<?xml version="1.0" encoding="UTF-8"?>
<testsuite xmlns:xsi="http://www.w3.org/2001/XMLSchema-instance" xsi:noNamespaceSchemaLocation="https://maven.apache.org/surefire/maven-surefire-plugin/xsd/surefire-test-report.xsd" name="org.apache.hadoop.ozone.freon.TestRandomKeyGenerator" time="130.747" tests="6" errors="1" skipped="0" failures="0">
  <properties>
    <property name="awt.toolkit" value="sun.awt.X11.XToolkit"/>
    <property name="file.encoding.pkg" value="sun.io"/>
    <property name="java.specification.version" value="1.8"/>
    <property name="sun.cpu.isalist" value=""/>
    <property name="sun.jnu.encoding" value="UTF-8"/>
    <property name="java.class.path" value="/workdir/hadoop-ozone/tools/target/test-classes:/workdir/hadoop-ozone/tools/target/classes:/home/user/.m2/repository/org/apache/hadoop/hadoop-ozone-ozone-manager/0.5.0-SNAPSHOT/hadoop-ozone-ozone-manager-0.5.0-SNAPSHOT.jar:/home/user/.m2/repository/org/apache/hadoop/hadoop-hdds-docs/0.5.0-SNAPSHOT/hadoop-hdds-docs-0.5.0-SNAPSHOT.jar:/home/user/.m2/repository/org/bouncycastle/bcprov-jdk15on/1.60/bcprov-jdk15on-1.60.jar:/home/user/.m2/repository/org/apache/hadoop/hadoop-ozone-common/0.5.0-SNAPSHOT/hadoop-ozone-common-0.5.0-SNAPSHOT.jar:/home/user/.m2/repository/org/apache/commons/commons-compress/1.4.1/commons-compress-1.4.1.jar:/home/user/.m2/repository/org/tukaani/xz/1.0/xz-1.0.jar:/home/user/.m2/repository/org/apache/hadoop/hadoop-hdfs-client/3.2.0/hadoop-hdfs-client-3.2.0.jar:/home/user/.m2/repository/com/fasterxml/jackson/core/jackson-annotations/2.9.5/jackson-annotations-2.9.5.jar:/home/user/.m2/repository/org/apache/hadoop/hadoop-hdds-common/0.5.0-SNAPSHOT/hadoop-hdds-common-0.5.0-SNAPSHOT.jar:/home/user/.m2/repository/org/apache/hadoop/hadoop-hdds-config/0.5.0-SNAPSHOT/hadoop-hdds-config-0.5.0-SNAPSHOT.jar:/home/user/.m2/repository/javax/annotation/javax.annotation-api/1.2/javax.annotation-api-1.2.jar:/home/user/.m2/repository/org/apache/ratis/ratis-server/0.4.0-2337318-SNAPSHOT/ratis-server-0.4.0-2337318-SNAPSHOT.jar:/home/user/.m2/repository/org/apache/ratis/ratis-thirdparty-misc/0.2.0/ratis-thirdparty-misc-0.2.0.jar:/home/user/.m2/repository/org/apache/ratis/ratis-proto/0.4.0-2337318-SNAPSHOT/ratis-proto-0.4.0-2337318-SNAPSHOT.jar:/home/user/.m2/repository/org/apache/ratis/ratis-common/0.4.0-2337318-SNAPSHOT/ratis-common-0.4.0-2337318-SNAPSHOT.jar:/home/user/.m2/repository/org/apache/ratis/ratis-client/0.4.0-2337318-SNAPSHOT/ratis-client-0.4.0-2337318-SNAPSHOT.jar:/home/user/.m2/repository/org/apache/ratis/ratis-metrics/0.4.0-2337318-SNAPSHOT/ratis-metrics-0.4.0-2337318-SNAPSHOT.jar:/home/user/.m2/repository/org/apache/ratis/ratis-netty/0.4.0-2337318-SNAPSHOT/ratis-netty-0.4.0-2337318-SNAPSHOT.jar:/home/user/.m2/repository/org/apache/ratis/ratis-grpc/0.4.0-2337318-SNAPSHOT/ratis-grpc-0.4.0-2337318-SNAPSHOT.jar:/home/user/.m2/repository/org/rocksdb/rocksdbjni/6.0.1/rocksdbjni-6.0.1.jar:/home/user/.m2/repository/org/apache/logging/log4j/log4j-api/2.11.0/log4j-api-2.11.0.jar:/home/user/.m2/repository/org/apache/logging/log4j/log4j-core/2.11.0/log4j-core-2.11.0.jar:/home/user/.m2/repository/com/lmax/disruptor/3.4.2/disruptor-3.4.2.jar:/home/user/.m2/repository/org/apache/commons/commons-pool2/2.6.0/commons-pool2-2.6.0.jar:/home/user/.m2/repository/org/bouncycastle/bcpkix-jdk15on/1.60/bcpkix-jdk15on-1.60.jar:/home/user/.m2/repository/commons-validator/commons-validator/1.6/commons-validator-1.6.jar:/home/user/.m2/repository/commons-digester/commons-digester/1.8.1/commons-digester-1.8.1.jar:/home/user/.m2/repository/io/jaegertracing/jaeger-client/0.33.1/jaeger-client-0.33.1.jar:/home/user/.m2/repository/io/jaegertracing/jaeger-thrift/0.33.1/jaeger-thrift-0.33.1.jar:/home/user/.m2/repository/org/apache/thrift/libthrift/0.11.0/libthrift-0.11.0.jar:/home/user/.m2/repository/com/squareup/okhttp3/okhttp/3.9.0/okhttp-3.9.0.jar:/home/user/.m2/repository/com/squareup/okio/okio/1.13.0/okio-1.13.0.jar:/home/user/.m2/repository/io/jaegertracing/jaeger-core/0.33.1/jaeger-core-0.33.1.jar:/home/user/.m2/repository/io/jaegertracing/jaeger-tracerresolver/0.33.1/jaeger-tracerresolver-0.33.1.jar:/home/user/.m2/repository/io/opentracing/contrib/opentracing-tracerresolver/0.1.5/opentracing-tracerresolver-0.1.5.jar:/home/user/.m2/repository/io/opentracing/opentracing-util/0.31.0/opentracing-util-0.31.0.jar:/home/user/.m2/repository/io/opentracing/opentracing-api/0.31.0/opentracing-api-0.31.0.jar:/home/user/.m2/repository/io/opentracing/opentracing-noop/0.31.0/opentracing-noop-0.31.0.jar:/home/user/.m2/repository/org/yaml/snakeyaml/1.16/snakeyaml-1.16.jar:/home/user/.m2/repository/org/apache/hadoop/hadoop-hdds-container-service/0.5.0-SNAPSHOT/hadoop-hdds-container-service-0.5.0-SNAPSHOT.jar:/home/user/.m2/repository/org/apache/hadoop/hadoop-hdds-client/0.5.0-SNAPSHOT/hadoop-hdds-client-0.5.0-SNAPSHOT.jar:/home/user/.m2/repository/org/apache/hadoop/hadoop-hdds-tools/0.5.0-SNAPSHOT/hadoop-hdds-tools-0.5.0-SNAPSHOT.jar:/home/user/.m2/repository/org/xerial/sqlite-jdbc/3.25.2/sqlite-jdbc-3.25.2.jar:/home/user/.m2/repository/org/apache/hadoop/hadoop-hdds-server-scm/0.5.0-SNAPSHOT/hadoop-hdds-server-scm-0.5.0-SNAPSHOT.jar:/home/user/.m2/repository/org/hamcrest/hamcrest-all/1.3/hamcrest-all-1.3.jar:/home/user/.m2/repository/info/picocli/picocli/3.9.6/picocli-3.9.6.jar:/home/user/.m2/repository/com/google/protobuf/protobuf-java/2.5.0/protobuf-java-2.5.0.jar:/home/user/.m2/repository/com/google/guava/guava/11.0.2/guava-11.0.2.jar:/home/user/.m2/repository/org/apache/hadoop/hadoop-ozone-client/0.5.0-SNAPSHOT/hadoop-ozone-client-0.5.0-SNAPSHOT.jar:/workdir/hadoop-ozone/ozonefs/target/classes:/home/user/.m2/repository/org/apache/hadoop/hadoop-hdds-server-framework/0.5.0-SNAPSHOT/hadoop-hdds-server-framework-0.5.0-SNAPSHOT.jar:/home/user/.m2/repository/org/apache/hadoop/hadoop-common/3.2.0/hadoop-common-3.2.0.jar:/home/user/.m2/repository/org/apache/hadoop/hadoop-annotations/3.2.0/hadoop-annotations-3.2.0.jar:/usr/lib/jvm/java-1.8-openjdk/jre/../lib/tools.jar:/home/user/.m2/repository/commons-cli/commons-cli/1.2/commons-cli-1.2.jar:/home/user/.m2/repository/org/apache/commons/commons-math3/3.1.1/commons-math3-3.1.1.jar:/home/user/.m2/repository/org/apache/httpcomponents/httpclient/4.5.2/httpclient-4.5.2.jar:/home/user/.m2/repository/org/apache/httpcomponents/httpcore/4.4.4/httpcore-4.4.4.jar:/home/user/.m2/repository/commons-codec/commons-codec/1.11/commons-codec-1.11.jar:/home/user/.m2/repository/commons-io/commons-io/2.5/commons-io-2.5.jar:/home/user/.m2/repository/commons-net/commons-net/3.6/commons-net-3.6.jar:/home/user/.m2/repository/commons-collections/commons-collections/3.2.2/commons-collections-3.2.2.jar:/home/user/.m2/repository/javax/servlet/javax.servlet-api/3.1.0/javax.servlet-api-3.1.0.jar:/home/user/.m2/repository/org/eclipse/jetty/jetty-server/9.3.24.v20180605/jetty-server-9.3.24.v20180605.jar:/home/user/.m2/repository/org/eclipse/jetty/jetty-http/9.3.24.v20180605/jetty-http-9.3.24.v20180605.jar:/home/user/.m2/repository/org/eclipse/jetty/jetty-io/9.3.24.v20180605/jetty-io-9.3.24.v20180605.jar:/home/user/.m2/repository/org/eclipse/jetty/jetty-util/9.3.24.v20180605/jetty-util-9.3.24.v20180605.jar:/home/user/.m2/repository/org/eclipse/jetty/jetty-servlet/9.3.24.v20180605/jetty-servlet-9.3.24.v20180605.jar:/home/user/.m2/repository/org/eclipse/jetty/jetty-security/9.3.24.v20180605/jetty-security-9.3.24.v20180605.jar:/home/user/.m2/repository/org/eclipse/jetty/jetty-webapp/9.3.24.v20180605/jetty-webapp-9.3.24.v20180605.jar:/home/user/.m2/repository/org/eclipse/jetty/jetty-xml/9.3.24.v20180605/jetty-xml-9.3.24.v20180605.jar:/home/user/.m2/repository/javax/servlet/jsp/jsp-api/2.1/jsp-api-2.1.jar:/home/user/.m2/repository/com/sun/jersey/jersey-core/1.19/jersey-core-1.19.jar:/home/user/.m2/repository/javax/ws/rs/jsr311-api/1.1.1/jsr311-api-1.1.1.jar:/home/user/.m2/repository/com/sun/jersey/jersey-servlet/1.19/jersey-servlet-1.19.jar:/home/user/.m2/repository/com/sun/jersey/jersey-json/1.19/jersey-json-1.19.jar:/home/user/.m2/repository/org/codehaus/jettison/jettison/1.1/jettison-1.1.jar:/home/user/.m2/repository/com/sun/xml/bind/jaxb-impl/2.3.0.1/jaxb-impl-2.3.0.1.jar:/home/user/.m2/repository/org/codehaus/jackson/jackson-core-asl/1.9.13/jackson-core-asl-1.9.13.jar:/home/user/.m2/repository/org/codehaus/jackson/jackson-mapper-asl/1.9.13/jackson-mapper-asl-1.9.13.jar:/home/user/.m2/repository/org/codehaus/jackson/jackson-jaxrs/1.9.13/jackson-jaxrs-1.9.13.jar:/home/user/.m2/repository/org/codehaus/jackson/jackson-xc/1.9.13/jackson-xc-1.9.13.jar:/home/user/.m2/repository/com/sun/jersey/jersey-server/1.19/jersey-server-1.19.jar:/home/user/.m2/repository/commons-logging/commons-logging/1.1.3/commons-logging-1.1.3.jar:/home/user/.m2/repository/log4j/log4j/1.2.17/log4j-1.2.17.jar:/home/user/.m2/repository/commons-beanutils/commons-beanutils/1.9.3/commons-beanutils-1.9.3.jar:/home/user/.m2/repository/org/apache/commons/commons-configuration2/2.1.1/commons-configuration2-2.1.1.jar:/home/user/.m2/repository/org/apache/commons/commons-lang3/3.7/commons-lang3-3.7.jar:/home/user/.m2/repository/org/apache/commons/commons-text/1.4/commons-text-1.4.jar:/home/user/.m2/repository/org/slf4j/slf4j-api/1.7.25/slf4j-api-1.7.25.jar:/home/user/.m2/repository/org/slf4j/slf4j-log4j12/1.7.25/slf4j-log4j12-1.7.25.jar:/home/user/.m2/repository/org/apache/avro/avro/1.7.7/avro-1.7.7.jar:/home/user/.m2/repository/com/thoughtworks/paranamer/paranamer/2.3/paranamer-2.3.jar:/home/user/.m2/repository/org/xerial/snappy/snappy-java/1.0.5/snappy-java-1.0.5.jar:/home/user/.m2/repository/com/google/re2j/re2j/1.1/re2j-1.1.jar:/home/user/.m2/repository/com/google/code/gson/gson/2.2.4/gson-2.2.4.jar:/home/user/.m2/repository/org/apache/hadoop/hadoop-auth/3.2.0/hadoop-auth-3.2.0.jar:/home/user/.m2/repository/com/nimbusds/nimbus-jose-jwt/4.41.1/nimbus-jose-jwt-4.41.1.jar:/home/user/.m2/repository/com/github/stephenc/jcip/jcip-annotations/1.0-1/jcip-annotations-1.0-1.jar:/home/user/.m2/repository/net/minidev/json-smart/2.3/json-smart-2.3.jar:/home/user/.m2/repository/net/minidev/accessors-smart/1.2/accessors-smart-1.2.jar:/home/user/.m2/repository/org/apache/curator/curator-framework/2.12.0/curator-framework-2.12.0.jar:/home/user/.m2/repository/com/jcraft/jsch/0.1.54/jsch-0.1.54.jar:/home/user/.m2/repository/org/apache/curator/curator-client/2.12.0/curator-client-2.12.0.jar:/home/user/.m2/repository/org/apache/curator/curator-recipes/2.12.0/curator-recipes-2.12.0.jar:/home/user/.m2/repository/com/google/code/findbugs/jsr305/3.0.0/jsr305-3.0.0.jar:/home/user/.m2/repository/org/apache/htrace/htrace-core4/4.1.0-incubating/htrace-core4-4.1.0-incubating.jar:/home/user/.m2/repository/org/apache/zookeeper/zookeeper/3.4.13/zookeeper-3.4.13.jar:/home/user/.m2/repository/org/apache/yetus/audience-annotations/0.5.0/audience-annotations-0.5.0.jar:/home/user/.m2/repository/org/apache/kerby/kerb-simplekdc/1.0.1/kerb-simplekdc-1.0.1.jar:/home/user/.m2/repository/org/apache/kerby/kerb-client/1.0.1/kerb-client-1.0.1.jar:/home/user/.m2/repository/org/apache/kerby/kerby-config/1.0.1/kerby-config-1.0.1.jar:/home/user/.m2/repository/org/apache/kerby/kerb-core/1.0.1/kerb-core-1.0.1.jar:/home/user/.m2/repository/org/apache/kerby/kerby-pkix/1.0.1/kerby-pkix-1.0.1.jar:/home/user/.m2/repository/org/apache/kerby/kerby-asn1/1.0.1/kerby-asn1-1.0.1.jar:/home/user/.m2/repository/org/apache/kerby/kerby-util/1.0.1/kerby-util-1.0.1.jar:/home/user/.m2/repository/org/apache/kerby/kerb-common/1.0.1/kerb-common-1.0.1.jar:/home/user/.m2/repository/org/apache/kerby/kerb-crypto/1.0.1/kerb-crypto-1.0.1.jar:/home/user/.m2/repository/org/apache/kerby/kerb-util/1.0.1/kerb-util-1.0.1.jar:/home/user/.m2/repository/org/apache/kerby/token-provider/1.0.1/token-provider-1.0.1.jar:/home/user/.m2/repository/org/apache/kerby/kerb-admin/1.0.1/kerb-admin-1.0.1.jar:/home/user/.m2/repository/org/apache/kerby/kerb-server/1.0.1/kerb-server-1.0.1.jar:/home/user/.m2/repository/org/apache/kerby/kerb-identity/1.0.1/kerb-identity-1.0.1.jar:/home/user/.m2/repository/org/apache/kerby/kerby-xdr/1.0.1/kerby-xdr-1.0.1.jar:/home/user/.m2/repository/com/fasterxml/jackson/core/jackson-databind/2.9.5/jackson-databind-2.9.5.jar:/home/user/.m2/repository/com/fasterxml/jackson/core/jackson-core/2.9.5/jackson-core-2.9.5.jar:/home/user/.m2/repository/org/codehaus/woodstox/stax2-api/3.1.4/stax2-api-3.1.4.jar:/home/user/.m2/repository/com/fasterxml/woodstox/woodstox-core/5.0.3/woodstox-core-5.0.3.jar:/home/user/.m2/repository/dnsjava/dnsjava/2.1.7/dnsjava-2.1.7.jar:/home/user/.m2/repository/org/apache/hadoop/hadoop-hdfs/3.2.0/hadoop-hdfs-3.2.0.jar:/home/user/.m2/repository/org/eclipse/jetty/jetty-util-ajax/9.3.24.v20180605/jetty-util-ajax-9.3.24.v20180605.jar:/home/user/.m2/repository/commons-daemon/commons-daemon/1.0.13/commons-daemon-1.0.13.jar:/home/user/.m2/repository/io/netty/netty/3.10.5.Final/netty-3.10.5.Final.jar:/home/user/.m2/repository/io/netty/netty-all/4.0.52.Final/netty-all-4.0.52.Final.jar:/home/user/.m2/repository/org/fusesource/leveldbjni/leveldbjni-all/1.8/leveldbjni-all-1.8.jar:/home/user/.m2/repository/com/sun/xml/bind/jaxb-core/2.3.0.1/jaxb-core-2.3.0.1.jar:/home/user/.m2/repository/javax/xml/bind/jaxb-api/2.3.0/jaxb-api-2.3.0.jar:/home/user/.m2/repository/javax/activation/activation/1.1.1/activation-1.1.1.jar:/home/user/.m2/repository/io/dropwizard/metrics/metrics-core/3.2.4/metrics-core-3.2.4.jar:/home/user/.m2/repository/org/openjdk/jmh/jmh-core/1.19/jmh-core-1.19.jar:/home/user/.m2/repository/net/sf/jopt-simple/jopt-simple/4.6/jopt-simple-4.6.jar:/home/user/.m2/repository/org/openjdk/jmh/jmh-generator-annprocess/1.19/jmh-generator-annprocess-1.19.jar:/home/user/.m2/repository/com/google/code/findbugs/findbugs/3.0.1/findbugs-3.0.1.jar:/home/user/.m2/repository/net/jcip/jcip-annotations/1.0/jcip-annotations-1.0.jar:/home/user/.m2/repository/com/google/code/findbugs/bcel-findbugs/6.0/bcel-findbugs-6.0.jar:/home/user/.m2/repository/com/google/code/findbugs/jFormatString/2.0.1/jFormatString-2.0.1.jar:/home/user/.m2/repository/dom4j/dom4j/1.6.1/dom4j-1.6.1.jar:/home/user/.m2/repository/xml-apis/xml-apis/1.0.b2/xml-apis-1.0.b2.jar:/home/user/.m2/repository/org/ow2/asm/asm-debug-all/5.0.2/asm-debug-all-5.0.2.jar:/home/user/.m2/repository/org/ow2/asm/asm-commons/5.0.2/asm-commons-5.0.2.jar:/home/user/.m2/repository/org/ow2/asm/asm-tree/5.0.2/asm-tree-5.0.2.jar:/home/user/.m2/repository/org/ow2/asm/asm/5.0.4/asm-5.0.4.jar:/home/user/.m2/repository/commons-lang/commons-lang/2.6/commons-lang-2.6.jar:/home/user/.m2/repository/com/apple/AppleJavaExtensions/1.4/AppleJavaExtensions-1.4.jar:/home/user/.m2/repository/jaxen/jaxen/1.1.6/jaxen-1.1.6.jar:/home/user/.m2/repository/junit/junit/4.11/junit-4.11.jar:/home/user/.m2/repository/org/hamcrest/hamcrest-core/1.3/hamcrest-core-1.3.jar:/home/user/.m2/repository/org/apache/hadoop/hadoop-common/3.2.0/hadoop-common-3.2.0-tests.jar:/workdir/hadoop-ozone/integration-test/target/test-classes:/home/user/.m2/repository/org/apache/hadoop/hadoop-ozone-objectstore-service/0.5.0-SNAPSHOT/hadoop-ozone-objectstore-service-0.5.0-SNAPSHOT.jar:/home/user/.m2/repository/org/apache/hadoop/hadoop-ozone-s3gateway/0.5.0-SNAPSHOT/hadoop-ozone-s3gateway-0.5.0-SNAPSHOT.jar:/home/user/.m2/repository/org/jboss/weld/servlet/weld-servlet/2.4.7.Final/weld-servlet-2.4.7.Final.jar:/home/user/.m2/repository/org/glassfish/jersey/containers/jersey-container-servlet-core/2.27/jersey-container-servlet-core-2.27.jar:/home/user/.m2/repository/org/glassfish/hk2/external/javax.inject/2.5.0-b42/javax.inject-2.5.0-b42.jar:/home/user/.m2/repository/org/glassfish/jersey/core/jersey-common/2.27/jersey-common-2.27.jar:/home/user/.m2/repository/org/glassfish/hk2/osgi-resource-locator/1.0.1/osgi-resource-locator-1.0.1.jar:/home/user/.m2/repository/javax/ws/rs/javax.ws.rs-api/2.1/javax.ws.rs-api-2.1.jar:/home/user/.m2/repository/org/glassfish/jersey/ext/cdi/jersey-cdi1x/2.27/jersey-cdi1x-2.27.jar:/home/user/.m2/repository/org/glassfish/jersey/inject/jersey-hk2/2.27/jersey-hk2-2.27.jar:/home/user/.m2/repository/org/glassfish/hk2/hk2-locator/2.5.0-b42/hk2-locator-2.5.0-b42.jar:/home/user/.m2/repository/org/javassist/javassist/3.22.0-CR2/javassist-3.22.0-CR2.jar:/home/user/.m2/repository/org/glassfish/hk2/hk2-api/2.5.0/hk2-api-2.5.0.jar:/home/user/.m2/repository/org/glassfish/hk2/external/jakarta.inject/2.5.0/jakarta.inject-2.5.0.jar:/home/user/.m2/repository/org/glassfish/hk2/hk2-utils/2.5.0/hk2-utils-2.5.0.jar:/home/user/.m2/repository/jakarta/annotation/jakarta.annotation-api/1.3.4/jakarta.annotation-api-1.3.4.jar:/home/user/.m2/repository/org/glassfish/hk2/external/aopalliance-repackaged/2.5.0/aopalliance-repackaged-2.5.0.jar:/home/user/.m2/repository/com/fasterxml/jackson/dataformat/jackson-dataformat-xml/2.9.0/jackson-dataformat-xml-2.9.0.jar:/home/user/.m2/repository/com/fasterxml/jackson/module/jackson-module-jaxb-annotations/2.9.5/jackson-module-jaxb-annotations-2.9.5.jar:/home/user/.m2/repository/javax/enterprise/cdi-api/1.2/cdi-api-1.2.jar:/home/user/.m2/repository/javax/el/javax.el-api/3.0.0/javax.el-api-3.0.0.jar:/home/user/.m2/repository/javax/interceptor/javax.interceptor-api/1.2/javax.interceptor-api-1.2.jar:/home/user/.m2/repository/javax/inject/javax.inject/1/javax.inject-1.jar:/home/user/.m2/repository/org/apache/hadoop/hadoop-ozone-csi/0.5.0-SNAPSHOT/hadoop-ozone-csi-0.5.0-SNAPSHOT.jar:/home/user/.m2/repository/com/google/protobuf/protobuf-java-util/3.5.1/protobuf-java-util-3.5.1.jar:/home/user/.m2/repository/io/grpc/grpc-netty/1.17.1/grpc-netty-1.17.1.jar:/home/user/.m2/repository/io/grpc/grpc-core/1.17.1/grpc-core-1.17.1.jar:/home/user/.m2/repository/io/grpc/grpc-context/1.17.1/grpc-context-1.17.1.jar:/home/user/.m2/repository/com/google/errorprone/error_prone_annotations/2.2.0/error_prone_annotations-2.2.0.jar:/home/user/.m2/repository/org/codehaus/mojo/animal-sniffer-annotations/1.17/animal-sniffer-annotations-1.17.jar:/home/user/.m2/repository/io/opencensus/opencensus-api/0.17.0/opencensus-api-0.17.0.jar:/home/user/.m2/repository/io/opencensus/opencensus-contrib-grpc-metrics/0.17.0/opencensus-contrib-grpc-metrics-0.17.0.jar:/home/user/.m2/repository/io/netty/netty-codec-http2/4.1.30.Final/netty-codec-http2-4.1.30.Final.jar:/home/user/.m2/repository/io/netty/netty-codec-http/4.1.30.Final/netty-codec-http-4.1.30.Final.jar:/home/user/.m2/repository/io/netty/netty-codec/4.1.30.Final/netty-codec-4.1.30.Final.jar:/home/user/.m2/repository/io/netty/netty-handler/4.1.30.Final/netty-handler-4.1.30.Final.jar:/home/user/.m2/repository/io/netty/netty-handler-proxy/4.1.30.Final/netty-handler-proxy-4.1.30.Final.jar:/home/user/.m2/repository/io/netty/netty-codec-socks/4.1.30.Final/netty-codec-socks-4.1.30.Final.jar:/home/user/.m2/repository/io/netty/netty-transport-native-epoll/4.1.30.Final/netty-transport-native-epoll-4.1.30.Final.jar:/home/user/.m2/repository/io/netty/netty-common/4.1.30.Final/netty-common-4.1.30.Final.jar:/home/user/.m2/repository/io/netty/netty-buffer/4.1.30.Final/netty-buffer-4.1.30.Final.jar:/home/user/.m2/repository/io/netty/netty-transport/4.1.30.Final/netty-transport-4.1.30.Final.jar:/home/user/.m2/repository/io/netty/netty-resolver/4.1.30.Final/netty-resolver-4.1.30.Final.jar:/home/user/.m2/repository/io/netty/netty-transport-native-unix-common/4.1.30.Final/netty-transport-native-unix-common-4.1.30.Final.jar:/home/user/.m2/repository/io/grpc/grpc-protobuf/1.17.1/grpc-protobuf-1.17.1.jar:/home/user/.m2/repository/com/google/api/grpc/proto-google-common-protos/1.0.0/proto-google-common-protos-1.0.0.jar:/home/user/.m2/repository/io/grpc/grpc-protobuf-lite/1.17.1/grpc-protobuf-lite-1.17.1.jar:/home/user/.m2/repository/io/grpc/grpc-stub/1.17.1/grpc-stub-1.17.1.jar:/home/user/.m2/repository/org/apache/hadoop/hadoop-ozone-recon/0.5.0-SNAPSHOT/hadoop-ozone-recon-0.5.0-SNAPSHOT.jar:/home/user/.m2/repository/org/apache/hadoop/hadoop-ozone-reconcodegen/0.5.0-SNAPSHOT/hadoop-ozone-reconcodegen-0.5.0-SNAPSHOT.jar:/home/user/.m2/repository/com/google/inject/extensions/guice-multibindings/4.0/guice-multibindings-4.0.jar:/home/user/.m2/repository/com/google/inject/guice/4.0/guice-4.0.jar:/home/user/.m2/repository/aopalliance/aopalliance/1.0/aopalliance-1.0.jar:/home/user/.m2/repository/com/google/inject/extensions/guice-servlet/4.0/guice-servlet-4.0.jar:/home/user/.m2/repository/org/glassfish/jersey/containers/jersey-container-servlet/2.27/jersey-container-servlet-2.27.jar:/home/user/.m2/repository/org/glassfish/hk2/guice-bridge/2.5.0/guice-bridge-2.5.0.jar:/home/user/.m2/repository/org/glassfish/jersey/core/jersey-server/2.27/jersey-server-2.27.jar:/home/user/.m2/repository/org/glassfish/jersey/core/jersey-client/2.27/jersey-client-2.27.jar:/home/user/.m2/repository/org/glassfish/jersey/media/jersey-media-jaxb/2.27/jersey-media-jaxb-2.27.jar:/home/user/.m2/repository/javax/validation/validation-api/1.1.0.Final/validation-api-1.1.0.Final.jar:/home/user/.m2/repository/org/glassfish/jersey/media/jersey-media-json-jackson/2.27/jersey-media-json-jackson-2.27.jar:/home/user/.m2/repository/org/glassfish/jersey/ext/jersey-entity-filtering/2.27/jersey-entity-filtering-2.27.jar:/home/user/.m2/repository/com/google/inject/extensions/guice-assistedinject/4.0/guice-assistedinject-4.0.jar:/home/user/.m2/repository/org/jooq/jooq/3.11.10/jooq-3.11.10.jar:/home/user/.m2/repository/org/jooq/jooq-meta/3.11.10/jooq-meta-3.11.10.jar:/home/user/.m2/repository/org/jooq/jooq-codegen/3.11.10/jooq-codegen-3.11.10.jar:/home/user/.m2/repository/com/jolbox/bonecp/0.8.0.RELEASE/bonecp-0.8.0.RELEASE.jar:/home/user/.m2/repository/org/springframework/spring-jdbc/5.1.3.RELEASE/spring-jdbc-5.1.3.RELEASE.jar:/home/user/.m2/repository/org/springframework/spring-beans/5.1.3.RELEASE/spring-beans-5.1.3.RELEASE.jar:/home/user/.m2/repository/org/springframework/spring-core/5.1.3.RELEASE/spring-core-5.1.3.RELEASE.jar:/home/user/.m2/repository/org/springframework/spring-jcl/5.1.3.RELEASE/spring-jcl-5.1.3.RELEASE.jar:/home/user/.m2/repository/org/springframework/spring-tx/5.1.3.RELEASE/spring-tx-5.1.3.RELEASE.jar:/home/user/.m2/repository/org/mockito/mockito-core/2.15.0/mockito-core-2.15.0.jar:/home/user/.m2/repository/net/bytebuddy/byte-buddy/1.7.9/byte-buddy-1.7.9.jar:/home/user/.m2/repository/net/bytebuddy/byte-buddy-agent/1.7.9/byte-buddy-agent-1.7.9.jar:/home/user/.m2/repository/org/objenesis/objenesis/1.0/objenesis-1.0.jar:"/>
    <property name="java.vm.vendor" value="IcedTea"/>
    <property name="sun.arch.data.model" value="64"/>
    <property name="test.build.dir" value="/workdir/hadoop-ozone/tools/target/test-dir"/>
    <property name="test.cache.data" value=""/>
    <property name="java.vendor.url" value="https://icedtea.classpath.org"/>
    <property name="user.timezone" value=""/>
    <property name="java.vm.specification.version" value="1.8"/>
    <property name="os.name" value="Linux"/>
    <property name="test.build.data" value="/workdir/hadoop-ozone/tools/target/test-dir"/>
    <property name="user.country" value="US"/>
    <property name="sun.java.launcher" value="SUN_STANDARD"/>
    <property name="sun.boot.library.path" value="/usr/lib/jvm/java-1.8-openjdk/jre/lib/amd64"/>
    <property name="sun.java.command" value="/workdir/hadoop-ozone/tools/target/surefire/surefirebooter3174102371098859420.jar /workdir/hadoop-ozone/tools/target/surefire 2019-08-23T05-14-45_962-jvmRun1 surefire7594504137247166278tmp surefire_1216995688633859483393tmp"/>
    <property name="test" value="!TestMiniChaosOzoneCluster"/>
    <property name="surefire.test.class.path" value="/workdir/hadoop-ozone/tools/target/test-classes:/workdir/hadoop-ozone/tools/target/classes:/home/user/.m2/repository/org/apache/hadoop/hadoop-ozone-ozone-manager/0.5.0-SNAPSHOT/hadoop-ozone-ozone-manager-0.5.0-SNAPSHOT.jar:/home/user/.m2/repository/org/apache/hadoop/hadoop-hdds-docs/0.5.0-SNAPSHOT/hadoop-hdds-docs-0.5.0-SNAPSHOT.jar:/home/user/.m2/repository/org/bouncycastle/bcprov-jdk15on/1.60/bcprov-jdk15on-1.60.jar:/home/user/.m2/repository/org/apache/hadoop/hadoop-ozone-common/0.5.0-SNAPSHOT/hadoop-ozone-common-0.5.0-SNAPSHOT.jar:/home/user/.m2/repository/org/apache/commons/commons-compress/1.4.1/commons-compress-1.4.1.jar:/home/user/.m2/repository/org/tukaani/xz/1.0/xz-1.0.jar:/home/user/.m2/repository/org/apache/hadoop/hadoop-hdfs-client/3.2.0/hadoop-hdfs-client-3.2.0.jar:/home/user/.m2/repository/com/fasterxml/jackson/core/jackson-annotations/2.9.5/jackson-annotations-2.9.5.jar:/home/user/.m2/repository/org/apache/hadoop/hadoop-hdds-common/0.5.0-SNAPSHOT/hadoop-hdds-common-0.5.0-SNAPSHOT.jar:/home/user/.m2/repository/org/apache/hadoop/hadoop-hdds-config/0.5.0-SNAPSHOT/hadoop-hdds-config-0.5.0-SNAPSHOT.jar:/home/user/.m2/repository/javax/annotation/javax.annotation-api/1.2/javax.annotation-api-1.2.jar:/home/user/.m2/repository/org/apache/ratis/ratis-server/0.4.0-2337318-SNAPSHOT/ratis-server-0.4.0-2337318-SNAPSHOT.jar:/home/user/.m2/repository/org/apache/ratis/ratis-thirdparty-misc/0.2.0/ratis-thirdparty-misc-0.2.0.jar:/home/user/.m2/repository/org/apache/ratis/ratis-proto/0.4.0-2337318-SNAPSHOT/ratis-proto-0.4.0-2337318-SNAPSHOT.jar:/home/user/.m2/repository/org/apache/ratis/ratis-common/0.4.0-2337318-SNAPSHOT/ratis-common-0.4.0-2337318-SNAPSHOT.jar:/home/user/.m2/repository/org/apache/ratis/ratis-client/0.4.0-2337318-SNAPSHOT/ratis-client-0.4.0-2337318-SNAPSHOT.jar:/home/user/.m2/repository/org/apache/ratis/ratis-metrics/0.4.0-2337318-SNAPSHOT/ratis-metrics-0.4.0-2337318-SNAPSHOT.jar:/home/user/.m2/repository/org/apache/ratis/ratis-netty/0.4.0-2337318-SNAPSHOT/ratis-netty-0.4.0-2337318-SNAPSHOT.jar:/home/user/.m2/repository/org/apache/ratis/ratis-grpc/0.4.0-2337318-SNAPSHOT/ratis-grpc-0.4.0-2337318-SNAPSHOT.jar:/home/user/.m2/repository/org/rocksdb/rocksdbjni/6.0.1/rocksdbjni-6.0.1.jar:/home/user/.m2/repository/org/apache/logging/log4j/log4j-api/2.11.0/log4j-api-2.11.0.jar:/home/user/.m2/repository/org/apache/logging/log4j/log4j-core/2.11.0/log4j-core-2.11.0.jar:/home/user/.m2/repository/com/lmax/disruptor/3.4.2/disruptor-3.4.2.jar:/home/user/.m2/repository/org/apache/commons/commons-pool2/2.6.0/commons-pool2-2.6.0.jar:/home/user/.m2/repository/org/bouncycastle/bcpkix-jdk15on/1.60/bcpkix-jdk15on-1.60.jar:/home/user/.m2/repository/commons-validator/commons-validator/1.6/commons-validator-1.6.jar:/home/user/.m2/repository/commons-digester/commons-digester/1.8.1/commons-digester-1.8.1.jar:/home/user/.m2/repository/io/jaegertracing/jaeger-client/0.33.1/jaeger-client-0.33.1.jar:/home/user/.m2/repository/io/jaegertracing/jaeger-thrift/0.33.1/jaeger-thrift-0.33.1.jar:/home/user/.m2/repository/org/apache/thrift/libthrift/0.11.0/libthrift-0.11.0.jar:/home/user/.m2/repository/com/squareup/okhttp3/okhttp/3.9.0/okhttp-3.9.0.jar:/home/user/.m2/repository/com/squareup/okio/okio/1.13.0/okio-1.13.0.jar:/home/user/.m2/repository/io/jaegertracing/jaeger-core/0.33.1/jaeger-core-0.33.1.jar:/home/user/.m2/repository/io/jaegertracing/jaeger-tracerresolver/0.33.1/jaeger-tracerresolver-0.33.1.jar:/home/user/.m2/repository/io/opentracing/contrib/opentracing-tracerresolver/0.1.5/opentracing-tracerresolver-0.1.5.jar:/home/user/.m2/repository/io/opentracing/opentracing-util/0.31.0/opentracing-util-0.31.0.jar:/home/user/.m2/repository/io/opentracing/opentracing-api/0.31.0/opentracing-api-0.31.0.jar:/home/user/.m2/repository/io/opentracing/opentracing-noop/0.31.0/opentracing-noop-0.31.0.jar:/home/user/.m2/repository/org/yaml/snakeyaml/1.16/snakeyaml-1.16.jar:/home/user/.m2/repository/org/apache/hadoop/hadoop-hdds-container-service/0.5.0-SNAPSHOT/hadoop-hdds-container-service-0.5.0-SNAPSHOT.jar:/home/user/.m2/repository/org/apache/hadoop/hadoop-hdds-client/0.5.0-SNAPSHOT/hadoop-hdds-client-0.5.0-SNAPSHOT.jar:/home/user/.m2/repository/org/apache/hadoop/hadoop-hdds-tools/0.5.0-SNAPSHOT/hadoop-hdds-tools-0.5.0-SNAPSHOT.jar:/home/user/.m2/repository/org/xerial/sqlite-jdbc/3.25.2/sqlite-jdbc-3.25.2.jar:/home/user/.m2/repository/org/apache/hadoop/hadoop-hdds-server-scm/0.5.0-SNAPSHOT/hadoop-hdds-server-scm-0.5.0-SNAPSHOT.jar:/home/user/.m2/repository/org/hamcrest/hamcrest-all/1.3/hamcrest-all-1.3.jar:/home/user/.m2/repository/info/picocli/picocli/3.9.6/picocli-3.9.6.jar:/home/user/.m2/repository/com/google/protobuf/protobuf-java/2.5.0/protobuf-java-2.5.0.jar:/home/user/.m2/repository/com/google/guava/guava/11.0.2/guava-11.0.2.jar:/home/user/.m2/repository/org/apache/hadoop/hadoop-ozone-client/0.5.0-SNAPSHOT/hadoop-ozone-client-0.5.0-SNAPSHOT.jar:/workdir/hadoop-ozone/ozonefs/target/classes:/home/user/.m2/repository/org/apache/hadoop/hadoop-hdds-server-framework/0.5.0-SNAPSHOT/hadoop-hdds-server-framework-0.5.0-SNAPSHOT.jar:/home/user/.m2/repository/org/apache/hadoop/hadoop-common/3.2.0/hadoop-common-3.2.0.jar:/home/user/.m2/repository/org/apache/hadoop/hadoop-annotations/3.2.0/hadoop-annotations-3.2.0.jar:/usr/lib/jvm/java-1.8-openjdk/jre/../lib/tools.jar:/home/user/.m2/repository/commons-cli/commons-cli/1.2/commons-cli-1.2.jar:/home/user/.m2/repository/org/apache/commons/commons-math3/3.1.1/commons-math3-3.1.1.jar:/home/user/.m2/repository/org/apache/httpcomponents/httpclient/4.5.2/httpclient-4.5.2.jar:/home/user/.m2/repository/org/apache/httpcomponents/httpcore/4.4.4/httpcore-4.4.4.jar:/home/user/.m2/repository/commons-codec/commons-codec/1.11/commons-codec-1.11.jar:/home/user/.m2/repository/commons-io/commons-io/2.5/commons-io-2.5.jar:/home/user/.m2/repository/commons-net/commons-net/3.6/commons-net-3.6.jar:/home/user/.m2/repository/commons-collections/commons-collections/3.2.2/commons-collections-3.2.2.jar:/home/user/.m2/repository/javax/servlet/javax.servlet-api/3.1.0/javax.servlet-api-3.1.0.jar:/home/user/.m2/repository/org/eclipse/jetty/jetty-server/9.3.24.v20180605/jetty-server-9.3.24.v20180605.jar:/home/user/.m2/repository/org/eclipse/jetty/jetty-http/9.3.24.v20180605/jetty-http-9.3.24.v20180605.jar:/home/user/.m2/repository/org/eclipse/jetty/jetty-io/9.3.24.v20180605/jetty-io-9.3.24.v20180605.jar:/home/user/.m2/repository/org/eclipse/jetty/jetty-util/9.3.24.v20180605/jetty-util-9.3.24.v20180605.jar:/home/user/.m2/repository/org/eclipse/jetty/jetty-servlet/9.3.24.v20180605/jetty-servlet-9.3.24.v20180605.jar:/home/user/.m2/repository/org/eclipse/jetty/jetty-security/9.3.24.v20180605/jetty-security-9.3.24.v20180605.jar:/home/user/.m2/repository/org/eclipse/jetty/jetty-webapp/9.3.24.v20180605/jetty-webapp-9.3.24.v20180605.jar:/home/user/.m2/repository/org/eclipse/jetty/jetty-xml/9.3.24.v20180605/jetty-xml-9.3.24.v20180605.jar:/home/user/.m2/repository/javax/servlet/jsp/jsp-api/2.1/jsp-api-2.1.jar:/home/user/.m2/repository/com/sun/jersey/jersey-core/1.19/jersey-core-1.19.jar:/home/user/.m2/repository/javax/ws/rs/jsr311-api/1.1.1/jsr311-api-1.1.1.jar:/home/user/.m2/repository/com/sun/jersey/jersey-servlet/1.19/jersey-servlet-1.19.jar:/home/user/.m2/repository/com/sun/jersey/jersey-json/1.19/jersey-json-1.19.jar:/home/user/.m2/repository/org/codehaus/jettison/jettison/1.1/jettison-1.1.jar:/home/user/.m2/repository/com/sun/xml/bind/jaxb-impl/2.3.0.1/jaxb-impl-2.3.0.1.jar:/home/user/.m2/repository/org/codehaus/jackson/jackson-core-asl/1.9.13/jackson-core-asl-1.9.13.jar:/home/user/.m2/repository/org/codehaus/jackson/jackson-mapper-asl/1.9.13/jackson-mapper-asl-1.9.13.jar:/home/user/.m2/repository/org/codehaus/jackson/jackson-jaxrs/1.9.13/jackson-jaxrs-1.9.13.jar:/home/user/.m2/repository/org/codehaus/jackson/jackson-xc/1.9.13/jackson-xc-1.9.13.jar:/home/user/.m2/repository/com/sun/jersey/jersey-server/1.19/jersey-server-1.19.jar:/home/user/.m2/repository/commons-logging/commons-logging/1.1.3/commons-logging-1.1.3.jar:/home/user/.m2/repository/log4j/log4j/1.2.17/log4j-1.2.17.jar:/home/user/.m2/repository/commons-beanutils/commons-beanutils/1.9.3/commons-beanutils-1.9.3.jar:/home/user/.m2/repository/org/apache/commons/commons-configuration2/2.1.1/commons-configuration2-2.1.1.jar:/home/user/.m2/repository/org/apache/commons/commons-lang3/3.7/commons-lang3-3.7.jar:/home/user/.m2/repository/org/apache/commons/commons-text/1.4/commons-text-1.4.jar:/home/user/.m2/repository/org/slf4j/slf4j-api/1.7.25/slf4j-api-1.7.25.jar:/home/user/.m2/repository/org/slf4j/slf4j-log4j12/1.7.25/slf4j-log4j12-1.7.25.jar:/home/user/.m2/repository/org/apache/avro/avro/1.7.7/avro-1.7.7.jar:/home/user/.m2/repository/com/thoughtworks/paranamer/paranamer/2.3/paranamer-2.3.jar:/home/user/.m2/repository/org/xerial/snappy/snappy-java/1.0.5/snappy-java-1.0.5.jar:/home/user/.m2/repository/com/google/re2j/re2j/1.1/re2j-1.1.jar:/home/user/.m2/repository/com/google/code/gson/gson/2.2.4/gson-2.2.4.jar:/home/user/.m2/repository/org/apache/hadoop/hadoop-auth/3.2.0/hadoop-auth-3.2.0.jar:/home/user/.m2/repository/com/nimbusds/nimbus-jose-jwt/4.41.1/nimbus-jose-jwt-4.41.1.jar:/home/user/.m2/repository/com/github/stephenc/jcip/jcip-annotations/1.0-1/jcip-annotations-1.0-1.jar:/home/user/.m2/repository/net/minidev/json-smart/2.3/json-smart-2.3.jar:/home/user/.m2/repository/net/minidev/accessors-smart/1.2/accessors-smart-1.2.jar:/home/user/.m2/repository/org/apache/curator/curator-framework/2.12.0/curator-framework-2.12.0.jar:/home/user/.m2/repository/com/jcraft/jsch/0.1.54/jsch-0.1.54.jar:/home/user/.m2/repository/org/apache/curator/curator-client/2.12.0/curator-client-2.12.0.jar:/home/user/.m2/repository/org/apache/curator/curator-recipes/2.12.0/curator-recipes-2.12.0.jar:/home/user/.m2/repository/com/google/code/findbugs/jsr305/3.0.0/jsr305-3.0.0.jar:/home/user/.m2/repository/org/apache/htrace/htrace-core4/4.1.0-incubating/htrace-core4-4.1.0-incubating.jar:/home/user/.m2/repository/org/apache/zookeeper/zookeeper/3.4.13/zookeeper-3.4.13.jar:/home/user/.m2/repository/org/apache/yetus/audience-annotations/0.5.0/audience-annotations-0.5.0.jar:/home/user/.m2/repository/org/apache/kerby/kerb-simplekdc/1.0.1/kerb-simplekdc-1.0.1.jar:/home/user/.m2/repository/org/apache/kerby/kerb-client/1.0.1/kerb-client-1.0.1.jar:/home/user/.m2/repository/org/apache/kerby/kerby-config/1.0.1/kerby-config-1.0.1.jar:/home/user/.m2/repository/org/apache/kerby/kerb-core/1.0.1/kerb-core-1.0.1.jar:/home/user/.m2/repository/org/apache/kerby/kerby-pkix/1.0.1/kerby-pkix-1.0.1.jar:/home/user/.m2/repository/org/apache/kerby/kerby-asn1/1.0.1/kerby-asn1-1.0.1.jar:/home/user/.m2/repository/org/apache/kerby/kerby-util/1.0.1/kerby-util-1.0.1.jar:/home/user/.m2/repository/org/apache/kerby/kerb-common/1.0.1/kerb-common-1.0.1.jar:/home/user/.m2/repository/org/apache/kerby/kerb-crypto/1.0.1/kerb-crypto-1.0.1.jar:/home/user/.m2/repository/org/apache/kerby/kerb-util/1.0.1/kerb-util-1.0.1.jar:/home/user/.m2/repository/org/apache/kerby/token-provider/1.0.1/token-provider-1.0.1.jar:/home/user/.m2/repository/org/apache/kerby/kerb-admin/1.0.1/kerb-admin-1.0.1.jar:/home/user/.m2/repository/org/apache/kerby/kerb-server/1.0.1/kerb-server-1.0.1.jar:/home/user/.m2/repository/org/apache/kerby/kerb-identity/1.0.1/kerb-identity-1.0.1.jar:/home/user/.m2/repository/org/apache/kerby/kerby-xdr/1.0.1/kerby-xdr-1.0.1.jar:/home/user/.m2/repository/com/fasterxml/jackson/core/jackson-databind/2.9.5/jackson-databind-2.9.5.jar:/home/user/.m2/repository/com/fasterxml/jackson/core/jackson-core/2.9.5/jackson-core-2.9.5.jar:/home/user/.m2/repository/org/codehaus/woodstox/stax2-api/3.1.4/stax2-api-3.1.4.jar:/home/user/.m2/repository/com/fasterxml/woodstox/woodstox-core/5.0.3/woodstox-core-5.0.3.jar:/home/user/.m2/repository/dnsjava/dnsjava/2.1.7/dnsjava-2.1.7.jar:/home/user/.m2/repository/org/apache/hadoop/hadoop-hdfs/3.2.0/hadoop-hdfs-3.2.0.jar:/home/user/.m2/repository/org/eclipse/jetty/jetty-util-ajax/9.3.24.v20180605/jetty-util-ajax-9.3.24.v20180605.jar:/home/user/.m2/repository/commons-daemon/commons-daemon/1.0.13/commons-daemon-1.0.13.jar:/home/user/.m2/repository/io/netty/netty/3.10.5.Final/netty-3.10.5.Final.jar:/home/user/.m2/repository/io/netty/netty-all/4.0.52.Final/netty-all-4.0.52.Final.jar:/home/user/.m2/repository/org/fusesource/leveldbjni/leveldbjni-all/1.8/leveldbjni-all-1.8.jar:/home/user/.m2/repository/com/sun/xml/bind/jaxb-core/2.3.0.1/jaxb-core-2.3.0.1.jar:/home/user/.m2/repository/javax/xml/bind/jaxb-api/2.3.0/jaxb-api-2.3.0.jar:/home/user/.m2/repository/javax/activation/activation/1.1.1/activation-1.1.1.jar:/home/user/.m2/repository/io/dropwizard/metrics/metrics-core/3.2.4/metrics-core-3.2.4.jar:/home/user/.m2/repository/org/openjdk/jmh/jmh-core/1.19/jmh-core-1.19.jar:/home/user/.m2/repository/net/sf/jopt-simple/jopt-simple/4.6/jopt-simple-4.6.jar:/home/user/.m2/repository/org/openjdk/jmh/jmh-generator-annprocess/1.19/jmh-generator-annprocess-1.19.jar:/home/user/.m2/repository/com/google/code/findbugs/findbugs/3.0.1/findbugs-3.0.1.jar:/home/user/.m2/repository/net/jcip/jcip-annotations/1.0/jcip-annotations-1.0.jar:/home/user/.m2/repository/com/google/code/findbugs/bcel-findbugs/6.0/bcel-findbugs-6.0.jar:/home/user/.m2/repository/com/google/code/findbugs/jFormatString/2.0.1/jFormatString-2.0.1.jar:/home/user/.m2/repository/dom4j/dom4j/1.6.1/dom4j-1.6.1.jar:/home/user/.m2/repository/xml-apis/xml-apis/1.0.b2/xml-apis-1.0.b2.jar:/home/user/.m2/repository/org/ow2/asm/asm-debug-all/5.0.2/asm-debug-all-5.0.2.jar:/home/user/.m2/repository/org/ow2/asm/asm-commons/5.0.2/asm-commons-5.0.2.jar:/home/user/.m2/repository/org/ow2/asm/asm-tree/5.0.2/asm-tree-5.0.2.jar:/home/user/.m2/repository/org/ow2/asm/asm/5.0.4/asm-5.0.4.jar:/home/user/.m2/repository/commons-lang/commons-lang/2.6/commons-lang-2.6.jar:/home/user/.m2/repository/com/apple/AppleJavaExtensions/1.4/AppleJavaExtensions-1.4.jar:/home/user/.m2/repository/jaxen/jaxen/1.1.6/jaxen-1.1.6.jar:/home/user/.m2/repository/junit/junit/4.11/junit-4.11.jar:/home/user/.m2/repository/org/hamcrest/hamcrest-core/1.3/hamcrest-core-1.3.jar:/home/user/.m2/repository/org/apache/hadoop/hadoop-common/3.2.0/hadoop-common-3.2.0-tests.jar:/workdir/hadoop-ozone/integration-test/target/test-classes:/home/user/.m2/repository/org/apache/hadoop/hadoop-ozone-objectstore-service/0.5.0-SNAPSHOT/hadoop-ozone-objectstore-service-0.5.0-SNAPSHOT.jar:/home/user/.m2/repository/org/apache/hadoop/hadoop-ozone-s3gateway/0.5.0-SNAPSHOT/hadoop-ozone-s3gateway-0.5.0-SNAPSHOT.jar:/home/user/.m2/repository/org/jboss/weld/servlet/weld-servlet/2.4.7.Final/weld-servlet-2.4.7.Final.jar:/home/user/.m2/repository/org/glassfish/jersey/containers/jersey-container-servlet-core/2.27/jersey-container-servlet-core-2.27.jar:/home/user/.m2/repository/org/glassfish/hk2/external/javax.inject/2.5.0-b42/javax.inject-2.5.0-b42.jar:/home/user/.m2/repository/org/glassfish/jersey/core/jersey-common/2.27/jersey-common-2.27.jar:/home/user/.m2/repository/org/glassfish/hk2/osgi-resource-locator/1.0.1/osgi-resource-locator-1.0.1.jar:/home/user/.m2/repository/javax/ws/rs/javax.ws.rs-api/2.1/javax.ws.rs-api-2.1.jar:/home/user/.m2/repository/org/glassfish/jersey/ext/cdi/jersey-cdi1x/2.27/jersey-cdi1x-2.27.jar:/home/user/.m2/repository/org/glassfish/jersey/inject/jersey-hk2/2.27/jersey-hk2-2.27.jar:/home/user/.m2/repository/org/glassfish/hk2/hk2-locator/2.5.0-b42/hk2-locator-2.5.0-b42.jar:/home/user/.m2/repository/org/javassist/javassist/3.22.0-CR2/javassist-3.22.0-CR2.jar:/home/user/.m2/repository/org/glassfish/hk2/hk2-api/2.5.0/hk2-api-2.5.0.jar:/home/user/.m2/repository/org/glassfish/hk2/external/jakarta.inject/2.5.0/jakarta.inject-2.5.0.jar:/home/user/.m2/repository/org/glassfish/hk2/hk2-utils/2.5.0/hk2-utils-2.5.0.jar:/home/user/.m2/repository/jakarta/annotation/jakarta.annotation-api/1.3.4/jakarta.annotation-api-1.3.4.jar:/home/user/.m2/repository/org/glassfish/hk2/external/aopalliance-repackaged/2.5.0/aopalliance-repackaged-2.5.0.jar:/home/user/.m2/repository/com/fasterxml/jackson/dataformat/jackson-dataformat-xml/2.9.0/jackson-dataformat-xml-2.9.0.jar:/home/user/.m2/repository/com/fasterxml/jackson/module/jackson-module-jaxb-annotations/2.9.5/jackson-module-jaxb-annotations-2.9.5.jar:/home/user/.m2/repository/javax/enterprise/cdi-api/1.2/cdi-api-1.2.jar:/home/user/.m2/repository/javax/el/javax.el-api/3.0.0/javax.el-api-3.0.0.jar:/home/user/.m2/repository/javax/interceptor/javax.interceptor-api/1.2/javax.interceptor-api-1.2.jar:/home/user/.m2/repository/javax/inject/javax.inject/1/javax.inject-1.jar:/home/user/.m2/repository/org/apache/hadoop/hadoop-ozone-csi/0.5.0-SNAPSHOT/hadoop-ozone-csi-0.5.0-SNAPSHOT.jar:/home/user/.m2/repository/com/google/protobuf/protobuf-java-util/3.5.1/protobuf-java-util-3.5.1.jar:/home/user/.m2/repository/io/grpc/grpc-netty/1.17.1/grpc-netty-1.17.1.jar:/home/user/.m2/repository/io/grpc/grpc-core/1.17.1/grpc-core-1.17.1.jar:/home/user/.m2/repository/io/grpc/grpc-context/1.17.1/grpc-context-1.17.1.jar:/home/user/.m2/repository/com/google/errorprone/error_prone_annotations/2.2.0/error_prone_annotations-2.2.0.jar:/home/user/.m2/repository/org/codehaus/mojo/animal-sniffer-annotations/1.17/animal-sniffer-annotations-1.17.jar:/home/user/.m2/repository/io/opencensus/opencensus-api/0.17.0/opencensus-api-0.17.0.jar:/home/user/.m2/repository/io/opencensus/opencensus-contrib-grpc-metrics/0.17.0/opencensus-contrib-grpc-metrics-0.17.0.jar:/home/user/.m2/repository/io/netty/netty-codec-http2/4.1.30.Final/netty-codec-http2-4.1.30.Final.jar:/home/user/.m2/repository/io/netty/netty-codec-http/4.1.30.Final/netty-codec-http-4.1.30.Final.jar:/home/user/.m2/repository/io/netty/netty-codec/4.1.30.Final/netty-codec-4.1.30.Final.jar:/home/user/.m2/repository/io/netty/netty-handler/4.1.30.Final/netty-handler-4.1.30.Final.jar:/home/user/.m2/repository/io/netty/netty-handler-proxy/4.1.30.Final/netty-handler-proxy-4.1.30.Final.jar:/home/user/.m2/repository/io/netty/netty-codec-socks/4.1.30.Final/netty-codec-socks-4.1.30.Final.jar:/home/user/.m2/repository/io/netty/netty-transport-native-epoll/4.1.30.Final/netty-transport-native-epoll-4.1.30.Final.jar:/home/user/.m2/repository/io/netty/netty-common/4.1.30.Final/netty-common-4.1.30.Final.jar:/home/user/.m2/repository/io/netty/netty-buffer/4.1.30.Final/netty-buffer-4.1.30.Final.jar:/home/user/.m2/repository/io/netty/netty-transport/4.1.30.Final/netty-transport-4.1.30.Final.jar:/home/user/.m2/repository/io/netty/netty-resolver/4.1.30.Final/netty-resolver-4.1.30.Final.jar:/home/user/.m2/repository/io/netty/netty-transport-native-unix-common/4.1.30.Final/netty-transport-native-unix-common-4.1.30.Final.jar:/home/user/.m2/repository/io/grpc/grpc-protobuf/1.17.1/grpc-protobuf-1.17.1.jar:/home/user/.m2/repository/com/google/api/grpc/proto-google-common-protos/1.0.0/proto-google-common-protos-1.0.0.jar:/home/user/.m2/repository/io/grpc/grpc-protobuf-lite/1.17.1/grpc-protobuf-lite-1.17.1.jar:/home/user/.m2/repository/io/grpc/grpc-stub/1.17.1/grpc-stub-1.17.1.jar:/home/user/.m2/repository/org/apache/hadoop/hadoop-ozone-recon/0.5.0-SNAPSHOT/hadoop-ozone-recon-0.5.0-SNAPSHOT.jar:/home/user/.m2/repository/org/apache/hadoop/hadoop-ozone-reconcodegen/0.5.0-SNAPSHOT/hadoop-ozone-reconcodegen-0.5.0-SNAPSHOT.jar:/home/user/.m2/repository/com/google/inject/extensions/guice-multibindings/4.0/guice-multibindings-4.0.jar:/home/user/.m2/repository/com/google/inject/guice/4.0/guice-4.0.jar:/home/user/.m2/repository/aopalliance/aopalliance/1.0/aopalliance-1.0.jar:/home/user/.m2/repository/com/google/inject/extensions/guice-servlet/4.0/guice-servlet-4.0.jar:/home/user/.m2/repository/org/glassfish/jersey/containers/jersey-container-servlet/2.27/jersey-container-servlet-2.27.jar:/home/user/.m2/repository/org/glassfish/hk2/guice-bridge/2.5.0/guice-bridge-2.5.0.jar:/home/user/.m2/repository/org/glassfish/jersey/core/jersey-server/2.27/jersey-server-2.27.jar:/home/user/.m2/repository/org/glassfish/jersey/core/jersey-client/2.27/jersey-client-2.27.jar:/home/user/.m2/repository/org/glassfish/jersey/media/jersey-media-jaxb/2.27/jersey-media-jaxb-2.27.jar:/home/user/.m2/repository/javax/validation/validation-api/1.1.0.Final/validation-api-1.1.0.Final.jar:/home/user/.m2/repository/org/glassfish/jersey/media/jersey-media-json-jackson/2.27/jersey-media-json-jackson-2.27.jar:/home/user/.m2/repository/org/glassfish/jersey/ext/jersey-entity-filtering/2.27/jersey-entity-filtering-2.27.jar:/home/user/.m2/repository/com/google/inject/extensions/guice-assistedinject/4.0/guice-assistedinject-4.0.jar:/home/user/.m2/repository/org/jooq/jooq/3.11.10/jooq-3.11.10.jar:/home/user/.m2/repository/org/jooq/jooq-meta/3.11.10/jooq-meta-3.11.10.jar:/home/user/.m2/repository/org/jooq/jooq-codegen/3.11.10/jooq-codegen-3.11.10.jar:/home/user/.m2/repository/com/jolbox/bonecp/0.8.0.RELEASE/bonecp-0.8.0.RELEASE.jar:/home/user/.m2/repository/org/springframework/spring-jdbc/5.1.3.RELEASE/spring-jdbc-5.1.3.RELEASE.jar:/home/user/.m2/repository/org/springframework/spring-beans/5.1.3.RELEASE/spring-beans-5.1.3.RELEASE.jar:/home/user/.m2/repository/org/springframework/spring-core/5.1.3.RELEASE/spring-core-5.1.3.RELEASE.jar:/home/user/.m2/repository/org/springframework/spring-jcl/5.1.3.RELEASE/spring-jcl-5.1.3.RELEASE.jar:/home/user/.m2/repository/org/springframework/spring-tx/5.1.3.RELEASE/spring-tx-5.1.3.RELEASE.jar:/home/user/.m2/repository/org/mockito/mockito-core/2.15.0/mockito-core-2.15.0.jar:/home/user/.m2/repository/net/bytebuddy/byte-buddy/1.7.9/byte-buddy-1.7.9.jar:/home/user/.m2/repository/net/bytebuddy/byte-buddy-agent/1.7.9/byte-buddy-agent-1.7.9.jar:/home/user/.m2/repository/org/objenesis/objenesis/1.0/objenesis-1.0.jar:"/>
    <property name="sun.cpu.endian" value="little"/>
    <property name="user.home" value="/home/user"/>
    <property name="user.language" value="en"/>
    <property name="java.specification.vendor" value="Oracle Corporation"/>
    <property name="java.home" value="/usr/lib/jvm/java-1.8-openjdk/jre"/>
    <property name="java.security.krb5.conf" value="/workdir/hadoop-ozone/tools/target/test-classes/krb5.conf"/>
    <property name="basedir" value="/workdir/hadoop-ozone/tools"/>
    <property name="file.separator" value="/"/>
    <property name="line.separator" value="&#10;"/>
    <property name="java.vm.specification.vendor" value="Oracle Corporation"/>
    <property name="java.specification.name" value="Java Platform API Specification"/>
    <property name="java.awt.graphicsenv" value="sun.awt.X11GraphicsEnvironment"/>
    <property name="surefire.real.class.path" value="/workdir/hadoop-ozone/tools/target/surefire/surefirebooter3174102371098859420.jar"/>
    <property name="hadoop.log.dir" value="/workdir/hadoop-ozone/tools/target/log"/>
    <property name="sun.boot.class.path" value="/usr/lib/jvm/java-1.8-openjdk/jre/lib/resources.jar:/usr/lib/jvm/java-1.8-openjdk/jre/lib/rt.jar:/usr/lib/jvm/java-1.8-openjdk/jre/lib/sunrsasign.jar:/usr/lib/jvm/java-1.8-openjdk/jre/lib/jsse.jar:/usr/lib/jvm/java-1.8-openjdk/jre/lib/jce.jar:/usr/lib/jvm/java-1.8-openjdk/jre/lib/charsets.jar:/usr/lib/jvm/java-1.8-openjdk/jre/lib/jfr.jar:/usr/lib/jvm/java-1.8-openjdk/jre/classes"/>
    <property name="sun.management.compiler" value="HotSpot 64-Bit Tiered Compilers"/>
    <property name="java.runtime.version" value="1.8.0_212-b04"/>
    <property name="java.net.preferIPv4Stack" value="true"/>
    <property name="user.name" value="jenkins1000"/>
    <property name="path.separator" value=":"/>
    <property name="java.security.egd" value="file:///dev/urandom"/>
    <property name="os.version" value="3.10.0-957.12.2.el7.x86_64"/>
    <property name="java.endorsed.dirs" value="/usr/lib/jvm/java-1.8-openjdk/jre/lib/endorsed"/>
    <property name="java.runtime.name" value="OpenJDK Runtime Environment"/>
    <property name="file.encoding" value="UTF-8"/>
    <property name="java.vm.name" value="OpenJDK 64-Bit Server VM"/>
    <property name="test.build.webapps" value=""/>
    <property name="localRepository" value="/home/user/.m2/repository"/>
    <property name="java.vendor.url.bug" value="https://icedtea.classpath.org/bugzilla"/>
    <property name="java.io.tmpdir" value="/tmp"/>
    <property name="require.test.libhadoop" value=""/>
    <property name="java.version" value="1.8.0_212"/>
    <property name="user.dir" value="/workdir/hadoop-ozone/tools"/>
    <property name="os.arch" value="amd64"/>
    <property name="java.vm.specification.name" value="Java Virtual Machine Specification"/>
    <property name="test.build.classes" value="/workdir/hadoop-ozone/tools/target/test-classes"/>
    <property name="java.awt.printerjob" value="sun.print.PSPrinterJob"/>
    <property name="sun.os.patch.level" value="unknown"/>
    <property name="hadoop.tmp.dir" value="/workdir/hadoop-ozone/tools/target/tmp"/>
    <property name="java.library.path" value="/usr/lib/jvm/java-1.8-openjdk/jre/lib/amd64/server:/usr/lib/jvm/java-1.8-openjdk/jre/lib/amd64:/usr/lib/jvm/java-1.8-openjdk/jre/../lib/amd64:/workdir/hadoop-ozone/tools/target/native/target/usr/local/lib:/workdir/hadoop-ozone/tools/../../hadoop-common-project/hadoop-common/target/native/target/usr/local/lib:/usr/java/packages/lib/amd64:/usr/lib64:/lib64:/lib:/usr/lib"/>
    <property name="java.vm.info" value="mixed mode"/>
    <property name="java.vendor" value="IcedTea"/>
    <property name="java.vm.version" value="25.212-b04"/>
    <property name="java.ext.dirs" value="/usr/lib/jvm/java-1.8-openjdk/jre/lib/ext:/usr/java/packages/lib/ext"/>
    <property name="sun.io.unicode.encoding" value="UnicodeLittle"/>
    <property name="java.class.version" value="52.0"/>
  </properties>
  <testcase name="ratisTest3" classname="org.apache.hadoop.ozone.freon.TestRandomKeyGenerator" time="10.273"/>
  <testcase name="testThreadPoolSize" classname="org.apache.hadoop.ozone.freon.TestRandomKeyGenerator" time="5.046"/>
  <testcase name="defaultTest" classname="org.apache.hadoop.ozone.freon.TestRandomKeyGenerator" time="5.022"/>
  <testcase name="bigFileThan2GB" classname="org.apache.hadoop.ozone.freon.TestRandomKeyGenerator" time="71.815">
    <error message="Allocated 0 blocks. Requested 1 blocks" type="INTERNAL_ERROR org.apache.hadoop.ozone.om.exceptions.OMException">INTERNAL_ERROR org.apache.hadoop.ozone.om.exceptions.OMException: Allocated 0 blocks. Requested 1 blocks
	at org.apache.hadoop.ozone.om.protocolPB.OzoneManagerProtocolClientSideTranslatorPB.handleError(OzoneManagerProtocolClientSideTranslatorPB.java:725)
	at org.apache.hadoop.ozone.om.protocolPB.OzoneManagerProtocolClientSideTranslatorPB.allocateBlock(OzoneManagerProtocolClientSideTranslatorPB.java:757)
	at org.apache.hadoop.ozone.client.io.BlockOutputStreamEntryPool.allocateNewBlock(BlockOutputStreamEntryPool.java:248)
	at org.apache.hadoop.ozone.client.io.BlockOutputStreamEntryPool.allocateBlockIfNeeded(BlockOutputStreamEntryPool.java:296)
	at org.apache.hadoop.ozone.client.io.KeyOutputStream.handleWrite(KeyOutputStream.java:201)
	at org.apache.hadoop.ozone.client.io.KeyOutputStream.handleRetry(KeyOutputStream.java:376)
	at org.apache.hadoop.ozone.client.io.KeyOutputStream.handleException(KeyOutputStream.java:325)
	at org.apache.hadoop.ozone.client.io.KeyOutputStream.handleFlushOrClose(KeyOutputStream.java:448)
	at org.apache.hadoop.ozone.client.io.KeyOutputStream.handleWrite(KeyOutputStream.java:235)
	at org.apache.hadoop.ozone.client.io.KeyOutputStream.write(KeyOutputStream.java:193)
	at org.apache.hadoop.ozone.client.io.OzoneOutputStream.write(OzoneOutputStream.java:49)
	at org.apache.hadoop.ozone.freon.RandomKeyGenerator.createKey(RandomKeyGenerator.java:699)
	at org.apache.hadoop.ozone.freon.RandomKeyGenerator.access$1100(RandomKeyGenerator.java:87)
	at org.apache.hadoop.ozone.freon.RandomKeyGenerator$ObjectCreator.run(RandomKeyGenerator.java:606)
	at java.util.concurrent.Executors$RunnableAdapter.call(Executors.java:511)
	at java.util.concurrent.FutureTask.run(FutureTask.java:266)
	at java.util.concurrent.ThreadPoolExecutor.runWorker(ThreadPoolExecutor.java:1149)
	at java.util.concurrent.ThreadPoolExecutor$Worker.run(ThreadPoolExecutor.java:624)
	at java.lang.Thread.run(Thread.java:748)
</error>
    <system-out><![CDATA[2019-08-23 07:08:42,365 | INFO  | SCMAudit | user=jenkins1000 | ip=192.168.5.178 | op=SEND_HEARTBEAT {datanodeUUID=a4f67574-9018-43e7-8a54-351e98dc3d0a, command=[]} | ret=SUCCESS |  
2019-08-23 07:08:42,364 [grpc-default-executor-6] WARN  client.GrpcClientProtocolService (LogUtils.java:warn(134)) - 12-UnorderedRequestStreamObserver12: onError: org.apache.ratis.thirdparty.io.grpc.StatusRuntimeException: CANCELLED: cancelled before receiving half close
2019-08-23 07:08:42,370 | INFO  | SCMAudit | user=jenkins1000 | ip=192.168.5.178 | op=SEND_HEARTBEAT {datanodeUUID=f2ba01fc-a63e-4348-bd18-030b60a135e7, command=[]} | ret=SUCCESS |  
2019-08-23 07:08:42,374 | INFO  | SCMAudit | user=jenkins1000 | ip=192.168.5.178 | op=SEND_HEARTBEAT {datanodeUUID=eab135d4-a257-4705-b491-6c056b8c5df7, command=[]} | ret=SUCCESS |  
2019-08-23 07:08:42,934 | INFO  | SCMAudit | user=jenkins1000 | ip=192.168.5.178 | op=SEND_HEARTBEAT {datanodeUUID=5c311bc2-cc7c-45de-998f-f79499d85d4e, command=[]} | ret=SUCCESS |  
2019-08-23 07:08:43,142 | INFO  | SCMAudit | user=jenkins1000 | ip=192.168.5.178 | op=SEND_HEARTBEAT {datanodeUUID=b7d3ecaa-ab76-49a0-b691-40b7e1ed625a, command=[]} | ret=SUCCESS |  
2019-08-23 07:08:43,363 | INFO  | SCMAudit | user=jenkins1000 | ip=192.168.5.178 | op=SEND_HEARTBEAT {datanodeUUID=a4f67574-9018-43e7-8a54-351e98dc3d0a, command=[]} | ret=SUCCESS |  
2019-08-23 07:08:43,371 | INFO  | SCMAudit | user=jenkins1000 | ip=192.168.5.178 | op=SEND_HEARTBEAT {datanodeUUID=f2ba01fc-a63e-4348-bd18-030b60a135e7, command=[]} | ret=SUCCESS |  
2019-08-23 07:08:43,373 | INFO  | SCMAudit | user=jenkins1000 | ip=192.168.5.178 | op=SEND_HEARTBEAT {datanodeUUID=eab135d4-a257-4705-b491-6c056b8c5df7, command=[]} | ret=SUCCESS |  
2019-08-23 07:08:43,934 | INFO  | SCMAudit | user=jenkins1000 | ip=192.168.5.178 | op=SEND_HEARTBEAT {datanodeUUID=5c311bc2-cc7c-45de-998f-f79499d85d4e, command=[]} | ret=SUCCESS |  
2019-08-23 07:08:44,142 | INFO  | SCMAudit | user=jenkins1000 | ip=192.168.5.178 | op=SEND_HEARTBEAT {datanodeUUID=b7d3ecaa-ab76-49a0-b691-40b7e1ed625a, command=[]} | ret=SUCCESS |  
2019-08-23 07:08:44,364 | INFO  | SCMAudit | user=jenkins1000 | ip=192.168.5.178 | op=SEND_HEARTBEAT {datanodeUUID=a4f67574-9018-43e7-8a54-351e98dc3d0a, command=[]} | ret=SUCCESS |  
2019-08-23 07:08:44,370 | INFO  | SCMAudit | user=jenkins1000 | ip=192.168.5.178 | op=SEND_HEARTBEAT {datanodeUUID=f2ba01fc-a63e-4348-bd18-030b60a135e7, command=[]} | ret=SUCCESS |  
2019-08-23 07:08:44,373 | INFO  | SCMAudit | user=jenkins1000 | ip=192.168.5.178 | op=SEND_HEARTBEAT {datanodeUUID=eab135d4-a257-4705-b491-6c056b8c5df7, command=[]} | ret=SUCCESS |  
2019-08-23 07:08:44,934 | INFO  | SCMAudit | user=jenkins1000 | ip=192.168.5.178 | op=SEND_HEARTBEAT {datanodeUUID=5c311bc2-cc7c-45de-998f-f79499d85d4e, command=[]} | ret=SUCCESS |  
2019-08-23 07:08:45,143 | INFO  | SCMAudit | user=jenkins1000 | ip=192.168.5.178 | op=SEND_HEARTBEAT {datanodeUUID=b7d3ecaa-ab76-49a0-b691-40b7e1ed625a, command=[]} | ret=SUCCESS |  
2019-08-23 07:08:45,363 | INFO  | SCMAudit | user=jenkins1000 | ip=192.168.5.178 | op=SEND_HEARTBEAT {datanodeUUID=a4f67574-9018-43e7-8a54-351e98dc3d0a, command=[]} | ret=SUCCESS |  
2019-08-23 07:08:45,370 | INFO  | SCMAudit | user=jenkins1000 | ip=192.168.5.178 | op=SEND_HEARTBEAT {datanodeUUID=f2ba01fc-a63e-4348-bd18-030b60a135e7, command=[]} | ret=SUCCESS |  
2019-08-23 07:08:45,373 | INFO  | SCMAudit | user=jenkins1000 | ip=192.168.5.178 | op=SEND_HEARTBEAT {datanodeUUID=eab135d4-a257-4705-b491-6c056b8c5df7, command=[]} | ret=SUCCESS |  
2019-08-23 07:08:45,934 | INFO  | SCMAudit | user=jenkins1000 | ip=192.168.5.178 | op=SEND_HEARTBEAT {datanodeUUID=5c311bc2-cc7c-45de-998f-f79499d85d4e, command=[]} | ret=SUCCESS |  
2019-08-23 07:08:46,142 | INFO  | SCMAudit | user=jenkins1000 | ip=192.168.5.178 | op=SEND_HEARTBEAT {datanodeUUID=b7d3ecaa-ab76-49a0-b691-40b7e1ed625a, command=[]} | ret=SUCCESS |  
2019-08-23 07:08:46,363 | INFO  | SCMAudit | user=jenkins1000 | ip=192.168.5.178 | op=SEND_HEARTBEAT {datanodeUUID=a4f67574-9018-43e7-8a54-351e98dc3d0a, command=[]} | ret=SUCCESS |  
2019-08-23 07:08:46,370 | INFO  | SCMAudit | user=jenkins1000 | ip=192.168.5.178 | op=SEND_HEARTBEAT {datanodeUUID=f2ba01fc-a63e-4348-bd18-030b60a135e7, command=[]} | ret=SUCCESS |  
2019-08-23 07:08:46,373 | INFO  | SCMAudit | user=jenkins1000 | ip=192.168.5.178 | op=SEND_HEARTBEAT {datanodeUUID=eab135d4-a257-4705-b491-6c056b8c5df7, command=[]} | ret=SUCCESS |  
2019-08-23 07:08:46,934 | INFO  | SCMAudit | user=jenkins1000 | ip=192.168.5.178 | op=SEND_HEARTBEAT {datanodeUUID=5c311bc2-cc7c-45de-998f-f79499d85d4e, command=[]} | ret=SUCCESS |  
2019-08-23 07:08:47,142 | INFO  | SCMAudit | user=jenkins1000 | ip=192.168.5.178 | op=SEND_HEARTBEAT {datanodeUUID=b7d3ecaa-ab76-49a0-b691-40b7e1ed625a, command=[]} | ret=SUCCESS |  
2019-08-23 07:08:47,363 | INFO  | SCMAudit | user=jenkins1000 | ip=192.168.5.178 | op=SEND_HEARTBEAT {datanodeUUID=a4f67574-9018-43e7-8a54-351e98dc3d0a, command=[]} | ret=SUCCESS |  
2019-08-23 07:08:47,370 | INFO  | SCMAudit | user=jenkins1000 | ip=192.168.5.178 | op=SEND_HEARTBEAT {datanodeUUID=f2ba01fc-a63e-4348-bd18-030b60a135e7, command=[]} | ret=SUCCESS |  
2019-08-23 07:08:47,373 | INFO  | SCMAudit | user=jenkins1000 | ip=192.168.5.178 | op=SEND_HEARTBEAT {datanodeUUID=eab135d4-a257-4705-b491-6c056b8c5df7, command=[]} | ret=SUCCESS |  
2019-08-23 07:08:47,934 | INFO  | SCMAudit | user=jenkins1000 | ip=192.168.5.178 | op=SEND_HEARTBEAT {datanodeUUID=5c311bc2-cc7c-45de-998f-f79499d85d4e, command=[]} | ret=SUCCESS |  
2019-08-23 07:08:48,143 | INFO  | SCMAudit | user=jenkins1000 | ip=192.168.5.178 | op=SEND_HEARTBEAT {datanodeUUID=b7d3ecaa-ab76-49a0-b691-40b7e1ed625a, command=[]} | ret=SUCCESS |  
2019-08-23 07:08:48,363 | INFO  | SCMAudit | user=jenkins1000 | ip=192.168.5.178 | op=SEND_HEARTBEAT {datanodeUUID=a4f67574-9018-43e7-8a54-351e98dc3d0a, command=[]} | ret=SUCCESS |  
2019-08-23 07:08:48,370 | INFO  | SCMAudit | user=jenkins1000 | ip=192.168.5.178 | op=SEND_HEARTBEAT {datanodeUUID=f2ba01fc-a63e-4348-bd18-030b60a135e7, command=[]} | ret=SUCCESS |  
2019-08-23 07:08:48,373 | INFO  | SCMAudit | user=jenkins1000 | ip=192.168.5.178 | op=SEND_HEARTBEAT {datanodeUUID=eab135d4-a257-4705-b491-6c056b8c5df7, command=[]} | ret=SUCCESS |  
2019-08-23 07:08:48,869 [main] INFO  freon.RandomKeyGenerator (RandomKeyGenerator.java:call(275)) - Number of Threads: 1
2019-08-23 07:08:48,869 [main] INFO  freon.RandomKeyGenerator (RandomKeyGenerator.java:call(280)) - Number of Volumes: 1.
2019-08-23 07:08:48,869 [main] INFO  freon.RandomKeyGenerator (RandomKeyGenerator.java:call(281)) - Number of Buckets per Volume: 1.
2019-08-23 07:08:48,869 [main] INFO  freon.RandomKeyGenerator (RandomKeyGenerator.java:call(282)) - Number of Keys per Bucket: 1.
2019-08-23 07:08:48,869 [main] INFO  freon.RandomKeyGenerator (RandomKeyGenerator.java:call(283)) - Key size: 2147483657 bytes
2019-08-23 07:08:48,870 [main] INFO  freon.RandomKeyGenerator (RandomKeyGenerator.java:call(284)) - Buffer size: 4096 bytes
2019-08-23 07:08:48,870 [pool-282-thread-1] INFO  rpc.RpcClient (RpcClient.java:createVolume(293)) - Creating Volume: vol-0-67663, with jenkins1000 as owner.
2019-08-23 07:08:48,871 [main] INFO  freon.RandomKeyGenerator (RandomKeyGenerator.java:call(298)) - Data validation is enabled.
2019-08-23 07:08:48,871 [main] INFO  freon.RandomKeyGenerator (RandomKeyGenerator.java:call(304)) - Starting progress bar Thread.

 0.00% |█                                                                                                    |  0/1 Time: 0:00:002019-08-23 07:08:48,875 | INFO  | OMAudit | user=jenkins1000 | ip=127.0.0.1 | op=CREATE_VOLUME {admin=jenkins1000, owner=jenkins1000, volume=vol-0-67663, creationTime=1566544128875, quotaInBytes=1152921504606846976} | ret=SUCCESS |  
2019-08-23 07:08:48,877 | INFO  | OMAudit | user=jenkins1000 | ip=127.0.0.1 | op=READ_VOLUME {volume=vol-0-67663} | ret=SUCCESS |  
2019-08-23 07:08:48,878 [pool-282-thread-1] INFO  rpc.RpcClient (RpcClient.java:createBucket(432)) - Creating Bucket: vol-0-67663/bucket-0-68950, with Versioning false and Storage Type set to DISK and Encryption set to false 
2019-08-23 07:08:48,880 | INFO  | OMAudit | user=jenkins1000 | ip=127.0.0.1 | op=CREATE_BUCKET {volume=vol-0-67663, bucket=bucket-0-68950, acls=[user:jenkins1000:a[ACCESS], group:default:a[ACCESS]], isVersionEnabled=false, storageType=DISK, creationTime=0} | ret=SUCCESS |  
2019-08-23 07:08:48,881 | INFO  | OMAudit | user=jenkins1000 | ip=127.0.0.1 | op=READ_BUCKET {volume=vol-0-67663, bucket=bucket-0-68950} | ret=SUCCESS |  
2019-08-23 07:08:48,901 | INFO  | SCMAudit | user=jenkins1000 | ip=192.168.5.178 | op=ALLOCATE_BLOCK {owner=aaf04d22-10dd-4717-8862-c651bdde72cf, size=4194304, type=RATIS, factor=THREE} | ret=SUCCESS |  
2019-08-23 07:08:48,916 | INFO  | OMAudit | user=jenkins1000 | ip=127.0.0.1 | op=ALLOCATE_KEY {volume=vol-0-67663, bucket=bucket-0-68950, key=key-0-26970, dataSize=2147483657, replicationType=RATIS, replicationFactor=THREE, keyLocationInfo=null} | ret=SUCCESS |  
2019-08-23 07:08:48,935 | INFO  | SCMAudit | user=jenkins1000 | ip=192.168.5.178 | op=SEND_HEARTBEAT {datanodeUUID=5c311bc2-cc7c-45de-998f-f79499d85d4e, command=[]} | ret=SUCCESS |  
2019-08-23 07:08:48,964 [grpc-default-executor-3] INFO  client.GrpcClientProtocolClient (GrpcClientProtocolClient.java:onNext(255)) - client-D91E5D1E15CE->a4f67574-9018-43e7-8a54-351e98dc3d0a: receive RaftClientReply:client-D91E5D1E15CE->a4f67574-9018-43e7-8a54-351e98dc3d0a@group-C8C62FEF0626, cid=599, FAILED org.apache.ratis.protocol.NotLeaderException: Server a4f67574-9018-43e7-8a54-351e98dc3d0a is not the leader (f2ba01fc-a63e-4348-bd18-030b60a135e7:192.168.5.178:37816). Request must be sent to leader., logIndex=0, commits[a4f67574-9018-43e7-8a54-351e98dc3d0a:c709, eab135d4-a257-4705-b491-6c056b8c5df7:c709, f2ba01fc-a63e-4348-bd18-030b60a135e7:c709]
2019-08-23 07:08:48,994 | INFO  | DNAudit | user=null | ip=null | op=WRITE_CHUNK {blockData=conID: 2 locID: 102665036030935443 bcsId: 0} | ret=SUCCESS |  
2019-08-23 07:08:48,998 | INFO  | DNAudit | user=null | ip=null | op=WRITE_CHUNK {blockData=conID: 2 locID: 102665036030935443 bcsId: 0} | ret=SUCCESS |  
2019-08-23 07:08:48,999 | INFO  | DNAudit | user=null | ip=null | op=WRITE_CHUNK {blockData=conID: 2 locID: 102665036030935443 bcsId: 0} | ret=SUCCESS |  
2019-08-23 07:08:49,008 | INFO  | DNAudit | user=null | ip=null | op=WRITE_CHUNK {blockData=conID: 2 locID: 102665036030935443 bcsId: 0} | ret=SUCCESS |  
2019-08-23 07:08:49,012 | INFO  | DNAudit | user=null | ip=null | op=WRITE_CHUNK {blockData=conID: 2 locID: 102665036030935443 bcsId: 0} | ret=SUCCESS |  
2019-08-23 07:08:49,012 | INFO  | DNAudit | user=null | ip=null | op=WRITE_CHUNK {blockData=conID: 2 locID: 102665036030935443 bcsId: 0} | ret=SUCCESS |  
2019-08-23 07:08:49,012 [grpc-default-executor-3] INFO  client.GrpcClientProtocolClient (GrpcClientProtocolClient.java:onNext(255)) - client-D91E5D1E15CE->f2ba01fc-a63e-4348-bd18-030b60a135e7: receive RaftClientReply:client-D91E5D1E15CE->f2ba01fc-a63e-4348-bd18-030b60a135e7@group-C8C62FEF0626, cid=599, SUCCESS, logIndex=710, commits[f2ba01fc-a63e-4348-bd18-030b60a135e7:c710, eab135d4-a257-4705-b491-6c056b8c5df7:c709, a4f67574-9018-43e7-8a54-351e98dc3d0a:c709]
2019-08-23 07:08:49,022 | INFO  | DNAudit | user=null | ip=null | op=PUT_BLOCK {blockData=[blockId=conID: 2 locID: 102665036030935443 bcsId: 0,size=1048576]} | ret=SUCCESS |  
2019-08-23 07:08:49,026 [grpc-default-executor-4] INFO  client.GrpcClientProtocolClient (GrpcClientProtocolClient.java:onNext(255)) - client-D91E5D1E15CE->f2ba01fc-a63e-4348-bd18-030b60a135e7: receive RaftClientReply:client-D91E5D1E15CE->f2ba01fc-a63e-4348-bd18-030b60a135e7@group-C8C62FEF0626, cid=600, SUCCESS, logIndex=712, commits[f2ba01fc-a63e-4348-bd18-030b60a135e7:c712, eab135d4-a257-4705-b491-6c056b8c5df7:c711, a4f67574-9018-43e7-8a54-351e98dc3d0a:c710]
2019-08-23 07:08:49,028 | INFO  | DNAudit | user=null | ip=null | op=PUT_BLOCK {blockData=[blockId=conID: 2 locID: 102665036030935443 bcsId: 0,size=1048576]} | ret=SUCCESS |  
2019-08-23 07:08:49,028 | INFO  | DNAudit | user=null | ip=null | op=PUT_BLOCK {blockData=[blockId=conID: 2 locID: 102665036030935443 bcsId: 0,size=1048576]} | ret=SUCCESS |  
2019-08-23 07:08:49,030 | INFO  | DNAudit | user=null | ip=null | op=WRITE_CHUNK {blockData=conID: 2 locID: 102665036030935443 bcsId: 0} | ret=SUCCESS |  
2019-08-23 07:08:49,035 | INFO  | DNAudit | user=null | ip=null | op=WRITE_CHUNK {blockData=conID: 2 locID: 102665036030935443 bcsId: 0} | ret=SUCCESS |  
2019-08-23 07:08:49,035 | INFO  | DNAudit | user=null | ip=null | op=WRITE_CHUNK {blockData=conID: 2 locID: 102665036030935443 bcsId: 0} | ret=SUCCESS |  
2019-08-23 07:08:49,038 | INFO  | DNAudit | user=null | ip=null | op=WRITE_CHUNK {blockData=conID: 2 locID: 102665036030935443 bcsId: 0} | ret=SUCCESS |  
2019-08-23 07:08:49,039 | INFO  | DNAudit | user=null | ip=null | op=PUT_BLOCK {blockData=[blockId=conID: 2 locID: 102665036030935443 bcsId: 0,size=2097152]} | ret=SUCCESS |  
2019-08-23 07:08:49,039 [grpc-default-executor-4] INFO  client.GrpcClientProtocolClient (GrpcClientProtocolClient.java:onNext(255)) - client-D91E5D1E15CE->f2ba01fc-a63e-4348-bd18-030b60a135e7: receive RaftClientReply:client-D91E5D1E15CE->f2ba01fc-a63e-4348-bd18-030b60a135e7@group-C8C62FEF0626, cid=601, SUCCESS, logIndex=714, commits[f2ba01fc-a63e-4348-bd18-030b60a135e7:c715, eab135d4-a257-4705-b491-6c056b8c5df7:c712, a4f67574-9018-43e7-8a54-351e98dc3d0a:c712]
2019-08-23 07:08:49,040 [grpc-default-executor-4] INFO  client.GrpcClientProtocolClient (GrpcClientProtocolClient.java:onNext(255)) - client-D91E5D1E15CE->f2ba01fc-a63e-4348-bd18-030b60a135e7: receive RaftClientReply:client-D91E5D1E15CE->f2ba01fc-a63e-4348-bd18-030b60a135e7@group-C8C62FEF0626, cid=602, SUCCESS, logIndex=715, commits[f2ba01fc-a63e-4348-bd18-030b60a135e7:c715, eab135d4-a257-4705-b491-6c056b8c5df7:c712, a4f67574-9018-43e7-8a54-351e98dc3d0a:c712]
2019-08-23 07:08:49,041 | INFO  | DNAudit | user=null | ip=null | op=WRITE_CHUNK {blockData=conID: 2 locID: 102665036030935443 bcsId: 0} | ret=SUCCESS |  
2019-08-23 07:08:49,041 | INFO  | DNAudit | user=null | ip=null | op=WRITE_CHUNK {blockData=conID: 2 locID: 102665036030935443 bcsId: 0} | ret=SUCCESS |  
2019-08-23 07:08:49,041 | INFO  | DNAudit | user=null | ip=null | op=PUT_BLOCK {blockData=[blockId=conID: 2 locID: 102665036030935443 bcsId: 0,size=2097152]} | ret=SUCCESS |  
2019-08-23 07:08:49,041 | INFO  | DNAudit | user=null | ip=null | op=PUT_BLOCK {blockData=[blockId=conID: 2 locID: 102665036030935443 bcsId: 0,size=2097152]} | ret=SUCCESS |  
2019-08-23 07:08:49,055 | INFO  | DNAudit | user=null | ip=null | op=WRITE_CHUNK {blockData=conID: 2 locID: 102665036030935443 bcsId: 715} | ret=SUCCESS |  
2019-08-23 07:08:49,060 | INFO  | DNAudit | user=null | ip=null | op=WRITE_CHUNK {blockData=conID: 2 locID: 102665036030935443 bcsId: 715} | ret=SUCCESS |  
2019-08-23 07:08:49,060 | INFO  | DNAudit | user=null | ip=null | op=WRITE_CHUNK {blockData=conID: 2 locID: 102665036030935443 bcsId: 715} | ret=SUCCESS |  
2019-08-23 07:08:49,068 | INFO  | DNAudit | user=null | ip=null | op=WRITE_CHUNK {blockData=conID: 2 locID: 102665036030935443 bcsId: 715} | ret=SUCCESS |  
2019-08-23 07:08:49,071 | INFO  | DNAudit | user=null | ip=null | op=PUT_BLOCK {blockData=[blockId=conID: 2 locID: 102665036030935443 bcsId: 0,size=3145728]} | ret=SUCCESS |  
2019-08-23 07:08:49,071 [grpc-default-executor-3] INFO  client.GrpcClientProtocolClient (GrpcClientProtocolClient.java:onNext(255)) - client-D91E5D1E15CE->f2ba01fc-a63e-4348-bd18-030b60a135e7: receive RaftClientReply:client-D91E5D1E15CE->f2ba01fc-a63e-4348-bd18-030b60a135e7@group-C8C62FEF0626, cid=603, SUCCESS, logIndex=718, commits[f2ba01fc-a63e-4348-bd18-030b60a135e7:c719, eab135d4-a257-4705-b491-6c056b8c5df7:c717, a4f67574-9018-43e7-8a54-351e98dc3d0a:c717]
2019-08-23 07:08:49,072 | INFO  | DNAudit | user=null | ip=null | op=WRITE_CHUNK {blockData=conID: 2 locID: 102665036030935443 bcsId: 715} | ret=SUCCESS |  
2019-08-23 07:08:49,072 | INFO  | DNAudit | user=null | ip=null | op=WRITE_CHUNK {blockData=conID: 2 locID: 102665036030935443 bcsId: 715} | ret=SUCCESS |  
2019-08-23 07:08:49,072 | INFO  | DNAudit | user=null | ip=null | op=PUT_BLOCK {blockData=[blockId=conID: 2 locID: 102665036030935443 bcsId: 0,size=3145728]} | ret=SUCCESS |  
2019-08-23 07:08:49,072 [grpc-default-executor-3] INFO  client.GrpcClientProtocolClient (GrpcClientProtocolClient.java:onNext(255)) - client-D91E5D1E15CE->f2ba01fc-a63e-4348-bd18-030b60a135e7: receive RaftClientReply:client-D91E5D1E15CE->f2ba01fc-a63e-4348-bd18-030b60a135e7@group-C8C62FEF0626, cid=604, SUCCESS, logIndex=719, commits[f2ba01fc-a63e-4348-bd18-030b60a135e7:c719, eab135d4-a257-4705-b491-6c056b8c5df7:c717, a4f67574-9018-43e7-8a54-351e98dc3d0a:c717]
2019-08-23 07:08:49,073 | INFO  | DNAudit | user=null | ip=null | op=PUT_BLOCK {blockData=[blockId=conID: 2 locID: 102665036030935443 bcsId: 0,size=3145728]} | ret=SUCCESS |  
2019-08-23 07:08:49,084 | INFO  | DNAudit | user=null | ip=null | op=WRITE_CHUNK {blockData=conID: 2 locID: 102665036030935443 bcsId: 719} | ret=SUCCESS |  
2019-08-23 07:08:49,088 | INFO  | DNAudit | user=null | ip=null | op=WRITE_CHUNK {blockData=conID: 2 locID: 102665036030935443 bcsId: 719} | ret=SUCCESS |  
2019-08-23 07:08:49,089 | INFO  | DNAudit | user=null | ip=null | op=WRITE_CHUNK {blockData=conID: 2 locID: 102665036030935443 bcsId: 719} | ret=SUCCESS |  
2019-08-23 07:08:49,093 | INFO  | DNAudit | user=null | ip=null | op=WRITE_CHUNK {blockData=conID: 2 locID: 102665036030935443 bcsId: 719} | ret=SUCCESS |  
2019-08-23 07:08:49,096 [grpc-default-executor-6] INFO  client.GrpcClientProtocolClient (GrpcClientProtocolClient.java:onNext(255)) - client-D91E5D1E15CE->f2ba01fc-a63e-4348-bd18-030b60a135e7: receive RaftClientReply:client-D91E5D1E15CE->f2ba01fc-a63e-4348-bd18-030b60a135e7@group-C8C62FEF0626, cid=605, SUCCESS, logIndex=722, commits[f2ba01fc-a63e-4348-bd18-030b60a135e7:c723, eab135d4-a257-4705-b491-6c056b8c5df7:c721, a4f67574-9018-43e7-8a54-351e98dc3d0a:c721]
2019-08-23 07:08:49,096 | INFO  | DNAudit | user=null | ip=null | op=PUT_BLOCK {blockData=[blockId=conID: 2 locID: 102665036030935443 bcsId: 0,size=4194304]} | ret=SUCCESS |  
2019-08-23 07:08:49,096 | INFO  | DNAudit | user=null | ip=null | op=WRITE_CHUNK {blockData=conID: 2 locID: 102665036030935443 bcsId: 719} | ret=SUCCESS |  
2019-08-23 07:08:49,096 | INFO  | DNAudit | user=null | ip=null | op=WRITE_CHUNK {blockData=conID: 2 locID: 102665036030935443 bcsId: 719} | ret=SUCCESS |  
2019-08-23 07:08:49,097 | INFO  | DNAudit | user=null | ip=null | op=PUT_BLOCK {blockData=[blockId=conID: 2 locID: 102665036030935443 bcsId: 0,size=4194304]} | ret=SUCCESS |  
2019-08-23 07:08:49,097 | INFO  | DNAudit | user=null | ip=null | op=PUT_BLOCK {blockData=[blockId=conID: 2 locID: 102665036030935443 bcsId: 0,size=4194304]} | ret=SUCCESS |  
2019-08-23 07:08:49,097 [grpc-default-executor-6] INFO  client.GrpcClientProtocolClient (GrpcClientProtocolClient.java:onNext(255)) - client-D91E5D1E15CE->f2ba01fc-a63e-4348-bd18-030b60a135e7: receive RaftClientReply:client-D91E5D1E15CE->f2ba01fc-a63e-4348-bd18-030b60a135e7@group-C8C62FEF0626, cid=606, SUCCESS, logIndex=723, commits[f2ba01fc-a63e-4348-bd18-030b60a135e7:c723, eab135d4-a257-4705-b491-6c056b8c5df7:c721, a4f67574-9018-43e7-8a54-351e98dc3d0a:c721]
2019-08-23 07:08:49,103 [grpc-default-executor-3] INFO  client.GrpcClientProtocolClient (GrpcClientProtocolClient.java:onNext(255)) - client-D91E5D1E15CE->f2ba01fc-a63e-4348-bd18-030b60a135e7: receive RaftClientReply:client-D91E5D1E15CE->f2ba01fc-a63e-4348-bd18-030b60a135e7@group-C8C62FEF0626, cid=607, SUCCESS, logIndex=0, commits[f2ba01fc-a63e-4348-bd18-030b60a135e7:c725, eab135d4-a257-4705-b491-6c056b8c5df7:c723, a4f67574-9018-43e7-8a54-351e98dc3d0a:c723]
2019-08-23 07:08:49,116 | INFO  | DNAudit | user=null | ip=null | op=WRITE_CHUNK {blockData=conID: 3 locID: 102665036030935444 bcsId: 0} | ret=SUCCESS |  
2019-08-23 07:08:49,122 | INFO  | DNAudit | user=null | ip=null | op=WRITE_CHUNK {blockData=conID: 3 locID: 102665036030935444 bcsId: 0} | ret=SUCCESS |  
2019-08-23 07:08:49,122 | INFO  | DNAudit | user=null | ip=null | op=WRITE_CHUNK {blockData=conID: 3 locID: 102665036030935444 bcsId: 0} | ret=SUCCESS |  
2019-08-23 07:08:49,122 | INFO  | DNAudit | user=null | ip=null | op=WRITE_CHUNK {blockData=conID: 3 locID: 102665036030935444 bcsId: 0} | ret=SUCCESS |  
2019-08-23 07:08:49,125 | INFO  | DNAudit | user=null | ip=null | op=WRITE_CHUNK {blockData=conID: 3 locID: 102665036030935444 bcsId: 0} | ret=SUCCESS |  
2019-08-23 07:08:49,126 | INFO  | DNAudit | user=null | ip=null | op=WRITE_CHUNK {blockData=conID: 3 locID: 102665036030935444 bcsId: 0} | ret=SUCCESS |  
2019-08-23 07:08:49,128 | INFO  | DNAudit | user=null | ip=null | op=WRITE_CHUNK {blockData=conID: 3 locID: 102665036030935444 bcsId: 0} | ret=SUCCESS |  
2019-08-23 07:08:49,129 | INFO  | DNAudit | user=null | ip=null | op=PUT_BLOCK {blockData=[blockId=conID: 3 locID: 102665036030935444 bcsId: 0,size=1048576]} | ret=SUCCESS |  
2019-08-23 07:08:49,129 [grpc-default-executor-3] INFO  client.GrpcClientProtocolClient (GrpcClientProtocolClient.java:onNext(255)) - client-D91E5D1E15CE->f2ba01fc-a63e-4348-bd18-030b60a135e7: receive RaftClientReply:client-D91E5D1E15CE->f2ba01fc-a63e-4348-bd18-030b60a135e7@group-C8C62FEF0626, cid=608, SUCCESS, logIndex=726, commits[f2ba01fc-a63e-4348-bd18-030b60a135e7:c727, eab135d4-a257-4705-b491-6c056b8c5df7:c725, a4f67574-9018-43e7-8a54-351e98dc3d0a:c725]
2019-08-23 07:08:49,129 | INFO  | DNAudit | user=null | ip=null | op=WRITE_CHUNK {blockData=conID: 3 locID: 102665036030935444 bcsId: 0} | ret=SUCCESS |  
2019-08-23 07:08:49,130 | INFO  | DNAudit | user=null | ip=null | op=WRITE_CHUNK {blockData=conID: 3 locID: 102665036030935444 bcsId: 0} | ret=SUCCESS |  
2019-08-23 07:08:49,130 [grpc-default-executor-3] INFO  client.GrpcClientProtocolClient (GrpcClientProtocolClient.java:onNext(255)) - client-D91E5D1E15CE->f2ba01fc-a63e-4348-bd18-030b60a135e7: receive RaftClientReply:client-D91E5D1E15CE->f2ba01fc-a63e-4348-bd18-030b60a135e7@group-C8C62FEF0626, cid=609, SUCCESS, logIndex=727, commits[f2ba01fc-a63e-4348-bd18-030b60a135e7:c729, eab135d4-a257-4705-b491-6c056b8c5df7:c725, a4f67574-9018-43e7-8a54-351e98dc3d0a:c725]
2019-08-23 07:08:49,130 | INFO  | DNAudit | user=null | ip=null | op=WRITE_CHUNK {blockData=conID: 3 locID: 102665036030935444 bcsId: 0} | ret=SUCCESS |  
2019-08-23 07:08:49,131 | INFO  | DNAudit | user=null | ip=null | op=PUT_BLOCK {blockData=[blockId=conID: 3 locID: 102665036030935444 bcsId: 0,size=2097152]} | ret=SUCCESS |  
2019-08-23 07:08:49,131 | INFO  | DNAudit | user=null | ip=null | op=PUT_BLOCK {blockData=[blockId=conID: 3 locID: 102665036030935444 bcsId: 0,size=1048576]} | ret=SUCCESS |  
2019-08-23 07:08:49,131 [grpc-default-executor-6] INFO  client.GrpcClientProtocolClient (GrpcClientProtocolClient.java:onNext(255)) - client-D91E5D1E15CE->f2ba01fc-a63e-4348-bd18-030b60a135e7: receive RaftClientReply:client-D91E5D1E15CE->f2ba01fc-a63e-4348-bd18-030b60a135e7@group-C8C62FEF0626, cid=610, SUCCESS, logIndex=728, commits[f2ba01fc-a63e-4348-bd18-030b60a135e7:c730, eab135d4-a257-4705-b491-6c056b8c5df7:c726, a4f67574-9018-43e7-8a54-351e98dc3d0a:c725]
2019-08-23 07:08:49,131 | INFO  | DNAudit | user=null | ip=null | op=PUT_BLOCK {blockData=[blockId=conID: 3 locID: 102665036030935444 bcsId: 0,size=1048576]} | ret=SUCCESS |  
2019-08-23 07:08:49,131 | INFO  | DNAudit | user=null | ip=null | op=WRITE_CHUNK {blockData=conID: 3 locID: 102665036030935444 bcsId: 0} | ret=SUCCESS |  
2019-08-23 07:08:49,132 | INFO  | DNAudit | user=null | ip=null | op=PUT_BLOCK {blockData=[blockId=conID: 3 locID: 102665036030935444 bcsId: 0,size=2097152]} | ret=SUCCESS |  
2019-08-23 07:08:49,132 | INFO  | DNAudit | user=null | ip=null | op=WRITE_CHUNK {blockData=conID: 3 locID: 102665036030935444 bcsId: 0} | ret=SUCCESS |  
2019-08-23 07:08:49,132 [grpc-default-executor-6] INFO  client.GrpcClientProtocolClient (GrpcClientProtocolClient.java:onNext(255)) - client-D91E5D1E15CE->f2ba01fc-a63e-4348-bd18-030b60a135e7: receive RaftClientReply:client-D91E5D1E15CE->f2ba01fc-a63e-4348-bd18-030b60a135e7@group-C8C62FEF0626, cid=611, SUCCESS, logIndex=729, commits[f2ba01fc-a63e-4348-bd18-030b60a135e7:c731, eab135d4-a257-4705-b491-6c056b8c5df7:c727, a4f67574-9018-43e7-8a54-351e98dc3d0a:c727]
2019-08-23 07:08:49,133 | INFO  | DNAudit | user=null | ip=null | op=PUT_BLOCK {blockData=[blockId=conID: 3 locID: 102665036030935444 bcsId: 0,size=2097152]} | ret=SUCCESS |  
2019-08-23 07:08:49,143 | INFO  | SCMAudit | user=jenkins1000 | ip=192.168.5.178 | op=SEND_HEARTBEAT {datanodeUUID=b7d3ecaa-ab76-49a0-b691-40b7e1ed625a, command=[]} | ret=SUCCESS |  
2019-08-23 07:08:49,144 | INFO  | DNAudit | user=null | ip=null | op=WRITE_CHUNK {blockData=conID: 3 locID: 102665036030935444 bcsId: 729} | ret=SUCCESS |  
2019-08-23 07:08:49,147 | INFO  | DNAudit | user=null | ip=null | op=WRITE_CHUNK {blockData=conID: 3 locID: 102665036030935444 bcsId: 729} | ret=SUCCESS |  
2019-08-23 07:08:49,148 | INFO  | DNAudit | user=null | ip=null | op=WRITE_CHUNK {blockData=conID: 3 locID: 102665036030935444 bcsId: 729} | ret=SUCCESS |  
2019-08-23 07:08:49,150 | INFO  | DNAudit | user=null | ip=null | op=WRITE_CHUNK {blockData=conID: 3 locID: 102665036030935444 bcsId: 729} | ret=SUCCESS |  
2019-08-23 07:08:49,151 | INFO  | DNAudit | user=null | ip=null | op=PUT_BLOCK {blockData=[blockId=conID: 3 locID: 102665036030935444 bcsId: 0,size=3145728]} | ret=SUCCESS |  
2019-08-23 07:08:49,151 [grpc-default-executor-4] INFO  client.GrpcClientProtocolClient (GrpcClientProtocolClient.java:onNext(255)) - client-D91E5D1E15CE->f2ba01fc-a63e-4348-bd18-030b60a135e7: receive RaftClientReply:client-D91E5D1E15CE->f2ba01fc-a63e-4348-bd18-030b60a135e7@group-C8C62FEF0626, cid=612, SUCCESS, logIndex=734, commits[f2ba01fc-a63e-4348-bd18-030b60a135e7:c735, eab135d4-a257-4705-b491-6c056b8c5df7:c733, a4f67574-9018-43e7-8a54-351e98dc3d0a:c733]
2019-08-23 07:08:49,152 | INFO  | DNAudit | user=null | ip=null | op=WRITE_CHUNK {blockData=conID: 3 locID: 102665036030935444 bcsId: 729} | ret=SUCCESS |  
2019-08-23 07:08:49,152 | INFO  | DNAudit | user=null | ip=null | op=WRITE_CHUNK {blockData=conID: 3 locID: 102665036030935444 bcsId: 729} | ret=SUCCESS |  
2019-08-23 07:08:49,152 | INFO  | DNAudit | user=null | ip=null | op=PUT_BLOCK {blockData=[blockId=conID: 3 locID: 102665036030935444 bcsId: 0,size=3145728]} | ret=SUCCESS |  
2019-08-23 07:08:49,152 [grpc-default-executor-4] INFO  client.GrpcClientProtocolClient (GrpcClientProtocolClient.java:onNext(255)) - client-D91E5D1E15CE->f2ba01fc-a63e-4348-bd18-030b60a135e7: receive RaftClientReply:client-D91E5D1E15CE->f2ba01fc-a63e-4348-bd18-030b60a135e7@group-C8C62FEF0626, cid=613, SUCCESS, logIndex=735, commits[f2ba01fc-a63e-4348-bd18-030b60a135e7:c735, eab135d4-a257-4705-b491-6c056b8c5df7:c733, a4f67574-9018-43e7-8a54-351e98dc3d0a:c733]
2019-08-23 07:08:49,153 | INFO  | DNAudit | user=null | ip=null | op=PUT_BLOCK {blockData=[blockId=conID: 3 locID: 102665036030935444 bcsId: 0,size=3145728]} | ret=SUCCESS |  
2019-08-23 07:08:49,162 | INFO  | DNAudit | user=null | ip=null | op=WRITE_CHUNK {blockData=conID: 3 locID: 102665036030935444 bcsId: 735} | ret=SUCCESS |  
2019-08-23 07:08:49,165 | INFO  | DNAudit | user=null | ip=null | op=WRITE_CHUNK {blockData=conID: 3 locID: 102665036030935444 bcsId: 735} | ret=SUCCESS |  
2019-08-23 07:08:49,166 | INFO  | DNAudit | user=null | ip=null | op=WRITE_CHUNK {blockData=conID: 3 locID: 102665036030935444 bcsId: 735} | ret=SUCCESS |  
2019-08-23 07:08:49,168 | INFO  | DNAudit | user=null | ip=null | op=WRITE_CHUNK {blockData=conID: 3 locID: 102665036030935444 bcsId: 735} | ret=SUCCESS |  
2019-08-23 07:08:49,169 | INFO  | DNAudit | user=null | ip=null | op=PUT_BLOCK {blockData=[blockId=conID: 3 locID: 102665036030935444 bcsId: 0,size=4194304]} | ret=SUCCESS |  
2019-08-23 07:08:49,169 [grpc-default-executor-6] INFO  client.GrpcClientProtocolClient (GrpcClientProtocolClient.java:onNext(255)) - client-D91E5D1E15CE->f2ba01fc-a63e-4348-bd18-030b60a135e7: receive RaftClientReply:client-D91E5D1E15CE->f2ba01fc-a63e-4348-bd18-030b60a135e7@group-C8C62FEF0626, cid=614, SUCCESS, logIndex=738, commits[f2ba01fc-a63e-4348-bd18-030b60a135e7:c739, eab135d4-a257-4705-b491-6c056b8c5df7:c737, a4f67574-9018-43e7-8a54-351e98dc3d0a:c737]
2019-08-23 07:08:49,170 [grpc-default-executor-6] INFO  client.GrpcClientProtocolClient (GrpcClientProtocolClient.java:onNext(255)) - client-D91E5D1E15CE->f2ba01fc-a63e-4348-bd18-030b60a135e7: receive RaftClientReply:client-D91E5D1E15CE->f2ba01fc-a63e-4348-bd18-030b60a135e7@group-C8C62FEF0626, cid=615, SUCCESS, logIndex=739, commits[f2ba01fc-a63e-4348-bd18-030b60a135e7:c739, eab135d4-a257-4705-b491-6c056b8c5df7:c737, a4f67574-9018-43e7-8a54-351e98dc3d0a:c737]
2019-08-23 07:08:49,170 | INFO  | DNAudit | user=null | ip=null | op=WRITE_CHUNK {blockData=conID: 3 locID: 102665036030935444 bcsId: 735} | ret=SUCCESS |  
2019-08-23 07:08:49,171 | INFO  | DNAudit | user=null | ip=null | op=WRITE_CHUNK {blockData=conID: 3 locID: 102665036030935444 bcsId: 735} | ret=SUCCESS |  
2019-08-23 07:08:49,171 | INFO  | DNAudit | user=null | ip=null | op=PUT_BLOCK {blockData=[blockId=conID: 3 locID: 102665036030935444 bcsId: 0,size=4194304]} | ret=SUCCESS |  
2019-08-23 07:08:49,171 | INFO  | DNAudit | user=null | ip=null | op=PUT_BLOCK {blockData=[blockId=conID: 3 locID: 102665036030935444 bcsId: 0,size=4194304]} | ret=SUCCESS |  
2019-08-23 07:08:49,171 [grpc-default-executor-6] INFO  client.GrpcClientProtocolClient (GrpcClientProtocolClient.java:onNext(255)) - client-D91E5D1E15CE->f2ba01fc-a63e-4348-bd18-030b60a135e7: receive RaftClientReply:client-D91E5D1E15CE->f2ba01fc-a63e-4348-bd18-030b60a135e7@group-C8C62FEF0626, cid=616, SUCCESS, logIndex=0, commits[f2ba01fc-a63e-4348-bd18-030b60a135e7:c740, eab135d4-a257-4705-b491-6c056b8c5df7:c739, a4f67574-9018-43e7-8a54-351e98dc3d0a:c739]
2019-08-23 07:08:49,180 | INFO  | DNAudit | user=null | ip=null | op=WRITE_CHUNK {blockData=conID: 1 locID: 102665036030935445 bcsId: 0} | ret=SUCCESS |  
2019-08-23 07:08:49,182 | INFO  | DNAudit | user=null | ip=null | op=WRITE_CHUNK {blockData=conID: 1 locID: 102665036030935445 bcsId: 0} | ret=SUCCESS |  
2019-08-23 07:08:49,183 | INFO  | DNAudit | user=null | ip=null | op=WRITE_CHUNK {blockData=conID: 1 locID: 102665036030935445 bcsId: 0} | ret=SUCCESS |  
2019-08-23 07:08:49,184 | INFO  | DNAudit | user=null | ip=null | op=WRITE_CHUNK {blockData=conID: 1 locID: 102665036030935445 bcsId: 0} | ret=SUCCESS |  
2019-08-23 07:08:49,186 | INFO  | DNAudit | user=null | ip=null | op=WRITE_CHUNK {blockData=conID: 1 locID: 102665036030935445 bcsId: 0} | ret=SUCCESS |  
2019-08-23 07:08:49,186 | INFO  | DNAudit | user=null | ip=null | op=WRITE_CHUNK {blockData=conID: 1 locID: 102665036030935445 bcsId: 0} | ret=SUCCESS |  
2019-08-23 07:08:49,189 | INFO  | DNAudit | user=null | ip=null | op=WRITE_CHUNK {blockData=conID: 1 locID: 102665036030935445 bcsId: 0} | ret=SUCCESS |  
2019-08-23 07:08:49,189 | INFO  | DNAudit | user=null | ip=null | op=PUT_BLOCK {blockData=[blockId=conID: 1 locID: 102665036030935445 bcsId: 0,size=1048576]} | ret=SUCCESS |  
2019-08-23 07:08:49,190 | INFO  | DNAudit | user=null | ip=null | op=WRITE_CHUNK {blockData=conID: 1 locID: 102665036030935445 bcsId: 0} | ret=SUCCESS |  
2019-08-23 07:08:49,190 [grpc-default-executor-2] INFO  client.GrpcClientProtocolClient (GrpcClientProtocolClient.java:onNext(255)) - client-D91E5D1E15CE->f2ba01fc-a63e-4348-bd18-030b60a135e7: receive RaftClientReply:client-D91E5D1E15CE->f2ba01fc-a63e-4348-bd18-030b60a135e7@group-C8C62FEF0626, cid=617, SUCCESS, logIndex=742, commits[f2ba01fc-a63e-4348-bd18-030b60a135e7:c745, eab135d4-a257-4705-b491-6c056b8c5df7:c739, a4f67574-9018-43e7-8a54-351e98dc3d0a:c741]
2019-08-23 07:08:49,190 | INFO  | DNAudit | user=null | ip=null | op=PUT_BLOCK {blockData=[blockId=conID: 1 locID: 102665036030935445 bcsId: 0,size=2097152]} | ret=SUCCESS |  
2019-08-23 07:08:49,191 | INFO  | DNAudit | user=null | ip=null | op=WRITE_CHUNK {blockData=conID: 1 locID: 102665036030935445 bcsId: 0} | ret=SUCCESS |  
2019-08-23 07:08:49,190 [grpc-default-executor-2] INFO  client.GrpcClientProtocolClient (GrpcClientProtocolClient.java:onNext(255)) - client-D91E5D1E15CE->f2ba01fc-a63e-4348-bd18-030b60a135e7: receive RaftClientReply:client-D91E5D1E15CE->f2ba01fc-a63e-4348-bd18-030b60a135e7@group-C8C62FEF0626, cid=618, SUCCESS, logIndex=743, commits[f2ba01fc-a63e-4348-bd18-030b60a135e7:c745, eab135d4-a257-4705-b491-6c056b8c5df7:c741, a4f67574-9018-43e7-8a54-351e98dc3d0a:c741]
2019-08-23 07:08:49,191 | INFO  | DNAudit | user=null | ip=null | op=WRITE_CHUNK {blockData=conID: 1 locID: 102665036030935445 bcsId: 0} | ret=SUCCESS |  
2019-08-23 07:08:49,191 | INFO  | DNAudit | user=null | ip=null | op=PUT_BLOCK {blockData=[blockId=conID: 1 locID: 102665036030935445 bcsId: 0,size=1048576]} | ret=SUCCESS |  
2019-08-23 07:08:49,191 | INFO  | DNAudit | user=null | ip=null | op=PUT_BLOCK {blockData=[blockId=conID: 1 locID: 102665036030935445 bcsId: 0,size=1048576]} | ret=SUCCESS |  
2019-08-23 07:08:49,191 [grpc-default-executor-2] INFO  client.GrpcClientProtocolClient (GrpcClientProtocolClient.java:onNext(255)) - client-D91E5D1E15CE->f2ba01fc-a63e-4348-bd18-030b60a135e7: receive RaftClientReply:client-D91E5D1E15CE->f2ba01fc-a63e-4348-bd18-030b60a135e7@group-C8C62FEF0626, cid=619, SUCCESS, logIndex=744, commits[f2ba01fc-a63e-4348-bd18-030b60a135e7:c745, eab135d4-a257-4705-b491-6c056b8c5df7:c741, a4f67574-9018-43e7-8a54-351e98dc3d0a:c741]
2019-08-23 07:08:49,191 | INFO  | DNAudit | user=null | ip=null | op=WRITE_CHUNK {blockData=conID: 1 locID: 102665036030935445 bcsId: 0} | ret=SUCCESS |  
2019-08-23 07:08:49,191 | INFO  | DNAudit | user=null | ip=null | op=WRITE_CHUNK {blockData=conID: 1 locID: 102665036030935445 bcsId: 0} | ret=SUCCESS |  
2019-08-23 07:08:49,191 [grpc-default-executor-2] INFO  client.GrpcClientProtocolClient (GrpcClientProtocolClient.java:onNext(255)) - client-D91E5D1E15CE->f2ba01fc-a63e-4348-bd18-030b60a135e7: receive RaftClientReply:client-D91E5D1E15CE->f2ba01fc-a63e-4348-bd18-030b60a135e7@group-C8C62FEF0626, cid=620, SUCCESS, logIndex=745, commits[f2ba01fc-a63e-4348-bd18-030b60a135e7:c745, eab135d4-a257-4705-b491-6c056b8c5df7:c741, a4f67574-9018-43e7-8a54-351e98dc3d0a:c741]
2019-08-23 07:08:49,193 | INFO  | DNAudit | user=null | ip=null | op=PUT_BLOCK {blockData=[blockId=conID: 1 locID: 102665036030935445 bcsId: 0,size=2097152]} | ret=SUCCESS |  
2019-08-23 07:08:49,193 | INFO  | DNAudit | user=null | ip=null | op=PUT_BLOCK {blockData=[blockId=conID: 1 locID: 102665036030935445 bcsId: 0,size=2097152]} | ret=SUCCESS |  
2019-08-23 07:08:49,194 [grpc-default-executor-2] INFO  client.GrpcClientProtocolClient (GrpcClientProtocolClient.java:onNext(255)) - client-D91E5D1E15CE->f2ba01fc-a63e-4348-bd18-030b60a135e7: receive RaftClientReply:client-D91E5D1E15CE->f2ba01fc-a63e-4348-bd18-030b60a135e7@group-C8C62FEF0626, cid=621, SUCCESS, logIndex=0, commits[f2ba01fc-a63e-4348-bd18-030b60a135e7:c746, eab135d4-a257-4705-b491-6c056b8c5df7:c744, a4f67574-9018-43e7-8a54-351e98dc3d0a:c744]
2019-08-23 07:08:49,203 | INFO  | DNAudit | user=null | ip=null | op=WRITE_CHUNK {blockData=conID: 1 locID: 102665036030935445 bcsId: 745} | ret=SUCCESS |  
2019-08-23 07:08:49,207 | INFO  | DNAudit | user=null | ip=null | op=WRITE_CHUNK {blockData=conID: 1 locID: 102665036030935445 bcsId: 745} | ret=SUCCESS |  
2019-08-23 07:08:49,207 | INFO  | DNAudit | user=null | ip=null | op=WRITE_CHUNK {blockData=conID: 1 locID: 102665036030935445 bcsId: 745} | ret=SUCCESS |  
2019-08-23 07:08:49,211 | INFO  | DNAudit | user=null | ip=null | op=WRITE_CHUNK {blockData=conID: 1 locID: 102665036030935445 bcsId: 745} | ret=SUCCESS |  
2019-08-23 07:08:49,212 | INFO  | DNAudit | user=null | ip=null | op=PUT_BLOCK {blockData=[blockId=conID: 1 locID: 102665036030935445 bcsId: 0,size=3145728]} | ret=SUCCESS |  
2019-08-23 07:08:49,212 [grpc-default-executor-2] INFO  client.GrpcClientProtocolClient (GrpcClientProtocolClient.java:onNext(255)) - client-D91E5D1E15CE->f2ba01fc-a63e-4348-bd18-030b60a135e7: receive RaftClientReply:client-D91E5D1E15CE->f2ba01fc-a63e-4348-bd18-030b60a135e7@group-C8C62FEF0626, cid=622, SUCCESS, logIndex=749, commits[f2ba01fc-a63e-4348-bd18-030b60a135e7:c750, eab135d4-a257-4705-b491-6c056b8c5df7:c748, a4f67574-9018-43e7-8a54-351e98dc3d0a:c748]
2019-08-23 07:08:49,213 [grpc-default-executor-2] INFO  client.GrpcClientProtocolClient (GrpcClientProtocolClient.java:onNext(255)) - client-D91E5D1E15CE->f2ba01fc-a63e-4348-bd18-030b60a135e7: receive RaftClientReply:client-D91E5D1E15CE->f2ba01fc-a63e-4348-bd18-030b60a135e7@group-C8C62FEF0626, cid=623, SUCCESS, logIndex=750, commits[f2ba01fc-a63e-4348-bd18-030b60a135e7:c750, eab135d4-a257-4705-b491-6c056b8c5df7:c748, a4f67574-9018-43e7-8a54-351e98dc3d0a:c748]
2019-08-23 07:08:49,214 | INFO  | DNAudit | user=null | ip=null | op=WRITE_CHUNK {blockData=conID: 1 locID: 102665036030935445 bcsId: 745} | ret=SUCCESS |  
2019-08-23 07:08:49,214 | INFO  | DNAudit | user=null | ip=null | op=WRITE_CHUNK {blockData=conID: 1 locID: 102665036030935445 bcsId: 745} | ret=SUCCESS |  
2019-08-23 07:08:49,214 | INFO  | DNAudit | user=null | ip=null | op=PUT_BLOCK {blockData=[blockId=conID: 1 locID: 102665036030935445 bcsId: 0,size=3145728]} | ret=SUCCESS |  
2019-08-23 07:08:49,214 | INFO  | DNAudit | user=null | ip=null | op=PUT_BLOCK {blockData=[blockId=conID: 1 locID: 102665036030935445 bcsId: 0,size=3145728]} | ret=SUCCESS |  
2019-08-23 07:08:49,222 | INFO  | DNAudit | user=null | ip=null | op=WRITE_CHUNK {blockData=conID: 1 locID: 102665036030935445 bcsId: 750} | ret=SUCCESS |  
2019-08-23 07:08:49,226 | INFO  | DNAudit | user=null | ip=null | op=WRITE_CHUNK {blockData=conID: 1 locID: 102665036030935445 bcsId: 750} | ret=SUCCESS |  
2019-08-23 07:08:49,226 | INFO  | DNAudit | user=null | ip=null | op=WRITE_CHUNK {blockData=conID: 1 locID: 102665036030935445 bcsId: 750} | ret=SUCCESS |  
2019-08-23 07:08:49,229 | INFO  | DNAudit | user=null | ip=null | op=WRITE_CHUNK {blockData=conID: 1 locID: 102665036030935445 bcsId: 750} | ret=SUCCESS |  
2019-08-23 07:08:49,230 | INFO  | DNAudit | user=null | ip=null | op=PUT_BLOCK {blockData=[blockId=conID: 1 locID: 102665036030935445 bcsId: 0,size=4194304]} | ret=SUCCESS |  
2019-08-23 07:08:49,230 [grpc-default-executor-2] INFO  client.GrpcClientProtocolClient (GrpcClientProtocolClient.java:onNext(255)) - client-D91E5D1E15CE->f2ba01fc-a63e-4348-bd18-030b60a135e7: receive RaftClientReply:client-D91E5D1E15CE->f2ba01fc-a63e-4348-bd18-030b60a135e7@group-C8C62FEF0626, cid=624, SUCCESS, logIndex=753, commits[f2ba01fc-a63e-4348-bd18-030b60a135e7:c754, eab135d4-a257-4705-b491-6c056b8c5df7:c752, a4f67574-9018-43e7-8a54-351e98dc3d0a:c750]
2019-08-23 07:08:49,231 [grpc-default-executor-2] INFO  client.GrpcClientProtocolClient (GrpcClientProtocolClient.java:onNext(255)) - client-D91E5D1E15CE->f2ba01fc-a63e-4348-bd18-030b60a135e7: receive RaftClientReply:client-D91E5D1E15CE->f2ba01fc-a63e-4348-bd18-030b60a135e7@group-C8C62FEF0626, cid=625, SUCCESS, logIndex=754, commits[f2ba01fc-a63e-4348-bd18-030b60a135e7:c754, eab135d4-a257-4705-b491-6c056b8c5df7:c752, a4f67574-9018-43e7-8a54-351e98dc3d0a:c750]
2019-08-23 07:08:49,232 | INFO  | DNAudit | user=null | ip=null | op=WRITE_CHUNK {blockData=conID: 1 locID: 102665036030935445 bcsId: 750} | ret=SUCCESS |  
2019-08-23 07:08:49,232 | INFO  | DNAudit | user=null | ip=null | op=PUT_BLOCK {blockData=[blockId=conID: 1 locID: 102665036030935445 bcsId: 0,size=4194304]} | ret=SUCCESS |  
2019-08-23 07:08:49,232 | INFO  | DNAudit | user=null | ip=null | op=WRITE_CHUNK {blockData=conID: 1 locID: 102665036030935445 bcsId: 750} | ret=SUCCESS |  
2019-08-23 07:08:49,233 | INFO  | DNAudit | user=null | ip=null | op=PUT_BLOCK {blockData=[blockId=conID: 1 locID: 102665036030935445 bcsId: 0,size=4194304]} | ret=SUCCESS |  
2019-08-23 07:08:49,233 [grpc-default-executor-6] INFO  client.GrpcClientProtocolClient (GrpcClientProtocolClient.java:onNext(255)) - client-D91E5D1E15CE->f2ba01fc-a63e-4348-bd18-030b60a135e7: receive RaftClientReply:client-D91E5D1E15CE->f2ba01fc-a63e-4348-bd18-030b60a135e7@group-C8C62FEF0626, cid=626, SUCCESS, logIndex=0, commits[f2ba01fc-a63e-4348-bd18-030b60a135e7:c756, eab135d4-a257-4705-b491-6c056b8c5df7:c754, a4f67574-9018-43e7-8a54-351e98dc3d0a:c754]
2019-08-23 07:08:49,242 | INFO  | DNAudit | user=null | ip=null | op=WRITE_CHUNK {blockData=conID: 2 locID: 102665036030935446 bcsId: 0} | ret=SUCCESS |  
2019-08-23 07:08:49,247 | INFO  | DNAudit | user=null | ip=null | op=WRITE_CHUNK {blockData=conID: 2 locID: 102665036030935446 bcsId: 0} | ret=SUCCESS |  
2019-08-23 07:08:49,247 | INFO  | DNAudit | user=null | ip=null | op=WRITE_CHUNK {blockData=conID: 2 locID: 102665036030935446 bcsId: 0} | ret=SUCCESS |  
2019-08-23 07:08:49,247 | INFO  | DNAudit | user=null | ip=null | op=WRITE_CHUNK {blockData=conID: 2 locID: 102665036030935446 bcsId: 0} | ret=SUCCESS |  
2019-08-23 07:08:49,250 | INFO  | DNAudit | user=null | ip=null | op=WRITE_CHUNK {blockData=conID: 2 locID: 102665036030935446 bcsId: 0} | ret=SUCCESS |  
2019-08-23 07:08:49,250 | INFO  | DNAudit | user=null | ip=null | op=PUT_BLOCK {blockData=[blockId=conID: 2 locID: 102665036030935446 bcsId: 0,size=1048576]} | ret=SUCCESS |  
2019-08-23 07:08:49,251 | INFO  | DNAudit | user=null | ip=null | op=WRITE_CHUNK {blockData=conID: 2 locID: 102665036030935446 bcsId: 0} | ret=SUCCESS |  
2019-08-23 07:08:49,251 [grpc-default-executor-2] INFO  client.GrpcClientProtocolClient (GrpcClientProtocolClient.java:onNext(255)) - client-D91E5D1E15CE->f2ba01fc-a63e-4348-bd18-030b60a135e7: receive RaftClientReply:client-D91E5D1E15CE->f2ba01fc-a63e-4348-bd18-030b60a135e7@group-C8C62FEF0626, cid=627, SUCCESS, logIndex=757, commits[f2ba01fc-a63e-4348-bd18-030b60a135e7:c758, eab135d4-a257-4705-b491-6c056b8c5df7:c754, a4f67574-9018-43e7-8a54-351e98dc3d0a:c756]
2019-08-23 07:08:49,499 | INFO  | DNAudit | user=null | ip=null | op=WRITE_CHUNK {blockData=conID: 2 locID: 102665036030935446 bcsId: 0} | ret=SUCCESS |  
2019-08-23 07:08:49,504 | INFO  | SCMAudit | user=jenkins1000 | ip=192.168.5.178 | op=SEND_HEARTBEAT {datanodeUUID=a4f67574-9018-43e7-8a54-351e98dc3d0a, command=[]} | ret=SUCCESS |  
2019-08-23 07:08:49,505 | INFO  | SCMAudit | user=jenkins1000 | ip=192.168.5.178 | op=SEND_HEARTBEAT {datanodeUUID=f2ba01fc-a63e-4348-bd18-030b60a135e7, command=[]} | ret=SUCCESS |  
2019-08-23 07:08:49,505 | INFO  | SCMAudit | user=jenkins1000 | ip=192.168.5.178 | op=SEND_HEARTBEAT {datanodeUUID=eab135d4-a257-4705-b491-6c056b8c5df7, command=[]} | ret=SUCCESS |  
2019-08-23 07:08:49,506 | INFO  | DNAudit | user=null | ip=null | op=WRITE_CHUNK {blockData=conID: 2 locID: 102665036030935446 bcsId: 0} | ret=SUCCESS |  
2019-08-23 07:08:49,507 [grpc-default-executor-4] INFO  client.GrpcClientProtocolClient (GrpcClientProtocolClient.java:onNext(255)) - client-D91E5D1E15CE->f2ba01fc-a63e-4348-bd18-030b60a135e7: receive RaftClientReply:client-D91E5D1E15CE->f2ba01fc-a63e-4348-bd18-030b60a135e7@group-C8C62FEF0626, cid=628, SUCCESS, logIndex=758, commits[f2ba01fc-a63e-4348-bd18-030b60a135e7:c758, eab135d4-a257-4705-b491-6c056b8c5df7:c756, a4f67574-9018-43e7-8a54-351e98dc3d0a:c756]
2019-08-23 07:08:49,507 | INFO  | DNAudit | user=null | ip=null | op=WRITE_CHUNK {blockData=conID: 2 locID: 102665036030935446 bcsId: 0} | ret=SUCCESS |  
2019-08-23 07:08:49,507 | INFO  | DNAudit | user=null | ip=null | op=PUT_BLOCK {blockData=[blockId=conID: 2 locID: 102665036030935446 bcsId: 0,size=1048576]} | ret=SUCCESS |  
2019-08-23 07:08:49,508 | INFO  | DNAudit | user=null | ip=null | op=PUT_BLOCK {blockData=[blockId=conID: 2 locID: 102665036030935446 bcsId: 0,size=2097152]} | ret=SUCCESS |  
2019-08-23 07:08:49,508 [grpc-default-executor-6] INFO  client.GrpcClientProtocolClient (GrpcClientProtocolClient.java:onNext(255)) - client-D91E5D1E15CE->f2ba01fc-a63e-4348-bd18-030b60a135e7: receive RaftClientReply:client-D91E5D1E15CE->f2ba01fc-a63e-4348-bd18-030b60a135e7@group-C8C62FEF0626, cid=629, SUCCESS, logIndex=759, commits[f2ba01fc-a63e-4348-bd18-030b60a135e7:c762, eab135d4-a257-4705-b491-6c056b8c5df7:c758, a4f67574-9018-43e7-8a54-351e98dc3d0a:c756]
2019-08-23 07:08:49,509 [grpc-default-executor-6] INFO  client.GrpcClientProtocolClient (GrpcClientProtocolClient.java:onNext(255)) - client-D91E5D1E15CE->f2ba01fc-a63e-4348-bd18-030b60a135e7: receive RaftClientReply:client-D91E5D1E15CE->f2ba01fc-a63e-4348-bd18-030b60a135e7@group-C8C62FEF0626, cid=630, SUCCESS, logIndex=760, commits[f2ba01fc-a63e-4348-bd18-030b60a135e7:c762, eab135d4-a257-4705-b491-6c056b8c5df7:c758, a4f67574-9018-43e7-8a54-351e98dc3d0a:c756]
2019-08-23 07:08:49,518 | INFO  | DNAudit | user=null | ip=null | op=WRITE_CHUNK {blockData=conID: 2 locID: 102665036030935446 bcsId: 0} | ret=SUCCESS |  
2019-08-23 07:08:49,518 | INFO  | DNAudit | user=null | ip=null | op=WRITE_CHUNK {blockData=conID: 2 locID: 102665036030935446 bcsId: 0} | ret=SUCCESS |  
2019-08-23 07:08:49,518 | INFO  | DNAudit | user=null | ip=null | op=PUT_BLOCK {blockData=[blockId=conID: 2 locID: 102665036030935446 bcsId: 0,size=1048576]} | ret=SUCCESS |  
2019-08-23 07:08:49,518 | INFO  | DNAudit | user=null | ip=null | op=PUT_BLOCK {blockData=[blockId=conID: 2 locID: 102665036030935446 bcsId: 0,size=2097152]} | ret=SUCCESS |  
2019-08-23 07:08:49,519 [grpc-default-executor-2] INFO  client.GrpcClientProtocolClient (GrpcClientProtocolClient.java:onNext(255)) - client-D91E5D1E15CE->f2ba01fc-a63e-4348-bd18-030b60a135e7: receive RaftClientReply:client-D91E5D1E15CE->f2ba01fc-a63e-4348-bd18-030b60a135e7@group-C8C62FEF0626, cid=631, SUCCESS, logIndex=0, commits[f2ba01fc-a63e-4348-bd18-030b60a135e7:c763, eab135d4-a257-4705-b491-6c056b8c5df7:c762, a4f67574-9018-43e7-8a54-351e98dc3d0a:c758]
2019-08-23 07:08:49,528 | INFO  | DNAudit | user=null | ip=null | op=WRITE_CHUNK {blockData=conID: 2 locID: 102665036030935446 bcsId: 0} | ret=SUCCESS |  
2019-08-23 07:08:49,529 | INFO  | DNAudit | user=null | ip=null | op=PUT_BLOCK {blockData=[blockId=conID: 2 locID: 102665036030935446 bcsId: 0,size=2097152]} | ret=SUCCESS |  
2019-08-23 07:08:49,532 | INFO  | DNAudit | user=null | ip=null | op=WRITE_CHUNK {blockData=conID: 2 locID: 102665036030935446 bcsId: 760} | ret=SUCCESS |  
2019-08-23 07:08:49,536 | INFO  | DNAudit | user=null | ip=null | op=WRITE_CHUNK {blockData=conID: 2 locID: 102665036030935446 bcsId: 760} | ret=SUCCESS |  
2019-08-23 07:08:49,537 | INFO  | DNAudit | user=null | ip=null | op=WRITE_CHUNK {blockData=conID: 2 locID: 102665036030935446 bcsId: 760} | ret=SUCCESS |  
2019-08-23 07:08:49,545 | INFO  | DNAudit | user=null | ip=null | op=WRITE_CHUNK {blockData=conID: 2 locID: 102665036030935446 bcsId: 760} | ret=SUCCESS |  
2019-08-23 07:08:49,547 | INFO  | DNAudit | user=null | ip=null | op=PUT_BLOCK {blockData=[blockId=conID: 2 locID: 102665036030935446 bcsId: 0,size=3145728]} | ret=SUCCESS |  
2019-08-23 07:08:49,547 [grpc-default-executor-6] INFO  client.GrpcClientProtocolClient (GrpcClientProtocolClient.java:onNext(255)) - client-D91E5D1E15CE->f2ba01fc-a63e-4348-bd18-030b60a135e7: receive RaftClientReply:client-D91E5D1E15CE->f2ba01fc-a63e-4348-bd18-030b60a135e7@group-C8C62FEF0626, cid=632, SUCCESS, logIndex=764, commits[f2ba01fc-a63e-4348-bd18-030b60a135e7:c765, eab135d4-a257-4705-b491-6c056b8c5df7:c763, a4f67574-9018-43e7-8a54-351e98dc3d0a:c763]
2019-08-23 07:08:49,548 [grpc-default-executor-6] INFO  client.GrpcClientProtocolClient (GrpcClientProtocolClient.java:onNext(255)) - client-D91E5D1E15CE->f2ba01fc-a63e-4348-bd18-030b60a135e7: receive RaftClientReply:client-D91E5D1E15CE->f2ba01fc-a63e-4348-bd18-030b60a135e7@group-C8C62FEF0626, cid=633, SUCCESS, logIndex=765, commits[f2ba01fc-a63e-4348-bd18-030b60a135e7:c765, eab135d4-a257-4705-b491-6c056b8c5df7:c763, a4f67574-9018-43e7-8a54-351e98dc3d0a:c763]
2019-08-23 07:08:49,557 | INFO  | DNAudit | user=null | ip=null | op=WRITE_CHUNK {blockData=conID: 2 locID: 102665036030935446 bcsId: 760} | ret=SUCCESS |  
2019-08-23 07:08:49,557 | INFO  | DNAudit | user=null | ip=null | op=WRITE_CHUNK {blockData=conID: 2 locID: 102665036030935446 bcsId: 760} | ret=SUCCESS |  
2019-08-23 07:08:49,558 | INFO  | DNAudit | user=null | ip=null | op=PUT_BLOCK {blockData=[blockId=conID: 2 locID: 102665036030935446 bcsId: 0,size=3145728]} | ret=SUCCESS |  
2019-08-23 07:08:49,558 | INFO  | DNAudit | user=null | ip=null | op=PUT_BLOCK {blockData=[blockId=conID: 2 locID: 102665036030935446 bcsId: 0,size=3145728]} | ret=SUCCESS |  
2019-08-23 07:08:49,560 | INFO  | DNAudit | user=null | ip=null | op=WRITE_CHUNK {blockData=conID: 2 locID: 102665036030935446 bcsId: 765} | ret=SUCCESS |  
2019-08-23 07:08:49,563 | INFO  | DNAudit | user=null | ip=null | op=WRITE_CHUNK {blockData=conID: 2 locID: 102665036030935446 bcsId: 765} | ret=SUCCESS |  
2019-08-23 07:08:49,563 | INFO  | DNAudit | user=null | ip=null | op=WRITE_CHUNK {blockData=conID: 2 locID: 102665036030935446 bcsId: 765} | ret=SUCCESS |  
2019-08-23 07:08:49,573 | INFO  | DNAudit | user=null | ip=null | op=WRITE_CHUNK {blockData=conID: 2 locID: 102665036030935446 bcsId: 765} | ret=SUCCESS |  
2019-08-23 07:08:49,574 | INFO  | DNAudit | user=null | ip=null | op=PUT_BLOCK {blockData=[blockId=conID: 2 locID: 102665036030935446 bcsId: 0,size=4194304]} | ret=SUCCESS |  
2019-08-23 07:08:49,574 [grpc-default-executor-4] INFO  client.GrpcClientProtocolClient (GrpcClientProtocolClient.java:onNext(255)) - client-D91E5D1E15CE->f2ba01fc-a63e-4348-bd18-030b60a135e7: receive RaftClientReply:client-D91E5D1E15CE->f2ba01fc-a63e-4348-bd18-030b60a135e7@group-C8C62FEF0626, cid=634, SUCCESS, logIndex=768, commits[f2ba01fc-a63e-4348-bd18-030b60a135e7:c769, eab135d4-a257-4705-b491-6c056b8c5df7:c765, a4f67574-9018-43e7-8a54-351e98dc3d0a:c765]
2019-08-23 07:08:49,575 [grpc-default-executor-4] INFO  client.GrpcClientProtocolClient (GrpcClientProtocolClient.java:onNext(255)) - client-D91E5D1E15CE->f2ba01fc-a63e-4348-bd18-030b60a135e7: receive RaftClientReply:client-D91E5D1E15CE->f2ba01fc-a63e-4348-bd18-030b60a135e7@group-C8C62FEF0626, cid=635, SUCCESS, logIndex=769, commits[f2ba01fc-a63e-4348-bd18-030b60a135e7:c769, eab135d4-a257-4705-b491-6c056b8c5df7:c765, a4f67574-9018-43e7-8a54-351e98dc3d0a:c765]
2019-08-23 07:08:49,584 | INFO  | DNAudit | user=null | ip=null | op=WRITE_CHUNK {blockData=conID: 2 locID: 102665036030935446 bcsId: 765} | ret=SUCCESS |  
2019-08-23 07:08:49,585 | INFO  | DNAudit | user=null | ip=null | op=WRITE_CHUNK {blockData=conID: 2 locID: 102665036030935446 bcsId: 765} | ret=SUCCESS |  
2019-08-23 07:08:49,586 | INFO  | DNAudit | user=null | ip=null | op=PUT_BLOCK {blockData=[blockId=conID: 2 locID: 102665036030935446 bcsId: 0,size=4194304]} | ret=SUCCESS |  
2019-08-23 07:08:49,586 | INFO  | DNAudit | user=null | ip=null | op=PUT_BLOCK {blockData=[blockId=conID: 2 locID: 102665036030935446 bcsId: 0,size=4194304]} | ret=SUCCESS |  
2019-08-23 07:08:49,587 [grpc-default-executor-4] INFO  client.GrpcClientProtocolClient (GrpcClientProtocolClient.java:onNext(255)) - client-D91E5D1E15CE->f2ba01fc-a63e-4348-bd18-030b60a135e7: receive RaftClientReply:client-D91E5D1E15CE->f2ba01fc-a63e-4348-bd18-030b60a135e7@group-C8C62FEF0626, cid=636, SUCCESS, logIndex=0, commits[f2ba01fc-a63e-4348-bd18-030b60a135e7:c771, eab135d4-a257-4705-b491-6c056b8c5df7:c769, a4f67574-9018-43e7-8a54-351e98dc3d0a:c769]
2019-08-23 07:08:49,600 | INFO  | DNAudit | user=null | ip=null | op=WRITE_CHUNK {blockData=conID: 3 locID: 102665036031000983 bcsId: 0} | ret=SUCCESS |  
2019-08-23 07:08:49,605 | INFO  | DNAudit | user=null | ip=null | op=WRITE_CHUNK {blockData=conID: 3 locID: 102665036031000983 bcsId: 0} | ret=SUCCESS |  
2019-08-23 07:08:49,606 | INFO  | DNAudit | user=null | ip=null | op=WRITE_CHUNK {blockData=conID: 3 locID: 102665036031000983 bcsId: 0} | ret=SUCCESS |  
2019-08-23 07:08:49,606 | INFO  | DNAudit | user=null | ip=null | op=WRITE_CHUNK {blockData=conID: 3 locID: 102665036031000983 bcsId: 0} | ret=SUCCESS |  
2019-08-23 07:08:49,609 | INFO  | DNAudit | user=null | ip=null | op=WRITE_CHUNK {blockData=conID: 3 locID: 102665036031000983 bcsId: 0} | ret=SUCCESS |  
2019-08-23 07:08:49,609 | INFO  | DNAudit | user=null | ip=null | op=WRITE_CHUNK {blockData=conID: 3 locID: 102665036031000983 bcsId: 0} | ret=SUCCESS |  
2019-08-23 07:08:49,613 | INFO  | DNAudit | user=null | ip=null | op=WRITE_CHUNK {blockData=conID: 3 locID: 102665036031000983 bcsId: 0} | ret=SUCCESS |  
2019-08-23 07:08:49,614 | INFO  | DNAudit | user=null | ip=null | op=PUT_BLOCK {blockData=[blockId=conID: 3 locID: 102665036031000983 bcsId: 0,size=1048576]} | ret=SUCCESS |  
2019-08-23 07:08:49,615 | INFO  | DNAudit | user=null | ip=null | op=WRITE_CHUNK {blockData=conID: 3 locID: 102665036031000983 bcsId: 0} | ret=SUCCESS |  
2019-08-23 07:08:49,615 | INFO  | DNAudit | user=null | ip=null | op=PUT_BLOCK {blockData=[blockId=conID: 3 locID: 102665036031000983 bcsId: 0,size=2097152]} | ret=SUCCESS |  
2019-08-23 07:08:49,615 [grpc-default-executor-2] INFO  client.GrpcClientProtocolClient (GrpcClientProtocolClient.java:onNext(255)) - client-D91E5D1E15CE->f2ba01fc-a63e-4348-bd18-030b60a135e7: receive RaftClientReply:client-D91E5D1E15CE->f2ba01fc-a63e-4348-bd18-030b60a135e7@group-C8C62FEF0626, cid=637, SUCCESS, logIndex=772, commits[f2ba01fc-a63e-4348-bd18-030b60a135e7:c773, eab135d4-a257-4705-b491-6c056b8c5df7:c771, a4f67574-9018-43e7-8a54-351e98dc3d0a:c769]
2019-08-23 07:08:49,616 [grpc-default-executor-2] INFO  client.GrpcClientProtocolClient (GrpcClientProtocolClient.java:onNext(255)) - client-D91E5D1E15CE->f2ba01fc-a63e-4348-bd18-030b60a135e7: receive RaftClientReply:client-D91E5D1E15CE->f2ba01fc-a63e-4348-bd18-030b60a135e7@group-C8C62FEF0626, cid=638, SUCCESS, logIndex=773, commits[f2ba01fc-a63e-4348-bd18-030b60a135e7:c775, eab135d4-a257-4705-b491-6c056b8c5df7:c771, a4f67574-9018-43e7-8a54-351e98dc3d0a:c771]
2019-08-23 07:08:49,617 [grpc-default-executor-2] INFO  client.GrpcClientProtocolClient (GrpcClientProtocolClient.java:onNext(255)) - client-D91E5D1E15CE->f2ba01fc-a63e-4348-bd18-030b60a135e7: receive RaftClientReply:client-D91E5D1E15CE->f2ba01fc-a63e-4348-bd18-030b60a135e7@group-C8C62FEF0626, cid=639, SUCCESS, logIndex=774, commits[f2ba01fc-a63e-4348-bd18-030b60a135e7:c775, eab135d4-a257-4705-b491-6c056b8c5df7:c771, a4f67574-9018-43e7-8a54-351e98dc3d0a:c771]
2019-08-23 07:08:49,617 [grpc-default-executor-2] INFO  client.GrpcClientProtocolClient (GrpcClientProtocolClient.java:onNext(255)) - client-D91E5D1E15CE->f2ba01fc-a63e-4348-bd18-030b60a135e7: receive RaftClientReply:client-D91E5D1E15CE->f2ba01fc-a63e-4348-bd18-030b60a135e7@group-C8C62FEF0626, cid=640, SUCCESS, logIndex=775, commits[f2ba01fc-a63e-4348-bd18-030b60a135e7:c775, eab135d4-a257-4705-b491-6c056b8c5df7:c771, a4f67574-9018-43e7-8a54-351e98dc3d0a:c771]
2019-08-23 07:08:49,625 | INFO  | DNAudit | user=null | ip=null | op=WRITE_CHUNK {blockData=conID: 3 locID: 102665036031000983 bcsId: 0} | ret=SUCCESS |  
2019-08-23 07:08:49,625 | INFO  | DNAudit | user=null | ip=null | op=WRITE_CHUNK {blockData=conID: 3 locID: 102665036031000983 bcsId: 0} | ret=SUCCESS |  
2019-08-23 07:08:49,626 | INFO  | DNAudit | user=null | ip=null | op=PUT_BLOCK {blockData=[blockId=conID: 3 locID: 102665036031000983 bcsId: 0,size=1048576]} | ret=SUCCESS |  
2019-08-23 07:08:49,626 | INFO  | DNAudit | user=null | ip=null | op=PUT_BLOCK {blockData=[blockId=conID: 3 locID: 102665036031000983 bcsId: 0,size=1048576]} | ret=SUCCESS |  
2019-08-23 07:08:49,627 | INFO  | DNAudit | user=null | ip=null | op=WRITE_CHUNK {blockData=conID: 3 locID: 102665036031000983 bcsId: 0} | ret=SUCCESS |  
2019-08-23 07:08:49,627 | INFO  | DNAudit | user=null | ip=null | op=WRITE_CHUNK {blockData=conID: 3 locID: 102665036031000983 bcsId: 0} | ret=SUCCESS |  
2019-08-23 07:08:49,627 | INFO  | DNAudit | user=null | ip=null | op=PUT_BLOCK {blockData=[blockId=conID: 3 locID: 102665036031000983 bcsId: 0,size=2097152]} | ret=SUCCESS |  
2019-08-23 07:08:49,628 | INFO  | DNAudit | user=null | ip=null | op=PUT_BLOCK {blockData=[blockId=conID: 3 locID: 102665036031000983 bcsId: 0,size=2097152]} | ret=SUCCESS |  
2019-08-23 07:08:49,629 [grpc-default-executor-3] INFO  client.GrpcClientProtocolClient (GrpcClientProtocolClient.java:onNext(255)) - client-D91E5D1E15CE->f2ba01fc-a63e-4348-bd18-030b60a135e7: receive RaftClientReply:client-D91E5D1E15CE->f2ba01fc-a63e-4348-bd18-030b60a135e7@group-C8C62FEF0626, cid=641, SUCCESS, logIndex=0, commits[f2ba01fc-a63e-4348-bd18-030b60a135e7:c776, eab135d4-a257-4705-b491-6c056b8c5df7:c773, a4f67574-9018-43e7-8a54-351e98dc3d0a:c773]
2019-08-23 07:08:49,640 | INFO  | DNAudit | user=null | ip=null | op=WRITE_CHUNK {blockData=conID: 3 locID: 102665036031000983 bcsId: 775} | ret=SUCCESS |  
2019-08-23 07:08:49,643 | INFO  | DNAudit | user=null | ip=null | op=WRITE_CHUNK {blockData=conID: 3 locID: 102665036031000983 bcsId: 775} | ret=SUCCESS |  
2019-08-23 07:08:49,643 | INFO  | DNAudit | user=null | ip=null | op=WRITE_CHUNK {blockData=conID: 3 locID: 102665036031000983 bcsId: 775} | ret=SUCCESS |  
2019-08-23 07:08:49,653 | INFO  | DNAudit | user=null | ip=null | op=WRITE_CHUNK {blockData=conID: 3 locID: 102665036031000983 bcsId: 775} | ret=SUCCESS |  
2019-08-23 07:08:49,654 | INFO  | DNAudit | user=null | ip=null | op=PUT_BLOCK {blockData=[blockId=conID: 3 locID: 102665036031000983 bcsId: 0,size=3145728]} | ret=SUCCESS |  
2019-08-23 07:08:49,654 [grpc-default-executor-4] INFO  client.GrpcClientProtocolClient (GrpcClientProtocolClient.java:onNext(255)) - client-D91E5D1E15CE->f2ba01fc-a63e-4348-bd18-030b60a135e7: receive RaftClientReply:client-D91E5D1E15CE->f2ba01fc-a63e-4348-bd18-030b60a135e7@group-C8C62FEF0626, cid=642, SUCCESS, logIndex=780, commits[f2ba01fc-a63e-4348-bd18-030b60a135e7:c781, eab135d4-a257-4705-b491-6c056b8c5df7:c779, a4f67574-9018-43e7-8a54-351e98dc3d0a:c779]
2019-08-23 07:08:49,655 [grpc-default-executor-4] INFO  client.GrpcClientProtocolClient (GrpcClientProtocolClient.java:onNext(255)) - client-D91E5D1E15CE->f2ba01fc-a63e-4348-bd18-030b60a135e7: receive RaftClientReply:client-D91E5D1E15CE->f2ba01fc-a63e-4348-bd18-030b60a135e7@group-C8C62FEF0626, cid=643, SUCCESS, logIndex=781, commits[f2ba01fc-a63e-4348-bd18-030b60a135e7:c781, eab135d4-a257-4705-b491-6c056b8c5df7:c779, a4f67574-9018-43e7-8a54-351e98dc3d0a:c779]
2019-08-23 07:08:49,663 | INFO  | DNAudit | user=null | ip=null | op=WRITE_CHUNK {blockData=conID: 3 locID: 102665036031000983 bcsId: 781} | ret=SUCCESS |  
2019-08-23 07:08:49,665 | INFO  | DNAudit | user=null | ip=null | op=WRITE_CHUNK {blockData=conID: 3 locID: 102665036031000983 bcsId: 775} | ret=SUCCESS |  
2019-08-23 07:08:49,665 | INFO  | DNAudit | user=null | ip=null | op=WRITE_CHUNK {blockData=conID: 3 locID: 102665036031000983 bcsId: 775} | ret=SUCCESS |  
2019-08-23 07:08:49,665 | INFO  | DNAudit | user=null | ip=null | op=PUT_BLOCK {blockData=[blockId=conID: 3 locID: 102665036031000983 bcsId: 0,size=3145728]} | ret=SUCCESS |  
2019-08-23 07:08:49,666 | INFO  | DNAudit | user=null | ip=null | op=PUT_BLOCK {blockData=[blockId=conID: 3 locID: 102665036031000983 bcsId: 0,size=3145728]} | ret=SUCCESS |  
2019-08-23 07:08:49,667 | INFO  | DNAudit | user=null | ip=null | op=WRITE_CHUNK {blockData=conID: 3 locID: 102665036031000983 bcsId: 781} | ret=SUCCESS |  
2019-08-23 07:08:49,669 | INFO  | DNAudit | user=null | ip=null | op=WRITE_CHUNK {blockData=conID: 3 locID: 102665036031000983 bcsId: 781} | ret=SUCCESS |  
2019-08-23 07:08:49,670 | INFO  | DNAudit | user=null | ip=null | op=WRITE_CHUNK {blockData=conID: 3 locID: 102665036031000983 bcsId: 781} | ret=SUCCESS |  
2019-08-23 07:08:49,671 | INFO  | DNAudit | user=null | ip=null | op=PUT_BLOCK {blockData=[blockId=conID: 3 locID: 102665036031000983 bcsId: 0,size=4194304]} | ret=SUCCESS |  
2019-08-23 07:08:49,671 [grpc-default-executor-4] INFO  client.GrpcClientProtocolClient (GrpcClientProtocolClient.java:onNext(255)) - client-D91E5D1E15CE->f2ba01fc-a63e-4348-bd18-030b60a135e7: receive RaftClientReply:client-D91E5D1E15CE->f2ba01fc-a63e-4348-bd18-030b60a135e7@group-C8C62FEF0626, cid=644, SUCCESS, logIndex=784, commits[f2ba01fc-a63e-4348-bd18-030b60a135e7:c785, eab135d4-a257-4705-b491-6c056b8c5df7:c781, a4f67574-9018-43e7-8a54-351e98dc3d0a:c781]
2019-08-23 07:08:49,672 [grpc-default-executor-4] INFO  client.GrpcClientProtocolClient (GrpcClientProtocolClient.java:onNext(255)) - client-D91E5D1E15CE->f2ba01fc-a63e-4348-bd18-030b60a135e7: receive RaftClientReply:client-D91E5D1E15CE->f2ba01fc-a63e-4348-bd18-030b60a135e7@group-C8C62FEF0626, cid=645, SUCCESS, logIndex=785, commits[f2ba01fc-a63e-4348-bd18-030b60a135e7:c785, eab135d4-a257-4705-b491-6c056b8c5df7:c781, a4f67574-9018-43e7-8a54-351e98dc3d0a:c781]
2019-08-23 07:08:49,672 | INFO  | DNAudit | user=null | ip=null | op=WRITE_CHUNK {blockData=conID: 3 locID: 102665036031000983 bcsId: 781} | ret=SUCCESS |  
2019-08-23 07:08:49,672 | INFO  | DNAudit | user=null | ip=null | op=PUT_BLOCK {blockData=[blockId=conID: 3 locID: 102665036031000983 bcsId: 0,size=4194304]} | ret=SUCCESS |  
2019-08-23 07:08:49,673 | INFO  | DNAudit | user=null | ip=null | op=WRITE_CHUNK {blockData=conID: 3 locID: 102665036031000983 bcsId: 781} | ret=SUCCESS |  
2019-08-23 07:08:49,673 | INFO  | DNAudit | user=null | ip=null | op=PUT_BLOCK {blockData=[blockId=conID: 3 locID: 102665036031000983 bcsId: 0,size=4194304]} | ret=SUCCESS |  
2019-08-23 07:08:49,674 [grpc-default-executor-4] INFO  client.GrpcClientProtocolClient (GrpcClientProtocolClient.java:onNext(255)) - client-D91E5D1E15CE->f2ba01fc-a63e-4348-bd18-030b60a135e7: receive RaftClientReply:client-D91E5D1E15CE->f2ba01fc-a63e-4348-bd18-030b60a135e7@group-C8C62FEF0626, cid=646, SUCCESS, logIndex=0, commits[f2ba01fc-a63e-4348-bd18-030b60a135e7:c786, eab135d4-a257-4705-b491-6c056b8c5df7:c785, a4f67574-9018-43e7-8a54-351e98dc3d0a:c785]
2019-08-23 07:08:49,683 | INFO  | DNAudit | user=null | ip=null | op=WRITE_CHUNK {blockData=conID: 1 locID: 102665036031000984 bcsId: 0} | ret=SUCCESS |  
2019-08-23 07:08:49,687 | INFO  | DNAudit | user=null | ip=null | op=WRITE_CHUNK {blockData=conID: 1 locID: 102665036031000984 bcsId: 0} | ret=SUCCESS |  
2019-08-23 07:08:49,688 | INFO  | DNAudit | user=null | ip=null | op=WRITE_CHUNK {blockData=conID: 1 locID: 102665036031000984 bcsId: 0} | ret=SUCCESS |  
2019-08-23 07:08:49,689 | INFO  | DNAudit | user=null | ip=null | op=WRITE_CHUNK {blockData=conID: 1 locID: 102665036031000984 bcsId: 0} | ret=SUCCESS |  
2019-08-23 07:08:49,691 | INFO  | DNAudit | user=null | ip=null | op=WRITE_CHUNK {blockData=conID: 1 locID: 102665036031000984 bcsId: 0} | ret=SUCCESS |  
2019-08-23 07:08:49,691 | INFO  | DNAudit | user=null | ip=null | op=WRITE_CHUNK {blockData=conID: 1 locID: 102665036031000984 bcsId: 0} | ret=SUCCESS |  
2019-08-23 07:08:49,691 | INFO  | DNAudit | user=null | ip=null | op=WRITE_CHUNK {blockData=conID: 1 locID: 102665036031000984 bcsId: 0} | ret=SUCCESS |  
2019-08-23 07:08:49,691 | INFO  | DNAudit | user=null | ip=null | op=PUT_BLOCK {blockData=[blockId=conID: 1 locID: 102665036031000984 bcsId: 0,size=1048576]} | ret=SUCCESS |  
2019-08-23 07:08:49,692 [grpc-default-executor-3] INFO  client.GrpcClientProtocolClient (GrpcClientProtocolClient.java:onNext(255)) - client-D91E5D1E15CE->f2ba01fc-a63e-4348-bd18-030b60a135e7: receive RaftClientReply:client-D91E5D1E15CE->f2ba01fc-a63e-4348-bd18-030b60a135e7@group-C8C62FEF0626, cid=647, SUCCESS, logIndex=788, commits[f2ba01fc-a63e-4348-bd18-030b60a135e7:c789, eab135d4-a257-4705-b491-6c056b8c5df7:c787, a4f67574-9018-43e7-8a54-351e98dc3d0a:c785]
2019-08-23 07:08:49,693 [grpc-default-executor-6] INFO  client.GrpcClientProtocolClient (GrpcClientProtocolClient.java:onNext(255)) - client-D91E5D1E15CE->f2ba01fc-a63e-4348-bd18-030b60a135e7: receive RaftClientReply:client-D91E5D1E15CE->f2ba01fc-a63e-4348-bd18-030b60a135e7@group-C8C62FEF0626, cid=648, SUCCESS, logIndex=789, commits[f2ba01fc-a63e-4348-bd18-030b60a135e7:c789, eab135d4-a257-4705-b491-6c056b8c5df7:c787, a4f67574-9018-43e7-8a54-351e98dc3d0a:c785]
2019-08-23 07:08:49,694 | INFO  | DNAudit | user=null | ip=null | op=WRITE_CHUNK {blockData=conID: 1 locID: 102665036031000984 bcsId: 0} | ret=SUCCESS |  
2019-08-23 07:08:49,694 | INFO  | DNAudit | user=null | ip=null | op=WRITE_CHUNK {blockData=conID: 1 locID: 102665036031000984 bcsId: 0} | ret=SUCCESS |  
2019-08-23 07:08:49,694 | INFO  | DNAudit | user=null | ip=null | op=WRITE_CHUNK {blockData=conID: 1 locID: 102665036031000984 bcsId: 0} | ret=SUCCESS |  
2019-08-23 07:08:49,694 | INFO  | DNAudit | user=null | ip=null | op=PUT_BLOCK {blockData=[blockId=conID: 1 locID: 102665036031000984 bcsId: 0,size=1048576]} | ret=SUCCESS |  
2019-08-23 07:08:49,695 | INFO  | DNAudit | user=null | ip=null | op=PUT_BLOCK {blockData=[blockId=conID: 1 locID: 102665036031000984 bcsId: 0,size=2097152]} | ret=SUCCESS |  
2019-08-23 07:08:49,695 | INFO  | DNAudit | user=null | ip=null | op=PUT_BLOCK {blockData=[blockId=conID: 1 locID: 102665036031000984 bcsId: 0,size=1048576]} | ret=SUCCESS |  
2019-08-23 07:08:49,695 [grpc-default-executor-3] INFO  client.GrpcClientProtocolClient (GrpcClientProtocolClient.java:onNext(255)) - client-D91E5D1E15CE->f2ba01fc-a63e-4348-bd18-030b60a135e7: receive RaftClientReply:client-D91E5D1E15CE->f2ba01fc-a63e-4348-bd18-030b60a135e7@group-C8C62FEF0626, cid=649, SUCCESS, logIndex=790, commits[f2ba01fc-a63e-4348-bd18-030b60a135e7:c791, eab135d4-a257-4705-b491-6c056b8c5df7:c788, a4f67574-9018-43e7-8a54-351e98dc3d0a:c787]
2019-08-23 07:08:49,695 | INFO  | DNAudit | user=null | ip=null | op=WRITE_CHUNK {blockData=conID: 1 locID: 102665036031000984 bcsId: 0} | ret=SUCCESS |  
2019-08-23 07:08:49,696 | INFO  | DNAudit | user=null | ip=null | op=PUT_BLOCK {blockData=[blockId=conID: 1 locID: 102665036031000984 bcsId: 0,size=2097152]} | ret=SUCCESS |  
2019-08-23 07:08:49,696 [grpc-default-executor-3] INFO  client.GrpcClientProtocolClient (GrpcClientProtocolClient.java:onNext(255)) - client-D91E5D1E15CE->f2ba01fc-a63e-4348-bd18-030b60a135e7: receive RaftClientReply:client-D91E5D1E15CE->f2ba01fc-a63e-4348-bd18-030b60a135e7@group-C8C62FEF0626, cid=650, SUCCESS, logIndex=791, commits[f2ba01fc-a63e-4348-bd18-030b60a135e7:c793, eab135d4-a257-4705-b491-6c056b8c5df7:c789, a4f67574-9018-43e7-8a54-351e98dc3d0a:c789]
2019-08-23 07:08:49,696 | INFO  | DNAudit | user=null | ip=null | op=WRITE_CHUNK {blockData=conID: 1 locID: 102665036031000984 bcsId: 0} | ret=SUCCESS |  
2019-08-23 07:08:49,697 | INFO  | DNAudit | user=null | ip=null | op=PUT_BLOCK {blockData=[blockId=conID: 1 locID: 102665036031000984 bcsId: 0,size=2097152]} | ret=SUCCESS |  
2019-08-23 07:08:49,705 | INFO  | DNAudit | user=null | ip=null | op=WRITE_CHUNK {blockData=conID: 1 locID: 102665036031000984 bcsId: 791} | ret=SUCCESS |  
2019-08-23 07:08:49,708 | INFO  | DNAudit | user=null | ip=null | op=WRITE_CHUNK {blockData=conID: 1 locID: 102665036031000984 bcsId: 791} | ret=SUCCESS |  
2019-08-23 07:08:49,708 | INFO  | DNAudit | user=null | ip=null | op=WRITE_CHUNK {blockData=conID: 1 locID: 102665036031000984 bcsId: 791} | ret=SUCCESS |  
2019-08-23 07:08:49,711 | INFO  | DNAudit | user=null | ip=null | op=WRITE_CHUNK {blockData=conID: 1 locID: 102665036031000984 bcsId: 791} | ret=SUCCESS |  
2019-08-23 07:08:49,712 | INFO  | DNAudit | user=null | ip=null | op=PUT_BLOCK {blockData=[blockId=conID: 1 locID: 102665036031000984 bcsId: 0,size=3145728]} | ret=SUCCESS |  
2019-08-23 07:08:49,712 [grpc-default-executor-4] INFO  client.GrpcClientProtocolClient (GrpcClientProtocolClient.java:onNext(255)) - client-D91E5D1E15CE->f2ba01fc-a63e-4348-bd18-030b60a135e7: receive RaftClientReply:client-D91E5D1E15CE->f2ba01fc-a63e-4348-bd18-030b60a135e7@group-C8C62FEF0626, cid=651, SUCCESS, logIndex=796, commits[f2ba01fc-a63e-4348-bd18-030b60a135e7:c797, eab135d4-a257-4705-b491-6c056b8c5df7:c795, a4f67574-9018-43e7-8a54-351e98dc3d0a:c795]
2019-08-23 07:08:49,713 [grpc-default-executor-4] INFO  client.GrpcClientProtocolClient (GrpcClientProtocolClient.java:onNext(255)) - client-D91E5D1E15CE->f2ba01fc-a63e-4348-bd18-030b60a135e7: receive RaftClientReply:client-D91E5D1E15CE->f2ba01fc-a63e-4348-bd18-030b60a135e7@group-C8C62FEF0626, cid=652, SUCCESS, logIndex=797, commits[f2ba01fc-a63e-4348-bd18-030b60a135e7:c797, eab135d4-a257-4705-b491-6c056b8c5df7:c795, a4f67574-9018-43e7-8a54-351e98dc3d0a:c795]
2019-08-23 07:08:49,714 | INFO  | DNAudit | user=null | ip=null | op=WRITE_CHUNK {blockData=conID: 1 locID: 102665036031000984 bcsId: 791} | ret=SUCCESS |  
2019-08-23 07:08:49,714 | INFO  | DNAudit | user=null | ip=null | op=WRITE_CHUNK {blockData=conID: 1 locID: 102665036031000984 bcsId: 791} | ret=SUCCESS |  
2019-08-23 07:08:49,716 | INFO  | DNAudit | user=null | ip=null | op=PUT_BLOCK {blockData=[blockId=conID: 1 locID: 102665036031000984 bcsId: 0,size=3145728]} | ret=SUCCESS |  
2019-08-23 07:08:49,716 | INFO  | DNAudit | user=null | ip=null | op=PUT_BLOCK {blockData=[blockId=conID: 1 locID: 102665036031000984 bcsId: 0,size=3145728]} | ret=SUCCESS |  
2019-08-23 07:08:49,723 | INFO  | DNAudit | user=null | ip=null | op=WRITE_CHUNK {blockData=conID: 1 locID: 102665036031000984 bcsId: 797} | ret=SUCCESS |  
2019-08-23 07:08:49,725 | INFO  | DNAudit | user=null | ip=null | op=WRITE_CHUNK {blockData=conID: 1 locID: 102665036031000984 bcsId: 797} | ret=SUCCESS |  
2019-08-23 07:08:49,726 | INFO  | DNAudit | user=null | ip=null | op=WRITE_CHUNK {blockData=conID: 1 locID: 102665036031000984 bcsId: 797} | ret=SUCCESS |  
2019-08-23 07:08:49,735 | INFO  | DNAudit | user=null | ip=null | op=WRITE_CHUNK {blockData=conID: 1 locID: 102665036031000984 bcsId: 797} | ret=SUCCESS |  
2019-08-23 07:08:49,735 | INFO  | DNAudit | user=null | ip=null | op=PUT_BLOCK {blockData=[blockId=conID: 1 locID: 102665036031000984 bcsId: 0,size=4194304]} | ret=SUCCESS |  
2019-08-23 07:08:49,736 [grpc-default-executor-3] INFO  client.GrpcClientProtocolClient (GrpcClientProtocolClient.java:onNext(255)) - client-D91E5D1E15CE->f2ba01fc-a63e-4348-bd18-030b60a135e7: receive RaftClientReply:client-D91E5D1E15CE->f2ba01fc-a63e-4348-bd18-030b60a135e7@group-C8C62FEF0626, cid=653, SUCCESS, logIndex=800, commits[f2ba01fc-a63e-4348-bd18-030b60a135e7:c801, eab135d4-a257-4705-b491-6c056b8c5df7:c799, a4f67574-9018-43e7-8a54-351e98dc3d0a:c799]
2019-08-23 07:08:49,736 [grpc-default-executor-3] INFO  client.GrpcClientProtocolClient (GrpcClientProtocolClient.java:onNext(255)) - client-D91E5D1E15CE->f2ba01fc-a63e-4348-bd18-030b60a135e7: receive RaftClientReply:client-D91E5D1E15CE->f2ba01fc-a63e-4348-bd18-030b60a135e7@group-C8C62FEF0626, cid=654, SUCCESS, logIndex=801, commits[f2ba01fc-a63e-4348-bd18-030b60a135e7:c801, eab135d4-a257-4705-b491-6c056b8c5df7:c799, a4f67574-9018-43e7-8a54-351e98dc3d0a:c799]
2019-08-23 07:08:49,737 | INFO  | DNAudit | user=null | ip=null | op=WRITE_CHUNK {blockData=conID: 1 locID: 102665036031000984 bcsId: 797} | ret=SUCCESS |  
2019-08-23 07:08:49,737 | INFO  | DNAudit | user=null | ip=null | op=WRITE_CHUNK {blockData=conID: 1 locID: 102665036031000984 bcsId: 797} | ret=SUCCESS |  
2019-08-23 07:08:49,737 | INFO  | DNAudit | user=null | ip=null | op=PUT_BLOCK {blockData=[blockId=conID: 1 locID: 102665036031000984 bcsId: 0,size=4194304]} | ret=SUCCESS |  
2019-08-23 07:08:49,737 | INFO  | DNAudit | user=null | ip=null | op=PUT_BLOCK {blockData=[blockId=conID: 1 locID: 102665036031000984 bcsId: 0,size=4194304]} | ret=SUCCESS |  
2019-08-23 07:08:49,738 [grpc-default-executor-3] INFO  client.GrpcClientProtocolClient (GrpcClientProtocolClient.java:onNext(255)) - client-D91E5D1E15CE->f2ba01fc-a63e-4348-bd18-030b60a135e7: receive RaftClientReply:client-D91E5D1E15CE->f2ba01fc-a63e-4348-bd18-030b60a135e7@group-C8C62FEF0626, cid=655, SUCCESS, logIndex=0, commits[f2ba01fc-a63e-4348-bd18-030b60a135e7:c802, eab135d4-a257-4705-b491-6c056b8c5df7:c801, a4f67574-9018-43e7-8a54-351e98dc3d0a:c801]
2019-08-23 07:08:49,747 | INFO  | DNAudit | user=null | ip=null | op=WRITE_CHUNK {blockData=conID: 2 locID: 102665036031000985 bcsId: 0} | ret=SUCCESS |  
2019-08-23 07:08:49,752 | INFO  | DNAudit | user=null | ip=null | op=WRITE_CHUNK {blockData=conID: 2 locID: 102665036031000985 bcsId: 0} | ret=SUCCESS |  
2019-08-23 07:08:49,752 | INFO  | DNAudit | user=null | ip=null | op=WRITE_CHUNK {blockData=conID: 2 locID: 102665036031000985 bcsId: 0} | ret=SUCCESS |  
2019-08-23 07:08:49,752 | INFO  | DNAudit | user=null | ip=null | op=WRITE_CHUNK {blockData=conID: 2 locID: 102665036031000985 bcsId: 0} | ret=SUCCESS |  
2019-08-23 07:08:49,754 | INFO  | DNAudit | user=null | ip=null | op=WRITE_CHUNK {blockData=conID: 2 locID: 102665036031000985 bcsId: 0} | ret=SUCCESS |  
2019-08-23 07:08:49,755 | INFO  | DNAudit | user=null | ip=null | op=WRITE_CHUNK {blockData=conID: 2 locID: 102665036031000985 bcsId: 0} | ret=SUCCESS |  
2019-08-23 07:08:49,756 | INFO  | DNAudit | user=null | ip=null | op=PUT_BLOCK {blockData=[blockId=conID: 2 locID: 102665036031000985 bcsId: 0,size=1048576]} | ret=SUCCESS |  
2019-08-23 07:08:49,756 | INFO  | DNAudit | user=null | ip=null | op=WRITE_CHUNK {blockData=conID: 2 locID: 102665036031000985 bcsId: 0} | ret=SUCCESS |  
2019-08-23 07:08:49,756 [grpc-default-executor-4] INFO  client.GrpcClientProtocolClient (GrpcClientProtocolClient.java:onNext(255)) - client-D91E5D1E15CE->f2ba01fc-a63e-4348-bd18-030b60a135e7: receive RaftClientReply:client-D91E5D1E15CE->f2ba01fc-a63e-4348-bd18-030b60a135e7@group-C8C62FEF0626, cid=656, SUCCESS, logIndex=804, commits[f2ba01fc-a63e-4348-bd18-030b60a135e7:c805, eab135d4-a257-4705-b491-6c056b8c5df7:c803, a4f67574-9018-43e7-8a54-351e98dc3d0a:c801]
2019-08-23 07:08:49,757 [grpc-default-executor-4] INFO  client.GrpcClientProtocolClient (GrpcClientProtocolClient.java:onNext(255)) - client-D91E5D1E15CE->f2ba01fc-a63e-4348-bd18-030b60a135e7: receive RaftClientReply:client-D91E5D1E15CE->f2ba01fc-a63e-4348-bd18-030b60a135e7@group-C8C62FEF0626, cid=657, SUCCESS, logIndex=805, commits[f2ba01fc-a63e-4348-bd18-030b60a135e7:c805, eab135d4-a257-4705-b491-6c056b8c5df7:c803, a4f67574-9018-43e7-8a54-351e98dc3d0a:c801]
2019-08-23 07:08:49,757 | INFO  | DNAudit | user=null | ip=null | op=WRITE_CHUNK {blockData=conID: 2 locID: 102665036031000985 bcsId: 0} | ret=SUCCESS |  
2019-08-23 07:08:49,758 | INFO  | DNAudit | user=null | ip=null | op=PUT_BLOCK {blockData=[blockId=conID: 2 locID: 102665036031000985 bcsId: 0,size=2097152]} | ret=SUCCESS |  
2019-08-23 07:08:49,758 [grpc-default-executor-4] INFO  client.GrpcClientProtocolClient (GrpcClientProtocolClient.java:onNext(255)) - client-D91E5D1E15CE->f2ba01fc-a63e-4348-bd18-030b60a135e7: receive RaftClientReply:client-D91E5D1E15CE->f2ba01fc-a63e-4348-bd18-030b60a135e7@group-C8C62FEF0626, cid=658, SUCCESS, logIndex=806, commits[f2ba01fc-a63e-4348-bd18-030b60a135e7:c807, eab135d4-a257-4705-b491-6c056b8c5df7:c803, a4f67574-9018-43e7-8a54-351e98dc3d0a:c803]
2019-08-23 07:08:49,758 | INFO  | DNAudit | user=null | ip=null | op=WRITE_CHUNK {blockData=conID: 2 locID: 102665036031000985 bcsId: 0} | ret=SUCCESS |  
2019-08-23 07:08:49,759 | INFO  | DNAudit | user=null | ip=null | op=PUT_BLOCK {blockData=[blockId=conID: 2 locID: 102665036031000985 bcsId: 0,size=1048576]} | ret=SUCCESS |  
2019-08-23 07:08:49,759 | INFO  | DNAudit | user=null | ip=null | op=WRITE_CHUNK {blockData=conID: 2 locID: 102665036031000985 bcsId: 0} | ret=SUCCESS |  
2019-08-23 07:08:49,759 [grpc-default-executor-4] INFO  client.GrpcClientProtocolClient (GrpcClientProtocolClient.java:onNext(255)) - client-D91E5D1E15CE->f2ba01fc-a63e-4348-bd18-030b60a135e7: receive RaftClientReply:client-D91E5D1E15CE->f2ba01fc-a63e-4348-bd18-030b60a135e7@group-C8C62FEF0626, cid=659, SUCCESS, logIndex=807, commits[f2ba01fc-a63e-4348-bd18-030b60a135e7:c807, eab135d4-a257-4705-b491-6c056b8c5df7:c803, a4f67574-9018-43e7-8a54-351e98dc3d0a:c803]
2019-08-23 07:08:49,760 | INFO  | DNAudit | user=null | ip=null | op=PUT_BLOCK {blockData=[blockId=conID: 2 locID: 102665036031000985 bcsId: 0,size=1048576]} | ret=SUCCESS |  
2019-08-23 07:08:49,760 | INFO  | DNAudit | user=null | ip=null | op=WRITE_CHUNK {blockData=conID: 2 locID: 102665036031000985 bcsId: 0} | ret=SUCCESS |  
2019-08-23 07:08:49,761 | INFO  | DNAudit | user=null | ip=null | op=PUT_BLOCK {blockData=[blockId=conID: 2 locID: 102665036031000985 bcsId: 0,size=2097152]} | ret=SUCCESS |  
2019-08-23 07:08:49,761 [grpc-default-executor-4] INFO  client.GrpcClientProtocolClient (GrpcClientProtocolClient.java:onNext(255)) - client-D91E5D1E15CE->f2ba01fc-a63e-4348-bd18-030b60a135e7: receive RaftClientReply:client-D91E5D1E15CE->f2ba01fc-a63e-4348-bd18-030b60a135e7@group-C8C62FEF0626, cid=660, SUCCESS, logIndex=0, commits[f2ba01fc-a63e-4348-bd18-030b60a135e7:c809, eab135d4-a257-4705-b491-6c056b8c5df7:c805, a4f67574-9018-43e7-8a54-351e98dc3d0a:c805]
2019-08-23 07:08:49,762 | INFO  | DNAudit | user=null | ip=null | op=WRITE_CHUNK {blockData=conID: 2 locID: 102665036031000985 bcsId: 0} | ret=SUCCESS |  
2019-08-23 07:08:49,762 | INFO  | DNAudit | user=null | ip=null | op=PUT_BLOCK {blockData=[blockId=conID: 2 locID: 102665036031000985 bcsId: 0,size=2097152]} | ret=SUCCESS |  
2019-08-23 07:08:49,769 | INFO  | DNAudit | user=null | ip=null | op=WRITE_CHUNK {blockData=conID: 2 locID: 102665036031000985 bcsId: 807} | ret=SUCCESS |  
2019-08-23 07:08:49,773 | INFO  | DNAudit | user=null | ip=null | op=WRITE_CHUNK {blockData=conID: 2 locID: 102665036031000985 bcsId: 807} | ret=SUCCESS |  
2019-08-23 07:08:49,773 | INFO  | DNAudit | user=null | ip=null | op=WRITE_CHUNK {blockData=conID: 2 locID: 102665036031000985 bcsId: 807} | ret=SUCCESS |  
2019-08-23 07:08:49,792 | INFO  | DNAudit | user=null | ip=null | op=WRITE_CHUNK {blockData=conID: 2 locID: 102665036031000985 bcsId: 807} | ret=SUCCESS |  
2019-08-23 07:08:49,793 [grpc-default-executor-4] INFO  client.GrpcClientProtocolClient (GrpcClientProtocolClient.java:onNext(255)) - client-D91E5D1E15CE->f2ba01fc-a63e-4348-bd18-030b60a135e7: receive RaftClientReply:client-D91E5D1E15CE->f2ba01fc-a63e-4348-bd18-030b60a135e7@group-C8C62FEF0626, cid=661, SUCCESS, logIndex=812, commits[f2ba01fc-a63e-4348-bd18-030b60a135e7:c813, eab135d4-a257-4705-b491-6c056b8c5df7:c811, a4f67574-9018-43e7-8a54-351e98dc3d0a:c811]
2019-08-23 07:08:49,800 | INFO  | DNAudit | user=null | ip=null | op=WRITE_CHUNK {blockData=conID: 2 locID: 102665036031000985 bcsId: 807} | ret=SUCCESS |  
2019-08-23 07:08:49,800 | INFO  | DNAudit | user=null | ip=null | op=WRITE_CHUNK {blockData=conID: 2 locID: 102665036031000985 bcsId: 807} | ret=SUCCESS |  
2019-08-23 07:08:49,801 | INFO  | DNAudit | user=null | ip=null | op=PUT_BLOCK {blockData=[blockId=conID: 2 locID: 102665036031000985 bcsId: 0,size=3145728]} | ret=SUCCESS |  
2019-08-23 07:08:49,801 | INFO  | DNAudit | user=null | ip=null | op=PUT_BLOCK {blockData=[blockId=conID: 2 locID: 102665036031000985 bcsId: 0,size=3145728]} | ret=SUCCESS |  
2019-08-23 07:08:49,801 | INFO  | DNAudit | user=null | ip=null | op=PUT_BLOCK {blockData=[blockId=conID: 2 locID: 102665036031000985 bcsId: 0,size=3145728]} | ret=SUCCESS |  
2019-08-23 07:08:49,802 [grpc-default-executor-4] INFO  client.GrpcClientProtocolClient (GrpcClientProtocolClient.java:onNext(255)) - client-D91E5D1E15CE->f2ba01fc-a63e-4348-bd18-030b60a135e7: receive RaftClientReply:client-D91E5D1E15CE->f2ba01fc-a63e-4348-bd18-030b60a135e7@group-C8C62FEF0626, cid=662, SUCCESS, logIndex=813, commits[f2ba01fc-a63e-4348-bd18-030b60a135e7:c814, eab135d4-a257-4705-b491-6c056b8c5df7:c813, a4f67574-9018-43e7-8a54-351e98dc3d0a:c813]
2019-08-23 07:08:49,812 | INFO  | DNAudit | user=null | ip=null | op=WRITE_CHUNK {blockData=conID: 2 locID: 102665036031000985 bcsId: 813} | ret=SUCCESS |  
2019-08-23 07:08:49,814 | INFO  | DNAudit | user=null | ip=null | op=WRITE_CHUNK {blockData=conID: 2 locID: 102665036031000985 bcsId: 813} | ret=SUCCESS |  
2019-08-23 07:08:49,815 | INFO  | DNAudit | user=null | ip=null | op=WRITE_CHUNK {blockData=conID: 2 locID: 102665036031000985 bcsId: 813} | ret=SUCCESS |  
2019-08-23 07:08:49,828 | INFO  | DNAudit | user=null | ip=null | op=WRITE_CHUNK {blockData=conID: 2 locID: 102665036031000985 bcsId: 813} | ret=SUCCESS |  
2019-08-23 07:08:49,828 | INFO  | DNAudit | user=null | ip=null | op=PUT_BLOCK {blockData=[blockId=conID: 2 locID: 102665036031000985 bcsId: 0,size=4194304]} | ret=SUCCESS |  
2019-08-23 07:08:49,829 [grpc-default-executor-3] INFO  client.GrpcClientProtocolClient (GrpcClientProtocolClient.java:onNext(255)) - client-D91E5D1E15CE->f2ba01fc-a63e-4348-bd18-030b60a135e7: receive RaftClientReply:client-D91E5D1E15CE->f2ba01fc-a63e-4348-bd18-030b60a135e7@group-C8C62FEF0626, cid=663, SUCCESS, logIndex=815, commits[f2ba01fc-a63e-4348-bd18-030b60a135e7:c816, eab135d4-a257-4705-b491-6c056b8c5df7:c814, a4f67574-9018-43e7-8a54-351e98dc3d0a:c814]
2019-08-23 07:08:49,829 [grpc-default-executor-3] INFO  client.GrpcClientProtocolClient (GrpcClientProtocolClient.java:onNext(255)) - client-D91E5D1E15CE->f2ba01fc-a63e-4348-bd18-030b60a135e7: receive RaftClientReply:client-D91E5D1E15CE->f2ba01fc-a63e-4348-bd18-030b60a135e7@group-C8C62FEF0626, cid=664, SUCCESS, logIndex=816, commits[f2ba01fc-a63e-4348-bd18-030b60a135e7:c816, eab135d4-a257-4705-b491-6c056b8c5df7:c814, a4f67574-9018-43e7-8a54-351e98dc3d0a:c814]
2019-08-23 07:08:49,839 | INFO  | DNAudit | user=null | ip=null | op=WRITE_CHUNK {blockData=conID: 2 locID: 102665036031000985 bcsId: 813} | ret=SUCCESS |  
2019-08-23 07:08:49,840 | INFO  | DNAudit | user=null | ip=null | op=WRITE_CHUNK {blockData=conID: 2 locID: 102665036031000985 bcsId: 813} | ret=SUCCESS |  
2019-08-23 07:08:49,840 | INFO  | DNAudit | user=null | ip=null | op=PUT_BLOCK {blockData=[blockId=conID: 2 locID: 102665036031000985 bcsId: 0,size=4194304]} | ret=SUCCESS |  
2019-08-23 07:08:49,841 | INFO  | DNAudit | user=null | ip=null | op=PUT_BLOCK {blockData=[blockId=conID: 2 locID: 102665036031000985 bcsId: 0,size=4194304]} | ret=SUCCESS |  
2019-08-23 07:08:49,842 [grpc-default-executor-3] INFO  client.GrpcClientProtocolClient (GrpcClientProtocolClient.java:onNext(255)) - client-D91E5D1E15CE->f2ba01fc-a63e-4348-bd18-030b60a135e7: receive RaftClientReply:client-D91E5D1E15CE->f2ba01fc-a63e-4348-bd18-030b60a135e7@group-C8C62FEF0626, cid=665, SUCCESS, logIndex=0, commits[f2ba01fc-a63e-4348-bd18-030b60a135e7:c817, eab135d4-a257-4705-b491-6c056b8c5df7:c816, a4f67574-9018-43e7-8a54-351e98dc3d0a:c816]
2019-08-23 07:08:49,851 | INFO  | DNAudit | user=null | ip=null | op=WRITE_CHUNK {blockData=conID: 3 locID: 102665036031000986 bcsId: 0} | ret=SUCCESS |  
2019-08-23 07:08:49,855 | INFO  | DNAudit | user=null | ip=null | op=WRITE_CHUNK {blockData=conID: 3 locID: 102665036031000986 bcsId: 0} | ret=SUCCESS |  
2019-08-23 07:08:49,855 | INFO  | DNAudit | user=null | ip=null | op=WRITE_CHUNK {blockData=conID: 3 locID: 102665036031000986 bcsId: 0} | ret=SUCCESS |  
2019-08-23 07:08:49,856 | INFO  | DNAudit | user=null | ip=null | op=WRITE_CHUNK {blockData=conID: 3 locID: 102665036031000986 bcsId: 0} | ret=SUCCESS |  
2019-08-23 07:08:49,858 | INFO  | DNAudit | user=null | ip=null | op=WRITE_CHUNK {blockData=conID: 3 locID: 102665036031000986 bcsId: 0} | ret=SUCCESS |  
2019-08-23 07:08:49,859 | INFO  | DNAudit | user=null | ip=null | op=WRITE_CHUNK {blockData=conID: 3 locID: 102665036031000986 bcsId: 0} | ret=SUCCESS |  
2019-08-23 07:08:49,864 | INFO  | DNAudit | user=null | ip=null | op=WRITE_CHUNK {blockData=conID: 3 locID: 102665036031000986 bcsId: 0} | ret=SUCCESS |  
2019-08-23 07:08:49,865 | INFO  | DNAudit | user=null | ip=null | op=PUT_BLOCK {blockData=[blockId=conID: 3 locID: 102665036031000986 bcsId: 0,size=1048576]} | ret=SUCCESS |  
2019-08-23 07:08:49,865 | INFO  | DNAudit | user=null | ip=null | op=WRITE_CHUNK {blockData=conID: 3 locID: 102665036031000986 bcsId: 0} | ret=SUCCESS |  
2019-08-23 07:08:49,865 [grpc-default-executor-3] INFO  client.GrpcClientProtocolClient (GrpcClientProtocolClient.java:onNext(255)) - client-D91E5D1E15CE->f2ba01fc-a63e-4348-bd18-030b60a135e7: receive RaftClientReply:client-D91E5D1E15CE->f2ba01fc-a63e-4348-bd18-030b60a135e7@group-C8C62FEF0626, cid=666, SUCCESS, logIndex=819, commits[f2ba01fc-a63e-4348-bd18-030b60a135e7:c820, eab135d4-a257-4705-b491-6c056b8c5df7:c818, a4f67574-9018-43e7-8a54-351e98dc3d0a:c818]
2019-08-23 07:08:49,866 | INFO  | DNAudit | user=null | ip=null | op=PUT_BLOCK {blockData=[blockId=conID: 3 locID: 102665036031000986 bcsId: 0,size=2097152]} | ret=SUCCESS |  
2019-08-23 07:08:49,866 [grpc-default-executor-3] INFO  client.GrpcClientProtocolClient (GrpcClientProtocolClient.java:onNext(255)) - client-D91E5D1E15CE->f2ba01fc-a63e-4348-bd18-030b60a135e7: receive RaftClientReply:client-D91E5D1E15CE->f2ba01fc-a63e-4348-bd18-030b60a135e7@group-C8C62FEF0626, cid=667, SUCCESS, logIndex=820, commits[f2ba01fc-a63e-4348-bd18-030b60a135e7:c822, eab135d4-a257-4705-b491-6c056b8c5df7:c818, a4f67574-9018-43e7-8a54-351e98dc3d0a:c818]
2019-08-23 07:08:49,867 [grpc-default-executor-3] INFO  client.GrpcClientProtocolClient (GrpcClientProtocolClient.java:onNext(255)) - client-D91E5D1E15CE->f2ba01fc-a63e-4348-bd18-030b60a135e7: receive RaftClientReply:client-D91E5D1E15CE->f2ba01fc-a63e-4348-bd18-030b60a135e7@group-C8C62FEF0626, cid=668, SUCCESS, logIndex=821, commits[f2ba01fc-a63e-4348-bd18-030b60a135e7:c822, eab135d4-a257-4705-b491-6c056b8c5df7:c818, a4f67574-9018-43e7-8a54-351e98dc3d0a:c818]
2019-08-23 07:08:49,867 [grpc-default-executor-3] INFO  client.GrpcClientProtocolClient (GrpcClientProtocolClient.java:onNext(255)) - client-D91E5D1E15CE->f2ba01fc-a63e-4348-bd18-030b60a135e7: receive RaftClientReply:client-D91E5D1E15CE->f2ba01fc-a63e-4348-bd18-030b60a135e7@group-C8C62FEF0626, cid=669, SUCCESS, logIndex=822, commits[f2ba01fc-a63e-4348-bd18-030b60a135e7:c822, eab135d4-a257-4705-b491-6c056b8c5df7:c818, a4f67574-9018-43e7-8a54-351e98dc3d0a:c818]
 0.00% |█                                                                                                    |  0/1 Time: 0:00:012019-08-23 07:08:49,876 | INFO  | DNAudit | user=null | ip=null | op=WRITE_CHUNK {blockData=conID: 3 locID: 102665036031000986 bcsId: 0} | ret=SUCCESS |  
2019-08-23 07:08:49,876 | INFO  | DNAudit | user=null | ip=null | op=WRITE_CHUNK {blockData=conID: 3 locID: 102665036031000986 bcsId: 0} | ret=SUCCESS |  
2019-08-23 07:08:49,877 | INFO  | DNAudit | user=null | ip=null | op=PUT_BLOCK {blockData=[blockId=conID: 3 locID: 102665036031000986 bcsId: 0,size=1048576]} | ret=SUCCESS |  
2019-08-23 07:08:49,877 | INFO  | DNAudit | user=null | ip=null | op=PUT_BLOCK {blockData=[blockId=conID: 3 locID: 102665036031000986 bcsId: 0,size=1048576]} | ret=SUCCESS |  
2019-08-23 07:08:49,878 | INFO  | DNAudit | user=null | ip=null | op=WRITE_CHUNK {blockData=conID: 3 locID: 102665036031000986 bcsId: 0} | ret=SUCCESS |  
2019-08-23 07:08:49,878 | INFO  | DNAudit | user=null | ip=null | op=WRITE_CHUNK {blockData=conID: 3 locID: 102665036031000986 bcsId: 0} | ret=SUCCESS |  
2019-08-23 07:08:49,878 | INFO  | DNAudit | user=null | ip=null | op=PUT_BLOCK {blockData=[blockId=conID: 3 locID: 102665036031000986 bcsId: 0,size=2097152]} | ret=SUCCESS |  
2019-08-23 07:08:49,878 | INFO  | DNAudit | user=null | ip=null | op=PUT_BLOCK {blockData=[blockId=conID: 3 locID: 102665036031000986 bcsId: 0,size=2097152]} | ret=SUCCESS |  
2019-08-23 07:08:49,878 [grpc-default-executor-3] INFO  client.GrpcClientProtocolClient (GrpcClientProtocolClient.java:onNext(255)) - client-D91E5D1E15CE->f2ba01fc-a63e-4348-bd18-030b60a135e7: receive RaftClientReply:client-D91E5D1E15CE->f2ba01fc-a63e-4348-bd18-030b60a135e7@group-C8C62FEF0626, cid=670, SUCCESS, logIndex=0, commits[f2ba01fc-a63e-4348-bd18-030b60a135e7:c824, eab135d4-a257-4705-b491-6c056b8c5df7:c820, a4f67574-9018-43e7-8a54-351e98dc3d0a:c820]
2019-08-23 07:08:49,886 | INFO  | DNAudit | user=null | ip=null | op=WRITE_CHUNK {blockData=conID: 3 locID: 102665036031000986 bcsId: 822} | ret=SUCCESS |  
2019-08-23 07:08:49,890 | INFO  | DNAudit | user=null | ip=null | op=WRITE_CHUNK {blockData=conID: 3 locID: 102665036031000986 bcsId: 822} | ret=SUCCESS |  
2019-08-23 07:08:49,891 | INFO  | DNAudit | user=null | ip=null | op=WRITE_CHUNK {blockData=conID: 3 locID: 102665036031000986 bcsId: 822} | ret=SUCCESS |  
2019-08-23 07:08:49,900 | INFO  | DNAudit | user=null | ip=null | op=WRITE_CHUNK {blockData=conID: 3 locID: 102665036031000986 bcsId: 822} | ret=SUCCESS |  
2019-08-23 07:08:49,900 | INFO  | DNAudit | user=null | ip=null | op=PUT_BLOCK {blockData=[blockId=conID: 3 locID: 102665036031000986 bcsId: 0,size=3145728]} | ret=SUCCESS |  
2019-08-23 07:08:49,901 [grpc-default-executor-3] INFO  client.GrpcClientProtocolClient (GrpcClientProtocolClient.java:onNext(255)) - client-D91E5D1E15CE->f2ba01fc-a63e-4348-bd18-030b60a135e7: receive RaftClientReply:client-D91E5D1E15CE->f2ba01fc-a63e-4348-bd18-030b60a135e7@group-C8C62FEF0626, cid=671, SUCCESS, logIndex=826, commits[f2ba01fc-a63e-4348-bd18-030b60a135e7:c827, eab135d4-a257-4705-b491-6c056b8c5df7:c825, a4f67574-9018-43e7-8a54-351e98dc3d0a:c825]
2019-08-23 07:08:49,901 [grpc-default-executor-3] INFO  client.GrpcClientProtocolClient (GrpcClientProtocolClient.java:onNext(255)) - client-D91E5D1E15CE->f2ba01fc-a63e-4348-bd18-030b60a135e7: receive RaftClientReply:client-D91E5D1E15CE->f2ba01fc-a63e-4348-bd18-030b60a135e7@group-C8C62FEF0626, cid=672, SUCCESS, logIndex=827, commits[f2ba01fc-a63e-4348-bd18-030b60a135e7:c827, eab135d4-a257-4705-b491-6c056b8c5df7:c825, a4f67574-9018-43e7-8a54-351e98dc3d0a:c825]
2019-08-23 07:08:49,909 | INFO  | DNAudit | user=null | ip=null | op=WRITE_CHUNK {blockData=conID: 3 locID: 102665036031000986 bcsId: 827} | ret=SUCCESS |  
2019-08-23 07:08:49,912 | INFO  | DNAudit | user=null | ip=null | op=WRITE_CHUNK {blockData=conID: 3 locID: 102665036031000986 bcsId: 822} | ret=SUCCESS |  
2019-08-23 07:08:49,912 | INFO  | DNAudit | user=null | ip=null | op=WRITE_CHUNK {blockData=conID: 3 locID: 102665036031000986 bcsId: 822} | ret=SUCCESS |  
2019-08-23 07:08:49,912 | INFO  | DNAudit | user=null | ip=null | op=PUT_BLOCK {blockData=[blockId=conID: 3 locID: 102665036031000986 bcsId: 0,size=3145728]} | ret=SUCCESS |  
2019-08-23 07:08:49,912 | INFO  | DNAudit | user=null | ip=null | op=PUT_BLOCK {blockData=[blockId=conID: 3 locID: 102665036031000986 bcsId: 0,size=3145728]} | ret=SUCCESS |  
2019-08-23 07:08:49,913 | INFO  | DNAudit | user=null | ip=null | op=WRITE_CHUNK {blockData=conID: 3 locID: 102665036031000986 bcsId: 827} | ret=SUCCESS |  
2019-08-23 07:08:49,913 | INFO  | DNAudit | user=null | ip=null | op=WRITE_CHUNK {blockData=conID: 3 locID: 102665036031000986 bcsId: 827} | ret=SUCCESS |  
2019-08-23 07:08:49,925 | INFO  | DNAudit | user=null | ip=null | op=WRITE_CHUNK {blockData=conID: 3 locID: 102665036031000986 bcsId: 827} | ret=SUCCESS |  
2019-08-23 07:08:49,926 | INFO  | DNAudit | user=null | ip=null | op=PUT_BLOCK {blockData=[blockId=conID: 3 locID: 102665036031000986 bcsId: 0,size=4194304]} | ret=SUCCESS |  
2019-08-23 07:08:49,926 [grpc-default-executor-4] INFO  client.GrpcClientProtocolClient (GrpcClientProtocolClient.java:onNext(255)) - client-D91E5D1E15CE->f2ba01fc-a63e-4348-bd18-030b60a135e7: receive RaftClientReply:client-D91E5D1E15CE->f2ba01fc-a63e-4348-bd18-030b60a135e7@group-C8C62FEF0626, cid=673, SUCCESS, logIndex=830, commits[f2ba01fc-a63e-4348-bd18-030b60a135e7:c831, eab135d4-a257-4705-b491-6c056b8c5df7:c827, a4f67574-9018-43e7-8a54-351e98dc3d0a:c827]
2019-08-23 07:08:49,926 [grpc-default-executor-4] INFO  client.GrpcClientProtocolClient (GrpcClientProtocolClient.java:onNext(255)) - client-D91E5D1E15CE->f2ba01fc-a63e-4348-bd18-030b60a135e7: receive RaftClientReply:client-D91E5D1E15CE->f2ba01fc-a63e-4348-bd18-030b60a135e7@group-C8C62FEF0626, cid=674, SUCCESS, logIndex=831, commits[f2ba01fc-a63e-4348-bd18-030b60a135e7:c831, eab135d4-a257-4705-b491-6c056b8c5df7:c827, a4f67574-9018-43e7-8a54-351e98dc3d0a:c827]
2019-08-23 07:08:49,934 | INFO  | SCMAudit | user=jenkins1000 | ip=192.168.5.178 | op=SEND_HEARTBEAT {datanodeUUID=5c311bc2-cc7c-45de-998f-f79499d85d4e, command=[]} | ret=SUCCESS |  
2019-08-23 07:08:49,938 | INFO  | DNAudit | user=null | ip=null | op=WRITE_CHUNK {blockData=conID: 3 locID: 102665036031000986 bcsId: 827} | ret=SUCCESS |  
2019-08-23 07:08:49,938 | INFO  | DNAudit | user=null | ip=null | op=WRITE_CHUNK {blockData=conID: 3 locID: 102665036031000986 bcsId: 827} | ret=SUCCESS |  
2019-08-23 07:08:49,938 | INFO  | DNAudit | user=null | ip=null | op=PUT_BLOCK {blockData=[blockId=conID: 3 locID: 102665036031000986 bcsId: 0,size=4194304]} | ret=SUCCESS |  
2019-08-23 07:08:49,939 | INFO  | DNAudit | user=null | ip=null | op=PUT_BLOCK {blockData=[blockId=conID: 3 locID: 102665036031000986 bcsId: 0,size=4194304]} | ret=SUCCESS |  
2019-08-23 07:08:49,939 [grpc-default-executor-4] INFO  client.GrpcClientProtocolClient (GrpcClientProtocolClient.java:onNext(255)) - client-D91E5D1E15CE->f2ba01fc-a63e-4348-bd18-030b60a135e7: receive RaftClientReply:client-D91E5D1E15CE->f2ba01fc-a63e-4348-bd18-030b60a135e7@group-C8C62FEF0626, cid=675, SUCCESS, logIndex=0, commits[f2ba01fc-a63e-4348-bd18-030b60a135e7:c832, eab135d4-a257-4705-b491-6c056b8c5df7:c831, a4f67574-9018-43e7-8a54-351e98dc3d0a:c831]
2019-08-23 07:08:49,947 | INFO  | DNAudit | user=null | ip=null | op=WRITE_CHUNK {blockData=conID: 1 locID: 102665036031000987 bcsId: 0} | ret=SUCCESS |  
2019-08-23 07:08:49,950 | INFO  | DNAudit | user=null | ip=null | op=WRITE_CHUNK {blockData=conID: 1 locID: 102665036031000987 bcsId: 0} | ret=SUCCESS |  
2019-08-23 07:08:49,952 | INFO  | DNAudit | user=null | ip=null | op=WRITE_CHUNK {blockData=conID: 1 locID: 102665036031000987 bcsId: 0} | ret=SUCCESS |  
2019-08-23 07:08:49,952 | INFO  | DNAudit | user=null | ip=null | op=WRITE_CHUNK {blockData=conID: 1 locID: 102665036031000987 bcsId: 0} | ret=SUCCESS |  
2019-08-23 07:08:49,953 | INFO  | DNAudit | user=null | ip=null | op=WRITE_CHUNK {blockData=conID: 1 locID: 102665036031000987 bcsId: 0} | ret=SUCCESS |  
2019-08-23 07:08:49,953 | INFO  | DNAudit | user=null | ip=null | op=WRITE_CHUNK {blockData=conID: 1 locID: 102665036031000987 bcsId: 0} | ret=SUCCESS |  
2019-08-23 07:08:49,956 | INFO  | DNAudit | user=null | ip=null | op=WRITE_CHUNK {blockData=conID: 1 locID: 102665036031000987 bcsId: 0} | ret=SUCCESS |  
2019-08-23 07:08:49,956 | INFO  | DNAudit | user=null | ip=null | op=PUT_BLOCK {blockData=[blockId=conID: 1 locID: 102665036031000987 bcsId: 0,size=1048576]} | ret=SUCCESS |  
2019-08-23 07:08:49,959 [grpc-default-executor-4] INFO  client.GrpcClientProtocolClient (GrpcClientProtocolClient.java:onNext(255)) - client-D91E5D1E15CE->f2ba01fc-a63e-4348-bd18-030b60a135e7: receive RaftClientReply:client-D91E5D1E15CE->f2ba01fc-a63e-4348-bd18-030b60a135e7@group-C8C62FEF0626, cid=676, SUCCESS, logIndex=834, commits[f2ba01fc-a63e-4348-bd18-030b60a135e7:c836, eab135d4-a257-4705-b491-6c056b8c5df7:c831, a4f67574-9018-43e7-8a54-351e98dc3d0a:c832]
2019-08-23 07:08:49,959 | INFO  | DNAudit | user=null | ip=null | op=WRITE_CHUNK {blockData=conID: 1 locID: 102665036031000987 bcsId: 0} | ret=SUCCESS |  
2019-08-23 07:08:49,959 | INFO  | DNAudit | user=null | ip=null | op=WRITE_CHUNK {blockData=conID: 1 locID: 102665036031000987 bcsId: 0} | ret=SUCCESS |  
2019-08-23 07:08:49,959 | INFO  | DNAudit | user=null | ip=null | op=WRITE_CHUNK {blockData=conID: 1 locID: 102665036031000987 bcsId: 0} | ret=SUCCESS |  
2019-08-23 07:08:49,960 | INFO  | DNAudit | user=null | ip=null | op=PUT_BLOCK {blockData=[blockId=conID: 1 locID: 102665036031000987 bcsId: 0,size=2097152]} | ret=SUCCESS |  
2019-08-23 07:08:49,960 | INFO  | DNAudit | user=null | ip=null | op=PUT_BLOCK {blockData=[blockId=conID: 1 locID: 102665036031000987 bcsId: 0,size=1048576]} | ret=SUCCESS |  
2019-08-23 07:08:49,960 [grpc-default-executor-4] INFO  client.GrpcClientProtocolClient (GrpcClientProtocolClient.java:onNext(255)) - client-D91E5D1E15CE->f2ba01fc-a63e-4348-bd18-030b60a135e7: receive RaftClientReply:client-D91E5D1E15CE->f2ba01fc-a63e-4348-bd18-030b60a135e7@group-C8C62FEF0626, cid=677, SUCCESS, logIndex=835, commits[f2ba01fc-a63e-4348-bd18-030b60a135e7:c837, eab135d4-a257-4705-b491-6c056b8c5df7:c832, a4f67574-9018-43e7-8a54-351e98dc3d0a:c832]
2019-08-23 07:08:49,960 | INFO  | DNAudit | user=null | ip=null | op=PUT_BLOCK {blockData=[blockId=conID: 1 locID: 102665036031000987 bcsId: 0,size=1048576]} | ret=SUCCESS |  
2019-08-23 07:08:49,960 [grpc-default-executor-4] INFO  client.GrpcClientProtocolClient (GrpcClientProtocolClient.java:onNext(255)) - client-D91E5D1E15CE->f2ba01fc-a63e-4348-bd18-030b60a135e7: receive RaftClientReply:client-D91E5D1E15CE->f2ba01fc-a63e-4348-bd18-030b60a135e7@group-C8C62FEF0626, cid=678, SUCCESS, logIndex=836, commits[f2ba01fc-a63e-4348-bd18-030b60a135e7:c837, eab135d4-a257-4705-b491-6c056b8c5df7:c832, a4f67574-9018-43e7-8a54-351e98dc3d0a:c832]
2019-08-23 07:08:49,960 [grpc-default-executor-4] INFO  client.GrpcClientProtocolClient (GrpcClientProtocolClient.java:onNext(255)) - client-D91E5D1E15CE->f2ba01fc-a63e-4348-bd18-030b60a135e7: receive RaftClientReply:client-D91E5D1E15CE->f2ba01fc-a63e-4348-bd18-030b60a135e7@group-C8C62FEF0626, cid=679, SUCCESS, logIndex=837, commits[f2ba01fc-a63e-4348-bd18-030b60a135e7:c838, eab135d4-a257-4705-b491-6c056b8c5df7:c835, a4f67574-9018-43e7-8a54-351e98dc3d0a:c835]
2019-08-23 07:08:49,961 | INFO  | DNAudit | user=null | ip=null | op=WRITE_CHUNK {blockData=conID: 1 locID: 102665036031000987 bcsId: 0} | ret=SUCCESS |  
2019-08-23 07:08:49,962 | INFO  | DNAudit | user=null | ip=null | op=PUT_BLOCK {blockData=[blockId=conID: 1 locID: 102665036031000987 bcsId: 0,size=2097152]} | ret=SUCCESS |  
2019-08-23 07:08:49,962 | INFO  | DNAudit | user=null | ip=null | op=WRITE_CHUNK {blockData=conID: 1 locID: 102665036031000987 bcsId: 0} | ret=SUCCESS |  
2019-08-23 07:08:49,962 | INFO  | DNAudit | user=null | ip=null | op=PUT_BLOCK {blockData=[blockId=conID: 1 locID: 102665036031000987 bcsId: 0,size=2097152]} | ret=SUCCESS |  
2019-08-23 07:08:49,969 | INFO  | DNAudit | user=null | ip=null | op=WRITE_CHUNK {blockData=conID: 1 locID: 102665036031000987 bcsId: 837} | ret=SUCCESS |  
2019-08-23 07:08:49,971 | INFO  | DNAudit | user=null | ip=null | op=WRITE_CHUNK {blockData=conID: 1 locID: 102665036031000987 bcsId: 837} | ret=SUCCESS |  
2019-08-23 07:08:49,971 | INFO  | DNAudit | user=null | ip=null | op=WRITE_CHUNK {blockData=conID: 1 locID: 102665036031000987 bcsId: 837} | ret=SUCCESS |  
2019-08-23 07:08:49,974 | INFO  | DNAudit | user=null | ip=null | op=WRITE_CHUNK {blockData=conID: 1 locID: 102665036031000987 bcsId: 837} | ret=SUCCESS |  
2019-08-23 07:08:49,974 | INFO  | DNAudit | user=null | ip=null | op=PUT_BLOCK {blockData=[blockId=conID: 1 locID: 102665036031000987 bcsId: 0,size=3145728]} | ret=SUCCESS |  
2019-08-23 07:08:49,975 [grpc-default-executor-2] INFO  client.GrpcClientProtocolClient (GrpcClientProtocolClient.java:onNext(255)) - client-D91E5D1E15CE->f2ba01fc-a63e-4348-bd18-030b60a135e7: receive RaftClientReply:client-D91E5D1E15CE->f2ba01fc-a63e-4348-bd18-030b60a135e7@group-C8C62FEF0626, cid=680, SUCCESS, logIndex=842, commits[f2ba01fc-a63e-4348-bd18-030b60a135e7:c843, eab135d4-a257-4705-b491-6c056b8c5df7:c841, a4f67574-9018-43e7-8a54-351e98dc3d0a:c841]
2019-08-23 07:08:49,975 [grpc-default-executor-2] INFO  client.GrpcClientProtocolClient (GrpcClientProtocolClient.java:onNext(255)) - client-D91E5D1E15CE->f2ba01fc-a63e-4348-bd18-030b60a135e7: receive RaftClientReply:client-D91E5D1E15CE->f2ba01fc-a63e-4348-bd18-030b60a135e7@group-C8C62FEF0626, cid=681, SUCCESS, logIndex=843, commits[f2ba01fc-a63e-4348-bd18-030b60a135e7:c843, eab135d4-a257-4705-b491-6c056b8c5df7:c841, a4f67574-9018-43e7-8a54-351e98dc3d0a:c841]
2019-08-23 07:08:49,976 | INFO  | DNAudit | user=null | ip=null | op=WRITE_CHUNK {blockData=conID: 1 locID: 102665036031000987 bcsId: 837} | ret=SUCCESS |  
2019-08-23 07:08:49,976 | INFO  | DNAudit | user=null | ip=null | op=WRITE_CHUNK {blockData=conID: 1 locID: 102665036031000987 bcsId: 837} | ret=SUCCESS |  
2019-08-23 07:08:49,977 | INFO  | DNAudit | user=null | ip=null | op=PUT_BLOCK {blockData=[blockId=conID: 1 locID: 102665036031000987 bcsId: 0,size=3145728]} | ret=SUCCESS |  
2019-08-23 07:08:49,977 | INFO  | DNAudit | user=null | ip=null | op=PUT_BLOCK {blockData=[blockId=conID: 1 locID: 102665036031000987 bcsId: 0,size=3145728]} | ret=SUCCESS |  
2019-08-23 07:08:49,984 | INFO  | DNAudit | user=null | ip=null | op=WRITE_CHUNK {blockData=conID: 1 locID: 102665036031000987 bcsId: 843} | ret=SUCCESS |  
2019-08-23 07:08:49,987 | INFO  | DNAudit | user=null | ip=null | op=WRITE_CHUNK {blockData=conID: 1 locID: 102665036031000987 bcsId: 843} | ret=SUCCESS |  
2019-08-23 07:08:49,988 | INFO  | DNAudit | user=null | ip=null | op=WRITE_CHUNK {blockData=conID: 1 locID: 102665036031000987 bcsId: 843} | ret=SUCCESS |  
2019-08-23 07:08:49,991 | INFO  | DNAudit | user=null | ip=null | op=WRITE_CHUNK {blockData=conID: 1 locID: 102665036031000987 bcsId: 843} | ret=SUCCESS |  
2019-08-23 07:08:49,991 | INFO  | DNAudit | user=null | ip=null | op=PUT_BLOCK {blockData=[blockId=conID: 1 locID: 102665036031000987 bcsId: 0,size=4194304]} | ret=SUCCESS |  
2019-08-23 07:08:49,991 [grpc-default-executor-4] INFO  client.GrpcClientProtocolClient (GrpcClientProtocolClient.java:onNext(255)) - client-D91E5D1E15CE->f2ba01fc-a63e-4348-bd18-030b60a135e7: receive RaftClientReply:client-D91E5D1E15CE->f2ba01fc-a63e-4348-bd18-030b60a135e7@group-C8C62FEF0626, cid=682, SUCCESS, logIndex=846, commits[f2ba01fc-a63e-4348-bd18-030b60a135e7:c847, eab135d4-a257-4705-b491-6c056b8c5df7:c843, a4f67574-9018-43e7-8a54-351e98dc3d0a:c845]
2019-08-23 07:08:49,992 [grpc-default-executor-4] INFO  client.GrpcClientProtocolClient (GrpcClientProtocolClient.java:onNext(255)) - client-D91E5D1E15CE->f2ba01fc-a63e-4348-bd18-030b60a135e7: receive RaftClientReply:client-D91E5D1E15CE->f2ba01fc-a63e-4348-bd18-030b60a135e7@group-C8C62FEF0626, cid=683, SUCCESS, logIndex=847, commits[f2ba01fc-a63e-4348-bd18-030b60a135e7:c847, eab135d4-a257-4705-b491-6c056b8c5df7:c845, a4f67574-9018-43e7-8a54-351e98dc3d0a:c845]
2019-08-23 07:08:49,992 | INFO  | DNAudit | user=null | ip=null | op=WRITE_CHUNK {blockData=conID: 1 locID: 102665036031000987 bcsId: 843} | ret=SUCCESS |  
2019-08-23 07:08:49,992 | INFO  | DNAudit | user=null | ip=null | op=PUT_BLOCK {blockData=[blockId=conID: 1 locID: 102665036031000987 bcsId: 0,size=4194304]} | ret=SUCCESS |  
2019-08-23 07:08:49,993 | INFO  | DNAudit | user=null | ip=null | op=WRITE_CHUNK {blockData=conID: 1 locID: 102665036031000987 bcsId: 843} | ret=SUCCESS |  
2019-08-23 07:08:49,993 | INFO  | DNAudit | user=null | ip=null | op=PUT_BLOCK {blockData=[blockId=conID: 1 locID: 102665036031000987 bcsId: 0,size=4194304]} | ret=SUCCESS |  
2019-08-23 07:08:49,993 [grpc-default-executor-4] INFO  client.GrpcClientProtocolClient (GrpcClientProtocolClient.java:onNext(255)) - client-D91E5D1E15CE->f2ba01fc-a63e-4348-bd18-030b60a135e7: receive RaftClientReply:client-D91E5D1E15CE->f2ba01fc-a63e-4348-bd18-030b60a135e7@group-C8C62FEF0626, cid=684, SUCCESS, logIndex=0, commits[f2ba01fc-a63e-4348-bd18-030b60a135e7:c849, eab135d4-a257-4705-b491-6c056b8c5df7:c847, a4f67574-9018-43e7-8a54-351e98dc3d0a:c847]
2019-08-23 07:08:50,000 | INFO  | DNAudit | user=null | ip=null | op=WRITE_CHUNK {blockData=conID: 2 locID: 102665036031000988 bcsId: 0} | ret=SUCCESS |  
2019-08-23 07:08:50,004 | INFO  | DNAudit | user=null | ip=null | op=WRITE_CHUNK {blockData=conID: 2 locID: 102665036031000988 bcsId: 0} | ret=SUCCESS |  
2019-08-23 07:08:50,004 | INFO  | DNAudit | user=null | ip=null | op=WRITE_CHUNK {blockData=conID: 2 locID: 102665036031000988 bcsId: 0} | ret=SUCCESS |  
2019-08-23 07:08:50,004 | INFO  | DNAudit | user=null | ip=null | op=WRITE_CHUNK {blockData=conID: 2 locID: 102665036031000988 bcsId: 0} | ret=SUCCESS |  
2019-08-23 07:08:50,007 | INFO  | DNAudit | user=null | ip=null | op=WRITE_CHUNK {blockData=conID: 2 locID: 102665036031000988 bcsId: 0} | ret=SUCCESS |  
2019-08-23 07:08:50,007 | INFO  | DNAudit | user=null | ip=null | op=WRITE_CHUNK {blockData=conID: 2 locID: 102665036031000988 bcsId: 0} | ret=SUCCESS |  
2019-08-23 07:08:50,007 | INFO  | DNAudit | user=null | ip=null | op=WRITE_CHUNK {blockData=conID: 2 locID: 102665036031000988 bcsId: 0} | ret=SUCCESS |  
2019-08-23 07:08:50,008 | INFO  | DNAudit | user=null | ip=null | op=PUT_BLOCK {blockData=[blockId=conID: 2 locID: 102665036031000988 bcsId: 0,size=1048576]} | ret=SUCCESS |  
2019-08-23 07:08:50,008 [grpc-default-executor-4] INFO  client.GrpcClientProtocolClient (GrpcClientProtocolClient.java:onNext(255)) - client-D91E5D1E15CE->f2ba01fc-a63e-4348-bd18-030b60a135e7: receive RaftClientReply:client-D91E5D1E15CE->f2ba01fc-a63e-4348-bd18-030b60a135e7@group-C8C62FEF0626, cid=685, SUCCESS, logIndex=850, commits[f2ba01fc-a63e-4348-bd18-030b60a135e7:c851, eab135d4-a257-4705-b491-6c056b8c5df7:c849, a4f67574-9018-43e7-8a54-351e98dc3d0a:c847]
2019-08-23 07:08:50,008 [grpc-default-executor-4] INFO  client.GrpcClientProtocolClient (GrpcClientProtocolClient.java:onNext(255)) - client-D91E5D1E15CE->f2ba01fc-a63e-4348-bd18-030b60a135e7: receive RaftClientReply:client-D91E5D1E15CE->f2ba01fc-a63e-4348-bd18-030b60a135e7@group-C8C62FEF0626, cid=686, SUCCESS, logIndex=851, commits[f2ba01fc-a63e-4348-bd18-030b60a135e7:c851, eab135d4-a257-4705-b491-6c056b8c5df7:c849, a4f67574-9018-43e7-8a54-351e98dc3d0a:c847]
2019-08-23 07:08:50,010 | INFO  | DNAudit | user=null | ip=null | op=WRITE_CHUNK {blockData=conID: 2 locID: 102665036031000988 bcsId: 0} | ret=SUCCESS |  
2019-08-23 07:08:50,010 | INFO  | DNAudit | user=null | ip=null | op=WRITE_CHUNK {blockData=conID: 2 locID: 102665036031000988 bcsId: 0} | ret=SUCCESS |  
2019-08-23 07:08:50,010 | INFO  | DNAudit | user=null | ip=null | op=PUT_BLOCK {blockData=[blockId=conID: 2 locID: 102665036031000988 bcsId: 0,size=1048576]} | ret=SUCCESS |  
2019-08-23 07:08:50,010 | INFO  | DNAudit | user=null | ip=null | op=WRITE_CHUNK {blockData=conID: 2 locID: 102665036031000988 bcsId: 0} | ret=SUCCESS |  
2019-08-23 07:08:50,010 | INFO  | DNAudit | user=null | ip=null | op=PUT_BLOCK {blockData=[blockId=conID: 2 locID: 102665036031000988 bcsId: 0,size=1048576]} | ret=SUCCESS |  
2019-08-23 07:08:50,011 | INFO  | DNAudit | user=null | ip=null | op=PUT_BLOCK {blockData=[blockId=conID: 2 locID: 102665036031000988 bcsId: 0,size=2097152]} | ret=SUCCESS |  
2019-08-23 07:08:50,011 [grpc-default-executor-3] INFO  client.GrpcClientProtocolClient (GrpcClientProtocolClient.java:onNext(255)) - client-D91E5D1E15CE->f2ba01fc-a63e-4348-bd18-030b60a135e7: receive RaftClientReply:client-D91E5D1E15CE->f2ba01fc-a63e-4348-bd18-030b60a135e7@group-C8C62FEF0626, cid=687, SUCCESS, logIndex=852, commits[f2ba01fc-a63e-4348-bd18-030b60a135e7:c852, eab135d4-a257-4705-b491-6c056b8c5df7:c849, a4f67574-9018-43e7-8a54-351e98dc3d0a:c849]
2019-08-23 07:08:50,012 | INFO  | DNAudit | user=null | ip=null | op=WRITE_CHUNK {blockData=conID: 2 locID: 102665036031000988 bcsId: 0} | ret=SUCCESS |  
2019-08-23 07:08:50,012 [grpc-default-executor-3] INFO  client.GrpcClientProtocolClient (GrpcClientProtocolClient.java:onNext(255)) - client-D91E5D1E15CE->f2ba01fc-a63e-4348-bd18-030b60a135e7: receive RaftClientReply:client-D91E5D1E15CE->f2ba01fc-a63e-4348-bd18-030b60a135e7@group-C8C62FEF0626, cid=688, SUCCESS, logIndex=853, commits[f2ba01fc-a63e-4348-bd18-030b60a135e7:c855, eab135d4-a257-4705-b491-6c056b8c5df7:c851, a4f67574-9018-43e7-8a54-351e98dc3d0a:c851]
2019-08-23 07:08:50,012 | INFO  | DNAudit | user=null | ip=null | op=WRITE_CHUNK {blockData=conID: 2 locID: 102665036031000988 bcsId: 0} | ret=SUCCESS |  
2019-08-23 07:08:50,013 | INFO  | DNAudit | user=null | ip=null | op=PUT_BLOCK {blockData=[blockId=conID: 2 locID: 102665036031000988 bcsId: 0,size=2097152]} | ret=SUCCESS |  
2019-08-23 07:08:50,013 | INFO  | DNAudit | user=null | ip=null | op=PUT_BLOCK {blockData=[blockId=conID: 2 locID: 102665036031000988 bcsId: 0,size=2097152]} | ret=SUCCESS |  
2019-08-23 07:08:50,019 | INFO  | DNAudit | user=null | ip=null | op=WRITE_CHUNK {blockData=conID: 2 locID: 102665036031000988 bcsId: 853} | ret=SUCCESS |  
2019-08-23 07:08:50,022 | INFO  | DNAudit | user=null | ip=null | op=WRITE_CHUNK {blockData=conID: 2 locID: 102665036031000988 bcsId: 853} | ret=SUCCESS |  
2019-08-23 07:08:50,022 | INFO  | DNAudit | user=null | ip=null | op=WRITE_CHUNK {blockData=conID: 2 locID: 102665036031000988 bcsId: 853} | ret=SUCCESS |  
2019-08-23 07:08:50,031 | INFO  | DNAudit | user=null | ip=null | op=WRITE_CHUNK {blockData=conID: 2 locID: 102665036031000988 bcsId: 853} | ret=SUCCESS |  
2019-08-23 07:08:50,031 | INFO  | DNAudit | user=null | ip=null | op=PUT_BLOCK {blockData=[blockId=conID: 2 locID: 102665036031000988 bcsId: 0,size=3145728]} | ret=SUCCESS |  
2019-08-23 07:08:50,032 [grpc-default-executor-4] INFO  client.GrpcClientProtocolClient (GrpcClientProtocolClient.java:onNext(255)) - client-D91E5D1E15CE->f2ba01fc-a63e-4348-bd18-030b60a135e7: receive RaftClientReply:client-D91E5D1E15CE->f2ba01fc-a63e-4348-bd18-030b60a135e7@group-C8C62FEF0626, cid=689, SUCCESS, logIndex=858, commits[f2ba01fc-a63e-4348-bd18-030b60a135e7:c859, eab135d4-a257-4705-b491-6c056b8c5df7:c857, a4f67574-9018-43e7-8a54-351e98dc3d0a:c857]
2019-08-23 07:08:50,032 [grpc-default-executor-4] INFO  client.GrpcClientProtocolClient (GrpcClientProtocolClient.java:onNext(255)) - client-D91E5D1E15CE->f2ba01fc-a63e-4348-bd18-030b60a135e7: receive RaftClientReply:client-D91E5D1E15CE->f2ba01fc-a63e-4348-bd18-030b60a135e7@group-C8C62FEF0626, cid=690, SUCCESS, logIndex=859, commits[f2ba01fc-a63e-4348-bd18-030b60a135e7:c859, eab135d4-a257-4705-b491-6c056b8c5df7:c857, a4f67574-9018-43e7-8a54-351e98dc3d0a:c857]
2019-08-23 07:08:50,033 | INFO  | DNAudit | user=null | ip=null | op=WRITE_CHUNK {blockData=conID: 2 locID: 102665036031000988 bcsId: 853} | ret=SUCCESS |  
2019-08-23 07:08:50,033 | INFO  | DNAudit | user=null | ip=null | op=WRITE_CHUNK {blockData=conID: 2 locID: 102665036031000988 bcsId: 853} | ret=SUCCESS |  
2019-08-23 07:08:50,034 | INFO  | DNAudit | user=null | ip=null | op=PUT_BLOCK {blockData=[blockId=conID: 2 locID: 102665036031000988 bcsId: 0,size=3145728]} | ret=SUCCESS |  
2019-08-23 07:08:50,034 | INFO  | DNAudit | user=null | ip=null | op=PUT_BLOCK {blockData=[blockId=conID: 2 locID: 102665036031000988 bcsId: 0,size=3145728]} | ret=SUCCESS |  
2019-08-23 07:08:50,039 | INFO  | DNAudit | user=null | ip=null | op=WRITE_CHUNK {blockData=conID: 2 locID: 102665036031000988 bcsId: 859} | ret=SUCCESS |  
2019-08-23 07:08:50,042 | INFO  | DNAudit | user=null | ip=null | op=WRITE_CHUNK {blockData=conID: 2 locID: 102665036031000988 bcsId: 859} | ret=SUCCESS |  
2019-08-23 07:08:50,042 | INFO  | DNAudit | user=null | ip=null | op=WRITE_CHUNK {blockData=conID: 2 locID: 102665036031000988 bcsId: 859} | ret=SUCCESS |  
2019-08-23 07:08:50,067 | INFO  | DNAudit | user=null | ip=null | op=WRITE_CHUNK {blockData=conID: 2 locID: 102665036031000988 bcsId: 859} | ret=SUCCESS |  
2019-08-23 07:08:50,068 | INFO  | DNAudit | user=null | ip=null | op=PUT_BLOCK {blockData=[blockId=conID: 2 locID: 102665036031000988 bcsId: 0,size=4194304]} | ret=SUCCESS |  
2019-08-23 07:08:50,068 [grpc-default-executor-6] INFO  client.GrpcClientProtocolClient (GrpcClientProtocolClient.java:onNext(255)) - client-D91E5D1E15CE->f2ba01fc-a63e-4348-bd18-030b60a135e7: receive RaftClientReply:client-D91E5D1E15CE->f2ba01fc-a63e-4348-bd18-030b60a135e7@group-C8C62FEF0626, cid=691, SUCCESS, logIndex=862, commits[f2ba01fc-a63e-4348-bd18-030b60a135e7:c863, eab135d4-a257-4705-b491-6c056b8c5df7:c861, a4f67574-9018-43e7-8a54-351e98dc3d0a:c861]
2019-08-23 07:08:50,069 [grpc-default-executor-6] INFO  client.GrpcClientProtocolClient (GrpcClientProtocolClient.java:onNext(255)) - client-D91E5D1E15CE->f2ba01fc-a63e-4348-bd18-030b60a135e7: receive RaftClientReply:client-D91E5D1E15CE->f2ba01fc-a63e-4348-bd18-030b60a135e7@group-C8C62FEF0626, cid=692, SUCCESS, logIndex=863, commits[f2ba01fc-a63e-4348-bd18-030b60a135e7:c863, eab135d4-a257-4705-b491-6c056b8c5df7:c861, a4f67574-9018-43e7-8a54-351e98dc3d0a:c861]
2019-08-23 07:08:50,083 | INFO  | DNAudit | user=null | ip=null | op=WRITE_CHUNK {blockData=conID: 2 locID: 102665036031000988 bcsId: 859} | ret=SUCCESS |  
2019-08-23 07:08:50,083 | INFO  | DNAudit | user=null | ip=null | op=WRITE_CHUNK {blockData=conID: 2 locID: 102665036031000988 bcsId: 859} | ret=SUCCESS |  
2019-08-23 07:08:50,084 | INFO  | DNAudit | user=null | ip=null | op=PUT_BLOCK {blockData=[blockId=conID: 2 locID: 102665036031000988 bcsId: 0,size=4194304]} | ret=SUCCESS |  
2019-08-23 07:08:50,084 | INFO  | DNAudit | user=null | ip=null | op=PUT_BLOCK {blockData=[blockId=conID: 2 locID: 102665036031000988 bcsId: 0,size=4194304]} | ret=SUCCESS |  
2019-08-23 07:08:50,084 [grpc-default-executor-4] INFO  client.GrpcClientProtocolClient (GrpcClientProtocolClient.java:onNext(255)) - client-D91E5D1E15CE->f2ba01fc-a63e-4348-bd18-030b60a135e7: receive RaftClientReply:client-D91E5D1E15CE->f2ba01fc-a63e-4348-bd18-030b60a135e7@group-C8C62FEF0626, cid=693, SUCCESS, logIndex=0, commits[f2ba01fc-a63e-4348-bd18-030b60a135e7:c864, eab135d4-a257-4705-b491-6c056b8c5df7:c863, a4f67574-9018-43e7-8a54-351e98dc3d0a:c863]
2019-08-23 07:08:50,094 | INFO  | DNAudit | user=null | ip=null | op=WRITE_CHUNK {blockData=conID: 3 locID: 102665036031000989 bcsId: 0} | ret=SUCCESS |  
2019-08-23 07:08:50,099 | INFO  | DNAudit | user=null | ip=null | op=WRITE_CHUNK {blockData=conID: 3 locID: 102665036031000989 bcsId: 0} | ret=SUCCESS |  
2019-08-23 07:08:50,099 | INFO  | DNAudit | user=null | ip=null | op=WRITE_CHUNK {blockData=conID: 3 locID: 102665036031000989 bcsId: 0} | ret=SUCCESS |  
2019-08-23 07:08:50,099 | INFO  | DNAudit | user=null | ip=null | op=WRITE_CHUNK {blockData=conID: 3 locID: 102665036031000989 bcsId: 0} | ret=SUCCESS |  
2019-08-23 07:08:50,103 | INFO  | DNAudit | user=null | ip=null | op=WRITE_CHUNK {blockData=conID: 3 locID: 102665036031000989 bcsId: 0} | ret=SUCCESS |  
2019-08-23 07:08:50,104 | INFO  | DNAudit | user=null | ip=null | op=WRITE_CHUNK {blockData=conID: 3 locID: 102665036031000989 bcsId: 0} | ret=SUCCESS |  
2019-08-23 07:08:50,107 | INFO  | DNAudit | user=null | ip=null | op=WRITE_CHUNK {blockData=conID: 3 locID: 102665036031000989 bcsId: 0} | ret=SUCCESS |  
2019-08-23 07:08:50,108 | INFO  | DNAudit | user=null | ip=null | op=PUT_BLOCK {blockData=[blockId=conID: 3 locID: 102665036031000989 bcsId: 0,size=1048576]} | ret=SUCCESS |  
2019-08-23 07:08:50,108 | INFO  | DNAudit | user=null | ip=null | op=WRITE_CHUNK {blockData=conID: 3 locID: 102665036031000989 bcsId: 0} | ret=SUCCESS |  
2019-08-23 07:08:50,108 [grpc-default-executor-3] INFO  client.GrpcClientProtocolClient (GrpcClientProtocolClient.java:onNext(255)) - client-D91E5D1E15CE->f2ba01fc-a63e-4348-bd18-030b60a135e7: receive RaftClientReply:client-D91E5D1E15CE->f2ba01fc-a63e-4348-bd18-030b60a135e7@group-C8C62FEF0626, cid=694, SUCCESS, logIndex=866, commits[f2ba01fc-a63e-4348-bd18-030b60a135e7:c867, eab135d4-a257-4705-b491-6c056b8c5df7:c865, a4f67574-9018-43e7-8a54-351e98dc3d0a:c865]
2019-08-23 07:08:50,109 | INFO  | DNAudit | user=null | ip=null | op=PUT_BLOCK {blockData=[blockId=conID: 3 locID: 102665036031000989 bcsId: 0,size=2097152]} | ret=SUCCESS |  
2019-08-23 07:08:50,109 [grpc-default-executor-3] INFO  client.GrpcClientProtocolClient (GrpcClientProtocolClient.java:onNext(255)) - client-D91E5D1E15CE->f2ba01fc-a63e-4348-bd18-030b60a135e7: receive RaftClientReply:client-D91E5D1E15CE->f2ba01fc-a63e-4348-bd18-030b60a135e7@group-C8C62FEF0626, cid=695, SUCCESS, logIndex=867, commits[f2ba01fc-a63e-4348-bd18-030b60a135e7:c869, eab135d4-a257-4705-b491-6c056b8c5df7:c865, a4f67574-9018-43e7-8a54-351e98dc3d0a:c865]
2019-08-23 07:08:50,109 | INFO  | DNAudit | user=null | ip=null | op=WRITE_CHUNK {blockData=conID: 3 locID: 102665036031000989 bcsId: 0} | ret=SUCCESS |  
2019-08-23 07:08:50,109 | INFO  | DNAudit | user=null | ip=null | op=WRITE_CHUNK {blockData=conID: 3 locID: 102665036031000989 bcsId: 0} | ret=SUCCESS |  
2019-08-23 07:08:50,109 [grpc-default-executor-3] INFO  client.GrpcClientProtocolClient (GrpcClientProtocolClient.java:onNext(255)) - client-D91E5D1E15CE->f2ba01fc-a63e-4348-bd18-030b60a135e7: receive RaftClientReply:client-D91E5D1E15CE->f2ba01fc-a63e-4348-bd18-030b60a135e7@group-C8C62FEF0626, cid=696, SUCCESS, logIndex=868, commits[f2ba01fc-a63e-4348-bd18-030b60a135e7:c869, eab135d4-a257-4705-b491-6c056b8c5df7:c865, a4f67574-9018-43e7-8a54-351e98dc3d0a:c865]
2019-08-23 07:08:50,110 | INFO  | DNAudit | user=null | ip=null | op=PUT_BLOCK {blockData=[blockId=conID: 3 locID: 102665036031000989 bcsId: 0,size=1048576]} | ret=SUCCESS |  
2019-08-23 07:08:50,110 [grpc-default-executor-4] INFO  client.GrpcClientProtocolClient (GrpcClientProtocolClient.java:onNext(255)) - client-D91E5D1E15CE->f2ba01fc-a63e-4348-bd18-030b60a135e7: receive RaftClientReply:client-D91E5D1E15CE->f2ba01fc-a63e-4348-bd18-030b60a135e7@group-C8C62FEF0626, cid=697, SUCCESS, logIndex=869, commits[f2ba01fc-a63e-4348-bd18-030b60a135e7:c869, eab135d4-a257-4705-b491-6c056b8c5df7:c865, a4f67574-9018-43e7-8a54-351e98dc3d0a:c865]
2019-08-23 07:08:50,110 | INFO  | DNAudit | user=null | ip=null | op=PUT_BLOCK {blockData=[blockId=conID: 3 locID: 102665036031000989 bcsId: 0,size=1048576]} | ret=SUCCESS |  
2019-08-23 07:08:50,111 | INFO  | DNAudit | user=null | ip=null | op=WRITE_CHUNK {blockData=conID: 3 locID: 102665036031000989 bcsId: 0} | ret=SUCCESS |  
2019-08-23 07:08:50,111 | INFO  | DNAudit | user=null | ip=null | op=WRITE_CHUNK {blockData=conID: 3 locID: 102665036031000989 bcsId: 0} | ret=SUCCESS |  
2019-08-23 07:08:50,111 | INFO  | DNAudit | user=null | ip=null | op=PUT_BLOCK {blockData=[blockId=conID: 3 locID: 102665036031000989 bcsId: 0,size=2097152]} | ret=SUCCESS |  
2019-08-23 07:08:50,111 | INFO  | DNAudit | user=null | ip=null | op=PUT_BLOCK {blockData=[blockId=conID: 3 locID: 102665036031000989 bcsId: 0,size=2097152]} | ret=SUCCESS |  
2019-08-23 07:08:50,112 [grpc-default-executor-4] INFO  client.GrpcClientProtocolClient (GrpcClientProtocolClient.java:onNext(255)) - client-D91E5D1E15CE->f2ba01fc-a63e-4348-bd18-030b60a135e7: receive RaftClientReply:client-D91E5D1E15CE->f2ba01fc-a63e-4348-bd18-030b60a135e7@group-C8C62FEF0626, cid=698, SUCCESS, logIndex=0, commits[f2ba01fc-a63e-4348-bd18-030b60a135e7:c872, eab135d4-a257-4705-b491-6c056b8c5df7:c867, a4f67574-9018-43e7-8a54-351e98dc3d0a:c869]
2019-08-23 07:08:50,121 | INFO  | DNAudit | user=null | ip=null | op=WRITE_CHUNK {blockData=conID: 3 locID: 102665036031000989 bcsId: 869} | ret=SUCCESS |  
2019-08-23 07:08:50,124 | INFO  | DNAudit | user=null | ip=null | op=WRITE_CHUNK {blockData=conID: 3 locID: 102665036031000989 bcsId: 869} | ret=SUCCESS |  
2019-08-23 07:08:50,125 | INFO  | DNAudit | user=null | ip=null | op=WRITE_CHUNK {blockData=conID: 3 locID: 102665036031000989 bcsId: 869} | ret=SUCCESS |  
2019-08-23 07:08:50,135 | INFO  | DNAudit | user=null | ip=null | op=WRITE_CHUNK {blockData=conID: 3 locID: 102665036031000989 bcsId: 869} | ret=SUCCESS |  
2019-08-23 07:08:50,136 | INFO  | DNAudit | user=null | ip=null | op=PUT_BLOCK {blockData=[blockId=conID: 3 locID: 102665036031000989 bcsId: 0,size=3145728]} | ret=SUCCESS |  
2019-08-23 07:08:50,136 [grpc-default-executor-3] INFO  client.GrpcClientProtocolClient (GrpcClientProtocolClient.java:onNext(255)) - client-D91E5D1E15CE->f2ba01fc-a63e-4348-bd18-030b60a135e7: receive RaftClientReply:client-D91E5D1E15CE->f2ba01fc-a63e-4348-bd18-030b60a135e7@group-C8C62FEF0626, cid=699, SUCCESS, logIndex=873, commits[f2ba01fc-a63e-4348-bd18-030b60a135e7:c874, eab135d4-a257-4705-b491-6c056b8c5df7:c872, a4f67574-9018-43e7-8a54-351e98dc3d0a:c872]
2019-08-23 07:08:50,136 [grpc-default-executor-3] INFO  client.GrpcClientProtocolClient (GrpcClientProtocolClient.java:onNext(255)) - client-D91E5D1E15CE->f2ba01fc-a63e-4348-bd18-030b60a135e7: receive RaftClientReply:client-D91E5D1E15CE->f2ba01fc-a63e-4348-bd18-030b60a135e7@group-C8C62FEF0626, cid=700, SUCCESS, logIndex=874, commits[f2ba01fc-a63e-4348-bd18-030b60a135e7:c874, eab135d4-a257-4705-b491-6c056b8c5df7:c872, a4f67574-9018-43e7-8a54-351e98dc3d0a:c872]
2019-08-23 07:08:50,143 | INFO  | SCMAudit | user=jenkins1000 | ip=192.168.5.178 | op=SEND_HEARTBEAT {datanodeUUID=b7d3ecaa-ab76-49a0-b691-40b7e1ed625a, command=[]} | ret=SUCCESS |  
2019-08-23 07:08:50,143 | INFO  | DNAudit | user=null | ip=null | op=WRITE_CHUNK {blockData=conID: 3 locID: 102665036031000989 bcsId: 874} | ret=SUCCESS |  
2019-08-23 07:08:50,147 | INFO  | DNAudit | user=null | ip=null | op=WRITE_CHUNK {blockData=conID: 3 locID: 102665036031000989 bcsId: 869} | ret=SUCCESS |  
2019-08-23 07:08:50,147 | INFO  | DNAudit | user=null | ip=null | op=WRITE_CHUNK {blockData=conID: 3 locID: 102665036031000989 bcsId: 869} | ret=SUCCESS |  
2019-08-23 07:08:50,147 | INFO  | DNAudit | user=null | ip=null | op=PUT_BLOCK {blockData=[blockId=conID: 3 locID: 102665036031000989 bcsId: 0,size=3145728]} | ret=SUCCESS |  
2019-08-23 07:08:50,147 | INFO  | DNAudit | user=null | ip=null | op=WRITE_CHUNK {blockData=conID: 3 locID: 102665036031000989 bcsId: 874} | ret=SUCCESS |  
2019-08-23 07:08:50,147 | INFO  | DNAudit | user=null | ip=null | op=WRITE_CHUNK {blockData=conID: 3 locID: 102665036031000989 bcsId: 874} | ret=SUCCESS |  
2019-08-23 07:08:50,147 | INFO  | DNAudit | user=null | ip=null | op=PUT_BLOCK {blockData=[blockId=conID: 3 locID: 102665036031000989 bcsId: 0,size=3145728]} | ret=SUCCESS |  
2019-08-23 07:08:50,160 | INFO  | DNAudit | user=null | ip=null | op=WRITE_CHUNK {blockData=conID: 3 locID: 102665036031000989 bcsId: 874} | ret=SUCCESS |  
2019-08-23 07:08:50,160 | INFO  | DNAudit | user=null | ip=null | op=PUT_BLOCK {blockData=[blockId=conID: 3 locID: 102665036031000989 bcsId: 0,size=4194304]} | ret=SUCCESS |  
2019-08-23 07:08:50,160 [grpc-default-executor-6] INFO  client.GrpcClientProtocolClient (GrpcClientProtocolClient.java:onNext(255)) - client-D91E5D1E15CE->f2ba01fc-a63e-4348-bd18-030b60a135e7: receive RaftClientReply:client-D91E5D1E15CE->f2ba01fc-a63e-4348-bd18-030b60a135e7@group-C8C62FEF0626, cid=701, SUCCESS, logIndex=877, commits[f2ba01fc-a63e-4348-bd18-030b60a135e7:c878, eab135d4-a257-4705-b491-6c056b8c5df7:c874, a4f67574-9018-43e7-8a54-351e98dc3d0a:c874]
2019-08-23 07:08:50,161 [grpc-default-executor-6] INFO  client.GrpcClientProtocolClient (GrpcClientProtocolClient.java:onNext(255)) - client-D91E5D1E15CE->f2ba01fc-a63e-4348-bd18-030b60a135e7: receive RaftClientReply:client-D91E5D1E15CE->f2ba01fc-a63e-4348-bd18-030b60a135e7@group-C8C62FEF0626, cid=702, SUCCESS, logIndex=878, commits[f2ba01fc-a63e-4348-bd18-030b60a135e7:c878, eab135d4-a257-4705-b491-6c056b8c5df7:c874, a4f67574-9018-43e7-8a54-351e98dc3d0a:c874]
2019-08-23 07:08:50,161 | INFO  | DNAudit | user=null | ip=null | op=WRITE_CHUNK {blockData=conID: 3 locID: 102665036031000989 bcsId: 874} | ret=SUCCESS |  
2019-08-23 07:08:50,161 | INFO  | DNAudit | user=null | ip=null | op=WRITE_CHUNK {blockData=conID: 3 locID: 102665036031000989 bcsId: 874} | ret=SUCCESS |  
2019-08-23 07:08:50,162 | INFO  | DNAudit | user=null | ip=null | op=PUT_BLOCK {blockData=[blockId=conID: 3 locID: 102665036031000989 bcsId: 0,size=4194304]} | ret=SUCCESS |  
2019-08-23 07:08:50,162 | INFO  | DNAudit | user=null | ip=null | op=PUT_BLOCK {blockData=[blockId=conID: 3 locID: 102665036031000989 bcsId: 0,size=4194304]} | ret=SUCCESS |  
2019-08-23 07:08:50,163 [grpc-default-executor-3] INFO  client.GrpcClientProtocolClient (GrpcClientProtocolClient.java:onNext(255)) - client-D91E5D1E15CE->f2ba01fc-a63e-4348-bd18-030b60a135e7: receive RaftClientReply:client-D91E5D1E15CE->f2ba01fc-a63e-4348-bd18-030b60a135e7@group-C8C62FEF0626, cid=703, SUCCESS, logIndex=0, commits[f2ba01fc-a63e-4348-bd18-030b60a135e7:c880, eab135d4-a257-4705-b491-6c056b8c5df7:c878, a4f67574-9018-43e7-8a54-351e98dc3d0a:c878]
2019-08-23 07:08:50,171 | INFO  | DNAudit | user=null | ip=null | op=WRITE_CHUNK {blockData=conID: 1 locID: 102665036031066526 bcsId: 0} | ret=SUCCESS |  
2019-08-23 07:08:50,174 | INFO  | DNAudit | user=null | ip=null | op=WRITE_CHUNK {blockData=conID: 1 locID: 102665036031066526 bcsId: 0} | ret=SUCCESS |  
2019-08-23 07:08:50,174 | INFO  | DNAudit | user=null | ip=null | op=WRITE_CHUNK {blockData=conID: 1 locID: 102665036031066526 bcsId: 0} | ret=SUCCESS |  
2019-08-23 07:08:50,174 | INFO  | DNAudit | user=null | ip=null | op=WRITE_CHUNK {blockData=conID: 1 locID: 102665036031066526 bcsId: 0} | ret=SUCCESS |  
2019-08-23 07:08:50,176 | INFO  | DNAudit | user=null | ip=null | op=WRITE_CHUNK {blockData=conID: 1 locID: 102665036031066526 bcsId: 0} | ret=SUCCESS |  
2019-08-23 07:08:50,177 | INFO  | DNAudit | user=null | ip=null | op=WRITE_CHUNK {blockData=conID: 1 locID: 102665036031066526 bcsId: 0} | ret=SUCCESS |  
2019-08-23 07:08:50,184 | INFO  | DNAudit | user=null | ip=null | op=WRITE_CHUNK {blockData=conID: 1 locID: 102665036031066526 bcsId: 0} | ret=SUCCESS |  
2019-08-23 07:08:50,185 | INFO  | DNAudit | user=null | ip=null | op=PUT_BLOCK {blockData=[blockId=conID: 1 locID: 102665036031066526 bcsId: 0,size=1048576]} | ret=SUCCESS |  
2019-08-23 07:08:50,185 | INFO  | DNAudit | user=null | ip=null | op=WRITE_CHUNK {blockData=conID: 1 locID: 102665036031066526 bcsId: 0} | ret=SUCCESS |  
2019-08-23 07:08:50,185 [grpc-default-executor-3] INFO  client.GrpcClientProtocolClient (GrpcClientProtocolClient.java:onNext(255)) - client-D91E5D1E15CE->f2ba01fc-a63e-4348-bd18-030b60a135e7: receive RaftClientReply:client-D91E5D1E15CE->f2ba01fc-a63e-4348-bd18-030b60a135e7@group-C8C62FEF0626, cid=704, SUCCESS, logIndex=881, commits[f2ba01fc-a63e-4348-bd18-030b60a135e7:c882, eab135d4-a257-4705-b491-6c056b8c5df7:c880, a4f67574-9018-43e7-8a54-351e98dc3d0a:c880]
2019-08-23 07:08:50,186 | INFO  | DNAudit | user=null | ip=null | op=PUT_BLOCK {blockData=[blockId=conID: 1 locID: 102665036031066526 bcsId: 0,size=2097152]} | ret=SUCCESS |  
2019-08-23 07:08:50,186 | INFO  | DNAudit | user=null | ip=null | op=WRITE_CHUNK {blockData=conID: 1 locID: 102665036031066526 bcsId: 0} | ret=SUCCESS |  
2019-08-23 07:08:50,186 | INFO  | DNAudit | user=null | ip=null | op=WRITE_CHUNK {blockData=conID: 1 locID: 102665036031066526 bcsId: 0} | ret=SUCCESS |  
2019-08-23 07:08:50,186 [grpc-default-executor-3] INFO  client.GrpcClientProtocolClient (GrpcClientProtocolClient.java:onNext(255)) - client-D91E5D1E15CE->f2ba01fc-a63e-4348-bd18-030b60a135e7: receive RaftClientReply:client-D91E5D1E15CE->f2ba01fc-a63e-4348-bd18-030b60a135e7@group-C8C62FEF0626, cid=705, SUCCESS, logIndex=882, commits[f2ba01fc-a63e-4348-bd18-030b60a135e7:c883, eab135d4-a257-4705-b491-6c056b8c5df7:c880, a4f67574-9018-43e7-8a54-351e98dc3d0a:c880]
2019-08-23 07:08:50,186 | INFO  | DNAudit | user=null | ip=null | op=PUT_BLOCK {blockData=[blockId=conID: 1 locID: 102665036031066526 bcsId: 0,size=1048576]} | ret=SUCCESS |  
2019-08-23 07:08:50,186 [grpc-default-executor-4] INFO  client.GrpcClientProtocolClient (GrpcClientProtocolClient.java:onNext(255)) - client-D91E5D1E15CE->f2ba01fc-a63e-4348-bd18-030b60a135e7: receive RaftClientReply:client-D91E5D1E15CE->f2ba01fc-a63e-4348-bd18-030b60a135e7@group-C8C62FEF0626, cid=706, SUCCESS, logIndex=883, commits[f2ba01fc-a63e-4348-bd18-030b60a135e7:c884, eab135d4-a257-4705-b491-6c056b8c5df7:c880, a4f67574-9018-43e7-8a54-351e98dc3d0a:c880]
2019-08-23 07:08:50,187 [grpc-default-executor-4] INFO  client.GrpcClientProtocolClient (GrpcClientProtocolClient.java:onNext(255)) - client-D91E5D1E15CE->f2ba01fc-a63e-4348-bd18-030b60a135e7: receive RaftClientReply:client-D91E5D1E15CE->f2ba01fc-a63e-4348-bd18-030b60a135e7@group-C8C62FEF0626, cid=707, SUCCESS, logIndex=884, commits[f2ba01fc-a63e-4348-bd18-030b60a135e7:c884, eab135d4-a257-4705-b491-6c056b8c5df7:c880, a4f67574-9018-43e7-8a54-351e98dc3d0a:c880]
2019-08-23 07:08:50,187 | INFO  | DNAudit | user=null | ip=null | op=PUT_BLOCK {blockData=[blockId=conID: 1 locID: 102665036031066526 bcsId: 0,size=1048576]} | ret=SUCCESS |  
2019-08-23 07:08:50,187 | INFO  | DNAudit | user=null | ip=null | op=WRITE_CHUNK {blockData=conID: 1 locID: 102665036031066526 bcsId: 0} | ret=SUCCESS |  
2019-08-23 07:08:50,187 | INFO  | DNAudit | user=null | ip=null | op=WRITE_CHUNK {blockData=conID: 1 locID: 102665036031066526 bcsId: 0} | ret=SUCCESS |  
2019-08-23 07:08:50,187 | INFO  | DNAudit | user=null | ip=null | op=PUT_BLOCK {blockData=[blockId=conID: 1 locID: 102665036031066526 bcsId: 0,size=2097152]} | ret=SUCCESS |  
2019-08-23 07:08:50,188 | INFO  | DNAudit | user=null | ip=null | op=PUT_BLOCK {blockData=[blockId=conID: 1 locID: 102665036031066526 bcsId: 0,size=2097152]} | ret=SUCCESS |  
2019-08-23 07:08:50,188 [grpc-default-executor-4] INFO  client.GrpcClientProtocolClient (GrpcClientProtocolClient.java:onNext(255)) - client-D91E5D1E15CE->f2ba01fc-a63e-4348-bd18-030b60a135e7: receive RaftClientReply:client-D91E5D1E15CE->f2ba01fc-a63e-4348-bd18-030b60a135e7@group-C8C62FEF0626, cid=708, SUCCESS, logIndex=0, commits[f2ba01fc-a63e-4348-bd18-030b60a135e7:c887, eab135d4-a257-4705-b491-6c056b8c5df7:c883, a4f67574-9018-43e7-8a54-351e98dc3d0a:c883]
2019-08-23 07:08:50,195 | INFO  | DNAudit | user=null | ip=null | op=WRITE_CHUNK {blockData=conID: 1 locID: 102665036031066526 bcsId: 884} | ret=SUCCESS |  
2019-08-23 07:08:50,198 | INFO  | DNAudit | user=null | ip=null | op=WRITE_CHUNK {blockData=conID: 1 locID: 102665036031066526 bcsId: 884} | ret=SUCCESS |  
2019-08-23 07:08:50,198 | INFO  | DNAudit | user=null | ip=null | op=WRITE_CHUNK {blockData=conID: 1 locID: 102665036031066526 bcsId: 884} | ret=SUCCESS |  
2019-08-23 07:08:50,208 | INFO  | DNAudit | user=null | ip=null | op=WRITE_CHUNK {blockData=conID: 1 locID: 102665036031066526 bcsId: 884} | ret=SUCCESS |  
2019-08-23 07:08:50,209 | INFO  | DNAudit | user=null | ip=null | op=PUT_BLOCK {blockData=[blockId=conID: 1 locID: 102665036031066526 bcsId: 0,size=3145728]} | ret=SUCCESS |  
2019-08-23 07:08:50,209 [grpc-default-executor-6] INFO  client.GrpcClientProtocolClient (GrpcClientProtocolClient.java:onNext(255)) - client-D91E5D1E15CE->f2ba01fc-a63e-4348-bd18-030b60a135e7: receive RaftClientReply:client-D91E5D1E15CE->f2ba01fc-a63e-4348-bd18-030b60a135e7@group-C8C62FEF0626, cid=709, SUCCESS, logIndex=889, commits[f2ba01fc-a63e-4348-bd18-030b60a135e7:c890, eab135d4-a257-4705-b491-6c056b8c5df7:c888, a4f67574-9018-43e7-8a54-351e98dc3d0a:c888]
2019-08-23 07:08:50,210 [grpc-default-executor-6] INFO  client.GrpcClientProtocolClient (GrpcClientProtocolClient.java:onNext(255)) - client-D91E5D1E15CE->f2ba01fc-a63e-4348-bd18-030b60a135e7: receive RaftClientReply:client-D91E5D1E15CE->f2ba01fc-a63e-4348-bd18-030b60a135e7@group-C8C62FEF0626, cid=710, SUCCESS, logIndex=890, commits[f2ba01fc-a63e-4348-bd18-030b60a135e7:c890, eab135d4-a257-4705-b491-6c056b8c5df7:c888, a4f67574-9018-43e7-8a54-351e98dc3d0a:c888]
2019-08-23 07:08:50,216 | INFO  | DNAudit | user=null | ip=null | op=WRITE_CHUNK {blockData=conID: 1 locID: 102665036031066526 bcsId: 890} | ret=SUCCESS |  
2019-08-23 07:08:50,219 | INFO  | DNAudit | user=null | ip=null | op=WRITE_CHUNK {blockData=conID: 1 locID: 102665036031066526 bcsId: 890} | ret=SUCCESS |  
2019-08-23 07:08:50,219 | INFO  | DNAudit | user=null | ip=null | op=WRITE_CHUNK {blockData=conID: 1 locID: 102665036031066526 bcsId: 890} | ret=SUCCESS |  
2019-08-23 07:08:50,220 | INFO  | DNAudit | user=null | ip=null | op=WRITE_CHUNK {blockData=conID: 1 locID: 102665036031066526 bcsId: 884} | ret=SUCCESS |  
2019-08-23 07:08:50,220 | INFO  | DNAudit | user=null | ip=null | op=WRITE_CHUNK {blockData=conID: 1 locID: 102665036031066526 bcsId: 884} | ret=SUCCESS |  
2019-08-23 07:08:50,221 | INFO  | DNAudit | user=null | ip=null | op=PUT_BLOCK {blockData=[blockId=conID: 1 locID: 102665036031066526 bcsId: 0,size=3145728]} | ret=SUCCESS |  
2019-08-23 07:08:50,221 | INFO  | DNAudit | user=null | ip=null | op=PUT_BLOCK {blockData=[blockId=conID: 1 locID: 102665036031066526 bcsId: 0,size=3145728]} | ret=SUCCESS |  
2019-08-23 07:08:50,221 | INFO  | DNAudit | user=null | ip=null | op=WRITE_CHUNK {blockData=conID: 1 locID: 102665036031066526 bcsId: 890} | ret=SUCCESS |  
2019-08-23 07:08:50,222 | INFO  | DNAudit | user=null | ip=null | op=PUT_BLOCK {blockData=[blockId=conID: 1 locID: 102665036031066526 bcsId: 0,size=4194304]} | ret=SUCCESS |  
2019-08-23 07:08:50,222 [grpc-default-executor-4] INFO  client.GrpcClientProtocolClient (GrpcClientProtocolClient.java:onNext(255)) - client-D91E5D1E15CE->f2ba01fc-a63e-4348-bd18-030b60a135e7: receive RaftClientReply:client-D91E5D1E15CE->f2ba01fc-a63e-4348-bd18-030b60a135e7@group-C8C62FEF0626, cid=711, SUCCESS, logIndex=893, commits[f2ba01fc-a63e-4348-bd18-030b60a135e7:c894, eab135d4-a257-4705-b491-6c056b8c5df7:c890, a4f67574-9018-43e7-8a54-351e98dc3d0a:c890]
2019-08-23 07:08:50,222 [grpc-default-executor-4] INFO  client.GrpcClientProtocolClient (GrpcClientProtocolClient.java:onNext(255)) - client-D91E5D1E15CE->f2ba01fc-a63e-4348-bd18-030b60a135e7: receive RaftClientReply:client-D91E5D1E15CE->f2ba01fc-a63e-4348-bd18-030b60a135e7@group-C8C62FEF0626, cid=712, SUCCESS, logIndex=894, commits[f2ba01fc-a63e-4348-bd18-030b60a135e7:c894, eab135d4-a257-4705-b491-6c056b8c5df7:c890, a4f67574-9018-43e7-8a54-351e98dc3d0a:c890]
2019-08-23 07:08:50,233 | INFO  | DNAudit | user=null | ip=null | op=WRITE_CHUNK {blockData=conID: 1 locID: 102665036031066526 bcsId: 890} | ret=SUCCESS |  
2019-08-23 07:08:50,233 | INFO  | DNAudit | user=null | ip=null | op=WRITE_CHUNK {blockData=conID: 1 locID: 102665036031066526 bcsId: 890} | ret=SUCCESS |  
2019-08-23 07:08:50,234 | INFO  | DNAudit | user=null | ip=null | op=PUT_BLOCK {blockData=[blockId=conID: 1 locID: 102665036031066526 bcsId: 0,size=4194304]} | ret=SUCCESS |  
2019-08-23 07:08:50,234 | INFO  | DNAudit | user=null | ip=null | op=PUT_BLOCK {blockData=[blockId=conID: 1 locID: 102665036031066526 bcsId: 0,size=4194304]} | ret=SUCCESS |  
2019-08-23 07:08:50,235 [grpc-default-executor-4] INFO  client.GrpcClientProtocolClient (GrpcClientProtocolClient.java:onNext(255)) - client-D91E5D1E15CE->f2ba01fc-a63e-4348-bd18-030b60a135e7: receive RaftClientReply:client-D91E5D1E15CE->f2ba01fc-a63e-4348-bd18-030b60a135e7@group-C8C62FEF0626, cid=713, SUCCESS, logIndex=0, commits[f2ba01fc-a63e-4348-bd18-030b60a135e7:c895, eab135d4-a257-4705-b491-6c056b8c5df7:c894, a4f67574-9018-43e7-8a54-351e98dc3d0a:c894]
2019-08-23 07:08:50,243 | INFO  | DNAudit | user=null | ip=null | op=WRITE_CHUNK {blockData=conID: 2 locID: 102665036031066527 bcsId: 0} | ret=SUCCESS |  
2019-08-23 07:08:50,245 | INFO  | DNAudit | user=null | ip=null | op=WRITE_CHUNK {blockData=conID: 2 locID: 102665036031066527 bcsId: 0} | ret=SUCCESS |  
2019-08-23 07:08:50,245 | INFO  | DNAudit | user=null | ip=null | op=WRITE_CHUNK {blockData=conID: 2 locID: 102665036031066527 bcsId: 0} | ret=SUCCESS |  
2019-08-23 07:08:50,246 | INFO  | DNAudit | user=null | ip=null | op=WRITE_CHUNK {blockData=conID: 2 locID: 102665036031066527 bcsId: 0} | ret=SUCCESS |  
2019-08-23 07:08:50,248 | INFO  | DNAudit | user=null | ip=null | op=WRITE_CHUNK {blockData=conID: 2 locID: 102665036031066527 bcsId: 0} | ret=SUCCESS |  
2019-08-23 07:08:50,248 | INFO  | DNAudit | user=null | ip=null | op=WRITE_CHUNK {blockData=conID: 2 locID: 102665036031066527 bcsId: 0} | ret=SUCCESS |  
2019-08-23 07:08:50,256 | INFO  | DNAudit | user=null | ip=null | op=WRITE_CHUNK {blockData=conID: 2 locID: 102665036031066527 bcsId: 0} | ret=SUCCESS |  
2019-08-23 07:08:50,256 | INFO  | DNAudit | user=null | ip=null | op=PUT_BLOCK {blockData=[blockId=conID: 2 locID: 102665036031066527 bcsId: 0,size=1048576]} | ret=SUCCESS |  
2019-08-23 07:08:50,257 | INFO  | DNAudit | user=null | ip=null | op=WRITE_CHUNK {blockData=conID: 2 locID: 102665036031066527 bcsId: 0} | ret=SUCCESS |  
2019-08-23 07:08:50,257 [grpc-default-executor-6] INFO  client.GrpcClientProtocolClient (GrpcClientProtocolClient.java:onNext(255)) - client-D91E5D1E15CE->f2ba01fc-a63e-4348-bd18-030b60a135e7: receive RaftClientReply:client-D91E5D1E15CE->f2ba01fc-a63e-4348-bd18-030b60a135e7@group-C8C62FEF0626, cid=714, SUCCESS, logIndex=897, commits[f2ba01fc-a63e-4348-bd18-030b60a135e7:c899, eab135d4-a257-4705-b491-6c056b8c5df7:c896, a4f67574-9018-43e7-8a54-351e98dc3d0a:c896]
2019-08-23 07:08:50,257 | INFO  | DNAudit | user=null | ip=null | op=WRITE_CHUNK {blockData=conID: 2 locID: 102665036031066527 bcsId: 0} | ret=SUCCESS |  
2019-08-23 07:08:50,257 | INFO  | DNAudit | user=null | ip=null | op=WRITE_CHUNK {blockData=conID: 2 locID: 102665036031066527 bcsId: 0} | ret=SUCCESS |  
2019-08-23 07:08:50,257 | INFO  | DNAudit | user=null | ip=null | op=PUT_BLOCK {blockData=[blockId=conID: 2 locID: 102665036031066527 bcsId: 0,size=2097152]} | ret=SUCCESS |  
2019-08-23 07:08:50,257 | INFO  | DNAudit | user=null | ip=null | op=PUT_BLOCK {blockData=[blockId=conID: 2 locID: 102665036031066527 bcsId: 0,size=1048576]} | ret=SUCCESS |  
2019-08-23 07:08:50,257 [grpc-default-executor-6] INFO  client.GrpcClientProtocolClient (GrpcClientProtocolClient.java:onNext(255)) - client-D91E5D1E15CE->f2ba01fc-a63e-4348-bd18-030b60a135e7: receive RaftClientReply:client-D91E5D1E15CE->f2ba01fc-a63e-4348-bd18-030b60a135e7@group-C8C62FEF0626, cid=715, SUCCESS, logIndex=898, commits[f2ba01fc-a63e-4348-bd18-030b60a135e7:c900, eab135d4-a257-4705-b491-6c056b8c5df7:c896, a4f67574-9018-43e7-8a54-351e98dc3d0a:c896]
2019-08-23 07:08:50,258 [grpc-default-executor-6] INFO  client.GrpcClientProtocolClient (GrpcClientProtocolClient.java:onNext(255)) - client-D91E5D1E15CE->f2ba01fc-a63e-4348-bd18-030b60a135e7: receive RaftClientReply:client-D91E5D1E15CE->f2ba01fc-a63e-4348-bd18-030b60a135e7@group-C8C62FEF0626, cid=716, SUCCESS, logIndex=899, commits[f2ba01fc-a63e-4348-bd18-030b60a135e7:c900, eab135d4-a257-4705-b491-6c056b8c5df7:c896, a4f67574-9018-43e7-8a54-351e98dc3d0a:c896]
2019-08-23 07:08:50,258 [grpc-default-executor-6] INFO  client.GrpcClientProtocolClient (GrpcClientProtocolClient.java:onNext(255)) - client-D91E5D1E15CE->f2ba01fc-a63e-4348-bd18-030b60a135e7: receive RaftClientReply:client-D91E5D1E15CE->f2ba01fc-a63e-4348-bd18-030b60a135e7@group-C8C62FEF0626, cid=717, SUCCESS, logIndex=900, commits[f2ba01fc-a63e-4348-bd18-030b60a135e7:c901, eab135d4-a257-4705-b491-6c056b8c5df7:c897, a4f67574-9018-43e7-8a54-351e98dc3d0a:c898]
2019-08-23 07:08:50,258 | INFO  | DNAudit | user=null | ip=null | op=PUT_BLOCK {blockData=[blockId=conID: 2 locID: 102665036031066527 bcsId: 0,size=1048576]} | ret=SUCCESS |  
2019-08-23 07:08:50,259 | INFO  | DNAudit | user=null | ip=null | op=WRITE_CHUNK {blockData=conID: 2 locID: 102665036031066527 bcsId: 0} | ret=SUCCESS |  
2019-08-23 07:08:50,259 | INFO  | DNAudit | user=null | ip=null | op=WRITE_CHUNK {blockData=conID: 2 locID: 102665036031066527 bcsId: 0} | ret=SUCCESS |  
2019-08-23 07:08:50,259 | INFO  | DNAudit | user=null | ip=null | op=PUT_BLOCK {blockData=[blockId=conID: 2 locID: 102665036031066527 bcsId: 0,size=2097152]} | ret=SUCCESS |  
2019-08-23 07:08:50,259 | INFO  | DNAudit | user=null | ip=null | op=PUT_BLOCK {blockData=[blockId=conID: 2 locID: 102665036031066527 bcsId: 0,size=2097152]} | ret=SUCCESS |  
2019-08-23 07:08:50,259 [grpc-default-executor-3] INFO  client.GrpcClientProtocolClient (GrpcClientProtocolClient.java:onNext(255)) - client-D91E5D1E15CE->f2ba01fc-a63e-4348-bd18-030b60a135e7: receive RaftClientReply:client-D91E5D1E15CE->f2ba01fc-a63e-4348-bd18-030b60a135e7@group-C8C62FEF0626, cid=718, SUCCESS, logIndex=0, commits[f2ba01fc-a63e-4348-bd18-030b60a135e7:c903, eab135d4-a257-4705-b491-6c056b8c5df7:c900, a4f67574-9018-43e7-8a54-351e98dc3d0a:c899]
2019-08-23 07:08:50,267 | INFO  | DNAudit | user=null | ip=null | op=WRITE_CHUNK {blockData=conID: 2 locID: 102665036031066527 bcsId: 900} | ret=SUCCESS |  
2019-08-23 07:08:50,270 | INFO  | DNAudit | user=null | ip=null | op=WRITE_CHUNK {blockData=conID: 2 locID: 102665036031066527 bcsId: 900} | ret=SUCCESS |  
2019-08-23 07:08:50,270 | INFO  | DNAudit | user=null | ip=null | op=WRITE_CHUNK {blockData=conID: 2 locID: 102665036031066527 bcsId: 900} | ret=SUCCESS |  
2019-08-23 07:08:50,272 | INFO  | DNAudit | user=null | ip=null | op=WRITE_CHUNK {blockData=conID: 2 locID: 102665036031066527 bcsId: 900} | ret=SUCCESS |  
2019-08-23 07:08:50,273 | INFO  | DNAudit | user=null | ip=null | op=PUT_BLOCK {blockData=[blockId=conID: 2 locID: 102665036031066527 bcsId: 0,size=3145728]} | ret=SUCCESS |  
2019-08-23 07:08:50,273 [grpc-default-executor-3] INFO  client.GrpcClientProtocolClient (GrpcClientProtocolClient.java:onNext(255)) - client-D91E5D1E15CE->f2ba01fc-a63e-4348-bd18-030b60a135e7: receive RaftClientReply:client-D91E5D1E15CE->f2ba01fc-a63e-4348-bd18-030b60a135e7@group-C8C62FEF0626, cid=719, SUCCESS, logIndex=905, commits[f2ba01fc-a63e-4348-bd18-030b60a135e7:c906, eab135d4-a257-4705-b491-6c056b8c5df7:c904, a4f67574-9018-43e7-8a54-351e98dc3d0a:c900]
2019-08-23 07:08:50,274 [grpc-default-executor-3] INFO  client.GrpcClientProtocolClient (GrpcClientProtocolClient.java:onNext(255)) - client-D91E5D1E15CE->f2ba01fc-a63e-4348-bd18-030b60a135e7: receive RaftClientReply:client-D91E5D1E15CE->f2ba01fc-a63e-4348-bd18-030b60a135e7@group-C8C62FEF0626, cid=720, SUCCESS, logIndex=906, commits[f2ba01fc-a63e-4348-bd18-030b60a135e7:c906, eab135d4-a257-4705-b491-6c056b8c5df7:c904, a4f67574-9018-43e7-8a54-351e98dc3d0a:c904]
2019-08-23 07:08:50,274 | INFO  | DNAudit | user=null | ip=null | op=WRITE_CHUNK {blockData=conID: 2 locID: 102665036031066527 bcsId: 900} | ret=SUCCESS |  
2019-08-23 07:08:50,274 | INFO  | DNAudit | user=null | ip=null | op=WRITE_CHUNK {blockData=conID: 2 locID: 102665036031066527 bcsId: 900} | ret=SUCCESS |  
2019-08-23 07:08:50,275 | INFO  | DNAudit | user=null | ip=null | op=PUT_BLOCK {blockData=[blockId=conID: 2 locID: 102665036031066527 bcsId: 0,size=3145728]} | ret=SUCCESS |  
2019-08-23 07:08:50,275 | INFO  | DNAudit | user=null | ip=null | op=PUT_BLOCK {blockData=[blockId=conID: 2 locID: 102665036031066527 bcsId: 0,size=3145728]} | ret=SUCCESS |  
2019-08-23 07:08:50,281 | INFO  | DNAudit | user=null | ip=null | op=WRITE_CHUNK {blockData=conID: 2 locID: 102665036031066527 bcsId: 906} | ret=SUCCESS |  
2019-08-23 07:08:50,283 | INFO  | DNAudit | user=null | ip=null | op=WRITE_CHUNK {blockData=conID: 2 locID: 102665036031066527 bcsId: 906} | ret=SUCCESS |  
2019-08-23 07:08:50,283 | INFO  | DNAudit | user=null | ip=null | op=WRITE_CHUNK {blockData=conID: 2 locID: 102665036031066527 bcsId: 906} | ret=SUCCESS |  
2019-08-23 07:08:50,286 | INFO  | DNAudit | user=null | ip=null | op=WRITE_CHUNK {blockData=conID: 2 locID: 102665036031066527 bcsId: 906} | ret=SUCCESS |  
2019-08-23 07:08:50,286 | INFO  | DNAudit | user=null | ip=null | op=PUT_BLOCK {blockData=[blockId=conID: 2 locID: 102665036031066527 bcsId: 0,size=4194304]} | ret=SUCCESS |  
2019-08-23 07:08:50,286 [grpc-default-executor-4] INFO  client.GrpcClientProtocolClient (GrpcClientProtocolClient.java:onNext(255)) - client-D91E5D1E15CE->f2ba01fc-a63e-4348-bd18-030b60a135e7: receive RaftClientReply:client-D91E5D1E15CE->f2ba01fc-a63e-4348-bd18-030b60a135e7@group-C8C62FEF0626, cid=721, SUCCESS, logIndex=909, commits[f2ba01fc-a63e-4348-bd18-030b60a135e7:c910, eab135d4-a257-4705-b491-6c056b8c5df7:c908, a4f67574-9018-43e7-8a54-351e98dc3d0a:c908]
2019-08-23 07:08:50,287 [grpc-default-executor-4] INFO  client.GrpcClientProtocolClient (GrpcClientProtocolClient.java:onNext(255)) - client-D91E5D1E15CE->f2ba01fc-a63e-4348-bd18-030b60a135e7: receive RaftClientReply:client-D91E5D1E15CE->f2ba01fc-a63e-4348-bd18-030b60a135e7@group-C8C62FEF0626, cid=722, SUCCESS, logIndex=910, commits[f2ba01fc-a63e-4348-bd18-030b60a135e7:c910, eab135d4-a257-4705-b491-6c056b8c5df7:c908, a4f67574-9018-43e7-8a54-351e98dc3d0a:c908]
2019-08-23 07:08:50,287 | INFO  | DNAudit | user=null | ip=null | op=WRITE_CHUNK {blockData=conID: 2 locID: 102665036031066527 bcsId: 906} | ret=SUCCESS |  
2019-08-23 07:08:50,287 | INFO  | DNAudit | user=null | ip=null | op=PUT_BLOCK {blockData=[blockId=conID: 2 locID: 102665036031066527 bcsId: 0,size=4194304]} | ret=SUCCESS |  
2019-08-23 07:08:50,288 | INFO  | DNAudit | user=null | ip=null | op=WRITE_CHUNK {blockData=conID: 2 locID: 102665036031066527 bcsId: 906} | ret=SUCCESS |  
2019-08-23 07:08:50,288 | INFO  | DNAudit | user=null | ip=null | op=PUT_BLOCK {blockData=[blockId=conID: 2 locID: 102665036031066527 bcsId: 0,size=4194304]} | ret=SUCCESS |  
2019-08-23 07:08:50,288 [grpc-default-executor-4] INFO  client.GrpcClientProtocolClient (GrpcClientProtocolClient.java:onNext(255)) - client-D91E5D1E15CE->f2ba01fc-a63e-4348-bd18-030b60a135e7: receive RaftClientReply:client-D91E5D1E15CE->f2ba01fc-a63e-4348-bd18-030b60a135e7@group-C8C62FEF0626, cid=723, SUCCESS, logIndex=0, commits[f2ba01fc-a63e-4348-bd18-030b60a135e7:c911, eab135d4-a257-4705-b491-6c056b8c5df7:c910, a4f67574-9018-43e7-8a54-351e98dc3d0a:c910]
2019-08-23 07:08:50,296 | INFO  | DNAudit | user=null | ip=null | op=WRITE_CHUNK {blockData=conID: 3 locID: 102665036031066528 bcsId: 0} | ret=SUCCESS |  
2019-08-23 07:08:50,298 | INFO  | DNAudit | user=null | ip=null | op=WRITE_CHUNK {blockData=conID: 3 locID: 102665036031066528 bcsId: 0} | ret=SUCCESS |  
2019-08-23 07:08:50,298 | INFO  | DNAudit | user=null | ip=null | op=WRITE_CHUNK {blockData=conID: 3 locID: 102665036031066528 bcsId: 0} | ret=SUCCESS |  
2019-08-23 07:08:50,299 | INFO  | DNAudit | user=null | ip=null | op=WRITE_CHUNK {blockData=conID: 3 locID: 102665036031066528 bcsId: 0} | ret=SUCCESS |  
2019-08-23 07:08:50,301 | INFO  | DNAudit | user=null | ip=null | op=WRITE_CHUNK {blockData=conID: 3 locID: 102665036031066528 bcsId: 0} | ret=SUCCESS |  
2019-08-23 07:08:50,301 | INFO  | DNAudit | user=null | ip=null | op=WRITE_CHUNK {blockData=conID: 3 locID: 102665036031066528 bcsId: 0} | ret=SUCCESS |  
2019-08-23 07:08:50,316 | INFO  | DNAudit | user=null | ip=null | op=WRITE_CHUNK {blockData=conID: 3 locID: 102665036031066528 bcsId: 0} | ret=SUCCESS |  
2019-08-23 07:08:50,317 | INFO  | DNAudit | user=null | ip=null | op=PUT_BLOCK {blockData=[blockId=conID: 3 locID: 102665036031066528 bcsId: 0,size=1048576]} | ret=SUCCESS |  
2019-08-23 07:08:50,317 [grpc-default-executor-6] INFO  client.GrpcClientProtocolClient (GrpcClientProtocolClient.java:onNext(255)) - client-D91E5D1E15CE->f2ba01fc-a63e-4348-bd18-030b60a135e7: receive RaftClientReply:client-D91E5D1E15CE->f2ba01fc-a63e-4348-bd18-030b60a135e7@group-C8C62FEF0626, cid=724, SUCCESS, logIndex=913, commits[f2ba01fc-a63e-4348-bd18-030b60a135e7:c914, eab135d4-a257-4705-b491-6c056b8c5df7:c912, a4f67574-9018-43e7-8a54-351e98dc3d0a:c912]
2019-08-23 07:08:50,317 [grpc-default-executor-6] INFO  client.GrpcClientProtocolClient (GrpcClientProtocolClient.java:onNext(255)) - client-D91E5D1E15CE->f2ba01fc-a63e-4348-bd18-030b60a135e7: receive RaftClientReply:client-D91E5D1E15CE->f2ba01fc-a63e-4348-bd18-030b60a135e7@group-C8C62FEF0626, cid=725, SUCCESS, logIndex=914, commits[f2ba01fc-a63e-4348-bd18-030b60a135e7:c914, eab135d4-a257-4705-b491-6c056b8c5df7:c912, a4f67574-9018-43e7-8a54-351e98dc3d0a:c912]
2019-08-23 07:08:50,327 | INFO  | DNAudit | user=null | ip=null | op=WRITE_CHUNK {blockData=conID: 3 locID: 102665036031066528 bcsId: 0} | ret=SUCCESS |  
2019-08-23 07:08:50,328 | INFO  | DNAudit | user=null | ip=null | op=PUT_BLOCK {blockData=[blockId=conID: 3 locID: 102665036031066528 bcsId: 0,size=2097152]} | ret=SUCCESS |  
2019-08-23 07:08:50,328 [grpc-default-executor-4] INFO  client.GrpcClientProtocolClient (GrpcClientProtocolClient.java:onNext(255)) - client-D91E5D1E15CE->f2ba01fc-a63e-4348-bd18-030b60a135e7: receive RaftClientReply:client-D91E5D1E15CE->f2ba01fc-a63e-4348-bd18-030b60a135e7@group-C8C62FEF0626, cid=726, SUCCESS, logIndex=915, commits[f2ba01fc-a63e-4348-bd18-030b60a135e7:c916, eab135d4-a257-4705-b491-6c056b8c5df7:c912, a4f67574-9018-43e7-8a54-351e98dc3d0a:c912]
2019-08-23 07:08:50,328 [grpc-default-executor-4] INFO  client.GrpcClientProtocolClient (GrpcClientProtocolClient.java:onNext(255)) - client-D91E5D1E15CE->f2ba01fc-a63e-4348-bd18-030b60a135e7: receive RaftClientReply:client-D91E5D1E15CE->f2ba01fc-a63e-4348-bd18-030b60a135e7@group-C8C62FEF0626, cid=727, SUCCESS, logIndex=916, commits[f2ba01fc-a63e-4348-bd18-030b60a135e7:c916, eab135d4-a257-4705-b491-6c056b8c5df7:c912, a4f67574-9018-43e7-8a54-351e98dc3d0a:c912]
2019-08-23 07:08:50,338 | INFO  | DNAudit | user=null | ip=null | op=WRITE_CHUNK {blockData=conID: 3 locID: 102665036031066528 bcsId: 0} | ret=SUCCESS |  
2019-08-23 07:08:50,339 | INFO  | DNAudit | user=null | ip=null | op=WRITE_CHUNK {blockData=conID: 3 locID: 102665036031066528 bcsId: 0} | ret=SUCCESS |  
2019-08-23 07:08:50,339 | INFO  | DNAudit | user=null | ip=null | op=PUT_BLOCK {blockData=[blockId=conID: 3 locID: 102665036031066528 bcsId: 0,size=1048576]} | ret=SUCCESS |  
2019-08-23 07:08:50,339 | INFO  | DNAudit | user=null | ip=null | op=PUT_BLOCK {blockData=[blockId=conID: 3 locID: 102665036031066528 bcsId: 0,size=1048576]} | ret=SUCCESS |  
2019-08-23 07:08:50,339 | INFO  | DNAudit | user=null | ip=null | op=WRITE_CHUNK {blockData=conID: 3 locID: 102665036031066528 bcsId: 0} | ret=SUCCESS |  
2019-08-23 07:08:50,339 | INFO  | DNAudit | user=null | ip=null | op=PUT_BLOCK {blockData=[blockId=conID: 3 locID: 102665036031066528 bcsId: 0,size=2097152]} | ret=SUCCESS |  
2019-08-23 07:08:50,340 [grpc-default-executor-3] INFO  client.GrpcClientProtocolClient (GrpcClientProtocolClient.java:onNext(255)) - client-D91E5D1E15CE->f2ba01fc-a63e-4348-bd18-030b60a135e7: receive RaftClientReply:client-D91E5D1E15CE->f2ba01fc-a63e-4348-bd18-030b60a135e7@group-C8C62FEF0626, cid=728, SUCCESS, logIndex=0, commits[f2ba01fc-a63e-4348-bd18-030b60a135e7:c918, eab135d4-a257-4705-b491-6c056b8c5df7:c914, a4f67574-9018-43e7-8a54-351e98dc3d0a:c914]
2019-08-23 07:08:50,340 | INFO  | DNAudit | user=null | ip=null | op=WRITE_CHUNK {blockData=conID: 3 locID: 102665036031066528 bcsId: 0} | ret=SUCCESS |  
2019-08-23 07:08:50,340 | INFO  | DNAudit | user=null | ip=null | op=PUT_BLOCK {blockData=[blockId=conID: 3 locID: 102665036031066528 bcsId: 0,size=2097152]} | ret=SUCCESS |  
2019-08-23 07:08:50,348 | INFO  | DNAudit | user=null | ip=null | op=WRITE_CHUNK {blockData=conID: 3 locID: 102665036031066528 bcsId: 916} | ret=SUCCESS |  
2019-08-23 07:08:50,351 | INFO  | DNAudit | user=null | ip=null | op=WRITE_CHUNK {blockData=conID: 3 locID: 102665036031066528 bcsId: 916} | ret=SUCCESS |  
2019-08-23 07:08:50,351 | INFO  | DNAudit | user=null | ip=null | op=WRITE_CHUNK {blockData=conID: 3 locID: 102665036031066528 bcsId: 916} | ret=SUCCESS |  
2019-08-23 07:08:50,359 | INFO  | DNAudit | user=null | ip=null | op=WRITE_CHUNK {blockData=conID: 3 locID: 102665036031066528 bcsId: 916} | ret=SUCCESS |  
2019-08-23 07:08:50,359 | INFO  | DNAudit | user=null | ip=null | op=PUT_BLOCK {blockData=[blockId=conID: 3 locID: 102665036031066528 bcsId: 0,size=3145728]} | ret=SUCCESS |  
2019-08-23 07:08:50,359 [grpc-default-executor-6] INFO  client.GrpcClientProtocolClient (GrpcClientProtocolClient.java:onNext(255)) - client-D91E5D1E15CE->f2ba01fc-a63e-4348-bd18-030b60a135e7: receive RaftClientReply:client-D91E5D1E15CE->f2ba01fc-a63e-4348-bd18-030b60a135e7@group-C8C62FEF0626, cid=729, SUCCESS, logIndex=921, commits[f2ba01fc-a63e-4348-bd18-030b60a135e7:c922, eab135d4-a257-4705-b491-6c056b8c5df7:c920, a4f67574-9018-43e7-8a54-351e98dc3d0a:c920]
2019-08-23 07:08:50,360 [grpc-default-executor-6] INFO  client.GrpcClientProtocolClient (GrpcClientProtocolClient.java:onNext(255)) - client-D91E5D1E15CE->f2ba01fc-a63e-4348-bd18-030b60a135e7: receive RaftClientReply:client-D91E5D1E15CE->f2ba01fc-a63e-4348-bd18-030b60a135e7@group-C8C62FEF0626, cid=730, SUCCESS, logIndex=922, commits[f2ba01fc-a63e-4348-bd18-030b60a135e7:c922, eab135d4-a257-4705-b491-6c056b8c5df7:c920, a4f67574-9018-43e7-8a54-351e98dc3d0a:c920]
2019-08-23 07:08:50,368 | INFO  | DNAudit | user=null | ip=null | op=WRITE_CHUNK {blockData=conID: 3 locID: 102665036031066528 bcsId: 922} | ret=SUCCESS |  
2019-08-23 07:08:50,492 | INFO  | DNAudit | user=null | ip=null | op=WRITE_CHUNK {blockData=conID: 3 locID: 102665036031066528 bcsId: 916} | ret=SUCCESS |  
2019-08-23 07:08:50,492 | INFO  | DNAudit | user=null | ip=null | op=WRITE_CHUNK {blockData=conID: 3 locID: 102665036031066528 bcsId: 916} | ret=SUCCESS |  
2019-08-23 07:08:50,496 | INFO  | DNAudit | user=null | ip=null | op=WRITE_CHUNK {blockData=conID: 3 locID: 102665036031066528 bcsId: 922} | ret=SUCCESS |  
2019-08-23 07:08:50,496 | INFO  | DNAudit | user=null | ip=null | op=WRITE_CHUNK {blockData=conID: 3 locID: 102665036031066528 bcsId: 922} | ret=SUCCESS |  
2019-08-23 07:08:50,503 | INFO  | SCMAudit | user=jenkins1000 | ip=192.168.5.178 | op=SEND_HEARTBEAT {datanodeUUID=eab135d4-a257-4705-b491-6c056b8c5df7, command=[]} | ret=SUCCESS |  
2019-08-23 07:08:50,504 | INFO  | SCMAudit | user=jenkins1000 | ip=192.168.5.178 | op=SEND_HEARTBEAT {datanodeUUID=a4f67574-9018-43e7-8a54-351e98dc3d0a, command=[]} | ret=SUCCESS |  
2019-08-23 07:08:50,504 | INFO  | SCMAudit | user=jenkins1000 | ip=192.168.5.178 | op=SEND_HEARTBEAT {datanodeUUID=f2ba01fc-a63e-4348-bd18-030b60a135e7, command=[]} | ret=SUCCESS |  
2019-08-23 07:08:50,505 | INFO  | DNAudit | user=null | ip=null | op=PUT_BLOCK {blockData=[blockId=conID: 3 locID: 102665036031066528 bcsId: 0,size=3145728]} | ret=SUCCESS |  
2019-08-23 07:08:50,507 | INFO  | DNAudit | user=null | ip=null | op=PUT_BLOCK {blockData=[blockId=conID: 3 locID: 102665036031066528 bcsId: 0,size=3145728]} | ret=SUCCESS |  
2019-08-23 07:08:50,507 | INFO  | DNAudit | user=null | ip=null | op=WRITE_CHUNK {blockData=conID: 3 locID: 102665036031066528 bcsId: 922} | ret=SUCCESS |  
2019-08-23 07:08:50,508 | INFO  | DNAudit | user=null | ip=null | op=PUT_BLOCK {blockData=[blockId=conID: 3 locID: 102665036031066528 bcsId: 0,size=4194304]} | ret=SUCCESS |  
2019-08-23 07:08:50,508 [grpc-default-executor-3] INFO  client.GrpcClientProtocolClient (GrpcClientProtocolClient.java:onNext(255)) - client-D91E5D1E15CE->f2ba01fc-a63e-4348-bd18-030b60a135e7: receive RaftClientReply:client-D91E5D1E15CE->f2ba01fc-a63e-4348-bd18-030b60a135e7@group-C8C62FEF0626, cid=731, SUCCESS, logIndex=925, commits[f2ba01fc-a63e-4348-bd18-030b60a135e7:c926, eab135d4-a257-4705-b491-6c056b8c5df7:c922, a4f67574-9018-43e7-8a54-351e98dc3d0a:c922]
2019-08-23 07:08:50,509 [grpc-default-executor-3] INFO  client.GrpcClientProtocolClient (GrpcClientProtocolClient.java:onNext(255)) - client-D91E5D1E15CE->f2ba01fc-a63e-4348-bd18-030b60a135e7: receive RaftClientReply:client-D91E5D1E15CE->f2ba01fc-a63e-4348-bd18-030b60a135e7@group-C8C62FEF0626, cid=732, SUCCESS, logIndex=926, commits[f2ba01fc-a63e-4348-bd18-030b60a135e7:c926, eab135d4-a257-4705-b491-6c056b8c5df7:c922, a4f67574-9018-43e7-8a54-351e98dc3d0a:c922]
2019-08-23 07:08:50,519 | INFO  | DNAudit | user=null | ip=null | op=WRITE_CHUNK {blockData=conID: 3 locID: 102665036031066528 bcsId: 922} | ret=SUCCESS |  
2019-08-23 07:08:50,519 | INFO  | DNAudit | user=null | ip=null | op=WRITE_CHUNK {blockData=conID: 3 locID: 102665036031066528 bcsId: 922} | ret=SUCCESS |  
2019-08-23 07:08:50,520 | INFO  | DNAudit | user=null | ip=null | op=PUT_BLOCK {blockData=[blockId=conID: 3 locID: 102665036031066528 bcsId: 0,size=4194304]} | ret=SUCCESS |  
2019-08-23 07:08:50,520 | INFO  | DNAudit | user=null | ip=null | op=PUT_BLOCK {blockData=[blockId=conID: 3 locID: 102665036031066528 bcsId: 0,size=4194304]} | ret=SUCCESS |  
2019-08-23 07:08:50,521 [grpc-default-executor-3] INFO  client.GrpcClientProtocolClient (GrpcClientProtocolClient.java:onNext(255)) - client-D91E5D1E15CE->f2ba01fc-a63e-4348-bd18-030b60a135e7: receive RaftClientReply:client-D91E5D1E15CE->f2ba01fc-a63e-4348-bd18-030b60a135e7@group-C8C62FEF0626, cid=733, SUCCESS, logIndex=0, commits[f2ba01fc-a63e-4348-bd18-030b60a135e7:c928, eab135d4-a257-4705-b491-6c056b8c5df7:c926, a4f67574-9018-43e7-8a54-351e98dc3d0a:c926]
2019-08-23 07:08:50,529 | INFO  | DNAudit | user=null | ip=null | op=WRITE_CHUNK {blockData=conID: 1 locID: 102665036031066529 bcsId: 0} | ret=SUCCESS |  
2019-08-23 07:08:50,533 | INFO  | DNAudit | user=null | ip=null | op=WRITE_CHUNK {blockData=conID: 1 locID: 102665036031066529 bcsId: 0} | ret=SUCCESS |  
2019-08-23 07:08:50,534 | INFO  | DNAudit | user=null | ip=null | op=WRITE_CHUNK {blockData=conID: 1 locID: 102665036031066529 bcsId: 0} | ret=SUCCESS |  
2019-08-23 07:08:50,534 | INFO  | DNAudit | user=null | ip=null | op=WRITE_CHUNK {blockData=conID: 1 locID: 102665036031066529 bcsId: 0} | ret=SUCCESS |  
2019-08-23 07:08:50,537 | INFO  | DNAudit | user=null | ip=null | op=WRITE_CHUNK {blockData=conID: 1 locID: 102665036031066529 bcsId: 0} | ret=SUCCESS |  
2019-08-23 07:08:50,537 | INFO  | DNAudit | user=null | ip=null | op=WRITE_CHUNK {blockData=conID: 1 locID: 102665036031066529 bcsId: 0} | ret=SUCCESS |  
2019-08-23 07:08:50,542 | INFO  | DNAudit | user=null | ip=null | op=WRITE_CHUNK {blockData=conID: 1 locID: 102665036031066529 bcsId: 0} | ret=SUCCESS |  
2019-08-23 07:08:50,543 | INFO  | DNAudit | user=null | ip=null | op=PUT_BLOCK {blockData=[blockId=conID: 1 locID: 102665036031066529 bcsId: 0,size=1048576]} | ret=SUCCESS |  
2019-08-23 07:08:50,543 [grpc-default-executor-3] INFO  client.GrpcClientProtocolClient (GrpcClientProtocolClient.java:onNext(255)) - client-D91E5D1E15CE->f2ba01fc-a63e-4348-bd18-030b60a135e7: receive RaftClientReply:client-D91E5D1E15CE->f2ba01fc-a63e-4348-bd18-030b60a135e7@group-C8C62FEF0626, cid=734, SUCCESS, logIndex=929, commits[f2ba01fc-a63e-4348-bd18-030b60a135e7:c932, eab135d4-a257-4705-b491-6c056b8c5df7:c928, a4f67574-9018-43e7-8a54-351e98dc3d0a:c928]
2019-08-23 07:08:50,543 | INFO  | DNAudit | user=null | ip=null | op=WRITE_CHUNK {blockData=conID: 1 locID: 102665036031066529 bcsId: 0} | ret=SUCCESS |  
2019-08-23 07:08:50,544 | INFO  | DNAudit | user=null | ip=null | op=WRITE_CHUNK {blockData=conID: 1 locID: 102665036031066529 bcsId: 0} | ret=SUCCESS |  
2019-08-23 07:08:50,544 | INFO  | DNAudit | user=null | ip=null | op=WRITE_CHUNK {blockData=conID: 1 locID: 102665036031066529 bcsId: 0} | ret=SUCCESS |  
2019-08-23 07:08:50,544 [grpc-default-executor-3] INFO  client.GrpcClientProtocolClient (GrpcClientProtocolClient.java:onNext(255)) - client-D91E5D1E15CE->f2ba01fc-a63e-4348-bd18-030b60a135e7: receive RaftClientReply:client-D91E5D1E15CE->f2ba01fc-a63e-4348-bd18-030b60a135e7@group-C8C62FEF0626, cid=735, SUCCESS, logIndex=930, commits[f2ba01fc-a63e-4348-bd18-030b60a135e7:c932, eab135d4-a257-4705-b491-6c056b8c5df7:c928, a4f67574-9018-43e7-8a54-351e98dc3d0a:c928]
2019-08-23 07:08:50,544 | INFO  | DNAudit | user=null | ip=null | op=PUT_BLOCK {blockData=[blockId=conID: 1 locID: 102665036031066529 bcsId: 0,size=2097152]} | ret=SUCCESS |  
2019-08-23 07:08:50,545 [grpc-default-executor-3] INFO  client.GrpcClientProtocolClient (GrpcClientProtocolClient.java:onNext(255)) - client-D91E5D1E15CE->f2ba01fc-a63e-4348-bd18-030b60a135e7: receive RaftClientReply:client-D91E5D1E15CE->f2ba01fc-a63e-4348-bd18-030b60a135e7@group-C8C62FEF0626, cid=736, SUCCESS, logIndex=931, commits[f2ba01fc-a63e-4348-bd18-030b60a135e7:c933, eab135d4-a257-4705-b491-6c056b8c5df7:c929, a4f67574-9018-43e7-8a54-351e98dc3d0a:c929]
2019-08-23 07:08:50,545 | INFO  | DNAudit | user=null | ip=null | op=PUT_BLOCK {blockData=[blockId=conID: 1 locID: 102665036031066529 bcsId: 0,size=1048576]} | ret=SUCCESS |  
2019-08-23 07:08:50,545 | INFO  | DNAudit | user=null | ip=null | op=PUT_BLOCK {blockData=[blockId=conID: 1 locID: 102665036031066529 bcsId: 0,size=1048576]} | ret=SUCCESS |  
2019-08-23 07:08:50,545 | INFO  | DNAudit | user=null | ip=null | op=WRITE_CHUNK {blockData=conID: 1 locID: 102665036031066529 bcsId: 0} | ret=SUCCESS |  
2019-08-23 07:08:50,545 [grpc-default-executor-3] INFO  client.GrpcClientProtocolClient (GrpcClientProtocolClient.java:onNext(255)) - client-D91E5D1E15CE->f2ba01fc-a63e-4348-bd18-030b60a135e7: receive RaftClientReply:client-D91E5D1E15CE->f2ba01fc-a63e-4348-bd18-030b60a135e7@group-C8C62FEF0626, cid=737, SUCCESS, logIndex=932, commits[f2ba01fc-a63e-4348-bd18-030b60a135e7:c933, eab135d4-a257-4705-b491-6c056b8c5df7:c929, a4f67574-9018-43e7-8a54-351e98dc3d0a:c929]
2019-08-23 07:08:50,545 | INFO  | DNAudit | user=null | ip=null | op=PUT_BLOCK {blockData=[blockId=conID: 1 locID: 102665036031066529 bcsId: 0,size=2097152]} | ret=SUCCESS |  
2019-08-23 07:08:50,546 | INFO  | DNAudit | user=null | ip=null | op=WRITE_CHUNK {blockData=conID: 1 locID: 102665036031066529 bcsId: 0} | ret=SUCCESS |  
2019-08-23 07:08:50,546 | INFO  | DNAudit | user=null | ip=null | op=PUT_BLOCK {blockData=[blockId=conID: 1 locID: 102665036031066529 bcsId: 0,size=2097152]} | ret=SUCCESS |  
2019-08-23 07:08:50,547 [grpc-default-executor-3] INFO  client.GrpcClientProtocolClient (GrpcClientProtocolClient.java:onNext(255)) - client-D91E5D1E15CE->f2ba01fc-a63e-4348-bd18-030b60a135e7: receive RaftClientReply:client-D91E5D1E15CE->f2ba01fc-a63e-4348-bd18-030b60a135e7@group-C8C62FEF0626, cid=738, SUCCESS, logIndex=0, commits[f2ba01fc-a63e-4348-bd18-030b60a135e7:c936, eab135d4-a257-4705-b491-6c056b8c5df7:c932, a4f67574-9018-43e7-8a54-351e98dc3d0a:c932]
2019-08-23 07:08:50,555 | INFO  | DNAudit | user=null | ip=null | op=WRITE_CHUNK {blockData=conID: 1 locID: 102665036031066529 bcsId: 932} | ret=SUCCESS |  
2019-08-23 07:08:50,558 | INFO  | DNAudit | user=null | ip=null | op=WRITE_CHUNK {blockData=conID: 1 locID: 102665036031066529 bcsId: 932} | ret=SUCCESS |  
2019-08-23 07:08:50,559 | INFO  | DNAudit | user=null | ip=null | op=WRITE_CHUNK {blockData=conID: 1 locID: 102665036031066529 bcsId: 932} | ret=SUCCESS |  
2019-08-23 07:08:50,575 | INFO  | DNAudit | user=null | ip=null | op=WRITE_CHUNK {blockData=conID: 1 locID: 102665036031066529 bcsId: 932} | ret=SUCCESS |  
2019-08-23 07:08:50,576 | INFO  | DNAudit | user=null | ip=null | op=PUT_BLOCK {blockData=[blockId=conID: 1 locID: 102665036031066529 bcsId: 0,size=3145728]} | ret=SUCCESS |  
2019-08-23 07:08:50,576 [grpc-default-executor-3] INFO  client.GrpcClientProtocolClient (GrpcClientProtocolClient.java:onNext(255)) - client-D91E5D1E15CE->f2ba01fc-a63e-4348-bd18-030b60a135e7: receive RaftClientReply:client-D91E5D1E15CE->f2ba01fc-a63e-4348-bd18-030b60a135e7@group-C8C62FEF0626, cid=739, SUCCESS, logIndex=937, commits[f2ba01fc-a63e-4348-bd18-030b60a135e7:c938, eab135d4-a257-4705-b491-6c056b8c5df7:c936, a4f67574-9018-43e7-8a54-351e98dc3d0a:c936]
2019-08-23 07:08:50,577 [grpc-default-executor-3] INFO  client.GrpcClientProtocolClient (GrpcClientProtocolClient.java:onNext(255)) - client-D91E5D1E15CE->f2ba01fc-a63e-4348-bd18-030b60a135e7: receive RaftClientReply:client-D91E5D1E15CE->f2ba01fc-a63e-4348-bd18-030b60a135e7@group-C8C62FEF0626, cid=740, SUCCESS, logIndex=938, commits[f2ba01fc-a63e-4348-bd18-030b60a135e7:c938, eab135d4-a257-4705-b491-6c056b8c5df7:c936, a4f67574-9018-43e7-8a54-351e98dc3d0a:c936]
2019-08-23 07:08:50,583 | INFO  | DNAudit | user=null | ip=null | op=WRITE_CHUNK {blockData=conID: 1 locID: 102665036031066529 bcsId: 932} | ret=SUCCESS |  
2019-08-23 07:08:50,584 | INFO  | DNAudit | user=null | ip=null | op=WRITE_CHUNK {blockData=conID: 1 locID: 102665036031066529 bcsId: 932} | ret=SUCCESS |  
2019-08-23 07:08:50,584 | INFO  | DNAudit | user=null | ip=null | op=PUT_BLOCK {blockData=[blockId=conID: 1 locID: 102665036031066529 bcsId: 0,size=3145728]} | ret=SUCCESS |  
2019-08-23 07:08:50,584 | INFO  | DNAudit | user=null | ip=null | op=PUT_BLOCK {blockData=[blockId=conID: 1 locID: 102665036031066529 bcsId: 0,size=3145728]} | ret=SUCCESS |  
2019-08-23 07:08:50,587 | INFO  | DNAudit | user=null | ip=null | op=WRITE_CHUNK {blockData=conID: 1 locID: 102665036031066529 bcsId: 938} | ret=SUCCESS |  
2019-08-23 07:08:50,590 | INFO  | DNAudit | user=null | ip=null | op=WRITE_CHUNK {blockData=conID: 1 locID: 102665036031066529 bcsId: 938} | ret=SUCCESS |  
2019-08-23 07:08:50,590 | INFO  | DNAudit | user=null | ip=null | op=WRITE_CHUNK {blockData=conID: 1 locID: 102665036031066529 bcsId: 938} | ret=SUCCESS |  
2019-08-23 07:08:50,599 | INFO  | DNAudit | user=null | ip=null | op=WRITE_CHUNK {blockData=conID: 1 locID: 102665036031066529 bcsId: 938} | ret=SUCCESS |  
2019-08-23 07:08:50,600 | INFO  | DNAudit | user=null | ip=null | op=PUT_BLOCK {blockData=[blockId=conID: 1 locID: 102665036031066529 bcsId: 0,size=4194304]} | ret=SUCCESS |  
2019-08-23 07:08:50,600 [grpc-default-executor-4] INFO  client.GrpcClientProtocolClient (GrpcClientProtocolClient.java:onNext(255)) - client-D91E5D1E15CE->f2ba01fc-a63e-4348-bd18-030b60a135e7: receive RaftClientReply:client-D91E5D1E15CE->f2ba01fc-a63e-4348-bd18-030b60a135e7@group-C8C62FEF0626, cid=741, SUCCESS, logIndex=941, commits[f2ba01fc-a63e-4348-bd18-030b60a135e7:c941, eab135d4-a257-4705-b491-6c056b8c5df7:c939, a4f67574-9018-43e7-8a54-351e98dc3d0a:c939]
2019-08-23 07:08:50,601 [grpc-default-executor-4] INFO  client.GrpcClientProtocolClient (GrpcClientProtocolClient.java:onNext(255)) - client-D91E5D1E15CE->f2ba01fc-a63e-4348-bd18-030b60a135e7: receive RaftClientReply:client-D91E5D1E15CE->f2ba01fc-a63e-4348-bd18-030b60a135e7@group-C8C62FEF0626, cid=742, SUCCESS, logIndex=942, commits[f2ba01fc-a63e-4348-bd18-030b60a135e7:c942, eab135d4-a257-4705-b491-6c056b8c5df7:c939, a4f67574-9018-43e7-8a54-351e98dc3d0a:c939]
2019-08-23 07:08:50,611 | INFO  | DNAudit | user=null | ip=null | op=WRITE_CHUNK {blockData=conID: 1 locID: 102665036031066529 bcsId: 938} | ret=SUCCESS |  
2019-08-23 07:08:50,612 | INFO  | DNAudit | user=null | ip=null | op=WRITE_CHUNK {blockData=conID: 1 locID: 102665036031066529 bcsId: 938} | ret=SUCCESS |  
2019-08-23 07:08:50,612 | INFO  | DNAudit | user=null | ip=null | op=PUT_BLOCK {blockData=[blockId=conID: 1 locID: 102665036031066529 bcsId: 0,size=4194304]} | ret=SUCCESS |  
2019-08-23 07:08:50,613 | INFO  | DNAudit | user=null | ip=null | op=PUT_BLOCK {blockData=[blockId=conID: 1 locID: 102665036031066529 bcsId: 0,size=4194304]} | ret=SUCCESS |  
2019-08-23 07:08:50,614 [grpc-default-executor-4] INFO  client.GrpcClientProtocolClient (GrpcClientProtocolClient.java:onNext(255)) - client-D91E5D1E15CE->f2ba01fc-a63e-4348-bd18-030b60a135e7: receive RaftClientReply:client-D91E5D1E15CE->f2ba01fc-a63e-4348-bd18-030b60a135e7@group-C8C62FEF0626, cid=743, SUCCESS, logIndex=0, commits[f2ba01fc-a63e-4348-bd18-030b60a135e7:c944, eab135d4-a257-4705-b491-6c056b8c5df7:c942, a4f67574-9018-43e7-8a54-351e98dc3d0a:c942]
2019-08-23 07:08:50,622 | INFO  | DNAudit | user=null | ip=null | op=WRITE_CHUNK {blockData=conID: 2 locID: 102665036031066530 bcsId: 0} | ret=SUCCESS |  
2019-08-23 07:08:50,624 | INFO  | DNAudit | user=null | ip=null | op=WRITE_CHUNK {blockData=conID: 2 locID: 102665036031066530 bcsId: 0} | ret=SUCCESS |  
2019-08-23 07:08:50,625 | INFO  | DNAudit | user=null | ip=null | op=WRITE_CHUNK {blockData=conID: 2 locID: 102665036031066530 bcsId: 0} | ret=SUCCESS |  
2019-08-23 07:08:50,626 | INFO  | DNAudit | user=null | ip=null | op=WRITE_CHUNK {blockData=conID: 2 locID: 102665036031066530 bcsId: 0} | ret=SUCCESS |  
2019-08-23 07:08:50,628 | INFO  | DNAudit | user=null | ip=null | op=WRITE_CHUNK {blockData=conID: 2 locID: 102665036031066530 bcsId: 0} | ret=SUCCESS |  
2019-08-23 07:08:50,628 | INFO  | DNAudit | user=null | ip=null | op=WRITE_CHUNK {blockData=conID: 2 locID: 102665036031066530 bcsId: 0} | ret=SUCCESS |  
2019-08-23 07:08:50,634 | INFO  | DNAudit | user=null | ip=null | op=WRITE_CHUNK {blockData=conID: 2 locID: 102665036031066530 bcsId: 0} | ret=SUCCESS |  
2019-08-23 07:08:50,635 | INFO  | DNAudit | user=null | ip=null | op=PUT_BLOCK {blockData=[blockId=conID: 2 locID: 102665036031066530 bcsId: 0,size=1048576]} | ret=SUCCESS |  
2019-08-23 07:08:50,636 | INFO  | DNAudit | user=null | ip=null | op=WRITE_CHUNK {blockData=conID: 2 locID: 102665036031066530 bcsId: 0} | ret=SUCCESS |  
2019-08-23 07:08:50,636 [grpc-default-executor-3] INFO  client.GrpcClientProtocolClient (GrpcClientProtocolClient.java:onNext(255)) - client-D91E5D1E15CE->f2ba01fc-a63e-4348-bd18-030b60a135e7: receive RaftClientReply:client-D91E5D1E15CE->f2ba01fc-a63e-4348-bd18-030b60a135e7@group-C8C62FEF0626, cid=744, SUCCESS, logIndex=945, commits[f2ba01fc-a63e-4348-bd18-030b60a135e7:c946, eab135d4-a257-4705-b491-6c056b8c5df7:c944, a4f67574-9018-43e7-8a54-351e98dc3d0a:c944]
2019-08-23 07:08:50,636 | INFO  | DNAudit | user=null | ip=null | op=WRITE_CHUNK {blockData=conID: 2 locID: 102665036031066530 bcsId: 0} | ret=SUCCESS |  
2019-08-23 07:08:50,637 | INFO  | DNAudit | user=null | ip=null | op=PUT_BLOCK {blockData=[blockId=conID: 2 locID: 102665036031066530 bcsId: 0,size=2097152]} | ret=SUCCESS |  
2019-08-23 07:08:50,636 [grpc-default-executor-6] INFO  client.GrpcClientProtocolClient (GrpcClientProtocolClient.java:onNext(255)) - client-D91E5D1E15CE->f2ba01fc-a63e-4348-bd18-030b60a135e7: receive RaftClientReply:client-D91E5D1E15CE->f2ba01fc-a63e-4348-bd18-030b60a135e7@group-C8C62FEF0626, cid=745, SUCCESS, logIndex=946, commits[f2ba01fc-a63e-4348-bd18-030b60a135e7:c948, eab135d4-a257-4705-b491-6c056b8c5df7:c944, a4f67574-9018-43e7-8a54-351e98dc3d0a:c944]
2019-08-23 07:08:50,637 | INFO  | DNAudit | user=null | ip=null | op=PUT_BLOCK {blockData=[blockId=conID: 2 locID: 102665036031066530 bcsId: 0,size=1048576]} | ret=SUCCESS |  
2019-08-23 07:08:50,637 | INFO  | DNAudit | user=null | ip=null | op=WRITE_CHUNK {blockData=conID: 2 locID: 102665036031066530 bcsId: 0} | ret=SUCCESS |  
2019-08-23 07:08:50,637 [grpc-default-executor-6] INFO  client.GrpcClientProtocolClient (GrpcClientProtocolClient.java:onNext(255)) - client-D91E5D1E15CE->f2ba01fc-a63e-4348-bd18-030b60a135e7: receive RaftClientReply:client-D91E5D1E15CE->f2ba01fc-a63e-4348-bd18-030b60a135e7@group-C8C62FEF0626, cid=746, SUCCESS, logIndex=947, commits[f2ba01fc-a63e-4348-bd18-030b60a135e7:c948, eab135d4-a257-4705-b491-6c056b8c5df7:c944, a4f67574-9018-43e7-8a54-351e98dc3d0a:c944]
2019-08-23 07:08:50,637 | INFO  | DNAudit | user=null | ip=null | op=PUT_BLOCK {blockData=[blockId=conID: 2 locID: 102665036031066530 bcsId: 0,size=1048576]} | ret=SUCCESS |  
2019-08-23 07:08:50,637 [grpc-default-executor-3] INFO  client.GrpcClientProtocolClient (GrpcClientProtocolClient.java:onNext(255)) - client-D91E5D1E15CE->f2ba01fc-a63e-4348-bd18-030b60a135e7: receive RaftClientReply:client-D91E5D1E15CE->f2ba01fc-a63e-4348-bd18-030b60a135e7@group-C8C62FEF0626, cid=747, SUCCESS, logIndex=948, commits[f2ba01fc-a63e-4348-bd18-030b60a135e7:c950, eab135d4-a257-4705-b491-6c056b8c5df7:c944, a4f67574-9018-43e7-8a54-351e98dc3d0a:c946]
2019-08-23 07:08:50,638 | INFO  | DNAudit | user=null | ip=null | op=WRITE_CHUNK {blockData=conID: 2 locID: 102665036031066530 bcsId: 0} | ret=SUCCESS |  
2019-08-23 07:08:50,638 | INFO  | DNAudit | user=null | ip=null | op=PUT_BLOCK {blockData=[blockId=conID: 2 locID: 102665036031066530 bcsId: 0,size=2097152]} | ret=SUCCESS |  
2019-08-23 07:08:50,638 | INFO  | DNAudit | user=null | ip=null | op=WRITE_CHUNK {blockData=conID: 2 locID: 102665036031066530 bcsId: 0} | ret=SUCCESS |  
2019-08-23 07:08:50,639 | INFO  | DNAudit | user=null | ip=null | op=PUT_BLOCK {blockData=[blockId=conID: 2 locID: 102665036031066530 bcsId: 0,size=2097152]} | ret=SUCCESS |  
2019-08-23 07:08:50,639 [grpc-default-executor-6] INFO  client.GrpcClientProtocolClient (GrpcClientProtocolClient.java:onNext(255)) - client-D91E5D1E15CE->f2ba01fc-a63e-4348-bd18-030b60a135e7: receive RaftClientReply:client-D91E5D1E15CE->f2ba01fc-a63e-4348-bd18-030b60a135e7@group-C8C62FEF0626, cid=748, SUCCESS, logIndex=0, commits[f2ba01fc-a63e-4348-bd18-030b60a135e7:c952, eab135d4-a257-4705-b491-6c056b8c5df7:c948, a4f67574-9018-43e7-8a54-351e98dc3d0a:c948]
2019-08-23 07:08:50,646 | INFO  | DNAudit | user=null | ip=null | op=WRITE_CHUNK {blockData=conID: 2 locID: 102665036031066530 bcsId: 948} | ret=SUCCESS |  
2019-08-23 07:08:50,650 | INFO  | DNAudit | user=null | ip=null | op=WRITE_CHUNK {blockData=conID: 2 locID: 102665036031066530 bcsId: 948} | ret=SUCCESS |  
2019-08-23 07:08:50,650 | INFO  | DNAudit | user=null | ip=null | op=WRITE_CHUNK {blockData=conID: 2 locID: 102665036031066530 bcsId: 948} | ret=SUCCESS |  
2019-08-23 07:08:50,659 | INFO  | DNAudit | user=null | ip=null | op=WRITE_CHUNK {blockData=conID: 2 locID: 102665036031066530 bcsId: 948} | ret=SUCCESS |  
2019-08-23 07:08:50,660 | INFO  | DNAudit | user=null | ip=null | op=PUT_BLOCK {blockData=[blockId=conID: 2 locID: 102665036031066530 bcsId: 0,size=3145728]} | ret=SUCCESS |  
2019-08-23 07:08:50,660 [grpc-default-executor-6] INFO  client.GrpcClientProtocolClient (GrpcClientProtocolClient.java:onNext(255)) - client-D91E5D1E15CE->f2ba01fc-a63e-4348-bd18-030b60a135e7: receive RaftClientReply:client-D91E5D1E15CE->f2ba01fc-a63e-4348-bd18-030b60a135e7@group-C8C62FEF0626, cid=749, SUCCESS, logIndex=953, commits[f2ba01fc-a63e-4348-bd18-030b60a135e7:c954, eab135d4-a257-4705-b491-6c056b8c5df7:c952, a4f67574-9018-43e7-8a54-351e98dc3d0a:c952]
2019-08-23 07:08:50,661 [grpc-default-executor-6] INFO  client.GrpcClientProtocolClient (GrpcClientProtocolClient.java:onNext(255)) - client-D91E5D1E15CE->f2ba01fc-a63e-4348-bd18-030b60a135e7: receive RaftClientReply:client-D91E5D1E15CE->f2ba01fc-a63e-4348-bd18-030b60a135e7@group-C8C62FEF0626, cid=750, SUCCESS, logIndex=954, commits[f2ba01fc-a63e-4348-bd18-030b60a135e7:c954, eab135d4-a257-4705-b491-6c056b8c5df7:c952, a4f67574-9018-43e7-8a54-351e98dc3d0a:c952]
2019-08-23 07:08:50,668 | INFO  | DNAudit | user=null | ip=null | op=WRITE_CHUNK {blockData=conID: 2 locID: 102665036031066530 bcsId: 954} | ret=SUCCESS |  
2019-08-23 07:08:50,670 | INFO  | DNAudit | user=null | ip=null | op=WRITE_CHUNK {blockData=conID: 2 locID: 102665036031066530 bcsId: 954} | ret=SUCCESS |  
2019-08-23 07:08:50,670 | INFO  | DNAudit | user=null | ip=null | op=WRITE_CHUNK {blockData=conID: 2 locID: 102665036031066530 bcsId: 954} | ret=SUCCESS |  
2019-08-23 07:08:50,671 | INFO  | DNAudit | user=null | ip=null | op=WRITE_CHUNK {blockData=conID: 2 locID: 102665036031066530 bcsId: 948} | ret=SUCCESS |  
2019-08-23 07:08:50,671 | INFO  | DNAudit | user=null | ip=null | op=WRITE_CHUNK {blockData=conID: 2 locID: 102665036031066530 bcsId: 948} | ret=SUCCESS |  
2019-08-23 07:08:50,672 | INFO  | DNAudit | user=null | ip=null | op=PUT_BLOCK {blockData=[blockId=conID: 2 locID: 102665036031066530 bcsId: 0,size=3145728]} | ret=SUCCESS |  
2019-08-23 07:08:50,672 | INFO  | DNAudit | user=null | ip=null | op=PUT_BLOCK {blockData=[blockId=conID: 2 locID: 102665036031066530 bcsId: 0,size=3145728]} | ret=SUCCESS |  
2019-08-23 07:08:50,673 | INFO  | DNAudit | user=null | ip=null | op=WRITE_CHUNK {blockData=conID: 2 locID: 102665036031066530 bcsId: 954} | ret=SUCCESS |  
2019-08-23 07:08:50,674 | INFO  | DNAudit | user=null | ip=null | op=PUT_BLOCK {blockData=[blockId=conID: 2 locID: 102665036031066530 bcsId: 0,size=4194304]} | ret=SUCCESS |  
2019-08-23 07:08:50,674 [grpc-default-executor-4] INFO  client.GrpcClientProtocolClient (GrpcClientProtocolClient.java:onNext(255)) - client-D91E5D1E15CE->f2ba01fc-a63e-4348-bd18-030b60a135e7: receive RaftClientReply:client-D91E5D1E15CE->f2ba01fc-a63e-4348-bd18-030b60a135e7@group-C8C62FEF0626, cid=751, SUCCESS, logIndex=957, commits[f2ba01fc-a63e-4348-bd18-030b60a135e7:c958, eab135d4-a257-4705-b491-6c056b8c5df7:c954, a4f67574-9018-43e7-8a54-351e98dc3d0a:c954]
2019-08-23 07:08:50,674 [grpc-default-executor-4] INFO  client.GrpcClientProtocolClient (GrpcClientProtocolClient.java:onNext(255)) - client-D91E5D1E15CE->f2ba01fc-a63e-4348-bd18-030b60a135e7: receive RaftClientReply:client-D91E5D1E15CE->f2ba01fc-a63e-4348-bd18-030b60a135e7@group-C8C62FEF0626, cid=752, SUCCESS, logIndex=958, commits[f2ba01fc-a63e-4348-bd18-030b60a135e7:c958, eab135d4-a257-4705-b491-6c056b8c5df7:c954, a4f67574-9018-43e7-8a54-351e98dc3d0a:c954]
2019-08-23 07:08:50,685 | INFO  | DNAudit | user=null | ip=null | op=WRITE_CHUNK {blockData=conID: 2 locID: 102665036031066530 bcsId: 954} | ret=SUCCESS |  
2019-08-23 07:08:50,685 | INFO  | DNAudit | user=null | ip=null | op=WRITE_CHUNK {blockData=conID: 2 locID: 102665036031066530 bcsId: 954} | ret=SUCCESS |  
2019-08-23 07:08:50,686 | INFO  | DNAudit | user=null | ip=null | op=PUT_BLOCK {blockData=[blockId=conID: 2 locID: 102665036031066530 bcsId: 0,size=4194304]} | ret=SUCCESS |  
2019-08-23 07:08:50,686 | INFO  | DNAudit | user=null | ip=null | op=PUT_BLOCK {blockData=[blockId=conID: 2 locID: 102665036031066530 bcsId: 0,size=4194304]} | ret=SUCCESS |  
2019-08-23 07:08:50,687 [grpc-default-executor-3] INFO  client.GrpcClientProtocolClient (GrpcClientProtocolClient.java:onNext(255)) - client-D91E5D1E15CE->f2ba01fc-a63e-4348-bd18-030b60a135e7: receive RaftClientReply:client-D91E5D1E15CE->f2ba01fc-a63e-4348-bd18-030b60a135e7@group-C8C62FEF0626, cid=753, SUCCESS, logIndex=0, commits[f2ba01fc-a63e-4348-bd18-030b60a135e7:c960, eab135d4-a257-4705-b491-6c056b8c5df7:c958, a4f67574-9018-43e7-8a54-351e98dc3d0a:c958]
2019-08-23 07:08:50,694 | INFO  | DNAudit | user=null | ip=null | op=WRITE_CHUNK {blockData=conID: 3 locID: 102665036031132067 bcsId: 0} | ret=SUCCESS |  
2019-08-23 07:08:50,697 | INFO  | DNAudit | user=null | ip=null | op=WRITE_CHUNK {blockData=conID: 3 locID: 102665036031132067 bcsId: 0} | ret=SUCCESS |  
2019-08-23 07:08:50,698 | INFO  | DNAudit | user=null | ip=null | op=WRITE_CHUNK {blockData=conID: 3 locID: 102665036031132067 bcsId: 0} | ret=SUCCESS |  
2019-08-23 07:08:50,698 | INFO  | DNAudit | user=null | ip=null | op=WRITE_CHUNK {blockData=conID: 3 locID: 102665036031132067 bcsId: 0} | ret=SUCCESS |  
2019-08-23 07:08:50,700 | INFO  | DNAudit | user=null | ip=null | op=WRITE_CHUNK {blockData=conID: 3 locID: 102665036031132067 bcsId: 0} | ret=SUCCESS |  
2019-08-23 07:08:50,700 | INFO  | DNAudit | user=null | ip=null | op=WRITE_CHUNK {blockData=conID: 3 locID: 102665036031132067 bcsId: 0} | ret=SUCCESS |  
2019-08-23 07:08:50,706 | INFO  | DNAudit | user=null | ip=null | op=WRITE_CHUNK {blockData=conID: 3 locID: 102665036031132067 bcsId: 0} | ret=SUCCESS |  
2019-08-23 07:08:50,707 | INFO  | DNAudit | user=null | ip=null | op=PUT_BLOCK {blockData=[blockId=conID: 3 locID: 102665036031132067 bcsId: 0,size=1048576]} | ret=SUCCESS |  
2019-08-23 07:08:50,707 [grpc-default-executor-6] INFO  client.GrpcClientProtocolClient (GrpcClientProtocolClient.java:onNext(255)) - client-D91E5D1E15CE->f2ba01fc-a63e-4348-bd18-030b60a135e7: receive RaftClientReply:client-D91E5D1E15CE->f2ba01fc-a63e-4348-bd18-030b60a135e7@group-C8C62FEF0626, cid=754, SUCCESS, logIndex=961, commits[f2ba01fc-a63e-4348-bd18-030b60a135e7:c963, eab135d4-a257-4705-b491-6c056b8c5df7:c960, a4f67574-9018-43e7-8a54-351e98dc3d0a:c960]
2019-08-23 07:08:50,707 | INFO  | DNAudit | user=null | ip=null | op=WRITE_CHUNK {blockData=conID: 3 locID: 102665036031132067 bcsId: 0} | ret=SUCCESS |  
2019-08-23 07:08:50,708 | INFO  | DNAudit | user=null | ip=null | op=PUT_BLOCK {blockData=[blockId=conID: 3 locID: 102665036031132067 bcsId: 0,size=2097152]} | ret=SUCCESS |  
2019-08-23 07:08:50,708 | INFO  | DNAudit | user=null | ip=null | op=WRITE_CHUNK {blockData=conID: 3 locID: 102665036031132067 bcsId: 0} | ret=SUCCESS |  
2019-08-23 07:08:50,708 [grpc-default-executor-6] INFO  client.GrpcClientProtocolClient (GrpcClientProtocolClient.java:onNext(255)) - client-D91E5D1E15CE->f2ba01fc-a63e-4348-bd18-030b60a135e7: receive RaftClientReply:client-D91E5D1E15CE->f2ba01fc-a63e-4348-bd18-030b60a135e7@group-C8C62FEF0626, cid=755, SUCCESS, logIndex=962, commits[f2ba01fc-a63e-4348-bd18-030b60a135e7:c964, eab135d4-a257-4705-b491-6c056b8c5df7:c960, a4f67574-9018-43e7-8a54-351e98dc3d0a:c960]
2019-08-23 07:08:50,708 [grpc-default-executor-6] INFO  client.GrpcClientProtocolClient (GrpcClientProtocolClient.java:onNext(255)) - client-D91E5D1E15CE->f2ba01fc-a63e-4348-bd18-030b60a135e7: receive RaftClientReply:client-D91E5D1E15CE->f2ba01fc-a63e-4348-bd18-030b60a135e7@group-C8C62FEF0626, cid=756, SUCCESS, logIndex=963, commits[f2ba01fc-a63e-4348-bd18-030b60a135e7:c964, eab135d4-a257-4705-b491-6c056b8c5df7:c960, a4f67574-9018-43e7-8a54-351e98dc3d0a:c960]
2019-08-23 07:08:50,709 | INFO  | DNAudit | user=null | ip=null | op=WRITE_CHUNK {blockData=conID: 3 locID: 102665036031132067 bcsId: 0} | ret=SUCCESS |  
2019-08-23 07:08:50,709 | INFO  | DNAudit | user=null | ip=null | op=PUT_BLOCK {blockData=[blockId=conID: 3 locID: 102665036031132067 bcsId: 0,size=1048576]} | ret=SUCCESS |  
2019-08-23 07:08:50,709 [grpc-default-executor-6] INFO  client.GrpcClientProtocolClient (GrpcClientProtocolClient.java:onNext(255)) - client-D91E5D1E15CE->f2ba01fc-a63e-4348-bd18-030b60a135e7: receive RaftClientReply:client-D91E5D1E15CE->f2ba01fc-a63e-4348-bd18-030b60a135e7@group-C8C62FEF0626, cid=757, SUCCESS, logIndex=964, commits[f2ba01fc-a63e-4348-bd18-030b60a135e7:c964, eab135d4-a257-4705-b491-6c056b8c5df7:c960, a4f67574-9018-43e7-8a54-351e98dc3d0a:c960]
2019-08-23 07:08:50,709 | INFO  | DNAudit | user=null | ip=null | op=PUT_BLOCK {blockData=[blockId=conID: 3 locID: 102665036031132067 bcsId: 0,size=1048576]} | ret=SUCCESS |  
2019-08-23 07:08:50,710 | INFO  | DNAudit | user=null | ip=null | op=WRITE_CHUNK {blockData=conID: 3 locID: 102665036031132067 bcsId: 0} | ret=SUCCESS |  
2019-08-23 07:08:50,710 | INFO  | DNAudit | user=null | ip=null | op=WRITE_CHUNK {blockData=conID: 3 locID: 102665036031132067 bcsId: 0} | ret=SUCCESS |  
2019-08-23 07:08:50,710 | INFO  | DNAudit | user=null | ip=null | op=PUT_BLOCK {blockData=[blockId=conID: 3 locID: 102665036031132067 bcsId: 0,size=2097152]} | ret=SUCCESS |  
2019-08-23 07:08:50,710 | INFO  | DNAudit | user=null | ip=null | op=PUT_BLOCK {blockData=[blockId=conID: 3 locID: 102665036031132067 bcsId: 0,size=2097152]} | ret=SUCCESS |  
2019-08-23 07:08:50,710 [grpc-default-executor-3] INFO  client.GrpcClientProtocolClient (GrpcClientProtocolClient.java:onNext(255)) - client-D91E5D1E15CE->f2ba01fc-a63e-4348-bd18-030b60a135e7: receive RaftClientReply:client-D91E5D1E15CE->f2ba01fc-a63e-4348-bd18-030b60a135e7@group-C8C62FEF0626, cid=758, SUCCESS, logIndex=0, commits[f2ba01fc-a63e-4348-bd18-030b60a135e7:c967, eab135d4-a257-4705-b491-6c056b8c5df7:c963, a4f67574-9018-43e7-8a54-351e98dc3d0a:c962]
2019-08-23 07:08:50,717 | INFO  | DNAudit | user=null | ip=null | op=WRITE_CHUNK {blockData=conID: 3 locID: 102665036031132067 bcsId: 964} | ret=SUCCESS |  
2019-08-23 07:08:50,720 | INFO  | DNAudit | user=null | ip=null | op=WRITE_CHUNK {blockData=conID: 3 locID: 102665036031132067 bcsId: 964} | ret=SUCCESS |  
2019-08-23 07:08:50,720 | INFO  | DNAudit | user=null | ip=null | op=WRITE_CHUNK {blockData=conID: 3 locID: 102665036031132067 bcsId: 964} | ret=SUCCESS |  
2019-08-23 07:08:50,730 | INFO  | DNAudit | user=null | ip=null | op=WRITE_CHUNK {blockData=conID: 3 locID: 102665036031132067 bcsId: 964} | ret=SUCCESS |  
2019-08-23 07:08:50,730 | INFO  | DNAudit | user=null | ip=null | op=PUT_BLOCK {blockData=[blockId=conID: 3 locID: 102665036031132067 bcsId: 0,size=3145728]} | ret=SUCCESS |  
2019-08-23 07:08:50,731 [grpc-default-executor-3] INFO  client.GrpcClientProtocolClient (GrpcClientProtocolClient.java:onNext(255)) - client-D91E5D1E15CE->f2ba01fc-a63e-4348-bd18-030b60a135e7: receive RaftClientReply:client-D91E5D1E15CE->f2ba01fc-a63e-4348-bd18-030b60a135e7@group-C8C62FEF0626, cid=759, SUCCESS, logIndex=969, commits[f2ba01fc-a63e-4348-bd18-030b60a135e7:c970, eab135d4-a257-4705-b491-6c056b8c5df7:c968, a4f67574-9018-43e7-8a54-351e98dc3d0a:c968]
2019-08-23 07:08:50,731 [grpc-default-executor-3] INFO  client.GrpcClientProtocolClient (GrpcClientProtocolClient.java:onNext(255)) - client-D91E5D1E15CE->f2ba01fc-a63e-4348-bd18-030b60a135e7: receive RaftClientReply:client-D91E5D1E15CE->f2ba01fc-a63e-4348-bd18-030b60a135e7@group-C8C62FEF0626, cid=760, SUCCESS, logIndex=970, commits[f2ba01fc-a63e-4348-bd18-030b60a135e7:c970, eab135d4-a257-4705-b491-6c056b8c5df7:c968, a4f67574-9018-43e7-8a54-351e98dc3d0a:c968]
2019-08-23 07:08:50,738 | INFO  | DNAudit | user=null | ip=null | op=WRITE_CHUNK {blockData=conID: 3 locID: 102665036031132067 bcsId: 970} | ret=SUCCESS |  
2019-08-23 07:08:50,740 | INFO  | DNAudit | user=null | ip=null | op=WRITE_CHUNK {blockData=conID: 3 locID: 102665036031132067 bcsId: 970} | ret=SUCCESS |  
2019-08-23 07:08:50,740 | INFO  | DNAudit | user=null | ip=null | op=WRITE_CHUNK {blockData=conID: 3 locID: 102665036031132067 bcsId: 970} | ret=SUCCESS |  
2019-08-23 07:08:50,742 | INFO  | DNAudit | user=null | ip=null | op=WRITE_CHUNK {blockData=conID: 3 locID: 102665036031132067 bcsId: 964} | ret=SUCCESS |  
2019-08-23 07:08:50,742 | INFO  | DNAudit | user=null | ip=null | op=WRITE_CHUNK {blockData=conID: 3 locID: 102665036031132067 bcsId: 964} | ret=SUCCESS |  
2019-08-23 07:08:50,743 | INFO  | DNAudit | user=null | ip=null | op=PUT_BLOCK {blockData=[blockId=conID: 3 locID: 102665036031132067 bcsId: 0,size=3145728]} | ret=SUCCESS |  
2019-08-23 07:08:50,743 | INFO  | DNAudit | user=null | ip=null | op=PUT_BLOCK {blockData=[blockId=conID: 3 locID: 102665036031132067 bcsId: 0,size=3145728]} | ret=SUCCESS |  
2019-08-23 07:08:50,743 | INFO  | DNAudit | user=null | ip=null | op=WRITE_CHUNK {blockData=conID: 3 locID: 102665036031132067 bcsId: 970} | ret=SUCCESS |  
2019-08-23 07:08:50,744 | INFO  | DNAudit | user=null | ip=null | op=PUT_BLOCK {blockData=[blockId=conID: 3 locID: 102665036031132067 bcsId: 0,size=4194304]} | ret=SUCCESS |  
2019-08-23 07:08:50,744 [grpc-default-executor-3] INFO  client.GrpcClientProtocolClient (GrpcClientProtocolClient.java:onNext(255)) - client-D91E5D1E15CE->f2ba01fc-a63e-4348-bd18-030b60a135e7: receive RaftClientReply:client-D91E5D1E15CE->f2ba01fc-a63e-4348-bd18-030b60a135e7@group-C8C62FEF0626, cid=761, SUCCESS, logIndex=973, commits[f2ba01fc-a63e-4348-bd18-030b60a135e7:c974, eab135d4-a257-4705-b491-6c056b8c5df7:c970, a4f67574-9018-43e7-8a54-351e98dc3d0a:c970]
2019-08-23 07:08:50,744 [grpc-default-executor-3] INFO  client.GrpcClientProtocolClient (GrpcClientProtocolClient.java:onNext(255)) - client-D91E5D1E15CE->f2ba01fc-a63e-4348-bd18-030b60a135e7: receive RaftClientReply:client-D91E5D1E15CE->f2ba01fc-a63e-4348-bd18-030b60a135e7@group-C8C62FEF0626, cid=762, SUCCESS, logIndex=974, commits[f2ba01fc-a63e-4348-bd18-030b60a135e7:c974, eab135d4-a257-4705-b491-6c056b8c5df7:c970, a4f67574-9018-43e7-8a54-351e98dc3d0a:c970]
2019-08-23 07:08:50,745 | INFO  | DNAudit | user=null | ip=null | op=WRITE_CHUNK {blockData=conID: 3 locID: 102665036031132067 bcsId: 970} | ret=SUCCESS |  
2019-08-23 07:08:50,746 | INFO  | DNAudit | user=null | ip=null | op=WRITE_CHUNK {blockData=conID: 3 locID: 102665036031132067 bcsId: 970} | ret=SUCCESS |  
2019-08-23 07:08:50,747 | INFO  | DNAudit | user=null | ip=null | op=PUT_BLOCK {blockData=[blockId=conID: 3 locID: 102665036031132067 bcsId: 0,size=4194304]} | ret=SUCCESS |  
2019-08-23 07:08:50,747 | INFO  | DNAudit | user=null | ip=null | op=PUT_BLOCK {blockData=[blockId=conID: 3 locID: 102665036031132067 bcsId: 0,size=4194304]} | ret=SUCCESS |  
2019-08-23 07:08:50,747 [grpc-default-executor-3] INFO  client.GrpcClientProtocolClient (GrpcClientProtocolClient.java:onNext(255)) - client-D91E5D1E15CE->f2ba01fc-a63e-4348-bd18-030b60a135e7: receive RaftClientReply:client-D91E5D1E15CE->f2ba01fc-a63e-4348-bd18-030b60a135e7@group-C8C62FEF0626, cid=763, SUCCESS, logIndex=0, commits[f2ba01fc-a63e-4348-bd18-030b60a135e7:c976, eab135d4-a257-4705-b491-6c056b8c5df7:c974, a4f67574-9018-43e7-8a54-351e98dc3d0a:c974]
2019-08-23 07:08:50,755 | INFO  | DNAudit | user=null | ip=null | op=WRITE_CHUNK {blockData=conID: 1 locID: 102665036031132068 bcsId: 0} | ret=SUCCESS |  
2019-08-23 07:08:50,757 | INFO  | DNAudit | user=null | ip=null | op=WRITE_CHUNK {blockData=conID: 1 locID: 102665036031132068 bcsId: 0} | ret=SUCCESS |  
2019-08-23 07:08:50,757 | INFO  | DNAudit | user=null | ip=null | op=WRITE_CHUNK {blockData=conID: 1 locID: 102665036031132068 bcsId: 0} | ret=SUCCESS |  
2019-08-23 07:08:50,757 | INFO  | DNAudit | user=null | ip=null | op=WRITE_CHUNK {blockData=conID: 1 locID: 102665036031132068 bcsId: 0} | ret=SUCCESS |  
2019-08-23 07:08:50,759 | INFO  | DNAudit | user=null | ip=null | op=WRITE_CHUNK {blockData=conID: 1 locID: 102665036031132068 bcsId: 0} | ret=SUCCESS |  
2019-08-23 07:08:50,759 | INFO  | DNAudit | user=null | ip=null | op=WRITE_CHUNK {blockData=conID: 1 locID: 102665036031132068 bcsId: 0} | ret=SUCCESS |  
2019-08-23 07:08:50,759 | INFO  | DNAudit | user=null | ip=null | op=WRITE_CHUNK {blockData=conID: 1 locID: 102665036031132068 bcsId: 0} | ret=SUCCESS |  
2019-08-23 07:08:50,760 | INFO  | DNAudit | user=null | ip=null | op=PUT_BLOCK {blockData=[blockId=conID: 1 locID: 102665036031132068 bcsId: 0,size=1048576]} | ret=SUCCESS |  
2019-08-23 07:08:50,760 [grpc-default-executor-3] INFO  client.GrpcClientProtocolClient (GrpcClientProtocolClient.java:onNext(255)) - client-D91E5D1E15CE->f2ba01fc-a63e-4348-bd18-030b60a135e7: receive RaftClientReply:client-D91E5D1E15CE->f2ba01fc-a63e-4348-bd18-030b60a135e7@group-C8C62FEF0626, cid=764, SUCCESS, logIndex=977, commits[f2ba01fc-a63e-4348-bd18-030b60a135e7:c978, eab135d4-a257-4705-b491-6c056b8c5df7:c974, a4f67574-9018-43e7-8a54-351e98dc3d0a:c976]
2019-08-23 07:08:50,761 [grpc-default-executor-3] INFO  client.GrpcClientProtocolClient (GrpcClientProtocolClient.java:onNext(255)) - client-D91E5D1E15CE->f2ba01fc-a63e-4348-bd18-030b60a135e7: receive RaftClientReply:client-D91E5D1E15CE->f2ba01fc-a63e-4348-bd18-030b60a135e7@group-C8C62FEF0626, cid=765, SUCCESS, logIndex=978, commits[f2ba01fc-a63e-4348-bd18-030b60a135e7:c978, eab135d4-a257-4705-b491-6c056b8c5df7:c976, a4f67574-9018-43e7-8a54-351e98dc3d0a:c976]
2019-08-23 07:08:50,762 | INFO  | DNAudit | user=null | ip=null | op=WRITE_CHUNK {blockData=conID: 1 locID: 102665036031132068 bcsId: 0} | ret=SUCCESS |  
2019-08-23 07:08:50,762 | INFO  | DNAudit | user=null | ip=null | op=PUT_BLOCK {blockData=[blockId=conID: 1 locID: 102665036031132068 bcsId: 0,size=2097152]} | ret=SUCCESS |  
2019-08-23 07:08:50,762 | INFO  | DNAudit | user=null | ip=null | op=WRITE_CHUNK {blockData=conID: 1 locID: 102665036031132068 bcsId: 0} | ret=SUCCESS |  
2019-08-23 07:08:50,762 | INFO  | DNAudit | user=null | ip=null | op=WRITE_CHUNK {blockData=conID: 1 locID: 102665036031132068 bcsId: 0} | ret=SUCCESS |  
2019-08-23 07:08:50,762 | INFO  | DNAudit | user=null | ip=null | op=PUT_BLOCK {blockData=[blockId=conID: 1 locID: 102665036031132068 bcsId: 0,size=1048576]} | ret=SUCCESS |  
2019-08-23 07:08:50,763 | INFO  | DNAudit | user=null | ip=null | op=PUT_BLOCK {blockData=[blockId=conID: 1 locID: 102665036031132068 bcsId: 0,size=1048576]} | ret=SUCCESS |  
2019-08-23 07:08:50,762 [grpc-default-executor-4] INFO  client.GrpcClientProtocolClient (GrpcClientProtocolClient.java:onNext(255)) - client-D91E5D1E15CE->f2ba01fc-a63e-4348-bd18-030b60a135e7: receive RaftClientReply:client-D91E5D1E15CE->f2ba01fc-a63e-4348-bd18-030b60a135e7@group-C8C62FEF0626, cid=766, SUCCESS, logIndex=979, commits[f2ba01fc-a63e-4348-bd18-030b60a135e7:c980, eab135d4-a257-4705-b491-6c056b8c5df7:c976, a4f67574-9018-43e7-8a54-351e98dc3d0a:c976]
2019-08-23 07:08:50,763 [grpc-default-executor-4] INFO  client.GrpcClientProtocolClient (GrpcClientProtocolClient.java:onNext(255)) - client-D91E5D1E15CE->f2ba01fc-a63e-4348-bd18-030b60a135e7: receive RaftClientReply:client-D91E5D1E15CE->f2ba01fc-a63e-4348-bd18-030b60a135e7@group-C8C62FEF0626, cid=767, SUCCESS, logIndex=980, commits[f2ba01fc-a63e-4348-bd18-030b60a135e7:c982, eab135d4-a257-4705-b491-6c056b8c5df7:c976, a4f67574-9018-43e7-8a54-351e98dc3d0a:c978]
2019-08-23 07:08:50,763 | INFO  | DNAudit | user=null | ip=null | op=WRITE_CHUNK {blockData=conID: 1 locID: 102665036031132068 bcsId: 0} | ret=SUCCESS |  
2019-08-23 07:08:50,764 | INFO  | DNAudit | user=null | ip=null | op=WRITE_CHUNK {blockData=conID: 1 locID: 102665036031132068 bcsId: 0} | ret=SUCCESS |  
2019-08-23 07:08:50,764 | INFO  | DNAudit | user=null | ip=null | op=PUT_BLOCK {blockData=[blockId=conID: 1 locID: 102665036031132068 bcsId: 0,size=2097152]} | ret=SUCCESS |  
2019-08-23 07:08:50,764 [grpc-default-executor-3] INFO  client.GrpcClientProtocolClient (GrpcClientProtocolClient.java:onNext(255)) - client-D91E5D1E15CE->f2ba01fc-a63e-4348-bd18-030b60a135e7: receive RaftClientReply:client-D91E5D1E15CE->f2ba01fc-a63e-4348-bd18-030b60a135e7@group-C8C62FEF0626, cid=768, SUCCESS, logIndex=0, commits[f2ba01fc-a63e-4348-bd18-030b60a135e7:c983, eab135d4-a257-4705-b491-6c056b8c5df7:c979, a4f67574-9018-43e7-8a54-351e98dc3d0a:c978]
2019-08-23 07:08:50,765 | INFO  | DNAudit | user=null | ip=null | op=PUT_BLOCK {blockData=[blockId=conID: 1 locID: 102665036031132068 bcsId: 0,size=2097152]} | ret=SUCCESS |  
2019-08-23 07:08:50,771 | INFO  | DNAudit | user=null | ip=null | op=WRITE_CHUNK {blockData=conID: 1 locID: 102665036031132068 bcsId: 980} | ret=SUCCESS |  
2019-08-23 07:08:50,773 | INFO  | DNAudit | user=null | ip=null | op=WRITE_CHUNK {blockData=conID: 1 locID: 102665036031132068 bcsId: 980} | ret=SUCCESS |  
2019-08-23 07:08:50,774 | INFO  | DNAudit | user=null | ip=null | op=WRITE_CHUNK {blockData=conID: 1 locID: 102665036031132068 bcsId: 980} | ret=SUCCESS |  
2019-08-23 07:08:50,776 | INFO  | DNAudit | user=null | ip=null | op=WRITE_CHUNK {blockData=conID: 1 locID: 102665036031132068 bcsId: 980} | ret=SUCCESS |  
2019-08-23 07:08:50,776 | INFO  | DNAudit | user=null | ip=null | op=PUT_BLOCK {blockData=[blockId=conID: 1 locID: 102665036031132068 bcsId: 0,size=3145728]} | ret=SUCCESS |  
2019-08-23 07:08:50,777 [grpc-default-executor-3] INFO  client.GrpcClientProtocolClient (GrpcClientProtocolClient.java:onNext(255)) - client-D91E5D1E15CE->f2ba01fc-a63e-4348-bd18-030b60a135e7: receive RaftClientReply:client-D91E5D1E15CE->f2ba01fc-a63e-4348-bd18-030b60a135e7@group-C8C62FEF0626, cid=769, SUCCESS, logIndex=985, commits[f2ba01fc-a63e-4348-bd18-030b60a135e7:c986, eab135d4-a257-4705-b491-6c056b8c5df7:c984, a4f67574-9018-43e7-8a54-351e98dc3d0a:c984]
2019-08-23 07:08:50,777 | INFO  | DNAudit | user=null | ip=null | op=WRITE_CHUNK {blockData=conID: 1 locID: 102665036031132068 bcsId: 980} | ret=SUCCESS |  
2019-08-23 07:08:50,777 | INFO  | DNAudit | user=null | ip=null | op=WRITE_CHUNK {blockData=conID: 1 locID: 102665036031132068 bcsId: 980} | ret=SUCCESS |  
2019-08-23 07:08:50,777 [grpc-default-executor-3] INFO  client.GrpcClientProtocolClient (GrpcClientProtocolClient.java:onNext(255)) - client-D91E5D1E15CE->f2ba01fc-a63e-4348-bd18-030b60a135e7: receive RaftClientReply:client-D91E5D1E15CE->f2ba01fc-a63e-4348-bd18-030b60a135e7@group-C8C62FEF0626, cid=770, SUCCESS, logIndex=986, commits[f2ba01fc-a63e-4348-bd18-030b60a135e7:c986, eab135d4-a257-4705-b491-6c056b8c5df7:c984, a4f67574-9018-43e7-8a54-351e98dc3d0a:c984]
2019-08-23 07:08:50,779 | INFO  | DNAudit | user=null | ip=null | op=PUT_BLOCK {blockData=[blockId=conID: 1 locID: 102665036031132068 bcsId: 0,size=3145728]} | ret=SUCCESS |  
2019-08-23 07:08:50,779 | INFO  | DNAudit | user=null | ip=null | op=PUT_BLOCK {blockData=[blockId=conID: 1 locID: 102665036031132068 bcsId: 0,size=3145728]} | ret=SUCCESS |  
2019-08-23 07:08:50,785 | INFO  | DNAudit | user=null | ip=null | op=WRITE_CHUNK {blockData=conID: 1 locID: 102665036031132068 bcsId: 986} | ret=SUCCESS |  
2019-08-23 07:08:50,786 | INFO  | DNAudit | user=null | ip=null | op=WRITE_CHUNK {blockData=conID: 1 locID: 102665036031132068 bcsId: 986} | ret=SUCCESS |  
2019-08-23 07:08:50,787 | INFO  | DNAudit | user=null | ip=null | op=WRITE_CHUNK {blockData=conID: 1 locID: 102665036031132068 bcsId: 986} | ret=SUCCESS |  
2019-08-23 07:08:50,789 | INFO  | DNAudit | user=null | ip=null | op=WRITE_CHUNK {blockData=conID: 1 locID: 102665036031132068 bcsId: 986} | ret=SUCCESS |  
2019-08-23 07:08:50,789 | INFO  | DNAudit | user=null | ip=null | op=PUT_BLOCK {blockData=[blockId=conID: 1 locID: 102665036031132068 bcsId: 0,size=4194304]} | ret=SUCCESS |  
2019-08-23 07:08:50,789 [grpc-default-executor-4] INFO  client.GrpcClientProtocolClient (GrpcClientProtocolClient.java:onNext(255)) - client-D91E5D1E15CE->f2ba01fc-a63e-4348-bd18-030b60a135e7: receive RaftClientReply:client-D91E5D1E15CE->f2ba01fc-a63e-4348-bd18-030b60a135e7@group-C8C62FEF0626, cid=771, SUCCESS, logIndex=989, commits[f2ba01fc-a63e-4348-bd18-030b60a135e7:c990, eab135d4-a257-4705-b491-6c056b8c5df7:c988, a4f67574-9018-43e7-8a54-351e98dc3d0a:c988]
2019-08-23 07:08:50,790 [grpc-default-executor-4] INFO  client.GrpcClientProtocolClient (GrpcClientProtocolClient.java:onNext(255)) - client-D91E5D1E15CE->f2ba01fc-a63e-4348-bd18-030b60a135e7: receive RaftClientReply:client-D91E5D1E15CE->f2ba01fc-a63e-4348-bd18-030b60a135e7@group-C8C62FEF0626, cid=772, SUCCESS, logIndex=990, commits[f2ba01fc-a63e-4348-bd18-030b60a135e7:c990, eab135d4-a257-4705-b491-6c056b8c5df7:c988, a4f67574-9018-43e7-8a54-351e98dc3d0a:c988]
2019-08-23 07:08:50,790 | INFO  | DNAudit | user=null | ip=null | op=WRITE_CHUNK {blockData=conID: 1 locID: 102665036031132068 bcsId: 986} | ret=SUCCESS |  
2019-08-23 07:08:50,790 | INFO  | DNAudit | user=null | ip=null | op=WRITE_CHUNK {blockData=conID: 1 locID: 102665036031132068 bcsId: 986} | ret=SUCCESS |  
2019-08-23 07:08:50,790 | INFO  | DNAudit | user=null | ip=null | op=PUT_BLOCK {blockData=[blockId=conID: 1 locID: 102665036031132068 bcsId: 0,size=4194304]} | ret=SUCCESS |  
2019-08-23 07:08:50,791 | INFO  | DNAudit | user=null | ip=null | op=PUT_BLOCK {blockData=[blockId=conID: 1 locID: 102665036031132068 bcsId: 0,size=4194304]} | ret=SUCCESS |  
2019-08-23 07:08:50,791 [grpc-default-executor-3] INFO  client.GrpcClientProtocolClient (GrpcClientProtocolClient.java:onNext(255)) - client-D91E5D1E15CE->f2ba01fc-a63e-4348-bd18-030b60a135e7: receive RaftClientReply:client-D91E5D1E15CE->f2ba01fc-a63e-4348-bd18-030b60a135e7@group-C8C62FEF0626, cid=773, SUCCESS, logIndex=0, commits[f2ba01fc-a63e-4348-bd18-030b60a135e7:c991, eab135d4-a257-4705-b491-6c056b8c5df7:c990, a4f67574-9018-43e7-8a54-351e98dc3d0a:c990]
2019-08-23 07:08:50,798 | INFO  | DNAudit | user=null | ip=null | op=WRITE_CHUNK {blockData=conID: 2 locID: 102665036031132069 bcsId: 0} | ret=SUCCESS |  
2019-08-23 07:08:50,800 | INFO  | DNAudit | user=null | ip=null | op=WRITE_CHUNK {blockData=conID: 2 locID: 102665036031132069 bcsId: 0} | ret=SUCCESS |  
2019-08-23 07:08:50,801 | INFO  | DNAudit | user=null | ip=null | op=WRITE_CHUNK {blockData=conID: 2 locID: 102665036031132069 bcsId: 0} | ret=SUCCESS |  
2019-08-23 07:08:50,802 | INFO  | DNAudit | user=null | ip=null | op=WRITE_CHUNK {blockData=conID: 2 locID: 102665036031132069 bcsId: 0} | ret=SUCCESS |  
2019-08-23 07:08:50,803 | INFO  | DNAudit | user=null | ip=null | op=WRITE_CHUNK {blockData=conID: 2 locID: 102665036031132069 bcsId: 0} | ret=SUCCESS |  
2019-08-23 07:08:50,803 | INFO  | DNAudit | user=null | ip=null | op=PUT_BLOCK {blockData=[blockId=conID: 2 locID: 102665036031132069 bcsId: 0,size=1048576]} | ret=SUCCESS |  
2019-08-23 07:08:50,803 [grpc-default-executor-3] INFO  client.GrpcClientProtocolClient (GrpcClientProtocolClient.java:onNext(255)) - client-D91E5D1E15CE->f2ba01fc-a63e-4348-bd18-030b60a135e7: receive RaftClientReply:client-D91E5D1E15CE->f2ba01fc-a63e-4348-bd18-030b60a135e7@group-C8C62FEF0626, cid=774, SUCCESS, logIndex=993, commits[f2ba01fc-a63e-4348-bd18-030b60a135e7:c994, eab135d4-a257-4705-b491-6c056b8c5df7:c992, a4f67574-9018-43e7-8a54-351e98dc3d0a:c992]
2019-08-23 07:08:50,804 | INFO  | DNAudit | user=null | ip=null | op=WRITE_CHUNK {blockData=conID: 2 locID: 102665036031132069 bcsId: 0} | ret=SUCCESS |  
2019-08-23 07:08:50,804 [grpc-default-executor-3] INFO  client.GrpcClientProtocolClient (GrpcClientProtocolClient.java:onNext(255)) - client-D91E5D1E15CE->f2ba01fc-a63e-4348-bd18-030b60a135e7: receive RaftClientReply:client-D91E5D1E15CE->f2ba01fc-a63e-4348-bd18-030b60a135e7@group-C8C62FEF0626, cid=775, SUCCESS, logIndex=994, commits[f2ba01fc-a63e-4348-bd18-030b60a135e7:c994, eab135d4-a257-4705-b491-6c056b8c5df7:c992, a4f67574-9018-43e7-8a54-351e98dc3d0a:c992]
2019-08-23 07:08:50,804 | INFO  | DNAudit | user=null | ip=null | op=WRITE_CHUNK {blockData=conID: 2 locID: 102665036031132069 bcsId: 0} | ret=SUCCESS |  
2019-08-23 07:08:50,825 | INFO  | DNAudit | user=null | ip=null | op=WRITE_CHUNK {blockData=conID: 2 locID: 102665036031132069 bcsId: 0} | ret=SUCCESS |  
2019-08-23 07:08:50,825 | INFO  | DNAudit | user=null | ip=null | op=WRITE_CHUNK {blockData=conID: 2 locID: 102665036031132069 bcsId: 0} | ret=SUCCESS |  
2019-08-23 07:08:50,825 | INFO  | DNAudit | user=null | ip=null | op=PUT_BLOCK {blockData=[blockId=conID: 2 locID: 102665036031132069 bcsId: 0,size=1048576]} | ret=SUCCESS |  
2019-08-23 07:08:50,826 | INFO  | DNAudit | user=null | ip=null | op=WRITE_CHUNK {blockData=conID: 2 locID: 102665036031132069 bcsId: 0} | ret=SUCCESS |  
2019-08-23 07:08:50,826 | INFO  | DNAudit | user=null | ip=null | op=PUT_BLOCK {blockData=[blockId=conID: 2 locID: 102665036031132069 bcsId: 0,size=2097152]} | ret=SUCCESS |  
2019-08-23 07:08:50,826 | INFO  | DNAudit | user=null | ip=null | op=PUT_BLOCK {blockData=[blockId=conID: 2 locID: 102665036031132069 bcsId: 0,size=1048576]} | ret=SUCCESS |  
2019-08-23 07:08:50,826 [grpc-default-executor-3] INFO  client.GrpcClientProtocolClient (GrpcClientProtocolClient.java:onNext(255)) - client-D91E5D1E15CE->f2ba01fc-a63e-4348-bd18-030b60a135e7: receive RaftClientReply:client-D91E5D1E15CE->f2ba01fc-a63e-4348-bd18-030b60a135e7@group-C8C62FEF0626, cid=776, SUCCESS, logIndex=995, commits[f2ba01fc-a63e-4348-bd18-030b60a135e7:c998, eab135d4-a257-4705-b491-6c056b8c5df7:c994, a4f67574-9018-43e7-8a54-351e98dc3d0a:c992]
2019-08-23 07:08:50,826 [grpc-default-executor-3] INFO  client.GrpcClientProtocolClient (GrpcClientProtocolClient.java:onNext(255)) - client-D91E5D1E15CE->f2ba01fc-a63e-4348-bd18-030b60a135e7: receive RaftClientReply:client-D91E5D1E15CE->f2ba01fc-a63e-4348-bd18-030b60a135e7@group-C8C62FEF0626, cid=777, SUCCESS, logIndex=996, commits[f2ba01fc-a63e-4348-bd18-030b60a135e7:c998, eab135d4-a257-4705-b491-6c056b8c5df7:c994, a4f67574-9018-43e7-8a54-351e98dc3d0a:c994]
2019-08-23 07:08:50,834 | INFO  | DNAudit | user=null | ip=null | op=WRITE_CHUNK {blockData=conID: 2 locID: 102665036031132069 bcsId: 996} | ret=SUCCESS |  
2019-08-23 07:08:50,836 | INFO  | DNAudit | user=null | ip=null | op=WRITE_CHUNK {blockData=conID: 2 locID: 102665036031132069 bcsId: 996} | ret=SUCCESS |  
2019-08-23 07:08:50,836 | INFO  | DNAudit | user=null | ip=null | op=WRITE_CHUNK {blockData=conID: 2 locID: 102665036031132069 bcsId: 996} | ret=SUCCESS |  
2019-08-23 07:08:50,843 | INFO  | DNAudit | user=null | ip=null | op=WRITE_CHUNK {blockData=conID: 2 locID: 102665036031132069 bcsId: 0} | ret=SUCCESS |  
2019-08-23 07:08:50,843 | INFO  | DNAudit | user=null | ip=null | op=WRITE_CHUNK {blockData=conID: 2 locID: 102665036031132069 bcsId: 0} | ret=SUCCESS |  
2019-08-23 07:08:50,843 | INFO  | DNAudit | user=null | ip=null | op=PUT_BLOCK {blockData=[blockId=conID: 2 locID: 102665036031132069 bcsId: 0,size=2097152]} | ret=SUCCESS |  
2019-08-23 07:08:50,843 | INFO  | DNAudit | user=null | ip=null | op=PUT_BLOCK {blockData=[blockId=conID: 2 locID: 102665036031132069 bcsId: 0,size=2097152]} | ret=SUCCESS |  
2019-08-23 07:08:50,844 | INFO  | DNAudit | user=null | ip=null | op=WRITE_CHUNK {blockData=conID: 2 locID: 102665036031132069 bcsId: 996} | ret=SUCCESS |  
2019-08-23 07:08:50,845 | INFO  | DNAudit | user=null | ip=null | op=PUT_BLOCK {blockData=[blockId=conID: 2 locID: 102665036031132069 bcsId: 0,size=3145728]} | ret=SUCCESS |  
2019-08-23 07:08:50,845 [grpc-default-executor-2] INFO  client.GrpcClientProtocolClient (GrpcClientProtocolClient.java:onNext(255)) - client-D91E5D1E15CE->f2ba01fc-a63e-4348-bd18-030b60a135e7: receive RaftClientReply:client-D91E5D1E15CE->f2ba01fc-a63e-4348-bd18-030b60a135e7@group-C8C62FEF0626, cid=778, SUCCESS, logIndex=1000, commits[f2ba01fc-a63e-4348-bd18-030b60a135e7:c1001, eab135d4-a257-4705-b491-6c056b8c5df7:c998, a4f67574-9018-43e7-8a54-351e98dc3d0a:c998]
2019-08-23 07:08:50,846 [grpc-default-executor-2] INFO  client.GrpcClientProtocolClient (GrpcClientProtocolClient.java:onNext(255)) - client-D91E5D1E15CE->f2ba01fc-a63e-4348-bd18-030b60a135e7: receive RaftClientReply:client-D91E5D1E15CE->f2ba01fc-a63e-4348-bd18-030b60a135e7@group-C8C62FEF0626, cid=779, SUCCESS, logIndex=1001, commits[f2ba01fc-a63e-4348-bd18-030b60a135e7:c1001, eab135d4-a257-4705-b491-6c056b8c5df7:c998, a4f67574-9018-43e7-8a54-351e98dc3d0a:c998]
2019-08-23 07:08:50,853 | INFO  | DNAudit | user=null | ip=null | op=WRITE_CHUNK {blockData=conID: 2 locID: 102665036031132069 bcsId: 1001} | ret=SUCCESS |  
2019-08-23 07:08:50,855 | INFO  | DNAudit | user=null | ip=null | op=WRITE_CHUNK {blockData=conID: 2 locID: 102665036031132069 bcsId: 1001} | ret=SUCCESS |  
2019-08-23 07:08:50,855 | INFO  | DNAudit | user=null | ip=null | op=WRITE_CHUNK {blockData=conID: 2 locID: 102665036031132069 bcsId: 1001} | ret=SUCCESS |  
2019-08-23 07:08:50,856 | INFO  | DNAudit | user=null | ip=null | op=WRITE_CHUNK {blockData=conID: 2 locID: 102665036031132069 bcsId: 996} | ret=SUCCESS |  
2019-08-23 07:08:50,856 | INFO  | DNAudit | user=null | ip=null | op=WRITE_CHUNK {blockData=conID: 2 locID: 102665036031132069 bcsId: 996} | ret=SUCCESS |  
2019-08-23 07:08:50,857 | INFO  | DNAudit | user=null | ip=null | op=PUT_BLOCK {blockData=[blockId=conID: 2 locID: 102665036031132069 bcsId: 0,size=3145728]} | ret=SUCCESS |  
2019-08-23 07:08:50,857 | INFO  | DNAudit | user=null | ip=null | op=PUT_BLOCK {blockData=[blockId=conID: 2 locID: 102665036031132069 bcsId: 0,size=3145728]} | ret=SUCCESS |  
2019-08-23 07:08:50,858 | INFO  | DNAudit | user=null | ip=null | op=WRITE_CHUNK {blockData=conID: 2 locID: 102665036031132069 bcsId: 1001} | ret=SUCCESS |  
2019-08-23 07:08:50,858 | INFO  | DNAudit | user=null | ip=null | op=PUT_BLOCK {blockData=[blockId=conID: 2 locID: 102665036031132069 bcsId: 0,size=4194304]} | ret=SUCCESS |  
2019-08-23 07:08:50,858 [grpc-default-executor-2] INFO  client.GrpcClientProtocolClient (GrpcClientProtocolClient.java:onNext(255)) - client-D91E5D1E15CE->f2ba01fc-a63e-4348-bd18-030b60a135e7: receive RaftClientReply:client-D91E5D1E15CE->f2ba01fc-a63e-4348-bd18-030b60a135e7@group-C8C62FEF0626, cid=780, SUCCESS, logIndex=1004, commits[f2ba01fc-a63e-4348-bd18-030b60a135e7:c1005, eab135d4-a257-4705-b491-6c056b8c5df7:c1001, a4f67574-9018-43e7-8a54-351e98dc3d0a:c1001]
2019-08-23 07:08:50,859 [grpc-default-executor-2] INFO  client.GrpcClientProtocolClient (GrpcClientProtocolClient.java:onNext(255)) - client-D91E5D1E15CE->f2ba01fc-a63e-4348-bd18-030b60a135e7: receive RaftClientReply:client-D91E5D1E15CE->f2ba01fc-a63e-4348-bd18-030b60a135e7@group-C8C62FEF0626, cid=781, SUCCESS, logIndex=1005, commits[f2ba01fc-a63e-4348-bd18-030b60a135e7:c1005, eab135d4-a257-4705-b491-6c056b8c5df7:c1001, a4f67574-9018-43e7-8a54-351e98dc3d0a:c1001]
2019-08-23 07:08:50,869 | INFO  | DNAudit | user=null | ip=null | op=WRITE_CHUNK {blockData=conID: 2 locID: 102665036031132069 bcsId: 1001} | ret=SUCCESS |  
2019-08-23 07:08:50,869 | INFO  | DNAudit | user=null | ip=null | op=WRITE_CHUNK {blockData=conID: 2 locID: 102665036031132069 bcsId: 1001} | ret=SUCCESS |  
2019-08-23 07:08:50,870 | INFO  | DNAudit | user=null | ip=null | op=PUT_BLOCK {blockData=[blockId=conID: 2 locID: 102665036031132069 bcsId: 0,size=4194304]} | ret=SUCCESS |  
2019-08-23 07:08:50,870 | INFO  | DNAudit | user=null | ip=null | op=PUT_BLOCK {blockData=[blockId=conID: 2 locID: 102665036031132069 bcsId: 0,size=4194304]} | ret=SUCCESS |  
2019-08-23 07:08:50,871 [grpc-default-executor-2] INFO  client.GrpcClientProtocolClient (GrpcClientProtocolClient.java:onNext(255)) - client-D91E5D1E15CE->f2ba01fc-a63e-4348-bd18-030b60a135e7: receive RaftClientReply:client-D91E5D1E15CE->f2ba01fc-a63e-4348-bd18-030b60a135e7@group-C8C62FEF0626, cid=782, SUCCESS, logIndex=0, commits[f2ba01fc-a63e-4348-bd18-030b60a135e7:c1007, eab135d4-a257-4705-b491-6c056b8c5df7:c1005, a4f67574-9018-43e7-8a54-351e98dc3d0a:c1005]
 0.00% |█                                                                                                    |  0/1 Time: 0:00:022019-08-23 07:08:50,879 | INFO  | DNAudit | user=null | ip=null | op=WRITE_CHUNK {blockData=conID: 3 locID: 102665036031132070 bcsId: 0} | ret=SUCCESS |  
2019-08-23 07:08:50,881 | INFO  | DNAudit | user=null | ip=null | op=WRITE_CHUNK {blockData=conID: 3 locID: 102665036031132070 bcsId: 0} | ret=SUCCESS |  
2019-08-23 07:08:50,881 | INFO  | DNAudit | user=null | ip=null | op=WRITE_CHUNK {blockData=conID: 3 locID: 102665036031132070 bcsId: 0} | ret=SUCCESS |  
2019-08-23 07:08:50,882 | INFO  | DNAudit | user=null | ip=null | op=WRITE_CHUNK {blockData=conID: 3 locID: 102665036031132070 bcsId: 0} | ret=SUCCESS |  
2019-08-23 07:08:50,884 | INFO  | DNAudit | user=null | ip=null | op=WRITE_CHUNK {blockData=conID: 3 locID: 102665036031132070 bcsId: 0} | ret=SUCCESS |  
2019-08-23 07:08:50,884 | INFO  | DNAudit | user=null | ip=null | op=WRITE_CHUNK {blockData=conID: 3 locID: 102665036031132070 bcsId: 0} | ret=SUCCESS |  
2019-08-23 07:08:50,891 | INFO  | DNAudit | user=null | ip=null | op=WRITE_CHUNK {blockData=conID: 3 locID: 102665036031132070 bcsId: 0} | ret=SUCCESS |  
2019-08-23 07:08:50,892 | INFO  | DNAudit | user=null | ip=null | op=PUT_BLOCK {blockData=[blockId=conID: 3 locID: 102665036031132070 bcsId: 0,size=1048576]} | ret=SUCCESS |  
2019-08-23 07:08:50,892 | INFO  | DNAudit | user=null | ip=null | op=WRITE_CHUNK {blockData=conID: 3 locID: 102665036031132070 bcsId: 0} | ret=SUCCESS |  
2019-08-23 07:08:50,892 [grpc-default-executor-2] INFO  client.GrpcClientProtocolClient (GrpcClientProtocolClient.java:onNext(255)) - client-D91E5D1E15CE->f2ba01fc-a63e-4348-bd18-030b60a135e7: receive RaftClientReply:client-D91E5D1E15CE->f2ba01fc-a63e-4348-bd18-030b60a135e7@group-C8C62FEF0626, cid=783, SUCCESS, logIndex=1008, commits[f2ba01fc-a63e-4348-bd18-030b60a135e7:c1009, eab135d4-a257-4705-b491-6c056b8c5df7:c1007, a4f67574-9018-43e7-8a54-351e98dc3d0a:c1007]
2019-08-23 07:08:50,893 | INFO  | DNAudit | user=null | ip=null | op=PUT_BLOCK {blockData=[blockId=conID: 3 locID: 102665036031132070 bcsId: 0,size=2097152]} | ret=SUCCESS |  
2019-08-23 07:08:50,893 [grpc-default-executor-2] INFO  client.GrpcClientProtocolClient (GrpcClientProtocolClient.java:onNext(255)) - client-D91E5D1E15CE->f2ba01fc-a63e-4348-bd18-030b60a135e7: receive RaftClientReply:client-D91E5D1E15CE->f2ba01fc-a63e-4348-bd18-030b60a135e7@group-C8C62FEF0626, cid=784, SUCCESS, logIndex=1009, commits[f2ba01fc-a63e-4348-bd18-030b60a135e7:c1010, eab135d4-a257-4705-b491-6c056b8c5df7:c1007, a4f67574-9018-43e7-8a54-351e98dc3d0a:c1007]
2019-08-23 07:08:50,893 [grpc-default-executor-2] INFO  client.GrpcClientProtocolClient (GrpcClientProtocolClient.java:onNext(255)) - client-D91E5D1E15CE->f2ba01fc-a63e-4348-bd18-030b60a135e7: receive RaftClientReply:client-D91E5D1E15CE->f2ba01fc-a63e-4348-bd18-030b60a135e7@group-C8C62FEF0626, cid=785, SUCCESS, logIndex=1010, commits[f2ba01fc-a63e-4348-bd18-030b60a135e7:c1011, eab135d4-a257-4705-b491-6c056b8c5df7:c1007, a4f67574-9018-43e7-8a54-351e98dc3d0a:c1007]
2019-08-23 07:08:50,893 | INFO  | DNAudit | user=null | ip=null | op=WRITE_CHUNK {blockData=conID: 3 locID: 102665036031132070 bcsId: 0} | ret=SUCCESS |  
2019-08-23 07:08:50,893 [grpc-default-executor-2] INFO  client.GrpcClientProtocolClient (GrpcClientProtocolClient.java:onNext(255)) - client-D91E5D1E15CE->f2ba01fc-a63e-4348-bd18-030b60a135e7: receive RaftClientReply:client-D91E5D1E15CE->f2ba01fc-a63e-4348-bd18-030b60a135e7@group-C8C62FEF0626, cid=786, SUCCESS, logIndex=1011, commits[f2ba01fc-a63e-4348-bd18-030b60a135e7:c1011, eab135d4-a257-4705-b491-6c056b8c5df7:c1007, a4f67574-9018-43e7-8a54-351e98dc3d0a:c1007]
2019-08-23 07:08:50,894 | INFO  | DNAudit | user=null | ip=null | op=PUT_BLOCK {blockData=[blockId=conID: 3 locID: 102665036031132070 bcsId: 0,size=1048576]} | ret=SUCCESS |  
2019-08-23 07:08:50,894 | INFO  | DNAudit | user=null | ip=null | op=WRITE_CHUNK {blockData=conID: 3 locID: 102665036031132070 bcsId: 0} | ret=SUCCESS |  
2019-08-23 07:08:50,894 | INFO  | DNAudit | user=null | ip=null | op=PUT_BLOCK {blockData=[blockId=conID: 3 locID: 102665036031132070 bcsId: 0,size=1048576]} | ret=SUCCESS |  
2019-08-23 07:08:50,894 | INFO  | DNAudit | user=null | ip=null | op=WRITE_CHUNK {blockData=conID: 3 locID: 102665036031132070 bcsId: 0} | ret=SUCCESS |  
2019-08-23 07:08:50,895 | INFO  | DNAudit | user=null | ip=null | op=WRITE_CHUNK {blockData=conID: 3 locID: 102665036031132070 bcsId: 0} | ret=SUCCESS |  
2019-08-23 07:08:50,895 | INFO  | DNAudit | user=null | ip=null | op=PUT_BLOCK {blockData=[blockId=conID: 3 locID: 102665036031132070 bcsId: 0,size=2097152]} | ret=SUCCESS |  
2019-08-23 07:08:50,895 [grpc-default-executor-4] INFO  client.GrpcClientProtocolClient (GrpcClientProtocolClient.java:onNext(255)) - client-D91E5D1E15CE->f2ba01fc-a63e-4348-bd18-030b60a135e7: receive RaftClientReply:client-D91E5D1E15CE->f2ba01fc-a63e-4348-bd18-030b60a135e7@group-C8C62FEF0626, cid=787, SUCCESS, logIndex=0, commits[f2ba01fc-a63e-4348-bd18-030b60a135e7:c1013, eab135d4-a257-4705-b491-6c056b8c5df7:c1009, a4f67574-9018-43e7-8a54-351e98dc3d0a:c1009]
2019-08-23 07:08:50,895 | INFO  | DNAudit | user=null | ip=null | op=PUT_BLOCK {blockData=[blockId=conID: 3 locID: 102665036031132070 bcsId: 0,size=2097152]} | ret=SUCCESS |  
2019-08-23 07:08:50,903 | INFO  | DNAudit | user=null | ip=null | op=WRITE_CHUNK {blockData=conID: 3 locID: 102665036031132070 bcsId: 1011} | ret=SUCCESS |  
2019-08-23 07:08:50,905 | INFO  | DNAudit | user=null | ip=null | op=WRITE_CHUNK {blockData=conID: 3 locID: 102665036031132070 bcsId: 1011} | ret=SUCCESS |  
2019-08-23 07:08:50,905 | INFO  | DNAudit | user=null | ip=null | op=WRITE_CHUNK {blockData=conID: 3 locID: 102665036031132070 bcsId: 1011} | ret=SUCCESS |  
2019-08-23 07:08:50,918 | INFO  | DNAudit | user=null | ip=null | op=WRITE_CHUNK {blockData=conID: 3 locID: 102665036031132070 bcsId: 1011} | ret=SUCCESS |  
2019-08-23 07:08:50,919 | INFO  | DNAudit | user=null | ip=null | op=PUT_BLOCK {blockData=[blockId=conID: 3 locID: 102665036031132070 bcsId: 0,size=3145728]} | ret=SUCCESS |  
2019-08-23 07:08:50,919 [grpc-default-executor-3] INFO  client.GrpcClientProtocolClient (GrpcClientProtocolClient.java:onNext(255)) - client-D91E5D1E15CE->f2ba01fc-a63e-4348-bd18-030b60a135e7: receive RaftClientReply:client-D91E5D1E15CE->f2ba01fc-a63e-4348-bd18-030b60a135e7@group-C8C62FEF0626, cid=788, SUCCESS, logIndex=1016, commits[f2ba01fc-a63e-4348-bd18-030b60a135e7:c1017, eab135d4-a257-4705-b491-6c056b8c5df7:c1015, a4f67574-9018-43e7-8a54-351e98dc3d0a:c1015]
2019-08-23 07:08:50,920 [grpc-default-executor-3] INFO  client.GrpcClientProtocolClient (GrpcClientProtocolClient.java:onNext(255)) - client-D91E5D1E15CE->f2ba01fc-a63e-4348-bd18-030b60a135e7: receive RaftClientReply:client-D91E5D1E15CE->f2ba01fc-a63e-4348-bd18-030b60a135e7@group-C8C62FEF0626, cid=789, SUCCESS, logIndex=1017, commits[f2ba01fc-a63e-4348-bd18-030b60a135e7:c1017, eab135d4-a257-4705-b491-6c056b8c5df7:c1015, a4f67574-9018-43e7-8a54-351e98dc3d0a:c1015]
2019-08-23 07:08:50,927 | INFO  | DNAudit | user=null | ip=null | op=WRITE_CHUNK {blockData=conID: 3 locID: 102665036031132070 bcsId: 1011} | ret=SUCCESS |  
2019-08-23 07:08:50,927 | INFO  | DNAudit | user=null | ip=null | op=WRITE_CHUNK {blockData=conID: 3 locID: 102665036031132070 bcsId: 1011} | ret=SUCCESS |  
2019-08-23 07:08:50,927 | INFO  | DNAudit | user=null | ip=null | op=WRITE_CHUNK {blockData=conID: 3 locID: 102665036031132070 bcsId: 1017} | ret=SUCCESS |  
2019-08-23 07:08:50,928 | INFO  | DNAudit | user=null | ip=null | op=PUT_BLOCK {blockData=[blockId=conID: 3 locID: 102665036031132070 bcsId: 0,size=3145728]} | ret=SUCCESS |  
2019-08-23 07:08:50,928 | INFO  | DNAudit | user=null | ip=null | op=PUT_BLOCK {blockData=[blockId=conID: 3 locID: 102665036031132070 bcsId: 0,size=3145728]} | ret=SUCCESS |  
2019-08-23 07:08:50,929 | INFO  | DNAudit | user=null | ip=null | op=WRITE_CHUNK {blockData=conID: 3 locID: 102665036031132070 bcsId: 1017} | ret=SUCCESS |  
2019-08-23 07:08:50,929 | INFO  | DNAudit | user=null | ip=null | op=WRITE_CHUNK {blockData=conID: 3 locID: 102665036031132070 bcsId: 1017} | ret=SUCCESS |  
2019-08-23 07:08:50,934 | INFO  | SCMAudit | user=jenkins1000 | ip=192.168.5.178 | op=SEND_HEARTBEAT {datanodeUUID=5c311bc2-cc7c-45de-998f-f79499d85d4e, command=[]} | ret=SUCCESS |  
2019-08-23 07:08:50,941 | INFO  | DNAudit | user=null | ip=null | op=WRITE_CHUNK {blockData=conID: 3 locID: 102665036031132070 bcsId: 1017} | ret=SUCCESS |  
2019-08-23 07:08:50,942 | INFO  | DNAudit | user=null | ip=null | op=PUT_BLOCK {blockData=[blockId=conID: 3 locID: 102665036031132070 bcsId: 0,size=4194304]} | ret=SUCCESS |  
2019-08-23 07:08:50,942 [grpc-default-executor-4] INFO  client.GrpcClientProtocolClient (GrpcClientProtocolClient.java:onNext(255)) - client-D91E5D1E15CE->f2ba01fc-a63e-4348-bd18-030b60a135e7: receive RaftClientReply:client-D91E5D1E15CE->f2ba01fc-a63e-4348-bd18-030b60a135e7@group-C8C62FEF0626, cid=790, SUCCESS, logIndex=1020, commits[f2ba01fc-a63e-4348-bd18-030b60a135e7:c1021, eab135d4-a257-4705-b491-6c056b8c5df7:c1017, a4f67574-9018-43e7-8a54-351e98dc3d0a:c1017]
2019-08-23 07:08:50,942 [grpc-default-executor-4] INFO  client.GrpcClientProtocolClient (GrpcClientProtocolClient.java:onNext(255)) - client-D91E5D1E15CE->f2ba01fc-a63e-4348-bd18-030b60a135e7: receive RaftClientReply:client-D91E5D1E15CE->f2ba01fc-a63e-4348-bd18-030b60a135e7@group-C8C62FEF0626, cid=791, SUCCESS, logIndex=1021, commits[f2ba01fc-a63e-4348-bd18-030b60a135e7:c1021, eab135d4-a257-4705-b491-6c056b8c5df7:c1017, a4f67574-9018-43e7-8a54-351e98dc3d0a:c1017]
2019-08-23 07:08:50,943 | INFO  | DNAudit | user=null | ip=null | op=WRITE_CHUNK {blockData=conID: 3 locID: 102665036031132070 bcsId: 1017} | ret=SUCCESS |  
2019-08-23 07:08:50,943 | INFO  | DNAudit | user=null | ip=null | op=WRITE_CHUNK {blockData=conID: 3 locID: 102665036031132070 bcsId: 1017} | ret=SUCCESS |  
2019-08-23 07:08:50,943 | INFO  | DNAudit | user=null | ip=null | op=PUT_BLOCK {blockData=[blockId=conID: 3 locID: 102665036031132070 bcsId: 0,size=4194304]} | ret=SUCCESS |  
2019-08-23 07:08:50,943 | INFO  | DNAudit | user=null | ip=null | op=PUT_BLOCK {blockData=[blockId=conID: 3 locID: 102665036031132070 bcsId: 0,size=4194304]} | ret=SUCCESS |  
2019-08-23 07:08:50,944 [grpc-default-executor-2] INFO  client.GrpcClientProtocolClient (GrpcClientProtocolClient.java:onNext(255)) - client-D91E5D1E15CE->f2ba01fc-a63e-4348-bd18-030b60a135e7: receive RaftClientReply:client-D91E5D1E15CE->f2ba01fc-a63e-4348-bd18-030b60a135e7@group-C8C62FEF0626, cid=792, SUCCESS, logIndex=0, commits[f2ba01fc-a63e-4348-bd18-030b60a135e7:c1022, eab135d4-a257-4705-b491-6c056b8c5df7:c1021, a4f67574-9018-43e7-8a54-351e98dc3d0a:c1021]
2019-08-23 07:08:50,952 | INFO  | DNAudit | user=null | ip=null | op=WRITE_CHUNK {blockData=conID: 1 locID: 102665036031132071 bcsId: 0} | ret=SUCCESS |  
2019-08-23 07:08:50,955 | INFO  | DNAudit | user=null | ip=null | op=WRITE_CHUNK {blockData=conID: 1 locID: 102665036031132071 bcsId: 0} | ret=SUCCESS |  
2019-08-23 07:08:50,955 | INFO  | DNAudit | user=null | ip=null | op=WRITE_CHUNK {blockData=conID: 1 locID: 102665036031132071 bcsId: 0} | ret=SUCCESS |  
2019-08-23 07:08:50,955 | INFO  | DNAudit | user=null | ip=null | op=WRITE_CHUNK {blockData=conID: 1 locID: 102665036031132071 bcsId: 0} | ret=SUCCESS |  
2019-08-23 07:08:50,957 | INFO  | DNAudit | user=null | ip=null | op=WRITE_CHUNK {blockData=conID: 1 locID: 102665036031132071 bcsId: 0} | ret=SUCCESS |  
2019-08-23 07:08:50,958 | INFO  | DNAudit | user=null | ip=null | op=WRITE_CHUNK {blockData=conID: 1 locID: 102665036031132071 bcsId: 0} | ret=SUCCESS |  
2019-08-23 07:08:50,965 | INFO  | DNAudit | user=null | ip=null | op=WRITE_CHUNK {blockData=conID: 1 locID: 102665036031132071 bcsId: 0} | ret=SUCCESS |  
2019-08-23 07:08:50,965 | INFO  | DNAudit | user=null | ip=null | op=PUT_BLOCK {blockData=[blockId=conID: 1 locID: 102665036031132071 bcsId: 0,size=1048576]} | ret=SUCCESS |  
2019-08-23 07:08:50,965 [grpc-default-executor-4] INFO  client.GrpcClientProtocolClient (GrpcClientProtocolClient.java:onNext(255)) - client-D91E5D1E15CE->f2ba01fc-a63e-4348-bd18-030b60a135e7: receive RaftClientReply:client-D91E5D1E15CE->f2ba01fc-a63e-4348-bd18-030b60a135e7@group-C8C62FEF0626, cid=793, SUCCESS, logIndex=1024, commits[f2ba01fc-a63e-4348-bd18-030b60a135e7:c1025, eab135d4-a257-4705-b491-6c056b8c5df7:c1023, a4f67574-9018-43e7-8a54-351e98dc3d0a:c1023]
2019-08-23 07:08:50,966 | INFO  | DNAudit | user=null | ip=null | op=WRITE_CHUNK {blockData=conID: 1 locID: 102665036031132071 bcsId: 0} | ret=SUCCESS |  
2019-08-23 07:08:50,966 | INFO  | DNAudit | user=null | ip=null | op=PUT_BLOCK {blockData=[blockId=conID: 1 locID: 102665036031132071 bcsId: 0,size=2097152]} | ret=SUCCESS |  
2019-08-23 07:08:50,966 | INFO  | DNAudit | user=null | ip=null | op=WRITE_CHUNK {blockData=conID: 1 locID: 102665036031132071 bcsId: 0} | ret=SUCCESS |  
2019-08-23 07:08:50,966 [grpc-default-executor-4] INFO  client.GrpcClientProtocolClient (GrpcClientProtocolClient.java:onNext(255)) - client-D91E5D1E15CE->f2ba01fc-a63e-4348-bd18-030b60a135e7: receive RaftClientReply:client-D91E5D1E15CE->f2ba01fc-a63e-4348-bd18-030b60a135e7@group-C8C62FEF0626, cid=794, SUCCESS, logIndex=1025, commits[f2ba01fc-a63e-4348-bd18-030b60a135e7:c1027, eab135d4-a257-4705-b491-6c056b8c5df7:c1023, a4f67574-9018-43e7-8a54-351e98dc3d0a:c1023]
2019-08-23 07:08:50,966 | INFO  | DNAudit | user=null | ip=null | op=PUT_BLOCK {blockData=[blockId=conID: 1 locID: 102665036031132071 bcsId: 0,size=1048576]} | ret=SUCCESS |  
2019-08-23 07:08:50,966 [grpc-default-executor-4] INFO  client.GrpcClientProtocolClient (GrpcClientProtocolClient.java:onNext(255)) - client-D91E5D1E15CE->f2ba01fc-a63e-4348-bd18-030b60a135e7: receive RaftClientReply:client-D91E5D1E15CE->f2ba01fc-a63e-4348-bd18-030b60a135e7@group-C8C62FEF0626, cid=795, SUCCESS, logIndex=1026, commits[f2ba01fc-a63e-4348-bd18-030b60a135e7:c1027, eab135d4-a257-4705-b491-6c056b8c5df7:c1023, a4f67574-9018-43e7-8a54-351e98dc3d0a:c1023]
2019-08-23 07:08:50,967 [grpc-default-executor-4] INFO  client.GrpcClientProtocolClient (GrpcClientProtocolClient.java:onNext(255)) - client-D91E5D1E15CE->f2ba01fc-a63e-4348-bd18-030b60a135e7: receive RaftClientReply:client-D91E5D1E15CE->f2ba01fc-a63e-4348-bd18-030b60a135e7@group-C8C62FEF0626, cid=796, SUCCESS, logIndex=1027, commits[f2ba01fc-a63e-4348-bd18-030b60a135e7:c1028, eab135d4-a257-4705-b491-6c056b8c5df7:c1025, a4f67574-9018-43e7-8a54-351e98dc3d0a:c1023]
2019-08-23 07:08:50,967 | INFO  | DNAudit | user=null | ip=null | op=WRITE_CHUNK {blockData=conID: 1 locID: 102665036031132071 bcsId: 0} | ret=SUCCESS |  
2019-08-23 07:08:50,967 | INFO  | DNAudit | user=null | ip=null | op=PUT_BLOCK {blockData=[blockId=conID: 1 locID: 102665036031132071 bcsId: 0,size=1048576]} | ret=SUCCESS |  
2019-08-23 07:08:50,968 | INFO  | DNAudit | user=null | ip=null | op=WRITE_CHUNK {blockData=conID: 1 locID: 102665036031132071 bcsId: 0} | ret=SUCCESS |  
2019-08-23 07:08:50,968 | INFO  | DNAudit | user=null | ip=null | op=WRITE_CHUNK {blockData=conID: 1 locID: 102665036031132071 bcsId: 0} | ret=SUCCESS |  
2019-08-23 07:08:50,968 | INFO  | DNAudit | user=null | ip=null | op=PUT_BLOCK {blockData=[blockId=conID: 1 locID: 102665036031132071 bcsId: 0,size=2097152]} | ret=SUCCESS |  
2019-08-23 07:08:50,968 | INFO  | DNAudit | user=null | ip=null | op=PUT_BLOCK {blockData=[blockId=conID: 1 locID: 102665036031132071 bcsId: 0,size=2097152]} | ret=SUCCESS |  
2019-08-23 07:08:50,969 [grpc-default-executor-2] INFO  client.GrpcClientProtocolClient (GrpcClientProtocolClient.java:onNext(255)) - client-D91E5D1E15CE->f2ba01fc-a63e-4348-bd18-030b60a135e7: receive RaftClientReply:client-D91E5D1E15CE->f2ba01fc-a63e-4348-bd18-030b60a135e7@group-C8C62FEF0626, cid=797, SUCCESS, logIndex=0, commits[f2ba01fc-a63e-4348-bd18-030b60a135e7:c1030, eab135d4-a257-4705-b491-6c056b8c5df7:c1025, a4f67574-9018-43e7-8a54-351e98dc3d0a:c1026]
2019-08-23 07:08:50,975 | INFO  | DNAudit | user=null | ip=null | op=WRITE_CHUNK {blockData=conID: 1 locID: 102665036031132071 bcsId: 1027} | ret=SUCCESS |  
2019-08-23 07:08:50,977 | INFO  | DNAudit | user=null | ip=null | op=WRITE_CHUNK {blockData=conID: 1 locID: 102665036031132071 bcsId: 1027} | ret=SUCCESS |  
2019-08-23 07:08:50,977 | INFO  | DNAudit | user=null | ip=null | op=WRITE_CHUNK {blockData=conID: 1 locID: 102665036031132071 bcsId: 1027} | ret=SUCCESS |  
2019-08-23 07:08:50,987 | INFO  | DNAudit | user=null | ip=null | op=WRITE_CHUNK {blockData=conID: 1 locID: 102665036031132071 bcsId: 1027} | ret=SUCCESS |  
2019-08-23 07:08:50,987 | INFO  | DNAudit | user=null | ip=null | op=PUT_BLOCK {blockData=[blockId=conID: 1 locID: 102665036031132071 bcsId: 0,size=3145728]} | ret=SUCCESS |  
2019-08-23 07:08:50,988 [grpc-default-executor-3] INFO  client.GrpcClientProtocolClient (GrpcClientProtocolClient.java:onNext(255)) - client-D91E5D1E15CE->f2ba01fc-a63e-4348-bd18-030b60a135e7: receive RaftClientReply:client-D91E5D1E15CE->f2ba01fc-a63e-4348-bd18-030b60a135e7@group-C8C62FEF0626, cid=798, SUCCESS, logIndex=1032, commits[f2ba01fc-a63e-4348-bd18-030b60a135e7:c1033, eab135d4-a257-4705-b491-6c056b8c5df7:c1031, a4f67574-9018-43e7-8a54-351e98dc3d0a:c1031]
2019-08-23 07:08:50,988 [grpc-default-executor-2] INFO  client.GrpcClientProtocolClient (GrpcClientProtocolClient.java:onNext(255)) - client-D91E5D1E15CE->f2ba01fc-a63e-4348-bd18-030b60a135e7: receive RaftClientReply:client-D91E5D1E15CE->f2ba01fc-a63e-4348-bd18-030b60a135e7@group-C8C62FEF0626, cid=799, SUCCESS, logIndex=1033, commits[f2ba01fc-a63e-4348-bd18-030b60a135e7:c1033, eab135d4-a257-4705-b491-6c056b8c5df7:c1031, a4f67574-9018-43e7-8a54-351e98dc3d0a:c1031]
2019-08-23 07:08:50,994 | INFO  | DNAudit | user=null | ip=null | op=WRITE_CHUNK {blockData=conID: 1 locID: 102665036031132071 bcsId: 1033} | ret=SUCCESS |  
2019-08-23 07:08:50,996 | INFO  | DNAudit | user=null | ip=null | op=WRITE_CHUNK {blockData=conID: 1 locID: 102665036031132071 bcsId: 1033} | ret=SUCCESS |  
2019-08-23 07:08:50,997 | INFO  | DNAudit | user=null | ip=null | op=WRITE_CHUNK {blockData=conID: 1 locID: 102665036031132071 bcsId: 1033} | ret=SUCCESS |  
2019-08-23 07:08:50,998 | INFO  | DNAudit | user=null | ip=null | op=WRITE_CHUNK {blockData=conID: 1 locID: 102665036031132071 bcsId: 1027} | ret=SUCCESS |  
2019-08-23 07:08:50,999 | INFO  | DNAudit | user=null | ip=null | op=PUT_BLOCK {blockData=[blockId=conID: 1 locID: 102665036031132071 bcsId: 0,size=3145728]} | ret=SUCCESS |  
2019-08-23 07:08:50,999 | INFO  | DNAudit | user=null | ip=null | op=WRITE_CHUNK {blockData=conID: 1 locID: 102665036031132071 bcsId: 1027} | ret=SUCCESS |  
2019-08-23 07:08:51,000 | INFO  | DNAudit | user=null | ip=null | op=PUT_BLOCK {blockData=[blockId=conID: 1 locID: 102665036031132071 bcsId: 0,size=3145728]} | ret=SUCCESS |  
2019-08-23 07:08:51,002 | INFO  | DNAudit | user=null | ip=null | op=WRITE_CHUNK {blockData=conID: 1 locID: 102665036031132071 bcsId: 1033} | ret=SUCCESS |  
2019-08-23 07:08:51,002 | INFO  | DNAudit | user=null | ip=null | op=PUT_BLOCK {blockData=[blockId=conID: 1 locID: 102665036031132071 bcsId: 0,size=4194304]} | ret=SUCCESS |  
2019-08-23 07:08:51,003 [grpc-default-executor-4] INFO  client.GrpcClientProtocolClient (GrpcClientProtocolClient.java:onNext(255)) - client-D91E5D1E15CE->f2ba01fc-a63e-4348-bd18-030b60a135e7: receive RaftClientReply:client-D91E5D1E15CE->f2ba01fc-a63e-4348-bd18-030b60a135e7@group-C8C62FEF0626, cid=800, SUCCESS, logIndex=1036, commits[f2ba01fc-a63e-4348-bd18-030b60a135e7:c1037, eab135d4-a257-4705-b491-6c056b8c5df7:c1033, a4f67574-9018-43e7-8a54-351e98dc3d0a:c1033]
2019-08-23 07:08:51,003 [grpc-default-executor-4] INFO  client.GrpcClientProtocolClient (GrpcClientProtocolClient.java:onNext(255)) - client-D91E5D1E15CE->f2ba01fc-a63e-4348-bd18-030b60a135e7: receive RaftClientReply:client-D91E5D1E15CE->f2ba01fc-a63e-4348-bd18-030b60a135e7@group-C8C62FEF0626, cid=801, SUCCESS, logIndex=1037, commits[f2ba01fc-a63e-4348-bd18-030b60a135e7:c1037, eab135d4-a257-4705-b491-6c056b8c5df7:c1033, a4f67574-9018-43e7-8a54-351e98dc3d0a:c1033]
2019-08-23 07:08:51,014 | INFO  | DNAudit | user=null | ip=null | op=WRITE_CHUNK {blockData=conID: 1 locID: 102665036031132071 bcsId: 1033} | ret=SUCCESS |  
2019-08-23 07:08:51,014 | INFO  | DNAudit | user=null | ip=null | op=WRITE_CHUNK {blockData=conID: 1 locID: 102665036031132071 bcsId: 1033} | ret=SUCCESS |  
2019-08-23 07:08:51,015 | INFO  | DNAudit | user=null | ip=null | op=PUT_BLOCK {blockData=[blockId=conID: 1 locID: 102665036031132071 bcsId: 0,size=4194304]} | ret=SUCCESS |  
2019-08-23 07:08:51,015 | INFO  | DNAudit | user=null | ip=null | op=PUT_BLOCK {blockData=[blockId=conID: 1 locID: 102665036031132071 bcsId: 0,size=4194304]} | ret=SUCCESS |  
2019-08-23 07:08:51,016 [grpc-default-executor-3] INFO  client.GrpcClientProtocolClient (GrpcClientProtocolClient.java:onNext(255)) - client-D91E5D1E15CE->f2ba01fc-a63e-4348-bd18-030b60a135e7: receive RaftClientReply:client-D91E5D1E15CE->f2ba01fc-a63e-4348-bd18-030b60a135e7@group-C8C62FEF0626, cid=802, SUCCESS, logIndex=0, commits[f2ba01fc-a63e-4348-bd18-030b60a135e7:c1039, eab135d4-a257-4705-b491-6c056b8c5df7:c1037, a4f67574-9018-43e7-8a54-351e98dc3d0a:c1037]
2019-08-23 07:08:51,022 | INFO  | DNAudit | user=null | ip=null | op=WRITE_CHUNK {blockData=conID: 2 locID: 102665036031132072 bcsId: 0} | ret=SUCCESS |  
2019-08-23 07:08:51,025 | INFO  | DNAudit | user=null | ip=null | op=WRITE_CHUNK {blockData=conID: 2 locID: 102665036031132072 bcsId: 0} | ret=SUCCESS |  
2019-08-23 07:08:51,025 | INFO  | DNAudit | user=null | ip=null | op=WRITE_CHUNK {blockData=conID: 2 locID: 102665036031132072 bcsId: 0} | ret=SUCCESS |  
2019-08-23 07:08:51,026 | INFO  | DNAudit | user=null | ip=null | op=WRITE_CHUNK {blockData=conID: 2 locID: 102665036031132072 bcsId: 0} | ret=SUCCESS |  
2019-08-23 07:08:51,026 | INFO  | DNAudit | user=null | ip=null | op=WRITE_CHUNK {blockData=conID: 2 locID: 102665036031132072 bcsId: 0} | ret=SUCCESS |  
2019-08-23 07:08:51,027 | INFO  | DNAudit | user=null | ip=null | op=WRITE_CHUNK {blockData=conID: 2 locID: 102665036031132072 bcsId: 0} | ret=SUCCESS |  
2019-08-23 07:08:51,028 | INFO  | DNAudit | user=null | ip=null | op=WRITE_CHUNK {blockData=conID: 2 locID: 102665036031132072 bcsId: 0} | ret=SUCCESS |  
2019-08-23 07:08:51,028 | INFO  | DNAudit | user=null | ip=null | op=PUT_BLOCK {blockData=[blockId=conID: 2 locID: 102665036031132072 bcsId: 0,size=1048576]} | ret=SUCCESS |  
2019-08-23 07:08:51,028 | INFO  | DNAudit | user=null | ip=null | op=WRITE_CHUNK {blockData=conID: 2 locID: 102665036031132072 bcsId: 0} | ret=SUCCESS |  
2019-08-23 07:08:51,028 [grpc-default-executor-2] INFO  client.GrpcClientProtocolClient (GrpcClientProtocolClient.java:onNext(255)) - client-D91E5D1E15CE->f2ba01fc-a63e-4348-bd18-030b60a135e7: receive RaftClientReply:client-D91E5D1E15CE->f2ba01fc-a63e-4348-bd18-030b60a135e7@group-C8C62FEF0626, cid=803, SUCCESS, logIndex=1040, commits[f2ba01fc-a63e-4348-bd18-030b60a135e7:c1041, eab135d4-a257-4705-b491-6c056b8c5df7:c1037, a4f67574-9018-43e7-8a54-351e98dc3d0a:c1039]
2019-08-23 07:08:51,029 | INFO  | DNAudit | user=null | ip=null | op=PUT_BLOCK {blockData=[blockId=conID: 2 locID: 102665036031132072 bcsId: 0,size=2097152]} | ret=SUCCESS |  
2019-08-23 07:08:51,029 [grpc-default-executor-2] INFO  client.GrpcClientProtocolClient (GrpcClientProtocolClient.java:onNext(255)) - client-D91E5D1E15CE->f2ba01fc-a63e-4348-bd18-030b60a135e7: receive RaftClientReply:client-D91E5D1E15CE->f2ba01fc-a63e-4348-bd18-030b60a135e7@group-C8C62FEF0626, cid=804, SUCCESS, logIndex=1041, commits[f2ba01fc-a63e-4348-bd18-030b60a135e7:c1043, eab135d4-a257-4705-b491-6c056b8c5df7:c1037, a4f67574-9018-43e7-8a54-351e98dc3d0a:c1039]
2019-08-23 07:08:51,029 | INFO  | DNAudit | user=null | ip=null | op=WRITE_CHUNK {blockData=conID: 2 locID: 102665036031132072 bcsId: 0} | ret=SUCCESS |  
2019-08-23 07:08:51,029 [grpc-default-executor-2] INFO  client.GrpcClientProtocolClient (GrpcClientProtocolClient.java:onNext(255)) - client-D91E5D1E15CE->f2ba01fc-a63e-4348-bd18-030b60a135e7: receive RaftClientReply:client-D91E5D1E15CE->f2ba01fc-a63e-4348-bd18-030b60a135e7@group-C8C62FEF0626, cid=805, SUCCESS, logIndex=1042, commits[f2ba01fc-a63e-4348-bd18-030b60a135e7:c1043, eab135d4-a257-4705-b491-6c056b8c5df7:c1037, a4f67574-9018-43e7-8a54-351e98dc3d0a:c1039]
2019-08-23 07:08:51,029 | INFO  | DNAudit | user=null | ip=null | op=PUT_BLOCK {blockData=[blockId=conID: 2 locID: 102665036031132072 bcsId: 0,size=1048576]} | ret=SUCCESS |  
2019-08-23 07:08:51,029 [grpc-default-executor-2] INFO  client.GrpcClientProtocolClient (GrpcClientProtocolClient.java:onNext(255)) - client-D91E5D1E15CE->f2ba01fc-a63e-4348-bd18-030b60a135e7: receive RaftClientReply:client-D91E5D1E15CE->f2ba01fc-a63e-4348-bd18-030b60a135e7@group-C8C62FEF0626, cid=806, SUCCESS, logIndex=1043, commits[f2ba01fc-a63e-4348-bd18-030b60a135e7:c1043, eab135d4-a257-4705-b491-6c056b8c5df7:c1037, a4f67574-9018-43e7-8a54-351e98dc3d0a:c1039]
2019-08-23 07:08:51,030 | INFO  | DNAudit | user=null | ip=null | op=WRITE_CHUNK {blockData=conID: 2 locID: 102665036031132072 bcsId: 0} | ret=SUCCESS |  
2019-08-23 07:08:51,031 | INFO  | DNAudit | user=null | ip=null | op=PUT_BLOCK {blockData=[blockId=conID: 2 locID: 102665036031132072 bcsId: 0,size=1048576]} | ret=SUCCESS |  
2019-08-23 07:08:51,031 | INFO  | DNAudit | user=null | ip=null | op=WRITE_CHUNK {blockData=conID: 2 locID: 102665036031132072 bcsId: 0} | ret=SUCCESS |  
2019-08-23 07:08:51,031 | INFO  | DNAudit | user=null | ip=null | op=PUT_BLOCK {blockData=[blockId=conID: 2 locID: 102665036031132072 bcsId: 0,size=2097152]} | ret=SUCCESS |  
2019-08-23 07:08:51,031 [grpc-default-executor-4] INFO  client.GrpcClientProtocolClient (GrpcClientProtocolClient.java:onNext(255)) - client-D91E5D1E15CE->f2ba01fc-a63e-4348-bd18-030b60a135e7: receive RaftClientReply:client-D91E5D1E15CE->f2ba01fc-a63e-4348-bd18-030b60a135e7@group-C8C62FEF0626, cid=807, SUCCESS, logIndex=0, commits[f2ba01fc-a63e-4348-bd18-030b60a135e7:c1044, eab135d4-a257-4705-b491-6c056b8c5df7:c1041, a4f67574-9018-43e7-8a54-351e98dc3d0a:c1041]
2019-08-23 07:08:51,032 | INFO  | DNAudit | user=null | ip=null | op=WRITE_CHUNK {blockData=conID: 2 locID: 102665036031132072 bcsId: 0} | ret=SUCCESS |  
2019-08-23 07:08:51,032 | INFO  | DNAudit | user=null | ip=null | op=PUT_BLOCK {blockData=[blockId=conID: 2 locID: 102665036031132072 bcsId: 0,size=2097152]} | ret=SUCCESS |  
2019-08-23 07:08:51,037 | INFO  | DNAudit | user=null | ip=null | op=WRITE_CHUNK {blockData=conID: 2 locID: 102665036031132072 bcsId: 1043} | ret=SUCCESS |  
2019-08-23 07:08:51,039 | INFO  | DNAudit | user=null | ip=null | op=WRITE_CHUNK {blockData=conID: 2 locID: 102665036031132072 bcsId: 1043} | ret=SUCCESS |  
2019-08-23 07:08:51,040 | INFO  | DNAudit | user=null | ip=null | op=WRITE_CHUNK {blockData=conID: 2 locID: 102665036031132072 bcsId: 1043} | ret=SUCCESS |  
2019-08-23 07:08:51,042 | INFO  | DNAudit | user=null | ip=null | op=WRITE_CHUNK {blockData=conID: 2 locID: 102665036031132072 bcsId: 1043} | ret=SUCCESS |  
2019-08-23 07:08:51,042 | INFO  | DNAudit | user=null | ip=null | op=PUT_BLOCK {blockData=[blockId=conID: 2 locID: 102665036031132072 bcsId: 0,size=3145728]} | ret=SUCCESS |  
2019-08-23 07:08:51,042 [grpc-default-executor-2] INFO  client.GrpcClientProtocolClient (GrpcClientProtocolClient.java:onNext(255)) - client-D91E5D1E15CE->f2ba01fc-a63e-4348-bd18-030b60a135e7: receive RaftClientReply:client-D91E5D1E15CE->f2ba01fc-a63e-4348-bd18-030b60a135e7@group-C8C62FEF0626, cid=808, SUCCESS, logIndex=1048, commits[f2ba01fc-a63e-4348-bd18-030b60a135e7:c1049, eab135d4-a257-4705-b491-6c056b8c5df7:c1047, a4f67574-9018-43e7-8a54-351e98dc3d0a:c1043]
2019-08-23 07:08:51,043 [grpc-default-executor-2] INFO  client.GrpcClientProtocolClient (GrpcClientProtocolClient.java:onNext(255)) - client-D91E5D1E15CE->f2ba01fc-a63e-4348-bd18-030b60a135e7: receive RaftClientReply:client-D91E5D1E15CE->f2ba01fc-a63e-4348-bd18-030b60a135e7@group-C8C62FEF0626, cid=809, SUCCESS, logIndex=1049, commits[f2ba01fc-a63e-4348-bd18-030b60a135e7:c1049, eab135d4-a257-4705-b491-6c056b8c5df7:c1047, a4f67574-9018-43e7-8a54-351e98dc3d0a:c1047]
2019-08-23 07:08:51,043 | INFO  | DNAudit | user=null | ip=null | op=WRITE_CHUNK {blockData=conID: 2 locID: 102665036031132072 bcsId: 1043} | ret=SUCCESS |  
2019-08-23 07:08:51,043 | INFO  | DNAudit | user=null | ip=null | op=WRITE_CHUNK {blockData=conID: 2 locID: 102665036031132072 bcsId: 1043} | ret=SUCCESS |  
2019-08-23 07:08:51,043 | INFO  | DNAudit | user=null | ip=null | op=PUT_BLOCK {blockData=[blockId=conID: 2 locID: 102665036031132072 bcsId: 0,size=3145728]} | ret=SUCCESS |  
2019-08-23 07:08:51,043 | INFO  | DNAudit | user=null | ip=null | op=PUT_BLOCK {blockData=[blockId=conID: 2 locID: 102665036031132072 bcsId: 0,size=3145728]} | ret=SUCCESS |  
2019-08-23 07:08:51,049 | INFO  | DNAudit | user=null | ip=null | op=WRITE_CHUNK {blockData=conID: 2 locID: 102665036031132072 bcsId: 1049} | ret=SUCCESS |  
2019-08-23 07:08:51,051 | INFO  | DNAudit | user=null | ip=null | op=WRITE_CHUNK {blockData=conID: 2 locID: 102665036031132072 bcsId: 1049} | ret=SUCCESS |  
2019-08-23 07:08:51,051 | INFO  | DNAudit | user=null | ip=null | op=WRITE_CHUNK {blockData=conID: 2 locID: 102665036031132072 bcsId: 1049} | ret=SUCCESS |  
2019-08-23 07:08:51,053 | INFO  | DNAudit | user=null | ip=null | op=WRITE_CHUNK {blockData=conID: 2 locID: 102665036031132072 bcsId: 1049} | ret=SUCCESS |  
2019-08-23 07:08:51,053 | INFO  | DNAudit | user=null | ip=null | op=PUT_BLOCK {blockData=[blockId=conID: 2 locID: 102665036031132072 bcsId: 0,size=4194304]} | ret=SUCCESS |  
2019-08-23 07:08:51,054 [grpc-default-executor-2] INFO  client.GrpcClientProtocolClient (GrpcClientProtocolClient.java:onNext(255)) - client-D91E5D1E15CE->f2ba01fc-a63e-4348-bd18-030b60a135e7: receive RaftClientReply:client-D91E5D1E15CE->f2ba01fc-a63e-4348-bd18-030b60a135e7@group-C8C62FEF0626, cid=810, SUCCESS, logIndex=1052, commits[f2ba01fc-a63e-4348-bd18-030b60a135e7:c1053, eab135d4-a257-4705-b491-6c056b8c5df7:c1051, a4f67574-9018-43e7-8a54-351e98dc3d0a:c1049]
2019-08-23 07:08:51,054 [grpc-default-executor-2] INFO  client.GrpcClientProtocolClient (GrpcClientProtocolClient.java:onNext(255)) - client-D91E5D1E15CE->f2ba01fc-a63e-4348-bd18-030b60a135e7: receive RaftClientReply:client-D91E5D1E15CE->f2ba01fc-a63e-4348-bd18-030b60a135e7@group-C8C62FEF0626, cid=811, SUCCESS, logIndex=1053, commits[f2ba01fc-a63e-4348-bd18-030b60a135e7:c1053, eab135d4-a257-4705-b491-6c056b8c5df7:c1051, a4f67574-9018-43e7-8a54-351e98dc3d0a:c1051]
2019-08-23 07:08:51,055 | INFO  | DNAudit | user=null | ip=null | op=WRITE_CHUNK {blockData=conID: 2 locID: 102665036031132072 bcsId: 1049} | ret=SUCCESS |  
2019-08-23 07:08:51,055 | INFO  | DNAudit | user=null | ip=null | op=WRITE_CHUNK {blockData=conID: 2 locID: 102665036031132072 bcsId: 1049} | ret=SUCCESS |  
2019-08-23 07:08:51,055 | INFO  | DNAudit | user=null | ip=null | op=PUT_BLOCK {blockData=[blockId=conID: 2 locID: 102665036031132072 bcsId: 0,size=4194304]} | ret=SUCCESS |  
2019-08-23 07:08:51,055 | INFO  | DNAudit | user=null | ip=null | op=PUT_BLOCK {blockData=[blockId=conID: 2 locID: 102665036031132072 bcsId: 0,size=4194304]} | ret=SUCCESS |  
2019-08-23 07:08:51,056 [grpc-default-executor-2] INFO  client.GrpcClientProtocolClient (GrpcClientProtocolClient.java:onNext(255)) - client-D91E5D1E15CE->f2ba01fc-a63e-4348-bd18-030b60a135e7: receive RaftClientReply:client-D91E5D1E15CE->f2ba01fc-a63e-4348-bd18-030b60a135e7@group-C8C62FEF0626, cid=812, SUCCESS, logIndex=0, commits[f2ba01fc-a63e-4348-bd18-030b60a135e7:c1054, eab135d4-a257-4705-b491-6c056b8c5df7:c1053, a4f67574-9018-43e7-8a54-351e98dc3d0a:c1053]
2019-08-23 07:08:51,062 | INFO  | DNAudit | user=null | ip=null | op=WRITE_CHUNK {blockData=conID: 3 locID: 102665036031197609 bcsId: 0} | ret=SUCCESS |  
2019-08-23 07:08:51,064 | INFO  | DNAudit | user=null | ip=null | op=WRITE_CHUNK {blockData=conID: 3 locID: 102665036031197609 bcsId: 0} | ret=SUCCESS |  
2019-08-23 07:08:51,064 | INFO  | DNAudit | user=null | ip=null | op=WRITE_CHUNK {blockData=conID: 3 locID: 102665036031197609 bcsId: 0} | ret=SUCCESS |  
2019-08-23 07:08:51,065 | INFO  | DNAudit | user=null | ip=null | op=WRITE_CHUNK {blockData=conID: 3 locID: 102665036031197609 bcsId: 0} | ret=SUCCESS |  
2019-08-23 07:08:51,067 | INFO  | DNAudit | user=null | ip=null | op=WRITE_CHUNK {blockData=conID: 3 locID: 102665036031197609 bcsId: 0} | ret=SUCCESS |  
2019-08-23 07:08:51,067 | INFO  | DNAudit | user=null | ip=null | op=WRITE_CHUNK {blockData=conID: 3 locID: 102665036031197609 bcsId: 0} | ret=SUCCESS |  
2019-08-23 07:08:51,078 | INFO  | DNAudit | user=null | ip=null | op=WRITE_CHUNK {blockData=conID: 3 locID: 102665036031197609 bcsId: 0} | ret=SUCCESS |  
2019-08-23 07:08:51,078 | INFO  | DNAudit | user=null | ip=null | op=PUT_BLOCK {blockData=[blockId=conID: 3 locID: 102665036031197609 bcsId: 0,size=1048576]} | ret=SUCCESS |  
2019-08-23 07:08:51,078 | INFO  | DNAudit | user=null | ip=null | op=WRITE_CHUNK {blockData=conID: 3 locID: 102665036031197609 bcsId: 0} | ret=SUCCESS |  
2019-08-23 07:08:51,078 [grpc-default-executor-4] INFO  client.GrpcClientProtocolClient (GrpcClientProtocolClient.java:onNext(255)) - client-D91E5D1E15CE->f2ba01fc-a63e-4348-bd18-030b60a135e7: receive RaftClientReply:client-D91E5D1E15CE->f2ba01fc-a63e-4348-bd18-030b60a135e7@group-C8C62FEF0626, cid=813, SUCCESS, logIndex=1056, commits[f2ba01fc-a63e-4348-bd18-030b60a135e7:c1058, eab135d4-a257-4705-b491-6c056b8c5df7:c1055, a4f67574-9018-43e7-8a54-351e98dc3d0a:c1055]
2019-08-23 07:08:51,079 | INFO  | DNAudit | user=null | ip=null | op=PUT_BLOCK {blockData=[blockId=conID: 3 locID: 102665036031197609 bcsId: 0,size=2097152]} | ret=SUCCESS |  
2019-08-23 07:08:51,079 [grpc-default-executor-4] INFO  client.GrpcClientProtocolClient (GrpcClientProtocolClient.java:onNext(255)) - client-D91E5D1E15CE->f2ba01fc-a63e-4348-bd18-030b60a135e7: receive RaftClientReply:client-D91E5D1E15CE->f2ba01fc-a63e-4348-bd18-030b60a135e7@group-C8C62FEF0626, cid=814, SUCCESS, logIndex=1057, commits[f2ba01fc-a63e-4348-bd18-030b60a135e7:c1059, eab135d4-a257-4705-b491-6c056b8c5df7:c1055, a4f67574-9018-43e7-8a54-351e98dc3d0a:c1055]
2019-08-23 07:08:51,079 [grpc-default-executor-4] INFO  client.GrpcClientProtocolClient (GrpcClientProtocolClient.java:onNext(255)) - client-D91E5D1E15CE->f2ba01fc-a63e-4348-bd18-030b60a135e7: receive RaftClientReply:client-D91E5D1E15CE->f2ba01fc-a63e-4348-bd18-030b60a135e7@group-C8C62FEF0626, cid=815, SUCCESS, logIndex=1058, commits[f2ba01fc-a63e-4348-bd18-030b60a135e7:c1059, eab135d4-a257-4705-b491-6c056b8c5df7:c1055, a4f67574-9018-43e7-8a54-351e98dc3d0a:c1055]
2019-08-23 07:08:51,080 | INFO  | DNAudit | user=null | ip=null | op=WRITE_CHUNK {blockData=conID: 3 locID: 102665036031197609 bcsId: 0} | ret=SUCCESS |  
2019-08-23 07:08:51,080 [grpc-default-executor-4] INFO  client.GrpcClientProtocolClient (GrpcClientProtocolClient.java:onNext(255)) - client-D91E5D1E15CE->f2ba01fc-a63e-4348-bd18-030b60a135e7: receive RaftClientReply:client-D91E5D1E15CE->f2ba01fc-a63e-4348-bd18-030b60a135e7@group-C8C62FEF0626, cid=816, SUCCESS, logIndex=1059, commits[f2ba01fc-a63e-4348-bd18-030b60a135e7:c1059, eab135d4-a257-4705-b491-6c056b8c5df7:c1055, a4f67574-9018-43e7-8a54-351e98dc3d0a:c1055]
2019-08-23 07:08:51,080 | INFO  | DNAudit | user=null | ip=null | op=WRITE_CHUNK {blockData=conID: 3 locID: 102665036031197609 bcsId: 0} | ret=SUCCESS |  
2019-08-23 07:08:51,080 | INFO  | DNAudit | user=null | ip=null | op=PUT_BLOCK {blockData=[blockId=conID: 3 locID: 102665036031197609 bcsId: 0,size=1048576]} | ret=SUCCESS |  
2019-08-23 07:08:51,080 | INFO  | DNAudit | user=null | ip=null | op=WRITE_CHUNK {blockData=conID: 3 locID: 102665036031197609 bcsId: 0} | ret=SUCCESS |  
2019-08-23 07:08:51,081 | INFO  | DNAudit | user=null | ip=null | op=PUT_BLOCK {blockData=[blockId=conID: 3 locID: 102665036031197609 bcsId: 0,size=1048576]} | ret=SUCCESS |  
2019-08-23 07:08:51,081 | INFO  | DNAudit | user=null | ip=null | op=PUT_BLOCK {blockData=[blockId=conID: 3 locID: 102665036031197609 bcsId: 0,size=2097152]} | ret=SUCCESS |  
2019-08-23 07:08:51,081 | INFO  | DNAudit | user=null | ip=null | op=WRITE_CHUNK {blockData=conID: 3 locID: 102665036031197609 bcsId: 0} | ret=SUCCESS |  
2019-08-23 07:08:51,081 [grpc-default-executor-4] INFO  client.GrpcClientProtocolClient (GrpcClientProtocolClient.java:onNext(255)) - client-D91E5D1E15CE->f2ba01fc-a63e-4348-bd18-030b60a135e7: receive RaftClientReply:client-D91E5D1E15CE->f2ba01fc-a63e-4348-bd18-030b60a135e7@group-C8C62FEF0626, cid=817, SUCCESS, logIndex=0, commits[f2ba01fc-a63e-4348-bd18-030b60a135e7:c1062, eab135d4-a257-4705-b491-6c056b8c5df7:c1057, a4f67574-9018-43e7-8a54-351e98dc3d0a:c1058]
2019-08-23 07:08:51,081 | INFO  | DNAudit | user=null | ip=null | op=PUT_BLOCK {blockData=[blockId=conID: 3 locID: 102665036031197609 bcsId: 0,size=2097152]} | ret=SUCCESS |  
2019-08-23 07:08:51,087 | INFO  | DNAudit | user=null | ip=null | op=WRITE_CHUNK {blockData=conID: 3 locID: 102665036031197609 bcsId: 1059} | ret=SUCCESS |  
2019-08-23 07:08:51,089 | INFO  | DNAudit | user=null | ip=null | op=WRITE_CHUNK {blockData=conID: 3 locID: 102665036031197609 bcsId: 1059} | ret=SUCCESS |  
2019-08-23 07:08:51,089 | INFO  | DNAudit | user=null | ip=null | op=WRITE_CHUNK {blockData=conID: 3 locID: 102665036031197609 bcsId: 1059} | ret=SUCCESS |  
2019-08-23 07:08:51,102 | INFO  | DNAudit | user=null | ip=null | op=WRITE_CHUNK {blockData=conID: 3 locID: 102665036031197609 bcsId: 1059} | ret=SUCCESS |  
2019-08-23 07:08:51,102 | INFO  | DNAudit | user=null | ip=null | op=PUT_BLOCK {blockData=[blockId=conID: 3 locID: 102665036031197609 bcsId: 0,size=3145728]} | ret=SUCCESS |  
2019-08-23 07:08:51,103 [grpc-default-executor-3] INFO  client.GrpcClientProtocolClient (GrpcClientProtocolClient.java:onNext(255)) - client-D91E5D1E15CE->f2ba01fc-a63e-4348-bd18-030b60a135e7: receive RaftClientReply:client-D91E5D1E15CE->f2ba01fc-a63e-4348-bd18-030b60a135e7@group-C8C62FEF0626, cid=818, SUCCESS, logIndex=1064, commits[f2ba01fc-a63e-4348-bd18-030b60a135e7:c1065, eab135d4-a257-4705-b491-6c056b8c5df7:c1063, a4f67574-9018-43e7-8a54-351e98dc3d0a:c1063]
2019-08-23 07:08:51,103 [grpc-default-executor-3] INFO  client.GrpcClientProtocolClient (GrpcClientProtocolClient.java:onNext(255)) - client-D91E5D1E15CE->f2ba01fc-a63e-4348-bd18-030b60a135e7: receive RaftClientReply:client-D91E5D1E15CE->f2ba01fc-a63e-4348-bd18-030b60a135e7@group-C8C62FEF0626, cid=819, SUCCESS, logIndex=1065, commits[f2ba01fc-a63e-4348-bd18-030b60a135e7:c1065, eab135d4-a257-4705-b491-6c056b8c5df7:c1063, a4f67574-9018-43e7-8a54-351e98dc3d0a:c1063]
2019-08-23 07:08:51,109 | INFO  | DNAudit | user=null | ip=null | op=WRITE_CHUNK {blockData=conID: 3 locID: 102665036031197609 bcsId: 1065} | ret=SUCCESS |  
2019-08-23 07:08:51,111 | INFO  | DNAudit | user=null | ip=null | op=WRITE_CHUNK {blockData=conID: 3 locID: 102665036031197609 bcsId: 1065} | ret=SUCCESS |  
2019-08-23 07:08:51,112 | INFO  | DNAudit | user=null | ip=null | op=WRITE_CHUNK {blockData=conID: 3 locID: 102665036031197609 bcsId: 1065} | ret=SUCCESS |  
2019-08-23 07:08:51,113 | INFO  | DNAudit | user=null | ip=null | op=WRITE_CHUNK {blockData=conID: 3 locID: 102665036031197609 bcsId: 1059} | ret=SUCCESS |  
2019-08-23 07:08:51,113 | INFO  | DNAudit | user=null | ip=null | op=WRITE_CHUNK {blockData=conID: 3 locID: 102665036031197609 bcsId: 1059} | ret=SUCCESS |  
2019-08-23 07:08:51,114 | INFO  | DNAudit | user=null | ip=null | op=PUT_BLOCK {blockData=[blockId=conID: 3 locID: 102665036031197609 bcsId: 0,size=3145728]} | ret=SUCCESS |  
2019-08-23 07:08:51,115 | INFO  | DNAudit | user=null | ip=null | op=PUT_BLOCK {blockData=[blockId=conID: 3 locID: 102665036031197609 bcsId: 0,size=3145728]} | ret=SUCCESS |  
2019-08-23 07:08:51,115 | INFO  | DNAudit | user=null | ip=null | op=WRITE_CHUNK {blockData=conID: 3 locID: 102665036031197609 bcsId: 1065} | ret=SUCCESS |  
2019-08-23 07:08:51,115 | INFO  | DNAudit | user=null | ip=null | op=PUT_BLOCK {blockData=[blockId=conID: 3 locID: 102665036031197609 bcsId: 0,size=4194304]} | ret=SUCCESS |  
2019-08-23 07:08:51,115 [grpc-default-executor-2] INFO  client.GrpcClientProtocolClient (GrpcClientProtocolClient.java:onNext(255)) - client-D91E5D1E15CE->f2ba01fc-a63e-4348-bd18-030b60a135e7: receive RaftClientReply:client-D91E5D1E15CE->f2ba01fc-a63e-4348-bd18-030b60a135e7@group-C8C62FEF0626, cid=820, SUCCESS, logIndex=1068, commits[f2ba01fc-a63e-4348-bd18-030b60a135e7:c1068, eab135d4-a257-4705-b491-6c056b8c5df7:c1065, a4f67574-9018-43e7-8a54-351e98dc3d0a:c1065]
2019-08-23 07:08:51,116 [grpc-default-executor-2] INFO  client.GrpcClientProtocolClient (GrpcClientProtocolClient.java:onNext(255)) - client-D91E5D1E15CE->f2ba01fc-a63e-4348-bd18-030b60a135e7: receive RaftClientReply:client-D91E5D1E15CE->f2ba01fc-a63e-4348-bd18-030b60a135e7@group-C8C62FEF0626, cid=821, SUCCESS, logIndex=1069, commits[f2ba01fc-a63e-4348-bd18-030b60a135e7:c1069, eab135d4-a257-4705-b491-6c056b8c5df7:c1065, a4f67574-9018-43e7-8a54-351e98dc3d0a:c1065]
2019-08-23 07:08:51,126 | INFO  | DNAudit | user=null | ip=null | op=WRITE_CHUNK {blockData=conID: 3 locID: 102665036031197609 bcsId: 1065} | ret=SUCCESS |  
2019-08-23 07:08:51,126 | INFO  | DNAudit | user=null | ip=null | op=WRITE_CHUNK {blockData=conID: 3 locID: 102665036031197609 bcsId: 1065} | ret=SUCCESS |  
2019-08-23 07:08:51,128 | INFO  | DNAudit | user=null | ip=null | op=PUT_BLOCK {blockData=[blockId=conID: 3 locID: 102665036031197609 bcsId: 0,size=4194304]} | ret=SUCCESS |  
2019-08-23 07:08:51,128 | INFO  | DNAudit | user=null | ip=null | op=PUT_BLOCK {blockData=[blockId=conID: 3 locID: 102665036031197609 bcsId: 0,size=4194304]} | ret=SUCCESS |  
2019-08-23 07:08:51,128 [grpc-default-executor-2] INFO  client.GrpcClientProtocolClient (GrpcClientProtocolClient.java:onNext(255)) - client-D91E5D1E15CE->f2ba01fc-a63e-4348-bd18-030b60a135e7: receive RaftClientReply:client-D91E5D1E15CE->f2ba01fc-a63e-4348-bd18-030b60a135e7@group-C8C62FEF0626, cid=822, SUCCESS, logIndex=0, commits[f2ba01fc-a63e-4348-bd18-030b60a135e7:c1071, eab135d4-a257-4705-b491-6c056b8c5df7:c1069, a4f67574-9018-43e7-8a54-351e98dc3d0a:c1069]
2019-08-23 07:08:51,134 | INFO  | DNAudit | user=null | ip=null | op=WRITE_CHUNK {blockData=conID: 1 locID: 102665036031197610 bcsId: 0} | ret=SUCCESS |  
2019-08-23 07:08:51,136 | INFO  | DNAudit | user=null | ip=null | op=WRITE_CHUNK {blockData=conID: 1 locID: 102665036031197610 bcsId: 0} | ret=SUCCESS |  
2019-08-23 07:08:51,137 | INFO  | DNAudit | user=null | ip=null | op=WRITE_CHUNK {blockData=conID: 1 locID: 102665036031197610 bcsId: 0} | ret=SUCCESS |  
2019-08-23 07:08:51,137 | INFO  | DNAudit | user=null | ip=null | op=WRITE_CHUNK {blockData=conID: 1 locID: 102665036031197610 bcsId: 0} | ret=SUCCESS |  
2019-08-23 07:08:51,138 | INFO  | DNAudit | user=null | ip=null | op=WRITE_CHUNK {blockData=conID: 1 locID: 102665036031197610 bcsId: 0} | ret=SUCCESS |  
2019-08-23 07:08:51,138 | INFO  | DNAudit | user=null | ip=null | op=WRITE_CHUNK {blockData=conID: 1 locID: 102665036031197610 bcsId: 0} | ret=SUCCESS |  
2019-08-23 07:08:51,143 | INFO  | SCMAudit | user=jenkins1000 | ip=192.168.5.178 | op=SEND_HEARTBEAT {datanodeUUID=b7d3ecaa-ab76-49a0-b691-40b7e1ed625a, command=[]} | ret=SUCCESS |  
2019-08-23 07:08:51,146 | INFO  | DNAudit | user=null | ip=null | op=WRITE_CHUNK {blockData=conID: 1 locID: 102665036031197610 bcsId: 0} | ret=SUCCESS |  
2019-08-23 07:08:51,147 | INFO  | DNAudit | user=null | ip=null | op=PUT_BLOCK {blockData=[blockId=conID: 1 locID: 102665036031197610 bcsId: 0,size=1048576]} | ret=SUCCESS |  
2019-08-23 07:08:51,147 | INFO  | DNAudit | user=null | ip=null | op=WRITE_CHUNK {blockData=conID: 1 locID: 102665036031197610 bcsId: 0} | ret=SUCCESS |  
2019-08-23 07:08:51,147 [grpc-default-executor-2] INFO  client.GrpcClientProtocolClient (GrpcClientProtocolClient.java:onNext(255)) - client-D91E5D1E15CE->f2ba01fc-a63e-4348-bd18-030b60a135e7: receive RaftClientReply:client-D91E5D1E15CE->f2ba01fc-a63e-4348-bd18-030b60a135e7@group-C8C62FEF0626, cid=823, SUCCESS, logIndex=1072, commits[f2ba01fc-a63e-4348-bd18-030b60a135e7:c1073, eab135d4-a257-4705-b491-6c056b8c5df7:c1071, a4f67574-9018-43e7-8a54-351e98dc3d0a:c1071]
2019-08-23 07:08:51,147 | INFO  | DNAudit | user=null | ip=null | op=PUT_BLOCK {blockData=[blockId=conID: 1 locID: 102665036031197610 bcsId: 0,size=2097152]} | ret=SUCCESS |  
2019-08-23 07:08:51,148 [grpc-default-executor-2] INFO  client.GrpcClientProtocolClient (GrpcClientProtocolClient.java:onNext(255)) - client-D91E5D1E15CE->f2ba01fc-a63e-4348-bd18-030b60a135e7: receive RaftClientReply:client-D91E5D1E15CE->f2ba01fc-a63e-4348-bd18-030b60a135e7@group-C8C62FEF0626, cid=824, SUCCESS, logIndex=1073, commits[f2ba01fc-a63e-4348-bd18-030b60a135e7:c1075, eab135d4-a257-4705-b491-6c056b8c5df7:c1071, a4f67574-9018-43e7-8a54-351e98dc3d0a:c1071]
2019-08-23 07:08:51,148 | INFO  | DNAudit | user=null | ip=null | op=WRITE_CHUNK {blockData=conID: 1 locID: 102665036031197610 bcsId: 0} | ret=SUCCESS |  
2019-08-23 07:08:51,148 [grpc-default-executor-2] INFO  client.GrpcClientProtocolClient (GrpcClientProtocolClient.java:onNext(255)) - client-D91E5D1E15CE->f2ba01fc-a63e-4348-bd18-030b60a135e7: receive RaftClientReply:client-D91E5D1E15CE->f2ba01fc-a63e-4348-bd18-030b60a135e7@group-C8C62FEF0626, cid=825, SUCCESS, logIndex=1074, commits[f2ba01fc-a63e-4348-bd18-030b60a135e7:c1075, eab135d4-a257-4705-b491-6c056b8c5df7:c1071, a4f67574-9018-43e7-8a54-351e98dc3d0a:c1071]
2019-08-23 07:08:51,148 | INFO  | DNAudit | user=null | ip=null | op=PUT_BLOCK {blockData=[blockId=conID: 1 locID: 102665036031197610 bcsId: 0,size=1048576]} | ret=SUCCESS |  
2019-08-23 07:08:51,148 | INFO  | DNAudit | user=null | ip=null | op=WRITE_CHUNK {blockData=conID: 1 locID: 102665036031197610 bcsId: 0} | ret=SUCCESS |  
2019-08-23 07:08:51,148 [grpc-default-executor-2] INFO  client.GrpcClientProtocolClient (GrpcClientProtocolClient.java:onNext(255)) - client-D91E5D1E15CE->f2ba01fc-a63e-4348-bd18-030b60a135e7: receive RaftClientReply:client-D91E5D1E15CE->f2ba01fc-a63e-4348-bd18-030b60a135e7@group-C8C62FEF0626, cid=826, SUCCESS, logIndex=1075, commits[f2ba01fc-a63e-4348-bd18-030b60a135e7:c1075, eab135d4-a257-4705-b491-6c056b8c5df7:c1071, a4f67574-9018-43e7-8a54-351e98dc3d0a:c1071]
2019-08-23 07:08:51,149 | INFO  | DNAudit | user=null | ip=null | op=PUT_BLOCK {blockData=[blockId=conID: 1 locID: 102665036031197610 bcsId: 0,size=1048576]} | ret=SUCCESS |  
2019-08-23 07:08:51,149 | INFO  | DNAudit | user=null | ip=null | op=WRITE_CHUNK {blockData=conID: 1 locID: 102665036031197610 bcsId: 0} | ret=SUCCESS |  
2019-08-23 07:08:51,149 | INFO  | DNAudit | user=null | ip=null | op=WRITE_CHUNK {blockData=conID: 1 locID: 102665036031197610 bcsId: 0} | ret=SUCCESS |  
2019-08-23 07:08:51,149 | INFO  | DNAudit | user=null | ip=null | op=PUT_BLOCK {blockData=[blockId=conID: 1 locID: 102665036031197610 bcsId: 0,size=2097152]} | ret=SUCCESS |  
2019-08-23 07:08:51,150 | INFO  | DNAudit | user=null | ip=null | op=PUT_BLOCK {blockData=[blockId=conID: 1 locID: 102665036031197610 bcsId: 0,size=2097152]} | ret=SUCCESS |  
2019-08-23 07:08:51,150 [grpc-default-executor-6] INFO  client.GrpcClientProtocolClient (GrpcClientProtocolClient.java:onNext(255)) - client-D91E5D1E15CE->f2ba01fc-a63e-4348-bd18-030b60a135e7: receive RaftClientReply:client-D91E5D1E15CE->f2ba01fc-a63e-4348-bd18-030b60a135e7@group-C8C62FEF0626, cid=827, SUCCESS, logIndex=0, commits[f2ba01fc-a63e-4348-bd18-030b60a135e7:c1077, eab135d4-a257-4705-b491-6c056b8c5df7:c1073, a4f67574-9018-43e7-8a54-351e98dc3d0a:c1073]
2019-08-23 07:08:51,156 | INFO  | DNAudit | user=null | ip=null | op=WRITE_CHUNK {blockData=conID: 1 locID: 102665036031197610 bcsId: 1075} | ret=SUCCESS |  
2019-08-23 07:08:51,159 | INFO  | DNAudit | user=null | ip=null | op=WRITE_CHUNK {blockData=conID: 1 locID: 102665036031197610 bcsId: 1075} | ret=SUCCESS |  
2019-08-23 07:08:51,159 | INFO  | DNAudit | user=null | ip=null | op=WRITE_CHUNK {blockData=conID: 1 locID: 102665036031197610 bcsId: 1075} | ret=SUCCESS |  
2019-08-23 07:08:51,169 | INFO  | DNAudit | user=null | ip=null | op=WRITE_CHUNK {blockData=conID: 1 locID: 102665036031197610 bcsId: 1075} | ret=SUCCESS |  
2019-08-23 07:08:51,169 | INFO  | DNAudit | user=null | ip=null | op=PUT_BLOCK {blockData=[blockId=conID: 1 locID: 102665036031197610 bcsId: 0,size=3145728]} | ret=SUCCESS |  
2019-08-23 07:08:51,170 [grpc-default-executor-2] INFO  client.GrpcClientProtocolClient (GrpcClientProtocolClient.java:onNext(255)) - client-D91E5D1E15CE->f2ba01fc-a63e-4348-bd18-030b60a135e7: receive RaftClientReply:client-D91E5D1E15CE->f2ba01fc-a63e-4348-bd18-030b60a135e7@group-C8C62FEF0626, cid=828, SUCCESS, logIndex=1080, commits[f2ba01fc-a63e-4348-bd18-030b60a135e7:c1081, eab135d4-a257-4705-b491-6c056b8c5df7:c1079, a4f67574-9018-43e7-8a54-351e98dc3d0a:c1079]
2019-08-23 07:08:51,170 [grpc-default-executor-2] INFO  client.GrpcClientProtocolClient (GrpcClientProtocolClient.java:onNext(255)) - client-D91E5D1E15CE->f2ba01fc-a63e-4348-bd18-030b60a135e7: receive RaftClientReply:client-D91E5D1E15CE->f2ba01fc-a63e-4348-bd18-030b60a135e7@group-C8C62FEF0626, cid=829, SUCCESS, logIndex=1081, commits[f2ba01fc-a63e-4348-bd18-030b60a135e7:c1081, eab135d4-a257-4705-b491-6c056b8c5df7:c1079, a4f67574-9018-43e7-8a54-351e98dc3d0a:c1079]
2019-08-23 07:08:51,176 | INFO  | DNAudit | user=null | ip=null | op=WRITE_CHUNK {blockData=conID: 1 locID: 102665036031197610 bcsId: 1081} | ret=SUCCESS |  
2019-08-23 07:08:51,178 | INFO  | DNAudit | user=null | ip=null | op=WRITE_CHUNK {blockData=conID: 1 locID: 102665036031197610 bcsId: 1081} | ret=SUCCESS |  
2019-08-23 07:08:51,179 | INFO  | DNAudit | user=null | ip=null | op=WRITE_CHUNK {blockData=conID: 1 locID: 102665036031197610 bcsId: 1081} | ret=SUCCESS |  
2019-08-23 07:08:51,181 | INFO  | DNAudit | user=null | ip=null | op=WRITE_CHUNK {blockData=conID: 1 locID: 102665036031197610 bcsId: 1075} | ret=SUCCESS |  
2019-08-23 07:08:51,181 | INFO  | DNAudit | user=null | ip=null | op=WRITE_CHUNK {blockData=conID: 1 locID: 102665036031197610 bcsId: 1075} | ret=SUCCESS |  
2019-08-23 07:08:51,181 | INFO  | DNAudit | user=null | ip=null | op=PUT_BLOCK {blockData=[blockId=conID: 1 locID: 102665036031197610 bcsId: 0,size=3145728]} | ret=SUCCESS |  
2019-08-23 07:08:51,181 | INFO  | DNAudit | user=null | ip=null | op=PUT_BLOCK {blockData=[blockId=conID: 1 locID: 102665036031197610 bcsId: 0,size=3145728]} | ret=SUCCESS |  
2019-08-23 07:08:51,183 | INFO  | DNAudit | user=null | ip=null | op=WRITE_CHUNK {blockData=conID: 1 locID: 102665036031197610 bcsId: 1081} | ret=SUCCESS |  
2019-08-23 07:08:51,183 | INFO  | DNAudit | user=null | ip=null | op=PUT_BLOCK {blockData=[blockId=conID: 1 locID: 102665036031197610 bcsId: 0,size=4194304]} | ret=SUCCESS |  
2019-08-23 07:08:51,183 [grpc-default-executor-2] INFO  client.GrpcClientProtocolClient (GrpcClientProtocolClient.java:onNext(255)) - client-D91E5D1E15CE->f2ba01fc-a63e-4348-bd18-030b60a135e7: receive RaftClientReply:client-D91E5D1E15CE->f2ba01fc-a63e-4348-bd18-030b60a135e7@group-C8C62FEF0626, cid=830, SUCCESS, logIndex=1084, commits[f2ba01fc-a63e-4348-bd18-030b60a135e7:c1085, eab135d4-a257-4705-b491-6c056b8c5df7:c1081, a4f67574-9018-43e7-8a54-351e98dc3d0a:c1081]
2019-08-23 07:08:51,184 [grpc-default-executor-2] INFO  client.GrpcClientProtocolClient (GrpcClientProtocolClient.java:onNext(255)) - client-D91E5D1E15CE->f2ba01fc-a63e-4348-bd18-030b60a135e7: receive RaftClientReply:client-D91E5D1E15CE->f2ba01fc-a63e-4348-bd18-030b60a135e7@group-C8C62FEF0626, cid=831, SUCCESS, logIndex=1085, commits[f2ba01fc-a63e-4348-bd18-030b60a135e7:c1085, eab135d4-a257-4705-b491-6c056b8c5df7:c1081, a4f67574-9018-43e7-8a54-351e98dc3d0a:c1081]
2019-08-23 07:08:51,194 | INFO  | DNAudit | user=null | ip=null | op=WRITE_CHUNK {blockData=conID: 1 locID: 102665036031197610 bcsId: 1081} | ret=SUCCESS |  
2019-08-23 07:08:51,194 | INFO  | DNAudit | user=null | ip=null | op=WRITE_CHUNK {blockData=conID: 1 locID: 102665036031197610 bcsId: 1081} | ret=SUCCESS |  
2019-08-23 07:08:51,195 | INFO  | DNAudit | user=null | ip=null | op=PUT_BLOCK {blockData=[blockId=conID: 1 locID: 102665036031197610 bcsId: 0,size=4194304]} | ret=SUCCESS |  
2019-08-23 07:08:51,196 | INFO  | DNAudit | user=null | ip=null | op=PUT_BLOCK {blockData=[blockId=conID: 1 locID: 102665036031197610 bcsId: 0,size=4194304]} | ret=SUCCESS |  
2019-08-23 07:08:51,196 [grpc-default-executor-4] INFO  client.GrpcClientProtocolClient (GrpcClientProtocolClient.java:onNext(255)) - client-D91E5D1E15CE->f2ba01fc-a63e-4348-bd18-030b60a135e7: receive RaftClientReply:client-D91E5D1E15CE->f2ba01fc-a63e-4348-bd18-030b60a135e7@group-C8C62FEF0626, cid=832, SUCCESS, logIndex=0, commits[f2ba01fc-a63e-4348-bd18-030b60a135e7:c1087, eab135d4-a257-4705-b491-6c056b8c5df7:c1085, a4f67574-9018-43e7-8a54-351e98dc3d0a:c1085]
2019-08-23 07:08:51,203 | INFO  | DNAudit | user=null | ip=null | op=WRITE_CHUNK {blockData=conID: 2 locID: 102665036031197611 bcsId: 0} | ret=SUCCESS |  
2019-08-23 07:08:51,206 | INFO  | DNAudit | user=null | ip=null | op=WRITE_CHUNK {blockData=conID: 2 locID: 102665036031197611 bcsId: 0} | ret=SUCCESS |  
2019-08-23 07:08:51,206 | INFO  | DNAudit | user=null | ip=null | op=WRITE_CHUNK {blockData=conID: 2 locID: 102665036031197611 bcsId: 0} | ret=SUCCESS |  
2019-08-23 07:08:51,207 | INFO  | DNAudit | user=null | ip=null | op=WRITE_CHUNK {blockData=conID: 2 locID: 102665036031197611 bcsId: 0} | ret=SUCCESS |  
2019-08-23 07:08:51,209 | INFO  | DNAudit | user=null | ip=null | op=WRITE_CHUNK {blockData=conID: 2 locID: 102665036031197611 bcsId: 0} | ret=SUCCESS |  
2019-08-23 07:08:51,209 | INFO  | DNAudit | user=null | ip=null | op=WRITE_CHUNK {blockData=conID: 2 locID: 102665036031197611 bcsId: 0} | ret=SUCCESS |  
2019-08-23 07:08:51,216 | INFO  | DNAudit | user=null | ip=null | op=WRITE_CHUNK {blockData=conID: 2 locID: 102665036031197611 bcsId: 0} | ret=SUCCESS |  
2019-08-23 07:08:51,216 | INFO  | DNAudit | user=null | ip=null | op=PUT_BLOCK {blockData=[blockId=conID: 2 locID: 102665036031197611 bcsId: 0,size=1048576]} | ret=SUCCESS |  
2019-08-23 07:08:51,216 [grpc-default-executor-4] INFO  client.GrpcClientProtocolClient (GrpcClientProtocolClient.java:onNext(255)) - client-D91E5D1E15CE->f2ba01fc-a63e-4348-bd18-030b60a135e7: receive RaftClientReply:client-D91E5D1E15CE->f2ba01fc-a63e-4348-bd18-030b60a135e7@group-C8C62FEF0626, cid=833, SUCCESS, logIndex=1088, commits[f2ba01fc-a63e-4348-bd18-030b60a135e7:c1089, eab135d4-a257-4705-b491-6c056b8c5df7:c1087, a4f67574-9018-43e7-8a54-351e98dc3d0a:c1087]
2019-08-23 07:08:51,217 | INFO  | DNAudit | user=null | ip=null | op=WRITE_CHUNK {blockData=conID: 2 locID: 102665036031197611 bcsId: 0} | ret=SUCCESS |  
2019-08-23 07:08:51,217 | INFO  | DNAudit | user=null | ip=null | op=PUT_BLOCK {blockData=[blockId=conID: 2 locID: 102665036031197611 bcsId: 0,size=2097152]} | ret=SUCCESS |  
2019-08-23 07:08:51,217 [grpc-default-executor-2] INFO  client.GrpcClientProtocolClient (GrpcClientProtocolClient.java:onNext(255)) - client-D91E5D1E15CE->f2ba01fc-a63e-4348-bd18-030b60a135e7: receive RaftClientReply:client-D91E5D1E15CE->f2ba01fc-a63e-4348-bd18-030b60a135e7@group-C8C62FEF0626, cid=834, SUCCESS, logIndex=1089, commits[f2ba01fc-a63e-4348-bd18-030b60a135e7:c1089, eab135d4-a257-4705-b491-6c056b8c5df7:c1087, a4f67574-9018-43e7-8a54-351e98dc3d0a:c1087]
2019-08-23 07:08:51,217 | INFO  | DNAudit | user=null | ip=null | op=WRITE_CHUNK {blockData=conID: 2 locID: 102665036031197611 bcsId: 0} | ret=SUCCESS |  
2019-08-23 07:08:51,217 [grpc-default-executor-4] INFO  client.GrpcClientProtocolClient (GrpcClientProtocolClient.java:onNext(255)) - client-D91E5D1E15CE->f2ba01fc-a63e-4348-bd18-030b60a135e7: receive RaftClientReply:client-D91E5D1E15CE->f2ba01fc-a63e-4348-bd18-030b60a135e7@group-C8C62FEF0626, cid=835, SUCCESS, logIndex=1090, commits[f2ba01fc-a63e-4348-bd18-030b60a135e7:c1091, eab135d4-a257-4705-b491-6c056b8c5df7:c1087, a4f67574-9018-43e7-8a54-351e98dc3d0a:c1087]
2019-08-23 07:08:51,218 | INFO  | DNAudit | user=null | ip=null | op=PUT_BLOCK {blockData=[blockId=conID: 2 locID: 102665036031197611 bcsId: 0,size=1048576]} | ret=SUCCESS |  
2019-08-23 07:08:51,218 [grpc-default-executor-4] INFO  client.GrpcClientProtocolClient (GrpcClientProtocolClient.java:onNext(255)) - client-D91E5D1E15CE->f2ba01fc-a63e-4348-bd18-030b60a135e7: receive RaftClientReply:client-D91E5D1E15CE->f2ba01fc-a63e-4348-bd18-030b60a135e7@group-C8C62FEF0626, cid=836, SUCCESS, logIndex=1091, commits[f2ba01fc-a63e-4348-bd18-030b60a135e7:c1091, eab135d4-a257-4705-b491-6c056b8c5df7:c1087, a4f67574-9018-43e7-8a54-351e98dc3d0a:c1087]
2019-08-23 07:08:51,218 | INFO  | DNAudit | user=null | ip=null | op=WRITE_CHUNK {blockData=conID: 2 locID: 102665036031197611 bcsId: 0} | ret=SUCCESS |  
2019-08-23 07:08:51,218 | INFO  | DNAudit | user=null | ip=null | op=PUT_BLOCK {blockData=[blockId=conID: 2 locID: 102665036031197611 bcsId: 0,size=1048576]} | ret=SUCCESS |  
2019-08-23 07:08:51,218 | INFO  | DNAudit | user=null | ip=null | op=WRITE_CHUNK {blockData=conID: 2 locID: 102665036031197611 bcsId: 0} | ret=SUCCESS |  
2019-08-23 07:08:51,219 | INFO  | DNAudit | user=null | ip=null | op=PUT_BLOCK {blockData=[blockId=conID: 2 locID: 102665036031197611 bcsId: 0,size=2097152]} | ret=SUCCESS |  
2019-08-23 07:08:51,219 [grpc-default-executor-4] INFO  client.GrpcClientProtocolClient (GrpcClientProtocolClient.java:onNext(255)) - client-D91E5D1E15CE->f2ba01fc-a63e-4348-bd18-030b60a135e7: receive RaftClientReply:client-D91E5D1E15CE->f2ba01fc-a63e-4348-bd18-030b60a135e7@group-C8C62FEF0626, cid=837, SUCCESS, logIndex=0, commits[f2ba01fc-a63e-4348-bd18-030b60a135e7:c1093, eab135d4-a257-4705-b491-6c056b8c5df7:c1089, a4f67574-9018-43e7-8a54-351e98dc3d0a:c1089]
2019-08-23 07:08:51,219 | INFO  | DNAudit | user=null | ip=null | op=WRITE_CHUNK {blockData=conID: 2 locID: 102665036031197611 bcsId: 0} | ret=SUCCESS |  
2019-08-23 07:08:51,219 | INFO  | DNAudit | user=null | ip=null | op=PUT_BLOCK {blockData=[blockId=conID: 2 locID: 102665036031197611 bcsId: 0,size=2097152]} | ret=SUCCESS |  
2019-08-23 07:08:51,419 | INFO  | DNAudit | user=null | ip=null | op=WRITE_CHUNK {blockData=conID: 2 locID: 102665036031197611 bcsId: 1091} | ret=SUCCESS |  
2019-08-23 07:08:51,421 | INFO  | DNAudit | user=null | ip=null | op=WRITE_CHUNK {blockData=conID: 2 locID: 102665036031197611 bcsId: 1091} | ret=SUCCESS |  
2019-08-23 07:08:51,422 | INFO  | DNAudit | user=null | ip=null | op=WRITE_CHUNK {blockData=conID: 2 locID: 102665036031197611 bcsId: 1091} | ret=SUCCESS |  
2019-08-23 07:08:51,433 | INFO  | DNAudit | user=null | ip=null | op=WRITE_CHUNK {blockData=conID: 2 locID: 102665036031197611 bcsId: 1091} | ret=SUCCESS |  
2019-08-23 07:08:51,433 | INFO  | DNAudit | user=null | ip=null | op=PUT_BLOCK {blockData=[blockId=conID: 2 locID: 102665036031197611 bcsId: 0,size=3145728]} | ret=SUCCESS |  
2019-08-23 07:08:51,434 [grpc-default-executor-2] INFO  client.GrpcClientProtocolClient (GrpcClientProtocolClient.java:onNext(255)) - client-D91E5D1E15CE->f2ba01fc-a63e-4348-bd18-030b60a135e7: receive RaftClientReply:client-D91E5D1E15CE->f2ba01fc-a63e-4348-bd18-030b60a135e7@group-C8C62FEF0626, cid=838, SUCCESS, logIndex=1096, commits[f2ba01fc-a63e-4348-bd18-030b60a135e7:c1097, eab135d4-a257-4705-b491-6c056b8c5df7:c1095, a4f67574-9018-43e7-8a54-351e98dc3d0a:c1095]
2019-08-23 07:08:51,434 [grpc-default-executor-2] INFO  client.GrpcClientProtocolClient (GrpcClientProtocolClient.java:onNext(255)) - client-D91E5D1E15CE->f2ba01fc-a63e-4348-bd18-030b60a135e7: receive RaftClientReply:client-D91E5D1E15CE->f2ba01fc-a63e-4348-bd18-030b60a135e7@group-C8C62FEF0626, cid=839, SUCCESS, logIndex=1097, commits[f2ba01fc-a63e-4348-bd18-030b60a135e7:c1097, eab135d4-a257-4705-b491-6c056b8c5df7:c1095, a4f67574-9018-43e7-8a54-351e98dc3d0a:c1095]
2019-08-23 07:08:51,444 | INFO  | DNAudit | user=null | ip=null | op=WRITE_CHUNK {blockData=conID: 2 locID: 102665036031197611 bcsId: 1097} | ret=SUCCESS |  
2019-08-23 07:08:51,444 | INFO  | DNAudit | user=null | ip=null | op=WRITE_CHUNK {blockData=conID: 2 locID: 102665036031197611 bcsId: 1091} | ret=SUCCESS |  
2019-08-23 07:08:51,444 | INFO  | DNAudit | user=null | ip=null | op=WRITE_CHUNK {blockData=conID: 2 locID: 102665036031197611 bcsId: 1091} | ret=SUCCESS |  
2019-08-23 07:08:51,445 | INFO  | DNAudit | user=null | ip=null | op=PUT_BLOCK {blockData=[blockId=conID: 2 locID: 102665036031197611 bcsId: 0,size=3145728]} | ret=SUCCESS |  
2019-08-23 07:08:51,445 | INFO  | DNAudit | user=null | ip=null | op=PUT_BLOCK {blockData=[blockId=conID: 2 locID: 102665036031197611 bcsId: 0,size=3145728]} | ret=SUCCESS |  
2019-08-23 07:08:51,446 | INFO  | DNAudit | user=null | ip=null | op=WRITE_CHUNK {blockData=conID: 2 locID: 102665036031197611 bcsId: 1097} | ret=SUCCESS |  
2019-08-23 07:08:51,447 | INFO  | DNAudit | user=null | ip=null | op=WRITE_CHUNK {blockData=conID: 2 locID: 102665036031197611 bcsId: 1097} | ret=SUCCESS |  
2019-08-23 07:08:51,458 | INFO  | DNAudit | user=null | ip=null | op=WRITE_CHUNK {blockData=conID: 2 locID: 102665036031197611 bcsId: 1097} | ret=SUCCESS |  
2019-08-23 07:08:51,459 | INFO  | DNAudit | user=null | ip=null | op=PUT_BLOCK {blockData=[blockId=conID: 2 locID: 102665036031197611 bcsId: 0,size=4194304]} | ret=SUCCESS |  
2019-08-23 07:08:51,459 [grpc-default-executor-2] INFO  client.GrpcClientProtocolClient (GrpcClientProtocolClient.java:onNext(255)) - client-D91E5D1E15CE->f2ba01fc-a63e-4348-bd18-030b60a135e7: receive RaftClientReply:client-D91E5D1E15CE->f2ba01fc-a63e-4348-bd18-030b60a135e7@group-C8C62FEF0626, cid=840, SUCCESS, logIndex=1100, commits[f2ba01fc-a63e-4348-bd18-030b60a135e7:c1101, eab135d4-a257-4705-b491-6c056b8c5df7:c1097, a4f67574-9018-43e7-8a54-351e98dc3d0a:c1097]
2019-08-23 07:08:51,459 [grpc-default-executor-2] INFO  client.GrpcClientProtocolClient (GrpcClientProtocolClient.java:onNext(255)) - client-D91E5D1E15CE->f2ba01fc-a63e-4348-bd18-030b60a135e7: receive RaftClientReply:client-D91E5D1E15CE->f2ba01fc-a63e-4348-bd18-030b60a135e7@group-C8C62FEF0626, cid=841, SUCCESS, logIndex=1101, commits[f2ba01fc-a63e-4348-bd18-030b60a135e7:c1101, eab135d4-a257-4705-b491-6c056b8c5df7:c1097, a4f67574-9018-43e7-8a54-351e98dc3d0a:c1097]
2019-08-23 07:08:51,470 | INFO  | DNAudit | user=null | ip=null | op=WRITE_CHUNK {blockData=conID: 2 locID: 102665036031197611 bcsId: 1097} | ret=SUCCESS |  
2019-08-23 07:08:51,470 | INFO  | DNAudit | user=null | ip=null | op=WRITE_CHUNK {blockData=conID: 2 locID: 102665036031197611 bcsId: 1097} | ret=SUCCESS |  
2019-08-23 07:08:51,470 | INFO  | DNAudit | user=null | ip=null | op=PUT_BLOCK {blockData=[blockId=conID: 2 locID: 102665036031197611 bcsId: 0,size=4194304]} | ret=SUCCESS |  
2019-08-23 07:08:51,470 | INFO  | DNAudit | user=null | ip=null | op=PUT_BLOCK {blockData=[blockId=conID: 2 locID: 102665036031197611 bcsId: 0,size=4194304]} | ret=SUCCESS |  
2019-08-23 07:08:51,470 [grpc-default-executor-4] INFO  client.GrpcClientProtocolClient (GrpcClientProtocolClient.java:onNext(255)) - client-D91E5D1E15CE->f2ba01fc-a63e-4348-bd18-030b60a135e7: receive RaftClientReply:client-D91E5D1E15CE->f2ba01fc-a63e-4348-bd18-030b60a135e7@group-C8C62FEF0626, cid=842, SUCCESS, logIndex=0, commits[f2ba01fc-a63e-4348-bd18-030b60a135e7:c1102, eab135d4-a257-4705-b491-6c056b8c5df7:c1101, a4f67574-9018-43e7-8a54-351e98dc3d0a:c1101]
2019-08-23 07:08:51,478 | INFO  | DNAudit | user=null | ip=null | op=WRITE_CHUNK {blockData=conID: 3 locID: 102665036031197612 bcsId: 0} | ret=SUCCESS |  
2019-08-23 07:08:51,480 | INFO  | DNAudit | user=null | ip=null | op=WRITE_CHUNK {blockData=conID: 3 locID: 102665036031197612 bcsId: 0} | ret=SUCCESS |  
2019-08-23 07:08:51,480 | INFO  | DNAudit | user=null | ip=null | op=WRITE_CHUNK {blockData=conID: 3 locID: 102665036031197612 bcsId: 0} | ret=SUCCESS |  
2019-08-23 07:08:51,480 | INFO  | DNAudit | user=null | ip=null | op=WRITE_CHUNK {blockData=conID: 3 locID: 102665036031197612 bcsId: 0} | ret=SUCCESS |  
2019-08-23 07:08:51,482 | INFO  | DNAudit | user=null | ip=null | op=WRITE_CHUNK {blockData=conID: 3 locID: 102665036031197612 bcsId: 0} | ret=SUCCESS |  
2019-08-23 07:08:51,483 | INFO  | DNAudit | user=null | ip=null | op=WRITE_CHUNK {blockData=conID: 3 locID: 102665036031197612 bcsId: 0} | ret=SUCCESS |  
2019-08-23 07:08:51,490 | INFO  | DNAudit | user=null | ip=null | op=WRITE_CHUNK {blockData=conID: 3 locID: 102665036031197612 bcsId: 0} | ret=SUCCESS |  
2019-08-23 07:08:51,491 | INFO  | DNAudit | user=null | ip=null | op=PUT_BLOCK {blockData=[blockId=conID: 3 locID: 102665036031197612 bcsId: 0,size=1048576]} | ret=SUCCESS |  
2019-08-23 07:08:51,491 [grpc-default-executor-3] INFO  client.GrpcClientProtocolClient (GrpcClientProtocolClient.java:onNext(255)) - client-D91E5D1E15CE->f2ba01fc-a63e-4348-bd18-030b60a135e7: receive RaftClientReply:client-D91E5D1E15CE->f2ba01fc-a63e-4348-bd18-030b60a135e7@group-C8C62FEF0626, cid=843, SUCCESS, logIndex=1104, commits[f2ba01fc-a63e-4348-bd18-030b60a135e7:c1105, eab135d4-a257-4705-b491-6c056b8c5df7:c1103, a4f67574-9018-43e7-8a54-351e98dc3d0a:c1103]
2019-08-23 07:08:51,492 [grpc-default-executor-3] INFO  client.GrpcClientProtocolClient (GrpcClientProtocolClient.java:onNext(255)) - client-D91E5D1E15CE->f2ba01fc-a63e-4348-bd18-030b60a135e7: receive RaftClientReply:client-D91E5D1E15CE->f2ba01fc-a63e-4348-bd18-030b60a135e7@group-C8C62FEF0626, cid=844, SUCCESS, logIndex=1105, commits[f2ba01fc-a63e-4348-bd18-030b60a135e7:c1105, eab135d4-a257-4705-b491-6c056b8c5df7:c1103, a4f67574-9018-43e7-8a54-351e98dc3d0a:c1103]
2019-08-23 07:08:51,501 | INFO  | DNAudit | user=null | ip=null | op=WRITE_CHUNK {blockData=conID: 3 locID: 102665036031197612 bcsId: 0} | ret=SUCCESS |  
2019-08-23 07:08:51,502 | INFO  | DNAudit | user=null | ip=null | op=PUT_BLOCK {blockData=[blockId=conID: 3 locID: 102665036031197612 bcsId: 0,size=2097152]} | ret=SUCCESS |  
2019-08-23 07:08:51,502 | INFO  | DNAudit | user=null | ip=null | op=WRITE_CHUNK {blockData=conID: 3 locID: 102665036031197612 bcsId: 0} | ret=SUCCESS |  
2019-08-23 07:08:51,502 [grpc-default-executor-3] INFO  client.GrpcClientProtocolClient (GrpcClientProtocolClient.java:onNext(255)) - client-D91E5D1E15CE->f2ba01fc-a63e-4348-bd18-030b60a135e7: receive RaftClientReply:client-D91E5D1E15CE->f2ba01fc-a63e-4348-bd18-030b60a135e7@group-C8C62FEF0626, cid=845, SUCCESS, logIndex=1106, commits[f2ba01fc-a63e-4348-bd18-030b60a135e7:c1107, eab135d4-a257-4705-b491-6c056b8c5df7:c1103, a4f67574-9018-43e7-8a54-351e98dc3d0a:c1103]
2019-08-23 07:08:51,502 | INFO  | DNAudit | user=null | ip=null | op=PUT_BLOCK {blockData=[blockId=conID: 3 locID: 102665036031197612 bcsId: 0,size=1048576]} | ret=SUCCESS |  
2019-08-23 07:08:51,503 [grpc-default-executor-6] INFO  client.GrpcClientProtocolClient (GrpcClientProtocolClient.java:onNext(255)) - client-D91E5D1E15CE->f2ba01fc-a63e-4348-bd18-030b60a135e7: receive RaftClientReply:client-D91E5D1E15CE->f2ba01fc-a63e-4348-bd18-030b60a135e7@group-C8C62FEF0626, cid=846, SUCCESS, logIndex=1107, commits[f2ba01fc-a63e-4348-bd18-030b60a135e7:c1107, eab135d4-a257-4705-b491-6c056b8c5df7:c1103, a4f67574-9018-43e7-8a54-351e98dc3d0a:c1103]
2019-08-23 07:08:51,503 | INFO  | DNAudit | user=null | ip=null | op=WRITE_CHUNK {blockData=conID: 3 locID: 102665036031197612 bcsId: 0} | ret=SUCCESS |  
2019-08-23 07:08:51,503 | INFO  | DNAudit | user=null | ip=null | op=PUT_BLOCK {blockData=[blockId=conID: 3 locID: 102665036031197612 bcsId: 0,size=1048576]} | ret=SUCCESS |  
2019-08-23 07:08:51,503 | INFO  | SCMAudit | user=jenkins1000 | ip=192.168.5.178 | op=SEND_HEARTBEAT {datanodeUUID=eab135d4-a257-4705-b491-6c056b8c5df7, command=[]} | ret=SUCCESS |  
2019-08-23 07:08:51,503 | INFO  | DNAudit | user=null | ip=null | op=WRITE_CHUNK {blockData=conID: 3 locID: 102665036031197612 bcsId: 0} | ret=SUCCESS |  
2019-08-23 07:08:51,504 | INFO  | DNAudit | user=null | ip=null | op=PUT_BLOCK {blockData=[blockId=conID: 3 locID: 102665036031197612 bcsId: 0,size=2097152]} | ret=SUCCESS |  
2019-08-23 07:08:51,504 [grpc-default-executor-3] INFO  client.GrpcClientProtocolClient (GrpcClientProtocolClient.java:onNext(255)) - client-D91E5D1E15CE->f2ba01fc-a63e-4348-bd18-030b60a135e7: receive RaftClientReply:client-D91E5D1E15CE->f2ba01fc-a63e-4348-bd18-030b60a135e7@group-C8C62FEF0626, cid=847, SUCCESS, logIndex=0, commits[f2ba01fc-a63e-4348-bd18-030b60a135e7:c1109, eab135d4-a257-4705-b491-6c056b8c5df7:c1105, a4f67574-9018-43e7-8a54-351e98dc3d0a:c1105]
2019-08-23 07:08:51,504 | INFO  | SCMAudit | user=jenkins1000 | ip=192.168.5.178 | op=SEND_HEARTBEAT {datanodeUUID=f2ba01fc-a63e-4348-bd18-030b60a135e7, command=[]} | ret=SUCCESS |  
2019-08-23 07:08:51,504 | INFO  | DNAudit | user=null | ip=null | op=WRITE_CHUNK {blockData=conID: 3 locID: 102665036031197612 bcsId: 0} | ret=SUCCESS |  
2019-08-23 07:08:51,504 | INFO  | SCMAudit | user=jenkins1000 | ip=192.168.5.178 | op=SEND_HEARTBEAT {datanodeUUID=a4f67574-9018-43e7-8a54-351e98dc3d0a, command=[]} | ret=SUCCESS |  
2019-08-23 07:08:51,504 | INFO  | DNAudit | user=null | ip=null | op=PUT_BLOCK {blockData=[blockId=conID: 3 locID: 102665036031197612 bcsId: 0,size=2097152]} | ret=SUCCESS |  
2019-08-23 07:08:51,510 | INFO  | DNAudit | user=null | ip=null | op=WRITE_CHUNK {blockData=conID: 3 locID: 102665036031197612 bcsId: 1107} | ret=SUCCESS |  
2019-08-23 07:08:51,512 | INFO  | DNAudit | user=null | ip=null | op=WRITE_CHUNK {blockData=conID: 3 locID: 102665036031197612 bcsId: 1107} | ret=SUCCESS |  
2019-08-23 07:08:51,513 | INFO  | DNAudit | user=null | ip=null | op=WRITE_CHUNK {blockData=conID: 3 locID: 102665036031197612 bcsId: 1107} | ret=SUCCESS |  
2019-08-23 07:08:51,522 | INFO  | DNAudit | user=null | ip=null | op=WRITE_CHUNK {blockData=conID: 3 locID: 102665036031197612 bcsId: 1107} | ret=SUCCESS |  
2019-08-23 07:08:51,523 | INFO  | DNAudit | user=null | ip=null | op=PUT_BLOCK {blockData=[blockId=conID: 3 locID: 102665036031197612 bcsId: 0,size=3145728]} | ret=SUCCESS |  
2019-08-23 07:08:51,523 [grpc-default-executor-3] INFO  client.GrpcClientProtocolClient (GrpcClientProtocolClient.java:onNext(255)) - client-D91E5D1E15CE->f2ba01fc-a63e-4348-bd18-030b60a135e7: receive RaftClientReply:client-D91E5D1E15CE->f2ba01fc-a63e-4348-bd18-030b60a135e7@group-C8C62FEF0626, cid=848, SUCCESS, logIndex=1112, commits[f2ba01fc-a63e-4348-bd18-030b60a135e7:c1113, eab135d4-a257-4705-b491-6c056b8c5df7:c1111, a4f67574-9018-43e7-8a54-351e98dc3d0a:c1111]
2019-08-23 07:08:51,523 [grpc-default-executor-3] INFO  client.GrpcClientProtocolClient (GrpcClientProtocolClient.java:onNext(255)) - client-D91E5D1E15CE->f2ba01fc-a63e-4348-bd18-030b60a135e7: receive RaftClientReply:client-D91E5D1E15CE->f2ba01fc-a63e-4348-bd18-030b60a135e7@group-C8C62FEF0626, cid=849, SUCCESS, logIndex=1113, commits[f2ba01fc-a63e-4348-bd18-030b60a135e7:c1113, eab135d4-a257-4705-b491-6c056b8c5df7:c1111, a4f67574-9018-43e7-8a54-351e98dc3d0a:c1111]
2019-08-23 07:08:51,529 | INFO  | DNAudit | user=null | ip=null | op=WRITE_CHUNK {blockData=conID: 3 locID: 102665036031197612 bcsId: 1113} | ret=SUCCESS |  
2019-08-23 07:08:51,532 | INFO  | DNAudit | user=null | ip=null | op=WRITE_CHUNK {blockData=conID: 3 locID: 102665036031197612 bcsId: 1113} | ret=SUCCESS |  
2019-08-23 07:08:51,532 | INFO  | DNAudit | user=null | ip=null | op=WRITE_CHUNK {blockData=conID: 3 locID: 102665036031197612 bcsId: 1113} | ret=SUCCESS |  
2019-08-23 07:08:51,534 | INFO  | DNAudit | user=null | ip=null | op=WRITE_CHUNK {blockData=conID: 3 locID: 102665036031197612 bcsId: 1107} | ret=SUCCESS |  
2019-08-23 07:08:51,534 | INFO  | DNAudit | user=null | ip=null | op=WRITE_CHUNK {blockData=conID: 3 locID: 102665036031197612 bcsId: 1107} | ret=SUCCESS |  
2019-08-23 07:08:51,535 | INFO  | DNAudit | user=null | ip=null | op=PUT_BLOCK {blockData=[blockId=conID: 3 locID: 102665036031197612 bcsId: 0,size=3145728]} | ret=SUCCESS |  
2019-08-23 07:08:51,535 | INFO  | DNAudit | user=null | ip=null | op=PUT_BLOCK {blockData=[blockId=conID: 3 locID: 102665036031197612 bcsId: 0,size=3145728]} | ret=SUCCESS |  
2019-08-23 07:08:51,536 | INFO  | DNAudit | user=null | ip=null | op=WRITE_CHUNK {blockData=conID: 3 locID: 102665036031197612 bcsId: 1113} | ret=SUCCESS |  
2019-08-23 07:08:51,536 | INFO  | DNAudit | user=null | ip=null | op=PUT_BLOCK {blockData=[blockId=conID: 3 locID: 102665036031197612 bcsId: 0,size=4194304]} | ret=SUCCESS |  
2019-08-23 07:08:51,536 [grpc-default-executor-4] INFO  client.GrpcClientProtocolClient (GrpcClientProtocolClient.java:onNext(255)) - client-D91E5D1E15CE->f2ba01fc-a63e-4348-bd18-030b60a135e7: receive RaftClientReply:client-D91E5D1E15CE->f2ba01fc-a63e-4348-bd18-030b60a135e7@group-C8C62FEF0626, cid=850, SUCCESS, logIndex=1116, commits[f2ba01fc-a63e-4348-bd18-030b60a135e7:c1117, eab135d4-a257-4705-b491-6c056b8c5df7:c1113, a4f67574-9018-43e7-8a54-351e98dc3d0a:c1113]
2019-08-23 07:08:51,537 [grpc-default-executor-4] INFO  client.GrpcClientProtocolClient (GrpcClientProtocolClient.java:onNext(255)) - client-D91E5D1E15CE->f2ba01fc-a63e-4348-bd18-030b60a135e7: receive RaftClientReply:client-D91E5D1E15CE->f2ba01fc-a63e-4348-bd18-030b60a135e7@group-C8C62FEF0626, cid=851, SUCCESS, logIndex=1117, commits[f2ba01fc-a63e-4348-bd18-030b60a135e7:c1117, eab135d4-a257-4705-b491-6c056b8c5df7:c1113, a4f67574-9018-43e7-8a54-351e98dc3d0a:c1113]
2019-08-23 07:08:51,547 | INFO  | DNAudit | user=null | ip=null | op=WRITE_CHUNK {blockData=conID: 3 locID: 102665036031197612 bcsId: 1113} | ret=SUCCESS |  
2019-08-23 07:08:51,547 | INFO  | DNAudit | user=null | ip=null | op=WRITE_CHUNK {blockData=conID: 3 locID: 102665036031197612 bcsId: 1113} | ret=SUCCESS |  
2019-08-23 07:08:51,548 | INFO  | DNAudit | user=null | ip=null | op=PUT_BLOCK {blockData=[blockId=conID: 3 locID: 102665036031197612 bcsId: 0,size=4194304]} | ret=SUCCESS |  
2019-08-23 07:08:51,549 | INFO  | DNAudit | user=null | ip=null | op=PUT_BLOCK {blockData=[blockId=conID: 3 locID: 102665036031197612 bcsId: 0,size=4194304]} | ret=SUCCESS |  
2019-08-23 07:08:51,549 [grpc-default-executor-3] INFO  client.GrpcClientProtocolClient (GrpcClientProtocolClient.java:onNext(255)) - client-D91E5D1E15CE->f2ba01fc-a63e-4348-bd18-030b60a135e7: receive RaftClientReply:client-D91E5D1E15CE->f2ba01fc-a63e-4348-bd18-030b60a135e7@group-C8C62FEF0626, cid=852, SUCCESS, logIndex=0, commits[f2ba01fc-a63e-4348-bd18-030b60a135e7:c1119, eab135d4-a257-4705-b491-6c056b8c5df7:c1117, a4f67574-9018-43e7-8a54-351e98dc3d0a:c1117]
2019-08-23 07:08:51,556 | INFO  | DNAudit | user=null | ip=null | op=WRITE_CHUNK {blockData=conID: 1 locID: 102665036031197613 bcsId: 0} | ret=SUCCESS |  
2019-08-23 07:08:51,559 | INFO  | DNAudit | user=null | ip=null | op=WRITE_CHUNK {blockData=conID: 1 locID: 102665036031197613 bcsId: 0} | ret=SUCCESS |  
2019-08-23 07:08:51,559 | INFO  | DNAudit | user=null | ip=null | op=WRITE_CHUNK {blockData=conID: 1 locID: 102665036031197613 bcsId: 0} | ret=SUCCESS |  
2019-08-23 07:08:51,559 | INFO  | DNAudit | user=null | ip=null | op=WRITE_CHUNK {blockData=conID: 1 locID: 102665036031197613 bcsId: 0} | ret=SUCCESS |  
2019-08-23 07:08:51,561 | INFO  | DNAudit | user=null | ip=null | op=WRITE_CHUNK {blockData=conID: 1 locID: 102665036031197613 bcsId: 0} | ret=SUCCESS |  
2019-08-23 07:08:51,561 | INFO  | DNAudit | user=null | ip=null | op=WRITE_CHUNK {blockData=conID: 1 locID: 102665036031197613 bcsId: 0} | ret=SUCCESS |  
2019-08-23 07:08:51,569 | INFO  | DNAudit | user=null | ip=null | op=WRITE_CHUNK {blockData=conID: 1 locID: 102665036031197613 bcsId: 0} | ret=SUCCESS |  
2019-08-23 07:08:51,569 | INFO  | DNAudit | user=null | ip=null | op=PUT_BLOCK {blockData=[blockId=conID: 1 locID: 102665036031197613 bcsId: 0,size=1048576]} | ret=SUCCESS |  
2019-08-23 07:08:51,569 [grpc-default-executor-3] INFO  client.GrpcClientProtocolClient (GrpcClientProtocolClient.java:onNext(255)) - client-D91E5D1E15CE->f2ba01fc-a63e-4348-bd18-030b60a135e7: receive RaftClientReply:client-D91E5D1E15CE->f2ba01fc-a63e-4348-bd18-030b60a135e7@group-C8C62FEF0626, cid=853, SUCCESS, logIndex=1120, commits[f2ba01fc-a63e-4348-bd18-030b60a135e7:c1121, eab135d4-a257-4705-b491-6c056b8c5df7:c1119, a4f67574-9018-43e7-8a54-351e98dc3d0a:c1119]
2019-08-23 07:08:51,570 | INFO  | DNAudit | user=null | ip=null | op=WRITE_CHUNK {blockData=conID: 1 locID: 102665036031197613 bcsId: 0} | ret=SUCCESS |  
2019-08-23 07:08:51,570 [grpc-default-executor-2] INFO  client.GrpcClientProtocolClient (GrpcClientProtocolClient.java:onNext(255)) - client-D91E5D1E15CE->f2ba01fc-a63e-4348-bd18-030b60a135e7: receive RaftClientReply:client-D91E5D1E15CE->f2ba01fc-a63e-4348-bd18-030b60a135e7@group-C8C62FEF0626, cid=854, SUCCESS, logIndex=1121, commits[f2ba01fc-a63e-4348-bd18-030b60a135e7:c1121, eab135d4-a257-4705-b491-6c056b8c5df7:c1119, a4f67574-9018-43e7-8a54-351e98dc3d0a:c1119]
2019-08-23 07:08:51,570 | INFO  | DNAudit | user=null | ip=null | op=PUT_BLOCK {blockData=[blockId=conID: 1 locID: 102665036031197613 bcsId: 0,size=2097152]} | ret=SUCCESS |  
2019-08-23 07:08:51,571 | INFO  | DNAudit | user=null | ip=null | op=WRITE_CHUNK {blockData=conID: 1 locID: 102665036031197613 bcsId: 0} | ret=SUCCESS |  
2019-08-23 07:08:51,571 | INFO  | DNAudit | user=null | ip=null | op=WRITE_CHUNK {blockData=conID: 1 locID: 102665036031197613 bcsId: 0} | ret=SUCCESS |  
2019-08-23 07:08:51,571 | INFO  | DNAudit | user=null | ip=null | op=PUT_BLOCK {blockData=[blockId=conID: 1 locID: 102665036031197613 bcsId: 0,size=1048576]} | ret=SUCCESS |  
2019-08-23 07:08:51,571 [grpc-default-executor-4] INFO  client.GrpcClientProtocolClient (GrpcClientProtocolClient.java:onNext(255)) - client-D91E5D1E15CE->f2ba01fc-a63e-4348-bd18-030b60a135e7: receive RaftClientReply:client-D91E5D1E15CE->f2ba01fc-a63e-4348-bd18-030b60a135e7@group-C8C62FEF0626, cid=855, SUCCESS, logIndex=1122, commits[f2ba01fc-a63e-4348-bd18-030b60a135e7:c1122, eab135d4-a257-4705-b491-6c056b8c5df7:c1119, a4f67574-9018-43e7-8a54-351e98dc3d0a:c1119]
2019-08-23 07:08:51,571 | INFO  | DNAudit | user=null | ip=null | op=PUT_BLOCK {blockData=[blockId=conID: 1 locID: 102665036031197613 bcsId: 0,size=1048576]} | ret=SUCCESS |  
2019-08-23 07:08:51,571 [grpc-default-executor-4] INFO  client.GrpcClientProtocolClient (GrpcClientProtocolClient.java:onNext(255)) - client-D91E5D1E15CE->f2ba01fc-a63e-4348-bd18-030b60a135e7: receive RaftClientReply:client-D91E5D1E15CE->f2ba01fc-a63e-4348-bd18-030b60a135e7@group-C8C62FEF0626, cid=856, SUCCESS, logIndex=1123, commits[f2ba01fc-a63e-4348-bd18-030b60a135e7:c1123, eab135d4-a257-4705-b491-6c056b8c5df7:c1119, a4f67574-9018-43e7-8a54-351e98dc3d0a:c1119]
2019-08-23 07:08:51,572 | INFO  | DNAudit | user=null | ip=null | op=WRITE_CHUNK {blockData=conID: 1 locID: 102665036031197613 bcsId: 0} | ret=SUCCESS |  
2019-08-23 07:08:51,573 | INFO  | DNAudit | user=null | ip=null | op=PUT_BLOCK {blockData=[blockId=conID: 1 locID: 102665036031197613 bcsId: 0,size=2097152]} | ret=SUCCESS |  
2019-08-23 07:08:51,573 | INFO  | DNAudit | user=null | ip=null | op=WRITE_CHUNK {blockData=conID: 1 locID: 102665036031197613 bcsId: 0} | ret=SUCCESS |  
2019-08-23 07:08:51,573 [grpc-default-executor-4] INFO  client.GrpcClientProtocolClient (GrpcClientProtocolClient.java:onNext(255)) - client-D91E5D1E15CE->f2ba01fc-a63e-4348-bd18-030b60a135e7: receive RaftClientReply:client-D91E5D1E15CE->f2ba01fc-a63e-4348-bd18-030b60a135e7@group-C8C62FEF0626, cid=857, SUCCESS, logIndex=0, commits[f2ba01fc-a63e-4348-bd18-030b60a135e7:c1125, eab135d4-a257-4705-b491-6c056b8c5df7:c1121, a4f67574-9018-43e7-8a54-351e98dc3d0a:c1121]
2019-08-23 07:08:51,573 | INFO  | DNAudit | user=null | ip=null | op=PUT_BLOCK {blockData=[blockId=conID: 1 locID: 102665036031197613 bcsId: 0,size=2097152]} | ret=SUCCESS |  
2019-08-23 07:08:51,579 | INFO  | DNAudit | user=null | ip=null | op=WRITE_CHUNK {blockData=conID: 1 locID: 102665036031197613 bcsId: 1123} | ret=SUCCESS |  
2019-08-23 07:08:51,581 | INFO  | DNAudit | user=null | ip=null | op=WRITE_CHUNK {blockData=conID: 1 locID: 102665036031197613 bcsId: 1123} | ret=SUCCESS |  
2019-08-23 07:08:51,581 | INFO  | DNAudit | user=null | ip=null | op=WRITE_CHUNK {blockData=conID: 1 locID: 102665036031197613 bcsId: 1123} | ret=SUCCESS |  
2019-08-23 07:08:51,584 | INFO  | DNAudit | user=null | ip=null | op=WRITE_CHUNK {blockData=conID: 1 locID: 102665036031197613 bcsId: 1123} | ret=SUCCESS |  
2019-08-23 07:08:51,584 | INFO  | DNAudit | user=null | ip=null | op=PUT_BLOCK {blockData=[blockId=conID: 1 locID: 102665036031197613 bcsId: 0,size=3145728]} | ret=SUCCESS |  
2019-08-23 07:08:51,585 [grpc-default-executor-3] INFO  client.GrpcClientProtocolClient (GrpcClientProtocolClient.java:onNext(255)) - client-D91E5D1E15CE->f2ba01fc-a63e-4348-bd18-030b60a135e7: receive RaftClientReply:client-D91E5D1E15CE->f2ba01fc-a63e-4348-bd18-030b60a135e7@group-C8C62FEF0626, cid=858, SUCCESS, logIndex=1128, commits[f2ba01fc-a63e-4348-bd18-030b60a135e7:c1129, eab135d4-a257-4705-b491-6c056b8c5df7:c1127, a4f67574-9018-43e7-8a54-351e98dc3d0a:c1127]
2019-08-23 07:08:51,585 [grpc-default-executor-3] INFO  client.GrpcClientProtocolClient (GrpcClientProtocolClient.java:onNext(255)) - client-D91E5D1E15CE->f2ba01fc-a63e-4348-bd18-030b60a135e7: receive RaftClientReply:client-D91E5D1E15CE->f2ba01fc-a63e-4348-bd18-030b60a135e7@group-C8C62FEF0626, cid=859, SUCCESS, logIndex=1129, commits[f2ba01fc-a63e-4348-bd18-030b60a135e7:c1129, eab135d4-a257-4705-b491-6c056b8c5df7:c1127, a4f67574-9018-43e7-8a54-351e98dc3d0a:c1127]
2019-08-23 07:08:51,585 | INFO  | DNAudit | user=null | ip=null | op=WRITE_CHUNK {blockData=conID: 1 locID: 102665036031197613 bcsId: 1123} | ret=SUCCESS |  
2019-08-23 07:08:51,586 | INFO  | DNAudit | user=null | ip=null | op=PUT_BLOCK {blockData=[blockId=conID: 1 locID: 102665036031197613 bcsId: 0,size=3145728]} | ret=SUCCESS |  
2019-08-23 07:08:51,586 | INFO  | DNAudit | user=null | ip=null | op=WRITE_CHUNK {blockData=conID: 1 locID: 102665036031197613 bcsId: 1123} | ret=SUCCESS |  
2019-08-23 07:08:51,587 | INFO  | DNAudit | user=null | ip=null | op=PUT_BLOCK {blockData=[blockId=conID: 1 locID: 102665036031197613 bcsId: 0,size=3145728]} | ret=SUCCESS |  
2019-08-23 07:08:51,592 | INFO  | DNAudit | user=null | ip=null | op=WRITE_CHUNK {blockData=conID: 1 locID: 102665036031197613 bcsId: 1129} | ret=SUCCESS |  
2019-08-23 07:08:51,594 | INFO  | DNAudit | user=null | ip=null | op=WRITE_CHUNK {blockData=conID: 1 locID: 102665036031197613 bcsId: 1129} | ret=SUCCESS |  
2019-08-23 07:08:51,594 | INFO  | DNAudit | user=null | ip=null | op=WRITE_CHUNK {blockData=conID: 1 locID: 102665036031197613 bcsId: 1129} | ret=SUCCESS |  
2019-08-23 07:08:51,595 | INFO  | DNAudit | user=null | ip=null | op=WRITE_CHUNK {blockData=conID: 1 locID: 102665036031197613 bcsId: 1129} | ret=SUCCESS |  
2019-08-23 07:08:51,596 | INFO  | DNAudit | user=null | ip=null | op=PUT_BLOCK {blockData=[blockId=conID: 1 locID: 102665036031197613 bcsId: 0,size=4194304]} | ret=SUCCESS |  
2019-08-23 07:08:51,596 [grpc-default-executor-6] INFO  client.GrpcClientProtocolClient (GrpcClientProtocolClient.java:onNext(255)) - client-D91E5D1E15CE->f2ba01fc-a63e-4348-bd18-030b60a135e7: receive RaftClientReply:client-D91E5D1E15CE->f2ba01fc-a63e-4348-bd18-030b60a135e7@group-C8C62FEF0626, cid=860, SUCCESS, logIndex=1132, commits[f2ba01fc-a63e-4348-bd18-030b60a135e7:c1133, eab135d4-a257-4705-b491-6c056b8c5df7:c1129, a4f67574-9018-43e7-8a54-351e98dc3d0a:c1131]
2019-08-23 07:08:51,596 [grpc-default-executor-6] INFO  client.GrpcClientProtocolClient (GrpcClientProtocolClient.java:onNext(255)) - client-D91E5D1E15CE->f2ba01fc-a63e-4348-bd18-030b60a135e7: receive RaftClientReply:client-D91E5D1E15CE->f2ba01fc-a63e-4348-bd18-030b60a135e7@group-C8C62FEF0626, cid=861, SUCCESS, logIndex=1133, commits[f2ba01fc-a63e-4348-bd18-030b60a135e7:c1133, eab135d4-a257-4705-b491-6c056b8c5df7:c1131, a4f67574-9018-43e7-8a54-351e98dc3d0a:c1131]
2019-08-23 07:08:51,597 | INFO  | DNAudit | user=null | ip=null | op=WRITE_CHUNK {blockData=conID: 1 locID: 102665036031197613 bcsId: 1129} | ret=SUCCESS |  
2019-08-23 07:08:51,597 | INFO  | DNAudit | user=null | ip=null | op=WRITE_CHUNK {blockData=conID: 1 locID: 102665036031197613 bcsId: 1129} | ret=SUCCESS |  
2019-08-23 07:08:51,597 | INFO  | DNAudit | user=null | ip=null | op=PUT_BLOCK {blockData=[blockId=conID: 1 locID: 102665036031197613 bcsId: 0,size=4194304]} | ret=SUCCESS |  
2019-08-23 07:08:51,597 | INFO  | DNAudit | user=null | ip=null | op=PUT_BLOCK {blockData=[blockId=conID: 1 locID: 102665036031197613 bcsId: 0,size=4194304]} | ret=SUCCESS |  
2019-08-23 07:08:51,598 [grpc-default-executor-6] INFO  client.GrpcClientProtocolClient (GrpcClientProtocolClient.java:onNext(255)) - client-D91E5D1E15CE->f2ba01fc-a63e-4348-bd18-030b60a135e7: receive RaftClientReply:client-D91E5D1E15CE->f2ba01fc-a63e-4348-bd18-030b60a135e7@group-C8C62FEF0626, cid=862, SUCCESS, logIndex=0, commits[f2ba01fc-a63e-4348-bd18-030b60a135e7:c1134, eab135d4-a257-4705-b491-6c056b8c5df7:c1133, a4f67574-9018-43e7-8a54-351e98dc3d0a:c1133]
2019-08-23 07:08:51,604 | INFO  | DNAudit | user=null | ip=null | op=WRITE_CHUNK {blockData=conID: 2 locID: 102665036031263150 bcsId: 0} | ret=SUCCESS |  
2019-08-23 07:08:51,606 | INFO  | DNAudit | user=null | ip=null | op=WRITE_CHUNK {blockData=conID: 2 locID: 102665036031263150 bcsId: 0} | ret=SUCCESS |  
2019-08-23 07:08:51,606 | INFO  | DNAudit | user=null | ip=null | op=WRITE_CHUNK {blockData=conID: 2 locID: 102665036031263150 bcsId: 0} | ret=SUCCESS |  
2019-08-23 07:08:51,606 | INFO  | DNAudit | user=null | ip=null | op=WRITE_CHUNK {blockData=conID: 2 locID: 102665036031263150 bcsId: 0} | ret=SUCCESS |  
2019-08-23 07:08:51,608 | INFO  | DNAudit | user=null | ip=null | op=WRITE_CHUNK {blockData=conID: 2 locID: 102665036031263150 bcsId: 0} | ret=SUCCESS |  
2019-08-23 07:08:51,608 | INFO  | DNAudit | user=null | ip=null | op=WRITE_CHUNK {blockData=conID: 2 locID: 102665036031263150 bcsId: 0} | ret=SUCCESS |  
2019-08-23 07:08:51,628 | INFO  | DNAudit | user=null | ip=null | op=WRITE_CHUNK {blockData=conID: 2 locID: 102665036031263150 bcsId: 0} | ret=SUCCESS |  
2019-08-23 07:08:51,629 | INFO  | DNAudit | user=null | ip=null | op=PUT_BLOCK {blockData=[blockId=conID: 2 locID: 102665036031263150 bcsId: 0,size=1048576]} | ret=SUCCESS |  
2019-08-23 07:08:51,629 | INFO  | DNAudit | user=null | ip=null | op=WRITE_CHUNK {blockData=conID: 2 locID: 102665036031263150 bcsId: 0} | ret=SUCCESS |  
2019-08-23 07:08:51,629 [grpc-default-executor-3] INFO  client.GrpcClientProtocolClient (GrpcClientProtocolClient.java:onNext(255)) - client-D91E5D1E15CE->f2ba01fc-a63e-4348-bd18-030b60a135e7: receive RaftClientReply:client-D91E5D1E15CE->f2ba01fc-a63e-4348-bd18-030b60a135e7@group-C8C62FEF0626, cid=863, SUCCESS, logIndex=1136, commits[f2ba01fc-a63e-4348-bd18-030b60a135e7:c1137, eab135d4-a257-4705-b491-6c056b8c5df7:c1135, a4f67574-9018-43e7-8a54-351e98dc3d0a:c1135]
2019-08-23 07:08:51,630 | INFO  | DNAudit | user=null | ip=null | op=PUT_BLOCK {blockData=[blockId=conID: 2 locID: 102665036031263150 bcsId: 0,size=2097152]} | ret=SUCCESS |  
2019-08-23 07:08:51,630 [grpc-default-executor-3] INFO  client.GrpcClientProtocolClient (GrpcClientProtocolClient.java:onNext(255)) - client-D91E5D1E15CE->f2ba01fc-a63e-4348-bd18-030b60a135e7: receive RaftClientReply:client-D91E5D1E15CE->f2ba01fc-a63e-4348-bd18-030b60a135e7@group-C8C62FEF0626, cid=864, SUCCESS, logIndex=1137, commits[f2ba01fc-a63e-4348-bd18-030b60a135e7:c1139, eab135d4-a257-4705-b491-6c056b8c5df7:c1135, a4f67574-9018-43e7-8a54-351e98dc3d0a:c1135]
2019-08-23 07:08:51,630 [grpc-default-executor-3] INFO  client.GrpcClientProtocolClient (GrpcClientProtocolClient.java:onNext(255)) - client-D91E5D1E15CE->f2ba01fc-a63e-4348-bd18-030b60a135e7: receive RaftClientReply:client-D91E5D1E15CE->f2ba01fc-a63e-4348-bd18-030b60a135e7@group-C8C62FEF0626, cid=865, SUCCESS, logIndex=1138, commits[f2ba01fc-a63e-4348-bd18-030b60a135e7:c1139, eab135d4-a257-4705-b491-6c056b8c5df7:c1135, a4f67574-9018-43e7-8a54-351e98dc3d0a:c1135]
2019-08-23 07:08:51,630 | INFO  | DNAudit | user=null | ip=null | op=WRITE_CHUNK {blockData=conID: 2 locID: 102665036031263150 bcsId: 0} | ret=SUCCESS |  
2019-08-23 07:08:51,630 [grpc-default-executor-3] INFO  client.GrpcClientProtocolClient (GrpcClientProtocolClient.java:onNext(255)) - client-D91E5D1E15CE->f2ba01fc-a63e-4348-bd18-030b60a135e7: receive RaftClientReply:client-D91E5D1E15CE->f2ba01fc-a63e-4348-bd18-030b60a135e7@group-C8C62FEF0626, cid=866, SUCCESS, logIndex=1139, commits[f2ba01fc-a63e-4348-bd18-030b60a135e7:c1139, eab135d4-a257-4705-b491-6c056b8c5df7:c1135, a4f67574-9018-43e7-8a54-351e98dc3d0a:c1135]
2019-08-23 07:08:51,631 | INFO  | DNAudit | user=null | ip=null | op=WRITE_CHUNK {blockData=conID: 2 locID: 102665036031263150 bcsId: 0} | ret=SUCCESS |  
2019-08-23 07:08:51,631 | INFO  | DNAudit | user=null | ip=null | op=PUT_BLOCK {blockData=[blockId=conID: 2 locID: 102665036031263150 bcsId: 0,size=1048576]} | ret=SUCCESS |  
2019-08-23 07:08:51,631 | INFO  | DNAudit | user=null | ip=null | op=PUT_BLOCK {blockData=[blockId=conID: 2 locID: 102665036031263150 bcsId: 0,size=1048576]} | ret=SUCCESS |  
2019-08-23 07:08:51,631 | INFO  | DNAudit | user=null | ip=null | op=WRITE_CHUNK {blockData=conID: 2 locID: 102665036031263150 bcsId: 0} | ret=SUCCESS |  
2019-08-23 07:08:51,632 | INFO  | DNAudit | user=null | ip=null | op=PUT_BLOCK {blockData=[blockId=conID: 2 locID: 102665036031263150 bcsId: 0,size=2097152]} | ret=SUCCESS |  
2019-08-23 07:08:51,632 [grpc-default-executor-6] INFO  client.GrpcClientProtocolClient (GrpcClientProtocolClient.java:onNext(255)) - client-D91E5D1E15CE->f2ba01fc-a63e-4348-bd18-030b60a135e7: receive RaftClientReply:client-D91E5D1E15CE->f2ba01fc-a63e-4348-bd18-030b60a135e7@group-C8C62FEF0626, cid=867, SUCCESS, logIndex=0, commits[f2ba01fc-a63e-4348-bd18-030b60a135e7:c1141, eab135d4-a257-4705-b491-6c056b8c5df7:c1137, a4f67574-9018-43e7-8a54-351e98dc3d0a:c1137]
2019-08-23 07:08:51,632 | INFO  | DNAudit | user=null | ip=null | op=WRITE_CHUNK {blockData=conID: 2 locID: 102665036031263150 bcsId: 0} | ret=SUCCESS |  
2019-08-23 07:08:51,632 | INFO  | DNAudit | user=null | ip=null | op=PUT_BLOCK {blockData=[blockId=conID: 2 locID: 102665036031263150 bcsId: 0,size=2097152]} | ret=SUCCESS |  
2019-08-23 07:08:51,639 | INFO  | DNAudit | user=null | ip=null | op=WRITE_CHUNK {blockData=conID: 2 locID: 102665036031263150 bcsId: 1139} | ret=SUCCESS |  
2019-08-23 07:08:51,641 | INFO  | DNAudit | user=null | ip=null | op=WRITE_CHUNK {blockData=conID: 2 locID: 102665036031263150 bcsId: 1139} | ret=SUCCESS |  
2019-08-23 07:08:51,642 | INFO  | DNAudit | user=null | ip=null | op=WRITE_CHUNK {blockData=conID: 2 locID: 102665036031263150 bcsId: 1139} | ret=SUCCESS |  
2019-08-23 07:08:51,651 | INFO  | DNAudit | user=null | ip=null | op=WRITE_CHUNK {blockData=conID: 2 locID: 102665036031263150 bcsId: 1139} | ret=SUCCESS |  
2019-08-23 07:08:51,652 | INFO  | DNAudit | user=null | ip=null | op=PUT_BLOCK {blockData=[blockId=conID: 2 locID: 102665036031263150 bcsId: 0,size=3145728]} | ret=SUCCESS |  
2019-08-23 07:08:51,652 [grpc-default-executor-6] INFO  client.GrpcClientProtocolClient (GrpcClientProtocolClient.java:onNext(255)) - client-D91E5D1E15CE->f2ba01fc-a63e-4348-bd18-030b60a135e7: receive RaftClientReply:client-D91E5D1E15CE->f2ba01fc-a63e-4348-bd18-030b60a135e7@group-C8C62FEF0626, cid=868, SUCCESS, logIndex=1143, commits[f2ba01fc-a63e-4348-bd18-030b60a135e7:c1144, eab135d4-a257-4705-b491-6c056b8c5df7:c1142, a4f67574-9018-43e7-8a54-351e98dc3d0a:c1142]
2019-08-23 07:08:51,652 [grpc-default-executor-6] INFO  client.GrpcClientProtocolClient (GrpcClientProtocolClient.java:onNext(255)) - client-D91E5D1E15CE->f2ba01fc-a63e-4348-bd18-030b60a135e7: receive RaftClientReply:client-D91E5D1E15CE->f2ba01fc-a63e-4348-bd18-030b60a135e7@group-C8C62FEF0626, cid=869, SUCCESS, logIndex=1144, commits[f2ba01fc-a63e-4348-bd18-030b60a135e7:c1144, eab135d4-a257-4705-b491-6c056b8c5df7:c1142, a4f67574-9018-43e7-8a54-351e98dc3d0a:c1142]
2019-08-23 07:08:51,659 | INFO  | DNAudit | user=null | ip=null | op=WRITE_CHUNK {blockData=conID: 2 locID: 102665036031263150 bcsId: 1144} | ret=SUCCESS |  
2019-08-23 07:08:51,662 | INFO  | DNAudit | user=null | ip=null | op=WRITE_CHUNK {blockData=conID: 2 locID: 102665036031263150 bcsId: 1144} | ret=SUCCESS |  
2019-08-23 07:08:51,662 | INFO  | DNAudit | user=null | ip=null | op=WRITE_CHUNK {blockData=conID: 2 locID: 102665036031263150 bcsId: 1144} | ret=SUCCESS |  
2019-08-23 07:08:51,663 | INFO  | DNAudit | user=null | ip=null | op=WRITE_CHUNK {blockData=conID: 2 locID: 102665036031263150 bcsId: 1139} | ret=SUCCESS |  
2019-08-23 07:08:51,663 | INFO  | DNAudit | user=null | ip=null | op=WRITE_CHUNK {blockData=conID: 2 locID: 102665036031263150 bcsId: 1139} | ret=SUCCESS |  
2019-08-23 07:08:51,667 | INFO  | DNAudit | user=null | ip=null | op=PUT_BLOCK {blockData=[blockId=conID: 2 locID: 102665036031263150 bcsId: 0,size=3145728]} | ret=SUCCESS |  
2019-08-23 07:08:51,667 | INFO  | DNAudit | user=null | ip=null | op=PUT_BLOCK {blockData=[blockId=conID: 2 locID: 102665036031263150 bcsId: 0,size=3145728]} | ret=SUCCESS |  
2019-08-23 07:08:51,667 | INFO  | DNAudit | user=null | ip=null | op=WRITE_CHUNK {blockData=conID: 2 locID: 102665036031263150 bcsId: 1144} | ret=SUCCESS |  
2019-08-23 07:08:51,668 | INFO  | DNAudit | user=null | ip=null | op=PUT_BLOCK {blockData=[blockId=conID: 2 locID: 102665036031263150 bcsId: 0,size=4194304]} | ret=SUCCESS |  
2019-08-23 07:08:51,668 [grpc-default-executor-3] INFO  client.GrpcClientProtocolClient (GrpcClientProtocolClient.java:onNext(255)) - client-D91E5D1E15CE->f2ba01fc-a63e-4348-bd18-030b60a135e7: receive RaftClientReply:client-D91E5D1E15CE->f2ba01fc-a63e-4348-bd18-030b60a135e7@group-C8C62FEF0626, cid=870, SUCCESS, logIndex=1147, commits[f2ba01fc-a63e-4348-bd18-030b60a135e7:c1148, eab135d4-a257-4705-b491-6c056b8c5df7:c1144, a4f67574-9018-43e7-8a54-351e98dc3d0a:c1144]
2019-08-23 07:08:51,668 [grpc-default-executor-3] INFO  client.GrpcClientProtocolClient (GrpcClientProtocolClient.java:onNext(255)) - client-D91E5D1E15CE->f2ba01fc-a63e-4348-bd18-030b60a135e7: receive RaftClientReply:client-D91E5D1E15CE->f2ba01fc-a63e-4348-bd18-030b60a135e7@group-C8C62FEF0626, cid=871, SUCCESS, logIndex=1148, commits[f2ba01fc-a63e-4348-bd18-030b60a135e7:c1148, eab135d4-a257-4705-b491-6c056b8c5df7:c1144, a4f67574-9018-43e7-8a54-351e98dc3d0a:c1144]
2019-08-23 07:08:51,679 | INFO  | DNAudit | user=null | ip=null | op=WRITE_CHUNK {blockData=conID: 2 locID: 102665036031263150 bcsId: 1144} | ret=SUCCESS |  
2019-08-23 07:08:51,679 | INFO  | DNAudit | user=null | ip=null | op=WRITE_CHUNK {blockData=conID: 2 locID: 102665036031263150 bcsId: 1144} | ret=SUCCESS |  
2019-08-23 07:08:51,680 | INFO  | DNAudit | user=null | ip=null | op=PUT_BLOCK {blockData=[blockId=conID: 2 locID: 102665036031263150 bcsId: 0,size=4194304]} | ret=SUCCESS |  
2019-08-23 07:08:51,680 | INFO  | DNAudit | user=null | ip=null | op=PUT_BLOCK {blockData=[blockId=conID: 2 locID: 102665036031263150 bcsId: 0,size=4194304]} | ret=SUCCESS |  
2019-08-23 07:08:51,681 [grpc-default-executor-6] INFO  client.GrpcClientProtocolClient (GrpcClientProtocolClient.java:onNext(255)) - client-D91E5D1E15CE->f2ba01fc-a63e-4348-bd18-030b60a135e7: receive RaftClientReply:client-D91E5D1E15CE->f2ba01fc-a63e-4348-bd18-030b60a135e7@group-C8C62FEF0626, cid=872, SUCCESS, logIndex=0, commits[f2ba01fc-a63e-4348-bd18-030b60a135e7:c1150, eab135d4-a257-4705-b491-6c056b8c5df7:c1148, a4f67574-9018-43e7-8a54-351e98dc3d0a:c1148]
2019-08-23 07:08:51,688 | INFO  | DNAudit | user=null | ip=null | op=WRITE_CHUNK {blockData=conID: 3 locID: 102665036031263151 bcsId: 0} | ret=SUCCESS |  
2019-08-23 07:08:51,692 | INFO  | DNAudit | user=null | ip=null | op=WRITE_CHUNK {blockData=conID: 3 locID: 102665036031263151 bcsId: 0} | ret=SUCCESS |  
2019-08-23 07:08:51,692 | INFO  | DNAudit | user=null | ip=null | op=WRITE_CHUNK {blockData=conID: 3 locID: 102665036031263151 bcsId: 0} | ret=SUCCESS |  
2019-08-23 07:08:51,692 | INFO  | DNAudit | user=null | ip=null | op=WRITE_CHUNK {blockData=conID: 3 locID: 102665036031263151 bcsId: 0} | ret=SUCCESS |  
2019-08-23 07:08:51,693 | INFO  | DNAudit | user=null | ip=null | op=WRITE_CHUNK {blockData=conID: 3 locID: 102665036031263151 bcsId: 0} | ret=SUCCESS |  
2019-08-23 07:08:51,693 | INFO  | DNAudit | user=null | ip=null | op=WRITE_CHUNK {blockData=conID: 3 locID: 102665036031263151 bcsId: 0} | ret=SUCCESS |  
2019-08-23 07:08:51,701 | INFO  | DNAudit | user=null | ip=null | op=WRITE_CHUNK {blockData=conID: 3 locID: 102665036031263151 bcsId: 0} | ret=SUCCESS |  
2019-08-23 07:08:51,701 | INFO  | DNAudit | user=null | ip=null | op=PUT_BLOCK {blockData=[blockId=conID: 3 locID: 102665036031263151 bcsId: 0,size=1048576]} | ret=SUCCESS |  
2019-08-23 07:08:51,702 [grpc-default-executor-6] INFO  client.GrpcClientProtocolClient (GrpcClientProtocolClient.java:onNext(255)) - client-D91E5D1E15CE->f2ba01fc-a63e-4348-bd18-030b60a135e7: receive RaftClientReply:client-D91E5D1E15CE->f2ba01fc-a63e-4348-bd18-030b60a135e7@group-C8C62FEF0626, cid=873, SUCCESS, logIndex=1151, commits[f2ba01fc-a63e-4348-bd18-030b60a135e7:c1152, eab135d4-a257-4705-b491-6c056b8c5df7:c1150, a4f67574-9018-43e7-8a54-351e98dc3d0a:c1150]
2019-08-23 07:08:51,702 | INFO  | DNAudit | user=null | ip=null | op=WRITE_CHUNK {blockData=conID: 3 locID: 102665036031263151 bcsId: 0} | ret=SUCCESS |  
2019-08-23 07:08:51,703 [grpc-default-executor-6] INFO  client.GrpcClientProtocolClient (GrpcClientProtocolClient.java:onNext(255)) - client-D91E5D1E15CE->f2ba01fc-a63e-4348-bd18-030b60a135e7: receive RaftClientReply:client-D91E5D1E15CE->f2ba01fc-a63e-4348-bd18-030b60a135e7@group-C8C62FEF0626, cid=874, SUCCESS, logIndex=1152, commits[f2ba01fc-a63e-4348-bd18-030b60a135e7:c1152, eab135d4-a257-4705-b491-6c056b8c5df7:c1150, a4f67574-9018-43e7-8a54-351e98dc3d0a:c1150]
2019-08-23 07:08:51,703 | INFO  | DNAudit | user=null | ip=null | op=PUT_BLOCK {blockData=[blockId=conID: 3 locID: 102665036031263151 bcsId: 0,size=2097152]} | ret=SUCCESS |  
2019-08-23 07:08:51,703 | INFO  | DNAudit | user=null | ip=null | op=WRITE_CHUNK {blockData=conID: 3 locID: 102665036031263151 bcsId: 0} | ret=SUCCESS |  
2019-08-23 07:08:51,703 [grpc-default-executor-6] INFO  client.GrpcClientProtocolClient (GrpcClientProtocolClient.java:onNext(255)) - client-D91E5D1E15CE->f2ba01fc-a63e-4348-bd18-030b60a135e7: receive RaftClientReply:client-D91E5D1E15CE->f2ba01fc-a63e-4348-bd18-030b60a135e7@group-C8C62FEF0626, cid=875, SUCCESS, logIndex=1153, commits[f2ba01fc-a63e-4348-bd18-030b60a135e7:c1154, eab135d4-a257-4705-b491-6c056b8c5df7:c1150, a4f67574-9018-43e7-8a54-351e98dc3d0a:c1150]
2019-08-23 07:08:51,704 | INFO  | DNAudit | user=null | ip=null | op=PUT_BLOCK {blockData=[blockId=conID: 3 locID: 102665036031263151 bcsId: 0,size=1048576]} | ret=SUCCESS |  
2019-08-23 07:08:51,704 [grpc-default-executor-6] INFO  client.GrpcClientProtocolClient (GrpcClientProtocolClient.java:onNext(255)) - client-D91E5D1E15CE->f2ba01fc-a63e-4348-bd18-030b60a135e7: receive RaftClientReply:client-D91E5D1E15CE->f2ba01fc-a63e-4348-bd18-030b60a135e7@group-C8C62FEF0626, cid=876, SUCCESS, logIndex=1154, commits[f2ba01fc-a63e-4348-bd18-030b60a135e7:c1154, eab135d4-a257-4705-b491-6c056b8c5df7:c1150, a4f67574-9018-43e7-8a54-351e98dc3d0a:c1150]
2019-08-23 07:08:51,704 | INFO  | DNAudit | user=null | ip=null | op=WRITE_CHUNK {blockData=conID: 3 locID: 102665036031263151 bcsId: 0} | ret=SUCCESS |  
2019-08-23 07:08:51,704 | INFO  | DNAudit | user=null | ip=null | op=PUT_BLOCK {blockData=[blockId=conID: 3 locID: 102665036031263151 bcsId: 0,size=1048576]} | ret=SUCCESS |  
2019-08-23 07:08:51,704 | INFO  | DNAudit | user=null | ip=null | op=WRITE_CHUNK {blockData=conID: 3 locID: 102665036031263151 bcsId: 0} | ret=SUCCESS |  
2019-08-23 07:08:51,704 | INFO  | DNAudit | user=null | ip=null | op=PUT_BLOCK {blockData=[blockId=conID: 3 locID: 102665036031263151 bcsId: 0,size=2097152]} | ret=SUCCESS |  
2019-08-23 07:08:51,705 | INFO  | DNAudit | user=null | ip=null | op=WRITE_CHUNK {blockData=conID: 3 locID: 102665036031263151 bcsId: 0} | ret=SUCCESS |  
2019-08-23 07:08:51,705 | INFO  | DNAudit | user=null | ip=null | op=PUT_BLOCK {blockData=[blockId=conID: 3 locID: 102665036031263151 bcsId: 0,size=2097152]} | ret=SUCCESS |  
2019-08-23 07:08:51,705 [grpc-default-executor-4] INFO  client.GrpcClientProtocolClient (GrpcClientProtocolClient.java:onNext(255)) - client-D91E5D1E15CE->f2ba01fc-a63e-4348-bd18-030b60a135e7: receive RaftClientReply:client-D91E5D1E15CE->f2ba01fc-a63e-4348-bd18-030b60a135e7@group-C8C62FEF0626, cid=877, SUCCESS, logIndex=0, commits[f2ba01fc-a63e-4348-bd18-030b60a135e7:c1156, eab135d4-a257-4705-b491-6c056b8c5df7:c1152, a4f67574-9018-43e7-8a54-351e98dc3d0a:c1154]
2019-08-23 07:08:51,712 | INFO  | DNAudit | user=null | ip=null | op=WRITE_CHUNK {blockData=conID: 3 locID: 102665036031263151 bcsId: 1154} | ret=SUCCESS |  
2019-08-23 07:08:51,714 | INFO  | DNAudit | user=null | ip=null | op=WRITE_CHUNK {blockData=conID: 3 locID: 102665036031263151 bcsId: 1154} | ret=SUCCESS |  
2019-08-23 07:08:51,715 | INFO  | DNAudit | user=null | ip=null | op=WRITE_CHUNK {blockData=conID: 3 locID: 102665036031263151 bcsId: 1154} | ret=SUCCESS |  
2019-08-23 07:08:51,724 | INFO  | DNAudit | user=null | ip=null | op=WRITE_CHUNK {blockData=conID: 3 locID: 102665036031263151 bcsId: 1154} | ret=SUCCESS |  
2019-08-23 07:08:51,725 | INFO  | DNAudit | user=null | ip=null | op=PUT_BLOCK {blockData=[blockId=conID: 3 locID: 102665036031263151 bcsId: 0,size=3145728]} | ret=SUCCESS |  
2019-08-23 07:08:51,725 [grpc-default-executor-6] INFO  client.GrpcClientProtocolClient (GrpcClientProtocolClient.java:onNext(255)) - client-D91E5D1E15CE->f2ba01fc-a63e-4348-bd18-030b60a135e7: receive RaftClientReply:client-D91E5D1E15CE->f2ba01fc-a63e-4348-bd18-030b60a135e7@group-C8C62FEF0626, cid=878, SUCCESS, logIndex=1159, commits[f2ba01fc-a63e-4348-bd18-030b60a135e7:c1160, eab135d4-a257-4705-b491-6c056b8c5df7:c1158, a4f67574-9018-43e7-8a54-351e98dc3d0a:c1158]
2019-08-23 07:08:51,725 [grpc-default-executor-6] INFO  client.GrpcClientProtocolClient (GrpcClientProtocolClient.java:onNext(255)) - client-D91E5D1E15CE->f2ba01fc-a63e-4348-bd18-030b60a135e7: receive RaftClientReply:client-D91E5D1E15CE->f2ba01fc-a63e-4348-bd18-030b60a135e7@group-C8C62FEF0626, cid=879, SUCCESS, logIndex=1160, commits[f2ba01fc-a63e-4348-bd18-030b60a135e7:c1160, eab135d4-a257-4705-b491-6c056b8c5df7:c1158, a4f67574-9018-43e7-8a54-351e98dc3d0a:c1158]
2019-08-23 07:08:51,732 | INFO  | DNAudit | user=null | ip=null | op=WRITE_CHUNK {blockData=conID: 3 locID: 102665036031263151 bcsId: 1160} | ret=SUCCESS |  
2019-08-23 07:08:51,736 | INFO  | DNAudit | user=null | ip=null | op=WRITE_CHUNK {blockData=conID: 3 locID: 102665036031263151 bcsId: 1154} | ret=SUCCESS |  
2019-08-23 07:08:51,736 | INFO  | DNAudit | user=null | ip=null | op=WRITE_CHUNK {blockData=conID: 3 locID: 102665036031263151 bcsId: 1154} | ret=SUCCESS |  
2019-08-23 07:08:51,736 | INFO  | DNAudit | user=null | ip=null | op=WRITE_CHUNK {blockData=conID: 3 locID: 102665036031263151 bcsId: 1160} | ret=SUCCESS |  
2019-08-23 07:08:51,736 | INFO  | DNAudit | user=null | ip=null | op=WRITE_CHUNK {blockData=conID: 3 locID: 102665036031263151 bcsId: 1160} | ret=SUCCESS |  
2019-08-23 07:08:51,736 | INFO  | DNAudit | user=null | ip=null | op=PUT_BLOCK {blockData=[blockId=conID: 3 locID: 102665036031263151 bcsId: 0,size=3145728]} | ret=SUCCESS |  
2019-08-23 07:08:51,736 | INFO  | DNAudit | user=null | ip=null | op=PUT_BLOCK {blockData=[blockId=conID: 3 locID: 102665036031263151 bcsId: 0,size=3145728]} | ret=SUCCESS |  
2019-08-23 07:08:51,738 | INFO  | DNAudit | user=null | ip=null | op=WRITE_CHUNK {blockData=conID: 3 locID: 102665036031263151 bcsId: 1160} | ret=SUCCESS |  
2019-08-23 07:08:51,738 | INFO  | DNAudit | user=null | ip=null | op=PUT_BLOCK {blockData=[blockId=conID: 3 locID: 102665036031263151 bcsId: 0,size=4194304]} | ret=SUCCESS |  
2019-08-23 07:08:51,738 [grpc-default-executor-6] INFO  client.GrpcClientProtocolClient (GrpcClientProtocolClient.java:onNext(255)) - client-D91E5D1E15CE->f2ba01fc-a63e-4348-bd18-030b60a135e7: receive RaftClientReply:client-D91E5D1E15CE->f2ba01fc-a63e-4348-bd18-030b60a135e7@group-C8C62FEF0626, cid=880, SUCCESS, logIndex=1163, commits[f2ba01fc-a63e-4348-bd18-030b60a135e7:c1164, eab135d4-a257-4705-b491-6c056b8c5df7:c1160, a4f67574-9018-43e7-8a54-351e98dc3d0a:c1160]
2019-08-23 07:08:51,739 [grpc-default-executor-6] INFO  client.GrpcClientProtocolClient (GrpcClientProtocolClient.java:onNext(255)) - client-D91E5D1E15CE->f2ba01fc-a63e-4348-bd18-030b60a135e7: receive RaftClientReply:client-D91E5D1E15CE->f2ba01fc-a63e-4348-bd18-030b60a135e7@group-C8C62FEF0626, cid=881, SUCCESS, logIndex=1164, commits[f2ba01fc-a63e-4348-bd18-030b60a135e7:c1164, eab135d4-a257-4705-b491-6c056b8c5df7:c1160, a4f67574-9018-43e7-8a54-351e98dc3d0a:c1160]
2019-08-23 07:08:51,739 | INFO  | DNAudit | user=null | ip=null | op=WRITE_CHUNK {blockData=conID: 3 locID: 102665036031263151 bcsId: 1160} | ret=SUCCESS |  
2019-08-23 07:08:51,740 | INFO  | DNAudit | user=null | ip=null | op=WRITE_CHUNK {blockData=conID: 3 locID: 102665036031263151 bcsId: 1160} | ret=SUCCESS |  
2019-08-23 07:08:51,740 | INFO  | DNAudit | user=null | ip=null | op=PUT_BLOCK {blockData=[blockId=conID: 3 locID: 102665036031263151 bcsId: 0,size=4194304]} | ret=SUCCESS |  
2019-08-23 07:08:51,741 | INFO  | DNAudit | user=null | ip=null | op=PUT_BLOCK {blockData=[blockId=conID: 3 locID: 102665036031263151 bcsId: 0,size=4194304]} | ret=SUCCESS |  
2019-08-23 07:08:51,742 [grpc-default-executor-6] INFO  client.GrpcClientProtocolClient (GrpcClientProtocolClient.java:onNext(255)) - client-D91E5D1E15CE->f2ba01fc-a63e-4348-bd18-030b60a135e7: receive RaftClientReply:client-D91E5D1E15CE->f2ba01fc-a63e-4348-bd18-030b60a135e7@group-C8C62FEF0626, cid=882, SUCCESS, logIndex=0, commits[f2ba01fc-a63e-4348-bd18-030b60a135e7:c1166, eab135d4-a257-4705-b491-6c056b8c5df7:c1164, a4f67574-9018-43e7-8a54-351e98dc3d0a:c1164]
2019-08-23 07:08:51,748 | INFO  | DNAudit | user=null | ip=null | op=WRITE_CHUNK {blockData=conID: 1 locID: 102665036031263152 bcsId: 0} | ret=SUCCESS |  
2019-08-23 07:08:51,753 | INFO  | DNAudit | user=null | ip=null | op=WRITE_CHUNK {blockData=conID: 1 locID: 102665036031263152 bcsId: 0} | ret=SUCCESS |  
2019-08-23 07:08:51,754 | INFO  | DNAudit | user=null | ip=null | op=WRITE_CHUNK {blockData=conID: 1 locID: 102665036031263152 bcsId: 0} | ret=SUCCESS |  
2019-08-23 07:08:51,755 | INFO  | DNAudit | user=null | ip=null | op=WRITE_CHUNK {blockData=conID: 1 locID: 102665036031263152 bcsId: 0} | ret=SUCCESS |  
2019-08-23 07:08:51,757 | INFO  | DNAudit | user=null | ip=null | op=WRITE_CHUNK {blockData=conID: 1 locID: 102665036031263152 bcsId: 0} | ret=SUCCESS |  
2019-08-23 07:08:51,757 | INFO  | DNAudit | user=null | ip=null | op=WRITE_CHUNK {blockData=conID: 1 locID: 102665036031263152 bcsId: 0} | ret=SUCCESS |  
2019-08-23 07:08:51,761 | INFO  | DNAudit | user=null | ip=null | op=WRITE_CHUNK {blockData=conID: 1 locID: 102665036031263152 bcsId: 0} | ret=SUCCESS |  
2019-08-23 07:08:51,761 | INFO  | DNAudit | user=null | ip=null | op=PUT_BLOCK {blockData=[blockId=conID: 1 locID: 102665036031263152 bcsId: 0,size=1048576]} | ret=SUCCESS |  
2019-08-23 07:08:51,762 | INFO  | DNAudit | user=null | ip=null | op=WRITE_CHUNK {blockData=conID: 1 locID: 102665036031263152 bcsId: 0} | ret=SUCCESS |  
2019-08-23 07:08:51,762 | INFO  | DNAudit | user=null | ip=null | op=PUT_BLOCK {blockData=[blockId=conID: 1 locID: 102665036031263152 bcsId: 0,size=2097152]} | ret=SUCCESS |  
2019-08-23 07:08:51,762 [grpc-default-executor-4] INFO  client.GrpcClientProtocolClient (GrpcClientProtocolClient.java:onNext(255)) - client-D91E5D1E15CE->f2ba01fc-a63e-4348-bd18-030b60a135e7: receive RaftClientReply:client-D91E5D1E15CE->f2ba01fc-a63e-4348-bd18-030b60a135e7@group-C8C62FEF0626, cid=883, SUCCESS, logIndex=1167, commits[f2ba01fc-a63e-4348-bd18-030b60a135e7:c1169, eab135d4-a257-4705-b491-6c056b8c5df7:c1166, a4f67574-9018-43e7-8a54-351e98dc3d0a:c1166]
2019-08-23 07:08:51,763 [grpc-default-executor-4] INFO  client.GrpcClientProtocolClient (GrpcClientProtocolClient.java:onNext(255)) - client-D91E5D1E15CE->f2ba01fc-a63e-4348-bd18-030b60a135e7: receive RaftClientReply:client-D91E5D1E15CE->f2ba01fc-a63e-4348-bd18-030b60a135e7@group-C8C62FEF0626, cid=884, SUCCESS, logIndex=1168, commits[f2ba01fc-a63e-4348-bd18-030b60a135e7:c1170, eab135d4-a257-4705-b491-6c056b8c5df7:c1166, a4f67574-9018-43e7-8a54-351e98dc3d0a:c1166]
2019-08-23 07:08:51,763 | INFO  | DNAudit | user=null | ip=null | op=WRITE_CHUNK {blockData=conID: 1 locID: 102665036031263152 bcsId: 0} | ret=SUCCESS |  
2019-08-23 07:08:51,763 | INFO  | DNAudit | user=null | ip=null | op=WRITE_CHUNK {blockData=conID: 1 locID: 102665036031263152 bcsId: 0} | ret=SUCCESS |  
2019-08-23 07:08:51,763 | INFO  | DNAudit | user=null | ip=null | op=PUT_BLOCK {blockData=[blockId=conID: 1 locID: 102665036031263152 bcsId: 0,size=1048576]} | ret=SUCCESS |  
2019-08-23 07:08:51,763 [grpc-default-executor-6] INFO  client.GrpcClientProtocolClient (GrpcClientProtocolClient.java:onNext(255)) - client-D91E5D1E15CE->f2ba01fc-a63e-4348-bd18-030b60a135e7: receive RaftClientReply:client-D91E5D1E15CE->f2ba01fc-a63e-4348-bd18-030b60a135e7@group-C8C62FEF0626, cid=885, SUCCESS, logIndex=1169, commits[f2ba01fc-a63e-4348-bd18-030b60a135e7:c1170, eab135d4-a257-4705-b491-6c056b8c5df7:c1166, a4f67574-9018-43e7-8a54-351e98dc3d0a:c1166]
2019-08-23 07:08:51,763 | INFO  | DNAudit | user=null | ip=null | op=PUT_BLOCK {blockData=[blockId=conID: 1 locID: 102665036031263152 bcsId: 0,size=1048576]} | ret=SUCCESS |  
2019-08-23 07:08:51,763 [grpc-default-executor-6] INFO  client.GrpcClientProtocolClient (GrpcClientProtocolClient.java:onNext(255)) - client-D91E5D1E15CE->f2ba01fc-a63e-4348-bd18-030b60a135e7: receive RaftClientReply:client-D91E5D1E15CE->f2ba01fc-a63e-4348-bd18-030b60a135e7@group-C8C62FEF0626, cid=886, SUCCESS, logIndex=1170, commits[f2ba01fc-a63e-4348-bd18-030b60a135e7:c1170, eab135d4-a257-4705-b491-6c056b8c5df7:c1166, a4f67574-9018-43e7-8a54-351e98dc3d0a:c1166]
2019-08-23 07:08:51,763 | INFO  | DNAudit | user=null | ip=null | op=WRITE_CHUNK {blockData=conID: 1 locID: 102665036031263152 bcsId: 0} | ret=SUCCESS |  
2019-08-23 07:08:51,764 | INFO  | DNAudit | user=null | ip=null | op=PUT_BLOCK {blockData=[blockId=conID: 1 locID: 102665036031263152 bcsId: 0,size=2097152]} | ret=SUCCESS |  
2019-08-23 07:08:51,764 | INFO  | DNAudit | user=null | ip=null | op=WRITE_CHUNK {blockData=conID: 1 locID: 102665036031263152 bcsId: 0} | ret=SUCCESS |  
2019-08-23 07:08:51,764 | INFO  | DNAudit | user=null | ip=null | op=PUT_BLOCK {blockData=[blockId=conID: 1 locID: 102665036031263152 bcsId: 0,size=2097152]} | ret=SUCCESS |  
2019-08-23 07:08:51,765 [grpc-default-executor-6] INFO  client.GrpcClientProtocolClient (GrpcClientProtocolClient.java:onNext(255)) - client-D91E5D1E15CE->f2ba01fc-a63e-4348-bd18-030b60a135e7: receive RaftClientReply:client-D91E5D1E15CE->f2ba01fc-a63e-4348-bd18-030b60a135e7@group-C8C62FEF0626, cid=887, SUCCESS, logIndex=0, commits[f2ba01fc-a63e-4348-bd18-030b60a135e7:c1174, eab135d4-a257-4705-b491-6c056b8c5df7:c1170, a4f67574-9018-43e7-8a54-351e98dc3d0a:c1170]
2019-08-23 07:08:51,772 | INFO  | DNAudit | user=null | ip=null | op=WRITE_CHUNK {blockData=conID: 1 locID: 102665036031263152 bcsId: 1170} | ret=SUCCESS |  
2019-08-23 07:08:51,774 | INFO  | DNAudit | user=null | ip=null | op=WRITE_CHUNK {blockData=conID: 1 locID: 102665036031263152 bcsId: 1170} | ret=SUCCESS |  
2019-08-23 07:08:51,775 | INFO  | DNAudit | user=null | ip=null | op=WRITE_CHUNK {blockData=conID: 1 locID: 102665036031263152 bcsId: 1170} | ret=SUCCESS |  
2019-08-23 07:08:51,784 | INFO  | DNAudit | user=null | ip=null | op=WRITE_CHUNK {blockData=conID: 1 locID: 102665036031263152 bcsId: 1170} | ret=SUCCESS |  
2019-08-23 07:08:51,785 | INFO  | DNAudit | user=null | ip=null | op=PUT_BLOCK {blockData=[blockId=conID: 1 locID: 102665036031263152 bcsId: 0,size=3145728]} | ret=SUCCESS |  
2019-08-23 07:08:51,785 [grpc-default-executor-3] INFO  client.GrpcClientProtocolClient (GrpcClientProtocolClient.java:onNext(255)) - client-D91E5D1E15CE->f2ba01fc-a63e-4348-bd18-030b60a135e7: receive RaftClientReply:client-D91E5D1E15CE->f2ba01fc-a63e-4348-bd18-030b60a135e7@group-C8C62FEF0626, cid=888, SUCCESS, logIndex=1175, commits[f2ba01fc-a63e-4348-bd18-030b60a135e7:c1176, eab135d4-a257-4705-b491-6c056b8c5df7:c1174, a4f67574-9018-43e7-8a54-351e98dc3d0a:c1174]
2019-08-23 07:08:51,785 [grpc-default-executor-3] INFO  client.GrpcClientProtocolClient (GrpcClientProtocolClient.java:onNext(255)) - client-D91E5D1E15CE->f2ba01fc-a63e-4348-bd18-030b60a135e7: receive RaftClientReply:client-D91E5D1E15CE->f2ba01fc-a63e-4348-bd18-030b60a135e7@group-C8C62FEF0626, cid=889, SUCCESS, logIndex=1176, commits[f2ba01fc-a63e-4348-bd18-030b60a135e7:c1176, eab135d4-a257-4705-b491-6c056b8c5df7:c1174, a4f67574-9018-43e7-8a54-351e98dc3d0a:c1174]
2019-08-23 07:08:51,792 | INFO  | DNAudit | user=null | ip=null | op=WRITE_CHUNK {blockData=conID: 1 locID: 102665036031263152 bcsId: 1176} | ret=SUCCESS |  
2019-08-23 07:08:51,794 | INFO  | DNAudit | user=null | ip=null | op=WRITE_CHUNK {blockData=conID: 1 locID: 102665036031263152 bcsId: 1176} | ret=SUCCESS |  
2019-08-23 07:08:51,795 | INFO  | DNAudit | user=null | ip=null | op=WRITE_CHUNK {blockData=conID: 1 locID: 102665036031263152 bcsId: 1176} | ret=SUCCESS |  
2019-08-23 07:08:51,796 | INFO  | DNAudit | user=null | ip=null | op=WRITE_CHUNK {blockData=conID: 1 locID: 102665036031263152 bcsId: 1170} | ret=SUCCESS |  
2019-08-23 07:08:51,796 | INFO  | DNAudit | user=null | ip=null | op=WRITE_CHUNK {blockData=conID: 1 locID: 102665036031263152 bcsId: 1170} | ret=SUCCESS |  
2019-08-23 07:08:51,798 | INFO  | DNAudit | user=null | ip=null | op=PUT_BLOCK {blockData=[blockId=conID: 1 locID: 102665036031263152 bcsId: 0,size=3145728]} | ret=SUCCESS |  
2019-08-23 07:08:51,798 | INFO  | DNAudit | user=null | ip=null | op=PUT_BLOCK {blockData=[blockId=conID: 1 locID: 102665036031263152 bcsId: 0,size=3145728]} | ret=SUCCESS |  
2019-08-23 07:08:51,798 | INFO  | DNAudit | user=null | ip=null | op=WRITE_CHUNK {blockData=conID: 1 locID: 102665036031263152 bcsId: 1176} | ret=SUCCESS |  
2019-08-23 07:08:51,799 | INFO  | DNAudit | user=null | ip=null | op=PUT_BLOCK {blockData=[blockId=conID: 1 locID: 102665036031263152 bcsId: 0,size=4194304]} | ret=SUCCESS |  
2019-08-23 07:08:51,799 [grpc-default-executor-6] INFO  client.GrpcClientProtocolClient (GrpcClientProtocolClient.java:onNext(255)) - client-D91E5D1E15CE->f2ba01fc-a63e-4348-bd18-030b60a135e7: receive RaftClientReply:client-D91E5D1E15CE->f2ba01fc-a63e-4348-bd18-030b60a135e7@group-C8C62FEF0626, cid=890, SUCCESS, logIndex=1179, commits[f2ba01fc-a63e-4348-bd18-030b60a135e7:c1180, eab135d4-a257-4705-b491-6c056b8c5df7:c1176, a4f67574-9018-43e7-8a54-351e98dc3d0a:c1176]
2019-08-23 07:08:51,800 [grpc-default-executor-6] INFO  client.GrpcClientProtocolClient (GrpcClientProtocolClient.java:onNext(255)) - client-D91E5D1E15CE->f2ba01fc-a63e-4348-bd18-030b60a135e7: receive RaftClientReply:client-D91E5D1E15CE->f2ba01fc-a63e-4348-bd18-030b60a135e7@group-C8C62FEF0626, cid=891, SUCCESS, logIndex=1180, commits[f2ba01fc-a63e-4348-bd18-030b60a135e7:c1180, eab135d4-a257-4705-b491-6c056b8c5df7:c1176, a4f67574-9018-43e7-8a54-351e98dc3d0a:c1176]
2019-08-23 07:08:51,800 | INFO  | DNAudit | user=null | ip=null | op=WRITE_CHUNK {blockData=conID: 1 locID: 102665036031263152 bcsId: 1176} | ret=SUCCESS |  
2019-08-23 07:08:51,800 | INFO  | DNAudit | user=null | ip=null | op=WRITE_CHUNK {blockData=conID: 1 locID: 102665036031263152 bcsId: 1176} | ret=SUCCESS |  
2019-08-23 07:08:51,804 | INFO  | DNAudit | user=null | ip=null | op=PUT_BLOCK {blockData=[blockId=conID: 1 locID: 102665036031263152 bcsId: 0,size=4194304]} | ret=SUCCESS |  
2019-08-23 07:08:51,804 | INFO  | DNAudit | user=null | ip=null | op=PUT_BLOCK {blockData=[blockId=conID: 1 locID: 102665036031263152 bcsId: 0,size=4194304]} | ret=SUCCESS |  
2019-08-23 07:08:51,805 [grpc-default-executor-6] INFO  client.GrpcClientProtocolClient (GrpcClientProtocolClient.java:onNext(255)) - client-D91E5D1E15CE->f2ba01fc-a63e-4348-bd18-030b60a135e7: receive RaftClientReply:client-D91E5D1E15CE->f2ba01fc-a63e-4348-bd18-030b60a135e7@group-C8C62FEF0626, cid=892, SUCCESS, logIndex=0, commits[f2ba01fc-a63e-4348-bd18-030b60a135e7:c1182, eab135d4-a257-4705-b491-6c056b8c5df7:c1180, a4f67574-9018-43e7-8a54-351e98dc3d0a:c1180]
2019-08-23 07:08:51,812 | INFO  | DNAudit | user=null | ip=null | op=WRITE_CHUNK {blockData=conID: 2 locID: 102665036031328689 bcsId: 0} | ret=SUCCESS |  
2019-08-23 07:08:51,815 | INFO  | DNAudit | user=null | ip=null | op=WRITE_CHUNK {blockData=conID: 2 locID: 102665036031328689 bcsId: 0} | ret=SUCCESS |  
2019-08-23 07:08:51,816 | INFO  | DNAudit | user=null | ip=null | op=WRITE_CHUNK {blockData=conID: 2 locID: 102665036031328689 bcsId: 0} | ret=SUCCESS |  
2019-08-23 07:08:51,816 | INFO  | DNAudit | user=null | ip=null | op=WRITE_CHUNK {blockData=conID: 2 locID: 102665036031328689 bcsId: 0} | ret=SUCCESS |  
2019-08-23 07:08:51,818 | INFO  | DNAudit | user=null | ip=null | op=WRITE_CHUNK {blockData=conID: 2 locID: 102665036031328689 bcsId: 0} | ret=SUCCESS |  
2019-08-23 07:08:51,818 | INFO  | DNAudit | user=null | ip=null | op=WRITE_CHUNK {blockData=conID: 2 locID: 102665036031328689 bcsId: 0} | ret=SUCCESS |  
2019-08-23 07:08:51,819 | INFO  | DNAudit | user=null | ip=null | op=WRITE_CHUNK {blockData=conID: 2 locID: 102665036031328689 bcsId: 0} | ret=SUCCESS |  
2019-08-23 07:08:51,819 | INFO  | DNAudit | user=null | ip=null | op=PUT_BLOCK {blockData=[blockId=conID: 2 locID: 102665036031328689 bcsId: 0,size=1048576]} | ret=SUCCESS |  
2019-08-23 07:08:51,819 [grpc-default-executor-4] INFO  client.GrpcClientProtocolClient (GrpcClientProtocolClient.java:onNext(255)) - client-D91E5D1E15CE->f2ba01fc-a63e-4348-bd18-030b60a135e7: receive RaftClientReply:client-D91E5D1E15CE->f2ba01fc-a63e-4348-bd18-030b60a135e7@group-C8C62FEF0626, cid=893, SUCCESS, logIndex=1183, commits[f2ba01fc-a63e-4348-bd18-030b60a135e7:c1184, eab135d4-a257-4705-b491-6c056b8c5df7:c1182, a4f67574-9018-43e7-8a54-351e98dc3d0a:c1182]
2019-08-23 07:08:51,820 | INFO  | DNAudit | user=null | ip=null | op=WRITE_CHUNK {blockData=conID: 2 locID: 102665036031328689 bcsId: 0} | ret=SUCCESS |  
2019-08-23 07:08:51,820 [grpc-default-executor-4] INFO  client.GrpcClientProtocolClient (GrpcClientProtocolClient.java:onNext(255)) - client-D91E5D1E15CE->f2ba01fc-a63e-4348-bd18-030b60a135e7: receive RaftClientReply:client-D91E5D1E15CE->f2ba01fc-a63e-4348-bd18-030b60a135e7@group-C8C62FEF0626, cid=894, SUCCESS, logIndex=1184, commits[f2ba01fc-a63e-4348-bd18-030b60a135e7:c1186, eab135d4-a257-4705-b491-6c056b8c5df7:c1182, a4f67574-9018-43e7-8a54-351e98dc3d0a:c1182]
2019-08-23 07:08:51,820 | INFO  | DNAudit | user=null | ip=null | op=PUT_BLOCK {blockData=[blockId=conID: 2 locID: 102665036031328689 bcsId: 0,size=2097152]} | ret=SUCCESS |  
2019-08-23 07:08:51,820 [grpc-default-executor-4] INFO  client.GrpcClientProtocolClient (GrpcClientProtocolClient.java:onNext(255)) - client-D91E5D1E15CE->f2ba01fc-a63e-4348-bd18-030b60a135e7: receive RaftClientReply:client-D91E5D1E15CE->f2ba01fc-a63e-4348-bd18-030b60a135e7@group-C8C62FEF0626, cid=895, SUCCESS, logIndex=1185, commits[f2ba01fc-a63e-4348-bd18-030b60a135e7:c1186, eab135d4-a257-4705-b491-6c056b8c5df7:c1182, a4f67574-9018-43e7-8a54-351e98dc3d0a:c1182]
2019-08-23 07:08:51,820 | INFO  | DNAudit | user=null | ip=null | op=WRITE_CHUNK {blockData=conID: 2 locID: 102665036031328689 bcsId: 0} | ret=SUCCESS |  
2019-08-23 07:08:51,821 | INFO  | DNAudit | user=null | ip=null | op=PUT_BLOCK {blockData=[blockId=conID: 2 locID: 102665036031328689 bcsId: 0,size=1048576]} | ret=SUCCESS |  
2019-08-23 07:08:51,821 [grpc-default-executor-3] INFO  client.GrpcClientProtocolClient (GrpcClientProtocolClient.java:onNext(255)) - client-D91E5D1E15CE->f2ba01fc-a63e-4348-bd18-030b60a135e7: receive RaftClientReply:client-D91E5D1E15CE->f2ba01fc-a63e-4348-bd18-030b60a135e7@group-C8C62FEF0626, cid=896, SUCCESS, logIndex=1186, commits[f2ba01fc-a63e-4348-bd18-030b60a135e7:c1186, eab135d4-a257-4705-b491-6c056b8c5df7:c1182, a4f67574-9018-43e7-8a54-351e98dc3d0a:c1182]
2019-08-23 07:08:51,821 | INFO  | DNAudit | user=null | ip=null | op=WRITE_CHUNK {blockData=conID: 2 locID: 102665036031328689 bcsId: 0} | ret=SUCCESS |  
2019-08-23 07:08:51,821 | INFO  | DNAudit | user=null | ip=null | op=PUT_BLOCK {blockData=[blockId=conID: 2 locID: 102665036031328689 bcsId: 0,size=1048576]} | ret=SUCCESS |  
2019-08-23 07:08:51,822 | INFO  | DNAudit | user=null | ip=null | op=WRITE_CHUNK {blockData=conID: 2 locID: 102665036031328689 bcsId: 0} | ret=SUCCESS |  
2019-08-23 07:08:51,822 | INFO  | DNAudit | user=null | ip=null | op=PUT_BLOCK {blockData=[blockId=conID: 2 locID: 102665036031328689 bcsId: 0,size=2097152]} | ret=SUCCESS |  
2019-08-23 07:08:51,822 | INFO  | DNAudit | user=null | ip=null | op=WRITE_CHUNK {blockData=conID: 2 locID: 102665036031328689 bcsId: 0} | ret=SUCCESS |  
2019-08-23 07:08:51,822 [grpc-default-executor-3] INFO  client.GrpcClientProtocolClient (GrpcClientProtocolClient.java:onNext(255)) - client-D91E5D1E15CE->f2ba01fc-a63e-4348-bd18-030b60a135e7: receive RaftClientReply:client-D91E5D1E15CE->f2ba01fc-a63e-4348-bd18-030b60a135e7@group-C8C62FEF0626, cid=897, SUCCESS, logIndex=0, commits[f2ba01fc-a63e-4348-bd18-030b60a135e7:c1188, eab135d4-a257-4705-b491-6c056b8c5df7:c1184, a4f67574-9018-43e7-8a54-351e98dc3d0a:c1184]
2019-08-23 07:08:51,822 | INFO  | DNAudit | user=null | ip=null | op=PUT_BLOCK {blockData=[blockId=conID: 2 locID: 102665036031328689 bcsId: 0,size=2097152]} | ret=SUCCESS |  
2019-08-23 07:08:51,829 | INFO  | DNAudit | user=null | ip=null | op=WRITE_CHUNK {blockData=conID: 2 locID: 102665036031328689 bcsId: 1186} | ret=SUCCESS |  
2019-08-23 07:08:51,832 | INFO  | DNAudit | user=null | ip=null | op=WRITE_CHUNK {blockData=conID: 2 locID: 102665036031328689 bcsId: 1186} | ret=SUCCESS |  
2019-08-23 07:08:51,833 | INFO  | DNAudit | user=null | ip=null | op=WRITE_CHUNK {blockData=conID: 2 locID: 102665036031328689 bcsId: 1186} | ret=SUCCESS |  
2019-08-23 07:08:51,835 | INFO  | DNAudit | user=null | ip=null | op=WRITE_CHUNK {blockData=conID: 2 locID: 102665036031328689 bcsId: 1186} | ret=SUCCESS |  
2019-08-23 07:08:51,836 | INFO  | DNAudit | user=null | ip=null | op=PUT_BLOCK {blockData=[blockId=conID: 2 locID: 102665036031328689 bcsId: 0,size=3145728]} | ret=SUCCESS |  
2019-08-23 07:08:51,836 [grpc-default-executor-3] INFO  client.GrpcClientProtocolClient (GrpcClientProtocolClient.java:onNext(255)) - client-D91E5D1E15CE->f2ba01fc-a63e-4348-bd18-030b60a135e7: receive RaftClientReply:client-D91E5D1E15CE->f2ba01fc-a63e-4348-bd18-030b60a135e7@group-C8C62FEF0626, cid=898, SUCCESS, logIndex=1191, commits[f2ba01fc-a63e-4348-bd18-030b60a135e7:c1192, eab135d4-a257-4705-b491-6c056b8c5df7:c1190, a4f67574-9018-43e7-8a54-351e98dc3d0a:c1190]
2019-08-23 07:08:51,837 [grpc-default-executor-3] INFO  client.GrpcClientProtocolClient (GrpcClientProtocolClient.java:onNext(255)) - client-D91E5D1E15CE->f2ba01fc-a63e-4348-bd18-030b60a135e7: receive RaftClientReply:client-D91E5D1E15CE->f2ba01fc-a63e-4348-bd18-030b60a135e7@group-C8C62FEF0626, cid=899, SUCCESS, logIndex=1192, commits[f2ba01fc-a63e-4348-bd18-030b60a135e7:c1192, eab135d4-a257-4705-b491-6c056b8c5df7:c1190, a4f67574-9018-43e7-8a54-351e98dc3d0a:c1190]
2019-08-23 07:08:51,837 | INFO  | DNAudit | user=null | ip=null | op=WRITE_CHUNK {blockData=conID: 2 locID: 102665036031328689 bcsId: 1186} | ret=SUCCESS |  
2019-08-23 07:08:51,837 | INFO  | DNAudit | user=null | ip=null | op=WRITE_CHUNK {blockData=conID: 2 locID: 102665036031328689 bcsId: 1186} | ret=SUCCESS |  
2019-08-23 07:08:51,837 | INFO  | DNAudit | user=null | ip=null | op=PUT_BLOCK {blockData=[blockId=conID: 2 locID: 102665036031328689 bcsId: 0,size=3145728]} | ret=SUCCESS |  
2019-08-23 07:08:51,837 | INFO  | DNAudit | user=null | ip=null | op=PUT_BLOCK {blockData=[blockId=conID: 2 locID: 102665036031328689 bcsId: 0,size=3145728]} | ret=SUCCESS |  
2019-08-23 07:08:51,844 | INFO  | DNAudit | user=null | ip=null | op=WRITE_CHUNK {blockData=conID: 2 locID: 102665036031328689 bcsId: 1192} | ret=SUCCESS |  
2019-08-23 07:08:51,847 | INFO  | DNAudit | user=null | ip=null | op=WRITE_CHUNK {blockData=conID: 2 locID: 102665036031328689 bcsId: 1192} | ret=SUCCESS |  
2019-08-23 07:08:51,848 | INFO  | DNAudit | user=null | ip=null | op=WRITE_CHUNK {blockData=conID: 2 locID: 102665036031328689 bcsId: 1192} | ret=SUCCESS |  
2019-08-23 07:08:51,850 | INFO  | DNAudit | user=null | ip=null | op=WRITE_CHUNK {blockData=conID: 2 locID: 102665036031328689 bcsId: 1192} | ret=SUCCESS |  
2019-08-23 07:08:51,851 | INFO  | DNAudit | user=null | ip=null | op=PUT_BLOCK {blockData=[blockId=conID: 2 locID: 102665036031328689 bcsId: 0,size=4194304]} | ret=SUCCESS |  
2019-08-23 07:08:51,851 [grpc-default-executor-6] INFO  client.GrpcClientProtocolClient (GrpcClientProtocolClient.java:onNext(255)) - client-D91E5D1E15CE->f2ba01fc-a63e-4348-bd18-030b60a135e7: receive RaftClientReply:client-D91E5D1E15CE->f2ba01fc-a63e-4348-bd18-030b60a135e7@group-C8C62FEF0626, cid=900, SUCCESS, logIndex=1195, commits[f2ba01fc-a63e-4348-bd18-030b60a135e7:c1196, eab135d4-a257-4705-b491-6c056b8c5df7:c1194, a4f67574-9018-43e7-8a54-351e98dc3d0a:c1194]
2019-08-23 07:08:51,852 [grpc-default-executor-6] INFO  client.GrpcClientProtocolClient (GrpcClientProtocolClient.java:onNext(255)) - client-D91E5D1E15CE->f2ba01fc-a63e-4348-bd18-030b60a135e7: receive RaftClientReply:client-D91E5D1E15CE->f2ba01fc-a63e-4348-bd18-030b60a135e7@group-C8C62FEF0626, cid=901, SUCCESS, logIndex=1196, commits[f2ba01fc-a63e-4348-bd18-030b60a135e7:c1196, eab135d4-a257-4705-b491-6c056b8c5df7:c1194, a4f67574-9018-43e7-8a54-351e98dc3d0a:c1194]
2019-08-23 07:08:51,852 | INFO  | DNAudit | user=null | ip=null | op=WRITE_CHUNK {blockData=conID: 2 locID: 102665036031328689 bcsId: 1192} | ret=SUCCESS |  
2019-08-23 07:08:51,852 | INFO  | DNAudit | user=null | ip=null | op=WRITE_CHUNK {blockData=conID: 2 locID: 102665036031328689 bcsId: 1192} | ret=SUCCESS |  
2019-08-23 07:08:51,853 | INFO  | DNAudit | user=null | ip=null | op=PUT_BLOCK {blockData=[blockId=conID: 2 locID: 102665036031328689 bcsId: 0,size=4194304]} | ret=SUCCESS |  
2019-08-23 07:08:51,854 | INFO  | DNAudit | user=null | ip=null | op=PUT_BLOCK {blockData=[blockId=conID: 2 locID: 102665036031328689 bcsId: 0,size=4194304]} | ret=SUCCESS |  
2019-08-23 07:08:51,854 [grpc-default-executor-3] INFO  client.GrpcClientProtocolClient (GrpcClientProtocolClient.java:onNext(255)) - client-D91E5D1E15CE->f2ba01fc-a63e-4348-bd18-030b60a135e7: receive RaftClientReply:client-D91E5D1E15CE->f2ba01fc-a63e-4348-bd18-030b60a135e7@group-C8C62FEF0626, cid=902, SUCCESS, logIndex=0, commits[f2ba01fc-a63e-4348-bd18-030b60a135e7:c1197, eab135d4-a257-4705-b491-6c056b8c5df7:c1196, a4f67574-9018-43e7-8a54-351e98dc3d0a:c1196]
2019-08-23 07:08:51,861 | INFO  | DNAudit | user=null | ip=null | op=WRITE_CHUNK {blockData=conID: 3 locID: 102665036031328690 bcsId: 0} | ret=SUCCESS |  
2019-08-23 07:08:51,864 | INFO  | DNAudit | user=null | ip=null | op=WRITE_CHUNK {blockData=conID: 3 locID: 102665036031328690 bcsId: 0} | ret=SUCCESS |  
2019-08-23 07:08:51,864 | INFO  | DNAudit | user=null | ip=null | op=WRITE_CHUNK {blockData=conID: 3 locID: 102665036031328690 bcsId: 0} | ret=SUCCESS |  
2019-08-23 07:08:51,864 | INFO  | DNAudit | user=null | ip=null | op=WRITE_CHUNK {blockData=conID: 3 locID: 102665036031328690 bcsId: 0} | ret=SUCCESS |  
2019-08-23 07:08:51,866 | INFO  | DNAudit | user=null | ip=null | op=WRITE_CHUNK {blockData=conID: 3 locID: 102665036031328690 bcsId: 0} | ret=SUCCESS |  
2019-08-23 07:08:51,867 | INFO  | DNAudit | user=null | ip=null | op=WRITE_CHUNK {blockData=conID: 3 locID: 102665036031328690 bcsId: 0} | ret=SUCCESS |  
 0.00% |█                                                                                                    |  0/1 Time: 0:00:032019-08-23 07:08:51,881 | INFO  | DNAudit | user=null | ip=null | op=WRITE_CHUNK {blockData=conID: 3 locID: 102665036031328690 bcsId: 0} | ret=SUCCESS |  
2019-08-23 07:08:51,881 | INFO  | DNAudit | user=null | ip=null | op=PUT_BLOCK {blockData=[blockId=conID: 3 locID: 102665036031328690 bcsId: 0,size=1048576]} | ret=SUCCESS |  
2019-08-23 07:08:51,881 [grpc-default-executor-3] INFO  client.GrpcClientProtocolClient (GrpcClientProtocolClient.java:onNext(255)) - client-D91E5D1E15CE->f2ba01fc-a63e-4348-bd18-030b60a135e7: receive RaftClientReply:client-D91E5D1E15CE->f2ba01fc-a63e-4348-bd18-030b60a135e7@group-C8C62FEF0626, cid=903, SUCCESS, logIndex=1199, commits[f2ba01fc-a63e-4348-bd18-030b60a135e7:c1200, eab135d4-a257-4705-b491-6c056b8c5df7:c1198, a4f67574-9018-43e7-8a54-351e98dc3d0a:c1198]
2019-08-23 07:08:51,882 | INFO  | DNAudit | user=null | ip=null | op=WRITE_CHUNK {blockData=conID: 3 locID: 102665036031328690 bcsId: 0} | ret=SUCCESS |  
2019-08-23 07:08:51,882 [grpc-default-executor-3] INFO  client.GrpcClientProtocolClient (GrpcClientProtocolClient.java:onNext(255)) - client-D91E5D1E15CE->f2ba01fc-a63e-4348-bd18-030b60a135e7: receive RaftClientReply:client-D91E5D1E15CE->f2ba01fc-a63e-4348-bd18-030b60a135e7@group-C8C62FEF0626, cid=904, SUCCESS, logIndex=1200, commits[f2ba01fc-a63e-4348-bd18-030b60a135e7:c1200, eab135d4-a257-4705-b491-6c056b8c5df7:c1198, a4f67574-9018-43e7-8a54-351e98dc3d0a:c1198]
2019-08-23 07:08:51,882 | INFO  | DNAudit | user=null | ip=null | op=PUT_BLOCK {blockData=[blockId=conID: 3 locID: 102665036031328690 bcsId: 0,size=2097152]} | ret=SUCCESS |  
2019-08-23 07:08:51,882 [grpc-default-executor-3] INFO  client.GrpcClientProtocolClient (GrpcClientProtocolClient.java:onNext(255)) - client-D91E5D1E15CE->f2ba01fc-a63e-4348-bd18-030b60a135e7: receive RaftClientReply:client-D91E5D1E15CE->f2ba01fc-a63e-4348-bd18-030b60a135e7@group-C8C62FEF0626, cid=905, SUCCESS, logIndex=1201, commits[f2ba01fc-a63e-4348-bd18-030b60a135e7:c1202, eab135d4-a257-4705-b491-6c056b8c5df7:c1198, a4f67574-9018-43e7-8a54-351e98dc3d0a:c1198]
2019-08-23 07:08:51,883 [grpc-default-executor-4] INFO  client.GrpcClientProtocolClient (GrpcClientProtocolClient.java:onNext(255)) - client-D91E5D1E15CE->f2ba01fc-a63e-4348-bd18-030b60a135e7: receive RaftClientReply:client-D91E5D1E15CE->f2ba01fc-a63e-4348-bd18-030b60a135e7@group-C8C62FEF0626, cid=906, SUCCESS, logIndex=1202, commits[f2ba01fc-a63e-4348-bd18-030b60a135e7:c1202, eab135d4-a257-4705-b491-6c056b8c5df7:c1198, a4f67574-9018-43e7-8a54-351e98dc3d0a:c1198]
2019-08-23 07:08:51,883 | INFO  | DNAudit | user=null | ip=null | op=WRITE_CHUNK {blockData=conID: 3 locID: 102665036031328690 bcsId: 0} | ret=SUCCESS |  
2019-08-23 07:08:51,883 | INFO  | DNAudit | user=null | ip=null | op=PUT_BLOCK {blockData=[blockId=conID: 3 locID: 102665036031328690 bcsId: 0,size=1048576]} | ret=SUCCESS |  
2019-08-23 07:08:51,884 | INFO  | DNAudit | user=null | ip=null | op=WRITE_CHUNK {blockData=conID: 3 locID: 102665036031328690 bcsId: 0} | ret=SUCCESS |  
2019-08-23 07:08:51,884 | INFO  | DNAudit | user=null | ip=null | op=PUT_BLOCK {blockData=[blockId=conID: 3 locID: 102665036031328690 bcsId: 0,size=1048576]} | ret=SUCCESS |  
2019-08-23 07:08:51,884 | INFO  | DNAudit | user=null | ip=null | op=WRITE_CHUNK {blockData=conID: 3 locID: 102665036031328690 bcsId: 0} | ret=SUCCESS |  
2019-08-23 07:08:51,884 | INFO  | DNAudit | user=null | ip=null | op=WRITE_CHUNK {blockData=conID: 3 locID: 102665036031328690 bcsId: 0} | ret=SUCCESS |  
2019-08-23 07:08:51,884 [grpc-default-executor-3] INFO  client.GrpcClientProtocolClient (GrpcClientProtocolClient.java:onNext(255)) - client-D91E5D1E15CE->f2ba01fc-a63e-4348-bd18-030b60a135e7: receive RaftClientReply:client-D91E5D1E15CE->f2ba01fc-a63e-4348-bd18-030b60a135e7@group-C8C62FEF0626, cid=907, SUCCESS, logIndex=0, commits[f2ba01fc-a63e-4348-bd18-030b60a135e7:c1204, eab135d4-a257-4705-b491-6c056b8c5df7:c1200, a4f67574-9018-43e7-8a54-351e98dc3d0a:c1200]
2019-08-23 07:08:51,884 | INFO  | DNAudit | user=null | ip=null | op=PUT_BLOCK {blockData=[blockId=conID: 3 locID: 102665036031328690 bcsId: 0,size=2097152]} | ret=SUCCESS |  
2019-08-23 07:08:51,884 | INFO  | DNAudit | user=null | ip=null | op=PUT_BLOCK {blockData=[blockId=conID: 3 locID: 102665036031328690 bcsId: 0,size=2097152]} | ret=SUCCESS |  
2019-08-23 07:08:51,891 | INFO  | DNAudit | user=null | ip=null | op=WRITE_CHUNK {blockData=conID: 3 locID: 102665036031328690 bcsId: 1202} | ret=SUCCESS |  
2019-08-23 07:08:51,893 | INFO  | DNAudit | user=null | ip=null | op=WRITE_CHUNK {blockData=conID: 3 locID: 102665036031328690 bcsId: 1202} | ret=SUCCESS |  
2019-08-23 07:08:51,894 | INFO  | DNAudit | user=null | ip=null | op=WRITE_CHUNK {blockData=conID: 3 locID: 102665036031328690 bcsId: 1202} | ret=SUCCESS |  
2019-08-23 07:08:51,901 | INFO  | DNAudit | user=null | ip=null | op=WRITE_CHUNK {blockData=conID: 3 locID: 102665036031328690 bcsId: 1202} | ret=SUCCESS |  
2019-08-23 07:08:51,901 | INFO  | DNAudit | user=null | ip=null | op=PUT_BLOCK {blockData=[blockId=conID: 3 locID: 102665036031328690 bcsId: 0,size=3145728]} | ret=SUCCESS |  
2019-08-23 07:08:51,901 [grpc-default-executor-3] INFO  client.GrpcClientProtocolClient (GrpcClientProtocolClient.java:onNext(255)) - client-D91E5D1E15CE->f2ba01fc-a63e-4348-bd18-030b60a135e7: receive RaftClientReply:client-D91E5D1E15CE->f2ba01fc-a63e-4348-bd18-030b60a135e7@group-C8C62FEF0626, cid=908, SUCCESS, logIndex=1206, commits[f2ba01fc-a63e-4348-bd18-030b60a135e7:c1207, eab135d4-a257-4705-b491-6c056b8c5df7:c1202, a4f67574-9018-43e7-8a54-351e98dc3d0a:c1205]
2019-08-23 07:08:51,902 [grpc-default-executor-3] INFO  client.GrpcClientProtocolClient (GrpcClientProtocolClient.java:onNext(255)) - client-D91E5D1E15CE->f2ba01fc-a63e-4348-bd18-030b60a135e7: receive RaftClientReply:client-D91E5D1E15CE->f2ba01fc-a63e-4348-bd18-030b60a135e7@group-C8C62FEF0626, cid=909, SUCCESS, logIndex=1207, commits[f2ba01fc-a63e-4348-bd18-030b60a135e7:c1207, eab135d4-a257-4705-b491-6c056b8c5df7:c1205, a4f67574-9018-43e7-8a54-351e98dc3d0a:c1205]
2019-08-23 07:08:51,902 | INFO  | DNAudit | user=null | ip=null | op=WRITE_CHUNK {blockData=conID: 3 locID: 102665036031328690 bcsId: 1202} | ret=SUCCESS |  
2019-08-23 07:08:51,902 | INFO  | DNAudit | user=null | ip=null | op=PUT_BLOCK {blockData=[blockId=conID: 3 locID: 102665036031328690 bcsId: 0,size=3145728]} | ret=SUCCESS |  
2019-08-23 07:08:51,903 | INFO  | DNAudit | user=null | ip=null | op=WRITE_CHUNK {blockData=conID: 3 locID: 102665036031328690 bcsId: 1202} | ret=SUCCESS |  
2019-08-23 07:08:51,903 | INFO  | DNAudit | user=null | ip=null | op=PUT_BLOCK {blockData=[blockId=conID: 3 locID: 102665036031328690 bcsId: 0,size=3145728]} | ret=SUCCESS |  
2019-08-23 07:08:51,908 | INFO  | DNAudit | user=null | ip=null | op=WRITE_CHUNK {blockData=conID: 3 locID: 102665036031328690 bcsId: 1207} | ret=SUCCESS |  
2019-08-23 07:08:51,911 | INFO  | DNAudit | user=null | ip=null | op=WRITE_CHUNK {blockData=conID: 3 locID: 102665036031328690 bcsId: 1207} | ret=SUCCESS |  
2019-08-23 07:08:51,911 | INFO  | DNAudit | user=null | ip=null | op=WRITE_CHUNK {blockData=conID: 3 locID: 102665036031328690 bcsId: 1207} | ret=SUCCESS |  
2019-08-23 07:08:51,929 | INFO  | DNAudit | user=null | ip=null | op=WRITE_CHUNK {blockData=conID: 3 locID: 102665036031328690 bcsId: 1207} | ret=SUCCESS |  
2019-08-23 07:08:51,929 | INFO  | DNAudit | user=null | ip=null | op=PUT_BLOCK {blockData=[blockId=conID: 3 locID: 102665036031328690 bcsId: 0,size=4194304]} | ret=SUCCESS |  
2019-08-23 07:08:51,929 [grpc-default-executor-3] INFO  client.GrpcClientProtocolClient (GrpcClientProtocolClient.java:onNext(255)) - client-D91E5D1E15CE->f2ba01fc-a63e-4348-bd18-030b60a135e7: receive RaftClientReply:client-D91E5D1E15CE->f2ba01fc-a63e-4348-bd18-030b60a135e7@group-C8C62FEF0626, cid=910, SUCCESS, logIndex=1210, commits[f2ba01fc-a63e-4348-bd18-030b60a135e7:c1211, eab135d4-a257-4705-b491-6c056b8c5df7:c1209, a4f67574-9018-43e7-8a54-351e98dc3d0a:c1209]
2019-08-23 07:08:51,930 [grpc-default-executor-3] INFO  client.GrpcClientProtocolClient (GrpcClientProtocolClient.java:onNext(255)) - client-D91E5D1E15CE->f2ba01fc-a63e-4348-bd18-030b60a135e7: receive RaftClientReply:client-D91E5D1E15CE->f2ba01fc-a63e-4348-bd18-030b60a135e7@group-C8C62FEF0626, cid=911, SUCCESS, logIndex=1211, commits[f2ba01fc-a63e-4348-bd18-030b60a135e7:c1211, eab135d4-a257-4705-b491-6c056b8c5df7:c1209, a4f67574-9018-43e7-8a54-351e98dc3d0a:c1209]
2019-08-23 07:08:51,935 | INFO  | SCMAudit | user=jenkins1000 | ip=192.168.5.178 | op=SEND_HEARTBEAT {datanodeUUID=5c311bc2-cc7c-45de-998f-f79499d85d4e, command=[]} | ret=SUCCESS |  
2019-08-23 07:08:52,117 | INFO  | DNAudit | user=null | ip=null | op=WRITE_CHUNK {blockData=conID: 3 locID: 102665036031328690 bcsId: 1207} | ret=SUCCESS |  
2019-08-23 07:08:52,117 | INFO  | DNAudit | user=null | ip=null | op=WRITE_CHUNK {blockData=conID: 3 locID: 102665036031328690 bcsId: 1207} | ret=SUCCESS |  
2019-08-23 07:08:52,127 | INFO  | DNAudit | user=null | ip=null | op=PUT_BLOCK {blockData=[blockId=conID: 3 locID: 102665036031328690 bcsId: 0,size=4194304]} | ret=SUCCESS |  
2019-08-23 07:08:52,128 | INFO  | DNAudit | user=null | ip=null | op=PUT_BLOCK {blockData=[blockId=conID: 3 locID: 102665036031328690 bcsId: 0,size=4194304]} | ret=SUCCESS |  
2019-08-23 07:08:52,129 [grpc-default-executor-3] INFO  client.GrpcClientProtocolClient (GrpcClientProtocolClient.java:onNext(255)) - client-D91E5D1E15CE->f2ba01fc-a63e-4348-bd18-030b60a135e7: receive RaftClientReply:client-D91E5D1E15CE->f2ba01fc-a63e-4348-bd18-030b60a135e7@group-C8C62FEF0626, cid=912, SUCCESS, logIndex=0, commits[f2ba01fc-a63e-4348-bd18-030b60a135e7:c1213, eab135d4-a257-4705-b491-6c056b8c5df7:c1211, a4f67574-9018-43e7-8a54-351e98dc3d0a:c1211]
2019-08-23 07:08:52,136 | INFO  | DNAudit | user=null | ip=null | op=WRITE_CHUNK {blockData=conID: 1 locID: 102665036031328691 bcsId: 0} | ret=SUCCESS |  
2019-08-23 07:08:52,140 | INFO  | DNAudit | user=null | ip=null | op=WRITE_CHUNK {blockData=conID: 1 locID: 102665036031328691 bcsId: 0} | ret=SUCCESS |  
2019-08-23 07:08:52,140 | INFO  | DNAudit | user=null | ip=null | op=WRITE_CHUNK {blockData=conID: 1 locID: 102665036031328691 bcsId: 0} | ret=SUCCESS |  
2019-08-23 07:08:52,140 | INFO  | DNAudit | user=null | ip=null | op=WRITE_CHUNK {blockData=conID: 1 locID: 102665036031328691 bcsId: 0} | ret=SUCCESS |  
2019-08-23 07:08:52,143 | INFO  | DNAudit | user=null | ip=null | op=WRITE_CHUNK {blockData=conID: 1 locID: 102665036031328691 bcsId: 0} | ret=SUCCESS |  
2019-08-23 07:08:52,143 | INFO  | DNAudit | user=null | ip=null | op=WRITE_CHUNK {blockData=conID: 1 locID: 102665036031328691 bcsId: 0} | ret=SUCCESS |  
2019-08-23 07:08:52,143 | INFO  | SCMAudit | user=jenkins1000 | ip=192.168.5.178 | op=SEND_HEARTBEAT {datanodeUUID=b7d3ecaa-ab76-49a0-b691-40b7e1ed625a, command=[]} | ret=SUCCESS |  
2019-08-23 07:08:52,147 | INFO  | DNAudit | user=null | ip=null | op=WRITE_CHUNK {blockData=conID: 1 locID: 102665036031328691 bcsId: 0} | ret=SUCCESS |  
2019-08-23 07:08:52,147 | INFO  | DNAudit | user=null | ip=null | op=PUT_BLOCK {blockData=[blockId=conID: 1 locID: 102665036031328691 bcsId: 0,size=1048576]} | ret=SUCCESS |  
2019-08-23 07:08:52,148 | INFO  | DNAudit | user=null | ip=null | op=WRITE_CHUNK {blockData=conID: 1 locID: 102665036031328691 bcsId: 0} | ret=SUCCESS |  
2019-08-23 07:08:52,148 [grpc-default-executor-3] INFO  client.GrpcClientProtocolClient (GrpcClientProtocolClient.java:onNext(255)) - client-D91E5D1E15CE->f2ba01fc-a63e-4348-bd18-030b60a135e7: receive RaftClientReply:client-D91E5D1E15CE->f2ba01fc-a63e-4348-bd18-030b60a135e7@group-C8C62FEF0626, cid=913, SUCCESS, logIndex=1214, commits[f2ba01fc-a63e-4348-bd18-030b60a135e7:c1215, eab135d4-a257-4705-b491-6c056b8c5df7:c1213, a4f67574-9018-43e7-8a54-351e98dc3d0a:c1213]
2019-08-23 07:08:52,149 | INFO  | DNAudit | user=null | ip=null | op=PUT_BLOCK {blockData=[blockId=conID: 1 locID: 102665036031328691 bcsId: 0,size=2097152]} | ret=SUCCESS |  
2019-08-23 07:08:52,149 | INFO  | DNAudit | user=null | ip=null | op=WRITE_CHUNK {blockData=conID: 1 locID: 102665036031328691 bcsId: 0} | ret=SUCCESS |  
2019-08-23 07:08:52,149 [grpc-default-executor-3] INFO  client.GrpcClientProtocolClient (GrpcClientProtocolClient.java:onNext(255)) - client-D91E5D1E15CE->f2ba01fc-a63e-4348-bd18-030b60a135e7: receive RaftClientReply:client-D91E5D1E15CE->f2ba01fc-a63e-4348-bd18-030b60a135e7@group-C8C62FEF0626, cid=914, SUCCESS, logIndex=1215, commits[f2ba01fc-a63e-4348-bd18-030b60a135e7:c1216, eab135d4-a257-4705-b491-6c056b8c5df7:c1213, a4f67574-9018-43e7-8a54-351e98dc3d0a:c1213]
2019-08-23 07:08:52,149 | INFO  | DNAudit | user=null | ip=null | op=PUT_BLOCK {blockData=[blockId=conID: 1 locID: 102665036031328691 bcsId: 0,size=1048576]} | ret=SUCCESS |  
2019-08-23 07:08:52,149 [grpc-default-executor-3] INFO  client.GrpcClientProtocolClient (GrpcClientProtocolClient.java:onNext(255)) - client-D91E5D1E15CE->f2ba01fc-a63e-4348-bd18-030b60a135e7: receive RaftClientReply:client-D91E5D1E15CE->f2ba01fc-a63e-4348-bd18-030b60a135e7@group-C8C62FEF0626, cid=915, SUCCESS, logIndex=1216, commits[f2ba01fc-a63e-4348-bd18-030b60a135e7:c1217, eab135d4-a257-4705-b491-6c056b8c5df7:c1213, a4f67574-9018-43e7-8a54-351e98dc3d0a:c1213]
2019-08-23 07:08:52,149 | INFO  | DNAudit | user=null | ip=null | op=WRITE_CHUNK {blockData=conID: 1 locID: 102665036031328691 bcsId: 0} | ret=SUCCESS |  
2019-08-23 07:08:52,150 | INFO  | DNAudit | user=null | ip=null | op=PUT_BLOCK {blockData=[blockId=conID: 1 locID: 102665036031328691 bcsId: 0,size=1048576]} | ret=SUCCESS |  
2019-08-23 07:08:52,150 | INFO  | DNAudit | user=null | ip=null | op=WRITE_CHUNK {blockData=conID: 1 locID: 102665036031328691 bcsId: 0} | ret=SUCCESS |  
2019-08-23 07:08:52,150 | INFO  | DNAudit | user=null | ip=null | op=PUT_BLOCK {blockData=[blockId=conID: 1 locID: 102665036031328691 bcsId: 0,size=2097152]} | ret=SUCCESS |  
2019-08-23 07:08:52,150 | INFO  | DNAudit | user=null | ip=null | op=WRITE_CHUNK {blockData=conID: 1 locID: 102665036031328691 bcsId: 0} | ret=SUCCESS |  
2019-08-23 07:08:52,150 [grpc-default-executor-3] INFO  client.GrpcClientProtocolClient (GrpcClientProtocolClient.java:onNext(255)) - client-D91E5D1E15CE->f2ba01fc-a63e-4348-bd18-030b60a135e7: receive RaftClientReply:client-D91E5D1E15CE->f2ba01fc-a63e-4348-bd18-030b60a135e7@group-C8C62FEF0626, cid=916, SUCCESS, logIndex=1217, commits[f2ba01fc-a63e-4348-bd18-030b60a135e7:c1217, eab135d4-a257-4705-b491-6c056b8c5df7:c1213, a4f67574-9018-43e7-8a54-351e98dc3d0a:c1213]
2019-08-23 07:08:52,151 | INFO  | DNAudit | user=null | ip=null | op=PUT_BLOCK {blockData=[blockId=conID: 1 locID: 102665036031328691 bcsId: 0,size=2097152]} | ret=SUCCESS |  
2019-08-23 07:08:52,152 [grpc-default-executor-2] INFO  client.GrpcClientProtocolClient (GrpcClientProtocolClient.java:onNext(255)) - client-D91E5D1E15CE->f2ba01fc-a63e-4348-bd18-030b60a135e7: receive RaftClientReply:client-D91E5D1E15CE->f2ba01fc-a63e-4348-bd18-030b60a135e7@group-C8C62FEF0626, cid=917, SUCCESS, logIndex=0, commits[f2ba01fc-a63e-4348-bd18-030b60a135e7:c1221, eab135d4-a257-4705-b491-6c056b8c5df7:c1217, a4f67574-9018-43e7-8a54-351e98dc3d0a:c1217]
2019-08-23 07:08:52,159 | INFO  | DNAudit | user=null | ip=null | op=WRITE_CHUNK {blockData=conID: 1 locID: 102665036031328691 bcsId: 1217} | ret=SUCCESS |  
2019-08-23 07:08:52,162 | INFO  | DNAudit | user=null | ip=null | op=WRITE_CHUNK {blockData=conID: 1 locID: 102665036031328691 bcsId: 1217} | ret=SUCCESS |  
2019-08-23 07:08:52,164 | INFO  | DNAudit | user=null | ip=null | op=WRITE_CHUNK {blockData=conID: 1 locID: 102665036031328691 bcsId: 1217} | ret=SUCCESS |  
2019-08-23 07:08:52,173 | INFO  | DNAudit | user=null | ip=null | op=WRITE_CHUNK {blockData=conID: 1 locID: 102665036031328691 bcsId: 1217} | ret=SUCCESS |  
2019-08-23 07:08:52,173 | INFO  | DNAudit | user=null | ip=null | op=PUT_BLOCK {blockData=[blockId=conID: 1 locID: 102665036031328691 bcsId: 0,size=3145728]} | ret=SUCCESS |  
2019-08-23 07:08:52,173 [grpc-default-executor-3] INFO  client.GrpcClientProtocolClient (GrpcClientProtocolClient.java:onNext(255)) - client-D91E5D1E15CE->f2ba01fc-a63e-4348-bd18-030b60a135e7: receive RaftClientReply:client-D91E5D1E15CE->f2ba01fc-a63e-4348-bd18-030b60a135e7@group-C8C62FEF0626, cid=918, SUCCESS, logIndex=1222, commits[f2ba01fc-a63e-4348-bd18-030b60a135e7:c1223, eab135d4-a257-4705-b491-6c056b8c5df7:c1221, a4f67574-9018-43e7-8a54-351e98dc3d0a:c1221]
2019-08-23 07:08:52,174 [grpc-default-executor-3] INFO  client.GrpcClientProtocolClient (GrpcClientProtocolClient.java:onNext(255)) - client-D91E5D1E15CE->f2ba01fc-a63e-4348-bd18-030b60a135e7: receive RaftClientReply:client-D91E5D1E15CE->f2ba01fc-a63e-4348-bd18-030b60a135e7@group-C8C62FEF0626, cid=919, SUCCESS, logIndex=1223, commits[f2ba01fc-a63e-4348-bd18-030b60a135e7:c1223, eab135d4-a257-4705-b491-6c056b8c5df7:c1221, a4f67574-9018-43e7-8a54-351e98dc3d0a:c1221]
2019-08-23 07:08:52,181 | INFO  | DNAudit | user=null | ip=null | op=WRITE_CHUNK {blockData=conID: 1 locID: 102665036031328691 bcsId: 1223} | ret=SUCCESS |  
2019-08-23 07:08:52,184 | INFO  | DNAudit | user=null | ip=null | op=WRITE_CHUNK {blockData=conID: 1 locID: 102665036031328691 bcsId: 1223} | ret=SUCCESS |  
2019-08-23 07:08:52,184 | INFO  | DNAudit | user=null | ip=null | op=WRITE_CHUNK {blockData=conID: 1 locID: 102665036031328691 bcsId: 1217} | ret=SUCCESS |  
2019-08-23 07:08:52,184 | INFO  | DNAudit | user=null | ip=null | op=WRITE_CHUNK {blockData=conID: 1 locID: 102665036031328691 bcsId: 1217} | ret=SUCCESS |  
2019-08-23 07:08:52,185 | INFO  | DNAudit | user=null | ip=null | op=WRITE_CHUNK {blockData=conID: 1 locID: 102665036031328691 bcsId: 1223} | ret=SUCCESS |  
2019-08-23 07:08:52,185 | INFO  | DNAudit | user=null | ip=null | op=PUT_BLOCK {blockData=[blockId=conID: 1 locID: 102665036031328691 bcsId: 0,size=3145728]} | ret=SUCCESS |  
2019-08-23 07:08:52,185 | INFO  | DNAudit | user=null | ip=null | op=PUT_BLOCK {blockData=[blockId=conID: 1 locID: 102665036031328691 bcsId: 0,size=3145728]} | ret=SUCCESS |  
2019-08-23 07:08:52,186 | INFO  | DNAudit | user=null | ip=null | op=WRITE_CHUNK {blockData=conID: 1 locID: 102665036031328691 bcsId: 1223} | ret=SUCCESS |  
2019-08-23 07:08:52,187 | INFO  | DNAudit | user=null | ip=null | op=PUT_BLOCK {blockData=[blockId=conID: 1 locID: 102665036031328691 bcsId: 0,size=4194304]} | ret=SUCCESS |  
2019-08-23 07:08:52,187 [grpc-default-executor-6] INFO  client.GrpcClientProtocolClient (GrpcClientProtocolClient.java:onNext(255)) - client-D91E5D1E15CE->f2ba01fc-a63e-4348-bd18-030b60a135e7: receive RaftClientReply:client-D91E5D1E15CE->f2ba01fc-a63e-4348-bd18-030b60a135e7@group-C8C62FEF0626, cid=920, SUCCESS, logIndex=1226, commits[f2ba01fc-a63e-4348-bd18-030b60a135e7:c1227, eab135d4-a257-4705-b491-6c056b8c5df7:c1223, a4f67574-9018-43e7-8a54-351e98dc3d0a:c1223]
2019-08-23 07:08:52,187 [grpc-default-executor-6] INFO  client.GrpcClientProtocolClient (GrpcClientProtocolClient.java:onNext(255)) - client-D91E5D1E15CE->f2ba01fc-a63e-4348-bd18-030b60a135e7: receive RaftClientReply:client-D91E5D1E15CE->f2ba01fc-a63e-4348-bd18-030b60a135e7@group-C8C62FEF0626, cid=921, SUCCESS, logIndex=1227, commits[f2ba01fc-a63e-4348-bd18-030b60a135e7:c1227, eab135d4-a257-4705-b491-6c056b8c5df7:c1223, a4f67574-9018-43e7-8a54-351e98dc3d0a:c1223]
2019-08-23 07:08:52,188 | INFO  | DNAudit | user=null | ip=null | op=WRITE_CHUNK {blockData=conID: 1 locID: 102665036031328691 bcsId: 1223} | ret=SUCCESS |  
2019-08-23 07:08:52,188 | INFO  | DNAudit | user=null | ip=null | op=WRITE_CHUNK {blockData=conID: 1 locID: 102665036031328691 bcsId: 1223} | ret=SUCCESS |  
2019-08-23 07:08:52,188 | INFO  | DNAudit | user=null | ip=null | op=PUT_BLOCK {blockData=[blockId=conID: 1 locID: 102665036031328691 bcsId: 0,size=4194304]} | ret=SUCCESS |  
2019-08-23 07:08:52,188 | INFO  | DNAudit | user=null | ip=null | op=PUT_BLOCK {blockData=[blockId=conID: 1 locID: 102665036031328691 bcsId: 0,size=4194304]} | ret=SUCCESS |  
2019-08-23 07:08:52,189 [grpc-default-executor-3] INFO  client.GrpcClientProtocolClient (GrpcClientProtocolClient.java:onNext(255)) - client-D91E5D1E15CE->f2ba01fc-a63e-4348-bd18-030b60a135e7: receive RaftClientReply:client-D91E5D1E15CE->f2ba01fc-a63e-4348-bd18-030b60a135e7@group-C8C62FEF0626, cid=922, SUCCESS, logIndex=0, commits[f2ba01fc-a63e-4348-bd18-030b60a135e7:c1228, eab135d4-a257-4705-b491-6c056b8c5df7:c1227, a4f67574-9018-43e7-8a54-351e98dc3d0a:c1227]
2019-08-23 07:08:52,196 | INFO  | DNAudit | user=null | ip=null | op=WRITE_CHUNK {blockData=conID: 2 locID: 102665036031328692 bcsId: 0} | ret=SUCCESS |  
2019-08-23 07:08:52,199 | INFO  | DNAudit | user=null | ip=null | op=WRITE_CHUNK {blockData=conID: 2 locID: 102665036031328692 bcsId: 0} | ret=SUCCESS |  
2019-08-23 07:08:52,200 | INFO  | DNAudit | user=null | ip=null | op=WRITE_CHUNK {blockData=conID: 2 locID: 102665036031328692 bcsId: 0} | ret=SUCCESS |  
2019-08-23 07:08:52,200 | INFO  | DNAudit | user=null | ip=null | op=WRITE_CHUNK {blockData=conID: 2 locID: 102665036031328692 bcsId: 0} | ret=SUCCESS |  
2019-08-23 07:08:52,201 | INFO  | DNAudit | user=null | ip=null | op=WRITE_CHUNK {blockData=conID: 2 locID: 102665036031328692 bcsId: 0} | ret=SUCCESS |  
2019-08-23 07:08:52,202 | INFO  | DNAudit | user=null | ip=null | op=WRITE_CHUNK {blockData=conID: 2 locID: 102665036031328692 bcsId: 0} | ret=SUCCESS |  
2019-08-23 07:08:52,208 | INFO  | DNAudit | user=null | ip=null | op=WRITE_CHUNK {blockData=conID: 2 locID: 102665036031328692 bcsId: 0} | ret=SUCCESS |  
2019-08-23 07:08:52,209 | INFO  | DNAudit | user=null | ip=null | op=PUT_BLOCK {blockData=[blockId=conID: 2 locID: 102665036031328692 bcsId: 0,size=1048576]} | ret=SUCCESS |  
2019-08-23 07:08:52,209 [grpc-default-executor-6] INFO  client.GrpcClientProtocolClient (GrpcClientProtocolClient.java:onNext(255)) - client-D91E5D1E15CE->f2ba01fc-a63e-4348-bd18-030b60a135e7: receive RaftClientReply:client-D91E5D1E15CE->f2ba01fc-a63e-4348-bd18-030b60a135e7@group-C8C62FEF0626, cid=923, SUCCESS, logIndex=1230, commits[f2ba01fc-a63e-4348-bd18-030b60a135e7:c1231, eab135d4-a257-4705-b491-6c056b8c5df7:c1229, a4f67574-9018-43e7-8a54-351e98dc3d0a:c1229]
2019-08-23 07:08:52,210 | INFO  | DNAudit | user=null | ip=null | op=WRITE_CHUNK {blockData=conID: 2 locID: 102665036031328692 bcsId: 0} | ret=SUCCESS |  
2019-08-23 07:08:52,210 [grpc-default-executor-6] INFO  client.GrpcClientProtocolClient (GrpcClientProtocolClient.java:onNext(255)) - client-D91E5D1E15CE->f2ba01fc-a63e-4348-bd18-030b60a135e7: receive RaftClientReply:client-D91E5D1E15CE->f2ba01fc-a63e-4348-bd18-030b60a135e7@group-C8C62FEF0626, cid=924, SUCCESS, logIndex=1231, commits[f2ba01fc-a63e-4348-bd18-030b60a135e7:c1231, eab135d4-a257-4705-b491-6c056b8c5df7:c1229, a4f67574-9018-43e7-8a54-351e98dc3d0a:c1229]
2019-08-23 07:08:52,210 | INFO  | DNAudit | user=null | ip=null | op=WRITE_CHUNK {blockData=conID: 2 locID: 102665036031328692 bcsId: 0} | ret=SUCCESS |  
2019-08-23 07:08:52,210 | INFO  | DNAudit | user=null | ip=null | op=PUT_BLOCK {blockData=[blockId=conID: 2 locID: 102665036031328692 bcsId: 0,size=1048576]} | ret=SUCCESS |  
2019-08-23 07:08:52,210 | INFO  | DNAudit | user=null | ip=null | op=PUT_BLOCK {blockData=[blockId=conID: 2 locID: 102665036031328692 bcsId: 0,size=2097152]} | ret=SUCCESS |  
2019-08-23 07:08:52,211 | INFO  | DNAudit | user=null | ip=null | op=WRITE_CHUNK {blockData=conID: 2 locID: 102665036031328692 bcsId: 0} | ret=SUCCESS |  
2019-08-23 07:08:52,211 [grpc-default-executor-3] INFO  client.GrpcClientProtocolClient (GrpcClientProtocolClient.java:onNext(255)) - client-D91E5D1E15CE->f2ba01fc-a63e-4348-bd18-030b60a135e7: receive RaftClientReply:client-D91E5D1E15CE->f2ba01fc-a63e-4348-bd18-030b60a135e7@group-C8C62FEF0626, cid=925, SUCCESS, logIndex=1232, commits[f2ba01fc-a63e-4348-bd18-030b60a135e7:c1233, eab135d4-a257-4705-b491-6c056b8c5df7:c1229, a4f67574-9018-43e7-8a54-351e98dc3d0a:c1229]
2019-08-23 07:08:52,211 | INFO  | DNAudit | user=null | ip=null | op=PUT_BLOCK {blockData=[blockId=conID: 2 locID: 102665036031328692 bcsId: 0,size=1048576]} | ret=SUCCESS |  
2019-08-23 07:08:52,211 | INFO  | DNAudit | user=null | ip=null | op=WRITE_CHUNK {blockData=conID: 2 locID: 102665036031328692 bcsId: 0} | ret=SUCCESS |  
2019-08-23 07:08:52,211 [grpc-default-executor-3] INFO  client.GrpcClientProtocolClient (GrpcClientProtocolClient.java:onNext(255)) - client-D91E5D1E15CE->f2ba01fc-a63e-4348-bd18-030b60a135e7: receive RaftClientReply:client-D91E5D1E15CE->f2ba01fc-a63e-4348-bd18-030b60a135e7@group-C8C62FEF0626, cid=926, SUCCESS, logIndex=1233, commits[f2ba01fc-a63e-4348-bd18-030b60a135e7:c1235, eab135d4-a257-4705-b491-6c056b8c5df7:c1231, a4f67574-9018-43e7-8a54-351e98dc3d0a:c1229]
2019-08-23 07:08:52,212 | INFO  | DNAudit | user=null | ip=null | op=WRITE_CHUNK {blockData=conID: 2 locID: 102665036031328692 bcsId: 0} | ret=SUCCESS |  
2019-08-23 07:08:52,212 | INFO  | DNAudit | user=null | ip=null | op=PUT_BLOCK {blockData=[blockId=conID: 2 locID: 102665036031328692 bcsId: 0,size=2097152]} | ret=SUCCESS |  
2019-08-23 07:08:52,212 [grpc-default-executor-3] INFO  client.GrpcClientProtocolClient (GrpcClientProtocolClient.java:onNext(255)) - client-D91E5D1E15CE->f2ba01fc-a63e-4348-bd18-030b60a135e7: receive RaftClientReply:client-D91E5D1E15CE->f2ba01fc-a63e-4348-bd18-030b60a135e7@group-C8C62FEF0626, cid=927, SUCCESS, logIndex=0, commits[f2ba01fc-a63e-4348-bd18-030b60a135e7:c1236, eab135d4-a257-4705-b491-6c056b8c5df7:c1232, a4f67574-9018-43e7-8a54-351e98dc3d0a:c1231]
2019-08-23 07:08:52,212 | INFO  | DNAudit | user=null | ip=null | op=PUT_BLOCK {blockData=[blockId=conID: 2 locID: 102665036031328692 bcsId: 0,size=2097152]} | ret=SUCCESS |  
2019-08-23 07:08:52,219 | INFO  | DNAudit | user=null | ip=null | op=WRITE_CHUNK {blockData=conID: 2 locID: 102665036031328692 bcsId: 1233} | ret=SUCCESS |  
2019-08-23 07:08:52,222 | INFO  | DNAudit | user=null | ip=null | op=WRITE_CHUNK {blockData=conID: 2 locID: 102665036031328692 bcsId: 1233} | ret=SUCCESS |  
2019-08-23 07:08:52,222 | INFO  | DNAudit | user=null | ip=null | op=WRITE_CHUNK {blockData=conID: 2 locID: 102665036031328692 bcsId: 1233} | ret=SUCCESS |  
2019-08-23 07:08:52,232 | INFO  | DNAudit | user=null | ip=null | op=WRITE_CHUNK {blockData=conID: 2 locID: 102665036031328692 bcsId: 1233} | ret=SUCCESS |  
2019-08-23 07:08:52,232 | INFO  | DNAudit | user=null | ip=null | op=PUT_BLOCK {blockData=[blockId=conID: 2 locID: 102665036031328692 bcsId: 0,size=3145728]} | ret=SUCCESS |  
2019-08-23 07:08:52,233 [grpc-default-executor-6] INFO  client.GrpcClientProtocolClient (GrpcClientProtocolClient.java:onNext(255)) - client-D91E5D1E15CE->f2ba01fc-a63e-4348-bd18-030b60a135e7: receive RaftClientReply:client-D91E5D1E15CE->f2ba01fc-a63e-4348-bd18-030b60a135e7@group-C8C62FEF0626, cid=928, SUCCESS, logIndex=1238, commits[f2ba01fc-a63e-4348-bd18-030b60a135e7:c1239, eab135d4-a257-4705-b491-6c056b8c5df7:c1237, a4f67574-9018-43e7-8a54-351e98dc3d0a:c1237]
2019-08-23 07:08:52,233 [grpc-default-executor-6] INFO  client.GrpcClientProtocolClient (GrpcClientProtocolClient.java:onNext(255)) - client-D91E5D1E15CE->f2ba01fc-a63e-4348-bd18-030b60a135e7: receive RaftClientReply:client-D91E5D1E15CE->f2ba01fc-a63e-4348-bd18-030b60a135e7@group-C8C62FEF0626, cid=929, SUCCESS, logIndex=1239, commits[f2ba01fc-a63e-4348-bd18-030b60a135e7:c1239, eab135d4-a257-4705-b491-6c056b8c5df7:c1237, a4f67574-9018-43e7-8a54-351e98dc3d0a:c1237]
2019-08-23 07:08:52,239 | INFO  | DNAudit | user=null | ip=null | op=WRITE_CHUNK {blockData=conID: 2 locID: 102665036031328692 bcsId: 1239} | ret=SUCCESS |  
2019-08-23 07:08:52,242 | INFO  | DNAudit | user=null | ip=null | op=WRITE_CHUNK {blockData=conID: 2 locID: 102665036031328692 bcsId: 1239} | ret=SUCCESS |  
2019-08-23 07:08:52,242 | INFO  | DNAudit | user=null | ip=null | op=WRITE_CHUNK {blockData=conID: 2 locID: 102665036031328692 bcsId: 1239} | ret=SUCCESS |  
2019-08-23 07:08:52,244 | INFO  | DNAudit | user=null | ip=null | op=WRITE_CHUNK {blockData=conID: 2 locID: 102665036031328692 bcsId: 1233} | ret=SUCCESS |  
2019-08-23 07:08:52,244 | INFO  | DNAudit | user=null | ip=null | op=PUT_BLOCK {blockData=[blockId=conID: 2 locID: 102665036031328692 bcsId: 0,size=3145728]} | ret=SUCCESS |  
2019-08-23 07:08:52,244 | INFO  | DNAudit | user=null | ip=null | op=WRITE_CHUNK {blockData=conID: 2 locID: 102665036031328692 bcsId: 1233} | ret=SUCCESS |  
2019-08-23 07:08:52,244 | INFO  | DNAudit | user=null | ip=null | op=PUT_BLOCK {blockData=[blockId=conID: 2 locID: 102665036031328692 bcsId: 0,size=3145728]} | ret=SUCCESS |  
2019-08-23 07:08:52,245 | INFO  | DNAudit | user=null | ip=null | op=WRITE_CHUNK {blockData=conID: 2 locID: 102665036031328692 bcsId: 1239} | ret=SUCCESS |  
2019-08-23 07:08:52,246 | INFO  | DNAudit | user=null | ip=null | op=PUT_BLOCK {blockData=[blockId=conID: 2 locID: 102665036031328692 bcsId: 0,size=4194304]} | ret=SUCCESS |  
2019-08-23 07:08:52,246 [grpc-default-executor-2] INFO  client.GrpcClientProtocolClient (GrpcClientProtocolClient.java:onNext(255)) - client-D91E5D1E15CE->f2ba01fc-a63e-4348-bd18-030b60a135e7: receive RaftClientReply:client-D91E5D1E15CE->f2ba01fc-a63e-4348-bd18-030b60a135e7@group-C8C62FEF0626, cid=930, SUCCESS, logIndex=1242, commits[f2ba01fc-a63e-4348-bd18-030b60a135e7:c1243, eab135d4-a257-4705-b491-6c056b8c5df7:c1239, a4f67574-9018-43e7-8a54-351e98dc3d0a:c1239]
2019-08-23 07:08:52,246 [grpc-default-executor-2] INFO  client.GrpcClientProtocolClient (GrpcClientProtocolClient.java:onNext(255)) - client-D91E5D1E15CE->f2ba01fc-a63e-4348-bd18-030b60a135e7: receive RaftClientReply:client-D91E5D1E15CE->f2ba01fc-a63e-4348-bd18-030b60a135e7@group-C8C62FEF0626, cid=931, SUCCESS, logIndex=1243, commits[f2ba01fc-a63e-4348-bd18-030b60a135e7:c1243, eab135d4-a257-4705-b491-6c056b8c5df7:c1239, a4f67574-9018-43e7-8a54-351e98dc3d0a:c1239]
2019-08-23 07:08:52,257 | INFO  | DNAudit | user=null | ip=null | op=WRITE_CHUNK {blockData=conID: 2 locID: 102665036031328692 bcsId: 1239} | ret=SUCCESS |  
2019-08-23 07:08:52,257 | INFO  | DNAudit | user=null | ip=null | op=WRITE_CHUNK {blockData=conID: 2 locID: 102665036031328692 bcsId: 1239} | ret=SUCCESS |  
2019-08-23 07:08:52,258 | INFO  | DNAudit | user=null | ip=null | op=PUT_BLOCK {blockData=[blockId=conID: 2 locID: 102665036031328692 bcsId: 0,size=4194304]} | ret=SUCCESS |  
2019-08-23 07:08:52,258 | INFO  | DNAudit | user=null | ip=null | op=PUT_BLOCK {blockData=[blockId=conID: 2 locID: 102665036031328692 bcsId: 0,size=4194304]} | ret=SUCCESS |  
2019-08-23 07:08:52,259 [grpc-default-executor-2] INFO  client.GrpcClientProtocolClient (GrpcClientProtocolClient.java:onNext(255)) - client-D91E5D1E15CE->f2ba01fc-a63e-4348-bd18-030b60a135e7: receive RaftClientReply:client-D91E5D1E15CE->f2ba01fc-a63e-4348-bd18-030b60a135e7@group-C8C62FEF0626, cid=932, SUCCESS, logIndex=0, commits[f2ba01fc-a63e-4348-bd18-030b60a135e7:c1245, eab135d4-a257-4705-b491-6c056b8c5df7:c1243, a4f67574-9018-43e7-8a54-351e98dc3d0a:c1243]
2019-08-23 07:08:52,266 | INFO  | DNAudit | user=null | ip=null | op=WRITE_CHUNK {blockData=conID: 3 locID: 102665036031328693 bcsId: 0} | ret=SUCCESS |  
2019-08-23 07:08:52,268 | INFO  | DNAudit | user=null | ip=null | op=WRITE_CHUNK {blockData=conID: 3 locID: 102665036031328693 bcsId: 0} | ret=SUCCESS |  
2019-08-23 07:08:52,269 | INFO  | DNAudit | user=null | ip=null | op=WRITE_CHUNK {blockData=conID: 3 locID: 102665036031328693 bcsId: 0} | ret=SUCCESS |  
2019-08-23 07:08:52,269 | INFO  | DNAudit | user=null | ip=null | op=WRITE_CHUNK {blockData=conID: 3 locID: 102665036031328693 bcsId: 0} | ret=SUCCESS |  
2019-08-23 07:08:52,271 | INFO  | DNAudit | user=null | ip=null | op=WRITE_CHUNK {blockData=conID: 3 locID: 102665036031328693 bcsId: 0} | ret=SUCCESS |  
2019-08-23 07:08:52,271 | INFO  | DNAudit | user=null | ip=null | op=WRITE_CHUNK {blockData=conID: 3 locID: 102665036031328693 bcsId: 0} | ret=SUCCESS |  
2019-08-23 07:08:52,278 | INFO  | DNAudit | user=null | ip=null | op=WRITE_CHUNK {blockData=conID: 3 locID: 102665036031328693 bcsId: 0} | ret=SUCCESS |  
2019-08-23 07:08:52,278 | INFO  | DNAudit | user=null | ip=null | op=PUT_BLOCK {blockData=[blockId=conID: 3 locID: 102665036031328693 bcsId: 0,size=1048576]} | ret=SUCCESS |  
2019-08-23 07:08:52,279 [grpc-default-executor-6] INFO  client.GrpcClientProtocolClient (GrpcClientProtocolClient.java:onNext(255)) - client-D91E5D1E15CE->f2ba01fc-a63e-4348-bd18-030b60a135e7: receive RaftClientReply:client-D91E5D1E15CE->f2ba01fc-a63e-4348-bd18-030b60a135e7@group-C8C62FEF0626, cid=933, SUCCESS, logIndex=1246, commits[f2ba01fc-a63e-4348-bd18-030b60a135e7:c1247, eab135d4-a257-4705-b491-6c056b8c5df7:c1245, a4f67574-9018-43e7-8a54-351e98dc3d0a:c1245]
2019-08-23 07:08:52,279 | INFO  | DNAudit | user=null | ip=null | op=WRITE_CHUNK {blockData=conID: 3 locID: 102665036031328693 bcsId: 0} | ret=SUCCESS |  
2019-08-23 07:08:52,279 | INFO  | DNAudit | user=null | ip=null | op=PUT_BLOCK {blockData=[blockId=conID: 3 locID: 102665036031328693 bcsId: 0,size=2097152]} | ret=SUCCESS |  
2019-08-23 07:08:52,279 [grpc-default-executor-2] INFO  client.GrpcClientProtocolClient (GrpcClientProtocolClient.java:onNext(255)) - client-D91E5D1E15CE->f2ba01fc-a63e-4348-bd18-030b60a135e7: receive RaftClientReply:client-D91E5D1E15CE->f2ba01fc-a63e-4348-bd18-030b60a135e7@group-C8C62FEF0626, cid=934, SUCCESS, logIndex=1247, commits[f2ba01fc-a63e-4348-bd18-030b60a135e7:c1247, eab135d4-a257-4705-b491-6c056b8c5df7:c1245, a4f67574-9018-43e7-8a54-351e98dc3d0a:c1245]
2019-08-23 07:08:52,280 | INFO  | DNAudit | user=null | ip=null | op=WRITE_CHUNK {blockData=conID: 3 locID: 102665036031328693 bcsId: 0} | ret=SUCCESS |  
2019-08-23 07:08:52,280 | INFO  | DNAudit | user=null | ip=null | op=PUT_BLOCK {blockData=[blockId=conID: 3 locID: 102665036031328693 bcsId: 0,size=1048576]} | ret=SUCCESS |  
2019-08-23 07:08:52,280 [grpc-default-executor-2] INFO  client.GrpcClientProtocolClient (GrpcClientProtocolClient.java:onNext(255)) - client-D91E5D1E15CE->f2ba01fc-a63e-4348-bd18-030b60a135e7: receive RaftClientReply:client-D91E5D1E15CE->f2ba01fc-a63e-4348-bd18-030b60a135e7@group-C8C62FEF0626, cid=935, SUCCESS, logIndex=1248, commits[f2ba01fc-a63e-4348-bd18-030b60a135e7:c1249, eab135d4-a257-4705-b491-6c056b8c5df7:c1245, a4f67574-9018-43e7-8a54-351e98dc3d0a:c1245]
2019-08-23 07:08:52,280 | INFO  | DNAudit | user=null | ip=null | op=WRITE_CHUNK {blockData=conID: 3 locID: 102665036031328693 bcsId: 0} | ret=SUCCESS |  
2019-08-23 07:08:52,280 | INFO  | DNAudit | user=null | ip=null | op=PUT_BLOCK {blockData=[blockId=conID: 3 locID: 102665036031328693 bcsId: 0,size=1048576]} | ret=SUCCESS |  
2019-08-23 07:08:52,280 [grpc-default-executor-6] INFO  client.GrpcClientProtocolClient (GrpcClientProtocolClient.java:onNext(255)) - client-D91E5D1E15CE->f2ba01fc-a63e-4348-bd18-030b60a135e7: receive RaftClientReply:client-D91E5D1E15CE->f2ba01fc-a63e-4348-bd18-030b60a135e7@group-C8C62FEF0626, cid=936, SUCCESS, logIndex=1249, commits[f2ba01fc-a63e-4348-bd18-030b60a135e7:c1249, eab135d4-a257-4705-b491-6c056b8c5df7:c1245, a4f67574-9018-43e7-8a54-351e98dc3d0a:c1245]
2019-08-23 07:08:52,281 | INFO  | DNAudit | user=null | ip=null | op=WRITE_CHUNK {blockData=conID: 3 locID: 102665036031328693 bcsId: 0} | ret=SUCCESS |  
2019-08-23 07:08:52,281 | INFO  | DNAudit | user=null | ip=null | op=WRITE_CHUNK {blockData=conID: 3 locID: 102665036031328693 bcsId: 0} | ret=SUCCESS |  
2019-08-23 07:08:52,281 | INFO  | DNAudit | user=null | ip=null | op=PUT_BLOCK {blockData=[blockId=conID: 3 locID: 102665036031328693 bcsId: 0,size=2097152]} | ret=SUCCESS |  
2019-08-23 07:08:52,281 | INFO  | DNAudit | user=null | ip=null | op=PUT_BLOCK {blockData=[blockId=conID: 3 locID: 102665036031328693 bcsId: 0,size=2097152]} | ret=SUCCESS |  
2019-08-23 07:08:52,282 [grpc-default-executor-6] INFO  client.GrpcClientProtocolClient (GrpcClientProtocolClient.java:onNext(255)) - client-D91E5D1E15CE->f2ba01fc-a63e-4348-bd18-030b60a135e7: receive RaftClientReply:client-D91E5D1E15CE->f2ba01fc-a63e-4348-bd18-030b60a135e7@group-C8C62FEF0626, cid=937, SUCCESS, logIndex=0, commits[f2ba01fc-a63e-4348-bd18-030b60a135e7:c1251, eab135d4-a257-4705-b491-6c056b8c5df7:c1247, a4f67574-9018-43e7-8a54-351e98dc3d0a:c1247]
2019-08-23 07:08:52,289 | INFO  | DNAudit | user=null | ip=null | op=WRITE_CHUNK {blockData=conID: 3 locID: 102665036031328693 bcsId: 1249} | ret=SUCCESS |  
2019-08-23 07:08:52,292 | INFO  | DNAudit | user=null | ip=null | op=WRITE_CHUNK {blockData=conID: 3 locID: 102665036031328693 bcsId: 1249} | ret=SUCCESS |  
2019-08-23 07:08:52,292 | INFO  | DNAudit | user=null | ip=null | op=WRITE_CHUNK {blockData=conID: 3 locID: 102665036031328693 bcsId: 1249} | ret=SUCCESS |  
2019-08-23 07:08:52,302 | INFO  | DNAudit | user=null | ip=null | op=WRITE_CHUNK {blockData=conID: 3 locID: 102665036031328693 bcsId: 1249} | ret=SUCCESS |  
2019-08-23 07:08:52,302 | INFO  | DNAudit | user=null | ip=null | op=PUT_BLOCK {blockData=[blockId=conID: 3 locID: 102665036031328693 bcsId: 0,size=3145728]} | ret=SUCCESS |  
2019-08-23 07:08:52,303 [grpc-default-executor-3] INFO  client.GrpcClientProtocolClient (GrpcClientProtocolClient.java:onNext(255)) - client-D91E5D1E15CE->f2ba01fc-a63e-4348-bd18-030b60a135e7: receive RaftClientReply:client-D91E5D1E15CE->f2ba01fc-a63e-4348-bd18-030b60a135e7@group-C8C62FEF0626, cid=938, SUCCESS, logIndex=1254, commits[f2ba01fc-a63e-4348-bd18-030b60a135e7:c1255, eab135d4-a257-4705-b491-6c056b8c5df7:c1253, a4f67574-9018-43e7-8a54-351e98dc3d0a:c1253]
2019-08-23 07:08:52,303 [grpc-default-executor-3] INFO  client.GrpcClientProtocolClient (GrpcClientProtocolClient.java:onNext(255)) - client-D91E5D1E15CE->f2ba01fc-a63e-4348-bd18-030b60a135e7: receive RaftClientReply:client-D91E5D1E15CE->f2ba01fc-a63e-4348-bd18-030b60a135e7@group-C8C62FEF0626, cid=939, SUCCESS, logIndex=1255, commits[f2ba01fc-a63e-4348-bd18-030b60a135e7:c1255, eab135d4-a257-4705-b491-6c056b8c5df7:c1253, a4f67574-9018-43e7-8a54-351e98dc3d0a:c1253]
2019-08-23 07:08:52,310 | INFO  | DNAudit | user=null | ip=null | op=WRITE_CHUNK {blockData=conID: 3 locID: 102665036031328693 bcsId: 1255} | ret=SUCCESS |  
2019-08-23 07:08:52,312 | INFO  | DNAudit | user=null | ip=null | op=WRITE_CHUNK {blockData=conID: 3 locID: 102665036031328693 bcsId: 1255} | ret=SUCCESS |  
2019-08-23 07:08:52,312 | INFO  | DNAudit | user=null | ip=null | op=WRITE_CHUNK {blockData=conID: 3 locID: 102665036031328693 bcsId: 1255} | ret=SUCCESS |  
2019-08-23 07:08:52,314 | INFO  | DNAudit | user=null | ip=null | op=WRITE_CHUNK {blockData=conID: 3 locID: 102665036031328693 bcsId: 1249} | ret=SUCCESS |  
2019-08-23 07:08:52,314 | INFO  | DNAudit | user=null | ip=null | op=WRITE_CHUNK {blockData=conID: 3 locID: 102665036031328693 bcsId: 1249} | ret=SUCCESS |  
2019-08-23 07:08:52,315 | INFO  | DNAudit | user=null | ip=null | op=PUT_BLOCK {blockData=[blockId=conID: 3 locID: 102665036031328693 bcsId: 0,size=3145728]} | ret=SUCCESS |  
2019-08-23 07:08:52,315 | INFO  | DNAudit | user=null | ip=null | op=PUT_BLOCK {blockData=[blockId=conID: 3 locID: 102665036031328693 bcsId: 0,size=3145728]} | ret=SUCCESS |  
2019-08-23 07:08:52,316 | INFO  | DNAudit | user=null | ip=null | op=WRITE_CHUNK {blockData=conID: 3 locID: 102665036031328693 bcsId: 1255} | ret=SUCCESS |  
2019-08-23 07:08:52,316 | INFO  | DNAudit | user=null | ip=null | op=PUT_BLOCK {blockData=[blockId=conID: 3 locID: 102665036031328693 bcsId: 0,size=4194304]} | ret=SUCCESS |  
2019-08-23 07:08:52,316 [grpc-default-executor-3] INFO  client.GrpcClientProtocolClient (GrpcClientProtocolClient.java:onNext(255)) - client-D91E5D1E15CE->f2ba01fc-a63e-4348-bd18-030b60a135e7: receive RaftClientReply:client-D91E5D1E15CE->f2ba01fc-a63e-4348-bd18-030b60a135e7@group-C8C62FEF0626, cid=940, SUCCESS, logIndex=1258, commits[f2ba01fc-a63e-4348-bd18-030b60a135e7:c1259, eab135d4-a257-4705-b491-6c056b8c5df7:c1255, a4f67574-9018-43e7-8a54-351e98dc3d0a:c1255]
2019-08-23 07:08:52,317 [grpc-default-executor-3] INFO  client.GrpcClientProtocolClient (GrpcClientProtocolClient.java:onNext(255)) - client-D91E5D1E15CE->f2ba01fc-a63e-4348-bd18-030b60a135e7: receive RaftClientReply:client-D91E5D1E15CE->f2ba01fc-a63e-4348-bd18-030b60a135e7@group-C8C62FEF0626, cid=941, SUCCESS, logIndex=1259, commits[f2ba01fc-a63e-4348-bd18-030b60a135e7:c1259, eab135d4-a257-4705-b491-6c056b8c5df7:c1255, a4f67574-9018-43e7-8a54-351e98dc3d0a:c1255]
2019-08-23 07:08:52,318 | INFO  | DNAudit | user=null | ip=null | op=WRITE_CHUNK {blockData=conID: 3 locID: 102665036031328693 bcsId: 1255} | ret=SUCCESS |  
2019-08-23 07:08:52,318 | INFO  | DNAudit | user=null | ip=null | op=WRITE_CHUNK {blockData=conID: 3 locID: 102665036031328693 bcsId: 1255} | ret=SUCCESS |  
2019-08-23 07:08:52,318 | INFO  | DNAudit | user=null | ip=null | op=PUT_BLOCK {blockData=[blockId=conID: 3 locID: 102665036031328693 bcsId: 0,size=4194304]} | ret=SUCCESS |  
2019-08-23 07:08:52,318 | INFO  | DNAudit | user=null | ip=null | op=PUT_BLOCK {blockData=[blockId=conID: 3 locID: 102665036031328693 bcsId: 0,size=4194304]} | ret=SUCCESS |  
2019-08-23 07:08:52,319 [grpc-default-executor-3] INFO  client.GrpcClientProtocolClient (GrpcClientProtocolClient.java:onNext(255)) - client-D91E5D1E15CE->f2ba01fc-a63e-4348-bd18-030b60a135e7: receive RaftClientReply:client-D91E5D1E15CE->f2ba01fc-a63e-4348-bd18-030b60a135e7@group-C8C62FEF0626, cid=942, SUCCESS, logIndex=0, commits[f2ba01fc-a63e-4348-bd18-030b60a135e7:c1260, eab135d4-a257-4705-b491-6c056b8c5df7:c1259, a4f67574-9018-43e7-8a54-351e98dc3d0a:c1259]
2019-08-23 07:08:52,326 | INFO  | DNAudit | user=null | ip=null | op=WRITE_CHUNK {blockData=conID: 1 locID: 102665036031328694 bcsId: 0} | ret=SUCCESS |  
2019-08-23 07:08:52,330 | INFO  | DNAudit | user=null | ip=null | op=WRITE_CHUNK {blockData=conID: 1 locID: 102665036031328694 bcsId: 0} | ret=SUCCESS |  
2019-08-23 07:08:52,330 | INFO  | DNAudit | user=null | ip=null | op=WRITE_CHUNK {blockData=conID: 1 locID: 102665036031328694 bcsId: 0} | ret=SUCCESS |  
2019-08-23 07:08:52,330 | INFO  | DNAudit | user=null | ip=null | op=WRITE_CHUNK {blockData=conID: 1 locID: 102665036031328694 bcsId: 0} | ret=SUCCESS |  
2019-08-23 07:08:52,332 | INFO  | DNAudit | user=null | ip=null | op=WRITE_CHUNK {blockData=conID: 1 locID: 102665036031328694 bcsId: 0} | ret=SUCCESS |  
2019-08-23 07:08:52,332 | INFO  | DNAudit | user=null | ip=null | op=WRITE_CHUNK {blockData=conID: 1 locID: 102665036031328694 bcsId: 0} | ret=SUCCESS |  
2019-08-23 07:08:52,336 | INFO  | DNAudit | user=null | ip=null | op=WRITE_CHUNK {blockData=conID: 1 locID: 102665036031328694 bcsId: 0} | ret=SUCCESS |  
2019-08-23 07:08:52,336 | INFO  | DNAudit | user=null | ip=null | op=PUT_BLOCK {blockData=[blockId=conID: 1 locID: 102665036031328694 bcsId: 0,size=1048576]} | ret=SUCCESS |  
2019-08-23 07:08:52,337 | INFO  | DNAudit | user=null | ip=null | op=WRITE_CHUNK {blockData=conID: 1 locID: 102665036031328694 bcsId: 0} | ret=SUCCESS |  
2019-08-23 07:08:52,337 | INFO  | DNAudit | user=null | ip=null | op=PUT_BLOCK {blockData=[blockId=conID: 1 locID: 102665036031328694 bcsId: 0,size=2097152]} | ret=SUCCESS |  
2019-08-23 07:08:52,337 [grpc-default-executor-6] INFO  client.GrpcClientProtocolClient (GrpcClientProtocolClient.java:onNext(255)) - client-D91E5D1E15CE->f2ba01fc-a63e-4348-bd18-030b60a135e7: receive RaftClientReply:client-D91E5D1E15CE->f2ba01fc-a63e-4348-bd18-030b60a135e7@group-C8C62FEF0626, cid=943, SUCCESS, logIndex=1262, commits[f2ba01fc-a63e-4348-bd18-030b60a135e7:c1264, eab135d4-a257-4705-b491-6c056b8c5df7:c1261, a4f67574-9018-43e7-8a54-351e98dc3d0a:c1261]
2019-08-23 07:08:52,338 [grpc-default-executor-6] INFO  client.GrpcClientProtocolClient (GrpcClientProtocolClient.java:onNext(255)) - client-D91E5D1E15CE->f2ba01fc-a63e-4348-bd18-030b60a135e7: receive RaftClientReply:client-D91E5D1E15CE->f2ba01fc-a63e-4348-bd18-030b60a135e7@group-C8C62FEF0626, cid=944, SUCCESS, logIndex=1263, commits[f2ba01fc-a63e-4348-bd18-030b60a135e7:c1265, eab135d4-a257-4705-b491-6c056b8c5df7:c1261, a4f67574-9018-43e7-8a54-351e98dc3d0a:c1261]
2019-08-23 07:08:52,338 [grpc-default-executor-6] INFO  client.GrpcClientProtocolClient (GrpcClientProtocolClient.java:onNext(255)) - client-D91E5D1E15CE->f2ba01fc-a63e-4348-bd18-030b60a135e7: receive RaftClientReply:client-D91E5D1E15CE->f2ba01fc-a63e-4348-bd18-030b60a135e7@group-C8C62FEF0626, cid=945, SUCCESS, logIndex=1264, commits[f2ba01fc-a63e-4348-bd18-030b60a135e7:c1265, eab135d4-a257-4705-b491-6c056b8c5df7:c1261, a4f67574-9018-43e7-8a54-351e98dc3d0a:c1261]
2019-08-23 07:08:52,338 [grpc-default-executor-6] INFO  client.GrpcClientProtocolClient (GrpcClientProtocolClient.java:onNext(255)) - client-D91E5D1E15CE->f2ba01fc-a63e-4348-bd18-030b60a135e7: receive RaftClientReply:client-D91E5D1E15CE->f2ba01fc-a63e-4348-bd18-030b60a135e7@group-C8C62FEF0626, cid=946, SUCCESS, logIndex=1265, commits[f2ba01fc-a63e-4348-bd18-030b60a135e7:c1265, eab135d4-a257-4705-b491-6c056b8c5df7:c1261, a4f67574-9018-43e7-8a54-351e98dc3d0a:c1261]
2019-08-23 07:08:52,338 | INFO  | DNAudit | user=null | ip=null | op=WRITE_CHUNK {blockData=conID: 1 locID: 102665036031328694 bcsId: 0} | ret=SUCCESS |  
2019-08-23 07:08:52,338 | INFO  | DNAudit | user=null | ip=null | op=WRITE_CHUNK {blockData=conID: 1 locID: 102665036031328694 bcsId: 0} | ret=SUCCESS |  
2019-08-23 07:08:52,340 | INFO  | DNAudit | user=null | ip=null | op=PUT_BLOCK {blockData=[blockId=conID: 1 locID: 102665036031328694 bcsId: 0,size=1048576]} | ret=SUCCESS |  
2019-08-23 07:08:52,340 | INFO  | DNAudit | user=null | ip=null | op=PUT_BLOCK {blockData=[blockId=conID: 1 locID: 102665036031328694 bcsId: 0,size=1048576]} | ret=SUCCESS |  
2019-08-23 07:08:52,340 | INFO  | DNAudit | user=null | ip=null | op=WRITE_CHUNK {blockData=conID: 1 locID: 102665036031328694 bcsId: 0} | ret=SUCCESS |  
2019-08-23 07:08:52,340 | INFO  | DNAudit | user=null | ip=null | op=WRITE_CHUNK {blockData=conID: 1 locID: 102665036031328694 bcsId: 0} | ret=SUCCESS |  
2019-08-23 07:08:52,340 | INFO  | DNAudit | user=null | ip=null | op=PUT_BLOCK {blockData=[blockId=conID: 1 locID: 102665036031328694 bcsId: 0,size=2097152]} | ret=SUCCESS |  
2019-08-23 07:08:52,340 | INFO  | DNAudit | user=null | ip=null | op=PUT_BLOCK {blockData=[blockId=conID: 1 locID: 102665036031328694 bcsId: 0,size=2097152]} | ret=SUCCESS |  
2019-08-23 07:08:52,340 [grpc-default-executor-2] INFO  client.GrpcClientProtocolClient (GrpcClientProtocolClient.java:onNext(255)) - client-D91E5D1E15CE->f2ba01fc-a63e-4348-bd18-030b60a135e7: receive RaftClientReply:client-D91E5D1E15CE->f2ba01fc-a63e-4348-bd18-030b60a135e7@group-C8C62FEF0626, cid=947, SUCCESS, logIndex=0, commits[f2ba01fc-a63e-4348-bd18-030b60a135e7:c1267, eab135d4-a257-4705-b491-6c056b8c5df7:c1263, a4f67574-9018-43e7-8a54-351e98dc3d0a:c1263]
2019-08-23 07:08:52,348 | INFO  | DNAudit | user=null | ip=null | op=WRITE_CHUNK {blockData=conID: 1 locID: 102665036031328694 bcsId: 1265} | ret=SUCCESS |  
2019-08-23 07:08:52,350 | INFO  | DNAudit | user=null | ip=null | op=WRITE_CHUNK {blockData=conID: 1 locID: 102665036031328694 bcsId: 1265} | ret=SUCCESS |  
2019-08-23 07:08:52,351 | INFO  | DNAudit | user=null | ip=null | op=WRITE_CHUNK {blockData=conID: 1 locID: 102665036031328694 bcsId: 1265} | ret=SUCCESS |  
2019-08-23 07:08:52,353 | INFO  | DNAudit | user=null | ip=null | op=WRITE_CHUNK {blockData=conID: 1 locID: 102665036031328694 bcsId: 1265} | ret=SUCCESS |  
2019-08-23 07:08:52,353 | INFO  | DNAudit | user=null | ip=null | op=PUT_BLOCK {blockData=[blockId=conID: 1 locID: 102665036031328694 bcsId: 0,size=3145728]} | ret=SUCCESS |  
2019-08-23 07:08:52,354 [grpc-default-executor-3] INFO  client.GrpcClientProtocolClient (GrpcClientProtocolClient.java:onNext(255)) - client-D91E5D1E15CE->f2ba01fc-a63e-4348-bd18-030b60a135e7: receive RaftClientReply:client-D91E5D1E15CE->f2ba01fc-a63e-4348-bd18-030b60a135e7@group-C8C62FEF0626, cid=948, SUCCESS, logIndex=1270, commits[f2ba01fc-a63e-4348-bd18-030b60a135e7:c1271, eab135d4-a257-4705-b491-6c056b8c5df7:c1265, a4f67574-9018-43e7-8a54-351e98dc3d0a:c1269]
2019-08-23 07:08:52,354 [grpc-default-executor-3] INFO  client.GrpcClientProtocolClient (GrpcClientProtocolClient.java:onNext(255)) - client-D91E5D1E15CE->f2ba01fc-a63e-4348-bd18-030b60a135e7: receive RaftClientReply:client-D91E5D1E15CE->f2ba01fc-a63e-4348-bd18-030b60a135e7@group-C8C62FEF0626, cid=949, SUCCESS, logIndex=1271, commits[f2ba01fc-a63e-4348-bd18-030b60a135e7:c1271, eab135d4-a257-4705-b491-6c056b8c5df7:c1269, a4f67574-9018-43e7-8a54-351e98dc3d0a:c1269]
2019-08-23 07:08:52,354 | INFO  | DNAudit | user=null | ip=null | op=WRITE_CHUNK {blockData=conID: 1 locID: 102665036031328694 bcsId: 1265} | ret=SUCCESS |  
2019-08-23 07:08:52,354 | INFO  | DNAudit | user=null | ip=null | op=WRITE_CHUNK {blockData=conID: 1 locID: 102665036031328694 bcsId: 1265} | ret=SUCCESS |  
2019-08-23 07:08:52,355 | INFO  | DNAudit | user=null | ip=null | op=PUT_BLOCK {blockData=[blockId=conID: 1 locID: 102665036031328694 bcsId: 0,size=3145728]} | ret=SUCCESS |  
2019-08-23 07:08:52,355 | INFO  | DNAudit | user=null | ip=null | op=PUT_BLOCK {blockData=[blockId=conID: 1 locID: 102665036031328694 bcsId: 0,size=3145728]} | ret=SUCCESS |  
2019-08-23 07:08:52,360 | INFO  | DNAudit | user=null | ip=null | op=WRITE_CHUNK {blockData=conID: 1 locID: 102665036031328694 bcsId: 1271} | ret=SUCCESS |  
2019-08-23 07:08:52,362 | INFO  | DNAudit | user=null | ip=null | op=WRITE_CHUNK {blockData=conID: 1 locID: 102665036031328694 bcsId: 1271} | ret=SUCCESS |  
2019-08-23 07:08:52,362 | INFO  | DNAudit | user=null | ip=null | op=WRITE_CHUNK {blockData=conID: 1 locID: 102665036031328694 bcsId: 1271} | ret=SUCCESS |  
2019-08-23 07:08:52,364 | INFO  | DNAudit | user=null | ip=null | op=WRITE_CHUNK {blockData=conID: 1 locID: 102665036031328694 bcsId: 1271} | ret=SUCCESS |  
2019-08-23 07:08:52,365 | INFO  | DNAudit | user=null | ip=null | op=PUT_BLOCK {blockData=[blockId=conID: 1 locID: 102665036031328694 bcsId: 0,size=4194304]} | ret=SUCCESS |  
2019-08-23 07:08:52,365 [grpc-default-executor-6] INFO  client.GrpcClientProtocolClient (GrpcClientProtocolClient.java:onNext(255)) - client-D91E5D1E15CE->f2ba01fc-a63e-4348-bd18-030b60a135e7: receive RaftClientReply:client-D91E5D1E15CE->f2ba01fc-a63e-4348-bd18-030b60a135e7@group-C8C62FEF0626, cid=950, SUCCESS, logIndex=1274, commits[f2ba01fc-a63e-4348-bd18-030b60a135e7:c1275, eab135d4-a257-4705-b491-6c056b8c5df7:c1271, a4f67574-9018-43e7-8a54-351e98dc3d0a:c1273]
2019-08-23 07:08:52,365 [grpc-default-executor-6] INFO  client.GrpcClientProtocolClient (GrpcClientProtocolClient.java:onNext(255)) - client-D91E5D1E15CE->f2ba01fc-a63e-4348-bd18-030b60a135e7: receive RaftClientReply:client-D91E5D1E15CE->f2ba01fc-a63e-4348-bd18-030b60a135e7@group-C8C62FEF0626, cid=951, SUCCESS, logIndex=1275, commits[f2ba01fc-a63e-4348-bd18-030b60a135e7:c1275, eab135d4-a257-4705-b491-6c056b8c5df7:c1273, a4f67574-9018-43e7-8a54-351e98dc3d0a:c1273]
2019-08-23 07:08:52,366 | INFO  | DNAudit | user=null | ip=null | op=WRITE_CHUNK {blockData=conID: 1 locID: 102665036031328694 bcsId: 1271} | ret=SUCCESS |  
2019-08-23 07:08:52,366 | INFO  | DNAudit | user=null | ip=null | op=WRITE_CHUNK {blockData=conID: 1 locID: 102665036031328694 bcsId: 1271} | ret=SUCCESS |  
2019-08-23 07:08:52,366 | INFO  | DNAudit | user=null | ip=null | op=PUT_BLOCK {blockData=[blockId=conID: 1 locID: 102665036031328694 bcsId: 0,size=4194304]} | ret=SUCCESS |  
2019-08-23 07:08:52,366 | INFO  | DNAudit | user=null | ip=null | op=PUT_BLOCK {blockData=[blockId=conID: 1 locID: 102665036031328694 bcsId: 0,size=4194304]} | ret=SUCCESS |  
2019-08-23 07:08:52,366 [grpc-default-executor-6] INFO  client.GrpcClientProtocolClient (GrpcClientProtocolClient.java:onNext(255)) - client-D91E5D1E15CE->f2ba01fc-a63e-4348-bd18-030b60a135e7: receive RaftClientReply:client-D91E5D1E15CE->f2ba01fc-a63e-4348-bd18-030b60a135e7@group-C8C62FEF0626, cid=952, SUCCESS, logIndex=0, commits[f2ba01fc-a63e-4348-bd18-030b60a135e7:c1276, eab135d4-a257-4705-b491-6c056b8c5df7:c1275, a4f67574-9018-43e7-8a54-351e98dc3d0a:c1275]
2019-08-23 07:08:52,373 | INFO  | DNAudit | user=null | ip=null | op=WRITE_CHUNK {blockData=conID: 2 locID: 102665036031394231 bcsId: 0} | ret=SUCCESS |  
2019-08-23 07:08:52,375 | INFO  | DNAudit | user=null | ip=null | op=WRITE_CHUNK {blockData=conID: 2 locID: 102665036031394231 bcsId: 0} | ret=SUCCESS |  
2019-08-23 07:08:52,376 | INFO  | DNAudit | user=null | ip=null | op=WRITE_CHUNK {blockData=conID: 2 locID: 102665036031394231 bcsId: 0} | ret=SUCCESS |  
2019-08-23 07:08:52,376 | INFO  | DNAudit | user=null | ip=null | op=WRITE_CHUNK {blockData=conID: 2 locID: 102665036031394231 bcsId: 0} | ret=SUCCESS |  
2019-08-23 07:08:52,378 | INFO  | DNAudit | user=null | ip=null | op=WRITE_CHUNK {blockData=conID: 2 locID: 102665036031394231 bcsId: 0} | ret=SUCCESS |  
2019-08-23 07:08:52,378 | INFO  | DNAudit | user=null | ip=null | op=WRITE_CHUNK {blockData=conID: 2 locID: 102665036031394231 bcsId: 0} | ret=SUCCESS |  
2019-08-23 07:08:52,391 | INFO  | DNAudit | user=null | ip=null | op=WRITE_CHUNK {blockData=conID: 2 locID: 102665036031394231 bcsId: 0} | ret=SUCCESS |  
2019-08-23 07:08:52,391 | INFO  | DNAudit | user=null | ip=null | op=PUT_BLOCK {blockData=[blockId=conID: 2 locID: 102665036031394231 bcsId: 0,size=1048576]} | ret=SUCCESS |  
2019-08-23 07:08:52,392 | INFO  | DNAudit | user=null | ip=null | op=WRITE_CHUNK {blockData=conID: 2 locID: 102665036031394231 bcsId: 0} | ret=SUCCESS |  
2019-08-23 07:08:52,392 [grpc-default-executor-2] INFO  client.GrpcClientProtocolClient (GrpcClientProtocolClient.java:onNext(255)) - client-D91E5D1E15CE->f2ba01fc-a63e-4348-bd18-030b60a135e7: receive RaftClientReply:client-D91E5D1E15CE->f2ba01fc-a63e-4348-bd18-030b60a135e7@group-C8C62FEF0626, cid=953, SUCCESS, logIndex=1278, commits[f2ba01fc-a63e-4348-bd18-030b60a135e7:c1279, eab135d4-a257-4705-b491-6c056b8c5df7:c1277, a4f67574-9018-43e7-8a54-351e98dc3d0a:c1277]
2019-08-23 07:08:52,392 | INFO  | DNAudit | user=null | ip=null | op=PUT_BLOCK {blockData=[blockId=conID: 2 locID: 102665036031394231 bcsId: 0,size=2097152]} | ret=SUCCESS |  
2019-08-23 07:08:52,392 [grpc-default-executor-2] INFO  client.GrpcClientProtocolClient (GrpcClientProtocolClient.java:onNext(255)) - client-D91E5D1E15CE->f2ba01fc-a63e-4348-bd18-030b60a135e7: receive RaftClientReply:client-D91E5D1E15CE->f2ba01fc-a63e-4348-bd18-030b60a135e7@group-C8C62FEF0626, cid=954, SUCCESS, logIndex=1279, commits[f2ba01fc-a63e-4348-bd18-030b60a135e7:c1279, eab135d4-a257-4705-b491-6c056b8c5df7:c1277, a4f67574-9018-43e7-8a54-351e98dc3d0a:c1277]
2019-08-23 07:08:52,393 [grpc-default-executor-2] INFO  client.GrpcClientProtocolClient (GrpcClientProtocolClient.java:onNext(255)) - client-D91E5D1E15CE->f2ba01fc-a63e-4348-bd18-030b60a135e7: receive RaftClientReply:client-D91E5D1E15CE->f2ba01fc-a63e-4348-bd18-030b60a135e7@group-C8C62FEF0626, cid=955, SUCCESS, logIndex=1280, commits[f2ba01fc-a63e-4348-bd18-030b60a135e7:c1280, eab135d4-a257-4705-b491-6c056b8c5df7:c1277, a4f67574-9018-43e7-8a54-351e98dc3d0a:c1277]
2019-08-23 07:08:52,393 [grpc-default-executor-2] INFO  client.GrpcClientProtocolClient (GrpcClientProtocolClient.java:onNext(255)) - client-D91E5D1E15CE->f2ba01fc-a63e-4348-bd18-030b60a135e7: receive RaftClientReply:client-D91E5D1E15CE->f2ba01fc-a63e-4348-bd18-030b60a135e7@group-C8C62FEF0626, cid=956, SUCCESS, logIndex=1281, commits[f2ba01fc-a63e-4348-bd18-030b60a135e7:c1281, eab135d4-a257-4705-b491-6c056b8c5df7:c1277, a4f67574-9018-43e7-8a54-351e98dc3d0a:c1277]
2019-08-23 07:08:52,393 | INFO  | DNAudit | user=null | ip=null | op=WRITE_CHUNK {blockData=conID: 2 locID: 102665036031394231 bcsId: 0} | ret=SUCCESS |  
2019-08-23 07:08:52,393 | INFO  | DNAudit | user=null | ip=null | op=PUT_BLOCK {blockData=[blockId=conID: 2 locID: 102665036031394231 bcsId: 0,size=1048576]} | ret=SUCCESS |  
2019-08-23 07:08:52,393 | INFO  | DNAudit | user=null | ip=null | op=WRITE_CHUNK {blockData=conID: 2 locID: 102665036031394231 bcsId: 0} | ret=SUCCESS |  
2019-08-23 07:08:52,393 | INFO  | DNAudit | user=null | ip=null | op=PUT_BLOCK {blockData=[blockId=conID: 2 locID: 102665036031394231 bcsId: 0,size=1048576]} | ret=SUCCESS |  
2019-08-23 07:08:52,394 | INFO  | DNAudit | user=null | ip=null | op=WRITE_CHUNK {blockData=conID: 2 locID: 102665036031394231 bcsId: 0} | ret=SUCCESS |  
2019-08-23 07:08:52,394 | INFO  | DNAudit | user=null | ip=null | op=PUT_BLOCK {blockData=[blockId=conID: 2 locID: 102665036031394231 bcsId: 0,size=2097152]} | ret=SUCCESS |  
2019-08-23 07:08:52,395 | INFO  | DNAudit | user=null | ip=null | op=WRITE_CHUNK {blockData=conID: 2 locID: 102665036031394231 bcsId: 0} | ret=SUCCESS |  
2019-08-23 07:08:52,395 | INFO  | DNAudit | user=null | ip=null | op=PUT_BLOCK {blockData=[blockId=conID: 2 locID: 102665036031394231 bcsId: 0,size=2097152]} | ret=SUCCESS |  
2019-08-23 07:08:52,395 [grpc-default-executor-4] INFO  client.GrpcClientProtocolClient (GrpcClientProtocolClient.java:onNext(255)) - client-D91E5D1E15CE->f2ba01fc-a63e-4348-bd18-030b60a135e7: receive RaftClientReply:client-D91E5D1E15CE->f2ba01fc-a63e-4348-bd18-030b60a135e7@group-C8C62FEF0626, cid=957, SUCCESS, logIndex=0, commits[f2ba01fc-a63e-4348-bd18-030b60a135e7:c1283, eab135d4-a257-4705-b491-6c056b8c5df7:c1279, a4f67574-9018-43e7-8a54-351e98dc3d0a:c1279]
2019-08-23 07:08:52,401 | INFO  | DNAudit | user=null | ip=null | op=WRITE_CHUNK {blockData=conID: 2 locID: 102665036031394231 bcsId: 1281} | ret=SUCCESS |  
2019-08-23 07:08:52,403 | INFO  | DNAudit | user=null | ip=null | op=WRITE_CHUNK {blockData=conID: 2 locID: 102665036031394231 bcsId: 1281} | ret=SUCCESS |  
2019-08-23 07:08:52,403 | INFO  | DNAudit | user=null | ip=null | op=WRITE_CHUNK {blockData=conID: 2 locID: 102665036031394231 bcsId: 1281} | ret=SUCCESS |  
2019-08-23 07:08:52,409 | INFO  | DNAudit | user=null | ip=null | op=WRITE_CHUNK {blockData=conID: 2 locID: 102665036031394231 bcsId: 1281} | ret=SUCCESS |  
2019-08-23 07:08:52,410 | INFO  | DNAudit | user=null | ip=null | op=PUT_BLOCK {blockData=[blockId=conID: 2 locID: 102665036031394231 bcsId: 0,size=3145728]} | ret=SUCCESS |  
2019-08-23 07:08:52,410 [grpc-default-executor-4] INFO  client.GrpcClientProtocolClient (GrpcClientProtocolClient.java:onNext(255)) - client-D91E5D1E15CE->f2ba01fc-a63e-4348-bd18-030b60a135e7: receive RaftClientReply:client-D91E5D1E15CE->f2ba01fc-a63e-4348-bd18-030b60a135e7@group-C8C62FEF0626, cid=958, SUCCESS, logIndex=1286, commits[f2ba01fc-a63e-4348-bd18-030b60a135e7:c1287, eab135d4-a257-4705-b491-6c056b8c5df7:c1285, a4f67574-9018-43e7-8a54-351e98dc3d0a:c1285]
2019-08-23 07:08:52,410 [grpc-default-executor-4] INFO  client.GrpcClientProtocolClient (GrpcClientProtocolClient.java:onNext(255)) - client-D91E5D1E15CE->f2ba01fc-a63e-4348-bd18-030b60a135e7: receive RaftClientReply:client-D91E5D1E15CE->f2ba01fc-a63e-4348-bd18-030b60a135e7@group-C8C62FEF0626, cid=959, SUCCESS, logIndex=1287, commits[f2ba01fc-a63e-4348-bd18-030b60a135e7:c1287, eab135d4-a257-4705-b491-6c056b8c5df7:c1285, a4f67574-9018-43e7-8a54-351e98dc3d0a:c1285]
2019-08-23 07:08:52,411 | INFO  | DNAudit | user=null | ip=null | op=WRITE_CHUNK {blockData=conID: 2 locID: 102665036031394231 bcsId: 1281} | ret=SUCCESS |  
2019-08-23 07:08:52,411 | INFO  | DNAudit | user=null | ip=null | op=WRITE_CHUNK {blockData=conID: 2 locID: 102665036031394231 bcsId: 1281} | ret=SUCCESS |  
2019-08-23 07:08:52,411 | INFO  | DNAudit | user=null | ip=null | op=PUT_BLOCK {blockData=[blockId=conID: 2 locID: 102665036031394231 bcsId: 0,size=3145728]} | ret=SUCCESS |  
2019-08-23 07:08:52,411 | INFO  | DNAudit | user=null | ip=null | op=PUT_BLOCK {blockData=[blockId=conID: 2 locID: 102665036031394231 bcsId: 0,size=3145728]} | ret=SUCCESS |  
2019-08-23 07:08:52,416 | INFO  | DNAudit | user=null | ip=null | op=WRITE_CHUNK {blockData=conID: 2 locID: 102665036031394231 bcsId: 1287} | ret=SUCCESS |  
2019-08-23 07:08:52,419 | INFO  | DNAudit | user=null | ip=null | op=WRITE_CHUNK {blockData=conID: 2 locID: 102665036031394231 bcsId: 1287} | ret=SUCCESS |  
2019-08-23 07:08:52,419 | INFO  | DNAudit | user=null | ip=null | op=WRITE_CHUNK {blockData=conID: 2 locID: 102665036031394231 bcsId: 1287} | ret=SUCCESS |  
2019-08-23 07:08:52,429 | INFO  | DNAudit | user=null | ip=null | op=WRITE_CHUNK {blockData=conID: 2 locID: 102665036031394231 bcsId: 1287} | ret=SUCCESS |  
2019-08-23 07:08:52,429 | INFO  | DNAudit | user=null | ip=null | op=PUT_BLOCK {blockData=[blockId=conID: 2 locID: 102665036031394231 bcsId: 0,size=4194304]} | ret=SUCCESS |  
2019-08-23 07:08:52,429 [grpc-default-executor-4] INFO  client.GrpcClientProtocolClient (GrpcClientProtocolClient.java:onNext(255)) - client-D91E5D1E15CE->f2ba01fc-a63e-4348-bd18-030b60a135e7: receive RaftClientReply:client-D91E5D1E15CE->f2ba01fc-a63e-4348-bd18-030b60a135e7@group-C8C62FEF0626, cid=960, SUCCESS, logIndex=1290, commits[f2ba01fc-a63e-4348-bd18-030b60a135e7:c1291, eab135d4-a257-4705-b491-6c056b8c5df7:c1289, a4f67574-9018-43e7-8a54-351e98dc3d0a:c1289]
2019-08-23 07:08:52,430 [grpc-default-executor-4] INFO  client.GrpcClientProtocolClient (GrpcClientProtocolClient.java:onNext(255)) - client-D91E5D1E15CE->f2ba01fc-a63e-4348-bd18-030b60a135e7: receive RaftClientReply:client-D91E5D1E15CE->f2ba01fc-a63e-4348-bd18-030b60a135e7@group-C8C62FEF0626, cid=961, SUCCESS, logIndex=1291, commits[f2ba01fc-a63e-4348-bd18-030b60a135e7:c1291, eab135d4-a257-4705-b491-6c056b8c5df7:c1289, a4f67574-9018-43e7-8a54-351e98dc3d0a:c1289]
2019-08-23 07:08:52,440 | INFO  | DNAudit | user=null | ip=null | op=WRITE_CHUNK {blockData=conID: 2 locID: 102665036031394231 bcsId: 1287} | ret=SUCCESS |  
2019-08-23 07:08:52,440 | INFO  | DNAudit | user=null | ip=null | op=WRITE_CHUNK {blockData=conID: 2 locID: 102665036031394231 bcsId: 1287} | ret=SUCCESS |  
2019-08-23 07:08:52,441 | INFO  | DNAudit | user=null | ip=null | op=PUT_BLOCK {blockData=[blockId=conID: 2 locID: 102665036031394231 bcsId: 0,size=4194304]} | ret=SUCCESS |  
2019-08-23 07:08:52,442 | INFO  | DNAudit | user=null | ip=null | op=PUT_BLOCK {blockData=[blockId=conID: 2 locID: 102665036031394231 bcsId: 0,size=4194304]} | ret=SUCCESS |  
2019-08-23 07:08:52,442 [grpc-default-executor-4] INFO  client.GrpcClientProtocolClient (GrpcClientProtocolClient.java:onNext(255)) - client-D91E5D1E15CE->f2ba01fc-a63e-4348-bd18-030b60a135e7: receive RaftClientReply:client-D91E5D1E15CE->f2ba01fc-a63e-4348-bd18-030b60a135e7@group-C8C62FEF0626, cid=962, SUCCESS, logIndex=0, commits[f2ba01fc-a63e-4348-bd18-030b60a135e7:c1293, eab135d4-a257-4705-b491-6c056b8c5df7:c1291, a4f67574-9018-43e7-8a54-351e98dc3d0a:c1291]
2019-08-23 07:08:52,449 | INFO  | DNAudit | user=null | ip=null | op=WRITE_CHUNK {blockData=conID: 3 locID: 102665036031394232 bcsId: 0} | ret=SUCCESS |  
2019-08-23 07:08:52,452 | INFO  | DNAudit | user=null | ip=null | op=WRITE_CHUNK {blockData=conID: 3 locID: 102665036031394232 bcsId: 0} | ret=SUCCESS |  
2019-08-23 07:08:52,453 | INFO  | DNAudit | user=null | ip=null | op=WRITE_CHUNK {blockData=conID: 3 locID: 102665036031394232 bcsId: 0} | ret=SUCCESS |  
2019-08-23 07:08:52,453 | INFO  | DNAudit | user=null | ip=null | op=WRITE_CHUNK {blockData=conID: 3 locID: 102665036031394232 bcsId: 0} | ret=SUCCESS |  
2019-08-23 07:08:52,454 | INFO  | DNAudit | user=null | ip=null | op=WRITE_CHUNK {blockData=conID: 3 locID: 102665036031394232 bcsId: 0} | ret=SUCCESS |  
2019-08-23 07:08:52,454 | INFO  | DNAudit | user=null | ip=null | op=WRITE_CHUNK {blockData=conID: 3 locID: 102665036031394232 bcsId: 0} | ret=SUCCESS |  
2019-08-23 07:08:52,461 | INFO  | DNAudit | user=null | ip=null | op=WRITE_CHUNK {blockData=conID: 3 locID: 102665036031394232 bcsId: 0} | ret=SUCCESS |  
2019-08-23 07:08:52,462 | INFO  | DNAudit | user=null | ip=null | op=PUT_BLOCK {blockData=[blockId=conID: 3 locID: 102665036031394232 bcsId: 0,size=1048576]} | ret=SUCCESS |  
2019-08-23 07:08:52,462 [grpc-default-executor-4] INFO  client.GrpcClientProtocolClient (GrpcClientProtocolClient.java:onNext(255)) - client-D91E5D1E15CE->f2ba01fc-a63e-4348-bd18-030b60a135e7: receive RaftClientReply:client-D91E5D1E15CE->f2ba01fc-a63e-4348-bd18-030b60a135e7@group-C8C62FEF0626, cid=963, SUCCESS, logIndex=1294, commits[f2ba01fc-a63e-4348-bd18-030b60a135e7:c1295, eab135d4-a257-4705-b491-6c056b8c5df7:c1293, a4f67574-9018-43e7-8a54-351e98dc3d0a:c1293]
2019-08-23 07:08:52,463 | INFO  | DNAudit | user=null | ip=null | op=WRITE_CHUNK {blockData=conID: 3 locID: 102665036031394232 bcsId: 0} | ret=SUCCESS |  
2019-08-23 07:08:52,463 [grpc-default-executor-6] INFO  client.GrpcClientProtocolClient (GrpcClientProtocolClient.java:onNext(255)) - client-D91E5D1E15CE->f2ba01fc-a63e-4348-bd18-030b60a135e7: receive RaftClientReply:client-D91E5D1E15CE->f2ba01fc-a63e-4348-bd18-030b60a135e7@group-C8C62FEF0626, cid=964, SUCCESS, logIndex=1295, commits[f2ba01fc-a63e-4348-bd18-030b60a135e7:c1295, eab135d4-a257-4705-b491-6c056b8c5df7:c1293, a4f67574-9018-43e7-8a54-351e98dc3d0a:c1293]
2019-08-23 07:08:52,463 | INFO  | DNAudit | user=null | ip=null | op=PUT_BLOCK {blockData=[blockId=conID: 3 locID: 102665036031394232 bcsId: 0,size=2097152]} | ret=SUCCESS |  
2019-08-23 07:08:52,463 [grpc-default-executor-3] INFO  client.GrpcClientProtocolClient (GrpcClientProtocolClient.java:onNext(255)) - client-D91E5D1E15CE->f2ba01fc-a63e-4348-bd18-030b60a135e7: receive RaftClientReply:client-D91E5D1E15CE->f2ba01fc-a63e-4348-bd18-030b60a135e7@group-C8C62FEF0626, cid=965, SUCCESS, logIndex=1296, commits[f2ba01fc-a63e-4348-bd18-030b60a135e7:c1297, eab135d4-a257-4705-b491-6c056b8c5df7:c1293, a4f67574-9018-43e7-8a54-351e98dc3d0a:c1293]
2019-08-23 07:08:52,463 [grpc-default-executor-3] INFO  client.GrpcClientProtocolClient (GrpcClientProtocolClient.java:onNext(255)) - client-D91E5D1E15CE->f2ba01fc-a63e-4348-bd18-030b60a135e7: receive RaftClientReply:client-D91E5D1E15CE->f2ba01fc-a63e-4348-bd18-030b60a135e7@group-C8C62FEF0626, cid=966, SUCCESS, logIndex=1297, commits[f2ba01fc-a63e-4348-bd18-030b60a135e7:c1297, eab135d4-a257-4705-b491-6c056b8c5df7:c1293, a4f67574-9018-43e7-8a54-351e98dc3d0a:c1293]
2019-08-23 07:08:52,464 | INFO  | DNAudit | user=null | ip=null | op=WRITE_CHUNK {blockData=conID: 3 locID: 102665036031394232 bcsId: 0} | ret=SUCCESS |  
2019-08-23 07:08:52,464 | INFO  | DNAudit | user=null | ip=null | op=PUT_BLOCK {blockData=[blockId=conID: 3 locID: 102665036031394232 bcsId: 0,size=1048576]} | ret=SUCCESS |  
2019-08-23 07:08:52,464 | INFO  | DNAudit | user=null | ip=null | op=WRITE_CHUNK {blockData=conID: 3 locID: 102665036031394232 bcsId: 0} | ret=SUCCESS |  
2019-08-23 07:08:52,465 | INFO  | DNAudit | user=null | ip=null | op=PUT_BLOCK {blockData=[blockId=conID: 3 locID: 102665036031394232 bcsId: 0,size=1048576]} | ret=SUCCESS |  
2019-08-23 07:08:52,465 | INFO  | DNAudit | user=null | ip=null | op=WRITE_CHUNK {blockData=conID: 3 locID: 102665036031394232 bcsId: 0} | ret=SUCCESS |  
2019-08-23 07:08:52,465 [grpc-default-executor-3] INFO  client.GrpcClientProtocolClient (GrpcClientProtocolClient.java:onNext(255)) - client-D91E5D1E15CE->f2ba01fc-a63e-4348-bd18-030b60a135e7: receive RaftClientReply:client-D91E5D1E15CE->f2ba01fc-a63e-4348-bd18-030b60a135e7@group-C8C62FEF0626, cid=967, SUCCESS, logIndex=0, commits[f2ba01fc-a63e-4348-bd18-030b60a135e7:c1299, eab135d4-a257-4705-b491-6c056b8c5df7:c1295, a4f67574-9018-43e7-8a54-351e98dc3d0a:c1295]
2019-08-23 07:08:52,465 | INFO  | DNAudit | user=null | ip=null | op=PUT_BLOCK {blockData=[blockId=conID: 3 locID: 102665036031394232 bcsId: 0,size=2097152]} | ret=SUCCESS |  
2019-08-23 07:08:52,466 | INFO  | DNAudit | user=null | ip=null | op=WRITE_CHUNK {blockData=conID: 3 locID: 102665036031394232 bcsId: 0} | ret=SUCCESS |  
2019-08-23 07:08:52,466 | INFO  | DNAudit | user=null | ip=null | op=PUT_BLOCK {blockData=[blockId=conID: 3 locID: 102665036031394232 bcsId: 0,size=2097152]} | ret=SUCCESS |  
2019-08-23 07:08:52,472 | INFO  | DNAudit | user=null | ip=null | op=WRITE_CHUNK {blockData=conID: 3 locID: 102665036031394232 bcsId: 1297} | ret=SUCCESS |  
2019-08-23 07:08:52,474 | INFO  | DNAudit | user=null | ip=null | op=WRITE_CHUNK {blockData=conID: 3 locID: 102665036031394232 bcsId: 1297} | ret=SUCCESS |  
2019-08-23 07:08:52,474 | INFO  | DNAudit | user=null | ip=null | op=WRITE_CHUNK {blockData=conID: 3 locID: 102665036031394232 bcsId: 1297} | ret=SUCCESS |  
2019-08-23 07:08:52,485 | INFO  | DNAudit | user=null | ip=null | op=WRITE_CHUNK {blockData=conID: 3 locID: 102665036031394232 bcsId: 1297} | ret=SUCCESS |  
2019-08-23 07:08:52,485 | INFO  | DNAudit | user=null | ip=null | op=PUT_BLOCK {blockData=[blockId=conID: 3 locID: 102665036031394232 bcsId: 0,size=3145728]} | ret=SUCCESS |  
2019-08-23 07:08:52,485 [grpc-default-executor-3] INFO  client.GrpcClientProtocolClient (GrpcClientProtocolClient.java:onNext(255)) - client-D91E5D1E15CE->f2ba01fc-a63e-4348-bd18-030b60a135e7: receive RaftClientReply:client-D91E5D1E15CE->f2ba01fc-a63e-4348-bd18-030b60a135e7@group-C8C62FEF0626, cid=968, SUCCESS, logIndex=1302, commits[f2ba01fc-a63e-4348-bd18-030b60a135e7:c1303, eab135d4-a257-4705-b491-6c056b8c5df7:c1301, a4f67574-9018-43e7-8a54-351e98dc3d0a:c1301]
2019-08-23 07:08:52,486 [grpc-default-executor-3] INFO  client.GrpcClientProtocolClient (GrpcClientProtocolClient.java:onNext(255)) - client-D91E5D1E15CE->f2ba01fc-a63e-4348-bd18-030b60a135e7: receive RaftClientReply:client-D91E5D1E15CE->f2ba01fc-a63e-4348-bd18-030b60a135e7@group-C8C62FEF0626, cid=969, SUCCESS, logIndex=1303, commits[f2ba01fc-a63e-4348-bd18-030b60a135e7:c1303, eab135d4-a257-4705-b491-6c056b8c5df7:c1301, a4f67574-9018-43e7-8a54-351e98dc3d0a:c1301]
2019-08-23 07:08:52,492 | INFO  | DNAudit | user=null | ip=null | op=WRITE_CHUNK {blockData=conID: 3 locID: 102665036031394232 bcsId: 1303} | ret=SUCCESS |  
2019-08-23 07:08:52,494 | INFO  | DNAudit | user=null | ip=null | op=WRITE_CHUNK {blockData=conID: 3 locID: 102665036031394232 bcsId: 1303} | ret=SUCCESS |  
2019-08-23 07:08:52,494 | INFO  | DNAudit | user=null | ip=null | op=WRITE_CHUNK {blockData=conID: 3 locID: 102665036031394232 bcsId: 1303} | ret=SUCCESS |  
2019-08-23 07:08:52,496 | INFO  | DNAudit | user=null | ip=null | op=WRITE_CHUNK {blockData=conID: 3 locID: 102665036031394232 bcsId: 1297} | ret=SUCCESS |  
2019-08-23 07:08:52,497 | INFO  | DNAudit | user=null | ip=null | op=WRITE_CHUNK {blockData=conID: 3 locID: 102665036031394232 bcsId: 1297} | ret=SUCCESS |  
2019-08-23 07:08:52,497 | INFO  | DNAudit | user=null | ip=null | op=PUT_BLOCK {blockData=[blockId=conID: 3 locID: 102665036031394232 bcsId: 0,size=3145728]} | ret=SUCCESS |  
2019-08-23 07:08:52,498 | INFO  | DNAudit | user=null | ip=null | op=PUT_BLOCK {blockData=[blockId=conID: 3 locID: 102665036031394232 bcsId: 0,size=3145728]} | ret=SUCCESS |  
2019-08-23 07:08:52,498 | INFO  | DNAudit | user=null | ip=null | op=WRITE_CHUNK {blockData=conID: 3 locID: 102665036031394232 bcsId: 1303} | ret=SUCCESS |  
2019-08-23 07:08:52,499 | INFO  | DNAudit | user=null | ip=null | op=PUT_BLOCK {blockData=[blockId=conID: 3 locID: 102665036031394232 bcsId: 0,size=4194304]} | ret=SUCCESS |  
2019-08-23 07:08:52,499 [grpc-default-executor-6] INFO  client.GrpcClientProtocolClient (GrpcClientProtocolClient.java:onNext(255)) - client-D91E5D1E15CE->f2ba01fc-a63e-4348-bd18-030b60a135e7: receive RaftClientReply:client-D91E5D1E15CE->f2ba01fc-a63e-4348-bd18-030b60a135e7@group-C8C62FEF0626, cid=970, SUCCESS, logIndex=1306, commits[f2ba01fc-a63e-4348-bd18-030b60a135e7:c1307, eab135d4-a257-4705-b491-6c056b8c5df7:c1303, a4f67574-9018-43e7-8a54-351e98dc3d0a:c1303]
2019-08-23 07:08:52,499 [grpc-default-executor-6] INFO  client.GrpcClientProtocolClient (GrpcClientProtocolClient.java:onNext(255)) - client-D91E5D1E15CE->f2ba01fc-a63e-4348-bd18-030b60a135e7: receive RaftClientReply:client-D91E5D1E15CE->f2ba01fc-a63e-4348-bd18-030b60a135e7@group-C8C62FEF0626, cid=971, SUCCESS, logIndex=1307, commits[f2ba01fc-a63e-4348-bd18-030b60a135e7:c1307, eab135d4-a257-4705-b491-6c056b8c5df7:c1303, a4f67574-9018-43e7-8a54-351e98dc3d0a:c1303]
2019-08-23 07:08:52,503 | INFO  | SCMAudit | user=jenkins1000 | ip=192.168.5.178 | op=SEND_HEARTBEAT {datanodeUUID=eab135d4-a257-4705-b491-6c056b8c5df7, command=[]} | ret=SUCCESS |  
2019-08-23 07:08:52,504 | INFO  | SCMAudit | user=jenkins1000 | ip=192.168.5.178 | op=SEND_HEARTBEAT {datanodeUUID=f2ba01fc-a63e-4348-bd18-030b60a135e7, command=[]} | ret=SUCCESS |  
2019-08-23 07:08:52,504 | INFO  | SCMAudit | user=jenkins1000 | ip=192.168.5.178 | op=SEND_HEARTBEAT {datanodeUUID=a4f67574-9018-43e7-8a54-351e98dc3d0a, command=[]} | ret=SUCCESS |  
2019-08-23 07:08:52,510 | INFO  | DNAudit | user=null | ip=null | op=WRITE_CHUNK {blockData=conID: 3 locID: 102665036031394232 bcsId: 1303} | ret=SUCCESS |  
2019-08-23 07:08:52,510 | INFO  | DNAudit | user=null | ip=null | op=WRITE_CHUNK {blockData=conID: 3 locID: 102665036031394232 bcsId: 1303} | ret=SUCCESS |  
2019-08-23 07:08:52,510 | INFO  | DNAudit | user=null | ip=null | op=PUT_BLOCK {blockData=[blockId=conID: 3 locID: 102665036031394232 bcsId: 0,size=4194304]} | ret=SUCCESS |  
2019-08-23 07:08:52,510 | INFO  | DNAudit | user=null | ip=null | op=PUT_BLOCK {blockData=[blockId=conID: 3 locID: 102665036031394232 bcsId: 0,size=4194304]} | ret=SUCCESS |  
2019-08-23 07:08:52,511 [grpc-default-executor-6] INFO  client.GrpcClientProtocolClient (GrpcClientProtocolClient.java:onNext(255)) - client-D91E5D1E15CE->f2ba01fc-a63e-4348-bd18-030b60a135e7: receive RaftClientReply:client-D91E5D1E15CE->f2ba01fc-a63e-4348-bd18-030b60a135e7@group-C8C62FEF0626, cid=972, SUCCESS, logIndex=0, commits[f2ba01fc-a63e-4348-bd18-030b60a135e7:c1308, eab135d4-a257-4705-b491-6c056b8c5df7:c1307, a4f67574-9018-43e7-8a54-351e98dc3d0a:c1307]
2019-08-23 07:08:52,525 | INFO  | DNAudit | user=null | ip=null | op=WRITE_CHUNK {blockData=conID: 1 locID: 102665036031394233 bcsId: 0} | ret=SUCCESS |  
2019-08-23 07:08:52,528 | INFO  | DNAudit | user=null | ip=null | op=WRITE_CHUNK {blockData=conID: 1 locID: 102665036031394233 bcsId: 0} | ret=SUCCESS |  
2019-08-23 07:08:52,529 | INFO  | DNAudit | user=null | ip=null | op=WRITE_CHUNK {blockData=conID: 1 locID: 102665036031394233 bcsId: 0} | ret=SUCCESS |  
2019-08-23 07:08:52,529 | INFO  | DNAudit | user=null | ip=null | op=WRITE_CHUNK {blockData=conID: 1 locID: 102665036031394233 bcsId: 0} | ret=SUCCESS |  
2019-08-23 07:08:52,531 | INFO  | DNAudit | user=null | ip=null | op=WRITE_CHUNK {blockData=conID: 1 locID: 102665036031394233 bcsId: 0} | ret=SUCCESS |  
2019-08-23 07:08:52,531 | INFO  | DNAudit | user=null | ip=null | op=WRITE_CHUNK {blockData=conID: 1 locID: 102665036031394233 bcsId: 0} | ret=SUCCESS |  
2019-08-23 07:08:52,538 | INFO  | DNAudit | user=null | ip=null | op=WRITE_CHUNK {blockData=conID: 1 locID: 102665036031394233 bcsId: 0} | ret=SUCCESS |  
2019-08-23 07:08:52,538 | INFO  | DNAudit | user=null | ip=null | op=PUT_BLOCK {blockData=[blockId=conID: 1 locID: 102665036031394233 bcsId: 0,size=1048576]} | ret=SUCCESS |  
2019-08-23 07:08:52,539 | INFO  | DNAudit | user=null | ip=null | op=WRITE_CHUNK {blockData=conID: 1 locID: 102665036031394233 bcsId: 0} | ret=SUCCESS |  
2019-08-23 07:08:52,539 [grpc-default-executor-4] INFO  client.GrpcClientProtocolClient (GrpcClientProtocolClient.java:onNext(255)) - client-D91E5D1E15CE->f2ba01fc-a63e-4348-bd18-030b60a135e7: receive RaftClientReply:client-D91E5D1E15CE->f2ba01fc-a63e-4348-bd18-030b60a135e7@group-C8C62FEF0626, cid=973, SUCCESS, logIndex=1310, commits[f2ba01fc-a63e-4348-bd18-030b60a135e7:c1311, eab135d4-a257-4705-b491-6c056b8c5df7:c1309, a4f67574-9018-43e7-8a54-351e98dc3d0a:c1309]
2019-08-23 07:08:52,539 | INFO  | DNAudit | user=null | ip=null | op=PUT_BLOCK {blockData=[blockId=conID: 1 locID: 102665036031394233 bcsId: 0,size=2097152]} | ret=SUCCESS |  
2019-08-23 07:08:52,540 | INFO  | DNAudit | user=null | ip=null | op=WRITE_CHUNK {blockData=conID: 1 locID: 102665036031394233 bcsId: 0} | ret=SUCCESS |  
2019-08-23 07:08:52,540 | INFO  | DNAudit | user=null | ip=null | op=WRITE_CHUNK {blockData=conID: 1 locID: 102665036031394233 bcsId: 0} | ret=SUCCESS |  
2019-08-23 07:08:52,540 [grpc-default-executor-4] INFO  client.GrpcClientProtocolClient (GrpcClientProtocolClient.java:onNext(255)) - client-D91E5D1E15CE->f2ba01fc-a63e-4348-bd18-030b60a135e7: receive RaftClientReply:client-D91E5D1E15CE->f2ba01fc-a63e-4348-bd18-030b60a135e7@group-C8C62FEF0626, cid=974, SUCCESS, logIndex=1311, commits[f2ba01fc-a63e-4348-bd18-030b60a135e7:c1311, eab135d4-a257-4705-b491-6c056b8c5df7:c1309, a4f67574-9018-43e7-8a54-351e98dc3d0a:c1309]
2019-08-23 07:08:52,540 | INFO  | DNAudit | user=null | ip=null | op=PUT_BLOCK {blockData=[blockId=conID: 1 locID: 102665036031394233 bcsId: 0,size=1048576]} | ret=SUCCESS |  
2019-08-23 07:08:52,540 | INFO  | DNAudit | user=null | ip=null | op=PUT_BLOCK {blockData=[blockId=conID: 1 locID: 102665036031394233 bcsId: 0,size=1048576]} | ret=SUCCESS |  
2019-08-23 07:08:52,540 [grpc-default-executor-4] INFO  client.GrpcClientProtocolClient (GrpcClientProtocolClient.java:onNext(255)) - client-D91E5D1E15CE->f2ba01fc-a63e-4348-bd18-030b60a135e7: receive RaftClientReply:client-D91E5D1E15CE->f2ba01fc-a63e-4348-bd18-030b60a135e7@group-C8C62FEF0626, cid=975, SUCCESS, logIndex=1312, commits[f2ba01fc-a63e-4348-bd18-030b60a135e7:c1313, eab135d4-a257-4705-b491-6c056b8c5df7:c1309, a4f67574-9018-43e7-8a54-351e98dc3d0a:c1309]
2019-08-23 07:08:52,541 | INFO  | DNAudit | user=null | ip=null | op=WRITE_CHUNK {blockData=conID: 1 locID: 102665036031394233 bcsId: 0} | ret=SUCCESS |  
2019-08-23 07:08:52,541 [grpc-default-executor-4] INFO  client.GrpcClientProtocolClient (GrpcClientProtocolClient.java:onNext(255)) - client-D91E5D1E15CE->f2ba01fc-a63e-4348-bd18-030b60a135e7: receive RaftClientReply:client-D91E5D1E15CE->f2ba01fc-a63e-4348-bd18-030b60a135e7@group-C8C62FEF0626, cid=976, SUCCESS, logIndex=1313, commits[f2ba01fc-a63e-4348-bd18-030b60a135e7:c1313, eab135d4-a257-4705-b491-6c056b8c5df7:c1309, a4f67574-9018-43e7-8a54-351e98dc3d0a:c1309]
2019-08-23 07:08:52,541 | INFO  | DNAudit | user=null | ip=null | op=PUT_BLOCK {blockData=[blockId=conID: 1 locID: 102665036031394233 bcsId: 0,size=2097152]} | ret=SUCCESS |  
2019-08-23 07:08:52,541 | INFO  | DNAudit | user=null | ip=null | op=WRITE_CHUNK {blockData=conID: 1 locID: 102665036031394233 bcsId: 0} | ret=SUCCESS |  
2019-08-23 07:08:52,541 | INFO  | DNAudit | user=null | ip=null | op=PUT_BLOCK {blockData=[blockId=conID: 1 locID: 102665036031394233 bcsId: 0,size=2097152]} | ret=SUCCESS |  
2019-08-23 07:08:52,542 [grpc-default-executor-4] INFO  client.GrpcClientProtocolClient (GrpcClientProtocolClient.java:onNext(255)) - client-D91E5D1E15CE->f2ba01fc-a63e-4348-bd18-030b60a135e7: receive RaftClientReply:client-D91E5D1E15CE->f2ba01fc-a63e-4348-bd18-030b60a135e7@group-C8C62FEF0626, cid=977, SUCCESS, logIndex=0, commits[f2ba01fc-a63e-4348-bd18-030b60a135e7:c1316, eab135d4-a257-4705-b491-6c056b8c5df7:c1313, a4f67574-9018-43e7-8a54-351e98dc3d0a:c1313]
2019-08-23 07:08:52,549 | INFO  | DNAudit | user=null | ip=null | op=WRITE_CHUNK {blockData=conID: 1 locID: 102665036031394233 bcsId: 1313} | ret=SUCCESS |  
2019-08-23 07:08:52,552 | INFO  | DNAudit | user=null | ip=null | op=WRITE_CHUNK {blockData=conID: 1 locID: 102665036031394233 bcsId: 1313} | ret=SUCCESS |  
2019-08-23 07:08:52,552 | INFO  | DNAudit | user=null | ip=null | op=WRITE_CHUNK {blockData=conID: 1 locID: 102665036031394233 bcsId: 1313} | ret=SUCCESS |  
2019-08-23 07:08:52,562 | INFO  | DNAudit | user=null | ip=null | op=WRITE_CHUNK {blockData=conID: 1 locID: 102665036031394233 bcsId: 1313} | ret=SUCCESS |  
2019-08-23 07:08:52,563 | INFO  | DNAudit | user=null | ip=null | op=PUT_BLOCK {blockData=[blockId=conID: 1 locID: 102665036031394233 bcsId: 0,size=3145728]} | ret=SUCCESS |  
2019-08-23 07:08:52,563 [grpc-default-executor-4] INFO  client.GrpcClientProtocolClient (GrpcClientProtocolClient.java:onNext(255)) - client-D91E5D1E15CE->f2ba01fc-a63e-4348-bd18-030b60a135e7: receive RaftClientReply:client-D91E5D1E15CE->f2ba01fc-a63e-4348-bd18-030b60a135e7@group-C8C62FEF0626, cid=978, SUCCESS, logIndex=1317, commits[f2ba01fc-a63e-4348-bd18-030b60a135e7:c1318, eab135d4-a257-4705-b491-6c056b8c5df7:c1316, a4f67574-9018-43e7-8a54-351e98dc3d0a:c1316]
2019-08-23 07:08:52,564 [grpc-default-executor-4] INFO  client.GrpcClientProtocolClient (GrpcClientProtocolClient.java:onNext(255)) - client-D91E5D1E15CE->f2ba01fc-a63e-4348-bd18-030b60a135e7: receive RaftClientReply:client-D91E5D1E15CE->f2ba01fc-a63e-4348-bd18-030b60a135e7@group-C8C62FEF0626, cid=979, SUCCESS, logIndex=1318, commits[f2ba01fc-a63e-4348-bd18-030b60a135e7:c1318, eab135d4-a257-4705-b491-6c056b8c5df7:c1316, a4f67574-9018-43e7-8a54-351e98dc3d0a:c1316]
2019-08-23 07:08:52,571 | INFO  | DNAudit | user=null | ip=null | op=WRITE_CHUNK {blockData=conID: 1 locID: 102665036031394233 bcsId: 1318} | ret=SUCCESS |  
2019-08-23 07:08:52,573 | INFO  | DNAudit | user=null | ip=null | op=WRITE_CHUNK {blockData=conID: 1 locID: 102665036031394233 bcsId: 1318} | ret=SUCCESS |  
2019-08-23 07:08:52,573 | INFO  | DNAudit | user=null | ip=null | op=WRITE_CHUNK {blockData=conID: 1 locID: 102665036031394233 bcsId: 1318} | ret=SUCCESS |  
2019-08-23 07:08:52,574 | INFO  | DNAudit | user=null | ip=null | op=WRITE_CHUNK {blockData=conID: 1 locID: 102665036031394233 bcsId: 1313} | ret=SUCCESS |  
2019-08-23 07:08:52,574 | INFO  | DNAudit | user=null | ip=null | op=WRITE_CHUNK {blockData=conID: 1 locID: 102665036031394233 bcsId: 1313} | ret=SUCCESS |  
2019-08-23 07:08:52,575 | INFO  | DNAudit | user=null | ip=null | op=PUT_BLOCK {blockData=[blockId=conID: 1 locID: 102665036031394233 bcsId: 0,size=3145728]} | ret=SUCCESS |  
2019-08-23 07:08:52,575 | INFO  | DNAudit | user=null | ip=null | op=PUT_BLOCK {blockData=[blockId=conID: 1 locID: 102665036031394233 bcsId: 0,size=3145728]} | ret=SUCCESS |  
2019-08-23 07:08:52,576 | INFO  | DNAudit | user=null | ip=null | op=WRITE_CHUNK {blockData=conID: 1 locID: 102665036031394233 bcsId: 1318} | ret=SUCCESS |  
2019-08-23 07:08:52,577 | INFO  | DNAudit | user=null | ip=null | op=PUT_BLOCK {blockData=[blockId=conID: 1 locID: 102665036031394233 bcsId: 0,size=4194304]} | ret=SUCCESS |  
2019-08-23 07:08:52,577 [grpc-default-executor-4] INFO  client.GrpcClientProtocolClient (GrpcClientProtocolClient.java:onNext(255)) - client-D91E5D1E15CE->f2ba01fc-a63e-4348-bd18-030b60a135e7: receive RaftClientReply:client-D91E5D1E15CE->f2ba01fc-a63e-4348-bd18-030b60a135e7@group-C8C62FEF0626, cid=980, SUCCESS, logIndex=1321, commits[f2ba01fc-a63e-4348-bd18-030b60a135e7:c1322, eab135d4-a257-4705-b491-6c056b8c5df7:c1318, a4f67574-9018-43e7-8a54-351e98dc3d0a:c1318]
2019-08-23 07:08:52,577 [grpc-default-executor-4] INFO  client.GrpcClientProtocolClient (GrpcClientProtocolClient.java:onNext(255)) - client-D91E5D1E15CE->f2ba01fc-a63e-4348-bd18-030b60a135e7: receive RaftClientReply:client-D91E5D1E15CE->f2ba01fc-a63e-4348-bd18-030b60a135e7@group-C8C62FEF0626, cid=981, SUCCESS, logIndex=1322, commits[f2ba01fc-a63e-4348-bd18-030b60a135e7:c1322, eab135d4-a257-4705-b491-6c056b8c5df7:c1318, a4f67574-9018-43e7-8a54-351e98dc3d0a:c1318]
2019-08-23 07:08:52,579 | INFO  | DNAudit | user=null | ip=null | op=WRITE_CHUNK {blockData=conID: 1 locID: 102665036031394233 bcsId: 1318} | ret=SUCCESS |  
2019-08-23 07:08:52,579 | INFO  | DNAudit | user=null | ip=null | op=WRITE_CHUNK {blockData=conID: 1 locID: 102665036031394233 bcsId: 1318} | ret=SUCCESS |  
2019-08-23 07:08:52,580 | INFO  | DNAudit | user=null | ip=null | op=PUT_BLOCK {blockData=[blockId=conID: 1 locID: 102665036031394233 bcsId: 0,size=4194304]} | ret=SUCCESS |  
2019-08-23 07:08:52,580 | INFO  | DNAudit | user=null | ip=null | op=PUT_BLOCK {blockData=[blockId=conID: 1 locID: 102665036031394233 bcsId: 0,size=4194304]} | ret=SUCCESS |  
2019-08-23 07:08:52,581 [grpc-default-executor-4] INFO  client.GrpcClientProtocolClient (GrpcClientProtocolClient.java:onNext(255)) - client-D91E5D1E15CE->f2ba01fc-a63e-4348-bd18-030b60a135e7: receive RaftClientReply:client-D91E5D1E15CE->f2ba01fc-a63e-4348-bd18-030b60a135e7@group-C8C62FEF0626, cid=982, SUCCESS, logIndex=0, commits[f2ba01fc-a63e-4348-bd18-030b60a135e7:c1324, eab135d4-a257-4705-b491-6c056b8c5df7:c1322, a4f67574-9018-43e7-8a54-351e98dc3d0a:c1322]
2019-08-23 07:08:52,589 | INFO  | DNAudit | user=null | ip=null | op=WRITE_CHUNK {blockData=conID: 2 locID: 102665036031394234 bcsId: 0} | ret=SUCCESS |  
2019-08-23 07:08:52,591 | INFO  | DNAudit | user=null | ip=null | op=WRITE_CHUNK {blockData=conID: 2 locID: 102665036031394234 bcsId: 0} | ret=SUCCESS |  
2019-08-23 07:08:52,592 | INFO  | DNAudit | user=null | ip=null | op=WRITE_CHUNK {blockData=conID: 2 locID: 102665036031394234 bcsId: 0} | ret=SUCCESS |  
2019-08-23 07:08:52,592 | INFO  | DNAudit | user=null | ip=null | op=WRITE_CHUNK {blockData=conID: 2 locID: 102665036031394234 bcsId: 0} | ret=SUCCESS |  
2019-08-23 07:08:52,594 | INFO  | DNAudit | user=null | ip=null | op=WRITE_CHUNK {blockData=conID: 2 locID: 102665036031394234 bcsId: 0} | ret=SUCCESS |  
2019-08-23 07:08:52,594 | INFO  | DNAudit | user=null | ip=null | op=WRITE_CHUNK {blockData=conID: 2 locID: 102665036031394234 bcsId: 0} | ret=SUCCESS |  
2019-08-23 07:08:52,594 | INFO  | DNAudit | user=null | ip=null | op=WRITE_CHUNK {blockData=conID: 2 locID: 102665036031394234 bcsId: 0} | ret=SUCCESS |  
2019-08-23 07:08:52,595 | INFO  | DNAudit | user=null | ip=null | op=PUT_BLOCK {blockData=[blockId=conID: 2 locID: 102665036031394234 bcsId: 0,size=1048576]} | ret=SUCCESS |  
2019-08-23 07:08:52,595 [grpc-default-executor-3] INFO  client.GrpcClientProtocolClient (GrpcClientProtocolClient.java:onNext(255)) - client-D91E5D1E15CE->f2ba01fc-a63e-4348-bd18-030b60a135e7: receive RaftClientReply:client-D91E5D1E15CE->f2ba01fc-a63e-4348-bd18-030b60a135e7@group-C8C62FEF0626, cid=983, SUCCESS, logIndex=1325, commits[f2ba01fc-a63e-4348-bd18-030b60a135e7:c1326, eab135d4-a257-4705-b491-6c056b8c5df7:c1324, a4f67574-9018-43e7-8a54-351e98dc3d0a:c1324]
2019-08-23 07:08:52,596 [grpc-default-executor-3] INFO  client.GrpcClientProtocolClient (GrpcClientProtocolClient.java:onNext(255)) - client-D91E5D1E15CE->f2ba01fc-a63e-4348-bd18-030b60a135e7: receive RaftClientReply:client-D91E5D1E15CE->f2ba01fc-a63e-4348-bd18-030b60a135e7@group-C8C62FEF0626, cid=984, SUCCESS, logIndex=1326, commits[f2ba01fc-a63e-4348-bd18-030b60a135e7:c1326, eab135d4-a257-4705-b491-6c056b8c5df7:c1324, a4f67574-9018-43e7-8a54-351e98dc3d0a:c1324]
2019-08-23 07:08:52,596 | INFO  | DNAudit | user=null | ip=null | op=WRITE_CHUNK {blockData=conID: 2 locID: 102665036031394234 bcsId: 0} | ret=SUCCESS |  
2019-08-23 07:08:52,597 | INFO  | DNAudit | user=null | ip=null | op=PUT_BLOCK {blockData=[blockId=conID: 2 locID: 102665036031394234 bcsId: 0,size=2097152]} | ret=SUCCESS |  
2019-08-23 07:08:52,855 | INFO  | DNAudit | user=null | ip=null | op=WRITE_CHUNK {blockData=conID: 2 locID: 102665036031394234 bcsId: 0} | ret=SUCCESS |  
2019-08-23 07:08:52,856 [grpc-default-executor-6] INFO  client.GrpcClientProtocolClient (GrpcClientProtocolClient.java:onNext(255)) - client-D91E5D1E15CE->f2ba01fc-a63e-4348-bd18-030b60a135e7: receive RaftClientReply:client-D91E5D1E15CE->f2ba01fc-a63e-4348-bd18-030b60a135e7@group-C8C62FEF0626, cid=985, SUCCESS, logIndex=1327, commits[f2ba01fc-a63e-4348-bd18-030b60a135e7:c1328, eab135d4-a257-4705-b491-6c056b8c5df7:c1324, a4f67574-9018-43e7-8a54-351e98dc3d0a:c1324]
2019-08-23 07:08:52,856 | INFO  | DNAudit | user=null | ip=null | op=PUT_BLOCK {blockData=[blockId=conID: 2 locID: 102665036031394234 bcsId: 0,size=1048576]} | ret=SUCCESS |  
2019-08-23 07:08:52,856 | INFO  | DNAudit | user=null | ip=null | op=WRITE_CHUNK {blockData=conID: 2 locID: 102665036031394234 bcsId: 0} | ret=SUCCESS |  
2019-08-23 07:08:52,857 | INFO  | DNAudit | user=null | ip=null | op=WRITE_CHUNK {blockData=conID: 2 locID: 102665036031394234 bcsId: 0} | ret=SUCCESS |  
2019-08-23 07:08:52,857 [grpc-default-executor-6] INFO  client.GrpcClientProtocolClient (GrpcClientProtocolClient.java:onNext(255)) - client-D91E5D1E15CE->f2ba01fc-a63e-4348-bd18-030b60a135e7: receive RaftClientReply:client-D91E5D1E15CE->f2ba01fc-a63e-4348-bd18-030b60a135e7@group-C8C62FEF0626, cid=986, SUCCESS, logIndex=1328, commits[f2ba01fc-a63e-4348-bd18-030b60a135e7:c1328, eab135d4-a257-4705-b491-6c056b8c5df7:c1324, a4f67574-9018-43e7-8a54-351e98dc3d0a:c1324]
2019-08-23 07:08:52,857 | INFO  | DNAudit | user=null | ip=null | op=PUT_BLOCK {blockData=[blockId=conID: 2 locID: 102665036031394234 bcsId: 0,size=2097152]} | ret=SUCCESS |  
2019-08-23 07:08:52,857 | INFO  | DNAudit | user=null | ip=null | op=PUT_BLOCK {blockData=[blockId=conID: 2 locID: 102665036031394234 bcsId: 0,size=1048576]} | ret=SUCCESS |  
2019-08-23 07:08:52,858 [grpc-default-executor-3] INFO  client.GrpcClientProtocolClient (GrpcClientProtocolClient.java:onNext(255)) - client-D91E5D1E15CE->f2ba01fc-a63e-4348-bd18-030b60a135e7: receive RaftClientReply:client-D91E5D1E15CE->f2ba01fc-a63e-4348-bd18-030b60a135e7@group-C8C62FEF0626, cid=987, SUCCESS, logIndex=0, commits[f2ba01fc-a63e-4348-bd18-030b60a135e7:c1330, eab135d4-a257-4705-b491-6c056b8c5df7:c1328, a4f67574-9018-43e7-8a54-351e98dc3d0a:c1326]
2019-08-23 07:08:52,865 | INFO  | DNAudit | user=null | ip=null | op=WRITE_CHUNK {blockData=conID: 2 locID: 102665036031394234 bcsId: 1328} | ret=SUCCESS |  
2019-08-23 07:08:52,868 | INFO  | DNAudit | user=null | ip=null | op=WRITE_CHUNK {blockData=conID: 2 locID: 102665036031394234 bcsId: 1328} | ret=SUCCESS |  
2019-08-23 07:08:52,869 | INFO  | DNAudit | user=null | ip=null | op=WRITE_CHUNK {blockData=conID: 2 locID: 102665036031394234 bcsId: 0} | ret=SUCCESS |  
2019-08-23 07:08:52,870 | INFO  | DNAudit | user=null | ip=null | op=PUT_BLOCK {blockData=[blockId=conID: 2 locID: 102665036031394234 bcsId: 0,size=2097152]} | ret=SUCCESS |  
2019-08-23 07:08:52,870 | INFO  | DNAudit | user=null | ip=null | op=WRITE_CHUNK {blockData=conID: 2 locID: 102665036031394234 bcsId: 1328} | ret=SUCCESS |  
2019-08-23 07:08:52,870 | INFO  | DNAudit | user=null | ip=null | op=WRITE_CHUNK {blockData=conID: 2 locID: 102665036031394234 bcsId: 1328} | ret=SUCCESS |  
2019-08-23 07:08:52,871 | INFO  | DNAudit | user=null | ip=null | op=PUT_BLOCK {blockData=[blockId=conID: 2 locID: 102665036031394234 bcsId: 0,size=3145728]} | ret=SUCCESS |  
2019-08-23 07:08:52,871 [grpc-default-executor-3] INFO  client.GrpcClientProtocolClient (GrpcClientProtocolClient.java:onNext(255)) - client-D91E5D1E15CE->f2ba01fc-a63e-4348-bd18-030b60a135e7: receive RaftClientReply:client-D91E5D1E15CE->f2ba01fc-a63e-4348-bd18-030b60a135e7@group-C8C62FEF0626, cid=988, SUCCESS, logIndex=1333, commits[f2ba01fc-a63e-4348-bd18-030b60a135e7:c1334, eab135d4-a257-4705-b491-6c056b8c5df7:c1330, a4f67574-9018-43e7-8a54-351e98dc3d0a:c1328]
2019-08-23 07:08:52,871 [grpc-default-executor-3] INFO  client.GrpcClientProtocolClient (GrpcClientProtocolClient.java:onNext(255)) - client-D91E5D1E15CE->f2ba01fc-a63e-4348-bd18-030b60a135e7: receive RaftClientReply:client-D91E5D1E15CE->f2ba01fc-a63e-4348-bd18-030b60a135e7@group-C8C62FEF0626, cid=989, SUCCESS, logIndex=1334, commits[f2ba01fc-a63e-4348-bd18-030b60a135e7:c1334, eab135d4-a257-4705-b491-6c056b8c5df7:c1330, a4f67574-9018-43e7-8a54-351e98dc3d0a:c1328]
 0.00% |█                                                                                                    |  0/1 Time: 0:00:042019-08-23 07:08:52,878 | INFO  | DNAudit | user=null | ip=null | op=WRITE_CHUNK {blockData=conID: 2 locID: 102665036031394234 bcsId: 1334} | ret=SUCCESS |  
2019-08-23 07:08:52,882 | INFO  | DNAudit | user=null | ip=null | op=WRITE_CHUNK {blockData=conID: 2 locID: 102665036031394234 bcsId: 1328} | ret=SUCCESS |  
2019-08-23 07:08:52,883 | INFO  | DNAudit | user=null | ip=null | op=WRITE_CHUNK {blockData=conID: 2 locID: 102665036031394234 bcsId: 1334} | ret=SUCCESS |  
2019-08-23 07:08:52,883 | INFO  | DNAudit | user=null | ip=null | op=PUT_BLOCK {blockData=[blockId=conID: 2 locID: 102665036031394234 bcsId: 0,size=3145728]} | ret=SUCCESS |  
2019-08-23 07:08:52,883 | INFO  | DNAudit | user=null | ip=null | op=WRITE_CHUNK {blockData=conID: 2 locID: 102665036031394234 bcsId: 1328} | ret=SUCCESS |  
2019-08-23 07:08:52,883 | INFO  | DNAudit | user=null | ip=null | op=WRITE_CHUNK {blockData=conID: 2 locID: 102665036031394234 bcsId: 1334} | ret=SUCCESS |  
2019-08-23 07:08:52,883 | INFO  | DNAudit | user=null | ip=null | op=PUT_BLOCK {blockData=[blockId=conID: 2 locID: 102665036031394234 bcsId: 0,size=3145728]} | ret=SUCCESS |  
2019-08-23 07:08:52,895 | INFO  | DNAudit | user=null | ip=null | op=WRITE_CHUNK {blockData=conID: 2 locID: 102665036031394234 bcsId: 1334} | ret=SUCCESS |  
2019-08-23 07:08:52,895 | INFO  | DNAudit | user=null | ip=null | op=PUT_BLOCK {blockData=[blockId=conID: 2 locID: 102665036031394234 bcsId: 0,size=4194304]} | ret=SUCCESS |  
2019-08-23 07:08:52,895 [grpc-default-executor-3] INFO  client.GrpcClientProtocolClient (GrpcClientProtocolClient.java:onNext(255)) - client-D91E5D1E15CE->f2ba01fc-a63e-4348-bd18-030b60a135e7: receive RaftClientReply:client-D91E5D1E15CE->f2ba01fc-a63e-4348-bd18-030b60a135e7@group-C8C62FEF0626, cid=990, SUCCESS, logIndex=1337, commits[f2ba01fc-a63e-4348-bd18-030b60a135e7:c1338, eab135d4-a257-4705-b491-6c056b8c5df7:c1334, a4f67574-9018-43e7-8a54-351e98dc3d0a:c1334]
2019-08-23 07:08:52,896 [grpc-default-executor-3] INFO  client.GrpcClientProtocolClient (GrpcClientProtocolClient.java:onNext(255)) - client-D91E5D1E15CE->f2ba01fc-a63e-4348-bd18-030b60a135e7: receive RaftClientReply:client-D91E5D1E15CE->f2ba01fc-a63e-4348-bd18-030b60a135e7@group-C8C62FEF0626, cid=991, SUCCESS, logIndex=1338, commits[f2ba01fc-a63e-4348-bd18-030b60a135e7:c1338, eab135d4-a257-4705-b491-6c056b8c5df7:c1334, a4f67574-9018-43e7-8a54-351e98dc3d0a:c1334]
2019-08-23 07:08:52,896 | INFO  | DNAudit | user=null | ip=null | op=WRITE_CHUNK {blockData=conID: 2 locID: 102665036031394234 bcsId: 1334} | ret=SUCCESS |  
2019-08-23 07:08:52,896 | INFO  | DNAudit | user=null | ip=null | op=WRITE_CHUNK {blockData=conID: 2 locID: 102665036031394234 bcsId: 1334} | ret=SUCCESS |  
2019-08-23 07:08:52,896 | INFO  | DNAudit | user=null | ip=null | op=PUT_BLOCK {blockData=[blockId=conID: 2 locID: 102665036031394234 bcsId: 0,size=4194304]} | ret=SUCCESS |  
2019-08-23 07:08:52,896 | INFO  | DNAudit | user=null | ip=null | op=PUT_BLOCK {blockData=[blockId=conID: 2 locID: 102665036031394234 bcsId: 0,size=4194304]} | ret=SUCCESS |  
2019-08-23 07:08:52,897 [grpc-default-executor-4] INFO  client.GrpcClientProtocolClient (GrpcClientProtocolClient.java:onNext(255)) - client-D91E5D1E15CE->f2ba01fc-a63e-4348-bd18-030b60a135e7: receive RaftClientReply:client-D91E5D1E15CE->f2ba01fc-a63e-4348-bd18-030b60a135e7@group-C8C62FEF0626, cid=992, SUCCESS, logIndex=0, commits[f2ba01fc-a63e-4348-bd18-030b60a135e7:c1339, eab135d4-a257-4705-b491-6c056b8c5df7:c1338, a4f67574-9018-43e7-8a54-351e98dc3d0a:c1338]
2019-08-23 07:08:52,903 | INFO  | DNAudit | user=null | ip=null | op=WRITE_CHUNK {blockData=conID: 3 locID: 102665036031394235 bcsId: 0} | ret=SUCCESS |  
2019-08-23 07:08:52,905 | INFO  | DNAudit | user=null | ip=null | op=WRITE_CHUNK {blockData=conID: 3 locID: 102665036031394235 bcsId: 0} | ret=SUCCESS |  
2019-08-23 07:08:52,906 | INFO  | DNAudit | user=null | ip=null | op=WRITE_CHUNK {blockData=conID: 3 locID: 102665036031394235 bcsId: 0} | ret=SUCCESS |  
2019-08-23 07:08:52,906 | INFO  | DNAudit | user=null | ip=null | op=WRITE_CHUNK {blockData=conID: 3 locID: 102665036031394235 bcsId: 0} | ret=SUCCESS |  
2019-08-23 07:08:52,908 | INFO  | DNAudit | user=null | ip=null | op=WRITE_CHUNK {blockData=conID: 3 locID: 102665036031394235 bcsId: 0} | ret=SUCCESS |  
2019-08-23 07:08:52,908 | INFO  | DNAudit | user=null | ip=null | op=WRITE_CHUNK {blockData=conID: 3 locID: 102665036031394235 bcsId: 0} | ret=SUCCESS |  
2019-08-23 07:08:52,915 | INFO  | DNAudit | user=null | ip=null | op=WRITE_CHUNK {blockData=conID: 3 locID: 102665036031394235 bcsId: 0} | ret=SUCCESS |  
2019-08-23 07:08:52,916 | INFO  | DNAudit | user=null | ip=null | op=PUT_BLOCK {blockData=[blockId=conID: 3 locID: 102665036031394235 bcsId: 0,size=1048576]} | ret=SUCCESS |  
2019-08-23 07:08:52,916 [grpc-default-executor-3] INFO  client.GrpcClientProtocolClient (GrpcClientProtocolClient.java:onNext(255)) - client-D91E5D1E15CE->f2ba01fc-a63e-4348-bd18-030b60a135e7: receive RaftClientReply:client-D91E5D1E15CE->f2ba01fc-a63e-4348-bd18-030b60a135e7@group-C8C62FEF0626, cid=993, SUCCESS, logIndex=1341, commits[f2ba01fc-a63e-4348-bd18-030b60a135e7:c1343, eab135d4-a257-4705-b491-6c056b8c5df7:c1340, a4f67574-9018-43e7-8a54-351e98dc3d0a:c1340]
2019-08-23 07:08:52,916 | INFO  | DNAudit | user=null | ip=null | op=WRITE_CHUNK {blockData=conID: 3 locID: 102665036031394235 bcsId: 0} | ret=SUCCESS |  
2019-08-23 07:08:52,917 | INFO  | DNAudit | user=null | ip=null | op=PUT_BLOCK {blockData=[blockId=conID: 3 locID: 102665036031394235 bcsId: 0,size=2097152]} | ret=SUCCESS |  
2019-08-23 07:08:52,917 | INFO  | DNAudit | user=null | ip=null | op=WRITE_CHUNK {blockData=conID: 3 locID: 102665036031394235 bcsId: 0} | ret=SUCCESS |  
2019-08-23 07:08:52,917 | INFO  | DNAudit | user=null | ip=null | op=WRITE_CHUNK {blockData=conID: 3 locID: 102665036031394235 bcsId: 0} | ret=SUCCESS |  
2019-08-23 07:08:52,917 [grpc-default-executor-3] INFO  client.GrpcClientProtocolClient (GrpcClientProtocolClient.java:onNext(255)) - client-D91E5D1E15CE->f2ba01fc-a63e-4348-bd18-030b60a135e7: receive RaftClientReply:client-D91E5D1E15CE->f2ba01fc-a63e-4348-bd18-030b60a135e7@group-C8C62FEF0626, cid=994, SUCCESS, logIndex=1342, commits[f2ba01fc-a63e-4348-bd18-030b60a135e7:c1344, eab135d4-a257-4705-b491-6c056b8c5df7:c1340, a4f67574-9018-43e7-8a54-351e98dc3d0a:c1340]
2019-08-23 07:08:52,917 [grpc-default-executor-3] INFO  client.GrpcClientProtocolClient (GrpcClientProtocolClient.java:onNext(255)) - client-D91E5D1E15CE->f2ba01fc-a63e-4348-bd18-030b60a135e7: receive RaftClientReply:client-D91E5D1E15CE->f2ba01fc-a63e-4348-bd18-030b60a135e7@group-C8C62FEF0626, cid=995, SUCCESS, logIndex=1343, commits[f2ba01fc-a63e-4348-bd18-030b60a135e7:c1344, eab135d4-a257-4705-b491-6c056b8c5df7:c1340, a4f67574-9018-43e7-8a54-351e98dc3d0a:c1340]
2019-08-23 07:08:52,918 [grpc-default-executor-3] INFO  client.GrpcClientProtocolClient (GrpcClientProtocolClient.java:onNext(255)) - client-D91E5D1E15CE->f2ba01fc-a63e-4348-bd18-030b60a135e7: receive RaftClientReply:client-D91E5D1E15CE->f2ba01fc-a63e-4348-bd18-030b60a135e7@group-C8C62FEF0626, cid=996, SUCCESS, logIndex=1344, commits[f2ba01fc-a63e-4348-bd18-030b60a135e7:c1344, eab135d4-a257-4705-b491-6c056b8c5df7:c1340, a4f67574-9018-43e7-8a54-351e98dc3d0a:c1340]
2019-08-23 07:08:52,918 | INFO  | DNAudit | user=null | ip=null | op=PUT_BLOCK {blockData=[blockId=conID: 3 locID: 102665036031394235 bcsId: 0,size=1048576]} | ret=SUCCESS |  
2019-08-23 07:08:52,918 | INFO  | DNAudit | user=null | ip=null | op=PUT_BLOCK {blockData=[blockId=conID: 3 locID: 102665036031394235 bcsId: 0,size=1048576]} | ret=SUCCESS |  
2019-08-23 07:08:52,918 | INFO  | DNAudit | user=null | ip=null | op=WRITE_CHUNK {blockData=conID: 3 locID: 102665036031394235 bcsId: 0} | ret=SUCCESS |  
2019-08-23 07:08:52,919 | INFO  | DNAudit | user=null | ip=null | op=WRITE_CHUNK {blockData=conID: 3 locID: 102665036031394235 bcsId: 0} | ret=SUCCESS |  
2019-08-23 07:08:52,919 | INFO  | DNAudit | user=null | ip=null | op=PUT_BLOCK {blockData=[blockId=conID: 3 locID: 102665036031394235 bcsId: 0,size=2097152]} | ret=SUCCESS |  
2019-08-23 07:08:52,919 | INFO  | DNAudit | user=null | ip=null | op=PUT_BLOCK {blockData=[blockId=conID: 3 locID: 102665036031394235 bcsId: 0,size=2097152]} | ret=SUCCESS |  
2019-08-23 07:08:52,919 [grpc-default-executor-3] INFO  client.GrpcClientProtocolClient (GrpcClientProtocolClient.java:onNext(255)) - client-D91E5D1E15CE->f2ba01fc-a63e-4348-bd18-030b60a135e7: receive RaftClientReply:client-D91E5D1E15CE->f2ba01fc-a63e-4348-bd18-030b60a135e7@group-C8C62FEF0626, cid=997, SUCCESS, logIndex=0, commits[f2ba01fc-a63e-4348-bd18-030b60a135e7:c1346, eab135d4-a257-4705-b491-6c056b8c5df7:c1344, a4f67574-9018-43e7-8a54-351e98dc3d0a:c1342]
2019-08-23 07:08:52,925 | INFO  | DNAudit | user=null | ip=null | op=WRITE_CHUNK {blockData=conID: 3 locID: 102665036031394235 bcsId: 1344} | ret=SUCCESS |  
2019-08-23 07:08:52,928 | INFO  | DNAudit | user=null | ip=null | op=WRITE_CHUNK {blockData=conID: 3 locID: 102665036031394235 bcsId: 1344} | ret=SUCCESS |  
2019-08-23 07:08:52,928 | INFO  | DNAudit | user=null | ip=null | op=WRITE_CHUNK {blockData=conID: 3 locID: 102665036031394235 bcsId: 1344} | ret=SUCCESS |  
2019-08-23 07:08:52,934 | INFO  | SCMAudit | user=jenkins1000 | ip=192.168.5.178 | op=SEND_HEARTBEAT {datanodeUUID=5c311bc2-cc7c-45de-998f-f79499d85d4e, command=[]} | ret=SUCCESS |  
2019-08-23 07:08:52,946 | INFO  | DNAudit | user=null | ip=null | op=WRITE_CHUNK {blockData=conID: 3 locID: 102665036031394235 bcsId: 1344} | ret=SUCCESS |  
2019-08-23 07:08:52,946 | INFO  | DNAudit | user=null | ip=null | op=PUT_BLOCK {blockData=[blockId=conID: 3 locID: 102665036031394235 bcsId: 0,size=3145728]} | ret=SUCCESS |  
2019-08-23 07:08:52,946 [grpc-default-executor-6] INFO  client.GrpcClientProtocolClient (GrpcClientProtocolClient.java:onNext(255)) - client-D91E5D1E15CE->f2ba01fc-a63e-4348-bd18-030b60a135e7: receive RaftClientReply:client-D91E5D1E15CE->f2ba01fc-a63e-4348-bd18-030b60a135e7@group-C8C62FEF0626, cid=998, SUCCESS, logIndex=1349, commits[f2ba01fc-a63e-4348-bd18-030b60a135e7:c1350, eab135d4-a257-4705-b491-6c056b8c5df7:c1348, a4f67574-9018-43e7-8a54-351e98dc3d0a:c1348]
2019-08-23 07:08:52,947 [grpc-default-executor-6] INFO  client.GrpcClientProtocolClient (GrpcClientProtocolClient.java:onNext(255)) - client-D91E5D1E15CE->f2ba01fc-a63e-4348-bd18-030b60a135e7: receive RaftClientReply:client-D91E5D1E15CE->f2ba01fc-a63e-4348-bd18-030b60a135e7@group-C8C62FEF0626, cid=999, SUCCESS, logIndex=1350, commits[f2ba01fc-a63e-4348-bd18-030b60a135e7:c1350, eab135d4-a257-4705-b491-6c056b8c5df7:c1348, a4f67574-9018-43e7-8a54-351e98dc3d0a:c1348]
2019-08-23 07:08:52,947 | INFO  | DNAudit | user=null | ip=null | op=WRITE_CHUNK {blockData=conID: 3 locID: 102665036031394235 bcsId: 1344} | ret=SUCCESS |  
2019-08-23 07:08:52,947 | INFO  | DNAudit | user=null | ip=null | op=WRITE_CHUNK {blockData=conID: 3 locID: 102665036031394235 bcsId: 1344} | ret=SUCCESS |  
2019-08-23 07:08:52,947 | INFO  | DNAudit | user=null | ip=null | op=PUT_BLOCK {blockData=[blockId=conID: 3 locID: 102665036031394235 bcsId: 0,size=3145728]} | ret=SUCCESS |  
2019-08-23 07:08:52,948 | INFO  | DNAudit | user=null | ip=null | op=PUT_BLOCK {blockData=[blockId=conID: 3 locID: 102665036031394235 bcsId: 0,size=3145728]} | ret=SUCCESS |  
2019-08-23 07:08:52,952 | INFO  | DNAudit | user=null | ip=null | op=WRITE_CHUNK {blockData=conID: 3 locID: 102665036031394235 bcsId: 1350} | ret=SUCCESS |  
2019-08-23 07:08:52,955 | INFO  | DNAudit | user=null | ip=null | op=WRITE_CHUNK {blockData=conID: 3 locID: 102665036031394235 bcsId: 1350} | ret=SUCCESS |  
2019-08-23 07:08:52,955 | INFO  | DNAudit | user=null | ip=null | op=WRITE_CHUNK {blockData=conID: 3 locID: 102665036031394235 bcsId: 1350} | ret=SUCCESS |  
2019-08-23 07:08:52,965 | INFO  | DNAudit | user=null | ip=null | op=WRITE_CHUNK {blockData=conID: 3 locID: 102665036031394235 bcsId: 1350} | ret=SUCCESS |  
2019-08-23 07:08:52,965 | INFO  | DNAudit | user=null | ip=null | op=PUT_BLOCK {blockData=[blockId=conID: 3 locID: 102665036031394235 bcsId: 0,size=4194304]} | ret=SUCCESS |  
2019-08-23 07:08:52,965 [grpc-default-executor-3] INFO  client.GrpcClientProtocolClient (GrpcClientProtocolClient.java:onNext(255)) - client-D91E5D1E15CE->f2ba01fc-a63e-4348-bd18-030b60a135e7: receive RaftClientReply:client-D91E5D1E15CE->f2ba01fc-a63e-4348-bd18-030b60a135e7@group-C8C62FEF0626, cid=1000, SUCCESS, logIndex=1353, commits[f2ba01fc-a63e-4348-bd18-030b60a135e7:c1354, eab135d4-a257-4705-b491-6c056b8c5df7:c1352, a4f67574-9018-43e7-8a54-351e98dc3d0a:c1352]
2019-08-23 07:08:52,966 [grpc-default-executor-3] INFO  client.GrpcClientProtocolClient (GrpcClientProtocolClient.java:onNext(255)) - client-D91E5D1E15CE->f2ba01fc-a63e-4348-bd18-030b60a135e7: receive RaftClientReply:client-D91E5D1E15CE->f2ba01fc-a63e-4348-bd18-030b60a135e7@group-C8C62FEF0626, cid=1001, SUCCESS, logIndex=1354, commits[f2ba01fc-a63e-4348-bd18-030b60a135e7:c1354, eab135d4-a257-4705-b491-6c056b8c5df7:c1352, a4f67574-9018-43e7-8a54-351e98dc3d0a:c1352]
2019-08-23 07:08:52,976 | INFO  | DNAudit | user=null | ip=null | op=WRITE_CHUNK {blockData=conID: 3 locID: 102665036031394235 bcsId: 1350} | ret=SUCCESS |  
2019-08-23 07:08:52,976 | INFO  | DNAudit | user=null | ip=null | op=WRITE_CHUNK {blockData=conID: 3 locID: 102665036031394235 bcsId: 1350} | ret=SUCCESS |  
2019-08-23 07:08:52,977 | INFO  | DNAudit | user=null | ip=null | op=PUT_BLOCK {blockData=[blockId=conID: 3 locID: 102665036031394235 bcsId: 0,size=4194304]} | ret=SUCCESS |  
2019-08-23 07:08:52,977 | INFO  | DNAudit | user=null | ip=null | op=PUT_BLOCK {blockData=[blockId=conID: 3 locID: 102665036031394235 bcsId: 0,size=4194304]} | ret=SUCCESS |  
2019-08-23 07:08:52,977 [grpc-default-executor-3] INFO  client.GrpcClientProtocolClient (GrpcClientProtocolClient.java:onNext(255)) - client-D91E5D1E15CE->f2ba01fc-a63e-4348-bd18-030b60a135e7: receive RaftClientReply:client-D91E5D1E15CE->f2ba01fc-a63e-4348-bd18-030b60a135e7@group-C8C62FEF0626, cid=1002, SUCCESS, logIndex=0, commits[f2ba01fc-a63e-4348-bd18-030b60a135e7:c1355, eab135d4-a257-4705-b491-6c056b8c5df7:c1354, a4f67574-9018-43e7-8a54-351e98dc3d0a:c1354]
2019-08-23 07:08:52,983 | INFO  | DNAudit | user=null | ip=null | op=WRITE_CHUNK {blockData=conID: 1 locID: 102665036031394236 bcsId: 0} | ret=SUCCESS |  
2019-08-23 07:08:52,986 | INFO  | DNAudit | user=null | ip=null | op=WRITE_CHUNK {blockData=conID: 1 locID: 102665036031394236 bcsId: 0} | ret=SUCCESS |  
2019-08-23 07:08:52,987 | INFO  | DNAudit | user=null | ip=null | op=WRITE_CHUNK {blockData=conID: 1 locID: 102665036031394236 bcsId: 0} | ret=SUCCESS |  
2019-08-23 07:08:52,987 | INFO  | DNAudit | user=null | ip=null | op=WRITE_CHUNK {blockData=conID: 1 locID: 102665036031394236 bcsId: 0} | ret=SUCCESS |  
2019-08-23 07:08:52,989 | INFO  | DNAudit | user=null | ip=null | op=WRITE_CHUNK {blockData=conID: 1 locID: 102665036031394236 bcsId: 0} | ret=SUCCESS |  
2019-08-23 07:08:52,990 | INFO  | DNAudit | user=null | ip=null | op=WRITE_CHUNK {blockData=conID: 1 locID: 102665036031394236 bcsId: 0} | ret=SUCCESS |  
2019-08-23 07:08:52,996 | INFO  | DNAudit | user=null | ip=null | op=WRITE_CHUNK {blockData=conID: 1 locID: 102665036031394236 bcsId: 0} | ret=SUCCESS |  
2019-08-23 07:08:52,996 | INFO  | DNAudit | user=null | ip=null | op=PUT_BLOCK {blockData=[blockId=conID: 1 locID: 102665036031394236 bcsId: 0,size=1048576]} | ret=SUCCESS |  
2019-08-23 07:08:52,997 [grpc-default-executor-4] INFO  client.GrpcClientProtocolClient (GrpcClientProtocolClient.java:onNext(255)) - client-D91E5D1E15CE->f2ba01fc-a63e-4348-bd18-030b60a135e7: receive RaftClientReply:client-D91E5D1E15CE->f2ba01fc-a63e-4348-bd18-030b60a135e7@group-C8C62FEF0626, cid=1003, SUCCESS, logIndex=1357, commits[f2ba01fc-a63e-4348-bd18-030b60a135e7:c1358, eab135d4-a257-4705-b491-6c056b8c5df7:c1356, a4f67574-9018-43e7-8a54-351e98dc3d0a:c1356]
2019-08-23 07:08:52,997 | INFO  | DNAudit | user=null | ip=null | op=WRITE_CHUNK {blockData=conID: 1 locID: 102665036031394236 bcsId: 0} | ret=SUCCESS |  
2019-08-23 07:08:52,997 | INFO  | DNAudit | user=null | ip=null | op=PUT_BLOCK {blockData=[blockId=conID: 1 locID: 102665036031394236 bcsId: 0,size=2097152]} | ret=SUCCESS |  
2019-08-23 07:08:52,997 [grpc-default-executor-3] INFO  client.GrpcClientProtocolClient (GrpcClientProtocolClient.java:onNext(255)) - client-D91E5D1E15CE->f2ba01fc-a63e-4348-bd18-030b60a135e7: receive RaftClientReply:client-D91E5D1E15CE->f2ba01fc-a63e-4348-bd18-030b60a135e7@group-C8C62FEF0626, cid=1004, SUCCESS, logIndex=1358, commits[f2ba01fc-a63e-4348-bd18-030b60a135e7:c1358, eab135d4-a257-4705-b491-6c056b8c5df7:c1356, a4f67574-9018-43e7-8a54-351e98dc3d0a:c1356]
2019-08-23 07:08:52,998 [grpc-default-executor-3] INFO  client.GrpcClientProtocolClient (GrpcClientProtocolClient.java:onNext(255)) - client-D91E5D1E15CE->f2ba01fc-a63e-4348-bd18-030b60a135e7: receive RaftClientReply:client-D91E5D1E15CE->f2ba01fc-a63e-4348-bd18-030b60a135e7@group-C8C62FEF0626, cid=1005, SUCCESS, logIndex=1359, commits[f2ba01fc-a63e-4348-bd18-030b60a135e7:c1360, eab135d4-a257-4705-b491-6c056b8c5df7:c1356, a4f67574-9018-43e7-8a54-351e98dc3d0a:c1356]
2019-08-23 07:08:52,998 [grpc-default-executor-3] INFO  client.GrpcClientProtocolClient (GrpcClientProtocolClient.java:onNext(255)) - client-D91E5D1E15CE->f2ba01fc-a63e-4348-bd18-030b60a135e7: receive RaftClientReply:client-D91E5D1E15CE->f2ba01fc-a63e-4348-bd18-030b60a135e7@group-C8C62FEF0626, cid=1006, SUCCESS, logIndex=1360, commits[f2ba01fc-a63e-4348-bd18-030b60a135e7:c1360, eab135d4-a257-4705-b491-6c056b8c5df7:c1356, a4f67574-9018-43e7-8a54-351e98dc3d0a:c1356]
2019-08-23 07:08:53,008 | INFO  | DNAudit | user=null | ip=null | op=WRITE_CHUNK {blockData=conID: 1 locID: 102665036031394236 bcsId: 0} | ret=SUCCESS |  
2019-08-23 07:08:53,008 | INFO  | DNAudit | user=null | ip=null | op=PUT_BLOCK {blockData=[blockId=conID: 1 locID: 102665036031394236 bcsId: 0,size=1048576]} | ret=SUCCESS |  
2019-08-23 07:08:53,009 | INFO  | DNAudit | user=null | ip=null | op=WRITE_CHUNK {blockData=conID: 1 locID: 102665036031394236 bcsId: 0} | ret=SUCCESS |  
2019-08-23 07:08:53,009 | INFO  | DNAudit | user=null | ip=null | op=PUT_BLOCK {blockData=[blockId=conID: 1 locID: 102665036031394236 bcsId: 0,size=1048576]} | ret=SUCCESS |  
2019-08-23 07:08:53,009 | INFO  | DNAudit | user=null | ip=null | op=WRITE_CHUNK {blockData=conID: 1 locID: 102665036031394236 bcsId: 0} | ret=SUCCESS |  
2019-08-23 07:08:53,009 [grpc-default-executor-3] INFO  client.GrpcClientProtocolClient (GrpcClientProtocolClient.java:onNext(255)) - client-D91E5D1E15CE->f2ba01fc-a63e-4348-bd18-030b60a135e7: receive RaftClientReply:client-D91E5D1E15CE->f2ba01fc-a63e-4348-bd18-030b60a135e7@group-C8C62FEF0626, cid=1007, SUCCESS, logIndex=0, commits[f2ba01fc-a63e-4348-bd18-030b60a135e7:c1362, eab135d4-a257-4705-b491-6c056b8c5df7:c1358, a4f67574-9018-43e7-8a54-351e98dc3d0a:c1358]
2019-08-23 07:08:53,010 | INFO  | DNAudit | user=null | ip=null | op=PUT_BLOCK {blockData=[blockId=conID: 1 locID: 102665036031394236 bcsId: 0,size=2097152]} | ret=SUCCESS |  
2019-08-23 07:08:53,010 | INFO  | DNAudit | user=null | ip=null | op=WRITE_CHUNK {blockData=conID: 1 locID: 102665036031394236 bcsId: 0} | ret=SUCCESS |  
2019-08-23 07:08:53,010 | INFO  | DNAudit | user=null | ip=null | op=PUT_BLOCK {blockData=[blockId=conID: 1 locID: 102665036031394236 bcsId: 0,size=2097152]} | ret=SUCCESS |  
2019-08-23 07:08:53,015 | INFO  | DNAudit | user=null | ip=null | op=WRITE_CHUNK {blockData=conID: 1 locID: 102665036031394236 bcsId: 1360} | ret=SUCCESS |  
2019-08-23 07:08:53,017 | INFO  | DNAudit | user=null | ip=null | op=WRITE_CHUNK {blockData=conID: 1 locID: 102665036031394236 bcsId: 1360} | ret=SUCCESS |  
2019-08-23 07:08:53,018 | INFO  | DNAudit | user=null | ip=null | op=WRITE_CHUNK {blockData=conID: 1 locID: 102665036031394236 bcsId: 1360} | ret=SUCCESS |  
2019-08-23 07:08:53,028 | INFO  | DNAudit | user=null | ip=null | op=WRITE_CHUNK {blockData=conID: 1 locID: 102665036031394236 bcsId: 1360} | ret=SUCCESS |  
2019-08-23 07:08:53,028 | INFO  | DNAudit | user=null | ip=null | op=PUT_BLOCK {blockData=[blockId=conID: 1 locID: 102665036031394236 bcsId: 0,size=3145728]} | ret=SUCCESS |  
2019-08-23 07:08:53,028 [grpc-default-executor-3] INFO  client.GrpcClientProtocolClient (GrpcClientProtocolClient.java:onNext(255)) - client-D91E5D1E15CE->f2ba01fc-a63e-4348-bd18-030b60a135e7: receive RaftClientReply:client-D91E5D1E15CE->f2ba01fc-a63e-4348-bd18-030b60a135e7@group-C8C62FEF0626, cid=1008, SUCCESS, logIndex=1365, commits[f2ba01fc-a63e-4348-bd18-030b60a135e7:c1366, eab135d4-a257-4705-b491-6c056b8c5df7:c1364, a4f67574-9018-43e7-8a54-351e98dc3d0a:c1364]
2019-08-23 07:08:53,029 [grpc-default-executor-3] INFO  client.GrpcClientProtocolClient (GrpcClientProtocolClient.java:onNext(255)) - client-D91E5D1E15CE->f2ba01fc-a63e-4348-bd18-030b60a135e7: receive RaftClientReply:client-D91E5D1E15CE->f2ba01fc-a63e-4348-bd18-030b60a135e7@group-C8C62FEF0626, cid=1009, SUCCESS, logIndex=1366, commits[f2ba01fc-a63e-4348-bd18-030b60a135e7:c1366, eab135d4-a257-4705-b491-6c056b8c5df7:c1364, a4f67574-9018-43e7-8a54-351e98dc3d0a:c1364]
2019-08-23 07:08:53,034 | INFO  | DNAudit | user=null | ip=null | op=WRITE_CHUNK {blockData=conID: 1 locID: 102665036031394236 bcsId: 1366} | ret=SUCCESS |  
2019-08-23 07:08:53,037 | INFO  | DNAudit | user=null | ip=null | op=WRITE_CHUNK {blockData=conID: 1 locID: 102665036031394236 bcsId: 1366} | ret=SUCCESS |  
2019-08-23 07:08:53,038 | INFO  | DNAudit | user=null | ip=null | op=WRITE_CHUNK {blockData=conID: 1 locID: 102665036031394236 bcsId: 1366} | ret=SUCCESS |  
2019-08-23 07:08:53,040 | INFO  | DNAudit | user=null | ip=null | op=WRITE_CHUNK {blockData=conID: 1 locID: 102665036031394236 bcsId: 1360} | ret=SUCCESS |  
2019-08-23 07:08:53,040 | INFO  | DNAudit | user=null | ip=null | op=WRITE_CHUNK {blockData=conID: 1 locID: 102665036031394236 bcsId: 1360} | ret=SUCCESS |  
2019-08-23 07:08:53,040 | INFO  | DNAudit | user=null | ip=null | op=PUT_BLOCK {blockData=[blockId=conID: 1 locID: 102665036031394236 bcsId: 0,size=3145728]} | ret=SUCCESS |  
2019-08-23 07:08:53,040 | INFO  | DNAudit | user=null | ip=null | op=PUT_BLOCK {blockData=[blockId=conID: 1 locID: 102665036031394236 bcsId: 0,size=3145728]} | ret=SUCCESS |  
2019-08-23 07:08:53,042 | INFO  | DNAudit | user=null | ip=null | op=WRITE_CHUNK {blockData=conID: 1 locID: 102665036031394236 bcsId: 1366} | ret=SUCCESS |  
2019-08-23 07:08:53,042 | INFO  | DNAudit | user=null | ip=null | op=PUT_BLOCK {blockData=[blockId=conID: 1 locID: 102665036031394236 bcsId: 0,size=4194304]} | ret=SUCCESS |  
2019-08-23 07:08:53,042 [grpc-default-executor-4] INFO  client.GrpcClientProtocolClient (GrpcClientProtocolClient.java:onNext(255)) - client-D91E5D1E15CE->f2ba01fc-a63e-4348-bd18-030b60a135e7: receive RaftClientReply:client-D91E5D1E15CE->f2ba01fc-a63e-4348-bd18-030b60a135e7@group-C8C62FEF0626, cid=1010, SUCCESS, logIndex=1369, commits[f2ba01fc-a63e-4348-bd18-030b60a135e7:c1370, eab135d4-a257-4705-b491-6c056b8c5df7:c1366, a4f67574-9018-43e7-8a54-351e98dc3d0a:c1366]
2019-08-23 07:08:53,043 [grpc-default-executor-4] INFO  client.GrpcClientProtocolClient (GrpcClientProtocolClient.java:onNext(255)) - client-D91E5D1E15CE->f2ba01fc-a63e-4348-bd18-030b60a135e7: receive RaftClientReply:client-D91E5D1E15CE->f2ba01fc-a63e-4348-bd18-030b60a135e7@group-C8C62FEF0626, cid=1011, SUCCESS, logIndex=1370, commits[f2ba01fc-a63e-4348-bd18-030b60a135e7:c1370, eab135d4-a257-4705-b491-6c056b8c5df7:c1366, a4f67574-9018-43e7-8a54-351e98dc3d0a:c1366]
2019-08-23 07:08:53,053 | INFO  | DNAudit | user=null | ip=null | op=WRITE_CHUNK {blockData=conID: 1 locID: 102665036031394236 bcsId: 1366} | ret=SUCCESS |  
2019-08-23 07:08:53,053 | INFO  | DNAudit | user=null | ip=null | op=WRITE_CHUNK {blockData=conID: 1 locID: 102665036031394236 bcsId: 1366} | ret=SUCCESS |  
2019-08-23 07:08:53,054 | INFO  | DNAudit | user=null | ip=null | op=PUT_BLOCK {blockData=[blockId=conID: 1 locID: 102665036031394236 bcsId: 0,size=4194304]} | ret=SUCCESS |  
2019-08-23 07:08:53,055 | INFO  | DNAudit | user=null | ip=null | op=PUT_BLOCK {blockData=[blockId=conID: 1 locID: 102665036031394236 bcsId: 0,size=4194304]} | ret=SUCCESS |  
2019-08-23 07:08:53,055 [grpc-default-executor-4] INFO  client.GrpcClientProtocolClient (GrpcClientProtocolClient.java:onNext(255)) - client-D91E5D1E15CE->f2ba01fc-a63e-4348-bd18-030b60a135e7: receive RaftClientReply:client-D91E5D1E15CE->f2ba01fc-a63e-4348-bd18-030b60a135e7@group-C8C62FEF0626, cid=1012, SUCCESS, logIndex=0, commits[f2ba01fc-a63e-4348-bd18-030b60a135e7:c1372, eab135d4-a257-4705-b491-6c056b8c5df7:c1370, a4f67574-9018-43e7-8a54-351e98dc3d0a:c1370]
2019-08-23 07:08:53,062 | INFO  | DNAudit | user=null | ip=null | op=WRITE_CHUNK {blockData=conID: 2 locID: 102665036031459773 bcsId: 0} | ret=SUCCESS |  
2019-08-23 07:08:53,064 | INFO  | DNAudit | user=null | ip=null | op=WRITE_CHUNK {blockData=conID: 2 locID: 102665036031459773 bcsId: 0} | ret=SUCCESS |  
2019-08-23 07:08:53,064 | INFO  | DNAudit | user=null | ip=null | op=WRITE_CHUNK {blockData=conID: 2 locID: 102665036031459773 bcsId: 0} | ret=SUCCESS |  
2019-08-23 07:08:53,064 | INFO  | DNAudit | user=null | ip=null | op=WRITE_CHUNK {blockData=conID: 2 locID: 102665036031459773 bcsId: 0} | ret=SUCCESS |  
2019-08-23 07:08:53,065 | INFO  | DNAudit | user=null | ip=null | op=WRITE_CHUNK {blockData=conID: 2 locID: 102665036031459773 bcsId: 0} | ret=SUCCESS |  
2019-08-23 07:08:53,065 | INFO  | DNAudit | user=null | ip=null | op=WRITE_CHUNK {blockData=conID: 2 locID: 102665036031459773 bcsId: 0} | ret=SUCCESS |  
2019-08-23 07:08:53,078 | INFO  | DNAudit | user=null | ip=null | op=WRITE_CHUNK {blockData=conID: 2 locID: 102665036031459773 bcsId: 0} | ret=SUCCESS |  
2019-08-23 07:08:53,079 | INFO  | DNAudit | user=null | ip=null | op=PUT_BLOCK {blockData=[blockId=conID: 2 locID: 102665036031459773 bcsId: 0,size=1048576]} | ret=SUCCESS |  
2019-08-23 07:08:53,079 [grpc-default-executor-4] INFO  client.GrpcClientProtocolClient (GrpcClientProtocolClient.java:onNext(255)) - client-D91E5D1E15CE->f2ba01fc-a63e-4348-bd18-030b60a135e7: receive RaftClientReply:client-D91E5D1E15CE->f2ba01fc-a63e-4348-bd18-030b60a135e7@group-C8C62FEF0626, cid=1013, SUCCESS, logIndex=1373, commits[f2ba01fc-a63e-4348-bd18-030b60a135e7:c1375, eab135d4-a257-4705-b491-6c056b8c5df7:c1372, a4f67574-9018-43e7-8a54-351e98dc3d0a:c1372]
2019-08-23 07:08:53,079 | INFO  | DNAudit | user=null | ip=null | op=WRITE_CHUNK {blockData=conID: 2 locID: 102665036031459773 bcsId: 0} | ret=SUCCESS |  
2019-08-23 07:08:53,080 | INFO  | DNAudit | user=null | ip=null | op=PUT_BLOCK {blockData=[blockId=conID: 2 locID: 102665036031459773 bcsId: 0,size=2097152]} | ret=SUCCESS |  
2019-08-23 07:08:53,080 [grpc-default-executor-4] INFO  client.GrpcClientProtocolClient (GrpcClientProtocolClient.java:onNext(255)) - client-D91E5D1E15CE->f2ba01fc-a63e-4348-bd18-030b60a135e7: receive RaftClientReply:client-D91E5D1E15CE->f2ba01fc-a63e-4348-bd18-030b60a135e7@group-C8C62FEF0626, cid=1014, SUCCESS, logIndex=1374, commits[f2ba01fc-a63e-4348-bd18-030b60a135e7:c1376, eab135d4-a257-4705-b491-6c056b8c5df7:c1372, a4f67574-9018-43e7-8a54-351e98dc3d0a:c1372]
2019-08-23 07:08:53,080 [grpc-default-executor-4] INFO  client.GrpcClientProtocolClient (GrpcClientProtocolClient.java:onNext(255)) - client-D91E5D1E15CE->f2ba01fc-a63e-4348-bd18-030b60a135e7: receive RaftClientReply:client-D91E5D1E15CE->f2ba01fc-a63e-4348-bd18-030b60a135e7@group-C8C62FEF0626, cid=1015, SUCCESS, logIndex=1375, commits[f2ba01fc-a63e-4348-bd18-030b60a135e7:c1376, eab135d4-a257-4705-b491-6c056b8c5df7:c1372, a4f67574-9018-43e7-8a54-351e98dc3d0a:c1372]
2019-08-23 07:08:53,080 [grpc-default-executor-4] INFO  client.GrpcClientProtocolClient (GrpcClientProtocolClient.java:onNext(255)) - client-D91E5D1E15CE->f2ba01fc-a63e-4348-bd18-030b60a135e7: receive RaftClientReply:client-D91E5D1E15CE->f2ba01fc-a63e-4348-bd18-030b60a135e7@group-C8C62FEF0626, cid=1016, SUCCESS, logIndex=1376, commits[f2ba01fc-a63e-4348-bd18-030b60a135e7:c1376, eab135d4-a257-4705-b491-6c056b8c5df7:c1372, a4f67574-9018-43e7-8a54-351e98dc3d0a:c1372]
2019-08-23 07:08:53,090 | INFO  | DNAudit | user=null | ip=null | op=WRITE_CHUNK {blockData=conID: 2 locID: 102665036031459773 bcsId: 0} | ret=SUCCESS |  
2019-08-23 07:08:53,090 | INFO  | DNAudit | user=null | ip=null | op=WRITE_CHUNK {blockData=conID: 2 locID: 102665036031459773 bcsId: 0} | ret=SUCCESS |  
2019-08-23 07:08:53,091 | INFO  | DNAudit | user=null | ip=null | op=PUT_BLOCK {blockData=[blockId=conID: 2 locID: 102665036031459773 bcsId: 0,size=1048576]} | ret=SUCCESS |  
2019-08-23 07:08:53,091 | INFO  | DNAudit | user=null | ip=null | op=PUT_BLOCK {blockData=[blockId=conID: 2 locID: 102665036031459773 bcsId: 0,size=1048576]} | ret=SUCCESS |  
2019-08-23 07:08:53,092 | INFO  | DNAudit | user=null | ip=null | op=WRITE_CHUNK {blockData=conID: 2 locID: 102665036031459773 bcsId: 0} | ret=SUCCESS |  
2019-08-23 07:08:53,092 | INFO  | DNAudit | user=null | ip=null | op=PUT_BLOCK {blockData=[blockId=conID: 2 locID: 102665036031459773 bcsId: 0,size=2097152]} | ret=SUCCESS |  
2019-08-23 07:08:53,092 | INFO  | DNAudit | user=null | ip=null | op=WRITE_CHUNK {blockData=conID: 2 locID: 102665036031459773 bcsId: 0} | ret=SUCCESS |  
2019-08-23 07:08:53,092 [grpc-default-executor-2] INFO  client.GrpcClientProtocolClient (GrpcClientProtocolClient.java:onNext(255)) - client-D91E5D1E15CE->f2ba01fc-a63e-4348-bd18-030b60a135e7: receive RaftClientReply:client-D91E5D1E15CE->f2ba01fc-a63e-4348-bd18-030b60a135e7@group-C8C62FEF0626, cid=1017, SUCCESS, logIndex=0, commits[f2ba01fc-a63e-4348-bd18-030b60a135e7:c1379, eab135d4-a257-4705-b491-6c056b8c5df7:c1375, a4f67574-9018-43e7-8a54-351e98dc3d0a:c1374]
2019-08-23 07:08:53,092 | INFO  | DNAudit | user=null | ip=null | op=PUT_BLOCK {blockData=[blockId=conID: 2 locID: 102665036031459773 bcsId: 0,size=2097152]} | ret=SUCCESS |  
2019-08-23 07:08:53,099 | INFO  | DNAudit | user=null | ip=null | op=WRITE_CHUNK {blockData=conID: 2 locID: 102665036031459773 bcsId: 1376} | ret=SUCCESS |  
2019-08-23 07:08:53,100 | INFO  | DNAudit | user=null | ip=null | op=WRITE_CHUNK {blockData=conID: 2 locID: 102665036031459773 bcsId: 1376} | ret=SUCCESS |  
2019-08-23 07:08:53,100 | INFO  | DNAudit | user=null | ip=null | op=WRITE_CHUNK {blockData=conID: 2 locID: 102665036031459773 bcsId: 1376} | ret=SUCCESS |  
2019-08-23 07:08:53,102 | INFO  | DNAudit | user=null | ip=null | op=WRITE_CHUNK {blockData=conID: 2 locID: 102665036031459773 bcsId: 1376} | ret=SUCCESS |  
2019-08-23 07:08:53,102 | INFO  | DNAudit | user=null | ip=null | op=PUT_BLOCK {blockData=[blockId=conID: 2 locID: 102665036031459773 bcsId: 0,size=3145728]} | ret=SUCCESS |  
2019-08-23 07:08:53,102 [grpc-default-executor-2] INFO  client.GrpcClientProtocolClient (GrpcClientProtocolClient.java:onNext(255)) - client-D91E5D1E15CE->f2ba01fc-a63e-4348-bd18-030b60a135e7: receive RaftClientReply:client-D91E5D1E15CE->f2ba01fc-a63e-4348-bd18-030b60a135e7@group-C8C62FEF0626, cid=1018, SUCCESS, logIndex=1381, commits[f2ba01fc-a63e-4348-bd18-030b60a135e7:c1382, eab135d4-a257-4705-b491-6c056b8c5df7:c1376, a4f67574-9018-43e7-8a54-351e98dc3d0a:c1380]
2019-08-23 07:08:53,103 [grpc-default-executor-2] INFO  client.GrpcClientProtocolClient (GrpcClientProtocolClient.java:onNext(255)) - client-D91E5D1E15CE->f2ba01fc-a63e-4348-bd18-030b60a135e7: receive RaftClientReply:client-D91E5D1E15CE->f2ba01fc-a63e-4348-bd18-030b60a135e7@group-C8C62FEF0626, cid=1019, SUCCESS, logIndex=1382, commits[f2ba01fc-a63e-4348-bd18-030b60a135e7:c1382, eab135d4-a257-4705-b491-6c056b8c5df7:c1380, a4f67574-9018-43e7-8a54-351e98dc3d0a:c1380]
2019-08-23 07:08:53,104 | INFO  | DNAudit | user=null | ip=null | op=WRITE_CHUNK {blockData=conID: 2 locID: 102665036031459773 bcsId: 1376} | ret=SUCCESS |  
2019-08-23 07:08:53,104 | INFO  | DNAudit | user=null | ip=null | op=WRITE_CHUNK {blockData=conID: 2 locID: 102665036031459773 bcsId: 1376} | ret=SUCCESS |  
2019-08-23 07:08:53,104 | INFO  | DNAudit | user=null | ip=null | op=PUT_BLOCK {blockData=[blockId=conID: 2 locID: 102665036031459773 bcsId: 0,size=3145728]} | ret=SUCCESS |  
2019-08-23 07:08:53,105 | INFO  | DNAudit | user=null | ip=null | op=PUT_BLOCK {blockData=[blockId=conID: 2 locID: 102665036031459773 bcsId: 0,size=3145728]} | ret=SUCCESS |  
2019-08-23 07:08:53,109 | INFO  | DNAudit | user=null | ip=null | op=WRITE_CHUNK {blockData=conID: 2 locID: 102665036031459773 bcsId: 1382} | ret=SUCCESS |  
2019-08-23 07:08:53,111 | INFO  | DNAudit | user=null | ip=null | op=WRITE_CHUNK {blockData=conID: 2 locID: 102665036031459773 bcsId: 1382} | ret=SUCCESS |  
2019-08-23 07:08:53,112 | INFO  | DNAudit | user=null | ip=null | op=WRITE_CHUNK {blockData=conID: 2 locID: 102665036031459773 bcsId: 1382} | ret=SUCCESS |  
2019-08-23 07:08:53,114 | INFO  | DNAudit | user=null | ip=null | op=WRITE_CHUNK {blockData=conID: 2 locID: 102665036031459773 bcsId: 1382} | ret=SUCCESS |  
2019-08-23 07:08:53,114 | INFO  | DNAudit | user=null | ip=null | op=PUT_BLOCK {blockData=[blockId=conID: 2 locID: 102665036031459773 bcsId: 0,size=4194304]} | ret=SUCCESS |  
2019-08-23 07:08:53,114 [grpc-default-executor-2] INFO  client.GrpcClientProtocolClient (GrpcClientProtocolClient.java:onNext(255)) - client-D91E5D1E15CE->f2ba01fc-a63e-4348-bd18-030b60a135e7: receive RaftClientReply:client-D91E5D1E15CE->f2ba01fc-a63e-4348-bd18-030b60a135e7@group-C8C62FEF0626, cid=1020, SUCCESS, logIndex=1385, commits[f2ba01fc-a63e-4348-bd18-030b60a135e7:c1386, eab135d4-a257-4705-b491-6c056b8c5df7:c1384, a4f67574-9018-43e7-8a54-351e98dc3d0a:c1384]
2019-08-23 07:08:53,115 [grpc-default-executor-2] INFO  client.GrpcClientProtocolClient (GrpcClientProtocolClient.java:onNext(255)) - client-D91E5D1E15CE->f2ba01fc-a63e-4348-bd18-030b60a135e7: receive RaftClientReply:client-D91E5D1E15CE->f2ba01fc-a63e-4348-bd18-030b60a135e7@group-C8C62FEF0626, cid=1021, SUCCESS, logIndex=1386, commits[f2ba01fc-a63e-4348-bd18-030b60a135e7:c1386, eab135d4-a257-4705-b491-6c056b8c5df7:c1384, a4f67574-9018-43e7-8a54-351e98dc3d0a:c1384]
2019-08-23 07:08:53,115 | INFO  | DNAudit | user=null | ip=null | op=WRITE_CHUNK {blockData=conID: 2 locID: 102665036031459773 bcsId: 1382} | ret=SUCCESS |  
2019-08-23 07:08:53,116 | INFO  | DNAudit | user=null | ip=null | op=WRITE_CHUNK {blockData=conID: 2 locID: 102665036031459773 bcsId: 1382} | ret=SUCCESS |  
2019-08-23 07:08:53,116 | INFO  | DNAudit | user=null | ip=null | op=PUT_BLOCK {blockData=[blockId=conID: 2 locID: 102665036031459773 bcsId: 0,size=4194304]} | ret=SUCCESS |  
2019-08-23 07:08:53,116 | INFO  | DNAudit | user=null | ip=null | op=PUT_BLOCK {blockData=[blockId=conID: 2 locID: 102665036031459773 bcsId: 0,size=4194304]} | ret=SUCCESS |  
2019-08-23 07:08:53,116 [grpc-default-executor-2] INFO  client.GrpcClientProtocolClient (GrpcClientProtocolClient.java:onNext(255)) - client-D91E5D1E15CE->f2ba01fc-a63e-4348-bd18-030b60a135e7: receive RaftClientReply:client-D91E5D1E15CE->f2ba01fc-a63e-4348-bd18-030b60a135e7@group-C8C62FEF0626, cid=1022, SUCCESS, logIndex=0, commits[f2ba01fc-a63e-4348-bd18-030b60a135e7:c1387, eab135d4-a257-4705-b491-6c056b8c5df7:c1386, a4f67574-9018-43e7-8a54-351e98dc3d0a:c1386]
2019-08-23 07:08:53,123 | INFO  | DNAudit | user=null | ip=null | op=WRITE_CHUNK {blockData=conID: 3 locID: 102665036031459774 bcsId: 0} | ret=SUCCESS |  
2019-08-23 07:08:53,125 | INFO  | DNAudit | user=null | ip=null | op=WRITE_CHUNK {blockData=conID: 3 locID: 102665036031459774 bcsId: 0} | ret=SUCCESS |  
2019-08-23 07:08:53,125 | INFO  | DNAudit | user=null | ip=null | op=WRITE_CHUNK {blockData=conID: 3 locID: 102665036031459774 bcsId: 0} | ret=SUCCESS |  
2019-08-23 07:08:53,125 | INFO  | DNAudit | user=null | ip=null | op=WRITE_CHUNK {blockData=conID: 3 locID: 102665036031459774 bcsId: 0} | ret=SUCCESS |  
2019-08-23 07:08:53,127 | INFO  | DNAudit | user=null | ip=null | op=WRITE_CHUNK {blockData=conID: 3 locID: 102665036031459774 bcsId: 0} | ret=SUCCESS |  
2019-08-23 07:08:53,127 | INFO  | DNAudit | user=null | ip=null | op=WRITE_CHUNK {blockData=conID: 3 locID: 102665036031459774 bcsId: 0} | ret=SUCCESS |  
2019-08-23 07:08:53,127 | INFO  | DNAudit | user=null | ip=null | op=WRITE_CHUNK {blockData=conID: 3 locID: 102665036031459774 bcsId: 0} | ret=SUCCESS |  
2019-08-23 07:08:53,128 | INFO  | DNAudit | user=null | ip=null | op=PUT_BLOCK {blockData=[blockId=conID: 3 locID: 102665036031459774 bcsId: 0,size=1048576]} | ret=SUCCESS |  
2019-08-23 07:08:53,128 [grpc-default-executor-2] INFO  client.GrpcClientProtocolClient (GrpcClientProtocolClient.java:onNext(255)) - client-D91E5D1E15CE->f2ba01fc-a63e-4348-bd18-030b60a135e7: receive RaftClientReply:client-D91E5D1E15CE->f2ba01fc-a63e-4348-bd18-030b60a135e7@group-C8C62FEF0626, cid=1023, SUCCESS, logIndex=1389, commits[f2ba01fc-a63e-4348-bd18-030b60a135e7:c1390, eab135d4-a257-4705-b491-6c056b8c5df7:c1388, a4f67574-9018-43e7-8a54-351e98dc3d0a:c1386]
2019-08-23 07:08:53,128 [grpc-default-executor-2] INFO  client.GrpcClientProtocolClient (GrpcClientProtocolClient.java:onNext(255)) - client-D91E5D1E15CE->f2ba01fc-a63e-4348-bd18-030b60a135e7: receive RaftClientReply:client-D91E5D1E15CE->f2ba01fc-a63e-4348-bd18-030b60a135e7@group-C8C62FEF0626, cid=1024, SUCCESS, logIndex=1390, commits[f2ba01fc-a63e-4348-bd18-030b60a135e7:c1390, eab135d4-a257-4705-b491-6c056b8c5df7:c1388, a4f67574-9018-43e7-8a54-351e98dc3d0a:c1388]
2019-08-23 07:08:53,129 | INFO  | DNAudit | user=null | ip=null | op=WRITE_CHUNK {blockData=conID: 3 locID: 102665036031459774 bcsId: 0} | ret=SUCCESS |  
2019-08-23 07:08:53,129 | INFO  | DNAudit | user=null | ip=null | op=WRITE_CHUNK {blockData=conID: 3 locID: 102665036031459774 bcsId: 0} | ret=SUCCESS |  
2019-08-23 07:08:53,129 | INFO  | DNAudit | user=null | ip=null | op=PUT_BLOCK {blockData=[blockId=conID: 3 locID: 102665036031459774 bcsId: 0,size=1048576]} | ret=SUCCESS |  
2019-08-23 07:08:53,129 | INFO  | DNAudit | user=null | ip=null | op=PUT_BLOCK {blockData=[blockId=conID: 3 locID: 102665036031459774 bcsId: 0,size=2097152]} | ret=SUCCESS |  
2019-08-23 07:08:53,129 [grpc-default-executor-2] INFO  client.GrpcClientProtocolClient (GrpcClientProtocolClient.java:onNext(255)) - client-D91E5D1E15CE->f2ba01fc-a63e-4348-bd18-030b60a135e7: receive RaftClientReply:client-D91E5D1E15CE->f2ba01fc-a63e-4348-bd18-030b60a135e7@group-C8C62FEF0626, cid=1025, SUCCESS, logIndex=1391, commits[f2ba01fc-a63e-4348-bd18-030b60a135e7:c1391, eab135d4-a257-4705-b491-6c056b8c5df7:c1388, a4f67574-9018-43e7-8a54-351e98dc3d0a:c1388]
2019-08-23 07:08:53,130 [grpc-default-executor-2] INFO  client.GrpcClientProtocolClient (GrpcClientProtocolClient.java:onNext(255)) - client-D91E5D1E15CE->f2ba01fc-a63e-4348-bd18-030b60a135e7: receive RaftClientReply:client-D91E5D1E15CE->f2ba01fc-a63e-4348-bd18-030b60a135e7@group-C8C62FEF0626, cid=1026, SUCCESS, logIndex=1392, commits[f2ba01fc-a63e-4348-bd18-030b60a135e7:c1394, eab135d4-a257-4705-b491-6c056b8c5df7:c1390, a4f67574-9018-43e7-8a54-351e98dc3d0a:c1388]
2019-08-23 07:08:53,130 | INFO  | DNAudit | user=null | ip=null | op=WRITE_CHUNK {blockData=conID: 3 locID: 102665036031459774 bcsId: 0} | ret=SUCCESS |  
2019-08-23 07:08:53,130 | INFO  | DNAudit | user=null | ip=null | op=PUT_BLOCK {blockData=[blockId=conID: 3 locID: 102665036031459774 bcsId: 0,size=1048576]} | ret=SUCCESS |  
2019-08-23 07:08:53,130 | INFO  | DNAudit | user=null | ip=null | op=WRITE_CHUNK {blockData=conID: 3 locID: 102665036031459774 bcsId: 0} | ret=SUCCESS |  
2019-08-23 07:08:53,131 [grpc-default-executor-2] INFO  client.GrpcClientProtocolClient (GrpcClientProtocolClient.java:onNext(255)) - client-D91E5D1E15CE->f2ba01fc-a63e-4348-bd18-030b60a135e7: receive RaftClientReply:client-D91E5D1E15CE->f2ba01fc-a63e-4348-bd18-030b60a135e7@group-C8C62FEF0626, cid=1027, SUCCESS, logIndex=0, commits[f2ba01fc-a63e-4348-bd18-030b60a135e7:c1395, eab135d4-a257-4705-b491-6c056b8c5df7:c1391, a4f67574-9018-43e7-8a54-351e98dc3d0a:c1390]
2019-08-23 07:08:53,131 | INFO  | DNAudit | user=null | ip=null | op=WRITE_CHUNK {blockData=conID: 3 locID: 102665036031459774 bcsId: 0} | ret=SUCCESS |  
2019-08-23 07:08:53,139 | INFO  | DNAudit | user=null | ip=null | op=WRITE_CHUNK {blockData=conID: 3 locID: 102665036031459774 bcsId: 1392} | ret=SUCCESS |  
2019-08-23 07:08:53,139 | INFO  | DNAudit | user=null | ip=null | op=WRITE_CHUNK {blockData=conID: 3 locID: 102665036031459774 bcsId: 1392} | ret=SUCCESS |  
2019-08-23 07:08:53,140 | INFO  | DNAudit | user=null | ip=null | op=WRITE_CHUNK {blockData=conID: 3 locID: 102665036031459774 bcsId: 1392} | ret=SUCCESS |  
2019-08-23 07:08:53,142 | INFO  | DNAudit | user=null | ip=null | op=PUT_BLOCK {blockData=[blockId=conID: 3 locID: 102665036031459774 bcsId: 0,size=2097152]} | ret=SUCCESS |  
2019-08-23 07:08:53,142 | INFO  | DNAudit | user=null | ip=null | op=WRITE_CHUNK {blockData=conID: 3 locID: 102665036031459774 bcsId: 1392} | ret=SUCCESS |  
2019-08-23 07:08:53,142 | INFO  | DNAudit | user=null | ip=null | op=PUT_BLOCK {blockData=[blockId=conID: 3 locID: 102665036031459774 bcsId: 0,size=2097152]} | ret=SUCCESS |  
2019-08-23 07:08:53,142 | INFO  | DNAudit | user=null | ip=null | op=PUT_BLOCK {blockData=[blockId=conID: 3 locID: 102665036031459774 bcsId: 0,size=3145728]} | ret=SUCCESS |  
2019-08-23 07:08:53,143 [grpc-default-executor-3] INFO  client.GrpcClientProtocolClient (GrpcClientProtocolClient.java:onNext(255)) - client-D91E5D1E15CE->f2ba01fc-a63e-4348-bd18-030b60a135e7: receive RaftClientReply:client-D91E5D1E15CE->f2ba01fc-a63e-4348-bd18-030b60a135e7@group-C8C62FEF0626, cid=1028, SUCCESS, logIndex=1396, commits[f2ba01fc-a63e-4348-bd18-030b60a135e7:c1397, eab135d4-a257-4705-b491-6c056b8c5df7:c1395, a4f67574-9018-43e7-8a54-351e98dc3d0a:c1391]
2019-08-23 07:08:53,143 [grpc-default-executor-3] INFO  client.GrpcClientProtocolClient (GrpcClientProtocolClient.java:onNext(255)) - client-D91E5D1E15CE->f2ba01fc-a63e-4348-bd18-030b60a135e7: receive RaftClientReply:client-D91E5D1E15CE->f2ba01fc-a63e-4348-bd18-030b60a135e7@group-C8C62FEF0626, cid=1029, SUCCESS, logIndex=1397, commits[f2ba01fc-a63e-4348-bd18-030b60a135e7:c1397, eab135d4-a257-4705-b491-6c056b8c5df7:c1395, a4f67574-9018-43e7-8a54-351e98dc3d0a:c1395]
2019-08-23 07:08:53,143 | INFO  | DNAudit | user=null | ip=null | op=WRITE_CHUNK {blockData=conID: 3 locID: 102665036031459774 bcsId: 1392} | ret=SUCCESS |  
2019-08-23 07:08:53,144 | INFO  | DNAudit | user=null | ip=null | op=WRITE_CHUNK {blockData=conID: 3 locID: 102665036031459774 bcsId: 1392} | ret=SUCCESS |  
2019-08-23 07:08:53,144 | INFO  | SCMAudit | user=jenkins1000 | ip=192.168.5.178 | op=SEND_HEARTBEAT {datanodeUUID=b7d3ecaa-ab76-49a0-b691-40b7e1ed625a, command=[]} | ret=SUCCESS |  
2019-08-23 07:08:53,145 | INFO  | DNAudit | user=null | ip=null | op=PUT_BLOCK {blockData=[blockId=conID: 3 locID: 102665036031459774 bcsId: 0,size=3145728]} | ret=SUCCESS |  
2019-08-23 07:08:53,145 | INFO  | DNAudit | user=null | ip=null | op=PUT_BLOCK {blockData=[blockId=conID: 3 locID: 102665036031459774 bcsId: 0,size=3145728]} | ret=SUCCESS |  
2019-08-23 07:08:53,149 | INFO  | DNAudit | user=null | ip=null | op=WRITE_CHUNK {blockData=conID: 3 locID: 102665036031459774 bcsId: 1397} | ret=SUCCESS |  
2019-08-23 07:08:53,151 | INFO  | DNAudit | user=null | ip=null | op=WRITE_CHUNK {blockData=conID: 3 locID: 102665036031459774 bcsId: 1397} | ret=SUCCESS |  
2019-08-23 07:08:53,151 | INFO  | DNAudit | user=null | ip=null | op=WRITE_CHUNK {blockData=conID: 3 locID: 102665036031459774 bcsId: 1397} | ret=SUCCESS |  
2019-08-23 07:08:53,152 | INFO  | DNAudit | user=null | ip=null | op=WRITE_CHUNK {blockData=conID: 3 locID: 102665036031459774 bcsId: 1397} | ret=SUCCESS |  
2019-08-23 07:08:53,153 | INFO  | DNAudit | user=null | ip=null | op=PUT_BLOCK {blockData=[blockId=conID: 3 locID: 102665036031459774 bcsId: 0,size=4194304]} | ret=SUCCESS |  
2019-08-23 07:08:53,153 [grpc-default-executor-3] INFO  client.GrpcClientProtocolClient (GrpcClientProtocolClient.java:onNext(255)) - client-D91E5D1E15CE->f2ba01fc-a63e-4348-bd18-030b60a135e7: receive RaftClientReply:client-D91E5D1E15CE->f2ba01fc-a63e-4348-bd18-030b60a135e7@group-C8C62FEF0626, cid=1030, SUCCESS, logIndex=1400, commits[f2ba01fc-a63e-4348-bd18-030b60a135e7:c1401, eab135d4-a257-4705-b491-6c056b8c5df7:c1399, a4f67574-9018-43e7-8a54-351e98dc3d0a:c1397]
2019-08-23 07:08:53,153 [grpc-default-executor-4] INFO  client.GrpcClientProtocolClient (GrpcClientProtocolClient.java:onNext(255)) - client-D91E5D1E15CE->f2ba01fc-a63e-4348-bd18-030b60a135e7: receive RaftClientReply:client-D91E5D1E15CE->f2ba01fc-a63e-4348-bd18-030b60a135e7@group-C8C62FEF0626, cid=1031, SUCCESS, logIndex=1401, commits[f2ba01fc-a63e-4348-bd18-030b60a135e7:c1401, eab135d4-a257-4705-b491-6c056b8c5df7:c1399, a4f67574-9018-43e7-8a54-351e98dc3d0a:c1397]
2019-08-23 07:08:53,154 | INFO  | DNAudit | user=null | ip=null | op=WRITE_CHUNK {blockData=conID: 3 locID: 102665036031459774 bcsId: 1397} | ret=SUCCESS |  
2019-08-23 07:08:53,154 | INFO  | DNAudit | user=null | ip=null | op=PUT_BLOCK {blockData=[blockId=conID: 3 locID: 102665036031459774 bcsId: 0,size=4194304]} | ret=SUCCESS |  
2019-08-23 07:08:53,154 | INFO  | DNAudit | user=null | ip=null | op=WRITE_CHUNK {blockData=conID: 3 locID: 102665036031459774 bcsId: 1397} | ret=SUCCESS |  
2019-08-23 07:08:53,154 | INFO  | DNAudit | user=null | ip=null | op=PUT_BLOCK {blockData=[blockId=conID: 3 locID: 102665036031459774 bcsId: 0,size=4194304]} | ret=SUCCESS |  
2019-08-23 07:08:53,155 [grpc-default-executor-4] INFO  client.GrpcClientProtocolClient (GrpcClientProtocolClient.java:onNext(255)) - client-D91E5D1E15CE->f2ba01fc-a63e-4348-bd18-030b60a135e7: receive RaftClientReply:client-D91E5D1E15CE->f2ba01fc-a63e-4348-bd18-030b60a135e7@group-C8C62FEF0626, cid=1032, SUCCESS, logIndex=0, commits[f2ba01fc-a63e-4348-bd18-030b60a135e7:c1402, eab135d4-a257-4705-b491-6c056b8c5df7:c1401, a4f67574-9018-43e7-8a54-351e98dc3d0a:c1401]
2019-08-23 07:08:53,161 | INFO  | DNAudit | user=null | ip=null | op=WRITE_CHUNK {blockData=conID: 1 locID: 102665036031459775 bcsId: 0} | ret=SUCCESS |  
2019-08-23 07:08:53,164 | INFO  | DNAudit | user=null | ip=null | op=WRITE_CHUNK {blockData=conID: 1 locID: 102665036031459775 bcsId: 0} | ret=SUCCESS |  
2019-08-23 07:08:53,164 | INFO  | DNAudit | user=null | ip=null | op=WRITE_CHUNK {blockData=conID: 1 locID: 102665036031459775 bcsId: 0} | ret=SUCCESS |  
2019-08-23 07:08:53,164 | INFO  | DNAudit | user=null | ip=null | op=WRITE_CHUNK {blockData=conID: 1 locID: 102665036031459775 bcsId: 0} | ret=SUCCESS |  
2019-08-23 07:08:53,166 | INFO  | DNAudit | user=null | ip=null | op=WRITE_CHUNK {blockData=conID: 1 locID: 102665036031459775 bcsId: 0} | ret=SUCCESS |  
2019-08-23 07:08:53,166 | INFO  | DNAudit | user=null | ip=null | op=WRITE_CHUNK {blockData=conID: 1 locID: 102665036031459775 bcsId: 0} | ret=SUCCESS |  
2019-08-23 07:08:53,175 | INFO  | DNAudit | user=null | ip=null | op=WRITE_CHUNK {blockData=conID: 1 locID: 102665036031459775 bcsId: 0} | ret=SUCCESS |  
2019-08-23 07:08:53,176 | INFO  | DNAudit | user=null | ip=null | op=PUT_BLOCK {blockData=[blockId=conID: 1 locID: 102665036031459775 bcsId: 0,size=1048576]} | ret=SUCCESS |  
2019-08-23 07:08:53,176 | INFO  | DNAudit | user=null | ip=null | op=WRITE_CHUNK {blockData=conID: 1 locID: 102665036031459775 bcsId: 0} | ret=SUCCESS |  
2019-08-23 07:08:53,176 [grpc-default-executor-4] INFO  client.GrpcClientProtocolClient (GrpcClientProtocolClient.java:onNext(255)) - client-D91E5D1E15CE->f2ba01fc-a63e-4348-bd18-030b60a135e7: receive RaftClientReply:client-D91E5D1E15CE->f2ba01fc-a63e-4348-bd18-030b60a135e7@group-C8C62FEF0626, cid=1033, SUCCESS, logIndex=1404, commits[f2ba01fc-a63e-4348-bd18-030b60a135e7:c1405, eab135d4-a257-4705-b491-6c056b8c5df7:c1403, a4f67574-9018-43e7-8a54-351e98dc3d0a:c1403]
2019-08-23 07:08:53,176 | INFO  | DNAudit | user=null | ip=null | op=PUT_BLOCK {blockData=[blockId=conID: 1 locID: 102665036031459775 bcsId: 0,size=2097152]} | ret=SUCCESS |  
2019-08-23 07:08:53,176 [grpc-default-executor-4] INFO  client.GrpcClientProtocolClient (GrpcClientProtocolClient.java:onNext(255)) - client-D91E5D1E15CE->f2ba01fc-a63e-4348-bd18-030b60a135e7: receive RaftClientReply:client-D91E5D1E15CE->f2ba01fc-a63e-4348-bd18-030b60a135e7@group-C8C62FEF0626, cid=1034, SUCCESS, logIndex=1405, commits[f2ba01fc-a63e-4348-bd18-030b60a135e7:c1407, eab135d4-a257-4705-b491-6c056b8c5df7:c1403, a4f67574-9018-43e7-8a54-351e98dc3d0a:c1403]
2019-08-23 07:08:53,177 | INFO  | DNAudit | user=null | ip=null | op=WRITE_CHUNK {blockData=conID: 1 locID: 102665036031459775 bcsId: 0} | ret=SUCCESS |  
2019-08-23 07:08:53,177 [grpc-default-executor-4] INFO  client.GrpcClientProtocolClient (GrpcClientProtocolClient.java:onNext(255)) - client-D91E5D1E15CE->f2ba01fc-a63e-4348-bd18-030b60a135e7: receive RaftClientReply:client-D91E5D1E15CE->f2ba01fc-a63e-4348-bd18-030b60a135e7@group-C8C62FEF0626, cid=1035, SUCCESS, logIndex=1406, commits[f2ba01fc-a63e-4348-bd18-030b60a135e7:c1407, eab135d4-a257-4705-b491-6c056b8c5df7:c1403, a4f67574-9018-43e7-8a54-351e98dc3d0a:c1403]
2019-08-23 07:08:53,177 [grpc-default-executor-4] INFO  client.GrpcClientProtocolClient (GrpcClientProtocolClient.java:onNext(255)) - client-D91E5D1E15CE->f2ba01fc-a63e-4348-bd18-030b60a135e7: receive RaftClientReply:client-D91E5D1E15CE->f2ba01fc-a63e-4348-bd18-030b60a135e7@group-C8C62FEF0626, cid=1036, SUCCESS, logIndex=1407, commits[f2ba01fc-a63e-4348-bd18-030b60a135e7:c1407, eab135d4-a257-4705-b491-6c056b8c5df7:c1403, a4f67574-9018-43e7-8a54-351e98dc3d0a:c1403]
2019-08-23 07:08:53,177 | INFO  | DNAudit | user=null | ip=null | op=WRITE_CHUNK {blockData=conID: 1 locID: 102665036031459775 bcsId: 0} | ret=SUCCESS |  
2019-08-23 07:08:53,177 | INFO  | DNAudit | user=null | ip=null | op=PUT_BLOCK {blockData=[blockId=conID: 1 locID: 102665036031459775 bcsId: 0,size=1048576]} | ret=SUCCESS |  
2019-08-23 07:08:53,178 | INFO  | DNAudit | user=null | ip=null | op=PUT_BLOCK {blockData=[blockId=conID: 1 locID: 102665036031459775 bcsId: 0,size=1048576]} | ret=SUCCESS |  
2019-08-23 07:08:53,178 | INFO  | DNAudit | user=null | ip=null | op=WRITE_CHUNK {blockData=conID: 1 locID: 102665036031459775 bcsId: 0} | ret=SUCCESS |  
2019-08-23 07:08:53,178 | INFO  | DNAudit | user=null | ip=null | op=PUT_BLOCK {blockData=[blockId=conID: 1 locID: 102665036031459775 bcsId: 0,size=2097152]} | ret=SUCCESS |  
2019-08-23 07:08:53,178 [grpc-default-executor-4] INFO  client.GrpcClientProtocolClient (GrpcClientProtocolClient.java:onNext(255)) - client-D91E5D1E15CE->f2ba01fc-a63e-4348-bd18-030b60a135e7: receive RaftClientReply:client-D91E5D1E15CE->f2ba01fc-a63e-4348-bd18-030b60a135e7@group-C8C62FEF0626, cid=1037, SUCCESS, logIndex=0, commits[f2ba01fc-a63e-4348-bd18-030b60a135e7:c1409, eab135d4-a257-4705-b491-6c056b8c5df7:c1405, a4f67574-9018-43e7-8a54-351e98dc3d0a:c1405]
2019-08-23 07:08:53,179 | INFO  | DNAudit | user=null | ip=null | op=WRITE_CHUNK {blockData=conID: 1 locID: 102665036031459775 bcsId: 0} | ret=SUCCESS |  
2019-08-23 07:08:53,179 | INFO  | DNAudit | user=null | ip=null | op=PUT_BLOCK {blockData=[blockId=conID: 1 locID: 102665036031459775 bcsId: 0,size=2097152]} | ret=SUCCESS |  
2019-08-23 07:08:53,184 | INFO  | DNAudit | user=null | ip=null | op=WRITE_CHUNK {blockData=conID: 1 locID: 102665036031459775 bcsId: 1407} | ret=SUCCESS |  
2019-08-23 07:08:53,186 | INFO  | DNAudit | user=null | ip=null | op=WRITE_CHUNK {blockData=conID: 1 locID: 102665036031459775 bcsId: 1407} | ret=SUCCESS |  
2019-08-23 07:08:53,186 | INFO  | DNAudit | user=null | ip=null | op=WRITE_CHUNK {blockData=conID: 1 locID: 102665036031459775 bcsId: 1407} | ret=SUCCESS |  
2019-08-23 07:08:53,192 | INFO  | DNAudit | user=null | ip=null | op=WRITE_CHUNK {blockData=conID: 1 locID: 102665036031459775 bcsId: 1407} | ret=SUCCESS |  
2019-08-23 07:08:53,193 | INFO  | DNAudit | user=null | ip=null | op=PUT_BLOCK {blockData=[blockId=conID: 1 locID: 102665036031459775 bcsId: 0,size=3145728]} | ret=SUCCESS |  
2019-08-23 07:08:53,193 [grpc-default-executor-3] INFO  client.GrpcClientProtocolClient (GrpcClientProtocolClient.java:onNext(255)) - client-D91E5D1E15CE->f2ba01fc-a63e-4348-bd18-030b60a135e7: receive RaftClientReply:client-D91E5D1E15CE->f2ba01fc-a63e-4348-bd18-030b60a135e7@group-C8C62FEF0626, cid=1038, SUCCESS, logIndex=1412, commits[f2ba01fc-a63e-4348-bd18-030b60a135e7:c1413, eab135d4-a257-4705-b491-6c056b8c5df7:c1411, a4f67574-9018-43e7-8a54-351e98dc3d0a:c1407]
2019-08-23 07:08:53,193 [grpc-default-executor-3] INFO  client.GrpcClientProtocolClient (GrpcClientProtocolClient.java:onNext(255)) - client-D91E5D1E15CE->f2ba01fc-a63e-4348-bd18-030b60a135e7: receive RaftClientReply:client-D91E5D1E15CE->f2ba01fc-a63e-4348-bd18-030b60a135e7@group-C8C62FEF0626, cid=1039, SUCCESS, logIndex=1413, commits[f2ba01fc-a63e-4348-bd18-030b60a135e7:c1413, eab135d4-a257-4705-b491-6c056b8c5df7:c1411, a4f67574-9018-43e7-8a54-351e98dc3d0a:c1411]
2019-08-23 07:08:53,194 | INFO  | DNAudit | user=null | ip=null | op=WRITE_CHUNK {blockData=conID: 1 locID: 102665036031459775 bcsId: 1407} | ret=SUCCESS |  
2019-08-23 07:08:53,194 | INFO  | DNAudit | user=null | ip=null | op=WRITE_CHUNK {blockData=conID: 1 locID: 102665036031459775 bcsId: 1407} | ret=SUCCESS |  
2019-08-23 07:08:53,194 | INFO  | DNAudit | user=null | ip=null | op=PUT_BLOCK {blockData=[blockId=conID: 1 locID: 102665036031459775 bcsId: 0,size=3145728]} | ret=SUCCESS |  
2019-08-23 07:08:53,195 | INFO  | DNAudit | user=null | ip=null | op=PUT_BLOCK {blockData=[blockId=conID: 1 locID: 102665036031459775 bcsId: 0,size=3145728]} | ret=SUCCESS |  
2019-08-23 07:08:53,199 | INFO  | DNAudit | user=null | ip=null | op=WRITE_CHUNK {blockData=conID: 1 locID: 102665036031459775 bcsId: 1413} | ret=SUCCESS |  
2019-08-23 07:08:53,201 | INFO  | DNAudit | user=null | ip=null | op=WRITE_CHUNK {blockData=conID: 1 locID: 102665036031459775 bcsId: 1413} | ret=SUCCESS |  
2019-08-23 07:08:53,201 | INFO  | DNAudit | user=null | ip=null | op=WRITE_CHUNK {blockData=conID: 1 locID: 102665036031459775 bcsId: 1413} | ret=SUCCESS |  
2019-08-23 07:08:53,211 | INFO  | DNAudit | user=null | ip=null | op=WRITE_CHUNK {blockData=conID: 1 locID: 102665036031459775 bcsId: 1413} | ret=SUCCESS |  
2019-08-23 07:08:53,212 | INFO  | DNAudit | user=null | ip=null | op=PUT_BLOCK {blockData=[blockId=conID: 1 locID: 102665036031459775 bcsId: 0,size=4194304]} | ret=SUCCESS |  
2019-08-23 07:08:53,212 [grpc-default-executor-3] INFO  client.GrpcClientProtocolClient (GrpcClientProtocolClient.java:onNext(255)) - client-D91E5D1E15CE->f2ba01fc-a63e-4348-bd18-030b60a135e7: receive RaftClientReply:client-D91E5D1E15CE->f2ba01fc-a63e-4348-bd18-030b60a135e7@group-C8C62FEF0626, cid=1040, SUCCESS, logIndex=1416, commits[f2ba01fc-a63e-4348-bd18-030b60a135e7:c1417, eab135d4-a257-4705-b491-6c056b8c5df7:c1415, a4f67574-9018-43e7-8a54-351e98dc3d0a:c1415]
2019-08-23 07:08:53,215 [grpc-default-executor-3] INFO  client.GrpcClientProtocolClient (GrpcClientProtocolClient.java:onNext(255)) - client-D91E5D1E15CE->f2ba01fc-a63e-4348-bd18-030b60a135e7: receive RaftClientReply:client-D91E5D1E15CE->f2ba01fc-a63e-4348-bd18-030b60a135e7@group-C8C62FEF0626, cid=1041, SUCCESS, logIndex=1417, commits[f2ba01fc-a63e-4348-bd18-030b60a135e7:c1417, eab135d4-a257-4705-b491-6c056b8c5df7:c1415, a4f67574-9018-43e7-8a54-351e98dc3d0a:c1415]
2019-08-23 07:08:53,224 | INFO  | DNAudit | user=null | ip=null | op=WRITE_CHUNK {blockData=conID: 1 locID: 102665036031459775 bcsId: 1413} | ret=SUCCESS |  
2019-08-23 07:08:53,224 | INFO  | DNAudit | user=null | ip=null | op=WRITE_CHUNK {blockData=conID: 1 locID: 102665036031459775 bcsId: 1413} | ret=SUCCESS |  
2019-08-23 07:08:53,225 | INFO  | DNAudit | user=null | ip=null | op=PUT_BLOCK {blockData=[blockId=conID: 1 locID: 102665036031459775 bcsId: 0,size=4194304]} | ret=SUCCESS |  
2019-08-23 07:08:53,225 | INFO  | DNAudit | user=null | ip=null | op=PUT_BLOCK {blockData=[blockId=conID: 1 locID: 102665036031459775 bcsId: 0,size=4194304]} | ret=SUCCESS |  
2019-08-23 07:08:53,226 [grpc-default-executor-4] INFO  client.GrpcClientProtocolClient (GrpcClientProtocolClient.java:onNext(255)) - client-D91E5D1E15CE->f2ba01fc-a63e-4348-bd18-030b60a135e7: receive RaftClientReply:client-D91E5D1E15CE->f2ba01fc-a63e-4348-bd18-030b60a135e7@group-C8C62FEF0626, cid=1042, SUCCESS, logIndex=0, commits[f2ba01fc-a63e-4348-bd18-030b60a135e7:c1419, eab135d4-a257-4705-b491-6c056b8c5df7:c1417, a4f67574-9018-43e7-8a54-351e98dc3d0a:c1417]
2019-08-23 07:08:53,232 | INFO  | DNAudit | user=null | ip=null | op=WRITE_CHUNK {blockData=conID: 2 locID: 102665036031459776 bcsId: 0} | ret=SUCCESS |  
2019-08-23 07:08:53,234 | INFO  | DNAudit | user=null | ip=null | op=WRITE_CHUNK {blockData=conID: 2 locID: 102665036031459776 bcsId: 0} | ret=SUCCESS |  
2019-08-23 07:08:53,234 | INFO  | DNAudit | user=null | ip=null | op=WRITE_CHUNK {blockData=conID: 2 locID: 102665036031459776 bcsId: 0} | ret=SUCCESS |  
2019-08-23 07:08:53,235 | INFO  | DNAudit | user=null | ip=null | op=WRITE_CHUNK {blockData=conID: 2 locID: 102665036031459776 bcsId: 0} | ret=SUCCESS |  
2019-08-23 07:08:53,238 | INFO  | DNAudit | user=null | ip=null | op=WRITE_CHUNK {blockData=conID: 2 locID: 102665036031459776 bcsId: 0} | ret=SUCCESS |  
2019-08-23 07:08:53,239 | INFO  | DNAudit | user=null | ip=null | op=WRITE_CHUNK {blockData=conID: 2 locID: 102665036031459776 bcsId: 0} | ret=SUCCESS |  
2019-08-23 07:08:53,244 | INFO  | DNAudit | user=null | ip=null | op=WRITE_CHUNK {blockData=conID: 2 locID: 102665036031459776 bcsId: 0} | ret=SUCCESS |  
2019-08-23 07:08:53,245 | INFO  | DNAudit | user=null | ip=null | op=PUT_BLOCK {blockData=[blockId=conID: 2 locID: 102665036031459776 bcsId: 0,size=1048576]} | ret=SUCCESS |  
2019-08-23 07:08:53,245 [grpc-default-executor-3] INFO  client.GrpcClientProtocolClient (GrpcClientProtocolClient.java:onNext(255)) - client-D91E5D1E15CE->f2ba01fc-a63e-4348-bd18-030b60a135e7: receive RaftClientReply:client-D91E5D1E15CE->f2ba01fc-a63e-4348-bd18-030b60a135e7@group-C8C62FEF0626, cid=1043, SUCCESS, logIndex=1420, commits[f2ba01fc-a63e-4348-bd18-030b60a135e7:c1420, eab135d4-a257-4705-b491-6c056b8c5df7:c1419, a4f67574-9018-43e7-8a54-351e98dc3d0a:c1419]
2019-08-23 07:08:53,245 | INFO  | DNAudit | user=null | ip=null | op=WRITE_CHUNK {blockData=conID: 2 locID: 102665036031459776 bcsId: 0} | ret=SUCCESS |  
2019-08-23 07:08:53,245 | INFO  | DNAudit | user=null | ip=null | op=PUT_BLOCK {blockData=[blockId=conID: 2 locID: 102665036031459776 bcsId: 0,size=2097152]} | ret=SUCCESS |  
2019-08-23 07:08:53,245 [grpc-default-executor-3] INFO  client.GrpcClientProtocolClient (GrpcClientProtocolClient.java:onNext(255)) - client-D91E5D1E15CE->f2ba01fc-a63e-4348-bd18-030b60a135e7: receive RaftClientReply:client-D91E5D1E15CE->f2ba01fc-a63e-4348-bd18-030b60a135e7@group-C8C62FEF0626, cid=1044, SUCCESS, logIndex=1421, commits[f2ba01fc-a63e-4348-bd18-030b60a135e7:c1423, eab135d4-a257-4705-b491-6c056b8c5df7:c1419, a4f67574-9018-43e7-8a54-351e98dc3d0a:c1419]
2019-08-23 07:08:53,246 [grpc-default-executor-3] INFO  client.GrpcClientProtocolClient (GrpcClientProtocolClient.java:onNext(255)) - client-D91E5D1E15CE->f2ba01fc-a63e-4348-bd18-030b60a135e7: receive RaftClientReply:client-D91E5D1E15CE->f2ba01fc-a63e-4348-bd18-030b60a135e7@group-C8C62FEF0626, cid=1045, SUCCESS, logIndex=1422, commits[f2ba01fc-a63e-4348-bd18-030b60a135e7:c1423, eab135d4-a257-4705-b491-6c056b8c5df7:c1419, a4f67574-9018-43e7-8a54-351e98dc3d0a:c1419]
2019-08-23 07:08:53,246 | INFO  | DNAudit | user=null | ip=null | op=WRITE_CHUNK {blockData=conID: 2 locID: 102665036031459776 bcsId: 0} | ret=SUCCESS |  
2019-08-23 07:08:53,246 | INFO  | DNAudit | user=null | ip=null | op=WRITE_CHUNK {blockData=conID: 2 locID: 102665036031459776 bcsId: 0} | ret=SUCCESS |  
2019-08-23 07:08:53,246 [grpc-default-executor-4] INFO  client.GrpcClientProtocolClient (GrpcClientProtocolClient.java:onNext(255)) - client-D91E5D1E15CE->f2ba01fc-a63e-4348-bd18-030b60a135e7: receive RaftClientReply:client-D91E5D1E15CE->f2ba01fc-a63e-4348-bd18-030b60a135e7@group-C8C62FEF0626, cid=1046, SUCCESS, logIndex=1423, commits[f2ba01fc-a63e-4348-bd18-030b60a135e7:c1423, eab135d4-a257-4705-b491-6c056b8c5df7:c1419, a4f67574-9018-43e7-8a54-351e98dc3d0a:c1419]
2019-08-23 07:08:53,247 | INFO  | DNAudit | user=null | ip=null | op=PUT_BLOCK {blockData=[blockId=conID: 2 locID: 102665036031459776 bcsId: 0,size=1048576]} | ret=SUCCESS |  
2019-08-23 07:08:53,247 | INFO  | DNAudit | user=null | ip=null | op=PUT_BLOCK {blockData=[blockId=conID: 2 locID: 102665036031459776 bcsId: 0,size=1048576]} | ret=SUCCESS |  
2019-08-23 07:08:53,247 | INFO  | DNAudit | user=null | ip=null | op=WRITE_CHUNK {blockData=conID: 2 locID: 102665036031459776 bcsId: 0} | ret=SUCCESS |  
2019-08-23 07:08:53,247 | INFO  | DNAudit | user=null | ip=null | op=WRITE_CHUNK {blockData=conID: 2 locID: 102665036031459776 bcsId: 0} | ret=SUCCESS |  
2019-08-23 07:08:53,247 | INFO  | DNAudit | user=null | ip=null | op=PUT_BLOCK {blockData=[blockId=conID: 2 locID: 102665036031459776 bcsId: 0,size=2097152]} | ret=SUCCESS |  
2019-08-23 07:08:53,247 | INFO  | DNAudit | user=null | ip=null | op=PUT_BLOCK {blockData=[blockId=conID: 2 locID: 102665036031459776 bcsId: 0,size=2097152]} | ret=SUCCESS |  
2019-08-23 07:08:53,248 [grpc-default-executor-3] INFO  client.GrpcClientProtocolClient (GrpcClientProtocolClient.java:onNext(255)) - client-D91E5D1E15CE->f2ba01fc-a63e-4348-bd18-030b60a135e7: receive RaftClientReply:client-D91E5D1E15CE->f2ba01fc-a63e-4348-bd18-030b60a135e7@group-C8C62FEF0626, cid=1047, SUCCESS, logIndex=0, commits[f2ba01fc-a63e-4348-bd18-030b60a135e7:c1425, eab135d4-a257-4705-b491-6c056b8c5df7:c1422, a4f67574-9018-43e7-8a54-351e98dc3d0a:c1422]
2019-08-23 07:08:53,254 | INFO  | DNAudit | user=null | ip=null | op=WRITE_CHUNK {blockData=conID: 2 locID: 102665036031459776 bcsId: 1423} | ret=SUCCESS |  
2019-08-23 07:08:53,256 | INFO  | DNAudit | user=null | ip=null | op=WRITE_CHUNK {blockData=conID: 2 locID: 102665036031459776 bcsId: 1423} | ret=SUCCESS |  
2019-08-23 07:08:53,256 | INFO  | DNAudit | user=null | ip=null | op=WRITE_CHUNK {blockData=conID: 2 locID: 102665036031459776 bcsId: 1423} | ret=SUCCESS |  
2019-08-23 07:08:53,267 | INFO  | DNAudit | user=null | ip=null | op=WRITE_CHUNK {blockData=conID: 2 locID: 102665036031459776 bcsId: 1423} | ret=SUCCESS |  
2019-08-23 07:08:53,267 | INFO  | DNAudit | user=null | ip=null | op=PUT_BLOCK {blockData=[blockId=conID: 2 locID: 102665036031459776 bcsId: 0,size=3145728]} | ret=SUCCESS |  
2019-08-23 07:08:53,267 [grpc-default-executor-3] INFO  client.GrpcClientProtocolClient (GrpcClientProtocolClient.java:onNext(255)) - client-D91E5D1E15CE->f2ba01fc-a63e-4348-bd18-030b60a135e7: receive RaftClientReply:client-D91E5D1E15CE->f2ba01fc-a63e-4348-bd18-030b60a135e7@group-C8C62FEF0626, cid=1048, SUCCESS, logIndex=1427, commits[f2ba01fc-a63e-4348-bd18-030b60a135e7:c1428, eab135d4-a257-4705-b491-6c056b8c5df7:c1426, a4f67574-9018-43e7-8a54-351e98dc3d0a:c1426]
2019-08-23 07:08:53,267 [grpc-default-executor-3] INFO  client.GrpcClientProtocolClient (GrpcClientProtocolClient.java:onNext(255)) - client-D91E5D1E15CE->f2ba01fc-a63e-4348-bd18-030b60a135e7: receive RaftClientReply:client-D91E5D1E15CE->f2ba01fc-a63e-4348-bd18-030b60a135e7@group-C8C62FEF0626, cid=1049, SUCCESS, logIndex=1428, commits[f2ba01fc-a63e-4348-bd18-030b60a135e7:c1428, eab135d4-a257-4705-b491-6c056b8c5df7:c1426, a4f67574-9018-43e7-8a54-351e98dc3d0a:c1426]
2019-08-23 07:08:53,273 | INFO  | DNAudit | user=null | ip=null | op=WRITE_CHUNK {blockData=conID: 2 locID: 102665036031459776 bcsId: 1428} | ret=SUCCESS |  
2019-08-23 07:08:53,275 | INFO  | DNAudit | user=null | ip=null | op=WRITE_CHUNK {blockData=conID: 2 locID: 102665036031459776 bcsId: 1428} | ret=SUCCESS |  
2019-08-23 07:08:53,275 | INFO  | DNAudit | user=null | ip=null | op=WRITE_CHUNK {blockData=conID: 2 locID: 102665036031459776 bcsId: 1428} | ret=SUCCESS |  
2019-08-23 07:08:53,278 | INFO  | DNAudit | user=null | ip=null | op=WRITE_CHUNK {blockData=conID: 2 locID: 102665036031459776 bcsId: 1423} | ret=SUCCESS |  
2019-08-23 07:08:53,278 | INFO  | DNAudit | user=null | ip=null | op=WRITE_CHUNK {blockData=conID: 2 locID: 102665036031459776 bcsId: 1423} | ret=SUCCESS |  
2019-08-23 07:08:53,279 | INFO  | DNAudit | user=null | ip=null | op=PUT_BLOCK {blockData=[blockId=conID: 2 locID: 102665036031459776 bcsId: 0,size=3145728]} | ret=SUCCESS |  
2019-08-23 07:08:53,280 | INFO  | DNAudit | user=null | ip=null | op=PUT_BLOCK {blockData=[blockId=conID: 2 locID: 102665036031459776 bcsId: 0,size=3145728]} | ret=SUCCESS |  
2019-08-23 07:08:53,280 | INFO  | DNAudit | user=null | ip=null | op=WRITE_CHUNK {blockData=conID: 2 locID: 102665036031459776 bcsId: 1428} | ret=SUCCESS |  
2019-08-23 07:08:53,280 | INFO  | DNAudit | user=null | ip=null | op=PUT_BLOCK {blockData=[blockId=conID: 2 locID: 102665036031459776 bcsId: 0,size=4194304]} | ret=SUCCESS |  
2019-08-23 07:08:53,280 [grpc-default-executor-4] INFO  client.GrpcClientProtocolClient (GrpcClientProtocolClient.java:onNext(255)) - client-D91E5D1E15CE->f2ba01fc-a63e-4348-bd18-030b60a135e7: receive RaftClientReply:client-D91E5D1E15CE->f2ba01fc-a63e-4348-bd18-030b60a135e7@group-C8C62FEF0626, cid=1050, SUCCESS, logIndex=1431, commits[f2ba01fc-a63e-4348-bd18-030b60a135e7:c1432, eab135d4-a257-4705-b491-6c056b8c5df7:c1428, a4f67574-9018-43e7-8a54-351e98dc3d0a:c1428]
2019-08-23 07:08:53,281 [grpc-default-executor-4] INFO  client.GrpcClientProtocolClient (GrpcClientProtocolClient.java:onNext(255)) - client-D91E5D1E15CE->f2ba01fc-a63e-4348-bd18-030b60a135e7: receive RaftClientReply:client-D91E5D1E15CE->f2ba01fc-a63e-4348-bd18-030b60a135e7@group-C8C62FEF0626, cid=1051, SUCCESS, logIndex=1432, commits[f2ba01fc-a63e-4348-bd18-030b60a135e7:c1432, eab135d4-a257-4705-b491-6c056b8c5df7:c1428, a4f67574-9018-43e7-8a54-351e98dc3d0a:c1428]
2019-08-23 07:08:53,292 | INFO  | DNAudit | user=null | ip=null | op=WRITE_CHUNK {blockData=conID: 2 locID: 102665036031459776 bcsId: 1428} | ret=SUCCESS |  
2019-08-23 07:08:53,292 | INFO  | DNAudit | user=null | ip=null | op=WRITE_CHUNK {blockData=conID: 2 locID: 102665036031459776 bcsId: 1428} | ret=SUCCESS |  
2019-08-23 07:08:53,293 | INFO  | DNAudit | user=null | ip=null | op=PUT_BLOCK {blockData=[blockId=conID: 2 locID: 102665036031459776 bcsId: 0,size=4194304]} | ret=SUCCESS |  
2019-08-23 07:08:53,293 | INFO  | DNAudit | user=null | ip=null | op=PUT_BLOCK {blockData=[blockId=conID: 2 locID: 102665036031459776 bcsId: 0,size=4194304]} | ret=SUCCESS |  
2019-08-23 07:08:53,293 [grpc-default-executor-4] INFO  client.GrpcClientProtocolClient (GrpcClientProtocolClient.java:onNext(255)) - client-D91E5D1E15CE->f2ba01fc-a63e-4348-bd18-030b60a135e7: receive RaftClientReply:client-D91E5D1E15CE->f2ba01fc-a63e-4348-bd18-030b60a135e7@group-C8C62FEF0626, cid=1052, SUCCESS, logIndex=0, commits[f2ba01fc-a63e-4348-bd18-030b60a135e7:c1434, eab135d4-a257-4705-b491-6c056b8c5df7:c1432, a4f67574-9018-43e7-8a54-351e98dc3d0a:c1432]
2019-08-23 07:08:53,300 | INFO  | DNAudit | user=null | ip=null | op=WRITE_CHUNK {blockData=conID: 3 locID: 102665036031459777 bcsId: 0} | ret=SUCCESS |  
2019-08-23 07:08:53,302 | INFO  | DNAudit | user=null | ip=null | op=WRITE_CHUNK {blockData=conID: 3 locID: 102665036031459777 bcsId: 0} | ret=SUCCESS |  
2019-08-23 07:08:53,302 | INFO  | DNAudit | user=null | ip=null | op=WRITE_CHUNK {blockData=conID: 3 locID: 102665036031459777 bcsId: 0} | ret=SUCCESS |  
2019-08-23 07:08:53,302 | INFO  | DNAudit | user=null | ip=null | op=WRITE_CHUNK {blockData=conID: 3 locID: 102665036031459777 bcsId: 0} | ret=SUCCESS |  
2019-08-23 07:08:53,304 | INFO  | DNAudit | user=null | ip=null | op=WRITE_CHUNK {blockData=conID: 3 locID: 102665036031459777 bcsId: 0} | ret=SUCCESS |  
2019-08-23 07:08:53,306 | INFO  | DNAudit | user=null | ip=null | op=WRITE_CHUNK {blockData=conID: 3 locID: 102665036031459777 bcsId: 0} | ret=SUCCESS |  
2019-08-23 07:08:53,312 | INFO  | DNAudit | user=null | ip=null | op=WRITE_CHUNK {blockData=conID: 3 locID: 102665036031459777 bcsId: 0} | ret=SUCCESS |  
2019-08-23 07:08:53,312 | INFO  | DNAudit | user=null | ip=null | op=PUT_BLOCK {blockData=[blockId=conID: 3 locID: 102665036031459777 bcsId: 0,size=1048576]} | ret=SUCCESS |  
2019-08-23 07:08:53,313 | INFO  | DNAudit | user=null | ip=null | op=WRITE_CHUNK {blockData=conID: 3 locID: 102665036031459777 bcsId: 0} | ret=SUCCESS |  
2019-08-23 07:08:53,313 [grpc-default-executor-6] INFO  client.GrpcClientProtocolClient (GrpcClientProtocolClient.java:onNext(255)) - client-D91E5D1E15CE->f2ba01fc-a63e-4348-bd18-030b60a135e7: receive RaftClientReply:client-D91E5D1E15CE->f2ba01fc-a63e-4348-bd18-030b60a135e7@group-C8C62FEF0626, cid=1053, SUCCESS, logIndex=1435, commits[f2ba01fc-a63e-4348-bd18-030b60a135e7:c1437, eab135d4-a257-4705-b491-6c056b8c5df7:c1434, a4f67574-9018-43e7-8a54-351e98dc3d0a:c1434]
2019-08-23 07:08:53,313 | INFO  | DNAudit | user=null | ip=null | op=PUT_BLOCK {blockData=[blockId=conID: 3 locID: 102665036031459777 bcsId: 0,size=2097152]} | ret=SUCCESS |  
2019-08-23 07:08:53,313 [grpc-default-executor-6] INFO  client.GrpcClientProtocolClient (GrpcClientProtocolClient.java:onNext(255)) - client-D91E5D1E15CE->f2ba01fc-a63e-4348-bd18-030b60a135e7: receive RaftClientReply:client-D91E5D1E15CE->f2ba01fc-a63e-4348-bd18-030b60a135e7@group-C8C62FEF0626, cid=1054, SUCCESS, logIndex=1436, commits[f2ba01fc-a63e-4348-bd18-030b60a135e7:c1438, eab135d4-a257-4705-b491-6c056b8c5df7:c1434, a4f67574-9018-43e7-8a54-351e98dc3d0a:c1434]
2019-08-23 07:08:53,313 [grpc-default-executor-6] INFO  client.GrpcClientProtocolClient (GrpcClientProtocolClient.java:onNext(255)) - client-D91E5D1E15CE->f2ba01fc-a63e-4348-bd18-030b60a135e7: receive RaftClientReply:client-D91E5D1E15CE->f2ba01fc-a63e-4348-bd18-030b60a135e7@group-C8C62FEF0626, cid=1055, SUCCESS, logIndex=1437, commits[f2ba01fc-a63e-4348-bd18-030b60a135e7:c1438, eab135d4-a257-4705-b491-6c056b8c5df7:c1434, a4f67574-9018-43e7-8a54-351e98dc3d0a:c1434]
2019-08-23 07:08:53,313 | INFO  | DNAudit | user=null | ip=null | op=WRITE_CHUNK {blockData=conID: 3 locID: 102665036031459777 bcsId: 0} | ret=SUCCESS |  
2019-08-23 07:08:53,314 | INFO  | DNAudit | user=null | ip=null | op=WRITE_CHUNK {blockData=conID: 3 locID: 102665036031459777 bcsId: 0} | ret=SUCCESS |  
2019-08-23 07:08:53,313 [grpc-default-executor-4] INFO  client.GrpcClientProtocolClient (GrpcClientProtocolClient.java:onNext(255)) - client-D91E5D1E15CE->f2ba01fc-a63e-4348-bd18-030b60a135e7: receive RaftClientReply:client-D91E5D1E15CE->f2ba01fc-a63e-4348-bd18-030b60a135e7@group-C8C62FEF0626, cid=1056, SUCCESS, logIndex=1438, commits[f2ba01fc-a63e-4348-bd18-030b60a135e7:c1438, eab135d4-a257-4705-b491-6c056b8c5df7:c1434, a4f67574-9018-43e7-8a54-351e98dc3d0a:c1434]
2019-08-23 07:08:53,315 | INFO  | DNAudit | user=null | ip=null | op=PUT_BLOCK {blockData=[blockId=conID: 3 locID: 102665036031459777 bcsId: 0,size=1048576]} | ret=SUCCESS |  
2019-08-23 07:08:53,315 | INFO  | DNAudit | user=null | ip=null | op=PUT_BLOCK {blockData=[blockId=conID: 3 locID: 102665036031459777 bcsId: 0,size=1048576]} | ret=SUCCESS |  
2019-08-23 07:08:53,315 | INFO  | DNAudit | user=null | ip=null | op=WRITE_CHUNK {blockData=conID: 3 locID: 102665036031459777 bcsId: 0} | ret=SUCCESS |  
2019-08-23 07:08:53,315 | INFO  | DNAudit | user=null | ip=null | op=WRITE_CHUNK {blockData=conID: 3 locID: 102665036031459777 bcsId: 0} | ret=SUCCESS |  
2019-08-23 07:08:53,315 | INFO  | DNAudit | user=null | ip=null | op=PUT_BLOCK {blockData=[blockId=conID: 3 locID: 102665036031459777 bcsId: 0,size=2097152]} | ret=SUCCESS |  
2019-08-23 07:08:53,315 | INFO  | DNAudit | user=null | ip=null | op=PUT_BLOCK {blockData=[blockId=conID: 3 locID: 102665036031459777 bcsId: 0,size=2097152]} | ret=SUCCESS |  
2019-08-23 07:08:53,315 [grpc-default-executor-4] INFO  client.GrpcClientProtocolClient (GrpcClientProtocolClient.java:onNext(255)) - client-D91E5D1E15CE->f2ba01fc-a63e-4348-bd18-030b60a135e7: receive RaftClientReply:client-D91E5D1E15CE->f2ba01fc-a63e-4348-bd18-030b60a135e7@group-C8C62FEF0626, cid=1057, SUCCESS, logIndex=0, commits[f2ba01fc-a63e-4348-bd18-030b60a135e7:c1440, eab135d4-a257-4705-b491-6c056b8c5df7:c1436, a4f67574-9018-43e7-8a54-351e98dc3d0a:c1436]
2019-08-23 07:08:53,322 | INFO  | DNAudit | user=null | ip=null | op=WRITE_CHUNK {blockData=conID: 3 locID: 102665036031459777 bcsId: 1438} | ret=SUCCESS |  
2019-08-23 07:08:53,324 | INFO  | DNAudit | user=null | ip=null | op=WRITE_CHUNK {blockData=conID: 3 locID: 102665036031459777 bcsId: 1438} | ret=SUCCESS |  
2019-08-23 07:08:53,324 | INFO  | DNAudit | user=null | ip=null | op=WRITE_CHUNK {blockData=conID: 3 locID: 102665036031459777 bcsId: 1438} | ret=SUCCESS |  
2019-08-23 07:08:53,334 | INFO  | DNAudit | user=null | ip=null | op=WRITE_CHUNK {blockData=conID: 3 locID: 102665036031459777 bcsId: 1438} | ret=SUCCESS |  
2019-08-23 07:08:53,334 | INFO  | DNAudit | user=null | ip=null | op=PUT_BLOCK {blockData=[blockId=conID: 3 locID: 102665036031459777 bcsId: 0,size=3145728]} | ret=SUCCESS |  
2019-08-23 07:08:53,334 [grpc-default-executor-3] INFO  client.GrpcClientProtocolClient (GrpcClientProtocolClient.java:onNext(255)) - client-D91E5D1E15CE->f2ba01fc-a63e-4348-bd18-030b60a135e7: receive RaftClientReply:client-D91E5D1E15CE->f2ba01fc-a63e-4348-bd18-030b60a135e7@group-C8C62FEF0626, cid=1058, SUCCESS, logIndex=1443, commits[f2ba01fc-a63e-4348-bd18-030b60a135e7:c1444, eab135d4-a257-4705-b491-6c056b8c5df7:c1442, a4f67574-9018-43e7-8a54-351e98dc3d0a:c1442]
2019-08-23 07:08:53,335 [grpc-default-executor-3] INFO  client.GrpcClientProtocolClient (GrpcClientProtocolClient.java:onNext(255)) - client-D91E5D1E15CE->f2ba01fc-a63e-4348-bd18-030b60a135e7: receive RaftClientReply:client-D91E5D1E15CE->f2ba01fc-a63e-4348-bd18-030b60a135e7@group-C8C62FEF0626, cid=1059, SUCCESS, logIndex=1444, commits[f2ba01fc-a63e-4348-bd18-030b60a135e7:c1444, eab135d4-a257-4705-b491-6c056b8c5df7:c1442, a4f67574-9018-43e7-8a54-351e98dc3d0a:c1442]
2019-08-23 07:08:53,456 | INFO  | DNAudit | user=null | ip=null | op=WRITE_CHUNK {blockData=conID: 3 locID: 102665036031459777 bcsId: 1438} | ret=SUCCESS |  
2019-08-23 07:08:53,456 | INFO  | DNAudit | user=null | ip=null | op=WRITE_CHUNK {blockData=conID: 3 locID: 102665036031459777 bcsId: 1438} | ret=SUCCESS |  
2019-08-23 07:08:53,459 | INFO  | DNAudit | user=null | ip=null | op=WRITE_CHUNK {blockData=conID: 3 locID: 102665036031459777 bcsId: 1444} | ret=SUCCESS |  
2019-08-23 07:08:53,463 | INFO  | DNAudit | user=null | ip=null | op=WRITE_CHUNK {blockData=conID: 3 locID: 102665036031459777 bcsId: 1444} | ret=SUCCESS |  
2019-08-23 07:08:53,467 | INFO  | DNAudit | user=null | ip=null | op=WRITE_CHUNK {blockData=conID: 3 locID: 102665036031459777 bcsId: 1444} | ret=SUCCESS |  
2019-08-23 07:08:53,479 | INFO  | DNAudit | user=null | ip=null | op=PUT_BLOCK {blockData=[blockId=conID: 3 locID: 102665036031459777 bcsId: 0,size=3145728]} | ret=SUCCESS |  
2019-08-23 07:08:53,479 | INFO  | DNAudit | user=null | ip=null | op=PUT_BLOCK {blockData=[blockId=conID: 3 locID: 102665036031459777 bcsId: 0,size=3145728]} | ret=SUCCESS |  
2019-08-23 07:08:53,481 | INFO  | DNAudit | user=null | ip=null | op=WRITE_CHUNK {blockData=conID: 3 locID: 102665036031459777 bcsId: 1444} | ret=SUCCESS |  
2019-08-23 07:08:53,481 | INFO  | DNAudit | user=null | ip=null | op=PUT_BLOCK {blockData=[blockId=conID: 3 locID: 102665036031459777 bcsId: 0,size=4194304]} | ret=SUCCESS |  
2019-08-23 07:08:53,481 [grpc-default-executor-4] INFO  client.GrpcClientProtocolClient (GrpcClientProtocolClient.java:onNext(255)) - client-D91E5D1E15CE->f2ba01fc-a63e-4348-bd18-030b60a135e7: receive RaftClientReply:client-D91E5D1E15CE->f2ba01fc-a63e-4348-bd18-030b60a135e7@group-C8C62FEF0626, cid=1060, SUCCESS, logIndex=1447, commits[f2ba01fc-a63e-4348-bd18-030b60a135e7:c1448, eab135d4-a257-4705-b491-6c056b8c5df7:c1445, a4f67574-9018-43e7-8a54-351e98dc3d0a:c1445]
2019-08-23 07:08:53,482 | INFO  | DNAudit | user=null | ip=null | op=WRITE_CHUNK {blockData=conID: 3 locID: 102665036031459777 bcsId: 1444} | ret=SUCCESS |  
2019-08-23 07:08:53,482 [grpc-default-executor-2] INFO  client.GrpcClientProtocolClient (GrpcClientProtocolClient.java:onNext(255)) - client-D91E5D1E15CE->f2ba01fc-a63e-4348-bd18-030b60a135e7: receive RaftClientReply:client-D91E5D1E15CE->f2ba01fc-a63e-4348-bd18-030b60a135e7@group-C8C62FEF0626, cid=1061, SUCCESS, logIndex=1448, commits[f2ba01fc-a63e-4348-bd18-030b60a135e7:c1448, eab135d4-a257-4705-b491-6c056b8c5df7:c1445, a4f67574-9018-43e7-8a54-351e98dc3d0a:c1445]
2019-08-23 07:08:53,483 | INFO  | DNAudit | user=null | ip=null | op=WRITE_CHUNK {blockData=conID: 3 locID: 102665036031459777 bcsId: 1444} | ret=SUCCESS |  
2019-08-23 07:08:53,483 | INFO  | DNAudit | user=null | ip=null | op=PUT_BLOCK {blockData=[blockId=conID: 3 locID: 102665036031459777 bcsId: 0,size=4194304]} | ret=SUCCESS |  
2019-08-23 07:08:53,484 | INFO  | DNAudit | user=null | ip=null | op=PUT_BLOCK {blockData=[blockId=conID: 3 locID: 102665036031459777 bcsId: 0,size=4194304]} | ret=SUCCESS |  
2019-08-23 07:08:53,485 [grpc-default-executor-4] INFO  client.GrpcClientProtocolClient (GrpcClientProtocolClient.java:onNext(255)) - client-D91E5D1E15CE->f2ba01fc-a63e-4348-bd18-030b60a135e7: receive RaftClientReply:client-D91E5D1E15CE->f2ba01fc-a63e-4348-bd18-030b60a135e7@group-C8C62FEF0626, cid=1062, SUCCESS, logIndex=0, commits[f2ba01fc-a63e-4348-bd18-030b60a135e7:c1450, eab135d4-a257-4705-b491-6c056b8c5df7:c1448, a4f67574-9018-43e7-8a54-351e98dc3d0a:c1448]
2019-08-23 07:08:53,495 | INFO  | DNAudit | user=null | ip=null | op=WRITE_CHUNK {blockData=conID: 1 locID: 102665036031525314 bcsId: 0} | ret=SUCCESS |  
2019-08-23 07:08:53,497 | INFO  | DNAudit | user=null | ip=null | op=WRITE_CHUNK {blockData=conID: 1 locID: 102665036031525314 bcsId: 0} | ret=SUCCESS |  
2019-08-23 07:08:53,498 | INFO  | DNAudit | user=null | ip=null | op=WRITE_CHUNK {blockData=conID: 1 locID: 102665036031525314 bcsId: 0} | ret=SUCCESS |  
2019-08-23 07:08:53,499 | INFO  | DNAudit | user=null | ip=null | op=WRITE_CHUNK {blockData=conID: 1 locID: 102665036031525314 bcsId: 0} | ret=SUCCESS |  
2019-08-23 07:08:53,500 | INFO  | DNAudit | user=null | ip=null | op=WRITE_CHUNK {blockData=conID: 1 locID: 102665036031525314 bcsId: 0} | ret=SUCCESS |  
2019-08-23 07:08:53,501 | INFO  | DNAudit | user=null | ip=null | op=WRITE_CHUNK {blockData=conID: 1 locID: 102665036031525314 bcsId: 0} | ret=SUCCESS |  
2019-08-23 07:08:53,503 | INFO  | SCMAudit | user=jenkins1000 | ip=192.168.5.178 | op=SEND_HEARTBEAT {datanodeUUID=eab135d4-a257-4705-b491-6c056b8c5df7, command=[]} | ret=SUCCESS |  
2019-08-23 07:08:53,504 | INFO  | SCMAudit | user=jenkins1000 | ip=192.168.5.178 | op=SEND_HEARTBEAT {datanodeUUID=a4f67574-9018-43e7-8a54-351e98dc3d0a, command=[]} | ret=SUCCESS |  
2019-08-23 07:08:53,504 | INFO  | SCMAudit | user=jenkins1000 | ip=192.168.5.178 | op=SEND_HEARTBEAT {datanodeUUID=f2ba01fc-a63e-4348-bd18-030b60a135e7, command=[]} | ret=SUCCESS |  
2019-08-23 07:08:53,508 | INFO  | DNAudit | user=null | ip=null | op=WRITE_CHUNK {blockData=conID: 1 locID: 102665036031525314 bcsId: 0} | ret=SUCCESS |  
2019-08-23 07:08:53,509 | INFO  | DNAudit | user=null | ip=null | op=PUT_BLOCK {blockData=[blockId=conID: 1 locID: 102665036031525314 bcsId: 0,size=1048576]} | ret=SUCCESS |  
2019-08-23 07:08:53,509 [grpc-default-executor-4] INFO  client.GrpcClientProtocolClient (GrpcClientProtocolClient.java:onNext(255)) - client-D91E5D1E15CE->f2ba01fc-a63e-4348-bd18-030b60a135e7: receive RaftClientReply:client-D91E5D1E15CE->f2ba01fc-a63e-4348-bd18-030b60a135e7@group-C8C62FEF0626, cid=1063, SUCCESS, logIndex=1451, commits[f2ba01fc-a63e-4348-bd18-030b60a135e7:c1452, eab135d4-a257-4705-b491-6c056b8c5df7:c1450, a4f67574-9018-43e7-8a54-351e98dc3d0a:c1450]
2019-08-23 07:08:53,509 | INFO  | DNAudit | user=null | ip=null | op=WRITE_CHUNK {blockData=conID: 1 locID: 102665036031525314 bcsId: 0} | ret=SUCCESS |  
2019-08-23 07:08:53,510 | INFO  | DNAudit | user=null | ip=null | op=WRITE_CHUNK {blockData=conID: 1 locID: 102665036031525314 bcsId: 0} | ret=SUCCESS |  
2019-08-23 07:08:53,510 | INFO  | DNAudit | user=null | ip=null | op=PUT_BLOCK {blockData=[blockId=conID: 1 locID: 102665036031525314 bcsId: 0,size=2097152]} | ret=SUCCESS |  
2019-08-23 07:08:53,510 [grpc-default-executor-4] INFO  client.GrpcClientProtocolClient (GrpcClientProtocolClient.java:onNext(255)) - client-D91E5D1E15CE->f2ba01fc-a63e-4348-bd18-030b60a135e7: receive RaftClientReply:client-D91E5D1E15CE->f2ba01fc-a63e-4348-bd18-030b60a135e7@group-C8C62FEF0626, cid=1064, SUCCESS, logIndex=1452, commits[f2ba01fc-a63e-4348-bd18-030b60a135e7:c1454, eab135d4-a257-4705-b491-6c056b8c5df7:c1450, a4f67574-9018-43e7-8a54-351e98dc3d0a:c1450]
2019-08-23 07:08:53,510 | INFO  | DNAudit | user=null | ip=null | op=PUT_BLOCK {blockData=[blockId=conID: 1 locID: 102665036031525314 bcsId: 0,size=1048576]} | ret=SUCCESS |  
2019-08-23 07:08:53,510 [grpc-default-executor-4] INFO  client.GrpcClientProtocolClient (GrpcClientProtocolClient.java:onNext(255)) - client-D91E5D1E15CE->f2ba01fc-a63e-4348-bd18-030b60a135e7: receive RaftClientReply:client-D91E5D1E15CE->f2ba01fc-a63e-4348-bd18-030b60a135e7@group-C8C62FEF0626, cid=1065, SUCCESS, logIndex=1453, commits[f2ba01fc-a63e-4348-bd18-030b60a135e7:c1454, eab135d4-a257-4705-b491-6c056b8c5df7:c1450, a4f67574-9018-43e7-8a54-351e98dc3d0a:c1450]
2019-08-23 07:08:53,511 | INFO  | DNAudit | user=null | ip=null | op=WRITE_CHUNK {blockData=conID: 1 locID: 102665036031525314 bcsId: 0} | ret=SUCCESS |  
2019-08-23 07:08:53,510 [grpc-default-executor-4] INFO  client.GrpcClientProtocolClient (GrpcClientProtocolClient.java:onNext(255)) - client-D91E5D1E15CE->f2ba01fc-a63e-4348-bd18-030b60a135e7: receive RaftClientReply:client-D91E5D1E15CE->f2ba01fc-a63e-4348-bd18-030b60a135e7@group-C8C62FEF0626, cid=1066, SUCCESS, logIndex=1454, commits[f2ba01fc-a63e-4348-bd18-030b60a135e7:c1456, eab135d4-a257-4705-b491-6c056b8c5df7:c1452, a4f67574-9018-43e7-8a54-351e98dc3d0a:c1450]
2019-08-23 07:08:53,511 | INFO  | DNAudit | user=null | ip=null | op=WRITE_CHUNK {blockData=conID: 1 locID: 102665036031525314 bcsId: 0} | ret=SUCCESS |  
2019-08-23 07:08:53,511 | INFO  | DNAudit | user=null | ip=null | op=PUT_BLOCK {blockData=[blockId=conID: 1 locID: 102665036031525314 bcsId: 0,size=1048576]} | ret=SUCCESS |  
2019-08-23 07:08:53,511 | INFO  | DNAudit | user=null | ip=null | op=PUT_BLOCK {blockData=[blockId=conID: 1 locID: 102665036031525314 bcsId: 0,size=2097152]} | ret=SUCCESS |  
2019-08-23 07:08:53,511 [grpc-default-executor-4] INFO  client.GrpcClientProtocolClient (GrpcClientProtocolClient.java:onNext(255)) - client-D91E5D1E15CE->f2ba01fc-a63e-4348-bd18-030b60a135e7: receive RaftClientReply:client-D91E5D1E15CE->f2ba01fc-a63e-4348-bd18-030b60a135e7@group-C8C62FEF0626, cid=1067, SUCCESS, logIndex=0, commits[f2ba01fc-a63e-4348-bd18-030b60a135e7:c1456, eab135d4-a257-4705-b491-6c056b8c5df7:c1454, a4f67574-9018-43e7-8a54-351e98dc3d0a:c1452]
2019-08-23 07:08:53,513 | INFO  | DNAudit | user=null | ip=null | op=WRITE_CHUNK {blockData=conID: 1 locID: 102665036031525314 bcsId: 0} | ret=SUCCESS |  
2019-08-23 07:08:53,513 | INFO  | DNAudit | user=null | ip=null | op=PUT_BLOCK {blockData=[blockId=conID: 1 locID: 102665036031525314 bcsId: 0,size=2097152]} | ret=SUCCESS |  
2019-08-23 07:08:53,518 | INFO  | DNAudit | user=null | ip=null | op=WRITE_CHUNK {blockData=conID: 1 locID: 102665036031525314 bcsId: 1454} | ret=SUCCESS |  
2019-08-23 07:08:53,520 | INFO  | DNAudit | user=null | ip=null | op=WRITE_CHUNK {blockData=conID: 1 locID: 102665036031525314 bcsId: 1454} | ret=SUCCESS |  
2019-08-23 07:08:53,521 | INFO  | DNAudit | user=null | ip=null | op=WRITE_CHUNK {blockData=conID: 1 locID: 102665036031525314 bcsId: 1454} | ret=SUCCESS |  
2019-08-23 07:08:53,531 | INFO  | DNAudit | user=null | ip=null | op=WRITE_CHUNK {blockData=conID: 1 locID: 102665036031525314 bcsId: 1454} | ret=SUCCESS |  
2019-08-23 07:08:53,532 | INFO  | DNAudit | user=null | ip=null | op=PUT_BLOCK {blockData=[blockId=conID: 1 locID: 102665036031525314 bcsId: 0,size=3145728]} | ret=SUCCESS |  
2019-08-23 07:08:53,532 [grpc-default-executor-3] INFO  client.GrpcClientProtocolClient (GrpcClientProtocolClient.java:onNext(255)) - client-D91E5D1E15CE->f2ba01fc-a63e-4348-bd18-030b60a135e7: receive RaftClientReply:client-D91E5D1E15CE->f2ba01fc-a63e-4348-bd18-030b60a135e7@group-C8C62FEF0626, cid=1068, SUCCESS, logIndex=1458, commits[f2ba01fc-a63e-4348-bd18-030b60a135e7:c1459, eab135d4-a257-4705-b491-6c056b8c5df7:c1457, a4f67574-9018-43e7-8a54-351e98dc3d0a:c1457]
2019-08-23 07:08:53,532 [grpc-default-executor-3] INFO  client.GrpcClientProtocolClient (GrpcClientProtocolClient.java:onNext(255)) - client-D91E5D1E15CE->f2ba01fc-a63e-4348-bd18-030b60a135e7: receive RaftClientReply:client-D91E5D1E15CE->f2ba01fc-a63e-4348-bd18-030b60a135e7@group-C8C62FEF0626, cid=1069, SUCCESS, logIndex=1459, commits[f2ba01fc-a63e-4348-bd18-030b60a135e7:c1459, eab135d4-a257-4705-b491-6c056b8c5df7:c1457, a4f67574-9018-43e7-8a54-351e98dc3d0a:c1457]
2019-08-23 07:08:53,540 | INFO  | DNAudit | user=null | ip=null | op=WRITE_CHUNK {blockData=conID: 1 locID: 102665036031525314 bcsId: 1459} | ret=SUCCESS |  
2019-08-23 07:08:53,542 | INFO  | DNAudit | user=null | ip=null | op=WRITE_CHUNK {blockData=conID: 1 locID: 102665036031525314 bcsId: 1459} | ret=SUCCESS |  
2019-08-23 07:08:53,542 | INFO  | DNAudit | user=null | ip=null | op=WRITE_CHUNK {blockData=conID: 1 locID: 102665036031525314 bcsId: 1459} | ret=SUCCESS |  
2019-08-23 07:08:53,542 | INFO  | DNAudit | user=null | ip=null | op=WRITE_CHUNK {blockData=conID: 1 locID: 102665036031525314 bcsId: 1454} | ret=SUCCESS |  
2019-08-23 07:08:53,543 | INFO  | DNAudit | user=null | ip=null | op=WRITE_CHUNK {blockData=conID: 1 locID: 102665036031525314 bcsId: 1454} | ret=SUCCESS |  
2019-08-23 07:08:53,544 | INFO  | DNAudit | user=null | ip=null | op=PUT_BLOCK {blockData=[blockId=conID: 1 locID: 102665036031525314 bcsId: 0,size=3145728]} | ret=SUCCESS |  
2019-08-23 07:08:53,544 | INFO  | DNAudit | user=null | ip=null | op=PUT_BLOCK {blockData=[blockId=conID: 1 locID: 102665036031525314 bcsId: 0,size=3145728]} | ret=SUCCESS |  
2019-08-23 07:08:53,545 | INFO  | DNAudit | user=null | ip=null | op=WRITE_CHUNK {blockData=conID: 1 locID: 102665036031525314 bcsId: 1459} | ret=SUCCESS |  
2019-08-23 07:08:53,545 | INFO  | DNAudit | user=null | ip=null | op=PUT_BLOCK {blockData=[blockId=conID: 1 locID: 102665036031525314 bcsId: 0,size=4194304]} | ret=SUCCESS |  
2019-08-23 07:08:53,545 [grpc-default-executor-3] INFO  client.GrpcClientProtocolClient (GrpcClientProtocolClient.java:onNext(255)) - client-D91E5D1E15CE->f2ba01fc-a63e-4348-bd18-030b60a135e7: receive RaftClientReply:client-D91E5D1E15CE->f2ba01fc-a63e-4348-bd18-030b60a135e7@group-C8C62FEF0626, cid=1070, SUCCESS, logIndex=1462, commits[f2ba01fc-a63e-4348-bd18-030b60a135e7:c1463, eab135d4-a257-4705-b491-6c056b8c5df7:c1459, a4f67574-9018-43e7-8a54-351e98dc3d0a:c1459]
2019-08-23 07:08:53,546 [grpc-default-executor-3] INFO  client.GrpcClientProtocolClient (GrpcClientProtocolClient.java:onNext(255)) - client-D91E5D1E15CE->f2ba01fc-a63e-4348-bd18-030b60a135e7: receive RaftClientReply:client-D91E5D1E15CE->f2ba01fc-a63e-4348-bd18-030b60a135e7@group-C8C62FEF0626, cid=1071, SUCCESS, logIndex=1463, commits[f2ba01fc-a63e-4348-bd18-030b60a135e7:c1463, eab135d4-a257-4705-b491-6c056b8c5df7:c1459, a4f67574-9018-43e7-8a54-351e98dc3d0a:c1459]
2019-08-23 07:08:53,556 | INFO  | DNAudit | user=null | ip=null | op=WRITE_CHUNK {blockData=conID: 1 locID: 102665036031525314 bcsId: 1459} | ret=SUCCESS |  
2019-08-23 07:08:53,557 | INFO  | DNAudit | user=null | ip=null | op=WRITE_CHUNK {blockData=conID: 1 locID: 102665036031525314 bcsId: 1459} | ret=SUCCESS |  
2019-08-23 07:08:53,558 | INFO  | DNAudit | user=null | ip=null | op=PUT_BLOCK {blockData=[blockId=conID: 1 locID: 102665036031525314 bcsId: 0,size=4194304]} | ret=SUCCESS |  
2019-08-23 07:08:53,558 | INFO  | DNAudit | user=null | ip=null | op=PUT_BLOCK {blockData=[blockId=conID: 1 locID: 102665036031525314 bcsId: 0,size=4194304]} | ret=SUCCESS |  
2019-08-23 07:08:53,559 [grpc-default-executor-3] INFO  client.GrpcClientProtocolClient (GrpcClientProtocolClient.java:onNext(255)) - client-D91E5D1E15CE->f2ba01fc-a63e-4348-bd18-030b60a135e7: receive RaftClientReply:client-D91E5D1E15CE->f2ba01fc-a63e-4348-bd18-030b60a135e7@group-C8C62FEF0626, cid=1072, SUCCESS, logIndex=0, commits[f2ba01fc-a63e-4348-bd18-030b60a135e7:c1465, eab135d4-a257-4705-b491-6c056b8c5df7:c1463, a4f67574-9018-43e7-8a54-351e98dc3d0a:c1463]
2019-08-23 07:08:53,566 | INFO  | DNAudit | user=null | ip=null | op=WRITE_CHUNK {blockData=conID: 2 locID: 102665036031525315 bcsId: 0} | ret=SUCCESS |  
2019-08-23 07:08:53,569 | INFO  | DNAudit | user=null | ip=null | op=WRITE_CHUNK {blockData=conID: 2 locID: 102665036031525315 bcsId: 0} | ret=SUCCESS |  
2019-08-23 07:08:53,570 | INFO  | DNAudit | user=null | ip=null | op=WRITE_CHUNK {blockData=conID: 2 locID: 102665036031525315 bcsId: 0} | ret=SUCCESS |  
2019-08-23 07:08:53,571 | INFO  | DNAudit | user=null | ip=null | op=WRITE_CHUNK {blockData=conID: 2 locID: 102665036031525315 bcsId: 0} | ret=SUCCESS |  
2019-08-23 07:08:53,572 | INFO  | DNAudit | user=null | ip=null | op=WRITE_CHUNK {blockData=conID: 2 locID: 102665036031525315 bcsId: 0} | ret=SUCCESS |  
2019-08-23 07:08:53,574 | INFO  | DNAudit | user=null | ip=null | op=WRITE_CHUNK {blockData=conID: 2 locID: 102665036031525315 bcsId: 0} | ret=SUCCESS |  
2019-08-23 07:08:53,579 | INFO  | DNAudit | user=null | ip=null | op=WRITE_CHUNK {blockData=conID: 2 locID: 102665036031525315 bcsId: 0} | ret=SUCCESS |  
2019-08-23 07:08:53,580 | INFO  | DNAudit | user=null | ip=null | op=PUT_BLOCK {blockData=[blockId=conID: 2 locID: 102665036031525315 bcsId: 0,size=1048576]} | ret=SUCCESS |  
2019-08-23 07:08:53,580 [grpc-default-executor-2] INFO  client.GrpcClientProtocolClient (GrpcClientProtocolClient.java:onNext(255)) - client-D91E5D1E15CE->f2ba01fc-a63e-4348-bd18-030b60a135e7: receive RaftClientReply:client-D91E5D1E15CE->f2ba01fc-a63e-4348-bd18-030b60a135e7@group-C8C62FEF0626, cid=1073, SUCCESS, logIndex=1466, commits[f2ba01fc-a63e-4348-bd18-030b60a135e7:c1467, eab135d4-a257-4705-b491-6c056b8c5df7:c1465, a4f67574-9018-43e7-8a54-351e98dc3d0a:c1465]
2019-08-23 07:08:53,580 | INFO  | DNAudit | user=null | ip=null | op=WRITE_CHUNK {blockData=conID: 2 locID: 102665036031525315 bcsId: 0} | ret=SUCCESS |  
2019-08-23 07:08:53,580 [grpc-default-executor-2] INFO  client.GrpcClientProtocolClient (GrpcClientProtocolClient.java:onNext(255)) - client-D91E5D1E15CE->f2ba01fc-a63e-4348-bd18-030b60a135e7: receive RaftClientReply:client-D91E5D1E15CE->f2ba01fc-a63e-4348-bd18-030b60a135e7@group-C8C62FEF0626, cid=1074, SUCCESS, logIndex=1467, commits[f2ba01fc-a63e-4348-bd18-030b60a135e7:c1469, eab135d4-a257-4705-b491-6c056b8c5df7:c1465, a4f67574-9018-43e7-8a54-351e98dc3d0a:c1465]
2019-08-23 07:08:53,581 | INFO  | DNAudit | user=null | ip=null | op=PUT_BLOCK {blockData=[blockId=conID: 2 locID: 102665036031525315 bcsId: 0,size=2097152]} | ret=SUCCESS |  
2019-08-23 07:08:53,581 | INFO  | DNAudit | user=null | ip=null | op=WRITE_CHUNK {blockData=conID: 2 locID: 102665036031525315 bcsId: 0} | ret=SUCCESS |  
2019-08-23 07:08:53,581 [grpc-default-executor-2] INFO  client.GrpcClientProtocolClient (GrpcClientProtocolClient.java:onNext(255)) - client-D91E5D1E15CE->f2ba01fc-a63e-4348-bd18-030b60a135e7: receive RaftClientReply:client-D91E5D1E15CE->f2ba01fc-a63e-4348-bd18-030b60a135e7@group-C8C62FEF0626, cid=1075, SUCCESS, logIndex=1468, commits[f2ba01fc-a63e-4348-bd18-030b60a135e7:c1469, eab135d4-a257-4705-b491-6c056b8c5df7:c1465, a4f67574-9018-43e7-8a54-351e98dc3d0a:c1465]
2019-08-23 07:08:53,581 | INFO  | DNAudit | user=null | ip=null | op=WRITE_CHUNK {blockData=conID: 2 locID: 102665036031525315 bcsId: 0} | ret=SUCCESS |  
2019-08-23 07:08:53,581 [grpc-default-executor-2] INFO  client.GrpcClientProtocolClient (GrpcClientProtocolClient.java:onNext(255)) - client-D91E5D1E15CE->f2ba01fc-a63e-4348-bd18-030b60a135e7: receive RaftClientReply:client-D91E5D1E15CE->f2ba01fc-a63e-4348-bd18-030b60a135e7@group-C8C62FEF0626, cid=1076, SUCCESS, logIndex=1469, commits[f2ba01fc-a63e-4348-bd18-030b60a135e7:c1469, eab135d4-a257-4705-b491-6c056b8c5df7:c1465, a4f67574-9018-43e7-8a54-351e98dc3d0a:c1465]
2019-08-23 07:08:53,581 | INFO  | DNAudit | user=null | ip=null | op=PUT_BLOCK {blockData=[blockId=conID: 2 locID: 102665036031525315 bcsId: 0,size=1048576]} | ret=SUCCESS |  
2019-08-23 07:08:53,582 | INFO  | DNAudit | user=null | ip=null | op=WRITE_CHUNK {blockData=conID: 2 locID: 102665036031525315 bcsId: 0} | ret=SUCCESS |  
2019-08-23 07:08:53,582 | INFO  | DNAudit | user=null | ip=null | op=PUT_BLOCK {blockData=[blockId=conID: 2 locID: 102665036031525315 bcsId: 0,size=1048576]} | ret=SUCCESS |  
2019-08-23 07:08:53,582 | INFO  | DNAudit | user=null | ip=null | op=WRITE_CHUNK {blockData=conID: 2 locID: 102665036031525315 bcsId: 0} | ret=SUCCESS |  
2019-08-23 07:08:53,583 | INFO  | DNAudit | user=null | ip=null | op=PUT_BLOCK {blockData=[blockId=conID: 2 locID: 102665036031525315 bcsId: 0,size=2097152]} | ret=SUCCESS |  
2019-08-23 07:08:53,583 [grpc-default-executor-2] INFO  client.GrpcClientProtocolClient (GrpcClientProtocolClient.java:onNext(255)) - client-D91E5D1E15CE->f2ba01fc-a63e-4348-bd18-030b60a135e7: receive RaftClientReply:client-D91E5D1E15CE->f2ba01fc-a63e-4348-bd18-030b60a135e7@group-C8C62FEF0626, cid=1077, SUCCESS, logIndex=0, commits[f2ba01fc-a63e-4348-bd18-030b60a135e7:c1472, eab135d4-a257-4705-b491-6c056b8c5df7:c1468, a4f67574-9018-43e7-8a54-351e98dc3d0a:c1467]
2019-08-23 07:08:53,583 | INFO  | DNAudit | user=null | ip=null | op=PUT_BLOCK {blockData=[blockId=conID: 2 locID: 102665036031525315 bcsId: 0,size=2097152]} | ret=SUCCESS |  
2019-08-23 07:08:53,589 | INFO  | DNAudit | user=null | ip=null | op=WRITE_CHUNK {blockData=conID: 2 locID: 102665036031525315 bcsId: 1469} | ret=SUCCESS |  
2019-08-23 07:08:53,592 | INFO  | DNAudit | user=null | ip=null | op=WRITE_CHUNK {blockData=conID: 2 locID: 102665036031525315 bcsId: 1469} | ret=SUCCESS |  
2019-08-23 07:08:53,592 | INFO  | DNAudit | user=null | ip=null | op=WRITE_CHUNK {blockData=conID: 2 locID: 102665036031525315 bcsId: 1469} | ret=SUCCESS |  
2019-08-23 07:08:53,602 | INFO  | DNAudit | user=null | ip=null | op=WRITE_CHUNK {blockData=conID: 2 locID: 102665036031525315 bcsId: 1469} | ret=SUCCESS |  
2019-08-23 07:08:53,602 | INFO  | DNAudit | user=null | ip=null | op=PUT_BLOCK {blockData=[blockId=conID: 2 locID: 102665036031525315 bcsId: 0,size=3145728]} | ret=SUCCESS |  
2019-08-23 07:08:53,602 [grpc-default-executor-4] INFO  client.GrpcClientProtocolClient (GrpcClientProtocolClient.java:onNext(255)) - client-D91E5D1E15CE->f2ba01fc-a63e-4348-bd18-030b60a135e7: receive RaftClientReply:client-D91E5D1E15CE->f2ba01fc-a63e-4348-bd18-030b60a135e7@group-C8C62FEF0626, cid=1078, SUCCESS, logIndex=1474, commits[f2ba01fc-a63e-4348-bd18-030b60a135e7:c1475, eab135d4-a257-4705-b491-6c056b8c5df7:c1473, a4f67574-9018-43e7-8a54-351e98dc3d0a:c1473]
2019-08-23 07:08:53,603 [grpc-default-executor-4] INFO  client.GrpcClientProtocolClient (GrpcClientProtocolClient.java:onNext(255)) - client-D91E5D1E15CE->f2ba01fc-a63e-4348-bd18-030b60a135e7: receive RaftClientReply:client-D91E5D1E15CE->f2ba01fc-a63e-4348-bd18-030b60a135e7@group-C8C62FEF0626, cid=1079, SUCCESS, logIndex=1475, commits[f2ba01fc-a63e-4348-bd18-030b60a135e7:c1475, eab135d4-a257-4705-b491-6c056b8c5df7:c1473, a4f67574-9018-43e7-8a54-351e98dc3d0a:c1473]
2019-08-23 07:08:53,610 | INFO  | DNAudit | user=null | ip=null | op=WRITE_CHUNK {blockData=conID: 2 locID: 102665036031525315 bcsId: 1475} | ret=SUCCESS |  
2019-08-23 07:08:53,612 | INFO  | DNAudit | user=null | ip=null | op=WRITE_CHUNK {blockData=conID: 2 locID: 102665036031525315 bcsId: 1475} | ret=SUCCESS |  
2019-08-23 07:08:53,613 | INFO  | DNAudit | user=null | ip=null | op=WRITE_CHUNK {blockData=conID: 2 locID: 102665036031525315 bcsId: 1475} | ret=SUCCESS |  
2019-08-23 07:08:53,613 | INFO  | DNAudit | user=null | ip=null | op=WRITE_CHUNK {blockData=conID: 2 locID: 102665036031525315 bcsId: 1469} | ret=SUCCESS |  
2019-08-23 07:08:53,613 | INFO  | DNAudit | user=null | ip=null | op=WRITE_CHUNK {blockData=conID: 2 locID: 102665036031525315 bcsId: 1469} | ret=SUCCESS |  
2019-08-23 07:08:53,614 | INFO  | DNAudit | user=null | ip=null | op=PUT_BLOCK {blockData=[blockId=conID: 2 locID: 102665036031525315 bcsId: 0,size=3145728]} | ret=SUCCESS |  
2019-08-23 07:08:53,615 | INFO  | DNAudit | user=null | ip=null | op=WRITE_CHUNK {blockData=conID: 2 locID: 102665036031525315 bcsId: 1475} | ret=SUCCESS |  
2019-08-23 07:08:53,615 | INFO  | DNAudit | user=null | ip=null | op=PUT_BLOCK {blockData=[blockId=conID: 2 locID: 102665036031525315 bcsId: 0,size=3145728]} | ret=SUCCESS |  
2019-08-23 07:08:53,615 | INFO  | DNAudit | user=null | ip=null | op=PUT_BLOCK {blockData=[blockId=conID: 2 locID: 102665036031525315 bcsId: 0,size=4194304]} | ret=SUCCESS |  
2019-08-23 07:08:53,615 [grpc-default-executor-4] INFO  client.GrpcClientProtocolClient (GrpcClientProtocolClient.java:onNext(255)) - client-D91E5D1E15CE->f2ba01fc-a63e-4348-bd18-030b60a135e7: receive RaftClientReply:client-D91E5D1E15CE->f2ba01fc-a63e-4348-bd18-030b60a135e7@group-C8C62FEF0626, cid=1080, SUCCESS, logIndex=1478, commits[f2ba01fc-a63e-4348-bd18-030b60a135e7:c1479, eab135d4-a257-4705-b491-6c056b8c5df7:c1475, a4f67574-9018-43e7-8a54-351e98dc3d0a:c1474]
2019-08-23 07:08:53,616 [grpc-default-executor-4] INFO  client.GrpcClientProtocolClient (GrpcClientProtocolClient.java:onNext(255)) - client-D91E5D1E15CE->f2ba01fc-a63e-4348-bd18-030b60a135e7: receive RaftClientReply:client-D91E5D1E15CE->f2ba01fc-a63e-4348-bd18-030b60a135e7@group-C8C62FEF0626, cid=1081, SUCCESS, logIndex=1479, commits[f2ba01fc-a63e-4348-bd18-030b60a135e7:c1479, eab135d4-a257-4705-b491-6c056b8c5df7:c1475, a4f67574-9018-43e7-8a54-351e98dc3d0a:c1475]
2019-08-23 07:08:53,616 | INFO  | DNAudit | user=null | ip=null | op=WRITE_CHUNK {blockData=conID: 2 locID: 102665036031525315 bcsId: 1475} | ret=SUCCESS |  
2019-08-23 07:08:53,617 | INFO  | DNAudit | user=null | ip=null | op=WRITE_CHUNK {blockData=conID: 2 locID: 102665036031525315 bcsId: 1475} | ret=SUCCESS |  
2019-08-23 07:08:53,617 | INFO  | DNAudit | user=null | ip=null | op=PUT_BLOCK {blockData=[blockId=conID: 2 locID: 102665036031525315 bcsId: 0,size=4194304]} | ret=SUCCESS |  
2019-08-23 07:08:53,618 | INFO  | DNAudit | user=null | ip=null | op=PUT_BLOCK {blockData=[blockId=conID: 2 locID: 102665036031525315 bcsId: 0,size=4194304]} | ret=SUCCESS |  
2019-08-23 07:08:53,618 [grpc-default-executor-3] INFO  client.GrpcClientProtocolClient (GrpcClientProtocolClient.java:onNext(255)) - client-D91E5D1E15CE->f2ba01fc-a63e-4348-bd18-030b60a135e7: receive RaftClientReply:client-D91E5D1E15CE->f2ba01fc-a63e-4348-bd18-030b60a135e7@group-C8C62FEF0626, cid=1082, SUCCESS, logIndex=0, commits[f2ba01fc-a63e-4348-bd18-030b60a135e7:c1481, eab135d4-a257-4705-b491-6c056b8c5df7:c1479, a4f67574-9018-43e7-8a54-351e98dc3d0a:c1479]
2019-08-23 07:08:53,625 | INFO  | DNAudit | user=null | ip=null | op=WRITE_CHUNK {blockData=conID: 3 locID: 102665036031525316 bcsId: 0} | ret=SUCCESS |  
2019-08-23 07:08:53,629 | INFO  | DNAudit | user=null | ip=null | op=WRITE_CHUNK {blockData=conID: 3 locID: 102665036031525316 bcsId: 0} | ret=SUCCESS |  
2019-08-23 07:08:53,629 | INFO  | DNAudit | user=null | ip=null | op=WRITE_CHUNK {blockData=conID: 3 locID: 102665036031525316 bcsId: 0} | ret=SUCCESS |  
2019-08-23 07:08:53,629 | INFO  | DNAudit | user=null | ip=null | op=WRITE_CHUNK {blockData=conID: 3 locID: 102665036031525316 bcsId: 0} | ret=SUCCESS |  
2019-08-23 07:08:53,630 | INFO  | DNAudit | user=null | ip=null | op=WRITE_CHUNK {blockData=conID: 3 locID: 102665036031525316 bcsId: 0} | ret=SUCCESS |  
2019-08-23 07:08:53,631 | INFO  | DNAudit | user=null | ip=null | op=WRITE_CHUNK {blockData=conID: 3 locID: 102665036031525316 bcsId: 0} | ret=SUCCESS |  
2019-08-23 07:08:53,640 | INFO  | DNAudit | user=null | ip=null | op=WRITE_CHUNK {blockData=conID: 3 locID: 102665036031525316 bcsId: 0} | ret=SUCCESS |  
2019-08-23 07:08:53,641 | INFO  | DNAudit | user=null | ip=null | op=PUT_BLOCK {blockData=[blockId=conID: 3 locID: 102665036031525316 bcsId: 0,size=1048576]} | ret=SUCCESS |  
2019-08-23 07:08:53,641 [grpc-default-executor-3] INFO  client.GrpcClientProtocolClient (GrpcClientProtocolClient.java:onNext(255)) - client-D91E5D1E15CE->f2ba01fc-a63e-4348-bd18-030b60a135e7: receive RaftClientReply:client-D91E5D1E15CE->f2ba01fc-a63e-4348-bd18-030b60a135e7@group-C8C62FEF0626, cid=1083, SUCCESS, logIndex=1482, commits[f2ba01fc-a63e-4348-bd18-030b60a135e7:c1485, eab135d4-a257-4705-b491-6c056b8c5df7:c1481, a4f67574-9018-43e7-8a54-351e98dc3d0a:c1481]
2019-08-23 07:08:53,641 | INFO  | DNAudit | user=null | ip=null | op=WRITE_CHUNK {blockData=conID: 3 locID: 102665036031525316 bcsId: 0} | ret=SUCCESS |  
2019-08-23 07:08:53,641 | INFO  | DNAudit | user=null | ip=null | op=PUT_BLOCK {blockData=[blockId=conID: 3 locID: 102665036031525316 bcsId: 0,size=2097152]} | ret=SUCCESS |  
2019-08-23 07:08:53,641 [grpc-default-executor-3] INFO  client.GrpcClientProtocolClient (GrpcClientProtocolClient.java:onNext(255)) - client-D91E5D1E15CE->f2ba01fc-a63e-4348-bd18-030b60a135e7: receive RaftClientReply:client-D91E5D1E15CE->f2ba01fc-a63e-4348-bd18-030b60a135e7@group-C8C62FEF0626, cid=1084, SUCCESS, logIndex=1483, commits[f2ba01fc-a63e-4348-bd18-030b60a135e7:c1485, eab135d4-a257-4705-b491-6c056b8c5df7:c1481, a4f67574-9018-43e7-8a54-351e98dc3d0a:c1481]
2019-08-23 07:08:53,642 [grpc-default-executor-3] INFO  client.GrpcClientProtocolClient (GrpcClientProtocolClient.java:onNext(255)) - client-D91E5D1E15CE->f2ba01fc-a63e-4348-bd18-030b60a135e7: receive RaftClientReply:client-D91E5D1E15CE->f2ba01fc-a63e-4348-bd18-030b60a135e7@group-C8C62FEF0626, cid=1085, SUCCESS, logIndex=1484, commits[f2ba01fc-a63e-4348-bd18-030b60a135e7:c1485, eab135d4-a257-4705-b491-6c056b8c5df7:c1481, a4f67574-9018-43e7-8a54-351e98dc3d0a:c1481]
2019-08-23 07:08:53,642 [grpc-default-executor-3] INFO  client.GrpcClientProtocolClient (GrpcClientProtocolClient.java:onNext(255)) - client-D91E5D1E15CE->f2ba01fc-a63e-4348-bd18-030b60a135e7: receive RaftClientReply:client-D91E5D1E15CE->f2ba01fc-a63e-4348-bd18-030b60a135e7@group-C8C62FEF0626, cid=1086, SUCCESS, logIndex=1485, commits[f2ba01fc-a63e-4348-bd18-030b60a135e7:c1485, eab135d4-a257-4705-b491-6c056b8c5df7:c1481, a4f67574-9018-43e7-8a54-351e98dc3d0a:c1481]
2019-08-23 07:08:53,652 | INFO  | DNAudit | user=null | ip=null | op=WRITE_CHUNK {blockData=conID: 3 locID: 102665036031525316 bcsId: 0} | ret=SUCCESS |  
2019-08-23 07:08:53,652 | INFO  | DNAudit | user=null | ip=null | op=WRITE_CHUNK {blockData=conID: 3 locID: 102665036031525316 bcsId: 0} | ret=SUCCESS |  
2019-08-23 07:08:53,653 | INFO  | DNAudit | user=null | ip=null | op=PUT_BLOCK {blockData=[blockId=conID: 3 locID: 102665036031525316 bcsId: 0,size=1048576]} | ret=SUCCESS |  
2019-08-23 07:08:53,653 | INFO  | DNAudit | user=null | ip=null | op=PUT_BLOCK {blockData=[blockId=conID: 3 locID: 102665036031525316 bcsId: 0,size=1048576]} | ret=SUCCESS |  
2019-08-23 07:08:53,653 [grpc-default-executor-3] INFO  client.GrpcClientProtocolClient (GrpcClientProtocolClient.java:onNext(255)) - client-D91E5D1E15CE->f2ba01fc-a63e-4348-bd18-030b60a135e7: receive RaftClientReply:client-D91E5D1E15CE->f2ba01fc-a63e-4348-bd18-030b60a135e7@group-C8C62FEF0626, cid=1087, SUCCESS, logIndex=0, commits[f2ba01fc-a63e-4348-bd18-030b60a135e7:c1486, eab135d4-a257-4705-b491-6c056b8c5df7:c1483, a4f67574-9018-43e7-8a54-351e98dc3d0a:c1483]
2019-08-23 07:08:53,654 | INFO  | DNAudit | user=null | ip=null | op=WRITE_CHUNK {blockData=conID: 3 locID: 102665036031525316 bcsId: 0} | ret=SUCCESS |  
2019-08-23 07:08:53,654 | INFO  | DNAudit | user=null | ip=null | op=PUT_BLOCK {blockData=[blockId=conID: 3 locID: 102665036031525316 bcsId: 0,size=2097152]} | ret=SUCCESS |  
2019-08-23 07:08:53,654 | INFO  | DNAudit | user=null | ip=null | op=WRITE_CHUNK {blockData=conID: 3 locID: 102665036031525316 bcsId: 0} | ret=SUCCESS |  
2019-08-23 07:08:53,654 | INFO  | DNAudit | user=null | ip=null | op=PUT_BLOCK {blockData=[blockId=conID: 3 locID: 102665036031525316 bcsId: 0,size=2097152]} | ret=SUCCESS |  
2019-08-23 07:08:53,659 | INFO  | DNAudit | user=null | ip=null | op=WRITE_CHUNK {blockData=conID: 3 locID: 102665036031525316 bcsId: 1485} | ret=SUCCESS |  
2019-08-23 07:08:53,662 | INFO  | DNAudit | user=null | ip=null | op=WRITE_CHUNK {blockData=conID: 3 locID: 102665036031525316 bcsId: 1485} | ret=SUCCESS |  
2019-08-23 07:08:53,663 | INFO  | DNAudit | user=null | ip=null | op=WRITE_CHUNK {blockData=conID: 3 locID: 102665036031525316 bcsId: 1485} | ret=SUCCESS |  
2019-08-23 07:08:53,664 | INFO  | DNAudit | user=null | ip=null | op=WRITE_CHUNK {blockData=conID: 3 locID: 102665036031525316 bcsId: 1485} | ret=SUCCESS |  
2019-08-23 07:08:53,664 | INFO  | DNAudit | user=null | ip=null | op=PUT_BLOCK {blockData=[blockId=conID: 3 locID: 102665036031525316 bcsId: 0,size=3145728]} | ret=SUCCESS |  
2019-08-23 07:08:53,664 [grpc-default-executor-4] INFO  client.GrpcClientProtocolClient (GrpcClientProtocolClient.java:onNext(255)) - client-D91E5D1E15CE->f2ba01fc-a63e-4348-bd18-030b60a135e7: receive RaftClientReply:client-D91E5D1E15CE->f2ba01fc-a63e-4348-bd18-030b60a135e7@group-C8C62FEF0626, cid=1088, SUCCESS, logIndex=1490, commits[f2ba01fc-a63e-4348-bd18-030b60a135e7:c1491, eab135d4-a257-4705-b491-6c056b8c5df7:c1485, a4f67574-9018-43e7-8a54-351e98dc3d0a:c1489]
2019-08-23 07:08:53,665 [grpc-default-executor-4] INFO  client.GrpcClientProtocolClient (GrpcClientProtocolClient.java:onNext(255)) - client-D91E5D1E15CE->f2ba01fc-a63e-4348-bd18-030b60a135e7: receive RaftClientReply:client-D91E5D1E15CE->f2ba01fc-a63e-4348-bd18-030b60a135e7@group-C8C62FEF0626, cid=1089, SUCCESS, logIndex=1491, commits[f2ba01fc-a63e-4348-bd18-030b60a135e7:c1491, eab135d4-a257-4705-b491-6c056b8c5df7:c1485, a4f67574-9018-43e7-8a54-351e98dc3d0a:c1489]
2019-08-23 07:08:53,666 | INFO  | DNAudit | user=null | ip=null | op=WRITE_CHUNK {blockData=conID: 3 locID: 102665036031525316 bcsId: 1485} | ret=SUCCESS |  
2019-08-23 07:08:53,666 | INFO  | DNAudit | user=null | ip=null | op=PUT_BLOCK {blockData=[blockId=conID: 3 locID: 102665036031525316 bcsId: 0,size=3145728]} | ret=SUCCESS |  
2019-08-23 07:08:53,667 | INFO  | DNAudit | user=null | ip=null | op=WRITE_CHUNK {blockData=conID: 3 locID: 102665036031525316 bcsId: 1485} | ret=SUCCESS |  
2019-08-23 07:08:53,668 | INFO  | DNAudit | user=null | ip=null | op=PUT_BLOCK {blockData=[blockId=conID: 3 locID: 102665036031525316 bcsId: 0,size=3145728]} | ret=SUCCESS |  
2019-08-23 07:08:53,671 | INFO  | DNAudit | user=null | ip=null | op=WRITE_CHUNK {blockData=conID: 3 locID: 102665036031525316 bcsId: 1491} | ret=SUCCESS |  
2019-08-23 07:08:53,673 | INFO  | DNAudit | user=null | ip=null | op=WRITE_CHUNK {blockData=conID: 3 locID: 102665036031525316 bcsId: 1491} | ret=SUCCESS |  
2019-08-23 07:08:53,674 | INFO  | DNAudit | user=null | ip=null | op=WRITE_CHUNK {blockData=conID: 3 locID: 102665036031525316 bcsId: 1491} | ret=SUCCESS |  
2019-08-23 07:08:53,676 | INFO  | DNAudit | user=null | ip=null | op=WRITE_CHUNK {blockData=conID: 3 locID: 102665036031525316 bcsId: 1491} | ret=SUCCESS |  
2019-08-23 07:08:53,676 | INFO  | DNAudit | user=null | ip=null | op=PUT_BLOCK {blockData=[blockId=conID: 3 locID: 102665036031525316 bcsId: 0,size=4194304]} | ret=SUCCESS |  
2019-08-23 07:08:53,676 [grpc-default-executor-3] INFO  client.GrpcClientProtocolClient (GrpcClientProtocolClient.java:onNext(255)) - client-D91E5D1E15CE->f2ba01fc-a63e-4348-bd18-030b60a135e7: receive RaftClientReply:client-D91E5D1E15CE->f2ba01fc-a63e-4348-bd18-030b60a135e7@group-C8C62FEF0626, cid=1090, SUCCESS, logIndex=1494, commits[f2ba01fc-a63e-4348-bd18-030b60a135e7:c1495, eab135d4-a257-4705-b491-6c056b8c5df7:c1491, a4f67574-9018-43e7-8a54-351e98dc3d0a:c1493]
2019-08-23 07:08:53,677 [grpc-default-executor-3] INFO  client.GrpcClientProtocolClient (GrpcClientProtocolClient.java:onNext(255)) - client-D91E5D1E15CE->f2ba01fc-a63e-4348-bd18-030b60a135e7: receive RaftClientReply:client-D91E5D1E15CE->f2ba01fc-a63e-4348-bd18-030b60a135e7@group-C8C62FEF0626, cid=1091, SUCCESS, logIndex=1495, commits[f2ba01fc-a63e-4348-bd18-030b60a135e7:c1495, eab135d4-a257-4705-b491-6c056b8c5df7:c1493, a4f67574-9018-43e7-8a54-351e98dc3d0a:c1493]
2019-08-23 07:08:53,678 | INFO  | DNAudit | user=null | ip=null | op=WRITE_CHUNK {blockData=conID: 3 locID: 102665036031525316 bcsId: 1491} | ret=SUCCESS |  
2019-08-23 07:08:53,678 | INFO  | DNAudit | user=null | ip=null | op=WRITE_CHUNK {blockData=conID: 3 locID: 102665036031525316 bcsId: 1491} | ret=SUCCESS |  
2019-08-23 07:08:53,678 | INFO  | DNAudit | user=null | ip=null | op=PUT_BLOCK {blockData=[blockId=conID: 3 locID: 102665036031525316 bcsId: 0,size=4194304]} | ret=SUCCESS |  
2019-08-23 07:08:53,678 | INFO  | DNAudit | user=null | ip=null | op=PUT_BLOCK {blockData=[blockId=conID: 3 locID: 102665036031525316 bcsId: 0,size=4194304]} | ret=SUCCESS |  
2019-08-23 07:08:53,678 [grpc-default-executor-4] INFO  client.GrpcClientProtocolClient (GrpcClientProtocolClient.java:onNext(255)) - client-D91E5D1E15CE->f2ba01fc-a63e-4348-bd18-030b60a135e7: receive RaftClientReply:client-D91E5D1E15CE->f2ba01fc-a63e-4348-bd18-030b60a135e7@group-C8C62FEF0626, cid=1092, SUCCESS, logIndex=0, commits[f2ba01fc-a63e-4348-bd18-030b60a135e7:c1496, eab135d4-a257-4705-b491-6c056b8c5df7:c1495, a4f67574-9018-43e7-8a54-351e98dc3d0a:c1495]
2019-08-23 07:08:53,686 | INFO  | DNAudit | user=null | ip=null | op=WRITE_CHUNK {blockData=conID: 1 locID: 102665036031525317 bcsId: 0} | ret=SUCCESS |  
2019-08-23 07:08:53,688 | INFO  | DNAudit | user=null | ip=null | op=WRITE_CHUNK {blockData=conID: 1 locID: 102665036031525317 bcsId: 0} | ret=SUCCESS |  
2019-08-23 07:08:53,688 | INFO  | DNAudit | user=null | ip=null | op=WRITE_CHUNK {blockData=conID: 1 locID: 102665036031525317 bcsId: 0} | ret=SUCCESS |  
2019-08-23 07:08:53,690 | INFO  | DNAudit | user=null | ip=null | op=WRITE_CHUNK {blockData=conID: 1 locID: 102665036031525317 bcsId: 0} | ret=SUCCESS |  
2019-08-23 07:08:53,690 | INFO  | DNAudit | user=null | ip=null | op=WRITE_CHUNK {blockData=conID: 1 locID: 102665036031525317 bcsId: 0} | ret=SUCCESS |  
2019-08-23 07:08:53,691 | INFO  | DNAudit | user=null | ip=null | op=WRITE_CHUNK {blockData=conID: 1 locID: 102665036031525317 bcsId: 0} | ret=SUCCESS |  
2019-08-23 07:08:53,692 | INFO  | DNAudit | user=null | ip=null | op=WRITE_CHUNK {blockData=conID: 1 locID: 102665036031525317 bcsId: 0} | ret=SUCCESS |  
2019-08-23 07:08:53,693 | INFO  | DNAudit | user=null | ip=null | op=PUT_BLOCK {blockData=[blockId=conID: 1 locID: 102665036031525317 bcsId: 0,size=1048576]} | ret=SUCCESS |  
2019-08-23 07:08:53,694 | INFO  | DNAudit | user=null | ip=null | op=WRITE_CHUNK {blockData=conID: 1 locID: 102665036031525317 bcsId: 0} | ret=SUCCESS |  
2019-08-23 07:08:53,694 | INFO  | DNAudit | user=null | ip=null | op=WRITE_CHUNK {blockData=conID: 1 locID: 102665036031525317 bcsId: 0} | ret=SUCCESS |  
2019-08-23 07:08:53,695 | INFO  | DNAudit | user=null | ip=null | op=PUT_BLOCK {blockData=[blockId=conID: 1 locID: 102665036031525317 bcsId: 0,size=2097152]} | ret=SUCCESS |  
2019-08-23 07:08:53,695 | INFO  | DNAudit | user=null | ip=null | op=PUT_BLOCK {blockData=[blockId=conID: 1 locID: 102665036031525317 bcsId: 0,size=1048576]} | ret=SUCCESS |  
2019-08-23 07:08:53,694 [grpc-default-executor-4] INFO  client.GrpcClientProtocolClient (GrpcClientProtocolClient.java:onNext(255)) - client-D91E5D1E15CE->f2ba01fc-a63e-4348-bd18-030b60a135e7: receive RaftClientReply:client-D91E5D1E15CE->f2ba01fc-a63e-4348-bd18-030b60a135e7@group-C8C62FEF0626, cid=1093, SUCCESS, logIndex=1497, commits[f2ba01fc-a63e-4348-bd18-030b60a135e7:c1498, eab135d4-a257-4705-b491-6c056b8c5df7:c1496, a4f67574-9018-43e7-8a54-351e98dc3d0a:c1495]
2019-08-23 07:08:53,696 | INFO  | DNAudit | user=null | ip=null | op=WRITE_CHUNK {blockData=conID: 1 locID: 102665036031525317 bcsId: 0} | ret=SUCCESS |  
2019-08-23 07:08:53,696 | INFO  | DNAudit | user=null | ip=null | op=WRITE_CHUNK {blockData=conID: 1 locID: 102665036031525317 bcsId: 0} | ret=SUCCESS |  
2019-08-23 07:08:53,696 | INFO  | DNAudit | user=null | ip=null | op=PUT_BLOCK {blockData=[blockId=conID: 1 locID: 102665036031525317 bcsId: 0,size=1048576]} | ret=SUCCESS |  
2019-08-23 07:08:53,696 | INFO  | DNAudit | user=null | ip=null | op=PUT_BLOCK {blockData=[blockId=conID: 1 locID: 102665036031525317 bcsId: 0,size=2097152]} | ret=SUCCESS |  
2019-08-23 07:08:53,697 [grpc-default-executor-4] INFO  client.GrpcClientProtocolClient (GrpcClientProtocolClient.java:onNext(255)) - client-D91E5D1E15CE->f2ba01fc-a63e-4348-bd18-030b60a135e7: receive RaftClientReply:client-D91E5D1E15CE->f2ba01fc-a63e-4348-bd18-030b60a135e7@group-C8C62FEF0626, cid=1094, SUCCESS, logIndex=1498, commits[f2ba01fc-a63e-4348-bd18-030b60a135e7:c1500, eab135d4-a257-4705-b491-6c056b8c5df7:c1496, a4f67574-9018-43e7-8a54-351e98dc3d0a:c1496]
2019-08-23 07:08:53,697 | INFO  | DNAudit | user=null | ip=null | op=WRITE_CHUNK {blockData=conID: 1 locID: 102665036031525317 bcsId: 0} | ret=SUCCESS |  
2019-08-23 07:08:53,697 [grpc-default-executor-4] INFO  client.GrpcClientProtocolClient (GrpcClientProtocolClient.java:onNext(255)) - client-D91E5D1E15CE->f2ba01fc-a63e-4348-bd18-030b60a135e7: receive RaftClientReply:client-D91E5D1E15CE->f2ba01fc-a63e-4348-bd18-030b60a135e7@group-C8C62FEF0626, cid=1095, SUCCESS, logIndex=1499, commits[f2ba01fc-a63e-4348-bd18-030b60a135e7:c1500, eab135d4-a257-4705-b491-6c056b8c5df7:c1496, a4f67574-9018-43e7-8a54-351e98dc3d0a:c1496]
2019-08-23 07:08:53,697 | INFO  | DNAudit | user=null | ip=null | op=PUT_BLOCK {blockData=[blockId=conID: 1 locID: 102665036031525317 bcsId: 0,size=2097152]} | ret=SUCCESS |  
2019-08-23 07:08:53,697 [grpc-default-executor-4] INFO  client.GrpcClientProtocolClient (GrpcClientProtocolClient.java:onNext(255)) - client-D91E5D1E15CE->f2ba01fc-a63e-4348-bd18-030b60a135e7: receive RaftClientReply:client-D91E5D1E15CE->f2ba01fc-a63e-4348-bd18-030b60a135e7@group-C8C62FEF0626, cid=1096, SUCCESS, logIndex=1500, commits[f2ba01fc-a63e-4348-bd18-030b60a135e7:c1501, eab135d4-a257-4705-b491-6c056b8c5df7:c1496, a4f67574-9018-43e7-8a54-351e98dc3d0a:c1498]
2019-08-23 07:08:53,699 [grpc-default-executor-4] INFO  client.GrpcClientProtocolClient (GrpcClientProtocolClient.java:onNext(255)) - client-D91E5D1E15CE->f2ba01fc-a63e-4348-bd18-030b60a135e7: receive RaftClientReply:client-D91E5D1E15CE->f2ba01fc-a63e-4348-bd18-030b60a135e7@group-C8C62FEF0626, cid=1097, SUCCESS, logIndex=0, commits[f2ba01fc-a63e-4348-bd18-030b60a135e7:c1504, eab135d4-a257-4705-b491-6c056b8c5df7:c1500, a4f67574-9018-43e7-8a54-351e98dc3d0a:c1500]
2019-08-23 07:08:53,706 | INFO  | DNAudit | user=null | ip=null | op=WRITE_CHUNK {blockData=conID: 1 locID: 102665036031525317 bcsId: 1500} | ret=SUCCESS |  
2019-08-23 07:08:53,706 | INFO  | DNAudit | user=null | ip=null | op=WRITE_CHUNK {blockData=conID: 1 locID: 102665036031525317 bcsId: 1500} | ret=SUCCESS |  
2019-08-23 07:08:53,707 | INFO  | DNAudit | user=null | ip=null | op=WRITE_CHUNK {blockData=conID: 1 locID: 102665036031525317 bcsId: 1500} | ret=SUCCESS |  
2019-08-23 07:08:53,709 | INFO  | DNAudit | user=null | ip=null | op=WRITE_CHUNK {blockData=conID: 1 locID: 102665036031525317 bcsId: 1500} | ret=SUCCESS |  
2019-08-23 07:08:53,710 | INFO  | DNAudit | user=null | ip=null | op=PUT_BLOCK {blockData=[blockId=conID: 1 locID: 102665036031525317 bcsId: 0,size=3145728]} | ret=SUCCESS |  
2019-08-23 07:08:53,710 [grpc-default-executor-3] INFO  client.GrpcClientProtocolClient (GrpcClientProtocolClient.java:onNext(255)) - client-D91E5D1E15CE->f2ba01fc-a63e-4348-bd18-030b60a135e7: receive RaftClientReply:client-D91E5D1E15CE->f2ba01fc-a63e-4348-bd18-030b60a135e7@group-C8C62FEF0626, cid=1098, SUCCESS, logIndex=1505, commits[f2ba01fc-a63e-4348-bd18-030b60a135e7:c1506, eab135d4-a257-4705-b491-6c056b8c5df7:c1504, a4f67574-9018-43e7-8a54-351e98dc3d0a:c1504]
2019-08-23 07:08:53,710 [grpc-default-executor-3] INFO  client.GrpcClientProtocolClient (GrpcClientProtocolClient.java:onNext(255)) - client-D91E5D1E15CE->f2ba01fc-a63e-4348-bd18-030b60a135e7: receive RaftClientReply:client-D91E5D1E15CE->f2ba01fc-a63e-4348-bd18-030b60a135e7@group-C8C62FEF0626, cid=1099, SUCCESS, logIndex=1506, commits[f2ba01fc-a63e-4348-bd18-030b60a135e7:c1506, eab135d4-a257-4705-b491-6c056b8c5df7:c1504, a4f67574-9018-43e7-8a54-351e98dc3d0a:c1504]
2019-08-23 07:08:53,717 | INFO  | DNAudit | user=null | ip=null | op=WRITE_CHUNK {blockData=conID: 1 locID: 102665036031525317 bcsId: 1506} | ret=SUCCESS |  
2019-08-23 07:08:53,719 | INFO  | DNAudit | user=null | ip=null | op=WRITE_CHUNK {blockData=conID: 1 locID: 102665036031525317 bcsId: 1506} | ret=SUCCESS |  
2019-08-23 07:08:53,719 | INFO  | DNAudit | user=null | ip=null | op=WRITE_CHUNK {blockData=conID: 1 locID: 102665036031525317 bcsId: 1506} | ret=SUCCESS |  
2019-08-23 07:08:53,726 | INFO  | DNAudit | user=null | ip=null | op=WRITE_CHUNK {blockData=conID: 1 locID: 102665036031525317 bcsId: 1500} | ret=SUCCESS |  
2019-08-23 07:08:53,726 | INFO  | DNAudit | user=null | ip=null | op=WRITE_CHUNK {blockData=conID: 1 locID: 102665036031525317 bcsId: 1500} | ret=SUCCESS |  
2019-08-23 07:08:53,727 | INFO  | DNAudit | user=null | ip=null | op=PUT_BLOCK {blockData=[blockId=conID: 1 locID: 102665036031525317 bcsId: 0,size=3145728]} | ret=SUCCESS |  
2019-08-23 07:08:53,727 | INFO  | DNAudit | user=null | ip=null | op=WRITE_CHUNK {blockData=conID: 1 locID: 102665036031525317 bcsId: 1506} | ret=SUCCESS |  
2019-08-23 07:08:53,728 | INFO  | DNAudit | user=null | ip=null | op=PUT_BLOCK {blockData=[blockId=conID: 1 locID: 102665036031525317 bcsId: 0,size=3145728]} | ret=SUCCESS |  
2019-08-23 07:08:53,728 | INFO  | DNAudit | user=null | ip=null | op=PUT_BLOCK {blockData=[blockId=conID: 1 locID: 102665036031525317 bcsId: 0,size=4194304]} | ret=SUCCESS |  
2019-08-23 07:08:53,728 [grpc-default-executor-4] INFO  client.GrpcClientProtocolClient (GrpcClientProtocolClient.java:onNext(255)) - client-D91E5D1E15CE->f2ba01fc-a63e-4348-bd18-030b60a135e7: receive RaftClientReply:client-D91E5D1E15CE->f2ba01fc-a63e-4348-bd18-030b60a135e7@group-C8C62FEF0626, cid=1100, SUCCESS, logIndex=1509, commits[f2ba01fc-a63e-4348-bd18-030b60a135e7:c1510, eab135d4-a257-4705-b491-6c056b8c5df7:c1505, a4f67574-9018-43e7-8a54-351e98dc3d0a:c1506]
2019-08-23 07:08:53,729 [grpc-default-executor-4] INFO  client.GrpcClientProtocolClient (GrpcClientProtocolClient.java:onNext(255)) - client-D91E5D1E15CE->f2ba01fc-a63e-4348-bd18-030b60a135e7: receive RaftClientReply:client-D91E5D1E15CE->f2ba01fc-a63e-4348-bd18-030b60a135e7@group-C8C62FEF0626, cid=1101, SUCCESS, logIndex=1510, commits[f2ba01fc-a63e-4348-bd18-030b60a135e7:c1510, eab135d4-a257-4705-b491-6c056b8c5df7:c1506, a4f67574-9018-43e7-8a54-351e98dc3d0a:c1506]
2019-08-23 07:08:53,730 | INFO  | DNAudit | user=null | ip=null | op=WRITE_CHUNK {blockData=conID: 1 locID: 102665036031525317 bcsId: 1506} | ret=SUCCESS |  
2019-08-23 07:08:53,730 | INFO  | DNAudit | user=null | ip=null | op=WRITE_CHUNK {blockData=conID: 1 locID: 102665036031525317 bcsId: 1506} | ret=SUCCESS |  
2019-08-23 07:08:53,731 | INFO  | DNAudit | user=null | ip=null | op=PUT_BLOCK {blockData=[blockId=conID: 1 locID: 102665036031525317 bcsId: 0,size=4194304]} | ret=SUCCESS |  
2019-08-23 07:08:53,731 | INFO  | DNAudit | user=null | ip=null | op=PUT_BLOCK {blockData=[blockId=conID: 1 locID: 102665036031525317 bcsId: 0,size=4194304]} | ret=SUCCESS |  
2019-08-23 07:08:53,732 [grpc-default-executor-4] INFO  client.GrpcClientProtocolClient (GrpcClientProtocolClient.java:onNext(255)) - client-D91E5D1E15CE->f2ba01fc-a63e-4348-bd18-030b60a135e7: receive RaftClientReply:client-D91E5D1E15CE->f2ba01fc-a63e-4348-bd18-030b60a135e7@group-C8C62FEF0626, cid=1102, SUCCESS, logIndex=0, commits[f2ba01fc-a63e-4348-bd18-030b60a135e7:c1512, eab135d4-a257-4705-b491-6c056b8c5df7:c1510, a4f67574-9018-43e7-8a54-351e98dc3d0a:c1510]
2019-08-23 07:08:53,739 | INFO  | DNAudit | user=null | ip=null | op=WRITE_CHUNK {blockData=conID: 2 locID: 102665036031525318 bcsId: 0} | ret=SUCCESS |  
2019-08-23 07:08:53,741 | INFO  | DNAudit | user=null | ip=null | op=WRITE_CHUNK {blockData=conID: 2 locID: 102665036031525318 bcsId: 0} | ret=SUCCESS |  
2019-08-23 07:08:53,742 | INFO  | DNAudit | user=null | ip=null | op=WRITE_CHUNK {blockData=conID: 2 locID: 102665036031525318 bcsId: 0} | ret=SUCCESS |  
2019-08-23 07:08:53,742 | INFO  | DNAudit | user=null | ip=null | op=WRITE_CHUNK {blockData=conID: 2 locID: 102665036031525318 bcsId: 0} | ret=SUCCESS |  
2019-08-23 07:08:53,744 | INFO  | DNAudit | user=null | ip=null | op=WRITE_CHUNK {blockData=conID: 2 locID: 102665036031525318 bcsId: 0} | ret=SUCCESS |  
2019-08-23 07:08:53,744 | INFO  | DNAudit | user=null | ip=null | op=PUT_BLOCK {blockData=[blockId=conID: 2 locID: 102665036031525318 bcsId: 0,size=1048576]} | ret=SUCCESS |  
2019-08-23 07:08:53,744 | INFO  | DNAudit | user=null | ip=null | op=WRITE_CHUNK {blockData=conID: 2 locID: 102665036031525318 bcsId: 0} | ret=SUCCESS |  
2019-08-23 07:08:53,744 [grpc-default-executor-4] INFO  client.GrpcClientProtocolClient (GrpcClientProtocolClient.java:onNext(255)) - client-D91E5D1E15CE->f2ba01fc-a63e-4348-bd18-030b60a135e7: receive RaftClientReply:client-D91E5D1E15CE->f2ba01fc-a63e-4348-bd18-030b60a135e7@group-C8C62FEF0626, cid=1103, SUCCESS, logIndex=1513, commits[f2ba01fc-a63e-4348-bd18-030b60a135e7:c1514, eab135d4-a257-4705-b491-6c056b8c5df7:c1512, a4f67574-9018-43e7-8a54-351e98dc3d0a:c1510]
2019-08-23 07:08:53,745 | INFO  | DNAudit | user=null | ip=null | op=WRITE_CHUNK {blockData=conID: 2 locID: 102665036031525318 bcsId: 0} | ret=SUCCESS |  
2019-08-23 07:08:53,745 [grpc-default-executor-4] INFO  client.GrpcClientProtocolClient (GrpcClientProtocolClient.java:onNext(255)) - client-D91E5D1E15CE->f2ba01fc-a63e-4348-bd18-030b60a135e7: receive RaftClientReply:client-D91E5D1E15CE->f2ba01fc-a63e-4348-bd18-030b60a135e7@group-C8C62FEF0626, cid=1104, SUCCESS, logIndex=1514, commits[f2ba01fc-a63e-4348-bd18-030b60a135e7:c1514, eab135d4-a257-4705-b491-6c056b8c5df7:c1512, a4f67574-9018-43e7-8a54-351e98dc3d0a:c1510]
2019-08-23 07:08:53,746 | INFO  | DNAudit | user=null | ip=null | op=WRITE_CHUNK {blockData=conID: 2 locID: 102665036031525318 bcsId: 0} | ret=SUCCESS |  
2019-08-23 07:08:53,746 | INFO  | DNAudit | user=null | ip=null | op=WRITE_CHUNK {blockData=conID: 2 locID: 102665036031525318 bcsId: 0} | ret=SUCCESS |  
2019-08-23 07:08:53,746 | INFO  | DNAudit | user=null | ip=null | op=PUT_BLOCK {blockData=[blockId=conID: 2 locID: 102665036031525318 bcsId: 0,size=1048576]} | ret=SUCCESS |  
2019-08-23 07:08:53,747 | INFO  | DNAudit | user=null | ip=null | op=PUT_BLOCK {blockData=[blockId=conID: 2 locID: 102665036031525318 bcsId: 0,size=2097152]} | ret=SUCCESS |  
2019-08-23 07:08:53,747 | INFO  | DNAudit | user=null | ip=null | op=WRITE_CHUNK {blockData=conID: 2 locID: 102665036031525318 bcsId: 0} | ret=SUCCESS |  
2019-08-23 07:08:53,747 [grpc-default-executor-2] INFO  client.GrpcClientProtocolClient (GrpcClientProtocolClient.java:onNext(255)) - client-D91E5D1E15CE->f2ba01fc-a63e-4348-bd18-030b60a135e7: receive RaftClientReply:client-D91E5D1E15CE->f2ba01fc-a63e-4348-bd18-030b60a135e7@group-C8C62FEF0626, cid=1105, SUCCESS, logIndex=1515, commits[f2ba01fc-a63e-4348-bd18-030b60a135e7:c1518, eab135d4-a257-4705-b491-6c056b8c5df7:c1514, a4f67574-9018-43e7-8a54-351e98dc3d0a:c1510]
2019-08-23 07:08:53,747 | INFO  | DNAudit | user=null | ip=null | op=PUT_BLOCK {blockData=[blockId=conID: 2 locID: 102665036031525318 bcsId: 0,size=1048576]} | ret=SUCCESS |  
2019-08-23 07:08:53,747 [grpc-default-executor-2] INFO  client.GrpcClientProtocolClient (GrpcClientProtocolClient.java:onNext(255)) - client-D91E5D1E15CE->f2ba01fc-a63e-4348-bd18-030b60a135e7: receive RaftClientReply:client-D91E5D1E15CE->f2ba01fc-a63e-4348-bd18-030b60a135e7@group-C8C62FEF0626, cid=1106, SUCCESS, logIndex=1516, commits[f2ba01fc-a63e-4348-bd18-030b60a135e7:c1518, eab135d4-a257-4705-b491-6c056b8c5df7:c1514, a4f67574-9018-43e7-8a54-351e98dc3d0a:c1514]
2019-08-23 07:08:53,747 | INFO  | DNAudit | user=null | ip=null | op=WRITE_CHUNK {blockData=conID: 2 locID: 102665036031525318 bcsId: 0} | ret=SUCCESS |  
2019-08-23 07:08:53,748 | INFO  | DNAudit | user=null | ip=null | op=WRITE_CHUNK {blockData=conID: 2 locID: 102665036031525318 bcsId: 0} | ret=SUCCESS |  
2019-08-23 07:08:53,748 | INFO  | DNAudit | user=null | ip=null | op=PUT_BLOCK {blockData=[blockId=conID: 2 locID: 102665036031525318 bcsId: 0,size=2097152]} | ret=SUCCESS |  
2019-08-23 07:08:53,749 | INFO  | DNAudit | user=null | ip=null | op=PUT_BLOCK {blockData=[blockId=conID: 2 locID: 102665036031525318 bcsId: 0,size=2097152]} | ret=SUCCESS |  
2019-08-23 07:08:53,754 | INFO  | DNAudit | user=null | ip=null | op=WRITE_CHUNK {blockData=conID: 2 locID: 102665036031525318 bcsId: 1516} | ret=SUCCESS |  
2019-08-23 07:08:53,756 | INFO  | DNAudit | user=null | ip=null | op=WRITE_CHUNK {blockData=conID: 2 locID: 102665036031525318 bcsId: 1516} | ret=SUCCESS |  
2019-08-23 07:08:53,756 | INFO  | DNAudit | user=null | ip=null | op=WRITE_CHUNK {blockData=conID: 2 locID: 102665036031525318 bcsId: 1516} | ret=SUCCESS |  
2019-08-23 07:08:53,767 | INFO  | DNAudit | user=null | ip=null | op=WRITE_CHUNK {blockData=conID: 2 locID: 102665036031525318 bcsId: 1516} | ret=SUCCESS |  
2019-08-23 07:08:53,767 | INFO  | DNAudit | user=null | ip=null | op=PUT_BLOCK {blockData=[blockId=conID: 2 locID: 102665036031525318 bcsId: 0,size=3145728]} | ret=SUCCESS |  
2019-08-23 07:08:53,767 [grpc-default-executor-3] INFO  client.GrpcClientProtocolClient (GrpcClientProtocolClient.java:onNext(255)) - client-D91E5D1E15CE->f2ba01fc-a63e-4348-bd18-030b60a135e7: receive RaftClientReply:client-D91E5D1E15CE->f2ba01fc-a63e-4348-bd18-030b60a135e7@group-C8C62FEF0626, cid=1107, SUCCESS, logIndex=1521, commits[f2ba01fc-a63e-4348-bd18-030b60a135e7:c1522, eab135d4-a257-4705-b491-6c056b8c5df7:c1520, a4f67574-9018-43e7-8a54-351e98dc3d0a:c1520]
2019-08-23 07:08:53,768 [grpc-default-executor-3] INFO  client.GrpcClientProtocolClient (GrpcClientProtocolClient.java:onNext(255)) - client-D91E5D1E15CE->f2ba01fc-a63e-4348-bd18-030b60a135e7: receive RaftClientReply:client-D91E5D1E15CE->f2ba01fc-a63e-4348-bd18-030b60a135e7@group-C8C62FEF0626, cid=1108, SUCCESS, logIndex=1522, commits[f2ba01fc-a63e-4348-bd18-030b60a135e7:c1522, eab135d4-a257-4705-b491-6c056b8c5df7:c1520, a4f67574-9018-43e7-8a54-351e98dc3d0a:c1520]
2019-08-23 07:08:53,775 | INFO  | DNAudit | user=null | ip=null | op=WRITE_CHUNK {blockData=conID: 2 locID: 102665036031525318 bcsId: 1522} | ret=SUCCESS |  
2019-08-23 07:08:53,775 | INFO  | DNAudit | user=null | ip=null | op=WRITE_CHUNK {blockData=conID: 2 locID: 102665036031525318 bcsId: 1522} | ret=SUCCESS |  
2019-08-23 07:08:53,777 | INFO  | DNAudit | user=null | ip=null | op=WRITE_CHUNK {blockData=conID: 2 locID: 102665036031525318 bcsId: 1522} | ret=SUCCESS |  
2019-08-23 07:08:53,778 | INFO  | DNAudit | user=null | ip=null | op=WRITE_CHUNK {blockData=conID: 2 locID: 102665036031525318 bcsId: 1516} | ret=SUCCESS |  
2019-08-23 07:08:53,779 | INFO  | DNAudit | user=null | ip=null | op=WRITE_CHUNK {blockData=conID: 2 locID: 102665036031525318 bcsId: 1516} | ret=SUCCESS |  
2019-08-23 07:08:53,780 | INFO  | DNAudit | user=null | ip=null | op=PUT_BLOCK {blockData=[blockId=conID: 2 locID: 102665036031525318 bcsId: 0,size=3145728]} | ret=SUCCESS |  
2019-08-23 07:08:53,780 | INFO  | DNAudit | user=null | ip=null | op=PUT_BLOCK {blockData=[blockId=conID: 2 locID: 102665036031525318 bcsId: 0,size=3145728]} | ret=SUCCESS |  
2019-08-23 07:08:53,780 | INFO  | DNAudit | user=null | ip=null | op=WRITE_CHUNK {blockData=conID: 2 locID: 102665036031525318 bcsId: 1522} | ret=SUCCESS |  
2019-08-23 07:08:53,781 | INFO  | DNAudit | user=null | ip=null | op=PUT_BLOCK {blockData=[blockId=conID: 2 locID: 102665036031525318 bcsId: 0,size=4194304]} | ret=SUCCESS |  
2019-08-23 07:08:53,781 [grpc-default-executor-2] INFO  client.GrpcClientProtocolClient (GrpcClientProtocolClient.java:onNext(255)) - client-D91E5D1E15CE->f2ba01fc-a63e-4348-bd18-030b60a135e7: receive RaftClientReply:client-D91E5D1E15CE->f2ba01fc-a63e-4348-bd18-030b60a135e7@group-C8C62FEF0626, cid=1109, SUCCESS, logIndex=1525, commits[f2ba01fc-a63e-4348-bd18-030b60a135e7:c1526, eab135d4-a257-4705-b491-6c056b8c5df7:c1522, a4f67574-9018-43e7-8a54-351e98dc3d0a:c1522]
2019-08-23 07:08:53,781 [grpc-default-executor-2] INFO  client.GrpcClientProtocolClient (GrpcClientProtocolClient.java:onNext(255)) - client-D91E5D1E15CE->f2ba01fc-a63e-4348-bd18-030b60a135e7: receive RaftClientReply:client-D91E5D1E15CE->f2ba01fc-a63e-4348-bd18-030b60a135e7@group-C8C62FEF0626, cid=1110, SUCCESS, logIndex=1526, commits[f2ba01fc-a63e-4348-bd18-030b60a135e7:c1526, eab135d4-a257-4705-b491-6c056b8c5df7:c1522, a4f67574-9018-43e7-8a54-351e98dc3d0a:c1522]
2019-08-23 07:08:53,792 | INFO  | DNAudit | user=null | ip=null | op=WRITE_CHUNK {blockData=conID: 2 locID: 102665036031525318 bcsId: 1522} | ret=SUCCESS |  
2019-08-23 07:08:53,792 | INFO  | DNAudit | user=null | ip=null | op=WRITE_CHUNK {blockData=conID: 2 locID: 102665036031525318 bcsId: 1522} | ret=SUCCESS |  
2019-08-23 07:08:53,794 | INFO  | DNAudit | user=null | ip=null | op=PUT_BLOCK {blockData=[blockId=conID: 2 locID: 102665036031525318 bcsId: 0,size=4194304]} | ret=SUCCESS |  
2019-08-23 07:08:53,794 | INFO  | DNAudit | user=null | ip=null | op=PUT_BLOCK {blockData=[blockId=conID: 2 locID: 102665036031525318 bcsId: 0,size=4194304]} | ret=SUCCESS |  
2019-08-23 07:08:53,795 [grpc-default-executor-2] INFO  client.GrpcClientProtocolClient (GrpcClientProtocolClient.java:onNext(255)) - client-D91E5D1E15CE->f2ba01fc-a63e-4348-bd18-030b60a135e7: receive RaftClientReply:client-D91E5D1E15CE->f2ba01fc-a63e-4348-bd18-030b60a135e7@group-C8C62FEF0626, cid=1111, SUCCESS, logIndex=0, commits[f2ba01fc-a63e-4348-bd18-030b60a135e7:c1528, eab135d4-a257-4705-b491-6c056b8c5df7:c1526, a4f67574-9018-43e7-8a54-351e98dc3d0a:c1526]
2019-08-23 07:08:53,802 | INFO  | DNAudit | user=null | ip=null | op=WRITE_CHUNK {blockData=conID: 3 locID: 102665036031525319 bcsId: 0} | ret=SUCCESS |  
2019-08-23 07:08:53,803 | INFO  | DNAudit | user=null | ip=null | op=WRITE_CHUNK {blockData=conID: 3 locID: 102665036031525319 bcsId: 0} | ret=SUCCESS |  
2019-08-23 07:08:53,804 | INFO  | DNAudit | user=null | ip=null | op=WRITE_CHUNK {blockData=conID: 3 locID: 102665036031525319 bcsId: 0} | ret=SUCCESS |  
2019-08-23 07:08:53,804 | INFO  | DNAudit | user=null | ip=null | op=WRITE_CHUNK {blockData=conID: 3 locID: 102665036031525319 bcsId: 0} | ret=SUCCESS |  
2019-08-23 07:08:53,806 | INFO  | DNAudit | user=null | ip=null | op=WRITE_CHUNK {blockData=conID: 3 locID: 102665036031525319 bcsId: 0} | ret=SUCCESS |  
2019-08-23 07:08:53,806 | INFO  | DNAudit | user=null | ip=null | op=WRITE_CHUNK {blockData=conID: 3 locID: 102665036031525319 bcsId: 0} | ret=SUCCESS |  
2019-08-23 07:08:53,816 | INFO  | DNAudit | user=null | ip=null | op=WRITE_CHUNK {blockData=conID: 3 locID: 102665036031525319 bcsId: 0} | ret=SUCCESS |  
2019-08-23 07:08:53,816 | INFO  | DNAudit | user=null | ip=null | op=PUT_BLOCK {blockData=[blockId=conID: 3 locID: 102665036031525319 bcsId: 0,size=1048576]} | ret=SUCCESS |  
2019-08-23 07:08:53,817 | INFO  | DNAudit | user=null | ip=null | op=WRITE_CHUNK {blockData=conID: 3 locID: 102665036031525319 bcsId: 0} | ret=SUCCESS |  
2019-08-23 07:08:53,817 [grpc-default-executor-4] INFO  client.GrpcClientProtocolClient (GrpcClientProtocolClient.java:onNext(255)) - client-D91E5D1E15CE->f2ba01fc-a63e-4348-bd18-030b60a135e7: receive RaftClientReply:client-D91E5D1E15CE->f2ba01fc-a63e-4348-bd18-030b60a135e7@group-C8C62FEF0626, cid=1112, SUCCESS, logIndex=1529, commits[f2ba01fc-a63e-4348-bd18-030b60a135e7:c1530, eab135d4-a257-4705-b491-6c056b8c5df7:c1528, a4f67574-9018-43e7-8a54-351e98dc3d0a:c1528]
2019-08-23 07:08:53,817 | INFO  | DNAudit | user=null | ip=null | op=PUT_BLOCK {blockData=[blockId=conID: 3 locID: 102665036031525319 bcsId: 0,size=2097152]} | ret=SUCCESS |  
2019-08-23 07:08:53,817 [grpc-default-executor-4] INFO  client.GrpcClientProtocolClient (GrpcClientProtocolClient.java:onNext(255)) - client-D91E5D1E15CE->f2ba01fc-a63e-4348-bd18-030b60a135e7: receive RaftClientReply:client-D91E5D1E15CE->f2ba01fc-a63e-4348-bd18-030b60a135e7@group-C8C62FEF0626, cid=1113, SUCCESS, logIndex=1530, commits[f2ba01fc-a63e-4348-bd18-030b60a135e7:c1531, eab135d4-a257-4705-b491-6c056b8c5df7:c1528, a4f67574-9018-43e7-8a54-351e98dc3d0a:c1528]
2019-08-23 07:08:53,818 [grpc-default-executor-4] INFO  client.GrpcClientProtocolClient (GrpcClientProtocolClient.java:onNext(255)) - client-D91E5D1E15CE->f2ba01fc-a63e-4348-bd18-030b60a135e7: receive RaftClientReply:client-D91E5D1E15CE->f2ba01fc-a63e-4348-bd18-030b60a135e7@group-C8C62FEF0626, cid=1114, SUCCESS, logIndex=1531, commits[f2ba01fc-a63e-4348-bd18-030b60a135e7:c1532, eab135d4-a257-4705-b491-6c056b8c5df7:c1528, a4f67574-9018-43e7-8a54-351e98dc3d0a:c1528]
2019-08-23 07:08:53,818 [grpc-default-executor-4] INFO  client.GrpcClientProtocolClient (GrpcClientProtocolClient.java:onNext(255)) - client-D91E5D1E15CE->f2ba01fc-a63e-4348-bd18-030b60a135e7: receive RaftClientReply:client-D91E5D1E15CE->f2ba01fc-a63e-4348-bd18-030b60a135e7@group-C8C62FEF0626, cid=1115, SUCCESS, logIndex=1532, commits[f2ba01fc-a63e-4348-bd18-030b60a135e7:c1532, eab135d4-a257-4705-b491-6c056b8c5df7:c1528, a4f67574-9018-43e7-8a54-351e98dc3d0a:c1528]
2019-08-23 07:08:53,827 | INFO  | DNAudit | user=null | ip=null | op=WRITE_CHUNK {blockData=conID: 3 locID: 102665036031525319 bcsId: 0} | ret=SUCCESS |  
2019-08-23 07:08:53,828 | INFO  | DNAudit | user=null | ip=null | op=WRITE_CHUNK {blockData=conID: 3 locID: 102665036031525319 bcsId: 0} | ret=SUCCESS |  
2019-08-23 07:08:53,828 | INFO  | DNAudit | user=null | ip=null | op=PUT_BLOCK {blockData=[blockId=conID: 3 locID: 102665036031525319 bcsId: 0,size=1048576]} | ret=SUCCESS |  
2019-08-23 07:08:53,828 | INFO  | DNAudit | user=null | ip=null | op=PUT_BLOCK {blockData=[blockId=conID: 3 locID: 102665036031525319 bcsId: 0,size=1048576]} | ret=SUCCESS |  
2019-08-23 07:08:53,829 | INFO  | DNAudit | user=null | ip=null | op=WRITE_CHUNK {blockData=conID: 3 locID: 102665036031525319 bcsId: 0} | ret=SUCCESS |  
2019-08-23 07:08:53,829 | INFO  | DNAudit | user=null | ip=null | op=WRITE_CHUNK {blockData=conID: 3 locID: 102665036031525319 bcsId: 0} | ret=SUCCESS |  
2019-08-23 07:08:53,829 | INFO  | DNAudit | user=null | ip=null | op=PUT_BLOCK {blockData=[blockId=conID: 3 locID: 102665036031525319 bcsId: 0,size=2097152]} | ret=SUCCESS |  
2019-08-23 07:08:53,829 | INFO  | DNAudit | user=null | ip=null | op=PUT_BLOCK {blockData=[blockId=conID: 3 locID: 102665036031525319 bcsId: 0,size=2097152]} | ret=SUCCESS |  
2019-08-23 07:08:53,829 [grpc-default-executor-4] INFO  client.GrpcClientProtocolClient (GrpcClientProtocolClient.java:onNext(255)) - client-D91E5D1E15CE->f2ba01fc-a63e-4348-bd18-030b60a135e7: receive RaftClientReply:client-D91E5D1E15CE->f2ba01fc-a63e-4348-bd18-030b60a135e7@group-C8C62FEF0626, cid=1116, SUCCESS, logIndex=0, commits[f2ba01fc-a63e-4348-bd18-030b60a135e7:c1536, eab135d4-a257-4705-b491-6c056b8c5df7:c1530, a4f67574-9018-43e7-8a54-351e98dc3d0a:c1532]
2019-08-23 07:08:53,836 | INFO  | DNAudit | user=null | ip=null | op=WRITE_CHUNK {blockData=conID: 3 locID: 102665036031525319 bcsId: 1532} | ret=SUCCESS |  
2019-08-23 07:08:53,838 | INFO  | DNAudit | user=null | ip=null | op=WRITE_CHUNK {blockData=conID: 3 locID: 102665036031525319 bcsId: 1532} | ret=SUCCESS |  
2019-08-23 07:08:53,840 | INFO  | DNAudit | user=null | ip=null | op=WRITE_CHUNK {blockData=conID: 3 locID: 102665036031525319 bcsId: 1532} | ret=SUCCESS |  
2019-08-23 07:08:53,848 | INFO  | DNAudit | user=null | ip=null | op=WRITE_CHUNK {blockData=conID: 3 locID: 102665036031525319 bcsId: 1532} | ret=SUCCESS |  
2019-08-23 07:08:53,849 | INFO  | DNAudit | user=null | ip=null | op=PUT_BLOCK {blockData=[blockId=conID: 3 locID: 102665036031525319 bcsId: 0,size=3145728]} | ret=SUCCESS |  
2019-08-23 07:08:53,849 [grpc-default-executor-3] INFO  client.GrpcClientProtocolClient (GrpcClientProtocolClient.java:onNext(255)) - client-D91E5D1E15CE->f2ba01fc-a63e-4348-bd18-030b60a135e7: receive RaftClientReply:client-D91E5D1E15CE->f2ba01fc-a63e-4348-bd18-030b60a135e7@group-C8C62FEF0626, cid=1117, SUCCESS, logIndex=1537, commits[f2ba01fc-a63e-4348-bd18-030b60a135e7:c1538, eab135d4-a257-4705-b491-6c056b8c5df7:c1536, a4f67574-9018-43e7-8a54-351e98dc3d0a:c1536]
2019-08-23 07:08:53,849 [grpc-default-executor-3] INFO  client.GrpcClientProtocolClient (GrpcClientProtocolClient.java:onNext(255)) - client-D91E5D1E15CE->f2ba01fc-a63e-4348-bd18-030b60a135e7: receive RaftClientReply:client-D91E5D1E15CE->f2ba01fc-a63e-4348-bd18-030b60a135e7@group-C8C62FEF0626, cid=1118, SUCCESS, logIndex=1538, commits[f2ba01fc-a63e-4348-bd18-030b60a135e7:c1538, eab135d4-a257-4705-b491-6c056b8c5df7:c1536, a4f67574-9018-43e7-8a54-351e98dc3d0a:c1536]
2019-08-23 07:08:53,855 | INFO  | DNAudit | user=null | ip=null | op=WRITE_CHUNK {blockData=conID: 3 locID: 102665036031525319 bcsId: 1538} | ret=SUCCESS |  
2019-08-23 07:08:53,858 | INFO  | DNAudit | user=null | ip=null | op=WRITE_CHUNK {blockData=conID: 3 locID: 102665036031525319 bcsId: 1538} | ret=SUCCESS |  
2019-08-23 07:08:53,858 | INFO  | DNAudit | user=null | ip=null | op=WRITE_CHUNK {blockData=conID: 3 locID: 102665036031525319 bcsId: 1538} | ret=SUCCESS |  
2019-08-23 07:08:53,860 | INFO  | DNAudit | user=null | ip=null | op=WRITE_CHUNK {blockData=conID: 3 locID: 102665036031525319 bcsId: 1532} | ret=SUCCESS |  
2019-08-23 07:08:53,860 | INFO  | DNAudit | user=null | ip=null | op=WRITE_CHUNK {blockData=conID: 3 locID: 102665036031525319 bcsId: 1532} | ret=SUCCESS |  
2019-08-23 07:08:53,861 | INFO  | DNAudit | user=null | ip=null | op=PUT_BLOCK {blockData=[blockId=conID: 3 locID: 102665036031525319 bcsId: 0,size=3145728]} | ret=SUCCESS |  
2019-08-23 07:08:53,861 | INFO  | DNAudit | user=null | ip=null | op=PUT_BLOCK {blockData=[blockId=conID: 3 locID: 102665036031525319 bcsId: 0,size=3145728]} | ret=SUCCESS |  
2019-08-23 07:08:53,862 | INFO  | DNAudit | user=null | ip=null | op=WRITE_CHUNK {blockData=conID: 3 locID: 102665036031525319 bcsId: 1538} | ret=SUCCESS |  
2019-08-23 07:08:53,862 | INFO  | DNAudit | user=null | ip=null | op=PUT_BLOCK {blockData=[blockId=conID: 3 locID: 102665036031525319 bcsId: 0,size=4194304]} | ret=SUCCESS |  
2019-08-23 07:08:53,862 [grpc-default-executor-4] INFO  client.GrpcClientProtocolClient (GrpcClientProtocolClient.java:onNext(255)) - client-D91E5D1E15CE->f2ba01fc-a63e-4348-bd18-030b60a135e7: receive RaftClientReply:client-D91E5D1E15CE->f2ba01fc-a63e-4348-bd18-030b60a135e7@group-C8C62FEF0626, cid=1119, SUCCESS, logIndex=1541, commits[f2ba01fc-a63e-4348-bd18-030b60a135e7:c1542, eab135d4-a257-4705-b491-6c056b8c5df7:c1538, a4f67574-9018-43e7-8a54-351e98dc3d0a:c1538]
2019-08-23 07:08:53,863 [grpc-default-executor-4] INFO  client.GrpcClientProtocolClient (GrpcClientProtocolClient.java:onNext(255)) - client-D91E5D1E15CE->f2ba01fc-a63e-4348-bd18-030b60a135e7: receive RaftClientReply:client-D91E5D1E15CE->f2ba01fc-a63e-4348-bd18-030b60a135e7@group-C8C62FEF0626, cid=1120, SUCCESS, logIndex=1542, commits[f2ba01fc-a63e-4348-bd18-030b60a135e7:c1542, eab135d4-a257-4705-b491-6c056b8c5df7:c1538, a4f67574-9018-43e7-8a54-351e98dc3d0a:c1538]
2019-08-23 07:08:53,875 | INFO  | DNAudit | user=null | ip=null | op=WRITE_CHUNK {blockData=conID: 3 locID: 102665036031525319 bcsId: 1538} | ret=SUCCESS |  
2019-08-23 07:08:53,875 | INFO  | DNAudit | user=null | ip=null | op=WRITE_CHUNK {blockData=conID: 3 locID: 102665036031525319 bcsId: 1538} | ret=SUCCESS |  
2019-08-23 07:08:53,876 | INFO  | DNAudit | user=null | ip=null | op=PUT_BLOCK {blockData=[blockId=conID: 3 locID: 102665036031525319 bcsId: 0,size=4194304]} | ret=SUCCESS |  
2019-08-23 07:08:53,876 | INFO  | DNAudit | user=null | ip=null | op=PUT_BLOCK {blockData=[blockId=conID: 3 locID: 102665036031525319 bcsId: 0,size=4194304]} | ret=SUCCESS |  
 0.00% |█                                                                                                    |  0/1 Time: 0:00:052019-08-23 07:08:53,876 [grpc-default-executor-4] INFO  client.GrpcClientProtocolClient (GrpcClientProtocolClient.java:onNext(255)) - client-D91E5D1E15CE->f2ba01fc-a63e-4348-bd18-030b60a135e7: receive RaftClientReply:client-D91E5D1E15CE->f2ba01fc-a63e-4348-bd18-030b60a135e7@group-C8C62FEF0626, cid=1121, SUCCESS, logIndex=0, commits[f2ba01fc-a63e-4348-bd18-030b60a135e7:c1543, eab135d4-a257-4705-b491-6c056b8c5df7:c1542, a4f67574-9018-43e7-8a54-351e98dc3d0a:c1542]
2019-08-23 07:08:53,884 | INFO  | DNAudit | user=null | ip=null | op=WRITE_CHUNK {blockData=conID: 1 locID: 102665036031590856 bcsId: 0} | ret=SUCCESS |  
2019-08-23 07:08:53,885 | INFO  | DNAudit | user=null | ip=null | op=WRITE_CHUNK {blockData=conID: 1 locID: 102665036031590856 bcsId: 0} | ret=SUCCESS |  
2019-08-23 07:08:53,886 | INFO  | DNAudit | user=null | ip=null | op=WRITE_CHUNK {blockData=conID: 1 locID: 102665036031590856 bcsId: 0} | ret=SUCCESS |  
2019-08-23 07:08:53,886 | INFO  | DNAudit | user=null | ip=null | op=WRITE_CHUNK {blockData=conID: 1 locID: 102665036031590856 bcsId: 0} | ret=SUCCESS |  
2019-08-23 07:08:53,887 | INFO  | DNAudit | user=null | ip=null | op=WRITE_CHUNK {blockData=conID: 1 locID: 102665036031590856 bcsId: 0} | ret=SUCCESS |  
2019-08-23 07:08:53,888 | INFO  | DNAudit | user=null | ip=null | op=WRITE_CHUNK {blockData=conID: 1 locID: 102665036031590856 bcsId: 0} | ret=SUCCESS |  
2019-08-23 07:08:53,898 | INFO  | DNAudit | user=null | ip=null | op=WRITE_CHUNK {blockData=conID: 1 locID: 102665036031590856 bcsId: 0} | ret=SUCCESS |  
2019-08-23 07:08:53,899 | INFO  | DNAudit | user=null | ip=null | op=PUT_BLOCK {blockData=[blockId=conID: 1 locID: 102665036031590856 bcsId: 0,size=1048576]} | ret=SUCCESS |  
2019-08-23 07:08:53,899 | INFO  | DNAudit | user=null | ip=null | op=WRITE_CHUNK {blockData=conID: 1 locID: 102665036031590856 bcsId: 0} | ret=SUCCESS |  
2019-08-23 07:08:53,899 [grpc-default-executor-2] INFO  client.GrpcClientProtocolClient (GrpcClientProtocolClient.java:onNext(255)) - client-D91E5D1E15CE->f2ba01fc-a63e-4348-bd18-030b60a135e7: receive RaftClientReply:client-D91E5D1E15CE->f2ba01fc-a63e-4348-bd18-030b60a135e7@group-C8C62FEF0626, cid=1122, SUCCESS, logIndex=1545, commits[f2ba01fc-a63e-4348-bd18-030b60a135e7:c1548, eab135d4-a257-4705-b491-6c056b8c5df7:c1544, a4f67574-9018-43e7-8a54-351e98dc3d0a:c1544]
2019-08-23 07:08:53,899 | INFO  | DNAudit | user=null | ip=null | op=PUT_BLOCK {blockData=[blockId=conID: 1 locID: 102665036031590856 bcsId: 0,size=2097152]} | ret=SUCCESS |  
2019-08-23 07:08:53,900 [grpc-default-executor-2] INFO  client.GrpcClientProtocolClient (GrpcClientProtocolClient.java:onNext(255)) - client-D91E5D1E15CE->f2ba01fc-a63e-4348-bd18-030b60a135e7: receive RaftClientReply:client-D91E5D1E15CE->f2ba01fc-a63e-4348-bd18-030b60a135e7@group-C8C62FEF0626, cid=1123, SUCCESS, logIndex=1546, commits[f2ba01fc-a63e-4348-bd18-030b60a135e7:c1548, eab135d4-a257-4705-b491-6c056b8c5df7:c1544, a4f67574-9018-43e7-8a54-351e98dc3d0a:c1544]
2019-08-23 07:08:53,900 [grpc-default-executor-2] INFO  client.GrpcClientProtocolClient (GrpcClientProtocolClient.java:onNext(255)) - client-D91E5D1E15CE->f2ba01fc-a63e-4348-bd18-030b60a135e7: receive RaftClientReply:client-D91E5D1E15CE->f2ba01fc-a63e-4348-bd18-030b60a135e7@group-C8C62FEF0626, cid=1124, SUCCESS, logIndex=1547, commits[f2ba01fc-a63e-4348-bd18-030b60a135e7:c1548, eab135d4-a257-4705-b491-6c056b8c5df7:c1544, a4f67574-9018-43e7-8a54-351e98dc3d0a:c1544]
2019-08-23 07:08:53,900 [grpc-default-executor-2] INFO  client.GrpcClientProtocolClient (GrpcClientProtocolClient.java:onNext(255)) - client-D91E5D1E15CE->f2ba01fc-a63e-4348-bd18-030b60a135e7: receive RaftClientReply:client-D91E5D1E15CE->f2ba01fc-a63e-4348-bd18-030b60a135e7@group-C8C62FEF0626, cid=1125, SUCCESS, logIndex=1548, commits[f2ba01fc-a63e-4348-bd18-030b60a135e7:c1548, eab135d4-a257-4705-b491-6c056b8c5df7:c1544, a4f67574-9018-43e7-8a54-351e98dc3d0a:c1544]
2019-08-23 07:08:53,910 | INFO  | DNAudit | user=null | ip=null | op=WRITE_CHUNK {blockData=conID: 1 locID: 102665036031590856 bcsId: 0} | ret=SUCCESS |  
2019-08-23 07:08:53,910 | INFO  | DNAudit | user=null | ip=null | op=WRITE_CHUNK {blockData=conID: 1 locID: 102665036031590856 bcsId: 0} | ret=SUCCESS |  
2019-08-23 07:08:53,910 | INFO  | DNAudit | user=null | ip=null | op=PUT_BLOCK {blockData=[blockId=conID: 1 locID: 102665036031590856 bcsId: 0,size=1048576]} | ret=SUCCESS |  
2019-08-23 07:08:53,910 | INFO  | DNAudit | user=null | ip=null | op=PUT_BLOCK {blockData=[blockId=conID: 1 locID: 102665036031590856 bcsId: 0,size=1048576]} | ret=SUCCESS |  
2019-08-23 07:08:53,910 [grpc-default-executor-2] INFO  client.GrpcClientProtocolClient (GrpcClientProtocolClient.java:onNext(255)) - client-D91E5D1E15CE->f2ba01fc-a63e-4348-bd18-030b60a135e7: receive RaftClientReply:client-D91E5D1E15CE->f2ba01fc-a63e-4348-bd18-030b60a135e7@group-C8C62FEF0626, cid=1126, SUCCESS, logIndex=0, commits[f2ba01fc-a63e-4348-bd18-030b60a135e7:c1549, eab135d4-a257-4705-b491-6c056b8c5df7:c1546, a4f67574-9018-43e7-8a54-351e98dc3d0a:c1546]
2019-08-23 07:08:53,911 | INFO  | DNAudit | user=null | ip=null | op=WRITE_CHUNK {blockData=conID: 1 locID: 102665036031590856 bcsId: 0} | ret=SUCCESS |  
2019-08-23 07:08:53,911 | INFO  | DNAudit | user=null | ip=null | op=WRITE_CHUNK {blockData=conID: 1 locID: 102665036031590856 bcsId: 0} | ret=SUCCESS |  
2019-08-23 07:08:53,912 | INFO  | DNAudit | user=null | ip=null | op=PUT_BLOCK {blockData=[blockId=conID: 1 locID: 102665036031590856 bcsId: 0,size=2097152]} | ret=SUCCESS |  
2019-08-23 07:08:53,912 | INFO  | DNAudit | user=null | ip=null | op=PUT_BLOCK {blockData=[blockId=conID: 1 locID: 102665036031590856 bcsId: 0,size=2097152]} | ret=SUCCESS |  
2019-08-23 07:08:53,917 | INFO  | DNAudit | user=null | ip=null | op=WRITE_CHUNK {blockData=conID: 1 locID: 102665036031590856 bcsId: 1548} | ret=SUCCESS |  
2019-08-23 07:08:53,918 | INFO  | DNAudit | user=null | ip=null | op=WRITE_CHUNK {blockData=conID: 1 locID: 102665036031590856 bcsId: 1548} | ret=SUCCESS |  
2019-08-23 07:08:53,918 | INFO  | DNAudit | user=null | ip=null | op=WRITE_CHUNK {blockData=conID: 1 locID: 102665036031590856 bcsId: 1548} | ret=SUCCESS |  
2019-08-23 07:08:53,920 | INFO  | DNAudit | user=null | ip=null | op=WRITE_CHUNK {blockData=conID: 1 locID: 102665036031590856 bcsId: 1548} | ret=SUCCESS |  
2019-08-23 07:08:53,920 | INFO  | DNAudit | user=null | ip=null | op=PUT_BLOCK {blockData=[blockId=conID: 1 locID: 102665036031590856 bcsId: 0,size=3145728]} | ret=SUCCESS |  
2019-08-23 07:08:53,920 [grpc-default-executor-2] INFO  client.GrpcClientProtocolClient (GrpcClientProtocolClient.java:onNext(255)) - client-D91E5D1E15CE->f2ba01fc-a63e-4348-bd18-030b60a135e7: receive RaftClientReply:client-D91E5D1E15CE->f2ba01fc-a63e-4348-bd18-030b60a135e7@group-C8C62FEF0626, cid=1127, SUCCESS, logIndex=1553, commits[f2ba01fc-a63e-4348-bd18-030b60a135e7:c1554, eab135d4-a257-4705-b491-6c056b8c5df7:c1552, a4f67574-9018-43e7-8a54-351e98dc3d0a:c1552]
2019-08-23 07:08:53,921 [grpc-default-executor-2] INFO  client.GrpcClientProtocolClient (GrpcClientProtocolClient.java:onNext(255)) - client-D91E5D1E15CE->f2ba01fc-a63e-4348-bd18-030b60a135e7: receive RaftClientReply:client-D91E5D1E15CE->f2ba01fc-a63e-4348-bd18-030b60a135e7@group-C8C62FEF0626, cid=1128, SUCCESS, logIndex=1554, commits[f2ba01fc-a63e-4348-bd18-030b60a135e7:c1554, eab135d4-a257-4705-b491-6c056b8c5df7:c1552, a4f67574-9018-43e7-8a54-351e98dc3d0a:c1552]
2019-08-23 07:08:53,922 | INFO  | DNAudit | user=null | ip=null | op=WRITE_CHUNK {blockData=conID: 1 locID: 102665036031590856 bcsId: 1548} | ret=SUCCESS |  
2019-08-23 07:08:53,922 | INFO  | DNAudit | user=null | ip=null | op=WRITE_CHUNK {blockData=conID: 1 locID: 102665036031590856 bcsId: 1548} | ret=SUCCESS |  
2019-08-23 07:08:53,923 | INFO  | DNAudit | user=null | ip=null | op=PUT_BLOCK {blockData=[blockId=conID: 1 locID: 102665036031590856 bcsId: 0,size=3145728]} | ret=SUCCESS |  
2019-08-23 07:08:53,923 | INFO  | DNAudit | user=null | ip=null | op=PUT_BLOCK {blockData=[blockId=conID: 1 locID: 102665036031590856 bcsId: 0,size=3145728]} | ret=SUCCESS |  
2019-08-23 07:08:53,927 | INFO  | DNAudit | user=null | ip=null | op=WRITE_CHUNK {blockData=conID: 1 locID: 102665036031590856 bcsId: 1554} | ret=SUCCESS |  
2019-08-23 07:08:53,929 | INFO  | DNAudit | user=null | ip=null | op=WRITE_CHUNK {blockData=conID: 1 locID: 102665036031590856 bcsId: 1554} | ret=SUCCESS |  
2019-08-23 07:08:53,929 | INFO  | DNAudit | user=null | ip=null | op=WRITE_CHUNK {blockData=conID: 1 locID: 102665036031590856 bcsId: 1554} | ret=SUCCESS |  
2019-08-23 07:08:53,932 | INFO  | DNAudit | user=null | ip=null | op=WRITE_CHUNK {blockData=conID: 1 locID: 102665036031590856 bcsId: 1554} | ret=SUCCESS |  
2019-08-23 07:08:53,932 | INFO  | DNAudit | user=null | ip=null | op=PUT_BLOCK {blockData=[blockId=conID: 1 locID: 102665036031590856 bcsId: 0,size=4194304]} | ret=SUCCESS |  
2019-08-23 07:08:53,932 [grpc-default-executor-4] INFO  client.GrpcClientProtocolClient (GrpcClientProtocolClient.java:onNext(255)) - client-D91E5D1E15CE->f2ba01fc-a63e-4348-bd18-030b60a135e7: receive RaftClientReply:client-D91E5D1E15CE->f2ba01fc-a63e-4348-bd18-030b60a135e7@group-C8C62FEF0626, cid=1129, SUCCESS, logIndex=1557, commits[f2ba01fc-a63e-4348-bd18-030b60a135e7:c1558, eab135d4-a257-4705-b491-6c056b8c5df7:c1554, a4f67574-9018-43e7-8a54-351e98dc3d0a:c1556]
2019-08-23 07:08:53,933 [grpc-default-executor-4] INFO  client.GrpcClientProtocolClient (GrpcClientProtocolClient.java:onNext(255)) - client-D91E5D1E15CE->f2ba01fc-a63e-4348-bd18-030b60a135e7: receive RaftClientReply:client-D91E5D1E15CE->f2ba01fc-a63e-4348-bd18-030b60a135e7@group-C8C62FEF0626, cid=1130, SUCCESS, logIndex=1558, commits[f2ba01fc-a63e-4348-bd18-030b60a135e7:c1558, eab135d4-a257-4705-b491-6c056b8c5df7:c1556, a4f67574-9018-43e7-8a54-351e98dc3d0a:c1556]
2019-08-23 07:08:53,933 | INFO  | DNAudit | user=null | ip=null | op=WRITE_CHUNK {blockData=conID: 1 locID: 102665036031590856 bcsId: 1554} | ret=SUCCESS |  
2019-08-23 07:08:53,934 | INFO  | DNAudit | user=null | ip=null | op=WRITE_CHUNK {blockData=conID: 1 locID: 102665036031590856 bcsId: 1554} | ret=SUCCESS |  
2019-08-23 07:08:53,934 | INFO  | DNAudit | user=null | ip=null | op=PUT_BLOCK {blockData=[blockId=conID: 1 locID: 102665036031590856 bcsId: 0,size=4194304]} | ret=SUCCESS |  
2019-08-23 07:08:53,934 | INFO  | DNAudit | user=null | ip=null | op=PUT_BLOCK {blockData=[blockId=conID: 1 locID: 102665036031590856 bcsId: 0,size=4194304]} | ret=SUCCESS |  
2019-08-23 07:08:53,935 [grpc-default-executor-2] INFO  client.GrpcClientProtocolClient (GrpcClientProtocolClient.java:onNext(255)) - client-D91E5D1E15CE->f2ba01fc-a63e-4348-bd18-030b60a135e7: receive RaftClientReply:client-D91E5D1E15CE->f2ba01fc-a63e-4348-bd18-030b60a135e7@group-C8C62FEF0626, cid=1131, SUCCESS, logIndex=0, commits[f2ba01fc-a63e-4348-bd18-030b60a135e7:c1559, eab135d4-a257-4705-b491-6c056b8c5df7:c1558, a4f67574-9018-43e7-8a54-351e98dc3d0a:c1558]
2019-08-23 07:08:53,936 | INFO  | SCMAudit | user=jenkins1000 | ip=192.168.5.178 | op=SEND_HEARTBEAT {datanodeUUID=5c311bc2-cc7c-45de-998f-f79499d85d4e, command=[]} | ret=SUCCESS |  
2019-08-23 07:08:54,030 | INFO  | DNAudit | user=null | ip=null | op=WRITE_CHUNK {blockData=conID: 2 locID: 102665036031590857 bcsId: 0} | ret=SUCCESS |  
2019-08-23 07:08:54,033 | INFO  | DNAudit | user=null | ip=null | op=WRITE_CHUNK {blockData=conID: 2 locID: 102665036031590857 bcsId: 0} | ret=SUCCESS |  
2019-08-23 07:08:54,033 | INFO  | DNAudit | user=null | ip=null | op=WRITE_CHUNK {blockData=conID: 2 locID: 102665036031590857 bcsId: 0} | ret=SUCCESS |  
2019-08-23 07:08:54,034 | INFO  | DNAudit | user=null | ip=null | op=WRITE_CHUNK {blockData=conID: 2 locID: 102665036031590857 bcsId: 0} | ret=SUCCESS |  
2019-08-23 07:08:54,036 | INFO  | DNAudit | user=null | ip=null | op=WRITE_CHUNK {blockData=conID: 2 locID: 102665036031590857 bcsId: 0} | ret=SUCCESS |  
2019-08-23 07:08:54,036 | INFO  | DNAudit | user=null | ip=null | op=WRITE_CHUNK {blockData=conID: 2 locID: 102665036031590857 bcsId: 0} | ret=SUCCESS |  
2019-08-23 07:08:54,043 | INFO  | DNAudit | user=null | ip=null | op=WRITE_CHUNK {blockData=conID: 2 locID: 102665036031590857 bcsId: 0} | ret=SUCCESS |  
2019-08-23 07:08:54,044 | INFO  | DNAudit | user=null | ip=null | op=PUT_BLOCK {blockData=[blockId=conID: 2 locID: 102665036031590857 bcsId: 0,size=1048576]} | ret=SUCCESS |  
2019-08-23 07:08:54,044 | INFO  | DNAudit | user=null | ip=null | op=WRITE_CHUNK {blockData=conID: 2 locID: 102665036031590857 bcsId: 0} | ret=SUCCESS |  
2019-08-23 07:08:54,044 [grpc-default-executor-6] INFO  client.GrpcClientProtocolClient (GrpcClientProtocolClient.java:onNext(255)) - client-D91E5D1E15CE->f2ba01fc-a63e-4348-bd18-030b60a135e7: receive RaftClientReply:client-D91E5D1E15CE->f2ba01fc-a63e-4348-bd18-030b60a135e7@group-C8C62FEF0626, cid=1132, SUCCESS, logIndex=1561, commits[f2ba01fc-a63e-4348-bd18-030b60a135e7:c1563, eab135d4-a257-4705-b491-6c056b8c5df7:c1560, a4f67574-9018-43e7-8a54-351e98dc3d0a:c1560]
2019-08-23 07:08:54,045 | INFO  | DNAudit | user=null | ip=null | op=PUT_BLOCK {blockData=[blockId=conID: 2 locID: 102665036031590857 bcsId: 0,size=2097152]} | ret=SUCCESS |  
2019-08-23 07:08:54,045 | INFO  | DNAudit | user=null | ip=null | op=WRITE_CHUNK {blockData=conID: 2 locID: 102665036031590857 bcsId: 0} | ret=SUCCESS |  
2019-08-23 07:08:54,045 [grpc-default-executor-4] INFO  client.GrpcClientProtocolClient (GrpcClientProtocolClient.java:onNext(255)) - client-D91E5D1E15CE->f2ba01fc-a63e-4348-bd18-030b60a135e7: receive RaftClientReply:client-D91E5D1E15CE->f2ba01fc-a63e-4348-bd18-030b60a135e7@group-C8C62FEF0626, cid=1133, SUCCESS, logIndex=1562, commits[f2ba01fc-a63e-4348-bd18-030b60a135e7:c1564, eab135d4-a257-4705-b491-6c056b8c5df7:c1560, a4f67574-9018-43e7-8a54-351e98dc3d0a:c1560]
2019-08-23 07:08:54,045 | INFO  | DNAudit | user=null | ip=null | op=PUT_BLOCK {blockData=[blockId=conID: 2 locID: 102665036031590857 bcsId: 0,size=1048576]} | ret=SUCCESS |  
2019-08-23 07:08:54,045 | INFO  | DNAudit | user=null | ip=null | op=WRITE_CHUNK {blockData=conID: 2 locID: 102665036031590857 bcsId: 0} | ret=SUCCESS |  
2019-08-23 07:08:54,045 [grpc-default-executor-6] INFO  client.GrpcClientProtocolClient (GrpcClientProtocolClient.java:onNext(255)) - client-D91E5D1E15CE->f2ba01fc-a63e-4348-bd18-030b60a135e7: receive RaftClientReply:client-D91E5D1E15CE->f2ba01fc-a63e-4348-bd18-030b60a135e7@group-C8C62FEF0626, cid=1134, SUCCESS, logIndex=1563, commits[f2ba01fc-a63e-4348-bd18-030b60a135e7:c1564, eab135d4-a257-4705-b491-6c056b8c5df7:c1560, a4f67574-9018-43e7-8a54-351e98dc3d0a:c1560]
2019-08-23 07:08:54,045 | INFO  | DNAudit | user=null | ip=null | op=PUT_BLOCK {blockData=[blockId=conID: 2 locID: 102665036031590857 bcsId: 0,size=1048576]} | ret=SUCCESS |  
2019-08-23 07:08:54,046 | INFO  | DNAudit | user=null | ip=null | op=WRITE_CHUNK {blockData=conID: 2 locID: 102665036031590857 bcsId: 0} | ret=SUCCESS |  
2019-08-23 07:08:54,046 [grpc-default-executor-6] INFO  client.GrpcClientProtocolClient (GrpcClientProtocolClient.java:onNext(255)) - client-D91E5D1E15CE->f2ba01fc-a63e-4348-bd18-030b60a135e7: receive RaftClientReply:client-D91E5D1E15CE->f2ba01fc-a63e-4348-bd18-030b60a135e7@group-C8C62FEF0626, cid=1135, SUCCESS, logIndex=1564, commits[f2ba01fc-a63e-4348-bd18-030b60a135e7:c1565, eab135d4-a257-4705-b491-6c056b8c5df7:c1562, a4f67574-9018-43e7-8a54-351e98dc3d0a:c1560]
2019-08-23 07:08:54,046 | INFO  | DNAudit | user=null | ip=null | op=WRITE_CHUNK {blockData=conID: 2 locID: 102665036031590857 bcsId: 0} | ret=SUCCESS |  
2019-08-23 07:08:54,046 | INFO  | DNAudit | user=null | ip=null | op=PUT_BLOCK {blockData=[blockId=conID: 2 locID: 102665036031590857 bcsId: 0,size=2097152]} | ret=SUCCESS |  
2019-08-23 07:08:54,046 | INFO  | DNAudit | user=null | ip=null | op=PUT_BLOCK {blockData=[blockId=conID: 2 locID: 102665036031590857 bcsId: 0,size=2097152]} | ret=SUCCESS |  
2019-08-23 07:08:54,047 [grpc-default-executor-4] INFO  client.GrpcClientProtocolClient (GrpcClientProtocolClient.java:onNext(255)) - client-D91E5D1E15CE->f2ba01fc-a63e-4348-bd18-030b60a135e7: receive RaftClientReply:client-D91E5D1E15CE->f2ba01fc-a63e-4348-bd18-030b60a135e7@group-C8C62FEF0626, cid=1136, SUCCESS, logIndex=0, commits[f2ba01fc-a63e-4348-bd18-030b60a135e7:c1568, eab135d4-a257-4705-b491-6c056b8c5df7:c1564, a4f67574-9018-43e7-8a54-351e98dc3d0a:c1564]
2019-08-23 07:08:54,052 | INFO  | DNAudit | user=null | ip=null | op=WRITE_CHUNK {blockData=conID: 2 locID: 102665036031590857 bcsId: 1564} | ret=SUCCESS |  
2019-08-23 07:08:54,055 | INFO  | DNAudit | user=null | ip=null | op=WRITE_CHUNK {blockData=conID: 2 locID: 102665036031590857 bcsId: 1564} | ret=SUCCESS |  
2019-08-23 07:08:54,056 | INFO  | DNAudit | user=null | ip=null | op=WRITE_CHUNK {blockData=conID: 2 locID: 102665036031590857 bcsId: 1564} | ret=SUCCESS |  
2019-08-23 07:08:54,065 | INFO  | DNAudit | user=null | ip=null | op=WRITE_CHUNK {blockData=conID: 2 locID: 102665036031590857 bcsId: 1564} | ret=SUCCESS |  
2019-08-23 07:08:54,065 | INFO  | DNAudit | user=null | ip=null | op=PUT_BLOCK {blockData=[blockId=conID: 2 locID: 102665036031590857 bcsId: 0,size=3145728]} | ret=SUCCESS |  
2019-08-23 07:08:54,065 [grpc-default-executor-2] INFO  client.GrpcClientProtocolClient (GrpcClientProtocolClient.java:onNext(255)) - client-D91E5D1E15CE->f2ba01fc-a63e-4348-bd18-030b60a135e7: receive RaftClientReply:client-D91E5D1E15CE->f2ba01fc-a63e-4348-bd18-030b60a135e7@group-C8C62FEF0626, cid=1137, SUCCESS, logIndex=1569, commits[f2ba01fc-a63e-4348-bd18-030b60a135e7:c1570, eab135d4-a257-4705-b491-6c056b8c5df7:c1568, a4f67574-9018-43e7-8a54-351e98dc3d0a:c1568]
2019-08-23 07:08:54,066 [grpc-default-executor-2] INFO  client.GrpcClientProtocolClient (GrpcClientProtocolClient.java:onNext(255)) - client-D91E5D1E15CE->f2ba01fc-a63e-4348-bd18-030b60a135e7: receive RaftClientReply:client-D91E5D1E15CE->f2ba01fc-a63e-4348-bd18-030b60a135e7@group-C8C62FEF0626, cid=1138, SUCCESS, logIndex=1570, commits[f2ba01fc-a63e-4348-bd18-030b60a135e7:c1570, eab135d4-a257-4705-b491-6c056b8c5df7:c1568, a4f67574-9018-43e7-8a54-351e98dc3d0a:c1568]
2019-08-23 07:08:54,072 | INFO  | DNAudit | user=null | ip=null | op=WRITE_CHUNK {blockData=conID: 2 locID: 102665036031590857 bcsId: 1570} | ret=SUCCESS |  
2019-08-23 07:08:54,074 | INFO  | DNAudit | user=null | ip=null | op=WRITE_CHUNK {blockData=conID: 2 locID: 102665036031590857 bcsId: 1570} | ret=SUCCESS |  
2019-08-23 07:08:54,074 | INFO  | DNAudit | user=null | ip=null | op=WRITE_CHUNK {blockData=conID: 2 locID: 102665036031590857 bcsId: 1570} | ret=SUCCESS |  
2019-08-23 07:08:54,076 | INFO  | DNAudit | user=null | ip=null | op=WRITE_CHUNK {blockData=conID: 2 locID: 102665036031590857 bcsId: 1564} | ret=SUCCESS |  
2019-08-23 07:08:54,076 | INFO  | DNAudit | user=null | ip=null | op=WRITE_CHUNK {blockData=conID: 2 locID: 102665036031590857 bcsId: 1564} | ret=SUCCESS |  
2019-08-23 07:08:54,078 | INFO  | DNAudit | user=null | ip=null | op=PUT_BLOCK {blockData=[blockId=conID: 2 locID: 102665036031590857 bcsId: 0,size=3145728]} | ret=SUCCESS |  
2019-08-23 07:08:54,078 | INFO  | DNAudit | user=null | ip=null | op=PUT_BLOCK {blockData=[blockId=conID: 2 locID: 102665036031590857 bcsId: 0,size=3145728]} | ret=SUCCESS |  
2019-08-23 07:08:54,078 | INFO  | DNAudit | user=null | ip=null | op=WRITE_CHUNK {blockData=conID: 2 locID: 102665036031590857 bcsId: 1570} | ret=SUCCESS |  
2019-08-23 07:08:54,079 | INFO  | DNAudit | user=null | ip=null | op=PUT_BLOCK {blockData=[blockId=conID: 2 locID: 102665036031590857 bcsId: 0,size=4194304]} | ret=SUCCESS |  
2019-08-23 07:08:54,079 [grpc-default-executor-2] INFO  client.GrpcClientProtocolClient (GrpcClientProtocolClient.java:onNext(255)) - client-D91E5D1E15CE->f2ba01fc-a63e-4348-bd18-030b60a135e7: receive RaftClientReply:client-D91E5D1E15CE->f2ba01fc-a63e-4348-bd18-030b60a135e7@group-C8C62FEF0626, cid=1139, SUCCESS, logIndex=1573, commits[f2ba01fc-a63e-4348-bd18-030b60a135e7:c1574, eab135d4-a257-4705-b491-6c056b8c5df7:c1570, a4f67574-9018-43e7-8a54-351e98dc3d0a:c1570]
2019-08-23 07:08:54,079 [grpc-default-executor-2] INFO  client.GrpcClientProtocolClient (GrpcClientProtocolClient.java:onNext(255)) - client-D91E5D1E15CE->f2ba01fc-a63e-4348-bd18-030b60a135e7: receive RaftClientReply:client-D91E5D1E15CE->f2ba01fc-a63e-4348-bd18-030b60a135e7@group-C8C62FEF0626, cid=1140, SUCCESS, logIndex=1574, commits[f2ba01fc-a63e-4348-bd18-030b60a135e7:c1574, eab135d4-a257-4705-b491-6c056b8c5df7:c1570, a4f67574-9018-43e7-8a54-351e98dc3d0a:c1570]
2019-08-23 07:08:54,090 | INFO  | DNAudit | user=null | ip=null | op=WRITE_CHUNK {blockData=conID: 2 locID: 102665036031590857 bcsId: 1570} | ret=SUCCESS |  
2019-08-23 07:08:54,090 | INFO  | DNAudit | user=null | ip=null | op=WRITE_CHUNK {blockData=conID: 2 locID: 102665036031590857 bcsId: 1570} | ret=SUCCESS |  
2019-08-23 07:08:54,091 | INFO  | DNAudit | user=null | ip=null | op=PUT_BLOCK {blockData=[blockId=conID: 2 locID: 102665036031590857 bcsId: 0,size=4194304]} | ret=SUCCESS |  
2019-08-23 07:08:54,091 | INFO  | DNAudit | user=null | ip=null | op=PUT_BLOCK {blockData=[blockId=conID: 2 locID: 102665036031590857 bcsId: 0,size=4194304]} | ret=SUCCESS |  
2019-08-23 07:08:54,091 [grpc-default-executor-2] INFO  client.GrpcClientProtocolClient (GrpcClientProtocolClient.java:onNext(255)) - client-D91E5D1E15CE->f2ba01fc-a63e-4348-bd18-030b60a135e7: receive RaftClientReply:client-D91E5D1E15CE->f2ba01fc-a63e-4348-bd18-030b60a135e7@group-C8C62FEF0626, cid=1141, SUCCESS, logIndex=0, commits[f2ba01fc-a63e-4348-bd18-030b60a135e7:c1576, eab135d4-a257-4705-b491-6c056b8c5df7:c1574, a4f67574-9018-43e7-8a54-351e98dc3d0a:c1574]
2019-08-23 07:08:54,099 | INFO  | DNAudit | user=null | ip=null | op=WRITE_CHUNK {blockData=conID: 3 locID: 102665036031590858 bcsId: 0} | ret=SUCCESS |  
2019-08-23 07:08:54,101 | INFO  | DNAudit | user=null | ip=null | op=WRITE_CHUNK {blockData=conID: 3 locID: 102665036031590858 bcsId: 0} | ret=SUCCESS |  
2019-08-23 07:08:54,101 | INFO  | DNAudit | user=null | ip=null | op=WRITE_CHUNK {blockData=conID: 3 locID: 102665036031590858 bcsId: 0} | ret=SUCCESS |  
2019-08-23 07:08:54,102 | INFO  | DNAudit | user=null | ip=null | op=WRITE_CHUNK {blockData=conID: 3 locID: 102665036031590858 bcsId: 0} | ret=SUCCESS |  
2019-08-23 07:08:54,106 | INFO  | DNAudit | user=null | ip=null | op=WRITE_CHUNK {blockData=conID: 3 locID: 102665036031590858 bcsId: 0} | ret=SUCCESS |  
2019-08-23 07:08:54,106 | INFO  | DNAudit | user=null | ip=null | op=WRITE_CHUNK {blockData=conID: 3 locID: 102665036031590858 bcsId: 0} | ret=SUCCESS |  
2019-08-23 07:08:54,113 | INFO  | DNAudit | user=null | ip=null | op=WRITE_CHUNK {blockData=conID: 3 locID: 102665036031590858 bcsId: 0} | ret=SUCCESS |  
2019-08-23 07:08:54,115 | INFO  | DNAudit | user=null | ip=null | op=PUT_BLOCK {blockData=[blockId=conID: 3 locID: 102665036031590858 bcsId: 0,size=1048576]} | ret=SUCCESS |  
2019-08-23 07:08:54,116 [grpc-default-executor-4] INFO  client.GrpcClientProtocolClient (GrpcClientProtocolClient.java:onNext(255)) - client-D91E5D1E15CE->f2ba01fc-a63e-4348-bd18-030b60a135e7: receive RaftClientReply:client-D91E5D1E15CE->f2ba01fc-a63e-4348-bd18-030b60a135e7@group-C8C62FEF0626, cid=1142, SUCCESS, logIndex=1577, commits[f2ba01fc-a63e-4348-bd18-030b60a135e7:c1578, eab135d4-a257-4705-b491-6c056b8c5df7:c1576, a4f67574-9018-43e7-8a54-351e98dc3d0a:c1576]
2019-08-23 07:08:54,116 | INFO  | DNAudit | user=null | ip=null | op=WRITE_CHUNK {blockData=conID: 3 locID: 102665036031590858 bcsId: 0} | ret=SUCCESS |  
2019-08-23 07:08:54,117 | INFO  | DNAudit | user=null | ip=null | op=PUT_BLOCK {blockData=[blockId=conID: 3 locID: 102665036031590858 bcsId: 0,size=2097152]} | ret=SUCCESS |  
2019-08-23 07:08:54,117 [grpc-default-executor-4] INFO  client.GrpcClientProtocolClient (GrpcClientProtocolClient.java:onNext(255)) - client-D91E5D1E15CE->f2ba01fc-a63e-4348-bd18-030b60a135e7: receive RaftClientReply:client-D91E5D1E15CE->f2ba01fc-a63e-4348-bd18-030b60a135e7@group-C8C62FEF0626, cid=1143, SUCCESS, logIndex=1578, commits[f2ba01fc-a63e-4348-bd18-030b60a135e7:c1579, eab135d4-a257-4705-b491-6c056b8c5df7:c1576, a4f67574-9018-43e7-8a54-351e98dc3d0a:c1576]
2019-08-23 07:08:54,117 [grpc-default-executor-4] INFO  client.GrpcClientProtocolClient (GrpcClientProtocolClient.java:onNext(255)) - client-D91E5D1E15CE->f2ba01fc-a63e-4348-bd18-030b60a135e7: receive RaftClientReply:client-D91E5D1E15CE->f2ba01fc-a63e-4348-bd18-030b60a135e7@group-C8C62FEF0626, cid=1144, SUCCESS, logIndex=1579, commits[f2ba01fc-a63e-4348-bd18-030b60a135e7:c1580, eab135d4-a257-4705-b491-6c056b8c5df7:c1576, a4f67574-9018-43e7-8a54-351e98dc3d0a:c1576]
2019-08-23 07:08:54,118 [grpc-default-executor-4] INFO  client.GrpcClientProtocolClient (GrpcClientProtocolClient.java:onNext(255)) - client-D91E5D1E15CE->f2ba01fc-a63e-4348-bd18-030b60a135e7: receive RaftClientReply:client-D91E5D1E15CE->f2ba01fc-a63e-4348-bd18-030b60a135e7@group-C8C62FEF0626, cid=1145, SUCCESS, logIndex=1580, commits[f2ba01fc-a63e-4348-bd18-030b60a135e7:c1580, eab135d4-a257-4705-b491-6c056b8c5df7:c1576, a4f67574-9018-43e7-8a54-351e98dc3d0a:c1576]
2019-08-23 07:08:54,127 | INFO  | DNAudit | user=null | ip=null | op=WRITE_CHUNK {blockData=conID: 3 locID: 102665036031590858 bcsId: 0} | ret=SUCCESS |  
2019-08-23 07:08:54,127 | INFO  | DNAudit | user=null | ip=null | op=WRITE_CHUNK {blockData=conID: 3 locID: 102665036031590858 bcsId: 0} | ret=SUCCESS |  
2019-08-23 07:08:54,128 | INFO  | DNAudit | user=null | ip=null | op=PUT_BLOCK {blockData=[blockId=conID: 3 locID: 102665036031590858 bcsId: 0,size=1048576]} | ret=SUCCESS |  
2019-08-23 07:08:54,128 | INFO  | DNAudit | user=null | ip=null | op=PUT_BLOCK {blockData=[blockId=conID: 3 locID: 102665036031590858 bcsId: 0,size=1048576]} | ret=SUCCESS |  
2019-08-23 07:08:54,128 | INFO  | DNAudit | user=null | ip=null | op=WRITE_CHUNK {blockData=conID: 3 locID: 102665036031590858 bcsId: 0} | ret=SUCCESS |  
2019-08-23 07:08:54,128 [grpc-default-executor-3] INFO  client.GrpcClientProtocolClient (GrpcClientProtocolClient.java:onNext(255)) - client-D91E5D1E15CE->f2ba01fc-a63e-4348-bd18-030b60a135e7: receive RaftClientReply:client-D91E5D1E15CE->f2ba01fc-a63e-4348-bd18-030b60a135e7@group-C8C62FEF0626, cid=1146, SUCCESS, logIndex=0, commits[f2ba01fc-a63e-4348-bd18-030b60a135e7:c1581, eab135d4-a257-4705-b491-6c056b8c5df7:c1578, a4f67574-9018-43e7-8a54-351e98dc3d0a:c1580]
2019-08-23 07:08:54,129 | INFO  | DNAudit | user=null | ip=null | op=WRITE_CHUNK {blockData=conID: 3 locID: 102665036031590858 bcsId: 0} | ret=SUCCESS |  
2019-08-23 07:08:54,129 | INFO  | DNAudit | user=null | ip=null | op=PUT_BLOCK {blockData=[blockId=conID: 3 locID: 102665036031590858 bcsId: 0,size=2097152]} | ret=SUCCESS |  
2019-08-23 07:08:54,129 | INFO  | DNAudit | user=null | ip=null | op=PUT_BLOCK {blockData=[blockId=conID: 3 locID: 102665036031590858 bcsId: 0,size=2097152]} | ret=SUCCESS |  
2019-08-23 07:08:54,136 | INFO  | DNAudit | user=null | ip=null | op=WRITE_CHUNK {blockData=conID: 3 locID: 102665036031590858 bcsId: 1580} | ret=SUCCESS |  
2019-08-23 07:08:54,137 | INFO  | DNAudit | user=null | ip=null | op=WRITE_CHUNK {blockData=conID: 3 locID: 102665036031590858 bcsId: 1580} | ret=SUCCESS |  
2019-08-23 07:08:54,138 | INFO  | DNAudit | user=null | ip=null | op=WRITE_CHUNK {blockData=conID: 3 locID: 102665036031590858 bcsId: 1580} | ret=SUCCESS |  
2019-08-23 07:08:54,144 | INFO  | SCMAudit | user=jenkins1000 | ip=192.168.5.178 | op=SEND_HEARTBEAT {datanodeUUID=b7d3ecaa-ab76-49a0-b691-40b7e1ed625a, command=[]} | ret=SUCCESS |  
2019-08-23 07:08:54,148 | INFO  | DNAudit | user=null | ip=null | op=WRITE_CHUNK {blockData=conID: 3 locID: 102665036031590858 bcsId: 1580} | ret=SUCCESS |  
2019-08-23 07:08:54,148 | INFO  | DNAudit | user=null | ip=null | op=PUT_BLOCK {blockData=[blockId=conID: 3 locID: 102665036031590858 bcsId: 0,size=3145728]} | ret=SUCCESS |  
2019-08-23 07:08:54,149 [grpc-default-executor-3] INFO  client.GrpcClientProtocolClient (GrpcClientProtocolClient.java:onNext(255)) - client-D91E5D1E15CE->f2ba01fc-a63e-4348-bd18-030b60a135e7: receive RaftClientReply:client-D91E5D1E15CE->f2ba01fc-a63e-4348-bd18-030b60a135e7@group-C8C62FEF0626, cid=1147, SUCCESS, logIndex=1585, commits[f2ba01fc-a63e-4348-bd18-030b60a135e7:c1586, eab135d4-a257-4705-b491-6c056b8c5df7:c1584, a4f67574-9018-43e7-8a54-351e98dc3d0a:c1584]
2019-08-23 07:08:54,149 [grpc-default-executor-3] INFO  client.GrpcClientProtocolClient (GrpcClientProtocolClient.java:onNext(255)) - client-D91E5D1E15CE->f2ba01fc-a63e-4348-bd18-030b60a135e7: receive RaftClientReply:client-D91E5D1E15CE->f2ba01fc-a63e-4348-bd18-030b60a135e7@group-C8C62FEF0626, cid=1148, SUCCESS, logIndex=1586, commits[f2ba01fc-a63e-4348-bd18-030b60a135e7:c1586, eab135d4-a257-4705-b491-6c056b8c5df7:c1584, a4f67574-9018-43e7-8a54-351e98dc3d0a:c1584]
2019-08-23 07:08:54,155 | INFO  | DNAudit | user=null | ip=null | op=WRITE_CHUNK {blockData=conID: 3 locID: 102665036031590858 bcsId: 1586} | ret=SUCCESS |  
2019-08-23 07:08:54,156 | INFO  | DNAudit | user=null | ip=null | op=WRITE_CHUNK {blockData=conID: 3 locID: 102665036031590858 bcsId: 1586} | ret=SUCCESS |  
2019-08-23 07:08:54,157 | INFO  | DNAudit | user=null | ip=null | op=WRITE_CHUNK {blockData=conID: 3 locID: 102665036031590858 bcsId: 1586} | ret=SUCCESS |  
2019-08-23 07:08:54,159 | INFO  | DNAudit | user=null | ip=null | op=WRITE_CHUNK {blockData=conID: 3 locID: 102665036031590858 bcsId: 1580} | ret=SUCCESS |  
2019-08-23 07:08:54,160 | INFO  | DNAudit | user=null | ip=null | op=WRITE_CHUNK {blockData=conID: 3 locID: 102665036031590858 bcsId: 1580} | ret=SUCCESS |  
2019-08-23 07:08:54,160 | INFO  | DNAudit | user=null | ip=null | op=PUT_BLOCK {blockData=[blockId=conID: 3 locID: 102665036031590858 bcsId: 0,size=3145728]} | ret=SUCCESS |  
2019-08-23 07:08:54,160 | INFO  | DNAudit | user=null | ip=null | op=PUT_BLOCK {blockData=[blockId=conID: 3 locID: 102665036031590858 bcsId: 0,size=3145728]} | ret=SUCCESS |  
2019-08-23 07:08:54,161 | INFO  | DNAudit | user=null | ip=null | op=WRITE_CHUNK {blockData=conID: 3 locID: 102665036031590858 bcsId: 1586} | ret=SUCCESS |  
2019-08-23 07:08:54,161 | INFO  | DNAudit | user=null | ip=null | op=PUT_BLOCK {blockData=[blockId=conID: 3 locID: 102665036031590858 bcsId: 0,size=4194304]} | ret=SUCCESS |  
2019-08-23 07:08:54,162 [grpc-default-executor-6] INFO  client.GrpcClientProtocolClient (GrpcClientProtocolClient.java:onNext(255)) - client-D91E5D1E15CE->f2ba01fc-a63e-4348-bd18-030b60a135e7: receive RaftClientReply:client-D91E5D1E15CE->f2ba01fc-a63e-4348-bd18-030b60a135e7@group-C8C62FEF0626, cid=1149, SUCCESS, logIndex=1589, commits[f2ba01fc-a63e-4348-bd18-030b60a135e7:c1590, eab135d4-a257-4705-b491-6c056b8c5df7:c1586, a4f67574-9018-43e7-8a54-351e98dc3d0a:c1586]
2019-08-23 07:08:54,162 [grpc-default-executor-6] INFO  client.GrpcClientProtocolClient (GrpcClientProtocolClient.java:onNext(255)) - client-D91E5D1E15CE->f2ba01fc-a63e-4348-bd18-030b60a135e7: receive RaftClientReply:client-D91E5D1E15CE->f2ba01fc-a63e-4348-bd18-030b60a135e7@group-C8C62FEF0626, cid=1150, SUCCESS, logIndex=1590, commits[f2ba01fc-a63e-4348-bd18-030b60a135e7:c1590, eab135d4-a257-4705-b491-6c056b8c5df7:c1586, a4f67574-9018-43e7-8a54-351e98dc3d0a:c1586]
2019-08-23 07:08:54,173 | INFO  | DNAudit | user=null | ip=null | op=WRITE_CHUNK {blockData=conID: 3 locID: 102665036031590858 bcsId: 1586} | ret=SUCCESS |  
2019-08-23 07:08:54,173 | INFO  | DNAudit | user=null | ip=null | op=WRITE_CHUNK {blockData=conID: 3 locID: 102665036031590858 bcsId: 1586} | ret=SUCCESS |  
2019-08-23 07:08:54,173 | INFO  | DNAudit | user=null | ip=null | op=PUT_BLOCK {blockData=[blockId=conID: 3 locID: 102665036031590858 bcsId: 0,size=4194304]} | ret=SUCCESS |  
2019-08-23 07:08:54,173 | INFO  | DNAudit | user=null | ip=null | op=PUT_BLOCK {blockData=[blockId=conID: 3 locID: 102665036031590858 bcsId: 0,size=4194304]} | ret=SUCCESS |  
2019-08-23 07:08:54,174 [grpc-default-executor-6] INFO  client.GrpcClientProtocolClient (GrpcClientProtocolClient.java:onNext(255)) - client-D91E5D1E15CE->f2ba01fc-a63e-4348-bd18-030b60a135e7: receive RaftClientReply:client-D91E5D1E15CE->f2ba01fc-a63e-4348-bd18-030b60a135e7@group-C8C62FEF0626, cid=1151, SUCCESS, logIndex=0, commits[f2ba01fc-a63e-4348-bd18-030b60a135e7:c1591, eab135d4-a257-4705-b491-6c056b8c5df7:c1590, a4f67574-9018-43e7-8a54-351e98dc3d0a:c1590]
2019-08-23 07:08:54,181 | INFO  | DNAudit | user=null | ip=null | op=WRITE_CHUNK {blockData=conID: 1 locID: 102665036031590859 bcsId: 0} | ret=SUCCESS |  
2019-08-23 07:08:54,183 | INFO  | DNAudit | user=null | ip=null | op=WRITE_CHUNK {blockData=conID: 1 locID: 102665036031590859 bcsId: 0} | ret=SUCCESS |  
2019-08-23 07:08:54,183 | INFO  | DNAudit | user=null | ip=null | op=WRITE_CHUNK {blockData=conID: 1 locID: 102665036031590859 bcsId: 0} | ret=SUCCESS |  
2019-08-23 07:08:54,183 | INFO  | DNAudit | user=null | ip=null | op=WRITE_CHUNK {blockData=conID: 1 locID: 102665036031590859 bcsId: 0} | ret=SUCCESS |  
2019-08-23 07:08:54,185 | INFO  | DNAudit | user=null | ip=null | op=WRITE_CHUNK {blockData=conID: 1 locID: 102665036031590859 bcsId: 0} | ret=SUCCESS |  
2019-08-23 07:08:54,186 | INFO  | DNAudit | user=null | ip=null | op=WRITE_CHUNK {blockData=conID: 1 locID: 102665036031590859 bcsId: 0} | ret=SUCCESS |  
2019-08-23 07:08:54,195 | INFO  | DNAudit | user=null | ip=null | op=WRITE_CHUNK {blockData=conID: 1 locID: 102665036031590859 bcsId: 0} | ret=SUCCESS |  
2019-08-23 07:08:54,196 | INFO  | DNAudit | user=null | ip=null | op=PUT_BLOCK {blockData=[blockId=conID: 1 locID: 102665036031590859 bcsId: 0,size=1048576]} | ret=SUCCESS |  
2019-08-23 07:08:54,196 | INFO  | DNAudit | user=null | ip=null | op=WRITE_CHUNK {blockData=conID: 1 locID: 102665036031590859 bcsId: 0} | ret=SUCCESS |  
2019-08-23 07:08:54,196 [grpc-default-executor-6] INFO  client.GrpcClientProtocolClient (GrpcClientProtocolClient.java:onNext(255)) - client-D91E5D1E15CE->f2ba01fc-a63e-4348-bd18-030b60a135e7: receive RaftClientReply:client-D91E5D1E15CE->f2ba01fc-a63e-4348-bd18-030b60a135e7@group-C8C62FEF0626, cid=1152, SUCCESS, logIndex=1593, commits[f2ba01fc-a63e-4348-bd18-030b60a135e7:c1594, eab135d4-a257-4705-b491-6c056b8c5df7:c1592, a4f67574-9018-43e7-8a54-351e98dc3d0a:c1592]
2019-08-23 07:08:54,197 | INFO  | DNAudit | user=null | ip=null | op=PUT_BLOCK {blockData=[blockId=conID: 1 locID: 102665036031590859 bcsId: 0,size=2097152]} | ret=SUCCESS |  
2019-08-23 07:08:54,197 [grpc-default-executor-4] INFO  client.GrpcClientProtocolClient (GrpcClientProtocolClient.java:onNext(255)) - client-D91E5D1E15CE->f2ba01fc-a63e-4348-bd18-030b60a135e7: receive RaftClientReply:client-D91E5D1E15CE->f2ba01fc-a63e-4348-bd18-030b60a135e7@group-C8C62FEF0626, cid=1153, SUCCESS, logIndex=1594, commits[f2ba01fc-a63e-4348-bd18-030b60a135e7:c1595, eab135d4-a257-4705-b491-6c056b8c5df7:c1592, a4f67574-9018-43e7-8a54-351e98dc3d0a:c1592]
2019-08-23 07:08:54,197 [grpc-default-executor-4] INFO  client.GrpcClientProtocolClient (GrpcClientProtocolClient.java:onNext(255)) - client-D91E5D1E15CE->f2ba01fc-a63e-4348-bd18-030b60a135e7: receive RaftClientReply:client-D91E5D1E15CE->f2ba01fc-a63e-4348-bd18-030b60a135e7@group-C8C62FEF0626, cid=1154, SUCCESS, logIndex=1595, commits[f2ba01fc-a63e-4348-bd18-030b60a135e7:c1596, eab135d4-a257-4705-b491-6c056b8c5df7:c1592, a4f67574-9018-43e7-8a54-351e98dc3d0a:c1592]
2019-08-23 07:08:54,197 | INFO  | DNAudit | user=null | ip=null | op=WRITE_CHUNK {blockData=conID: 1 locID: 102665036031590859 bcsId: 0} | ret=SUCCESS |  
2019-08-23 07:08:54,197 | INFO  | DNAudit | user=null | ip=null | op=WRITE_CHUNK {blockData=conID: 1 locID: 102665036031590859 bcsId: 0} | ret=SUCCESS |  
2019-08-23 07:08:54,197 [grpc-default-executor-4] INFO  client.GrpcClientProtocolClient (GrpcClientProtocolClient.java:onNext(255)) - client-D91E5D1E15CE->f2ba01fc-a63e-4348-bd18-030b60a135e7: receive RaftClientReply:client-D91E5D1E15CE->f2ba01fc-a63e-4348-bd18-030b60a135e7@group-C8C62FEF0626, cid=1155, SUCCESS, logIndex=1596, commits[f2ba01fc-a63e-4348-bd18-030b60a135e7:c1596, eab135d4-a257-4705-b491-6c056b8c5df7:c1592, a4f67574-9018-43e7-8a54-351e98dc3d0a:c1592]
2019-08-23 07:08:54,197 | INFO  | DNAudit | user=null | ip=null | op=PUT_BLOCK {blockData=[blockId=conID: 1 locID: 102665036031590859 bcsId: 0,size=1048576]} | ret=SUCCESS |  
2019-08-23 07:08:54,197 | INFO  | DNAudit | user=null | ip=null | op=PUT_BLOCK {blockData=[blockId=conID: 1 locID: 102665036031590859 bcsId: 0,size=1048576]} | ret=SUCCESS |  
2019-08-23 07:08:54,198 [grpc-default-executor-4] INFO  client.GrpcClientProtocolClient (GrpcClientProtocolClient.java:onNext(255)) - client-D91E5D1E15CE->f2ba01fc-a63e-4348-bd18-030b60a135e7: receive RaftClientReply:client-D91E5D1E15CE->f2ba01fc-a63e-4348-bd18-030b60a135e7@group-C8C62FEF0626, cid=1156, SUCCESS, logIndex=0, commits[f2ba01fc-a63e-4348-bd18-030b60a135e7:c1598, eab135d4-a257-4705-b491-6c056b8c5df7:c1594, a4f67574-9018-43e7-8a54-351e98dc3d0a:c1594]
2019-08-23 07:08:54,198 | INFO  | DNAudit | user=null | ip=null | op=WRITE_CHUNK {blockData=conID: 1 locID: 102665036031590859 bcsId: 0} | ret=SUCCESS |  
2019-08-23 07:08:54,198 | INFO  | DNAudit | user=null | ip=null | op=WRITE_CHUNK {blockData=conID: 1 locID: 102665036031590859 bcsId: 0} | ret=SUCCESS |  
2019-08-23 07:08:54,199 | INFO  | DNAudit | user=null | ip=null | op=PUT_BLOCK {blockData=[blockId=conID: 1 locID: 102665036031590859 bcsId: 0,size=2097152]} | ret=SUCCESS |  
2019-08-23 07:08:54,199 | INFO  | DNAudit | user=null | ip=null | op=PUT_BLOCK {blockData=[blockId=conID: 1 locID: 102665036031590859 bcsId: 0,size=2097152]} | ret=SUCCESS |  
2019-08-23 07:08:54,205 | INFO  | DNAudit | user=null | ip=null | op=WRITE_CHUNK {blockData=conID: 1 locID: 102665036031590859 bcsId: 1596} | ret=SUCCESS |  
2019-08-23 07:08:54,207 | INFO  | DNAudit | user=null | ip=null | op=WRITE_CHUNK {blockData=conID: 1 locID: 102665036031590859 bcsId: 1596} | ret=SUCCESS |  
2019-08-23 07:08:54,207 | INFO  | DNAudit | user=null | ip=null | op=WRITE_CHUNK {blockData=conID: 1 locID: 102665036031590859 bcsId: 1596} | ret=SUCCESS |  
2019-08-23 07:08:54,209 | INFO  | DNAudit | user=null | ip=null | op=WRITE_CHUNK {blockData=conID: 1 locID: 102665036031590859 bcsId: 1596} | ret=SUCCESS |  
2019-08-23 07:08:54,209 | INFO  | DNAudit | user=null | ip=null | op=PUT_BLOCK {blockData=[blockId=conID: 1 locID: 102665036031590859 bcsId: 0,size=3145728]} | ret=SUCCESS |  
2019-08-23 07:08:54,209 [grpc-default-executor-4] INFO  client.GrpcClientProtocolClient (GrpcClientProtocolClient.java:onNext(255)) - client-D91E5D1E15CE->f2ba01fc-a63e-4348-bd18-030b60a135e7: receive RaftClientReply:client-D91E5D1E15CE->f2ba01fc-a63e-4348-bd18-030b60a135e7@group-C8C62FEF0626, cid=1157, SUCCESS, logIndex=1601, commits[f2ba01fc-a63e-4348-bd18-030b60a135e7:c1602, eab135d4-a257-4705-b491-6c056b8c5df7:c1600, a4f67574-9018-43e7-8a54-351e98dc3d0a:c1596]
2019-08-23 07:08:54,210 [grpc-default-executor-4] INFO  client.GrpcClientProtocolClient (GrpcClientProtocolClient.java:onNext(255)) - client-D91E5D1E15CE->f2ba01fc-a63e-4348-bd18-030b60a135e7: receive RaftClientReply:client-D91E5D1E15CE->f2ba01fc-a63e-4348-bd18-030b60a135e7@group-C8C62FEF0626, cid=1158, SUCCESS, logIndex=1602, commits[f2ba01fc-a63e-4348-bd18-030b60a135e7:c1602, eab135d4-a257-4705-b491-6c056b8c5df7:c1600, a4f67574-9018-43e7-8a54-351e98dc3d0a:c1600]
2019-08-23 07:08:54,211 | INFO  | DNAudit | user=null | ip=null | op=WRITE_CHUNK {blockData=conID: 1 locID: 102665036031590859 bcsId: 1596} | ret=SUCCESS |  
2019-08-23 07:08:54,211 | INFO  | DNAudit | user=null | ip=null | op=WRITE_CHUNK {blockData=conID: 1 locID: 102665036031590859 bcsId: 1596} | ret=SUCCESS |  
2019-08-23 07:08:54,211 | INFO  | DNAudit | user=null | ip=null | op=PUT_BLOCK {blockData=[blockId=conID: 1 locID: 102665036031590859 bcsId: 0,size=3145728]} | ret=SUCCESS |  
2019-08-23 07:08:54,211 | INFO  | DNAudit | user=null | ip=null | op=PUT_BLOCK {blockData=[blockId=conID: 1 locID: 102665036031590859 bcsId: 0,size=3145728]} | ret=SUCCESS |  
2019-08-23 07:08:54,215 | INFO  | DNAudit | user=null | ip=null | op=WRITE_CHUNK {blockData=conID: 1 locID: 102665036031590859 bcsId: 1602} | ret=SUCCESS |  
2019-08-23 07:08:54,217 | INFO  | DNAudit | user=null | ip=null | op=WRITE_CHUNK {blockData=conID: 1 locID: 102665036031590859 bcsId: 1602} | ret=SUCCESS |  
2019-08-23 07:08:54,217 | INFO  | DNAudit | user=null | ip=null | op=WRITE_CHUNK {blockData=conID: 1 locID: 102665036031590859 bcsId: 1602} | ret=SUCCESS |  
2019-08-23 07:08:54,218 | INFO  | DNAudit | user=null | ip=null | op=WRITE_CHUNK {blockData=conID: 1 locID: 102665036031590859 bcsId: 1602} | ret=SUCCESS |  
2019-08-23 07:08:54,219 | INFO  | DNAudit | user=null | ip=null | op=PUT_BLOCK {blockData=[blockId=conID: 1 locID: 102665036031590859 bcsId: 0,size=4194304]} | ret=SUCCESS |  
2019-08-23 07:08:54,219 [grpc-default-executor-3] INFO  client.GrpcClientProtocolClient (GrpcClientProtocolClient.java:onNext(255)) - client-D91E5D1E15CE->f2ba01fc-a63e-4348-bd18-030b60a135e7: receive RaftClientReply:client-D91E5D1E15CE->f2ba01fc-a63e-4348-bd18-030b60a135e7@group-C8C62FEF0626, cid=1159, SUCCESS, logIndex=1605, commits[f2ba01fc-a63e-4348-bd18-030b60a135e7:c1606, eab135d4-a257-4705-b491-6c056b8c5df7:c1604, a4f67574-9018-43e7-8a54-351e98dc3d0a:c1604]
2019-08-23 07:08:54,219 [grpc-default-executor-3] INFO  client.GrpcClientProtocolClient (GrpcClientProtocolClient.java:onNext(255)) - client-D91E5D1E15CE->f2ba01fc-a63e-4348-bd18-030b60a135e7: receive RaftClientReply:client-D91E5D1E15CE->f2ba01fc-a63e-4348-bd18-030b60a135e7@group-C8C62FEF0626, cid=1160, SUCCESS, logIndex=1606, commits[f2ba01fc-a63e-4348-bd18-030b60a135e7:c1606, eab135d4-a257-4705-b491-6c056b8c5df7:c1604, a4f67574-9018-43e7-8a54-351e98dc3d0a:c1604]
2019-08-23 07:08:54,220 | INFO  | DNAudit | user=null | ip=null | op=WRITE_CHUNK {blockData=conID: 1 locID: 102665036031590859 bcsId: 1602} | ret=SUCCESS |  
2019-08-23 07:08:54,220 | INFO  | DNAudit | user=null | ip=null | op=WRITE_CHUNK {blockData=conID: 1 locID: 102665036031590859 bcsId: 1602} | ret=SUCCESS |  
2019-08-23 07:08:54,222 | INFO  | DNAudit | user=null | ip=null | op=PUT_BLOCK {blockData=[blockId=conID: 1 locID: 102665036031590859 bcsId: 0,size=4194304]} | ret=SUCCESS |  
2019-08-23 07:08:54,222 | INFO  | DNAudit | user=null | ip=null | op=PUT_BLOCK {blockData=[blockId=conID: 1 locID: 102665036031590859 bcsId: 0,size=4194304]} | ret=SUCCESS |  
2019-08-23 07:08:54,222 [grpc-default-executor-4] INFO  client.GrpcClientProtocolClient (GrpcClientProtocolClient.java:onNext(255)) - client-D91E5D1E15CE->f2ba01fc-a63e-4348-bd18-030b60a135e7: receive RaftClientReply:client-D91E5D1E15CE->f2ba01fc-a63e-4348-bd18-030b60a135e7@group-C8C62FEF0626, cid=1161, SUCCESS, logIndex=0, commits[f2ba01fc-a63e-4348-bd18-030b60a135e7:c1607, eab135d4-a257-4705-b491-6c056b8c5df7:c1606, a4f67574-9018-43e7-8a54-351e98dc3d0a:c1606]
2019-08-23 07:08:54,228 | INFO  | DNAudit | user=null | ip=null | op=WRITE_CHUNK {blockData=conID: 2 locID: 102665036031590860 bcsId: 0} | ret=SUCCESS |  
2019-08-23 07:08:54,230 | INFO  | DNAudit | user=null | ip=null | op=WRITE_CHUNK {blockData=conID: 2 locID: 102665036031590860 bcsId: 0} | ret=SUCCESS |  
2019-08-23 07:08:54,230 | INFO  | DNAudit | user=null | ip=null | op=WRITE_CHUNK {blockData=conID: 2 locID: 102665036031590860 bcsId: 0} | ret=SUCCESS |  
2019-08-23 07:08:54,230 | INFO  | DNAudit | user=null | ip=null | op=WRITE_CHUNK {blockData=conID: 2 locID: 102665036031590860 bcsId: 0} | ret=SUCCESS |  
2019-08-23 07:08:54,232 | INFO  | DNAudit | user=null | ip=null | op=WRITE_CHUNK {blockData=conID: 2 locID: 102665036031590860 bcsId: 0} | ret=SUCCESS |  
2019-08-23 07:08:54,232 | INFO  | DNAudit | user=null | ip=null | op=PUT_BLOCK {blockData=[blockId=conID: 2 locID: 102665036031590860 bcsId: 0,size=1048576]} | ret=SUCCESS |  
2019-08-23 07:08:54,232 | INFO  | DNAudit | user=null | ip=null | op=WRITE_CHUNK {blockData=conID: 2 locID: 102665036031590860 bcsId: 0} | ret=SUCCESS |  
2019-08-23 07:08:54,232 [grpc-default-executor-2] INFO  client.GrpcClientProtocolClient (GrpcClientProtocolClient.java:onNext(255)) - client-D91E5D1E15CE->f2ba01fc-a63e-4348-bd18-030b60a135e7: receive RaftClientReply:client-D91E5D1E15CE->f2ba01fc-a63e-4348-bd18-030b60a135e7@group-C8C62FEF0626, cid=1162, SUCCESS, logIndex=1609, commits[f2ba01fc-a63e-4348-bd18-030b60a135e7:c1610, eab135d4-a257-4705-b491-6c056b8c5df7:c1608, a4f67574-9018-43e7-8a54-351e98dc3d0a:c1606]
2019-08-23 07:08:54,233 | INFO  | DNAudit | user=null | ip=null | op=WRITE_CHUNK {blockData=conID: 2 locID: 102665036031590860 bcsId: 0} | ret=SUCCESS |  
2019-08-23 07:08:54,233 [grpc-default-executor-2] INFO  client.GrpcClientProtocolClient (GrpcClientProtocolClient.java:onNext(255)) - client-D91E5D1E15CE->f2ba01fc-a63e-4348-bd18-030b60a135e7: receive RaftClientReply:client-D91E5D1E15CE->f2ba01fc-a63e-4348-bd18-030b60a135e7@group-C8C62FEF0626, cid=1163, SUCCESS, logIndex=1610, commits[f2ba01fc-a63e-4348-bd18-030b60a135e7:c1610, eab135d4-a257-4705-b491-6c056b8c5df7:c1608, a4f67574-9018-43e7-8a54-351e98dc3d0a:c1608]
2019-08-23 07:08:54,234 | INFO  | DNAudit | user=null | ip=null | op=WRITE_CHUNK {blockData=conID: 2 locID: 102665036031590860 bcsId: 0} | ret=SUCCESS |  
2019-08-23 07:08:54,234 | INFO  | DNAudit | user=null | ip=null | op=PUT_BLOCK {blockData=[blockId=conID: 2 locID: 102665036031590860 bcsId: 0,size=1048576]} | ret=SUCCESS |  
2019-08-23 07:08:54,234 | INFO  | DNAudit | user=null | ip=null | op=WRITE_CHUNK {blockData=conID: 2 locID: 102665036031590860 bcsId: 0} | ret=SUCCESS |  
2019-08-23 07:08:54,235 | INFO  | DNAudit | user=null | ip=null | op=PUT_BLOCK {blockData=[blockId=conID: 2 locID: 102665036031590860 bcsId: 0,size=2097152]} | ret=SUCCESS |  
2019-08-23 07:08:54,235 | INFO  | DNAudit | user=null | ip=null | op=WRITE_CHUNK {blockData=conID: 2 locID: 102665036031590860 bcsId: 0} | ret=SUCCESS |  
2019-08-23 07:08:54,235 [grpc-default-executor-2] INFO  client.GrpcClientProtocolClient (GrpcClientProtocolClient.java:onNext(255)) - client-D91E5D1E15CE->f2ba01fc-a63e-4348-bd18-030b60a135e7: receive RaftClientReply:client-D91E5D1E15CE->f2ba01fc-a63e-4348-bd18-030b60a135e7@group-C8C62FEF0626, cid=1164, SUCCESS, logIndex=1611, commits[f2ba01fc-a63e-4348-bd18-030b60a135e7:c1614, eab135d4-a257-4705-b491-6c056b8c5df7:c1608, a4f67574-9018-43e7-8a54-351e98dc3d0a:c1610]
2019-08-23 07:08:54,235 | INFO  | DNAudit | user=null | ip=null | op=PUT_BLOCK {blockData=[blockId=conID: 2 locID: 102665036031590860 bcsId: 0,size=1048576]} | ret=SUCCESS |  
2019-08-23 07:08:54,235 [grpc-default-executor-2] INFO  client.GrpcClientProtocolClient (GrpcClientProtocolClient.java:onNext(255)) - client-D91E5D1E15CE->f2ba01fc-a63e-4348-bd18-030b60a135e7: receive RaftClientReply:client-D91E5D1E15CE->f2ba01fc-a63e-4348-bd18-030b60a135e7@group-C8C62FEF0626, cid=1165, SUCCESS, logIndex=1612, commits[f2ba01fc-a63e-4348-bd18-030b60a135e7:c1614, eab135d4-a257-4705-b491-6c056b8c5df7:c1608, a4f67574-9018-43e7-8a54-351e98dc3d0a:c1610]
2019-08-23 07:08:54,236 | INFO  | DNAudit | user=null | ip=null | op=WRITE_CHUNK {blockData=conID: 2 locID: 102665036031590860 bcsId: 0} | ret=SUCCESS |  
2019-08-23 07:08:54,236 | INFO  | DNAudit | user=null | ip=null | op=WRITE_CHUNK {blockData=conID: 2 locID: 102665036031590860 bcsId: 0} | ret=SUCCESS |  
2019-08-23 07:08:54,236 | INFO  | DNAudit | user=null | ip=null | op=PUT_BLOCK {blockData=[blockId=conID: 2 locID: 102665036031590860 bcsId: 0,size=2097152]} | ret=SUCCESS |  
2019-08-23 07:08:54,236 | INFO  | DNAudit | user=null | ip=null | op=PUT_BLOCK {blockData=[blockId=conID: 2 locID: 102665036031590860 bcsId: 0,size=2097152]} | ret=SUCCESS |  
2019-08-23 07:08:54,236 [grpc-default-executor-2] INFO  client.GrpcClientProtocolClient (GrpcClientProtocolClient.java:onNext(255)) - client-D91E5D1E15CE->f2ba01fc-a63e-4348-bd18-030b60a135e7: receive RaftClientReply:client-D91E5D1E15CE->f2ba01fc-a63e-4348-bd18-030b60a135e7@group-C8C62FEF0626, cid=1166, SUCCESS, logIndex=0, commits[f2ba01fc-a63e-4348-bd18-030b60a135e7:c1614, eab135d4-a257-4705-b491-6c056b8c5df7:c1610, a4f67574-9018-43e7-8a54-351e98dc3d0a:c1610]
2019-08-23 07:08:54,242 | INFO  | DNAudit | user=null | ip=null | op=WRITE_CHUNK {blockData=conID: 2 locID: 102665036031590860 bcsId: 1612} | ret=SUCCESS |  
2019-08-23 07:08:54,244 | INFO  | DNAudit | user=null | ip=null | op=WRITE_CHUNK {blockData=conID: 2 locID: 102665036031590860 bcsId: 1612} | ret=SUCCESS |  
2019-08-23 07:08:54,244 | INFO  | DNAudit | user=null | ip=null | op=WRITE_CHUNK {blockData=conID: 2 locID: 102665036031590860 bcsId: 1612} | ret=SUCCESS |  
2019-08-23 07:08:54,246 | INFO  | DNAudit | user=null | ip=null | op=WRITE_CHUNK {blockData=conID: 2 locID: 102665036031590860 bcsId: 1612} | ret=SUCCESS |  
2019-08-23 07:08:54,246 | INFO  | DNAudit | user=null | ip=null | op=PUT_BLOCK {blockData=[blockId=conID: 2 locID: 102665036031590860 bcsId: 0,size=3145728]} | ret=SUCCESS |  
2019-08-23 07:08:54,246 [grpc-default-executor-4] INFO  client.GrpcClientProtocolClient (GrpcClientProtocolClient.java:onNext(255)) - client-D91E5D1E15CE->f2ba01fc-a63e-4348-bd18-030b60a135e7: receive RaftClientReply:client-D91E5D1E15CE->f2ba01fc-a63e-4348-bd18-030b60a135e7@group-C8C62FEF0626, cid=1167, SUCCESS, logIndex=1617, commits[f2ba01fc-a63e-4348-bd18-030b60a135e7:c1618, eab135d4-a257-4705-b491-6c056b8c5df7:c1616, a4f67574-9018-43e7-8a54-351e98dc3d0a:c1612]
2019-08-23 07:08:54,247 [grpc-default-executor-4] INFO  client.GrpcClientProtocolClient (GrpcClientProtocolClient.java:onNext(255)) - client-D91E5D1E15CE->f2ba01fc-a63e-4348-bd18-030b60a135e7: receive RaftClientReply:client-D91E5D1E15CE->f2ba01fc-a63e-4348-bd18-030b60a135e7@group-C8C62FEF0626, cid=1168, SUCCESS, logIndex=1618, commits[f2ba01fc-a63e-4348-bd18-030b60a135e7:c1618, eab135d4-a257-4705-b491-6c056b8c5df7:c1616, a4f67574-9018-43e7-8a54-351e98dc3d0a:c1616]
2019-08-23 07:08:54,247 | INFO  | DNAudit | user=null | ip=null | op=WRITE_CHUNK {blockData=conID: 2 locID: 102665036031590860 bcsId: 1612} | ret=SUCCESS |  
2019-08-23 07:08:54,248 | INFO  | DNAudit | user=null | ip=null | op=PUT_BLOCK {blockData=[blockId=conID: 2 locID: 102665036031590860 bcsId: 0,size=3145728]} | ret=SUCCESS |  
2019-08-23 07:08:54,248 | INFO  | DNAudit | user=null | ip=null | op=WRITE_CHUNK {blockData=conID: 2 locID: 102665036031590860 bcsId: 1612} | ret=SUCCESS |  
2019-08-23 07:08:54,248 | INFO  | DNAudit | user=null | ip=null | op=PUT_BLOCK {blockData=[blockId=conID: 2 locID: 102665036031590860 bcsId: 0,size=3145728]} | ret=SUCCESS |  
2019-08-23 07:08:54,252 | INFO  | DNAudit | user=null | ip=null | op=WRITE_CHUNK {blockData=conID: 2 locID: 102665036031590860 bcsId: 1618} | ret=SUCCESS |  
2019-08-23 07:08:54,254 | INFO  | DNAudit | user=null | ip=null | op=WRITE_CHUNK {blockData=conID: 2 locID: 102665036031590860 bcsId: 1618} | ret=SUCCESS |  
2019-08-23 07:08:54,255 | INFO  | DNAudit | user=null | ip=null | op=WRITE_CHUNK {blockData=conID: 2 locID: 102665036031590860 bcsId: 1618} | ret=SUCCESS |  
2019-08-23 07:08:54,255 | INFO  | DNAudit | user=null | ip=null | op=WRITE_CHUNK {blockData=conID: 2 locID: 102665036031590860 bcsId: 1618} | ret=SUCCESS |  
2019-08-23 07:08:54,256 | INFO  | DNAudit | user=null | ip=null | op=PUT_BLOCK {blockData=[blockId=conID: 2 locID: 102665036031590860 bcsId: 0,size=4194304]} | ret=SUCCESS |  
2019-08-23 07:08:54,256 [grpc-default-executor-2] INFO  client.GrpcClientProtocolClient (GrpcClientProtocolClient.java:onNext(255)) - client-D91E5D1E15CE->f2ba01fc-a63e-4348-bd18-030b60a135e7: receive RaftClientReply:client-D91E5D1E15CE->f2ba01fc-a63e-4348-bd18-030b60a135e7@group-C8C62FEF0626, cid=1169, SUCCESS, logIndex=1621, commits[f2ba01fc-a63e-4348-bd18-030b60a135e7:c1622, eab135d4-a257-4705-b491-6c056b8c5df7:c1620, a4f67574-9018-43e7-8a54-351e98dc3d0a:c1618]
2019-08-23 07:08:54,256 [grpc-default-executor-2] INFO  client.GrpcClientProtocolClient (GrpcClientProtocolClient.java:onNext(255)) - client-D91E5D1E15CE->f2ba01fc-a63e-4348-bd18-030b60a135e7: receive RaftClientReply:client-D91E5D1E15CE->f2ba01fc-a63e-4348-bd18-030b60a135e7@group-C8C62FEF0626, cid=1170, SUCCESS, logIndex=1622, commits[f2ba01fc-a63e-4348-bd18-030b60a135e7:c1622, eab135d4-a257-4705-b491-6c056b8c5df7:c1620, a4f67574-9018-43e7-8a54-351e98dc3d0a:c1620]
2019-08-23 07:08:54,257 | INFO  | DNAudit | user=null | ip=null | op=WRITE_CHUNK {blockData=conID: 2 locID: 102665036031590860 bcsId: 1618} | ret=SUCCESS |  
2019-08-23 07:08:54,257 | INFO  | DNAudit | user=null | ip=null | op=WRITE_CHUNK {blockData=conID: 2 locID: 102665036031590860 bcsId: 1618} | ret=SUCCESS |  
2019-08-23 07:08:54,257 | INFO  | DNAudit | user=null | ip=null | op=PUT_BLOCK {blockData=[blockId=conID: 2 locID: 102665036031590860 bcsId: 0,size=4194304]} | ret=SUCCESS |  
2019-08-23 07:08:54,257 | INFO  | DNAudit | user=null | ip=null | op=PUT_BLOCK {blockData=[blockId=conID: 2 locID: 102665036031590860 bcsId: 0,size=4194304]} | ret=SUCCESS |  
2019-08-23 07:08:54,257 [grpc-default-executor-6] INFO  client.GrpcClientProtocolClient (GrpcClientProtocolClient.java:onNext(255)) - client-D91E5D1E15CE->f2ba01fc-a63e-4348-bd18-030b60a135e7: receive RaftClientReply:client-D91E5D1E15CE->f2ba01fc-a63e-4348-bd18-030b60a135e7@group-C8C62FEF0626, cid=1171, SUCCESS, logIndex=0, commits[f2ba01fc-a63e-4348-bd18-030b60a135e7:c1623, eab135d4-a257-4705-b491-6c056b8c5df7:c1622, a4f67574-9018-43e7-8a54-351e98dc3d0a:c1622]
2019-08-23 07:08:54,263 | INFO  | DNAudit | user=null | ip=null | op=WRITE_CHUNK {blockData=conID: 3 locID: 102665036031590861 bcsId: 0} | ret=SUCCESS |  
2019-08-23 07:08:54,265 | INFO  | DNAudit | user=null | ip=null | op=WRITE_CHUNK {blockData=conID: 3 locID: 102665036031590861 bcsId: 0} | ret=SUCCESS |  
2019-08-23 07:08:54,266 | INFO  | DNAudit | user=null | ip=null | op=WRITE_CHUNK {blockData=conID: 3 locID: 102665036031590861 bcsId: 0} | ret=SUCCESS |  
2019-08-23 07:08:54,266 | INFO  | DNAudit | user=null | ip=null | op=WRITE_CHUNK {blockData=conID: 3 locID: 102665036031590861 bcsId: 0} | ret=SUCCESS |  
2019-08-23 07:08:54,268 | INFO  | DNAudit | user=null | ip=null | op=WRITE_CHUNK {blockData=conID: 3 locID: 102665036031590861 bcsId: 0} | ret=SUCCESS |  
2019-08-23 07:08:54,268 | INFO  | DNAudit | user=null | ip=null | op=WRITE_CHUNK {blockData=conID: 3 locID: 102665036031590861 bcsId: 0} | ret=SUCCESS |  
2019-08-23 07:08:54,503 | INFO  | SCMAudit | user=jenkins1000 | ip=192.168.5.178 | op=SEND_HEARTBEAT {datanodeUUID=eab135d4-a257-4705-b491-6c056b8c5df7, command=[]} | ret=SUCCESS |  
2019-08-23 07:08:54,528 | INFO  | SCMAudit | user=jenkins1000 | ip=192.168.5.178 | op=SEND_HEARTBEAT {datanodeUUID=f2ba01fc-a63e-4348-bd18-030b60a135e7, command=[]} | ret=SUCCESS |  
2019-08-23 07:08:54,528 | INFO  | SCMAudit | user=jenkins1000 | ip=192.168.5.178 | op=SEND_HEARTBEAT {datanodeUUID=a4f67574-9018-43e7-8a54-351e98dc3d0a, command=[]} | ret=SUCCESS |  
2019-08-23 07:08:54,564 | INFO  | DNAudit | user=null | ip=null | op=WRITE_CHUNK {blockData=conID: 3 locID: 102665036031590861 bcsId: 0} | ret=SUCCESS |  
2019-08-23 07:08:54,564 | INFO  | DNAudit | user=null | ip=null | op=WRITE_CHUNK {blockData=conID: 3 locID: 102665036031590861 bcsId: 0} | ret=SUCCESS |  
2019-08-23 07:08:54,564 | INFO  | DNAudit | user=null | ip=null | op=PUT_BLOCK {blockData=[blockId=conID: 3 locID: 102665036031590861 bcsId: 0,size=1048576]} | ret=SUCCESS |  
2019-08-23 07:08:54,564 | INFO  | DNAudit | user=null | ip=null | op=PUT_BLOCK {blockData=[blockId=conID: 3 locID: 102665036031590861 bcsId: 0,size=1048576]} | ret=SUCCESS |  
2019-08-23 07:08:54,567 | INFO  | DNAudit | user=null | ip=null | op=WRITE_CHUNK {blockData=conID: 3 locID: 102665036031590861 bcsId: 0} | ret=SUCCESS |  
2019-08-23 07:08:54,567 | INFO  | DNAudit | user=null | ip=null | op=WRITE_CHUNK {blockData=conID: 3 locID: 102665036031590861 bcsId: 0} | ret=SUCCESS |  
2019-08-23 07:08:54,567 | INFO  | DNAudit | user=null | ip=null | op=WRITE_CHUNK {blockData=conID: 3 locID: 102665036031590861 bcsId: 0} | ret=SUCCESS |  
2019-08-23 07:08:54,567 | INFO  | DNAudit | user=null | ip=null | op=PUT_BLOCK {blockData=[blockId=conID: 3 locID: 102665036031590861 bcsId: 0,size=2097152]} | ret=SUCCESS |  
2019-08-23 07:08:54,567 | INFO  | DNAudit | user=null | ip=null | op=PUT_BLOCK {blockData=[blockId=conID: 3 locID: 102665036031590861 bcsId: 0,size=2097152]} | ret=SUCCESS |  
2019-08-23 07:08:54,568 | INFO  | DNAudit | user=null | ip=null | op=PUT_BLOCK {blockData=[blockId=conID: 3 locID: 102665036031590861 bcsId: 0,size=1048576]} | ret=SUCCESS |  
2019-08-23 07:08:54,570 [grpc-default-executor-6] INFO  client.GrpcClientProtocolClient (GrpcClientProtocolClient.java:onNext(255)) - client-D91E5D1E15CE->f2ba01fc-a63e-4348-bd18-030b60a135e7: receive RaftClientReply:client-D91E5D1E15CE->f2ba01fc-a63e-4348-bd18-030b60a135e7@group-C8C62FEF0626, cid=1172, SUCCESS, logIndex=1625, commits[f2ba01fc-a63e-4348-bd18-030b60a135e7:c1631, eab135d4-a257-4705-b491-6c056b8c5df7:c1628, a4f67574-9018-43e7-8a54-351e98dc3d0a:c1628]
2019-08-23 07:08:54,571 [grpc-default-executor-6] INFO  client.GrpcClientProtocolClient (GrpcClientProtocolClient.java:onNext(255)) - client-D91E5D1E15CE->f2ba01fc-a63e-4348-bd18-030b60a135e7: receive RaftClientReply:client-D91E5D1E15CE->f2ba01fc-a63e-4348-bd18-030b60a135e7@group-C8C62FEF0626, cid=1173, SUCCESS, logIndex=1626, commits[f2ba01fc-a63e-4348-bd18-030b60a135e7:c1631, eab135d4-a257-4705-b491-6c056b8c5df7:c1628, a4f67574-9018-43e7-8a54-351e98dc3d0a:c1628]
2019-08-23 07:08:54,700 | INFO  | DNAudit | user=null | ip=null | op=WRITE_CHUNK {blockData=conID: 3 locID: 102665036031590861 bcsId: 0} | ret=SUCCESS |  
2019-08-23 07:08:54,700 | INFO  | DNAudit | user=null | ip=null | op=PUT_BLOCK {blockData=[blockId=conID: 3 locID: 102665036031590861 bcsId: 0,size=2097152]} | ret=SUCCESS |  
2019-08-23 07:08:54,701 [grpc-default-executor-6] INFO  client.GrpcClientProtocolClient (GrpcClientProtocolClient.java:onNext(255)) - client-D91E5D1E15CE->f2ba01fc-a63e-4348-bd18-030b60a135e7: receive RaftClientReply:client-D91E5D1E15CE->f2ba01fc-a63e-4348-bd18-030b60a135e7@group-C8C62FEF0626, cid=1174, SUCCESS, logIndex=1627, commits[f2ba01fc-a63e-4348-bd18-030b60a135e7:c1631, eab135d4-a257-4705-b491-6c056b8c5df7:c1628, a4f67574-9018-43e7-8a54-351e98dc3d0a:c1628]
2019-08-23 07:08:54,701 [grpc-default-executor-6] INFO  client.GrpcClientProtocolClient (GrpcClientProtocolClient.java:onNext(255)) - client-D91E5D1E15CE->f2ba01fc-a63e-4348-bd18-030b60a135e7: receive RaftClientReply:client-D91E5D1E15CE->f2ba01fc-a63e-4348-bd18-030b60a135e7@group-C8C62FEF0626, cid=1175, SUCCESS, logIndex=1628, commits[f2ba01fc-a63e-4348-bd18-030b60a135e7:c1631, eab135d4-a257-4705-b491-6c056b8c5df7:c1628, a4f67574-9018-43e7-8a54-351e98dc3d0a:c1628]
2019-08-23 07:08:54,774 | INFO  | DNAudit | user=null | ip=null | op=WRITE_CHUNK {blockData=conID: 3 locID: 102665036031590861 bcsId: 1628} | ret=SUCCESS |  
2019-08-23 07:08:54,774 | INFO  | DNAudit | user=null | ip=null | op=WRITE_CHUNK {blockData=conID: 3 locID: 102665036031590861 bcsId: 1628} | ret=SUCCESS |  
2019-08-23 07:08:54,774 | INFO  | DNAudit | user=null | ip=null | op=WRITE_CHUNK {blockData=conID: 3 locID: 102665036031590861 bcsId: 1628} | ret=SUCCESS |  
2019-08-23 07:08:54,774 | INFO  | DNAudit | user=null | ip=null | op=WRITE_CHUNK {blockData=conID: 3 locID: 102665036031590861 bcsId: 1628} | ret=SUCCESS |  
2019-08-23 07:08:54,774 | INFO  | DNAudit | user=null | ip=null | op=WRITE_CHUNK {blockData=conID: 3 locID: 102665036031590861 bcsId: 1628} | ret=SUCCESS |  
2019-08-23 07:08:54,774 | INFO  | DNAudit | user=null | ip=null | op=WRITE_CHUNK {blockData=conID: 3 locID: 102665036031590861 bcsId: 1628} | ret=SUCCESS |  
2019-08-23 07:08:54,847 | INFO  | DNAudit | user=null | ip=null | op=WRITE_CHUNK {blockData=conID: 3 locID: 102665036031590861 bcsId: 1628} | ret=SUCCESS |  
2019-08-23 07:08:54,847 | INFO  | DNAudit | user=null | ip=null | op=PUT_BLOCK {blockData=[blockId=conID: 3 locID: 102665036031590861 bcsId: 0,size=3145728]} | ret=SUCCESS |  
2019-08-23 07:08:54,847 [grpc-default-executor-3] INFO  client.GrpcClientProtocolClient (GrpcClientProtocolClient.java:onNext(255)) - client-D91E5D1E15CE->f2ba01fc-a63e-4348-bd18-030b60a135e7: receive RaftClientReply:client-D91E5D1E15CE->f2ba01fc-a63e-4348-bd18-030b60a135e7@group-C8C62FEF0626, cid=1176, SUCCESS, logIndex=1632, commits[f2ba01fc-a63e-4348-bd18-030b60a135e7:c1635, eab135d4-a257-4705-b491-6c056b8c5df7:c1631, a4f67574-9018-43e7-8a54-351e98dc3d0a:c1628]
2019-08-23 07:08:54,848 [grpc-default-executor-3] INFO  client.GrpcClientProtocolClient (GrpcClientProtocolClient.java:onNext(255)) - client-D91E5D1E15CE->f2ba01fc-a63e-4348-bd18-030b60a135e7: receive RaftClientReply:client-D91E5D1E15CE->f2ba01fc-a63e-4348-bd18-030b60a135e7@group-C8C62FEF0626, cid=1177, SUCCESS, logIndex=1633, commits[f2ba01fc-a63e-4348-bd18-030b60a135e7:c1635, eab135d4-a257-4705-b491-6c056b8c5df7:c1631, a4f67574-9018-43e7-8a54-351e98dc3d0a:c1628]
 0.00% |█                                                                                                    |  0/1 Time: 0:00:062019-08-23 07:08:54,935 | INFO  | SCMAudit | user=jenkins1000 | ip=192.168.5.178 | op=SEND_HEARTBEAT {datanodeUUID=5c311bc2-cc7c-45de-998f-f79499d85d4e, command=[]} | ret=SUCCESS |  
2019-08-23 07:08:54,951 | INFO  | DNAudit | user=null | ip=null | op=WRITE_CHUNK {blockData=conID: 3 locID: 102665036031590861 bcsId: 1628} | ret=SUCCESS |  
2019-08-23 07:08:54,951 | INFO  | DNAudit | user=null | ip=null | op=WRITE_CHUNK {blockData=conID: 3 locID: 102665036031590861 bcsId: 1628} | ret=SUCCESS |  
2019-08-23 07:08:54,951 | INFO  | DNAudit | user=null | ip=null | op=PUT_BLOCK {blockData=[blockId=conID: 3 locID: 102665036031590861 bcsId: 0,size=3145728]} | ret=SUCCESS |  
2019-08-23 07:08:54,955 | INFO  | DNAudit | user=null | ip=null | op=WRITE_CHUNK {blockData=conID: 3 locID: 102665036031590861 bcsId: 1628} | ret=SUCCESS |  
2019-08-23 07:08:54,955 | INFO  | DNAudit | user=null | ip=null | op=PUT_BLOCK {blockData=[blockId=conID: 3 locID: 102665036031590861 bcsId: 0,size=4194304]} | ret=SUCCESS |  
2019-08-23 07:08:54,955 | INFO  | DNAudit | user=null | ip=null | op=PUT_BLOCK {blockData=[blockId=conID: 3 locID: 102665036031590861 bcsId: 0,size=3145728]} | ret=SUCCESS |  
2019-08-23 07:08:54,955 [grpc-default-executor-3] INFO  client.GrpcClientProtocolClient (GrpcClientProtocolClient.java:onNext(255)) - client-D91E5D1E15CE->f2ba01fc-a63e-4348-bd18-030b60a135e7: receive RaftClientReply:client-D91E5D1E15CE->f2ba01fc-a63e-4348-bd18-030b60a135e7@group-C8C62FEF0626, cid=1178, SUCCESS, logIndex=1634, commits[f2ba01fc-a63e-4348-bd18-030b60a135e7:c1638, eab135d4-a257-4705-b491-6c056b8c5df7:c1635, a4f67574-9018-43e7-8a54-351e98dc3d0a:c1635]
2019-08-23 07:08:54,955 [grpc-default-executor-3] INFO  client.GrpcClientProtocolClient (GrpcClientProtocolClient.java:onNext(255)) - client-D91E5D1E15CE->f2ba01fc-a63e-4348-bd18-030b60a135e7: receive RaftClientReply:client-D91E5D1E15CE->f2ba01fc-a63e-4348-bd18-030b60a135e7@group-C8C62FEF0626, cid=1179, SUCCESS, logIndex=1635, commits[f2ba01fc-a63e-4348-bd18-030b60a135e7:c1638, eab135d4-a257-4705-b491-6c056b8c5df7:c1635, a4f67574-9018-43e7-8a54-351e98dc3d0a:c1635]
2019-08-23 07:08:55,556 | INFO  | DNAudit | user=null | ip=null | op=WRITE_CHUNK {blockData=conID: 3 locID: 102665036031590861 bcsId: 1628} | ret=SUCCESS |  
2019-08-23 07:08:55,556 | INFO  | DNAudit | user=null | ip=null | op=WRITE_CHUNK {blockData=conID: 3 locID: 102665036031590861 bcsId: 1628} | ret=SUCCESS |  
2019-08-23 07:08:55,556 | INFO  | SCMAudit | user=jenkins1000 | ip=192.168.5.178 | op=SEND_HEARTBEAT {datanodeUUID=eab135d4-a257-4705-b491-6c056b8c5df7, command=[]} | ret=SUCCESS |  
2019-08-23 07:08:55,556 | INFO  | SCMAudit | user=jenkins1000 | ip=192.168.5.178 | op=SEND_HEARTBEAT {datanodeUUID=b7d3ecaa-ab76-49a0-b691-40b7e1ed625a, command=[]} | ret=SUCCESS |  
2019-08-23 07:08:55,556 | INFO  | DNAudit | user=null | ip=null | op=PUT_BLOCK {blockData=[blockId=conID: 3 locID: 102665036031590861 bcsId: 0,size=4194304]} | ret=SUCCESS |  
2019-08-23 07:08:55,556 | INFO  | DNAudit | user=null | ip=null | op=PUT_BLOCK {blockData=[blockId=conID: 3 locID: 102665036031590861 bcsId: 0,size=4194304]} | ret=SUCCESS |  
2019-08-23 07:08:55,557 | INFO  | SCMAudit | user=jenkins1000 | ip=192.168.5.178 | op=SEND_HEARTBEAT {datanodeUUID=f2ba01fc-a63e-4348-bd18-030b60a135e7, command=[]} | ret=SUCCESS |  
2019-08-23 07:08:55,557 | INFO  | SCMAudit | user=jenkins1000 | ip=192.168.5.178 | op=SEND_HEARTBEAT {datanodeUUID=a4f67574-9018-43e7-8a54-351e98dc3d0a, command=[]} | ret=SUCCESS |  
 0.00% |█                                                                                                    |  0/1 Time: 0:00:072019-08-23 07:08:56,019 | INFO  | DNAudit | user=null | ip=null | op=WRITE_CHUNK {blockData=conID: 1 locID: 102665036031590862 bcsId: 0} | ret=SUCCESS |  
2019-08-23 07:08:56,020 | INFO  | DNAudit | user=null | ip=null | op=WRITE_CHUNK {blockData=conID: 1 locID: 102665036031590862 bcsId: 0} | ret=SUCCESS |  
2019-08-23 07:08:56,020 | INFO  | DNAudit | user=null | ip=null | op=WRITE_CHUNK {blockData=conID: 1 locID: 102665036031590862 bcsId: 0} | ret=SUCCESS |  
2019-08-23 07:08:56,021 | INFO  | SCMAudit | user=jenkins1000 | ip=192.168.5.178 | op=SEND_HEARTBEAT {datanodeUUID=5c311bc2-cc7c-45de-998f-f79499d85d4e, command=[]} | ret=SUCCESS |  
2019-08-23 07:08:56,023 | INFO  | DNAudit | user=null | ip=null | op=WRITE_CHUNK {blockData=conID: 1 locID: 102665036031590862 bcsId: 0} | ret=SUCCESS |  
2019-08-23 07:08:56,132 | INFO  | DNAudit | user=null | ip=null | op=WRITE_CHUNK {blockData=conID: 1 locID: 102665036031590862 bcsId: 0} | ret=SUCCESS |  
2019-08-23 07:08:56,133 | INFO  | DNAudit | user=null | ip=null | op=WRITE_CHUNK {blockData=conID: 1 locID: 102665036031590862 bcsId: 0} | ret=SUCCESS |  
2019-08-23 07:08:56,144 | INFO  | SCMAudit | user=jenkins1000 | ip=192.168.5.178 | op=SEND_HEARTBEAT {datanodeUUID=b7d3ecaa-ab76-49a0-b691-40b7e1ed625a, command=[]} | ret=SUCCESS |  
2019-08-23 07:08:56,269 | INFO  | DNAudit | user=null | ip=null | op=WRITE_CHUNK {blockData=conID: 1 locID: 102665036031590862 bcsId: 0} | ret=SUCCESS |  
2019-08-23 07:08:56,269 | INFO  | DNAudit | user=null | ip=null | op=WRITE_CHUNK {blockData=conID: 1 locID: 102665036031590862 bcsId: 0} | ret=SUCCESS |  
2019-08-23 07:08:56,269 | INFO  | DNAudit | user=null | ip=null | op=WRITE_CHUNK {blockData=conID: 1 locID: 102665036031590862 bcsId: 0} | ret=SUCCESS |  
2019-08-23 07:08:56,269 | INFO  | DNAudit | user=null | ip=null | op=PUT_BLOCK {blockData=[blockId=conID: 1 locID: 102665036031590862 bcsId: 0,size=1048576]} | ret=SUCCESS |  
2019-08-23 07:08:56,269 | INFO  | DNAudit | user=null | ip=null | op=PUT_BLOCK {blockData=[blockId=conID: 1 locID: 102665036031590862 bcsId: 0,size=1048576]} | ret=SUCCESS |  
2019-08-23 07:08:56,269 | INFO  | DNAudit | user=null | ip=null | op=WRITE_CHUNK {blockData=conID: 1 locID: 102665036031590862 bcsId: 0} | ret=SUCCESS |  
2019-08-23 07:08:56,269 | INFO  | DNAudit | user=null | ip=null | op=WRITE_CHUNK {blockData=conID: 1 locID: 102665036031590862 bcsId: 0} | ret=SUCCESS |  
2019-08-23 07:08:56,269 | INFO  | DNAudit | user=null | ip=null | op=PUT_BLOCK {blockData=[blockId=conID: 1 locID: 102665036031590862 bcsId: 0,size=2097152]} | ret=SUCCESS |  
2019-08-23 07:08:56,270 | INFO  | DNAudit | user=null | ip=null | op=PUT_BLOCK {blockData=[blockId=conID: 1 locID: 102665036031590862 bcsId: 0,size=2097152]} | ret=SUCCESS |  
2019-08-23 07:08:56,270 | INFO  | DNAudit | user=null | ip=null | op=PUT_BLOCK {blockData=[blockId=conID: 1 locID: 102665036031590862 bcsId: 0,size=1048576]} | ret=SUCCESS |  
2019-08-23 07:08:56,270 [grpc-default-executor-6] INFO  client.GrpcClientProtocolClient (GrpcClientProtocolClient.java:onNext(255)) - client-D91E5D1E15CE->f2ba01fc-a63e-4348-bd18-030b60a135e7: receive RaftClientReply:client-D91E5D1E15CE->f2ba01fc-a63e-4348-bd18-030b60a135e7@group-C8C62FEF0626, cid=1180, SUCCESS, logIndex=1639, commits[f2ba01fc-a63e-4348-bd18-030b60a135e7:c1646, eab135d4-a257-4705-b491-6c056b8c5df7:c1642, a4f67574-9018-43e7-8a54-351e98dc3d0a:c1642]
2019-08-23 07:08:56,271 | INFO  | DNAudit | user=null | ip=null | op=WRITE_CHUNK {blockData=conID: 1 locID: 102665036031590862 bcsId: 0} | ret=SUCCESS |  
2019-08-23 07:08:56,271 [grpc-default-executor-6] INFO  client.GrpcClientProtocolClient (GrpcClientProtocolClient.java:onNext(255)) - client-D91E5D1E15CE->f2ba01fc-a63e-4348-bd18-030b60a135e7: receive RaftClientReply:client-D91E5D1E15CE->f2ba01fc-a63e-4348-bd18-030b60a135e7@group-C8C62FEF0626, cid=1181, SUCCESS, logIndex=1640, commits[f2ba01fc-a63e-4348-bd18-030b60a135e7:c1646, eab135d4-a257-4705-b491-6c056b8c5df7:c1642, a4f67574-9018-43e7-8a54-351e98dc3d0a:c1642]
2019-08-23 07:08:56,271 | INFO  | DNAudit | user=null | ip=null | op=PUT_BLOCK {blockData=[blockId=conID: 1 locID: 102665036031590862 bcsId: 0,size=2097152]} | ret=SUCCESS |  
2019-08-23 07:08:56,272 [grpc-default-executor-6] INFO  client.GrpcClientProtocolClient (GrpcClientProtocolClient.java:onNext(255)) - client-D91E5D1E15CE->f2ba01fc-a63e-4348-bd18-030b60a135e7: receive RaftClientReply:client-D91E5D1E15CE->f2ba01fc-a63e-4348-bd18-030b60a135e7@group-C8C62FEF0626, cid=1182, SUCCESS, logIndex=1641, commits[f2ba01fc-a63e-4348-bd18-030b60a135e7:c1646, eab135d4-a257-4705-b491-6c056b8c5df7:c1642, a4f67574-9018-43e7-8a54-351e98dc3d0a:c1642]
2019-08-23 07:08:56,272 [grpc-default-executor-6] INFO  client.GrpcClientProtocolClient (GrpcClientProtocolClient.java:onNext(255)) - client-D91E5D1E15CE->f2ba01fc-a63e-4348-bd18-030b60a135e7: receive RaftClientReply:client-D91E5D1E15CE->f2ba01fc-a63e-4348-bd18-030b60a135e7@group-C8C62FEF0626, cid=1183, SUCCESS, logIndex=1642, commits[f2ba01fc-a63e-4348-bd18-030b60a135e7:c1646, eab135d4-a257-4705-b491-6c056b8c5df7:c1642, a4f67574-9018-43e7-8a54-351e98dc3d0a:c1642]
2019-08-23 07:08:56,280 | INFO  | DNAudit | user=null | ip=null | op=WRITE_CHUNK {blockData=conID: 1 locID: 102665036031590862 bcsId: 1642} | ret=SUCCESS |  
2019-08-23 07:08:56,282 | INFO  | DNAudit | user=null | ip=null | op=WRITE_CHUNK {blockData=conID: 1 locID: 102665036031590862 bcsId: 1642} | ret=SUCCESS |  
2019-08-23 07:08:56,284 | INFO  | DNAudit | user=null | ip=null | op=WRITE_CHUNK {blockData=conID: 1 locID: 102665036031590862 bcsId: 1642} | ret=SUCCESS |  
2019-08-23 07:08:56,284 | INFO  | DNAudit | user=null | ip=null | op=WRITE_CHUNK {blockData=conID: 1 locID: 102665036031590862 bcsId: 1642} | ret=SUCCESS |  
2019-08-23 07:08:56,285 | INFO  | DNAudit | user=null | ip=null | op=WRITE_CHUNK {blockData=conID: 1 locID: 102665036031590862 bcsId: 1642} | ret=SUCCESS |  
2019-08-23 07:08:56,285 | INFO  | DNAudit | user=null | ip=null | op=WRITE_CHUNK {blockData=conID: 1 locID: 102665036031590862 bcsId: 1642} | ret=SUCCESS |  
2019-08-23 07:08:56,293 | INFO  | DNAudit | user=null | ip=null | op=WRITE_CHUNK {blockData=conID: 1 locID: 102665036031590862 bcsId: 1642} | ret=SUCCESS |  
2019-08-23 07:08:56,294 | INFO  | DNAudit | user=null | ip=null | op=PUT_BLOCK {blockData=[blockId=conID: 1 locID: 102665036031590862 bcsId: 0,size=3145728]} | ret=SUCCESS |  
2019-08-23 07:08:56,295 | INFO  | DNAudit | user=null | ip=null | op=WRITE_CHUNK {blockData=conID: 1 locID: 102665036031590862 bcsId: 1642} | ret=SUCCESS |  
2019-08-23 07:08:56,295 | INFO  | DNAudit | user=null | ip=null | op=WRITE_CHUNK {blockData=conID: 1 locID: 102665036031590862 bcsId: 1642} | ret=SUCCESS |  
2019-08-23 07:08:56,295 | INFO  | DNAudit | user=null | ip=null | op=WRITE_CHUNK {blockData=conID: 1 locID: 102665036031590862 bcsId: 1642} | ret=SUCCESS |  
2019-08-23 07:08:56,295 | INFO  | DNAudit | user=null | ip=null | op=PUT_BLOCK {blockData=[blockId=conID: 1 locID: 102665036031590862 bcsId: 0,size=3145728]} | ret=SUCCESS |  
2019-08-23 07:08:56,295 | INFO  | DNAudit | user=null | ip=null | op=PUT_BLOCK {blockData=[blockId=conID: 1 locID: 102665036031590862 bcsId: 0,size=4194304]} | ret=SUCCESS |  
2019-08-23 07:08:56,295 [grpc-default-executor-4] INFO  client.GrpcClientProtocolClient (GrpcClientProtocolClient.java:onNext(255)) - client-D91E5D1E15CE->f2ba01fc-a63e-4348-bd18-030b60a135e7: receive RaftClientReply:client-D91E5D1E15CE->f2ba01fc-a63e-4348-bd18-030b60a135e7@group-C8C62FEF0626, cid=1184, SUCCESS, logIndex=1647, commits[f2ba01fc-a63e-4348-bd18-030b60a135e7:c1648, eab135d4-a257-4705-b491-6c056b8c5df7:c1646, a4f67574-9018-43e7-8a54-351e98dc3d0a:c1646]
2019-08-23 07:08:56,296 [grpc-default-executor-4] INFO  client.GrpcClientProtocolClient (GrpcClientProtocolClient.java:onNext(255)) - client-D91E5D1E15CE->f2ba01fc-a63e-4348-bd18-030b60a135e7: receive RaftClientReply:client-D91E5D1E15CE->f2ba01fc-a63e-4348-bd18-030b60a135e7@group-C8C62FEF0626, cid=1185, SUCCESS, logIndex=1648, commits[f2ba01fc-a63e-4348-bd18-030b60a135e7:c1650, eab135d4-a257-4705-b491-6c056b8c5df7:c1646, a4f67574-9018-43e7-8a54-351e98dc3d0a:c1646]
2019-08-23 07:08:56,296 | INFO  | DNAudit | user=null | ip=null | op=PUT_BLOCK {blockData=[blockId=conID: 1 locID: 102665036031590862 bcsId: 0,size=3145728]} | ret=SUCCESS |  
2019-08-23 07:08:56,296 [grpc-default-executor-4] INFO  client.GrpcClientProtocolClient (GrpcClientProtocolClient.java:onNext(255)) - client-D91E5D1E15CE->f2ba01fc-a63e-4348-bd18-030b60a135e7: receive RaftClientReply:client-D91E5D1E15CE->f2ba01fc-a63e-4348-bd18-030b60a135e7@group-C8C62FEF0626, cid=1186, SUCCESS, logIndex=1649, commits[f2ba01fc-a63e-4348-bd18-030b60a135e7:c1650, eab135d4-a257-4705-b491-6c056b8c5df7:c1646, a4f67574-9018-43e7-8a54-351e98dc3d0a:c1646]
2019-08-23 07:08:56,296 | INFO  | DNAudit | user=null | ip=null | op=WRITE_CHUNK {blockData=conID: 1 locID: 102665036031590862 bcsId: 1642} | ret=SUCCESS |  
2019-08-23 07:08:56,297 | INFO  | DNAudit | user=null | ip=null | op=PUT_BLOCK {blockData=[blockId=conID: 1 locID: 102665036031590862 bcsId: 0,size=4194304]} | ret=SUCCESS |  
2019-08-23 07:08:56,297 | INFO  | DNAudit | user=null | ip=null | op=WRITE_CHUNK {blockData=conID: 1 locID: 102665036031590862 bcsId: 1642} | ret=SUCCESS |  
2019-08-23 07:08:56,297 | INFO  | DNAudit | user=null | ip=null | op=PUT_BLOCK {blockData=[blockId=conID: 1 locID: 102665036031590862 bcsId: 0,size=4194304]} | ret=SUCCESS |  
2019-08-23 07:08:56,298 [grpc-default-executor-4] INFO  client.GrpcClientProtocolClient (GrpcClientProtocolClient.java:onNext(255)) - client-D91E5D1E15CE->f2ba01fc-a63e-4348-bd18-030b60a135e7: receive RaftClientReply:client-D91E5D1E15CE->f2ba01fc-a63e-4348-bd18-030b60a135e7@group-C8C62FEF0626, cid=1187, SUCCESS, logIndex=1650, commits[f2ba01fc-a63e-4348-bd18-030b60a135e7:c1650, eab135d4-a257-4705-b491-6c056b8c5df7:c1646, a4f67574-9018-43e7-8a54-351e98dc3d0a:c1646]
2019-08-23 07:08:56,299 [grpc-default-executor-4] INFO  client.GrpcClientProtocolClient (GrpcClientProtocolClient.java:onNext(255)) - client-D91E5D1E15CE->f2ba01fc-a63e-4348-bd18-030b60a135e7: receive RaftClientReply:client-D91E5D1E15CE->f2ba01fc-a63e-4348-bd18-030b60a135e7@group-C8C62FEF0626, cid=1188, SUCCESS, logIndex=0, commits[f2ba01fc-a63e-4348-bd18-030b60a135e7:c1654, eab135d4-a257-4705-b491-6c056b8c5df7:c1650, a4f67574-9018-43e7-8a54-351e98dc3d0a:c1650]
2019-08-23 07:08:56,300 [grpc-default-executor-4] INFO  client.GrpcClientProtocolClient (GrpcClientProtocolClient.java:onNext(255)) - client-D91E5D1E15CE->f2ba01fc-a63e-4348-bd18-030b60a135e7: receive RaftClientReply:client-D91E5D1E15CE->f2ba01fc-a63e-4348-bd18-030b60a135e7@group-C8C62FEF0626, cid=1189, SUCCESS, logIndex=0, commits[f2ba01fc-a63e-4348-bd18-030b60a135e7:c1654, eab135d4-a257-4705-b491-6c056b8c5df7:c1650, a4f67574-9018-43e7-8a54-351e98dc3d0a:c1650]
2019-08-23 07:08:56,307 | INFO  | DNAudit | user=null | ip=null | op=WRITE_CHUNK {blockData=conID: 2 locID: 102665036031656399 bcsId: 0} | ret=SUCCESS |  
2019-08-23 07:08:56,309 | INFO  | DNAudit | user=null | ip=null | op=WRITE_CHUNK {blockData=conID: 2 locID: 102665036031656399 bcsId: 0} | ret=SUCCESS |  
2019-08-23 07:08:56,309 | INFO  | DNAudit | user=null | ip=null | op=WRITE_CHUNK {blockData=conID: 2 locID: 102665036031656399 bcsId: 0} | ret=SUCCESS |  
2019-08-23 07:08:56,311 | INFO  | DNAudit | user=null | ip=null | op=WRITE_CHUNK {blockData=conID: 2 locID: 102665036031656399 bcsId: 0} | ret=SUCCESS |  
2019-08-23 07:08:56,312 | INFO  | DNAudit | user=null | ip=null | op=WRITE_CHUNK {blockData=conID: 2 locID: 102665036031656399 bcsId: 0} | ret=SUCCESS |  
2019-08-23 07:08:56,313 | INFO  | DNAudit | user=null | ip=null | op=WRITE_CHUNK {blockData=conID: 2 locID: 102665036031656399 bcsId: 0} | ret=SUCCESS |  
2019-08-23 07:08:56,322 | INFO  | DNAudit | user=null | ip=null | op=WRITE_CHUNK {blockData=conID: 2 locID: 102665036031656399 bcsId: 0} | ret=SUCCESS |  
2019-08-23 07:08:56,323 | INFO  | DNAudit | user=null | ip=null | op=PUT_BLOCK {blockData=[blockId=conID: 2 locID: 102665036031656399 bcsId: 0,size=1048576]} | ret=SUCCESS |  
2019-08-23 07:08:56,323 | INFO  | DNAudit | user=null | ip=null | op=WRITE_CHUNK {blockData=conID: 2 locID: 102665036031656399 bcsId: 0} | ret=SUCCESS |  
2019-08-23 07:08:56,323 [grpc-default-executor-6] INFO  client.GrpcClientProtocolClient (GrpcClientProtocolClient.java:onNext(255)) - client-D91E5D1E15CE->f2ba01fc-a63e-4348-bd18-030b60a135e7: receive RaftClientReply:client-D91E5D1E15CE->f2ba01fc-a63e-4348-bd18-030b60a135e7@group-C8C62FEF0626, cid=1190, SUCCESS, logIndex=1655, commits[f2ba01fc-a63e-4348-bd18-030b60a135e7:c1656, eab135d4-a257-4705-b491-6c056b8c5df7:c1650, a4f67574-9018-43e7-8a54-351e98dc3d0a:c1654]
2019-08-23 07:08:56,324 | INFO  | DNAudit | user=null | ip=null | op=PUT_BLOCK {blockData=[blockId=conID: 2 locID: 102665036031656399 bcsId: 0,size=2097152]} | ret=SUCCESS |  
2019-08-23 07:08:56,324 | INFO  | DNAudit | user=null | ip=null | op=WRITE_CHUNK {blockData=conID: 2 locID: 102665036031656399 bcsId: 0} | ret=SUCCESS |  
2019-08-23 07:08:56,324 [grpc-default-executor-6] INFO  client.GrpcClientProtocolClient (GrpcClientProtocolClient.java:onNext(255)) - client-D91E5D1E15CE->f2ba01fc-a63e-4348-bd18-030b60a135e7: receive RaftClientReply:client-D91E5D1E15CE->f2ba01fc-a63e-4348-bd18-030b60a135e7@group-C8C62FEF0626, cid=1191, SUCCESS, logIndex=1656, commits[f2ba01fc-a63e-4348-bd18-030b60a135e7:c1658, eab135d4-a257-4705-b491-6c056b8c5df7:c1650, a4f67574-9018-43e7-8a54-351e98dc3d0a:c1654]
2019-08-23 07:08:56,324 | INFO  | DNAudit | user=null | ip=null | op=PUT_BLOCK {blockData=[blockId=conID: 2 locID: 102665036031656399 bcsId: 0,size=1048576]} | ret=SUCCESS |  
2019-08-23 07:08:56,324 [grpc-default-executor-3] INFO  client.GrpcClientProtocolClient (GrpcClientProtocolClient.java:onNext(255)) - client-D91E5D1E15CE->f2ba01fc-a63e-4348-bd18-030b60a135e7: receive RaftClientReply:client-D91E5D1E15CE->f2ba01fc-a63e-4348-bd18-030b60a135e7@group-C8C62FEF0626, cid=1192, SUCCESS, logIndex=1657, commits[f2ba01fc-a63e-4348-bd18-030b60a135e7:c1658, eab135d4-a257-4705-b491-6c056b8c5df7:c1654, a4f67574-9018-43e7-8a54-351e98dc3d0a:c1654]
2019-08-23 07:08:56,325 | INFO  | DNAudit | user=null | ip=null | op=WRITE_CHUNK {blockData=conID: 2 locID: 102665036031656399 bcsId: 0} | ret=SUCCESS |  
2019-08-23 07:08:56,325 | INFO  | DNAudit | user=null | ip=null | op=WRITE_CHUNK {blockData=conID: 2 locID: 102665036031656399 bcsId: 0} | ret=SUCCESS |  
2019-08-23 07:08:56,325 | INFO  | DNAudit | user=null | ip=null | op=PUT_BLOCK {blockData=[blockId=conID: 2 locID: 102665036031656399 bcsId: 0,size=2097152]} | ret=SUCCESS |  
2019-08-23 07:08:56,325 | INFO  | DNAudit | user=null | ip=null | op=PUT_BLOCK {blockData=[blockId=conID: 2 locID: 102665036031656399 bcsId: 0,size=1048576]} | ret=SUCCESS |  
2019-08-23 07:08:56,325 | INFO  | DNAudit | user=null | ip=null | op=WRITE_CHUNK {blockData=conID: 2 locID: 102665036031656399 bcsId: 0} | ret=SUCCESS |  
2019-08-23 07:08:56,326 | INFO  | DNAudit | user=null | ip=null | op=PUT_BLOCK {blockData=[blockId=conID: 2 locID: 102665036031656399 bcsId: 0,size=2097152]} | ret=SUCCESS |  
2019-08-23 07:08:56,326 [grpc-default-executor-3] INFO  client.GrpcClientProtocolClient (GrpcClientProtocolClient.java:onNext(255)) - client-D91E5D1E15CE->f2ba01fc-a63e-4348-bd18-030b60a135e7: receive RaftClientReply:client-D91E5D1E15CE->f2ba01fc-a63e-4348-bd18-030b60a135e7@group-C8C62FEF0626, cid=1193, SUCCESS, logIndex=1658, commits[f2ba01fc-a63e-4348-bd18-030b60a135e7:c1658, eab135d4-a257-4705-b491-6c056b8c5df7:c1654, a4f67574-9018-43e7-8a54-351e98dc3d0a:c1654]
2019-08-23 07:08:56,327 [grpc-default-executor-3] INFO  client.GrpcClientProtocolClient (GrpcClientProtocolClient.java:onNext(255)) - client-D91E5D1E15CE->f2ba01fc-a63e-4348-bd18-030b60a135e7: receive RaftClientReply:client-D91E5D1E15CE->f2ba01fc-a63e-4348-bd18-030b60a135e7@group-C8C62FEF0626, cid=1194, SUCCESS, logIndex=0, commits[f2ba01fc-a63e-4348-bd18-030b60a135e7:c1660, eab135d4-a257-4705-b491-6c056b8c5df7:c1658, a4f67574-9018-43e7-8a54-351e98dc3d0a:c1658]
2019-08-23 07:08:56,334 | INFO  | DNAudit | user=null | ip=null | op=WRITE_CHUNK {blockData=conID: 2 locID: 102665036031656399 bcsId: 1658} | ret=SUCCESS |  
2019-08-23 07:08:56,337 | INFO  | DNAudit | user=null | ip=null | op=WRITE_CHUNK {blockData=conID: 2 locID: 102665036031656399 bcsId: 1658} | ret=SUCCESS |  
2019-08-23 07:08:56,337 | INFO  | DNAudit | user=null | ip=null | op=WRITE_CHUNK {blockData=conID: 2 locID: 102665036031656399 bcsId: 1658} | ret=SUCCESS |  
2019-08-23 07:08:56,347 | INFO  | DNAudit | user=null | ip=null | op=WRITE_CHUNK {blockData=conID: 2 locID: 102665036031656399 bcsId: 1658} | ret=SUCCESS |  
2019-08-23 07:08:56,347 | INFO  | DNAudit | user=null | ip=null | op=PUT_BLOCK {blockData=[blockId=conID: 2 locID: 102665036031656399 bcsId: 0,size=3145728]} | ret=SUCCESS |  
2019-08-23 07:08:56,348 [grpc-default-executor-6] INFO  client.GrpcClientProtocolClient (GrpcClientProtocolClient.java:onNext(255)) - client-D91E5D1E15CE->f2ba01fc-a63e-4348-bd18-030b60a135e7: receive RaftClientReply:client-D91E5D1E15CE->f2ba01fc-a63e-4348-bd18-030b60a135e7@group-C8C62FEF0626, cid=1195, SUCCESS, logIndex=1661, commits[f2ba01fc-a63e-4348-bd18-030b60a135e7:c1662, eab135d4-a257-4705-b491-6c056b8c5df7:c1660, a4f67574-9018-43e7-8a54-351e98dc3d0a:c1660]
2019-08-23 07:08:56,348 [grpc-default-executor-6] INFO  client.GrpcClientProtocolClient (GrpcClientProtocolClient.java:onNext(255)) - client-D91E5D1E15CE->f2ba01fc-a63e-4348-bd18-030b60a135e7: receive RaftClientReply:client-D91E5D1E15CE->f2ba01fc-a63e-4348-bd18-030b60a135e7@group-C8C62FEF0626, cid=1196, SUCCESS, logIndex=1662, commits[f2ba01fc-a63e-4348-bd18-030b60a135e7:c1662, eab135d4-a257-4705-b491-6c056b8c5df7:c1660, a4f67574-9018-43e7-8a54-351e98dc3d0a:c1660]
2019-08-23 07:08:56,355 | INFO  | DNAudit | user=null | ip=null | op=WRITE_CHUNK {blockData=conID: 2 locID: 102665036031656399 bcsId: 1662} | ret=SUCCESS |  
2019-08-23 07:08:56,357 | INFO  | DNAudit | user=null | ip=null | op=WRITE_CHUNK {blockData=conID: 2 locID: 102665036031656399 bcsId: 1662} | ret=SUCCESS |  
2019-08-23 07:08:56,357 | INFO  | DNAudit | user=null | ip=null | op=WRITE_CHUNK {blockData=conID: 2 locID: 102665036031656399 bcsId: 1662} | ret=SUCCESS |  
2019-08-23 07:08:56,359 | INFO  | DNAudit | user=null | ip=null | op=WRITE_CHUNK {blockData=conID: 2 locID: 102665036031656399 bcsId: 1658} | ret=SUCCESS |  
2019-08-23 07:08:56,359 | INFO  | DNAudit | user=null | ip=null | op=WRITE_CHUNK {blockData=conID: 2 locID: 102665036031656399 bcsId: 1658} | ret=SUCCESS |  
2019-08-23 07:08:56,359 | INFO  | DNAudit | user=null | ip=null | op=PUT_BLOCK {blockData=[blockId=conID: 2 locID: 102665036031656399 bcsId: 0,size=3145728]} | ret=SUCCESS |  
2019-08-23 07:08:56,359 | INFO  | DNAudit | user=null | ip=null | op=PUT_BLOCK {blockData=[blockId=conID: 2 locID: 102665036031656399 bcsId: 0,size=3145728]} | ret=SUCCESS |  
2019-08-23 07:08:56,360 | INFO  | DNAudit | user=null | ip=null | op=WRITE_CHUNK {blockData=conID: 2 locID: 102665036031656399 bcsId: 1662} | ret=SUCCESS |  
2019-08-23 07:08:56,361 | INFO  | DNAudit | user=null | ip=null | op=PUT_BLOCK {blockData=[blockId=conID: 2 locID: 102665036031656399 bcsId: 0,size=4194304]} | ret=SUCCESS |  
2019-08-23 07:08:56,361 [grpc-default-executor-3] INFO  client.GrpcClientProtocolClient (GrpcClientProtocolClient.java:onNext(255)) - client-D91E5D1E15CE->f2ba01fc-a63e-4348-bd18-030b60a135e7: receive RaftClientReply:client-D91E5D1E15CE->f2ba01fc-a63e-4348-bd18-030b60a135e7@group-C8C62FEF0626, cid=1197, SUCCESS, logIndex=1665, commits[f2ba01fc-a63e-4348-bd18-030b60a135e7:c1666, eab135d4-a257-4705-b491-6c056b8c5df7:c1662, a4f67574-9018-43e7-8a54-351e98dc3d0a:c1662]
2019-08-23 07:08:56,361 [grpc-default-executor-3] INFO  client.GrpcClientProtocolClient (GrpcClientProtocolClient.java:onNext(255)) - client-D91E5D1E15CE->f2ba01fc-a63e-4348-bd18-030b60a135e7: receive RaftClientReply:client-D91E5D1E15CE->f2ba01fc-a63e-4348-bd18-030b60a135e7@group-C8C62FEF0626, cid=1198, SUCCESS, logIndex=1666, commits[f2ba01fc-a63e-4348-bd18-030b60a135e7:c1666, eab135d4-a257-4705-b491-6c056b8c5df7:c1662, a4f67574-9018-43e7-8a54-351e98dc3d0a:c1662]
2019-08-23 07:08:56,372 | INFO  | DNAudit | user=null | ip=null | op=WRITE_CHUNK {blockData=conID: 2 locID: 102665036031656399 bcsId: 1662} | ret=SUCCESS |  
2019-08-23 07:08:56,372 | INFO  | DNAudit | user=null | ip=null | op=WRITE_CHUNK {blockData=conID: 2 locID: 102665036031656399 bcsId: 1662} | ret=SUCCESS |  
2019-08-23 07:08:56,373 | INFO  | DNAudit | user=null | ip=null | op=PUT_BLOCK {blockData=[blockId=conID: 2 locID: 102665036031656399 bcsId: 0,size=4194304]} | ret=SUCCESS |  
2019-08-23 07:08:56,373 | INFO  | DNAudit | user=null | ip=null | op=PUT_BLOCK {blockData=[blockId=conID: 2 locID: 102665036031656399 bcsId: 0,size=4194304]} | ret=SUCCESS |  
2019-08-23 07:08:56,374 [grpc-default-executor-3] INFO  client.GrpcClientProtocolClient (GrpcClientProtocolClient.java:onNext(255)) - client-D91E5D1E15CE->f2ba01fc-a63e-4348-bd18-030b60a135e7: receive RaftClientReply:client-D91E5D1E15CE->f2ba01fc-a63e-4348-bd18-030b60a135e7@group-C8C62FEF0626, cid=1199, SUCCESS, logIndex=0, commits[f2ba01fc-a63e-4348-bd18-030b60a135e7:c1668, eab135d4-a257-4705-b491-6c056b8c5df7:c1666, a4f67574-9018-43e7-8a54-351e98dc3d0a:c1666]
2019-08-23 07:08:56,380 | INFO  | DNAudit | user=null | ip=null | op=WRITE_CHUNK {blockData=conID: 3 locID: 102665036031656400 bcsId: 0} | ret=SUCCESS |  
2019-08-23 07:08:56,382 | INFO  | DNAudit | user=null | ip=null | op=WRITE_CHUNK {blockData=conID: 3 locID: 102665036031656400 bcsId: 0} | ret=SUCCESS |  
2019-08-23 07:08:56,383 | INFO  | DNAudit | user=null | ip=null | op=WRITE_CHUNK {blockData=conID: 3 locID: 102665036031656400 bcsId: 0} | ret=SUCCESS |  
2019-08-23 07:08:56,383 | INFO  | DNAudit | user=null | ip=null | op=WRITE_CHUNK {blockData=conID: 3 locID: 102665036031656400 bcsId: 0} | ret=SUCCESS |  
2019-08-23 07:08:56,384 | INFO  | DNAudit | user=null | ip=null | op=WRITE_CHUNK {blockData=conID: 3 locID: 102665036031656400 bcsId: 0} | ret=SUCCESS |  
2019-08-23 07:08:56,385 | INFO  | DNAudit | user=null | ip=null | op=WRITE_CHUNK {blockData=conID: 3 locID: 102665036031656400 bcsId: 0} | ret=SUCCESS |  
2019-08-23 07:08:56,393 | INFO  | DNAudit | user=null | ip=null | op=WRITE_CHUNK {blockData=conID: 3 locID: 102665036031656400 bcsId: 0} | ret=SUCCESS |  
2019-08-23 07:08:56,394 | INFO  | DNAudit | user=null | ip=null | op=PUT_BLOCK {blockData=[blockId=conID: 3 locID: 102665036031656400 bcsId: 0,size=1048576]} | ret=SUCCESS |  
2019-08-23 07:08:56,394 | INFO  | DNAudit | user=null | ip=null | op=WRITE_CHUNK {blockData=conID: 3 locID: 102665036031656400 bcsId: 0} | ret=SUCCESS |  
2019-08-23 07:08:56,394 [grpc-default-executor-4] INFO  client.GrpcClientProtocolClient (GrpcClientProtocolClient.java:onNext(255)) - client-D91E5D1E15CE->f2ba01fc-a63e-4348-bd18-030b60a135e7: receive RaftClientReply:client-D91E5D1E15CE->f2ba01fc-a63e-4348-bd18-030b60a135e7@group-C8C62FEF0626, cid=1200, SUCCESS, logIndex=1669, commits[f2ba01fc-a63e-4348-bd18-030b60a135e7:c1670, eab135d4-a257-4705-b491-6c056b8c5df7:c1668, a4f67574-9018-43e7-8a54-351e98dc3d0a:c1668]
2019-08-23 07:08:56,394 | INFO  | DNAudit | user=null | ip=null | op=PUT_BLOCK {blockData=[blockId=conID: 3 locID: 102665036031656400 bcsId: 0,size=2097152]} | ret=SUCCESS |  
2019-08-23 07:08:56,398 | INFO  | DNAudit | user=null | ip=null | op=WRITE_CHUNK {blockData=conID: 3 locID: 102665036031656400 bcsId: 0} | ret=SUCCESS |  
2019-08-23 07:08:56,399 | INFO  | DNAudit | user=null | ip=null | op=WRITE_CHUNK {blockData=conID: 3 locID: 102665036031656400 bcsId: 0} | ret=SUCCESS |  
2019-08-23 07:08:56,399 | INFO  | DNAudit | user=null | ip=null | op=PUT_BLOCK {blockData=[blockId=conID: 3 locID: 102665036031656400 bcsId: 0,size=1048576]} | ret=SUCCESS |  
2019-08-23 07:08:56,399 | INFO  | DNAudit | user=null | ip=null | op=PUT_BLOCK {blockData=[blockId=conID: 3 locID: 102665036031656400 bcsId: 0,size=1048576]} | ret=SUCCESS |  
2019-08-23 07:08:56,399 [grpc-default-executor-4] INFO  client.GrpcClientProtocolClient (GrpcClientProtocolClient.java:onNext(255)) - client-D91E5D1E15CE->f2ba01fc-a63e-4348-bd18-030b60a135e7: receive RaftClientReply:client-D91E5D1E15CE->f2ba01fc-a63e-4348-bd18-030b60a135e7@group-C8C62FEF0626, cid=1201, SUCCESS, logIndex=1670, commits[f2ba01fc-a63e-4348-bd18-030b60a135e7:c1670, eab135d4-a257-4705-b491-6c056b8c5df7:c1668, a4f67574-9018-43e7-8a54-351e98dc3d0a:c1668]
2019-08-23 07:08:56,399 | INFO  | DNAudit | user=null | ip=null | op=WRITE_CHUNK {blockData=conID: 3 locID: 102665036031656400 bcsId: 0} | ret=SUCCESS |  
2019-08-23 07:08:56,399 | INFO  | DNAudit | user=null | ip=null | op=PUT_BLOCK {blockData=[blockId=conID: 3 locID: 102665036031656400 bcsId: 0,size=2097152]} | ret=SUCCESS |  
2019-08-23 07:08:56,400 [grpc-default-executor-3] INFO  client.GrpcClientProtocolClient (GrpcClientProtocolClient.java:onNext(255)) - client-D91E5D1E15CE->f2ba01fc-a63e-4348-bd18-030b60a135e7: receive RaftClientReply:client-D91E5D1E15CE->f2ba01fc-a63e-4348-bd18-030b60a135e7@group-C8C62FEF0626, cid=1202, SUCCESS, logIndex=1671, commits[f2ba01fc-a63e-4348-bd18-030b60a135e7:c1672, eab135d4-a257-4705-b491-6c056b8c5df7:c1668, a4f67574-9018-43e7-8a54-351e98dc3d0a:c1668]
2019-08-23 07:08:56,400 [grpc-default-executor-3] INFO  client.GrpcClientProtocolClient (GrpcClientProtocolClient.java:onNext(255)) - client-D91E5D1E15CE->f2ba01fc-a63e-4348-bd18-030b60a135e7: receive RaftClientReply:client-D91E5D1E15CE->f2ba01fc-a63e-4348-bd18-030b60a135e7@group-C8C62FEF0626, cid=1203, SUCCESS, logIndex=1672, commits[f2ba01fc-a63e-4348-bd18-030b60a135e7:c1672, eab135d4-a257-4705-b491-6c056b8c5df7:c1668, a4f67574-9018-43e7-8a54-351e98dc3d0a:c1668]
2019-08-23 07:08:56,402 [grpc-default-executor-3] INFO  client.GrpcClientProtocolClient (GrpcClientProtocolClient.java:onNext(255)) - client-D91E5D1E15CE->f2ba01fc-a63e-4348-bd18-030b60a135e7: receive RaftClientReply:client-D91E5D1E15CE->f2ba01fc-a63e-4348-bd18-030b60a135e7@group-C8C62FEF0626, cid=1204, SUCCESS, logIndex=0, commits[f2ba01fc-a63e-4348-bd18-030b60a135e7:c1674, eab135d4-a257-4705-b491-6c056b8c5df7:c1672, a4f67574-9018-43e7-8a54-351e98dc3d0a:c1670]
2019-08-23 07:08:56,409 | INFO  | DNAudit | user=null | ip=null | op=WRITE_CHUNK {blockData=conID: 3 locID: 102665036031656400 bcsId: 1672} | ret=SUCCESS |  
2019-08-23 07:08:56,643 | INFO  | DNAudit | user=null | ip=null | op=WRITE_CHUNK {blockData=conID: 3 locID: 102665036031656400 bcsId: 0} | ret=SUCCESS |  
2019-08-23 07:08:56,643 | INFO  | SCMAudit | user=jenkins1000 | ip=192.168.5.178 | op=SEND_HEARTBEAT {datanodeUUID=f2ba01fc-a63e-4348-bd18-030b60a135e7, command=[]} | ret=SUCCESS |  
2019-08-23 07:08:56,643 | INFO  | SCMAudit | user=jenkins1000 | ip=192.168.5.178 | op=SEND_HEARTBEAT {datanodeUUID=eab135d4-a257-4705-b491-6c056b8c5df7, command=[]} | ret=SUCCESS |  
2019-08-23 07:08:56,643 | INFO  | SCMAudit | user=jenkins1000 | ip=192.168.5.178 | op=SEND_HEARTBEAT {datanodeUUID=a4f67574-9018-43e7-8a54-351e98dc3d0a, command=[]} | ret=SUCCESS |  
2019-08-23 07:08:56,643 | INFO  | DNAudit | user=null | ip=null | op=PUT_BLOCK {blockData=[blockId=conID: 3 locID: 102665036031656400 bcsId: 0,size=2097152]} | ret=SUCCESS |  
2019-08-23 07:08:56,645 | INFO  | DNAudit | user=null | ip=null | op=WRITE_CHUNK {blockData=conID: 3 locID: 102665036031656400 bcsId: 1672} | ret=SUCCESS |  
2019-08-23 07:08:56,645 | INFO  | DNAudit | user=null | ip=null | op=WRITE_CHUNK {blockData=conID: 3 locID: 102665036031656400 bcsId: 1672} | ret=SUCCESS |  
2019-08-23 07:08:56,658 | INFO  | DNAudit | user=null | ip=null | op=WRITE_CHUNK {blockData=conID: 3 locID: 102665036031656400 bcsId: 1672} | ret=SUCCESS |  
2019-08-23 07:08:56,658 | INFO  | DNAudit | user=null | ip=null | op=PUT_BLOCK {blockData=[blockId=conID: 3 locID: 102665036031656400 bcsId: 0,size=3145728]} | ret=SUCCESS |  
2019-08-23 07:08:56,659 [grpc-default-executor-4] INFO  client.GrpcClientProtocolClient (GrpcClientProtocolClient.java:onNext(255)) - client-D91E5D1E15CE->f2ba01fc-a63e-4348-bd18-030b60a135e7: receive RaftClientReply:client-D91E5D1E15CE->f2ba01fc-a63e-4348-bd18-030b60a135e7@group-C8C62FEF0626, cid=1205, SUCCESS, logIndex=1677, commits[f2ba01fc-a63e-4348-bd18-030b60a135e7:c1678, eab135d4-a257-4705-b491-6c056b8c5df7:c1674, a4f67574-9018-43e7-8a54-351e98dc3d0a:c1674]
2019-08-23 07:08:56,659 [grpc-default-executor-4] INFO  client.GrpcClientProtocolClient (GrpcClientProtocolClient.java:onNext(255)) - client-D91E5D1E15CE->f2ba01fc-a63e-4348-bd18-030b60a135e7: receive RaftClientReply:client-D91E5D1E15CE->f2ba01fc-a63e-4348-bd18-030b60a135e7@group-C8C62FEF0626, cid=1206, SUCCESS, logIndex=1678, commits[f2ba01fc-a63e-4348-bd18-030b60a135e7:c1678, eab135d4-a257-4705-b491-6c056b8c5df7:c1674, a4f67574-9018-43e7-8a54-351e98dc3d0a:c1674]
2019-08-23 07:08:56,669 | INFO  | DNAudit | user=null | ip=null | op=WRITE_CHUNK {blockData=conID: 3 locID: 102665036031656400 bcsId: 1672} | ret=SUCCESS |  
2019-08-23 07:08:56,669 | INFO  | DNAudit | user=null | ip=null | op=WRITE_CHUNK {blockData=conID: 3 locID: 102665036031656400 bcsId: 1672} | ret=SUCCESS |  
2019-08-23 07:08:56,670 | INFO  | DNAudit | user=null | ip=null | op=PUT_BLOCK {blockData=[blockId=conID: 3 locID: 102665036031656400 bcsId: 0,size=3145728]} | ret=SUCCESS |  
2019-08-23 07:08:56,670 | INFO  | DNAudit | user=null | ip=null | op=PUT_BLOCK {blockData=[blockId=conID: 3 locID: 102665036031656400 bcsId: 0,size=3145728]} | ret=SUCCESS |  
2019-08-23 07:08:56,670 | INFO  | DNAudit | user=null | ip=null | op=WRITE_CHUNK {blockData=conID: 3 locID: 102665036031656400 bcsId: 1678} | ret=SUCCESS |  
2019-08-23 07:08:56,673 | INFO  | DNAudit | user=null | ip=null | op=WRITE_CHUNK {blockData=conID: 3 locID: 102665036031656400 bcsId: 1678} | ret=SUCCESS |  
2019-08-23 07:08:56,674 | INFO  | DNAudit | user=null | ip=null | op=WRITE_CHUNK {blockData=conID: 3 locID: 102665036031656400 bcsId: 1678} | ret=SUCCESS |  
2019-08-23 07:08:56,682 | INFO  | DNAudit | user=null | ip=null | op=WRITE_CHUNK {blockData=conID: 3 locID: 102665036031656400 bcsId: 1678} | ret=SUCCESS |  
2019-08-23 07:08:56,683 | INFO  | DNAudit | user=null | ip=null | op=PUT_BLOCK {blockData=[blockId=conID: 3 locID: 102665036031656400 bcsId: 0,size=4194304]} | ret=SUCCESS |  
2019-08-23 07:08:56,683 [grpc-default-executor-4] INFO  client.GrpcClientProtocolClient (GrpcClientProtocolClient.java:onNext(255)) - client-D91E5D1E15CE->f2ba01fc-a63e-4348-bd18-030b60a135e7: receive RaftClientReply:client-D91E5D1E15CE->f2ba01fc-a63e-4348-bd18-030b60a135e7@group-C8C62FEF0626, cid=1207, SUCCESS, logIndex=1681, commits[f2ba01fc-a63e-4348-bd18-030b60a135e7:c1681, eab135d4-a257-4705-b491-6c056b8c5df7:c1678, a4f67574-9018-43e7-8a54-351e98dc3d0a:c1678]
2019-08-23 07:08:56,683 [grpc-default-executor-4] INFO  client.GrpcClientProtocolClient (GrpcClientProtocolClient.java:onNext(255)) - client-D91E5D1E15CE->f2ba01fc-a63e-4348-bd18-030b60a135e7: receive RaftClientReply:client-D91E5D1E15CE->f2ba01fc-a63e-4348-bd18-030b60a135e7@group-C8C62FEF0626, cid=1208, SUCCESS, logIndex=1682, commits[f2ba01fc-a63e-4348-bd18-030b60a135e7:c1682, eab135d4-a257-4705-b491-6c056b8c5df7:c1678, a4f67574-9018-43e7-8a54-351e98dc3d0a:c1678]
2019-08-23 07:08:56,694 | INFO  | DNAudit | user=null | ip=null | op=WRITE_CHUNK {blockData=conID: 3 locID: 102665036031656400 bcsId: 1678} | ret=SUCCESS |  
2019-08-23 07:08:56,694 | INFO  | DNAudit | user=null | ip=null | op=WRITE_CHUNK {blockData=conID: 3 locID: 102665036031656400 bcsId: 1678} | ret=SUCCESS |  
2019-08-23 07:08:56,695 | INFO  | DNAudit | user=null | ip=null | op=PUT_BLOCK {blockData=[blockId=conID: 3 locID: 102665036031656400 bcsId: 0,size=4194304]} | ret=SUCCESS |  
2019-08-23 07:08:56,695 | INFO  | DNAudit | user=null | ip=null | op=PUT_BLOCK {blockData=[blockId=conID: 3 locID: 102665036031656400 bcsId: 0,size=4194304]} | ret=SUCCESS |  
2019-08-23 07:08:56,696 [grpc-default-executor-4] INFO  client.GrpcClientProtocolClient (GrpcClientProtocolClient.java:onNext(255)) - client-D91E5D1E15CE->f2ba01fc-a63e-4348-bd18-030b60a135e7: receive RaftClientReply:client-D91E5D1E15CE->f2ba01fc-a63e-4348-bd18-030b60a135e7@group-C8C62FEF0626, cid=1209, SUCCESS, logIndex=0, commits[f2ba01fc-a63e-4348-bd18-030b60a135e7:c1684, eab135d4-a257-4705-b491-6c056b8c5df7:c1682, a4f67574-9018-43e7-8a54-351e98dc3d0a:c1682]
2019-08-23 07:08:56,703 | INFO  | DNAudit | user=null | ip=null | op=WRITE_CHUNK {blockData=conID: 1 locID: 102665036031656401 bcsId: 0} | ret=SUCCESS |  
2019-08-23 07:08:56,705 | INFO  | DNAudit | user=null | ip=null | op=WRITE_CHUNK {blockData=conID: 1 locID: 102665036031656401 bcsId: 0} | ret=SUCCESS |  
2019-08-23 07:08:56,707 | INFO  | DNAudit | user=null | ip=null | op=WRITE_CHUNK {blockData=conID: 1 locID: 102665036031656401 bcsId: 0} | ret=SUCCESS |  
2019-08-23 07:08:56,707 | INFO  | DNAudit | user=null | ip=null | op=WRITE_CHUNK {blockData=conID: 1 locID: 102665036031656401 bcsId: 0} | ret=SUCCESS |  
2019-08-23 07:08:56,710 | INFO  | DNAudit | user=null | ip=null | op=WRITE_CHUNK {blockData=conID: 1 locID: 102665036031656401 bcsId: 0} | ret=SUCCESS |  
2019-08-23 07:08:56,711 | INFO  | DNAudit | user=null | ip=null | op=WRITE_CHUNK {blockData=conID: 1 locID: 102665036031656401 bcsId: 0} | ret=SUCCESS |  
2019-08-23 07:08:56,716 | INFO  | DNAudit | user=null | ip=null | op=WRITE_CHUNK {blockData=conID: 1 locID: 102665036031656401 bcsId: 0} | ret=SUCCESS |  
2019-08-23 07:08:56,716 | INFO  | DNAudit | user=null | ip=null | op=PUT_BLOCK {blockData=[blockId=conID: 1 locID: 102665036031656401 bcsId: 0,size=1048576]} | ret=SUCCESS |  
2019-08-23 07:08:56,717 [grpc-default-executor-2] INFO  client.GrpcClientProtocolClient (GrpcClientProtocolClient.java:onNext(255)) - client-D91E5D1E15CE->f2ba01fc-a63e-4348-bd18-030b60a135e7: receive RaftClientReply:client-D91E5D1E15CE->f2ba01fc-a63e-4348-bd18-030b60a135e7@group-C8C62FEF0626, cid=1210, SUCCESS, logIndex=1685, commits[f2ba01fc-a63e-4348-bd18-030b60a135e7:c1686, eab135d4-a257-4705-b491-6c056b8c5df7:c1684, a4f67574-9018-43e7-8a54-351e98dc3d0a:c1684]
2019-08-23 07:08:56,717 [grpc-default-executor-2] INFO  client.GrpcClientProtocolClient (GrpcClientProtocolClient.java:onNext(255)) - client-D91E5D1E15CE->f2ba01fc-a63e-4348-bd18-030b60a135e7: receive RaftClientReply:client-D91E5D1E15CE->f2ba01fc-a63e-4348-bd18-030b60a135e7@group-C8C62FEF0626, cid=1211, SUCCESS, logIndex=1686, commits[f2ba01fc-a63e-4348-bd18-030b60a135e7:c1686, eab135d4-a257-4705-b491-6c056b8c5df7:c1684, a4f67574-9018-43e7-8a54-351e98dc3d0a:c1684]
2019-08-23 07:08:56,718 | INFO  | DNAudit | user=null | ip=null | op=WRITE_CHUNK {blockData=conID: 1 locID: 102665036031656401 bcsId: 0} | ret=SUCCESS |  
2019-08-23 07:08:56,719 | INFO  | DNAudit | user=null | ip=null | op=PUT_BLOCK {blockData=[blockId=conID: 1 locID: 102665036031656401 bcsId: 0,size=2097152]} | ret=SUCCESS |  
2019-08-23 07:08:56,719 [grpc-default-executor-3] INFO  client.GrpcClientProtocolClient (GrpcClientProtocolClient.java:onNext(255)) - client-D91E5D1E15CE->f2ba01fc-a63e-4348-bd18-030b60a135e7: receive RaftClientReply:client-D91E5D1E15CE->f2ba01fc-a63e-4348-bd18-030b60a135e7@group-C8C62FEF0626, cid=1212, SUCCESS, logIndex=1687, commits[f2ba01fc-a63e-4348-bd18-030b60a135e7:c1688, eab135d4-a257-4705-b491-6c056b8c5df7:c1684, a4f67574-9018-43e7-8a54-351e98dc3d0a:c1684]
2019-08-23 07:08:56,719 [grpc-default-executor-3] INFO  client.GrpcClientProtocolClient (GrpcClientProtocolClient.java:onNext(255)) - client-D91E5D1E15CE->f2ba01fc-a63e-4348-bd18-030b60a135e7: receive RaftClientReply:client-D91E5D1E15CE->f2ba01fc-a63e-4348-bd18-030b60a135e7@group-C8C62FEF0626, cid=1213, SUCCESS, logIndex=1688, commits[f2ba01fc-a63e-4348-bd18-030b60a135e7:c1688, eab135d4-a257-4705-b491-6c056b8c5df7:c1684, a4f67574-9018-43e7-8a54-351e98dc3d0a:c1684]
2019-08-23 07:08:56,729 | INFO  | DNAudit | user=null | ip=null | op=WRITE_CHUNK {blockData=conID: 1 locID: 102665036031656401 bcsId: 0} | ret=SUCCESS |  
2019-08-23 07:08:56,729 | INFO  | DNAudit | user=null | ip=null | op=WRITE_CHUNK {blockData=conID: 1 locID: 102665036031656401 bcsId: 0} | ret=SUCCESS |  
2019-08-23 07:08:56,730 | INFO  | DNAudit | user=null | ip=null | op=PUT_BLOCK {blockData=[blockId=conID: 1 locID: 102665036031656401 bcsId: 0,size=1048576]} | ret=SUCCESS |  
2019-08-23 07:08:56,730 | INFO  | DNAudit | user=null | ip=null | op=PUT_BLOCK {blockData=[blockId=conID: 1 locID: 102665036031656401 bcsId: 0,size=1048576]} | ret=SUCCESS |  
2019-08-23 07:08:56,730 | INFO  | DNAudit | user=null | ip=null | op=WRITE_CHUNK {blockData=conID: 1 locID: 102665036031656401 bcsId: 0} | ret=SUCCESS |  
2019-08-23 07:08:56,730 | INFO  | DNAudit | user=null | ip=null | op=PUT_BLOCK {blockData=[blockId=conID: 1 locID: 102665036031656401 bcsId: 0,size=2097152]} | ret=SUCCESS |  
2019-08-23 07:08:56,731 [grpc-default-executor-3] INFO  client.GrpcClientProtocolClient (GrpcClientProtocolClient.java:onNext(255)) - client-D91E5D1E15CE->f2ba01fc-a63e-4348-bd18-030b60a135e7: receive RaftClientReply:client-D91E5D1E15CE->f2ba01fc-a63e-4348-bd18-030b60a135e7@group-C8C62FEF0626, cid=1214, SUCCESS, logIndex=0, commits[f2ba01fc-a63e-4348-bd18-030b60a135e7:c1690, eab135d4-a257-4705-b491-6c056b8c5df7:c1686, a4f67574-9018-43e7-8a54-351e98dc3d0a:c1686]
2019-08-23 07:08:56,731 | INFO  | DNAudit | user=null | ip=null | op=WRITE_CHUNK {blockData=conID: 1 locID: 102665036031656401 bcsId: 0} | ret=SUCCESS |  
2019-08-23 07:08:56,731 | INFO  | DNAudit | user=null | ip=null | op=PUT_BLOCK {blockData=[blockId=conID: 1 locID: 102665036031656401 bcsId: 0,size=2097152]} | ret=SUCCESS |  
2019-08-23 07:08:56,738 | INFO  | DNAudit | user=null | ip=null | op=WRITE_CHUNK {blockData=conID: 1 locID: 102665036031656401 bcsId: 1688} | ret=SUCCESS |  
2019-08-23 07:08:56,739 | INFO  | DNAudit | user=null | ip=null | op=WRITE_CHUNK {blockData=conID: 1 locID: 102665036031656401 bcsId: 1688} | ret=SUCCESS |  
2019-08-23 07:08:56,739 | INFO  | DNAudit | user=null | ip=null | op=WRITE_CHUNK {blockData=conID: 1 locID: 102665036031656401 bcsId: 1688} | ret=SUCCESS |  
2019-08-23 07:08:56,750 | INFO  | DNAudit | user=null | ip=null | op=WRITE_CHUNK {blockData=conID: 1 locID: 102665036031656401 bcsId: 1688} | ret=SUCCESS |  
2019-08-23 07:08:56,750 | INFO  | DNAudit | user=null | ip=null | op=PUT_BLOCK {blockData=[blockId=conID: 1 locID: 102665036031656401 bcsId: 0,size=3145728]} | ret=SUCCESS |  
2019-08-23 07:08:56,750 [grpc-default-executor-3] INFO  client.GrpcClientProtocolClient (GrpcClientProtocolClient.java:onNext(255)) - client-D91E5D1E15CE->f2ba01fc-a63e-4348-bd18-030b60a135e7: receive RaftClientReply:client-D91E5D1E15CE->f2ba01fc-a63e-4348-bd18-030b60a135e7@group-C8C62FEF0626, cid=1215, SUCCESS, logIndex=1693, commits[f2ba01fc-a63e-4348-bd18-030b60a135e7:c1694, eab135d4-a257-4705-b491-6c056b8c5df7:c1692, a4f67574-9018-43e7-8a54-351e98dc3d0a:c1692]
2019-08-23 07:08:56,751 [grpc-default-executor-3] INFO  client.GrpcClientProtocolClient (GrpcClientProtocolClient.java:onNext(255)) - client-D91E5D1E15CE->f2ba01fc-a63e-4348-bd18-030b60a135e7: receive RaftClientReply:client-D91E5D1E15CE->f2ba01fc-a63e-4348-bd18-030b60a135e7@group-C8C62FEF0626, cid=1216, SUCCESS, logIndex=1694, commits[f2ba01fc-a63e-4348-bd18-030b60a135e7:c1694, eab135d4-a257-4705-b491-6c056b8c5df7:c1692, a4f67574-9018-43e7-8a54-351e98dc3d0a:c1692]
2019-08-23 07:08:56,758 | INFO  | DNAudit | user=null | ip=null | op=WRITE_CHUNK {blockData=conID: 1 locID: 102665036031656401 bcsId: 1694} | ret=SUCCESS |  
2019-08-23 07:08:56,761 | INFO  | DNAudit | user=null | ip=null | op=WRITE_CHUNK {blockData=conID: 1 locID: 102665036031656401 bcsId: 1694} | ret=SUCCESS |  
2019-08-23 07:08:56,762 | INFO  | DNAudit | user=null | ip=null | op=WRITE_CHUNK {blockData=conID: 1 locID: 102665036031656401 bcsId: 1688} | ret=SUCCESS |  
2019-08-23 07:08:56,762 | INFO  | DNAudit | user=null | ip=null | op=WRITE_CHUNK {blockData=conID: 1 locID: 102665036031656401 bcsId: 1688} | ret=SUCCESS |  
2019-08-23 07:08:56,762 | INFO  | DNAudit | user=null | ip=null | op=WRITE_CHUNK {blockData=conID: 1 locID: 102665036031656401 bcsId: 1694} | ret=SUCCESS |  
2019-08-23 07:08:56,762 | INFO  | DNAudit | user=null | ip=null | op=PUT_BLOCK {blockData=[blockId=conID: 1 locID: 102665036031656401 bcsId: 0,size=3145728]} | ret=SUCCESS |  
2019-08-23 07:08:56,762 | INFO  | DNAudit | user=null | ip=null | op=PUT_BLOCK {blockData=[blockId=conID: 1 locID: 102665036031656401 bcsId: 0,size=3145728]} | ret=SUCCESS |  
2019-08-23 07:08:56,763 | INFO  | DNAudit | user=null | ip=null | op=WRITE_CHUNK {blockData=conID: 1 locID: 102665036031656401 bcsId: 1694} | ret=SUCCESS |  
2019-08-23 07:08:56,764 | INFO  | DNAudit | user=null | ip=null | op=PUT_BLOCK {blockData=[blockId=conID: 1 locID: 102665036031656401 bcsId: 0,size=4194304]} | ret=SUCCESS |  
2019-08-23 07:08:56,764 [grpc-default-executor-2] INFO  client.GrpcClientProtocolClient (GrpcClientProtocolClient.java:onNext(255)) - client-D91E5D1E15CE->f2ba01fc-a63e-4348-bd18-030b60a135e7: receive RaftClientReply:client-D91E5D1E15CE->f2ba01fc-a63e-4348-bd18-030b60a135e7@group-C8C62FEF0626, cid=1217, SUCCESS, logIndex=1697, commits[f2ba01fc-a63e-4348-bd18-030b60a135e7:c1698, eab135d4-a257-4705-b491-6c056b8c5df7:c1694, a4f67574-9018-43e7-8a54-351e98dc3d0a:c1694]
2019-08-23 07:08:56,764 [grpc-default-executor-2] INFO  client.GrpcClientProtocolClient (GrpcClientProtocolClient.java:onNext(255)) - client-D91E5D1E15CE->f2ba01fc-a63e-4348-bd18-030b60a135e7: receive RaftClientReply:client-D91E5D1E15CE->f2ba01fc-a63e-4348-bd18-030b60a135e7@group-C8C62FEF0626, cid=1218, SUCCESS, logIndex=1698, commits[f2ba01fc-a63e-4348-bd18-030b60a135e7:c1698, eab135d4-a257-4705-b491-6c056b8c5df7:c1694, a4f67574-9018-43e7-8a54-351e98dc3d0a:c1694]
2019-08-23 07:08:56,765 | INFO  | DNAudit | user=null | ip=null | op=WRITE_CHUNK {blockData=conID: 1 locID: 102665036031656401 bcsId: 1694} | ret=SUCCESS |  
2019-08-23 07:08:56,765 | INFO  | DNAudit | user=null | ip=null | op=WRITE_CHUNK {blockData=conID: 1 locID: 102665036031656401 bcsId: 1694} | ret=SUCCESS |  
2019-08-23 07:08:56,765 | INFO  | DNAudit | user=null | ip=null | op=PUT_BLOCK {blockData=[blockId=conID: 1 locID: 102665036031656401 bcsId: 0,size=4194304]} | ret=SUCCESS |  
2019-08-23 07:08:56,766 | INFO  | DNAudit | user=null | ip=null | op=PUT_BLOCK {blockData=[blockId=conID: 1 locID: 102665036031656401 bcsId: 0,size=4194304]} | ret=SUCCESS |  
2019-08-23 07:08:56,767 [grpc-default-executor-3] INFO  client.GrpcClientProtocolClient (GrpcClientProtocolClient.java:onNext(255)) - client-D91E5D1E15CE->f2ba01fc-a63e-4348-bd18-030b60a135e7: receive RaftClientReply:client-D91E5D1E15CE->f2ba01fc-a63e-4348-bd18-030b60a135e7@group-C8C62FEF0626, cid=1219, SUCCESS, logIndex=0, commits[f2ba01fc-a63e-4348-bd18-030b60a135e7:c1699, eab135d4-a257-4705-b491-6c056b8c5df7:c1698, a4f67574-9018-43e7-8a54-351e98dc3d0a:c1698]
2019-08-23 07:08:56,773 | INFO  | DNAudit | user=null | ip=null | op=WRITE_CHUNK {blockData=conID: 2 locID: 102665036031656402 bcsId: 0} | ret=SUCCESS |  
2019-08-23 07:08:56,776 | INFO  | DNAudit | user=null | ip=null | op=WRITE_CHUNK {blockData=conID: 2 locID: 102665036031656402 bcsId: 0} | ret=SUCCESS |  
2019-08-23 07:08:56,776 | INFO  | DNAudit | user=null | ip=null | op=WRITE_CHUNK {blockData=conID: 2 locID: 102665036031656402 bcsId: 0} | ret=SUCCESS |  
2019-08-23 07:08:56,777 | INFO  | DNAudit | user=null | ip=null | op=WRITE_CHUNK {blockData=conID: 2 locID: 102665036031656402 bcsId: 0} | ret=SUCCESS |  
2019-08-23 07:08:56,778 | INFO  | DNAudit | user=null | ip=null | op=WRITE_CHUNK {blockData=conID: 2 locID: 102665036031656402 bcsId: 0} | ret=SUCCESS |  
2019-08-23 07:08:56,779 | INFO  | DNAudit | user=null | ip=null | op=WRITE_CHUNK {blockData=conID: 2 locID: 102665036031656402 bcsId: 0} | ret=SUCCESS |  
2019-08-23 07:08:56,788 | INFO  | DNAudit | user=null | ip=null | op=WRITE_CHUNK {blockData=conID: 2 locID: 102665036031656402 bcsId: 0} | ret=SUCCESS |  
2019-08-23 07:08:56,788 | INFO  | DNAudit | user=null | ip=null | op=PUT_BLOCK {blockData=[blockId=conID: 2 locID: 102665036031656402 bcsId: 0,size=1048576]} | ret=SUCCESS |  
2019-08-23 07:08:56,789 | INFO  | DNAudit | user=null | ip=null | op=WRITE_CHUNK {blockData=conID: 2 locID: 102665036031656402 bcsId: 0} | ret=SUCCESS |  
2019-08-23 07:08:56,790 | INFO  | DNAudit | user=null | ip=null | op=WRITE_CHUNK {blockData=conID: 2 locID: 102665036031656402 bcsId: 0} | ret=SUCCESS |  
2019-08-23 07:08:56,790 | INFO  | DNAudit | user=null | ip=null | op=PUT_BLOCK {blockData=[blockId=conID: 2 locID: 102665036031656402 bcsId: 0,size=2097152]} | ret=SUCCESS |  
2019-08-23 07:08:56,790 [grpc-default-executor-3] INFO  client.GrpcClientProtocolClient (GrpcClientProtocolClient.java:onNext(255)) - client-D91E5D1E15CE->f2ba01fc-a63e-4348-bd18-030b60a135e7: receive RaftClientReply:client-D91E5D1E15CE->f2ba01fc-a63e-4348-bd18-030b60a135e7@group-C8C62FEF0626, cid=1220, SUCCESS, logIndex=1701, commits[f2ba01fc-a63e-4348-bd18-030b60a135e7:c1702, eab135d4-a257-4705-b491-6c056b8c5df7:c1700, a4f67574-9018-43e7-8a54-351e98dc3d0a:c1700]
2019-08-23 07:08:56,790 | INFO  | DNAudit | user=null | ip=null | op=PUT_BLOCK {blockData=[blockId=conID: 2 locID: 102665036031656402 bcsId: 0,size=1048576]} | ret=SUCCESS |  
2019-08-23 07:08:56,790 | INFO  | DNAudit | user=null | ip=null | op=WRITE_CHUNK {blockData=conID: 2 locID: 102665036031656402 bcsId: 0} | ret=SUCCESS |  
2019-08-23 07:08:56,790 [grpc-default-executor-4] INFO  client.GrpcClientProtocolClient (GrpcClientProtocolClient.java:onNext(255)) - client-D91E5D1E15CE->f2ba01fc-a63e-4348-bd18-030b60a135e7: receive RaftClientReply:client-D91E5D1E15CE->f2ba01fc-a63e-4348-bd18-030b60a135e7@group-C8C62FEF0626, cid=1221, SUCCESS, logIndex=1702, commits[f2ba01fc-a63e-4348-bd18-030b60a135e7:c1702, eab135d4-a257-4705-b491-6c056b8c5df7:c1700, a4f67574-9018-43e7-8a54-351e98dc3d0a:c1700]
2019-08-23 07:08:56,791 | INFO  | DNAudit | user=null | ip=null | op=PUT_BLOCK {blockData=[blockId=conID: 2 locID: 102665036031656402 bcsId: 0,size=1048576]} | ret=SUCCESS |  
2019-08-23 07:08:56,791 [grpc-default-executor-4] INFO  client.GrpcClientProtocolClient (GrpcClientProtocolClient.java:onNext(255)) - client-D91E5D1E15CE->f2ba01fc-a63e-4348-bd18-030b60a135e7: receive RaftClientReply:client-D91E5D1E15CE->f2ba01fc-a63e-4348-bd18-030b60a135e7@group-C8C62FEF0626, cid=1222, SUCCESS, logIndex=1703, commits[f2ba01fc-a63e-4348-bd18-030b60a135e7:c1704, eab135d4-a257-4705-b491-6c056b8c5df7:c1700, a4f67574-9018-43e7-8a54-351e98dc3d0a:c1700]
2019-08-23 07:08:56,791 | INFO  | DNAudit | user=null | ip=null | op=WRITE_CHUNK {blockData=conID: 2 locID: 102665036031656402 bcsId: 0} | ret=SUCCESS |  
2019-08-23 07:08:56,791 [grpc-default-executor-4] INFO  client.GrpcClientProtocolClient (GrpcClientProtocolClient.java:onNext(255)) - client-D91E5D1E15CE->f2ba01fc-a63e-4348-bd18-030b60a135e7: receive RaftClientReply:client-D91E5D1E15CE->f2ba01fc-a63e-4348-bd18-030b60a135e7@group-C8C62FEF0626, cid=1223, SUCCESS, logIndex=1704, commits[f2ba01fc-a63e-4348-bd18-030b60a135e7:c1704, eab135d4-a257-4705-b491-6c056b8c5df7:c1700, a4f67574-9018-43e7-8a54-351e98dc3d0a:c1700]
2019-08-23 07:08:56,791 | INFO  | DNAudit | user=null | ip=null | op=WRITE_CHUNK {blockData=conID: 2 locID: 102665036031656402 bcsId: 0} | ret=SUCCESS |  
2019-08-23 07:08:56,792 | INFO  | DNAudit | user=null | ip=null | op=PUT_BLOCK {blockData=[blockId=conID: 2 locID: 102665036031656402 bcsId: 0,size=2097152]} | ret=SUCCESS |  
2019-08-23 07:08:56,792 | INFO  | DNAudit | user=null | ip=null | op=PUT_BLOCK {blockData=[blockId=conID: 2 locID: 102665036031656402 bcsId: 0,size=2097152]} | ret=SUCCESS |  
2019-08-23 07:08:56,792 [grpc-default-executor-3] INFO  client.GrpcClientProtocolClient (GrpcClientProtocolClient.java:onNext(255)) - client-D91E5D1E15CE->f2ba01fc-a63e-4348-bd18-030b60a135e7: receive RaftClientReply:client-D91E5D1E15CE->f2ba01fc-a63e-4348-bd18-030b60a135e7@group-C8C62FEF0626, cid=1224, SUCCESS, logIndex=0, commits[f2ba01fc-a63e-4348-bd18-030b60a135e7:c1707, eab135d4-a257-4705-b491-6c056b8c5df7:c1702, a4f67574-9018-43e7-8a54-351e98dc3d0a:c1703]
2019-08-23 07:08:56,798 | INFO  | DNAudit | user=null | ip=null | op=WRITE_CHUNK {blockData=conID: 2 locID: 102665036031656402 bcsId: 1704} | ret=SUCCESS |  
2019-08-23 07:08:56,800 | INFO  | DNAudit | user=null | ip=null | op=WRITE_CHUNK {blockData=conID: 2 locID: 102665036031656402 bcsId: 1704} | ret=SUCCESS |  
2019-08-23 07:08:56,800 | INFO  | DNAudit | user=null | ip=null | op=WRITE_CHUNK {blockData=conID: 2 locID: 102665036031656402 bcsId: 1704} | ret=SUCCESS |  
2019-08-23 07:08:56,811 | INFO  | DNAudit | user=null | ip=null | op=WRITE_CHUNK {blockData=conID: 2 locID: 102665036031656402 bcsId: 1704} | ret=SUCCESS |  
2019-08-23 07:08:56,812 | INFO  | DNAudit | user=null | ip=null | op=PUT_BLOCK {blockData=[blockId=conID: 2 locID: 102665036031656402 bcsId: 0,size=3145728]} | ret=SUCCESS |  
2019-08-23 07:08:56,813 [grpc-default-executor-6] INFO  client.GrpcClientProtocolClient (GrpcClientProtocolClient.java:onNext(255)) - client-D91E5D1E15CE->f2ba01fc-a63e-4348-bd18-030b60a135e7: receive RaftClientReply:client-D91E5D1E15CE->f2ba01fc-a63e-4348-bd18-030b60a135e7@group-C8C62FEF0626, cid=1225, SUCCESS, logIndex=1709, commits[f2ba01fc-a63e-4348-bd18-030b60a135e7:c1710, eab135d4-a257-4705-b491-6c056b8c5df7:c1708, a4f67574-9018-43e7-8a54-351e98dc3d0a:c1708]
2019-08-23 07:08:56,813 [grpc-default-executor-6] INFO  client.GrpcClientProtocolClient (GrpcClientProtocolClient.java:onNext(255)) - client-D91E5D1E15CE->f2ba01fc-a63e-4348-bd18-030b60a135e7: receive RaftClientReply:client-D91E5D1E15CE->f2ba01fc-a63e-4348-bd18-030b60a135e7@group-C8C62FEF0626, cid=1226, SUCCESS, logIndex=1710, commits[f2ba01fc-a63e-4348-bd18-030b60a135e7:c1710, eab135d4-a257-4705-b491-6c056b8c5df7:c1708, a4f67574-9018-43e7-8a54-351e98dc3d0a:c1708]
2019-08-23 07:08:56,820 | INFO  | DNAudit | user=null | ip=null | op=WRITE_CHUNK {blockData=conID: 2 locID: 102665036031656402 bcsId: 1710} | ret=SUCCESS |  
2019-08-23 07:08:56,822 | INFO  | DNAudit | user=null | ip=null | op=WRITE_CHUNK {blockData=conID: 2 locID: 102665036031656402 bcsId: 1710} | ret=SUCCESS |  
2019-08-23 07:08:56,822 | INFO  | DNAudit | user=null | ip=null | op=WRITE_CHUNK {blockData=conID: 2 locID: 102665036031656402 bcsId: 1710} | ret=SUCCESS |  
2019-08-23 07:08:56,839 | INFO  | DNAudit | user=null | ip=null | op=WRITE_CHUNK {blockData=conID: 2 locID: 102665036031656402 bcsId: 1704} | ret=SUCCESS |  
2019-08-23 07:08:56,839 | INFO  | DNAudit | user=null | ip=null | op=WRITE_CHUNK {blockData=conID: 2 locID: 102665036031656402 bcsId: 1704} | ret=SUCCESS |  
2019-08-23 07:08:56,840 | INFO  | DNAudit | user=null | ip=null | op=PUT_BLOCK {blockData=[blockId=conID: 2 locID: 102665036031656402 bcsId: 0,size=3145728]} | ret=SUCCESS |  
2019-08-23 07:08:56,840 | INFO  | DNAudit | user=null | ip=null | op=PUT_BLOCK {blockData=[blockId=conID: 2 locID: 102665036031656402 bcsId: 0,size=3145728]} | ret=SUCCESS |  
2019-08-23 07:08:56,840 | INFO  | DNAudit | user=null | ip=null | op=WRITE_CHUNK {blockData=conID: 2 locID: 102665036031656402 bcsId: 1710} | ret=SUCCESS |  
2019-08-23 07:08:56,840 | INFO  | DNAudit | user=null | ip=null | op=PUT_BLOCK {blockData=[blockId=conID: 2 locID: 102665036031656402 bcsId: 0,size=4194304]} | ret=SUCCESS |  
2019-08-23 07:08:56,841 [grpc-default-executor-4] INFO  client.GrpcClientProtocolClient (GrpcClientProtocolClient.java:onNext(255)) - client-D91E5D1E15CE->f2ba01fc-a63e-4348-bd18-030b60a135e7: receive RaftClientReply:client-D91E5D1E15CE->f2ba01fc-a63e-4348-bd18-030b60a135e7@group-C8C62FEF0626, cid=1227, SUCCESS, logIndex=1713, commits[f2ba01fc-a63e-4348-bd18-030b60a135e7:c1714, eab135d4-a257-4705-b491-6c056b8c5df7:c1710, a4f67574-9018-43e7-8a54-351e98dc3d0a:c1710]
2019-08-23 07:08:56,841 [grpc-default-executor-4] INFO  client.GrpcClientProtocolClient (GrpcClientProtocolClient.java:onNext(255)) - client-D91E5D1E15CE->f2ba01fc-a63e-4348-bd18-030b60a135e7: receive RaftClientReply:client-D91E5D1E15CE->f2ba01fc-a63e-4348-bd18-030b60a135e7@group-C8C62FEF0626, cid=1228, SUCCESS, logIndex=1714, commits[f2ba01fc-a63e-4348-bd18-030b60a135e7:c1714, eab135d4-a257-4705-b491-6c056b8c5df7:c1710, a4f67574-9018-43e7-8a54-351e98dc3d0a:c1710]
2019-08-23 07:08:56,852 | INFO  | DNAudit | user=null | ip=null | op=WRITE_CHUNK {blockData=conID: 2 locID: 102665036031656402 bcsId: 1710} | ret=SUCCESS |  
2019-08-23 07:08:56,852 | INFO  | DNAudit | user=null | ip=null | op=WRITE_CHUNK {blockData=conID: 2 locID: 102665036031656402 bcsId: 1710} | ret=SUCCESS |  
2019-08-23 07:08:56,853 | INFO  | DNAudit | user=null | ip=null | op=PUT_BLOCK {blockData=[blockId=conID: 2 locID: 102665036031656402 bcsId: 0,size=4194304]} | ret=SUCCESS |  
2019-08-23 07:08:56,853 | INFO  | DNAudit | user=null | ip=null | op=PUT_BLOCK {blockData=[blockId=conID: 2 locID: 102665036031656402 bcsId: 0,size=4194304]} | ret=SUCCESS |  
2019-08-23 07:08:56,854 [grpc-default-executor-4] INFO  client.GrpcClientProtocolClient (GrpcClientProtocolClient.java:onNext(255)) - client-D91E5D1E15CE->f2ba01fc-a63e-4348-bd18-030b60a135e7: receive RaftClientReply:client-D91E5D1E15CE->f2ba01fc-a63e-4348-bd18-030b60a135e7@group-C8C62FEF0626, cid=1229, SUCCESS, logIndex=0, commits[f2ba01fc-a63e-4348-bd18-030b60a135e7:c1716, eab135d4-a257-4705-b491-6c056b8c5df7:c1714, a4f67574-9018-43e7-8a54-351e98dc3d0a:c1714]
2019-08-23 07:08:56,866 | INFO  | SCMAudit | user=jenkins1000 | ip=192.168.5.178 | op=ALLOCATE_BLOCK {owner=aaf04d22-10dd-4717-8862-c651bdde72cf, size=4194304, type=RATIS, factor=THREE} | ret=SUCCESS |  
2019-08-23 07:08:56,870 | INFO  | OMAudit | user=jenkins1000 | ip=127.0.0.1 | op=ALLOCATE_BLOCK {volume=vol-0-67663, bucket=bucket-0-68950, key=key-0-26970, dataSize=0, replicationType=null, replicationFactor=null, keyLocationInfo=null, clientID=102665036030476690} | ret=SUCCESS |  
2019-08-23 07:08:56,876 | INFO  | DNAudit | user=null | ip=null | op=WRITE_CHUNK {blockData=conID: 3 locID: 102665036553650643 bcsId: 0} | ret=SUCCESS |  
2019-08-23 07:08:56,879 | INFO  | DNAudit | user=null | ip=null | op=WRITE_CHUNK {blockData=conID: 3 locID: 102665036553650643 bcsId: 0} | ret=SUCCESS |  
2019-08-23 07:08:56,881 | INFO  | DNAudit | user=null | ip=null | op=WRITE_CHUNK {blockData=conID: 3 locID: 102665036553650643 bcsId: 0} | ret=SUCCESS |  
2019-08-23 07:08:56,881 | INFO  | DNAudit | user=null | ip=null | op=WRITE_CHUNK {blockData=conID: 3 locID: 102665036553650643 bcsId: 0} | ret=SUCCESS |  
2019-08-23 07:08:56,882 | INFO  | DNAudit | user=null | ip=null | op=WRITE_CHUNK {blockData=conID: 3 locID: 102665036553650643 bcsId: 0} | ret=SUCCESS |  
2019-08-23 07:08:56,882 | INFO  | DNAudit | user=null | ip=null | op=WRITE_CHUNK {blockData=conID: 3 locID: 102665036553650643 bcsId: 0} | ret=SUCCESS |  
2019-08-23 07:08:56,889 | INFO  | DNAudit | user=null | ip=null | op=WRITE_CHUNK {blockData=conID: 3 locID: 102665036553650643 bcsId: 0} | ret=SUCCESS |  
2019-08-23 07:08:56,889 | INFO  | DNAudit | user=null | ip=null | op=PUT_BLOCK {blockData=[blockId=conID: 3 locID: 102665036553650643 bcsId: 0,size=1048576]} | ret=SUCCESS |  
2019-08-23 07:08:56,890 | INFO  | DNAudit | user=null | ip=null | op=WRITE_CHUNK {blockData=conID: 3 locID: 102665036553650643 bcsId: 0} | ret=SUCCESS |  
2019-08-23 07:08:56,890 [grpc-default-executor-4] INFO  client.GrpcClientProtocolClient (GrpcClientProtocolClient.java:onNext(255)) - client-D91E5D1E15CE->f2ba01fc-a63e-4348-bd18-030b60a135e7: receive RaftClientReply:client-D91E5D1E15CE->f2ba01fc-a63e-4348-bd18-030b60a135e7@group-C8C62FEF0626, cid=1230, SUCCESS, logIndex=1717, commits[f2ba01fc-a63e-4348-bd18-030b60a135e7:c1719, eab135d4-a257-4705-b491-6c056b8c5df7:c1716, a4f67574-9018-43e7-8a54-351e98dc3d0a:c1716]
2019-08-23 07:08:56,890 | INFO  | DNAudit | user=null | ip=null | op=PUT_BLOCK {blockData=[blockId=conID: 3 locID: 102665036553650643 bcsId: 0,size=2097152]} | ret=SUCCESS |  
2019-08-23 07:08:56,890 [grpc-default-executor-4] INFO  client.GrpcClientProtocolClient (GrpcClientProtocolClient.java:onNext(255)) - client-D91E5D1E15CE->f2ba01fc-a63e-4348-bd18-030b60a135e7: receive RaftClientReply:client-D91E5D1E15CE->f2ba01fc-a63e-4348-bd18-030b60a135e7@group-C8C62FEF0626, cid=1231, SUCCESS, logIndex=1718, commits[f2ba01fc-a63e-4348-bd18-030b60a135e7:c1720, eab135d4-a257-4705-b491-6c056b8c5df7:c1716, a4f67574-9018-43e7-8a54-351e98dc3d0a:c1716]
2019-08-23 07:08:56,891 | INFO  | DNAudit | user=null | ip=null | op=WRITE_CHUNK {blockData=conID: 3 locID: 102665036553650643 bcsId: 0} | ret=SUCCESS |  
2019-08-23 07:08:56,891 [grpc-default-executor-6] INFO  client.GrpcClientProtocolClient (GrpcClientProtocolClient.java:onNext(255)) - client-D91E5D1E15CE->f2ba01fc-a63e-4348-bd18-030b60a135e7: receive RaftClientReply:client-D91E5D1E15CE->f2ba01fc-a63e-4348-bd18-030b60a135e7@group-C8C62FEF0626, cid=1232, SUCCESS, logIndex=1719, commits[f2ba01fc-a63e-4348-bd18-030b60a135e7:c1720, eab135d4-a257-4705-b491-6c056b8c5df7:c1716, a4f67574-9018-43e7-8a54-351e98dc3d0a:c1716]
2019-08-23 07:08:56,891 [grpc-default-executor-6] INFO  client.GrpcClientProtocolClient (GrpcClientProtocolClient.java:onNext(255)) - client-D91E5D1E15CE->f2ba01fc-a63e-4348-bd18-030b60a135e7: receive RaftClientReply:client-D91E5D1E15CE->f2ba01fc-a63e-4348-bd18-030b60a135e7@group-C8C62FEF0626, cid=1233, SUCCESS, logIndex=1720, commits[f2ba01fc-a63e-4348-bd18-030b60a135e7:c1720, eab135d4-a257-4705-b491-6c056b8c5df7:c1716, a4f67574-9018-43e7-8a54-351e98dc3d0a:c1716]
2019-08-23 07:08:56,891 | INFO  | DNAudit | user=null | ip=null | op=WRITE_CHUNK {blockData=conID: 3 locID: 102665036553650643 bcsId: 0} | ret=SUCCESS |  
2019-08-23 07:08:56,891 | INFO  | DNAudit | user=null | ip=null | op=PUT_BLOCK {blockData=[blockId=conID: 3 locID: 102665036553650643 bcsId: 0,size=1048576]} | ret=SUCCESS |  
2019-08-23 07:08:56,892 | INFO  | DNAudit | user=null | ip=null | op=WRITE_CHUNK {blockData=conID: 3 locID: 102665036553650643 bcsId: 0} | ret=SUCCESS |  
2019-08-23 07:08:56,892 | INFO  | DNAudit | user=null | ip=null | op=PUT_BLOCK {blockData=[blockId=conID: 3 locID: 102665036553650643 bcsId: 0,size=1048576]} | ret=SUCCESS |  
2019-08-23 07:08:56,892 | INFO  | DNAudit | user=null | ip=null | op=PUT_BLOCK {blockData=[blockId=conID: 3 locID: 102665036553650643 bcsId: 0,size=2097152]} | ret=SUCCESS |  
2019-08-23 07:08:56,892 | INFO  | DNAudit | user=null | ip=null | op=WRITE_CHUNK {blockData=conID: 3 locID: 102665036553650643 bcsId: 0} | ret=SUCCESS |  
2019-08-23 07:08:56,892 | INFO  | DNAudit | user=null | ip=null | op=PUT_BLOCK {blockData=[blockId=conID: 3 locID: 102665036553650643 bcsId: 0,size=2097152]} | ret=SUCCESS |  
2019-08-23 07:08:56,893 [grpc-default-executor-4] INFO  client.GrpcClientProtocolClient (GrpcClientProtocolClient.java:onNext(255)) - client-D91E5D1E15CE->f2ba01fc-a63e-4348-bd18-030b60a135e7: receive RaftClientReply:client-D91E5D1E15CE->f2ba01fc-a63e-4348-bd18-030b60a135e7@group-C8C62FEF0626, cid=1234, SUCCESS, logIndex=0, commits[f2ba01fc-a63e-4348-bd18-030b60a135e7:c1724, eab135d4-a257-4705-b491-6c056b8c5df7:c1720, a4f67574-9018-43e7-8a54-351e98dc3d0a:c1718]
2019-08-23 07:08:56,898 | INFO  | DNAudit | user=null | ip=null | op=WRITE_CHUNK {blockData=conID: 3 locID: 102665036553650643 bcsId: 1720} | ret=SUCCESS |  
2019-08-23 07:08:56,900 | INFO  | DNAudit | user=null | ip=null | op=WRITE_CHUNK {blockData=conID: 3 locID: 102665036553650643 bcsId: 1720} | ret=SUCCESS |  
2019-08-23 07:08:56,900 | INFO  | DNAudit | user=null | ip=null | op=WRITE_CHUNK {blockData=conID: 3 locID: 102665036553650643 bcsId: 1720} | ret=SUCCESS |  
2019-08-23 07:08:56,911 | INFO  | DNAudit | user=null | ip=null | op=WRITE_CHUNK {blockData=conID: 3 locID: 102665036553650643 bcsId: 1720} | ret=SUCCESS |  
2019-08-23 07:08:56,911 | INFO  | DNAudit | user=null | ip=null | op=PUT_BLOCK {blockData=[blockId=conID: 3 locID: 102665036553650643 bcsId: 0,size=3145728]} | ret=SUCCESS |  
2019-08-23 07:08:56,911 [grpc-default-executor-6] INFO  client.GrpcClientProtocolClient (GrpcClientProtocolClient.java:onNext(255)) - client-D91E5D1E15CE->f2ba01fc-a63e-4348-bd18-030b60a135e7: receive RaftClientReply:client-D91E5D1E15CE->f2ba01fc-a63e-4348-bd18-030b60a135e7@group-C8C62FEF0626, cid=1235, SUCCESS, logIndex=1725, commits[f2ba01fc-a63e-4348-bd18-030b60a135e7:c1726, eab135d4-a257-4705-b491-6c056b8c5df7:c1724, a4f67574-9018-43e7-8a54-351e98dc3d0a:c1724]
2019-08-23 07:08:56,912 [grpc-default-executor-6] INFO  client.GrpcClientProtocolClient (GrpcClientProtocolClient.java:onNext(255)) - client-D91E5D1E15CE->f2ba01fc-a63e-4348-bd18-030b60a135e7: receive RaftClientReply:client-D91E5D1E15CE->f2ba01fc-a63e-4348-bd18-030b60a135e7@group-C8C62FEF0626, cid=1236, SUCCESS, logIndex=1726, commits[f2ba01fc-a63e-4348-bd18-030b60a135e7:c1726, eab135d4-a257-4705-b491-6c056b8c5df7:c1724, a4f67574-9018-43e7-8a54-351e98dc3d0a:c1724]
2019-08-23 07:08:56,917 | INFO  | DNAudit | user=null | ip=null | op=WRITE_CHUNK {blockData=conID: 3 locID: 102665036553650643 bcsId: 1726} | ret=SUCCESS |  
2019-08-23 07:08:56,919 | INFO  | DNAudit | user=null | ip=null | op=WRITE_CHUNK {blockData=conID: 3 locID: 102665036553650643 bcsId: 1726} | ret=SUCCESS |  
2019-08-23 07:08:56,919 | INFO  | DNAudit | user=null | ip=null | op=WRITE_CHUNK {blockData=conID: 3 locID: 102665036553650643 bcsId: 1726} | ret=SUCCESS |  
2019-08-23 07:08:56,931 | INFO  | DNAudit | user=null | ip=null | op=WRITE_CHUNK {blockData=conID: 3 locID: 102665036553650643 bcsId: 1720} | ret=SUCCESS |  
2019-08-23 07:08:56,931 | INFO  | DNAudit | user=null | ip=null | op=WRITE_CHUNK {blockData=conID: 3 locID: 102665036553650643 bcsId: 1720} | ret=SUCCESS |  
2019-08-23 07:08:56,931 | INFO  | DNAudit | user=null | ip=null | op=PUT_BLOCK {blockData=[blockId=conID: 3 locID: 102665036553650643 bcsId: 0,size=3145728]} | ret=SUCCESS |  
2019-08-23 07:08:56,932 | INFO  | DNAudit | user=null | ip=null | op=PUT_BLOCK {blockData=[blockId=conID: 3 locID: 102665036553650643 bcsId: 0,size=3145728]} | ret=SUCCESS |  
2019-08-23 07:08:56,932 | INFO  | DNAudit | user=null | ip=null | op=WRITE_CHUNK {blockData=conID: 3 locID: 102665036553650643 bcsId: 1726} | ret=SUCCESS |  
2019-08-23 07:08:56,933 | INFO  | DNAudit | user=null | ip=null | op=PUT_BLOCK {blockData=[blockId=conID: 3 locID: 102665036553650643 bcsId: 0,size=4194304]} | ret=SUCCESS |  
2019-08-23 07:08:56,933 [grpc-default-executor-3] INFO  client.GrpcClientProtocolClient (GrpcClientProtocolClient.java:onNext(255)) - client-D91E5D1E15CE->f2ba01fc-a63e-4348-bd18-030b60a135e7: receive RaftClientReply:client-D91E5D1E15CE->f2ba01fc-a63e-4348-bd18-030b60a135e7@group-C8C62FEF0626, cid=1237, SUCCESS, logIndex=1729, commits[f2ba01fc-a63e-4348-bd18-030b60a135e7:c1730, eab135d4-a257-4705-b491-6c056b8c5df7:c1726, a4f67574-9018-43e7-8a54-351e98dc3d0a:c1726]
2019-08-23 07:08:56,933 [grpc-default-executor-3] INFO  client.GrpcClientProtocolClient (GrpcClientProtocolClient.java:onNext(255)) - client-D91E5D1E15CE->f2ba01fc-a63e-4348-bd18-030b60a135e7: receive RaftClientReply:client-D91E5D1E15CE->f2ba01fc-a63e-4348-bd18-030b60a135e7@group-C8C62FEF0626, cid=1238, SUCCESS, logIndex=1730, commits[f2ba01fc-a63e-4348-bd18-030b60a135e7:c1730, eab135d4-a257-4705-b491-6c056b8c5df7:c1726, a4f67574-9018-43e7-8a54-351e98dc3d0a:c1726]
2019-08-23 07:08:56,944 | INFO  | DNAudit | user=null | ip=null | op=WRITE_CHUNK {blockData=conID: 3 locID: 102665036553650643 bcsId: 1726} | ret=SUCCESS |  
2019-08-23 07:08:56,945 | INFO  | DNAudit | user=null | ip=null | op=WRITE_CHUNK {blockData=conID: 3 locID: 102665036553650643 bcsId: 1726} | ret=SUCCESS |  
2019-08-23 07:08:56,945 | INFO  | DNAudit | user=null | ip=null | op=PUT_BLOCK {blockData=[blockId=conID: 3 locID: 102665036553650643 bcsId: 0,size=4194304]} | ret=SUCCESS |  
2019-08-23 07:08:56,945 | INFO  | DNAudit | user=null | ip=null | op=PUT_BLOCK {blockData=[blockId=conID: 3 locID: 102665036553650643 bcsId: 0,size=4194304]} | ret=SUCCESS |  
 0.00% |█                                                                                                    |  0/1 Time: 0:00:082019-08-23 07:08:56,946 [grpc-default-executor-3] INFO  client.GrpcClientProtocolClient (GrpcClientProtocolClient.java:onNext(255)) - client-D91E5D1E15CE->f2ba01fc-a63e-4348-bd18-030b60a135e7: receive RaftClientReply:client-D91E5D1E15CE->f2ba01fc-a63e-4348-bd18-030b60a135e7@group-C8C62FEF0626, cid=1239, SUCCESS, logIndex=0, commits[f2ba01fc-a63e-4348-bd18-030b60a135e7:c1731, eab135d4-a257-4705-b491-6c056b8c5df7:c1730, a4f67574-9018-43e7-8a54-351e98dc3d0a:c1730]
2019-08-23 07:08:56,951 | INFO  | SCMAudit | user=jenkins1000 | ip=192.168.5.178 | op=ALLOCATE_BLOCK {owner=aaf04d22-10dd-4717-8862-c651bdde72cf, size=4194304, type=RATIS, factor=THREE} | ret=SUCCESS |  
2019-08-23 07:08:56,959 | INFO  | SCMAudit | user=jenkins1000 | ip=192.168.5.178 | op=SEND_HEARTBEAT {datanodeUUID=5c311bc2-cc7c-45de-998f-f79499d85d4e, command=[]} | ret=SUCCESS |  
2019-08-23 07:08:56,961 | INFO  | OMAudit | user=jenkins1000 | ip=127.0.0.1 | op=ALLOCATE_BLOCK {volume=vol-0-67663, bucket=bucket-0-68950, key=key-0-26970, dataSize=0, replicationType=null, replicationFactor=null, keyLocationInfo=null, clientID=102665036030476690} | ret=SUCCESS |  
2019-08-23 07:08:56,967 | INFO  | DNAudit | user=null | ip=null | op=WRITE_CHUNK {blockData=conID: 1 locID: 102665036559221204 bcsId: 0} | ret=SUCCESS |  
2019-08-23 07:08:56,970 | INFO  | DNAudit | user=null | ip=null | op=WRITE_CHUNK {blockData=conID: 1 locID: 102665036559221204 bcsId: 0} | ret=SUCCESS |  
2019-08-23 07:08:56,970 | INFO  | DNAudit | user=null | ip=null | op=WRITE_CHUNK {blockData=conID: 1 locID: 102665036559221204 bcsId: 0} | ret=SUCCESS |  
2019-08-23 07:08:56,970 | INFO  | DNAudit | user=null | ip=null | op=WRITE_CHUNK {blockData=conID: 1 locID: 102665036559221204 bcsId: 0} | ret=SUCCESS |  
2019-08-23 07:08:56,972 | INFO  | DNAudit | user=null | ip=null | op=WRITE_CHUNK {blockData=conID: 1 locID: 102665036559221204 bcsId: 0} | ret=SUCCESS |  
2019-08-23 07:08:56,972 | INFO  | DNAudit | user=null | ip=null | op=WRITE_CHUNK {blockData=conID: 1 locID: 102665036559221204 bcsId: 0} | ret=SUCCESS |  
2019-08-23 07:08:56,980 | INFO  | DNAudit | user=null | ip=null | op=WRITE_CHUNK {blockData=conID: 1 locID: 102665036559221204 bcsId: 0} | ret=SUCCESS |  
2019-08-23 07:08:56,981 | INFO  | DNAudit | user=null | ip=null | op=PUT_BLOCK {blockData=[blockId=conID: 1 locID: 102665036559221204 bcsId: 0,size=1048576]} | ret=SUCCESS |  
2019-08-23 07:08:56,981 | INFO  | DNAudit | user=null | ip=null | op=WRITE_CHUNK {blockData=conID: 1 locID: 102665036559221204 bcsId: 0} | ret=SUCCESS |  
2019-08-23 07:08:56,981 [grpc-default-executor-4] INFO  client.GrpcClientProtocolClient (GrpcClientProtocolClient.java:onNext(255)) - client-D91E5D1E15CE->f2ba01fc-a63e-4348-bd18-030b60a135e7: receive RaftClientReply:client-D91E5D1E15CE->f2ba01fc-a63e-4348-bd18-030b60a135e7@group-C8C62FEF0626, cid=1240, SUCCESS, logIndex=1733, commits[f2ba01fc-a63e-4348-bd18-030b60a135e7:c1735, eab135d4-a257-4705-b491-6c056b8c5df7:c1732, a4f67574-9018-43e7-8a54-351e98dc3d0a:c1732]
2019-08-23 07:08:56,981 | INFO  | DNAudit | user=null | ip=null | op=PUT_BLOCK {blockData=[blockId=conID: 1 locID: 102665036559221204 bcsId: 0,size=2097152]} | ret=SUCCESS |  
2019-08-23 07:08:56,982 [grpc-default-executor-4] INFO  client.GrpcClientProtocolClient (GrpcClientProtocolClient.java:onNext(255)) - client-D91E5D1E15CE->f2ba01fc-a63e-4348-bd18-030b60a135e7: receive RaftClientReply:client-D91E5D1E15CE->f2ba01fc-a63e-4348-bd18-030b60a135e7@group-C8C62FEF0626, cid=1241, SUCCESS, logIndex=1734, commits[f2ba01fc-a63e-4348-bd18-030b60a135e7:c1736, eab135d4-a257-4705-b491-6c056b8c5df7:c1732, a4f67574-9018-43e7-8a54-351e98dc3d0a:c1732]
2019-08-23 07:08:56,982 [grpc-default-executor-4] INFO  client.GrpcClientProtocolClient (GrpcClientProtocolClient.java:onNext(255)) - client-D91E5D1E15CE->f2ba01fc-a63e-4348-bd18-030b60a135e7: receive RaftClientReply:client-D91E5D1E15CE->f2ba01fc-a63e-4348-bd18-030b60a135e7@group-C8C62FEF0626, cid=1242, SUCCESS, logIndex=1735, commits[f2ba01fc-a63e-4348-bd18-030b60a135e7:c1736, eab135d4-a257-4705-b491-6c056b8c5df7:c1732, a4f67574-9018-43e7-8a54-351e98dc3d0a:c1732]
2019-08-23 07:08:56,982 | INFO  | DNAudit | user=null | ip=null | op=WRITE_CHUNK {blockData=conID: 1 locID: 102665036559221204 bcsId: 0} | ret=SUCCESS |  
2019-08-23 07:08:56,982 | INFO  | DNAudit | user=null | ip=null | op=WRITE_CHUNK {blockData=conID: 1 locID: 102665036559221204 bcsId: 0} | ret=SUCCESS |  
2019-08-23 07:08:56,983 | INFO  | DNAudit | user=null | ip=null | op=PUT_BLOCK {blockData=[blockId=conID: 1 locID: 102665036559221204 bcsId: 0,size=1048576]} | ret=SUCCESS |  
2019-08-23 07:08:56,983 [grpc-default-executor-4] INFO  client.GrpcClientProtocolClient (GrpcClientProtocolClient.java:onNext(255)) - client-D91E5D1E15CE->f2ba01fc-a63e-4348-bd18-030b60a135e7: receive RaftClientReply:client-D91E5D1E15CE->f2ba01fc-a63e-4348-bd18-030b60a135e7@group-C8C62FEF0626, cid=1243, SUCCESS, logIndex=1736, commits[f2ba01fc-a63e-4348-bd18-030b60a135e7:c1736, eab135d4-a257-4705-b491-6c056b8c5df7:c1732, a4f67574-9018-43e7-8a54-351e98dc3d0a:c1732]
2019-08-23 07:08:56,983 | INFO  | DNAudit | user=null | ip=null | op=WRITE_CHUNK {blockData=conID: 1 locID: 102665036559221204 bcsId: 0} | ret=SUCCESS |  
2019-08-23 07:08:56,984 | INFO  | DNAudit | user=null | ip=null | op=PUT_BLOCK {blockData=[blockId=conID: 1 locID: 102665036559221204 bcsId: 0,size=2097152]} | ret=SUCCESS |  
2019-08-23 07:08:56,984 | INFO  | DNAudit | user=null | ip=null | op=PUT_BLOCK {blockData=[blockId=conID: 1 locID: 102665036559221204 bcsId: 0,size=1048576]} | ret=SUCCESS |  
2019-08-23 07:08:56,984 | INFO  | DNAudit | user=null | ip=null | op=WRITE_CHUNK {blockData=conID: 1 locID: 102665036559221204 bcsId: 0} | ret=SUCCESS |  
2019-08-23 07:08:56,984 | INFO  | DNAudit | user=null | ip=null | op=PUT_BLOCK {blockData=[blockId=conID: 1 locID: 102665036559221204 bcsId: 0,size=2097152]} | ret=SUCCESS |  
2019-08-23 07:08:56,984 [grpc-default-executor-4] INFO  client.GrpcClientProtocolClient (GrpcClientProtocolClient.java:onNext(255)) - client-D91E5D1E15CE->f2ba01fc-a63e-4348-bd18-030b60a135e7: receive RaftClientReply:client-D91E5D1E15CE->f2ba01fc-a63e-4348-bd18-030b60a135e7@group-C8C62FEF0626, cid=1244, SUCCESS, logIndex=0, commits[f2ba01fc-a63e-4348-bd18-030b60a135e7:c1739, eab135d4-a257-4705-b491-6c056b8c5df7:c1735, a4f67574-9018-43e7-8a54-351e98dc3d0a:c1735]
2019-08-23 07:08:56,990 | INFO  | DNAudit | user=null | ip=null | op=WRITE_CHUNK {blockData=conID: 1 locID: 102665036559221204 bcsId: 1736} | ret=SUCCESS |  
2019-08-23 07:08:56,992 | INFO  | DNAudit | user=null | ip=null | op=WRITE_CHUNK {blockData=conID: 1 locID: 102665036559221204 bcsId: 1736} | ret=SUCCESS |  
2019-08-23 07:08:56,993 | INFO  | DNAudit | user=null | ip=null | op=WRITE_CHUNK {blockData=conID: 1 locID: 102665036559221204 bcsId: 1736} | ret=SUCCESS |  
2019-08-23 07:08:57,002 | INFO  | DNAudit | user=null | ip=null | op=WRITE_CHUNK {blockData=conID: 1 locID: 102665036559221204 bcsId: 1736} | ret=SUCCESS |  
2019-08-23 07:08:57,002 | INFO  | DNAudit | user=null | ip=null | op=PUT_BLOCK {blockData=[blockId=conID: 1 locID: 102665036559221204 bcsId: 0,size=3145728]} | ret=SUCCESS |  
2019-08-23 07:08:57,003 [grpc-default-executor-2] INFO  client.GrpcClientProtocolClient (GrpcClientProtocolClient.java:onNext(255)) - client-D91E5D1E15CE->f2ba01fc-a63e-4348-bd18-030b60a135e7: receive RaftClientReply:client-D91E5D1E15CE->f2ba01fc-a63e-4348-bd18-030b60a135e7@group-C8C62FEF0626, cid=1245, SUCCESS, logIndex=1741, commits[f2ba01fc-a63e-4348-bd18-030b60a135e7:c1742, eab135d4-a257-4705-b491-6c056b8c5df7:c1740, a4f67574-9018-43e7-8a54-351e98dc3d0a:c1740]
2019-08-23 07:08:57,003 [grpc-default-executor-2] INFO  client.GrpcClientProtocolClient (GrpcClientProtocolClient.java:onNext(255)) - client-D91E5D1E15CE->f2ba01fc-a63e-4348-bd18-030b60a135e7: receive RaftClientReply:client-D91E5D1E15CE->f2ba01fc-a63e-4348-bd18-030b60a135e7@group-C8C62FEF0626, cid=1246, SUCCESS, logIndex=1742, commits[f2ba01fc-a63e-4348-bd18-030b60a135e7:c1742, eab135d4-a257-4705-b491-6c056b8c5df7:c1740, a4f67574-9018-43e7-8a54-351e98dc3d0a:c1740]
2019-08-23 07:08:57,010 | INFO  | DNAudit | user=null | ip=null | op=WRITE_CHUNK {blockData=conID: 1 locID: 102665036559221204 bcsId: 1742} | ret=SUCCESS |  
2019-08-23 07:08:57,012 | INFO  | DNAudit | user=null | ip=null | op=WRITE_CHUNK {blockData=conID: 1 locID: 102665036559221204 bcsId: 1742} | ret=SUCCESS |  
2019-08-23 07:08:57,012 | INFO  | DNAudit | user=null | ip=null | op=WRITE_CHUNK {blockData=conID: 1 locID: 102665036559221204 bcsId: 1742} | ret=SUCCESS |  
2019-08-23 07:08:57,013 | INFO  | DNAudit | user=null | ip=null | op=WRITE_CHUNK {blockData=conID: 1 locID: 102665036559221204 bcsId: 1736} | ret=SUCCESS |  
2019-08-23 07:08:57,013 | INFO  | DNAudit | user=null | ip=null | op=WRITE_CHUNK {blockData=conID: 1 locID: 102665036559221204 bcsId: 1736} | ret=SUCCESS |  
2019-08-23 07:08:57,015 | INFO  | DNAudit | user=null | ip=null | op=PUT_BLOCK {blockData=[blockId=conID: 1 locID: 102665036559221204 bcsId: 0,size=3145728]} | ret=SUCCESS |  
2019-08-23 07:08:57,015 | INFO  | DNAudit | user=null | ip=null | op=PUT_BLOCK {blockData=[blockId=conID: 1 locID: 102665036559221204 bcsId: 0,size=3145728]} | ret=SUCCESS |  
2019-08-23 07:08:57,015 | INFO  | DNAudit | user=null | ip=null | op=WRITE_CHUNK {blockData=conID: 1 locID: 102665036559221204 bcsId: 1742} | ret=SUCCESS |  
2019-08-23 07:08:57,015 | INFO  | DNAudit | user=null | ip=null | op=PUT_BLOCK {blockData=[blockId=conID: 1 locID: 102665036559221204 bcsId: 0,size=4194304]} | ret=SUCCESS |  
2019-08-23 07:08:57,016 [grpc-default-executor-3] INFO  client.GrpcClientProtocolClient (GrpcClientProtocolClient.java:onNext(255)) - client-D91E5D1E15CE->f2ba01fc-a63e-4348-bd18-030b60a135e7: receive RaftClientReply:client-D91E5D1E15CE->f2ba01fc-a63e-4348-bd18-030b60a135e7@group-C8C62FEF0626, cid=1247, SUCCESS, logIndex=1745, commits[f2ba01fc-a63e-4348-bd18-030b60a135e7:c1746, eab135d4-a257-4705-b491-6c056b8c5df7:c1742, a4f67574-9018-43e7-8a54-351e98dc3d0a:c1742]
2019-08-23 07:08:57,016 [grpc-default-executor-3] INFO  client.GrpcClientProtocolClient (GrpcClientProtocolClient.java:onNext(255)) - client-D91E5D1E15CE->f2ba01fc-a63e-4348-bd18-030b60a135e7: receive RaftClientReply:client-D91E5D1E15CE->f2ba01fc-a63e-4348-bd18-030b60a135e7@group-C8C62FEF0626, cid=1248, SUCCESS, logIndex=1746, commits[f2ba01fc-a63e-4348-bd18-030b60a135e7:c1746, eab135d4-a257-4705-b491-6c056b8c5df7:c1742, a4f67574-9018-43e7-8a54-351e98dc3d0a:c1742]
2019-08-23 07:08:57,026 | INFO  | DNAudit | user=null | ip=null | op=WRITE_CHUNK {blockData=conID: 1 locID: 102665036559221204 bcsId: 1742} | ret=SUCCESS |  
2019-08-23 07:08:57,026 | INFO  | DNAudit | user=null | ip=null | op=WRITE_CHUNK {blockData=conID: 1 locID: 102665036559221204 bcsId: 1742} | ret=SUCCESS |  
2019-08-23 07:08:57,028 | INFO  | DNAudit | user=null | ip=null | op=PUT_BLOCK {blockData=[blockId=conID: 1 locID: 102665036559221204 bcsId: 0,size=4194304]} | ret=SUCCESS |  
2019-08-23 07:08:57,028 | INFO  | DNAudit | user=null | ip=null | op=PUT_BLOCK {blockData=[blockId=conID: 1 locID: 102665036559221204 bcsId: 0,size=4194304]} | ret=SUCCESS |  
2019-08-23 07:08:57,028 [grpc-default-executor-3] INFO  client.GrpcClientProtocolClient (GrpcClientProtocolClient.java:onNext(255)) - client-D91E5D1E15CE->f2ba01fc-a63e-4348-bd18-030b60a135e7: receive RaftClientReply:client-D91E5D1E15CE->f2ba01fc-a63e-4348-bd18-030b60a135e7@group-C8C62FEF0626, cid=1249, SUCCESS, logIndex=0, commits[f2ba01fc-a63e-4348-bd18-030b60a135e7:c1748, eab135d4-a257-4705-b491-6c056b8c5df7:c1746, a4f67574-9018-43e7-8a54-351e98dc3d0a:c1746]
2019-08-23 07:08:57,032 | INFO  | SCMAudit | user=jenkins1000 | ip=192.168.5.178 | op=ALLOCATE_BLOCK {owner=aaf04d22-10dd-4717-8862-c651bdde72cf, size=4194304, type=RATIS, factor=THREE} | ret=SUCCESS |  
2019-08-23 07:08:57,037 | INFO  | OMAudit | user=jenkins1000 | ip=127.0.0.1 | op=ALLOCATE_BLOCK {volume=vol-0-67663, bucket=bucket-0-68950, key=key-0-26970, dataSize=0, replicationType=null, replicationFactor=null, keyLocationInfo=null, clientID=102665036030476690} | ret=SUCCESS |  
2019-08-23 07:08:57,043 | INFO  | DNAudit | user=null | ip=null | op=WRITE_CHUNK {blockData=conID: 2 locID: 102665036564529621 bcsId: 0} | ret=SUCCESS |  
2019-08-23 07:08:57,046 | INFO  | DNAudit | user=null | ip=null | op=WRITE_CHUNK {blockData=conID: 2 locID: 102665036564529621 bcsId: 0} | ret=SUCCESS |  
2019-08-23 07:08:57,046 | INFO  | DNAudit | user=null | ip=null | op=WRITE_CHUNK {blockData=conID: 2 locID: 102665036564529621 bcsId: 0} | ret=SUCCESS |  
2019-08-23 07:08:57,047 | INFO  | DNAudit | user=null | ip=null | op=WRITE_CHUNK {blockData=conID: 2 locID: 102665036564529621 bcsId: 0} | ret=SUCCESS |  
2019-08-23 07:08:57,049 | INFO  | DNAudit | user=null | ip=null | op=WRITE_CHUNK {blockData=conID: 2 locID: 102665036564529621 bcsId: 0} | ret=SUCCESS |  
2019-08-23 07:08:57,050 | INFO  | DNAudit | user=null | ip=null | op=WRITE_CHUNK {blockData=conID: 2 locID: 102665036564529621 bcsId: 0} | ret=SUCCESS |  
2019-08-23 07:08:57,059 | INFO  | DNAudit | user=null | ip=null | op=WRITE_CHUNK {blockData=conID: 2 locID: 102665036564529621 bcsId: 0} | ret=SUCCESS |  
2019-08-23 07:08:57,059 | INFO  | DNAudit | user=null | ip=null | op=PUT_BLOCK {blockData=[blockId=conID: 2 locID: 102665036564529621 bcsId: 0,size=1048576]} | ret=SUCCESS |  
2019-08-23 07:08:57,059 [grpc-default-executor-4] INFO  client.GrpcClientProtocolClient (GrpcClientProtocolClient.java:onNext(255)) - client-D91E5D1E15CE->f2ba01fc-a63e-4348-bd18-030b60a135e7: receive RaftClientReply:client-D91E5D1E15CE->f2ba01fc-a63e-4348-bd18-030b60a135e7@group-C8C62FEF0626, cid=1250, SUCCESS, logIndex=1749, commits[f2ba01fc-a63e-4348-bd18-030b60a135e7:c1750, eab135d4-a257-4705-b491-6c056b8c5df7:c1748, a4f67574-9018-43e7-8a54-351e98dc3d0a:c1748]
2019-08-23 07:08:57,060 [grpc-default-executor-4] INFO  client.GrpcClientProtocolClient (GrpcClientProtocolClient.java:onNext(255)) - client-D91E5D1E15CE->f2ba01fc-a63e-4348-bd18-030b60a135e7: receive RaftClientReply:client-D91E5D1E15CE->f2ba01fc-a63e-4348-bd18-030b60a135e7@group-C8C62FEF0626, cid=1251, SUCCESS, logIndex=1750, commits[f2ba01fc-a63e-4348-bd18-030b60a135e7:c1750, eab135d4-a257-4705-b491-6c056b8c5df7:c1748, a4f67574-9018-43e7-8a54-351e98dc3d0a:c1748]
2019-08-23 07:08:57,070 | INFO  | DNAudit | user=null | ip=null | op=WRITE_CHUNK {blockData=conID: 2 locID: 102665036564529621 bcsId: 0} | ret=SUCCESS |  
2019-08-23 07:08:57,070 | INFO  | DNAudit | user=null | ip=null | op=PUT_BLOCK {blockData=[blockId=conID: 2 locID: 102665036564529621 bcsId: 0,size=2097152]} | ret=SUCCESS |  
2019-08-23 07:08:57,070 | INFO  | DNAudit | user=null | ip=null | op=WRITE_CHUNK {blockData=conID: 2 locID: 102665036564529621 bcsId: 0} | ret=SUCCESS |  
2019-08-23 07:08:57,070 | INFO  | DNAudit | user=null | ip=null | op=PUT_BLOCK {blockData=[blockId=conID: 2 locID: 102665036564529621 bcsId: 0,size=1048576]} | ret=SUCCESS |  
2019-08-23 07:08:57,070 [grpc-default-executor-6] INFO  client.GrpcClientProtocolClient (GrpcClientProtocolClient.java:onNext(255)) - client-D91E5D1E15CE->f2ba01fc-a63e-4348-bd18-030b60a135e7: receive RaftClientReply:client-D91E5D1E15CE->f2ba01fc-a63e-4348-bd18-030b60a135e7@group-C8C62FEF0626, cid=1252, SUCCESS, logIndex=1751, commits[f2ba01fc-a63e-4348-bd18-030b60a135e7:c1752, eab135d4-a257-4705-b491-6c056b8c5df7:c1748, a4f67574-9018-43e7-8a54-351e98dc3d0a:c1748]
2019-08-23 07:08:57,071 [grpc-default-executor-6] INFO  client.GrpcClientProtocolClient (GrpcClientProtocolClient.java:onNext(255)) - client-D91E5D1E15CE->f2ba01fc-a63e-4348-bd18-030b60a135e7: receive RaftClientReply:client-D91E5D1E15CE->f2ba01fc-a63e-4348-bd18-030b60a135e7@group-C8C62FEF0626, cid=1253, SUCCESS, logIndex=1752, commits[f2ba01fc-a63e-4348-bd18-030b60a135e7:c1752, eab135d4-a257-4705-b491-6c056b8c5df7:c1748, a4f67574-9018-43e7-8a54-351e98dc3d0a:c1749]
2019-08-23 07:08:57,071 | INFO  | DNAudit | user=null | ip=null | op=WRITE_CHUNK {blockData=conID: 2 locID: 102665036564529621 bcsId: 0} | ret=SUCCESS |  
2019-08-23 07:08:57,071 | INFO  | DNAudit | user=null | ip=null | op=PUT_BLOCK {blockData=[blockId=conID: 2 locID: 102665036564529621 bcsId: 0,size=1048576]} | ret=SUCCESS |  
2019-08-23 07:08:57,071 | INFO  | DNAudit | user=null | ip=null | op=WRITE_CHUNK {blockData=conID: 2 locID: 102665036564529621 bcsId: 0} | ret=SUCCESS |  
2019-08-23 07:08:57,071 | INFO  | DNAudit | user=null | ip=null | op=PUT_BLOCK {blockData=[blockId=conID: 2 locID: 102665036564529621 bcsId: 0,size=2097152]} | ret=SUCCESS |  
2019-08-23 07:08:57,072 | INFO  | DNAudit | user=null | ip=null | op=WRITE_CHUNK {blockData=conID: 2 locID: 102665036564529621 bcsId: 0} | ret=SUCCESS |  
2019-08-23 07:08:57,072 [grpc-default-executor-3] INFO  client.GrpcClientProtocolClient (GrpcClientProtocolClient.java:onNext(255)) - client-D91E5D1E15CE->f2ba01fc-a63e-4348-bd18-030b60a135e7: receive RaftClientReply:client-D91E5D1E15CE->f2ba01fc-a63e-4348-bd18-030b60a135e7@group-C8C62FEF0626, cid=1254, SUCCESS, logIndex=0, commits[f2ba01fc-a63e-4348-bd18-030b60a135e7:c1754, eab135d4-a257-4705-b491-6c056b8c5df7:c1750, a4f67574-9018-43e7-8a54-351e98dc3d0a:c1750]
2019-08-23 07:08:57,072 | INFO  | DNAudit | user=null | ip=null | op=PUT_BLOCK {blockData=[blockId=conID: 2 locID: 102665036564529621 bcsId: 0,size=2097152]} | ret=SUCCESS |  
2019-08-23 07:08:57,079 | INFO  | DNAudit | user=null | ip=null | op=WRITE_CHUNK {blockData=conID: 2 locID: 102665036564529621 bcsId: 1752} | ret=SUCCESS |  
2019-08-23 07:08:57,081 | INFO  | DNAudit | user=null | ip=null | op=WRITE_CHUNK {blockData=conID: 2 locID: 102665036564529621 bcsId: 1752} | ret=SUCCESS |  
2019-08-23 07:08:57,081 | INFO  | DNAudit | user=null | ip=null | op=WRITE_CHUNK {blockData=conID: 2 locID: 102665036564529621 bcsId: 1752} | ret=SUCCESS |  
2019-08-23 07:08:57,097 | INFO  | DNAudit | user=null | ip=null | op=WRITE_CHUNK {blockData=conID: 2 locID: 102665036564529621 bcsId: 1752} | ret=SUCCESS |  
2019-08-23 07:08:57,098 | INFO  | DNAudit | user=null | ip=null | op=PUT_BLOCK {blockData=[blockId=conID: 2 locID: 102665036564529621 bcsId: 0,size=3145728]} | ret=SUCCESS |  
2019-08-23 07:08:57,098 [grpc-default-executor-6] INFO  client.GrpcClientProtocolClient (GrpcClientProtocolClient.java:onNext(255)) - client-D91E5D1E15CE->f2ba01fc-a63e-4348-bd18-030b60a135e7: receive RaftClientReply:client-D91E5D1E15CE->f2ba01fc-a63e-4348-bd18-030b60a135e7@group-C8C62FEF0626, cid=1255, SUCCESS, logIndex=1757, commits[f2ba01fc-a63e-4348-bd18-030b60a135e7:c1758, eab135d4-a257-4705-b491-6c056b8c5df7:c1752, a4f67574-9018-43e7-8a54-351e98dc3d0a:c1756]
2019-08-23 07:08:57,098 [grpc-default-executor-6] INFO  client.GrpcClientProtocolClient (GrpcClientProtocolClient.java:onNext(255)) - client-D91E5D1E15CE->f2ba01fc-a63e-4348-bd18-030b60a135e7: receive RaftClientReply:client-D91E5D1E15CE->f2ba01fc-a63e-4348-bd18-030b60a135e7@group-C8C62FEF0626, cid=1256, SUCCESS, logIndex=1758, commits[f2ba01fc-a63e-4348-bd18-030b60a135e7:c1758, eab135d4-a257-4705-b491-6c056b8c5df7:c1756, a4f67574-9018-43e7-8a54-351e98dc3d0a:c1756]
2019-08-23 07:08:57,099 | INFO  | DNAudit | user=null | ip=null | op=WRITE_CHUNK {blockData=conID: 2 locID: 102665036564529621 bcsId: 1752} | ret=SUCCESS |  
2019-08-23 07:08:57,099 | INFO  | DNAudit | user=null | ip=null | op=WRITE_CHUNK {blockData=conID: 2 locID: 102665036564529621 bcsId: 1752} | ret=SUCCESS |  
2019-08-23 07:08:57,099 | INFO  | DNAudit | user=null | ip=null | op=PUT_BLOCK {blockData=[blockId=conID: 2 locID: 102665036564529621 bcsId: 0,size=3145728]} | ret=SUCCESS |  
2019-08-23 07:08:57,099 | INFO  | DNAudit | user=null | ip=null | op=PUT_BLOCK {blockData=[blockId=conID: 2 locID: 102665036564529621 bcsId: 0,size=3145728]} | ret=SUCCESS |  
2019-08-23 07:08:57,104 | INFO  | DNAudit | user=null | ip=null | op=WRITE_CHUNK {blockData=conID: 2 locID: 102665036564529621 bcsId: 1758} | ret=SUCCESS |  
2019-08-23 07:08:57,106 | INFO  | DNAudit | user=null | ip=null | op=WRITE_CHUNK {blockData=conID: 2 locID: 102665036564529621 bcsId: 1758} | ret=SUCCESS |  
2019-08-23 07:08:57,106 | INFO  | DNAudit | user=null | ip=null | op=WRITE_CHUNK {blockData=conID: 2 locID: 102665036564529621 bcsId: 1758} | ret=SUCCESS |  
2019-08-23 07:08:57,117 | INFO  | DNAudit | user=null | ip=null | op=WRITE_CHUNK {blockData=conID: 2 locID: 102665036564529621 bcsId: 1758} | ret=SUCCESS |  
2019-08-23 07:08:57,117 | INFO  | DNAudit | user=null | ip=null | op=PUT_BLOCK {blockData=[blockId=conID: 2 locID: 102665036564529621 bcsId: 0,size=4194304]} | ret=SUCCESS |  
2019-08-23 07:08:57,117 [grpc-default-executor-3] INFO  client.GrpcClientProtocolClient (GrpcClientProtocolClient.java:onNext(255)) - client-D91E5D1E15CE->f2ba01fc-a63e-4348-bd18-030b60a135e7: receive RaftClientReply:client-D91E5D1E15CE->f2ba01fc-a63e-4348-bd18-030b60a135e7@group-C8C62FEF0626, cid=1257, SUCCESS, logIndex=1760, commits[f2ba01fc-a63e-4348-bd18-030b60a135e7:c1761, eab135d4-a257-4705-b491-6c056b8c5df7:c1759, a4f67574-9018-43e7-8a54-351e98dc3d0a:c1759]
2019-08-23 07:08:57,118 [grpc-default-executor-3] INFO  client.GrpcClientProtocolClient (GrpcClientProtocolClient.java:onNext(255)) - client-D91E5D1E15CE->f2ba01fc-a63e-4348-bd18-030b60a135e7: receive RaftClientReply:client-D91E5D1E15CE->f2ba01fc-a63e-4348-bd18-030b60a135e7@group-C8C62FEF0626, cid=1258, SUCCESS, logIndex=1761, commits[f2ba01fc-a63e-4348-bd18-030b60a135e7:c1761, eab135d4-a257-4705-b491-6c056b8c5df7:c1759, a4f67574-9018-43e7-8a54-351e98dc3d0a:c1759]
2019-08-23 07:08:57,128 | INFO  | DNAudit | user=null | ip=null | op=WRITE_CHUNK {blockData=conID: 2 locID: 102665036564529621 bcsId: 1758} | ret=SUCCESS |  
2019-08-23 07:08:57,128 | INFO  | DNAudit | user=null | ip=null | op=WRITE_CHUNK {blockData=conID: 2 locID: 102665036564529621 bcsId: 1758} | ret=SUCCESS |  
2019-08-23 07:08:57,130 | INFO  | DNAudit | user=null | ip=null | op=PUT_BLOCK {blockData=[blockId=conID: 2 locID: 102665036564529621 bcsId: 0,size=4194304]} | ret=SUCCESS |  
2019-08-23 07:08:57,130 | INFO  | DNAudit | user=null | ip=null | op=PUT_BLOCK {blockData=[blockId=conID: 2 locID: 102665036564529621 bcsId: 0,size=4194304]} | ret=SUCCESS |  
2019-08-23 07:08:57,130 [grpc-default-executor-3] INFO  client.GrpcClientProtocolClient (GrpcClientProtocolClient.java:onNext(255)) - client-D91E5D1E15CE->f2ba01fc-a63e-4348-bd18-030b60a135e7: receive RaftClientReply:client-D91E5D1E15CE->f2ba01fc-a63e-4348-bd18-030b60a135e7@group-C8C62FEF0626, cid=1259, SUCCESS, logIndex=0, commits[f2ba01fc-a63e-4348-bd18-030b60a135e7:c1763, eab135d4-a257-4705-b491-6c056b8c5df7:c1761, a4f67574-9018-43e7-8a54-351e98dc3d0a:c1761]
2019-08-23 07:08:57,136 | INFO  | SCMAudit | user=jenkins1000 | ip=192.168.5.178 | op=ALLOCATE_BLOCK {owner=aaf04d22-10dd-4717-8862-c651bdde72cf, size=4194304, type=RATIS, factor=THREE} | ret=SUCCESS |  
2019-08-23 07:08:57,142 | INFO  | OMAudit | user=jenkins1000 | ip=127.0.0.1 | op=ALLOCATE_BLOCK {volume=vol-0-67663, bucket=bucket-0-68950, key=key-0-26970, dataSize=0, replicationType=null, replicationFactor=null, keyLocationInfo=null, clientID=102665036030476690} | ret=SUCCESS |  
2019-08-23 07:08:57,144 | INFO  | SCMAudit | user=jenkins1000 | ip=192.168.5.178 | op=SEND_HEARTBEAT {datanodeUUID=b7d3ecaa-ab76-49a0-b691-40b7e1ed625a, command=[]} | ret=SUCCESS |  
2019-08-23 07:08:57,149 | INFO  | DNAudit | user=null | ip=null | op=WRITE_CHUNK {blockData=conID: 3 locID: 102665036571345366 bcsId: 0} | ret=SUCCESS |  
2019-08-23 07:08:57,151 | INFO  | DNAudit | user=null | ip=null | op=WRITE_CHUNK {blockData=conID: 3 locID: 102665036571345366 bcsId: 0} | ret=SUCCESS |  
2019-08-23 07:08:57,152 | INFO  | DNAudit | user=null | ip=null | op=WRITE_CHUNK {blockData=conID: 3 locID: 102665036571345366 bcsId: 0} | ret=SUCCESS |  
2019-08-23 07:08:57,152 | INFO  | DNAudit | user=null | ip=null | op=WRITE_CHUNK {blockData=conID: 3 locID: 102665036571345366 bcsId: 0} | ret=SUCCESS |  
2019-08-23 07:08:57,153 | INFO  | DNAudit | user=null | ip=null | op=WRITE_CHUNK {blockData=conID: 3 locID: 102665036571345366 bcsId: 0} | ret=SUCCESS |  
2019-08-23 07:08:57,154 | INFO  | DNAudit | user=null | ip=null | op=WRITE_CHUNK {blockData=conID: 3 locID: 102665036571345366 bcsId: 0} | ret=SUCCESS |  
2019-08-23 07:08:57,162 | INFO  | DNAudit | user=null | ip=null | op=WRITE_CHUNK {blockData=conID: 3 locID: 102665036571345366 bcsId: 0} | ret=SUCCESS |  
2019-08-23 07:08:57,162 | INFO  | DNAudit | user=null | ip=null | op=PUT_BLOCK {blockData=[blockId=conID: 3 locID: 102665036571345366 bcsId: 0,size=1048576]} | ret=SUCCESS |  
2019-08-23 07:08:57,162 | INFO  | DNAudit | user=null | ip=null | op=WRITE_CHUNK {blockData=conID: 3 locID: 102665036571345366 bcsId: 0} | ret=SUCCESS |  
2019-08-23 07:08:57,162 [grpc-default-executor-2] INFO  client.GrpcClientProtocolClient (GrpcClientProtocolClient.java:onNext(255)) - client-D91E5D1E15CE->f2ba01fc-a63e-4348-bd18-030b60a135e7: receive RaftClientReply:client-D91E5D1E15CE->f2ba01fc-a63e-4348-bd18-030b60a135e7@group-C8C62FEF0626, cid=1260, SUCCESS, logIndex=1764, commits[f2ba01fc-a63e-4348-bd18-030b60a135e7:c1766, eab135d4-a257-4705-b491-6c056b8c5df7:c1763, a4f67574-9018-43e7-8a54-351e98dc3d0a:c1763]
2019-08-23 07:08:57,163 | INFO  | DNAudit | user=null | ip=null | op=PUT_BLOCK {blockData=[blockId=conID: 3 locID: 102665036571345366 bcsId: 0,size=2097152]} | ret=SUCCESS |  
2019-08-23 07:08:57,163 | INFO  | DNAudit | user=null | ip=null | op=WRITE_CHUNK {blockData=conID: 3 locID: 102665036571345366 bcsId: 0} | ret=SUCCESS |  
2019-08-23 07:08:57,163 [grpc-default-executor-2] INFO  client.GrpcClientProtocolClient (GrpcClientProtocolClient.java:onNext(255)) - client-D91E5D1E15CE->f2ba01fc-a63e-4348-bd18-030b60a135e7: receive RaftClientReply:client-D91E5D1E15CE->f2ba01fc-a63e-4348-bd18-030b60a135e7@group-C8C62FEF0626, cid=1261, SUCCESS, logIndex=1765, commits[f2ba01fc-a63e-4348-bd18-030b60a135e7:c1767, eab135d4-a257-4705-b491-6c056b8c5df7:c1763, a4f67574-9018-43e7-8a54-351e98dc3d0a:c1763]
2019-08-23 07:08:57,163 | INFO  | DNAudit | user=null | ip=null | op=WRITE_CHUNK {blockData=conID: 3 locID: 102665036571345366 bcsId: 0} | ret=SUCCESS |  
2019-08-23 07:08:57,163 [grpc-default-executor-3] INFO  client.GrpcClientProtocolClient (GrpcClientProtocolClient.java:onNext(255)) - client-D91E5D1E15CE->f2ba01fc-a63e-4348-bd18-030b60a135e7: receive RaftClientReply:client-D91E5D1E15CE->f2ba01fc-a63e-4348-bd18-030b60a135e7@group-C8C62FEF0626, cid=1262, SUCCESS, logIndex=1766, commits[f2ba01fc-a63e-4348-bd18-030b60a135e7:c1767, eab135d4-a257-4705-b491-6c056b8c5df7:c1763, a4f67574-9018-43e7-8a54-351e98dc3d0a:c1763]
2019-08-23 07:08:57,164 [grpc-default-executor-3] INFO  client.GrpcClientProtocolClient (GrpcClientProtocolClient.java:onNext(255)) - client-D91E5D1E15CE->f2ba01fc-a63e-4348-bd18-030b60a135e7: receive RaftClientReply:client-D91E5D1E15CE->f2ba01fc-a63e-4348-bd18-030b60a135e7@group-C8C62FEF0626, cid=1263, SUCCESS, logIndex=1767, commits[f2ba01fc-a63e-4348-bd18-030b60a135e7:c1767, eab135d4-a257-4705-b491-6c056b8c5df7:c1763, a4f67574-9018-43e7-8a54-351e98dc3d0a:c1763]
2019-08-23 07:08:57,164 | INFO  | DNAudit | user=null | ip=null | op=PUT_BLOCK {blockData=[blockId=conID: 3 locID: 102665036571345366 bcsId: 0,size=1048576]} | ret=SUCCESS |  
2019-08-23 07:08:57,164 | INFO  | DNAudit | user=null | ip=null | op=PUT_BLOCK {blockData=[blockId=conID: 3 locID: 102665036571345366 bcsId: 0,size=1048576]} | ret=SUCCESS |  
2019-08-23 07:08:57,165 | INFO  | DNAudit | user=null | ip=null | op=WRITE_CHUNK {blockData=conID: 3 locID: 102665036571345366 bcsId: 0} | ret=SUCCESS |  
2019-08-23 07:08:57,165 | INFO  | DNAudit | user=null | ip=null | op=WRITE_CHUNK {blockData=conID: 3 locID: 102665036571345366 bcsId: 0} | ret=SUCCESS |  
2019-08-23 07:08:57,165 | INFO  | DNAudit | user=null | ip=null | op=PUT_BLOCK {blockData=[blockId=conID: 3 locID: 102665036571345366 bcsId: 0,size=2097152]} | ret=SUCCESS |  
2019-08-23 07:08:57,165 | INFO  | DNAudit | user=null | ip=null | op=PUT_BLOCK {blockData=[blockId=conID: 3 locID: 102665036571345366 bcsId: 0,size=2097152]} | ret=SUCCESS |  
2019-08-23 07:08:57,165 [grpc-default-executor-2] INFO  client.GrpcClientProtocolClient (GrpcClientProtocolClient.java:onNext(255)) - client-D91E5D1E15CE->f2ba01fc-a63e-4348-bd18-030b60a135e7: receive RaftClientReply:client-D91E5D1E15CE->f2ba01fc-a63e-4348-bd18-030b60a135e7@group-C8C62FEF0626, cid=1264, SUCCESS, logIndex=0, commits[f2ba01fc-a63e-4348-bd18-030b60a135e7:c1769, eab135d4-a257-4705-b491-6c056b8c5df7:c1765, a4f67574-9018-43e7-8a54-351e98dc3d0a:c1765]
2019-08-23 07:08:57,171 | INFO  | DNAudit | user=null | ip=null | op=WRITE_CHUNK {blockData=conID: 3 locID: 102665036571345366 bcsId: 1767} | ret=SUCCESS |  
2019-08-23 07:08:57,173 | INFO  | DNAudit | user=null | ip=null | op=WRITE_CHUNK {blockData=conID: 3 locID: 102665036571345366 bcsId: 1767} | ret=SUCCESS |  
2019-08-23 07:08:57,174 | INFO  | DNAudit | user=null | ip=null | op=WRITE_CHUNK {blockData=conID: 3 locID: 102665036571345366 bcsId: 1767} | ret=SUCCESS |  
2019-08-23 07:08:57,185 | INFO  | DNAudit | user=null | ip=null | op=WRITE_CHUNK {blockData=conID: 3 locID: 102665036571345366 bcsId: 1767} | ret=SUCCESS |  
2019-08-23 07:08:57,185 | INFO  | DNAudit | user=null | ip=null | op=PUT_BLOCK {blockData=[blockId=conID: 3 locID: 102665036571345366 bcsId: 0,size=3145728]} | ret=SUCCESS |  
2019-08-23 07:08:57,186 [grpc-default-executor-2] INFO  client.GrpcClientProtocolClient (GrpcClientProtocolClient.java:onNext(255)) - client-D91E5D1E15CE->f2ba01fc-a63e-4348-bd18-030b60a135e7: receive RaftClientReply:client-D91E5D1E15CE->f2ba01fc-a63e-4348-bd18-030b60a135e7@group-C8C62FEF0626, cid=1265, SUCCESS, logIndex=1772, commits[f2ba01fc-a63e-4348-bd18-030b60a135e7:c1773, eab135d4-a257-4705-b491-6c056b8c5df7:c1771, a4f67574-9018-43e7-8a54-351e98dc3d0a:c1771]
2019-08-23 07:08:57,186 [grpc-default-executor-2] INFO  client.GrpcClientProtocolClient (GrpcClientProtocolClient.java:onNext(255)) - client-D91E5D1E15CE->f2ba01fc-a63e-4348-bd18-030b60a135e7: receive RaftClientReply:client-D91E5D1E15CE->f2ba01fc-a63e-4348-bd18-030b60a135e7@group-C8C62FEF0626, cid=1266, SUCCESS, logIndex=1773, commits[f2ba01fc-a63e-4348-bd18-030b60a135e7:c1773, eab135d4-a257-4705-b491-6c056b8c5df7:c1771, a4f67574-9018-43e7-8a54-351e98dc3d0a:c1771]
2019-08-23 07:08:57,193 | INFO  | DNAudit | user=null | ip=null | op=WRITE_CHUNK {blockData=conID: 3 locID: 102665036571345366 bcsId: 1773} | ret=SUCCESS |  
2019-08-23 07:08:57,194 | INFO  | DNAudit | user=null | ip=null | op=WRITE_CHUNK {blockData=conID: 3 locID: 102665036571345366 bcsId: 1773} | ret=SUCCESS |  
2019-08-23 07:08:57,194 | INFO  | DNAudit | user=null | ip=null | op=WRITE_CHUNK {blockData=conID: 3 locID: 102665036571345366 bcsId: 1773} | ret=SUCCESS |  
2019-08-23 07:08:57,197 | INFO  | DNAudit | user=null | ip=null | op=WRITE_CHUNK {blockData=conID: 3 locID: 102665036571345366 bcsId: 1767} | ret=SUCCESS |  
2019-08-23 07:08:57,197 | INFO  | DNAudit | user=null | ip=null | op=WRITE_CHUNK {blockData=conID: 3 locID: 102665036571345366 bcsId: 1767} | ret=SUCCESS |  
2019-08-23 07:08:57,200 | INFO  | DNAudit | user=null | ip=null | op=PUT_BLOCK {blockData=[blockId=conID: 3 locID: 102665036571345366 bcsId: 0,size=3145728]} | ret=SUCCESS |  
2019-08-23 07:08:57,200 | INFO  | DNAudit | user=null | ip=null | op=WRITE_CHUNK {blockData=conID: 3 locID: 102665036571345366 bcsId: 1773} | ret=SUCCESS |  
2019-08-23 07:08:57,200 | INFO  | DNAudit | user=null | ip=null | op=PUT_BLOCK {blockData=[blockId=conID: 3 locID: 102665036571345366 bcsId: 0,size=3145728]} | ret=SUCCESS |  
2019-08-23 07:08:57,200 | INFO  | DNAudit | user=null | ip=null | op=PUT_BLOCK {blockData=[blockId=conID: 3 locID: 102665036571345366 bcsId: 0,size=4194304]} | ret=SUCCESS |  
2019-08-23 07:08:57,201 [grpc-default-executor-2] INFO  client.GrpcClientProtocolClient (GrpcClientProtocolClient.java:onNext(255)) - client-D91E5D1E15CE->f2ba01fc-a63e-4348-bd18-030b60a135e7: receive RaftClientReply:client-D91E5D1E15CE->f2ba01fc-a63e-4348-bd18-030b60a135e7@group-C8C62FEF0626, cid=1267, SUCCESS, logIndex=1776, commits[f2ba01fc-a63e-4348-bd18-030b60a135e7:c1777, eab135d4-a257-4705-b491-6c056b8c5df7:c1773, a4f67574-9018-43e7-8a54-351e98dc3d0a:c1773]
2019-08-23 07:08:57,201 [grpc-default-executor-2] INFO  client.GrpcClientProtocolClient (GrpcClientProtocolClient.java:onNext(255)) - client-D91E5D1E15CE->f2ba01fc-a63e-4348-bd18-030b60a135e7: receive RaftClientReply:client-D91E5D1E15CE->f2ba01fc-a63e-4348-bd18-030b60a135e7@group-C8C62FEF0626, cid=1268, SUCCESS, logIndex=1777, commits[f2ba01fc-a63e-4348-bd18-030b60a135e7:c1777, eab135d4-a257-4705-b491-6c056b8c5df7:c1773, a4f67574-9018-43e7-8a54-351e98dc3d0a:c1773]
2019-08-23 07:08:57,212 | INFO  | DNAudit | user=null | ip=null | op=WRITE_CHUNK {blockData=conID: 3 locID: 102665036571345366 bcsId: 1773} | ret=SUCCESS |  
2019-08-23 07:08:57,212 | INFO  | DNAudit | user=null | ip=null | op=WRITE_CHUNK {blockData=conID: 3 locID: 102665036571345366 bcsId: 1773} | ret=SUCCESS |  
2019-08-23 07:08:57,214 | INFO  | DNAudit | user=null | ip=null | op=PUT_BLOCK {blockData=[blockId=conID: 3 locID: 102665036571345366 bcsId: 0,size=4194304]} | ret=SUCCESS |  
2019-08-23 07:08:57,214 | INFO  | DNAudit | user=null | ip=null | op=PUT_BLOCK {blockData=[blockId=conID: 3 locID: 102665036571345366 bcsId: 0,size=4194304]} | ret=SUCCESS |  
2019-08-23 07:08:57,215 [grpc-default-executor-3] INFO  client.GrpcClientProtocolClient (GrpcClientProtocolClient.java:onNext(255)) - client-D91E5D1E15CE->f2ba01fc-a63e-4348-bd18-030b60a135e7: receive RaftClientReply:client-D91E5D1E15CE->f2ba01fc-a63e-4348-bd18-030b60a135e7@group-C8C62FEF0626, cid=1269, SUCCESS, logIndex=0, commits[f2ba01fc-a63e-4348-bd18-030b60a135e7:c1779, eab135d4-a257-4705-b491-6c056b8c5df7:c1777, a4f67574-9018-43e7-8a54-351e98dc3d0a:c1777]
2019-08-23 07:08:57,220 | INFO  | SCMAudit | user=jenkins1000 | ip=192.168.5.178 | op=ALLOCATE_BLOCK {owner=aaf04d22-10dd-4717-8862-c651bdde72cf, size=4194304, type=RATIS, factor=THREE} | ret=SUCCESS |  
2019-08-23 07:08:57,223 | INFO  | OMAudit | user=jenkins1000 | ip=127.0.0.1 | op=ALLOCATE_BLOCK {volume=vol-0-67663, bucket=bucket-0-68950, key=key-0-26970, dataSize=0, replicationType=null, replicationFactor=null, keyLocationInfo=null, clientID=102665036030476690} | ret=SUCCESS |  
2019-08-23 07:08:57,230 | INFO  | DNAudit | user=null | ip=null | op=WRITE_CHUNK {blockData=conID: 1 locID: 102665036576850391 bcsId: 0} | ret=SUCCESS |  
2019-08-23 07:08:57,233 | INFO  | DNAudit | user=null | ip=null | op=WRITE_CHUNK {blockData=conID: 1 locID: 102665036576850391 bcsId: 0} | ret=SUCCESS |  
2019-08-23 07:08:57,233 | INFO  | DNAudit | user=null | ip=null | op=WRITE_CHUNK {blockData=conID: 1 locID: 102665036576850391 bcsId: 0} | ret=SUCCESS |  
2019-08-23 07:08:57,234 | INFO  | DNAudit | user=null | ip=null | op=WRITE_CHUNK {blockData=conID: 1 locID: 102665036576850391 bcsId: 0} | ret=SUCCESS |  
2019-08-23 07:08:57,234 | INFO  | DNAudit | user=null | ip=null | op=WRITE_CHUNK {blockData=conID: 1 locID: 102665036576850391 bcsId: 0} | ret=SUCCESS |  
2019-08-23 07:08:57,235 | INFO  | DNAudit | user=null | ip=null | op=WRITE_CHUNK {blockData=conID: 1 locID: 102665036576850391 bcsId: 0} | ret=SUCCESS |  
2019-08-23 07:08:57,242 | INFO  | DNAudit | user=null | ip=null | op=WRITE_CHUNK {blockData=conID: 1 locID: 102665036576850391 bcsId: 0} | ret=SUCCESS |  
2019-08-23 07:08:57,242 | INFO  | DNAudit | user=null | ip=null | op=PUT_BLOCK {blockData=[blockId=conID: 1 locID: 102665036576850391 bcsId: 0,size=1048576]} | ret=SUCCESS |  
2019-08-23 07:08:57,242 | INFO  | DNAudit | user=null | ip=null | op=WRITE_CHUNK {blockData=conID: 1 locID: 102665036576850391 bcsId: 0} | ret=SUCCESS |  
2019-08-23 07:08:57,242 [grpc-default-executor-4] INFO  client.GrpcClientProtocolClient (GrpcClientProtocolClient.java:onNext(255)) - client-D91E5D1E15CE->f2ba01fc-a63e-4348-bd18-030b60a135e7: receive RaftClientReply:client-D91E5D1E15CE->f2ba01fc-a63e-4348-bd18-030b60a135e7@group-C8C62FEF0626, cid=1270, SUCCESS, logIndex=1780, commits[f2ba01fc-a63e-4348-bd18-030b60a135e7:c1782, eab135d4-a257-4705-b491-6c056b8c5df7:c1779, a4f67574-9018-43e7-8a54-351e98dc3d0a:c1779]
2019-08-23 07:08:57,243 | INFO  | DNAudit | user=null | ip=null | op=PUT_BLOCK {blockData=[blockId=conID: 1 locID: 102665036576850391 bcsId: 0,size=2097152]} | ret=SUCCESS |  
2019-08-23 07:08:57,243 [grpc-default-executor-4] INFO  client.GrpcClientProtocolClient (GrpcClientProtocolClient.java:onNext(255)) - client-D91E5D1E15CE->f2ba01fc-a63e-4348-bd18-030b60a135e7: receive RaftClientReply:client-D91E5D1E15CE->f2ba01fc-a63e-4348-bd18-030b60a135e7@group-C8C62FEF0626, cid=1271, SUCCESS, logIndex=1781, commits[f2ba01fc-a63e-4348-bd18-030b60a135e7:c1783, eab135d4-a257-4705-b491-6c056b8c5df7:c1779, a4f67574-9018-43e7-8a54-351e98dc3d0a:c1779]
2019-08-23 07:08:57,243 [grpc-default-executor-4] INFO  client.GrpcClientProtocolClient (GrpcClientProtocolClient.java:onNext(255)) - client-D91E5D1E15CE->f2ba01fc-a63e-4348-bd18-030b60a135e7: receive RaftClientReply:client-D91E5D1E15CE->f2ba01fc-a63e-4348-bd18-030b60a135e7@group-C8C62FEF0626, cid=1272, SUCCESS, logIndex=1782, commits[f2ba01fc-a63e-4348-bd18-030b60a135e7:c1783, eab135d4-a257-4705-b491-6c056b8c5df7:c1779, a4f67574-9018-43e7-8a54-351e98dc3d0a:c1779]
2019-08-23 07:08:57,243 | INFO  | DNAudit | user=null | ip=null | op=WRITE_CHUNK {blockData=conID: 1 locID: 102665036576850391 bcsId: 0} | ret=SUCCESS |  
2019-08-23 07:08:57,243 [grpc-default-executor-4] INFO  client.GrpcClientProtocolClient (GrpcClientProtocolClient.java:onNext(255)) - client-D91E5D1E15CE->f2ba01fc-a63e-4348-bd18-030b60a135e7: receive RaftClientReply:client-D91E5D1E15CE->f2ba01fc-a63e-4348-bd18-030b60a135e7@group-C8C62FEF0626, cid=1273, SUCCESS, logIndex=1783, commits[f2ba01fc-a63e-4348-bd18-030b60a135e7:c1783, eab135d4-a257-4705-b491-6c056b8c5df7:c1779, a4f67574-9018-43e7-8a54-351e98dc3d0a:c1779]
2019-08-23 07:08:57,244 | INFO  | DNAudit | user=null | ip=null | op=WRITE_CHUNK {blockData=conID: 1 locID: 102665036576850391 bcsId: 0} | ret=SUCCESS |  
2019-08-23 07:08:57,244 | INFO  | DNAudit | user=null | ip=null | op=PUT_BLOCK {blockData=[blockId=conID: 1 locID: 102665036576850391 bcsId: 0,size=1048576]} | ret=SUCCESS |  
2019-08-23 07:08:57,244 | INFO  | DNAudit | user=null | ip=null | op=PUT_BLOCK {blockData=[blockId=conID: 1 locID: 102665036576850391 bcsId: 0,size=1048576]} | ret=SUCCESS |  
2019-08-23 07:08:57,245 | INFO  | DNAudit | user=null | ip=null | op=WRITE_CHUNK {blockData=conID: 1 locID: 102665036576850391 bcsId: 0} | ret=SUCCESS |  
2019-08-23 07:08:57,245 [grpc-default-executor-4] INFO  client.GrpcClientProtocolClient (GrpcClientProtocolClient.java:onNext(255)) - client-D91E5D1E15CE->f2ba01fc-a63e-4348-bd18-030b60a135e7: receive RaftClientReply:client-D91E5D1E15CE->f2ba01fc-a63e-4348-bd18-030b60a135e7@group-C8C62FEF0626, cid=1274, SUCCESS, logIndex=0, commits[f2ba01fc-a63e-4348-bd18-030b60a135e7:c1785, eab135d4-a257-4705-b491-6c056b8c5df7:c1781, a4f67574-9018-43e7-8a54-351e98dc3d0a:c1781]
2019-08-23 07:08:57,245 | INFO  | DNAudit | user=null | ip=null | op=PUT_BLOCK {blockData=[blockId=conID: 1 locID: 102665036576850391 bcsId: 0,size=2097152]} | ret=SUCCESS |  
2019-08-23 07:08:57,245 | INFO  | DNAudit | user=null | ip=null | op=WRITE_CHUNK {blockData=conID: 1 locID: 102665036576850391 bcsId: 0} | ret=SUCCESS |  
2019-08-23 07:08:57,246 | INFO  | DNAudit | user=null | ip=null | op=PUT_BLOCK {blockData=[blockId=conID: 1 locID: 102665036576850391 bcsId: 0,size=2097152]} | ret=SUCCESS |  
2019-08-23 07:08:57,251 | INFO  | DNAudit | user=null | ip=null | op=WRITE_CHUNK {blockData=conID: 1 locID: 102665036576850391 bcsId: 1783} | ret=SUCCESS |  
2019-08-23 07:08:57,251 | INFO  | DNAudit | user=null | ip=null | op=WRITE_CHUNK {blockData=conID: 1 locID: 102665036576850391 bcsId: 1783} | ret=SUCCESS |  
2019-08-23 07:08:57,251 | INFO  | DNAudit | user=null | ip=null | op=WRITE_CHUNK {blockData=conID: 1 locID: 102665036576850391 bcsId: 1783} | ret=SUCCESS |  
2019-08-23 07:08:57,263 | INFO  | DNAudit | user=null | ip=null | op=WRITE_CHUNK {blockData=conID: 1 locID: 102665036576850391 bcsId: 1783} | ret=SUCCESS |  
2019-08-23 07:08:57,263 | INFO  | DNAudit | user=null | ip=null | op=PUT_BLOCK {blockData=[blockId=conID: 1 locID: 102665036576850391 bcsId: 0,size=3145728]} | ret=SUCCESS |  
2019-08-23 07:08:57,263 [grpc-default-executor-2] INFO  client.GrpcClientProtocolClient (GrpcClientProtocolClient.java:onNext(255)) - client-D91E5D1E15CE->f2ba01fc-a63e-4348-bd18-030b60a135e7: receive RaftClientReply:client-D91E5D1E15CE->f2ba01fc-a63e-4348-bd18-030b60a135e7@group-C8C62FEF0626, cid=1275, SUCCESS, logIndex=1788, commits[f2ba01fc-a63e-4348-bd18-030b60a135e7:c1789, eab135d4-a257-4705-b491-6c056b8c5df7:c1787, a4f67574-9018-43e7-8a54-351e98dc3d0a:c1787]
2019-08-23 07:08:57,264 [grpc-default-executor-2] INFO  client.GrpcClientProtocolClient (GrpcClientProtocolClient.java:onNext(255)) - client-D91E5D1E15CE->f2ba01fc-a63e-4348-bd18-030b60a135e7: receive RaftClientReply:client-D91E5D1E15CE->f2ba01fc-a63e-4348-bd18-030b60a135e7@group-C8C62FEF0626, cid=1276, SUCCESS, logIndex=1789, commits[f2ba01fc-a63e-4348-bd18-030b60a135e7:c1789, eab135d4-a257-4705-b491-6c056b8c5df7:c1787, a4f67574-9018-43e7-8a54-351e98dc3d0a:c1787]
2019-08-23 07:08:57,379 | INFO  | DNAudit | user=null | ip=null | op=WRITE_CHUNK {blockData=conID: 1 locID: 102665036576850391 bcsId: 1783} | ret=SUCCESS |  
2019-08-23 07:08:57,379 | INFO  | DNAudit | user=null | ip=null | op=WRITE_CHUNK {blockData=conID: 1 locID: 102665036576850391 bcsId: 1783} | ret=SUCCESS |  
2019-08-23 07:08:57,382 | INFO  | DNAudit | user=null | ip=null | op=WRITE_CHUNK {blockData=conID: 1 locID: 102665036576850391 bcsId: 1789} | ret=SUCCESS |  
2019-08-23 07:08:57,385 | INFO  | DNAudit | user=null | ip=null | op=WRITE_CHUNK {blockData=conID: 1 locID: 102665036576850391 bcsId: 1789} | ret=SUCCESS |  
2019-08-23 07:08:57,385 | INFO  | DNAudit | user=null | ip=null | op=WRITE_CHUNK {blockData=conID: 1 locID: 102665036576850391 bcsId: 1789} | ret=SUCCESS |  
2019-08-23 07:08:57,390 | INFO  | DNAudit | user=null | ip=null | op=PUT_BLOCK {blockData=[blockId=conID: 1 locID: 102665036576850391 bcsId: 0,size=3145728]} | ret=SUCCESS |  
2019-08-23 07:08:57,390 | INFO  | DNAudit | user=null | ip=null | op=PUT_BLOCK {blockData=[blockId=conID: 1 locID: 102665036576850391 bcsId: 0,size=3145728]} | ret=SUCCESS |  
2019-08-23 07:08:57,393 | INFO  | DNAudit | user=null | ip=null | op=WRITE_CHUNK {blockData=conID: 1 locID: 102665036576850391 bcsId: 1789} | ret=SUCCESS |  
2019-08-23 07:08:57,394 | INFO  | DNAudit | user=null | ip=null | op=PUT_BLOCK {blockData=[blockId=conID: 1 locID: 102665036576850391 bcsId: 0,size=4194304]} | ret=SUCCESS |  
2019-08-23 07:08:57,394 [grpc-default-executor-2] INFO  client.GrpcClientProtocolClient (GrpcClientProtocolClient.java:onNext(255)) - client-D91E5D1E15CE->f2ba01fc-a63e-4348-bd18-030b60a135e7: receive RaftClientReply:client-D91E5D1E15CE->f2ba01fc-a63e-4348-bd18-030b60a135e7@group-C8C62FEF0626, cid=1277, SUCCESS, logIndex=1792, commits[f2ba01fc-a63e-4348-bd18-030b60a135e7:c1793, eab135d4-a257-4705-b491-6c056b8c5df7:c1790, a4f67574-9018-43e7-8a54-351e98dc3d0a:c1790]
2019-08-23 07:08:57,395 [grpc-default-executor-2] INFO  client.GrpcClientProtocolClient (GrpcClientProtocolClient.java:onNext(255)) - client-D91E5D1E15CE->f2ba01fc-a63e-4348-bd18-030b60a135e7: receive RaftClientReply:client-D91E5D1E15CE->f2ba01fc-a63e-4348-bd18-030b60a135e7@group-C8C62FEF0626, cid=1278, SUCCESS, logIndex=1793, commits[f2ba01fc-a63e-4348-bd18-030b60a135e7:c1793, eab135d4-a257-4705-b491-6c056b8c5df7:c1790, a4f67574-9018-43e7-8a54-351e98dc3d0a:c1790]
2019-08-23 07:08:57,405 | INFO  | DNAudit | user=null | ip=null | op=WRITE_CHUNK {blockData=conID: 1 locID: 102665036576850391 bcsId: 1789} | ret=SUCCESS |  
2019-08-23 07:08:57,405 | INFO  | DNAudit | user=null | ip=null | op=WRITE_CHUNK {blockData=conID: 1 locID: 102665036576850391 bcsId: 1789} | ret=SUCCESS |  
2019-08-23 07:08:57,406 | INFO  | DNAudit | user=null | ip=null | op=PUT_BLOCK {blockData=[blockId=conID: 1 locID: 102665036576850391 bcsId: 0,size=4194304]} | ret=SUCCESS |  
2019-08-23 07:08:57,406 | INFO  | DNAudit | user=null | ip=null | op=PUT_BLOCK {blockData=[blockId=conID: 1 locID: 102665036576850391 bcsId: 0,size=4194304]} | ret=SUCCESS |  
2019-08-23 07:08:57,406 [grpc-default-executor-4] INFO  client.GrpcClientProtocolClient (GrpcClientProtocolClient.java:onNext(255)) - client-D91E5D1E15CE->f2ba01fc-a63e-4348-bd18-030b60a135e7: receive RaftClientReply:client-D91E5D1E15CE->f2ba01fc-a63e-4348-bd18-030b60a135e7@group-C8C62FEF0626, cid=1279, SUCCESS, logIndex=0, commits[f2ba01fc-a63e-4348-bd18-030b60a135e7:c1795, eab135d4-a257-4705-b491-6c056b8c5df7:c1793, a4f67574-9018-43e7-8a54-351e98dc3d0a:c1793]
2019-08-23 07:08:57,413 | INFO  | SCMAudit | user=jenkins1000 | ip=192.168.5.178 | op=ALLOCATE_BLOCK {owner=aaf04d22-10dd-4717-8862-c651bdde72cf, size=4194304, type=RATIS, factor=THREE} | ret=SUCCESS |  
2019-08-23 07:08:57,417 | INFO  | OMAudit | user=jenkins1000 | ip=127.0.0.1 | op=ALLOCATE_BLOCK {volume=vol-0-67663, bucket=bucket-0-68950, key=key-0-26970, dataSize=0, replicationType=null, replicationFactor=null, keyLocationInfo=null, clientID=102665036030476690} | ret=SUCCESS |  
2019-08-23 07:08:57,427 | INFO  | DNAudit | user=null | ip=null | op=WRITE_CHUNK {blockData=conID: 2 locID: 102665036589498840 bcsId: 0} | ret=SUCCESS |  
2019-08-23 07:08:57,429 | INFO  | DNAudit | user=null | ip=null | op=WRITE_CHUNK {blockData=conID: 2 locID: 102665036589498840 bcsId: 0} | ret=SUCCESS |  
2019-08-23 07:08:57,430 | INFO  | DNAudit | user=null | ip=null | op=WRITE_CHUNK {blockData=conID: 2 locID: 102665036589498840 bcsId: 0} | ret=SUCCESS |  
2019-08-23 07:08:57,431 | INFO  | DNAudit | user=null | ip=null | op=WRITE_CHUNK {blockData=conID: 2 locID: 102665036589498840 bcsId: 0} | ret=SUCCESS |  
2019-08-23 07:08:57,432 | INFO  | DNAudit | user=null | ip=null | op=WRITE_CHUNK {blockData=conID: 2 locID: 102665036589498840 bcsId: 0} | ret=SUCCESS |  
2019-08-23 07:08:57,433 | INFO  | DNAudit | user=null | ip=null | op=WRITE_CHUNK {blockData=conID: 2 locID: 102665036589498840 bcsId: 0} | ret=SUCCESS |  
2019-08-23 07:08:57,441 | INFO  | DNAudit | user=null | ip=null | op=WRITE_CHUNK {blockData=conID: 2 locID: 102665036589498840 bcsId: 0} | ret=SUCCESS |  
2019-08-23 07:08:57,442 | INFO  | DNAudit | user=null | ip=null | op=PUT_BLOCK {blockData=[blockId=conID: 2 locID: 102665036589498840 bcsId: 0,size=1048576]} | ret=SUCCESS |  
2019-08-23 07:08:57,442 [grpc-default-executor-2] INFO  client.GrpcClientProtocolClient (GrpcClientProtocolClient.java:onNext(255)) - client-D91E5D1E15CE->f2ba01fc-a63e-4348-bd18-030b60a135e7: receive RaftClientReply:client-D91E5D1E15CE->f2ba01fc-a63e-4348-bd18-030b60a135e7@group-C8C62FEF0626, cid=1280, SUCCESS, logIndex=1796, commits[f2ba01fc-a63e-4348-bd18-030b60a135e7:c1797, eab135d4-a257-4705-b491-6c056b8c5df7:c1795, a4f67574-9018-43e7-8a54-351e98dc3d0a:c1795]
2019-08-23 07:08:57,442 | INFO  | DNAudit | user=null | ip=null | op=WRITE_CHUNK {blockData=conID: 2 locID: 102665036589498840 bcsId: 0} | ret=SUCCESS |  
2019-08-23 07:08:57,442 [grpc-default-executor-2] INFO  client.GrpcClientProtocolClient (GrpcClientProtocolClient.java:onNext(255)) - client-D91E5D1E15CE->f2ba01fc-a63e-4348-bd18-030b60a135e7: receive RaftClientReply:client-D91E5D1E15CE->f2ba01fc-a63e-4348-bd18-030b60a135e7@group-C8C62FEF0626, cid=1281, SUCCESS, logIndex=1797, commits[f2ba01fc-a63e-4348-bd18-030b60a135e7:c1799, eab135d4-a257-4705-b491-6c056b8c5df7:c1795, a4f67574-9018-43e7-8a54-351e98dc3d0a:c1795]
2019-08-23 07:08:57,443 | INFO  | DNAudit | user=null | ip=null | op=PUT_BLOCK {blockData=[blockId=conID: 2 locID: 102665036589498840 bcsId: 0,size=2097152]} | ret=SUCCESS |  
2019-08-23 07:08:57,443 [grpc-default-executor-2] INFO  client.GrpcClientProtocolClient (GrpcClientProtocolClient.java:onNext(255)) - client-D91E5D1E15CE->f2ba01fc-a63e-4348-bd18-030b60a135e7: receive RaftClientReply:client-D91E5D1E15CE->f2ba01fc-a63e-4348-bd18-030b60a135e7@group-C8C62FEF0626, cid=1282, SUCCESS, logIndex=1798, commits[f2ba01fc-a63e-4348-bd18-030b60a135e7:c1799, eab135d4-a257-4705-b491-6c056b8c5df7:c1795, a4f67574-9018-43e7-8a54-351e98dc3d0a:c1795]
2019-08-23 07:08:57,443 [grpc-default-executor-2] INFO  client.GrpcClientProtocolClient (GrpcClientProtocolClient.java:onNext(255)) - client-D91E5D1E15CE->f2ba01fc-a63e-4348-bd18-030b60a135e7: receive RaftClientReply:client-D91E5D1E15CE->f2ba01fc-a63e-4348-bd18-030b60a135e7@group-C8C62FEF0626, cid=1283, SUCCESS, logIndex=1799, commits[f2ba01fc-a63e-4348-bd18-030b60a135e7:c1799, eab135d4-a257-4705-b491-6c056b8c5df7:c1795, a4f67574-9018-43e7-8a54-351e98dc3d0a:c1795]
2019-08-23 07:08:57,453 | INFO  | DNAudit | user=null | ip=null | op=WRITE_CHUNK {blockData=conID: 2 locID: 102665036589498840 bcsId: 0} | ret=SUCCESS |  
2019-08-23 07:08:57,453 | INFO  | DNAudit | user=null | ip=null | op=WRITE_CHUNK {blockData=conID: 2 locID: 102665036589498840 bcsId: 0} | ret=SUCCESS |  
2019-08-23 07:08:57,453 | INFO  | DNAudit | user=null | ip=null | op=PUT_BLOCK {blockData=[blockId=conID: 2 locID: 102665036589498840 bcsId: 0,size=1048576]} | ret=SUCCESS |  
2019-08-23 07:08:57,454 | INFO  | DNAudit | user=null | ip=null | op=PUT_BLOCK {blockData=[blockId=conID: 2 locID: 102665036589498840 bcsId: 0,size=1048576]} | ret=SUCCESS |  
2019-08-23 07:08:57,454 | INFO  | DNAudit | user=null | ip=null | op=WRITE_CHUNK {blockData=conID: 2 locID: 102665036589498840 bcsId: 0} | ret=SUCCESS |  
2019-08-23 07:08:57,454 | INFO  | DNAudit | user=null | ip=null | op=PUT_BLOCK {blockData=[blockId=conID: 2 locID: 102665036589498840 bcsId: 0,size=2097152]} | ret=SUCCESS |  
2019-08-23 07:08:57,455 [grpc-default-executor-2] INFO  client.GrpcClientProtocolClient (GrpcClientProtocolClient.java:onNext(255)) - client-D91E5D1E15CE->f2ba01fc-a63e-4348-bd18-030b60a135e7: receive RaftClientReply:client-D91E5D1E15CE->f2ba01fc-a63e-4348-bd18-030b60a135e7@group-C8C62FEF0626, cid=1284, SUCCESS, logIndex=0, commits[f2ba01fc-a63e-4348-bd18-030b60a135e7:c1801, eab135d4-a257-4705-b491-6c056b8c5df7:c1797, a4f67574-9018-43e7-8a54-351e98dc3d0a:c1797]
2019-08-23 07:08:57,455 | INFO  | DNAudit | user=null | ip=null | op=WRITE_CHUNK {blockData=conID: 2 locID: 102665036589498840 bcsId: 0} | ret=SUCCESS |  
2019-08-23 07:08:57,455 | INFO  | DNAudit | user=null | ip=null | op=PUT_BLOCK {blockData=[blockId=conID: 2 locID: 102665036589498840 bcsId: 0,size=2097152]} | ret=SUCCESS |  
2019-08-23 07:08:57,463 | INFO  | DNAudit | user=null | ip=null | op=WRITE_CHUNK {blockData=conID: 2 locID: 102665036589498840 bcsId: 1799} | ret=SUCCESS |  
2019-08-23 07:08:57,464 | INFO  | DNAudit | user=null | ip=null | op=WRITE_CHUNK {blockData=conID: 2 locID: 102665036589498840 bcsId: 1799} | ret=SUCCESS |  
2019-08-23 07:08:57,465 | INFO  | DNAudit | user=null | ip=null | op=WRITE_CHUNK {blockData=conID: 2 locID: 102665036589498840 bcsId: 1799} | ret=SUCCESS |  
2019-08-23 07:08:57,475 | INFO  | DNAudit | user=null | ip=null | op=WRITE_CHUNK {blockData=conID: 2 locID: 102665036589498840 bcsId: 1799} | ret=SUCCESS |  
2019-08-23 07:08:57,476 | INFO  | DNAudit | user=null | ip=null | op=PUT_BLOCK {blockData=[blockId=conID: 2 locID: 102665036589498840 bcsId: 0,size=3145728]} | ret=SUCCESS |  
2019-08-23 07:08:57,476 [grpc-default-executor-4] INFO  client.GrpcClientProtocolClient (GrpcClientProtocolClient.java:onNext(255)) - client-D91E5D1E15CE->f2ba01fc-a63e-4348-bd18-030b60a135e7: receive RaftClientReply:client-D91E5D1E15CE->f2ba01fc-a63e-4348-bd18-030b60a135e7@group-C8C62FEF0626, cid=1285, SUCCESS, logIndex=1803, commits[f2ba01fc-a63e-4348-bd18-030b60a135e7:c1804, eab135d4-a257-4705-b491-6c056b8c5df7:c1802, a4f67574-9018-43e7-8a54-351e98dc3d0a:c1802]
2019-08-23 07:08:57,476 [grpc-default-executor-4] INFO  client.GrpcClientProtocolClient (GrpcClientProtocolClient.java:onNext(255)) - client-D91E5D1E15CE->f2ba01fc-a63e-4348-bd18-030b60a135e7: receive RaftClientReply:client-D91E5D1E15CE->f2ba01fc-a63e-4348-bd18-030b60a135e7@group-C8C62FEF0626, cid=1286, SUCCESS, logIndex=1804, commits[f2ba01fc-a63e-4348-bd18-030b60a135e7:c1804, eab135d4-a257-4705-b491-6c056b8c5df7:c1802, a4f67574-9018-43e7-8a54-351e98dc3d0a:c1802]
2019-08-23 07:08:57,483 | INFO  | DNAudit | user=null | ip=null | op=WRITE_CHUNK {blockData=conID: 2 locID: 102665036589498840 bcsId: 1804} | ret=SUCCESS |  
2019-08-23 07:08:57,486 | INFO  | DNAudit | user=null | ip=null | op=WRITE_CHUNK {blockData=conID: 2 locID: 102665036589498840 bcsId: 1804} | ret=SUCCESS |  
2019-08-23 07:08:57,486 | INFO  | DNAudit | user=null | ip=null | op=WRITE_CHUNK {blockData=conID: 2 locID: 102665036589498840 bcsId: 1804} | ret=SUCCESS |  
2019-08-23 07:08:57,487 | INFO  | DNAudit | user=null | ip=null | op=WRITE_CHUNK {blockData=conID: 2 locID: 102665036589498840 bcsId: 1799} | ret=SUCCESS |  
2019-08-23 07:08:57,487 | INFO  | DNAudit | user=null | ip=null | op=WRITE_CHUNK {blockData=conID: 2 locID: 102665036589498840 bcsId: 1799} | ret=SUCCESS |  
2019-08-23 07:08:57,490 | INFO  | DNAudit | user=null | ip=null | op=PUT_BLOCK {blockData=[blockId=conID: 2 locID: 102665036589498840 bcsId: 0,size=3145728]} | ret=SUCCESS |  
2019-08-23 07:08:57,490 | INFO  | DNAudit | user=null | ip=null | op=PUT_BLOCK {blockData=[blockId=conID: 2 locID: 102665036589498840 bcsId: 0,size=3145728]} | ret=SUCCESS |  
2019-08-23 07:08:57,490 | INFO  | DNAudit | user=null | ip=null | op=WRITE_CHUNK {blockData=conID: 2 locID: 102665036589498840 bcsId: 1804} | ret=SUCCESS |  
2019-08-23 07:08:57,491 | INFO  | DNAudit | user=null | ip=null | op=PUT_BLOCK {blockData=[blockId=conID: 2 locID: 102665036589498840 bcsId: 0,size=4194304]} | ret=SUCCESS |  
2019-08-23 07:08:57,491 [grpc-default-executor-2] INFO  client.GrpcClientProtocolClient (GrpcClientProtocolClient.java:onNext(255)) - client-D91E5D1E15CE->f2ba01fc-a63e-4348-bd18-030b60a135e7: receive RaftClientReply:client-D91E5D1E15CE->f2ba01fc-a63e-4348-bd18-030b60a135e7@group-C8C62FEF0626, cid=1287, SUCCESS, logIndex=1807, commits[f2ba01fc-a63e-4348-bd18-030b60a135e7:c1808, eab135d4-a257-4705-b491-6c056b8c5df7:c1804, a4f67574-9018-43e7-8a54-351e98dc3d0a:c1804]
2019-08-23 07:08:57,491 [grpc-default-executor-2] INFO  client.GrpcClientProtocolClient (GrpcClientProtocolClient.java:onNext(255)) - client-D91E5D1E15CE->f2ba01fc-a63e-4348-bd18-030b60a135e7: receive RaftClientReply:client-D91E5D1E15CE->f2ba01fc-a63e-4348-bd18-030b60a135e7@group-C8C62FEF0626, cid=1288, SUCCESS, logIndex=1808, commits[f2ba01fc-a63e-4348-bd18-030b60a135e7:c1808, eab135d4-a257-4705-b491-6c056b8c5df7:c1804, a4f67574-9018-43e7-8a54-351e98dc3d0a:c1804]
2019-08-23 07:08:57,502 | INFO  | DNAudit | user=null | ip=null | op=WRITE_CHUNK {blockData=conID: 2 locID: 102665036589498840 bcsId: 1804} | ret=SUCCESS |  
2019-08-23 07:08:57,502 | INFO  | DNAudit | user=null | ip=null | op=WRITE_CHUNK {blockData=conID: 2 locID: 102665036589498840 bcsId: 1804} | ret=SUCCESS |  
2019-08-23 07:08:57,502 | INFO  | DNAudit | user=null | ip=null | op=PUT_BLOCK {blockData=[blockId=conID: 2 locID: 102665036589498840 bcsId: 0,size=4194304]} | ret=SUCCESS |  
2019-08-23 07:08:57,502 | INFO  | DNAudit | user=null | ip=null | op=PUT_BLOCK {blockData=[blockId=conID: 2 locID: 102665036589498840 bcsId: 0,size=4194304]} | ret=SUCCESS |  
2019-08-23 07:08:57,502 [grpc-default-executor-2] INFO  client.GrpcClientProtocolClient (GrpcClientProtocolClient.java:onNext(255)) - client-D91E5D1E15CE->f2ba01fc-a63e-4348-bd18-030b60a135e7: receive RaftClientReply:client-D91E5D1E15CE->f2ba01fc-a63e-4348-bd18-030b60a135e7@group-C8C62FEF0626, cid=1289, SUCCESS, logIndex=0, commits[f2ba01fc-a63e-4348-bd18-030b60a135e7:c1809, eab135d4-a257-4705-b491-6c056b8c5df7:c1808, a4f67574-9018-43e7-8a54-351e98dc3d0a:c1808]
2019-08-23 07:08:57,506 | INFO  | SCMAudit | user=jenkins1000 | ip=192.168.5.178 | op=ALLOCATE_BLOCK {owner=aaf04d22-10dd-4717-8862-c651bdde72cf, size=4194304, type=RATIS, factor=THREE} | ret=SUCCESS |  
2019-08-23 07:08:57,509 | INFO  | OMAudit | user=jenkins1000 | ip=127.0.0.1 | op=ALLOCATE_BLOCK {volume=vol-0-67663, bucket=bucket-0-68950, key=key-0-26970, dataSize=0, replicationType=null, replicationFactor=null, keyLocationInfo=null, clientID=102665036030476690} | ret=SUCCESS |  
2019-08-23 07:08:57,515 | INFO  | DNAudit | user=null | ip=null | op=WRITE_CHUNK {blockData=conID: 3 locID: 102665036595593689 bcsId: 0} | ret=SUCCESS |  
2019-08-23 07:08:57,517 | INFO  | DNAudit | user=null | ip=null | op=WRITE_CHUNK {blockData=conID: 3 locID: 102665036595593689 bcsId: 0} | ret=SUCCESS |  
2019-08-23 07:08:57,518 | INFO  | DNAudit | user=null | ip=null | op=WRITE_CHUNK {blockData=conID: 3 locID: 102665036595593689 bcsId: 0} | ret=SUCCESS |  
2019-08-23 07:08:57,518 | INFO  | DNAudit | user=null | ip=null | op=WRITE_CHUNK {blockData=conID: 3 locID: 102665036595593689 bcsId: 0} | ret=SUCCESS |  
2019-08-23 07:08:57,519 | INFO  | DNAudit | user=null | ip=null | op=WRITE_CHUNK {blockData=conID: 3 locID: 102665036595593689 bcsId: 0} | ret=SUCCESS |  
2019-08-23 07:08:57,519 | INFO  | DNAudit | user=null | ip=null | op=WRITE_CHUNK {blockData=conID: 3 locID: 102665036595593689 bcsId: 0} | ret=SUCCESS |  
2019-08-23 07:08:57,542 | INFO  | DNAudit | user=null | ip=null | op=WRITE_CHUNK {blockData=conID: 3 locID: 102665036595593689 bcsId: 0} | ret=SUCCESS |  
2019-08-23 07:08:57,542 | INFO  | DNAudit | user=null | ip=null | op=PUT_BLOCK {blockData=[blockId=conID: 3 locID: 102665036595593689 bcsId: 0,size=1048576]} | ret=SUCCESS |  
2019-08-23 07:08:57,543 [grpc-default-executor-4] INFO  client.GrpcClientProtocolClient (GrpcClientProtocolClient.java:onNext(255)) - client-D91E5D1E15CE->f2ba01fc-a63e-4348-bd18-030b60a135e7: receive RaftClientReply:client-D91E5D1E15CE->f2ba01fc-a63e-4348-bd18-030b60a135e7@group-C8C62FEF0626, cid=1290, SUCCESS, logIndex=1811, commits[f2ba01fc-a63e-4348-bd18-030b60a135e7:c1812, eab135d4-a257-4705-b491-6c056b8c5df7:c1810, a4f67574-9018-43e7-8a54-351e98dc3d0a:c1810]
2019-08-23 07:08:57,543 | INFO  | DNAudit | user=null | ip=null | op=WRITE_CHUNK {blockData=conID: 3 locID: 102665036595593689 bcsId: 0} | ret=SUCCESS |  
2019-08-23 07:08:57,543 [grpc-default-executor-4] INFO  client.GrpcClientProtocolClient (GrpcClientProtocolClient.java:onNext(255)) - client-D91E5D1E15CE->f2ba01fc-a63e-4348-bd18-030b60a135e7: receive RaftClientReply:client-D91E5D1E15CE->f2ba01fc-a63e-4348-bd18-030b60a135e7@group-C8C62FEF0626, cid=1291, SUCCESS, logIndex=1812, commits[f2ba01fc-a63e-4348-bd18-030b60a135e7:c1814, eab135d4-a257-4705-b491-6c056b8c5df7:c1810, a4f67574-9018-43e7-8a54-351e98dc3d0a:c1810]
2019-08-23 07:08:57,543 | INFO  | DNAudit | user=null | ip=null | op=PUT_BLOCK {blockData=[blockId=conID: 3 locID: 102665036595593689 bcsId: 0,size=2097152]} | ret=SUCCESS |  
2019-08-23 07:08:57,544 [grpc-default-executor-4] INFO  client.GrpcClientProtocolClient (GrpcClientProtocolClient.java:onNext(255)) - client-D91E5D1E15CE->f2ba01fc-a63e-4348-bd18-030b60a135e7: receive RaftClientReply:client-D91E5D1E15CE->f2ba01fc-a63e-4348-bd18-030b60a135e7@group-C8C62FEF0626, cid=1292, SUCCESS, logIndex=1813, commits[f2ba01fc-a63e-4348-bd18-030b60a135e7:c1814, eab135d4-a257-4705-b491-6c056b8c5df7:c1810, a4f67574-9018-43e7-8a54-351e98dc3d0a:c1810]
2019-08-23 07:08:57,544 [grpc-default-executor-4] INFO  client.GrpcClientProtocolClient (GrpcClientProtocolClient.java:onNext(255)) - client-D91E5D1E15CE->f2ba01fc-a63e-4348-bd18-030b60a135e7: receive RaftClientReply:client-D91E5D1E15CE->f2ba01fc-a63e-4348-bd18-030b60a135e7@group-C8C62FEF0626, cid=1293, SUCCESS, logIndex=1814, commits[f2ba01fc-a63e-4348-bd18-030b60a135e7:c1814, eab135d4-a257-4705-b491-6c056b8c5df7:c1810, a4f67574-9018-43e7-8a54-351e98dc3d0a:c1810]
2019-08-23 07:08:57,554 | INFO  | DNAudit | user=null | ip=null | op=WRITE_CHUNK {blockData=conID: 3 locID: 102665036595593689 bcsId: 0} | ret=SUCCESS |  
2019-08-23 07:08:57,554 | INFO  | DNAudit | user=null | ip=null | op=WRITE_CHUNK {blockData=conID: 3 locID: 102665036595593689 bcsId: 0} | ret=SUCCESS |  
2019-08-23 07:08:57,554 | INFO  | DNAudit | user=null | ip=null | op=PUT_BLOCK {blockData=[blockId=conID: 3 locID: 102665036595593689 bcsId: 0,size=1048576]} | ret=SUCCESS |  
2019-08-23 07:08:57,554 | INFO  | DNAudit | user=null | ip=null | op=PUT_BLOCK {blockData=[blockId=conID: 3 locID: 102665036595593689 bcsId: 0,size=1048576]} | ret=SUCCESS |  
2019-08-23 07:08:57,554 [grpc-default-executor-4] INFO  client.GrpcClientProtocolClient (GrpcClientProtocolClient.java:onNext(255)) - client-D91E5D1E15CE->f2ba01fc-a63e-4348-bd18-030b60a135e7: receive RaftClientReply:client-D91E5D1E15CE->f2ba01fc-a63e-4348-bd18-030b60a135e7@group-C8C62FEF0626, cid=1294, SUCCESS, logIndex=0, commits[f2ba01fc-a63e-4348-bd18-030b60a135e7:c1815, eab135d4-a257-4705-b491-6c056b8c5df7:c1812, a4f67574-9018-43e7-8a54-351e98dc3d0a:c1812]
2019-08-23 07:08:57,555 | INFO  | DNAudit | user=null | ip=null | op=WRITE_CHUNK {blockData=conID: 3 locID: 102665036595593689 bcsId: 0} | ret=SUCCESS |  
2019-08-23 07:08:57,555 | INFO  | DNAudit | user=null | ip=null | op=WRITE_CHUNK {blockData=conID: 3 locID: 102665036595593689 bcsId: 0} | ret=SUCCESS |  
2019-08-23 07:08:57,555 | INFO  | DNAudit | user=null | ip=null | op=PUT_BLOCK {blockData=[blockId=conID: 3 locID: 102665036595593689 bcsId: 0,size=2097152]} | ret=SUCCESS |  
2019-08-23 07:08:57,555 | INFO  | DNAudit | user=null | ip=null | op=PUT_BLOCK {blockData=[blockId=conID: 3 locID: 102665036595593689 bcsId: 0,size=2097152]} | ret=SUCCESS |  
2019-08-23 07:08:57,560 | INFO  | DNAudit | user=null | ip=null | op=WRITE_CHUNK {blockData=conID: 3 locID: 102665036595593689 bcsId: 1814} | ret=SUCCESS |  
2019-08-23 07:08:57,564 | INFO  | DNAudit | user=null | ip=null | op=WRITE_CHUNK {blockData=conID: 3 locID: 102665036595593689 bcsId: 1814} | ret=SUCCESS |  
2019-08-23 07:08:57,564 | INFO  | DNAudit | user=null | ip=null | op=WRITE_CHUNK {blockData=conID: 3 locID: 102665036595593689 bcsId: 1814} | ret=SUCCESS |  
2019-08-23 07:08:57,566 | INFO  | DNAudit | user=null | ip=null | op=WRITE_CHUNK {blockData=conID: 3 locID: 102665036595593689 bcsId: 1814} | ret=SUCCESS |  
2019-08-23 07:08:57,567 | INFO  | DNAudit | user=null | ip=null | op=PUT_BLOCK {blockData=[blockId=conID: 3 locID: 102665036595593689 bcsId: 0,size=3145728]} | ret=SUCCESS |  
2019-08-23 07:08:57,567 [grpc-default-executor-6] INFO  client.GrpcClientProtocolClient (GrpcClientProtocolClient.java:onNext(255)) - client-D91E5D1E15CE->f2ba01fc-a63e-4348-bd18-030b60a135e7: receive RaftClientReply:client-D91E5D1E15CE->f2ba01fc-a63e-4348-bd18-030b60a135e7@group-C8C62FEF0626, cid=1295, SUCCESS, logIndex=1819, commits[f2ba01fc-a63e-4348-bd18-030b60a135e7:c1820, eab135d4-a257-4705-b491-6c056b8c5df7:c1818, a4f67574-9018-43e7-8a54-351e98dc3d0a:c1818]
2019-08-23 07:08:57,567 [grpc-default-executor-6] INFO  client.GrpcClientProtocolClient (GrpcClientProtocolClient.java:onNext(255)) - client-D91E5D1E15CE->f2ba01fc-a63e-4348-bd18-030b60a135e7: receive RaftClientReply:client-D91E5D1E15CE->f2ba01fc-a63e-4348-bd18-030b60a135e7@group-C8C62FEF0626, cid=1296, SUCCESS, logIndex=1820, commits[f2ba01fc-a63e-4348-bd18-030b60a135e7:c1820, eab135d4-a257-4705-b491-6c056b8c5df7:c1818, a4f67574-9018-43e7-8a54-351e98dc3d0a:c1818]
2019-08-23 07:08:57,568 | INFO  | DNAudit | user=null | ip=null | op=WRITE_CHUNK {blockData=conID: 3 locID: 102665036595593689 bcsId: 1814} | ret=SUCCESS |  
2019-08-23 07:08:57,568 | INFO  | DNAudit | user=null | ip=null | op=WRITE_CHUNK {blockData=conID: 3 locID: 102665036595593689 bcsId: 1814} | ret=SUCCESS |  
2019-08-23 07:08:57,569 | INFO  | DNAudit | user=null | ip=null | op=PUT_BLOCK {blockData=[blockId=conID: 3 locID: 102665036595593689 bcsId: 0,size=3145728]} | ret=SUCCESS |  
2019-08-23 07:08:57,570 | INFO  | DNAudit | user=null | ip=null | op=PUT_BLOCK {blockData=[blockId=conID: 3 locID: 102665036595593689 bcsId: 0,size=3145728]} | ret=SUCCESS |  
2019-08-23 07:08:57,574 | INFO  | DNAudit | user=null | ip=null | op=WRITE_CHUNK {blockData=conID: 3 locID: 102665036595593689 bcsId: 1820} | ret=SUCCESS |  
2019-08-23 07:08:57,576 | INFO  | DNAudit | user=null | ip=null | op=WRITE_CHUNK {blockData=conID: 3 locID: 102665036595593689 bcsId: 1820} | ret=SUCCESS |  
2019-08-23 07:08:57,576 | INFO  | DNAudit | user=null | ip=null | op=WRITE_CHUNK {blockData=conID: 3 locID: 102665036595593689 bcsId: 1820} | ret=SUCCESS |  
2019-08-23 07:08:57,579 | INFO  | DNAudit | user=null | ip=null | op=WRITE_CHUNK {blockData=conID: 3 locID: 102665036595593689 bcsId: 1820} | ret=SUCCESS |  
2019-08-23 07:08:57,579 | INFO  | DNAudit | user=null | ip=null | op=PUT_BLOCK {blockData=[blockId=conID: 3 locID: 102665036595593689 bcsId: 0,size=4194304]} | ret=SUCCESS |  
2019-08-23 07:08:57,579 [grpc-default-executor-3] INFO  client.GrpcClientProtocolClient (GrpcClientProtocolClient.java:onNext(255)) - client-D91E5D1E15CE->f2ba01fc-a63e-4348-bd18-030b60a135e7: receive RaftClientReply:client-D91E5D1E15CE->f2ba01fc-a63e-4348-bd18-030b60a135e7@group-C8C62FEF0626, cid=1297, SUCCESS, logIndex=1823, commits[f2ba01fc-a63e-4348-bd18-030b60a135e7:c1824, eab135d4-a257-4705-b491-6c056b8c5df7:c1822, a4f67574-9018-43e7-8a54-351e98dc3d0a:c1820]
2019-08-23 07:08:57,580 [grpc-default-executor-3] INFO  client.GrpcClientProtocolClient (GrpcClientProtocolClient.java:onNext(255)) - client-D91E5D1E15CE->f2ba01fc-a63e-4348-bd18-030b60a135e7: receive RaftClientReply:client-D91E5D1E15CE->f2ba01fc-a63e-4348-bd18-030b60a135e7@group-C8C62FEF0626, cid=1298, SUCCESS, logIndex=1824, commits[f2ba01fc-a63e-4348-bd18-030b60a135e7:c1824, eab135d4-a257-4705-b491-6c056b8c5df7:c1822, a4f67574-9018-43e7-8a54-351e98dc3d0a:c1822]
2019-08-23 07:08:57,581 | INFO  | DNAudit | user=null | ip=null | op=WRITE_CHUNK {blockData=conID: 3 locID: 102665036595593689 bcsId: 1820} | ret=SUCCESS |  
2019-08-23 07:08:57,581 | INFO  | DNAudit | user=null | ip=null | op=PUT_BLOCK {blockData=[blockId=conID: 3 locID: 102665036595593689 bcsId: 0,size=4194304]} | ret=SUCCESS |  
2019-08-23 07:08:57,581 | INFO  | DNAudit | user=null | ip=null | op=WRITE_CHUNK {blockData=conID: 3 locID: 102665036595593689 bcsId: 1820} | ret=SUCCESS |  
2019-08-23 07:08:57,581 | INFO  | DNAudit | user=null | ip=null | op=PUT_BLOCK {blockData=[blockId=conID: 3 locID: 102665036595593689 bcsId: 0,size=4194304]} | ret=SUCCESS |  
2019-08-23 07:08:57,582 [grpc-default-executor-3] INFO  client.GrpcClientProtocolClient (GrpcClientProtocolClient.java:onNext(255)) - client-D91E5D1E15CE->f2ba01fc-a63e-4348-bd18-030b60a135e7: receive RaftClientReply:client-D91E5D1E15CE->f2ba01fc-a63e-4348-bd18-030b60a135e7@group-C8C62FEF0626, cid=1299, SUCCESS, logIndex=0, commits[f2ba01fc-a63e-4348-bd18-030b60a135e7:c1825, eab135d4-a257-4705-b491-6c056b8c5df7:c1824, a4f67574-9018-43e7-8a54-351e98dc3d0a:c1824]
2019-08-23 07:08:57,586 | INFO  | SCMAudit | user=jenkins1000 | ip=192.168.5.178 | op=ALLOCATE_BLOCK {owner=aaf04d22-10dd-4717-8862-c651bdde72cf, size=4194304, type=RATIS, factor=THREE} | ret=SUCCESS |  
2019-08-23 07:08:57,588 | INFO  | OMAudit | user=jenkins1000 | ip=127.0.0.1 | op=ALLOCATE_BLOCK {volume=vol-0-67663, bucket=bucket-0-68950, key=key-0-26970, dataSize=0, replicationType=null, replicationFactor=null, keyLocationInfo=null, clientID=102665036030476690} | ret=SUCCESS |  
2019-08-23 07:08:57,594 | INFO  | DNAudit | user=null | ip=null | op=WRITE_CHUNK {blockData=conID: 1 locID: 102665036600836570 bcsId: 0} | ret=SUCCESS |  
2019-08-23 07:08:57,596 | INFO  | DNAudit | user=null | ip=null | op=WRITE_CHUNK {blockData=conID: 1 locID: 102665036600836570 bcsId: 0} | ret=SUCCESS |  
2019-08-23 07:08:57,597 | INFO  | DNAudit | user=null | ip=null | op=WRITE_CHUNK {blockData=conID: 1 locID: 102665036600836570 bcsId: 0} | ret=SUCCESS |  
2019-08-23 07:08:57,597 | INFO  | DNAudit | user=null | ip=null | op=WRITE_CHUNK {blockData=conID: 1 locID: 102665036600836570 bcsId: 0} | ret=SUCCESS |  
2019-08-23 07:08:57,598 | INFO  | DNAudit | user=null | ip=null | op=WRITE_CHUNK {blockData=conID: 1 locID: 102665036600836570 bcsId: 0} | ret=SUCCESS |  
2019-08-23 07:08:57,599 | INFO  | DNAudit | user=null | ip=null | op=WRITE_CHUNK {blockData=conID: 1 locID: 102665036600836570 bcsId: 0} | ret=SUCCESS |  
2019-08-23 07:08:57,600 | INFO  | DNAudit | user=null | ip=null | op=WRITE_CHUNK {blockData=conID: 1 locID: 102665036600836570 bcsId: 0} | ret=SUCCESS |  
2019-08-23 07:08:57,601 | INFO  | DNAudit | user=null | ip=null | op=PUT_BLOCK {blockData=[blockId=conID: 1 locID: 102665036600836570 bcsId: 0,size=1048576]} | ret=SUCCESS |  
2019-08-23 07:08:57,601 | INFO  | DNAudit | user=null | ip=null | op=WRITE_CHUNK {blockData=conID: 1 locID: 102665036600836570 bcsId: 0} | ret=SUCCESS |  
2019-08-23 07:08:57,601 [grpc-default-executor-6] INFO  client.GrpcClientProtocolClient (GrpcClientProtocolClient.java:onNext(255)) - client-D91E5D1E15CE->f2ba01fc-a63e-4348-bd18-030b60a135e7: receive RaftClientReply:client-D91E5D1E15CE->f2ba01fc-a63e-4348-bd18-030b60a135e7@group-C8C62FEF0626, cid=1300, SUCCESS, logIndex=1827, commits[f2ba01fc-a63e-4348-bd18-030b60a135e7:c1828, eab135d4-a257-4705-b491-6c056b8c5df7:c1824, a4f67574-9018-43e7-8a54-351e98dc3d0a:c1826]
2019-08-23 07:08:57,601 | INFO  | DNAudit | user=null | ip=null | op=PUT_BLOCK {blockData=[blockId=conID: 1 locID: 102665036600836570 bcsId: 0,size=2097152]} | ret=SUCCESS |  
2019-08-23 07:08:57,601 [grpc-default-executor-6] INFO  client.GrpcClientProtocolClient (GrpcClientProtocolClient.java:onNext(255)) - client-D91E5D1E15CE->f2ba01fc-a63e-4348-bd18-030b60a135e7: receive RaftClientReply:client-D91E5D1E15CE->f2ba01fc-a63e-4348-bd18-030b60a135e7@group-C8C62FEF0626, cid=1301, SUCCESS, logIndex=1828, commits[f2ba01fc-a63e-4348-bd18-030b60a135e7:c1830, eab135d4-a257-4705-b491-6c056b8c5df7:c1826, a4f67574-9018-43e7-8a54-351e98dc3d0a:c1826]
2019-08-23 07:08:57,601 | INFO  | DNAudit | user=null | ip=null | op=WRITE_CHUNK {blockData=conID: 1 locID: 102665036600836570 bcsId: 0} | ret=SUCCESS |  
2019-08-23 07:08:57,602 [grpc-default-executor-6] INFO  client.GrpcClientProtocolClient (GrpcClientProtocolClient.java:onNext(255)) - client-D91E5D1E15CE->f2ba01fc-a63e-4348-bd18-030b60a135e7: receive RaftClientReply:client-D91E5D1E15CE->f2ba01fc-a63e-4348-bd18-030b60a135e7@group-C8C62FEF0626, cid=1302, SUCCESS, logIndex=1829, commits[f2ba01fc-a63e-4348-bd18-030b60a135e7:c1830, eab135d4-a257-4705-b491-6c056b8c5df7:c1826, a4f67574-9018-43e7-8a54-351e98dc3d0a:c1826]
2019-08-23 07:08:57,602 [grpc-default-executor-6] INFO  client.GrpcClientProtocolClient (GrpcClientProtocolClient.java:onNext(255)) - client-D91E5D1E15CE->f2ba01fc-a63e-4348-bd18-030b60a135e7: receive RaftClientReply:client-D91E5D1E15CE->f2ba01fc-a63e-4348-bd18-030b60a135e7@group-C8C62FEF0626, cid=1303, SUCCESS, logIndex=1830, commits[f2ba01fc-a63e-4348-bd18-030b60a135e7:c1830, eab135d4-a257-4705-b491-6c056b8c5df7:c1826, a4f67574-9018-43e7-8a54-351e98dc3d0a:c1826]
2019-08-23 07:08:57,602 | INFO  | DNAudit | user=null | ip=null | op=WRITE_CHUNK {blockData=conID: 1 locID: 102665036600836570 bcsId: 0} | ret=SUCCESS |  
2019-08-23 07:08:57,602 | INFO  | DNAudit | user=null | ip=null | op=PUT_BLOCK {blockData=[blockId=conID: 1 locID: 102665036600836570 bcsId: 0,size=1048576]} | ret=SUCCESS |  
2019-08-23 07:08:57,603 | INFO  | DNAudit | user=null | ip=null | op=WRITE_CHUNK {blockData=conID: 1 locID: 102665036600836570 bcsId: 0} | ret=SUCCESS |  
2019-08-23 07:08:57,603 | INFO  | DNAudit | user=null | ip=null | op=PUT_BLOCK {blockData=[blockId=conID: 1 locID: 102665036600836570 bcsId: 0,size=1048576]} | ret=SUCCESS |  
2019-08-23 07:08:57,603 | INFO  | DNAudit | user=null | ip=null | op=WRITE_CHUNK {blockData=conID: 1 locID: 102665036600836570 bcsId: 0} | ret=SUCCESS |  
2019-08-23 07:08:57,603 | INFO  | DNAudit | user=null | ip=null | op=PUT_BLOCK {blockData=[blockId=conID: 1 locID: 102665036600836570 bcsId: 0,size=2097152]} | ret=SUCCESS |  
2019-08-23 07:08:57,604 [grpc-default-executor-6] INFO  client.GrpcClientProtocolClient (GrpcClientProtocolClient.java:onNext(255)) - client-D91E5D1E15CE->f2ba01fc-a63e-4348-bd18-030b60a135e7: receive RaftClientReply:client-D91E5D1E15CE->f2ba01fc-a63e-4348-bd18-030b60a135e7@group-C8C62FEF0626, cid=1304, SUCCESS, logIndex=0, commits[f2ba01fc-a63e-4348-bd18-030b60a135e7:c1833, eab135d4-a257-4705-b491-6c056b8c5df7:c1829, a4f67574-9018-43e7-8a54-351e98dc3d0a:c1828]
2019-08-23 07:08:57,604 | INFO  | DNAudit | user=null | ip=null | op=PUT_BLOCK {blockData=[blockId=conID: 1 locID: 102665036600836570 bcsId: 0,size=2097152]} | ret=SUCCESS |  
2019-08-23 07:08:57,609 | INFO  | DNAudit | user=null | ip=null | op=WRITE_CHUNK {blockData=conID: 1 locID: 102665036600836570 bcsId: 1830} | ret=SUCCESS |  
2019-08-23 07:08:57,612 | INFO  | DNAudit | user=null | ip=null | op=WRITE_CHUNK {blockData=conID: 1 locID: 102665036600836570 bcsId: 1830} | ret=SUCCESS |  
2019-08-23 07:08:57,612 | INFO  | DNAudit | user=null | ip=null | op=WRITE_CHUNK {blockData=conID: 1 locID: 102665036600836570 bcsId: 1830} | ret=SUCCESS |  
2019-08-23 07:08:57,624 | INFO  | DNAudit | user=null | ip=null | op=WRITE_CHUNK {blockData=conID: 1 locID: 102665036600836570 bcsId: 1830} | ret=SUCCESS |  
2019-08-23 07:08:57,624 | INFO  | DNAudit | user=null | ip=null | op=PUT_BLOCK {blockData=[blockId=conID: 1 locID: 102665036600836570 bcsId: 0,size=3145728]} | ret=SUCCESS |  
2019-08-23 07:08:57,624 [grpc-default-executor-4] INFO  client.GrpcClientProtocolClient (GrpcClientProtocolClient.java:onNext(255)) - client-D91E5D1E15CE->f2ba01fc-a63e-4348-bd18-030b60a135e7: receive RaftClientReply:client-D91E5D1E15CE->f2ba01fc-a63e-4348-bd18-030b60a135e7@group-C8C62FEF0626, cid=1305, SUCCESS, logIndex=1835, commits[f2ba01fc-a63e-4348-bd18-030b60a135e7:c1836, eab135d4-a257-4705-b491-6c056b8c5df7:c1834, a4f67574-9018-43e7-8a54-351e98dc3d0a:c1834]
2019-08-23 07:08:57,624 [grpc-default-executor-4] INFO  client.GrpcClientProtocolClient (GrpcClientProtocolClient.java:onNext(255)) - client-D91E5D1E15CE->f2ba01fc-a63e-4348-bd18-030b60a135e7: receive RaftClientReply:client-D91E5D1E15CE->f2ba01fc-a63e-4348-bd18-030b60a135e7@group-C8C62FEF0626, cid=1306, SUCCESS, logIndex=1836, commits[f2ba01fc-a63e-4348-bd18-030b60a135e7:c1836, eab135d4-a257-4705-b491-6c056b8c5df7:c1834, a4f67574-9018-43e7-8a54-351e98dc3d0a:c1834]
2019-08-23 07:08:57,630 | INFO  | DNAudit | user=null | ip=null | op=WRITE_CHUNK {blockData=conID: 1 locID: 102665036600836570 bcsId: 1836} | ret=SUCCESS |  
2019-08-23 07:08:57,632 | INFO  | DNAudit | user=null | ip=null | op=WRITE_CHUNK {blockData=conID: 1 locID: 102665036600836570 bcsId: 1836} | ret=SUCCESS |  
2019-08-23 07:08:57,633 | INFO  | DNAudit | user=null | ip=null | op=WRITE_CHUNK {blockData=conID: 1 locID: 102665036600836570 bcsId: 1836} | ret=SUCCESS |  
2019-08-23 07:08:57,635 | INFO  | DNAudit | user=null | ip=null | op=WRITE_CHUNK {blockData=conID: 1 locID: 102665036600836570 bcsId: 1830} | ret=SUCCESS |  
2019-08-23 07:08:57,635 | INFO  | DNAudit | user=null | ip=null | op=WRITE_CHUNK {blockData=conID: 1 locID: 102665036600836570 bcsId: 1830} | ret=SUCCESS |  
2019-08-23 07:08:57,637 | INFO  | DNAudit | user=null | ip=null | op=PUT_BLOCK {blockData=[blockId=conID: 1 locID: 102665036600836570 bcsId: 0,size=3145728]} | ret=SUCCESS |  
2019-08-23 07:08:57,637 | INFO  | DNAudit | user=null | ip=null | op=PUT_BLOCK {blockData=[blockId=conID: 1 locID: 102665036600836570 bcsId: 0,size=3145728]} | ret=SUCCESS |  
2019-08-23 07:08:57,637 | INFO  | DNAudit | user=null | ip=null | op=WRITE_CHUNK {blockData=conID: 1 locID: 102665036600836570 bcsId: 1836} | ret=SUCCESS |  
2019-08-23 07:08:57,638 | INFO  | DNAudit | user=null | ip=null | op=PUT_BLOCK {blockData=[blockId=conID: 1 locID: 102665036600836570 bcsId: 0,size=4194304]} | ret=SUCCESS |  
2019-08-23 07:08:57,638 [grpc-default-executor-4] INFO  client.GrpcClientProtocolClient (GrpcClientProtocolClient.java:onNext(255)) - client-D91E5D1E15CE->f2ba01fc-a63e-4348-bd18-030b60a135e7: receive RaftClientReply:client-D91E5D1E15CE->f2ba01fc-a63e-4348-bd18-030b60a135e7@group-C8C62FEF0626, cid=1307, SUCCESS, logIndex=1839, commits[f2ba01fc-a63e-4348-bd18-030b60a135e7:c1839, eab135d4-a257-4705-b491-6c056b8c5df7:c1836, a4f67574-9018-43e7-8a54-351e98dc3d0a:c1836]
2019-08-23 07:08:57,638 [grpc-default-executor-4] INFO  client.GrpcClientProtocolClient (GrpcClientProtocolClient.java:onNext(255)) - client-D91E5D1E15CE->f2ba01fc-a63e-4348-bd18-030b60a135e7: receive RaftClientReply:client-D91E5D1E15CE->f2ba01fc-a63e-4348-bd18-030b60a135e7@group-C8C62FEF0626, cid=1308, SUCCESS, logIndex=1840, commits[f2ba01fc-a63e-4348-bd18-030b60a135e7:c1840, eab135d4-a257-4705-b491-6c056b8c5df7:c1836, a4f67574-9018-43e7-8a54-351e98dc3d0a:c1836]
2019-08-23 07:08:57,643 | INFO  | SCMAudit | user=jenkins1000 | ip=192.168.5.178 | op=SEND_HEARTBEAT {datanodeUUID=a4f67574-9018-43e7-8a54-351e98dc3d0a, command=[]} | ret=SUCCESS |  
2019-08-23 07:08:57,643 | INFO  | SCMAudit | user=jenkins1000 | ip=192.168.5.178 | op=SEND_HEARTBEAT {datanodeUUID=eab135d4-a257-4705-b491-6c056b8c5df7, command=[]} | ret=SUCCESS |  
2019-08-23 07:08:57,643 | INFO  | SCMAudit | user=jenkins1000 | ip=192.168.5.178 | op=SEND_HEARTBEAT {datanodeUUID=f2ba01fc-a63e-4348-bd18-030b60a135e7, command=[]} | ret=SUCCESS |  
2019-08-23 07:08:57,649 | INFO  | DNAudit | user=null | ip=null | op=WRITE_CHUNK {blockData=conID: 1 locID: 102665036600836570 bcsId: 1836} | ret=SUCCESS |  
2019-08-23 07:08:57,649 | INFO  | DNAudit | user=null | ip=null | op=WRITE_CHUNK {blockData=conID: 1 locID: 102665036600836570 bcsId: 1836} | ret=SUCCESS |  
2019-08-23 07:08:57,650 | INFO  | DNAudit | user=null | ip=null | op=PUT_BLOCK {blockData=[blockId=conID: 1 locID: 102665036600836570 bcsId: 0,size=4194304]} | ret=SUCCESS |  
2019-08-23 07:08:57,650 | INFO  | DNAudit | user=null | ip=null | op=PUT_BLOCK {blockData=[blockId=conID: 1 locID: 102665036600836570 bcsId: 0,size=4194304]} | ret=SUCCESS |  
2019-08-23 07:08:57,650 [grpc-default-executor-4] INFO  client.GrpcClientProtocolClient (GrpcClientProtocolClient.java:onNext(255)) - client-D91E5D1E15CE->f2ba01fc-a63e-4348-bd18-030b60a135e7: receive RaftClientReply:client-D91E5D1E15CE->f2ba01fc-a63e-4348-bd18-030b60a135e7@group-C8C62FEF0626, cid=1309, SUCCESS, logIndex=0, commits[f2ba01fc-a63e-4348-bd18-030b60a135e7:c1842, eab135d4-a257-4705-b491-6c056b8c5df7:c1840, a4f67574-9018-43e7-8a54-351e98dc3d0a:c1840]
2019-08-23 07:08:57,654 | INFO  | SCMAudit | user=jenkins1000 | ip=192.168.5.178 | op=ALLOCATE_BLOCK {owner=aaf04d22-10dd-4717-8862-c651bdde72cf, size=4194304, type=RATIS, factor=THREE} | ret=SUCCESS |  
2019-08-23 07:08:57,656 | INFO  | OMAudit | user=jenkins1000 | ip=127.0.0.1 | op=ALLOCATE_BLOCK {volume=vol-0-67663, bucket=bucket-0-68950, key=key-0-26970, dataSize=0, replicationType=null, replicationFactor=null, keyLocationInfo=null, clientID=102665036030476690} | ret=SUCCESS |  
2019-08-23 07:08:57,666 | INFO  | DNAudit | user=null | ip=null | op=WRITE_CHUNK {blockData=conID: 2 locID: 102665036605293019 bcsId: 0} | ret=SUCCESS |  
2019-08-23 07:08:57,666 | INFO  | DNAudit | user=null | ip=null | op=WRITE_CHUNK {blockData=conID: 2 locID: 102665036605293019 bcsId: 0} | ret=SUCCESS |  
2019-08-23 07:08:57,666 | INFO  | DNAudit | user=null | ip=null | op=WRITE_CHUNK {blockData=conID: 2 locID: 102665036605293019 bcsId: 0} | ret=SUCCESS |  
2019-08-23 07:08:57,666 | INFO  | DNAudit | user=null | ip=null | op=WRITE_CHUNK {blockData=conID: 2 locID: 102665036605293019 bcsId: 0} | ret=SUCCESS |  
2019-08-23 07:08:57,668 | INFO  | DNAudit | user=null | ip=null | op=WRITE_CHUNK {blockData=conID: 2 locID: 102665036605293019 bcsId: 0} | ret=SUCCESS |  
2019-08-23 07:08:57,669 | INFO  | DNAudit | user=null | ip=null | op=WRITE_CHUNK {blockData=conID: 2 locID: 102665036605293019 bcsId: 0} | ret=SUCCESS |  
2019-08-23 07:08:57,678 | INFO  | DNAudit | user=null | ip=null | op=WRITE_CHUNK {blockData=conID: 2 locID: 102665036605293019 bcsId: 0} | ret=SUCCESS |  
2019-08-23 07:08:57,678 | INFO  | DNAudit | user=null | ip=null | op=PUT_BLOCK {blockData=[blockId=conID: 2 locID: 102665036605293019 bcsId: 0,size=1048576]} | ret=SUCCESS |  
2019-08-23 07:08:57,679 [grpc-default-executor-3] INFO  client.GrpcClientProtocolClient (GrpcClientProtocolClient.java:onNext(255)) - client-D91E5D1E15CE->f2ba01fc-a63e-4348-bd18-030b60a135e7: receive RaftClientReply:client-D91E5D1E15CE->f2ba01fc-a63e-4348-bd18-030b60a135e7@group-C8C62FEF0626, cid=1310, SUCCESS, logIndex=1843, commits[f2ba01fc-a63e-4348-bd18-030b60a135e7:c1844, eab135d4-a257-4705-b491-6c056b8c5df7:c1842, a4f67574-9018-43e7-8a54-351e98dc3d0a:c1842]
2019-08-23 07:08:57,679 | INFO  | DNAudit | user=null | ip=null | op=WRITE_CHUNK {blockData=conID: 2 locID: 102665036605293019 bcsId: 0} | ret=SUCCESS |  
2019-08-23 07:08:57,679 [grpc-default-executor-6] INFO  client.GrpcClientProtocolClient (GrpcClientProtocolClient.java:onNext(255)) - client-D91E5D1E15CE->f2ba01fc-a63e-4348-bd18-030b60a135e7: receive RaftClientReply:client-D91E5D1E15CE->f2ba01fc-a63e-4348-bd18-030b60a135e7@group-C8C62FEF0626, cid=1311, SUCCESS, logIndex=1844, commits[f2ba01fc-a63e-4348-bd18-030b60a135e7:c1846, eab135d4-a257-4705-b491-6c056b8c5df7:c1842, a4f67574-9018-43e7-8a54-351e98dc3d0a:c1842]
2019-08-23 07:08:57,679 | INFO  | DNAudit | user=null | ip=null | op=PUT_BLOCK {blockData=[blockId=conID: 2 locID: 102665036605293019 bcsId: 0,size=2097152]} | ret=SUCCESS |  
2019-08-23 07:08:57,680 [grpc-default-executor-6] INFO  client.GrpcClientProtocolClient (GrpcClientProtocolClient.java:onNext(255)) - client-D91E5D1E15CE->f2ba01fc-a63e-4348-bd18-030b60a135e7: receive RaftClientReply:client-D91E5D1E15CE->f2ba01fc-a63e-4348-bd18-030b60a135e7@group-C8C62FEF0626, cid=1312, SUCCESS, logIndex=1845, commits[f2ba01fc-a63e-4348-bd18-030b60a135e7:c1846, eab135d4-a257-4705-b491-6c056b8c5df7:c1842, a4f67574-9018-43e7-8a54-351e98dc3d0a:c1842]
2019-08-23 07:08:57,680 | INFO  | DNAudit | user=null | ip=null | op=WRITE_CHUNK {blockData=conID: 2 locID: 102665036605293019 bcsId: 0} | ret=SUCCESS |  
2019-08-23 07:08:57,680 | INFO  | DNAudit | user=null | ip=null | op=PUT_BLOCK {blockData=[blockId=conID: 2 locID: 102665036605293019 bcsId: 0,size=1048576]} | ret=SUCCESS |  
2019-08-23 07:08:57,681 | INFO  | DNAudit | user=null | ip=null | op=WRITE_CHUNK {blockData=conID: 2 locID: 102665036605293019 bcsId: 0} | ret=SUCCESS |  
2019-08-23 07:08:57,681 [grpc-default-executor-3] INFO  client.GrpcClientProtocolClient (GrpcClientProtocolClient.java:onNext(255)) - client-D91E5D1E15CE->f2ba01fc-a63e-4348-bd18-030b60a135e7: receive RaftClientReply:client-D91E5D1E15CE->f2ba01fc-a63e-4348-bd18-030b60a135e7@group-C8C62FEF0626, cid=1313, SUCCESS, logIndex=1846, commits[f2ba01fc-a63e-4348-bd18-030b60a135e7:c1846, eab135d4-a257-4705-b491-6c056b8c5df7:c1842, a4f67574-9018-43e7-8a54-351e98dc3d0a:c1842]
2019-08-23 07:08:57,681 | INFO  | DNAudit | user=null | ip=null | op=PUT_BLOCK {blockData=[blockId=conID: 2 locID: 102665036605293019 bcsId: 0,size=1048576]} | ret=SUCCESS |  
2019-08-23 07:08:57,681 | INFO  | DNAudit | user=null | ip=null | op=WRITE_CHUNK {blockData=conID: 2 locID: 102665036605293019 bcsId: 0} | ret=SUCCESS |  
2019-08-23 07:08:57,681 | INFO  | DNAudit | user=null | ip=null | op=PUT_BLOCK {blockData=[blockId=conID: 2 locID: 102665036605293019 bcsId: 0,size=2097152]} | ret=SUCCESS |  
2019-08-23 07:08:57,681 | INFO  | DNAudit | user=null | ip=null | op=WRITE_CHUNK {blockData=conID: 2 locID: 102665036605293019 bcsId: 0} | ret=SUCCESS |  
2019-08-23 07:08:57,682 | INFO  | DNAudit | user=null | ip=null | op=PUT_BLOCK {blockData=[blockId=conID: 2 locID: 102665036605293019 bcsId: 0,size=2097152]} | ret=SUCCESS |  
2019-08-23 07:08:57,682 [grpc-default-executor-3] INFO  client.GrpcClientProtocolClient (GrpcClientProtocolClient.java:onNext(255)) - client-D91E5D1E15CE->f2ba01fc-a63e-4348-bd18-030b60a135e7: receive RaftClientReply:client-D91E5D1E15CE->f2ba01fc-a63e-4348-bd18-030b60a135e7@group-C8C62FEF0626, cid=1314, SUCCESS, logIndex=0, commits[f2ba01fc-a63e-4348-bd18-030b60a135e7:c1850, eab135d4-a257-4705-b491-6c056b8c5df7:c1844, a4f67574-9018-43e7-8a54-351e98dc3d0a:c1846]
2019-08-23 07:08:57,688 | INFO  | DNAudit | user=null | ip=null | op=WRITE_CHUNK {blockData=conID: 2 locID: 102665036605293019 bcsId: 1846} | ret=SUCCESS |  
2019-08-23 07:08:57,690 | INFO  | DNAudit | user=null | ip=null | op=WRITE_CHUNK {blockData=conID: 2 locID: 102665036605293019 bcsId: 1846} | ret=SUCCESS |  
2019-08-23 07:08:57,690 | INFO  | DNAudit | user=null | ip=null | op=WRITE_CHUNK {blockData=conID: 2 locID: 102665036605293019 bcsId: 1846} | ret=SUCCESS |  
2019-08-23 07:08:57,700 | INFO  | DNAudit | user=null | ip=null | op=WRITE_CHUNK {blockData=conID: 2 locID: 102665036605293019 bcsId: 1846} | ret=SUCCESS |  
2019-08-23 07:08:57,701 | INFO  | DNAudit | user=null | ip=null | op=PUT_BLOCK {blockData=[blockId=conID: 2 locID: 102665036605293019 bcsId: 0,size=3145728]} | ret=SUCCESS |  
2019-08-23 07:08:57,701 [grpc-default-executor-6] INFO  client.GrpcClientProtocolClient (GrpcClientProtocolClient.java:onNext(255)) - client-D91E5D1E15CE->f2ba01fc-a63e-4348-bd18-030b60a135e7: receive RaftClientReply:client-D91E5D1E15CE->f2ba01fc-a63e-4348-bd18-030b60a135e7@group-C8C62FEF0626, cid=1315, SUCCESS, logIndex=1851, commits[f2ba01fc-a63e-4348-bd18-030b60a135e7:c1852, eab135d4-a257-4705-b491-6c056b8c5df7:c1850, a4f67574-9018-43e7-8a54-351e98dc3d0a:c1850]
2019-08-23 07:08:57,701 [grpc-default-executor-6] INFO  client.GrpcClientProtocolClient (GrpcClientProtocolClient.java:onNext(255)) - client-D91E5D1E15CE->f2ba01fc-a63e-4348-bd18-030b60a135e7: receive RaftClientReply:client-D91E5D1E15CE->f2ba01fc-a63e-4348-bd18-030b60a135e7@group-C8C62FEF0626, cid=1316, SUCCESS, logIndex=1852, commits[f2ba01fc-a63e-4348-bd18-030b60a135e7:c1852, eab135d4-a257-4705-b491-6c056b8c5df7:c1850, a4f67574-9018-43e7-8a54-351e98dc3d0a:c1850]
2019-08-23 07:08:57,707 | INFO  | DNAudit | user=null | ip=null | op=WRITE_CHUNK {blockData=conID: 2 locID: 102665036605293019 bcsId: 1852} | ret=SUCCESS |  
2019-08-23 07:08:57,709 | INFO  | DNAudit | user=null | ip=null | op=WRITE_CHUNK {blockData=conID: 2 locID: 102665036605293019 bcsId: 1852} | ret=SUCCESS |  
2019-08-23 07:08:57,710 | INFO  | DNAudit | user=null | ip=null | op=WRITE_CHUNK {blockData=conID: 2 locID: 102665036605293019 bcsId: 1852} | ret=SUCCESS |  
2019-08-23 07:08:57,711 | INFO  | DNAudit | user=null | ip=null | op=WRITE_CHUNK {blockData=conID: 2 locID: 102665036605293019 bcsId: 1846} | ret=SUCCESS |  
2019-08-23 07:08:57,712 | INFO  | DNAudit | user=null | ip=null | op=WRITE_CHUNK {blockData=conID: 2 locID: 102665036605293019 bcsId: 1846} | ret=SUCCESS |  
2019-08-23 07:08:57,712 | INFO  | DNAudit | user=null | ip=null | op=PUT_BLOCK {blockData=[blockId=conID: 2 locID: 102665036605293019 bcsId: 0,size=3145728]} | ret=SUCCESS |  
2019-08-23 07:08:57,712 | INFO  | DNAudit | user=null | ip=null | op=PUT_BLOCK {blockData=[blockId=conID: 2 locID: 102665036605293019 bcsId: 0,size=3145728]} | ret=SUCCESS |  
2019-08-23 07:08:57,713 | INFO  | DNAudit | user=null | ip=null | op=WRITE_CHUNK {blockData=conID: 2 locID: 102665036605293019 bcsId: 1852} | ret=SUCCESS |  
2019-08-23 07:08:57,713 | INFO  | DNAudit | user=null | ip=null | op=PUT_BLOCK {blockData=[blockId=conID: 2 locID: 102665036605293019 bcsId: 0,size=4194304]} | ret=SUCCESS |  
2019-08-23 07:08:57,713 [grpc-default-executor-6] INFO  client.GrpcClientProtocolClient (GrpcClientProtocolClient.java:onNext(255)) - client-D91E5D1E15CE->f2ba01fc-a63e-4348-bd18-030b60a135e7: receive RaftClientReply:client-D91E5D1E15CE->f2ba01fc-a63e-4348-bd18-030b60a135e7@group-C8C62FEF0626, cid=1317, SUCCESS, logIndex=1855, commits[f2ba01fc-a63e-4348-bd18-030b60a135e7:c1855, eab135d4-a257-4705-b491-6c056b8c5df7:c1852, a4f67574-9018-43e7-8a54-351e98dc3d0a:c1852]
2019-08-23 07:08:57,714 [grpc-default-executor-6] INFO  client.GrpcClientProtocolClient (GrpcClientProtocolClient.java:onNext(255)) - client-D91E5D1E15CE->f2ba01fc-a63e-4348-bd18-030b60a135e7: receive RaftClientReply:client-D91E5D1E15CE->f2ba01fc-a63e-4348-bd18-030b60a135e7@group-C8C62FEF0626, cid=1318, SUCCESS, logIndex=1856, commits[f2ba01fc-a63e-4348-bd18-030b60a135e7:c1856, eab135d4-a257-4705-b491-6c056b8c5df7:c1852, a4f67574-9018-43e7-8a54-351e98dc3d0a:c1852]
2019-08-23 07:08:57,725 | INFO  | DNAudit | user=null | ip=null | op=WRITE_CHUNK {blockData=conID: 2 locID: 102665036605293019 bcsId: 1852} | ret=SUCCESS |  
2019-08-23 07:08:57,725 | INFO  | DNAudit | user=null | ip=null | op=WRITE_CHUNK {blockData=conID: 2 locID: 102665036605293019 bcsId: 1852} | ret=SUCCESS |  
2019-08-23 07:08:57,726 | INFO  | DNAudit | user=null | ip=null | op=PUT_BLOCK {blockData=[blockId=conID: 2 locID: 102665036605293019 bcsId: 0,size=4194304]} | ret=SUCCESS |  
2019-08-23 07:08:57,726 | INFO  | DNAudit | user=null | ip=null | op=PUT_BLOCK {blockData=[blockId=conID: 2 locID: 102665036605293019 bcsId: 0,size=4194304]} | ret=SUCCESS |  
2019-08-23 07:08:57,726 [grpc-default-executor-3] INFO  client.GrpcClientProtocolClient (GrpcClientProtocolClient.java:onNext(255)) - client-D91E5D1E15CE->f2ba01fc-a63e-4348-bd18-030b60a135e7: receive RaftClientReply:client-D91E5D1E15CE->f2ba01fc-a63e-4348-bd18-030b60a135e7@group-C8C62FEF0626, cid=1319, SUCCESS, logIndex=0, commits[f2ba01fc-a63e-4348-bd18-030b60a135e7:c1858, eab135d4-a257-4705-b491-6c056b8c5df7:c1856, a4f67574-9018-43e7-8a54-351e98dc3d0a:c1856]
2019-08-23 07:08:57,732 | INFO  | SCMAudit | user=jenkins1000 | ip=192.168.5.178 | op=ALLOCATE_BLOCK {owner=aaf04d22-10dd-4717-8862-c651bdde72cf, size=4194304, type=RATIS, factor=THREE} | ret=SUCCESS |  
2019-08-23 07:08:57,735 | INFO  | OMAudit | user=jenkins1000 | ip=127.0.0.1 | op=ALLOCATE_BLOCK {volume=vol-0-67663, bucket=bucket-0-68950, key=key-0-26970, dataSize=0, replicationType=null, replicationFactor=null, keyLocationInfo=null, clientID=102665036030476690} | ret=SUCCESS |  
2019-08-23 07:08:57,741 | INFO  | DNAudit | user=null | ip=null | op=WRITE_CHUNK {blockData=conID: 3 locID: 102665036610404828 bcsId: 0} | ret=SUCCESS |  
2019-08-23 07:08:57,743 | INFO  | DNAudit | user=null | ip=null | op=WRITE_CHUNK {blockData=conID: 3 locID: 102665036610404828 bcsId: 0} | ret=SUCCESS |  
2019-08-23 07:08:57,743 | INFO  | DNAudit | user=null | ip=null | op=WRITE_CHUNK {blockData=conID: 3 locID: 102665036610404828 bcsId: 0} | ret=SUCCESS |  
2019-08-23 07:08:57,744 | INFO  | DNAudit | user=null | ip=null | op=WRITE_CHUNK {blockData=conID: 3 locID: 102665036610404828 bcsId: 0} | ret=SUCCESS |  
2019-08-23 07:08:57,745 | INFO  | DNAudit | user=null | ip=null | op=WRITE_CHUNK {blockData=conID: 3 locID: 102665036610404828 bcsId: 0} | ret=SUCCESS |  
2019-08-23 07:08:57,745 | INFO  | DNAudit | user=null | ip=null | op=WRITE_CHUNK {blockData=conID: 3 locID: 102665036610404828 bcsId: 0} | ret=SUCCESS |  
2019-08-23 07:08:57,753 | INFO  | DNAudit | user=null | ip=null | op=WRITE_CHUNK {blockData=conID: 3 locID: 102665036610404828 bcsId: 0} | ret=SUCCESS |  
2019-08-23 07:08:57,754 | INFO  | DNAudit | user=null | ip=null | op=PUT_BLOCK {blockData=[blockId=conID: 3 locID: 102665036610404828 bcsId: 0,size=1048576]} | ret=SUCCESS |  
2019-08-23 07:08:57,754 [grpc-default-executor-3] INFO  client.GrpcClientProtocolClient (GrpcClientProtocolClient.java:onNext(255)) - client-D91E5D1E15CE->f2ba01fc-a63e-4348-bd18-030b60a135e7: receive RaftClientReply:client-D91E5D1E15CE->f2ba01fc-a63e-4348-bd18-030b60a135e7@group-C8C62FEF0626, cid=1320, SUCCESS, logIndex=1859, commits[f2ba01fc-a63e-4348-bd18-030b60a135e7:c1860, eab135d4-a257-4705-b491-6c056b8c5df7:c1858, a4f67574-9018-43e7-8a54-351e98dc3d0a:c1858]
2019-08-23 07:08:57,754 | INFO  | DNAudit | user=null | ip=null | op=WRITE_CHUNK {blockData=conID: 3 locID: 102665036610404828 bcsId: 0} | ret=SUCCESS |  
2019-08-23 07:08:57,754 [grpc-default-executor-3] INFO  client.GrpcClientProtocolClient (GrpcClientProtocolClient.java:onNext(255)) - client-D91E5D1E15CE->f2ba01fc-a63e-4348-bd18-030b60a135e7: receive RaftClientReply:client-D91E5D1E15CE->f2ba01fc-a63e-4348-bd18-030b60a135e7@group-C8C62FEF0626, cid=1321, SUCCESS, logIndex=1860, commits[f2ba01fc-a63e-4348-bd18-030b60a135e7:c1860, eab135d4-a257-4705-b491-6c056b8c5df7:c1858, a4f67574-9018-43e7-8a54-351e98dc3d0a:c1858]
2019-08-23 07:08:57,755 | INFO  | DNAudit | user=null | ip=null | op=PUT_BLOCK {blockData=[blockId=conID: 3 locID: 102665036610404828 bcsId: 0,size=2097152]} | ret=SUCCESS |  
2019-08-23 07:08:57,755 [grpc-default-executor-2] INFO  client.GrpcClientProtocolClient (GrpcClientProtocolClient.java:onNext(255)) - client-D91E5D1E15CE->f2ba01fc-a63e-4348-bd18-030b60a135e7: receive RaftClientReply:client-D91E5D1E15CE->f2ba01fc-a63e-4348-bd18-030b60a135e7@group-C8C62FEF0626, cid=1322, SUCCESS, logIndex=1861, commits[f2ba01fc-a63e-4348-bd18-030b60a135e7:c1861, eab135d4-a257-4705-b491-6c056b8c5df7:c1858, a4f67574-9018-43e7-8a54-351e98dc3d0a:c1858]
2019-08-23 07:08:57,755 [grpc-default-executor-2] INFO  client.GrpcClientProtocolClient (GrpcClientProtocolClient.java:onNext(255)) - client-D91E5D1E15CE->f2ba01fc-a63e-4348-bd18-030b60a135e7: receive RaftClientReply:client-D91E5D1E15CE->f2ba01fc-a63e-4348-bd18-030b60a135e7@group-C8C62FEF0626, cid=1323, SUCCESS, logIndex=1862, commits[f2ba01fc-a63e-4348-bd18-030b60a135e7:c1862, eab135d4-a257-4705-b491-6c056b8c5df7:c1858, a4f67574-9018-43e7-8a54-351e98dc3d0a:c1858]
2019-08-23 07:08:57,756 | INFO  | DNAudit | user=null | ip=null | op=WRITE_CHUNK {blockData=conID: 3 locID: 102665036610404828 bcsId: 0} | ret=SUCCESS |  
2019-08-23 07:08:57,756 | INFO  | DNAudit | user=null | ip=null | op=PUT_BLOCK {blockData=[blockId=conID: 3 locID: 102665036610404828 bcsId: 0,size=1048576]} | ret=SUCCESS |  
2019-08-23 07:08:57,756 | INFO  | DNAudit | user=null | ip=null | op=WRITE_CHUNK {blockData=conID: 3 locID: 102665036610404828 bcsId: 0} | ret=SUCCESS |  
2019-08-23 07:08:57,756 | INFO  | DNAudit | user=null | ip=null | op=PUT_BLOCK {blockData=[blockId=conID: 3 locID: 102665036610404828 bcsId: 0,size=1048576]} | ret=SUCCESS |  
2019-08-23 07:08:57,757 [grpc-default-executor-3] INFO  client.GrpcClientProtocolClient (GrpcClientProtocolClient.java:onNext(255)) - client-D91E5D1E15CE->f2ba01fc-a63e-4348-bd18-030b60a135e7: receive RaftClientReply:client-D91E5D1E15CE->f2ba01fc-a63e-4348-bd18-030b60a135e7@group-C8C62FEF0626, cid=1324, SUCCESS, logIndex=0, commits[f2ba01fc-a63e-4348-bd18-030b60a135e7:c1864, eab135d4-a257-4705-b491-6c056b8c5df7:c1860, a4f67574-9018-43e7-8a54-351e98dc3d0a:c1860]
2019-08-23 07:08:57,757 | INFO  | DNAudit | user=null | ip=null | op=WRITE_CHUNK {blockData=conID: 3 locID: 102665036610404828 bcsId: 0} | ret=SUCCESS |  
2019-08-23 07:08:57,757 | INFO  | DNAudit | user=null | ip=null | op=PUT_BLOCK {blockData=[blockId=conID: 3 locID: 102665036610404828 bcsId: 0,size=2097152]} | ret=SUCCESS |  
2019-08-23 07:08:57,758 | INFO  | DNAudit | user=null | ip=null | op=WRITE_CHUNK {blockData=conID: 3 locID: 102665036610404828 bcsId: 0} | ret=SUCCESS |  
2019-08-23 07:08:57,758 | INFO  | DNAudit | user=null | ip=null | op=PUT_BLOCK {blockData=[blockId=conID: 3 locID: 102665036610404828 bcsId: 0,size=2097152]} | ret=SUCCESS |  
2019-08-23 07:08:57,762 | INFO  | DNAudit | user=null | ip=null | op=WRITE_CHUNK {blockData=conID: 3 locID: 102665036610404828 bcsId: 1862} | ret=SUCCESS |  
2019-08-23 07:08:57,765 | INFO  | DNAudit | user=null | ip=null | op=WRITE_CHUNK {blockData=conID: 3 locID: 102665036610404828 bcsId: 1862} | ret=SUCCESS |  
2019-08-23 07:08:57,765 | INFO  | DNAudit | user=null | ip=null | op=WRITE_CHUNK {blockData=conID: 3 locID: 102665036610404828 bcsId: 1862} | ret=SUCCESS |  
2019-08-23 07:08:57,775 | INFO  | DNAudit | user=null | ip=null | op=WRITE_CHUNK {blockData=conID: 3 locID: 102665036610404828 bcsId: 1862} | ret=SUCCESS |  
2019-08-23 07:08:57,775 | INFO  | DNAudit | user=null | ip=null | op=PUT_BLOCK {blockData=[blockId=conID: 3 locID: 102665036610404828 bcsId: 0,size=3145728]} | ret=SUCCESS |  
2019-08-23 07:08:57,775 [grpc-default-executor-3] INFO  client.GrpcClientProtocolClient (GrpcClientProtocolClient.java:onNext(255)) - client-D91E5D1E15CE->f2ba01fc-a63e-4348-bd18-030b60a135e7: receive RaftClientReply:client-D91E5D1E15CE->f2ba01fc-a63e-4348-bd18-030b60a135e7@group-C8C62FEF0626, cid=1325, SUCCESS, logIndex=1867, commits[f2ba01fc-a63e-4348-bd18-030b60a135e7:c1868, eab135d4-a257-4705-b491-6c056b8c5df7:c1866, a4f67574-9018-43e7-8a54-351e98dc3d0a:c1866]
2019-08-23 07:08:57,776 [grpc-default-executor-3] INFO  client.GrpcClientProtocolClient (GrpcClientProtocolClient.java:onNext(255)) - client-D91E5D1E15CE->f2ba01fc-a63e-4348-bd18-030b60a135e7: receive RaftClientReply:client-D91E5D1E15CE->f2ba01fc-a63e-4348-bd18-030b60a135e7@group-C8C62FEF0626, cid=1326, SUCCESS, logIndex=1868, commits[f2ba01fc-a63e-4348-bd18-030b60a135e7:c1868, eab135d4-a257-4705-b491-6c056b8c5df7:c1866, a4f67574-9018-43e7-8a54-351e98dc3d0a:c1866]
2019-08-23 07:08:57,782 | INFO  | DNAudit | user=null | ip=null | op=WRITE_CHUNK {blockData=conID: 3 locID: 102665036610404828 bcsId: 1868} | ret=SUCCESS |  
2019-08-23 07:08:57,786 | INFO  | DNAudit | user=null | ip=null | op=WRITE_CHUNK {blockData=conID: 3 locID: 102665036610404828 bcsId: 1862} | ret=SUCCESS |  
2019-08-23 07:08:57,786 | INFO  | DNAudit | user=null | ip=null | op=WRITE_CHUNK {blockData=conID: 3 locID: 102665036610404828 bcsId: 1868} | ret=SUCCESS |  
2019-08-23 07:08:57,786 | INFO  | DNAudit | user=null | ip=null | op=WRITE_CHUNK {blockData=conID: 3 locID: 102665036610404828 bcsId: 1862} | ret=SUCCESS |  
2019-08-23 07:08:57,787 | INFO  | DNAudit | user=null | ip=null | op=PUT_BLOCK {blockData=[blockId=conID: 3 locID: 102665036610404828 bcsId: 0,size=3145728]} | ret=SUCCESS |  
2019-08-23 07:08:57,788 | INFO  | DNAudit | user=null | ip=null | op=PUT_BLOCK {blockData=[blockId=conID: 3 locID: 102665036610404828 bcsId: 0,size=3145728]} | ret=SUCCESS |  
2019-08-23 07:08:57,789 | INFO  | DNAudit | user=null | ip=null | op=WRITE_CHUNK {blockData=conID: 3 locID: 102665036610404828 bcsId: 1868} | ret=SUCCESS |  
2019-08-23 07:08:57,789 | INFO  | DNAudit | user=null | ip=null | op=PUT_BLOCK {blockData=[blockId=conID: 3 locID: 102665036610404828 bcsId: 0,size=4194304]} | ret=SUCCESS |  
2019-08-23 07:08:57,790 [grpc-default-executor-3] INFO  client.GrpcClientProtocolClient (GrpcClientProtocolClient.java:onNext(255)) - client-D91E5D1E15CE->f2ba01fc-a63e-4348-bd18-030b60a135e7: receive RaftClientReply:client-D91E5D1E15CE->f2ba01fc-a63e-4348-bd18-030b60a135e7@group-C8C62FEF0626, cid=1327, SUCCESS, logIndex=1871, commits[f2ba01fc-a63e-4348-bd18-030b60a135e7:c1872, eab135d4-a257-4705-b491-6c056b8c5df7:c1868, a4f67574-9018-43e7-8a54-351e98dc3d0a:c1868]
2019-08-23 07:08:57,790 [grpc-default-executor-3] INFO  client.GrpcClientProtocolClient (GrpcClientProtocolClient.java:onNext(255)) - client-D91E5D1E15CE->f2ba01fc-a63e-4348-bd18-030b60a135e7: receive RaftClientReply:client-D91E5D1E15CE->f2ba01fc-a63e-4348-bd18-030b60a135e7@group-C8C62FEF0626, cid=1328, SUCCESS, logIndex=1872, commits[f2ba01fc-a63e-4348-bd18-030b60a135e7:c1872, eab135d4-a257-4705-b491-6c056b8c5df7:c1868, a4f67574-9018-43e7-8a54-351e98dc3d0a:c1868]
2019-08-23 07:08:57,792 | INFO  | DNAudit | user=null | ip=null | op=WRITE_CHUNK {blockData=conID: 3 locID: 102665036610404828 bcsId: 1868} | ret=SUCCESS |  
2019-08-23 07:08:57,801 | INFO  | DNAudit | user=null | ip=null | op=WRITE_CHUNK {blockData=conID: 3 locID: 102665036610404828 bcsId: 1868} | ret=SUCCESS |  
2019-08-23 07:08:57,801 | INFO  | DNAudit | user=null | ip=null | op=WRITE_CHUNK {blockData=conID: 3 locID: 102665036610404828 bcsId: 1868} | ret=SUCCESS |  
2019-08-23 07:08:57,801 | INFO  | DNAudit | user=null | ip=null | op=PUT_BLOCK {blockData=[blockId=conID: 3 locID: 102665036610404828 bcsId: 0,size=4194304]} | ret=SUCCESS |  
2019-08-23 07:08:57,801 | INFO  | DNAudit | user=null | ip=null | op=PUT_BLOCK {blockData=[blockId=conID: 3 locID: 102665036610404828 bcsId: 0,size=4194304]} | ret=SUCCESS |  
2019-08-23 07:08:57,801 [grpc-default-executor-2] INFO  client.GrpcClientProtocolClient (GrpcClientProtocolClient.java:onNext(255)) - client-D91E5D1E15CE->f2ba01fc-a63e-4348-bd18-030b60a135e7: receive RaftClientReply:client-D91E5D1E15CE->f2ba01fc-a63e-4348-bd18-030b60a135e7@group-C8C62FEF0626, cid=1329, SUCCESS, logIndex=0, commits[f2ba01fc-a63e-4348-bd18-030b60a135e7:c1872, eab135d4-a257-4705-b491-6c056b8c5df7:c1872, a4f67574-9018-43e7-8a54-351e98dc3d0a:c1872]
2019-08-23 07:08:57,805 | INFO  | SCMAudit | user=jenkins1000 | ip=192.168.5.178 | op=ALLOCATE_BLOCK {owner=aaf04d22-10dd-4717-8862-c651bdde72cf, size=4194304, type=RATIS, factor=THREE} | ret=SUCCESS |  
2019-08-23 07:08:57,807 | INFO  | OMAudit | user=jenkins1000 | ip=127.0.0.1 | op=ALLOCATE_BLOCK {volume=vol-0-67663, bucket=bucket-0-68950, key=key-0-26970, dataSize=0, replicationType=null, replicationFactor=null, keyLocationInfo=null, clientID=102665036030476690} | ret=SUCCESS |  
2019-08-23 07:08:57,814 | INFO  | DNAudit | user=null | ip=null | op=WRITE_CHUNK {blockData=conID: 1 locID: 102665036615188957 bcsId: 0} | ret=SUCCESS |  
2019-08-23 07:08:57,816 | INFO  | DNAudit | user=null | ip=null | op=WRITE_CHUNK {blockData=conID: 1 locID: 102665036615188957 bcsId: 0} | ret=SUCCESS |  
2019-08-23 07:08:57,817 | INFO  | DNAudit | user=null | ip=null | op=WRITE_CHUNK {blockData=conID: 1 locID: 102665036615188957 bcsId: 0} | ret=SUCCESS |  
2019-08-23 07:08:57,817 | INFO  | DNAudit | user=null | ip=null | op=WRITE_CHUNK {blockData=conID: 1 locID: 102665036615188957 bcsId: 0} | ret=SUCCESS |  
2019-08-23 07:08:57,818 | INFO  | DNAudit | user=null | ip=null | op=WRITE_CHUNK {blockData=conID: 1 locID: 102665036615188957 bcsId: 0} | ret=SUCCESS |  
2019-08-23 07:08:57,819 | INFO  | DNAudit | user=null | ip=null | op=WRITE_CHUNK {blockData=conID: 1 locID: 102665036615188957 bcsId: 0} | ret=SUCCESS |  
2019-08-23 07:08:57,826 | INFO  | DNAudit | user=null | ip=null | op=WRITE_CHUNK {blockData=conID: 1 locID: 102665036615188957 bcsId: 0} | ret=SUCCESS |  
2019-08-23 07:08:57,826 | INFO  | DNAudit | user=null | ip=null | op=PUT_BLOCK {blockData=[blockId=conID: 1 locID: 102665036615188957 bcsId: 0,size=1048576]} | ret=SUCCESS |  
2019-08-23 07:08:57,827 | INFO  | DNAudit | user=null | ip=null | op=WRITE_CHUNK {blockData=conID: 1 locID: 102665036615188957 bcsId: 0} | ret=SUCCESS |  
2019-08-23 07:08:57,826 [grpc-default-executor-3] INFO  client.GrpcClientProtocolClient (GrpcClientProtocolClient.java:onNext(255)) - client-D91E5D1E15CE->f2ba01fc-a63e-4348-bd18-030b60a135e7: receive RaftClientReply:client-D91E5D1E15CE->f2ba01fc-a63e-4348-bd18-030b60a135e7@group-C8C62FEF0626, cid=1330, SUCCESS, logIndex=1874, commits[f2ba01fc-a63e-4348-bd18-030b60a135e7:c1876, eab135d4-a257-4705-b491-6c056b8c5df7:c1873, a4f67574-9018-43e7-8a54-351e98dc3d0a:c1873]
2019-08-23 07:08:57,827 | INFO  | DNAudit | user=null | ip=null | op=PUT_BLOCK {blockData=[blockId=conID: 1 locID: 102665036615188957 bcsId: 0,size=2097152]} | ret=SUCCESS |  
2019-08-23 07:08:57,827 [grpc-default-executor-3] INFO  client.GrpcClientProtocolClient (GrpcClientProtocolClient.java:onNext(255)) - client-D91E5D1E15CE->f2ba01fc-a63e-4348-bd18-030b60a135e7: receive RaftClientReply:client-D91E5D1E15CE->f2ba01fc-a63e-4348-bd18-030b60a135e7@group-C8C62FEF0626, cid=1331, SUCCESS, logIndex=1875, commits[f2ba01fc-a63e-4348-bd18-030b60a135e7:c1877, eab135d4-a257-4705-b491-6c056b8c5df7:c1873, a4f67574-9018-43e7-8a54-351e98dc3d0a:c1873]
2019-08-23 07:08:57,827 [grpc-default-executor-3] INFO  client.GrpcClientProtocolClient (GrpcClientProtocolClient.java:onNext(255)) - client-D91E5D1E15CE->f2ba01fc-a63e-4348-bd18-030b60a135e7: receive RaftClientReply:client-D91E5D1E15CE->f2ba01fc-a63e-4348-bd18-030b60a135e7@group-C8C62FEF0626, cid=1332, SUCCESS, logIndex=1876, commits[f2ba01fc-a63e-4348-bd18-030b60a135e7:c1877, eab135d4-a257-4705-b491-6c056b8c5df7:c1873, a4f67574-9018-43e7-8a54-351e98dc3d0a:c1873]
2019-08-23 07:08:57,827 [grpc-default-executor-3] INFO  client.GrpcClientProtocolClient (GrpcClientProtocolClient.java:onNext(255)) - client-D91E5D1E15CE->f2ba01fc-a63e-4348-bd18-030b60a135e7: receive RaftClientReply:client-D91E5D1E15CE->f2ba01fc-a63e-4348-bd18-030b60a135e7@group-C8C62FEF0626, cid=1333, SUCCESS, logIndex=1877, commits[f2ba01fc-a63e-4348-bd18-030b60a135e7:c1877, eab135d4-a257-4705-b491-6c056b8c5df7:c1873, a4f67574-9018-43e7-8a54-351e98dc3d0a:c1873]
2019-08-23 07:08:57,837 | INFO  | DNAudit | user=null | ip=null | op=WRITE_CHUNK {blockData=conID: 1 locID: 102665036615188957 bcsId: 0} | ret=SUCCESS |  
2019-08-23 07:08:57,838 | INFO  | DNAudit | user=null | ip=null | op=WRITE_CHUNK {blockData=conID: 1 locID: 102665036615188957 bcsId: 0} | ret=SUCCESS |  
2019-08-23 07:08:57,838 | INFO  | DNAudit | user=null | ip=null | op=PUT_BLOCK {blockData=[blockId=conID: 1 locID: 102665036615188957 bcsId: 0,size=1048576]} | ret=SUCCESS |  
2019-08-23 07:08:57,838 | INFO  | DNAudit | user=null | ip=null | op=WRITE_CHUNK {blockData=conID: 1 locID: 102665036615188957 bcsId: 0} | ret=SUCCESS |  
2019-08-23 07:08:57,839 | INFO  | DNAudit | user=null | ip=null | op=PUT_BLOCK {blockData=[blockId=conID: 1 locID: 102665036615188957 bcsId: 0,size=2097152]} | ret=SUCCESS |  
2019-08-23 07:08:57,839 | INFO  | DNAudit | user=null | ip=null | op=PUT_BLOCK {blockData=[blockId=conID: 1 locID: 102665036615188957 bcsId: 0,size=1048576]} | ret=SUCCESS |  
2019-08-23 07:08:57,839 | INFO  | DNAudit | user=null | ip=null | op=WRITE_CHUNK {blockData=conID: 1 locID: 102665036615188957 bcsId: 0} | ret=SUCCESS |  
2019-08-23 07:08:57,839 | INFO  | DNAudit | user=null | ip=null | op=PUT_BLOCK {blockData=[blockId=conID: 1 locID: 102665036615188957 bcsId: 0,size=2097152]} | ret=SUCCESS |  
2019-08-23 07:08:57,839 [grpc-default-executor-3] INFO  client.GrpcClientProtocolClient (GrpcClientProtocolClient.java:onNext(255)) - client-D91E5D1E15CE->f2ba01fc-a63e-4348-bd18-030b60a135e7: receive RaftClientReply:client-D91E5D1E15CE->f2ba01fc-a63e-4348-bd18-030b60a135e7@group-C8C62FEF0626, cid=1334, SUCCESS, logIndex=0, commits[f2ba01fc-a63e-4348-bd18-030b60a135e7:c1881, eab135d4-a257-4705-b491-6c056b8c5df7:c1877, a4f67574-9018-43e7-8a54-351e98dc3d0a:c1875]
2019-08-23 07:08:57,845 | INFO  | DNAudit | user=null | ip=null | op=WRITE_CHUNK {blockData=conID: 1 locID: 102665036615188957 bcsId: 1877} | ret=SUCCESS |  
2019-08-23 07:08:57,848 | INFO  | DNAudit | user=null | ip=null | op=WRITE_CHUNK {blockData=conID: 1 locID: 102665036615188957 bcsId: 1877} | ret=SUCCESS |  
2019-08-23 07:08:57,848 | INFO  | DNAudit | user=null | ip=null | op=WRITE_CHUNK {blockData=conID: 1 locID: 102665036615188957 bcsId: 1877} | ret=SUCCESS |  
2019-08-23 07:08:57,850 | INFO  | DNAudit | user=null | ip=null | op=WRITE_CHUNK {blockData=conID: 1 locID: 102665036615188957 bcsId: 1877} | ret=SUCCESS |  
2019-08-23 07:08:57,851 | INFO  | DNAudit | user=null | ip=null | op=PUT_BLOCK {blockData=[blockId=conID: 1 locID: 102665036615188957 bcsId: 0,size=3145728]} | ret=SUCCESS |  
2019-08-23 07:08:57,851 [grpc-default-executor-6] INFO  client.GrpcClientProtocolClient (GrpcClientProtocolClient.java:onNext(255)) - client-D91E5D1E15CE->f2ba01fc-a63e-4348-bd18-030b60a135e7: receive RaftClientReply:client-D91E5D1E15CE->f2ba01fc-a63e-4348-bd18-030b60a135e7@group-C8C62FEF0626, cid=1335, SUCCESS, logIndex=1882, commits[f2ba01fc-a63e-4348-bd18-030b60a135e7:c1883, eab135d4-a257-4705-b491-6c056b8c5df7:c1881, a4f67574-9018-43e7-8a54-351e98dc3d0a:c1877]
2019-08-23 07:08:57,851 [grpc-default-executor-6] INFO  client.GrpcClientProtocolClient (GrpcClientProtocolClient.java:onNext(255)) - client-D91E5D1E15CE->f2ba01fc-a63e-4348-bd18-030b60a135e7: receive RaftClientReply:client-D91E5D1E15CE->f2ba01fc-a63e-4348-bd18-030b60a135e7@group-C8C62FEF0626, cid=1336, SUCCESS, logIndex=1883, commits[f2ba01fc-a63e-4348-bd18-030b60a135e7:c1883, eab135d4-a257-4705-b491-6c056b8c5df7:c1881, a4f67574-9018-43e7-8a54-351e98dc3d0a:c1881]
2019-08-23 07:08:57,851 | INFO  | DNAudit | user=null | ip=null | op=WRITE_CHUNK {blockData=conID: 1 locID: 102665036615188957 bcsId: 1877} | ret=SUCCESS |  
2019-08-23 07:08:57,851 | INFO  | DNAudit | user=null | ip=null | op=WRITE_CHUNK {blockData=conID: 1 locID: 102665036615188957 bcsId: 1877} | ret=SUCCESS |  
2019-08-23 07:08:57,852 | INFO  | DNAudit | user=null | ip=null | op=PUT_BLOCK {blockData=[blockId=conID: 1 locID: 102665036615188957 bcsId: 0,size=3145728]} | ret=SUCCESS |  
2019-08-23 07:08:57,853 | INFO  | DNAudit | user=null | ip=null | op=PUT_BLOCK {blockData=[blockId=conID: 1 locID: 102665036615188957 bcsId: 0,size=3145728]} | ret=SUCCESS |  
2019-08-23 07:08:57,857 | INFO  | DNAudit | user=null | ip=null | op=WRITE_CHUNK {blockData=conID: 1 locID: 102665036615188957 bcsId: 1883} | ret=SUCCESS |  
2019-08-23 07:08:57,860 | INFO  | DNAudit | user=null | ip=null | op=WRITE_CHUNK {blockData=conID: 1 locID: 102665036615188957 bcsId: 1883} | ret=SUCCESS |  
2019-08-23 07:08:57,860 | INFO  | DNAudit | user=null | ip=null | op=WRITE_CHUNK {blockData=conID: 1 locID: 102665036615188957 bcsId: 1883} | ret=SUCCESS |  
2019-08-23 07:08:57,874 | INFO  | DNAudit | user=null | ip=null | op=WRITE_CHUNK {blockData=conID: 1 locID: 102665036615188957 bcsId: 1883} | ret=SUCCESS |  
2019-08-23 07:08:57,874 | INFO  | DNAudit | user=null | ip=null | op=PUT_BLOCK {blockData=[blockId=conID: 1 locID: 102665036615188957 bcsId: 0,size=4194304]} | ret=SUCCESS |  
2019-08-23 07:08:57,874 [grpc-default-executor-2] INFO  client.GrpcClientProtocolClient (GrpcClientProtocolClient.java:onNext(255)) - client-D91E5D1E15CE->f2ba01fc-a63e-4348-bd18-030b60a135e7: receive RaftClientReply:client-D91E5D1E15CE->f2ba01fc-a63e-4348-bd18-030b60a135e7@group-C8C62FEF0626, cid=1337, SUCCESS, logIndex=1886, commits[f2ba01fc-a63e-4348-bd18-030b60a135e7:c1887, eab135d4-a257-4705-b491-6c056b8c5df7:c1885, a4f67574-9018-43e7-8a54-351e98dc3d0a:c1885]
2019-08-23 07:08:57,874 [grpc-default-executor-2] INFO  client.GrpcClientProtocolClient (GrpcClientProtocolClient.java:onNext(255)) - client-D91E5D1E15CE->f2ba01fc-a63e-4348-bd18-030b60a135e7: receive RaftClientReply:client-D91E5D1E15CE->f2ba01fc-a63e-4348-bd18-030b60a135e7@group-C8C62FEF0626, cid=1338, SUCCESS, logIndex=1887, commits[f2ba01fc-a63e-4348-bd18-030b60a135e7:c1887, eab135d4-a257-4705-b491-6c056b8c5df7:c1885, a4f67574-9018-43e7-8a54-351e98dc3d0a:c1885]
2019-08-23 07:08:57,886 | INFO  | DNAudit | user=null | ip=null | op=WRITE_CHUNK {blockData=conID: 1 locID: 102665036615188957 bcsId: 1883} | ret=SUCCESS |  
2019-08-23 07:08:57,886 | INFO  | DNAudit | user=null | ip=null | op=WRITE_CHUNK {blockData=conID: 1 locID: 102665036615188957 bcsId: 1883} | ret=SUCCESS |  
2019-08-23 07:08:57,887 | INFO  | DNAudit | user=null | ip=null | op=PUT_BLOCK {blockData=[blockId=conID: 1 locID: 102665036615188957 bcsId: 0,size=4194304]} | ret=SUCCESS |  
2019-08-23 07:08:57,887 | INFO  | DNAudit | user=null | ip=null | op=PUT_BLOCK {blockData=[blockId=conID: 1 locID: 102665036615188957 bcsId: 0,size=4194304]} | ret=SUCCESS |  
2019-08-23 07:08:57,887 [grpc-default-executor-6] INFO  client.GrpcClientProtocolClient (GrpcClientProtocolClient.java:onNext(255)) - client-D91E5D1E15CE->f2ba01fc-a63e-4348-bd18-030b60a135e7: receive RaftClientReply:client-D91E5D1E15CE->f2ba01fc-a63e-4348-bd18-030b60a135e7@group-C8C62FEF0626, cid=1339, SUCCESS, logIndex=0, commits[f2ba01fc-a63e-4348-bd18-030b60a135e7:c1889, eab135d4-a257-4705-b491-6c056b8c5df7:c1887, a4f67574-9018-43e7-8a54-351e98dc3d0a:c1887]
2019-08-23 07:08:57,892 | INFO  | SCMAudit | user=jenkins1000 | ip=192.168.5.178 | op=ALLOCATE_BLOCK {owner=aaf04d22-10dd-4717-8862-c651bdde72cf, size=4194304, type=RATIS, factor=THREE} | ret=SUCCESS |  
2019-08-23 07:08:57,894 | INFO  | OMAudit | user=jenkins1000 | ip=127.0.0.1 | op=ALLOCATE_BLOCK {volume=vol-0-67663, bucket=bucket-0-68950, key=key-0-26970, dataSize=0, replicationType=null, replicationFactor=null, keyLocationInfo=null, clientID=102665036030476690} | ret=SUCCESS |  
2019-08-23 07:08:57,901 | INFO  | DNAudit | user=null | ip=null | op=WRITE_CHUNK {blockData=conID: 2 locID: 102665036620825054 bcsId: 0} | ret=SUCCESS |  
2019-08-23 07:08:57,903 | INFO  | DNAudit | user=null | ip=null | op=WRITE_CHUNK {blockData=conID: 2 locID: 102665036620825054 bcsId: 0} | ret=SUCCESS |  
2019-08-23 07:08:57,904 | INFO  | DNAudit | user=null | ip=null | op=WRITE_CHUNK {blockData=conID: 2 locID: 102665036620825054 bcsId: 0} | ret=SUCCESS |  
2019-08-23 07:08:57,904 | INFO  | DNAudit | user=null | ip=null | op=WRITE_CHUNK {blockData=conID: 2 locID: 102665036620825054 bcsId: 0} | ret=SUCCESS |  
2019-08-23 07:08:57,905 | INFO  | DNAudit | user=null | ip=null | op=WRITE_CHUNK {blockData=conID: 2 locID: 102665036620825054 bcsId: 0} | ret=SUCCESS |  
2019-08-23 07:08:57,905 | INFO  | DNAudit | user=null | ip=null | op=WRITE_CHUNK {blockData=conID: 2 locID: 102665036620825054 bcsId: 0} | ret=SUCCESS |  
2019-08-23 07:08:57,913 | INFO  | DNAudit | user=null | ip=null | op=WRITE_CHUNK {blockData=conID: 2 locID: 102665036620825054 bcsId: 0} | ret=SUCCESS |  
2019-08-23 07:08:57,914 | INFO  | DNAudit | user=null | ip=null | op=PUT_BLOCK {blockData=[blockId=conID: 2 locID: 102665036620825054 bcsId: 0,size=1048576]} | ret=SUCCESS |  
2019-08-23 07:08:57,914 [grpc-default-executor-6] INFO  client.GrpcClientProtocolClient (GrpcClientProtocolClient.java:onNext(255)) - client-D91E5D1E15CE->f2ba01fc-a63e-4348-bd18-030b60a135e7: receive RaftClientReply:client-D91E5D1E15CE->f2ba01fc-a63e-4348-bd18-030b60a135e7@group-C8C62FEF0626, cid=1340, SUCCESS, logIndex=1890, commits[f2ba01fc-a63e-4348-bd18-030b60a135e7:c1892, eab135d4-a257-4705-b491-6c056b8c5df7:c1889, a4f67574-9018-43e7-8a54-351e98dc3d0a:c1889]
2019-08-23 07:08:57,914 | INFO  | DNAudit | user=null | ip=null | op=WRITE_CHUNK {blockData=conID: 2 locID: 102665036620825054 bcsId: 0} | ret=SUCCESS |  
2019-08-23 07:08:57,914 | INFO  | DNAudit | user=null | ip=null | op=PUT_BLOCK {blockData=[blockId=conID: 2 locID: 102665036620825054 bcsId: 0,size=2097152]} | ret=SUCCESS |  
2019-08-23 07:08:57,914 [grpc-default-executor-6] INFO  client.GrpcClientProtocolClient (GrpcClientProtocolClient.java:onNext(255)) - client-D91E5D1E15CE->f2ba01fc-a63e-4348-bd18-030b60a135e7: receive RaftClientReply:client-D91E5D1E15CE->f2ba01fc-a63e-4348-bd18-030b60a135e7@group-C8C62FEF0626, cid=1341, SUCCESS, logIndex=1891, commits[f2ba01fc-a63e-4348-bd18-030b60a135e7:c1893, eab135d4-a257-4705-b491-6c056b8c5df7:c1889, a4f67574-9018-43e7-8a54-351e98dc3d0a:c1889]
2019-08-23 07:08:57,915 | INFO  | DNAudit | user=null | ip=null | op=WRITE_CHUNK {blockData=conID: 2 locID: 102665036620825054 bcsId: 0} | ret=SUCCESS |  
2019-08-23 07:08:57,915 [grpc-default-executor-6] INFO  client.GrpcClientProtocolClient (GrpcClientProtocolClient.java:onNext(255)) - client-D91E5D1E15CE->f2ba01fc-a63e-4348-bd18-030b60a135e7: receive RaftClientReply:client-D91E5D1E15CE->f2ba01fc-a63e-4348-bd18-030b60a135e7@group-C8C62FEF0626, cid=1342, SUCCESS, logIndex=1892, commits[f2ba01fc-a63e-4348-bd18-030b60a135e7:c1893, eab135d4-a257-4705-b491-6c056b8c5df7:c1889, a4f67574-9018-43e7-8a54-351e98dc3d0a:c1889]
2019-08-23 07:08:57,915 | INFO  | DNAudit | user=null | ip=null | op=WRITE_CHUNK {blockData=conID: 2 locID: 102665036620825054 bcsId: 0} | ret=SUCCESS |  
2019-08-23 07:08:57,915 [grpc-default-executor-6] INFO  client.GrpcClientProtocolClient (GrpcClientProtocolClient.java:onNext(255)) - client-D91E5D1E15CE->f2ba01fc-a63e-4348-bd18-030b60a135e7: receive RaftClientReply:client-D91E5D1E15CE->f2ba01fc-a63e-4348-bd18-030b60a135e7@group-C8C62FEF0626, cid=1343, SUCCESS, logIndex=1893, commits[f2ba01fc-a63e-4348-bd18-030b60a135e7:c1893, eab135d4-a257-4705-b491-6c056b8c5df7:c1889, a4f67574-9018-43e7-8a54-351e98dc3d0a:c1889]
2019-08-23 07:08:57,915 | INFO  | DNAudit | user=null | ip=null | op=PUT_BLOCK {blockData=[blockId=conID: 2 locID: 102665036620825054 bcsId: 0,size=1048576]} | ret=SUCCESS |  
2019-08-23 07:08:57,915 | INFO  | DNAudit | user=null | ip=null | op=PUT_BLOCK {blockData=[blockId=conID: 2 locID: 102665036620825054 bcsId: 0,size=1048576]} | ret=SUCCESS |  
2019-08-23 07:08:57,916 [grpc-default-executor-6] INFO  client.GrpcClientProtocolClient (GrpcClientProtocolClient.java:onNext(255)) - client-D91E5D1E15CE->f2ba01fc-a63e-4348-bd18-030b60a135e7: receive RaftClientReply:client-D91E5D1E15CE->f2ba01fc-a63e-4348-bd18-030b60a135e7@group-C8C62FEF0626, cid=1344, SUCCESS, logIndex=0, commits[f2ba01fc-a63e-4348-bd18-030b60a135e7:c1894, eab135d4-a257-4705-b491-6c056b8c5df7:c1891, a4f67574-9018-43e7-8a54-351e98dc3d0a:c1891]
2019-08-23 07:08:57,916 | INFO  | DNAudit | user=null | ip=null | op=WRITE_CHUNK {blockData=conID: 2 locID: 102665036620825054 bcsId: 0} | ret=SUCCESS |  
2019-08-23 07:08:57,916 | INFO  | DNAudit | user=null | ip=null | op=WRITE_CHUNK {blockData=conID: 2 locID: 102665036620825054 bcsId: 0} | ret=SUCCESS |  
2019-08-23 07:08:57,916 | INFO  | DNAudit | user=null | ip=null | op=PUT_BLOCK {blockData=[blockId=conID: 2 locID: 102665036620825054 bcsId: 0,size=2097152]} | ret=SUCCESS |  
2019-08-23 07:08:57,916 | INFO  | DNAudit | user=null | ip=null | op=PUT_BLOCK {blockData=[blockId=conID: 2 locID: 102665036620825054 bcsId: 0,size=2097152]} | ret=SUCCESS |  
2019-08-23 07:08:57,922 | INFO  | DNAudit | user=null | ip=null | op=WRITE_CHUNK {blockData=conID: 2 locID: 102665036620825054 bcsId: 1893} | ret=SUCCESS |  
 0.00% |█                                                                                                    |  0/1 Time: 0:00:092019-08-23 07:08:58,005 | INFO  | SCMAudit | user=jenkins1000 | ip=192.168.5.178 | op=SEND_HEARTBEAT {datanodeUUID=5c311bc2-cc7c-45de-998f-f79499d85d4e, command=[]} | ret=SUCCESS |  
2019-08-23 07:08:58,008 | INFO  | DNAudit | user=null | ip=null | op=WRITE_CHUNK {blockData=conID: 2 locID: 102665036620825054 bcsId: 1893} | ret=SUCCESS |  
2019-08-23 07:08:58,008 | INFO  | DNAudit | user=null | ip=null | op=WRITE_CHUNK {blockData=conID: 2 locID: 102665036620825054 bcsId: 1893} | ret=SUCCESS |  
2019-08-23 07:08:58,019 | INFO  | DNAudit | user=null | ip=null | op=WRITE_CHUNK {blockData=conID: 2 locID: 102665036620825054 bcsId: 1893} | ret=SUCCESS |  
2019-08-23 07:08:58,020 | INFO  | DNAudit | user=null | ip=null | op=PUT_BLOCK {blockData=[blockId=conID: 2 locID: 102665036620825054 bcsId: 0,size=3145728]} | ret=SUCCESS |  
2019-08-23 07:08:58,020 [grpc-default-executor-3] INFO  client.GrpcClientProtocolClient (GrpcClientProtocolClient.java:onNext(255)) - client-D91E5D1E15CE->f2ba01fc-a63e-4348-bd18-030b60a135e7: receive RaftClientReply:client-D91E5D1E15CE->f2ba01fc-a63e-4348-bd18-030b60a135e7@group-C8C62FEF0626, cid=1345, SUCCESS, logIndex=1898, commits[f2ba01fc-a63e-4348-bd18-030b60a135e7:c1899, eab135d4-a257-4705-b491-6c056b8c5df7:c1897, a4f67574-9018-43e7-8a54-351e98dc3d0a:c1897]
2019-08-23 07:08:58,021 | INFO  | DNAudit | user=null | ip=null | op=WRITE_CHUNK {blockData=conID: 2 locID: 102665036620825054 bcsId: 1893} | ret=SUCCESS |  
2019-08-23 07:08:58,021 [grpc-default-executor-3] INFO  client.GrpcClientProtocolClient (GrpcClientProtocolClient.java:onNext(255)) - client-D91E5D1E15CE->f2ba01fc-a63e-4348-bd18-030b60a135e7: receive RaftClientReply:client-D91E5D1E15CE->f2ba01fc-a63e-4348-bd18-030b60a135e7@group-C8C62FEF0626, cid=1346, SUCCESS, logIndex=1899, commits[f2ba01fc-a63e-4348-bd18-030b60a135e7:c1899, eab135d4-a257-4705-b491-6c056b8c5df7:c1897, a4f67574-9018-43e7-8a54-351e98dc3d0a:c1897]
2019-08-23 07:08:58,021 | INFO  | DNAudit | user=null | ip=null | op=PUT_BLOCK {blockData=[blockId=conID: 2 locID: 102665036620825054 bcsId: 0,size=3145728]} | ret=SUCCESS |  
2019-08-23 07:08:58,021 | INFO  | DNAudit | user=null | ip=null | op=WRITE_CHUNK {blockData=conID: 2 locID: 102665036620825054 bcsId: 1893} | ret=SUCCESS |  
2019-08-23 07:08:58,021 | INFO  | DNAudit | user=null | ip=null | op=PUT_BLOCK {blockData=[blockId=conID: 2 locID: 102665036620825054 bcsId: 0,size=3145728]} | ret=SUCCESS |  
2019-08-23 07:08:58,027 | INFO  | DNAudit | user=null | ip=null | op=WRITE_CHUNK {blockData=conID: 2 locID: 102665036620825054 bcsId: 1899} | ret=SUCCESS |  
2019-08-23 07:08:58,029 | INFO  | DNAudit | user=null | ip=null | op=WRITE_CHUNK {blockData=conID: 2 locID: 102665036620825054 bcsId: 1899} | ret=SUCCESS |  
2019-08-23 07:08:58,030 | INFO  | DNAudit | user=null | ip=null | op=WRITE_CHUNK {blockData=conID: 2 locID: 102665036620825054 bcsId: 1899} | ret=SUCCESS |  
2019-08-23 07:08:58,040 | INFO  | DNAudit | user=null | ip=null | op=WRITE_CHUNK {blockData=conID: 2 locID: 102665036620825054 bcsId: 1899} | ret=SUCCESS |  
2019-08-23 07:08:58,040 | INFO  | DNAudit | user=null | ip=null | op=PUT_BLOCK {blockData=[blockId=conID: 2 locID: 102665036620825054 bcsId: 0,size=4194304]} | ret=SUCCESS |  
2019-08-23 07:08:58,040 [grpc-default-executor-2] INFO  client.GrpcClientProtocolClient (GrpcClientProtocolClient.java:onNext(255)) - client-D91E5D1E15CE->f2ba01fc-a63e-4348-bd18-030b60a135e7: receive RaftClientReply:client-D91E5D1E15CE->f2ba01fc-a63e-4348-bd18-030b60a135e7@group-C8C62FEF0626, cid=1347, SUCCESS, logIndex=1902, commits[f2ba01fc-a63e-4348-bd18-030b60a135e7:c1903, eab135d4-a257-4705-b491-6c056b8c5df7:c1901, a4f67574-9018-43e7-8a54-351e98dc3d0a:c1901]
2019-08-23 07:08:58,041 [grpc-default-executor-2] INFO  client.GrpcClientProtocolClient (GrpcClientProtocolClient.java:onNext(255)) - client-D91E5D1E15CE->f2ba01fc-a63e-4348-bd18-030b60a135e7: receive RaftClientReply:client-D91E5D1E15CE->f2ba01fc-a63e-4348-bd18-030b60a135e7@group-C8C62FEF0626, cid=1348, SUCCESS, logIndex=1903, commits[f2ba01fc-a63e-4348-bd18-030b60a135e7:c1903, eab135d4-a257-4705-b491-6c056b8c5df7:c1901, a4f67574-9018-43e7-8a54-351e98dc3d0a:c1901]
2019-08-23 07:08:58,052 | INFO  | DNAudit | user=null | ip=null | op=WRITE_CHUNK {blockData=conID: 2 locID: 102665036620825054 bcsId: 1899} | ret=SUCCESS |  
2019-08-23 07:08:58,052 | INFO  | DNAudit | user=null | ip=null | op=WRITE_CHUNK {blockData=conID: 2 locID: 102665036620825054 bcsId: 1899} | ret=SUCCESS |  
2019-08-23 07:08:58,054 | INFO  | DNAudit | user=null | ip=null | op=PUT_BLOCK {blockData=[blockId=conID: 2 locID: 102665036620825054 bcsId: 0,size=4194304]} | ret=SUCCESS |  
2019-08-23 07:08:58,054 | INFO  | DNAudit | user=null | ip=null | op=PUT_BLOCK {blockData=[blockId=conID: 2 locID: 102665036620825054 bcsId: 0,size=4194304]} | ret=SUCCESS |  
2019-08-23 07:08:58,055 [grpc-default-executor-3] INFO  client.GrpcClientProtocolClient (GrpcClientProtocolClient.java:onNext(255)) - client-D91E5D1E15CE->f2ba01fc-a63e-4348-bd18-030b60a135e7: receive RaftClientReply:client-D91E5D1E15CE->f2ba01fc-a63e-4348-bd18-030b60a135e7@group-C8C62FEF0626, cid=1349, SUCCESS, logIndex=0, commits[f2ba01fc-a63e-4348-bd18-030b60a135e7:c1905, eab135d4-a257-4705-b491-6c056b8c5df7:c1903, a4f67574-9018-43e7-8a54-351e98dc3d0a:c1903]
2019-08-23 07:08:58,058 | INFO  | SCMAudit | user=jenkins1000 | ip=192.168.5.178 | op=ALLOCATE_BLOCK {owner=aaf04d22-10dd-4717-8862-c651bdde72cf, size=4194304, type=RATIS, factor=THREE} | ret=SUCCESS |  
2019-08-23 07:08:58,060 | INFO  | OMAudit | user=jenkins1000 | ip=127.0.0.1 | op=ALLOCATE_BLOCK {volume=vol-0-67663, bucket=bucket-0-68950, key=key-0-26970, dataSize=0, replicationType=null, replicationFactor=null, keyLocationInfo=null, clientID=102665036030476690} | ret=SUCCESS |  
2019-08-23 07:08:58,066 | INFO  | DNAudit | user=null | ip=null | op=WRITE_CHUNK {blockData=conID: 3 locID: 102665036631769567 bcsId: 0} | ret=SUCCESS |  
2019-08-23 07:08:58,067 | INFO  | DNAudit | user=null | ip=null | op=WRITE_CHUNK {blockData=conID: 3 locID: 102665036631769567 bcsId: 0} | ret=SUCCESS |  
2019-08-23 07:08:58,068 | INFO  | DNAudit | user=null | ip=null | op=WRITE_CHUNK {blockData=conID: 3 locID: 102665036631769567 bcsId: 0} | ret=SUCCESS |  
2019-08-23 07:08:58,068 | INFO  | DNAudit | user=null | ip=null | op=WRITE_CHUNK {blockData=conID: 3 locID: 102665036631769567 bcsId: 0} | ret=SUCCESS |  
2019-08-23 07:08:58,069 | INFO  | DNAudit | user=null | ip=null | op=WRITE_CHUNK {blockData=conID: 3 locID: 102665036631769567 bcsId: 0} | ret=SUCCESS |  
2019-08-23 07:08:58,070 | INFO  | DNAudit | user=null | ip=null | op=WRITE_CHUNK {blockData=conID: 3 locID: 102665036631769567 bcsId: 0} | ret=SUCCESS |  
2019-08-23 07:08:58,079 | INFO  | DNAudit | user=null | ip=null | op=WRITE_CHUNK {blockData=conID: 3 locID: 102665036631769567 bcsId: 0} | ret=SUCCESS |  
2019-08-23 07:08:58,080 | INFO  | DNAudit | user=null | ip=null | op=PUT_BLOCK {blockData=[blockId=conID: 3 locID: 102665036631769567 bcsId: 0,size=1048576]} | ret=SUCCESS |  
2019-08-23 07:08:58,080 [grpc-default-executor-3] INFO  client.GrpcClientProtocolClient (GrpcClientProtocolClient.java:onNext(255)) - client-D91E5D1E15CE->f2ba01fc-a63e-4348-bd18-030b60a135e7: receive RaftClientReply:client-D91E5D1E15CE->f2ba01fc-a63e-4348-bd18-030b60a135e7@group-C8C62FEF0626, cid=1350, SUCCESS, logIndex=1906, commits[f2ba01fc-a63e-4348-bd18-030b60a135e7:c1907, eab135d4-a257-4705-b491-6c056b8c5df7:c1905, a4f67574-9018-43e7-8a54-351e98dc3d0a:c1905]
2019-08-23 07:08:58,080 | INFO  | DNAudit | user=null | ip=null | op=WRITE_CHUNK {blockData=conID: 3 locID: 102665036631769567 bcsId: 0} | ret=SUCCESS |  
2019-08-23 07:08:58,080 | INFO  | DNAudit | user=null | ip=null | op=PUT_BLOCK {blockData=[blockId=conID: 3 locID: 102665036631769567 bcsId: 0,size=2097152]} | ret=SUCCESS |  
2019-08-23 07:08:58,080 [grpc-default-executor-3] INFO  client.GrpcClientProtocolClient (GrpcClientProtocolClient.java:onNext(255)) - client-D91E5D1E15CE->f2ba01fc-a63e-4348-bd18-030b60a135e7: receive RaftClientReply:client-D91E5D1E15CE->f2ba01fc-a63e-4348-bd18-030b60a135e7@group-C8C62FEF0626, cid=1351, SUCCESS, logIndex=1907, commits[f2ba01fc-a63e-4348-bd18-030b60a135e7:c1909, eab135d4-a257-4705-b491-6c056b8c5df7:c1905, a4f67574-9018-43e7-8a54-351e98dc3d0a:c1905]
2019-08-23 07:08:58,080 [grpc-default-executor-3] INFO  client.GrpcClientProtocolClient (GrpcClientProtocolClient.java:onNext(255)) - client-D91E5D1E15CE->f2ba01fc-a63e-4348-bd18-030b60a135e7: receive RaftClientReply:client-D91E5D1E15CE->f2ba01fc-a63e-4348-bd18-030b60a135e7@group-C8C62FEF0626, cid=1352, SUCCESS, logIndex=1908, commits[f2ba01fc-a63e-4348-bd18-030b60a135e7:c1909, eab135d4-a257-4705-b491-6c056b8c5df7:c1905, a4f67574-9018-43e7-8a54-351e98dc3d0a:c1905]
2019-08-23 07:08:58,081 [grpc-default-executor-3] INFO  client.GrpcClientProtocolClient (GrpcClientProtocolClient.java:onNext(255)) - client-D91E5D1E15CE->f2ba01fc-a63e-4348-bd18-030b60a135e7: receive RaftClientReply:client-D91E5D1E15CE->f2ba01fc-a63e-4348-bd18-030b60a135e7@group-C8C62FEF0626, cid=1353, SUCCESS, logIndex=1909, commits[f2ba01fc-a63e-4348-bd18-030b60a135e7:c1909, eab135d4-a257-4705-b491-6c056b8c5df7:c1905, a4f67574-9018-43e7-8a54-351e98dc3d0a:c1905]
2019-08-23 07:08:58,091 | INFO  | DNAudit | user=null | ip=null | op=WRITE_CHUNK {blockData=conID: 3 locID: 102665036631769567 bcsId: 0} | ret=SUCCESS |  
2019-08-23 07:08:58,091 | INFO  | DNAudit | user=null | ip=null | op=WRITE_CHUNK {blockData=conID: 3 locID: 102665036631769567 bcsId: 0} | ret=SUCCESS |  
2019-08-23 07:08:58,091 | INFO  | DNAudit | user=null | ip=null | op=PUT_BLOCK {blockData=[blockId=conID: 3 locID: 102665036631769567 bcsId: 0,size=1048576]} | ret=SUCCESS |  
2019-08-23 07:08:58,091 | INFO  | DNAudit | user=null | ip=null | op=WRITE_CHUNK {blockData=conID: 3 locID: 102665036631769567 bcsId: 0} | ret=SUCCESS |  
2019-08-23 07:08:58,092 | INFO  | DNAudit | user=null | ip=null | op=PUT_BLOCK {blockData=[blockId=conID: 3 locID: 102665036631769567 bcsId: 0,size=1048576]} | ret=SUCCESS |  
2019-08-23 07:08:58,092 | INFO  | DNAudit | user=null | ip=null | op=WRITE_CHUNK {blockData=conID: 3 locID: 102665036631769567 bcsId: 0} | ret=SUCCESS |  
2019-08-23 07:08:58,092 | INFO  | DNAudit | user=null | ip=null | op=PUT_BLOCK {blockData=[blockId=conID: 3 locID: 102665036631769567 bcsId: 0,size=2097152]} | ret=SUCCESS |  
2019-08-23 07:08:58,093 | INFO  | DNAudit | user=null | ip=null | op=PUT_BLOCK {blockData=[blockId=conID: 3 locID: 102665036631769567 bcsId: 0,size=2097152]} | ret=SUCCESS |  
2019-08-23 07:08:58,093 [grpc-default-executor-3] INFO  client.GrpcClientProtocolClient (GrpcClientProtocolClient.java:onNext(255)) - client-D91E5D1E15CE->f2ba01fc-a63e-4348-bd18-030b60a135e7: receive RaftClientReply:client-D91E5D1E15CE->f2ba01fc-a63e-4348-bd18-030b60a135e7@group-C8C62FEF0626, cid=1354, SUCCESS, logIndex=0, commits[f2ba01fc-a63e-4348-bd18-030b60a135e7:c1912, eab135d4-a257-4705-b491-6c056b8c5df7:c1907, a4f67574-9018-43e7-8a54-351e98dc3d0a:c1908]
2019-08-23 07:08:58,099 | INFO  | DNAudit | user=null | ip=null | op=WRITE_CHUNK {blockData=conID: 3 locID: 102665036631769567 bcsId: 1909} | ret=SUCCESS |  
2019-08-23 07:08:58,100 | INFO  | DNAudit | user=null | ip=null | op=WRITE_CHUNK {blockData=conID: 3 locID: 102665036631769567 bcsId: 1909} | ret=SUCCESS |  
2019-08-23 07:08:58,102 | INFO  | DNAudit | user=null | ip=null | op=WRITE_CHUNK {blockData=conID: 3 locID: 102665036631769567 bcsId: 1909} | ret=SUCCESS |  
2019-08-23 07:08:58,112 | INFO  | DNAudit | user=null | ip=null | op=WRITE_CHUNK {blockData=conID: 3 locID: 102665036631769567 bcsId: 1909} | ret=SUCCESS |  
2019-08-23 07:08:58,112 | INFO  | DNAudit | user=null | ip=null | op=PUT_BLOCK {blockData=[blockId=conID: 3 locID: 102665036631769567 bcsId: 0,size=3145728]} | ret=SUCCESS |  
2019-08-23 07:08:58,112 [grpc-default-executor-6] INFO  client.GrpcClientProtocolClient (GrpcClientProtocolClient.java:onNext(255)) - client-D91E5D1E15CE->f2ba01fc-a63e-4348-bd18-030b60a135e7: receive RaftClientReply:client-D91E5D1E15CE->f2ba01fc-a63e-4348-bd18-030b60a135e7@group-C8C62FEF0626, cid=1355, SUCCESS, logIndex=1914, commits[f2ba01fc-a63e-4348-bd18-030b60a135e7:c1915, eab135d4-a257-4705-b491-6c056b8c5df7:c1913, a4f67574-9018-43e7-8a54-351e98dc3d0a:c1913]
2019-08-23 07:08:58,112 [grpc-default-executor-6] INFO  client.GrpcClientProtocolClient (GrpcClientProtocolClient.java:onNext(255)) - client-D91E5D1E15CE->f2ba01fc-a63e-4348-bd18-030b60a135e7: receive RaftClientReply:client-D91E5D1E15CE->f2ba01fc-a63e-4348-bd18-030b60a135e7@group-C8C62FEF0626, cid=1356, SUCCESS, logIndex=1915, commits[f2ba01fc-a63e-4348-bd18-030b60a135e7:c1915, eab135d4-a257-4705-b491-6c056b8c5df7:c1913, a4f67574-9018-43e7-8a54-351e98dc3d0a:c1913]
2019-08-23 07:08:58,118 | INFO  | DNAudit | user=null | ip=null | op=WRITE_CHUNK {blockData=conID: 3 locID: 102665036631769567 bcsId: 1915} | ret=SUCCESS |  
2019-08-23 07:08:58,120 | INFO  | DNAudit | user=null | ip=null | op=WRITE_CHUNK {blockData=conID: 3 locID: 102665036631769567 bcsId: 1915} | ret=SUCCESS |  
2019-08-23 07:08:58,120 | INFO  | DNAudit | user=null | ip=null | op=WRITE_CHUNK {blockData=conID: 3 locID: 102665036631769567 bcsId: 1915} | ret=SUCCESS |  
2019-08-23 07:08:58,131 | INFO  | DNAudit | user=null | ip=null | op=WRITE_CHUNK {blockData=conID: 3 locID: 102665036631769567 bcsId: 1909} | ret=SUCCESS |  
2019-08-23 07:08:58,131 | INFO  | DNAudit | user=null | ip=null | op=WRITE_CHUNK {blockData=conID: 3 locID: 102665036631769567 bcsId: 1909} | ret=SUCCESS |  
2019-08-23 07:08:58,132 | INFO  | DNAudit | user=null | ip=null | op=PUT_BLOCK {blockData=[blockId=conID: 3 locID: 102665036631769567 bcsId: 0,size=3145728]} | ret=SUCCESS |  
2019-08-23 07:08:58,133 | INFO  | DNAudit | user=null | ip=null | op=PUT_BLOCK {blockData=[blockId=conID: 3 locID: 102665036631769567 bcsId: 0,size=3145728]} | ret=SUCCESS |  
2019-08-23 07:08:58,133 | INFO  | DNAudit | user=null | ip=null | op=WRITE_CHUNK {blockData=conID: 3 locID: 102665036631769567 bcsId: 1915} | ret=SUCCESS |  
2019-08-23 07:08:58,133 | INFO  | DNAudit | user=null | ip=null | op=PUT_BLOCK {blockData=[blockId=conID: 3 locID: 102665036631769567 bcsId: 0,size=4194304]} | ret=SUCCESS |  
2019-08-23 07:08:58,133 [grpc-default-executor-4] INFO  client.GrpcClientProtocolClient (GrpcClientProtocolClient.java:onNext(255)) - client-D91E5D1E15CE->f2ba01fc-a63e-4348-bd18-030b60a135e7: receive RaftClientReply:client-D91E5D1E15CE->f2ba01fc-a63e-4348-bd18-030b60a135e7@group-C8C62FEF0626, cid=1357, SUCCESS, logIndex=1918, commits[f2ba01fc-a63e-4348-bd18-030b60a135e7:c1918, eab135d4-a257-4705-b491-6c056b8c5df7:c1915, a4f67574-9018-43e7-8a54-351e98dc3d0a:c1915]
2019-08-23 07:08:58,134 [grpc-default-executor-4] INFO  client.GrpcClientProtocolClient (GrpcClientProtocolClient.java:onNext(255)) - client-D91E5D1E15CE->f2ba01fc-a63e-4348-bd18-030b60a135e7: receive RaftClientReply:client-D91E5D1E15CE->f2ba01fc-a63e-4348-bd18-030b60a135e7@group-C8C62FEF0626, cid=1358, SUCCESS, logIndex=1919, commits[f2ba01fc-a63e-4348-bd18-030b60a135e7:c1919, eab135d4-a257-4705-b491-6c056b8c5df7:c1915, a4f67574-9018-43e7-8a54-351e98dc3d0a:c1915]
2019-08-23 07:08:58,144 | INFO  | DNAudit | user=null | ip=null | op=WRITE_CHUNK {blockData=conID: 3 locID: 102665036631769567 bcsId: 1915} | ret=SUCCESS |  
2019-08-23 07:08:58,144 | INFO  | DNAudit | user=null | ip=null | op=WRITE_CHUNK {blockData=conID: 3 locID: 102665036631769567 bcsId: 1915} | ret=SUCCESS |  
2019-08-23 07:08:58,145 | INFO  | SCMAudit | user=jenkins1000 | ip=192.168.5.178 | op=SEND_HEARTBEAT {datanodeUUID=b7d3ecaa-ab76-49a0-b691-40b7e1ed625a, command=[]} | ret=SUCCESS |  
2019-08-23 07:08:58,146 | INFO  | DNAudit | user=null | ip=null | op=PUT_BLOCK {blockData=[blockId=conID: 3 locID: 102665036631769567 bcsId: 0,size=4194304]} | ret=SUCCESS |  
2019-08-23 07:08:58,146 | INFO  | DNAudit | user=null | ip=null | op=PUT_BLOCK {blockData=[blockId=conID: 3 locID: 102665036631769567 bcsId: 0,size=4194304]} | ret=SUCCESS |  
2019-08-23 07:08:58,146 [grpc-default-executor-6] INFO  client.GrpcClientProtocolClient (GrpcClientProtocolClient.java:onNext(255)) - client-D91E5D1E15CE->f2ba01fc-a63e-4348-bd18-030b60a135e7: receive RaftClientReply:client-D91E5D1E15CE->f2ba01fc-a63e-4348-bd18-030b60a135e7@group-C8C62FEF0626, cid=1359, SUCCESS, logIndex=0, commits[f2ba01fc-a63e-4348-bd18-030b60a135e7:c1921, eab135d4-a257-4705-b491-6c056b8c5df7:c1919, a4f67574-9018-43e7-8a54-351e98dc3d0a:c1919]
2019-08-23 07:08:58,151 | INFO  | SCMAudit | user=jenkins1000 | ip=192.168.5.178 | op=ALLOCATE_BLOCK {owner=aaf04d22-10dd-4717-8862-c651bdde72cf, size=4194304, type=RATIS, factor=THREE} | ret=SUCCESS |  
2019-08-23 07:08:58,153 | INFO  | OMAudit | user=jenkins1000 | ip=127.0.0.1 | op=ALLOCATE_BLOCK {volume=vol-0-67663, bucket=bucket-0-68950, key=key-0-26970, dataSize=0, replicationType=null, replicationFactor=null, keyLocationInfo=null, clientID=102665036030476690} | ret=SUCCESS |  
2019-08-23 07:08:58,159 | INFO  | DNAudit | user=null | ip=null | op=WRITE_CHUNK {blockData=conID: 1 locID: 102665036637864416 bcsId: 0} | ret=SUCCESS |  
2019-08-23 07:08:58,160 | INFO  | DNAudit | user=null | ip=null | op=WRITE_CHUNK {blockData=conID: 1 locID: 102665036637864416 bcsId: 0} | ret=SUCCESS |  
2019-08-23 07:08:58,161 | INFO  | DNAudit | user=null | ip=null | op=WRITE_CHUNK {blockData=conID: 1 locID: 102665036637864416 bcsId: 0} | ret=SUCCESS |  
2019-08-23 07:08:58,161 | INFO  | DNAudit | user=null | ip=null | op=WRITE_CHUNK {blockData=conID: 1 locID: 102665036637864416 bcsId: 0} | ret=SUCCESS |  
2019-08-23 07:08:58,162 | INFO  | DNAudit | user=null | ip=null | op=WRITE_CHUNK {blockData=conID: 1 locID: 102665036637864416 bcsId: 0} | ret=SUCCESS |  
2019-08-23 07:08:58,162 | INFO  | DNAudit | user=null | ip=null | op=WRITE_CHUNK {blockData=conID: 1 locID: 102665036637864416 bcsId: 0} | ret=SUCCESS |  
2019-08-23 07:08:58,174 | INFO  | DNAudit | user=null | ip=null | op=WRITE_CHUNK {blockData=conID: 1 locID: 102665036637864416 bcsId: 0} | ret=SUCCESS |  
2019-08-23 07:08:58,175 | INFO  | DNAudit | user=null | ip=null | op=PUT_BLOCK {blockData=[blockId=conID: 1 locID: 102665036637864416 bcsId: 0,size=1048576]} | ret=SUCCESS |  
2019-08-23 07:08:58,175 | INFO  | DNAudit | user=null | ip=null | op=WRITE_CHUNK {blockData=conID: 1 locID: 102665036637864416 bcsId: 0} | ret=SUCCESS |  
2019-08-23 07:08:58,175 [grpc-default-executor-6] INFO  client.GrpcClientProtocolClient (GrpcClientProtocolClient.java:onNext(255)) - client-D91E5D1E15CE->f2ba01fc-a63e-4348-bd18-030b60a135e7: receive RaftClientReply:client-D91E5D1E15CE->f2ba01fc-a63e-4348-bd18-030b60a135e7@group-C8C62FEF0626, cid=1360, SUCCESS, logIndex=1922, commits[f2ba01fc-a63e-4348-bd18-030b60a135e7:c1922, eab135d4-a257-4705-b491-6c056b8c5df7:c1921, a4f67574-9018-43e7-8a54-351e98dc3d0a:c1921]
2019-08-23 07:08:58,175 | INFO  | DNAudit | user=null | ip=null | op=PUT_BLOCK {blockData=[blockId=conID: 1 locID: 102665036637864416 bcsId: 0,size=2097152]} | ret=SUCCESS |  
2019-08-23 07:08:58,176 [grpc-default-executor-6] INFO  client.GrpcClientProtocolClient (GrpcClientProtocolClient.java:onNext(255)) - client-D91E5D1E15CE->f2ba01fc-a63e-4348-bd18-030b60a135e7: receive RaftClientReply:client-D91E5D1E15CE->f2ba01fc-a63e-4348-bd18-030b60a135e7@group-C8C62FEF0626, cid=1361, SUCCESS, logIndex=1923, commits[f2ba01fc-a63e-4348-bd18-030b60a135e7:c1925, eab135d4-a257-4705-b491-6c056b8c5df7:c1921, a4f67574-9018-43e7-8a54-351e98dc3d0a:c1921]
2019-08-23 07:08:58,176 [grpc-default-executor-6] INFO  client.GrpcClientProtocolClient (GrpcClientProtocolClient.java:onNext(255)) - client-D91E5D1E15CE->f2ba01fc-a63e-4348-bd18-030b60a135e7: receive RaftClientReply:client-D91E5D1E15CE->f2ba01fc-a63e-4348-bd18-030b60a135e7@group-C8C62FEF0626, cid=1362, SUCCESS, logIndex=1924, commits[f2ba01fc-a63e-4348-bd18-030b60a135e7:c1925, eab135d4-a257-4705-b491-6c056b8c5df7:c1921, a4f67574-9018-43e7-8a54-351e98dc3d0a:c1921]
2019-08-23 07:08:58,176 [grpc-default-executor-6] INFO  client.GrpcClientProtocolClient (GrpcClientProtocolClient.java:onNext(255)) - client-D91E5D1E15CE->f2ba01fc-a63e-4348-bd18-030b60a135e7: receive RaftClientReply:client-D91E5D1E15CE->f2ba01fc-a63e-4348-bd18-030b60a135e7@group-C8C62FEF0626, cid=1363, SUCCESS, logIndex=1925, commits[f2ba01fc-a63e-4348-bd18-030b60a135e7:c1925, eab135d4-a257-4705-b491-6c056b8c5df7:c1921, a4f67574-9018-43e7-8a54-351e98dc3d0a:c1921]
2019-08-23 07:08:58,186 | INFO  | DNAudit | user=null | ip=null | op=WRITE_CHUNK {blockData=conID: 1 locID: 102665036637864416 bcsId: 0} | ret=SUCCESS |  
2019-08-23 07:08:58,186 | INFO  | DNAudit | user=null | ip=null | op=WRITE_CHUNK {blockData=conID: 1 locID: 102665036637864416 bcsId: 0} | ret=SUCCESS |  
2019-08-23 07:08:58,187 | INFO  | DNAudit | user=null | ip=null | op=PUT_BLOCK {blockData=[blockId=conID: 1 locID: 102665036637864416 bcsId: 0,size=1048576]} | ret=SUCCESS |  
2019-08-23 07:08:58,187 | INFO  | DNAudit | user=null | ip=null | op=PUT_BLOCK {blockData=[blockId=conID: 1 locID: 102665036637864416 bcsId: 0,size=1048576]} | ret=SUCCESS |  
2019-08-23 07:08:58,187 | INFO  | DNAudit | user=null | ip=null | op=WRITE_CHUNK {blockData=conID: 1 locID: 102665036637864416 bcsId: 0} | ret=SUCCESS |  
2019-08-23 07:08:58,188 | INFO  | DNAudit | user=null | ip=null | op=WRITE_CHUNK {blockData=conID: 1 locID: 102665036637864416 bcsId: 0} | ret=SUCCESS |  
2019-08-23 07:08:58,188 | INFO  | DNAudit | user=null | ip=null | op=PUT_BLOCK {blockData=[blockId=conID: 1 locID: 102665036637864416 bcsId: 0,size=2097152]} | ret=SUCCESS |  
2019-08-23 07:08:58,188 | INFO  | DNAudit | user=null | ip=null | op=PUT_BLOCK {blockData=[blockId=conID: 1 locID: 102665036637864416 bcsId: 0,size=2097152]} | ret=SUCCESS |  
2019-08-23 07:08:58,188 [grpc-default-executor-3] INFO  client.GrpcClientProtocolClient (GrpcClientProtocolClient.java:onNext(255)) - client-D91E5D1E15CE->f2ba01fc-a63e-4348-bd18-030b60a135e7: receive RaftClientReply:client-D91E5D1E15CE->f2ba01fc-a63e-4348-bd18-030b60a135e7@group-C8C62FEF0626, cid=1364, SUCCESS, logIndex=0, commits[f2ba01fc-a63e-4348-bd18-030b60a135e7:c1927, eab135d4-a257-4705-b491-6c056b8c5df7:c1924, a4f67574-9018-43e7-8a54-351e98dc3d0a:c1924]
2019-08-23 07:08:58,193 | INFO  | DNAudit | user=null | ip=null | op=WRITE_CHUNK {blockData=conID: 1 locID: 102665036637864416 bcsId: 1925} | ret=SUCCESS |  
2019-08-23 07:08:58,195 | INFO  | DNAudit | user=null | ip=null | op=WRITE_CHUNK {blockData=conID: 1 locID: 102665036637864416 bcsId: 1925} | ret=SUCCESS |  
2019-08-23 07:08:58,196 | INFO  | DNAudit | user=null | ip=null | op=WRITE_CHUNK {blockData=conID: 1 locID: 102665036637864416 bcsId: 1925} | ret=SUCCESS |  
2019-08-23 07:08:58,205 | INFO  | DNAudit | user=null | ip=null | op=WRITE_CHUNK {blockData=conID: 1 locID: 102665036637864416 bcsId: 1925} | ret=SUCCESS |  
2019-08-23 07:08:58,206 | INFO  | DNAudit | user=null | ip=null | op=PUT_BLOCK {blockData=[blockId=conID: 1 locID: 102665036637864416 bcsId: 0,size=3145728]} | ret=SUCCESS |  
2019-08-23 07:08:58,206 [grpc-default-executor-2] INFO  client.GrpcClientProtocolClient (GrpcClientProtocolClient.java:onNext(255)) - client-D91E5D1E15CE->f2ba01fc-a63e-4348-bd18-030b60a135e7: receive RaftClientReply:client-D91E5D1E15CE->f2ba01fc-a63e-4348-bd18-030b60a135e7@group-C8C62FEF0626, cid=1365, SUCCESS, logIndex=1929, commits[f2ba01fc-a63e-4348-bd18-030b60a135e7:c1930, eab135d4-a257-4705-b491-6c056b8c5df7:c1928, a4f67574-9018-43e7-8a54-351e98dc3d0a:c1928]
2019-08-23 07:08:58,206 [grpc-default-executor-2] INFO  client.GrpcClientProtocolClient (GrpcClientProtocolClient.java:onNext(255)) - client-D91E5D1E15CE->f2ba01fc-a63e-4348-bd18-030b60a135e7: receive RaftClientReply:client-D91E5D1E15CE->f2ba01fc-a63e-4348-bd18-030b60a135e7@group-C8C62FEF0626, cid=1366, SUCCESS, logIndex=1930, commits[f2ba01fc-a63e-4348-bd18-030b60a135e7:c1930, eab135d4-a257-4705-b491-6c056b8c5df7:c1928, a4f67574-9018-43e7-8a54-351e98dc3d0a:c1928]
2019-08-23 07:08:58,211 | INFO  | DNAudit | user=null | ip=null | op=WRITE_CHUNK {blockData=conID: 1 locID: 102665036637864416 bcsId: 1930} | ret=SUCCESS |  
2019-08-23 07:08:58,213 | INFO  | DNAudit | user=null | ip=null | op=WRITE_CHUNK {blockData=conID: 1 locID: 102665036637864416 bcsId: 1930} | ret=SUCCESS |  
2019-08-23 07:08:58,214 | INFO  | DNAudit | user=null | ip=null | op=WRITE_CHUNK {blockData=conID: 1 locID: 102665036637864416 bcsId: 1930} | ret=SUCCESS |  
2019-08-23 07:08:58,217 | INFO  | DNAudit | user=null | ip=null | op=WRITE_CHUNK {blockData=conID: 1 locID: 102665036637864416 bcsId: 1925} | ret=SUCCESS |  
2019-08-23 07:08:58,217 | INFO  | DNAudit | user=null | ip=null | op=WRITE_CHUNK {blockData=conID: 1 locID: 102665036637864416 bcsId: 1925} | ret=SUCCESS |  
2019-08-23 07:08:58,218 | INFO  | DNAudit | user=null | ip=null | op=PUT_BLOCK {blockData=[blockId=conID: 1 locID: 102665036637864416 bcsId: 0,size=3145728]} | ret=SUCCESS |  
2019-08-23 07:08:58,218 | INFO  | DNAudit | user=null | ip=null | op=PUT_BLOCK {blockData=[blockId=conID: 1 locID: 102665036637864416 bcsId: 0,size=3145728]} | ret=SUCCESS |  
2019-08-23 07:08:58,219 | INFO  | DNAudit | user=null | ip=null | op=WRITE_CHUNK {blockData=conID: 1 locID: 102665036637864416 bcsId: 1930} | ret=SUCCESS |  
2019-08-23 07:08:58,219 | INFO  | DNAudit | user=null | ip=null | op=PUT_BLOCK {blockData=[blockId=conID: 1 locID: 102665036637864416 bcsId: 0,size=4194304]} | ret=SUCCESS |  
2019-08-23 07:08:58,219 [grpc-default-executor-2] INFO  client.GrpcClientProtocolClient (GrpcClientProtocolClient.java:onNext(255)) - client-D91E5D1E15CE->f2ba01fc-a63e-4348-bd18-030b60a135e7: receive RaftClientReply:client-D91E5D1E15CE->f2ba01fc-a63e-4348-bd18-030b60a135e7@group-C8C62FEF0626, cid=1367, SUCCESS, logIndex=1933, commits[f2ba01fc-a63e-4348-bd18-030b60a135e7:c1934, eab135d4-a257-4705-b491-6c056b8c5df7:c1930, a4f67574-9018-43e7-8a54-351e98dc3d0a:c1930]
2019-08-23 07:08:58,220 [grpc-default-executor-2] INFO  client.GrpcClientProtocolClient (GrpcClientProtocolClient.java:onNext(255)) - client-D91E5D1E15CE->f2ba01fc-a63e-4348-bd18-030b60a135e7: receive RaftClientReply:client-D91E5D1E15CE->f2ba01fc-a63e-4348-bd18-030b60a135e7@group-C8C62FEF0626, cid=1368, SUCCESS, logIndex=1934, commits[f2ba01fc-a63e-4348-bd18-030b60a135e7:c1934, eab135d4-a257-4705-b491-6c056b8c5df7:c1930, a4f67574-9018-43e7-8a54-351e98dc3d0a:c1930]
2019-08-23 07:08:58,230 | INFO  | DNAudit | user=null | ip=null | op=WRITE_CHUNK {blockData=conID: 1 locID: 102665036637864416 bcsId: 1930} | ret=SUCCESS |  
2019-08-23 07:08:58,230 | INFO  | DNAudit | user=null | ip=null | op=WRITE_CHUNK {blockData=conID: 1 locID: 102665036637864416 bcsId: 1930} | ret=SUCCESS |  
2019-08-23 07:08:58,230 | INFO  | DNAudit | user=null | ip=null | op=PUT_BLOCK {blockData=[blockId=conID: 1 locID: 102665036637864416 bcsId: 0,size=4194304]} | ret=SUCCESS |  
2019-08-23 07:08:58,230 | INFO  | DNAudit | user=null | ip=null | op=PUT_BLOCK {blockData=[blockId=conID: 1 locID: 102665036637864416 bcsId: 0,size=4194304]} | ret=SUCCESS |  
2019-08-23 07:08:58,231 [grpc-default-executor-2] INFO  client.GrpcClientProtocolClient (GrpcClientProtocolClient.java:onNext(255)) - client-D91E5D1E15CE->f2ba01fc-a63e-4348-bd18-030b60a135e7: receive RaftClientReply:client-D91E5D1E15CE->f2ba01fc-a63e-4348-bd18-030b60a135e7@group-C8C62FEF0626, cid=1369, SUCCESS, logIndex=0, commits[f2ba01fc-a63e-4348-bd18-030b60a135e7:c1935, eab135d4-a257-4705-b491-6c056b8c5df7:c1934, a4f67574-9018-43e7-8a54-351e98dc3d0a:c1934]
2019-08-23 07:08:58,234 | INFO  | SCMAudit | user=jenkins1000 | ip=192.168.5.178 | op=ALLOCATE_BLOCK {owner=aaf04d22-10dd-4717-8862-c651bdde72cf, size=4194304, type=RATIS, factor=THREE} | ret=SUCCESS |  
2019-08-23 07:08:58,236 | INFO  | OMAudit | user=jenkins1000 | ip=127.0.0.1 | op=ALLOCATE_BLOCK {volume=vol-0-67663, bucket=bucket-0-68950, key=key-0-26970, dataSize=0, replicationType=null, replicationFactor=null, keyLocationInfo=null, clientID=102665036030476690} | ret=SUCCESS |  
2019-08-23 07:08:58,242 | INFO  | DNAudit | user=null | ip=null | op=WRITE_CHUNK {blockData=conID: 2 locID: 102665036643303905 bcsId: 0} | ret=SUCCESS |  
2019-08-23 07:08:58,243 | INFO  | DNAudit | user=null | ip=null | op=WRITE_CHUNK {blockData=conID: 2 locID: 102665036643303905 bcsId: 0} | ret=SUCCESS |  
2019-08-23 07:08:58,243 | INFO  | DNAudit | user=null | ip=null | op=WRITE_CHUNK {blockData=conID: 2 locID: 102665036643303905 bcsId: 0} | ret=SUCCESS |  
2019-08-23 07:08:58,243 | INFO  | DNAudit | user=null | ip=null | op=WRITE_CHUNK {blockData=conID: 2 locID: 102665036643303905 bcsId: 0} | ret=SUCCESS |  
2019-08-23 07:08:58,244 | INFO  | DNAudit | user=null | ip=null | op=WRITE_CHUNK {blockData=conID: 2 locID: 102665036643303905 bcsId: 0} | ret=SUCCESS |  
2019-08-23 07:08:58,245 | INFO  | DNAudit | user=null | ip=null | op=WRITE_CHUNK {blockData=conID: 2 locID: 102665036643303905 bcsId: 0} | ret=SUCCESS |  
2019-08-23 07:08:58,255 | INFO  | DNAudit | user=null | ip=null | op=WRITE_CHUNK {blockData=conID: 2 locID: 102665036643303905 bcsId: 0} | ret=SUCCESS |  
2019-08-23 07:08:58,255 | INFO  | DNAudit | user=null | ip=null | op=PUT_BLOCK {blockData=[blockId=conID: 2 locID: 102665036643303905 bcsId: 0,size=1048576]} | ret=SUCCESS |  
2019-08-23 07:08:58,256 | INFO  | DNAudit | user=null | ip=null | op=WRITE_CHUNK {blockData=conID: 2 locID: 102665036643303905 bcsId: 0} | ret=SUCCESS |  
2019-08-23 07:08:58,256 [grpc-default-executor-3] INFO  client.GrpcClientProtocolClient (GrpcClientProtocolClient.java:onNext(255)) - client-D91E5D1E15CE->f2ba01fc-a63e-4348-bd18-030b60a135e7: receive RaftClientReply:client-D91E5D1E15CE->f2ba01fc-a63e-4348-bd18-030b60a135e7@group-C8C62FEF0626, cid=1370, SUCCESS, logIndex=1937, commits[f2ba01fc-a63e-4348-bd18-030b60a135e7:c1938, eab135d4-a257-4705-b491-6c056b8c5df7:c1936, a4f67574-9018-43e7-8a54-351e98dc3d0a:c1936]
2019-08-23 07:08:58,256 | INFO  | DNAudit | user=null | ip=null | op=PUT_BLOCK {blockData=[blockId=conID: 2 locID: 102665036643303905 bcsId: 0,size=2097152]} | ret=SUCCESS |  
2019-08-23 07:08:58,256 [grpc-default-executor-3] INFO  client.GrpcClientProtocolClient (GrpcClientProtocolClient.java:onNext(255)) - client-D91E5D1E15CE->f2ba01fc-a63e-4348-bd18-030b60a135e7: receive RaftClientReply:client-D91E5D1E15CE->f2ba01fc-a63e-4348-bd18-030b60a135e7@group-C8C62FEF0626, cid=1371, SUCCESS, logIndex=1938, commits[f2ba01fc-a63e-4348-bd18-030b60a135e7:c1940, eab135d4-a257-4705-b491-6c056b8c5df7:c1936, a4f67574-9018-43e7-8a54-351e98dc3d0a:c1936]
2019-08-23 07:08:58,256 [grpc-default-executor-3] INFO  client.GrpcClientProtocolClient (GrpcClientProtocolClient.java:onNext(255)) - client-D91E5D1E15CE->f2ba01fc-a63e-4348-bd18-030b60a135e7: receive RaftClientReply:client-D91E5D1E15CE->f2ba01fc-a63e-4348-bd18-030b60a135e7@group-C8C62FEF0626, cid=1372, SUCCESS, logIndex=1939, commits[f2ba01fc-a63e-4348-bd18-030b60a135e7:c1940, eab135d4-a257-4705-b491-6c056b8c5df7:c1936, a4f67574-9018-43e7-8a54-351e98dc3d0a:c1936]
2019-08-23 07:08:58,256 [grpc-default-executor-3] INFO  client.GrpcClientProtocolClient (GrpcClientProtocolClient.java:onNext(255)) - client-D91E5D1E15CE->f2ba01fc-a63e-4348-bd18-030b60a135e7: receive RaftClientReply:client-D91E5D1E15CE->f2ba01fc-a63e-4348-bd18-030b60a135e7@group-C8C62FEF0626, cid=1373, SUCCESS, logIndex=1940, commits[f2ba01fc-a63e-4348-bd18-030b60a135e7:c1940, eab135d4-a257-4705-b491-6c056b8c5df7:c1936, a4f67574-9018-43e7-8a54-351e98dc3d0a:c1936]
2019-08-23 07:08:58,266 | INFO  | DNAudit | user=null | ip=null | op=WRITE_CHUNK {blockData=conID: 2 locID: 102665036643303905 bcsId: 0} | ret=SUCCESS |  
2019-08-23 07:08:58,266 | INFO  | DNAudit | user=null | ip=null | op=WRITE_CHUNK {blockData=conID: 2 locID: 102665036643303905 bcsId: 0} | ret=SUCCESS |  
2019-08-23 07:08:58,268 | INFO  | DNAudit | user=null | ip=null | op=PUT_BLOCK {blockData=[blockId=conID: 2 locID: 102665036643303905 bcsId: 0,size=1048576]} | ret=SUCCESS |  
2019-08-23 07:08:58,268 | INFO  | DNAudit | user=null | ip=null | op=PUT_BLOCK {blockData=[blockId=conID: 2 locID: 102665036643303905 bcsId: 0,size=1048576]} | ret=SUCCESS |  
2019-08-23 07:08:58,268 | INFO  | DNAudit | user=null | ip=null | op=WRITE_CHUNK {blockData=conID: 2 locID: 102665036643303905 bcsId: 0} | ret=SUCCESS |  
2019-08-23 07:08:58,268 | INFO  | DNAudit | user=null | ip=null | op=WRITE_CHUNK {blockData=conID: 2 locID: 102665036643303905 bcsId: 0} | ret=SUCCESS |  
2019-08-23 07:08:58,268 | INFO  | DNAudit | user=null | ip=null | op=PUT_BLOCK {blockData=[blockId=conID: 2 locID: 102665036643303905 bcsId: 0,size=2097152]} | ret=SUCCESS |  
2019-08-23 07:08:58,268 | INFO  | DNAudit | user=null | ip=null | op=PUT_BLOCK {blockData=[blockId=conID: 2 locID: 102665036643303905 bcsId: 0,size=2097152]} | ret=SUCCESS |  
2019-08-23 07:08:58,268 [grpc-default-executor-3] INFO  client.GrpcClientProtocolClient (GrpcClientProtocolClient.java:onNext(255)) - client-D91E5D1E15CE->f2ba01fc-a63e-4348-bd18-030b60a135e7: receive RaftClientReply:client-D91E5D1E15CE->f2ba01fc-a63e-4348-bd18-030b60a135e7@group-C8C62FEF0626, cid=1374, SUCCESS, logIndex=0, commits[f2ba01fc-a63e-4348-bd18-030b60a135e7:c1941, eab135d4-a257-4705-b491-6c056b8c5df7:c1938, a4f67574-9018-43e7-8a54-351e98dc3d0a:c1938]
2019-08-23 07:08:58,273 | INFO  | DNAudit | user=null | ip=null | op=WRITE_CHUNK {blockData=conID: 2 locID: 102665036643303905 bcsId: 1940} | ret=SUCCESS |  
2019-08-23 07:08:58,275 | INFO  | DNAudit | user=null | ip=null | op=WRITE_CHUNK {blockData=conID: 2 locID: 102665036643303905 bcsId: 1940} | ret=SUCCESS |  
2019-08-23 07:08:58,275 | INFO  | DNAudit | user=null | ip=null | op=WRITE_CHUNK {blockData=conID: 2 locID: 102665036643303905 bcsId: 1940} | ret=SUCCESS |  
2019-08-23 07:08:58,286 | INFO  | DNAudit | user=null | ip=null | op=WRITE_CHUNK {blockData=conID: 2 locID: 102665036643303905 bcsId: 1940} | ret=SUCCESS |  
2019-08-23 07:08:58,286 | INFO  | DNAudit | user=null | ip=null | op=PUT_BLOCK {blockData=[blockId=conID: 2 locID: 102665036643303905 bcsId: 0,size=3145728]} | ret=SUCCESS |  
2019-08-23 07:08:58,286 [grpc-default-executor-3] INFO  client.GrpcClientProtocolClient (GrpcClientProtocolClient.java:onNext(255)) - client-D91E5D1E15CE->f2ba01fc-a63e-4348-bd18-030b60a135e7: receive RaftClientReply:client-D91E5D1E15CE->f2ba01fc-a63e-4348-bd18-030b60a135e7@group-C8C62FEF0626, cid=1375, SUCCESS, logIndex=1945, commits[f2ba01fc-a63e-4348-bd18-030b60a135e7:c1946, eab135d4-a257-4705-b491-6c056b8c5df7:c1944, a4f67574-9018-43e7-8a54-351e98dc3d0a:c1944]
2019-08-23 07:08:58,287 [grpc-default-executor-3] INFO  client.GrpcClientProtocolClient (GrpcClientProtocolClient.java:onNext(255)) - client-D91E5D1E15CE->f2ba01fc-a63e-4348-bd18-030b60a135e7: receive RaftClientReply:client-D91E5D1E15CE->f2ba01fc-a63e-4348-bd18-030b60a135e7@group-C8C62FEF0626, cid=1376, SUCCESS, logIndex=1946, commits[f2ba01fc-a63e-4348-bd18-030b60a135e7:c1946, eab135d4-a257-4705-b491-6c056b8c5df7:c1944, a4f67574-9018-43e7-8a54-351e98dc3d0a:c1944]
2019-08-23 07:08:58,292 | INFO  | DNAudit | user=null | ip=null | op=WRITE_CHUNK {blockData=conID: 2 locID: 102665036643303905 bcsId: 1946} | ret=SUCCESS |  
2019-08-23 07:08:58,293 | INFO  | DNAudit | user=null | ip=null | op=WRITE_CHUNK {blockData=conID: 2 locID: 102665036643303905 bcsId: 1946} | ret=SUCCESS |  
2019-08-23 07:08:58,293 | INFO  | DNAudit | user=null | ip=null | op=WRITE_CHUNK {blockData=conID: 2 locID: 102665036643303905 bcsId: 1946} | ret=SUCCESS |  
2019-08-23 07:08:58,297 | INFO  | DNAudit | user=null | ip=null | op=WRITE_CHUNK {blockData=conID: 2 locID: 102665036643303905 bcsId: 1940} | ret=SUCCESS |  
2019-08-23 07:08:58,297 | INFO  | DNAudit | user=null | ip=null | op=WRITE_CHUNK {blockData=conID: 2 locID: 102665036643303905 bcsId: 1940} | ret=SUCCESS |  
2019-08-23 07:08:58,298 | INFO  | DNAudit | user=null | ip=null | op=PUT_BLOCK {blockData=[blockId=conID: 2 locID: 102665036643303905 bcsId: 0,size=3145728]} | ret=SUCCESS |  
2019-08-23 07:08:58,298 | INFO  | DNAudit | user=null | ip=null | op=PUT_BLOCK {blockData=[blockId=conID: 2 locID: 102665036643303905 bcsId: 0,size=3145728]} | ret=SUCCESS |  
2019-08-23 07:08:58,299 | INFO  | DNAudit | user=null | ip=null | op=WRITE_CHUNK {blockData=conID: 2 locID: 102665036643303905 bcsId: 1946} | ret=SUCCESS |  
2019-08-23 07:08:58,299 | INFO  | DNAudit | user=null | ip=null | op=PUT_BLOCK {blockData=[blockId=conID: 2 locID: 102665036643303905 bcsId: 0,size=4194304]} | ret=SUCCESS |  
2019-08-23 07:08:58,299 [grpc-default-executor-4] INFO  client.GrpcClientProtocolClient (GrpcClientProtocolClient.java:onNext(255)) - client-D91E5D1E15CE->f2ba01fc-a63e-4348-bd18-030b60a135e7: receive RaftClientReply:client-D91E5D1E15CE->f2ba01fc-a63e-4348-bd18-030b60a135e7@group-C8C62FEF0626, cid=1377, SUCCESS, logIndex=1949, commits[f2ba01fc-a63e-4348-bd18-030b60a135e7:c1950, eab135d4-a257-4705-b491-6c056b8c5df7:c1946, a4f67574-9018-43e7-8a54-351e98dc3d0a:c1946]
2019-08-23 07:08:58,300 [grpc-default-executor-4] INFO  client.GrpcClientProtocolClient (GrpcClientProtocolClient.java:onNext(255)) - client-D91E5D1E15CE->f2ba01fc-a63e-4348-bd18-030b60a135e7: receive RaftClientReply:client-D91E5D1E15CE->f2ba01fc-a63e-4348-bd18-030b60a135e7@group-C8C62FEF0626, cid=1378, SUCCESS, logIndex=1950, commits[f2ba01fc-a63e-4348-bd18-030b60a135e7:c1950, eab135d4-a257-4705-b491-6c056b8c5df7:c1946, a4f67574-9018-43e7-8a54-351e98dc3d0a:c1946]
2019-08-23 07:08:58,310 | INFO  | DNAudit | user=null | ip=null | op=WRITE_CHUNK {blockData=conID: 2 locID: 102665036643303905 bcsId: 1946} | ret=SUCCESS |  
2019-08-23 07:08:58,311 | INFO  | DNAudit | user=null | ip=null | op=WRITE_CHUNK {blockData=conID: 2 locID: 102665036643303905 bcsId: 1946} | ret=SUCCESS |  
2019-08-23 07:08:58,312 | INFO  | DNAudit | user=null | ip=null | op=PUT_BLOCK {blockData=[blockId=conID: 2 locID: 102665036643303905 bcsId: 0,size=4194304]} | ret=SUCCESS |  
2019-08-23 07:08:58,312 | INFO  | DNAudit | user=null | ip=null | op=PUT_BLOCK {blockData=[blockId=conID: 2 locID: 102665036643303905 bcsId: 0,size=4194304]} | ret=SUCCESS |  
2019-08-23 07:08:58,312 [grpc-default-executor-2] INFO  client.GrpcClientProtocolClient (GrpcClientProtocolClient.java:onNext(255)) - client-D91E5D1E15CE->f2ba01fc-a63e-4348-bd18-030b60a135e7: receive RaftClientReply:client-D91E5D1E15CE->f2ba01fc-a63e-4348-bd18-030b60a135e7@group-C8C62FEF0626, cid=1379, SUCCESS, logIndex=0, commits[f2ba01fc-a63e-4348-bd18-030b60a135e7:c1952, eab135d4-a257-4705-b491-6c056b8c5df7:c1950, a4f67574-9018-43e7-8a54-351e98dc3d0a:c1950]
2019-08-23 07:08:58,316 | INFO  | SCMAudit | user=jenkins1000 | ip=192.168.5.178 | op=ALLOCATE_BLOCK {owner=aaf04d22-10dd-4717-8862-c651bdde72cf, size=4194304, type=RATIS, factor=THREE} | ret=SUCCESS |  
2019-08-23 07:08:58,318 | INFO  | OMAudit | user=jenkins1000 | ip=127.0.0.1 | op=ALLOCATE_BLOCK {volume=vol-0-67663, bucket=bucket-0-68950, key=key-0-26970, dataSize=0, replicationType=null, replicationFactor=null, keyLocationInfo=null, clientID=102665036030476690} | ret=SUCCESS |  
2019-08-23 07:08:58,324 | INFO  | DNAudit | user=null | ip=null | op=WRITE_CHUNK {blockData=conID: 3 locID: 102665036648677858 bcsId: 0} | ret=SUCCESS |  
2019-08-23 07:08:58,326 | INFO  | DNAudit | user=null | ip=null | op=WRITE_CHUNK {blockData=conID: 3 locID: 102665036648677858 bcsId: 0} | ret=SUCCESS |  
2019-08-23 07:08:58,326 | INFO  | DNAudit | user=null | ip=null | op=WRITE_CHUNK {blockData=conID: 3 locID: 102665036648677858 bcsId: 0} | ret=SUCCESS |  
2019-08-23 07:08:58,326 | INFO  | DNAudit | user=null | ip=null | op=WRITE_CHUNK {blockData=conID: 3 locID: 102665036648677858 bcsId: 0} | ret=SUCCESS |  
2019-08-23 07:08:58,327 | INFO  | DNAudit | user=null | ip=null | op=WRITE_CHUNK {blockData=conID: 3 locID: 102665036648677858 bcsId: 0} | ret=SUCCESS |  
2019-08-23 07:08:58,327 | INFO  | DNAudit | user=null | ip=null | op=WRITE_CHUNK {blockData=conID: 3 locID: 102665036648677858 bcsId: 0} | ret=SUCCESS |  
2019-08-23 07:08:58,328 | INFO  | DNAudit | user=null | ip=null | op=WRITE_CHUNK {blockData=conID: 3 locID: 102665036648677858 bcsId: 0} | ret=SUCCESS |  
2019-08-23 07:08:58,328 | INFO  | DNAudit | user=null | ip=null | op=PUT_BLOCK {blockData=[blockId=conID: 3 locID: 102665036648677858 bcsId: 0,size=1048576]} | ret=SUCCESS |  
2019-08-23 07:08:58,328 [grpc-default-executor-2] INFO  client.GrpcClientProtocolClient (GrpcClientProtocolClient.java:onNext(255)) - client-D91E5D1E15CE->f2ba01fc-a63e-4348-bd18-030b60a135e7: receive RaftClientReply:client-D91E5D1E15CE->f2ba01fc-a63e-4348-bd18-030b60a135e7@group-C8C62FEF0626, cid=1380, SUCCESS, logIndex=1953, commits[f2ba01fc-a63e-4348-bd18-030b60a135e7:c1954, eab135d4-a257-4705-b491-6c056b8c5df7:c1952, a4f67574-9018-43e7-8a54-351e98dc3d0a:c1950]
2019-08-23 07:08:58,329 [grpc-default-executor-2] INFO  client.GrpcClientProtocolClient (GrpcClientProtocolClient.java:onNext(255)) - client-D91E5D1E15CE->f2ba01fc-a63e-4348-bd18-030b60a135e7: receive RaftClientReply:client-D91E5D1E15CE->f2ba01fc-a63e-4348-bd18-030b60a135e7@group-C8C62FEF0626, cid=1381, SUCCESS, logIndex=1954, commits[f2ba01fc-a63e-4348-bd18-030b60a135e7:c1954, eab135d4-a257-4705-b491-6c056b8c5df7:c1952, a4f67574-9018-43e7-8a54-351e98dc3d0a:c1950]
2019-08-23 07:08:58,330 | INFO  | DNAudit | user=null | ip=null | op=WRITE_CHUNK {blockData=conID: 3 locID: 102665036648677858 bcsId: 0} | ret=SUCCESS |  
2019-08-23 07:08:58,330 | INFO  | DNAudit | user=null | ip=null | op=PUT_BLOCK {blockData=[blockId=conID: 3 locID: 102665036648677858 bcsId: 0,size=2097152]} | ret=SUCCESS |  
2019-08-23 07:08:58,330 [grpc-default-executor-2] INFO  client.GrpcClientProtocolClient (GrpcClientProtocolClient.java:onNext(255)) - client-D91E5D1E15CE->f2ba01fc-a63e-4348-bd18-030b60a135e7: receive RaftClientReply:client-D91E5D1E15CE->f2ba01fc-a63e-4348-bd18-030b60a135e7@group-C8C62FEF0626, cid=1382, SUCCESS, logIndex=1955, commits[f2ba01fc-a63e-4348-bd18-030b60a135e7:c1956, eab135d4-a257-4705-b491-6c056b8c5df7:c1952, a4f67574-9018-43e7-8a54-351e98dc3d0a:c1952]
2019-08-23 07:08:58,331 [grpc-default-executor-4] INFO  client.GrpcClientProtocolClient (GrpcClientProtocolClient.java:onNext(255)) - client-D91E5D1E15CE->f2ba01fc-a63e-4348-bd18-030b60a135e7: receive RaftClientReply:client-D91E5D1E15CE->f2ba01fc-a63e-4348-bd18-030b60a135e7@group-C8C62FEF0626, cid=1383, SUCCESS, logIndex=1956, commits[f2ba01fc-a63e-4348-bd18-030b60a135e7:c1956, eab135d4-a257-4705-b491-6c056b8c5df7:c1952, a4f67574-9018-43e7-8a54-351e98dc3d0a:c1952]
2019-08-23 07:08:58,331 | INFO  | DNAudit | user=null | ip=null | op=WRITE_CHUNK {blockData=conID: 3 locID: 102665036648677858 bcsId: 0} | ret=SUCCESS |  
2019-08-23 07:08:58,332 | INFO  | DNAudit | user=null | ip=null | op=PUT_BLOCK {blockData=[blockId=conID: 3 locID: 102665036648677858 bcsId: 0,size=1048576]} | ret=SUCCESS |  
2019-08-23 07:08:58,332 | INFO  | DNAudit | user=null | ip=null | op=WRITE_CHUNK {blockData=conID: 3 locID: 102665036648677858 bcsId: 0} | ret=SUCCESS |  
2019-08-23 07:08:58,332 | INFO  | DNAudit | user=null | ip=null | op=PUT_BLOCK {blockData=[blockId=conID: 3 locID: 102665036648677858 bcsId: 0,size=1048576]} | ret=SUCCESS |  
2019-08-23 07:08:58,332 | INFO  | DNAudit | user=null | ip=null | op=WRITE_CHUNK {blockData=conID: 3 locID: 102665036648677858 bcsId: 0} | ret=SUCCESS |  
2019-08-23 07:08:58,332 [grpc-default-executor-4] INFO  client.GrpcClientProtocolClient (GrpcClientProtocolClient.java:onNext(255)) - client-D91E5D1E15CE->f2ba01fc-a63e-4348-bd18-030b60a135e7: receive RaftClientReply:client-D91E5D1E15CE->f2ba01fc-a63e-4348-bd18-030b60a135e7@group-C8C62FEF0626, cid=1384, SUCCESS, logIndex=0, commits[f2ba01fc-a63e-4348-bd18-030b60a135e7:c1958, eab135d4-a257-4705-b491-6c056b8c5df7:c1954, a4f67574-9018-43e7-8a54-351e98dc3d0a:c1954]
2019-08-23 07:08:58,332 | INFO  | DNAudit | user=null | ip=null | op=PUT_BLOCK {blockData=[blockId=conID: 3 locID: 102665036648677858 bcsId: 0,size=2097152]} | ret=SUCCESS |  
2019-08-23 07:08:58,332 | INFO  | DNAudit | user=null | ip=null | op=WRITE_CHUNK {blockData=conID: 3 locID: 102665036648677858 bcsId: 0} | ret=SUCCESS |  
2019-08-23 07:08:58,333 | INFO  | DNAudit | user=null | ip=null | op=PUT_BLOCK {blockData=[blockId=conID: 3 locID: 102665036648677858 bcsId: 0,size=2097152]} | ret=SUCCESS |  
2019-08-23 07:08:58,338 | INFO  | DNAudit | user=null | ip=null | op=WRITE_CHUNK {blockData=conID: 3 locID: 102665036648677858 bcsId: 1956} | ret=SUCCESS |  
2019-08-23 07:08:58,339 | INFO  | DNAudit | user=null | ip=null | op=WRITE_CHUNK {blockData=conID: 3 locID: 102665036648677858 bcsId: 1956} | ret=SUCCESS |  
2019-08-23 07:08:58,339 | INFO  | DNAudit | user=null | ip=null | op=WRITE_CHUNK {blockData=conID: 3 locID: 102665036648677858 bcsId: 1956} | ret=SUCCESS |  
2019-08-23 07:08:58,341 | INFO  | DNAudit | user=null | ip=null | op=WRITE_CHUNK {blockData=conID: 3 locID: 102665036648677858 bcsId: 1956} | ret=SUCCESS |  
2019-08-23 07:08:58,341 | INFO  | DNAudit | user=null | ip=null | op=PUT_BLOCK {blockData=[blockId=conID: 3 locID: 102665036648677858 bcsId: 0,size=3145728]} | ret=SUCCESS |  
2019-08-23 07:08:58,341 [grpc-default-executor-2] INFO  client.GrpcClientProtocolClient (GrpcClientProtocolClient.java:onNext(255)) - client-D91E5D1E15CE->f2ba01fc-a63e-4348-bd18-030b60a135e7: receive RaftClientReply:client-D91E5D1E15CE->f2ba01fc-a63e-4348-bd18-030b60a135e7@group-C8C62FEF0626, cid=1385, SUCCESS, logIndex=1961, commits[f2ba01fc-a63e-4348-bd18-030b60a135e7:c1962, eab135d4-a257-4705-b491-6c056b8c5df7:c1960, a4f67574-9018-43e7-8a54-351e98dc3d0a:c1956]
2019-08-23 07:08:58,342 [grpc-default-executor-2] INFO  client.GrpcClientProtocolClient (GrpcClientProtocolClient.java:onNext(255)) - client-D91E5D1E15CE->f2ba01fc-a63e-4348-bd18-030b60a135e7: receive RaftClientReply:client-D91E5D1E15CE->f2ba01fc-a63e-4348-bd18-030b60a135e7@group-C8C62FEF0626, cid=1386, SUCCESS, logIndex=1962, commits[f2ba01fc-a63e-4348-bd18-030b60a135e7:c1962, eab135d4-a257-4705-b491-6c056b8c5df7:c1960, a4f67574-9018-43e7-8a54-351e98dc3d0a:c1960]
2019-08-23 07:08:58,342 | INFO  | DNAudit | user=null | ip=null | op=WRITE_CHUNK {blockData=conID: 3 locID: 102665036648677858 bcsId: 1956} | ret=SUCCESS |  
2019-08-23 07:08:58,342 | INFO  | DNAudit | user=null | ip=null | op=WRITE_CHUNK {blockData=conID: 3 locID: 102665036648677858 bcsId: 1956} | ret=SUCCESS |  
2019-08-23 07:08:58,342 | INFO  | DNAudit | user=null | ip=null | op=PUT_BLOCK {blockData=[blockId=conID: 3 locID: 102665036648677858 bcsId: 0,size=3145728]} | ret=SUCCESS |  
2019-08-23 07:08:58,344 | INFO  | DNAudit | user=null | ip=null | op=PUT_BLOCK {blockData=[blockId=conID: 3 locID: 102665036648677858 bcsId: 0,size=3145728]} | ret=SUCCESS |  
2019-08-23 07:08:58,347 | INFO  | DNAudit | user=null | ip=null | op=WRITE_CHUNK {blockData=conID: 3 locID: 102665036648677858 bcsId: 1962} | ret=SUCCESS |  
2019-08-23 07:08:58,348 | INFO  | DNAudit | user=null | ip=null | op=WRITE_CHUNK {blockData=conID: 3 locID: 102665036648677858 bcsId: 1962} | ret=SUCCESS |  
2019-08-23 07:08:58,348 | INFO  | DNAudit | user=null | ip=null | op=WRITE_CHUNK {blockData=conID: 3 locID: 102665036648677858 bcsId: 1962} | ret=SUCCESS |  
2019-08-23 07:08:58,350 | INFO  | DNAudit | user=null | ip=null | op=WRITE_CHUNK {blockData=conID: 3 locID: 102665036648677858 bcsId: 1962} | ret=SUCCESS |  
2019-08-23 07:08:58,350 | INFO  | DNAudit | user=null | ip=null | op=PUT_BLOCK {blockData=[blockId=conID: 3 locID: 102665036648677858 bcsId: 0,size=4194304]} | ret=SUCCESS |  
2019-08-23 07:08:58,350 [grpc-default-executor-2] INFO  client.GrpcClientProtocolClient (GrpcClientProtocolClient.java:onNext(255)) - client-D91E5D1E15CE->f2ba01fc-a63e-4348-bd18-030b60a135e7: receive RaftClientReply:client-D91E5D1E15CE->f2ba01fc-a63e-4348-bd18-030b60a135e7@group-C8C62FEF0626, cid=1387, SUCCESS, logIndex=1965, commits[f2ba01fc-a63e-4348-bd18-030b60a135e7:c1966, eab135d4-a257-4705-b491-6c056b8c5df7:c1964, a4f67574-9018-43e7-8a54-351e98dc3d0a:c1962]
2019-08-23 07:08:58,350 [grpc-default-executor-2] INFO  client.GrpcClientProtocolClient (GrpcClientProtocolClient.java:onNext(255)) - client-D91E5D1E15CE->f2ba01fc-a63e-4348-bd18-030b60a135e7: receive RaftClientReply:client-D91E5D1E15CE->f2ba01fc-a63e-4348-bd18-030b60a135e7@group-C8C62FEF0626, cid=1388, SUCCESS, logIndex=1966, commits[f2ba01fc-a63e-4348-bd18-030b60a135e7:c1966, eab135d4-a257-4705-b491-6c056b8c5df7:c1964, a4f67574-9018-43e7-8a54-351e98dc3d0a:c1964]
2019-08-23 07:08:58,351 | INFO  | DNAudit | user=null | ip=null | op=WRITE_CHUNK {blockData=conID: 3 locID: 102665036648677858 bcsId: 1962} | ret=SUCCESS |  
2019-08-23 07:08:58,351 | INFO  | DNAudit | user=null | ip=null | op=WRITE_CHUNK {blockData=conID: 3 locID: 102665036648677858 bcsId: 1962} | ret=SUCCESS |  
2019-08-23 07:08:58,351 | INFO  | DNAudit | user=null | ip=null | op=PUT_BLOCK {blockData=[blockId=conID: 3 locID: 102665036648677858 bcsId: 0,size=4194304]} | ret=SUCCESS |  
2019-08-23 07:08:58,352 | INFO  | DNAudit | user=null | ip=null | op=PUT_BLOCK {blockData=[blockId=conID: 3 locID: 102665036648677858 bcsId: 0,size=4194304]} | ret=SUCCESS |  
2019-08-23 07:08:58,353 [grpc-default-executor-4] INFO  client.GrpcClientProtocolClient (GrpcClientProtocolClient.java:onNext(255)) - client-D91E5D1E15CE->f2ba01fc-a63e-4348-bd18-030b60a135e7: receive RaftClientReply:client-D91E5D1E15CE->f2ba01fc-a63e-4348-bd18-030b60a135e7@group-C8C62FEF0626, cid=1389, SUCCESS, logIndex=0, commits[f2ba01fc-a63e-4348-bd18-030b60a135e7:c1968, eab135d4-a257-4705-b491-6c056b8c5df7:c1966, a4f67574-9018-43e7-8a54-351e98dc3d0a:c1966]
2019-08-23 07:08:58,357 | INFO  | SCMAudit | user=jenkins1000 | ip=192.168.5.178 | op=ALLOCATE_BLOCK {owner=aaf04d22-10dd-4717-8862-c651bdde72cf, size=4194304, type=RATIS, factor=THREE} | ret=SUCCESS |  
2019-08-23 07:08:58,359 | INFO  | OMAudit | user=jenkins1000 | ip=127.0.0.1 | op=ALLOCATE_BLOCK {volume=vol-0-67663, bucket=bucket-0-68950, key=key-0-26970, dataSize=0, replicationType=null, replicationFactor=null, keyLocationInfo=null, clientID=102665036030476690} | ret=SUCCESS |  
2019-08-23 07:08:58,364 | INFO  | DNAudit | user=null | ip=null | op=WRITE_CHUNK {blockData=conID: 1 locID: 102665036651299299 bcsId: 0} | ret=SUCCESS |  
2019-08-23 07:08:58,366 | INFO  | DNAudit | user=null | ip=null | op=WRITE_CHUNK {blockData=conID: 1 locID: 102665036651299299 bcsId: 0} | ret=SUCCESS |  
2019-08-23 07:08:58,366 | INFO  | DNAudit | user=null | ip=null | op=WRITE_CHUNK {blockData=conID: 1 locID: 102665036651299299 bcsId: 0} | ret=SUCCESS |  
2019-08-23 07:08:58,366 | INFO  | DNAudit | user=null | ip=null | op=WRITE_CHUNK {blockData=conID: 1 locID: 102665036651299299 bcsId: 0} | ret=SUCCESS |  
2019-08-23 07:08:58,368 | INFO  | DNAudit | user=null | ip=null | op=WRITE_CHUNK {blockData=conID: 1 locID: 102665036651299299 bcsId: 0} | ret=SUCCESS |  
2019-08-23 07:08:58,368 | INFO  | DNAudit | user=null | ip=null | op=WRITE_CHUNK {blockData=conID: 1 locID: 102665036651299299 bcsId: 0} | ret=SUCCESS |  
2019-08-23 07:08:58,368 | INFO  | DNAudit | user=null | ip=null | op=WRITE_CHUNK {blockData=conID: 1 locID: 102665036651299299 bcsId: 0} | ret=SUCCESS |  
2019-08-23 07:08:58,368 | INFO  | DNAudit | user=null | ip=null | op=PUT_BLOCK {blockData=[blockId=conID: 1 locID: 102665036651299299 bcsId: 0,size=1048576]} | ret=SUCCESS |  
2019-08-23 07:08:58,368 [grpc-default-executor-4] INFO  client.GrpcClientProtocolClient (GrpcClientProtocolClient.java:onNext(255)) - client-D91E5D1E15CE->f2ba01fc-a63e-4348-bd18-030b60a135e7: receive RaftClientReply:client-D91E5D1E15CE->f2ba01fc-a63e-4348-bd18-030b60a135e7@group-C8C62FEF0626, cid=1390, SUCCESS, logIndex=1969, commits[f2ba01fc-a63e-4348-bd18-030b60a135e7:c1970, eab135d4-a257-4705-b491-6c056b8c5df7:c1968, a4f67574-9018-43e7-8a54-351e98dc3d0a:c1966]
2019-08-23 07:08:58,369 [grpc-default-executor-4] INFO  client.GrpcClientProtocolClient (GrpcClientProtocolClient.java:onNext(255)) - client-D91E5D1E15CE->f2ba01fc-a63e-4348-bd18-030b60a135e7: receive RaftClientReply:client-D91E5D1E15CE->f2ba01fc-a63e-4348-bd18-030b60a135e7@group-C8C62FEF0626, cid=1391, SUCCESS, logIndex=1970, commits[f2ba01fc-a63e-4348-bd18-030b60a135e7:c1970, eab135d4-a257-4705-b491-6c056b8c5df7:c1968, a4f67574-9018-43e7-8a54-351e98dc3d0a:c1966]
2019-08-23 07:08:58,370 | INFO  | DNAudit | user=null | ip=null | op=WRITE_CHUNK {blockData=conID: 1 locID: 102665036651299299 bcsId: 0} | ret=SUCCESS |  
2019-08-23 07:08:58,370 | INFO  | DNAudit | user=null | ip=null | op=WRITE_CHUNK {blockData=conID: 1 locID: 102665036651299299 bcsId: 0} | ret=SUCCESS |  
2019-08-23 07:08:58,370 | INFO  | DNAudit | user=null | ip=null | op=PUT_BLOCK {blockData=[blockId=conID: 1 locID: 102665036651299299 bcsId: 0,size=1048576]} | ret=SUCCESS |  
2019-08-23 07:08:58,370 | INFO  | DNAudit | user=null | ip=null | op=PUT_BLOCK {blockData=[blockId=conID: 1 locID: 102665036651299299 bcsId: 0,size=2097152]} | ret=SUCCESS |  
2019-08-23 07:08:58,370 [grpc-default-executor-2] INFO  client.GrpcClientProtocolClient (GrpcClientProtocolClient.java:onNext(255)) - client-D91E5D1E15CE->f2ba01fc-a63e-4348-bd18-030b60a135e7: receive RaftClientReply:client-D91E5D1E15CE->f2ba01fc-a63e-4348-bd18-030b60a135e7@group-C8C62FEF0626, cid=1392, SUCCESS, logIndex=1971, commits[f2ba01fc-a63e-4348-bd18-030b60a135e7:c1972, eab135d4-a257-4705-b491-6c056b8c5df7:c1970, a4f67574-9018-43e7-8a54-351e98dc3d0a:c1968]
2019-08-23 07:08:58,370 | INFO  | DNAudit | user=null | ip=null | op=WRITE_CHUNK {blockData=conID: 1 locID: 102665036651299299 bcsId: 0} | ret=SUCCESS |  
2019-08-23 07:08:58,371 | INFO  | DNAudit | user=null | ip=null | op=PUT_BLOCK {blockData=[blockId=conID: 1 locID: 102665036651299299 bcsId: 0,size=1048576]} | ret=SUCCESS |  
2019-08-23 07:08:58,371 [grpc-default-executor-2] INFO  client.GrpcClientProtocolClient (GrpcClientProtocolClient.java:onNext(255)) - client-D91E5D1E15CE->f2ba01fc-a63e-4348-bd18-030b60a135e7: receive RaftClientReply:client-D91E5D1E15CE->f2ba01fc-a63e-4348-bd18-030b60a135e7@group-C8C62FEF0626, cid=1393, SUCCESS, logIndex=1972, commits[f2ba01fc-a63e-4348-bd18-030b60a135e7:c1974, eab135d4-a257-4705-b491-6c056b8c5df7:c1970, a4f67574-9018-43e7-8a54-351e98dc3d0a:c1968]
2019-08-23 07:08:58,371 | INFO  | DNAudit | user=null | ip=null | op=WRITE_CHUNK {blockData=conID: 1 locID: 102665036651299299 bcsId: 0} | ret=SUCCESS |  
2019-08-23 07:08:58,371 | INFO  | DNAudit | user=null | ip=null | op=PUT_BLOCK {blockData=[blockId=conID: 1 locID: 102665036651299299 bcsId: 0,size=2097152]} | ret=SUCCESS |  
2019-08-23 07:08:58,371 [grpc-default-executor-2] INFO  client.GrpcClientProtocolClient (GrpcClientProtocolClient.java:onNext(255)) - client-D91E5D1E15CE->f2ba01fc-a63e-4348-bd18-030b60a135e7: receive RaftClientReply:client-D91E5D1E15CE->f2ba01fc-a63e-4348-bd18-030b60a135e7@group-C8C62FEF0626, cid=1394, SUCCESS, logIndex=0, commits[f2ba01fc-a63e-4348-bd18-030b60a135e7:c1974, eab135d4-a257-4705-b491-6c056b8c5df7:c1970, a4f67574-9018-43e7-8a54-351e98dc3d0a:c1970]
2019-08-23 07:08:58,372 | INFO  | DNAudit | user=null | ip=null | op=WRITE_CHUNK {blockData=conID: 1 locID: 102665036651299299 bcsId: 0} | ret=SUCCESS |  
2019-08-23 07:08:58,372 | INFO  | DNAudit | user=null | ip=null | op=PUT_BLOCK {blockData=[blockId=conID: 1 locID: 102665036651299299 bcsId: 0,size=2097152]} | ret=SUCCESS |  
2019-08-23 07:08:58,379 | INFO  | DNAudit | user=null | ip=null | op=WRITE_CHUNK {blockData=conID: 1 locID: 102665036651299299 bcsId: 1972} | ret=SUCCESS |  
2019-08-23 07:08:58,381 | INFO  | DNAudit | user=null | ip=null | op=WRITE_CHUNK {blockData=conID: 1 locID: 102665036651299299 bcsId: 1972} | ret=SUCCESS |  
2019-08-23 07:08:58,381 | INFO  | DNAudit | user=null | ip=null | op=WRITE_CHUNK {blockData=conID: 1 locID: 102665036651299299 bcsId: 1972} | ret=SUCCESS |  
2019-08-23 07:08:58,399 | INFO  | DNAudit | user=null | ip=null | op=WRITE_CHUNK {blockData=conID: 1 locID: 102665036651299299 bcsId: 1972} | ret=SUCCESS |  
2019-08-23 07:08:58,400 | INFO  | DNAudit | user=null | ip=null | op=PUT_BLOCK {blockData=[blockId=conID: 1 locID: 102665036651299299 bcsId: 0,size=3145728]} | ret=SUCCESS |  
2019-08-23 07:08:58,400 [grpc-default-executor-6] INFO  client.GrpcClientProtocolClient (GrpcClientProtocolClient.java:onNext(255)) - client-D91E5D1E15CE->f2ba01fc-a63e-4348-bd18-030b60a135e7: receive RaftClientReply:client-D91E5D1E15CE->f2ba01fc-a63e-4348-bd18-030b60a135e7@group-C8C62FEF0626, cid=1395, SUCCESS, logIndex=1977, commits[f2ba01fc-a63e-4348-bd18-030b60a135e7:c1978, eab135d4-a257-4705-b491-6c056b8c5df7:c1976, a4f67574-9018-43e7-8a54-351e98dc3d0a:c1976]
2019-08-23 07:08:58,400 [grpc-default-executor-6] INFO  client.GrpcClientProtocolClient (GrpcClientProtocolClient.java:onNext(255)) - client-D91E5D1E15CE->f2ba01fc-a63e-4348-bd18-030b60a135e7: receive RaftClientReply:client-D91E5D1E15CE->f2ba01fc-a63e-4348-bd18-030b60a135e7@group-C8C62FEF0626, cid=1396, SUCCESS, logIndex=1978, commits[f2ba01fc-a63e-4348-bd18-030b60a135e7:c1978, eab135d4-a257-4705-b491-6c056b8c5df7:c1976, a4f67574-9018-43e7-8a54-351e98dc3d0a:c1976]
2019-08-23 07:08:58,406 | INFO  | DNAudit | user=null | ip=null | op=WRITE_CHUNK {blockData=conID: 1 locID: 102665036651299299 bcsId: 1978} | ret=SUCCESS |  
2019-08-23 07:08:58,408 | INFO  | DNAudit | user=null | ip=null | op=WRITE_CHUNK {blockData=conID: 1 locID: 102665036651299299 bcsId: 1978} | ret=SUCCESS |  
2019-08-23 07:08:58,409 | INFO  | DNAudit | user=null | ip=null | op=WRITE_CHUNK {blockData=conID: 1 locID: 102665036651299299 bcsId: 1978} | ret=SUCCESS |  
2019-08-23 07:08:58,411 | INFO  | DNAudit | user=null | ip=null | op=WRITE_CHUNK {blockData=conID: 1 locID: 102665036651299299 bcsId: 1972} | ret=SUCCESS |  
2019-08-23 07:08:58,411 | INFO  | DNAudit | user=null | ip=null | op=WRITE_CHUNK {blockData=conID: 1 locID: 102665036651299299 bcsId: 1972} | ret=SUCCESS |  
2019-08-23 07:08:58,412 | INFO  | DNAudit | user=null | ip=null | op=PUT_BLOCK {blockData=[blockId=conID: 1 locID: 102665036651299299 bcsId: 0,size=3145728]} | ret=SUCCESS |  
2019-08-23 07:08:58,412 | INFO  | DNAudit | user=null | ip=null | op=PUT_BLOCK {blockData=[blockId=conID: 1 locID: 102665036651299299 bcsId: 0,size=3145728]} | ret=SUCCESS |  
2019-08-23 07:08:58,413 | INFO  | DNAudit | user=null | ip=null | op=WRITE_CHUNK {blockData=conID: 1 locID: 102665036651299299 bcsId: 1978} | ret=SUCCESS |  
2019-08-23 07:08:58,413 | INFO  | DNAudit | user=null | ip=null | op=PUT_BLOCK {blockData=[blockId=conID: 1 locID: 102665036651299299 bcsId: 0,size=4194304]} | ret=SUCCESS |  
2019-08-23 07:08:58,413 [grpc-default-executor-2] INFO  client.GrpcClientProtocolClient (GrpcClientProtocolClient.java:onNext(255)) - client-D91E5D1E15CE->f2ba01fc-a63e-4348-bd18-030b60a135e7: receive RaftClientReply:client-D91E5D1E15CE->f2ba01fc-a63e-4348-bd18-030b60a135e7@group-C8C62FEF0626, cid=1397, SUCCESS, logIndex=1981, commits[f2ba01fc-a63e-4348-bd18-030b60a135e7:c1982, eab135d4-a257-4705-b491-6c056b8c5df7:c1978, a4f67574-9018-43e7-8a54-351e98dc3d0a:c1978]
2019-08-23 07:08:58,413 [grpc-default-executor-2] INFO  client.GrpcClientProtocolClient (GrpcClientProtocolClient.java:onNext(255)) - client-D91E5D1E15CE->f2ba01fc-a63e-4348-bd18-030b60a135e7: receive RaftClientReply:client-D91E5D1E15CE->f2ba01fc-a63e-4348-bd18-030b60a135e7@group-C8C62FEF0626, cid=1398, SUCCESS, logIndex=1982, commits[f2ba01fc-a63e-4348-bd18-030b60a135e7:c1982, eab135d4-a257-4705-b491-6c056b8c5df7:c1978, a4f67574-9018-43e7-8a54-351e98dc3d0a:c1978]
2019-08-23 07:08:58,424 | INFO  | DNAudit | user=null | ip=null | op=WRITE_CHUNK {blockData=conID: 1 locID: 102665036651299299 bcsId: 1978} | ret=SUCCESS |  
2019-08-23 07:08:58,424 | INFO  | DNAudit | user=null | ip=null | op=WRITE_CHUNK {blockData=conID: 1 locID: 102665036651299299 bcsId: 1978} | ret=SUCCESS |  
2019-08-23 07:08:58,426 | INFO  | DNAudit | user=null | ip=null | op=PUT_BLOCK {blockData=[blockId=conID: 1 locID: 102665036651299299 bcsId: 0,size=4194304]} | ret=SUCCESS |  
2019-08-23 07:08:58,426 | INFO  | DNAudit | user=null | ip=null | op=PUT_BLOCK {blockData=[blockId=conID: 1 locID: 102665036651299299 bcsId: 0,size=4194304]} | ret=SUCCESS |  
2019-08-23 07:08:58,426 [grpc-default-executor-2] INFO  client.GrpcClientProtocolClient (GrpcClientProtocolClient.java:onNext(255)) - client-D91E5D1E15CE->f2ba01fc-a63e-4348-bd18-030b60a135e7: receive RaftClientReply:client-D91E5D1E15CE->f2ba01fc-a63e-4348-bd18-030b60a135e7@group-C8C62FEF0626, cid=1399, SUCCESS, logIndex=0, commits[f2ba01fc-a63e-4348-bd18-030b60a135e7:c1984, eab135d4-a257-4705-b491-6c056b8c5df7:c1982, a4f67574-9018-43e7-8a54-351e98dc3d0a:c1982]
2019-08-23 07:08:58,430 | INFO  | SCMAudit | user=jenkins1000 | ip=192.168.5.178 | op=ALLOCATE_BLOCK {owner=aaf04d22-10dd-4717-8862-c651bdde72cf, size=4194304, type=RATIS, factor=THREE} | ret=SUCCESS |  
2019-08-23 07:08:58,433 | INFO  | OMAudit | user=jenkins1000 | ip=127.0.0.1 | op=ALLOCATE_BLOCK {volume=vol-0-67663, bucket=bucket-0-68950, key=key-0-26970, dataSize=0, replicationType=null, replicationFactor=null, keyLocationInfo=null, clientID=102665036030476690} | ret=SUCCESS |  
2019-08-23 07:08:58,438 | INFO  | DNAudit | user=null | ip=null | op=WRITE_CHUNK {blockData=conID: 2 locID: 102665036656148964 bcsId: 0} | ret=SUCCESS |  
2019-08-23 07:08:58,441 | INFO  | DNAudit | user=null | ip=null | op=WRITE_CHUNK {blockData=conID: 2 locID: 102665036656148964 bcsId: 0} | ret=SUCCESS |  
2019-08-23 07:08:58,441 | INFO  | DNAudit | user=null | ip=null | op=WRITE_CHUNK {blockData=conID: 2 locID: 102665036656148964 bcsId: 0} | ret=SUCCESS |  
2019-08-23 07:08:58,441 | INFO  | DNAudit | user=null | ip=null | op=WRITE_CHUNK {blockData=conID: 2 locID: 102665036656148964 bcsId: 0} | ret=SUCCESS |  
2019-08-23 07:08:58,442 | INFO  | DNAudit | user=null | ip=null | op=WRITE_CHUNK {blockData=conID: 2 locID: 102665036656148964 bcsId: 0} | ret=SUCCESS |  
2019-08-23 07:08:58,443 | INFO  | DNAudit | user=null | ip=null | op=WRITE_CHUNK {blockData=conID: 2 locID: 102665036656148964 bcsId: 0} | ret=SUCCESS |  
2019-08-23 07:08:58,450 | INFO  | DNAudit | user=null | ip=null | op=WRITE_CHUNK {blockData=conID: 2 locID: 102665036656148964 bcsId: 0} | ret=SUCCESS |  
2019-08-23 07:08:58,451 | INFO  | DNAudit | user=null | ip=null | op=PUT_BLOCK {blockData=[blockId=conID: 2 locID: 102665036656148964 bcsId: 0,size=1048576]} | ret=SUCCESS |  
2019-08-23 07:08:58,451 [grpc-default-executor-3] INFO  client.GrpcClientProtocolClient (GrpcClientProtocolClient.java:onNext(255)) - client-D91E5D1E15CE->f2ba01fc-a63e-4348-bd18-030b60a135e7: receive RaftClientReply:client-D91E5D1E15CE->f2ba01fc-a63e-4348-bd18-030b60a135e7@group-C8C62FEF0626, cid=1400, SUCCESS, logIndex=1985, commits[f2ba01fc-a63e-4348-bd18-030b60a135e7:c1986, eab135d4-a257-4705-b491-6c056b8c5df7:c1984, a4f67574-9018-43e7-8a54-351e98dc3d0a:c1984]
2019-08-23 07:08:58,451 | INFO  | DNAudit | user=null | ip=null | op=WRITE_CHUNK {blockData=conID: 2 locID: 102665036656148964 bcsId: 0} | ret=SUCCESS |  
2019-08-23 07:08:58,451 [grpc-default-executor-3] INFO  client.GrpcClientProtocolClient (GrpcClientProtocolClient.java:onNext(255)) - client-D91E5D1E15CE->f2ba01fc-a63e-4348-bd18-030b60a135e7: receive RaftClientReply:client-D91E5D1E15CE->f2ba01fc-a63e-4348-bd18-030b60a135e7@group-C8C62FEF0626, cid=1401, SUCCESS, logIndex=1986, commits[f2ba01fc-a63e-4348-bd18-030b60a135e7:c1988, eab135d4-a257-4705-b491-6c056b8c5df7:c1984, a4f67574-9018-43e7-8a54-351e98dc3d0a:c1984]
2019-08-23 07:08:58,451 | INFO  | DNAudit | user=null | ip=null | op=PUT_BLOCK {blockData=[blockId=conID: 2 locID: 102665036656148964 bcsId: 0,size=2097152]} | ret=SUCCESS |  
2019-08-23 07:08:58,451 [grpc-default-executor-3] INFO  client.GrpcClientProtocolClient (GrpcClientProtocolClient.java:onNext(255)) - client-D91E5D1E15CE->f2ba01fc-a63e-4348-bd18-030b60a135e7: receive RaftClientReply:client-D91E5D1E15CE->f2ba01fc-a63e-4348-bd18-030b60a135e7@group-C8C62FEF0626, cid=1402, SUCCESS, logIndex=1987, commits[f2ba01fc-a63e-4348-bd18-030b60a135e7:c1988, eab135d4-a257-4705-b491-6c056b8c5df7:c1984, a4f67574-9018-43e7-8a54-351e98dc3d0a:c1984]
2019-08-23 07:08:58,451 | INFO  | DNAudit | user=null | ip=null | op=WRITE_CHUNK {blockData=conID: 2 locID: 102665036656148964 bcsId: 0} | ret=SUCCESS |  
2019-08-23 07:08:58,452 [grpc-default-executor-3] INFO  client.GrpcClientProtocolClient (GrpcClientProtocolClient.java:onNext(255)) - client-D91E5D1E15CE->f2ba01fc-a63e-4348-bd18-030b60a135e7: receive RaftClientReply:client-D91E5D1E15CE->f2ba01fc-a63e-4348-bd18-030b60a135e7@group-C8C62FEF0626, cid=1403, SUCCESS, logIndex=1988, commits[f2ba01fc-a63e-4348-bd18-030b60a135e7:c1988, eab135d4-a257-4705-b491-6c056b8c5df7:c1984, a4f67574-9018-43e7-8a54-351e98dc3d0a:c1984]
2019-08-23 07:08:58,452 | INFO  | DNAudit | user=null | ip=null | op=WRITE_CHUNK {blockData=conID: 2 locID: 102665036656148964 bcsId: 0} | ret=SUCCESS |  
2019-08-23 07:08:58,452 | INFO  | DNAudit | user=null | ip=null | op=PUT_BLOCK {blockData=[blockId=conID: 2 locID: 102665036656148964 bcsId: 0,size=1048576]} | ret=SUCCESS |  
2019-08-23 07:08:58,453 | INFO  | DNAudit | user=null | ip=null | op=WRITE_CHUNK {blockData=conID: 2 locID: 102665036656148964 bcsId: 0} | ret=SUCCESS |  
2019-08-23 07:08:58,453 | INFO  | DNAudit | user=null | ip=null | op=PUT_BLOCK {blockData=[blockId=conID: 2 locID: 102665036656148964 bcsId: 0,size=1048576]} | ret=SUCCESS |  
2019-08-23 07:08:58,453 | INFO  | DNAudit | user=null | ip=null | op=PUT_BLOCK {blockData=[blockId=conID: 2 locID: 102665036656148964 bcsId: 0,size=2097152]} | ret=SUCCESS |  
2019-08-23 07:08:58,453 | INFO  | DNAudit | user=null | ip=null | op=WRITE_CHUNK {blockData=conID: 2 locID: 102665036656148964 bcsId: 0} | ret=SUCCESS |  
2019-08-23 07:08:58,453 | INFO  | DNAudit | user=null | ip=null | op=PUT_BLOCK {blockData=[blockId=conID: 2 locID: 102665036656148964 bcsId: 0,size=2097152]} | ret=SUCCESS |  
2019-08-23 07:08:58,453 [grpc-default-executor-3] INFO  client.GrpcClientProtocolClient (GrpcClientProtocolClient.java:onNext(255)) - client-D91E5D1E15CE->f2ba01fc-a63e-4348-bd18-030b60a135e7: receive RaftClientReply:client-D91E5D1E15CE->f2ba01fc-a63e-4348-bd18-030b60a135e7@group-C8C62FEF0626, cid=1404, SUCCESS, logIndex=0, commits[f2ba01fc-a63e-4348-bd18-030b60a135e7:c1991, eab135d4-a257-4705-b491-6c056b8c5df7:c1986, a4f67574-9018-43e7-8a54-351e98dc3d0a:c1988]
2019-08-23 07:08:58,459 | INFO  | DNAudit | user=null | ip=null | op=WRITE_CHUNK {blockData=conID: 2 locID: 102665036656148964 bcsId: 1988} | ret=SUCCESS |  
2019-08-23 07:08:58,461 | INFO  | DNAudit | user=null | ip=null | op=WRITE_CHUNK {blockData=conID: 2 locID: 102665036656148964 bcsId: 1988} | ret=SUCCESS |  
2019-08-23 07:08:58,461 | INFO  | DNAudit | user=null | ip=null | op=WRITE_CHUNK {blockData=conID: 2 locID: 102665036656148964 bcsId: 1988} | ret=SUCCESS |  
2019-08-23 07:08:58,471 | INFO  | DNAudit | user=null | ip=null | op=WRITE_CHUNK {blockData=conID: 2 locID: 102665036656148964 bcsId: 1988} | ret=SUCCESS |  
2019-08-23 07:08:58,472 | INFO  | DNAudit | user=null | ip=null | op=PUT_BLOCK {blockData=[blockId=conID: 2 locID: 102665036656148964 bcsId: 0,size=3145728]} | ret=SUCCESS |  
2019-08-23 07:08:58,472 [grpc-default-executor-6] INFO  client.GrpcClientProtocolClient (GrpcClientProtocolClient.java:onNext(255)) - client-D91E5D1E15CE->f2ba01fc-a63e-4348-bd18-030b60a135e7: receive RaftClientReply:client-D91E5D1E15CE->f2ba01fc-a63e-4348-bd18-030b60a135e7@group-C8C62FEF0626, cid=1405, SUCCESS, logIndex=1993, commits[f2ba01fc-a63e-4348-bd18-030b60a135e7:c1994, eab135d4-a257-4705-b491-6c056b8c5df7:c1992, a4f67574-9018-43e7-8a54-351e98dc3d0a:c1992]
2019-08-23 07:08:58,472 [grpc-default-executor-6] INFO  client.GrpcClientProtocolClient (GrpcClientProtocolClient.java:onNext(255)) - client-D91E5D1E15CE->f2ba01fc-a63e-4348-bd18-030b60a135e7: receive RaftClientReply:client-D91E5D1E15CE->f2ba01fc-a63e-4348-bd18-030b60a135e7@group-C8C62FEF0626, cid=1406, SUCCESS, logIndex=1994, commits[f2ba01fc-a63e-4348-bd18-030b60a135e7:c1994, eab135d4-a257-4705-b491-6c056b8c5df7:c1992, a4f67574-9018-43e7-8a54-351e98dc3d0a:c1992]
2019-08-23 07:08:58,478 | INFO  | DNAudit | user=null | ip=null | op=WRITE_CHUNK {blockData=conID: 2 locID: 102665036656148964 bcsId: 1994} | ret=SUCCESS |  
2019-08-23 07:08:58,479 | INFO  | DNAudit | user=null | ip=null | op=WRITE_CHUNK {blockData=conID: 2 locID: 102665036656148964 bcsId: 1994} | ret=SUCCESS |  
2019-08-23 07:08:58,480 | INFO  | DNAudit | user=null | ip=null | op=WRITE_CHUNK {blockData=conID: 2 locID: 102665036656148964 bcsId: 1994} | ret=SUCCESS |  
2019-08-23 07:08:58,483 | INFO  | DNAudit | user=null | ip=null | op=WRITE_CHUNK {blockData=conID: 2 locID: 102665036656148964 bcsId: 1988} | ret=SUCCESS |  
2019-08-23 07:08:58,483 | INFO  | DNAudit | user=null | ip=null | op=WRITE_CHUNK {blockData=conID: 2 locID: 102665036656148964 bcsId: 1988} | ret=SUCCESS |  
2019-08-23 07:08:58,484 | INFO  | DNAudit | user=null | ip=null | op=PUT_BLOCK {blockData=[blockId=conID: 2 locID: 102665036656148964 bcsId: 0,size=3145728]} | ret=SUCCESS |  
2019-08-23 07:08:58,484 | INFO  | DNAudit | user=null | ip=null | op=PUT_BLOCK {blockData=[blockId=conID: 2 locID: 102665036656148964 bcsId: 0,size=3145728]} | ret=SUCCESS |  
2019-08-23 07:08:58,484 | INFO  | DNAudit | user=null | ip=null | op=WRITE_CHUNK {blockData=conID: 2 locID: 102665036656148964 bcsId: 1994} | ret=SUCCESS |  
2019-08-23 07:08:58,484 | INFO  | DNAudit | user=null | ip=null | op=PUT_BLOCK {blockData=[blockId=conID: 2 locID: 102665036656148964 bcsId: 0,size=4194304]} | ret=SUCCESS |  
2019-08-23 07:08:58,484 [grpc-default-executor-2] INFO  client.GrpcClientProtocolClient (GrpcClientProtocolClient.java:onNext(255)) - client-D91E5D1E15CE->f2ba01fc-a63e-4348-bd18-030b60a135e7: receive RaftClientReply:client-D91E5D1E15CE->f2ba01fc-a63e-4348-bd18-030b60a135e7@group-C8C62FEF0626, cid=1407, SUCCESS, logIndex=1997, commits[f2ba01fc-a63e-4348-bd18-030b60a135e7:c1998, eab135d4-a257-4705-b491-6c056b8c5df7:c1994, a4f67574-9018-43e7-8a54-351e98dc3d0a:c1994]
2019-08-23 07:08:58,485 [grpc-default-executor-2] INFO  client.GrpcClientProtocolClient (GrpcClientProtocolClient.java:onNext(255)) - client-D91E5D1E15CE->f2ba01fc-a63e-4348-bd18-030b60a135e7: receive RaftClientReply:client-D91E5D1E15CE->f2ba01fc-a63e-4348-bd18-030b60a135e7@group-C8C62FEF0626, cid=1408, SUCCESS, logIndex=1998, commits[f2ba01fc-a63e-4348-bd18-030b60a135e7:c1998, eab135d4-a257-4705-b491-6c056b8c5df7:c1994, a4f67574-9018-43e7-8a54-351e98dc3d0a:c1994]
2019-08-23 07:08:58,495 | INFO  | DNAudit | user=null | ip=null | op=WRITE_CHUNK {blockData=conID: 2 locID: 102665036656148964 bcsId: 1994} | ret=SUCCESS |  
2019-08-23 07:08:58,495 | INFO  | DNAudit | user=null | ip=null | op=WRITE_CHUNK {blockData=conID: 2 locID: 102665036656148964 bcsId: 1994} | ret=SUCCESS |  
2019-08-23 07:08:58,497 | INFO  | DNAudit | user=null | ip=null | op=PUT_BLOCK {blockData=[blockId=conID: 2 locID: 102665036656148964 bcsId: 0,size=4194304]} | ret=SUCCESS |  
2019-08-23 07:08:58,497 | INFO  | DNAudit | user=null | ip=null | op=PUT_BLOCK {blockData=[blockId=conID: 2 locID: 102665036656148964 bcsId: 0,size=4194304]} | ret=SUCCESS |  
2019-08-23 07:08:58,497 [grpc-default-executor-6] INFO  client.GrpcClientProtocolClient (GrpcClientProtocolClient.java:onNext(255)) - client-D91E5D1E15CE->f2ba01fc-a63e-4348-bd18-030b60a135e7: receive RaftClientReply:client-D91E5D1E15CE->f2ba01fc-a63e-4348-bd18-030b60a135e7@group-C8C62FEF0626, cid=1409, SUCCESS, logIndex=0, commits[f2ba01fc-a63e-4348-bd18-030b60a135e7:c2000, eab135d4-a257-4705-b491-6c056b8c5df7:c1998, a4f67574-9018-43e7-8a54-351e98dc3d0a:c1998]
2019-08-23 07:08:58,502 | INFO  | SCMAudit | user=jenkins1000 | ip=192.168.5.178 | op=ALLOCATE_BLOCK {owner=aaf04d22-10dd-4717-8862-c651bdde72cf, size=4194304, type=RATIS, factor=THREE} | ret=SUCCESS |  
2019-08-23 07:08:58,505 | INFO  | OMAudit | user=jenkins1000 | ip=127.0.0.1 | op=ALLOCATE_BLOCK {volume=vol-0-67663, bucket=bucket-0-68950, key=key-0-26970, dataSize=0, replicationType=null, replicationFactor=null, keyLocationInfo=null, clientID=102665036030476690} | ret=SUCCESS |  
2019-08-23 07:08:58,514 | INFO  | DNAudit | user=null | ip=null | op=WRITE_CHUNK {blockData=conID: 3 locID: 102665036660867557 bcsId: 0} | ret=SUCCESS |  
2019-08-23 07:08:58,515 | INFO  | DNAudit | user=null | ip=null | op=WRITE_CHUNK {blockData=conID: 3 locID: 102665036660867557 bcsId: 0} | ret=SUCCESS |  
2019-08-23 07:08:58,517 | INFO  | DNAudit | user=null | ip=null | op=WRITE_CHUNK {blockData=conID: 3 locID: 102665036660867557 bcsId: 0} | ret=SUCCESS |  
2019-08-23 07:08:58,518 | INFO  | DNAudit | user=null | ip=null | op=WRITE_CHUNK {blockData=conID: 3 locID: 102665036660867557 bcsId: 0} | ret=SUCCESS |  
2019-08-23 07:08:58,519 | INFO  | DNAudit | user=null | ip=null | op=WRITE_CHUNK {blockData=conID: 3 locID: 102665036660867557 bcsId: 0} | ret=SUCCESS |  
2019-08-23 07:08:58,520 | INFO  | DNAudit | user=null | ip=null | op=WRITE_CHUNK {blockData=conID: 3 locID: 102665036660867557 bcsId: 0} | ret=SUCCESS |  
2019-08-23 07:08:58,527 | INFO  | DNAudit | user=null | ip=null | op=WRITE_CHUNK {blockData=conID: 3 locID: 102665036660867557 bcsId: 0} | ret=SUCCESS |  
2019-08-23 07:08:58,527 | INFO  | DNAudit | user=null | ip=null | op=PUT_BLOCK {blockData=[blockId=conID: 3 locID: 102665036660867557 bcsId: 0,size=1048576]} | ret=SUCCESS |  
2019-08-23 07:08:58,527 | INFO  | DNAudit | user=null | ip=null | op=WRITE_CHUNK {blockData=conID: 3 locID: 102665036660867557 bcsId: 0} | ret=SUCCESS |  
2019-08-23 07:08:58,527 [grpc-default-executor-6] INFO  client.GrpcClientProtocolClient (GrpcClientProtocolClient.java:onNext(255)) - client-D91E5D1E15CE->f2ba01fc-a63e-4348-bd18-030b60a135e7: receive RaftClientReply:client-D91E5D1E15CE->f2ba01fc-a63e-4348-bd18-030b60a135e7@group-C8C62FEF0626, cid=1410, SUCCESS, logIndex=2001, commits[f2ba01fc-a63e-4348-bd18-030b60a135e7:c2004, eab135d4-a257-4705-b491-6c056b8c5df7:c2000, a4f67574-9018-43e7-8a54-351e98dc3d0a:c2000]
2019-08-23 07:08:58,528 | INFO  | DNAudit | user=null | ip=null | op=PUT_BLOCK {blockData=[blockId=conID: 3 locID: 102665036660867557 bcsId: 0,size=2097152]} | ret=SUCCESS |  
2019-08-23 07:08:58,528 [grpc-default-executor-6] INFO  client.GrpcClientProtocolClient (GrpcClientProtocolClient.java:onNext(255)) - client-D91E5D1E15CE->f2ba01fc-a63e-4348-bd18-030b60a135e7: receive RaftClientReply:client-D91E5D1E15CE->f2ba01fc-a63e-4348-bd18-030b60a135e7@group-C8C62FEF0626, cid=1411, SUCCESS, logIndex=2002, commits[f2ba01fc-a63e-4348-bd18-030b60a135e7:c2004, eab135d4-a257-4705-b491-6c056b8c5df7:c2000, a4f67574-9018-43e7-8a54-351e98dc3d0a:c2000]
2019-08-23 07:08:58,528 [grpc-default-executor-6] INFO  client.GrpcClientProtocolClient (GrpcClientProtocolClient.java:onNext(255)) - client-D91E5D1E15CE->f2ba01fc-a63e-4348-bd18-030b60a135e7: receive RaftClientReply:client-D91E5D1E15CE->f2ba01fc-a63e-4348-bd18-030b60a135e7@group-C8C62FEF0626, cid=1412, SUCCESS, logIndex=2003, commits[f2ba01fc-a63e-4348-bd18-030b60a135e7:c2004, eab135d4-a257-4705-b491-6c056b8c5df7:c2000, a4f67574-9018-43e7-8a54-351e98dc3d0a:c2000]
2019-08-23 07:08:58,528 [grpc-default-executor-6] INFO  client.GrpcClientProtocolClient (GrpcClientProtocolClient.java:onNext(255)) - client-D91E5D1E15CE->f2ba01fc-a63e-4348-bd18-030b60a135e7: receive RaftClientReply:client-D91E5D1E15CE->f2ba01fc-a63e-4348-bd18-030b60a135e7@group-C8C62FEF0626, cid=1413, SUCCESS, logIndex=2004, commits[f2ba01fc-a63e-4348-bd18-030b60a135e7:c2004, eab135d4-a257-4705-b491-6c056b8c5df7:c2000, a4f67574-9018-43e7-8a54-351e98dc3d0a:c2000]
2019-08-23 07:08:58,539 | INFO  | DNAudit | user=null | ip=null | op=WRITE_CHUNK {blockData=conID: 3 locID: 102665036660867557 bcsId: 0} | ret=SUCCESS |  
2019-08-23 07:08:58,539 | INFO  | DNAudit | user=null | ip=null | op=PUT_BLOCK {blockData=[blockId=conID: 3 locID: 102665036660867557 bcsId: 0,size=1048576]} | ret=SUCCESS |  
2019-08-23 07:08:58,540 | INFO  | DNAudit | user=null | ip=null | op=WRITE_CHUNK {blockData=conID: 3 locID: 102665036660867557 bcsId: 0} | ret=SUCCESS |  
2019-08-23 07:08:58,540 | INFO  | DNAudit | user=null | ip=null | op=PUT_BLOCK {blockData=[blockId=conID: 3 locID: 102665036660867557 bcsId: 0,size=2097152]} | ret=SUCCESS |  
2019-08-23 07:08:58,540 | INFO  | DNAudit | user=null | ip=null | op=WRITE_CHUNK {blockData=conID: 3 locID: 102665036660867557 bcsId: 0} | ret=SUCCESS |  
2019-08-23 07:08:58,540 | INFO  | DNAudit | user=null | ip=null | op=PUT_BLOCK {blockData=[blockId=conID: 3 locID: 102665036660867557 bcsId: 0,size=1048576]} | ret=SUCCESS |  
2019-08-23 07:08:58,540 | INFO  | DNAudit | user=null | ip=null | op=WRITE_CHUNK {blockData=conID: 3 locID: 102665036660867557 bcsId: 0} | ret=SUCCESS |  
2019-08-23 07:08:58,541 | INFO  | DNAudit | user=null | ip=null | op=PUT_BLOCK {blockData=[blockId=conID: 3 locID: 102665036660867557 bcsId: 0,size=2097152]} | ret=SUCCESS |  
2019-08-23 07:08:58,540 [grpc-default-executor-2] INFO  client.GrpcClientProtocolClient (GrpcClientProtocolClient.java:onNext(255)) - client-D91E5D1E15CE->f2ba01fc-a63e-4348-bd18-030b60a135e7: receive RaftClientReply:client-D91E5D1E15CE->f2ba01fc-a63e-4348-bd18-030b60a135e7@group-C8C62FEF0626, cid=1414, SUCCESS, logIndex=0, commits[f2ba01fc-a63e-4348-bd18-030b60a135e7:c2005, eab135d4-a257-4705-b491-6c056b8c5df7:c2002, a4f67574-9018-43e7-8a54-351e98dc3d0a:c2004]
2019-08-23 07:08:58,642 | INFO  | SCMAudit | user=jenkins1000 | ip=192.168.5.178 | op=SEND_HEARTBEAT {datanodeUUID=f2ba01fc-a63e-4348-bd18-030b60a135e7, command=[]} | ret=SUCCESS |  
2019-08-23 07:08:58,642 | INFO  | SCMAudit | user=jenkins1000 | ip=192.168.5.178 | op=SEND_HEARTBEAT {datanodeUUID=a4f67574-9018-43e7-8a54-351e98dc3d0a, command=[]} | ret=SUCCESS |  
2019-08-23 07:08:58,642 | INFO  | SCMAudit | user=jenkins1000 | ip=192.168.5.178 | op=SEND_HEARTBEAT {datanodeUUID=eab135d4-a257-4705-b491-6c056b8c5df7, command=[]} | ret=SUCCESS |  
2019-08-23 07:08:58,646 | INFO  | DNAudit | user=null | ip=null | op=WRITE_CHUNK {blockData=conID: 3 locID: 102665036660867557 bcsId: 2004} | ret=SUCCESS |  
2019-08-23 07:08:58,648 | INFO  | DNAudit | user=null | ip=null | op=WRITE_CHUNK {blockData=conID: 3 locID: 102665036660867557 bcsId: 2004} | ret=SUCCESS |  
2019-08-23 07:08:58,648 | INFO  | DNAudit | user=null | ip=null | op=WRITE_CHUNK {blockData=conID: 3 locID: 102665036660867557 bcsId: 2004} | ret=SUCCESS |  
2019-08-23 07:08:58,659 | INFO  | DNAudit | user=null | ip=null | op=WRITE_CHUNK {blockData=conID: 3 locID: 102665036660867557 bcsId: 2004} | ret=SUCCESS |  
2019-08-23 07:08:58,660 | INFO  | DNAudit | user=null | ip=null | op=PUT_BLOCK {blockData=[blockId=conID: 3 locID: 102665036660867557 bcsId: 0,size=3145728]} | ret=SUCCESS |  
2019-08-23 07:08:58,660 [grpc-default-executor-2] INFO  client.GrpcClientProtocolClient (GrpcClientProtocolClient.java:onNext(255)) - client-D91E5D1E15CE->f2ba01fc-a63e-4348-bd18-030b60a135e7: receive RaftClientReply:client-D91E5D1E15CE->f2ba01fc-a63e-4348-bd18-030b60a135e7@group-C8C62FEF0626, cid=1415, SUCCESS, logIndex=2008, commits[f2ba01fc-a63e-4348-bd18-030b60a135e7:c2009, eab135d4-a257-4705-b491-6c056b8c5df7:c2007, a4f67574-9018-43e7-8a54-351e98dc3d0a:c2007]
2019-08-23 07:08:58,660 [grpc-default-executor-2] INFO  client.GrpcClientProtocolClient (GrpcClientProtocolClient.java:onNext(255)) - client-D91E5D1E15CE->f2ba01fc-a63e-4348-bd18-030b60a135e7: receive RaftClientReply:client-D91E5D1E15CE->f2ba01fc-a63e-4348-bd18-030b60a135e7@group-C8C62FEF0626, cid=1416, SUCCESS, logIndex=2009, commits[f2ba01fc-a63e-4348-bd18-030b60a135e7:c2009, eab135d4-a257-4705-b491-6c056b8c5df7:c2007, a4f67574-9018-43e7-8a54-351e98dc3d0a:c2007]
2019-08-23 07:08:58,667 | INFO  | DNAudit | user=null | ip=null | op=WRITE_CHUNK {blockData=conID: 3 locID: 102665036660867557 bcsId: 2009} | ret=SUCCESS |  
2019-08-23 07:08:58,670 | INFO  | DNAudit | user=null | ip=null | op=WRITE_CHUNK {blockData=conID: 3 locID: 102665036660867557 bcsId: 2009} | ret=SUCCESS |  
2019-08-23 07:08:58,671 | INFO  | DNAudit | user=null | ip=null | op=WRITE_CHUNK {blockData=conID: 3 locID: 102665036660867557 bcsId: 2009} | ret=SUCCESS |  
2019-08-23 07:08:58,674 | INFO  | DNAudit | user=null | ip=null | op=WRITE_CHUNK {blockData=conID: 3 locID: 102665036660867557 bcsId: 2004} | ret=SUCCESS |  
2019-08-23 07:08:58,674 | INFO  | DNAudit | user=null | ip=null | op=WRITE_CHUNK {blockData=conID: 3 locID: 102665036660867557 bcsId: 2004} | ret=SUCCESS |  
2019-08-23 07:08:58,675 | INFO  | DNAudit | user=null | ip=null | op=PUT_BLOCK {blockData=[blockId=conID: 3 locID: 102665036660867557 bcsId: 0,size=3145728]} | ret=SUCCESS |  
2019-08-23 07:08:58,675 | INFO  | DNAudit | user=null | ip=null | op=PUT_BLOCK {blockData=[blockId=conID: 3 locID: 102665036660867557 bcsId: 0,size=3145728]} | ret=SUCCESS |  
2019-08-23 07:08:58,676 | INFO  | DNAudit | user=null | ip=null | op=WRITE_CHUNK {blockData=conID: 3 locID: 102665036660867557 bcsId: 2009} | ret=SUCCESS |  
2019-08-23 07:08:58,676 | INFO  | DNAudit | user=null | ip=null | op=PUT_BLOCK {blockData=[blockId=conID: 3 locID: 102665036660867557 bcsId: 0,size=4194304]} | ret=SUCCESS |  
2019-08-23 07:08:58,677 [grpc-default-executor-6] INFO  client.GrpcClientProtocolClient (GrpcClientProtocolClient.java:onNext(255)) - client-D91E5D1E15CE->f2ba01fc-a63e-4348-bd18-030b60a135e7: receive RaftClientReply:client-D91E5D1E15CE->f2ba01fc-a63e-4348-bd18-030b60a135e7@group-C8C62FEF0626, cid=1417, SUCCESS, logIndex=2012, commits[f2ba01fc-a63e-4348-bd18-030b60a135e7:c2012, eab135d4-a257-4705-b491-6c056b8c5df7:c2009, a4f67574-9018-43e7-8a54-351e98dc3d0a:c2009]
2019-08-23 07:08:58,677 [grpc-default-executor-6] INFO  client.GrpcClientProtocolClient (GrpcClientProtocolClient.java:onNext(255)) - client-D91E5D1E15CE->f2ba01fc-a63e-4348-bd18-030b60a135e7: receive RaftClientReply:client-D91E5D1E15CE->f2ba01fc-a63e-4348-bd18-030b60a135e7@group-C8C62FEF0626, cid=1418, SUCCESS, logIndex=2013, commits[f2ba01fc-a63e-4348-bd18-030b60a135e7:c2013, eab135d4-a257-4705-b491-6c056b8c5df7:c2009, a4f67574-9018-43e7-8a54-351e98dc3d0a:c2009]
2019-08-23 07:08:58,681 | INFO  | DNAudit | user=null | ip=null | op=WRITE_CHUNK {blockData=conID: 3 locID: 102665036660867557 bcsId: 2009} | ret=SUCCESS |  
2019-08-23 07:08:58,681 | INFO  | DNAudit | user=null | ip=null | op=WRITE_CHUNK {blockData=conID: 3 locID: 102665036660867557 bcsId: 2009} | ret=SUCCESS |  
2019-08-23 07:08:58,683 | INFO  | DNAudit | user=null | ip=null | op=PUT_BLOCK {blockData=[blockId=conID: 3 locID: 102665036660867557 bcsId: 0,size=4194304]} | ret=SUCCESS |  
2019-08-23 07:08:58,683 | INFO  | DNAudit | user=null | ip=null | op=PUT_BLOCK {blockData=[blockId=conID: 3 locID: 102665036660867557 bcsId: 0,size=4194304]} | ret=SUCCESS |  
2019-08-23 07:08:58,683 [grpc-default-executor-6] INFO  client.GrpcClientProtocolClient (GrpcClientProtocolClient.java:onNext(255)) - client-D91E5D1E15CE->f2ba01fc-a63e-4348-bd18-030b60a135e7: receive RaftClientReply:client-D91E5D1E15CE->f2ba01fc-a63e-4348-bd18-030b60a135e7@group-C8C62FEF0626, cid=1419, SUCCESS, logIndex=0, commits[f2ba01fc-a63e-4348-bd18-030b60a135e7:c2015, eab135d4-a257-4705-b491-6c056b8c5df7:c2013, a4f67574-9018-43e7-8a54-351e98dc3d0a:c2013]
2019-08-23 07:08:58,689 | INFO  | SCMAudit | user=jenkins1000 | ip=192.168.5.178 | op=ALLOCATE_BLOCK {owner=aaf04d22-10dd-4717-8862-c651bdde72cf, size=4194304, type=RATIS, factor=THREE} | ret=SUCCESS |  
2019-08-23 07:08:58,692 | INFO  | OMAudit | user=jenkins1000 | ip=127.0.0.1 | op=ALLOCATE_BLOCK {volume=vol-0-67663, bucket=bucket-0-68950, key=key-0-26970, dataSize=0, replicationType=null, replicationFactor=null, keyLocationInfo=null, clientID=102665036030476690} | ret=SUCCESS |  
2019-08-23 07:08:58,699 | INFO  | DNAudit | user=null | ip=null | op=WRITE_CHUNK {blockData=conID: 1 locID: 102665036673122790 bcsId: 0} | ret=SUCCESS |  
2019-08-23 07:08:58,702 | INFO  | DNAudit | user=null | ip=null | op=WRITE_CHUNK {blockData=conID: 1 locID: 102665036673122790 bcsId: 0} | ret=SUCCESS |  
2019-08-23 07:08:58,702 | INFO  | DNAudit | user=null | ip=null | op=WRITE_CHUNK {blockData=conID: 1 locID: 102665036673122790 bcsId: 0} | ret=SUCCESS |  
2019-08-23 07:08:58,703 | INFO  | DNAudit | user=null | ip=null | op=WRITE_CHUNK {blockData=conID: 1 locID: 102665036673122790 bcsId: 0} | ret=SUCCESS |  
2019-08-23 07:08:58,705 | INFO  | DNAudit | user=null | ip=null | op=WRITE_CHUNK {blockData=conID: 1 locID: 102665036673122790 bcsId: 0} | ret=SUCCESS |  
2019-08-23 07:08:58,706 | INFO  | DNAudit | user=null | ip=null | op=WRITE_CHUNK {blockData=conID: 1 locID: 102665036673122790 bcsId: 0} | ret=SUCCESS |  
2019-08-23 07:08:58,713 | INFO  | DNAudit | user=null | ip=null | op=WRITE_CHUNK {blockData=conID: 1 locID: 102665036673122790 bcsId: 0} | ret=SUCCESS |  
2019-08-23 07:08:58,713 | INFO  | DNAudit | user=null | ip=null | op=PUT_BLOCK {blockData=[blockId=conID: 1 locID: 102665036673122790 bcsId: 0,size=1048576]} | ret=SUCCESS |  
2019-08-23 07:08:58,714 [grpc-default-executor-6] INFO  client.GrpcClientProtocolClient (GrpcClientProtocolClient.java:onNext(255)) - client-D91E5D1E15CE->f2ba01fc-a63e-4348-bd18-030b60a135e7: receive RaftClientReply:client-D91E5D1E15CE->f2ba01fc-a63e-4348-bd18-030b60a135e7@group-C8C62FEF0626, cid=1420, SUCCESS, logIndex=2016, commits[f2ba01fc-a63e-4348-bd18-030b60a135e7:c2017, eab135d4-a257-4705-b491-6c056b8c5df7:c2015, a4f67574-9018-43e7-8a54-351e98dc3d0a:c2015]
2019-08-23 07:08:58,714 | INFO  | DNAudit | user=null | ip=null | op=WRITE_CHUNK {blockData=conID: 1 locID: 102665036673122790 bcsId: 0} | ret=SUCCESS |  
2019-08-23 07:08:58,714 [grpc-default-executor-6] INFO  client.GrpcClientProtocolClient (GrpcClientProtocolClient.java:onNext(255)) - client-D91E5D1E15CE->f2ba01fc-a63e-4348-bd18-030b60a135e7: receive RaftClientReply:client-D91E5D1E15CE->f2ba01fc-a63e-4348-bd18-030b60a135e7@group-C8C62FEF0626, cid=1421, SUCCESS, logIndex=2017, commits[f2ba01fc-a63e-4348-bd18-030b60a135e7:c2018, eab135d4-a257-4705-b491-6c056b8c5df7:c2015, a4f67574-9018-43e7-8a54-351e98dc3d0a:c2015]
2019-08-23 07:08:58,715 | INFO  | DNAudit | user=null | ip=null | op=WRITE_CHUNK {blockData=conID: 1 locID: 102665036673122790 bcsId: 0} | ret=SUCCESS |  
2019-08-23 07:08:58,715 | INFO  | DNAudit | user=null | ip=null | op=PUT_BLOCK {blockData=[blockId=conID: 1 locID: 102665036673122790 bcsId: 0,size=2097152]} | ret=SUCCESS |  
2019-08-23 07:08:58,715 [grpc-default-executor-6] INFO  client.GrpcClientProtocolClient (GrpcClientProtocolClient.java:onNext(255)) - client-D91E5D1E15CE->f2ba01fc-a63e-4348-bd18-030b60a135e7: receive RaftClientReply:client-D91E5D1E15CE->f2ba01fc-a63e-4348-bd18-030b60a135e7@group-C8C62FEF0626, cid=1422, SUCCESS, logIndex=2018, commits[f2ba01fc-a63e-4348-bd18-030b60a135e7:c2019, eab135d4-a257-4705-b491-6c056b8c5df7:c2015, a4f67574-9018-43e7-8a54-351e98dc3d0a:c2015]
2019-08-23 07:08:58,715 | INFO  | DNAudit | user=null | ip=null | op=PUT_BLOCK {blockData=[blockId=conID: 1 locID: 102665036673122790 bcsId: 0,size=1048576]} | ret=SUCCESS |  
2019-08-23 07:08:58,715 | INFO  | DNAudit | user=null | ip=null | op=WRITE_CHUNK {blockData=conID: 1 locID: 102665036673122790 bcsId: 0} | ret=SUCCESS |  
2019-08-23 07:08:58,715 [grpc-default-executor-6] INFO  client.GrpcClientProtocolClient (GrpcClientProtocolClient.java:onNext(255)) - client-D91E5D1E15CE->f2ba01fc-a63e-4348-bd18-030b60a135e7: receive RaftClientReply:client-D91E5D1E15CE->f2ba01fc-a63e-4348-bd18-030b60a135e7@group-C8C62FEF0626, cid=1423, SUCCESS, logIndex=2019, commits[f2ba01fc-a63e-4348-bd18-030b60a135e7:c2020, eab135d4-a257-4705-b491-6c056b8c5df7:c2015, a4f67574-9018-43e7-8a54-351e98dc3d0a:c2016]
2019-08-23 07:08:58,716 | INFO  | DNAudit | user=null | ip=null | op=PUT_BLOCK {blockData=[blockId=conID: 1 locID: 102665036673122790 bcsId: 0,size=1048576]} | ret=SUCCESS |  
2019-08-23 07:08:58,716 | INFO  | DNAudit | user=null | ip=null | op=WRITE_CHUNK {blockData=conID: 1 locID: 102665036673122790 bcsId: 0} | ret=SUCCESS |  
2019-08-23 07:08:58,716 | INFO  | DNAudit | user=null | ip=null | op=WRITE_CHUNK {blockData=conID: 1 locID: 102665036673122790 bcsId: 0} | ret=SUCCESS |  
2019-08-23 07:08:58,716 | INFO  | DNAudit | user=null | ip=null | op=PUT_BLOCK {blockData=[blockId=conID: 1 locID: 102665036673122790 bcsId: 0,size=2097152]} | ret=SUCCESS |  
2019-08-23 07:08:58,717 [grpc-default-executor-4] INFO  client.GrpcClientProtocolClient (GrpcClientProtocolClient.java:onNext(255)) - client-D91E5D1E15CE->f2ba01fc-a63e-4348-bd18-030b60a135e7: receive RaftClientReply:client-D91E5D1E15CE->f2ba01fc-a63e-4348-bd18-030b60a135e7@group-C8C62FEF0626, cid=1424, SUCCESS, logIndex=0, commits[f2ba01fc-a63e-4348-bd18-030b60a135e7:c2023, eab135d4-a257-4705-b491-6c056b8c5df7:c2018, a4f67574-9018-43e7-8a54-351e98dc3d0a:c2019]
2019-08-23 07:08:58,717 | INFO  | DNAudit | user=null | ip=null | op=PUT_BLOCK {blockData=[blockId=conID: 1 locID: 102665036673122790 bcsId: 0,size=2097152]} | ret=SUCCESS |  
2019-08-23 07:08:58,723 | INFO  | DNAudit | user=null | ip=null | op=WRITE_CHUNK {blockData=conID: 1 locID: 102665036673122790 bcsId: 2019} | ret=SUCCESS |  
2019-08-23 07:08:58,725 | INFO  | DNAudit | user=null | ip=null | op=WRITE_CHUNK {blockData=conID: 1 locID: 102665036673122790 bcsId: 2019} | ret=SUCCESS |  
2019-08-23 07:08:58,726 | INFO  | DNAudit | user=null | ip=null | op=WRITE_CHUNK {blockData=conID: 1 locID: 102665036673122790 bcsId: 2019} | ret=SUCCESS |  
2019-08-23 07:08:58,736 | INFO  | DNAudit | user=null | ip=null | op=WRITE_CHUNK {blockData=conID: 1 locID: 102665036673122790 bcsId: 2019} | ret=SUCCESS |  
2019-08-23 07:08:58,736 | INFO  | DNAudit | user=null | ip=null | op=PUT_BLOCK {blockData=[blockId=conID: 1 locID: 102665036673122790 bcsId: 0,size=3145728]} | ret=SUCCESS |  
2019-08-23 07:08:58,736 [grpc-default-executor-6] INFO  client.GrpcClientProtocolClient (GrpcClientProtocolClient.java:onNext(255)) - client-D91E5D1E15CE->f2ba01fc-a63e-4348-bd18-030b60a135e7: receive RaftClientReply:client-D91E5D1E15CE->f2ba01fc-a63e-4348-bd18-030b60a135e7@group-C8C62FEF0626, cid=1425, SUCCESS, logIndex=2024, commits[f2ba01fc-a63e-4348-bd18-030b60a135e7:c2025, eab135d4-a257-4705-b491-6c056b8c5df7:c2023, a4f67574-9018-43e7-8a54-351e98dc3d0a:c2023]
2019-08-23 07:08:58,737 [grpc-default-executor-6] INFO  client.GrpcClientProtocolClient (GrpcClientProtocolClient.java:onNext(255)) - client-D91E5D1E15CE->f2ba01fc-a63e-4348-bd18-030b60a135e7: receive RaftClientReply:client-D91E5D1E15CE->f2ba01fc-a63e-4348-bd18-030b60a135e7@group-C8C62FEF0626, cid=1426, SUCCESS, logIndex=2025, commits[f2ba01fc-a63e-4348-bd18-030b60a135e7:c2025, eab135d4-a257-4705-b491-6c056b8c5df7:c2023, a4f67574-9018-43e7-8a54-351e98dc3d0a:c2023]
2019-08-23 07:08:58,743 | INFO  | DNAudit | user=null | ip=null | op=WRITE_CHUNK {blockData=conID: 1 locID: 102665036673122790 bcsId: 2025} | ret=SUCCESS |  
2019-08-23 07:08:58,746 | INFO  | DNAudit | user=null | ip=null | op=WRITE_CHUNK {blockData=conID: 1 locID: 102665036673122790 bcsId: 2025} | ret=SUCCESS |  
2019-08-23 07:08:58,746 | INFO  | DNAudit | user=null | ip=null | op=WRITE_CHUNK {blockData=conID: 1 locID: 102665036673122790 bcsId: 2025} | ret=SUCCESS |  
2019-08-23 07:08:58,747 | INFO  | DNAudit | user=null | ip=null | op=WRITE_CHUNK {blockData=conID: 1 locID: 102665036673122790 bcsId: 2019} | ret=SUCCESS |  
2019-08-23 07:08:58,747 | INFO  | DNAudit | user=null | ip=null | op=WRITE_CHUNK {blockData=conID: 1 locID: 102665036673122790 bcsId: 2019} | ret=SUCCESS |  
2019-08-23 07:08:58,748 | INFO  | DNAudit | user=null | ip=null | op=PUT_BLOCK {blockData=[blockId=conID: 1 locID: 102665036673122790 bcsId: 0,size=3145728]} | ret=SUCCESS |  
2019-08-23 07:08:58,748 | INFO  | DNAudit | user=null | ip=null | op=PUT_BLOCK {blockData=[blockId=conID: 1 locID: 102665036673122790 bcsId: 0,size=3145728]} | ret=SUCCESS |  
2019-08-23 07:08:58,749 | INFO  | DNAudit | user=null | ip=null | op=WRITE_CHUNK {blockData=conID: 1 locID: 102665036673122790 bcsId: 2025} | ret=SUCCESS |  
2019-08-23 07:08:58,749 | INFO  | DNAudit | user=null | ip=null | op=PUT_BLOCK {blockData=[blockId=conID: 1 locID: 102665036673122790 bcsId: 0,size=4194304]} | ret=SUCCESS |  
2019-08-23 07:08:58,749 [grpc-default-executor-6] INFO  client.GrpcClientProtocolClient (GrpcClientProtocolClient.java:onNext(255)) - client-D91E5D1E15CE->f2ba01fc-a63e-4348-bd18-030b60a135e7: receive RaftClientReply:client-D91E5D1E15CE->f2ba01fc-a63e-4348-bd18-030b60a135e7@group-C8C62FEF0626, cid=1427, SUCCESS, logIndex=2028, commits[f2ba01fc-a63e-4348-bd18-030b60a135e7:c2029, eab135d4-a257-4705-b491-6c056b8c5df7:c2025, a4f67574-9018-43e7-8a54-351e98dc3d0a:c2025]
2019-08-23 07:08:58,750 [grpc-default-executor-6] INFO  client.GrpcClientProtocolClient (GrpcClientProtocolClient.java:onNext(255)) - client-D91E5D1E15CE->f2ba01fc-a63e-4348-bd18-030b60a135e7: receive RaftClientReply:client-D91E5D1E15CE->f2ba01fc-a63e-4348-bd18-030b60a135e7@group-C8C62FEF0626, cid=1428, SUCCESS, logIndex=2029, commits[f2ba01fc-a63e-4348-bd18-030b60a135e7:c2029, eab135d4-a257-4705-b491-6c056b8c5df7:c2025, a4f67574-9018-43e7-8a54-351e98dc3d0a:c2025]
2019-08-23 07:08:58,760 | INFO  | DNAudit | user=null | ip=null | op=WRITE_CHUNK {blockData=conID: 1 locID: 102665036673122790 bcsId: 2025} | ret=SUCCESS |  
2019-08-23 07:08:58,761 | INFO  | DNAudit | user=null | ip=null | op=WRITE_CHUNK {blockData=conID: 1 locID: 102665036673122790 bcsId: 2025} | ret=SUCCESS |  
2019-08-23 07:08:58,761 | INFO  | DNAudit | user=null | ip=null | op=PUT_BLOCK {blockData=[blockId=conID: 1 locID: 102665036673122790 bcsId: 0,size=4194304]} | ret=SUCCESS |  
2019-08-23 07:08:58,762 | INFO  | DNAudit | user=null | ip=null | op=PUT_BLOCK {blockData=[blockId=conID: 1 locID: 102665036673122790 bcsId: 0,size=4194304]} | ret=SUCCESS |  
2019-08-23 07:08:58,762 [grpc-default-executor-6] INFO  client.GrpcClientProtocolClient (GrpcClientProtocolClient.java:onNext(255)) - client-D91E5D1E15CE->f2ba01fc-a63e-4348-bd18-030b60a135e7: receive RaftClientReply:client-D91E5D1E15CE->f2ba01fc-a63e-4348-bd18-030b60a135e7@group-C8C62FEF0626, cid=1429, SUCCESS, logIndex=0, commits[f2ba01fc-a63e-4348-bd18-030b60a135e7:c2030, eab135d4-a257-4705-b491-6c056b8c5df7:c2029, a4f67574-9018-43e7-8a54-351e98dc3d0a:c2029]
2019-08-23 07:08:58,769 | INFO  | SCMAudit | user=jenkins1000 | ip=192.168.5.178 | op=ALLOCATE_BLOCK {owner=aaf04d22-10dd-4717-8862-c651bdde72cf, size=4194304, type=RATIS, factor=THREE} | ret=SUCCESS |  
2019-08-23 07:08:58,772 | INFO  | OMAudit | user=jenkins1000 | ip=127.0.0.1 | op=ALLOCATE_BLOCK {volume=vol-0-67663, bucket=bucket-0-68950, key=key-0-26970, dataSize=0, replicationType=null, replicationFactor=null, keyLocationInfo=null, clientID=102665036030476690} | ret=SUCCESS |  
2019-08-23 07:08:58,779 | INFO  | DNAudit | user=null | ip=null | op=WRITE_CHUNK {blockData=conID: 2 locID: 102665036678300135 bcsId: 0} | ret=SUCCESS |  
2019-08-23 07:08:58,782 | INFO  | DNAudit | user=null | ip=null | op=WRITE_CHUNK {blockData=conID: 2 locID: 102665036678300135 bcsId: 0} | ret=SUCCESS |  
2019-08-23 07:08:58,782 | INFO  | DNAudit | user=null | ip=null | op=WRITE_CHUNK {blockData=conID: 2 locID: 102665036678300135 bcsId: 0} | ret=SUCCESS |  
2019-08-23 07:08:58,783 | INFO  | DNAudit | user=null | ip=null | op=WRITE_CHUNK {blockData=conID: 2 locID: 102665036678300135 bcsId: 0} | ret=SUCCESS |  
2019-08-23 07:08:58,784 | INFO  | DNAudit | user=null | ip=null | op=WRITE_CHUNK {blockData=conID: 2 locID: 102665036678300135 bcsId: 0} | ret=SUCCESS |  
2019-08-23 07:08:58,785 | INFO  | DNAudit | user=null | ip=null | op=WRITE_CHUNK {blockData=conID: 2 locID: 102665036678300135 bcsId: 0} | ret=SUCCESS |  
2019-08-23 07:08:58,803 | INFO  | DNAudit | user=null | ip=null | op=WRITE_CHUNK {blockData=conID: 2 locID: 102665036678300135 bcsId: 0} | ret=SUCCESS |  
2019-08-23 07:08:58,804 | INFO  | DNAudit | user=null | ip=null | op=PUT_BLOCK {blockData=[blockId=conID: 2 locID: 102665036678300135 bcsId: 0,size=1048576]} | ret=SUCCESS |  
2019-08-23 07:08:58,804 [grpc-default-executor-2] INFO  client.GrpcClientProtocolClient (GrpcClientProtocolClient.java:onNext(255)) - client-D91E5D1E15CE->f2ba01fc-a63e-4348-bd18-030b60a135e7: receive RaftClientReply:client-D91E5D1E15CE->f2ba01fc-a63e-4348-bd18-030b60a135e7@group-C8C62FEF0626, cid=1430, SUCCESS, logIndex=2032, commits[f2ba01fc-a63e-4348-bd18-030b60a135e7:c2033, eab135d4-a257-4705-b491-6c056b8c5df7:c2031, a4f67574-9018-43e7-8a54-351e98dc3d0a:c2031]
2019-08-23 07:08:58,805 | INFO  | DNAudit | user=null | ip=null | op=WRITE_CHUNK {blockData=conID: 2 locID: 102665036678300135 bcsId: 0} | ret=SUCCESS |  
2019-08-23 07:08:58,804 [grpc-default-executor-2] INFO  client.GrpcClientProtocolClient (GrpcClientProtocolClient.java:onNext(255)) - client-D91E5D1E15CE->f2ba01fc-a63e-4348-bd18-030b60a135e7: receive RaftClientReply:client-D91E5D1E15CE->f2ba01fc-a63e-4348-bd18-030b60a135e7@group-C8C62FEF0626, cid=1431, SUCCESS, logIndex=2033, commits[f2ba01fc-a63e-4348-bd18-030b60a135e7:c2033, eab135d4-a257-4705-b491-6c056b8c5df7:c2031, a4f67574-9018-43e7-8a54-351e98dc3d0a:c2031]
2019-08-23 07:08:58,805 | INFO  | DNAudit | user=null | ip=null | op=PUT_BLOCK {blockData=[blockId=conID: 2 locID: 102665036678300135 bcsId: 0,size=2097152]} | ret=SUCCESS |  
2019-08-23 07:08:58,805 | INFO  | DNAudit | user=null | ip=null | op=WRITE_CHUNK {blockData=conID: 2 locID: 102665036678300135 bcsId: 0} | ret=SUCCESS |  
2019-08-23 07:08:58,805 [grpc-default-executor-4] INFO  client.GrpcClientProtocolClient (GrpcClientProtocolClient.java:onNext(255)) - client-D91E5D1E15CE->f2ba01fc-a63e-4348-bd18-030b60a135e7: receive RaftClientReply:client-D91E5D1E15CE->f2ba01fc-a63e-4348-bd18-030b60a135e7@group-C8C62FEF0626, cid=1432, SUCCESS, logIndex=2034, commits[f2ba01fc-a63e-4348-bd18-030b60a135e7:c2035, eab135d4-a257-4705-b491-6c056b8c5df7:c2031, a4f67574-9018-43e7-8a54-351e98dc3d0a:c2031]
2019-08-23 07:08:58,805 | INFO  | DNAudit | user=null | ip=null | op=PUT_BLOCK {blockData=[blockId=conID: 2 locID: 102665036678300135 bcsId: 0,size=1048576]} | ret=SUCCESS |  
2019-08-23 07:08:58,805 [grpc-default-executor-4] INFO  client.GrpcClientProtocolClient (GrpcClientProtocolClient.java:onNext(255)) - client-D91E5D1E15CE->f2ba01fc-a63e-4348-bd18-030b60a135e7: receive RaftClientReply:client-D91E5D1E15CE->f2ba01fc-a63e-4348-bd18-030b60a135e7@group-C8C62FEF0626, cid=1433, SUCCESS, logIndex=2035, commits[f2ba01fc-a63e-4348-bd18-030b60a135e7:c2035, eab135d4-a257-4705-b491-6c056b8c5df7:c2031, a4f67574-9018-43e7-8a54-351e98dc3d0a:c2031]
2019-08-23 07:08:58,806 | INFO  | DNAudit | user=null | ip=null | op=WRITE_CHUNK {blockData=conID: 2 locID: 102665036678300135 bcsId: 0} | ret=SUCCESS |  
2019-08-23 07:08:58,806 | INFO  | DNAudit | user=null | ip=null | op=PUT_BLOCK {blockData=[blockId=conID: 2 locID: 102665036678300135 bcsId: 0,size=1048576]} | ret=SUCCESS |  
2019-08-23 07:08:58,806 | INFO  | DNAudit | user=null | ip=null | op=WRITE_CHUNK {blockData=conID: 2 locID: 102665036678300135 bcsId: 0} | ret=SUCCESS |  
2019-08-23 07:08:58,807 | INFO  | DNAudit | user=null | ip=null | op=PUT_BLOCK {blockData=[blockId=conID: 2 locID: 102665036678300135 bcsId: 0,size=2097152]} | ret=SUCCESS |  
2019-08-23 07:08:58,807 [grpc-default-executor-2] INFO  client.GrpcClientProtocolClient (GrpcClientProtocolClient.java:onNext(255)) - client-D91E5D1E15CE->f2ba01fc-a63e-4348-bd18-030b60a135e7: receive RaftClientReply:client-D91E5D1E15CE->f2ba01fc-a63e-4348-bd18-030b60a135e7@group-C8C62FEF0626, cid=1434, SUCCESS, logIndex=0, commits[f2ba01fc-a63e-4348-bd18-030b60a135e7:c2037, eab135d4-a257-4705-b491-6c056b8c5df7:c2033, a4f67574-9018-43e7-8a54-351e98dc3d0a:c2033]
2019-08-23 07:08:58,807 | INFO  | DNAudit | user=null | ip=null | op=WRITE_CHUNK {blockData=conID: 2 locID: 102665036678300135 bcsId: 0} | ret=SUCCESS |  
2019-08-23 07:08:58,807 | INFO  | DNAudit | user=null | ip=null | op=PUT_BLOCK {blockData=[blockId=conID: 2 locID: 102665036678300135 bcsId: 0,size=2097152]} | ret=SUCCESS |  
2019-08-23 07:08:58,814 | INFO  | DNAudit | user=null | ip=null | op=WRITE_CHUNK {blockData=conID: 2 locID: 102665036678300135 bcsId: 2035} | ret=SUCCESS |  
2019-08-23 07:08:58,816 | INFO  | DNAudit | user=null | ip=null | op=WRITE_CHUNK {blockData=conID: 2 locID: 102665036678300135 bcsId: 2035} | ret=SUCCESS |  
2019-08-23 07:08:58,817 | INFO  | DNAudit | user=null | ip=null | op=WRITE_CHUNK {blockData=conID: 2 locID: 102665036678300135 bcsId: 2035} | ret=SUCCESS |  
2019-08-23 07:08:58,826 | INFO  | DNAudit | user=null | ip=null | op=WRITE_CHUNK {blockData=conID: 2 locID: 102665036678300135 bcsId: 2035} | ret=SUCCESS |  
2019-08-23 07:08:58,827 | INFO  | DNAudit | user=null | ip=null | op=PUT_BLOCK {blockData=[blockId=conID: 2 locID: 102665036678300135 bcsId: 0,size=3145728]} | ret=SUCCESS |  
2019-08-23 07:08:58,827 [grpc-default-executor-4] INFO  client.GrpcClientProtocolClient (GrpcClientProtocolClient.java:onNext(255)) - client-D91E5D1E15CE->f2ba01fc-a63e-4348-bd18-030b60a135e7: receive RaftClientReply:client-D91E5D1E15CE->f2ba01fc-a63e-4348-bd18-030b60a135e7@group-C8C62FEF0626, cid=1435, SUCCESS, logIndex=2040, commits[f2ba01fc-a63e-4348-bd18-030b60a135e7:c2041, eab135d4-a257-4705-b491-6c056b8c5df7:c2039, a4f67574-9018-43e7-8a54-351e98dc3d0a:c2039]
2019-08-23 07:08:58,827 [grpc-default-executor-4] INFO  client.GrpcClientProtocolClient (GrpcClientProtocolClient.java:onNext(255)) - client-D91E5D1E15CE->f2ba01fc-a63e-4348-bd18-030b60a135e7: receive RaftClientReply:client-D91E5D1E15CE->f2ba01fc-a63e-4348-bd18-030b60a135e7@group-C8C62FEF0626, cid=1436, SUCCESS, logIndex=2041, commits[f2ba01fc-a63e-4348-bd18-030b60a135e7:c2041, eab135d4-a257-4705-b491-6c056b8c5df7:c2039, a4f67574-9018-43e7-8a54-351e98dc3d0a:c2039]
2019-08-23 07:08:58,833 | INFO  | DNAudit | user=null | ip=null | op=WRITE_CHUNK {blockData=conID: 2 locID: 102665036678300135 bcsId: 2041} | ret=SUCCESS |  
2019-08-23 07:08:58,835 | INFO  | DNAudit | user=null | ip=null | op=WRITE_CHUNK {blockData=conID: 2 locID: 102665036678300135 bcsId: 2041} | ret=SUCCESS |  
2019-08-23 07:08:58,835 | INFO  | DNAudit | user=null | ip=null | op=WRITE_CHUNK {blockData=conID: 2 locID: 102665036678300135 bcsId: 2041} | ret=SUCCESS |  
2019-08-23 07:08:58,838 | INFO  | DNAudit | user=null | ip=null | op=WRITE_CHUNK {blockData=conID: 2 locID: 102665036678300135 bcsId: 2035} | ret=SUCCESS |  
2019-08-23 07:08:58,838 | INFO  | DNAudit | user=null | ip=null | op=WRITE_CHUNK {blockData=conID: 2 locID: 102665036678300135 bcsId: 2035} | ret=SUCCESS |  
2019-08-23 07:08:58,839 | INFO  | DNAudit | user=null | ip=null | op=PUT_BLOCK {blockData=[blockId=conID: 2 locID: 102665036678300135 bcsId: 0,size=3145728]} | ret=SUCCESS |  
2019-08-23 07:08:58,845 | INFO  | DNAudit | user=null | ip=null | op=PUT_BLOCK {blockData=[blockId=conID: 2 locID: 102665036678300135 bcsId: 0,size=3145728]} | ret=SUCCESS |  
2019-08-23 07:08:58,845 | INFO  | DNAudit | user=null | ip=null | op=WRITE_CHUNK {blockData=conID: 2 locID: 102665036678300135 bcsId: 2041} | ret=SUCCESS |  
2019-08-23 07:08:58,845 | INFO  | DNAudit | user=null | ip=null | op=PUT_BLOCK {blockData=[blockId=conID: 2 locID: 102665036678300135 bcsId: 0,size=4194304]} | ret=SUCCESS |  
2019-08-23 07:08:58,845 [grpc-default-executor-2] INFO  client.GrpcClientProtocolClient (GrpcClientProtocolClient.java:onNext(255)) - client-D91E5D1E15CE->f2ba01fc-a63e-4348-bd18-030b60a135e7: receive RaftClientReply:client-D91E5D1E15CE->f2ba01fc-a63e-4348-bd18-030b60a135e7@group-C8C62FEF0626, cid=1437, SUCCESS, logIndex=2044, commits[f2ba01fc-a63e-4348-bd18-030b60a135e7:c2045, eab135d4-a257-4705-b491-6c056b8c5df7:c2041, a4f67574-9018-43e7-8a54-351e98dc3d0a:c2041]
2019-08-23 07:08:58,845 [grpc-default-executor-2] INFO  client.GrpcClientProtocolClient (GrpcClientProtocolClient.java:onNext(255)) - client-D91E5D1E15CE->f2ba01fc-a63e-4348-bd18-030b60a135e7: receive RaftClientReply:client-D91E5D1E15CE->f2ba01fc-a63e-4348-bd18-030b60a135e7@group-C8C62FEF0626, cid=1438, SUCCESS, logIndex=2045, commits[f2ba01fc-a63e-4348-bd18-030b60a135e7:c2045, eab135d4-a257-4705-b491-6c056b8c5df7:c2041, a4f67574-9018-43e7-8a54-351e98dc3d0a:c2041]
2019-08-23 07:08:58,856 | INFO  | DNAudit | user=null | ip=null | op=WRITE_CHUNK {blockData=conID: 2 locID: 102665036678300135 bcsId: 2041} | ret=SUCCESS |  
2019-08-23 07:08:58,856 | INFO  | DNAudit | user=null | ip=null | op=WRITE_CHUNK {blockData=conID: 2 locID: 102665036678300135 bcsId: 2041} | ret=SUCCESS |  
2019-08-23 07:08:58,858 | INFO  | DNAudit | user=null | ip=null | op=PUT_BLOCK {blockData=[blockId=conID: 2 locID: 102665036678300135 bcsId: 0,size=4194304]} | ret=SUCCESS |  
2019-08-23 07:08:58,858 | INFO  | DNAudit | user=null | ip=null | op=PUT_BLOCK {blockData=[blockId=conID: 2 locID: 102665036678300135 bcsId: 0,size=4194304]} | ret=SUCCESS |  
2019-08-23 07:08:58,858 [grpc-default-executor-2] INFO  client.GrpcClientProtocolClient (GrpcClientProtocolClient.java:onNext(255)) - client-D91E5D1E15CE->f2ba01fc-a63e-4348-bd18-030b60a135e7: receive RaftClientReply:client-D91E5D1E15CE->f2ba01fc-a63e-4348-bd18-030b60a135e7@group-C8C62FEF0626, cid=1439, SUCCESS, logIndex=0, commits[f2ba01fc-a63e-4348-bd18-030b60a135e7:c2047, eab135d4-a257-4705-b491-6c056b8c5df7:c2045, a4f67574-9018-43e7-8a54-351e98dc3d0a:c2045]
2019-08-23 07:08:58,863 | INFO  | SCMAudit | user=jenkins1000 | ip=192.168.5.178 | op=ALLOCATE_BLOCK {owner=aaf04d22-10dd-4717-8862-c651bdde72cf, size=4194304, type=RATIS, factor=THREE} | ret=SUCCESS |  
2019-08-23 07:08:58,866 | INFO  | OMAudit | user=jenkins1000 | ip=127.0.0.1 | op=ALLOCATE_BLOCK {volume=vol-0-67663, bucket=bucket-0-68950, key=key-0-26970, dataSize=0, replicationType=null, replicationFactor=null, keyLocationInfo=null, clientID=102665036030476690} | ret=SUCCESS |  
2019-08-23 07:08:58,873 | INFO  | DNAudit | user=null | ip=null | op=WRITE_CHUNK {blockData=conID: 3 locID: 102665036684526056 bcsId: 0} | ret=SUCCESS |  
2019-08-23 07:08:58,874 | INFO  | DNAudit | user=null | ip=null | op=WRITE_CHUNK {blockData=conID: 3 locID: 102665036684526056 bcsId: 0} | ret=SUCCESS |  
2019-08-23 07:08:58,875 | INFO  | DNAudit | user=null | ip=null | op=WRITE_CHUNK {blockData=conID: 3 locID: 102665036684526056 bcsId: 0} | ret=SUCCESS |  
2019-08-23 07:08:58,875 | INFO  | DNAudit | user=null | ip=null | op=WRITE_CHUNK {blockData=conID: 3 locID: 102665036684526056 bcsId: 0} | ret=SUCCESS |  
2019-08-23 07:08:58,876 | INFO  | DNAudit | user=null | ip=null | op=WRITE_CHUNK {blockData=conID: 3 locID: 102665036684526056 bcsId: 0} | ret=SUCCESS |  
2019-08-23 07:08:58,876 | INFO  | DNAudit | user=null | ip=null | op=PUT_BLOCK {blockData=[blockId=conID: 3 locID: 102665036684526056 bcsId: 0,size=1048576]} | ret=SUCCESS |  
2019-08-23 07:08:58,876 | INFO  | DNAudit | user=null | ip=null | op=WRITE_CHUNK {blockData=conID: 3 locID: 102665036684526056 bcsId: 0} | ret=SUCCESS |  
2019-08-23 07:08:58,876 [grpc-default-executor-0] INFO  client.GrpcClientProtocolClient (GrpcClientProtocolClient.java:onNext(255)) - client-D91E5D1E15CE->f2ba01fc-a63e-4348-bd18-030b60a135e7: receive RaftClientReply:client-D91E5D1E15CE->f2ba01fc-a63e-4348-bd18-030b60a135e7@group-C8C62FEF0626, cid=1440, SUCCESS, logIndex=2048, commits[f2ba01fc-a63e-4348-bd18-030b60a135e7:c2049, eab135d4-a257-4705-b491-6c056b8c5df7:c2045, a4f67574-9018-43e7-8a54-351e98dc3d0a:c2047]
2019-08-23 07:08:58,877 | INFO  | DNAudit | user=null | ip=null | op=WRITE_CHUNK {blockData=conID: 3 locID: 102665036684526056 bcsId: 0} | ret=SUCCESS |  
2019-08-23 07:08:58,877 [grpc-default-executor-0] INFO  client.GrpcClientProtocolClient (GrpcClientProtocolClient.java:onNext(255)) - client-D91E5D1E15CE->f2ba01fc-a63e-4348-bd18-030b60a135e7: receive RaftClientReply:client-D91E5D1E15CE->f2ba01fc-a63e-4348-bd18-030b60a135e7@group-C8C62FEF0626, cid=1441, SUCCESS, logIndex=2049, commits[f2ba01fc-a63e-4348-bd18-030b60a135e7:c2049, eab135d4-a257-4705-b491-6c056b8c5df7:c2045, a4f67574-9018-43e7-8a54-351e98dc3d0a:c2047]
2019-08-23 07:08:58,878 | INFO  | DNAudit | user=null | ip=null | op=WRITE_CHUNK {blockData=conID: 3 locID: 102665036684526056 bcsId: 0} | ret=SUCCESS |  
2019-08-23 07:08:58,878 | INFO  | DNAudit | user=null | ip=null | op=WRITE_CHUNK {blockData=conID: 3 locID: 102665036684526056 bcsId: 0} | ret=SUCCESS |  
2019-08-23 07:08:58,878 | INFO  | DNAudit | user=null | ip=null | op=PUT_BLOCK {blockData=[blockId=conID: 3 locID: 102665036684526056 bcsId: 0,size=1048576]} | ret=SUCCESS |  
2019-08-23 07:08:58,879 | INFO  | DNAudit | user=null | ip=null | op=PUT_BLOCK {blockData=[blockId=conID: 3 locID: 102665036684526056 bcsId: 0,size=2097152]} | ret=SUCCESS |  
2019-08-23 07:08:58,879 | INFO  | DNAudit | user=null | ip=null | op=WRITE_CHUNK {blockData=conID: 3 locID: 102665036684526056 bcsId: 0} | ret=SUCCESS |  
2019-08-23 07:08:58,879 [grpc-default-executor-4] INFO  client.GrpcClientProtocolClient (GrpcClientProtocolClient.java:onNext(255)) - client-D91E5D1E15CE->f2ba01fc-a63e-4348-bd18-030b60a135e7: receive RaftClientReply:client-D91E5D1E15CE->f2ba01fc-a63e-4348-bd18-030b60a135e7@group-C8C62FEF0626, cid=1442, SUCCESS, logIndex=2050, commits[f2ba01fc-a63e-4348-bd18-030b60a135e7:c2052, eab135d4-a257-4705-b491-6c056b8c5df7:c2049, a4f67574-9018-43e7-8a54-351e98dc3d0a:c2047]
2019-08-23 07:08:58,879 [grpc-default-executor-4] INFO  client.GrpcClientProtocolClient (GrpcClientProtocolClient.java:onNext(255)) - client-D91E5D1E15CE->f2ba01fc-a63e-4348-bd18-030b60a135e7: receive RaftClientReply:client-D91E5D1E15CE->f2ba01fc-a63e-4348-bd18-030b60a135e7@group-C8C62FEF0626, cid=1443, SUCCESS, logIndex=2051, commits[f2ba01fc-a63e-4348-bd18-030b60a135e7:c2053, eab135d4-a257-4705-b491-6c056b8c5df7:c2049, a4f67574-9018-43e7-8a54-351e98dc3d0a:c2049]
2019-08-23 07:08:58,879 | INFO  | DNAudit | user=null | ip=null | op=PUT_BLOCK {blockData=[blockId=conID: 3 locID: 102665036684526056 bcsId: 0,size=1048576]} | ret=SUCCESS |  
2019-08-23 07:08:58,879 | INFO  | DNAudit | user=null | ip=null | op=WRITE_CHUNK {blockData=conID: 3 locID: 102665036684526056 bcsId: 0} | ret=SUCCESS |  
2019-08-23 07:08:58,880 | INFO  | DNAudit | user=null | ip=null | op=WRITE_CHUNK {blockData=conID: 3 locID: 102665036684526056 bcsId: 0} | ret=SUCCESS |  
2019-08-23 07:08:58,880 | INFO  | DNAudit | user=null | ip=null | op=PUT_BLOCK {blockData=[blockId=conID: 3 locID: 102665036684526056 bcsId: 0,size=2097152]} | ret=SUCCESS |  
2019-08-23 07:08:58,881 | INFO  | DNAudit | user=null | ip=null | op=PUT_BLOCK {blockData=[blockId=conID: 3 locID: 102665036684526056 bcsId: 0,size=2097152]} | ret=SUCCESS |  
2019-08-23 07:08:58,884 | INFO  | DNAudit | user=null | ip=null | op=WRITE_CHUNK {blockData=conID: 3 locID: 102665036684526056 bcsId: 2051} | ret=SUCCESS |  
2019-08-23 07:08:58,886 | INFO  | DNAudit | user=null | ip=null | op=WRITE_CHUNK {blockData=conID: 3 locID: 102665036684526056 bcsId: 2051} | ret=SUCCESS |  
2019-08-23 07:08:58,886 | INFO  | DNAudit | user=null | ip=null | op=WRITE_CHUNK {blockData=conID: 3 locID: 102665036684526056 bcsId: 2051} | ret=SUCCESS |  
2019-08-23 07:08:58,889 | INFO  | DNAudit | user=null | ip=null | op=WRITE_CHUNK {blockData=conID: 3 locID: 102665036684526056 bcsId: 2051} | ret=SUCCESS |  
2019-08-23 07:08:58,889 | INFO  | DNAudit | user=null | ip=null | op=PUT_BLOCK {blockData=[blockId=conID: 3 locID: 102665036684526056 bcsId: 0,size=3145728]} | ret=SUCCESS |  
2019-08-23 07:08:58,889 [grpc-default-executor-4] INFO  client.GrpcClientProtocolClient (GrpcClientProtocolClient.java:onNext(255)) - client-D91E5D1E15CE->f2ba01fc-a63e-4348-bd18-030b60a135e7: receive RaftClientReply:client-D91E5D1E15CE->f2ba01fc-a63e-4348-bd18-030b60a135e7@group-C8C62FEF0626, cid=1444, SUCCESS, logIndex=2056, commits[f2ba01fc-a63e-4348-bd18-030b60a135e7:c2057, eab135d4-a257-4705-b491-6c056b8c5df7:c2051, a4f67574-9018-43e7-8a54-351e98dc3d0a:c2055]
2019-08-23 07:08:58,890 [grpc-default-executor-4] INFO  client.GrpcClientProtocolClient (GrpcClientProtocolClient.java:onNext(255)) - client-D91E5D1E15CE->f2ba01fc-a63e-4348-bd18-030b60a135e7: receive RaftClientReply:client-D91E5D1E15CE->f2ba01fc-a63e-4348-bd18-030b60a135e7@group-C8C62FEF0626, cid=1445, SUCCESS, logIndex=2057, commits[f2ba01fc-a63e-4348-bd18-030b60a135e7:c2057, eab135d4-a257-4705-b491-6c056b8c5df7:c2051, a4f67574-9018-43e7-8a54-351e98dc3d0a:c2055]
2019-08-23 07:08:58,890 | INFO  | DNAudit | user=null | ip=null | op=WRITE_CHUNK {blockData=conID: 3 locID: 102665036684526056 bcsId: 2051} | ret=SUCCESS |  
2019-08-23 07:08:58,890 | INFO  | DNAudit | user=null | ip=null | op=PUT_BLOCK {blockData=[blockId=conID: 3 locID: 102665036684526056 bcsId: 0,size=3145728]} | ret=SUCCESS |  
2019-08-23 07:08:58,891 | INFO  | DNAudit | user=null | ip=null | op=WRITE_CHUNK {blockData=conID: 3 locID: 102665036684526056 bcsId: 2051} | ret=SUCCESS |  
2019-08-23 07:08:58,891 | INFO  | DNAudit | user=null | ip=null | op=PUT_BLOCK {blockData=[blockId=conID: 3 locID: 102665036684526056 bcsId: 0,size=3145728]} | ret=SUCCESS |  
2019-08-23 07:08:58,896 | INFO  | DNAudit | user=null | ip=null | op=WRITE_CHUNK {blockData=conID: 3 locID: 102665036684526056 bcsId: 2057} | ret=SUCCESS |  
2019-08-23 07:08:58,897 | INFO  | DNAudit | user=null | ip=null | op=WRITE_CHUNK {blockData=conID: 3 locID: 102665036684526056 bcsId: 2057} | ret=SUCCESS |  
2019-08-23 07:08:58,897 | INFO  | DNAudit | user=null | ip=null | op=WRITE_CHUNK {blockData=conID: 3 locID: 102665036684526056 bcsId: 2057} | ret=SUCCESS |  
2019-08-23 07:08:58,899 | INFO  | DNAudit | user=null | ip=null | op=WRITE_CHUNK {blockData=conID: 3 locID: 102665036684526056 bcsId: 2057} | ret=SUCCESS |  
2019-08-23 07:08:58,899 | INFO  | DNAudit | user=null | ip=null | op=PUT_BLOCK {blockData=[blockId=conID: 3 locID: 102665036684526056 bcsId: 0,size=4194304]} | ret=SUCCESS |  
2019-08-23 07:08:58,899 [grpc-default-executor-0] INFO  client.GrpcClientProtocolClient (GrpcClientProtocolClient.java:onNext(255)) - client-D91E5D1E15CE->f2ba01fc-a63e-4348-bd18-030b60a135e7: receive RaftClientReply:client-D91E5D1E15CE->f2ba01fc-a63e-4348-bd18-030b60a135e7@group-C8C62FEF0626, cid=1446, SUCCESS, logIndex=2060, commits[f2ba01fc-a63e-4348-bd18-030b60a135e7:c2061, eab135d4-a257-4705-b491-6c056b8c5df7:c2059, a4f67574-9018-43e7-8a54-351e98dc3d0a:c2059]
2019-08-23 07:08:58,899 [grpc-default-executor-0] INFO  client.GrpcClientProtocolClient (GrpcClientProtocolClient.java:onNext(255)) - client-D91E5D1E15CE->f2ba01fc-a63e-4348-bd18-030b60a135e7: receive RaftClientReply:client-D91E5D1E15CE->f2ba01fc-a63e-4348-bd18-030b60a135e7@group-C8C62FEF0626, cid=1447, SUCCESS, logIndex=2061, commits[f2ba01fc-a63e-4348-bd18-030b60a135e7:c2061, eab135d4-a257-4705-b491-6c056b8c5df7:c2059, a4f67574-9018-43e7-8a54-351e98dc3d0a:c2059]
2019-08-23 07:08:58,901 | INFO  | DNAudit | user=null | ip=null | op=WRITE_CHUNK {blockData=conID: 3 locID: 102665036684526056 bcsId: 2057} | ret=SUCCESS |  
2019-08-23 07:08:58,901 | INFO  | DNAudit | user=null | ip=null | op=WRITE_CHUNK {blockData=conID: 3 locID: 102665036684526056 bcsId: 2057} | ret=SUCCESS |  
2019-08-23 07:08:58,902 | INFO  | DNAudit | user=null | ip=null | op=PUT_BLOCK {blockData=[blockId=conID: 3 locID: 102665036684526056 bcsId: 0,size=4194304]} | ret=SUCCESS |  
2019-08-23 07:08:58,902 | INFO  | DNAudit | user=null | ip=null | op=PUT_BLOCK {blockData=[blockId=conID: 3 locID: 102665036684526056 bcsId: 0,size=4194304]} | ret=SUCCESS |  
2019-08-23 07:08:58,902 [grpc-default-executor-0] INFO  client.GrpcClientProtocolClient (GrpcClientProtocolClient.java:onNext(255)) - client-D91E5D1E15CE->f2ba01fc-a63e-4348-bd18-030b60a135e7: receive RaftClientReply:client-D91E5D1E15CE->f2ba01fc-a63e-4348-bd18-030b60a135e7@group-C8C62FEF0626, cid=1448, SUCCESS, logIndex=0, commits[f2ba01fc-a63e-4348-bd18-030b60a135e7:c2063, eab135d4-a257-4705-b491-6c056b8c5df7:c2061, a4f67574-9018-43e7-8a54-351e98dc3d0a:c2061]
2019-08-23 07:08:58,906 | INFO  | SCMAudit | user=jenkins1000 | ip=192.168.5.178 | op=ALLOCATE_BLOCK {owner=aaf04d22-10dd-4717-8862-c651bdde72cf, size=4194304, type=RATIS, factor=THREE} | ret=SUCCESS |  
2019-08-23 07:08:58,908 | INFO  | OMAudit | user=jenkins1000 | ip=127.0.0.1 | op=ALLOCATE_BLOCK {volume=vol-0-67663, bucket=bucket-0-68950, key=key-0-26970, dataSize=0, replicationType=null, replicationFactor=null, keyLocationInfo=null, clientID=102665036030476690} | ret=SUCCESS |  
2019-08-23 07:08:58,914 | INFO  | DNAudit | user=null | ip=null | op=WRITE_CHUNK {blockData=conID: 1 locID: 102665036687344105 bcsId: 0} | ret=SUCCESS |  
2019-08-23 07:08:58,916 | INFO  | DNAudit | user=null | ip=null | op=WRITE_CHUNK {blockData=conID: 1 locID: 102665036687344105 bcsId: 0} | ret=SUCCESS |  
2019-08-23 07:08:58,916 | INFO  | DNAudit | user=null | ip=null | op=WRITE_CHUNK {blockData=conID: 1 locID: 102665036687344105 bcsId: 0} | ret=SUCCESS |  
2019-08-23 07:08:58,917 | INFO  | DNAudit | user=null | ip=null | op=WRITE_CHUNK {blockData=conID: 1 locID: 102665036687344105 bcsId: 0} | ret=SUCCESS |  
2019-08-23 07:08:58,918 | INFO  | DNAudit | user=null | ip=null | op=WRITE_CHUNK {blockData=conID: 1 locID: 102665036687344105 bcsId: 0} | ret=SUCCESS |  
2019-08-23 07:08:58,919 | INFO  | DNAudit | user=null | ip=null | op=WRITE_CHUNK {blockData=conID: 1 locID: 102665036687344105 bcsId: 0} | ret=SUCCESS |  
2019-08-23 07:08:58,927 | INFO  | DNAudit | user=null | ip=null | op=WRITE_CHUNK {blockData=conID: 1 locID: 102665036687344105 bcsId: 0} | ret=SUCCESS |  
2019-08-23 07:08:58,929 | INFO  | DNAudit | user=null | ip=null | op=PUT_BLOCK {blockData=[blockId=conID: 1 locID: 102665036687344105 bcsId: 0,size=1048576]} | ret=SUCCESS |  
2019-08-23 07:08:58,929 | INFO  | DNAudit | user=null | ip=null | op=WRITE_CHUNK {blockData=conID: 1 locID: 102665036687344105 bcsId: 0} | ret=SUCCESS |  
2019-08-23 07:08:58,929 [grpc-default-executor-0] INFO  client.GrpcClientProtocolClient (GrpcClientProtocolClient.java:onNext(255)) - client-D91E5D1E15CE->f2ba01fc-a63e-4348-bd18-030b60a135e7: receive RaftClientReply:client-D91E5D1E15CE->f2ba01fc-a63e-4348-bd18-030b60a135e7@group-C8C62FEF0626, cid=1449, SUCCESS, logIndex=2064, commits[f2ba01fc-a63e-4348-bd18-030b60a135e7:c2067, eab135d4-a257-4705-b491-6c056b8c5df7:c2063, a4f67574-9018-43e7-8a54-351e98dc3d0a:c2063]
2019-08-23 07:08:58,930 | INFO  | DNAudit | user=null | ip=null | op=PUT_BLOCK {blockData=[blockId=conID: 1 locID: 102665036687344105 bcsId: 0,size=2097152]} | ret=SUCCESS |  
2019-08-23 07:08:58,930 [grpc-default-executor-0] INFO  client.GrpcClientProtocolClient (GrpcClientProtocolClient.java:onNext(255)) - client-D91E5D1E15CE->f2ba01fc-a63e-4348-bd18-030b60a135e7: receive RaftClientReply:client-D91E5D1E15CE->f2ba01fc-a63e-4348-bd18-030b60a135e7@group-C8C62FEF0626, cid=1450, SUCCESS, logIndex=2065, commits[f2ba01fc-a63e-4348-bd18-030b60a135e7:c2067, eab135d4-a257-4705-b491-6c056b8c5df7:c2063, a4f67574-9018-43e7-8a54-351e98dc3d0a:c2063]
2019-08-23 07:08:58,930 [grpc-default-executor-0] INFO  client.GrpcClientProtocolClient (GrpcClientProtocolClient.java:onNext(255)) - client-D91E5D1E15CE->f2ba01fc-a63e-4348-bd18-030b60a135e7: receive RaftClientReply:client-D91E5D1E15CE->f2ba01fc-a63e-4348-bd18-030b60a135e7@group-C8C62FEF0626, cid=1451, SUCCESS, logIndex=2066, commits[f2ba01fc-a63e-4348-bd18-030b60a135e7:c2067, eab135d4-a257-4705-b491-6c056b8c5df7:c2063, a4f67574-9018-43e7-8a54-351e98dc3d0a:c2063]
2019-08-23 07:08:58,930 [grpc-default-executor-0] INFO  client.GrpcClientProtocolClient (GrpcClientProtocolClient.java:onNext(255)) - client-D91E5D1E15CE->f2ba01fc-a63e-4348-bd18-030b60a135e7: receive RaftClientReply:client-D91E5D1E15CE->f2ba01fc-a63e-4348-bd18-030b60a135e7@group-C8C62FEF0626, cid=1452, SUCCESS, logIndex=2067, commits[f2ba01fc-a63e-4348-bd18-030b60a135e7:c2067, eab135d4-a257-4705-b491-6c056b8c5df7:c2063, a4f67574-9018-43e7-8a54-351e98dc3d0a:c2063]
2019-08-23 07:08:58,943 | INFO  | DNAudit | user=null | ip=null | op=WRITE_CHUNK {blockData=conID: 1 locID: 102665036687344105 bcsId: 0} | ret=SUCCESS |  
2019-08-23 07:08:58,943 | INFO  | DNAudit | user=null | ip=null | op=PUT_BLOCK {blockData=[blockId=conID: 1 locID: 102665036687344105 bcsId: 0,size=1048576]} | ret=SUCCESS |  
2019-08-23 07:08:58,943 | INFO  | DNAudit | user=null | ip=null | op=WRITE_CHUNK {blockData=conID: 1 locID: 102665036687344105 bcsId: 0} | ret=SUCCESS |  
2019-08-23 07:08:58,944 | INFO  | DNAudit | user=null | ip=null | op=PUT_BLOCK {blockData=[blockId=conID: 1 locID: 102665036687344105 bcsId: 0,size=1048576]} | ret=SUCCESS |  
2019-08-23 07:08:58,944 | INFO  | DNAudit | user=null | ip=null | op=WRITE_CHUNK {blockData=conID: 1 locID: 102665036687344105 bcsId: 0} | ret=SUCCESS |  
2019-08-23 07:08:58,944 | INFO  | DNAudit | user=null | ip=null | op=WRITE_CHUNK {blockData=conID: 1 locID: 102665036687344105 bcsId: 0} | ret=SUCCESS |  
2019-08-23 07:08:58,944 | INFO  | DNAudit | user=null | ip=null | op=PUT_BLOCK {blockData=[blockId=conID: 1 locID: 102665036687344105 bcsId: 0,size=2097152]} | ret=SUCCESS |  
2019-08-23 07:08:58,944 [grpc-default-executor-0] INFO  client.GrpcClientProtocolClient (GrpcClientProtocolClient.java:onNext(255)) - client-D91E5D1E15CE->f2ba01fc-a63e-4348-bd18-030b60a135e7: receive RaftClientReply:client-D91E5D1E15CE->f2ba01fc-a63e-4348-bd18-030b60a135e7@group-C8C62FEF0626, cid=1453, SUCCESS, logIndex=0, commits[f2ba01fc-a63e-4348-bd18-030b60a135e7:c2068, eab135d4-a257-4705-b491-6c056b8c5df7:c2066, a4f67574-9018-43e7-8a54-351e98dc3d0a:c2066]
2019-08-23 07:08:58,944 | INFO  | DNAudit | user=null | ip=null | op=PUT_BLOCK {blockData=[blockId=conID: 1 locID: 102665036687344105 bcsId: 0,size=2097152]} | ret=SUCCESS |  
2019-08-23 07:08:58,951 | INFO  | DNAudit | user=null | ip=null | op=WRITE_CHUNK {blockData=conID: 1 locID: 102665036687344105 bcsId: 2067} | ret=SUCCESS |  
2019-08-23 07:08:58,953 | INFO  | DNAudit | user=null | ip=null | op=WRITE_CHUNK {blockData=conID: 1 locID: 102665036687344105 bcsId: 2067} | ret=SUCCESS |  
2019-08-23 07:08:58,953 | INFO  | DNAudit | user=null | ip=null | op=WRITE_CHUNK {blockData=conID: 1 locID: 102665036687344105 bcsId: 2067} | ret=SUCCESS |  
2019-08-23 07:08:58,963 | INFO  | DNAudit | user=null | ip=null | op=WRITE_CHUNK {blockData=conID: 1 locID: 102665036687344105 bcsId: 2067} | ret=SUCCESS |  
2019-08-23 07:08:58,964 | INFO  | DNAudit | user=null | ip=null | op=PUT_BLOCK {blockData=[blockId=conID: 1 locID: 102665036687344105 bcsId: 0,size=3145728]} | ret=SUCCESS |  
2019-08-23 07:08:58,964 [grpc-default-executor-0] INFO  client.GrpcClientProtocolClient (GrpcClientProtocolClient.java:onNext(255)) - client-D91E5D1E15CE->f2ba01fc-a63e-4348-bd18-030b60a135e7: receive RaftClientReply:client-D91E5D1E15CE->f2ba01fc-a63e-4348-bd18-030b60a135e7@group-C8C62FEF0626, cid=1454, SUCCESS, logIndex=2071, commits[f2ba01fc-a63e-4348-bd18-030b60a135e7:c2072, eab135d4-a257-4705-b491-6c056b8c5df7:c2070, a4f67574-9018-43e7-8a54-351e98dc3d0a:c2070]
2019-08-23 07:08:58,964 [grpc-default-executor-0] INFO  client.GrpcClientProtocolClient (GrpcClientProtocolClient.java:onNext(255)) - client-D91E5D1E15CE->f2ba01fc-a63e-4348-bd18-030b60a135e7: receive RaftClientReply:client-D91E5D1E15CE->f2ba01fc-a63e-4348-bd18-030b60a135e7@group-C8C62FEF0626, cid=1455, SUCCESS, logIndex=2072, commits[f2ba01fc-a63e-4348-bd18-030b60a135e7:c2072, eab135d4-a257-4705-b491-6c056b8c5df7:c2070, a4f67574-9018-43e7-8a54-351e98dc3d0a:c2070]
2019-08-23 07:08:58,970 | INFO  | DNAudit | user=null | ip=null | op=WRITE_CHUNK {blockData=conID: 1 locID: 102665036687344105 bcsId: 2072} | ret=SUCCESS |  
2019-08-23 07:08:58,972 | INFO  | DNAudit | user=null | ip=null | op=WRITE_CHUNK {blockData=conID: 1 locID: 102665036687344105 bcsId: 2072} | ret=SUCCESS |  
2019-08-23 07:08:58,972 | INFO  | DNAudit | user=null | ip=null | op=WRITE_CHUNK {blockData=conID: 1 locID: 102665036687344105 bcsId: 2072} | ret=SUCCESS |  
2019-08-23 07:08:58,975 | INFO  | DNAudit | user=null | ip=null | op=WRITE_CHUNK {blockData=conID: 1 locID: 102665036687344105 bcsId: 2067} | ret=SUCCESS |  
2019-08-23 07:08:58,975 | INFO  | DNAudit | user=null | ip=null | op=WRITE_CHUNK {blockData=conID: 1 locID: 102665036687344105 bcsId: 2067} | ret=SUCCESS |  
2019-08-23 07:08:58,976 | INFO  | DNAudit | user=null | ip=null | op=PUT_BLOCK {blockData=[blockId=conID: 1 locID: 102665036687344105 bcsId: 0,size=3145728]} | ret=SUCCESS |  
2019-08-23 07:08:58,976 | INFO  | DNAudit | user=null | ip=null | op=PUT_BLOCK {blockData=[blockId=conID: 1 locID: 102665036687344105 bcsId: 0,size=3145728]} | ret=SUCCESS |  
2019-08-23 07:08:58,977 | INFO  | DNAudit | user=null | ip=null | op=WRITE_CHUNK {blockData=conID: 1 locID: 102665036687344105 bcsId: 2072} | ret=SUCCESS |  
2019-08-23 07:08:58,977 | INFO  | DNAudit | user=null | ip=null | op=PUT_BLOCK {blockData=[blockId=conID: 1 locID: 102665036687344105 bcsId: 0,size=4194304]} | ret=SUCCESS |  
2019-08-23 07:08:58,977 [grpc-default-executor-0] INFO  client.GrpcClientProtocolClient (GrpcClientProtocolClient.java:onNext(255)) - client-D91E5D1E15CE->f2ba01fc-a63e-4348-bd18-030b60a135e7: receive RaftClientReply:client-D91E5D1E15CE->f2ba01fc-a63e-4348-bd18-030b60a135e7@group-C8C62FEF0626, cid=1456, SUCCESS, logIndex=2075, commits[f2ba01fc-a63e-4348-bd18-030b60a135e7:c2076, eab135d4-a257-4705-b491-6c056b8c5df7:c2072, a4f67574-9018-43e7-8a54-351e98dc3d0a:c2072]
2019-08-23 07:08:58,977 [grpc-default-executor-0] INFO  client.GrpcClientProtocolClient (GrpcClientProtocolClient.java:onNext(255)) - client-D91E5D1E15CE->f2ba01fc-a63e-4348-bd18-030b60a135e7: receive RaftClientReply:client-D91E5D1E15CE->f2ba01fc-a63e-4348-bd18-030b60a135e7@group-C8C62FEF0626, cid=1457, SUCCESS, logIndex=2076, commits[f2ba01fc-a63e-4348-bd18-030b60a135e7:c2076, eab135d4-a257-4705-b491-6c056b8c5df7:c2072, a4f67574-9018-43e7-8a54-351e98dc3d0a:c2072]
2019-08-23 07:08:58,988 | INFO  | DNAudit | user=null | ip=null | op=WRITE_CHUNK {blockData=conID: 1 locID: 102665036687344105 bcsId: 2072} | ret=SUCCESS |  
2019-08-23 07:08:58,988 | INFO  | DNAudit | user=null | ip=null | op=WRITE_CHUNK {blockData=conID: 1 locID: 102665036687344105 bcsId: 2072} | ret=SUCCESS |  
2019-08-23 07:08:58,990 | INFO  | DNAudit | user=null | ip=null | op=PUT_BLOCK {blockData=[blockId=conID: 1 locID: 102665036687344105 bcsId: 0,size=4194304]} | ret=SUCCESS |  
2019-08-23 07:08:58,991 | INFO  | DNAudit | user=null | ip=null | op=PUT_BLOCK {blockData=[blockId=conID: 1 locID: 102665036687344105 bcsId: 0,size=4194304]} | ret=SUCCESS |  
2019-08-23 07:08:58,991 [grpc-default-executor-4] INFO  client.GrpcClientProtocolClient (GrpcClientProtocolClient.java:onNext(255)) - client-D91E5D1E15CE->f2ba01fc-a63e-4348-bd18-030b60a135e7: receive RaftClientReply:client-D91E5D1E15CE->f2ba01fc-a63e-4348-bd18-030b60a135e7@group-C8C62FEF0626, cid=1458, SUCCESS, logIndex=0, commits[f2ba01fc-a63e-4348-bd18-030b60a135e7:c2078, eab135d4-a257-4705-b491-6c056b8c5df7:c2076, a4f67574-9018-43e7-8a54-351e98dc3d0a:c2076]
2019-08-23 07:08:58,999 | INFO  | SCMAudit | user=jenkins1000 | ip=192.168.5.178 | op=ALLOCATE_BLOCK {owner=aaf04d22-10dd-4717-8862-c651bdde72cf, size=4194304, type=RATIS, factor=THREE} | ret=SUCCESS |  
2019-08-23 07:08:59,003 | INFO  | OMAudit | user=jenkins1000 | ip=127.0.0.1 | op=ALLOCATE_BLOCK {volume=vol-0-67663, bucket=bucket-0-68950, key=key-0-26970, dataSize=0, replicationType=null, replicationFactor=null, keyLocationInfo=null, clientID=102665036030476690} | ret=SUCCESS |  
2019-08-23 07:08:59,005 | INFO  | SCMAudit | user=jenkins1000 | ip=192.168.5.178 | op=SEND_HEARTBEAT {datanodeUUID=5c311bc2-cc7c-45de-998f-f79499d85d4e, command=[]} | ret=SUCCESS |  
 0.00% |█                                                                                                    |  0/1 Time: 0:00:102019-08-23 07:08:59,010 | INFO  | DNAudit | user=null | ip=null | op=WRITE_CHUNK {blockData=conID: 2 locID: 102665036693373418 bcsId: 0} | ret=SUCCESS |  
2019-08-23 07:08:59,012 | INFO  | DNAudit | user=null | ip=null | op=WRITE_CHUNK {blockData=conID: 2 locID: 102665036693373418 bcsId: 0} | ret=SUCCESS |  
2019-08-23 07:08:59,012 | INFO  | DNAudit | user=null | ip=null | op=WRITE_CHUNK {blockData=conID: 2 locID: 102665036693373418 bcsId: 0} | ret=SUCCESS |  
2019-08-23 07:08:59,013 | INFO  | DNAudit | user=null | ip=null | op=WRITE_CHUNK {blockData=conID: 2 locID: 102665036693373418 bcsId: 0} | ret=SUCCESS |  
2019-08-23 07:08:59,014 | INFO  | DNAudit | user=null | ip=null | op=WRITE_CHUNK {blockData=conID: 2 locID: 102665036693373418 bcsId: 0} | ret=SUCCESS |  
2019-08-23 07:08:59,015 | INFO  | DNAudit | user=null | ip=null | op=WRITE_CHUNK {blockData=conID: 2 locID: 102665036693373418 bcsId: 0} | ret=SUCCESS |  
2019-08-23 07:08:59,024 | INFO  | DNAudit | user=null | ip=null | op=WRITE_CHUNK {blockData=conID: 2 locID: 102665036693373418 bcsId: 0} | ret=SUCCESS |  
2019-08-23 07:08:59,025 | INFO  | DNAudit | user=null | ip=null | op=PUT_BLOCK {blockData=[blockId=conID: 2 locID: 102665036693373418 bcsId: 0,size=1048576]} | ret=SUCCESS |  
2019-08-23 07:08:59,025 | INFO  | DNAudit | user=null | ip=null | op=WRITE_CHUNK {blockData=conID: 2 locID: 102665036693373418 bcsId: 0} | ret=SUCCESS |  
2019-08-23 07:08:59,025 [grpc-default-executor-2] INFO  client.GrpcClientProtocolClient (GrpcClientProtocolClient.java:onNext(255)) - client-D91E5D1E15CE->f2ba01fc-a63e-4348-bd18-030b60a135e7: receive RaftClientReply:client-D91E5D1E15CE->f2ba01fc-a63e-4348-bd18-030b60a135e7@group-C8C62FEF0626, cid=1459, SUCCESS, logIndex=2079, commits[f2ba01fc-a63e-4348-bd18-030b60a135e7:c2080, eab135d4-a257-4705-b491-6c056b8c5df7:c2078, a4f67574-9018-43e7-8a54-351e98dc3d0a:c2078]
2019-08-23 07:08:59,025 | INFO  | DNAudit | user=null | ip=null | op=PUT_BLOCK {blockData=[blockId=conID: 2 locID: 102665036693373418 bcsId: 0,size=2097152]} | ret=SUCCESS |  
2019-08-23 07:08:59,025 [grpc-default-executor-2] INFO  client.GrpcClientProtocolClient (GrpcClientProtocolClient.java:onNext(255)) - client-D91E5D1E15CE->f2ba01fc-a63e-4348-bd18-030b60a135e7: receive RaftClientReply:client-D91E5D1E15CE->f2ba01fc-a63e-4348-bd18-030b60a135e7@group-C8C62FEF0626, cid=1460, SUCCESS, logIndex=2080, commits[f2ba01fc-a63e-4348-bd18-030b60a135e7:c2082, eab135d4-a257-4705-b491-6c056b8c5df7:c2078, a4f67574-9018-43e7-8a54-351e98dc3d0a:c2078]
2019-08-23 07:08:59,026 | INFO  | DNAudit | user=null | ip=null | op=WRITE_CHUNK {blockData=conID: 2 locID: 102665036693373418 bcsId: 0} | ret=SUCCESS |  
2019-08-23 07:08:59,026 [grpc-default-executor-2] INFO  client.GrpcClientProtocolClient (GrpcClientProtocolClient.java:onNext(255)) - client-D91E5D1E15CE->f2ba01fc-a63e-4348-bd18-030b60a135e7: receive RaftClientReply:client-D91E5D1E15CE->f2ba01fc-a63e-4348-bd18-030b60a135e7@group-C8C62FEF0626, cid=1461, SUCCESS, logIndex=2081, commits[f2ba01fc-a63e-4348-bd18-030b60a135e7:c2082, eab135d4-a257-4705-b491-6c056b8c5df7:c2078, a4f67574-9018-43e7-8a54-351e98dc3d0a:c2078]
2019-08-23 07:08:59,026 [grpc-default-executor-2] INFO  client.GrpcClientProtocolClient (GrpcClientProtocolClient.java:onNext(255)) - client-D91E5D1E15CE->f2ba01fc-a63e-4348-bd18-030b60a135e7: receive RaftClientReply:client-D91E5D1E15CE->f2ba01fc-a63e-4348-bd18-030b60a135e7@group-C8C62FEF0626, cid=1462, SUCCESS, logIndex=2082, commits[f2ba01fc-a63e-4348-bd18-030b60a135e7:c2082, eab135d4-a257-4705-b491-6c056b8c5df7:c2078, a4f67574-9018-43e7-8a54-351e98dc3d0a:c2078]
2019-08-23 07:08:59,026 | INFO  | DNAudit | user=null | ip=null | op=PUT_BLOCK {blockData=[blockId=conID: 2 locID: 102665036693373418 bcsId: 0,size=1048576]} | ret=SUCCESS |  
2019-08-23 07:08:59,026 | INFO  | DNAudit | user=null | ip=null | op=WRITE_CHUNK {blockData=conID: 2 locID: 102665036693373418 bcsId: 0} | ret=SUCCESS |  
2019-08-23 07:08:59,026 | INFO  | DNAudit | user=null | ip=null | op=PUT_BLOCK {blockData=[blockId=conID: 2 locID: 102665036693373418 bcsId: 0,size=1048576]} | ret=SUCCESS |  
2019-08-23 07:08:59,027 | INFO  | DNAudit | user=null | ip=null | op=WRITE_CHUNK {blockData=conID: 2 locID: 102665036693373418 bcsId: 0} | ret=SUCCESS |  
2019-08-23 07:08:59,027 | INFO  | DNAudit | user=null | ip=null | op=PUT_BLOCK {blockData=[blockId=conID: 2 locID: 102665036693373418 bcsId: 0,size=2097152]} | ret=SUCCESS |  
2019-08-23 07:08:59,027 | INFO  | DNAudit | user=null | ip=null | op=WRITE_CHUNK {blockData=conID: 2 locID: 102665036693373418 bcsId: 0} | ret=SUCCESS |  
2019-08-23 07:08:59,027 [grpc-default-executor-2] INFO  client.GrpcClientProtocolClient (GrpcClientProtocolClient.java:onNext(255)) - client-D91E5D1E15CE->f2ba01fc-a63e-4348-bd18-030b60a135e7: receive RaftClientReply:client-D91E5D1E15CE->f2ba01fc-a63e-4348-bd18-030b60a135e7@group-C8C62FEF0626, cid=1463, SUCCESS, logIndex=0, commits[f2ba01fc-a63e-4348-bd18-030b60a135e7:c2084, eab135d4-a257-4705-b491-6c056b8c5df7:c2080, a4f67574-9018-43e7-8a54-351e98dc3d0a:c2080]
2019-08-23 07:08:59,027 | INFO  | DNAudit | user=null | ip=null | op=PUT_BLOCK {blockData=[blockId=conID: 2 locID: 102665036693373418 bcsId: 0,size=2097152]} | ret=SUCCESS |  
2019-08-23 07:08:59,032 | INFO  | DNAudit | user=null | ip=null | op=WRITE_CHUNK {blockData=conID: 2 locID: 102665036693373418 bcsId: 2082} | ret=SUCCESS |  
2019-08-23 07:08:59,034 | INFO  | DNAudit | user=null | ip=null | op=WRITE_CHUNK {blockData=conID: 2 locID: 102665036693373418 bcsId: 2082} | ret=SUCCESS |  
2019-08-23 07:08:59,034 | INFO  | DNAudit | user=null | ip=null | op=WRITE_CHUNK {blockData=conID: 2 locID: 102665036693373418 bcsId: 2082} | ret=SUCCESS |  
2019-08-23 07:08:59,044 | INFO  | DNAudit | user=null | ip=null | op=WRITE_CHUNK {blockData=conID: 2 locID: 102665036693373418 bcsId: 2082} | ret=SUCCESS |  
2019-08-23 07:08:59,045 | INFO  | DNAudit | user=null | ip=null | op=PUT_BLOCK {blockData=[blockId=conID: 2 locID: 102665036693373418 bcsId: 0,size=3145728]} | ret=SUCCESS |  
2019-08-23 07:08:59,045 [grpc-default-executor-0] INFO  client.GrpcClientProtocolClient (GrpcClientProtocolClient.java:onNext(255)) - client-D91E5D1E15CE->f2ba01fc-a63e-4348-bd18-030b60a135e7: receive RaftClientReply:client-D91E5D1E15CE->f2ba01fc-a63e-4348-bd18-030b60a135e7@group-C8C62FEF0626, cid=1464, SUCCESS, logIndex=2086, commits[f2ba01fc-a63e-4348-bd18-030b60a135e7:c2087, eab135d4-a257-4705-b491-6c056b8c5df7:c2085, a4f67574-9018-43e7-8a54-351e98dc3d0a:c2085]
2019-08-23 07:08:59,045 [grpc-default-executor-0] INFO  client.GrpcClientProtocolClient (GrpcClientProtocolClient.java:onNext(255)) - client-D91E5D1E15CE->f2ba01fc-a63e-4348-bd18-030b60a135e7: receive RaftClientReply:client-D91E5D1E15CE->f2ba01fc-a63e-4348-bd18-030b60a135e7@group-C8C62FEF0626, cid=1465, SUCCESS, logIndex=2087, commits[f2ba01fc-a63e-4348-bd18-030b60a135e7:c2087, eab135d4-a257-4705-b491-6c056b8c5df7:c2085, a4f67574-9018-43e7-8a54-351e98dc3d0a:c2085]
2019-08-23 07:08:59,050 | INFO  | DNAudit | user=null | ip=null | op=WRITE_CHUNK {blockData=conID: 2 locID: 102665036693373418 bcsId: 2087} | ret=SUCCESS |  
2019-08-23 07:08:59,052 | INFO  | DNAudit | user=null | ip=null | op=WRITE_CHUNK {blockData=conID: 2 locID: 102665036693373418 bcsId: 2087} | ret=SUCCESS |  
2019-08-23 07:08:59,053 | INFO  | DNAudit | user=null | ip=null | op=WRITE_CHUNK {blockData=conID: 2 locID: 102665036693373418 bcsId: 2087} | ret=SUCCESS |  
2019-08-23 07:08:59,056 | INFO  | DNAudit | user=null | ip=null | op=WRITE_CHUNK {blockData=conID: 2 locID: 102665036693373418 bcsId: 2082} | ret=SUCCESS |  
2019-08-23 07:08:59,056 | INFO  | DNAudit | user=null | ip=null | op=WRITE_CHUNK {blockData=conID: 2 locID: 102665036693373418 bcsId: 2082} | ret=SUCCESS |  
2019-08-23 07:08:59,058 | INFO  | DNAudit | user=null | ip=null | op=PUT_BLOCK {blockData=[blockId=conID: 2 locID: 102665036693373418 bcsId: 0,size=3145728]} | ret=SUCCESS |  
2019-08-23 07:08:59,058 | INFO  | DNAudit | user=null | ip=null | op=PUT_BLOCK {blockData=[blockId=conID: 2 locID: 102665036693373418 bcsId: 0,size=3145728]} | ret=SUCCESS |  
2019-08-23 07:08:59,058 | INFO  | DNAudit | user=null | ip=null | op=WRITE_CHUNK {blockData=conID: 2 locID: 102665036693373418 bcsId: 2087} | ret=SUCCESS |  
2019-08-23 07:08:59,059 | INFO  | DNAudit | user=null | ip=null | op=PUT_BLOCK {blockData=[blockId=conID: 2 locID: 102665036693373418 bcsId: 0,size=4194304]} | ret=SUCCESS |  
2019-08-23 07:08:59,059 [grpc-default-executor-0] INFO  client.GrpcClientProtocolClient (GrpcClientProtocolClient.java:onNext(255)) - client-D91E5D1E15CE->f2ba01fc-a63e-4348-bd18-030b60a135e7: receive RaftClientReply:client-D91E5D1E15CE->f2ba01fc-a63e-4348-bd18-030b60a135e7@group-C8C62FEF0626, cid=1466, SUCCESS, logIndex=2090, commits[f2ba01fc-a63e-4348-bd18-030b60a135e7:c2091, eab135d4-a257-4705-b491-6c056b8c5df7:c2087, a4f67574-9018-43e7-8a54-351e98dc3d0a:c2087]
2019-08-23 07:08:59,059 [grpc-default-executor-0] INFO  client.GrpcClientProtocolClient (GrpcClientProtocolClient.java:onNext(255)) - client-D91E5D1E15CE->f2ba01fc-a63e-4348-bd18-030b60a135e7: receive RaftClientReply:client-D91E5D1E15CE->f2ba01fc-a63e-4348-bd18-030b60a135e7@group-C8C62FEF0626, cid=1467, SUCCESS, logIndex=2091, commits[f2ba01fc-a63e-4348-bd18-030b60a135e7:c2091, eab135d4-a257-4705-b491-6c056b8c5df7:c2087, a4f67574-9018-43e7-8a54-351e98dc3d0a:c2087]
2019-08-23 07:08:59,072 | INFO  | DNAudit | user=null | ip=null | op=WRITE_CHUNK {blockData=conID: 2 locID: 102665036693373418 bcsId: 2087} | ret=SUCCESS |  
2019-08-23 07:08:59,072 | INFO  | DNAudit | user=null | ip=null | op=WRITE_CHUNK {blockData=conID: 2 locID: 102665036693373418 bcsId: 2087} | ret=SUCCESS |  
2019-08-23 07:08:59,073 | INFO  | DNAudit | user=null | ip=null | op=PUT_BLOCK {blockData=[blockId=conID: 2 locID: 102665036693373418 bcsId: 0,size=4194304]} | ret=SUCCESS |  
2019-08-23 07:08:59,073 | INFO  | DNAudit | user=null | ip=null | op=PUT_BLOCK {blockData=[blockId=conID: 2 locID: 102665036693373418 bcsId: 0,size=4194304]} | ret=SUCCESS |  
2019-08-23 07:08:59,073 [grpc-default-executor-2] INFO  client.GrpcClientProtocolClient (GrpcClientProtocolClient.java:onNext(255)) - client-D91E5D1E15CE->f2ba01fc-a63e-4348-bd18-030b60a135e7: receive RaftClientReply:client-D91E5D1E15CE->f2ba01fc-a63e-4348-bd18-030b60a135e7@group-C8C62FEF0626, cid=1468, SUCCESS, logIndex=0, commits[f2ba01fc-a63e-4348-bd18-030b60a135e7:c2093, eab135d4-a257-4705-b491-6c056b8c5df7:c2091, a4f67574-9018-43e7-8a54-351e98dc3d0a:c2091]
2019-08-23 07:08:59,078 | INFO  | SCMAudit | user=jenkins1000 | ip=192.168.5.178 | op=ALLOCATE_BLOCK {owner=aaf04d22-10dd-4717-8862-c651bdde72cf, size=4194304, type=RATIS, factor=THREE} | ret=SUCCESS |  
2019-08-23 07:08:59,080 | INFO  | OMAudit | user=jenkins1000 | ip=127.0.0.1 | op=ALLOCATE_BLOCK {volume=vol-0-67663, bucket=bucket-0-68950, key=key-0-26970, dataSize=0, replicationType=null, replicationFactor=null, keyLocationInfo=null, clientID=102665036030476690} | ret=SUCCESS |  
2019-08-23 07:08:59,086 | INFO  | DNAudit | user=null | ip=null | op=WRITE_CHUNK {blockData=conID: 3 locID: 102665036698616299 bcsId: 0} | ret=SUCCESS |  
2019-08-23 07:08:59,089 | INFO  | DNAudit | user=null | ip=null | op=WRITE_CHUNK {blockData=conID: 3 locID: 102665036698616299 bcsId: 0} | ret=SUCCESS |  
2019-08-23 07:08:59,089 | INFO  | DNAudit | user=null | ip=null | op=WRITE_CHUNK {blockData=conID: 3 locID: 102665036698616299 bcsId: 0} | ret=SUCCESS |  
2019-08-23 07:08:59,089 | INFO  | DNAudit | user=null | ip=null | op=WRITE_CHUNK {blockData=conID: 3 locID: 102665036698616299 bcsId: 0} | ret=SUCCESS |  
2019-08-23 07:08:59,091 | INFO  | DNAudit | user=null | ip=null | op=WRITE_CHUNK {blockData=conID: 3 locID: 102665036698616299 bcsId: 0} | ret=SUCCESS |  
2019-08-23 07:08:59,091 | INFO  | DNAudit | user=null | ip=null | op=WRITE_CHUNK {blockData=conID: 3 locID: 102665036698616299 bcsId: 0} | ret=SUCCESS |  
2019-08-23 07:08:59,098 | INFO  | DNAudit | user=null | ip=null | op=WRITE_CHUNK {blockData=conID: 3 locID: 102665036698616299 bcsId: 0} | ret=SUCCESS |  
2019-08-23 07:08:59,098 | INFO  | DNAudit | user=null | ip=null | op=PUT_BLOCK {blockData=[blockId=conID: 3 locID: 102665036698616299 bcsId: 0,size=1048576]} | ret=SUCCESS |  
2019-08-23 07:08:59,098 [grpc-default-executor-0] INFO  client.GrpcClientProtocolClient (GrpcClientProtocolClient.java:onNext(255)) - client-D91E5D1E15CE->f2ba01fc-a63e-4348-bd18-030b60a135e7: receive RaftClientReply:client-D91E5D1E15CE->f2ba01fc-a63e-4348-bd18-030b60a135e7@group-C8C62FEF0626, cid=1469, SUCCESS, logIndex=2094, commits[f2ba01fc-a63e-4348-bd18-030b60a135e7:c2095, eab135d4-a257-4705-b491-6c056b8c5df7:c2093, a4f67574-9018-43e7-8a54-351e98dc3d0a:c2093]
2019-08-23 07:08:59,099 [grpc-default-executor-0] INFO  client.GrpcClientProtocolClient (GrpcClientProtocolClient.java:onNext(255)) - client-D91E5D1E15CE->f2ba01fc-a63e-4348-bd18-030b60a135e7: receive RaftClientReply:client-D91E5D1E15CE->f2ba01fc-a63e-4348-bd18-030b60a135e7@group-C8C62FEF0626, cid=1470, SUCCESS, logIndex=2095, commits[f2ba01fc-a63e-4348-bd18-030b60a135e7:c2095, eab135d4-a257-4705-b491-6c056b8c5df7:c2093, a4f67574-9018-43e7-8a54-351e98dc3d0a:c2093]
2019-08-23 07:08:59,099 | INFO  | DNAudit | user=null | ip=null | op=WRITE_CHUNK {blockData=conID: 3 locID: 102665036698616299 bcsId: 0} | ret=SUCCESS |  
2019-08-23 07:08:59,099 | INFO  | DNAudit | user=null | ip=null | op=PUT_BLOCK {blockData=[blockId=conID: 3 locID: 102665036698616299 bcsId: 0,size=2097152]} | ret=SUCCESS |  
2019-08-23 07:08:59,099 [grpc-default-executor-2] INFO  client.GrpcClientProtocolClient (GrpcClientProtocolClient.java:onNext(255)) - client-D91E5D1E15CE->f2ba01fc-a63e-4348-bd18-030b60a135e7: receive RaftClientReply:client-D91E5D1E15CE->f2ba01fc-a63e-4348-bd18-030b60a135e7@group-C8C62FEF0626, cid=1471, SUCCESS, logIndex=2096, commits[f2ba01fc-a63e-4348-bd18-030b60a135e7:c2097, eab135d4-a257-4705-b491-6c056b8c5df7:c2093, a4f67574-9018-43e7-8a54-351e98dc3d0a:c2093]
2019-08-23 07:08:59,099 [grpc-default-executor-2] INFO  client.GrpcClientProtocolClient (GrpcClientProtocolClient.java:onNext(255)) - client-D91E5D1E15CE->f2ba01fc-a63e-4348-bd18-030b60a135e7: receive RaftClientReply:client-D91E5D1E15CE->f2ba01fc-a63e-4348-bd18-030b60a135e7@group-C8C62FEF0626, cid=1472, SUCCESS, logIndex=2097, commits[f2ba01fc-a63e-4348-bd18-030b60a135e7:c2097, eab135d4-a257-4705-b491-6c056b8c5df7:c2093, a4f67574-9018-43e7-8a54-351e98dc3d0a:c2093]
2019-08-23 07:08:59,112 | INFO  | DNAudit | user=null | ip=null | op=WRITE_CHUNK {blockData=conID: 3 locID: 102665036698616299 bcsId: 0} | ret=SUCCESS |  
2019-08-23 07:08:59,112 | INFO  | DNAudit | user=null | ip=null | op=PUT_BLOCK {blockData=[blockId=conID: 3 locID: 102665036698616299 bcsId: 0,size=1048576]} | ret=SUCCESS |  
2019-08-23 07:08:59,112 | INFO  | DNAudit | user=null | ip=null | op=WRITE_CHUNK {blockData=conID: 3 locID: 102665036698616299 bcsId: 0} | ret=SUCCESS |  
2019-08-23 07:08:59,112 | INFO  | DNAudit | user=null | ip=null | op=PUT_BLOCK {blockData=[blockId=conID: 3 locID: 102665036698616299 bcsId: 0,size=1048576]} | ret=SUCCESS |  
2019-08-23 07:08:59,112 | INFO  | DNAudit | user=null | ip=null | op=WRITE_CHUNK {blockData=conID: 3 locID: 102665036698616299 bcsId: 0} | ret=SUCCESS |  
2019-08-23 07:08:59,113 | INFO  | DNAudit | user=null | ip=null | op=PUT_BLOCK {blockData=[blockId=conID: 3 locID: 102665036698616299 bcsId: 0,size=2097152]} | ret=SUCCESS |  
2019-08-23 07:08:59,113 | INFO  | DNAudit | user=null | ip=null | op=WRITE_CHUNK {blockData=conID: 3 locID: 102665036698616299 bcsId: 0} | ret=SUCCESS |  
2019-08-23 07:08:59,113 [grpc-default-executor-2] INFO  client.GrpcClientProtocolClient (GrpcClientProtocolClient.java:onNext(255)) - client-D91E5D1E15CE->f2ba01fc-a63e-4348-bd18-030b60a135e7: receive RaftClientReply:client-D91E5D1E15CE->f2ba01fc-a63e-4348-bd18-030b60a135e7@group-C8C62FEF0626, cid=1473, SUCCESS, logIndex=0, commits[f2ba01fc-a63e-4348-bd18-030b60a135e7:c2099, eab135d4-a257-4705-b491-6c056b8c5df7:c2095, a4f67574-9018-43e7-8a54-351e98dc3d0a:c2095]
2019-08-23 07:08:59,113 | INFO  | DNAudit | user=null | ip=null | op=PUT_BLOCK {blockData=[blockId=conID: 3 locID: 102665036698616299 bcsId: 0,size=2097152]} | ret=SUCCESS |  
2019-08-23 07:08:59,118 | INFO  | DNAudit | user=null | ip=null | op=WRITE_CHUNK {blockData=conID: 3 locID: 102665036698616299 bcsId: 2097} | ret=SUCCESS |  
2019-08-23 07:08:59,119 | INFO  | DNAudit | user=null | ip=null | op=WRITE_CHUNK {blockData=conID: 3 locID: 102665036698616299 bcsId: 2097} | ret=SUCCESS |  
2019-08-23 07:08:59,119 | INFO  | DNAudit | user=null | ip=null | op=WRITE_CHUNK {blockData=conID: 3 locID: 102665036698616299 bcsId: 2097} | ret=SUCCESS |  
2019-08-23 07:08:59,130 | INFO  | DNAudit | user=null | ip=null | op=WRITE_CHUNK {blockData=conID: 3 locID: 102665036698616299 bcsId: 2097} | ret=SUCCESS |  
2019-08-23 07:08:59,131 | INFO  | DNAudit | user=null | ip=null | op=PUT_BLOCK {blockData=[blockId=conID: 3 locID: 102665036698616299 bcsId: 0,size=3145728]} | ret=SUCCESS |  
2019-08-23 07:08:59,131 [grpc-default-executor-2] INFO  client.GrpcClientProtocolClient (GrpcClientProtocolClient.java:onNext(255)) - client-D91E5D1E15CE->f2ba01fc-a63e-4348-bd18-030b60a135e7: receive RaftClientReply:client-D91E5D1E15CE->f2ba01fc-a63e-4348-bd18-030b60a135e7@group-C8C62FEF0626, cid=1474, SUCCESS, logIndex=2102, commits[f2ba01fc-a63e-4348-bd18-030b60a135e7:c2103, eab135d4-a257-4705-b491-6c056b8c5df7:c2101, a4f67574-9018-43e7-8a54-351e98dc3d0a:c2101]
2019-08-23 07:08:59,131 [grpc-default-executor-2] INFO  client.GrpcClientProtocolClient (GrpcClientProtocolClient.java:onNext(255)) - client-D91E5D1E15CE->f2ba01fc-a63e-4348-bd18-030b60a135e7: receive RaftClientReply:client-D91E5D1E15CE->f2ba01fc-a63e-4348-bd18-030b60a135e7@group-C8C62FEF0626, cid=1475, SUCCESS, logIndex=2103, commits[f2ba01fc-a63e-4348-bd18-030b60a135e7:c2103, eab135d4-a257-4705-b491-6c056b8c5df7:c2101, a4f67574-9018-43e7-8a54-351e98dc3d0a:c2101]
2019-08-23 07:08:59,132 | INFO  | DNAudit | user=null | ip=null | op=WRITE_CHUNK {blockData=conID: 3 locID: 102665036698616299 bcsId: 2097} | ret=SUCCESS |  
2019-08-23 07:08:59,133 | INFO  | DNAudit | user=null | ip=null | op=WRITE_CHUNK {blockData=conID: 3 locID: 102665036698616299 bcsId: 2097} | ret=SUCCESS |  
2019-08-23 07:08:59,133 | INFO  | DNAudit | user=null | ip=null | op=PUT_BLOCK {blockData=[blockId=conID: 3 locID: 102665036698616299 bcsId: 0,size=3145728]} | ret=SUCCESS |  
2019-08-23 07:08:59,134 | INFO  | DNAudit | user=null | ip=null | op=PUT_BLOCK {blockData=[blockId=conID: 3 locID: 102665036698616299 bcsId: 0,size=3145728]} | ret=SUCCESS |  
2019-08-23 07:08:59,136 | INFO  | DNAudit | user=null | ip=null | op=WRITE_CHUNK {blockData=conID: 3 locID: 102665036698616299 bcsId: 2103} | ret=SUCCESS |  
2019-08-23 07:08:59,138 | INFO  | DNAudit | user=null | ip=null | op=WRITE_CHUNK {blockData=conID: 3 locID: 102665036698616299 bcsId: 2103} | ret=SUCCESS |  
2019-08-23 07:08:59,138 | INFO  | DNAudit | user=null | ip=null | op=WRITE_CHUNK {blockData=conID: 3 locID: 102665036698616299 bcsId: 2103} | ret=SUCCESS |  
2019-08-23 07:08:59,139 | INFO  | DNAudit | user=null | ip=null | op=WRITE_CHUNK {blockData=conID: 3 locID: 102665036698616299 bcsId: 2103} | ret=SUCCESS |  
2019-08-23 07:08:59,140 | INFO  | DNAudit | user=null | ip=null | op=PUT_BLOCK {blockData=[blockId=conID: 3 locID: 102665036698616299 bcsId: 0,size=4194304]} | ret=SUCCESS |  
2019-08-23 07:08:59,140 [grpc-default-executor-0] INFO  client.GrpcClientProtocolClient (GrpcClientProtocolClient.java:onNext(255)) - client-D91E5D1E15CE->f2ba01fc-a63e-4348-bd18-030b60a135e7: receive RaftClientReply:client-D91E5D1E15CE->f2ba01fc-a63e-4348-bd18-030b60a135e7@group-C8C62FEF0626, cid=1476, SUCCESS, logIndex=2106, commits[f2ba01fc-a63e-4348-bd18-030b60a135e7:c2107, eab135d4-a257-4705-b491-6c056b8c5df7:c2103, a4f67574-9018-43e7-8a54-351e98dc3d0a:c2105]
2019-08-23 07:08:59,140 [grpc-default-executor-0] INFO  client.GrpcClientProtocolClient (GrpcClientProtocolClient.java:onNext(255)) - client-D91E5D1E15CE->f2ba01fc-a63e-4348-bd18-030b60a135e7: receive RaftClientReply:client-D91E5D1E15CE->f2ba01fc-a63e-4348-bd18-030b60a135e7@group-C8C62FEF0626, cid=1477, SUCCESS, logIndex=2107, commits[f2ba01fc-a63e-4348-bd18-030b60a135e7:c2107, eab135d4-a257-4705-b491-6c056b8c5df7:c2105, a4f67574-9018-43e7-8a54-351e98dc3d0a:c2105]
2019-08-23 07:08:59,142 | INFO  | DNAudit | user=null | ip=null | op=WRITE_CHUNK {blockData=conID: 3 locID: 102665036698616299 bcsId: 2103} | ret=SUCCESS |  
2019-08-23 07:08:59,142 | INFO  | DNAudit | user=null | ip=null | op=WRITE_CHUNK {blockData=conID: 3 locID: 102665036698616299 bcsId: 2103} | ret=SUCCESS |  
2019-08-23 07:08:59,142 | INFO  | DNAudit | user=null | ip=null | op=PUT_BLOCK {blockData=[blockId=conID: 3 locID: 102665036698616299 bcsId: 0,size=4194304]} | ret=SUCCESS |  
2019-08-23 07:08:59,142 | INFO  | DNAudit | user=null | ip=null | op=PUT_BLOCK {blockData=[blockId=conID: 3 locID: 102665036698616299 bcsId: 0,size=4194304]} | ret=SUCCESS |  
2019-08-23 07:08:59,142 [grpc-default-executor-0] INFO  client.GrpcClientProtocolClient (GrpcClientProtocolClient.java:onNext(255)) - client-D91E5D1E15CE->f2ba01fc-a63e-4348-bd18-030b60a135e7: receive RaftClientReply:client-D91E5D1E15CE->f2ba01fc-a63e-4348-bd18-030b60a135e7@group-C8C62FEF0626, cid=1478, SUCCESS, logIndex=0, commits[f2ba01fc-a63e-4348-bd18-030b60a135e7:c2108, eab135d4-a257-4705-b491-6c056b8c5df7:c2107, a4f67574-9018-43e7-8a54-351e98dc3d0a:c2107]
2019-08-23 07:08:59,145 | INFO  | SCMAudit | user=jenkins1000 | ip=192.168.5.178 | op=SEND_HEARTBEAT {datanodeUUID=b7d3ecaa-ab76-49a0-b691-40b7e1ed625a, command=[]} | ret=SUCCESS |  
2019-08-23 07:08:59,146 | INFO  | SCMAudit | user=jenkins1000 | ip=192.168.5.178 | op=ALLOCATE_BLOCK {owner=aaf04d22-10dd-4717-8862-c651bdde72cf, size=4194304, type=RATIS, factor=THREE} | ret=SUCCESS |  
2019-08-23 07:08:59,149 | INFO  | OMAudit | user=jenkins1000 | ip=127.0.0.1 | op=ALLOCATE_BLOCK {volume=vol-0-67663, bucket=bucket-0-68950, key=key-0-26970, dataSize=0, replicationType=null, replicationFactor=null, keyLocationInfo=null, clientID=102665036030476690} | ret=SUCCESS |  
2019-08-23 07:08:59,154 | INFO  | DNAudit | user=null | ip=null | op=WRITE_CHUNK {blockData=conID: 1 locID: 102665036703072748 bcsId: 0} | ret=SUCCESS |  
2019-08-23 07:08:59,241 | INFO  | DNAudit | user=null | ip=null | op=WRITE_CHUNK {blockData=conID: 1 locID: 102665036703072748 bcsId: 0} | ret=SUCCESS |  
2019-08-23 07:08:59,241 | INFO  | DNAudit | user=null | ip=null | op=WRITE_CHUNK {blockData=conID: 1 locID: 102665036703072748 bcsId: 0} | ret=SUCCESS |  
2019-08-23 07:08:59,241 | INFO  | DNAudit | user=null | ip=null | op=WRITE_CHUNK {blockData=conID: 1 locID: 102665036703072748 bcsId: 0} | ret=SUCCESS |  
2019-08-23 07:08:59,243 | INFO  | DNAudit | user=null | ip=null | op=WRITE_CHUNK {blockData=conID: 1 locID: 102665036703072748 bcsId: 0} | ret=SUCCESS |  
2019-08-23 07:08:59,243 | INFO  | DNAudit | user=null | ip=null | op=WRITE_CHUNK {blockData=conID: 1 locID: 102665036703072748 bcsId: 0} | ret=SUCCESS |  
2019-08-23 07:08:59,254 | INFO  | DNAudit | user=null | ip=null | op=WRITE_CHUNK {blockData=conID: 1 locID: 102665036703072748 bcsId: 0} | ret=SUCCESS |  
2019-08-23 07:08:59,254 | INFO  | DNAudit | user=null | ip=null | op=PUT_BLOCK {blockData=[blockId=conID: 1 locID: 102665036703072748 bcsId: 0,size=1048576]} | ret=SUCCESS |  
2019-08-23 07:08:59,255 | INFO  | DNAudit | user=null | ip=null | op=WRITE_CHUNK {blockData=conID: 1 locID: 102665036703072748 bcsId: 0} | ret=SUCCESS |  
2019-08-23 07:08:59,254 [grpc-default-executor-0] INFO  client.GrpcClientProtocolClient (GrpcClientProtocolClient.java:onNext(255)) - client-D91E5D1E15CE->f2ba01fc-a63e-4348-bd18-030b60a135e7: receive RaftClientReply:client-D91E5D1E15CE->f2ba01fc-a63e-4348-bd18-030b60a135e7@group-C8C62FEF0626, cid=1479, SUCCESS, logIndex=2110, commits[f2ba01fc-a63e-4348-bd18-030b60a135e7:c2111, eab135d4-a257-4705-b491-6c056b8c5df7:c2109, a4f67574-9018-43e7-8a54-351e98dc3d0a:c2109]
2019-08-23 07:08:59,255 | INFO  | DNAudit | user=null | ip=null | op=PUT_BLOCK {blockData=[blockId=conID: 1 locID: 102665036703072748 bcsId: 0,size=2097152]} | ret=SUCCESS |  
2019-08-23 07:08:59,255 [grpc-default-executor-0] INFO  client.GrpcClientProtocolClient (GrpcClientProtocolClient.java:onNext(255)) - client-D91E5D1E15CE->f2ba01fc-a63e-4348-bd18-030b60a135e7: receive RaftClientReply:client-D91E5D1E15CE->f2ba01fc-a63e-4348-bd18-030b60a135e7@group-C8C62FEF0626, cid=1480, SUCCESS, logIndex=2111, commits[f2ba01fc-a63e-4348-bd18-030b60a135e7:c2113, eab135d4-a257-4705-b491-6c056b8c5df7:c2109, a4f67574-9018-43e7-8a54-351e98dc3d0a:c2109]
2019-08-23 07:08:59,255 [grpc-default-executor-0] INFO  client.GrpcClientProtocolClient (GrpcClientProtocolClient.java:onNext(255)) - client-D91E5D1E15CE->f2ba01fc-a63e-4348-bd18-030b60a135e7: receive RaftClientReply:client-D91E5D1E15CE->f2ba01fc-a63e-4348-bd18-030b60a135e7@group-C8C62FEF0626, cid=1481, SUCCESS, logIndex=2112, commits[f2ba01fc-a63e-4348-bd18-030b60a135e7:c2113, eab135d4-a257-4705-b491-6c056b8c5df7:c2109, a4f67574-9018-43e7-8a54-351e98dc3d0a:c2109]
2019-08-23 07:08:59,255 | INFO  | DNAudit | user=null | ip=null | op=WRITE_CHUNK {blockData=conID: 1 locID: 102665036703072748 bcsId: 0} | ret=SUCCESS |  
2019-08-23 07:08:59,256 | INFO  | DNAudit | user=null | ip=null | op=WRITE_CHUNK {blockData=conID: 1 locID: 102665036703072748 bcsId: 0} | ret=SUCCESS |  
2019-08-23 07:08:59,256 [grpc-default-executor-0] INFO  client.GrpcClientProtocolClient (GrpcClientProtocolClient.java:onNext(255)) - client-D91E5D1E15CE->f2ba01fc-a63e-4348-bd18-030b60a135e7: receive RaftClientReply:client-D91E5D1E15CE->f2ba01fc-a63e-4348-bd18-030b60a135e7@group-C8C62FEF0626, cid=1482, SUCCESS, logIndex=2113, commits[f2ba01fc-a63e-4348-bd18-030b60a135e7:c2113, eab135d4-a257-4705-b491-6c056b8c5df7:c2109, a4f67574-9018-43e7-8a54-351e98dc3d0a:c2109]
2019-08-23 07:08:59,257 | INFO  | DNAudit | user=null | ip=null | op=PUT_BLOCK {blockData=[blockId=conID: 1 locID: 102665036703072748 bcsId: 0,size=1048576]} | ret=SUCCESS |  
2019-08-23 07:08:59,257 | INFO  | DNAudit | user=null | ip=null | op=PUT_BLOCK {blockData=[blockId=conID: 1 locID: 102665036703072748 bcsId: 0,size=1048576]} | ret=SUCCESS |  
2019-08-23 07:08:59,257 | INFO  | DNAudit | user=null | ip=null | op=WRITE_CHUNK {blockData=conID: 1 locID: 102665036703072748 bcsId: 0} | ret=SUCCESS |  
2019-08-23 07:08:59,257 | INFO  | DNAudit | user=null | ip=null | op=PUT_BLOCK {blockData=[blockId=conID: 1 locID: 102665036703072748 bcsId: 0,size=2097152]} | ret=SUCCESS |  
2019-08-23 07:08:59,257 | INFO  | DNAudit | user=null | ip=null | op=WRITE_CHUNK {blockData=conID: 1 locID: 102665036703072748 bcsId: 0} | ret=SUCCESS |  
2019-08-23 07:08:59,257 [grpc-default-executor-0] INFO  client.GrpcClientProtocolClient (GrpcClientProtocolClient.java:onNext(255)) - client-D91E5D1E15CE->f2ba01fc-a63e-4348-bd18-030b60a135e7: receive RaftClientReply:client-D91E5D1E15CE->f2ba01fc-a63e-4348-bd18-030b60a135e7@group-C8C62FEF0626, cid=1483, SUCCESS, logIndex=0, commits[f2ba01fc-a63e-4348-bd18-030b60a135e7:c2114, eab135d4-a257-4705-b491-6c056b8c5df7:c2111, a4f67574-9018-43e7-8a54-351e98dc3d0a:c2111]
2019-08-23 07:08:59,257 | INFO  | DNAudit | user=null | ip=null | op=PUT_BLOCK {blockData=[blockId=conID: 1 locID: 102665036703072748 bcsId: 0,size=2097152]} | ret=SUCCESS |  
2019-08-23 07:08:59,263 | INFO  | DNAudit | user=null | ip=null | op=WRITE_CHUNK {blockData=conID: 1 locID: 102665036703072748 bcsId: 2113} | ret=SUCCESS |  
2019-08-23 07:08:59,265 | INFO  | DNAudit | user=null | ip=null | op=WRITE_CHUNK {blockData=conID: 1 locID: 102665036703072748 bcsId: 2113} | ret=SUCCESS |  
2019-08-23 07:08:59,266 | INFO  | DNAudit | user=null | ip=null | op=WRITE_CHUNK {blockData=conID: 1 locID: 102665036703072748 bcsId: 2113} | ret=SUCCESS |  
2019-08-23 07:08:59,275 | INFO  | DNAudit | user=null | ip=null | op=WRITE_CHUNK {blockData=conID: 1 locID: 102665036703072748 bcsId: 2113} | ret=SUCCESS |  
2019-08-23 07:08:59,276 | INFO  | DNAudit | user=null | ip=null | op=PUT_BLOCK {blockData=[blockId=conID: 1 locID: 102665036703072748 bcsId: 0,size=3145728]} | ret=SUCCESS |  
2019-08-23 07:08:59,276 [grpc-default-executor-4] INFO  client.GrpcClientProtocolClient (GrpcClientProtocolClient.java:onNext(255)) - client-D91E5D1E15CE->f2ba01fc-a63e-4348-bd18-030b60a135e7: receive RaftClientReply:client-D91E5D1E15CE->f2ba01fc-a63e-4348-bd18-030b60a135e7@group-C8C62FEF0626, cid=1484, SUCCESS, logIndex=2117, commits[f2ba01fc-a63e-4348-bd18-030b60a135e7:c2118, eab135d4-a257-4705-b491-6c056b8c5df7:c2116, a4f67574-9018-43e7-8a54-351e98dc3d0a:c2116]
2019-08-23 07:08:59,276 [grpc-default-executor-4] INFO  client.GrpcClientProtocolClient (GrpcClientProtocolClient.java:onNext(255)) - client-D91E5D1E15CE->f2ba01fc-a63e-4348-bd18-030b60a135e7: receive RaftClientReply:client-D91E5D1E15CE->f2ba01fc-a63e-4348-bd18-030b60a135e7@group-C8C62FEF0626, cid=1485, SUCCESS, logIndex=2118, commits[f2ba01fc-a63e-4348-bd18-030b60a135e7:c2118, eab135d4-a257-4705-b491-6c056b8c5df7:c2116, a4f67574-9018-43e7-8a54-351e98dc3d0a:c2116]
2019-08-23 07:08:59,282 | INFO  | DNAudit | user=null | ip=null | op=WRITE_CHUNK {blockData=conID: 1 locID: 102665036703072748 bcsId: 2118} | ret=SUCCESS |  
2019-08-23 07:08:59,284 | INFO  | DNAudit | user=null | ip=null | op=WRITE_CHUNK {blockData=conID: 1 locID: 102665036703072748 bcsId: 2118} | ret=SUCCESS |  
2019-08-23 07:08:59,284 | INFO  | DNAudit | user=null | ip=null | op=WRITE_CHUNK {blockData=conID: 1 locID: 102665036703072748 bcsId: 2118} | ret=SUCCESS |  
2019-08-23 07:08:59,287 | INFO  | DNAudit | user=null | ip=null | op=WRITE_CHUNK {blockData=conID: 1 locID: 102665036703072748 bcsId: 2113} | ret=SUCCESS |  
2019-08-23 07:08:59,287 | INFO  | DNAudit | user=null | ip=null | op=WRITE_CHUNK {blockData=conID: 1 locID: 102665036703072748 bcsId: 2113} | ret=SUCCESS |  
2019-08-23 07:08:59,288 | INFO  | DNAudit | user=null | ip=null | op=PUT_BLOCK {blockData=[blockId=conID: 1 locID: 102665036703072748 bcsId: 0,size=3145728]} | ret=SUCCESS |  
2019-08-23 07:08:59,288 | INFO  | DNAudit | user=null | ip=null | op=PUT_BLOCK {blockData=[blockId=conID: 1 locID: 102665036703072748 bcsId: 0,size=3145728]} | ret=SUCCESS |  
2019-08-23 07:08:59,289 | INFO  | DNAudit | user=null | ip=null | op=WRITE_CHUNK {blockData=conID: 1 locID: 102665036703072748 bcsId: 2118} | ret=SUCCESS |  
2019-08-23 07:08:59,289 [grpc-default-executor-2] INFO  client.GrpcClientProtocolClient (GrpcClientProtocolClient.java:onNext(255)) - client-D91E5D1E15CE->f2ba01fc-a63e-4348-bd18-030b60a135e7: receive RaftClientReply:client-D91E5D1E15CE->f2ba01fc-a63e-4348-bd18-030b60a135e7@group-C8C62FEF0626, cid=1486, SUCCESS, logIndex=2121, commits[f2ba01fc-a63e-4348-bd18-030b60a135e7:c2122, eab135d4-a257-4705-b491-6c056b8c5df7:c2118, a4f67574-9018-43e7-8a54-351e98dc3d0a:c2118]
2019-08-23 07:08:59,289 | INFO  | DNAudit | user=null | ip=null | op=PUT_BLOCK {blockData=[blockId=conID: 1 locID: 102665036703072748 bcsId: 0,size=4194304]} | ret=SUCCESS |  
2019-08-23 07:08:59,290 [grpc-default-executor-2] INFO  client.GrpcClientProtocolClient (GrpcClientProtocolClient.java:onNext(255)) - client-D91E5D1E15CE->f2ba01fc-a63e-4348-bd18-030b60a135e7: receive RaftClientReply:client-D91E5D1E15CE->f2ba01fc-a63e-4348-bd18-030b60a135e7@group-C8C62FEF0626, cid=1487, SUCCESS, logIndex=2122, commits[f2ba01fc-a63e-4348-bd18-030b60a135e7:c2122, eab135d4-a257-4705-b491-6c056b8c5df7:c2118, a4f67574-9018-43e7-8a54-351e98dc3d0a:c2118]
2019-08-23 07:08:59,300 | INFO  | DNAudit | user=null | ip=null | op=WRITE_CHUNK {blockData=conID: 1 locID: 102665036703072748 bcsId: 2118} | ret=SUCCESS |  
2019-08-23 07:08:59,301 | INFO  | DNAudit | user=null | ip=null | op=WRITE_CHUNK {blockData=conID: 1 locID: 102665036703072748 bcsId: 2118} | ret=SUCCESS |  
2019-08-23 07:08:59,302 | INFO  | DNAudit | user=null | ip=null | op=PUT_BLOCK {blockData=[blockId=conID: 1 locID: 102665036703072748 bcsId: 0,size=4194304]} | ret=SUCCESS |  
2019-08-23 07:08:59,302 | INFO  | DNAudit | user=null | ip=null | op=PUT_BLOCK {blockData=[blockId=conID: 1 locID: 102665036703072748 bcsId: 0,size=4194304]} | ret=SUCCESS |  
2019-08-23 07:08:59,302 [grpc-default-executor-0] INFO  client.GrpcClientProtocolClient (GrpcClientProtocolClient.java:onNext(255)) - client-D91E5D1E15CE->f2ba01fc-a63e-4348-bd18-030b60a135e7: receive RaftClientReply:client-D91E5D1E15CE->f2ba01fc-a63e-4348-bd18-030b60a135e7@group-C8C62FEF0626, cid=1488, SUCCESS, logIndex=0, commits[f2ba01fc-a63e-4348-bd18-030b60a135e7:c2123, eab135d4-a257-4705-b491-6c056b8c5df7:c2122, a4f67574-9018-43e7-8a54-351e98dc3d0a:c2122]
2019-08-23 07:08:59,307 | INFO  | SCMAudit | user=jenkins1000 | ip=192.168.5.178 | op=ALLOCATE_BLOCK {owner=aaf04d22-10dd-4717-8862-c651bdde72cf, size=4194304, type=RATIS, factor=THREE} | ret=SUCCESS |  
2019-08-23 07:08:59,310 | INFO  | OMAudit | user=jenkins1000 | ip=127.0.0.1 | op=ALLOCATE_BLOCK {volume=vol-0-67663, bucket=bucket-0-68950, key=key-0-26970, dataSize=0, replicationType=null, replicationFactor=null, keyLocationInfo=null, clientID=102665036030476690} | ret=SUCCESS |  
2019-08-23 07:08:59,316 | INFO  | DNAudit | user=null | ip=null | op=WRITE_CHUNK {blockData=conID: 2 locID: 102665036713624045 bcsId: 0} | ret=SUCCESS |  
2019-08-23 07:08:59,319 | INFO  | DNAudit | user=null | ip=null | op=WRITE_CHUNK {blockData=conID: 2 locID: 102665036713624045 bcsId: 0} | ret=SUCCESS |  
2019-08-23 07:08:59,319 | INFO  | DNAudit | user=null | ip=null | op=WRITE_CHUNK {blockData=conID: 2 locID: 102665036713624045 bcsId: 0} | ret=SUCCESS |  
2019-08-23 07:08:59,320 | INFO  | DNAudit | user=null | ip=null | op=WRITE_CHUNK {blockData=conID: 2 locID: 102665036713624045 bcsId: 0} | ret=SUCCESS |  
2019-08-23 07:08:59,322 | INFO  | DNAudit | user=null | ip=null | op=WRITE_CHUNK {blockData=conID: 2 locID: 102665036713624045 bcsId: 0} | ret=SUCCESS |  
2019-08-23 07:08:59,322 | INFO  | DNAudit | user=null | ip=null | op=WRITE_CHUNK {blockData=conID: 2 locID: 102665036713624045 bcsId: 0} | ret=SUCCESS |  
2019-08-23 07:08:59,328 | INFO  | DNAudit | user=null | ip=null | op=WRITE_CHUNK {blockData=conID: 2 locID: 102665036713624045 bcsId: 0} | ret=SUCCESS |  
2019-08-23 07:08:59,329 | INFO  | DNAudit | user=null | ip=null | op=PUT_BLOCK {blockData=[blockId=conID: 2 locID: 102665036713624045 bcsId: 0,size=1048576]} | ret=SUCCESS |  
2019-08-23 07:08:59,329 [grpc-default-executor-4] INFO  client.GrpcClientProtocolClient (GrpcClientProtocolClient.java:onNext(255)) - client-D91E5D1E15CE->f2ba01fc-a63e-4348-bd18-030b60a135e7: receive RaftClientReply:client-D91E5D1E15CE->f2ba01fc-a63e-4348-bd18-030b60a135e7@group-C8C62FEF0626, cid=1489, SUCCESS, logIndex=2125, commits[f2ba01fc-a63e-4348-bd18-030b60a135e7:c2127, eab135d4-a257-4705-b491-6c056b8c5df7:c2124, a4f67574-9018-43e7-8a54-351e98dc3d0a:c2124]
2019-08-23 07:08:59,329 | INFO  | DNAudit | user=null | ip=null | op=WRITE_CHUNK {blockData=conID: 2 locID: 102665036713624045 bcsId: 0} | ret=SUCCESS |  
2019-08-23 07:08:59,329 [grpc-default-executor-4] INFO  client.GrpcClientProtocolClient (GrpcClientProtocolClient.java:onNext(255)) - client-D91E5D1E15CE->f2ba01fc-a63e-4348-bd18-030b60a135e7: receive RaftClientReply:client-D91E5D1E15CE->f2ba01fc-a63e-4348-bd18-030b60a135e7@group-C8C62FEF0626, cid=1490, SUCCESS, logIndex=2126, commits[f2ba01fc-a63e-4348-bd18-030b60a135e7:c2128, eab135d4-a257-4705-b491-6c056b8c5df7:c2124, a4f67574-9018-43e7-8a54-351e98dc3d0a:c2124]
2019-08-23 07:08:59,329 | INFO  | DNAudit | user=null | ip=null | op=PUT_BLOCK {blockData=[blockId=conID: 2 locID: 102665036713624045 bcsId: 0,size=2097152]} | ret=SUCCESS |  
2019-08-23 07:08:59,330 [grpc-default-executor-4] INFO  client.GrpcClientProtocolClient (GrpcClientProtocolClient.java:onNext(255)) - client-D91E5D1E15CE->f2ba01fc-a63e-4348-bd18-030b60a135e7: receive RaftClientReply:client-D91E5D1E15CE->f2ba01fc-a63e-4348-bd18-030b60a135e7@group-C8C62FEF0626, cid=1491, SUCCESS, logIndex=2127, commits[f2ba01fc-a63e-4348-bd18-030b60a135e7:c2128, eab135d4-a257-4705-b491-6c056b8c5df7:c2124, a4f67574-9018-43e7-8a54-351e98dc3d0a:c2124]
2019-08-23 07:08:59,330 | INFO  | DNAudit | user=null | ip=null | op=WRITE_CHUNK {blockData=conID: 2 locID: 102665036713624045 bcsId: 0} | ret=SUCCESS |  
2019-08-23 07:08:59,330 | INFO  | DNAudit | user=null | ip=null | op=WRITE_CHUNK {blockData=conID: 2 locID: 102665036713624045 bcsId: 0} | ret=SUCCESS |  
2019-08-23 07:08:59,330 [grpc-default-executor-4] INFO  client.GrpcClientProtocolClient (GrpcClientProtocolClient.java:onNext(255)) - client-D91E5D1E15CE->f2ba01fc-a63e-4348-bd18-030b60a135e7: receive RaftClientReply:client-D91E5D1E15CE->f2ba01fc-a63e-4348-bd18-030b60a135e7@group-C8C62FEF0626, cid=1492, SUCCESS, logIndex=2128, commits[f2ba01fc-a63e-4348-bd18-030b60a135e7:c2128, eab135d4-a257-4705-b491-6c056b8c5df7:c2124, a4f67574-9018-43e7-8a54-351e98dc3d0a:c2124]
2019-08-23 07:08:59,330 | INFO  | DNAudit | user=null | ip=null | op=PUT_BLOCK {blockData=[blockId=conID: 2 locID: 102665036713624045 bcsId: 0,size=1048576]} | ret=SUCCESS |  
2019-08-23 07:08:59,331 | INFO  | DNAudit | user=null | ip=null | op=WRITE_CHUNK {blockData=conID: 2 locID: 102665036713624045 bcsId: 0} | ret=SUCCESS |  
2019-08-23 07:08:59,331 | INFO  | DNAudit | user=null | ip=null | op=PUT_BLOCK {blockData=[blockId=conID: 2 locID: 102665036713624045 bcsId: 0,size=2097152]} | ret=SUCCESS |  
2019-08-23 07:08:59,331 | INFO  | DNAudit | user=null | ip=null | op=PUT_BLOCK {blockData=[blockId=conID: 2 locID: 102665036713624045 bcsId: 0,size=1048576]} | ret=SUCCESS |  
2019-08-23 07:08:59,331 | INFO  | DNAudit | user=null | ip=null | op=WRITE_CHUNK {blockData=conID: 2 locID: 102665036713624045 bcsId: 0} | ret=SUCCESS |  
2019-08-23 07:08:59,331 | INFO  | DNAudit | user=null | ip=null | op=PUT_BLOCK {blockData=[blockId=conID: 2 locID: 102665036713624045 bcsId: 0,size=2097152]} | ret=SUCCESS |  
2019-08-23 07:08:59,331 [grpc-default-executor-4] INFO  client.GrpcClientProtocolClient (GrpcClientProtocolClient.java:onNext(255)) - client-D91E5D1E15CE->f2ba01fc-a63e-4348-bd18-030b60a135e7: receive RaftClientReply:client-D91E5D1E15CE->f2ba01fc-a63e-4348-bd18-030b60a135e7@group-C8C62FEF0626, cid=1493, SUCCESS, logIndex=0, commits[f2ba01fc-a63e-4348-bd18-030b60a135e7:c2132, eab135d4-a257-4705-b491-6c056b8c5df7:c2128, a4f67574-9018-43e7-8a54-351e98dc3d0a:c2126]
2019-08-23 07:08:59,338 | INFO  | DNAudit | user=null | ip=null | op=WRITE_CHUNK {blockData=conID: 2 locID: 102665036713624045 bcsId: 2128} | ret=SUCCESS |  
2019-08-23 07:08:59,340 | INFO  | DNAudit | user=null | ip=null | op=WRITE_CHUNK {blockData=conID: 2 locID: 102665036713624045 bcsId: 2128} | ret=SUCCESS |  
2019-08-23 07:08:59,340 | INFO  | DNAudit | user=null | ip=null | op=WRITE_CHUNK {blockData=conID: 2 locID: 102665036713624045 bcsId: 2128} | ret=SUCCESS |  
2019-08-23 07:08:59,350 | INFO  | DNAudit | user=null | ip=null | op=WRITE_CHUNK {blockData=conID: 2 locID: 102665036713624045 bcsId: 2128} | ret=SUCCESS |  
2019-08-23 07:08:59,350 | INFO  | DNAudit | user=null | ip=null | op=PUT_BLOCK {blockData=[blockId=conID: 2 locID: 102665036713624045 bcsId: 0,size=3145728]} | ret=SUCCESS |  
2019-08-23 07:08:59,351 [grpc-default-executor-3] INFO  client.GrpcClientProtocolClient (GrpcClientProtocolClient.java:onNext(255)) - client-D91E5D1E15CE->f2ba01fc-a63e-4348-bd18-030b60a135e7: receive RaftClientReply:client-D91E5D1E15CE->f2ba01fc-a63e-4348-bd18-030b60a135e7@group-C8C62FEF0626, cid=1494, SUCCESS, logIndex=2133, commits[f2ba01fc-a63e-4348-bd18-030b60a135e7:c2134, eab135d4-a257-4705-b491-6c056b8c5df7:c2132, a4f67574-9018-43e7-8a54-351e98dc3d0a:c2132]
2019-08-23 07:08:59,351 [grpc-default-executor-3] INFO  client.GrpcClientProtocolClient (GrpcClientProtocolClient.java:onNext(255)) - client-D91E5D1E15CE->f2ba01fc-a63e-4348-bd18-030b60a135e7: receive RaftClientReply:client-D91E5D1E15CE->f2ba01fc-a63e-4348-bd18-030b60a135e7@group-C8C62FEF0626, cid=1495, SUCCESS, logIndex=2134, commits[f2ba01fc-a63e-4348-bd18-030b60a135e7:c2134, eab135d4-a257-4705-b491-6c056b8c5df7:c2132, a4f67574-9018-43e7-8a54-351e98dc3d0a:c2132]
2019-08-23 07:08:59,357 | INFO  | DNAudit | user=null | ip=null | op=WRITE_CHUNK {blockData=conID: 2 locID: 102665036713624045 bcsId: 2134} | ret=SUCCESS |  
2019-08-23 07:08:59,359 | INFO  | DNAudit | user=null | ip=null | op=WRITE_CHUNK {blockData=conID: 2 locID: 102665036713624045 bcsId: 2134} | ret=SUCCESS |  
2019-08-23 07:08:59,360 | INFO  | DNAudit | user=null | ip=null | op=WRITE_CHUNK {blockData=conID: 2 locID: 102665036713624045 bcsId: 2134} | ret=SUCCESS |  
2019-08-23 07:08:59,361 | INFO  | DNAudit | user=null | ip=null | op=WRITE_CHUNK {blockData=conID: 2 locID: 102665036713624045 bcsId: 2128} | ret=SUCCESS |  
2019-08-23 07:08:59,361 | INFO  | DNAudit | user=null | ip=null | op=WRITE_CHUNK {blockData=conID: 2 locID: 102665036713624045 bcsId: 2128} | ret=SUCCESS |  
2019-08-23 07:08:59,362 | INFO  | DNAudit | user=null | ip=null | op=PUT_BLOCK {blockData=[blockId=conID: 2 locID: 102665036713624045 bcsId: 0,size=3145728]} | ret=SUCCESS |  
2019-08-23 07:08:59,362 | INFO  | DNAudit | user=null | ip=null | op=PUT_BLOCK {blockData=[blockId=conID: 2 locID: 102665036713624045 bcsId: 0,size=3145728]} | ret=SUCCESS |  
2019-08-23 07:08:59,363 | INFO  | DNAudit | user=null | ip=null | op=WRITE_CHUNK {blockData=conID: 2 locID: 102665036713624045 bcsId: 2134} | ret=SUCCESS |  
2019-08-23 07:08:59,363 | INFO  | DNAudit | user=null | ip=null | op=PUT_BLOCK {blockData=[blockId=conID: 2 locID: 102665036713624045 bcsId: 0,size=4194304]} | ret=SUCCESS |  
2019-08-23 07:08:59,363 [grpc-default-executor-3] INFO  client.GrpcClientProtocolClient (GrpcClientProtocolClient.java:onNext(255)) - client-D91E5D1E15CE->f2ba01fc-a63e-4348-bd18-030b60a135e7: receive RaftClientReply:client-D91E5D1E15CE->f2ba01fc-a63e-4348-bd18-030b60a135e7@group-C8C62FEF0626, cid=1496, SUCCESS, logIndex=2137, commits[f2ba01fc-a63e-4348-bd18-030b60a135e7:c2138, eab135d4-a257-4705-b491-6c056b8c5df7:c2134, a4f67574-9018-43e7-8a54-351e98dc3d0a:c2134]
2019-08-23 07:08:59,364 [grpc-default-executor-3] INFO  client.GrpcClientProtocolClient (GrpcClientProtocolClient.java:onNext(255)) - client-D91E5D1E15CE->f2ba01fc-a63e-4348-bd18-030b60a135e7: receive RaftClientReply:client-D91E5D1E15CE->f2ba01fc-a63e-4348-bd18-030b60a135e7@group-C8C62FEF0626, cid=1497, SUCCESS, logIndex=2138, commits[f2ba01fc-a63e-4348-bd18-030b60a135e7:c2138, eab135d4-a257-4705-b491-6c056b8c5df7:c2134, a4f67574-9018-43e7-8a54-351e98dc3d0a:c2134]
2019-08-23 07:08:59,375 | INFO  | DNAudit | user=null | ip=null | op=WRITE_CHUNK {blockData=conID: 2 locID: 102665036713624045 bcsId: 2134} | ret=SUCCESS |  
2019-08-23 07:08:59,375 | INFO  | DNAudit | user=null | ip=null | op=WRITE_CHUNK {blockData=conID: 2 locID: 102665036713624045 bcsId: 2134} | ret=SUCCESS |  
2019-08-23 07:08:59,376 | INFO  | DNAudit | user=null | ip=null | op=PUT_BLOCK {blockData=[blockId=conID: 2 locID: 102665036713624045 bcsId: 0,size=4194304]} | ret=SUCCESS |  
2019-08-23 07:08:59,376 | INFO  | DNAudit | user=null | ip=null | op=PUT_BLOCK {blockData=[blockId=conID: 2 locID: 102665036713624045 bcsId: 0,size=4194304]} | ret=SUCCESS |  
2019-08-23 07:08:59,376 [grpc-default-executor-3] INFO  client.GrpcClientProtocolClient (GrpcClientProtocolClient.java:onNext(255)) - client-D91E5D1E15CE->f2ba01fc-a63e-4348-bd18-030b60a135e7: receive RaftClientReply:client-D91E5D1E15CE->f2ba01fc-a63e-4348-bd18-030b60a135e7@group-C8C62FEF0626, cid=1498, SUCCESS, logIndex=0, commits[f2ba01fc-a63e-4348-bd18-030b60a135e7:c2140, eab135d4-a257-4705-b491-6c056b8c5df7:c2138, a4f67574-9018-43e7-8a54-351e98dc3d0a:c2138]
2019-08-23 07:08:59,381 | INFO  | SCMAudit | user=jenkins1000 | ip=192.168.5.178 | op=ALLOCATE_BLOCK {owner=aaf04d22-10dd-4717-8862-c651bdde72cf, size=4194304, type=RATIS, factor=THREE} | ret=SUCCESS |  
2019-08-23 07:08:59,383 | INFO  | OMAudit | user=jenkins1000 | ip=127.0.0.1 | op=ALLOCATE_BLOCK {volume=vol-0-67663, bucket=bucket-0-68950, key=key-0-26970, dataSize=0, replicationType=null, replicationFactor=null, keyLocationInfo=null, clientID=102665036030476690} | ret=SUCCESS |  
2019-08-23 07:08:59,389 | INFO  | DNAudit | user=null | ip=null | op=WRITE_CHUNK {blockData=conID: 3 locID: 102665036718473710 bcsId: 0} | ret=SUCCESS |  
2019-08-23 07:08:59,391 | INFO  | DNAudit | user=null | ip=null | op=WRITE_CHUNK {blockData=conID: 3 locID: 102665036718473710 bcsId: 0} | ret=SUCCESS |  
2019-08-23 07:08:59,391 | INFO  | DNAudit | user=null | ip=null | op=WRITE_CHUNK {blockData=conID: 3 locID: 102665036718473710 bcsId: 0} | ret=SUCCESS |  
2019-08-23 07:08:59,392 | INFO  | DNAudit | user=null | ip=null | op=WRITE_CHUNK {blockData=conID: 3 locID: 102665036718473710 bcsId: 0} | ret=SUCCESS |  
2019-08-23 07:08:59,394 | INFO  | DNAudit | user=null | ip=null | op=WRITE_CHUNK {blockData=conID: 3 locID: 102665036718473710 bcsId: 0} | ret=SUCCESS |  
2019-08-23 07:08:59,394 | INFO  | DNAudit | user=null | ip=null | op=WRITE_CHUNK {blockData=conID: 3 locID: 102665036718473710 bcsId: 0} | ret=SUCCESS |  
2019-08-23 07:08:59,403 | INFO  | DNAudit | user=null | ip=null | op=WRITE_CHUNK {blockData=conID: 3 locID: 102665036718473710 bcsId: 0} | ret=SUCCESS |  
2019-08-23 07:08:59,403 | INFO  | DNAudit | user=null | ip=null | op=PUT_BLOCK {blockData=[blockId=conID: 3 locID: 102665036718473710 bcsId: 0,size=1048576]} | ret=SUCCESS |  
2019-08-23 07:08:59,403 [grpc-default-executor-3] INFO  client.GrpcClientProtocolClient (GrpcClientProtocolClient.java:onNext(255)) - client-D91E5D1E15CE->f2ba01fc-a63e-4348-bd18-030b60a135e7: receive RaftClientReply:client-D91E5D1E15CE->f2ba01fc-a63e-4348-bd18-030b60a135e7@group-C8C62FEF0626, cid=1499, SUCCESS, logIndex=2141, commits[f2ba01fc-a63e-4348-bd18-030b60a135e7:c2142, eab135d4-a257-4705-b491-6c056b8c5df7:c2140, a4f67574-9018-43e7-8a54-351e98dc3d0a:c2140]
2019-08-23 07:08:59,404 [grpc-default-executor-0] INFO  client.GrpcClientProtocolClient (GrpcClientProtocolClient.java:onNext(255)) - client-D91E5D1E15CE->f2ba01fc-a63e-4348-bd18-030b60a135e7: receive RaftClientReply:client-D91E5D1E15CE->f2ba01fc-a63e-4348-bd18-030b60a135e7@group-C8C62FEF0626, cid=1500, SUCCESS, logIndex=2142, commits[f2ba01fc-a63e-4348-bd18-030b60a135e7:c2142, eab135d4-a257-4705-b491-6c056b8c5df7:c2140, a4f67574-9018-43e7-8a54-351e98dc3d0a:c2140]
2019-08-23 07:08:59,404 | INFO  | DNAudit | user=null | ip=null | op=WRITE_CHUNK {blockData=conID: 3 locID: 102665036718473710 bcsId: 0} | ret=SUCCESS |  
2019-08-23 07:08:59,405 | INFO  | DNAudit | user=null | ip=null | op=PUT_BLOCK {blockData=[blockId=conID: 3 locID: 102665036718473710 bcsId: 0,size=2097152]} | ret=SUCCESS |  
2019-08-23 07:08:59,405 [grpc-default-executor-0] INFO  client.GrpcClientProtocolClient (GrpcClientProtocolClient.java:onNext(255)) - client-D91E5D1E15CE->f2ba01fc-a63e-4348-bd18-030b60a135e7: receive RaftClientReply:client-D91E5D1E15CE->f2ba01fc-a63e-4348-bd18-030b60a135e7@group-C8C62FEF0626, cid=1501, SUCCESS, logIndex=2143, commits[f2ba01fc-a63e-4348-bd18-030b60a135e7:c2144, eab135d4-a257-4705-b491-6c056b8c5df7:c2140, a4f67574-9018-43e7-8a54-351e98dc3d0a:c2140]
2019-08-23 07:08:59,405 [grpc-default-executor-0] INFO  client.GrpcClientProtocolClient (GrpcClientProtocolClient.java:onNext(255)) - client-D91E5D1E15CE->f2ba01fc-a63e-4348-bd18-030b60a135e7: receive RaftClientReply:client-D91E5D1E15CE->f2ba01fc-a63e-4348-bd18-030b60a135e7@group-C8C62FEF0626, cid=1502, SUCCESS, logIndex=2144, commits[f2ba01fc-a63e-4348-bd18-030b60a135e7:c2144, eab135d4-a257-4705-b491-6c056b8c5df7:c2140, a4f67574-9018-43e7-8a54-351e98dc3d0a:c2140]
2019-08-23 07:08:59,416 | INFO  | DNAudit | user=null | ip=null | op=WRITE_CHUNK {blockData=conID: 3 locID: 102665036718473710 bcsId: 0} | ret=SUCCESS |  
2019-08-23 07:08:59,416 | INFO  | DNAudit | user=null | ip=null | op=PUT_BLOCK {blockData=[blockId=conID: 3 locID: 102665036718473710 bcsId: 0,size=1048576]} | ret=SUCCESS |  
2019-08-23 07:08:59,417 | INFO  | DNAudit | user=null | ip=null | op=WRITE_CHUNK {blockData=conID: 3 locID: 102665036718473710 bcsId: 0} | ret=SUCCESS |  
2019-08-23 07:08:59,418 | INFO  | DNAudit | user=null | ip=null | op=PUT_BLOCK {blockData=[blockId=conID: 3 locID: 102665036718473710 bcsId: 0,size=2097152]} | ret=SUCCESS |  
2019-08-23 07:08:59,418 | INFO  | DNAudit | user=null | ip=null | op=WRITE_CHUNK {blockData=conID: 3 locID: 102665036718473710 bcsId: 0} | ret=SUCCESS |  
2019-08-23 07:08:59,418 | INFO  | DNAudit | user=null | ip=null | op=PUT_BLOCK {blockData=[blockId=conID: 3 locID: 102665036718473710 bcsId: 0,size=1048576]} | ret=SUCCESS |  
2019-08-23 07:08:59,418 [grpc-default-executor-0] INFO  client.GrpcClientProtocolClient (GrpcClientProtocolClient.java:onNext(255)) - client-D91E5D1E15CE->f2ba01fc-a63e-4348-bd18-030b60a135e7: receive RaftClientReply:client-D91E5D1E15CE->f2ba01fc-a63e-4348-bd18-030b60a135e7@group-C8C62FEF0626, cid=1503, SUCCESS, logIndex=0, commits[f2ba01fc-a63e-4348-bd18-030b60a135e7:c2148, eab135d4-a257-4705-b491-6c056b8c5df7:c2144, a4f67574-9018-43e7-8a54-351e98dc3d0a:c2142]
2019-08-23 07:08:59,419 | INFO  | DNAudit | user=null | ip=null | op=WRITE_CHUNK {blockData=conID: 3 locID: 102665036718473710 bcsId: 0} | ret=SUCCESS |  
2019-08-23 07:08:59,419 | INFO  | DNAudit | user=null | ip=null | op=PUT_BLOCK {blockData=[blockId=conID: 3 locID: 102665036718473710 bcsId: 0,size=2097152]} | ret=SUCCESS |  
2019-08-23 07:08:59,424 | INFO  | DNAudit | user=null | ip=null | op=WRITE_CHUNK {blockData=conID: 3 locID: 102665036718473710 bcsId: 2144} | ret=SUCCESS |  
2019-08-23 07:08:59,427 | INFO  | DNAudit | user=null | ip=null | op=WRITE_CHUNK {blockData=conID: 3 locID: 102665036718473710 bcsId: 2144} | ret=SUCCESS |  
2019-08-23 07:08:59,427 | INFO  | DNAudit | user=null | ip=null | op=WRITE_CHUNK {blockData=conID: 3 locID: 102665036718473710 bcsId: 2144} | ret=SUCCESS |  
2019-08-23 07:08:59,441 | INFO  | DNAudit | user=null | ip=null | op=WRITE_CHUNK {blockData=conID: 3 locID: 102665036718473710 bcsId: 2144} | ret=SUCCESS |  
2019-08-23 07:08:59,441 | INFO  | DNAudit | user=null | ip=null | op=PUT_BLOCK {blockData=[blockId=conID: 3 locID: 102665036718473710 bcsId: 0,size=3145728]} | ret=SUCCESS |  
2019-08-23 07:08:59,441 [grpc-default-executor-3] INFO  client.GrpcClientProtocolClient (GrpcClientProtocolClient.java:onNext(255)) - client-D91E5D1E15CE->f2ba01fc-a63e-4348-bd18-030b60a135e7: receive RaftClientReply:client-D91E5D1E15CE->f2ba01fc-a63e-4348-bd18-030b60a135e7@group-C8C62FEF0626, cid=1504, SUCCESS, logIndex=2149, commits[f2ba01fc-a63e-4348-bd18-030b60a135e7:c2150, eab135d4-a257-4705-b491-6c056b8c5df7:c2148, a4f67574-9018-43e7-8a54-351e98dc3d0a:c2148]
2019-08-23 07:08:59,441 [grpc-default-executor-3] INFO  client.GrpcClientProtocolClient (GrpcClientProtocolClient.java:onNext(255)) - client-D91E5D1E15CE->f2ba01fc-a63e-4348-bd18-030b60a135e7: receive RaftClientReply:client-D91E5D1E15CE->f2ba01fc-a63e-4348-bd18-030b60a135e7@group-C8C62FEF0626, cid=1505, SUCCESS, logIndex=2150, commits[f2ba01fc-a63e-4348-bd18-030b60a135e7:c2150, eab135d4-a257-4705-b491-6c056b8c5df7:c2148, a4f67574-9018-43e7-8a54-351e98dc3d0a:c2148]
2019-08-23 07:08:59,446 | INFO  | DNAudit | user=null | ip=null | op=WRITE_CHUNK {blockData=conID: 3 locID: 102665036718473710 bcsId: 2150} | ret=SUCCESS |  
2019-08-23 07:08:59,449 | INFO  | DNAudit | user=null | ip=null | op=WRITE_CHUNK {blockData=conID: 3 locID: 102665036718473710 bcsId: 2150} | ret=SUCCESS |  
2019-08-23 07:08:59,449 | INFO  | DNAudit | user=null | ip=null | op=WRITE_CHUNK {blockData=conID: 3 locID: 102665036718473710 bcsId: 2150} | ret=SUCCESS |  
2019-08-23 07:08:59,452 | INFO  | DNAudit | user=null | ip=null | op=WRITE_CHUNK {blockData=conID: 3 locID: 102665036718473710 bcsId: 2144} | ret=SUCCESS |  
2019-08-23 07:08:59,452 | INFO  | DNAudit | user=null | ip=null | op=WRITE_CHUNK {blockData=conID: 3 locID: 102665036718473710 bcsId: 2144} | ret=SUCCESS |  
2019-08-23 07:08:59,454 | INFO  | DNAudit | user=null | ip=null | op=PUT_BLOCK {blockData=[blockId=conID: 3 locID: 102665036718473710 bcsId: 0,size=3145728]} | ret=SUCCESS |  
2019-08-23 07:08:59,454 | INFO  | DNAudit | user=null | ip=null | op=PUT_BLOCK {blockData=[blockId=conID: 3 locID: 102665036718473710 bcsId: 0,size=3145728]} | ret=SUCCESS |  
2019-08-23 07:08:59,454 | INFO  | DNAudit | user=null | ip=null | op=WRITE_CHUNK {blockData=conID: 3 locID: 102665036718473710 bcsId: 2150} | ret=SUCCESS |  
2019-08-23 07:08:59,455 | INFO  | DNAudit | user=null | ip=null | op=PUT_BLOCK {blockData=[blockId=conID: 3 locID: 102665036718473710 bcsId: 0,size=4194304]} | ret=SUCCESS |  
2019-08-23 07:08:59,455 [grpc-default-executor-3] INFO  client.GrpcClientProtocolClient (GrpcClientProtocolClient.java:onNext(255)) - client-D91E5D1E15CE->f2ba01fc-a63e-4348-bd18-030b60a135e7: receive RaftClientReply:client-D91E5D1E15CE->f2ba01fc-a63e-4348-bd18-030b60a135e7@group-C8C62FEF0626, cid=1506, SUCCESS, logIndex=2153, commits[f2ba01fc-a63e-4348-bd18-030b60a135e7:c2153, eab135d4-a257-4705-b491-6c056b8c5df7:c2150, a4f67574-9018-43e7-8a54-351e98dc3d0a:c2150]
2019-08-23 07:08:59,455 [grpc-default-executor-3] INFO  client.GrpcClientProtocolClient (GrpcClientProtocolClient.java:onNext(255)) - client-D91E5D1E15CE->f2ba01fc-a63e-4348-bd18-030b60a135e7: receive RaftClientReply:client-D91E5D1E15CE->f2ba01fc-a63e-4348-bd18-030b60a135e7@group-C8C62FEF0626, cid=1507, SUCCESS, logIndex=2154, commits[f2ba01fc-a63e-4348-bd18-030b60a135e7:c2154, eab135d4-a257-4705-b491-6c056b8c5df7:c2150, a4f67574-9018-43e7-8a54-351e98dc3d0a:c2150]
2019-08-23 07:08:59,466 | INFO  | DNAudit | user=null | ip=null | op=WRITE_CHUNK {blockData=conID: 3 locID: 102665036718473710 bcsId: 2150} | ret=SUCCESS |  
2019-08-23 07:08:59,466 | INFO  | DNAudit | user=null | ip=null | op=WRITE_CHUNK {blockData=conID: 3 locID: 102665036718473710 bcsId: 2150} | ret=SUCCESS |  
2019-08-23 07:08:59,467 | INFO  | DNAudit | user=null | ip=null | op=PUT_BLOCK {blockData=[blockId=conID: 3 locID: 102665036718473710 bcsId: 0,size=4194304]} | ret=SUCCESS |  
2019-08-23 07:08:59,467 | INFO  | DNAudit | user=null | ip=null | op=PUT_BLOCK {blockData=[blockId=conID: 3 locID: 102665036718473710 bcsId: 0,size=4194304]} | ret=SUCCESS |  
2019-08-23 07:08:59,468 [grpc-default-executor-0] INFO  client.GrpcClientProtocolClient (GrpcClientProtocolClient.java:onNext(255)) - client-D91E5D1E15CE->f2ba01fc-a63e-4348-bd18-030b60a135e7: receive RaftClientReply:client-D91E5D1E15CE->f2ba01fc-a63e-4348-bd18-030b60a135e7@group-C8C62FEF0626, cid=1508, SUCCESS, logIndex=0, commits[f2ba01fc-a63e-4348-bd18-030b60a135e7:c2156, eab135d4-a257-4705-b491-6c056b8c5df7:c2154, a4f67574-9018-43e7-8a54-351e98dc3d0a:c2154]
2019-08-23 07:08:59,473 | INFO  | SCMAudit | user=jenkins1000 | ip=192.168.5.178 | op=ALLOCATE_BLOCK {owner=aaf04d22-10dd-4717-8862-c651bdde72cf, size=4194304, type=RATIS, factor=THREE} | ret=SUCCESS |  
2019-08-23 07:08:59,476 | INFO  | OMAudit | user=jenkins1000 | ip=127.0.0.1 | op=ALLOCATE_BLOCK {volume=vol-0-67663, bucket=bucket-0-68950, key=key-0-26970, dataSize=0, replicationType=null, replicationFactor=null, keyLocationInfo=null, clientID=102665036030476690} | ret=SUCCESS |  
2019-08-23 07:08:59,482 | INFO  | DNAudit | user=null | ip=null | op=WRITE_CHUNK {blockData=conID: 1 locID: 102665036724503023 bcsId: 0} | ret=SUCCESS |  
2019-08-23 07:08:59,485 | INFO  | DNAudit | user=null | ip=null | op=WRITE_CHUNK {blockData=conID: 1 locID: 102665036724503023 bcsId: 0} | ret=SUCCESS |  
2019-08-23 07:08:59,486 | INFO  | DNAudit | user=null | ip=null | op=WRITE_CHUNK {blockData=conID: 1 locID: 102665036724503023 bcsId: 0} | ret=SUCCESS |  
2019-08-23 07:08:59,486 | INFO  | DNAudit | user=null | ip=null | op=WRITE_CHUNK {blockData=conID: 1 locID: 102665036724503023 bcsId: 0} | ret=SUCCESS |  
2019-08-23 07:08:59,487 | INFO  | DNAudit | user=null | ip=null | op=WRITE_CHUNK {blockData=conID: 1 locID: 102665036724503023 bcsId: 0} | ret=SUCCESS |  
2019-08-23 07:08:59,488 | INFO  | DNAudit | user=null | ip=null | op=WRITE_CHUNK {blockData=conID: 1 locID: 102665036724503023 bcsId: 0} | ret=SUCCESS |  
2019-08-23 07:08:59,495 | INFO  | DNAudit | user=null | ip=null | op=WRITE_CHUNK {blockData=conID: 1 locID: 102665036724503023 bcsId: 0} | ret=SUCCESS |  
2019-08-23 07:08:59,495 | INFO  | DNAudit | user=null | ip=null | op=PUT_BLOCK {blockData=[blockId=conID: 1 locID: 102665036724503023 bcsId: 0,size=1048576]} | ret=SUCCESS |  
2019-08-23 07:08:59,495 [grpc-default-executor-0] INFO  client.GrpcClientProtocolClient (GrpcClientProtocolClient.java:onNext(255)) - client-D91E5D1E15CE->f2ba01fc-a63e-4348-bd18-030b60a135e7: receive RaftClientReply:client-D91E5D1E15CE->f2ba01fc-a63e-4348-bd18-030b60a135e7@group-C8C62FEF0626, cid=1509, SUCCESS, logIndex=2157, commits[f2ba01fc-a63e-4348-bd18-030b60a135e7:c2158, eab135d4-a257-4705-b491-6c056b8c5df7:c2156, a4f67574-9018-43e7-8a54-351e98dc3d0a:c2156]
2019-08-23 07:08:59,496 [grpc-default-executor-3] INFO  client.GrpcClientProtocolClient (GrpcClientProtocolClient.java:onNext(255)) - client-D91E5D1E15CE->f2ba01fc-a63e-4348-bd18-030b60a135e7: receive RaftClientReply:client-D91E5D1E15CE->f2ba01fc-a63e-4348-bd18-030b60a135e7@group-C8C62FEF0626, cid=1510, SUCCESS, logIndex=2158, commits[f2ba01fc-a63e-4348-bd18-030b60a135e7:c2158, eab135d4-a257-4705-b491-6c056b8c5df7:c2156, a4f67574-9018-43e7-8a54-351e98dc3d0a:c2156]
2019-08-23 07:08:59,496 | INFO  | DNAudit | user=null | ip=null | op=WRITE_CHUNK {blockData=conID: 1 locID: 102665036724503023 bcsId: 0} | ret=SUCCESS |  
2019-08-23 07:08:59,496 | INFO  | DNAudit | user=null | ip=null | op=PUT_BLOCK {blockData=[blockId=conID: 1 locID: 102665036724503023 bcsId: 0,size=2097152]} | ret=SUCCESS |  
2019-08-23 07:08:59,497 [grpc-default-executor-0] INFO  client.GrpcClientProtocolClient (GrpcClientProtocolClient.java:onNext(255)) - client-D91E5D1E15CE->f2ba01fc-a63e-4348-bd18-030b60a135e7: receive RaftClientReply:client-D91E5D1E15CE->f2ba01fc-a63e-4348-bd18-030b60a135e7@group-C8C62FEF0626, cid=1511, SUCCESS, logIndex=2159, commits[f2ba01fc-a63e-4348-bd18-030b60a135e7:c2160, eab135d4-a257-4705-b491-6c056b8c5df7:c2156, a4f67574-9018-43e7-8a54-351e98dc3d0a:c2156]
2019-08-23 07:08:59,497 [grpc-default-executor-0] INFO  client.GrpcClientProtocolClient (GrpcClientProtocolClient.java:onNext(255)) - client-D91E5D1E15CE->f2ba01fc-a63e-4348-bd18-030b60a135e7: receive RaftClientReply:client-D91E5D1E15CE->f2ba01fc-a63e-4348-bd18-030b60a135e7@group-C8C62FEF0626, cid=1512, SUCCESS, logIndex=2160, commits[f2ba01fc-a63e-4348-bd18-030b60a135e7:c2160, eab135d4-a257-4705-b491-6c056b8c5df7:c2156, a4f67574-9018-43e7-8a54-351e98dc3d0a:c2156]
2019-08-23 07:08:59,497 | INFO  | DNAudit | user=null | ip=null | op=WRITE_CHUNK {blockData=conID: 1 locID: 102665036724503023 bcsId: 0} | ret=SUCCESS |  
2019-08-23 07:08:59,497 | INFO  | DNAudit | user=null | ip=null | op=PUT_BLOCK {blockData=[blockId=conID: 1 locID: 102665036724503023 bcsId: 0,size=1048576]} | ret=SUCCESS |  
2019-08-23 07:08:59,498 | INFO  | DNAudit | user=null | ip=null | op=WRITE_CHUNK {blockData=conID: 1 locID: 102665036724503023 bcsId: 0} | ret=SUCCESS |  
2019-08-23 07:08:59,498 | INFO  | DNAudit | user=null | ip=null | op=PUT_BLOCK {blockData=[blockId=conID: 1 locID: 102665036724503023 bcsId: 0,size=1048576]} | ret=SUCCESS |  
2019-08-23 07:08:59,498 | INFO  | DNAudit | user=null | ip=null | op=WRITE_CHUNK {blockData=conID: 1 locID: 102665036724503023 bcsId: 0} | ret=SUCCESS |  
2019-08-23 07:08:59,498 | INFO  | DNAudit | user=null | ip=null | op=WRITE_CHUNK {blockData=conID: 1 locID: 102665036724503023 bcsId: 0} | ret=SUCCESS |  
2019-08-23 07:08:59,498 | INFO  | DNAudit | user=null | ip=null | op=PUT_BLOCK {blockData=[blockId=conID: 1 locID: 102665036724503023 bcsId: 0,size=2097152]} | ret=SUCCESS |  
2019-08-23 07:08:59,498 [grpc-default-executor-0] INFO  client.GrpcClientProtocolClient (GrpcClientProtocolClient.java:onNext(255)) - client-D91E5D1E15CE->f2ba01fc-a63e-4348-bd18-030b60a135e7: receive RaftClientReply:client-D91E5D1E15CE->f2ba01fc-a63e-4348-bd18-030b60a135e7@group-C8C62FEF0626, cid=1513, SUCCESS, logIndex=0, commits[f2ba01fc-a63e-4348-bd18-030b60a135e7:c2162, eab135d4-a257-4705-b491-6c056b8c5df7:c2158, a4f67574-9018-43e7-8a54-351e98dc3d0a:c2158]
2019-08-23 07:08:59,498 | INFO  | DNAudit | user=null | ip=null | op=PUT_BLOCK {blockData=[blockId=conID: 1 locID: 102665036724503023 bcsId: 0,size=2097152]} | ret=SUCCESS |  
2019-08-23 07:08:59,504 | INFO  | DNAudit | user=null | ip=null | op=WRITE_CHUNK {blockData=conID: 1 locID: 102665036724503023 bcsId: 2160} | ret=SUCCESS |  
2019-08-23 07:08:59,506 | INFO  | DNAudit | user=null | ip=null | op=WRITE_CHUNK {blockData=conID: 1 locID: 102665036724503023 bcsId: 2160} | ret=SUCCESS |  
2019-08-23 07:08:59,506 | INFO  | DNAudit | user=null | ip=null | op=WRITE_CHUNK {blockData=conID: 1 locID: 102665036724503023 bcsId: 2160} | ret=SUCCESS |  
2019-08-23 07:08:59,517 | INFO  | DNAudit | user=null | ip=null | op=WRITE_CHUNK {blockData=conID: 1 locID: 102665036724503023 bcsId: 2160} | ret=SUCCESS |  
2019-08-23 07:08:59,517 | INFO  | DNAudit | user=null | ip=null | op=PUT_BLOCK {blockData=[blockId=conID: 1 locID: 102665036724503023 bcsId: 0,size=3145728]} | ret=SUCCESS |  
2019-08-23 07:08:59,517 [grpc-default-executor-2] INFO  client.GrpcClientProtocolClient (GrpcClientProtocolClient.java:onNext(255)) - client-D91E5D1E15CE->f2ba01fc-a63e-4348-bd18-030b60a135e7: receive RaftClientReply:client-D91E5D1E15CE->f2ba01fc-a63e-4348-bd18-030b60a135e7@group-C8C62FEF0626, cid=1514, SUCCESS, logIndex=2165, commits[f2ba01fc-a63e-4348-bd18-030b60a135e7:c2166, eab135d4-a257-4705-b491-6c056b8c5df7:c2164, a4f67574-9018-43e7-8a54-351e98dc3d0a:c2164]
2019-08-23 07:08:59,518 [grpc-default-executor-2] INFO  client.GrpcClientProtocolClient (GrpcClientProtocolClient.java:onNext(255)) - client-D91E5D1E15CE->f2ba01fc-a63e-4348-bd18-030b60a135e7: receive RaftClientReply:client-D91E5D1E15CE->f2ba01fc-a63e-4348-bd18-030b60a135e7@group-C8C62FEF0626, cid=1515, SUCCESS, logIndex=2166, commits[f2ba01fc-a63e-4348-bd18-030b60a135e7:c2166, eab135d4-a257-4705-b491-6c056b8c5df7:c2164, a4f67574-9018-43e7-8a54-351e98dc3d0a:c2164]
2019-08-23 07:08:59,524 | INFO  | DNAudit | user=null | ip=null | op=WRITE_CHUNK {blockData=conID: 1 locID: 102665036724503023 bcsId: 2166} | ret=SUCCESS |  
2019-08-23 07:08:59,526 | INFO  | DNAudit | user=null | ip=null | op=WRITE_CHUNK {blockData=conID: 1 locID: 102665036724503023 bcsId: 2166} | ret=SUCCESS |  
2019-08-23 07:08:59,527 | INFO  | DNAudit | user=null | ip=null | op=WRITE_CHUNK {blockData=conID: 1 locID: 102665036724503023 bcsId: 2166} | ret=SUCCESS |  
2019-08-23 07:08:59,528 | INFO  | DNAudit | user=null | ip=null | op=WRITE_CHUNK {blockData=conID: 1 locID: 102665036724503023 bcsId: 2160} | ret=SUCCESS |  
2019-08-23 07:08:59,528 | INFO  | DNAudit | user=null | ip=null | op=WRITE_CHUNK {blockData=conID: 1 locID: 102665036724503023 bcsId: 2160} | ret=SUCCESS |  
2019-08-23 07:08:59,529 | INFO  | DNAudit | user=null | ip=null | op=PUT_BLOCK {blockData=[blockId=conID: 1 locID: 102665036724503023 bcsId: 0,size=3145728]} | ret=SUCCESS |  
2019-08-23 07:08:59,529 | INFO  | DNAudit | user=null | ip=null | op=PUT_BLOCK {blockData=[blockId=conID: 1 locID: 102665036724503023 bcsId: 0,size=3145728]} | ret=SUCCESS |  
2019-08-23 07:08:59,530 | INFO  | DNAudit | user=null | ip=null | op=WRITE_CHUNK {blockData=conID: 1 locID: 102665036724503023 bcsId: 2166} | ret=SUCCESS |  
2019-08-23 07:08:59,530 | INFO  | DNAudit | user=null | ip=null | op=PUT_BLOCK {blockData=[blockId=conID: 1 locID: 102665036724503023 bcsId: 0,size=4194304]} | ret=SUCCESS |  
2019-08-23 07:08:59,530 [grpc-default-executor-4] INFO  client.GrpcClientProtocolClient (GrpcClientProtocolClient.java:onNext(255)) - client-D91E5D1E15CE->f2ba01fc-a63e-4348-bd18-030b60a135e7: receive RaftClientReply:client-D91E5D1E15CE->f2ba01fc-a63e-4348-bd18-030b60a135e7@group-C8C62FEF0626, cid=1516, SUCCESS, logIndex=2169, commits[f2ba01fc-a63e-4348-bd18-030b60a135e7:c2170, eab135d4-a257-4705-b491-6c056b8c5df7:c2166, a4f67574-9018-43e7-8a54-351e98dc3d0a:c2166]
2019-08-23 07:08:59,531 [grpc-default-executor-4] INFO  client.GrpcClientProtocolClient (GrpcClientProtocolClient.java:onNext(255)) - client-D91E5D1E15CE->f2ba01fc-a63e-4348-bd18-030b60a135e7: receive RaftClientReply:client-D91E5D1E15CE->f2ba01fc-a63e-4348-bd18-030b60a135e7@group-C8C62FEF0626, cid=1517, SUCCESS, logIndex=2170, commits[f2ba01fc-a63e-4348-bd18-030b60a135e7:c2170, eab135d4-a257-4705-b491-6c056b8c5df7:c2166, a4f67574-9018-43e7-8a54-351e98dc3d0a:c2166]
2019-08-23 07:08:59,542 | INFO  | DNAudit | user=null | ip=null | op=WRITE_CHUNK {blockData=conID: 1 locID: 102665036724503023 bcsId: 2166} | ret=SUCCESS |  
2019-08-23 07:08:59,542 | INFO  | DNAudit | user=null | ip=null | op=WRITE_CHUNK {blockData=conID: 1 locID: 102665036724503023 bcsId: 2166} | ret=SUCCESS |  
2019-08-23 07:08:59,543 | INFO  | DNAudit | user=null | ip=null | op=PUT_BLOCK {blockData=[blockId=conID: 1 locID: 102665036724503023 bcsId: 0,size=4194304]} | ret=SUCCESS |  
2019-08-23 07:08:59,543 | INFO  | DNAudit | user=null | ip=null | op=PUT_BLOCK {blockData=[blockId=conID: 1 locID: 102665036724503023 bcsId: 0,size=4194304]} | ret=SUCCESS |  
2019-08-23 07:08:59,544 [grpc-default-executor-3] INFO  client.GrpcClientProtocolClient (GrpcClientProtocolClient.java:onNext(255)) - client-D91E5D1E15CE->f2ba01fc-a63e-4348-bd18-030b60a135e7: receive RaftClientReply:client-D91E5D1E15CE->f2ba01fc-a63e-4348-bd18-030b60a135e7@group-C8C62FEF0626, cid=1518, SUCCESS, logIndex=0, commits[f2ba01fc-a63e-4348-bd18-030b60a135e7:c2172, eab135d4-a257-4705-b491-6c056b8c5df7:c2170, a4f67574-9018-43e7-8a54-351e98dc3d0a:c2170]
2019-08-23 07:08:59,547 | INFO  | SCMAudit | user=jenkins1000 | ip=192.168.5.178 | op=ALLOCATE_BLOCK {owner=aaf04d22-10dd-4717-8862-c651bdde72cf, size=4194304, type=RATIS, factor=THREE} | ret=SUCCESS |  
2019-08-23 07:08:59,550 | INFO  | OMAudit | user=jenkins1000 | ip=127.0.0.1 | op=ALLOCATE_BLOCK {volume=vol-0-67663, bucket=bucket-0-68950, key=key-0-26970, dataSize=0, replicationType=null, replicationFactor=null, keyLocationInfo=null, clientID=102665036030476690} | ret=SUCCESS |  
2019-08-23 07:08:59,556 | INFO  | DNAudit | user=null | ip=null | op=WRITE_CHUNK {blockData=conID: 2 locID: 102665036729352688 bcsId: 0} | ret=SUCCESS |  
2019-08-23 07:08:59,558 | INFO  | DNAudit | user=null | ip=null | op=WRITE_CHUNK {blockData=conID: 2 locID: 102665036729352688 bcsId: 0} | ret=SUCCESS |  
2019-08-23 07:08:59,560 | INFO  | DNAudit | user=null | ip=null | op=WRITE_CHUNK {blockData=conID: 2 locID: 102665036729352688 bcsId: 0} | ret=SUCCESS |  
2019-08-23 07:08:59,560 | INFO  | DNAudit | user=null | ip=null | op=WRITE_CHUNK {blockData=conID: 2 locID: 102665036729352688 bcsId: 0} | ret=SUCCESS |  
2019-08-23 07:08:59,562 | INFO  | DNAudit | user=null | ip=null | op=WRITE_CHUNK {blockData=conID: 2 locID: 102665036729352688 bcsId: 0} | ret=SUCCESS |  
2019-08-23 07:08:59,562 | INFO  | DNAudit | user=null | ip=null | op=WRITE_CHUNK {blockData=conID: 2 locID: 102665036729352688 bcsId: 0} | ret=SUCCESS |  
2019-08-23 07:08:59,569 | INFO  | DNAudit | user=null | ip=null | op=WRITE_CHUNK {blockData=conID: 2 locID: 102665036729352688 bcsId: 0} | ret=SUCCESS |  
2019-08-23 07:08:59,569 | INFO  | DNAudit | user=null | ip=null | op=PUT_BLOCK {blockData=[blockId=conID: 2 locID: 102665036729352688 bcsId: 0,size=1048576]} | ret=SUCCESS |  
2019-08-23 07:08:59,569 [grpc-default-executor-4] INFO  client.GrpcClientProtocolClient (GrpcClientProtocolClient.java:onNext(255)) - client-D91E5D1E15CE->f2ba01fc-a63e-4348-bd18-030b60a135e7: receive RaftClientReply:client-D91E5D1E15CE->f2ba01fc-a63e-4348-bd18-030b60a135e7@group-C8C62FEF0626, cid=1519, SUCCESS, logIndex=2173, commits[f2ba01fc-a63e-4348-bd18-030b60a135e7:c2174, eab135d4-a257-4705-b491-6c056b8c5df7:c2172, a4f67574-9018-43e7-8a54-351e98dc3d0a:c2172]
2019-08-23 07:08:59,570 [grpc-default-executor-4] INFO  client.GrpcClientProtocolClient (GrpcClientProtocolClient.java:onNext(255)) - client-D91E5D1E15CE->f2ba01fc-a63e-4348-bd18-030b60a135e7: receive RaftClientReply:client-D91E5D1E15CE->f2ba01fc-a63e-4348-bd18-030b60a135e7@group-C8C62FEF0626, cid=1520, SUCCESS, logIndex=2174, commits[f2ba01fc-a63e-4348-bd18-030b60a135e7:c2174, eab135d4-a257-4705-b491-6c056b8c5df7:c2172, a4f67574-9018-43e7-8a54-351e98dc3d0a:c2172]
2019-08-23 07:08:59,570 | INFO  | DNAudit | user=null | ip=null | op=WRITE_CHUNK {blockData=conID: 2 locID: 102665036729352688 bcsId: 0} | ret=SUCCESS |  
2019-08-23 07:08:59,570 | INFO  | DNAudit | user=null | ip=null | op=PUT_BLOCK {blockData=[blockId=conID: 2 locID: 102665036729352688 bcsId: 0,size=2097152]} | ret=SUCCESS |  
2019-08-23 07:08:59,570 [grpc-default-executor-3] INFO  client.GrpcClientProtocolClient (GrpcClientProtocolClient.java:onNext(255)) - client-D91E5D1E15CE->f2ba01fc-a63e-4348-bd18-030b60a135e7: receive RaftClientReply:client-D91E5D1E15CE->f2ba01fc-a63e-4348-bd18-030b60a135e7@group-C8C62FEF0626, cid=1521, SUCCESS, logIndex=2175, commits[f2ba01fc-a63e-4348-bd18-030b60a135e7:c2176, eab135d4-a257-4705-b491-6c056b8c5df7:c2172, a4f67574-9018-43e7-8a54-351e98dc3d0a:c2172]
2019-08-23 07:08:59,571 | INFO  | DNAudit | user=null | ip=null | op=WRITE_CHUNK {blockData=conID: 2 locID: 102665036729352688 bcsId: 0} | ret=SUCCESS |  
2019-08-23 07:08:59,571 | INFO  | DNAudit | user=null | ip=null | op=WRITE_CHUNK {blockData=conID: 2 locID: 102665036729352688 bcsId: 0} | ret=SUCCESS |  
2019-08-23 07:08:59,571 [grpc-default-executor-3] INFO  client.GrpcClientProtocolClient (GrpcClientProtocolClient.java:onNext(255)) - client-D91E5D1E15CE->f2ba01fc-a63e-4348-bd18-030b60a135e7: receive RaftClientReply:client-D91E5D1E15CE->f2ba01fc-a63e-4348-bd18-030b60a135e7@group-C8C62FEF0626, cid=1522, SUCCESS, logIndex=2176, commits[f2ba01fc-a63e-4348-bd18-030b60a135e7:c2176, eab135d4-a257-4705-b491-6c056b8c5df7:c2172, a4f67574-9018-43e7-8a54-351e98dc3d0a:c2172]
2019-08-23 07:08:59,571 | INFO  | DNAudit | user=null | ip=null | op=PUT_BLOCK {blockData=[blockId=conID: 2 locID: 102665036729352688 bcsId: 0,size=1048576]} | ret=SUCCESS |  
2019-08-23 07:08:59,571 | INFO  | DNAudit | user=null | ip=null | op=PUT_BLOCK {blockData=[blockId=conID: 2 locID: 102665036729352688 bcsId: 0,size=1048576]} | ret=SUCCESS |  
2019-08-23 07:08:59,572 [grpc-default-executor-3] INFO  client.GrpcClientProtocolClient (GrpcClientProtocolClient.java:onNext(255)) - client-D91E5D1E15CE->f2ba01fc-a63e-4348-bd18-030b60a135e7: receive RaftClientReply:client-D91E5D1E15CE->f2ba01fc-a63e-4348-bd18-030b60a135e7@group-C8C62FEF0626, cid=1523, SUCCESS, logIndex=0, commits[f2ba01fc-a63e-4348-bd18-030b60a135e7:c2178, eab135d4-a257-4705-b491-6c056b8c5df7:c2174, a4f67574-9018-43e7-8a54-351e98dc3d0a:c2174]
2019-08-23 07:08:59,572 | INFO  | DNAudit | user=null | ip=null | op=WRITE_CHUNK {blockData=conID: 2 locID: 102665036729352688 bcsId: 0} | ret=SUCCESS |  
2019-08-23 07:08:59,572 | INFO  | DNAudit | user=null | ip=null | op=WRITE_CHUNK {blockData=conID: 2 locID: 102665036729352688 bcsId: 0} | ret=SUCCESS |  
2019-08-23 07:08:59,572 | INFO  | DNAudit | user=null | ip=null | op=PUT_BLOCK {blockData=[blockId=conID: 2 locID: 102665036729352688 bcsId: 0,size=2097152]} | ret=SUCCESS |  
2019-08-23 07:08:59,573 | INFO  | DNAudit | user=null | ip=null | op=PUT_BLOCK {blockData=[blockId=conID: 2 locID: 102665036729352688 bcsId: 0,size=2097152]} | ret=SUCCESS |  
2019-08-23 07:08:59,578 | INFO  | DNAudit | user=null | ip=null | op=WRITE_CHUNK {blockData=conID: 2 locID: 102665036729352688 bcsId: 2176} | ret=SUCCESS |  
2019-08-23 07:08:59,580 | INFO  | DNAudit | user=null | ip=null | op=WRITE_CHUNK {blockData=conID: 2 locID: 102665036729352688 bcsId: 2176} | ret=SUCCESS |  
2019-08-23 07:08:59,580 | INFO  | DNAudit | user=null | ip=null | op=WRITE_CHUNK {blockData=conID: 2 locID: 102665036729352688 bcsId: 2176} | ret=SUCCESS |  
2019-08-23 07:08:59,590 | INFO  | DNAudit | user=null | ip=null | op=WRITE_CHUNK {blockData=conID: 2 locID: 102665036729352688 bcsId: 2176} | ret=SUCCESS |  
2019-08-23 07:08:59,591 | INFO  | DNAudit | user=null | ip=null | op=PUT_BLOCK {blockData=[blockId=conID: 2 locID: 102665036729352688 bcsId: 0,size=3145728]} | ret=SUCCESS |  
2019-08-23 07:08:59,591 [grpc-default-executor-2] INFO  client.GrpcClientProtocolClient (GrpcClientProtocolClient.java:onNext(255)) - client-D91E5D1E15CE->f2ba01fc-a63e-4348-bd18-030b60a135e7: receive RaftClientReply:client-D91E5D1E15CE->f2ba01fc-a63e-4348-bd18-030b60a135e7@group-C8C62FEF0626, cid=1524, SUCCESS, logIndex=2181, commits[f2ba01fc-a63e-4348-bd18-030b60a135e7:c2182, eab135d4-a257-4705-b491-6c056b8c5df7:c2180, a4f67574-9018-43e7-8a54-351e98dc3d0a:c2180]
2019-08-23 07:08:59,591 [grpc-default-executor-2] INFO  client.GrpcClientProtocolClient (GrpcClientProtocolClient.java:onNext(255)) - client-D91E5D1E15CE->f2ba01fc-a63e-4348-bd18-030b60a135e7: receive RaftClientReply:client-D91E5D1E15CE->f2ba01fc-a63e-4348-bd18-030b60a135e7@group-C8C62FEF0626, cid=1525, SUCCESS, logIndex=2182, commits[f2ba01fc-a63e-4348-bd18-030b60a135e7:c2182, eab135d4-a257-4705-b491-6c056b8c5df7:c2180, a4f67574-9018-43e7-8a54-351e98dc3d0a:c2180]
2019-08-23 07:08:59,596 | INFO  | DNAudit | user=null | ip=null | op=WRITE_CHUNK {blockData=conID: 2 locID: 102665036729352688 bcsId: 2182} | ret=SUCCESS |  
2019-08-23 07:08:59,598 | INFO  | DNAudit | user=null | ip=null | op=WRITE_CHUNK {blockData=conID: 2 locID: 102665036729352688 bcsId: 2182} | ret=SUCCESS |  
2019-08-23 07:08:59,598 | INFO  | DNAudit | user=null | ip=null | op=WRITE_CHUNK {blockData=conID: 2 locID: 102665036729352688 bcsId: 2182} | ret=SUCCESS |  
2019-08-23 07:08:59,601 | INFO  | DNAudit | user=null | ip=null | op=WRITE_CHUNK {blockData=conID: 2 locID: 102665036729352688 bcsId: 2176} | ret=SUCCESS |  
2019-08-23 07:08:59,601 | INFO  | DNAudit | user=null | ip=null | op=WRITE_CHUNK {blockData=conID: 2 locID: 102665036729352688 bcsId: 2176} | ret=SUCCESS |  
2019-08-23 07:08:59,603 | INFO  | DNAudit | user=null | ip=null | op=PUT_BLOCK {blockData=[blockId=conID: 2 locID: 102665036729352688 bcsId: 0,size=3145728]} | ret=SUCCESS |  
2019-08-23 07:08:59,603 | INFO  | DNAudit | user=null | ip=null | op=PUT_BLOCK {blockData=[blockId=conID: 2 locID: 102665036729352688 bcsId: 0,size=3145728]} | ret=SUCCESS |  
2019-08-23 07:08:59,603 | INFO  | DNAudit | user=null | ip=null | op=WRITE_CHUNK {blockData=conID: 2 locID: 102665036729352688 bcsId: 2182} | ret=SUCCESS |  
2019-08-23 07:08:59,604 | INFO  | DNAudit | user=null | ip=null | op=PUT_BLOCK {blockData=[blockId=conID: 2 locID: 102665036729352688 bcsId: 0,size=4194304]} | ret=SUCCESS |  
2019-08-23 07:08:59,604 [grpc-default-executor-2] INFO  client.GrpcClientProtocolClient (GrpcClientProtocolClient.java:onNext(255)) - client-D91E5D1E15CE->f2ba01fc-a63e-4348-bd18-030b60a135e7: receive RaftClientReply:client-D91E5D1E15CE->f2ba01fc-a63e-4348-bd18-030b60a135e7@group-C8C62FEF0626, cid=1526, SUCCESS, logIndex=2185, commits[f2ba01fc-a63e-4348-bd18-030b60a135e7:c2186, eab135d4-a257-4705-b491-6c056b8c5df7:c2182, a4f67574-9018-43e7-8a54-351e98dc3d0a:c2182]
2019-08-23 07:08:59,604 [grpc-default-executor-2] INFO  client.GrpcClientProtocolClient (GrpcClientProtocolClient.java:onNext(255)) - client-D91E5D1E15CE->f2ba01fc-a63e-4348-bd18-030b60a135e7: receive RaftClientReply:client-D91E5D1E15CE->f2ba01fc-a63e-4348-bd18-030b60a135e7@group-C8C62FEF0626, cid=1527, SUCCESS, logIndex=2186, commits[f2ba01fc-a63e-4348-bd18-030b60a135e7:c2186, eab135d4-a257-4705-b491-6c056b8c5df7:c2182, a4f67574-9018-43e7-8a54-351e98dc3d0a:c2182]
2019-08-23 07:08:59,615 | INFO  | DNAudit | user=null | ip=null | op=WRITE_CHUNK {blockData=conID: 2 locID: 102665036729352688 bcsId: 2182} | ret=SUCCESS |  
2019-08-23 07:08:59,615 | INFO  | DNAudit | user=null | ip=null | op=WRITE_CHUNK {blockData=conID: 2 locID: 102665036729352688 bcsId: 2182} | ret=SUCCESS |  
2019-08-23 07:08:59,615 | INFO  | DNAudit | user=null | ip=null | op=PUT_BLOCK {blockData=[blockId=conID: 2 locID: 102665036729352688 bcsId: 0,size=4194304]} | ret=SUCCESS |  
2019-08-23 07:08:59,615 | INFO  | DNAudit | user=null | ip=null | op=PUT_BLOCK {blockData=[blockId=conID: 2 locID: 102665036729352688 bcsId: 0,size=4194304]} | ret=SUCCESS |  
2019-08-23 07:08:59,615 [grpc-default-executor-2] INFO  client.GrpcClientProtocolClient (GrpcClientProtocolClient.java:onNext(255)) - client-D91E5D1E15CE->f2ba01fc-a63e-4348-bd18-030b60a135e7: receive RaftClientReply:client-D91E5D1E15CE->f2ba01fc-a63e-4348-bd18-030b60a135e7@group-C8C62FEF0626, cid=1528, SUCCESS, logIndex=0, commits[f2ba01fc-a63e-4348-bd18-030b60a135e7:c2187, eab135d4-a257-4705-b491-6c056b8c5df7:c2186, a4f67574-9018-43e7-8a54-351e98dc3d0a:c2186]
2019-08-23 07:08:59,619 | INFO  | SCMAudit | user=jenkins1000 | ip=192.168.5.178 | op=ALLOCATE_BLOCK {owner=aaf04d22-10dd-4717-8862-c651bdde72cf, size=4194304, type=RATIS, factor=THREE} | ret=SUCCESS |  
2019-08-23 07:08:59,622 | INFO  | OMAudit | user=jenkins1000 | ip=127.0.0.1 | op=ALLOCATE_BLOCK {volume=vol-0-67663, bucket=bucket-0-68950, key=key-0-26970, dataSize=0, replicationType=null, replicationFactor=null, keyLocationInfo=null, clientID=102665036030476690} | ret=SUCCESS |  
2019-08-23 07:08:59,628 | INFO  | DNAudit | user=null | ip=null | op=WRITE_CHUNK {blockData=conID: 3 locID: 102665036734071281 bcsId: 0} | ret=SUCCESS |  
2019-08-23 07:08:59,630 | INFO  | DNAudit | user=null | ip=null | op=WRITE_CHUNK {blockData=conID: 3 locID: 102665036734071281 bcsId: 0} | ret=SUCCESS |  
2019-08-23 07:08:59,630 | INFO  | DNAudit | user=null | ip=null | op=WRITE_CHUNK {blockData=conID: 3 locID: 102665036734071281 bcsId: 0} | ret=SUCCESS |  
2019-08-23 07:08:59,631 | INFO  | DNAudit | user=null | ip=null | op=WRITE_CHUNK {blockData=conID: 3 locID: 102665036734071281 bcsId: 0} | ret=SUCCESS |  
2019-08-23 07:08:59,632 | INFO  | DNAudit | user=null | ip=null | op=WRITE_CHUNK {blockData=conID: 3 locID: 102665036734071281 bcsId: 0} | ret=SUCCESS |  
2019-08-23 07:08:59,632 | INFO  | DNAudit | user=null | ip=null | op=WRITE_CHUNK {blockData=conID: 3 locID: 102665036734071281 bcsId: 0} | ret=SUCCESS |  
2019-08-23 07:08:59,640 | INFO  | DNAudit | user=null | ip=null | op=WRITE_CHUNK {blockData=conID: 3 locID: 102665036734071281 bcsId: 0} | ret=SUCCESS |  
2019-08-23 07:08:59,641 | INFO  | DNAudit | user=null | ip=null | op=PUT_BLOCK {blockData=[blockId=conID: 3 locID: 102665036734071281 bcsId: 0,size=1048576]} | ret=SUCCESS |  
2019-08-23 07:08:59,641 | INFO  | DNAudit | user=null | ip=null | op=WRITE_CHUNK {blockData=conID: 3 locID: 102665036734071281 bcsId: 0} | ret=SUCCESS |  
2019-08-23 07:08:59,641 [grpc-default-executor-3] INFO  client.GrpcClientProtocolClient (GrpcClientProtocolClient.java:onNext(255)) - client-D91E5D1E15CE->f2ba01fc-a63e-4348-bd18-030b60a135e7: receive RaftClientReply:client-D91E5D1E15CE->f2ba01fc-a63e-4348-bd18-030b60a135e7@group-C8C62FEF0626, cid=1529, SUCCESS, logIndex=2189, commits[f2ba01fc-a63e-4348-bd18-030b60a135e7:c2191, eab135d4-a257-4705-b491-6c056b8c5df7:c2188, a4f67574-9018-43e7-8a54-351e98dc3d0a:c2188]
2019-08-23 07:08:59,641 | INFO  | DNAudit | user=null | ip=null | op=PUT_BLOCK {blockData=[blockId=conID: 3 locID: 102665036734071281 bcsId: 0,size=2097152]} | ret=SUCCESS |  
2019-08-23 07:08:59,641 | INFO  | DNAudit | user=null | ip=null | op=WRITE_CHUNK {blockData=conID: 3 locID: 102665036734071281 bcsId: 0} | ret=SUCCESS |  
2019-08-23 07:08:59,641 [grpc-default-executor-3] INFO  client.GrpcClientProtocolClient (GrpcClientProtocolClient.java:onNext(255)) - client-D91E5D1E15CE->f2ba01fc-a63e-4348-bd18-030b60a135e7: receive RaftClientReply:client-D91E5D1E15CE->f2ba01fc-a63e-4348-bd18-030b60a135e7@group-C8C62FEF0626, cid=1530, SUCCESS, logIndex=2190, commits[f2ba01fc-a63e-4348-bd18-030b60a135e7:c2192, eab135d4-a257-4705-b491-6c056b8c5df7:c2188, a4f67574-9018-43e7-8a54-351e98dc3d0a:c2188]
2019-08-23 07:08:59,642 [grpc-default-executor-3] INFO  client.GrpcClientProtocolClient (GrpcClientProtocolClient.java:onNext(255)) - client-D91E5D1E15CE->f2ba01fc-a63e-4348-bd18-030b60a135e7: receive RaftClientReply:client-D91E5D1E15CE->f2ba01fc-a63e-4348-bd18-030b60a135e7@group-C8C62FEF0626, cid=1531, SUCCESS, logIndex=2191, commits[f2ba01fc-a63e-4348-bd18-030b60a135e7:c2192, eab135d4-a257-4705-b491-6c056b8c5df7:c2188, a4f67574-9018-43e7-8a54-351e98dc3d0a:c2188]
2019-08-23 07:08:59,642 | INFO  | DNAudit | user=null | ip=null | op=WRITE_CHUNK {blockData=conID: 3 locID: 102665036734071281 bcsId: 0} | ret=SUCCESS |  
2019-08-23 07:08:59,642 [grpc-default-executor-3] INFO  client.GrpcClientProtocolClient (GrpcClientProtocolClient.java:onNext(255)) - client-D91E5D1E15CE->f2ba01fc-a63e-4348-bd18-030b60a135e7: receive RaftClientReply:client-D91E5D1E15CE->f2ba01fc-a63e-4348-bd18-030b60a135e7@group-C8C62FEF0626, cid=1532, SUCCESS, logIndex=2192, commits[f2ba01fc-a63e-4348-bd18-030b60a135e7:c2192, eab135d4-a257-4705-b491-6c056b8c5df7:c2188, a4f67574-9018-43e7-8a54-351e98dc3d0a:c2188]
2019-08-23 07:08:59,642 | INFO  | DNAudit | user=null | ip=null | op=PUT_BLOCK {blockData=[blockId=conID: 3 locID: 102665036734071281 bcsId: 0,size=1048576]} | ret=SUCCESS |  
2019-08-23 07:08:59,643 | INFO  | SCMAudit | user=jenkins1000 | ip=192.168.5.178 | op=SEND_HEARTBEAT {datanodeUUID=f2ba01fc-a63e-4348-bd18-030b60a135e7, command=[]} | ret=SUCCESS |  
2019-08-23 07:08:59,643 | INFO  | SCMAudit | user=jenkins1000 | ip=192.168.5.178 | op=SEND_HEARTBEAT {datanodeUUID=eab135d4-a257-4705-b491-6c056b8c5df7, command=[]} | ret=SUCCESS |  
2019-08-23 07:08:59,643 | INFO  | SCMAudit | user=jenkins1000 | ip=192.168.5.178 | op=SEND_HEARTBEAT {datanodeUUID=a4f67574-9018-43e7-8a54-351e98dc3d0a, command=[]} | ret=SUCCESS |  
2019-08-23 07:08:59,643 | INFO  | DNAudit | user=null | ip=null | op=PUT_BLOCK {blockData=[blockId=conID: 3 locID: 102665036734071281 bcsId: 0,size=1048576]} | ret=SUCCESS |  
2019-08-23 07:08:59,643 | INFO  | DNAudit | user=null | ip=null | op=WRITE_CHUNK {blockData=conID: 3 locID: 102665036734071281 bcsId: 0} | ret=SUCCESS |  
2019-08-23 07:08:59,643 | INFO  | DNAudit | user=null | ip=null | op=PUT_BLOCK {blockData=[blockId=conID: 3 locID: 102665036734071281 bcsId: 0,size=2097152]} | ret=SUCCESS |  
2019-08-23 07:08:59,643 | INFO  | DNAudit | user=null | ip=null | op=WRITE_CHUNK {blockData=conID: 3 locID: 102665036734071281 bcsId: 0} | ret=SUCCESS |  
2019-08-23 07:08:59,643 [grpc-default-executor-2] INFO  client.GrpcClientProtocolClient (GrpcClientProtocolClient.java:onNext(255)) - client-D91E5D1E15CE->f2ba01fc-a63e-4348-bd18-030b60a135e7: receive RaftClientReply:client-D91E5D1E15CE->f2ba01fc-a63e-4348-bd18-030b60a135e7@group-C8C62FEF0626, cid=1533, SUCCESS, logIndex=0, commits[f2ba01fc-a63e-4348-bd18-030b60a135e7:c2194, eab135d4-a257-4705-b491-6c056b8c5df7:c2190, a4f67574-9018-43e7-8a54-351e98dc3d0a:c2190]
2019-08-23 07:08:59,643 | INFO  | DNAudit | user=null | ip=null | op=PUT_BLOCK {blockData=[blockId=conID: 3 locID: 102665036734071281 bcsId: 0,size=2097152]} | ret=SUCCESS |  
2019-08-23 07:08:59,648 | INFO  | DNAudit | user=null | ip=null | op=WRITE_CHUNK {blockData=conID: 3 locID: 102665036734071281 bcsId: 2192} | ret=SUCCESS |  
2019-08-23 07:08:59,650 | INFO  | DNAudit | user=null | ip=null | op=WRITE_CHUNK {blockData=conID: 3 locID: 102665036734071281 bcsId: 2192} | ret=SUCCESS |  
2019-08-23 07:08:59,651 | INFO  | DNAudit | user=null | ip=null | op=WRITE_CHUNK {blockData=conID: 3 locID: 102665036734071281 bcsId: 2192} | ret=SUCCESS |  
2019-08-23 07:08:59,661 | INFO  | DNAudit | user=null | ip=null | op=WRITE_CHUNK {blockData=conID: 3 locID: 102665036734071281 bcsId: 2192} | ret=SUCCESS |  
2019-08-23 07:08:59,662 | INFO  | DNAudit | user=null | ip=null | op=PUT_BLOCK {blockData=[blockId=conID: 3 locID: 102665036734071281 bcsId: 0,size=3145728]} | ret=SUCCESS |  
2019-08-23 07:08:59,662 [grpc-default-executor-3] INFO  client.GrpcClientProtocolClient (GrpcClientProtocolClient.java:onNext(255)) - client-D91E5D1E15CE->f2ba01fc-a63e-4348-bd18-030b60a135e7: receive RaftClientReply:client-D91E5D1E15CE->f2ba01fc-a63e-4348-bd18-030b60a135e7@group-C8C62FEF0626, cid=1534, SUCCESS, logIndex=2197, commits[f2ba01fc-a63e-4348-bd18-030b60a135e7:c2198, eab135d4-a257-4705-b491-6c056b8c5df7:c2196, a4f67574-9018-43e7-8a54-351e98dc3d0a:c2196]
2019-08-23 07:08:59,662 [grpc-default-executor-3] INFO  client.GrpcClientProtocolClient (GrpcClientProtocolClient.java:onNext(255)) - client-D91E5D1E15CE->f2ba01fc-a63e-4348-bd18-030b60a135e7: receive RaftClientReply:client-D91E5D1E15CE->f2ba01fc-a63e-4348-bd18-030b60a135e7@group-C8C62FEF0626, cid=1535, SUCCESS, logIndex=2198, commits[f2ba01fc-a63e-4348-bd18-030b60a135e7:c2198, eab135d4-a257-4705-b491-6c056b8c5df7:c2196, a4f67574-9018-43e7-8a54-351e98dc3d0a:c2196]
2019-08-23 07:08:59,667 | INFO  | DNAudit | user=null | ip=null | op=WRITE_CHUNK {blockData=conID: 3 locID: 102665036734071281 bcsId: 2198} | ret=SUCCESS |  
2019-08-23 07:08:59,668 | INFO  | DNAudit | user=null | ip=null | op=WRITE_CHUNK {blockData=conID: 3 locID: 102665036734071281 bcsId: 2198} | ret=SUCCESS |  
2019-08-23 07:08:59,668 | INFO  | DNAudit | user=null | ip=null | op=WRITE_CHUNK {blockData=conID: 3 locID: 102665036734071281 bcsId: 2198} | ret=SUCCESS |  
2019-08-23 07:08:59,686 | INFO  | DNAudit | user=null | ip=null | op=WRITE_CHUNK {blockData=conID: 3 locID: 102665036734071281 bcsId: 2192} | ret=SUCCESS |  
2019-08-23 07:08:59,686 | INFO  | DNAudit | user=null | ip=null | op=WRITE_CHUNK {blockData=conID: 3 locID: 102665036734071281 bcsId: 2192} | ret=SUCCESS |  
2019-08-23 07:08:59,687 | INFO  | DNAudit | user=null | ip=null | op=PUT_BLOCK {blockData=[blockId=conID: 3 locID: 102665036734071281 bcsId: 0,size=3145728]} | ret=SUCCESS |  
2019-08-23 07:08:59,687 | INFO  | DNAudit | user=null | ip=null | op=PUT_BLOCK {blockData=[blockId=conID: 3 locID: 102665036734071281 bcsId: 0,size=3145728]} | ret=SUCCESS |  
2019-08-23 07:08:59,688 | INFO  | DNAudit | user=null | ip=null | op=WRITE_CHUNK {blockData=conID: 3 locID: 102665036734071281 bcsId: 2198} | ret=SUCCESS |  
2019-08-23 07:08:59,689 | INFO  | DNAudit | user=null | ip=null | op=PUT_BLOCK {blockData=[blockId=conID: 3 locID: 102665036734071281 bcsId: 0,size=4194304]} | ret=SUCCESS |  
2019-08-23 07:08:59,689 [grpc-default-executor-2] INFO  client.GrpcClientProtocolClient (GrpcClientProtocolClient.java:onNext(255)) - client-D91E5D1E15CE->f2ba01fc-a63e-4348-bd18-030b60a135e7: receive RaftClientReply:client-D91E5D1E15CE->f2ba01fc-a63e-4348-bd18-030b60a135e7@group-C8C62FEF0626, cid=1536, SUCCESS, logIndex=2201, commits[f2ba01fc-a63e-4348-bd18-030b60a135e7:c2202, eab135d4-a257-4705-b491-6c056b8c5df7:c2198, a4f67574-9018-43e7-8a54-351e98dc3d0a:c2198]
2019-08-23 07:08:59,689 [grpc-default-executor-2] INFO  client.GrpcClientProtocolClient (GrpcClientProtocolClient.java:onNext(255)) - client-D91E5D1E15CE->f2ba01fc-a63e-4348-bd18-030b60a135e7: receive RaftClientReply:client-D91E5D1E15CE->f2ba01fc-a63e-4348-bd18-030b60a135e7@group-C8C62FEF0626, cid=1537, SUCCESS, logIndex=2202, commits[f2ba01fc-a63e-4348-bd18-030b60a135e7:c2202, eab135d4-a257-4705-b491-6c056b8c5df7:c2198, a4f67574-9018-43e7-8a54-351e98dc3d0a:c2198]
2019-08-23 07:08:59,700 | INFO  | DNAudit | user=null | ip=null | op=WRITE_CHUNK {blockData=conID: 3 locID: 102665036734071281 bcsId: 2198} | ret=SUCCESS |  
2019-08-23 07:08:59,700 | INFO  | DNAudit | user=null | ip=null | op=WRITE_CHUNK {blockData=conID: 3 locID: 102665036734071281 bcsId: 2198} | ret=SUCCESS |  
2019-08-23 07:08:59,701 | INFO  | DNAudit | user=null | ip=null | op=PUT_BLOCK {blockData=[blockId=conID: 3 locID: 102665036734071281 bcsId: 0,size=4194304]} | ret=SUCCESS |  
2019-08-23 07:08:59,701 | INFO  | DNAudit | user=null | ip=null | op=PUT_BLOCK {blockData=[blockId=conID: 3 locID: 102665036734071281 bcsId: 0,size=4194304]} | ret=SUCCESS |  
2019-08-23 07:08:59,701 [grpc-default-executor-3] INFO  client.GrpcClientProtocolClient (GrpcClientProtocolClient.java:onNext(255)) - client-D91E5D1E15CE->f2ba01fc-a63e-4348-bd18-030b60a135e7: receive RaftClientReply:client-D91E5D1E15CE->f2ba01fc-a63e-4348-bd18-030b60a135e7@group-C8C62FEF0626, cid=1538, SUCCESS, logIndex=0, commits[f2ba01fc-a63e-4348-bd18-030b60a135e7:c2204, eab135d4-a257-4705-b491-6c056b8c5df7:c2202, a4f67574-9018-43e7-8a54-351e98dc3d0a:c2202]
2019-08-23 07:08:59,705 | INFO  | SCMAudit | user=jenkins1000 | ip=192.168.5.178 | op=ALLOCATE_BLOCK {owner=aaf04d22-10dd-4717-8862-c651bdde72cf, size=4194304, type=RATIS, factor=THREE} | ret=SUCCESS |  
2019-08-23 07:08:59,707 | INFO  | OMAudit | user=jenkins1000 | ip=127.0.0.1 | op=ALLOCATE_BLOCK {volume=vol-0-67663, bucket=bucket-0-68950, key=key-0-26970, dataSize=0, replicationType=null, replicationFactor=null, keyLocationInfo=null, clientID=102665036030476690} | ret=SUCCESS |  
2019-08-23 07:08:59,713 | INFO  | DNAudit | user=null | ip=null | op=WRITE_CHUNK {blockData=conID: 1 locID: 102665036739707378 bcsId: 0} | ret=SUCCESS |  
2019-08-23 07:08:59,715 | INFO  | DNAudit | user=null | ip=null | op=WRITE_CHUNK {blockData=conID: 1 locID: 102665036739707378 bcsId: 0} | ret=SUCCESS |  
2019-08-23 07:08:59,715 | INFO  | DNAudit | user=null | ip=null | op=WRITE_CHUNK {blockData=conID: 1 locID: 102665036739707378 bcsId: 0} | ret=SUCCESS |  
2019-08-23 07:08:59,715 | INFO  | DNAudit | user=null | ip=null | op=WRITE_CHUNK {blockData=conID: 1 locID: 102665036739707378 bcsId: 0} | ret=SUCCESS |  
2019-08-23 07:08:59,716 | INFO  | DNAudit | user=null | ip=null | op=WRITE_CHUNK {blockData=conID: 1 locID: 102665036739707378 bcsId: 0} | ret=SUCCESS |  
2019-08-23 07:08:59,717 | INFO  | DNAudit | user=null | ip=null | op=WRITE_CHUNK {blockData=conID: 1 locID: 102665036739707378 bcsId: 0} | ret=SUCCESS |  
2019-08-23 07:08:59,725 | INFO  | DNAudit | user=null | ip=null | op=WRITE_CHUNK {blockData=conID: 1 locID: 102665036739707378 bcsId: 0} | ret=SUCCESS |  
2019-08-23 07:08:59,726 | INFO  | DNAudit | user=null | ip=null | op=PUT_BLOCK {blockData=[blockId=conID: 1 locID: 102665036739707378 bcsId: 0,size=1048576]} | ret=SUCCESS |  
2019-08-23 07:08:59,726 | INFO  | DNAudit | user=null | ip=null | op=WRITE_CHUNK {blockData=conID: 1 locID: 102665036739707378 bcsId: 0} | ret=SUCCESS |  
2019-08-23 07:08:59,726 [grpc-default-executor-3] INFO  client.GrpcClientProtocolClient (GrpcClientProtocolClient.java:onNext(255)) - client-D91E5D1E15CE->f2ba01fc-a63e-4348-bd18-030b60a135e7: receive RaftClientReply:client-D91E5D1E15CE->f2ba01fc-a63e-4348-bd18-030b60a135e7@group-C8C62FEF0626, cid=1539, SUCCESS, logIndex=2205, commits[f2ba01fc-a63e-4348-bd18-030b60a135e7:c2206, eab135d4-a257-4705-b491-6c056b8c5df7:c2204, a4f67574-9018-43e7-8a54-351e98dc3d0a:c2204]
2019-08-23 07:08:59,726 | INFO  | DNAudit | user=null | ip=null | op=PUT_BLOCK {blockData=[blockId=conID: 1 locID: 102665036739707378 bcsId: 0,size=2097152]} | ret=SUCCESS |  
2019-08-23 07:08:59,726 [grpc-default-executor-3] INFO  client.GrpcClientProtocolClient (GrpcClientProtocolClient.java:onNext(255)) - client-D91E5D1E15CE->f2ba01fc-a63e-4348-bd18-030b60a135e7: receive RaftClientReply:client-D91E5D1E15CE->f2ba01fc-a63e-4348-bd18-030b60a135e7@group-C8C62FEF0626, cid=1540, SUCCESS, logIndex=2206, commits[f2ba01fc-a63e-4348-bd18-030b60a135e7:c2208, eab135d4-a257-4705-b491-6c056b8c5df7:c2204, a4f67574-9018-43e7-8a54-351e98dc3d0a:c2204]
2019-08-23 07:08:59,727 [grpc-default-executor-3] INFO  client.GrpcClientProtocolClient (GrpcClientProtocolClient.java:onNext(255)) - client-D91E5D1E15CE->f2ba01fc-a63e-4348-bd18-030b60a135e7: receive RaftClientReply:client-D91E5D1E15CE->f2ba01fc-a63e-4348-bd18-030b60a135e7@group-C8C62FEF0626, cid=1541, SUCCESS, logIndex=2207, commits[f2ba01fc-a63e-4348-bd18-030b60a135e7:c2208, eab135d4-a257-4705-b491-6c056b8c5df7:c2204, a4f67574-9018-43e7-8a54-351e98dc3d0a:c2204]
2019-08-23 07:08:59,727 | INFO  | DNAudit | user=null | ip=null | op=WRITE_CHUNK {blockData=conID: 1 locID: 102665036739707378 bcsId: 0} | ret=SUCCESS |  
2019-08-23 07:08:59,727 [grpc-default-executor-3] INFO  client.GrpcClientProtocolClient (GrpcClientProtocolClient.java:onNext(255)) - client-D91E5D1E15CE->f2ba01fc-a63e-4348-bd18-030b60a135e7: receive RaftClientReply:client-D91E5D1E15CE->f2ba01fc-a63e-4348-bd18-030b60a135e7@group-C8C62FEF0626, cid=1542, SUCCESS, logIndex=2208, commits[f2ba01fc-a63e-4348-bd18-030b60a135e7:c2208, eab135d4-a257-4705-b491-6c056b8c5df7:c2204, a4f67574-9018-43e7-8a54-351e98dc3d0a:c2204]
2019-08-23 07:08:59,728 | INFO  | DNAudit | user=null | ip=null | op=WRITE_CHUNK {blockData=conID: 1 locID: 102665036739707378 bcsId: 0} | ret=SUCCESS |  
2019-08-23 07:08:59,728 | INFO  | DNAudit | user=null | ip=null | op=PUT_BLOCK {blockData=[blockId=conID: 1 locID: 102665036739707378 bcsId: 0,size=1048576]} | ret=SUCCESS |  
2019-08-23 07:08:59,728 | INFO  | DNAudit | user=null | ip=null | op=WRITE_CHUNK {blockData=conID: 1 locID: 102665036739707378 bcsId: 0} | ret=SUCCESS |  
2019-08-23 07:08:59,728 | INFO  | DNAudit | user=null | ip=null | op=PUT_BLOCK {blockData=[blockId=conID: 1 locID: 102665036739707378 bcsId: 0,size=1048576]} | ret=SUCCESS |  
2019-08-23 07:08:59,728 | INFO  | DNAudit | user=null | ip=null | op=PUT_BLOCK {blockData=[blockId=conID: 1 locID: 102665036739707378 bcsId: 0,size=2097152]} | ret=SUCCESS |  
2019-08-23 07:08:59,728 | INFO  | DNAudit | user=null | ip=null | op=WRITE_CHUNK {blockData=conID: 1 locID: 102665036739707378 bcsId: 0} | ret=SUCCESS |  
2019-08-23 07:08:59,729 | INFO  | DNAudit | user=null | ip=null | op=PUT_BLOCK {blockData=[blockId=conID: 1 locID: 102665036739707378 bcsId: 0,size=2097152]} | ret=SUCCESS |  
2019-08-23 07:08:59,729 [grpc-default-executor-3] INFO  client.GrpcClientProtocolClient (GrpcClientProtocolClient.java:onNext(255)) - client-D91E5D1E15CE->f2ba01fc-a63e-4348-bd18-030b60a135e7: receive RaftClientReply:client-D91E5D1E15CE->f2ba01fc-a63e-4348-bd18-030b60a135e7@group-C8C62FEF0626, cid=1543, SUCCESS, logIndex=0, commits[f2ba01fc-a63e-4348-bd18-030b60a135e7:c2212, eab135d4-a257-4705-b491-6c056b8c5df7:c2206, a4f67574-9018-43e7-8a54-351e98dc3d0a:c2208]
2019-08-23 07:08:59,734 | INFO  | DNAudit | user=null | ip=null | op=WRITE_CHUNK {blockData=conID: 1 locID: 102665036739707378 bcsId: 2208} | ret=SUCCESS |  
2019-08-23 07:08:59,735 | INFO  | DNAudit | user=null | ip=null | op=WRITE_CHUNK {blockData=conID: 1 locID: 102665036739707378 bcsId: 2208} | ret=SUCCESS |  
2019-08-23 07:08:59,736 | INFO  | DNAudit | user=null | ip=null | op=WRITE_CHUNK {blockData=conID: 1 locID: 102665036739707378 bcsId: 2208} | ret=SUCCESS |  
2019-08-23 07:08:59,746 | INFO  | DNAudit | user=null | ip=null | op=WRITE_CHUNK {blockData=conID: 1 locID: 102665036739707378 bcsId: 2208} | ret=SUCCESS |  
2019-08-23 07:08:59,746 | INFO  | DNAudit | user=null | ip=null | op=PUT_BLOCK {blockData=[blockId=conID: 1 locID: 102665036739707378 bcsId: 0,size=3145728]} | ret=SUCCESS |  
2019-08-23 07:08:59,746 [grpc-default-executor-3] INFO  client.GrpcClientProtocolClient (GrpcClientProtocolClient.java:onNext(255)) - client-D91E5D1E15CE->f2ba01fc-a63e-4348-bd18-030b60a135e7: receive RaftClientReply:client-D91E5D1E15CE->f2ba01fc-a63e-4348-bd18-030b60a135e7@group-C8C62FEF0626, cid=1544, SUCCESS, logIndex=2213, commits[f2ba01fc-a63e-4348-bd18-030b60a135e7:c2214, eab135d4-a257-4705-b491-6c056b8c5df7:c2212, a4f67574-9018-43e7-8a54-351e98dc3d0a:c2212]
2019-08-23 07:08:59,747 [grpc-default-executor-3] INFO  client.GrpcClientProtocolClient (GrpcClientProtocolClient.java:onNext(255)) - client-D91E5D1E15CE->f2ba01fc-a63e-4348-bd18-030b60a135e7: receive RaftClientReply:client-D91E5D1E15CE->f2ba01fc-a63e-4348-bd18-030b60a135e7@group-C8C62FEF0626, cid=1545, SUCCESS, logIndex=2214, commits[f2ba01fc-a63e-4348-bd18-030b60a135e7:c2214, eab135d4-a257-4705-b491-6c056b8c5df7:c2212, a4f67574-9018-43e7-8a54-351e98dc3d0a:c2212]
2019-08-23 07:08:59,752 | INFO  | DNAudit | user=null | ip=null | op=WRITE_CHUNK {blockData=conID: 1 locID: 102665036739707378 bcsId: 2214} | ret=SUCCESS |  
2019-08-23 07:08:59,753 | INFO  | DNAudit | user=null | ip=null | op=WRITE_CHUNK {blockData=conID: 1 locID: 102665036739707378 bcsId: 2214} | ret=SUCCESS |  
2019-08-23 07:08:59,754 | INFO  | DNAudit | user=null | ip=null | op=WRITE_CHUNK {blockData=conID: 1 locID: 102665036739707378 bcsId: 2214} | ret=SUCCESS |  
2019-08-23 07:08:59,757 | INFO  | DNAudit | user=null | ip=null | op=WRITE_CHUNK {blockData=conID: 1 locID: 102665036739707378 bcsId: 2208} | ret=SUCCESS |  
2019-08-23 07:08:59,757 | INFO  | DNAudit | user=null | ip=null | op=WRITE_CHUNK {blockData=conID: 1 locID: 102665036739707378 bcsId: 2208} | ret=SUCCESS |  
2019-08-23 07:08:59,758 | INFO  | DNAudit | user=null | ip=null | op=PUT_BLOCK {blockData=[blockId=conID: 1 locID: 102665036739707378 bcsId: 0,size=3145728]} | ret=SUCCESS |  
2019-08-23 07:08:59,758 | INFO  | DNAudit | user=null | ip=null | op=PUT_BLOCK {blockData=[blockId=conID: 1 locID: 102665036739707378 bcsId: 0,size=3145728]} | ret=SUCCESS |  
2019-08-23 07:08:59,759 | INFO  | DNAudit | user=null | ip=null | op=WRITE_CHUNK {blockData=conID: 1 locID: 102665036739707378 bcsId: 2214} | ret=SUCCESS |  
2019-08-23 07:08:59,759 | INFO  | DNAudit | user=null | ip=null | op=PUT_BLOCK {blockData=[blockId=conID: 1 locID: 102665036739707378 bcsId: 0,size=4194304]} | ret=SUCCESS |  
2019-08-23 07:08:59,759 [grpc-default-executor-0] INFO  client.GrpcClientProtocolClient (GrpcClientProtocolClient.java:onNext(255)) - client-D91E5D1E15CE->f2ba01fc-a63e-4348-bd18-030b60a135e7: receive RaftClientReply:client-D91E5D1E15CE->f2ba01fc-a63e-4348-bd18-030b60a135e7@group-C8C62FEF0626, cid=1546, SUCCESS, logIndex=2217, commits[f2ba01fc-a63e-4348-bd18-030b60a135e7:c2218, eab135d4-a257-4705-b491-6c056b8c5df7:c2214, a4f67574-9018-43e7-8a54-351e98dc3d0a:c2214]
2019-08-23 07:08:59,760 [grpc-default-executor-0] INFO  client.GrpcClientProtocolClient (GrpcClientProtocolClient.java:onNext(255)) - client-D91E5D1E15CE->f2ba01fc-a63e-4348-bd18-030b60a135e7: receive RaftClientReply:client-D91E5D1E15CE->f2ba01fc-a63e-4348-bd18-030b60a135e7@group-C8C62FEF0626, cid=1547, SUCCESS, logIndex=2218, commits[f2ba01fc-a63e-4348-bd18-030b60a135e7:c2218, eab135d4-a257-4705-b491-6c056b8c5df7:c2214, a4f67574-9018-43e7-8a54-351e98dc3d0a:c2214]
2019-08-23 07:08:59,770 | INFO  | DNAudit | user=null | ip=null | op=WRITE_CHUNK {blockData=conID: 1 locID: 102665036739707378 bcsId: 2214} | ret=SUCCESS |  
2019-08-23 07:08:59,770 | INFO  | DNAudit | user=null | ip=null | op=WRITE_CHUNK {blockData=conID: 1 locID: 102665036739707378 bcsId: 2214} | ret=SUCCESS |  
2019-08-23 07:08:59,772 | INFO  | DNAudit | user=null | ip=null | op=PUT_BLOCK {blockData=[blockId=conID: 1 locID: 102665036739707378 bcsId: 0,size=4194304]} | ret=SUCCESS |  
2019-08-23 07:08:59,772 | INFO  | DNAudit | user=null | ip=null | op=PUT_BLOCK {blockData=[blockId=conID: 1 locID: 102665036739707378 bcsId: 0,size=4194304]} | ret=SUCCESS |  
2019-08-23 07:08:59,772 [grpc-default-executor-0] INFO  client.GrpcClientProtocolClient (GrpcClientProtocolClient.java:onNext(255)) - client-D91E5D1E15CE->f2ba01fc-a63e-4348-bd18-030b60a135e7: receive RaftClientReply:client-D91E5D1E15CE->f2ba01fc-a63e-4348-bd18-030b60a135e7@group-C8C62FEF0626, cid=1548, SUCCESS, logIndex=0, commits[f2ba01fc-a63e-4348-bd18-030b60a135e7:c2220, eab135d4-a257-4705-b491-6c056b8c5df7:c2218, a4f67574-9018-43e7-8a54-351e98dc3d0a:c2218]
2019-08-23 07:08:59,777 | INFO  | SCMAudit | user=jenkins1000 | ip=192.168.5.178 | op=ALLOCATE_BLOCK {owner=aaf04d22-10dd-4717-8862-c651bdde72cf, size=4194304, type=RATIS, factor=THREE} | ret=SUCCESS |  
2019-08-23 07:08:59,779 | INFO  | OMAudit | user=jenkins1000 | ip=127.0.0.1 | op=ALLOCATE_BLOCK {volume=vol-0-67663, bucket=bucket-0-68950, key=key-0-26970, dataSize=0, replicationType=null, replicationFactor=null, keyLocationInfo=null, clientID=102665036030476690} | ret=SUCCESS |  
2019-08-23 07:08:59,871 | INFO  | DNAudit | user=null | ip=null | op=WRITE_CHUNK {blockData=conID: 2 locID: 102665036744425971 bcsId: 0} | ret=SUCCESS |  
2019-08-23 07:08:59,873 | INFO  | DNAudit | user=null | ip=null | op=WRITE_CHUNK {blockData=conID: 2 locID: 102665036744425971 bcsId: 0} | ret=SUCCESS |  
2019-08-23 07:08:59,874 | INFO  | DNAudit | user=null | ip=null | op=WRITE_CHUNK {blockData=conID: 2 locID: 102665036744425971 bcsId: 0} | ret=SUCCESS |  
2019-08-23 07:08:59,874 | INFO  | DNAudit | user=null | ip=null | op=WRITE_CHUNK {blockData=conID: 2 locID: 102665036744425971 bcsId: 0} | ret=SUCCESS |  
2019-08-23 07:08:59,876 | INFO  | DNAudit | user=null | ip=null | op=WRITE_CHUNK {blockData=conID: 2 locID: 102665036744425971 bcsId: 0} | ret=SUCCESS |  
2019-08-23 07:08:59,877 | INFO  | DNAudit | user=null | ip=null | op=WRITE_CHUNK {blockData=conID: 2 locID: 102665036744425971 bcsId: 0} | ret=SUCCESS |  
2019-08-23 07:08:59,883 | INFO  | DNAudit | user=null | ip=null | op=WRITE_CHUNK {blockData=conID: 2 locID: 102665036744425971 bcsId: 0} | ret=SUCCESS |  
2019-08-23 07:08:59,884 | INFO  | DNAudit | user=null | ip=null | op=PUT_BLOCK {blockData=[blockId=conID: 2 locID: 102665036744425971 bcsId: 0,size=1048576]} | ret=SUCCESS |  
2019-08-23 07:08:59,884 [grpc-default-executor-2] INFO  client.GrpcClientProtocolClient (GrpcClientProtocolClient.java:onNext(255)) - client-D91E5D1E15CE->f2ba01fc-a63e-4348-bd18-030b60a135e7: receive RaftClientReply:client-D91E5D1E15CE->f2ba01fc-a63e-4348-bd18-030b60a135e7@group-C8C62FEF0626, cid=1549, SUCCESS, logIndex=2221, commits[f2ba01fc-a63e-4348-bd18-030b60a135e7:c2222, eab135d4-a257-4705-b491-6c056b8c5df7:c2220, a4f67574-9018-43e7-8a54-351e98dc3d0a:c2220]
2019-08-23 07:08:59,885 | INFO  | DNAudit | user=null | ip=null | op=WRITE_CHUNK {blockData=conID: 2 locID: 102665036744425971 bcsId: 0} | ret=SUCCESS |  
2019-08-23 07:08:59,885 [grpc-default-executor-0] INFO  client.GrpcClientProtocolClient (GrpcClientProtocolClient.java:onNext(255)) - client-D91E5D1E15CE->f2ba01fc-a63e-4348-bd18-030b60a135e7: receive RaftClientReply:client-D91E5D1E15CE->f2ba01fc-a63e-4348-bd18-030b60a135e7@group-C8C62FEF0626, cid=1550, SUCCESS, logIndex=2222, commits[f2ba01fc-a63e-4348-bd18-030b60a135e7:c2222, eab135d4-a257-4705-b491-6c056b8c5df7:c2220, a4f67574-9018-43e7-8a54-351e98dc3d0a:c2220]
2019-08-23 07:08:59,885 | INFO  | DNAudit | user=null | ip=null | op=PUT_BLOCK {blockData=[blockId=conID: 2 locID: 102665036744425971 bcsId: 0,size=2097152]} | ret=SUCCESS |  
2019-08-23 07:08:59,885 [grpc-default-executor-3] INFO  client.GrpcClientProtocolClient (GrpcClientProtocolClient.java:onNext(255)) - client-D91E5D1E15CE->f2ba01fc-a63e-4348-bd18-030b60a135e7: receive RaftClientReply:client-D91E5D1E15CE->f2ba01fc-a63e-4348-bd18-030b60a135e7@group-C8C62FEF0626, cid=1551, SUCCESS, logIndex=2223, commits[f2ba01fc-a63e-4348-bd18-030b60a135e7:c2223, eab135d4-a257-4705-b491-6c056b8c5df7:c2220, a4f67574-9018-43e7-8a54-351e98dc3d0a:c2220]
2019-08-23 07:08:59,885 [grpc-default-executor-3] INFO  client.GrpcClientProtocolClient (GrpcClientProtocolClient.java:onNext(255)) - client-D91E5D1E15CE->f2ba01fc-a63e-4348-bd18-030b60a135e7: receive RaftClientReply:client-D91E5D1E15CE->f2ba01fc-a63e-4348-bd18-030b60a135e7@group-C8C62FEF0626, cid=1552, SUCCESS, logIndex=2224, commits[f2ba01fc-a63e-4348-bd18-030b60a135e7:c2224, eab135d4-a257-4705-b491-6c056b8c5df7:c2220, a4f67574-9018-43e7-8a54-351e98dc3d0a:c2220]
2019-08-23 07:08:59,886 | INFO  | DNAudit | user=null | ip=null | op=WRITE_CHUNK {blockData=conID: 2 locID: 102665036744425971 bcsId: 0} | ret=SUCCESS |  
2019-08-23 07:08:59,886 | INFO  | DNAudit | user=null | ip=null | op=PUT_BLOCK {blockData=[blockId=conID: 2 locID: 102665036744425971 bcsId: 0,size=1048576]} | ret=SUCCESS |  
2019-08-23 07:08:59,887 | INFO  | DNAudit | user=null | ip=null | op=WRITE_CHUNK {blockData=conID: 2 locID: 102665036744425971 bcsId: 0} | ret=SUCCESS |  
2019-08-23 07:08:59,887 | INFO  | DNAudit | user=null | ip=null | op=PUT_BLOCK {blockData=[blockId=conID: 2 locID: 102665036744425971 bcsId: 0,size=1048576]} | ret=SUCCESS |  
2019-08-23 07:08:59,887 | INFO  | DNAudit | user=null | ip=null | op=WRITE_CHUNK {blockData=conID: 2 locID: 102665036744425971 bcsId: 0} | ret=SUCCESS |  
2019-08-23 07:08:59,888 [grpc-default-executor-0] INFO  client.GrpcClientProtocolClient (GrpcClientProtocolClient.java:onNext(255)) - client-D91E5D1E15CE->f2ba01fc-a63e-4348-bd18-030b60a135e7: receive RaftClientReply:client-D91E5D1E15CE->f2ba01fc-a63e-4348-bd18-030b60a135e7@group-C8C62FEF0626, cid=1553, SUCCESS, logIndex=0, commits[f2ba01fc-a63e-4348-bd18-030b60a135e7:c2226, eab135d4-a257-4705-b491-6c056b8c5df7:c2222, a4f67574-9018-43e7-8a54-351e98dc3d0a:c2222]
2019-08-23 07:08:59,893 | INFO  | DNAudit | user=null | ip=null | op=WRITE_CHUNK {blockData=conID: 2 locID: 102665036744425971 bcsId: 2224} | ret=SUCCESS |  
2019-08-23 07:08:59,895 | INFO  | DNAudit | user=null | ip=null | op=WRITE_CHUNK {blockData=conID: 2 locID: 102665036744425971 bcsId: 2224} | ret=SUCCESS |  
2019-08-23 07:08:59,895 | INFO  | DNAudit | user=null | ip=null | op=WRITE_CHUNK {blockData=conID: 2 locID: 102665036744425971 bcsId: 2224} | ret=SUCCESS |  
2019-08-23 07:08:59,898 | INFO  | DNAudit | user=null | ip=null | op=WRITE_CHUNK {blockData=conID: 2 locID: 102665036744425971 bcsId: 0} | ret=SUCCESS |  
2019-08-23 07:08:59,898 | INFO  | DNAudit | user=null | ip=null | op=PUT_BLOCK {blockData=[blockId=conID: 2 locID: 102665036744425971 bcsId: 0,size=2097152]} | ret=SUCCESS |  
2019-08-23 07:08:59,898 | INFO  | DNAudit | user=null | ip=null | op=PUT_BLOCK {blockData=[blockId=conID: 2 locID: 102665036744425971 bcsId: 0,size=2097152]} | ret=SUCCESS |  
2019-08-23 07:08:59,900 | INFO  | DNAudit | user=null | ip=null | op=WRITE_CHUNK {blockData=conID: 2 locID: 102665036744425971 bcsId: 2224} | ret=SUCCESS |  
2019-08-23 07:08:59,900 | INFO  | DNAudit | user=null | ip=null | op=PUT_BLOCK {blockData=[blockId=conID: 2 locID: 102665036744425971 bcsId: 0,size=3145728]} | ret=SUCCESS |  
2019-08-23 07:08:59,900 [grpc-default-executor-0] INFO  client.GrpcClientProtocolClient (GrpcClientProtocolClient.java:onNext(255)) - client-D91E5D1E15CE->f2ba01fc-a63e-4348-bd18-030b60a135e7: receive RaftClientReply:client-D91E5D1E15CE->f2ba01fc-a63e-4348-bd18-030b60a135e7@group-C8C62FEF0626, cid=1554, SUCCESS, logIndex=2229, commits[f2ba01fc-a63e-4348-bd18-030b60a135e7:c2230, eab135d4-a257-4705-b491-6c056b8c5df7:c2227, a4f67574-9018-43e7-8a54-351e98dc3d0a:c2227]
2019-08-23 07:08:59,900 [grpc-default-executor-0] INFO  client.GrpcClientProtocolClient (GrpcClientProtocolClient.java:onNext(255)) - client-D91E5D1E15CE->f2ba01fc-a63e-4348-bd18-030b60a135e7: receive RaftClientReply:client-D91E5D1E15CE->f2ba01fc-a63e-4348-bd18-030b60a135e7@group-C8C62FEF0626, cid=1555, SUCCESS, logIndex=2230, commits[f2ba01fc-a63e-4348-bd18-030b60a135e7:c2230, eab135d4-a257-4705-b491-6c056b8c5df7:c2227, a4f67574-9018-43e7-8a54-351e98dc3d0a:c2227]
2019-08-23 07:08:59,901 | INFO  | DNAudit | user=null | ip=null | op=WRITE_CHUNK {blockData=conID: 2 locID: 102665036744425971 bcsId: 2224} | ret=SUCCESS |  
2019-08-23 07:08:59,901 | INFO  | DNAudit | user=null | ip=null | op=WRITE_CHUNK {blockData=conID: 2 locID: 102665036744425971 bcsId: 2224} | ret=SUCCESS |  
2019-08-23 07:08:59,901 | INFO  | DNAudit | user=null | ip=null | op=PUT_BLOCK {blockData=[blockId=conID: 2 locID: 102665036744425971 bcsId: 0,size=3145728]} | ret=SUCCESS |  
2019-08-23 07:08:59,901 | INFO  | DNAudit | user=null | ip=null | op=PUT_BLOCK {blockData=[blockId=conID: 2 locID: 102665036744425971 bcsId: 0,size=3145728]} | ret=SUCCESS |  
2019-08-23 07:08:59,905 | INFO  | DNAudit | user=null | ip=null | op=WRITE_CHUNK {blockData=conID: 2 locID: 102665036744425971 bcsId: 2230} | ret=SUCCESS |  
2019-08-23 07:08:59,908 | INFO  | DNAudit | user=null | ip=null | op=WRITE_CHUNK {blockData=conID: 2 locID: 102665036744425971 bcsId: 2230} | ret=SUCCESS |  
2019-08-23 07:08:59,908 | INFO  | DNAudit | user=null | ip=null | op=WRITE_CHUNK {blockData=conID: 2 locID: 102665036744425971 bcsId: 2230} | ret=SUCCESS |  
2019-08-23 07:08:59,918 | INFO  | DNAudit | user=null | ip=null | op=WRITE_CHUNK {blockData=conID: 2 locID: 102665036744425971 bcsId: 2230} | ret=SUCCESS |  
2019-08-23 07:08:59,918 | INFO  | DNAudit | user=null | ip=null | op=PUT_BLOCK {blockData=[blockId=conID: 2 locID: 102665036744425971 bcsId: 0,size=4194304]} | ret=SUCCESS |  
2019-08-23 07:08:59,918 [grpc-default-executor-2] INFO  client.GrpcClientProtocolClient (GrpcClientProtocolClient.java:onNext(255)) - client-D91E5D1E15CE->f2ba01fc-a63e-4348-bd18-030b60a135e7: receive RaftClientReply:client-D91E5D1E15CE->f2ba01fc-a63e-4348-bd18-030b60a135e7@group-C8C62FEF0626, cid=1556, SUCCESS, logIndex=2232, commits[f2ba01fc-a63e-4348-bd18-030b60a135e7:c2233, eab135d4-a257-4705-b491-6c056b8c5df7:c2231, a4f67574-9018-43e7-8a54-351e98dc3d0a:c2231]
2019-08-23 07:08:59,918 [grpc-default-executor-2] INFO  client.GrpcClientProtocolClient (GrpcClientProtocolClient.java:onNext(255)) - client-D91E5D1E15CE->f2ba01fc-a63e-4348-bd18-030b60a135e7: receive RaftClientReply:client-D91E5D1E15CE->f2ba01fc-a63e-4348-bd18-030b60a135e7@group-C8C62FEF0626, cid=1557, SUCCESS, logIndex=2233, commits[f2ba01fc-a63e-4348-bd18-030b60a135e7:c2233, eab135d4-a257-4705-b491-6c056b8c5df7:c2231, a4f67574-9018-43e7-8a54-351e98dc3d0a:c2231]
2019-08-23 07:08:59,929 | INFO  | DNAudit | user=null | ip=null | op=WRITE_CHUNK {blockData=conID: 2 locID: 102665036744425971 bcsId: 2230} | ret=SUCCESS |  
2019-08-23 07:08:59,929 | INFO  | DNAudit | user=null | ip=null | op=WRITE_CHUNK {blockData=conID: 2 locID: 102665036744425971 bcsId: 2230} | ret=SUCCESS |  
2019-08-23 07:08:59,930 | INFO  | DNAudit | user=null | ip=null | op=PUT_BLOCK {blockData=[blockId=conID: 2 locID: 102665036744425971 bcsId: 0,size=4194304]} | ret=SUCCESS |  
2019-08-23 07:08:59,930 | INFO  | DNAudit | user=null | ip=null | op=PUT_BLOCK {blockData=[blockId=conID: 2 locID: 102665036744425971 bcsId: 0,size=4194304]} | ret=SUCCESS |  
2019-08-23 07:08:59,931 [grpc-default-executor-0] INFO  client.GrpcClientProtocolClient (GrpcClientProtocolClient.java:onNext(255)) - client-D91E5D1E15CE->f2ba01fc-a63e-4348-bd18-030b60a135e7: receive RaftClientReply:client-D91E5D1E15CE->f2ba01fc-a63e-4348-bd18-030b60a135e7@group-C8C62FEF0626, cid=1558, SUCCESS, logIndex=0, commits[f2ba01fc-a63e-4348-bd18-030b60a135e7:c2235, eab135d4-a257-4705-b491-6c056b8c5df7:c2233, a4f67574-9018-43e7-8a54-351e98dc3d0a:c2233]
2019-08-23 07:08:59,936 | INFO  | SCMAudit | user=jenkins1000 | ip=192.168.5.178 | op=ALLOCATE_BLOCK {owner=aaf04d22-10dd-4717-8862-c651bdde72cf, size=4194304, type=RATIS, factor=THREE} | ret=SUCCESS |  
2019-08-23 07:08:59,938 | INFO  | OMAudit | user=jenkins1000 | ip=127.0.0.1 | op=ALLOCATE_BLOCK {volume=vol-0-67663, bucket=bucket-0-68950, key=key-0-26970, dataSize=0, replicationType=null, replicationFactor=null, keyLocationInfo=null, clientID=102665036030476690} | ret=SUCCESS |  
2019-08-23 07:08:59,945 | INFO  | DNAudit | user=null | ip=null | op=WRITE_CHUNK {blockData=conID: 3 locID: 102665036754846196 bcsId: 0} | ret=SUCCESS |  
2019-08-23 07:08:59,947 | INFO  | DNAudit | user=null | ip=null | op=WRITE_CHUNK {blockData=conID: 3 locID: 102665036754846196 bcsId: 0} | ret=SUCCESS |  
2019-08-23 07:08:59,947 | INFO  | DNAudit | user=null | ip=null | op=WRITE_CHUNK {blockData=conID: 3 locID: 102665036754846196 bcsId: 0} | ret=SUCCESS |  
2019-08-23 07:08:59,947 | INFO  | DNAudit | user=null | ip=null | op=WRITE_CHUNK {blockData=conID: 3 locID: 102665036754846196 bcsId: 0} | ret=SUCCESS |  
2019-08-23 07:08:59,949 | INFO  | DNAudit | user=null | ip=null | op=WRITE_CHUNK {blockData=conID: 3 locID: 102665036754846196 bcsId: 0} | ret=SUCCESS |  
2019-08-23 07:08:59,949 | INFO  | DNAudit | user=null | ip=null | op=WRITE_CHUNK {blockData=conID: 3 locID: 102665036754846196 bcsId: 0} | ret=SUCCESS |  
2019-08-23 07:08:59,950 | INFO  | DNAudit | user=null | ip=null | op=WRITE_CHUNK {blockData=conID: 3 locID: 102665036754846196 bcsId: 0} | ret=SUCCESS |  
2019-08-23 07:08:59,950 | INFO  | DNAudit | user=null | ip=null | op=PUT_BLOCK {blockData=[blockId=conID: 3 locID: 102665036754846196 bcsId: 0,size=1048576]} | ret=SUCCESS |  
2019-08-23 07:08:59,950 [grpc-default-executor-0] INFO  client.GrpcClientProtocolClient (GrpcClientProtocolClient.java:onNext(255)) - client-D91E5D1E15CE->f2ba01fc-a63e-4348-bd18-030b60a135e7: receive RaftClientReply:client-D91E5D1E15CE->f2ba01fc-a63e-4348-bd18-030b60a135e7@group-C8C62FEF0626, cid=1559, SUCCESS, logIndex=2236, commits[f2ba01fc-a63e-4348-bd18-030b60a135e7:c2237, eab135d4-a257-4705-b491-6c056b8c5df7:c2235, a4f67574-9018-43e7-8a54-351e98dc3d0a:c2235]
2019-08-23 07:08:59,951 | INFO  | DNAudit | user=null | ip=null | op=WRITE_CHUNK {blockData=conID: 3 locID: 102665036754846196 bcsId: 0} | ret=SUCCESS |  
2019-08-23 07:08:59,951 [grpc-default-executor-0] INFO  client.GrpcClientProtocolClient (GrpcClientProtocolClient.java:onNext(255)) - client-D91E5D1E15CE->f2ba01fc-a63e-4348-bd18-030b60a135e7: receive RaftClientReply:client-D91E5D1E15CE->f2ba01fc-a63e-4348-bd18-030b60a135e7@group-C8C62FEF0626, cid=1560, SUCCESS, logIndex=2237, commits[f2ba01fc-a63e-4348-bd18-030b60a135e7:c2237, eab135d4-a257-4705-b491-6c056b8c5df7:c2235, a4f67574-9018-43e7-8a54-351e98dc3d0a:c2235]
2019-08-23 07:08:59,951 | INFO  | DNAudit | user=null | ip=null | op=PUT_BLOCK {blockData=[blockId=conID: 3 locID: 102665036754846196 bcsId: 0,size=2097152]} | ret=SUCCESS |  
2019-08-23 07:08:59,951 [grpc-default-executor-0] INFO  client.GrpcClientProtocolClient (GrpcClientProtocolClient.java:onNext(255)) - client-D91E5D1E15CE->f2ba01fc-a63e-4348-bd18-030b60a135e7: receive RaftClientReply:client-D91E5D1E15CE->f2ba01fc-a63e-4348-bd18-030b60a135e7@group-C8C62FEF0626, cid=1561, SUCCESS, logIndex=2238, commits[f2ba01fc-a63e-4348-bd18-030b60a135e7:c2239, eab135d4-a257-4705-b491-6c056b8c5df7:c2235, a4f67574-9018-43e7-8a54-351e98dc3d0a:c2235]
2019-08-23 07:08:59,952 [grpc-default-executor-0] INFO  client.GrpcClientProtocolClient (GrpcClientProtocolClient.java:onNext(255)) - client-D91E5D1E15CE->f2ba01fc-a63e-4348-bd18-030b60a135e7: receive RaftClientReply:client-D91E5D1E15CE->f2ba01fc-a63e-4348-bd18-030b60a135e7@group-C8C62FEF0626, cid=1562, SUCCESS, logIndex=2239, commits[f2ba01fc-a63e-4348-bd18-030b60a135e7:c2239, eab135d4-a257-4705-b491-6c056b8c5df7:c2235, a4f67574-9018-43e7-8a54-351e98dc3d0a:c2235]
2019-08-23 07:08:59,952 | INFO  | DNAudit | user=null | ip=null | op=WRITE_CHUNK {blockData=conID: 3 locID: 102665036754846196 bcsId: 0} | ret=SUCCESS |  
2019-08-23 07:08:59,952 | INFO  | DNAudit | user=null | ip=null | op=PUT_BLOCK {blockData=[blockId=conID: 3 locID: 102665036754846196 bcsId: 0,size=1048576]} | ret=SUCCESS |  
2019-08-23 07:08:59,952 | INFO  | DNAudit | user=null | ip=null | op=WRITE_CHUNK {blockData=conID: 3 locID: 102665036754846196 bcsId: 0} | ret=SUCCESS |  
2019-08-23 07:08:59,952 | INFO  | DNAudit | user=null | ip=null | op=PUT_BLOCK {blockData=[blockId=conID: 3 locID: 102665036754846196 bcsId: 0,size=1048576]} | ret=SUCCESS |  
2019-08-23 07:08:59,953 | INFO  | DNAudit | user=null | ip=null | op=WRITE_CHUNK {blockData=conID: 3 locID: 102665036754846196 bcsId: 0} | ret=SUCCESS |  
2019-08-23 07:08:59,953 | INFO  | DNAudit | user=null | ip=null | op=PUT_BLOCK {blockData=[blockId=conID: 3 locID: 102665036754846196 bcsId: 0,size=2097152]} | ret=SUCCESS |  
2019-08-23 07:08:59,953 | INFO  | DNAudit | user=null | ip=null | op=WRITE_CHUNK {blockData=conID: 3 locID: 102665036754846196 bcsId: 0} | ret=SUCCESS |  
2019-08-23 07:08:59,953 [grpc-default-executor-3] INFO  client.GrpcClientProtocolClient (GrpcClientProtocolClient.java:onNext(255)) - client-D91E5D1E15CE->f2ba01fc-a63e-4348-bd18-030b60a135e7: receive RaftClientReply:client-D91E5D1E15CE->f2ba01fc-a63e-4348-bd18-030b60a135e7@group-C8C62FEF0626, cid=1563, SUCCESS, logIndex=0, commits[f2ba01fc-a63e-4348-bd18-030b60a135e7:c2241, eab135d4-a257-4705-b491-6c056b8c5df7:c2237, a4f67574-9018-43e7-8a54-351e98dc3d0a:c2237]
2019-08-23 07:08:59,953 | INFO  | DNAudit | user=null | ip=null | op=PUT_BLOCK {blockData=[blockId=conID: 3 locID: 102665036754846196 bcsId: 0,size=2097152]} | ret=SUCCESS |  
2019-08-23 07:08:59,958 | INFO  | DNAudit | user=null | ip=null | op=WRITE_CHUNK {blockData=conID: 3 locID: 102665036754846196 bcsId: 2239} | ret=SUCCESS |  
2019-08-23 07:08:59,960 | INFO  | DNAudit | user=null | ip=null | op=WRITE_CHUNK {blockData=conID: 3 locID: 102665036754846196 bcsId: 2239} | ret=SUCCESS |  
2019-08-23 07:08:59,960 | INFO  | DNAudit | user=null | ip=null | op=WRITE_CHUNK {blockData=conID: 3 locID: 102665036754846196 bcsId: 2239} | ret=SUCCESS |  
2019-08-23 07:08:59,974 | INFO  | DNAudit | user=null | ip=null | op=WRITE_CHUNK {blockData=conID: 3 locID: 102665036754846196 bcsId: 2239} | ret=SUCCESS |  
2019-08-23 07:08:59,975 | INFO  | DNAudit | user=null | ip=null | op=PUT_BLOCK {blockData=[blockId=conID: 3 locID: 102665036754846196 bcsId: 0,size=3145728]} | ret=SUCCESS |  
2019-08-23 07:08:59,975 [grpc-default-executor-0] INFO  client.GrpcClientProtocolClient (GrpcClientProtocolClient.java:onNext(255)) - client-D91E5D1E15CE->f2ba01fc-a63e-4348-bd18-030b60a135e7: receive RaftClientReply:client-D91E5D1E15CE->f2ba01fc-a63e-4348-bd18-030b60a135e7@group-C8C62FEF0626, cid=1564, SUCCESS, logIndex=2244, commits[f2ba01fc-a63e-4348-bd18-030b60a135e7:c2245, eab135d4-a257-4705-b491-6c056b8c5df7:c2243, a4f67574-9018-43e7-8a54-351e98dc3d0a:c2243]
2019-08-23 07:08:59,975 [grpc-default-executor-0] INFO  client.GrpcClientProtocolClient (GrpcClientProtocolClient.java:onNext(255)) - client-D91E5D1E15CE->f2ba01fc-a63e-4348-bd18-030b60a135e7: receive RaftClientReply:client-D91E5D1E15CE->f2ba01fc-a63e-4348-bd18-030b60a135e7@group-C8C62FEF0626, cid=1565, SUCCESS, logIndex=2245, commits[f2ba01fc-a63e-4348-bd18-030b60a135e7:c2245, eab135d4-a257-4705-b491-6c056b8c5df7:c2243, a4f67574-9018-43e7-8a54-351e98dc3d0a:c2243]
2019-08-23 07:08:59,980 | INFO  | DNAudit | user=null | ip=null | op=WRITE_CHUNK {blockData=conID: 3 locID: 102665036754846196 bcsId: 2245} | ret=SUCCESS |  
2019-08-23 07:08:59,983 | INFO  | DNAudit | user=null | ip=null | op=WRITE_CHUNK {blockData=conID: 3 locID: 102665036754846196 bcsId: 2239} | ret=SUCCESS |  
2019-08-23 07:08:59,983 | INFO  | DNAudit | user=null | ip=null | op=WRITE_CHUNK {blockData=conID: 3 locID: 102665036754846196 bcsId: 2239} | ret=SUCCESS |  
2019-08-23 07:08:59,983 | INFO  | DNAudit | user=null | ip=null | op=WRITE_CHUNK {blockData=conID: 3 locID: 102665036754846196 bcsId: 2245} | ret=SUCCESS |  
2019-08-23 07:08:59,983 | INFO  | DNAudit | user=null | ip=null | op=WRITE_CHUNK {blockData=conID: 3 locID: 102665036754846196 bcsId: 2245} | ret=SUCCESS |  
2019-08-23 07:08:59,983 | INFO  | DNAudit | user=null | ip=null | op=PUT_BLOCK {blockData=[blockId=conID: 3 locID: 102665036754846196 bcsId: 0,size=3145728]} | ret=SUCCESS |  
2019-08-23 07:08:59,984 | INFO  | DNAudit | user=null | ip=null | op=PUT_BLOCK {blockData=[blockId=conID: 3 locID: 102665036754846196 bcsId: 0,size=3145728]} | ret=SUCCESS |  
2019-08-23 07:08:59,985 | INFO  | DNAudit | user=null | ip=null | op=WRITE_CHUNK {blockData=conID: 3 locID: 102665036754846196 bcsId: 2245} | ret=SUCCESS |  
2019-08-23 07:08:59,985 | INFO  | DNAudit | user=null | ip=null | op=PUT_BLOCK {blockData=[blockId=conID: 3 locID: 102665036754846196 bcsId: 0,size=4194304]} | ret=SUCCESS |  
2019-08-23 07:08:59,985 [grpc-default-executor-0] INFO  client.GrpcClientProtocolClient (GrpcClientProtocolClient.java:onNext(255)) - client-D91E5D1E15CE->f2ba01fc-a63e-4348-bd18-030b60a135e7: receive RaftClientReply:client-D91E5D1E15CE->f2ba01fc-a63e-4348-bd18-030b60a135e7@group-C8C62FEF0626, cid=1566, SUCCESS, logIndex=2248, commits[f2ba01fc-a63e-4348-bd18-030b60a135e7:c2249, eab135d4-a257-4705-b491-6c056b8c5df7:c2245, a4f67574-9018-43e7-8a54-351e98dc3d0a:c2245]
2019-08-23 07:08:59,986 [grpc-default-executor-0] INFO  client.GrpcClientProtocolClient (GrpcClientProtocolClient.java:onNext(255)) - client-D91E5D1E15CE->f2ba01fc-a63e-4348-bd18-030b60a135e7: receive RaftClientReply:client-D91E5D1E15CE->f2ba01fc-a63e-4348-bd18-030b60a135e7@group-C8C62FEF0626, cid=1567, SUCCESS, logIndex=2249, commits[f2ba01fc-a63e-4348-bd18-030b60a135e7:c2249, eab135d4-a257-4705-b491-6c056b8c5df7:c2245, a4f67574-9018-43e7-8a54-351e98dc3d0a:c2245]
2019-08-23 07:08:59,997 | INFO  | DNAudit | user=null | ip=null | op=WRITE_CHUNK {blockData=conID: 3 locID: 102665036754846196 bcsId: 2245} | ret=SUCCESS |  
2019-08-23 07:08:59,997 | INFO  | DNAudit | user=null | ip=null | op=WRITE_CHUNK {blockData=conID: 3 locID: 102665036754846196 bcsId: 2245} | ret=SUCCESS |  
2019-08-23 07:08:59,998 | INFO  | DNAudit | user=null | ip=null | op=PUT_BLOCK {blockData=[blockId=conID: 3 locID: 102665036754846196 bcsId: 0,size=4194304]} | ret=SUCCESS |  
2019-08-23 07:08:59,998 | INFO  | DNAudit | user=null | ip=null | op=PUT_BLOCK {blockData=[blockId=conID: 3 locID: 102665036754846196 bcsId: 0,size=4194304]} | ret=SUCCESS |  
2019-08-23 07:08:59,998 [grpc-default-executor-2] INFO  client.GrpcClientProtocolClient (GrpcClientProtocolClient.java:onNext(255)) - client-D91E5D1E15CE->f2ba01fc-a63e-4348-bd18-030b60a135e7: receive RaftClientReply:client-D91E5D1E15CE->f2ba01fc-a63e-4348-bd18-030b60a135e7@group-C8C62FEF0626, cid=1568, SUCCESS, logIndex=0, commits[f2ba01fc-a63e-4348-bd18-030b60a135e7:c2251, eab135d4-a257-4705-b491-6c056b8c5df7:c2249, a4f67574-9018-43e7-8a54-351e98dc3d0a:c2249]
2019-08-23 07:09:00,003 | INFO  | SCMAudit | user=jenkins1000 | ip=192.168.5.178 | op=ALLOCATE_BLOCK {owner=aaf04d22-10dd-4717-8862-c651bdde72cf, size=4194304, type=RATIS, factor=THREE} | ret=SUCCESS |  
2019-08-23 07:09:00,004 | INFO  | SCMAudit | user=jenkins1000 | ip=192.168.5.178 | op=SEND_HEARTBEAT {datanodeUUID=5c311bc2-cc7c-45de-998f-f79499d85d4e, command=[]} | ret=SUCCESS |  
2019-08-23 07:09:00,005 | INFO  | OMAudit | user=jenkins1000 | ip=127.0.0.1 | op=ALLOCATE_BLOCK {volume=vol-0-67663, bucket=bucket-0-68950, key=key-0-26970, dataSize=0, replicationType=null, replicationFactor=null, keyLocationInfo=null, clientID=102665036030476690} | ret=SUCCESS |  
 0.00% |█                                                                                                    |  0/1 Time: 0:00:112019-08-23 07:09:00,011 | INFO  | DNAudit | user=null | ip=null | op=WRITE_CHUNK {blockData=conID: 1 locID: 102665036759237109 bcsId: 0} | ret=SUCCESS |  
2019-08-23 07:09:00,014 | INFO  | DNAudit | user=null | ip=null | op=WRITE_CHUNK {blockData=conID: 1 locID: 102665036759237109 bcsId: 0} | ret=SUCCESS |  
2019-08-23 07:09:00,014 | INFO  | DNAudit | user=null | ip=null | op=WRITE_CHUNK {blockData=conID: 1 locID: 102665036759237109 bcsId: 0} | ret=SUCCESS |  
2019-08-23 07:09:00,014 | INFO  | DNAudit | user=null | ip=null | op=WRITE_CHUNK {blockData=conID: 1 locID: 102665036759237109 bcsId: 0} | ret=SUCCESS |  
2019-08-23 07:09:00,015 | INFO  | DNAudit | user=null | ip=null | op=WRITE_CHUNK {blockData=conID: 1 locID: 102665036759237109 bcsId: 0} | ret=SUCCESS |  
2019-08-23 07:09:00,015 | INFO  | DNAudit | user=null | ip=null | op=WRITE_CHUNK {blockData=conID: 1 locID: 102665036759237109 bcsId: 0} | ret=SUCCESS |  
2019-08-23 07:09:00,026 | INFO  | DNAudit | user=null | ip=null | op=WRITE_CHUNK {blockData=conID: 1 locID: 102665036759237109 bcsId: 0} | ret=SUCCESS |  
2019-08-23 07:09:00,027 | INFO  | DNAudit | user=null | ip=null | op=PUT_BLOCK {blockData=[blockId=conID: 1 locID: 102665036759237109 bcsId: 0,size=1048576]} | ret=SUCCESS |  
2019-08-23 07:09:00,027 [grpc-default-executor-3] INFO  client.GrpcClientProtocolClient (GrpcClientProtocolClient.java:onNext(255)) - client-D91E5D1E15CE->f2ba01fc-a63e-4348-bd18-030b60a135e7: receive RaftClientReply:client-D91E5D1E15CE->f2ba01fc-a63e-4348-bd18-030b60a135e7@group-C8C62FEF0626, cid=1569, SUCCESS, logIndex=2252, commits[f2ba01fc-a63e-4348-bd18-030b60a135e7:c2253, eab135d4-a257-4705-b491-6c056b8c5df7:c2251, a4f67574-9018-43e7-8a54-351e98dc3d0a:c2251]
2019-08-23 07:09:00,027 | INFO  | DNAudit | user=null | ip=null | op=WRITE_CHUNK {blockData=conID: 1 locID: 102665036759237109 bcsId: 0} | ret=SUCCESS |  
2019-08-23 07:09:00,028 | INFO  | DNAudit | user=null | ip=null | op=PUT_BLOCK {blockData=[blockId=conID: 1 locID: 102665036759237109 bcsId: 0,size=2097152]} | ret=SUCCESS |  
2019-08-23 07:09:00,028 [grpc-default-executor-3] INFO  client.GrpcClientProtocolClient (GrpcClientProtocolClient.java:onNext(255)) - client-D91E5D1E15CE->f2ba01fc-a63e-4348-bd18-030b60a135e7: receive RaftClientReply:client-D91E5D1E15CE->f2ba01fc-a63e-4348-bd18-030b60a135e7@group-C8C62FEF0626, cid=1570, SUCCESS, logIndex=2253, commits[f2ba01fc-a63e-4348-bd18-030b60a135e7:c2255, eab135d4-a257-4705-b491-6c056b8c5df7:c2251, a4f67574-9018-43e7-8a54-351e98dc3d0a:c2251]
2019-08-23 07:09:00,028 [grpc-default-executor-3] INFO  client.GrpcClientProtocolClient (GrpcClientProtocolClient.java:onNext(255)) - client-D91E5D1E15CE->f2ba01fc-a63e-4348-bd18-030b60a135e7: receive RaftClientReply:client-D91E5D1E15CE->f2ba01fc-a63e-4348-bd18-030b60a135e7@group-C8C62FEF0626, cid=1571, SUCCESS, logIndex=2254, commits[f2ba01fc-a63e-4348-bd18-030b60a135e7:c2255, eab135d4-a257-4705-b491-6c056b8c5df7:c2251, a4f67574-9018-43e7-8a54-351e98dc3d0a:c2251]
2019-08-23 07:09:00,028 [grpc-default-executor-3] INFO  client.GrpcClientProtocolClient (GrpcClientProtocolClient.java:onNext(255)) - client-D91E5D1E15CE->f2ba01fc-a63e-4348-bd18-030b60a135e7: receive RaftClientReply:client-D91E5D1E15CE->f2ba01fc-a63e-4348-bd18-030b60a135e7@group-C8C62FEF0626, cid=1572, SUCCESS, logIndex=2255, commits[f2ba01fc-a63e-4348-bd18-030b60a135e7:c2255, eab135d4-a257-4705-b491-6c056b8c5df7:c2251, a4f67574-9018-43e7-8a54-351e98dc3d0a:c2251]
2019-08-23 07:09:00,038 | INFO  | DNAudit | user=null | ip=null | op=WRITE_CHUNK {blockData=conID: 1 locID: 102665036759237109 bcsId: 0} | ret=SUCCESS |  
2019-08-23 07:09:00,038 | INFO  | DNAudit | user=null | ip=null | op=WRITE_CHUNK {blockData=conID: 1 locID: 102665036759237109 bcsId: 0} | ret=SUCCESS |  
2019-08-23 07:09:00,038 | INFO  | DNAudit | user=null | ip=null | op=PUT_BLOCK {blockData=[blockId=conID: 1 locID: 102665036759237109 bcsId: 0,size=1048576]} | ret=SUCCESS |  
2019-08-23 07:09:00,039 | INFO  | DNAudit | user=null | ip=null | op=PUT_BLOCK {blockData=[blockId=conID: 1 locID: 102665036759237109 bcsId: 0,size=1048576]} | ret=SUCCESS |  
2019-08-23 07:09:00,039 | INFO  | DNAudit | user=null | ip=null | op=WRITE_CHUNK {blockData=conID: 1 locID: 102665036759237109 bcsId: 0} | ret=SUCCESS |  
2019-08-23 07:09:00,039 | INFO  | DNAudit | user=null | ip=null | op=PUT_BLOCK {blockData=[blockId=conID: 1 locID: 102665036759237109 bcsId: 0,size=2097152]} | ret=SUCCESS |  
2019-08-23 07:09:00,039 | INFO  | DNAudit | user=null | ip=null | op=WRITE_CHUNK {blockData=conID: 1 locID: 102665036759237109 bcsId: 0} | ret=SUCCESS |  
2019-08-23 07:09:00,040 | INFO  | DNAudit | user=null | ip=null | op=PUT_BLOCK {blockData=[blockId=conID: 1 locID: 102665036759237109 bcsId: 0,size=2097152]} | ret=SUCCESS |  
2019-08-23 07:09:00,040 [grpc-default-executor-0] INFO  client.GrpcClientProtocolClient (GrpcClientProtocolClient.java:onNext(255)) - client-D91E5D1E15CE->f2ba01fc-a63e-4348-bd18-030b60a135e7: receive RaftClientReply:client-D91E5D1E15CE->f2ba01fc-a63e-4348-bd18-030b60a135e7@group-C8C62FEF0626, cid=1573, SUCCESS, logIndex=0, commits[f2ba01fc-a63e-4348-bd18-030b60a135e7:c2257, eab135d4-a257-4705-b491-6c056b8c5df7:c2253, a4f67574-9018-43e7-8a54-351e98dc3d0a:c2253]
2019-08-23 07:09:00,045 | INFO  | DNAudit | user=null | ip=null | op=WRITE_CHUNK {blockData=conID: 1 locID: 102665036759237109 bcsId: 2255} | ret=SUCCESS |  
2019-08-23 07:09:00,046 | INFO  | DNAudit | user=null | ip=null | op=WRITE_CHUNK {blockData=conID: 1 locID: 102665036759237109 bcsId: 2255} | ret=SUCCESS |  
2019-08-23 07:09:00,047 | INFO  | DNAudit | user=null | ip=null | op=WRITE_CHUNK {blockData=conID: 1 locID: 102665036759237109 bcsId: 2255} | ret=SUCCESS |  
2019-08-23 07:09:00,058 | INFO  | DNAudit | user=null | ip=null | op=WRITE_CHUNK {blockData=conID: 1 locID: 102665036759237109 bcsId: 2255} | ret=SUCCESS |  
2019-08-23 07:09:00,058 | INFO  | DNAudit | user=null | ip=null | op=PUT_BLOCK {blockData=[blockId=conID: 1 locID: 102665036759237109 bcsId: 0,size=3145728]} | ret=SUCCESS |  
2019-08-23 07:09:00,058 [grpc-default-executor-2] INFO  client.GrpcClientProtocolClient (GrpcClientProtocolClient.java:onNext(255)) - client-D91E5D1E15CE->f2ba01fc-a63e-4348-bd18-030b60a135e7: receive RaftClientReply:client-D91E5D1E15CE->f2ba01fc-a63e-4348-bd18-030b60a135e7@group-C8C62FEF0626, cid=1574, SUCCESS, logIndex=2260, commits[f2ba01fc-a63e-4348-bd18-030b60a135e7:c2261, eab135d4-a257-4705-b491-6c056b8c5df7:c2259, a4f67574-9018-43e7-8a54-351e98dc3d0a:c2259]
2019-08-23 07:09:00,058 [grpc-default-executor-2] INFO  client.GrpcClientProtocolClient (GrpcClientProtocolClient.java:onNext(255)) - client-D91E5D1E15CE->f2ba01fc-a63e-4348-bd18-030b60a135e7: receive RaftClientReply:client-D91E5D1E15CE->f2ba01fc-a63e-4348-bd18-030b60a135e7@group-C8C62FEF0626, cid=1575, SUCCESS, logIndex=2261, commits[f2ba01fc-a63e-4348-bd18-030b60a135e7:c2261, eab135d4-a257-4705-b491-6c056b8c5df7:c2259, a4f67574-9018-43e7-8a54-351e98dc3d0a:c2259]
2019-08-23 07:09:00,063 | INFO  | DNAudit | user=null | ip=null | op=WRITE_CHUNK {blockData=conID: 1 locID: 102665036759237109 bcsId: 2261} | ret=SUCCESS |  
2019-08-23 07:09:00,065 | INFO  | DNAudit | user=null | ip=null | op=WRITE_CHUNK {blockData=conID: 1 locID: 102665036759237109 bcsId: 2261} | ret=SUCCESS |  
2019-08-23 07:09:00,065 | INFO  | DNAudit | user=null | ip=null | op=WRITE_CHUNK {blockData=conID: 1 locID: 102665036759237109 bcsId: 2261} | ret=SUCCESS |  
2019-08-23 07:09:00,069 | INFO  | DNAudit | user=null | ip=null | op=WRITE_CHUNK {blockData=conID: 1 locID: 102665036759237109 bcsId: 2255} | ret=SUCCESS |  
2019-08-23 07:09:00,069 | INFO  | DNAudit | user=null | ip=null | op=WRITE_CHUNK {blockData=conID: 1 locID: 102665036759237109 bcsId: 2255} | ret=SUCCESS |  
2019-08-23 07:09:00,070 | INFO  | DNAudit | user=null | ip=null | op=PUT_BLOCK {blockData=[blockId=conID: 1 locID: 102665036759237109 bcsId: 0,size=3145728]} | ret=SUCCESS |  
2019-08-23 07:09:00,070 | INFO  | DNAudit | user=null | ip=null | op=PUT_BLOCK {blockData=[blockId=conID: 1 locID: 102665036759237109 bcsId: 0,size=3145728]} | ret=SUCCESS |  
2019-08-23 07:09:00,071 | INFO  | DNAudit | user=null | ip=null | op=WRITE_CHUNK {blockData=conID: 1 locID: 102665036759237109 bcsId: 2261} | ret=SUCCESS |  
2019-08-23 07:09:00,071 | INFO  | DNAudit | user=null | ip=null | op=PUT_BLOCK {blockData=[blockId=conID: 1 locID: 102665036759237109 bcsId: 0,size=4194304]} | ret=SUCCESS |  
2019-08-23 07:09:00,071 [grpc-default-executor-2] INFO  client.GrpcClientProtocolClient (GrpcClientProtocolClient.java:onNext(255)) - client-D91E5D1E15CE->f2ba01fc-a63e-4348-bd18-030b60a135e7: receive RaftClientReply:client-D91E5D1E15CE->f2ba01fc-a63e-4348-bd18-030b60a135e7@group-C8C62FEF0626, cid=1576, SUCCESS, logIndex=2264, commits[f2ba01fc-a63e-4348-bd18-030b60a135e7:c2265, eab135d4-a257-4705-b491-6c056b8c5df7:c2261, a4f67574-9018-43e7-8a54-351e98dc3d0a:c2261]
2019-08-23 07:09:00,072 [grpc-default-executor-2] INFO  client.GrpcClientProtocolClient (GrpcClientProtocolClient.java:onNext(255)) - client-D91E5D1E15CE->f2ba01fc-a63e-4348-bd18-030b60a135e7: receive RaftClientReply:client-D91E5D1E15CE->f2ba01fc-a63e-4348-bd18-030b60a135e7@group-C8C62FEF0626, cid=1577, SUCCESS, logIndex=2265, commits[f2ba01fc-a63e-4348-bd18-030b60a135e7:c2265, eab135d4-a257-4705-b491-6c056b8c5df7:c2261, a4f67574-9018-43e7-8a54-351e98dc3d0a:c2261]
2019-08-23 07:09:00,082 | INFO  | DNAudit | user=null | ip=null | op=WRITE_CHUNK {blockData=conID: 1 locID: 102665036759237109 bcsId: 2261} | ret=SUCCESS |  
2019-08-23 07:09:00,082 | INFO  | DNAudit | user=null | ip=null | op=WRITE_CHUNK {blockData=conID: 1 locID: 102665036759237109 bcsId: 2261} | ret=SUCCESS |  
2019-08-23 07:09:00,084 | INFO  | DNAudit | user=null | ip=null | op=PUT_BLOCK {blockData=[blockId=conID: 1 locID: 102665036759237109 bcsId: 0,size=4194304]} | ret=SUCCESS |  
2019-08-23 07:09:00,084 | INFO  | DNAudit | user=null | ip=null | op=PUT_BLOCK {blockData=[blockId=conID: 1 locID: 102665036759237109 bcsId: 0,size=4194304]} | ret=SUCCESS |  
2019-08-23 07:09:00,084 [grpc-default-executor-3] INFO  client.GrpcClientProtocolClient (GrpcClientProtocolClient.java:onNext(255)) - client-D91E5D1E15CE->f2ba01fc-a63e-4348-bd18-030b60a135e7: receive RaftClientReply:client-D91E5D1E15CE->f2ba01fc-a63e-4348-bd18-030b60a135e7@group-C8C62FEF0626, cid=1578, SUCCESS, logIndex=0, commits[f2ba01fc-a63e-4348-bd18-030b60a135e7:c2267, eab135d4-a257-4705-b491-6c056b8c5df7:c2265, a4f67574-9018-43e7-8a54-351e98dc3d0a:c2265]
2019-08-23 07:09:00,089 | INFO  | SCMAudit | user=jenkins1000 | ip=192.168.5.178 | op=ALLOCATE_BLOCK {owner=aaf04d22-10dd-4717-8862-c651bdde72cf, size=4194304, type=RATIS, factor=THREE} | ret=SUCCESS |  
2019-08-23 07:09:00,092 | INFO  | OMAudit | user=jenkins1000 | ip=127.0.0.1 | op=ALLOCATE_BLOCK {volume=vol-0-67663, bucket=bucket-0-68950, key=key-0-26970, dataSize=0, replicationType=null, replicationFactor=null, keyLocationInfo=null, clientID=102665036030476690} | ret=SUCCESS |  
2019-08-23 07:09:00,097 | INFO  | DNAudit | user=null | ip=null | op=WRITE_CHUNK {blockData=conID: 2 locID: 102665036764873206 bcsId: 0} | ret=SUCCESS |  
2019-08-23 07:09:00,099 | INFO  | DNAudit | user=null | ip=null | op=WRITE_CHUNK {blockData=conID: 2 locID: 102665036764873206 bcsId: 0} | ret=SUCCESS |  
2019-08-23 07:09:00,099 | INFO  | DNAudit | user=null | ip=null | op=WRITE_CHUNK {blockData=conID: 2 locID: 102665036764873206 bcsId: 0} | ret=SUCCESS |  
2019-08-23 07:09:00,100 | INFO  | DNAudit | user=null | ip=null | op=WRITE_CHUNK {blockData=conID: 2 locID: 102665036764873206 bcsId: 0} | ret=SUCCESS |  
2019-08-23 07:09:00,101 | INFO  | DNAudit | user=null | ip=null | op=WRITE_CHUNK {blockData=conID: 2 locID: 102665036764873206 bcsId: 0} | ret=SUCCESS |  
2019-08-23 07:09:00,102 | INFO  | DNAudit | user=null | ip=null | op=WRITE_CHUNK {blockData=conID: 2 locID: 102665036764873206 bcsId: 0} | ret=SUCCESS |  
2019-08-23 07:09:00,110 | INFO  | DNAudit | user=null | ip=null | op=WRITE_CHUNK {blockData=conID: 2 locID: 102665036764873206 bcsId: 0} | ret=SUCCESS |  
2019-08-23 07:09:00,110 | INFO  | DNAudit | user=null | ip=null | op=PUT_BLOCK {blockData=[blockId=conID: 2 locID: 102665036764873206 bcsId: 0,size=1048576]} | ret=SUCCESS |  
2019-08-23 07:09:00,111 [grpc-default-executor-0] INFO  client.GrpcClientProtocolClient (GrpcClientProtocolClient.java:onNext(255)) - client-D91E5D1E15CE->f2ba01fc-a63e-4348-bd18-030b60a135e7: receive RaftClientReply:client-D91E5D1E15CE->f2ba01fc-a63e-4348-bd18-030b60a135e7@group-C8C62FEF0626, cid=1579, SUCCESS, logIndex=2268, commits[f2ba01fc-a63e-4348-bd18-030b60a135e7:c2269, eab135d4-a257-4705-b491-6c056b8c5df7:c2267, a4f67574-9018-43e7-8a54-351e98dc3d0a:c2267]
2019-08-23 07:09:00,111 | INFO  | DNAudit | user=null | ip=null | op=WRITE_CHUNK {blockData=conID: 2 locID: 102665036764873206 bcsId: 0} | ret=SUCCESS |  
2019-08-23 07:09:00,111 [grpc-default-executor-0] INFO  client.GrpcClientProtocolClient (GrpcClientProtocolClient.java:onNext(255)) - client-D91E5D1E15CE->f2ba01fc-a63e-4348-bd18-030b60a135e7: receive RaftClientReply:client-D91E5D1E15CE->f2ba01fc-a63e-4348-bd18-030b60a135e7@group-C8C62FEF0626, cid=1580, SUCCESS, logIndex=2269, commits[f2ba01fc-a63e-4348-bd18-030b60a135e7:c2269, eab135d4-a257-4705-b491-6c056b8c5df7:c2267, a4f67574-9018-43e7-8a54-351e98dc3d0a:c2267]
2019-08-23 07:09:00,111 | INFO  | DNAudit | user=null | ip=null | op=PUT_BLOCK {blockData=[blockId=conID: 2 locID: 102665036764873206 bcsId: 0,size=2097152]} | ret=SUCCESS |  
2019-08-23 07:09:00,111 [grpc-default-executor-0] INFO  client.GrpcClientProtocolClient (GrpcClientProtocolClient.java:onNext(255)) - client-D91E5D1E15CE->f2ba01fc-a63e-4348-bd18-030b60a135e7: receive RaftClientReply:client-D91E5D1E15CE->f2ba01fc-a63e-4348-bd18-030b60a135e7@group-C8C62FEF0626, cid=1581, SUCCESS, logIndex=2270, commits[f2ba01fc-a63e-4348-bd18-030b60a135e7:c2271, eab135d4-a257-4705-b491-6c056b8c5df7:c2267, a4f67574-9018-43e7-8a54-351e98dc3d0a:c2267]
2019-08-23 07:09:00,112 [grpc-default-executor-0] INFO  client.GrpcClientProtocolClient (GrpcClientProtocolClient.java:onNext(255)) - client-D91E5D1E15CE->f2ba01fc-a63e-4348-bd18-030b60a135e7: receive RaftClientReply:client-D91E5D1E15CE->f2ba01fc-a63e-4348-bd18-030b60a135e7@group-C8C62FEF0626, cid=1582, SUCCESS, logIndex=2271, commits[f2ba01fc-a63e-4348-bd18-030b60a135e7:c2271, eab135d4-a257-4705-b491-6c056b8c5df7:c2267, a4f67574-9018-43e7-8a54-351e98dc3d0a:c2267]
2019-08-23 07:09:00,112 | INFO  | DNAudit | user=null | ip=null | op=WRITE_CHUNK {blockData=conID: 2 locID: 102665036764873206 bcsId: 0} | ret=SUCCESS |  
2019-08-23 07:09:00,112 | INFO  | DNAudit | user=null | ip=null | op=PUT_BLOCK {blockData=[blockId=conID: 2 locID: 102665036764873206 bcsId: 0,size=1048576]} | ret=SUCCESS |  
2019-08-23 07:09:00,112 | INFO  | DNAudit | user=null | ip=null | op=WRITE_CHUNK {blockData=conID: 2 locID: 102665036764873206 bcsId: 0} | ret=SUCCESS |  
2019-08-23 07:09:00,112 | INFO  | DNAudit | user=null | ip=null | op=PUT_BLOCK {blockData=[blockId=conID: 2 locID: 102665036764873206 bcsId: 0,size=1048576]} | ret=SUCCESS |  
2019-08-23 07:09:00,113 | INFO  | DNAudit | user=null | ip=null | op=WRITE_CHUNK {blockData=conID: 2 locID: 102665036764873206 bcsId: 0} | ret=SUCCESS |  
2019-08-23 07:09:00,113 [grpc-default-executor-4] INFO  client.GrpcClientProtocolClient (GrpcClientProtocolClient.java:onNext(255)) - client-D91E5D1E15CE->f2ba01fc-a63e-4348-bd18-030b60a135e7: receive RaftClientReply:client-D91E5D1E15CE->f2ba01fc-a63e-4348-bd18-030b60a135e7@group-C8C62FEF0626, cid=1583, SUCCESS, logIndex=0, commits[f2ba01fc-a63e-4348-bd18-030b60a135e7:c2273, eab135d4-a257-4705-b491-6c056b8c5df7:c2269, a4f67574-9018-43e7-8a54-351e98dc3d0a:c2269]
2019-08-23 07:09:00,113 | INFO  | DNAudit | user=null | ip=null | op=WRITE_CHUNK {blockData=conID: 2 locID: 102665036764873206 bcsId: 0} | ret=SUCCESS |  
2019-08-23 07:09:00,113 | INFO  | DNAudit | user=null | ip=null | op=PUT_BLOCK {blockData=[blockId=conID: 2 locID: 102665036764873206 bcsId: 0,size=2097152]} | ret=SUCCESS |  
2019-08-23 07:09:00,113 | INFO  | DNAudit | user=null | ip=null | op=PUT_BLOCK {blockData=[blockId=conID: 2 locID: 102665036764873206 bcsId: 0,size=2097152]} | ret=SUCCESS |  
2019-08-23 07:09:00,119 | INFO  | DNAudit | user=null | ip=null | op=WRITE_CHUNK {blockData=conID: 2 locID: 102665036764873206 bcsId: 2271} | ret=SUCCESS |  
2019-08-23 07:09:00,121 | INFO  | DNAudit | user=null | ip=null | op=WRITE_CHUNK {blockData=conID: 2 locID: 102665036764873206 bcsId: 2271} | ret=SUCCESS |  
2019-08-23 07:09:00,121 | INFO  | DNAudit | user=null | ip=null | op=WRITE_CHUNK {blockData=conID: 2 locID: 102665036764873206 bcsId: 2271} | ret=SUCCESS |  
2019-08-23 07:09:00,122 | INFO  | DNAudit | user=null | ip=null | op=WRITE_CHUNK {blockData=conID: 2 locID: 102665036764873206 bcsId: 2271} | ret=SUCCESS |  
2019-08-23 07:09:00,123 | INFO  | DNAudit | user=null | ip=null | op=PUT_BLOCK {blockData=[blockId=conID: 2 locID: 102665036764873206 bcsId: 0,size=3145728]} | ret=SUCCESS |  
2019-08-23 07:09:00,123 [grpc-default-executor-4] INFO  client.GrpcClientProtocolClient (GrpcClientProtocolClient.java:onNext(255)) - client-D91E5D1E15CE->f2ba01fc-a63e-4348-bd18-030b60a135e7: receive RaftClientReply:client-D91E5D1E15CE->f2ba01fc-a63e-4348-bd18-030b60a135e7@group-C8C62FEF0626, cid=1584, SUCCESS, logIndex=2276, commits[f2ba01fc-a63e-4348-bd18-030b60a135e7:c2277, eab135d4-a257-4705-b491-6c056b8c5df7:c2271, a4f67574-9018-43e7-8a54-351e98dc3d0a:c2275]
2019-08-23 07:09:00,123 [grpc-default-executor-4] INFO  client.GrpcClientProtocolClient (GrpcClientProtocolClient.java:onNext(255)) - client-D91E5D1E15CE->f2ba01fc-a63e-4348-bd18-030b60a135e7: receive RaftClientReply:client-D91E5D1E15CE->f2ba01fc-a63e-4348-bd18-030b60a135e7@group-C8C62FEF0626, cid=1585, SUCCESS, logIndex=2277, commits[f2ba01fc-a63e-4348-bd18-030b60a135e7:c2277, eab135d4-a257-4705-b491-6c056b8c5df7:c2275, a4f67574-9018-43e7-8a54-351e98dc3d0a:c2275]
2019-08-23 07:09:00,124 | INFO  | DNAudit | user=null | ip=null | op=WRITE_CHUNK {blockData=conID: 2 locID: 102665036764873206 bcsId: 2271} | ret=SUCCESS |  
2019-08-23 07:09:00,124 | INFO  | DNAudit | user=null | ip=null | op=PUT_BLOCK {blockData=[blockId=conID: 2 locID: 102665036764873206 bcsId: 0,size=3145728]} | ret=SUCCESS |  
2019-08-23 07:09:00,124 | INFO  | DNAudit | user=null | ip=null | op=WRITE_CHUNK {blockData=conID: 2 locID: 102665036764873206 bcsId: 2271} | ret=SUCCESS |  
2019-08-23 07:09:00,124 | INFO  | DNAudit | user=null | ip=null | op=PUT_BLOCK {blockData=[blockId=conID: 2 locID: 102665036764873206 bcsId: 0,size=3145728]} | ret=SUCCESS |  
2019-08-23 07:09:00,129 | INFO  | DNAudit | user=null | ip=null | op=WRITE_CHUNK {blockData=conID: 2 locID: 102665036764873206 bcsId: 2277} | ret=SUCCESS |  
2019-08-23 07:09:00,131 | INFO  | DNAudit | user=null | ip=null | op=WRITE_CHUNK {blockData=conID: 2 locID: 102665036764873206 bcsId: 2277} | ret=SUCCESS |  
2019-08-23 07:09:00,131 | INFO  | DNAudit | user=null | ip=null | op=WRITE_CHUNK {blockData=conID: 2 locID: 102665036764873206 bcsId: 2277} | ret=SUCCESS |  
2019-08-23 07:09:00,133 | INFO  | DNAudit | user=null | ip=null | op=WRITE_CHUNK {blockData=conID: 2 locID: 102665036764873206 bcsId: 2277} | ret=SUCCESS |  
2019-08-23 07:09:00,134 | INFO  | DNAudit | user=null | ip=null | op=PUT_BLOCK {blockData=[blockId=conID: 2 locID: 102665036764873206 bcsId: 0,size=4194304]} | ret=SUCCESS |  
2019-08-23 07:09:00,134 [grpc-default-executor-2] INFO  client.GrpcClientProtocolClient (GrpcClientProtocolClient.java:onNext(255)) - client-D91E5D1E15CE->f2ba01fc-a63e-4348-bd18-030b60a135e7: receive RaftClientReply:client-D91E5D1E15CE->f2ba01fc-a63e-4348-bd18-030b60a135e7@group-C8C62FEF0626, cid=1586, SUCCESS, logIndex=2280, commits[f2ba01fc-a63e-4348-bd18-030b60a135e7:c2281, eab135d4-a257-4705-b491-6c056b8c5df7:c2279, a4f67574-9018-43e7-8a54-351e98dc3d0a:c2277]
2019-08-23 07:09:00,134 [grpc-default-executor-2] INFO  client.GrpcClientProtocolClient (GrpcClientProtocolClient.java:onNext(255)) - client-D91E5D1E15CE->f2ba01fc-a63e-4348-bd18-030b60a135e7: receive RaftClientReply:client-D91E5D1E15CE->f2ba01fc-a63e-4348-bd18-030b60a135e7@group-C8C62FEF0626, cid=1587, SUCCESS, logIndex=2281, commits[f2ba01fc-a63e-4348-bd18-030b60a135e7:c2281, eab135d4-a257-4705-b491-6c056b8c5df7:c2279, a4f67574-9018-43e7-8a54-351e98dc3d0a:c2279]
2019-08-23 07:09:00,135 | INFO  | DNAudit | user=null | ip=null | op=WRITE_CHUNK {blockData=conID: 2 locID: 102665036764873206 bcsId: 2277} | ret=SUCCESS |  
2019-08-23 07:09:00,135 | INFO  | DNAudit | user=null | ip=null | op=WRITE_CHUNK {blockData=conID: 2 locID: 102665036764873206 bcsId: 2277} | ret=SUCCESS |  
2019-08-23 07:09:00,135 | INFO  | DNAudit | user=null | ip=null | op=PUT_BLOCK {blockData=[blockId=conID: 2 locID: 102665036764873206 bcsId: 0,size=4194304]} | ret=SUCCESS |  
2019-08-23 07:09:00,136 | INFO  | DNAudit | user=null | ip=null | op=PUT_BLOCK {blockData=[blockId=conID: 2 locID: 102665036764873206 bcsId: 0,size=4194304]} | ret=SUCCESS |  
2019-08-23 07:09:00,137 [grpc-default-executor-2] INFO  client.GrpcClientProtocolClient (GrpcClientProtocolClient.java:onNext(255)) - client-D91E5D1E15CE->f2ba01fc-a63e-4348-bd18-030b60a135e7: receive RaftClientReply:client-D91E5D1E15CE->f2ba01fc-a63e-4348-bd18-030b60a135e7@group-C8C62FEF0626, cid=1588, SUCCESS, logIndex=0, commits[f2ba01fc-a63e-4348-bd18-030b60a135e7:c2283, eab135d4-a257-4705-b491-6c056b8c5df7:c2281, a4f67574-9018-43e7-8a54-351e98dc3d0a:c2281]
2019-08-23 07:09:00,141 | INFO  | SCMAudit | user=jenkins1000 | ip=192.168.5.178 | op=ALLOCATE_BLOCK {owner=aaf04d22-10dd-4717-8862-c651bdde72cf, size=4194304, type=RATIS, factor=THREE} | ret=SUCCESS |  
2019-08-23 07:09:00,144 | INFO  | OMAudit | user=jenkins1000 | ip=127.0.0.1 | op=ALLOCATE_BLOCK {volume=vol-0-67663, bucket=bucket-0-68950, key=key-0-26970, dataSize=0, replicationType=null, replicationFactor=null, keyLocationInfo=null, clientID=102665036030476690} | ret=SUCCESS |  
2019-08-23 07:09:00,145 | INFO  | SCMAudit | user=jenkins1000 | ip=192.168.5.178 | op=SEND_HEARTBEAT {datanodeUUID=b7d3ecaa-ab76-49a0-b691-40b7e1ed625a, command=[]} | ret=SUCCESS |  
2019-08-23 07:09:00,150 | INFO  | DNAudit | user=null | ip=null | op=WRITE_CHUNK {blockData=conID: 3 locID: 102665036768281079 bcsId: 0} | ret=SUCCESS |  
2019-08-23 07:09:00,152 | INFO  | DNAudit | user=null | ip=null | op=WRITE_CHUNK {blockData=conID: 3 locID: 102665036768281079 bcsId: 0} | ret=SUCCESS |  
2019-08-23 07:09:00,152 | INFO  | DNAudit | user=null | ip=null | op=WRITE_CHUNK {blockData=conID: 3 locID: 102665036768281079 bcsId: 0} | ret=SUCCESS |  
2019-08-23 07:09:00,153 | INFO  | DNAudit | user=null | ip=null | op=WRITE_CHUNK {blockData=conID: 3 locID: 102665036768281079 bcsId: 0} | ret=SUCCESS |  
2019-08-23 07:09:00,153 | INFO  | DNAudit | user=null | ip=null | op=WRITE_CHUNK {blockData=conID: 3 locID: 102665036768281079 bcsId: 0} | ret=SUCCESS |  
2019-08-23 07:09:00,154 | INFO  | DNAudit | user=null | ip=null | op=PUT_BLOCK {blockData=[blockId=conID: 3 locID: 102665036768281079 bcsId: 0,size=1048576]} | ret=SUCCESS |  
2019-08-23 07:09:00,154 [grpc-default-executor-3] INFO  client.GrpcClientProtocolClient (GrpcClientProtocolClient.java:onNext(255)) - client-D91E5D1E15CE->f2ba01fc-a63e-4348-bd18-030b60a135e7: receive RaftClientReply:client-D91E5D1E15CE->f2ba01fc-a63e-4348-bd18-030b60a135e7@group-C8C62FEF0626, cid=1589, SUCCESS, logIndex=2284, commits[f2ba01fc-a63e-4348-bd18-030b60a135e7:c2285, eab135d4-a257-4705-b491-6c056b8c5df7:c2283, a4f67574-9018-43e7-8a54-351e98dc3d0a:c2281]
2019-08-23 07:09:00,154 [grpc-default-executor-3] INFO  client.GrpcClientProtocolClient (GrpcClientProtocolClient.java:onNext(255)) - client-D91E5D1E15CE->f2ba01fc-a63e-4348-bd18-030b60a135e7: receive RaftClientReply:client-D91E5D1E15CE->f2ba01fc-a63e-4348-bd18-030b60a135e7@group-C8C62FEF0626, cid=1590, SUCCESS, logIndex=2285, commits[f2ba01fc-a63e-4348-bd18-030b60a135e7:c2285, eab135d4-a257-4705-b491-6c056b8c5df7:c2283, a4f67574-9018-43e7-8a54-351e98dc3d0a:c2283]
2019-08-23 07:09:00,155 | INFO  | DNAudit | user=null | ip=null | op=WRITE_CHUNK {blockData=conID: 3 locID: 102665036768281079 bcsId: 0} | ret=SUCCESS |  
2019-08-23 07:09:00,155 | INFO  | DNAudit | user=null | ip=null | op=WRITE_CHUNK {blockData=conID: 3 locID: 102665036768281079 bcsId: 0} | ret=SUCCESS |  
2019-08-23 07:09:00,156 | INFO  | DNAudit | user=null | ip=null | op=WRITE_CHUNK {blockData=conID: 3 locID: 102665036768281079 bcsId: 0} | ret=SUCCESS |  
2019-08-23 07:09:00,156 | INFO  | DNAudit | user=null | ip=null | op=WRITE_CHUNK {blockData=conID: 3 locID: 102665036768281079 bcsId: 0} | ret=SUCCESS |  
2019-08-23 07:09:00,156 | INFO  | DNAudit | user=null | ip=null | op=PUT_BLOCK {blockData=[blockId=conID: 3 locID: 102665036768281079 bcsId: 0,size=1048576]} | ret=SUCCESS |  
2019-08-23 07:09:00,157 | INFO  | DNAudit | user=null | ip=null | op=PUT_BLOCK {blockData=[blockId=conID: 3 locID: 102665036768281079 bcsId: 0,size=2097152]} | ret=SUCCESS |  
2019-08-23 07:09:00,157 [grpc-default-executor-2] INFO  client.GrpcClientProtocolClient (GrpcClientProtocolClient.java:onNext(255)) - client-D91E5D1E15CE->f2ba01fc-a63e-4348-bd18-030b60a135e7: receive RaftClientReply:client-D91E5D1E15CE->f2ba01fc-a63e-4348-bd18-030b60a135e7@group-C8C62FEF0626, cid=1591, SUCCESS, logIndex=2286, commits[f2ba01fc-a63e-4348-bd18-030b60a135e7:c2288, eab135d4-a257-4705-b491-6c056b8c5df7:c2284, a4f67574-9018-43e7-8a54-351e98dc3d0a:c2283]
2019-08-23 07:09:00,157 | INFO  | DNAudit | user=null | ip=null | op=WRITE_CHUNK {blockData=conID: 3 locID: 102665036768281079 bcsId: 0} | ret=SUCCESS |  
2019-08-23 07:09:00,157 | INFO  | DNAudit | user=null | ip=null | op=PUT_BLOCK {blockData=[blockId=conID: 3 locID: 102665036768281079 bcsId: 0,size=1048576]} | ret=SUCCESS |  
2019-08-23 07:09:00,157 [grpc-default-executor-3] INFO  client.GrpcClientProtocolClient (GrpcClientProtocolClient.java:onNext(255)) - client-D91E5D1E15CE->f2ba01fc-a63e-4348-bd18-030b60a135e7: receive RaftClientReply:client-D91E5D1E15CE->f2ba01fc-a63e-4348-bd18-030b60a135e7@group-C8C62FEF0626, cid=1592, SUCCESS, logIndex=2287, commits[f2ba01fc-a63e-4348-bd18-030b60a135e7:c2289, eab135d4-a257-4705-b491-6c056b8c5df7:c2285, a4f67574-9018-43e7-8a54-351e98dc3d0a:c2283]
2019-08-23 07:09:00,158 | INFO  | DNAudit | user=null | ip=null | op=WRITE_CHUNK {blockData=conID: 3 locID: 102665036768281079 bcsId: 0} | ret=SUCCESS |  
2019-08-23 07:09:00,158 [grpc-default-executor-3] INFO  client.GrpcClientProtocolClient (GrpcClientProtocolClient.java:onNext(255)) - client-D91E5D1E15CE->f2ba01fc-a63e-4348-bd18-030b60a135e7: receive RaftClientReply:client-D91E5D1E15CE->f2ba01fc-a63e-4348-bd18-030b60a135e7@group-C8C62FEF0626, cid=1593, SUCCESS, logIndex=0, commits[f2ba01fc-a63e-4348-bd18-030b60a135e7:c2289, eab135d4-a257-4705-b491-6c056b8c5df7:c2285, a4f67574-9018-43e7-8a54-351e98dc3d0a:c2285]
2019-08-23 07:09:00,159 | INFO  | DNAudit | user=null | ip=null | op=WRITE_CHUNK {blockData=conID: 3 locID: 102665036768281079 bcsId: 0} | ret=SUCCESS |  
2019-08-23 07:09:00,159 | INFO  | DNAudit | user=null | ip=null | op=PUT_BLOCK {blockData=[blockId=conID: 3 locID: 102665036768281079 bcsId: 0,size=2097152]} | ret=SUCCESS |  
2019-08-23 07:09:00,160 | INFO  | DNAudit | user=null | ip=null | op=PUT_BLOCK {blockData=[blockId=conID: 3 locID: 102665036768281079 bcsId: 0,size=2097152]} | ret=SUCCESS |  
2019-08-23 07:09:00,163 | INFO  | DNAudit | user=null | ip=null | op=WRITE_CHUNK {blockData=conID: 3 locID: 102665036768281079 bcsId: 2287} | ret=SUCCESS |  
2019-08-23 07:09:00,165 | INFO  | DNAudit | user=null | ip=null | op=WRITE_CHUNK {blockData=conID: 3 locID: 102665036768281079 bcsId: 2287} | ret=SUCCESS |  
2019-08-23 07:09:00,165 | INFO  | DNAudit | user=null | ip=null | op=WRITE_CHUNK {blockData=conID: 3 locID: 102665036768281079 bcsId: 2287} | ret=SUCCESS |  
2019-08-23 07:09:00,175 | INFO  | DNAudit | user=null | ip=null | op=WRITE_CHUNK {blockData=conID: 3 locID: 102665036768281079 bcsId: 2287} | ret=SUCCESS |  
2019-08-23 07:09:00,175 | INFO  | DNAudit | user=null | ip=null | op=PUT_BLOCK {blockData=[blockId=conID: 3 locID: 102665036768281079 bcsId: 0,size=3145728]} | ret=SUCCESS |  
2019-08-23 07:09:00,175 [grpc-default-executor-4] INFO  client.GrpcClientProtocolClient (GrpcClientProtocolClient.java:onNext(255)) - client-D91E5D1E15CE->f2ba01fc-a63e-4348-bd18-030b60a135e7: receive RaftClientReply:client-D91E5D1E15CE->f2ba01fc-a63e-4348-bd18-030b60a135e7@group-C8C62FEF0626, cid=1594, SUCCESS, logIndex=2292, commits[f2ba01fc-a63e-4348-bd18-030b60a135e7:c2293, eab135d4-a257-4705-b491-6c056b8c5df7:c2291, a4f67574-9018-43e7-8a54-351e98dc3d0a:c2291]
2019-08-23 07:09:00,175 [grpc-default-executor-4] INFO  client.GrpcClientProtocolClient (GrpcClientProtocolClient.java:onNext(255)) - client-D91E5D1E15CE->f2ba01fc-a63e-4348-bd18-030b60a135e7: receive RaftClientReply:client-D91E5D1E15CE->f2ba01fc-a63e-4348-bd18-030b60a135e7@group-C8C62FEF0626, cid=1595, SUCCESS, logIndex=2293, commits[f2ba01fc-a63e-4348-bd18-030b60a135e7:c2293, eab135d4-a257-4705-b491-6c056b8c5df7:c2291, a4f67574-9018-43e7-8a54-351e98dc3d0a:c2291]
2019-08-23 07:09:00,181 | INFO  | DNAudit | user=null | ip=null | op=WRITE_CHUNK {blockData=conID: 3 locID: 102665036768281079 bcsId: 2293} | ret=SUCCESS |  
2019-08-23 07:09:00,183 | INFO  | DNAudit | user=null | ip=null | op=WRITE_CHUNK {blockData=conID: 3 locID: 102665036768281079 bcsId: 2293} | ret=SUCCESS |  
2019-08-23 07:09:00,183 | INFO  | DNAudit | user=null | ip=null | op=WRITE_CHUNK {blockData=conID: 3 locID: 102665036768281079 bcsId: 2293} | ret=SUCCESS |  
2019-08-23 07:09:00,196 | INFO  | DNAudit | user=null | ip=null | op=WRITE_CHUNK {blockData=conID: 3 locID: 102665036768281079 bcsId: 2287} | ret=SUCCESS |  
2019-08-23 07:09:00,196 | INFO  | DNAudit | user=null | ip=null | op=WRITE_CHUNK {blockData=conID: 3 locID: 102665036768281079 bcsId: 2287} | ret=SUCCESS |  
2019-08-23 07:09:00,198 | INFO  | DNAudit | user=null | ip=null | op=PUT_BLOCK {blockData=[blockId=conID: 3 locID: 102665036768281079 bcsId: 0,size=3145728]} | ret=SUCCESS |  
2019-08-23 07:09:00,198 | INFO  | DNAudit | user=null | ip=null | op=PUT_BLOCK {blockData=[blockId=conID: 3 locID: 102665036768281079 bcsId: 0,size=3145728]} | ret=SUCCESS |  
2019-08-23 07:09:00,201 | INFO  | DNAudit | user=null | ip=null | op=WRITE_CHUNK {blockData=conID: 3 locID: 102665036768281079 bcsId: 2293} | ret=SUCCESS |  
2019-08-23 07:09:00,201 | INFO  | DNAudit | user=null | ip=null | op=PUT_BLOCK {blockData=[blockId=conID: 3 locID: 102665036768281079 bcsId: 0,size=4194304]} | ret=SUCCESS |  
2019-08-23 07:09:00,202 [grpc-default-executor-0] INFO  client.GrpcClientProtocolClient (GrpcClientProtocolClient.java:onNext(255)) - client-D91E5D1E15CE->f2ba01fc-a63e-4348-bd18-030b60a135e7: receive RaftClientReply:client-D91E5D1E15CE->f2ba01fc-a63e-4348-bd18-030b60a135e7@group-C8C62FEF0626, cid=1596, SUCCESS, logIndex=2296, commits[f2ba01fc-a63e-4348-bd18-030b60a135e7:c2297, eab135d4-a257-4705-b491-6c056b8c5df7:c2293, a4f67574-9018-43e7-8a54-351e98dc3d0a:c2293]
2019-08-23 07:09:00,202 [grpc-default-executor-0] INFO  client.GrpcClientProtocolClient (GrpcClientProtocolClient.java:onNext(255)) - client-D91E5D1E15CE->f2ba01fc-a63e-4348-bd18-030b60a135e7: receive RaftClientReply:client-D91E5D1E15CE->f2ba01fc-a63e-4348-bd18-030b60a135e7@group-C8C62FEF0626, cid=1597, SUCCESS, logIndex=2297, commits[f2ba01fc-a63e-4348-bd18-030b60a135e7:c2297, eab135d4-a257-4705-b491-6c056b8c5df7:c2293, a4f67574-9018-43e7-8a54-351e98dc3d0a:c2293]
2019-08-23 07:09:00,208 | INFO  | DNAudit | user=null | ip=null | op=WRITE_CHUNK {blockData=conID: 3 locID: 102665036768281079 bcsId: 2293} | ret=SUCCESS |  
2019-08-23 07:09:00,208 | INFO  | DNAudit | user=null | ip=null | op=WRITE_CHUNK {blockData=conID: 3 locID: 102665036768281079 bcsId: 2293} | ret=SUCCESS |  
2019-08-23 07:09:00,209 | INFO  | DNAudit | user=null | ip=null | op=PUT_BLOCK {blockData=[blockId=conID: 3 locID: 102665036768281079 bcsId: 0,size=4194304]} | ret=SUCCESS |  
2019-08-23 07:09:00,209 | INFO  | DNAudit | user=null | ip=null | op=PUT_BLOCK {blockData=[blockId=conID: 3 locID: 102665036768281079 bcsId: 0,size=4194304]} | ret=SUCCESS |  
2019-08-23 07:09:00,209 [grpc-default-executor-0] INFO  client.GrpcClientProtocolClient (GrpcClientProtocolClient.java:onNext(255)) - client-D91E5D1E15CE->f2ba01fc-a63e-4348-bd18-030b60a135e7: receive RaftClientReply:client-D91E5D1E15CE->f2ba01fc-a63e-4348-bd18-030b60a135e7@group-C8C62FEF0626, cid=1598, SUCCESS, logIndex=0, commits[f2ba01fc-a63e-4348-bd18-030b60a135e7:c2299, eab135d4-a257-4705-b491-6c056b8c5df7:c2297, a4f67574-9018-43e7-8a54-351e98dc3d0a:c2297]
2019-08-23 07:09:00,213 | INFO  | SCMAudit | user=jenkins1000 | ip=192.168.5.178 | op=ALLOCATE_BLOCK {owner=aaf04d22-10dd-4717-8862-c651bdde72cf, size=4194304, type=RATIS, factor=THREE} | ret=SUCCESS |  
2019-08-23 07:09:00,216 | INFO  | OMAudit | user=jenkins1000 | ip=127.0.0.1 | op=ALLOCATE_BLOCK {volume=vol-0-67663, bucket=bucket-0-68950, key=key-0-26970, dataSize=0, replicationType=null, replicationFactor=null, keyLocationInfo=null, clientID=102665036030476690} | ret=SUCCESS |  
2019-08-23 07:09:00,222 | INFO  | DNAudit | user=null | ip=null | op=WRITE_CHUNK {blockData=conID: 1 locID: 102665036772999672 bcsId: 0} | ret=SUCCESS |  
2019-08-23 07:09:00,224 | INFO  | DNAudit | user=null | ip=null | op=WRITE_CHUNK {blockData=conID: 1 locID: 102665036772999672 bcsId: 0} | ret=SUCCESS |  
2019-08-23 07:09:00,224 | INFO  | DNAudit | user=null | ip=null | op=WRITE_CHUNK {blockData=conID: 1 locID: 102665036772999672 bcsId: 0} | ret=SUCCESS |  
2019-08-23 07:09:00,224 | INFO  | DNAudit | user=null | ip=null | op=WRITE_CHUNK {blockData=conID: 1 locID: 102665036772999672 bcsId: 0} | ret=SUCCESS |  
2019-08-23 07:09:00,225 | INFO  | DNAudit | user=null | ip=null | op=WRITE_CHUNK {blockData=conID: 1 locID: 102665036772999672 bcsId: 0} | ret=SUCCESS |  
2019-08-23 07:09:00,225 | INFO  | DNAudit | user=null | ip=null | op=WRITE_CHUNK {blockData=conID: 1 locID: 102665036772999672 bcsId: 0} | ret=SUCCESS |  
2019-08-23 07:09:00,234 | INFO  | DNAudit | user=null | ip=null | op=WRITE_CHUNK {blockData=conID: 1 locID: 102665036772999672 bcsId: 0} | ret=SUCCESS |  
2019-08-23 07:09:00,235 | INFO  | DNAudit | user=null | ip=null | op=PUT_BLOCK {blockData=[blockId=conID: 1 locID: 102665036772999672 bcsId: 0,size=1048576]} | ret=SUCCESS |  
2019-08-23 07:09:00,235 [grpc-default-executor-0] INFO  client.GrpcClientProtocolClient (GrpcClientProtocolClient.java:onNext(255)) - client-D91E5D1E15CE->f2ba01fc-a63e-4348-bd18-030b60a135e7: receive RaftClientReply:client-D91E5D1E15CE->f2ba01fc-a63e-4348-bd18-030b60a135e7@group-C8C62FEF0626, cid=1599, SUCCESS, logIndex=2300, commits[f2ba01fc-a63e-4348-bd18-030b60a135e7:c2301, eab135d4-a257-4705-b491-6c056b8c5df7:c2299, a4f67574-9018-43e7-8a54-351e98dc3d0a:c2299]
2019-08-23 07:09:00,235 | INFO  | DNAudit | user=null | ip=null | op=WRITE_CHUNK {blockData=conID: 1 locID: 102665036772999672 bcsId: 0} | ret=SUCCESS |  
2019-08-23 07:09:00,235 | INFO  | DNAudit | user=null | ip=null | op=PUT_BLOCK {blockData=[blockId=conID: 1 locID: 102665036772999672 bcsId: 0,size=2097152]} | ret=SUCCESS |  
2019-08-23 07:09:00,235 [grpc-default-executor-0] INFO  client.GrpcClientProtocolClient (GrpcClientProtocolClient.java:onNext(255)) - client-D91E5D1E15CE->f2ba01fc-a63e-4348-bd18-030b60a135e7: receive RaftClientReply:client-D91E5D1E15CE->f2ba01fc-a63e-4348-bd18-030b60a135e7@group-C8C62FEF0626, cid=1600, SUCCESS, logIndex=2301, commits[f2ba01fc-a63e-4348-bd18-030b60a135e7:c2303, eab135d4-a257-4705-b491-6c056b8c5df7:c2299, a4f67574-9018-43e7-8a54-351e98dc3d0a:c2299]
2019-08-23 07:09:00,236 [grpc-default-executor-0] INFO  client.GrpcClientProtocolClient (GrpcClientProtocolClient.java:onNext(255)) - client-D91E5D1E15CE->f2ba01fc-a63e-4348-bd18-030b60a135e7: receive RaftClientReply:client-D91E5D1E15CE->f2ba01fc-a63e-4348-bd18-030b60a135e7@group-C8C62FEF0626, cid=1601, SUCCESS, logIndex=2302, commits[f2ba01fc-a63e-4348-bd18-030b60a135e7:c2303, eab135d4-a257-4705-b491-6c056b8c5df7:c2299, a4f67574-9018-43e7-8a54-351e98dc3d0a:c2299]
2019-08-23 07:09:00,236 [grpc-default-executor-0] INFO  client.GrpcClientProtocolClient (GrpcClientProtocolClient.java:onNext(255)) - client-D91E5D1E15CE->f2ba01fc-a63e-4348-bd18-030b60a135e7: receive RaftClientReply:client-D91E5D1E15CE->f2ba01fc-a63e-4348-bd18-030b60a135e7@group-C8C62FEF0626, cid=1602, SUCCESS, logIndex=2303, commits[f2ba01fc-a63e-4348-bd18-030b60a135e7:c2303, eab135d4-a257-4705-b491-6c056b8c5df7:c2299, a4f67574-9018-43e7-8a54-351e98dc3d0a:c2299]
2019-08-23 07:09:00,237 | INFO  | DNAudit | user=null | ip=null | op=WRITE_CHUNK {blockData=conID: 1 locID: 102665036772999672 bcsId: 0} | ret=SUCCESS |  
2019-08-23 07:09:00,238 | INFO  | DNAudit | user=null | ip=null | op=WRITE_CHUNK {blockData=conID: 1 locID: 102665036772999672 bcsId: 0} | ret=SUCCESS |  
2019-08-23 07:09:00,238 | INFO  | DNAudit | user=null | ip=null | op=PUT_BLOCK {blockData=[blockId=conID: 1 locID: 102665036772999672 bcsId: 0,size=1048576]} | ret=SUCCESS |  
2019-08-23 07:09:00,238 | INFO  | DNAudit | user=null | ip=null | op=PUT_BLOCK {blockData=[blockId=conID: 1 locID: 102665036772999672 bcsId: 0,size=1048576]} | ret=SUCCESS |  
2019-08-23 07:09:00,238 | INFO  | DNAudit | user=null | ip=null | op=WRITE_CHUNK {blockData=conID: 1 locID: 102665036772999672 bcsId: 0} | ret=SUCCESS |  
2019-08-23 07:09:00,238 | INFO  | DNAudit | user=null | ip=null | op=PUT_BLOCK {blockData=[blockId=conID: 1 locID: 102665036772999672 bcsId: 0,size=2097152]} | ret=SUCCESS |  
2019-08-23 07:09:00,238 | INFO  | DNAudit | user=null | ip=null | op=WRITE_CHUNK {blockData=conID: 1 locID: 102665036772999672 bcsId: 0} | ret=SUCCESS |  
2019-08-23 07:09:00,239 | INFO  | DNAudit | user=null | ip=null | op=PUT_BLOCK {blockData=[blockId=conID: 1 locID: 102665036772999672 bcsId: 0,size=2097152]} | ret=SUCCESS |  
2019-08-23 07:09:00,239 [grpc-default-executor-0] INFO  client.GrpcClientProtocolClient (GrpcClientProtocolClient.java:onNext(255)) - client-D91E5D1E15CE->f2ba01fc-a63e-4348-bd18-030b60a135e7: receive RaftClientReply:client-D91E5D1E15CE->f2ba01fc-a63e-4348-bd18-030b60a135e7@group-C8C62FEF0626, cid=1603, SUCCESS, logIndex=0, commits[f2ba01fc-a63e-4348-bd18-030b60a135e7:c2307, eab135d4-a257-4705-b491-6c056b8c5df7:c2303, a4f67574-9018-43e7-8a54-351e98dc3d0a:c2301]
2019-08-23 07:09:00,244 | INFO  | DNAudit | user=null | ip=null | op=WRITE_CHUNK {blockData=conID: 1 locID: 102665036772999672 bcsId: 2303} | ret=SUCCESS |  
2019-08-23 07:09:00,245 | INFO  | DNAudit | user=null | ip=null | op=WRITE_CHUNK {blockData=conID: 1 locID: 102665036772999672 bcsId: 2303} | ret=SUCCESS |  
2019-08-23 07:09:00,246 | INFO  | DNAudit | user=null | ip=null | op=WRITE_CHUNK {blockData=conID: 1 locID: 102665036772999672 bcsId: 2303} | ret=SUCCESS |  
2019-08-23 07:09:00,256 | INFO  | DNAudit | user=null | ip=null | op=WRITE_CHUNK {blockData=conID: 1 locID: 102665036772999672 bcsId: 2303} | ret=SUCCESS |  
2019-08-23 07:09:00,257 | INFO  | DNAudit | user=null | ip=null | op=PUT_BLOCK {blockData=[blockId=conID: 1 locID: 102665036772999672 bcsId: 0,size=3145728]} | ret=SUCCESS |  
2019-08-23 07:09:00,257 [grpc-default-executor-2] INFO  client.GrpcClientProtocolClient (GrpcClientProtocolClient.java:onNext(255)) - client-D91E5D1E15CE->f2ba01fc-a63e-4348-bd18-030b60a135e7: receive RaftClientReply:client-D91E5D1E15CE->f2ba01fc-a63e-4348-bd18-030b60a135e7@group-C8C62FEF0626, cid=1604, SUCCESS, logIndex=2308, commits[f2ba01fc-a63e-4348-bd18-030b60a135e7:c2309, eab135d4-a257-4705-b491-6c056b8c5df7:c2307, a4f67574-9018-43e7-8a54-351e98dc3d0a:c2307]
2019-08-23 07:09:00,257 [grpc-default-executor-2] INFO  client.GrpcClientProtocolClient (GrpcClientProtocolClient.java:onNext(255)) - client-D91E5D1E15CE->f2ba01fc-a63e-4348-bd18-030b60a135e7: receive RaftClientReply:client-D91E5D1E15CE->f2ba01fc-a63e-4348-bd18-030b60a135e7@group-C8C62FEF0626, cid=1605, SUCCESS, logIndex=2309, commits[f2ba01fc-a63e-4348-bd18-030b60a135e7:c2309, eab135d4-a257-4705-b491-6c056b8c5df7:c2307, a4f67574-9018-43e7-8a54-351e98dc3d0a:c2307]
2019-08-23 07:09:00,263 | INFO  | DNAudit | user=null | ip=null | op=WRITE_CHUNK {blockData=conID: 1 locID: 102665036772999672 bcsId: 2309} | ret=SUCCESS |  
2019-08-23 07:09:00,265 | INFO  | DNAudit | user=null | ip=null | op=WRITE_CHUNK {blockData=conID: 1 locID: 102665036772999672 bcsId: 2309} | ret=SUCCESS |  
2019-08-23 07:09:00,265 | INFO  | DNAudit | user=null | ip=null | op=WRITE_CHUNK {blockData=conID: 1 locID: 102665036772999672 bcsId: 2309} | ret=SUCCESS |  
2019-08-23 07:09:00,268 | INFO  | DNAudit | user=null | ip=null | op=WRITE_CHUNK {blockData=conID: 1 locID: 102665036772999672 bcsId: 2303} | ret=SUCCESS |  
2019-08-23 07:09:00,268 | INFO  | DNAudit | user=null | ip=null | op=WRITE_CHUNK {blockData=conID: 1 locID: 102665036772999672 bcsId: 2303} | ret=SUCCESS |  
2019-08-23 07:09:00,268 | INFO  | DNAudit | user=null | ip=null | op=PUT_BLOCK {blockData=[blockId=conID: 1 locID: 102665036772999672 bcsId: 0,size=3145728]} | ret=SUCCESS |  
2019-08-23 07:09:00,269 | INFO  | DNAudit | user=null | ip=null | op=PUT_BLOCK {blockData=[blockId=conID: 1 locID: 102665036772999672 bcsId: 0,size=3145728]} | ret=SUCCESS |  
2019-08-23 07:09:00,269 | INFO  | DNAudit | user=null | ip=null | op=WRITE_CHUNK {blockData=conID: 1 locID: 102665036772999672 bcsId: 2309} | ret=SUCCESS |  
2019-08-23 07:09:00,270 | INFO  | DNAudit | user=null | ip=null | op=PUT_BLOCK {blockData=[blockId=conID: 1 locID: 102665036772999672 bcsId: 0,size=4194304]} | ret=SUCCESS |  
2019-08-23 07:09:00,270 [grpc-default-executor-4] INFO  client.GrpcClientProtocolClient (GrpcClientProtocolClient.java:onNext(255)) - client-D91E5D1E15CE->f2ba01fc-a63e-4348-bd18-030b60a135e7: receive RaftClientReply:client-D91E5D1E15CE->f2ba01fc-a63e-4348-bd18-030b60a135e7@group-C8C62FEF0626, cid=1606, SUCCESS, logIndex=2312, commits[f2ba01fc-a63e-4348-bd18-030b60a135e7:c2313, eab135d4-a257-4705-b491-6c056b8c5df7:c2309, a4f67574-9018-43e7-8a54-351e98dc3d0a:c2309]
2019-08-23 07:09:00,270 [grpc-default-executor-4] INFO  client.GrpcClientProtocolClient (GrpcClientProtocolClient.java:onNext(255)) - client-D91E5D1E15CE->f2ba01fc-a63e-4348-bd18-030b60a135e7: receive RaftClientReply:client-D91E5D1E15CE->f2ba01fc-a63e-4348-bd18-030b60a135e7@group-C8C62FEF0626, cid=1607, SUCCESS, logIndex=2313, commits[f2ba01fc-a63e-4348-bd18-030b60a135e7:c2313, eab135d4-a257-4705-b491-6c056b8c5df7:c2309, a4f67574-9018-43e7-8a54-351e98dc3d0a:c2309]
2019-08-23 07:09:00,281 | INFO  | DNAudit | user=null | ip=null | op=WRITE_CHUNK {blockData=conID: 1 locID: 102665036772999672 bcsId: 2309} | ret=SUCCESS |  
2019-08-23 07:09:00,281 | INFO  | DNAudit | user=null | ip=null | op=WRITE_CHUNK {blockData=conID: 1 locID: 102665036772999672 bcsId: 2309} | ret=SUCCESS |  
2019-08-23 07:09:00,283 | INFO  | DNAudit | user=null | ip=null | op=PUT_BLOCK {blockData=[blockId=conID: 1 locID: 102665036772999672 bcsId: 0,size=4194304]} | ret=SUCCESS |  
2019-08-23 07:09:00,283 | INFO  | DNAudit | user=null | ip=null | op=PUT_BLOCK {blockData=[blockId=conID: 1 locID: 102665036772999672 bcsId: 0,size=4194304]} | ret=SUCCESS |  
2019-08-23 07:09:00,284 [grpc-default-executor-4] INFO  client.GrpcClientProtocolClient (GrpcClientProtocolClient.java:onNext(255)) - client-D91E5D1E15CE->f2ba01fc-a63e-4348-bd18-030b60a135e7: receive RaftClientReply:client-D91E5D1E15CE->f2ba01fc-a63e-4348-bd18-030b60a135e7@group-C8C62FEF0626, cid=1608, SUCCESS, logIndex=0, commits[f2ba01fc-a63e-4348-bd18-030b60a135e7:c2315, eab135d4-a257-4705-b491-6c056b8c5df7:c2313, a4f67574-9018-43e7-8a54-351e98dc3d0a:c2313]
2019-08-23 07:09:00,288 | INFO  | SCMAudit | user=jenkins1000 | ip=192.168.5.178 | op=ALLOCATE_BLOCK {owner=aaf04d22-10dd-4717-8862-c651bdde72cf, size=4194304, type=RATIS, factor=THREE} | ret=SUCCESS |  
2019-08-23 07:09:00,291 | INFO  | OMAudit | user=jenkins1000 | ip=127.0.0.1 | op=ALLOCATE_BLOCK {volume=vol-0-67663, bucket=bucket-0-68950, key=key-0-26970, dataSize=0, replicationType=null, replicationFactor=null, keyLocationInfo=null, clientID=102665036030476690} | ret=SUCCESS |  
2019-08-23 07:09:00,297 | INFO  | DNAudit | user=null | ip=null | op=WRITE_CHUNK {blockData=conID: 2 locID: 102665036777914873 bcsId: 0} | ret=SUCCESS |  
2019-08-23 07:09:00,299 | INFO  | DNAudit | user=null | ip=null | op=WRITE_CHUNK {blockData=conID: 2 locID: 102665036777914873 bcsId: 0} | ret=SUCCESS |  
2019-08-23 07:09:00,300 | INFO  | DNAudit | user=null | ip=null | op=WRITE_CHUNK {blockData=conID: 2 locID: 102665036777914873 bcsId: 0} | ret=SUCCESS |  
2019-08-23 07:09:00,300 | INFO  | DNAudit | user=null | ip=null | op=WRITE_CHUNK {blockData=conID: 2 locID: 102665036777914873 bcsId: 0} | ret=SUCCESS |  
2019-08-23 07:09:00,301 | INFO  | DNAudit | user=null | ip=null | op=WRITE_CHUNK {blockData=conID: 2 locID: 102665036777914873 bcsId: 0} | ret=SUCCESS |  
2019-08-23 07:09:00,302 | INFO  | DNAudit | user=null | ip=null | op=WRITE_CHUNK {blockData=conID: 2 locID: 102665036777914873 bcsId: 0} | ret=SUCCESS |  
2019-08-23 07:09:00,311 | INFO  | DNAudit | user=null | ip=null | op=WRITE_CHUNK {blockData=conID: 2 locID: 102665036777914873 bcsId: 0} | ret=SUCCESS |  
2019-08-23 07:09:00,311 | INFO  | DNAudit | user=null | ip=null | op=PUT_BLOCK {blockData=[blockId=conID: 2 locID: 102665036777914873 bcsId: 0,size=1048576]} | ret=SUCCESS |  
2019-08-23 07:09:00,311 [grpc-default-executor-2] INFO  client.GrpcClientProtocolClient (GrpcClientProtocolClient.java:onNext(255)) - client-D91E5D1E15CE->f2ba01fc-a63e-4348-bd18-030b60a135e7: receive RaftClientReply:client-D91E5D1E15CE->f2ba01fc-a63e-4348-bd18-030b60a135e7@group-C8C62FEF0626, cid=1609, SUCCESS, logIndex=2316, commits[f2ba01fc-a63e-4348-bd18-030b60a135e7:c2317, eab135d4-a257-4705-b491-6c056b8c5df7:c2315, a4f67574-9018-43e7-8a54-351e98dc3d0a:c2315]
2019-08-23 07:09:00,312 | INFO  | DNAudit | user=null | ip=null | op=WRITE_CHUNK {blockData=conID: 2 locID: 102665036777914873 bcsId: 0} | ret=SUCCESS |  
2019-08-23 07:09:00,312 [grpc-default-executor-2] INFO  client.GrpcClientProtocolClient (GrpcClientProtocolClient.java:onNext(255)) - client-D91E5D1E15CE->f2ba01fc-a63e-4348-bd18-030b60a135e7: receive RaftClientReply:client-D91E5D1E15CE->f2ba01fc-a63e-4348-bd18-030b60a135e7@group-C8C62FEF0626, cid=1610, SUCCESS, logIndex=2317, commits[f2ba01fc-a63e-4348-bd18-030b60a135e7:c2319, eab135d4-a257-4705-b491-6c056b8c5df7:c2315, a4f67574-9018-43e7-8a54-351e98dc3d0a:c2315]
2019-08-23 07:09:00,312 | INFO  | DNAudit | user=null | ip=null | op=PUT_BLOCK {blockData=[blockId=conID: 2 locID: 102665036777914873 bcsId: 0,size=2097152]} | ret=SUCCESS |  
2019-08-23 07:09:00,312 [grpc-default-executor-2] INFO  client.GrpcClientProtocolClient (GrpcClientProtocolClient.java:onNext(255)) - client-D91E5D1E15CE->f2ba01fc-a63e-4348-bd18-030b60a135e7: receive RaftClientReply:client-D91E5D1E15CE->f2ba01fc-a63e-4348-bd18-030b60a135e7@group-C8C62FEF0626, cid=1611, SUCCESS, logIndex=2318, commits[f2ba01fc-a63e-4348-bd18-030b60a135e7:c2319, eab135d4-a257-4705-b491-6c056b8c5df7:c2315, a4f67574-9018-43e7-8a54-351e98dc3d0a:c2315]
2019-08-23 07:09:00,313 | INFO  | DNAudit | user=null | ip=null | op=WRITE_CHUNK {blockData=conID: 2 locID: 102665036777914873 bcsId: 0} | ret=SUCCESS |  
2019-08-23 07:09:00,313 | INFO  | DNAudit | user=null | ip=null | op=WRITE_CHUNK {blockData=conID: 2 locID: 102665036777914873 bcsId: 0} | ret=SUCCESS |  
2019-08-23 07:09:00,313 [grpc-default-executor-2] INFO  client.GrpcClientProtocolClient (GrpcClientProtocolClient.java:onNext(255)) - client-D91E5D1E15CE->f2ba01fc-a63e-4348-bd18-030b60a135e7: receive RaftClientReply:client-D91E5D1E15CE->f2ba01fc-a63e-4348-bd18-030b60a135e7@group-C8C62FEF0626, cid=1612, SUCCESS, logIndex=2319, commits[f2ba01fc-a63e-4348-bd18-030b60a135e7:c2319, eab135d4-a257-4705-b491-6c056b8c5df7:c2315, a4f67574-9018-43e7-8a54-351e98dc3d0a:c2315]
2019-08-23 07:09:00,313 | INFO  | DNAudit | user=null | ip=null | op=PUT_BLOCK {blockData=[blockId=conID: 2 locID: 102665036777914873 bcsId: 0,size=1048576]} | ret=SUCCESS |  
2019-08-23 07:09:00,314 | INFO  | DNAudit | user=null | ip=null | op=PUT_BLOCK {blockData=[blockId=conID: 2 locID: 102665036777914873 bcsId: 0,size=1048576]} | ret=SUCCESS |  
2019-08-23 07:09:00,314 | INFO  | DNAudit | user=null | ip=null | op=WRITE_CHUNK {blockData=conID: 2 locID: 102665036777914873 bcsId: 0} | ret=SUCCESS |  
2019-08-23 07:09:00,314 | INFO  | DNAudit | user=null | ip=null | op=PUT_BLOCK {blockData=[blockId=conID: 2 locID: 102665036777914873 bcsId: 0,size=2097152]} | ret=SUCCESS |  
2019-08-23 07:09:00,314 | INFO  | DNAudit | user=null | ip=null | op=WRITE_CHUNK {blockData=conID: 2 locID: 102665036777914873 bcsId: 0} | ret=SUCCESS |  
2019-08-23 07:09:00,314 [grpc-default-executor-0] INFO  client.GrpcClientProtocolClient (GrpcClientProtocolClient.java:onNext(255)) - client-D91E5D1E15CE->f2ba01fc-a63e-4348-bd18-030b60a135e7: receive RaftClientReply:client-D91E5D1E15CE->f2ba01fc-a63e-4348-bd18-030b60a135e7@group-C8C62FEF0626, cid=1613, SUCCESS, logIndex=0, commits[f2ba01fc-a63e-4348-bd18-030b60a135e7:c2321, eab135d4-a257-4705-b491-6c056b8c5df7:c2319, a4f67574-9018-43e7-8a54-351e98dc3d0a:c2317]
2019-08-23 07:09:00,314 | INFO  | DNAudit | user=null | ip=null | op=PUT_BLOCK {blockData=[blockId=conID: 2 locID: 102665036777914873 bcsId: 0,size=2097152]} | ret=SUCCESS |  
2019-08-23 07:09:00,320 | INFO  | DNAudit | user=null | ip=null | op=WRITE_CHUNK {blockData=conID: 2 locID: 102665036777914873 bcsId: 2319} | ret=SUCCESS |  
2019-08-23 07:09:00,322 | INFO  | DNAudit | user=null | ip=null | op=WRITE_CHUNK {blockData=conID: 2 locID: 102665036777914873 bcsId: 2319} | ret=SUCCESS |  
2019-08-23 07:09:00,323 | INFO  | DNAudit | user=null | ip=null | op=WRITE_CHUNK {blockData=conID: 2 locID: 102665036777914873 bcsId: 2319} | ret=SUCCESS |  
2019-08-23 07:09:00,332 | INFO  | DNAudit | user=null | ip=null | op=WRITE_CHUNK {blockData=conID: 2 locID: 102665036777914873 bcsId: 2319} | ret=SUCCESS |  
2019-08-23 07:09:00,333 | INFO  | DNAudit | user=null | ip=null | op=PUT_BLOCK {blockData=[blockId=conID: 2 locID: 102665036777914873 bcsId: 0,size=3145728]} | ret=SUCCESS |  
2019-08-23 07:09:00,333 [grpc-default-executor-0] INFO  client.GrpcClientProtocolClient (GrpcClientProtocolClient.java:onNext(255)) - client-D91E5D1E15CE->f2ba01fc-a63e-4348-bd18-030b60a135e7: receive RaftClientReply:client-D91E5D1E15CE->f2ba01fc-a63e-4348-bd18-030b60a135e7@group-C8C62FEF0626, cid=1614, SUCCESS, logIndex=2323, commits[f2ba01fc-a63e-4348-bd18-030b60a135e7:c2324, eab135d4-a257-4705-b491-6c056b8c5df7:c2322, a4f67574-9018-43e7-8a54-351e98dc3d0a:c2322]
2019-08-23 07:09:00,334 [grpc-default-executor-0] INFO  client.GrpcClientProtocolClient (GrpcClientProtocolClient.java:onNext(255)) - client-D91E5D1E15CE->f2ba01fc-a63e-4348-bd18-030b60a135e7: receive RaftClientReply:client-D91E5D1E15CE->f2ba01fc-a63e-4348-bd18-030b60a135e7@group-C8C62FEF0626, cid=1615, SUCCESS, logIndex=2324, commits[f2ba01fc-a63e-4348-bd18-030b60a135e7:c2324, eab135d4-a257-4705-b491-6c056b8c5df7:c2322, a4f67574-9018-43e7-8a54-351e98dc3d0a:c2322]
2019-08-23 07:09:00,340 | INFO  | DNAudit | user=null | ip=null | op=WRITE_CHUNK {blockData=conID: 2 locID: 102665036777914873 bcsId: 2324} | ret=SUCCESS |  
2019-08-23 07:09:00,342 | INFO  | DNAudit | user=null | ip=null | op=WRITE_CHUNK {blockData=conID: 2 locID: 102665036777914873 bcsId: 2324} | ret=SUCCESS |  
2019-08-23 07:09:00,342 | INFO  | DNAudit | user=null | ip=null | op=WRITE_CHUNK {blockData=conID: 2 locID: 102665036777914873 bcsId: 2324} | ret=SUCCESS |  
2019-08-23 07:09:00,344 | INFO  | DNAudit | user=null | ip=null | op=WRITE_CHUNK {blockData=conID: 2 locID: 102665036777914873 bcsId: 2319} | ret=SUCCESS |  
2019-08-23 07:09:00,344 | INFO  | DNAudit | user=null | ip=null | op=WRITE_CHUNK {blockData=conID: 2 locID: 102665036777914873 bcsId: 2319} | ret=SUCCESS |  
2019-08-23 07:09:00,432 | INFO  | DNAudit | user=null | ip=null | op=PUT_BLOCK {blockData=[blockId=conID: 2 locID: 102665036777914873 bcsId: 0,size=3145728]} | ret=SUCCESS |  
2019-08-23 07:09:00,433 | INFO  | DNAudit | user=null | ip=null | op=PUT_BLOCK {blockData=[blockId=conID: 2 locID: 102665036777914873 bcsId: 0,size=3145728]} | ret=SUCCESS |  
2019-08-23 07:09:00,433 | INFO  | DNAudit | user=null | ip=null | op=WRITE_CHUNK {blockData=conID: 2 locID: 102665036777914873 bcsId: 2324} | ret=SUCCESS |  
2019-08-23 07:09:00,434 | INFO  | DNAudit | user=null | ip=null | op=PUT_BLOCK {blockData=[blockId=conID: 2 locID: 102665036777914873 bcsId: 0,size=4194304]} | ret=SUCCESS |  
2019-08-23 07:09:00,434 [grpc-default-executor-0] INFO  client.GrpcClientProtocolClient (GrpcClientProtocolClient.java:onNext(255)) - client-D91E5D1E15CE->f2ba01fc-a63e-4348-bd18-030b60a135e7: receive RaftClientReply:client-D91E5D1E15CE->f2ba01fc-a63e-4348-bd18-030b60a135e7@group-C8C62FEF0626, cid=1616, SUCCESS, logIndex=2327, commits[f2ba01fc-a63e-4348-bd18-030b60a135e7:c2328, eab135d4-a257-4705-b491-6c056b8c5df7:c2324, a4f67574-9018-43e7-8a54-351e98dc3d0a:c2324]
2019-08-23 07:09:00,434 [grpc-default-executor-0] INFO  client.GrpcClientProtocolClient (GrpcClientProtocolClient.java:onNext(255)) - client-D91E5D1E15CE->f2ba01fc-a63e-4348-bd18-030b60a135e7: receive RaftClientReply:client-D91E5D1E15CE->f2ba01fc-a63e-4348-bd18-030b60a135e7@group-C8C62FEF0626, cid=1617, SUCCESS, logIndex=2328, commits[f2ba01fc-a63e-4348-bd18-030b60a135e7:c2328, eab135d4-a257-4705-b491-6c056b8c5df7:c2324, a4f67574-9018-43e7-8a54-351e98dc3d0a:c2324]
2019-08-23 07:09:00,445 | INFO  | DNAudit | user=null | ip=null | op=WRITE_CHUNK {blockData=conID: 2 locID: 102665036777914873 bcsId: 2324} | ret=SUCCESS |  
2019-08-23 07:09:00,445 | INFO  | DNAudit | user=null | ip=null | op=WRITE_CHUNK {blockData=conID: 2 locID: 102665036777914873 bcsId: 2324} | ret=SUCCESS |  
2019-08-23 07:09:00,446 | INFO  | DNAudit | user=null | ip=null | op=PUT_BLOCK {blockData=[blockId=conID: 2 locID: 102665036777914873 bcsId: 0,size=4194304]} | ret=SUCCESS |  
2019-08-23 07:09:00,446 | INFO  | DNAudit | user=null | ip=null | op=PUT_BLOCK {blockData=[blockId=conID: 2 locID: 102665036777914873 bcsId: 0,size=4194304]} | ret=SUCCESS |  
2019-08-23 07:09:00,447 [grpc-default-executor-2] INFO  client.GrpcClientProtocolClient (GrpcClientProtocolClient.java:onNext(255)) - client-D91E5D1E15CE->f2ba01fc-a63e-4348-bd18-030b60a135e7: receive RaftClientReply:client-D91E5D1E15CE->f2ba01fc-a63e-4348-bd18-030b60a135e7@group-C8C62FEF0626, cid=1618, SUCCESS, logIndex=0, commits[f2ba01fc-a63e-4348-bd18-030b60a135e7:c2330, eab135d4-a257-4705-b491-6c056b8c5df7:c2328, a4f67574-9018-43e7-8a54-351e98dc3d0a:c2328]
2019-08-23 07:09:00,452 | INFO  | SCMAudit | user=jenkins1000 | ip=192.168.5.178 | op=ALLOCATE_BLOCK {owner=aaf04d22-10dd-4717-8862-c651bdde72cf, size=4194304, type=RATIS, factor=THREE} | ret=SUCCESS |  
2019-08-23 07:09:00,456 | INFO  | OMAudit | user=jenkins1000 | ip=127.0.0.1 | op=ALLOCATE_BLOCK {volume=vol-0-67663, bucket=bucket-0-68950, key=key-0-26970, dataSize=0, replicationType=null, replicationFactor=null, keyLocationInfo=null, clientID=102665036030476690} | ret=SUCCESS |  
2019-08-23 07:09:00,463 | INFO  | DNAudit | user=null | ip=null | op=WRITE_CHUNK {blockData=conID: 3 locID: 102665036788662778 bcsId: 0} | ret=SUCCESS |  
2019-08-23 07:09:00,465 | INFO  | DNAudit | user=null | ip=null | op=WRITE_CHUNK {blockData=conID: 3 locID: 102665036788662778 bcsId: 0} | ret=SUCCESS |  
2019-08-23 07:09:00,466 | INFO  | DNAudit | user=null | ip=null | op=WRITE_CHUNK {blockData=conID: 3 locID: 102665036788662778 bcsId: 0} | ret=SUCCESS |  
2019-08-23 07:09:00,466 | INFO  | DNAudit | user=null | ip=null | op=WRITE_CHUNK {blockData=conID: 3 locID: 102665036788662778 bcsId: 0} | ret=SUCCESS |  
2019-08-23 07:09:00,467 | INFO  | DNAudit | user=null | ip=null | op=WRITE_CHUNK {blockData=conID: 3 locID: 102665036788662778 bcsId: 0} | ret=SUCCESS |  
2019-08-23 07:09:00,468 | INFO  | DNAudit | user=null | ip=null | op=PUT_BLOCK {blockData=[blockId=conID: 3 locID: 102665036788662778 bcsId: 0,size=1048576]} | ret=SUCCESS |  
2019-08-23 07:09:00,468 [grpc-default-executor-0] INFO  client.GrpcClientProtocolClient (GrpcClientProtocolClient.java:onNext(255)) - client-D91E5D1E15CE->f2ba01fc-a63e-4348-bd18-030b60a135e7: receive RaftClientReply:client-D91E5D1E15CE->f2ba01fc-a63e-4348-bd18-030b60a135e7@group-C8C62FEF0626, cid=1619, SUCCESS, logIndex=2331, commits[f2ba01fc-a63e-4348-bd18-030b60a135e7:c2332, eab135d4-a257-4705-b491-6c056b8c5df7:c2330, a4f67574-9018-43e7-8a54-351e98dc3d0a:c2330]
2019-08-23 07:09:00,469 | INFO  | DNAudit | user=null | ip=null | op=WRITE_CHUNK {blockData=conID: 3 locID: 102665036788662778 bcsId: 0} | ret=SUCCESS |  
2019-08-23 07:09:00,469 [grpc-default-executor-0] INFO  client.GrpcClientProtocolClient (GrpcClientProtocolClient.java:onNext(255)) - client-D91E5D1E15CE->f2ba01fc-a63e-4348-bd18-030b60a135e7: receive RaftClientReply:client-D91E5D1E15CE->f2ba01fc-a63e-4348-bd18-030b60a135e7@group-C8C62FEF0626, cid=1620, SUCCESS, logIndex=2332, commits[f2ba01fc-a63e-4348-bd18-030b60a135e7:c2332, eab135d4-a257-4705-b491-6c056b8c5df7:c2330, a4f67574-9018-43e7-8a54-351e98dc3d0a:c2330]
2019-08-23 07:09:00,469 | INFO  | DNAudit | user=null | ip=null | op=WRITE_CHUNK {blockData=conID: 3 locID: 102665036788662778 bcsId: 0} | ret=SUCCESS |  
2019-08-23 07:09:00,481 | INFO  | DNAudit | user=null | ip=null | op=WRITE_CHUNK {blockData=conID: 3 locID: 102665036788662778 bcsId: 0} | ret=SUCCESS |  
2019-08-23 07:09:00,481 | INFO  | DNAudit | user=null | ip=null | op=WRITE_CHUNK {blockData=conID: 3 locID: 102665036788662778 bcsId: 0} | ret=SUCCESS |  
2019-08-23 07:09:00,481 | INFO  | DNAudit | user=null | ip=null | op=PUT_BLOCK {blockData=[blockId=conID: 3 locID: 102665036788662778 bcsId: 0,size=1048576]} | ret=SUCCESS |  
2019-08-23 07:09:00,481 | INFO  | DNAudit | user=null | ip=null | op=WRITE_CHUNK {blockData=conID: 3 locID: 102665036788662778 bcsId: 0} | ret=SUCCESS |  
2019-08-23 07:09:00,481 | INFO  | DNAudit | user=null | ip=null | op=PUT_BLOCK {blockData=[blockId=conID: 3 locID: 102665036788662778 bcsId: 0,size=2097152]} | ret=SUCCESS |  
2019-08-23 07:09:00,482 | INFO  | DNAudit | user=null | ip=null | op=PUT_BLOCK {blockData=[blockId=conID: 3 locID: 102665036788662778 bcsId: 0,size=1048576]} | ret=SUCCESS |  
2019-08-23 07:09:00,481 [grpc-default-executor-4] INFO  client.GrpcClientProtocolClient (GrpcClientProtocolClient.java:onNext(255)) - client-D91E5D1E15CE->f2ba01fc-a63e-4348-bd18-030b60a135e7: receive RaftClientReply:client-D91E5D1E15CE->f2ba01fc-a63e-4348-bd18-030b60a135e7@group-C8C62FEF0626, cid=1621, SUCCESS, logIndex=2333, commits[f2ba01fc-a63e-4348-bd18-030b60a135e7:c2336, eab135d4-a257-4705-b491-6c056b8c5df7:c2330, a4f67574-9018-43e7-8a54-351e98dc3d0a:c2332]
2019-08-23 07:09:00,482 [grpc-default-executor-4] INFO  client.GrpcClientProtocolClient (GrpcClientProtocolClient.java:onNext(255)) - client-D91E5D1E15CE->f2ba01fc-a63e-4348-bd18-030b60a135e7: receive RaftClientReply:client-D91E5D1E15CE->f2ba01fc-a63e-4348-bd18-030b60a135e7@group-C8C62FEF0626, cid=1622, SUCCESS, logIndex=2334, commits[f2ba01fc-a63e-4348-bd18-030b60a135e7:c2336, eab135d4-a257-4705-b491-6c056b8c5df7:c2332, a4f67574-9018-43e7-8a54-351e98dc3d0a:c2332]
2019-08-23 07:09:00,482 | INFO  | DNAudit | user=null | ip=null | op=WRITE_CHUNK {blockData=conID: 3 locID: 102665036788662778 bcsId: 0} | ret=SUCCESS |  
2019-08-23 07:09:00,483 | INFO  | DNAudit | user=null | ip=null | op=WRITE_CHUNK {blockData=conID: 3 locID: 102665036788662778 bcsId: 0} | ret=SUCCESS |  
2019-08-23 07:09:00,483 | INFO  | DNAudit | user=null | ip=null | op=PUT_BLOCK {blockData=[blockId=conID: 3 locID: 102665036788662778 bcsId: 0,size=2097152]} | ret=SUCCESS |  
2019-08-23 07:09:00,483 | INFO  | DNAudit | user=null | ip=null | op=PUT_BLOCK {blockData=[blockId=conID: 3 locID: 102665036788662778 bcsId: 0,size=2097152]} | ret=SUCCESS |  
2019-08-23 07:09:00,489 | INFO  | DNAudit | user=null | ip=null | op=WRITE_CHUNK {blockData=conID: 3 locID: 102665036788662778 bcsId: 2334} | ret=SUCCESS |  
2019-08-23 07:09:00,491 | INFO  | DNAudit | user=null | ip=null | op=WRITE_CHUNK {blockData=conID: 3 locID: 102665036788662778 bcsId: 2334} | ret=SUCCESS |  
2019-08-23 07:09:00,491 | INFO  | DNAudit | user=null | ip=null | op=WRITE_CHUNK {blockData=conID: 3 locID: 102665036788662778 bcsId: 2334} | ret=SUCCESS |  
2019-08-23 07:09:00,501 | INFO  | DNAudit | user=null | ip=null | op=WRITE_CHUNK {blockData=conID: 3 locID: 102665036788662778 bcsId: 2334} | ret=SUCCESS |  
2019-08-23 07:09:00,502 | INFO  | DNAudit | user=null | ip=null | op=PUT_BLOCK {blockData=[blockId=conID: 3 locID: 102665036788662778 bcsId: 0,size=3145728]} | ret=SUCCESS |  
2019-08-23 07:09:00,502 [grpc-default-executor-2] INFO  client.GrpcClientProtocolClient (GrpcClientProtocolClient.java:onNext(255)) - client-D91E5D1E15CE->f2ba01fc-a63e-4348-bd18-030b60a135e7: receive RaftClientReply:client-D91E5D1E15CE->f2ba01fc-a63e-4348-bd18-030b60a135e7@group-C8C62FEF0626, cid=1623, SUCCESS, logIndex=2339, commits[f2ba01fc-a63e-4348-bd18-030b60a135e7:c2340, eab135d4-a257-4705-b491-6c056b8c5df7:c2338, a4f67574-9018-43e7-8a54-351e98dc3d0a:c2338]
2019-08-23 07:09:00,502 [grpc-default-executor-2] INFO  client.GrpcClientProtocolClient (GrpcClientProtocolClient.java:onNext(255)) - client-D91E5D1E15CE->f2ba01fc-a63e-4348-bd18-030b60a135e7: receive RaftClientReply:client-D91E5D1E15CE->f2ba01fc-a63e-4348-bd18-030b60a135e7@group-C8C62FEF0626, cid=1624, SUCCESS, logIndex=2340, commits[f2ba01fc-a63e-4348-bd18-030b60a135e7:c2340, eab135d4-a257-4705-b491-6c056b8c5df7:c2338, a4f67574-9018-43e7-8a54-351e98dc3d0a:c2338]
2019-08-23 07:09:00,509 | INFO  | DNAudit | user=null | ip=null | op=WRITE_CHUNK {blockData=conID: 3 locID: 102665036788662778 bcsId: 2340} | ret=SUCCESS |  
2019-08-23 07:09:00,511 | INFO  | DNAudit | user=null | ip=null | op=WRITE_CHUNK {blockData=conID: 3 locID: 102665036788662778 bcsId: 2340} | ret=SUCCESS |  
2019-08-23 07:09:00,512 | INFO  | DNAudit | user=null | ip=null | op=WRITE_CHUNK {blockData=conID: 3 locID: 102665036788662778 bcsId: 2340} | ret=SUCCESS |  
2019-08-23 07:09:00,513 | INFO  | DNAudit | user=null | ip=null | op=WRITE_CHUNK {blockData=conID: 3 locID: 102665036788662778 bcsId: 2334} | ret=SUCCESS |  
2019-08-23 07:09:00,513 | INFO  | DNAudit | user=null | ip=null | op=WRITE_CHUNK {blockData=conID: 3 locID: 102665036788662778 bcsId: 2334} | ret=SUCCESS |  
2019-08-23 07:09:00,514 | INFO  | DNAudit | user=null | ip=null | op=PUT_BLOCK {blockData=[blockId=conID: 3 locID: 102665036788662778 bcsId: 0,size=3145728]} | ret=SUCCESS |  
2019-08-23 07:09:00,514 | INFO  | DNAudit | user=null | ip=null | op=PUT_BLOCK {blockData=[blockId=conID: 3 locID: 102665036788662778 bcsId: 0,size=3145728]} | ret=SUCCESS |  
2019-08-23 07:09:00,514 | INFO  | DNAudit | user=null | ip=null | op=WRITE_CHUNK {blockData=conID: 3 locID: 102665036788662778 bcsId: 2340} | ret=SUCCESS |  
2019-08-23 07:09:00,515 | INFO  | DNAudit | user=null | ip=null | op=PUT_BLOCK {blockData=[blockId=conID: 3 locID: 102665036788662778 bcsId: 0,size=4194304]} | ret=SUCCESS |  
2019-08-23 07:09:00,515 [grpc-default-executor-4] INFO  client.GrpcClientProtocolClient (GrpcClientProtocolClient.java:onNext(255)) - client-D91E5D1E15CE->f2ba01fc-a63e-4348-bd18-030b60a135e7: receive RaftClientReply:client-D91E5D1E15CE->f2ba01fc-a63e-4348-bd18-030b60a135e7@group-C8C62FEF0626, cid=1625, SUCCESS, logIndex=2343, commits[f2ba01fc-a63e-4348-bd18-030b60a135e7:c2344, eab135d4-a257-4705-b491-6c056b8c5df7:c2340, a4f67574-9018-43e7-8a54-351e98dc3d0a:c2340]
2019-08-23 07:09:00,515 [grpc-default-executor-4] INFO  client.GrpcClientProtocolClient (GrpcClientProtocolClient.java:onNext(255)) - client-D91E5D1E15CE->f2ba01fc-a63e-4348-bd18-030b60a135e7: receive RaftClientReply:client-D91E5D1E15CE->f2ba01fc-a63e-4348-bd18-030b60a135e7@group-C8C62FEF0626, cid=1626, SUCCESS, logIndex=2344, commits[f2ba01fc-a63e-4348-bd18-030b60a135e7:c2344, eab135d4-a257-4705-b491-6c056b8c5df7:c2340, a4f67574-9018-43e7-8a54-351e98dc3d0a:c2340]
2019-08-23 07:09:00,526 | INFO  | DNAudit | user=null | ip=null | op=WRITE_CHUNK {blockData=conID: 3 locID: 102665036788662778 bcsId: 2340} | ret=SUCCESS |  
2019-08-23 07:09:00,526 | INFO  | DNAudit | user=null | ip=null | op=WRITE_CHUNK {blockData=conID: 3 locID: 102665036788662778 bcsId: 2340} | ret=SUCCESS |  
2019-08-23 07:09:00,526 | INFO  | DNAudit | user=null | ip=null | op=PUT_BLOCK {blockData=[blockId=conID: 3 locID: 102665036788662778 bcsId: 0,size=4194304]} | ret=SUCCESS |  
2019-08-23 07:09:00,527 | INFO  | DNAudit | user=null | ip=null | op=PUT_BLOCK {blockData=[blockId=conID: 3 locID: 102665036788662778 bcsId: 0,size=4194304]} | ret=SUCCESS |  
2019-08-23 07:09:00,527 [grpc-default-executor-0] INFO  client.GrpcClientProtocolClient (GrpcClientProtocolClient.java:onNext(255)) - client-D91E5D1E15CE->f2ba01fc-a63e-4348-bd18-030b60a135e7: receive RaftClientReply:client-D91E5D1E15CE->f2ba01fc-a63e-4348-bd18-030b60a135e7@group-C8C62FEF0626, cid=1627, SUCCESS, logIndex=0, commits[f2ba01fc-a63e-4348-bd18-030b60a135e7:c2345, eab135d4-a257-4705-b491-6c056b8c5df7:c2344, a4f67574-9018-43e7-8a54-351e98dc3d0a:c2344]
2019-08-23 07:09:00,532 | INFO  | SCMAudit | user=jenkins1000 | ip=192.168.5.178 | op=ALLOCATE_BLOCK {owner=aaf04d22-10dd-4717-8862-c651bdde72cf, size=4194304, type=RATIS, factor=THREE} | ret=SUCCESS |  
2019-08-23 07:09:00,535 | INFO  | OMAudit | user=jenkins1000 | ip=127.0.0.1 | op=ALLOCATE_BLOCK {volume=vol-0-67663, bucket=bucket-0-68950, key=key-0-26970, dataSize=0, replicationType=null, replicationFactor=null, keyLocationInfo=null, clientID=102665036030476690} | ret=SUCCESS |  
2019-08-23 07:09:00,541 | INFO  | DNAudit | user=null | ip=null | op=WRITE_CHUNK {blockData=conID: 1 locID: 102665036793905659 bcsId: 0} | ret=SUCCESS |  
2019-08-23 07:09:00,543 | INFO  | DNAudit | user=null | ip=null | op=WRITE_CHUNK {blockData=conID: 1 locID: 102665036793905659 bcsId: 0} | ret=SUCCESS |  
2019-08-23 07:09:00,543 | INFO  | DNAudit | user=null | ip=null | op=WRITE_CHUNK {blockData=conID: 1 locID: 102665036793905659 bcsId: 0} | ret=SUCCESS |  
2019-08-23 07:09:00,544 | INFO  | DNAudit | user=null | ip=null | op=WRITE_CHUNK {blockData=conID: 1 locID: 102665036793905659 bcsId: 0} | ret=SUCCESS |  
2019-08-23 07:09:00,544 | INFO  | DNAudit | user=null | ip=null | op=WRITE_CHUNK {blockData=conID: 1 locID: 102665036793905659 bcsId: 0} | ret=SUCCESS |  
2019-08-23 07:09:00,545 | INFO  | DNAudit | user=null | ip=null | op=WRITE_CHUNK {blockData=conID: 1 locID: 102665036793905659 bcsId: 0} | ret=SUCCESS |  
2019-08-23 07:09:00,553 | INFO  | DNAudit | user=null | ip=null | op=WRITE_CHUNK {blockData=conID: 1 locID: 102665036793905659 bcsId: 0} | ret=SUCCESS |  
2019-08-23 07:09:00,554 | INFO  | DNAudit | user=null | ip=null | op=PUT_BLOCK {blockData=[blockId=conID: 1 locID: 102665036793905659 bcsId: 0,size=1048576]} | ret=SUCCESS |  
2019-08-23 07:09:00,554 [grpc-default-executor-0] INFO  client.GrpcClientProtocolClient (GrpcClientProtocolClient.java:onNext(255)) - client-D91E5D1E15CE->f2ba01fc-a63e-4348-bd18-030b60a135e7: receive RaftClientReply:client-D91E5D1E15CE->f2ba01fc-a63e-4348-bd18-030b60a135e7@group-C8C62FEF0626, cid=1628, SUCCESS, logIndex=2347, commits[f2ba01fc-a63e-4348-bd18-030b60a135e7:c2347, eab135d4-a257-4705-b491-6c056b8c5df7:c2346, a4f67574-9018-43e7-8a54-351e98dc3d0a:c2346]
2019-08-23 07:09:00,554 | INFO  | DNAudit | user=null | ip=null | op=WRITE_CHUNK {blockData=conID: 1 locID: 102665036793905659 bcsId: 0} | ret=SUCCESS |  
2019-08-23 07:09:00,555 | INFO  | DNAudit | user=null | ip=null | op=PUT_BLOCK {blockData=[blockId=conID: 1 locID: 102665036793905659 bcsId: 0,size=2097152]} | ret=SUCCESS |  
2019-08-23 07:09:00,555 [grpc-default-executor-0] INFO  client.GrpcClientProtocolClient (GrpcClientProtocolClient.java:onNext(255)) - client-D91E5D1E15CE->f2ba01fc-a63e-4348-bd18-030b60a135e7: receive RaftClientReply:client-D91E5D1E15CE->f2ba01fc-a63e-4348-bd18-030b60a135e7@group-C8C62FEF0626, cid=1629, SUCCESS, logIndex=2348, commits[f2ba01fc-a63e-4348-bd18-030b60a135e7:c2350, eab135d4-a257-4705-b491-6c056b8c5df7:c2346, a4f67574-9018-43e7-8a54-351e98dc3d0a:c2346]
2019-08-23 07:09:00,555 [grpc-default-executor-0] INFO  client.GrpcClientProtocolClient (GrpcClientProtocolClient.java:onNext(255)) - client-D91E5D1E15CE->f2ba01fc-a63e-4348-bd18-030b60a135e7: receive RaftClientReply:client-D91E5D1E15CE->f2ba01fc-a63e-4348-bd18-030b60a135e7@group-C8C62FEF0626, cid=1630, SUCCESS, logIndex=2349, commits[f2ba01fc-a63e-4348-bd18-030b60a135e7:c2350, eab135d4-a257-4705-b491-6c056b8c5df7:c2346, a4f67574-9018-43e7-8a54-351e98dc3d0a:c2346]
2019-08-23 07:09:00,555 [grpc-default-executor-0] INFO  client.GrpcClientProtocolClient (GrpcClientProtocolClient.java:onNext(255)) - client-D91E5D1E15CE->f2ba01fc-a63e-4348-bd18-030b60a135e7: receive RaftClientReply:client-D91E5D1E15CE->f2ba01fc-a63e-4348-bd18-030b60a135e7@group-C8C62FEF0626, cid=1631, SUCCESS, logIndex=2350, commits[f2ba01fc-a63e-4348-bd18-030b60a135e7:c2350, eab135d4-a257-4705-b491-6c056b8c5df7:c2346, a4f67574-9018-43e7-8a54-351e98dc3d0a:c2346]
2019-08-23 07:09:00,555 | INFO  | DNAudit | user=null | ip=null | op=WRITE_CHUNK {blockData=conID: 1 locID: 102665036793905659 bcsId: 0} | ret=SUCCESS |  
2019-08-23 07:09:00,555 | INFO  | DNAudit | user=null | ip=null | op=WRITE_CHUNK {blockData=conID: 1 locID: 102665036793905659 bcsId: 0} | ret=SUCCESS |  
2019-08-23 07:09:00,556 | INFO  | DNAudit | user=null | ip=null | op=PUT_BLOCK {blockData=[blockId=conID: 1 locID: 102665036793905659 bcsId: 0,size=1048576]} | ret=SUCCESS |  
2019-08-23 07:09:00,556 | INFO  | DNAudit | user=null | ip=null | op=PUT_BLOCK {blockData=[blockId=conID: 1 locID: 102665036793905659 bcsId: 0,size=1048576]} | ret=SUCCESS |  
2019-08-23 07:09:00,556 [grpc-default-executor-2] INFO  client.GrpcClientProtocolClient (GrpcClientProtocolClient.java:onNext(255)) - client-D91E5D1E15CE->f2ba01fc-a63e-4348-bd18-030b60a135e7: receive RaftClientReply:client-D91E5D1E15CE->f2ba01fc-a63e-4348-bd18-030b60a135e7@group-C8C62FEF0626, cid=1632, SUCCESS, logIndex=0, commits[f2ba01fc-a63e-4348-bd18-030b60a135e7:c2351, eab135d4-a257-4705-b491-6c056b8c5df7:c2348, a4f67574-9018-43e7-8a54-351e98dc3d0a:c2348]
2019-08-23 07:09:00,557 | INFO  | DNAudit | user=null | ip=null | op=WRITE_CHUNK {blockData=conID: 1 locID: 102665036793905659 bcsId: 0} | ret=SUCCESS |  
2019-08-23 07:09:00,557 | INFO  | DNAudit | user=null | ip=null | op=WRITE_CHUNK {blockData=conID: 1 locID: 102665036793905659 bcsId: 0} | ret=SUCCESS |  
2019-08-23 07:09:00,557 | INFO  | DNAudit | user=null | ip=null | op=PUT_BLOCK {blockData=[blockId=conID: 1 locID: 102665036793905659 bcsId: 0,size=2097152]} | ret=SUCCESS |  
2019-08-23 07:09:00,557 | INFO  | DNAudit | user=null | ip=null | op=PUT_BLOCK {blockData=[blockId=conID: 1 locID: 102665036793905659 bcsId: 0,size=2097152]} | ret=SUCCESS |  
2019-08-23 07:09:00,561 | INFO  | DNAudit | user=null | ip=null | op=WRITE_CHUNK {blockData=conID: 1 locID: 102665036793905659 bcsId: 2350} | ret=SUCCESS |  
2019-08-23 07:09:00,563 | INFO  | DNAudit | user=null | ip=null | op=WRITE_CHUNK {blockData=conID: 1 locID: 102665036793905659 bcsId: 2350} | ret=SUCCESS |  
2019-08-23 07:09:00,563 | INFO  | DNAudit | user=null | ip=null | op=WRITE_CHUNK {blockData=conID: 1 locID: 102665036793905659 bcsId: 2350} | ret=SUCCESS |  
2019-08-23 07:09:00,573 | INFO  | DNAudit | user=null | ip=null | op=WRITE_CHUNK {blockData=conID: 1 locID: 102665036793905659 bcsId: 2350} | ret=SUCCESS |  
2019-08-23 07:09:00,574 | INFO  | DNAudit | user=null | ip=null | op=PUT_BLOCK {blockData=[blockId=conID: 1 locID: 102665036793905659 bcsId: 0,size=3145728]} | ret=SUCCESS |  
2019-08-23 07:09:00,574 [grpc-default-executor-2] INFO  client.GrpcClientProtocolClient (GrpcClientProtocolClient.java:onNext(255)) - client-D91E5D1E15CE->f2ba01fc-a63e-4348-bd18-030b60a135e7: receive RaftClientReply:client-D91E5D1E15CE->f2ba01fc-a63e-4348-bd18-030b60a135e7@group-C8C62FEF0626, cid=1633, SUCCESS, logIndex=2354, commits[f2ba01fc-a63e-4348-bd18-030b60a135e7:c2355, eab135d4-a257-4705-b491-6c056b8c5df7:c2353, a4f67574-9018-43e7-8a54-351e98dc3d0a:c2353]
2019-08-23 07:09:00,574 [grpc-default-executor-2] INFO  client.GrpcClientProtocolClient (GrpcClientProtocolClient.java:onNext(255)) - client-D91E5D1E15CE->f2ba01fc-a63e-4348-bd18-030b60a135e7: receive RaftClientReply:client-D91E5D1E15CE->f2ba01fc-a63e-4348-bd18-030b60a135e7@group-C8C62FEF0626, cid=1634, SUCCESS, logIndex=2355, commits[f2ba01fc-a63e-4348-bd18-030b60a135e7:c2355, eab135d4-a257-4705-b491-6c056b8c5df7:c2353, a4f67574-9018-43e7-8a54-351e98dc3d0a:c2353]
2019-08-23 07:09:00,579 | INFO  | DNAudit | user=null | ip=null | op=WRITE_CHUNK {blockData=conID: 1 locID: 102665036793905659 bcsId: 2355} | ret=SUCCESS |  
2019-08-23 07:09:00,581 | INFO  | DNAudit | user=null | ip=null | op=WRITE_CHUNK {blockData=conID: 1 locID: 102665036793905659 bcsId: 2355} | ret=SUCCESS |  
2019-08-23 07:09:00,581 | INFO  | DNAudit | user=null | ip=null | op=WRITE_CHUNK {blockData=conID: 1 locID: 102665036793905659 bcsId: 2355} | ret=SUCCESS |  
2019-08-23 07:09:00,585 | INFO  | DNAudit | user=null | ip=null | op=WRITE_CHUNK {blockData=conID: 1 locID: 102665036793905659 bcsId: 2350} | ret=SUCCESS |  
2019-08-23 07:09:00,585 | INFO  | DNAudit | user=null | ip=null | op=WRITE_CHUNK {blockData=conID: 1 locID: 102665036793905659 bcsId: 2350} | ret=SUCCESS |  
2019-08-23 07:09:00,586 | INFO  | DNAudit | user=null | ip=null | op=PUT_BLOCK {blockData=[blockId=conID: 1 locID: 102665036793905659 bcsId: 0,size=3145728]} | ret=SUCCESS |  
2019-08-23 07:09:00,586 | INFO  | DNAudit | user=null | ip=null | op=PUT_BLOCK {blockData=[blockId=conID: 1 locID: 102665036793905659 bcsId: 0,size=3145728]} | ret=SUCCESS |  
2019-08-23 07:09:00,586 | INFO  | DNAudit | user=null | ip=null | op=WRITE_CHUNK {blockData=conID: 1 locID: 102665036793905659 bcsId: 2355} | ret=SUCCESS |  
2019-08-23 07:09:00,587 | INFO  | DNAudit | user=null | ip=null | op=PUT_BLOCK {blockData=[blockId=conID: 1 locID: 102665036793905659 bcsId: 0,size=4194304]} | ret=SUCCESS |  
2019-08-23 07:09:00,587 [grpc-default-executor-2] INFO  client.GrpcClientProtocolClient (GrpcClientProtocolClient.java:onNext(255)) - client-D91E5D1E15CE->f2ba01fc-a63e-4348-bd18-030b60a135e7: receive RaftClientReply:client-D91E5D1E15CE->f2ba01fc-a63e-4348-bd18-030b60a135e7@group-C8C62FEF0626, cid=1635, SUCCESS, logIndex=2358, commits[f2ba01fc-a63e-4348-bd18-030b60a135e7:c2359, eab135d4-a257-4705-b491-6c056b8c5df7:c2355, a4f67574-9018-43e7-8a54-351e98dc3d0a:c2355]
2019-08-23 07:09:00,587 [grpc-default-executor-2] INFO  client.GrpcClientProtocolClient (GrpcClientProtocolClient.java:onNext(255)) - client-D91E5D1E15CE->f2ba01fc-a63e-4348-bd18-030b60a135e7: receive RaftClientReply:client-D91E5D1E15CE->f2ba01fc-a63e-4348-bd18-030b60a135e7@group-C8C62FEF0626, cid=1636, SUCCESS, logIndex=2359, commits[f2ba01fc-a63e-4348-bd18-030b60a135e7:c2359, eab135d4-a257-4705-b491-6c056b8c5df7:c2355, a4f67574-9018-43e7-8a54-351e98dc3d0a:c2355]
2019-08-23 07:09:00,598 | INFO  | DNAudit | user=null | ip=null | op=WRITE_CHUNK {blockData=conID: 1 locID: 102665036793905659 bcsId: 2355} | ret=SUCCESS |  
2019-08-23 07:09:00,598 | INFO  | DNAudit | user=null | ip=null | op=WRITE_CHUNK {blockData=conID: 1 locID: 102665036793905659 bcsId: 2355} | ret=SUCCESS |  
2019-08-23 07:09:00,599 | INFO  | DNAudit | user=null | ip=null | op=PUT_BLOCK {blockData=[blockId=conID: 1 locID: 102665036793905659 bcsId: 0,size=4194304]} | ret=SUCCESS |  
2019-08-23 07:09:00,599 | INFO  | DNAudit | user=null | ip=null | op=PUT_BLOCK {blockData=[blockId=conID: 1 locID: 102665036793905659 bcsId: 0,size=4194304]} | ret=SUCCESS |  
2019-08-23 07:09:00,599 [grpc-default-executor-2] INFO  client.GrpcClientProtocolClient (GrpcClientProtocolClient.java:onNext(255)) - client-D91E5D1E15CE->f2ba01fc-a63e-4348-bd18-030b60a135e7: receive RaftClientReply:client-D91E5D1E15CE->f2ba01fc-a63e-4348-bd18-030b60a135e7@group-C8C62FEF0626, cid=1637, SUCCESS, logIndex=0, commits[f2ba01fc-a63e-4348-bd18-030b60a135e7:c2361, eab135d4-a257-4705-b491-6c056b8c5df7:c2359, a4f67574-9018-43e7-8a54-351e98dc3d0a:c2359]
2019-08-23 07:09:00,604 | INFO  | SCMAudit | user=jenkins1000 | ip=192.168.5.178 | op=ALLOCATE_BLOCK {owner=aaf04d22-10dd-4717-8862-c651bdde72cf, size=4194304, type=RATIS, factor=THREE} | ret=SUCCESS |  
2019-08-23 07:09:00,606 | INFO  | OMAudit | user=jenkins1000 | ip=127.0.0.1 | op=ALLOCATE_BLOCK {volume=vol-0-67663, bucket=bucket-0-68950, key=key-0-26970, dataSize=0, replicationType=null, replicationFactor=null, keyLocationInfo=null, clientID=102665036030476690} | ret=SUCCESS |  
2019-08-23 07:09:00,612 | INFO  | DNAudit | user=null | ip=null | op=WRITE_CHUNK {blockData=conID: 2 locID: 102665036798558716 bcsId: 0} | ret=SUCCESS |  
2019-08-23 07:09:00,614 | INFO  | DNAudit | user=null | ip=null | op=WRITE_CHUNK {blockData=conID: 2 locID: 102665036798558716 bcsId: 0} | ret=SUCCESS |  
2019-08-23 07:09:00,614 | INFO  | DNAudit | user=null | ip=null | op=WRITE_CHUNK {blockData=conID: 2 locID: 102665036798558716 bcsId: 0} | ret=SUCCESS |  
2019-08-23 07:09:00,615 | INFO  | DNAudit | user=null | ip=null | op=WRITE_CHUNK {blockData=conID: 2 locID: 102665036798558716 bcsId: 0} | ret=SUCCESS |  
2019-08-23 07:09:00,616 | INFO  | DNAudit | user=null | ip=null | op=WRITE_CHUNK {blockData=conID: 2 locID: 102665036798558716 bcsId: 0} | ret=SUCCESS |  
2019-08-23 07:09:00,616 | INFO  | DNAudit | user=null | ip=null | op=WRITE_CHUNK {blockData=conID: 2 locID: 102665036798558716 bcsId: 0} | ret=SUCCESS |  
2019-08-23 07:09:00,626 | INFO  | DNAudit | user=null | ip=null | op=WRITE_CHUNK {blockData=conID: 2 locID: 102665036798558716 bcsId: 0} | ret=SUCCESS |  
2019-08-23 07:09:00,626 | INFO  | DNAudit | user=null | ip=null | op=PUT_BLOCK {blockData=[blockId=conID: 2 locID: 102665036798558716 bcsId: 0,size=1048576]} | ret=SUCCESS |  
2019-08-23 07:09:00,627 [grpc-default-executor-4] INFO  client.GrpcClientProtocolClient (GrpcClientProtocolClient.java:onNext(255)) - client-D91E5D1E15CE->f2ba01fc-a63e-4348-bd18-030b60a135e7: receive RaftClientReply:client-D91E5D1E15CE->f2ba01fc-a63e-4348-bd18-030b60a135e7@group-C8C62FEF0626, cid=1638, SUCCESS, logIndex=2362, commits[f2ba01fc-a63e-4348-bd18-030b60a135e7:c2363, eab135d4-a257-4705-b491-6c056b8c5df7:c2359, a4f67574-9018-43e7-8a54-351e98dc3d0a:c2361]
2019-08-23 07:09:00,627 [grpc-default-executor-4] INFO  client.GrpcClientProtocolClient (GrpcClientProtocolClient.java:onNext(255)) - client-D91E5D1E15CE->f2ba01fc-a63e-4348-bd18-030b60a135e7: receive RaftClientReply:client-D91E5D1E15CE->f2ba01fc-a63e-4348-bd18-030b60a135e7@group-C8C62FEF0626, cid=1639, SUCCESS, logIndex=2363, commits[f2ba01fc-a63e-4348-bd18-030b60a135e7:c2363, eab135d4-a257-4705-b491-6c056b8c5df7:c2359, a4f67574-9018-43e7-8a54-351e98dc3d0a:c2361]
2019-08-23 07:09:00,629 | INFO  | DNAudit | user=null | ip=null | op=WRITE_CHUNK {blockData=conID: 2 locID: 102665036798558716 bcsId: 0} | ret=SUCCESS |  
2019-08-23 07:09:00,629 | INFO  | DNAudit | user=null | ip=null | op=WRITE_CHUNK {blockData=conID: 2 locID: 102665036798558716 bcsId: 0} | ret=SUCCESS |  
2019-08-23 07:09:00,630 | INFO  | DNAudit | user=null | ip=null | op=PUT_BLOCK {blockData=[blockId=conID: 2 locID: 102665036798558716 bcsId: 0,size=1048576]} | ret=SUCCESS |  
2019-08-23 07:09:00,630 | INFO  | DNAudit | user=null | ip=null | op=PUT_BLOCK {blockData=[blockId=conID: 2 locID: 102665036798558716 bcsId: 0,size=2097152]} | ret=SUCCESS |  
2019-08-23 07:09:00,630 [grpc-default-executor-2] INFO  client.GrpcClientProtocolClient (GrpcClientProtocolClient.java:onNext(255)) - client-D91E5D1E15CE->f2ba01fc-a63e-4348-bd18-030b60a135e7: receive RaftClientReply:client-D91E5D1E15CE->f2ba01fc-a63e-4348-bd18-030b60a135e7@group-C8C62FEF0626, cid=1640, SUCCESS, logIndex=2364, commits[f2ba01fc-a63e-4348-bd18-030b60a135e7:c2367, eab135d4-a257-4705-b491-6c056b8c5df7:c2363, a4f67574-9018-43e7-8a54-351e98dc3d0a:c2361]
2019-08-23 07:09:00,630 [grpc-default-executor-2] INFO  client.GrpcClientProtocolClient (GrpcClientProtocolClient.java:onNext(255)) - client-D91E5D1E15CE->f2ba01fc-a63e-4348-bd18-030b60a135e7: receive RaftClientReply:client-D91E5D1E15CE->f2ba01fc-a63e-4348-bd18-030b60a135e7@group-C8C62FEF0626, cid=1641, SUCCESS, logIndex=2365, commits[f2ba01fc-a63e-4348-bd18-030b60a135e7:c2367, eab135d4-a257-4705-b491-6c056b8c5df7:c2363, a4f67574-9018-43e7-8a54-351e98dc3d0a:c2361]
2019-08-23 07:09:00,630 | INFO  | DNAudit | user=null | ip=null | op=WRITE_CHUNK {blockData=conID: 2 locID: 102665036798558716 bcsId: 0} | ret=SUCCESS |  
2019-08-23 07:09:00,631 | INFO  | DNAudit | user=null | ip=null | op=PUT_BLOCK {blockData=[blockId=conID: 2 locID: 102665036798558716 bcsId: 0,size=2097152]} | ret=SUCCESS |  
2019-08-23 07:09:00,631 | INFO  | DNAudit | user=null | ip=null | op=WRITE_CHUNK {blockData=conID: 2 locID: 102665036798558716 bcsId: 0} | ret=SUCCESS |  
2019-08-23 07:09:00,631 | INFO  | DNAudit | user=null | ip=null | op=PUT_BLOCK {blockData=[blockId=conID: 2 locID: 102665036798558716 bcsId: 0,size=1048576]} | ret=SUCCESS |  
2019-08-23 07:09:00,631 [grpc-default-executor-0] INFO  client.GrpcClientProtocolClient (GrpcClientProtocolClient.java:onNext(255)) - client-D91E5D1E15CE->f2ba01fc-a63e-4348-bd18-030b60a135e7: receive RaftClientReply:client-D91E5D1E15CE->f2ba01fc-a63e-4348-bd18-030b60a135e7@group-C8C62FEF0626, cid=1642, SUCCESS, logIndex=0, commits[f2ba01fc-a63e-4348-bd18-030b60a135e7:c2369, eab135d4-a257-4705-b491-6c056b8c5df7:c2365, a4f67574-9018-43e7-8a54-351e98dc3d0a:c2363]
2019-08-23 07:09:00,632 | INFO  | DNAudit | user=null | ip=null | op=WRITE_CHUNK {blockData=conID: 2 locID: 102665036798558716 bcsId: 0} | ret=SUCCESS |  
2019-08-23 07:09:00,632 | INFO  | DNAudit | user=null | ip=null | op=PUT_BLOCK {blockData=[blockId=conID: 2 locID: 102665036798558716 bcsId: 0,size=2097152]} | ret=SUCCESS |  
2019-08-23 07:09:00,636 | INFO  | DNAudit | user=null | ip=null | op=WRITE_CHUNK {blockData=conID: 2 locID: 102665036798558716 bcsId: 2365} | ret=SUCCESS |  
2019-08-23 07:09:00,638 | INFO  | DNAudit | user=null | ip=null | op=WRITE_CHUNK {blockData=conID: 2 locID: 102665036798558716 bcsId: 2365} | ret=SUCCESS |  
2019-08-23 07:09:00,639 | INFO  | DNAudit | user=null | ip=null | op=WRITE_CHUNK {blockData=conID: 2 locID: 102665036798558716 bcsId: 2365} | ret=SUCCESS |  
2019-08-23 07:09:00,641 | INFO  | DNAudit | user=null | ip=null | op=WRITE_CHUNK {blockData=conID: 2 locID: 102665036798558716 bcsId: 2365} | ret=SUCCESS |  
2019-08-23 07:09:00,642 | INFO  | DNAudit | user=null | ip=null | op=PUT_BLOCK {blockData=[blockId=conID: 2 locID: 102665036798558716 bcsId: 0,size=3145728]} | ret=SUCCESS |  
2019-08-23 07:09:00,642 [grpc-default-executor-2] INFO  client.GrpcClientProtocolClient (GrpcClientProtocolClient.java:onNext(255)) - client-D91E5D1E15CE->f2ba01fc-a63e-4348-bd18-030b60a135e7: receive RaftClientReply:client-D91E5D1E15CE->f2ba01fc-a63e-4348-bd18-030b60a135e7@group-C8C62FEF0626, cid=1643, SUCCESS, logIndex=2370, commits[f2ba01fc-a63e-4348-bd18-030b60a135e7:c2371, eab135d4-a257-4705-b491-6c056b8c5df7:c2369, a4f67574-9018-43e7-8a54-351e98dc3d0a:c2369]
2019-08-23 07:09:00,642 [grpc-default-executor-2] INFO  client.GrpcClientProtocolClient (GrpcClientProtocolClient.java:onNext(255)) - client-D91E5D1E15CE->f2ba01fc-a63e-4348-bd18-030b60a135e7: receive RaftClientReply:client-D91E5D1E15CE->f2ba01fc-a63e-4348-bd18-030b60a135e7@group-C8C62FEF0626, cid=1644, SUCCESS, logIndex=2371, commits[f2ba01fc-a63e-4348-bd18-030b60a135e7:c2371, eab135d4-a257-4705-b491-6c056b8c5df7:c2369, a4f67574-9018-43e7-8a54-351e98dc3d0a:c2369]
2019-08-23 07:09:00,643 | INFO  | SCMAudit | user=jenkins1000 | ip=192.168.5.178 | op=SEND_HEARTBEAT {datanodeUUID=f2ba01fc-a63e-4348-bd18-030b60a135e7, command=[]} | ret=SUCCESS |  
2019-08-23 07:09:00,643 | INFO  | SCMAudit | user=jenkins1000 | ip=192.168.5.178 | op=SEND_HEARTBEAT {datanodeUUID=eab135d4-a257-4705-b491-6c056b8c5df7, command=[]} | ret=SUCCESS |  
2019-08-23 07:09:00,643 | INFO  | SCMAudit | user=jenkins1000 | ip=192.168.5.178 | op=SEND_HEARTBEAT {datanodeUUID=a4f67574-9018-43e7-8a54-351e98dc3d0a, command=[]} | ret=SUCCESS |  
2019-08-23 07:09:00,645 | INFO  | DNAudit | user=null | ip=null | op=WRITE_CHUNK {blockData=conID: 2 locID: 102665036798558716 bcsId: 2365} | ret=SUCCESS |  
2019-08-23 07:09:00,645 | INFO  | DNAudit | user=null | ip=null | op=WRITE_CHUNK {blockData=conID: 2 locID: 102665036798558716 bcsId: 2365} | ret=SUCCESS |  
2019-08-23 07:09:00,645 | INFO  | DNAudit | user=null | ip=null | op=PUT_BLOCK {blockData=[blockId=conID: 2 locID: 102665036798558716 bcsId: 0,size=3145728]} | ret=SUCCESS |  
2019-08-23 07:09:00,645 | INFO  | DNAudit | user=null | ip=null | op=PUT_BLOCK {blockData=[blockId=conID: 2 locID: 102665036798558716 bcsId: 0,size=3145728]} | ret=SUCCESS |  
2019-08-23 07:09:00,647 | INFO  | DNAudit | user=null | ip=null | op=WRITE_CHUNK {blockData=conID: 2 locID: 102665036798558716 bcsId: 2371} | ret=SUCCESS |  
2019-08-23 07:09:00,648 | INFO  | DNAudit | user=null | ip=null | op=WRITE_CHUNK {blockData=conID: 2 locID: 102665036798558716 bcsId: 2371} | ret=SUCCESS |  
2019-08-23 07:09:00,649 | INFO  | DNAudit | user=null | ip=null | op=WRITE_CHUNK {blockData=conID: 2 locID: 102665036798558716 bcsId: 2371} | ret=SUCCESS |  
2019-08-23 07:09:00,650 | INFO  | DNAudit | user=null | ip=null | op=WRITE_CHUNK {blockData=conID: 2 locID: 102665036798558716 bcsId: 2371} | ret=SUCCESS |  
2019-08-23 07:09:00,650 | INFO  | DNAudit | user=null | ip=null | op=PUT_BLOCK {blockData=[blockId=conID: 2 locID: 102665036798558716 bcsId: 0,size=4194304]} | ret=SUCCESS |  
2019-08-23 07:09:00,651 [grpc-default-executor-4] INFO  client.GrpcClientProtocolClient (GrpcClientProtocolClient.java:onNext(255)) - client-D91E5D1E15CE->f2ba01fc-a63e-4348-bd18-030b60a135e7: receive RaftClientReply:client-D91E5D1E15CE->f2ba01fc-a63e-4348-bd18-030b60a135e7@group-C8C62FEF0626, cid=1645, SUCCESS, logIndex=2374, commits[f2ba01fc-a63e-4348-bd18-030b60a135e7:c2375, eab135d4-a257-4705-b491-6c056b8c5df7:c2373, a4f67574-9018-43e7-8a54-351e98dc3d0a:c2371]
2019-08-23 07:09:00,651 [grpc-default-executor-4] INFO  client.GrpcClientProtocolClient (GrpcClientProtocolClient.java:onNext(255)) - client-D91E5D1E15CE->f2ba01fc-a63e-4348-bd18-030b60a135e7: receive RaftClientReply:client-D91E5D1E15CE->f2ba01fc-a63e-4348-bd18-030b60a135e7@group-C8C62FEF0626, cid=1646, SUCCESS, logIndex=2375, commits[f2ba01fc-a63e-4348-bd18-030b60a135e7:c2375, eab135d4-a257-4705-b491-6c056b8c5df7:c2373, a4f67574-9018-43e7-8a54-351e98dc3d0a:c2373]
2019-08-23 07:09:00,653 | INFO  | DNAudit | user=null | ip=null | op=WRITE_CHUNK {blockData=conID: 2 locID: 102665036798558716 bcsId: 2371} | ret=SUCCESS |  
2019-08-23 07:09:00,654 | INFO  | DNAudit | user=null | ip=null | op=WRITE_CHUNK {blockData=conID: 2 locID: 102665036798558716 bcsId: 2371} | ret=SUCCESS |  
2019-08-23 07:09:00,654 | INFO  | DNAudit | user=null | ip=null | op=PUT_BLOCK {blockData=[blockId=conID: 2 locID: 102665036798558716 bcsId: 0,size=4194304]} | ret=SUCCESS |  
2019-08-23 07:09:00,654 | INFO  | DNAudit | user=null | ip=null | op=PUT_BLOCK {blockData=[blockId=conID: 2 locID: 102665036798558716 bcsId: 0,size=4194304]} | ret=SUCCESS |  
2019-08-23 07:09:00,654 [grpc-default-executor-4] INFO  client.GrpcClientProtocolClient (GrpcClientProtocolClient.java:onNext(255)) - client-D91E5D1E15CE->f2ba01fc-a63e-4348-bd18-030b60a135e7: receive RaftClientReply:client-D91E5D1E15CE->f2ba01fc-a63e-4348-bd18-030b60a135e7@group-C8C62FEF0626, cid=1647, SUCCESS, logIndex=0, commits[f2ba01fc-a63e-4348-bd18-030b60a135e7:c2376, eab135d4-a257-4705-b491-6c056b8c5df7:c2375, a4f67574-9018-43e7-8a54-351e98dc3d0a:c2375]
2019-08-23 07:09:00,657 | INFO  | SCMAudit | user=jenkins1000 | ip=192.168.5.178 | op=ALLOCATE_BLOCK {owner=aaf04d22-10dd-4717-8862-c651bdde72cf, size=4194304, type=RATIS, factor=THREE} | ret=SUCCESS |  
2019-08-23 07:09:00,659 | INFO  | OMAudit | user=jenkins1000 | ip=127.0.0.1 | op=ALLOCATE_BLOCK {volume=vol-0-67663, bucket=bucket-0-68950, key=key-0-26970, dataSize=0, replicationType=null, replicationFactor=null, keyLocationInfo=null, clientID=102665036030476690} | ret=SUCCESS |  
2019-08-23 07:09:00,665 | INFO  | DNAudit | user=null | ip=null | op=WRITE_CHUNK {blockData=conID: 3 locID: 102665036802097661 bcsId: 0} | ret=SUCCESS |  
2019-08-23 07:09:00,666 | INFO  | DNAudit | user=null | ip=null | op=WRITE_CHUNK {blockData=conID: 3 locID: 102665036802097661 bcsId: 0} | ret=SUCCESS |  
2019-08-23 07:09:00,667 | INFO  | DNAudit | user=null | ip=null | op=WRITE_CHUNK {blockData=conID: 3 locID: 102665036802097661 bcsId: 0} | ret=SUCCESS |  
2019-08-23 07:09:00,667 | INFO  | DNAudit | user=null | ip=null | op=WRITE_CHUNK {blockData=conID: 3 locID: 102665036802097661 bcsId: 0} | ret=SUCCESS |  
2019-08-23 07:09:00,668 | INFO  | DNAudit | user=null | ip=null | op=WRITE_CHUNK {blockData=conID: 3 locID: 102665036802097661 bcsId: 0} | ret=SUCCESS |  
2019-08-23 07:09:00,668 | INFO  | DNAudit | user=null | ip=null | op=WRITE_CHUNK {blockData=conID: 3 locID: 102665036802097661 bcsId: 0} | ret=SUCCESS |  
2019-08-23 07:09:00,670 | INFO  | DNAudit | user=null | ip=null | op=WRITE_CHUNK {blockData=conID: 3 locID: 102665036802097661 bcsId: 0} | ret=SUCCESS |  
2019-08-23 07:09:00,671 | INFO  | DNAudit | user=null | ip=null | op=PUT_BLOCK {blockData=[blockId=conID: 3 locID: 102665036802097661 bcsId: 0,size=1048576]} | ret=SUCCESS |  
2019-08-23 07:09:00,671 | INFO  | DNAudit | user=null | ip=null | op=WRITE_CHUNK {blockData=conID: 3 locID: 102665036802097661 bcsId: 0} | ret=SUCCESS |  
2019-08-23 07:09:00,671 [grpc-default-executor-2] INFO  client.GrpcClientProtocolClient (GrpcClientProtocolClient.java:onNext(255)) - client-D91E5D1E15CE->f2ba01fc-a63e-4348-bd18-030b60a135e7: receive RaftClientReply:client-D91E5D1E15CE->f2ba01fc-a63e-4348-bd18-030b60a135e7@group-C8C62FEF0626, cid=1648, SUCCESS, logIndex=2378, commits[f2ba01fc-a63e-4348-bd18-030b60a135e7:c2381, eab135d4-a257-4705-b491-6c056b8c5df7:c2375, a4f67574-9018-43e7-8a54-351e98dc3d0a:c2377]
2019-08-23 07:09:00,671 | INFO  | DNAudit | user=null | ip=null | op=PUT_BLOCK {blockData=[blockId=conID: 3 locID: 102665036802097661 bcsId: 0,size=2097152]} | ret=SUCCESS |  
2019-08-23 07:09:00,671 [grpc-default-executor-2] INFO  client.GrpcClientProtocolClient (GrpcClientProtocolClient.java:onNext(255)) - client-D91E5D1E15CE->f2ba01fc-a63e-4348-bd18-030b60a135e7: receive RaftClientReply:client-D91E5D1E15CE->f2ba01fc-a63e-4348-bd18-030b60a135e7@group-C8C62FEF0626, cid=1649, SUCCESS, logIndex=2379, commits[f2ba01fc-a63e-4348-bd18-030b60a135e7:c2381, eab135d4-a257-4705-b491-6c056b8c5df7:c2377, a4f67574-9018-43e7-8a54-351e98dc3d0a:c2377]
2019-08-23 07:09:00,672 [grpc-default-executor-2] INFO  client.GrpcClientProtocolClient (GrpcClientProtocolClient.java:onNext(255)) - client-D91E5D1E15CE->f2ba01fc-a63e-4348-bd18-030b60a135e7: receive RaftClientReply:client-D91E5D1E15CE->f2ba01fc-a63e-4348-bd18-030b60a135e7@group-C8C62FEF0626, cid=1650, SUCCESS, logIndex=2380, commits[f2ba01fc-a63e-4348-bd18-030b60a135e7:c2381, eab135d4-a257-4705-b491-6c056b8c5df7:c2377, a4f67574-9018-43e7-8a54-351e98dc3d0a:c2377]
2019-08-23 07:09:00,672 | INFO  | DNAudit | user=null | ip=null | op=WRITE_CHUNK {blockData=conID: 3 locID: 102665036802097661 bcsId: 0} | ret=SUCCESS |  
2019-08-23 07:09:00,672 | INFO  | DNAudit | user=null | ip=null | op=WRITE_CHUNK {blockData=conID: 3 locID: 102665036802097661 bcsId: 0} | ret=SUCCESS |  
2019-08-23 07:09:00,672 | INFO  | DNAudit | user=null | ip=null | op=PUT_BLOCK {blockData=[blockId=conID: 3 locID: 102665036802097661 bcsId: 0,size=1048576]} | ret=SUCCESS |  
2019-08-23 07:09:00,672 [grpc-default-executor-2] INFO  client.GrpcClientProtocolClient (GrpcClientProtocolClient.java:onNext(255)) - client-D91E5D1E15CE->f2ba01fc-a63e-4348-bd18-030b60a135e7: receive RaftClientReply:client-D91E5D1E15CE->f2ba01fc-a63e-4348-bd18-030b60a135e7@group-C8C62FEF0626, cid=1651, SUCCESS, logIndex=2381, commits[f2ba01fc-a63e-4348-bd18-030b60a135e7:c2381, eab135d4-a257-4705-b491-6c056b8c5df7:c2377, a4f67574-9018-43e7-8a54-351e98dc3d0a:c2377]
2019-08-23 07:09:00,672 | INFO  | DNAudit | user=null | ip=null | op=PUT_BLOCK {blockData=[blockId=conID: 3 locID: 102665036802097661 bcsId: 0,size=1048576]} | ret=SUCCESS |  
2019-08-23 07:09:00,673 [grpc-default-executor-2] INFO  client.GrpcClientProtocolClient (GrpcClientProtocolClient.java:onNext(255)) - client-D91E5D1E15CE->f2ba01fc-a63e-4348-bd18-030b60a135e7: receive RaftClientReply:client-D91E5D1E15CE->f2ba01fc-a63e-4348-bd18-030b60a135e7@group-C8C62FEF0626, cid=1652, SUCCESS, logIndex=0, commits[f2ba01fc-a63e-4348-bd18-030b60a135e7:c2382, eab135d4-a257-4705-b491-6c056b8c5df7:c2379, a4f67574-9018-43e7-8a54-351e98dc3d0a:c2379]
2019-08-23 07:09:00,673 | INFO  | DNAudit | user=null | ip=null | op=WRITE_CHUNK {blockData=conID: 3 locID: 102665036802097661 bcsId: 0} | ret=SUCCESS |  
2019-08-23 07:09:00,673 | INFO  | DNAudit | user=null | ip=null | op=WRITE_CHUNK {blockData=conID: 3 locID: 102665036802097661 bcsId: 0} | ret=SUCCESS |  
2019-08-23 07:09:00,673 | INFO  | DNAudit | user=null | ip=null | op=PUT_BLOCK {blockData=[blockId=conID: 3 locID: 102665036802097661 bcsId: 0,size=2097152]} | ret=SUCCESS |  
2019-08-23 07:09:00,674 | INFO  | DNAudit | user=null | ip=null | op=PUT_BLOCK {blockData=[blockId=conID: 3 locID: 102665036802097661 bcsId: 0,size=2097152]} | ret=SUCCESS |  
2019-08-23 07:09:00,678 | INFO  | DNAudit | user=null | ip=null | op=WRITE_CHUNK {blockData=conID: 3 locID: 102665036802097661 bcsId: 2381} | ret=SUCCESS |  
2019-08-23 07:09:00,680 | INFO  | DNAudit | user=null | ip=null | op=WRITE_CHUNK {blockData=conID: 3 locID: 102665036802097661 bcsId: 2381} | ret=SUCCESS |  
2019-08-23 07:09:00,680 | INFO  | DNAudit | user=null | ip=null | op=WRITE_CHUNK {blockData=conID: 3 locID: 102665036802097661 bcsId: 2381} | ret=SUCCESS |  
2019-08-23 07:09:00,682 | INFO  | DNAudit | user=null | ip=null | op=WRITE_CHUNK {blockData=conID: 3 locID: 102665036802097661 bcsId: 2381} | ret=SUCCESS |  
2019-08-23 07:09:00,682 | INFO  | DNAudit | user=null | ip=null | op=PUT_BLOCK {blockData=[blockId=conID: 3 locID: 102665036802097661 bcsId: 0,size=3145728]} | ret=SUCCESS |  
2019-08-23 07:09:00,682 [grpc-default-executor-3] INFO  client.GrpcClientProtocolClient (GrpcClientProtocolClient.java:onNext(255)) - client-D91E5D1E15CE->f2ba01fc-a63e-4348-bd18-030b60a135e7: receive RaftClientReply:client-D91E5D1E15CE->f2ba01fc-a63e-4348-bd18-030b60a135e7@group-C8C62FEF0626, cid=1653, SUCCESS, logIndex=2385, commits[f2ba01fc-a63e-4348-bd18-030b60a135e7:c2386, eab135d4-a257-4705-b491-6c056b8c5df7:c2381, a4f67574-9018-43e7-8a54-351e98dc3d0a:c2384]
2019-08-23 07:09:00,682 [grpc-default-executor-3] INFO  client.GrpcClientProtocolClient (GrpcClientProtocolClient.java:onNext(255)) - client-D91E5D1E15CE->f2ba01fc-a63e-4348-bd18-030b60a135e7: receive RaftClientReply:client-D91E5D1E15CE->f2ba01fc-a63e-4348-bd18-030b60a135e7@group-C8C62FEF0626, cid=1654, SUCCESS, logIndex=2386, commits[f2ba01fc-a63e-4348-bd18-030b60a135e7:c2386, eab135d4-a257-4705-b491-6c056b8c5df7:c2384, a4f67574-9018-43e7-8a54-351e98dc3d0a:c2384]
2019-08-23 07:09:00,683 | INFO  | DNAudit | user=null | ip=null | op=WRITE_CHUNK {blockData=conID: 3 locID: 102665036802097661 bcsId: 2381} | ret=SUCCESS |  
2019-08-23 07:09:00,683 | INFO  | DNAudit | user=null | ip=null | op=WRITE_CHUNK {blockData=conID: 3 locID: 102665036802097661 bcsId: 2381} | ret=SUCCESS |  
2019-08-23 07:09:00,684 | INFO  | DNAudit | user=null | ip=null | op=PUT_BLOCK {blockData=[blockId=conID: 3 locID: 102665036802097661 bcsId: 0,size=3145728]} | ret=SUCCESS |  
2019-08-23 07:09:00,684 | INFO  | DNAudit | user=null | ip=null | op=PUT_BLOCK {blockData=[blockId=conID: 3 locID: 102665036802097661 bcsId: 0,size=3145728]} | ret=SUCCESS |  
2019-08-23 07:09:00,688 | INFO  | DNAudit | user=null | ip=null | op=WRITE_CHUNK {blockData=conID: 3 locID: 102665036802097661 bcsId: 2386} | ret=SUCCESS |  
2019-08-23 07:09:00,689 | INFO  | DNAudit | user=null | ip=null | op=WRITE_CHUNK {blockData=conID: 3 locID: 102665036802097661 bcsId: 2386} | ret=SUCCESS |  
2019-08-23 07:09:00,690 | INFO  | DNAudit | user=null | ip=null | op=WRITE_CHUNK {blockData=conID: 3 locID: 102665036802097661 bcsId: 2386} | ret=SUCCESS |  
2019-08-23 07:09:00,709 | INFO  | DNAudit | user=null | ip=null | op=WRITE_CHUNK {blockData=conID: 3 locID: 102665036802097661 bcsId: 2386} | ret=SUCCESS |  
2019-08-23 07:09:00,709 | INFO  | DNAudit | user=null | ip=null | op=PUT_BLOCK {blockData=[blockId=conID: 3 locID: 102665036802097661 bcsId: 0,size=4194304]} | ret=SUCCESS |  
2019-08-23 07:09:00,709 [grpc-default-executor-0] INFO  client.GrpcClientProtocolClient (GrpcClientProtocolClient.java:onNext(255)) - client-D91E5D1E15CE->f2ba01fc-a63e-4348-bd18-030b60a135e7: receive RaftClientReply:client-D91E5D1E15CE->f2ba01fc-a63e-4348-bd18-030b60a135e7@group-C8C62FEF0626, cid=1655, SUCCESS, logIndex=2389, commits[f2ba01fc-a63e-4348-bd18-030b60a135e7:c2390, eab135d4-a257-4705-b491-6c056b8c5df7:c2388, a4f67574-9018-43e7-8a54-351e98dc3d0a:c2388]
2019-08-23 07:09:00,709 [grpc-default-executor-0] INFO  client.GrpcClientProtocolClient (GrpcClientProtocolClient.java:onNext(255)) - client-D91E5D1E15CE->f2ba01fc-a63e-4348-bd18-030b60a135e7: receive RaftClientReply:client-D91E5D1E15CE->f2ba01fc-a63e-4348-bd18-030b60a135e7@group-C8C62FEF0626, cid=1656, SUCCESS, logIndex=2390, commits[f2ba01fc-a63e-4348-bd18-030b60a135e7:c2390, eab135d4-a257-4705-b491-6c056b8c5df7:c2388, a4f67574-9018-43e7-8a54-351e98dc3d0a:c2388]
2019-08-23 07:09:00,720 | INFO  | DNAudit | user=null | ip=null | op=WRITE_CHUNK {blockData=conID: 3 locID: 102665036802097661 bcsId: 2386} | ret=SUCCESS |  
2019-08-23 07:09:00,720 | INFO  | DNAudit | user=null | ip=null | op=WRITE_CHUNK {blockData=conID: 3 locID: 102665036802097661 bcsId: 2386} | ret=SUCCESS |  
2019-08-23 07:09:00,721 | INFO  | DNAudit | user=null | ip=null | op=PUT_BLOCK {blockData=[blockId=conID: 3 locID: 102665036802097661 bcsId: 0,size=4194304]} | ret=SUCCESS |  
2019-08-23 07:09:00,721 | INFO  | DNAudit | user=null | ip=null | op=PUT_BLOCK {blockData=[blockId=conID: 3 locID: 102665036802097661 bcsId: 0,size=4194304]} | ret=SUCCESS |  
2019-08-23 07:09:00,722 [grpc-default-executor-0] INFO  client.GrpcClientProtocolClient (GrpcClientProtocolClient.java:onNext(255)) - client-D91E5D1E15CE->f2ba01fc-a63e-4348-bd18-030b60a135e7: receive RaftClientReply:client-D91E5D1E15CE->f2ba01fc-a63e-4348-bd18-030b60a135e7@group-C8C62FEF0626, cid=1657, SUCCESS, logIndex=0, commits[f2ba01fc-a63e-4348-bd18-030b60a135e7:c2391, eab135d4-a257-4705-b491-6c056b8c5df7:c2390, a4f67574-9018-43e7-8a54-351e98dc3d0a:c2390]
2019-08-23 07:09:00,725 | INFO  | SCMAudit | user=jenkins1000 | ip=192.168.5.178 | op=ALLOCATE_BLOCK {owner=aaf04d22-10dd-4717-8862-c651bdde72cf, size=4194304, type=RATIS, factor=THREE} | ret=SUCCESS |  
2019-08-23 07:09:00,727 | INFO  | OMAudit | user=jenkins1000 | ip=127.0.0.1 | op=ALLOCATE_BLOCK {volume=vol-0-67663, bucket=bucket-0-68950, key=key-0-26970, dataSize=0, replicationType=null, replicationFactor=null, keyLocationInfo=null, clientID=102665036030476690} | ret=SUCCESS |  
2019-08-23 07:09:00,733 | INFO  | DNAudit | user=null | ip=null | op=WRITE_CHUNK {blockData=conID: 1 locID: 102665036806554110 bcsId: 0} | ret=SUCCESS |  
2019-08-23 07:09:00,734 | INFO  | DNAudit | user=null | ip=null | op=WRITE_CHUNK {blockData=conID: 1 locID: 102665036806554110 bcsId: 0} | ret=SUCCESS |  
2019-08-23 07:09:00,735 | INFO  | DNAudit | user=null | ip=null | op=WRITE_CHUNK {blockData=conID: 1 locID: 102665036806554110 bcsId: 0} | ret=SUCCESS |  
2019-08-23 07:09:00,735 | INFO  | DNAudit | user=null | ip=null | op=WRITE_CHUNK {blockData=conID: 1 locID: 102665036806554110 bcsId: 0} | ret=SUCCESS |  
2019-08-23 07:09:00,736 | INFO  | DNAudit | user=null | ip=null | op=WRITE_CHUNK {blockData=conID: 1 locID: 102665036806554110 bcsId: 0} | ret=SUCCESS |  
2019-08-23 07:09:00,736 | INFO  | DNAudit | user=null | ip=null | op=WRITE_CHUNK {blockData=conID: 1 locID: 102665036806554110 bcsId: 0} | ret=SUCCESS |  
2019-08-23 07:09:00,747 | INFO  | DNAudit | user=null | ip=null | op=WRITE_CHUNK {blockData=conID: 1 locID: 102665036806554110 bcsId: 0} | ret=SUCCESS |  
2019-08-23 07:09:00,747 | INFO  | DNAudit | user=null | ip=null | op=PUT_BLOCK {blockData=[blockId=conID: 1 locID: 102665036806554110 bcsId: 0,size=1048576]} | ret=SUCCESS |  
2019-08-23 07:09:00,748 | INFO  | DNAudit | user=null | ip=null | op=WRITE_CHUNK {blockData=conID: 1 locID: 102665036806554110 bcsId: 0} | ret=SUCCESS |  
2019-08-23 07:09:00,748 [grpc-default-executor-2] INFO  client.GrpcClientProtocolClient (GrpcClientProtocolClient.java:onNext(255)) - client-D91E5D1E15CE->f2ba01fc-a63e-4348-bd18-030b60a135e7: receive RaftClientReply:client-D91E5D1E15CE->f2ba01fc-a63e-4348-bd18-030b60a135e7@group-C8C62FEF0626, cid=1658, SUCCESS, logIndex=2393, commits[f2ba01fc-a63e-4348-bd18-030b60a135e7:c2395, eab135d4-a257-4705-b491-6c056b8c5df7:c2392, a4f67574-9018-43e7-8a54-351e98dc3d0a:c2392]
2019-08-23 07:09:00,748 | INFO  | DNAudit | user=null | ip=null | op=PUT_BLOCK {blockData=[blockId=conID: 1 locID: 102665036806554110 bcsId: 0,size=2097152]} | ret=SUCCESS |  
2019-08-23 07:09:00,748 [grpc-default-executor-2] INFO  client.GrpcClientProtocolClient (GrpcClientProtocolClient.java:onNext(255)) - client-D91E5D1E15CE->f2ba01fc-a63e-4348-bd18-030b60a135e7: receive RaftClientReply:client-D91E5D1E15CE->f2ba01fc-a63e-4348-bd18-030b60a135e7@group-C8C62FEF0626, cid=1659, SUCCESS, logIndex=2394, commits[f2ba01fc-a63e-4348-bd18-030b60a135e7:c2396, eab135d4-a257-4705-b491-6c056b8c5df7:c2392, a4f67574-9018-43e7-8a54-351e98dc3d0a:c2392]
2019-08-23 07:09:00,748 [grpc-default-executor-2] INFO  client.GrpcClientProtocolClient (GrpcClientProtocolClient.java:onNext(255)) - client-D91E5D1E15CE->f2ba01fc-a63e-4348-bd18-030b60a135e7: receive RaftClientReply:client-D91E5D1E15CE->f2ba01fc-a63e-4348-bd18-030b60a135e7@group-C8C62FEF0626, cid=1660, SUCCESS, logIndex=2395, commits[f2ba01fc-a63e-4348-bd18-030b60a135e7:c2396, eab135d4-a257-4705-b491-6c056b8c5df7:c2392, a4f67574-9018-43e7-8a54-351e98dc3d0a:c2392]
2019-08-23 07:09:00,748 [grpc-default-executor-2] INFO  client.GrpcClientProtocolClient (GrpcClientProtocolClient.java:onNext(255)) - client-D91E5D1E15CE->f2ba01fc-a63e-4348-bd18-030b60a135e7: receive RaftClientReply:client-D91E5D1E15CE->f2ba01fc-a63e-4348-bd18-030b60a135e7@group-C8C62FEF0626, cid=1661, SUCCESS, logIndex=2396, commits[f2ba01fc-a63e-4348-bd18-030b60a135e7:c2396, eab135d4-a257-4705-b491-6c056b8c5df7:c2392, a4f67574-9018-43e7-8a54-351e98dc3d0a:c2392]
2019-08-23 07:09:00,758 | INFO  | DNAudit | user=null | ip=null | op=WRITE_CHUNK {blockData=conID: 1 locID: 102665036806554110 bcsId: 0} | ret=SUCCESS |  
2019-08-23 07:09:00,758 | INFO  | DNAudit | user=null | ip=null | op=WRITE_CHUNK {blockData=conID: 1 locID: 102665036806554110 bcsId: 0} | ret=SUCCESS |  
2019-08-23 07:09:00,759 | INFO  | DNAudit | user=null | ip=null | op=PUT_BLOCK {blockData=[blockId=conID: 1 locID: 102665036806554110 bcsId: 0,size=1048576]} | ret=SUCCESS |  
2019-08-23 07:09:00,759 | INFO  | DNAudit | user=null | ip=null | op=PUT_BLOCK {blockData=[blockId=conID: 1 locID: 102665036806554110 bcsId: 0,size=1048576]} | ret=SUCCESS |  
2019-08-23 07:09:00,759 [grpc-default-executor-2] INFO  client.GrpcClientProtocolClient (GrpcClientProtocolClient.java:onNext(255)) - client-D91E5D1E15CE->f2ba01fc-a63e-4348-bd18-030b60a135e7: receive RaftClientReply:client-D91E5D1E15CE->f2ba01fc-a63e-4348-bd18-030b60a135e7@group-C8C62FEF0626, cid=1662, SUCCESS, logIndex=0, commits[f2ba01fc-a63e-4348-bd18-030b60a135e7:c2397, eab135d4-a257-4705-b491-6c056b8c5df7:c2394, a4f67574-9018-43e7-8a54-351e98dc3d0a:c2394]
2019-08-23 07:09:00,760 | INFO  | DNAudit | user=null | ip=null | op=WRITE_CHUNK {blockData=conID: 1 locID: 102665036806554110 bcsId: 0} | ret=SUCCESS |  
2019-08-23 07:09:00,760 | INFO  | DNAudit | user=null | ip=null | op=WRITE_CHUNK {blockData=conID: 1 locID: 102665036806554110 bcsId: 0} | ret=SUCCESS |  
2019-08-23 07:09:00,760 | INFO  | DNAudit | user=null | ip=null | op=PUT_BLOCK {blockData=[blockId=conID: 1 locID: 102665036806554110 bcsId: 0,size=2097152]} | ret=SUCCESS |  
2019-08-23 07:09:00,760 | INFO  | DNAudit | user=null | ip=null | op=PUT_BLOCK {blockData=[blockId=conID: 1 locID: 102665036806554110 bcsId: 0,size=2097152]} | ret=SUCCESS |  
2019-08-23 07:09:00,764 | INFO  | DNAudit | user=null | ip=null | op=WRITE_CHUNK {blockData=conID: 1 locID: 102665036806554110 bcsId: 2396} | ret=SUCCESS |  
2019-08-23 07:09:00,766 | INFO  | DNAudit | user=null | ip=null | op=WRITE_CHUNK {blockData=conID: 1 locID: 102665036806554110 bcsId: 2396} | ret=SUCCESS |  
2019-08-23 07:09:00,766 | INFO  | DNAudit | user=null | ip=null | op=WRITE_CHUNK {blockData=conID: 1 locID: 102665036806554110 bcsId: 2396} | ret=SUCCESS |  
2019-08-23 07:09:00,776 | INFO  | DNAudit | user=null | ip=null | op=WRITE_CHUNK {blockData=conID: 1 locID: 102665036806554110 bcsId: 2396} | ret=SUCCESS |  
2019-08-23 07:09:00,776 | INFO  | DNAudit | user=null | ip=null | op=PUT_BLOCK {blockData=[blockId=conID: 1 locID: 102665036806554110 bcsId: 0,size=3145728]} | ret=SUCCESS |  
2019-08-23 07:09:00,776 [grpc-default-executor-2] INFO  client.GrpcClientProtocolClient (GrpcClientProtocolClient.java:onNext(255)) - client-D91E5D1E15CE->f2ba01fc-a63e-4348-bd18-030b60a135e7: receive RaftClientReply:client-D91E5D1E15CE->f2ba01fc-a63e-4348-bd18-030b60a135e7@group-C8C62FEF0626, cid=1663, SUCCESS, logIndex=2401, commits[f2ba01fc-a63e-4348-bd18-030b60a135e7:c2402, eab135d4-a257-4705-b491-6c056b8c5df7:c2400, a4f67574-9018-43e7-8a54-351e98dc3d0a:c2400]
2019-08-23 07:09:00,776 [grpc-default-executor-2] INFO  client.GrpcClientProtocolClient (GrpcClientProtocolClient.java:onNext(255)) - client-D91E5D1E15CE->f2ba01fc-a63e-4348-bd18-030b60a135e7: receive RaftClientReply:client-D91E5D1E15CE->f2ba01fc-a63e-4348-bd18-030b60a135e7@group-C8C62FEF0626, cid=1664, SUCCESS, logIndex=2402, commits[f2ba01fc-a63e-4348-bd18-030b60a135e7:c2402, eab135d4-a257-4705-b491-6c056b8c5df7:c2400, a4f67574-9018-43e7-8a54-351e98dc3d0a:c2400]
2019-08-23 07:09:00,781 | INFO  | DNAudit | user=null | ip=null | op=WRITE_CHUNK {blockData=conID: 1 locID: 102665036806554110 bcsId: 2402} | ret=SUCCESS |  
2019-08-23 07:09:00,783 | INFO  | DNAudit | user=null | ip=null | op=WRITE_CHUNK {blockData=conID: 1 locID: 102665036806554110 bcsId: 2402} | ret=SUCCESS |  
2019-08-23 07:09:00,784 | INFO  | DNAudit | user=null | ip=null | op=WRITE_CHUNK {blockData=conID: 1 locID: 102665036806554110 bcsId: 2402} | ret=SUCCESS |  
2019-08-23 07:09:00,787 | INFO  | DNAudit | user=null | ip=null | op=WRITE_CHUNK {blockData=conID: 1 locID: 102665036806554110 bcsId: 2396} | ret=SUCCESS |  
2019-08-23 07:09:00,787 | INFO  | DNAudit | user=null | ip=null | op=WRITE_CHUNK {blockData=conID: 1 locID: 102665036806554110 bcsId: 2396} | ret=SUCCESS |  
2019-08-23 07:09:00,788 | INFO  | DNAudit | user=null | ip=null | op=PUT_BLOCK {blockData=[blockId=conID: 1 locID: 102665036806554110 bcsId: 0,size=3145728]} | ret=SUCCESS |  
2019-08-23 07:09:00,788 | INFO  | DNAudit | user=null | ip=null | op=PUT_BLOCK {blockData=[blockId=conID: 1 locID: 102665036806554110 bcsId: 0,size=3145728]} | ret=SUCCESS |  
2019-08-23 07:09:00,789 | INFO  | DNAudit | user=null | ip=null | op=WRITE_CHUNK {blockData=conID: 1 locID: 102665036806554110 bcsId: 2402} | ret=SUCCESS |  
2019-08-23 07:09:00,789 | INFO  | DNAudit | user=null | ip=null | op=PUT_BLOCK {blockData=[blockId=conID: 1 locID: 102665036806554110 bcsId: 0,size=4194304]} | ret=SUCCESS |  
2019-08-23 07:09:00,789 [grpc-default-executor-2] INFO  client.GrpcClientProtocolClient (GrpcClientProtocolClient.java:onNext(255)) - client-D91E5D1E15CE->f2ba01fc-a63e-4348-bd18-030b60a135e7: receive RaftClientReply:client-D91E5D1E15CE->f2ba01fc-a63e-4348-bd18-030b60a135e7@group-C8C62FEF0626, cid=1665, SUCCESS, logIndex=2405, commits[f2ba01fc-a63e-4348-bd18-030b60a135e7:c2406, eab135d4-a257-4705-b491-6c056b8c5df7:c2402, a4f67574-9018-43e7-8a54-351e98dc3d0a:c2402]
2019-08-23 07:09:00,790 [grpc-default-executor-2] INFO  client.GrpcClientProtocolClient (GrpcClientProtocolClient.java:onNext(255)) - client-D91E5D1E15CE->f2ba01fc-a63e-4348-bd18-030b60a135e7: receive RaftClientReply:client-D91E5D1E15CE->f2ba01fc-a63e-4348-bd18-030b60a135e7@group-C8C62FEF0626, cid=1666, SUCCESS, logIndex=2406, commits[f2ba01fc-a63e-4348-bd18-030b60a135e7:c2406, eab135d4-a257-4705-b491-6c056b8c5df7:c2402, a4f67574-9018-43e7-8a54-351e98dc3d0a:c2402]
2019-08-23 07:09:00,801 | INFO  | DNAudit | user=null | ip=null | op=WRITE_CHUNK {blockData=conID: 1 locID: 102665036806554110 bcsId: 2402} | ret=SUCCESS |  
2019-08-23 07:09:00,801 | INFO  | DNAudit | user=null | ip=null | op=WRITE_CHUNK {blockData=conID: 1 locID: 102665036806554110 bcsId: 2402} | ret=SUCCESS |  
2019-08-23 07:09:00,802 | INFO  | DNAudit | user=null | ip=null | op=PUT_BLOCK {blockData=[blockId=conID: 1 locID: 102665036806554110 bcsId: 0,size=4194304]} | ret=SUCCESS |  
2019-08-23 07:09:00,802 | INFO  | DNAudit | user=null | ip=null | op=PUT_BLOCK {blockData=[blockId=conID: 1 locID: 102665036806554110 bcsId: 0,size=4194304]} | ret=SUCCESS |  
2019-08-23 07:09:00,803 [grpc-default-executor-0] INFO  client.GrpcClientProtocolClient (GrpcClientProtocolClient.java:onNext(255)) - client-D91E5D1E15CE->f2ba01fc-a63e-4348-bd18-030b60a135e7: receive RaftClientReply:client-D91E5D1E15CE->f2ba01fc-a63e-4348-bd18-030b60a135e7@group-C8C62FEF0626, cid=1667, SUCCESS, logIndex=0, commits[f2ba01fc-a63e-4348-bd18-030b60a135e7:c2407, eab135d4-a257-4705-b491-6c056b8c5df7:c2406, a4f67574-9018-43e7-8a54-351e98dc3d0a:c2406]
2019-08-23 07:09:00,806 | INFO  | SCMAudit | user=jenkins1000 | ip=192.168.5.178 | op=ALLOCATE_BLOCK {owner=aaf04d22-10dd-4717-8862-c651bdde72cf, size=4194304, type=RATIS, factor=THREE} | ret=SUCCESS |  
2019-08-23 07:09:00,808 | INFO  | OMAudit | user=jenkins1000 | ip=127.0.0.1 | op=ALLOCATE_BLOCK {volume=vol-0-67663, bucket=bucket-0-68950, key=key-0-26970, dataSize=0, replicationType=null, replicationFactor=null, keyLocationInfo=null, clientID=102665036030476690} | ret=SUCCESS |  
2019-08-23 07:09:00,814 | INFO  | DNAudit | user=null | ip=null | op=WRITE_CHUNK {blockData=conID: 2 locID: 102665036811862527 bcsId: 0} | ret=SUCCESS |  
2019-08-23 07:09:00,816 | INFO  | DNAudit | user=null | ip=null | op=WRITE_CHUNK {blockData=conID: 2 locID: 102665036811862527 bcsId: 0} | ret=SUCCESS |  
2019-08-23 07:09:00,816 | INFO  | DNAudit | user=null | ip=null | op=WRITE_CHUNK {blockData=conID: 2 locID: 102665036811862527 bcsId: 0} | ret=SUCCESS |  
2019-08-23 07:09:00,816 | INFO  | DNAudit | user=null | ip=null | op=WRITE_CHUNK {blockData=conID: 2 locID: 102665036811862527 bcsId: 0} | ret=SUCCESS |  
2019-08-23 07:09:00,819 | INFO  | DNAudit | user=null | ip=null | op=WRITE_CHUNK {blockData=conID: 2 locID: 102665036811862527 bcsId: 0} | ret=SUCCESS |  
2019-08-23 07:09:00,820 | INFO  | DNAudit | user=null | ip=null | op=WRITE_CHUNK {blockData=conID: 2 locID: 102665036811862527 bcsId: 0} | ret=SUCCESS |  
2019-08-23 07:09:00,826 | INFO  | DNAudit | user=null | ip=null | op=WRITE_CHUNK {blockData=conID: 2 locID: 102665036811862527 bcsId: 0} | ret=SUCCESS |  
2019-08-23 07:09:00,827 | INFO  | DNAudit | user=null | ip=null | op=PUT_BLOCK {blockData=[blockId=conID: 2 locID: 102665036811862527 bcsId: 0,size=1048576]} | ret=SUCCESS |  
2019-08-23 07:09:00,827 [grpc-default-executor-0] INFO  client.GrpcClientProtocolClient (GrpcClientProtocolClient.java:onNext(255)) - client-D91E5D1E15CE->f2ba01fc-a63e-4348-bd18-030b60a135e7: receive RaftClientReply:client-D91E5D1E15CE->f2ba01fc-a63e-4348-bd18-030b60a135e7@group-C8C62FEF0626, cid=1668, SUCCESS, logIndex=2409, commits[f2ba01fc-a63e-4348-bd18-030b60a135e7:c2410, eab135d4-a257-4705-b491-6c056b8c5df7:c2408, a4f67574-9018-43e7-8a54-351e98dc3d0a:c2408]
2019-08-23 07:09:00,827 | INFO  | DNAudit | user=null | ip=null | op=WRITE_CHUNK {blockData=conID: 2 locID: 102665036811862527 bcsId: 0} | ret=SUCCESS |  
2019-08-23 07:09:00,827 [grpc-default-executor-0] INFO  client.GrpcClientProtocolClient (GrpcClientProtocolClient.java:onNext(255)) - client-D91E5D1E15CE->f2ba01fc-a63e-4348-bd18-030b60a135e7: receive RaftClientReply:client-D91E5D1E15CE->f2ba01fc-a63e-4348-bd18-030b60a135e7@group-C8C62FEF0626, cid=1669, SUCCESS, logIndex=2410, commits[f2ba01fc-a63e-4348-bd18-030b60a135e7:c2410, eab135d4-a257-4705-b491-6c056b8c5df7:c2408, a4f67574-9018-43e7-8a54-351e98dc3d0a:c2408]
2019-08-23 07:09:00,828 | INFO  | DNAudit | user=null | ip=null | op=PUT_BLOCK {blockData=[blockId=conID: 2 locID: 102665036811862527 bcsId: 0,size=2097152]} | ret=SUCCESS |  
2019-08-23 07:09:00,828 [grpc-default-executor-0] INFO  client.GrpcClientProtocolClient (GrpcClientProtocolClient.java:onNext(255)) - client-D91E5D1E15CE->f2ba01fc-a63e-4348-bd18-030b60a135e7: receive RaftClientReply:client-D91E5D1E15CE->f2ba01fc-a63e-4348-bd18-030b60a135e7@group-C8C62FEF0626, cid=1670, SUCCESS, logIndex=2411, commits[f2ba01fc-a63e-4348-bd18-030b60a135e7:c2411, eab135d4-a257-4705-b491-6c056b8c5df7:c2408, a4f67574-9018-43e7-8a54-351e98dc3d0a:c2408]
2019-08-23 07:09:00,828 | INFO  | DNAudit | user=null | ip=null | op=WRITE_CHUNK {blockData=conID: 2 locID: 102665036811862527 bcsId: 0} | ret=SUCCESS |  
2019-08-23 07:09:00,828 | INFO  | DNAudit | user=null | ip=null | op=WRITE_CHUNK {blockData=conID: 2 locID: 102665036811862527 bcsId: 0} | ret=SUCCESS |  
2019-08-23 07:09:00,828 | INFO  | DNAudit | user=null | ip=null | op=PUT_BLOCK {blockData=[blockId=conID: 2 locID: 102665036811862527 bcsId: 0,size=1048576]} | ret=SUCCESS |  
2019-08-23 07:09:00,828 | INFO  | DNAudit | user=null | ip=null | op=PUT_BLOCK {blockData=[blockId=conID: 2 locID: 102665036811862527 bcsId: 0,size=1048576]} | ret=SUCCESS |  
2019-08-23 07:09:00,828 [grpc-default-executor-0] INFO  client.GrpcClientProtocolClient (GrpcClientProtocolClient.java:onNext(255)) - client-D91E5D1E15CE->f2ba01fc-a63e-4348-bd18-030b60a135e7: receive RaftClientReply:client-D91E5D1E15CE->f2ba01fc-a63e-4348-bd18-030b60a135e7@group-C8C62FEF0626, cid=1671, SUCCESS, logIndex=2412, commits[f2ba01fc-a63e-4348-bd18-030b60a135e7:c2412, eab135d4-a257-4705-b491-6c056b8c5df7:c2408, a4f67574-9018-43e7-8a54-351e98dc3d0a:c2408]
2019-08-23 07:09:00,829 | INFO  | DNAudit | user=null | ip=null | op=WRITE_CHUNK {blockData=conID: 2 locID: 102665036811862527 bcsId: 0} | ret=SUCCESS |  
2019-08-23 07:09:00,829 | INFO  | DNAudit | user=null | ip=null | op=PUT_BLOCK {blockData=[blockId=conID: 2 locID: 102665036811862527 bcsId: 0,size=2097152]} | ret=SUCCESS |  
2019-08-23 07:09:00,829 [grpc-default-executor-0] INFO  client.GrpcClientProtocolClient (GrpcClientProtocolClient.java:onNext(255)) - client-D91E5D1E15CE->f2ba01fc-a63e-4348-bd18-030b60a135e7: receive RaftClientReply:client-D91E5D1E15CE->f2ba01fc-a63e-4348-bd18-030b60a135e7@group-C8C62FEF0626, cid=1672, SUCCESS, logIndex=0, commits[f2ba01fc-a63e-4348-bd18-030b60a135e7:c2414, eab135d4-a257-4705-b491-6c056b8c5df7:c2410, a4f67574-9018-43e7-8a54-351e98dc3d0a:c2411]
2019-08-23 07:09:00,829 | INFO  | DNAudit | user=null | ip=null | op=WRITE_CHUNK {blockData=conID: 2 locID: 102665036811862527 bcsId: 0} | ret=SUCCESS |  
2019-08-23 07:09:00,829 | INFO  | DNAudit | user=null | ip=null | op=PUT_BLOCK {blockData=[blockId=conID: 2 locID: 102665036811862527 bcsId: 0,size=2097152]} | ret=SUCCESS |  
2019-08-23 07:09:00,834 | INFO  | DNAudit | user=null | ip=null | op=WRITE_CHUNK {blockData=conID: 2 locID: 102665036811862527 bcsId: 2412} | ret=SUCCESS |  
2019-08-23 07:09:00,835 | INFO  | DNAudit | user=null | ip=null | op=WRITE_CHUNK {blockData=conID: 2 locID: 102665036811862527 bcsId: 2412} | ret=SUCCESS |  
2019-08-23 07:09:00,836 | INFO  | DNAudit | user=null | ip=null | op=WRITE_CHUNK {blockData=conID: 2 locID: 102665036811862527 bcsId: 2412} | ret=SUCCESS |  
2019-08-23 07:09:00,846 | INFO  | DNAudit | user=null | ip=null | op=WRITE_CHUNK {blockData=conID: 2 locID: 102665036811862527 bcsId: 2412} | ret=SUCCESS |  
2019-08-23 07:09:00,846 | INFO  | DNAudit | user=null | ip=null | op=PUT_BLOCK {blockData=[blockId=conID: 2 locID: 102665036811862527 bcsId: 0,size=3145728]} | ret=SUCCESS |  
2019-08-23 07:09:00,846 [grpc-default-executor-0] INFO  client.GrpcClientProtocolClient (GrpcClientProtocolClient.java:onNext(255)) - client-D91E5D1E15CE->f2ba01fc-a63e-4348-bd18-030b60a135e7: receive RaftClientReply:client-D91E5D1E15CE->f2ba01fc-a63e-4348-bd18-030b60a135e7@group-C8C62FEF0626, cid=1673, SUCCESS, logIndex=2417, commits[f2ba01fc-a63e-4348-bd18-030b60a135e7:c2418, eab135d4-a257-4705-b491-6c056b8c5df7:c2416, a4f67574-9018-43e7-8a54-351e98dc3d0a:c2416]
2019-08-23 07:09:00,846 [grpc-default-executor-0] INFO  client.GrpcClientProtocolClient (GrpcClientProtocolClient.java:onNext(255)) - client-D91E5D1E15CE->f2ba01fc-a63e-4348-bd18-030b60a135e7: receive RaftClientReply:client-D91E5D1E15CE->f2ba01fc-a63e-4348-bd18-030b60a135e7@group-C8C62FEF0626, cid=1674, SUCCESS, logIndex=2418, commits[f2ba01fc-a63e-4348-bd18-030b60a135e7:c2418, eab135d4-a257-4705-b491-6c056b8c5df7:c2416, a4f67574-9018-43e7-8a54-351e98dc3d0a:c2416]
2019-08-23 07:09:00,851 | INFO  | DNAudit | user=null | ip=null | op=WRITE_CHUNK {blockData=conID: 2 locID: 102665036811862527 bcsId: 2418} | ret=SUCCESS |  
2019-08-23 07:09:00,853 | INFO  | DNAudit | user=null | ip=null | op=WRITE_CHUNK {blockData=conID: 2 locID: 102665036811862527 bcsId: 2418} | ret=SUCCESS |  
2019-08-23 07:09:00,853 | INFO  | DNAudit | user=null | ip=null | op=WRITE_CHUNK {blockData=conID: 2 locID: 102665036811862527 bcsId: 2418} | ret=SUCCESS |  
2019-08-23 07:09:00,857 | INFO  | DNAudit | user=null | ip=null | op=WRITE_CHUNK {blockData=conID: 2 locID: 102665036811862527 bcsId: 2412} | ret=SUCCESS |  
2019-08-23 07:09:00,857 | INFO  | DNAudit | user=null | ip=null | op=WRITE_CHUNK {blockData=conID: 2 locID: 102665036811862527 bcsId: 2412} | ret=SUCCESS |  
2019-08-23 07:09:00,859 | INFO  | DNAudit | user=null | ip=null | op=PUT_BLOCK {blockData=[blockId=conID: 2 locID: 102665036811862527 bcsId: 0,size=3145728]} | ret=SUCCESS |  
2019-08-23 07:09:00,859 | INFO  | DNAudit | user=null | ip=null | op=PUT_BLOCK {blockData=[blockId=conID: 2 locID: 102665036811862527 bcsId: 0,size=3145728]} | ret=SUCCESS |  
2019-08-23 07:09:00,859 | INFO  | DNAudit | user=null | ip=null | op=WRITE_CHUNK {blockData=conID: 2 locID: 102665036811862527 bcsId: 2418} | ret=SUCCESS |  
2019-08-23 07:09:00,859 | INFO  | DNAudit | user=null | ip=null | op=PUT_BLOCK {blockData=[blockId=conID: 2 locID: 102665036811862527 bcsId: 0,size=4194304]} | ret=SUCCESS |  
2019-08-23 07:09:00,859 [grpc-default-executor-0] INFO  client.GrpcClientProtocolClient (GrpcClientProtocolClient.java:onNext(255)) - client-D91E5D1E15CE->f2ba01fc-a63e-4348-bd18-030b60a135e7: receive RaftClientReply:client-D91E5D1E15CE->f2ba01fc-a63e-4348-bd18-030b60a135e7@group-C8C62FEF0626, cid=1675, SUCCESS, logIndex=2421, commits[f2ba01fc-a63e-4348-bd18-030b60a135e7:c2421, eab135d4-a257-4705-b491-6c056b8c5df7:c2418, a4f67574-9018-43e7-8a54-351e98dc3d0a:c2418]
2019-08-23 07:09:00,859 [grpc-default-executor-0] INFO  client.GrpcClientProtocolClient (GrpcClientProtocolClient.java:onNext(255)) - client-D91E5D1E15CE->f2ba01fc-a63e-4348-bd18-030b60a135e7: receive RaftClientReply:client-D91E5D1E15CE->f2ba01fc-a63e-4348-bd18-030b60a135e7@group-C8C62FEF0626, cid=1676, SUCCESS, logIndex=2422, commits[f2ba01fc-a63e-4348-bd18-030b60a135e7:c2422, eab135d4-a257-4705-b491-6c056b8c5df7:c2418, a4f67574-9018-43e7-8a54-351e98dc3d0a:c2418]
2019-08-23 07:09:00,870 | INFO  | DNAudit | user=null | ip=null | op=WRITE_CHUNK {blockData=conID: 2 locID: 102665036811862527 bcsId: 2418} | ret=SUCCESS |  
2019-08-23 07:09:00,871 | INFO  | DNAudit | user=null | ip=null | op=WRITE_CHUNK {blockData=conID: 2 locID: 102665036811862527 bcsId: 2418} | ret=SUCCESS |  
2019-08-23 07:09:00,872 | INFO  | DNAudit | user=null | ip=null | op=PUT_BLOCK {blockData=[blockId=conID: 2 locID: 102665036811862527 bcsId: 0,size=4194304]} | ret=SUCCESS |  
2019-08-23 07:09:00,872 | INFO  | DNAudit | user=null | ip=null | op=PUT_BLOCK {blockData=[blockId=conID: 2 locID: 102665036811862527 bcsId: 0,size=4194304]} | ret=SUCCESS |  
2019-08-23 07:09:00,872 [grpc-default-executor-2] INFO  client.GrpcClientProtocolClient (GrpcClientProtocolClient.java:onNext(255)) - client-D91E5D1E15CE->f2ba01fc-a63e-4348-bd18-030b60a135e7: receive RaftClientReply:client-D91E5D1E15CE->f2ba01fc-a63e-4348-bd18-030b60a135e7@group-C8C62FEF0626, cid=1677, SUCCESS, logIndex=0, commits[f2ba01fc-a63e-4348-bd18-030b60a135e7:c2424, eab135d4-a257-4705-b491-6c056b8c5df7:c2422, a4f67574-9018-43e7-8a54-351e98dc3d0a:c2422]
2019-08-23 07:09:00,875 | INFO  | SCMAudit | user=jenkins1000 | ip=192.168.5.178 | op=ALLOCATE_BLOCK {owner=aaf04d22-10dd-4717-8862-c651bdde72cf, size=4194304, type=RATIS, factor=THREE} | ret=SUCCESS |  
2019-08-23 07:09:00,877 | INFO  | OMAudit | user=jenkins1000 | ip=127.0.0.1 | op=ALLOCATE_BLOCK {volume=vol-0-67663, bucket=bucket-0-68950, key=key-0-26970, dataSize=0, replicationType=null, replicationFactor=null, keyLocationInfo=null, clientID=102665036030476690} | ret=SUCCESS |  
2019-08-23 07:09:00,883 | INFO  | DNAudit | user=null | ip=null | op=WRITE_CHUNK {blockData=conID: 3 locID: 102665036816384512 bcsId: 0} | ret=SUCCESS |  
2019-08-23 07:09:00,885 | INFO  | DNAudit | user=null | ip=null | op=WRITE_CHUNK {blockData=conID: 3 locID: 102665036816384512 bcsId: 0} | ret=SUCCESS |  
2019-08-23 07:09:00,885 | INFO  | DNAudit | user=null | ip=null | op=WRITE_CHUNK {blockData=conID: 3 locID: 102665036816384512 bcsId: 0} | ret=SUCCESS |  
2019-08-23 07:09:00,885 | INFO  | DNAudit | user=null | ip=null | op=WRITE_CHUNK {blockData=conID: 3 locID: 102665036816384512 bcsId: 0} | ret=SUCCESS |  
2019-08-23 07:09:00,886 | INFO  | DNAudit | user=null | ip=null | op=WRITE_CHUNK {blockData=conID: 3 locID: 102665036816384512 bcsId: 0} | ret=SUCCESS |  
2019-08-23 07:09:00,886 | INFO  | DNAudit | user=null | ip=null | op=WRITE_CHUNK {blockData=conID: 3 locID: 102665036816384512 bcsId: 0} | ret=SUCCESS |  
2019-08-23 07:09:00,895 | INFO  | DNAudit | user=null | ip=null | op=WRITE_CHUNK {blockData=conID: 3 locID: 102665036816384512 bcsId: 0} | ret=SUCCESS |  
2019-08-23 07:09:00,895 | INFO  | DNAudit | user=null | ip=null | op=PUT_BLOCK {blockData=[blockId=conID: 3 locID: 102665036816384512 bcsId: 0,size=1048576]} | ret=SUCCESS |  
2019-08-23 07:09:00,895 [grpc-default-executor-0] INFO  client.GrpcClientProtocolClient (GrpcClientProtocolClient.java:onNext(255)) - client-D91E5D1E15CE->f2ba01fc-a63e-4348-bd18-030b60a135e7: receive RaftClientReply:client-D91E5D1E15CE->f2ba01fc-a63e-4348-bd18-030b60a135e7@group-C8C62FEF0626, cid=1678, SUCCESS, logIndex=2425, commits[f2ba01fc-a63e-4348-bd18-030b60a135e7:c2426, eab135d4-a257-4705-b491-6c056b8c5df7:c2424, a4f67574-9018-43e7-8a54-351e98dc3d0a:c2424]
2019-08-23 07:09:00,896 | INFO  | DNAudit | user=null | ip=null | op=WRITE_CHUNK {blockData=conID: 3 locID: 102665036816384512 bcsId: 0} | ret=SUCCESS |  
2019-08-23 07:09:00,896 | INFO  | DNAudit | user=null | ip=null | op=PUT_BLOCK {blockData=[blockId=conID: 3 locID: 102665036816384512 bcsId: 0,size=2097152]} | ret=SUCCESS |  
2019-08-23 07:09:00,896 [grpc-default-executor-0] INFO  client.GrpcClientProtocolClient (GrpcClientProtocolClient.java:onNext(255)) - client-D91E5D1E15CE->f2ba01fc-a63e-4348-bd18-030b60a135e7: receive RaftClientReply:client-D91E5D1E15CE->f2ba01fc-a63e-4348-bd18-030b60a135e7@group-C8C62FEF0626, cid=1679, SUCCESS, logIndex=2426, commits[f2ba01fc-a63e-4348-bd18-030b60a135e7:c2428, eab135d4-a257-4705-b491-6c056b8c5df7:c2424, a4f67574-9018-43e7-8a54-351e98dc3d0a:c2424]
2019-08-23 07:09:00,896 [grpc-default-executor-0] INFO  client.GrpcClientProtocolClient (GrpcClientProtocolClient.java:onNext(255)) - client-D91E5D1E15CE->f2ba01fc-a63e-4348-bd18-030b60a135e7: receive RaftClientReply:client-D91E5D1E15CE->f2ba01fc-a63e-4348-bd18-030b60a135e7@group-C8C62FEF0626, cid=1680, SUCCESS, logIndex=2427, commits[f2ba01fc-a63e-4348-bd18-030b60a135e7:c2428, eab135d4-a257-4705-b491-6c056b8c5df7:c2424, a4f67574-9018-43e7-8a54-351e98dc3d0a:c2424]
2019-08-23 07:09:00,896 | INFO  | DNAudit | user=null | ip=null | op=WRITE_CHUNK {blockData=conID: 3 locID: 102665036816384512 bcsId: 0} | ret=SUCCESS |  
2019-08-23 07:09:00,896 [grpc-default-executor-2] INFO  client.GrpcClientProtocolClient (GrpcClientProtocolClient.java:onNext(255)) - client-D91E5D1E15CE->f2ba01fc-a63e-4348-bd18-030b60a135e7: receive RaftClientReply:client-D91E5D1E15CE->f2ba01fc-a63e-4348-bd18-030b60a135e7@group-C8C62FEF0626, cid=1681, SUCCESS, logIndex=2428, commits[f2ba01fc-a63e-4348-bd18-030b60a135e7:c2428, eab135d4-a257-4705-b491-6c056b8c5df7:c2424, a4f67574-9018-43e7-8a54-351e98dc3d0a:c2424]
2019-08-23 07:09:00,897 | INFO  | DNAudit | user=null | ip=null | op=WRITE_CHUNK {blockData=conID: 3 locID: 102665036816384512 bcsId: 0} | ret=SUCCESS |  
2019-08-23 07:09:00,897 | INFO  | DNAudit | user=null | ip=null | op=PUT_BLOCK {blockData=[blockId=conID: 3 locID: 102665036816384512 bcsId: 0,size=1048576]} | ret=SUCCESS |  
2019-08-23 07:09:00,898 | INFO  | DNAudit | user=null | ip=null | op=WRITE_CHUNK {blockData=conID: 3 locID: 102665036816384512 bcsId: 0} | ret=SUCCESS |  
2019-08-23 07:09:00,898 | INFO  | DNAudit | user=null | ip=null | op=PUT_BLOCK {blockData=[blockId=conID: 3 locID: 102665036816384512 bcsId: 0,size=2097152]} | ret=SUCCESS |  
2019-08-23 07:09:00,898 | INFO  | DNAudit | user=null | ip=null | op=PUT_BLOCK {blockData=[blockId=conID: 3 locID: 102665036816384512 bcsId: 0,size=1048576]} | ret=SUCCESS |  
2019-08-23 07:09:00,898 | INFO  | DNAudit | user=null | ip=null | op=WRITE_CHUNK {blockData=conID: 3 locID: 102665036816384512 bcsId: 0} | ret=SUCCESS |  
2019-08-23 07:09:00,898 | INFO  | DNAudit | user=null | ip=null | op=PUT_BLOCK {blockData=[blockId=conID: 3 locID: 102665036816384512 bcsId: 0,size=2097152]} | ret=SUCCESS |  
2019-08-23 07:09:00,898 [grpc-default-executor-2] INFO  client.GrpcClientProtocolClient (GrpcClientProtocolClient.java:onNext(255)) - client-D91E5D1E15CE->f2ba01fc-a63e-4348-bd18-030b60a135e7: receive RaftClientReply:client-D91E5D1E15CE->f2ba01fc-a63e-4348-bd18-030b60a135e7@group-C8C62FEF0626, cid=1682, SUCCESS, logIndex=0, commits[f2ba01fc-a63e-4348-bd18-030b60a135e7:c2431, eab135d4-a257-4705-b491-6c056b8c5df7:c2428, a4f67574-9018-43e7-8a54-351e98dc3d0a:c2426]
2019-08-23 07:09:00,903 | INFO  | DNAudit | user=null | ip=null | op=WRITE_CHUNK {blockData=conID: 3 locID: 102665036816384512 bcsId: 2428} | ret=SUCCESS |  
2019-08-23 07:09:00,905 | INFO  | DNAudit | user=null | ip=null | op=WRITE_CHUNK {blockData=conID: 3 locID: 102665036816384512 bcsId: 2428} | ret=SUCCESS |  
2019-08-23 07:09:00,905 | INFO  | DNAudit | user=null | ip=null | op=WRITE_CHUNK {blockData=conID: 3 locID: 102665036816384512 bcsId: 2428} | ret=SUCCESS |  
2019-08-23 07:09:00,915 | INFO  | DNAudit | user=null | ip=null | op=WRITE_CHUNK {blockData=conID: 3 locID: 102665036816384512 bcsId: 2428} | ret=SUCCESS |  
2019-08-23 07:09:00,915 | INFO  | DNAudit | user=null | ip=null | op=PUT_BLOCK {blockData=[blockId=conID: 3 locID: 102665036816384512 bcsId: 0,size=3145728]} | ret=SUCCESS |  
2019-08-23 07:09:00,915 [grpc-default-executor-3] INFO  client.GrpcClientProtocolClient (GrpcClientProtocolClient.java:onNext(255)) - client-D91E5D1E15CE->f2ba01fc-a63e-4348-bd18-030b60a135e7: receive RaftClientReply:client-D91E5D1E15CE->f2ba01fc-a63e-4348-bd18-030b60a135e7@group-C8C62FEF0626, cid=1683, SUCCESS, logIndex=2432, commits[f2ba01fc-a63e-4348-bd18-030b60a135e7:c2433, eab135d4-a257-4705-b491-6c056b8c5df7:c2431, a4f67574-9018-43e7-8a54-351e98dc3d0a:c2431]
 0.00% |█                                                                                                    |  0/1 Time: 0:00:122019-08-23 07:09:01,011 [grpc-default-executor-3] INFO  client.GrpcClientProtocolClient (GrpcClientProtocolClient.java:onNext(255)) - client-D91E5D1E15CE->f2ba01fc-a63e-4348-bd18-030b60a135e7: receive RaftClientReply:client-D91E5D1E15CE->f2ba01fc-a63e-4348-bd18-030b60a135e7@group-C8C62FEF0626, cid=1684, SUCCESS, logIndex=2433, commits[f2ba01fc-a63e-4348-bd18-030b60a135e7:c2433, eab135d4-a257-4705-b491-6c056b8c5df7:c2431, a4f67574-9018-43e7-8a54-351e98dc3d0a:c2431]
2019-08-23 07:09:01,012 | INFO  | SCMAudit | user=jenkins1000 | ip=192.168.5.178 | op=SEND_HEARTBEAT {datanodeUUID=5c311bc2-cc7c-45de-998f-f79499d85d4e, command=[]} | ret=SUCCESS |  
2019-08-23 07:09:01,012 | INFO  | DNAudit | user=null | ip=null | op=WRITE_CHUNK {blockData=conID: 3 locID: 102665036816384512 bcsId: 2428} | ret=SUCCESS |  
2019-08-23 07:09:01,012 | INFO  | DNAudit | user=null | ip=null | op=WRITE_CHUNK {blockData=conID: 3 locID: 102665036816384512 bcsId: 2428} | ret=SUCCESS |  
2019-08-23 07:09:01,018 | INFO  | DNAudit | user=null | ip=null | op=WRITE_CHUNK {blockData=conID: 3 locID: 102665036816384512 bcsId: 2433} | ret=SUCCESS |  
2019-08-23 07:09:01,019 | INFO  | DNAudit | user=null | ip=null | op=WRITE_CHUNK {blockData=conID: 3 locID: 102665036816384512 bcsId: 2433} | ret=SUCCESS |  
2019-08-23 07:09:01,020 | INFO  | DNAudit | user=null | ip=null | op=WRITE_CHUNK {blockData=conID: 3 locID: 102665036816384512 bcsId: 2433} | ret=SUCCESS |  
2019-08-23 07:09:01,023 | INFO  | DNAudit | user=null | ip=null | op=PUT_BLOCK {blockData=[blockId=conID: 3 locID: 102665036816384512 bcsId: 0,size=3145728]} | ret=SUCCESS |  
2019-08-23 07:09:01,023 | INFO  | DNAudit | user=null | ip=null | op=PUT_BLOCK {blockData=[blockId=conID: 3 locID: 102665036816384512 bcsId: 0,size=3145728]} | ret=SUCCESS |  
2019-08-23 07:09:01,026 | INFO  | DNAudit | user=null | ip=null | op=WRITE_CHUNK {blockData=conID: 3 locID: 102665036816384512 bcsId: 2433} | ret=SUCCESS |  
2019-08-23 07:09:01,026 | INFO  | DNAudit | user=null | ip=null | op=PUT_BLOCK {blockData=[blockId=conID: 3 locID: 102665036816384512 bcsId: 0,size=4194304]} | ret=SUCCESS |  
2019-08-23 07:09:01,026 [grpc-default-executor-0] INFO  client.GrpcClientProtocolClient (GrpcClientProtocolClient.java:onNext(255)) - client-D91E5D1E15CE->f2ba01fc-a63e-4348-bd18-030b60a135e7: receive RaftClientReply:client-D91E5D1E15CE->f2ba01fc-a63e-4348-bd18-030b60a135e7@group-C8C62FEF0626, cid=1685, SUCCESS, logIndex=2436, commits[f2ba01fc-a63e-4348-bd18-030b60a135e7:c2437, eab135d4-a257-4705-b491-6c056b8c5df7:c2434, a4f67574-9018-43e7-8a54-351e98dc3d0a:c2434]
2019-08-23 07:09:01,027 [grpc-default-executor-0] INFO  client.GrpcClientProtocolClient (GrpcClientProtocolClient.java:onNext(255)) - client-D91E5D1E15CE->f2ba01fc-a63e-4348-bd18-030b60a135e7: receive RaftClientReply:client-D91E5D1E15CE->f2ba01fc-a63e-4348-bd18-030b60a135e7@group-C8C62FEF0626, cid=1686, SUCCESS, logIndex=2437, commits[f2ba01fc-a63e-4348-bd18-030b60a135e7:c2437, eab135d4-a257-4705-b491-6c056b8c5df7:c2434, a4f67574-9018-43e7-8a54-351e98dc3d0a:c2434]
2019-08-23 07:09:01,037 | INFO  | DNAudit | user=null | ip=null | op=WRITE_CHUNK {blockData=conID: 3 locID: 102665036816384512 bcsId: 2433} | ret=SUCCESS |  
2019-08-23 07:09:01,037 | INFO  | DNAudit | user=null | ip=null | op=WRITE_CHUNK {blockData=conID: 3 locID: 102665036816384512 bcsId: 2433} | ret=SUCCESS |  
2019-08-23 07:09:01,038 | INFO  | DNAudit | user=null | ip=null | op=PUT_BLOCK {blockData=[blockId=conID: 3 locID: 102665036816384512 bcsId: 0,size=4194304]} | ret=SUCCESS |  
2019-08-23 07:09:01,038 | INFO  | DNAudit | user=null | ip=null | op=PUT_BLOCK {blockData=[blockId=conID: 3 locID: 102665036816384512 bcsId: 0,size=4194304]} | ret=SUCCESS |  
2019-08-23 07:09:01,039 [grpc-default-executor-0] INFO  client.GrpcClientProtocolClient (GrpcClientProtocolClient.java:onNext(255)) - client-D91E5D1E15CE->f2ba01fc-a63e-4348-bd18-030b60a135e7: receive RaftClientReply:client-D91E5D1E15CE->f2ba01fc-a63e-4348-bd18-030b60a135e7@group-C8C62FEF0626, cid=1687, SUCCESS, logIndex=0, commits[f2ba01fc-a63e-4348-bd18-030b60a135e7:c2439, eab135d4-a257-4705-b491-6c056b8c5df7:c2437, a4f67574-9018-43e7-8a54-351e98dc3d0a:c2437]
2019-08-23 07:09:01,043 | INFO  | SCMAudit | user=jenkins1000 | ip=192.168.5.178 | op=ALLOCATE_BLOCK {owner=aaf04d22-10dd-4717-8862-c651bdde72cf, size=4194304, type=RATIS, factor=THREE} | ret=SUCCESS |  
2019-08-23 07:09:01,045 | INFO  | OMAudit | user=jenkins1000 | ip=127.0.0.1 | op=ALLOCATE_BLOCK {volume=vol-0-67663, bucket=bucket-0-68950, key=key-0-26970, dataSize=0, replicationType=null, replicationFactor=null, keyLocationInfo=null, clientID=102665036030476690} | ret=SUCCESS |  
2019-08-23 07:09:01,051 | INFO  | DNAudit | user=null | ip=null | op=WRITE_CHUNK {blockData=conID: 1 locID: 102665036827394561 bcsId: 0} | ret=SUCCESS |  
2019-08-23 07:09:01,053 | INFO  | DNAudit | user=null | ip=null | op=WRITE_CHUNK {blockData=conID: 1 locID: 102665036827394561 bcsId: 0} | ret=SUCCESS |  
2019-08-23 07:09:01,053 | INFO  | DNAudit | user=null | ip=null | op=WRITE_CHUNK {blockData=conID: 1 locID: 102665036827394561 bcsId: 0} | ret=SUCCESS |  
2019-08-23 07:09:01,054 | INFO  | DNAudit | user=null | ip=null | op=WRITE_CHUNK {blockData=conID: 1 locID: 102665036827394561 bcsId: 0} | ret=SUCCESS |  
2019-08-23 07:09:01,056 | INFO  | DNAudit | user=null | ip=null | op=WRITE_CHUNK {blockData=conID: 1 locID: 102665036827394561 bcsId: 0} | ret=SUCCESS |  
2019-08-23 07:09:01,057 | INFO  | DNAudit | user=null | ip=null | op=WRITE_CHUNK {blockData=conID: 1 locID: 102665036827394561 bcsId: 0} | ret=SUCCESS |  
2019-08-23 07:09:01,063 | INFO  | DNAudit | user=null | ip=null | op=WRITE_CHUNK {blockData=conID: 1 locID: 102665036827394561 bcsId: 0} | ret=SUCCESS |  
2019-08-23 07:09:01,063 | INFO  | DNAudit | user=null | ip=null | op=PUT_BLOCK {blockData=[blockId=conID: 1 locID: 102665036827394561 bcsId: 0,size=1048576]} | ret=SUCCESS |  
2019-08-23 07:09:01,063 [grpc-default-executor-0] INFO  client.GrpcClientProtocolClient (GrpcClientProtocolClient.java:onNext(255)) - client-D91E5D1E15CE->f2ba01fc-a63e-4348-bd18-030b60a135e7: receive RaftClientReply:client-D91E5D1E15CE->f2ba01fc-a63e-4348-bd18-030b60a135e7@group-C8C62FEF0626, cid=1688, SUCCESS, logIndex=2440, commits[f2ba01fc-a63e-4348-bd18-030b60a135e7:c2441, eab135d4-a257-4705-b491-6c056b8c5df7:c2439, a4f67574-9018-43e7-8a54-351e98dc3d0a:c2439]
2019-08-23 07:09:01,064 | INFO  | DNAudit | user=null | ip=null | op=WRITE_CHUNK {blockData=conID: 1 locID: 102665036827394561 bcsId: 0} | ret=SUCCESS |  
2019-08-23 07:09:01,064 [grpc-default-executor-0] INFO  client.GrpcClientProtocolClient (GrpcClientProtocolClient.java:onNext(255)) - client-D91E5D1E15CE->f2ba01fc-a63e-4348-bd18-030b60a135e7: receive RaftClientReply:client-D91E5D1E15CE->f2ba01fc-a63e-4348-bd18-030b60a135e7@group-C8C62FEF0626, cid=1689, SUCCESS, logIndex=2441, commits[f2ba01fc-a63e-4348-bd18-030b60a135e7:c2441, eab135d4-a257-4705-b491-6c056b8c5df7:c2439, a4f67574-9018-43e7-8a54-351e98dc3d0a:c2439]
2019-08-23 07:09:01,064 | INFO  | DNAudit | user=null | ip=null | op=PUT_BLOCK {blockData=[blockId=conID: 1 locID: 102665036827394561 bcsId: 0,size=2097152]} | ret=SUCCESS |  
2019-08-23 07:09:01,064 [grpc-default-executor-0] INFO  client.GrpcClientProtocolClient (GrpcClientProtocolClient.java:onNext(255)) - client-D91E5D1E15CE->f2ba01fc-a63e-4348-bd18-030b60a135e7: receive RaftClientReply:client-D91E5D1E15CE->f2ba01fc-a63e-4348-bd18-030b60a135e7@group-C8C62FEF0626, cid=1690, SUCCESS, logIndex=2442, commits[f2ba01fc-a63e-4348-bd18-030b60a135e7:c2443, eab135d4-a257-4705-b491-6c056b8c5df7:c2439, a4f67574-9018-43e7-8a54-351e98dc3d0a:c2439]
2019-08-23 07:09:01,064 | INFO  | DNAudit | user=null | ip=null | op=WRITE_CHUNK {blockData=conID: 1 locID: 102665036827394561 bcsId: 0} | ret=SUCCESS |  
2019-08-23 07:09:01,065 [grpc-default-executor-3] INFO  client.GrpcClientProtocolClient (GrpcClientProtocolClient.java:onNext(255)) - client-D91E5D1E15CE->f2ba01fc-a63e-4348-bd18-030b60a135e7: receive RaftClientReply:client-D91E5D1E15CE->f2ba01fc-a63e-4348-bd18-030b60a135e7@group-C8C62FEF0626, cid=1691, SUCCESS, logIndex=2443, commits[f2ba01fc-a63e-4348-bd18-030b60a135e7:c2443, eab135d4-a257-4705-b491-6c056b8c5df7:c2439, a4f67574-9018-43e7-8a54-351e98dc3d0a:c2439]
2019-08-23 07:09:01,065 | INFO  | DNAudit | user=null | ip=null | op=PUT_BLOCK {blockData=[blockId=conID: 1 locID: 102665036827394561 bcsId: 0,size=1048576]} | ret=SUCCESS |  
2019-08-23 07:09:01,067 | INFO  | DNAudit | user=null | ip=null | op=WRITE_CHUNK {blockData=conID: 1 locID: 102665036827394561 bcsId: 0} | ret=SUCCESS |  
2019-08-23 07:09:01,067 | INFO  | DNAudit | user=null | ip=null | op=PUT_BLOCK {blockData=[blockId=conID: 1 locID: 102665036827394561 bcsId: 0,size=1048576]} | ret=SUCCESS |  
2019-08-23 07:09:01,067 [grpc-default-executor-3] INFO  client.GrpcClientProtocolClient (GrpcClientProtocolClient.java:onNext(255)) - client-D91E5D1E15CE->f2ba01fc-a63e-4348-bd18-030b60a135e7: receive RaftClientReply:client-D91E5D1E15CE->f2ba01fc-a63e-4348-bd18-030b60a135e7@group-C8C62FEF0626, cid=1692, SUCCESS, logIndex=0, commits[f2ba01fc-a63e-4348-bd18-030b60a135e7:c2445, eab135d4-a257-4705-b491-6c056b8c5df7:c2441, a4f67574-9018-43e7-8a54-351e98dc3d0a:c2441]
2019-08-23 07:09:01,072 | INFO  | DNAudit | user=null | ip=null | op=WRITE_CHUNK {blockData=conID: 1 locID: 102665036827394561 bcsId: 2443} | ret=SUCCESS |  
2019-08-23 07:09:01,074 | INFO  | DNAudit | user=null | ip=null | op=WRITE_CHUNK {blockData=conID: 1 locID: 102665036827394561 bcsId: 2443} | ret=SUCCESS |  
2019-08-23 07:09:01,075 | INFO  | DNAudit | user=null | ip=null | op=WRITE_CHUNK {blockData=conID: 1 locID: 102665036827394561 bcsId: 2443} | ret=SUCCESS |  
2019-08-23 07:09:01,078 | INFO  | DNAudit | user=null | ip=null | op=WRITE_CHUNK {blockData=conID: 1 locID: 102665036827394561 bcsId: 0} | ret=SUCCESS |  
2019-08-23 07:09:01,078 | INFO  | DNAudit | user=null | ip=null | op=WRITE_CHUNK {blockData=conID: 1 locID: 102665036827394561 bcsId: 0} | ret=SUCCESS |  
2019-08-23 07:09:01,078 | INFO  | DNAudit | user=null | ip=null | op=PUT_BLOCK {blockData=[blockId=conID: 1 locID: 102665036827394561 bcsId: 0,size=2097152]} | ret=SUCCESS |  
2019-08-23 07:09:01,078 | INFO  | DNAudit | user=null | ip=null | op=PUT_BLOCK {blockData=[blockId=conID: 1 locID: 102665036827394561 bcsId: 0,size=2097152]} | ret=SUCCESS |  
2019-08-23 07:09:01,079 | INFO  | DNAudit | user=null | ip=null | op=WRITE_CHUNK {blockData=conID: 1 locID: 102665036827394561 bcsId: 2443} | ret=SUCCESS |  
2019-08-23 07:09:01,080 | INFO  | DNAudit | user=null | ip=null | op=PUT_BLOCK {blockData=[blockId=conID: 1 locID: 102665036827394561 bcsId: 0,size=3145728]} | ret=SUCCESS |  
2019-08-23 07:09:01,080 [grpc-default-executor-0] INFO  client.GrpcClientProtocolClient (GrpcClientProtocolClient.java:onNext(255)) - client-D91E5D1E15CE->f2ba01fc-a63e-4348-bd18-030b60a135e7: receive RaftClientReply:client-D91E5D1E15CE->f2ba01fc-a63e-4348-bd18-030b60a135e7@group-C8C62FEF0626, cid=1693, SUCCESS, logIndex=2448, commits[f2ba01fc-a63e-4348-bd18-030b60a135e7:c2449, eab135d4-a257-4705-b491-6c056b8c5df7:c2445, a4f67574-9018-43e7-8a54-351e98dc3d0a:c2445]
2019-08-23 07:09:01,080 [grpc-default-executor-0] INFO  client.GrpcClientProtocolClient (GrpcClientProtocolClient.java:onNext(255)) - client-D91E5D1E15CE->f2ba01fc-a63e-4348-bd18-030b60a135e7: receive RaftClientReply:client-D91E5D1E15CE->f2ba01fc-a63e-4348-bd18-030b60a135e7@group-C8C62FEF0626, cid=1694, SUCCESS, logIndex=2449, commits[f2ba01fc-a63e-4348-bd18-030b60a135e7:c2449, eab135d4-a257-4705-b491-6c056b8c5df7:c2445, a4f67574-9018-43e7-8a54-351e98dc3d0a:c2445]
2019-08-23 07:09:01,080 | INFO  | DNAudit | user=null | ip=null | op=WRITE_CHUNK {blockData=conID: 1 locID: 102665036827394561 bcsId: 2443} | ret=SUCCESS |  
2019-08-23 07:09:01,081 | INFO  | DNAudit | user=null | ip=null | op=PUT_BLOCK {blockData=[blockId=conID: 1 locID: 102665036827394561 bcsId: 0,size=3145728]} | ret=SUCCESS |  
2019-08-23 07:09:01,081 | INFO  | DNAudit | user=null | ip=null | op=WRITE_CHUNK {blockData=conID: 1 locID: 102665036827394561 bcsId: 2443} | ret=SUCCESS |  
2019-08-23 07:09:01,081 | INFO  | DNAudit | user=null | ip=null | op=PUT_BLOCK {blockData=[blockId=conID: 1 locID: 102665036827394561 bcsId: 0,size=3145728]} | ret=SUCCESS |  
2019-08-23 07:09:01,086 | INFO  | DNAudit | user=null | ip=null | op=WRITE_CHUNK {blockData=conID: 1 locID: 102665036827394561 bcsId: 2449} | ret=SUCCESS |  
2019-08-23 07:09:01,087 | INFO  | DNAudit | user=null | ip=null | op=WRITE_CHUNK {blockData=conID: 1 locID: 102665036827394561 bcsId: 2449} | ret=SUCCESS |  
2019-08-23 07:09:01,088 | INFO  | DNAudit | user=null | ip=null | op=WRITE_CHUNK {blockData=conID: 1 locID: 102665036827394561 bcsId: 2449} | ret=SUCCESS |  
2019-08-23 07:09:01,098 | INFO  | DNAudit | user=null | ip=null | op=WRITE_CHUNK {blockData=conID: 1 locID: 102665036827394561 bcsId: 2449} | ret=SUCCESS |  
2019-08-23 07:09:01,099 | INFO  | DNAudit | user=null | ip=null | op=PUT_BLOCK {blockData=[blockId=conID: 1 locID: 102665036827394561 bcsId: 0,size=4194304]} | ret=SUCCESS |  
2019-08-23 07:09:01,099 [grpc-default-executor-0] INFO  client.GrpcClientProtocolClient (GrpcClientProtocolClient.java:onNext(255)) - client-D91E5D1E15CE->f2ba01fc-a63e-4348-bd18-030b60a135e7: receive RaftClientReply:client-D91E5D1E15CE->f2ba01fc-a63e-4348-bd18-030b60a135e7@group-C8C62FEF0626, cid=1695, SUCCESS, logIndex=2451, commits[f2ba01fc-a63e-4348-bd18-030b60a135e7:c2452, eab135d4-a257-4705-b491-6c056b8c5df7:c2450, a4f67574-9018-43e7-8a54-351e98dc3d0a:c2450]
2019-08-23 07:09:01,099 [grpc-default-executor-0] INFO  client.GrpcClientProtocolClient (GrpcClientProtocolClient.java:onNext(255)) - client-D91E5D1E15CE->f2ba01fc-a63e-4348-bd18-030b60a135e7: receive RaftClientReply:client-D91E5D1E15CE->f2ba01fc-a63e-4348-bd18-030b60a135e7@group-C8C62FEF0626, cid=1696, SUCCESS, logIndex=2452, commits[f2ba01fc-a63e-4348-bd18-030b60a135e7:c2452, eab135d4-a257-4705-b491-6c056b8c5df7:c2450, a4f67574-9018-43e7-8a54-351e98dc3d0a:c2450]
2019-08-23 07:09:01,110 | INFO  | DNAudit | user=null | ip=null | op=WRITE_CHUNK {blockData=conID: 1 locID: 102665036827394561 bcsId: 2449} | ret=SUCCESS |  
2019-08-23 07:09:01,110 | INFO  | DNAudit | user=null | ip=null | op=WRITE_CHUNK {blockData=conID: 1 locID: 102665036827394561 bcsId: 2449} | ret=SUCCESS |  
2019-08-23 07:09:01,110 | INFO  | DNAudit | user=null | ip=null | op=PUT_BLOCK {blockData=[blockId=conID: 1 locID: 102665036827394561 bcsId: 0,size=4194304]} | ret=SUCCESS |  
2019-08-23 07:09:01,110 | INFO  | DNAudit | user=null | ip=null | op=PUT_BLOCK {blockData=[blockId=conID: 1 locID: 102665036827394561 bcsId: 0,size=4194304]} | ret=SUCCESS |  
2019-08-23 07:09:01,110 [grpc-default-executor-0] INFO  client.GrpcClientProtocolClient (GrpcClientProtocolClient.java:onNext(255)) - client-D91E5D1E15CE->f2ba01fc-a63e-4348-bd18-030b60a135e7: receive RaftClientReply:client-D91E5D1E15CE->f2ba01fc-a63e-4348-bd18-030b60a135e7@group-C8C62FEF0626, cid=1697, SUCCESS, logIndex=0, commits[f2ba01fc-a63e-4348-bd18-030b60a135e7:c2453, eab135d4-a257-4705-b491-6c056b8c5df7:c2452, a4f67574-9018-43e7-8a54-351e98dc3d0a:c2452]
2019-08-23 07:09:01,114 | INFO  | SCMAudit | user=jenkins1000 | ip=192.168.5.178 | op=ALLOCATE_BLOCK {owner=aaf04d22-10dd-4717-8862-c651bdde72cf, size=4194304, type=RATIS, factor=THREE} | ret=SUCCESS |  
2019-08-23 07:09:01,118 | INFO  | OMAudit | user=jenkins1000 | ip=127.0.0.1 | op=ALLOCATE_BLOCK {volume=vol-0-67663, bucket=bucket-0-68950, key=key-0-26970, dataSize=0, replicationType=null, replicationFactor=null, keyLocationInfo=null, clientID=102665036030476690} | ret=SUCCESS |  
2019-08-23 07:09:01,125 | INFO  | DNAudit | user=null | ip=null | op=WRITE_CHUNK {blockData=conID: 2 locID: 102665036832047618 bcsId: 0} | ret=SUCCESS |  
2019-08-23 07:09:01,127 | INFO  | DNAudit | user=null | ip=null | op=WRITE_CHUNK {blockData=conID: 2 locID: 102665036832047618 bcsId: 0} | ret=SUCCESS |  
2019-08-23 07:09:01,127 | INFO  | DNAudit | user=null | ip=null | op=WRITE_CHUNK {blockData=conID: 2 locID: 102665036832047618 bcsId: 0} | ret=SUCCESS |  
2019-08-23 07:09:01,127 | INFO  | DNAudit | user=null | ip=null | op=WRITE_CHUNK {blockData=conID: 2 locID: 102665036832047618 bcsId: 0} | ret=SUCCESS |  
2019-08-23 07:09:01,129 | INFO  | DNAudit | user=null | ip=null | op=WRITE_CHUNK {blockData=conID: 2 locID: 102665036832047618 bcsId: 0} | ret=SUCCESS |  
2019-08-23 07:09:01,129 | INFO  | DNAudit | user=null | ip=null | op=WRITE_CHUNK {blockData=conID: 2 locID: 102665036832047618 bcsId: 0} | ret=SUCCESS |  
2019-08-23 07:09:01,138 | INFO  | DNAudit | user=null | ip=null | op=WRITE_CHUNK {blockData=conID: 2 locID: 102665036832047618 bcsId: 0} | ret=SUCCESS |  
2019-08-23 07:09:01,138 | INFO  | DNAudit | user=null | ip=null | op=PUT_BLOCK {blockData=[blockId=conID: 2 locID: 102665036832047618 bcsId: 0,size=1048576]} | ret=SUCCESS |  
2019-08-23 07:09:01,138 [grpc-default-executor-3] INFO  client.GrpcClientProtocolClient (GrpcClientProtocolClient.java:onNext(255)) - client-D91E5D1E15CE->f2ba01fc-a63e-4348-bd18-030b60a135e7: receive RaftClientReply:client-D91E5D1E15CE->f2ba01fc-a63e-4348-bd18-030b60a135e7@group-C8C62FEF0626, cid=1698, SUCCESS, logIndex=2454, commits[f2ba01fc-a63e-4348-bd18-030b60a135e7:c2455, eab135d4-a257-4705-b491-6c056b8c5df7:c2453, a4f67574-9018-43e7-8a54-351e98dc3d0a:c2453]
2019-08-23 07:09:01,139 [grpc-default-executor-3] INFO  client.GrpcClientProtocolClient (GrpcClientProtocolClient.java:onNext(255)) - client-D91E5D1E15CE->f2ba01fc-a63e-4348-bd18-030b60a135e7: receive RaftClientReply:client-D91E5D1E15CE->f2ba01fc-a63e-4348-bd18-030b60a135e7@group-C8C62FEF0626, cid=1699, SUCCESS, logIndex=2455, commits[f2ba01fc-a63e-4348-bd18-030b60a135e7:c2455, eab135d4-a257-4705-b491-6c056b8c5df7:c2453, a4f67574-9018-43e7-8a54-351e98dc3d0a:c2453]
2019-08-23 07:09:01,140 | INFO  | DNAudit | user=null | ip=null | op=WRITE_CHUNK {blockData=conID: 2 locID: 102665036832047618 bcsId: 0} | ret=SUCCESS |  
2019-08-23 07:09:01,140 | INFO  | DNAudit | user=null | ip=null | op=PUT_BLOCK {blockData=[blockId=conID: 2 locID: 102665036832047618 bcsId: 0,size=2097152]} | ret=SUCCESS |  
2019-08-23 07:09:01,140 [grpc-default-executor-4] INFO  client.GrpcClientProtocolClient (GrpcClientProtocolClient.java:onNext(255)) - client-D91E5D1E15CE->f2ba01fc-a63e-4348-bd18-030b60a135e7: receive RaftClientReply:client-D91E5D1E15CE->f2ba01fc-a63e-4348-bd18-030b60a135e7@group-C8C62FEF0626, cid=1700, SUCCESS, logIndex=2456, commits[f2ba01fc-a63e-4348-bd18-030b60a135e7:c2457, eab135d4-a257-4705-b491-6c056b8c5df7:c2453, a4f67574-9018-43e7-8a54-351e98dc3d0a:c2453]
2019-08-23 07:09:01,141 [grpc-default-executor-4] INFO  client.GrpcClientProtocolClient (GrpcClientProtocolClient.java:onNext(255)) - client-D91E5D1E15CE->f2ba01fc-a63e-4348-bd18-030b60a135e7: receive RaftClientReply:client-D91E5D1E15CE->f2ba01fc-a63e-4348-bd18-030b60a135e7@group-C8C62FEF0626, cid=1701, SUCCESS, logIndex=2457, commits[f2ba01fc-a63e-4348-bd18-030b60a135e7:c2457, eab135d4-a257-4705-b491-6c056b8c5df7:c2453, a4f67574-9018-43e7-8a54-351e98dc3d0a:c2453]
2019-08-23 07:09:01,146 | INFO  | SCMAudit | user=jenkins1000 | ip=192.168.5.178 | op=SEND_HEARTBEAT {datanodeUUID=b7d3ecaa-ab76-49a0-b691-40b7e1ed625a, command=[]} | ret=SUCCESS |  
2019-08-23 07:09:01,151 | INFO  | DNAudit | user=null | ip=null | op=WRITE_CHUNK {blockData=conID: 2 locID: 102665036832047618 bcsId: 0} | ret=SUCCESS |  
2019-08-23 07:09:01,152 | INFO  | DNAudit | user=null | ip=null | op=WRITE_CHUNK {blockData=conID: 2 locID: 102665036832047618 bcsId: 0} | ret=SUCCESS |  
2019-08-23 07:09:01,152 | INFO  | DNAudit | user=null | ip=null | op=PUT_BLOCK {blockData=[blockId=conID: 2 locID: 102665036832047618 bcsId: 0,size=1048576]} | ret=SUCCESS |  
2019-08-23 07:09:01,152 | INFO  | DNAudit | user=null | ip=null | op=PUT_BLOCK {blockData=[blockId=conID: 2 locID: 102665036832047618 bcsId: 0,size=1048576]} | ret=SUCCESS |  
2019-08-23 07:09:01,152 [grpc-default-executor-4] INFO  client.GrpcClientProtocolClient (GrpcClientProtocolClient.java:onNext(255)) - client-D91E5D1E15CE->f2ba01fc-a63e-4348-bd18-030b60a135e7: receive RaftClientReply:client-D91E5D1E15CE->f2ba01fc-a63e-4348-bd18-030b60a135e7@group-C8C62FEF0626, cid=1702, SUCCESS, logIndex=0, commits[f2ba01fc-a63e-4348-bd18-030b60a135e7:c2459, eab135d4-a257-4705-b491-6c056b8c5df7:c2455, a4f67574-9018-43e7-8a54-351e98dc3d0a:c2455]
2019-08-23 07:09:01,154 | INFO  | DNAudit | user=null | ip=null | op=WRITE_CHUNK {blockData=conID: 2 locID: 102665036832047618 bcsId: 0} | ret=SUCCESS |  
2019-08-23 07:09:01,154 | INFO  | DNAudit | user=null | ip=null | op=WRITE_CHUNK {blockData=conID: 2 locID: 102665036832047618 bcsId: 0} | ret=SUCCESS |  
2019-08-23 07:09:01,154 | INFO  | DNAudit | user=null | ip=null | op=PUT_BLOCK {blockData=[blockId=conID: 2 locID: 102665036832047618 bcsId: 0,size=2097152]} | ret=SUCCESS |  
2019-08-23 07:09:01,154 | INFO  | DNAudit | user=null | ip=null | op=PUT_BLOCK {blockData=[blockId=conID: 2 locID: 102665036832047618 bcsId: 0,size=2097152]} | ret=SUCCESS |  
2019-08-23 07:09:01,157 | INFO  | DNAudit | user=null | ip=null | op=WRITE_CHUNK {blockData=conID: 2 locID: 102665036832047618 bcsId: 2457} | ret=SUCCESS |  
2019-08-23 07:09:01,159 | INFO  | DNAudit | user=null | ip=null | op=WRITE_CHUNK {blockData=conID: 2 locID: 102665036832047618 bcsId: 2457} | ret=SUCCESS |  
2019-08-23 07:09:01,159 | INFO  | DNAudit | user=null | ip=null | op=WRITE_CHUNK {blockData=conID: 2 locID: 102665036832047618 bcsId: 2457} | ret=SUCCESS |  
2019-08-23 07:09:01,170 | INFO  | DNAudit | user=null | ip=null | op=WRITE_CHUNK {blockData=conID: 2 locID: 102665036832047618 bcsId: 2457} | ret=SUCCESS |  
2019-08-23 07:09:01,171 | INFO  | DNAudit | user=null | ip=null | op=PUT_BLOCK {blockData=[blockId=conID: 2 locID: 102665036832047618 bcsId: 0,size=3145728]} | ret=SUCCESS |  
2019-08-23 07:09:01,171 [grpc-default-executor-0] INFO  client.GrpcClientProtocolClient (GrpcClientProtocolClient.java:onNext(255)) - client-D91E5D1E15CE->f2ba01fc-a63e-4348-bd18-030b60a135e7: receive RaftClientReply:client-D91E5D1E15CE->f2ba01fc-a63e-4348-bd18-030b60a135e7@group-C8C62FEF0626, cid=1703, SUCCESS, logIndex=2462, commits[f2ba01fc-a63e-4348-bd18-030b60a135e7:c2463, eab135d4-a257-4705-b491-6c056b8c5df7:c2461, a4f67574-9018-43e7-8a54-351e98dc3d0a:c2461]
2019-08-23 07:09:01,171 [grpc-default-executor-0] INFO  client.GrpcClientProtocolClient (GrpcClientProtocolClient.java:onNext(255)) - client-D91E5D1E15CE->f2ba01fc-a63e-4348-bd18-030b60a135e7: receive RaftClientReply:client-D91E5D1E15CE->f2ba01fc-a63e-4348-bd18-030b60a135e7@group-C8C62FEF0626, cid=1704, SUCCESS, logIndex=2463, commits[f2ba01fc-a63e-4348-bd18-030b60a135e7:c2463, eab135d4-a257-4705-b491-6c056b8c5df7:c2461, a4f67574-9018-43e7-8a54-351e98dc3d0a:c2461]
2019-08-23 07:09:01,176 | INFO  | DNAudit | user=null | ip=null | op=WRITE_CHUNK {blockData=conID: 2 locID: 102665036832047618 bcsId: 2463} | ret=SUCCESS |  
2019-08-23 07:09:01,178 | INFO  | DNAudit | user=null | ip=null | op=WRITE_CHUNK {blockData=conID: 2 locID: 102665036832047618 bcsId: 2463} | ret=SUCCESS |  
2019-08-23 07:09:01,178 | INFO  | DNAudit | user=null | ip=null | op=WRITE_CHUNK {blockData=conID: 2 locID: 102665036832047618 bcsId: 2463} | ret=SUCCESS |  
2019-08-23 07:09:01,182 | INFO  | DNAudit | user=null | ip=null | op=WRITE_CHUNK {blockData=conID: 2 locID: 102665036832047618 bcsId: 2457} | ret=SUCCESS |  
2019-08-23 07:09:01,182 | INFO  | DNAudit | user=null | ip=null | op=WRITE_CHUNK {blockData=conID: 2 locID: 102665036832047618 bcsId: 2457} | ret=SUCCESS |  
2019-08-23 07:09:01,182 | INFO  | DNAudit | user=null | ip=null | op=PUT_BLOCK {blockData=[blockId=conID: 2 locID: 102665036832047618 bcsId: 0,size=3145728]} | ret=SUCCESS |  
2019-08-23 07:09:01,182 | INFO  | DNAudit | user=null | ip=null | op=PUT_BLOCK {blockData=[blockId=conID: 2 locID: 102665036832047618 bcsId: 0,size=3145728]} | ret=SUCCESS |  
2019-08-23 07:09:01,183 | INFO  | DNAudit | user=null | ip=null | op=WRITE_CHUNK {blockData=conID: 2 locID: 102665036832047618 bcsId: 2463} | ret=SUCCESS |  
2019-08-23 07:09:01,184 | INFO  | DNAudit | user=null | ip=null | op=PUT_BLOCK {blockData=[blockId=conID: 2 locID: 102665036832047618 bcsId: 0,size=4194304]} | ret=SUCCESS |  
2019-08-23 07:09:01,184 [grpc-default-executor-0] INFO  client.GrpcClientProtocolClient (GrpcClientProtocolClient.java:onNext(255)) - client-D91E5D1E15CE->f2ba01fc-a63e-4348-bd18-030b60a135e7: receive RaftClientReply:client-D91E5D1E15CE->f2ba01fc-a63e-4348-bd18-030b60a135e7@group-C8C62FEF0626, cid=1705, SUCCESS, logIndex=2466, commits[f2ba01fc-a63e-4348-bd18-030b60a135e7:c2467, eab135d4-a257-4705-b491-6c056b8c5df7:c2463, a4f67574-9018-43e7-8a54-351e98dc3d0a:c2463]
2019-08-23 07:09:01,184 [grpc-default-executor-0] INFO  client.GrpcClientProtocolClient (GrpcClientProtocolClient.java:onNext(255)) - client-D91E5D1E15CE->f2ba01fc-a63e-4348-bd18-030b60a135e7: receive RaftClientReply:client-D91E5D1E15CE->f2ba01fc-a63e-4348-bd18-030b60a135e7@group-C8C62FEF0626, cid=1706, SUCCESS, logIndex=2467, commits[f2ba01fc-a63e-4348-bd18-030b60a135e7:c2467, eab135d4-a257-4705-b491-6c056b8c5df7:c2463, a4f67574-9018-43e7-8a54-351e98dc3d0a:c2463]
2019-08-23 07:09:01,186 | INFO  | DNAudit | user=null | ip=null | op=WRITE_CHUNK {blockData=conID: 2 locID: 102665036832047618 bcsId: 2463} | ret=SUCCESS |  
2019-08-23 07:09:01,186 | INFO  | DNAudit | user=null | ip=null | op=WRITE_CHUNK {blockData=conID: 2 locID: 102665036832047618 bcsId: 2463} | ret=SUCCESS |  
2019-08-23 07:09:01,188 | INFO  | DNAudit | user=null | ip=null | op=PUT_BLOCK {blockData=[blockId=conID: 2 locID: 102665036832047618 bcsId: 0,size=4194304]} | ret=SUCCESS |  
2019-08-23 07:09:01,188 | INFO  | DNAudit | user=null | ip=null | op=PUT_BLOCK {blockData=[blockId=conID: 2 locID: 102665036832047618 bcsId: 0,size=4194304]} | ret=SUCCESS |  
2019-08-23 07:09:01,188 [grpc-default-executor-0] INFO  client.GrpcClientProtocolClient (GrpcClientProtocolClient.java:onNext(255)) - client-D91E5D1E15CE->f2ba01fc-a63e-4348-bd18-030b60a135e7: receive RaftClientReply:client-D91E5D1E15CE->f2ba01fc-a63e-4348-bd18-030b60a135e7@group-C8C62FEF0626, cid=1707, SUCCESS, logIndex=0, commits[f2ba01fc-a63e-4348-bd18-030b60a135e7:c2469, eab135d4-a257-4705-b491-6c056b8c5df7:c2467, a4f67574-9018-43e7-8a54-351e98dc3d0a:c2467]
2019-08-23 07:09:01,192 | INFO  | SCMAudit | user=jenkins1000 | ip=192.168.5.178 | op=ALLOCATE_BLOCK {owner=aaf04d22-10dd-4717-8862-c651bdde72cf, size=4194304, type=RATIS, factor=THREE} | ret=SUCCESS |  
2019-08-23 07:09:01,194 | INFO  | OMAudit | user=jenkins1000 | ip=127.0.0.1 | op=ALLOCATE_BLOCK {volume=vol-0-67663, bucket=bucket-0-68950, key=key-0-26970, dataSize=0, replicationType=null, replicationFactor=null, keyLocationInfo=null, clientID=102665036030476690} | ret=SUCCESS |  
2019-08-23 07:09:01,199 | INFO  | DNAudit | user=null | ip=null | op=WRITE_CHUNK {blockData=conID: 3 locID: 102665036837159427 bcsId: 0} | ret=SUCCESS |  
2019-08-23 07:09:01,201 | INFO  | DNAudit | user=null | ip=null | op=WRITE_CHUNK {blockData=conID: 3 locID: 102665036837159427 bcsId: 0} | ret=SUCCESS |  
2019-08-23 07:09:01,201 | INFO  | DNAudit | user=null | ip=null | op=WRITE_CHUNK {blockData=conID: 3 locID: 102665036837159427 bcsId: 0} | ret=SUCCESS |  
2019-08-23 07:09:01,201 | INFO  | DNAudit | user=null | ip=null | op=WRITE_CHUNK {blockData=conID: 3 locID: 102665036837159427 bcsId: 0} | ret=SUCCESS |  
2019-08-23 07:09:01,203 | INFO  | DNAudit | user=null | ip=null | op=WRITE_CHUNK {blockData=conID: 3 locID: 102665036837159427 bcsId: 0} | ret=SUCCESS |  
2019-08-23 07:09:01,203 | INFO  | DNAudit | user=null | ip=null | op=WRITE_CHUNK {blockData=conID: 3 locID: 102665036837159427 bcsId: 0} | ret=SUCCESS |  
2019-08-23 07:09:01,204 | INFO  | DNAudit | user=null | ip=null | op=WRITE_CHUNK {blockData=conID: 3 locID: 102665036837159427 bcsId: 0} | ret=SUCCESS |  
2019-08-23 07:09:01,204 | INFO  | DNAudit | user=null | ip=null | op=PUT_BLOCK {blockData=[blockId=conID: 3 locID: 102665036837159427 bcsId: 0,size=1048576]} | ret=SUCCESS |  
2019-08-23 07:09:01,204 [grpc-default-executor-3] INFO  client.GrpcClientProtocolClient (GrpcClientProtocolClient.java:onNext(255)) - client-D91E5D1E15CE->f2ba01fc-a63e-4348-bd18-030b60a135e7: receive RaftClientReply:client-D91E5D1E15CE->f2ba01fc-a63e-4348-bd18-030b60a135e7@group-C8C62FEF0626, cid=1708, SUCCESS, logIndex=2470, commits[f2ba01fc-a63e-4348-bd18-030b60a135e7:c2471, eab135d4-a257-4705-b491-6c056b8c5df7:c2469, a4f67574-9018-43e7-8a54-351e98dc3d0a:c2469]
2019-08-23 07:09:01,205 | INFO  | DNAudit | user=null | ip=null | op=WRITE_CHUNK {blockData=conID: 3 locID: 102665036837159427 bcsId: 0} | ret=SUCCESS |  
2019-08-23 07:09:01,205 [grpc-default-executor-2] INFO  client.GrpcClientProtocolClient (GrpcClientProtocolClient.java:onNext(255)) - client-D91E5D1E15CE->f2ba01fc-a63e-4348-bd18-030b60a135e7: receive RaftClientReply:client-D91E5D1E15CE->f2ba01fc-a63e-4348-bd18-030b60a135e7@group-C8C62FEF0626, cid=1709, SUCCESS, logIndex=2471, commits[f2ba01fc-a63e-4348-bd18-030b60a135e7:c2471, eab135d4-a257-4705-b491-6c056b8c5df7:c2469, a4f67574-9018-43e7-8a54-351e98dc3d0a:c2469]
2019-08-23 07:09:01,205 | INFO  | DNAudit | user=null | ip=null | op=PUT_BLOCK {blockData=[blockId=conID: 3 locID: 102665036837159427 bcsId: 0,size=2097152]} | ret=SUCCESS |  
2019-08-23 07:09:01,205 [grpc-default-executor-2] INFO  client.GrpcClientProtocolClient (GrpcClientProtocolClient.java:onNext(255)) - client-D91E5D1E15CE->f2ba01fc-a63e-4348-bd18-030b60a135e7: receive RaftClientReply:client-D91E5D1E15CE->f2ba01fc-a63e-4348-bd18-030b60a135e7@group-C8C62FEF0626, cid=1710, SUCCESS, logIndex=2472, commits[f2ba01fc-a63e-4348-bd18-030b60a135e7:c2473, eab135d4-a257-4705-b491-6c056b8c5df7:c2469, a4f67574-9018-43e7-8a54-351e98dc3d0a:c2469]
2019-08-23 07:09:01,205 [grpc-default-executor-2] INFO  client.GrpcClientProtocolClient (GrpcClientProtocolClient.java:onNext(255)) - client-D91E5D1E15CE->f2ba01fc-a63e-4348-bd18-030b60a135e7: receive RaftClientReply:client-D91E5D1E15CE->f2ba01fc-a63e-4348-bd18-030b60a135e7@group-C8C62FEF0626, cid=1711, SUCCESS, logIndex=2473, commits[f2ba01fc-a63e-4348-bd18-030b60a135e7:c2473, eab135d4-a257-4705-b491-6c056b8c5df7:c2469, a4f67574-9018-43e7-8a54-351e98dc3d0a:c2469]
2019-08-23 07:09:01,206 | INFO  | DNAudit | user=null | ip=null | op=WRITE_CHUNK {blockData=conID: 3 locID: 102665036837159427 bcsId: 0} | ret=SUCCESS |  
2019-08-23 07:09:01,206 | INFO  | DNAudit | user=null | ip=null | op=PUT_BLOCK {blockData=[blockId=conID: 3 locID: 102665036837159427 bcsId: 0,size=1048576]} | ret=SUCCESS |  
2019-08-23 07:09:01,206 | INFO  | DNAudit | user=null | ip=null | op=WRITE_CHUNK {blockData=conID: 3 locID: 102665036837159427 bcsId: 0} | ret=SUCCESS |  
2019-08-23 07:09:01,206 | INFO  | DNAudit | user=null | ip=null | op=PUT_BLOCK {blockData=[blockId=conID: 3 locID: 102665036837159427 bcsId: 0,size=1048576]} | ret=SUCCESS |  
2019-08-23 07:09:01,207 | INFO  | DNAudit | user=null | ip=null | op=WRITE_CHUNK {blockData=conID: 3 locID: 102665036837159427 bcsId: 0} | ret=SUCCESS |  
2019-08-23 07:09:01,207 [grpc-default-executor-0] INFO  client.GrpcClientProtocolClient (GrpcClientProtocolClient.java:onNext(255)) - client-D91E5D1E15CE->f2ba01fc-a63e-4348-bd18-030b60a135e7: receive RaftClientReply:client-D91E5D1E15CE->f2ba01fc-a63e-4348-bd18-030b60a135e7@group-C8C62FEF0626, cid=1712, SUCCESS, logIndex=0, commits[f2ba01fc-a63e-4348-bd18-030b60a135e7:c2475, eab135d4-a257-4705-b491-6c056b8c5df7:c2471, a4f67574-9018-43e7-8a54-351e98dc3d0a:c2471]
2019-08-23 07:09:01,207 | INFO  | DNAudit | user=null | ip=null | op=PUT_BLOCK {blockData=[blockId=conID: 3 locID: 102665036837159427 bcsId: 0,size=2097152]} | ret=SUCCESS |  
2019-08-23 07:09:01,207 | INFO  | DNAudit | user=null | ip=null | op=WRITE_CHUNK {blockData=conID: 3 locID: 102665036837159427 bcsId: 0} | ret=SUCCESS |  
2019-08-23 07:09:01,207 | INFO  | DNAudit | user=null | ip=null | op=PUT_BLOCK {blockData=[blockId=conID: 3 locID: 102665036837159427 bcsId: 0,size=2097152]} | ret=SUCCESS |  
2019-08-23 07:09:01,212 | INFO  | DNAudit | user=null | ip=null | op=WRITE_CHUNK {blockData=conID: 3 locID: 102665036837159427 bcsId: 2473} | ret=SUCCESS |  
2019-08-23 07:09:01,213 | INFO  | DNAudit | user=null | ip=null | op=WRITE_CHUNK {blockData=conID: 3 locID: 102665036837159427 bcsId: 2473} | ret=SUCCESS |  
2019-08-23 07:09:01,213 | INFO  | DNAudit | user=null | ip=null | op=WRITE_CHUNK {blockData=conID: 3 locID: 102665036837159427 bcsId: 2473} | ret=SUCCESS |  
2019-08-23 07:09:01,235 | INFO  | DNAudit | user=null | ip=null | op=WRITE_CHUNK {blockData=conID: 3 locID: 102665036837159427 bcsId: 2473} | ret=SUCCESS |  
2019-08-23 07:09:01,236 | INFO  | DNAudit | user=null | ip=null | op=PUT_BLOCK {blockData=[blockId=conID: 3 locID: 102665036837159427 bcsId: 0,size=3145728]} | ret=SUCCESS |  
2019-08-23 07:09:01,236 [grpc-default-executor-3] INFO  client.GrpcClientProtocolClient (GrpcClientProtocolClient.java:onNext(255)) - client-D91E5D1E15CE->f2ba01fc-a63e-4348-bd18-030b60a135e7: receive RaftClientReply:client-D91E5D1E15CE->f2ba01fc-a63e-4348-bd18-030b60a135e7@group-C8C62FEF0626, cid=1713, SUCCESS, logIndex=2478, commits[f2ba01fc-a63e-4348-bd18-030b60a135e7:c2479, eab135d4-a257-4705-b491-6c056b8c5df7:c2477, a4f67574-9018-43e7-8a54-351e98dc3d0a:c2477]
2019-08-23 07:09:01,236 [grpc-default-executor-3] INFO  client.GrpcClientProtocolClient (GrpcClientProtocolClient.java:onNext(255)) - client-D91E5D1E15CE->f2ba01fc-a63e-4348-bd18-030b60a135e7: receive RaftClientReply:client-D91E5D1E15CE->f2ba01fc-a63e-4348-bd18-030b60a135e7@group-C8C62FEF0626, cid=1714, SUCCESS, logIndex=2479, commits[f2ba01fc-a63e-4348-bd18-030b60a135e7:c2479, eab135d4-a257-4705-b491-6c056b8c5df7:c2477, a4f67574-9018-43e7-8a54-351e98dc3d0a:c2477]
2019-08-23 07:09:01,241 | INFO  | DNAudit | user=null | ip=null | op=WRITE_CHUNK {blockData=conID: 3 locID: 102665036837159427 bcsId: 2479} | ret=SUCCESS |  
2019-08-23 07:09:01,243 | INFO  | DNAudit | user=null | ip=null | op=WRITE_CHUNK {blockData=conID: 3 locID: 102665036837159427 bcsId: 2479} | ret=SUCCESS |  
2019-08-23 07:09:01,244 | INFO  | DNAudit | user=null | ip=null | op=WRITE_CHUNK {blockData=conID: 3 locID: 102665036837159427 bcsId: 2479} | ret=SUCCESS |  
2019-08-23 07:09:01,247 | INFO  | DNAudit | user=null | ip=null | op=WRITE_CHUNK {blockData=conID: 3 locID: 102665036837159427 bcsId: 2473} | ret=SUCCESS |  
2019-08-23 07:09:01,247 | INFO  | DNAudit | user=null | ip=null | op=WRITE_CHUNK {blockData=conID: 3 locID: 102665036837159427 bcsId: 2473} | ret=SUCCESS |  
2019-08-23 07:09:01,250 | INFO  | DNAudit | user=null | ip=null | op=PUT_BLOCK {blockData=[blockId=conID: 3 locID: 102665036837159427 bcsId: 0,size=3145728]} | ret=SUCCESS |  
2019-08-23 07:09:01,250 | INFO  | DNAudit | user=null | ip=null | op=PUT_BLOCK {blockData=[blockId=conID: 3 locID: 102665036837159427 bcsId: 0,size=3145728]} | ret=SUCCESS |  
2019-08-23 07:09:01,250 | INFO  | DNAudit | user=null | ip=null | op=WRITE_CHUNK {blockData=conID: 3 locID: 102665036837159427 bcsId: 2479} | ret=SUCCESS |  
2019-08-23 07:09:01,251 | INFO  | DNAudit | user=null | ip=null | op=PUT_BLOCK {blockData=[blockId=conID: 3 locID: 102665036837159427 bcsId: 0,size=4194304]} | ret=SUCCESS |  
2019-08-23 07:09:01,251 [grpc-default-executor-0] INFO  client.GrpcClientProtocolClient (GrpcClientProtocolClient.java:onNext(255)) - client-D91E5D1E15CE->f2ba01fc-a63e-4348-bd18-030b60a135e7: receive RaftClientReply:client-D91E5D1E15CE->f2ba01fc-a63e-4348-bd18-030b60a135e7@group-C8C62FEF0626, cid=1715, SUCCESS, logIndex=2482, commits[f2ba01fc-a63e-4348-bd18-030b60a135e7:c2483, eab135d4-a257-4705-b491-6c056b8c5df7:c2479, a4f67574-9018-43e7-8a54-351e98dc3d0a:c2479]
2019-08-23 07:09:01,251 [grpc-default-executor-0] INFO  client.GrpcClientProtocolClient (GrpcClientProtocolClient.java:onNext(255)) - client-D91E5D1E15CE->f2ba01fc-a63e-4348-bd18-030b60a135e7: receive RaftClientReply:client-D91E5D1E15CE->f2ba01fc-a63e-4348-bd18-030b60a135e7@group-C8C62FEF0626, cid=1716, SUCCESS, logIndex=2483, commits[f2ba01fc-a63e-4348-bd18-030b60a135e7:c2483, eab135d4-a257-4705-b491-6c056b8c5df7:c2479, a4f67574-9018-43e7-8a54-351e98dc3d0a:c2479]
2019-08-23 07:09:01,266 | INFO  | DNAudit | user=null | ip=null | op=WRITE_CHUNK {blockData=conID: 3 locID: 102665036837159427 bcsId: 2479} | ret=SUCCESS |  
2019-08-23 07:09:01,266 | INFO  | DNAudit | user=null | ip=null | op=WRITE_CHUNK {blockData=conID: 3 locID: 102665036837159427 bcsId: 2479} | ret=SUCCESS |  
2019-08-23 07:09:01,268 | INFO  | DNAudit | user=null | ip=null | op=PUT_BLOCK {blockData=[blockId=conID: 3 locID: 102665036837159427 bcsId: 0,size=4194304]} | ret=SUCCESS |  
2019-08-23 07:09:01,268 | INFO  | DNAudit | user=null | ip=null | op=PUT_BLOCK {blockData=[blockId=conID: 3 locID: 102665036837159427 bcsId: 0,size=4194304]} | ret=SUCCESS |  
2019-08-23 07:09:01,268 [grpc-default-executor-0] INFO  client.GrpcClientProtocolClient (GrpcClientProtocolClient.java:onNext(255)) - client-D91E5D1E15CE->f2ba01fc-a63e-4348-bd18-030b60a135e7: receive RaftClientReply:client-D91E5D1E15CE->f2ba01fc-a63e-4348-bd18-030b60a135e7@group-C8C62FEF0626, cid=1717, SUCCESS, logIndex=0, commits[f2ba01fc-a63e-4348-bd18-030b60a135e7:c2485, eab135d4-a257-4705-b491-6c056b8c5df7:c2483, a4f67574-9018-43e7-8a54-351e98dc3d0a:c2483]
2019-08-23 07:09:01,271 | INFO  | SCMAudit | user=jenkins1000 | ip=192.168.5.178 | op=ALLOCATE_BLOCK {owner=aaf04d22-10dd-4717-8862-c651bdde72cf, size=4194304, type=RATIS, factor=THREE} | ret=SUCCESS |  
2019-08-23 07:09:01,273 | INFO  | OMAudit | user=jenkins1000 | ip=127.0.0.1 | op=ALLOCATE_BLOCK {volume=vol-0-67663, bucket=bucket-0-68950, key=key-0-26970, dataSize=0, replicationType=null, replicationFactor=null, keyLocationInfo=null, clientID=102665036030476690} | ret=SUCCESS |  
2019-08-23 07:09:01,278 | INFO  | DNAudit | user=null | ip=null | op=WRITE_CHUNK {blockData=conID: 1 locID: 102665036842336772 bcsId: 0} | ret=SUCCESS |  
2019-08-23 07:09:01,281 | INFO  | DNAudit | user=null | ip=null | op=WRITE_CHUNK {blockData=conID: 1 locID: 102665036842336772 bcsId: 0} | ret=SUCCESS |  
2019-08-23 07:09:01,281 | INFO  | DNAudit | user=null | ip=null | op=WRITE_CHUNK {blockData=conID: 1 locID: 102665036842336772 bcsId: 0} | ret=SUCCESS |  
2019-08-23 07:09:01,281 | INFO  | DNAudit | user=null | ip=null | op=WRITE_CHUNK {blockData=conID: 1 locID: 102665036842336772 bcsId: 0} | ret=SUCCESS |  
2019-08-23 07:09:01,282 | INFO  | DNAudit | user=null | ip=null | op=WRITE_CHUNK {blockData=conID: 1 locID: 102665036842336772 bcsId: 0} | ret=SUCCESS |  
2019-08-23 07:09:01,283 | INFO  | DNAudit | user=null | ip=null | op=WRITE_CHUNK {blockData=conID: 1 locID: 102665036842336772 bcsId: 0} | ret=SUCCESS |  
2019-08-23 07:09:01,291 | INFO  | DNAudit | user=null | ip=null | op=WRITE_CHUNK {blockData=conID: 1 locID: 102665036842336772 bcsId: 0} | ret=SUCCESS |  
2019-08-23 07:09:01,292 | INFO  | DNAudit | user=null | ip=null | op=PUT_BLOCK {blockData=[blockId=conID: 1 locID: 102665036842336772 bcsId: 0,size=1048576]} | ret=SUCCESS |  
2019-08-23 07:09:01,292 [grpc-default-executor-0] INFO  client.GrpcClientProtocolClient (GrpcClientProtocolClient.java:onNext(255)) - client-D91E5D1E15CE->f2ba01fc-a63e-4348-bd18-030b60a135e7: receive RaftClientReply:client-D91E5D1E15CE->f2ba01fc-a63e-4348-bd18-030b60a135e7@group-C8C62FEF0626, cid=1718, SUCCESS, logIndex=2486, commits[f2ba01fc-a63e-4348-bd18-030b60a135e7:c2487, eab135d4-a257-4705-b491-6c056b8c5df7:c2485, a4f67574-9018-43e7-8a54-351e98dc3d0a:c2485]
2019-08-23 07:09:01,292 [grpc-default-executor-0] INFO  client.GrpcClientProtocolClient (GrpcClientProtocolClient.java:onNext(255)) - client-D91E5D1E15CE->f2ba01fc-a63e-4348-bd18-030b60a135e7: receive RaftClientReply:client-D91E5D1E15CE->f2ba01fc-a63e-4348-bd18-030b60a135e7@group-C8C62FEF0626, cid=1719, SUCCESS, logIndex=2487, commits[f2ba01fc-a63e-4348-bd18-030b60a135e7:c2489, eab135d4-a257-4705-b491-6c056b8c5df7:c2485, a4f67574-9018-43e7-8a54-351e98dc3d0a:c2485]
2019-08-23 07:09:01,292 | INFO  | DNAudit | user=null | ip=null | op=WRITE_CHUNK {blockData=conID: 1 locID: 102665036842336772 bcsId: 0} | ret=SUCCESS |  
2019-08-23 07:09:01,293 | INFO  | DNAudit | user=null | ip=null | op=PUT_BLOCK {blockData=[blockId=conID: 1 locID: 102665036842336772 bcsId: 0,size=2097152]} | ret=SUCCESS |  
2019-08-23 07:09:01,293 [grpc-default-executor-0] INFO  client.GrpcClientProtocolClient (GrpcClientProtocolClient.java:onNext(255)) - client-D91E5D1E15CE->f2ba01fc-a63e-4348-bd18-030b60a135e7: receive RaftClientReply:client-D91E5D1E15CE->f2ba01fc-a63e-4348-bd18-030b60a135e7@group-C8C62FEF0626, cid=1720, SUCCESS, logIndex=2488, commits[f2ba01fc-a63e-4348-bd18-030b60a135e7:c2489, eab135d4-a257-4705-b491-6c056b8c5df7:c2485, a4f67574-9018-43e7-8a54-351e98dc3d0a:c2485]
2019-08-23 07:09:01,293 [grpc-default-executor-0] INFO  client.GrpcClientProtocolClient (GrpcClientProtocolClient.java:onNext(255)) - client-D91E5D1E15CE->f2ba01fc-a63e-4348-bd18-030b60a135e7: receive RaftClientReply:client-D91E5D1E15CE->f2ba01fc-a63e-4348-bd18-030b60a135e7@group-C8C62FEF0626, cid=1721, SUCCESS, logIndex=2489, commits[f2ba01fc-a63e-4348-bd18-030b60a135e7:c2489, eab135d4-a257-4705-b491-6c056b8c5df7:c2485, a4f67574-9018-43e7-8a54-351e98dc3d0a:c2485]
2019-08-23 07:09:01,293 | INFO  | DNAudit | user=null | ip=null | op=WRITE_CHUNK {blockData=conID: 1 locID: 102665036842336772 bcsId: 0} | ret=SUCCESS |  
2019-08-23 07:09:01,304 | INFO  | DNAudit | user=null | ip=null | op=WRITE_CHUNK {blockData=conID: 1 locID: 102665036842336772 bcsId: 0} | ret=SUCCESS |  
2019-08-23 07:09:01,305 | INFO  | DNAudit | user=null | ip=null | op=PUT_BLOCK {blockData=[blockId=conID: 1 locID: 102665036842336772 bcsId: 0,size=1048576]} | ret=SUCCESS |  
2019-08-23 07:09:01,305 | INFO  | DNAudit | user=null | ip=null | op=PUT_BLOCK {blockData=[blockId=conID: 1 locID: 102665036842336772 bcsId: 0,size=1048576]} | ret=SUCCESS |  
2019-08-23 07:09:01,305 | INFO  | DNAudit | user=null | ip=null | op=WRITE_CHUNK {blockData=conID: 1 locID: 102665036842336772 bcsId: 0} | ret=SUCCESS |  
2019-08-23 07:09:01,305 | INFO  | DNAudit | user=null | ip=null | op=PUT_BLOCK {blockData=[blockId=conID: 1 locID: 102665036842336772 bcsId: 0,size=2097152]} | ret=SUCCESS |  
2019-08-23 07:09:01,305 | INFO  | DNAudit | user=null | ip=null | op=WRITE_CHUNK {blockData=conID: 1 locID: 102665036842336772 bcsId: 0} | ret=SUCCESS |  
2019-08-23 07:09:01,305 [grpc-default-executor-0] INFO  client.GrpcClientProtocolClient (GrpcClientProtocolClient.java:onNext(255)) - client-D91E5D1E15CE->f2ba01fc-a63e-4348-bd18-030b60a135e7: receive RaftClientReply:client-D91E5D1E15CE->f2ba01fc-a63e-4348-bd18-030b60a135e7@group-C8C62FEF0626, cid=1722, SUCCESS, logIndex=0, commits[f2ba01fc-a63e-4348-bd18-030b60a135e7:c2491, eab135d4-a257-4705-b491-6c056b8c5df7:c2487, a4f67574-9018-43e7-8a54-351e98dc3d0a:c2487]
2019-08-23 07:09:01,306 | INFO  | DNAudit | user=null | ip=null | op=PUT_BLOCK {blockData=[blockId=conID: 1 locID: 102665036842336772 bcsId: 0,size=2097152]} | ret=SUCCESS |  
2019-08-23 07:09:01,311 | INFO  | DNAudit | user=null | ip=null | op=WRITE_CHUNK {blockData=conID: 1 locID: 102665036842336772 bcsId: 2489} | ret=SUCCESS |  
2019-08-23 07:09:01,313 | INFO  | DNAudit | user=null | ip=null | op=WRITE_CHUNK {blockData=conID: 1 locID: 102665036842336772 bcsId: 2489} | ret=SUCCESS |  
2019-08-23 07:09:01,313 | INFO  | DNAudit | user=null | ip=null | op=WRITE_CHUNK {blockData=conID: 1 locID: 102665036842336772 bcsId: 2489} | ret=SUCCESS |  
2019-08-23 07:09:01,323 | INFO  | DNAudit | user=null | ip=null | op=WRITE_CHUNK {blockData=conID: 1 locID: 102665036842336772 bcsId: 2489} | ret=SUCCESS |  
2019-08-23 07:09:01,324 | INFO  | DNAudit | user=null | ip=null | op=PUT_BLOCK {blockData=[blockId=conID: 1 locID: 102665036842336772 bcsId: 0,size=3145728]} | ret=SUCCESS |  
2019-08-23 07:09:01,324 [grpc-default-executor-2] INFO  client.GrpcClientProtocolClient (GrpcClientProtocolClient.java:onNext(255)) - client-D91E5D1E15CE->f2ba01fc-a63e-4348-bd18-030b60a135e7: receive RaftClientReply:client-D91E5D1E15CE->f2ba01fc-a63e-4348-bd18-030b60a135e7@group-C8C62FEF0626, cid=1723, SUCCESS, logIndex=2493, commits[f2ba01fc-a63e-4348-bd18-030b60a135e7:c2494, eab135d4-a257-4705-b491-6c056b8c5df7:c2492, a4f67574-9018-43e7-8a54-351e98dc3d0a:c2492]
2019-08-23 07:09:01,324 [grpc-default-executor-2] INFO  client.GrpcClientProtocolClient (GrpcClientProtocolClient.java:onNext(255)) - client-D91E5D1E15CE->f2ba01fc-a63e-4348-bd18-030b60a135e7: receive RaftClientReply:client-D91E5D1E15CE->f2ba01fc-a63e-4348-bd18-030b60a135e7@group-C8C62FEF0626, cid=1724, SUCCESS, logIndex=2494, commits[f2ba01fc-a63e-4348-bd18-030b60a135e7:c2494, eab135d4-a257-4705-b491-6c056b8c5df7:c2492, a4f67574-9018-43e7-8a54-351e98dc3d0a:c2492]
2019-08-23 07:09:01,329 | INFO  | DNAudit | user=null | ip=null | op=WRITE_CHUNK {blockData=conID: 1 locID: 102665036842336772 bcsId: 2494} | ret=SUCCESS |  
2019-08-23 07:09:01,331 | INFO  | DNAudit | user=null | ip=null | op=WRITE_CHUNK {blockData=conID: 1 locID: 102665036842336772 bcsId: 2494} | ret=SUCCESS |  
2019-08-23 07:09:01,332 | INFO  | DNAudit | user=null | ip=null | op=WRITE_CHUNK {blockData=conID: 1 locID: 102665036842336772 bcsId: 2494} | ret=SUCCESS |  
2019-08-23 07:09:01,335 | INFO  | DNAudit | user=null | ip=null | op=WRITE_CHUNK {blockData=conID: 1 locID: 102665036842336772 bcsId: 2489} | ret=SUCCESS |  
2019-08-23 07:09:01,335 | INFO  | DNAudit | user=null | ip=null | op=WRITE_CHUNK {blockData=conID: 1 locID: 102665036842336772 bcsId: 2489} | ret=SUCCESS |  
2019-08-23 07:09:01,335 | INFO  | DNAudit | user=null | ip=null | op=PUT_BLOCK {blockData=[blockId=conID: 1 locID: 102665036842336772 bcsId: 0,size=3145728]} | ret=SUCCESS |  
2019-08-23 07:09:01,336 | INFO  | DNAudit | user=null | ip=null | op=PUT_BLOCK {blockData=[blockId=conID: 1 locID: 102665036842336772 bcsId: 0,size=3145728]} | ret=SUCCESS |  
2019-08-23 07:09:01,338 | INFO  | DNAudit | user=null | ip=null | op=WRITE_CHUNK {blockData=conID: 1 locID: 102665036842336772 bcsId: 2494} | ret=SUCCESS |  
2019-08-23 07:09:01,339 | INFO  | DNAudit | user=null | ip=null | op=PUT_BLOCK {blockData=[blockId=conID: 1 locID: 102665036842336772 bcsId: 0,size=4194304]} | ret=SUCCESS |  
2019-08-23 07:09:01,339 [grpc-default-executor-0] INFO  client.GrpcClientProtocolClient (GrpcClientProtocolClient.java:onNext(255)) - client-D91E5D1E15CE->f2ba01fc-a63e-4348-bd18-030b60a135e7: receive RaftClientReply:client-D91E5D1E15CE->f2ba01fc-a63e-4348-bd18-030b60a135e7@group-C8C62FEF0626, cid=1725, SUCCESS, logIndex=2497, commits[f2ba01fc-a63e-4348-bd18-030b60a135e7:c2498, eab135d4-a257-4705-b491-6c056b8c5df7:c2494, a4f67574-9018-43e7-8a54-351e98dc3d0a:c2494]
2019-08-23 07:09:01,339 [grpc-default-executor-0] INFO  client.GrpcClientProtocolClient (GrpcClientProtocolClient.java:onNext(255)) - client-D91E5D1E15CE->f2ba01fc-a63e-4348-bd18-030b60a135e7: receive RaftClientReply:client-D91E5D1E15CE->f2ba01fc-a63e-4348-bd18-030b60a135e7@group-C8C62FEF0626, cid=1726, SUCCESS, logIndex=2498, commits[f2ba01fc-a63e-4348-bd18-030b60a135e7:c2498, eab135d4-a257-4705-b491-6c056b8c5df7:c2494, a4f67574-9018-43e7-8a54-351e98dc3d0a:c2494]
2019-08-23 07:09:01,350 | INFO  | DNAudit | user=null | ip=null | op=WRITE_CHUNK {blockData=conID: 1 locID: 102665036842336772 bcsId: 2494} | ret=SUCCESS |  
2019-08-23 07:09:01,350 | INFO  | DNAudit | user=null | ip=null | op=WRITE_CHUNK {blockData=conID: 1 locID: 102665036842336772 bcsId: 2494} | ret=SUCCESS |  
2019-08-23 07:09:01,353 | INFO  | DNAudit | user=null | ip=null | op=PUT_BLOCK {blockData=[blockId=conID: 1 locID: 102665036842336772 bcsId: 0,size=4194304]} | ret=SUCCESS |  
2019-08-23 07:09:01,353 | INFO  | DNAudit | user=null | ip=null | op=PUT_BLOCK {blockData=[blockId=conID: 1 locID: 102665036842336772 bcsId: 0,size=4194304]} | ret=SUCCESS |  
2019-08-23 07:09:01,353 [grpc-default-executor-3] INFO  client.GrpcClientProtocolClient (GrpcClientProtocolClient.java:onNext(255)) - client-D91E5D1E15CE->f2ba01fc-a63e-4348-bd18-030b60a135e7: receive RaftClientReply:client-D91E5D1E15CE->f2ba01fc-a63e-4348-bd18-030b60a135e7@group-C8C62FEF0626, cid=1727, SUCCESS, logIndex=0, commits[f2ba01fc-a63e-4348-bd18-030b60a135e7:c2500, eab135d4-a257-4705-b491-6c056b8c5df7:c2498, a4f67574-9018-43e7-8a54-351e98dc3d0a:c2498]
2019-08-23 07:09:01,358 | INFO  | SCMAudit | user=jenkins1000 | ip=192.168.5.178 | op=ALLOCATE_BLOCK {owner=aaf04d22-10dd-4717-8862-c651bdde72cf, size=4194304, type=RATIS, factor=THREE} | ret=SUCCESS |  
2019-08-23 07:09:01,361 | INFO  | OMAudit | user=jenkins1000 | ip=127.0.0.1 | op=ALLOCATE_BLOCK {volume=vol-0-67663, bucket=bucket-0-68950, key=key-0-26970, dataSize=0, replicationType=null, replicationFactor=null, keyLocationInfo=null, clientID=102665036030476690} | ret=SUCCESS |  
2019-08-23 07:09:01,367 | INFO  | DNAudit | user=null | ip=null | op=WRITE_CHUNK {blockData=conID: 2 locID: 102665036848038405 bcsId: 0} | ret=SUCCESS |  
2019-08-23 07:09:01,369 | INFO  | DNAudit | user=null | ip=null | op=WRITE_CHUNK {blockData=conID: 2 locID: 102665036848038405 bcsId: 0} | ret=SUCCESS |  
2019-08-23 07:09:01,370 | INFO  | DNAudit | user=null | ip=null | op=WRITE_CHUNK {blockData=conID: 2 locID: 102665036848038405 bcsId: 0} | ret=SUCCESS |  
2019-08-23 07:09:01,370 | INFO  | DNAudit | user=null | ip=null | op=WRITE_CHUNK {blockData=conID: 2 locID: 102665036848038405 bcsId: 0} | ret=SUCCESS |  
2019-08-23 07:09:01,372 | INFO  | DNAudit | user=null | ip=null | op=WRITE_CHUNK {blockData=conID: 2 locID: 102665036848038405 bcsId: 0} | ret=SUCCESS |  
2019-08-23 07:09:01,372 | INFO  | DNAudit | user=null | ip=null | op=WRITE_CHUNK {blockData=conID: 2 locID: 102665036848038405 bcsId: 0} | ret=SUCCESS |  
2019-08-23 07:09:01,379 | INFO  | DNAudit | user=null | ip=null | op=WRITE_CHUNK {blockData=conID: 2 locID: 102665036848038405 bcsId: 0} | ret=SUCCESS |  
2019-08-23 07:09:01,379 | INFO  | DNAudit | user=null | ip=null | op=PUT_BLOCK {blockData=[blockId=conID: 2 locID: 102665036848038405 bcsId: 0,size=1048576]} | ret=SUCCESS |  
2019-08-23 07:09:01,380 [grpc-default-executor-2] INFO  client.GrpcClientProtocolClient (GrpcClientProtocolClient.java:onNext(255)) - client-D91E5D1E15CE->f2ba01fc-a63e-4348-bd18-030b60a135e7: receive RaftClientReply:client-D91E5D1E15CE->f2ba01fc-a63e-4348-bd18-030b60a135e7@group-C8C62FEF0626, cid=1728, SUCCESS, logIndex=2501, commits[f2ba01fc-a63e-4348-bd18-030b60a135e7:c2502, eab135d4-a257-4705-b491-6c056b8c5df7:c2500, a4f67574-9018-43e7-8a54-351e98dc3d0a:c2500]
2019-08-23 07:09:01,380 [grpc-default-executor-2] INFO  client.GrpcClientProtocolClient (GrpcClientProtocolClient.java:onNext(255)) - client-D91E5D1E15CE->f2ba01fc-a63e-4348-bd18-030b60a135e7: receive RaftClientReply:client-D91E5D1E15CE->f2ba01fc-a63e-4348-bd18-030b60a135e7@group-C8C62FEF0626, cid=1729, SUCCESS, logIndex=2502, commits[f2ba01fc-a63e-4348-bd18-030b60a135e7:c2502, eab135d4-a257-4705-b491-6c056b8c5df7:c2500, a4f67574-9018-43e7-8a54-351e98dc3d0a:c2500]
2019-08-23 07:09:01,390 | INFO  | DNAudit | user=null | ip=null | op=WRITE_CHUNK {blockData=conID: 2 locID: 102665036848038405 bcsId: 0} | ret=SUCCESS |  
2019-08-23 07:09:01,391 | INFO  | DNAudit | user=null | ip=null | op=PUT_BLOCK {blockData=[blockId=conID: 2 locID: 102665036848038405 bcsId: 0,size=2097152]} | ret=SUCCESS |  
2019-08-23 07:09:01,391 | INFO  | DNAudit | user=null | ip=null | op=WRITE_CHUNK {blockData=conID: 2 locID: 102665036848038405 bcsId: 0} | ret=SUCCESS |  
2019-08-23 07:09:01,391 [grpc-default-executor-4] INFO  client.GrpcClientProtocolClient (GrpcClientProtocolClient.java:onNext(255)) - client-D91E5D1E15CE->f2ba01fc-a63e-4348-bd18-030b60a135e7: receive RaftClientReply:client-D91E5D1E15CE->f2ba01fc-a63e-4348-bd18-030b60a135e7@group-C8C62FEF0626, cid=1730, SUCCESS, logIndex=2503, commits[f2ba01fc-a63e-4348-bd18-030b60a135e7:c2504, eab135d4-a257-4705-b491-6c056b8c5df7:c2500, a4f67574-9018-43e7-8a54-351e98dc3d0a:c2500]
2019-08-23 07:09:01,391 | INFO  | DNAudit | user=null | ip=null | op=PUT_BLOCK {blockData=[blockId=conID: 2 locID: 102665036848038405 bcsId: 0,size=1048576]} | ret=SUCCESS |  
2019-08-23 07:09:01,391 [grpc-default-executor-4] INFO  client.GrpcClientProtocolClient (GrpcClientProtocolClient.java:onNext(255)) - client-D91E5D1E15CE->f2ba01fc-a63e-4348-bd18-030b60a135e7: receive RaftClientReply:client-D91E5D1E15CE->f2ba01fc-a63e-4348-bd18-030b60a135e7@group-C8C62FEF0626, cid=1731, SUCCESS, logIndex=2504, commits[f2ba01fc-a63e-4348-bd18-030b60a135e7:c2504, eab135d4-a257-4705-b491-6c056b8c5df7:c2500, a4f67574-9018-43e7-8a54-351e98dc3d0a:c2500]
2019-08-23 07:09:01,392 | INFO  | DNAudit | user=null | ip=null | op=WRITE_CHUNK {blockData=conID: 2 locID: 102665036848038405 bcsId: 0} | ret=SUCCESS |  
2019-08-23 07:09:01,392 | INFO  | DNAudit | user=null | ip=null | op=PUT_BLOCK {blockData=[blockId=conID: 2 locID: 102665036848038405 bcsId: 0,size=1048576]} | ret=SUCCESS |  
2019-08-23 07:09:01,392 [grpc-default-executor-4] INFO  client.GrpcClientProtocolClient (GrpcClientProtocolClient.java:onNext(255)) - client-D91E5D1E15CE->f2ba01fc-a63e-4348-bd18-030b60a135e7: receive RaftClientReply:client-D91E5D1E15CE->f2ba01fc-a63e-4348-bd18-030b60a135e7@group-C8C62FEF0626, cid=1732, SUCCESS, logIndex=0, commits[f2ba01fc-a63e-4348-bd18-030b60a135e7:c2506, eab135d4-a257-4705-b491-6c056b8c5df7:c2502, a4f67574-9018-43e7-8a54-351e98dc3d0a:c2502]
2019-08-23 07:09:01,393 | INFO  | DNAudit | user=null | ip=null | op=WRITE_CHUNK {blockData=conID: 2 locID: 102665036848038405 bcsId: 0} | ret=SUCCESS |  
2019-08-23 07:09:01,393 | INFO  | DNAudit | user=null | ip=null | op=PUT_BLOCK {blockData=[blockId=conID: 2 locID: 102665036848038405 bcsId: 0,size=2097152]} | ret=SUCCESS |  
2019-08-23 07:09:01,393 | INFO  | DNAudit | user=null | ip=null | op=WRITE_CHUNK {blockData=conID: 2 locID: 102665036848038405 bcsId: 0} | ret=SUCCESS |  
2019-08-23 07:09:01,394 | INFO  | DNAudit | user=null | ip=null | op=PUT_BLOCK {blockData=[blockId=conID: 2 locID: 102665036848038405 bcsId: 0,size=2097152]} | ret=SUCCESS |  
2019-08-23 07:09:01,398 | INFO  | DNAudit | user=null | ip=null | op=WRITE_CHUNK {blockData=conID: 2 locID: 102665036848038405 bcsId: 2504} | ret=SUCCESS |  
2019-08-23 07:09:01,399 | INFO  | DNAudit | user=null | ip=null | op=WRITE_CHUNK {blockData=conID: 2 locID: 102665036848038405 bcsId: 2504} | ret=SUCCESS |  
2019-08-23 07:09:01,400 | INFO  | DNAudit | user=null | ip=null | op=WRITE_CHUNK {blockData=conID: 2 locID: 102665036848038405 bcsId: 2504} | ret=SUCCESS |  
2019-08-23 07:09:01,410 | INFO  | DNAudit | user=null | ip=null | op=WRITE_CHUNK {blockData=conID: 2 locID: 102665036848038405 bcsId: 2504} | ret=SUCCESS |  
2019-08-23 07:09:01,411 | INFO  | DNAudit | user=null | ip=null | op=PUT_BLOCK {blockData=[blockId=conID: 2 locID: 102665036848038405 bcsId: 0,size=3145728]} | ret=SUCCESS |  
2019-08-23 07:09:01,411 [grpc-default-executor-2] INFO  client.GrpcClientProtocolClient (GrpcClientProtocolClient.java:onNext(255)) - client-D91E5D1E15CE->f2ba01fc-a63e-4348-bd18-030b60a135e7: receive RaftClientReply:client-D91E5D1E15CE->f2ba01fc-a63e-4348-bd18-030b60a135e7@group-C8C62FEF0626, cid=1733, SUCCESS, logIndex=2509, commits[f2ba01fc-a63e-4348-bd18-030b60a135e7:c2510, eab135d4-a257-4705-b491-6c056b8c5df7:c2508, a4f67574-9018-43e7-8a54-351e98dc3d0a:c2508]
2019-08-23 07:09:01,411 [grpc-default-executor-2] INFO  client.GrpcClientProtocolClient (GrpcClientProtocolClient.java:onNext(255)) - client-D91E5D1E15CE->f2ba01fc-a63e-4348-bd18-030b60a135e7: receive RaftClientReply:client-D91E5D1E15CE->f2ba01fc-a63e-4348-bd18-030b60a135e7@group-C8C62FEF0626, cid=1734, SUCCESS, logIndex=2510, commits[f2ba01fc-a63e-4348-bd18-030b60a135e7:c2510, eab135d4-a257-4705-b491-6c056b8c5df7:c2508, a4f67574-9018-43e7-8a54-351e98dc3d0a:c2508]
2019-08-23 07:09:01,416 | INFO  | DNAudit | user=null | ip=null | op=WRITE_CHUNK {blockData=conID: 2 locID: 102665036848038405 bcsId: 2510} | ret=SUCCESS |  
2019-08-23 07:09:01,418 | INFO  | DNAudit | user=null | ip=null | op=WRITE_CHUNK {blockData=conID: 2 locID: 102665036848038405 bcsId: 2510} | ret=SUCCESS |  
2019-08-23 07:09:01,419 | INFO  | DNAudit | user=null | ip=null | op=WRITE_CHUNK {blockData=conID: 2 locID: 102665036848038405 bcsId: 2510} | ret=SUCCESS |  
2019-08-23 07:09:01,422 | INFO  | DNAudit | user=null | ip=null | op=WRITE_CHUNK {blockData=conID: 2 locID: 102665036848038405 bcsId: 2504} | ret=SUCCESS |  
2019-08-23 07:09:01,422 | INFO  | DNAudit | user=null | ip=null | op=WRITE_CHUNK {blockData=conID: 2 locID: 102665036848038405 bcsId: 2504} | ret=SUCCESS |  
2019-08-23 07:09:01,424 | INFO  | DNAudit | user=null | ip=null | op=PUT_BLOCK {blockData=[blockId=conID: 2 locID: 102665036848038405 bcsId: 0,size=3145728]} | ret=SUCCESS |  
2019-08-23 07:09:01,424 | INFO  | DNAudit | user=null | ip=null | op=PUT_BLOCK {blockData=[blockId=conID: 2 locID: 102665036848038405 bcsId: 0,size=3145728]} | ret=SUCCESS |  
2019-08-23 07:09:01,424 | INFO  | DNAudit | user=null | ip=null | op=WRITE_CHUNK {blockData=conID: 2 locID: 102665036848038405 bcsId: 2510} | ret=SUCCESS |  
2019-08-23 07:09:01,425 | INFO  | DNAudit | user=null | ip=null | op=PUT_BLOCK {blockData=[blockId=conID: 2 locID: 102665036848038405 bcsId: 0,size=4194304]} | ret=SUCCESS |  
2019-08-23 07:09:01,425 [grpc-default-executor-0] INFO  client.GrpcClientProtocolClient (GrpcClientProtocolClient.java:onNext(255)) - client-D91E5D1E15CE->f2ba01fc-a63e-4348-bd18-030b60a135e7: receive RaftClientReply:client-D91E5D1E15CE->f2ba01fc-a63e-4348-bd18-030b60a135e7@group-C8C62FEF0626, cid=1735, SUCCESS, logIndex=2513, commits[f2ba01fc-a63e-4348-bd18-030b60a135e7:c2513, eab135d4-a257-4705-b491-6c056b8c5df7:c2510, a4f67574-9018-43e7-8a54-351e98dc3d0a:c2510]
2019-08-23 07:09:01,425 [grpc-default-executor-0] INFO  client.GrpcClientProtocolClient (GrpcClientProtocolClient.java:onNext(255)) - client-D91E5D1E15CE->f2ba01fc-a63e-4348-bd18-030b60a135e7: receive RaftClientReply:client-D91E5D1E15CE->f2ba01fc-a63e-4348-bd18-030b60a135e7@group-C8C62FEF0626, cid=1736, SUCCESS, logIndex=2514, commits[f2ba01fc-a63e-4348-bd18-030b60a135e7:c2514, eab135d4-a257-4705-b491-6c056b8c5df7:c2510, a4f67574-9018-43e7-8a54-351e98dc3d0a:c2510]
2019-08-23 07:09:01,427 | INFO  | DNAudit | user=null | ip=null | op=WRITE_CHUNK {blockData=conID: 2 locID: 102665036848038405 bcsId: 2510} | ret=SUCCESS |  
2019-08-23 07:09:01,427 | INFO  | DNAudit | user=null | ip=null | op=WRITE_CHUNK {blockData=conID: 2 locID: 102665036848038405 bcsId: 2510} | ret=SUCCESS |  
2019-08-23 07:09:01,429 | INFO  | DNAudit | user=null | ip=null | op=PUT_BLOCK {blockData=[blockId=conID: 2 locID: 102665036848038405 bcsId: 0,size=4194304]} | ret=SUCCESS |  
2019-08-23 07:09:01,429 | INFO  | DNAudit | user=null | ip=null | op=PUT_BLOCK {blockData=[blockId=conID: 2 locID: 102665036848038405 bcsId: 0,size=4194304]} | ret=SUCCESS |  
2019-08-23 07:09:01,430 [grpc-default-executor-3] INFO  client.GrpcClientProtocolClient (GrpcClientProtocolClient.java:onNext(255)) - client-D91E5D1E15CE->f2ba01fc-a63e-4348-bd18-030b60a135e7: receive RaftClientReply:client-D91E5D1E15CE->f2ba01fc-a63e-4348-bd18-030b60a135e7@group-C8C62FEF0626, cid=1737, SUCCESS, logIndex=0, commits[f2ba01fc-a63e-4348-bd18-030b60a135e7:c2516, eab135d4-a257-4705-b491-6c056b8c5df7:c2514, a4f67574-9018-43e7-8a54-351e98dc3d0a:c2514]
2019-08-23 07:09:01,435 | INFO  | SCMAudit | user=jenkins1000 | ip=192.168.5.178 | op=ALLOCATE_BLOCK {owner=aaf04d22-10dd-4717-8862-c651bdde72cf, size=4194304, type=RATIS, factor=THREE} | ret=SUCCESS |  
2019-08-23 07:09:01,438 | INFO  | OMAudit | user=jenkins1000 | ip=127.0.0.1 | op=ALLOCATE_BLOCK {volume=vol-0-67663, bucket=bucket-0-68950, key=key-0-26970, dataSize=0, replicationType=null, replicationFactor=null, keyLocationInfo=null, clientID=102665036030476690} | ret=SUCCESS |  
2019-08-23 07:09:01,443 | INFO  | DNAudit | user=null | ip=null | op=WRITE_CHUNK {blockData=conID: 3 locID: 102665036853084678 bcsId: 0} | ret=SUCCESS |  
2019-08-23 07:09:01,446 | INFO  | DNAudit | user=null | ip=null | op=WRITE_CHUNK {blockData=conID: 3 locID: 102665036853084678 bcsId: 0} | ret=SUCCESS |  
2019-08-23 07:09:01,446 | INFO  | DNAudit | user=null | ip=null | op=WRITE_CHUNK {blockData=conID: 3 locID: 102665036853084678 bcsId: 0} | ret=SUCCESS |  
2019-08-23 07:09:01,446 | INFO  | DNAudit | user=null | ip=null | op=WRITE_CHUNK {blockData=conID: 3 locID: 102665036853084678 bcsId: 0} | ret=SUCCESS |  
2019-08-23 07:09:01,447 | INFO  | DNAudit | user=null | ip=null | op=WRITE_CHUNK {blockData=conID: 3 locID: 102665036853084678 bcsId: 0} | ret=SUCCESS |  
2019-08-23 07:09:01,448 | INFO  | DNAudit | user=null | ip=null | op=WRITE_CHUNK {blockData=conID: 3 locID: 102665036853084678 bcsId: 0} | ret=SUCCESS |  
2019-08-23 07:09:01,448 | INFO  | DNAudit | user=null | ip=null | op=WRITE_CHUNK {blockData=conID: 3 locID: 102665036853084678 bcsId: 0} | ret=SUCCESS |  
2019-08-23 07:09:01,448 | INFO  | DNAudit | user=null | ip=null | op=PUT_BLOCK {blockData=[blockId=conID: 3 locID: 102665036853084678 bcsId: 0,size=1048576]} | ret=SUCCESS |  
2019-08-23 07:09:01,448 [grpc-default-executor-3] INFO  client.GrpcClientProtocolClient (GrpcClientProtocolClient.java:onNext(255)) - client-D91E5D1E15CE->f2ba01fc-a63e-4348-bd18-030b60a135e7: receive RaftClientReply:client-D91E5D1E15CE->f2ba01fc-a63e-4348-bd18-030b60a135e7@group-C8C62FEF0626, cid=1738, SUCCESS, logIndex=2517, commits[f2ba01fc-a63e-4348-bd18-030b60a135e7:c2518, eab135d4-a257-4705-b491-6c056b8c5df7:c2516, a4f67574-9018-43e7-8a54-351e98dc3d0a:c2516]
2019-08-23 07:09:01,449 [grpc-default-executor-3] INFO  client.GrpcClientProtocolClient (GrpcClientProtocolClient.java:onNext(255)) - client-D91E5D1E15CE->f2ba01fc-a63e-4348-bd18-030b60a135e7: receive RaftClientReply:client-D91E5D1E15CE->f2ba01fc-a63e-4348-bd18-030b60a135e7@group-C8C62FEF0626, cid=1739, SUCCESS, logIndex=2518, commits[f2ba01fc-a63e-4348-bd18-030b60a135e7:c2518, eab135d4-a257-4705-b491-6c056b8c5df7:c2516, a4f67574-9018-43e7-8a54-351e98dc3d0a:c2516]
2019-08-23 07:09:01,451 | INFO  | DNAudit | user=null | ip=null | op=WRITE_CHUNK {blockData=conID: 3 locID: 102665036853084678 bcsId: 0} | ret=SUCCESS |  
2019-08-23 07:09:01,452 | INFO  | DNAudit | user=null | ip=null | op=PUT_BLOCK {blockData=[blockId=conID: 3 locID: 102665036853084678 bcsId: 0,size=2097152]} | ret=SUCCESS |  
2019-08-23 07:09:01,452 [grpc-default-executor-4] INFO  client.GrpcClientProtocolClient (GrpcClientProtocolClient.java:onNext(255)) - client-D91E5D1E15CE->f2ba01fc-a63e-4348-bd18-030b60a135e7: receive RaftClientReply:client-D91E5D1E15CE->f2ba01fc-a63e-4348-bd18-030b60a135e7@group-C8C62FEF0626, cid=1740, SUCCESS, logIndex=2519, commits[f2ba01fc-a63e-4348-bd18-030b60a135e7:c2520, eab135d4-a257-4705-b491-6c056b8c5df7:c2516, a4f67574-9018-43e7-8a54-351e98dc3d0a:c2516]
2019-08-23 07:09:01,452 [grpc-default-executor-4] INFO  client.GrpcClientProtocolClient (GrpcClientProtocolClient.java:onNext(255)) - client-D91E5D1E15CE->f2ba01fc-a63e-4348-bd18-030b60a135e7: receive RaftClientReply:client-D91E5D1E15CE->f2ba01fc-a63e-4348-bd18-030b60a135e7@group-C8C62FEF0626, cid=1741, SUCCESS, logIndex=2520, commits[f2ba01fc-a63e-4348-bd18-030b60a135e7:c2520, eab135d4-a257-4705-b491-6c056b8c5df7:c2516, a4f67574-9018-43e7-8a54-351e98dc3d0a:c2516]
2019-08-23 07:09:01,453 | INFO  | DNAudit | user=null | ip=null | op=WRITE_CHUNK {blockData=conID: 3 locID: 102665036853084678 bcsId: 0} | ret=SUCCESS |  
2019-08-23 07:09:01,453 | INFO  | DNAudit | user=null | ip=null | op=PUT_BLOCK {blockData=[blockId=conID: 3 locID: 102665036853084678 bcsId: 0,size=1048576]} | ret=SUCCESS |  
2019-08-23 07:09:01,453 | INFO  | DNAudit | user=null | ip=null | op=WRITE_CHUNK {blockData=conID: 3 locID: 102665036853084678 bcsId: 0} | ret=SUCCESS |  
2019-08-23 07:09:01,454 | INFO  | DNAudit | user=null | ip=null | op=PUT_BLOCK {blockData=[blockId=conID: 3 locID: 102665036853084678 bcsId: 0,size=1048576]} | ret=SUCCESS |  
2019-08-23 07:09:01,454 [grpc-default-executor-4] INFO  client.GrpcClientProtocolClient (GrpcClientProtocolClient.java:onNext(255)) - client-D91E5D1E15CE->f2ba01fc-a63e-4348-bd18-030b60a135e7: receive RaftClientReply:client-D91E5D1E15CE->f2ba01fc-a63e-4348-bd18-030b60a135e7@group-C8C62FEF0626, cid=1742, SUCCESS, logIndex=0, commits[f2ba01fc-a63e-4348-bd18-030b60a135e7:c2521, eab135d4-a257-4705-b491-6c056b8c5df7:c2518, a4f67574-9018-43e7-8a54-351e98dc3d0a:c2518]
2019-08-23 07:09:01,454 | INFO  | DNAudit | user=null | ip=null | op=WRITE_CHUNK {blockData=conID: 3 locID: 102665036853084678 bcsId: 0} | ret=SUCCESS |  
2019-08-23 07:09:01,454 | INFO  | DNAudit | user=null | ip=null | op=PUT_BLOCK {blockData=[blockId=conID: 3 locID: 102665036853084678 bcsId: 0,size=2097152]} | ret=SUCCESS |  
2019-08-23 07:09:01,455 | INFO  | DNAudit | user=null | ip=null | op=WRITE_CHUNK {blockData=conID: 3 locID: 102665036853084678 bcsId: 0} | ret=SUCCESS |  
2019-08-23 07:09:01,455 | INFO  | DNAudit | user=null | ip=null | op=PUT_BLOCK {blockData=[blockId=conID: 3 locID: 102665036853084678 bcsId: 0,size=2097152]} | ret=SUCCESS |  
2019-08-23 07:09:01,459 | INFO  | DNAudit | user=null | ip=null | op=WRITE_CHUNK {blockData=conID: 3 locID: 102665036853084678 bcsId: 2520} | ret=SUCCESS |  
2019-08-23 07:09:01,460 | INFO  | DNAudit | user=null | ip=null | op=WRITE_CHUNK {blockData=conID: 3 locID: 102665036853084678 bcsId: 2520} | ret=SUCCESS |  
2019-08-23 07:09:01,461 | INFO  | DNAudit | user=null | ip=null | op=WRITE_CHUNK {blockData=conID: 3 locID: 102665036853084678 bcsId: 2520} | ret=SUCCESS |  
2019-08-23 07:09:01,462 | INFO  | DNAudit | user=null | ip=null | op=WRITE_CHUNK {blockData=conID: 3 locID: 102665036853084678 bcsId: 2520} | ret=SUCCESS |  
2019-08-23 07:09:01,463 | INFO  | DNAudit | user=null | ip=null | op=PUT_BLOCK {blockData=[blockId=conID: 3 locID: 102665036853084678 bcsId: 0,size=3145728]} | ret=SUCCESS |  
2019-08-23 07:09:01,463 [grpc-default-executor-4] INFO  client.GrpcClientProtocolClient (GrpcClientProtocolClient.java:onNext(255)) - client-D91E5D1E15CE->f2ba01fc-a63e-4348-bd18-030b60a135e7: receive RaftClientReply:client-D91E5D1E15CE->f2ba01fc-a63e-4348-bd18-030b60a135e7@group-C8C62FEF0626, cid=1743, SUCCESS, logIndex=2524, commits[f2ba01fc-a63e-4348-bd18-030b60a135e7:c2525, eab135d4-a257-4705-b491-6c056b8c5df7:c2520, a4f67574-9018-43e7-8a54-351e98dc3d0a:c2523]
2019-08-23 07:09:01,463 [grpc-default-executor-4] INFO  client.GrpcClientProtocolClient (GrpcClientProtocolClient.java:onNext(255)) - client-D91E5D1E15CE->f2ba01fc-a63e-4348-bd18-030b60a135e7: receive RaftClientReply:client-D91E5D1E15CE->f2ba01fc-a63e-4348-bd18-030b60a135e7@group-C8C62FEF0626, cid=1744, SUCCESS, logIndex=2525, commits[f2ba01fc-a63e-4348-bd18-030b60a135e7:c2525, eab135d4-a257-4705-b491-6c056b8c5df7:c2523, a4f67574-9018-43e7-8a54-351e98dc3d0a:c2523]
2019-08-23 07:09:01,465 | INFO  | DNAudit | user=null | ip=null | op=WRITE_CHUNK {blockData=conID: 3 locID: 102665036853084678 bcsId: 2520} | ret=SUCCESS |  
2019-08-23 07:09:01,465 | INFO  | DNAudit | user=null | ip=null | op=WRITE_CHUNK {blockData=conID: 3 locID: 102665036853084678 bcsId: 2520} | ret=SUCCESS |  
2019-08-23 07:09:01,465 | INFO  | DNAudit | user=null | ip=null | op=PUT_BLOCK {blockData=[blockId=conID: 3 locID: 102665036853084678 bcsId: 0,size=3145728]} | ret=SUCCESS |  
2019-08-23 07:09:01,466 | INFO  | DNAudit | user=null | ip=null | op=PUT_BLOCK {blockData=[blockId=conID: 3 locID: 102665036853084678 bcsId: 0,size=3145728]} | ret=SUCCESS |  
2019-08-23 07:09:01,468 | INFO  | DNAudit | user=null | ip=null | op=WRITE_CHUNK {blockData=conID: 3 locID: 102665036853084678 bcsId: 2525} | ret=SUCCESS |  
2019-08-23 07:09:01,469 | INFO  | DNAudit | user=null | ip=null | op=WRITE_CHUNK {blockData=conID: 3 locID: 102665036853084678 bcsId: 2525} | ret=SUCCESS |  
2019-08-23 07:09:01,470 | INFO  | DNAudit | user=null | ip=null | op=WRITE_CHUNK {blockData=conID: 3 locID: 102665036853084678 bcsId: 2525} | ret=SUCCESS |  
2019-08-23 07:09:01,485 | INFO  | DNAudit | user=null | ip=null | op=WRITE_CHUNK {blockData=conID: 3 locID: 102665036853084678 bcsId: 2525} | ret=SUCCESS |  
2019-08-23 07:09:01,486 | INFO  | DNAudit | user=null | ip=null | op=PUT_BLOCK {blockData=[blockId=conID: 3 locID: 102665036853084678 bcsId: 0,size=4194304]} | ret=SUCCESS |  
2019-08-23 07:09:01,486 [grpc-default-executor-2] INFO  client.GrpcClientProtocolClient (GrpcClientProtocolClient.java:onNext(255)) - client-D91E5D1E15CE->f2ba01fc-a63e-4348-bd18-030b60a135e7: receive RaftClientReply:client-D91E5D1E15CE->f2ba01fc-a63e-4348-bd18-030b60a135e7@group-C8C62FEF0626, cid=1745, SUCCESS, logIndex=2527, commits[f2ba01fc-a63e-4348-bd18-030b60a135e7:c2528, eab135d4-a257-4705-b491-6c056b8c5df7:c2526, a4f67574-9018-43e7-8a54-351e98dc3d0a:c2526]
2019-08-23 07:09:01,486 [grpc-default-executor-2] INFO  client.GrpcClientProtocolClient (GrpcClientProtocolClient.java:onNext(255)) - client-D91E5D1E15CE->f2ba01fc-a63e-4348-bd18-030b60a135e7: receive RaftClientReply:client-D91E5D1E15CE->f2ba01fc-a63e-4348-bd18-030b60a135e7@group-C8C62FEF0626, cid=1746, SUCCESS, logIndex=2528, commits[f2ba01fc-a63e-4348-bd18-030b60a135e7:c2528, eab135d4-a257-4705-b491-6c056b8c5df7:c2526, a4f67574-9018-43e7-8a54-351e98dc3d0a:c2526]
2019-08-23 07:09:01,497 | INFO  | DNAudit | user=null | ip=null | op=WRITE_CHUNK {blockData=conID: 3 locID: 102665036853084678 bcsId: 2525} | ret=SUCCESS |  
2019-08-23 07:09:01,497 | INFO  | DNAudit | user=null | ip=null | op=WRITE_CHUNK {blockData=conID: 3 locID: 102665036853084678 bcsId: 2525} | ret=SUCCESS |  
2019-08-23 07:09:01,497 | INFO  | DNAudit | user=null | ip=null | op=PUT_BLOCK {blockData=[blockId=conID: 3 locID: 102665036853084678 bcsId: 0,size=4194304]} | ret=SUCCESS |  
2019-08-23 07:09:01,498 | INFO  | DNAudit | user=null | ip=null | op=PUT_BLOCK {blockData=[blockId=conID: 3 locID: 102665036853084678 bcsId: 0,size=4194304]} | ret=SUCCESS |  
2019-08-23 07:09:01,499 [grpc-default-executor-2] INFO  client.GrpcClientProtocolClient (GrpcClientProtocolClient.java:onNext(255)) - client-D91E5D1E15CE->f2ba01fc-a63e-4348-bd18-030b60a135e7: receive RaftClientReply:client-D91E5D1E15CE->f2ba01fc-a63e-4348-bd18-030b60a135e7@group-C8C62FEF0626, cid=1747, SUCCESS, logIndex=0, commits[f2ba01fc-a63e-4348-bd18-030b60a135e7:c2530, eab135d4-a257-4705-b491-6c056b8c5df7:c2528, a4f67574-9018-43e7-8a54-351e98dc3d0a:c2528]
2019-08-23 07:09:01,502 | INFO  | SCMAudit | user=jenkins1000 | ip=192.168.5.178 | op=ALLOCATE_BLOCK {owner=aaf04d22-10dd-4717-8862-c651bdde72cf, size=4194304, type=RATIS, factor=THREE} | ret=SUCCESS |  
2019-08-23 07:09:01,506 | INFO  | OMAudit | user=jenkins1000 | ip=127.0.0.1 | op=ALLOCATE_BLOCK {volume=vol-0-67663, bucket=bucket-0-68950, key=key-0-26970, dataSize=0, replicationType=null, replicationFactor=null, keyLocationInfo=null, clientID=102665036030476690} | ret=SUCCESS |  
2019-08-23 07:09:01,511 | INFO  | DNAudit | user=null | ip=null | op=WRITE_CHUNK {blockData=conID: 1 locID: 102665036857475591 bcsId: 0} | ret=SUCCESS |  
2019-08-23 07:09:01,513 | INFO  | DNAudit | user=null | ip=null | op=WRITE_CHUNK {blockData=conID: 1 locID: 102665036857475591 bcsId: 0} | ret=SUCCESS |  
2019-08-23 07:09:01,514 | INFO  | DNAudit | user=null | ip=null | op=WRITE_CHUNK {blockData=conID: 1 locID: 102665036857475591 bcsId: 0} | ret=SUCCESS |  
2019-08-23 07:09:01,514 | INFO  | DNAudit | user=null | ip=null | op=WRITE_CHUNK {blockData=conID: 1 locID: 102665036857475591 bcsId: 0} | ret=SUCCESS |  
2019-08-23 07:09:01,515 | INFO  | DNAudit | user=null | ip=null | op=WRITE_CHUNK {blockData=conID: 1 locID: 102665036857475591 bcsId: 0} | ret=SUCCESS |  
2019-08-23 07:09:01,515 | INFO  | DNAudit | user=null | ip=null | op=WRITE_CHUNK {blockData=conID: 1 locID: 102665036857475591 bcsId: 0} | ret=SUCCESS |  
2019-08-23 07:09:01,515 | INFO  | DNAudit | user=null | ip=null | op=WRITE_CHUNK {blockData=conID: 1 locID: 102665036857475591 bcsId: 0} | ret=SUCCESS |  
2019-08-23 07:09:01,516 | INFO  | DNAudit | user=null | ip=null | op=PUT_BLOCK {blockData=[blockId=conID: 1 locID: 102665036857475591 bcsId: 0,size=1048576]} | ret=SUCCESS |  
2019-08-23 07:09:01,516 [grpc-default-executor-2] INFO  client.GrpcClientProtocolClient (GrpcClientProtocolClient.java:onNext(255)) - client-D91E5D1E15CE->f2ba01fc-a63e-4348-bd18-030b60a135e7: receive RaftClientReply:client-D91E5D1E15CE->f2ba01fc-a63e-4348-bd18-030b60a135e7@group-C8C62FEF0626, cid=1748, SUCCESS, logIndex=2531, commits[f2ba01fc-a63e-4348-bd18-030b60a135e7:c2532, eab135d4-a257-4705-b491-6c056b8c5df7:c2528, a4f67574-9018-43e7-8a54-351e98dc3d0a:c2530]
2019-08-23 07:09:01,516 [grpc-default-executor-2] INFO  client.GrpcClientProtocolClient (GrpcClientProtocolClient.java:onNext(255)) - client-D91E5D1E15CE->f2ba01fc-a63e-4348-bd18-030b60a135e7: receive RaftClientReply:client-D91E5D1E15CE->f2ba01fc-a63e-4348-bd18-030b60a135e7@group-C8C62FEF0626, cid=1749, SUCCESS, logIndex=2532, commits[f2ba01fc-a63e-4348-bd18-030b60a135e7:c2532, eab135d4-a257-4705-b491-6c056b8c5df7:c2528, a4f67574-9018-43e7-8a54-351e98dc3d0a:c2530]
2019-08-23 07:09:01,517 | INFO  | DNAudit | user=null | ip=null | op=WRITE_CHUNK {blockData=conID: 1 locID: 102665036857475591 bcsId: 0} | ret=SUCCESS |  
2019-08-23 07:09:01,518 | INFO  | DNAudit | user=null | ip=null | op=PUT_BLOCK {blockData=[blockId=conID: 1 locID: 102665036857475591 bcsId: 0,size=2097152]} | ret=SUCCESS |  
2019-08-23 07:09:01,518 | INFO  | DNAudit | user=null | ip=null | op=WRITE_CHUNK {blockData=conID: 1 locID: 102665036857475591 bcsId: 0} | ret=SUCCESS |  
2019-08-23 07:09:01,518 [grpc-default-executor-4] INFO  client.GrpcClientProtocolClient (GrpcClientProtocolClient.java:onNext(255)) - client-D91E5D1E15CE->f2ba01fc-a63e-4348-bd18-030b60a135e7: receive RaftClientReply:client-D91E5D1E15CE->f2ba01fc-a63e-4348-bd18-030b60a135e7@group-C8C62FEF0626, cid=1750, SUCCESS, logIndex=2533, commits[f2ba01fc-a63e-4348-bd18-030b60a135e7:c2534, eab135d4-a257-4705-b491-6c056b8c5df7:c2530, a4f67574-9018-43e7-8a54-351e98dc3d0a:c2530]
2019-08-23 07:09:01,518 | INFO  | DNAudit | user=null | ip=null | op=PUT_BLOCK {blockData=[blockId=conID: 1 locID: 102665036857475591 bcsId: 0,size=1048576]} | ret=SUCCESS |  
2019-08-23 07:09:01,518 [grpc-default-executor-4] INFO  client.GrpcClientProtocolClient (GrpcClientProtocolClient.java:onNext(255)) - client-D91E5D1E15CE->f2ba01fc-a63e-4348-bd18-030b60a135e7: receive RaftClientReply:client-D91E5D1E15CE->f2ba01fc-a63e-4348-bd18-030b60a135e7@group-C8C62FEF0626, cid=1751, SUCCESS, logIndex=2534, commits[f2ba01fc-a63e-4348-bd18-030b60a135e7:c2535, eab135d4-a257-4705-b491-6c056b8c5df7:c2530, a4f67574-9018-43e7-8a54-351e98dc3d0a:c2532]
2019-08-23 07:09:01,531 | INFO  | DNAudit | user=null | ip=null | op=WRITE_CHUNK {blockData=conID: 1 locID: 102665036857475591 bcsId: 0} | ret=SUCCESS |  
2019-08-23 07:09:01,531 | INFO  | DNAudit | user=null | ip=null | op=PUT_BLOCK {blockData=[blockId=conID: 1 locID: 102665036857475591 bcsId: 0,size=1048576]} | ret=SUCCESS |  
2019-08-23 07:09:01,531 [grpc-default-executor-4] INFO  client.GrpcClientProtocolClient (GrpcClientProtocolClient.java:onNext(255)) - client-D91E5D1E15CE->f2ba01fc-a63e-4348-bd18-030b60a135e7: receive RaftClientReply:client-D91E5D1E15CE->f2ba01fc-a63e-4348-bd18-030b60a135e7@group-C8C62FEF0626, cid=1752, SUCCESS, logIndex=0, commits[f2ba01fc-a63e-4348-bd18-030b60a135e7:c2536, eab135d4-a257-4705-b491-6c056b8c5df7:c2532, a4f67574-9018-43e7-8a54-351e98dc3d0a:c2532]
2019-08-23 07:09:01,532 | INFO  | DNAudit | user=null | ip=null | op=WRITE_CHUNK {blockData=conID: 1 locID: 102665036857475591 bcsId: 0} | ret=SUCCESS |  
2019-08-23 07:09:01,532 | INFO  | DNAudit | user=null | ip=null | op=PUT_BLOCK {blockData=[blockId=conID: 1 locID: 102665036857475591 bcsId: 0,size=2097152]} | ret=SUCCESS |  
2019-08-23 07:09:01,532 | INFO  | DNAudit | user=null | ip=null | op=WRITE_CHUNK {blockData=conID: 1 locID: 102665036857475591 bcsId: 0} | ret=SUCCESS |  
2019-08-23 07:09:01,532 | INFO  | DNAudit | user=null | ip=null | op=PUT_BLOCK {blockData=[blockId=conID: 1 locID: 102665036857475591 bcsId: 0,size=2097152]} | ret=SUCCESS |  
2019-08-23 07:09:01,536 | INFO  | DNAudit | user=null | ip=null | op=WRITE_CHUNK {blockData=conID: 1 locID: 102665036857475591 bcsId: 2534} | ret=SUCCESS |  
2019-08-23 07:09:01,538 | INFO  | DNAudit | user=null | ip=null | op=WRITE_CHUNK {blockData=conID: 1 locID: 102665036857475591 bcsId: 2534} | ret=SUCCESS |  
2019-08-23 07:09:01,538 | INFO  | DNAudit | user=null | ip=null | op=WRITE_CHUNK {blockData=conID: 1 locID: 102665036857475591 bcsId: 2534} | ret=SUCCESS |  
2019-08-23 07:09:01,549 | INFO  | DNAudit | user=null | ip=null | op=WRITE_CHUNK {blockData=conID: 1 locID: 102665036857475591 bcsId: 2534} | ret=SUCCESS |  
2019-08-23 07:09:01,549 | INFO  | DNAudit | user=null | ip=null | op=PUT_BLOCK {blockData=[blockId=conID: 1 locID: 102665036857475591 bcsId: 0,size=3145728]} | ret=SUCCESS |  
2019-08-23 07:09:01,549 [grpc-default-executor-2] INFO  client.GrpcClientProtocolClient (GrpcClientProtocolClient.java:onNext(255)) - client-D91E5D1E15CE->f2ba01fc-a63e-4348-bd18-030b60a135e7: receive RaftClientReply:client-D91E5D1E15CE->f2ba01fc-a63e-4348-bd18-030b60a135e7@group-C8C62FEF0626, cid=1753, SUCCESS, logIndex=2539, commits[f2ba01fc-a63e-4348-bd18-030b60a135e7:c2540, eab135d4-a257-4705-b491-6c056b8c5df7:c2538, a4f67574-9018-43e7-8a54-351e98dc3d0a:c2538]
2019-08-23 07:09:01,549 [grpc-default-executor-2] INFO  client.GrpcClientProtocolClient (GrpcClientProtocolClient.java:onNext(255)) - client-D91E5D1E15CE->f2ba01fc-a63e-4348-bd18-030b60a135e7: receive RaftClientReply:client-D91E5D1E15CE->f2ba01fc-a63e-4348-bd18-030b60a135e7@group-C8C62FEF0626, cid=1754, SUCCESS, logIndex=2540, commits[f2ba01fc-a63e-4348-bd18-030b60a135e7:c2540, eab135d4-a257-4705-b491-6c056b8c5df7:c2538, a4f67574-9018-43e7-8a54-351e98dc3d0a:c2538]
2019-08-23 07:09:01,645 | INFO  | SCMAudit | user=jenkins1000 | ip=192.168.5.178 | op=SEND_HEARTBEAT {datanodeUUID=eab135d4-a257-4705-b491-6c056b8c5df7, command=[]} | ret=SUCCESS |  
2019-08-23 07:09:01,645 | INFO  | SCMAudit | user=jenkins1000 | ip=192.168.5.178 | op=SEND_HEARTBEAT {datanodeUUID=a4f67574-9018-43e7-8a54-351e98dc3d0a, command=[]} | ret=SUCCESS |  
2019-08-23 07:09:01,645 | INFO  | SCMAudit | user=jenkins1000 | ip=192.168.5.178 | op=SEND_HEARTBEAT {datanodeUUID=f2ba01fc-a63e-4348-bd18-030b60a135e7, command=[]} | ret=SUCCESS |  
2019-08-23 07:09:01,645 | INFO  | DNAudit | user=null | ip=null | op=WRITE_CHUNK {blockData=conID: 1 locID: 102665036857475591 bcsId: 2534} | ret=SUCCESS |  
2019-08-23 07:09:01,645 | INFO  | DNAudit | user=null | ip=null | op=WRITE_CHUNK {blockData=conID: 1 locID: 102665036857475591 bcsId: 2534} | ret=SUCCESS |  
2019-08-23 07:09:01,645 | INFO  | DNAudit | user=null | ip=null | op=WRITE_CHUNK {blockData=conID: 1 locID: 102665036857475591 bcsId: 2540} | ret=SUCCESS |  
2019-08-23 07:09:01,647 | INFO  | DNAudit | user=null | ip=null | op=WRITE_CHUNK {blockData=conID: 1 locID: 102665036857475591 bcsId: 2540} | ret=SUCCESS |  
2019-08-23 07:09:01,647 | INFO  | DNAudit | user=null | ip=null | op=WRITE_CHUNK {blockData=conID: 1 locID: 102665036857475591 bcsId: 2540} | ret=SUCCESS |  
2019-08-23 07:09:01,656 | INFO  | DNAudit | user=null | ip=null | op=PUT_BLOCK {blockData=[blockId=conID: 1 locID: 102665036857475591 bcsId: 0,size=3145728]} | ret=SUCCESS |  
2019-08-23 07:09:01,656 | INFO  | DNAudit | user=null | ip=null | op=PUT_BLOCK {blockData=[blockId=conID: 1 locID: 102665036857475591 bcsId: 0,size=3145728]} | ret=SUCCESS |  
2019-08-23 07:09:01,658 | INFO  | DNAudit | user=null | ip=null | op=WRITE_CHUNK {blockData=conID: 1 locID: 102665036857475591 bcsId: 2540} | ret=SUCCESS |  
2019-08-23 07:09:01,658 | INFO  | DNAudit | user=null | ip=null | op=PUT_BLOCK {blockData=[blockId=conID: 1 locID: 102665036857475591 bcsId: 0,size=4194304]} | ret=SUCCESS |  
2019-08-23 07:09:01,658 [grpc-default-executor-2] INFO  client.GrpcClientProtocolClient (GrpcClientProtocolClient.java:onNext(255)) - client-D91E5D1E15CE->f2ba01fc-a63e-4348-bd18-030b60a135e7: receive RaftClientReply:client-D91E5D1E15CE->f2ba01fc-a63e-4348-bd18-030b60a135e7@group-C8C62FEF0626, cid=1755, SUCCESS, logIndex=2543, commits[f2ba01fc-a63e-4348-bd18-030b60a135e7:c2544, eab135d4-a257-4705-b491-6c056b8c5df7:c2540, a4f67574-9018-43e7-8a54-351e98dc3d0a:c2540]
2019-08-23 07:09:01,658 [grpc-default-executor-2] INFO  client.GrpcClientProtocolClient (GrpcClientProtocolClient.java:onNext(255)) - client-D91E5D1E15CE->f2ba01fc-a63e-4348-bd18-030b60a135e7: receive RaftClientReply:client-D91E5D1E15CE->f2ba01fc-a63e-4348-bd18-030b60a135e7@group-C8C62FEF0626, cid=1756, SUCCESS, logIndex=2544, commits[f2ba01fc-a63e-4348-bd18-030b60a135e7:c2544, eab135d4-a257-4705-b491-6c056b8c5df7:c2540, a4f67574-9018-43e7-8a54-351e98dc3d0a:c2540]
2019-08-23 07:09:01,659 | INFO  | DNAudit | user=null | ip=null | op=WRITE_CHUNK {blockData=conID: 1 locID: 102665036857475591 bcsId: 2540} | ret=SUCCESS |  
2019-08-23 07:09:01,659 | INFO  | DNAudit | user=null | ip=null | op=PUT_BLOCK {blockData=[blockId=conID: 1 locID: 102665036857475591 bcsId: 0,size=4194304]} | ret=SUCCESS |  
2019-08-23 07:09:01,660 | INFO  | DNAudit | user=null | ip=null | op=WRITE_CHUNK {blockData=conID: 1 locID: 102665036857475591 bcsId: 2540} | ret=SUCCESS |  
2019-08-23 07:09:01,660 | INFO  | DNAudit | user=null | ip=null | op=PUT_BLOCK {blockData=[blockId=conID: 1 locID: 102665036857475591 bcsId: 0,size=4194304]} | ret=SUCCESS |  
2019-08-23 07:09:01,660 [grpc-default-executor-2] INFO  client.GrpcClientProtocolClient (GrpcClientProtocolClient.java:onNext(255)) - client-D91E5D1E15CE->f2ba01fc-a63e-4348-bd18-030b60a135e7: receive RaftClientReply:client-D91E5D1E15CE->f2ba01fc-a63e-4348-bd18-030b60a135e7@group-C8C62FEF0626, cid=1757, SUCCESS, logIndex=0, commits[f2ba01fc-a63e-4348-bd18-030b60a135e7:c2545, eab135d4-a257-4705-b491-6c056b8c5df7:c2544, a4f67574-9018-43e7-8a54-351e98dc3d0a:c2544]
2019-08-23 07:09:01,664 | INFO  | SCMAudit | user=jenkins1000 | ip=192.168.5.178 | op=ALLOCATE_BLOCK {owner=aaf04d22-10dd-4717-8862-c651bdde72cf, size=4194304, type=RATIS, factor=THREE} | ret=SUCCESS |  
2019-08-23 07:09:01,666 | INFO  | OMAudit | user=jenkins1000 | ip=127.0.0.1 | op=ALLOCATE_BLOCK {volume=vol-0-67663, bucket=bucket-0-68950, key=key-0-26970, dataSize=0, replicationType=null, replicationFactor=null, keyLocationInfo=null, clientID=102665036030476690} | ret=SUCCESS |  
2019-08-23 07:09:01,672 | INFO  | DNAudit | user=null | ip=null | op=WRITE_CHUNK {blockData=conID: 2 locID: 102665036868092424 bcsId: 0} | ret=SUCCESS |  
2019-08-23 07:09:01,674 | INFO  | DNAudit | user=null | ip=null | op=WRITE_CHUNK {blockData=conID: 2 locID: 102665036868092424 bcsId: 0} | ret=SUCCESS |  
2019-08-23 07:09:01,675 | INFO  | DNAudit | user=null | ip=null | op=WRITE_CHUNK {blockData=conID: 2 locID: 102665036868092424 bcsId: 0} | ret=SUCCESS |  
2019-08-23 07:09:01,676 | INFO  | DNAudit | user=null | ip=null | op=WRITE_CHUNK {blockData=conID: 2 locID: 102665036868092424 bcsId: 0} | ret=SUCCESS |  
2019-08-23 07:09:01,678 | INFO  | DNAudit | user=null | ip=null | op=WRITE_CHUNK {blockData=conID: 2 locID: 102665036868092424 bcsId: 0} | ret=SUCCESS |  
2019-08-23 07:09:01,678 | INFO  | DNAudit | user=null | ip=null | op=WRITE_CHUNK {blockData=conID: 2 locID: 102665036868092424 bcsId: 0} | ret=SUCCESS |  
2019-08-23 07:09:01,685 | INFO  | DNAudit | user=null | ip=null | op=WRITE_CHUNK {blockData=conID: 2 locID: 102665036868092424 bcsId: 0} | ret=SUCCESS |  
2019-08-23 07:09:01,686 | INFO  | DNAudit | user=null | ip=null | op=PUT_BLOCK {blockData=[blockId=conID: 2 locID: 102665036868092424 bcsId: 0,size=1048576]} | ret=SUCCESS |  
2019-08-23 07:09:01,686 [grpc-default-executor-2] INFO  client.GrpcClientProtocolClient (GrpcClientProtocolClient.java:onNext(255)) - client-D91E5D1E15CE->f2ba01fc-a63e-4348-bd18-030b60a135e7: receive RaftClientReply:client-D91E5D1E15CE->f2ba01fc-a63e-4348-bd18-030b60a135e7@group-C8C62FEF0626, cid=1758, SUCCESS, logIndex=2547, commits[f2ba01fc-a63e-4348-bd18-030b60a135e7:c2548, eab135d4-a257-4705-b491-6c056b8c5df7:c2546, a4f67574-9018-43e7-8a54-351e98dc3d0a:c2546]
2019-08-23 07:09:01,686 [grpc-default-executor-2] INFO  client.GrpcClientProtocolClient (GrpcClientProtocolClient.java:onNext(255)) - client-D91E5D1E15CE->f2ba01fc-a63e-4348-bd18-030b60a135e7: receive RaftClientReply:client-D91E5D1E15CE->f2ba01fc-a63e-4348-bd18-030b60a135e7@group-C8C62FEF0626, cid=1759, SUCCESS, logIndex=2548, commits[f2ba01fc-a63e-4348-bd18-030b60a135e7:c2548, eab135d4-a257-4705-b491-6c056b8c5df7:c2546, a4f67574-9018-43e7-8a54-351e98dc3d0a:c2546]
2019-08-23 07:09:01,697 | INFO  | DNAudit | user=null | ip=null | op=WRITE_CHUNK {blockData=conID: 2 locID: 102665036868092424 bcsId: 0} | ret=SUCCESS |  
2019-08-23 07:09:01,697 | INFO  | DNAudit | user=null | ip=null | op=PUT_BLOCK {blockData=[blockId=conID: 2 locID: 102665036868092424 bcsId: 0,size=2097152]} | ret=SUCCESS |  
2019-08-23 07:09:01,697 [grpc-default-executor-0] INFO  client.GrpcClientProtocolClient (GrpcClientProtocolClient.java:onNext(255)) - client-D91E5D1E15CE->f2ba01fc-a63e-4348-bd18-030b60a135e7: receive RaftClientReply:client-D91E5D1E15CE->f2ba01fc-a63e-4348-bd18-030b60a135e7@group-C8C62FEF0626, cid=1760, SUCCESS, logIndex=2549, commits[f2ba01fc-a63e-4348-bd18-030b60a135e7:c2550, eab135d4-a257-4705-b491-6c056b8c5df7:c2546, a4f67574-9018-43e7-8a54-351e98dc3d0a:c2546]
2019-08-23 07:09:01,698 | INFO  | DNAudit | user=null | ip=null | op=WRITE_CHUNK {blockData=conID: 2 locID: 102665036868092424 bcsId: 0} | ret=SUCCESS |  
2019-08-23 07:09:01,698 [grpc-default-executor-0] INFO  client.GrpcClientProtocolClient (GrpcClientProtocolClient.java:onNext(255)) - client-D91E5D1E15CE->f2ba01fc-a63e-4348-bd18-030b60a135e7: receive RaftClientReply:client-D91E5D1E15CE->f2ba01fc-a63e-4348-bd18-030b60a135e7@group-C8C62FEF0626, cid=1761, SUCCESS, logIndex=2550, commits[f2ba01fc-a63e-4348-bd18-030b60a135e7:c2550, eab135d4-a257-4705-b491-6c056b8c5df7:c2546, a4f67574-9018-43e7-8a54-351e98dc3d0a:c2546]
2019-08-23 07:09:01,698 | INFO  | DNAudit | user=null | ip=null | op=PUT_BLOCK {blockData=[blockId=conID: 2 locID: 102665036868092424 bcsId: 0,size=1048576]} | ret=SUCCESS |  
2019-08-23 07:09:01,700 | INFO  | DNAudit | user=null | ip=null | op=WRITE_CHUNK {blockData=conID: 2 locID: 102665036868092424 bcsId: 0} | ret=SUCCESS |  
2019-08-23 07:09:01,700 | INFO  | DNAudit | user=null | ip=null | op=PUT_BLOCK {blockData=[blockId=conID: 2 locID: 102665036868092424 bcsId: 0,size=1048576]} | ret=SUCCESS |  
2019-08-23 07:09:01,700 [grpc-default-executor-0] INFO  client.GrpcClientProtocolClient (GrpcClientProtocolClient.java:onNext(255)) - client-D91E5D1E15CE->f2ba01fc-a63e-4348-bd18-030b60a135e7: receive RaftClientReply:client-D91E5D1E15CE->f2ba01fc-a63e-4348-bd18-030b60a135e7@group-C8C62FEF0626, cid=1762, SUCCESS, logIndex=0, commits[f2ba01fc-a63e-4348-bd18-030b60a135e7:c2552, eab135d4-a257-4705-b491-6c056b8c5df7:c2548, a4f67574-9018-43e7-8a54-351e98dc3d0a:c2548]
2019-08-23 07:09:01,706 | INFO  | DNAudit | user=null | ip=null | op=WRITE_CHUNK {blockData=conID: 2 locID: 102665036868092424 bcsId: 2550} | ret=SUCCESS |  
2019-08-23 07:09:01,707 | INFO  | DNAudit | user=null | ip=null | op=WRITE_CHUNK {blockData=conID: 2 locID: 102665036868092424 bcsId: 2550} | ret=SUCCESS |  
2019-08-23 07:09:01,707 | INFO  | DNAudit | user=null | ip=null | op=WRITE_CHUNK {blockData=conID: 2 locID: 102665036868092424 bcsId: 2550} | ret=SUCCESS |  
2019-08-23 07:09:01,710 | INFO  | DNAudit | user=null | ip=null | op=WRITE_CHUNK {blockData=conID: 2 locID: 102665036868092424 bcsId: 0} | ret=SUCCESS |  
2019-08-23 07:09:01,711 | INFO  | DNAudit | user=null | ip=null | op=PUT_BLOCK {blockData=[blockId=conID: 2 locID: 102665036868092424 bcsId: 0,size=2097152]} | ret=SUCCESS |  
2019-08-23 07:09:01,711 | INFO  | DNAudit | user=null | ip=null | op=WRITE_CHUNK {blockData=conID: 2 locID: 102665036868092424 bcsId: 0} | ret=SUCCESS |  
2019-08-23 07:09:01,711 | INFO  | DNAudit | user=null | ip=null | op=PUT_BLOCK {blockData=[blockId=conID: 2 locID: 102665036868092424 bcsId: 0,size=2097152]} | ret=SUCCESS |  
2019-08-23 07:09:01,712 | INFO  | DNAudit | user=null | ip=null | op=WRITE_CHUNK {blockData=conID: 2 locID: 102665036868092424 bcsId: 2550} | ret=SUCCESS |  
2019-08-23 07:09:01,712 | INFO  | DNAudit | user=null | ip=null | op=PUT_BLOCK {blockData=[blockId=conID: 2 locID: 102665036868092424 bcsId: 0,size=3145728]} | ret=SUCCESS |  
2019-08-23 07:09:01,712 [grpc-default-executor-0] INFO  client.GrpcClientProtocolClient (GrpcClientProtocolClient.java:onNext(255)) - client-D91E5D1E15CE->f2ba01fc-a63e-4348-bd18-030b60a135e7: receive RaftClientReply:client-D91E5D1E15CE->f2ba01fc-a63e-4348-bd18-030b60a135e7@group-C8C62FEF0626, cid=1763, SUCCESS, logIndex=2555, commits[f2ba01fc-a63e-4348-bd18-030b60a135e7:c2556, eab135d4-a257-4705-b491-6c056b8c5df7:c2552, a4f67574-9018-43e7-8a54-351e98dc3d0a:c2552]
2019-08-23 07:09:01,713 [grpc-default-executor-0] INFO  client.GrpcClientProtocolClient (GrpcClientProtocolClient.java:onNext(255)) - client-D91E5D1E15CE->f2ba01fc-a63e-4348-bd18-030b60a135e7: receive RaftClientReply:client-D91E5D1E15CE->f2ba01fc-a63e-4348-bd18-030b60a135e7@group-C8C62FEF0626, cid=1764, SUCCESS, logIndex=2556, commits[f2ba01fc-a63e-4348-bd18-030b60a135e7:c2556, eab135d4-a257-4705-b491-6c056b8c5df7:c2552, a4f67574-9018-43e7-8a54-351e98dc3d0a:c2552]
2019-08-23 07:09:01,718 | INFO  | DNAudit | user=null | ip=null | op=WRITE_CHUNK {blockData=conID: 2 locID: 102665036868092424 bcsId: 2556} | ret=SUCCESS |  
2019-08-23 07:09:01,720 | INFO  | DNAudit | user=null | ip=null | op=WRITE_CHUNK {blockData=conID: 2 locID: 102665036868092424 bcsId: 2556} | ret=SUCCESS |  
2019-08-23 07:09:01,720 | INFO  | DNAudit | user=null | ip=null | op=WRITE_CHUNK {blockData=conID: 2 locID: 102665036868092424 bcsId: 2556} | ret=SUCCESS |  
2019-08-23 07:09:01,724 | INFO  | DNAudit | user=null | ip=null | op=WRITE_CHUNK {blockData=conID: 2 locID: 102665036868092424 bcsId: 2550} | ret=SUCCESS |  
2019-08-23 07:09:01,724 | INFO  | DNAudit | user=null | ip=null | op=PUT_BLOCK {blockData=[blockId=conID: 2 locID: 102665036868092424 bcsId: 0,size=3145728]} | ret=SUCCESS |  
2019-08-23 07:09:01,724 | INFO  | DNAudit | user=null | ip=null | op=WRITE_CHUNK {blockData=conID: 2 locID: 102665036868092424 bcsId: 2550} | ret=SUCCESS |  
2019-08-23 07:09:01,724 | INFO  | DNAudit | user=null | ip=null | op=PUT_BLOCK {blockData=[blockId=conID: 2 locID: 102665036868092424 bcsId: 0,size=3145728]} | ret=SUCCESS |  
2019-08-23 07:09:01,725 | INFO  | DNAudit | user=null | ip=null | op=WRITE_CHUNK {blockData=conID: 2 locID: 102665036868092424 bcsId: 2556} | ret=SUCCESS |  
2019-08-23 07:09:01,725 | INFO  | DNAudit | user=null | ip=null | op=PUT_BLOCK {blockData=[blockId=conID: 2 locID: 102665036868092424 bcsId: 0,size=4194304]} | ret=SUCCESS |  
2019-08-23 07:09:01,725 [grpc-default-executor-0] INFO  client.GrpcClientProtocolClient (GrpcClientProtocolClient.java:onNext(255)) - client-D91E5D1E15CE->f2ba01fc-a63e-4348-bd18-030b60a135e7: receive RaftClientReply:client-D91E5D1E15CE->f2ba01fc-a63e-4348-bd18-030b60a135e7@group-C8C62FEF0626, cid=1765, SUCCESS, logIndex=2558, commits[f2ba01fc-a63e-4348-bd18-030b60a135e7:c2559, eab135d4-a257-4705-b491-6c056b8c5df7:c2556, a4f67574-9018-43e7-8a54-351e98dc3d0a:c2556]
2019-08-23 07:09:01,726 [grpc-default-executor-0] INFO  client.GrpcClientProtocolClient (GrpcClientProtocolClient.java:onNext(255)) - client-D91E5D1E15CE->f2ba01fc-a63e-4348-bd18-030b60a135e7: receive RaftClientReply:client-D91E5D1E15CE->f2ba01fc-a63e-4348-bd18-030b60a135e7@group-C8C62FEF0626, cid=1766, SUCCESS, logIndex=2559, commits[f2ba01fc-a63e-4348-bd18-030b60a135e7:c2559, eab135d4-a257-4705-b491-6c056b8c5df7:c2556, a4f67574-9018-43e7-8a54-351e98dc3d0a:c2556]
2019-08-23 07:09:01,727 | INFO  | DNAudit | user=null | ip=null | op=WRITE_CHUNK {blockData=conID: 2 locID: 102665036868092424 bcsId: 2556} | ret=SUCCESS |  
2019-08-23 07:09:01,727 | INFO  | DNAudit | user=null | ip=null | op=WRITE_CHUNK {blockData=conID: 2 locID: 102665036868092424 bcsId: 2556} | ret=SUCCESS |  
2019-08-23 07:09:01,727 | INFO  | DNAudit | user=null | ip=null | op=PUT_BLOCK {blockData=[blockId=conID: 2 locID: 102665036868092424 bcsId: 0,size=4194304]} | ret=SUCCESS |  
2019-08-23 07:09:01,727 | INFO  | DNAudit | user=null | ip=null | op=PUT_BLOCK {blockData=[blockId=conID: 2 locID: 102665036868092424 bcsId: 0,size=4194304]} | ret=SUCCESS |  
2019-08-23 07:09:01,727 [grpc-default-executor-0] INFO  client.GrpcClientProtocolClient (GrpcClientProtocolClient.java:onNext(255)) - client-D91E5D1E15CE->f2ba01fc-a63e-4348-bd18-030b60a135e7: receive RaftClientReply:client-D91E5D1E15CE->f2ba01fc-a63e-4348-bd18-030b60a135e7@group-C8C62FEF0626, cid=1767, SUCCESS, logIndex=0, commits[f2ba01fc-a63e-4348-bd18-030b60a135e7:c2560, eab135d4-a257-4705-b491-6c056b8c5df7:c2559, a4f67574-9018-43e7-8a54-351e98dc3d0a:c2559]
2019-08-23 07:09:01,731 | INFO  | SCMAudit | user=jenkins1000 | ip=192.168.5.178 | op=ALLOCATE_BLOCK {owner=aaf04d22-10dd-4717-8862-c651bdde72cf, size=4194304, type=RATIS, factor=THREE} | ret=SUCCESS |  
2019-08-23 07:09:01,735 | INFO  | OMAudit | user=jenkins1000 | ip=127.0.0.1 | op=ALLOCATE_BLOCK {volume=vol-0-67663, bucket=bucket-0-68950, key=key-0-26970, dataSize=0, replicationType=null, replicationFactor=null, keyLocationInfo=null, clientID=102665036030476690} | ret=SUCCESS |  
2019-08-23 07:09:01,740 | INFO  | DNAudit | user=null | ip=null | op=WRITE_CHUNK {blockData=conID: 3 locID: 102665036872483337 bcsId: 0} | ret=SUCCESS |  
2019-08-23 07:09:01,743 | INFO  | DNAudit | user=null | ip=null | op=WRITE_CHUNK {blockData=conID: 3 locID: 102665036872483337 bcsId: 0} | ret=SUCCESS |  
2019-08-23 07:09:01,743 | INFO  | DNAudit | user=null | ip=null | op=WRITE_CHUNK {blockData=conID: 3 locID: 102665036872483337 bcsId: 0} | ret=SUCCESS |  
2019-08-23 07:09:01,744 | INFO  | DNAudit | user=null | ip=null | op=WRITE_CHUNK {blockData=conID: 3 locID: 102665036872483337 bcsId: 0} | ret=SUCCESS |  
2019-08-23 07:09:01,745 | INFO  | DNAudit | user=null | ip=null | op=WRITE_CHUNK {blockData=conID: 3 locID: 102665036872483337 bcsId: 0} | ret=SUCCESS |  
2019-08-23 07:09:01,745 | INFO  | DNAudit | user=null | ip=null | op=WRITE_CHUNK {blockData=conID: 3 locID: 102665036872483337 bcsId: 0} | ret=SUCCESS |  
2019-08-23 07:09:01,749 | INFO  | DNAudit | user=null | ip=null | op=WRITE_CHUNK {blockData=conID: 3 locID: 102665036872483337 bcsId: 0} | ret=SUCCESS |  
2019-08-23 07:09:01,749 | INFO  | DNAudit | user=null | ip=null | op=PUT_BLOCK {blockData=[blockId=conID: 3 locID: 102665036872483337 bcsId: 0,size=1048576]} | ret=SUCCESS |  
2019-08-23 07:09:01,749 [grpc-default-executor-0] INFO  client.GrpcClientProtocolClient (GrpcClientProtocolClient.java:onNext(255)) - client-D91E5D1E15CE->f2ba01fc-a63e-4348-bd18-030b60a135e7: receive RaftClientReply:client-D91E5D1E15CE->f2ba01fc-a63e-4348-bd18-030b60a135e7@group-C8C62FEF0626, cid=1768, SUCCESS, logIndex=2562, commits[f2ba01fc-a63e-4348-bd18-030b60a135e7:c2563, eab135d4-a257-4705-b491-6c056b8c5df7:c2561, a4f67574-9018-43e7-8a54-351e98dc3d0a:c2561]
2019-08-23 07:09:01,750 | INFO  | DNAudit | user=null | ip=null | op=WRITE_CHUNK {blockData=conID: 3 locID: 102665036872483337 bcsId: 0} | ret=SUCCESS |  
2019-08-23 07:09:01,750 | INFO  | DNAudit | user=null | ip=null | op=WRITE_CHUNK {blockData=conID: 3 locID: 102665036872483337 bcsId: 0} | ret=SUCCESS |  
2019-08-23 07:09:01,750 | INFO  | DNAudit | user=null | ip=null | op=WRITE_CHUNK {blockData=conID: 3 locID: 102665036872483337 bcsId: 0} | ret=SUCCESS |  
2019-08-23 07:09:01,750 [grpc-default-executor-0] INFO  client.GrpcClientProtocolClient (GrpcClientProtocolClient.java:onNext(255)) - client-D91E5D1E15CE->f2ba01fc-a63e-4348-bd18-030b60a135e7: receive RaftClientReply:client-D91E5D1E15CE->f2ba01fc-a63e-4348-bd18-030b60a135e7@group-C8C62FEF0626, cid=1769, SUCCESS, logIndex=2563, commits[f2ba01fc-a63e-4348-bd18-030b60a135e7:c2565, eab135d4-a257-4705-b491-6c056b8c5df7:c2561, a4f67574-9018-43e7-8a54-351e98dc3d0a:c2561]
2019-08-23 07:09:01,750 | INFO  | DNAudit | user=null | ip=null | op=PUT_BLOCK {blockData=[blockId=conID: 3 locID: 102665036872483337 bcsId: 0,size=2097152]} | ret=SUCCESS |  
2019-08-23 07:09:01,750 [grpc-default-executor-0] INFO  client.GrpcClientProtocolClient (GrpcClientProtocolClient.java:onNext(255)) - client-D91E5D1E15CE->f2ba01fc-a63e-4348-bd18-030b60a135e7: receive RaftClientReply:client-D91E5D1E15CE->f2ba01fc-a63e-4348-bd18-030b60a135e7@group-C8C62FEF0626, cid=1770, SUCCESS, logIndex=2564, commits[f2ba01fc-a63e-4348-bd18-030b60a135e7:c2565, eab135d4-a257-4705-b491-6c056b8c5df7:c2561, a4f67574-9018-43e7-8a54-351e98dc3d0a:c2561]
2019-08-23 07:09:01,751 [grpc-default-executor-0] INFO  client.GrpcClientProtocolClient (GrpcClientProtocolClient.java:onNext(255)) - client-D91E5D1E15CE->f2ba01fc-a63e-4348-bd18-030b60a135e7: receive RaftClientReply:client-D91E5D1E15CE->f2ba01fc-a63e-4348-bd18-030b60a135e7@group-C8C62FEF0626, cid=1771, SUCCESS, logIndex=2565, commits[f2ba01fc-a63e-4348-bd18-030b60a135e7:c2566, eab135d4-a257-4705-b491-6c056b8c5df7:c2562, a4f67574-9018-43e7-8a54-351e98dc3d0a:c2562]
2019-08-23 07:09:01,752 | INFO  | DNAudit | user=null | ip=null | op=PUT_BLOCK {blockData=[blockId=conID: 3 locID: 102665036872483337 bcsId: 0,size=1048576]} | ret=SUCCESS |  
2019-08-23 07:09:01,752 | INFO  | DNAudit | user=null | ip=null | op=WRITE_CHUNK {blockData=conID: 3 locID: 102665036872483337 bcsId: 0} | ret=SUCCESS |  
2019-08-23 07:09:01,752 | INFO  | DNAudit | user=null | ip=null | op=PUT_BLOCK {blockData=[blockId=conID: 3 locID: 102665036872483337 bcsId: 0,size=1048576]} | ret=SUCCESS |  
2019-08-23 07:09:01,752 | INFO  | DNAudit | user=null | ip=null | op=PUT_BLOCK {blockData=[blockId=conID: 3 locID: 102665036872483337 bcsId: 0,size=2097152]} | ret=SUCCESS |  
2019-08-23 07:09:01,752 | INFO  | DNAudit | user=null | ip=null | op=WRITE_CHUNK {blockData=conID: 3 locID: 102665036872483337 bcsId: 0} | ret=SUCCESS |  
2019-08-23 07:09:01,752 | INFO  | DNAudit | user=null | ip=null | op=PUT_BLOCK {blockData=[blockId=conID: 3 locID: 102665036872483337 bcsId: 0,size=2097152]} | ret=SUCCESS |  
2019-08-23 07:09:01,752 [grpc-default-executor-0] INFO  client.GrpcClientProtocolClient (GrpcClientProtocolClient.java:onNext(255)) - client-D91E5D1E15CE->f2ba01fc-a63e-4348-bd18-030b60a135e7: receive RaftClientReply:client-D91E5D1E15CE->f2ba01fc-a63e-4348-bd18-030b60a135e7@group-C8C62FEF0626, cid=1772, SUCCESS, logIndex=0, commits[f2ba01fc-a63e-4348-bd18-030b60a135e7:c2567, eab135d4-a257-4705-b491-6c056b8c5df7:c2563, a4f67574-9018-43e7-8a54-351e98dc3d0a:c2563]
2019-08-23 07:09:01,759 | INFO  | DNAudit | user=null | ip=null | op=WRITE_CHUNK {blockData=conID: 3 locID: 102665036872483337 bcsId: 2565} | ret=SUCCESS |  
2019-08-23 07:09:01,760 | INFO  | DNAudit | user=null | ip=null | op=WRITE_CHUNK {blockData=conID: 3 locID: 102665036872483337 bcsId: 2565} | ret=SUCCESS |  
2019-08-23 07:09:01,760 | INFO  | DNAudit | user=null | ip=null | op=WRITE_CHUNK {blockData=conID: 3 locID: 102665036872483337 bcsId: 2565} | ret=SUCCESS |  
2019-08-23 07:09:01,772 | INFO  | DNAudit | user=null | ip=null | op=WRITE_CHUNK {blockData=conID: 3 locID: 102665036872483337 bcsId: 2565} | ret=SUCCESS |  
2019-08-23 07:09:01,772 | INFO  | DNAudit | user=null | ip=null | op=PUT_BLOCK {blockData=[blockId=conID: 3 locID: 102665036872483337 bcsId: 0,size=3145728]} | ret=SUCCESS |  
2019-08-23 07:09:01,772 [grpc-default-executor-0] INFO  client.GrpcClientProtocolClient (GrpcClientProtocolClient.java:onNext(255)) - client-D91E5D1E15CE->f2ba01fc-a63e-4348-bd18-030b60a135e7: receive RaftClientReply:client-D91E5D1E15CE->f2ba01fc-a63e-4348-bd18-030b60a135e7@group-C8C62FEF0626, cid=1773, SUCCESS, logIndex=2569, commits[f2ba01fc-a63e-4348-bd18-030b60a135e7:c2570, eab135d4-a257-4705-b491-6c056b8c5df7:c2568, a4f67574-9018-43e7-8a54-351e98dc3d0a:c2568]
2019-08-23 07:09:01,773 [grpc-default-executor-0] INFO  client.GrpcClientProtocolClient (GrpcClientProtocolClient.java:onNext(255)) - client-D91E5D1E15CE->f2ba01fc-a63e-4348-bd18-030b60a135e7: receive RaftClientReply:client-D91E5D1E15CE->f2ba01fc-a63e-4348-bd18-030b60a135e7@group-C8C62FEF0626, cid=1774, SUCCESS, logIndex=2570, commits[f2ba01fc-a63e-4348-bd18-030b60a135e7:c2570, eab135d4-a257-4705-b491-6c056b8c5df7:c2568, a4f67574-9018-43e7-8a54-351e98dc3d0a:c2568]
2019-08-23 07:09:01,778 | INFO  | DNAudit | user=null | ip=null | op=WRITE_CHUNK {blockData=conID: 3 locID: 102665036872483337 bcsId: 2570} | ret=SUCCESS |  
2019-08-23 07:09:01,779 | INFO  | DNAudit | user=null | ip=null | op=WRITE_CHUNK {blockData=conID: 3 locID: 102665036872483337 bcsId: 2570} | ret=SUCCESS |  
2019-08-23 07:09:01,779 | INFO  | DNAudit | user=null | ip=null | op=WRITE_CHUNK {blockData=conID: 3 locID: 102665036872483337 bcsId: 2570} | ret=SUCCESS |  
2019-08-23 07:09:01,783 | INFO  | DNAudit | user=null | ip=null | op=WRITE_CHUNK {blockData=conID: 3 locID: 102665036872483337 bcsId: 2565} | ret=SUCCESS |  
2019-08-23 07:09:01,783 | INFO  | DNAudit | user=null | ip=null | op=WRITE_CHUNK {blockData=conID: 3 locID: 102665036872483337 bcsId: 2565} | ret=SUCCESS |  
2019-08-23 07:09:01,784 | INFO  | DNAudit | user=null | ip=null | op=PUT_BLOCK {blockData=[blockId=conID: 3 locID: 102665036872483337 bcsId: 0,size=3145728]} | ret=SUCCESS |  
2019-08-23 07:09:01,786 | INFO  | DNAudit | user=null | ip=null | op=PUT_BLOCK {blockData=[blockId=conID: 3 locID: 102665036872483337 bcsId: 0,size=3145728]} | ret=SUCCESS |  
2019-08-23 07:09:01,786 | INFO  | DNAudit | user=null | ip=null | op=WRITE_CHUNK {blockData=conID: 3 locID: 102665036872483337 bcsId: 2570} | ret=SUCCESS |  
2019-08-23 07:09:01,787 | INFO  | DNAudit | user=null | ip=null | op=PUT_BLOCK {blockData=[blockId=conID: 3 locID: 102665036872483337 bcsId: 0,size=4194304]} | ret=SUCCESS |  
2019-08-23 07:09:01,787 [grpc-default-executor-4] INFO  client.GrpcClientProtocolClient (GrpcClientProtocolClient.java:onNext(255)) - client-D91E5D1E15CE->f2ba01fc-a63e-4348-bd18-030b60a135e7: receive RaftClientReply:client-D91E5D1E15CE->f2ba01fc-a63e-4348-bd18-030b60a135e7@group-C8C62FEF0626, cid=1775, SUCCESS, logIndex=2573, commits[f2ba01fc-a63e-4348-bd18-030b60a135e7:c2574, eab135d4-a257-4705-b491-6c056b8c5df7:c2570, a4f67574-9018-43e7-8a54-351e98dc3d0a:c2570]
2019-08-23 07:09:01,787 [grpc-default-executor-4] INFO  client.GrpcClientProtocolClient (GrpcClientProtocolClient.java:onNext(255)) - client-D91E5D1E15CE->f2ba01fc-a63e-4348-bd18-030b60a135e7: receive RaftClientReply:client-D91E5D1E15CE->f2ba01fc-a63e-4348-bd18-030b60a135e7@group-C8C62FEF0626, cid=1776, SUCCESS, logIndex=2574, commits[f2ba01fc-a63e-4348-bd18-030b60a135e7:c2574, eab135d4-a257-4705-b491-6c056b8c5df7:c2570, a4f67574-9018-43e7-8a54-351e98dc3d0a:c2570]
2019-08-23 07:09:01,798 | INFO  | DNAudit | user=null | ip=null | op=WRITE_CHUNK {blockData=conID: 3 locID: 102665036872483337 bcsId: 2570} | ret=SUCCESS |  
2019-08-23 07:09:01,798 | INFO  | DNAudit | user=null | ip=null | op=WRITE_CHUNK {blockData=conID: 3 locID: 102665036872483337 bcsId: 2570} | ret=SUCCESS |  
2019-08-23 07:09:01,801 | INFO  | DNAudit | user=null | ip=null | op=PUT_BLOCK {blockData=[blockId=conID: 3 locID: 102665036872483337 bcsId: 0,size=4194304]} | ret=SUCCESS |  
2019-08-23 07:09:01,801 | INFO  | DNAudit | user=null | ip=null | op=PUT_BLOCK {blockData=[blockId=conID: 3 locID: 102665036872483337 bcsId: 0,size=4194304]} | ret=SUCCESS |  
2019-08-23 07:09:01,801 [grpc-default-executor-4] INFO  client.GrpcClientProtocolClient (GrpcClientProtocolClient.java:onNext(255)) - client-D91E5D1E15CE->f2ba01fc-a63e-4348-bd18-030b60a135e7: receive RaftClientReply:client-D91E5D1E15CE->f2ba01fc-a63e-4348-bd18-030b60a135e7@group-C8C62FEF0626, cid=1777, SUCCESS, logIndex=0, commits[f2ba01fc-a63e-4348-bd18-030b60a135e7:c2576, eab135d4-a257-4705-b491-6c056b8c5df7:c2574, a4f67574-9018-43e7-8a54-351e98dc3d0a:c2574]
2019-08-23 07:09:01,804 | INFO  | SCMAudit | user=jenkins1000 | ip=192.168.5.178 | op=ALLOCATE_BLOCK {owner=aaf04d22-10dd-4717-8862-c651bdde72cf, size=4194304, type=RATIS, factor=THREE} | ret=SUCCESS |  
2019-08-23 07:09:01,806 | INFO  | OMAudit | user=jenkins1000 | ip=127.0.0.1 | op=ALLOCATE_BLOCK {volume=vol-0-67663, bucket=bucket-0-68950, key=key-0-26970, dataSize=0, replicationType=null, replicationFactor=null, keyLocationInfo=null, clientID=102665036030476690} | ret=SUCCESS |  
2019-08-23 07:09:01,812 | INFO  | DNAudit | user=null | ip=null | op=WRITE_CHUNK {blockData=conID: 1 locID: 102665036877267466 bcsId: 0} | ret=SUCCESS |  
2019-08-23 07:09:01,814 | INFO  | DNAudit | user=null | ip=null | op=WRITE_CHUNK {blockData=conID: 1 locID: 102665036877267466 bcsId: 0} | ret=SUCCESS |  
2019-08-23 07:09:01,814 | INFO  | DNAudit | user=null | ip=null | op=WRITE_CHUNK {blockData=conID: 1 locID: 102665036877267466 bcsId: 0} | ret=SUCCESS |  
2019-08-23 07:09:01,815 | INFO  | DNAudit | user=null | ip=null | op=WRITE_CHUNK {blockData=conID: 1 locID: 102665036877267466 bcsId: 0} | ret=SUCCESS |  
2019-08-23 07:09:01,816 | INFO  | DNAudit | user=null | ip=null | op=WRITE_CHUNK {blockData=conID: 1 locID: 102665036877267466 bcsId: 0} | ret=SUCCESS |  
2019-08-23 07:09:01,816 | INFO  | DNAudit | user=null | ip=null | op=WRITE_CHUNK {blockData=conID: 1 locID: 102665036877267466 bcsId: 0} | ret=SUCCESS |  
2019-08-23 07:09:01,824 | INFO  | DNAudit | user=null | ip=null | op=WRITE_CHUNK {blockData=conID: 1 locID: 102665036877267466 bcsId: 0} | ret=SUCCESS |  
2019-08-23 07:09:01,825 | INFO  | DNAudit | user=null | ip=null | op=PUT_BLOCK {blockData=[blockId=conID: 1 locID: 102665036877267466 bcsId: 0,size=1048576]} | ret=SUCCESS |  
2019-08-23 07:09:01,825 | INFO  | DNAudit | user=null | ip=null | op=WRITE_CHUNK {blockData=conID: 1 locID: 102665036877267466 bcsId: 0} | ret=SUCCESS |  
2019-08-23 07:09:01,825 [grpc-default-executor-3] INFO  client.GrpcClientProtocolClient (GrpcClientProtocolClient.java:onNext(255)) - client-D91E5D1E15CE->f2ba01fc-a63e-4348-bd18-030b60a135e7: receive RaftClientReply:client-D91E5D1E15CE->f2ba01fc-a63e-4348-bd18-030b60a135e7@group-C8C62FEF0626, cid=1778, SUCCESS, logIndex=2577, commits[f2ba01fc-a63e-4348-bd18-030b60a135e7:c2579, eab135d4-a257-4705-b491-6c056b8c5df7:c2576, a4f67574-9018-43e7-8a54-351e98dc3d0a:c2576]
2019-08-23 07:09:01,825 | INFO  | DNAudit | user=null | ip=null | op=PUT_BLOCK {blockData=[blockId=conID: 1 locID: 102665036877267466 bcsId: 0,size=2097152]} | ret=SUCCESS |  
2019-08-23 07:09:01,825 [grpc-default-executor-3] INFO  client.GrpcClientProtocolClient (GrpcClientProtocolClient.java:onNext(255)) - client-D91E5D1E15CE->f2ba01fc-a63e-4348-bd18-030b60a135e7: receive RaftClientReply:client-D91E5D1E15CE->f2ba01fc-a63e-4348-bd18-030b60a135e7@group-C8C62FEF0626, cid=1779, SUCCESS, logIndex=2578, commits[f2ba01fc-a63e-4348-bd18-030b60a135e7:c2580, eab135d4-a257-4705-b491-6c056b8c5df7:c2576, a4f67574-9018-43e7-8a54-351e98dc3d0a:c2576]
2019-08-23 07:09:01,825 [grpc-default-executor-3] INFO  client.GrpcClientProtocolClient (GrpcClientProtocolClient.java:onNext(255)) - client-D91E5D1E15CE->f2ba01fc-a63e-4348-bd18-030b60a135e7: receive RaftClientReply:client-D91E5D1E15CE->f2ba01fc-a63e-4348-bd18-030b60a135e7@group-C8C62FEF0626, cid=1780, SUCCESS, logIndex=2579, commits[f2ba01fc-a63e-4348-bd18-030b60a135e7:c2580, eab135d4-a257-4705-b491-6c056b8c5df7:c2576, a4f67574-9018-43e7-8a54-351e98dc3d0a:c2576]
2019-08-23 07:09:01,826 [grpc-default-executor-3] INFO  client.GrpcClientProtocolClient (GrpcClientProtocolClient.java:onNext(255)) - client-D91E5D1E15CE->f2ba01fc-a63e-4348-bd18-030b60a135e7: receive RaftClientReply:client-D91E5D1E15CE->f2ba01fc-a63e-4348-bd18-030b60a135e7@group-C8C62FEF0626, cid=1781, SUCCESS, logIndex=2580, commits[f2ba01fc-a63e-4348-bd18-030b60a135e7:c2580, eab135d4-a257-4705-b491-6c056b8c5df7:c2576, a4f67574-9018-43e7-8a54-351e98dc3d0a:c2576]
2019-08-23 07:09:01,828 | INFO  | DNAudit | user=null | ip=null | op=WRITE_CHUNK {blockData=conID: 1 locID: 102665036877267466 bcsId: 0} | ret=SUCCESS |  
2019-08-23 07:09:01,839 | INFO  | DNAudit | user=null | ip=null | op=WRITE_CHUNK {blockData=conID: 1 locID: 102665036877267466 bcsId: 0} | ret=SUCCESS |  
2019-08-23 07:09:01,839 | INFO  | DNAudit | user=null | ip=null | op=PUT_BLOCK {blockData=[blockId=conID: 1 locID: 102665036877267466 bcsId: 0,size=1048576]} | ret=SUCCESS |  
2019-08-23 07:09:01,839 | INFO  | DNAudit | user=null | ip=null | op=WRITE_CHUNK {blockData=conID: 1 locID: 102665036877267466 bcsId: 0} | ret=SUCCESS |  
2019-08-23 07:09:01,839 | INFO  | DNAudit | user=null | ip=null | op=PUT_BLOCK {blockData=[blockId=conID: 1 locID: 102665036877267466 bcsId: 0,size=1048576]} | ret=SUCCESS |  
2019-08-23 07:09:01,840 | INFO  | DNAudit | user=null | ip=null | op=PUT_BLOCK {blockData=[blockId=conID: 1 locID: 102665036877267466 bcsId: 0,size=2097152]} | ret=SUCCESS |  
2019-08-23 07:09:01,840 | INFO  | DNAudit | user=null | ip=null | op=WRITE_CHUNK {blockData=conID: 1 locID: 102665036877267466 bcsId: 0} | ret=SUCCESS |  
2019-08-23 07:09:01,840 [grpc-default-executor-3] INFO  client.GrpcClientProtocolClient (GrpcClientProtocolClient.java:onNext(255)) - client-D91E5D1E15CE->f2ba01fc-a63e-4348-bd18-030b60a135e7: receive RaftClientReply:client-D91E5D1E15CE->f2ba01fc-a63e-4348-bd18-030b60a135e7@group-C8C62FEF0626, cid=1782, SUCCESS, logIndex=0, commits[f2ba01fc-a63e-4348-bd18-030b60a135e7:c2584, eab135d4-a257-4705-b491-6c056b8c5df7:c2578, a4f67574-9018-43e7-8a54-351e98dc3d0a:c2580]
2019-08-23 07:09:01,840 | INFO  | DNAudit | user=null | ip=null | op=PUT_BLOCK {blockData=[blockId=conID: 1 locID: 102665036877267466 bcsId: 0,size=2097152]} | ret=SUCCESS |  
2019-08-23 07:09:01,845 | INFO  | DNAudit | user=null | ip=null | op=WRITE_CHUNK {blockData=conID: 1 locID: 102665036877267466 bcsId: 2580} | ret=SUCCESS |  
2019-08-23 07:09:01,847 | INFO  | DNAudit | user=null | ip=null | op=WRITE_CHUNK {blockData=conID: 1 locID: 102665036877267466 bcsId: 2580} | ret=SUCCESS |  
2019-08-23 07:09:01,847 | INFO  | DNAudit | user=null | ip=null | op=WRITE_CHUNK {blockData=conID: 1 locID: 102665036877267466 bcsId: 2580} | ret=SUCCESS |  
2019-08-23 07:09:01,860 | INFO  | DNAudit | user=null | ip=null | op=WRITE_CHUNK {blockData=conID: 1 locID: 102665036877267466 bcsId: 2580} | ret=SUCCESS |  
2019-08-23 07:09:01,860 | INFO  | DNAudit | user=null | ip=null | op=PUT_BLOCK {blockData=[blockId=conID: 1 locID: 102665036877267466 bcsId: 0,size=3145728]} | ret=SUCCESS |  
2019-08-23 07:09:01,861 [grpc-default-executor-3] INFO  client.GrpcClientProtocolClient (GrpcClientProtocolClient.java:onNext(255)) - client-D91E5D1E15CE->f2ba01fc-a63e-4348-bd18-030b60a135e7: receive RaftClientReply:client-D91E5D1E15CE->f2ba01fc-a63e-4348-bd18-030b60a135e7@group-C8C62FEF0626, cid=1783, SUCCESS, logIndex=2585, commits[f2ba01fc-a63e-4348-bd18-030b60a135e7:c2586, eab135d4-a257-4705-b491-6c056b8c5df7:c2584, a4f67574-9018-43e7-8a54-351e98dc3d0a:c2584]
2019-08-23 07:09:01,861 [grpc-default-executor-3] INFO  client.GrpcClientProtocolClient (GrpcClientProtocolClient.java:onNext(255)) - client-D91E5D1E15CE->f2ba01fc-a63e-4348-bd18-030b60a135e7: receive RaftClientReply:client-D91E5D1E15CE->f2ba01fc-a63e-4348-bd18-030b60a135e7@group-C8C62FEF0626, cid=1784, SUCCESS, logIndex=2586, commits[f2ba01fc-a63e-4348-bd18-030b60a135e7:c2586, eab135d4-a257-4705-b491-6c056b8c5df7:c2584, a4f67574-9018-43e7-8a54-351e98dc3d0a:c2584]
2019-08-23 07:09:01,866 | INFO  | DNAudit | user=null | ip=null | op=WRITE_CHUNK {blockData=conID: 1 locID: 102665036877267466 bcsId: 2586} | ret=SUCCESS |  
2019-08-23 07:09:01,868 | INFO  | DNAudit | user=null | ip=null | op=WRITE_CHUNK {blockData=conID: 1 locID: 102665036877267466 bcsId: 2586} | ret=SUCCESS |  
2019-08-23 07:09:01,868 | INFO  | DNAudit | user=null | ip=null | op=WRITE_CHUNK {blockData=conID: 1 locID: 102665036877267466 bcsId: 2586} | ret=SUCCESS |  
2019-08-23 07:09:01,871 | INFO  | DNAudit | user=null | ip=null | op=WRITE_CHUNK {blockData=conID: 1 locID: 102665036877267466 bcsId: 2580} | ret=SUCCESS |  
2019-08-23 07:09:01,872 | INFO  | DNAudit | user=null | ip=null | op=WRITE_CHUNK {blockData=conID: 1 locID: 102665036877267466 bcsId: 2580} | ret=SUCCESS |  
2019-08-23 07:09:01,874 | INFO  | DNAudit | user=null | ip=null | op=PUT_BLOCK {blockData=[blockId=conID: 1 locID: 102665036877267466 bcsId: 0,size=3145728]} | ret=SUCCESS |  
2019-08-23 07:09:01,874 | INFO  | DNAudit | user=null | ip=null | op=PUT_BLOCK {blockData=[blockId=conID: 1 locID: 102665036877267466 bcsId: 0,size=3145728]} | ret=SUCCESS |  
2019-08-23 07:09:01,875 | INFO  | DNAudit | user=null | ip=null | op=WRITE_CHUNK {blockData=conID: 1 locID: 102665036877267466 bcsId: 2586} | ret=SUCCESS |  
2019-08-23 07:09:01,875 | INFO  | DNAudit | user=null | ip=null | op=PUT_BLOCK {blockData=[blockId=conID: 1 locID: 102665036877267466 bcsId: 0,size=4194304]} | ret=SUCCESS |  
2019-08-23 07:09:01,875 [grpc-default-executor-3] INFO  client.GrpcClientProtocolClient (GrpcClientProtocolClient.java:onNext(255)) - client-D91E5D1E15CE->f2ba01fc-a63e-4348-bd18-030b60a135e7: receive RaftClientReply:client-D91E5D1E15CE->f2ba01fc-a63e-4348-bd18-030b60a135e7@group-C8C62FEF0626, cid=1785, SUCCESS, logIndex=2589, commits[f2ba01fc-a63e-4348-bd18-030b60a135e7:c2589, eab135d4-a257-4705-b491-6c056b8c5df7:c2586, a4f67574-9018-43e7-8a54-351e98dc3d0a:c2586]
2019-08-23 07:09:01,876 [grpc-default-executor-3] INFO  client.GrpcClientProtocolClient (GrpcClientProtocolClient.java:onNext(255)) - client-D91E5D1E15CE->f2ba01fc-a63e-4348-bd18-030b60a135e7: receive RaftClientReply:client-D91E5D1E15CE->f2ba01fc-a63e-4348-bd18-030b60a135e7@group-C8C62FEF0626, cid=1786, SUCCESS, logIndex=2590, commits[f2ba01fc-a63e-4348-bd18-030b60a135e7:c2590, eab135d4-a257-4705-b491-6c056b8c5df7:c2586, a4f67574-9018-43e7-8a54-351e98dc3d0a:c2586]
2019-08-23 07:09:01,886 | INFO  | DNAudit | user=null | ip=null | op=WRITE_CHUNK {blockData=conID: 1 locID: 102665036877267466 bcsId: 2586} | ret=SUCCESS |  
2019-08-23 07:09:01,887 | INFO  | DNAudit | user=null | ip=null | op=WRITE_CHUNK {blockData=conID: 1 locID: 102665036877267466 bcsId: 2586} | ret=SUCCESS |  
2019-08-23 07:09:01,889 | INFO  | DNAudit | user=null | ip=null | op=PUT_BLOCK {blockData=[blockId=conID: 1 locID: 102665036877267466 bcsId: 0,size=4194304]} | ret=SUCCESS |  
2019-08-23 07:09:01,889 | INFO  | DNAudit | user=null | ip=null | op=PUT_BLOCK {blockData=[blockId=conID: 1 locID: 102665036877267466 bcsId: 0,size=4194304]} | ret=SUCCESS |  
2019-08-23 07:09:01,889 [grpc-default-executor-2] INFO  client.GrpcClientProtocolClient (GrpcClientProtocolClient.java:onNext(255)) - client-D91E5D1E15CE->f2ba01fc-a63e-4348-bd18-030b60a135e7: receive RaftClientReply:client-D91E5D1E15CE->f2ba01fc-a63e-4348-bd18-030b60a135e7@group-C8C62FEF0626, cid=1787, SUCCESS, logIndex=0, commits[f2ba01fc-a63e-4348-bd18-030b60a135e7:c2592, eab135d4-a257-4705-b491-6c056b8c5df7:c2590, a4f67574-9018-43e7-8a54-351e98dc3d0a:c2590]
2019-08-23 07:09:01,894 | INFO  | SCMAudit | user=jenkins1000 | ip=192.168.5.178 | op=ALLOCATE_BLOCK {owner=aaf04d22-10dd-4717-8862-c651bdde72cf, size=4194304, type=RATIS, factor=THREE} | ret=SUCCESS |  
2019-08-23 07:09:01,897 | INFO  | OMAudit | user=jenkins1000 | ip=127.0.0.1 | op=ALLOCATE_BLOCK {volume=vol-0-67663, bucket=bucket-0-68950, key=key-0-26970, dataSize=0, replicationType=null, replicationFactor=null, keyLocationInfo=null, clientID=102665036030476690} | ret=SUCCESS |  
2019-08-23 07:09:01,903 | INFO  | DNAudit | user=null | ip=null | op=WRITE_CHUNK {blockData=conID: 2 locID: 102665036883165707 bcsId: 0} | ret=SUCCESS |  
2019-08-23 07:09:01,905 | INFO  | DNAudit | user=null | ip=null | op=WRITE_CHUNK {blockData=conID: 2 locID: 102665036883165707 bcsId: 0} | ret=SUCCESS |  
2019-08-23 07:09:01,906 | INFO  | DNAudit | user=null | ip=null | op=WRITE_CHUNK {blockData=conID: 2 locID: 102665036883165707 bcsId: 0} | ret=SUCCESS |  
2019-08-23 07:09:01,906 | INFO  | DNAudit | user=null | ip=null | op=WRITE_CHUNK {blockData=conID: 2 locID: 102665036883165707 bcsId: 0} | ret=SUCCESS |  
2019-08-23 07:09:01,907 | INFO  | DNAudit | user=null | ip=null | op=WRITE_CHUNK {blockData=conID: 2 locID: 102665036883165707 bcsId: 0} | ret=SUCCESS |  
2019-08-23 07:09:01,908 | INFO  | DNAudit | user=null | ip=null | op=WRITE_CHUNK {blockData=conID: 2 locID: 102665036883165707 bcsId: 0} | ret=SUCCESS |  
2019-08-23 07:09:01,932 | INFO  | DNAudit | user=null | ip=null | op=WRITE_CHUNK {blockData=conID: 2 locID: 102665036883165707 bcsId: 0} | ret=SUCCESS |  
2019-08-23 07:09:01,933 | INFO  | DNAudit | user=null | ip=null | op=PUT_BLOCK {blockData=[blockId=conID: 2 locID: 102665036883165707 bcsId: 0,size=1048576]} | ret=SUCCESS |  
2019-08-23 07:09:01,933 | INFO  | DNAudit | user=null | ip=null | op=WRITE_CHUNK {blockData=conID: 2 locID: 102665036883165707 bcsId: 0} | ret=SUCCESS |  
2019-08-23 07:09:01,933 [grpc-default-executor-4] INFO  client.GrpcClientProtocolClient (GrpcClientProtocolClient.java:onNext(255)) - client-D91E5D1E15CE->f2ba01fc-a63e-4348-bd18-030b60a135e7: receive RaftClientReply:client-D91E5D1E15CE->f2ba01fc-a63e-4348-bd18-030b60a135e7@group-C8C62FEF0626, cid=1788, SUCCESS, logIndex=2593, commits[f2ba01fc-a63e-4348-bd18-030b60a135e7:c2594, eab135d4-a257-4705-b491-6c056b8c5df7:c2592, a4f67574-9018-43e7-8a54-351e98dc3d0a:c2592]
2019-08-23 07:09:01,933 | INFO  | DNAudit | user=null | ip=null | op=PUT_BLOCK {blockData=[blockId=conID: 2 locID: 102665036883165707 bcsId: 0,size=2097152]} | ret=SUCCESS |  
2019-08-23 07:09:01,934 [grpc-default-executor-4] INFO  client.GrpcClientProtocolClient (GrpcClientProtocolClient.java:onNext(255)) - client-D91E5D1E15CE->f2ba01fc-a63e-4348-bd18-030b60a135e7: receive RaftClientReply:client-D91E5D1E15CE->f2ba01fc-a63e-4348-bd18-030b60a135e7@group-C8C62FEF0626, cid=1789, SUCCESS, logIndex=2594, commits[f2ba01fc-a63e-4348-bd18-030b60a135e7:c2596, eab135d4-a257-4705-b491-6c056b8c5df7:c2592, a4f67574-9018-43e7-8a54-351e98dc3d0a:c2592]
2019-08-23 07:09:01,934 | INFO  | DNAudit | user=null | ip=null | op=WRITE_CHUNK {blockData=conID: 2 locID: 102665036883165707 bcsId: 0} | ret=SUCCESS |  
2019-08-23 07:09:01,934 [grpc-default-executor-4] INFO  client.GrpcClientProtocolClient (GrpcClientProtocolClient.java:onNext(255)) - client-D91E5D1E15CE->f2ba01fc-a63e-4348-bd18-030b60a135e7: receive RaftClientReply:client-D91E5D1E15CE->f2ba01fc-a63e-4348-bd18-030b60a135e7@group-C8C62FEF0626, cid=1790, SUCCESS, logIndex=2595, commits[f2ba01fc-a63e-4348-bd18-030b60a135e7:c2596, eab135d4-a257-4705-b491-6c056b8c5df7:c2592, a4f67574-9018-43e7-8a54-351e98dc3d0a:c2592]
2019-08-23 07:09:01,934 | INFO  | DNAudit | user=null | ip=null | op=WRITE_CHUNK {blockData=conID: 2 locID: 102665036883165707 bcsId: 0} | ret=SUCCESS |  
2019-08-23 07:09:01,934 [grpc-default-executor-4] INFO  client.GrpcClientProtocolClient (GrpcClientProtocolClient.java:onNext(255)) - client-D91E5D1E15CE->f2ba01fc-a63e-4348-bd18-030b60a135e7: receive RaftClientReply:client-D91E5D1E15CE->f2ba01fc-a63e-4348-bd18-030b60a135e7@group-C8C62FEF0626, cid=1791, SUCCESS, logIndex=2596, commits[f2ba01fc-a63e-4348-bd18-030b60a135e7:c2596, eab135d4-a257-4705-b491-6c056b8c5df7:c2592, a4f67574-9018-43e7-8a54-351e98dc3d0a:c2592]
2019-08-23 07:09:01,934 | INFO  | DNAudit | user=null | ip=null | op=PUT_BLOCK {blockData=[blockId=conID: 2 locID: 102665036883165707 bcsId: 0,size=1048576]} | ret=SUCCESS |  
2019-08-23 07:09:01,935 | INFO  | DNAudit | user=null | ip=null | op=WRITE_CHUNK {blockData=conID: 2 locID: 102665036883165707 bcsId: 0} | ret=SUCCESS |  
2019-08-23 07:09:01,935 | INFO  | DNAudit | user=null | ip=null | op=PUT_BLOCK {blockData=[blockId=conID: 2 locID: 102665036883165707 bcsId: 0,size=1048576]} | ret=SUCCESS |  
2019-08-23 07:09:01,935 | INFO  | DNAudit | user=null | ip=null | op=PUT_BLOCK {blockData=[blockId=conID: 2 locID: 102665036883165707 bcsId: 0,size=2097152]} | ret=SUCCESS |  
2019-08-23 07:09:01,935 | INFO  | DNAudit | user=null | ip=null | op=WRITE_CHUNK {blockData=conID: 2 locID: 102665036883165707 bcsId: 0} | ret=SUCCESS |  
2019-08-23 07:09:01,935 [grpc-default-executor-4] INFO  client.GrpcClientProtocolClient (GrpcClientProtocolClient.java:onNext(255)) - client-D91E5D1E15CE->f2ba01fc-a63e-4348-bd18-030b60a135e7: receive RaftClientReply:client-D91E5D1E15CE->f2ba01fc-a63e-4348-bd18-030b60a135e7@group-C8C62FEF0626, cid=1792, SUCCESS, logIndex=0, commits[f2ba01fc-a63e-4348-bd18-030b60a135e7:c2599, eab135d4-a257-4705-b491-6c056b8c5df7:c2595, a4f67574-9018-43e7-8a54-351e98dc3d0a:c2594]
2019-08-23 07:09:01,935 | INFO  | DNAudit | user=null | ip=null | op=PUT_BLOCK {blockData=[blockId=conID: 2 locID: 102665036883165707 bcsId: 0,size=2097152]} | ret=SUCCESS |  
2019-08-23 07:09:01,941 | INFO  | DNAudit | user=null | ip=null | op=WRITE_CHUNK {blockData=conID: 2 locID: 102665036883165707 bcsId: 2596} | ret=SUCCESS |  
2019-08-23 07:09:01,943 | INFO  | DNAudit | user=null | ip=null | op=WRITE_CHUNK {blockData=conID: 2 locID: 102665036883165707 bcsId: 2596} | ret=SUCCESS |  
2019-08-23 07:09:01,944 | INFO  | DNAudit | user=null | ip=null | op=WRITE_CHUNK {blockData=conID: 2 locID: 102665036883165707 bcsId: 2596} | ret=SUCCESS |  
2019-08-23 07:09:01,953 | INFO  | DNAudit | user=null | ip=null | op=WRITE_CHUNK {blockData=conID: 2 locID: 102665036883165707 bcsId: 2596} | ret=SUCCESS |  
2019-08-23 07:09:01,953 | INFO  | DNAudit | user=null | ip=null | op=PUT_BLOCK {blockData=[blockId=conID: 2 locID: 102665036883165707 bcsId: 0,size=3145728]} | ret=SUCCESS |  
2019-08-23 07:09:01,953 [grpc-default-executor-3] INFO  client.GrpcClientProtocolClient (GrpcClientProtocolClient.java:onNext(255)) - client-D91E5D1E15CE->f2ba01fc-a63e-4348-bd18-030b60a135e7: receive RaftClientReply:client-D91E5D1E15CE->f2ba01fc-a63e-4348-bd18-030b60a135e7@group-C8C62FEF0626, cid=1793, SUCCESS, logIndex=2601, commits[f2ba01fc-a63e-4348-bd18-030b60a135e7:c2602, eab135d4-a257-4705-b491-6c056b8c5df7:c2600, a4f67574-9018-43e7-8a54-351e98dc3d0a:c2600]
2019-08-23 07:09:01,954 [grpc-default-executor-3] INFO  client.GrpcClientProtocolClient (GrpcClientProtocolClient.java:onNext(255)) - client-D91E5D1E15CE->f2ba01fc-a63e-4348-bd18-030b60a135e7: receive RaftClientReply:client-D91E5D1E15CE->f2ba01fc-a63e-4348-bd18-030b60a135e7@group-C8C62FEF0626, cid=1794, SUCCESS, logIndex=2602, commits[f2ba01fc-a63e-4348-bd18-030b60a135e7:c2602, eab135d4-a257-4705-b491-6c056b8c5df7:c2600, a4f67574-9018-43e7-8a54-351e98dc3d0a:c2600]
2019-08-23 07:09:01,960 | INFO  | DNAudit | user=null | ip=null | op=WRITE_CHUNK {blockData=conID: 2 locID: 102665036883165707 bcsId: 2602} | ret=SUCCESS |  
2019-08-23 07:09:01,963 | INFO  | DNAudit | user=null | ip=null | op=WRITE_CHUNK {blockData=conID: 2 locID: 102665036883165707 bcsId: 2602} | ret=SUCCESS |  
2019-08-23 07:09:01,963 | INFO  | DNAudit | user=null | ip=null | op=WRITE_CHUNK {blockData=conID: 2 locID: 102665036883165707 bcsId: 2602} | ret=SUCCESS |  
2019-08-23 07:09:01,964 | INFO  | DNAudit | user=null | ip=null | op=WRITE_CHUNK {blockData=conID: 2 locID: 102665036883165707 bcsId: 2596} | ret=SUCCESS |  
2019-08-23 07:09:01,964 | INFO  | DNAudit | user=null | ip=null | op=WRITE_CHUNK {blockData=conID: 2 locID: 102665036883165707 bcsId: 2596} | ret=SUCCESS |  
2019-08-23 07:09:01,966 | INFO  | DNAudit | user=null | ip=null | op=PUT_BLOCK {blockData=[blockId=conID: 2 locID: 102665036883165707 bcsId: 0,size=3145728]} | ret=SUCCESS |  
2019-08-23 07:09:01,966 | INFO  | DNAudit | user=null | ip=null | op=PUT_BLOCK {blockData=[blockId=conID: 2 locID: 102665036883165707 bcsId: 0,size=3145728]} | ret=SUCCESS |  
2019-08-23 07:09:01,966 | INFO  | DNAudit | user=null | ip=null | op=WRITE_CHUNK {blockData=conID: 2 locID: 102665036883165707 bcsId: 2602} | ret=SUCCESS |  
2019-08-23 07:09:01,967 | INFO  | DNAudit | user=null | ip=null | op=PUT_BLOCK {blockData=[blockId=conID: 2 locID: 102665036883165707 bcsId: 0,size=4194304]} | ret=SUCCESS |  
2019-08-23 07:09:01,967 [grpc-default-executor-4] INFO  client.GrpcClientProtocolClient (GrpcClientProtocolClient.java:onNext(255)) - client-D91E5D1E15CE->f2ba01fc-a63e-4348-bd18-030b60a135e7: receive RaftClientReply:client-D91E5D1E15CE->f2ba01fc-a63e-4348-bd18-030b60a135e7@group-C8C62FEF0626, cid=1795, SUCCESS, logIndex=2605, commits[f2ba01fc-a63e-4348-bd18-030b60a135e7:c2605, eab135d4-a257-4705-b491-6c056b8c5df7:c2602, a4f67574-9018-43e7-8a54-351e98dc3d0a:c2602]
2019-08-23 07:09:01,967 [grpc-default-executor-4] INFO  client.GrpcClientProtocolClient (GrpcClientProtocolClient.java:onNext(255)) - client-D91E5D1E15CE->f2ba01fc-a63e-4348-bd18-030b60a135e7: receive RaftClientReply:client-D91E5D1E15CE->f2ba01fc-a63e-4348-bd18-030b60a135e7@group-C8C62FEF0626, cid=1796, SUCCESS, logIndex=2606, commits[f2ba01fc-a63e-4348-bd18-030b60a135e7:c2606, eab135d4-a257-4705-b491-6c056b8c5df7:c2602, a4f67574-9018-43e7-8a54-351e98dc3d0a:c2602]
2019-08-23 07:09:01,988 | INFO  | DNAudit | user=null | ip=null | op=WRITE_CHUNK {blockData=conID: 2 locID: 102665036883165707 bcsId: 2602} | ret=SUCCESS |  
2019-08-23 07:09:01,988 | INFO  | DNAudit | user=null | ip=null | op=WRITE_CHUNK {blockData=conID: 2 locID: 102665036883165707 bcsId: 2602} | ret=SUCCESS |  
2019-08-23 07:09:01,990 | INFO  | DNAudit | user=null | ip=null | op=PUT_BLOCK {blockData=[blockId=conID: 2 locID: 102665036883165707 bcsId: 0,size=4194304]} | ret=SUCCESS |  
2019-08-23 07:09:01,990 | INFO  | DNAudit | user=null | ip=null | op=PUT_BLOCK {blockData=[blockId=conID: 2 locID: 102665036883165707 bcsId: 0,size=4194304]} | ret=SUCCESS |  
2019-08-23 07:09:01,991 [grpc-default-executor-4] INFO  client.GrpcClientProtocolClient (GrpcClientProtocolClient.java:onNext(255)) - client-D91E5D1E15CE->f2ba01fc-a63e-4348-bd18-030b60a135e7: receive RaftClientReply:client-D91E5D1E15CE->f2ba01fc-a63e-4348-bd18-030b60a135e7@group-C8C62FEF0626, cid=1797, SUCCESS, logIndex=0, commits[f2ba01fc-a63e-4348-bd18-030b60a135e7:c2608, eab135d4-a257-4705-b491-6c056b8c5df7:c2606, a4f67574-9018-43e7-8a54-351e98dc3d0a:c2606]
2019-08-23 07:09:01,996 | INFO  | SCMAudit | user=jenkins1000 | ip=192.168.5.178 | op=ALLOCATE_BLOCK {owner=aaf04d22-10dd-4717-8862-c651bdde72cf, size=4194304, type=RATIS, factor=THREE} | ret=SUCCESS |  
2019-08-23 07:09:01,999 | INFO  | OMAudit | user=jenkins1000 | ip=127.0.0.1 | op=ALLOCATE_BLOCK {volume=vol-0-67663, bucket=bucket-0-68950, key=key-0-26970, dataSize=0, replicationType=null, replicationFactor=null, keyLocationInfo=null, clientID=102665036030476690} | ret=SUCCESS |  
2019-08-23 07:09:02,006 | INFO  | DNAudit | user=null | ip=null | op=WRITE_CHUNK {blockData=conID: 3 locID: 102665036889850380 bcsId: 0} | ret=SUCCESS |  
2019-08-23 07:09:02,007 | INFO  | DNAudit | user=null | ip=null | op=WRITE_CHUNK {blockData=conID: 3 locID: 102665036889850380 bcsId: 0} | ret=SUCCESS |  
2019-08-23 07:09:02,008 | INFO  | DNAudit | user=null | ip=null | op=WRITE_CHUNK {blockData=conID: 3 locID: 102665036889850380 bcsId: 0} | ret=SUCCESS |  
2019-08-23 07:09:02,008 | INFO  | DNAudit | user=null | ip=null | op=WRITE_CHUNK {blockData=conID: 3 locID: 102665036889850380 bcsId: 0} | ret=SUCCESS |  
2019-08-23 07:09:02,010 | INFO  | DNAudit | user=null | ip=null | op=WRITE_CHUNK {blockData=conID: 3 locID: 102665036889850380 bcsId: 0} | ret=SUCCESS |  
2019-08-23 07:09:02,010 | INFO  | DNAudit | user=null | ip=null | op=WRITE_CHUNK {blockData=conID: 3 locID: 102665036889850380 bcsId: 0} | ret=SUCCESS |  
 0.00% |█                                                                                                    |  0/1 Time: 0:00:132019-08-23 07:09:02,012 | INFO  | SCMAudit | user=jenkins1000 | ip=192.168.5.178 | op=SEND_HEARTBEAT {datanodeUUID=5c311bc2-cc7c-45de-998f-f79499d85d4e, command=[]} | ret=SUCCESS |  
2019-08-23 07:09:02,020 | INFO  | DNAudit | user=null | ip=null | op=WRITE_CHUNK {blockData=conID: 3 locID: 102665036889850380 bcsId: 0} | ret=SUCCESS |  
2019-08-23 07:09:02,021 | INFO  | DNAudit | user=null | ip=null | op=PUT_BLOCK {blockData=[blockId=conID: 3 locID: 102665036889850380 bcsId: 0,size=1048576]} | ret=SUCCESS |  
2019-08-23 07:09:02,021 | INFO  | DNAudit | user=null | ip=null | op=WRITE_CHUNK {blockData=conID: 3 locID: 102665036889850380 bcsId: 0} | ret=SUCCESS |  
2019-08-23 07:09:02,021 [grpc-default-executor-3] INFO  client.GrpcClientProtocolClient (GrpcClientProtocolClient.java:onNext(255)) - client-D91E5D1E15CE->f2ba01fc-a63e-4348-bd18-030b60a135e7: receive RaftClientReply:client-D91E5D1E15CE->f2ba01fc-a63e-4348-bd18-030b60a135e7@group-C8C62FEF0626, cid=1798, SUCCESS, logIndex=2609, commits[f2ba01fc-a63e-4348-bd18-030b60a135e7:c2610, eab135d4-a257-4705-b491-6c056b8c5df7:c2608, a4f67574-9018-43e7-8a54-351e98dc3d0a:c2608]
2019-08-23 07:09:02,021 | INFO  | DNAudit | user=null | ip=null | op=PUT_BLOCK {blockData=[blockId=conID: 3 locID: 102665036889850380 bcsId: 0,size=2097152]} | ret=SUCCESS |  
2019-08-23 07:09:02,022 [grpc-default-executor-3] INFO  client.GrpcClientProtocolClient (GrpcClientProtocolClient.java:onNext(255)) - client-D91E5D1E15CE->f2ba01fc-a63e-4348-bd18-030b60a135e7: receive RaftClientReply:client-D91E5D1E15CE->f2ba01fc-a63e-4348-bd18-030b60a135e7@group-C8C62FEF0626, cid=1799, SUCCESS, logIndex=2610, commits[f2ba01fc-a63e-4348-bd18-030b60a135e7:c2612, eab135d4-a257-4705-b491-6c056b8c5df7:c2608, a4f67574-9018-43e7-8a54-351e98dc3d0a:c2608]
2019-08-23 07:09:02,022 | INFO  | DNAudit | user=null | ip=null | op=WRITE_CHUNK {blockData=conID: 3 locID: 102665036889850380 bcsId: 0} | ret=SUCCESS |  
2019-08-23 07:09:02,022 [grpc-default-executor-3] INFO  client.GrpcClientProtocolClient (GrpcClientProtocolClient.java:onNext(255)) - client-D91E5D1E15CE->f2ba01fc-a63e-4348-bd18-030b60a135e7: receive RaftClientReply:client-D91E5D1E15CE->f2ba01fc-a63e-4348-bd18-030b60a135e7@group-C8C62FEF0626, cid=1800, SUCCESS, logIndex=2611, commits[f2ba01fc-a63e-4348-bd18-030b60a135e7:c2612, eab135d4-a257-4705-b491-6c056b8c5df7:c2608, a4f67574-9018-43e7-8a54-351e98dc3d0a:c2608]
2019-08-23 07:09:02,022 | INFO  | DNAudit | user=null | ip=null | op=WRITE_CHUNK {blockData=conID: 3 locID: 102665036889850380 bcsId: 0} | ret=SUCCESS |  
2019-08-23 07:09:02,022 | INFO  | DNAudit | user=null | ip=null | op=PUT_BLOCK {blockData=[blockId=conID: 3 locID: 102665036889850380 bcsId: 0,size=1048576]} | ret=SUCCESS |  
2019-08-23 07:09:02,022 [grpc-default-executor-3] INFO  client.GrpcClientProtocolClient (GrpcClientProtocolClient.java:onNext(255)) - client-D91E5D1E15CE->f2ba01fc-a63e-4348-bd18-030b60a135e7: receive RaftClientReply:client-D91E5D1E15CE->f2ba01fc-a63e-4348-bd18-030b60a135e7@group-C8C62FEF0626, cid=1801, SUCCESS, logIndex=2612, commits[f2ba01fc-a63e-4348-bd18-030b60a135e7:c2612, eab135d4-a257-4705-b491-6c056b8c5df7:c2608, a4f67574-9018-43e7-8a54-351e98dc3d0a:c2608]
2019-08-23 07:09:02,022 | INFO  | DNAudit | user=null | ip=null | op=PUT_BLOCK {blockData=[blockId=conID: 3 locID: 102665036889850380 bcsId: 0,size=1048576]} | ret=SUCCESS |  
2019-08-23 07:09:02,023 [grpc-default-executor-2] INFO  client.GrpcClientProtocolClient (GrpcClientProtocolClient.java:onNext(255)) - client-D91E5D1E15CE->f2ba01fc-a63e-4348-bd18-030b60a135e7: receive RaftClientReply:client-D91E5D1E15CE->f2ba01fc-a63e-4348-bd18-030b60a135e7@group-C8C62FEF0626, cid=1802, SUCCESS, logIndex=0, commits[f2ba01fc-a63e-4348-bd18-030b60a135e7:c2614, eab135d4-a257-4705-b491-6c056b8c5df7:c2610, a4f67574-9018-43e7-8a54-351e98dc3d0a:c2610]
2019-08-23 07:09:02,023 | INFO  | DNAudit | user=null | ip=null | op=WRITE_CHUNK {blockData=conID: 3 locID: 102665036889850380 bcsId: 0} | ret=SUCCESS |  
2019-08-23 07:09:02,023 | INFO  | DNAudit | user=null | ip=null | op=WRITE_CHUNK {blockData=conID: 3 locID: 102665036889850380 bcsId: 0} | ret=SUCCESS |  
2019-08-23 07:09:02,023 | INFO  | DNAudit | user=null | ip=null | op=PUT_BLOCK {blockData=[blockId=conID: 3 locID: 102665036889850380 bcsId: 0,size=2097152]} | ret=SUCCESS |  
2019-08-23 07:09:02,024 | INFO  | DNAudit | user=null | ip=null | op=PUT_BLOCK {blockData=[blockId=conID: 3 locID: 102665036889850380 bcsId: 0,size=2097152]} | ret=SUCCESS |  
2019-08-23 07:09:02,029 | INFO  | DNAudit | user=null | ip=null | op=WRITE_CHUNK {blockData=conID: 3 locID: 102665036889850380 bcsId: 2612} | ret=SUCCESS |  
2019-08-23 07:09:02,031 | INFO  | DNAudit | user=null | ip=null | op=WRITE_CHUNK {blockData=conID: 3 locID: 102665036889850380 bcsId: 2612} | ret=SUCCESS |  
2019-08-23 07:09:02,031 | INFO  | DNAudit | user=null | ip=null | op=WRITE_CHUNK {blockData=conID: 3 locID: 102665036889850380 bcsId: 2612} | ret=SUCCESS |  
2019-08-23 07:09:02,042 | INFO  | DNAudit | user=null | ip=null | op=WRITE_CHUNK {blockData=conID: 3 locID: 102665036889850380 bcsId: 2612} | ret=SUCCESS |  
2019-08-23 07:09:02,043 | INFO  | DNAudit | user=null | ip=null | op=PUT_BLOCK {blockData=[blockId=conID: 3 locID: 102665036889850380 bcsId: 0,size=3145728]} | ret=SUCCESS |  
2019-08-23 07:09:02,043 [grpc-default-executor-3] INFO  client.GrpcClientProtocolClient (GrpcClientProtocolClient.java:onNext(255)) - client-D91E5D1E15CE->f2ba01fc-a63e-4348-bd18-030b60a135e7: receive RaftClientReply:client-D91E5D1E15CE->f2ba01fc-a63e-4348-bd18-030b60a135e7@group-C8C62FEF0626, cid=1803, SUCCESS, logIndex=2617, commits[f2ba01fc-a63e-4348-bd18-030b60a135e7:c2618, eab135d4-a257-4705-b491-6c056b8c5df7:c2616, a4f67574-9018-43e7-8a54-351e98dc3d0a:c2616]
2019-08-23 07:09:02,043 [grpc-default-executor-3] INFO  client.GrpcClientProtocolClient (GrpcClientProtocolClient.java:onNext(255)) - client-D91E5D1E15CE->f2ba01fc-a63e-4348-bd18-030b60a135e7: receive RaftClientReply:client-D91E5D1E15CE->f2ba01fc-a63e-4348-bd18-030b60a135e7@group-C8C62FEF0626, cid=1804, SUCCESS, logIndex=2618, commits[f2ba01fc-a63e-4348-bd18-030b60a135e7:c2618, eab135d4-a257-4705-b491-6c056b8c5df7:c2616, a4f67574-9018-43e7-8a54-351e98dc3d0a:c2616]
2019-08-23 07:09:02,049 | INFO  | DNAudit | user=null | ip=null | op=WRITE_CHUNK {blockData=conID: 3 locID: 102665036889850380 bcsId: 2618} | ret=SUCCESS |  
2019-08-23 07:09:02,051 | INFO  | DNAudit | user=null | ip=null | op=WRITE_CHUNK {blockData=conID: 3 locID: 102665036889850380 bcsId: 2618} | ret=SUCCESS |  
2019-08-23 07:09:02,051 | INFO  | DNAudit | user=null | ip=null | op=WRITE_CHUNK {blockData=conID: 3 locID: 102665036889850380 bcsId: 2618} | ret=SUCCESS |  
2019-08-23 07:09:02,054 | INFO  | DNAudit | user=null | ip=null | op=WRITE_CHUNK {blockData=conID: 3 locID: 102665036889850380 bcsId: 2612} | ret=SUCCESS |  
2019-08-23 07:09:02,054 | INFO  | DNAudit | user=null | ip=null | op=WRITE_CHUNK {blockData=conID: 3 locID: 102665036889850380 bcsId: 2612} | ret=SUCCESS |  
2019-08-23 07:09:02,055 | INFO  | DNAudit | user=null | ip=null | op=PUT_BLOCK {blockData=[blockId=conID: 3 locID: 102665036889850380 bcsId: 0,size=3145728]} | ret=SUCCESS |  
2019-08-23 07:09:02,055 | INFO  | DNAudit | user=null | ip=null | op=PUT_BLOCK {blockData=[blockId=conID: 3 locID: 102665036889850380 bcsId: 0,size=3145728]} | ret=SUCCESS |  
2019-08-23 07:09:02,055 | INFO  | DNAudit | user=null | ip=null | op=WRITE_CHUNK {blockData=conID: 3 locID: 102665036889850380 bcsId: 2618} | ret=SUCCESS |  
2019-08-23 07:09:02,056 | INFO  | DNAudit | user=null | ip=null | op=PUT_BLOCK {blockData=[blockId=conID: 3 locID: 102665036889850380 bcsId: 0,size=4194304]} | ret=SUCCESS |  
2019-08-23 07:09:02,056 [grpc-default-executor-0] INFO  client.GrpcClientProtocolClient (GrpcClientProtocolClient.java:onNext(255)) - client-D91E5D1E15CE->f2ba01fc-a63e-4348-bd18-030b60a135e7: receive RaftClientReply:client-D91E5D1E15CE->f2ba01fc-a63e-4348-bd18-030b60a135e7@group-C8C62FEF0626, cid=1805, SUCCESS, logIndex=2621, commits[f2ba01fc-a63e-4348-bd18-030b60a135e7:c2621, eab135d4-a257-4705-b491-6c056b8c5df7:c2618, a4f67574-9018-43e7-8a54-351e98dc3d0a:c2618]
2019-08-23 07:09:02,056 [grpc-default-executor-0] INFO  client.GrpcClientProtocolClient (GrpcClientProtocolClient.java:onNext(255)) - client-D91E5D1E15CE->f2ba01fc-a63e-4348-bd18-030b60a135e7: receive RaftClientReply:client-D91E5D1E15CE->f2ba01fc-a63e-4348-bd18-030b60a135e7@group-C8C62FEF0626, cid=1806, SUCCESS, logIndex=2622, commits[f2ba01fc-a63e-4348-bd18-030b60a135e7:c2622, eab135d4-a257-4705-b491-6c056b8c5df7:c2618, a4f67574-9018-43e7-8a54-351e98dc3d0a:c2618]
2019-08-23 07:09:02,067 | INFO  | DNAudit | user=null | ip=null | op=WRITE_CHUNK {blockData=conID: 3 locID: 102665036889850380 bcsId: 2618} | ret=SUCCESS |  
2019-08-23 07:09:02,067 | INFO  | DNAudit | user=null | ip=null | op=WRITE_CHUNK {blockData=conID: 3 locID: 102665036889850380 bcsId: 2618} | ret=SUCCESS |  
2019-08-23 07:09:02,070 | INFO  | DNAudit | user=null | ip=null | op=PUT_BLOCK {blockData=[blockId=conID: 3 locID: 102665036889850380 bcsId: 0,size=4194304]} | ret=SUCCESS |  
2019-08-23 07:09:02,070 | INFO  | DNAudit | user=null | ip=null | op=PUT_BLOCK {blockData=[blockId=conID: 3 locID: 102665036889850380 bcsId: 0,size=4194304]} | ret=SUCCESS |  
2019-08-23 07:09:02,070 [grpc-default-executor-4] INFO  client.GrpcClientProtocolClient (GrpcClientProtocolClient.java:onNext(255)) - client-D91E5D1E15CE->f2ba01fc-a63e-4348-bd18-030b60a135e7: receive RaftClientReply:client-D91E5D1E15CE->f2ba01fc-a63e-4348-bd18-030b60a135e7@group-C8C62FEF0626, cid=1807, SUCCESS, logIndex=0, commits[f2ba01fc-a63e-4348-bd18-030b60a135e7:c2624, eab135d4-a257-4705-b491-6c056b8c5df7:c2622, a4f67574-9018-43e7-8a54-351e98dc3d0a:c2622]
2019-08-23 07:09:02,077 | INFO  | SCMAudit | user=jenkins1000 | ip=192.168.5.178 | op=ALLOCATE_BLOCK {owner=aaf04d22-10dd-4717-8862-c651bdde72cf, size=4194304, type=RATIS, factor=THREE} | ret=SUCCESS |  
2019-08-23 07:09:02,080 | INFO  | OMAudit | user=jenkins1000 | ip=127.0.0.1 | op=ALLOCATE_BLOCK {volume=vol-0-67663, bucket=bucket-0-68950, key=key-0-26970, dataSize=0, replicationType=null, replicationFactor=null, keyLocationInfo=null, clientID=102665036030476690} | ret=SUCCESS |  
2019-08-23 07:09:02,086 | INFO  | DNAudit | user=null | ip=null | op=WRITE_CHUNK {blockData=conID: 1 locID: 102665036895158797 bcsId: 0} | ret=SUCCESS |  
2019-08-23 07:09:02,088 | INFO  | DNAudit | user=null | ip=null | op=WRITE_CHUNK {blockData=conID: 1 locID: 102665036895158797 bcsId: 0} | ret=SUCCESS |  
2019-08-23 07:09:02,088 | INFO  | DNAudit | user=null | ip=null | op=WRITE_CHUNK {blockData=conID: 1 locID: 102665036895158797 bcsId: 0} | ret=SUCCESS |  
2019-08-23 07:09:02,089 | INFO  | DNAudit | user=null | ip=null | op=WRITE_CHUNK {blockData=conID: 1 locID: 102665036895158797 bcsId: 0} | ret=SUCCESS |  
2019-08-23 07:09:02,089 | INFO  | DNAudit | user=null | ip=null | op=WRITE_CHUNK {blockData=conID: 1 locID: 102665036895158797 bcsId: 0} | ret=SUCCESS |  
2019-08-23 07:09:02,090 | INFO  | DNAudit | user=null | ip=null | op=WRITE_CHUNK {blockData=conID: 1 locID: 102665036895158797 bcsId: 0} | ret=SUCCESS |  
2019-08-23 07:09:02,100 | INFO  | DNAudit | user=null | ip=null | op=WRITE_CHUNK {blockData=conID: 1 locID: 102665036895158797 bcsId: 0} | ret=SUCCESS |  
2019-08-23 07:09:02,100 | INFO  | DNAudit | user=null | ip=null | op=PUT_BLOCK {blockData=[blockId=conID: 1 locID: 102665036895158797 bcsId: 0,size=1048576]} | ret=SUCCESS |  
2019-08-23 07:09:02,101 | INFO  | DNAudit | user=null | ip=null | op=WRITE_CHUNK {blockData=conID: 1 locID: 102665036895158797 bcsId: 0} | ret=SUCCESS |  
2019-08-23 07:09:02,101 [grpc-default-executor-0] INFO  client.GrpcClientProtocolClient (GrpcClientProtocolClient.java:onNext(255)) - client-D91E5D1E15CE->f2ba01fc-a63e-4348-bd18-030b60a135e7: receive RaftClientReply:client-D91E5D1E15CE->f2ba01fc-a63e-4348-bd18-030b60a135e7@group-C8C62FEF0626, cid=1808, SUCCESS, logIndex=2625, commits[f2ba01fc-a63e-4348-bd18-030b60a135e7:c2627, eab135d4-a257-4705-b491-6c056b8c5df7:c2624, a4f67574-9018-43e7-8a54-351e98dc3d0a:c2624]
2019-08-23 07:09:02,101 | INFO  | DNAudit | user=null | ip=null | op=PUT_BLOCK {blockData=[blockId=conID: 1 locID: 102665036895158797 bcsId: 0,size=2097152]} | ret=SUCCESS |  
2019-08-23 07:09:02,101 [grpc-default-executor-0] INFO  client.GrpcClientProtocolClient (GrpcClientProtocolClient.java:onNext(255)) - client-D91E5D1E15CE->f2ba01fc-a63e-4348-bd18-030b60a135e7: receive RaftClientReply:client-D91E5D1E15CE->f2ba01fc-a63e-4348-bd18-030b60a135e7@group-C8C62FEF0626, cid=1809, SUCCESS, logIndex=2626, commits[f2ba01fc-a63e-4348-bd18-030b60a135e7:c2628, eab135d4-a257-4705-b491-6c056b8c5df7:c2624, a4f67574-9018-43e7-8a54-351e98dc3d0a:c2624]
2019-08-23 07:09:02,101 [grpc-default-executor-0] INFO  client.GrpcClientProtocolClient (GrpcClientProtocolClient.java:onNext(255)) - client-D91E5D1E15CE->f2ba01fc-a63e-4348-bd18-030b60a135e7: receive RaftClientReply:client-D91E5D1E15CE->f2ba01fc-a63e-4348-bd18-030b60a135e7@group-C8C62FEF0626, cid=1810, SUCCESS, logIndex=2627, commits[f2ba01fc-a63e-4348-bd18-030b60a135e7:c2628, eab135d4-a257-4705-b491-6c056b8c5df7:c2624, a4f67574-9018-43e7-8a54-351e98dc3d0a:c2624]
2019-08-23 07:09:02,101 [grpc-default-executor-0] INFO  client.GrpcClientProtocolClient (GrpcClientProtocolClient.java:onNext(255)) - client-D91E5D1E15CE->f2ba01fc-a63e-4348-bd18-030b60a135e7: receive RaftClientReply:client-D91E5D1E15CE->f2ba01fc-a63e-4348-bd18-030b60a135e7@group-C8C62FEF0626, cid=1811, SUCCESS, logIndex=2628, commits[f2ba01fc-a63e-4348-bd18-030b60a135e7:c2628, eab135d4-a257-4705-b491-6c056b8c5df7:c2624, a4f67574-9018-43e7-8a54-351e98dc3d0a:c2624]
2019-08-23 07:09:02,112 | INFO  | DNAudit | user=null | ip=null | op=WRITE_CHUNK {blockData=conID: 1 locID: 102665036895158797 bcsId: 0} | ret=SUCCESS |  
2019-08-23 07:09:02,112 | INFO  | DNAudit | user=null | ip=null | op=WRITE_CHUNK {blockData=conID: 1 locID: 102665036895158797 bcsId: 0} | ret=SUCCESS |  
2019-08-23 07:09:02,112 | INFO  | DNAudit | user=null | ip=null | op=PUT_BLOCK {blockData=[blockId=conID: 1 locID: 102665036895158797 bcsId: 0,size=1048576]} | ret=SUCCESS |  
2019-08-23 07:09:02,112 | INFO  | DNAudit | user=null | ip=null | op=PUT_BLOCK {blockData=[blockId=conID: 1 locID: 102665036895158797 bcsId: 0,size=1048576]} | ret=SUCCESS |  
2019-08-23 07:09:02,112 [grpc-default-executor-0] INFO  client.GrpcClientProtocolClient (GrpcClientProtocolClient.java:onNext(255)) - client-D91E5D1E15CE->f2ba01fc-a63e-4348-bd18-030b60a135e7: receive RaftClientReply:client-D91E5D1E15CE->f2ba01fc-a63e-4348-bd18-030b60a135e7@group-C8C62FEF0626, cid=1812, SUCCESS, logIndex=0, commits[f2ba01fc-a63e-4348-bd18-030b60a135e7:c2629, eab135d4-a257-4705-b491-6c056b8c5df7:c2626, a4f67574-9018-43e7-8a54-351e98dc3d0a:c2626]
2019-08-23 07:09:02,114 | INFO  | DNAudit | user=null | ip=null | op=WRITE_CHUNK {blockData=conID: 1 locID: 102665036895158797 bcsId: 0} | ret=SUCCESS |  
2019-08-23 07:09:02,114 | INFO  | DNAudit | user=null | ip=null | op=WRITE_CHUNK {blockData=conID: 1 locID: 102665036895158797 bcsId: 0} | ret=SUCCESS |  
2019-08-23 07:09:02,114 | INFO  | DNAudit | user=null | ip=null | op=PUT_BLOCK {blockData=[blockId=conID: 1 locID: 102665036895158797 bcsId: 0,size=2097152]} | ret=SUCCESS |  
2019-08-23 07:09:02,115 | INFO  | DNAudit | user=null | ip=null | op=PUT_BLOCK {blockData=[blockId=conID: 1 locID: 102665036895158797 bcsId: 0,size=2097152]} | ret=SUCCESS |  
2019-08-23 07:09:02,118 | INFO  | DNAudit | user=null | ip=null | op=WRITE_CHUNK {blockData=conID: 1 locID: 102665036895158797 bcsId: 2628} | ret=SUCCESS |  
2019-08-23 07:09:02,120 | INFO  | DNAudit | user=null | ip=null | op=WRITE_CHUNK {blockData=conID: 1 locID: 102665036895158797 bcsId: 2628} | ret=SUCCESS |  
2019-08-23 07:09:02,120 | INFO  | DNAudit | user=null | ip=null | op=WRITE_CHUNK {blockData=conID: 1 locID: 102665036895158797 bcsId: 2628} | ret=SUCCESS |  
2019-08-23 07:09:02,130 | INFO  | DNAudit | user=null | ip=null | op=WRITE_CHUNK {blockData=conID: 1 locID: 102665036895158797 bcsId: 2628} | ret=SUCCESS |  
2019-08-23 07:09:02,130 | INFO  | DNAudit | user=null | ip=null | op=PUT_BLOCK {blockData=[blockId=conID: 1 locID: 102665036895158797 bcsId: 0,size=3145728]} | ret=SUCCESS |  
2019-08-23 07:09:02,130 [grpc-default-executor-4] INFO  client.GrpcClientProtocolClient (GrpcClientProtocolClient.java:onNext(255)) - client-D91E5D1E15CE->f2ba01fc-a63e-4348-bd18-030b60a135e7: receive RaftClientReply:client-D91E5D1E15CE->f2ba01fc-a63e-4348-bd18-030b60a135e7@group-C8C62FEF0626, cid=1813, SUCCESS, logIndex=2633, commits[f2ba01fc-a63e-4348-bd18-030b60a135e7:c2634, eab135d4-a257-4705-b491-6c056b8c5df7:c2632, a4f67574-9018-43e7-8a54-351e98dc3d0a:c2632]
2019-08-23 07:09:02,131 [grpc-default-executor-4] INFO  client.GrpcClientProtocolClient (GrpcClientProtocolClient.java:onNext(255)) - client-D91E5D1E15CE->f2ba01fc-a63e-4348-bd18-030b60a135e7: receive RaftClientReply:client-D91E5D1E15CE->f2ba01fc-a63e-4348-bd18-030b60a135e7@group-C8C62FEF0626, cid=1814, SUCCESS, logIndex=2634, commits[f2ba01fc-a63e-4348-bd18-030b60a135e7:c2634, eab135d4-a257-4705-b491-6c056b8c5df7:c2632, a4f67574-9018-43e7-8a54-351e98dc3d0a:c2632]
2019-08-23 07:09:02,136 | INFO  | DNAudit | user=null | ip=null | op=WRITE_CHUNK {blockData=conID: 1 locID: 102665036895158797 bcsId: 2634} | ret=SUCCESS |  
2019-08-23 07:09:02,138 | INFO  | DNAudit | user=null | ip=null | op=WRITE_CHUNK {blockData=conID: 1 locID: 102665036895158797 bcsId: 2634} | ret=SUCCESS |  
2019-08-23 07:09:02,141 | INFO  | DNAudit | user=null | ip=null | op=WRITE_CHUNK {blockData=conID: 1 locID: 102665036895158797 bcsId: 2634} | ret=SUCCESS |  
2019-08-23 07:09:02,142 | INFO  | DNAudit | user=null | ip=null | op=WRITE_CHUNK {blockData=conID: 1 locID: 102665036895158797 bcsId: 2628} | ret=SUCCESS |  
2019-08-23 07:09:02,142 | INFO  | DNAudit | user=null | ip=null | op=WRITE_CHUNK {blockData=conID: 1 locID: 102665036895158797 bcsId: 2628} | ret=SUCCESS |  
2019-08-23 07:09:02,142 | INFO  | DNAudit | user=null | ip=null | op=PUT_BLOCK {blockData=[blockId=conID: 1 locID: 102665036895158797 bcsId: 0,size=3145728]} | ret=SUCCESS |  
2019-08-23 07:09:02,142 | INFO  | DNAudit | user=null | ip=null | op=PUT_BLOCK {blockData=[blockId=conID: 1 locID: 102665036895158797 bcsId: 0,size=3145728]} | ret=SUCCESS |  
2019-08-23 07:09:02,145 | INFO  | DNAudit | user=null | ip=null | op=WRITE_CHUNK {blockData=conID: 1 locID: 102665036895158797 bcsId: 2634} | ret=SUCCESS |  
2019-08-23 07:09:02,145 | INFO  | DNAudit | user=null | ip=null | op=PUT_BLOCK {blockData=[blockId=conID: 1 locID: 102665036895158797 bcsId: 0,size=4194304]} | ret=SUCCESS |  
2019-08-23 07:09:02,145 [grpc-default-executor-4] INFO  client.GrpcClientProtocolClient (GrpcClientProtocolClient.java:onNext(255)) - client-D91E5D1E15CE->f2ba01fc-a63e-4348-bd18-030b60a135e7: receive RaftClientReply:client-D91E5D1E15CE->f2ba01fc-a63e-4348-bd18-030b60a135e7@group-C8C62FEF0626, cid=1815, SUCCESS, logIndex=2636, commits[f2ba01fc-a63e-4348-bd18-030b60a135e7:c2637, eab135d4-a257-4705-b491-6c056b8c5df7:c2634, a4f67574-9018-43e7-8a54-351e98dc3d0a:c2634]
2019-08-23 07:09:02,145 [grpc-default-executor-4] INFO  client.GrpcClientProtocolClient (GrpcClientProtocolClient.java:onNext(255)) - client-D91E5D1E15CE->f2ba01fc-a63e-4348-bd18-030b60a135e7: receive RaftClientReply:client-D91E5D1E15CE->f2ba01fc-a63e-4348-bd18-030b60a135e7@group-C8C62FEF0626, cid=1816, SUCCESS, logIndex=2637, commits[f2ba01fc-a63e-4348-bd18-030b60a135e7:c2637, eab135d4-a257-4705-b491-6c056b8c5df7:c2634, a4f67574-9018-43e7-8a54-351e98dc3d0a:c2634]
2019-08-23 07:09:02,147 | INFO  | SCMAudit | user=jenkins1000 | ip=192.168.5.178 | op=SEND_HEARTBEAT {datanodeUUID=b7d3ecaa-ab76-49a0-b691-40b7e1ed625a, command=[]} | ret=SUCCESS |  
2019-08-23 07:09:02,156 | INFO  | DNAudit | user=null | ip=null | op=WRITE_CHUNK {blockData=conID: 1 locID: 102665036895158797 bcsId: 2634} | ret=SUCCESS |  
2019-08-23 07:09:02,156 | INFO  | DNAudit | user=null | ip=null | op=WRITE_CHUNK {blockData=conID: 1 locID: 102665036895158797 bcsId: 2634} | ret=SUCCESS |  
2019-08-23 07:09:02,159 | INFO  | DNAudit | user=null | ip=null | op=PUT_BLOCK {blockData=[blockId=conID: 1 locID: 102665036895158797 bcsId: 0,size=4194304]} | ret=SUCCESS |  
2019-08-23 07:09:02,159 | INFO  | DNAudit | user=null | ip=null | op=PUT_BLOCK {blockData=[blockId=conID: 1 locID: 102665036895158797 bcsId: 0,size=4194304]} | ret=SUCCESS |  
2019-08-23 07:09:02,160 [grpc-default-executor-4] INFO  client.GrpcClientProtocolClient (GrpcClientProtocolClient.java:onNext(255)) - client-D91E5D1E15CE->f2ba01fc-a63e-4348-bd18-030b60a135e7: receive RaftClientReply:client-D91E5D1E15CE->f2ba01fc-a63e-4348-bd18-030b60a135e7@group-C8C62FEF0626, cid=1817, SUCCESS, logIndex=0, commits[f2ba01fc-a63e-4348-bd18-030b60a135e7:c2639, eab135d4-a257-4705-b491-6c056b8c5df7:c2637, a4f67574-9018-43e7-8a54-351e98dc3d0a:c2637]
2019-08-23 07:09:02,164 | INFO  | SCMAudit | user=jenkins1000 | ip=192.168.5.178 | op=ALLOCATE_BLOCK {owner=aaf04d22-10dd-4717-8862-c651bdde72cf, size=4194304, type=RATIS, factor=THREE} | ret=SUCCESS |  
2019-08-23 07:09:02,167 | INFO  | OMAudit | user=jenkins1000 | ip=127.0.0.1 | op=ALLOCATE_BLOCK {volume=vol-0-67663, bucket=bucket-0-68950, key=key-0-26970, dataSize=0, replicationType=null, replicationFactor=null, keyLocationInfo=null, clientID=102665036030476690} | ret=SUCCESS |  
2019-08-23 07:09:02,173 | INFO  | DNAudit | user=null | ip=null | op=WRITE_CHUNK {blockData=conID: 2 locID: 102665036900860430 bcsId: 0} | ret=SUCCESS |  
2019-08-23 07:09:02,175 | INFO  | DNAudit | user=null | ip=null | op=WRITE_CHUNK {blockData=conID: 2 locID: 102665036900860430 bcsId: 0} | ret=SUCCESS |  
2019-08-23 07:09:02,175 | INFO  | DNAudit | user=null | ip=null | op=WRITE_CHUNK {blockData=conID: 2 locID: 102665036900860430 bcsId: 0} | ret=SUCCESS |  
2019-08-23 07:09:02,176 | INFO  | DNAudit | user=null | ip=null | op=WRITE_CHUNK {blockData=conID: 2 locID: 102665036900860430 bcsId: 0} | ret=SUCCESS |  
2019-08-23 07:09:02,178 | INFO  | DNAudit | user=null | ip=null | op=WRITE_CHUNK {blockData=conID: 2 locID: 102665036900860430 bcsId: 0} | ret=SUCCESS |  
2019-08-23 07:09:02,178 | INFO  | DNAudit | user=null | ip=null | op=WRITE_CHUNK {blockData=conID: 2 locID: 102665036900860430 bcsId: 0} | ret=SUCCESS |  
2019-08-23 07:09:02,186 | INFO  | DNAudit | user=null | ip=null | op=WRITE_CHUNK {blockData=conID: 2 locID: 102665036900860430 bcsId: 0} | ret=SUCCESS |  
2019-08-23 07:09:02,186 | INFO  | DNAudit | user=null | ip=null | op=PUT_BLOCK {blockData=[blockId=conID: 2 locID: 102665036900860430 bcsId: 0,size=1048576]} | ret=SUCCESS |  
2019-08-23 07:09:02,187 | INFO  | DNAudit | user=null | ip=null | op=WRITE_CHUNK {blockData=conID: 2 locID: 102665036900860430 bcsId: 0} | ret=SUCCESS |  
2019-08-23 07:09:02,187 [grpc-default-executor-2] INFO  client.GrpcClientProtocolClient (GrpcClientProtocolClient.java:onNext(255)) - client-D91E5D1E15CE->f2ba01fc-a63e-4348-bd18-030b60a135e7: receive RaftClientReply:client-D91E5D1E15CE->f2ba01fc-a63e-4348-bd18-030b60a135e7@group-C8C62FEF0626, cid=1818, SUCCESS, logIndex=2640, commits[f2ba01fc-a63e-4348-bd18-030b60a135e7:c2641, eab135d4-a257-4705-b491-6c056b8c5df7:c2639, a4f67574-9018-43e7-8a54-351e98dc3d0a:c2639]
2019-08-23 07:09:02,187 | INFO  | DNAudit | user=null | ip=null | op=PUT_BLOCK {blockData=[blockId=conID: 2 locID: 102665036900860430 bcsId: 0,size=2097152]} | ret=SUCCESS |  
2019-08-23 07:09:02,187 [grpc-default-executor-2] INFO  client.GrpcClientProtocolClient (GrpcClientProtocolClient.java:onNext(255)) - client-D91E5D1E15CE->f2ba01fc-a63e-4348-bd18-030b60a135e7: receive RaftClientReply:client-D91E5D1E15CE->f2ba01fc-a63e-4348-bd18-030b60a135e7@group-C8C62FEF0626, cid=1819, SUCCESS, logIndex=2641, commits[f2ba01fc-a63e-4348-bd18-030b60a135e7:c2641, eab135d4-a257-4705-b491-6c056b8c5df7:c2639, a4f67574-9018-43e7-8a54-351e98dc3d0a:c2639]
2019-08-23 07:09:02,188 [grpc-default-executor-2] INFO  client.GrpcClientProtocolClient (GrpcClientProtocolClient.java:onNext(255)) - client-D91E5D1E15CE->f2ba01fc-a63e-4348-bd18-030b60a135e7: receive RaftClientReply:client-D91E5D1E15CE->f2ba01fc-a63e-4348-bd18-030b60a135e7@group-C8C62FEF0626, cid=1820, SUCCESS, logIndex=2642, commits[f2ba01fc-a63e-4348-bd18-030b60a135e7:c2643, eab135d4-a257-4705-b491-6c056b8c5df7:c2639, a4f67574-9018-43e7-8a54-351e98dc3d0a:c2639]
2019-08-23 07:09:02,188 [grpc-default-executor-2] INFO  client.GrpcClientProtocolClient (GrpcClientProtocolClient.java:onNext(255)) - client-D91E5D1E15CE->f2ba01fc-a63e-4348-bd18-030b60a135e7: receive RaftClientReply:client-D91E5D1E15CE->f2ba01fc-a63e-4348-bd18-030b60a135e7@group-C8C62FEF0626, cid=1821, SUCCESS, logIndex=2643, commits[f2ba01fc-a63e-4348-bd18-030b60a135e7:c2643, eab135d4-a257-4705-b491-6c056b8c5df7:c2639, a4f67574-9018-43e7-8a54-351e98dc3d0a:c2639]
2019-08-23 07:09:02,188 | INFO  | DNAudit | user=null | ip=null | op=WRITE_CHUNK {blockData=conID: 2 locID: 102665036900860430 bcsId: 0} | ret=SUCCESS |  
2019-08-23 07:09:02,188 | INFO  | DNAudit | user=null | ip=null | op=PUT_BLOCK {blockData=[blockId=conID: 2 locID: 102665036900860430 bcsId: 0,size=1048576]} | ret=SUCCESS |  
2019-08-23 07:09:02,189 | INFO  | DNAudit | user=null | ip=null | op=WRITE_CHUNK {blockData=conID: 2 locID: 102665036900860430 bcsId: 0} | ret=SUCCESS |  
2019-08-23 07:09:02,189 | INFO  | DNAudit | user=null | ip=null | op=PUT_BLOCK {blockData=[blockId=conID: 2 locID: 102665036900860430 bcsId: 0,size=1048576]} | ret=SUCCESS |  
2019-08-23 07:09:02,189 [grpc-default-executor-2] INFO  client.GrpcClientProtocolClient (GrpcClientProtocolClient.java:onNext(255)) - client-D91E5D1E15CE->f2ba01fc-a63e-4348-bd18-030b60a135e7: receive RaftClientReply:client-D91E5D1E15CE->f2ba01fc-a63e-4348-bd18-030b60a135e7@group-C8C62FEF0626, cid=1822, SUCCESS, logIndex=0, commits[f2ba01fc-a63e-4348-bd18-030b60a135e7:c2645, eab135d4-a257-4705-b491-6c056b8c5df7:c2641, a4f67574-9018-43e7-8a54-351e98dc3d0a:c2641]
2019-08-23 07:09:02,190 | INFO  | DNAudit | user=null | ip=null | op=WRITE_CHUNK {blockData=conID: 2 locID: 102665036900860430 bcsId: 0} | ret=SUCCESS |  
2019-08-23 07:09:02,190 | INFO  | DNAudit | user=null | ip=null | op=WRITE_CHUNK {blockData=conID: 2 locID: 102665036900860430 bcsId: 0} | ret=SUCCESS |  
2019-08-23 07:09:02,190 | INFO  | DNAudit | user=null | ip=null | op=PUT_BLOCK {blockData=[blockId=conID: 2 locID: 102665036900860430 bcsId: 0,size=2097152]} | ret=SUCCESS |  
2019-08-23 07:09:02,190 | INFO  | DNAudit | user=null | ip=null | op=PUT_BLOCK {blockData=[blockId=conID: 2 locID: 102665036900860430 bcsId: 0,size=2097152]} | ret=SUCCESS |  
2019-08-23 07:09:02,195 | INFO  | DNAudit | user=null | ip=null | op=WRITE_CHUNK {blockData=conID: 2 locID: 102665036900860430 bcsId: 2643} | ret=SUCCESS |  
2019-08-23 07:09:02,196 | INFO  | DNAudit | user=null | ip=null | op=WRITE_CHUNK {blockData=conID: 2 locID: 102665036900860430 bcsId: 2643} | ret=SUCCESS |  
2019-08-23 07:09:02,197 | INFO  | DNAudit | user=null | ip=null | op=WRITE_CHUNK {blockData=conID: 2 locID: 102665036900860430 bcsId: 2643} | ret=SUCCESS |  
2019-08-23 07:09:02,199 | INFO  | DNAudit | user=null | ip=null | op=WRITE_CHUNK {blockData=conID: 2 locID: 102665036900860430 bcsId: 2643} | ret=SUCCESS |  
2019-08-23 07:09:02,199 | INFO  | DNAudit | user=null | ip=null | op=PUT_BLOCK {blockData=[blockId=conID: 2 locID: 102665036900860430 bcsId: 0,size=3145728]} | ret=SUCCESS |  
2019-08-23 07:09:02,199 [grpc-default-executor-0] INFO  client.GrpcClientProtocolClient (GrpcClientProtocolClient.java:onNext(255)) - client-D91E5D1E15CE->f2ba01fc-a63e-4348-bd18-030b60a135e7: receive RaftClientReply:client-D91E5D1E15CE->f2ba01fc-a63e-4348-bd18-030b60a135e7@group-C8C62FEF0626, cid=1823, SUCCESS, logIndex=2648, commits[f2ba01fc-a63e-4348-bd18-030b60a135e7:c2649, eab135d4-a257-4705-b491-6c056b8c5df7:c2647, a4f67574-9018-43e7-8a54-351e98dc3d0a:c2643]
2019-08-23 07:09:02,199 [grpc-default-executor-0] INFO  client.GrpcClientProtocolClient (GrpcClientProtocolClient.java:onNext(255)) - client-D91E5D1E15CE->f2ba01fc-a63e-4348-bd18-030b60a135e7: receive RaftClientReply:client-D91E5D1E15CE->f2ba01fc-a63e-4348-bd18-030b60a135e7@group-C8C62FEF0626, cid=1824, SUCCESS, logIndex=2649, commits[f2ba01fc-a63e-4348-bd18-030b60a135e7:c2649, eab135d4-a257-4705-b491-6c056b8c5df7:c2647, a4f67574-9018-43e7-8a54-351e98dc3d0a:c2647]
2019-08-23 07:09:02,200 | INFO  | DNAudit | user=null | ip=null | op=WRITE_CHUNK {blockData=conID: 2 locID: 102665036900860430 bcsId: 2643} | ret=SUCCESS |  
2019-08-23 07:09:02,200 | INFO  | DNAudit | user=null | ip=null | op=PUT_BLOCK {blockData=[blockId=conID: 2 locID: 102665036900860430 bcsId: 0,size=3145728]} | ret=SUCCESS |  
2019-08-23 07:09:02,200 | INFO  | DNAudit | user=null | ip=null | op=WRITE_CHUNK {blockData=conID: 2 locID: 102665036900860430 bcsId: 2643} | ret=SUCCESS |  
2019-08-23 07:09:02,201 | INFO  | DNAudit | user=null | ip=null | op=PUT_BLOCK {blockData=[blockId=conID: 2 locID: 102665036900860430 bcsId: 0,size=3145728]} | ret=SUCCESS |  
2019-08-23 07:09:02,727 | INFO  | SCMAudit | user=jenkins1000 | ip=192.168.5.178 | op=SEND_HEARTBEAT {datanodeUUID=f2ba01fc-a63e-4348-bd18-030b60a135e7, command=[]} | ret=SUCCESS |  
2019-08-23 07:09:02,727 | INFO  | SCMAudit | user=jenkins1000 | ip=192.168.5.178 | op=SEND_HEARTBEAT {datanodeUUID=a4f67574-9018-43e7-8a54-351e98dc3d0a, command=[]} | ret=SUCCESS |  
2019-08-23 07:09:02,727 | INFO  | SCMAudit | user=jenkins1000 | ip=192.168.5.178 | op=SEND_HEARTBEAT {datanodeUUID=eab135d4-a257-4705-b491-6c056b8c5df7, command=[]} | ret=SUCCESS |  
2019-08-23 07:09:02,728 | INFO  | DNAudit | user=null | ip=null | op=WRITE_CHUNK {blockData=conID: 2 locID: 102665036900860430 bcsId: 2649} | ret=SUCCESS |  
2019-08-23 07:09:02,731 | INFO  | DNAudit | user=null | ip=null | op=WRITE_CHUNK {blockData=conID: 2 locID: 102665036900860430 bcsId: 2649} | ret=SUCCESS |  
2019-08-23 07:09:02,732 | INFO  | DNAudit | user=null | ip=null | op=WRITE_CHUNK {blockData=conID: 2 locID: 102665036900860430 bcsId: 2649} | ret=SUCCESS |  
2019-08-23 07:09:02,740 | INFO  | DNAudit | user=null | ip=null | op=WRITE_CHUNK {blockData=conID: 2 locID: 102665036900860430 bcsId: 2649} | ret=SUCCESS |  
2019-08-23 07:09:02,741 | INFO  | DNAudit | user=null | ip=null | op=PUT_BLOCK {blockData=[blockId=conID: 2 locID: 102665036900860430 bcsId: 0,size=4194304]} | ret=SUCCESS |  
2019-08-23 07:09:02,741 [grpc-default-executor-0] INFO  client.GrpcClientProtocolClient (GrpcClientProtocolClient.java:onNext(255)) - client-D91E5D1E15CE->f2ba01fc-a63e-4348-bd18-030b60a135e7: receive RaftClientReply:client-D91E5D1E15CE->f2ba01fc-a63e-4348-bd18-030b60a135e7@group-C8C62FEF0626, cid=1825, SUCCESS, logIndex=2652, commits[f2ba01fc-a63e-4348-bd18-030b60a135e7:c2653, eab135d4-a257-4705-b491-6c056b8c5df7:c2651, a4f67574-9018-43e7-8a54-351e98dc3d0a:c2651]
2019-08-23 07:09:02,741 [grpc-default-executor-0] INFO  client.GrpcClientProtocolClient (GrpcClientProtocolClient.java:onNext(255)) - client-D91E5D1E15CE->f2ba01fc-a63e-4348-bd18-030b60a135e7: receive RaftClientReply:client-D91E5D1E15CE->f2ba01fc-a63e-4348-bd18-030b60a135e7@group-C8C62FEF0626, cid=1826, SUCCESS, logIndex=2653, commits[f2ba01fc-a63e-4348-bd18-030b60a135e7:c2653, eab135d4-a257-4705-b491-6c056b8c5df7:c2651, a4f67574-9018-43e7-8a54-351e98dc3d0a:c2651]
2019-08-23 07:09:02,752 | INFO  | DNAudit | user=null | ip=null | op=WRITE_CHUNK {blockData=conID: 2 locID: 102665036900860430 bcsId: 2649} | ret=SUCCESS |  
2019-08-23 07:09:02,752 | INFO  | DNAudit | user=null | ip=null | op=WRITE_CHUNK {blockData=conID: 2 locID: 102665036900860430 bcsId: 2649} | ret=SUCCESS |  
2019-08-23 07:09:02,752 | INFO  | DNAudit | user=null | ip=null | op=PUT_BLOCK {blockData=[blockId=conID: 2 locID: 102665036900860430 bcsId: 0,size=4194304]} | ret=SUCCESS |  
2019-08-23 07:09:02,752 | INFO  | DNAudit | user=null | ip=null | op=PUT_BLOCK {blockData=[blockId=conID: 2 locID: 102665036900860430 bcsId: 0,size=4194304]} | ret=SUCCESS |  
2019-08-23 07:09:02,752 [grpc-default-executor-2] INFO  client.GrpcClientProtocolClient (GrpcClientProtocolClient.java:onNext(255)) - client-D91E5D1E15CE->f2ba01fc-a63e-4348-bd18-030b60a135e7: receive RaftClientReply:client-D91E5D1E15CE->f2ba01fc-a63e-4348-bd18-030b60a135e7@group-C8C62FEF0626, cid=1827, SUCCESS, logIndex=0, commits[f2ba01fc-a63e-4348-bd18-030b60a135e7:c2653, eab135d4-a257-4705-b491-6c056b8c5df7:c2653, a4f67574-9018-43e7-8a54-351e98dc3d0a:c2653]
2019-08-23 07:09:02,756 | INFO  | SCMAudit | user=jenkins1000 | ip=192.168.5.178 | op=ALLOCATE_BLOCK {owner=aaf04d22-10dd-4717-8862-c651bdde72cf, size=4194304, type=RATIS, factor=THREE} | ret=SUCCESS |  
2019-08-23 07:09:02,758 | INFO  | OMAudit | user=jenkins1000 | ip=127.0.0.1 | op=ALLOCATE_BLOCK {volume=vol-0-67663, bucket=bucket-0-68950, key=key-0-26970, dataSize=0, replicationType=null, replicationFactor=null, keyLocationInfo=null, clientID=102665036030476690} | ret=SUCCESS |  
2019-08-23 07:09:02,767 | INFO  | DNAudit | user=null | ip=null | op=WRITE_CHUNK {blockData=conID: 3 locID: 102665036939657743 bcsId: 0} | ret=SUCCESS |  
2019-08-23 07:09:02,768 | INFO  | DNAudit | user=null | ip=null | op=WRITE_CHUNK {blockData=conID: 3 locID: 102665036939657743 bcsId: 0} | ret=SUCCESS |  
2019-08-23 07:09:02,769 | INFO  | DNAudit | user=null | ip=null | op=WRITE_CHUNK {blockData=conID: 3 locID: 102665036939657743 bcsId: 0} | ret=SUCCESS |  
2019-08-23 07:09:02,769 | INFO  | DNAudit | user=null | ip=null | op=WRITE_CHUNK {blockData=conID: 3 locID: 102665036939657743 bcsId: 0} | ret=SUCCESS |  
2019-08-23 07:09:02,770 | INFO  | DNAudit | user=null | ip=null | op=WRITE_CHUNK {blockData=conID: 3 locID: 102665036939657743 bcsId: 0} | ret=SUCCESS |  
2019-08-23 07:09:02,770 | INFO  | DNAudit | user=null | ip=null | op=WRITE_CHUNK {blockData=conID: 3 locID: 102665036939657743 bcsId: 0} | ret=SUCCESS |  
2019-08-23 07:09:02,780 | INFO  | DNAudit | user=null | ip=null | op=WRITE_CHUNK {blockData=conID: 3 locID: 102665036939657743 bcsId: 0} | ret=SUCCESS |  
2019-08-23 07:09:02,780 | INFO  | DNAudit | user=null | ip=null | op=PUT_BLOCK {blockData=[blockId=conID: 3 locID: 102665036939657743 bcsId: 0,size=1048576]} | ret=SUCCESS |  
2019-08-23 07:09:02,780 | INFO  | DNAudit | user=null | ip=null | op=WRITE_CHUNK {blockData=conID: 3 locID: 102665036939657743 bcsId: 0} | ret=SUCCESS |  
2019-08-23 07:09:02,780 [grpc-default-executor-0] INFO  client.GrpcClientProtocolClient (GrpcClientProtocolClient.java:onNext(255)) - client-D91E5D1E15CE->f2ba01fc-a63e-4348-bd18-030b60a135e7: receive RaftClientReply:client-D91E5D1E15CE->f2ba01fc-a63e-4348-bd18-030b60a135e7@group-C8C62FEF0626, cid=1828, SUCCESS, logIndex=2656, commits[f2ba01fc-a63e-4348-bd18-030b60a135e7:c2657, eab135d4-a257-4705-b491-6c056b8c5df7:c2655, a4f67574-9018-43e7-8a54-351e98dc3d0a:c2655]
2019-08-23 07:09:02,781 | INFO  | DNAudit | user=null | ip=null | op=PUT_BLOCK {blockData=[blockId=conID: 3 locID: 102665036939657743 bcsId: 0,size=2097152]} | ret=SUCCESS |  
2019-08-23 07:09:02,781 [grpc-default-executor-0] INFO  client.GrpcClientProtocolClient (GrpcClientProtocolClient.java:onNext(255)) - client-D91E5D1E15CE->f2ba01fc-a63e-4348-bd18-030b60a135e7: receive RaftClientReply:client-D91E5D1E15CE->f2ba01fc-a63e-4348-bd18-030b60a135e7@group-C8C62FEF0626, cid=1829, SUCCESS, logIndex=2657, commits[f2ba01fc-a63e-4348-bd18-030b60a135e7:c2659, eab135d4-a257-4705-b491-6c056b8c5df7:c2655, a4f67574-9018-43e7-8a54-351e98dc3d0a:c2655]
2019-08-23 07:09:02,781 [grpc-default-executor-0] INFO  client.GrpcClientProtocolClient (GrpcClientProtocolClient.java:onNext(255)) - client-D91E5D1E15CE->f2ba01fc-a63e-4348-bd18-030b60a135e7: receive RaftClientReply:client-D91E5D1E15CE->f2ba01fc-a63e-4348-bd18-030b60a135e7@group-C8C62FEF0626, cid=1830, SUCCESS, logIndex=2658, commits[f2ba01fc-a63e-4348-bd18-030b60a135e7:c2659, eab135d4-a257-4705-b491-6c056b8c5df7:c2655, a4f67574-9018-43e7-8a54-351e98dc3d0a:c2655]
2019-08-23 07:09:02,781 | INFO  | DNAudit | user=null | ip=null | op=WRITE_CHUNK {blockData=conID: 3 locID: 102665036939657743 bcsId: 0} | ret=SUCCESS |  
2019-08-23 07:09:02,782 | INFO  | DNAudit | user=null | ip=null | op=PUT_BLOCK {blockData=[blockId=conID: 3 locID: 102665036939657743 bcsId: 0,size=1048576]} | ret=SUCCESS |  
2019-08-23 07:09:02,782 [grpc-default-executor-0] INFO  client.GrpcClientProtocolClient (GrpcClientProtocolClient.java:onNext(255)) - client-D91E5D1E15CE->f2ba01fc-a63e-4348-bd18-030b60a135e7: receive RaftClientReply:client-D91E5D1E15CE->f2ba01fc-a63e-4348-bd18-030b60a135e7@group-C8C62FEF0626, cid=1831, SUCCESS, logIndex=2659, commits[f2ba01fc-a63e-4348-bd18-030b60a135e7:c2659, eab135d4-a257-4705-b491-6c056b8c5df7:c2655, a4f67574-9018-43e7-8a54-351e98dc3d0a:c2655]
2019-08-23 07:09:02,782 | INFO  | DNAudit | user=null | ip=null | op=WRITE_CHUNK {blockData=conID: 3 locID: 102665036939657743 bcsId: 0} | ret=SUCCESS |  
2019-08-23 07:09:02,782 | INFO  | DNAudit | user=null | ip=null | op=PUT_BLOCK {blockData=[blockId=conID: 3 locID: 102665036939657743 bcsId: 0,size=1048576]} | ret=SUCCESS |  
2019-08-23 07:09:02,783 [grpc-default-executor-0] INFO  client.GrpcClientProtocolClient (GrpcClientProtocolClient.java:onNext(255)) - client-D91E5D1E15CE->f2ba01fc-a63e-4348-bd18-030b60a135e7: receive RaftClientReply:client-D91E5D1E15CE->f2ba01fc-a63e-4348-bd18-030b60a135e7@group-C8C62FEF0626, cid=1832, SUCCESS, logIndex=0, commits[f2ba01fc-a63e-4348-bd18-030b60a135e7:c2661, eab135d4-a257-4705-b491-6c056b8c5df7:c2657, a4f67574-9018-43e7-8a54-351e98dc3d0a:c2657]
2019-08-23 07:09:02,783 | INFO  | DNAudit | user=null | ip=null | op=WRITE_CHUNK {blockData=conID: 3 locID: 102665036939657743 bcsId: 0} | ret=SUCCESS |  
2019-08-23 07:09:02,783 | INFO  | DNAudit | user=null | ip=null | op=WRITE_CHUNK {blockData=conID: 3 locID: 102665036939657743 bcsId: 0} | ret=SUCCESS |  
2019-08-23 07:09:02,783 | INFO  | DNAudit | user=null | ip=null | op=PUT_BLOCK {blockData=[blockId=conID: 3 locID: 102665036939657743 bcsId: 0,size=2097152]} | ret=SUCCESS |  
2019-08-23 07:09:02,783 | INFO  | DNAudit | user=null | ip=null | op=PUT_BLOCK {blockData=[blockId=conID: 3 locID: 102665036939657743 bcsId: 0,size=2097152]} | ret=SUCCESS |  
2019-08-23 07:09:02,788 | INFO  | DNAudit | user=null | ip=null | op=WRITE_CHUNK {blockData=conID: 3 locID: 102665036939657743 bcsId: 2659} | ret=SUCCESS |  
2019-08-23 07:09:02,791 | INFO  | DNAudit | user=null | ip=null | op=WRITE_CHUNK {blockData=conID: 3 locID: 102665036939657743 bcsId: 2659} | ret=SUCCESS |  
2019-08-23 07:09:02,791 | INFO  | DNAudit | user=null | ip=null | op=WRITE_CHUNK {blockData=conID: 3 locID: 102665036939657743 bcsId: 2659} | ret=SUCCESS |  
2019-08-23 07:09:02,801 | INFO  | DNAudit | user=null | ip=null | op=WRITE_CHUNK {blockData=conID: 3 locID: 102665036939657743 bcsId: 2659} | ret=SUCCESS |  
2019-08-23 07:09:02,801 | INFO  | DNAudit | user=null | ip=null | op=PUT_BLOCK {blockData=[blockId=conID: 3 locID: 102665036939657743 bcsId: 0,size=3145728]} | ret=SUCCESS |  
2019-08-23 07:09:02,801 [grpc-default-executor-4] INFO  client.GrpcClientProtocolClient (GrpcClientProtocolClient.java:onNext(255)) - client-D91E5D1E15CE->f2ba01fc-a63e-4348-bd18-030b60a135e7: receive RaftClientReply:client-D91E5D1E15CE->f2ba01fc-a63e-4348-bd18-030b60a135e7@group-C8C62FEF0626, cid=1833, SUCCESS, logIndex=2663, commits[f2ba01fc-a63e-4348-bd18-030b60a135e7:c2664, eab135d4-a257-4705-b491-6c056b8c5df7:c2662, a4f67574-9018-43e7-8a54-351e98dc3d0a:c2662]
2019-08-23 07:09:02,802 [grpc-default-executor-4] INFO  client.GrpcClientProtocolClient (GrpcClientProtocolClient.java:onNext(255)) - client-D91E5D1E15CE->f2ba01fc-a63e-4348-bd18-030b60a135e7: receive RaftClientReply:client-D91E5D1E15CE->f2ba01fc-a63e-4348-bd18-030b60a135e7@group-C8C62FEF0626, cid=1834, SUCCESS, logIndex=2664, commits[f2ba01fc-a63e-4348-bd18-030b60a135e7:c2664, eab135d4-a257-4705-b491-6c056b8c5df7:c2662, a4f67574-9018-43e7-8a54-351e98dc3d0a:c2662]
2019-08-23 07:09:02,812 | INFO  | DNAudit | user=null | ip=null | op=WRITE_CHUNK {blockData=conID: 3 locID: 102665036939657743 bcsId: 2664} | ret=SUCCESS |  
2019-08-23 07:09:02,812 | INFO  | DNAudit | user=null | ip=null | op=WRITE_CHUNK {blockData=conID: 3 locID: 102665036939657743 bcsId: 2659} | ret=SUCCESS |  
2019-08-23 07:09:02,812 | INFO  | DNAudit | user=null | ip=null | op=WRITE_CHUNK {blockData=conID: 3 locID: 102665036939657743 bcsId: 2659} | ret=SUCCESS |  
2019-08-23 07:09:02,813 | INFO  | DNAudit | user=null | ip=null | op=PUT_BLOCK {blockData=[blockId=conID: 3 locID: 102665036939657743 bcsId: 0,size=3145728]} | ret=SUCCESS |  
2019-08-23 07:09:02,814 | INFO  | DNAudit | user=null | ip=null | op=PUT_BLOCK {blockData=[blockId=conID: 3 locID: 102665036939657743 bcsId: 0,size=3145728]} | ret=SUCCESS |  
2019-08-23 07:09:02,814 | INFO  | DNAudit | user=null | ip=null | op=WRITE_CHUNK {blockData=conID: 3 locID: 102665036939657743 bcsId: 2664} | ret=SUCCESS |  
2019-08-23 07:09:02,814 | INFO  | DNAudit | user=null | ip=null | op=WRITE_CHUNK {blockData=conID: 3 locID: 102665036939657743 bcsId: 2664} | ret=SUCCESS |  
2019-08-23 07:09:02,826 | INFO  | DNAudit | user=null | ip=null | op=WRITE_CHUNK {blockData=conID: 3 locID: 102665036939657743 bcsId: 2664} | ret=SUCCESS |  
2019-08-23 07:09:02,826 | INFO  | DNAudit | user=null | ip=null | op=PUT_BLOCK {blockData=[blockId=conID: 3 locID: 102665036939657743 bcsId: 0,size=4194304]} | ret=SUCCESS |  
2019-08-23 07:09:02,826 [grpc-default-executor-4] INFO  client.GrpcClientProtocolClient (GrpcClientProtocolClient.java:onNext(255)) - client-D91E5D1E15CE->f2ba01fc-a63e-4348-bd18-030b60a135e7: receive RaftClientReply:client-D91E5D1E15CE->f2ba01fc-a63e-4348-bd18-030b60a135e7@group-C8C62FEF0626, cid=1835, SUCCESS, logIndex=2667, commits[f2ba01fc-a63e-4348-bd18-030b60a135e7:c2668, eab135d4-a257-4705-b491-6c056b8c5df7:c2664, a4f67574-9018-43e7-8a54-351e98dc3d0a:c2664]
2019-08-23 07:09:02,827 [grpc-default-executor-4] INFO  client.GrpcClientProtocolClient (GrpcClientProtocolClient.java:onNext(255)) - client-D91E5D1E15CE->f2ba01fc-a63e-4348-bd18-030b60a135e7: receive RaftClientReply:client-D91E5D1E15CE->f2ba01fc-a63e-4348-bd18-030b60a135e7@group-C8C62FEF0626, cid=1836, SUCCESS, logIndex=2668, commits[f2ba01fc-a63e-4348-bd18-030b60a135e7:c2668, eab135d4-a257-4705-b491-6c056b8c5df7:c2664, a4f67574-9018-43e7-8a54-351e98dc3d0a:c2664]
2019-08-23 07:09:02,828 | INFO  | DNAudit | user=null | ip=null | op=WRITE_CHUNK {blockData=conID: 3 locID: 102665036939657743 bcsId: 2664} | ret=SUCCESS |  
2019-08-23 07:09:02,828 | INFO  | DNAudit | user=null | ip=null | op=WRITE_CHUNK {blockData=conID: 3 locID: 102665036939657743 bcsId: 2664} | ret=SUCCESS |  
2019-08-23 07:09:02,829 | INFO  | DNAudit | user=null | ip=null | op=PUT_BLOCK {blockData=[blockId=conID: 3 locID: 102665036939657743 bcsId: 0,size=4194304]} | ret=SUCCESS |  
2019-08-23 07:09:02,829 | INFO  | DNAudit | user=null | ip=null | op=PUT_BLOCK {blockData=[blockId=conID: 3 locID: 102665036939657743 bcsId: 0,size=4194304]} | ret=SUCCESS |  
2019-08-23 07:09:02,829 [grpc-default-executor-0] INFO  client.GrpcClientProtocolClient (GrpcClientProtocolClient.java:onNext(255)) - client-D91E5D1E15CE->f2ba01fc-a63e-4348-bd18-030b60a135e7: receive RaftClientReply:client-D91E5D1E15CE->f2ba01fc-a63e-4348-bd18-030b60a135e7@group-C8C62FEF0626, cid=1837, SUCCESS, logIndex=0, commits[f2ba01fc-a63e-4348-bd18-030b60a135e7:c2669, eab135d4-a257-4705-b491-6c056b8c5df7:c2668, a4f67574-9018-43e7-8a54-351e98dc3d0a:c2668]
2019-08-23 07:09:02,833 | INFO  | SCMAudit | user=jenkins1000 | ip=192.168.5.178 | op=ALLOCATE_BLOCK {owner=aaf04d22-10dd-4717-8862-c651bdde72cf, size=4194304, type=RATIS, factor=THREE} | ret=SUCCESS |  
2019-08-23 07:09:02,836 | INFO  | OMAudit | user=jenkins1000 | ip=127.0.0.1 | op=ALLOCATE_BLOCK {volume=vol-0-67663, bucket=bucket-0-68950, key=key-0-26970, dataSize=0, replicationType=null, replicationFactor=null, keyLocationInfo=null, clientID=102665036030476690} | ret=SUCCESS |  
2019-08-23 07:09:02,842 | INFO  | DNAudit | user=null | ip=null | op=WRITE_CHUNK {blockData=conID: 1 locID: 102665036944704016 bcsId: 0} | ret=SUCCESS |  
2019-08-23 07:09:02,844 | INFO  | DNAudit | user=null | ip=null | op=WRITE_CHUNK {blockData=conID: 1 locID: 102665036944704016 bcsId: 0} | ret=SUCCESS |  
2019-08-23 07:09:02,845 | INFO  | DNAudit | user=null | ip=null | op=WRITE_CHUNK {blockData=conID: 1 locID: 102665036944704016 bcsId: 0} | ret=SUCCESS |  
2019-08-23 07:09:02,846 | INFO  | DNAudit | user=null | ip=null | op=WRITE_CHUNK {blockData=conID: 1 locID: 102665036944704016 bcsId: 0} | ret=SUCCESS |  
2019-08-23 07:09:02,847 | INFO  | DNAudit | user=null | ip=null | op=WRITE_CHUNK {blockData=conID: 1 locID: 102665036944704016 bcsId: 0} | ret=SUCCESS |  
2019-08-23 07:09:02,847 | INFO  | DNAudit | user=null | ip=null | op=WRITE_CHUNK {blockData=conID: 1 locID: 102665036944704016 bcsId: 0} | ret=SUCCESS |  
2019-08-23 07:09:02,854 | INFO  | DNAudit | user=null | ip=null | op=WRITE_CHUNK {blockData=conID: 1 locID: 102665036944704016 bcsId: 0} | ret=SUCCESS |  
2019-08-23 07:09:02,854 | INFO  | DNAudit | user=null | ip=null | op=PUT_BLOCK {blockData=[blockId=conID: 1 locID: 102665036944704016 bcsId: 0,size=1048576]} | ret=SUCCESS |  
2019-08-23 07:09:02,854 | INFO  | DNAudit | user=null | ip=null | op=WRITE_CHUNK {blockData=conID: 1 locID: 102665036944704016 bcsId: 0} | ret=SUCCESS |  
2019-08-23 07:09:02,854 [grpc-default-executor-3] INFO  client.GrpcClientProtocolClient (GrpcClientProtocolClient.java:onNext(255)) - client-D91E5D1E15CE->f2ba01fc-a63e-4348-bd18-030b60a135e7: receive RaftClientReply:client-D91E5D1E15CE->f2ba01fc-a63e-4348-bd18-030b60a135e7@group-C8C62FEF0626, cid=1838, SUCCESS, logIndex=2670, commits[f2ba01fc-a63e-4348-bd18-030b60a135e7:c2671, eab135d4-a257-4705-b491-6c056b8c5df7:c2669, a4f67574-9018-43e7-8a54-351e98dc3d0a:c2669]
2019-08-23 07:09:02,855 | INFO  | DNAudit | user=null | ip=null | op=PUT_BLOCK {blockData=[blockId=conID: 1 locID: 102665036944704016 bcsId: 0,size=2097152]} | ret=SUCCESS |  
2019-08-23 07:09:02,855 [grpc-default-executor-3] INFO  client.GrpcClientProtocolClient (GrpcClientProtocolClient.java:onNext(255)) - client-D91E5D1E15CE->f2ba01fc-a63e-4348-bd18-030b60a135e7: receive RaftClientReply:client-D91E5D1E15CE->f2ba01fc-a63e-4348-bd18-030b60a135e7@group-C8C62FEF0626, cid=1839, SUCCESS, logIndex=2671, commits[f2ba01fc-a63e-4348-bd18-030b60a135e7:c2673, eab135d4-a257-4705-b491-6c056b8c5df7:c2669, a4f67574-9018-43e7-8a54-351e98dc3d0a:c2669]
2019-08-23 07:09:02,855 [grpc-default-executor-3] INFO  client.GrpcClientProtocolClient (GrpcClientProtocolClient.java:onNext(255)) - client-D91E5D1E15CE->f2ba01fc-a63e-4348-bd18-030b60a135e7: receive RaftClientReply:client-D91E5D1E15CE->f2ba01fc-a63e-4348-bd18-030b60a135e7@group-C8C62FEF0626, cid=1840, SUCCESS, logIndex=2672, commits[f2ba01fc-a63e-4348-bd18-030b60a135e7:c2673, eab135d4-a257-4705-b491-6c056b8c5df7:c2669, a4f67574-9018-43e7-8a54-351e98dc3d0a:c2669]
2019-08-23 07:09:02,855 [grpc-default-executor-3] INFO  client.GrpcClientProtocolClient (GrpcClientProtocolClient.java:onNext(255)) - client-D91E5D1E15CE->f2ba01fc-a63e-4348-bd18-030b60a135e7: receive RaftClientReply:client-D91E5D1E15CE->f2ba01fc-a63e-4348-bd18-030b60a135e7@group-C8C62FEF0626, cid=1841, SUCCESS, logIndex=2673, commits[f2ba01fc-a63e-4348-bd18-030b60a135e7:c2673, eab135d4-a257-4705-b491-6c056b8c5df7:c2669, a4f67574-9018-43e7-8a54-351e98dc3d0a:c2669]
2019-08-23 07:09:02,856 | INFO  | DNAudit | user=null | ip=null | op=WRITE_CHUNK {blockData=conID: 1 locID: 102665036944704016 bcsId: 0} | ret=SUCCESS |  
2019-08-23 07:09:02,856 | INFO  | DNAudit | user=null | ip=null | op=PUT_BLOCK {blockData=[blockId=conID: 1 locID: 102665036944704016 bcsId: 0,size=1048576]} | ret=SUCCESS |  
2019-08-23 07:09:02,856 | INFO  | DNAudit | user=null | ip=null | op=WRITE_CHUNK {blockData=conID: 1 locID: 102665036944704016 bcsId: 0} | ret=SUCCESS |  
2019-08-23 07:09:02,856 | INFO  | DNAudit | user=null | ip=null | op=PUT_BLOCK {blockData=[blockId=conID: 1 locID: 102665036944704016 bcsId: 0,size=1048576]} | ret=SUCCESS |  
2019-08-23 07:09:02,857 | INFO  | DNAudit | user=null | ip=null | op=WRITE_CHUNK {blockData=conID: 1 locID: 102665036944704016 bcsId: 0} | ret=SUCCESS |  
2019-08-23 07:09:02,857 [grpc-default-executor-2] INFO  client.GrpcClientProtocolClient (GrpcClientProtocolClient.java:onNext(255)) - client-D91E5D1E15CE->f2ba01fc-a63e-4348-bd18-030b60a135e7: receive RaftClientReply:client-D91E5D1E15CE->f2ba01fc-a63e-4348-bd18-030b60a135e7@group-C8C62FEF0626, cid=1842, SUCCESS, logIndex=0, commits[f2ba01fc-a63e-4348-bd18-030b60a135e7:c2674, eab135d4-a257-4705-b491-6c056b8c5df7:c2671, a4f67574-9018-43e7-8a54-351e98dc3d0a:c2671]
2019-08-23 07:09:02,857 | INFO  | DNAudit | user=null | ip=null | op=PUT_BLOCK {blockData=[blockId=conID: 1 locID: 102665036944704016 bcsId: 0,size=2097152]} | ret=SUCCESS |  
2019-08-23 07:09:02,857 | INFO  | DNAudit | user=null | ip=null | op=WRITE_CHUNK {blockData=conID: 1 locID: 102665036944704016 bcsId: 0} | ret=SUCCESS |  
2019-08-23 07:09:02,857 | INFO  | DNAudit | user=null | ip=null | op=PUT_BLOCK {blockData=[blockId=conID: 1 locID: 102665036944704016 bcsId: 0,size=2097152]} | ret=SUCCESS |  
2019-08-23 07:09:02,861 | INFO  | DNAudit | user=null | ip=null | op=WRITE_CHUNK {blockData=conID: 1 locID: 102665036944704016 bcsId: 2673} | ret=SUCCESS |  
2019-08-23 07:09:02,863 | INFO  | DNAudit | user=null | ip=null | op=WRITE_CHUNK {blockData=conID: 1 locID: 102665036944704016 bcsId: 2673} | ret=SUCCESS |  
2019-08-23 07:09:02,863 | INFO  | DNAudit | user=null | ip=null | op=WRITE_CHUNK {blockData=conID: 1 locID: 102665036944704016 bcsId: 2673} | ret=SUCCESS |  
2019-08-23 07:09:02,875 | INFO  | DNAudit | user=null | ip=null | op=WRITE_CHUNK {blockData=conID: 1 locID: 102665036944704016 bcsId: 2673} | ret=SUCCESS |  
2019-08-23 07:09:02,875 | INFO  | DNAudit | user=null | ip=null | op=PUT_BLOCK {blockData=[blockId=conID: 1 locID: 102665036944704016 bcsId: 0,size=3145728]} | ret=SUCCESS |  
2019-08-23 07:09:02,875 [grpc-default-executor-4] INFO  client.GrpcClientProtocolClient (GrpcClientProtocolClient.java:onNext(255)) - client-D91E5D1E15CE->f2ba01fc-a63e-4348-bd18-030b60a135e7: receive RaftClientReply:client-D91E5D1E15CE->f2ba01fc-a63e-4348-bd18-030b60a135e7@group-C8C62FEF0626, cid=1843, SUCCESS, logIndex=2678, commits[f2ba01fc-a63e-4348-bd18-030b60a135e7:c2679, eab135d4-a257-4705-b491-6c056b8c5df7:c2677, a4f67574-9018-43e7-8a54-351e98dc3d0a:c2677]
2019-08-23 07:09:02,876 [grpc-default-executor-4] INFO  client.GrpcClientProtocolClient (GrpcClientProtocolClient.java:onNext(255)) - client-D91E5D1E15CE->f2ba01fc-a63e-4348-bd18-030b60a135e7: receive RaftClientReply:client-D91E5D1E15CE->f2ba01fc-a63e-4348-bd18-030b60a135e7@group-C8C62FEF0626, cid=1844, SUCCESS, logIndex=2679, commits[f2ba01fc-a63e-4348-bd18-030b60a135e7:c2679, eab135d4-a257-4705-b491-6c056b8c5df7:c2677, a4f67574-9018-43e7-8a54-351e98dc3d0a:c2677]
2019-08-23 07:09:02,882 | INFO  | DNAudit | user=null | ip=null | op=WRITE_CHUNK {blockData=conID: 1 locID: 102665036944704016 bcsId: 2679} | ret=SUCCESS |  
2019-08-23 07:09:02,883 | INFO  | DNAudit | user=null | ip=null | op=WRITE_CHUNK {blockData=conID: 1 locID: 102665036944704016 bcsId: 2679} | ret=SUCCESS |  
2019-08-23 07:09:02,884 | INFO  | DNAudit | user=null | ip=null | op=WRITE_CHUNK {blockData=conID: 1 locID: 102665036944704016 bcsId: 2679} | ret=SUCCESS |  
2019-08-23 07:09:02,886 | INFO  | DNAudit | user=null | ip=null | op=WRITE_CHUNK {blockData=conID: 1 locID: 102665036944704016 bcsId: 2673} | ret=SUCCESS |  
2019-08-23 07:09:02,886 | INFO  | DNAudit | user=null | ip=null | op=WRITE_CHUNK {blockData=conID: 1 locID: 102665036944704016 bcsId: 2673} | ret=SUCCESS |  
2019-08-23 07:09:02,886 | INFO  | DNAudit | user=null | ip=null | op=PUT_BLOCK {blockData=[blockId=conID: 1 locID: 102665036944704016 bcsId: 0,size=3145728]} | ret=SUCCESS |  
2019-08-23 07:09:02,886 | INFO  | DNAudit | user=null | ip=null | op=PUT_BLOCK {blockData=[blockId=conID: 1 locID: 102665036944704016 bcsId: 0,size=3145728]} | ret=SUCCESS |  
2019-08-23 07:09:02,890 | INFO  | DNAudit | user=null | ip=null | op=WRITE_CHUNK {blockData=conID: 1 locID: 102665036944704016 bcsId: 2679} | ret=SUCCESS |  
2019-08-23 07:09:02,891 | INFO  | DNAudit | user=null | ip=null | op=PUT_BLOCK {blockData=[blockId=conID: 1 locID: 102665036944704016 bcsId: 0,size=4194304]} | ret=SUCCESS |  
2019-08-23 07:09:02,891 [grpc-default-executor-0] INFO  client.GrpcClientProtocolClient (GrpcClientProtocolClient.java:onNext(255)) - client-D91E5D1E15CE->f2ba01fc-a63e-4348-bd18-030b60a135e7: receive RaftClientReply:client-D91E5D1E15CE->f2ba01fc-a63e-4348-bd18-030b60a135e7@group-C8C62FEF0626, cid=1845, SUCCESS, logIndex=2681, commits[f2ba01fc-a63e-4348-bd18-030b60a135e7:c2682, eab135d4-a257-4705-b491-6c056b8c5df7:c2679, a4f67574-9018-43e7-8a54-351e98dc3d0a:c2679]
2019-08-23 07:09:02,891 [grpc-default-executor-0] INFO  client.GrpcClientProtocolClient (GrpcClientProtocolClient.java:onNext(255)) - client-D91E5D1E15CE->f2ba01fc-a63e-4348-bd18-030b60a135e7: receive RaftClientReply:client-D91E5D1E15CE->f2ba01fc-a63e-4348-bd18-030b60a135e7@group-C8C62FEF0626, cid=1846, SUCCESS, logIndex=2682, commits[f2ba01fc-a63e-4348-bd18-030b60a135e7:c2682, eab135d4-a257-4705-b491-6c056b8c5df7:c2679, a4f67574-9018-43e7-8a54-351e98dc3d0a:c2679]
2019-08-23 07:09:02,902 | INFO  | DNAudit | user=null | ip=null | op=WRITE_CHUNK {blockData=conID: 1 locID: 102665036944704016 bcsId: 2679} | ret=SUCCESS |  
2019-08-23 07:09:02,902 | INFO  | DNAudit | user=null | ip=null | op=WRITE_CHUNK {blockData=conID: 1 locID: 102665036944704016 bcsId: 2679} | ret=SUCCESS |  
2019-08-23 07:09:02,903 | INFO  | DNAudit | user=null | ip=null | op=PUT_BLOCK {blockData=[blockId=conID: 1 locID: 102665036944704016 bcsId: 0,size=4194304]} | ret=SUCCESS |  
2019-08-23 07:09:02,903 | INFO  | DNAudit | user=null | ip=null | op=PUT_BLOCK {blockData=[blockId=conID: 1 locID: 102665036944704016 bcsId: 0,size=4194304]} | ret=SUCCESS |  
2019-08-23 07:09:02,903 [grpc-default-executor-4] INFO  client.GrpcClientProtocolClient (GrpcClientProtocolClient.java:onNext(255)) - client-D91E5D1E15CE->f2ba01fc-a63e-4348-bd18-030b60a135e7: receive RaftClientReply:client-D91E5D1E15CE->f2ba01fc-a63e-4348-bd18-030b60a135e7@group-C8C62FEF0626, cid=1847, SUCCESS, logIndex=0, commits[f2ba01fc-a63e-4348-bd18-030b60a135e7:c2682, eab135d4-a257-4705-b491-6c056b8c5df7:c2682, a4f67574-9018-43e7-8a54-351e98dc3d0a:c2682]
2019-08-23 07:09:02,908 | INFO  | SCMAudit | user=jenkins1000 | ip=192.168.5.178 | op=ALLOCATE_BLOCK {owner=aaf04d22-10dd-4717-8862-c651bdde72cf, size=4194304, type=RATIS, factor=THREE} | ret=SUCCESS |  
2019-08-23 07:09:02,911 | INFO  | OMAudit | user=jenkins1000 | ip=127.0.0.1 | op=ALLOCATE_BLOCK {volume=vol-0-67663, bucket=bucket-0-68950, key=key-0-26970, dataSize=0, replicationType=null, replicationFactor=null, keyLocationInfo=null, clientID=102665036030476690} | ret=SUCCESS |  
2019-08-23 07:09:02,917 | INFO  | DNAudit | user=null | ip=null | op=WRITE_CHUNK {blockData=conID: 2 locID: 102665036949619217 bcsId: 0} | ret=SUCCESS |  
2019-08-23 07:09:02,919 | INFO  | DNAudit | user=null | ip=null | op=WRITE_CHUNK {blockData=conID: 2 locID: 102665036949619217 bcsId: 0} | ret=SUCCESS |  
2019-08-23 07:09:02,919 | INFO  | DNAudit | user=null | ip=null | op=WRITE_CHUNK {blockData=conID: 2 locID: 102665036949619217 bcsId: 0} | ret=SUCCESS |  
2019-08-23 07:09:02,920 | INFO  | DNAudit | user=null | ip=null | op=WRITE_CHUNK {blockData=conID: 2 locID: 102665036949619217 bcsId: 0} | ret=SUCCESS |  
2019-08-23 07:09:02,921 | INFO  | DNAudit | user=null | ip=null | op=WRITE_CHUNK {blockData=conID: 2 locID: 102665036949619217 bcsId: 0} | ret=SUCCESS |  
2019-08-23 07:09:02,921 | INFO  | DNAudit | user=null | ip=null | op=WRITE_CHUNK {blockData=conID: 2 locID: 102665036949619217 bcsId: 0} | ret=SUCCESS |  
2019-08-23 07:09:02,922 | INFO  | DNAudit | user=null | ip=null | op=WRITE_CHUNK {blockData=conID: 2 locID: 102665036949619217 bcsId: 0} | ret=SUCCESS |  
2019-08-23 07:09:02,922 | INFO  | DNAudit | user=null | ip=null | op=PUT_BLOCK {blockData=[blockId=conID: 2 locID: 102665036949619217 bcsId: 0,size=1048576]} | ret=SUCCESS |  
2019-08-23 07:09:02,922 [grpc-default-executor-2] INFO  client.GrpcClientProtocolClient (GrpcClientProtocolClient.java:onNext(255)) - client-D91E5D1E15CE->f2ba01fc-a63e-4348-bd18-030b60a135e7: receive RaftClientReply:client-D91E5D1E15CE->f2ba01fc-a63e-4348-bd18-030b60a135e7@group-C8C62FEF0626, cid=1848, SUCCESS, logIndex=2684, commits[f2ba01fc-a63e-4348-bd18-030b60a135e7:c2685, eab135d4-a257-4705-b491-6c056b8c5df7:c2682, a4f67574-9018-43e7-8a54-351e98dc3d0a:c2683]
2019-08-23 07:09:02,922 | INFO  | DNAudit | user=null | ip=null | op=WRITE_CHUNK {blockData=conID: 2 locID: 102665036949619217 bcsId: 0} | ret=SUCCESS |  
2019-08-23 07:09:02,922 [grpc-default-executor-2] INFO  client.GrpcClientProtocolClient (GrpcClientProtocolClient.java:onNext(255)) - client-D91E5D1E15CE->f2ba01fc-a63e-4348-bd18-030b60a135e7: receive RaftClientReply:client-D91E5D1E15CE->f2ba01fc-a63e-4348-bd18-030b60a135e7@group-C8C62FEF0626, cid=1849, SUCCESS, logIndex=2685, commits[f2ba01fc-a63e-4348-bd18-030b60a135e7:c2685, eab135d4-a257-4705-b491-6c056b8c5df7:c2682, a4f67574-9018-43e7-8a54-351e98dc3d0a:c2683]
2019-08-23 07:09:02,923 | INFO  | DNAudit | user=null | ip=null | op=PUT_BLOCK {blockData=[blockId=conID: 2 locID: 102665036949619217 bcsId: 0,size=2097152]} | ret=SUCCESS |  
2019-08-23 07:09:02,923 [grpc-default-executor-2] INFO  client.GrpcClientProtocolClient (GrpcClientProtocolClient.java:onNext(255)) - client-D91E5D1E15CE->f2ba01fc-a63e-4348-bd18-030b60a135e7: receive RaftClientReply:client-D91E5D1E15CE->f2ba01fc-a63e-4348-bd18-030b60a135e7@group-C8C62FEF0626, cid=1850, SUCCESS, logIndex=2686, commits[f2ba01fc-a63e-4348-bd18-030b60a135e7:c2687, eab135d4-a257-4705-b491-6c056b8c5df7:c2682, a4f67574-9018-43e7-8a54-351e98dc3d0a:c2683]
2019-08-23 07:09:02,923 [grpc-default-executor-2] INFO  client.GrpcClientProtocolClient (GrpcClientProtocolClient.java:onNext(255)) - client-D91E5D1E15CE->f2ba01fc-a63e-4348-bd18-030b60a135e7: receive RaftClientReply:client-D91E5D1E15CE->f2ba01fc-a63e-4348-bd18-030b60a135e7@group-C8C62FEF0626, cid=1851, SUCCESS, logIndex=2687, commits[f2ba01fc-a63e-4348-bd18-030b60a135e7:c2687, eab135d4-a257-4705-b491-6c056b8c5df7:c2683, a4f67574-9018-43e7-8a54-351e98dc3d0a:c2683]
2019-08-23 07:09:02,923 | INFO  | DNAudit | user=null | ip=null | op=WRITE_CHUNK {blockData=conID: 2 locID: 102665036949619217 bcsId: 0} | ret=SUCCESS |  
2019-08-23 07:09:02,924 | INFO  | DNAudit | user=null | ip=null | op=PUT_BLOCK {blockData=[blockId=conID: 2 locID: 102665036949619217 bcsId: 0,size=1048576]} | ret=SUCCESS |  
2019-08-23 07:09:02,925 | INFO  | DNAudit | user=null | ip=null | op=WRITE_CHUNK {blockData=conID: 2 locID: 102665036949619217 bcsId: 0} | ret=SUCCESS |  
2019-08-23 07:09:02,925 | INFO  | DNAudit | user=null | ip=null | op=PUT_BLOCK {blockData=[blockId=conID: 2 locID: 102665036949619217 bcsId: 0,size=1048576]} | ret=SUCCESS |  
2019-08-23 07:09:02,925 | INFO  | DNAudit | user=null | ip=null | op=WRITE_CHUNK {blockData=conID: 2 locID: 102665036949619217 bcsId: 0} | ret=SUCCESS |  
2019-08-23 07:09:02,925 [grpc-default-executor-0] INFO  client.GrpcClientProtocolClient (GrpcClientProtocolClient.java:onNext(255)) - client-D91E5D1E15CE->f2ba01fc-a63e-4348-bd18-030b60a135e7: receive RaftClientReply:client-D91E5D1E15CE->f2ba01fc-a63e-4348-bd18-030b60a135e7@group-C8C62FEF0626, cid=1852, SUCCESS, logIndex=0, commits[f2ba01fc-a63e-4348-bd18-030b60a135e7:c2689, eab135d4-a257-4705-b491-6c056b8c5df7:c2685, a4f67574-9018-43e7-8a54-351e98dc3d0a:c2685]
2019-08-23 07:09:02,925 | INFO  | DNAudit | user=null | ip=null | op=PUT_BLOCK {blockData=[blockId=conID: 2 locID: 102665036949619217 bcsId: 0,size=2097152]} | ret=SUCCESS |  
2019-08-23 07:09:02,926 | INFO  | DNAudit | user=null | ip=null | op=WRITE_CHUNK {blockData=conID: 2 locID: 102665036949619217 bcsId: 0} | ret=SUCCESS |  
2019-08-23 07:09:02,926 | INFO  | DNAudit | user=null | ip=null | op=PUT_BLOCK {blockData=[blockId=conID: 2 locID: 102665036949619217 bcsId: 0,size=2097152]} | ret=SUCCESS |  
2019-08-23 07:09:02,930 | INFO  | DNAudit | user=null | ip=null | op=WRITE_CHUNK {blockData=conID: 2 locID: 102665036949619217 bcsId: 2687} | ret=SUCCESS |  
2019-08-23 07:09:02,932 | INFO  | DNAudit | user=null | ip=null | op=WRITE_CHUNK {blockData=conID: 2 locID: 102665036949619217 bcsId: 2687} | ret=SUCCESS |  
2019-08-23 07:09:02,932 | INFO  | DNAudit | user=null | ip=null | op=WRITE_CHUNK {blockData=conID: 2 locID: 102665036949619217 bcsId: 2687} | ret=SUCCESS |  
2019-08-23 07:09:02,940 | INFO  | DNAudit | user=null | ip=null | op=WRITE_CHUNK {blockData=conID: 2 locID: 102665036949619217 bcsId: 2687} | ret=SUCCESS |  
2019-08-23 07:09:02,940 | INFO  | DNAudit | user=null | ip=null | op=PUT_BLOCK {blockData=[blockId=conID: 2 locID: 102665036949619217 bcsId: 0,size=3145728]} | ret=SUCCESS |  
2019-08-23 07:09:02,940 [grpc-default-executor-0] INFO  client.GrpcClientProtocolClient (GrpcClientProtocolClient.java:onNext(255)) - client-D91E5D1E15CE->f2ba01fc-a63e-4348-bd18-030b60a135e7: receive RaftClientReply:client-D91E5D1E15CE->f2ba01fc-a63e-4348-bd18-030b60a135e7@group-C8C62FEF0626, cid=1853, SUCCESS, logIndex=2692, commits[f2ba01fc-a63e-4348-bd18-030b60a135e7:c2693, eab135d4-a257-4705-b491-6c056b8c5df7:c2691, a4f67574-9018-43e7-8a54-351e98dc3d0a:c2691]
2019-08-23 07:09:02,940 [grpc-default-executor-0] INFO  client.GrpcClientProtocolClient (GrpcClientProtocolClient.java:onNext(255)) - client-D91E5D1E15CE->f2ba01fc-a63e-4348-bd18-030b60a135e7: receive RaftClientReply:client-D91E5D1E15CE->f2ba01fc-a63e-4348-bd18-030b60a135e7@group-C8C62FEF0626, cid=1854, SUCCESS, logIndex=2693, commits[f2ba01fc-a63e-4348-bd18-030b60a135e7:c2693, eab135d4-a257-4705-b491-6c056b8c5df7:c2691, a4f67574-9018-43e7-8a54-351e98dc3d0a:c2691]
2019-08-23 07:09:02,941 | INFO  | DNAudit | user=null | ip=null | op=WRITE_CHUNK {blockData=conID: 2 locID: 102665036949619217 bcsId: 2687} | ret=SUCCESS |  
2019-08-23 07:09:02,942 | INFO  | DNAudit | user=null | ip=null | op=WRITE_CHUNK {blockData=conID: 2 locID: 102665036949619217 bcsId: 2687} | ret=SUCCESS |  
2019-08-23 07:09:02,944 | INFO  | DNAudit | user=null | ip=null | op=PUT_BLOCK {blockData=[blockId=conID: 2 locID: 102665036949619217 bcsId: 0,size=3145728]} | ret=SUCCESS |  
2019-08-23 07:09:02,944 | INFO  | DNAudit | user=null | ip=null | op=PUT_BLOCK {blockData=[blockId=conID: 2 locID: 102665036949619217 bcsId: 0,size=3145728]} | ret=SUCCESS |  
2019-08-23 07:09:02,945 | INFO  | DNAudit | user=null | ip=null | op=WRITE_CHUNK {blockData=conID: 2 locID: 102665036949619217 bcsId: 2693} | ret=SUCCESS |  
2019-08-23 07:09:02,947 | INFO  | DNAudit | user=null | ip=null | op=WRITE_CHUNK {blockData=conID: 2 locID: 102665036949619217 bcsId: 2693} | ret=SUCCESS |  
2019-08-23 07:09:02,947 | INFO  | DNAudit | user=null | ip=null | op=WRITE_CHUNK {blockData=conID: 2 locID: 102665036949619217 bcsId: 2693} | ret=SUCCESS |  
2019-08-23 07:09:02,949 | INFO  | DNAudit | user=null | ip=null | op=WRITE_CHUNK {blockData=conID: 2 locID: 102665036949619217 bcsId: 2693} | ret=SUCCESS |  
2019-08-23 07:09:02,949 | INFO  | DNAudit | user=null | ip=null | op=PUT_BLOCK {blockData=[blockId=conID: 2 locID: 102665036949619217 bcsId: 0,size=4194304]} | ret=SUCCESS |  
2019-08-23 07:09:02,949 [grpc-default-executor-3] INFO  client.GrpcClientProtocolClient (GrpcClientProtocolClient.java:onNext(255)) - client-D91E5D1E15CE->f2ba01fc-a63e-4348-bd18-030b60a135e7: receive RaftClientReply:client-D91E5D1E15CE->f2ba01fc-a63e-4348-bd18-030b60a135e7@group-C8C62FEF0626, cid=1855, SUCCESS, logIndex=2696, commits[f2ba01fc-a63e-4348-bd18-030b60a135e7:c2697, eab135d4-a257-4705-b491-6c056b8c5df7:c2695, a4f67574-9018-43e7-8a54-351e98dc3d0a:c2693]
2019-08-23 07:09:02,949 [grpc-default-executor-3] INFO  client.GrpcClientProtocolClient (GrpcClientProtocolClient.java:onNext(255)) - client-D91E5D1E15CE->f2ba01fc-a63e-4348-bd18-030b60a135e7: receive RaftClientReply:client-D91E5D1E15CE->f2ba01fc-a63e-4348-bd18-030b60a135e7@group-C8C62FEF0626, cid=1856, SUCCESS, logIndex=2697, commits[f2ba01fc-a63e-4348-bd18-030b60a135e7:c2697, eab135d4-a257-4705-b491-6c056b8c5df7:c2695, a4f67574-9018-43e7-8a54-351e98dc3d0a:c2694]
2019-08-23 07:09:02,951 | INFO  | DNAudit | user=null | ip=null | op=WRITE_CHUNK {blockData=conID: 2 locID: 102665036949619217 bcsId: 2693} | ret=SUCCESS |  
2019-08-23 07:09:02,952 | INFO  | DNAudit | user=null | ip=null | op=WRITE_CHUNK {blockData=conID: 2 locID: 102665036949619217 bcsId: 2693} | ret=SUCCESS |  
2019-08-23 07:09:02,952 | INFO  | DNAudit | user=null | ip=null | op=PUT_BLOCK {blockData=[blockId=conID: 2 locID: 102665036949619217 bcsId: 0,size=4194304]} | ret=SUCCESS |  
2019-08-23 07:09:02,953 | INFO  | DNAudit | user=null | ip=null | op=PUT_BLOCK {blockData=[blockId=conID: 2 locID: 102665036949619217 bcsId: 0,size=4194304]} | ret=SUCCESS |  
2019-08-23 07:09:02,954 [grpc-default-executor-2] INFO  client.GrpcClientProtocolClient (GrpcClientProtocolClient.java:onNext(255)) - client-D91E5D1E15CE->f2ba01fc-a63e-4348-bd18-030b60a135e7: receive RaftClientReply:client-D91E5D1E15CE->f2ba01fc-a63e-4348-bd18-030b60a135e7@group-C8C62FEF0626, cid=1857, SUCCESS, logIndex=0, commits[f2ba01fc-a63e-4348-bd18-030b60a135e7:c2699, eab135d4-a257-4705-b491-6c056b8c5df7:c2697, a4f67574-9018-43e7-8a54-351e98dc3d0a:c2697]
2019-08-23 07:09:02,957 | INFO  | SCMAudit | user=jenkins1000 | ip=192.168.5.178 | op=ALLOCATE_BLOCK {owner=aaf04d22-10dd-4717-8862-c651bdde72cf, size=4194304, type=RATIS, factor=THREE} | ret=SUCCESS |  
2019-08-23 07:09:02,960 | INFO  | OMAudit | user=jenkins1000 | ip=127.0.0.1 | op=ALLOCATE_BLOCK {volume=vol-0-67663, bucket=bucket-0-68950, key=key-0-26970, dataSize=0, replicationType=null, replicationFactor=null, keyLocationInfo=null, clientID=102665036030476690} | ret=SUCCESS |  
2019-08-23 07:09:02,965 | INFO  | DNAudit | user=null | ip=null | op=WRITE_CHUNK {blockData=conID: 3 locID: 102665036952830482 bcsId: 0} | ret=SUCCESS |  
2019-08-23 07:09:02,967 | INFO  | DNAudit | user=null | ip=null | op=WRITE_CHUNK {blockData=conID: 3 locID: 102665036952830482 bcsId: 0} | ret=SUCCESS |  
2019-08-23 07:09:02,967 | INFO  | DNAudit | user=null | ip=null | op=WRITE_CHUNK {blockData=conID: 3 locID: 102665036952830482 bcsId: 0} | ret=SUCCESS |  
2019-08-23 07:09:02,967 | INFO  | DNAudit | user=null | ip=null | op=WRITE_CHUNK {blockData=conID: 3 locID: 102665036952830482 bcsId: 0} | ret=SUCCESS |  
2019-08-23 07:09:02,968 | INFO  | DNAudit | user=null | ip=null | op=WRITE_CHUNK {blockData=conID: 3 locID: 102665036952830482 bcsId: 0} | ret=SUCCESS |  
2019-08-23 07:09:02,968 | INFO  | DNAudit | user=null | ip=null | op=WRITE_CHUNK {blockData=conID: 3 locID: 102665036952830482 bcsId: 0} | ret=SUCCESS |  
2019-08-23 07:09:02,970 | INFO  | DNAudit | user=null | ip=null | op=WRITE_CHUNK {blockData=conID: 3 locID: 102665036952830482 bcsId: 0} | ret=SUCCESS |  
2019-08-23 07:09:02,970 | INFO  | DNAudit | user=null | ip=null | op=PUT_BLOCK {blockData=[blockId=conID: 3 locID: 102665036952830482 bcsId: 0,size=1048576]} | ret=SUCCESS |  
2019-08-23 07:09:02,970 [grpc-default-executor-3] INFO  client.GrpcClientProtocolClient (GrpcClientProtocolClient.java:onNext(255)) - client-D91E5D1E15CE->f2ba01fc-a63e-4348-bd18-030b60a135e7: receive RaftClientReply:client-D91E5D1E15CE->f2ba01fc-a63e-4348-bd18-030b60a135e7@group-C8C62FEF0626, cid=1858, SUCCESS, logIndex=2700, commits[f2ba01fc-a63e-4348-bd18-030b60a135e7:c2701, eab135d4-a257-4705-b491-6c056b8c5df7:c2699, a4f67574-9018-43e7-8a54-351e98dc3d0a:c2699]
2019-08-23 07:09:02,970 | INFO  | DNAudit | user=null | ip=null | op=WRITE_CHUNK {blockData=conID: 3 locID: 102665036952830482 bcsId: 0} | ret=SUCCESS |  
2019-08-23 07:09:02,970 [grpc-default-executor-3] INFO  client.GrpcClientProtocolClient (GrpcClientProtocolClient.java:onNext(255)) - client-D91E5D1E15CE->f2ba01fc-a63e-4348-bd18-030b60a135e7: receive RaftClientReply:client-D91E5D1E15CE->f2ba01fc-a63e-4348-bd18-030b60a135e7@group-C8C62FEF0626, cid=1859, SUCCESS, logIndex=2701, commits[f2ba01fc-a63e-4348-bd18-030b60a135e7:c2703, eab135d4-a257-4705-b491-6c056b8c5df7:c2699, a4f67574-9018-43e7-8a54-351e98dc3d0a:c2699]
2019-08-23 07:09:02,971 | INFO  | DNAudit | user=null | ip=null | op=PUT_BLOCK {blockData=[blockId=conID: 3 locID: 102665036952830482 bcsId: 0,size=2097152]} | ret=SUCCESS |  
2019-08-23 07:09:02,971 [grpc-default-executor-3] INFO  client.GrpcClientProtocolClient (GrpcClientProtocolClient.java:onNext(255)) - client-D91E5D1E15CE->f2ba01fc-a63e-4348-bd18-030b60a135e7: receive RaftClientReply:client-D91E5D1E15CE->f2ba01fc-a63e-4348-bd18-030b60a135e7@group-C8C62FEF0626, cid=1860, SUCCESS, logIndex=2702, commits[f2ba01fc-a63e-4348-bd18-030b60a135e7:c2703, eab135d4-a257-4705-b491-6c056b8c5df7:c2699, a4f67574-9018-43e7-8a54-351e98dc3d0a:c2699]
2019-08-23 07:09:02,971 [grpc-default-executor-3] INFO  client.GrpcClientProtocolClient (GrpcClientProtocolClient.java:onNext(255)) - client-D91E5D1E15CE->f2ba01fc-a63e-4348-bd18-030b60a135e7: receive RaftClientReply:client-D91E5D1E15CE->f2ba01fc-a63e-4348-bd18-030b60a135e7@group-C8C62FEF0626, cid=1861, SUCCESS, logIndex=2703, commits[f2ba01fc-a63e-4348-bd18-030b60a135e7:c2703, eab135d4-a257-4705-b491-6c056b8c5df7:c2699, a4f67574-9018-43e7-8a54-351e98dc3d0a:c2699]
2019-08-23 07:09:02,973 | INFO  | DNAudit | user=null | ip=null | op=WRITE_CHUNK {blockData=conID: 3 locID: 102665036952830482 bcsId: 0} | ret=SUCCESS |  
2019-08-23 07:09:02,973 | INFO  | DNAudit | user=null | ip=null | op=WRITE_CHUNK {blockData=conID: 3 locID: 102665036952830482 bcsId: 0} | ret=SUCCESS |  
2019-08-23 07:09:02,973 | INFO  | DNAudit | user=null | ip=null | op=PUT_BLOCK {blockData=[blockId=conID: 3 locID: 102665036952830482 bcsId: 0,size=1048576]} | ret=SUCCESS |  
2019-08-23 07:09:02,974 | INFO  | DNAudit | user=null | ip=null | op=PUT_BLOCK {blockData=[blockId=conID: 3 locID: 102665036952830482 bcsId: 0,size=1048576]} | ret=SUCCESS |  
2019-08-23 07:09:02,974 | INFO  | DNAudit | user=null | ip=null | op=WRITE_CHUNK {blockData=conID: 3 locID: 102665036952830482 bcsId: 0} | ret=SUCCESS |  
2019-08-23 07:09:02,974 [grpc-default-executor-3] INFO  client.GrpcClientProtocolClient (GrpcClientProtocolClient.java:onNext(255)) - client-D91E5D1E15CE->f2ba01fc-a63e-4348-bd18-030b60a135e7: receive RaftClientReply:client-D91E5D1E15CE->f2ba01fc-a63e-4348-bd18-030b60a135e7@group-C8C62FEF0626, cid=1862, SUCCESS, logIndex=0, commits[f2ba01fc-a63e-4348-bd18-030b60a135e7:c2703, eab135d4-a257-4705-b491-6c056b8c5df7:c2701, a4f67574-9018-43e7-8a54-351e98dc3d0a:c2701]
2019-08-23 07:09:02,975 | INFO  | DNAudit | user=null | ip=null | op=PUT_BLOCK {blockData=[blockId=conID: 3 locID: 102665036952830482 bcsId: 0,size=2097152]} | ret=SUCCESS |  
2019-08-23 07:09:02,975 | INFO  | DNAudit | user=null | ip=null | op=WRITE_CHUNK {blockData=conID: 3 locID: 102665036952830482 bcsId: 0} | ret=SUCCESS |  
2019-08-23 07:09:02,975 | INFO  | DNAudit | user=null | ip=null | op=PUT_BLOCK {blockData=[blockId=conID: 3 locID: 102665036952830482 bcsId: 0,size=2097152]} | ret=SUCCESS |  
2019-08-23 07:09:02,979 | INFO  | DNAudit | user=null | ip=null | op=WRITE_CHUNK {blockData=conID: 3 locID: 102665036952830482 bcsId: 2703} | ret=SUCCESS |  
2019-08-23 07:09:02,981 | INFO  | DNAudit | user=null | ip=null | op=WRITE_CHUNK {blockData=conID: 3 locID: 102665036952830482 bcsId: 2703} | ret=SUCCESS |  
2019-08-23 07:09:02,981 | INFO  | DNAudit | user=null | ip=null | op=WRITE_CHUNK {blockData=conID: 3 locID: 102665036952830482 bcsId: 2703} | ret=SUCCESS |  
2019-08-23 07:09:02,983 | INFO  | DNAudit | user=null | ip=null | op=WRITE_CHUNK {blockData=conID: 3 locID: 102665036952830482 bcsId: 2703} | ret=SUCCESS |  
2019-08-23 07:09:02,983 | INFO  | DNAudit | user=null | ip=null | op=PUT_BLOCK {blockData=[blockId=conID: 3 locID: 102665036952830482 bcsId: 0,size=3145728]} | ret=SUCCESS |  
2019-08-23 07:09:02,983 [grpc-default-executor-0] INFO  client.GrpcClientProtocolClient (GrpcClientProtocolClient.java:onNext(255)) - client-D91E5D1E15CE->f2ba01fc-a63e-4348-bd18-030b60a135e7: receive RaftClientReply:client-D91E5D1E15CE->f2ba01fc-a63e-4348-bd18-030b60a135e7@group-C8C62FEF0626, cid=1863, SUCCESS, logIndex=2708, commits[f2ba01fc-a63e-4348-bd18-030b60a135e7:c2709, eab135d4-a257-4705-b491-6c056b8c5df7:c2707, a4f67574-9018-43e7-8a54-351e98dc3d0a:c2707]
2019-08-23 07:09:02,983 [grpc-default-executor-0] INFO  client.GrpcClientProtocolClient (GrpcClientProtocolClient.java:onNext(255)) - client-D91E5D1E15CE->f2ba01fc-a63e-4348-bd18-030b60a135e7: receive RaftClientReply:client-D91E5D1E15CE->f2ba01fc-a63e-4348-bd18-030b60a135e7@group-C8C62FEF0626, cid=1864, SUCCESS, logIndex=2709, commits[f2ba01fc-a63e-4348-bd18-030b60a135e7:c2709, eab135d4-a257-4705-b491-6c056b8c5df7:c2707, a4f67574-9018-43e7-8a54-351e98dc3d0a:c2707]
2019-08-23 07:09:02,985 | INFO  | DNAudit | user=null | ip=null | op=WRITE_CHUNK {blockData=conID: 3 locID: 102665036952830482 bcsId: 2703} | ret=SUCCESS |  
2019-08-23 07:09:02,985 | INFO  | DNAudit | user=null | ip=null | op=WRITE_CHUNK {blockData=conID: 3 locID: 102665036952830482 bcsId: 2703} | ret=SUCCESS |  
2019-08-23 07:09:02,987 | INFO  | DNAudit | user=null | ip=null | op=PUT_BLOCK {blockData=[blockId=conID: 3 locID: 102665036952830482 bcsId: 0,size=3145728]} | ret=SUCCESS |  
2019-08-23 07:09:02,987 | INFO  | DNAudit | user=null | ip=null | op=PUT_BLOCK {blockData=[blockId=conID: 3 locID: 102665036952830482 bcsId: 0,size=3145728]} | ret=SUCCESS |  
2019-08-23 07:09:02,988 | INFO  | DNAudit | user=null | ip=null | op=WRITE_CHUNK {blockData=conID: 3 locID: 102665036952830482 bcsId: 2709} | ret=SUCCESS |  
2019-08-23 07:09:02,990 | INFO  | DNAudit | user=null | ip=null | op=WRITE_CHUNK {blockData=conID: 3 locID: 102665036952830482 bcsId: 2709} | ret=SUCCESS |  
2019-08-23 07:09:02,990 | INFO  | DNAudit | user=null | ip=null | op=WRITE_CHUNK {blockData=conID: 3 locID: 102665036952830482 bcsId: 2709} | ret=SUCCESS |  
2019-08-23 07:09:02,991 | INFO  | DNAudit | user=null | ip=null | op=WRITE_CHUNK {blockData=conID: 3 locID: 102665036952830482 bcsId: 2709} | ret=SUCCESS |  
2019-08-23 07:09:02,991 | INFO  | DNAudit | user=null | ip=null | op=PUT_BLOCK {blockData=[blockId=conID: 3 locID: 102665036952830482 bcsId: 0,size=4194304]} | ret=SUCCESS |  
2019-08-23 07:09:02,991 [grpc-default-executor-3] INFO  client.GrpcClientProtocolClient (GrpcClientProtocolClient.java:onNext(255)) - client-D91E5D1E15CE->f2ba01fc-a63e-4348-bd18-030b60a135e7: receive RaftClientReply:client-D91E5D1E15CE->f2ba01fc-a63e-4348-bd18-030b60a135e7@group-C8C62FEF0626, cid=1865, SUCCESS, logIndex=2712, commits[f2ba01fc-a63e-4348-bd18-030b60a135e7:c2713, eab135d4-a257-4705-b491-6c056b8c5df7:c2711, a4f67574-9018-43e7-8a54-351e98dc3d0a:c2709]
2019-08-23 07:09:02,992 [grpc-default-executor-3] INFO  client.GrpcClientProtocolClient (GrpcClientProtocolClient.java:onNext(255)) - client-D91E5D1E15CE->f2ba01fc-a63e-4348-bd18-030b60a135e7: receive RaftClientReply:client-D91E5D1E15CE->f2ba01fc-a63e-4348-bd18-030b60a135e7@group-C8C62FEF0626, cid=1866, SUCCESS, logIndex=2713, commits[f2ba01fc-a63e-4348-bd18-030b60a135e7:c2713, eab135d4-a257-4705-b491-6c056b8c5df7:c2711, a4f67574-9018-43e7-8a54-351e98dc3d0a:c2710]
2019-08-23 07:09:02,994 | INFO  | DNAudit | user=null | ip=null | op=WRITE_CHUNK {blockData=conID: 3 locID: 102665036952830482 bcsId: 2709} | ret=SUCCESS |  
2019-08-23 07:09:02,994 | INFO  | DNAudit | user=null | ip=null | op=WRITE_CHUNK {blockData=conID: 3 locID: 102665036952830482 bcsId: 2709} | ret=SUCCESS |  
2019-08-23 07:09:02,994 | INFO  | DNAudit | user=null | ip=null | op=PUT_BLOCK {blockData=[blockId=conID: 3 locID: 102665036952830482 bcsId: 0,size=4194304]} | ret=SUCCESS |  
2019-08-23 07:09:02,994 | INFO  | DNAudit | user=null | ip=null | op=PUT_BLOCK {blockData=[blockId=conID: 3 locID: 102665036952830482 bcsId: 0,size=4194304]} | ret=SUCCESS |  
2019-08-23 07:09:02,994 [grpc-default-executor-0] INFO  client.GrpcClientProtocolClient (GrpcClientProtocolClient.java:onNext(255)) - client-D91E5D1E15CE->f2ba01fc-a63e-4348-bd18-030b60a135e7: receive RaftClientReply:client-D91E5D1E15CE->f2ba01fc-a63e-4348-bd18-030b60a135e7@group-C8C62FEF0626, cid=1867, SUCCESS, logIndex=0, commits[f2ba01fc-a63e-4348-bd18-030b60a135e7:c2714, eab135d4-a257-4705-b491-6c056b8c5df7:c2713, a4f67574-9018-43e7-8a54-351e98dc3d0a:c2713]
2019-08-23 07:09:02,999 | INFO  | SCMAudit | user=jenkins1000 | ip=192.168.5.178 | op=ALLOCATE_BLOCK {owner=aaf04d22-10dd-4717-8862-c651bdde72cf, size=4194304, type=RATIS, factor=THREE} | ret=SUCCESS |  
2019-08-23 07:09:03,003 | INFO  | OMAudit | user=jenkins1000 | ip=127.0.0.1 | op=ALLOCATE_BLOCK {volume=vol-0-67663, bucket=bucket-0-68950, key=key-0-26970, dataSize=0, replicationType=null, replicationFactor=null, keyLocationInfo=null, clientID=102665036030476690} | ret=SUCCESS |  
2019-08-23 07:09:03,008 | INFO  | DNAudit | user=null | ip=null | op=WRITE_CHUNK {blockData=conID: 1 locID: 102665036955582995 bcsId: 0} | ret=SUCCESS |  
2019-08-23 07:09:03,010 | INFO  | DNAudit | user=null | ip=null | op=WRITE_CHUNK {blockData=conID: 1 locID: 102665036955582995 bcsId: 0} | ret=SUCCESS |  
2019-08-23 07:09:03,010 | INFO  | DNAudit | user=null | ip=null | op=WRITE_CHUNK {blockData=conID: 1 locID: 102665036955582995 bcsId: 0} | ret=SUCCESS |  
2019-08-23 07:09:03,011 | INFO  | DNAudit | user=null | ip=null | op=WRITE_CHUNK {blockData=conID: 1 locID: 102665036955582995 bcsId: 0} | ret=SUCCESS |  
 0.00% |█                                                                                                    |  0/1 Time: 0:00:142019-08-23 07:09:03,012 | INFO  | DNAudit | user=null | ip=null | op=WRITE_CHUNK {blockData=conID: 1 locID: 102665036955582995 bcsId: 0} | ret=SUCCESS |  
2019-08-23 07:09:03,012 | INFO  | DNAudit | user=null | ip=null | op=WRITE_CHUNK {blockData=conID: 1 locID: 102665036955582995 bcsId: 0} | ret=SUCCESS |  
2019-08-23 07:09:03,012 | INFO  | SCMAudit | user=jenkins1000 | ip=192.168.5.178 | op=SEND_HEARTBEAT {datanodeUUID=5c311bc2-cc7c-45de-998f-f79499d85d4e, command=[]} | ret=SUCCESS |  
2019-08-23 07:09:03,015 | INFO  | DNAudit | user=null | ip=null | op=WRITE_CHUNK {blockData=conID: 1 locID: 102665036955582995 bcsId: 0} | ret=SUCCESS |  
2019-08-23 07:09:03,015 | INFO  | DNAudit | user=null | ip=null | op=PUT_BLOCK {blockData=[blockId=conID: 1 locID: 102665036955582995 bcsId: 0,size=1048576]} | ret=SUCCESS |  
2019-08-23 07:09:03,016 | INFO  | DNAudit | user=null | ip=null | op=WRITE_CHUNK {blockData=conID: 1 locID: 102665036955582995 bcsId: 0} | ret=SUCCESS |  
2019-08-23 07:09:03,016 [grpc-default-executor-0] INFO  client.GrpcClientProtocolClient (GrpcClientProtocolClient.java:onNext(255)) - client-D91E5D1E15CE->f2ba01fc-a63e-4348-bd18-030b60a135e7: receive RaftClientReply:client-D91E5D1E15CE->f2ba01fc-a63e-4348-bd18-030b60a135e7@group-C8C62FEF0626, cid=1868, SUCCESS, logIndex=2716, commits[f2ba01fc-a63e-4348-bd18-030b60a135e7:c2718, eab135d4-a257-4705-b491-6c056b8c5df7:c2715, a4f67574-9018-43e7-8a54-351e98dc3d0a:c2715]
2019-08-23 07:09:03,016 | INFO  | DNAudit | user=null | ip=null | op=PUT_BLOCK {blockData=[blockId=conID: 1 locID: 102665036955582995 bcsId: 0,size=2097152]} | ret=SUCCESS |  
2019-08-23 07:09:03,016 [grpc-default-executor-0] INFO  client.GrpcClientProtocolClient (GrpcClientProtocolClient.java:onNext(255)) - client-D91E5D1E15CE->f2ba01fc-a63e-4348-bd18-030b60a135e7: receive RaftClientReply:client-D91E5D1E15CE->f2ba01fc-a63e-4348-bd18-030b60a135e7@group-C8C62FEF0626, cid=1869, SUCCESS, logIndex=2717, commits[f2ba01fc-a63e-4348-bd18-030b60a135e7:c2719, eab135d4-a257-4705-b491-6c056b8c5df7:c2715, a4f67574-9018-43e7-8a54-351e98dc3d0a:c2715]
2019-08-23 07:09:03,016 | INFO  | DNAudit | user=null | ip=null | op=WRITE_CHUNK {blockData=conID: 1 locID: 102665036955582995 bcsId: 0} | ret=SUCCESS |  
2019-08-23 07:09:03,016 | INFO  | DNAudit | user=null | ip=null | op=WRITE_CHUNK {blockData=conID: 1 locID: 102665036955582995 bcsId: 0} | ret=SUCCESS |  
2019-08-23 07:09:03,016 [grpc-default-executor-0] INFO  client.GrpcClientProtocolClient (GrpcClientProtocolClient.java:onNext(255)) - client-D91E5D1E15CE->f2ba01fc-a63e-4348-bd18-030b60a135e7: receive RaftClientReply:client-D91E5D1E15CE->f2ba01fc-a63e-4348-bd18-030b60a135e7@group-C8C62FEF0626, cid=1870, SUCCESS, logIndex=2718, commits[f2ba01fc-a63e-4348-bd18-030b60a135e7:c2719, eab135d4-a257-4705-b491-6c056b8c5df7:c2715, a4f67574-9018-43e7-8a54-351e98dc3d0a:c2715]
2019-08-23 07:09:03,017 | INFO  | DNAudit | user=null | ip=null | op=PUT_BLOCK {blockData=[blockId=conID: 1 locID: 102665036955582995 bcsId: 0,size=1048576]} | ret=SUCCESS |  
2019-08-23 07:09:03,017 | INFO  | DNAudit | user=null | ip=null | op=PUT_BLOCK {blockData=[blockId=conID: 1 locID: 102665036955582995 bcsId: 0,size=1048576]} | ret=SUCCESS |  
2019-08-23 07:09:03,017 [grpc-default-executor-0] INFO  client.GrpcClientProtocolClient (GrpcClientProtocolClient.java:onNext(255)) - client-D91E5D1E15CE->f2ba01fc-a63e-4348-bd18-030b60a135e7: receive RaftClientReply:client-D91E5D1E15CE->f2ba01fc-a63e-4348-bd18-030b60a135e7@group-C8C62FEF0626, cid=1871, SUCCESS, logIndex=2719, commits[f2ba01fc-a63e-4348-bd18-030b60a135e7:c2719, eab135d4-a257-4705-b491-6c056b8c5df7:c2715, a4f67574-9018-43e7-8a54-351e98dc3d0a:c2715]
2019-08-23 07:09:03,017 [grpc-default-executor-0] INFO  client.GrpcClientProtocolClient (GrpcClientProtocolClient.java:onNext(255)) - client-D91E5D1E15CE->f2ba01fc-a63e-4348-bd18-030b60a135e7: receive RaftClientReply:client-D91E5D1E15CE->f2ba01fc-a63e-4348-bd18-030b60a135e7@group-C8C62FEF0626, cid=1872, SUCCESS, logIndex=0, commits[f2ba01fc-a63e-4348-bd18-030b60a135e7:c2720, eab135d4-a257-4705-b491-6c056b8c5df7:c2717, a4f67574-9018-43e7-8a54-351e98dc3d0a:c2717]
2019-08-23 07:09:03,018 | INFO  | DNAudit | user=null | ip=null | op=WRITE_CHUNK {blockData=conID: 1 locID: 102665036955582995 bcsId: 0} | ret=SUCCESS |  
2019-08-23 07:09:03,018 | INFO  | DNAudit | user=null | ip=null | op=WRITE_CHUNK {blockData=conID: 1 locID: 102665036955582995 bcsId: 0} | ret=SUCCESS |  
2019-08-23 07:09:03,018 | INFO  | DNAudit | user=null | ip=null | op=PUT_BLOCK {blockData=[blockId=conID: 1 locID: 102665036955582995 bcsId: 0,size=2097152]} | ret=SUCCESS |  
2019-08-23 07:09:03,018 | INFO  | DNAudit | user=null | ip=null | op=PUT_BLOCK {blockData=[blockId=conID: 1 locID: 102665036955582995 bcsId: 0,size=2097152]} | ret=SUCCESS |  
2019-08-23 07:09:03,023 | INFO  | DNAudit | user=null | ip=null | op=WRITE_CHUNK {blockData=conID: 1 locID: 102665036955582995 bcsId: 2719} | ret=SUCCESS |  
2019-08-23 07:09:03,024 | INFO  | DNAudit | user=null | ip=null | op=WRITE_CHUNK {blockData=conID: 1 locID: 102665036955582995 bcsId: 2719} | ret=SUCCESS |  
2019-08-23 07:09:03,025 | INFO  | DNAudit | user=null | ip=null | op=WRITE_CHUNK {blockData=conID: 1 locID: 102665036955582995 bcsId: 2719} | ret=SUCCESS |  
2019-08-23 07:09:03,031 | INFO  | DNAudit | user=null | ip=null | op=WRITE_CHUNK {blockData=conID: 1 locID: 102665036955582995 bcsId: 2719} | ret=SUCCESS |  
2019-08-23 07:09:03,032 | INFO  | DNAudit | user=null | ip=null | op=PUT_BLOCK {blockData=[blockId=conID: 1 locID: 102665036955582995 bcsId: 0,size=3145728]} | ret=SUCCESS |  
2019-08-23 07:09:03,032 [grpc-default-executor-2] INFO  client.GrpcClientProtocolClient (GrpcClientProtocolClient.java:onNext(255)) - client-D91E5D1E15CE->f2ba01fc-a63e-4348-bd18-030b60a135e7: receive RaftClientReply:client-D91E5D1E15CE->f2ba01fc-a63e-4348-bd18-030b60a135e7@group-C8C62FEF0626, cid=1873, SUCCESS, logIndex=2723, commits[f2ba01fc-a63e-4348-bd18-030b60a135e7:c2724, eab135d4-a257-4705-b491-6c056b8c5df7:c2722, a4f67574-9018-43e7-8a54-351e98dc3d0a:c2722]
2019-08-23 07:09:03,032 [grpc-default-executor-2] INFO  client.GrpcClientProtocolClient (GrpcClientProtocolClient.java:onNext(255)) - client-D91E5D1E15CE->f2ba01fc-a63e-4348-bd18-030b60a135e7: receive RaftClientReply:client-D91E5D1E15CE->f2ba01fc-a63e-4348-bd18-030b60a135e7@group-C8C62FEF0626, cid=1874, SUCCESS, logIndex=2724, commits[f2ba01fc-a63e-4348-bd18-030b60a135e7:c2724, eab135d4-a257-4705-b491-6c056b8c5df7:c2722, a4f67574-9018-43e7-8a54-351e98dc3d0a:c2722]
2019-08-23 07:09:03,037 | INFO  | DNAudit | user=null | ip=null | op=WRITE_CHUNK {blockData=conID: 1 locID: 102665036955582995 bcsId: 2724} | ret=SUCCESS |  
2019-08-23 07:09:03,038 | INFO  | DNAudit | user=null | ip=null | op=WRITE_CHUNK {blockData=conID: 1 locID: 102665036955582995 bcsId: 2724} | ret=SUCCESS |  
2019-08-23 07:09:03,039 | INFO  | DNAudit | user=null | ip=null | op=WRITE_CHUNK {blockData=conID: 1 locID: 102665036955582995 bcsId: 2724} | ret=SUCCESS |  
2019-08-23 07:09:03,043 | INFO  | DNAudit | user=null | ip=null | op=WRITE_CHUNK {blockData=conID: 1 locID: 102665036955582995 bcsId: 2719} | ret=SUCCESS |  
2019-08-23 07:09:03,043 | INFO  | DNAudit | user=null | ip=null | op=WRITE_CHUNK {blockData=conID: 1 locID: 102665036955582995 bcsId: 2719} | ret=SUCCESS |  
2019-08-23 07:09:03,043 | INFO  | DNAudit | user=null | ip=null | op=PUT_BLOCK {blockData=[blockId=conID: 1 locID: 102665036955582995 bcsId: 0,size=3145728]} | ret=SUCCESS |  
2019-08-23 07:09:03,043 | INFO  | DNAudit | user=null | ip=null | op=PUT_BLOCK {blockData=[blockId=conID: 1 locID: 102665036955582995 bcsId: 0,size=3145728]} | ret=SUCCESS |  
2019-08-23 07:09:03,047 | INFO  | DNAudit | user=null | ip=null | op=WRITE_CHUNK {blockData=conID: 1 locID: 102665036955582995 bcsId: 2724} | ret=SUCCESS |  
2019-08-23 07:09:03,047 | INFO  | DNAudit | user=null | ip=null | op=PUT_BLOCK {blockData=[blockId=conID: 1 locID: 102665036955582995 bcsId: 0,size=4194304]} | ret=SUCCESS |  
2019-08-23 07:09:03,047 [grpc-default-executor-0] INFO  client.GrpcClientProtocolClient (GrpcClientProtocolClient.java:onNext(255)) - client-D91E5D1E15CE->f2ba01fc-a63e-4348-bd18-030b60a135e7: receive RaftClientReply:client-D91E5D1E15CE->f2ba01fc-a63e-4348-bd18-030b60a135e7@group-C8C62FEF0626, cid=1875, SUCCESS, logIndex=2727, commits[f2ba01fc-a63e-4348-bd18-030b60a135e7:c2728, eab135d4-a257-4705-b491-6c056b8c5df7:c2724, a4f67574-9018-43e7-8a54-351e98dc3d0a:c2724]
2019-08-23 07:09:03,048 [grpc-default-executor-0] INFO  client.GrpcClientProtocolClient (GrpcClientProtocolClient.java:onNext(255)) - client-D91E5D1E15CE->f2ba01fc-a63e-4348-bd18-030b60a135e7: receive RaftClientReply:client-D91E5D1E15CE->f2ba01fc-a63e-4348-bd18-030b60a135e7@group-C8C62FEF0626, cid=1876, SUCCESS, logIndex=2728, commits[f2ba01fc-a63e-4348-bd18-030b60a135e7:c2728, eab135d4-a257-4705-b491-6c056b8c5df7:c2724, a4f67574-9018-43e7-8a54-351e98dc3d0a:c2724]
2019-08-23 07:09:03,058 | INFO  | DNAudit | user=null | ip=null | op=WRITE_CHUNK {blockData=conID: 1 locID: 102665036955582995 bcsId: 2724} | ret=SUCCESS |  
2019-08-23 07:09:03,058 | INFO  | DNAudit | user=null | ip=null | op=WRITE_CHUNK {blockData=conID: 1 locID: 102665036955582995 bcsId: 2724} | ret=SUCCESS |  
2019-08-23 07:09:03,061 | INFO  | DNAudit | user=null | ip=null | op=PUT_BLOCK {blockData=[blockId=conID: 1 locID: 102665036955582995 bcsId: 0,size=4194304]} | ret=SUCCESS |  
2019-08-23 07:09:03,061 | INFO  | DNAudit | user=null | ip=null | op=PUT_BLOCK {blockData=[blockId=conID: 1 locID: 102665036955582995 bcsId: 0,size=4194304]} | ret=SUCCESS |  
2019-08-23 07:09:03,061 [grpc-default-executor-0] INFO  client.GrpcClientProtocolClient (GrpcClientProtocolClient.java:onNext(255)) - client-D91E5D1E15CE->f2ba01fc-a63e-4348-bd18-030b60a135e7: receive RaftClientReply:client-D91E5D1E15CE->f2ba01fc-a63e-4348-bd18-030b60a135e7@group-C8C62FEF0626, cid=1877, SUCCESS, logIndex=0, commits[f2ba01fc-a63e-4348-bd18-030b60a135e7:c2730, eab135d4-a257-4705-b491-6c056b8c5df7:c2728, a4f67574-9018-43e7-8a54-351e98dc3d0a:c2728]
2019-08-23 07:09:03,066 | INFO  | SCMAudit | user=jenkins1000 | ip=192.168.5.178 | op=ALLOCATE_BLOCK {owner=aaf04d22-10dd-4717-8862-c651bdde72cf, size=4194304, type=RATIS, factor=THREE} | ret=SUCCESS |  
2019-08-23 07:09:03,069 | INFO  | OMAudit | user=jenkins1000 | ip=127.0.0.1 | op=ALLOCATE_BLOCK {volume=vol-0-67663, bucket=bucket-0-68950, key=key-0-26970, dataSize=0, replicationType=null, replicationFactor=null, keyLocationInfo=null, clientID=102665036030476690} | ret=SUCCESS |  
2019-08-23 07:09:03,074 | INFO  | DNAudit | user=null | ip=null | op=WRITE_CHUNK {blockData=conID: 2 locID: 102665036959973908 bcsId: 0} | ret=SUCCESS |  
2019-08-23 07:09:03,076 | INFO  | DNAudit | user=null | ip=null | op=WRITE_CHUNK {blockData=conID: 2 locID: 102665036959973908 bcsId: 0} | ret=SUCCESS |  
2019-08-23 07:09:03,077 | INFO  | DNAudit | user=null | ip=null | op=WRITE_CHUNK {blockData=conID: 2 locID: 102665036959973908 bcsId: 0} | ret=SUCCESS |  
2019-08-23 07:09:03,077 | INFO  | DNAudit | user=null | ip=null | op=WRITE_CHUNK {blockData=conID: 2 locID: 102665036959973908 bcsId: 0} | ret=SUCCESS |  
2019-08-23 07:09:03,078 | INFO  | DNAudit | user=null | ip=null | op=WRITE_CHUNK {blockData=conID: 2 locID: 102665036959973908 bcsId: 0} | ret=SUCCESS |  
2019-08-23 07:09:03,078 | INFO  | DNAudit | user=null | ip=null | op=WRITE_CHUNK {blockData=conID: 2 locID: 102665036959973908 bcsId: 0} | ret=SUCCESS |  
2019-08-23 07:09:03,087 | INFO  | DNAudit | user=null | ip=null | op=WRITE_CHUNK {blockData=conID: 2 locID: 102665036959973908 bcsId: 0} | ret=SUCCESS |  
2019-08-23 07:09:03,087 | INFO  | DNAudit | user=null | ip=null | op=PUT_BLOCK {blockData=[blockId=conID: 2 locID: 102665036959973908 bcsId: 0,size=1048576]} | ret=SUCCESS |  
2019-08-23 07:09:03,087 [grpc-default-executor-0] INFO  client.GrpcClientProtocolClient (GrpcClientProtocolClient.java:onNext(255)) - client-D91E5D1E15CE->f2ba01fc-a63e-4348-bd18-030b60a135e7: receive RaftClientReply:client-D91E5D1E15CE->f2ba01fc-a63e-4348-bd18-030b60a135e7@group-C8C62FEF0626, cid=1878, SUCCESS, logIndex=2731, commits[f2ba01fc-a63e-4348-bd18-030b60a135e7:c2732, eab135d4-a257-4705-b491-6c056b8c5df7:c2730, a4f67574-9018-43e7-8a54-351e98dc3d0a:c2730]
2019-08-23 07:09:03,087 | INFO  | DNAudit | user=null | ip=null | op=WRITE_CHUNK {blockData=conID: 2 locID: 102665036959973908 bcsId: 0} | ret=SUCCESS |  
2019-08-23 07:09:03,088 [grpc-default-executor-0] INFO  client.GrpcClientProtocolClient (GrpcClientProtocolClient.java:onNext(255)) - client-D91E5D1E15CE->f2ba01fc-a63e-4348-bd18-030b60a135e7: receive RaftClientReply:client-D91E5D1E15CE->f2ba01fc-a63e-4348-bd18-030b60a135e7@group-C8C62FEF0626, cid=1879, SUCCESS, logIndex=2732, commits[f2ba01fc-a63e-4348-bd18-030b60a135e7:c2734, eab135d4-a257-4705-b491-6c056b8c5df7:c2730, a4f67574-9018-43e7-8a54-351e98dc3d0a:c2730]
2019-08-23 07:09:03,088 | INFO  | DNAudit | user=null | ip=null | op=PUT_BLOCK {blockData=[blockId=conID: 2 locID: 102665036959973908 bcsId: 0,size=2097152]} | ret=SUCCESS |  
2019-08-23 07:09:03,088 [grpc-default-executor-0] INFO  client.GrpcClientProtocolClient (GrpcClientProtocolClient.java:onNext(255)) - client-D91E5D1E15CE->f2ba01fc-a63e-4348-bd18-030b60a135e7: receive RaftClientReply:client-D91E5D1E15CE->f2ba01fc-a63e-4348-bd18-030b60a135e7@group-C8C62FEF0626, cid=1880, SUCCESS, logIndex=2733, commits[f2ba01fc-a63e-4348-bd18-030b60a135e7:c2734, eab135d4-a257-4705-b491-6c056b8c5df7:c2730, a4f67574-9018-43e7-8a54-351e98dc3d0a:c2730]
2019-08-23 07:09:03,088 [grpc-default-executor-0] INFO  client.GrpcClientProtocolClient (GrpcClientProtocolClient.java:onNext(255)) - client-D91E5D1E15CE->f2ba01fc-a63e-4348-bd18-030b60a135e7: receive RaftClientReply:client-D91E5D1E15CE->f2ba01fc-a63e-4348-bd18-030b60a135e7@group-C8C62FEF0626, cid=1881, SUCCESS, logIndex=2734, commits[f2ba01fc-a63e-4348-bd18-030b60a135e7:c2734, eab135d4-a257-4705-b491-6c056b8c5df7:c2730, a4f67574-9018-43e7-8a54-351e98dc3d0a:c2730]
2019-08-23 07:09:03,089 | INFO  | DNAudit | user=null | ip=null | op=WRITE_CHUNK {blockData=conID: 2 locID: 102665036959973908 bcsId: 0} | ret=SUCCESS |  
2019-08-23 07:09:03,090 | INFO  | DNAudit | user=null | ip=null | op=PUT_BLOCK {blockData=[blockId=conID: 2 locID: 102665036959973908 bcsId: 0,size=1048576]} | ret=SUCCESS |  
2019-08-23 07:09:03,101 | INFO  | DNAudit | user=null | ip=null | op=WRITE_CHUNK {blockData=conID: 2 locID: 102665036959973908 bcsId: 0} | ret=SUCCESS |  
2019-08-23 07:09:03,101 | INFO  | DNAudit | user=null | ip=null | op=PUT_BLOCK {blockData=[blockId=conID: 2 locID: 102665036959973908 bcsId: 0,size=1048576]} | ret=SUCCESS |  
2019-08-23 07:09:03,101 | INFO  | DNAudit | user=null | ip=null | op=WRITE_CHUNK {blockData=conID: 2 locID: 102665036959973908 bcsId: 0} | ret=SUCCESS |  
2019-08-23 07:09:03,101 | INFO  | DNAudit | user=null | ip=null | op=PUT_BLOCK {blockData=[blockId=conID: 2 locID: 102665036959973908 bcsId: 0,size=2097152]} | ret=SUCCESS |  
2019-08-23 07:09:03,101 [grpc-default-executor-0] INFO  client.GrpcClientProtocolClient (GrpcClientProtocolClient.java:onNext(255)) - client-D91E5D1E15CE->f2ba01fc-a63e-4348-bd18-030b60a135e7: receive RaftClientReply:client-D91E5D1E15CE->f2ba01fc-a63e-4348-bd18-030b60a135e7@group-C8C62FEF0626, cid=1882, SUCCESS, logIndex=0, commits[f2ba01fc-a63e-4348-bd18-030b60a135e7:c2735, eab135d4-a257-4705-b491-6c056b8c5df7:c2732, a4f67574-9018-43e7-8a54-351e98dc3d0a:c2732]
2019-08-23 07:09:03,101 | INFO  | DNAudit | user=null | ip=null | op=WRITE_CHUNK {blockData=conID: 2 locID: 102665036959973908 bcsId: 0} | ret=SUCCESS |  
2019-08-23 07:09:03,102 | INFO  | DNAudit | user=null | ip=null | op=PUT_BLOCK {blockData=[blockId=conID: 2 locID: 102665036959973908 bcsId: 0,size=2097152]} | ret=SUCCESS |  
2019-08-23 07:09:03,106 | INFO  | DNAudit | user=null | ip=null | op=WRITE_CHUNK {blockData=conID: 2 locID: 102665036959973908 bcsId: 2734} | ret=SUCCESS |  
2019-08-23 07:09:03,108 | INFO  | DNAudit | user=null | ip=null | op=WRITE_CHUNK {blockData=conID: 2 locID: 102665036959973908 bcsId: 2734} | ret=SUCCESS |  
2019-08-23 07:09:03,108 | INFO  | DNAudit | user=null | ip=null | op=WRITE_CHUNK {blockData=conID: 2 locID: 102665036959973908 bcsId: 2734} | ret=SUCCESS |  
2019-08-23 07:09:03,119 | INFO  | DNAudit | user=null | ip=null | op=WRITE_CHUNK {blockData=conID: 2 locID: 102665036959973908 bcsId: 2734} | ret=SUCCESS |  
2019-08-23 07:09:03,119 | INFO  | DNAudit | user=null | ip=null | op=PUT_BLOCK {blockData=[blockId=conID: 2 locID: 102665036959973908 bcsId: 0,size=3145728]} | ret=SUCCESS |  
2019-08-23 07:09:03,119 [grpc-default-executor-3] INFO  client.GrpcClientProtocolClient (GrpcClientProtocolClient.java:onNext(255)) - client-D91E5D1E15CE->f2ba01fc-a63e-4348-bd18-030b60a135e7: receive RaftClientReply:client-D91E5D1E15CE->f2ba01fc-a63e-4348-bd18-030b60a135e7@group-C8C62FEF0626, cid=1883, SUCCESS, logIndex=2738, commits[f2ba01fc-a63e-4348-bd18-030b60a135e7:c2739, eab135d4-a257-4705-b491-6c056b8c5df7:c2737, a4f67574-9018-43e7-8a54-351e98dc3d0a:c2737]
2019-08-23 07:09:03,119 [grpc-default-executor-3] INFO  client.GrpcClientProtocolClient (GrpcClientProtocolClient.java:onNext(255)) - client-D91E5D1E15CE->f2ba01fc-a63e-4348-bd18-030b60a135e7: receive RaftClientReply:client-D91E5D1E15CE->f2ba01fc-a63e-4348-bd18-030b60a135e7@group-C8C62FEF0626, cid=1884, SUCCESS, logIndex=2739, commits[f2ba01fc-a63e-4348-bd18-030b60a135e7:c2739, eab135d4-a257-4705-b491-6c056b8c5df7:c2737, a4f67574-9018-43e7-8a54-351e98dc3d0a:c2737]
2019-08-23 07:09:03,124 | INFO  | DNAudit | user=null | ip=null | op=WRITE_CHUNK {blockData=conID: 2 locID: 102665036959973908 bcsId: 2739} | ret=SUCCESS |  
2019-08-23 07:09:03,126 | INFO  | DNAudit | user=null | ip=null | op=WRITE_CHUNK {blockData=conID: 2 locID: 102665036959973908 bcsId: 2739} | ret=SUCCESS |  
2019-08-23 07:09:03,126 | INFO  | DNAudit | user=null | ip=null | op=WRITE_CHUNK {blockData=conID: 2 locID: 102665036959973908 bcsId: 2739} | ret=SUCCESS |  
2019-08-23 07:09:03,130 | INFO  | DNAudit | user=null | ip=null | op=WRITE_CHUNK {blockData=conID: 2 locID: 102665036959973908 bcsId: 2734} | ret=SUCCESS |  
2019-08-23 07:09:03,130 | INFO  | DNAudit | user=null | ip=null | op=WRITE_CHUNK {blockData=conID: 2 locID: 102665036959973908 bcsId: 2734} | ret=SUCCESS |  
2019-08-23 07:09:03,133 | INFO  | DNAudit | user=null | ip=null | op=PUT_BLOCK {blockData=[blockId=conID: 2 locID: 102665036959973908 bcsId: 0,size=3145728]} | ret=SUCCESS |  
2019-08-23 07:09:03,133 | INFO  | DNAudit | user=null | ip=null | op=PUT_BLOCK {blockData=[blockId=conID: 2 locID: 102665036959973908 bcsId: 0,size=3145728]} | ret=SUCCESS |  
2019-08-23 07:09:03,133 | INFO  | DNAudit | user=null | ip=null | op=WRITE_CHUNK {blockData=conID: 2 locID: 102665036959973908 bcsId: 2739} | ret=SUCCESS |  
2019-08-23 07:09:03,133 | INFO  | DNAudit | user=null | ip=null | op=PUT_BLOCK {blockData=[blockId=conID: 2 locID: 102665036959973908 bcsId: 0,size=4194304]} | ret=SUCCESS |  
2019-08-23 07:09:03,133 [grpc-default-executor-3] INFO  client.GrpcClientProtocolClient (GrpcClientProtocolClient.java:onNext(255)) - client-D91E5D1E15CE->f2ba01fc-a63e-4348-bd18-030b60a135e7: receive RaftClientReply:client-D91E5D1E15CE->f2ba01fc-a63e-4348-bd18-030b60a135e7@group-C8C62FEF0626, cid=1885, SUCCESS, logIndex=2742, commits[f2ba01fc-a63e-4348-bd18-030b60a135e7:c2743, eab135d4-a257-4705-b491-6c056b8c5df7:c2739, a4f67574-9018-43e7-8a54-351e98dc3d0a:c2739]
2019-08-23 07:09:03,134 [grpc-default-executor-3] INFO  client.GrpcClientProtocolClient (GrpcClientProtocolClient.java:onNext(255)) - client-D91E5D1E15CE->f2ba01fc-a63e-4348-bd18-030b60a135e7: receive RaftClientReply:client-D91E5D1E15CE->f2ba01fc-a63e-4348-bd18-030b60a135e7@group-C8C62FEF0626, cid=1886, SUCCESS, logIndex=2743, commits[f2ba01fc-a63e-4348-bd18-030b60a135e7:c2743, eab135d4-a257-4705-b491-6c056b8c5df7:c2739, a4f67574-9018-43e7-8a54-351e98dc3d0a:c2739]
2019-08-23 07:09:03,145 | INFO  | DNAudit | user=null | ip=null | op=WRITE_CHUNK {blockData=conID: 2 locID: 102665036959973908 bcsId: 2739} | ret=SUCCESS |  
2019-08-23 07:09:03,145 | INFO  | DNAudit | user=null | ip=null | op=WRITE_CHUNK {blockData=conID: 2 locID: 102665036959973908 bcsId: 2739} | ret=SUCCESS |  
2019-08-23 07:09:03,147 | INFO  | SCMAudit | user=jenkins1000 | ip=192.168.5.178 | op=SEND_HEARTBEAT {datanodeUUID=b7d3ecaa-ab76-49a0-b691-40b7e1ed625a, command=[]} | ret=SUCCESS |  
2019-08-23 07:09:03,147 | INFO  | DNAudit | user=null | ip=null | op=PUT_BLOCK {blockData=[blockId=conID: 2 locID: 102665036959973908 bcsId: 0,size=4194304]} | ret=SUCCESS |  
2019-08-23 07:09:03,148 | INFO  | DNAudit | user=null | ip=null | op=PUT_BLOCK {blockData=[blockId=conID: 2 locID: 102665036959973908 bcsId: 0,size=4194304]} | ret=SUCCESS |  
2019-08-23 07:09:03,148 [grpc-default-executor-3] INFO  client.GrpcClientProtocolClient (GrpcClientProtocolClient.java:onNext(255)) - client-D91E5D1E15CE->f2ba01fc-a63e-4348-bd18-030b60a135e7: receive RaftClientReply:client-D91E5D1E15CE->f2ba01fc-a63e-4348-bd18-030b60a135e7@group-C8C62FEF0626, cid=1887, SUCCESS, logIndex=0, commits[f2ba01fc-a63e-4348-bd18-030b60a135e7:c2745, eab135d4-a257-4705-b491-6c056b8c5df7:c2743, a4f67574-9018-43e7-8a54-351e98dc3d0a:c2743]
2019-08-23 07:09:03,153 | INFO  | SCMAudit | user=jenkins1000 | ip=192.168.5.178 | op=ALLOCATE_BLOCK {owner=aaf04d22-10dd-4717-8862-c651bdde72cf, size=4194304, type=RATIS, factor=THREE} | ret=SUCCESS |  
2019-08-23 07:09:03,157 | INFO  | OMAudit | user=jenkins1000 | ip=127.0.0.1 | op=ALLOCATE_BLOCK {volume=vol-0-67663, bucket=bucket-0-68950, key=key-0-26970, dataSize=0, replicationType=null, replicationFactor=null, keyLocationInfo=null, clientID=102665036030476690} | ret=SUCCESS |  
2019-08-23 07:09:03,162 | INFO  | DNAudit | user=null | ip=null | op=WRITE_CHUNK {blockData=conID: 3 locID: 102665036965675541 bcsId: 0} | ret=SUCCESS |  
2019-08-23 07:09:03,164 | INFO  | DNAudit | user=null | ip=null | op=WRITE_CHUNK {blockData=conID: 3 locID: 102665036965675541 bcsId: 0} | ret=SUCCESS |  
2019-08-23 07:09:03,165 | INFO  | DNAudit | user=null | ip=null | op=WRITE_CHUNK {blockData=conID: 3 locID: 102665036965675541 bcsId: 0} | ret=SUCCESS |  
2019-08-23 07:09:03,165 | INFO  | DNAudit | user=null | ip=null | op=WRITE_CHUNK {blockData=conID: 3 locID: 102665036965675541 bcsId: 0} | ret=SUCCESS |  
2019-08-23 07:09:03,166 | INFO  | DNAudit | user=null | ip=null | op=WRITE_CHUNK {blockData=conID: 3 locID: 102665036965675541 bcsId: 0} | ret=SUCCESS |  
2019-08-23 07:09:03,166 | INFO  | DNAudit | user=null | ip=null | op=WRITE_CHUNK {blockData=conID: 3 locID: 102665036965675541 bcsId: 0} | ret=SUCCESS |  
2019-08-23 07:09:03,175 | INFO  | DNAudit | user=null | ip=null | op=WRITE_CHUNK {blockData=conID: 3 locID: 102665036965675541 bcsId: 0} | ret=SUCCESS |  
2019-08-23 07:09:03,175 | INFO  | DNAudit | user=null | ip=null | op=PUT_BLOCK {blockData=[blockId=conID: 3 locID: 102665036965675541 bcsId: 0,size=1048576]} | ret=SUCCESS |  
2019-08-23 07:09:03,175 | INFO  | DNAudit | user=null | ip=null | op=WRITE_CHUNK {blockData=conID: 3 locID: 102665036965675541 bcsId: 0} | ret=SUCCESS |  
2019-08-23 07:09:03,175 [grpc-default-executor-0] INFO  client.GrpcClientProtocolClient (GrpcClientProtocolClient.java:onNext(255)) - client-D91E5D1E15CE->f2ba01fc-a63e-4348-bd18-030b60a135e7: receive RaftClientReply:client-D91E5D1E15CE->f2ba01fc-a63e-4348-bd18-030b60a135e7@group-C8C62FEF0626, cid=1888, SUCCESS, logIndex=2746, commits[f2ba01fc-a63e-4348-bd18-030b60a135e7:c2747, eab135d4-a257-4705-b491-6c056b8c5df7:c2745, a4f67574-9018-43e7-8a54-351e98dc3d0a:c2745]
2019-08-23 07:09:03,176 | INFO  | DNAudit | user=null | ip=null | op=PUT_BLOCK {blockData=[blockId=conID: 3 locID: 102665036965675541 bcsId: 0,size=2097152]} | ret=SUCCESS |  
2019-08-23 07:09:03,176 [grpc-default-executor-0] INFO  client.GrpcClientProtocolClient (GrpcClientProtocolClient.java:onNext(255)) - client-D91E5D1E15CE->f2ba01fc-a63e-4348-bd18-030b60a135e7: receive RaftClientReply:client-D91E5D1E15CE->f2ba01fc-a63e-4348-bd18-030b60a135e7@group-C8C62FEF0626, cid=1889, SUCCESS, logIndex=2747, commits[f2ba01fc-a63e-4348-bd18-030b60a135e7:c2749, eab135d4-a257-4705-b491-6c056b8c5df7:c2745, a4f67574-9018-43e7-8a54-351e98dc3d0a:c2745]
2019-08-23 07:09:03,176 | INFO  | DNAudit | user=null | ip=null | op=WRITE_CHUNK {blockData=conID: 3 locID: 102665036965675541 bcsId: 0} | ret=SUCCESS |  
2019-08-23 07:09:03,176 | INFO  | DNAudit | user=null | ip=null | op=WRITE_CHUNK {blockData=conID: 3 locID: 102665036965675541 bcsId: 0} | ret=SUCCESS |  
2019-08-23 07:09:03,176 | INFO  | DNAudit | user=null | ip=null | op=PUT_BLOCK {blockData=[blockId=conID: 3 locID: 102665036965675541 bcsId: 0,size=1048576]} | ret=SUCCESS |  
2019-08-23 07:09:03,176 [grpc-default-executor-2] INFO  client.GrpcClientProtocolClient (GrpcClientProtocolClient.java:onNext(255)) - client-D91E5D1E15CE->f2ba01fc-a63e-4348-bd18-030b60a135e7: receive RaftClientReply:client-D91E5D1E15CE->f2ba01fc-a63e-4348-bd18-030b60a135e7@group-C8C62FEF0626, cid=1890, SUCCESS, logIndex=2748, commits[f2ba01fc-a63e-4348-bd18-030b60a135e7:c2749, eab135d4-a257-4705-b491-6c056b8c5df7:c2745, a4f67574-9018-43e7-8a54-351e98dc3d0a:c2745]
2019-08-23 07:09:03,176 | INFO  | DNAudit | user=null | ip=null | op=PUT_BLOCK {blockData=[blockId=conID: 3 locID: 102665036965675541 bcsId: 0,size=1048576]} | ret=SUCCESS |  
2019-08-23 07:09:03,176 [grpc-default-executor-0] INFO  client.GrpcClientProtocolClient (GrpcClientProtocolClient.java:onNext(255)) - client-D91E5D1E15CE->f2ba01fc-a63e-4348-bd18-030b60a135e7: receive RaftClientReply:client-D91E5D1E15CE->f2ba01fc-a63e-4348-bd18-030b60a135e7@group-C8C62FEF0626, cid=1891, SUCCESS, logIndex=2749, commits[f2ba01fc-a63e-4348-bd18-030b60a135e7:c2749, eab135d4-a257-4705-b491-6c056b8c5df7:c2745, a4f67574-9018-43e7-8a54-351e98dc3d0a:c2745]
2019-08-23 07:09:03,177 [grpc-default-executor-0] INFO  client.GrpcClientProtocolClient (GrpcClientProtocolClient.java:onNext(255)) - client-D91E5D1E15CE->f2ba01fc-a63e-4348-bd18-030b60a135e7: receive RaftClientReply:client-D91E5D1E15CE->f2ba01fc-a63e-4348-bd18-030b60a135e7@group-C8C62FEF0626, cid=1892, SUCCESS, logIndex=0, commits[f2ba01fc-a63e-4348-bd18-030b60a135e7:c2751, eab135d4-a257-4705-b491-6c056b8c5df7:c2747, a4f67574-9018-43e7-8a54-351e98dc3d0a:c2747]
2019-08-23 07:09:03,177 | INFO  | DNAudit | user=null | ip=null | op=WRITE_CHUNK {blockData=conID: 3 locID: 102665036965675541 bcsId: 0} | ret=SUCCESS |  
2019-08-23 07:09:03,178 | INFO  | DNAudit | user=null | ip=null | op=PUT_BLOCK {blockData=[blockId=conID: 3 locID: 102665036965675541 bcsId: 0,size=2097152]} | ret=SUCCESS |  
2019-08-23 07:09:03,178 | INFO  | DNAudit | user=null | ip=null | op=WRITE_CHUNK {blockData=conID: 3 locID: 102665036965675541 bcsId: 0} | ret=SUCCESS |  
2019-08-23 07:09:03,178 | INFO  | DNAudit | user=null | ip=null | op=PUT_BLOCK {blockData=[blockId=conID: 3 locID: 102665036965675541 bcsId: 0,size=2097152]} | ret=SUCCESS |  
2019-08-23 07:09:03,182 | INFO  | DNAudit | user=null | ip=null | op=WRITE_CHUNK {blockData=conID: 3 locID: 102665036965675541 bcsId: 2749} | ret=SUCCESS |  
2019-08-23 07:09:03,184 | INFO  | DNAudit | user=null | ip=null | op=WRITE_CHUNK {blockData=conID: 3 locID: 102665036965675541 bcsId: 2749} | ret=SUCCESS |  
2019-08-23 07:09:03,184 | INFO  | DNAudit | user=null | ip=null | op=WRITE_CHUNK {blockData=conID: 3 locID: 102665036965675541 bcsId: 2749} | ret=SUCCESS |  
2019-08-23 07:09:03,195 | INFO  | DNAudit | user=null | ip=null | op=WRITE_CHUNK {blockData=conID: 3 locID: 102665036965675541 bcsId: 2749} | ret=SUCCESS |  
2019-08-23 07:09:03,196 | INFO  | DNAudit | user=null | ip=null | op=PUT_BLOCK {blockData=[blockId=conID: 3 locID: 102665036965675541 bcsId: 0,size=3145728]} | ret=SUCCESS |  
2019-08-23 07:09:03,196 [grpc-default-executor-0] INFO  client.GrpcClientProtocolClient (GrpcClientProtocolClient.java:onNext(255)) - client-D91E5D1E15CE->f2ba01fc-a63e-4348-bd18-030b60a135e7: receive RaftClientReply:client-D91E5D1E15CE->f2ba01fc-a63e-4348-bd18-030b60a135e7@group-C8C62FEF0626, cid=1893, SUCCESS, logIndex=2753, commits[f2ba01fc-a63e-4348-bd18-030b60a135e7:c2754, eab135d4-a257-4705-b491-6c056b8c5df7:c2752, a4f67574-9018-43e7-8a54-351e98dc3d0a:c2752]
2019-08-23 07:09:03,196 [grpc-default-executor-0] INFO  client.GrpcClientProtocolClient (GrpcClientProtocolClient.java:onNext(255)) - client-D91E5D1E15CE->f2ba01fc-a63e-4348-bd18-030b60a135e7: receive RaftClientReply:client-D91E5D1E15CE->f2ba01fc-a63e-4348-bd18-030b60a135e7@group-C8C62FEF0626, cid=1894, SUCCESS, logIndex=2754, commits[f2ba01fc-a63e-4348-bd18-030b60a135e7:c2754, eab135d4-a257-4705-b491-6c056b8c5df7:c2752, a4f67574-9018-43e7-8a54-351e98dc3d0a:c2752]
2019-08-23 07:09:03,201 | INFO  | DNAudit | user=null | ip=null | op=WRITE_CHUNK {blockData=conID: 3 locID: 102665036965675541 bcsId: 2754} | ret=SUCCESS |  
2019-08-23 07:09:03,203 | INFO  | DNAudit | user=null | ip=null | op=WRITE_CHUNK {blockData=conID: 3 locID: 102665036965675541 bcsId: 2754} | ret=SUCCESS |  
2019-08-23 07:09:03,203 | INFO  | DNAudit | user=null | ip=null | op=WRITE_CHUNK {blockData=conID: 3 locID: 102665036965675541 bcsId: 2754} | ret=SUCCESS |  
2019-08-23 07:09:03,280 | INFO  | DNAudit | user=null | ip=null | op=WRITE_CHUNK {blockData=conID: 3 locID: 102665036965675541 bcsId: 2749} | ret=SUCCESS |  
2019-08-23 07:09:03,280 | INFO  | DNAudit | user=null | ip=null | op=WRITE_CHUNK {blockData=conID: 3 locID: 102665036965675541 bcsId: 2749} | ret=SUCCESS |  
2019-08-23 07:09:03,280 | INFO  | DNAudit | user=null | ip=null | op=PUT_BLOCK {blockData=[blockId=conID: 3 locID: 102665036965675541 bcsId: 0,size=3145728]} | ret=SUCCESS |  
2019-08-23 07:09:03,281 | INFO  | DNAudit | user=null | ip=null | op=WRITE_CHUNK {blockData=conID: 3 locID: 102665036965675541 bcsId: 2754} | ret=SUCCESS |  
2019-08-23 07:09:03,281 | INFO  | DNAudit | user=null | ip=null | op=PUT_BLOCK {blockData=[blockId=conID: 3 locID: 102665036965675541 bcsId: 0,size=4194304]} | ret=SUCCESS |  
2019-08-23 07:09:03,281 [grpc-default-executor-3] INFO  client.GrpcClientProtocolClient (GrpcClientProtocolClient.java:onNext(255)) - client-D91E5D1E15CE->f2ba01fc-a63e-4348-bd18-030b60a135e7: receive RaftClientReply:client-D91E5D1E15CE->f2ba01fc-a63e-4348-bd18-030b60a135e7@group-C8C62FEF0626, cid=1895, SUCCESS, logIndex=2757, commits[f2ba01fc-a63e-4348-bd18-030b60a135e7:c2758, eab135d4-a257-4705-b491-6c056b8c5df7:c2753, a4f67574-9018-43e7-8a54-351e98dc3d0a:c2754]
2019-08-23 07:09:03,282 [grpc-default-executor-3] INFO  client.GrpcClientProtocolClient (GrpcClientProtocolClient.java:onNext(255)) - client-D91E5D1E15CE->f2ba01fc-a63e-4348-bd18-030b60a135e7: receive RaftClientReply:client-D91E5D1E15CE->f2ba01fc-a63e-4348-bd18-030b60a135e7@group-C8C62FEF0626, cid=1896, SUCCESS, logIndex=2758, commits[f2ba01fc-a63e-4348-bd18-030b60a135e7:c2758, eab135d4-a257-4705-b491-6c056b8c5df7:c2753, a4f67574-9018-43e7-8a54-351e98dc3d0a:c2754]
2019-08-23 07:09:03,291 | INFO  | DNAudit | user=null | ip=null | op=PUT_BLOCK {blockData=[blockId=conID: 3 locID: 102665036965675541 bcsId: 0,size=3145728]} | ret=SUCCESS |  
2019-08-23 07:09:03,291 | INFO  | DNAudit | user=null | ip=null | op=WRITE_CHUNK {blockData=conID: 3 locID: 102665036965675541 bcsId: 2754} | ret=SUCCESS |  
2019-08-23 07:09:03,292 | INFO  | DNAudit | user=null | ip=null | op=WRITE_CHUNK {blockData=conID: 3 locID: 102665036965675541 bcsId: 2754} | ret=SUCCESS |  
2019-08-23 07:09:03,292 [grpc-default-executor-2] INFO  client.GrpcClientProtocolClient (GrpcClientProtocolClient.java:onNext(255)) - client-D91E5D1E15CE->f2ba01fc-a63e-4348-bd18-030b60a135e7: receive RaftClientReply:client-D91E5D1E15CE->f2ba01fc-a63e-4348-bd18-030b60a135e7@group-C8C62FEF0626, cid=1897, SUCCESS, logIndex=0, commits[f2ba01fc-a63e-4348-bd18-030b60a135e7:c2758, eab135d4-a257-4705-b491-6c056b8c5df7:c2754, a4f67574-9018-43e7-8a54-351e98dc3d0a:c2754]
2019-08-23 07:09:03,292 | INFO  | DNAudit | user=null | ip=null | op=PUT_BLOCK {blockData=[blockId=conID: 3 locID: 102665036965675541 bcsId: 0,size=4194304]} | ret=SUCCESS |  
2019-08-23 07:09:03,293 | INFO  | DNAudit | user=null | ip=null | op=PUT_BLOCK {blockData=[blockId=conID: 3 locID: 102665036965675541 bcsId: 0,size=4194304]} | ret=SUCCESS |  
2019-08-23 07:09:03,293 [grpc-default-executor-2] INFO  client.GrpcClientProtocolClient (GrpcClientProtocolClient.java:onNext(255)) - client-D91E5D1E15CE->f2ba01fc-a63e-4348-bd18-030b60a135e7: receive RaftClientReply:client-D91E5D1E15CE->f2ba01fc-a63e-4348-bd18-030b60a135e7@group-C8C62FEF0626, cid=1898, SUCCESS, logIndex=0, commits[f2ba01fc-a63e-4348-bd18-030b60a135e7:c2760, eab135d4-a257-4705-b491-6c056b8c5df7:c2758, a4f67574-9018-43e7-8a54-351e98dc3d0a:c2758]
2019-08-23 07:09:03,299 | INFO  | SCMAudit | user=jenkins1000 | ip=192.168.5.178 | op=ALLOCATE_BLOCK {owner=aaf04d22-10dd-4717-8862-c651bdde72cf, size=4194304, type=RATIS, factor=THREE} | ret=SUCCESS |  
2019-08-23 07:09:03,303 | INFO  | OMAudit | user=jenkins1000 | ip=127.0.0.1 | op=ALLOCATE_BLOCK {volume=vol-0-67663, bucket=bucket-0-68950, key=key-0-26970, dataSize=0, replicationType=null, replicationFactor=null, keyLocationInfo=null, clientID=102665036030476690} | ret=SUCCESS |  
2019-08-23 07:09:03,310 | INFO  | DNAudit | user=null | ip=null | op=WRITE_CHUNK {blockData=conID: 1 locID: 102665036975243798 bcsId: 0} | ret=SUCCESS |  
2019-08-23 07:09:03,314 | INFO  | DNAudit | user=null | ip=null | op=WRITE_CHUNK {blockData=conID: 1 locID: 102665036975243798 bcsId: 0} | ret=SUCCESS |  
2019-08-23 07:09:03,314 | INFO  | DNAudit | user=null | ip=null | op=WRITE_CHUNK {blockData=conID: 1 locID: 102665036975243798 bcsId: 0} | ret=SUCCESS |  
2019-08-23 07:09:03,314 | INFO  | DNAudit | user=null | ip=null | op=WRITE_CHUNK {blockData=conID: 1 locID: 102665036975243798 bcsId: 0} | ret=SUCCESS |  
2019-08-23 07:09:03,317 | INFO  | DNAudit | user=null | ip=null | op=WRITE_CHUNK {blockData=conID: 1 locID: 102665036975243798 bcsId: 0} | ret=SUCCESS |  
2019-08-23 07:09:03,317 | INFO  | DNAudit | user=null | ip=null | op=WRITE_CHUNK {blockData=conID: 1 locID: 102665036975243798 bcsId: 0} | ret=SUCCESS |  
2019-08-23 07:09:03,323 | INFO  | DNAudit | user=null | ip=null | op=WRITE_CHUNK {blockData=conID: 1 locID: 102665036975243798 bcsId: 0} | ret=SUCCESS |  
2019-08-23 07:09:03,323 | INFO  | DNAudit | user=null | ip=null | op=PUT_BLOCK {blockData=[blockId=conID: 1 locID: 102665036975243798 bcsId: 0,size=1048576]} | ret=SUCCESS |  
2019-08-23 07:09:03,324 | INFO  | DNAudit | user=null | ip=null | op=WRITE_CHUNK {blockData=conID: 1 locID: 102665036975243798 bcsId: 0} | ret=SUCCESS |  
2019-08-23 07:09:03,324 | INFO  | DNAudit | user=null | ip=null | op=PUT_BLOCK {blockData=[blockId=conID: 1 locID: 102665036975243798 bcsId: 0,size=2097152]} | ret=SUCCESS |  
2019-08-23 07:09:03,324 [grpc-default-executor-0] INFO  client.GrpcClientProtocolClient (GrpcClientProtocolClient.java:onNext(255)) - client-D91E5D1E15CE->f2ba01fc-a63e-4348-bd18-030b60a135e7: receive RaftClientReply:client-D91E5D1E15CE->f2ba01fc-a63e-4348-bd18-030b60a135e7@group-C8C62FEF0626, cid=1899, SUCCESS, logIndex=2761, commits[f2ba01fc-a63e-4348-bd18-030b60a135e7:c2762, eab135d4-a257-4705-b491-6c056b8c5df7:c2760, a4f67574-9018-43e7-8a54-351e98dc3d0a:c2760]
2019-08-23 07:09:03,325 | INFO  | DNAudit | user=null | ip=null | op=WRITE_CHUNK {blockData=conID: 1 locID: 102665036975243798 bcsId: 0} | ret=SUCCESS |  
2019-08-23 07:09:03,325 [grpc-default-executor-0] INFO  client.GrpcClientProtocolClient (GrpcClientProtocolClient.java:onNext(255)) - client-D91E5D1E15CE->f2ba01fc-a63e-4348-bd18-030b60a135e7: receive RaftClientReply:client-D91E5D1E15CE->f2ba01fc-a63e-4348-bd18-030b60a135e7@group-C8C62FEF0626, cid=1900, SUCCESS, logIndex=2762, commits[f2ba01fc-a63e-4348-bd18-030b60a135e7:c2762, eab135d4-a257-4705-b491-6c056b8c5df7:c2760, a4f67574-9018-43e7-8a54-351e98dc3d0a:c2760]
2019-08-23 07:09:03,325 | INFO  | DNAudit | user=null | ip=null | op=PUT_BLOCK {blockData=[blockId=conID: 1 locID: 102665036975243798 bcsId: 0,size=1048576]} | ret=SUCCESS |  
2019-08-23 07:09:03,326 [grpc-default-executor-0] INFO  client.GrpcClientProtocolClient (GrpcClientProtocolClient.java:onNext(255)) - client-D91E5D1E15CE->f2ba01fc-a63e-4348-bd18-030b60a135e7: receive RaftClientReply:client-D91E5D1E15CE->f2ba01fc-a63e-4348-bd18-030b60a135e7@group-C8C62FEF0626, cid=1901, SUCCESS, logIndex=2763, commits[f2ba01fc-a63e-4348-bd18-030b60a135e7:c2764, eab135d4-a257-4705-b491-6c056b8c5df7:c2760, a4f67574-9018-43e7-8a54-351e98dc3d0a:c2760]
2019-08-23 07:09:03,326 [grpc-default-executor-0] INFO  client.GrpcClientProtocolClient (GrpcClientProtocolClient.java:onNext(255)) - client-D91E5D1E15CE->f2ba01fc-a63e-4348-bd18-030b60a135e7: receive RaftClientReply:client-D91E5D1E15CE->f2ba01fc-a63e-4348-bd18-030b60a135e7@group-C8C62FEF0626, cid=1902, SUCCESS, logIndex=2764, commits[f2ba01fc-a63e-4348-bd18-030b60a135e7:c2764, eab135d4-a257-4705-b491-6c056b8c5df7:c2760, a4f67574-9018-43e7-8a54-351e98dc3d0a:c2760]
2019-08-23 07:09:03,327 | INFO  | DNAudit | user=null | ip=null | op=WRITE_CHUNK {blockData=conID: 1 locID: 102665036975243798 bcsId: 0} | ret=SUCCESS |  
2019-08-23 07:09:03,327 | INFO  | DNAudit | user=null | ip=null | op=PUT_BLOCK {blockData=[blockId=conID: 1 locID: 102665036975243798 bcsId: 0,size=1048576]} | ret=SUCCESS |  
2019-08-23 07:09:03,328 [grpc-default-executor-0] INFO  client.GrpcClientProtocolClient (GrpcClientProtocolClient.java:onNext(255)) - client-D91E5D1E15CE->f2ba01fc-a63e-4348-bd18-030b60a135e7: receive RaftClientReply:client-D91E5D1E15CE->f2ba01fc-a63e-4348-bd18-030b60a135e7@group-C8C62FEF0626, cid=1903, SUCCESS, logIndex=0, commits[f2ba01fc-a63e-4348-bd18-030b60a135e7:c2765, eab135d4-a257-4705-b491-6c056b8c5df7:c2762, a4f67574-9018-43e7-8a54-351e98dc3d0a:c2762]
2019-08-23 07:09:03,338 | INFO  | DNAudit | user=null | ip=null | op=WRITE_CHUNK {blockData=conID: 1 locID: 102665036975243798 bcsId: 0} | ret=SUCCESS |  
2019-08-23 07:09:03,338 | INFO  | DNAudit | user=null | ip=null | op=WRITE_CHUNK {blockData=conID: 1 locID: 102665036975243798 bcsId: 2764} | ret=SUCCESS |  
2019-08-23 07:09:03,338 | INFO  | DNAudit | user=null | ip=null | op=PUT_BLOCK {blockData=[blockId=conID: 1 locID: 102665036975243798 bcsId: 0,size=2097152]} | ret=SUCCESS |  
2019-08-23 07:09:03,338 | INFO  | DNAudit | user=null | ip=null | op=WRITE_CHUNK {blockData=conID: 1 locID: 102665036975243798 bcsId: 0} | ret=SUCCESS |  
2019-08-23 07:09:03,339 | INFO  | DNAudit | user=null | ip=null | op=PUT_BLOCK {blockData=[blockId=conID: 1 locID: 102665036975243798 bcsId: 0,size=2097152]} | ret=SUCCESS |  
2019-08-23 07:09:03,341 | INFO  | DNAudit | user=null | ip=null | op=WRITE_CHUNK {blockData=conID: 1 locID: 102665036975243798 bcsId: 2764} | ret=SUCCESS |  
2019-08-23 07:09:03,341 | INFO  | DNAudit | user=null | ip=null | op=WRITE_CHUNK {blockData=conID: 1 locID: 102665036975243798 bcsId: 2764} | ret=SUCCESS |  
2019-08-23 07:09:03,354 | INFO  | DNAudit | user=null | ip=null | op=WRITE_CHUNK {blockData=conID: 1 locID: 102665036975243798 bcsId: 2764} | ret=SUCCESS |  
2019-08-23 07:09:03,354 | INFO  | DNAudit | user=null | ip=null | op=PUT_BLOCK {blockData=[blockId=conID: 1 locID: 102665036975243798 bcsId: 0,size=3145728]} | ret=SUCCESS |  
2019-08-23 07:09:03,354 [grpc-default-executor-0] INFO  client.GrpcClientProtocolClient (GrpcClientProtocolClient.java:onNext(255)) - client-D91E5D1E15CE->f2ba01fc-a63e-4348-bd18-030b60a135e7: receive RaftClientReply:client-D91E5D1E15CE->f2ba01fc-a63e-4348-bd18-030b60a135e7@group-C8C62FEF0626, cid=1904, SUCCESS, logIndex=2769, commits[f2ba01fc-a63e-4348-bd18-030b60a135e7:c2770, eab135d4-a257-4705-b491-6c056b8c5df7:c2766, a4f67574-9018-43e7-8a54-351e98dc3d0a:c2766]
2019-08-23 07:09:03,355 [grpc-default-executor-0] INFO  client.GrpcClientProtocolClient (GrpcClientProtocolClient.java:onNext(255)) - client-D91E5D1E15CE->f2ba01fc-a63e-4348-bd18-030b60a135e7: receive RaftClientReply:client-D91E5D1E15CE->f2ba01fc-a63e-4348-bd18-030b60a135e7@group-C8C62FEF0626, cid=1905, SUCCESS, logIndex=2770, commits[f2ba01fc-a63e-4348-bd18-030b60a135e7:c2770, eab135d4-a257-4705-b491-6c056b8c5df7:c2766, a4f67574-9018-43e7-8a54-351e98dc3d0a:c2766]
2019-08-23 07:09:03,364 | INFO  | DNAudit | user=null | ip=null | op=WRITE_CHUNK {blockData=conID: 1 locID: 102665036975243798 bcsId: 2770} | ret=SUCCESS |  
2019-08-23 07:09:03,366 | INFO  | DNAudit | user=null | ip=null | op=WRITE_CHUNK {blockData=conID: 1 locID: 102665036975243798 bcsId: 2764} | ret=SUCCESS |  
2019-08-23 07:09:03,366 | INFO  | DNAudit | user=null | ip=null | op=WRITE_CHUNK {blockData=conID: 1 locID: 102665036975243798 bcsId: 2764} | ret=SUCCESS |  
2019-08-23 07:09:03,366 | INFO  | DNAudit | user=null | ip=null | op=WRITE_CHUNK {blockData=conID: 1 locID: 102665036975243798 bcsId: 2770} | ret=SUCCESS |  
2019-08-23 07:09:03,366 | INFO  | DNAudit | user=null | ip=null | op=PUT_BLOCK {blockData=[blockId=conID: 1 locID: 102665036975243798 bcsId: 0,size=3145728]} | ret=SUCCESS |  
2019-08-23 07:09:03,366 | INFO  | DNAudit | user=null | ip=null | op=WRITE_CHUNK {blockData=conID: 1 locID: 102665036975243798 bcsId: 2770} | ret=SUCCESS |  
2019-08-23 07:09:03,367 | INFO  | DNAudit | user=null | ip=null | op=PUT_BLOCK {blockData=[blockId=conID: 1 locID: 102665036975243798 bcsId: 0,size=3145728]} | ret=SUCCESS |  
2019-08-23 07:09:03,379 | INFO  | DNAudit | user=null | ip=null | op=WRITE_CHUNK {blockData=conID: 1 locID: 102665036975243798 bcsId: 2770} | ret=SUCCESS |  
2019-08-23 07:09:03,379 | INFO  | DNAudit | user=null | ip=null | op=PUT_BLOCK {blockData=[blockId=conID: 1 locID: 102665036975243798 bcsId: 0,size=4194304]} | ret=SUCCESS |  
2019-08-23 07:09:03,379 [grpc-default-executor-2] INFO  client.GrpcClientProtocolClient (GrpcClientProtocolClient.java:onNext(255)) - client-D91E5D1E15CE->f2ba01fc-a63e-4348-bd18-030b60a135e7: receive RaftClientReply:client-D91E5D1E15CE->f2ba01fc-a63e-4348-bd18-030b60a135e7@group-C8C62FEF0626, cid=1906, SUCCESS, logIndex=2773, commits[f2ba01fc-a63e-4348-bd18-030b60a135e7:c2774, eab135d4-a257-4705-b491-6c056b8c5df7:c2770, a4f67574-9018-43e7-8a54-351e98dc3d0a:c2770]
2019-08-23 07:09:03,380 [grpc-default-executor-2] INFO  client.GrpcClientProtocolClient (GrpcClientProtocolClient.java:onNext(255)) - client-D91E5D1E15CE->f2ba01fc-a63e-4348-bd18-030b60a135e7: receive RaftClientReply:client-D91E5D1E15CE->f2ba01fc-a63e-4348-bd18-030b60a135e7@group-C8C62FEF0626, cid=1907, SUCCESS, logIndex=2774, commits[f2ba01fc-a63e-4348-bd18-030b60a135e7:c2774, eab135d4-a257-4705-b491-6c056b8c5df7:c2770, a4f67574-9018-43e7-8a54-351e98dc3d0a:c2770]
2019-08-23 07:09:03,390 | INFO  | DNAudit | user=null | ip=null | op=WRITE_CHUNK {blockData=conID: 1 locID: 102665036975243798 bcsId: 2770} | ret=SUCCESS |  
2019-08-23 07:09:03,391 | INFO  | DNAudit | user=null | ip=null | op=WRITE_CHUNK {blockData=conID: 1 locID: 102665036975243798 bcsId: 2770} | ret=SUCCESS |  
2019-08-23 07:09:03,391 | INFO  | DNAudit | user=null | ip=null | op=PUT_BLOCK {blockData=[blockId=conID: 1 locID: 102665036975243798 bcsId: 0,size=4194304]} | ret=SUCCESS |  
2019-08-23 07:09:03,391 | INFO  | DNAudit | user=null | ip=null | op=PUT_BLOCK {blockData=[blockId=conID: 1 locID: 102665036975243798 bcsId: 0,size=4194304]} | ret=SUCCESS |  
2019-08-23 07:09:03,392 [grpc-default-executor-2] INFO  client.GrpcClientProtocolClient (GrpcClientProtocolClient.java:onNext(255)) - client-D91E5D1E15CE->f2ba01fc-a63e-4348-bd18-030b60a135e7: receive RaftClientReply:client-D91E5D1E15CE->f2ba01fc-a63e-4348-bd18-030b60a135e7@group-C8C62FEF0626, cid=1908, SUCCESS, logIndex=0, commits[f2ba01fc-a63e-4348-bd18-030b60a135e7:c2776, eab135d4-a257-4705-b491-6c056b8c5df7:c2774, a4f67574-9018-43e7-8a54-351e98dc3d0a:c2774]
2019-08-23 07:09:03,397 | INFO  | SCMAudit | user=jenkins1000 | ip=192.168.5.178 | op=ALLOCATE_BLOCK {owner=aaf04d22-10dd-4717-8862-c651bdde72cf, size=4194304, type=RATIS, factor=THREE} | ret=SUCCESS |  
2019-08-23 07:09:03,400 | INFO  | OMAudit | user=jenkins1000 | ip=127.0.0.1 | op=ALLOCATE_BLOCK {volume=vol-0-67663, bucket=bucket-0-68950, key=key-0-26970, dataSize=0, replicationType=null, replicationFactor=null, keyLocationInfo=null, clientID=102665036030476690} | ret=SUCCESS |  
2019-08-23 07:09:03,407 | INFO  | DNAudit | user=null | ip=null | op=WRITE_CHUNK {blockData=conID: 2 locID: 102665036981666327 bcsId: 0} | ret=SUCCESS |  
2019-08-23 07:09:03,409 | INFO  | DNAudit | user=null | ip=null | op=WRITE_CHUNK {blockData=conID: 2 locID: 102665036981666327 bcsId: 0} | ret=SUCCESS |  
2019-08-23 07:09:03,410 | INFO  | DNAudit | user=null | ip=null | op=WRITE_CHUNK {blockData=conID: 2 locID: 102665036981666327 bcsId: 0} | ret=SUCCESS |  
2019-08-23 07:09:03,411 | INFO  | DNAudit | user=null | ip=null | op=WRITE_CHUNK {blockData=conID: 2 locID: 102665036981666327 bcsId: 0} | ret=SUCCESS |  
2019-08-23 07:09:03,412 | INFO  | DNAudit | user=null | ip=null | op=WRITE_CHUNK {blockData=conID: 2 locID: 102665036981666327 bcsId: 0} | ret=SUCCESS |  
2019-08-23 07:09:03,412 | INFO  | DNAudit | user=null | ip=null | op=WRITE_CHUNK {blockData=conID: 2 locID: 102665036981666327 bcsId: 0} | ret=SUCCESS |  
2019-08-23 07:09:03,420 | INFO  | DNAudit | user=null | ip=null | op=WRITE_CHUNK {blockData=conID: 2 locID: 102665036981666327 bcsId: 0} | ret=SUCCESS |  
2019-08-23 07:09:03,421 | INFO  | DNAudit | user=null | ip=null | op=PUT_BLOCK {blockData=[blockId=conID: 2 locID: 102665036981666327 bcsId: 0,size=1048576]} | ret=SUCCESS |  
2019-08-23 07:09:03,421 | INFO  | DNAudit | user=null | ip=null | op=WRITE_CHUNK {blockData=conID: 2 locID: 102665036981666327 bcsId: 0} | ret=SUCCESS |  
2019-08-23 07:09:03,422 | INFO  | DNAudit | user=null | ip=null | op=PUT_BLOCK {blockData=[blockId=conID: 2 locID: 102665036981666327 bcsId: 0,size=2097152]} | ret=SUCCESS |  
2019-08-23 07:09:03,422 [grpc-default-executor-3] INFO  client.GrpcClientProtocolClient (GrpcClientProtocolClient.java:onNext(255)) - client-D91E5D1E15CE->f2ba01fc-a63e-4348-bd18-030b60a135e7: receive RaftClientReply:client-D91E5D1E15CE->f2ba01fc-a63e-4348-bd18-030b60a135e7@group-C8C62FEF0626, cid=1909, SUCCESS, logIndex=2777, commits[f2ba01fc-a63e-4348-bd18-030b60a135e7:c2778, eab135d4-a257-4705-b491-6c056b8c5df7:c2774, a4f67574-9018-43e7-8a54-351e98dc3d0a:c2776]
2019-08-23 07:09:03,423 [grpc-default-executor-3] INFO  client.GrpcClientProtocolClient (GrpcClientProtocolClient.java:onNext(255)) - client-D91E5D1E15CE->f2ba01fc-a63e-4348-bd18-030b60a135e7: receive RaftClientReply:client-D91E5D1E15CE->f2ba01fc-a63e-4348-bd18-030b60a135e7@group-C8C62FEF0626, cid=1910, SUCCESS, logIndex=2778, commits[f2ba01fc-a63e-4348-bd18-030b60a135e7:c2778, eab135d4-a257-4705-b491-6c056b8c5df7:c2776, a4f67574-9018-43e7-8a54-351e98dc3d0a:c2776]
2019-08-23 07:09:03,423 [grpc-default-executor-3] INFO  client.GrpcClientProtocolClient (GrpcClientProtocolClient.java:onNext(255)) - client-D91E5D1E15CE->f2ba01fc-a63e-4348-bd18-030b60a135e7: receive RaftClientReply:client-D91E5D1E15CE->f2ba01fc-a63e-4348-bd18-030b60a135e7@group-C8C62FEF0626, cid=1911, SUCCESS, logIndex=2779, commits[f2ba01fc-a63e-4348-bd18-030b60a135e7:c2780, eab135d4-a257-4705-b491-6c056b8c5df7:c2776, a4f67574-9018-43e7-8a54-351e98dc3d0a:c2776]
2019-08-23 07:09:03,423 [grpc-default-executor-3] INFO  client.GrpcClientProtocolClient (GrpcClientProtocolClient.java:onNext(255)) - client-D91E5D1E15CE->f2ba01fc-a63e-4348-bd18-030b60a135e7: receive RaftClientReply:client-D91E5D1E15CE->f2ba01fc-a63e-4348-bd18-030b60a135e7@group-C8C62FEF0626, cid=1912, SUCCESS, logIndex=2780, commits[f2ba01fc-a63e-4348-bd18-030b60a135e7:c2780, eab135d4-a257-4705-b491-6c056b8c5df7:c2776, a4f67574-9018-43e7-8a54-351e98dc3d0a:c2776]
2019-08-23 07:09:03,424 | INFO  | DNAudit | user=null | ip=null | op=WRITE_CHUNK {blockData=conID: 2 locID: 102665036981666327 bcsId: 0} | ret=SUCCESS |  
2019-08-23 07:09:03,424 | INFO  | DNAudit | user=null | ip=null | op=WRITE_CHUNK {blockData=conID: 2 locID: 102665036981666327 bcsId: 0} | ret=SUCCESS |  
2019-08-23 07:09:03,424 | INFO  | DNAudit | user=null | ip=null | op=PUT_BLOCK {blockData=[blockId=conID: 2 locID: 102665036981666327 bcsId: 0,size=1048576]} | ret=SUCCESS |  
2019-08-23 07:09:03,435 | INFO  | DNAudit | user=null | ip=null | op=PUT_BLOCK {blockData=[blockId=conID: 2 locID: 102665036981666327 bcsId: 0,size=1048576]} | ret=SUCCESS |  
2019-08-23 07:09:03,435 | INFO  | DNAudit | user=null | ip=null | op=WRITE_CHUNK {blockData=conID: 2 locID: 102665036981666327 bcsId: 0} | ret=SUCCESS |  
2019-08-23 07:09:03,436 | INFO  | DNAudit | user=null | ip=null | op=WRITE_CHUNK {blockData=conID: 2 locID: 102665036981666327 bcsId: 0} | ret=SUCCESS |  
2019-08-23 07:09:03,436 | INFO  | DNAudit | user=null | ip=null | op=PUT_BLOCK {blockData=[blockId=conID: 2 locID: 102665036981666327 bcsId: 0,size=2097152]} | ret=SUCCESS |  
2019-08-23 07:09:03,436 | INFO  | DNAudit | user=null | ip=null | op=PUT_BLOCK {blockData=[blockId=conID: 2 locID: 102665036981666327 bcsId: 0,size=2097152]} | ret=SUCCESS |  
2019-08-23 07:09:03,436 [grpc-default-executor-3] INFO  client.GrpcClientProtocolClient (GrpcClientProtocolClient.java:onNext(255)) - client-D91E5D1E15CE->f2ba01fc-a63e-4348-bd18-030b60a135e7: receive RaftClientReply:client-D91E5D1E15CE->f2ba01fc-a63e-4348-bd18-030b60a135e7@group-C8C62FEF0626, cid=1913, SUCCESS, logIndex=0, commits[f2ba01fc-a63e-4348-bd18-030b60a135e7:c2782, eab135d4-a257-4705-b491-6c056b8c5df7:c2778, a4f67574-9018-43e7-8a54-351e98dc3d0a:c2778]
2019-08-23 07:09:03,443 | INFO  | DNAudit | user=null | ip=null | op=WRITE_CHUNK {blockData=conID: 2 locID: 102665036981666327 bcsId: 2780} | ret=SUCCESS |  
2019-08-23 07:09:03,446 | INFO  | DNAudit | user=null | ip=null | op=WRITE_CHUNK {blockData=conID: 2 locID: 102665036981666327 bcsId: 2780} | ret=SUCCESS |  
2019-08-23 07:09:03,446 | INFO  | DNAudit | user=null | ip=null | op=WRITE_CHUNK {blockData=conID: 2 locID: 102665036981666327 bcsId: 2780} | ret=SUCCESS |  
2019-08-23 07:09:03,456 | INFO  | DNAudit | user=null | ip=null | op=WRITE_CHUNK {blockData=conID: 2 locID: 102665036981666327 bcsId: 2780} | ret=SUCCESS |  
2019-08-23 07:09:03,456 | INFO  | DNAudit | user=null | ip=null | op=PUT_BLOCK {blockData=[blockId=conID: 2 locID: 102665036981666327 bcsId: 0,size=3145728]} | ret=SUCCESS |  
2019-08-23 07:09:03,456 [grpc-default-executor-3] INFO  client.GrpcClientProtocolClient (GrpcClientProtocolClient.java:onNext(255)) - client-D91E5D1E15CE->f2ba01fc-a63e-4348-bd18-030b60a135e7: receive RaftClientReply:client-D91E5D1E15CE->f2ba01fc-a63e-4348-bd18-030b60a135e7@group-C8C62FEF0626, cid=1914, SUCCESS, logIndex=2784, commits[f2ba01fc-a63e-4348-bd18-030b60a135e7:c2785, eab135d4-a257-4705-b491-6c056b8c5df7:c2783, a4f67574-9018-43e7-8a54-351e98dc3d0a:c2783]
2019-08-23 07:09:03,457 [grpc-default-executor-3] INFO  client.GrpcClientProtocolClient (GrpcClientProtocolClient.java:onNext(255)) - client-D91E5D1E15CE->f2ba01fc-a63e-4348-bd18-030b60a135e7: receive RaftClientReply:client-D91E5D1E15CE->f2ba01fc-a63e-4348-bd18-030b60a135e7@group-C8C62FEF0626, cid=1915, SUCCESS, logIndex=2785, commits[f2ba01fc-a63e-4348-bd18-030b60a135e7:c2785, eab135d4-a257-4705-b491-6c056b8c5df7:c2783, a4f67574-9018-43e7-8a54-351e98dc3d0a:c2783]
2019-08-23 07:09:03,458 | INFO  | DNAudit | user=null | ip=null | op=WRITE_CHUNK {blockData=conID: 2 locID: 102665036981666327 bcsId: 2780} | ret=SUCCESS |  
2019-08-23 07:09:03,458 | INFO  | DNAudit | user=null | ip=null | op=WRITE_CHUNK {blockData=conID: 2 locID: 102665036981666327 bcsId: 2780} | ret=SUCCESS |  
2019-08-23 07:09:03,458 | INFO  | DNAudit | user=null | ip=null | op=PUT_BLOCK {blockData=[blockId=conID: 2 locID: 102665036981666327 bcsId: 0,size=3145728]} | ret=SUCCESS |  
2019-08-23 07:09:03,458 | INFO  | DNAudit | user=null | ip=null | op=PUT_BLOCK {blockData=[blockId=conID: 2 locID: 102665036981666327 bcsId: 0,size=3145728]} | ret=SUCCESS |  
2019-08-23 07:09:03,463 | INFO  | DNAudit | user=null | ip=null | op=WRITE_CHUNK {blockData=conID: 2 locID: 102665036981666327 bcsId: 2785} | ret=SUCCESS |  
2019-08-23 07:09:03,465 | INFO  | DNAudit | user=null | ip=null | op=WRITE_CHUNK {blockData=conID: 2 locID: 102665036981666327 bcsId: 2785} | ret=SUCCESS |  
2019-08-23 07:09:03,465 | INFO  | DNAudit | user=null | ip=null | op=WRITE_CHUNK {blockData=conID: 2 locID: 102665036981666327 bcsId: 2785} | ret=SUCCESS |  
2019-08-23 07:09:03,468 | INFO  | DNAudit | user=null | ip=null | op=WRITE_CHUNK {blockData=conID: 2 locID: 102665036981666327 bcsId: 2785} | ret=SUCCESS |  
2019-08-23 07:09:03,468 | INFO  | DNAudit | user=null | ip=null | op=PUT_BLOCK {blockData=[blockId=conID: 2 locID: 102665036981666327 bcsId: 0,size=4194304]} | ret=SUCCESS |  
2019-08-23 07:09:03,468 [grpc-default-executor-3] INFO  client.GrpcClientProtocolClient (GrpcClientProtocolClient.java:onNext(255)) - client-D91E5D1E15CE->f2ba01fc-a63e-4348-bd18-030b60a135e7: receive RaftClientReply:client-D91E5D1E15CE->f2ba01fc-a63e-4348-bd18-030b60a135e7@group-C8C62FEF0626, cid=1916, SUCCESS, logIndex=2788, commits[f2ba01fc-a63e-4348-bd18-030b60a135e7:c2789, eab135d4-a257-4705-b491-6c056b8c5df7:c2785, a4f67574-9018-43e7-8a54-351e98dc3d0a:c2787]
2019-08-23 07:09:03,469 [grpc-default-executor-3] INFO  client.GrpcClientProtocolClient (GrpcClientProtocolClient.java:onNext(255)) - client-D91E5D1E15CE->f2ba01fc-a63e-4348-bd18-030b60a135e7: receive RaftClientReply:client-D91E5D1E15CE->f2ba01fc-a63e-4348-bd18-030b60a135e7@group-C8C62FEF0626, cid=1917, SUCCESS, logIndex=2789, commits[f2ba01fc-a63e-4348-bd18-030b60a135e7:c2789, eab135d4-a257-4705-b491-6c056b8c5df7:c2787, a4f67574-9018-43e7-8a54-351e98dc3d0a:c2787]
2019-08-23 07:09:03,470 | INFO  | DNAudit | user=null | ip=null | op=WRITE_CHUNK {blockData=conID: 2 locID: 102665036981666327 bcsId: 2785} | ret=SUCCESS |  
2019-08-23 07:09:03,470 | INFO  | DNAudit | user=null | ip=null | op=WRITE_CHUNK {blockData=conID: 2 locID: 102665036981666327 bcsId: 2785} | ret=SUCCESS |  
2019-08-23 07:09:03,470 | INFO  | DNAudit | user=null | ip=null | op=PUT_BLOCK {blockData=[blockId=conID: 2 locID: 102665036981666327 bcsId: 0,size=4194304]} | ret=SUCCESS |  
2019-08-23 07:09:03,471 | INFO  | DNAudit | user=null | ip=null | op=PUT_BLOCK {blockData=[blockId=conID: 2 locID: 102665036981666327 bcsId: 0,size=4194304]} | ret=SUCCESS |  
2019-08-23 07:09:03,471 [grpc-default-executor-3] INFO  client.GrpcClientProtocolClient (GrpcClientProtocolClient.java:onNext(255)) - client-D91E5D1E15CE->f2ba01fc-a63e-4348-bd18-030b60a135e7: receive RaftClientReply:client-D91E5D1E15CE->f2ba01fc-a63e-4348-bd18-030b60a135e7@group-C8C62FEF0626, cid=1918, SUCCESS, logIndex=0, commits[f2ba01fc-a63e-4348-bd18-030b60a135e7:c2790, eab135d4-a257-4705-b491-6c056b8c5df7:c2789, a4f67574-9018-43e7-8a54-351e98dc3d0a:c2789]
2019-08-23 07:09:03,476 | INFO  | SCMAudit | user=jenkins1000 | ip=192.168.5.178 | op=ALLOCATE_BLOCK {owner=aaf04d22-10dd-4717-8862-c651bdde72cf, size=4194304, type=RATIS, factor=THREE} | ret=SUCCESS |  
2019-08-23 07:09:03,479 | INFO  | OMAudit | user=jenkins1000 | ip=127.0.0.1 | op=ALLOCATE_BLOCK {volume=vol-0-67663, bucket=bucket-0-68950, key=key-0-26970, dataSize=0, replicationType=null, replicationFactor=null, keyLocationInfo=null, clientID=102665036030476690} | ret=SUCCESS |  
2019-08-23 07:09:03,486 | INFO  | DNAudit | user=null | ip=null | op=WRITE_CHUNK {blockData=conID: 3 locID: 102665036986843672 bcsId: 0} | ret=SUCCESS |  
2019-08-23 07:09:03,488 | INFO  | DNAudit | user=null | ip=null | op=WRITE_CHUNK {blockData=conID: 3 locID: 102665036986843672 bcsId: 0} | ret=SUCCESS |  
2019-08-23 07:09:03,489 | INFO  | DNAudit | user=null | ip=null | op=WRITE_CHUNK {blockData=conID: 3 locID: 102665036986843672 bcsId: 0} | ret=SUCCESS |  
2019-08-23 07:09:03,489 | INFO  | DNAudit | user=null | ip=null | op=WRITE_CHUNK {blockData=conID: 3 locID: 102665036986843672 bcsId: 0} | ret=SUCCESS |  
2019-08-23 07:09:03,490 | INFO  | DNAudit | user=null | ip=null | op=WRITE_CHUNK {blockData=conID: 3 locID: 102665036986843672 bcsId: 0} | ret=SUCCESS |  
2019-08-23 07:09:03,490 | INFO  | DNAudit | user=null | ip=null | op=PUT_BLOCK {blockData=[blockId=conID: 3 locID: 102665036986843672 bcsId: 0,size=1048576]} | ret=SUCCESS |  
2019-08-23 07:09:03,490 [grpc-default-executor-4] INFO  client.GrpcClientProtocolClient (GrpcClientProtocolClient.java:onNext(255)) - client-D91E5D1E15CE->f2ba01fc-a63e-4348-bd18-030b60a135e7: receive RaftClientReply:client-D91E5D1E15CE->f2ba01fc-a63e-4348-bd18-030b60a135e7@group-C8C62FEF0626, cid=1919, SUCCESS, logIndex=2791, commits[f2ba01fc-a63e-4348-bd18-030b60a135e7:c2791, eab135d4-a257-4705-b491-6c056b8c5df7:c2790, a4f67574-9018-43e7-8a54-351e98dc3d0a:c2789]
2019-08-23 07:09:03,491 | INFO  | DNAudit | user=null | ip=null | op=WRITE_CHUNK {blockData=conID: 3 locID: 102665036986843672 bcsId: 0} | ret=SUCCESS |  
2019-08-23 07:09:03,491 [grpc-default-executor-4] INFO  client.GrpcClientProtocolClient (GrpcClientProtocolClient.java:onNext(255)) - client-D91E5D1E15CE->f2ba01fc-a63e-4348-bd18-030b60a135e7: receive RaftClientReply:client-D91E5D1E15CE->f2ba01fc-a63e-4348-bd18-030b60a135e7@group-C8C62FEF0626, cid=1920, SUCCESS, logIndex=2792, commits[f2ba01fc-a63e-4348-bd18-030b60a135e7:c2792, eab135d4-a257-4705-b491-6c056b8c5df7:c2790, a4f67574-9018-43e7-8a54-351e98dc3d0a:c2789]
2019-08-23 07:09:03,492 | INFO  | DNAudit | user=null | ip=null | op=WRITE_CHUNK {blockData=conID: 3 locID: 102665036986843672 bcsId: 0} | ret=SUCCESS |  
2019-08-23 07:09:03,493 | INFO  | DNAudit | user=null | ip=null | op=WRITE_CHUNK {blockData=conID: 3 locID: 102665036986843672 bcsId: 0} | ret=SUCCESS |  
2019-08-23 07:09:03,493 | INFO  | DNAudit | user=null | ip=null | op=WRITE_CHUNK {blockData=conID: 3 locID: 102665036986843672 bcsId: 0} | ret=SUCCESS |  
2019-08-23 07:09:03,493 | INFO  | DNAudit | user=null | ip=null | op=PUT_BLOCK {blockData=[blockId=conID: 3 locID: 102665036986843672 bcsId: 0,size=1048576]} | ret=SUCCESS |  
2019-08-23 07:09:03,493 | INFO  | DNAudit | user=null | ip=null | op=PUT_BLOCK {blockData=[blockId=conID: 3 locID: 102665036986843672 bcsId: 0,size=2097152]} | ret=SUCCESS |  
2019-08-23 07:09:03,494 [grpc-default-executor-3] INFO  client.GrpcClientProtocolClient (GrpcClientProtocolClient.java:onNext(255)) - client-D91E5D1E15CE->f2ba01fc-a63e-4348-bd18-030b60a135e7: receive RaftClientReply:client-D91E5D1E15CE->f2ba01fc-a63e-4348-bd18-030b60a135e7@group-C8C62FEF0626, cid=1921, SUCCESS, logIndex=2793, commits[f2ba01fc-a63e-4348-bd18-030b60a135e7:c2796, eab135d4-a257-4705-b491-6c056b8c5df7:c2792, a4f67574-9018-43e7-8a54-351e98dc3d0a:c2790]
2019-08-23 07:09:03,494 | INFO  | DNAudit | user=null | ip=null | op=WRITE_CHUNK {blockData=conID: 3 locID: 102665036986843672 bcsId: 0} | ret=SUCCESS |  
2019-08-23 07:09:03,494 [grpc-default-executor-3] INFO  client.GrpcClientProtocolClient (GrpcClientProtocolClient.java:onNext(255)) - client-D91E5D1E15CE->f2ba01fc-a63e-4348-bd18-030b60a135e7: receive RaftClientReply:client-D91E5D1E15CE->f2ba01fc-a63e-4348-bd18-030b60a135e7@group-C8C62FEF0626, cid=1922, SUCCESS, logIndex=2794, commits[f2ba01fc-a63e-4348-bd18-030b60a135e7:c2796, eab135d4-a257-4705-b491-6c056b8c5df7:c2792, a4f67574-9018-43e7-8a54-351e98dc3d0a:c2790]
2019-08-23 07:09:03,494 | INFO  | DNAudit | user=null | ip=null | op=PUT_BLOCK {blockData=[blockId=conID: 3 locID: 102665036986843672 bcsId: 0,size=1048576]} | ret=SUCCESS |  
2019-08-23 07:09:03,494 | INFO  | DNAudit | user=null | ip=null | op=WRITE_CHUNK {blockData=conID: 3 locID: 102665036986843672 bcsId: 0} | ret=SUCCESS |  
2019-08-23 07:09:03,494 | INFO  | DNAudit | user=null | ip=null | op=PUT_BLOCK {blockData=[blockId=conID: 3 locID: 102665036986843672 bcsId: 0,size=2097152]} | ret=SUCCESS |  
2019-08-23 07:09:03,495 | INFO  | DNAudit | user=null | ip=null | op=WRITE_CHUNK {blockData=conID: 3 locID: 102665036986843672 bcsId: 0} | ret=SUCCESS |  
2019-08-23 07:09:03,495 | INFO  | DNAudit | user=null | ip=null | op=PUT_BLOCK {blockData=[blockId=conID: 3 locID: 102665036986843672 bcsId: 0,size=2097152]} | ret=SUCCESS |  
2019-08-23 07:09:03,495 [grpc-default-executor-3] INFO  client.GrpcClientProtocolClient (GrpcClientProtocolClient.java:onNext(255)) - client-D91E5D1E15CE->f2ba01fc-a63e-4348-bd18-030b60a135e7: receive RaftClientReply:client-D91E5D1E15CE->f2ba01fc-a63e-4348-bd18-030b60a135e7@group-C8C62FEF0626, cid=1923, SUCCESS, logIndex=0, commits[f2ba01fc-a63e-4348-bd18-030b60a135e7:c2796, eab135d4-a257-4705-b491-6c056b8c5df7:c2792, a4f67574-9018-43e7-8a54-351e98dc3d0a:c2792]
2019-08-23 07:09:03,502 | INFO  | DNAudit | user=null | ip=null | op=WRITE_CHUNK {blockData=conID: 3 locID: 102665036986843672 bcsId: 2794} | ret=SUCCESS |  
2019-08-23 07:09:03,504 | INFO  | DNAudit | user=null | ip=null | op=WRITE_CHUNK {blockData=conID: 3 locID: 102665036986843672 bcsId: 2794} | ret=SUCCESS |  
2019-08-23 07:09:03,504 | INFO  | DNAudit | user=null | ip=null | op=WRITE_CHUNK {blockData=conID: 3 locID: 102665036986843672 bcsId: 2794} | ret=SUCCESS |  
2019-08-23 07:09:03,511 | INFO  | DNAudit | user=null | ip=null | op=WRITE_CHUNK {blockData=conID: 3 locID: 102665036986843672 bcsId: 2794} | ret=SUCCESS |  
2019-08-23 07:09:03,511 | INFO  | DNAudit | user=null | ip=null | op=PUT_BLOCK {blockData=[blockId=conID: 3 locID: 102665036986843672 bcsId: 0,size=3145728]} | ret=SUCCESS |  
2019-08-23 07:09:03,512 [grpc-default-executor-4] INFO  client.GrpcClientProtocolClient (GrpcClientProtocolClient.java:onNext(255)) - client-D91E5D1E15CE->f2ba01fc-a63e-4348-bd18-030b60a135e7: receive RaftClientReply:client-D91E5D1E15CE->f2ba01fc-a63e-4348-bd18-030b60a135e7@group-C8C62FEF0626, cid=1924, SUCCESS, logIndex=2799, commits[f2ba01fc-a63e-4348-bd18-030b60a135e7:c2800, eab135d4-a257-4705-b491-6c056b8c5df7:c2798, a4f67574-9018-43e7-8a54-351e98dc3d0a:c2798]
2019-08-23 07:09:03,512 [grpc-default-executor-4] INFO  client.GrpcClientProtocolClient (GrpcClientProtocolClient.java:onNext(255)) - client-D91E5D1E15CE->f2ba01fc-a63e-4348-bd18-030b60a135e7: receive RaftClientReply:client-D91E5D1E15CE->f2ba01fc-a63e-4348-bd18-030b60a135e7@group-C8C62FEF0626, cid=1925, SUCCESS, logIndex=2800, commits[f2ba01fc-a63e-4348-bd18-030b60a135e7:c2800, eab135d4-a257-4705-b491-6c056b8c5df7:c2798, a4f67574-9018-43e7-8a54-351e98dc3d0a:c2798]
2019-08-23 07:09:03,513 | INFO  | DNAudit | user=null | ip=null | op=WRITE_CHUNK {blockData=conID: 3 locID: 102665036986843672 bcsId: 2794} | ret=SUCCESS |  
2019-08-23 07:09:03,513 | INFO  | DNAudit | user=null | ip=null | op=WRITE_CHUNK {blockData=conID: 3 locID: 102665036986843672 bcsId: 2794} | ret=SUCCESS |  
2019-08-23 07:09:03,513 | INFO  | DNAudit | user=null | ip=null | op=PUT_BLOCK {blockData=[blockId=conID: 3 locID: 102665036986843672 bcsId: 0,size=3145728]} | ret=SUCCESS |  
2019-08-23 07:09:03,516 | INFO  | DNAudit | user=null | ip=null | op=PUT_BLOCK {blockData=[blockId=conID: 3 locID: 102665036986843672 bcsId: 0,size=3145728]} | ret=SUCCESS |  
2019-08-23 07:09:03,518 | INFO  | DNAudit | user=null | ip=null | op=WRITE_CHUNK {blockData=conID: 3 locID: 102665036986843672 bcsId: 2800} | ret=SUCCESS |  
2019-08-23 07:09:03,520 | INFO  | DNAudit | user=null | ip=null | op=WRITE_CHUNK {blockData=conID: 3 locID: 102665036986843672 bcsId: 2800} | ret=SUCCESS |  
2019-08-23 07:09:03,520 | INFO  | DNAudit | user=null | ip=null | op=WRITE_CHUNK {blockData=conID: 3 locID: 102665036986843672 bcsId: 2800} | ret=SUCCESS |  
2019-08-23 07:09:03,534 | INFO  | DNAudit | user=null | ip=null | op=WRITE_CHUNK {blockData=conID: 3 locID: 102665036986843672 bcsId: 2800} | ret=SUCCESS |  
2019-08-23 07:09:03,534 | INFO  | DNAudit | user=null | ip=null | op=PUT_BLOCK {blockData=[blockId=conID: 3 locID: 102665036986843672 bcsId: 0,size=4194304]} | ret=SUCCESS |  
2019-08-23 07:09:03,535 [grpc-default-executor-0] INFO  client.GrpcClientProtocolClient (GrpcClientProtocolClient.java:onNext(255)) - client-D91E5D1E15CE->f2ba01fc-a63e-4348-bd18-030b60a135e7: receive RaftClientReply:client-D91E5D1E15CE->f2ba01fc-a63e-4348-bd18-030b60a135e7@group-C8C62FEF0626, cid=1926, SUCCESS, logIndex=2803, commits[f2ba01fc-a63e-4348-bd18-030b60a135e7:c2804, eab135d4-a257-4705-b491-6c056b8c5df7:c2802, a4f67574-9018-43e7-8a54-351e98dc3d0a:c2802]
2019-08-23 07:09:03,535 [grpc-default-executor-0] INFO  client.GrpcClientProtocolClient (GrpcClientProtocolClient.java:onNext(255)) - client-D91E5D1E15CE->f2ba01fc-a63e-4348-bd18-030b60a135e7: receive RaftClientReply:client-D91E5D1E15CE->f2ba01fc-a63e-4348-bd18-030b60a135e7@group-C8C62FEF0626, cid=1927, SUCCESS, logIndex=2804, commits[f2ba01fc-a63e-4348-bd18-030b60a135e7:c2804, eab135d4-a257-4705-b491-6c056b8c5df7:c2802, a4f67574-9018-43e7-8a54-351e98dc3d0a:c2802]
2019-08-23 07:09:03,540 | INFO  | DNAudit | user=null | ip=null | op=WRITE_CHUNK {blockData=conID: 3 locID: 102665036986843672 bcsId: 2800} | ret=SUCCESS |  
2019-08-23 07:09:03,540 | INFO  | DNAudit | user=null | ip=null | op=WRITE_CHUNK {blockData=conID: 3 locID: 102665036986843672 bcsId: 2800} | ret=SUCCESS |  
2019-08-23 07:09:03,540 | INFO  | DNAudit | user=null | ip=null | op=PUT_BLOCK {blockData=[blockId=conID: 3 locID: 102665036986843672 bcsId: 0,size=4194304]} | ret=SUCCESS |  
2019-08-23 07:09:03,540 | INFO  | DNAudit | user=null | ip=null | op=PUT_BLOCK {blockData=[blockId=conID: 3 locID: 102665036986843672 bcsId: 0,size=4194304]} | ret=SUCCESS |  
2019-08-23 07:09:03,541 [grpc-default-executor-0] INFO  client.GrpcClientProtocolClient (GrpcClientProtocolClient.java:onNext(255)) - client-D91E5D1E15CE->f2ba01fc-a63e-4348-bd18-030b60a135e7: receive RaftClientReply:client-D91E5D1E15CE->f2ba01fc-a63e-4348-bd18-030b60a135e7@group-C8C62FEF0626, cid=1928, SUCCESS, logIndex=0, commits[f2ba01fc-a63e-4348-bd18-030b60a135e7:c2805, eab135d4-a257-4705-b491-6c056b8c5df7:c2804, a4f67574-9018-43e7-8a54-351e98dc3d0a:c2804]
2019-08-23 07:09:03,546 | INFO  | SCMAudit | user=jenkins1000 | ip=192.168.5.178 | op=ALLOCATE_BLOCK {owner=aaf04d22-10dd-4717-8862-c651bdde72cf, size=4194304, type=RATIS, factor=THREE} | ret=SUCCESS |  
2019-08-23 07:09:03,549 | INFO  | OMAudit | user=jenkins1000 | ip=127.0.0.1 | op=ALLOCATE_BLOCK {volume=vol-0-67663, bucket=bucket-0-68950, key=key-0-26970, dataSize=0, replicationType=null, replicationFactor=null, keyLocationInfo=null, clientID=102665036030476690} | ret=SUCCESS |  
2019-08-23 07:09:03,556 | INFO  | DNAudit | user=null | ip=null | op=WRITE_CHUNK {blockData=conID: 1 locID: 102665036991431193 bcsId: 0} | ret=SUCCESS |  
2019-08-23 07:09:03,558 | INFO  | DNAudit | user=null | ip=null | op=WRITE_CHUNK {blockData=conID: 1 locID: 102665036991431193 bcsId: 0} | ret=SUCCESS |  
2019-08-23 07:09:03,559 | INFO  | DNAudit | user=null | ip=null | op=WRITE_CHUNK {blockData=conID: 1 locID: 102665036991431193 bcsId: 0} | ret=SUCCESS |  
2019-08-23 07:09:03,559 | INFO  | DNAudit | user=null | ip=null | op=WRITE_CHUNK {blockData=conID: 1 locID: 102665036991431193 bcsId: 0} | ret=SUCCESS |  
2019-08-23 07:09:03,560 | INFO  | DNAudit | user=null | ip=null | op=WRITE_CHUNK {blockData=conID: 1 locID: 102665036991431193 bcsId: 0} | ret=SUCCESS |  
2019-08-23 07:09:03,561 | INFO  | DNAudit | user=null | ip=null | op=WRITE_CHUNK {blockData=conID: 1 locID: 102665036991431193 bcsId: 0} | ret=SUCCESS |  
2019-08-23 07:09:03,569 | INFO  | DNAudit | user=null | ip=null | op=WRITE_CHUNK {blockData=conID: 1 locID: 102665036991431193 bcsId: 0} | ret=SUCCESS |  
2019-08-23 07:09:03,569 | INFO  | DNAudit | user=null | ip=null | op=PUT_BLOCK {blockData=[blockId=conID: 1 locID: 102665036991431193 bcsId: 0,size=1048576]} | ret=SUCCESS |  
2019-08-23 07:09:03,570 | INFO  | DNAudit | user=null | ip=null | op=WRITE_CHUNK {blockData=conID: 1 locID: 102665036991431193 bcsId: 0} | ret=SUCCESS |  
2019-08-23 07:09:03,570 | INFO  | DNAudit | user=null | ip=null | op=PUT_BLOCK {blockData=[blockId=conID: 1 locID: 102665036991431193 bcsId: 0,size=2097152]} | ret=SUCCESS |  
2019-08-23 07:09:03,570 [grpc-default-executor-3] INFO  client.GrpcClientProtocolClient (GrpcClientProtocolClient.java:onNext(255)) - client-D91E5D1E15CE->f2ba01fc-a63e-4348-bd18-030b60a135e7: receive RaftClientReply:client-D91E5D1E15CE->f2ba01fc-a63e-4348-bd18-030b60a135e7@group-C8C62FEF0626, cid=1929, SUCCESS, logIndex=2807, commits[f2ba01fc-a63e-4348-bd18-030b60a135e7:c2808, eab135d4-a257-4705-b491-6c056b8c5df7:c2806, a4f67574-9018-43e7-8a54-351e98dc3d0a:c2806]
2019-08-23 07:09:03,571 [grpc-default-executor-3] INFO  client.GrpcClientProtocolClient (GrpcClientProtocolClient.java:onNext(255)) - client-D91E5D1E15CE->f2ba01fc-a63e-4348-bd18-030b60a135e7: receive RaftClientReply:client-D91E5D1E15CE->f2ba01fc-a63e-4348-bd18-030b60a135e7@group-C8C62FEF0626, cid=1930, SUCCESS, logIndex=2808, commits[f2ba01fc-a63e-4348-bd18-030b60a135e7:c2808, eab135d4-a257-4705-b491-6c056b8c5df7:c2806, a4f67574-9018-43e7-8a54-351e98dc3d0a:c2806]
2019-08-23 07:09:03,571 [grpc-default-executor-3] INFO  client.GrpcClientProtocolClient (GrpcClientProtocolClient.java:onNext(255)) - client-D91E5D1E15CE->f2ba01fc-a63e-4348-bd18-030b60a135e7: receive RaftClientReply:client-D91E5D1E15CE->f2ba01fc-a63e-4348-bd18-030b60a135e7@group-C8C62FEF0626, cid=1931, SUCCESS, logIndex=2809, commits[f2ba01fc-a63e-4348-bd18-030b60a135e7:c2810, eab135d4-a257-4705-b491-6c056b8c5df7:c2806, a4f67574-9018-43e7-8a54-351e98dc3d0a:c2806]
2019-08-23 07:09:03,571 [grpc-default-executor-3] INFO  client.GrpcClientProtocolClient (GrpcClientProtocolClient.java:onNext(255)) - client-D91E5D1E15CE->f2ba01fc-a63e-4348-bd18-030b60a135e7: receive RaftClientReply:client-D91E5D1E15CE->f2ba01fc-a63e-4348-bd18-030b60a135e7@group-C8C62FEF0626, cid=1932, SUCCESS, logIndex=2810, commits[f2ba01fc-a63e-4348-bd18-030b60a135e7:c2810, eab135d4-a257-4705-b491-6c056b8c5df7:c2806, a4f67574-9018-43e7-8a54-351e98dc3d0a:c2806]
2019-08-23 07:09:03,572 | INFO  | DNAudit | user=null | ip=null | op=WRITE_CHUNK {blockData=conID: 1 locID: 102665036991431193 bcsId: 0} | ret=SUCCESS |  
2019-08-23 07:09:03,584 | INFO  | DNAudit | user=null | ip=null | op=WRITE_CHUNK {blockData=conID: 1 locID: 102665036991431193 bcsId: 0} | ret=SUCCESS |  
2019-08-23 07:09:03,584 | INFO  | DNAudit | user=null | ip=null | op=PUT_BLOCK {blockData=[blockId=conID: 1 locID: 102665036991431193 bcsId: 0,size=1048576]} | ret=SUCCESS |  
2019-08-23 07:09:03,584 | INFO  | DNAudit | user=null | ip=null | op=PUT_BLOCK {blockData=[blockId=conID: 1 locID: 102665036991431193 bcsId: 0,size=1048576]} | ret=SUCCESS |  
2019-08-23 07:09:03,584 | INFO  | DNAudit | user=null | ip=null | op=WRITE_CHUNK {blockData=conID: 1 locID: 102665036991431193 bcsId: 0} | ret=SUCCESS |  
2019-08-23 07:09:03,584 | INFO  | DNAudit | user=null | ip=null | op=WRITE_CHUNK {blockData=conID: 1 locID: 102665036991431193 bcsId: 0} | ret=SUCCESS |  
2019-08-23 07:09:03,584 | INFO  | DNAudit | user=null | ip=null | op=PUT_BLOCK {blockData=[blockId=conID: 1 locID: 102665036991431193 bcsId: 0,size=2097152]} | ret=SUCCESS |  
2019-08-23 07:09:03,584 | INFO  | DNAudit | user=null | ip=null | op=PUT_BLOCK {blockData=[blockId=conID: 1 locID: 102665036991431193 bcsId: 0,size=2097152]} | ret=SUCCESS |  
2019-08-23 07:09:03,585 [grpc-default-executor-3] INFO  client.GrpcClientProtocolClient (GrpcClientProtocolClient.java:onNext(255)) - client-D91E5D1E15CE->f2ba01fc-a63e-4348-bd18-030b60a135e7: receive RaftClientReply:client-D91E5D1E15CE->f2ba01fc-a63e-4348-bd18-030b60a135e7@group-C8C62FEF0626, cid=1933, SUCCESS, logIndex=0, commits[f2ba01fc-a63e-4348-bd18-030b60a135e7:c2813, eab135d4-a257-4705-b491-6c056b8c5df7:c2810, a4f67574-9018-43e7-8a54-351e98dc3d0a:c2808]
2019-08-23 07:09:03,591 | INFO  | DNAudit | user=null | ip=null | op=WRITE_CHUNK {blockData=conID: 1 locID: 102665036991431193 bcsId: 2810} | ret=SUCCESS |  
2019-08-23 07:09:03,593 | INFO  | DNAudit | user=null | ip=null | op=WRITE_CHUNK {blockData=conID: 1 locID: 102665036991431193 bcsId: 2810} | ret=SUCCESS |  
2019-08-23 07:09:03,594 | INFO  | DNAudit | user=null | ip=null | op=WRITE_CHUNK {blockData=conID: 1 locID: 102665036991431193 bcsId: 2810} | ret=SUCCESS |  
2019-08-23 07:09:03,603 | INFO  | DNAudit | user=null | ip=null | op=WRITE_CHUNK {blockData=conID: 1 locID: 102665036991431193 bcsId: 2810} | ret=SUCCESS |  
2019-08-23 07:09:03,604 | INFO  | DNAudit | user=null | ip=null | op=PUT_BLOCK {blockData=[blockId=conID: 1 locID: 102665036991431193 bcsId: 0,size=3145728]} | ret=SUCCESS |  
2019-08-23 07:09:03,604 [grpc-default-executor-0] INFO  client.GrpcClientProtocolClient (GrpcClientProtocolClient.java:onNext(255)) - client-D91E5D1E15CE->f2ba01fc-a63e-4348-bd18-030b60a135e7: receive RaftClientReply:client-D91E5D1E15CE->f2ba01fc-a63e-4348-bd18-030b60a135e7@group-C8C62FEF0626, cid=1934, SUCCESS, logIndex=2814, commits[f2ba01fc-a63e-4348-bd18-030b60a135e7:c2815, eab135d4-a257-4705-b491-6c056b8c5df7:c2813, a4f67574-9018-43e7-8a54-351e98dc3d0a:c2813]
2019-08-23 07:09:03,604 [grpc-default-executor-0] INFO  client.GrpcClientProtocolClient (GrpcClientProtocolClient.java:onNext(255)) - client-D91E5D1E15CE->f2ba01fc-a63e-4348-bd18-030b60a135e7: receive RaftClientReply:client-D91E5D1E15CE->f2ba01fc-a63e-4348-bd18-030b60a135e7@group-C8C62FEF0626, cid=1935, SUCCESS, logIndex=2815, commits[f2ba01fc-a63e-4348-bd18-030b60a135e7:c2815, eab135d4-a257-4705-b491-6c056b8c5df7:c2813, a4f67574-9018-43e7-8a54-351e98dc3d0a:c2813]
2019-08-23 07:09:03,610 | INFO  | DNAudit | user=null | ip=null | op=WRITE_CHUNK {blockData=conID: 1 locID: 102665036991431193 bcsId: 2815} | ret=SUCCESS |  
2019-08-23 07:09:03,613 | INFO  | DNAudit | user=null | ip=null | op=WRITE_CHUNK {blockData=conID: 1 locID: 102665036991431193 bcsId: 2815} | ret=SUCCESS |  
2019-08-23 07:09:03,613 | INFO  | DNAudit | user=null | ip=null | op=WRITE_CHUNK {blockData=conID: 1 locID: 102665036991431193 bcsId: 2815} | ret=SUCCESS |  
2019-08-23 07:09:03,615 | INFO  | DNAudit | user=null | ip=null | op=WRITE_CHUNK {blockData=conID: 1 locID: 102665036991431193 bcsId: 2810} | ret=SUCCESS |  
2019-08-23 07:09:03,615 | INFO  | DNAudit | user=null | ip=null | op=WRITE_CHUNK {blockData=conID: 1 locID: 102665036991431193 bcsId: 2810} | ret=SUCCESS |  
2019-08-23 07:09:03,618 | INFO  | DNAudit | user=null | ip=null | op=PUT_BLOCK {blockData=[blockId=conID: 1 locID: 102665036991431193 bcsId: 0,size=3145728]} | ret=SUCCESS |  
2019-08-23 07:09:03,618 | INFO  | DNAudit | user=null | ip=null | op=PUT_BLOCK {blockData=[blockId=conID: 1 locID: 102665036991431193 bcsId: 0,size=3145728]} | ret=SUCCESS |  
2019-08-23 07:09:03,618 | INFO  | DNAudit | user=null | ip=null | op=WRITE_CHUNK {blockData=conID: 1 locID: 102665036991431193 bcsId: 2815} | ret=SUCCESS |  
2019-08-23 07:09:03,619 | INFO  | DNAudit | user=null | ip=null | op=PUT_BLOCK {blockData=[blockId=conID: 1 locID: 102665036991431193 bcsId: 0,size=4194304]} | ret=SUCCESS |  
2019-08-23 07:09:03,619 [grpc-default-executor-0] INFO  client.GrpcClientProtocolClient (GrpcClientProtocolClient.java:onNext(255)) - client-D91E5D1E15CE->f2ba01fc-a63e-4348-bd18-030b60a135e7: receive RaftClientReply:client-D91E5D1E15CE->f2ba01fc-a63e-4348-bd18-030b60a135e7@group-C8C62FEF0626, cid=1936, SUCCESS, logIndex=2818, commits[f2ba01fc-a63e-4348-bd18-030b60a135e7:c2819, eab135d4-a257-4705-b491-6c056b8c5df7:c2815, a4f67574-9018-43e7-8a54-351e98dc3d0a:c2815]
2019-08-23 07:09:03,619 [grpc-default-executor-0] INFO  client.GrpcClientProtocolClient (GrpcClientProtocolClient.java:onNext(255)) - client-D91E5D1E15CE->f2ba01fc-a63e-4348-bd18-030b60a135e7: receive RaftClientReply:client-D91E5D1E15CE->f2ba01fc-a63e-4348-bd18-030b60a135e7@group-C8C62FEF0626, cid=1937, SUCCESS, logIndex=2819, commits[f2ba01fc-a63e-4348-bd18-030b60a135e7:c2819, eab135d4-a257-4705-b491-6c056b8c5df7:c2815, a4f67574-9018-43e7-8a54-351e98dc3d0a:c2815]
2019-08-23 07:09:03,630 | INFO  | DNAudit | user=null | ip=null | op=WRITE_CHUNK {blockData=conID: 1 locID: 102665036991431193 bcsId: 2815} | ret=SUCCESS |  
2019-08-23 07:09:03,630 | INFO  | DNAudit | user=null | ip=null | op=WRITE_CHUNK {blockData=conID: 1 locID: 102665036991431193 bcsId: 2815} | ret=SUCCESS |  
2019-08-23 07:09:03,630 | INFO  | DNAudit | user=null | ip=null | op=PUT_BLOCK {blockData=[blockId=conID: 1 locID: 102665036991431193 bcsId: 0,size=4194304]} | ret=SUCCESS |  
2019-08-23 07:09:03,630 | INFO  | DNAudit | user=null | ip=null | op=PUT_BLOCK {blockData=[blockId=conID: 1 locID: 102665036991431193 bcsId: 0,size=4194304]} | ret=SUCCESS |  
2019-08-23 07:09:03,631 [grpc-default-executor-0] INFO  client.GrpcClientProtocolClient (GrpcClientProtocolClient.java:onNext(255)) - client-D91E5D1E15CE->f2ba01fc-a63e-4348-bd18-030b60a135e7: receive RaftClientReply:client-D91E5D1E15CE->f2ba01fc-a63e-4348-bd18-030b60a135e7@group-C8C62FEF0626, cid=1938, SUCCESS, logIndex=0, commits[f2ba01fc-a63e-4348-bd18-030b60a135e7:c2820, eab135d4-a257-4705-b491-6c056b8c5df7:c2819, a4f67574-9018-43e7-8a54-351e98dc3d0a:c2819]
2019-08-23 07:09:03,638 | INFO  | SCMAudit | user=jenkins1000 | ip=192.168.5.178 | op=ALLOCATE_BLOCK {owner=aaf04d22-10dd-4717-8862-c651bdde72cf, size=4194304, type=RATIS, factor=THREE} | ret=SUCCESS |  
2019-08-23 07:09:03,643 | INFO  | OMAudit | user=jenkins1000 | ip=127.0.0.1 | op=ALLOCATE_BLOCK {volume=vol-0-67663, bucket=bucket-0-68950, key=key-0-26970, dataSize=0, replicationType=null, replicationFactor=null, keyLocationInfo=null, clientID=102665036030476690} | ret=SUCCESS |  
2019-08-23 07:09:03,649 | INFO  | DNAudit | user=null | ip=null | op=WRITE_CHUNK {blockData=conID: 2 locID: 102665036997460506 bcsId: 0} | ret=SUCCESS |  
2019-08-23 07:09:03,652 | INFO  | DNAudit | user=null | ip=null | op=WRITE_CHUNK {blockData=conID: 2 locID: 102665036997460506 bcsId: 0} | ret=SUCCESS |  
2019-08-23 07:09:03,652 | INFO  | DNAudit | user=null | ip=null | op=WRITE_CHUNK {blockData=conID: 2 locID: 102665036997460506 bcsId: 0} | ret=SUCCESS |  
2019-08-23 07:09:03,653 | INFO  | DNAudit | user=null | ip=null | op=WRITE_CHUNK {blockData=conID: 2 locID: 102665036997460506 bcsId: 0} | ret=SUCCESS |  
2019-08-23 07:09:03,655 | INFO  | DNAudit | user=null | ip=null | op=WRITE_CHUNK {blockData=conID: 2 locID: 102665036997460506 bcsId: 0} | ret=SUCCESS |  
2019-08-23 07:09:03,656 | INFO  | DNAudit | user=null | ip=null | op=WRITE_CHUNK {blockData=conID: 2 locID: 102665036997460506 bcsId: 0} | ret=SUCCESS |  
2019-08-23 07:09:03,662 | INFO  | DNAudit | user=null | ip=null | op=WRITE_CHUNK {blockData=conID: 2 locID: 102665036997460506 bcsId: 0} | ret=SUCCESS |  
2019-08-23 07:09:03,663 | INFO  | DNAudit | user=null | ip=null | op=PUT_BLOCK {blockData=[blockId=conID: 2 locID: 102665036997460506 bcsId: 0,size=1048576]} | ret=SUCCESS |  
2019-08-23 07:09:03,663 | INFO  | DNAudit | user=null | ip=null | op=WRITE_CHUNK {blockData=conID: 2 locID: 102665036997460506 bcsId: 0} | ret=SUCCESS |  
2019-08-23 07:09:03,664 | INFO  | DNAudit | user=null | ip=null | op=PUT_BLOCK {blockData=[blockId=conID: 2 locID: 102665036997460506 bcsId: 0,size=2097152]} | ret=SUCCESS |  
2019-08-23 07:09:03,664 [grpc-default-executor-0] INFO  client.GrpcClientProtocolClient (GrpcClientProtocolClient.java:onNext(255)) - client-D91E5D1E15CE->f2ba01fc-a63e-4348-bd18-030b60a135e7: receive RaftClientReply:client-D91E5D1E15CE->f2ba01fc-a63e-4348-bd18-030b60a135e7@group-C8C62FEF0626, cid=1939, SUCCESS, logIndex=2822, commits[f2ba01fc-a63e-4348-bd18-030b60a135e7:c2823, eab135d4-a257-4705-b491-6c056b8c5df7:c2821, a4f67574-9018-43e7-8a54-351e98dc3d0a:c2821]
2019-08-23 07:09:03,664 | INFO  | DNAudit | user=null | ip=null | op=WRITE_CHUNK {blockData=conID: 2 locID: 102665036997460506 bcsId: 0} | ret=SUCCESS |  
2019-08-23 07:09:03,665 | INFO  | DNAudit | user=null | ip=null | op=PUT_BLOCK {blockData=[blockId=conID: 2 locID: 102665036997460506 bcsId: 0,size=1048576]} | ret=SUCCESS |  
2019-08-23 07:09:03,665 [grpc-default-executor-3] INFO  client.GrpcClientProtocolClient (GrpcClientProtocolClient.java:onNext(255)) - client-D91E5D1E15CE->f2ba01fc-a63e-4348-bd18-030b60a135e7: receive RaftClientReply:client-D91E5D1E15CE->f2ba01fc-a63e-4348-bd18-030b60a135e7@group-C8C62FEF0626, cid=1940, SUCCESS, logIndex=2823, commits[f2ba01fc-a63e-4348-bd18-030b60a135e7:c2823, eab135d4-a257-4705-b491-6c056b8c5df7:c2821, a4f67574-9018-43e7-8a54-351e98dc3d0a:c2821]
2019-08-23 07:09:03,665 [grpc-default-executor-3] INFO  client.GrpcClientProtocolClient (GrpcClientProtocolClient.java:onNext(255)) - client-D91E5D1E15CE->f2ba01fc-a63e-4348-bd18-030b60a135e7: receive RaftClientReply:client-D91E5D1E15CE->f2ba01fc-a63e-4348-bd18-030b60a135e7@group-C8C62FEF0626, cid=1941, SUCCESS, logIndex=2824, commits[f2ba01fc-a63e-4348-bd18-030b60a135e7:c2825, eab135d4-a257-4705-b491-6c056b8c5df7:c2821, a4f67574-9018-43e7-8a54-351e98dc3d0a:c2821]
2019-08-23 07:09:03,666 [grpc-default-executor-3] INFO  client.GrpcClientProtocolClient (GrpcClientProtocolClient.java:onNext(255)) - client-D91E5D1E15CE->f2ba01fc-a63e-4348-bd18-030b60a135e7: receive RaftClientReply:client-D91E5D1E15CE->f2ba01fc-a63e-4348-bd18-030b60a135e7@group-C8C62FEF0626, cid=1942, SUCCESS, logIndex=2825, commits[f2ba01fc-a63e-4348-bd18-030b60a135e7:c2825, eab135d4-a257-4705-b491-6c056b8c5df7:c2821, a4f67574-9018-43e7-8a54-351e98dc3d0a:c2821]
2019-08-23 07:09:03,666 | INFO  | DNAudit | user=null | ip=null | op=WRITE_CHUNK {blockData=conID: 2 locID: 102665036997460506 bcsId: 0} | ret=SUCCESS |  
2019-08-23 07:09:03,666 | INFO  | DNAudit | user=null | ip=null | op=PUT_BLOCK {blockData=[blockId=conID: 2 locID: 102665036997460506 bcsId: 0,size=1048576]} | ret=SUCCESS |  
2019-08-23 07:09:03,667 [grpc-default-executor-0] INFO  client.GrpcClientProtocolClient (GrpcClientProtocolClient.java:onNext(255)) - client-D91E5D1E15CE->f2ba01fc-a63e-4348-bd18-030b60a135e7: receive RaftClientReply:client-D91E5D1E15CE->f2ba01fc-a63e-4348-bd18-030b60a135e7@group-C8C62FEF0626, cid=1943, SUCCESS, logIndex=0, commits[f2ba01fc-a63e-4348-bd18-030b60a135e7:c2827, eab135d4-a257-4705-b491-6c056b8c5df7:c2823, a4f67574-9018-43e7-8a54-351e98dc3d0a:c2823]
2019-08-23 07:09:03,673 | INFO  | DNAudit | user=null | ip=null | op=WRITE_CHUNK {blockData=conID: 2 locID: 102665036997460506 bcsId: 2825} | ret=SUCCESS |  
2019-08-23 07:09:03,675 | INFO  | DNAudit | user=null | ip=null | op=WRITE_CHUNK {blockData=conID: 2 locID: 102665036997460506 bcsId: 2825} | ret=SUCCESS |  
2019-08-23 07:09:03,676 | INFO  | DNAudit | user=null | ip=null | op=WRITE_CHUNK {blockData=conID: 2 locID: 102665036997460506 bcsId: 2825} | ret=SUCCESS |  
2019-08-23 07:09:03,677 | INFO  | DNAudit | user=null | ip=null | op=WRITE_CHUNK {blockData=conID: 2 locID: 102665036997460506 bcsId: 0} | ret=SUCCESS |  
2019-08-23 07:09:03,677 | INFO  | DNAudit | user=null | ip=null | op=WRITE_CHUNK {blockData=conID: 2 locID: 102665036997460506 bcsId: 0} | ret=SUCCESS |  
2019-08-23 07:09:03,677 | INFO  | DNAudit | user=null | ip=null | op=PUT_BLOCK {blockData=[blockId=conID: 2 locID: 102665036997460506 bcsId: 0,size=2097152]} | ret=SUCCESS |  
2019-08-23 07:09:03,678 | INFO  | DNAudit | user=null | ip=null | op=PUT_BLOCK {blockData=[blockId=conID: 2 locID: 102665036997460506 bcsId: 0,size=2097152]} | ret=SUCCESS |  
2019-08-23 07:09:03,680 | INFO  | DNAudit | user=null | ip=null | op=WRITE_CHUNK {blockData=conID: 2 locID: 102665036997460506 bcsId: 2825} | ret=SUCCESS |  
2019-08-23 07:09:03,680 | INFO  | DNAudit | user=null | ip=null | op=PUT_BLOCK {blockData=[blockId=conID: 2 locID: 102665036997460506 bcsId: 0,size=3145728]} | ret=SUCCESS |  
2019-08-23 07:09:03,680 [grpc-default-executor-0] INFO  client.GrpcClientProtocolClient (GrpcClientProtocolClient.java:onNext(255)) - client-D91E5D1E15CE->f2ba01fc-a63e-4348-bd18-030b60a135e7: receive RaftClientReply:client-D91E5D1E15CE->f2ba01fc-a63e-4348-bd18-030b60a135e7@group-C8C62FEF0626, cid=1944, SUCCESS, logIndex=2830, commits[f2ba01fc-a63e-4348-bd18-030b60a135e7:c2831, eab135d4-a257-4705-b491-6c056b8c5df7:c2825, a4f67574-9018-43e7-8a54-351e98dc3d0a:c2827]
2019-08-23 07:09:03,681 [grpc-default-executor-0] INFO  client.GrpcClientProtocolClient (GrpcClientProtocolClient.java:onNext(255)) - client-D91E5D1E15CE->f2ba01fc-a63e-4348-bd18-030b60a135e7: receive RaftClientReply:client-D91E5D1E15CE->f2ba01fc-a63e-4348-bd18-030b60a135e7@group-C8C62FEF0626, cid=1945, SUCCESS, logIndex=2831, commits[f2ba01fc-a63e-4348-bd18-030b60a135e7:c2831, eab135d4-a257-4705-b491-6c056b8c5df7:c2827, a4f67574-9018-43e7-8a54-351e98dc3d0a:c2827]
2019-08-23 07:09:03,687 | INFO  | DNAudit | user=null | ip=null | op=WRITE_CHUNK {blockData=conID: 2 locID: 102665036997460506 bcsId: 2831} | ret=SUCCESS |  
2019-08-23 07:09:03,689 | INFO  | DNAudit | user=null | ip=null | op=WRITE_CHUNK {blockData=conID: 2 locID: 102665036997460506 bcsId: 2831} | ret=SUCCESS |  
2019-08-23 07:09:03,689 | INFO  | DNAudit | user=null | ip=null | op=WRITE_CHUNK {blockData=conID: 2 locID: 102665036997460506 bcsId: 2831} | ret=SUCCESS |  
2019-08-23 07:09:03,692 | INFO  | DNAudit | user=null | ip=null | op=WRITE_CHUNK {blockData=conID: 2 locID: 102665036997460506 bcsId: 2825} | ret=SUCCESS |  
2019-08-23 07:09:03,692 | INFO  | DNAudit | user=null | ip=null | op=WRITE_CHUNK {blockData=conID: 2 locID: 102665036997460506 bcsId: 2825} | ret=SUCCESS |  
2019-08-23 07:09:03,692 | INFO  | DNAudit | user=null | ip=null | op=PUT_BLOCK {blockData=[blockId=conID: 2 locID: 102665036997460506 bcsId: 0,size=3145728]} | ret=SUCCESS |  
2019-08-23 07:09:03,692 | INFO  | DNAudit | user=null | ip=null | op=PUT_BLOCK {blockData=[blockId=conID: 2 locID: 102665036997460506 bcsId: 0,size=3145728]} | ret=SUCCESS |  
2019-08-23 07:09:03,694 | INFO  | DNAudit | user=null | ip=null | op=WRITE_CHUNK {blockData=conID: 2 locID: 102665036997460506 bcsId: 2831} | ret=SUCCESS |  
2019-08-23 07:09:03,695 | INFO  | DNAudit | user=null | ip=null | op=PUT_BLOCK {blockData=[blockId=conID: 2 locID: 102665036997460506 bcsId: 0,size=4194304]} | ret=SUCCESS |  
2019-08-23 07:09:03,695 [grpc-default-executor-3] INFO  client.GrpcClientProtocolClient (GrpcClientProtocolClient.java:onNext(255)) - client-D91E5D1E15CE->f2ba01fc-a63e-4348-bd18-030b60a135e7: receive RaftClientReply:client-D91E5D1E15CE->f2ba01fc-a63e-4348-bd18-030b60a135e7@group-C8C62FEF0626, cid=1946, SUCCESS, logIndex=2833, commits[f2ba01fc-a63e-4348-bd18-030b60a135e7:c2834, eab135d4-a257-4705-b491-6c056b8c5df7:c2831, a4f67574-9018-43e7-8a54-351e98dc3d0a:c2831]
2019-08-23 07:09:03,695 [grpc-default-executor-3] INFO  client.GrpcClientProtocolClient (GrpcClientProtocolClient.java:onNext(255)) - client-D91E5D1E15CE->f2ba01fc-a63e-4348-bd18-030b60a135e7: receive RaftClientReply:client-D91E5D1E15CE->f2ba01fc-a63e-4348-bd18-030b60a135e7@group-C8C62FEF0626, cid=1947, SUCCESS, logIndex=2834, commits[f2ba01fc-a63e-4348-bd18-030b60a135e7:c2834, eab135d4-a257-4705-b491-6c056b8c5df7:c2831, a4f67574-9018-43e7-8a54-351e98dc3d0a:c2831]
2019-08-23 07:09:03,706 | INFO  | DNAudit | user=null | ip=null | op=WRITE_CHUNK {blockData=conID: 2 locID: 102665036997460506 bcsId: 2831} | ret=SUCCESS |  
2019-08-23 07:09:03,706 | INFO  | DNAudit | user=null | ip=null | op=WRITE_CHUNK {blockData=conID: 2 locID: 102665036997460506 bcsId: 2831} | ret=SUCCESS |  
2019-08-23 07:09:03,706 | INFO  | DNAudit | user=null | ip=null | op=PUT_BLOCK {blockData=[blockId=conID: 2 locID: 102665036997460506 bcsId: 0,size=4194304]} | ret=SUCCESS |  
2019-08-23 07:09:03,706 | INFO  | DNAudit | user=null | ip=null | op=PUT_BLOCK {blockData=[blockId=conID: 2 locID: 102665036997460506 bcsId: 0,size=4194304]} | ret=SUCCESS |  
2019-08-23 07:09:03,707 [grpc-default-executor-3] INFO  client.GrpcClientProtocolClient (GrpcClientProtocolClient.java:onNext(255)) - client-D91E5D1E15CE->f2ba01fc-a63e-4348-bd18-030b60a135e7: receive RaftClientReply:client-D91E5D1E15CE->f2ba01fc-a63e-4348-bd18-030b60a135e7@group-C8C62FEF0626, cid=1948, SUCCESS, logIndex=0, commits[f2ba01fc-a63e-4348-bd18-030b60a135e7:c2835, eab135d4-a257-4705-b491-6c056b8c5df7:c2834, a4f67574-9018-43e7-8a54-351e98dc3d0a:c2834]
2019-08-23 07:09:03,712 | INFO  | SCMAudit | user=jenkins1000 | ip=192.168.5.178 | op=ALLOCATE_BLOCK {owner=aaf04d22-10dd-4717-8862-c651bdde72cf, size=4194304, type=RATIS, factor=THREE} | ret=SUCCESS |  
2019-08-23 07:09:03,715 | INFO  | OMAudit | user=jenkins1000 | ip=127.0.0.1 | op=ALLOCATE_BLOCK {volume=vol-0-67663, bucket=bucket-0-68950, key=key-0-26970, dataSize=0, replicationType=null, replicationFactor=null, keyLocationInfo=null, clientID=102665036030476690} | ret=SUCCESS |  
2019-08-23 07:09:03,722 | INFO  | DNAudit | user=null | ip=null | op=WRITE_CHUNK {blockData=conID: 3 locID: 102665037002244635 bcsId: 0} | ret=SUCCESS |  
2019-08-23 07:09:03,724 | INFO  | DNAudit | user=null | ip=null | op=WRITE_CHUNK {blockData=conID: 3 locID: 102665037002244635 bcsId: 0} | ret=SUCCESS |  
2019-08-23 07:09:03,725 | INFO  | DNAudit | user=null | ip=null | op=WRITE_CHUNK {blockData=conID: 3 locID: 102665037002244635 bcsId: 0} | ret=SUCCESS |  
2019-08-23 07:09:03,725 | INFO  | DNAudit | user=null | ip=null | op=WRITE_CHUNK {blockData=conID: 3 locID: 102665037002244635 bcsId: 0} | ret=SUCCESS |  
2019-08-23 07:09:03,726 | INFO  | SCMAudit | user=jenkins1000 | ip=192.168.5.178 | op=SEND_HEARTBEAT {datanodeUUID=a4f67574-9018-43e7-8a54-351e98dc3d0a, command=[]} | ret=SUCCESS |  
2019-08-23 07:09:03,726 | INFO  | DNAudit | user=null | ip=null | op=WRITE_CHUNK {blockData=conID: 3 locID: 102665037002244635 bcsId: 0} | ret=SUCCESS |  
2019-08-23 07:09:03,726 | INFO  | SCMAudit | user=jenkins1000 | ip=192.168.5.178 | op=SEND_HEARTBEAT {datanodeUUID=eab135d4-a257-4705-b491-6c056b8c5df7, command=[]} | ret=SUCCESS |  
2019-08-23 07:09:03,726 | INFO  | SCMAudit | user=jenkins1000 | ip=192.168.5.178 | op=SEND_HEARTBEAT {datanodeUUID=f2ba01fc-a63e-4348-bd18-030b60a135e7, command=[]} | ret=SUCCESS |  
2019-08-23 07:09:03,726 | INFO  | DNAudit | user=null | ip=null | op=PUT_BLOCK {blockData=[blockId=conID: 3 locID: 102665037002244635 bcsId: 0,size=1048576]} | ret=SUCCESS |  
2019-08-23 07:09:03,727 [grpc-default-executor-0] INFO  client.GrpcClientProtocolClient (GrpcClientProtocolClient.java:onNext(255)) - client-D91E5D1E15CE->f2ba01fc-a63e-4348-bd18-030b60a135e7: receive RaftClientReply:client-D91E5D1E15CE->f2ba01fc-a63e-4348-bd18-030b60a135e7@group-C8C62FEF0626, cid=1949, SUCCESS, logIndex=2837, commits[f2ba01fc-a63e-4348-bd18-030b60a135e7:c2838, eab135d4-a257-4705-b491-6c056b8c5df7:c2836, a4f67574-9018-43e7-8a54-351e98dc3d0a:c2836]
2019-08-23 07:09:03,727 [grpc-default-executor-0] INFO  client.GrpcClientProtocolClient (GrpcClientProtocolClient.java:onNext(255)) - client-D91E5D1E15CE->f2ba01fc-a63e-4348-bd18-030b60a135e7: receive RaftClientReply:client-D91E5D1E15CE->f2ba01fc-a63e-4348-bd18-030b60a135e7@group-C8C62FEF0626, cid=1950, SUCCESS, logIndex=2838, commits[f2ba01fc-a63e-4348-bd18-030b60a135e7:c2838, eab135d4-a257-4705-b491-6c056b8c5df7:c2836, a4f67574-9018-43e7-8a54-351e98dc3d0a:c2836]
2019-08-23 07:09:03,728 | INFO  | DNAudit | user=null | ip=null | op=WRITE_CHUNK {blockData=conID: 3 locID: 102665037002244635 bcsId: 0} | ret=SUCCESS |  
2019-08-23 07:09:03,729 | INFO  | DNAudit | user=null | ip=null | op=WRITE_CHUNK {blockData=conID: 3 locID: 102665037002244635 bcsId: 0} | ret=SUCCESS |  
2019-08-23 07:09:03,730 | INFO  | DNAudit | user=null | ip=null | op=WRITE_CHUNK {blockData=conID: 3 locID: 102665037002244635 bcsId: 0} | ret=SUCCESS |  
2019-08-23 07:09:03,730 | INFO  | DNAudit | user=null | ip=null | op=WRITE_CHUNK {blockData=conID: 3 locID: 102665037002244635 bcsId: 0} | ret=SUCCESS |  
2019-08-23 07:09:03,730 | INFO  | DNAudit | user=null | ip=null | op=PUT_BLOCK {blockData=[blockId=conID: 3 locID: 102665037002244635 bcsId: 0,size=1048576]} | ret=SUCCESS |  
2019-08-23 07:09:03,730 | INFO  | DNAudit | user=null | ip=null | op=PUT_BLOCK {blockData=[blockId=conID: 3 locID: 102665037002244635 bcsId: 0,size=2097152]} | ret=SUCCESS |  
2019-08-23 07:09:03,730 [grpc-default-executor-0] INFO  client.GrpcClientProtocolClient (GrpcClientProtocolClient.java:onNext(255)) - client-D91E5D1E15CE->f2ba01fc-a63e-4348-bd18-030b60a135e7: receive RaftClientReply:client-D91E5D1E15CE->f2ba01fc-a63e-4348-bd18-030b60a135e7@group-C8C62FEF0626, cid=1951, SUCCESS, logIndex=2839, commits[f2ba01fc-a63e-4348-bd18-030b60a135e7:c2841, eab135d4-a257-4705-b491-6c056b8c5df7:c2838, a4f67574-9018-43e7-8a54-351e98dc3d0a:c2836]
2019-08-23 07:09:03,731 | INFO  | DNAudit | user=null | ip=null | op=WRITE_CHUNK {blockData=conID: 3 locID: 102665037002244635 bcsId: 0} | ret=SUCCESS |  
2019-08-23 07:09:03,731 | INFO  | DNAudit | user=null | ip=null | op=PUT_BLOCK {blockData=[blockId=conID: 3 locID: 102665037002244635 bcsId: 0,size=1048576]} | ret=SUCCESS |  
2019-08-23 07:09:03,731 [grpc-default-executor-0] INFO  client.GrpcClientProtocolClient (GrpcClientProtocolClient.java:onNext(255)) - client-D91E5D1E15CE->f2ba01fc-a63e-4348-bd18-030b60a135e7: receive RaftClientReply:client-D91E5D1E15CE->f2ba01fc-a63e-4348-bd18-030b60a135e7@group-C8C62FEF0626, cid=1952, SUCCESS, logIndex=2840, commits[f2ba01fc-a63e-4348-bd18-030b60a135e7:c2841, eab135d4-a257-4705-b491-6c056b8c5df7:c2838, a4f67574-9018-43e7-8a54-351e98dc3d0a:c2836]
2019-08-23 07:09:03,732 [grpc-default-executor-3] INFO  client.GrpcClientProtocolClient (GrpcClientProtocolClient.java:onNext(255)) - client-D91E5D1E15CE->f2ba01fc-a63e-4348-bd18-030b60a135e7: receive RaftClientReply:client-D91E5D1E15CE->f2ba01fc-a63e-4348-bd18-030b60a135e7@group-C8C62FEF0626, cid=1953, SUCCESS, logIndex=0, commits[f2ba01fc-a63e-4348-bd18-030b60a135e7:c2841, eab135d4-a257-4705-b491-6c056b8c5df7:c2838, a4f67574-9018-43e7-8a54-351e98dc3d0a:c2838]
2019-08-23 07:09:03,733 | INFO  | DNAudit | user=null | ip=null | op=WRITE_CHUNK {blockData=conID: 3 locID: 102665037002244635 bcsId: 0} | ret=SUCCESS |  
2019-08-23 07:09:03,733 | INFO  | DNAudit | user=null | ip=null | op=PUT_BLOCK {blockData=[blockId=conID: 3 locID: 102665037002244635 bcsId: 0,size=2097152]} | ret=SUCCESS |  
2019-08-23 07:09:03,734 | INFO  | DNAudit | user=null | ip=null | op=WRITE_CHUNK {blockData=conID: 3 locID: 102665037002244635 bcsId: 0} | ret=SUCCESS |  
2019-08-23 07:09:03,735 | INFO  | DNAudit | user=null | ip=null | op=PUT_BLOCK {blockData=[blockId=conID: 3 locID: 102665037002244635 bcsId: 0,size=2097152]} | ret=SUCCESS |  
2019-08-23 07:09:03,738 | INFO  | DNAudit | user=null | ip=null | op=WRITE_CHUNK {blockData=conID: 3 locID: 102665037002244635 bcsId: 2840} | ret=SUCCESS |  
2019-08-23 07:09:03,740 | INFO  | DNAudit | user=null | ip=null | op=WRITE_CHUNK {blockData=conID: 3 locID: 102665037002244635 bcsId: 2840} | ret=SUCCESS |  
2019-08-23 07:09:03,740 | INFO  | DNAudit | user=null | ip=null | op=WRITE_CHUNK {blockData=conID: 3 locID: 102665037002244635 bcsId: 2840} | ret=SUCCESS |  
2019-08-23 07:09:03,743 | INFO  | DNAudit | user=null | ip=null | op=WRITE_CHUNK {blockData=conID: 3 locID: 102665037002244635 bcsId: 2840} | ret=SUCCESS |  
2019-08-23 07:09:03,743 | INFO  | DNAudit | user=null | ip=null | op=PUT_BLOCK {blockData=[blockId=conID: 3 locID: 102665037002244635 bcsId: 0,size=3145728]} | ret=SUCCESS |  
2019-08-23 07:09:03,743 [grpc-default-executor-0] INFO  client.GrpcClientProtocolClient (GrpcClientProtocolClient.java:onNext(255)) - client-D91E5D1E15CE->f2ba01fc-a63e-4348-bd18-030b60a135e7: receive RaftClientReply:client-D91E5D1E15CE->f2ba01fc-a63e-4348-bd18-030b60a135e7@group-C8C62FEF0626, cid=1954, SUCCESS, logIndex=2844, commits[f2ba01fc-a63e-4348-bd18-030b60a135e7:c2845, eab135d4-a257-4705-b491-6c056b8c5df7:c2841, a4f67574-9018-43e7-8a54-351e98dc3d0a:c2843]
2019-08-23 07:09:03,744 [grpc-default-executor-0] INFO  client.GrpcClientProtocolClient (GrpcClientProtocolClient.java:onNext(255)) - client-D91E5D1E15CE->f2ba01fc-a63e-4348-bd18-030b60a135e7: receive RaftClientReply:client-D91E5D1E15CE->f2ba01fc-a63e-4348-bd18-030b60a135e7@group-C8C62FEF0626, cid=1955, SUCCESS, logIndex=2845, commits[f2ba01fc-a63e-4348-bd18-030b60a135e7:c2845, eab135d4-a257-4705-b491-6c056b8c5df7:c2841, a4f67574-9018-43e7-8a54-351e98dc3d0a:c2843]
2019-08-23 07:09:03,744 | INFO  | DNAudit | user=null | ip=null | op=WRITE_CHUNK {blockData=conID: 3 locID: 102665037002244635 bcsId: 2840} | ret=SUCCESS |  
2019-08-23 07:09:03,744 | INFO  | DNAudit | user=null | ip=null | op=WRITE_CHUNK {blockData=conID: 3 locID: 102665037002244635 bcsId: 2840} | ret=SUCCESS |  
2019-08-23 07:09:03,745 | INFO  | DNAudit | user=null | ip=null | op=PUT_BLOCK {blockData=[blockId=conID: 3 locID: 102665037002244635 bcsId: 0,size=3145728]} | ret=SUCCESS |  
2019-08-23 07:09:03,745 | INFO  | DNAudit | user=null | ip=null | op=PUT_BLOCK {blockData=[blockId=conID: 3 locID: 102665037002244635 bcsId: 0,size=3145728]} | ret=SUCCESS |  
2019-08-23 07:09:03,750 | INFO  | DNAudit | user=null | ip=null | op=WRITE_CHUNK {blockData=conID: 3 locID: 102665037002244635 bcsId: 2845} | ret=SUCCESS |  
2019-08-23 07:09:03,752 | INFO  | DNAudit | user=null | ip=null | op=WRITE_CHUNK {blockData=conID: 3 locID: 102665037002244635 bcsId: 2845} | ret=SUCCESS |  
2019-08-23 07:09:03,752 | INFO  | DNAudit | user=null | ip=null | op=WRITE_CHUNK {blockData=conID: 3 locID: 102665037002244635 bcsId: 2845} | ret=SUCCESS |  
2019-08-23 07:09:03,755 | INFO  | DNAudit | user=null | ip=null | op=WRITE_CHUNK {blockData=conID: 3 locID: 102665037002244635 bcsId: 2845} | ret=SUCCESS |  
2019-08-23 07:09:03,756 | INFO  | DNAudit | user=null | ip=null | op=PUT_BLOCK {blockData=[blockId=conID: 3 locID: 102665037002244635 bcsId: 0,size=4194304]} | ret=SUCCESS |  
2019-08-23 07:09:03,756 [grpc-default-executor-3] INFO  client.GrpcClientProtocolClient (GrpcClientProtocolClient.java:onNext(255)) - client-D91E5D1E15CE->f2ba01fc-a63e-4348-bd18-030b60a135e7: receive RaftClientReply:client-D91E5D1E15CE->f2ba01fc-a63e-4348-bd18-030b60a135e7@group-C8C62FEF0626, cid=1956, SUCCESS, logIndex=2848, commits[f2ba01fc-a63e-4348-bd18-030b60a135e7:c2849, eab135d4-a257-4705-b491-6c056b8c5df7:c2847, a4f67574-9018-43e7-8a54-351e98dc3d0a:c2845]
2019-08-23 07:09:03,756 [grpc-default-executor-3] INFO  client.GrpcClientProtocolClient (GrpcClientProtocolClient.java:onNext(255)) - client-D91E5D1E15CE->f2ba01fc-a63e-4348-bd18-030b60a135e7: receive RaftClientReply:client-D91E5D1E15CE->f2ba01fc-a63e-4348-bd18-030b60a135e7@group-C8C62FEF0626, cid=1957, SUCCESS, logIndex=2849, commits[f2ba01fc-a63e-4348-bd18-030b60a135e7:c2849, eab135d4-a257-4705-b491-6c056b8c5df7:c2847, a4f67574-9018-43e7-8a54-351e98dc3d0a:c2847]
2019-08-23 07:09:03,758 | INFO  | DNAudit | user=null | ip=null | op=WRITE_CHUNK {blockData=conID: 3 locID: 102665037002244635 bcsId: 2845} | ret=SUCCESS |  
2019-08-23 07:09:03,758 | INFO  | DNAudit | user=null | ip=null | op=WRITE_CHUNK {blockData=conID: 3 locID: 102665037002244635 bcsId: 2845} | ret=SUCCESS |  
2019-08-23 07:09:03,758 | INFO  | DNAudit | user=null | ip=null | op=PUT_BLOCK {blockData=[blockId=conID: 3 locID: 102665037002244635 bcsId: 0,size=4194304]} | ret=SUCCESS |  
2019-08-23 07:09:03,760 | INFO  | DNAudit | user=null | ip=null | op=PUT_BLOCK {blockData=[blockId=conID: 3 locID: 102665037002244635 bcsId: 0,size=4194304]} | ret=SUCCESS |  
2019-08-23 07:09:03,760 [grpc-default-executor-3] INFO  client.GrpcClientProtocolClient (GrpcClientProtocolClient.java:onNext(255)) - client-D91E5D1E15CE->f2ba01fc-a63e-4348-bd18-030b60a135e7: receive RaftClientReply:client-D91E5D1E15CE->f2ba01fc-a63e-4348-bd18-030b60a135e7@group-C8C62FEF0626, cid=1958, SUCCESS, logIndex=0, commits[f2ba01fc-a63e-4348-bd18-030b60a135e7:c2851, eab135d4-a257-4705-b491-6c056b8c5df7:c2849, a4f67574-9018-43e7-8a54-351e98dc3d0a:c2849]
2019-08-23 07:09:03,765 | INFO  | SCMAudit | user=jenkins1000 | ip=192.168.5.178 | op=ALLOCATE_BLOCK {owner=aaf04d22-10dd-4717-8862-c651bdde72cf, size=4194304, type=RATIS, factor=THREE} | ret=SUCCESS |  
2019-08-23 07:09:03,769 | INFO  | OMAudit | user=jenkins1000 | ip=127.0.0.1 | op=ALLOCATE_BLOCK {volume=vol-0-67663, bucket=bucket-0-68950, key=key-0-26970, dataSize=0, replicationType=null, replicationFactor=null, keyLocationInfo=null, clientID=102665036030476690} | ret=SUCCESS |  
2019-08-23 07:09:03,777 | INFO  | DNAudit | user=null | ip=null | op=WRITE_CHUNK {blockData=conID: 1 locID: 102665037005783580 bcsId: 0} | ret=SUCCESS |  
2019-08-23 07:09:03,779 | INFO  | DNAudit | user=null | ip=null | op=WRITE_CHUNK {blockData=conID: 1 locID: 102665037005783580 bcsId: 0} | ret=SUCCESS |  
2019-08-23 07:09:03,780 | INFO  | DNAudit | user=null | ip=null | op=WRITE_CHUNK {blockData=conID: 1 locID: 102665037005783580 bcsId: 0} | ret=SUCCESS |  
2019-08-23 07:09:03,782 | INFO  | DNAudit | user=null | ip=null | op=WRITE_CHUNK {blockData=conID: 1 locID: 102665037005783580 bcsId: 0} | ret=SUCCESS |  
2019-08-23 07:09:03,782 | INFO  | DNAudit | user=null | ip=null | op=WRITE_CHUNK {blockData=conID: 1 locID: 102665037005783580 bcsId: 0} | ret=SUCCESS |  
2019-08-23 07:09:03,783 | INFO  | DNAudit | user=null | ip=null | op=WRITE_CHUNK {blockData=conID: 1 locID: 102665037005783580 bcsId: 0} | ret=SUCCESS |  
2019-08-23 07:09:03,793 | INFO  | DNAudit | user=null | ip=null | op=WRITE_CHUNK {blockData=conID: 1 locID: 102665037005783580 bcsId: 0} | ret=SUCCESS |  
2019-08-23 07:09:03,794 | INFO  | DNAudit | user=null | ip=null | op=PUT_BLOCK {blockData=[blockId=conID: 1 locID: 102665037005783580 bcsId: 0,size=1048576]} | ret=SUCCESS |  
2019-08-23 07:09:03,794 | INFO  | DNAudit | user=null | ip=null | op=WRITE_CHUNK {blockData=conID: 1 locID: 102665037005783580 bcsId: 0} | ret=SUCCESS |  
2019-08-23 07:09:03,794 [grpc-default-executor-3] INFO  client.GrpcClientProtocolClient (GrpcClientProtocolClient.java:onNext(255)) - client-D91E5D1E15CE->f2ba01fc-a63e-4348-bd18-030b60a135e7: receive RaftClientReply:client-D91E5D1E15CE->f2ba01fc-a63e-4348-bd18-030b60a135e7@group-C8C62FEF0626, cid=1959, SUCCESS, logIndex=2852, commits[f2ba01fc-a63e-4348-bd18-030b60a135e7:c2855, eab135d4-a257-4705-b491-6c056b8c5df7:c2851, a4f67574-9018-43e7-8a54-351e98dc3d0a:c2851]
2019-08-23 07:09:03,794 | INFO  | DNAudit | user=null | ip=null | op=PUT_BLOCK {blockData=[blockId=conID: 1 locID: 102665037005783580 bcsId: 0,size=2097152]} | ret=SUCCESS |  
2019-08-23 07:09:03,795 [grpc-default-executor-3] INFO  client.GrpcClientProtocolClient (GrpcClientProtocolClient.java:onNext(255)) - client-D91E5D1E15CE->f2ba01fc-a63e-4348-bd18-030b60a135e7: receive RaftClientReply:client-D91E5D1E15CE->f2ba01fc-a63e-4348-bd18-030b60a135e7@group-C8C62FEF0626, cid=1960, SUCCESS, logIndex=2853, commits[f2ba01fc-a63e-4348-bd18-030b60a135e7:c2855, eab135d4-a257-4705-b491-6c056b8c5df7:c2851, a4f67574-9018-43e7-8a54-351e98dc3d0a:c2851]
2019-08-23 07:09:03,795 [grpc-default-executor-3] INFO  client.GrpcClientProtocolClient (GrpcClientProtocolClient.java:onNext(255)) - client-D91E5D1E15CE->f2ba01fc-a63e-4348-bd18-030b60a135e7: receive RaftClientReply:client-D91E5D1E15CE->f2ba01fc-a63e-4348-bd18-030b60a135e7@group-C8C62FEF0626, cid=1961, SUCCESS, logIndex=2854, commits[f2ba01fc-a63e-4348-bd18-030b60a135e7:c2855, eab135d4-a257-4705-b491-6c056b8c5df7:c2851, a4f67574-9018-43e7-8a54-351e98dc3d0a:c2851]
2019-08-23 07:09:03,795 [grpc-default-executor-3] INFO  client.GrpcClientProtocolClient (GrpcClientProtocolClient.java:onNext(255)) - client-D91E5D1E15CE->f2ba01fc-a63e-4348-bd18-030b60a135e7: receive RaftClientReply:client-D91E5D1E15CE->f2ba01fc-a63e-4348-bd18-030b60a135e7@group-C8C62FEF0626, cid=1962, SUCCESS, logIndex=2855, commits[f2ba01fc-a63e-4348-bd18-030b60a135e7:c2855, eab135d4-a257-4705-b491-6c056b8c5df7:c2851, a4f67574-9018-43e7-8a54-351e98dc3d0a:c2851]
2019-08-23 07:09:03,805 | INFO  | DNAudit | user=null | ip=null | op=WRITE_CHUNK {blockData=conID: 1 locID: 102665037005783580 bcsId: 0} | ret=SUCCESS |  
2019-08-23 07:09:03,805 | INFO  | DNAudit | user=null | ip=null | op=WRITE_CHUNK {blockData=conID: 1 locID: 102665037005783580 bcsId: 0} | ret=SUCCESS |  
2019-08-23 07:09:03,808 | INFO  | DNAudit | user=null | ip=null | op=PUT_BLOCK {blockData=[blockId=conID: 1 locID: 102665037005783580 bcsId: 0,size=1048576]} | ret=SUCCESS |  
2019-08-23 07:09:03,808 | INFO  | DNAudit | user=null | ip=null | op=PUT_BLOCK {blockData=[blockId=conID: 1 locID: 102665037005783580 bcsId: 0,size=1048576]} | ret=SUCCESS |  
2019-08-23 07:09:03,808 | INFO  | DNAudit | user=null | ip=null | op=WRITE_CHUNK {blockData=conID: 1 locID: 102665037005783580 bcsId: 0} | ret=SUCCESS |  
2019-08-23 07:09:03,808 | INFO  | DNAudit | user=null | ip=null | op=WRITE_CHUNK {blockData=conID: 1 locID: 102665037005783580 bcsId: 0} | ret=SUCCESS |  
2019-08-23 07:09:03,808 | INFO  | DNAudit | user=null | ip=null | op=PUT_BLOCK {blockData=[blockId=conID: 1 locID: 102665037005783580 bcsId: 0,size=2097152]} | ret=SUCCESS |  
2019-08-23 07:09:03,808 | INFO  | DNAudit | user=null | ip=null | op=PUT_BLOCK {blockData=[blockId=conID: 1 locID: 102665037005783580 bcsId: 0,size=2097152]} | ret=SUCCESS |  
2019-08-23 07:09:03,809 [grpc-default-executor-3] INFO  client.GrpcClientProtocolClient (GrpcClientProtocolClient.java:onNext(255)) - client-D91E5D1E15CE->f2ba01fc-a63e-4348-bd18-030b60a135e7: receive RaftClientReply:client-D91E5D1E15CE->f2ba01fc-a63e-4348-bd18-030b60a135e7@group-C8C62FEF0626, cid=1963, SUCCESS, logIndex=0, commits[f2ba01fc-a63e-4348-bd18-030b60a135e7:c2859, eab135d4-a257-4705-b491-6c056b8c5df7:c2853, a4f67574-9018-43e7-8a54-351e98dc3d0a:c2855]
2019-08-23 07:09:03,815 | INFO  | DNAudit | user=null | ip=null | op=WRITE_CHUNK {blockData=conID: 1 locID: 102665037005783580 bcsId: 2855} | ret=SUCCESS |  
2019-08-23 07:09:03,817 | INFO  | DNAudit | user=null | ip=null | op=WRITE_CHUNK {blockData=conID: 1 locID: 102665037005783580 bcsId: 2855} | ret=SUCCESS |  
2019-08-23 07:09:03,817 | INFO  | DNAudit | user=null | ip=null | op=WRITE_CHUNK {blockData=conID: 1 locID: 102665037005783580 bcsId: 2855} | ret=SUCCESS |  
2019-08-23 07:09:03,824 | INFO  | DNAudit | user=null | ip=null | op=WRITE_CHUNK {blockData=conID: 1 locID: 102665037005783580 bcsId: 2855} | ret=SUCCESS |  
2019-08-23 07:09:03,825 | INFO  | DNAudit | user=null | ip=null | op=PUT_BLOCK {blockData=[blockId=conID: 1 locID: 102665037005783580 bcsId: 0,size=3145728]} | ret=SUCCESS |  
2019-08-23 07:09:03,825 [grpc-default-executor-3] INFO  client.GrpcClientProtocolClient (GrpcClientProtocolClient.java:onNext(255)) - client-D91E5D1E15CE->f2ba01fc-a63e-4348-bd18-030b60a135e7: receive RaftClientReply:client-D91E5D1E15CE->f2ba01fc-a63e-4348-bd18-030b60a135e7@group-C8C62FEF0626, cid=1964, SUCCESS, logIndex=2860, commits[f2ba01fc-a63e-4348-bd18-030b60a135e7:c2861, eab135d4-a257-4705-b491-6c056b8c5df7:c2859, a4f67574-9018-43e7-8a54-351e98dc3d0a:c2859]
2019-08-23 07:09:03,825 [grpc-default-executor-3] INFO  client.GrpcClientProtocolClient (GrpcClientProtocolClient.java:onNext(255)) - client-D91E5D1E15CE->f2ba01fc-a63e-4348-bd18-030b60a135e7: receive RaftClientReply:client-D91E5D1E15CE->f2ba01fc-a63e-4348-bd18-030b60a135e7@group-C8C62FEF0626, cid=1965, SUCCESS, logIndex=2861, commits[f2ba01fc-a63e-4348-bd18-030b60a135e7:c2861, eab135d4-a257-4705-b491-6c056b8c5df7:c2859, a4f67574-9018-43e7-8a54-351e98dc3d0a:c2859]
2019-08-23 07:09:03,831 | INFO  | DNAudit | user=null | ip=null | op=WRITE_CHUNK {blockData=conID: 1 locID: 102665037005783580 bcsId: 2861} | ret=SUCCESS |  
2019-08-23 07:09:03,834 | INFO  | DNAudit | user=null | ip=null | op=WRITE_CHUNK {blockData=conID: 1 locID: 102665037005783580 bcsId: 2861} | ret=SUCCESS |  
2019-08-23 07:09:03,834 | INFO  | DNAudit | user=null | ip=null | op=WRITE_CHUNK {blockData=conID: 1 locID: 102665037005783580 bcsId: 2861} | ret=SUCCESS |  
2019-08-23 07:09:03,836 | INFO  | DNAudit | user=null | ip=null | op=WRITE_CHUNK {blockData=conID: 1 locID: 102665037005783580 bcsId: 2855} | ret=SUCCESS |  
2019-08-23 07:09:03,836 | INFO  | DNAudit | user=null | ip=null | op=WRITE_CHUNK {blockData=conID: 1 locID: 102665037005783580 bcsId: 2855} | ret=SUCCESS |  
2019-08-23 07:09:03,839 | INFO  | DNAudit | user=null | ip=null | op=PUT_BLOCK {blockData=[blockId=conID: 1 locID: 102665037005783580 bcsId: 0,size=3145728]} | ret=SUCCESS |  
2019-08-23 07:09:03,839 | INFO  | DNAudit | user=null | ip=null | op=PUT_BLOCK {blockData=[blockId=conID: 1 locID: 102665037005783580 bcsId: 0,size=3145728]} | ret=SUCCESS |  
2019-08-23 07:09:03,839 | INFO  | DNAudit | user=null | ip=null | op=WRITE_CHUNK {blockData=conID: 1 locID: 102665037005783580 bcsId: 2861} | ret=SUCCESS |  
2019-08-23 07:09:03,840 | INFO  | DNAudit | user=null | ip=null | op=PUT_BLOCK {blockData=[blockId=conID: 1 locID: 102665037005783580 bcsId: 0,size=4194304]} | ret=SUCCESS |  
2019-08-23 07:09:03,840 [grpc-default-executor-0] INFO  client.GrpcClientProtocolClient (GrpcClientProtocolClient.java:onNext(255)) - client-D91E5D1E15CE->f2ba01fc-a63e-4348-bd18-030b60a135e7: receive RaftClientReply:client-D91E5D1E15CE->f2ba01fc-a63e-4348-bd18-030b60a135e7@group-C8C62FEF0626, cid=1966, SUCCESS, logIndex=2864, commits[f2ba01fc-a63e-4348-bd18-030b60a135e7:c2865, eab135d4-a257-4705-b491-6c056b8c5df7:c2861, a4f67574-9018-43e7-8a54-351e98dc3d0a:c2861]
2019-08-23 07:09:03,840 [grpc-default-executor-0] INFO  client.GrpcClientProtocolClient (GrpcClientProtocolClient.java:onNext(255)) - client-D91E5D1E15CE->f2ba01fc-a63e-4348-bd18-030b60a135e7: receive RaftClientReply:client-D91E5D1E15CE->f2ba01fc-a63e-4348-bd18-030b60a135e7@group-C8C62FEF0626, cid=1967, SUCCESS, logIndex=2865, commits[f2ba01fc-a63e-4348-bd18-030b60a135e7:c2865, eab135d4-a257-4705-b491-6c056b8c5df7:c2861, a4f67574-9018-43e7-8a54-351e98dc3d0a:c2861]
2019-08-23 07:09:03,851 | INFO  | DNAudit | user=null | ip=null | op=WRITE_CHUNK {blockData=conID: 1 locID: 102665037005783580 bcsId: 2861} | ret=SUCCESS |  
2019-08-23 07:09:03,851 | INFO  | DNAudit | user=null | ip=null | op=WRITE_CHUNK {blockData=conID: 1 locID: 102665037005783580 bcsId: 2861} | ret=SUCCESS |  
2019-08-23 07:09:03,853 | INFO  | DNAudit | user=null | ip=null | op=PUT_BLOCK {blockData=[blockId=conID: 1 locID: 102665037005783580 bcsId: 0,size=4194304]} | ret=SUCCESS |  
2019-08-23 07:09:03,853 | INFO  | DNAudit | user=null | ip=null | op=PUT_BLOCK {blockData=[blockId=conID: 1 locID: 102665037005783580 bcsId: 0,size=4194304]} | ret=SUCCESS |  
2019-08-23 07:09:03,854 [grpc-default-executor-0] INFO  client.GrpcClientProtocolClient (GrpcClientProtocolClient.java:onNext(255)) - client-D91E5D1E15CE->f2ba01fc-a63e-4348-bd18-030b60a135e7: receive RaftClientReply:client-D91E5D1E15CE->f2ba01fc-a63e-4348-bd18-030b60a135e7@group-C8C62FEF0626, cid=1968, SUCCESS, logIndex=0, commits[f2ba01fc-a63e-4348-bd18-030b60a135e7:c2867, eab135d4-a257-4705-b491-6c056b8c5df7:c2865, a4f67574-9018-43e7-8a54-351e98dc3d0a:c2865]
2019-08-23 07:09:03,859 | INFO  | SCMAudit | user=jenkins1000 | ip=192.168.5.178 | op=ALLOCATE_BLOCK {owner=aaf04d22-10dd-4717-8862-c651bdde72cf, size=4194304, type=RATIS, factor=THREE} | ret=SUCCESS |  
2019-08-23 07:09:03,862 | INFO  | OMAudit | user=jenkins1000 | ip=127.0.0.1 | op=ALLOCATE_BLOCK {volume=vol-0-67663, bucket=bucket-0-68950, key=key-0-26970, dataSize=0, replicationType=null, replicationFactor=null, keyLocationInfo=null, clientID=102665036030476690} | ret=SUCCESS |  
2019-08-23 07:09:03,868 | INFO  | DNAudit | user=null | ip=null | op=WRITE_CHUNK {blockData=conID: 2 locID: 102665037011943965 bcsId: 0} | ret=SUCCESS |  
2019-08-23 07:09:04,001 | INFO  | DNAudit | user=null | ip=null | op=WRITE_CHUNK {blockData=conID: 2 locID: 102665037011943965 bcsId: 0} | ret=SUCCESS |  
2019-08-23 07:09:04,001 | INFO  | DNAudit | user=null | ip=null | op=WRITE_CHUNK {blockData=conID: 2 locID: 102665037011943965 bcsId: 0} | ret=SUCCESS |  
2019-08-23 07:09:04,001 | INFO  | DNAudit | user=null | ip=null | op=WRITE_CHUNK {blockData=conID: 2 locID: 102665037011943965 bcsId: 0} | ret=SUCCESS |  
2019-08-23 07:09:04,004 | INFO  | DNAudit | user=null | ip=null | op=WRITE_CHUNK {blockData=conID: 2 locID: 102665037011943965 bcsId: 0} | ret=SUCCESS |  
2019-08-23 07:09:04,005 | INFO  | DNAudit | user=null | ip=null | op=WRITE_CHUNK {blockData=conID: 2 locID: 102665037011943965 bcsId: 0} | ret=SUCCESS |  
 0.00% |█                                                                                                    |  0/1 Time: 0:00:152019-08-23 07:09:04,012 | INFO  | SCMAudit | user=jenkins1000 | ip=192.168.5.178 | op=SEND_HEARTBEAT {datanodeUUID=5c311bc2-cc7c-45de-998f-f79499d85d4e, command=[]} | ret=SUCCESS |  
2019-08-23 07:09:04,013 | INFO  | DNAudit | user=null | ip=null | op=WRITE_CHUNK {blockData=conID: 2 locID: 102665037011943965 bcsId: 0} | ret=SUCCESS |  
2019-08-23 07:09:04,013 | INFO  | DNAudit | user=null | ip=null | op=PUT_BLOCK {blockData=[blockId=conID: 2 locID: 102665037011943965 bcsId: 0,size=1048576]} | ret=SUCCESS |  
2019-08-23 07:09:04,014 | INFO  | DNAudit | user=null | ip=null | op=WRITE_CHUNK {blockData=conID: 2 locID: 102665037011943965 bcsId: 0} | ret=SUCCESS |  
2019-08-23 07:09:04,014 | INFO  | DNAudit | user=null | ip=null | op=PUT_BLOCK {blockData=[blockId=conID: 2 locID: 102665037011943965 bcsId: 0,size=2097152]} | ret=SUCCESS |  
2019-08-23 07:09:04,014 [grpc-default-executor-3] INFO  client.GrpcClientProtocolClient (GrpcClientProtocolClient.java:onNext(255)) - client-D91E5D1E15CE->f2ba01fc-a63e-4348-bd18-030b60a135e7: receive RaftClientReply:client-D91E5D1E15CE->f2ba01fc-a63e-4348-bd18-030b60a135e7@group-C8C62FEF0626, cid=1969, SUCCESS, logIndex=2868, commits[f2ba01fc-a63e-4348-bd18-030b60a135e7:c2869, eab135d4-a257-4705-b491-6c056b8c5df7:c2867, a4f67574-9018-43e7-8a54-351e98dc3d0a:c2867]
2019-08-23 07:09:04,015 [grpc-default-executor-2] INFO  client.GrpcClientProtocolClient (GrpcClientProtocolClient.java:onNext(255)) - client-D91E5D1E15CE->f2ba01fc-a63e-4348-bd18-030b60a135e7: receive RaftClientReply:client-D91E5D1E15CE->f2ba01fc-a63e-4348-bd18-030b60a135e7@group-C8C62FEF0626, cid=1970, SUCCESS, logIndex=2869, commits[f2ba01fc-a63e-4348-bd18-030b60a135e7:c2869, eab135d4-a257-4705-b491-6c056b8c5df7:c2867, a4f67574-9018-43e7-8a54-351e98dc3d0a:c2867]
2019-08-23 07:09:04,015 | INFO  | DNAudit | user=null | ip=null | op=WRITE_CHUNK {blockData=conID: 2 locID: 102665037011943965 bcsId: 0} | ret=SUCCESS |  
2019-08-23 07:09:04,015 [grpc-default-executor-2] INFO  client.GrpcClientProtocolClient (GrpcClientProtocolClient.java:onNext(255)) - client-D91E5D1E15CE->f2ba01fc-a63e-4348-bd18-030b60a135e7: receive RaftClientReply:client-D91E5D1E15CE->f2ba01fc-a63e-4348-bd18-030b60a135e7@group-C8C62FEF0626, cid=1971, SUCCESS, logIndex=2870, commits[f2ba01fc-a63e-4348-bd18-030b60a135e7:c2871, eab135d4-a257-4705-b491-6c056b8c5df7:c2867, a4f67574-9018-43e7-8a54-351e98dc3d0a:c2867]
2019-08-23 07:09:04,016 [grpc-default-executor-2] INFO  client.GrpcClientProtocolClient (GrpcClientProtocolClient.java:onNext(255)) - client-D91E5D1E15CE->f2ba01fc-a63e-4348-bd18-030b60a135e7: receive RaftClientReply:client-D91E5D1E15CE->f2ba01fc-a63e-4348-bd18-030b60a135e7@group-C8C62FEF0626, cid=1972, SUCCESS, logIndex=2871, commits[f2ba01fc-a63e-4348-bd18-030b60a135e7:c2871, eab135d4-a257-4705-b491-6c056b8c5df7:c2867, a4f67574-9018-43e7-8a54-351e98dc3d0a:c2867]
2019-08-23 07:09:04,016 | INFO  | DNAudit | user=null | ip=null | op=WRITE_CHUNK {blockData=conID: 2 locID: 102665037011943965 bcsId: 0} | ret=SUCCESS |  
2019-08-23 07:09:04,016 | INFO  | DNAudit | user=null | ip=null | op=PUT_BLOCK {blockData=[blockId=conID: 2 locID: 102665037011943965 bcsId: 0,size=1048576]} | ret=SUCCESS |  
2019-08-23 07:09:04,016 | INFO  | DNAudit | user=null | ip=null | op=PUT_BLOCK {blockData=[blockId=conID: 2 locID: 102665037011943965 bcsId: 0,size=1048576]} | ret=SUCCESS |  
2019-08-23 07:09:04,017 [grpc-default-executor-2] INFO  client.GrpcClientProtocolClient (GrpcClientProtocolClient.java:onNext(255)) - client-D91E5D1E15CE->f2ba01fc-a63e-4348-bd18-030b60a135e7: receive RaftClientReply:client-D91E5D1E15CE->f2ba01fc-a63e-4348-bd18-030b60a135e7@group-C8C62FEF0626, cid=1973, SUCCESS, logIndex=0, commits[f2ba01fc-a63e-4348-bd18-030b60a135e7:c2873, eab135d4-a257-4705-b491-6c056b8c5df7:c2869, a4f67574-9018-43e7-8a54-351e98dc3d0a:c2869]
2019-08-23 07:09:04,017 | INFO  | DNAudit | user=null | ip=null | op=WRITE_CHUNK {blockData=conID: 2 locID: 102665037011943965 bcsId: 0} | ret=SUCCESS |  
2019-08-23 07:09:04,017 | INFO  | DNAudit | user=null | ip=null | op=PUT_BLOCK {blockData=[blockId=conID: 2 locID: 102665037011943965 bcsId: 0,size=2097152]} | ret=SUCCESS |  
2019-08-23 07:09:04,017 | INFO  | DNAudit | user=null | ip=null | op=WRITE_CHUNK {blockData=conID: 2 locID: 102665037011943965 bcsId: 0} | ret=SUCCESS |  
2019-08-23 07:09:04,017 | INFO  | DNAudit | user=null | ip=null | op=PUT_BLOCK {blockData=[blockId=conID: 2 locID: 102665037011943965 bcsId: 0,size=2097152]} | ret=SUCCESS |  
2019-08-23 07:09:04,022 | INFO  | DNAudit | user=null | ip=null | op=WRITE_CHUNK {blockData=conID: 2 locID: 102665037011943965 bcsId: 2871} | ret=SUCCESS |  
2019-08-23 07:09:04,024 | INFO  | DNAudit | user=null | ip=null | op=WRITE_CHUNK {blockData=conID: 2 locID: 102665037011943965 bcsId: 2871} | ret=SUCCESS |  
2019-08-23 07:09:04,024 | INFO  | DNAudit | user=null | ip=null | op=WRITE_CHUNK {blockData=conID: 2 locID: 102665037011943965 bcsId: 2871} | ret=SUCCESS |  
2019-08-23 07:09:04,032 | INFO  | DNAudit | user=null | ip=null | op=WRITE_CHUNK {blockData=conID: 2 locID: 102665037011943965 bcsId: 2871} | ret=SUCCESS |  
2019-08-23 07:09:04,033 | INFO  | DNAudit | user=null | ip=null | op=PUT_BLOCK {blockData=[blockId=conID: 2 locID: 102665037011943965 bcsId: 0,size=3145728]} | ret=SUCCESS |  
2019-08-23 07:09:04,033 [grpc-default-executor-3] INFO  client.GrpcClientProtocolClient (GrpcClientProtocolClient.java:onNext(255)) - client-D91E5D1E15CE->f2ba01fc-a63e-4348-bd18-030b60a135e7: receive RaftClientReply:client-D91E5D1E15CE->f2ba01fc-a63e-4348-bd18-030b60a135e7@group-C8C62FEF0626, cid=1974, SUCCESS, logIndex=2875, commits[f2ba01fc-a63e-4348-bd18-030b60a135e7:c2876, eab135d4-a257-4705-b491-6c056b8c5df7:c2874, a4f67574-9018-43e7-8a54-351e98dc3d0a:c2874]
2019-08-23 07:09:04,033 [grpc-default-executor-3] INFO  client.GrpcClientProtocolClient (GrpcClientProtocolClient.java:onNext(255)) - client-D91E5D1E15CE->f2ba01fc-a63e-4348-bd18-030b60a135e7: receive RaftClientReply:client-D91E5D1E15CE->f2ba01fc-a63e-4348-bd18-030b60a135e7@group-C8C62FEF0626, cid=1975, SUCCESS, logIndex=2876, commits[f2ba01fc-a63e-4348-bd18-030b60a135e7:c2876, eab135d4-a257-4705-b491-6c056b8c5df7:c2874, a4f67574-9018-43e7-8a54-351e98dc3d0a:c2874]
2019-08-23 07:09:04,038 | INFO  | DNAudit | user=null | ip=null | op=WRITE_CHUNK {blockData=conID: 2 locID: 102665037011943965 bcsId: 2876} | ret=SUCCESS |  
2019-08-23 07:09:04,040 | INFO  | DNAudit | user=null | ip=null | op=WRITE_CHUNK {blockData=conID: 2 locID: 102665037011943965 bcsId: 2876} | ret=SUCCESS |  
2019-08-23 07:09:04,041 | INFO  | DNAudit | user=null | ip=null | op=WRITE_CHUNK {blockData=conID: 2 locID: 102665037011943965 bcsId: 2876} | ret=SUCCESS |  
2019-08-23 07:09:04,044 | INFO  | DNAudit | user=null | ip=null | op=WRITE_CHUNK {blockData=conID: 2 locID: 102665037011943965 bcsId: 2871} | ret=SUCCESS |  
2019-08-23 07:09:04,044 | INFO  | DNAudit | user=null | ip=null | op=WRITE_CHUNK {blockData=conID: 2 locID: 102665037011943965 bcsId: 2871} | ret=SUCCESS |  
2019-08-23 07:09:04,046 | INFO  | DNAudit | user=null | ip=null | op=PUT_BLOCK {blockData=[blockId=conID: 2 locID: 102665037011943965 bcsId: 0,size=3145728]} | ret=SUCCESS |  
2019-08-23 07:09:04,046 | INFO  | DNAudit | user=null | ip=null | op=PUT_BLOCK {blockData=[blockId=conID: 2 locID: 102665037011943965 bcsId: 0,size=3145728]} | ret=SUCCESS |  
2019-08-23 07:09:04,046 | INFO  | DNAudit | user=null | ip=null | op=WRITE_CHUNK {blockData=conID: 2 locID: 102665037011943965 bcsId: 2876} | ret=SUCCESS |  
2019-08-23 07:09:04,047 | INFO  | DNAudit | user=null | ip=null | op=PUT_BLOCK {blockData=[blockId=conID: 2 locID: 102665037011943965 bcsId: 0,size=4194304]} | ret=SUCCESS |  
2019-08-23 07:09:04,047 [grpc-default-executor-0] INFO  client.GrpcClientProtocolClient (GrpcClientProtocolClient.java:onNext(255)) - client-D91E5D1E15CE->f2ba01fc-a63e-4348-bd18-030b60a135e7: receive RaftClientReply:client-D91E5D1E15CE->f2ba01fc-a63e-4348-bd18-030b60a135e7@group-C8C62FEF0626, cid=1976, SUCCESS, logIndex=2879, commits[f2ba01fc-a63e-4348-bd18-030b60a135e7:c2879, eab135d4-a257-4705-b491-6c056b8c5df7:c2876, a4f67574-9018-43e7-8a54-351e98dc3d0a:c2876]
2019-08-23 07:09:04,047 [grpc-default-executor-0] INFO  client.GrpcClientProtocolClient (GrpcClientProtocolClient.java:onNext(255)) - client-D91E5D1E15CE->f2ba01fc-a63e-4348-bd18-030b60a135e7: receive RaftClientReply:client-D91E5D1E15CE->f2ba01fc-a63e-4348-bd18-030b60a135e7@group-C8C62FEF0626, cid=1977, SUCCESS, logIndex=2880, commits[f2ba01fc-a63e-4348-bd18-030b60a135e7:c2880, eab135d4-a257-4705-b491-6c056b8c5df7:c2876, a4f67574-9018-43e7-8a54-351e98dc3d0a:c2876]
2019-08-23 07:09:04,058 | INFO  | DNAudit | user=null | ip=null | op=WRITE_CHUNK {blockData=conID: 2 locID: 102665037011943965 bcsId: 2876} | ret=SUCCESS |  
2019-08-23 07:09:04,058 | INFO  | DNAudit | user=null | ip=null | op=WRITE_CHUNK {blockData=conID: 2 locID: 102665037011943965 bcsId: 2876} | ret=SUCCESS |  
2019-08-23 07:09:04,061 | INFO  | DNAudit | user=null | ip=null | op=PUT_BLOCK {blockData=[blockId=conID: 2 locID: 102665037011943965 bcsId: 0,size=4194304]} | ret=SUCCESS |  
2019-08-23 07:09:04,061 | INFO  | DNAudit | user=null | ip=null | op=PUT_BLOCK {blockData=[blockId=conID: 2 locID: 102665037011943965 bcsId: 0,size=4194304]} | ret=SUCCESS |  
2019-08-23 07:09:04,061 [grpc-default-executor-0] INFO  client.GrpcClientProtocolClient (GrpcClientProtocolClient.java:onNext(255)) - client-D91E5D1E15CE->f2ba01fc-a63e-4348-bd18-030b60a135e7: receive RaftClientReply:client-D91E5D1E15CE->f2ba01fc-a63e-4348-bd18-030b60a135e7@group-C8C62FEF0626, cid=1978, SUCCESS, logIndex=0, commits[f2ba01fc-a63e-4348-bd18-030b60a135e7:c2882, eab135d4-a257-4705-b491-6c056b8c5df7:c2880, a4f67574-9018-43e7-8a54-351e98dc3d0a:c2880]
2019-08-23 07:09:04,065 | INFO  | SCMAudit | user=jenkins1000 | ip=192.168.5.178 | op=ALLOCATE_BLOCK {owner=aaf04d22-10dd-4717-8862-c651bdde72cf, size=4194304, type=RATIS, factor=THREE} | ret=SUCCESS |  
2019-08-23 07:09:04,067 | INFO  | OMAudit | user=jenkins1000 | ip=127.0.0.1 | op=ALLOCATE_BLOCK {volume=vol-0-67663, bucket=bucket-0-68950, key=key-0-26970, dataSize=0, replicationType=null, replicationFactor=null, keyLocationInfo=null, clientID=102665036030476690} | ret=SUCCESS |  
2019-08-23 07:09:04,073 | INFO  | DNAudit | user=null | ip=null | op=WRITE_CHUNK {blockData=conID: 3 locID: 102665037025444382 bcsId: 0} | ret=SUCCESS |  
2019-08-23 07:09:04,075 | INFO  | DNAudit | user=null | ip=null | op=WRITE_CHUNK {blockData=conID: 3 locID: 102665037025444382 bcsId: 0} | ret=SUCCESS |  
2019-08-23 07:09:04,075 | INFO  | DNAudit | user=null | ip=null | op=WRITE_CHUNK {blockData=conID: 3 locID: 102665037025444382 bcsId: 0} | ret=SUCCESS |  
2019-08-23 07:09:04,075 | INFO  | DNAudit | user=null | ip=null | op=WRITE_CHUNK {blockData=conID: 3 locID: 102665037025444382 bcsId: 0} | ret=SUCCESS |  
2019-08-23 07:09:04,076 | INFO  | DNAudit | user=null | ip=null | op=WRITE_CHUNK {blockData=conID: 3 locID: 102665037025444382 bcsId: 0} | ret=SUCCESS |  
2019-08-23 07:09:04,076 | INFO  | DNAudit | user=null | ip=null | op=WRITE_CHUNK {blockData=conID: 3 locID: 102665037025444382 bcsId: 0} | ret=SUCCESS |  
2019-08-23 07:09:04,085 | INFO  | DNAudit | user=null | ip=null | op=WRITE_CHUNK {blockData=conID: 3 locID: 102665037025444382 bcsId: 0} | ret=SUCCESS |  
2019-08-23 07:09:04,086 | INFO  | DNAudit | user=null | ip=null | op=PUT_BLOCK {blockData=[blockId=conID: 3 locID: 102665037025444382 bcsId: 0,size=1048576]} | ret=SUCCESS |  
2019-08-23 07:09:04,086 | INFO  | DNAudit | user=null | ip=null | op=WRITE_CHUNK {blockData=conID: 3 locID: 102665037025444382 bcsId: 0} | ret=SUCCESS |  
2019-08-23 07:09:04,086 | INFO  | DNAudit | user=null | ip=null | op=PUT_BLOCK {blockData=[blockId=conID: 3 locID: 102665037025444382 bcsId: 0,size=2097152]} | ret=SUCCESS |  
2019-08-23 07:09:04,086 [grpc-default-executor-2] INFO  client.GrpcClientProtocolClient (GrpcClientProtocolClient.java:onNext(255)) - client-D91E5D1E15CE->f2ba01fc-a63e-4348-bd18-030b60a135e7: receive RaftClientReply:client-D91E5D1E15CE->f2ba01fc-a63e-4348-bd18-030b60a135e7@group-C8C62FEF0626, cid=1979, SUCCESS, logIndex=2883, commits[f2ba01fc-a63e-4348-bd18-030b60a135e7:c2884, eab135d4-a257-4705-b491-6c056b8c5df7:c2882, a4f67574-9018-43e7-8a54-351e98dc3d0a:c2882]
2019-08-23 07:09:04,087 | INFO  | DNAudit | user=null | ip=null | op=WRITE_CHUNK {blockData=conID: 3 locID: 102665037025444382 bcsId: 0} | ret=SUCCESS |  
2019-08-23 07:09:04,087 [grpc-default-executor-2] INFO  client.GrpcClientProtocolClient (GrpcClientProtocolClient.java:onNext(255)) - client-D91E5D1E15CE->f2ba01fc-a63e-4348-bd18-030b60a135e7: receive RaftClientReply:client-D91E5D1E15CE->f2ba01fc-a63e-4348-bd18-030b60a135e7@group-C8C62FEF0626, cid=1980, SUCCESS, logIndex=2884, commits[f2ba01fc-a63e-4348-bd18-030b60a135e7:c2885, eab135d4-a257-4705-b491-6c056b8c5df7:c2882, a4f67574-9018-43e7-8a54-351e98dc3d0a:c2882]
2019-08-23 07:09:04,087 | INFO  | DNAudit | user=null | ip=null | op=PUT_BLOCK {blockData=[blockId=conID: 3 locID: 102665037025444382 bcsId: 0,size=1048576]} | ret=SUCCESS |  
2019-08-23 07:09:04,087 [grpc-default-executor-2] INFO  client.GrpcClientProtocolClient (GrpcClientProtocolClient.java:onNext(255)) - client-D91E5D1E15CE->f2ba01fc-a63e-4348-bd18-030b60a135e7: receive RaftClientReply:client-D91E5D1E15CE->f2ba01fc-a63e-4348-bd18-030b60a135e7@group-C8C62FEF0626, cid=1981, SUCCESS, logIndex=2885, commits[f2ba01fc-a63e-4348-bd18-030b60a135e7:c2886, eab135d4-a257-4705-b491-6c056b8c5df7:c2882, a4f67574-9018-43e7-8a54-351e98dc3d0a:c2882]
2019-08-23 07:09:04,087 [grpc-default-executor-2] INFO  client.GrpcClientProtocolClient (GrpcClientProtocolClient.java:onNext(255)) - client-D91E5D1E15CE->f2ba01fc-a63e-4348-bd18-030b60a135e7: receive RaftClientReply:client-D91E5D1E15CE->f2ba01fc-a63e-4348-bd18-030b60a135e7@group-C8C62FEF0626, cid=1982, SUCCESS, logIndex=2886, commits[f2ba01fc-a63e-4348-bd18-030b60a135e7:c2886, eab135d4-a257-4705-b491-6c056b8c5df7:c2882, a4f67574-9018-43e7-8a54-351e98dc3d0a:c2882]
2019-08-23 07:09:04,088 | INFO  | DNAudit | user=null | ip=null | op=WRITE_CHUNK {blockData=conID: 3 locID: 102665037025444382 bcsId: 0} | ret=SUCCESS |  
2019-08-23 07:09:04,089 | INFO  | DNAudit | user=null | ip=null | op=PUT_BLOCK {blockData=[blockId=conID: 3 locID: 102665037025444382 bcsId: 0,size=1048576]} | ret=SUCCESS |  
2019-08-23 07:09:04,089 [grpc-default-executor-2] INFO  client.GrpcClientProtocolClient (GrpcClientProtocolClient.java:onNext(255)) - client-D91E5D1E15CE->f2ba01fc-a63e-4348-bd18-030b60a135e7: receive RaftClientReply:client-D91E5D1E15CE->f2ba01fc-a63e-4348-bd18-030b60a135e7@group-C8C62FEF0626, cid=1983, SUCCESS, logIndex=0, commits[f2ba01fc-a63e-4348-bd18-030b60a135e7:c2888, eab135d4-a257-4705-b491-6c056b8c5df7:c2884, a4f67574-9018-43e7-8a54-351e98dc3d0a:c2884]
2019-08-23 07:09:04,094 | INFO  | DNAudit | user=null | ip=null | op=WRITE_CHUNK {blockData=conID: 3 locID: 102665037025444382 bcsId: 2886} | ret=SUCCESS |  
2019-08-23 07:09:04,095 | INFO  | DNAudit | user=null | ip=null | op=WRITE_CHUNK {blockData=conID: 3 locID: 102665037025444382 bcsId: 2886} | ret=SUCCESS |  
2019-08-23 07:09:04,096 | INFO  | DNAudit | user=null | ip=null | op=WRITE_CHUNK {blockData=conID: 3 locID: 102665037025444382 bcsId: 2886} | ret=SUCCESS |  
2019-08-23 07:09:04,099 | INFO  | DNAudit | user=null | ip=null | op=WRITE_CHUNK {blockData=conID: 3 locID: 102665037025444382 bcsId: 0} | ret=SUCCESS |  
2019-08-23 07:09:04,100 | INFO  | DNAudit | user=null | ip=null | op=PUT_BLOCK {blockData=[blockId=conID: 3 locID: 102665037025444382 bcsId: 0,size=2097152]} | ret=SUCCESS |  
2019-08-23 07:09:04,100 | INFO  | DNAudit | user=null | ip=null | op=WRITE_CHUNK {blockData=conID: 3 locID: 102665037025444382 bcsId: 0} | ret=SUCCESS |  
2019-08-23 07:09:04,100 | INFO  | DNAudit | user=null | ip=null | op=PUT_BLOCK {blockData=[blockId=conID: 3 locID: 102665037025444382 bcsId: 0,size=2097152]} | ret=SUCCESS |  
2019-08-23 07:09:04,102 | INFO  | DNAudit | user=null | ip=null | op=WRITE_CHUNK {blockData=conID: 3 locID: 102665037025444382 bcsId: 2886} | ret=SUCCESS |  
2019-08-23 07:09:04,103 | INFO  | DNAudit | user=null | ip=null | op=PUT_BLOCK {blockData=[blockId=conID: 3 locID: 102665037025444382 bcsId: 0,size=3145728]} | ret=SUCCESS |  
2019-08-23 07:09:04,103 [grpc-default-executor-0] INFO  client.GrpcClientProtocolClient (GrpcClientProtocolClient.java:onNext(255)) - client-D91E5D1E15CE->f2ba01fc-a63e-4348-bd18-030b60a135e7: receive RaftClientReply:client-D91E5D1E15CE->f2ba01fc-a63e-4348-bd18-030b60a135e7@group-C8C62FEF0626, cid=1984, SUCCESS, logIndex=2891, commits[f2ba01fc-a63e-4348-bd18-030b60a135e7:c2892, eab135d4-a257-4705-b491-6c056b8c5df7:c2886, a4f67574-9018-43e7-8a54-351e98dc3d0a:c2888]
2019-08-23 07:09:04,103 [grpc-default-executor-0] INFO  client.GrpcClientProtocolClient (GrpcClientProtocolClient.java:onNext(255)) - client-D91E5D1E15CE->f2ba01fc-a63e-4348-bd18-030b60a135e7: receive RaftClientReply:client-D91E5D1E15CE->f2ba01fc-a63e-4348-bd18-030b60a135e7@group-C8C62FEF0626, cid=1985, SUCCESS, logIndex=2892, commits[f2ba01fc-a63e-4348-bd18-030b60a135e7:c2892, eab135d4-a257-4705-b491-6c056b8c5df7:c2888, a4f67574-9018-43e7-8a54-351e98dc3d0a:c2888]
2019-08-23 07:09:04,108 | INFO  | DNAudit | user=null | ip=null | op=WRITE_CHUNK {blockData=conID: 3 locID: 102665037025444382 bcsId: 2892} | ret=SUCCESS |  
2019-08-23 07:09:04,110 | INFO  | DNAudit | user=null | ip=null | op=WRITE_CHUNK {blockData=conID: 3 locID: 102665037025444382 bcsId: 2892} | ret=SUCCESS |  
2019-08-23 07:09:04,110 | INFO  | DNAudit | user=null | ip=null | op=WRITE_CHUNK {blockData=conID: 3 locID: 102665037025444382 bcsId: 2892} | ret=SUCCESS |  
2019-08-23 07:09:04,114 | INFO  | DNAudit | user=null | ip=null | op=WRITE_CHUNK {blockData=conID: 3 locID: 102665037025444382 bcsId: 2886} | ret=SUCCESS |  
2019-08-23 07:09:04,114 | INFO  | DNAudit | user=null | ip=null | op=WRITE_CHUNK {blockData=conID: 3 locID: 102665037025444382 bcsId: 2886} | ret=SUCCESS |  
2019-08-23 07:09:04,114 | INFO  | DNAudit | user=null | ip=null | op=PUT_BLOCK {blockData=[blockId=conID: 3 locID: 102665037025444382 bcsId: 0,size=3145728]} | ret=SUCCESS |  
2019-08-23 07:09:04,114 | INFO  | DNAudit | user=null | ip=null | op=PUT_BLOCK {blockData=[blockId=conID: 3 locID: 102665037025444382 bcsId: 0,size=3145728]} | ret=SUCCESS |  
2019-08-23 07:09:04,117 | INFO  | DNAudit | user=null | ip=null | op=WRITE_CHUNK {blockData=conID: 3 locID: 102665037025444382 bcsId: 2892} | ret=SUCCESS |  
2019-08-23 07:09:04,117 | INFO  | DNAudit | user=null | ip=null | op=PUT_BLOCK {blockData=[blockId=conID: 3 locID: 102665037025444382 bcsId: 0,size=4194304]} | ret=SUCCESS |  
2019-08-23 07:09:04,117 [grpc-default-executor-2] INFO  client.GrpcClientProtocolClient (GrpcClientProtocolClient.java:onNext(255)) - client-D91E5D1E15CE->f2ba01fc-a63e-4348-bd18-030b60a135e7: receive RaftClientReply:client-D91E5D1E15CE->f2ba01fc-a63e-4348-bd18-030b60a135e7@group-C8C62FEF0626, cid=1986, SUCCESS, logIndex=2894, commits[f2ba01fc-a63e-4348-bd18-030b60a135e7:c2894, eab135d4-a257-4705-b491-6c056b8c5df7:c2892, a4f67574-9018-43e7-8a54-351e98dc3d0a:c2892]
2019-08-23 07:09:04,118 [grpc-default-executor-2] INFO  client.GrpcClientProtocolClient (GrpcClientProtocolClient.java:onNext(255)) - client-D91E5D1E15CE->f2ba01fc-a63e-4348-bd18-030b60a135e7: receive RaftClientReply:client-D91E5D1E15CE->f2ba01fc-a63e-4348-bd18-030b60a135e7@group-C8C62FEF0626, cid=1987, SUCCESS, logIndex=2895, commits[f2ba01fc-a63e-4348-bd18-030b60a135e7:c2895, eab135d4-a257-4705-b491-6c056b8c5df7:c2892, a4f67574-9018-43e7-8a54-351e98dc3d0a:c2892]
2019-08-23 07:09:04,129 | INFO  | DNAudit | user=null | ip=null | op=WRITE_CHUNK {blockData=conID: 3 locID: 102665037025444382 bcsId: 2892} | ret=SUCCESS |  
2019-08-23 07:09:04,129 | INFO  | DNAudit | user=null | ip=null | op=WRITE_CHUNK {blockData=conID: 3 locID: 102665037025444382 bcsId: 2892} | ret=SUCCESS |  
2019-08-23 07:09:04,131 | INFO  | DNAudit | user=null | ip=null | op=PUT_BLOCK {blockData=[blockId=conID: 3 locID: 102665037025444382 bcsId: 0,size=4194304]} | ret=SUCCESS |  
2019-08-23 07:09:04,131 | INFO  | DNAudit | user=null | ip=null | op=PUT_BLOCK {blockData=[blockId=conID: 3 locID: 102665037025444382 bcsId: 0,size=4194304]} | ret=SUCCESS |  
2019-08-23 07:09:04,132 [grpc-default-executor-2] INFO  client.GrpcClientProtocolClient (GrpcClientProtocolClient.java:onNext(255)) - client-D91E5D1E15CE->f2ba01fc-a63e-4348-bd18-030b60a135e7: receive RaftClientReply:client-D91E5D1E15CE->f2ba01fc-a63e-4348-bd18-030b60a135e7@group-C8C62FEF0626, cid=1988, SUCCESS, logIndex=0, commits[f2ba01fc-a63e-4348-bd18-030b60a135e7:c2897, eab135d4-a257-4705-b491-6c056b8c5df7:c2895, a4f67574-9018-43e7-8a54-351e98dc3d0a:c2895]
2019-08-23 07:09:04,136 | INFO  | SCMAudit | user=jenkins1000 | ip=192.168.5.178 | op=ALLOCATE_BLOCK {owner=aaf04d22-10dd-4717-8862-c651bdde72cf, size=4194304, type=RATIS, factor=THREE} | ret=SUCCESS |  
2019-08-23 07:09:04,139 | INFO  | OMAudit | user=jenkins1000 | ip=127.0.0.1 | op=ALLOCATE_BLOCK {volume=vol-0-67663, bucket=bucket-0-68950, key=key-0-26970, dataSize=0, replicationType=null, replicationFactor=null, keyLocationInfo=null, clientID=102665036030476690} | ret=SUCCESS |  
2019-08-23 07:09:04,144 | INFO  | DNAudit | user=null | ip=null | op=WRITE_CHUNK {blockData=conID: 1 locID: 102665037030097439 bcsId: 0} | ret=SUCCESS |  
2019-08-23 07:09:04,147 | INFO  | DNAudit | user=null | ip=null | op=WRITE_CHUNK {blockData=conID: 1 locID: 102665037030097439 bcsId: 0} | ret=SUCCESS |  
2019-08-23 07:09:04,147 | INFO  | DNAudit | user=null | ip=null | op=WRITE_CHUNK {blockData=conID: 1 locID: 102665037030097439 bcsId: 0} | ret=SUCCESS |  
2019-08-23 07:09:04,147 | INFO  | DNAudit | user=null | ip=null | op=WRITE_CHUNK {blockData=conID: 1 locID: 102665037030097439 bcsId: 0} | ret=SUCCESS |  
2019-08-23 07:09:04,147 | INFO  | SCMAudit | user=jenkins1000 | ip=192.168.5.178 | op=SEND_HEARTBEAT {datanodeUUID=b7d3ecaa-ab76-49a0-b691-40b7e1ed625a, command=[]} | ret=SUCCESS |  
2019-08-23 07:09:04,148 | INFO  | DNAudit | user=null | ip=null | op=WRITE_CHUNK {blockData=conID: 1 locID: 102665037030097439 bcsId: 0} | ret=SUCCESS |  
2019-08-23 07:09:04,148 | INFO  | DNAudit | user=null | ip=null | op=WRITE_CHUNK {blockData=conID: 1 locID: 102665037030097439 bcsId: 0} | ret=SUCCESS |  
2019-08-23 07:09:04,158 | INFO  | DNAudit | user=null | ip=null | op=WRITE_CHUNK {blockData=conID: 1 locID: 102665037030097439 bcsId: 0} | ret=SUCCESS |  
2019-08-23 07:09:04,158 | INFO  | DNAudit | user=null | ip=null | op=PUT_BLOCK {blockData=[blockId=conID: 1 locID: 102665037030097439 bcsId: 0,size=1048576]} | ret=SUCCESS |  
2019-08-23 07:09:04,158 [grpc-default-executor-2] INFO  client.GrpcClientProtocolClient (GrpcClientProtocolClient.java:onNext(255)) - client-D91E5D1E15CE->f2ba01fc-a63e-4348-bd18-030b60a135e7: receive RaftClientReply:client-D91E5D1E15CE->f2ba01fc-a63e-4348-bd18-030b60a135e7@group-C8C62FEF0626, cid=1989, SUCCESS, logIndex=2898, commits[f2ba01fc-a63e-4348-bd18-030b60a135e7:c2899, eab135d4-a257-4705-b491-6c056b8c5df7:c2897, a4f67574-9018-43e7-8a54-351e98dc3d0a:c2897]
2019-08-23 07:09:04,158 | INFO  | DNAudit | user=null | ip=null | op=WRITE_CHUNK {blockData=conID: 1 locID: 102665037030097439 bcsId: 0} | ret=SUCCESS |  
2019-08-23 07:09:04,159 | INFO  | DNAudit | user=null | ip=null | op=PUT_BLOCK {blockData=[blockId=conID: 1 locID: 102665037030097439 bcsId: 0,size=2097152]} | ret=SUCCESS |  
2019-08-23 07:09:04,159 [grpc-default-executor-2] INFO  client.GrpcClientProtocolClient (GrpcClientProtocolClient.java:onNext(255)) - client-D91E5D1E15CE->f2ba01fc-a63e-4348-bd18-030b60a135e7: receive RaftClientReply:client-D91E5D1E15CE->f2ba01fc-a63e-4348-bd18-030b60a135e7@group-C8C62FEF0626, cid=1990, SUCCESS, logIndex=2899, commits[f2ba01fc-a63e-4348-bd18-030b60a135e7:c2901, eab135d4-a257-4705-b491-6c056b8c5df7:c2897, a4f67574-9018-43e7-8a54-351e98dc3d0a:c2897]
2019-08-23 07:09:04,159 | INFO  | DNAudit | user=null | ip=null | op=WRITE_CHUNK {blockData=conID: 1 locID: 102665037030097439 bcsId: 0} | ret=SUCCESS |  
2019-08-23 07:09:04,159 | INFO  | DNAudit | user=null | ip=null | op=WRITE_CHUNK {blockData=conID: 1 locID: 102665037030097439 bcsId: 0} | ret=SUCCESS |  
2019-08-23 07:09:04,159 [grpc-default-executor-2] INFO  client.GrpcClientProtocolClient (GrpcClientProtocolClient.java:onNext(255)) - client-D91E5D1E15CE->f2ba01fc-a63e-4348-bd18-030b60a135e7: receive RaftClientReply:client-D91E5D1E15CE->f2ba01fc-a63e-4348-bd18-030b60a135e7@group-C8C62FEF0626, cid=1991, SUCCESS, logIndex=2900, commits[f2ba01fc-a63e-4348-bd18-030b60a135e7:c2901, eab135d4-a257-4705-b491-6c056b8c5df7:c2897, a4f67574-9018-43e7-8a54-351e98dc3d0a:c2897]
2019-08-23 07:09:04,159 [grpc-default-executor-2] INFO  client.GrpcClientProtocolClient (GrpcClientProtocolClient.java:onNext(255)) - client-D91E5D1E15CE->f2ba01fc-a63e-4348-bd18-030b60a135e7: receive RaftClientReply:client-D91E5D1E15CE->f2ba01fc-a63e-4348-bd18-030b60a135e7@group-C8C62FEF0626, cid=1992, SUCCESS, logIndex=2901, commits[f2ba01fc-a63e-4348-bd18-030b60a135e7:c2902, eab135d4-a257-4705-b491-6c056b8c5df7:c2898, a4f67574-9018-43e7-8a54-351e98dc3d0a:c2897]
2019-08-23 07:09:04,159 | INFO  | DNAudit | user=null | ip=null | op=PUT_BLOCK {blockData=[blockId=conID: 1 locID: 102665037030097439 bcsId: 0,size=1048576]} | ret=SUCCESS |  
2019-08-23 07:09:04,160 | INFO  | DNAudit | user=null | ip=null | op=WRITE_CHUNK {blockData=conID: 1 locID: 102665037030097439 bcsId: 0} | ret=SUCCESS |  
2019-08-23 07:09:04,160 | INFO  | DNAudit | user=null | ip=null | op=PUT_BLOCK {blockData=[blockId=conID: 1 locID: 102665037030097439 bcsId: 0,size=2097152]} | ret=SUCCESS |  
2019-08-23 07:09:04,160 | INFO  | DNAudit | user=null | ip=null | op=PUT_BLOCK {blockData=[blockId=conID: 1 locID: 102665037030097439 bcsId: 0,size=1048576]} | ret=SUCCESS |  
2019-08-23 07:09:04,160 | INFO  | DNAudit | user=null | ip=null | op=WRITE_CHUNK {blockData=conID: 1 locID: 102665037030097439 bcsId: 0} | ret=SUCCESS |  
2019-08-23 07:09:04,160 [grpc-default-executor-3] INFO  client.GrpcClientProtocolClient (GrpcClientProtocolClient.java:onNext(255)) - client-D91E5D1E15CE->f2ba01fc-a63e-4348-bd18-030b60a135e7: receive RaftClientReply:client-D91E5D1E15CE->f2ba01fc-a63e-4348-bd18-030b60a135e7@group-C8C62FEF0626, cid=1993, SUCCESS, logIndex=0, commits[f2ba01fc-a63e-4348-bd18-030b60a135e7:c2905, eab135d4-a257-4705-b491-6c056b8c5df7:c2901, a4f67574-9018-43e7-8a54-351e98dc3d0a:c2899]
2019-08-23 07:09:04,160 | INFO  | DNAudit | user=null | ip=null | op=PUT_BLOCK {blockData=[blockId=conID: 1 locID: 102665037030097439 bcsId: 0,size=2097152]} | ret=SUCCESS |  
2019-08-23 07:09:04,166 | INFO  | DNAudit | user=null | ip=null | op=WRITE_CHUNK {blockData=conID: 1 locID: 102665037030097439 bcsId: 2901} | ret=SUCCESS |  
2019-08-23 07:09:04,167 | INFO  | DNAudit | user=null | ip=null | op=WRITE_CHUNK {blockData=conID: 1 locID: 102665037030097439 bcsId: 2901} | ret=SUCCESS |  
2019-08-23 07:09:04,168 | INFO  | DNAudit | user=null | ip=null | op=WRITE_CHUNK {blockData=conID: 1 locID: 102665037030097439 bcsId: 2901} | ret=SUCCESS |  
2019-08-23 07:09:04,178 | INFO  | DNAudit | user=null | ip=null | op=WRITE_CHUNK {blockData=conID: 1 locID: 102665037030097439 bcsId: 2901} | ret=SUCCESS |  
2019-08-23 07:09:04,178 | INFO  | DNAudit | user=null | ip=null | op=PUT_BLOCK {blockData=[blockId=conID: 1 locID: 102665037030097439 bcsId: 0,size=3145728]} | ret=SUCCESS |  
2019-08-23 07:09:04,178 [grpc-default-executor-3] INFO  client.GrpcClientProtocolClient (GrpcClientProtocolClient.java:onNext(255)) - client-D91E5D1E15CE->f2ba01fc-a63e-4348-bd18-030b60a135e7: receive RaftClientReply:client-D91E5D1E15CE->f2ba01fc-a63e-4348-bd18-030b60a135e7@group-C8C62FEF0626, cid=1994, SUCCESS, logIndex=2906, commits[f2ba01fc-a63e-4348-bd18-030b60a135e7:c2907, eab135d4-a257-4705-b491-6c056b8c5df7:c2905, a4f67574-9018-43e7-8a54-351e98dc3d0a:c2905]
2019-08-23 07:09:04,179 [grpc-default-executor-3] INFO  client.GrpcClientProtocolClient (GrpcClientProtocolClient.java:onNext(255)) - client-D91E5D1E15CE->f2ba01fc-a63e-4348-bd18-030b60a135e7: receive RaftClientReply:client-D91E5D1E15CE->f2ba01fc-a63e-4348-bd18-030b60a135e7@group-C8C62FEF0626, cid=1995, SUCCESS, logIndex=2907, commits[f2ba01fc-a63e-4348-bd18-030b60a135e7:c2907, eab135d4-a257-4705-b491-6c056b8c5df7:c2905, a4f67574-9018-43e7-8a54-351e98dc3d0a:c2905]
2019-08-23 07:09:04,184 | INFO  | DNAudit | user=null | ip=null | op=WRITE_CHUNK {blockData=conID: 1 locID: 102665037030097439 bcsId: 2907} | ret=SUCCESS |  
2019-08-23 07:09:04,186 | INFO  | DNAudit | user=null | ip=null | op=WRITE_CHUNK {blockData=conID: 1 locID: 102665037030097439 bcsId: 2907} | ret=SUCCESS |  
2019-08-23 07:09:04,186 | INFO  | DNAudit | user=null | ip=null | op=WRITE_CHUNK {blockData=conID: 1 locID: 102665037030097439 bcsId: 2907} | ret=SUCCESS |  
2019-08-23 07:09:04,192 | INFO  | DNAudit | user=null | ip=null | op=WRITE_CHUNK {blockData=conID: 1 locID: 102665037030097439 bcsId: 2901} | ret=SUCCESS |  
2019-08-23 07:09:04,192 | INFO  | DNAudit | user=null | ip=null | op=WRITE_CHUNK {blockData=conID: 1 locID: 102665037030097439 bcsId: 2901} | ret=SUCCESS |  
2019-08-23 07:09:04,195 | INFO  | DNAudit | user=null | ip=null | op=PUT_BLOCK {blockData=[blockId=conID: 1 locID: 102665037030097439 bcsId: 0,size=3145728]} | ret=SUCCESS |  
2019-08-23 07:09:04,195 | INFO  | DNAudit | user=null | ip=null | op=PUT_BLOCK {blockData=[blockId=conID: 1 locID: 102665037030097439 bcsId: 0,size=3145728]} | ret=SUCCESS |  
2019-08-23 07:09:04,195 | INFO  | DNAudit | user=null | ip=null | op=WRITE_CHUNK {blockData=conID: 1 locID: 102665037030097439 bcsId: 2907} | ret=SUCCESS |  
2019-08-23 07:09:04,195 | INFO  | DNAudit | user=null | ip=null | op=PUT_BLOCK {blockData=[blockId=conID: 1 locID: 102665037030097439 bcsId: 0,size=4194304]} | ret=SUCCESS |  
2019-08-23 07:09:04,195 [grpc-default-executor-2] INFO  client.GrpcClientProtocolClient (GrpcClientProtocolClient.java:onNext(255)) - client-D91E5D1E15CE->f2ba01fc-a63e-4348-bd18-030b60a135e7: receive RaftClientReply:client-D91E5D1E15CE->f2ba01fc-a63e-4348-bd18-030b60a135e7@group-C8C62FEF0626, cid=1996, SUCCESS, logIndex=2910, commits[f2ba01fc-a63e-4348-bd18-030b60a135e7:c2911, eab135d4-a257-4705-b491-6c056b8c5df7:c2907, a4f67574-9018-43e7-8a54-351e98dc3d0a:c2907]
2019-08-23 07:09:04,195 [grpc-default-executor-2] INFO  client.GrpcClientProtocolClient (GrpcClientProtocolClient.java:onNext(255)) - client-D91E5D1E15CE->f2ba01fc-a63e-4348-bd18-030b60a135e7: receive RaftClientReply:client-D91E5D1E15CE->f2ba01fc-a63e-4348-bd18-030b60a135e7@group-C8C62FEF0626, cid=1997, SUCCESS, logIndex=2911, commits[f2ba01fc-a63e-4348-bd18-030b60a135e7:c2911, eab135d4-a257-4705-b491-6c056b8c5df7:c2907, a4f67574-9018-43e7-8a54-351e98dc3d0a:c2907]
2019-08-23 07:09:04,206 | INFO  | DNAudit | user=null | ip=null | op=WRITE_CHUNK {blockData=conID: 1 locID: 102665037030097439 bcsId: 2907} | ret=SUCCESS |  
2019-08-23 07:09:04,206 | INFO  | DNAudit | user=null | ip=null | op=WRITE_CHUNK {blockData=conID: 1 locID: 102665037030097439 bcsId: 2907} | ret=SUCCESS |  
2019-08-23 07:09:04,209 | INFO  | DNAudit | user=null | ip=null | op=PUT_BLOCK {blockData=[blockId=conID: 1 locID: 102665037030097439 bcsId: 0,size=4194304]} | ret=SUCCESS |  
2019-08-23 07:09:04,209 | INFO  | DNAudit | user=null | ip=null | op=PUT_BLOCK {blockData=[blockId=conID: 1 locID: 102665037030097439 bcsId: 0,size=4194304]} | ret=SUCCESS |  
2019-08-23 07:09:04,209 [grpc-default-executor-2] INFO  client.GrpcClientProtocolClient (GrpcClientProtocolClient.java:onNext(255)) - client-D91E5D1E15CE->f2ba01fc-a63e-4348-bd18-030b60a135e7: receive RaftClientReply:client-D91E5D1E15CE->f2ba01fc-a63e-4348-bd18-030b60a135e7@group-C8C62FEF0626, cid=1998, SUCCESS, logIndex=0, commits[f2ba01fc-a63e-4348-bd18-030b60a135e7:c2913, eab135d4-a257-4705-b491-6c056b8c5df7:c2911, a4f67574-9018-43e7-8a54-351e98dc3d0a:c2911]
2019-08-23 07:09:04,213 | INFO  | SCMAudit | user=jenkins1000 | ip=192.168.5.178 | op=ALLOCATE_BLOCK {owner=aaf04d22-10dd-4717-8862-c651bdde72cf, size=4194304, type=RATIS, factor=THREE} | ret=SUCCESS |  
2019-08-23 07:09:04,215 | INFO  | OMAudit | user=jenkins1000 | ip=127.0.0.1 | op=ALLOCATE_BLOCK {volume=vol-0-67663, bucket=bucket-0-68950, key=key-0-26970, dataSize=0, replicationType=null, replicationFactor=null, keyLocationInfo=null, clientID=102665036030476690} | ret=SUCCESS |  
2019-08-23 07:09:04,221 | INFO  | DNAudit | user=null | ip=null | op=WRITE_CHUNK {blockData=conID: 2 locID: 102665037035143712 bcsId: 0} | ret=SUCCESS |  
2019-08-23 07:09:04,223 | INFO  | DNAudit | user=null | ip=null | op=WRITE_CHUNK {blockData=conID: 2 locID: 102665037035143712 bcsId: 0} | ret=SUCCESS |  
2019-08-23 07:09:04,223 | INFO  | DNAudit | user=null | ip=null | op=WRITE_CHUNK {blockData=conID: 2 locID: 102665037035143712 bcsId: 0} | ret=SUCCESS |  
2019-08-23 07:09:04,224 | INFO  | DNAudit | user=null | ip=null | op=WRITE_CHUNK {blockData=conID: 2 locID: 102665037035143712 bcsId: 0} | ret=SUCCESS |  
2019-08-23 07:09:04,224 | INFO  | DNAudit | user=null | ip=null | op=WRITE_CHUNK {blockData=conID: 2 locID: 102665037035143712 bcsId: 0} | ret=SUCCESS |  
2019-08-23 07:09:04,225 | INFO  | DNAudit | user=null | ip=null | op=WRITE_CHUNK {blockData=conID: 2 locID: 102665037035143712 bcsId: 0} | ret=SUCCESS |  
2019-08-23 07:09:04,236 | INFO  | DNAudit | user=null | ip=null | op=WRITE_CHUNK {blockData=conID: 2 locID: 102665037035143712 bcsId: 0} | ret=SUCCESS |  
2019-08-23 07:09:04,237 | INFO  | DNAudit | user=null | ip=null | op=PUT_BLOCK {blockData=[blockId=conID: 2 locID: 102665037035143712 bcsId: 0,size=1048576]} | ret=SUCCESS |  
2019-08-23 07:09:04,237 | INFO  | DNAudit | user=null | ip=null | op=WRITE_CHUNK {blockData=conID: 2 locID: 102665037035143712 bcsId: 0} | ret=SUCCESS |  
2019-08-23 07:09:04,237 [grpc-default-executor-3] INFO  client.GrpcClientProtocolClient (GrpcClientProtocolClient.java:onNext(255)) - client-D91E5D1E15CE->f2ba01fc-a63e-4348-bd18-030b60a135e7: receive RaftClientReply:client-D91E5D1E15CE->f2ba01fc-a63e-4348-bd18-030b60a135e7@group-C8C62FEF0626, cid=1999, SUCCESS, logIndex=2914, commits[f2ba01fc-a63e-4348-bd18-030b60a135e7:c2916, eab135d4-a257-4705-b491-6c056b8c5df7:c2913, a4f67574-9018-43e7-8a54-351e98dc3d0a:c2913]
2019-08-23 07:09:04,237 | INFO  | DNAudit | user=null | ip=null | op=PUT_BLOCK {blockData=[blockId=conID: 2 locID: 102665037035143712 bcsId: 0,size=2097152]} | ret=SUCCESS |  
2019-08-23 07:09:04,237 [grpc-default-executor-3] INFO  client.GrpcClientProtocolClient (GrpcClientProtocolClient.java:onNext(255)) - client-D91E5D1E15CE->f2ba01fc-a63e-4348-bd18-030b60a135e7: receive RaftClientReply:client-D91E5D1E15CE->f2ba01fc-a63e-4348-bd18-030b60a135e7@group-C8C62FEF0626, cid=2000, SUCCESS, logIndex=2915, commits[f2ba01fc-a63e-4348-bd18-030b60a135e7:c2917, eab135d4-a257-4705-b491-6c056b8c5df7:c2913, a4f67574-9018-43e7-8a54-351e98dc3d0a:c2913]
2019-08-23 07:09:04,237 [grpc-default-executor-3] INFO  client.GrpcClientProtocolClient (GrpcClientProtocolClient.java:onNext(255)) - client-D91E5D1E15CE->f2ba01fc-a63e-4348-bd18-030b60a135e7: receive RaftClientReply:client-D91E5D1E15CE->f2ba01fc-a63e-4348-bd18-030b60a135e7@group-C8C62FEF0626, cid=2001, SUCCESS, logIndex=2916, commits[f2ba01fc-a63e-4348-bd18-030b60a135e7:c2917, eab135d4-a257-4705-b491-6c056b8c5df7:c2913, a4f67574-9018-43e7-8a54-351e98dc3d0a:c2913]
2019-08-23 07:09:04,237 [grpc-default-executor-3] INFO  client.GrpcClientProtocolClient (GrpcClientProtocolClient.java:onNext(255)) - client-D91E5D1E15CE->f2ba01fc-a63e-4348-bd18-030b60a135e7: receive RaftClientReply:client-D91E5D1E15CE->f2ba01fc-a63e-4348-bd18-030b60a135e7@group-C8C62FEF0626, cid=2002, SUCCESS, logIndex=2917, commits[f2ba01fc-a63e-4348-bd18-030b60a135e7:c2917, eab135d4-a257-4705-b491-6c056b8c5df7:c2913, a4f67574-9018-43e7-8a54-351e98dc3d0a:c2913]
2019-08-23 07:09:04,248 | INFO  | DNAudit | user=null | ip=null | op=WRITE_CHUNK {blockData=conID: 2 locID: 102665037035143712 bcsId: 0} | ret=SUCCESS |  
2019-08-23 07:09:04,248 | INFO  | DNAudit | user=null | ip=null | op=WRITE_CHUNK {blockData=conID: 2 locID: 102665037035143712 bcsId: 0} | ret=SUCCESS |  
2019-08-23 07:09:04,248 | INFO  | DNAudit | user=null | ip=null | op=PUT_BLOCK {blockData=[blockId=conID: 2 locID: 102665037035143712 bcsId: 0,size=1048576]} | ret=SUCCESS |  
2019-08-23 07:09:04,248 | INFO  | DNAudit | user=null | ip=null | op=PUT_BLOCK {blockData=[blockId=conID: 2 locID: 102665037035143712 bcsId: 0,size=1048576]} | ret=SUCCESS |  
2019-08-23 07:09:04,249 [grpc-default-executor-4] INFO  client.GrpcClientProtocolClient (GrpcClientProtocolClient.java:onNext(255)) - client-D91E5D1E15CE->f2ba01fc-a63e-4348-bd18-030b60a135e7: receive RaftClientReply:client-D91E5D1E15CE->f2ba01fc-a63e-4348-bd18-030b60a135e7@group-C8C62FEF0626, cid=2003, SUCCESS, logIndex=0, commits[f2ba01fc-a63e-4348-bd18-030b60a135e7:c2917, eab135d4-a257-4705-b491-6c056b8c5df7:c2915, a4f67574-9018-43e7-8a54-351e98dc3d0a:c2915]
2019-08-23 07:09:04,249 | INFO  | DNAudit | user=null | ip=null | op=WRITE_CHUNK {blockData=conID: 2 locID: 102665037035143712 bcsId: 0} | ret=SUCCESS |  
2019-08-23 07:09:04,249 | INFO  | DNAudit | user=null | ip=null | op=WRITE_CHUNK {blockData=conID: 2 locID: 102665037035143712 bcsId: 0} | ret=SUCCESS |  
2019-08-23 07:09:04,250 | INFO  | DNAudit | user=null | ip=null | op=PUT_BLOCK {blockData=[blockId=conID: 2 locID: 102665037035143712 bcsId: 0,size=2097152]} | ret=SUCCESS |  
2019-08-23 07:09:04,250 | INFO  | DNAudit | user=null | ip=null | op=PUT_BLOCK {blockData=[blockId=conID: 2 locID: 102665037035143712 bcsId: 0,size=2097152]} | ret=SUCCESS |  
2019-08-23 07:09:04,254 | INFO  | DNAudit | user=null | ip=null | op=WRITE_CHUNK {blockData=conID: 2 locID: 102665037035143712 bcsId: 2917} | ret=SUCCESS |  
2019-08-23 07:09:04,256 | INFO  | DNAudit | user=null | ip=null | op=WRITE_CHUNK {blockData=conID: 2 locID: 102665037035143712 bcsId: 2917} | ret=SUCCESS |  
2019-08-23 07:09:04,256 | INFO  | DNAudit | user=null | ip=null | op=WRITE_CHUNK {blockData=conID: 2 locID: 102665037035143712 bcsId: 2917} | ret=SUCCESS |  
2019-08-23 07:09:04,258 | INFO  | DNAudit | user=null | ip=null | op=WRITE_CHUNK {blockData=conID: 2 locID: 102665037035143712 bcsId: 2917} | ret=SUCCESS |  
2019-08-23 07:09:04,259 | INFO  | DNAudit | user=null | ip=null | op=PUT_BLOCK {blockData=[blockId=conID: 2 locID: 102665037035143712 bcsId: 0,size=3145728]} | ret=SUCCESS |  
2019-08-23 07:09:04,259 [grpc-default-executor-3] INFO  client.GrpcClientProtocolClient (GrpcClientProtocolClient.java:onNext(255)) - client-D91E5D1E15CE->f2ba01fc-a63e-4348-bd18-030b60a135e7: receive RaftClientReply:client-D91E5D1E15CE->f2ba01fc-a63e-4348-bd18-030b60a135e7@group-C8C62FEF0626, cid=2004, SUCCESS, logIndex=2922, commits[f2ba01fc-a63e-4348-bd18-030b60a135e7:c2923, eab135d4-a257-4705-b491-6c056b8c5df7:c2917, a4f67574-9018-43e7-8a54-351e98dc3d0a:c2921]
2019-08-23 07:09:04,259 [grpc-default-executor-3] INFO  client.GrpcClientProtocolClient (GrpcClientProtocolClient.java:onNext(255)) - client-D91E5D1E15CE->f2ba01fc-a63e-4348-bd18-030b60a135e7: receive RaftClientReply:client-D91E5D1E15CE->f2ba01fc-a63e-4348-bd18-030b60a135e7@group-C8C62FEF0626, cid=2005, SUCCESS, logIndex=2923, commits[f2ba01fc-a63e-4348-bd18-030b60a135e7:c2923, eab135d4-a257-4705-b491-6c056b8c5df7:c2921, a4f67574-9018-43e7-8a54-351e98dc3d0a:c2921]
2019-08-23 07:09:04,260 | INFO  | DNAudit | user=null | ip=null | op=WRITE_CHUNK {blockData=conID: 2 locID: 102665037035143712 bcsId: 2917} | ret=SUCCESS |  
2019-08-23 07:09:04,260 | INFO  | DNAudit | user=null | ip=null | op=WRITE_CHUNK {blockData=conID: 2 locID: 102665037035143712 bcsId: 2917} | ret=SUCCESS |  
2019-08-23 07:09:04,260 | INFO  | DNAudit | user=null | ip=null | op=PUT_BLOCK {blockData=[blockId=conID: 2 locID: 102665037035143712 bcsId: 0,size=3145728]} | ret=SUCCESS |  
2019-08-23 07:09:04,260 | INFO  | DNAudit | user=null | ip=null | op=PUT_BLOCK {blockData=[blockId=conID: 2 locID: 102665037035143712 bcsId: 0,size=3145728]} | ret=SUCCESS |  
2019-08-23 07:09:04,265 | INFO  | DNAudit | user=null | ip=null | op=WRITE_CHUNK {blockData=conID: 2 locID: 102665037035143712 bcsId: 2923} | ret=SUCCESS |  
2019-08-23 07:09:04,266 | INFO  | DNAudit | user=null | ip=null | op=WRITE_CHUNK {blockData=conID: 2 locID: 102665037035143712 bcsId: 2923} | ret=SUCCESS |  
2019-08-23 07:09:04,266 | INFO  | DNAudit | user=null | ip=null | op=WRITE_CHUNK {blockData=conID: 2 locID: 102665037035143712 bcsId: 2923} | ret=SUCCESS |  
2019-08-23 07:09:04,268 | INFO  | DNAudit | user=null | ip=null | op=WRITE_CHUNK {blockData=conID: 2 locID: 102665037035143712 bcsId: 2923} | ret=SUCCESS |  
2019-08-23 07:09:04,268 | INFO  | DNAudit | user=null | ip=null | op=PUT_BLOCK {blockData=[blockId=conID: 2 locID: 102665037035143712 bcsId: 0,size=4194304]} | ret=SUCCESS |  
2019-08-23 07:09:04,268 [grpc-default-executor-3] INFO  client.GrpcClientProtocolClient (GrpcClientProtocolClient.java:onNext(255)) - client-D91E5D1E15CE->f2ba01fc-a63e-4348-bd18-030b60a135e7: receive RaftClientReply:client-D91E5D1E15CE->f2ba01fc-a63e-4348-bd18-030b60a135e7@group-C8C62FEF0626, cid=2006, SUCCESS, logIndex=2926, commits[f2ba01fc-a63e-4348-bd18-030b60a135e7:c2927, eab135d4-a257-4705-b491-6c056b8c5df7:c2925, a4f67574-9018-43e7-8a54-351e98dc3d0a:c2925]
2019-08-23 07:09:04,268 [grpc-default-executor-3] INFO  client.GrpcClientProtocolClient (GrpcClientProtocolClient.java:onNext(255)) - client-D91E5D1E15CE->f2ba01fc-a63e-4348-bd18-030b60a135e7: receive RaftClientReply:client-D91E5D1E15CE->f2ba01fc-a63e-4348-bd18-030b60a135e7@group-C8C62FEF0626, cid=2007, SUCCESS, logIndex=2927, commits[f2ba01fc-a63e-4348-bd18-030b60a135e7:c2927, eab135d4-a257-4705-b491-6c056b8c5df7:c2925, a4f67574-9018-43e7-8a54-351e98dc3d0a:c2925]
2019-08-23 07:09:04,270 | INFO  | DNAudit | user=null | ip=null | op=WRITE_CHUNK {blockData=conID: 2 locID: 102665037035143712 bcsId: 2923} | ret=SUCCESS |  
2019-08-23 07:09:04,270 | INFO  | DNAudit | user=null | ip=null | op=WRITE_CHUNK {blockData=conID: 2 locID: 102665037035143712 bcsId: 2923} | ret=SUCCESS |  
2019-08-23 07:09:04,270 | INFO  | DNAudit | user=null | ip=null | op=PUT_BLOCK {blockData=[blockId=conID: 2 locID: 102665037035143712 bcsId: 0,size=4194304]} | ret=SUCCESS |  
2019-08-23 07:09:04,270 | INFO  | DNAudit | user=null | ip=null | op=PUT_BLOCK {blockData=[blockId=conID: 2 locID: 102665037035143712 bcsId: 0,size=4194304]} | ret=SUCCESS |  
2019-08-23 07:09:04,271 [grpc-default-executor-3] INFO  client.GrpcClientProtocolClient (GrpcClientProtocolClient.java:onNext(255)) - client-D91E5D1E15CE->f2ba01fc-a63e-4348-bd18-030b60a135e7: receive RaftClientReply:client-D91E5D1E15CE->f2ba01fc-a63e-4348-bd18-030b60a135e7@group-C8C62FEF0626, cid=2008, SUCCESS, logIndex=0, commits[f2ba01fc-a63e-4348-bd18-030b60a135e7:c2928, eab135d4-a257-4705-b491-6c056b8c5df7:c2927, a4f67574-9018-43e7-8a54-351e98dc3d0a:c2927]
2019-08-23 07:09:04,274 | INFO  | SCMAudit | user=jenkins1000 | ip=192.168.5.178 | op=ALLOCATE_BLOCK {owner=aaf04d22-10dd-4717-8862-c651bdde72cf, size=4194304, type=RATIS, factor=THREE} | ret=SUCCESS |  
2019-08-23 07:09:04,277 | INFO  | OMAudit | user=jenkins1000 | ip=127.0.0.1 | op=ALLOCATE_BLOCK {volume=vol-0-67663, bucket=bucket-0-68950, key=key-0-26970, dataSize=0, replicationType=null, replicationFactor=null, keyLocationInfo=null, clientID=102665036030476690} | ret=SUCCESS |  
2019-08-23 07:09:04,282 | INFO  | DNAudit | user=null | ip=null | op=WRITE_CHUNK {blockData=conID: 3 locID: 102665037039141409 bcsId: 0} | ret=SUCCESS |  
2019-08-23 07:09:04,284 | INFO  | DNAudit | user=null | ip=null | op=WRITE_CHUNK {blockData=conID: 3 locID: 102665037039141409 bcsId: 0} | ret=SUCCESS |  
2019-08-23 07:09:04,284 | INFO  | DNAudit | user=null | ip=null | op=WRITE_CHUNK {blockData=conID: 3 locID: 102665037039141409 bcsId: 0} | ret=SUCCESS |  
2019-08-23 07:09:04,285 | INFO  | DNAudit | user=null | ip=null | op=WRITE_CHUNK {blockData=conID: 3 locID: 102665037039141409 bcsId: 0} | ret=SUCCESS |  
2019-08-23 07:09:04,286 | INFO  | DNAudit | user=null | ip=null | op=WRITE_CHUNK {blockData=conID: 3 locID: 102665037039141409 bcsId: 0} | ret=SUCCESS |  
2019-08-23 07:09:04,287 | INFO  | DNAudit | user=null | ip=null | op=WRITE_CHUNK {blockData=conID: 3 locID: 102665037039141409 bcsId: 0} | ret=SUCCESS |  
2019-08-23 07:09:04,291 | INFO  | DNAudit | user=null | ip=null | op=WRITE_CHUNK {blockData=conID: 3 locID: 102665037039141409 bcsId: 0} | ret=SUCCESS |  
2019-08-23 07:09:04,291 | INFO  | DNAudit | user=null | ip=null | op=PUT_BLOCK {blockData=[blockId=conID: 3 locID: 102665037039141409 bcsId: 0,size=1048576]} | ret=SUCCESS |  
2019-08-23 07:09:04,291 [grpc-default-executor-2] INFO  client.GrpcClientProtocolClient (GrpcClientProtocolClient.java:onNext(255)) - client-D91E5D1E15CE->f2ba01fc-a63e-4348-bd18-030b60a135e7: receive RaftClientReply:client-D91E5D1E15CE->f2ba01fc-a63e-4348-bd18-030b60a135e7@group-C8C62FEF0626, cid=2009, SUCCESS, logIndex=2930, commits[f2ba01fc-a63e-4348-bd18-030b60a135e7:c2932, eab135d4-a257-4705-b491-6c056b8c5df7:c2929, a4f67574-9018-43e7-8a54-351e98dc3d0a:c2929]
2019-08-23 07:09:04,292 | INFO  | DNAudit | user=null | ip=null | op=WRITE_CHUNK {blockData=conID: 3 locID: 102665037039141409 bcsId: 0} | ret=SUCCESS |  
2019-08-23 07:09:04,292 [grpc-default-executor-2] INFO  client.GrpcClientProtocolClient (GrpcClientProtocolClient.java:onNext(255)) - client-D91E5D1E15CE->f2ba01fc-a63e-4348-bd18-030b60a135e7: receive RaftClientReply:client-D91E5D1E15CE->f2ba01fc-a63e-4348-bd18-030b60a135e7@group-C8C62FEF0626, cid=2010, SUCCESS, logIndex=2931, commits[f2ba01fc-a63e-4348-bd18-030b60a135e7:c2933, eab135d4-a257-4705-b491-6c056b8c5df7:c2929, a4f67574-9018-43e7-8a54-351e98dc3d0a:c2929]
2019-08-23 07:09:04,292 | INFO  | DNAudit | user=null | ip=null | op=PUT_BLOCK {blockData=[blockId=conID: 3 locID: 102665037039141409 bcsId: 0,size=2097152]} | ret=SUCCESS |  
2019-08-23 07:09:04,292 [grpc-default-executor-2] INFO  client.GrpcClientProtocolClient (GrpcClientProtocolClient.java:onNext(255)) - client-D91E5D1E15CE->f2ba01fc-a63e-4348-bd18-030b60a135e7: receive RaftClientReply:client-D91E5D1E15CE->f2ba01fc-a63e-4348-bd18-030b60a135e7@group-C8C62FEF0626, cid=2011, SUCCESS, logIndex=2932, commits[f2ba01fc-a63e-4348-bd18-030b60a135e7:c2933, eab135d4-a257-4705-b491-6c056b8c5df7:c2929, a4f67574-9018-43e7-8a54-351e98dc3d0a:c2929]
2019-08-23 07:09:04,292 [grpc-default-executor-2] INFO  client.GrpcClientProtocolClient (GrpcClientProtocolClient.java:onNext(255)) - client-D91E5D1E15CE->f2ba01fc-a63e-4348-bd18-030b60a135e7: receive RaftClientReply:client-D91E5D1E15CE->f2ba01fc-a63e-4348-bd18-030b60a135e7@group-C8C62FEF0626, cid=2012, SUCCESS, logIndex=2933, commits[f2ba01fc-a63e-4348-bd18-030b60a135e7:c2933, eab135d4-a257-4705-b491-6c056b8c5df7:c2929, a4f67574-9018-43e7-8a54-351e98dc3d0a:c2929]
2019-08-23 07:09:04,302 | INFO  | DNAudit | user=null | ip=null | op=WRITE_CHUNK {blockData=conID: 3 locID: 102665037039141409 bcsId: 0} | ret=SUCCESS |  
2019-08-23 07:09:04,303 | INFO  | DNAudit | user=null | ip=null | op=PUT_BLOCK {blockData=[blockId=conID: 3 locID: 102665037039141409 bcsId: 0,size=1048576]} | ret=SUCCESS |  
2019-08-23 07:09:04,304 | INFO  | DNAudit | user=null | ip=null | op=WRITE_CHUNK {blockData=conID: 3 locID: 102665037039141409 bcsId: 0} | ret=SUCCESS |  
2019-08-23 07:09:04,304 | INFO  | DNAudit | user=null | ip=null | op=PUT_BLOCK {blockData=[blockId=conID: 3 locID: 102665037039141409 bcsId: 0,size=1048576]} | ret=SUCCESS |  
2019-08-23 07:09:04,304 | INFO  | DNAudit | user=null | ip=null | op=WRITE_CHUNK {blockData=conID: 3 locID: 102665037039141409 bcsId: 0} | ret=SUCCESS |  
2019-08-23 07:09:04,304 | INFO  | DNAudit | user=null | ip=null | op=PUT_BLOCK {blockData=[blockId=conID: 3 locID: 102665037039141409 bcsId: 0,size=2097152]} | ret=SUCCESS |  
2019-08-23 07:09:04,304 [grpc-default-executor-2] INFO  client.GrpcClientProtocolClient (GrpcClientProtocolClient.java:onNext(255)) - client-D91E5D1E15CE->f2ba01fc-a63e-4348-bd18-030b60a135e7: receive RaftClientReply:client-D91E5D1E15CE->f2ba01fc-a63e-4348-bd18-030b60a135e7@group-C8C62FEF0626, cid=2013, SUCCESS, logIndex=0, commits[f2ba01fc-a63e-4348-bd18-030b60a135e7:c2934, eab135d4-a257-4705-b491-6c056b8c5df7:c2931, a4f67574-9018-43e7-8a54-351e98dc3d0a:c2931]
2019-08-23 07:09:04,304 | INFO  | DNAudit | user=null | ip=null | op=WRITE_CHUNK {blockData=conID: 3 locID: 102665037039141409 bcsId: 0} | ret=SUCCESS |  
2019-08-23 07:09:04,304 | INFO  | DNAudit | user=null | ip=null | op=PUT_BLOCK {blockData=[blockId=conID: 3 locID: 102665037039141409 bcsId: 0,size=2097152]} | ret=SUCCESS |  
2019-08-23 07:09:04,309 | INFO  | DNAudit | user=null | ip=null | op=WRITE_CHUNK {blockData=conID: 3 locID: 102665037039141409 bcsId: 2933} | ret=SUCCESS |  
2019-08-23 07:09:04,311 | INFO  | DNAudit | user=null | ip=null | op=WRITE_CHUNK {blockData=conID: 3 locID: 102665037039141409 bcsId: 2933} | ret=SUCCESS |  
2019-08-23 07:09:04,311 | INFO  | DNAudit | user=null | ip=null | op=WRITE_CHUNK {blockData=conID: 3 locID: 102665037039141409 bcsId: 2933} | ret=SUCCESS |  
2019-08-23 07:09:04,320 | INFO  | DNAudit | user=null | ip=null | op=WRITE_CHUNK {blockData=conID: 3 locID: 102665037039141409 bcsId: 2933} | ret=SUCCESS |  
2019-08-23 07:09:04,321 | INFO  | DNAudit | user=null | ip=null | op=PUT_BLOCK {blockData=[blockId=conID: 3 locID: 102665037039141409 bcsId: 0,size=3145728]} | ret=SUCCESS |  
2019-08-23 07:09:04,321 [grpc-default-executor-4] INFO  client.GrpcClientProtocolClient (GrpcClientProtocolClient.java:onNext(255)) - client-D91E5D1E15CE->f2ba01fc-a63e-4348-bd18-030b60a135e7: receive RaftClientReply:client-D91E5D1E15CE->f2ba01fc-a63e-4348-bd18-030b60a135e7@group-C8C62FEF0626, cid=2014, SUCCESS, logIndex=2938, commits[f2ba01fc-a63e-4348-bd18-030b60a135e7:c2939, eab135d4-a257-4705-b491-6c056b8c5df7:c2937, a4f67574-9018-43e7-8a54-351e98dc3d0a:c2937]
2019-08-23 07:09:04,321 [grpc-default-executor-4] INFO  client.GrpcClientProtocolClient (GrpcClientProtocolClient.java:onNext(255)) - client-D91E5D1E15CE->f2ba01fc-a63e-4348-bd18-030b60a135e7: receive RaftClientReply:client-D91E5D1E15CE->f2ba01fc-a63e-4348-bd18-030b60a135e7@group-C8C62FEF0626, cid=2015, SUCCESS, logIndex=2939, commits[f2ba01fc-a63e-4348-bd18-030b60a135e7:c2939, eab135d4-a257-4705-b491-6c056b8c5df7:c2937, a4f67574-9018-43e7-8a54-351e98dc3d0a:c2937]
2019-08-23 07:09:04,326 | INFO  | DNAudit | user=null | ip=null | op=WRITE_CHUNK {blockData=conID: 3 locID: 102665037039141409 bcsId: 2939} | ret=SUCCESS |  
2019-08-23 07:09:04,327 | INFO  | DNAudit | user=null | ip=null | op=WRITE_CHUNK {blockData=conID: 3 locID: 102665037039141409 bcsId: 2939} | ret=SUCCESS |  
2019-08-23 07:09:04,328 | INFO  | DNAudit | user=null | ip=null | op=WRITE_CHUNK {blockData=conID: 3 locID: 102665037039141409 bcsId: 2939} | ret=SUCCESS |  
2019-08-23 07:09:04,332 | INFO  | DNAudit | user=null | ip=null | op=WRITE_CHUNK {blockData=conID: 3 locID: 102665037039141409 bcsId: 2933} | ret=SUCCESS |  
2019-08-23 07:09:04,332 | INFO  | DNAudit | user=null | ip=null | op=WRITE_CHUNK {blockData=conID: 3 locID: 102665037039141409 bcsId: 2933} | ret=SUCCESS |  
2019-08-23 07:09:04,335 | INFO  | DNAudit | user=null | ip=null | op=PUT_BLOCK {blockData=[blockId=conID: 3 locID: 102665037039141409 bcsId: 0,size=3145728]} | ret=SUCCESS |  
2019-08-23 07:09:04,335 | INFO  | DNAudit | user=null | ip=null | op=PUT_BLOCK {blockData=[blockId=conID: 3 locID: 102665037039141409 bcsId: 0,size=3145728]} | ret=SUCCESS |  
2019-08-23 07:09:04,335 | INFO  | DNAudit | user=null | ip=null | op=WRITE_CHUNK {blockData=conID: 3 locID: 102665037039141409 bcsId: 2939} | ret=SUCCESS |  
2019-08-23 07:09:04,336 | INFO  | DNAudit | user=null | ip=null | op=PUT_BLOCK {blockData=[blockId=conID: 3 locID: 102665037039141409 bcsId: 0,size=4194304]} | ret=SUCCESS |  
2019-08-23 07:09:04,336 [grpc-default-executor-4] INFO  client.GrpcClientProtocolClient (GrpcClientProtocolClient.java:onNext(255)) - client-D91E5D1E15CE->f2ba01fc-a63e-4348-bd18-030b60a135e7: receive RaftClientReply:client-D91E5D1E15CE->f2ba01fc-a63e-4348-bd18-030b60a135e7@group-C8C62FEF0626, cid=2016, SUCCESS, logIndex=2942, commits[f2ba01fc-a63e-4348-bd18-030b60a135e7:c2942, eab135d4-a257-4705-b491-6c056b8c5df7:c2939, a4f67574-9018-43e7-8a54-351e98dc3d0a:c2939]
2019-08-23 07:09:04,336 [grpc-default-executor-4] INFO  client.GrpcClientProtocolClient (GrpcClientProtocolClient.java:onNext(255)) - client-D91E5D1E15CE->f2ba01fc-a63e-4348-bd18-030b60a135e7: receive RaftClientReply:client-D91E5D1E15CE->f2ba01fc-a63e-4348-bd18-030b60a135e7@group-C8C62FEF0626, cid=2017, SUCCESS, logIndex=2943, commits[f2ba01fc-a63e-4348-bd18-030b60a135e7:c2943, eab135d4-a257-4705-b491-6c056b8c5df7:c2939, a4f67574-9018-43e7-8a54-351e98dc3d0a:c2939]
2019-08-23 07:09:04,347 | INFO  | DNAudit | user=null | ip=null | op=WRITE_CHUNK {blockData=conID: 3 locID: 102665037039141409 bcsId: 2939} | ret=SUCCESS |  
2019-08-23 07:09:04,347 | INFO  | DNAudit | user=null | ip=null | op=WRITE_CHUNK {blockData=conID: 3 locID: 102665037039141409 bcsId: 2939} | ret=SUCCESS |  
2019-08-23 07:09:04,350 | INFO  | DNAudit | user=null | ip=null | op=PUT_BLOCK {blockData=[blockId=conID: 3 locID: 102665037039141409 bcsId: 0,size=4194304]} | ret=SUCCESS |  
2019-08-23 07:09:04,350 | INFO  | DNAudit | user=null | ip=null | op=PUT_BLOCK {blockData=[blockId=conID: 3 locID: 102665037039141409 bcsId: 0,size=4194304]} | ret=SUCCESS |  
2019-08-23 07:09:04,350 [grpc-default-executor-4] INFO  client.GrpcClientProtocolClient (GrpcClientProtocolClient.java:onNext(255)) - client-D91E5D1E15CE->f2ba01fc-a63e-4348-bd18-030b60a135e7: receive RaftClientReply:client-D91E5D1E15CE->f2ba01fc-a63e-4348-bd18-030b60a135e7@group-C8C62FEF0626, cid=2018, SUCCESS, logIndex=0, commits[f2ba01fc-a63e-4348-bd18-030b60a135e7:c2945, eab135d4-a257-4705-b491-6c056b8c5df7:c2943, a4f67574-9018-43e7-8a54-351e98dc3d0a:c2943]
2019-08-23 07:09:04,354 | INFO  | SCMAudit | user=jenkins1000 | ip=192.168.5.178 | op=ALLOCATE_BLOCK {owner=aaf04d22-10dd-4717-8862-c651bdde72cf, size=4194304, type=RATIS, factor=THREE} | ret=SUCCESS |  
2019-08-23 07:09:04,356 | INFO  | OMAudit | user=jenkins1000 | ip=127.0.0.1 | op=ALLOCATE_BLOCK {volume=vol-0-67663, bucket=bucket-0-68950, key=key-0-26970, dataSize=0, replicationType=null, replicationFactor=null, keyLocationInfo=null, clientID=102665036030476690} | ret=SUCCESS |  
2019-08-23 07:09:04,362 | INFO  | DNAudit | user=null | ip=null | op=WRITE_CHUNK {blockData=conID: 1 locID: 102665037044384290 bcsId: 0} | ret=SUCCESS |  
2019-08-23 07:09:04,363 | INFO  | DNAudit | user=null | ip=null | op=WRITE_CHUNK {blockData=conID: 1 locID: 102665037044384290 bcsId: 0} | ret=SUCCESS |  
2019-08-23 07:09:04,364 | INFO  | DNAudit | user=null | ip=null | op=WRITE_CHUNK {blockData=conID: 1 locID: 102665037044384290 bcsId: 0} | ret=SUCCESS |  
2019-08-23 07:09:04,364 | INFO  | DNAudit | user=null | ip=null | op=WRITE_CHUNK {blockData=conID: 1 locID: 102665037044384290 bcsId: 0} | ret=SUCCESS |  
2019-08-23 07:09:04,365 | INFO  | DNAudit | user=null | ip=null | op=WRITE_CHUNK {blockData=conID: 1 locID: 102665037044384290 bcsId: 0} | ret=SUCCESS |  
2019-08-23 07:09:04,365 | INFO  | DNAudit | user=null | ip=null | op=WRITE_CHUNK {blockData=conID: 1 locID: 102665037044384290 bcsId: 0} | ret=SUCCESS |  
2019-08-23 07:09:04,376 | INFO  | DNAudit | user=null | ip=null | op=WRITE_CHUNK {blockData=conID: 1 locID: 102665037044384290 bcsId: 0} | ret=SUCCESS |  
2019-08-23 07:09:04,376 | INFO  | DNAudit | user=null | ip=null | op=PUT_BLOCK {blockData=[blockId=conID: 1 locID: 102665037044384290 bcsId: 0,size=1048576]} | ret=SUCCESS |  
2019-08-23 07:09:04,376 [grpc-default-executor-3] INFO  client.GrpcClientProtocolClient (GrpcClientProtocolClient.java:onNext(255)) - client-D91E5D1E15CE->f2ba01fc-a63e-4348-bd18-030b60a135e7: receive RaftClientReply:client-D91E5D1E15CE->f2ba01fc-a63e-4348-bd18-030b60a135e7@group-C8C62FEF0626, cid=2019, SUCCESS, logIndex=2946, commits[f2ba01fc-a63e-4348-bd18-030b60a135e7:c2948, eab135d4-a257-4705-b491-6c056b8c5df7:c2945, a4f67574-9018-43e7-8a54-351e98dc3d0a:c2945]
2019-08-23 07:09:04,377 | INFO  | DNAudit | user=null | ip=null | op=WRITE_CHUNK {blockData=conID: 1 locID: 102665037044384290 bcsId: 0} | ret=SUCCESS |  
2019-08-23 07:09:04,377 | INFO  | DNAudit | user=null | ip=null | op=PUT_BLOCK {blockData=[blockId=conID: 1 locID: 102665037044384290 bcsId: 0,size=2097152]} | ret=SUCCESS |  
2019-08-23 07:09:04,377 [grpc-default-executor-3] INFO  client.GrpcClientProtocolClient (GrpcClientProtocolClient.java:onNext(255)) - client-D91E5D1E15CE->f2ba01fc-a63e-4348-bd18-030b60a135e7: receive RaftClientReply:client-D91E5D1E15CE->f2ba01fc-a63e-4348-bd18-030b60a135e7@group-C8C62FEF0626, cid=2020, SUCCESS, logIndex=2947, commits[f2ba01fc-a63e-4348-bd18-030b60a135e7:c2949, eab135d4-a257-4705-b491-6c056b8c5df7:c2945, a4f67574-9018-43e7-8a54-351e98dc3d0a:c2945]
2019-08-23 07:09:04,377 [grpc-default-executor-3] INFO  client.GrpcClientProtocolClient (GrpcClientProtocolClient.java:onNext(255)) - client-D91E5D1E15CE->f2ba01fc-a63e-4348-bd18-030b60a135e7: receive RaftClientReply:client-D91E5D1E15CE->f2ba01fc-a63e-4348-bd18-030b60a135e7@group-C8C62FEF0626, cid=2021, SUCCESS, logIndex=2948, commits[f2ba01fc-a63e-4348-bd18-030b60a135e7:c2949, eab135d4-a257-4705-b491-6c056b8c5df7:c2945, a4f67574-9018-43e7-8a54-351e98dc3d0a:c2945]
2019-08-23 07:09:04,377 [grpc-default-executor-3] INFO  client.GrpcClientProtocolClient (GrpcClientProtocolClient.java:onNext(255)) - client-D91E5D1E15CE->f2ba01fc-a63e-4348-bd18-030b60a135e7: receive RaftClientReply:client-D91E5D1E15CE->f2ba01fc-a63e-4348-bd18-030b60a135e7@group-C8C62FEF0626, cid=2022, SUCCESS, logIndex=2949, commits[f2ba01fc-a63e-4348-bd18-030b60a135e7:c2949, eab135d4-a257-4705-b491-6c056b8c5df7:c2945, a4f67574-9018-43e7-8a54-351e98dc3d0a:c2945]
2019-08-23 07:09:04,387 | INFO  | DNAudit | user=null | ip=null | op=WRITE_CHUNK {blockData=conID: 1 locID: 102665037044384290 bcsId: 0} | ret=SUCCESS |  
2019-08-23 07:09:04,387 | INFO  | DNAudit | user=null | ip=null | op=WRITE_CHUNK {blockData=conID: 1 locID: 102665037044384290 bcsId: 0} | ret=SUCCESS |  
2019-08-23 07:09:04,387 | INFO  | DNAudit | user=null | ip=null | op=PUT_BLOCK {blockData=[blockId=conID: 1 locID: 102665037044384290 bcsId: 0,size=1048576]} | ret=SUCCESS |  
2019-08-23 07:09:04,388 | INFO  | DNAudit | user=null | ip=null | op=PUT_BLOCK {blockData=[blockId=conID: 1 locID: 102665037044384290 bcsId: 0,size=1048576]} | ret=SUCCESS |  
2019-08-23 07:09:04,388 [grpc-default-executor-3] INFO  client.GrpcClientProtocolClient (GrpcClientProtocolClient.java:onNext(255)) - client-D91E5D1E15CE->f2ba01fc-a63e-4348-bd18-030b60a135e7: receive RaftClientReply:client-D91E5D1E15CE->f2ba01fc-a63e-4348-bd18-030b60a135e7@group-C8C62FEF0626, cid=2023, SUCCESS, logIndex=0, commits[f2ba01fc-a63e-4348-bd18-030b60a135e7:c2950, eab135d4-a257-4705-b491-6c056b8c5df7:c2947, a4f67574-9018-43e7-8a54-351e98dc3d0a:c2947]
2019-08-23 07:09:04,389 | INFO  | DNAudit | user=null | ip=null | op=WRITE_CHUNK {blockData=conID: 1 locID: 102665037044384290 bcsId: 0} | ret=SUCCESS |  
2019-08-23 07:09:04,390 | INFO  | DNAudit | user=null | ip=null | op=WRITE_CHUNK {blockData=conID: 1 locID: 102665037044384290 bcsId: 0} | ret=SUCCESS |  
2019-08-23 07:09:04,390 | INFO  | DNAudit | user=null | ip=null | op=PUT_BLOCK {blockData=[blockId=conID: 1 locID: 102665037044384290 bcsId: 0,size=2097152]} | ret=SUCCESS |  
2019-08-23 07:09:04,390 | INFO  | DNAudit | user=null | ip=null | op=PUT_BLOCK {blockData=[blockId=conID: 1 locID: 102665037044384290 bcsId: 0,size=2097152]} | ret=SUCCESS |  
2019-08-23 07:09:04,393 | INFO  | DNAudit | user=null | ip=null | op=WRITE_CHUNK {blockData=conID: 1 locID: 102665037044384290 bcsId: 2949} | ret=SUCCESS |  
2019-08-23 07:09:04,396 | INFO  | DNAudit | user=null | ip=null | op=WRITE_CHUNK {blockData=conID: 1 locID: 102665037044384290 bcsId: 2949} | ret=SUCCESS |  
2019-08-23 07:09:04,398 | INFO  | DNAudit | user=null | ip=null | op=WRITE_CHUNK {blockData=conID: 1 locID: 102665037044384290 bcsId: 2949} | ret=SUCCESS |  
2019-08-23 07:09:04,406 | INFO  | DNAudit | user=null | ip=null | op=WRITE_CHUNK {blockData=conID: 1 locID: 102665037044384290 bcsId: 2949} | ret=SUCCESS |  
2019-08-23 07:09:04,406 | INFO  | DNAudit | user=null | ip=null | op=PUT_BLOCK {blockData=[blockId=conID: 1 locID: 102665037044384290 bcsId: 0,size=3145728]} | ret=SUCCESS |  
2019-08-23 07:09:04,406 [grpc-default-executor-3] INFO  client.GrpcClientProtocolClient (GrpcClientProtocolClient.java:onNext(255)) - client-D91E5D1E15CE->f2ba01fc-a63e-4348-bd18-030b60a135e7: receive RaftClientReply:client-D91E5D1E15CE->f2ba01fc-a63e-4348-bd18-030b60a135e7@group-C8C62FEF0626, cid=2024, SUCCESS, logIndex=2953, commits[f2ba01fc-a63e-4348-bd18-030b60a135e7:c2954, eab135d4-a257-4705-b491-6c056b8c5df7:c2952, a4f67574-9018-43e7-8a54-351e98dc3d0a:c2952]
2019-08-23 07:09:04,406 [grpc-default-executor-3] INFO  client.GrpcClientProtocolClient (GrpcClientProtocolClient.java:onNext(255)) - client-D91E5D1E15CE->f2ba01fc-a63e-4348-bd18-030b60a135e7: receive RaftClientReply:client-D91E5D1E15CE->f2ba01fc-a63e-4348-bd18-030b60a135e7@group-C8C62FEF0626, cid=2025, SUCCESS, logIndex=2954, commits[f2ba01fc-a63e-4348-bd18-030b60a135e7:c2954, eab135d4-a257-4705-b491-6c056b8c5df7:c2952, a4f67574-9018-43e7-8a54-351e98dc3d0a:c2952]
2019-08-23 07:09:04,412 | INFO  | DNAudit | user=null | ip=null | op=WRITE_CHUNK {blockData=conID: 1 locID: 102665037044384290 bcsId: 2954} | ret=SUCCESS |  
2019-08-23 07:09:04,414 | INFO  | DNAudit | user=null | ip=null | op=WRITE_CHUNK {blockData=conID: 1 locID: 102665037044384290 bcsId: 2954} | ret=SUCCESS |  
2019-08-23 07:09:04,415 | INFO  | DNAudit | user=null | ip=null | op=WRITE_CHUNK {blockData=conID: 1 locID: 102665037044384290 bcsId: 2954} | ret=SUCCESS |  
2019-08-23 07:09:04,417 | INFO  | DNAudit | user=null | ip=null | op=WRITE_CHUNK {blockData=conID: 1 locID: 102665037044384290 bcsId: 2949} | ret=SUCCESS |  
2019-08-23 07:09:04,417 | INFO  | DNAudit | user=null | ip=null | op=PUT_BLOCK {blockData=[blockId=conID: 1 locID: 102665037044384290 bcsId: 0,size=3145728]} | ret=SUCCESS |  
2019-08-23 07:09:04,417 | INFO  | DNAudit | user=null | ip=null | op=WRITE_CHUNK {blockData=conID: 1 locID: 102665037044384290 bcsId: 2949} | ret=SUCCESS |  
2019-08-23 07:09:04,417 | INFO  | DNAudit | user=null | ip=null | op=PUT_BLOCK {blockData=[blockId=conID: 1 locID: 102665037044384290 bcsId: 0,size=3145728]} | ret=SUCCESS |  
2019-08-23 07:09:04,420 | INFO  | DNAudit | user=null | ip=null | op=WRITE_CHUNK {blockData=conID: 1 locID: 102665037044384290 bcsId: 2954} | ret=SUCCESS |  
2019-08-23 07:09:04,420 | INFO  | DNAudit | user=null | ip=null | op=PUT_BLOCK {blockData=[blockId=conID: 1 locID: 102665037044384290 bcsId: 0,size=4194304]} | ret=SUCCESS |  
2019-08-23 07:09:04,420 [grpc-default-executor-2] INFO  client.GrpcClientProtocolClient (GrpcClientProtocolClient.java:onNext(255)) - client-D91E5D1E15CE->f2ba01fc-a63e-4348-bd18-030b60a135e7: receive RaftClientReply:client-D91E5D1E15CE->f2ba01fc-a63e-4348-bd18-030b60a135e7@group-C8C62FEF0626, cid=2026, SUCCESS, logIndex=2957, commits[f2ba01fc-a63e-4348-bd18-030b60a135e7:c2958, eab135d4-a257-4705-b491-6c056b8c5df7:c2954, a4f67574-9018-43e7-8a54-351e98dc3d0a:c2954]
2019-08-23 07:09:04,421 [grpc-default-executor-2] INFO  client.GrpcClientProtocolClient (GrpcClientProtocolClient.java:onNext(255)) - client-D91E5D1E15CE->f2ba01fc-a63e-4348-bd18-030b60a135e7: receive RaftClientReply:client-D91E5D1E15CE->f2ba01fc-a63e-4348-bd18-030b60a135e7@group-C8C62FEF0626, cid=2027, SUCCESS, logIndex=2958, commits[f2ba01fc-a63e-4348-bd18-030b60a135e7:c2958, eab135d4-a257-4705-b491-6c056b8c5df7:c2954, a4f67574-9018-43e7-8a54-351e98dc3d0a:c2954]
2019-08-23 07:09:04,432 | INFO  | DNAudit | user=null | ip=null | op=WRITE_CHUNK {blockData=conID: 1 locID: 102665037044384290 bcsId: 2954} | ret=SUCCESS |  
2019-08-23 07:09:04,432 | INFO  | DNAudit | user=null | ip=null | op=WRITE_CHUNK {blockData=conID: 1 locID: 102665037044384290 bcsId: 2954} | ret=SUCCESS |  
2019-08-23 07:09:04,434 | INFO  | DNAudit | user=null | ip=null | op=PUT_BLOCK {blockData=[blockId=conID: 1 locID: 102665037044384290 bcsId: 0,size=4194304]} | ret=SUCCESS |  
2019-08-23 07:09:04,434 | INFO  | DNAudit | user=null | ip=null | op=PUT_BLOCK {blockData=[blockId=conID: 1 locID: 102665037044384290 bcsId: 0,size=4194304]} | ret=SUCCESS |  
2019-08-23 07:09:04,435 [grpc-default-executor-4] INFO  client.GrpcClientProtocolClient (GrpcClientProtocolClient.java:onNext(255)) - client-D91E5D1E15CE->f2ba01fc-a63e-4348-bd18-030b60a135e7: receive RaftClientReply:client-D91E5D1E15CE->f2ba01fc-a63e-4348-bd18-030b60a135e7@group-C8C62FEF0626, cid=2028, SUCCESS, logIndex=0, commits[f2ba01fc-a63e-4348-bd18-030b60a135e7:c2960, eab135d4-a257-4705-b491-6c056b8c5df7:c2958, a4f67574-9018-43e7-8a54-351e98dc3d0a:c2958]
2019-08-23 07:09:04,439 | INFO  | SCMAudit | user=jenkins1000 | ip=192.168.5.178 | op=ALLOCATE_BLOCK {owner=aaf04d22-10dd-4717-8862-c651bdde72cf, size=4194304, type=RATIS, factor=THREE} | ret=SUCCESS |  
2019-08-23 07:09:04,441 | INFO  | OMAudit | user=jenkins1000 | ip=127.0.0.1 | op=ALLOCATE_BLOCK {volume=vol-0-67663, bucket=bucket-0-68950, key=key-0-26970, dataSize=0, replicationType=null, replicationFactor=null, keyLocationInfo=null, clientID=102665036030476690} | ret=SUCCESS |  
2019-08-23 07:09:04,448 | INFO  | DNAudit | user=null | ip=null | op=WRITE_CHUNK {blockData=conID: 2 locID: 102665037049954851 bcsId: 0} | ret=SUCCESS |  
2019-08-23 07:09:04,448 | INFO  | DNAudit | user=null | ip=null | op=WRITE_CHUNK {blockData=conID: 2 locID: 102665037049954851 bcsId: 0} | ret=SUCCESS |  
2019-08-23 07:09:04,449 | INFO  | DNAudit | user=null | ip=null | op=WRITE_CHUNK {blockData=conID: 2 locID: 102665037049954851 bcsId: 0} | ret=SUCCESS |  
2019-08-23 07:09:04,449 | INFO  | DNAudit | user=null | ip=null | op=WRITE_CHUNK {blockData=conID: 2 locID: 102665037049954851 bcsId: 0} | ret=SUCCESS |  
2019-08-23 07:09:04,450 | INFO  | DNAudit | user=null | ip=null | op=WRITE_CHUNK {blockData=conID: 2 locID: 102665037049954851 bcsId: 0} | ret=SUCCESS |  
2019-08-23 07:09:04,450 | INFO  | DNAudit | user=null | ip=null | op=WRITE_CHUNK {blockData=conID: 2 locID: 102665037049954851 bcsId: 0} | ret=SUCCESS |  
2019-08-23 07:09:04,460 | INFO  | DNAudit | user=null | ip=null | op=WRITE_CHUNK {blockData=conID: 2 locID: 102665037049954851 bcsId: 0} | ret=SUCCESS |  
2019-08-23 07:09:04,461 | INFO  | DNAudit | user=null | ip=null | op=PUT_BLOCK {blockData=[blockId=conID: 2 locID: 102665037049954851 bcsId: 0,size=1048576]} | ret=SUCCESS |  
2019-08-23 07:09:04,461 [grpc-default-executor-3] INFO  client.GrpcClientProtocolClient (GrpcClientProtocolClient.java:onNext(255)) - client-D91E5D1E15CE->f2ba01fc-a63e-4348-bd18-030b60a135e7: receive RaftClientReply:client-D91E5D1E15CE->f2ba01fc-a63e-4348-bd18-030b60a135e7@group-C8C62FEF0626, cid=2029, SUCCESS, logIndex=2961, commits[f2ba01fc-a63e-4348-bd18-030b60a135e7:c2963, eab135d4-a257-4705-b491-6c056b8c5df7:c2960, a4f67574-9018-43e7-8a54-351e98dc3d0a:c2960]
2019-08-23 07:09:04,461 | INFO  | DNAudit | user=null | ip=null | op=WRITE_CHUNK {blockData=conID: 2 locID: 102665037049954851 bcsId: 0} | ret=SUCCESS |  
2019-08-23 07:09:04,461 | INFO  | DNAudit | user=null | ip=null | op=PUT_BLOCK {blockData=[blockId=conID: 2 locID: 102665037049954851 bcsId: 0,size=2097152]} | ret=SUCCESS |  
2019-08-23 07:09:04,461 [grpc-default-executor-3] INFO  client.GrpcClientProtocolClient (GrpcClientProtocolClient.java:onNext(255)) - client-D91E5D1E15CE->f2ba01fc-a63e-4348-bd18-030b60a135e7: receive RaftClientReply:client-D91E5D1E15CE->f2ba01fc-a63e-4348-bd18-030b60a135e7@group-C8C62FEF0626, cid=2030, SUCCESS, logIndex=2962, commits[f2ba01fc-a63e-4348-bd18-030b60a135e7:c2964, eab135d4-a257-4705-b491-6c056b8c5df7:c2960, a4f67574-9018-43e7-8a54-351e98dc3d0a:c2960]
2019-08-23 07:09:04,462 [grpc-default-executor-3] INFO  client.GrpcClientProtocolClient (GrpcClientProtocolClient.java:onNext(255)) - client-D91E5D1E15CE->f2ba01fc-a63e-4348-bd18-030b60a135e7: receive RaftClientReply:client-D91E5D1E15CE->f2ba01fc-a63e-4348-bd18-030b60a135e7@group-C8C62FEF0626, cid=2031, SUCCESS, logIndex=2963, commits[f2ba01fc-a63e-4348-bd18-030b60a135e7:c2964, eab135d4-a257-4705-b491-6c056b8c5df7:c2960, a4f67574-9018-43e7-8a54-351e98dc3d0a:c2960]
2019-08-23 07:09:04,462 [grpc-default-executor-3] INFO  client.GrpcClientProtocolClient (GrpcClientProtocolClient.java:onNext(255)) - client-D91E5D1E15CE->f2ba01fc-a63e-4348-bd18-030b60a135e7: receive RaftClientReply:client-D91E5D1E15CE->f2ba01fc-a63e-4348-bd18-030b60a135e7@group-C8C62FEF0626, cid=2032, SUCCESS, logIndex=2964, commits[f2ba01fc-a63e-4348-bd18-030b60a135e7:c2964, eab135d4-a257-4705-b491-6c056b8c5df7:c2960, a4f67574-9018-43e7-8a54-351e98dc3d0a:c2960]
2019-08-23 07:09:04,471 | INFO  | DNAudit | user=null | ip=null | op=WRITE_CHUNK {blockData=conID: 2 locID: 102665037049954851 bcsId: 0} | ret=SUCCESS |  
2019-08-23 07:09:04,472 | INFO  | DNAudit | user=null | ip=null | op=PUT_BLOCK {blockData=[blockId=conID: 2 locID: 102665037049954851 bcsId: 0,size=1048576]} | ret=SUCCESS |  
2019-08-23 07:09:04,472 | INFO  | DNAudit | user=null | ip=null | op=WRITE_CHUNK {blockData=conID: 2 locID: 102665037049954851 bcsId: 0} | ret=SUCCESS |  
2019-08-23 07:09:04,472 | INFO  | DNAudit | user=null | ip=null | op=WRITE_CHUNK {blockData=conID: 2 locID: 102665037049954851 bcsId: 0} | ret=SUCCESS |  
2019-08-23 07:09:04,472 | INFO  | DNAudit | user=null | ip=null | op=PUT_BLOCK {blockData=[blockId=conID: 2 locID: 102665037049954851 bcsId: 0,size=1048576]} | ret=SUCCESS |  
2019-08-23 07:09:04,473 [grpc-default-executor-3] INFO  client.GrpcClientProtocolClient (GrpcClientProtocolClient.java:onNext(255)) - client-D91E5D1E15CE->f2ba01fc-a63e-4348-bd18-030b60a135e7: receive RaftClientReply:client-D91E5D1E15CE->f2ba01fc-a63e-4348-bd18-030b60a135e7@group-C8C62FEF0626, cid=2033, SUCCESS, logIndex=0, commits[f2ba01fc-a63e-4348-bd18-030b60a135e7:c2965, eab135d4-a257-4705-b491-6c056b8c5df7:c2962, a4f67574-9018-43e7-8a54-351e98dc3d0a:c2962]
2019-08-23 07:09:04,473 | INFO  | DNAudit | user=null | ip=null | op=PUT_BLOCK {blockData=[blockId=conID: 2 locID: 102665037049954851 bcsId: 0,size=2097152]} | ret=SUCCESS |  
2019-08-23 07:09:04,473 | INFO  | DNAudit | user=null | ip=null | op=WRITE_CHUNK {blockData=conID: 2 locID: 102665037049954851 bcsId: 0} | ret=SUCCESS |  
2019-08-23 07:09:04,473 | INFO  | DNAudit | user=null | ip=null | op=PUT_BLOCK {blockData=[blockId=conID: 2 locID: 102665037049954851 bcsId: 0,size=2097152]} | ret=SUCCESS |  
2019-08-23 07:09:04,479 | INFO  | DNAudit | user=null | ip=null | op=WRITE_CHUNK {blockData=conID: 2 locID: 102665037049954851 bcsId: 2964} | ret=SUCCESS |  
2019-08-23 07:09:04,481 | INFO  | DNAudit | user=null | ip=null | op=WRITE_CHUNK {blockData=conID: 2 locID: 102665037049954851 bcsId: 2964} | ret=SUCCESS |  
2019-08-23 07:09:04,481 | INFO  | DNAudit | user=null | ip=null | op=WRITE_CHUNK {blockData=conID: 2 locID: 102665037049954851 bcsId: 2964} | ret=SUCCESS |  
2019-08-23 07:09:04,492 | INFO  | DNAudit | user=null | ip=null | op=WRITE_CHUNK {blockData=conID: 2 locID: 102665037049954851 bcsId: 2964} | ret=SUCCESS |  
2019-08-23 07:09:04,492 | INFO  | DNAudit | user=null | ip=null | op=PUT_BLOCK {blockData=[blockId=conID: 2 locID: 102665037049954851 bcsId: 0,size=3145728]} | ret=SUCCESS |  
2019-08-23 07:09:04,492 [grpc-default-executor-2] INFO  client.GrpcClientProtocolClient (GrpcClientProtocolClient.java:onNext(255)) - client-D91E5D1E15CE->f2ba01fc-a63e-4348-bd18-030b60a135e7: receive RaftClientReply:client-D91E5D1E15CE->f2ba01fc-a63e-4348-bd18-030b60a135e7@group-C8C62FEF0626, cid=2034, SUCCESS, logIndex=2969, commits[f2ba01fc-a63e-4348-bd18-030b60a135e7:c2970, eab135d4-a257-4705-b491-6c056b8c5df7:c2968, a4f67574-9018-43e7-8a54-351e98dc3d0a:c2968]
2019-08-23 07:09:04,493 [grpc-default-executor-2] INFO  client.GrpcClientProtocolClient (GrpcClientProtocolClient.java:onNext(255)) - client-D91E5D1E15CE->f2ba01fc-a63e-4348-bd18-030b60a135e7: receive RaftClientReply:client-D91E5D1E15CE->f2ba01fc-a63e-4348-bd18-030b60a135e7@group-C8C62FEF0626, cid=2035, SUCCESS, logIndex=2970, commits[f2ba01fc-a63e-4348-bd18-030b60a135e7:c2970, eab135d4-a257-4705-b491-6c056b8c5df7:c2968, a4f67574-9018-43e7-8a54-351e98dc3d0a:c2968]
2019-08-23 07:09:04,494 | INFO  | DNAudit | user=null | ip=null | op=WRITE_CHUNK {blockData=conID: 2 locID: 102665037049954851 bcsId: 2964} | ret=SUCCESS |  
2019-08-23 07:09:04,494 | INFO  | DNAudit | user=null | ip=null | op=WRITE_CHUNK {blockData=conID: 2 locID: 102665037049954851 bcsId: 2964} | ret=SUCCESS |  
2019-08-23 07:09:04,497 | INFO  | DNAudit | user=null | ip=null | op=PUT_BLOCK {blockData=[blockId=conID: 2 locID: 102665037049954851 bcsId: 0,size=3145728]} | ret=SUCCESS |  
2019-08-23 07:09:04,497 | INFO  | DNAudit | user=null | ip=null | op=PUT_BLOCK {blockData=[blockId=conID: 2 locID: 102665037049954851 bcsId: 0,size=3145728]} | ret=SUCCESS |  
2019-08-23 07:09:04,500 | INFO  | DNAudit | user=null | ip=null | op=WRITE_CHUNK {blockData=conID: 2 locID: 102665037049954851 bcsId: 2970} | ret=SUCCESS |  
2019-08-23 07:09:04,501 | INFO  | DNAudit | user=null | ip=null | op=WRITE_CHUNK {blockData=conID: 2 locID: 102665037049954851 bcsId: 2970} | ret=SUCCESS |  
2019-08-23 07:09:04,502 | INFO  | DNAudit | user=null | ip=null | op=WRITE_CHUNK {blockData=conID: 2 locID: 102665037049954851 bcsId: 2970} | ret=SUCCESS |  
2019-08-23 07:09:04,503 | INFO  | DNAudit | user=null | ip=null | op=WRITE_CHUNK {blockData=conID: 2 locID: 102665037049954851 bcsId: 2970} | ret=SUCCESS |  
2019-08-23 07:09:04,503 | INFO  | DNAudit | user=null | ip=null | op=PUT_BLOCK {blockData=[blockId=conID: 2 locID: 102665037049954851 bcsId: 0,size=4194304]} | ret=SUCCESS |  
2019-08-23 07:09:04,503 [grpc-default-executor-3] INFO  client.GrpcClientProtocolClient (GrpcClientProtocolClient.java:onNext(255)) - client-D91E5D1E15CE->f2ba01fc-a63e-4348-bd18-030b60a135e7: receive RaftClientReply:client-D91E5D1E15CE->f2ba01fc-a63e-4348-bd18-030b60a135e7@group-C8C62FEF0626, cid=2036, SUCCESS, logIndex=2973, commits[f2ba01fc-a63e-4348-bd18-030b60a135e7:c2974, eab135d4-a257-4705-b491-6c056b8c5df7:c2972, a4f67574-9018-43e7-8a54-351e98dc3d0a:c2970]
2019-08-23 07:09:04,504 [grpc-default-executor-3] INFO  client.GrpcClientProtocolClient (GrpcClientProtocolClient.java:onNext(255)) - client-D91E5D1E15CE->f2ba01fc-a63e-4348-bd18-030b60a135e7: receive RaftClientReply:client-D91E5D1E15CE->f2ba01fc-a63e-4348-bd18-030b60a135e7@group-C8C62FEF0626, cid=2037, SUCCESS, logIndex=2974, commits[f2ba01fc-a63e-4348-bd18-030b60a135e7:c2974, eab135d4-a257-4705-b491-6c056b8c5df7:c2972, a4f67574-9018-43e7-8a54-351e98dc3d0a:c2970]
2019-08-23 07:09:04,506 | INFO  | DNAudit | user=null | ip=null | op=WRITE_CHUNK {blockData=conID: 2 locID: 102665037049954851 bcsId: 2970} | ret=SUCCESS |  
2019-08-23 07:09:04,506 | INFO  | DNAudit | user=null | ip=null | op=PUT_BLOCK {blockData=[blockId=conID: 2 locID: 102665037049954851 bcsId: 0,size=4194304]} | ret=SUCCESS |  
2019-08-23 07:09:04,508 | INFO  | DNAudit | user=null | ip=null | op=WRITE_CHUNK {blockData=conID: 2 locID: 102665037049954851 bcsId: 2970} | ret=SUCCESS |  
2019-08-23 07:09:04,508 | INFO  | DNAudit | user=null | ip=null | op=PUT_BLOCK {blockData=[blockId=conID: 2 locID: 102665037049954851 bcsId: 0,size=4194304]} | ret=SUCCESS |  
2019-08-23 07:09:04,509 [grpc-default-executor-3] INFO  client.GrpcClientProtocolClient (GrpcClientProtocolClient.java:onNext(255)) - client-D91E5D1E15CE->f2ba01fc-a63e-4348-bd18-030b60a135e7: receive RaftClientReply:client-D91E5D1E15CE->f2ba01fc-a63e-4348-bd18-030b60a135e7@group-C8C62FEF0626, cid=2038, SUCCESS, logIndex=0, commits[f2ba01fc-a63e-4348-bd18-030b60a135e7:c2976, eab135d4-a257-4705-b491-6c056b8c5df7:c2974, a4f67574-9018-43e7-8a54-351e98dc3d0a:c2974]
2019-08-23 07:09:04,514 | INFO  | SCMAudit | user=jenkins1000 | ip=192.168.5.178 | op=ALLOCATE_BLOCK {owner=aaf04d22-10dd-4717-8862-c651bdde72cf, size=4194304, type=RATIS, factor=THREE} | ret=SUCCESS |  
2019-08-23 07:09:04,517 | INFO  | OMAudit | user=jenkins1000 | ip=127.0.0.1 | op=ALLOCATE_BLOCK {volume=vol-0-67663, bucket=bucket-0-68950, key=key-0-26970, dataSize=0, replicationType=null, replicationFactor=null, keyLocationInfo=null, clientID=102665036030476690} | ret=SUCCESS |  
2019-08-23 07:09:04,525 | INFO  | DNAudit | user=null | ip=null | op=WRITE_CHUNK {blockData=conID: 3 locID: 102665037054870052 bcsId: 0} | ret=SUCCESS |  
2019-08-23 07:09:04,529 | INFO  | DNAudit | user=null | ip=null | op=WRITE_CHUNK {blockData=conID: 3 locID: 102665037054870052 bcsId: 0} | ret=SUCCESS |  
2019-08-23 07:09:04,529 | INFO  | DNAudit | user=null | ip=null | op=WRITE_CHUNK {blockData=conID: 3 locID: 102665037054870052 bcsId: 0} | ret=SUCCESS |  
2019-08-23 07:09:04,530 | INFO  | DNAudit | user=null | ip=null | op=WRITE_CHUNK {blockData=conID: 3 locID: 102665037054870052 bcsId: 0} | ret=SUCCESS |  
2019-08-23 07:09:04,531 | INFO  | DNAudit | user=null | ip=null | op=WRITE_CHUNK {blockData=conID: 3 locID: 102665037054870052 bcsId: 0} | ret=SUCCESS |  
2019-08-23 07:09:04,532 | INFO  | DNAudit | user=null | ip=null | op=WRITE_CHUNK {blockData=conID: 3 locID: 102665037054870052 bcsId: 0} | ret=SUCCESS |  
2019-08-23 07:09:04,549 | INFO  | DNAudit | user=null | ip=null | op=WRITE_CHUNK {blockData=conID: 3 locID: 102665037054870052 bcsId: 0} | ret=SUCCESS |  
2019-08-23 07:09:04,550 | INFO  | DNAudit | user=null | ip=null | op=PUT_BLOCK {blockData=[blockId=conID: 3 locID: 102665037054870052 bcsId: 0,size=1048576]} | ret=SUCCESS |  
2019-08-23 07:09:04,550 | INFO  | DNAudit | user=null | ip=null | op=WRITE_CHUNK {blockData=conID: 3 locID: 102665037054870052 bcsId: 0} | ret=SUCCESS |  
2019-08-23 07:09:04,550 [grpc-default-executor-2] INFO  client.GrpcClientProtocolClient (GrpcClientProtocolClient.java:onNext(255)) - client-D91E5D1E15CE->f2ba01fc-a63e-4348-bd18-030b60a135e7: receive RaftClientReply:client-D91E5D1E15CE->f2ba01fc-a63e-4348-bd18-030b60a135e7@group-C8C62FEF0626, cid=2039, SUCCESS, logIndex=2977, commits[f2ba01fc-a63e-4348-bd18-030b60a135e7:c2978, eab135d4-a257-4705-b491-6c056b8c5df7:c2976, a4f67574-9018-43e7-8a54-351e98dc3d0a:c2974]
2019-08-23 07:09:04,550 | INFO  | DNAudit | user=null | ip=null | op=PUT_BLOCK {blockData=[blockId=conID: 3 locID: 102665037054870052 bcsId: 0,size=2097152]} | ret=SUCCESS |  
2019-08-23 07:09:04,551 [grpc-default-executor-2] INFO  client.GrpcClientProtocolClient (GrpcClientProtocolClient.java:onNext(255)) - client-D91E5D1E15CE->f2ba01fc-a63e-4348-bd18-030b60a135e7: receive RaftClientReply:client-D91E5D1E15CE->f2ba01fc-a63e-4348-bd18-030b60a135e7@group-C8C62FEF0626, cid=2040, SUCCESS, logIndex=2978, commits[f2ba01fc-a63e-4348-bd18-030b60a135e7:c2979, eab135d4-a257-4705-b491-6c056b8c5df7:c2976, a4f67574-9018-43e7-8a54-351e98dc3d0a:c2976]
2019-08-23 07:09:04,551 [grpc-default-executor-2] INFO  client.GrpcClientProtocolClient (GrpcClientProtocolClient.java:onNext(255)) - client-D91E5D1E15CE->f2ba01fc-a63e-4348-bd18-030b60a135e7: receive RaftClientReply:client-D91E5D1E15CE->f2ba01fc-a63e-4348-bd18-030b60a135e7@group-C8C62FEF0626, cid=2041, SUCCESS, logIndex=2979, commits[f2ba01fc-a63e-4348-bd18-030b60a135e7:c2980, eab135d4-a257-4705-b491-6c056b8c5df7:c2976, a4f67574-9018-43e7-8a54-351e98dc3d0a:c2976]
2019-08-23 07:09:04,551 [grpc-default-executor-2] INFO  client.GrpcClientProtocolClient (GrpcClientProtocolClient.java:onNext(255)) - client-D91E5D1E15CE->f2ba01fc-a63e-4348-bd18-030b60a135e7: receive RaftClientReply:client-D91E5D1E15CE->f2ba01fc-a63e-4348-bd18-030b60a135e7@group-C8C62FEF0626, cid=2042, SUCCESS, logIndex=2980, commits[f2ba01fc-a63e-4348-bd18-030b60a135e7:c2980, eab135d4-a257-4705-b491-6c056b8c5df7:c2976, a4f67574-9018-43e7-8a54-351e98dc3d0a:c2976]
2019-08-23 07:09:04,562 | INFO  | DNAudit | user=null | ip=null | op=WRITE_CHUNK {blockData=conID: 3 locID: 102665037054870052 bcsId: 0} | ret=SUCCESS |  
2019-08-23 07:09:04,562 | INFO  | DNAudit | user=null | ip=null | op=PUT_BLOCK {blockData=[blockId=conID: 3 locID: 102665037054870052 bcsId: 0,size=1048576]} | ret=SUCCESS |  
2019-08-23 07:09:04,563 | INFO  | DNAudit | user=null | ip=null | op=WRITE_CHUNK {blockData=conID: 3 locID: 102665037054870052 bcsId: 0} | ret=SUCCESS |  
2019-08-23 07:09:04,563 | INFO  | DNAudit | user=null | ip=null | op=PUT_BLOCK {blockData=[blockId=conID: 3 locID: 102665037054870052 bcsId: 0,size=1048576]} | ret=SUCCESS |  
2019-08-23 07:09:04,563 | INFO  | DNAudit | user=null | ip=null | op=WRITE_CHUNK {blockData=conID: 3 locID: 102665037054870052 bcsId: 0} | ret=SUCCESS |  
2019-08-23 07:09:04,563 | INFO  | DNAudit | user=null | ip=null | op=WRITE_CHUNK {blockData=conID: 3 locID: 102665037054870052 bcsId: 0} | ret=SUCCESS |  
2019-08-23 07:09:04,563 | INFO  | DNAudit | user=null | ip=null | op=PUT_BLOCK {blockData=[blockId=conID: 3 locID: 102665037054870052 bcsId: 0,size=2097152]} | ret=SUCCESS |  
2019-08-23 07:09:04,563 | INFO  | DNAudit | user=null | ip=null | op=PUT_BLOCK {blockData=[blockId=conID: 3 locID: 102665037054870052 bcsId: 0,size=2097152]} | ret=SUCCESS |  
2019-08-23 07:09:04,564 [grpc-default-executor-4] INFO  client.GrpcClientProtocolClient (GrpcClientProtocolClient.java:onNext(255)) - client-D91E5D1E15CE->f2ba01fc-a63e-4348-bd18-030b60a135e7: receive RaftClientReply:client-D91E5D1E15CE->f2ba01fc-a63e-4348-bd18-030b60a135e7@group-C8C62FEF0626, cid=2043, SUCCESS, logIndex=0, commits[f2ba01fc-a63e-4348-bd18-030b60a135e7:c2982, eab135d4-a257-4705-b491-6c056b8c5df7:c2978, a4f67574-9018-43e7-8a54-351e98dc3d0a:c2978]
2019-08-23 07:09:04,569 | INFO  | DNAudit | user=null | ip=null | op=WRITE_CHUNK {blockData=conID: 3 locID: 102665037054870052 bcsId: 2980} | ret=SUCCESS |  
2019-08-23 07:09:04,571 | INFO  | DNAudit | user=null | ip=null | op=WRITE_CHUNK {blockData=conID: 3 locID: 102665037054870052 bcsId: 2980} | ret=SUCCESS |  
2019-08-23 07:09:04,571 | INFO  | DNAudit | user=null | ip=null | op=WRITE_CHUNK {blockData=conID: 3 locID: 102665037054870052 bcsId: 2980} | ret=SUCCESS |  
2019-08-23 07:09:04,576 | INFO  | DNAudit | user=null | ip=null | op=WRITE_CHUNK {blockData=conID: 3 locID: 102665037054870052 bcsId: 2980} | ret=SUCCESS |  
2019-08-23 07:09:04,576 | INFO  | DNAudit | user=null | ip=null | op=PUT_BLOCK {blockData=[blockId=conID: 3 locID: 102665037054870052 bcsId: 0,size=3145728]} | ret=SUCCESS |  
2019-08-23 07:09:04,576 [grpc-default-executor-2] INFO  client.GrpcClientProtocolClient (GrpcClientProtocolClient.java:onNext(255)) - client-D91E5D1E15CE->f2ba01fc-a63e-4348-bd18-030b60a135e7: receive RaftClientReply:client-D91E5D1E15CE->f2ba01fc-a63e-4348-bd18-030b60a135e7@group-C8C62FEF0626, cid=2044, SUCCESS, logIndex=2985, commits[f2ba01fc-a63e-4348-bd18-030b60a135e7:c2986, eab135d4-a257-4705-b491-6c056b8c5df7:c2984, a4f67574-9018-43e7-8a54-351e98dc3d0a:c2984]
2019-08-23 07:09:04,577 [grpc-default-executor-2] INFO  client.GrpcClientProtocolClient (GrpcClientProtocolClient.java:onNext(255)) - client-D91E5D1E15CE->f2ba01fc-a63e-4348-bd18-030b60a135e7: receive RaftClientReply:client-D91E5D1E15CE->f2ba01fc-a63e-4348-bd18-030b60a135e7@group-C8C62FEF0626, cid=2045, SUCCESS, logIndex=2986, commits[f2ba01fc-a63e-4348-bd18-030b60a135e7:c2986, eab135d4-a257-4705-b491-6c056b8c5df7:c2984, a4f67574-9018-43e7-8a54-351e98dc3d0a:c2984]
2019-08-23 07:09:04,582 | INFO  | DNAudit | user=null | ip=null | op=WRITE_CHUNK {blockData=conID: 3 locID: 102665037054870052 bcsId: 2986} | ret=SUCCESS |  
2019-08-23 07:09:04,584 | INFO  | DNAudit | user=null | ip=null | op=WRITE_CHUNK {blockData=conID: 3 locID: 102665037054870052 bcsId: 2986} | ret=SUCCESS |  
2019-08-23 07:09:04,584 | INFO  | DNAudit | user=null | ip=null | op=WRITE_CHUNK {blockData=conID: 3 locID: 102665037054870052 bcsId: 2986} | ret=SUCCESS |  
2019-08-23 07:09:04,588 | INFO  | DNAudit | user=null | ip=null | op=WRITE_CHUNK {blockData=conID: 3 locID: 102665037054870052 bcsId: 2980} | ret=SUCCESS |  
2019-08-23 07:09:04,588 | INFO  | DNAudit | user=null | ip=null | op=WRITE_CHUNK {blockData=conID: 3 locID: 102665037054870052 bcsId: 2980} | ret=SUCCESS |  
2019-08-23 07:09:04,589 | INFO  | DNAudit | user=null | ip=null | op=PUT_BLOCK {blockData=[blockId=conID: 3 locID: 102665037054870052 bcsId: 0,size=3145728]} | ret=SUCCESS |  
2019-08-23 07:09:04,589 | INFO  | DNAudit | user=null | ip=null | op=PUT_BLOCK {blockData=[blockId=conID: 3 locID: 102665037054870052 bcsId: 0,size=3145728]} | ret=SUCCESS |  
2019-08-23 07:09:04,590 | INFO  | DNAudit | user=null | ip=null | op=WRITE_CHUNK {blockData=conID: 3 locID: 102665037054870052 bcsId: 2986} | ret=SUCCESS |  
2019-08-23 07:09:04,590 | INFO  | DNAudit | user=null | ip=null | op=PUT_BLOCK {blockData=[blockId=conID: 3 locID: 102665037054870052 bcsId: 0,size=4194304]} | ret=SUCCESS |  
2019-08-23 07:09:04,590 [grpc-default-executor-2] INFO  client.GrpcClientProtocolClient (GrpcClientProtocolClient.java:onNext(255)) - client-D91E5D1E15CE->f2ba01fc-a63e-4348-bd18-030b60a135e7: receive RaftClientReply:client-D91E5D1E15CE->f2ba01fc-a63e-4348-bd18-030b60a135e7@group-C8C62FEF0626, cid=2046, SUCCESS, logIndex=2989, commits[f2ba01fc-a63e-4348-bd18-030b60a135e7:c2989, eab135d4-a257-4705-b491-6c056b8c5df7:c2986, a4f67574-9018-43e7-8a54-351e98dc3d0a:c2986]
2019-08-23 07:09:04,590 [grpc-default-executor-2] INFO  client.GrpcClientProtocolClient (GrpcClientProtocolClient.java:onNext(255)) - client-D91E5D1E15CE->f2ba01fc-a63e-4348-bd18-030b60a135e7: receive RaftClientReply:client-D91E5D1E15CE->f2ba01fc-a63e-4348-bd18-030b60a135e7@group-C8C62FEF0626, cid=2047, SUCCESS, logIndex=2990, commits[f2ba01fc-a63e-4348-bd18-030b60a135e7:c2990, eab135d4-a257-4705-b491-6c056b8c5df7:c2986, a4f67574-9018-43e7-8a54-351e98dc3d0a:c2986]
2019-08-23 07:09:04,601 | INFO  | DNAudit | user=null | ip=null | op=WRITE_CHUNK {blockData=conID: 3 locID: 102665037054870052 bcsId: 2986} | ret=SUCCESS |  
2019-08-23 07:09:04,601 | INFO  | DNAudit | user=null | ip=null | op=WRITE_CHUNK {blockData=conID: 3 locID: 102665037054870052 bcsId: 2986} | ret=SUCCESS |  
2019-08-23 07:09:04,604 | INFO  | DNAudit | user=null | ip=null | op=PUT_BLOCK {blockData=[blockId=conID: 3 locID: 102665037054870052 bcsId: 0,size=4194304]} | ret=SUCCESS |  
2019-08-23 07:09:04,604 | INFO  | DNAudit | user=null | ip=null | op=PUT_BLOCK {blockData=[blockId=conID: 3 locID: 102665037054870052 bcsId: 0,size=4194304]} | ret=SUCCESS |  
2019-08-23 07:09:04,605 [grpc-default-executor-4] INFO  client.GrpcClientProtocolClient (GrpcClientProtocolClient.java:onNext(255)) - client-D91E5D1E15CE->f2ba01fc-a63e-4348-bd18-030b60a135e7: receive RaftClientReply:client-D91E5D1E15CE->f2ba01fc-a63e-4348-bd18-030b60a135e7@group-C8C62FEF0626, cid=2048, SUCCESS, logIndex=0, commits[f2ba01fc-a63e-4348-bd18-030b60a135e7:c2992, eab135d4-a257-4705-b491-6c056b8c5df7:c2990, a4f67574-9018-43e7-8a54-351e98dc3d0a:c2990]
2019-08-23 07:09:04,609 | INFO  | SCMAudit | user=jenkins1000 | ip=192.168.5.178 | op=ALLOCATE_BLOCK {owner=aaf04d22-10dd-4717-8862-c651bdde72cf, size=4194304, type=RATIS, factor=THREE} | ret=SUCCESS |  
2019-08-23 07:09:04,611 | INFO  | OMAudit | user=jenkins1000 | ip=127.0.0.1 | op=ALLOCATE_BLOCK {volume=vol-0-67663, bucket=bucket-0-68950, key=key-0-26970, dataSize=0, replicationType=null, replicationFactor=null, keyLocationInfo=null, clientID=102665036030476690} | ret=SUCCESS |  
2019-08-23 07:09:04,618 | INFO  | DNAudit | user=null | ip=null | op=WRITE_CHUNK {blockData=conID: 1 locID: 102665037061095973 bcsId: 0} | ret=SUCCESS |  
2019-08-23 07:09:04,620 | INFO  | DNAudit | user=null | ip=null | op=WRITE_CHUNK {blockData=conID: 1 locID: 102665037061095973 bcsId: 0} | ret=SUCCESS |  
2019-08-23 07:09:04,620 | INFO  | DNAudit | user=null | ip=null | op=WRITE_CHUNK {blockData=conID: 1 locID: 102665037061095973 bcsId: 0} | ret=SUCCESS |  
2019-08-23 07:09:04,755 | INFO  | DNAudit | user=null | ip=null | op=WRITE_CHUNK {blockData=conID: 1 locID: 102665037061095973 bcsId: 0} | ret=SUCCESS |  
2019-08-23 07:09:04,755 | INFO  | SCMAudit | user=jenkins1000 | ip=192.168.5.178 | op=SEND_HEARTBEAT {datanodeUUID=a4f67574-9018-43e7-8a54-351e98dc3d0a, command=[]} | ret=SUCCESS |  
2019-08-23 07:09:04,755 | INFO  | SCMAudit | user=jenkins1000 | ip=192.168.5.178 | op=SEND_HEARTBEAT {datanodeUUID=eab135d4-a257-4705-b491-6c056b8c5df7, command=[]} | ret=SUCCESS |  
2019-08-23 07:09:04,755 | INFO  | SCMAudit | user=jenkins1000 | ip=192.168.5.178 | op=SEND_HEARTBEAT {datanodeUUID=f2ba01fc-a63e-4348-bd18-030b60a135e7, command=[]} | ret=SUCCESS |  
2019-08-23 07:09:04,757 | INFO  | DNAudit | user=null | ip=null | op=WRITE_CHUNK {blockData=conID: 1 locID: 102665037061095973 bcsId: 0} | ret=SUCCESS |  
2019-08-23 07:09:04,758 | INFO  | DNAudit | user=null | ip=null | op=WRITE_CHUNK {blockData=conID: 1 locID: 102665037061095973 bcsId: 0} | ret=SUCCESS |  
2019-08-23 07:09:04,768 | INFO  | DNAudit | user=null | ip=null | op=WRITE_CHUNK {blockData=conID: 1 locID: 102665037061095973 bcsId: 0} | ret=SUCCESS |  
2019-08-23 07:09:04,768 | INFO  | DNAudit | user=null | ip=null | op=PUT_BLOCK {blockData=[blockId=conID: 1 locID: 102665037061095973 bcsId: 0,size=1048576]} | ret=SUCCESS |  
2019-08-23 07:09:04,768 | INFO  | DNAudit | user=null | ip=null | op=WRITE_CHUNK {blockData=conID: 1 locID: 102665037061095973 bcsId: 0} | ret=SUCCESS |  
2019-08-23 07:09:04,768 [grpc-default-executor-3] INFO  client.GrpcClientProtocolClient (GrpcClientProtocolClient.java:onNext(255)) - client-D91E5D1E15CE->f2ba01fc-a63e-4348-bd18-030b60a135e7: receive RaftClientReply:client-D91E5D1E15CE->f2ba01fc-a63e-4348-bd18-030b60a135e7@group-C8C62FEF0626, cid=2049, SUCCESS, logIndex=2993, commits[f2ba01fc-a63e-4348-bd18-030b60a135e7:c2994, eab135d4-a257-4705-b491-6c056b8c5df7:c2992, a4f67574-9018-43e7-8a54-351e98dc3d0a:c2992]
2019-08-23 07:09:04,769 | INFO  | DNAudit | user=null | ip=null | op=PUT_BLOCK {blockData=[blockId=conID: 1 locID: 102665037061095973 bcsId: 0,size=2097152]} | ret=SUCCESS |  
2019-08-23 07:09:04,769 [grpc-default-executor-3] INFO  client.GrpcClientProtocolClient (GrpcClientProtocolClient.java:onNext(255)) - client-D91E5D1E15CE->f2ba01fc-a63e-4348-bd18-030b60a135e7: receive RaftClientReply:client-D91E5D1E15CE->f2ba01fc-a63e-4348-bd18-030b60a135e7@group-C8C62FEF0626, cid=2050, SUCCESS, logIndex=2994, commits[f2ba01fc-a63e-4348-bd18-030b60a135e7:c2996, eab135d4-a257-4705-b491-6c056b8c5df7:c2992, a4f67574-9018-43e7-8a54-351e98dc3d0a:c2992]
2019-08-23 07:09:04,769 [grpc-default-executor-3] INFO  client.GrpcClientProtocolClient (GrpcClientProtocolClient.java:onNext(255)) - client-D91E5D1E15CE->f2ba01fc-a63e-4348-bd18-030b60a135e7: receive RaftClientReply:client-D91E5D1E15CE->f2ba01fc-a63e-4348-bd18-030b60a135e7@group-C8C62FEF0626, cid=2051, SUCCESS, logIndex=2995, commits[f2ba01fc-a63e-4348-bd18-030b60a135e7:c2996, eab135d4-a257-4705-b491-6c056b8c5df7:c2992, a4f67574-9018-43e7-8a54-351e98dc3d0a:c2992]
2019-08-23 07:09:04,769 | INFO  | DNAudit | user=null | ip=null | op=WRITE_CHUNK {blockData=conID: 1 locID: 102665037061095973 bcsId: 0} | ret=SUCCESS |  
2019-08-23 07:09:04,769 [grpc-default-executor-3] INFO  client.GrpcClientProtocolClient (GrpcClientProtocolClient.java:onNext(255)) - client-D91E5D1E15CE->f2ba01fc-a63e-4348-bd18-030b60a135e7: receive RaftClientReply:client-D91E5D1E15CE->f2ba01fc-a63e-4348-bd18-030b60a135e7@group-C8C62FEF0626, cid=2052, SUCCESS, logIndex=2996, commits[f2ba01fc-a63e-4348-bd18-030b60a135e7:c2996, eab135d4-a257-4705-b491-6c056b8c5df7:c2992, a4f67574-9018-43e7-8a54-351e98dc3d0a:c2992]
2019-08-23 07:09:04,769 | INFO  | DNAudit | user=null | ip=null | op=PUT_BLOCK {blockData=[blockId=conID: 1 locID: 102665037061095973 bcsId: 0,size=1048576]} | ret=SUCCESS |  
2019-08-23 07:09:04,771 | INFO  | DNAudit | user=null | ip=null | op=WRITE_CHUNK {blockData=conID: 1 locID: 102665037061095973 bcsId: 0} | ret=SUCCESS |  
2019-08-23 07:09:04,771 | INFO  | DNAudit | user=null | ip=null | op=PUT_BLOCK {blockData=[blockId=conID: 1 locID: 102665037061095973 bcsId: 0,size=1048576]} | ret=SUCCESS |  
2019-08-23 07:09:04,772 [grpc-default-executor-3] INFO  client.GrpcClientProtocolClient (GrpcClientProtocolClient.java:onNext(255)) - client-D91E5D1E15CE->f2ba01fc-a63e-4348-bd18-030b60a135e7: receive RaftClientReply:client-D91E5D1E15CE->f2ba01fc-a63e-4348-bd18-030b60a135e7@group-C8C62FEF0626, cid=2053, SUCCESS, logIndex=0, commits[f2ba01fc-a63e-4348-bd18-030b60a135e7:c2997, eab135d4-a257-4705-b491-6c056b8c5df7:c2994, a4f67574-9018-43e7-8a54-351e98dc3d0a:c2994]
2019-08-23 07:09:04,780 | INFO  | DNAudit | user=null | ip=null | op=WRITE_CHUNK {blockData=conID: 1 locID: 102665037061095973 bcsId: 2996} | ret=SUCCESS |  
2019-08-23 07:09:04,782 | INFO  | DNAudit | user=null | ip=null | op=WRITE_CHUNK {blockData=conID: 1 locID: 102665037061095973 bcsId: 2996} | ret=SUCCESS |  
2019-08-23 07:09:04,782 | INFO  | DNAudit | user=null | ip=null | op=WRITE_CHUNK {blockData=conID: 1 locID: 102665037061095973 bcsId: 2996} | ret=SUCCESS |  
2019-08-23 07:09:04,783 | INFO  | DNAudit | user=null | ip=null | op=WRITE_CHUNK {blockData=conID: 1 locID: 102665037061095973 bcsId: 0} | ret=SUCCESS |  
2019-08-23 07:09:04,783 | INFO  | DNAudit | user=null | ip=null | op=WRITE_CHUNK {blockData=conID: 1 locID: 102665037061095973 bcsId: 0} | ret=SUCCESS |  
2019-08-23 07:09:04,783 | INFO  | DNAudit | user=null | ip=null | op=PUT_BLOCK {blockData=[blockId=conID: 1 locID: 102665037061095973 bcsId: 0,size=2097152]} | ret=SUCCESS |  
2019-08-23 07:09:04,783 | INFO  | DNAudit | user=null | ip=null | op=PUT_BLOCK {blockData=[blockId=conID: 1 locID: 102665037061095973 bcsId: 0,size=2097152]} | ret=SUCCESS |  
2019-08-23 07:09:04,784 | INFO  | DNAudit | user=null | ip=null | op=WRITE_CHUNK {blockData=conID: 1 locID: 102665037061095973 bcsId: 2996} | ret=SUCCESS |  
2019-08-23 07:09:04,785 | INFO  | DNAudit | user=null | ip=null | op=PUT_BLOCK {blockData=[blockId=conID: 1 locID: 102665037061095973 bcsId: 0,size=3145728]} | ret=SUCCESS |  
2019-08-23 07:09:04,785 [grpc-default-executor-0] INFO  client.GrpcClientProtocolClient (GrpcClientProtocolClient.java:onNext(255)) - client-D91E5D1E15CE->f2ba01fc-a63e-4348-bd18-030b60a135e7: receive RaftClientReply:client-D91E5D1E15CE->f2ba01fc-a63e-4348-bd18-030b60a135e7@group-C8C62FEF0626, cid=2054, SUCCESS, logIndex=3000, commits[f2ba01fc-a63e-4348-bd18-030b60a135e7:c3001, eab135d4-a257-4705-b491-6c056b8c5df7:c2996, a4f67574-9018-43e7-8a54-351e98dc3d0a:c2998]
2019-08-23 07:09:04,785 [grpc-default-executor-0] INFO  client.GrpcClientProtocolClient (GrpcClientProtocolClient.java:onNext(255)) - client-D91E5D1E15CE->f2ba01fc-a63e-4348-bd18-030b60a135e7: receive RaftClientReply:client-D91E5D1E15CE->f2ba01fc-a63e-4348-bd18-030b60a135e7@group-C8C62FEF0626, cid=2055, SUCCESS, logIndex=3001, commits[f2ba01fc-a63e-4348-bd18-030b60a135e7:c3001, eab135d4-a257-4705-b491-6c056b8c5df7:c2996, a4f67574-9018-43e7-8a54-351e98dc3d0a:c2998]
2019-08-23 07:09:04,786 | INFO  | DNAudit | user=null | ip=null | op=WRITE_CHUNK {blockData=conID: 1 locID: 102665037061095973 bcsId: 2996} | ret=SUCCESS |  
2019-08-23 07:09:04,786 | INFO  | DNAudit | user=null | ip=null | op=WRITE_CHUNK {blockData=conID: 1 locID: 102665037061095973 bcsId: 2996} | ret=SUCCESS |  
2019-08-23 07:09:04,787 | INFO  | DNAudit | user=null | ip=null | op=PUT_BLOCK {blockData=[blockId=conID: 1 locID: 102665037061095973 bcsId: 0,size=3145728]} | ret=SUCCESS |  
2019-08-23 07:09:04,787 | INFO  | DNAudit | user=null | ip=null | op=PUT_BLOCK {blockData=[blockId=conID: 1 locID: 102665037061095973 bcsId: 0,size=3145728]} | ret=SUCCESS |  
2019-08-23 07:09:04,792 | INFO  | DNAudit | user=null | ip=null | op=WRITE_CHUNK {blockData=conID: 1 locID: 102665037061095973 bcsId: 3001} | ret=SUCCESS |  
2019-08-23 07:09:04,794 | INFO  | DNAudit | user=null | ip=null | op=WRITE_CHUNK {blockData=conID: 1 locID: 102665037061095973 bcsId: 3001} | ret=SUCCESS |  
2019-08-23 07:09:04,795 | INFO  | DNAudit | user=null | ip=null | op=WRITE_CHUNK {blockData=conID: 1 locID: 102665037061095973 bcsId: 3001} | ret=SUCCESS |  
2019-08-23 07:09:04,808 | INFO  | DNAudit | user=null | ip=null | op=WRITE_CHUNK {blockData=conID: 1 locID: 102665037061095973 bcsId: 3001} | ret=SUCCESS |  
2019-08-23 07:09:04,808 | INFO  | DNAudit | user=null | ip=null | op=PUT_BLOCK {blockData=[blockId=conID: 1 locID: 102665037061095973 bcsId: 0,size=4194304]} | ret=SUCCESS |  
2019-08-23 07:09:04,809 [grpc-default-executor-4] INFO  client.GrpcClientProtocolClient (GrpcClientProtocolClient.java:onNext(255)) - client-D91E5D1E15CE->f2ba01fc-a63e-4348-bd18-030b60a135e7: receive RaftClientReply:client-D91E5D1E15CE->f2ba01fc-a63e-4348-bd18-030b60a135e7@group-C8C62FEF0626, cid=2056, SUCCESS, logIndex=3004, commits[f2ba01fc-a63e-4348-bd18-030b60a135e7:c3005, eab135d4-a257-4705-b491-6c056b8c5df7:c3003, a4f67574-9018-43e7-8a54-351e98dc3d0a:c3003]
2019-08-23 07:09:04,809 [grpc-default-executor-4] INFO  client.GrpcClientProtocolClient (GrpcClientProtocolClient.java:onNext(255)) - client-D91E5D1E15CE->f2ba01fc-a63e-4348-bd18-030b60a135e7: receive RaftClientReply:client-D91E5D1E15CE->f2ba01fc-a63e-4348-bd18-030b60a135e7@group-C8C62FEF0626, cid=2057, SUCCESS, logIndex=3005, commits[f2ba01fc-a63e-4348-bd18-030b60a135e7:c3005, eab135d4-a257-4705-b491-6c056b8c5df7:c3003, a4f67574-9018-43e7-8a54-351e98dc3d0a:c3003]
2019-08-23 07:09:04,820 | INFO  | DNAudit | user=null | ip=null | op=WRITE_CHUNK {blockData=conID: 1 locID: 102665037061095973 bcsId: 3001} | ret=SUCCESS |  
2019-08-23 07:09:04,820 | INFO  | DNAudit | user=null | ip=null | op=WRITE_CHUNK {blockData=conID: 1 locID: 102665037061095973 bcsId: 3001} | ret=SUCCESS |  
2019-08-23 07:09:04,823 | INFO  | DNAudit | user=null | ip=null | op=PUT_BLOCK {blockData=[blockId=conID: 1 locID: 102665037061095973 bcsId: 0,size=4194304]} | ret=SUCCESS |  
2019-08-23 07:09:04,823 | INFO  | DNAudit | user=null | ip=null | op=PUT_BLOCK {blockData=[blockId=conID: 1 locID: 102665037061095973 bcsId: 0,size=4194304]} | ret=SUCCESS |  
2019-08-23 07:09:04,823 [grpc-default-executor-4] INFO  client.GrpcClientProtocolClient (GrpcClientProtocolClient.java:onNext(255)) - client-D91E5D1E15CE->f2ba01fc-a63e-4348-bd18-030b60a135e7: receive RaftClientReply:client-D91E5D1E15CE->f2ba01fc-a63e-4348-bd18-030b60a135e7@group-C8C62FEF0626, cid=2058, SUCCESS, logIndex=0, commits[f2ba01fc-a63e-4348-bd18-030b60a135e7:c3007, eab135d4-a257-4705-b491-6c056b8c5df7:c3005, a4f67574-9018-43e7-8a54-351e98dc3d0a:c3005]
2019-08-23 07:09:04,829 | INFO  | SCMAudit | user=jenkins1000 | ip=192.168.5.178 | op=ALLOCATE_BLOCK {owner=aaf04d22-10dd-4717-8862-c651bdde72cf, size=4194304, type=RATIS, factor=THREE} | ret=SUCCESS |  
2019-08-23 07:09:04,832 | INFO  | OMAudit | user=jenkins1000 | ip=127.0.0.1 | op=ALLOCATE_BLOCK {volume=vol-0-67663, bucket=bucket-0-68950, key=key-0-26970, dataSize=0, replicationType=null, replicationFactor=null, keyLocationInfo=null, clientID=102665036030476690} | ret=SUCCESS |  
2019-08-23 07:09:04,840 | INFO  | DNAudit | user=null | ip=null | op=WRITE_CHUNK {blockData=conID: 2 locID: 102665037075513894 bcsId: 0} | ret=SUCCESS |  
2019-08-23 07:09:04,842 | INFO  | DNAudit | user=null | ip=null | op=WRITE_CHUNK {blockData=conID: 2 locID: 102665037075513894 bcsId: 0} | ret=SUCCESS |  
2019-08-23 07:09:04,842 | INFO  | DNAudit | user=null | ip=null | op=WRITE_CHUNK {blockData=conID: 2 locID: 102665037075513894 bcsId: 0} | ret=SUCCESS |  
2019-08-23 07:09:04,843 | INFO  | DNAudit | user=null | ip=null | op=WRITE_CHUNK {blockData=conID: 2 locID: 102665037075513894 bcsId: 0} | ret=SUCCESS |  
2019-08-23 07:09:04,844 | INFO  | DNAudit | user=null | ip=null | op=WRITE_CHUNK {blockData=conID: 2 locID: 102665037075513894 bcsId: 0} | ret=SUCCESS |  
2019-08-23 07:09:04,844 | INFO  | DNAudit | user=null | ip=null | op=WRITE_CHUNK {blockData=conID: 2 locID: 102665037075513894 bcsId: 0} | ret=SUCCESS |  
2019-08-23 07:09:04,855 | INFO  | DNAudit | user=null | ip=null | op=WRITE_CHUNK {blockData=conID: 2 locID: 102665037075513894 bcsId: 0} | ret=SUCCESS |  
2019-08-23 07:09:04,856 | INFO  | DNAudit | user=null | ip=null | op=PUT_BLOCK {blockData=[blockId=conID: 2 locID: 102665037075513894 bcsId: 0,size=1048576]} | ret=SUCCESS |  
2019-08-23 07:09:04,856 [grpc-default-executor-3] INFO  client.GrpcClientProtocolClient (GrpcClientProtocolClient.java:onNext(255)) - client-D91E5D1E15CE->f2ba01fc-a63e-4348-bd18-030b60a135e7: receive RaftClientReply:client-D91E5D1E15CE->f2ba01fc-a63e-4348-bd18-030b60a135e7@group-C8C62FEF0626, cid=2059, SUCCESS, logIndex=3008, commits[f2ba01fc-a63e-4348-bd18-030b60a135e7:c3009, eab135d4-a257-4705-b491-6c056b8c5df7:c3007, a4f67574-9018-43e7-8a54-351e98dc3d0a:c3007]
2019-08-23 07:09:04,856 | INFO  | DNAudit | user=null | ip=null | op=WRITE_CHUNK {blockData=conID: 2 locID: 102665037075513894 bcsId: 0} | ret=SUCCESS |  
2019-08-23 07:09:04,856 | INFO  | DNAudit | user=null | ip=null | op=PUT_BLOCK {blockData=[blockId=conID: 2 locID: 102665037075513894 bcsId: 0,size=2097152]} | ret=SUCCESS |  
2019-08-23 07:09:04,856 [grpc-default-executor-3] INFO  client.GrpcClientProtocolClient (GrpcClientProtocolClient.java:onNext(255)) - client-D91E5D1E15CE->f2ba01fc-a63e-4348-bd18-030b60a135e7: receive RaftClientReply:client-D91E5D1E15CE->f2ba01fc-a63e-4348-bd18-030b60a135e7@group-C8C62FEF0626, cid=2060, SUCCESS, logIndex=3009, commits[f2ba01fc-a63e-4348-bd18-030b60a135e7:c3011, eab135d4-a257-4705-b491-6c056b8c5df7:c3007, a4f67574-9018-43e7-8a54-351e98dc3d0a:c3007]
2019-08-23 07:09:04,857 [grpc-default-executor-3] INFO  client.GrpcClientProtocolClient (GrpcClientProtocolClient.java:onNext(255)) - client-D91E5D1E15CE->f2ba01fc-a63e-4348-bd18-030b60a135e7: receive RaftClientReply:client-D91E5D1E15CE->f2ba01fc-a63e-4348-bd18-030b60a135e7@group-C8C62FEF0626, cid=2061, SUCCESS, logIndex=3010, commits[f2ba01fc-a63e-4348-bd18-030b60a135e7:c3011, eab135d4-a257-4705-b491-6c056b8c5df7:c3007, a4f67574-9018-43e7-8a54-351e98dc3d0a:c3007]
2019-08-23 07:09:04,857 [grpc-default-executor-3] INFO  client.GrpcClientProtocolClient (GrpcClientProtocolClient.java:onNext(255)) - client-D91E5D1E15CE->f2ba01fc-a63e-4348-bd18-030b60a135e7: receive RaftClientReply:client-D91E5D1E15CE->f2ba01fc-a63e-4348-bd18-030b60a135e7@group-C8C62FEF0626, cid=2062, SUCCESS, logIndex=3011, commits[f2ba01fc-a63e-4348-bd18-030b60a135e7:c3011, eab135d4-a257-4705-b491-6c056b8c5df7:c3007, a4f67574-9018-43e7-8a54-351e98dc3d0a:c3007]
2019-08-23 07:09:04,867 | INFO  | DNAudit | user=null | ip=null | op=WRITE_CHUNK {blockData=conID: 2 locID: 102665037075513894 bcsId: 0} | ret=SUCCESS |  
2019-08-23 07:09:04,869 | INFO  | DNAudit | user=null | ip=null | op=WRITE_CHUNK {blockData=conID: 2 locID: 102665037075513894 bcsId: 0} | ret=SUCCESS |  
2019-08-23 07:09:04,869 | INFO  | DNAudit | user=null | ip=null | op=PUT_BLOCK {blockData=[blockId=conID: 2 locID: 102665037075513894 bcsId: 0,size=1048576]} | ret=SUCCESS |  
2019-08-23 07:09:04,869 | INFO  | DNAudit | user=null | ip=null | op=PUT_BLOCK {blockData=[blockId=conID: 2 locID: 102665037075513894 bcsId: 0,size=1048576]} | ret=SUCCESS |  
2019-08-23 07:09:04,870 | INFO  | DNAudit | user=null | ip=null | op=WRITE_CHUNK {blockData=conID: 2 locID: 102665037075513894 bcsId: 0} | ret=SUCCESS |  
2019-08-23 07:09:04,870 | INFO  | DNAudit | user=null | ip=null | op=PUT_BLOCK {blockData=[blockId=conID: 2 locID: 102665037075513894 bcsId: 0,size=2097152]} | ret=SUCCESS |  
2019-08-23 07:09:04,870 [grpc-default-executor-3] INFO  client.GrpcClientProtocolClient (GrpcClientProtocolClient.java:onNext(255)) - client-D91E5D1E15CE->f2ba01fc-a63e-4348-bd18-030b60a135e7: receive RaftClientReply:client-D91E5D1E15CE->f2ba01fc-a63e-4348-bd18-030b60a135e7@group-C8C62FEF0626, cid=2063, SUCCESS, logIndex=0, commits[f2ba01fc-a63e-4348-bd18-030b60a135e7:c3013, eab135d4-a257-4705-b491-6c056b8c5df7:c3009, a4f67574-9018-43e7-8a54-351e98dc3d0a:c3009]
2019-08-23 07:09:04,877 | INFO  | DNAudit | user=null | ip=null | op=WRITE_CHUNK {blockData=conID: 2 locID: 102665037075513894 bcsId: 3011} | ret=SUCCESS |  
2019-08-23 07:09:04,879 | INFO  | DNAudit | user=null | ip=null | op=WRITE_CHUNK {blockData=conID: 2 locID: 102665037075513894 bcsId: 3011} | ret=SUCCESS |  
2019-08-23 07:09:04,879 | INFO  | DNAudit | user=null | ip=null | op=WRITE_CHUNK {blockData=conID: 2 locID: 102665037075513894 bcsId: 3011} | ret=SUCCESS |  
2019-08-23 07:09:04,880 | INFO  | DNAudit | user=null | ip=null | op=WRITE_CHUNK {blockData=conID: 2 locID: 102665037075513894 bcsId: 0} | ret=SUCCESS |  
2019-08-23 07:09:04,880 | INFO  | DNAudit | user=null | ip=null | op=PUT_BLOCK {blockData=[blockId=conID: 2 locID: 102665037075513894 bcsId: 0,size=2097152]} | ret=SUCCESS |  
2019-08-23 07:09:04,881 | INFO  | DNAudit | user=null | ip=null | op=WRITE_CHUNK {blockData=conID: 2 locID: 102665037075513894 bcsId: 3011} | ret=SUCCESS |  
2019-08-23 07:09:04,882 | INFO  | DNAudit | user=null | ip=null | op=PUT_BLOCK {blockData=[blockId=conID: 2 locID: 102665037075513894 bcsId: 0,size=3145728]} | ret=SUCCESS |  
2019-08-23 07:09:04,882 [grpc-default-executor-2] INFO  client.GrpcClientProtocolClient (GrpcClientProtocolClient.java:onNext(255)) - client-D91E5D1E15CE->f2ba01fc-a63e-4348-bd18-030b60a135e7: receive RaftClientReply:client-D91E5D1E15CE->f2ba01fc-a63e-4348-bd18-030b60a135e7@group-C8C62FEF0626, cid=2064, SUCCESS, logIndex=3016, commits[f2ba01fc-a63e-4348-bd18-030b60a135e7:c3017, eab135d4-a257-4705-b491-6c056b8c5df7:c3015, a4f67574-9018-43e7-8a54-351e98dc3d0a:c3015]
2019-08-23 07:09:04,882 [grpc-default-executor-2] INFO  client.GrpcClientProtocolClient (GrpcClientProtocolClient.java:onNext(255)) - client-D91E5D1E15CE->f2ba01fc-a63e-4348-bd18-030b60a135e7: receive RaftClientReply:client-D91E5D1E15CE->f2ba01fc-a63e-4348-bd18-030b60a135e7@group-C8C62FEF0626, cid=2065, SUCCESS, logIndex=3017, commits[f2ba01fc-a63e-4348-bd18-030b60a135e7:c3017, eab135d4-a257-4705-b491-6c056b8c5df7:c3015, a4f67574-9018-43e7-8a54-351e98dc3d0a:c3015]
2019-08-23 07:09:04,889 | INFO  | DNAudit | user=null | ip=null | op=WRITE_CHUNK {blockData=conID: 2 locID: 102665037075513894 bcsId: 3017} | ret=SUCCESS |  
2019-08-23 07:09:04,892 | INFO  | DNAudit | user=null | ip=null | op=WRITE_CHUNK {blockData=conID: 2 locID: 102665037075513894 bcsId: 3017} | ret=SUCCESS |  
2019-08-23 07:09:04,892 | INFO  | DNAudit | user=null | ip=null | op=WRITE_CHUNK {blockData=conID: 2 locID: 102665037075513894 bcsId: 3017} | ret=SUCCESS |  
2019-08-23 07:09:04,895 | INFO  | DNAudit | user=null | ip=null | op=WRITE_CHUNK {blockData=conID: 2 locID: 102665037075513894 bcsId: 3011} | ret=SUCCESS |  
2019-08-23 07:09:04,895 | INFO  | DNAudit | user=null | ip=null | op=WRITE_CHUNK {blockData=conID: 2 locID: 102665037075513894 bcsId: 3011} | ret=SUCCESS |  
2019-08-23 07:09:04,896 | INFO  | DNAudit | user=null | ip=null | op=PUT_BLOCK {blockData=[blockId=conID: 2 locID: 102665037075513894 bcsId: 0,size=3145728]} | ret=SUCCESS |  
2019-08-23 07:09:04,896 | INFO  | DNAudit | user=null | ip=null | op=PUT_BLOCK {blockData=[blockId=conID: 2 locID: 102665037075513894 bcsId: 0,size=3145728]} | ret=SUCCESS |  
2019-08-23 07:09:04,914 | INFO  | DNAudit | user=null | ip=null | op=WRITE_CHUNK {blockData=conID: 2 locID: 102665037075513894 bcsId: 3017} | ret=SUCCESS |  
2019-08-23 07:09:04,915 | INFO  | DNAudit | user=null | ip=null | op=PUT_BLOCK {blockData=[blockId=conID: 2 locID: 102665037075513894 bcsId: 0,size=4194304]} | ret=SUCCESS |  
2019-08-23 07:09:04,915 [grpc-default-executor-4] INFO  client.GrpcClientProtocolClient (GrpcClientProtocolClient.java:onNext(255)) - client-D91E5D1E15CE->f2ba01fc-a63e-4348-bd18-030b60a135e7: receive RaftClientReply:client-D91E5D1E15CE->f2ba01fc-a63e-4348-bd18-030b60a135e7@group-C8C62FEF0626, cid=2066, SUCCESS, logIndex=3020, commits[f2ba01fc-a63e-4348-bd18-030b60a135e7:c3021, eab135d4-a257-4705-b491-6c056b8c5df7:c3017, a4f67574-9018-43e7-8a54-351e98dc3d0a:c3017]
2019-08-23 07:09:04,916 [grpc-default-executor-4] INFO  client.GrpcClientProtocolClient (GrpcClientProtocolClient.java:onNext(255)) - client-D91E5D1E15CE->f2ba01fc-a63e-4348-bd18-030b60a135e7: receive RaftClientReply:client-D91E5D1E15CE->f2ba01fc-a63e-4348-bd18-030b60a135e7@group-C8C62FEF0626, cid=2067, SUCCESS, logIndex=3021, commits[f2ba01fc-a63e-4348-bd18-030b60a135e7:c3021, eab135d4-a257-4705-b491-6c056b8c5df7:c3017, a4f67574-9018-43e7-8a54-351e98dc3d0a:c3017]
2019-08-23 07:09:04,922 | INFO  | DNAudit | user=null | ip=null | op=WRITE_CHUNK {blockData=conID: 2 locID: 102665037075513894 bcsId: 3017} | ret=SUCCESS |  
2019-08-23 07:09:04,922 | INFO  | DNAudit | user=null | ip=null | op=WRITE_CHUNK {blockData=conID: 2 locID: 102665037075513894 bcsId: 3017} | ret=SUCCESS |  
2019-08-23 07:09:04,925 | INFO  | DNAudit | user=null | ip=null | op=PUT_BLOCK {blockData=[blockId=conID: 2 locID: 102665037075513894 bcsId: 0,size=4194304]} | ret=SUCCESS |  
2019-08-23 07:09:04,925 | INFO  | DNAudit | user=null | ip=null | op=PUT_BLOCK {blockData=[blockId=conID: 2 locID: 102665037075513894 bcsId: 0,size=4194304]} | ret=SUCCESS |  
2019-08-23 07:09:04,925 [grpc-default-executor-2] INFO  client.GrpcClientProtocolClient (GrpcClientProtocolClient.java:onNext(255)) - client-D91E5D1E15CE->f2ba01fc-a63e-4348-bd18-030b60a135e7: receive RaftClientReply:client-D91E5D1E15CE->f2ba01fc-a63e-4348-bd18-030b60a135e7@group-C8C62FEF0626, cid=2068, SUCCESS, logIndex=0, commits[f2ba01fc-a63e-4348-bd18-030b60a135e7:c3023, eab135d4-a257-4705-b491-6c056b8c5df7:c3021, a4f67574-9018-43e7-8a54-351e98dc3d0a:c3021]
2019-08-23 07:09:04,931 | INFO  | SCMAudit | user=jenkins1000 | ip=192.168.5.178 | op=ALLOCATE_BLOCK {owner=aaf04d22-10dd-4717-8862-c651bdde72cf, size=4194304, type=RATIS, factor=THREE} | ret=SUCCESS |  
2019-08-23 07:09:04,934 | INFO  | OMAudit | user=jenkins1000 | ip=127.0.0.1 | op=ALLOCATE_BLOCK {volume=vol-0-67663, bucket=bucket-0-68950, key=key-0-26970, dataSize=0, replicationType=null, replicationFactor=null, keyLocationInfo=null, clientID=102665036030476690} | ret=SUCCESS |  
2019-08-23 07:09:04,942 | INFO  | DNAudit | user=null | ip=null | op=WRITE_CHUNK {blockData=conID: 3 locID: 102665037082198567 bcsId: 0} | ret=SUCCESS |  
2019-08-23 07:09:04,943 | INFO  | DNAudit | user=null | ip=null | op=WRITE_CHUNK {blockData=conID: 3 locID: 102665037082198567 bcsId: 0} | ret=SUCCESS |  
2019-08-23 07:09:04,944 | INFO  | DNAudit | user=null | ip=null | op=WRITE_CHUNK {blockData=conID: 3 locID: 102665037082198567 bcsId: 0} | ret=SUCCESS |  
2019-08-23 07:09:04,944 | INFO  | DNAudit | user=null | ip=null | op=WRITE_CHUNK {blockData=conID: 3 locID: 102665037082198567 bcsId: 0} | ret=SUCCESS |  
2019-08-23 07:09:04,945 | INFO  | DNAudit | user=null | ip=null | op=WRITE_CHUNK {blockData=conID: 3 locID: 102665037082198567 bcsId: 0} | ret=SUCCESS |  
2019-08-23 07:09:04,945 | INFO  | DNAudit | user=null | ip=null | op=WRITE_CHUNK {blockData=conID: 3 locID: 102665037082198567 bcsId: 0} | ret=SUCCESS |  
2019-08-23 07:09:04,955 | INFO  | DNAudit | user=null | ip=null | op=WRITE_CHUNK {blockData=conID: 3 locID: 102665037082198567 bcsId: 0} | ret=SUCCESS |  
2019-08-23 07:09:04,956 | INFO  | DNAudit | user=null | ip=null | op=PUT_BLOCK {blockData=[blockId=conID: 3 locID: 102665037082198567 bcsId: 0,size=1048576]} | ret=SUCCESS |  
2019-08-23 07:09:04,956 | INFO  | DNAudit | user=null | ip=null | op=WRITE_CHUNK {blockData=conID: 3 locID: 102665037082198567 bcsId: 0} | ret=SUCCESS |  
2019-08-23 07:09:04,956 [grpc-default-executor-3] INFO  client.GrpcClientProtocolClient (GrpcClientProtocolClient.java:onNext(255)) - client-D91E5D1E15CE->f2ba01fc-a63e-4348-bd18-030b60a135e7: receive RaftClientReply:client-D91E5D1E15CE->f2ba01fc-a63e-4348-bd18-030b60a135e7@group-C8C62FEF0626, cid=2069, SUCCESS, logIndex=3024, commits[f2ba01fc-a63e-4348-bd18-030b60a135e7:c3025, eab135d4-a257-4705-b491-6c056b8c5df7:c3023, a4f67574-9018-43e7-8a54-351e98dc3d0a:c3023]
2019-08-23 07:09:04,956 | INFO  | DNAudit | user=null | ip=null | op=PUT_BLOCK {blockData=[blockId=conID: 3 locID: 102665037082198567 bcsId: 0,size=2097152]} | ret=SUCCESS |  
2019-08-23 07:09:04,957 [grpc-default-executor-3] INFO  client.GrpcClientProtocolClient (GrpcClientProtocolClient.java:onNext(255)) - client-D91E5D1E15CE->f2ba01fc-a63e-4348-bd18-030b60a135e7: receive RaftClientReply:client-D91E5D1E15CE->f2ba01fc-a63e-4348-bd18-030b60a135e7@group-C8C62FEF0626, cid=2070, SUCCESS, logIndex=3025, commits[f2ba01fc-a63e-4348-bd18-030b60a135e7:c3026, eab135d4-a257-4705-b491-6c056b8c5df7:c3023, a4f67574-9018-43e7-8a54-351e98dc3d0a:c3023]
2019-08-23 07:09:04,957 [grpc-default-executor-3] INFO  client.GrpcClientProtocolClient (GrpcClientProtocolClient.java:onNext(255)) - client-D91E5D1E15CE->f2ba01fc-a63e-4348-bd18-030b60a135e7: receive RaftClientReply:client-D91E5D1E15CE->f2ba01fc-a63e-4348-bd18-030b60a135e7@group-C8C62FEF0626, cid=2071, SUCCESS, logIndex=3026, commits[f2ba01fc-a63e-4348-bd18-030b60a135e7:c3027, eab135d4-a257-4705-b491-6c056b8c5df7:c3023, a4f67574-9018-43e7-8a54-351e98dc3d0a:c3023]
2019-08-23 07:09:04,957 [grpc-default-executor-3] INFO  client.GrpcClientProtocolClient (GrpcClientProtocolClient.java:onNext(255)) - client-D91E5D1E15CE->f2ba01fc-a63e-4348-bd18-030b60a135e7: receive RaftClientReply:client-D91E5D1E15CE->f2ba01fc-a63e-4348-bd18-030b60a135e7@group-C8C62FEF0626, cid=2072, SUCCESS, logIndex=3027, commits[f2ba01fc-a63e-4348-bd18-030b60a135e7:c3027, eab135d4-a257-4705-b491-6c056b8c5df7:c3023, a4f67574-9018-43e7-8a54-351e98dc3d0a:c3023]
2019-08-23 07:09:04,967 | INFO  | DNAudit | user=null | ip=null | op=WRITE_CHUNK {blockData=conID: 3 locID: 102665037082198567 bcsId: 0} | ret=SUCCESS |  
2019-08-23 07:09:04,967 | INFO  | DNAudit | user=null | ip=null | op=WRITE_CHUNK {blockData=conID: 3 locID: 102665037082198567 bcsId: 0} | ret=SUCCESS |  
2019-08-23 07:09:04,967 | INFO  | DNAudit | user=null | ip=null | op=PUT_BLOCK {blockData=[blockId=conID: 3 locID: 102665037082198567 bcsId: 0,size=1048576]} | ret=SUCCESS |  
2019-08-23 07:09:04,969 | INFO  | DNAudit | user=null | ip=null | op=PUT_BLOCK {blockData=[blockId=conID: 3 locID: 102665037082198567 bcsId: 0,size=1048576]} | ret=SUCCESS |  
2019-08-23 07:09:04,969 | INFO  | DNAudit | user=null | ip=null | op=WRITE_CHUNK {blockData=conID: 3 locID: 102665037082198567 bcsId: 0} | ret=SUCCESS |  
2019-08-23 07:09:04,969 | INFO  | DNAudit | user=null | ip=null | op=WRITE_CHUNK {blockData=conID: 3 locID: 102665037082198567 bcsId: 0} | ret=SUCCESS |  
2019-08-23 07:09:04,970 | INFO  | DNAudit | user=null | ip=null | op=PUT_BLOCK {blockData=[blockId=conID: 3 locID: 102665037082198567 bcsId: 0,size=2097152]} | ret=SUCCESS |  
2019-08-23 07:09:04,970 | INFO  | DNAudit | user=null | ip=null | op=PUT_BLOCK {blockData=[blockId=conID: 3 locID: 102665037082198567 bcsId: 0,size=2097152]} | ret=SUCCESS |  
2019-08-23 07:09:04,970 [grpc-default-executor-2] INFO  client.GrpcClientProtocolClient (GrpcClientProtocolClient.java:onNext(255)) - client-D91E5D1E15CE->f2ba01fc-a63e-4348-bd18-030b60a135e7: receive RaftClientReply:client-D91E5D1E15CE->f2ba01fc-a63e-4348-bd18-030b60a135e7@group-C8C62FEF0626, cid=2073, SUCCESS, logIndex=0, commits[f2ba01fc-a63e-4348-bd18-030b60a135e7:c3029, eab135d4-a257-4705-b491-6c056b8c5df7:c3025, a4f67574-9018-43e7-8a54-351e98dc3d0a:c3025]
2019-08-23 07:09:04,976 | INFO  | DNAudit | user=null | ip=null | op=WRITE_CHUNK {blockData=conID: 3 locID: 102665037082198567 bcsId: 3027} | ret=SUCCESS |  
2019-08-23 07:09:04,978 | INFO  | DNAudit | user=null | ip=null | op=WRITE_CHUNK {blockData=conID: 3 locID: 102665037082198567 bcsId: 3027} | ret=SUCCESS |  
2019-08-23 07:09:04,979 | INFO  | DNAudit | user=null | ip=null | op=WRITE_CHUNK {blockData=conID: 3 locID: 102665037082198567 bcsId: 3027} | ret=SUCCESS |  
2019-08-23 07:09:04,989 | INFO  | DNAudit | user=null | ip=null | op=WRITE_CHUNK {blockData=conID: 3 locID: 102665037082198567 bcsId: 3027} | ret=SUCCESS |  
2019-08-23 07:09:04,989 | INFO  | DNAudit | user=null | ip=null | op=PUT_BLOCK {blockData=[blockId=conID: 3 locID: 102665037082198567 bcsId: 0,size=3145728]} | ret=SUCCESS |  
2019-08-23 07:09:04,989 [grpc-default-executor-3] INFO  client.GrpcClientProtocolClient (GrpcClientProtocolClient.java:onNext(255)) - client-D91E5D1E15CE->f2ba01fc-a63e-4348-bd18-030b60a135e7: receive RaftClientReply:client-D91E5D1E15CE->f2ba01fc-a63e-4348-bd18-030b60a135e7@group-C8C62FEF0626, cid=2074, SUCCESS, logIndex=3032, commits[f2ba01fc-a63e-4348-bd18-030b60a135e7:c3033, eab135d4-a257-4705-b491-6c056b8c5df7:c3031, a4f67574-9018-43e7-8a54-351e98dc3d0a:c3031]
2019-08-23 07:09:04,990 [grpc-default-executor-3] INFO  client.GrpcClientProtocolClient (GrpcClientProtocolClient.java:onNext(255)) - client-D91E5D1E15CE->f2ba01fc-a63e-4348-bd18-030b60a135e7: receive RaftClientReply:client-D91E5D1E15CE->f2ba01fc-a63e-4348-bd18-030b60a135e7@group-C8C62FEF0626, cid=2075, SUCCESS, logIndex=3033, commits[f2ba01fc-a63e-4348-bd18-030b60a135e7:c3033, eab135d4-a257-4705-b491-6c056b8c5df7:c3031, a4f67574-9018-43e7-8a54-351e98dc3d0a:c3031]
2019-08-23 07:09:04,996 | INFO  | DNAudit | user=null | ip=null | op=WRITE_CHUNK {blockData=conID: 3 locID: 102665037082198567 bcsId: 3033} | ret=SUCCESS |  
2019-08-23 07:09:04,998 | INFO  | DNAudit | user=null | ip=null | op=WRITE_CHUNK {blockData=conID: 3 locID: 102665037082198567 bcsId: 3033} | ret=SUCCESS |  
2019-08-23 07:09:04,998 | INFO  | DNAudit | user=null | ip=null | op=WRITE_CHUNK {blockData=conID: 3 locID: 102665037082198567 bcsId: 3033} | ret=SUCCESS |  
2019-08-23 07:09:05,000 | INFO  | DNAudit | user=null | ip=null | op=WRITE_CHUNK {blockData=conID: 3 locID: 102665037082198567 bcsId: 3027} | ret=SUCCESS |  
2019-08-23 07:09:05,000 | INFO  | DNAudit | user=null | ip=null | op=WRITE_CHUNK {blockData=conID: 3 locID: 102665037082198567 bcsId: 3027} | ret=SUCCESS |  
2019-08-23 07:09:05,005 | INFO  | DNAudit | user=null | ip=null | op=PUT_BLOCK {blockData=[blockId=conID: 3 locID: 102665037082198567 bcsId: 0,size=3145728]} | ret=SUCCESS |  
2019-08-23 07:09:05,005 | INFO  | DNAudit | user=null | ip=null | op=WRITE_CHUNK {blockData=conID: 3 locID: 102665037082198567 bcsId: 3033} | ret=SUCCESS |  
2019-08-23 07:09:05,005 | INFO  | DNAudit | user=null | ip=null | op=PUT_BLOCK {blockData=[blockId=conID: 3 locID: 102665037082198567 bcsId: 0,size=3145728]} | ret=SUCCESS |  
2019-08-23 07:09:05,005 | INFO  | DNAudit | user=null | ip=null | op=PUT_BLOCK {blockData=[blockId=conID: 3 locID: 102665037082198567 bcsId: 0,size=4194304]} | ret=SUCCESS |  
2019-08-23 07:09:05,006 [grpc-default-executor-3] INFO  client.GrpcClientProtocolClient (GrpcClientProtocolClient.java:onNext(255)) - client-D91E5D1E15CE->f2ba01fc-a63e-4348-bd18-030b60a135e7: receive RaftClientReply:client-D91E5D1E15CE->f2ba01fc-a63e-4348-bd18-030b60a135e7@group-C8C62FEF0626, cid=2076, SUCCESS, logIndex=3036, commits[f2ba01fc-a63e-4348-bd18-030b60a135e7:c3037, eab135d4-a257-4705-b491-6c056b8c5df7:c3033, a4f67574-9018-43e7-8a54-351e98dc3d0a:c3033]
2019-08-23 07:09:05,006 [grpc-default-executor-3] INFO  client.GrpcClientProtocolClient (GrpcClientProtocolClient.java:onNext(255)) - client-D91E5D1E15CE->f2ba01fc-a63e-4348-bd18-030b60a135e7: receive RaftClientReply:client-D91E5D1E15CE->f2ba01fc-a63e-4348-bd18-030b60a135e7@group-C8C62FEF0626, cid=2077, SUCCESS, logIndex=3037, commits[f2ba01fc-a63e-4348-bd18-030b60a135e7:c3037, eab135d4-a257-4705-b491-6c056b8c5df7:c3033, a4f67574-9018-43e7-8a54-351e98dc3d0a:c3033]
 0.00% |█                                                                                                    |  0/1 Time: 0:00:162019-08-23 07:09:05,013 | INFO  | SCMAudit | user=jenkins1000 | ip=192.168.5.178 | op=SEND_HEARTBEAT {datanodeUUID=5c311bc2-cc7c-45de-998f-f79499d85d4e, command=[]} | ret=SUCCESS |  
2019-08-23 07:09:05,017 | INFO  | DNAudit | user=null | ip=null | op=WRITE_CHUNK {blockData=conID: 3 locID: 102665037082198567 bcsId: 3033} | ret=SUCCESS |  
2019-08-23 07:09:05,017 | INFO  | DNAudit | user=null | ip=null | op=WRITE_CHUNK {blockData=conID: 3 locID: 102665037082198567 bcsId: 3033} | ret=SUCCESS |  
2019-08-23 07:09:05,017 | INFO  | DNAudit | user=null | ip=null | op=PUT_BLOCK {blockData=[blockId=conID: 3 locID: 102665037082198567 bcsId: 0,size=4194304]} | ret=SUCCESS |  
2019-08-23 07:09:05,018 | INFO  | DNAudit | user=null | ip=null | op=PUT_BLOCK {blockData=[blockId=conID: 3 locID: 102665037082198567 bcsId: 0,size=4194304]} | ret=SUCCESS |  
2019-08-23 07:09:05,018 [grpc-default-executor-2] INFO  client.GrpcClientProtocolClient (GrpcClientProtocolClient.java:onNext(255)) - client-D91E5D1E15CE->f2ba01fc-a63e-4348-bd18-030b60a135e7: receive RaftClientReply:client-D91E5D1E15CE->f2ba01fc-a63e-4348-bd18-030b60a135e7@group-C8C62FEF0626, cid=2078, SUCCESS, logIndex=0, commits[f2ba01fc-a63e-4348-bd18-030b60a135e7:c3039, eab135d4-a257-4705-b491-6c056b8c5df7:c3037, a4f67574-9018-43e7-8a54-351e98dc3d0a:c3037]
2019-08-23 07:09:05,022 | INFO  | SCMAudit | user=jenkins1000 | ip=192.168.5.178 | op=ALLOCATE_BLOCK {owner=aaf04d22-10dd-4717-8862-c651bdde72cf, size=4194304, type=RATIS, factor=THREE} | ret=SUCCESS |  
2019-08-23 07:09:05,025 | INFO  | OMAudit | user=jenkins1000 | ip=127.0.0.1 | op=ALLOCATE_BLOCK {volume=vol-0-67663, bucket=bucket-0-68950, key=key-0-26970, dataSize=0, replicationType=null, replicationFactor=null, keyLocationInfo=null, clientID=102665036030476690} | ret=SUCCESS |  
2019-08-23 07:09:05,031 | INFO  | DNAudit | user=null | ip=null | op=WRITE_CHUNK {blockData=conID: 1 locID: 102665037088162344 bcsId: 0} | ret=SUCCESS |  
2019-08-23 07:09:05,033 | INFO  | DNAudit | user=null | ip=null | op=WRITE_CHUNK {blockData=conID: 1 locID: 102665037088162344 bcsId: 0} | ret=SUCCESS |  
2019-08-23 07:09:05,034 | INFO  | DNAudit | user=null | ip=null | op=WRITE_CHUNK {blockData=conID: 1 locID: 102665037088162344 bcsId: 0} | ret=SUCCESS |  
2019-08-23 07:09:05,035 | INFO  | DNAudit | user=null | ip=null | op=WRITE_CHUNK {blockData=conID: 1 locID: 102665037088162344 bcsId: 0} | ret=SUCCESS |  
2019-08-23 07:09:05,036 | INFO  | DNAudit | user=null | ip=null | op=WRITE_CHUNK {blockData=conID: 1 locID: 102665037088162344 bcsId: 0} | ret=SUCCESS |  
2019-08-23 07:09:05,036 | INFO  | DNAudit | user=null | ip=null | op=WRITE_CHUNK {blockData=conID: 1 locID: 102665037088162344 bcsId: 0} | ret=SUCCESS |  
2019-08-23 07:09:05,043 | INFO  | DNAudit | user=null | ip=null | op=WRITE_CHUNK {blockData=conID: 1 locID: 102665037088162344 bcsId: 0} | ret=SUCCESS |  
2019-08-23 07:09:05,044 | INFO  | DNAudit | user=null | ip=null | op=PUT_BLOCK {blockData=[blockId=conID: 1 locID: 102665037088162344 bcsId: 0,size=1048576]} | ret=SUCCESS |  
2019-08-23 07:09:05,044 | INFO  | DNAudit | user=null | ip=null | op=WRITE_CHUNK {blockData=conID: 1 locID: 102665037088162344 bcsId: 0} | ret=SUCCESS |  
2019-08-23 07:09:05,044 [grpc-default-executor-4] INFO  client.GrpcClientProtocolClient (GrpcClientProtocolClient.java:onNext(255)) - client-D91E5D1E15CE->f2ba01fc-a63e-4348-bd18-030b60a135e7: receive RaftClientReply:client-D91E5D1E15CE->f2ba01fc-a63e-4348-bd18-030b60a135e7@group-C8C62FEF0626, cid=2079, SUCCESS, logIndex=3040, commits[f2ba01fc-a63e-4348-bd18-030b60a135e7:c3041, eab135d4-a257-4705-b491-6c056b8c5df7:c3039, a4f67574-9018-43e7-8a54-351e98dc3d0a:c3039]
2019-08-23 07:09:05,044 | INFO  | DNAudit | user=null | ip=null | op=PUT_BLOCK {blockData=[blockId=conID: 1 locID: 102665037088162344 bcsId: 0,size=2097152]} | ret=SUCCESS |  
2019-08-23 07:09:05,044 [grpc-default-executor-4] INFO  client.GrpcClientProtocolClient (GrpcClientProtocolClient.java:onNext(255)) - client-D91E5D1E15CE->f2ba01fc-a63e-4348-bd18-030b60a135e7: receive RaftClientReply:client-D91E5D1E15CE->f2ba01fc-a63e-4348-bd18-030b60a135e7@group-C8C62FEF0626, cid=2080, SUCCESS, logIndex=3041, commits[f2ba01fc-a63e-4348-bd18-030b60a135e7:c3043, eab135d4-a257-4705-b491-6c056b8c5df7:c3039, a4f67574-9018-43e7-8a54-351e98dc3d0a:c3039]
2019-08-23 07:09:05,045 [grpc-default-executor-4] INFO  client.GrpcClientProtocolClient (GrpcClientProtocolClient.java:onNext(255)) - client-D91E5D1E15CE->f2ba01fc-a63e-4348-bd18-030b60a135e7: receive RaftClientReply:client-D91E5D1E15CE->f2ba01fc-a63e-4348-bd18-030b60a135e7@group-C8C62FEF0626, cid=2081, SUCCESS, logIndex=3042, commits[f2ba01fc-a63e-4348-bd18-030b60a135e7:c3043, eab135d4-a257-4705-b491-6c056b8c5df7:c3039, a4f67574-9018-43e7-8a54-351e98dc3d0a:c3039]
2019-08-23 07:09:05,045 [grpc-default-executor-4] INFO  client.GrpcClientProtocolClient (GrpcClientProtocolClient.java:onNext(255)) - client-D91E5D1E15CE->f2ba01fc-a63e-4348-bd18-030b60a135e7: receive RaftClientReply:client-D91E5D1E15CE->f2ba01fc-a63e-4348-bd18-030b60a135e7@group-C8C62FEF0626, cid=2082, SUCCESS, logIndex=3043, commits[f2ba01fc-a63e-4348-bd18-030b60a135e7:c3043, eab135d4-a257-4705-b491-6c056b8c5df7:c3039, a4f67574-9018-43e7-8a54-351e98dc3d0a:c3039]
2019-08-23 07:09:05,046 | INFO  | DNAudit | user=null | ip=null | op=WRITE_CHUNK {blockData=conID: 1 locID: 102665037088162344 bcsId: 0} | ret=SUCCESS |  
2019-08-23 07:09:05,046 | INFO  | DNAudit | user=null | ip=null | op=WRITE_CHUNK {blockData=conID: 1 locID: 102665037088162344 bcsId: 0} | ret=SUCCESS |  
2019-08-23 07:09:05,046 | INFO  | DNAudit | user=null | ip=null | op=PUT_BLOCK {blockData=[blockId=conID: 1 locID: 102665037088162344 bcsId: 0,size=1048576]} | ret=SUCCESS |  
2019-08-23 07:09:05,057 | INFO  | DNAudit | user=null | ip=null | op=PUT_BLOCK {blockData=[blockId=conID: 1 locID: 102665037088162344 bcsId: 0,size=1048576]} | ret=SUCCESS |  
2019-08-23 07:09:05,058 | INFO  | DNAudit | user=null | ip=null | op=WRITE_CHUNK {blockData=conID: 1 locID: 102665037088162344 bcsId: 0} | ret=SUCCESS |  
2019-08-23 07:09:05,058 | INFO  | DNAudit | user=null | ip=null | op=WRITE_CHUNK {blockData=conID: 1 locID: 102665037088162344 bcsId: 0} | ret=SUCCESS |  
2019-08-23 07:09:05,058 | INFO  | DNAudit | user=null | ip=null | op=PUT_BLOCK {blockData=[blockId=conID: 1 locID: 102665037088162344 bcsId: 0,size=2097152]} | ret=SUCCESS |  
2019-08-23 07:09:05,058 | INFO  | DNAudit | user=null | ip=null | op=PUT_BLOCK {blockData=[blockId=conID: 1 locID: 102665037088162344 bcsId: 0,size=2097152]} | ret=SUCCESS |  
2019-08-23 07:09:05,058 [grpc-default-executor-4] INFO  client.GrpcClientProtocolClient (GrpcClientProtocolClient.java:onNext(255)) - client-D91E5D1E15CE->f2ba01fc-a63e-4348-bd18-030b60a135e7: receive RaftClientReply:client-D91E5D1E15CE->f2ba01fc-a63e-4348-bd18-030b60a135e7@group-C8C62FEF0626, cid=2083, SUCCESS, logIndex=0, commits[f2ba01fc-a63e-4348-bd18-030b60a135e7:c3045, eab135d4-a257-4705-b491-6c056b8c5df7:c3041, a4f67574-9018-43e7-8a54-351e98dc3d0a:c3041]
2019-08-23 07:09:05,063 | INFO  | DNAudit | user=null | ip=null | op=WRITE_CHUNK {blockData=conID: 1 locID: 102665037088162344 bcsId: 3043} | ret=SUCCESS |  
2019-08-23 07:09:05,066 | INFO  | DNAudit | user=null | ip=null | op=WRITE_CHUNK {blockData=conID: 1 locID: 102665037088162344 bcsId: 3043} | ret=SUCCESS |  
2019-08-23 07:09:05,066 | INFO  | DNAudit | user=null | ip=null | op=WRITE_CHUNK {blockData=conID: 1 locID: 102665037088162344 bcsId: 3043} | ret=SUCCESS |  
2019-08-23 07:09:05,074 | INFO  | DNAudit | user=null | ip=null | op=WRITE_CHUNK {blockData=conID: 1 locID: 102665037088162344 bcsId: 3043} | ret=SUCCESS |  
2019-08-23 07:09:05,074 | INFO  | DNAudit | user=null | ip=null | op=PUT_BLOCK {blockData=[blockId=conID: 1 locID: 102665037088162344 bcsId: 0,size=3145728]} | ret=SUCCESS |  
2019-08-23 07:09:05,074 [grpc-default-executor-2] INFO  client.GrpcClientProtocolClient (GrpcClientProtocolClient.java:onNext(255)) - client-D91E5D1E15CE->f2ba01fc-a63e-4348-bd18-030b60a135e7: receive RaftClientReply:client-D91E5D1E15CE->f2ba01fc-a63e-4348-bd18-030b60a135e7@group-C8C62FEF0626, cid=2084, SUCCESS, logIndex=3048, commits[f2ba01fc-a63e-4348-bd18-030b60a135e7:c3049, eab135d4-a257-4705-b491-6c056b8c5df7:c3047, a4f67574-9018-43e7-8a54-351e98dc3d0a:c3047]
2019-08-23 07:09:05,075 [grpc-default-executor-2] INFO  client.GrpcClientProtocolClient (GrpcClientProtocolClient.java:onNext(255)) - client-D91E5D1E15CE->f2ba01fc-a63e-4348-bd18-030b60a135e7: receive RaftClientReply:client-D91E5D1E15CE->f2ba01fc-a63e-4348-bd18-030b60a135e7@group-C8C62FEF0626, cid=2085, SUCCESS, logIndex=3049, commits[f2ba01fc-a63e-4348-bd18-030b60a135e7:c3049, eab135d4-a257-4705-b491-6c056b8c5df7:c3047, a4f67574-9018-43e7-8a54-351e98dc3d0a:c3047]
2019-08-23 07:09:05,080 | INFO  | DNAudit | user=null | ip=null | op=WRITE_CHUNK {blockData=conID: 1 locID: 102665037088162344 bcsId: 3049} | ret=SUCCESS |  
2019-08-23 07:09:05,082 | INFO  | DNAudit | user=null | ip=null | op=WRITE_CHUNK {blockData=conID: 1 locID: 102665037088162344 bcsId: 3049} | ret=SUCCESS |  
2019-08-23 07:09:05,082 | INFO  | DNAudit | user=null | ip=null | op=WRITE_CHUNK {blockData=conID: 1 locID: 102665037088162344 bcsId: 3049} | ret=SUCCESS |  
2019-08-23 07:09:05,086 | INFO  | DNAudit | user=null | ip=null | op=WRITE_CHUNK {blockData=conID: 1 locID: 102665037088162344 bcsId: 3043} | ret=SUCCESS |  
2019-08-23 07:09:05,086 | INFO  | DNAudit | user=null | ip=null | op=WRITE_CHUNK {blockData=conID: 1 locID: 102665037088162344 bcsId: 3043} | ret=SUCCESS |  
2019-08-23 07:09:05,089 | INFO  | DNAudit | user=null | ip=null | op=PUT_BLOCK {blockData=[blockId=conID: 1 locID: 102665037088162344 bcsId: 0,size=3145728]} | ret=SUCCESS |  
2019-08-23 07:09:05,089 | INFO  | DNAudit | user=null | ip=null | op=PUT_BLOCK {blockData=[blockId=conID: 1 locID: 102665037088162344 bcsId: 0,size=3145728]} | ret=SUCCESS |  
2019-08-23 07:09:05,090 | INFO  | DNAudit | user=null | ip=null | op=WRITE_CHUNK {blockData=conID: 1 locID: 102665037088162344 bcsId: 3049} | ret=SUCCESS |  
2019-08-23 07:09:05,090 | INFO  | DNAudit | user=null | ip=null | op=PUT_BLOCK {blockData=[blockId=conID: 1 locID: 102665037088162344 bcsId: 0,size=4194304]} | ret=SUCCESS |  
2019-08-23 07:09:05,091 [grpc-default-executor-2] INFO  client.GrpcClientProtocolClient (GrpcClientProtocolClient.java:onNext(255)) - client-D91E5D1E15CE->f2ba01fc-a63e-4348-bd18-030b60a135e7: receive RaftClientReply:client-D91E5D1E15CE->f2ba01fc-a63e-4348-bd18-030b60a135e7@group-C8C62FEF0626, cid=2086, SUCCESS, logIndex=3052, commits[f2ba01fc-a63e-4348-bd18-030b60a135e7:c3053, eab135d4-a257-4705-b491-6c056b8c5df7:c3049, a4f67574-9018-43e7-8a54-351e98dc3d0a:c3049]
2019-08-23 07:09:05,092 [grpc-default-executor-2] INFO  client.GrpcClientProtocolClient (GrpcClientProtocolClient.java:onNext(255)) - client-D91E5D1E15CE->f2ba01fc-a63e-4348-bd18-030b60a135e7: receive RaftClientReply:client-D91E5D1E15CE->f2ba01fc-a63e-4348-bd18-030b60a135e7@group-C8C62FEF0626, cid=2087, SUCCESS, logIndex=3053, commits[f2ba01fc-a63e-4348-bd18-030b60a135e7:c3053, eab135d4-a257-4705-b491-6c056b8c5df7:c3049, a4f67574-9018-43e7-8a54-351e98dc3d0a:c3049]
2019-08-23 07:09:05,105 | INFO  | DNAudit | user=null | ip=null | op=WRITE_CHUNK {blockData=conID: 1 locID: 102665037088162344 bcsId: 3049} | ret=SUCCESS |  
2019-08-23 07:09:05,105 | INFO  | DNAudit | user=null | ip=null | op=WRITE_CHUNK {blockData=conID: 1 locID: 102665037088162344 bcsId: 3049} | ret=SUCCESS |  
2019-08-23 07:09:05,108 | INFO  | DNAudit | user=null | ip=null | op=PUT_BLOCK {blockData=[blockId=conID: 1 locID: 102665037088162344 bcsId: 0,size=4194304]} | ret=SUCCESS |  
2019-08-23 07:09:05,108 | INFO  | DNAudit | user=null | ip=null | op=PUT_BLOCK {blockData=[blockId=conID: 1 locID: 102665037088162344 bcsId: 0,size=4194304]} | ret=SUCCESS |  
2019-08-23 07:09:05,108 [grpc-default-executor-3] INFO  client.GrpcClientProtocolClient (GrpcClientProtocolClient.java:onNext(255)) - client-D91E5D1E15CE->f2ba01fc-a63e-4348-bd18-030b60a135e7: receive RaftClientReply:client-D91E5D1E15CE->f2ba01fc-a63e-4348-bd18-030b60a135e7@group-C8C62FEF0626, cid=2088, SUCCESS, logIndex=0, commits[f2ba01fc-a63e-4348-bd18-030b60a135e7:c3055, eab135d4-a257-4705-b491-6c056b8c5df7:c3053, a4f67574-9018-43e7-8a54-351e98dc3d0a:c3053]
2019-08-23 07:09:05,112 | INFO  | SCMAudit | user=jenkins1000 | ip=192.168.5.178 | op=ALLOCATE_BLOCK {owner=aaf04d22-10dd-4717-8862-c651bdde72cf, size=4194304, type=RATIS, factor=THREE} | ret=SUCCESS |  
2019-08-23 07:09:05,114 | INFO  | OMAudit | user=jenkins1000 | ip=127.0.0.1 | op=ALLOCATE_BLOCK {volume=vol-0-67663, bucket=bucket-0-68950, key=key-0-26970, dataSize=0, replicationType=null, replicationFactor=null, keyLocationInfo=null, clientID=102665036030476690} | ret=SUCCESS |  
2019-08-23 07:09:05,120 | INFO  | DNAudit | user=null | ip=null | op=WRITE_CHUNK {blockData=conID: 2 locID: 102665037094060585 bcsId: 0} | ret=SUCCESS |  
2019-08-23 07:09:05,122 | INFO  | DNAudit | user=null | ip=null | op=WRITE_CHUNK {blockData=conID: 2 locID: 102665037094060585 bcsId: 0} | ret=SUCCESS |  
2019-08-23 07:09:05,122 | INFO  | DNAudit | user=null | ip=null | op=WRITE_CHUNK {blockData=conID: 2 locID: 102665037094060585 bcsId: 0} | ret=SUCCESS |  
2019-08-23 07:09:05,122 | INFO  | DNAudit | user=null | ip=null | op=WRITE_CHUNK {blockData=conID: 2 locID: 102665037094060585 bcsId: 0} | ret=SUCCESS |  
2019-08-23 07:09:05,124 | INFO  | DNAudit | user=null | ip=null | op=WRITE_CHUNK {blockData=conID: 2 locID: 102665037094060585 bcsId: 0} | ret=SUCCESS |  
2019-08-23 07:09:05,124 | INFO  | DNAudit | user=null | ip=null | op=WRITE_CHUNK {blockData=conID: 2 locID: 102665037094060585 bcsId: 0} | ret=SUCCESS |  
2019-08-23 07:09:05,135 | INFO  | DNAudit | user=null | ip=null | op=WRITE_CHUNK {blockData=conID: 2 locID: 102665037094060585 bcsId: 0} | ret=SUCCESS |  
2019-08-23 07:09:05,135 | INFO  | DNAudit | user=null | ip=null | op=PUT_BLOCK {blockData=[blockId=conID: 2 locID: 102665037094060585 bcsId: 0,size=1048576]} | ret=SUCCESS |  
2019-08-23 07:09:05,135 [grpc-default-executor-2] INFO  client.GrpcClientProtocolClient (GrpcClientProtocolClient.java:onNext(255)) - client-D91E5D1E15CE->f2ba01fc-a63e-4348-bd18-030b60a135e7: receive RaftClientReply:client-D91E5D1E15CE->f2ba01fc-a63e-4348-bd18-030b60a135e7@group-C8C62FEF0626, cid=2089, SUCCESS, logIndex=3056, commits[f2ba01fc-a63e-4348-bd18-030b60a135e7:c3058, eab135d4-a257-4705-b491-6c056b8c5df7:c3055, a4f67574-9018-43e7-8a54-351e98dc3d0a:c3055]
2019-08-23 07:09:05,135 | INFO  | DNAudit | user=null | ip=null | op=WRITE_CHUNK {blockData=conID: 2 locID: 102665037094060585 bcsId: 0} | ret=SUCCESS |  
2019-08-23 07:09:05,135 [grpc-default-executor-2] INFO  client.GrpcClientProtocolClient (GrpcClientProtocolClient.java:onNext(255)) - client-D91E5D1E15CE->f2ba01fc-a63e-4348-bd18-030b60a135e7: receive RaftClientReply:client-D91E5D1E15CE->f2ba01fc-a63e-4348-bd18-030b60a135e7@group-C8C62FEF0626, cid=2090, SUCCESS, logIndex=3057, commits[f2ba01fc-a63e-4348-bd18-030b60a135e7:c3059, eab135d4-a257-4705-b491-6c056b8c5df7:c3055, a4f67574-9018-43e7-8a54-351e98dc3d0a:c3055]
2019-08-23 07:09:05,136 | INFO  | DNAudit | user=null | ip=null | op=PUT_BLOCK {blockData=[blockId=conID: 2 locID: 102665037094060585 bcsId: 0,size=2097152]} | ret=SUCCESS |  
2019-08-23 07:09:05,136 [grpc-default-executor-2] INFO  client.GrpcClientProtocolClient (GrpcClientProtocolClient.java:onNext(255)) - client-D91E5D1E15CE->f2ba01fc-a63e-4348-bd18-030b60a135e7: receive RaftClientReply:client-D91E5D1E15CE->f2ba01fc-a63e-4348-bd18-030b60a135e7@group-C8C62FEF0626, cid=2091, SUCCESS, logIndex=3058, commits[f2ba01fc-a63e-4348-bd18-030b60a135e7:c3059, eab135d4-a257-4705-b491-6c056b8c5df7:c3055, a4f67574-9018-43e7-8a54-351e98dc3d0a:c3055]
2019-08-23 07:09:05,136 [grpc-default-executor-2] INFO  client.GrpcClientProtocolClient (GrpcClientProtocolClient.java:onNext(255)) - client-D91E5D1E15CE->f2ba01fc-a63e-4348-bd18-030b60a135e7: receive RaftClientReply:client-D91E5D1E15CE->f2ba01fc-a63e-4348-bd18-030b60a135e7@group-C8C62FEF0626, cid=2092, SUCCESS, logIndex=3059, commits[f2ba01fc-a63e-4348-bd18-030b60a135e7:c3059, eab135d4-a257-4705-b491-6c056b8c5df7:c3055, a4f67574-9018-43e7-8a54-351e98dc3d0a:c3055]
2019-08-23 07:09:05,146 | INFO  | DNAudit | user=null | ip=null | op=WRITE_CHUNK {blockData=conID: 2 locID: 102665037094060585 bcsId: 0} | ret=SUCCESS |  
2019-08-23 07:09:05,146 | INFO  | DNAudit | user=null | ip=null | op=WRITE_CHUNK {blockData=conID: 2 locID: 102665037094060585 bcsId: 0} | ret=SUCCESS |  
2019-08-23 07:09:05,147 | INFO  | DNAudit | user=null | ip=null | op=PUT_BLOCK {blockData=[blockId=conID: 2 locID: 102665037094060585 bcsId: 0,size=1048576]} | ret=SUCCESS |  
2019-08-23 07:09:05,147 | INFO  | SCMAudit | user=jenkins1000 | ip=192.168.5.178 | op=SEND_HEARTBEAT {datanodeUUID=b7d3ecaa-ab76-49a0-b691-40b7e1ed625a, command=[]} | ret=SUCCESS |  
2019-08-23 07:09:05,149 | INFO  | DNAudit | user=null | ip=null | op=WRITE_CHUNK {blockData=conID: 2 locID: 102665037094060585 bcsId: 0} | ret=SUCCESS |  
2019-08-23 07:09:05,149 | INFO  | DNAudit | user=null | ip=null | op=PUT_BLOCK {blockData=[blockId=conID: 2 locID: 102665037094060585 bcsId: 0,size=1048576]} | ret=SUCCESS |  
2019-08-23 07:09:05,149 | INFO  | DNAudit | user=null | ip=null | op=PUT_BLOCK {blockData=[blockId=conID: 2 locID: 102665037094060585 bcsId: 0,size=2097152]} | ret=SUCCESS |  
2019-08-23 07:09:05,150 | INFO  | DNAudit | user=null | ip=null | op=WRITE_CHUNK {blockData=conID: 2 locID: 102665037094060585 bcsId: 0} | ret=SUCCESS |  
2019-08-23 07:09:05,150 | INFO  | DNAudit | user=null | ip=null | op=PUT_BLOCK {blockData=[blockId=conID: 2 locID: 102665037094060585 bcsId: 0,size=2097152]} | ret=SUCCESS |  
2019-08-23 07:09:05,150 [grpc-default-executor-0] INFO  client.GrpcClientProtocolClient (GrpcClientProtocolClient.java:onNext(255)) - client-D91E5D1E15CE->f2ba01fc-a63e-4348-bd18-030b60a135e7: receive RaftClientReply:client-D91E5D1E15CE->f2ba01fc-a63e-4348-bd18-030b60a135e7@group-C8C62FEF0626, cid=2093, SUCCESS, logIndex=0, commits[f2ba01fc-a63e-4348-bd18-030b60a135e7:c3062, eab135d4-a257-4705-b491-6c056b8c5df7:c3057, a4f67574-9018-43e7-8a54-351e98dc3d0a:c3058]
2019-08-23 07:09:05,155 | INFO  | DNAudit | user=null | ip=null | op=WRITE_CHUNK {blockData=conID: 2 locID: 102665037094060585 bcsId: 3059} | ret=SUCCESS |  
2019-08-23 07:09:05,158 | INFO  | DNAudit | user=null | ip=null | op=WRITE_CHUNK {blockData=conID: 2 locID: 102665037094060585 bcsId: 3059} | ret=SUCCESS |  
2019-08-23 07:09:05,158 | INFO  | DNAudit | user=null | ip=null | op=WRITE_CHUNK {blockData=conID: 2 locID: 102665037094060585 bcsId: 3059} | ret=SUCCESS |  
2019-08-23 07:09:05,169 | INFO  | DNAudit | user=null | ip=null | op=WRITE_CHUNK {blockData=conID: 2 locID: 102665037094060585 bcsId: 3059} | ret=SUCCESS |  
2019-08-23 07:09:05,170 | INFO  | DNAudit | user=null | ip=null | op=PUT_BLOCK {blockData=[blockId=conID: 2 locID: 102665037094060585 bcsId: 0,size=3145728]} | ret=SUCCESS |  
2019-08-23 07:09:05,170 [grpc-default-executor-2] INFO  client.GrpcClientProtocolClient (GrpcClientProtocolClient.java:onNext(255)) - client-D91E5D1E15CE->f2ba01fc-a63e-4348-bd18-030b60a135e7: receive RaftClientReply:client-D91E5D1E15CE->f2ba01fc-a63e-4348-bd18-030b60a135e7@group-C8C62FEF0626, cid=2094, SUCCESS, logIndex=3064, commits[f2ba01fc-a63e-4348-bd18-030b60a135e7:c3065, eab135d4-a257-4705-b491-6c056b8c5df7:c3063, a4f67574-9018-43e7-8a54-351e98dc3d0a:c3063]
2019-08-23 07:09:05,170 [grpc-default-executor-2] INFO  client.GrpcClientProtocolClient (GrpcClientProtocolClient.java:onNext(255)) - client-D91E5D1E15CE->f2ba01fc-a63e-4348-bd18-030b60a135e7: receive RaftClientReply:client-D91E5D1E15CE->f2ba01fc-a63e-4348-bd18-030b60a135e7@group-C8C62FEF0626, cid=2095, SUCCESS, logIndex=3065, commits[f2ba01fc-a63e-4348-bd18-030b60a135e7:c3065, eab135d4-a257-4705-b491-6c056b8c5df7:c3063, a4f67574-9018-43e7-8a54-351e98dc3d0a:c3063]
2019-08-23 07:09:05,176 | INFO  | DNAudit | user=null | ip=null | op=WRITE_CHUNK {blockData=conID: 2 locID: 102665037094060585 bcsId: 3065} | ret=SUCCESS |  
2019-08-23 07:09:05,179 | INFO  | DNAudit | user=null | ip=null | op=WRITE_CHUNK {blockData=conID: 2 locID: 102665037094060585 bcsId: 3065} | ret=SUCCESS |  
2019-08-23 07:09:05,179 | INFO  | DNAudit | user=null | ip=null | op=WRITE_CHUNK {blockData=conID: 2 locID: 102665037094060585 bcsId: 3065} | ret=SUCCESS |  
2019-08-23 07:09:05,181 | INFO  | DNAudit | user=null | ip=null | op=WRITE_CHUNK {blockData=conID: 2 locID: 102665037094060585 bcsId: 3059} | ret=SUCCESS |  
2019-08-23 07:09:05,181 | INFO  | DNAudit | user=null | ip=null | op=WRITE_CHUNK {blockData=conID: 2 locID: 102665037094060585 bcsId: 3059} | ret=SUCCESS |  
2019-08-23 07:09:05,183 | INFO  | DNAudit | user=null | ip=null | op=PUT_BLOCK {blockData=[blockId=conID: 2 locID: 102665037094060585 bcsId: 0,size=3145728]} | ret=SUCCESS |  
2019-08-23 07:09:05,183 | INFO  | DNAudit | user=null | ip=null | op=PUT_BLOCK {blockData=[blockId=conID: 2 locID: 102665037094060585 bcsId: 0,size=3145728]} | ret=SUCCESS |  
2019-08-23 07:09:05,183 | INFO  | DNAudit | user=null | ip=null | op=WRITE_CHUNK {blockData=conID: 2 locID: 102665037094060585 bcsId: 3065} | ret=SUCCESS |  
2019-08-23 07:09:05,184 | INFO  | DNAudit | user=null | ip=null | op=PUT_BLOCK {blockData=[blockId=conID: 2 locID: 102665037094060585 bcsId: 0,size=4194304]} | ret=SUCCESS |  
2019-08-23 07:09:05,184 [grpc-default-executor-0] INFO  client.GrpcClientProtocolClient (GrpcClientProtocolClient.java:onNext(255)) - client-D91E5D1E15CE->f2ba01fc-a63e-4348-bd18-030b60a135e7: receive RaftClientReply:client-D91E5D1E15CE->f2ba01fc-a63e-4348-bd18-030b60a135e7@group-C8C62FEF0626, cid=2096, SUCCESS, logIndex=3068, commits[f2ba01fc-a63e-4348-bd18-030b60a135e7:c3069, eab135d4-a257-4705-b491-6c056b8c5df7:c3065, a4f67574-9018-43e7-8a54-351e98dc3d0a:c3065]
2019-08-23 07:09:05,184 [grpc-default-executor-0] INFO  client.GrpcClientProtocolClient (GrpcClientProtocolClient.java:onNext(255)) - client-D91E5D1E15CE->f2ba01fc-a63e-4348-bd18-030b60a135e7: receive RaftClientReply:client-D91E5D1E15CE->f2ba01fc-a63e-4348-bd18-030b60a135e7@group-C8C62FEF0626, cid=2097, SUCCESS, logIndex=3069, commits[f2ba01fc-a63e-4348-bd18-030b60a135e7:c3069, eab135d4-a257-4705-b491-6c056b8c5df7:c3065, a4f67574-9018-43e7-8a54-351e98dc3d0a:c3065]
2019-08-23 07:09:05,195 | INFO  | DNAudit | user=null | ip=null | op=WRITE_CHUNK {blockData=conID: 2 locID: 102665037094060585 bcsId: 3065} | ret=SUCCESS |  
2019-08-23 07:09:05,195 | INFO  | DNAudit | user=null | ip=null | op=WRITE_CHUNK {blockData=conID: 2 locID: 102665037094060585 bcsId: 3065} | ret=SUCCESS |  
2019-08-23 07:09:05,198 | INFO  | DNAudit | user=null | ip=null | op=PUT_BLOCK {blockData=[blockId=conID: 2 locID: 102665037094060585 bcsId: 0,size=4194304]} | ret=SUCCESS |  
2019-08-23 07:09:05,198 | INFO  | DNAudit | user=null | ip=null | op=PUT_BLOCK {blockData=[blockId=conID: 2 locID: 102665037094060585 bcsId: 0,size=4194304]} | ret=SUCCESS |  
2019-08-23 07:09:05,198 [grpc-default-executor-3] INFO  client.GrpcClientProtocolClient (GrpcClientProtocolClient.java:onNext(255)) - client-D91E5D1E15CE->f2ba01fc-a63e-4348-bd18-030b60a135e7: receive RaftClientReply:client-D91E5D1E15CE->f2ba01fc-a63e-4348-bd18-030b60a135e7@group-C8C62FEF0626, cid=2098, SUCCESS, logIndex=0, commits[f2ba01fc-a63e-4348-bd18-030b60a135e7:c3070, eab135d4-a257-4705-b491-6c056b8c5df7:c3069, a4f67574-9018-43e7-8a54-351e98dc3d0a:c3069]
2019-08-23 07:09:05,202 | INFO  | SCMAudit | user=jenkins1000 | ip=192.168.5.178 | op=ALLOCATE_BLOCK {owner=aaf04d22-10dd-4717-8862-c651bdde72cf, size=4194304, type=RATIS, factor=THREE} | ret=SUCCESS |  
2019-08-23 07:09:05,204 | INFO  | OMAudit | user=jenkins1000 | ip=127.0.0.1 | op=ALLOCATE_BLOCK {volume=vol-0-67663, bucket=bucket-0-68950, key=key-0-26970, dataSize=0, replicationType=null, replicationFactor=null, keyLocationInfo=null, clientID=102665036030476690} | ret=SUCCESS |  
2019-08-23 07:09:05,214 | INFO  | DNAudit | user=null | ip=null | op=WRITE_CHUNK {blockData=conID: 3 locID: 102665037099958826 bcsId: 0} | ret=SUCCESS |  
2019-08-23 07:09:05,215 | INFO  | DNAudit | user=null | ip=null | op=WRITE_CHUNK {blockData=conID: 3 locID: 102665037099958826 bcsId: 0} | ret=SUCCESS |  
2019-08-23 07:09:05,215 | INFO  | DNAudit | user=null | ip=null | op=WRITE_CHUNK {blockData=conID: 3 locID: 102665037099958826 bcsId: 0} | ret=SUCCESS |  
2019-08-23 07:09:05,216 | INFO  | DNAudit | user=null | ip=null | op=WRITE_CHUNK {blockData=conID: 3 locID: 102665037099958826 bcsId: 0} | ret=SUCCESS |  
2019-08-23 07:09:05,217 | INFO  | DNAudit | user=null | ip=null | op=WRITE_CHUNK {blockData=conID: 3 locID: 102665037099958826 bcsId: 0} | ret=SUCCESS |  
2019-08-23 07:09:05,217 | INFO  | DNAudit | user=null | ip=null | op=WRITE_CHUNK {blockData=conID: 3 locID: 102665037099958826 bcsId: 0} | ret=SUCCESS |  
2019-08-23 07:09:05,229 | INFO  | DNAudit | user=null | ip=null | op=WRITE_CHUNK {blockData=conID: 3 locID: 102665037099958826 bcsId: 0} | ret=SUCCESS |  
2019-08-23 07:09:05,229 | INFO  | DNAudit | user=null | ip=null | op=PUT_BLOCK {blockData=[blockId=conID: 3 locID: 102665037099958826 bcsId: 0,size=1048576]} | ret=SUCCESS |  
2019-08-23 07:09:05,230 | INFO  | DNAudit | user=null | ip=null | op=WRITE_CHUNK {blockData=conID: 3 locID: 102665037099958826 bcsId: 0} | ret=SUCCESS |  
2019-08-23 07:09:05,229 [grpc-default-executor-2] INFO  client.GrpcClientProtocolClient (GrpcClientProtocolClient.java:onNext(255)) - client-D91E5D1E15CE->f2ba01fc-a63e-4348-bd18-030b60a135e7: receive RaftClientReply:client-D91E5D1E15CE->f2ba01fc-a63e-4348-bd18-030b60a135e7@group-C8C62FEF0626, cid=2099, SUCCESS, logIndex=3072, commits[f2ba01fc-a63e-4348-bd18-030b60a135e7:c3075, eab135d4-a257-4705-b491-6c056b8c5df7:c3071, a4f67574-9018-43e7-8a54-351e98dc3d0a:c3071]
2019-08-23 07:09:05,230 | INFO  | DNAudit | user=null | ip=null | op=PUT_BLOCK {blockData=[blockId=conID: 3 locID: 102665037099958826 bcsId: 0,size=2097152]} | ret=SUCCESS |  
2019-08-23 07:09:05,230 [grpc-default-executor-2] INFO  client.GrpcClientProtocolClient (GrpcClientProtocolClient.java:onNext(255)) - client-D91E5D1E15CE->f2ba01fc-a63e-4348-bd18-030b60a135e7: receive RaftClientReply:client-D91E5D1E15CE->f2ba01fc-a63e-4348-bd18-030b60a135e7@group-C8C62FEF0626, cid=2100, SUCCESS, logIndex=3073, commits[f2ba01fc-a63e-4348-bd18-030b60a135e7:c3075, eab135d4-a257-4705-b491-6c056b8c5df7:c3071, a4f67574-9018-43e7-8a54-351e98dc3d0a:c3071]
2019-08-23 07:09:05,230 [grpc-default-executor-2] INFO  client.GrpcClientProtocolClient (GrpcClientProtocolClient.java:onNext(255)) - client-D91E5D1E15CE->f2ba01fc-a63e-4348-bd18-030b60a135e7: receive RaftClientReply:client-D91E5D1E15CE->f2ba01fc-a63e-4348-bd18-030b60a135e7@group-C8C62FEF0626, cid=2101, SUCCESS, logIndex=3074, commits[f2ba01fc-a63e-4348-bd18-030b60a135e7:c3075, eab135d4-a257-4705-b491-6c056b8c5df7:c3071, a4f67574-9018-43e7-8a54-351e98dc3d0a:c3071]
2019-08-23 07:09:05,231 [grpc-default-executor-2] INFO  client.GrpcClientProtocolClient (GrpcClientProtocolClient.java:onNext(255)) - client-D91E5D1E15CE->f2ba01fc-a63e-4348-bd18-030b60a135e7: receive RaftClientReply:client-D91E5D1E15CE->f2ba01fc-a63e-4348-bd18-030b60a135e7@group-C8C62FEF0626, cid=2102, SUCCESS, logIndex=3075, commits[f2ba01fc-a63e-4348-bd18-030b60a135e7:c3075, eab135d4-a257-4705-b491-6c056b8c5df7:c3071, a4f67574-9018-43e7-8a54-351e98dc3d0a:c3071]
2019-08-23 07:09:05,240 | INFO  | DNAudit | user=null | ip=null | op=WRITE_CHUNK {blockData=conID: 3 locID: 102665037099958826 bcsId: 0} | ret=SUCCESS |  
2019-08-23 07:09:05,240 | INFO  | DNAudit | user=null | ip=null | op=WRITE_CHUNK {blockData=conID: 3 locID: 102665037099958826 bcsId: 0} | ret=SUCCESS |  
2019-08-23 07:09:05,243 | INFO  | DNAudit | user=null | ip=null | op=PUT_BLOCK {blockData=[blockId=conID: 3 locID: 102665037099958826 bcsId: 0,size=1048576]} | ret=SUCCESS |  
2019-08-23 07:09:05,243 | INFO  | DNAudit | user=null | ip=null | op=PUT_BLOCK {blockData=[blockId=conID: 3 locID: 102665037099958826 bcsId: 0,size=1048576]} | ret=SUCCESS |  
2019-08-23 07:09:05,243 | INFO  | DNAudit | user=null | ip=null | op=WRITE_CHUNK {blockData=conID: 3 locID: 102665037099958826 bcsId: 0} | ret=SUCCESS |  
2019-08-23 07:09:05,243 | INFO  | DNAudit | user=null | ip=null | op=WRITE_CHUNK {blockData=conID: 3 locID: 102665037099958826 bcsId: 0} | ret=SUCCESS |  
2019-08-23 07:09:05,243 | INFO  | DNAudit | user=null | ip=null | op=PUT_BLOCK {blockData=[blockId=conID: 3 locID: 102665037099958826 bcsId: 0,size=2097152]} | ret=SUCCESS |  
2019-08-23 07:09:05,243 | INFO  | DNAudit | user=null | ip=null | op=PUT_BLOCK {blockData=[blockId=conID: 3 locID: 102665037099958826 bcsId: 0,size=2097152]} | ret=SUCCESS |  
2019-08-23 07:09:05,243 [grpc-default-executor-4] INFO  client.GrpcClientProtocolClient (GrpcClientProtocolClient.java:onNext(255)) - client-D91E5D1E15CE->f2ba01fc-a63e-4348-bd18-030b60a135e7: receive RaftClientReply:client-D91E5D1E15CE->f2ba01fc-a63e-4348-bd18-030b60a135e7@group-C8C62FEF0626, cid=2103, SUCCESS, logIndex=0, commits[f2ba01fc-a63e-4348-bd18-030b60a135e7:c3077, eab135d4-a257-4705-b491-6c056b8c5df7:c3075, a4f67574-9018-43e7-8a54-351e98dc3d0a:c3075]
2019-08-23 07:09:05,249 | INFO  | DNAudit | user=null | ip=null | op=WRITE_CHUNK {blockData=conID: 3 locID: 102665037099958826 bcsId: 3075} | ret=SUCCESS |  
2019-08-23 07:09:05,251 | INFO  | DNAudit | user=null | ip=null | op=WRITE_CHUNK {blockData=conID: 3 locID: 102665037099958826 bcsId: 3075} | ret=SUCCESS |  
2019-08-23 07:09:05,252 | INFO  | DNAudit | user=null | ip=null | op=WRITE_CHUNK {blockData=conID: 3 locID: 102665037099958826 bcsId: 3075} | ret=SUCCESS |  
2019-08-23 07:09:05,261 | INFO  | DNAudit | user=null | ip=null | op=WRITE_CHUNK {blockData=conID: 3 locID: 102665037099958826 bcsId: 3075} | ret=SUCCESS |  
2019-08-23 07:09:05,262 | INFO  | DNAudit | user=null | ip=null | op=PUT_BLOCK {blockData=[blockId=conID: 3 locID: 102665037099958826 bcsId: 0,size=3145728]} | ret=SUCCESS |  
2019-08-23 07:09:05,262 [grpc-default-executor-4] INFO  client.GrpcClientProtocolClient (GrpcClientProtocolClient.java:onNext(255)) - client-D91E5D1E15CE->f2ba01fc-a63e-4348-bd18-030b60a135e7: receive RaftClientReply:client-D91E5D1E15CE->f2ba01fc-a63e-4348-bd18-030b60a135e7@group-C8C62FEF0626, cid=2104, SUCCESS, logIndex=3078, commits[f2ba01fc-a63e-4348-bd18-030b60a135e7:c3079, eab135d4-a257-4705-b491-6c056b8c5df7:c3077, a4f67574-9018-43e7-8a54-351e98dc3d0a:c3077]
2019-08-23 07:09:05,262 [grpc-default-executor-4] INFO  client.GrpcClientProtocolClient (GrpcClientProtocolClient.java:onNext(255)) - client-D91E5D1E15CE->f2ba01fc-a63e-4348-bd18-030b60a135e7: receive RaftClientReply:client-D91E5D1E15CE->f2ba01fc-a63e-4348-bd18-030b60a135e7@group-C8C62FEF0626, cid=2105, SUCCESS, logIndex=3079, commits[f2ba01fc-a63e-4348-bd18-030b60a135e7:c3079, eab135d4-a257-4705-b491-6c056b8c5df7:c3077, a4f67574-9018-43e7-8a54-351e98dc3d0a:c3077]
2019-08-23 07:09:05,268 | INFO  | DNAudit | user=null | ip=null | op=WRITE_CHUNK {blockData=conID: 3 locID: 102665037099958826 bcsId: 3079} | ret=SUCCESS |  
2019-08-23 07:09:05,270 | INFO  | DNAudit | user=null | ip=null | op=WRITE_CHUNK {blockData=conID: 3 locID: 102665037099958826 bcsId: 3079} | ret=SUCCESS |  
2019-08-23 07:09:05,271 | INFO  | DNAudit | user=null | ip=null | op=WRITE_CHUNK {blockData=conID: 3 locID: 102665037099958826 bcsId: 3079} | ret=SUCCESS |  
2019-08-23 07:09:05,273 | INFO  | DNAudit | user=null | ip=null | op=WRITE_CHUNK {blockData=conID: 3 locID: 102665037099958826 bcsId: 3075} | ret=SUCCESS |  
2019-08-23 07:09:05,273 | INFO  | DNAudit | user=null | ip=null | op=WRITE_CHUNK {blockData=conID: 3 locID: 102665037099958826 bcsId: 3075} | ret=SUCCESS |  
2019-08-23 07:09:05,276 | INFO  | DNAudit | user=null | ip=null | op=PUT_BLOCK {blockData=[blockId=conID: 3 locID: 102665037099958826 bcsId: 0,size=3145728]} | ret=SUCCESS |  
2019-08-23 07:09:05,276 | INFO  | DNAudit | user=null | ip=null | op=PUT_BLOCK {blockData=[blockId=conID: 3 locID: 102665037099958826 bcsId: 0,size=3145728]} | ret=SUCCESS |  
2019-08-23 07:09:05,276 | INFO  | DNAudit | user=null | ip=null | op=WRITE_CHUNK {blockData=conID: 3 locID: 102665037099958826 bcsId: 3079} | ret=SUCCESS |  
2019-08-23 07:09:05,276 | INFO  | DNAudit | user=null | ip=null | op=PUT_BLOCK {blockData=[blockId=conID: 3 locID: 102665037099958826 bcsId: 0,size=4194304]} | ret=SUCCESS |  
2019-08-23 07:09:05,277 [grpc-default-executor-2] INFO  client.GrpcClientProtocolClient (GrpcClientProtocolClient.java:onNext(255)) - client-D91E5D1E15CE->f2ba01fc-a63e-4348-bd18-030b60a135e7: receive RaftClientReply:client-D91E5D1E15CE->f2ba01fc-a63e-4348-bd18-030b60a135e7@group-C8C62FEF0626, cid=2106, SUCCESS, logIndex=3082, commits[f2ba01fc-a63e-4348-bd18-030b60a135e7:c3083, eab135d4-a257-4705-b491-6c056b8c5df7:c3079, a4f67574-9018-43e7-8a54-351e98dc3d0a:c3079]
2019-08-23 07:09:05,277 [grpc-default-executor-2] INFO  client.GrpcClientProtocolClient (GrpcClientProtocolClient.java:onNext(255)) - client-D91E5D1E15CE->f2ba01fc-a63e-4348-bd18-030b60a135e7: receive RaftClientReply:client-D91E5D1E15CE->f2ba01fc-a63e-4348-bd18-030b60a135e7@group-C8C62FEF0626, cid=2107, SUCCESS, logIndex=3083, commits[f2ba01fc-a63e-4348-bd18-030b60a135e7:c3083, eab135d4-a257-4705-b491-6c056b8c5df7:c3079, a4f67574-9018-43e7-8a54-351e98dc3d0a:c3079]
2019-08-23 07:09:05,288 | INFO  | DNAudit | user=null | ip=null | op=WRITE_CHUNK {blockData=conID: 3 locID: 102665037099958826 bcsId: 3079} | ret=SUCCESS |  
2019-08-23 07:09:05,288 | INFO  | DNAudit | user=null | ip=null | op=WRITE_CHUNK {blockData=conID: 3 locID: 102665037099958826 bcsId: 3079} | ret=SUCCESS |  
2019-08-23 07:09:05,290 | INFO  | DNAudit | user=null | ip=null | op=PUT_BLOCK {blockData=[blockId=conID: 3 locID: 102665037099958826 bcsId: 0,size=4194304]} | ret=SUCCESS |  
2019-08-23 07:09:05,290 | INFO  | DNAudit | user=null | ip=null | op=PUT_BLOCK {blockData=[blockId=conID: 3 locID: 102665037099958826 bcsId: 0,size=4194304]} | ret=SUCCESS |  
2019-08-23 07:09:05,291 [grpc-default-executor-2] INFO  client.GrpcClientProtocolClient (GrpcClientProtocolClient.java:onNext(255)) - client-D91E5D1E15CE->f2ba01fc-a63e-4348-bd18-030b60a135e7: receive RaftClientReply:client-D91E5D1E15CE->f2ba01fc-a63e-4348-bd18-030b60a135e7@group-C8C62FEF0626, cid=2108, SUCCESS, logIndex=0, commits[f2ba01fc-a63e-4348-bd18-030b60a135e7:c3085, eab135d4-a257-4705-b491-6c056b8c5df7:c3083, a4f67574-9018-43e7-8a54-351e98dc3d0a:c3083]
2019-08-23 07:09:05,296 | INFO  | SCMAudit | user=jenkins1000 | ip=192.168.5.178 | op=ALLOCATE_BLOCK {owner=aaf04d22-10dd-4717-8862-c651bdde72cf, size=4194304, type=RATIS, factor=THREE} | ret=SUCCESS |  
2019-08-23 07:09:05,299 | INFO  | OMAudit | user=jenkins1000 | ip=127.0.0.1 | op=ALLOCATE_BLOCK {volume=vol-0-67663, bucket=bucket-0-68950, key=key-0-26970, dataSize=0, replicationType=null, replicationFactor=null, keyLocationInfo=null, clientID=102665036030476690} | ret=SUCCESS |  
2019-08-23 07:09:05,306 | INFO  | DNAudit | user=null | ip=null | op=WRITE_CHUNK {blockData=conID: 1 locID: 102665037106119211 bcsId: 0} | ret=SUCCESS |  
2019-08-23 07:09:05,307 | INFO  | DNAudit | user=null | ip=null | op=WRITE_CHUNK {blockData=conID: 1 locID: 102665037106119211 bcsId: 0} | ret=SUCCESS |  
2019-08-23 07:09:05,308 | INFO  | DNAudit | user=null | ip=null | op=WRITE_CHUNK {blockData=conID: 1 locID: 102665037106119211 bcsId: 0} | ret=SUCCESS |  
2019-08-23 07:09:05,308 | INFO  | DNAudit | user=null | ip=null | op=WRITE_CHUNK {blockData=conID: 1 locID: 102665037106119211 bcsId: 0} | ret=SUCCESS |  
2019-08-23 07:09:05,309 | INFO  | DNAudit | user=null | ip=null | op=WRITE_CHUNK {blockData=conID: 1 locID: 102665037106119211 bcsId: 0} | ret=SUCCESS |  
2019-08-23 07:09:05,310 | INFO  | DNAudit | user=null | ip=null | op=WRITE_CHUNK {blockData=conID: 1 locID: 102665037106119211 bcsId: 0} | ret=SUCCESS |  
2019-08-23 07:09:05,324 | INFO  | DNAudit | user=null | ip=null | op=WRITE_CHUNK {blockData=conID: 1 locID: 102665037106119211 bcsId: 0} | ret=SUCCESS |  
2019-08-23 07:09:05,325 | INFO  | DNAudit | user=null | ip=null | op=PUT_BLOCK {blockData=[blockId=conID: 1 locID: 102665037106119211 bcsId: 0,size=1048576]} | ret=SUCCESS |  
2019-08-23 07:09:05,325 | INFO  | DNAudit | user=null | ip=null | op=WRITE_CHUNK {blockData=conID: 1 locID: 102665037106119211 bcsId: 0} | ret=SUCCESS |  
2019-08-23 07:09:05,325 [grpc-default-executor-3] INFO  client.GrpcClientProtocolClient (GrpcClientProtocolClient.java:onNext(255)) - client-D91E5D1E15CE->f2ba01fc-a63e-4348-bd18-030b60a135e7: receive RaftClientReply:client-D91E5D1E15CE->f2ba01fc-a63e-4348-bd18-030b60a135e7@group-C8C62FEF0626, cid=2109, SUCCESS, logIndex=3086, commits[f2ba01fc-a63e-4348-bd18-030b60a135e7:c3087, eab135d4-a257-4705-b491-6c056b8c5df7:c3085, a4f67574-9018-43e7-8a54-351e98dc3d0a:c3085]
2019-08-23 07:09:05,325 | INFO  | DNAudit | user=null | ip=null | op=PUT_BLOCK {blockData=[blockId=conID: 1 locID: 102665037106119211 bcsId: 0,size=2097152]} | ret=SUCCESS |  
2019-08-23 07:09:05,326 [grpc-default-executor-3] INFO  client.GrpcClientProtocolClient (GrpcClientProtocolClient.java:onNext(255)) - client-D91E5D1E15CE->f2ba01fc-a63e-4348-bd18-030b60a135e7: receive RaftClientReply:client-D91E5D1E15CE->f2ba01fc-a63e-4348-bd18-030b60a135e7@group-C8C62FEF0626, cid=2110, SUCCESS, logIndex=3087, commits[f2ba01fc-a63e-4348-bd18-030b60a135e7:c3089, eab135d4-a257-4705-b491-6c056b8c5df7:c3085, a4f67574-9018-43e7-8a54-351e98dc3d0a:c3085]
2019-08-23 07:09:05,326 [grpc-default-executor-3] INFO  client.GrpcClientProtocolClient (GrpcClientProtocolClient.java:onNext(255)) - client-D91E5D1E15CE->f2ba01fc-a63e-4348-bd18-030b60a135e7: receive RaftClientReply:client-D91E5D1E15CE->f2ba01fc-a63e-4348-bd18-030b60a135e7@group-C8C62FEF0626, cid=2111, SUCCESS, logIndex=3088, commits[f2ba01fc-a63e-4348-bd18-030b60a135e7:c3089, eab135d4-a257-4705-b491-6c056b8c5df7:c3085, a4f67574-9018-43e7-8a54-351e98dc3d0a:c3085]
2019-08-23 07:09:05,326 [grpc-default-executor-3] INFO  client.GrpcClientProtocolClient (GrpcClientProtocolClient.java:onNext(255)) - client-D91E5D1E15CE->f2ba01fc-a63e-4348-bd18-030b60a135e7: receive RaftClientReply:client-D91E5D1E15CE->f2ba01fc-a63e-4348-bd18-030b60a135e7@group-C8C62FEF0626, cid=2112, SUCCESS, logIndex=3089, commits[f2ba01fc-a63e-4348-bd18-030b60a135e7:c3089, eab135d4-a257-4705-b491-6c056b8c5df7:c3085, a4f67574-9018-43e7-8a54-351e98dc3d0a:c3085]
2019-08-23 07:09:05,336 | INFO  | DNAudit | user=null | ip=null | op=WRITE_CHUNK {blockData=conID: 1 locID: 102665037106119211 bcsId: 0} | ret=SUCCESS |  
2019-08-23 07:09:05,336 | INFO  | DNAudit | user=null | ip=null | op=WRITE_CHUNK {blockData=conID: 1 locID: 102665037106119211 bcsId: 0} | ret=SUCCESS |  
2019-08-23 07:09:05,339 | INFO  | DNAudit | user=null | ip=null | op=PUT_BLOCK {blockData=[blockId=conID: 1 locID: 102665037106119211 bcsId: 0,size=1048576]} | ret=SUCCESS |  
2019-08-23 07:09:05,339 | INFO  | DNAudit | user=null | ip=null | op=PUT_BLOCK {blockData=[blockId=conID: 1 locID: 102665037106119211 bcsId: 0,size=1048576]} | ret=SUCCESS |  
2019-08-23 07:09:05,340 | INFO  | DNAudit | user=null | ip=null | op=WRITE_CHUNK {blockData=conID: 1 locID: 102665037106119211 bcsId: 0} | ret=SUCCESS |  
2019-08-23 07:09:05,340 | INFO  | DNAudit | user=null | ip=null | op=WRITE_CHUNK {blockData=conID: 1 locID: 102665037106119211 bcsId: 0} | ret=SUCCESS |  
2019-08-23 07:09:05,340 [grpc-default-executor-2] INFO  client.GrpcClientProtocolClient (GrpcClientProtocolClient.java:onNext(255)) - client-D91E5D1E15CE->f2ba01fc-a63e-4348-bd18-030b60a135e7: receive RaftClientReply:client-D91E5D1E15CE->f2ba01fc-a63e-4348-bd18-030b60a135e7@group-C8C62FEF0626, cid=2113, SUCCESS, logIndex=0, commits[f2ba01fc-a63e-4348-bd18-030b60a135e7:c3091, eab135d4-a257-4705-b491-6c056b8c5df7:c3087, a4f67574-9018-43e7-8a54-351e98dc3d0a:c3087]
2019-08-23 07:09:05,340 | INFO  | DNAudit | user=null | ip=null | op=PUT_BLOCK {blockData=[blockId=conID: 1 locID: 102665037106119211 bcsId: 0,size=2097152]} | ret=SUCCESS |  
2019-08-23 07:09:05,340 | INFO  | DNAudit | user=null | ip=null | op=PUT_BLOCK {blockData=[blockId=conID: 1 locID: 102665037106119211 bcsId: 0,size=2097152]} | ret=SUCCESS |  
2019-08-23 07:09:05,345 | INFO  | DNAudit | user=null | ip=null | op=WRITE_CHUNK {blockData=conID: 1 locID: 102665037106119211 bcsId: 3089} | ret=SUCCESS |  
2019-08-23 07:09:05,348 | INFO  | DNAudit | user=null | ip=null | op=WRITE_CHUNK {blockData=conID: 1 locID: 102665037106119211 bcsId: 3089} | ret=SUCCESS |  
2019-08-23 07:09:05,348 | INFO  | DNAudit | user=null | ip=null | op=WRITE_CHUNK {blockData=conID: 1 locID: 102665037106119211 bcsId: 3089} | ret=SUCCESS |  
2019-08-23 07:09:05,351 | INFO  | DNAudit | user=null | ip=null | op=WRITE_CHUNK {blockData=conID: 1 locID: 102665037106119211 bcsId: 3089} | ret=SUCCESS |  
2019-08-23 07:09:05,351 | INFO  | DNAudit | user=null | ip=null | op=PUT_BLOCK {blockData=[blockId=conID: 1 locID: 102665037106119211 bcsId: 0,size=3145728]} | ret=SUCCESS |  
2019-08-23 07:09:05,351 [grpc-default-executor-4] INFO  client.GrpcClientProtocolClient (GrpcClientProtocolClient.java:onNext(255)) - client-D91E5D1E15CE->f2ba01fc-a63e-4348-bd18-030b60a135e7: receive RaftClientReply:client-D91E5D1E15CE->f2ba01fc-a63e-4348-bd18-030b60a135e7@group-C8C62FEF0626, cid=2114, SUCCESS, logIndex=3093, commits[f2ba01fc-a63e-4348-bd18-030b60a135e7:c3094, eab135d4-a257-4705-b491-6c056b8c5df7:c3092, a4f67574-9018-43e7-8a54-351e98dc3d0a:c3092]
2019-08-23 07:09:05,351 [grpc-default-executor-4] INFO  client.GrpcClientProtocolClient (GrpcClientProtocolClient.java:onNext(255)) - client-D91E5D1E15CE->f2ba01fc-a63e-4348-bd18-030b60a135e7: receive RaftClientReply:client-D91E5D1E15CE->f2ba01fc-a63e-4348-bd18-030b60a135e7@group-C8C62FEF0626, cid=2115, SUCCESS, logIndex=3094, commits[f2ba01fc-a63e-4348-bd18-030b60a135e7:c3094, eab135d4-a257-4705-b491-6c056b8c5df7:c3092, a4f67574-9018-43e7-8a54-351e98dc3d0a:c3092]
2019-08-23 07:09:05,356 | INFO  | DNAudit | user=null | ip=null | op=WRITE_CHUNK {blockData=conID: 1 locID: 102665037106119211 bcsId: 3094} | ret=SUCCESS |  
2019-08-23 07:09:05,359 | INFO  | DNAudit | user=null | ip=null | op=WRITE_CHUNK {blockData=conID: 1 locID: 102665037106119211 bcsId: 3094} | ret=SUCCESS |  
2019-08-23 07:09:05,359 | INFO  | DNAudit | user=null | ip=null | op=WRITE_CHUNK {blockData=conID: 1 locID: 102665037106119211 bcsId: 3094} | ret=SUCCESS |  
2019-08-23 07:09:05,362 | INFO  | DNAudit | user=null | ip=null | op=WRITE_CHUNK {blockData=conID: 1 locID: 102665037106119211 bcsId: 3089} | ret=SUCCESS |  
2019-08-23 07:09:05,363 | INFO  | DNAudit | user=null | ip=null | op=WRITE_CHUNK {blockData=conID: 1 locID: 102665037106119211 bcsId: 3089} | ret=SUCCESS |  
2019-08-23 07:09:05,365 | INFO  | DNAudit | user=null | ip=null | op=PUT_BLOCK {blockData=[blockId=conID: 1 locID: 102665037106119211 bcsId: 0,size=3145728]} | ret=SUCCESS |  
2019-08-23 07:09:05,365 | INFO  | DNAudit | user=null | ip=null | op=PUT_BLOCK {blockData=[blockId=conID: 1 locID: 102665037106119211 bcsId: 0,size=3145728]} | ret=SUCCESS |  
2019-08-23 07:09:05,365 | INFO  | DNAudit | user=null | ip=null | op=WRITE_CHUNK {blockData=conID: 1 locID: 102665037106119211 bcsId: 3094} | ret=SUCCESS |  
2019-08-23 07:09:05,366 | INFO  | DNAudit | user=null | ip=null | op=PUT_BLOCK {blockData=[blockId=conID: 1 locID: 102665037106119211 bcsId: 0,size=4194304]} | ret=SUCCESS |  
2019-08-23 07:09:05,366 [grpc-default-executor-3] INFO  client.GrpcClientProtocolClient (GrpcClientProtocolClient.java:onNext(255)) - client-D91E5D1E15CE->f2ba01fc-a63e-4348-bd18-030b60a135e7: receive RaftClientReply:client-D91E5D1E15CE->f2ba01fc-a63e-4348-bd18-030b60a135e7@group-C8C62FEF0626, cid=2116, SUCCESS, logIndex=3097, commits[f2ba01fc-a63e-4348-bd18-030b60a135e7:c3098, eab135d4-a257-4705-b491-6c056b8c5df7:c3094, a4f67574-9018-43e7-8a54-351e98dc3d0a:c3094]
2019-08-23 07:09:05,366 [grpc-default-executor-3] INFO  client.GrpcClientProtocolClient (GrpcClientProtocolClient.java:onNext(255)) - client-D91E5D1E15CE->f2ba01fc-a63e-4348-bd18-030b60a135e7: receive RaftClientReply:client-D91E5D1E15CE->f2ba01fc-a63e-4348-bd18-030b60a135e7@group-C8C62FEF0626, cid=2117, SUCCESS, logIndex=3098, commits[f2ba01fc-a63e-4348-bd18-030b60a135e7:c3098, eab135d4-a257-4705-b491-6c056b8c5df7:c3094, a4f67574-9018-43e7-8a54-351e98dc3d0a:c3094]
2019-08-23 07:09:05,377 | INFO  | DNAudit | user=null | ip=null | op=WRITE_CHUNK {blockData=conID: 1 locID: 102665037106119211 bcsId: 3094} | ret=SUCCESS |  
2019-08-23 07:09:05,377 | INFO  | DNAudit | user=null | ip=null | op=WRITE_CHUNK {blockData=conID: 1 locID: 102665037106119211 bcsId: 3094} | ret=SUCCESS |  
2019-08-23 07:09:05,380 | INFO  | DNAudit | user=null | ip=null | op=PUT_BLOCK {blockData=[blockId=conID: 1 locID: 102665037106119211 bcsId: 0,size=4194304]} | ret=SUCCESS |  
2019-08-23 07:09:05,380 | INFO  | DNAudit | user=null | ip=null | op=PUT_BLOCK {blockData=[blockId=conID: 1 locID: 102665037106119211 bcsId: 0,size=4194304]} | ret=SUCCESS |  
2019-08-23 07:09:05,380 [grpc-default-executor-3] INFO  client.GrpcClientProtocolClient (GrpcClientProtocolClient.java:onNext(255)) - client-D91E5D1E15CE->f2ba01fc-a63e-4348-bd18-030b60a135e7: receive RaftClientReply:client-D91E5D1E15CE->f2ba01fc-a63e-4348-bd18-030b60a135e7@group-C8C62FEF0626, cid=2118, SUCCESS, logIndex=0, commits[f2ba01fc-a63e-4348-bd18-030b60a135e7:c3100, eab135d4-a257-4705-b491-6c056b8c5df7:c3098, a4f67574-9018-43e7-8a54-351e98dc3d0a:c3098]
2019-08-23 07:09:05,385 | INFO  | SCMAudit | user=jenkins1000 | ip=192.168.5.178 | op=ALLOCATE_BLOCK {owner=aaf04d22-10dd-4717-8862-c651bdde72cf, size=4194304, type=RATIS, factor=THREE} | ret=SUCCESS |  
2019-08-23 07:09:05,388 | INFO  | OMAudit | user=jenkins1000 | ip=127.0.0.1 | op=ALLOCATE_BLOCK {volume=vol-0-67663, bucket=bucket-0-68950, key=key-0-26970, dataSize=0, replicationType=null, replicationFactor=null, keyLocationInfo=null, clientID=102665036030476690} | ret=SUCCESS |  
2019-08-23 07:09:05,394 | INFO  | DNAudit | user=null | ip=null | op=WRITE_CHUNK {blockData=conID: 2 locID: 102665037111951916 bcsId: 0} | ret=SUCCESS |  
2019-08-23 07:09:05,397 | INFO  | DNAudit | user=null | ip=null | op=WRITE_CHUNK {blockData=conID: 2 locID: 102665037111951916 bcsId: 0} | ret=SUCCESS |  
2019-08-23 07:09:05,397 | INFO  | DNAudit | user=null | ip=null | op=WRITE_CHUNK {blockData=conID: 2 locID: 102665037111951916 bcsId: 0} | ret=SUCCESS |  
2019-08-23 07:09:05,397 | INFO  | DNAudit | user=null | ip=null | op=WRITE_CHUNK {blockData=conID: 2 locID: 102665037111951916 bcsId: 0} | ret=SUCCESS |  
2019-08-23 07:09:05,402 | INFO  | DNAudit | user=null | ip=null | op=WRITE_CHUNK {blockData=conID: 2 locID: 102665037111951916 bcsId: 0} | ret=SUCCESS |  
2019-08-23 07:09:05,403 | INFO  | DNAudit | user=null | ip=null | op=WRITE_CHUNK {blockData=conID: 2 locID: 102665037111951916 bcsId: 0} | ret=SUCCESS |  
2019-08-23 07:09:05,410 | INFO  | DNAudit | user=null | ip=null | op=WRITE_CHUNK {blockData=conID: 2 locID: 102665037111951916 bcsId: 0} | ret=SUCCESS |  
2019-08-23 07:09:05,410 | INFO  | DNAudit | user=null | ip=null | op=PUT_BLOCK {blockData=[blockId=conID: 2 locID: 102665037111951916 bcsId: 0,size=1048576]} | ret=SUCCESS |  
2019-08-23 07:09:05,410 | INFO  | DNAudit | user=null | ip=null | op=WRITE_CHUNK {blockData=conID: 2 locID: 102665037111951916 bcsId: 0} | ret=SUCCESS |  
2019-08-23 07:09:05,410 [grpc-default-executor-2] INFO  client.GrpcClientProtocolClient (GrpcClientProtocolClient.java:onNext(255)) - client-D91E5D1E15CE->f2ba01fc-a63e-4348-bd18-030b60a135e7: receive RaftClientReply:client-D91E5D1E15CE->f2ba01fc-a63e-4348-bd18-030b60a135e7@group-C8C62FEF0626, cid=2119, SUCCESS, logIndex=3101, commits[f2ba01fc-a63e-4348-bd18-030b60a135e7:c3104, eab135d4-a257-4705-b491-6c056b8c5df7:c3100, a4f67574-9018-43e7-8a54-351e98dc3d0a:c3100]
2019-08-23 07:09:05,411 | INFO  | DNAudit | user=null | ip=null | op=PUT_BLOCK {blockData=[blockId=conID: 2 locID: 102665037111951916 bcsId: 0,size=2097152]} | ret=SUCCESS |  
2019-08-23 07:09:05,411 [grpc-default-executor-2] INFO  client.GrpcClientProtocolClient (GrpcClientProtocolClient.java:onNext(255)) - client-D91E5D1E15CE->f2ba01fc-a63e-4348-bd18-030b60a135e7: receive RaftClientReply:client-D91E5D1E15CE->f2ba01fc-a63e-4348-bd18-030b60a135e7@group-C8C62FEF0626, cid=2120, SUCCESS, logIndex=3102, commits[f2ba01fc-a63e-4348-bd18-030b60a135e7:c3104, eab135d4-a257-4705-b491-6c056b8c5df7:c3100, a4f67574-9018-43e7-8a54-351e98dc3d0a:c3100]
2019-08-23 07:09:05,411 [grpc-default-executor-2] INFO  client.GrpcClientProtocolClient (GrpcClientProtocolClient.java:onNext(255)) - client-D91E5D1E15CE->f2ba01fc-a63e-4348-bd18-030b60a135e7: receive RaftClientReply:client-D91E5D1E15CE->f2ba01fc-a63e-4348-bd18-030b60a135e7@group-C8C62FEF0626, cid=2121, SUCCESS, logIndex=3103, commits[f2ba01fc-a63e-4348-bd18-030b60a135e7:c3104, eab135d4-a257-4705-b491-6c056b8c5df7:c3100, a4f67574-9018-43e7-8a54-351e98dc3d0a:c3100]
2019-08-23 07:09:05,412 [grpc-default-executor-2] INFO  client.GrpcClientProtocolClient (GrpcClientProtocolClient.java:onNext(255)) - client-D91E5D1E15CE->f2ba01fc-a63e-4348-bd18-030b60a135e7: receive RaftClientReply:client-D91E5D1E15CE->f2ba01fc-a63e-4348-bd18-030b60a135e7@group-C8C62FEF0626, cid=2122, SUCCESS, logIndex=3104, commits[f2ba01fc-a63e-4348-bd18-030b60a135e7:c3104, eab135d4-a257-4705-b491-6c056b8c5df7:c3100, a4f67574-9018-43e7-8a54-351e98dc3d0a:c3100]
2019-08-23 07:09:05,421 | INFO  | DNAudit | user=null | ip=null | op=WRITE_CHUNK {blockData=conID: 2 locID: 102665037111951916 bcsId: 0} | ret=SUCCESS |  
2019-08-23 07:09:05,421 | INFO  | DNAudit | user=null | ip=null | op=PUT_BLOCK {blockData=[blockId=conID: 2 locID: 102665037111951916 bcsId: 0,size=1048576]} | ret=SUCCESS |  
2019-08-23 07:09:05,422 | INFO  | DNAudit | user=null | ip=null | op=WRITE_CHUNK {blockData=conID: 2 locID: 102665037111951916 bcsId: 0} | ret=SUCCESS |  
2019-08-23 07:09:05,422 | INFO  | DNAudit | user=null | ip=null | op=PUT_BLOCK {blockData=[blockId=conID: 2 locID: 102665037111951916 bcsId: 0,size=1048576]} | ret=SUCCESS |  
2019-08-23 07:09:05,422 [grpc-default-executor-2] INFO  client.GrpcClientProtocolClient (GrpcClientProtocolClient.java:onNext(255)) - client-D91E5D1E15CE->f2ba01fc-a63e-4348-bd18-030b60a135e7: receive RaftClientReply:client-D91E5D1E15CE->f2ba01fc-a63e-4348-bd18-030b60a135e7@group-C8C62FEF0626, cid=2123, SUCCESS, logIndex=0, commits[f2ba01fc-a63e-4348-bd18-030b60a135e7:c3105, eab135d4-a257-4705-b491-6c056b8c5df7:c3102, a4f67574-9018-43e7-8a54-351e98dc3d0a:c3102]
2019-08-23 07:09:05,422 | INFO  | DNAudit | user=null | ip=null | op=WRITE_CHUNK {blockData=conID: 2 locID: 102665037111951916 bcsId: 0} | ret=SUCCESS |  
2019-08-23 07:09:05,422 | INFO  | DNAudit | user=null | ip=null | op=WRITE_CHUNK {blockData=conID: 2 locID: 102665037111951916 bcsId: 0} | ret=SUCCESS |  
2019-08-23 07:09:05,423 | INFO  | DNAudit | user=null | ip=null | op=PUT_BLOCK {blockData=[blockId=conID: 2 locID: 102665037111951916 bcsId: 0,size=2097152]} | ret=SUCCESS |  
2019-08-23 07:09:05,423 | INFO  | DNAudit | user=null | ip=null | op=PUT_BLOCK {blockData=[blockId=conID: 2 locID: 102665037111951916 bcsId: 0,size=2097152]} | ret=SUCCESS |  
2019-08-23 07:09:05,428 | INFO  | DNAudit | user=null | ip=null | op=WRITE_CHUNK {blockData=conID: 2 locID: 102665037111951916 bcsId: 3104} | ret=SUCCESS |  
2019-08-23 07:09:05,430 | INFO  | DNAudit | user=null | ip=null | op=WRITE_CHUNK {blockData=conID: 2 locID: 102665037111951916 bcsId: 3104} | ret=SUCCESS |  
2019-08-23 07:09:05,430 | INFO  | DNAudit | user=null | ip=null | op=WRITE_CHUNK {blockData=conID: 2 locID: 102665037111951916 bcsId: 3104} | ret=SUCCESS |  
2019-08-23 07:09:05,440 | INFO  | DNAudit | user=null | ip=null | op=WRITE_CHUNK {blockData=conID: 2 locID: 102665037111951916 bcsId: 3104} | ret=SUCCESS |  
2019-08-23 07:09:05,441 | INFO  | DNAudit | user=null | ip=null | op=PUT_BLOCK {blockData=[blockId=conID: 2 locID: 102665037111951916 bcsId: 0,size=3145728]} | ret=SUCCESS |  
2019-08-23 07:09:05,441 [grpc-default-executor-3] INFO  client.GrpcClientProtocolClient (GrpcClientProtocolClient.java:onNext(255)) - client-D91E5D1E15CE->f2ba01fc-a63e-4348-bd18-030b60a135e7: receive RaftClientReply:client-D91E5D1E15CE->f2ba01fc-a63e-4348-bd18-030b60a135e7@group-C8C62FEF0626, cid=2124, SUCCESS, logIndex=3109, commits[f2ba01fc-a63e-4348-bd18-030b60a135e7:c3110, eab135d4-a257-4705-b491-6c056b8c5df7:c3108, a4f67574-9018-43e7-8a54-351e98dc3d0a:c3108]
2019-08-23 07:09:05,441 [grpc-default-executor-3] INFO  client.GrpcClientProtocolClient (GrpcClientProtocolClient.java:onNext(255)) - client-D91E5D1E15CE->f2ba01fc-a63e-4348-bd18-030b60a135e7: receive RaftClientReply:client-D91E5D1E15CE->f2ba01fc-a63e-4348-bd18-030b60a135e7@group-C8C62FEF0626, cid=2125, SUCCESS, logIndex=3110, commits[f2ba01fc-a63e-4348-bd18-030b60a135e7:c3110, eab135d4-a257-4705-b491-6c056b8c5df7:c3108, a4f67574-9018-43e7-8a54-351e98dc3d0a:c3108]
2019-08-23 07:09:05,446 | INFO  | DNAudit | user=null | ip=null | op=WRITE_CHUNK {blockData=conID: 2 locID: 102665037111951916 bcsId: 3110} | ret=SUCCESS |  
2019-08-23 07:09:05,449 | INFO  | DNAudit | user=null | ip=null | op=WRITE_CHUNK {blockData=conID: 2 locID: 102665037111951916 bcsId: 3110} | ret=SUCCESS |  
2019-08-23 07:09:05,449 | INFO  | DNAudit | user=null | ip=null | op=WRITE_CHUNK {blockData=conID: 2 locID: 102665037111951916 bcsId: 3110} | ret=SUCCESS |  
2019-08-23 07:09:05,452 | INFO  | DNAudit | user=null | ip=null | op=WRITE_CHUNK {blockData=conID: 2 locID: 102665037111951916 bcsId: 3104} | ret=SUCCESS |  
2019-08-23 07:09:05,452 | INFO  | DNAudit | user=null | ip=null | op=WRITE_CHUNK {blockData=conID: 2 locID: 102665037111951916 bcsId: 3104} | ret=SUCCESS |  
2019-08-23 07:09:05,454 | INFO  | DNAudit | user=null | ip=null | op=PUT_BLOCK {blockData=[blockId=conID: 2 locID: 102665037111951916 bcsId: 0,size=3145728]} | ret=SUCCESS |  
2019-08-23 07:09:05,454 | INFO  | DNAudit | user=null | ip=null | op=PUT_BLOCK {blockData=[blockId=conID: 2 locID: 102665037111951916 bcsId: 0,size=3145728]} | ret=SUCCESS |  
2019-08-23 07:09:05,455 | INFO  | DNAudit | user=null | ip=null | op=WRITE_CHUNK {blockData=conID: 2 locID: 102665037111951916 bcsId: 3110} | ret=SUCCESS |  
2019-08-23 07:09:05,455 | INFO  | DNAudit | user=null | ip=null | op=PUT_BLOCK {blockData=[blockId=conID: 2 locID: 102665037111951916 bcsId: 0,size=4194304]} | ret=SUCCESS |  
2019-08-23 07:09:05,455 [grpc-default-executor-2] INFO  client.GrpcClientProtocolClient (GrpcClientProtocolClient.java:onNext(255)) - client-D91E5D1E15CE->f2ba01fc-a63e-4348-bd18-030b60a135e7: receive RaftClientReply:client-D91E5D1E15CE->f2ba01fc-a63e-4348-bd18-030b60a135e7@group-C8C62FEF0626, cid=2126, SUCCESS, logIndex=3113, commits[f2ba01fc-a63e-4348-bd18-030b60a135e7:c3114, eab135d4-a257-4705-b491-6c056b8c5df7:c3110, a4f67574-9018-43e7-8a54-351e98dc3d0a:c3110]
2019-08-23 07:09:05,456 [grpc-default-executor-2] INFO  client.GrpcClientProtocolClient (GrpcClientProtocolClient.java:onNext(255)) - client-D91E5D1E15CE->f2ba01fc-a63e-4348-bd18-030b60a135e7: receive RaftClientReply:client-D91E5D1E15CE->f2ba01fc-a63e-4348-bd18-030b60a135e7@group-C8C62FEF0626, cid=2127, SUCCESS, logIndex=3114, commits[f2ba01fc-a63e-4348-bd18-030b60a135e7:c3114, eab135d4-a257-4705-b491-6c056b8c5df7:c3110, a4f67574-9018-43e7-8a54-351e98dc3d0a:c3110]
2019-08-23 07:09:05,467 | INFO  | DNAudit | user=null | ip=null | op=WRITE_CHUNK {blockData=conID: 2 locID: 102665037111951916 bcsId: 3110} | ret=SUCCESS |  
2019-08-23 07:09:05,467 | INFO  | DNAudit | user=null | ip=null | op=WRITE_CHUNK {blockData=conID: 2 locID: 102665037111951916 bcsId: 3110} | ret=SUCCESS |  
2019-08-23 07:09:05,467 | INFO  | DNAudit | user=null | ip=null | op=PUT_BLOCK {blockData=[blockId=conID: 2 locID: 102665037111951916 bcsId: 0,size=4194304]} | ret=SUCCESS |  
2019-08-23 07:09:05,467 | INFO  | DNAudit | user=null | ip=null | op=PUT_BLOCK {blockData=[blockId=conID: 2 locID: 102665037111951916 bcsId: 0,size=4194304]} | ret=SUCCESS |  
2019-08-23 07:09:05,467 [grpc-default-executor-3] INFO  client.GrpcClientProtocolClient (GrpcClientProtocolClient.java:onNext(255)) - client-D91E5D1E15CE->f2ba01fc-a63e-4348-bd18-030b60a135e7: receive RaftClientReply:client-D91E5D1E15CE->f2ba01fc-a63e-4348-bd18-030b60a135e7@group-C8C62FEF0626, cid=2128, SUCCESS, logIndex=0, commits[f2ba01fc-a63e-4348-bd18-030b60a135e7:c3114, eab135d4-a257-4705-b491-6c056b8c5df7:c3114, a4f67574-9018-43e7-8a54-351e98dc3d0a:c3114]
2019-08-23 07:09:05,473 | INFO  | SCMAudit | user=jenkins1000 | ip=192.168.5.178 | op=ALLOCATE_BLOCK {owner=aaf04d22-10dd-4717-8862-c651bdde72cf, size=4194304, type=RATIS, factor=THREE} | ret=SUCCESS |  
2019-08-23 07:09:05,476 | INFO  | OMAudit | user=jenkins1000 | ip=127.0.0.1 | op=ALLOCATE_BLOCK {volume=vol-0-67663, bucket=bucket-0-68950, key=key-0-26970, dataSize=0, replicationType=null, replicationFactor=null, keyLocationInfo=null, clientID=102665036030476690} | ret=SUCCESS |  
2019-08-23 07:09:05,482 | INFO  | DNAudit | user=null | ip=null | op=WRITE_CHUNK {blockData=conID: 3 locID: 102665037117719085 bcsId: 0} | ret=SUCCESS |  
2019-08-23 07:09:05,484 | INFO  | DNAudit | user=null | ip=null | op=WRITE_CHUNK {blockData=conID: 3 locID: 102665037117719085 bcsId: 0} | ret=SUCCESS |  
2019-08-23 07:09:05,592 | INFO  | DNAudit | user=null | ip=null | op=WRITE_CHUNK {blockData=conID: 3 locID: 102665037117719085 bcsId: 0} | ret=SUCCESS |  
2019-08-23 07:09:05,592 | INFO  | DNAudit | user=null | ip=null | op=WRITE_CHUNK {blockData=conID: 3 locID: 102665037117719085 bcsId: 0} | ret=SUCCESS |  
2019-08-23 07:09:05,594 | INFO  | DNAudit | user=null | ip=null | op=WRITE_CHUNK {blockData=conID: 3 locID: 102665037117719085 bcsId: 0} | ret=SUCCESS |  
2019-08-23 07:09:05,594 | INFO  | DNAudit | user=null | ip=null | op=WRITE_CHUNK {blockData=conID: 3 locID: 102665037117719085 bcsId: 0} | ret=SUCCESS |  
2019-08-23 07:09:05,605 | INFO  | DNAudit | user=null | ip=null | op=WRITE_CHUNK {blockData=conID: 3 locID: 102665037117719085 bcsId: 0} | ret=SUCCESS |  
2019-08-23 07:09:05,605 | INFO  | DNAudit | user=null | ip=null | op=PUT_BLOCK {blockData=[blockId=conID: 3 locID: 102665037117719085 bcsId: 0,size=1048576]} | ret=SUCCESS |  
2019-08-23 07:09:05,605 | INFO  | DNAudit | user=null | ip=null | op=WRITE_CHUNK {blockData=conID: 3 locID: 102665037117719085 bcsId: 0} | ret=SUCCESS |  
2019-08-23 07:09:05,605 [grpc-default-executor-3] INFO  client.GrpcClientProtocolClient (GrpcClientProtocolClient.java:onNext(255)) - client-D91E5D1E15CE->f2ba01fc-a63e-4348-bd18-030b60a135e7: receive RaftClientReply:client-D91E5D1E15CE->f2ba01fc-a63e-4348-bd18-030b60a135e7@group-C8C62FEF0626, cid=2129, SUCCESS, logIndex=3117, commits[f2ba01fc-a63e-4348-bd18-030b60a135e7:c3119, eab135d4-a257-4705-b491-6c056b8c5df7:c3116, a4f67574-9018-43e7-8a54-351e98dc3d0a:c3116]
2019-08-23 07:09:05,606 | INFO  | DNAudit | user=null | ip=null | op=PUT_BLOCK {blockData=[blockId=conID: 3 locID: 102665037117719085 bcsId: 0,size=2097152]} | ret=SUCCESS |  
2019-08-23 07:09:05,606 [grpc-default-executor-3] INFO  client.GrpcClientProtocolClient (GrpcClientProtocolClient.java:onNext(255)) - client-D91E5D1E15CE->f2ba01fc-a63e-4348-bd18-030b60a135e7: receive RaftClientReply:client-D91E5D1E15CE->f2ba01fc-a63e-4348-bd18-030b60a135e7@group-C8C62FEF0626, cid=2130, SUCCESS, logIndex=3118, commits[f2ba01fc-a63e-4348-bd18-030b60a135e7:c3120, eab135d4-a257-4705-b491-6c056b8c5df7:c3116, a4f67574-9018-43e7-8a54-351e98dc3d0a:c3116]
2019-08-23 07:09:05,606 [grpc-default-executor-3] INFO  client.GrpcClientProtocolClient (GrpcClientProtocolClient.java:onNext(255)) - client-D91E5D1E15CE->f2ba01fc-a63e-4348-bd18-030b60a135e7: receive RaftClientReply:client-D91E5D1E15CE->f2ba01fc-a63e-4348-bd18-030b60a135e7@group-C8C62FEF0626, cid=2131, SUCCESS, logIndex=3119, commits[f2ba01fc-a63e-4348-bd18-030b60a135e7:c3120, eab135d4-a257-4705-b491-6c056b8c5df7:c3116, a4f67574-9018-43e7-8a54-351e98dc3d0a:c3116]
2019-08-23 07:09:05,606 [grpc-default-executor-3] INFO  client.GrpcClientProtocolClient (GrpcClientProtocolClient.java:onNext(255)) - client-D91E5D1E15CE->f2ba01fc-a63e-4348-bd18-030b60a135e7: receive RaftClientReply:client-D91E5D1E15CE->f2ba01fc-a63e-4348-bd18-030b60a135e7@group-C8C62FEF0626, cid=2132, SUCCESS, logIndex=3120, commits[f2ba01fc-a63e-4348-bd18-030b60a135e7:c3120, eab135d4-a257-4705-b491-6c056b8c5df7:c3116, a4f67574-9018-43e7-8a54-351e98dc3d0a:c3116]
2019-08-23 07:09:05,624 | INFO  | DNAudit | user=null | ip=null | op=WRITE_CHUNK {blockData=conID: 3 locID: 102665037117719085 bcsId: 0} | ret=SUCCESS |  
2019-08-23 07:09:05,624 | INFO  | DNAudit | user=null | ip=null | op=PUT_BLOCK {blockData=[blockId=conID: 3 locID: 102665037117719085 bcsId: 0,size=1048576]} | ret=SUCCESS |  
2019-08-23 07:09:05,626 | INFO  | DNAudit | user=null | ip=null | op=WRITE_CHUNK {blockData=conID: 3 locID: 102665037117719085 bcsId: 0} | ret=SUCCESS |  
2019-08-23 07:09:05,626 | INFO  | DNAudit | user=null | ip=null | op=WRITE_CHUNK {blockData=conID: 3 locID: 102665037117719085 bcsId: 0} | ret=SUCCESS |  
2019-08-23 07:09:05,626 | INFO  | DNAudit | user=null | ip=null | op=PUT_BLOCK {blockData=[blockId=conID: 3 locID: 102665037117719085 bcsId: 0,size=1048576]} | ret=SUCCESS |  
2019-08-23 07:09:05,626 | INFO  | DNAudit | user=null | ip=null | op=PUT_BLOCK {blockData=[blockId=conID: 3 locID: 102665037117719085 bcsId: 0,size=2097152]} | ret=SUCCESS |  
2019-08-23 07:09:05,626 | INFO  | DNAudit | user=null | ip=null | op=WRITE_CHUNK {blockData=conID: 3 locID: 102665037117719085 bcsId: 0} | ret=SUCCESS |  
2019-08-23 07:09:05,627 | INFO  | DNAudit | user=null | ip=null | op=PUT_BLOCK {blockData=[blockId=conID: 3 locID: 102665037117719085 bcsId: 0,size=2097152]} | ret=SUCCESS |  
2019-08-23 07:09:05,627 [grpc-default-executor-3] INFO  client.GrpcClientProtocolClient (GrpcClientProtocolClient.java:onNext(255)) - client-D91E5D1E15CE->f2ba01fc-a63e-4348-bd18-030b60a135e7: receive RaftClientReply:client-D91E5D1E15CE->f2ba01fc-a63e-4348-bd18-030b60a135e7@group-C8C62FEF0626, cid=2133, SUCCESS, logIndex=0, commits[f2ba01fc-a63e-4348-bd18-030b60a135e7:c3122, eab135d4-a257-4705-b491-6c056b8c5df7:c3118, a4f67574-9018-43e7-8a54-351e98dc3d0a:c3118]
2019-08-23 07:09:05,634 | INFO  | DNAudit | user=null | ip=null | op=WRITE_CHUNK {blockData=conID: 3 locID: 102665037117719085 bcsId: 3120} | ret=SUCCESS |  
2019-08-23 07:09:05,637 | INFO  | DNAudit | user=null | ip=null | op=WRITE_CHUNK {blockData=conID: 3 locID: 102665037117719085 bcsId: 3120} | ret=SUCCESS |  
2019-08-23 07:09:05,637 | INFO  | DNAudit | user=null | ip=null | op=WRITE_CHUNK {blockData=conID: 3 locID: 102665037117719085 bcsId: 3120} | ret=SUCCESS |  
2019-08-23 07:09:05,647 | INFO  | DNAudit | user=null | ip=null | op=WRITE_CHUNK {blockData=conID: 3 locID: 102665037117719085 bcsId: 3120} | ret=SUCCESS |  
2019-08-23 07:09:05,647 | INFO  | DNAudit | user=null | ip=null | op=PUT_BLOCK {blockData=[blockId=conID: 3 locID: 102665037117719085 bcsId: 0,size=3145728]} | ret=SUCCESS |  
2019-08-23 07:09:05,647 [grpc-default-executor-2] INFO  client.GrpcClientProtocolClient (GrpcClientProtocolClient.java:onNext(255)) - client-D91E5D1E15CE->f2ba01fc-a63e-4348-bd18-030b60a135e7: receive RaftClientReply:client-D91E5D1E15CE->f2ba01fc-a63e-4348-bd18-030b60a135e7@group-C8C62FEF0626, cid=2134, SUCCESS, logIndex=3125, commits[f2ba01fc-a63e-4348-bd18-030b60a135e7:c3126, eab135d4-a257-4705-b491-6c056b8c5df7:c3124, a4f67574-9018-43e7-8a54-351e98dc3d0a:c3124]
2019-08-23 07:09:05,648 [grpc-default-executor-2] INFO  client.GrpcClientProtocolClient (GrpcClientProtocolClient.java:onNext(255)) - client-D91E5D1E15CE->f2ba01fc-a63e-4348-bd18-030b60a135e7: receive RaftClientReply:client-D91E5D1E15CE->f2ba01fc-a63e-4348-bd18-030b60a135e7@group-C8C62FEF0626, cid=2135, SUCCESS, logIndex=3126, commits[f2ba01fc-a63e-4348-bd18-030b60a135e7:c3126, eab135d4-a257-4705-b491-6c056b8c5df7:c3124, a4f67574-9018-43e7-8a54-351e98dc3d0a:c3124]
2019-08-23 07:09:05,654 | INFO  | DNAudit | user=null | ip=null | op=WRITE_CHUNK {blockData=conID: 3 locID: 102665037117719085 bcsId: 3126} | ret=SUCCESS |  
2019-08-23 07:09:05,656 | INFO  | DNAudit | user=null | ip=null | op=WRITE_CHUNK {blockData=conID: 3 locID: 102665037117719085 bcsId: 3126} | ret=SUCCESS |  
2019-08-23 07:09:05,656 | INFO  | DNAudit | user=null | ip=null | op=WRITE_CHUNK {blockData=conID: 3 locID: 102665037117719085 bcsId: 3126} | ret=SUCCESS |  
2019-08-23 07:09:05,658 | INFO  | DNAudit | user=null | ip=null | op=WRITE_CHUNK {blockData=conID: 3 locID: 102665037117719085 bcsId: 3120} | ret=SUCCESS |  
2019-08-23 07:09:05,663 | INFO  | DNAudit | user=null | ip=null | op=WRITE_CHUNK {blockData=conID: 3 locID: 102665037117719085 bcsId: 3120} | ret=SUCCESS |  
2019-08-23 07:09:05,674 | INFO  | DNAudit | user=null | ip=null | op=PUT_BLOCK {blockData=[blockId=conID: 3 locID: 102665037117719085 bcsId: 0,size=3145728]} | ret=SUCCESS |  
2019-08-23 07:09:05,674 | INFO  | DNAudit | user=null | ip=null | op=PUT_BLOCK {blockData=[blockId=conID: 3 locID: 102665037117719085 bcsId: 0,size=3145728]} | ret=SUCCESS |  
2019-08-23 07:09:05,675 | INFO  | DNAudit | user=null | ip=null | op=WRITE_CHUNK {blockData=conID: 3 locID: 102665037117719085 bcsId: 3126} | ret=SUCCESS |  
2019-08-23 07:09:05,675 | INFO  | DNAudit | user=null | ip=null | op=PUT_BLOCK {blockData=[blockId=conID: 3 locID: 102665037117719085 bcsId: 0,size=4194304]} | ret=SUCCESS |  
2019-08-23 07:09:05,675 [grpc-default-executor-4] INFO  client.GrpcClientProtocolClient (GrpcClientProtocolClient.java:onNext(255)) - client-D91E5D1E15CE->f2ba01fc-a63e-4348-bd18-030b60a135e7: receive RaftClientReply:client-D91E5D1E15CE->f2ba01fc-a63e-4348-bd18-030b60a135e7@group-C8C62FEF0626, cid=2136, SUCCESS, logIndex=3129, commits[f2ba01fc-a63e-4348-bd18-030b60a135e7:c3130, eab135d4-a257-4705-b491-6c056b8c5df7:c3126, a4f67574-9018-43e7-8a54-351e98dc3d0a:c3126]
2019-08-23 07:09:05,676 [grpc-default-executor-4] INFO  client.GrpcClientProtocolClient (GrpcClientProtocolClient.java:onNext(255)) - client-D91E5D1E15CE->f2ba01fc-a63e-4348-bd18-030b60a135e7: receive RaftClientReply:client-D91E5D1E15CE->f2ba01fc-a63e-4348-bd18-030b60a135e7@group-C8C62FEF0626, cid=2137, SUCCESS, logIndex=3130, commits[f2ba01fc-a63e-4348-bd18-030b60a135e7:c3130, eab135d4-a257-4705-b491-6c056b8c5df7:c3126, a4f67574-9018-43e7-8a54-351e98dc3d0a:c3126]
2019-08-23 07:09:05,686 | INFO  | DNAudit | user=null | ip=null | op=WRITE_CHUNK {blockData=conID: 3 locID: 102665037117719085 bcsId: 3126} | ret=SUCCESS |  
2019-08-23 07:09:05,686 | INFO  | DNAudit | user=null | ip=null | op=WRITE_CHUNK {blockData=conID: 3 locID: 102665037117719085 bcsId: 3126} | ret=SUCCESS |  
2019-08-23 07:09:05,689 | INFO  | DNAudit | user=null | ip=null | op=PUT_BLOCK {blockData=[blockId=conID: 3 locID: 102665037117719085 bcsId: 0,size=4194304]} | ret=SUCCESS |  
2019-08-23 07:09:05,689 | INFO  | DNAudit | user=null | ip=null | op=PUT_BLOCK {blockData=[blockId=conID: 3 locID: 102665037117719085 bcsId: 0,size=4194304]} | ret=SUCCESS |  
2019-08-23 07:09:05,690 [grpc-default-executor-2] INFO  client.GrpcClientProtocolClient (GrpcClientProtocolClient.java:onNext(255)) - client-D91E5D1E15CE->f2ba01fc-a63e-4348-bd18-030b60a135e7: receive RaftClientReply:client-D91E5D1E15CE->f2ba01fc-a63e-4348-bd18-030b60a135e7@group-C8C62FEF0626, cid=2138, SUCCESS, logIndex=0, commits[f2ba01fc-a63e-4348-bd18-030b60a135e7:c3132, eab135d4-a257-4705-b491-6c056b8c5df7:c3130, a4f67574-9018-43e7-8a54-351e98dc3d0a:c3130]
2019-08-23 07:09:05,696 | INFO  | SCMAudit | user=jenkins1000 | ip=192.168.5.178 | op=ALLOCATE_BLOCK {owner=aaf04d22-10dd-4717-8862-c651bdde72cf, size=4194304, type=RATIS, factor=THREE} | ret=SUCCESS |  
2019-08-23 07:09:05,700 | INFO  | OMAudit | user=jenkins1000 | ip=127.0.0.1 | op=ALLOCATE_BLOCK {volume=vol-0-67663, bucket=bucket-0-68950, key=key-0-26970, dataSize=0, replicationType=null, replicationFactor=null, keyLocationInfo=null, clientID=102665036030476690} | ret=SUCCESS |  
2019-08-23 07:09:05,708 | INFO  | DNAudit | user=null | ip=null | op=WRITE_CHUNK {blockData=conID: 1 locID: 102665037132333614 bcsId: 0} | ret=SUCCESS |  
2019-08-23 07:09:05,710 | INFO  | DNAudit | user=null | ip=null | op=WRITE_CHUNK {blockData=conID: 1 locID: 102665037132333614 bcsId: 0} | ret=SUCCESS |  
2019-08-23 07:09:05,710 | INFO  | DNAudit | user=null | ip=null | op=WRITE_CHUNK {blockData=conID: 1 locID: 102665037132333614 bcsId: 0} | ret=SUCCESS |  
2019-08-23 07:09:05,710 | INFO  | DNAudit | user=null | ip=null | op=WRITE_CHUNK {blockData=conID: 1 locID: 102665037132333614 bcsId: 0} | ret=SUCCESS |  
2019-08-23 07:09:05,711 | INFO  | DNAudit | user=null | ip=null | op=WRITE_CHUNK {blockData=conID: 1 locID: 102665037132333614 bcsId: 0} | ret=SUCCESS |  
2019-08-23 07:09:05,711 | INFO  | DNAudit | user=null | ip=null | op=WRITE_CHUNK {blockData=conID: 1 locID: 102665037132333614 bcsId: 0} | ret=SUCCESS |  
2019-08-23 07:09:05,722 | INFO  | DNAudit | user=null | ip=null | op=WRITE_CHUNK {blockData=conID: 1 locID: 102665037132333614 bcsId: 0} | ret=SUCCESS |  
2019-08-23 07:09:05,723 | INFO  | DNAudit | user=null | ip=null | op=PUT_BLOCK {blockData=[blockId=conID: 1 locID: 102665037132333614 bcsId: 0,size=1048576]} | ret=SUCCESS |  
2019-08-23 07:09:05,723 [grpc-default-executor-3] INFO  client.GrpcClientProtocolClient (GrpcClientProtocolClient.java:onNext(255)) - client-D91E5D1E15CE->f2ba01fc-a63e-4348-bd18-030b60a135e7: receive RaftClientReply:client-D91E5D1E15CE->f2ba01fc-a63e-4348-bd18-030b60a135e7@group-C8C62FEF0626, cid=2139, SUCCESS, logIndex=3133, commits[f2ba01fc-a63e-4348-bd18-030b60a135e7:c3134, eab135d4-a257-4705-b491-6c056b8c5df7:c3132, a4f67574-9018-43e7-8a54-351e98dc3d0a:c3132]
2019-08-23 07:09:05,723 | INFO  | DNAudit | user=null | ip=null | op=WRITE_CHUNK {blockData=conID: 1 locID: 102665037132333614 bcsId: 0} | ret=SUCCESS |  
2019-08-23 07:09:05,724 | INFO  | DNAudit | user=null | ip=null | op=PUT_BLOCK {blockData=[blockId=conID: 1 locID: 102665037132333614 bcsId: 0,size=2097152]} | ret=SUCCESS |  
2019-08-23 07:09:05,724 [grpc-default-executor-3] INFO  client.GrpcClientProtocolClient (GrpcClientProtocolClient.java:onNext(255)) - client-D91E5D1E15CE->f2ba01fc-a63e-4348-bd18-030b60a135e7: receive RaftClientReply:client-D91E5D1E15CE->f2ba01fc-a63e-4348-bd18-030b60a135e7@group-C8C62FEF0626, cid=2140, SUCCESS, logIndex=3134, commits[f2ba01fc-a63e-4348-bd18-030b60a135e7:c3136, eab135d4-a257-4705-b491-6c056b8c5df7:c3132, a4f67574-9018-43e7-8a54-351e98dc3d0a:c3132]
2019-08-23 07:09:05,724 | INFO  | DNAudit | user=null | ip=null | op=WRITE_CHUNK {blockData=conID: 1 locID: 102665037132333614 bcsId: 0} | ret=SUCCESS |  
2019-08-23 07:09:05,724 | INFO  | DNAudit | user=null | ip=null | op=WRITE_CHUNK {blockData=conID: 1 locID: 102665037132333614 bcsId: 0} | ret=SUCCESS |  
2019-08-23 07:09:05,724 | INFO  | DNAudit | user=null | ip=null | op=PUT_BLOCK {blockData=[blockId=conID: 1 locID: 102665037132333614 bcsId: 0,size=1048576]} | ret=SUCCESS |  
2019-08-23 07:09:05,724 [grpc-default-executor-4] INFO  client.GrpcClientProtocolClient (GrpcClientProtocolClient.java:onNext(255)) - client-D91E5D1E15CE->f2ba01fc-a63e-4348-bd18-030b60a135e7: receive RaftClientReply:client-D91E5D1E15CE->f2ba01fc-a63e-4348-bd18-030b60a135e7@group-C8C62FEF0626, cid=2141, SUCCESS, logIndex=3135, commits[f2ba01fc-a63e-4348-bd18-030b60a135e7:c3136, eab135d4-a257-4705-b491-6c056b8c5df7:c3132, a4f67574-9018-43e7-8a54-351e98dc3d0a:c3132]
2019-08-23 07:09:05,725 | INFO  | DNAudit | user=null | ip=null | op=PUT_BLOCK {blockData=[blockId=conID: 1 locID: 102665037132333614 bcsId: 0,size=1048576]} | ret=SUCCESS |  
2019-08-23 07:09:05,725 [grpc-default-executor-4] INFO  client.GrpcClientProtocolClient (GrpcClientProtocolClient.java:onNext(255)) - client-D91E5D1E15CE->f2ba01fc-a63e-4348-bd18-030b60a135e7: receive RaftClientReply:client-D91E5D1E15CE->f2ba01fc-a63e-4348-bd18-030b60a135e7@group-C8C62FEF0626, cid=2142, SUCCESS, logIndex=3136, commits[f2ba01fc-a63e-4348-bd18-030b60a135e7:c3136, eab135d4-a257-4705-b491-6c056b8c5df7:c3132, a4f67574-9018-43e7-8a54-351e98dc3d0a:c3132]
2019-08-23 07:09:05,726 [grpc-default-executor-4] INFO  client.GrpcClientProtocolClient (GrpcClientProtocolClient.java:onNext(255)) - client-D91E5D1E15CE->f2ba01fc-a63e-4348-bd18-030b60a135e7: receive RaftClientReply:client-D91E5D1E15CE->f2ba01fc-a63e-4348-bd18-030b60a135e7@group-C8C62FEF0626, cid=2143, SUCCESS, logIndex=0, commits[f2ba01fc-a63e-4348-bd18-030b60a135e7:c3138, eab135d4-a257-4705-b491-6c056b8c5df7:c3134, a4f67574-9018-43e7-8a54-351e98dc3d0a:c3134]
2019-08-23 07:09:05,727 | INFO  | DNAudit | user=null | ip=null | op=WRITE_CHUNK {blockData=conID: 1 locID: 102665037132333614 bcsId: 0} | ret=SUCCESS |  
2019-08-23 07:09:05,727 | INFO  | DNAudit | user=null | ip=null | op=WRITE_CHUNK {blockData=conID: 1 locID: 102665037132333614 bcsId: 0} | ret=SUCCESS |  
2019-08-23 07:09:05,727 | INFO  | DNAudit | user=null | ip=null | op=PUT_BLOCK {blockData=[blockId=conID: 1 locID: 102665037132333614 bcsId: 0,size=2097152]} | ret=SUCCESS |  
2019-08-23 07:09:05,727 | INFO  | DNAudit | user=null | ip=null | op=PUT_BLOCK {blockData=[blockId=conID: 1 locID: 102665037132333614 bcsId: 0,size=2097152]} | ret=SUCCESS |  
2019-08-23 07:09:05,732 | INFO  | DNAudit | user=null | ip=null | op=WRITE_CHUNK {blockData=conID: 1 locID: 102665037132333614 bcsId: 3136} | ret=SUCCESS |  
2019-08-23 07:09:05,734 | INFO  | DNAudit | user=null | ip=null | op=WRITE_CHUNK {blockData=conID: 1 locID: 102665037132333614 bcsId: 3136} | ret=SUCCESS |  
2019-08-23 07:09:05,735 | INFO  | DNAudit | user=null | ip=null | op=WRITE_CHUNK {blockData=conID: 1 locID: 102665037132333614 bcsId: 3136} | ret=SUCCESS |  
2019-08-23 07:09:05,739 | INFO  | DNAudit | user=null | ip=null | op=WRITE_CHUNK {blockData=conID: 1 locID: 102665037132333614 bcsId: 3136} | ret=SUCCESS |  
2019-08-23 07:09:05,739 | INFO  | DNAudit | user=null | ip=null | op=PUT_BLOCK {blockData=[blockId=conID: 1 locID: 102665037132333614 bcsId: 0,size=3145728]} | ret=SUCCESS |  
2019-08-23 07:09:05,739 [grpc-default-executor-6] INFO  client.GrpcClientProtocolClient (GrpcClientProtocolClient.java:onNext(255)) - client-D91E5D1E15CE->f2ba01fc-a63e-4348-bd18-030b60a135e7: receive RaftClientReply:client-D91E5D1E15CE->f2ba01fc-a63e-4348-bd18-030b60a135e7@group-C8C62FEF0626, cid=2144, SUCCESS, logIndex=3140, commits[f2ba01fc-a63e-4348-bd18-030b60a135e7:c3141, eab135d4-a257-4705-b491-6c056b8c5df7:c3138, a4f67574-9018-43e7-8a54-351e98dc3d0a:c3138]
2019-08-23 07:09:05,740 [grpc-default-executor-6] INFO  client.GrpcClientProtocolClient (GrpcClientProtocolClient.java:onNext(255)) - client-D91E5D1E15CE->f2ba01fc-a63e-4348-bd18-030b60a135e7: receive RaftClientReply:client-D91E5D1E15CE->f2ba01fc-a63e-4348-bd18-030b60a135e7@group-C8C62FEF0626, cid=2145, SUCCESS, logIndex=3141, commits[f2ba01fc-a63e-4348-bd18-030b60a135e7:c3141, eab135d4-a257-4705-b491-6c056b8c5df7:c3138, a4f67574-9018-43e7-8a54-351e98dc3d0a:c3138]
2019-08-23 07:09:05,747 | INFO  | DNAudit | user=null | ip=null | op=WRITE_CHUNK {blockData=conID: 1 locID: 102665037132333614 bcsId: 3141} | ret=SUCCESS |  
2019-08-23 07:09:05,749 | INFO  | DNAudit | user=null | ip=null | op=WRITE_CHUNK {blockData=conID: 1 locID: 102665037132333614 bcsId: 3141} | ret=SUCCESS |  
2019-08-23 07:09:05,749 | INFO  | DNAudit | user=null | ip=null | op=WRITE_CHUNK {blockData=conID: 1 locID: 102665037132333614 bcsId: 3141} | ret=SUCCESS |  
2019-08-23 07:09:05,750 | INFO  | DNAudit | user=null | ip=null | op=WRITE_CHUNK {blockData=conID: 1 locID: 102665037132333614 bcsId: 3136} | ret=SUCCESS |  
2019-08-23 07:09:05,750 | INFO  | DNAudit | user=null | ip=null | op=WRITE_CHUNK {blockData=conID: 1 locID: 102665037132333614 bcsId: 3136} | ret=SUCCESS |  
2019-08-23 07:09:05,751 | INFO  | DNAudit | user=null | ip=null | op=PUT_BLOCK {blockData=[blockId=conID: 1 locID: 102665037132333614 bcsId: 0,size=3145728]} | ret=SUCCESS |  
2019-08-23 07:09:05,752 | INFO  | DNAudit | user=null | ip=null | op=WRITE_CHUNK {blockData=conID: 1 locID: 102665037132333614 bcsId: 3141} | ret=SUCCESS |  
2019-08-23 07:09:05,752 | INFO  | DNAudit | user=null | ip=null | op=PUT_BLOCK {blockData=[blockId=conID: 1 locID: 102665037132333614 bcsId: 0,size=3145728]} | ret=SUCCESS |  
2019-08-23 07:09:05,752 | INFO  | DNAudit | user=null | ip=null | op=PUT_BLOCK {blockData=[blockId=conID: 1 locID: 102665037132333614 bcsId: 0,size=4194304]} | ret=SUCCESS |  
2019-08-23 07:09:05,752 [grpc-default-executor-6] INFO  client.GrpcClientProtocolClient (GrpcClientProtocolClient.java:onNext(255)) - client-D91E5D1E15CE->f2ba01fc-a63e-4348-bd18-030b60a135e7: receive RaftClientReply:client-D91E5D1E15CE->f2ba01fc-a63e-4348-bd18-030b60a135e7@group-C8C62FEF0626, cid=2146, SUCCESS, logIndex=3144, commits[f2ba01fc-a63e-4348-bd18-030b60a135e7:c3145, eab135d4-a257-4705-b491-6c056b8c5df7:c3141, a4f67574-9018-43e7-8a54-351e98dc3d0a:c3141]
2019-08-23 07:09:05,753 [grpc-default-executor-6] INFO  client.GrpcClientProtocolClient (GrpcClientProtocolClient.java:onNext(255)) - client-D91E5D1E15CE->f2ba01fc-a63e-4348-bd18-030b60a135e7: receive RaftClientReply:client-D91E5D1E15CE->f2ba01fc-a63e-4348-bd18-030b60a135e7@group-C8C62FEF0626, cid=2147, SUCCESS, logIndex=3145, commits[f2ba01fc-a63e-4348-bd18-030b60a135e7:c3145, eab135d4-a257-4705-b491-6c056b8c5df7:c3141, a4f67574-9018-43e7-8a54-351e98dc3d0a:c3141]
2019-08-23 07:09:05,753 | INFO  | DNAudit | user=null | ip=null | op=WRITE_CHUNK {blockData=conID: 1 locID: 102665037132333614 bcsId: 3141} | ret=SUCCESS |  
2019-08-23 07:09:05,753 | INFO  | DNAudit | user=null | ip=null | op=WRITE_CHUNK {blockData=conID: 1 locID: 102665037132333614 bcsId: 3141} | ret=SUCCESS |  
2019-08-23 07:09:05,753 | INFO  | DNAudit | user=null | ip=null | op=PUT_BLOCK {blockData=[blockId=conID: 1 locID: 102665037132333614 bcsId: 0,size=4194304]} | ret=SUCCESS |  
2019-08-23 07:09:05,753 | INFO  | DNAudit | user=null | ip=null | op=PUT_BLOCK {blockData=[blockId=conID: 1 locID: 102665037132333614 bcsId: 0,size=4194304]} | ret=SUCCESS |  
2019-08-23 07:09:05,754 [grpc-default-executor-6] INFO  client.GrpcClientProtocolClient (GrpcClientProtocolClient.java:onNext(255)) - client-D91E5D1E15CE->f2ba01fc-a63e-4348-bd18-030b60a135e7: receive RaftClientReply:client-D91E5D1E15CE->f2ba01fc-a63e-4348-bd18-030b60a135e7@group-C8C62FEF0626, cid=2148, SUCCESS, logIndex=0, commits[f2ba01fc-a63e-4348-bd18-030b60a135e7:c3146, eab135d4-a257-4705-b491-6c056b8c5df7:c3145, a4f67574-9018-43e7-8a54-351e98dc3d0a:c3145]
2019-08-23 07:09:05,755 | INFO  | SCMAudit | user=jenkins1000 | ip=192.168.5.178 | op=SEND_HEARTBEAT {datanodeUUID=eab135d4-a257-4705-b491-6c056b8c5df7, command=[]} | ret=SUCCESS |  
2019-08-23 07:09:05,755 | INFO  | SCMAudit | user=jenkins1000 | ip=192.168.5.178 | op=SEND_HEARTBEAT {datanodeUUID=a4f67574-9018-43e7-8a54-351e98dc3d0a, command=[]} | ret=SUCCESS |  
2019-08-23 07:09:05,755 | INFO  | SCMAudit | user=jenkins1000 | ip=192.168.5.178 | op=SEND_HEARTBEAT {datanodeUUID=f2ba01fc-a63e-4348-bd18-030b60a135e7, command=[]} | ret=SUCCESS |  
2019-08-23 07:09:05,759 | INFO  | SCMAudit | user=jenkins1000 | ip=192.168.5.178 | op=ALLOCATE_BLOCK {owner=aaf04d22-10dd-4717-8862-c651bdde72cf, size=4194304, type=RATIS, factor=THREE} | ret=SUCCESS |  
2019-08-23 07:09:05,762 | INFO  | OMAudit | user=jenkins1000 | ip=127.0.0.1 | op=ALLOCATE_BLOCK {volume=vol-0-67663, bucket=bucket-0-68950, key=key-0-26970, dataSize=0, replicationType=null, replicationFactor=null, keyLocationInfo=null, clientID=102665036030476690} | ret=SUCCESS |  
2019-08-23 07:09:05,770 | INFO  | DNAudit | user=null | ip=null | op=WRITE_CHUNK {blockData=conID: 2 locID: 102665037136462383 bcsId: 0} | ret=SUCCESS |  
2019-08-23 07:09:05,772 | INFO  | DNAudit | user=null | ip=null | op=WRITE_CHUNK {blockData=conID: 2 locID: 102665037136462383 bcsId: 0} | ret=SUCCESS |  
2019-08-23 07:09:05,773 | INFO  | DNAudit | user=null | ip=null | op=WRITE_CHUNK {blockData=conID: 2 locID: 102665037136462383 bcsId: 0} | ret=SUCCESS |  
2019-08-23 07:09:05,773 | INFO  | DNAudit | user=null | ip=null | op=WRITE_CHUNK {blockData=conID: 2 locID: 102665037136462383 bcsId: 0} | ret=SUCCESS |  
2019-08-23 07:09:05,775 | INFO  | DNAudit | user=null | ip=null | op=WRITE_CHUNK {blockData=conID: 2 locID: 102665037136462383 bcsId: 0} | ret=SUCCESS |  
2019-08-23 07:09:05,775 | INFO  | DNAudit | user=null | ip=null | op=WRITE_CHUNK {blockData=conID: 2 locID: 102665037136462383 bcsId: 0} | ret=SUCCESS |  
2019-08-23 07:09:05,782 | INFO  | DNAudit | user=null | ip=null | op=WRITE_CHUNK {blockData=conID: 2 locID: 102665037136462383 bcsId: 0} | ret=SUCCESS |  
2019-08-23 07:09:05,782 | INFO  | DNAudit | user=null | ip=null | op=PUT_BLOCK {blockData=[blockId=conID: 2 locID: 102665037136462383 bcsId: 0,size=1048576]} | ret=SUCCESS |  
2019-08-23 07:09:05,783 [grpc-default-executor-6] INFO  client.GrpcClientProtocolClient (GrpcClientProtocolClient.java:onNext(255)) - client-D91E5D1E15CE->f2ba01fc-a63e-4348-bd18-030b60a135e7: receive RaftClientReply:client-D91E5D1E15CE->f2ba01fc-a63e-4348-bd18-030b60a135e7@group-C8C62FEF0626, cid=2149, SUCCESS, logIndex=3148, commits[f2ba01fc-a63e-4348-bd18-030b60a135e7:c3149, eab135d4-a257-4705-b491-6c056b8c5df7:c3147, a4f67574-9018-43e7-8a54-351e98dc3d0a:c3147]
2019-08-23 07:09:05,783 | INFO  | DNAudit | user=null | ip=null | op=WRITE_CHUNK {blockData=conID: 2 locID: 102665037136462383 bcsId: 0} | ret=SUCCESS |  
2019-08-23 07:09:05,783 [grpc-default-executor-6] INFO  client.GrpcClientProtocolClient (GrpcClientProtocolClient.java:onNext(255)) - client-D91E5D1E15CE->f2ba01fc-a63e-4348-bd18-030b60a135e7: receive RaftClientReply:client-D91E5D1E15CE->f2ba01fc-a63e-4348-bd18-030b60a135e7@group-C8C62FEF0626, cid=2150, SUCCESS, logIndex=3149, commits[f2ba01fc-a63e-4348-bd18-030b60a135e7:c3149, eab135d4-a257-4705-b491-6c056b8c5df7:c3147, a4f67574-9018-43e7-8a54-351e98dc3d0a:c3147]
2019-08-23 07:09:05,784 | INFO  | DNAudit | user=null | ip=null | op=PUT_BLOCK {blockData=[blockId=conID: 2 locID: 102665037136462383 bcsId: 0,size=2097152]} | ret=SUCCESS |  
2019-08-23 07:09:05,784 [grpc-default-executor-3] INFO  client.GrpcClientProtocolClient (GrpcClientProtocolClient.java:onNext(255)) - client-D91E5D1E15CE->f2ba01fc-a63e-4348-bd18-030b60a135e7: receive RaftClientReply:client-D91E5D1E15CE->f2ba01fc-a63e-4348-bd18-030b60a135e7@group-C8C62FEF0626, cid=2151, SUCCESS, logIndex=3150, commits[f2ba01fc-a63e-4348-bd18-030b60a135e7:c3150, eab135d4-a257-4705-b491-6c056b8c5df7:c3147, a4f67574-9018-43e7-8a54-351e98dc3d0a:c3147]
2019-08-23 07:09:05,784 | INFO  | DNAudit | user=null | ip=null | op=WRITE_CHUNK {blockData=conID: 2 locID: 102665037136462383 bcsId: 0} | ret=SUCCESS |  
2019-08-23 07:09:05,784 [grpc-default-executor-3] INFO  client.GrpcClientProtocolClient (GrpcClientProtocolClient.java:onNext(255)) - client-D91E5D1E15CE->f2ba01fc-a63e-4348-bd18-030b60a135e7: receive RaftClientReply:client-D91E5D1E15CE->f2ba01fc-a63e-4348-bd18-030b60a135e7@group-C8C62FEF0626, cid=2152, SUCCESS, logIndex=3151, commits[f2ba01fc-a63e-4348-bd18-030b60a135e7:c3151, eab135d4-a257-4705-b491-6c056b8c5df7:c3147, a4f67574-9018-43e7-8a54-351e98dc3d0a:c3147]
2019-08-23 07:09:05,784 | INFO  | DNAudit | user=null | ip=null | op=PUT_BLOCK {blockData=[blockId=conID: 2 locID: 102665037136462383 bcsId: 0,size=1048576]} | ret=SUCCESS |  
2019-08-23 07:09:05,785 | INFO  | DNAudit | user=null | ip=null | op=WRITE_CHUNK {blockData=conID: 2 locID: 102665037136462383 bcsId: 0} | ret=SUCCESS |  
2019-08-23 07:09:05,785 | INFO  | DNAudit | user=null | ip=null | op=PUT_BLOCK {blockData=[blockId=conID: 2 locID: 102665037136462383 bcsId: 0,size=1048576]} | ret=SUCCESS |  
2019-08-23 07:09:05,785 | INFO  | DNAudit | user=null | ip=null | op=WRITE_CHUNK {blockData=conID: 2 locID: 102665037136462383 bcsId: 0} | ret=SUCCESS |  
2019-08-23 07:09:05,785 | INFO  | DNAudit | user=null | ip=null | op=WRITE_CHUNK {blockData=conID: 2 locID: 102665037136462383 bcsId: 0} | ret=SUCCESS |  
2019-08-23 07:09:05,785 [grpc-default-executor-6] INFO  client.GrpcClientProtocolClient (GrpcClientProtocolClient.java:onNext(255)) - client-D91E5D1E15CE->f2ba01fc-a63e-4348-bd18-030b60a135e7: receive RaftClientReply:client-D91E5D1E15CE->f2ba01fc-a63e-4348-bd18-030b60a135e7@group-C8C62FEF0626, cid=2153, SUCCESS, logIndex=0, commits[f2ba01fc-a63e-4348-bd18-030b60a135e7:c3153, eab135d4-a257-4705-b491-6c056b8c5df7:c3149, a4f67574-9018-43e7-8a54-351e98dc3d0a:c3149]
2019-08-23 07:09:05,786 | INFO  | DNAudit | user=null | ip=null | op=PUT_BLOCK {blockData=[blockId=conID: 2 locID: 102665037136462383 bcsId: 0,size=2097152]} | ret=SUCCESS |  
2019-08-23 07:09:05,786 | INFO  | DNAudit | user=null | ip=null | op=PUT_BLOCK {blockData=[blockId=conID: 2 locID: 102665037136462383 bcsId: 0,size=2097152]} | ret=SUCCESS |  
2019-08-23 07:09:05,792 | INFO  | DNAudit | user=null | ip=null | op=WRITE_CHUNK {blockData=conID: 2 locID: 102665037136462383 bcsId: 3151} | ret=SUCCESS |  
2019-08-23 07:09:05,795 | INFO  | DNAudit | user=null | ip=null | op=WRITE_CHUNK {blockData=conID: 2 locID: 102665037136462383 bcsId: 3151} | ret=SUCCESS |  
2019-08-23 07:09:05,795 | INFO  | DNAudit | user=null | ip=null | op=WRITE_CHUNK {blockData=conID: 2 locID: 102665037136462383 bcsId: 3151} | ret=SUCCESS |  
2019-08-23 07:09:05,805 | INFO  | DNAudit | user=null | ip=null | op=WRITE_CHUNK {blockData=conID: 2 locID: 102665037136462383 bcsId: 3151} | ret=SUCCESS |  
2019-08-23 07:09:05,805 | INFO  | DNAudit | user=null | ip=null | op=PUT_BLOCK {blockData=[blockId=conID: 2 locID: 102665037136462383 bcsId: 0,size=3145728]} | ret=SUCCESS |  
2019-08-23 07:09:05,805 [grpc-default-executor-3] INFO  client.GrpcClientProtocolClient (GrpcClientProtocolClient.java:onNext(255)) - client-D91E5D1E15CE->f2ba01fc-a63e-4348-bd18-030b60a135e7: receive RaftClientReply:client-D91E5D1E15CE->f2ba01fc-a63e-4348-bd18-030b60a135e7@group-C8C62FEF0626, cid=2154, SUCCESS, logIndex=3156, commits[f2ba01fc-a63e-4348-bd18-030b60a135e7:c3157, eab135d4-a257-4705-b491-6c056b8c5df7:c3155, a4f67574-9018-43e7-8a54-351e98dc3d0a:c3155]
2019-08-23 07:09:05,806 [grpc-default-executor-3] INFO  client.GrpcClientProtocolClient (GrpcClientProtocolClient.java:onNext(255)) - client-D91E5D1E15CE->f2ba01fc-a63e-4348-bd18-030b60a135e7: receive RaftClientReply:client-D91E5D1E15CE->f2ba01fc-a63e-4348-bd18-030b60a135e7@group-C8C62FEF0626, cid=2155, SUCCESS, logIndex=3157, commits[f2ba01fc-a63e-4348-bd18-030b60a135e7:c3157, eab135d4-a257-4705-b491-6c056b8c5df7:c3155, a4f67574-9018-43e7-8a54-351e98dc3d0a:c3155]
2019-08-23 07:09:05,812 | INFO  | DNAudit | user=null | ip=null | op=WRITE_CHUNK {blockData=conID: 2 locID: 102665037136462383 bcsId: 3157} | ret=SUCCESS |  
2019-08-23 07:09:05,814 | INFO  | DNAudit | user=null | ip=null | op=WRITE_CHUNK {blockData=conID: 2 locID: 102665037136462383 bcsId: 3157} | ret=SUCCESS |  
2019-08-23 07:09:05,814 | INFO  | DNAudit | user=null | ip=null | op=WRITE_CHUNK {blockData=conID: 2 locID: 102665037136462383 bcsId: 3157} | ret=SUCCESS |  
2019-08-23 07:09:05,816 | INFO  | DNAudit | user=null | ip=null | op=WRITE_CHUNK {blockData=conID: 2 locID: 102665037136462383 bcsId: 3151} | ret=SUCCESS |  
2019-08-23 07:09:05,816 | INFO  | DNAudit | user=null | ip=null | op=WRITE_CHUNK {blockData=conID: 2 locID: 102665037136462383 bcsId: 3151} | ret=SUCCESS |  
2019-08-23 07:09:05,819 | INFO  | DNAudit | user=null | ip=null | op=PUT_BLOCK {blockData=[blockId=conID: 2 locID: 102665037136462383 bcsId: 0,size=3145728]} | ret=SUCCESS |  
2019-08-23 07:09:05,819 | INFO  | DNAudit | user=null | ip=null | op=PUT_BLOCK {blockData=[blockId=conID: 2 locID: 102665037136462383 bcsId: 0,size=3145728]} | ret=SUCCESS |  
2019-08-23 07:09:05,820 | INFO  | DNAudit | user=null | ip=null | op=WRITE_CHUNK {blockData=conID: 2 locID: 102665037136462383 bcsId: 3157} | ret=SUCCESS |  
2019-08-23 07:09:05,820 | INFO  | DNAudit | user=null | ip=null | op=PUT_BLOCK {blockData=[blockId=conID: 2 locID: 102665037136462383 bcsId: 0,size=4194304]} | ret=SUCCESS |  
2019-08-23 07:09:05,820 [grpc-default-executor-6] INFO  client.GrpcClientProtocolClient (GrpcClientProtocolClient.java:onNext(255)) - client-D91E5D1E15CE->f2ba01fc-a63e-4348-bd18-030b60a135e7: receive RaftClientReply:client-D91E5D1E15CE->f2ba01fc-a63e-4348-bd18-030b60a135e7@group-C8C62FEF0626, cid=2156, SUCCESS, logIndex=3160, commits[f2ba01fc-a63e-4348-bd18-030b60a135e7:c3161, eab135d4-a257-4705-b491-6c056b8c5df7:c3157, a4f67574-9018-43e7-8a54-351e98dc3d0a:c3157]
2019-08-23 07:09:05,820 [grpc-default-executor-6] INFO  client.GrpcClientProtocolClient (GrpcClientProtocolClient.java:onNext(255)) - client-D91E5D1E15CE->f2ba01fc-a63e-4348-bd18-030b60a135e7: receive RaftClientReply:client-D91E5D1E15CE->f2ba01fc-a63e-4348-bd18-030b60a135e7@group-C8C62FEF0626, cid=2157, SUCCESS, logIndex=3161, commits[f2ba01fc-a63e-4348-bd18-030b60a135e7:c3161, eab135d4-a257-4705-b491-6c056b8c5df7:c3157, a4f67574-9018-43e7-8a54-351e98dc3d0a:c3157]
2019-08-23 07:09:05,822 | INFO  | DNAudit | user=null | ip=null | op=WRITE_CHUNK {blockData=conID: 2 locID: 102665037136462383 bcsId: 3157} | ret=SUCCESS |  
2019-08-23 07:09:05,822 | INFO  | DNAudit | user=null | ip=null | op=WRITE_CHUNK {blockData=conID: 2 locID: 102665037136462383 bcsId: 3157} | ret=SUCCESS |  
2019-08-23 07:09:05,822 | INFO  | DNAudit | user=null | ip=null | op=PUT_BLOCK {blockData=[blockId=conID: 2 locID: 102665037136462383 bcsId: 0,size=4194304]} | ret=SUCCESS |  
2019-08-23 07:09:05,822 | INFO  | DNAudit | user=null | ip=null | op=PUT_BLOCK {blockData=[blockId=conID: 2 locID: 102665037136462383 bcsId: 0,size=4194304]} | ret=SUCCESS |  
2019-08-23 07:09:05,823 [grpc-default-executor-6] INFO  client.GrpcClientProtocolClient (GrpcClientProtocolClient.java:onNext(255)) - client-D91E5D1E15CE->f2ba01fc-a63e-4348-bd18-030b60a135e7: receive RaftClientReply:client-D91E5D1E15CE->f2ba01fc-a63e-4348-bd18-030b60a135e7@group-C8C62FEF0626, cid=2158, SUCCESS, logIndex=0, commits[f2ba01fc-a63e-4348-bd18-030b60a135e7:c3162, eab135d4-a257-4705-b491-6c056b8c5df7:c3161, a4f67574-9018-43e7-8a54-351e98dc3d0a:c3161]
2019-08-23 07:09:05,827 | INFO  | SCMAudit | user=jenkins1000 | ip=192.168.5.178 | op=ALLOCATE_BLOCK {owner=aaf04d22-10dd-4717-8862-c651bdde72cf, size=4194304, type=RATIS, factor=THREE} | ret=SUCCESS |  
2019-08-23 07:09:05,829 | INFO  | OMAudit | user=jenkins1000 | ip=127.0.0.1 | op=ALLOCATE_BLOCK {volume=vol-0-67663, bucket=bucket-0-68950, key=key-0-26970, dataSize=0, replicationType=null, replicationFactor=null, keyLocationInfo=null, clientID=102665036030476690} | ret=SUCCESS |  
2019-08-23 07:09:05,836 | INFO  | DNAudit | user=null | ip=null | op=WRITE_CHUNK {blockData=conID: 3 locID: 102665037140918832 bcsId: 0} | ret=SUCCESS |  
2019-08-23 07:09:05,838 | INFO  | DNAudit | user=null | ip=null | op=WRITE_CHUNK {blockData=conID: 3 locID: 102665037140918832 bcsId: 0} | ret=SUCCESS |  
2019-08-23 07:09:05,838 | INFO  | DNAudit | user=null | ip=null | op=WRITE_CHUNK {blockData=conID: 3 locID: 102665037140918832 bcsId: 0} | ret=SUCCESS |  
2019-08-23 07:09:05,838 | INFO  | DNAudit | user=null | ip=null | op=WRITE_CHUNK {blockData=conID: 3 locID: 102665037140918832 bcsId: 0} | ret=SUCCESS |  
2019-08-23 07:09:05,840 | INFO  | DNAudit | user=null | ip=null | op=WRITE_CHUNK {blockData=conID: 3 locID: 102665037140918832 bcsId: 0} | ret=SUCCESS |  
2019-08-23 07:09:05,841 | INFO  | DNAudit | user=null | ip=null | op=WRITE_CHUNK {blockData=conID: 3 locID: 102665037140918832 bcsId: 0} | ret=SUCCESS |  
2019-08-23 07:09:05,841 | INFO  | DNAudit | user=null | ip=null | op=WRITE_CHUNK {blockData=conID: 3 locID: 102665037140918832 bcsId: 0} | ret=SUCCESS |  
2019-08-23 07:09:05,841 | INFO  | DNAudit | user=null | ip=null | op=PUT_BLOCK {blockData=[blockId=conID: 3 locID: 102665037140918832 bcsId: 0,size=1048576]} | ret=SUCCESS |  
2019-08-23 07:09:05,841 [grpc-default-executor-3] INFO  client.GrpcClientProtocolClient (GrpcClientProtocolClient.java:onNext(255)) - client-D91E5D1E15CE->f2ba01fc-a63e-4348-bd18-030b60a135e7: receive RaftClientReply:client-D91E5D1E15CE->f2ba01fc-a63e-4348-bd18-030b60a135e7@group-C8C62FEF0626, cid=2159, SUCCESS, logIndex=3164, commits[f2ba01fc-a63e-4348-bd18-030b60a135e7:c3165, eab135d4-a257-4705-b491-6c056b8c5df7:c3161, a4f67574-9018-43e7-8a54-351e98dc3d0a:c3163]
2019-08-23 07:09:05,842 [grpc-default-executor-3] INFO  client.GrpcClientProtocolClient (GrpcClientProtocolClient.java:onNext(255)) - client-D91E5D1E15CE->f2ba01fc-a63e-4348-bd18-030b60a135e7: receive RaftClientReply:client-D91E5D1E15CE->f2ba01fc-a63e-4348-bd18-030b60a135e7@group-C8C62FEF0626, cid=2160, SUCCESS, logIndex=3165, commits[f2ba01fc-a63e-4348-bd18-030b60a135e7:c3165, eab135d4-a257-4705-b491-6c056b8c5df7:c3163, a4f67574-9018-43e7-8a54-351e98dc3d0a:c3163]
2019-08-23 07:09:05,842 | INFO  | DNAudit | user=null | ip=null | op=WRITE_CHUNK {blockData=conID: 3 locID: 102665037140918832 bcsId: 0} | ret=SUCCESS |  
2019-08-23 07:09:05,842 | INFO  | DNAudit | user=null | ip=null | op=WRITE_CHUNK {blockData=conID: 3 locID: 102665037140918832 bcsId: 0} | ret=SUCCESS |  
2019-08-23 07:09:05,843 | INFO  | DNAudit | user=null | ip=null | op=PUT_BLOCK {blockData=[blockId=conID: 3 locID: 102665037140918832 bcsId: 0,size=1048576]} | ret=SUCCESS |  
2019-08-23 07:09:05,843 | INFO  | DNAudit | user=null | ip=null | op=PUT_BLOCK {blockData=[blockId=conID: 3 locID: 102665037140918832 bcsId: 0,size=2097152]} | ret=SUCCESS |  
2019-08-23 07:09:05,843 | INFO  | DNAudit | user=null | ip=null | op=WRITE_CHUNK {blockData=conID: 3 locID: 102665037140918832 bcsId: 0} | ret=SUCCESS |  
2019-08-23 07:09:05,843 | INFO  | DNAudit | user=null | ip=null | op=PUT_BLOCK {blockData=[blockId=conID: 3 locID: 102665037140918832 bcsId: 0,size=1048576]} | ret=SUCCESS |  
2019-08-23 07:09:05,843 [grpc-default-executor-6] INFO  client.GrpcClientProtocolClient (GrpcClientProtocolClient.java:onNext(255)) - client-D91E5D1E15CE->f2ba01fc-a63e-4348-bd18-030b60a135e7: receive RaftClientReply:client-D91E5D1E15CE->f2ba01fc-a63e-4348-bd18-030b60a135e7@group-C8C62FEF0626, cid=2161, SUCCESS, logIndex=3166, commits[f2ba01fc-a63e-4348-bd18-030b60a135e7:c3168, eab135d4-a257-4705-b491-6c056b8c5df7:c3165, a4f67574-9018-43e7-8a54-351e98dc3d0a:c3163]
2019-08-23 07:09:05,843 [grpc-default-executor-6] INFO  client.GrpcClientProtocolClient (GrpcClientProtocolClient.java:onNext(255)) - client-D91E5D1E15CE->f2ba01fc-a63e-4348-bd18-030b60a135e7: receive RaftClientReply:client-D91E5D1E15CE->f2ba01fc-a63e-4348-bd18-030b60a135e7@group-C8C62FEF0626, cid=2162, SUCCESS, logIndex=3167, commits[f2ba01fc-a63e-4348-bd18-030b60a135e7:c3169, eab135d4-a257-4705-b491-6c056b8c5df7:c3165, a4f67574-9018-43e7-8a54-351e98dc3d0a:c3165]
2019-08-23 07:09:05,844 | INFO  | DNAudit | user=null | ip=null | op=WRITE_CHUNK {blockData=conID: 3 locID: 102665037140918832 bcsId: 0} | ret=SUCCESS |  
2019-08-23 07:09:05,844 | INFO  | DNAudit | user=null | ip=null | op=WRITE_CHUNK {blockData=conID: 3 locID: 102665037140918832 bcsId: 0} | ret=SUCCESS |  
2019-08-23 07:09:05,844 | INFO  | DNAudit | user=null | ip=null | op=PUT_BLOCK {blockData=[blockId=conID: 3 locID: 102665037140918832 bcsId: 0,size=2097152]} | ret=SUCCESS |  
2019-08-23 07:09:05,845 | INFO  | DNAudit | user=null | ip=null | op=PUT_BLOCK {blockData=[blockId=conID: 3 locID: 102665037140918832 bcsId: 0,size=2097152]} | ret=SUCCESS |  
2019-08-23 07:09:05,849 | INFO  | DNAudit | user=null | ip=null | op=WRITE_CHUNK {blockData=conID: 3 locID: 102665037140918832 bcsId: 3167} | ret=SUCCESS |  
2019-08-23 07:09:05,851 | INFO  | DNAudit | user=null | ip=null | op=WRITE_CHUNK {blockData=conID: 3 locID: 102665037140918832 bcsId: 3167} | ret=SUCCESS |  
2019-08-23 07:09:05,851 | INFO  | DNAudit | user=null | ip=null | op=WRITE_CHUNK {blockData=conID: 3 locID: 102665037140918832 bcsId: 3167} | ret=SUCCESS |  
2019-08-23 07:09:05,866 | INFO  | DNAudit | user=null | ip=null | op=WRITE_CHUNK {blockData=conID: 3 locID: 102665037140918832 bcsId: 3167} | ret=SUCCESS |  
2019-08-23 07:09:05,867 | INFO  | DNAudit | user=null | ip=null | op=PUT_BLOCK {blockData=[blockId=conID: 3 locID: 102665037140918832 bcsId: 0,size=3145728]} | ret=SUCCESS |  
2019-08-23 07:09:05,867 [grpc-default-executor-3] INFO  client.GrpcClientProtocolClient (GrpcClientProtocolClient.java:onNext(255)) - client-D91E5D1E15CE->f2ba01fc-a63e-4348-bd18-030b60a135e7: receive RaftClientReply:client-D91E5D1E15CE->f2ba01fc-a63e-4348-bd18-030b60a135e7@group-C8C62FEF0626, cid=2163, SUCCESS, logIndex=3172, commits[f2ba01fc-a63e-4348-bd18-030b60a135e7:c3173, eab135d4-a257-4705-b491-6c056b8c5df7:c3171, a4f67574-9018-43e7-8a54-351e98dc3d0a:c3171]
2019-08-23 07:09:05,867 [grpc-default-executor-3] INFO  client.GrpcClientProtocolClient (GrpcClientProtocolClient.java:onNext(255)) - client-D91E5D1E15CE->f2ba01fc-a63e-4348-bd18-030b60a135e7: receive RaftClientReply:client-D91E5D1E15CE->f2ba01fc-a63e-4348-bd18-030b60a135e7@group-C8C62FEF0626, cid=2164, SUCCESS, logIndex=3173, commits[f2ba01fc-a63e-4348-bd18-030b60a135e7:c3173, eab135d4-a257-4705-b491-6c056b8c5df7:c3171, a4f67574-9018-43e7-8a54-351e98dc3d0a:c3171]
2019-08-23 07:09:05,873 | INFO  | DNAudit | user=null | ip=null | op=WRITE_CHUNK {blockData=conID: 3 locID: 102665037140918832 bcsId: 3173} | ret=SUCCESS |  
2019-08-23 07:09:05,874 | INFO  | DNAudit | user=null | ip=null | op=WRITE_CHUNK {blockData=conID: 3 locID: 102665037140918832 bcsId: 3173} | ret=SUCCESS |  
2019-08-23 07:09:05,874 | INFO  | DNAudit | user=null | ip=null | op=WRITE_CHUNK {blockData=conID: 3 locID: 102665037140918832 bcsId: 3173} | ret=SUCCESS |  
2019-08-23 07:09:05,878 | INFO  | DNAudit | user=null | ip=null | op=WRITE_CHUNK {blockData=conID: 3 locID: 102665037140918832 bcsId: 3167} | ret=SUCCESS |  
2019-08-23 07:09:05,878 | INFO  | DNAudit | user=null | ip=null | op=WRITE_CHUNK {blockData=conID: 3 locID: 102665037140918832 bcsId: 3167} | ret=SUCCESS |  
2019-08-23 07:09:05,879 | INFO  | DNAudit | user=null | ip=null | op=PUT_BLOCK {blockData=[blockId=conID: 3 locID: 102665037140918832 bcsId: 0,size=3145728]} | ret=SUCCESS |  
2019-08-23 07:09:05,879 | INFO  | DNAudit | user=null | ip=null | op=PUT_BLOCK {blockData=[blockId=conID: 3 locID: 102665037140918832 bcsId: 0,size=3145728]} | ret=SUCCESS |  
2019-08-23 07:09:05,880 | INFO  | DNAudit | user=null | ip=null | op=WRITE_CHUNK {blockData=conID: 3 locID: 102665037140918832 bcsId: 3173} | ret=SUCCESS |  
2019-08-23 07:09:05,880 | INFO  | DNAudit | user=null | ip=null | op=PUT_BLOCK {blockData=[blockId=conID: 3 locID: 102665037140918832 bcsId: 0,size=4194304]} | ret=SUCCESS |  
2019-08-23 07:09:05,880 [grpc-default-executor-6] INFO  client.GrpcClientProtocolClient (GrpcClientProtocolClient.java:onNext(255)) - client-D91E5D1E15CE->f2ba01fc-a63e-4348-bd18-030b60a135e7: receive RaftClientReply:client-D91E5D1E15CE->f2ba01fc-a63e-4348-bd18-030b60a135e7@group-C8C62FEF0626, cid=2165, SUCCESS, logIndex=3176, commits[f2ba01fc-a63e-4348-bd18-030b60a135e7:c3177, eab135d4-a257-4705-b491-6c056b8c5df7:c3173, a4f67574-9018-43e7-8a54-351e98dc3d0a:c3173]
2019-08-23 07:09:05,880 [grpc-default-executor-6] INFO  client.GrpcClientProtocolClient (GrpcClientProtocolClient.java:onNext(255)) - client-D91E5D1E15CE->f2ba01fc-a63e-4348-bd18-030b60a135e7: receive RaftClientReply:client-D91E5D1E15CE->f2ba01fc-a63e-4348-bd18-030b60a135e7@group-C8C62FEF0626, cid=2166, SUCCESS, logIndex=3177, commits[f2ba01fc-a63e-4348-bd18-030b60a135e7:c3177, eab135d4-a257-4705-b491-6c056b8c5df7:c3173, a4f67574-9018-43e7-8a54-351e98dc3d0a:c3173]
2019-08-23 07:09:05,891 | INFO  | DNAudit | user=null | ip=null | op=WRITE_CHUNK {blockData=conID: 3 locID: 102665037140918832 bcsId: 3173} | ret=SUCCESS |  
2019-08-23 07:09:05,891 | INFO  | DNAudit | user=null | ip=null | op=WRITE_CHUNK {blockData=conID: 3 locID: 102665037140918832 bcsId: 3173} | ret=SUCCESS |  
2019-08-23 07:09:05,891 | INFO  | DNAudit | user=null | ip=null | op=PUT_BLOCK {blockData=[blockId=conID: 3 locID: 102665037140918832 bcsId: 0,size=4194304]} | ret=SUCCESS |  
2019-08-23 07:09:05,891 | INFO  | DNAudit | user=null | ip=null | op=PUT_BLOCK {blockData=[blockId=conID: 3 locID: 102665037140918832 bcsId: 0,size=4194304]} | ret=SUCCESS |  
2019-08-23 07:09:05,892 [grpc-default-executor-6] INFO  client.GrpcClientProtocolClient (GrpcClientProtocolClient.java:onNext(255)) - client-D91E5D1E15CE->f2ba01fc-a63e-4348-bd18-030b60a135e7: receive RaftClientReply:client-D91E5D1E15CE->f2ba01fc-a63e-4348-bd18-030b60a135e7@group-C8C62FEF0626, cid=2167, SUCCESS, logIndex=0, commits[f2ba01fc-a63e-4348-bd18-030b60a135e7:c3178, eab135d4-a257-4705-b491-6c056b8c5df7:c3177, a4f67574-9018-43e7-8a54-351e98dc3d0a:c3177]
2019-08-23 07:09:05,897 | INFO  | SCMAudit | user=jenkins1000 | ip=192.168.5.178 | op=ALLOCATE_BLOCK {owner=aaf04d22-10dd-4717-8862-c651bdde72cf, size=4194304, type=RATIS, factor=THREE} | ret=SUCCESS |  
2019-08-23 07:09:05,901 | INFO  | OMAudit | user=jenkins1000 | ip=127.0.0.1 | op=ALLOCATE_BLOCK {volume=vol-0-67663, bucket=bucket-0-68950, key=key-0-26970, dataSize=0, replicationType=null, replicationFactor=null, keyLocationInfo=null, clientID=102665036030476690} | ret=SUCCESS |  
2019-08-23 07:09:05,906 | INFO  | DNAudit | user=null | ip=null | op=WRITE_CHUNK {blockData=conID: 1 locID: 102665037145506353 bcsId: 0} | ret=SUCCESS |  
2019-08-23 07:09:05,909 | INFO  | DNAudit | user=null | ip=null | op=WRITE_CHUNK {blockData=conID: 1 locID: 102665037145506353 bcsId: 0} | ret=SUCCESS |  
2019-08-23 07:09:05,909 | INFO  | DNAudit | user=null | ip=null | op=WRITE_CHUNK {blockData=conID: 1 locID: 102665037145506353 bcsId: 0} | ret=SUCCESS |  
2019-08-23 07:09:05,910 | INFO  | DNAudit | user=null | ip=null | op=WRITE_CHUNK {blockData=conID: 1 locID: 102665037145506353 bcsId: 0} | ret=SUCCESS |  
2019-08-23 07:09:05,910 | INFO  | DNAudit | user=null | ip=null | op=WRITE_CHUNK {blockData=conID: 1 locID: 102665037145506353 bcsId: 0} | ret=SUCCESS |  
2019-08-23 07:09:05,911 | INFO  | DNAudit | user=null | ip=null | op=WRITE_CHUNK {blockData=conID: 1 locID: 102665037145506353 bcsId: 0} | ret=SUCCESS |  
2019-08-23 07:09:05,919 | INFO  | DNAudit | user=null | ip=null | op=WRITE_CHUNK {blockData=conID: 1 locID: 102665037145506353 bcsId: 0} | ret=SUCCESS |  
2019-08-23 07:09:05,919 | INFO  | DNAudit | user=null | ip=null | op=PUT_BLOCK {blockData=[blockId=conID: 1 locID: 102665037145506353 bcsId: 0,size=1048576]} | ret=SUCCESS |  
2019-08-23 07:09:05,920 [grpc-default-executor-2] INFO  client.GrpcClientProtocolClient (GrpcClientProtocolClient.java:onNext(255)) - client-D91E5D1E15CE->f2ba01fc-a63e-4348-bd18-030b60a135e7: receive RaftClientReply:client-D91E5D1E15CE->f2ba01fc-a63e-4348-bd18-030b60a135e7@group-C8C62FEF0626, cid=2168, SUCCESS, logIndex=3180, commits[f2ba01fc-a63e-4348-bd18-030b60a135e7:c3182, eab135d4-a257-4705-b491-6c056b8c5df7:c3179, a4f67574-9018-43e7-8a54-351e98dc3d0a:c3179]
2019-08-23 07:09:05,920 [grpc-default-executor-2] INFO  client.GrpcClientProtocolClient (GrpcClientProtocolClient.java:onNext(255)) - client-D91E5D1E15CE->f2ba01fc-a63e-4348-bd18-030b60a135e7: receive RaftClientReply:client-D91E5D1E15CE->f2ba01fc-a63e-4348-bd18-030b60a135e7@group-C8C62FEF0626, cid=2169, SUCCESS, logIndex=3181, commits[f2ba01fc-a63e-4348-bd18-030b60a135e7:c3183, eab135d4-a257-4705-b491-6c056b8c5df7:c3179, a4f67574-9018-43e7-8a54-351e98dc3d0a:c3179]
2019-08-23 07:09:05,920 | INFO  | DNAudit | user=null | ip=null | op=WRITE_CHUNK {blockData=conID: 1 locID: 102665037145506353 bcsId: 0} | ret=SUCCESS |  
2019-08-23 07:09:05,921 | INFO  | DNAudit | user=null | ip=null | op=PUT_BLOCK {blockData=[blockId=conID: 1 locID: 102665037145506353 bcsId: 0,size=2097152]} | ret=SUCCESS |  
2019-08-23 07:09:05,921 [grpc-default-executor-3] INFO  client.GrpcClientProtocolClient (GrpcClientProtocolClient.java:onNext(255)) - client-D91E5D1E15CE->f2ba01fc-a63e-4348-bd18-030b60a135e7: receive RaftClientReply:client-D91E5D1E15CE->f2ba01fc-a63e-4348-bd18-030b60a135e7@group-C8C62FEF0626, cid=2170, SUCCESS, logIndex=3182, commits[f2ba01fc-a63e-4348-bd18-030b60a135e7:c3183, eab135d4-a257-4705-b491-6c056b8c5df7:c3179, a4f67574-9018-43e7-8a54-351e98dc3d0a:c3179]
2019-08-23 07:09:05,921 | INFO  | DNAudit | user=null | ip=null | op=WRITE_CHUNK {blockData=conID: 1 locID: 102665037145506353 bcsId: 0} | ret=SUCCESS |  
2019-08-23 07:09:05,921 | INFO  | DNAudit | user=null | ip=null | op=PUT_BLOCK {blockData=[blockId=conID: 1 locID: 102665037145506353 bcsId: 0,size=1048576]} | ret=SUCCESS |  
2019-08-23 07:09:05,921 [grpc-default-executor-2] INFO  client.GrpcClientProtocolClient (GrpcClientProtocolClient.java:onNext(255)) - client-D91E5D1E15CE->f2ba01fc-a63e-4348-bd18-030b60a135e7: receive RaftClientReply:client-D91E5D1E15CE->f2ba01fc-a63e-4348-bd18-030b60a135e7@group-C8C62FEF0626, cid=2171, SUCCESS, logIndex=3183, commits[f2ba01fc-a63e-4348-bd18-030b60a135e7:c3184, eab135d4-a257-4705-b491-6c056b8c5df7:c3179, a4f67574-9018-43e7-8a54-351e98dc3d0a:c3180]
2019-08-23 07:09:05,921 | INFO  | DNAudit | user=null | ip=null | op=WRITE_CHUNK {blockData=conID: 1 locID: 102665037145506353 bcsId: 0} | ret=SUCCESS |  
2019-08-23 07:09:05,922 | INFO  | DNAudit | user=null | ip=null | op=PUT_BLOCK {blockData=[blockId=conID: 1 locID: 102665037145506353 bcsId: 0,size=1048576]} | ret=SUCCESS |  
2019-08-23 07:09:05,922 | INFO  | DNAudit | user=null | ip=null | op=WRITE_CHUNK {blockData=conID: 1 locID: 102665037145506353 bcsId: 0} | ret=SUCCESS |  
2019-08-23 07:09:05,922 | INFO  | DNAudit | user=null | ip=null | op=WRITE_CHUNK {blockData=conID: 1 locID: 102665037145506353 bcsId: 0} | ret=SUCCESS |  
2019-08-23 07:09:05,923 | INFO  | DNAudit | user=null | ip=null | op=PUT_BLOCK {blockData=[blockId=conID: 1 locID: 102665037145506353 bcsId: 0,size=2097152]} | ret=SUCCESS |  
2019-08-23 07:09:05,923 [grpc-default-executor-3] INFO  client.GrpcClientProtocolClient (GrpcClientProtocolClient.java:onNext(255)) - client-D91E5D1E15CE->f2ba01fc-a63e-4348-bd18-030b60a135e7: receive RaftClientReply:client-D91E5D1E15CE->f2ba01fc-a63e-4348-bd18-030b60a135e7@group-C8C62FEF0626, cid=2172, SUCCESS, logIndex=0, commits[f2ba01fc-a63e-4348-bd18-030b60a135e7:c3185, eab135d4-a257-4705-b491-6c056b8c5df7:c3181, a4f67574-9018-43e7-8a54-351e98dc3d0a:c3181]
2019-08-23 07:09:05,928 | INFO  | DNAudit | user=null | ip=null | op=WRITE_CHUNK {blockData=conID: 1 locID: 102665037145506353 bcsId: 3183} | ret=SUCCESS |  
2019-08-23 07:09:05,929 | INFO  | DNAudit | user=null | ip=null | op=WRITE_CHUNK {blockData=conID: 1 locID: 102665037145506353 bcsId: 3183} | ret=SUCCESS |  
2019-08-23 07:09:05,929 | INFO  | DNAudit | user=null | ip=null | op=WRITE_CHUNK {blockData=conID: 1 locID: 102665037145506353 bcsId: 3183} | ret=SUCCESS |  
2019-08-23 07:09:05,933 | INFO  | DNAudit | user=null | ip=null | op=PUT_BLOCK {blockData=[blockId=conID: 1 locID: 102665037145506353 bcsId: 0,size=2097152]} | ret=SUCCESS |  
2019-08-23 07:09:05,934 | INFO  | DNAudit | user=null | ip=null | op=WRITE_CHUNK {blockData=conID: 1 locID: 102665037145506353 bcsId: 3183} | ret=SUCCESS |  
2019-08-23 07:09:05,934 | INFO  | DNAudit | user=null | ip=null | op=PUT_BLOCK {blockData=[blockId=conID: 1 locID: 102665037145506353 bcsId: 0,size=3145728]} | ret=SUCCESS |  
2019-08-23 07:09:05,935 [grpc-default-executor-2] INFO  client.GrpcClientProtocolClient (GrpcClientProtocolClient.java:onNext(255)) - client-D91E5D1E15CE->f2ba01fc-a63e-4348-bd18-030b60a135e7: receive RaftClientReply:client-D91E5D1E15CE->f2ba01fc-a63e-4348-bd18-030b60a135e7@group-C8C62FEF0626, cid=2173, SUCCESS, logIndex=3188, commits[f2ba01fc-a63e-4348-bd18-030b60a135e7:c3189, eab135d4-a257-4705-b491-6c056b8c5df7:c3183, a4f67574-9018-43e7-8a54-351e98dc3d0a:c3187]
2019-08-23 07:09:05,935 [grpc-default-executor-2] INFO  client.GrpcClientProtocolClient (GrpcClientProtocolClient.java:onNext(255)) - client-D91E5D1E15CE->f2ba01fc-a63e-4348-bd18-030b60a135e7: receive RaftClientReply:client-D91E5D1E15CE->f2ba01fc-a63e-4348-bd18-030b60a135e7@group-C8C62FEF0626, cid=2174, SUCCESS, logIndex=3189, commits[f2ba01fc-a63e-4348-bd18-030b60a135e7:c3189, eab135d4-a257-4705-b491-6c056b8c5df7:c3187, a4f67574-9018-43e7-8a54-351e98dc3d0a:c3187]
2019-08-23 07:09:05,935 | INFO  | DNAudit | user=null | ip=null | op=WRITE_CHUNK {blockData=conID: 1 locID: 102665037145506353 bcsId: 3183} | ret=SUCCESS |  
2019-08-23 07:09:05,936 | INFO  | DNAudit | user=null | ip=null | op=WRITE_CHUNK {blockData=conID: 1 locID: 102665037145506353 bcsId: 3183} | ret=SUCCESS |  
2019-08-23 07:09:05,936 | INFO  | DNAudit | user=null | ip=null | op=PUT_BLOCK {blockData=[blockId=conID: 1 locID: 102665037145506353 bcsId: 0,size=3145728]} | ret=SUCCESS |  
2019-08-23 07:09:05,937 | INFO  | DNAudit | user=null | ip=null | op=PUT_BLOCK {blockData=[blockId=conID: 1 locID: 102665037145506353 bcsId: 0,size=3145728]} | ret=SUCCESS |  
2019-08-23 07:09:05,940 | INFO  | DNAudit | user=null | ip=null | op=WRITE_CHUNK {blockData=conID: 1 locID: 102665037145506353 bcsId: 3189} | ret=SUCCESS |  
2019-08-23 07:09:05,941 | INFO  | DNAudit | user=null | ip=null | op=WRITE_CHUNK {blockData=conID: 1 locID: 102665037145506353 bcsId: 3189} | ret=SUCCESS |  
2019-08-23 07:09:05,942 | INFO  | DNAudit | user=null | ip=null | op=WRITE_CHUNK {blockData=conID: 1 locID: 102665037145506353 bcsId: 3189} | ret=SUCCESS |  
2019-08-23 07:09:05,952 | INFO  | DNAudit | user=null | ip=null | op=WRITE_CHUNK {blockData=conID: 1 locID: 102665037145506353 bcsId: 3189} | ret=SUCCESS |  
2019-08-23 07:09:05,953 | INFO  | DNAudit | user=null | ip=null | op=PUT_BLOCK {blockData=[blockId=conID: 1 locID: 102665037145506353 bcsId: 0,size=4194304]} | ret=SUCCESS |  
2019-08-23 07:09:05,953 [grpc-default-executor-6] INFO  client.GrpcClientProtocolClient (GrpcClientProtocolClient.java:onNext(255)) - client-D91E5D1E15CE->f2ba01fc-a63e-4348-bd18-030b60a135e7: receive RaftClientReply:client-D91E5D1E15CE->f2ba01fc-a63e-4348-bd18-030b60a135e7@group-C8C62FEF0626, cid=2175, SUCCESS, logIndex=3192, commits[f2ba01fc-a63e-4348-bd18-030b60a135e7:c3193, eab135d4-a257-4705-b491-6c056b8c5df7:c3191, a4f67574-9018-43e7-8a54-351e98dc3d0a:c3191]
2019-08-23 07:09:05,953 [grpc-default-executor-6] INFO  client.GrpcClientProtocolClient (GrpcClientProtocolClient.java:onNext(255)) - client-D91E5D1E15CE->f2ba01fc-a63e-4348-bd18-030b60a135e7: receive RaftClientReply:client-D91E5D1E15CE->f2ba01fc-a63e-4348-bd18-030b60a135e7@group-C8C62FEF0626, cid=2176, SUCCESS, logIndex=3193, commits[f2ba01fc-a63e-4348-bd18-030b60a135e7:c3193, eab135d4-a257-4705-b491-6c056b8c5df7:c3191, a4f67574-9018-43e7-8a54-351e98dc3d0a:c3191]
2019-08-23 07:09:05,964 | INFO  | DNAudit | user=null | ip=null | op=WRITE_CHUNK {blockData=conID: 1 locID: 102665037145506353 bcsId: 3189} | ret=SUCCESS |  
2019-08-23 07:09:05,964 | INFO  | DNAudit | user=null | ip=null | op=WRITE_CHUNK {blockData=conID: 1 locID: 102665037145506353 bcsId: 3189} | ret=SUCCESS |  
2019-08-23 07:09:05,965 | INFO  | DNAudit | user=null | ip=null | op=PUT_BLOCK {blockData=[blockId=conID: 1 locID: 102665037145506353 bcsId: 0,size=4194304]} | ret=SUCCESS |  
2019-08-23 07:09:05,965 | INFO  | DNAudit | user=null | ip=null | op=PUT_BLOCK {blockData=[blockId=conID: 1 locID: 102665037145506353 bcsId: 0,size=4194304]} | ret=SUCCESS |  
2019-08-23 07:09:05,966 [grpc-default-executor-2] INFO  client.GrpcClientProtocolClient (GrpcClientProtocolClient.java:onNext(255)) - client-D91E5D1E15CE->f2ba01fc-a63e-4348-bd18-030b60a135e7: receive RaftClientReply:client-D91E5D1E15CE->f2ba01fc-a63e-4348-bd18-030b60a135e7@group-C8C62FEF0626, cid=2177, SUCCESS, logIndex=0, commits[f2ba01fc-a63e-4348-bd18-030b60a135e7:c3194, eab135d4-a257-4705-b491-6c056b8c5df7:c3193, a4f67574-9018-43e7-8a54-351e98dc3d0a:c3193]
2019-08-23 07:09:05,972 | INFO  | SCMAudit | user=jenkins1000 | ip=192.168.5.178 | op=ALLOCATE_BLOCK {owner=aaf04d22-10dd-4717-8862-c651bdde72cf, size=4194304, type=RATIS, factor=THREE} | ret=SUCCESS |  
2019-08-23 07:09:05,976 | INFO  | OMAudit | user=jenkins1000 | ip=127.0.0.1 | op=ALLOCATE_BLOCK {volume=vol-0-67663, bucket=bucket-0-68950, key=key-0-26970, dataSize=0, replicationType=null, replicationFactor=null, keyLocationInfo=null, clientID=102665036030476690} | ret=SUCCESS |  
2019-08-23 07:09:05,982 | INFO  | DNAudit | user=null | ip=null | op=WRITE_CHUNK {blockData=conID: 2 locID: 102665037150421554 bcsId: 0} | ret=SUCCESS |  
2019-08-23 07:09:05,984 | INFO  | DNAudit | user=null | ip=null | op=WRITE_CHUNK {blockData=conID: 2 locID: 102665037150421554 bcsId: 0} | ret=SUCCESS |  
2019-08-23 07:09:05,984 | INFO  | DNAudit | user=null | ip=null | op=WRITE_CHUNK {blockData=conID: 2 locID: 102665037150421554 bcsId: 0} | ret=SUCCESS |  
2019-08-23 07:09:05,984 | INFO  | DNAudit | user=null | ip=null | op=WRITE_CHUNK {blockData=conID: 2 locID: 102665037150421554 bcsId: 0} | ret=SUCCESS |  
2019-08-23 07:09:05,985 | INFO  | DNAudit | user=null | ip=null | op=WRITE_CHUNK {blockData=conID: 2 locID: 102665037150421554 bcsId: 0} | ret=SUCCESS |  
2019-08-23 07:09:05,986 | INFO  | DNAudit | user=null | ip=null | op=WRITE_CHUNK {blockData=conID: 2 locID: 102665037150421554 bcsId: 0} | ret=SUCCESS |  
2019-08-23 07:09:05,994 | INFO  | DNAudit | user=null | ip=null | op=WRITE_CHUNK {blockData=conID: 2 locID: 102665037150421554 bcsId: 0} | ret=SUCCESS |  
2019-08-23 07:09:05,995 | INFO  | DNAudit | user=null | ip=null | op=PUT_BLOCK {blockData=[blockId=conID: 2 locID: 102665037150421554 bcsId: 0,size=1048576]} | ret=SUCCESS |  
2019-08-23 07:09:05,995 [grpc-default-executor-6] INFO  client.GrpcClientProtocolClient (GrpcClientProtocolClient.java:onNext(255)) - client-D91E5D1E15CE->f2ba01fc-a63e-4348-bd18-030b60a135e7: receive RaftClientReply:client-D91E5D1E15CE->f2ba01fc-a63e-4348-bd18-030b60a135e7@group-C8C62FEF0626, cid=2178, SUCCESS, logIndex=3196, commits[f2ba01fc-a63e-4348-bd18-030b60a135e7:c3198, eab135d4-a257-4705-b491-6c056b8c5df7:c3195, a4f67574-9018-43e7-8a54-351e98dc3d0a:c3195]
2019-08-23 07:09:05,995 | INFO  | DNAudit | user=null | ip=null | op=WRITE_CHUNK {blockData=conID: 2 locID: 102665037150421554 bcsId: 0} | ret=SUCCESS |  
2019-08-23 07:09:05,995 [grpc-default-executor-6] INFO  client.GrpcClientProtocolClient (GrpcClientProtocolClient.java:onNext(255)) - client-D91E5D1E15CE->f2ba01fc-a63e-4348-bd18-030b60a135e7: receive RaftClientReply:client-D91E5D1E15CE->f2ba01fc-a63e-4348-bd18-030b60a135e7@group-C8C62FEF0626, cid=2179, SUCCESS, logIndex=3197, commits[f2ba01fc-a63e-4348-bd18-030b60a135e7:c3199, eab135d4-a257-4705-b491-6c056b8c5df7:c3195, a4f67574-9018-43e7-8a54-351e98dc3d0a:c3195]
2019-08-23 07:09:05,996 | INFO  | DNAudit | user=null | ip=null | op=PUT_BLOCK {blockData=[blockId=conID: 2 locID: 102665037150421554 bcsId: 0,size=2097152]} | ret=SUCCESS |  
2019-08-23 07:09:05,996 [grpc-default-executor-6] INFO  client.GrpcClientProtocolClient (GrpcClientProtocolClient.java:onNext(255)) - client-D91E5D1E15CE->f2ba01fc-a63e-4348-bd18-030b60a135e7: receive RaftClientReply:client-D91E5D1E15CE->f2ba01fc-a63e-4348-bd18-030b60a135e7@group-C8C62FEF0626, cid=2180, SUCCESS, logIndex=3198, commits[f2ba01fc-a63e-4348-bd18-030b60a135e7:c3199, eab135d4-a257-4705-b491-6c056b8c5df7:c3195, a4f67574-9018-43e7-8a54-351e98dc3d0a:c3195]
2019-08-23 07:09:05,996 | INFO  | DNAudit | user=null | ip=null | op=WRITE_CHUNK {blockData=conID: 2 locID: 102665037150421554 bcsId: 0} | ret=SUCCESS |  
2019-08-23 07:09:05,996 [grpc-default-executor-6] INFO  client.GrpcClientProtocolClient (GrpcClientProtocolClient.java:onNext(255)) - client-D91E5D1E15CE->f2ba01fc-a63e-4348-bd18-030b60a135e7: receive RaftClientReply:client-D91E5D1E15CE->f2ba01fc-a63e-4348-bd18-030b60a135e7@group-C8C62FEF0626, cid=2181, SUCCESS, logIndex=3199, commits[f2ba01fc-a63e-4348-bd18-030b60a135e7:c3199, eab135d4-a257-4705-b491-6c056b8c5df7:c3195, a4f67574-9018-43e7-8a54-351e98dc3d0a:c3195]
2019-08-23 07:09:05,997 | INFO  | DNAudit | user=null | ip=null | op=WRITE_CHUNK {blockData=conID: 2 locID: 102665037150421554 bcsId: 0} | ret=SUCCESS |  
2019-08-23 07:09:05,997 | INFO  | DNAudit | user=null | ip=null | op=PUT_BLOCK {blockData=[blockId=conID: 2 locID: 102665037150421554 bcsId: 0,size=1048576]} | ret=SUCCESS |  
2019-08-23 07:09:05,997 | INFO  | DNAudit | user=null | ip=null | op=WRITE_CHUNK {blockData=conID: 2 locID: 102665037150421554 bcsId: 0} | ret=SUCCESS |  
2019-08-23 07:09:05,997 | INFO  | DNAudit | user=null | ip=null | op=PUT_BLOCK {blockData=[blockId=conID: 2 locID: 102665037150421554 bcsId: 0,size=2097152]} | ret=SUCCESS |  
2019-08-23 07:09:05,997 | INFO  | DNAudit | user=null | ip=null | op=PUT_BLOCK {blockData=[blockId=conID: 2 locID: 102665037150421554 bcsId: 0,size=1048576]} | ret=SUCCESS |  
2019-08-23 07:09:05,998 | INFO  | DNAudit | user=null | ip=null | op=WRITE_CHUNK {blockData=conID: 2 locID: 102665037150421554 bcsId: 0} | ret=SUCCESS |  
2019-08-23 07:09:05,998 | INFO  | DNAudit | user=null | ip=null | op=PUT_BLOCK {blockData=[blockId=conID: 2 locID: 102665037150421554 bcsId: 0,size=2097152]} | ret=SUCCESS |  
2019-08-23 07:09:05,998 [grpc-default-executor-3] INFO  client.GrpcClientProtocolClient (GrpcClientProtocolClient.java:onNext(255)) - client-D91E5D1E15CE->f2ba01fc-a63e-4348-bd18-030b60a135e7: receive RaftClientReply:client-D91E5D1E15CE->f2ba01fc-a63e-4348-bd18-030b60a135e7@group-C8C62FEF0626, cid=2182, SUCCESS, logIndex=0, commits[f2ba01fc-a63e-4348-bd18-030b60a135e7:c3203, eab135d4-a257-4705-b491-6c056b8c5df7:c3199, a4f67574-9018-43e7-8a54-351e98dc3d0a:c3198]
2019-08-23 07:09:06,004 | INFO  | DNAudit | user=null | ip=null | op=WRITE_CHUNK {blockData=conID: 2 locID: 102665037150421554 bcsId: 3199} | ret=SUCCESS |  
2019-08-23 07:09:06,006 | INFO  | DNAudit | user=null | ip=null | op=WRITE_CHUNK {blockData=conID: 2 locID: 102665037150421554 bcsId: 3199} | ret=SUCCESS |  
2019-08-23 07:09:06,006 | INFO  | DNAudit | user=null | ip=null | op=WRITE_CHUNK {blockData=conID: 2 locID: 102665037150421554 bcsId: 3199} | ret=SUCCESS |  
2019-08-23 07:09:06,012 | INFO  | SCMAudit | user=jenkins1000 | ip=192.168.5.178 | op=SEND_HEARTBEAT {datanodeUUID=5c311bc2-cc7c-45de-998f-f79499d85d4e, command=[]} | ret=SUCCESS |  
 0.00% |█                                                                                                    |  0/1 Time: 0:00:172019-08-23 07:09:06,016 | INFO  | DNAudit | user=null | ip=null | op=WRITE_CHUNK {blockData=conID: 2 locID: 102665037150421554 bcsId: 3199} | ret=SUCCESS |  
2019-08-23 07:09:06,016 | INFO  | DNAudit | user=null | ip=null | op=PUT_BLOCK {blockData=[blockId=conID: 2 locID: 102665037150421554 bcsId: 0,size=3145728]} | ret=SUCCESS |  
2019-08-23 07:09:06,016 [grpc-default-executor-4] INFO  client.GrpcClientProtocolClient (GrpcClientProtocolClient.java:onNext(255)) - client-D91E5D1E15CE->f2ba01fc-a63e-4348-bd18-030b60a135e7: receive RaftClientReply:client-D91E5D1E15CE->f2ba01fc-a63e-4348-bd18-030b60a135e7@group-C8C62FEF0626, cid=2183, SUCCESS, logIndex=3204, commits[f2ba01fc-a63e-4348-bd18-030b60a135e7:c3205, eab135d4-a257-4705-b491-6c056b8c5df7:c3203, a4f67574-9018-43e7-8a54-351e98dc3d0a:c3203]
2019-08-23 07:09:06,017 [grpc-default-executor-4] INFO  client.GrpcClientProtocolClient (GrpcClientProtocolClient.java:onNext(255)) - client-D91E5D1E15CE->f2ba01fc-a63e-4348-bd18-030b60a135e7: receive RaftClientReply:client-D91E5D1E15CE->f2ba01fc-a63e-4348-bd18-030b60a135e7@group-C8C62FEF0626, cid=2184, SUCCESS, logIndex=3205, commits[f2ba01fc-a63e-4348-bd18-030b60a135e7:c3205, eab135d4-a257-4705-b491-6c056b8c5df7:c3203, a4f67574-9018-43e7-8a54-351e98dc3d0a:c3203]
2019-08-23 07:09:06,022 | INFO  | DNAudit | user=null | ip=null | op=WRITE_CHUNK {blockData=conID: 2 locID: 102665037150421554 bcsId: 3205} | ret=SUCCESS |  
2019-08-23 07:09:06,024 | INFO  | DNAudit | user=null | ip=null | op=WRITE_CHUNK {blockData=conID: 2 locID: 102665037150421554 bcsId: 3205} | ret=SUCCESS |  
2019-08-23 07:09:06,025 | INFO  | DNAudit | user=null | ip=null | op=WRITE_CHUNK {blockData=conID: 2 locID: 102665037150421554 bcsId: 3205} | ret=SUCCESS |  
2019-08-23 07:09:06,027 | INFO  | DNAudit | user=null | ip=null | op=WRITE_CHUNK {blockData=conID: 2 locID: 102665037150421554 bcsId: 3199} | ret=SUCCESS |  
2019-08-23 07:09:06,027 | INFO  | DNAudit | user=null | ip=null | op=WRITE_CHUNK {blockData=conID: 2 locID: 102665037150421554 bcsId: 3199} | ret=SUCCESS |  
2019-08-23 07:09:06,030 | INFO  | DNAudit | user=null | ip=null | op=PUT_BLOCK {blockData=[blockId=conID: 2 locID: 102665037150421554 bcsId: 0,size=3145728]} | ret=SUCCESS |  
2019-08-23 07:09:06,030 | INFO  | DNAudit | user=null | ip=null | op=PUT_BLOCK {blockData=[blockId=conID: 2 locID: 102665037150421554 bcsId: 0,size=3145728]} | ret=SUCCESS |  
2019-08-23 07:09:06,031 | INFO  | DNAudit | user=null | ip=null | op=WRITE_CHUNK {blockData=conID: 2 locID: 102665037150421554 bcsId: 3205} | ret=SUCCESS |  
2019-08-23 07:09:06,031 | INFO  | DNAudit | user=null | ip=null | op=PUT_BLOCK {blockData=[blockId=conID: 2 locID: 102665037150421554 bcsId: 0,size=4194304]} | ret=SUCCESS |  
2019-08-23 07:09:06,031 [grpc-default-executor-6] INFO  client.GrpcClientProtocolClient (GrpcClientProtocolClient.java:onNext(255)) - client-D91E5D1E15CE->f2ba01fc-a63e-4348-bd18-030b60a135e7: receive RaftClientReply:client-D91E5D1E15CE->f2ba01fc-a63e-4348-bd18-030b60a135e7@group-C8C62FEF0626, cid=2185, SUCCESS, logIndex=3208, commits[f2ba01fc-a63e-4348-bd18-030b60a135e7:c3209, eab135d4-a257-4705-b491-6c056b8c5df7:c3205, a4f67574-9018-43e7-8a54-351e98dc3d0a:c3205]
2019-08-23 07:09:06,032 [grpc-default-executor-6] INFO  client.GrpcClientProtocolClient (GrpcClientProtocolClient.java:onNext(255)) - client-D91E5D1E15CE->f2ba01fc-a63e-4348-bd18-030b60a135e7: receive RaftClientReply:client-D91E5D1E15CE->f2ba01fc-a63e-4348-bd18-030b60a135e7@group-C8C62FEF0626, cid=2186, SUCCESS, logIndex=3209, commits[f2ba01fc-a63e-4348-bd18-030b60a135e7:c3209, eab135d4-a257-4705-b491-6c056b8c5df7:c3205, a4f67574-9018-43e7-8a54-351e98dc3d0a:c3205]
2019-08-23 07:09:06,042 | INFO  | DNAudit | user=null | ip=null | op=WRITE_CHUNK {blockData=conID: 2 locID: 102665037150421554 bcsId: 3205} | ret=SUCCESS |  
2019-08-23 07:09:06,042 | INFO  | DNAudit | user=null | ip=null | op=WRITE_CHUNK {blockData=conID: 2 locID: 102665037150421554 bcsId: 3205} | ret=SUCCESS |  
2019-08-23 07:09:06,043 | INFO  | DNAudit | user=null | ip=null | op=PUT_BLOCK {blockData=[blockId=conID: 2 locID: 102665037150421554 bcsId: 0,size=4194304]} | ret=SUCCESS |  
2019-08-23 07:09:06,043 | INFO  | DNAudit | user=null | ip=null | op=PUT_BLOCK {blockData=[blockId=conID: 2 locID: 102665037150421554 bcsId: 0,size=4194304]} | ret=SUCCESS |  
2019-08-23 07:09:06,043 [grpc-default-executor-6] INFO  client.GrpcClientProtocolClient (GrpcClientProtocolClient.java:onNext(255)) - client-D91E5D1E15CE->f2ba01fc-a63e-4348-bd18-030b60a135e7: receive RaftClientReply:client-D91E5D1E15CE->f2ba01fc-a63e-4348-bd18-030b60a135e7@group-C8C62FEF0626, cid=2187, SUCCESS, logIndex=0, commits[f2ba01fc-a63e-4348-bd18-030b60a135e7:c3211, eab135d4-a257-4705-b491-6c056b8c5df7:c3209, a4f67574-9018-43e7-8a54-351e98dc3d0a:c3209]
2019-08-23 07:09:06,048 | INFO  | SCMAudit | user=jenkins1000 | ip=192.168.5.178 | op=ALLOCATE_BLOCK {owner=aaf04d22-10dd-4717-8862-c651bdde72cf, size=4194304, type=RATIS, factor=THREE} | ret=SUCCESS |  
2019-08-23 07:09:06,050 | INFO  | OMAudit | user=jenkins1000 | ip=127.0.0.1 | op=ALLOCATE_BLOCK {volume=vol-0-67663, bucket=bucket-0-68950, key=key-0-26970, dataSize=0, replicationType=null, replicationFactor=null, keyLocationInfo=null, clientID=102665036030476690} | ret=SUCCESS |  
2019-08-23 07:09:06,056 | INFO  | DNAudit | user=null | ip=null | op=WRITE_CHUNK {blockData=conID: 3 locID: 102665037155402291 bcsId: 0} | ret=SUCCESS |  
2019-08-23 07:09:06,058 | INFO  | DNAudit | user=null | ip=null | op=WRITE_CHUNK {blockData=conID: 3 locID: 102665037155402291 bcsId: 0} | ret=SUCCESS |  
2019-08-23 07:09:06,058 | INFO  | DNAudit | user=null | ip=null | op=WRITE_CHUNK {blockData=conID: 3 locID: 102665037155402291 bcsId: 0} | ret=SUCCESS |  
2019-08-23 07:09:06,059 | INFO  | DNAudit | user=null | ip=null | op=WRITE_CHUNK {blockData=conID: 3 locID: 102665037155402291 bcsId: 0} | ret=SUCCESS |  
2019-08-23 07:09:06,060 | INFO  | DNAudit | user=null | ip=null | op=WRITE_CHUNK {blockData=conID: 3 locID: 102665037155402291 bcsId: 0} | ret=SUCCESS |  
2019-08-23 07:09:06,061 | INFO  | DNAudit | user=null | ip=null | op=WRITE_CHUNK {blockData=conID: 3 locID: 102665037155402291 bcsId: 0} | ret=SUCCESS |  
2019-08-23 07:09:06,069 | INFO  | DNAudit | user=null | ip=null | op=WRITE_CHUNK {blockData=conID: 3 locID: 102665037155402291 bcsId: 0} | ret=SUCCESS |  
2019-08-23 07:09:06,069 | INFO  | DNAudit | user=null | ip=null | op=PUT_BLOCK {blockData=[blockId=conID: 3 locID: 102665037155402291 bcsId: 0,size=1048576]} | ret=SUCCESS |  
2019-08-23 07:09:06,069 [grpc-default-executor-6] INFO  client.GrpcClientProtocolClient (GrpcClientProtocolClient.java:onNext(255)) - client-D91E5D1E15CE->f2ba01fc-a63e-4348-bd18-030b60a135e7: receive RaftClientReply:client-D91E5D1E15CE->f2ba01fc-a63e-4348-bd18-030b60a135e7@group-C8C62FEF0626, cid=2188, SUCCESS, logIndex=3212, commits[f2ba01fc-a63e-4348-bd18-030b60a135e7:c3212, eab135d4-a257-4705-b491-6c056b8c5df7:c3211, a4f67574-9018-43e7-8a54-351e98dc3d0a:c3211]
2019-08-23 07:09:06,069 | INFO  | DNAudit | user=null | ip=null | op=WRITE_CHUNK {blockData=conID: 3 locID: 102665037155402291 bcsId: 0} | ret=SUCCESS |  
2019-08-23 07:09:06,070 [grpc-default-executor-3] INFO  client.GrpcClientProtocolClient (GrpcClientProtocolClient.java:onNext(255)) - client-D91E5D1E15CE->f2ba01fc-a63e-4348-bd18-030b60a135e7: receive RaftClientReply:client-D91E5D1E15CE->f2ba01fc-a63e-4348-bd18-030b60a135e7@group-C8C62FEF0626, cid=2189, SUCCESS, logIndex=3213, commits[f2ba01fc-a63e-4348-bd18-030b60a135e7:c3213, eab135d4-a257-4705-b491-6c056b8c5df7:c3211, a4f67574-9018-43e7-8a54-351e98dc3d0a:c3211]
2019-08-23 07:09:06,070 | INFO  | DNAudit | user=null | ip=null | op=PUT_BLOCK {blockData=[blockId=conID: 3 locID: 102665037155402291 bcsId: 0,size=2097152]} | ret=SUCCESS |  
2019-08-23 07:09:06,070 [grpc-default-executor-3] INFO  client.GrpcClientProtocolClient (GrpcClientProtocolClient.java:onNext(255)) - client-D91E5D1E15CE->f2ba01fc-a63e-4348-bd18-030b60a135e7: receive RaftClientReply:client-D91E5D1E15CE->f2ba01fc-a63e-4348-bd18-030b60a135e7@group-C8C62FEF0626, cid=2190, SUCCESS, logIndex=3214, commits[f2ba01fc-a63e-4348-bd18-030b60a135e7:c3215, eab135d4-a257-4705-b491-6c056b8c5df7:c3211, a4f67574-9018-43e7-8a54-351e98dc3d0a:c3211]
2019-08-23 07:09:06,070 [grpc-default-executor-3] INFO  client.GrpcClientProtocolClient (GrpcClientProtocolClient.java:onNext(255)) - client-D91E5D1E15CE->f2ba01fc-a63e-4348-bd18-030b60a135e7: receive RaftClientReply:client-D91E5D1E15CE->f2ba01fc-a63e-4348-bd18-030b60a135e7@group-C8C62FEF0626, cid=2191, SUCCESS, logIndex=3215, commits[f2ba01fc-a63e-4348-bd18-030b60a135e7:c3215, eab135d4-a257-4705-b491-6c056b8c5df7:c3211, a4f67574-9018-43e7-8a54-351e98dc3d0a:c3211]
2019-08-23 07:09:06,071 | INFO  | DNAudit | user=null | ip=null | op=WRITE_CHUNK {blockData=conID: 3 locID: 102665037155402291 bcsId: 0} | ret=SUCCESS |  
2019-08-23 07:09:06,071 | INFO  | DNAudit | user=null | ip=null | op=PUT_BLOCK {blockData=[blockId=conID: 3 locID: 102665037155402291 bcsId: 0,size=1048576]} | ret=SUCCESS |  
2019-08-23 07:09:06,071 | INFO  | DNAudit | user=null | ip=null | op=WRITE_CHUNK {blockData=conID: 3 locID: 102665037155402291 bcsId: 0} | ret=SUCCESS |  
2019-08-23 07:09:06,071 | INFO  | DNAudit | user=null | ip=null | op=PUT_BLOCK {blockData=[blockId=conID: 3 locID: 102665037155402291 bcsId: 0,size=1048576]} | ret=SUCCESS |  
2019-08-23 07:09:06,071 | INFO  | DNAudit | user=null | ip=null | op=WRITE_CHUNK {blockData=conID: 3 locID: 102665037155402291 bcsId: 0} | ret=SUCCESS |  
2019-08-23 07:09:06,072 | INFO  | DNAudit | user=null | ip=null | op=PUT_BLOCK {blockData=[blockId=conID: 3 locID: 102665037155402291 bcsId: 0,size=2097152]} | ret=SUCCESS |  
2019-08-23 07:09:06,072 | INFO  | DNAudit | user=null | ip=null | op=WRITE_CHUNK {blockData=conID: 3 locID: 102665037155402291 bcsId: 0} | ret=SUCCESS |  
2019-08-23 07:09:06,072 [grpc-default-executor-4] INFO  client.GrpcClientProtocolClient (GrpcClientProtocolClient.java:onNext(255)) - client-D91E5D1E15CE->f2ba01fc-a63e-4348-bd18-030b60a135e7: receive RaftClientReply:client-D91E5D1E15CE->f2ba01fc-a63e-4348-bd18-030b60a135e7@group-C8C62FEF0626, cid=2192, SUCCESS, logIndex=0, commits[f2ba01fc-a63e-4348-bd18-030b60a135e7:c3217, eab135d4-a257-4705-b491-6c056b8c5df7:c3213, a4f67574-9018-43e7-8a54-351e98dc3d0a:c3213]
2019-08-23 07:09:06,072 | INFO  | DNAudit | user=null | ip=null | op=PUT_BLOCK {blockData=[blockId=conID: 3 locID: 102665037155402291 bcsId: 0,size=2097152]} | ret=SUCCESS |  
2019-08-23 07:09:06,077 | INFO  | DNAudit | user=null | ip=null | op=WRITE_CHUNK {blockData=conID: 3 locID: 102665037155402291 bcsId: 3215} | ret=SUCCESS |  
2019-08-23 07:09:06,079 | INFO  | DNAudit | user=null | ip=null | op=WRITE_CHUNK {blockData=conID: 3 locID: 102665037155402291 bcsId: 3215} | ret=SUCCESS |  
2019-08-23 07:09:06,079 | INFO  | DNAudit | user=null | ip=null | op=WRITE_CHUNK {blockData=conID: 3 locID: 102665037155402291 bcsId: 3215} | ret=SUCCESS |  
2019-08-23 07:09:06,089 | INFO  | DNAudit | user=null | ip=null | op=WRITE_CHUNK {blockData=conID: 3 locID: 102665037155402291 bcsId: 3215} | ret=SUCCESS |  
2019-08-23 07:09:06,090 | INFO  | DNAudit | user=null | ip=null | op=PUT_BLOCK {blockData=[blockId=conID: 3 locID: 102665037155402291 bcsId: 0,size=3145728]} | ret=SUCCESS |  
2019-08-23 07:09:06,090 [grpc-default-executor-4] INFO  client.GrpcClientProtocolClient (GrpcClientProtocolClient.java:onNext(255)) - client-D91E5D1E15CE->f2ba01fc-a63e-4348-bd18-030b60a135e7: receive RaftClientReply:client-D91E5D1E15CE->f2ba01fc-a63e-4348-bd18-030b60a135e7@group-C8C62FEF0626, cid=2193, SUCCESS, logIndex=3220, commits[f2ba01fc-a63e-4348-bd18-030b60a135e7:c3221, eab135d4-a257-4705-b491-6c056b8c5df7:c3219, a4f67574-9018-43e7-8a54-351e98dc3d0a:c3219]
2019-08-23 07:09:06,090 [grpc-default-executor-4] INFO  client.GrpcClientProtocolClient (GrpcClientProtocolClient.java:onNext(255)) - client-D91E5D1E15CE->f2ba01fc-a63e-4348-bd18-030b60a135e7: receive RaftClientReply:client-D91E5D1E15CE->f2ba01fc-a63e-4348-bd18-030b60a135e7@group-C8C62FEF0626, cid=2194, SUCCESS, logIndex=3221, commits[f2ba01fc-a63e-4348-bd18-030b60a135e7:c3221, eab135d4-a257-4705-b491-6c056b8c5df7:c3219, a4f67574-9018-43e7-8a54-351e98dc3d0a:c3219]
2019-08-23 07:09:06,091 | INFO  | DNAudit | user=null | ip=null | op=WRITE_CHUNK {blockData=conID: 3 locID: 102665037155402291 bcsId: 3215} | ret=SUCCESS |  
2019-08-23 07:09:06,091 | INFO  | DNAudit | user=null | ip=null | op=WRITE_CHUNK {blockData=conID: 3 locID: 102665037155402291 bcsId: 3215} | ret=SUCCESS |  
2019-08-23 07:09:06,092 | INFO  | DNAudit | user=null | ip=null | op=PUT_BLOCK {blockData=[blockId=conID: 3 locID: 102665037155402291 bcsId: 0,size=3145728]} | ret=SUCCESS |  
2019-08-23 07:09:06,092 | INFO  | DNAudit | user=null | ip=null | op=PUT_BLOCK {blockData=[blockId=conID: 3 locID: 102665037155402291 bcsId: 0,size=3145728]} | ret=SUCCESS |  
2019-08-23 07:09:06,095 | INFO  | DNAudit | user=null | ip=null | op=WRITE_CHUNK {blockData=conID: 3 locID: 102665037155402291 bcsId: 3221} | ret=SUCCESS |  
2019-08-23 07:09:06,097 | INFO  | DNAudit | user=null | ip=null | op=WRITE_CHUNK {blockData=conID: 3 locID: 102665037155402291 bcsId: 3221} | ret=SUCCESS |  
2019-08-23 07:09:06,097 | INFO  | DNAudit | user=null | ip=null | op=WRITE_CHUNK {blockData=conID: 3 locID: 102665037155402291 bcsId: 3221} | ret=SUCCESS |  
2019-08-23 07:09:06,100 | INFO  | DNAudit | user=null | ip=null | op=WRITE_CHUNK {blockData=conID: 3 locID: 102665037155402291 bcsId: 3221} | ret=SUCCESS |  
2019-08-23 07:09:06,100 | INFO  | DNAudit | user=null | ip=null | op=PUT_BLOCK {blockData=[blockId=conID: 3 locID: 102665037155402291 bcsId: 0,size=4194304]} | ret=SUCCESS |  
2019-08-23 07:09:06,100 [grpc-default-executor-6] INFO  client.GrpcClientProtocolClient (GrpcClientProtocolClient.java:onNext(255)) - client-D91E5D1E15CE->f2ba01fc-a63e-4348-bd18-030b60a135e7: receive RaftClientReply:client-D91E5D1E15CE->f2ba01fc-a63e-4348-bd18-030b60a135e7@group-C8C62FEF0626, cid=2195, SUCCESS, logIndex=3224, commits[f2ba01fc-a63e-4348-bd18-030b60a135e7:c3225, eab135d4-a257-4705-b491-6c056b8c5df7:c3223, a4f67574-9018-43e7-8a54-351e98dc3d0a:c3221]
2019-08-23 07:09:06,101 [grpc-default-executor-6] INFO  client.GrpcClientProtocolClient (GrpcClientProtocolClient.java:onNext(255)) - client-D91E5D1E15CE->f2ba01fc-a63e-4348-bd18-030b60a135e7: receive RaftClientReply:client-D91E5D1E15CE->f2ba01fc-a63e-4348-bd18-030b60a135e7@group-C8C62FEF0626, cid=2196, SUCCESS, logIndex=3225, commits[f2ba01fc-a63e-4348-bd18-030b60a135e7:c3225, eab135d4-a257-4705-b491-6c056b8c5df7:c3223, a4f67574-9018-43e7-8a54-351e98dc3d0a:c3223]
2019-08-23 07:09:06,101 | INFO  | DNAudit | user=null | ip=null | op=WRITE_CHUNK {blockData=conID: 3 locID: 102665037155402291 bcsId: 3221} | ret=SUCCESS |  
2019-08-23 07:09:06,101 | INFO  | DNAudit | user=null | ip=null | op=WRITE_CHUNK {blockData=conID: 3 locID: 102665037155402291 bcsId: 3221} | ret=SUCCESS |  
2019-08-23 07:09:06,101 | INFO  | DNAudit | user=null | ip=null | op=PUT_BLOCK {blockData=[blockId=conID: 3 locID: 102665037155402291 bcsId: 0,size=4194304]} | ret=SUCCESS |  
2019-08-23 07:09:06,102 | INFO  | DNAudit | user=null | ip=null | op=PUT_BLOCK {blockData=[blockId=conID: 3 locID: 102665037155402291 bcsId: 0,size=4194304]} | ret=SUCCESS |  
2019-08-23 07:09:06,102 [grpc-default-executor-4] INFO  client.GrpcClientProtocolClient (GrpcClientProtocolClient.java:onNext(255)) - client-D91E5D1E15CE->f2ba01fc-a63e-4348-bd18-030b60a135e7: receive RaftClientReply:client-D91E5D1E15CE->f2ba01fc-a63e-4348-bd18-030b60a135e7@group-C8C62FEF0626, cid=2197, SUCCESS, logIndex=0, commits[f2ba01fc-a63e-4348-bd18-030b60a135e7:c3225, eab135d4-a257-4705-b491-6c056b8c5df7:c3225, a4f67574-9018-43e7-8a54-351e98dc3d0a:c3225]
2019-08-23 07:09:06,106 | INFO  | SCMAudit | user=jenkins1000 | ip=192.168.5.178 | op=ALLOCATE_BLOCK {owner=aaf04d22-10dd-4717-8862-c651bdde72cf, size=4194304, type=RATIS, factor=THREE} | ret=SUCCESS |  
2019-08-23 07:09:06,109 | INFO  | OMAudit | user=jenkins1000 | ip=127.0.0.1 | op=ALLOCATE_BLOCK {volume=vol-0-67663, bucket=bucket-0-68950, key=key-0-26970, dataSize=0, replicationType=null, replicationFactor=null, keyLocationInfo=null, clientID=102665036030476690} | ret=SUCCESS |  
2019-08-23 07:09:06,114 | INFO  | DNAudit | user=null | ip=null | op=WRITE_CHUNK {blockData=conID: 1 locID: 102665037159203380 bcsId: 0} | ret=SUCCESS |  
2019-08-23 07:09:06,116 | INFO  | DNAudit | user=null | ip=null | op=WRITE_CHUNK {blockData=conID: 1 locID: 102665037159203380 bcsId: 0} | ret=SUCCESS |  
2019-08-23 07:09:06,116 | INFO  | DNAudit | user=null | ip=null | op=WRITE_CHUNK {blockData=conID: 1 locID: 102665037159203380 bcsId: 0} | ret=SUCCESS |  
2019-08-23 07:09:06,117 | INFO  | DNAudit | user=null | ip=null | op=WRITE_CHUNK {blockData=conID: 1 locID: 102665037159203380 bcsId: 0} | ret=SUCCESS |  
2019-08-23 07:09:06,118 | INFO  | DNAudit | user=null | ip=null | op=WRITE_CHUNK {blockData=conID: 1 locID: 102665037159203380 bcsId: 0} | ret=SUCCESS |  
2019-08-23 07:09:06,118 | INFO  | DNAudit | user=null | ip=null | op=WRITE_CHUNK {blockData=conID: 1 locID: 102665037159203380 bcsId: 0} | ret=SUCCESS |  
2019-08-23 07:09:06,124 | INFO  | DNAudit | user=null | ip=null | op=WRITE_CHUNK {blockData=conID: 1 locID: 102665037159203380 bcsId: 0} | ret=SUCCESS |  
2019-08-23 07:09:06,125 | INFO  | DNAudit | user=null | ip=null | op=PUT_BLOCK {blockData=[blockId=conID: 1 locID: 102665037159203380 bcsId: 0,size=1048576]} | ret=SUCCESS |  
2019-08-23 07:09:06,125 [grpc-default-executor-3] INFO  client.GrpcClientProtocolClient (GrpcClientProtocolClient.java:onNext(255)) - client-D91E5D1E15CE->f2ba01fc-a63e-4348-bd18-030b60a135e7: receive RaftClientReply:client-D91E5D1E15CE->f2ba01fc-a63e-4348-bd18-030b60a135e7@group-C8C62FEF0626, cid=2198, SUCCESS, logIndex=3228, commits[f2ba01fc-a63e-4348-bd18-030b60a135e7:c3229, eab135d4-a257-4705-b491-6c056b8c5df7:c3227, a4f67574-9018-43e7-8a54-351e98dc3d0a:c3227]
2019-08-23 07:09:06,126 | INFO  | DNAudit | user=null | ip=null | op=WRITE_CHUNK {blockData=conID: 1 locID: 102665037159203380 bcsId: 0} | ret=SUCCESS |  
2019-08-23 07:09:06,126 [grpc-default-executor-3] INFO  client.GrpcClientProtocolClient (GrpcClientProtocolClient.java:onNext(255)) - client-D91E5D1E15CE->f2ba01fc-a63e-4348-bd18-030b60a135e7: receive RaftClientReply:client-D91E5D1E15CE->f2ba01fc-a63e-4348-bd18-030b60a135e7@group-C8C62FEF0626, cid=2199, SUCCESS, logIndex=3229, commits[f2ba01fc-a63e-4348-bd18-030b60a135e7:c3229, eab135d4-a257-4705-b491-6c056b8c5df7:c3227, a4f67574-9018-43e7-8a54-351e98dc3d0a:c3227]
2019-08-23 07:09:06,126 | INFO  | DNAudit | user=null | ip=null | op=PUT_BLOCK {blockData=[blockId=conID: 1 locID: 102665037159203380 bcsId: 0,size=2097152]} | ret=SUCCESS |  
2019-08-23 07:09:06,126 [grpc-default-executor-3] INFO  client.GrpcClientProtocolClient (GrpcClientProtocolClient.java:onNext(255)) - client-D91E5D1E15CE->f2ba01fc-a63e-4348-bd18-030b60a135e7: receive RaftClientReply:client-D91E5D1E15CE->f2ba01fc-a63e-4348-bd18-030b60a135e7@group-C8C62FEF0626, cid=2200, SUCCESS, logIndex=3230, commits[f2ba01fc-a63e-4348-bd18-030b60a135e7:c3231, eab135d4-a257-4705-b491-6c056b8c5df7:c3227, a4f67574-9018-43e7-8a54-351e98dc3d0a:c3227]
2019-08-23 07:09:06,126 | INFO  | DNAudit | user=null | ip=null | op=WRITE_CHUNK {blockData=conID: 1 locID: 102665037159203380 bcsId: 0} | ret=SUCCESS |  
2019-08-23 07:09:06,127 [grpc-default-executor-4] INFO  client.GrpcClientProtocolClient (GrpcClientProtocolClient.java:onNext(255)) - client-D91E5D1E15CE->f2ba01fc-a63e-4348-bd18-030b60a135e7: receive RaftClientReply:client-D91E5D1E15CE->f2ba01fc-a63e-4348-bd18-030b60a135e7@group-C8C62FEF0626, cid=2201, SUCCESS, logIndex=3231, commits[f2ba01fc-a63e-4348-bd18-030b60a135e7:c3231, eab135d4-a257-4705-b491-6c056b8c5df7:c3227, a4f67574-9018-43e7-8a54-351e98dc3d0a:c3227]
2019-08-23 07:09:06,127 | INFO  | DNAudit | user=null | ip=null | op=PUT_BLOCK {blockData=[blockId=conID: 1 locID: 102665037159203380 bcsId: 0,size=1048576]} | ret=SUCCESS |  
2019-08-23 07:09:06,127 | INFO  | DNAudit | user=null | ip=null | op=WRITE_CHUNK {blockData=conID: 1 locID: 102665037159203380 bcsId: 0} | ret=SUCCESS |  
2019-08-23 07:09:06,127 | INFO  | DNAudit | user=null | ip=null | op=PUT_BLOCK {blockData=[blockId=conID: 1 locID: 102665037159203380 bcsId: 0,size=1048576]} | ret=SUCCESS |  
2019-08-23 07:09:06,127 [grpc-default-executor-3] INFO  client.GrpcClientProtocolClient (GrpcClientProtocolClient.java:onNext(255)) - client-D91E5D1E15CE->f2ba01fc-a63e-4348-bd18-030b60a135e7: receive RaftClientReply:client-D91E5D1E15CE->f2ba01fc-a63e-4348-bd18-030b60a135e7@group-C8C62FEF0626, cid=2202, SUCCESS, logIndex=0, commits[f2ba01fc-a63e-4348-bd18-030b60a135e7:c3233, eab135d4-a257-4705-b491-6c056b8c5df7:c3229, a4f67574-9018-43e7-8a54-351e98dc3d0a:c3229]
2019-08-23 07:09:06,128 | INFO  | DNAudit | user=null | ip=null | op=WRITE_CHUNK {blockData=conID: 1 locID: 102665037159203380 bcsId: 0} | ret=SUCCESS |  
2019-08-23 07:09:06,128 | INFO  | DNAudit | user=null | ip=null | op=PUT_BLOCK {blockData=[blockId=conID: 1 locID: 102665037159203380 bcsId: 0,size=2097152]} | ret=SUCCESS |  
2019-08-23 07:09:06,128 | INFO  | DNAudit | user=null | ip=null | op=WRITE_CHUNK {blockData=conID: 1 locID: 102665037159203380 bcsId: 0} | ret=SUCCESS |  
2019-08-23 07:09:06,129 | INFO  | DNAudit | user=null | ip=null | op=PUT_BLOCK {blockData=[blockId=conID: 1 locID: 102665037159203380 bcsId: 0,size=2097152]} | ret=SUCCESS |  
2019-08-23 07:09:06,133 | INFO  | DNAudit | user=null | ip=null | op=WRITE_CHUNK {blockData=conID: 1 locID: 102665037159203380 bcsId: 3231} | ret=SUCCESS |  
2019-08-23 07:09:06,134 | INFO  | DNAudit | user=null | ip=null | op=WRITE_CHUNK {blockData=conID: 1 locID: 102665037159203380 bcsId: 3231} | ret=SUCCESS |  
2019-08-23 07:09:06,135 | INFO  | DNAudit | user=null | ip=null | op=WRITE_CHUNK {blockData=conID: 1 locID: 102665037159203380 bcsId: 3231} | ret=SUCCESS |  
2019-08-23 07:09:06,145 | INFO  | DNAudit | user=null | ip=null | op=WRITE_CHUNK {blockData=conID: 1 locID: 102665037159203380 bcsId: 3231} | ret=SUCCESS |  
2019-08-23 07:09:06,146 | INFO  | DNAudit | user=null | ip=null | op=PUT_BLOCK {blockData=[blockId=conID: 1 locID: 102665037159203380 bcsId: 0,size=3145728]} | ret=SUCCESS |  
2019-08-23 07:09:06,146 [grpc-default-executor-2] INFO  client.GrpcClientProtocolClient (GrpcClientProtocolClient.java:onNext(255)) - client-D91E5D1E15CE->f2ba01fc-a63e-4348-bd18-030b60a135e7: receive RaftClientReply:client-D91E5D1E15CE->f2ba01fc-a63e-4348-bd18-030b60a135e7@group-C8C62FEF0626, cid=2203, SUCCESS, logIndex=3236, commits[f2ba01fc-a63e-4348-bd18-030b60a135e7:c3237, eab135d4-a257-4705-b491-6c056b8c5df7:c3235, a4f67574-9018-43e7-8a54-351e98dc3d0a:c3235]
2019-08-23 07:09:06,146 [grpc-default-executor-2] INFO  client.GrpcClientProtocolClient (GrpcClientProtocolClient.java:onNext(255)) - client-D91E5D1E15CE->f2ba01fc-a63e-4348-bd18-030b60a135e7: receive RaftClientReply:client-D91E5D1E15CE->f2ba01fc-a63e-4348-bd18-030b60a135e7@group-C8C62FEF0626, cid=2204, SUCCESS, logIndex=3237, commits[f2ba01fc-a63e-4348-bd18-030b60a135e7:c3237, eab135d4-a257-4705-b491-6c056b8c5df7:c3235, a4f67574-9018-43e7-8a54-351e98dc3d0a:c3235]
2019-08-23 07:09:06,147 | INFO  | SCMAudit | user=jenkins1000 | ip=192.168.5.178 | op=SEND_HEARTBEAT {datanodeUUID=b7d3ecaa-ab76-49a0-b691-40b7e1ed625a, command=[]} | ret=SUCCESS |  
2019-08-23 07:09:06,151 | INFO  | DNAudit | user=null | ip=null | op=WRITE_CHUNK {blockData=conID: 1 locID: 102665037159203380 bcsId: 3237} | ret=SUCCESS |  
2019-08-23 07:09:06,153 | INFO  | DNAudit | user=null | ip=null | op=WRITE_CHUNK {blockData=conID: 1 locID: 102665037159203380 bcsId: 3237} | ret=SUCCESS |  
2019-08-23 07:09:06,153 | INFO  | DNAudit | user=null | ip=null | op=WRITE_CHUNK {blockData=conID: 1 locID: 102665037159203380 bcsId: 3237} | ret=SUCCESS |  
2019-08-23 07:09:06,157 | INFO  | DNAudit | user=null | ip=null | op=WRITE_CHUNK {blockData=conID: 1 locID: 102665037159203380 bcsId: 3231} | ret=SUCCESS |  
2019-08-23 07:09:06,157 | INFO  | DNAudit | user=null | ip=null | op=WRITE_CHUNK {blockData=conID: 1 locID: 102665037159203380 bcsId: 3231} | ret=SUCCESS |  
2019-08-23 07:09:06,173 | INFO  | DNAudit | user=null | ip=null | op=PUT_BLOCK {blockData=[blockId=conID: 1 locID: 102665037159203380 bcsId: 0,size=3145728]} | ret=SUCCESS |  
2019-08-23 07:09:06,173 | INFO  | DNAudit | user=null | ip=null | op=PUT_BLOCK {blockData=[blockId=conID: 1 locID: 102665037159203380 bcsId: 0,size=3145728]} | ret=SUCCESS |  
2019-08-23 07:09:06,173 | INFO  | DNAudit | user=null | ip=null | op=WRITE_CHUNK {blockData=conID: 1 locID: 102665037159203380 bcsId: 3237} | ret=SUCCESS |  
2019-08-23 07:09:06,174 | INFO  | DNAudit | user=null | ip=null | op=PUT_BLOCK {blockData=[blockId=conID: 1 locID: 102665037159203380 bcsId: 0,size=4194304]} | ret=SUCCESS |  
2019-08-23 07:09:06,174 [grpc-default-executor-2] INFO  client.GrpcClientProtocolClient (GrpcClientProtocolClient.java:onNext(255)) - client-D91E5D1E15CE->f2ba01fc-a63e-4348-bd18-030b60a135e7: receive RaftClientReply:client-D91E5D1E15CE->f2ba01fc-a63e-4348-bd18-030b60a135e7@group-C8C62FEF0626, cid=2205, SUCCESS, logIndex=3240, commits[f2ba01fc-a63e-4348-bd18-030b60a135e7:c3241, eab135d4-a257-4705-b491-6c056b8c5df7:c3237, a4f67574-9018-43e7-8a54-351e98dc3d0a:c3237]
2019-08-23 07:09:06,174 [grpc-default-executor-2] INFO  client.GrpcClientProtocolClient (GrpcClientProtocolClient.java:onNext(255)) - client-D91E5D1E15CE->f2ba01fc-a63e-4348-bd18-030b60a135e7: receive RaftClientReply:client-D91E5D1E15CE->f2ba01fc-a63e-4348-bd18-030b60a135e7@group-C8C62FEF0626, cid=2206, SUCCESS, logIndex=3241, commits[f2ba01fc-a63e-4348-bd18-030b60a135e7:c3241, eab135d4-a257-4705-b491-6c056b8c5df7:c3237, a4f67574-9018-43e7-8a54-351e98dc3d0a:c3237]
2019-08-23 07:09:06,185 | INFO  | DNAudit | user=null | ip=null | op=WRITE_CHUNK {blockData=conID: 1 locID: 102665037159203380 bcsId: 3237} | ret=SUCCESS |  
2019-08-23 07:09:06,185 | INFO  | DNAudit | user=null | ip=null | op=WRITE_CHUNK {blockData=conID: 1 locID: 102665037159203380 bcsId: 3237} | ret=SUCCESS |  
2019-08-23 07:09:06,188 | INFO  | DNAudit | user=null | ip=null | op=PUT_BLOCK {blockData=[blockId=conID: 1 locID: 102665037159203380 bcsId: 0,size=4194304]} | ret=SUCCESS |  
2019-08-23 07:09:06,188 | INFO  | DNAudit | user=null | ip=null | op=PUT_BLOCK {blockData=[blockId=conID: 1 locID: 102665037159203380 bcsId: 0,size=4194304]} | ret=SUCCESS |  
2019-08-23 07:09:06,188 [grpc-default-executor-4] INFO  client.GrpcClientProtocolClient (GrpcClientProtocolClient.java:onNext(255)) - client-D91E5D1E15CE->f2ba01fc-a63e-4348-bd18-030b60a135e7: receive RaftClientReply:client-D91E5D1E15CE->f2ba01fc-a63e-4348-bd18-030b60a135e7@group-C8C62FEF0626, cid=2207, SUCCESS, logIndex=0, commits[f2ba01fc-a63e-4348-bd18-030b60a135e7:c3243, eab135d4-a257-4705-b491-6c056b8c5df7:c3241, a4f67574-9018-43e7-8a54-351e98dc3d0a:c3241]
2019-08-23 07:09:06,194 | INFO  | SCMAudit | user=jenkins1000 | ip=192.168.5.178 | op=ALLOCATE_BLOCK {owner=aaf04d22-10dd-4717-8862-c651bdde72cf, size=4194304, type=RATIS, factor=THREE} | ret=SUCCESS |  
2019-08-23 07:09:06,197 | INFO  | OMAudit | user=jenkins1000 | ip=127.0.0.1 | op=ALLOCATE_BLOCK {volume=vol-0-67663, bucket=bucket-0-68950, key=key-0-26970, dataSize=0, replicationType=null, replicationFactor=null, keyLocationInfo=null, clientID=102665036030476690} | ret=SUCCESS |  
2019-08-23 07:09:06,203 | INFO  | DNAudit | user=null | ip=null | op=WRITE_CHUNK {blockData=conID: 2 locID: 102665037164970549 bcsId: 0} | ret=SUCCESS |  
2019-08-23 07:09:06,206 | INFO  | DNAudit | user=null | ip=null | op=WRITE_CHUNK {blockData=conID: 2 locID: 102665037164970549 bcsId: 0} | ret=SUCCESS |  
2019-08-23 07:09:06,206 | INFO  | DNAudit | user=null | ip=null | op=WRITE_CHUNK {blockData=conID: 2 locID: 102665037164970549 bcsId: 0} | ret=SUCCESS |  
2019-08-23 07:09:06,206 | INFO  | DNAudit | user=null | ip=null | op=WRITE_CHUNK {blockData=conID: 2 locID: 102665037164970549 bcsId: 0} | ret=SUCCESS |  
2019-08-23 07:09:06,208 | INFO  | DNAudit | user=null | ip=null | op=WRITE_CHUNK {blockData=conID: 2 locID: 102665037164970549 bcsId: 0} | ret=SUCCESS |  
2019-08-23 07:09:06,208 | INFO  | DNAudit | user=null | ip=null | op=WRITE_CHUNK {blockData=conID: 2 locID: 102665037164970549 bcsId: 0} | ret=SUCCESS |  
2019-08-23 07:09:06,216 | INFO  | DNAudit | user=null | ip=null | op=WRITE_CHUNK {blockData=conID: 2 locID: 102665037164970549 bcsId: 0} | ret=SUCCESS |  
2019-08-23 07:09:06,216 | INFO  | DNAudit | user=null | ip=null | op=PUT_BLOCK {blockData=[blockId=conID: 2 locID: 102665037164970549 bcsId: 0,size=1048576]} | ret=SUCCESS |  
2019-08-23 07:09:06,217 [grpc-default-executor-3] INFO  client.GrpcClientProtocolClient (GrpcClientProtocolClient.java:onNext(255)) - client-D91E5D1E15CE->f2ba01fc-a63e-4348-bd18-030b60a135e7: receive RaftClientReply:client-D91E5D1E15CE->f2ba01fc-a63e-4348-bd18-030b60a135e7@group-C8C62FEF0626, cid=2208, SUCCESS, logIndex=3244, commits[f2ba01fc-a63e-4348-bd18-030b60a135e7:c3245, eab135d4-a257-4705-b491-6c056b8c5df7:c3243, a4f67574-9018-43e7-8a54-351e98dc3d0a:c3243]
2019-08-23 07:09:06,217 [grpc-default-executor-3] INFO  client.GrpcClientProtocolClient (GrpcClientProtocolClient.java:onNext(255)) - client-D91E5D1E15CE->f2ba01fc-a63e-4348-bd18-030b60a135e7: receive RaftClientReply:client-D91E5D1E15CE->f2ba01fc-a63e-4348-bd18-030b60a135e7@group-C8C62FEF0626, cid=2209, SUCCESS, logIndex=3245, commits[f2ba01fc-a63e-4348-bd18-030b60a135e7:c3245, eab135d4-a257-4705-b491-6c056b8c5df7:c3243, a4f67574-9018-43e7-8a54-351e98dc3d0a:c3243]
2019-08-23 07:09:06,218 | INFO  | DNAudit | user=null | ip=null | op=WRITE_CHUNK {blockData=conID: 2 locID: 102665037164970549 bcsId: 0} | ret=SUCCESS |  
2019-08-23 07:09:06,218 | INFO  | DNAudit | user=null | ip=null | op=PUT_BLOCK {blockData=[blockId=conID: 2 locID: 102665037164970549 bcsId: 0,size=2097152]} | ret=SUCCESS |  
2019-08-23 07:09:06,219 [grpc-default-executor-4] INFO  client.GrpcClientProtocolClient (GrpcClientProtocolClient.java:onNext(255)) - client-D91E5D1E15CE->f2ba01fc-a63e-4348-bd18-030b60a135e7: receive RaftClientReply:client-D91E5D1E15CE->f2ba01fc-a63e-4348-bd18-030b60a135e7@group-C8C62FEF0626, cid=2210, SUCCESS, logIndex=3246, commits[f2ba01fc-a63e-4348-bd18-030b60a135e7:c3247, eab135d4-a257-4705-b491-6c056b8c5df7:c3243, a4f67574-9018-43e7-8a54-351e98dc3d0a:c3243]
2019-08-23 07:09:06,219 [grpc-default-executor-4] INFO  client.GrpcClientProtocolClient (GrpcClientProtocolClient.java:onNext(255)) - client-D91E5D1E15CE->f2ba01fc-a63e-4348-bd18-030b60a135e7: receive RaftClientReply:client-D91E5D1E15CE->f2ba01fc-a63e-4348-bd18-030b60a135e7@group-C8C62FEF0626, cid=2211, SUCCESS, logIndex=3247, commits[f2ba01fc-a63e-4348-bd18-030b60a135e7:c3247, eab135d4-a257-4705-b491-6c056b8c5df7:c3243, a4f67574-9018-43e7-8a54-351e98dc3d0a:c3243]
2019-08-23 07:09:06,229 | INFO  | DNAudit | user=null | ip=null | op=WRITE_CHUNK {blockData=conID: 2 locID: 102665037164970549 bcsId: 0} | ret=SUCCESS |  
2019-08-23 07:09:06,229 | INFO  | DNAudit | user=null | ip=null | op=WRITE_CHUNK {blockData=conID: 2 locID: 102665037164970549 bcsId: 0} | ret=SUCCESS |  
2019-08-23 07:09:06,230 | INFO  | DNAudit | user=null | ip=null | op=PUT_BLOCK {blockData=[blockId=conID: 2 locID: 102665037164970549 bcsId: 0,size=1048576]} | ret=SUCCESS |  
2019-08-23 07:09:06,230 | INFO  | DNAudit | user=null | ip=null | op=PUT_BLOCK {blockData=[blockId=conID: 2 locID: 102665037164970549 bcsId: 0,size=1048576]} | ret=SUCCESS |  
2019-08-23 07:09:06,230 [grpc-default-executor-4] INFO  client.GrpcClientProtocolClient (GrpcClientProtocolClient.java:onNext(255)) - client-D91E5D1E15CE->f2ba01fc-a63e-4348-bd18-030b60a135e7: receive RaftClientReply:client-D91E5D1E15CE->f2ba01fc-a63e-4348-bd18-030b60a135e7@group-C8C62FEF0626, cid=2212, SUCCESS, logIndex=0, commits[f2ba01fc-a63e-4348-bd18-030b60a135e7:c3249, eab135d4-a257-4705-b491-6c056b8c5df7:c3245, a4f67574-9018-43e7-8a54-351e98dc3d0a:c3245]
2019-08-23 07:09:06,230 | INFO  | DNAudit | user=null | ip=null | op=WRITE_CHUNK {blockData=conID: 2 locID: 102665037164970549 bcsId: 0} | ret=SUCCESS |  
2019-08-23 07:09:06,231 | INFO  | DNAudit | user=null | ip=null | op=PUT_BLOCK {blockData=[blockId=conID: 2 locID: 102665037164970549 bcsId: 0,size=2097152]} | ret=SUCCESS |  
2019-08-23 07:09:06,231 | INFO  | DNAudit | user=null | ip=null | op=WRITE_CHUNK {blockData=conID: 2 locID: 102665037164970549 bcsId: 0} | ret=SUCCESS |  
2019-08-23 07:09:06,231 | INFO  | DNAudit | user=null | ip=null | op=PUT_BLOCK {blockData=[blockId=conID: 2 locID: 102665037164970549 bcsId: 0,size=2097152]} | ret=SUCCESS |  
2019-08-23 07:09:06,235 | INFO  | DNAudit | user=null | ip=null | op=WRITE_CHUNK {blockData=conID: 2 locID: 102665037164970549 bcsId: 3247} | ret=SUCCESS |  
2019-08-23 07:09:06,237 | INFO  | DNAudit | user=null | ip=null | op=WRITE_CHUNK {blockData=conID: 2 locID: 102665037164970549 bcsId: 3247} | ret=SUCCESS |  
2019-08-23 07:09:06,238 | INFO  | DNAudit | user=null | ip=null | op=WRITE_CHUNK {blockData=conID: 2 locID: 102665037164970549 bcsId: 3247} | ret=SUCCESS |  
2019-08-23 07:09:06,248 | INFO  | DNAudit | user=null | ip=null | op=WRITE_CHUNK {blockData=conID: 2 locID: 102665037164970549 bcsId: 3247} | ret=SUCCESS |  
2019-08-23 07:09:06,248 | INFO  | DNAudit | user=null | ip=null | op=PUT_BLOCK {blockData=[blockId=conID: 2 locID: 102665037164970549 bcsId: 0,size=3145728]} | ret=SUCCESS |  
2019-08-23 07:09:06,248 [grpc-default-executor-3] INFO  client.GrpcClientProtocolClient (GrpcClientProtocolClient.java:onNext(255)) - client-D91E5D1E15CE->f2ba01fc-a63e-4348-bd18-030b60a135e7: receive RaftClientReply:client-D91E5D1E15CE->f2ba01fc-a63e-4348-bd18-030b60a135e7@group-C8C62FEF0626, cid=2213, SUCCESS, logIndex=3252, commits[f2ba01fc-a63e-4348-bd18-030b60a135e7:c3253, eab135d4-a257-4705-b491-6c056b8c5df7:c3251, a4f67574-9018-43e7-8a54-351e98dc3d0a:c3251]
2019-08-23 07:09:06,248 [grpc-default-executor-3] INFO  client.GrpcClientProtocolClient (GrpcClientProtocolClient.java:onNext(255)) - client-D91E5D1E15CE->f2ba01fc-a63e-4348-bd18-030b60a135e7: receive RaftClientReply:client-D91E5D1E15CE->f2ba01fc-a63e-4348-bd18-030b60a135e7@group-C8C62FEF0626, cid=2214, SUCCESS, logIndex=3253, commits[f2ba01fc-a63e-4348-bd18-030b60a135e7:c3253, eab135d4-a257-4705-b491-6c056b8c5df7:c3251, a4f67574-9018-43e7-8a54-351e98dc3d0a:c3251]
2019-08-23 07:09:06,253 | INFO  | DNAudit | user=null | ip=null | op=WRITE_CHUNK {blockData=conID: 2 locID: 102665037164970549 bcsId: 3253} | ret=SUCCESS |  
2019-08-23 07:09:06,255 | INFO  | DNAudit | user=null | ip=null | op=WRITE_CHUNK {blockData=conID: 2 locID: 102665037164970549 bcsId: 3253} | ret=SUCCESS |  
2019-08-23 07:09:06,255 | INFO  | DNAudit | user=null | ip=null | op=WRITE_CHUNK {blockData=conID: 2 locID: 102665037164970549 bcsId: 3253} | ret=SUCCESS |  
2019-08-23 07:09:06,259 | INFO  | DNAudit | user=null | ip=null | op=WRITE_CHUNK {blockData=conID: 2 locID: 102665037164970549 bcsId: 3247} | ret=SUCCESS |  
2019-08-23 07:09:06,259 | INFO  | DNAudit | user=null | ip=null | op=WRITE_CHUNK {blockData=conID: 2 locID: 102665037164970549 bcsId: 3247} | ret=SUCCESS |  
2019-08-23 07:09:06,260 | INFO  | DNAudit | user=null | ip=null | op=PUT_BLOCK {blockData=[blockId=conID: 2 locID: 102665037164970549 bcsId: 0,size=3145728]} | ret=SUCCESS |  
2019-08-23 07:09:06,260 | INFO  | DNAudit | user=null | ip=null | op=PUT_BLOCK {blockData=[blockId=conID: 2 locID: 102665037164970549 bcsId: 0,size=3145728]} | ret=SUCCESS |  
2019-08-23 07:09:06,261 | INFO  | DNAudit | user=null | ip=null | op=WRITE_CHUNK {blockData=conID: 2 locID: 102665037164970549 bcsId: 3253} | ret=SUCCESS |  
2019-08-23 07:09:06,261 | INFO  | DNAudit | user=null | ip=null | op=PUT_BLOCK {blockData=[blockId=conID: 2 locID: 102665037164970549 bcsId: 0,size=4194304]} | ret=SUCCESS |  
2019-08-23 07:09:06,261 [grpc-default-executor-4] INFO  client.GrpcClientProtocolClient (GrpcClientProtocolClient.java:onNext(255)) - client-D91E5D1E15CE->f2ba01fc-a63e-4348-bd18-030b60a135e7: receive RaftClientReply:client-D91E5D1E15CE->f2ba01fc-a63e-4348-bd18-030b60a135e7@group-C8C62FEF0626, cid=2215, SUCCESS, logIndex=3256, commits[f2ba01fc-a63e-4348-bd18-030b60a135e7:c3257, eab135d4-a257-4705-b491-6c056b8c5df7:c3253, a4f67574-9018-43e7-8a54-351e98dc3d0a:c3253]
2019-08-23 07:09:06,262 [grpc-default-executor-4] INFO  client.GrpcClientProtocolClient (GrpcClientProtocolClient.java:onNext(255)) - client-D91E5D1E15CE->f2ba01fc-a63e-4348-bd18-030b60a135e7: receive RaftClientReply:client-D91E5D1E15CE->f2ba01fc-a63e-4348-bd18-030b60a135e7@group-C8C62FEF0626, cid=2216, SUCCESS, logIndex=3257, commits[f2ba01fc-a63e-4348-bd18-030b60a135e7:c3257, eab135d4-a257-4705-b491-6c056b8c5df7:c3253, a4f67574-9018-43e7-8a54-351e98dc3d0a:c3253]
2019-08-23 07:09:06,272 | INFO  | DNAudit | user=null | ip=null | op=WRITE_CHUNK {blockData=conID: 2 locID: 102665037164970549 bcsId: 3253} | ret=SUCCESS |  
2019-08-23 07:09:06,272 | INFO  | DNAudit | user=null | ip=null | op=WRITE_CHUNK {blockData=conID: 2 locID: 102665037164970549 bcsId: 3253} | ret=SUCCESS |  
2019-08-23 07:09:06,274 | INFO  | DNAudit | user=null | ip=null | op=PUT_BLOCK {blockData=[blockId=conID: 2 locID: 102665037164970549 bcsId: 0,size=4194304]} | ret=SUCCESS |  
2019-08-23 07:09:06,274 | INFO  | DNAudit | user=null | ip=null | op=PUT_BLOCK {blockData=[blockId=conID: 2 locID: 102665037164970549 bcsId: 0,size=4194304]} | ret=SUCCESS |  
2019-08-23 07:09:06,274 [grpc-default-executor-4] INFO  client.GrpcClientProtocolClient (GrpcClientProtocolClient.java:onNext(255)) - client-D91E5D1E15CE->f2ba01fc-a63e-4348-bd18-030b60a135e7: receive RaftClientReply:client-D91E5D1E15CE->f2ba01fc-a63e-4348-bd18-030b60a135e7@group-C8C62FEF0626, cid=2217, SUCCESS, logIndex=0, commits[f2ba01fc-a63e-4348-bd18-030b60a135e7:c3259, eab135d4-a257-4705-b491-6c056b8c5df7:c3257, a4f67574-9018-43e7-8a54-351e98dc3d0a:c3257]
2019-08-23 07:09:06,400 | INFO  | SCMAudit | user=jenkins1000 | ip=192.168.5.178 | op=ALLOCATE_BLOCK {owner=aaf04d22-10dd-4717-8862-c651bdde72cf, size=4194304, type=RATIS, factor=THREE} | ret=SUCCESS |  
2019-08-23 07:09:06,403 | INFO  | OMAudit | user=jenkins1000 | ip=127.0.0.1 | op=ALLOCATE_BLOCK {volume=vol-0-67663, bucket=bucket-0-68950, key=key-0-26970, dataSize=0, replicationType=null, replicationFactor=null, keyLocationInfo=null, clientID=102665036030476690} | ret=SUCCESS |  
2019-08-23 07:09:06,409 | INFO  | DNAudit | user=null | ip=null | op=WRITE_CHUNK {blockData=conID: 3 locID: 102665037178470966 bcsId: 0} | ret=SUCCESS |  
2019-08-23 07:09:06,410 | INFO  | DNAudit | user=null | ip=null | op=WRITE_CHUNK {blockData=conID: 3 locID: 102665037178470966 bcsId: 0} | ret=SUCCESS |  
2019-08-23 07:09:06,411 | INFO  | DNAudit | user=null | ip=null | op=WRITE_CHUNK {blockData=conID: 3 locID: 102665037178470966 bcsId: 0} | ret=SUCCESS |  
2019-08-23 07:09:06,411 | INFO  | DNAudit | user=null | ip=null | op=WRITE_CHUNK {blockData=conID: 3 locID: 102665037178470966 bcsId: 0} | ret=SUCCESS |  
2019-08-23 07:09:06,412 | INFO  | DNAudit | user=null | ip=null | op=WRITE_CHUNK {blockData=conID: 3 locID: 102665037178470966 bcsId: 0} | ret=SUCCESS |  
2019-08-23 07:09:06,412 | INFO  | DNAudit | user=null | ip=null | op=WRITE_CHUNK {blockData=conID: 3 locID: 102665037178470966 bcsId: 0} | ret=SUCCESS |  
2019-08-23 07:09:06,423 | INFO  | DNAudit | user=null | ip=null | op=WRITE_CHUNK {blockData=conID: 3 locID: 102665037178470966 bcsId: 0} | ret=SUCCESS |  
2019-08-23 07:09:06,423 | INFO  | DNAudit | user=null | ip=null | op=PUT_BLOCK {blockData=[blockId=conID: 3 locID: 102665037178470966 bcsId: 0,size=1048576]} | ret=SUCCESS |  
2019-08-23 07:09:06,424 [grpc-default-executor-2] INFO  client.GrpcClientProtocolClient (GrpcClientProtocolClient.java:onNext(255)) - client-D91E5D1E15CE->f2ba01fc-a63e-4348-bd18-030b60a135e7: receive RaftClientReply:client-D91E5D1E15CE->f2ba01fc-a63e-4348-bd18-030b60a135e7@group-C8C62FEF0626, cid=2218, SUCCESS, logIndex=3260, commits[f2ba01fc-a63e-4348-bd18-030b60a135e7:c3262, eab135d4-a257-4705-b491-6c056b8c5df7:c3259, a4f67574-9018-43e7-8a54-351e98dc3d0a:c3259]
2019-08-23 07:09:06,424 | INFO  | DNAudit | user=null | ip=null | op=WRITE_CHUNK {blockData=conID: 3 locID: 102665037178470966 bcsId: 0} | ret=SUCCESS |  
2019-08-23 07:09:06,424 | INFO  | DNAudit | user=null | ip=null | op=PUT_BLOCK {blockData=[blockId=conID: 3 locID: 102665037178470966 bcsId: 0,size=2097152]} | ret=SUCCESS |  
2019-08-23 07:09:06,424 [grpc-default-executor-2] INFO  client.GrpcClientProtocolClient (GrpcClientProtocolClient.java:onNext(255)) - client-D91E5D1E15CE->f2ba01fc-a63e-4348-bd18-030b60a135e7: receive RaftClientReply:client-D91E5D1E15CE->f2ba01fc-a63e-4348-bd18-030b60a135e7@group-C8C62FEF0626, cid=2219, SUCCESS, logIndex=3261, commits[f2ba01fc-a63e-4348-bd18-030b60a135e7:c3263, eab135d4-a257-4705-b491-6c056b8c5df7:c3259, a4f67574-9018-43e7-8a54-351e98dc3d0a:c3259]
2019-08-23 07:09:06,424 [grpc-default-executor-2] INFO  client.GrpcClientProtocolClient (GrpcClientProtocolClient.java:onNext(255)) - client-D91E5D1E15CE->f2ba01fc-a63e-4348-bd18-030b60a135e7: receive RaftClientReply:client-D91E5D1E15CE->f2ba01fc-a63e-4348-bd18-030b60a135e7@group-C8C62FEF0626, cid=2220, SUCCESS, logIndex=3262, commits[f2ba01fc-a63e-4348-bd18-030b60a135e7:c3263, eab135d4-a257-4705-b491-6c056b8c5df7:c3259, a4f67574-9018-43e7-8a54-351e98dc3d0a:c3259]
2019-08-23 07:09:06,424 [grpc-default-executor-2] INFO  client.GrpcClientProtocolClient (GrpcClientProtocolClient.java:onNext(255)) - client-D91E5D1E15CE->f2ba01fc-a63e-4348-bd18-030b60a135e7: receive RaftClientReply:client-D91E5D1E15CE->f2ba01fc-a63e-4348-bd18-030b60a135e7@group-C8C62FEF0626, cid=2221, SUCCESS, logIndex=3263, commits[f2ba01fc-a63e-4348-bd18-030b60a135e7:c3263, eab135d4-a257-4705-b491-6c056b8c5df7:c3259, a4f67574-9018-43e7-8a54-351e98dc3d0a:c3259]
2019-08-23 07:09:06,434 | INFO  | DNAudit | user=null | ip=null | op=WRITE_CHUNK {blockData=conID: 3 locID: 102665037178470966 bcsId: 0} | ret=SUCCESS |  
2019-08-23 07:09:06,434 | INFO  | DNAudit | user=null | ip=null | op=WRITE_CHUNK {blockData=conID: 3 locID: 102665037178470966 bcsId: 0} | ret=SUCCESS |  
2019-08-23 07:09:06,434 | INFO  | DNAudit | user=null | ip=null | op=PUT_BLOCK {blockData=[blockId=conID: 3 locID: 102665037178470966 bcsId: 0,size=1048576]} | ret=SUCCESS |  
2019-08-23 07:09:06,435 | INFO  | DNAudit | user=null | ip=null | op=WRITE_CHUNK {blockData=conID: 3 locID: 102665037178470966 bcsId: 0} | ret=SUCCESS |  
2019-08-23 07:09:06,436 | INFO  | DNAudit | user=null | ip=null | op=PUT_BLOCK {blockData=[blockId=conID: 3 locID: 102665037178470966 bcsId: 0,size=1048576]} | ret=SUCCESS |  
2019-08-23 07:09:06,436 | INFO  | DNAudit | user=null | ip=null | op=PUT_BLOCK {blockData=[blockId=conID: 3 locID: 102665037178470966 bcsId: 0,size=2097152]} | ret=SUCCESS |  
2019-08-23 07:09:06,437 | INFO  | DNAudit | user=null | ip=null | op=WRITE_CHUNK {blockData=conID: 3 locID: 102665037178470966 bcsId: 0} | ret=SUCCESS |  
2019-08-23 07:09:06,437 [grpc-default-executor-2] INFO  client.GrpcClientProtocolClient (GrpcClientProtocolClient.java:onNext(255)) - client-D91E5D1E15CE->f2ba01fc-a63e-4348-bd18-030b60a135e7: receive RaftClientReply:client-D91E5D1E15CE->f2ba01fc-a63e-4348-bd18-030b60a135e7@group-C8C62FEF0626, cid=2222, SUCCESS, logIndex=0, commits[f2ba01fc-a63e-4348-bd18-030b60a135e7:c3266, eab135d4-a257-4705-b491-6c056b8c5df7:c3262, a4f67574-9018-43e7-8a54-351e98dc3d0a:c3261]
2019-08-23 07:09:06,437 | INFO  | DNAudit | user=null | ip=null | op=PUT_BLOCK {blockData=[blockId=conID: 3 locID: 102665037178470966 bcsId: 0,size=2097152]} | ret=SUCCESS |  
2019-08-23 07:09:06,443 | INFO  | DNAudit | user=null | ip=null | op=WRITE_CHUNK {blockData=conID: 3 locID: 102665037178470966 bcsId: 3263} | ret=SUCCESS |  
2019-08-23 07:09:06,444 | INFO  | DNAudit | user=null | ip=null | op=WRITE_CHUNK {blockData=conID: 3 locID: 102665037178470966 bcsId: 3263} | ret=SUCCESS |  
2019-08-23 07:09:06,444 | INFO  | DNAudit | user=null | ip=null | op=WRITE_CHUNK {blockData=conID: 3 locID: 102665037178470966 bcsId: 3263} | ret=SUCCESS |  
2019-08-23 07:09:06,455 | INFO  | DNAudit | user=null | ip=null | op=WRITE_CHUNK {blockData=conID: 3 locID: 102665037178470966 bcsId: 3263} | ret=SUCCESS |  
2019-08-23 07:09:06,455 | INFO  | DNAudit | user=null | ip=null | op=PUT_BLOCK {blockData=[blockId=conID: 3 locID: 102665037178470966 bcsId: 0,size=3145728]} | ret=SUCCESS |  
2019-08-23 07:09:06,455 [grpc-default-executor-2] INFO  client.GrpcClientProtocolClient (GrpcClientProtocolClient.java:onNext(255)) - client-D91E5D1E15CE->f2ba01fc-a63e-4348-bd18-030b60a135e7: receive RaftClientReply:client-D91E5D1E15CE->f2ba01fc-a63e-4348-bd18-030b60a135e7@group-C8C62FEF0626, cid=2223, SUCCESS, logIndex=3268, commits[f2ba01fc-a63e-4348-bd18-030b60a135e7:c3269, eab135d4-a257-4705-b491-6c056b8c5df7:c3267, a4f67574-9018-43e7-8a54-351e98dc3d0a:c3267]
2019-08-23 07:09:06,456 [grpc-default-executor-2] INFO  client.GrpcClientProtocolClient (GrpcClientProtocolClient.java:onNext(255)) - client-D91E5D1E15CE->f2ba01fc-a63e-4348-bd18-030b60a135e7: receive RaftClientReply:client-D91E5D1E15CE->f2ba01fc-a63e-4348-bd18-030b60a135e7@group-C8C62FEF0626, cid=2224, SUCCESS, logIndex=3269, commits[f2ba01fc-a63e-4348-bd18-030b60a135e7:c3269, eab135d4-a257-4705-b491-6c056b8c5df7:c3267, a4f67574-9018-43e7-8a54-351e98dc3d0a:c3267]
2019-08-23 07:09:06,461 | INFO  | DNAudit | user=null | ip=null | op=WRITE_CHUNK {blockData=conID: 3 locID: 102665037178470966 bcsId: 3269} | ret=SUCCESS |  
2019-08-23 07:09:06,463 | INFO  | DNAudit | user=null | ip=null | op=WRITE_CHUNK {blockData=conID: 3 locID: 102665037178470966 bcsId: 3269} | ret=SUCCESS |  
2019-08-23 07:09:06,463 | INFO  | DNAudit | user=null | ip=null | op=WRITE_CHUNK {blockData=conID: 3 locID: 102665037178470966 bcsId: 3269} | ret=SUCCESS |  
2019-08-23 07:09:06,466 | INFO  | DNAudit | user=null | ip=null | op=WRITE_CHUNK {blockData=conID: 3 locID: 102665037178470966 bcsId: 3263} | ret=SUCCESS |  
2019-08-23 07:09:06,467 | INFO  | DNAudit | user=null | ip=null | op=WRITE_CHUNK {blockData=conID: 3 locID: 102665037178470966 bcsId: 3263} | ret=SUCCESS |  
2019-08-23 07:09:06,468 | INFO  | DNAudit | user=null | ip=null | op=PUT_BLOCK {blockData=[blockId=conID: 3 locID: 102665037178470966 bcsId: 0,size=3145728]} | ret=SUCCESS |  
2019-08-23 07:09:06,468 | INFO  | DNAudit | user=null | ip=null | op=PUT_BLOCK {blockData=[blockId=conID: 3 locID: 102665037178470966 bcsId: 0,size=3145728]} | ret=SUCCESS |  
2019-08-23 07:09:06,468 | INFO  | DNAudit | user=null | ip=null | op=WRITE_CHUNK {blockData=conID: 3 locID: 102665037178470966 bcsId: 3269} | ret=SUCCESS |  
2019-08-23 07:09:06,469 | INFO  | DNAudit | user=null | ip=null | op=PUT_BLOCK {blockData=[blockId=conID: 3 locID: 102665037178470966 bcsId: 0,size=4194304]} | ret=SUCCESS |  
2019-08-23 07:09:06,469 [grpc-default-executor-2] INFO  client.GrpcClientProtocolClient (GrpcClientProtocolClient.java:onNext(255)) - client-D91E5D1E15CE->f2ba01fc-a63e-4348-bd18-030b60a135e7: receive RaftClientReply:client-D91E5D1E15CE->f2ba01fc-a63e-4348-bd18-030b60a135e7@group-C8C62FEF0626, cid=2225, SUCCESS, logIndex=3272, commits[f2ba01fc-a63e-4348-bd18-030b60a135e7:c3273, eab135d4-a257-4705-b491-6c056b8c5df7:c3269, a4f67574-9018-43e7-8a54-351e98dc3d0a:c3269]
2019-08-23 07:09:06,469 [grpc-default-executor-2] INFO  client.GrpcClientProtocolClient (GrpcClientProtocolClient.java:onNext(255)) - client-D91E5D1E15CE->f2ba01fc-a63e-4348-bd18-030b60a135e7: receive RaftClientReply:client-D91E5D1E15CE->f2ba01fc-a63e-4348-bd18-030b60a135e7@group-C8C62FEF0626, cid=2226, SUCCESS, logIndex=3273, commits[f2ba01fc-a63e-4348-bd18-030b60a135e7:c3273, eab135d4-a257-4705-b491-6c056b8c5df7:c3269, a4f67574-9018-43e7-8a54-351e98dc3d0a:c3269]
2019-08-23 07:09:06,480 | INFO  | DNAudit | user=null | ip=null | op=WRITE_CHUNK {blockData=conID: 3 locID: 102665037178470966 bcsId: 3269} | ret=SUCCESS |  
2019-08-23 07:09:06,480 | INFO  | DNAudit | user=null | ip=null | op=WRITE_CHUNK {blockData=conID: 3 locID: 102665037178470966 bcsId: 3269} | ret=SUCCESS |  
2019-08-23 07:09:06,480 | INFO  | DNAudit | user=null | ip=null | op=PUT_BLOCK {blockData=[blockId=conID: 3 locID: 102665037178470966 bcsId: 0,size=4194304]} | ret=SUCCESS |  
2019-08-23 07:09:06,480 | INFO  | DNAudit | user=null | ip=null | op=PUT_BLOCK {blockData=[blockId=conID: 3 locID: 102665037178470966 bcsId: 0,size=4194304]} | ret=SUCCESS |  
2019-08-23 07:09:06,480 [grpc-default-executor-2] INFO  client.GrpcClientProtocolClient (GrpcClientProtocolClient.java:onNext(255)) - client-D91E5D1E15CE->f2ba01fc-a63e-4348-bd18-030b60a135e7: receive RaftClientReply:client-D91E5D1E15CE->f2ba01fc-a63e-4348-bd18-030b60a135e7@group-C8C62FEF0626, cid=2227, SUCCESS, logIndex=0, commits[f2ba01fc-a63e-4348-bd18-030b60a135e7:c3274, eab135d4-a257-4705-b491-6c056b8c5df7:c3273, a4f67574-9018-43e7-8a54-351e98dc3d0a:c3273]
2019-08-23 07:09:06,485 | INFO  | SCMAudit | user=jenkins1000 | ip=192.168.5.178 | op=ALLOCATE_BLOCK {owner=aaf04d22-10dd-4717-8862-c651bdde72cf, size=4194304, type=RATIS, factor=THREE} | ret=SUCCESS |  
2019-08-23 07:09:06,488 | INFO  | OMAudit | user=jenkins1000 | ip=127.0.0.1 | op=ALLOCATE_BLOCK {volume=vol-0-67663, bucket=bucket-0-68950, key=key-0-26970, dataSize=0, replicationType=null, replicationFactor=null, keyLocationInfo=null, clientID=102665036030476690} | ret=SUCCESS |  
2019-08-23 07:09:06,493 | INFO  | DNAudit | user=null | ip=null | op=WRITE_CHUNK {blockData=conID: 1 locID: 102665037184041527 bcsId: 0} | ret=SUCCESS |  
2019-08-23 07:09:06,496 | INFO  | DNAudit | user=null | ip=null | op=WRITE_CHUNK {blockData=conID: 1 locID: 102665037184041527 bcsId: 0} | ret=SUCCESS |  
2019-08-23 07:09:06,496 | INFO  | DNAudit | user=null | ip=null | op=WRITE_CHUNK {blockData=conID: 1 locID: 102665037184041527 bcsId: 0} | ret=SUCCESS |  
2019-08-23 07:09:06,496 | INFO  | DNAudit | user=null | ip=null | op=WRITE_CHUNK {blockData=conID: 1 locID: 102665037184041527 bcsId: 0} | ret=SUCCESS |  
2019-08-23 07:09:06,497 | INFO  | DNAudit | user=null | ip=null | op=WRITE_CHUNK {blockData=conID: 1 locID: 102665037184041527 bcsId: 0} | ret=SUCCESS |  
2019-08-23 07:09:06,498 | INFO  | DNAudit | user=null | ip=null | op=WRITE_CHUNK {blockData=conID: 1 locID: 102665037184041527 bcsId: 0} | ret=SUCCESS |  
2019-08-23 07:09:06,505 | INFO  | DNAudit | user=null | ip=null | op=WRITE_CHUNK {blockData=conID: 1 locID: 102665037184041527 bcsId: 0} | ret=SUCCESS |  
2019-08-23 07:09:06,506 | INFO  | DNAudit | user=null | ip=null | op=PUT_BLOCK {blockData=[blockId=conID: 1 locID: 102665037184041527 bcsId: 0,size=1048576]} | ret=SUCCESS |  
2019-08-23 07:09:06,506 | INFO  | DNAudit | user=null | ip=null | op=WRITE_CHUNK {blockData=conID: 1 locID: 102665037184041527 bcsId: 0} | ret=SUCCESS |  
2019-08-23 07:09:06,507 | INFO  | DNAudit | user=null | ip=null | op=PUT_BLOCK {blockData=[blockId=conID: 1 locID: 102665037184041527 bcsId: 0,size=2097152]} | ret=SUCCESS |  
2019-08-23 07:09:06,507 [grpc-default-executor-6] INFO  client.GrpcClientProtocolClient (GrpcClientProtocolClient.java:onNext(255)) - client-D91E5D1E15CE->f2ba01fc-a63e-4348-bd18-030b60a135e7: receive RaftClientReply:client-D91E5D1E15CE->f2ba01fc-a63e-4348-bd18-030b60a135e7@group-C8C62FEF0626, cid=2228, SUCCESS, logIndex=3275, commits[f2ba01fc-a63e-4348-bd18-030b60a135e7:c3277, eab135d4-a257-4705-b491-6c056b8c5df7:c3274, a4f67574-9018-43e7-8a54-351e98dc3d0a:c3274]
2019-08-23 07:09:06,507 | INFO  | DNAudit | user=null | ip=null | op=WRITE_CHUNK {blockData=conID: 1 locID: 102665037184041527 bcsId: 0} | ret=SUCCESS |  
2019-08-23 07:09:06,507 | INFO  | DNAudit | user=null | ip=null | op=WRITE_CHUNK {blockData=conID: 1 locID: 102665037184041527 bcsId: 0} | ret=SUCCESS |  
2019-08-23 07:09:06,507 | INFO  | DNAudit | user=null | ip=null | op=PUT_BLOCK {blockData=[blockId=conID: 1 locID: 102665037184041527 bcsId: 0,size=1048576]} | ret=SUCCESS |  
2019-08-23 07:09:06,507 [grpc-default-executor-6] INFO  client.GrpcClientProtocolClient (GrpcClientProtocolClient.java:onNext(255)) - client-D91E5D1E15CE->f2ba01fc-a63e-4348-bd18-030b60a135e7: receive RaftClientReply:client-D91E5D1E15CE->f2ba01fc-a63e-4348-bd18-030b60a135e7@group-C8C62FEF0626, cid=2229, SUCCESS, logIndex=3276, commits[f2ba01fc-a63e-4348-bd18-030b60a135e7:c3278, eab135d4-a257-4705-b491-6c056b8c5df7:c3274, a4f67574-9018-43e7-8a54-351e98dc3d0a:c3274]
2019-08-23 07:09:06,508 | INFO  | DNAudit | user=null | ip=null | op=WRITE_CHUNK {blockData=conID: 1 locID: 102665037184041527 bcsId: 0} | ret=SUCCESS |  
2019-08-23 07:09:06,508 [grpc-default-executor-6] INFO  client.GrpcClientProtocolClient (GrpcClientProtocolClient.java:onNext(255)) - client-D91E5D1E15CE->f2ba01fc-a63e-4348-bd18-030b60a135e7: receive RaftClientReply:client-D91E5D1E15CE->f2ba01fc-a63e-4348-bd18-030b60a135e7@group-C8C62FEF0626, cid=2230, SUCCESS, logIndex=3277, commits[f2ba01fc-a63e-4348-bd18-030b60a135e7:c3278, eab135d4-a257-4705-b491-6c056b8c5df7:c3274, a4f67574-9018-43e7-8a54-351e98dc3d0a:c3274]
2019-08-23 07:09:06,508 [grpc-default-executor-6] INFO  client.GrpcClientProtocolClient (GrpcClientProtocolClient.java:onNext(255)) - client-D91E5D1E15CE->f2ba01fc-a63e-4348-bd18-030b60a135e7: receive RaftClientReply:client-D91E5D1E15CE->f2ba01fc-a63e-4348-bd18-030b60a135e7@group-C8C62FEF0626, cid=2231, SUCCESS, logIndex=3278, commits[f2ba01fc-a63e-4348-bd18-030b60a135e7:c3278, eab135d4-a257-4705-b491-6c056b8c5df7:c3274, a4f67574-9018-43e7-8a54-351e98dc3d0a:c3274]
2019-08-23 07:09:06,508 | INFO  | DNAudit | user=null | ip=null | op=PUT_BLOCK {blockData=[blockId=conID: 1 locID: 102665037184041527 bcsId: 0,size=1048576]} | ret=SUCCESS |  
2019-08-23 07:09:06,508 | INFO  | DNAudit | user=null | ip=null | op=WRITE_CHUNK {blockData=conID: 1 locID: 102665037184041527 bcsId: 0} | ret=SUCCESS |  
2019-08-23 07:09:06,509 | INFO  | DNAudit | user=null | ip=null | op=PUT_BLOCK {blockData=[blockId=conID: 1 locID: 102665037184041527 bcsId: 0,size=2097152]} | ret=SUCCESS |  
2019-08-23 07:09:06,509 | INFO  | DNAudit | user=null | ip=null | op=PUT_BLOCK {blockData=[blockId=conID: 1 locID: 102665037184041527 bcsId: 0,size=2097152]} | ret=SUCCESS |  
2019-08-23 07:09:06,509 [grpc-default-executor-2] INFO  client.GrpcClientProtocolClient (GrpcClientProtocolClient.java:onNext(255)) - client-D91E5D1E15CE->f2ba01fc-a63e-4348-bd18-030b60a135e7: receive RaftClientReply:client-D91E5D1E15CE->f2ba01fc-a63e-4348-bd18-030b60a135e7@group-C8C62FEF0626, cid=2232, SUCCESS, logIndex=0, commits[f2ba01fc-a63e-4348-bd18-030b60a135e7:c3281, eab135d4-a257-4705-b491-6c056b8c5df7:c3277, a4f67574-9018-43e7-8a54-351e98dc3d0a:c3276]
2019-08-23 07:09:06,514 | INFO  | DNAudit | user=null | ip=null | op=WRITE_CHUNK {blockData=conID: 1 locID: 102665037184041527 bcsId: 3278} | ret=SUCCESS |  
2019-08-23 07:09:06,516 | INFO  | DNAudit | user=null | ip=null | op=WRITE_CHUNK {blockData=conID: 1 locID: 102665037184041527 bcsId: 3278} | ret=SUCCESS |  
2019-08-23 07:09:06,516 | INFO  | DNAudit | user=null | ip=null | op=WRITE_CHUNK {blockData=conID: 1 locID: 102665037184041527 bcsId: 3278} | ret=SUCCESS |  
2019-08-23 07:09:06,526 | INFO  | DNAudit | user=null | ip=null | op=WRITE_CHUNK {blockData=conID: 1 locID: 102665037184041527 bcsId: 3278} | ret=SUCCESS |  
2019-08-23 07:09:06,527 | INFO  | DNAudit | user=null | ip=null | op=PUT_BLOCK {blockData=[blockId=conID: 1 locID: 102665037184041527 bcsId: 0,size=3145728]} | ret=SUCCESS |  
2019-08-23 07:09:06,527 [grpc-default-executor-2] INFO  client.GrpcClientProtocolClient (GrpcClientProtocolClient.java:onNext(255)) - client-D91E5D1E15CE->f2ba01fc-a63e-4348-bd18-030b60a135e7: receive RaftClientReply:client-D91E5D1E15CE->f2ba01fc-a63e-4348-bd18-030b60a135e7@group-C8C62FEF0626, cid=2233, SUCCESS, logIndex=3283, commits[f2ba01fc-a63e-4348-bd18-030b60a135e7:c3284, eab135d4-a257-4705-b491-6c056b8c5df7:c3282, a4f67574-9018-43e7-8a54-351e98dc3d0a:c3282]
2019-08-23 07:09:06,527 [grpc-default-executor-2] INFO  client.GrpcClientProtocolClient (GrpcClientProtocolClient.java:onNext(255)) - client-D91E5D1E15CE->f2ba01fc-a63e-4348-bd18-030b60a135e7: receive RaftClientReply:client-D91E5D1E15CE->f2ba01fc-a63e-4348-bd18-030b60a135e7@group-C8C62FEF0626, cid=2234, SUCCESS, logIndex=3284, commits[f2ba01fc-a63e-4348-bd18-030b60a135e7:c3284, eab135d4-a257-4705-b491-6c056b8c5df7:c3282, a4f67574-9018-43e7-8a54-351e98dc3d0a:c3282]
2019-08-23 07:09:06,533 | INFO  | DNAudit | user=null | ip=null | op=WRITE_CHUNK {blockData=conID: 1 locID: 102665037184041527 bcsId: 3284} | ret=SUCCESS |  
2019-08-23 07:09:06,534 | INFO  | DNAudit | user=null | ip=null | op=WRITE_CHUNK {blockData=conID: 1 locID: 102665037184041527 bcsId: 3284} | ret=SUCCESS |  
2019-08-23 07:09:06,534 | INFO  | DNAudit | user=null | ip=null | op=WRITE_CHUNK {blockData=conID: 1 locID: 102665037184041527 bcsId: 3284} | ret=SUCCESS |  
2019-08-23 07:09:06,538 | INFO  | DNAudit | user=null | ip=null | op=WRITE_CHUNK {blockData=conID: 1 locID: 102665037184041527 bcsId: 3278} | ret=SUCCESS |  
2019-08-23 07:09:06,539 | INFO  | DNAudit | user=null | ip=null | op=WRITE_CHUNK {blockData=conID: 1 locID: 102665037184041527 bcsId: 3278} | ret=SUCCESS |  
2019-08-23 07:09:06,541 | INFO  | DNAudit | user=null | ip=null | op=PUT_BLOCK {blockData=[blockId=conID: 1 locID: 102665037184041527 bcsId: 0,size=3145728]} | ret=SUCCESS |  
2019-08-23 07:09:06,541 | INFO  | DNAudit | user=null | ip=null | op=WRITE_CHUNK {blockData=conID: 1 locID: 102665037184041527 bcsId: 3284} | ret=SUCCESS |  
2019-08-23 07:09:06,542 | INFO  | DNAudit | user=null | ip=null | op=PUT_BLOCK {blockData=[blockId=conID: 1 locID: 102665037184041527 bcsId: 0,size=4194304]} | ret=SUCCESS |  
2019-08-23 07:09:06,542 [grpc-default-executor-2] INFO  client.GrpcClientProtocolClient (GrpcClientProtocolClient.java:onNext(255)) - client-D91E5D1E15CE->f2ba01fc-a63e-4348-bd18-030b60a135e7: receive RaftClientReply:client-D91E5D1E15CE->f2ba01fc-a63e-4348-bd18-030b60a135e7@group-C8C62FEF0626, cid=2235, SUCCESS, logIndex=3287, commits[f2ba01fc-a63e-4348-bd18-030b60a135e7:c3288, eab135d4-a257-4705-b491-6c056b8c5df7:c3284, a4f67574-9018-43e7-8a54-351e98dc3d0a:c3284]
2019-08-23 07:09:06,543 | INFO  | DNAudit | user=null | ip=null | op=PUT_BLOCK {blockData=[blockId=conID: 1 locID: 102665037184041527 bcsId: 0,size=3145728]} | ret=SUCCESS |  
2019-08-23 07:09:06,543 [grpc-default-executor-2] INFO  client.GrpcClientProtocolClient (GrpcClientProtocolClient.java:onNext(255)) - client-D91E5D1E15CE->f2ba01fc-a63e-4348-bd18-030b60a135e7: receive RaftClientReply:client-D91E5D1E15CE->f2ba01fc-a63e-4348-bd18-030b60a135e7@group-C8C62FEF0626, cid=2236, SUCCESS, logIndex=3288, commits[f2ba01fc-a63e-4348-bd18-030b60a135e7:c3288, eab135d4-a257-4705-b491-6c056b8c5df7:c3284, a4f67574-9018-43e7-8a54-351e98dc3d0a:c3284]
2019-08-23 07:09:06,553 | INFO  | DNAudit | user=null | ip=null | op=WRITE_CHUNK {blockData=conID: 1 locID: 102665037184041527 bcsId: 3284} | ret=SUCCESS |  
2019-08-23 07:09:06,553 | INFO  | DNAudit | user=null | ip=null | op=WRITE_CHUNK {blockData=conID: 1 locID: 102665037184041527 bcsId: 3284} | ret=SUCCESS |  
2019-08-23 07:09:06,554 | INFO  | DNAudit | user=null | ip=null | op=PUT_BLOCK {blockData=[blockId=conID: 1 locID: 102665037184041527 bcsId: 0,size=4194304]} | ret=SUCCESS |  
2019-08-23 07:09:06,554 | INFO  | DNAudit | user=null | ip=null | op=PUT_BLOCK {blockData=[blockId=conID: 1 locID: 102665037184041527 bcsId: 0,size=4194304]} | ret=SUCCESS |  
2019-08-23 07:09:06,555 [grpc-default-executor-2] INFO  client.GrpcClientProtocolClient (GrpcClientProtocolClient.java:onNext(255)) - client-D91E5D1E15CE->f2ba01fc-a63e-4348-bd18-030b60a135e7: receive RaftClientReply:client-D91E5D1E15CE->f2ba01fc-a63e-4348-bd18-030b60a135e7@group-C8C62FEF0626, cid=2237, SUCCESS, logIndex=0, commits[f2ba01fc-a63e-4348-bd18-030b60a135e7:c3290, eab135d4-a257-4705-b491-6c056b8c5df7:c3288, a4f67574-9018-43e7-8a54-351e98dc3d0a:c3288]
2019-08-23 07:09:06,559 | INFO  | SCMAudit | user=jenkins1000 | ip=192.168.5.178 | op=ALLOCATE_BLOCK {owner=aaf04d22-10dd-4717-8862-c651bdde72cf, size=4194304, type=RATIS, factor=THREE} | ret=SUCCESS |  
2019-08-23 07:09:06,561 | INFO  | OMAudit | user=jenkins1000 | ip=127.0.0.1 | op=ALLOCATE_BLOCK {volume=vol-0-67663, bucket=bucket-0-68950, key=key-0-26970, dataSize=0, replicationType=null, replicationFactor=null, keyLocationInfo=null, clientID=102665036030476690} | ret=SUCCESS |  
2019-08-23 07:09:06,567 | INFO  | DNAudit | user=null | ip=null | op=WRITE_CHUNK {blockData=conID: 2 locID: 102665037188891192 bcsId: 0} | ret=SUCCESS |  
2019-08-23 07:09:06,569 | INFO  | DNAudit | user=null | ip=null | op=WRITE_CHUNK {blockData=conID: 2 locID: 102665037188891192 bcsId: 0} | ret=SUCCESS |  
2019-08-23 07:09:06,569 | INFO  | DNAudit | user=null | ip=null | op=WRITE_CHUNK {blockData=conID: 2 locID: 102665037188891192 bcsId: 0} | ret=SUCCESS |  
2019-08-23 07:09:06,569 | INFO  | DNAudit | user=null | ip=null | op=WRITE_CHUNK {blockData=conID: 2 locID: 102665037188891192 bcsId: 0} | ret=SUCCESS |  
2019-08-23 07:09:06,571 | INFO  | DNAudit | user=null | ip=null | op=WRITE_CHUNK {blockData=conID: 2 locID: 102665037188891192 bcsId: 0} | ret=SUCCESS |  
2019-08-23 07:09:06,571 | INFO  | DNAudit | user=null | ip=null | op=WRITE_CHUNK {blockData=conID: 2 locID: 102665037188891192 bcsId: 0} | ret=SUCCESS |  
2019-08-23 07:09:06,579 | INFO  | DNAudit | user=null | ip=null | op=WRITE_CHUNK {blockData=conID: 2 locID: 102665037188891192 bcsId: 0} | ret=SUCCESS |  
2019-08-23 07:09:06,579 | INFO  | DNAudit | user=null | ip=null | op=PUT_BLOCK {blockData=[blockId=conID: 2 locID: 102665037188891192 bcsId: 0,size=1048576]} | ret=SUCCESS |  
2019-08-23 07:09:06,579 [grpc-default-executor-6] INFO  client.GrpcClientProtocolClient (GrpcClientProtocolClient.java:onNext(255)) - client-D91E5D1E15CE->f2ba01fc-a63e-4348-bd18-030b60a135e7: receive RaftClientReply:client-D91E5D1E15CE->f2ba01fc-a63e-4348-bd18-030b60a135e7@group-C8C62FEF0626, cid=2238, SUCCESS, logIndex=3291, commits[f2ba01fc-a63e-4348-bd18-030b60a135e7:c3292, eab135d4-a257-4705-b491-6c056b8c5df7:c3290, a4f67574-9018-43e7-8a54-351e98dc3d0a:c3290]
2019-08-23 07:09:06,580 | INFO  | DNAudit | user=null | ip=null | op=WRITE_CHUNK {blockData=conID: 2 locID: 102665037188891192 bcsId: 0} | ret=SUCCESS |  
2019-08-23 07:09:06,580 [grpc-default-executor-4] INFO  client.GrpcClientProtocolClient (GrpcClientProtocolClient.java:onNext(255)) - client-D91E5D1E15CE->f2ba01fc-a63e-4348-bd18-030b60a135e7: receive RaftClientReply:client-D91E5D1E15CE->f2ba01fc-a63e-4348-bd18-030b60a135e7@group-C8C62FEF0626, cid=2239, SUCCESS, logIndex=3292, commits[f2ba01fc-a63e-4348-bd18-030b60a135e7:c3292, eab135d4-a257-4705-b491-6c056b8c5df7:c3290, a4f67574-9018-43e7-8a54-351e98dc3d0a:c3290]
2019-08-23 07:09:06,580 | INFO  | DNAudit | user=null | ip=null | op=PUT_BLOCK {blockData=[blockId=conID: 2 locID: 102665037188891192 bcsId: 0,size=2097152]} | ret=SUCCESS |  
2019-08-23 07:09:06,580 [grpc-default-executor-4] INFO  client.GrpcClientProtocolClient (GrpcClientProtocolClient.java:onNext(255)) - client-D91E5D1E15CE->f2ba01fc-a63e-4348-bd18-030b60a135e7: receive RaftClientReply:client-D91E5D1E15CE->f2ba01fc-a63e-4348-bd18-030b60a135e7@group-C8C62FEF0626, cid=2240, SUCCESS, logIndex=3293, commits[f2ba01fc-a63e-4348-bd18-030b60a135e7:c3294, eab135d4-a257-4705-b491-6c056b8c5df7:c3290, a4f67574-9018-43e7-8a54-351e98dc3d0a:c3290]
2019-08-23 07:09:06,581 [grpc-default-executor-4] INFO  client.GrpcClientProtocolClient (GrpcClientProtocolClient.java:onNext(255)) - client-D91E5D1E15CE->f2ba01fc-a63e-4348-bd18-030b60a135e7: receive RaftClientReply:client-D91E5D1E15CE->f2ba01fc-a63e-4348-bd18-030b60a135e7@group-C8C62FEF0626, cid=2241, SUCCESS, logIndex=3294, commits[f2ba01fc-a63e-4348-bd18-030b60a135e7:c3294, eab135d4-a257-4705-b491-6c056b8c5df7:c3290, a4f67574-9018-43e7-8a54-351e98dc3d0a:c3290]
2019-08-23 07:09:06,582 | INFO  | DNAudit | user=null | ip=null | op=WRITE_CHUNK {blockData=conID: 2 locID: 102665037188891192 bcsId: 0} | ret=SUCCESS |  
2019-08-23 07:09:06,582 | INFO  | DNAudit | user=null | ip=null | op=WRITE_CHUNK {blockData=conID: 2 locID: 102665037188891192 bcsId: 0} | ret=SUCCESS |  
2019-08-23 07:09:06,582 | INFO  | DNAudit | user=null | ip=null | op=PUT_BLOCK {blockData=[blockId=conID: 2 locID: 102665037188891192 bcsId: 0,size=1048576]} | ret=SUCCESS |  
2019-08-23 07:09:06,582 | INFO  | DNAudit | user=null | ip=null | op=PUT_BLOCK {blockData=[blockId=conID: 2 locID: 102665037188891192 bcsId: 0,size=1048576]} | ret=SUCCESS |  
2019-08-23 07:09:06,582 [grpc-default-executor-4] INFO  client.GrpcClientProtocolClient (GrpcClientProtocolClient.java:onNext(255)) - client-D91E5D1E15CE->f2ba01fc-a63e-4348-bd18-030b60a135e7: receive RaftClientReply:client-D91E5D1E15CE->f2ba01fc-a63e-4348-bd18-030b60a135e7@group-C8C62FEF0626, cid=2242, SUCCESS, logIndex=0, commits[f2ba01fc-a63e-4348-bd18-030b60a135e7:c3296, eab135d4-a257-4705-b491-6c056b8c5df7:c3292, a4f67574-9018-43e7-8a54-351e98dc3d0a:c3292]
2019-08-23 07:09:06,583 | INFO  | DNAudit | user=null | ip=null | op=WRITE_CHUNK {blockData=conID: 2 locID: 102665037188891192 bcsId: 0} | ret=SUCCESS |  
2019-08-23 07:09:06,583 | INFO  | DNAudit | user=null | ip=null | op=WRITE_CHUNK {blockData=conID: 2 locID: 102665037188891192 bcsId: 0} | ret=SUCCESS |  
2019-08-23 07:09:06,583 | INFO  | DNAudit | user=null | ip=null | op=PUT_BLOCK {blockData=[blockId=conID: 2 locID: 102665037188891192 bcsId: 0,size=2097152]} | ret=SUCCESS |  
2019-08-23 07:09:06,583 | INFO  | DNAudit | user=null | ip=null | op=PUT_BLOCK {blockData=[blockId=conID: 2 locID: 102665037188891192 bcsId: 0,size=2097152]} | ret=SUCCESS |  
2019-08-23 07:09:06,588 | INFO  | DNAudit | user=null | ip=null | op=WRITE_CHUNK {blockData=conID: 2 locID: 102665037188891192 bcsId: 3294} | ret=SUCCESS |  
2019-08-23 07:09:06,590 | INFO  | DNAudit | user=null | ip=null | op=WRITE_CHUNK {blockData=conID: 2 locID: 102665037188891192 bcsId: 3294} | ret=SUCCESS |  
2019-08-23 07:09:06,590 | INFO  | DNAudit | user=null | ip=null | op=WRITE_CHUNK {blockData=conID: 2 locID: 102665037188891192 bcsId: 3294} | ret=SUCCESS |  
2019-08-23 07:09:06,592 | INFO  | DNAudit | user=null | ip=null | op=WRITE_CHUNK {blockData=conID: 2 locID: 102665037188891192 bcsId: 3294} | ret=SUCCESS |  
2019-08-23 07:09:06,593 | INFO  | DNAudit | user=null | ip=null | op=PUT_BLOCK {blockData=[blockId=conID: 2 locID: 102665037188891192 bcsId: 0,size=3145728]} | ret=SUCCESS |  
2019-08-23 07:09:06,593 [grpc-default-executor-4] INFO  client.GrpcClientProtocolClient (GrpcClientProtocolClient.java:onNext(255)) - client-D91E5D1E15CE->f2ba01fc-a63e-4348-bd18-030b60a135e7: receive RaftClientReply:client-D91E5D1E15CE->f2ba01fc-a63e-4348-bd18-030b60a135e7@group-C8C62FEF0626, cid=2243, SUCCESS, logIndex=3299, commits[f2ba01fc-a63e-4348-bd18-030b60a135e7:c3300, eab135d4-a257-4705-b491-6c056b8c5df7:c3298, a4f67574-9018-43e7-8a54-351e98dc3d0a:c3298]
2019-08-23 07:09:06,593 [grpc-default-executor-4] INFO  client.GrpcClientProtocolClient (GrpcClientProtocolClient.java:onNext(255)) - client-D91E5D1E15CE->f2ba01fc-a63e-4348-bd18-030b60a135e7: receive RaftClientReply:client-D91E5D1E15CE->f2ba01fc-a63e-4348-bd18-030b60a135e7@group-C8C62FEF0626, cid=2244, SUCCESS, logIndex=3300, commits[f2ba01fc-a63e-4348-bd18-030b60a135e7:c3300, eab135d4-a257-4705-b491-6c056b8c5df7:c3298, a4f67574-9018-43e7-8a54-351e98dc3d0a:c3298]
2019-08-23 07:09:06,594 | INFO  | DNAudit | user=null | ip=null | op=WRITE_CHUNK {blockData=conID: 2 locID: 102665037188891192 bcsId: 3294} | ret=SUCCESS |  
2019-08-23 07:09:06,594 | INFO  | DNAudit | user=null | ip=null | op=WRITE_CHUNK {blockData=conID: 2 locID: 102665037188891192 bcsId: 3294} | ret=SUCCESS |  
2019-08-23 07:09:06,594 | INFO  | DNAudit | user=null | ip=null | op=PUT_BLOCK {blockData=[blockId=conID: 2 locID: 102665037188891192 bcsId: 0,size=3145728]} | ret=SUCCESS |  
2019-08-23 07:09:06,594 | INFO  | DNAudit | user=null | ip=null | op=PUT_BLOCK {blockData=[blockId=conID: 2 locID: 102665037188891192 bcsId: 0,size=3145728]} | ret=SUCCESS |  
2019-08-23 07:09:06,598 | INFO  | DNAudit | user=null | ip=null | op=WRITE_CHUNK {blockData=conID: 2 locID: 102665037188891192 bcsId: 3300} | ret=SUCCESS |  
2019-08-23 07:09:06,601 | INFO  | DNAudit | user=null | ip=null | op=WRITE_CHUNK {blockData=conID: 2 locID: 102665037188891192 bcsId: 3300} | ret=SUCCESS |  
2019-08-23 07:09:06,601 | INFO  | DNAudit | user=null | ip=null | op=WRITE_CHUNK {blockData=conID: 2 locID: 102665037188891192 bcsId: 3300} | ret=SUCCESS |  
2019-08-23 07:09:06,603 | INFO  | DNAudit | user=null | ip=null | op=WRITE_CHUNK {blockData=conID: 2 locID: 102665037188891192 bcsId: 3300} | ret=SUCCESS |  
2019-08-23 07:09:06,603 | INFO  | DNAudit | user=null | ip=null | op=PUT_BLOCK {blockData=[blockId=conID: 2 locID: 102665037188891192 bcsId: 0,size=4194304]} | ret=SUCCESS |  
2019-08-23 07:09:06,603 [grpc-default-executor-3] INFO  client.GrpcClientProtocolClient (GrpcClientProtocolClient.java:onNext(255)) - client-D91E5D1E15CE->f2ba01fc-a63e-4348-bd18-030b60a135e7: receive RaftClientReply:client-D91E5D1E15CE->f2ba01fc-a63e-4348-bd18-030b60a135e7@group-C8C62FEF0626, cid=2245, SUCCESS, logIndex=3303, commits[f2ba01fc-a63e-4348-bd18-030b60a135e7:c3304, eab135d4-a257-4705-b491-6c056b8c5df7:c3302, a4f67574-9018-43e7-8a54-351e98dc3d0a:c3302]
2019-08-23 07:09:06,604 [grpc-default-executor-3] INFO  client.GrpcClientProtocolClient (GrpcClientProtocolClient.java:onNext(255)) - client-D91E5D1E15CE->f2ba01fc-a63e-4348-bd18-030b60a135e7: receive RaftClientReply:client-D91E5D1E15CE->f2ba01fc-a63e-4348-bd18-030b60a135e7@group-C8C62FEF0626, cid=2246, SUCCESS, logIndex=3304, commits[f2ba01fc-a63e-4348-bd18-030b60a135e7:c3304, eab135d4-a257-4705-b491-6c056b8c5df7:c3302, a4f67574-9018-43e7-8a54-351e98dc3d0a:c3302]
2019-08-23 07:09:06,604 | INFO  | DNAudit | user=null | ip=null | op=WRITE_CHUNK {blockData=conID: 2 locID: 102665037188891192 bcsId: 3300} | ret=SUCCESS |  
2019-08-23 07:09:06,604 | INFO  | DNAudit | user=null | ip=null | op=WRITE_CHUNK {blockData=conID: 2 locID: 102665037188891192 bcsId: 3300} | ret=SUCCESS |  
2019-08-23 07:09:06,605 | INFO  | DNAudit | user=null | ip=null | op=PUT_BLOCK {blockData=[blockId=conID: 2 locID: 102665037188891192 bcsId: 0,size=4194304]} | ret=SUCCESS |  
2019-08-23 07:09:06,605 | INFO  | DNAudit | user=null | ip=null | op=PUT_BLOCK {blockData=[blockId=conID: 2 locID: 102665037188891192 bcsId: 0,size=4194304]} | ret=SUCCESS |  
2019-08-23 07:09:06,605 [grpc-default-executor-2] INFO  client.GrpcClientProtocolClient (GrpcClientProtocolClient.java:onNext(255)) - client-D91E5D1E15CE->f2ba01fc-a63e-4348-bd18-030b60a135e7: receive RaftClientReply:client-D91E5D1E15CE->f2ba01fc-a63e-4348-bd18-030b60a135e7@group-C8C62FEF0626, cid=2247, SUCCESS, logIndex=0, commits[f2ba01fc-a63e-4348-bd18-030b60a135e7:c3305, eab135d4-a257-4705-b491-6c056b8c5df7:c3304, a4f67574-9018-43e7-8a54-351e98dc3d0a:c3304]
2019-08-23 07:09:06,609 | INFO  | SCMAudit | user=jenkins1000 | ip=192.168.5.178 | op=ALLOCATE_BLOCK {owner=aaf04d22-10dd-4717-8862-c651bdde72cf, size=4194304, type=RATIS, factor=THREE} | ret=SUCCESS |  
2019-08-23 07:09:06,611 | INFO  | OMAudit | user=jenkins1000 | ip=127.0.0.1 | op=ALLOCATE_BLOCK {volume=vol-0-67663, bucket=bucket-0-68950, key=key-0-26970, dataSize=0, replicationType=null, replicationFactor=null, keyLocationInfo=null, clientID=102665036030476690} | ret=SUCCESS |  
2019-08-23 07:09:06,617 | INFO  | DNAudit | user=null | ip=null | op=WRITE_CHUNK {blockData=conID: 3 locID: 102665037192167993 bcsId: 0} | ret=SUCCESS |  
2019-08-23 07:09:06,619 | INFO  | DNAudit | user=null | ip=null | op=WRITE_CHUNK {blockData=conID: 3 locID: 102665037192167993 bcsId: 0} | ret=SUCCESS |  
2019-08-23 07:09:06,619 | INFO  | DNAudit | user=null | ip=null | op=WRITE_CHUNK {blockData=conID: 3 locID: 102665037192167993 bcsId: 0} | ret=SUCCESS |  
2019-08-23 07:09:06,619 | INFO  | DNAudit | user=null | ip=null | op=WRITE_CHUNK {blockData=conID: 3 locID: 102665037192167993 bcsId: 0} | ret=SUCCESS |  
2019-08-23 07:09:06,621 | INFO  | DNAudit | user=null | ip=null | op=WRITE_CHUNK {blockData=conID: 3 locID: 102665037192167993 bcsId: 0} | ret=SUCCESS |  
2019-08-23 07:09:06,621 | INFO  | DNAudit | user=null | ip=null | op=WRITE_CHUNK {blockData=conID: 3 locID: 102665037192167993 bcsId: 0} | ret=SUCCESS |  
2019-08-23 07:09:06,625 | INFO  | DNAudit | user=null | ip=null | op=WRITE_CHUNK {blockData=conID: 3 locID: 102665037192167993 bcsId: 0} | ret=SUCCESS |  
2019-08-23 07:09:06,626 | INFO  | DNAudit | user=null | ip=null | op=PUT_BLOCK {blockData=[blockId=conID: 3 locID: 102665037192167993 bcsId: 0,size=1048576]} | ret=SUCCESS |  
2019-08-23 07:09:06,626 | INFO  | DNAudit | user=null | ip=null | op=WRITE_CHUNK {blockData=conID: 3 locID: 102665037192167993 bcsId: 0} | ret=SUCCESS |  
2019-08-23 07:09:06,626 [grpc-default-executor-3] INFO  client.GrpcClientProtocolClient (GrpcClientProtocolClient.java:onNext(255)) - client-D91E5D1E15CE->f2ba01fc-a63e-4348-bd18-030b60a135e7: receive RaftClientReply:client-D91E5D1E15CE->f2ba01fc-a63e-4348-bd18-030b60a135e7@group-C8C62FEF0626, cid=2248, SUCCESS, logIndex=3307, commits[f2ba01fc-a63e-4348-bd18-030b60a135e7:c3308, eab135d4-a257-4705-b491-6c056b8c5df7:c3306, a4f67574-9018-43e7-8a54-351e98dc3d0a:c3306]
2019-08-23 07:09:06,626 | INFO  | DNAudit | user=null | ip=null | op=WRITE_CHUNK {blockData=conID: 3 locID: 102665037192167993 bcsId: 0} | ret=SUCCESS |  
2019-08-23 07:09:06,626 | INFO  | DNAudit | user=null | ip=null | op=PUT_BLOCK {blockData=[blockId=conID: 3 locID: 102665037192167993 bcsId: 0,size=2097152]} | ret=SUCCESS |  
2019-08-23 07:09:06,626 [grpc-default-executor-3] INFO  client.GrpcClientProtocolClient (GrpcClientProtocolClient.java:onNext(255)) - client-D91E5D1E15CE->f2ba01fc-a63e-4348-bd18-030b60a135e7: receive RaftClientReply:client-D91E5D1E15CE->f2ba01fc-a63e-4348-bd18-030b60a135e7@group-C8C62FEF0626, cid=2249, SUCCESS, logIndex=3308, commits[f2ba01fc-a63e-4348-bd18-030b60a135e7:c3310, eab135d4-a257-4705-b491-6c056b8c5df7:c3306, a4f67574-9018-43e7-8a54-351e98dc3d0a:c3306]
2019-08-23 07:09:06,627 [grpc-default-executor-3] INFO  client.GrpcClientProtocolClient (GrpcClientProtocolClient.java:onNext(255)) - client-D91E5D1E15CE->f2ba01fc-a63e-4348-bd18-030b60a135e7: receive RaftClientReply:client-D91E5D1E15CE->f2ba01fc-a63e-4348-bd18-030b60a135e7@group-C8C62FEF0626, cid=2250, SUCCESS, logIndex=3309, commits[f2ba01fc-a63e-4348-bd18-030b60a135e7:c3310, eab135d4-a257-4705-b491-6c056b8c5df7:c3306, a4f67574-9018-43e7-8a54-351e98dc3d0a:c3306]
2019-08-23 07:09:06,627 | INFO  | DNAudit | user=null | ip=null | op=WRITE_CHUNK {blockData=conID: 3 locID: 102665037192167993 bcsId: 0} | ret=SUCCESS |  
2019-08-23 07:09:06,627 [grpc-default-executor-3] INFO  client.GrpcClientProtocolClient (GrpcClientProtocolClient.java:onNext(255)) - client-D91E5D1E15CE->f2ba01fc-a63e-4348-bd18-030b60a135e7: receive RaftClientReply:client-D91E5D1E15CE->f2ba01fc-a63e-4348-bd18-030b60a135e7@group-C8C62FEF0626, cid=2251, SUCCESS, logIndex=3310, commits[f2ba01fc-a63e-4348-bd18-030b60a135e7:c3311, eab135d4-a257-4705-b491-6c056b8c5df7:c3307, a4f67574-9018-43e7-8a54-351e98dc3d0a:c3306]
2019-08-23 07:09:06,628 | INFO  | DNAudit | user=null | ip=null | op=PUT_BLOCK {blockData=[blockId=conID: 3 locID: 102665037192167993 bcsId: 0,size=1048576]} | ret=SUCCESS |  
2019-08-23 07:09:06,628 | INFO  | DNAudit | user=null | ip=null | op=WRITE_CHUNK {blockData=conID: 3 locID: 102665037192167993 bcsId: 0} | ret=SUCCESS |  
2019-08-23 07:09:06,628 | INFO  | DNAudit | user=null | ip=null | op=PUT_BLOCK {blockData=[blockId=conID: 3 locID: 102665037192167993 bcsId: 0,size=2097152]} | ret=SUCCESS |  
2019-08-23 07:09:06,628 | INFO  | DNAudit | user=null | ip=null | op=PUT_BLOCK {blockData=[blockId=conID: 3 locID: 102665037192167993 bcsId: 0,size=1048576]} | ret=SUCCESS |  
2019-08-23 07:09:06,628 | INFO  | DNAudit | user=null | ip=null | op=WRITE_CHUNK {blockData=conID: 3 locID: 102665037192167993 bcsId: 0} | ret=SUCCESS |  
2019-08-23 07:09:06,628 | INFO  | DNAudit | user=null | ip=null | op=PUT_BLOCK {blockData=[blockId=conID: 3 locID: 102665037192167993 bcsId: 0,size=2097152]} | ret=SUCCESS |  
2019-08-23 07:09:06,629 [grpc-default-executor-3] INFO  client.GrpcClientProtocolClient (GrpcClientProtocolClient.java:onNext(255)) - client-D91E5D1E15CE->f2ba01fc-a63e-4348-bd18-030b60a135e7: receive RaftClientReply:client-D91E5D1E15CE->f2ba01fc-a63e-4348-bd18-030b60a135e7@group-C8C62FEF0626, cid=2252, SUCCESS, logIndex=0, commits[f2ba01fc-a63e-4348-bd18-030b60a135e7:c3313, eab135d4-a257-4705-b491-6c056b8c5df7:c3310, a4f67574-9018-43e7-8a54-351e98dc3d0a:c3308]
2019-08-23 07:09:06,634 | INFO  | DNAudit | user=null | ip=null | op=WRITE_CHUNK {blockData=conID: 3 locID: 102665037192167993 bcsId: 3310} | ret=SUCCESS |  
2019-08-23 07:09:06,636 | INFO  | DNAudit | user=null | ip=null | op=WRITE_CHUNK {blockData=conID: 3 locID: 102665037192167993 bcsId: 3310} | ret=SUCCESS |  
2019-08-23 07:09:06,636 | INFO  | DNAudit | user=null | ip=null | op=WRITE_CHUNK {blockData=conID: 3 locID: 102665037192167993 bcsId: 3310} | ret=SUCCESS |  
2019-08-23 07:09:06,646 | INFO  | DNAudit | user=null | ip=null | op=WRITE_CHUNK {blockData=conID: 3 locID: 102665037192167993 bcsId: 3310} | ret=SUCCESS |  
2019-08-23 07:09:06,647 | INFO  | DNAudit | user=null | ip=null | op=PUT_BLOCK {blockData=[blockId=conID: 3 locID: 102665037192167993 bcsId: 0,size=3145728]} | ret=SUCCESS |  
2019-08-23 07:09:06,647 [grpc-default-executor-2] INFO  client.GrpcClientProtocolClient (GrpcClientProtocolClient.java:onNext(255)) - client-D91E5D1E15CE->f2ba01fc-a63e-4348-bd18-030b60a135e7: receive RaftClientReply:client-D91E5D1E15CE->f2ba01fc-a63e-4348-bd18-030b60a135e7@group-C8C62FEF0626, cid=2253, SUCCESS, logIndex=3314, commits[f2ba01fc-a63e-4348-bd18-030b60a135e7:c3315, eab135d4-a257-4705-b491-6c056b8c5df7:c3313, a4f67574-9018-43e7-8a54-351e98dc3d0a:c3313]
2019-08-23 07:09:06,647 [grpc-default-executor-2] INFO  client.GrpcClientProtocolClient (GrpcClientProtocolClient.java:onNext(255)) - client-D91E5D1E15CE->f2ba01fc-a63e-4348-bd18-030b60a135e7: receive RaftClientReply:client-D91E5D1E15CE->f2ba01fc-a63e-4348-bd18-030b60a135e7@group-C8C62FEF0626, cid=2254, SUCCESS, logIndex=3315, commits[f2ba01fc-a63e-4348-bd18-030b60a135e7:c3315, eab135d4-a257-4705-b491-6c056b8c5df7:c3313, a4f67574-9018-43e7-8a54-351e98dc3d0a:c3313]
2019-08-23 07:09:06,653 | INFO  | DNAudit | user=null | ip=null | op=WRITE_CHUNK {blockData=conID: 3 locID: 102665037192167993 bcsId: 3315} | ret=SUCCESS |  
2019-08-23 07:09:06,654 | INFO  | DNAudit | user=null | ip=null | op=WRITE_CHUNK {blockData=conID: 3 locID: 102665037192167993 bcsId: 3315} | ret=SUCCESS |  
2019-08-23 07:09:06,656 | INFO  | DNAudit | user=null | ip=null | op=WRITE_CHUNK {blockData=conID: 3 locID: 102665037192167993 bcsId: 3315} | ret=SUCCESS |  
2019-08-23 07:09:06,658 | INFO  | DNAudit | user=null | ip=null | op=WRITE_CHUNK {blockData=conID: 3 locID: 102665037192167993 bcsId: 3310} | ret=SUCCESS |  
2019-08-23 07:09:06,658 | INFO  | DNAudit | user=null | ip=null | op=WRITE_CHUNK {blockData=conID: 3 locID: 102665037192167993 bcsId: 3310} | ret=SUCCESS |  
2019-08-23 07:09:06,658 | INFO  | DNAudit | user=null | ip=null | op=PUT_BLOCK {blockData=[blockId=conID: 3 locID: 102665037192167993 bcsId: 0,size=3145728]} | ret=SUCCESS |  
2019-08-23 07:09:06,658 | INFO  | DNAudit | user=null | ip=null | op=PUT_BLOCK {blockData=[blockId=conID: 3 locID: 102665037192167993 bcsId: 0,size=3145728]} | ret=SUCCESS |  
2019-08-23 07:09:06,660 | INFO  | DNAudit | user=null | ip=null | op=WRITE_CHUNK {blockData=conID: 3 locID: 102665037192167993 bcsId: 3315} | ret=SUCCESS |  
2019-08-23 07:09:06,660 | INFO  | DNAudit | user=null | ip=null | op=PUT_BLOCK {blockData=[blockId=conID: 3 locID: 102665037192167993 bcsId: 0,size=4194304]} | ret=SUCCESS |  
2019-08-23 07:09:06,660 [grpc-default-executor-4] INFO  client.GrpcClientProtocolClient (GrpcClientProtocolClient.java:onNext(255)) - client-D91E5D1E15CE->f2ba01fc-a63e-4348-bd18-030b60a135e7: receive RaftClientReply:client-D91E5D1E15CE->f2ba01fc-a63e-4348-bd18-030b60a135e7@group-C8C62FEF0626, cid=2255, SUCCESS, logIndex=3318, commits[f2ba01fc-a63e-4348-bd18-030b60a135e7:c3319, eab135d4-a257-4705-b491-6c056b8c5df7:c3315, a4f67574-9018-43e7-8a54-351e98dc3d0a:c3315]
2019-08-23 07:09:06,660 [grpc-default-executor-4] INFO  client.GrpcClientProtocolClient (GrpcClientProtocolClient.java:onNext(255)) - client-D91E5D1E15CE->f2ba01fc-a63e-4348-bd18-030b60a135e7: receive RaftClientReply:client-D91E5D1E15CE->f2ba01fc-a63e-4348-bd18-030b60a135e7@group-C8C62FEF0626, cid=2256, SUCCESS, logIndex=3319, commits[f2ba01fc-a63e-4348-bd18-030b60a135e7:c3319, eab135d4-a257-4705-b491-6c056b8c5df7:c3315, a4f67574-9018-43e7-8a54-351e98dc3d0a:c3315]
2019-08-23 07:09:06,671 | INFO  | DNAudit | user=null | ip=null | op=WRITE_CHUNK {blockData=conID: 3 locID: 102665037192167993 bcsId: 3315} | ret=SUCCESS |  
2019-08-23 07:09:06,671 | INFO  | DNAudit | user=null | ip=null | op=WRITE_CHUNK {blockData=conID: 3 locID: 102665037192167993 bcsId: 3315} | ret=SUCCESS |  
2019-08-23 07:09:06,671 | INFO  | DNAudit | user=null | ip=null | op=PUT_BLOCK {blockData=[blockId=conID: 3 locID: 102665037192167993 bcsId: 0,size=4194304]} | ret=SUCCESS |  
2019-08-23 07:09:06,671 | INFO  | DNAudit | user=null | ip=null | op=PUT_BLOCK {blockData=[blockId=conID: 3 locID: 102665037192167993 bcsId: 0,size=4194304]} | ret=SUCCESS |  
2019-08-23 07:09:06,671 [grpc-default-executor-4] INFO  client.GrpcClientProtocolClient (GrpcClientProtocolClient.java:onNext(255)) - client-D91E5D1E15CE->f2ba01fc-a63e-4348-bd18-030b60a135e7: receive RaftClientReply:client-D91E5D1E15CE->f2ba01fc-a63e-4348-bd18-030b60a135e7@group-C8C62FEF0626, cid=2257, SUCCESS, logIndex=0, commits[f2ba01fc-a63e-4348-bd18-030b60a135e7:c3320, eab135d4-a257-4705-b491-6c056b8c5df7:c3319, a4f67574-9018-43e7-8a54-351e98dc3d0a:c3319]
2019-08-23 07:09:06,676 | INFO  | SCMAudit | user=jenkins1000 | ip=192.168.5.178 | op=ALLOCATE_BLOCK {owner=aaf04d22-10dd-4717-8862-c651bdde72cf, size=4194304, type=RATIS, factor=THREE} | ret=SUCCESS |  
2019-08-23 07:09:06,678 | INFO  | OMAudit | user=jenkins1000 | ip=127.0.0.1 | op=ALLOCATE_BLOCK {volume=vol-0-67663, bucket=bucket-0-68950, key=key-0-26970, dataSize=0, replicationType=null, replicationFactor=null, keyLocationInfo=null, clientID=102665036030476690} | ret=SUCCESS |  
2019-08-23 07:09:06,684 | INFO  | DNAudit | user=null | ip=null | op=WRITE_CHUNK {blockData=conID: 1 locID: 102665037196558906 bcsId: 0} | ret=SUCCESS |  
2019-08-23 07:09:06,685 | INFO  | DNAudit | user=null | ip=null | op=WRITE_CHUNK {blockData=conID: 1 locID: 102665037196558906 bcsId: 0} | ret=SUCCESS |  
2019-08-23 07:09:06,686 | INFO  | DNAudit | user=null | ip=null | op=WRITE_CHUNK {blockData=conID: 1 locID: 102665037196558906 bcsId: 0} | ret=SUCCESS |  
2019-08-23 07:09:06,686 | INFO  | DNAudit | user=null | ip=null | op=WRITE_CHUNK {blockData=conID: 1 locID: 102665037196558906 bcsId: 0} | ret=SUCCESS |  
2019-08-23 07:09:06,688 | INFO  | DNAudit | user=null | ip=null | op=WRITE_CHUNK {blockData=conID: 1 locID: 102665037196558906 bcsId: 0} | ret=SUCCESS |  
2019-08-23 07:09:06,688 | INFO  | DNAudit | user=null | ip=null | op=WRITE_CHUNK {blockData=conID: 1 locID: 102665037196558906 bcsId: 0} | ret=SUCCESS |  
2019-08-23 07:09:06,697 | INFO  | DNAudit | user=null | ip=null | op=WRITE_CHUNK {blockData=conID: 1 locID: 102665037196558906 bcsId: 0} | ret=SUCCESS |  
2019-08-23 07:09:06,697 | INFO  | DNAudit | user=null | ip=null | op=PUT_BLOCK {blockData=[blockId=conID: 1 locID: 102665037196558906 bcsId: 0,size=1048576]} | ret=SUCCESS |  
2019-08-23 07:09:06,697 [grpc-default-executor-3] INFO  client.GrpcClientProtocolClient (GrpcClientProtocolClient.java:onNext(255)) - client-D91E5D1E15CE->f2ba01fc-a63e-4348-bd18-030b60a135e7: receive RaftClientReply:client-D91E5D1E15CE->f2ba01fc-a63e-4348-bd18-030b60a135e7@group-C8C62FEF0626, cid=2258, SUCCESS, logIndex=3322, commits[f2ba01fc-a63e-4348-bd18-030b60a135e7:c3323, eab135d4-a257-4705-b491-6c056b8c5df7:c3321, a4f67574-9018-43e7-8a54-351e98dc3d0a:c3321]
2019-08-23 07:09:06,697 | INFO  | DNAudit | user=null | ip=null | op=WRITE_CHUNK {blockData=conID: 1 locID: 102665037196558906 bcsId: 0} | ret=SUCCESS |  
2019-08-23 07:09:06,697 [grpc-default-executor-2] INFO  client.GrpcClientProtocolClient (GrpcClientProtocolClient.java:onNext(255)) - client-D91E5D1E15CE->f2ba01fc-a63e-4348-bd18-030b60a135e7: receive RaftClientReply:client-D91E5D1E15CE->f2ba01fc-a63e-4348-bd18-030b60a135e7@group-C8C62FEF0626, cid=2259, SUCCESS, logIndex=3323, commits[f2ba01fc-a63e-4348-bd18-030b60a135e7:c3323, eab135d4-a257-4705-b491-6c056b8c5df7:c3321, a4f67574-9018-43e7-8a54-351e98dc3d0a:c3321]
2019-08-23 07:09:06,698 | INFO  | DNAudit | user=null | ip=null | op=PUT_BLOCK {blockData=[blockId=conID: 1 locID: 102665037196558906 bcsId: 0,size=2097152]} | ret=SUCCESS |  
2019-08-23 07:09:06,698 [grpc-default-executor-2] INFO  client.GrpcClientProtocolClient (GrpcClientProtocolClient.java:onNext(255)) - client-D91E5D1E15CE->f2ba01fc-a63e-4348-bd18-030b60a135e7: receive RaftClientReply:client-D91E5D1E15CE->f2ba01fc-a63e-4348-bd18-030b60a135e7@group-C8C62FEF0626, cid=2260, SUCCESS, logIndex=3324, commits[f2ba01fc-a63e-4348-bd18-030b60a135e7:c3325, eab135d4-a257-4705-b491-6c056b8c5df7:c3321, a4f67574-9018-43e7-8a54-351e98dc3d0a:c3321]
2019-08-23 07:09:06,698 [grpc-default-executor-2] INFO  client.GrpcClientProtocolClient (GrpcClientProtocolClient.java:onNext(255)) - client-D91E5D1E15CE->f2ba01fc-a63e-4348-bd18-030b60a135e7: receive RaftClientReply:client-D91E5D1E15CE->f2ba01fc-a63e-4348-bd18-030b60a135e7@group-C8C62FEF0626, cid=2261, SUCCESS, logIndex=3325, commits[f2ba01fc-a63e-4348-bd18-030b60a135e7:c3325, eab135d4-a257-4705-b491-6c056b8c5df7:c3321, a4f67574-9018-43e7-8a54-351e98dc3d0a:c3321]
2019-08-23 07:09:06,699 | INFO  | DNAudit | user=null | ip=null | op=WRITE_CHUNK {blockData=conID: 1 locID: 102665037196558906 bcsId: 0} | ret=SUCCESS |  
2019-08-23 07:09:06,699 | INFO  | DNAudit | user=null | ip=null | op=PUT_BLOCK {blockData=[blockId=conID: 1 locID: 102665037196558906 bcsId: 0,size=1048576]} | ret=SUCCESS |  
2019-08-23 07:09:06,699 | INFO  | DNAudit | user=null | ip=null | op=WRITE_CHUNK {blockData=conID: 1 locID: 102665037196558906 bcsId: 0} | ret=SUCCESS |  
2019-08-23 07:09:06,699 | INFO  | DNAudit | user=null | ip=null | op=PUT_BLOCK {blockData=[blockId=conID: 1 locID: 102665037196558906 bcsId: 0,size=1048576]} | ret=SUCCESS |  
2019-08-23 07:09:06,700 | INFO  | DNAudit | user=null | ip=null | op=WRITE_CHUNK {blockData=conID: 1 locID: 102665037196558906 bcsId: 0} | ret=SUCCESS |  
2019-08-23 07:09:06,700 | INFO  | DNAudit | user=null | ip=null | op=PUT_BLOCK {blockData=[blockId=conID: 1 locID: 102665037196558906 bcsId: 0,size=2097152]} | ret=SUCCESS |  
2019-08-23 07:09:06,700 [grpc-default-executor-4] INFO  client.GrpcClientProtocolClient (GrpcClientProtocolClient.java:onNext(255)) - client-D91E5D1E15CE->f2ba01fc-a63e-4348-bd18-030b60a135e7: receive RaftClientReply:client-D91E5D1E15CE->f2ba01fc-a63e-4348-bd18-030b60a135e7@group-C8C62FEF0626, cid=2262, SUCCESS, logIndex=0, commits[f2ba01fc-a63e-4348-bd18-030b60a135e7:c3327, eab135d4-a257-4705-b491-6c056b8c5df7:c3323, a4f67574-9018-43e7-8a54-351e98dc3d0a:c3323]
2019-08-23 07:09:06,700 | INFO  | DNAudit | user=null | ip=null | op=WRITE_CHUNK {blockData=conID: 1 locID: 102665037196558906 bcsId: 0} | ret=SUCCESS |  
2019-08-23 07:09:06,700 | INFO  | DNAudit | user=null | ip=null | op=PUT_BLOCK {blockData=[blockId=conID: 1 locID: 102665037196558906 bcsId: 0,size=2097152]} | ret=SUCCESS |  
2019-08-23 07:09:06,705 | INFO  | DNAudit | user=null | ip=null | op=WRITE_CHUNK {blockData=conID: 1 locID: 102665037196558906 bcsId: 3325} | ret=SUCCESS |  
2019-08-23 07:09:06,706 | INFO  | DNAudit | user=null | ip=null | op=WRITE_CHUNK {blockData=conID: 1 locID: 102665037196558906 bcsId: 3325} | ret=SUCCESS |  
2019-08-23 07:09:06,706 | INFO  | DNAudit | user=null | ip=null | op=WRITE_CHUNK {blockData=conID: 1 locID: 102665037196558906 bcsId: 3325} | ret=SUCCESS |  
2019-08-23 07:09:06,717 | INFO  | DNAudit | user=null | ip=null | op=WRITE_CHUNK {blockData=conID: 1 locID: 102665037196558906 bcsId: 3325} | ret=SUCCESS |  
2019-08-23 07:09:06,718 | INFO  | DNAudit | user=null | ip=null | op=PUT_BLOCK {blockData=[blockId=conID: 1 locID: 102665037196558906 bcsId: 0,size=3145728]} | ret=SUCCESS |  
2019-08-23 07:09:06,718 [grpc-default-executor-6] INFO  client.GrpcClientProtocolClient (GrpcClientProtocolClient.java:onNext(255)) - client-D91E5D1E15CE->f2ba01fc-a63e-4348-bd18-030b60a135e7: receive RaftClientReply:client-D91E5D1E15CE->f2ba01fc-a63e-4348-bd18-030b60a135e7@group-C8C62FEF0626, cid=2263, SUCCESS, logIndex=3330, commits[f2ba01fc-a63e-4348-bd18-030b60a135e7:c3331, eab135d4-a257-4705-b491-6c056b8c5df7:c3329, a4f67574-9018-43e7-8a54-351e98dc3d0a:c3329]
2019-08-23 07:09:06,718 [grpc-default-executor-6] INFO  client.GrpcClientProtocolClient (GrpcClientProtocolClient.java:onNext(255)) - client-D91E5D1E15CE->f2ba01fc-a63e-4348-bd18-030b60a135e7: receive RaftClientReply:client-D91E5D1E15CE->f2ba01fc-a63e-4348-bd18-030b60a135e7@group-C8C62FEF0626, cid=2264, SUCCESS, logIndex=3331, commits[f2ba01fc-a63e-4348-bd18-030b60a135e7:c3331, eab135d4-a257-4705-b491-6c056b8c5df7:c3329, a4f67574-9018-43e7-8a54-351e98dc3d0a:c3329]
2019-08-23 07:09:06,723 | INFO  | DNAudit | user=null | ip=null | op=WRITE_CHUNK {blockData=conID: 1 locID: 102665037196558906 bcsId: 3331} | ret=SUCCESS |  
2019-08-23 07:09:06,725 | INFO  | DNAudit | user=null | ip=null | op=WRITE_CHUNK {blockData=conID: 1 locID: 102665037196558906 bcsId: 3331} | ret=SUCCESS |  
2019-08-23 07:09:06,725 | INFO  | DNAudit | user=null | ip=null | op=WRITE_CHUNK {blockData=conID: 1 locID: 102665037196558906 bcsId: 3331} | ret=SUCCESS |  
2019-08-23 07:09:06,729 | INFO  | DNAudit | user=null | ip=null | op=WRITE_CHUNK {blockData=conID: 1 locID: 102665037196558906 bcsId: 3325} | ret=SUCCESS |  
2019-08-23 07:09:06,729 | INFO  | DNAudit | user=null | ip=null | op=WRITE_CHUNK {blockData=conID: 1 locID: 102665037196558906 bcsId: 3325} | ret=SUCCESS |  
2019-08-23 07:09:06,731 | INFO  | DNAudit | user=null | ip=null | op=PUT_BLOCK {blockData=[blockId=conID: 1 locID: 102665037196558906 bcsId: 0,size=3145728]} | ret=SUCCESS |  
2019-08-23 07:09:06,731 | INFO  | DNAudit | user=null | ip=null | op=PUT_BLOCK {blockData=[blockId=conID: 1 locID: 102665037196558906 bcsId: 0,size=3145728]} | ret=SUCCESS |  
2019-08-23 07:09:06,732 | INFO  | DNAudit | user=null | ip=null | op=WRITE_CHUNK {blockData=conID: 1 locID: 102665037196558906 bcsId: 3331} | ret=SUCCESS |  
2019-08-23 07:09:06,732 | INFO  | DNAudit | user=null | ip=null | op=PUT_BLOCK {blockData=[blockId=conID: 1 locID: 102665037196558906 bcsId: 0,size=4194304]} | ret=SUCCESS |  
2019-08-23 07:09:06,732 [grpc-default-executor-4] INFO  client.GrpcClientProtocolClient (GrpcClientProtocolClient.java:onNext(255)) - client-D91E5D1E15CE->f2ba01fc-a63e-4348-bd18-030b60a135e7: receive RaftClientReply:client-D91E5D1E15CE->f2ba01fc-a63e-4348-bd18-030b60a135e7@group-C8C62FEF0626, cid=2265, SUCCESS, logIndex=3334, commits[f2ba01fc-a63e-4348-bd18-030b60a135e7:c3335, eab135d4-a257-4705-b491-6c056b8c5df7:c3331, a4f67574-9018-43e7-8a54-351e98dc3d0a:c3331]
2019-08-23 07:09:06,733 [grpc-default-executor-4] INFO  client.GrpcClientProtocolClient (GrpcClientProtocolClient.java:onNext(255)) - client-D91E5D1E15CE->f2ba01fc-a63e-4348-bd18-030b60a135e7: receive RaftClientReply:client-D91E5D1E15CE->f2ba01fc-a63e-4348-bd18-030b60a135e7@group-C8C62FEF0626, cid=2266, SUCCESS, logIndex=3335, commits[f2ba01fc-a63e-4348-bd18-030b60a135e7:c3335, eab135d4-a257-4705-b491-6c056b8c5df7:c3331, a4f67574-9018-43e7-8a54-351e98dc3d0a:c3331]
2019-08-23 07:09:06,743 | INFO  | DNAudit | user=null | ip=null | op=WRITE_CHUNK {blockData=conID: 1 locID: 102665037196558906 bcsId: 3331} | ret=SUCCESS |  
2019-08-23 07:09:06,743 | INFO  | DNAudit | user=null | ip=null | op=WRITE_CHUNK {blockData=conID: 1 locID: 102665037196558906 bcsId: 3331} | ret=SUCCESS |  
2019-08-23 07:09:06,744 | INFO  | DNAudit | user=null | ip=null | op=PUT_BLOCK {blockData=[blockId=conID: 1 locID: 102665037196558906 bcsId: 0,size=4194304]} | ret=SUCCESS |  
2019-08-23 07:09:06,744 | INFO  | DNAudit | user=null | ip=null | op=PUT_BLOCK {blockData=[blockId=conID: 1 locID: 102665037196558906 bcsId: 0,size=4194304]} | ret=SUCCESS |  
2019-08-23 07:09:06,745 [grpc-default-executor-6] INFO  client.GrpcClientProtocolClient (GrpcClientProtocolClient.java:onNext(255)) - client-D91E5D1E15CE->f2ba01fc-a63e-4348-bd18-030b60a135e7: receive RaftClientReply:client-D91E5D1E15CE->f2ba01fc-a63e-4348-bd18-030b60a135e7@group-C8C62FEF0626, cid=2267, SUCCESS, logIndex=0, commits[f2ba01fc-a63e-4348-bd18-030b60a135e7:c3337, eab135d4-a257-4705-b491-6c056b8c5df7:c3335, a4f67574-9018-43e7-8a54-351e98dc3d0a:c3335]
2019-08-23 07:09:06,748 | INFO  | SCMAudit | user=jenkins1000 | ip=192.168.5.178 | op=ALLOCATE_BLOCK {owner=aaf04d22-10dd-4717-8862-c651bdde72cf, size=4194304, type=RATIS, factor=THREE} | ret=SUCCESS |  
2019-08-23 07:09:06,750 | INFO  | OMAudit | user=jenkins1000 | ip=127.0.0.1 | op=ALLOCATE_BLOCK {volume=vol-0-67663, bucket=bucket-0-68950, key=key-0-26970, dataSize=0, replicationType=null, replicationFactor=null, keyLocationInfo=null, clientID=102665036030476690} | ret=SUCCESS |  
2019-08-23 07:09:06,754 | INFO  | SCMAudit | user=jenkins1000 | ip=192.168.5.178 | op=SEND_HEARTBEAT {datanodeUUID=eab135d4-a257-4705-b491-6c056b8c5df7, command=[]} | ret=SUCCESS |  
2019-08-23 07:09:06,755 | INFO  | SCMAudit | user=jenkins1000 | ip=192.168.5.178 | op=SEND_HEARTBEAT {datanodeUUID=a4f67574-9018-43e7-8a54-351e98dc3d0a, command=[]} | ret=SUCCESS |  
2019-08-23 07:09:06,755 | INFO  | SCMAudit | user=jenkins1000 | ip=192.168.5.178 | op=SEND_HEARTBEAT {datanodeUUID=f2ba01fc-a63e-4348-bd18-030b60a135e7, command=[]} | ret=SUCCESS |  
2019-08-23 07:09:06,756 | INFO  | DNAudit | user=null | ip=null | op=WRITE_CHUNK {blockData=conID: 2 locID: 102665037201277499 bcsId: 0} | ret=SUCCESS |  
2019-08-23 07:09:06,758 | INFO  | DNAudit | user=null | ip=null | op=WRITE_CHUNK {blockData=conID: 2 locID: 102665037201277499 bcsId: 0} | ret=SUCCESS |  
2019-08-23 07:09:06,758 | INFO  | DNAudit | user=null | ip=null | op=WRITE_CHUNK {blockData=conID: 2 locID: 102665037201277499 bcsId: 0} | ret=SUCCESS |  
2019-08-23 07:09:06,758 | INFO  | DNAudit | user=null | ip=null | op=WRITE_CHUNK {blockData=conID: 2 locID: 102665037201277499 bcsId: 0} | ret=SUCCESS |  
2019-08-23 07:09:06,760 | INFO  | DNAudit | user=null | ip=null | op=WRITE_CHUNK {blockData=conID: 2 locID: 102665037201277499 bcsId: 0} | ret=SUCCESS |  
2019-08-23 07:09:06,760 | INFO  | DNAudit | user=null | ip=null | op=WRITE_CHUNK {blockData=conID: 2 locID: 102665037201277499 bcsId: 0} | ret=SUCCESS |  
2019-08-23 07:09:06,768 | INFO  | DNAudit | user=null | ip=null | op=WRITE_CHUNK {blockData=conID: 2 locID: 102665037201277499 bcsId: 0} | ret=SUCCESS |  
2019-08-23 07:09:06,769 | INFO  | DNAudit | user=null | ip=null | op=PUT_BLOCK {blockData=[blockId=conID: 2 locID: 102665037201277499 bcsId: 0,size=1048576]} | ret=SUCCESS |  
2019-08-23 07:09:06,769 [grpc-default-executor-2] INFO  client.GrpcClientProtocolClient (GrpcClientProtocolClient.java:onNext(255)) - client-D91E5D1E15CE->f2ba01fc-a63e-4348-bd18-030b60a135e7: receive RaftClientReply:client-D91E5D1E15CE->f2ba01fc-a63e-4348-bd18-030b60a135e7@group-C8C62FEF0626, cid=2268, SUCCESS, logIndex=3338, commits[f2ba01fc-a63e-4348-bd18-030b60a135e7:c3339, eab135d4-a257-4705-b491-6c056b8c5df7:c3337, a4f67574-9018-43e7-8a54-351e98dc3d0a:c3337]
2019-08-23 07:09:06,769 | INFO  | DNAudit | user=null | ip=null | op=WRITE_CHUNK {blockData=conID: 2 locID: 102665037201277499 bcsId: 0} | ret=SUCCESS |  
2019-08-23 07:09:06,769 [grpc-default-executor-4] INFO  client.GrpcClientProtocolClient (GrpcClientProtocolClient.java:onNext(255)) - client-D91E5D1E15CE->f2ba01fc-a63e-4348-bd18-030b60a135e7: receive RaftClientReply:client-D91E5D1E15CE->f2ba01fc-a63e-4348-bd18-030b60a135e7@group-C8C62FEF0626, cid=2269, SUCCESS, logIndex=3339, commits[f2ba01fc-a63e-4348-bd18-030b60a135e7:c3339, eab135d4-a257-4705-b491-6c056b8c5df7:c3337, a4f67574-9018-43e7-8a54-351e98dc3d0a:c3337]
2019-08-23 07:09:06,769 | INFO  | DNAudit | user=null | ip=null | op=PUT_BLOCK {blockData=[blockId=conID: 2 locID: 102665037201277499 bcsId: 0,size=2097152]} | ret=SUCCESS |  
2019-08-23 07:09:06,770 [grpc-default-executor-2] INFO  client.GrpcClientProtocolClient (GrpcClientProtocolClient.java:onNext(255)) - client-D91E5D1E15CE->f2ba01fc-a63e-4348-bd18-030b60a135e7: receive RaftClientReply:client-D91E5D1E15CE->f2ba01fc-a63e-4348-bd18-030b60a135e7@group-C8C62FEF0626, cid=2270, SUCCESS, logIndex=3340, commits[f2ba01fc-a63e-4348-bd18-030b60a135e7:c3340, eab135d4-a257-4705-b491-6c056b8c5df7:c3337, a4f67574-9018-43e7-8a54-351e98dc3d0a:c3337]
2019-08-23 07:09:06,770 [grpc-default-executor-2] INFO  client.GrpcClientProtocolClient (GrpcClientProtocolClient.java:onNext(255)) - client-D91E5D1E15CE->f2ba01fc-a63e-4348-bd18-030b60a135e7: receive RaftClientReply:client-D91E5D1E15CE->f2ba01fc-a63e-4348-bd18-030b60a135e7@group-C8C62FEF0626, cid=2271, SUCCESS, logIndex=3341, commits[f2ba01fc-a63e-4348-bd18-030b60a135e7:c3341, eab135d4-a257-4705-b491-6c056b8c5df7:c3337, a4f67574-9018-43e7-8a54-351e98dc3d0a:c3337]
2019-08-23 07:09:06,782 | INFO  | DNAudit | user=null | ip=null | op=WRITE_CHUNK {blockData=conID: 2 locID: 102665037201277499 bcsId: 0} | ret=SUCCESS |  
2019-08-23 07:09:06,782 | INFO  | DNAudit | user=null | ip=null | op=PUT_BLOCK {blockData=[blockId=conID: 2 locID: 102665037201277499 bcsId: 0,size=1048576]} | ret=SUCCESS |  
2019-08-23 07:09:06,782 | INFO  | DNAudit | user=null | ip=null | op=WRITE_CHUNK {blockData=conID: 2 locID: 102665037201277499 bcsId: 0} | ret=SUCCESS |  
2019-08-23 07:09:06,782 | INFO  | DNAudit | user=null | ip=null | op=PUT_BLOCK {blockData=[blockId=conID: 2 locID: 102665037201277499 bcsId: 0,size=1048576]} | ret=SUCCESS |  
2019-08-23 07:09:06,783 | INFO  | DNAudit | user=null | ip=null | op=WRITE_CHUNK {blockData=conID: 2 locID: 102665037201277499 bcsId: 0} | ret=SUCCESS |  
2019-08-23 07:09:06,783 [grpc-default-executor-2] INFO  client.GrpcClientProtocolClient (GrpcClientProtocolClient.java:onNext(255)) - client-D91E5D1E15CE->f2ba01fc-a63e-4348-bd18-030b60a135e7: receive RaftClientReply:client-D91E5D1E15CE->f2ba01fc-a63e-4348-bd18-030b60a135e7@group-C8C62FEF0626, cid=2272, SUCCESS, logIndex=0, commits[f2ba01fc-a63e-4348-bd18-030b60a135e7:c3343, eab135d4-a257-4705-b491-6c056b8c5df7:c3339, a4f67574-9018-43e7-8a54-351e98dc3d0a:c3339]
2019-08-23 07:09:06,783 | INFO  | DNAudit | user=null | ip=null | op=PUT_BLOCK {blockData=[blockId=conID: 2 locID: 102665037201277499 bcsId: 0,size=2097152]} | ret=SUCCESS |  
2019-08-23 07:09:06,783 | INFO  | DNAudit | user=null | ip=null | op=WRITE_CHUNK {blockData=conID: 2 locID: 102665037201277499 bcsId: 0} | ret=SUCCESS |  
2019-08-23 07:09:06,783 | INFO  | DNAudit | user=null | ip=null | op=PUT_BLOCK {blockData=[blockId=conID: 2 locID: 102665037201277499 bcsId: 0,size=2097152]} | ret=SUCCESS |  
2019-08-23 07:09:06,787 | INFO  | DNAudit | user=null | ip=null | op=WRITE_CHUNK {blockData=conID: 2 locID: 102665037201277499 bcsId: 3341} | ret=SUCCESS |  
2019-08-23 07:09:06,789 | INFO  | DNAudit | user=null | ip=null | op=WRITE_CHUNK {blockData=conID: 2 locID: 102665037201277499 bcsId: 3341} | ret=SUCCESS |  
2019-08-23 07:09:06,789 | INFO  | DNAudit | user=null | ip=null | op=WRITE_CHUNK {blockData=conID: 2 locID: 102665037201277499 bcsId: 3341} | ret=SUCCESS |  
2019-08-23 07:09:06,800 | INFO  | DNAudit | user=null | ip=null | op=WRITE_CHUNK {blockData=conID: 2 locID: 102665037201277499 bcsId: 3341} | ret=SUCCESS |  
2019-08-23 07:09:06,800 | INFO  | DNAudit | user=null | ip=null | op=PUT_BLOCK {blockData=[blockId=conID: 2 locID: 102665037201277499 bcsId: 0,size=3145728]} | ret=SUCCESS |  
2019-08-23 07:09:06,800 [grpc-default-executor-6] INFO  client.GrpcClientProtocolClient (GrpcClientProtocolClient.java:onNext(255)) - client-D91E5D1E15CE->f2ba01fc-a63e-4348-bd18-030b60a135e7: receive RaftClientReply:client-D91E5D1E15CE->f2ba01fc-a63e-4348-bd18-030b60a135e7@group-C8C62FEF0626, cid=2273, SUCCESS, logIndex=3346, commits[f2ba01fc-a63e-4348-bd18-030b60a135e7:c3347, eab135d4-a257-4705-b491-6c056b8c5df7:c3345, a4f67574-9018-43e7-8a54-351e98dc3d0a:c3345]
2019-08-23 07:09:06,801 [grpc-default-executor-6] INFO  client.GrpcClientProtocolClient (GrpcClientProtocolClient.java:onNext(255)) - client-D91E5D1E15CE->f2ba01fc-a63e-4348-bd18-030b60a135e7: receive RaftClientReply:client-D91E5D1E15CE->f2ba01fc-a63e-4348-bd18-030b60a135e7@group-C8C62FEF0626, cid=2274, SUCCESS, logIndex=3347, commits[f2ba01fc-a63e-4348-bd18-030b60a135e7:c3347, eab135d4-a257-4705-b491-6c056b8c5df7:c3345, a4f67574-9018-43e7-8a54-351e98dc3d0a:c3345]
2019-08-23 07:09:06,802 | INFO  | DNAudit | user=null | ip=null | op=WRITE_CHUNK {blockData=conID: 2 locID: 102665037201277499 bcsId: 3341} | ret=SUCCESS |  
2019-08-23 07:09:06,802 | INFO  | DNAudit | user=null | ip=null | op=WRITE_CHUNK {blockData=conID: 2 locID: 102665037201277499 bcsId: 3341} | ret=SUCCESS |  
2019-08-23 07:09:06,803 | INFO  | DNAudit | user=null | ip=null | op=PUT_BLOCK {blockData=[blockId=conID: 2 locID: 102665037201277499 bcsId: 0,size=3145728]} | ret=SUCCESS |  
2019-08-23 07:09:06,803 | INFO  | DNAudit | user=null | ip=null | op=PUT_BLOCK {blockData=[blockId=conID: 2 locID: 102665037201277499 bcsId: 0,size=3145728]} | ret=SUCCESS |  
2019-08-23 07:09:06,806 | INFO  | DNAudit | user=null | ip=null | op=WRITE_CHUNK {blockData=conID: 2 locID: 102665037201277499 bcsId: 3347} | ret=SUCCESS |  
2019-08-23 07:09:06,808 | INFO  | DNAudit | user=null | ip=null | op=WRITE_CHUNK {blockData=conID: 2 locID: 102665037201277499 bcsId: 3347} | ret=SUCCESS |  
2019-08-23 07:09:06,808 | INFO  | DNAudit | user=null | ip=null | op=WRITE_CHUNK {blockData=conID: 2 locID: 102665037201277499 bcsId: 3347} | ret=SUCCESS |  
2019-08-23 07:09:06,812 | INFO  | DNAudit | user=null | ip=null | op=WRITE_CHUNK {blockData=conID: 2 locID: 102665037201277499 bcsId: 3347} | ret=SUCCESS |  
2019-08-23 07:09:06,813 | INFO  | DNAudit | user=null | ip=null | op=PUT_BLOCK {blockData=[blockId=conID: 2 locID: 102665037201277499 bcsId: 0,size=4194304]} | ret=SUCCESS |  
2019-08-23 07:09:06,813 [grpc-default-executor-4] INFO  client.GrpcClientProtocolClient (GrpcClientProtocolClient.java:onNext(255)) - client-D91E5D1E15CE->f2ba01fc-a63e-4348-bd18-030b60a135e7: receive RaftClientReply:client-D91E5D1E15CE->f2ba01fc-a63e-4348-bd18-030b60a135e7@group-C8C62FEF0626, cid=2275, SUCCESS, logIndex=3350, commits[f2ba01fc-a63e-4348-bd18-030b60a135e7:c3351, eab135d4-a257-4705-b491-6c056b8c5df7:c3349, a4f67574-9018-43e7-8a54-351e98dc3d0a:c3349]
2019-08-23 07:09:06,813 [grpc-default-executor-4] INFO  client.GrpcClientProtocolClient (GrpcClientProtocolClient.java:onNext(255)) - client-D91E5D1E15CE->f2ba01fc-a63e-4348-bd18-030b60a135e7: receive RaftClientReply:client-D91E5D1E15CE->f2ba01fc-a63e-4348-bd18-030b60a135e7@group-C8C62FEF0626, cid=2276, SUCCESS, logIndex=3351, commits[f2ba01fc-a63e-4348-bd18-030b60a135e7:c3351, eab135d4-a257-4705-b491-6c056b8c5df7:c3349, a4f67574-9018-43e7-8a54-351e98dc3d0a:c3349]
2019-08-23 07:09:06,814 | INFO  | DNAudit | user=null | ip=null | op=WRITE_CHUNK {blockData=conID: 2 locID: 102665037201277499 bcsId: 3347} | ret=SUCCESS |  
2019-08-23 07:09:06,814 | INFO  | DNAudit | user=null | ip=null | op=WRITE_CHUNK {blockData=conID: 2 locID: 102665037201277499 bcsId: 3347} | ret=SUCCESS |  
2019-08-23 07:09:06,815 | INFO  | DNAudit | user=null | ip=null | op=PUT_BLOCK {blockData=[blockId=conID: 2 locID: 102665037201277499 bcsId: 0,size=4194304]} | ret=SUCCESS |  
2019-08-23 07:09:06,815 | INFO  | DNAudit | user=null | ip=null | op=PUT_BLOCK {blockData=[blockId=conID: 2 locID: 102665037201277499 bcsId: 0,size=4194304]} | ret=SUCCESS |  
2019-08-23 07:09:06,815 [grpc-default-executor-2] INFO  client.GrpcClientProtocolClient (GrpcClientProtocolClient.java:onNext(255)) - client-D91E5D1E15CE->f2ba01fc-a63e-4348-bd18-030b60a135e7: receive RaftClientReply:client-D91E5D1E15CE->f2ba01fc-a63e-4348-bd18-030b60a135e7@group-C8C62FEF0626, cid=2277, SUCCESS, logIndex=0, commits[f2ba01fc-a63e-4348-bd18-030b60a135e7:c3352, eab135d4-a257-4705-b491-6c056b8c5df7:c3351, a4f67574-9018-43e7-8a54-351e98dc3d0a:c3351]
2019-08-23 07:09:06,820 | INFO  | SCMAudit | user=jenkins1000 | ip=192.168.5.178 | op=ALLOCATE_BLOCK {owner=aaf04d22-10dd-4717-8862-c651bdde72cf, size=4194304, type=RATIS, factor=THREE} | ret=SUCCESS |  
2019-08-23 07:09:06,822 | INFO  | OMAudit | user=jenkins1000 | ip=127.0.0.1 | op=ALLOCATE_BLOCK {volume=vol-0-67663, bucket=bucket-0-68950, key=key-0-26970, dataSize=0, replicationType=null, replicationFactor=null, keyLocationInfo=null, clientID=102665036030476690} | ret=SUCCESS |  
2019-08-23 07:09:06,827 | INFO  | DNAudit | user=null | ip=null | op=WRITE_CHUNK {blockData=conID: 3 locID: 102665037205930556 bcsId: 0} | ret=SUCCESS |  
2019-08-23 07:09:06,830 | INFO  | DNAudit | user=null | ip=null | op=WRITE_CHUNK {blockData=conID: 3 locID: 102665037205930556 bcsId: 0} | ret=SUCCESS |  
2019-08-23 07:09:06,830 | INFO  | DNAudit | user=null | ip=null | op=WRITE_CHUNK {blockData=conID: 3 locID: 102665037205930556 bcsId: 0} | ret=SUCCESS |  
2019-08-23 07:09:06,831 | INFO  | DNAudit | user=null | ip=null | op=WRITE_CHUNK {blockData=conID: 3 locID: 102665037205930556 bcsId: 0} | ret=SUCCESS |  
2019-08-23 07:09:06,832 | INFO  | DNAudit | user=null | ip=null | op=WRITE_CHUNK {blockData=conID: 3 locID: 102665037205930556 bcsId: 0} | ret=SUCCESS |  
2019-08-23 07:09:06,832 | INFO  | DNAudit | user=null | ip=null | op=WRITE_CHUNK {blockData=conID: 3 locID: 102665037205930556 bcsId: 0} | ret=SUCCESS |  
2019-08-23 07:09:06,834 | INFO  | DNAudit | user=null | ip=null | op=WRITE_CHUNK {blockData=conID: 3 locID: 102665037205930556 bcsId: 0} | ret=SUCCESS |  
2019-08-23 07:09:06,834 | INFO  | DNAudit | user=null | ip=null | op=PUT_BLOCK {blockData=[blockId=conID: 3 locID: 102665037205930556 bcsId: 0,size=1048576]} | ret=SUCCESS |  
2019-08-23 07:09:06,834 | INFO  | DNAudit | user=null | ip=null | op=WRITE_CHUNK {blockData=conID: 3 locID: 102665037205930556 bcsId: 0} | ret=SUCCESS |  
2019-08-23 07:09:06,835 [grpc-default-executor-2] INFO  client.GrpcClientProtocolClient (GrpcClientProtocolClient.java:onNext(255)) - client-D91E5D1E15CE->f2ba01fc-a63e-4348-bd18-030b60a135e7: receive RaftClientReply:client-D91E5D1E15CE->f2ba01fc-a63e-4348-bd18-030b60a135e7@group-C8C62FEF0626, cid=2278, SUCCESS, logIndex=3354, commits[f2ba01fc-a63e-4348-bd18-030b60a135e7:c3355, eab135d4-a257-4705-b491-6c056b8c5df7:c3353, a4f67574-9018-43e7-8a54-351e98dc3d0a:c3353]
2019-08-23 07:09:06,835 | INFO  | DNAudit | user=null | ip=null | op=PUT_BLOCK {blockData=[blockId=conID: 3 locID: 102665037205930556 bcsId: 0,size=2097152]} | ret=SUCCESS |  
2019-08-23 07:09:06,835 [grpc-default-executor-2] INFO  client.GrpcClientProtocolClient (GrpcClientProtocolClient.java:onNext(255)) - client-D91E5D1E15CE->f2ba01fc-a63e-4348-bd18-030b60a135e7: receive RaftClientReply:client-D91E5D1E15CE->f2ba01fc-a63e-4348-bd18-030b60a135e7@group-C8C62FEF0626, cid=2279, SUCCESS, logIndex=3355, commits[f2ba01fc-a63e-4348-bd18-030b60a135e7:c3356, eab135d4-a257-4705-b491-6c056b8c5df7:c3353, a4f67574-9018-43e7-8a54-351e98dc3d0a:c3353]
2019-08-23 07:09:06,835 [grpc-default-executor-2] INFO  client.GrpcClientProtocolClient (GrpcClientProtocolClient.java:onNext(255)) - client-D91E5D1E15CE->f2ba01fc-a63e-4348-bd18-030b60a135e7: receive RaftClientReply:client-D91E5D1E15CE->f2ba01fc-a63e-4348-bd18-030b60a135e7@group-C8C62FEF0626, cid=2280, SUCCESS, logIndex=3356, commits[f2ba01fc-a63e-4348-bd18-030b60a135e7:c3357, eab135d4-a257-4705-b491-6c056b8c5df7:c3353, a4f67574-9018-43e7-8a54-351e98dc3d0a:c3353]
2019-08-23 07:09:06,836 | INFO  | DNAudit | user=null | ip=null | op=WRITE_CHUNK {blockData=conID: 3 locID: 102665037205930556 bcsId: 0} | ret=SUCCESS |  
2019-08-23 07:09:06,836 [grpc-default-executor-2] INFO  client.GrpcClientProtocolClient (GrpcClientProtocolClient.java:onNext(255)) - client-D91E5D1E15CE->f2ba01fc-a63e-4348-bd18-030b60a135e7: receive RaftClientReply:client-D91E5D1E15CE->f2ba01fc-a63e-4348-bd18-030b60a135e7@group-C8C62FEF0626, cid=2281, SUCCESS, logIndex=3357, commits[f2ba01fc-a63e-4348-bd18-030b60a135e7:c3357, eab135d4-a257-4705-b491-6c056b8c5df7:c3353, a4f67574-9018-43e7-8a54-351e98dc3d0a:c3353]
2019-08-23 07:09:06,836 | INFO  | DNAudit | user=null | ip=null | op=WRITE_CHUNK {blockData=conID: 3 locID: 102665037205930556 bcsId: 0} | ret=SUCCESS |  
2019-08-23 07:09:06,836 | INFO  | DNAudit | user=null | ip=null | op=PUT_BLOCK {blockData=[blockId=conID: 3 locID: 102665037205930556 bcsId: 0,size=1048576]} | ret=SUCCESS |  
2019-08-23 07:09:06,837 | INFO  | DNAudit | user=null | ip=null | op=WRITE_CHUNK {blockData=conID: 3 locID: 102665037205930556 bcsId: 0} | ret=SUCCESS |  
2019-08-23 07:09:06,837 | INFO  | DNAudit | user=null | ip=null | op=PUT_BLOCK {blockData=[blockId=conID: 3 locID: 102665037205930556 bcsId: 0,size=1048576]} | ret=SUCCESS |  
2019-08-23 07:09:06,837 | INFO  | DNAudit | user=null | ip=null | op=WRITE_CHUNK {blockData=conID: 3 locID: 102665037205930556 bcsId: 0} | ret=SUCCESS |  
2019-08-23 07:09:06,837 | INFO  | DNAudit | user=null | ip=null | op=PUT_BLOCK {blockData=[blockId=conID: 3 locID: 102665037205930556 bcsId: 0,size=2097152]} | ret=SUCCESS |  
2019-08-23 07:09:06,837 [grpc-default-executor-2] INFO  client.GrpcClientProtocolClient (GrpcClientProtocolClient.java:onNext(255)) - client-D91E5D1E15CE->f2ba01fc-a63e-4348-bd18-030b60a135e7: receive RaftClientReply:client-D91E5D1E15CE->f2ba01fc-a63e-4348-bd18-030b60a135e7@group-C8C62FEF0626, cid=2282, SUCCESS, logIndex=0, commits[f2ba01fc-a63e-4348-bd18-030b60a135e7:c3360, eab135d4-a257-4705-b491-6c056b8c5df7:c3356, a4f67574-9018-43e7-8a54-351e98dc3d0a:c3355]
2019-08-23 07:09:06,837 | INFO  | DNAudit | user=null | ip=null | op=PUT_BLOCK {blockData=[blockId=conID: 3 locID: 102665037205930556 bcsId: 0,size=2097152]} | ret=SUCCESS |  
2019-08-23 07:09:06,842 | INFO  | DNAudit | user=null | ip=null | op=WRITE_CHUNK {blockData=conID: 3 locID: 102665037205930556 bcsId: 3357} | ret=SUCCESS |  
2019-08-23 07:09:06,844 | INFO  | DNAudit | user=null | ip=null | op=WRITE_CHUNK {blockData=conID: 3 locID: 102665037205930556 bcsId: 3357} | ret=SUCCESS |  
2019-08-23 07:09:06,844 | INFO  | DNAudit | user=null | ip=null | op=WRITE_CHUNK {blockData=conID: 3 locID: 102665037205930556 bcsId: 3357} | ret=SUCCESS |  
2019-08-23 07:09:06,845 | INFO  | DNAudit | user=null | ip=null | op=WRITE_CHUNK {blockData=conID: 3 locID: 102665037205930556 bcsId: 3357} | ret=SUCCESS |  
2019-08-23 07:09:06,845 | INFO  | DNAudit | user=null | ip=null | op=PUT_BLOCK {blockData=[blockId=conID: 3 locID: 102665037205930556 bcsId: 0,size=3145728]} | ret=SUCCESS |  
2019-08-23 07:09:06,846 [grpc-default-executor-2] INFO  client.GrpcClientProtocolClient (GrpcClientProtocolClient.java:onNext(255)) - client-D91E5D1E15CE->f2ba01fc-a63e-4348-bd18-030b60a135e7: receive RaftClientReply:client-D91E5D1E15CE->f2ba01fc-a63e-4348-bd18-030b60a135e7@group-C8C62FEF0626, cid=2283, SUCCESS, logIndex=3362, commits[f2ba01fc-a63e-4348-bd18-030b60a135e7:c3363, eab135d4-a257-4705-b491-6c056b8c5df7:c3361, a4f67574-9018-43e7-8a54-351e98dc3d0a:c3361]
2019-08-23 07:09:06,846 [grpc-default-executor-2] INFO  client.GrpcClientProtocolClient (GrpcClientProtocolClient.java:onNext(255)) - client-D91E5D1E15CE->f2ba01fc-a63e-4348-bd18-030b60a135e7: receive RaftClientReply:client-D91E5D1E15CE->f2ba01fc-a63e-4348-bd18-030b60a135e7@group-C8C62FEF0626, cid=2284, SUCCESS, logIndex=3363, commits[f2ba01fc-a63e-4348-bd18-030b60a135e7:c3363, eab135d4-a257-4705-b491-6c056b8c5df7:c3361, a4f67574-9018-43e7-8a54-351e98dc3d0a:c3361]
2019-08-23 07:09:06,846 | INFO  | DNAudit | user=null | ip=null | op=WRITE_CHUNK {blockData=conID: 3 locID: 102665037205930556 bcsId: 3357} | ret=SUCCESS |  
2019-08-23 07:09:06,846 | INFO  | DNAudit | user=null | ip=null | op=WRITE_CHUNK {blockData=conID: 3 locID: 102665037205930556 bcsId: 3357} | ret=SUCCESS |  
2019-08-23 07:09:06,848 | INFO  | DNAudit | user=null | ip=null | op=PUT_BLOCK {blockData=[blockId=conID: 3 locID: 102665037205930556 bcsId: 0,size=3145728]} | ret=SUCCESS |  
2019-08-23 07:09:06,848 | INFO  | DNAudit | user=null | ip=null | op=PUT_BLOCK {blockData=[blockId=conID: 3 locID: 102665037205930556 bcsId: 0,size=3145728]} | ret=SUCCESS |  
2019-08-23 07:09:06,851 | INFO  | DNAudit | user=null | ip=null | op=WRITE_CHUNK {blockData=conID: 3 locID: 102665037205930556 bcsId: 3363} | ret=SUCCESS |  
2019-08-23 07:09:06,853 | INFO  | DNAudit | user=null | ip=null | op=WRITE_CHUNK {blockData=conID: 3 locID: 102665037205930556 bcsId: 3363} | ret=SUCCESS |  
2019-08-23 07:09:06,853 | INFO  | DNAudit | user=null | ip=null | op=WRITE_CHUNK {blockData=conID: 3 locID: 102665037205930556 bcsId: 3363} | ret=SUCCESS |  
2019-08-23 07:09:06,862 | INFO  | DNAudit | user=null | ip=null | op=WRITE_CHUNK {blockData=conID: 3 locID: 102665037205930556 bcsId: 3363} | ret=SUCCESS |  
2019-08-23 07:09:06,862 | INFO  | DNAudit | user=null | ip=null | op=PUT_BLOCK {blockData=[blockId=conID: 3 locID: 102665037205930556 bcsId: 0,size=4194304]} | ret=SUCCESS |  
2019-08-23 07:09:06,862 [grpc-default-executor-3] INFO  client.GrpcClientProtocolClient (GrpcClientProtocolClient.java:onNext(255)) - client-D91E5D1E15CE->f2ba01fc-a63e-4348-bd18-030b60a135e7: receive RaftClientReply:client-D91E5D1E15CE->f2ba01fc-a63e-4348-bd18-030b60a135e7@group-C8C62FEF0626, cid=2285, SUCCESS, logIndex=3366, commits[f2ba01fc-a63e-4348-bd18-030b60a135e7:c3367, eab135d4-a257-4705-b491-6c056b8c5df7:c3365, a4f67574-9018-43e7-8a54-351e98dc3d0a:c3365]
2019-08-23 07:09:06,863 [grpc-default-executor-3] INFO  client.GrpcClientProtocolClient (GrpcClientProtocolClient.java:onNext(255)) - client-D91E5D1E15CE->f2ba01fc-a63e-4348-bd18-030b60a135e7: receive RaftClientReply:client-D91E5D1E15CE->f2ba01fc-a63e-4348-bd18-030b60a135e7@group-C8C62FEF0626, cid=2286, SUCCESS, logIndex=3367, commits[f2ba01fc-a63e-4348-bd18-030b60a135e7:c3367, eab135d4-a257-4705-b491-6c056b8c5df7:c3365, a4f67574-9018-43e7-8a54-351e98dc3d0a:c3365]
2019-08-23 07:09:06,864 | INFO  | DNAudit | user=null | ip=null | op=WRITE_CHUNK {blockData=conID: 3 locID: 102665037205930556 bcsId: 3363} | ret=SUCCESS |  
2019-08-23 07:09:06,864 | INFO  | DNAudit | user=null | ip=null | op=WRITE_CHUNK {blockData=conID: 3 locID: 102665037205930556 bcsId: 3363} | ret=SUCCESS |  
2019-08-23 07:09:06,866 | INFO  | DNAudit | user=null | ip=null | op=PUT_BLOCK {blockData=[blockId=conID: 3 locID: 102665037205930556 bcsId: 0,size=4194304]} | ret=SUCCESS |  
2019-08-23 07:09:06,866 | INFO  | DNAudit | user=null | ip=null | op=PUT_BLOCK {blockData=[blockId=conID: 3 locID: 102665037205930556 bcsId: 0,size=4194304]} | ret=SUCCESS |  
2019-08-23 07:09:06,866 [grpc-default-executor-3] INFO  client.GrpcClientProtocolClient (GrpcClientProtocolClient.java:onNext(255)) - client-D91E5D1E15CE->f2ba01fc-a63e-4348-bd18-030b60a135e7: receive RaftClientReply:client-D91E5D1E15CE->f2ba01fc-a63e-4348-bd18-030b60a135e7@group-C8C62FEF0626, cid=2287, SUCCESS, logIndex=0, commits[f2ba01fc-a63e-4348-bd18-030b60a135e7:c3369, eab135d4-a257-4705-b491-6c056b8c5df7:c3367, a4f67574-9018-43e7-8a54-351e98dc3d0a:c3367]
2019-08-23 07:09:06,870 | INFO  | SCMAudit | user=jenkins1000 | ip=192.168.5.178 | op=ALLOCATE_BLOCK {owner=aaf04d22-10dd-4717-8862-c651bdde72cf, size=4194304, type=RATIS, factor=THREE} | ret=SUCCESS |  
2019-08-23 07:09:06,873 | INFO  | OMAudit | user=jenkins1000 | ip=127.0.0.1 | op=ALLOCATE_BLOCK {volume=vol-0-67663, bucket=bucket-0-68950, key=key-0-26970, dataSize=0, replicationType=null, replicationFactor=null, keyLocationInfo=null, clientID=102665036030476690} | ret=SUCCESS |  
2019-08-23 07:09:06,878 | INFO  | DNAudit | user=null | ip=null | op=WRITE_CHUNK {blockData=conID: 1 locID: 102665037209272893 bcsId: 0} | ret=SUCCESS |  
2019-08-23 07:09:06,880 | INFO  | DNAudit | user=null | ip=null | op=WRITE_CHUNK {blockData=conID: 1 locID: 102665037209272893 bcsId: 0} | ret=SUCCESS |  
2019-08-23 07:09:06,880 | INFO  | DNAudit | user=null | ip=null | op=WRITE_CHUNK {blockData=conID: 1 locID: 102665037209272893 bcsId: 0} | ret=SUCCESS |  
2019-08-23 07:09:06,880 | INFO  | DNAudit | user=null | ip=null | op=WRITE_CHUNK {blockData=conID: 1 locID: 102665037209272893 bcsId: 0} | ret=SUCCESS |  
2019-08-23 07:09:06,882 | INFO  | DNAudit | user=null | ip=null | op=WRITE_CHUNK {blockData=conID: 1 locID: 102665037209272893 bcsId: 0} | ret=SUCCESS |  
2019-08-23 07:09:06,882 | INFO  | DNAudit | user=null | ip=null | op=WRITE_CHUNK {blockData=conID: 1 locID: 102665037209272893 bcsId: 0} | ret=SUCCESS |  
2019-08-23 07:09:06,888 | INFO  | DNAudit | user=null | ip=null | op=WRITE_CHUNK {blockData=conID: 1 locID: 102665037209272893 bcsId: 0} | ret=SUCCESS |  
2019-08-23 07:09:06,918 [grpc-default-executor-4] INFO  client.GrpcClientProtocolClient (GrpcClientProtocolClient.java:onNext(255)) - client-D91E5D1E15CE->f2ba01fc-a63e-4348-bd18-030b60a135e7: receive RaftClientReply:client-D91E5D1E15CE->f2ba01fc-a63e-4348-bd18-030b60a135e7@group-C8C62FEF0626, cid=2288, SUCCESS, logIndex=3370, commits[f2ba01fc-a63e-4348-bd18-030b60a135e7:c3370, eab135d4-a257-4705-b491-6c056b8c5df7:c3367, a4f67574-9018-43e7-8a54-351e98dc3d0a:c3369]
2019-08-23 07:09:06,918 | INFO  | DNAudit | user=null | ip=null | op=PUT_BLOCK {blockData=[blockId=conID: 1 locID: 102665037209272893 bcsId: 0,size=1048576]} | ret=SUCCESS |  
2019-08-23 07:09:06,919 [grpc-default-executor-4] INFO  client.GrpcClientProtocolClient (GrpcClientProtocolClient.java:onNext(255)) - client-D91E5D1E15CE->f2ba01fc-a63e-4348-bd18-030b60a135e7: receive RaftClientReply:client-D91E5D1E15CE->f2ba01fc-a63e-4348-bd18-030b60a135e7@group-C8C62FEF0626, cid=2289, SUCCESS, logIndex=3371, commits[f2ba01fc-a63e-4348-bd18-030b60a135e7:c3371, eab135d4-a257-4705-b491-6c056b8c5df7:c3369, a4f67574-9018-43e7-8a54-351e98dc3d0a:c3369]
2019-08-23 07:09:06,921 | INFO  | DNAudit | user=null | ip=null | op=WRITE_CHUNK {blockData=conID: 1 locID: 102665037209272893 bcsId: 0} | ret=SUCCESS |  
2019-08-23 07:09:06,921 | INFO  | DNAudit | user=null | ip=null | op=WRITE_CHUNK {blockData=conID: 1 locID: 102665037209272893 bcsId: 0} | ret=SUCCESS |  
2019-08-23 07:09:06,921 | INFO  | DNAudit | user=null | ip=null | op=PUT_BLOCK {blockData=[blockId=conID: 1 locID: 102665037209272893 bcsId: 0,size=2097152]} | ret=SUCCESS |  
2019-08-23 07:09:06,921 | INFO  | DNAudit | user=null | ip=null | op=WRITE_CHUNK {blockData=conID: 1 locID: 102665037209272893 bcsId: 0} | ret=SUCCESS |  
2019-08-23 07:09:06,921 [grpc-default-executor-3] INFO  client.GrpcClientProtocolClient (GrpcClientProtocolClient.java:onNext(255)) - client-D91E5D1E15CE->f2ba01fc-a63e-4348-bd18-030b60a135e7: receive RaftClientReply:client-D91E5D1E15CE->f2ba01fc-a63e-4348-bd18-030b60a135e7@group-C8C62FEF0626, cid=2290, SUCCESS, logIndex=3372, commits[f2ba01fc-a63e-4348-bd18-030b60a135e7:c3374, eab135d4-a257-4705-b491-6c056b8c5df7:c3369, a4f67574-9018-43e7-8a54-351e98dc3d0a:c3370]
2019-08-23 07:09:06,922 [grpc-default-executor-3] INFO  client.GrpcClientProtocolClient (GrpcClientProtocolClient.java:onNext(255)) - client-D91E5D1E15CE->f2ba01fc-a63e-4348-bd18-030b60a135e7: receive RaftClientReply:client-D91E5D1E15CE->f2ba01fc-a63e-4348-bd18-030b60a135e7@group-C8C62FEF0626, cid=2291, SUCCESS, logIndex=3373, commits[f2ba01fc-a63e-4348-bd18-030b60a135e7:c3374, eab135d4-a257-4705-b491-6c056b8c5df7:c3369, a4f67574-9018-43e7-8a54-351e98dc3d0a:c3370]
2019-08-23 07:09:06,922 | INFO  | DNAudit | user=null | ip=null | op=PUT_BLOCK {blockData=[blockId=conID: 1 locID: 102665037209272893 bcsId: 0,size=1048576]} | ret=SUCCESS |  
2019-08-23 07:09:06,923 | INFO  | DNAudit | user=null | ip=null | op=PUT_BLOCK {blockData=[blockId=conID: 1 locID: 102665037209272893 bcsId: 0,size=1048576]} | ret=SUCCESS |  
2019-08-23 07:09:06,923 | INFO  | DNAudit | user=null | ip=null | op=WRITE_CHUNK {blockData=conID: 1 locID: 102665037209272893 bcsId: 0} | ret=SUCCESS |  
2019-08-23 07:09:06,923 | INFO  | DNAudit | user=null | ip=null | op=PUT_BLOCK {blockData=[blockId=conID: 1 locID: 102665037209272893 bcsId: 0,size=2097152]} | ret=SUCCESS |  
2019-08-23 07:09:06,923 [grpc-default-executor-3] INFO  client.GrpcClientProtocolClient (GrpcClientProtocolClient.java:onNext(255)) - client-D91E5D1E15CE->f2ba01fc-a63e-4348-bd18-030b60a135e7: receive RaftClientReply:client-D91E5D1E15CE->f2ba01fc-a63e-4348-bd18-030b60a135e7@group-C8C62FEF0626, cid=2292, SUCCESS, logIndex=0, commits[f2ba01fc-a63e-4348-bd18-030b60a135e7:c3375, eab135d4-a257-4705-b491-6c056b8c5df7:c3371, a4f67574-9018-43e7-8a54-351e98dc3d0a:c3371]
2019-08-23 07:09:06,923 | INFO  | DNAudit | user=null | ip=null | op=WRITE_CHUNK {blockData=conID: 1 locID: 102665037209272893 bcsId: 0} | ret=SUCCESS |  
2019-08-23 07:09:06,924 | INFO  | DNAudit | user=null | ip=null | op=PUT_BLOCK {blockData=[blockId=conID: 1 locID: 102665037209272893 bcsId: 0,size=2097152]} | ret=SUCCESS |  
2019-08-23 07:09:06,928 | INFO  | DNAudit | user=null | ip=null | op=WRITE_CHUNK {blockData=conID: 1 locID: 102665037209272893 bcsId: 3373} | ret=SUCCESS |  
2019-08-23 07:09:06,930 | INFO  | DNAudit | user=null | ip=null | op=WRITE_CHUNK {blockData=conID: 1 locID: 102665037209272893 bcsId: 3373} | ret=SUCCESS |  
2019-08-23 07:09:06,930 | INFO  | DNAudit | user=null | ip=null | op=WRITE_CHUNK {blockData=conID: 1 locID: 102665037209272893 bcsId: 3373} | ret=SUCCESS |  
2019-08-23 07:09:06,932 | INFO  | DNAudit | user=null | ip=null | op=WRITE_CHUNK {blockData=conID: 1 locID: 102665037209272893 bcsId: 3373} | ret=SUCCESS |  
2019-08-23 07:09:06,945 [grpc-default-executor-4] INFO  client.GrpcClientProtocolClient (GrpcClientProtocolClient.java:onNext(255)) - client-D91E5D1E15CE->f2ba01fc-a63e-4348-bd18-030b60a135e7: receive RaftClientReply:client-D91E5D1E15CE->f2ba01fc-a63e-4348-bd18-030b60a135e7@group-C8C62FEF0626, cid=2293, SUCCESS, logIndex=3378, commits[f2ba01fc-a63e-4348-bd18-030b60a135e7:c3378, eab135d4-a257-4705-b491-6c056b8c5df7:c3373, a4f67574-9018-43e7-8a54-351e98dc3d0a:c3377]
2019-08-23 07:09:06,945 | INFO  | DNAudit | user=null | ip=null | op=PUT_BLOCK {blockData=[blockId=conID: 1 locID: 102665037209272893 bcsId: 0,size=3145728]} | ret=SUCCESS |  
2019-08-23 07:09:06,946 [grpc-default-executor-4] INFO  client.GrpcClientProtocolClient (GrpcClientProtocolClient.java:onNext(255)) - client-D91E5D1E15CE->f2ba01fc-a63e-4348-bd18-030b60a135e7: receive RaftClientReply:client-D91E5D1E15CE->f2ba01fc-a63e-4348-bd18-030b60a135e7@group-C8C62FEF0626, cid=2294, SUCCESS, logIndex=3379, commits[f2ba01fc-a63e-4348-bd18-030b60a135e7:c3379, eab135d4-a257-4705-b491-6c056b8c5df7:c3377, a4f67574-9018-43e7-8a54-351e98dc3d0a:c3377]
2019-08-23 07:09:06,946 | INFO  | DNAudit | user=null | ip=null | op=WRITE_CHUNK {blockData=conID: 1 locID: 102665037209272893 bcsId: 3373} | ret=SUCCESS |  
2019-08-23 07:09:06,947 | INFO  | DNAudit | user=null | ip=null | op=WRITE_CHUNK {blockData=conID: 1 locID: 102665037209272893 bcsId: 3373} | ret=SUCCESS |  
2019-08-23 07:09:06,949 | INFO  | DNAudit | user=null | ip=null | op=PUT_BLOCK {blockData=[blockId=conID: 1 locID: 102665037209272893 bcsId: 0,size=3145728]} | ret=SUCCESS |  
2019-08-23 07:09:06,949 | INFO  | DNAudit | user=null | ip=null | op=PUT_BLOCK {blockData=[blockId=conID: 1 locID: 102665037209272893 bcsId: 0,size=3145728]} | ret=SUCCESS |  
2019-08-23 07:09:06,951 | INFO  | DNAudit | user=null | ip=null | op=WRITE_CHUNK {blockData=conID: 1 locID: 102665037209272893 bcsId: 3379} | ret=SUCCESS |  
2019-08-23 07:09:06,953 | INFO  | DNAudit | user=null | ip=null | op=WRITE_CHUNK {blockData=conID: 1 locID: 102665037209272893 bcsId: 3379} | ret=SUCCESS |  
2019-08-23 07:09:06,953 | INFO  | DNAudit | user=null | ip=null | op=WRITE_CHUNK {blockData=conID: 1 locID: 102665037209272893 bcsId: 3379} | ret=SUCCESS |  
2019-08-23 07:09:06,955 | INFO  | DNAudit | user=null | ip=null | op=WRITE_CHUNK {blockData=conID: 1 locID: 102665037209272893 bcsId: 3379} | ret=SUCCESS |  
2019-08-23 07:09:06,956 | INFO  | DNAudit | user=null | ip=null | op=PUT_BLOCK {blockData=[blockId=conID: 1 locID: 102665037209272893 bcsId: 0,size=4194304]} | ret=SUCCESS |  
2019-08-23 07:09:06,956 [grpc-default-executor-2] INFO  client.GrpcClientProtocolClient (GrpcClientProtocolClient.java:onNext(255)) - client-D91E5D1E15CE->f2ba01fc-a63e-4348-bd18-030b60a135e7: receive RaftClientReply:client-D91E5D1E15CE->f2ba01fc-a63e-4348-bd18-030b60a135e7@group-C8C62FEF0626, cid=2295, SUCCESS, logIndex=3382, commits[f2ba01fc-a63e-4348-bd18-030b60a135e7:c3383, eab135d4-a257-4705-b491-6c056b8c5df7:c3381, a4f67574-9018-43e7-8a54-351e98dc3d0a:c3379]
2019-08-23 07:09:06,956 [grpc-default-executor-2] INFO  client.GrpcClientProtocolClient (GrpcClientProtocolClient.java:onNext(255)) - client-D91E5D1E15CE->f2ba01fc-a63e-4348-bd18-030b60a135e7: receive RaftClientReply:client-D91E5D1E15CE->f2ba01fc-a63e-4348-bd18-030b60a135e7@group-C8C62FEF0626, cid=2296, SUCCESS, logIndex=3383, commits[f2ba01fc-a63e-4348-bd18-030b60a135e7:c3383, eab135d4-a257-4705-b491-6c056b8c5df7:c3381, a4f67574-9018-43e7-8a54-351e98dc3d0a:c3381]
2019-08-23 07:09:06,957 | INFO  | DNAudit | user=null | ip=null | op=WRITE_CHUNK {blockData=conID: 1 locID: 102665037209272893 bcsId: 3379} | ret=SUCCESS |  
2019-08-23 07:09:06,957 | INFO  | DNAudit | user=null | ip=null | op=WRITE_CHUNK {blockData=conID: 1 locID: 102665037209272893 bcsId: 3379} | ret=SUCCESS |  
2019-08-23 07:09:06,957 | INFO  | DNAudit | user=null | ip=null | op=PUT_BLOCK {blockData=[blockId=conID: 1 locID: 102665037209272893 bcsId: 0,size=4194304]} | ret=SUCCESS |  
2019-08-23 07:09:06,958 | INFO  | DNAudit | user=null | ip=null | op=PUT_BLOCK {blockData=[blockId=conID: 1 locID: 102665037209272893 bcsId: 0,size=4194304]} | ret=SUCCESS |  
2019-08-23 07:09:06,958 [grpc-default-executor-2] INFO  client.GrpcClientProtocolClient (GrpcClientProtocolClient.java:onNext(255)) - client-D91E5D1E15CE->f2ba01fc-a63e-4348-bd18-030b60a135e7: receive RaftClientReply:client-D91E5D1E15CE->f2ba01fc-a63e-4348-bd18-030b60a135e7@group-C8C62FEF0626, cid=2297, SUCCESS, logIndex=0, commits[f2ba01fc-a63e-4348-bd18-030b60a135e7:c3384, eab135d4-a257-4705-b491-6c056b8c5df7:c3383, a4f67574-9018-43e7-8a54-351e98dc3d0a:c3383]
2019-08-23 07:09:06,963 | INFO  | SCMAudit | user=jenkins1000 | ip=192.168.5.178 | op=ALLOCATE_BLOCK {owner=aaf04d22-10dd-4717-8862-c651bdde72cf, size=4194304, type=RATIS, factor=THREE} | ret=SUCCESS |  
2019-08-23 07:09:06,966 | INFO  | OMAudit | user=jenkins1000 | ip=127.0.0.1 | op=ALLOCATE_BLOCK {volume=vol-0-67663, bucket=bucket-0-68950, key=key-0-26970, dataSize=0, replicationType=null, replicationFactor=null, keyLocationInfo=null, clientID=102665036030476690} | ret=SUCCESS |  
2019-08-23 07:09:06,971 | INFO  | DNAudit | user=null | ip=null | op=WRITE_CHUNK {blockData=conID: 2 locID: 102665037215367742 bcsId: 0} | ret=SUCCESS |  
2019-08-23 07:09:06,974 | INFO  | DNAudit | user=null | ip=null | op=WRITE_CHUNK {blockData=conID: 2 locID: 102665037215367742 bcsId: 0} | ret=SUCCESS |  
2019-08-23 07:09:06,974 | INFO  | DNAudit | user=null | ip=null | op=WRITE_CHUNK {blockData=conID: 2 locID: 102665037215367742 bcsId: 0} | ret=SUCCESS |  
2019-08-23 07:09:06,974 | INFO  | DNAudit | user=null | ip=null | op=WRITE_CHUNK {blockData=conID: 2 locID: 102665037215367742 bcsId: 0} | ret=SUCCESS |  
2019-08-23 07:09:06,975 | INFO  | DNAudit | user=null | ip=null | op=WRITE_CHUNK {blockData=conID: 2 locID: 102665037215367742 bcsId: 0} | ret=SUCCESS |  
2019-08-23 07:09:06,976 | INFO  | DNAudit | user=null | ip=null | op=WRITE_CHUNK {blockData=conID: 2 locID: 102665037215367742 bcsId: 0} | ret=SUCCESS |  
2019-08-23 07:09:06,977 | INFO  | DNAudit | user=null | ip=null | op=WRITE_CHUNK {blockData=conID: 2 locID: 102665037215367742 bcsId: 0} | ret=SUCCESS |  
2019-08-23 07:09:06,977 | INFO  | DNAudit | user=null | ip=null | op=PUT_BLOCK {blockData=[blockId=conID: 2 locID: 102665037215367742 bcsId: 0,size=1048576]} | ret=SUCCESS |  
2019-08-23 07:09:06,977 [grpc-default-executor-2] INFO  client.GrpcClientProtocolClient (GrpcClientProtocolClient.java:onNext(255)) - client-D91E5D1E15CE->f2ba01fc-a63e-4348-bd18-030b60a135e7: receive RaftClientReply:client-D91E5D1E15CE->f2ba01fc-a63e-4348-bd18-030b60a135e7@group-C8C62FEF0626, cid=2298, SUCCESS, logIndex=3386, commits[f2ba01fc-a63e-4348-bd18-030b60a135e7:c3387, eab135d4-a257-4705-b491-6c056b8c5df7:c3385, a4f67574-9018-43e7-8a54-351e98dc3d0a:c3385]
2019-08-23 07:09:06,978 [grpc-default-executor-2] INFO  client.GrpcClientProtocolClient (GrpcClientProtocolClient.java:onNext(255)) - client-D91E5D1E15CE->f2ba01fc-a63e-4348-bd18-030b60a135e7: receive RaftClientReply:client-D91E5D1E15CE->f2ba01fc-a63e-4348-bd18-030b60a135e7@group-C8C62FEF0626, cid=2299, SUCCESS, logIndex=3387, commits[f2ba01fc-a63e-4348-bd18-030b60a135e7:c3387, eab135d4-a257-4705-b491-6c056b8c5df7:c3385, a4f67574-9018-43e7-8a54-351e98dc3d0a:c3385]
2019-08-23 07:09:06,978 | INFO  | DNAudit | user=null | ip=null | op=WRITE_CHUNK {blockData=conID: 2 locID: 102665037215367742 bcsId: 0} | ret=SUCCESS |  
2019-08-23 07:09:06,979 | INFO  | DNAudit | user=null | ip=null | op=PUT_BLOCK {blockData=[blockId=conID: 2 locID: 102665037215367742 bcsId: 0,size=2097152]} | ret=SUCCESS |  
2019-08-23 07:09:06,979 [grpc-default-executor-4] INFO  client.GrpcClientProtocolClient (GrpcClientProtocolClient.java:onNext(255)) - client-D91E5D1E15CE->f2ba01fc-a63e-4348-bd18-030b60a135e7: receive RaftClientReply:client-D91E5D1E15CE->f2ba01fc-a63e-4348-bd18-030b60a135e7@group-C8C62FEF0626, cid=2300, SUCCESS, logIndex=3388, commits[f2ba01fc-a63e-4348-bd18-030b60a135e7:c3389, eab135d4-a257-4705-b491-6c056b8c5df7:c3385, a4f67574-9018-43e7-8a54-351e98dc3d0a:c3385]
2019-08-23 07:09:06,979 [grpc-default-executor-4] INFO  client.GrpcClientProtocolClient (GrpcClientProtocolClient.java:onNext(255)) - client-D91E5D1E15CE->f2ba01fc-a63e-4348-bd18-030b60a135e7: receive RaftClientReply:client-D91E5D1E15CE->f2ba01fc-a63e-4348-bd18-030b60a135e7@group-C8C62FEF0626, cid=2301, SUCCESS, logIndex=3389, commits[f2ba01fc-a63e-4348-bd18-030b60a135e7:c3389, eab135d4-a257-4705-b491-6c056b8c5df7:c3385, a4f67574-9018-43e7-8a54-351e98dc3d0a:c3385]
2019-08-23 07:09:06,981 | INFO  | DNAudit | user=null | ip=null | op=WRITE_CHUNK {blockData=conID: 2 locID: 102665037215367742 bcsId: 0} | ret=SUCCESS |  
2019-08-23 07:09:06,981 | INFO  | DNAudit | user=null | ip=null | op=PUT_BLOCK {blockData=[blockId=conID: 2 locID: 102665037215367742 bcsId: 0,size=1048576]} | ret=SUCCESS |  
2019-08-23 07:09:06,982 | INFO  | DNAudit | user=null | ip=null | op=WRITE_CHUNK {blockData=conID: 2 locID: 102665037215367742 bcsId: 0} | ret=SUCCESS |  
2019-08-23 07:09:06,982 | INFO  | DNAudit | user=null | ip=null | op=PUT_BLOCK {blockData=[blockId=conID: 2 locID: 102665037215367742 bcsId: 0,size=1048576]} | ret=SUCCESS |  
2019-08-23 07:09:06,983 | INFO  | DNAudit | user=null | ip=null | op=WRITE_CHUNK {blockData=conID: 2 locID: 102665037215367742 bcsId: 0} | ret=SUCCESS |  
2019-08-23 07:09:06,983 | INFO  | DNAudit | user=null | ip=null | op=PUT_BLOCK {blockData=[blockId=conID: 2 locID: 102665037215367742 bcsId: 0,size=2097152]} | ret=SUCCESS |  
2019-08-23 07:09:06,983 [grpc-default-executor-4] INFO  client.GrpcClientProtocolClient (GrpcClientProtocolClient.java:onNext(255)) - client-D91E5D1E15CE->f2ba01fc-a63e-4348-bd18-030b60a135e7: receive RaftClientReply:client-D91E5D1E15CE->f2ba01fc-a63e-4348-bd18-030b60a135e7@group-C8C62FEF0626, cid=2302, SUCCESS, logIndex=0, commits[f2ba01fc-a63e-4348-bd18-030b60a135e7:c3391, eab135d4-a257-4705-b491-6c056b8c5df7:c3387, a4f67574-9018-43e7-8a54-351e98dc3d0a:c3387]
2019-08-23 07:09:06,983 | INFO  | DNAudit | user=null | ip=null | op=WRITE_CHUNK {blockData=conID: 2 locID: 102665037215367742 bcsId: 0} | ret=SUCCESS |  
2019-08-23 07:09:06,983 | INFO  | DNAudit | user=null | ip=null | op=PUT_BLOCK {blockData=[blockId=conID: 2 locID: 102665037215367742 bcsId: 0,size=2097152]} | ret=SUCCESS |  
 0.00% |█                                                                                                    |  0/1 Time: 0:00:182019-08-23 07:09:07,079 | INFO  | SCMAudit | user=jenkins1000 | ip=192.168.5.178 | op=SEND_HEARTBEAT {datanodeUUID=5c311bc2-cc7c-45de-998f-f79499d85d4e, command=[]} | ret=SUCCESS |  
2019-08-23 07:09:07,081 | INFO  | DNAudit | user=null | ip=null | op=WRITE_CHUNK {blockData=conID: 2 locID: 102665037215367742 bcsId: 3389} | ret=SUCCESS |  
2019-08-23 07:09:07,082 | INFO  | DNAudit | user=null | ip=null | op=WRITE_CHUNK {blockData=conID: 2 locID: 102665037215367742 bcsId: 3389} | ret=SUCCESS |  
2019-08-23 07:09:07,082 | INFO  | DNAudit | user=null | ip=null | op=WRITE_CHUNK {blockData=conID: 2 locID: 102665037215367742 bcsId: 3389} | ret=SUCCESS |  
2019-08-23 07:09:07,085 | INFO  | DNAudit | user=null | ip=null | op=WRITE_CHUNK {blockData=conID: 2 locID: 102665037215367742 bcsId: 3389} | ret=SUCCESS |  
2019-08-23 07:09:07,085 | INFO  | DNAudit | user=null | ip=null | op=PUT_BLOCK {blockData=[blockId=conID: 2 locID: 102665037215367742 bcsId: 0,size=3145728]} | ret=SUCCESS |  
2019-08-23 07:09:07,085 [grpc-default-executor-4] INFO  client.GrpcClientProtocolClient (GrpcClientProtocolClient.java:onNext(255)) - client-D91E5D1E15CE->f2ba01fc-a63e-4348-bd18-030b60a135e7: receive RaftClientReply:client-D91E5D1E15CE->f2ba01fc-a63e-4348-bd18-030b60a135e7@group-C8C62FEF0626, cid=2303, SUCCESS, logIndex=3394, commits[f2ba01fc-a63e-4348-bd18-030b60a135e7:c3395, eab135d4-a257-4705-b491-6c056b8c5df7:c3393, a4f67574-9018-43e7-8a54-351e98dc3d0a:c3393]
2019-08-23 07:09:07,086 [grpc-default-executor-4] INFO  client.GrpcClientProtocolClient (GrpcClientProtocolClient.java:onNext(255)) - client-D91E5D1E15CE->f2ba01fc-a63e-4348-bd18-030b60a135e7: receive RaftClientReply:client-D91E5D1E15CE->f2ba01fc-a63e-4348-bd18-030b60a135e7@group-C8C62FEF0626, cid=2304, SUCCESS, logIndex=3395, commits[f2ba01fc-a63e-4348-bd18-030b60a135e7:c3395, eab135d4-a257-4705-b491-6c056b8c5df7:c3393, a4f67574-9018-43e7-8a54-351e98dc3d0a:c3393]
2019-08-23 07:09:07,088 | INFO  | DNAudit | user=null | ip=null | op=WRITE_CHUNK {blockData=conID: 2 locID: 102665037215367742 bcsId: 3389} | ret=SUCCESS |  
2019-08-23 07:09:07,088 | INFO  | DNAudit | user=null | ip=null | op=WRITE_CHUNK {blockData=conID: 2 locID: 102665037215367742 bcsId: 3389} | ret=SUCCESS |  
2019-08-23 07:09:07,091 | INFO  | DNAudit | user=null | ip=null | op=PUT_BLOCK {blockData=[blockId=conID: 2 locID: 102665037215367742 bcsId: 0,size=3145728]} | ret=SUCCESS |  
2019-08-23 07:09:07,091 | INFO  | DNAudit | user=null | ip=null | op=PUT_BLOCK {blockData=[blockId=conID: 2 locID: 102665037215367742 bcsId: 0,size=3145728]} | ret=SUCCESS |  
2019-08-23 07:09:07,091 | INFO  | DNAudit | user=null | ip=null | op=WRITE_CHUNK {blockData=conID: 2 locID: 102665037215367742 bcsId: 3395} | ret=SUCCESS |  
2019-08-23 07:09:07,093 | INFO  | DNAudit | user=null | ip=null | op=WRITE_CHUNK {blockData=conID: 2 locID: 102665037215367742 bcsId: 3395} | ret=SUCCESS |  
2019-08-23 07:09:07,094 | INFO  | DNAudit | user=null | ip=null | op=WRITE_CHUNK {blockData=conID: 2 locID: 102665037215367742 bcsId: 3395} | ret=SUCCESS |  
2019-08-23 07:09:07,096 | INFO  | DNAudit | user=null | ip=null | op=WRITE_CHUNK {blockData=conID: 2 locID: 102665037215367742 bcsId: 3395} | ret=SUCCESS |  
2019-08-23 07:09:07,096 | INFO  | DNAudit | user=null | ip=null | op=PUT_BLOCK {blockData=[blockId=conID: 2 locID: 102665037215367742 bcsId: 0,size=4194304]} | ret=SUCCESS |  
2019-08-23 07:09:07,096 [grpc-default-executor-4] INFO  client.GrpcClientProtocolClient (GrpcClientProtocolClient.java:onNext(255)) - client-D91E5D1E15CE->f2ba01fc-a63e-4348-bd18-030b60a135e7: receive RaftClientReply:client-D91E5D1E15CE->f2ba01fc-a63e-4348-bd18-030b60a135e7@group-C8C62FEF0626, cid=2305, SUCCESS, logIndex=3398, commits[f2ba01fc-a63e-4348-bd18-030b60a135e7:c3399, eab135d4-a257-4705-b491-6c056b8c5df7:c3395, a4f67574-9018-43e7-8a54-351e98dc3d0a:c3396]
2019-08-23 07:09:07,096 [grpc-default-executor-4] INFO  client.GrpcClientProtocolClient (GrpcClientProtocolClient.java:onNext(255)) - client-D91E5D1E15CE->f2ba01fc-a63e-4348-bd18-030b60a135e7: receive RaftClientReply:client-D91E5D1E15CE->f2ba01fc-a63e-4348-bd18-030b60a135e7@group-C8C62FEF0626, cid=2306, SUCCESS, logIndex=3399, commits[f2ba01fc-a63e-4348-bd18-030b60a135e7:c3399, eab135d4-a257-4705-b491-6c056b8c5df7:c3396, a4f67574-9018-43e7-8a54-351e98dc3d0a:c3396]
2019-08-23 07:09:07,097 | INFO  | DNAudit | user=null | ip=null | op=WRITE_CHUNK {blockData=conID: 2 locID: 102665037215367742 bcsId: 3395} | ret=SUCCESS |  
2019-08-23 07:09:07,097 | INFO  | DNAudit | user=null | ip=null | op=WRITE_CHUNK {blockData=conID: 2 locID: 102665037215367742 bcsId: 3395} | ret=SUCCESS |  
2019-08-23 07:09:07,097 | INFO  | DNAudit | user=null | ip=null | op=PUT_BLOCK {blockData=[blockId=conID: 2 locID: 102665037215367742 bcsId: 0,size=4194304]} | ret=SUCCESS |  
2019-08-23 07:09:07,097 | INFO  | DNAudit | user=null | ip=null | op=PUT_BLOCK {blockData=[blockId=conID: 2 locID: 102665037215367742 bcsId: 0,size=4194304]} | ret=SUCCESS |  
2019-08-23 07:09:07,097 [grpc-default-executor-2] INFO  client.GrpcClientProtocolClient (GrpcClientProtocolClient.java:onNext(255)) - client-D91E5D1E15CE->f2ba01fc-a63e-4348-bd18-030b60a135e7: receive RaftClientReply:client-D91E5D1E15CE->f2ba01fc-a63e-4348-bd18-030b60a135e7@group-C8C62FEF0626, cid=2307, SUCCESS, logIndex=0, commits[f2ba01fc-a63e-4348-bd18-030b60a135e7:c3400, eab135d4-a257-4705-b491-6c056b8c5df7:c3399, a4f67574-9018-43e7-8a54-351e98dc3d0a:c3399]
2019-08-23 07:09:07,101 | INFO  | SCMAudit | user=jenkins1000 | ip=192.168.5.178 | op=ALLOCATE_BLOCK {owner=aaf04d22-10dd-4717-8862-c651bdde72cf, size=4194304, type=RATIS, factor=THREE} | ret=SUCCESS |  
2019-08-23 07:09:07,103 | INFO  | OMAudit | user=jenkins1000 | ip=127.0.0.1 | op=ALLOCATE_BLOCK {volume=vol-0-67663, bucket=bucket-0-68950, key=key-0-26970, dataSize=0, replicationType=null, replicationFactor=null, keyLocationInfo=null, clientID=102665036030476690} | ret=SUCCESS |  
2019-08-23 07:09:07,109 | INFO  | DNAudit | user=null | ip=null | op=WRITE_CHUNK {blockData=conID: 3 locID: 102665037224411711 bcsId: 0} | ret=SUCCESS |  
2019-08-23 07:09:07,112 | INFO  | DNAudit | user=null | ip=null | op=WRITE_CHUNK {blockData=conID: 3 locID: 102665037224411711 bcsId: 0} | ret=SUCCESS |  
2019-08-23 07:09:07,112 | INFO  | DNAudit | user=null | ip=null | op=WRITE_CHUNK {blockData=conID: 3 locID: 102665037224411711 bcsId: 0} | ret=SUCCESS |  
2019-08-23 07:09:07,112 | INFO  | DNAudit | user=null | ip=null | op=WRITE_CHUNK {blockData=conID: 3 locID: 102665037224411711 bcsId: 0} | ret=SUCCESS |  
2019-08-23 07:09:07,114 | INFO  | DNAudit | user=null | ip=null | op=WRITE_CHUNK {blockData=conID: 3 locID: 102665037224411711 bcsId: 0} | ret=SUCCESS |  
2019-08-23 07:09:07,114 | INFO  | DNAudit | user=null | ip=null | op=WRITE_CHUNK {blockData=conID: 3 locID: 102665037224411711 bcsId: 0} | ret=SUCCESS |  
2019-08-23 07:09:07,114 | INFO  | DNAudit | user=null | ip=null | op=WRITE_CHUNK {blockData=conID: 3 locID: 102665037224411711 bcsId: 0} | ret=SUCCESS |  
2019-08-23 07:09:07,114 | INFO  | DNAudit | user=null | ip=null | op=PUT_BLOCK {blockData=[blockId=conID: 3 locID: 102665037224411711 bcsId: 0,size=1048576]} | ret=SUCCESS |  
2019-08-23 07:09:07,114 [grpc-default-executor-4] INFO  client.GrpcClientProtocolClient (GrpcClientProtocolClient.java:onNext(255)) - client-D91E5D1E15CE->f2ba01fc-a63e-4348-bd18-030b60a135e7: receive RaftClientReply:client-D91E5D1E15CE->f2ba01fc-a63e-4348-bd18-030b60a135e7@group-C8C62FEF0626, cid=2308, SUCCESS, logIndex=3402, commits[f2ba01fc-a63e-4348-bd18-030b60a135e7:c3403, eab135d4-a257-4705-b491-6c056b8c5df7:c3399, a4f67574-9018-43e7-8a54-351e98dc3d0a:c3401]
2019-08-23 07:09:07,115 [grpc-default-executor-4] INFO  client.GrpcClientProtocolClient (GrpcClientProtocolClient.java:onNext(255)) - client-D91E5D1E15CE->f2ba01fc-a63e-4348-bd18-030b60a135e7: receive RaftClientReply:client-D91E5D1E15CE->f2ba01fc-a63e-4348-bd18-030b60a135e7@group-C8C62FEF0626, cid=2309, SUCCESS, logIndex=3403, commits[f2ba01fc-a63e-4348-bd18-030b60a135e7:c3403, eab135d4-a257-4705-b491-6c056b8c5df7:c3401, a4f67574-9018-43e7-8a54-351e98dc3d0a:c3401]
2019-08-23 07:09:07,115 | INFO  | DNAudit | user=null | ip=null | op=WRITE_CHUNK {blockData=conID: 3 locID: 102665037224411711 bcsId: 0} | ret=SUCCESS |  
2019-08-23 07:09:07,115 | INFO  | DNAudit | user=null | ip=null | op=WRITE_CHUNK {blockData=conID: 3 locID: 102665037224411711 bcsId: 0} | ret=SUCCESS |  
2019-08-23 07:09:07,116 | INFO  | DNAudit | user=null | ip=null | op=PUT_BLOCK {blockData=[blockId=conID: 3 locID: 102665037224411711 bcsId: 0,size=2097152]} | ret=SUCCESS |  
2019-08-23 07:09:07,116 [grpc-default-executor-4] INFO  client.GrpcClientProtocolClient (GrpcClientProtocolClient.java:onNext(255)) - client-D91E5D1E15CE->f2ba01fc-a63e-4348-bd18-030b60a135e7: receive RaftClientReply:client-D91E5D1E15CE->f2ba01fc-a63e-4348-bd18-030b60a135e7@group-C8C62FEF0626, cid=2310, SUCCESS, logIndex=3404, commits[f2ba01fc-a63e-4348-bd18-030b60a135e7:c3405, eab135d4-a257-4705-b491-6c056b8c5df7:c3402, a4f67574-9018-43e7-8a54-351e98dc3d0a:c3401]
2019-08-23 07:09:07,116 | INFO  | DNAudit | user=null | ip=null | op=WRITE_CHUNK {blockData=conID: 3 locID: 102665037224411711 bcsId: 0} | ret=SUCCESS |  
2019-08-23 07:09:07,116 [grpc-default-executor-4] INFO  client.GrpcClientProtocolClient (GrpcClientProtocolClient.java:onNext(255)) - client-D91E5D1E15CE->f2ba01fc-a63e-4348-bd18-030b60a135e7: receive RaftClientReply:client-D91E5D1E15CE->f2ba01fc-a63e-4348-bd18-030b60a135e7@group-C8C62FEF0626, cid=2311, SUCCESS, logIndex=3405, commits[f2ba01fc-a63e-4348-bd18-030b60a135e7:c3406, eab135d4-a257-4705-b491-6c056b8c5df7:c3402, a4f67574-9018-43e7-8a54-351e98dc3d0a:c3401]
2019-08-23 07:09:07,116 | INFO  | DNAudit | user=null | ip=null | op=PUT_BLOCK {blockData=[blockId=conID: 3 locID: 102665037224411711 bcsId: 0,size=1048576]} | ret=SUCCESS |  
2019-08-23 07:09:07,116 | INFO  | DNAudit | user=null | ip=null | op=PUT_BLOCK {blockData=[blockId=conID: 3 locID: 102665037224411711 bcsId: 0,size=1048576]} | ret=SUCCESS |  
2019-08-23 07:09:07,117 [grpc-default-executor-2] INFO  client.GrpcClientProtocolClient (GrpcClientProtocolClient.java:onNext(255)) - client-D91E5D1E15CE->f2ba01fc-a63e-4348-bd18-030b60a135e7: receive RaftClientReply:client-D91E5D1E15CE->f2ba01fc-a63e-4348-bd18-030b60a135e7@group-C8C62FEF0626, cid=2312, SUCCESS, logIndex=0, commits[f2ba01fc-a63e-4348-bd18-030b60a135e7:c3407, eab135d4-a257-4705-b491-6c056b8c5df7:c3403, a4f67574-9018-43e7-8a54-351e98dc3d0a:c3403]
2019-08-23 07:09:07,117 | INFO  | DNAudit | user=null | ip=null | op=WRITE_CHUNK {blockData=conID: 3 locID: 102665037224411711 bcsId: 0} | ret=SUCCESS |  
2019-08-23 07:09:07,118 | INFO  | DNAudit | user=null | ip=null | op=WRITE_CHUNK {blockData=conID: 3 locID: 102665037224411711 bcsId: 0} | ret=SUCCESS |  
2019-08-23 07:09:07,118 | INFO  | DNAudit | user=null | ip=null | op=PUT_BLOCK {blockData=[blockId=conID: 3 locID: 102665037224411711 bcsId: 0,size=2097152]} | ret=SUCCESS |  
2019-08-23 07:09:07,118 | INFO  | DNAudit | user=null | ip=null | op=PUT_BLOCK {blockData=[blockId=conID: 3 locID: 102665037224411711 bcsId: 0,size=2097152]} | ret=SUCCESS |  
2019-08-23 07:09:07,122 | INFO  | DNAudit | user=null | ip=null | op=WRITE_CHUNK {blockData=conID: 3 locID: 102665037224411711 bcsId: 3405} | ret=SUCCESS |  
2019-08-23 07:09:07,124 | INFO  | DNAudit | user=null | ip=null | op=WRITE_CHUNK {blockData=conID: 3 locID: 102665037224411711 bcsId: 3405} | ret=SUCCESS |  
2019-08-23 07:09:07,124 | INFO  | DNAudit | user=null | ip=null | op=WRITE_CHUNK {blockData=conID: 3 locID: 102665037224411711 bcsId: 3405} | ret=SUCCESS |  
2019-08-23 07:09:07,142 | INFO  | DNAudit | user=null | ip=null | op=WRITE_CHUNK {blockData=conID: 3 locID: 102665037224411711 bcsId: 3405} | ret=SUCCESS |  
2019-08-23 07:09:07,142 | INFO  | DNAudit | user=null | ip=null | op=PUT_BLOCK {blockData=[blockId=conID: 3 locID: 102665037224411711 bcsId: 0,size=3145728]} | ret=SUCCESS |  
2019-08-23 07:09:07,142 [grpc-default-executor-4] INFO  client.GrpcClientProtocolClient (GrpcClientProtocolClient.java:onNext(255)) - client-D91E5D1E15CE->f2ba01fc-a63e-4348-bd18-030b60a135e7: receive RaftClientReply:client-D91E5D1E15CE->f2ba01fc-a63e-4348-bd18-030b60a135e7@group-C8C62FEF0626, cid=2313, SUCCESS, logIndex=3410, commits[f2ba01fc-a63e-4348-bd18-030b60a135e7:c3411, eab135d4-a257-4705-b491-6c056b8c5df7:c3409, a4f67574-9018-43e7-8a54-351e98dc3d0a:c3409]
2019-08-23 07:09:07,143 [grpc-default-executor-4] INFO  client.GrpcClientProtocolClient (GrpcClientProtocolClient.java:onNext(255)) - client-D91E5D1E15CE->f2ba01fc-a63e-4348-bd18-030b60a135e7: receive RaftClientReply:client-D91E5D1E15CE->f2ba01fc-a63e-4348-bd18-030b60a135e7@group-C8C62FEF0626, cid=2314, SUCCESS, logIndex=3411, commits[f2ba01fc-a63e-4348-bd18-030b60a135e7:c3411, eab135d4-a257-4705-b491-6c056b8c5df7:c3409, a4f67574-9018-43e7-8a54-351e98dc3d0a:c3409]
2019-08-23 07:09:07,147 | INFO  | SCMAudit | user=jenkins1000 | ip=192.168.5.178 | op=SEND_HEARTBEAT {datanodeUUID=b7d3ecaa-ab76-49a0-b691-40b7e1ed625a, command=[]} | ret=SUCCESS |  
2019-08-23 07:09:07,148 | INFO  | DNAudit | user=null | ip=null | op=WRITE_CHUNK {blockData=conID: 3 locID: 102665037224411711 bcsId: 3411} | ret=SUCCESS |  
2019-08-23 07:09:07,150 | INFO  | DNAudit | user=null | ip=null | op=WRITE_CHUNK {blockData=conID: 3 locID: 102665037224411711 bcsId: 3411} | ret=SUCCESS |  
2019-08-23 07:09:07,150 | INFO  | DNAudit | user=null | ip=null | op=WRITE_CHUNK {blockData=conID: 3 locID: 102665037224411711 bcsId: 3411} | ret=SUCCESS |  
2019-08-23 07:09:07,154 | INFO  | DNAudit | user=null | ip=null | op=WRITE_CHUNK {blockData=conID: 3 locID: 102665037224411711 bcsId: 3405} | ret=SUCCESS |  
2019-08-23 07:09:07,154 | INFO  | DNAudit | user=null | ip=null | op=WRITE_CHUNK {blockData=conID: 3 locID: 102665037224411711 bcsId: 3405} | ret=SUCCESS |  
2019-08-23 07:09:07,155 | INFO  | DNAudit | user=null | ip=null | op=PUT_BLOCK {blockData=[blockId=conID: 3 locID: 102665037224411711 bcsId: 0,size=3145728]} | ret=SUCCESS |  
2019-08-23 07:09:07,155 | INFO  | DNAudit | user=null | ip=null | op=PUT_BLOCK {blockData=[blockId=conID: 3 locID: 102665037224411711 bcsId: 0,size=3145728]} | ret=SUCCESS |  
2019-08-23 07:09:07,156 | INFO  | DNAudit | user=null | ip=null | op=WRITE_CHUNK {blockData=conID: 3 locID: 102665037224411711 bcsId: 3411} | ret=SUCCESS |  
2019-08-23 07:09:07,156 | INFO  | DNAudit | user=null | ip=null | op=PUT_BLOCK {blockData=[blockId=conID: 3 locID: 102665037224411711 bcsId: 0,size=4194304]} | ret=SUCCESS |  
2019-08-23 07:09:07,156 [grpc-default-executor-6] INFO  client.GrpcClientProtocolClient (GrpcClientProtocolClient.java:onNext(255)) - client-D91E5D1E15CE->f2ba01fc-a63e-4348-bd18-030b60a135e7: receive RaftClientReply:client-D91E5D1E15CE->f2ba01fc-a63e-4348-bd18-030b60a135e7@group-C8C62FEF0626, cid=2315, SUCCESS, logIndex=3414, commits[f2ba01fc-a63e-4348-bd18-030b60a135e7:c3414, eab135d4-a257-4705-b491-6c056b8c5df7:c3411, a4f67574-9018-43e7-8a54-351e98dc3d0a:c3411]
2019-08-23 07:09:07,156 [grpc-default-executor-6] INFO  client.GrpcClientProtocolClient (GrpcClientProtocolClient.java:onNext(255)) - client-D91E5D1E15CE->f2ba01fc-a63e-4348-bd18-030b60a135e7: receive RaftClientReply:client-D91E5D1E15CE->f2ba01fc-a63e-4348-bd18-030b60a135e7@group-C8C62FEF0626, cid=2316, SUCCESS, logIndex=3415, commits[f2ba01fc-a63e-4348-bd18-030b60a135e7:c3415, eab135d4-a257-4705-b491-6c056b8c5df7:c3411, a4f67574-9018-43e7-8a54-351e98dc3d0a:c3411]
2019-08-23 07:09:07,167 | INFO  | DNAudit | user=null | ip=null | op=WRITE_CHUNK {blockData=conID: 3 locID: 102665037224411711 bcsId: 3411} | ret=SUCCESS |  
2019-08-23 07:09:07,168 | INFO  | DNAudit | user=null | ip=null | op=WRITE_CHUNK {blockData=conID: 3 locID: 102665037224411711 bcsId: 3411} | ret=SUCCESS |  
2019-08-23 07:09:07,170 | INFO  | DNAudit | user=null | ip=null | op=PUT_BLOCK {blockData=[blockId=conID: 3 locID: 102665037224411711 bcsId: 0,size=4194304]} | ret=SUCCESS |  
2019-08-23 07:09:07,170 | INFO  | DNAudit | user=null | ip=null | op=PUT_BLOCK {blockData=[blockId=conID: 3 locID: 102665037224411711 bcsId: 0,size=4194304]} | ret=SUCCESS |  
2019-08-23 07:09:07,170 [grpc-default-executor-3] INFO  client.GrpcClientProtocolClient (GrpcClientProtocolClient.java:onNext(255)) - client-D91E5D1E15CE->f2ba01fc-a63e-4348-bd18-030b60a135e7: receive RaftClientReply:client-D91E5D1E15CE->f2ba01fc-a63e-4348-bd18-030b60a135e7@group-C8C62FEF0626, cid=2317, SUCCESS, logIndex=0, commits[f2ba01fc-a63e-4348-bd18-030b60a135e7:c3417, eab135d4-a257-4705-b491-6c056b8c5df7:c3415, a4f67574-9018-43e7-8a54-351e98dc3d0a:c3415]
2019-08-23 07:09:07,174 | INFO  | SCMAudit | user=jenkins1000 | ip=192.168.5.178 | op=ALLOCATE_BLOCK {owner=aaf04d22-10dd-4717-8862-c651bdde72cf, size=4194304, type=RATIS, factor=THREE} | ret=SUCCESS |  
2019-08-23 07:09:07,177 | INFO  | OMAudit | user=jenkins1000 | ip=127.0.0.1 | op=ALLOCATE_BLOCK {volume=vol-0-67663, bucket=bucket-0-68950, key=key-0-26970, dataSize=0, replicationType=null, replicationFactor=null, keyLocationInfo=null, clientID=102665036030476690} | ret=SUCCESS |  
2019-08-23 07:09:07,181 | INFO  | DNAudit | user=null | ip=null | op=WRITE_CHUNK {blockData=conID: 1 locID: 102665037229195840 bcsId: 0} | ret=SUCCESS |  
2019-08-23 07:09:07,184 | INFO  | DNAudit | user=null | ip=null | op=WRITE_CHUNK {blockData=conID: 1 locID: 102665037229195840 bcsId: 0} | ret=SUCCESS |  
2019-08-23 07:09:07,184 | INFO  | DNAudit | user=null | ip=null | op=WRITE_CHUNK {blockData=conID: 1 locID: 102665037229195840 bcsId: 0} | ret=SUCCESS |  
2019-08-23 07:09:07,185 | INFO  | DNAudit | user=null | ip=null | op=WRITE_CHUNK {blockData=conID: 1 locID: 102665037229195840 bcsId: 0} | ret=SUCCESS |  
2019-08-23 07:09:07,185 | INFO  | DNAudit | user=null | ip=null | op=WRITE_CHUNK {blockData=conID: 1 locID: 102665037229195840 bcsId: 0} | ret=SUCCESS |  
2019-08-23 07:09:07,185 | INFO  | DNAudit | user=null | ip=null | op=WRITE_CHUNK {blockData=conID: 1 locID: 102665037229195840 bcsId: 0} | ret=SUCCESS |  
2019-08-23 07:09:07,194 | INFO  | DNAudit | user=null | ip=null | op=WRITE_CHUNK {blockData=conID: 1 locID: 102665037229195840 bcsId: 0} | ret=SUCCESS |  
2019-08-23 07:09:07,194 | INFO  | DNAudit | user=null | ip=null | op=PUT_BLOCK {blockData=[blockId=conID: 1 locID: 102665037229195840 bcsId: 0,size=1048576]} | ret=SUCCESS |  
2019-08-23 07:09:07,194 [grpc-default-executor-6] INFO  client.GrpcClientProtocolClient (GrpcClientProtocolClient.java:onNext(255)) - client-D91E5D1E15CE->f2ba01fc-a63e-4348-bd18-030b60a135e7: receive RaftClientReply:client-D91E5D1E15CE->f2ba01fc-a63e-4348-bd18-030b60a135e7@group-C8C62FEF0626, cid=2318, SUCCESS, logIndex=3418, commits[f2ba01fc-a63e-4348-bd18-030b60a135e7:c3420, eab135d4-a257-4705-b491-6c056b8c5df7:c3417, a4f67574-9018-43e7-8a54-351e98dc3d0a:c3417]
2019-08-23 07:09:07,195 | INFO  | DNAudit | user=null | ip=null | op=WRITE_CHUNK {blockData=conID: 1 locID: 102665037229195840 bcsId: 0} | ret=SUCCESS |  
2019-08-23 07:09:07,195 | INFO  | DNAudit | user=null | ip=null | op=PUT_BLOCK {blockData=[blockId=conID: 1 locID: 102665037229195840 bcsId: 0,size=2097152]} | ret=SUCCESS |  
2019-08-23 07:09:07,195 [grpc-default-executor-6] INFO  client.GrpcClientProtocolClient (GrpcClientProtocolClient.java:onNext(255)) - client-D91E5D1E15CE->f2ba01fc-a63e-4348-bd18-030b60a135e7: receive RaftClientReply:client-D91E5D1E15CE->f2ba01fc-a63e-4348-bd18-030b60a135e7@group-C8C62FEF0626, cid=2319, SUCCESS, logIndex=3419, commits[f2ba01fc-a63e-4348-bd18-030b60a135e7:c3421, eab135d4-a257-4705-b491-6c056b8c5df7:c3417, a4f67574-9018-43e7-8a54-351e98dc3d0a:c3417]
2019-08-23 07:09:07,195 [grpc-default-executor-6] INFO  client.GrpcClientProtocolClient (GrpcClientProtocolClient.java:onNext(255)) - client-D91E5D1E15CE->f2ba01fc-a63e-4348-bd18-030b60a135e7: receive RaftClientReply:client-D91E5D1E15CE->f2ba01fc-a63e-4348-bd18-030b60a135e7@group-C8C62FEF0626, cid=2320, SUCCESS, logIndex=3420, commits[f2ba01fc-a63e-4348-bd18-030b60a135e7:c3421, eab135d4-a257-4705-b491-6c056b8c5df7:c3417, a4f67574-9018-43e7-8a54-351e98dc3d0a:c3417]
2019-08-23 07:09:07,195 [grpc-default-executor-6] INFO  client.GrpcClientProtocolClient (GrpcClientProtocolClient.java:onNext(255)) - client-D91E5D1E15CE->f2ba01fc-a63e-4348-bd18-030b60a135e7: receive RaftClientReply:client-D91E5D1E15CE->f2ba01fc-a63e-4348-bd18-030b60a135e7@group-C8C62FEF0626, cid=2321, SUCCESS, logIndex=3421, commits[f2ba01fc-a63e-4348-bd18-030b60a135e7:c3421, eab135d4-a257-4705-b491-6c056b8c5df7:c3417, a4f67574-9018-43e7-8a54-351e98dc3d0a:c3417]
2019-08-23 07:09:07,197 | INFO  | DNAudit | user=null | ip=null | op=WRITE_CHUNK {blockData=conID: 1 locID: 102665037229195840 bcsId: 0} | ret=SUCCESS |  
2019-08-23 07:09:07,197 | INFO  | DNAudit | user=null | ip=null | op=WRITE_CHUNK {blockData=conID: 1 locID: 102665037229195840 bcsId: 0} | ret=SUCCESS |  
2019-08-23 07:09:07,208 | INFO  | DNAudit | user=null | ip=null | op=PUT_BLOCK {blockData=[blockId=conID: 1 locID: 102665037229195840 bcsId: 0,size=1048576]} | ret=SUCCESS |  
2019-08-23 07:09:07,208 | INFO  | DNAudit | user=null | ip=null | op=PUT_BLOCK {blockData=[blockId=conID: 1 locID: 102665037229195840 bcsId: 0,size=1048576]} | ret=SUCCESS |  
2019-08-23 07:09:07,208 | INFO  | DNAudit | user=null | ip=null | op=WRITE_CHUNK {blockData=conID: 1 locID: 102665037229195840 bcsId: 0} | ret=SUCCESS |  
2019-08-23 07:09:07,208 | INFO  | DNAudit | user=null | ip=null | op=PUT_BLOCK {blockData=[blockId=conID: 1 locID: 102665037229195840 bcsId: 0,size=2097152]} | ret=SUCCESS |  
2019-08-23 07:09:07,208 | INFO  | DNAudit | user=null | ip=null | op=WRITE_CHUNK {blockData=conID: 1 locID: 102665037229195840 bcsId: 0} | ret=SUCCESS |  
2019-08-23 07:09:07,209 [grpc-default-executor-3] INFO  client.GrpcClientProtocolClient (GrpcClientProtocolClient.java:onNext(255)) - client-D91E5D1E15CE->f2ba01fc-a63e-4348-bd18-030b60a135e7: receive RaftClientReply:client-D91E5D1E15CE->f2ba01fc-a63e-4348-bd18-030b60a135e7@group-C8C62FEF0626, cid=2322, SUCCESS, logIndex=0, commits[f2ba01fc-a63e-4348-bd18-030b60a135e7:c3423, eab135d4-a257-4705-b491-6c056b8c5df7:c3419, a4f67574-9018-43e7-8a54-351e98dc3d0a:c3419]
2019-08-23 07:09:07,209 | INFO  | DNAudit | user=null | ip=null | op=PUT_BLOCK {blockData=[blockId=conID: 1 locID: 102665037229195840 bcsId: 0,size=2097152]} | ret=SUCCESS |  
2019-08-23 07:09:07,214 | INFO  | DNAudit | user=null | ip=null | op=WRITE_CHUNK {blockData=conID: 1 locID: 102665037229195840 bcsId: 3421} | ret=SUCCESS |  
2019-08-23 07:09:07,215 | INFO  | DNAudit | user=null | ip=null | op=WRITE_CHUNK {blockData=conID: 1 locID: 102665037229195840 bcsId: 3421} | ret=SUCCESS |  
2019-08-23 07:09:07,216 | INFO  | DNAudit | user=null | ip=null | op=WRITE_CHUNK {blockData=conID: 1 locID: 102665037229195840 bcsId: 3421} | ret=SUCCESS |  
2019-08-23 07:09:07,227 | INFO  | DNAudit | user=null | ip=null | op=WRITE_CHUNK {blockData=conID: 1 locID: 102665037229195840 bcsId: 3421} | ret=SUCCESS |  
2019-08-23 07:09:07,228 | INFO  | DNAudit | user=null | ip=null | op=PUT_BLOCK {blockData=[blockId=conID: 1 locID: 102665037229195840 bcsId: 0,size=3145728]} | ret=SUCCESS |  
2019-08-23 07:09:07,228 [grpc-default-executor-3] INFO  client.GrpcClientProtocolClient (GrpcClientProtocolClient.java:onNext(255)) - client-D91E5D1E15CE->f2ba01fc-a63e-4348-bd18-030b60a135e7: receive RaftClientReply:client-D91E5D1E15CE->f2ba01fc-a63e-4348-bd18-030b60a135e7@group-C8C62FEF0626, cid=2323, SUCCESS, logIndex=3426, commits[f2ba01fc-a63e-4348-bd18-030b60a135e7:c3427, eab135d4-a257-4705-b491-6c056b8c5df7:c3425, a4f67574-9018-43e7-8a54-351e98dc3d0a:c3421]
2019-08-23 07:09:07,229 [grpc-default-executor-3] INFO  client.GrpcClientProtocolClient (GrpcClientProtocolClient.java:onNext(255)) - client-D91E5D1E15CE->f2ba01fc-a63e-4348-bd18-030b60a135e7: receive RaftClientReply:client-D91E5D1E15CE->f2ba01fc-a63e-4348-bd18-030b60a135e7@group-C8C62FEF0626, cid=2324, SUCCESS, logIndex=3427, commits[f2ba01fc-a63e-4348-bd18-030b60a135e7:c3427, eab135d4-a257-4705-b491-6c056b8c5df7:c3425, a4f67574-9018-43e7-8a54-351e98dc3d0a:c3425]
2019-08-23 07:09:07,235 | INFO  | DNAudit | user=null | ip=null | op=WRITE_CHUNK {blockData=conID: 1 locID: 102665037229195840 bcsId: 3427} | ret=SUCCESS |  
2019-08-23 07:09:07,237 | INFO  | DNAudit | user=null | ip=null | op=WRITE_CHUNK {blockData=conID: 1 locID: 102665037229195840 bcsId: 3427} | ret=SUCCESS |  
2019-08-23 07:09:07,237 | INFO  | DNAudit | user=null | ip=null | op=WRITE_CHUNK {blockData=conID: 1 locID: 102665037229195840 bcsId: 3427} | ret=SUCCESS |  
2019-08-23 07:09:07,239 | INFO  | DNAudit | user=null | ip=null | op=WRITE_CHUNK {blockData=conID: 1 locID: 102665037229195840 bcsId: 3421} | ret=SUCCESS |  
2019-08-23 07:09:07,239 | INFO  | DNAudit | user=null | ip=null | op=WRITE_CHUNK {blockData=conID: 1 locID: 102665037229195840 bcsId: 3421} | ret=SUCCESS |  
2019-08-23 07:09:07,239 | INFO  | DNAudit | user=null | ip=null | op=PUT_BLOCK {blockData=[blockId=conID: 1 locID: 102665037229195840 bcsId: 0,size=3145728]} | ret=SUCCESS |  
2019-08-23 07:09:07,239 | INFO  | DNAudit | user=null | ip=null | op=PUT_BLOCK {blockData=[blockId=conID: 1 locID: 102665037229195840 bcsId: 0,size=3145728]} | ret=SUCCESS |  
2019-08-23 07:09:07,243 | INFO  | DNAudit | user=null | ip=null | op=WRITE_CHUNK {blockData=conID: 1 locID: 102665037229195840 bcsId: 3427} | ret=SUCCESS |  
2019-08-23 07:09:07,243 | INFO  | DNAudit | user=null | ip=null | op=PUT_BLOCK {blockData=[blockId=conID: 1 locID: 102665037229195840 bcsId: 0,size=4194304]} | ret=SUCCESS |  
2019-08-23 07:09:07,243 [grpc-default-executor-4] INFO  client.GrpcClientProtocolClient (GrpcClientProtocolClient.java:onNext(255)) - client-D91E5D1E15CE->f2ba01fc-a63e-4348-bd18-030b60a135e7: receive RaftClientReply:client-D91E5D1E15CE->f2ba01fc-a63e-4348-bd18-030b60a135e7@group-C8C62FEF0626, cid=2325, SUCCESS, logIndex=3430, commits[f2ba01fc-a63e-4348-bd18-030b60a135e7:c3430, eab135d4-a257-4705-b491-6c056b8c5df7:c3427, a4f67574-9018-43e7-8a54-351e98dc3d0a:c3427]
2019-08-23 07:09:07,244 [grpc-default-executor-4] INFO  client.GrpcClientProtocolClient (GrpcClientProtocolClient.java:onNext(255)) - client-D91E5D1E15CE->f2ba01fc-a63e-4348-bd18-030b60a135e7: receive RaftClientReply:client-D91E5D1E15CE->f2ba01fc-a63e-4348-bd18-030b60a135e7@group-C8C62FEF0626, cid=2326, SUCCESS, logIndex=3431, commits[f2ba01fc-a63e-4348-bd18-030b60a135e7:c3431, eab135d4-a257-4705-b491-6c056b8c5df7:c3427, a4f67574-9018-43e7-8a54-351e98dc3d0a:c3427]
2019-08-23 07:09:07,254 | INFO  | DNAudit | user=null | ip=null | op=WRITE_CHUNK {blockData=conID: 1 locID: 102665037229195840 bcsId: 3427} | ret=SUCCESS |  
2019-08-23 07:09:07,254 | INFO  | DNAudit | user=null | ip=null | op=WRITE_CHUNK {blockData=conID: 1 locID: 102665037229195840 bcsId: 3427} | ret=SUCCESS |  
2019-08-23 07:09:07,257 | INFO  | DNAudit | user=null | ip=null | op=PUT_BLOCK {blockData=[blockId=conID: 1 locID: 102665037229195840 bcsId: 0,size=4194304]} | ret=SUCCESS |  
2019-08-23 07:09:07,257 | INFO  | DNAudit | user=null | ip=null | op=PUT_BLOCK {blockData=[blockId=conID: 1 locID: 102665037229195840 bcsId: 0,size=4194304]} | ret=SUCCESS |  
2019-08-23 07:09:07,258 [grpc-default-executor-4] INFO  client.GrpcClientProtocolClient (GrpcClientProtocolClient.java:onNext(255)) - client-D91E5D1E15CE->f2ba01fc-a63e-4348-bd18-030b60a135e7: receive RaftClientReply:client-D91E5D1E15CE->f2ba01fc-a63e-4348-bd18-030b60a135e7@group-C8C62FEF0626, cid=2327, SUCCESS, logIndex=0, commits[f2ba01fc-a63e-4348-bd18-030b60a135e7:c3433, eab135d4-a257-4705-b491-6c056b8c5df7:c3431, a4f67574-9018-43e7-8a54-351e98dc3d0a:c3431]
2019-08-23 07:09:07,264 | INFO  | SCMAudit | user=jenkins1000 | ip=192.168.5.178 | op=ALLOCATE_BLOCK {owner=aaf04d22-10dd-4717-8862-c651bdde72cf, size=4194304, type=RATIS, factor=THREE} | ret=SUCCESS |  
2019-08-23 07:09:07,268 | INFO  | OMAudit | user=jenkins1000 | ip=127.0.0.1 | op=ALLOCATE_BLOCK {volume=vol-0-67663, bucket=bucket-0-68950, key=key-0-26970, dataSize=0, replicationType=null, replicationFactor=null, keyLocationInfo=null, clientID=102665036030476690} | ret=SUCCESS |  
2019-08-23 07:09:07,274 | INFO  | DNAudit | user=null | ip=null | op=WRITE_CHUNK {blockData=conID: 2 locID: 102665037235094081 bcsId: 0} | ret=SUCCESS |  
2019-08-23 07:09:07,276 | INFO  | DNAudit | user=null | ip=null | op=WRITE_CHUNK {blockData=conID: 2 locID: 102665037235094081 bcsId: 0} | ret=SUCCESS |  
2019-08-23 07:09:07,276 | INFO  | DNAudit | user=null | ip=null | op=WRITE_CHUNK {blockData=conID: 2 locID: 102665037235094081 bcsId: 0} | ret=SUCCESS |  
2019-08-23 07:09:07,277 | INFO  | DNAudit | user=null | ip=null | op=WRITE_CHUNK {blockData=conID: 2 locID: 102665037235094081 bcsId: 0} | ret=SUCCESS |  
2019-08-23 07:09:07,278 | INFO  | DNAudit | user=null | ip=null | op=WRITE_CHUNK {blockData=conID: 2 locID: 102665037235094081 bcsId: 0} | ret=SUCCESS |  
2019-08-23 07:09:07,278 | INFO  | DNAudit | user=null | ip=null | op=WRITE_CHUNK {blockData=conID: 2 locID: 102665037235094081 bcsId: 0} | ret=SUCCESS |  
2019-08-23 07:09:07,287 | INFO  | DNAudit | user=null | ip=null | op=WRITE_CHUNK {blockData=conID: 2 locID: 102665037235094081 bcsId: 0} | ret=SUCCESS |  
2019-08-23 07:09:07,287 | INFO  | DNAudit | user=null | ip=null | op=PUT_BLOCK {blockData=[blockId=conID: 2 locID: 102665037235094081 bcsId: 0,size=1048576]} | ret=SUCCESS |  
2019-08-23 07:09:07,288 | INFO  | DNAudit | user=null | ip=null | op=WRITE_CHUNK {blockData=conID: 2 locID: 102665037235094081 bcsId: 0} | ret=SUCCESS |  
2019-08-23 07:09:07,288 [grpc-default-executor-3] INFO  client.GrpcClientProtocolClient (GrpcClientProtocolClient.java:onNext(255)) - client-D91E5D1E15CE->f2ba01fc-a63e-4348-bd18-030b60a135e7: receive RaftClientReply:client-D91E5D1E15CE->f2ba01fc-a63e-4348-bd18-030b60a135e7@group-C8C62FEF0626, cid=2328, SUCCESS, logIndex=3434, commits[f2ba01fc-a63e-4348-bd18-030b60a135e7:c3435, eab135d4-a257-4705-b491-6c056b8c5df7:c3433, a4f67574-9018-43e7-8a54-351e98dc3d0a:c3433]
2019-08-23 07:09:07,288 | INFO  | DNAudit | user=null | ip=null | op=PUT_BLOCK {blockData=[blockId=conID: 2 locID: 102665037235094081 bcsId: 0,size=2097152]} | ret=SUCCESS |  
2019-08-23 07:09:07,288 [grpc-default-executor-3] INFO  client.GrpcClientProtocolClient (GrpcClientProtocolClient.java:onNext(255)) - client-D91E5D1E15CE->f2ba01fc-a63e-4348-bd18-030b60a135e7: receive RaftClientReply:client-D91E5D1E15CE->f2ba01fc-a63e-4348-bd18-030b60a135e7@group-C8C62FEF0626, cid=2329, SUCCESS, logIndex=3435, commits[f2ba01fc-a63e-4348-bd18-030b60a135e7:c3437, eab135d4-a257-4705-b491-6c056b8c5df7:c3433, a4f67574-9018-43e7-8a54-351e98dc3d0a:c3433]
2019-08-23 07:09:07,289 [grpc-default-executor-3] INFO  client.GrpcClientProtocolClient (GrpcClientProtocolClient.java:onNext(255)) - client-D91E5D1E15CE->f2ba01fc-a63e-4348-bd18-030b60a135e7: receive RaftClientReply:client-D91E5D1E15CE->f2ba01fc-a63e-4348-bd18-030b60a135e7@group-C8C62FEF0626, cid=2330, SUCCESS, logIndex=3436, commits[f2ba01fc-a63e-4348-bd18-030b60a135e7:c3437, eab135d4-a257-4705-b491-6c056b8c5df7:c3433, a4f67574-9018-43e7-8a54-351e98dc3d0a:c3433]
2019-08-23 07:09:07,289 | INFO  | DNAudit | user=null | ip=null | op=WRITE_CHUNK {blockData=conID: 2 locID: 102665037235094081 bcsId: 0} | ret=SUCCESS |  
2019-08-23 07:09:07,289 | INFO  | DNAudit | user=null | ip=null | op=WRITE_CHUNK {blockData=conID: 2 locID: 102665037235094081 bcsId: 0} | ret=SUCCESS |  
2019-08-23 07:09:07,289 [grpc-default-executor-3] INFO  client.GrpcClientProtocolClient (GrpcClientProtocolClient.java:onNext(255)) - client-D91E5D1E15CE->f2ba01fc-a63e-4348-bd18-030b60a135e7: receive RaftClientReply:client-D91E5D1E15CE->f2ba01fc-a63e-4348-bd18-030b60a135e7@group-C8C62FEF0626, cid=2331, SUCCESS, logIndex=3437, commits[f2ba01fc-a63e-4348-bd18-030b60a135e7:c3437, eab135d4-a257-4705-b491-6c056b8c5df7:c3433, a4f67574-9018-43e7-8a54-351e98dc3d0a:c3433]
2019-08-23 07:09:07,289 | INFO  | DNAudit | user=null | ip=null | op=PUT_BLOCK {blockData=[blockId=conID: 2 locID: 102665037235094081 bcsId: 0,size=1048576]} | ret=SUCCESS |  
2019-08-23 07:09:07,289 | INFO  | DNAudit | user=null | ip=null | op=PUT_BLOCK {blockData=[blockId=conID: 2 locID: 102665037235094081 bcsId: 0,size=1048576]} | ret=SUCCESS |  
2019-08-23 07:09:07,290 [grpc-default-executor-6] INFO  client.GrpcClientProtocolClient (GrpcClientProtocolClient.java:onNext(255)) - client-D91E5D1E15CE->f2ba01fc-a63e-4348-bd18-030b60a135e7: receive RaftClientReply:client-D91E5D1E15CE->f2ba01fc-a63e-4348-bd18-030b60a135e7@group-C8C62FEF0626, cid=2332, SUCCESS, logIndex=0, commits[f2ba01fc-a63e-4348-bd18-030b60a135e7:c3439, eab135d4-a257-4705-b491-6c056b8c5df7:c3435, a4f67574-9018-43e7-8a54-351e98dc3d0a:c3435]
2019-08-23 07:09:07,291 | INFO  | DNAudit | user=null | ip=null | op=WRITE_CHUNK {blockData=conID: 2 locID: 102665037235094081 bcsId: 0} | ret=SUCCESS |  
2019-08-23 07:09:07,291 | INFO  | DNAudit | user=null | ip=null | op=PUT_BLOCK {blockData=[blockId=conID: 2 locID: 102665037235094081 bcsId: 0,size=2097152]} | ret=SUCCESS |  
2019-08-23 07:09:07,291 | INFO  | DNAudit | user=null | ip=null | op=WRITE_CHUNK {blockData=conID: 2 locID: 102665037235094081 bcsId: 0} | ret=SUCCESS |  
2019-08-23 07:09:07,292 | INFO  | DNAudit | user=null | ip=null | op=PUT_BLOCK {blockData=[blockId=conID: 2 locID: 102665037235094081 bcsId: 0,size=2097152]} | ret=SUCCESS |  
2019-08-23 07:09:07,296 | INFO  | DNAudit | user=null | ip=null | op=WRITE_CHUNK {blockData=conID: 2 locID: 102665037235094081 bcsId: 3437} | ret=SUCCESS |  
2019-08-23 07:09:07,298 | INFO  | DNAudit | user=null | ip=null | op=WRITE_CHUNK {blockData=conID: 2 locID: 102665037235094081 bcsId: 3437} | ret=SUCCESS |  
2019-08-23 07:09:07,298 | INFO  | DNAudit | user=null | ip=null | op=WRITE_CHUNK {blockData=conID: 2 locID: 102665037235094081 bcsId: 3437} | ret=SUCCESS |  
2019-08-23 07:09:07,309 | INFO  | DNAudit | user=null | ip=null | op=WRITE_CHUNK {blockData=conID: 2 locID: 102665037235094081 bcsId: 3437} | ret=SUCCESS |  
2019-08-23 07:09:07,309 | INFO  | DNAudit | user=null | ip=null | op=PUT_BLOCK {blockData=[blockId=conID: 2 locID: 102665037235094081 bcsId: 0,size=3145728]} | ret=SUCCESS |  
2019-08-23 07:09:07,309 [grpc-default-executor-6] INFO  client.GrpcClientProtocolClient (GrpcClientProtocolClient.java:onNext(255)) - client-D91E5D1E15CE->f2ba01fc-a63e-4348-bd18-030b60a135e7: receive RaftClientReply:client-D91E5D1E15CE->f2ba01fc-a63e-4348-bd18-030b60a135e7@group-C8C62FEF0626, cid=2333, SUCCESS, logIndex=3441, commits[f2ba01fc-a63e-4348-bd18-030b60a135e7:c3442, eab135d4-a257-4705-b491-6c056b8c5df7:c3437, a4f67574-9018-43e7-8a54-351e98dc3d0a:c3440]
2019-08-23 07:09:07,310 [grpc-default-executor-6] INFO  client.GrpcClientProtocolClient (GrpcClientProtocolClient.java:onNext(255)) - client-D91E5D1E15CE->f2ba01fc-a63e-4348-bd18-030b60a135e7: receive RaftClientReply:client-D91E5D1E15CE->f2ba01fc-a63e-4348-bd18-030b60a135e7@group-C8C62FEF0626, cid=2334, SUCCESS, logIndex=3442, commits[f2ba01fc-a63e-4348-bd18-030b60a135e7:c3442, eab135d4-a257-4705-b491-6c056b8c5df7:c3440, a4f67574-9018-43e7-8a54-351e98dc3d0a:c3440]
2019-08-23 07:09:07,315 | INFO  | DNAudit | user=null | ip=null | op=WRITE_CHUNK {blockData=conID: 2 locID: 102665037235094081 bcsId: 3442} | ret=SUCCESS |  
2019-08-23 07:09:07,318 | INFO  | DNAudit | user=null | ip=null | op=WRITE_CHUNK {blockData=conID: 2 locID: 102665037235094081 bcsId: 3442} | ret=SUCCESS |  
2019-08-23 07:09:07,318 | INFO  | DNAudit | user=null | ip=null | op=WRITE_CHUNK {blockData=conID: 2 locID: 102665037235094081 bcsId: 3442} | ret=SUCCESS |  
2019-08-23 07:09:07,320 | INFO  | DNAudit | user=null | ip=null | op=WRITE_CHUNK {blockData=conID: 2 locID: 102665037235094081 bcsId: 3437} | ret=SUCCESS |  
2019-08-23 07:09:07,321 | INFO  | DNAudit | user=null | ip=null | op=WRITE_CHUNK {blockData=conID: 2 locID: 102665037235094081 bcsId: 3437} | ret=SUCCESS |  
2019-08-23 07:09:07,321 | INFO  | DNAudit | user=null | ip=null | op=PUT_BLOCK {blockData=[blockId=conID: 2 locID: 102665037235094081 bcsId: 0,size=3145728]} | ret=SUCCESS |  
2019-08-23 07:09:07,321 | INFO  | DNAudit | user=null | ip=null | op=PUT_BLOCK {blockData=[blockId=conID: 2 locID: 102665037235094081 bcsId: 0,size=3145728]} | ret=SUCCESS |  
2019-08-23 07:09:07,323 | INFO  | DNAudit | user=null | ip=null | op=WRITE_CHUNK {blockData=conID: 2 locID: 102665037235094081 bcsId: 3442} | ret=SUCCESS |  
2019-08-23 07:09:07,323 | INFO  | DNAudit | user=null | ip=null | op=PUT_BLOCK {blockData=[blockId=conID: 2 locID: 102665037235094081 bcsId: 0,size=4194304]} | ret=SUCCESS |  
2019-08-23 07:09:07,324 [grpc-default-executor-3] INFO  client.GrpcClientProtocolClient (GrpcClientProtocolClient.java:onNext(255)) - client-D91E5D1E15CE->f2ba01fc-a63e-4348-bd18-030b60a135e7: receive RaftClientReply:client-D91E5D1E15CE->f2ba01fc-a63e-4348-bd18-030b60a135e7@group-C8C62FEF0626, cid=2335, SUCCESS, logIndex=3445, commits[f2ba01fc-a63e-4348-bd18-030b60a135e7:c3446, eab135d4-a257-4705-b491-6c056b8c5df7:c3442, a4f67574-9018-43e7-8a54-351e98dc3d0a:c3442]
2019-08-23 07:09:07,324 [grpc-default-executor-3] INFO  client.GrpcClientProtocolClient (GrpcClientProtocolClient.java:onNext(255)) - client-D91E5D1E15CE->f2ba01fc-a63e-4348-bd18-030b60a135e7: receive RaftClientReply:client-D91E5D1E15CE->f2ba01fc-a63e-4348-bd18-030b60a135e7@group-C8C62FEF0626, cid=2336, SUCCESS, logIndex=3446, commits[f2ba01fc-a63e-4348-bd18-030b60a135e7:c3446, eab135d4-a257-4705-b491-6c056b8c5df7:c3442, a4f67574-9018-43e7-8a54-351e98dc3d0a:c3442]
2019-08-23 07:09:07,335 | INFO  | DNAudit | user=null | ip=null | op=WRITE_CHUNK {blockData=conID: 2 locID: 102665037235094081 bcsId: 3442} | ret=SUCCESS |  
2019-08-23 07:09:07,335 | INFO  | DNAudit | user=null | ip=null | op=WRITE_CHUNK {blockData=conID: 2 locID: 102665037235094081 bcsId: 3442} | ret=SUCCESS |  
2019-08-23 07:09:07,335 | INFO  | DNAudit | user=null | ip=null | op=PUT_BLOCK {blockData=[blockId=conID: 2 locID: 102665037235094081 bcsId: 0,size=4194304]} | ret=SUCCESS |  
2019-08-23 07:09:07,335 | INFO  | DNAudit | user=null | ip=null | op=PUT_BLOCK {blockData=[blockId=conID: 2 locID: 102665037235094081 bcsId: 0,size=4194304]} | ret=SUCCESS |  
2019-08-23 07:09:07,336 [grpc-default-executor-3] INFO  client.GrpcClientProtocolClient (GrpcClientProtocolClient.java:onNext(255)) - client-D91E5D1E15CE->f2ba01fc-a63e-4348-bd18-030b60a135e7: receive RaftClientReply:client-D91E5D1E15CE->f2ba01fc-a63e-4348-bd18-030b60a135e7@group-C8C62FEF0626, cid=2337, SUCCESS, logIndex=0, commits[f2ba01fc-a63e-4348-bd18-030b60a135e7:c3447, eab135d4-a257-4705-b491-6c056b8c5df7:c3446, a4f67574-9018-43e7-8a54-351e98dc3d0a:c3446]
2019-08-23 07:09:07,341 | INFO  | SCMAudit | user=jenkins1000 | ip=192.168.5.178 | op=ALLOCATE_BLOCK {owner=aaf04d22-10dd-4717-8862-c651bdde72cf, size=4194304, type=RATIS, factor=THREE} | ret=SUCCESS |  
2019-08-23 07:09:07,345 | INFO  | OMAudit | user=jenkins1000 | ip=127.0.0.1 | op=ALLOCATE_BLOCK {volume=vol-0-67663, bucket=bucket-0-68950, key=key-0-26970, dataSize=0, replicationType=null, replicationFactor=null, keyLocationInfo=null, clientID=102665036030476690} | ret=SUCCESS |  
2019-08-23 07:09:07,352 | INFO  | DNAudit | user=null | ip=null | op=WRITE_CHUNK {blockData=conID: 3 locID: 102665037240140354 bcsId: 0} | ret=SUCCESS |  
2019-08-23 07:09:07,354 | INFO  | DNAudit | user=null | ip=null | op=WRITE_CHUNK {blockData=conID: 3 locID: 102665037240140354 bcsId: 0} | ret=SUCCESS |  
2019-08-23 07:09:07,354 | INFO  | DNAudit | user=null | ip=null | op=WRITE_CHUNK {blockData=conID: 3 locID: 102665037240140354 bcsId: 0} | ret=SUCCESS |  
2019-08-23 07:09:07,354 | INFO  | DNAudit | user=null | ip=null | op=WRITE_CHUNK {blockData=conID: 3 locID: 102665037240140354 bcsId: 0} | ret=SUCCESS |  
2019-08-23 07:09:07,357 | INFO  | DNAudit | user=null | ip=null | op=WRITE_CHUNK {blockData=conID: 3 locID: 102665037240140354 bcsId: 0} | ret=SUCCESS |  
2019-08-23 07:09:07,357 | INFO  | DNAudit | user=null | ip=null | op=WRITE_CHUNK {blockData=conID: 3 locID: 102665037240140354 bcsId: 0} | ret=SUCCESS |  
2019-08-23 07:09:07,365 | INFO  | DNAudit | user=null | ip=null | op=WRITE_CHUNK {blockData=conID: 3 locID: 102665037240140354 bcsId: 0} | ret=SUCCESS |  
2019-08-23 07:09:07,365 | INFO  | DNAudit | user=null | ip=null | op=PUT_BLOCK {blockData=[blockId=conID: 3 locID: 102665037240140354 bcsId: 0,size=1048576]} | ret=SUCCESS |  
2019-08-23 07:09:07,365 | INFO  | DNAudit | user=null | ip=null | op=WRITE_CHUNK {blockData=conID: 3 locID: 102665037240140354 bcsId: 0} | ret=SUCCESS |  
2019-08-23 07:09:07,366 [grpc-default-executor-3] INFO  client.GrpcClientProtocolClient (GrpcClientProtocolClient.java:onNext(255)) - client-D91E5D1E15CE->f2ba01fc-a63e-4348-bd18-030b60a135e7: receive RaftClientReply:client-D91E5D1E15CE->f2ba01fc-a63e-4348-bd18-030b60a135e7@group-C8C62FEF0626, cid=2338, SUCCESS, logIndex=3449, commits[f2ba01fc-a63e-4348-bd18-030b60a135e7:c3450, eab135d4-a257-4705-b491-6c056b8c5df7:c3448, a4f67574-9018-43e7-8a54-351e98dc3d0a:c3448]
2019-08-23 07:09:07,366 | INFO  | DNAudit | user=null | ip=null | op=PUT_BLOCK {blockData=[blockId=conID: 3 locID: 102665037240140354 bcsId: 0,size=2097152]} | ret=SUCCESS |  
2019-08-23 07:09:07,366 | INFO  | DNAudit | user=null | ip=null | op=WRITE_CHUNK {blockData=conID: 3 locID: 102665037240140354 bcsId: 0} | ret=SUCCESS |  
2019-08-23 07:09:07,367 [grpc-default-executor-6] INFO  client.GrpcClientProtocolClient (GrpcClientProtocolClient.java:onNext(255)) - client-D91E5D1E15CE->f2ba01fc-a63e-4348-bd18-030b60a135e7: receive RaftClientReply:client-D91E5D1E15CE->f2ba01fc-a63e-4348-bd18-030b60a135e7@group-C8C62FEF0626, cid=2339, SUCCESS, logIndex=3450, commits[f2ba01fc-a63e-4348-bd18-030b60a135e7:c3450, eab135d4-a257-4705-b491-6c056b8c5df7:c3448, a4f67574-9018-43e7-8a54-351e98dc3d0a:c3448]
2019-08-23 07:09:07,367 | INFO  | DNAudit | user=null | ip=null | op=PUT_BLOCK {blockData=[blockId=conID: 3 locID: 102665037240140354 bcsId: 0,size=1048576]} | ret=SUCCESS |  
2019-08-23 07:09:07,367 | INFO  | DNAudit | user=null | ip=null | op=WRITE_CHUNK {blockData=conID: 3 locID: 102665037240140354 bcsId: 0} | ret=SUCCESS |  
2019-08-23 07:09:07,367 | INFO  | DNAudit | user=null | ip=null | op=PUT_BLOCK {blockData=[blockId=conID: 3 locID: 102665037240140354 bcsId: 0,size=1048576]} | ret=SUCCESS |  
2019-08-23 07:09:07,367 | INFO  | DNAudit | user=null | ip=null | op=WRITE_CHUNK {blockData=conID: 3 locID: 102665037240140354 bcsId: 0} | ret=SUCCESS |  
2019-08-23 07:09:07,368 | INFO  | DNAudit | user=null | ip=null | op=WRITE_CHUNK {blockData=conID: 3 locID: 102665037240140354 bcsId: 0} | ret=SUCCESS |  
2019-08-23 07:09:07,368 | INFO  | DNAudit | user=null | ip=null | op=PUT_BLOCK {blockData=[blockId=conID: 3 locID: 102665037240140354 bcsId: 0,size=2097152]} | ret=SUCCESS |  
2019-08-23 07:09:07,368 [grpc-default-executor-6] INFO  client.GrpcClientProtocolClient (GrpcClientProtocolClient.java:onNext(255)) - client-D91E5D1E15CE->f2ba01fc-a63e-4348-bd18-030b60a135e7: receive RaftClientReply:client-D91E5D1E15CE->f2ba01fc-a63e-4348-bd18-030b60a135e7@group-C8C62FEF0626, cid=2340, SUCCESS, logIndex=3451, commits[f2ba01fc-a63e-4348-bd18-030b60a135e7:c3451, eab135d4-a257-4705-b491-6c056b8c5df7:c3448, a4f67574-9018-43e7-8a54-351e98dc3d0a:c3448]
2019-08-23 07:09:07,368 [grpc-default-executor-6] INFO  client.GrpcClientProtocolClient (GrpcClientProtocolClient.java:onNext(255)) - client-D91E5D1E15CE->f2ba01fc-a63e-4348-bd18-030b60a135e7: receive RaftClientReply:client-D91E5D1E15CE->f2ba01fc-a63e-4348-bd18-030b60a135e7@group-C8C62FEF0626, cid=2341, SUCCESS, logIndex=3452, commits[f2ba01fc-a63e-4348-bd18-030b60a135e7:c3452, eab135d4-a257-4705-b491-6c056b8c5df7:c3448, a4f67574-9018-43e7-8a54-351e98dc3d0a:c3448]
2019-08-23 07:09:07,368 | INFO  | DNAudit | user=null | ip=null | op=PUT_BLOCK {blockData=[blockId=conID: 3 locID: 102665037240140354 bcsId: 0,size=2097152]} | ret=SUCCESS |  
2019-08-23 07:09:07,369 [grpc-default-executor-6] INFO  client.GrpcClientProtocolClient (GrpcClientProtocolClient.java:onNext(255)) - client-D91E5D1E15CE->f2ba01fc-a63e-4348-bd18-030b60a135e7: receive RaftClientReply:client-D91E5D1E15CE->f2ba01fc-a63e-4348-bd18-030b60a135e7@group-C8C62FEF0626, cid=2342, SUCCESS, logIndex=0, commits[f2ba01fc-a63e-4348-bd18-030b60a135e7:c3456, eab135d4-a257-4705-b491-6c056b8c5df7:c3451, a4f67574-9018-43e7-8a54-351e98dc3d0a:c3452]
2019-08-23 07:09:07,375 | INFO  | DNAudit | user=null | ip=null | op=WRITE_CHUNK {blockData=conID: 3 locID: 102665037240140354 bcsId: 3452} | ret=SUCCESS |  
2019-08-23 07:09:07,377 | INFO  | DNAudit | user=null | ip=null | op=WRITE_CHUNK {blockData=conID: 3 locID: 102665037240140354 bcsId: 3452} | ret=SUCCESS |  
2019-08-23 07:09:07,377 | INFO  | DNAudit | user=null | ip=null | op=WRITE_CHUNK {blockData=conID: 3 locID: 102665037240140354 bcsId: 3452} | ret=SUCCESS |  
2019-08-23 07:09:07,391 | INFO  | DNAudit | user=null | ip=null | op=WRITE_CHUNK {blockData=conID: 3 locID: 102665037240140354 bcsId: 3452} | ret=SUCCESS |  
2019-08-23 07:09:07,392 | INFO  | DNAudit | user=null | ip=null | op=PUT_BLOCK {blockData=[blockId=conID: 3 locID: 102665037240140354 bcsId: 0,size=3145728]} | ret=SUCCESS |  
2019-08-23 07:09:07,392 [grpc-default-executor-3] INFO  client.GrpcClientProtocolClient (GrpcClientProtocolClient.java:onNext(255)) - client-D91E5D1E15CE->f2ba01fc-a63e-4348-bd18-030b60a135e7: receive RaftClientReply:client-D91E5D1E15CE->f2ba01fc-a63e-4348-bd18-030b60a135e7@group-C8C62FEF0626, cid=2343, SUCCESS, logIndex=3457, commits[f2ba01fc-a63e-4348-bd18-030b60a135e7:c3458, eab135d4-a257-4705-b491-6c056b8c5df7:c3456, a4f67574-9018-43e7-8a54-351e98dc3d0a:c3456]
2019-08-23 07:09:07,392 [grpc-default-executor-3] INFO  client.GrpcClientProtocolClient (GrpcClientProtocolClient.java:onNext(255)) - client-D91E5D1E15CE->f2ba01fc-a63e-4348-bd18-030b60a135e7: receive RaftClientReply:client-D91E5D1E15CE->f2ba01fc-a63e-4348-bd18-030b60a135e7@group-C8C62FEF0626, cid=2344, SUCCESS, logIndex=3458, commits[f2ba01fc-a63e-4348-bd18-030b60a135e7:c3458, eab135d4-a257-4705-b491-6c056b8c5df7:c3456, a4f67574-9018-43e7-8a54-351e98dc3d0a:c3456]
2019-08-23 07:09:07,398 | INFO  | DNAudit | user=null | ip=null | op=WRITE_CHUNK {blockData=conID: 3 locID: 102665037240140354 bcsId: 3458} | ret=SUCCESS |  
2019-08-23 07:09:07,400 | INFO  | DNAudit | user=null | ip=null | op=WRITE_CHUNK {blockData=conID: 3 locID: 102665037240140354 bcsId: 3458} | ret=SUCCESS |  
2019-08-23 07:09:07,400 | INFO  | DNAudit | user=null | ip=null | op=WRITE_CHUNK {blockData=conID: 3 locID: 102665037240140354 bcsId: 3458} | ret=SUCCESS |  
2019-08-23 07:09:07,401 | INFO  | DNAudit | user=null | ip=null | op=WRITE_CHUNK {blockData=conID: 3 locID: 102665037240140354 bcsId: 3452} | ret=SUCCESS |  
2019-08-23 07:09:07,401 | INFO  | DNAudit | user=null | ip=null | op=WRITE_CHUNK {blockData=conID: 3 locID: 102665037240140354 bcsId: 3452} | ret=SUCCESS |  
2019-08-23 07:09:07,404 | INFO  | DNAudit | user=null | ip=null | op=PUT_BLOCK {blockData=[blockId=conID: 3 locID: 102665037240140354 bcsId: 0,size=3145728]} | ret=SUCCESS |  
2019-08-23 07:09:07,404 | INFO  | DNAudit | user=null | ip=null | op=PUT_BLOCK {blockData=[blockId=conID: 3 locID: 102665037240140354 bcsId: 0,size=3145728]} | ret=SUCCESS |  
2019-08-23 07:09:07,406 | INFO  | DNAudit | user=null | ip=null | op=WRITE_CHUNK {blockData=conID: 3 locID: 102665037240140354 bcsId: 3458} | ret=SUCCESS |  
2019-08-23 07:09:07,407 | INFO  | DNAudit | user=null | ip=null | op=PUT_BLOCK {blockData=[blockId=conID: 3 locID: 102665037240140354 bcsId: 0,size=4194304]} | ret=SUCCESS |  
2019-08-23 07:09:07,407 [grpc-default-executor-3] INFO  client.GrpcClientProtocolClient (GrpcClientProtocolClient.java:onNext(255)) - client-D91E5D1E15CE->f2ba01fc-a63e-4348-bd18-030b60a135e7: receive RaftClientReply:client-D91E5D1E15CE->f2ba01fc-a63e-4348-bd18-030b60a135e7@group-C8C62FEF0626, cid=2345, SUCCESS, logIndex=3461, commits[f2ba01fc-a63e-4348-bd18-030b60a135e7:c3461, eab135d4-a257-4705-b491-6c056b8c5df7:c3458, a4f67574-9018-43e7-8a54-351e98dc3d0a:c3458]
2019-08-23 07:09:07,407 [grpc-default-executor-3] INFO  client.GrpcClientProtocolClient (GrpcClientProtocolClient.java:onNext(255)) - client-D91E5D1E15CE->f2ba01fc-a63e-4348-bd18-030b60a135e7: receive RaftClientReply:client-D91E5D1E15CE->f2ba01fc-a63e-4348-bd18-030b60a135e7@group-C8C62FEF0626, cid=2346, SUCCESS, logIndex=3462, commits[f2ba01fc-a63e-4348-bd18-030b60a135e7:c3462, eab135d4-a257-4705-b491-6c056b8c5df7:c3458, a4f67574-9018-43e7-8a54-351e98dc3d0a:c3458]
2019-08-23 07:09:07,418 | INFO  | DNAudit | user=null | ip=null | op=WRITE_CHUNK {blockData=conID: 3 locID: 102665037240140354 bcsId: 3458} | ret=SUCCESS |  
2019-08-23 07:09:07,418 | INFO  | DNAudit | user=null | ip=null | op=WRITE_CHUNK {blockData=conID: 3 locID: 102665037240140354 bcsId: 3458} | ret=SUCCESS |  
2019-08-23 07:09:07,421 | INFO  | DNAudit | user=null | ip=null | op=PUT_BLOCK {blockData=[blockId=conID: 3 locID: 102665037240140354 bcsId: 0,size=4194304]} | ret=SUCCESS |  
2019-08-23 07:09:07,421 | INFO  | DNAudit | user=null | ip=null | op=PUT_BLOCK {blockData=[blockId=conID: 3 locID: 102665037240140354 bcsId: 0,size=4194304]} | ret=SUCCESS |  
2019-08-23 07:09:07,422 [grpc-default-executor-3] INFO  client.GrpcClientProtocolClient (GrpcClientProtocolClient.java:onNext(255)) - client-D91E5D1E15CE->f2ba01fc-a63e-4348-bd18-030b60a135e7: receive RaftClientReply:client-D91E5D1E15CE->f2ba01fc-a63e-4348-bd18-030b60a135e7@group-C8C62FEF0626, cid=2347, SUCCESS, logIndex=0, commits[f2ba01fc-a63e-4348-bd18-030b60a135e7:c3464, eab135d4-a257-4705-b491-6c056b8c5df7:c3462, a4f67574-9018-43e7-8a54-351e98dc3d0a:c3462]
2019-08-23 07:09:07,430 | INFO  | SCMAudit | user=jenkins1000 | ip=192.168.5.178 | op=ALLOCATE_BLOCK {owner=aaf04d22-10dd-4717-8862-c651bdde72cf, size=4194304, type=RATIS, factor=THREE} | ret=SUCCESS |  
2019-08-23 07:09:07,434 | INFO  | OMAudit | user=jenkins1000 | ip=127.0.0.1 | op=ALLOCATE_BLOCK {volume=vol-0-67663, bucket=bucket-0-68950, key=key-0-26970, dataSize=0, replicationType=null, replicationFactor=null, keyLocationInfo=null, clientID=102665036030476690} | ret=SUCCESS |  
2019-08-23 07:09:07,441 | INFO  | DNAudit | user=null | ip=null | op=WRITE_CHUNK {blockData=conID: 1 locID: 102665037245973059 bcsId: 0} | ret=SUCCESS |  
2019-08-23 07:09:07,444 | INFO  | DNAudit | user=null | ip=null | op=WRITE_CHUNK {blockData=conID: 1 locID: 102665037245973059 bcsId: 0} | ret=SUCCESS |  
2019-08-23 07:09:07,444 | INFO  | DNAudit | user=null | ip=null | op=WRITE_CHUNK {blockData=conID: 1 locID: 102665037245973059 bcsId: 0} | ret=SUCCESS |  
2019-08-23 07:09:07,444 | INFO  | DNAudit | user=null | ip=null | op=WRITE_CHUNK {blockData=conID: 1 locID: 102665037245973059 bcsId: 0} | ret=SUCCESS |  
2019-08-23 07:09:07,447 | INFO  | DNAudit | user=null | ip=null | op=WRITE_CHUNK {blockData=conID: 1 locID: 102665037245973059 bcsId: 0} | ret=SUCCESS |  
2019-08-23 07:09:07,447 | INFO  | DNAudit | user=null | ip=null | op=WRITE_CHUNK {blockData=conID: 1 locID: 102665037245973059 bcsId: 0} | ret=SUCCESS |  
2019-08-23 07:09:07,454 | INFO  | DNAudit | user=null | ip=null | op=WRITE_CHUNK {blockData=conID: 1 locID: 102665037245973059 bcsId: 0} | ret=SUCCESS |  
2019-08-23 07:09:07,454 | INFO  | DNAudit | user=null | ip=null | op=PUT_BLOCK {blockData=[blockId=conID: 1 locID: 102665037245973059 bcsId: 0,size=1048576]} | ret=SUCCESS |  
2019-08-23 07:09:07,455 [grpc-default-executor-6] INFO  client.GrpcClientProtocolClient (GrpcClientProtocolClient.java:onNext(255)) - client-D91E5D1E15CE->f2ba01fc-a63e-4348-bd18-030b60a135e7: receive RaftClientReply:client-D91E5D1E15CE->f2ba01fc-a63e-4348-bd18-030b60a135e7@group-C8C62FEF0626, cid=2348, SUCCESS, logIndex=3465, commits[f2ba01fc-a63e-4348-bd18-030b60a135e7:c3466, eab135d4-a257-4705-b491-6c056b8c5df7:c3464, a4f67574-9018-43e7-8a54-351e98dc3d0a:c3464]
2019-08-23 07:09:07,455 [grpc-default-executor-6] INFO  client.GrpcClientProtocolClient (GrpcClientProtocolClient.java:onNext(255)) - client-D91E5D1E15CE->f2ba01fc-a63e-4348-bd18-030b60a135e7: receive RaftClientReply:client-D91E5D1E15CE->f2ba01fc-a63e-4348-bd18-030b60a135e7@group-C8C62FEF0626, cid=2349, SUCCESS, logIndex=3466, commits[f2ba01fc-a63e-4348-bd18-030b60a135e7:c3466, eab135d4-a257-4705-b491-6c056b8c5df7:c3464, a4f67574-9018-43e7-8a54-351e98dc3d0a:c3464]
2019-08-23 07:09:07,456 | INFO  | DNAudit | user=null | ip=null | op=WRITE_CHUNK {blockData=conID: 1 locID: 102665037245973059 bcsId: 0} | ret=SUCCESS |  
2019-08-23 07:09:07,456 | INFO  | DNAudit | user=null | ip=null | op=PUT_BLOCK {blockData=[blockId=conID: 1 locID: 102665037245973059 bcsId: 0,size=2097152]} | ret=SUCCESS |  
2019-08-23 07:09:07,457 [grpc-default-executor-2] INFO  client.GrpcClientProtocolClient (GrpcClientProtocolClient.java:onNext(255)) - client-D91E5D1E15CE->f2ba01fc-a63e-4348-bd18-030b60a135e7: receive RaftClientReply:client-D91E5D1E15CE->f2ba01fc-a63e-4348-bd18-030b60a135e7@group-C8C62FEF0626, cid=2350, SUCCESS, logIndex=3467, commits[f2ba01fc-a63e-4348-bd18-030b60a135e7:c3468, eab135d4-a257-4705-b491-6c056b8c5df7:c3464, a4f67574-9018-43e7-8a54-351e98dc3d0a:c3464]
2019-08-23 07:09:07,457 [grpc-default-executor-2] INFO  client.GrpcClientProtocolClient (GrpcClientProtocolClient.java:onNext(255)) - client-D91E5D1E15CE->f2ba01fc-a63e-4348-bd18-030b60a135e7: receive RaftClientReply:client-D91E5D1E15CE->f2ba01fc-a63e-4348-bd18-030b60a135e7@group-C8C62FEF0626, cid=2351, SUCCESS, logIndex=3468, commits[f2ba01fc-a63e-4348-bd18-030b60a135e7:c3468, eab135d4-a257-4705-b491-6c056b8c5df7:c3464, a4f67574-9018-43e7-8a54-351e98dc3d0a:c3464]
2019-08-23 07:09:07,467 | INFO  | DNAudit | user=null | ip=null | op=WRITE_CHUNK {blockData=conID: 1 locID: 102665037245973059 bcsId: 0} | ret=SUCCESS |  
2019-08-23 07:09:07,467 | INFO  | DNAudit | user=null | ip=null | op=PUT_BLOCK {blockData=[blockId=conID: 1 locID: 102665037245973059 bcsId: 0,size=1048576]} | ret=SUCCESS |  
2019-08-23 07:09:07,467 | INFO  | DNAudit | user=null | ip=null | op=WRITE_CHUNK {blockData=conID: 1 locID: 102665037245973059 bcsId: 0} | ret=SUCCESS |  
2019-08-23 07:09:07,468 | INFO  | DNAudit | user=null | ip=null | op=PUT_BLOCK {blockData=[blockId=conID: 1 locID: 102665037245973059 bcsId: 0,size=1048576]} | ret=SUCCESS |  
2019-08-23 07:09:07,468 [grpc-default-executor-2] INFO  client.GrpcClientProtocolClient (GrpcClientProtocolClient.java:onNext(255)) - client-D91E5D1E15CE->f2ba01fc-a63e-4348-bd18-030b60a135e7: receive RaftClientReply:client-D91E5D1E15CE->f2ba01fc-a63e-4348-bd18-030b60a135e7@group-C8C62FEF0626, cid=2352, SUCCESS, logIndex=0, commits[f2ba01fc-a63e-4348-bd18-030b60a135e7:c3470, eab135d4-a257-4705-b491-6c056b8c5df7:c3466, a4f67574-9018-43e7-8a54-351e98dc3d0a:c3466]
2019-08-23 07:09:07,468 | INFO  | DNAudit | user=null | ip=null | op=WRITE_CHUNK {blockData=conID: 1 locID: 102665037245973059 bcsId: 0} | ret=SUCCESS |  
2019-08-23 07:09:07,468 | INFO  | DNAudit | user=null | ip=null | op=WRITE_CHUNK {blockData=conID: 1 locID: 102665037245973059 bcsId: 0} | ret=SUCCESS |  
2019-08-23 07:09:07,468 | INFO  | DNAudit | user=null | ip=null | op=PUT_BLOCK {blockData=[blockId=conID: 1 locID: 102665037245973059 bcsId: 0,size=2097152]} | ret=SUCCESS |  
2019-08-23 07:09:07,469 | INFO  | DNAudit | user=null | ip=null | op=PUT_BLOCK {blockData=[blockId=conID: 1 locID: 102665037245973059 bcsId: 0,size=2097152]} | ret=SUCCESS |  
2019-08-23 07:09:07,473 | INFO  | DNAudit | user=null | ip=null | op=WRITE_CHUNK {blockData=conID: 1 locID: 102665037245973059 bcsId: 3468} | ret=SUCCESS |  
2019-08-23 07:09:07,474 | INFO  | DNAudit | user=null | ip=null | op=WRITE_CHUNK {blockData=conID: 1 locID: 102665037245973059 bcsId: 3468} | ret=SUCCESS |  
2019-08-23 07:09:07,475 | INFO  | DNAudit | user=null | ip=null | op=WRITE_CHUNK {blockData=conID: 1 locID: 102665037245973059 bcsId: 3468} | ret=SUCCESS |  
2019-08-23 07:09:07,485 | INFO  | DNAudit | user=null | ip=null | op=WRITE_CHUNK {blockData=conID: 1 locID: 102665037245973059 bcsId: 3468} | ret=SUCCESS |  
2019-08-23 07:09:07,486 | INFO  | DNAudit | user=null | ip=null | op=PUT_BLOCK {blockData=[blockId=conID: 1 locID: 102665037245973059 bcsId: 0,size=3145728]} | ret=SUCCESS |  
2019-08-23 07:09:07,486 [grpc-default-executor-3] INFO  client.GrpcClientProtocolClient (GrpcClientProtocolClient.java:onNext(255)) - client-D91E5D1E15CE->f2ba01fc-a63e-4348-bd18-030b60a135e7: receive RaftClientReply:client-D91E5D1E15CE->f2ba01fc-a63e-4348-bd18-030b60a135e7@group-C8C62FEF0626, cid=2353, SUCCESS, logIndex=3473, commits[f2ba01fc-a63e-4348-bd18-030b60a135e7:c3473, eab135d4-a257-4705-b491-6c056b8c5df7:c3472, a4f67574-9018-43e7-8a54-351e98dc3d0a:c3472]
2019-08-23 07:09:07,486 [grpc-default-executor-3] INFO  client.GrpcClientProtocolClient (GrpcClientProtocolClient.java:onNext(255)) - client-D91E5D1E15CE->f2ba01fc-a63e-4348-bd18-030b60a135e7: receive RaftClientReply:client-D91E5D1E15CE->f2ba01fc-a63e-4348-bd18-030b60a135e7@group-C8C62FEF0626, cid=2354, SUCCESS, logIndex=3474, commits[f2ba01fc-a63e-4348-bd18-030b60a135e7:c3474, eab135d4-a257-4705-b491-6c056b8c5df7:c3472, a4f67574-9018-43e7-8a54-351e98dc3d0a:c3472]
2019-08-23 07:09:07,491 | INFO  | DNAudit | user=null | ip=null | op=WRITE_CHUNK {blockData=conID: 1 locID: 102665037245973059 bcsId: 3474} | ret=SUCCESS |  
2019-08-23 07:09:07,493 | INFO  | DNAudit | user=null | ip=null | op=WRITE_CHUNK {blockData=conID: 1 locID: 102665037245973059 bcsId: 3474} | ret=SUCCESS |  
2019-08-23 07:09:07,493 | INFO  | DNAudit | user=null | ip=null | op=WRITE_CHUNK {blockData=conID: 1 locID: 102665037245973059 bcsId: 3474} | ret=SUCCESS |  
2019-08-23 07:09:07,497 | INFO  | DNAudit | user=null | ip=null | op=WRITE_CHUNK {blockData=conID: 1 locID: 102665037245973059 bcsId: 3468} | ret=SUCCESS |  
2019-08-23 07:09:07,497 | INFO  | DNAudit | user=null | ip=null | op=WRITE_CHUNK {blockData=conID: 1 locID: 102665037245973059 bcsId: 3468} | ret=SUCCESS |  
2019-08-23 07:09:07,500 | INFO  | DNAudit | user=null | ip=null | op=PUT_BLOCK {blockData=[blockId=conID: 1 locID: 102665037245973059 bcsId: 0,size=3145728]} | ret=SUCCESS |  
2019-08-23 07:09:07,500 | INFO  | DNAudit | user=null | ip=null | op=PUT_BLOCK {blockData=[blockId=conID: 1 locID: 102665037245973059 bcsId: 0,size=3145728]} | ret=SUCCESS |  
2019-08-23 07:09:07,500 | INFO  | DNAudit | user=null | ip=null | op=WRITE_CHUNK {blockData=conID: 1 locID: 102665037245973059 bcsId: 3474} | ret=SUCCESS |  
2019-08-23 07:09:07,501 | INFO  | DNAudit | user=null | ip=null | op=PUT_BLOCK {blockData=[blockId=conID: 1 locID: 102665037245973059 bcsId: 0,size=4194304]} | ret=SUCCESS |  
2019-08-23 07:09:07,501 [grpc-default-executor-3] INFO  client.GrpcClientProtocolClient (GrpcClientProtocolClient.java:onNext(255)) - client-D91E5D1E15CE->f2ba01fc-a63e-4348-bd18-030b60a135e7: receive RaftClientReply:client-D91E5D1E15CE->f2ba01fc-a63e-4348-bd18-030b60a135e7@group-C8C62FEF0626, cid=2355, SUCCESS, logIndex=3477, commits[f2ba01fc-a63e-4348-bd18-030b60a135e7:c3478, eab135d4-a257-4705-b491-6c056b8c5df7:c3473, a4f67574-9018-43e7-8a54-351e98dc3d0a:c3474]
2019-08-23 07:09:07,501 [grpc-default-executor-3] INFO  client.GrpcClientProtocolClient (GrpcClientProtocolClient.java:onNext(255)) - client-D91E5D1E15CE->f2ba01fc-a63e-4348-bd18-030b60a135e7: receive RaftClientReply:client-D91E5D1E15CE->f2ba01fc-a63e-4348-bd18-030b60a135e7@group-C8C62FEF0626, cid=2356, SUCCESS, logIndex=3478, commits[f2ba01fc-a63e-4348-bd18-030b60a135e7:c3478, eab135d4-a257-4705-b491-6c056b8c5df7:c3473, a4f67574-9018-43e7-8a54-351e98dc3d0a:c3474]
2019-08-23 07:09:07,502 [grpc-default-executor-3] INFO  client.GrpcClientProtocolClient (GrpcClientProtocolClient.java:onNext(255)) - client-D91E5D1E15CE->f2ba01fc-a63e-4348-bd18-030b60a135e7: receive RaftClientReply:client-D91E5D1E15CE->f2ba01fc-a63e-4348-bd18-030b60a135e7@group-C8C62FEF0626, cid=2357, SUCCESS, logIndex=0, commits[f2ba01fc-a63e-4348-bd18-030b60a135e7:c3478, eab135d4-a257-4705-b491-6c056b8c5df7:c3474, a4f67574-9018-43e7-8a54-351e98dc3d0a:c3474]
2019-08-23 07:09:07,512 | INFO  | DNAudit | user=null | ip=null | op=WRITE_CHUNK {blockData=conID: 1 locID: 102665037245973059 bcsId: 3474} | ret=SUCCESS |  
2019-08-23 07:09:07,513 | INFO  | DNAudit | user=null | ip=null | op=WRITE_CHUNK {blockData=conID: 1 locID: 102665037245973059 bcsId: 3474} | ret=SUCCESS |  
2019-08-23 07:09:07,513 | INFO  | DNAudit | user=null | ip=null | op=PUT_BLOCK {blockData=[blockId=conID: 1 locID: 102665037245973059 bcsId: 0,size=4194304]} | ret=SUCCESS |  
2019-08-23 07:09:07,513 | INFO  | DNAudit | user=null | ip=null | op=PUT_BLOCK {blockData=[blockId=conID: 1 locID: 102665037245973059 bcsId: 0,size=4194304]} | ret=SUCCESS |  
2019-08-23 07:09:07,513 [grpc-default-executor-3] INFO  client.GrpcClientProtocolClient (GrpcClientProtocolClient.java:onNext(255)) - client-D91E5D1E15CE->f2ba01fc-a63e-4348-bd18-030b60a135e7: receive RaftClientReply:client-D91E5D1E15CE->f2ba01fc-a63e-4348-bd18-030b60a135e7@group-C8C62FEF0626, cid=2358, SUCCESS, logIndex=0, commits[f2ba01fc-a63e-4348-bd18-030b60a135e7:c3479, eab135d4-a257-4705-b491-6c056b8c5df7:c3478, a4f67574-9018-43e7-8a54-351e98dc3d0a:c3478]
2019-08-23 07:09:07,523 | INFO  | SCMAudit | user=jenkins1000 | ip=192.168.5.178 | op=ALLOCATE_BLOCK {owner=aaf04d22-10dd-4717-8862-c651bdde72cf, size=4194304, type=RATIS, factor=THREE} | ret=SUCCESS |  
2019-08-23 07:09:07,528 | INFO  | OMAudit | user=jenkins1000 | ip=127.0.0.1 | op=ALLOCATE_BLOCK {volume=vol-0-67663, bucket=bucket-0-68950, key=key-0-26970, dataSize=0, replicationType=null, replicationFactor=null, keyLocationInfo=null, clientID=102665036030476690} | ret=SUCCESS |  
2019-08-23 07:09:07,535 | INFO  | DNAudit | user=null | ip=null | op=WRITE_CHUNK {blockData=conID: 2 locID: 102665037252067908 bcsId: 0} | ret=SUCCESS |  
2019-08-23 07:09:07,537 | INFO  | DNAudit | user=null | ip=null | op=WRITE_CHUNK {blockData=conID: 2 locID: 102665037252067908 bcsId: 0} | ret=SUCCESS |  
2019-08-23 07:09:07,537 | INFO  | DNAudit | user=null | ip=null | op=WRITE_CHUNK {blockData=conID: 2 locID: 102665037252067908 bcsId: 0} | ret=SUCCESS |  
2019-08-23 07:09:07,538 | INFO  | DNAudit | user=null | ip=null | op=WRITE_CHUNK {blockData=conID: 2 locID: 102665037252067908 bcsId: 0} | ret=SUCCESS |  
2019-08-23 07:09:07,539 | INFO  | DNAudit | user=null | ip=null | op=WRITE_CHUNK {blockData=conID: 2 locID: 102665037252067908 bcsId: 0} | ret=SUCCESS |  
2019-08-23 07:09:07,539 | INFO  | DNAudit | user=null | ip=null | op=WRITE_CHUNK {blockData=conID: 2 locID: 102665037252067908 bcsId: 0} | ret=SUCCESS |  
2019-08-23 07:09:07,547 | INFO  | DNAudit | user=null | ip=null | op=WRITE_CHUNK {blockData=conID: 2 locID: 102665037252067908 bcsId: 0} | ret=SUCCESS |  
2019-08-23 07:09:07,548 | INFO  | DNAudit | user=null | ip=null | op=PUT_BLOCK {blockData=[blockId=conID: 2 locID: 102665037252067908 bcsId: 0,size=1048576]} | ret=SUCCESS |  
2019-08-23 07:09:07,548 | INFO  | DNAudit | user=null | ip=null | op=WRITE_CHUNK {blockData=conID: 2 locID: 102665037252067908 bcsId: 0} | ret=SUCCESS |  
2019-08-23 07:09:07,548 | INFO  | DNAudit | user=null | ip=null | op=PUT_BLOCK {blockData=[blockId=conID: 2 locID: 102665037252067908 bcsId: 0,size=2097152]} | ret=SUCCESS |  
2019-08-23 07:09:07,548 [grpc-default-executor-2] INFO  client.GrpcClientProtocolClient (GrpcClientProtocolClient.java:onNext(255)) - client-D91E5D1E15CE->f2ba01fc-a63e-4348-bd18-030b60a135e7: receive RaftClientReply:client-D91E5D1E15CE->f2ba01fc-a63e-4348-bd18-030b60a135e7@group-C8C62FEF0626, cid=2359, SUCCESS, logIndex=3481, commits[f2ba01fc-a63e-4348-bd18-030b60a135e7:c3483, eab135d4-a257-4705-b491-6c056b8c5df7:c3478, a4f67574-9018-43e7-8a54-351e98dc3d0a:c3480]
2019-08-23 07:09:07,549 | INFO  | DNAudit | user=null | ip=null | op=WRITE_CHUNK {blockData=conID: 2 locID: 102665037252067908 bcsId: 0} | ret=SUCCESS |  
2019-08-23 07:09:07,549 | INFO  | DNAudit | user=null | ip=null | op=PUT_BLOCK {blockData=[blockId=conID: 2 locID: 102665037252067908 bcsId: 0,size=1048576]} | ret=SUCCESS |  
2019-08-23 07:09:07,549 | INFO  | DNAudit | user=null | ip=null | op=WRITE_CHUNK {blockData=conID: 2 locID: 102665037252067908 bcsId: 0} | ret=SUCCESS |  
2019-08-23 07:09:07,550 | INFO  | DNAudit | user=null | ip=null | op=PUT_BLOCK {blockData=[blockId=conID: 2 locID: 102665037252067908 bcsId: 0,size=1048576]} | ret=SUCCESS |  
2019-08-23 07:09:07,550 | INFO  | DNAudit | user=null | ip=null | op=WRITE_CHUNK {blockData=conID: 2 locID: 102665037252067908 bcsId: 0} | ret=SUCCESS |  
2019-08-23 07:09:07,550 | INFO  | DNAudit | user=null | ip=null | op=WRITE_CHUNK {blockData=conID: 2 locID: 102665037252067908 bcsId: 0} | ret=SUCCESS |  
2019-08-23 07:09:07,550 | INFO  | DNAudit | user=null | ip=null | op=PUT_BLOCK {blockData=[blockId=conID: 2 locID: 102665037252067908 bcsId: 0,size=2097152]} | ret=SUCCESS |  
2019-08-23 07:09:07,550 [grpc-default-executor-3] INFO  client.GrpcClientProtocolClient (GrpcClientProtocolClient.java:onNext(255)) - client-D91E5D1E15CE->f2ba01fc-a63e-4348-bd18-030b60a135e7: receive RaftClientReply:client-D91E5D1E15CE->f2ba01fc-a63e-4348-bd18-030b60a135e7@group-C8C62FEF0626, cid=2360, SUCCESS, logIndex=3482, commits[f2ba01fc-a63e-4348-bd18-030b60a135e7:c3483, eab135d4-a257-4705-b491-6c056b8c5df7:c3480, a4f67574-9018-43e7-8a54-351e98dc3d0a:c3480]
2019-08-23 07:09:07,551 | INFO  | DNAudit | user=null | ip=null | op=PUT_BLOCK {blockData=[blockId=conID: 2 locID: 102665037252067908 bcsId: 0,size=2097152]} | ret=SUCCESS |  
2019-08-23 07:09:07,551 [grpc-default-executor-2] INFO  client.GrpcClientProtocolClient (GrpcClientProtocolClient.java:onNext(255)) - client-D91E5D1E15CE->f2ba01fc-a63e-4348-bd18-030b60a135e7: receive RaftClientReply:client-D91E5D1E15CE->f2ba01fc-a63e-4348-bd18-030b60a135e7@group-C8C62FEF0626, cid=2361, SUCCESS, logIndex=3483, commits[f2ba01fc-a63e-4348-bd18-030b60a135e7:c3483, eab135d4-a257-4705-b491-6c056b8c5df7:c3480, a4f67574-9018-43e7-8a54-351e98dc3d0a:c3480]
2019-08-23 07:09:07,551 [grpc-default-executor-3] INFO  client.GrpcClientProtocolClient (GrpcClientProtocolClient.java:onNext(255)) - client-D91E5D1E15CE->f2ba01fc-a63e-4348-bd18-030b60a135e7: receive RaftClientReply:client-D91E5D1E15CE->f2ba01fc-a63e-4348-bd18-030b60a135e7@group-C8C62FEF0626, cid=2362, SUCCESS, logIndex=3484, commits[f2ba01fc-a63e-4348-bd18-030b60a135e7:c3484, eab135d4-a257-4705-b491-6c056b8c5df7:c3480, a4f67574-9018-43e7-8a54-351e98dc3d0a:c3480]
2019-08-23 07:09:07,552 [grpc-default-executor-3] INFO  client.GrpcClientProtocolClient (GrpcClientProtocolClient.java:onNext(255)) - client-D91E5D1E15CE->f2ba01fc-a63e-4348-bd18-030b60a135e7: receive RaftClientReply:client-D91E5D1E15CE->f2ba01fc-a63e-4348-bd18-030b60a135e7@group-C8C62FEF0626, cid=2363, SUCCESS, logIndex=0, commits[f2ba01fc-a63e-4348-bd18-030b60a135e7:c3488, eab135d4-a257-4705-b491-6c056b8c5df7:c3484, a4f67574-9018-43e7-8a54-351e98dc3d0a:c3484]
2019-08-23 07:09:07,559 | INFO  | DNAudit | user=null | ip=null | op=WRITE_CHUNK {blockData=conID: 2 locID: 102665037252067908 bcsId: 3484} | ret=SUCCESS |  
2019-08-23 07:09:07,561 | INFO  | DNAudit | user=null | ip=null | op=WRITE_CHUNK {blockData=conID: 2 locID: 102665037252067908 bcsId: 3484} | ret=SUCCESS |  
2019-08-23 07:09:07,561 | INFO  | DNAudit | user=null | ip=null | op=WRITE_CHUNK {blockData=conID: 2 locID: 102665037252067908 bcsId: 3484} | ret=SUCCESS |  
2019-08-23 07:09:07,572 | INFO  | DNAudit | user=null | ip=null | op=WRITE_CHUNK {blockData=conID: 2 locID: 102665037252067908 bcsId: 3484} | ret=SUCCESS |  
2019-08-23 07:09:07,572 | INFO  | DNAudit | user=null | ip=null | op=PUT_BLOCK {blockData=[blockId=conID: 2 locID: 102665037252067908 bcsId: 0,size=3145728]} | ret=SUCCESS |  
2019-08-23 07:09:07,572 [grpc-default-executor-3] INFO  client.GrpcClientProtocolClient (GrpcClientProtocolClient.java:onNext(255)) - client-D91E5D1E15CE->f2ba01fc-a63e-4348-bd18-030b60a135e7: receive RaftClientReply:client-D91E5D1E15CE->f2ba01fc-a63e-4348-bd18-030b60a135e7@group-C8C62FEF0626, cid=2364, SUCCESS, logIndex=3489, commits[f2ba01fc-a63e-4348-bd18-030b60a135e7:c3490, eab135d4-a257-4705-b491-6c056b8c5df7:c3488, a4f67574-9018-43e7-8a54-351e98dc3d0a:c3488]
2019-08-23 07:09:07,573 [grpc-default-executor-3] INFO  client.GrpcClientProtocolClient (GrpcClientProtocolClient.java:onNext(255)) - client-D91E5D1E15CE->f2ba01fc-a63e-4348-bd18-030b60a135e7: receive RaftClientReply:client-D91E5D1E15CE->f2ba01fc-a63e-4348-bd18-030b60a135e7@group-C8C62FEF0626, cid=2365, SUCCESS, logIndex=3490, commits[f2ba01fc-a63e-4348-bd18-030b60a135e7:c3490, eab135d4-a257-4705-b491-6c056b8c5df7:c3488, a4f67574-9018-43e7-8a54-351e98dc3d0a:c3488]
2019-08-23 07:09:07,579 | INFO  | DNAudit | user=null | ip=null | op=WRITE_CHUNK {blockData=conID: 2 locID: 102665037252067908 bcsId: 3490} | ret=SUCCESS |  
2019-08-23 07:09:07,582 | INFO  | DNAudit | user=null | ip=null | op=WRITE_CHUNK {blockData=conID: 2 locID: 102665037252067908 bcsId: 3490} | ret=SUCCESS |  
2019-08-23 07:09:07,582 | INFO  | DNAudit | user=null | ip=null | op=WRITE_CHUNK {blockData=conID: 2 locID: 102665037252067908 bcsId: 3490} | ret=SUCCESS |  
2019-08-23 07:09:07,583 | INFO  | DNAudit | user=null | ip=null | op=WRITE_CHUNK {blockData=conID: 2 locID: 102665037252067908 bcsId: 3484} | ret=SUCCESS |  
2019-08-23 07:09:07,584 | INFO  | DNAudit | user=null | ip=null | op=WRITE_CHUNK {blockData=conID: 2 locID: 102665037252067908 bcsId: 3484} | ret=SUCCESS |  
2019-08-23 07:09:07,584 | INFO  | DNAudit | user=null | ip=null | op=PUT_BLOCK {blockData=[blockId=conID: 2 locID: 102665037252067908 bcsId: 0,size=3145728]} | ret=SUCCESS |  
2019-08-23 07:09:07,584 | INFO  | DNAudit | user=null | ip=null | op=PUT_BLOCK {blockData=[blockId=conID: 2 locID: 102665037252067908 bcsId: 0,size=3145728]} | ret=SUCCESS |  
2019-08-23 07:09:07,587 | INFO  | DNAudit | user=null | ip=null | op=WRITE_CHUNK {blockData=conID: 2 locID: 102665037252067908 bcsId: 3490} | ret=SUCCESS |  
2019-08-23 07:09:07,587 | INFO  | DNAudit | user=null | ip=null | op=PUT_BLOCK {blockData=[blockId=conID: 2 locID: 102665037252067908 bcsId: 0,size=4194304]} | ret=SUCCESS |  
2019-08-23 07:09:07,587 [grpc-default-executor-3] INFO  client.GrpcClientProtocolClient (GrpcClientProtocolClient.java:onNext(255)) - client-D91E5D1E15CE->f2ba01fc-a63e-4348-bd18-030b60a135e7: receive RaftClientReply:client-D91E5D1E15CE->f2ba01fc-a63e-4348-bd18-030b60a135e7@group-C8C62FEF0626, cid=2366, SUCCESS, logIndex=3493, commits[f2ba01fc-a63e-4348-bd18-030b60a135e7:c3494, eab135d4-a257-4705-b491-6c056b8c5df7:c3490, a4f67574-9018-43e7-8a54-351e98dc3d0a:c3490]
2019-08-23 07:09:07,588 [grpc-default-executor-3] INFO  client.GrpcClientProtocolClient (GrpcClientProtocolClient.java:onNext(255)) - client-D91E5D1E15CE->f2ba01fc-a63e-4348-bd18-030b60a135e7: receive RaftClientReply:client-D91E5D1E15CE->f2ba01fc-a63e-4348-bd18-030b60a135e7@group-C8C62FEF0626, cid=2367, SUCCESS, logIndex=3494, commits[f2ba01fc-a63e-4348-bd18-030b60a135e7:c3494, eab135d4-a257-4705-b491-6c056b8c5df7:c3490, a4f67574-9018-43e7-8a54-351e98dc3d0a:c3490]
2019-08-23 07:09:07,589 | INFO  | DNAudit | user=null | ip=null | op=WRITE_CHUNK {blockData=conID: 2 locID: 102665037252067908 bcsId: 3490} | ret=SUCCESS |  
2019-08-23 07:09:07,589 | INFO  | DNAudit | user=null | ip=null | op=WRITE_CHUNK {blockData=conID: 2 locID: 102665037252067908 bcsId: 3490} | ret=SUCCESS |  
2019-08-23 07:09:07,591 | INFO  | DNAudit | user=null | ip=null | op=PUT_BLOCK {blockData=[blockId=conID: 2 locID: 102665037252067908 bcsId: 0,size=4194304]} | ret=SUCCESS |  
2019-08-23 07:09:07,591 | INFO  | DNAudit | user=null | ip=null | op=PUT_BLOCK {blockData=[blockId=conID: 2 locID: 102665037252067908 bcsId: 0,size=4194304]} | ret=SUCCESS |  
2019-08-23 07:09:07,592 [grpc-default-executor-3] INFO  client.GrpcClientProtocolClient (GrpcClientProtocolClient.java:onNext(255)) - client-D91E5D1E15CE->f2ba01fc-a63e-4348-bd18-030b60a135e7: receive RaftClientReply:client-D91E5D1E15CE->f2ba01fc-a63e-4348-bd18-030b60a135e7@group-C8C62FEF0626, cid=2368, SUCCESS, logIndex=0, commits[f2ba01fc-a63e-4348-bd18-030b60a135e7:c3496, eab135d4-a257-4705-b491-6c056b8c5df7:c3494, a4f67574-9018-43e7-8a54-351e98dc3d0a:c3494]
2019-08-23 07:09:07,600 | INFO  | SCMAudit | user=jenkins1000 | ip=192.168.5.178 | op=ALLOCATE_BLOCK {owner=aaf04d22-10dd-4717-8862-c651bdde72cf, size=4194304, type=RATIS, factor=THREE} | ret=SUCCESS |  
2019-08-23 07:09:07,605 | INFO  | OMAudit | user=jenkins1000 | ip=127.0.0.1 | op=ALLOCATE_BLOCK {volume=vol-0-67663, bucket=bucket-0-68950, key=key-0-26970, dataSize=0, replicationType=null, replicationFactor=null, keyLocationInfo=null, clientID=102665036030476690} | ret=SUCCESS |  
2019-08-23 07:09:07,611 | INFO  | DNAudit | user=null | ip=null | op=WRITE_CHUNK {blockData=conID: 3 locID: 102665037257114181 bcsId: 0} | ret=SUCCESS |  
2019-08-23 07:09:07,613 | INFO  | DNAudit | user=null | ip=null | op=WRITE_CHUNK {blockData=conID: 3 locID: 102665037257114181 bcsId: 0} | ret=SUCCESS |  
2019-08-23 07:09:07,613 | INFO  | DNAudit | user=null | ip=null | op=WRITE_CHUNK {blockData=conID: 3 locID: 102665037257114181 bcsId: 0} | ret=SUCCESS |  
2019-08-23 07:09:07,614 | INFO  | DNAudit | user=null | ip=null | op=WRITE_CHUNK {blockData=conID: 3 locID: 102665037257114181 bcsId: 0} | ret=SUCCESS |  
2019-08-23 07:09:07,616 | INFO  | DNAudit | user=null | ip=null | op=WRITE_CHUNK {blockData=conID: 3 locID: 102665037257114181 bcsId: 0} | ret=SUCCESS |  
2019-08-23 07:09:07,616 | INFO  | DNAudit | user=null | ip=null | op=PUT_BLOCK {blockData=[blockId=conID: 3 locID: 102665037257114181 bcsId: 0,size=1048576]} | ret=SUCCESS |  
2019-08-23 07:09:07,616 [grpc-default-executor-2] INFO  client.GrpcClientProtocolClient (GrpcClientProtocolClient.java:onNext(255)) - client-D91E5D1E15CE->f2ba01fc-a63e-4348-bd18-030b60a135e7: receive RaftClientReply:client-D91E5D1E15CE->f2ba01fc-a63e-4348-bd18-030b60a135e7@group-C8C62FEF0626, cid=2369, SUCCESS, logIndex=3497, commits[f2ba01fc-a63e-4348-bd18-030b60a135e7:c3498, eab135d4-a257-4705-b491-6c056b8c5df7:c3496, a4f67574-9018-43e7-8a54-351e98dc3d0a:c3494]
2019-08-23 07:09:07,617 | INFO  | DNAudit | user=null | ip=null | op=WRITE_CHUNK {blockData=conID: 3 locID: 102665037257114181 bcsId: 0} | ret=SUCCESS |  
2019-08-23 07:09:07,617 | INFO  | DNAudit | user=null | ip=null | op=WRITE_CHUNK {blockData=conID: 3 locID: 102665037257114181 bcsId: 0} | ret=SUCCESS |  
2019-08-23 07:09:07,617 [grpc-default-executor-2] INFO  client.GrpcClientProtocolClient (GrpcClientProtocolClient.java:onNext(255)) - client-D91E5D1E15CE->f2ba01fc-a63e-4348-bd18-030b60a135e7: receive RaftClientReply:client-D91E5D1E15CE->f2ba01fc-a63e-4348-bd18-030b60a135e7@group-C8C62FEF0626, cid=2370, SUCCESS, logIndex=3498, commits[f2ba01fc-a63e-4348-bd18-030b60a135e7:c3498, eab135d4-a257-4705-b491-6c056b8c5df7:c3496, a4f67574-9018-43e7-8a54-351e98dc3d0a:c3496]
2019-08-23 07:09:07,618 | INFO  | DNAudit | user=null | ip=null | op=WRITE_CHUNK {blockData=conID: 3 locID: 102665037257114181 bcsId: 0} | ret=SUCCESS |  
2019-08-23 07:09:07,618 | INFO  | DNAudit | user=null | ip=null | op=PUT_BLOCK {blockData=[blockId=conID: 3 locID: 102665037257114181 bcsId: 0,size=1048576]} | ret=SUCCESS |  
2019-08-23 07:09:07,619 | INFO  | DNAudit | user=null | ip=null | op=WRITE_CHUNK {blockData=conID: 3 locID: 102665037257114181 bcsId: 0} | ret=SUCCESS |  
2019-08-23 07:09:07,619 | INFO  | DNAudit | user=null | ip=null | op=WRITE_CHUNK {blockData=conID: 3 locID: 102665037257114181 bcsId: 0} | ret=SUCCESS |  
2019-08-23 07:09:07,619 | INFO  | DNAudit | user=null | ip=null | op=PUT_BLOCK {blockData=[blockId=conID: 3 locID: 102665037257114181 bcsId: 0,size=1048576]} | ret=SUCCESS |  
2019-08-23 07:09:07,619 | INFO  | DNAudit | user=null | ip=null | op=PUT_BLOCK {blockData=[blockId=conID: 3 locID: 102665037257114181 bcsId: 0,size=2097152]} | ret=SUCCESS |  
2019-08-23 07:09:07,620 [grpc-default-executor-4] INFO  client.GrpcClientProtocolClient (GrpcClientProtocolClient.java:onNext(255)) - client-D91E5D1E15CE->f2ba01fc-a63e-4348-bd18-030b60a135e7: receive RaftClientReply:client-D91E5D1E15CE->f2ba01fc-a63e-4348-bd18-030b60a135e7@group-C8C62FEF0626, cid=2371, SUCCESS, logIndex=3499, commits[f2ba01fc-a63e-4348-bd18-030b60a135e7:c3502, eab135d4-a257-4705-b491-6c056b8c5df7:c3498, a4f67574-9018-43e7-8a54-351e98dc3d0a:c3496]
2019-08-23 07:09:07,620 [grpc-default-executor-4] INFO  client.GrpcClientProtocolClient (GrpcClientProtocolClient.java:onNext(255)) - client-D91E5D1E15CE->f2ba01fc-a63e-4348-bd18-030b60a135e7: receive RaftClientReply:client-D91E5D1E15CE->f2ba01fc-a63e-4348-bd18-030b60a135e7@group-C8C62FEF0626, cid=2372, SUCCESS, logIndex=3500, commits[f2ba01fc-a63e-4348-bd18-030b60a135e7:c3502, eab135d4-a257-4705-b491-6c056b8c5df7:c3498, a4f67574-9018-43e7-8a54-351e98dc3d0a:c3496]
2019-08-23 07:09:07,621 | INFO  | DNAudit | user=null | ip=null | op=WRITE_CHUNK {blockData=conID: 3 locID: 102665037257114181 bcsId: 0} | ret=SUCCESS |  
2019-08-23 07:09:07,621 | INFO  | DNAudit | user=null | ip=null | op=WRITE_CHUNK {blockData=conID: 3 locID: 102665037257114181 bcsId: 0} | ret=SUCCESS |  
2019-08-23 07:09:07,621 [grpc-default-executor-4] INFO  client.GrpcClientProtocolClient (GrpcClientProtocolClient.java:onNext(255)) - client-D91E5D1E15CE->f2ba01fc-a63e-4348-bd18-030b60a135e7: receive RaftClientReply:client-D91E5D1E15CE->f2ba01fc-a63e-4348-bd18-030b60a135e7@group-C8C62FEF0626, cid=2373, SUCCESS, logIndex=0, commits[f2ba01fc-a63e-4348-bd18-030b60a135e7:c3502, eab135d4-a257-4705-b491-6c056b8c5df7:c3498, a4f67574-9018-43e7-8a54-351e98dc3d0a:c3498]
2019-08-23 07:09:07,621 | INFO  | DNAudit | user=null | ip=null | op=PUT_BLOCK {blockData=[blockId=conID: 3 locID: 102665037257114181 bcsId: 0,size=2097152]} | ret=SUCCESS |  
2019-08-23 07:09:07,621 | INFO  | DNAudit | user=null | ip=null | op=PUT_BLOCK {blockData=[blockId=conID: 3 locID: 102665037257114181 bcsId: 0,size=2097152]} | ret=SUCCESS |  
2019-08-23 07:09:07,627 | INFO  | DNAudit | user=null | ip=null | op=WRITE_CHUNK {blockData=conID: 3 locID: 102665037257114181 bcsId: 3500} | ret=SUCCESS |  
2019-08-23 07:09:07,629 | INFO  | DNAudit | user=null | ip=null | op=WRITE_CHUNK {blockData=conID: 3 locID: 102665037257114181 bcsId: 3500} | ret=SUCCESS |  
2019-08-23 07:09:07,630 | INFO  | DNAudit | user=null | ip=null | op=WRITE_CHUNK {blockData=conID: 3 locID: 102665037257114181 bcsId: 3500} | ret=SUCCESS |  
2019-08-23 07:09:07,641 | INFO  | DNAudit | user=null | ip=null | op=WRITE_CHUNK {blockData=conID: 3 locID: 102665037257114181 bcsId: 3500} | ret=SUCCESS |  
2019-08-23 07:09:07,642 | INFO  | DNAudit | user=null | ip=null | op=PUT_BLOCK {blockData=[blockId=conID: 3 locID: 102665037257114181 bcsId: 0,size=3145728]} | ret=SUCCESS |  
2019-08-23 07:09:07,642 [grpc-default-executor-3] INFO  client.GrpcClientProtocolClient (GrpcClientProtocolClient.java:onNext(255)) - client-D91E5D1E15CE->f2ba01fc-a63e-4348-bd18-030b60a135e7: receive RaftClientReply:client-D91E5D1E15CE->f2ba01fc-a63e-4348-bd18-030b60a135e7@group-C8C62FEF0626, cid=2374, SUCCESS, logIndex=3505, commits[f2ba01fc-a63e-4348-bd18-030b60a135e7:c3506, eab135d4-a257-4705-b491-6c056b8c5df7:c3504, a4f67574-9018-43e7-8a54-351e98dc3d0a:c3504]
2019-08-23 07:09:07,642 [grpc-default-executor-3] INFO  client.GrpcClientProtocolClient (GrpcClientProtocolClient.java:onNext(255)) - client-D91E5D1E15CE->f2ba01fc-a63e-4348-bd18-030b60a135e7: receive RaftClientReply:client-D91E5D1E15CE->f2ba01fc-a63e-4348-bd18-030b60a135e7@group-C8C62FEF0626, cid=2375, SUCCESS, logIndex=3506, commits[f2ba01fc-a63e-4348-bd18-030b60a135e7:c3506, eab135d4-a257-4705-b491-6c056b8c5df7:c3504, a4f67574-9018-43e7-8a54-351e98dc3d0a:c3504]
2019-08-23 07:09:07,648 | INFO  | DNAudit | user=null | ip=null | op=WRITE_CHUNK {blockData=conID: 3 locID: 102665037257114181 bcsId: 3506} | ret=SUCCESS |  
2019-08-23 07:09:07,650 | INFO  | DNAudit | user=null | ip=null | op=WRITE_CHUNK {blockData=conID: 3 locID: 102665037257114181 bcsId: 3506} | ret=SUCCESS |  
2019-08-23 07:09:07,650 | INFO  | DNAudit | user=null | ip=null | op=WRITE_CHUNK {blockData=conID: 3 locID: 102665037257114181 bcsId: 3506} | ret=SUCCESS |  
2019-08-23 07:09:07,656 | INFO  | DNAudit | user=null | ip=null | op=WRITE_CHUNK {blockData=conID: 3 locID: 102665037257114181 bcsId: 3500} | ret=SUCCESS |  
2019-08-23 07:09:07,656 | INFO  | DNAudit | user=null | ip=null | op=WRITE_CHUNK {blockData=conID: 3 locID: 102665037257114181 bcsId: 3500} | ret=SUCCESS |  
2019-08-23 07:09:07,657 | INFO  | DNAudit | user=null | ip=null | op=PUT_BLOCK {blockData=[blockId=conID: 3 locID: 102665037257114181 bcsId: 0,size=3145728]} | ret=SUCCESS |  
2019-08-23 07:09:07,657 | INFO  | DNAudit | user=null | ip=null | op=PUT_BLOCK {blockData=[blockId=conID: 3 locID: 102665037257114181 bcsId: 0,size=3145728]} | ret=SUCCESS |  
2019-08-23 07:09:07,658 | INFO  | DNAudit | user=null | ip=null | op=WRITE_CHUNK {blockData=conID: 3 locID: 102665037257114181 bcsId: 3506} | ret=SUCCESS |  
2019-08-23 07:09:07,658 | INFO  | DNAudit | user=null | ip=null | op=PUT_BLOCK {blockData=[blockId=conID: 3 locID: 102665037257114181 bcsId: 0,size=4194304]} | ret=SUCCESS |  
2019-08-23 07:09:07,658 [grpc-default-executor-2] INFO  client.GrpcClientProtocolClient (GrpcClientProtocolClient.java:onNext(255)) - client-D91E5D1E15CE->f2ba01fc-a63e-4348-bd18-030b60a135e7: receive RaftClientReply:client-D91E5D1E15CE->f2ba01fc-a63e-4348-bd18-030b60a135e7@group-C8C62FEF0626, cid=2376, SUCCESS, logIndex=3509, commits[f2ba01fc-a63e-4348-bd18-030b60a135e7:c3510, eab135d4-a257-4705-b491-6c056b8c5df7:c3506, a4f67574-9018-43e7-8a54-351e98dc3d0a:c3506]
2019-08-23 07:09:07,659 [grpc-default-executor-2] INFO  client.GrpcClientProtocolClient (GrpcClientProtocolClient.java:onNext(255)) - client-D91E5D1E15CE->f2ba01fc-a63e-4348-bd18-030b60a135e7: receive RaftClientReply:client-D91E5D1E15CE->f2ba01fc-a63e-4348-bd18-030b60a135e7@group-C8C62FEF0626, cid=2377, SUCCESS, logIndex=3510, commits[f2ba01fc-a63e-4348-bd18-030b60a135e7:c3510, eab135d4-a257-4705-b491-6c056b8c5df7:c3506, a4f67574-9018-43e7-8a54-351e98dc3d0a:c3506]
2019-08-23 07:09:07,670 | INFO  | DNAudit | user=null | ip=null | op=WRITE_CHUNK {blockData=conID: 3 locID: 102665037257114181 bcsId: 3506} | ret=SUCCESS |  
2019-08-23 07:09:07,670 | INFO  | DNAudit | user=null | ip=null | op=WRITE_CHUNK {blockData=conID: 3 locID: 102665037257114181 bcsId: 3506} | ret=SUCCESS |  
2019-08-23 07:09:07,670 | INFO  | DNAudit | user=null | ip=null | op=PUT_BLOCK {blockData=[blockId=conID: 3 locID: 102665037257114181 bcsId: 0,size=4194304]} | ret=SUCCESS |  
2019-08-23 07:09:07,670 | INFO  | DNAudit | user=null | ip=null | op=PUT_BLOCK {blockData=[blockId=conID: 3 locID: 102665037257114181 bcsId: 0,size=4194304]} | ret=SUCCESS |  
2019-08-23 07:09:07,670 [grpc-default-executor-2] INFO  client.GrpcClientProtocolClient (GrpcClientProtocolClient.java:onNext(255)) - client-D91E5D1E15CE->f2ba01fc-a63e-4348-bd18-030b60a135e7: receive RaftClientReply:client-D91E5D1E15CE->f2ba01fc-a63e-4348-bd18-030b60a135e7@group-C8C62FEF0626, cid=2378, SUCCESS, logIndex=0, commits[f2ba01fc-a63e-4348-bd18-030b60a135e7:c3511, eab135d4-a257-4705-b491-6c056b8c5df7:c3510, a4f67574-9018-43e7-8a54-351e98dc3d0a:c3510]
2019-08-23 07:09:07,676 | INFO  | SCMAudit | user=jenkins1000 | ip=192.168.5.178 | op=ALLOCATE_BLOCK {owner=aaf04d22-10dd-4717-8862-c651bdde72cf, size=4194304, type=RATIS, factor=THREE} | ret=SUCCESS |  
2019-08-23 07:09:07,679 | INFO  | OMAudit | user=jenkins1000 | ip=127.0.0.1 | op=ALLOCATE_BLOCK {volume=vol-0-67663, bucket=bucket-0-68950, key=key-0-26970, dataSize=0, replicationType=null, replicationFactor=null, keyLocationInfo=null, clientID=102665036030476690} | ret=SUCCESS |  
2019-08-23 07:09:07,686 | INFO  | DNAudit | user=null | ip=null | op=WRITE_CHUNK {blockData=conID: 1 locID: 102665037262094918 bcsId: 0} | ret=SUCCESS |  
2019-08-23 07:09:07,688 | INFO  | DNAudit | user=null | ip=null | op=WRITE_CHUNK {blockData=conID: 1 locID: 102665037262094918 bcsId: 0} | ret=SUCCESS |  
2019-08-23 07:09:07,688 | INFO  | DNAudit | user=null | ip=null | op=WRITE_CHUNK {blockData=conID: 1 locID: 102665037262094918 bcsId: 0} | ret=SUCCESS |  
2019-08-23 07:09:07,688 | INFO  | DNAudit | user=null | ip=null | op=WRITE_CHUNK {blockData=conID: 1 locID: 102665037262094918 bcsId: 0} | ret=SUCCESS |  
2019-08-23 07:09:07,689 | INFO  | DNAudit | user=null | ip=null | op=WRITE_CHUNK {blockData=conID: 1 locID: 102665037262094918 bcsId: 0} | ret=SUCCESS |  
2019-08-23 07:09:07,689 | INFO  | DNAudit | user=null | ip=null | op=WRITE_CHUNK {blockData=conID: 1 locID: 102665037262094918 bcsId: 0} | ret=SUCCESS |  
2019-08-23 07:09:07,698 | INFO  | DNAudit | user=null | ip=null | op=WRITE_CHUNK {blockData=conID: 1 locID: 102665037262094918 bcsId: 0} | ret=SUCCESS |  
2019-08-23 07:09:07,699 | INFO  | DNAudit | user=null | ip=null | op=PUT_BLOCK {blockData=[blockId=conID: 1 locID: 102665037262094918 bcsId: 0,size=1048576]} | ret=SUCCESS |  
2019-08-23 07:09:07,699 | INFO  | DNAudit | user=null | ip=null | op=WRITE_CHUNK {blockData=conID: 1 locID: 102665037262094918 bcsId: 0} | ret=SUCCESS |  
2019-08-23 07:09:07,699 | INFO  | DNAudit | user=null | ip=null | op=PUT_BLOCK {blockData=[blockId=conID: 1 locID: 102665037262094918 bcsId: 0,size=2097152]} | ret=SUCCESS |  
2019-08-23 07:09:07,699 [grpc-default-executor-4] INFO  client.GrpcClientProtocolClient (GrpcClientProtocolClient.java:onNext(255)) - client-D91E5D1E15CE->f2ba01fc-a63e-4348-bd18-030b60a135e7: receive RaftClientReply:client-D91E5D1E15CE->f2ba01fc-a63e-4348-bd18-030b60a135e7@group-C8C62FEF0626, cid=2379, SUCCESS, logIndex=3513, commits[f2ba01fc-a63e-4348-bd18-030b60a135e7:c3514, eab135d4-a257-4705-b491-6c056b8c5df7:c3512, a4f67574-9018-43e7-8a54-351e98dc3d0a:c3512]
2019-08-23 07:09:07,700 [grpc-default-executor-4] INFO  client.GrpcClientProtocolClient (GrpcClientProtocolClient.java:onNext(255)) - client-D91E5D1E15CE->f2ba01fc-a63e-4348-bd18-030b60a135e7: receive RaftClientReply:client-D91E5D1E15CE->f2ba01fc-a63e-4348-bd18-030b60a135e7@group-C8C62FEF0626, cid=2380, SUCCESS, logIndex=3514, commits[f2ba01fc-a63e-4348-bd18-030b60a135e7:c3516, eab135d4-a257-4705-b491-6c056b8c5df7:c3512, a4f67574-9018-43e7-8a54-351e98dc3d0a:c3512]
2019-08-23 07:09:07,700 | INFO  | DNAudit | user=null | ip=null | op=WRITE_CHUNK {blockData=conID: 1 locID: 102665037262094918 bcsId: 0} | ret=SUCCESS |  
2019-08-23 07:09:07,700 [grpc-default-executor-4] INFO  client.GrpcClientProtocolClient (GrpcClientProtocolClient.java:onNext(255)) - client-D91E5D1E15CE->f2ba01fc-a63e-4348-bd18-030b60a135e7: receive RaftClientReply:client-D91E5D1E15CE->f2ba01fc-a63e-4348-bd18-030b60a135e7@group-C8C62FEF0626, cid=2381, SUCCESS, logIndex=3515, commits[f2ba01fc-a63e-4348-bd18-030b60a135e7:c3516, eab135d4-a257-4705-b491-6c056b8c5df7:c3512, a4f67574-9018-43e7-8a54-351e98dc3d0a:c3512]
2019-08-23 07:09:07,700 | INFO  | DNAudit | user=null | ip=null | op=WRITE_CHUNK {blockData=conID: 1 locID: 102665037262094918 bcsId: 0} | ret=SUCCESS |  
2019-08-23 07:09:07,700 | INFO  | DNAudit | user=null | ip=null | op=PUT_BLOCK {blockData=[blockId=conID: 1 locID: 102665037262094918 bcsId: 0,size=1048576]} | ret=SUCCESS |  
2019-08-23 07:09:07,700 [grpc-default-executor-4] INFO  client.GrpcClientProtocolClient (GrpcClientProtocolClient.java:onNext(255)) - client-D91E5D1E15CE->f2ba01fc-a63e-4348-bd18-030b60a135e7: receive RaftClientReply:client-D91E5D1E15CE->f2ba01fc-a63e-4348-bd18-030b60a135e7@group-C8C62FEF0626, cid=2382, SUCCESS, logIndex=3516, commits[f2ba01fc-a63e-4348-bd18-030b60a135e7:c3516, eab135d4-a257-4705-b491-6c056b8c5df7:c3512, a4f67574-9018-43e7-8a54-351e98dc3d0a:c3512]
2019-08-23 07:09:07,700 | INFO  | DNAudit | user=null | ip=null | op=PUT_BLOCK {blockData=[blockId=conID: 1 locID: 102665037262094918 bcsId: 0,size=1048576]} | ret=SUCCESS |  
2019-08-23 07:09:07,701 [grpc-default-executor-4] INFO  client.GrpcClientProtocolClient (GrpcClientProtocolClient.java:onNext(255)) - client-D91E5D1E15CE->f2ba01fc-a63e-4348-bd18-030b60a135e7: receive RaftClientReply:client-D91E5D1E15CE->f2ba01fc-a63e-4348-bd18-030b60a135e7@group-C8C62FEF0626, cid=2383, SUCCESS, logIndex=0, commits[f2ba01fc-a63e-4348-bd18-030b60a135e7:c3517, eab135d4-a257-4705-b491-6c056b8c5df7:c3514, a4f67574-9018-43e7-8a54-351e98dc3d0a:c3514]
2019-08-23 07:09:07,701 | INFO  | DNAudit | user=null | ip=null | op=WRITE_CHUNK {blockData=conID: 1 locID: 102665037262094918 bcsId: 0} | ret=SUCCESS |  
2019-08-23 07:09:07,701 | INFO  | DNAudit | user=null | ip=null | op=PUT_BLOCK {blockData=[blockId=conID: 1 locID: 102665037262094918 bcsId: 0,size=2097152]} | ret=SUCCESS |  
2019-08-23 07:09:07,701 | INFO  | DNAudit | user=null | ip=null | op=WRITE_CHUNK {blockData=conID: 1 locID: 102665037262094918 bcsId: 0} | ret=SUCCESS |  
2019-08-23 07:09:07,702 | INFO  | DNAudit | user=null | ip=null | op=PUT_BLOCK {blockData=[blockId=conID: 1 locID: 102665037262094918 bcsId: 0,size=2097152]} | ret=SUCCESS |  
2019-08-23 07:09:07,707 | INFO  | DNAudit | user=null | ip=null | op=WRITE_CHUNK {blockData=conID: 1 locID: 102665037262094918 bcsId: 3516} | ret=SUCCESS |  
2019-08-23 07:09:07,709 | INFO  | DNAudit | user=null | ip=null | op=WRITE_CHUNK {blockData=conID: 1 locID: 102665037262094918 bcsId: 3516} | ret=SUCCESS |  
2019-08-23 07:09:07,709 | INFO  | DNAudit | user=null | ip=null | op=WRITE_CHUNK {blockData=conID: 1 locID: 102665037262094918 bcsId: 3516} | ret=SUCCESS |  
2019-08-23 07:09:07,720 | INFO  | DNAudit | user=null | ip=null | op=WRITE_CHUNK {blockData=conID: 1 locID: 102665037262094918 bcsId: 3516} | ret=SUCCESS |  
2019-08-23 07:09:07,720 | INFO  | DNAudit | user=null | ip=null | op=PUT_BLOCK {blockData=[blockId=conID: 1 locID: 102665037262094918 bcsId: 0,size=3145728]} | ret=SUCCESS |  
2019-08-23 07:09:07,720 [grpc-default-executor-3] INFO  client.GrpcClientProtocolClient (GrpcClientProtocolClient.java:onNext(255)) - client-D91E5D1E15CE->f2ba01fc-a63e-4348-bd18-030b60a135e7: receive RaftClientReply:client-D91E5D1E15CE->f2ba01fc-a63e-4348-bd18-030b60a135e7@group-C8C62FEF0626, cid=2384, SUCCESS, logIndex=3520, commits[f2ba01fc-a63e-4348-bd18-030b60a135e7:c3521, eab135d4-a257-4705-b491-6c056b8c5df7:c3519, a4f67574-9018-43e7-8a54-351e98dc3d0a:c3519]
2019-08-23 07:09:07,721 [grpc-default-executor-3] INFO  client.GrpcClientProtocolClient (GrpcClientProtocolClient.java:onNext(255)) - client-D91E5D1E15CE->f2ba01fc-a63e-4348-bd18-030b60a135e7: receive RaftClientReply:client-D91E5D1E15CE->f2ba01fc-a63e-4348-bd18-030b60a135e7@group-C8C62FEF0626, cid=2385, SUCCESS, logIndex=3521, commits[f2ba01fc-a63e-4348-bd18-030b60a135e7:c3521, eab135d4-a257-4705-b491-6c056b8c5df7:c3519, a4f67574-9018-43e7-8a54-351e98dc3d0a:c3519]
2019-08-23 07:09:07,727 | INFO  | DNAudit | user=null | ip=null | op=WRITE_CHUNK {blockData=conID: 1 locID: 102665037262094918 bcsId: 3521} | ret=SUCCESS |  
2019-08-23 07:09:07,729 | INFO  | DNAudit | user=null | ip=null | op=WRITE_CHUNK {blockData=conID: 1 locID: 102665037262094918 bcsId: 3521} | ret=SUCCESS |  
2019-08-23 07:09:07,729 | INFO  | DNAudit | user=null | ip=null | op=WRITE_CHUNK {blockData=conID: 1 locID: 102665037262094918 bcsId: 3521} | ret=SUCCESS |  
2019-08-23 07:09:07,731 | INFO  | DNAudit | user=null | ip=null | op=WRITE_CHUNK {blockData=conID: 1 locID: 102665037262094918 bcsId: 3516} | ret=SUCCESS |  
2019-08-23 07:09:07,731 | INFO  | DNAudit | user=null | ip=null | op=WRITE_CHUNK {blockData=conID: 1 locID: 102665037262094918 bcsId: 3516} | ret=SUCCESS |  
2019-08-23 07:09:07,731 | INFO  | DNAudit | user=null | ip=null | op=PUT_BLOCK {blockData=[blockId=conID: 1 locID: 102665037262094918 bcsId: 0,size=3145728]} | ret=SUCCESS |  
2019-08-23 07:09:07,732 | INFO  | DNAudit | user=null | ip=null | op=PUT_BLOCK {blockData=[blockId=conID: 1 locID: 102665037262094918 bcsId: 0,size=3145728]} | ret=SUCCESS |  
2019-08-23 07:09:07,734 | INFO  | DNAudit | user=null | ip=null | op=WRITE_CHUNK {blockData=conID: 1 locID: 102665037262094918 bcsId: 3521} | ret=SUCCESS |  
2019-08-23 07:09:07,735 | INFO  | DNAudit | user=null | ip=null | op=PUT_BLOCK {blockData=[blockId=conID: 1 locID: 102665037262094918 bcsId: 0,size=4194304]} | ret=SUCCESS |  
2019-08-23 07:09:07,735 [grpc-default-executor-4] INFO  client.GrpcClientProtocolClient (GrpcClientProtocolClient.java:onNext(255)) - client-D91E5D1E15CE->f2ba01fc-a63e-4348-bd18-030b60a135e7: receive RaftClientReply:client-D91E5D1E15CE->f2ba01fc-a63e-4348-bd18-030b60a135e7@group-C8C62FEF0626, cid=2386, SUCCESS, logIndex=3524, commits[f2ba01fc-a63e-4348-bd18-030b60a135e7:c3524, eab135d4-a257-4705-b491-6c056b8c5df7:c3521, a4f67574-9018-43e7-8a54-351e98dc3d0a:c3521]
2019-08-23 07:09:07,735 [grpc-default-executor-4] INFO  client.GrpcClientProtocolClient (GrpcClientProtocolClient.java:onNext(255)) - client-D91E5D1E15CE->f2ba01fc-a63e-4348-bd18-030b60a135e7: receive RaftClientReply:client-D91E5D1E15CE->f2ba01fc-a63e-4348-bd18-030b60a135e7@group-C8C62FEF0626, cid=2387, SUCCESS, logIndex=3525, commits[f2ba01fc-a63e-4348-bd18-030b60a135e7:c3525, eab135d4-a257-4705-b491-6c056b8c5df7:c3521, a4f67574-9018-43e7-8a54-351e98dc3d0a:c3521]
2019-08-23 07:09:07,746 | INFO  | DNAudit | user=null | ip=null | op=WRITE_CHUNK {blockData=conID: 1 locID: 102665037262094918 bcsId: 3521} | ret=SUCCESS |  
2019-08-23 07:09:07,746 | INFO  | DNAudit | user=null | ip=null | op=WRITE_CHUNK {blockData=conID: 1 locID: 102665037262094918 bcsId: 3521} | ret=SUCCESS |  
2019-08-23 07:09:07,747 | INFO  | DNAudit | user=null | ip=null | op=PUT_BLOCK {blockData=[blockId=conID: 1 locID: 102665037262094918 bcsId: 0,size=4194304]} | ret=SUCCESS |  
2019-08-23 07:09:07,747 | INFO  | DNAudit | user=null | ip=null | op=PUT_BLOCK {blockData=[blockId=conID: 1 locID: 102665037262094918 bcsId: 0,size=4194304]} | ret=SUCCESS |  
2019-08-23 07:09:07,748 [grpc-default-executor-4] INFO  client.GrpcClientProtocolClient (GrpcClientProtocolClient.java:onNext(255)) - client-D91E5D1E15CE->f2ba01fc-a63e-4348-bd18-030b60a135e7: receive RaftClientReply:client-D91E5D1E15CE->f2ba01fc-a63e-4348-bd18-030b60a135e7@group-C8C62FEF0626, cid=2388, SUCCESS, logIndex=0, commits[f2ba01fc-a63e-4348-bd18-030b60a135e7:c3527, eab135d4-a257-4705-b491-6c056b8c5df7:c3525, a4f67574-9018-43e7-8a54-351e98dc3d0a:c3525]
2019-08-23 07:09:07,752 | INFO  | SCMAudit | user=jenkins1000 | ip=192.168.5.178 | op=ALLOCATE_BLOCK {owner=aaf04d22-10dd-4717-8862-c651bdde72cf, size=4194304, type=RATIS, factor=THREE} | ret=SUCCESS |  
2019-08-23 07:09:07,755 | INFO  | OMAudit | user=jenkins1000 | ip=127.0.0.1 | op=ALLOCATE_BLOCK {volume=vol-0-67663, bucket=bucket-0-68950, key=key-0-26970, dataSize=0, replicationType=null, replicationFactor=null, keyLocationInfo=null, clientID=102665036030476690} | ret=SUCCESS |  
2019-08-23 07:09:07,755 | INFO  | SCMAudit | user=jenkins1000 | ip=192.168.5.178 | op=SEND_HEARTBEAT {datanodeUUID=eab135d4-a257-4705-b491-6c056b8c5df7, command=[]} | ret=SUCCESS |  
2019-08-23 07:09:07,756 | INFO  | SCMAudit | user=jenkins1000 | ip=192.168.5.178 | op=SEND_HEARTBEAT {datanodeUUID=f2ba01fc-a63e-4348-bd18-030b60a135e7, command=[]} | ret=SUCCESS |  
2019-08-23 07:09:07,756 | INFO  | SCMAudit | user=jenkins1000 | ip=192.168.5.178 | op=SEND_HEARTBEAT {datanodeUUID=a4f67574-9018-43e7-8a54-351e98dc3d0a, command=[]} | ret=SUCCESS |  
2019-08-23 07:09:07,761 | INFO  | DNAudit | user=null | ip=null | op=WRITE_CHUNK {blockData=conID: 2 locID: 102665037267075655 bcsId: 0} | ret=SUCCESS |  
2019-08-23 07:09:07,763 | INFO  | DNAudit | user=null | ip=null | op=WRITE_CHUNK {blockData=conID: 2 locID: 102665037267075655 bcsId: 0} | ret=SUCCESS |  
2019-08-23 07:09:07,764 | INFO  | DNAudit | user=null | ip=null | op=WRITE_CHUNK {blockData=conID: 2 locID: 102665037267075655 bcsId: 0} | ret=SUCCESS |  
2019-08-23 07:09:07,764 | INFO  | DNAudit | user=null | ip=null | op=WRITE_CHUNK {blockData=conID: 2 locID: 102665037267075655 bcsId: 0} | ret=SUCCESS |  
2019-08-23 07:09:07,766 | INFO  | DNAudit | user=null | ip=null | op=WRITE_CHUNK {blockData=conID: 2 locID: 102665037267075655 bcsId: 0} | ret=SUCCESS |  
2019-08-23 07:09:07,766 | INFO  | DNAudit | user=null | ip=null | op=WRITE_CHUNK {blockData=conID: 2 locID: 102665037267075655 bcsId: 0} | ret=SUCCESS |  
2019-08-23 07:09:07,773 | INFO  | DNAudit | user=null | ip=null | op=WRITE_CHUNK {blockData=conID: 2 locID: 102665037267075655 bcsId: 0} | ret=SUCCESS |  
2019-08-23 07:09:07,774 | INFO  | DNAudit | user=null | ip=null | op=PUT_BLOCK {blockData=[blockId=conID: 2 locID: 102665037267075655 bcsId: 0,size=1048576]} | ret=SUCCESS |  
2019-08-23 07:09:07,774 [grpc-default-executor-2] INFO  client.GrpcClientProtocolClient (GrpcClientProtocolClient.java:onNext(255)) - client-D91E5D1E15CE->f2ba01fc-a63e-4348-bd18-030b60a135e7: receive RaftClientReply:client-D91E5D1E15CE->f2ba01fc-a63e-4348-bd18-030b60a135e7@group-C8C62FEF0626, cid=2389, SUCCESS, logIndex=3528, commits[f2ba01fc-a63e-4348-bd18-030b60a135e7:c3529, eab135d4-a257-4705-b491-6c056b8c5df7:c3527, a4f67574-9018-43e7-8a54-351e98dc3d0a:c3527]
2019-08-23 07:09:07,774 [grpc-default-executor-2] INFO  client.GrpcClientProtocolClient (GrpcClientProtocolClient.java:onNext(255)) - client-D91E5D1E15CE->f2ba01fc-a63e-4348-bd18-030b60a135e7: receive RaftClientReply:client-D91E5D1E15CE->f2ba01fc-a63e-4348-bd18-030b60a135e7@group-C8C62FEF0626, cid=2390, SUCCESS, logIndex=3529, commits[f2ba01fc-a63e-4348-bd18-030b60a135e7:c3529, eab135d4-a257-4705-b491-6c056b8c5df7:c3527, a4f67574-9018-43e7-8a54-351e98dc3d0a:c3527]
2019-08-23 07:09:07,778 | INFO  | DNAudit | user=null | ip=null | op=WRITE_CHUNK {blockData=conID: 2 locID: 102665037267075655 bcsId: 0} | ret=SUCCESS |  
2019-08-23 07:09:07,778 | INFO  | DNAudit | user=null | ip=null | op=PUT_BLOCK {blockData=[blockId=conID: 2 locID: 102665037267075655 bcsId: 0,size=2097152]} | ret=SUCCESS |  
2019-08-23 07:09:07,779 [grpc-default-executor-4] INFO  client.GrpcClientProtocolClient (GrpcClientProtocolClient.java:onNext(255)) - client-D91E5D1E15CE->f2ba01fc-a63e-4348-bd18-030b60a135e7: receive RaftClientReply:client-D91E5D1E15CE->f2ba01fc-a63e-4348-bd18-030b60a135e7@group-C8C62FEF0626, cid=2391, SUCCESS, logIndex=3530, commits[f2ba01fc-a63e-4348-bd18-030b60a135e7:c3531, eab135d4-a257-4705-b491-6c056b8c5df7:c3527, a4f67574-9018-43e7-8a54-351e98dc3d0a:c3527]
2019-08-23 07:09:07,779 [grpc-default-executor-4] INFO  client.GrpcClientProtocolClient (GrpcClientProtocolClient.java:onNext(255)) - client-D91E5D1E15CE->f2ba01fc-a63e-4348-bd18-030b60a135e7: receive RaftClientReply:client-D91E5D1E15CE->f2ba01fc-a63e-4348-bd18-030b60a135e7@group-C8C62FEF0626, cid=2392, SUCCESS, logIndex=3531, commits[f2ba01fc-a63e-4348-bd18-030b60a135e7:c3531, eab135d4-a257-4705-b491-6c056b8c5df7:c3527, a4f67574-9018-43e7-8a54-351e98dc3d0a:c3527]
2019-08-23 07:09:07,787 | INFO  | DNAudit | user=null | ip=null | op=WRITE_CHUNK {blockData=conID: 2 locID: 102665037267075655 bcsId: 0} | ret=SUCCESS |  
2019-08-23 07:09:07,787 | INFO  | DNAudit | user=null | ip=null | op=WRITE_CHUNK {blockData=conID: 2 locID: 102665037267075655 bcsId: 0} | ret=SUCCESS |  
2019-08-23 07:09:07,787 | INFO  | DNAudit | user=null | ip=null | op=PUT_BLOCK {blockData=[blockId=conID: 2 locID: 102665037267075655 bcsId: 0,size=1048576]} | ret=SUCCESS |  
2019-08-23 07:09:07,787 | INFO  | DNAudit | user=null | ip=null | op=PUT_BLOCK {blockData=[blockId=conID: 2 locID: 102665037267075655 bcsId: 0,size=1048576]} | ret=SUCCESS |  
2019-08-23 07:09:07,788 [grpc-default-executor-4] INFO  client.GrpcClientProtocolClient (GrpcClientProtocolClient.java:onNext(255)) - client-D91E5D1E15CE->f2ba01fc-a63e-4348-bd18-030b60a135e7: receive RaftClientReply:client-D91E5D1E15CE->f2ba01fc-a63e-4348-bd18-030b60a135e7@group-C8C62FEF0626, cid=2393, SUCCESS, logIndex=0, commits[f2ba01fc-a63e-4348-bd18-030b60a135e7:c3533, eab135d4-a257-4705-b491-6c056b8c5df7:c3529, a4f67574-9018-43e7-8a54-351e98dc3d0a:c3529]
2019-08-23 07:09:07,790 | INFO  | DNAudit | user=null | ip=null | op=WRITE_CHUNK {blockData=conID: 2 locID: 102665037267075655 bcsId: 0} | ret=SUCCESS |  
2019-08-23 07:09:07,790 | INFO  | DNAudit | user=null | ip=null | op=WRITE_CHUNK {blockData=conID: 2 locID: 102665037267075655 bcsId: 0} | ret=SUCCESS |  
2019-08-23 07:09:07,790 | INFO  | DNAudit | user=null | ip=null | op=PUT_BLOCK {blockData=[blockId=conID: 2 locID: 102665037267075655 bcsId: 0,size=2097152]} | ret=SUCCESS |  
2019-08-23 07:09:07,790 | INFO  | DNAudit | user=null | ip=null | op=PUT_BLOCK {blockData=[blockId=conID: 2 locID: 102665037267075655 bcsId: 0,size=2097152]} | ret=SUCCESS |  
2019-08-23 07:09:07,795 | INFO  | DNAudit | user=null | ip=null | op=WRITE_CHUNK {blockData=conID: 2 locID: 102665037267075655 bcsId: 3531} | ret=SUCCESS |  
2019-08-23 07:09:07,797 | INFO  | DNAudit | user=null | ip=null | op=WRITE_CHUNK {blockData=conID: 2 locID: 102665037267075655 bcsId: 3531} | ret=SUCCESS |  
2019-08-23 07:09:07,797 | INFO  | DNAudit | user=null | ip=null | op=WRITE_CHUNK {blockData=conID: 2 locID: 102665037267075655 bcsId: 3531} | ret=SUCCESS |  
2019-08-23 07:09:07,807 | INFO  | DNAudit | user=null | ip=null | op=WRITE_CHUNK {blockData=conID: 2 locID: 102665037267075655 bcsId: 3531} | ret=SUCCESS |  
2019-08-23 07:09:07,807 | INFO  | DNAudit | user=null | ip=null | op=PUT_BLOCK {blockData=[blockId=conID: 2 locID: 102665037267075655 bcsId: 0,size=3145728]} | ret=SUCCESS |  
2019-08-23 07:09:07,807 [grpc-default-executor-6] INFO  client.GrpcClientProtocolClient (GrpcClientProtocolClient.java:onNext(255)) - client-D91E5D1E15CE->f2ba01fc-a63e-4348-bd18-030b60a135e7: receive RaftClientReply:client-D91E5D1E15CE->f2ba01fc-a63e-4348-bd18-030b60a135e7@group-C8C62FEF0626, cid=2394, SUCCESS, logIndex=3536, commits[f2ba01fc-a63e-4348-bd18-030b60a135e7:c3537, eab135d4-a257-4705-b491-6c056b8c5df7:c3535, a4f67574-9018-43e7-8a54-351e98dc3d0a:c3535]
2019-08-23 07:09:07,808 [grpc-default-executor-6] INFO  client.GrpcClientProtocolClient (GrpcClientProtocolClient.java:onNext(255)) - client-D91E5D1E15CE->f2ba01fc-a63e-4348-bd18-030b60a135e7: receive RaftClientReply:client-D91E5D1E15CE->f2ba01fc-a63e-4348-bd18-030b60a135e7@group-C8C62FEF0626, cid=2395, SUCCESS, logIndex=3537, commits[f2ba01fc-a63e-4348-bd18-030b60a135e7:c3537, eab135d4-a257-4705-b491-6c056b8c5df7:c3535, a4f67574-9018-43e7-8a54-351e98dc3d0a:c3535]
2019-08-23 07:09:07,814 | INFO  | DNAudit | user=null | ip=null | op=WRITE_CHUNK {blockData=conID: 2 locID: 102665037267075655 bcsId: 3537} | ret=SUCCESS |  
2019-08-23 07:09:07,975 | INFO  | DNAudit | user=null | ip=null | op=WRITE_CHUNK {blockData=conID: 2 locID: 102665037267075655 bcsId: 3531} | ret=SUCCESS |  
2019-08-23 07:09:07,975 | INFO  | DNAudit | user=null | ip=null | op=WRITE_CHUNK {blockData=conID: 2 locID: 102665037267075655 bcsId: 3531} | ret=SUCCESS |  
2019-08-23 07:09:07,976 | INFO  | DNAudit | user=null | ip=null | op=PUT_BLOCK {blockData=[blockId=conID: 2 locID: 102665037267075655 bcsId: 0,size=3145728]} | ret=SUCCESS |  
2019-08-23 07:09:07,976 | INFO  | DNAudit | user=null | ip=null | op=PUT_BLOCK {blockData=[blockId=conID: 2 locID: 102665037267075655 bcsId: 0,size=3145728]} | ret=SUCCESS |  
2019-08-23 07:09:07,976 | INFO  | DNAudit | user=null | ip=null | op=WRITE_CHUNK {blockData=conID: 2 locID: 102665037267075655 bcsId: 3537} | ret=SUCCESS |  
2019-08-23 07:09:07,976 | INFO  | DNAudit | user=null | ip=null | op=WRITE_CHUNK {blockData=conID: 2 locID: 102665037267075655 bcsId: 3537} | ret=SUCCESS |  
2019-08-23 07:09:07,987 | INFO  | DNAudit | user=null | ip=null | op=WRITE_CHUNK {blockData=conID: 2 locID: 102665037267075655 bcsId: 3537} | ret=SUCCESS |  
2019-08-23 07:09:07,987 | INFO  | DNAudit | user=null | ip=null | op=PUT_BLOCK {blockData=[blockId=conID: 2 locID: 102665037267075655 bcsId: 0,size=4194304]} | ret=SUCCESS |  
2019-08-23 07:09:07,987 [grpc-default-executor-4] INFO  client.GrpcClientProtocolClient (GrpcClientProtocolClient.java:onNext(255)) - client-D91E5D1E15CE->f2ba01fc-a63e-4348-bd18-030b60a135e7: receive RaftClientReply:client-D91E5D1E15CE->f2ba01fc-a63e-4348-bd18-030b60a135e7@group-C8C62FEF0626, cid=2396, SUCCESS, logIndex=3540, commits[f2ba01fc-a63e-4348-bd18-030b60a135e7:c3541, eab135d4-a257-4705-b491-6c056b8c5df7:c3537, a4f67574-9018-43e7-8a54-351e98dc3d0a:c3537]
2019-08-23 07:09:07,988 [grpc-default-executor-4] INFO  client.GrpcClientProtocolClient (GrpcClientProtocolClient.java:onNext(255)) - client-D91E5D1E15CE->f2ba01fc-a63e-4348-bd18-030b60a135e7: receive RaftClientReply:client-D91E5D1E15CE->f2ba01fc-a63e-4348-bd18-030b60a135e7@group-C8C62FEF0626, cid=2397, SUCCESS, logIndex=3541, commits[f2ba01fc-a63e-4348-bd18-030b60a135e7:c3541, eab135d4-a257-4705-b491-6c056b8c5df7:c3537, a4f67574-9018-43e7-8a54-351e98dc3d0a:c3537]
2019-08-23 07:09:07,989 | INFO  | DNAudit | user=null | ip=null | op=WRITE_CHUNK {blockData=conID: 2 locID: 102665037267075655 bcsId: 3537} | ret=SUCCESS |  
2019-08-23 07:09:07,989 | INFO  | DNAudit | user=null | ip=null | op=WRITE_CHUNK {blockData=conID: 2 locID: 102665037267075655 bcsId: 3537} | ret=SUCCESS |  
2019-08-23 07:09:07,989 | INFO  | DNAudit | user=null | ip=null | op=PUT_BLOCK {blockData=[blockId=conID: 2 locID: 102665037267075655 bcsId: 0,size=4194304]} | ret=SUCCESS |  
2019-08-23 07:09:07,989 | INFO  | DNAudit | user=null | ip=null | op=PUT_BLOCK {blockData=[blockId=conID: 2 locID: 102665037267075655 bcsId: 0,size=4194304]} | ret=SUCCESS |  
2019-08-23 07:09:07,989 [grpc-default-executor-4] INFO  client.GrpcClientProtocolClient (GrpcClientProtocolClient.java:onNext(255)) - client-D91E5D1E15CE->f2ba01fc-a63e-4348-bd18-030b60a135e7: receive RaftClientReply:client-D91E5D1E15CE->f2ba01fc-a63e-4348-bd18-030b60a135e7@group-C8C62FEF0626, cid=2398, SUCCESS, logIndex=0, commits[f2ba01fc-a63e-4348-bd18-030b60a135e7:c3542, eab135d4-a257-4705-b491-6c056b8c5df7:c3541, a4f67574-9018-43e7-8a54-351e98dc3d0a:c3541]
2019-08-23 07:09:07,994 | INFO  | SCMAudit | user=jenkins1000 | ip=192.168.5.178 | op=ALLOCATE_BLOCK {owner=aaf04d22-10dd-4717-8862-c651bdde72cf, size=4194304, type=RATIS, factor=THREE} | ret=SUCCESS |  
2019-08-23 07:09:07,997 | INFO  | OMAudit | user=jenkins1000 | ip=127.0.0.1 | op=ALLOCATE_BLOCK {volume=vol-0-67663, bucket=bucket-0-68950, key=key-0-26970, dataSize=0, replicationType=null, replicationFactor=null, keyLocationInfo=null, clientID=102665036030476690} | ret=SUCCESS |  
2019-08-23 07:09:08,003 | INFO  | DNAudit | user=null | ip=null | op=WRITE_CHUNK {blockData=conID: 3 locID: 102665037282935368 bcsId: 0} | ret=SUCCESS |  
2019-08-23 07:09:08,006 | INFO  | DNAudit | user=null | ip=null | op=WRITE_CHUNK {blockData=conID: 3 locID: 102665037282935368 bcsId: 0} | ret=SUCCESS |  
2019-08-23 07:09:08,006 | INFO  | DNAudit | user=null | ip=null | op=WRITE_CHUNK {blockData=conID: 3 locID: 102665037282935368 bcsId: 0} | ret=SUCCESS |  
2019-08-23 07:09:08,006 | INFO  | DNAudit | user=null | ip=null | op=WRITE_CHUNK {blockData=conID: 3 locID: 102665037282935368 bcsId: 0} | ret=SUCCESS |  
2019-08-23 07:09:08,007 | INFO  | DNAudit | user=null | ip=null | op=WRITE_CHUNK {blockData=conID: 3 locID: 102665037282935368 bcsId: 0} | ret=SUCCESS |  
2019-08-23 07:09:08,008 | INFO  | DNAudit | user=null | ip=null | op=WRITE_CHUNK {blockData=conID: 3 locID: 102665037282935368 bcsId: 0} | ret=SUCCESS |  
2019-08-23 07:09:08,016 | INFO  | DNAudit | user=null | ip=null | op=WRITE_CHUNK {blockData=conID: 3 locID: 102665037282935368 bcsId: 0} | ret=SUCCESS |  
2019-08-23 07:09:08,016 | INFO  | DNAudit | user=null | ip=null | op=PUT_BLOCK {blockData=[blockId=conID: 3 locID: 102665037282935368 bcsId: 0,size=1048576]} | ret=SUCCESS |  
2019-08-23 07:09:08,016 [grpc-default-executor-4] INFO  client.GrpcClientProtocolClient (GrpcClientProtocolClient.java:onNext(255)) - client-D91E5D1E15CE->f2ba01fc-a63e-4348-bd18-030b60a135e7: receive RaftClientReply:client-D91E5D1E15CE->f2ba01fc-a63e-4348-bd18-030b60a135e7@group-C8C62FEF0626, cid=2399, SUCCESS, logIndex=3544, commits[f2ba01fc-a63e-4348-bd18-030b60a135e7:c3547, eab135d4-a257-4705-b491-6c056b8c5df7:c3543, a4f67574-9018-43e7-8a54-351e98dc3d0a:c3543]
2019-08-23 07:09:08,016 | INFO  | DNAudit | user=null | ip=null | op=WRITE_CHUNK {blockData=conID: 3 locID: 102665037282935368 bcsId: 0} | ret=SUCCESS |  
2019-08-23 07:09:08,017 | INFO  | DNAudit | user=null | ip=null | op=PUT_BLOCK {blockData=[blockId=conID: 3 locID: 102665037282935368 bcsId: 0,size=2097152]} | ret=SUCCESS |  
2019-08-23 07:09:08,017 [grpc-default-executor-4] INFO  client.GrpcClientProtocolClient (GrpcClientProtocolClient.java:onNext(255)) - client-D91E5D1E15CE->f2ba01fc-a63e-4348-bd18-030b60a135e7: receive RaftClientReply:client-D91E5D1E15CE->f2ba01fc-a63e-4348-bd18-030b60a135e7@group-C8C62FEF0626, cid=2400, SUCCESS, logIndex=3545, commits[f2ba01fc-a63e-4348-bd18-030b60a135e7:c3547, eab135d4-a257-4705-b491-6c056b8c5df7:c3543, a4f67574-9018-43e7-8a54-351e98dc3d0a:c3543]
2019-08-23 07:09:08,017 | INFO  | DNAudit | user=null | ip=null | op=WRITE_CHUNK {blockData=conID: 3 locID: 102665037282935368 bcsId: 0} | ret=SUCCESS |  
2019-08-23 07:09:08,017 [grpc-default-executor-4] INFO  client.GrpcClientProtocolClient (GrpcClientProtocolClient.java:onNext(255)) - client-D91E5D1E15CE->f2ba01fc-a63e-4348-bd18-030b60a135e7: receive RaftClientReply:client-D91E5D1E15CE->f2ba01fc-a63e-4348-bd18-030b60a135e7@group-C8C62FEF0626, cid=2401, SUCCESS, logIndex=3546, commits[f2ba01fc-a63e-4348-bd18-030b60a135e7:c3547, eab135d4-a257-4705-b491-6c056b8c5df7:c3543, a4f67574-9018-43e7-8a54-351e98dc3d0a:c3543]
2019-08-23 07:09:08,018 | INFO  | DNAudit | user=null | ip=null | op=WRITE_CHUNK {blockData=conID: 3 locID: 102665037282935368 bcsId: 0} | ret=SUCCESS |  
2019-08-23 07:09:08,018 | INFO  | DNAudit | user=null | ip=null | op=PUT_BLOCK {blockData=[blockId=conID: 3 locID: 102665037282935368 bcsId: 0,size=1048576]} | ret=SUCCESS |  
2019-08-23 07:09:08,018 | INFO  | DNAudit | user=null | ip=null | op=PUT_BLOCK {blockData=[blockId=conID: 3 locID: 102665037282935368 bcsId: 0,size=1048576]} | ret=SUCCESS |  
2019-08-23 07:09:08,018 | INFO  | DNAudit | user=null | ip=null | op=WRITE_CHUNK {blockData=conID: 3 locID: 102665037282935368 bcsId: 0} | ret=SUCCESS |  
2019-08-23 07:09:08,018 | INFO  | DNAudit | user=null | ip=null | op=WRITE_CHUNK {blockData=conID: 3 locID: 102665037282935368 bcsId: 0} | ret=SUCCESS |  
2019-08-23 07:09:08,018 | INFO  | DNAudit | user=null | ip=null | op=PUT_BLOCK {blockData=[blockId=conID: 3 locID: 102665037282935368 bcsId: 0,size=2097152]} | ret=SUCCESS |  
2019-08-23 07:09:08,019 | INFO  | DNAudit | user=null | ip=null | op=PUT_BLOCK {blockData=[blockId=conID: 3 locID: 102665037282935368 bcsId: 0,size=2097152]} | ret=SUCCESS |  
2019-08-23 07:09:08,019 [grpc-default-executor-6] INFO  client.GrpcClientProtocolClient (GrpcClientProtocolClient.java:onNext(255)) - client-D91E5D1E15CE->f2ba01fc-a63e-4348-bd18-030b60a135e7: receive RaftClientReply:client-D91E5D1E15CE->f2ba01fc-a63e-4348-bd18-030b60a135e7@group-C8C62FEF0626, cid=2402, SUCCESS, logIndex=3547, commits[f2ba01fc-a63e-4348-bd18-030b60a135e7:c3547, eab135d4-a257-4705-b491-6c056b8c5df7:c3543, a4f67574-9018-43e7-8a54-351e98dc3d0a:c3543]
2019-08-23 07:09:08,019 [grpc-default-executor-6] INFO  client.GrpcClientProtocolClient (GrpcClientProtocolClient.java:onNext(255)) - client-D91E5D1E15CE->f2ba01fc-a63e-4348-bd18-030b60a135e7: receive RaftClientReply:client-D91E5D1E15CE->f2ba01fc-a63e-4348-bd18-030b60a135e7@group-C8C62FEF0626, cid=2403, SUCCESS, logIndex=0, commits[f2ba01fc-a63e-4348-bd18-030b60a135e7:c3550, eab135d4-a257-4705-b491-6c056b8c5df7:c3547, a4f67574-9018-43e7-8a54-351e98dc3d0a:c3547]
2019-08-23 07:09:08,026 | INFO  | DNAudit | user=null | ip=null | op=WRITE_CHUNK {blockData=conID: 3 locID: 102665037282935368 bcsId: 3547} | ret=SUCCESS |  
2019-08-23 07:09:08,028 | INFO  | DNAudit | user=null | ip=null | op=WRITE_CHUNK {blockData=conID: 3 locID: 102665037282935368 bcsId: 3547} | ret=SUCCESS |  
2019-08-23 07:09:08,028 | INFO  | DNAudit | user=null | ip=null | op=WRITE_CHUNK {blockData=conID: 3 locID: 102665037282935368 bcsId: 3547} | ret=SUCCESS |  
2019-08-23 07:09:08,038 | INFO  | DNAudit | user=null | ip=null | op=WRITE_CHUNK {blockData=conID: 3 locID: 102665037282935368 bcsId: 3547} | ret=SUCCESS |  
2019-08-23 07:09:08,039 | INFO  | DNAudit | user=null | ip=null | op=PUT_BLOCK {blockData=[blockId=conID: 3 locID: 102665037282935368 bcsId: 0,size=3145728]} | ret=SUCCESS |  
2019-08-23 07:09:08,039 [grpc-default-executor-6] INFO  client.GrpcClientProtocolClient (GrpcClientProtocolClient.java:onNext(255)) - client-D91E5D1E15CE->f2ba01fc-a63e-4348-bd18-030b60a135e7: receive RaftClientReply:client-D91E5D1E15CE->f2ba01fc-a63e-4348-bd18-030b60a135e7@group-C8C62FEF0626, cid=2404, SUCCESS, logIndex=3551, commits[f2ba01fc-a63e-4348-bd18-030b60a135e7:c3552, eab135d4-a257-4705-b491-6c056b8c5df7:c3550, a4f67574-9018-43e7-8a54-351e98dc3d0a:c3550]
2019-08-23 07:09:08,039 [grpc-default-executor-6] INFO  client.GrpcClientProtocolClient (GrpcClientProtocolClient.java:onNext(255)) - client-D91E5D1E15CE->f2ba01fc-a63e-4348-bd18-030b60a135e7: receive RaftClientReply:client-D91E5D1E15CE->f2ba01fc-a63e-4348-bd18-030b60a135e7@group-C8C62FEF0626, cid=2405, SUCCESS, logIndex=3552, commits[f2ba01fc-a63e-4348-bd18-030b60a135e7:c3552, eab135d4-a257-4705-b491-6c056b8c5df7:c3550, a4f67574-9018-43e7-8a54-351e98dc3d0a:c3550]
2019-08-23 07:09:08,045 | INFO  | DNAudit | user=null | ip=null | op=WRITE_CHUNK {blockData=conID: 3 locID: 102665037282935368 bcsId: 3552} | ret=SUCCESS |  
2019-08-23 07:09:08,046 | INFO  | DNAudit | user=null | ip=null | op=WRITE_CHUNK {blockData=conID: 3 locID: 102665037282935368 bcsId: 3552} | ret=SUCCESS |  
2019-08-23 07:09:08,046 | INFO  | DNAudit | user=null | ip=null | op=WRITE_CHUNK {blockData=conID: 3 locID: 102665037282935368 bcsId: 3552} | ret=SUCCESS |  
2019-08-23 07:09:08,050 | INFO  | DNAudit | user=null | ip=null | op=WRITE_CHUNK {blockData=conID: 3 locID: 102665037282935368 bcsId: 3547} | ret=SUCCESS |  
2019-08-23 07:09:08,050 | INFO  | DNAudit | user=null | ip=null | op=WRITE_CHUNK {blockData=conID: 3 locID: 102665037282935368 bcsId: 3547} | ret=SUCCESS |  
2019-08-23 07:09:08,050 | INFO  | DNAudit | user=null | ip=null | op=PUT_BLOCK {blockData=[blockId=conID: 3 locID: 102665037282935368 bcsId: 0,size=3145728]} | ret=SUCCESS |  
2019-08-23 07:09:08,050 | INFO  | DNAudit | user=null | ip=null | op=PUT_BLOCK {blockData=[blockId=conID: 3 locID: 102665037282935368 bcsId: 0,size=3145728]} | ret=SUCCESS |  
2019-08-23 07:09:08,053 | INFO  | DNAudit | user=null | ip=null | op=WRITE_CHUNK {blockData=conID: 3 locID: 102665037282935368 bcsId: 3552} | ret=SUCCESS |  
2019-08-23 07:09:08,053 | INFO  | DNAudit | user=null | ip=null | op=PUT_BLOCK {blockData=[blockId=conID: 3 locID: 102665037282935368 bcsId: 0,size=4194304]} | ret=SUCCESS |  
2019-08-23 07:09:08,053 [grpc-default-executor-2] INFO  client.GrpcClientProtocolClient (GrpcClientProtocolClient.java:onNext(255)) - client-D91E5D1E15CE->f2ba01fc-a63e-4348-bd18-030b60a135e7: receive RaftClientReply:client-D91E5D1E15CE->f2ba01fc-a63e-4348-bd18-030b60a135e7@group-C8C62FEF0626, cid=2406, SUCCESS, logIndex=3555, commits[f2ba01fc-a63e-4348-bd18-030b60a135e7:c3556, eab135d4-a257-4705-b491-6c056b8c5df7:c3552, a4f67574-9018-43e7-8a54-351e98dc3d0a:c3552]
2019-08-23 07:09:08,054 [grpc-default-executor-2] INFO  client.GrpcClientProtocolClient (GrpcClientProtocolClient.java:onNext(255)) - client-D91E5D1E15CE->f2ba01fc-a63e-4348-bd18-030b60a135e7: receive RaftClientReply:client-D91E5D1E15CE->f2ba01fc-a63e-4348-bd18-030b60a135e7@group-C8C62FEF0626, cid=2407, SUCCESS, logIndex=3556, commits[f2ba01fc-a63e-4348-bd18-030b60a135e7:c3556, eab135d4-a257-4705-b491-6c056b8c5df7:c3552, a4f67574-9018-43e7-8a54-351e98dc3d0a:c3552]
2019-08-23 07:09:08,064 | INFO  | DNAudit | user=null | ip=null | op=WRITE_CHUNK {blockData=conID: 3 locID: 102665037282935368 bcsId: 3552} | ret=SUCCESS |  
2019-08-23 07:09:08,064 | INFO  | DNAudit | user=null | ip=null | op=WRITE_CHUNK {blockData=conID: 3 locID: 102665037282935368 bcsId: 3552} | ret=SUCCESS |  
2019-08-23 07:09:08,064 | INFO  | DNAudit | user=null | ip=null | op=PUT_BLOCK {blockData=[blockId=conID: 3 locID: 102665037282935368 bcsId: 0,size=4194304]} | ret=SUCCESS |  
2019-08-23 07:09:08,065 | INFO  | DNAudit | user=null | ip=null | op=PUT_BLOCK {blockData=[blockId=conID: 3 locID: 102665037282935368 bcsId: 0,size=4194304]} | ret=SUCCESS |  
2019-08-23 07:09:08,065 [grpc-default-executor-6] INFO  client.GrpcClientProtocolClient (GrpcClientProtocolClient.java:onNext(255)) - client-D91E5D1E15CE->f2ba01fc-a63e-4348-bd18-030b60a135e7: receive RaftClientReply:client-D91E5D1E15CE->f2ba01fc-a63e-4348-bd18-030b60a135e7@group-C8C62FEF0626, cid=2408, SUCCESS, logIndex=0, commits[f2ba01fc-a63e-4348-bd18-030b60a135e7:c3557, eab135d4-a257-4705-b491-6c056b8c5df7:c3556, a4f67574-9018-43e7-8a54-351e98dc3d0a:c3556]
2019-08-23 07:09:08,070 | INFO  | SCMAudit | user=jenkins1000 | ip=192.168.5.178 | op=ALLOCATE_BLOCK {owner=aaf04d22-10dd-4717-8862-c651bdde72cf, size=4194304, type=RATIS, factor=THREE} | ret=SUCCESS |  
2019-08-23 07:09:08,072 | INFO  | OMAudit | user=jenkins1000 | ip=127.0.0.1 | op=ALLOCATE_BLOCK {volume=vol-0-67663, bucket=bucket-0-68950, key=key-0-26970, dataSize=0, replicationType=null, replicationFactor=null, keyLocationInfo=null, clientID=102665036030476690} | ret=SUCCESS |  
2019-08-23 07:09:08,078 | INFO  | DNAudit | user=null | ip=null | op=WRITE_CHUNK {blockData=conID: 1 locID: 102665037287916105 bcsId: 0} | ret=SUCCESS |  
 0.00% |█                                                                                                    |  0/1 Time: 0:00:192019-08-23 07:09:08,079 | INFO  | SCMAudit | user=jenkins1000 | ip=192.168.5.178 | op=SEND_HEARTBEAT {datanodeUUID=5c311bc2-cc7c-45de-998f-f79499d85d4e, command=[]} | ret=SUCCESS |  
2019-08-23 07:09:08,080 | INFO  | DNAudit | user=null | ip=null | op=WRITE_CHUNK {blockData=conID: 1 locID: 102665037287916105 bcsId: 0} | ret=SUCCESS |  
2019-08-23 07:09:08,080 | INFO  | DNAudit | user=null | ip=null | op=WRITE_CHUNK {blockData=conID: 1 locID: 102665037287916105 bcsId: 0} | ret=SUCCESS |  
2019-08-23 07:09:08,080 | INFO  | DNAudit | user=null | ip=null | op=WRITE_CHUNK {blockData=conID: 1 locID: 102665037287916105 bcsId: 0} | ret=SUCCESS |  
2019-08-23 07:09:08,082 | INFO  | DNAudit | user=null | ip=null | op=WRITE_CHUNK {blockData=conID: 1 locID: 102665037287916105 bcsId: 0} | ret=SUCCESS |  
2019-08-23 07:09:08,083 | INFO  | DNAudit | user=null | ip=null | op=WRITE_CHUNK {blockData=conID: 1 locID: 102665037287916105 bcsId: 0} | ret=SUCCESS |  
2019-08-23 07:09:08,090 | INFO  | DNAudit | user=null | ip=null | op=WRITE_CHUNK {blockData=conID: 1 locID: 102665037287916105 bcsId: 0} | ret=SUCCESS |  
2019-08-23 07:09:08,090 | INFO  | DNAudit | user=null | ip=null | op=PUT_BLOCK {blockData=[blockId=conID: 1 locID: 102665037287916105 bcsId: 0,size=1048576]} | ret=SUCCESS |  
2019-08-23 07:09:08,091 [grpc-default-executor-4] INFO  client.GrpcClientProtocolClient (GrpcClientProtocolClient.java:onNext(255)) - client-D91E5D1E15CE->f2ba01fc-a63e-4348-bd18-030b60a135e7: receive RaftClientReply:client-D91E5D1E15CE->f2ba01fc-a63e-4348-bd18-030b60a135e7@group-C8C62FEF0626, cid=2409, SUCCESS, logIndex=3559, commits[f2ba01fc-a63e-4348-bd18-030b60a135e7:c3560, eab135d4-a257-4705-b491-6c056b8c5df7:c3558, a4f67574-9018-43e7-8a54-351e98dc3d0a:c3558]
2019-08-23 07:09:08,091 [grpc-default-executor-4] INFO  client.GrpcClientProtocolClient (GrpcClientProtocolClient.java:onNext(255)) - client-D91E5D1E15CE->f2ba01fc-a63e-4348-bd18-030b60a135e7: receive RaftClientReply:client-D91E5D1E15CE->f2ba01fc-a63e-4348-bd18-030b60a135e7@group-C8C62FEF0626, cid=2410, SUCCESS, logIndex=3560, commits[f2ba01fc-a63e-4348-bd18-030b60a135e7:c3560, eab135d4-a257-4705-b491-6c056b8c5df7:c3558, a4f67574-9018-43e7-8a54-351e98dc3d0a:c3558]
2019-08-23 07:09:08,092 | INFO  | DNAudit | user=null | ip=null | op=WRITE_CHUNK {blockData=conID: 1 locID: 102665037287916105 bcsId: 0} | ret=SUCCESS |  
2019-08-23 07:09:08,093 | INFO  | DNAudit | user=null | ip=null | op=PUT_BLOCK {blockData=[blockId=conID: 1 locID: 102665037287916105 bcsId: 0,size=2097152]} | ret=SUCCESS |  
2019-08-23 07:09:08,093 [grpc-default-executor-6] INFO  client.GrpcClientProtocolClient (GrpcClientProtocolClient.java:onNext(255)) - client-D91E5D1E15CE->f2ba01fc-a63e-4348-bd18-030b60a135e7: receive RaftClientReply:client-D91E5D1E15CE->f2ba01fc-a63e-4348-bd18-030b60a135e7@group-C8C62FEF0626, cid=2411, SUCCESS, logIndex=3561, commits[f2ba01fc-a63e-4348-bd18-030b60a135e7:c3562, eab135d4-a257-4705-b491-6c056b8c5df7:c3558, a4f67574-9018-43e7-8a54-351e98dc3d0a:c3558]
2019-08-23 07:09:08,093 [grpc-default-executor-6] INFO  client.GrpcClientProtocolClient (GrpcClientProtocolClient.java:onNext(255)) - client-D91E5D1E15CE->f2ba01fc-a63e-4348-bd18-030b60a135e7: receive RaftClientReply:client-D91E5D1E15CE->f2ba01fc-a63e-4348-bd18-030b60a135e7@group-C8C62FEF0626, cid=2412, SUCCESS, logIndex=3562, commits[f2ba01fc-a63e-4348-bd18-030b60a135e7:c3562, eab135d4-a257-4705-b491-6c056b8c5df7:c3558, a4f67574-9018-43e7-8a54-351e98dc3d0a:c3558]
2019-08-23 07:09:08,103 | INFO  | DNAudit | user=null | ip=null | op=WRITE_CHUNK {blockData=conID: 1 locID: 102665037287916105 bcsId: 0} | ret=SUCCESS |  
2019-08-23 07:09:08,104 | INFO  | DNAudit | user=null | ip=null | op=PUT_BLOCK {blockData=[blockId=conID: 1 locID: 102665037287916105 bcsId: 0,size=1048576]} | ret=SUCCESS |  
2019-08-23 07:09:08,104 | INFO  | DNAudit | user=null | ip=null | op=WRITE_CHUNK {blockData=conID: 1 locID: 102665037287916105 bcsId: 0} | ret=SUCCESS |  
2019-08-23 07:09:08,104 | INFO  | DNAudit | user=null | ip=null | op=PUT_BLOCK {blockData=[blockId=conID: 1 locID: 102665037287916105 bcsId: 0,size=1048576]} | ret=SUCCESS |  
2019-08-23 07:09:08,104 [grpc-default-executor-6] INFO  client.GrpcClientProtocolClient (GrpcClientProtocolClient.java:onNext(255)) - client-D91E5D1E15CE->f2ba01fc-a63e-4348-bd18-030b60a135e7: receive RaftClientReply:client-D91E5D1E15CE->f2ba01fc-a63e-4348-bd18-030b60a135e7@group-C8C62FEF0626, cid=2413, SUCCESS, logIndex=0, commits[f2ba01fc-a63e-4348-bd18-030b60a135e7:c3564, eab135d4-a257-4705-b491-6c056b8c5df7:c3560, a4f67574-9018-43e7-8a54-351e98dc3d0a:c3560]
2019-08-23 07:09:08,105 | INFO  | DNAudit | user=null | ip=null | op=WRITE_CHUNK {blockData=conID: 1 locID: 102665037287916105 bcsId: 0} | ret=SUCCESS |  
2019-08-23 07:09:08,105 | INFO  | DNAudit | user=null | ip=null | op=WRITE_CHUNK {blockData=conID: 1 locID: 102665037287916105 bcsId: 0} | ret=SUCCESS |  
2019-08-23 07:09:08,105 | INFO  | DNAudit | user=null | ip=null | op=PUT_BLOCK {blockData=[blockId=conID: 1 locID: 102665037287916105 bcsId: 0,size=2097152]} | ret=SUCCESS |  
2019-08-23 07:09:08,105 | INFO  | DNAudit | user=null | ip=null | op=PUT_BLOCK {blockData=[blockId=conID: 1 locID: 102665037287916105 bcsId: 0,size=2097152]} | ret=SUCCESS |  
2019-08-23 07:09:08,110 | INFO  | DNAudit | user=null | ip=null | op=WRITE_CHUNK {blockData=conID: 1 locID: 102665037287916105 bcsId: 3562} | ret=SUCCESS |  
2019-08-23 07:09:08,112 | INFO  | DNAudit | user=null | ip=null | op=WRITE_CHUNK {blockData=conID: 1 locID: 102665037287916105 bcsId: 3562} | ret=SUCCESS |  
2019-08-23 07:09:08,113 | INFO  | DNAudit | user=null | ip=null | op=WRITE_CHUNK {blockData=conID: 1 locID: 102665037287916105 bcsId: 3562} | ret=SUCCESS |  
2019-08-23 07:09:08,123 | INFO  | DNAudit | user=null | ip=null | op=WRITE_CHUNK {blockData=conID: 1 locID: 102665037287916105 bcsId: 3562} | ret=SUCCESS |  
2019-08-23 07:09:08,124 | INFO  | DNAudit | user=null | ip=null | op=PUT_BLOCK {blockData=[blockId=conID: 1 locID: 102665037287916105 bcsId: 0,size=3145728]} | ret=SUCCESS |  
2019-08-23 07:09:08,124 [grpc-default-executor-4] INFO  client.GrpcClientProtocolClient (GrpcClientProtocolClient.java:onNext(255)) - client-D91E5D1E15CE->f2ba01fc-a63e-4348-bd18-030b60a135e7: receive RaftClientReply:client-D91E5D1E15CE->f2ba01fc-a63e-4348-bd18-030b60a135e7@group-C8C62FEF0626, cid=2414, SUCCESS, logIndex=3567, commits[f2ba01fc-a63e-4348-bd18-030b60a135e7:c3568, eab135d4-a257-4705-b491-6c056b8c5df7:c3566, a4f67574-9018-43e7-8a54-351e98dc3d0a:c3566]
2019-08-23 07:09:08,124 [grpc-default-executor-4] INFO  client.GrpcClientProtocolClient (GrpcClientProtocolClient.java:onNext(255)) - client-D91E5D1E15CE->f2ba01fc-a63e-4348-bd18-030b60a135e7: receive RaftClientReply:client-D91E5D1E15CE->f2ba01fc-a63e-4348-bd18-030b60a135e7@group-C8C62FEF0626, cid=2415, SUCCESS, logIndex=3568, commits[f2ba01fc-a63e-4348-bd18-030b60a135e7:c3568, eab135d4-a257-4705-b491-6c056b8c5df7:c3566, a4f67574-9018-43e7-8a54-351e98dc3d0a:c3566]
2019-08-23 07:09:08,130 | INFO  | DNAudit | user=null | ip=null | op=WRITE_CHUNK {blockData=conID: 1 locID: 102665037287916105 bcsId: 3568} | ret=SUCCESS |  
2019-08-23 07:09:08,132 | INFO  | DNAudit | user=null | ip=null | op=WRITE_CHUNK {blockData=conID: 1 locID: 102665037287916105 bcsId: 3568} | ret=SUCCESS |  
2019-08-23 07:09:08,132 | INFO  | DNAudit | user=null | ip=null | op=WRITE_CHUNK {blockData=conID: 1 locID: 102665037287916105 bcsId: 3568} | ret=SUCCESS |  
2019-08-23 07:09:08,135 | INFO  | DNAudit | user=null | ip=null | op=WRITE_CHUNK {blockData=conID: 1 locID: 102665037287916105 bcsId: 3562} | ret=SUCCESS |  
2019-08-23 07:09:08,135 | INFO  | DNAudit | user=null | ip=null | op=WRITE_CHUNK {blockData=conID: 1 locID: 102665037287916105 bcsId: 3562} | ret=SUCCESS |  
2019-08-23 07:09:08,138 | INFO  | DNAudit | user=null | ip=null | op=PUT_BLOCK {blockData=[blockId=conID: 1 locID: 102665037287916105 bcsId: 0,size=3145728]} | ret=SUCCESS |  
2019-08-23 07:09:08,138 | INFO  | DNAudit | user=null | ip=null | op=PUT_BLOCK {blockData=[blockId=conID: 1 locID: 102665037287916105 bcsId: 0,size=3145728]} | ret=SUCCESS |  
2019-08-23 07:09:08,139 | INFO  | DNAudit | user=null | ip=null | op=WRITE_CHUNK {blockData=conID: 1 locID: 102665037287916105 bcsId: 3568} | ret=SUCCESS |  
2019-08-23 07:09:08,140 | INFO  | DNAudit | user=null | ip=null | op=PUT_BLOCK {blockData=[blockId=conID: 1 locID: 102665037287916105 bcsId: 0,size=4194304]} | ret=SUCCESS |  
2019-08-23 07:09:08,140 [grpc-default-executor-6] INFO  client.GrpcClientProtocolClient (GrpcClientProtocolClient.java:onNext(255)) - client-D91E5D1E15CE->f2ba01fc-a63e-4348-bd18-030b60a135e7: receive RaftClientReply:client-D91E5D1E15CE->f2ba01fc-a63e-4348-bd18-030b60a135e7@group-C8C62FEF0626, cid=2416, SUCCESS, logIndex=3571, commits[f2ba01fc-a63e-4348-bd18-030b60a135e7:c3571, eab135d4-a257-4705-b491-6c056b8c5df7:c3568, a4f67574-9018-43e7-8a54-351e98dc3d0a:c3568]
2019-08-23 07:09:08,140 [grpc-default-executor-6] INFO  client.GrpcClientProtocolClient (GrpcClientProtocolClient.java:onNext(255)) - client-D91E5D1E15CE->f2ba01fc-a63e-4348-bd18-030b60a135e7: receive RaftClientReply:client-D91E5D1E15CE->f2ba01fc-a63e-4348-bd18-030b60a135e7@group-C8C62FEF0626, cid=2417, SUCCESS, logIndex=3572, commits[f2ba01fc-a63e-4348-bd18-030b60a135e7:c3572, eab135d4-a257-4705-b491-6c056b8c5df7:c3568, a4f67574-9018-43e7-8a54-351e98dc3d0a:c3568]
2019-08-23 07:09:08,147 | INFO  | SCMAudit | user=jenkins1000 | ip=192.168.5.178 | op=SEND_HEARTBEAT {datanodeUUID=b7d3ecaa-ab76-49a0-b691-40b7e1ed625a, command=[]} | ret=SUCCESS |  
2019-08-23 07:09:08,151 | INFO  | DNAudit | user=null | ip=null | op=WRITE_CHUNK {blockData=conID: 1 locID: 102665037287916105 bcsId: 3568} | ret=SUCCESS |  
2019-08-23 07:09:08,151 | INFO  | DNAudit | user=null | ip=null | op=WRITE_CHUNK {blockData=conID: 1 locID: 102665037287916105 bcsId: 3568} | ret=SUCCESS |  
2019-08-23 07:09:08,152 | INFO  | DNAudit | user=null | ip=null | op=PUT_BLOCK {blockData=[blockId=conID: 1 locID: 102665037287916105 bcsId: 0,size=4194304]} | ret=SUCCESS |  
2019-08-23 07:09:08,152 | INFO  | DNAudit | user=null | ip=null | op=PUT_BLOCK {blockData=[blockId=conID: 1 locID: 102665037287916105 bcsId: 0,size=4194304]} | ret=SUCCESS |  
2019-08-23 07:09:08,153 [grpc-default-executor-6] INFO  client.GrpcClientProtocolClient (GrpcClientProtocolClient.java:onNext(255)) - client-D91E5D1E15CE->f2ba01fc-a63e-4348-bd18-030b60a135e7: receive RaftClientReply:client-D91E5D1E15CE->f2ba01fc-a63e-4348-bd18-030b60a135e7@group-C8C62FEF0626, cid=2418, SUCCESS, logIndex=0, commits[f2ba01fc-a63e-4348-bd18-030b60a135e7:c3574, eab135d4-a257-4705-b491-6c056b8c5df7:c3572, a4f67574-9018-43e7-8a54-351e98dc3d0a:c3572]
2019-08-23 07:09:08,158 | INFO  | SCMAudit | user=jenkins1000 | ip=192.168.5.178 | op=ALLOCATE_BLOCK {owner=aaf04d22-10dd-4717-8862-c651bdde72cf, size=4194304, type=RATIS, factor=THREE} | ret=SUCCESS |  
2019-08-23 07:09:08,161 | INFO  | OMAudit | user=jenkins1000 | ip=127.0.0.1 | op=ALLOCATE_BLOCK {volume=vol-0-67663, bucket=bucket-0-68950, key=key-0-26970, dataSize=0, replicationType=null, replicationFactor=null, keyLocationInfo=null, clientID=102665036030476690} | ret=SUCCESS |  
2019-08-23 07:09:08,166 | INFO  | DNAudit | user=null | ip=null | op=WRITE_CHUNK {blockData=conID: 2 locID: 102665037293683274 bcsId: 0} | ret=SUCCESS |  
2019-08-23 07:09:08,168 | INFO  | DNAudit | user=null | ip=null | op=WRITE_CHUNK {blockData=conID: 2 locID: 102665037293683274 bcsId: 0} | ret=SUCCESS |  
2019-08-23 07:09:08,168 | INFO  | DNAudit | user=null | ip=null | op=WRITE_CHUNK {blockData=conID: 2 locID: 102665037293683274 bcsId: 0} | ret=SUCCESS |  
2019-08-23 07:09:08,169 | INFO  | DNAudit | user=null | ip=null | op=WRITE_CHUNK {blockData=conID: 2 locID: 102665037293683274 bcsId: 0} | ret=SUCCESS |  
2019-08-23 07:09:08,171 | INFO  | DNAudit | user=null | ip=null | op=WRITE_CHUNK {blockData=conID: 2 locID: 102665037293683274 bcsId: 0} | ret=SUCCESS |  
2019-08-23 07:09:08,171 | INFO  | DNAudit | user=null | ip=null | op=WRITE_CHUNK {blockData=conID: 2 locID: 102665037293683274 bcsId: 0} | ret=SUCCESS |  
2019-08-23 07:09:08,171 | INFO  | DNAudit | user=null | ip=null | op=WRITE_CHUNK {blockData=conID: 2 locID: 102665037293683274 bcsId: 0} | ret=SUCCESS |  
2019-08-23 07:09:08,171 | INFO  | DNAudit | user=null | ip=null | op=PUT_BLOCK {blockData=[blockId=conID: 2 locID: 102665037293683274 bcsId: 0,size=1048576]} | ret=SUCCESS |  
2019-08-23 07:09:08,171 [grpc-default-executor-3] INFO  client.GrpcClientProtocolClient (GrpcClientProtocolClient.java:onNext(255)) - client-D91E5D1E15CE->f2ba01fc-a63e-4348-bd18-030b60a135e7: receive RaftClientReply:client-D91E5D1E15CE->f2ba01fc-a63e-4348-bd18-030b60a135e7@group-C8C62FEF0626, cid=2419, SUCCESS, logIndex=3575, commits[f2ba01fc-a63e-4348-bd18-030b60a135e7:c3576, eab135d4-a257-4705-b491-6c056b8c5df7:c3572, a4f67574-9018-43e7-8a54-351e98dc3d0a:c3574]
2019-08-23 07:09:08,172 [grpc-default-executor-3] INFO  client.GrpcClientProtocolClient (GrpcClientProtocolClient.java:onNext(255)) - client-D91E5D1E15CE->f2ba01fc-a63e-4348-bd18-030b60a135e7: receive RaftClientReply:client-D91E5D1E15CE->f2ba01fc-a63e-4348-bd18-030b60a135e7@group-C8C62FEF0626, cid=2420, SUCCESS, logIndex=3576, commits[f2ba01fc-a63e-4348-bd18-030b60a135e7:c3576, eab135d4-a257-4705-b491-6c056b8c5df7:c3572, a4f67574-9018-43e7-8a54-351e98dc3d0a:c3574]
2019-08-23 07:09:08,173 | INFO  | DNAudit | user=null | ip=null | op=WRITE_CHUNK {blockData=conID: 2 locID: 102665037293683274 bcsId: 0} | ret=SUCCESS |  
2019-08-23 07:09:08,173 | INFO  | DNAudit | user=null | ip=null | op=WRITE_CHUNK {blockData=conID: 2 locID: 102665037293683274 bcsId: 0} | ret=SUCCESS |  
2019-08-23 07:09:08,173 | INFO  | DNAudit | user=null | ip=null | op=PUT_BLOCK {blockData=[blockId=conID: 2 locID: 102665037293683274 bcsId: 0,size=2097152]} | ret=SUCCESS |  
2019-08-23 07:09:08,173 | INFO  | DNAudit | user=null | ip=null | op=WRITE_CHUNK {blockData=conID: 2 locID: 102665037293683274 bcsId: 0} | ret=SUCCESS |  
2019-08-23 07:09:08,173 [grpc-default-executor-2] INFO  client.GrpcClientProtocolClient (GrpcClientProtocolClient.java:onNext(255)) - client-D91E5D1E15CE->f2ba01fc-a63e-4348-bd18-030b60a135e7: receive RaftClientReply:client-D91E5D1E15CE->f2ba01fc-a63e-4348-bd18-030b60a135e7@group-C8C62FEF0626, cid=2421, SUCCESS, logIndex=3577, commits[f2ba01fc-a63e-4348-bd18-030b60a135e7:c3579, eab135d4-a257-4705-b491-6c056b8c5df7:c3575, a4f67574-9018-43e7-8a54-351e98dc3d0a:c3574]
2019-08-23 07:09:08,173 | INFO  | DNAudit | user=null | ip=null | op=PUT_BLOCK {blockData=[blockId=conID: 2 locID: 102665037293683274 bcsId: 0,size=1048576]} | ret=SUCCESS |  
2019-08-23 07:09:08,174 [grpc-default-executor-2] INFO  client.GrpcClientProtocolClient (GrpcClientProtocolClient.java:onNext(255)) - client-D91E5D1E15CE->f2ba01fc-a63e-4348-bd18-030b60a135e7: receive RaftClientReply:client-D91E5D1E15CE->f2ba01fc-a63e-4348-bd18-030b60a135e7@group-C8C62FEF0626, cid=2422, SUCCESS, logIndex=3578, commits[f2ba01fc-a63e-4348-bd18-030b60a135e7:c3579, eab135d4-a257-4705-b491-6c056b8c5df7:c3575, a4f67574-9018-43e7-8a54-351e98dc3d0a:c3574]
2019-08-23 07:09:08,174 | INFO  | DNAudit | user=null | ip=null | op=PUT_BLOCK {blockData=[blockId=conID: 2 locID: 102665037293683274 bcsId: 0,size=1048576]} | ret=SUCCESS |  
2019-08-23 07:09:08,174 [grpc-default-executor-2] INFO  client.GrpcClientProtocolClient (GrpcClientProtocolClient.java:onNext(255)) - client-D91E5D1E15CE->f2ba01fc-a63e-4348-bd18-030b60a135e7: receive RaftClientReply:client-D91E5D1E15CE->f2ba01fc-a63e-4348-bd18-030b60a135e7@group-C8C62FEF0626, cid=2423, SUCCESS, logIndex=0, commits[f2ba01fc-a63e-4348-bd18-030b60a135e7:c3580, eab135d4-a257-4705-b491-6c056b8c5df7:c3576, a4f67574-9018-43e7-8a54-351e98dc3d0a:c3576]
2019-08-23 07:09:08,175 | INFO  | DNAudit | user=null | ip=null | op=WRITE_CHUNK {blockData=conID: 2 locID: 102665037293683274 bcsId: 0} | ret=SUCCESS |  
2019-08-23 07:09:08,176 | INFO  | DNAudit | user=null | ip=null | op=WRITE_CHUNK {blockData=conID: 2 locID: 102665037293683274 bcsId: 0} | ret=SUCCESS |  
2019-08-23 07:09:08,176 | INFO  | DNAudit | user=null | ip=null | op=PUT_BLOCK {blockData=[blockId=conID: 2 locID: 102665037293683274 bcsId: 0,size=2097152]} | ret=SUCCESS |  
2019-08-23 07:09:08,176 | INFO  | DNAudit | user=null | ip=null | op=PUT_BLOCK {blockData=[blockId=conID: 2 locID: 102665037293683274 bcsId: 0,size=2097152]} | ret=SUCCESS |  
2019-08-23 07:09:08,179 | INFO  | DNAudit | user=null | ip=null | op=WRITE_CHUNK {blockData=conID: 2 locID: 102665037293683274 bcsId: 3578} | ret=SUCCESS |  
2019-08-23 07:09:08,181 | INFO  | DNAudit | user=null | ip=null | op=WRITE_CHUNK {blockData=conID: 2 locID: 102665037293683274 bcsId: 3578} | ret=SUCCESS |  
2019-08-23 07:09:08,181 | INFO  | DNAudit | user=null | ip=null | op=WRITE_CHUNK {blockData=conID: 2 locID: 102665037293683274 bcsId: 3578} | ret=SUCCESS |  
2019-08-23 07:09:08,200 | INFO  | DNAudit | user=null | ip=null | op=WRITE_CHUNK {blockData=conID: 2 locID: 102665037293683274 bcsId: 3578} | ret=SUCCESS |  
2019-08-23 07:09:08,200 | INFO  | DNAudit | user=null | ip=null | op=PUT_BLOCK {blockData=[blockId=conID: 2 locID: 102665037293683274 bcsId: 0,size=3145728]} | ret=SUCCESS |  
2019-08-23 07:09:08,200 [grpc-default-executor-2] INFO  client.GrpcClientProtocolClient (GrpcClientProtocolClient.java:onNext(255)) - client-D91E5D1E15CE->f2ba01fc-a63e-4348-bd18-030b60a135e7: receive RaftClientReply:client-D91E5D1E15CE->f2ba01fc-a63e-4348-bd18-030b60a135e7@group-C8C62FEF0626, cid=2424, SUCCESS, logIndex=3583, commits[f2ba01fc-a63e-4348-bd18-030b60a135e7:c3584, eab135d4-a257-4705-b491-6c056b8c5df7:c3582, a4f67574-9018-43e7-8a54-351e98dc3d0a:c3582]
2019-08-23 07:09:08,201 [grpc-default-executor-2] INFO  client.GrpcClientProtocolClient (GrpcClientProtocolClient.java:onNext(255)) - client-D91E5D1E15CE->f2ba01fc-a63e-4348-bd18-030b60a135e7: receive RaftClientReply:client-D91E5D1E15CE->f2ba01fc-a63e-4348-bd18-030b60a135e7@group-C8C62FEF0626, cid=2425, SUCCESS, logIndex=3584, commits[f2ba01fc-a63e-4348-bd18-030b60a135e7:c3584, eab135d4-a257-4705-b491-6c056b8c5df7:c3582, a4f67574-9018-43e7-8a54-351e98dc3d0a:c3582]
2019-08-23 07:09:08,206 | INFO  | DNAudit | user=null | ip=null | op=WRITE_CHUNK {blockData=conID: 2 locID: 102665037293683274 bcsId: 3584} | ret=SUCCESS |  
2019-08-23 07:09:08,208 | INFO  | DNAudit | user=null | ip=null | op=WRITE_CHUNK {blockData=conID: 2 locID: 102665037293683274 bcsId: 3584} | ret=SUCCESS |  
2019-08-23 07:09:08,208 | INFO  | DNAudit | user=null | ip=null | op=WRITE_CHUNK {blockData=conID: 2 locID: 102665037293683274 bcsId: 3584} | ret=SUCCESS |  
2019-08-23 07:09:08,212 | INFO  | DNAudit | user=null | ip=null | op=WRITE_CHUNK {blockData=conID: 2 locID: 102665037293683274 bcsId: 3578} | ret=SUCCESS |  
2019-08-23 07:09:08,212 | INFO  | DNAudit | user=null | ip=null | op=WRITE_CHUNK {blockData=conID: 2 locID: 102665037293683274 bcsId: 3578} | ret=SUCCESS |  
2019-08-23 07:09:08,212 | INFO  | DNAudit | user=null | ip=null | op=PUT_BLOCK {blockData=[blockId=conID: 2 locID: 102665037293683274 bcsId: 0,size=3145728]} | ret=SUCCESS |  
2019-08-23 07:09:08,212 | INFO  | DNAudit | user=null | ip=null | op=PUT_BLOCK {blockData=[blockId=conID: 2 locID: 102665037293683274 bcsId: 0,size=3145728]} | ret=SUCCESS |  
2019-08-23 07:09:08,214 | INFO  | DNAudit | user=null | ip=null | op=WRITE_CHUNK {blockData=conID: 2 locID: 102665037293683274 bcsId: 3584} | ret=SUCCESS |  
2019-08-23 07:09:08,215 | INFO  | DNAudit | user=null | ip=null | op=PUT_BLOCK {blockData=[blockId=conID: 2 locID: 102665037293683274 bcsId: 0,size=4194304]} | ret=SUCCESS |  
2019-08-23 07:09:08,215 [grpc-default-executor-3] INFO  client.GrpcClientProtocolClient (GrpcClientProtocolClient.java:onNext(255)) - client-D91E5D1E15CE->f2ba01fc-a63e-4348-bd18-030b60a135e7: receive RaftClientReply:client-D91E5D1E15CE->f2ba01fc-a63e-4348-bd18-030b60a135e7@group-C8C62FEF0626, cid=2426, SUCCESS, logIndex=3587, commits[f2ba01fc-a63e-4348-bd18-030b60a135e7:c3588, eab135d4-a257-4705-b491-6c056b8c5df7:c3584, a4f67574-9018-43e7-8a54-351e98dc3d0a:c3584]
2019-08-23 07:09:08,215 [grpc-default-executor-3] INFO  client.GrpcClientProtocolClient (GrpcClientProtocolClient.java:onNext(255)) - client-D91E5D1E15CE->f2ba01fc-a63e-4348-bd18-030b60a135e7: receive RaftClientReply:client-D91E5D1E15CE->f2ba01fc-a63e-4348-bd18-030b60a135e7@group-C8C62FEF0626, cid=2427, SUCCESS, logIndex=3588, commits[f2ba01fc-a63e-4348-bd18-030b60a135e7:c3588, eab135d4-a257-4705-b491-6c056b8c5df7:c3584, a4f67574-9018-43e7-8a54-351e98dc3d0a:c3584]
2019-08-23 07:09:08,226 | INFO  | DNAudit | user=null | ip=null | op=WRITE_CHUNK {blockData=conID: 2 locID: 102665037293683274 bcsId: 3584} | ret=SUCCESS |  
2019-08-23 07:09:08,226 | INFO  | DNAudit | user=null | ip=null | op=WRITE_CHUNK {blockData=conID: 2 locID: 102665037293683274 bcsId: 3584} | ret=SUCCESS |  
2019-08-23 07:09:08,227 | INFO  | DNAudit | user=null | ip=null | op=PUT_BLOCK {blockData=[blockId=conID: 2 locID: 102665037293683274 bcsId: 0,size=4194304]} | ret=SUCCESS |  
2019-08-23 07:09:08,227 | INFO  | DNAudit | user=null | ip=null | op=PUT_BLOCK {blockData=[blockId=conID: 2 locID: 102665037293683274 bcsId: 0,size=4194304]} | ret=SUCCESS |  
2019-08-23 07:09:08,227 [grpc-default-executor-3] INFO  client.GrpcClientProtocolClient (GrpcClientProtocolClient.java:onNext(255)) - client-D91E5D1E15CE->f2ba01fc-a63e-4348-bd18-030b60a135e7: receive RaftClientReply:client-D91E5D1E15CE->f2ba01fc-a63e-4348-bd18-030b60a135e7@group-C8C62FEF0626, cid=2428, SUCCESS, logIndex=0, commits[f2ba01fc-a63e-4348-bd18-030b60a135e7:c3590, eab135d4-a257-4705-b491-6c056b8c5df7:c3588, a4f67574-9018-43e7-8a54-351e98dc3d0a:c3588]
2019-08-23 07:09:08,232 | INFO  | SCMAudit | user=jenkins1000 | ip=192.168.5.178 | op=ALLOCATE_BLOCK {owner=aaf04d22-10dd-4717-8862-c651bdde72cf, size=4194304, type=RATIS, factor=THREE} | ret=SUCCESS |  
2019-08-23 07:09:08,235 | INFO  | OMAudit | user=jenkins1000 | ip=127.0.0.1 | op=ALLOCATE_BLOCK {volume=vol-0-67663, bucket=bucket-0-68950, key=key-0-26970, dataSize=0, replicationType=null, replicationFactor=null, keyLocationInfo=null, clientID=102665036030476690} | ret=SUCCESS |  
2019-08-23 07:09:08,240 | INFO  | DNAudit | user=null | ip=null | op=WRITE_CHUNK {blockData=conID: 3 locID: 102665037298532939 bcsId: 0} | ret=SUCCESS |  
2019-08-23 07:09:08,243 | INFO  | DNAudit | user=null | ip=null | op=WRITE_CHUNK {blockData=conID: 3 locID: 102665037298532939 bcsId: 0} | ret=SUCCESS |  
2019-08-23 07:09:08,243 | INFO  | DNAudit | user=null | ip=null | op=WRITE_CHUNK {blockData=conID: 3 locID: 102665037298532939 bcsId: 0} | ret=SUCCESS |  
2019-08-23 07:09:08,243 | INFO  | DNAudit | user=null | ip=null | op=WRITE_CHUNK {blockData=conID: 3 locID: 102665037298532939 bcsId: 0} | ret=SUCCESS |  
2019-08-23 07:09:08,244 | INFO  | DNAudit | user=null | ip=null | op=WRITE_CHUNK {blockData=conID: 3 locID: 102665037298532939 bcsId: 0} | ret=SUCCESS |  
2019-08-23 07:09:08,244 | INFO  | DNAudit | user=null | ip=null | op=WRITE_CHUNK {blockData=conID: 3 locID: 102665037298532939 bcsId: 0} | ret=SUCCESS |  
2019-08-23 07:09:08,253 | INFO  | DNAudit | user=null | ip=null | op=WRITE_CHUNK {blockData=conID: 3 locID: 102665037298532939 bcsId: 0} | ret=SUCCESS |  
2019-08-23 07:09:08,254 | INFO  | DNAudit | user=null | ip=null | op=PUT_BLOCK {blockData=[blockId=conID: 3 locID: 102665037298532939 bcsId: 0,size=1048576]} | ret=SUCCESS |  
2019-08-23 07:09:08,254 [grpc-default-executor-6] INFO  client.GrpcClientProtocolClient (GrpcClientProtocolClient.java:onNext(255)) - client-D91E5D1E15CE->f2ba01fc-a63e-4348-bd18-030b60a135e7: receive RaftClientReply:client-D91E5D1E15CE->f2ba01fc-a63e-4348-bd18-030b60a135e7@group-C8C62FEF0626, cid=2429, SUCCESS, logIndex=3591, commits[f2ba01fc-a63e-4348-bd18-030b60a135e7:c3591, eab135d4-a257-4705-b491-6c056b8c5df7:c3590, a4f67574-9018-43e7-8a54-351e98dc3d0a:c3590]
2019-08-23 07:09:08,254 | INFO  | DNAudit | user=null | ip=null | op=WRITE_CHUNK {blockData=conID: 3 locID: 102665037298532939 bcsId: 0} | ret=SUCCESS |  
2019-08-23 07:09:08,254 [grpc-default-executor-6] INFO  client.GrpcClientProtocolClient (GrpcClientProtocolClient.java:onNext(255)) - client-D91E5D1E15CE->f2ba01fc-a63e-4348-bd18-030b60a135e7: receive RaftClientReply:client-D91E5D1E15CE->f2ba01fc-a63e-4348-bd18-030b60a135e7@group-C8C62FEF0626, cid=2430, SUCCESS, logIndex=3592, commits[f2ba01fc-a63e-4348-bd18-030b60a135e7:c3594, eab135d4-a257-4705-b491-6c056b8c5df7:c3590, a4f67574-9018-43e7-8a54-351e98dc3d0a:c3590]
2019-08-23 07:09:08,254 | INFO  | DNAudit | user=null | ip=null | op=PUT_BLOCK {blockData=[blockId=conID: 3 locID: 102665037298532939 bcsId: 0,size=2097152]} | ret=SUCCESS |  
2019-08-23 07:09:08,254 [grpc-default-executor-6] INFO  client.GrpcClientProtocolClient (GrpcClientProtocolClient.java:onNext(255)) - client-D91E5D1E15CE->f2ba01fc-a63e-4348-bd18-030b60a135e7: receive RaftClientReply:client-D91E5D1E15CE->f2ba01fc-a63e-4348-bd18-030b60a135e7@group-C8C62FEF0626, cid=2431, SUCCESS, logIndex=3593, commits[f2ba01fc-a63e-4348-bd18-030b60a135e7:c3594, eab135d4-a257-4705-b491-6c056b8c5df7:c3590, a4f67574-9018-43e7-8a54-351e98dc3d0a:c3590]
2019-08-23 07:09:08,255 [grpc-default-executor-6] INFO  client.GrpcClientProtocolClient (GrpcClientProtocolClient.java:onNext(255)) - client-D91E5D1E15CE->f2ba01fc-a63e-4348-bd18-030b60a135e7: receive RaftClientReply:client-D91E5D1E15CE->f2ba01fc-a63e-4348-bd18-030b60a135e7@group-C8C62FEF0626, cid=2432, SUCCESS, logIndex=3594, commits[f2ba01fc-a63e-4348-bd18-030b60a135e7:c3594, eab135d4-a257-4705-b491-6c056b8c5df7:c3590, a4f67574-9018-43e7-8a54-351e98dc3d0a:c3590]
2019-08-23 07:09:08,255 | INFO  | DNAudit | user=null | ip=null | op=WRITE_CHUNK {blockData=conID: 3 locID: 102665037298532939 bcsId: 0} | ret=SUCCESS |  
2019-08-23 07:09:08,256 | INFO  | DNAudit | user=null | ip=null | op=WRITE_CHUNK {blockData=conID: 3 locID: 102665037298532939 bcsId: 0} | ret=SUCCESS |  
2019-08-23 07:09:08,256 | INFO  | DNAudit | user=null | ip=null | op=PUT_BLOCK {blockData=[blockId=conID: 3 locID: 102665037298532939 bcsId: 0,size=1048576]} | ret=SUCCESS |  
2019-08-23 07:09:08,256 | INFO  | DNAudit | user=null | ip=null | op=WRITE_CHUNK {blockData=conID: 3 locID: 102665037298532939 bcsId: 0} | ret=SUCCESS |  
2019-08-23 07:09:08,257 | INFO  | DNAudit | user=null | ip=null | op=PUT_BLOCK {blockData=[blockId=conID: 3 locID: 102665037298532939 bcsId: 0,size=2097152]} | ret=SUCCESS |  
2019-08-23 07:09:08,257 | INFO  | DNAudit | user=null | ip=null | op=PUT_BLOCK {blockData=[blockId=conID: 3 locID: 102665037298532939 bcsId: 0,size=1048576]} | ret=SUCCESS |  
2019-08-23 07:09:08,257 | INFO  | DNAudit | user=null | ip=null | op=WRITE_CHUNK {blockData=conID: 3 locID: 102665037298532939 bcsId: 0} | ret=SUCCESS |  
2019-08-23 07:09:08,257 | INFO  | DNAudit | user=null | ip=null | op=PUT_BLOCK {blockData=[blockId=conID: 3 locID: 102665037298532939 bcsId: 0,size=2097152]} | ret=SUCCESS |  
2019-08-23 07:09:08,257 [grpc-default-executor-6] INFO  client.GrpcClientProtocolClient (GrpcClientProtocolClient.java:onNext(255)) - client-D91E5D1E15CE->f2ba01fc-a63e-4348-bd18-030b60a135e7: receive RaftClientReply:client-D91E5D1E15CE->f2ba01fc-a63e-4348-bd18-030b60a135e7@group-C8C62FEF0626, cid=2433, SUCCESS, logIndex=0, commits[f2ba01fc-a63e-4348-bd18-030b60a135e7:c3597, eab135d4-a257-4705-b491-6c056b8c5df7:c3594, a4f67574-9018-43e7-8a54-351e98dc3d0a:c3593]
2019-08-23 07:09:08,262 | INFO  | DNAudit | user=null | ip=null | op=WRITE_CHUNK {blockData=conID: 3 locID: 102665037298532939 bcsId: 3594} | ret=SUCCESS |  
2019-08-23 07:09:08,264 | INFO  | DNAudit | user=null | ip=null | op=WRITE_CHUNK {blockData=conID: 3 locID: 102665037298532939 bcsId: 3594} | ret=SUCCESS |  
2019-08-23 07:09:08,264 | INFO  | DNAudit | user=null | ip=null | op=WRITE_CHUNK {blockData=conID: 3 locID: 102665037298532939 bcsId: 3594} | ret=SUCCESS |  
2019-08-23 07:09:08,275 | INFO  | DNAudit | user=null | ip=null | op=WRITE_CHUNK {blockData=conID: 3 locID: 102665037298532939 bcsId: 3594} | ret=SUCCESS |  
2019-08-23 07:09:08,275 | INFO  | DNAudit | user=null | ip=null | op=PUT_BLOCK {blockData=[blockId=conID: 3 locID: 102665037298532939 bcsId: 0,size=3145728]} | ret=SUCCESS |  
2019-08-23 07:09:08,275 [grpc-default-executor-3] INFO  client.GrpcClientProtocolClient (GrpcClientProtocolClient.java:onNext(255)) - client-D91E5D1E15CE->f2ba01fc-a63e-4348-bd18-030b60a135e7: receive RaftClientReply:client-D91E5D1E15CE->f2ba01fc-a63e-4348-bd18-030b60a135e7@group-C8C62FEF0626, cid=2434, SUCCESS, logIndex=3598, commits[f2ba01fc-a63e-4348-bd18-030b60a135e7:c3599, eab135d4-a257-4705-b491-6c056b8c5df7:c3597, a4f67574-9018-43e7-8a54-351e98dc3d0a:c3597]
2019-08-23 07:09:08,275 [grpc-default-executor-3] INFO  client.GrpcClientProtocolClient (GrpcClientProtocolClient.java:onNext(255)) - client-D91E5D1E15CE->f2ba01fc-a63e-4348-bd18-030b60a135e7: receive RaftClientReply:client-D91E5D1E15CE->f2ba01fc-a63e-4348-bd18-030b60a135e7@group-C8C62FEF0626, cid=2435, SUCCESS, logIndex=3599, commits[f2ba01fc-a63e-4348-bd18-030b60a135e7:c3599, eab135d4-a257-4705-b491-6c056b8c5df7:c3597, a4f67574-9018-43e7-8a54-351e98dc3d0a:c3597]
2019-08-23 07:09:08,280 | INFO  | DNAudit | user=null | ip=null | op=WRITE_CHUNK {blockData=conID: 3 locID: 102665037298532939 bcsId: 3599} | ret=SUCCESS |  
2019-08-23 07:09:08,282 | INFO  | DNAudit | user=null | ip=null | op=WRITE_CHUNK {blockData=conID: 3 locID: 102665037298532939 bcsId: 3599} | ret=SUCCESS |  
2019-08-23 07:09:08,282 | INFO  | DNAudit | user=null | ip=null | op=WRITE_CHUNK {blockData=conID: 3 locID: 102665037298532939 bcsId: 3599} | ret=SUCCESS |  
2019-08-23 07:09:08,286 | INFO  | DNAudit | user=null | ip=null | op=WRITE_CHUNK {blockData=conID: 3 locID: 102665037298532939 bcsId: 3594} | ret=SUCCESS |  
2019-08-23 07:09:08,286 | INFO  | DNAudit | user=null | ip=null | op=WRITE_CHUNK {blockData=conID: 3 locID: 102665037298532939 bcsId: 3594} | ret=SUCCESS |  
2019-08-23 07:09:08,286 | INFO  | DNAudit | user=null | ip=null | op=PUT_BLOCK {blockData=[blockId=conID: 3 locID: 102665037298532939 bcsId: 0,size=3145728]} | ret=SUCCESS |  
2019-08-23 07:09:08,286 | INFO  | DNAudit | user=null | ip=null | op=PUT_BLOCK {blockData=[blockId=conID: 3 locID: 102665037298532939 bcsId: 0,size=3145728]} | ret=SUCCESS |  
2019-08-23 07:09:08,287 | INFO  | DNAudit | user=null | ip=null | op=WRITE_CHUNK {blockData=conID: 3 locID: 102665037298532939 bcsId: 3599} | ret=SUCCESS |  
2019-08-23 07:09:08,288 | INFO  | DNAudit | user=null | ip=null | op=PUT_BLOCK {blockData=[blockId=conID: 3 locID: 102665037298532939 bcsId: 0,size=4194304]} | ret=SUCCESS |  
2019-08-23 07:09:08,288 [grpc-default-executor-6] INFO  client.GrpcClientProtocolClient (GrpcClientProtocolClient.java:onNext(255)) - client-D91E5D1E15CE->f2ba01fc-a63e-4348-bd18-030b60a135e7: receive RaftClientReply:client-D91E5D1E15CE->f2ba01fc-a63e-4348-bd18-030b60a135e7@group-C8C62FEF0626, cid=2436, SUCCESS, logIndex=3602, commits[f2ba01fc-a63e-4348-bd18-030b60a135e7:c3602, eab135d4-a257-4705-b491-6c056b8c5df7:c3599, a4f67574-9018-43e7-8a54-351e98dc3d0a:c3599]
2019-08-23 07:09:08,288 [grpc-default-executor-6] INFO  client.GrpcClientProtocolClient (GrpcClientProtocolClient.java:onNext(255)) - client-D91E5D1E15CE->f2ba01fc-a63e-4348-bd18-030b60a135e7: receive RaftClientReply:client-D91E5D1E15CE->f2ba01fc-a63e-4348-bd18-030b60a135e7@group-C8C62FEF0626, cid=2437, SUCCESS, logIndex=3603, commits[f2ba01fc-a63e-4348-bd18-030b60a135e7:c3603, eab135d4-a257-4705-b491-6c056b8c5df7:c3599, a4f67574-9018-43e7-8a54-351e98dc3d0a:c3599]
2019-08-23 07:09:08,299 | INFO  | DNAudit | user=null | ip=null | op=WRITE_CHUNK {blockData=conID: 3 locID: 102665037298532939 bcsId: 3599} | ret=SUCCESS |  
2019-08-23 07:09:08,299 | INFO  | DNAudit | user=null | ip=null | op=WRITE_CHUNK {blockData=conID: 3 locID: 102665037298532939 bcsId: 3599} | ret=SUCCESS |  
2019-08-23 07:09:08,300 | INFO  | DNAudit | user=null | ip=null | op=PUT_BLOCK {blockData=[blockId=conID: 3 locID: 102665037298532939 bcsId: 0,size=4194304]} | ret=SUCCESS |  
2019-08-23 07:09:08,301 | INFO  | DNAudit | user=null | ip=null | op=PUT_BLOCK {blockData=[blockId=conID: 3 locID: 102665037298532939 bcsId: 0,size=4194304]} | ret=SUCCESS |  
2019-08-23 07:09:08,301 [grpc-default-executor-6] INFO  client.GrpcClientProtocolClient (GrpcClientProtocolClient.java:onNext(255)) - client-D91E5D1E15CE->f2ba01fc-a63e-4348-bd18-030b60a135e7: receive RaftClientReply:client-D91E5D1E15CE->f2ba01fc-a63e-4348-bd18-030b60a135e7@group-C8C62FEF0626, cid=2438, SUCCESS, logIndex=0, commits[f2ba01fc-a63e-4348-bd18-030b60a135e7:c3605, eab135d4-a257-4705-b491-6c056b8c5df7:c3603, a4f67574-9018-43e7-8a54-351e98dc3d0a:c3603]
2019-08-23 07:09:08,306 | INFO  | SCMAudit | user=jenkins1000 | ip=192.168.5.178 | op=ALLOCATE_BLOCK {owner=aaf04d22-10dd-4717-8862-c651bdde72cf, size=4194304, type=RATIS, factor=THREE} | ret=SUCCESS |  
2019-08-23 07:09:08,310 | INFO  | OMAudit | user=jenkins1000 | ip=127.0.0.1 | op=ALLOCATE_BLOCK {volume=vol-0-67663, bucket=bucket-0-68950, key=key-0-26970, dataSize=0, replicationType=null, replicationFactor=null, keyLocationInfo=null, clientID=102665036030476690} | ret=SUCCESS |  
2019-08-23 07:09:08,317 | INFO  | DNAudit | user=null | ip=null | op=WRITE_CHUNK {blockData=conID: 1 locID: 102665037303382604 bcsId: 0} | ret=SUCCESS |  
2019-08-23 07:09:08,318 | INFO  | DNAudit | user=null | ip=null | op=WRITE_CHUNK {blockData=conID: 1 locID: 102665037303382604 bcsId: 0} | ret=SUCCESS |  
2019-08-23 07:09:08,319 | INFO  | DNAudit | user=null | ip=null | op=WRITE_CHUNK {blockData=conID: 1 locID: 102665037303382604 bcsId: 0} | ret=SUCCESS |  
2019-08-23 07:09:08,319 | INFO  | DNAudit | user=null | ip=null | op=WRITE_CHUNK {blockData=conID: 1 locID: 102665037303382604 bcsId: 0} | ret=SUCCESS |  
2019-08-23 07:09:08,320 | INFO  | DNAudit | user=null | ip=null | op=WRITE_CHUNK {blockData=conID: 1 locID: 102665037303382604 bcsId: 0} | ret=SUCCESS |  
2019-08-23 07:09:08,321 | INFO  | DNAudit | user=null | ip=null | op=WRITE_CHUNK {blockData=conID: 1 locID: 102665037303382604 bcsId: 0} | ret=SUCCESS |  
2019-08-23 07:09:08,331 | INFO  | DNAudit | user=null | ip=null | op=WRITE_CHUNK {blockData=conID: 1 locID: 102665037303382604 bcsId: 0} | ret=SUCCESS |  
2019-08-23 07:09:08,331 | INFO  | DNAudit | user=null | ip=null | op=PUT_BLOCK {blockData=[blockId=conID: 1 locID: 102665037303382604 bcsId: 0,size=1048576]} | ret=SUCCESS |  
2019-08-23 07:09:08,331 [grpc-default-executor-6] INFO  client.GrpcClientProtocolClient (GrpcClientProtocolClient.java:onNext(255)) - client-D91E5D1E15CE->f2ba01fc-a63e-4348-bd18-030b60a135e7: receive RaftClientReply:client-D91E5D1E15CE->f2ba01fc-a63e-4348-bd18-030b60a135e7@group-C8C62FEF0626, cid=2439, SUCCESS, logIndex=3606, commits[f2ba01fc-a63e-4348-bd18-030b60a135e7:c3608, eab135d4-a257-4705-b491-6c056b8c5df7:c3605, a4f67574-9018-43e7-8a54-351e98dc3d0a:c3605]
2019-08-23 07:09:08,331 | INFO  | DNAudit | user=null | ip=null | op=WRITE_CHUNK {blockData=conID: 1 locID: 102665037303382604 bcsId: 0} | ret=SUCCESS |  
2019-08-23 07:09:08,332 | INFO  | DNAudit | user=null | ip=null | op=PUT_BLOCK {blockData=[blockId=conID: 1 locID: 102665037303382604 bcsId: 0,size=2097152]} | ret=SUCCESS |  
2019-08-23 07:09:08,332 [grpc-default-executor-6] INFO  client.GrpcClientProtocolClient (GrpcClientProtocolClient.java:onNext(255)) - client-D91E5D1E15CE->f2ba01fc-a63e-4348-bd18-030b60a135e7: receive RaftClientReply:client-D91E5D1E15CE->f2ba01fc-a63e-4348-bd18-030b60a135e7@group-C8C62FEF0626, cid=2440, SUCCESS, logIndex=3607, commits[f2ba01fc-a63e-4348-bd18-030b60a135e7:c3609, eab135d4-a257-4705-b491-6c056b8c5df7:c3605, a4f67574-9018-43e7-8a54-351e98dc3d0a:c3605]
2019-08-23 07:09:08,332 [grpc-default-executor-6] INFO  client.GrpcClientProtocolClient (GrpcClientProtocolClient.java:onNext(255)) - client-D91E5D1E15CE->f2ba01fc-a63e-4348-bd18-030b60a135e7: receive RaftClientReply:client-D91E5D1E15CE->f2ba01fc-a63e-4348-bd18-030b60a135e7@group-C8C62FEF0626, cid=2441, SUCCESS, logIndex=3608, commits[f2ba01fc-a63e-4348-bd18-030b60a135e7:c3609, eab135d4-a257-4705-b491-6c056b8c5df7:c3605, a4f67574-9018-43e7-8a54-351e98dc3d0a:c3605]
2019-08-23 07:09:08,332 [grpc-default-executor-6] INFO  client.GrpcClientProtocolClient (GrpcClientProtocolClient.java:onNext(255)) - client-D91E5D1E15CE->f2ba01fc-a63e-4348-bd18-030b60a135e7: receive RaftClientReply:client-D91E5D1E15CE->f2ba01fc-a63e-4348-bd18-030b60a135e7@group-C8C62FEF0626, cid=2442, SUCCESS, logIndex=3609, commits[f2ba01fc-a63e-4348-bd18-030b60a135e7:c3609, eab135d4-a257-4705-b491-6c056b8c5df7:c3605, a4f67574-9018-43e7-8a54-351e98dc3d0a:c3605]
2019-08-23 07:09:08,342 | INFO  | DNAudit | user=null | ip=null | op=WRITE_CHUNK {blockData=conID: 1 locID: 102665037303382604 bcsId: 0} | ret=SUCCESS |  
2019-08-23 07:09:08,342 | INFO  | DNAudit | user=null | ip=null | op=WRITE_CHUNK {blockData=conID: 1 locID: 102665037303382604 bcsId: 0} | ret=SUCCESS |  
2019-08-23 07:09:08,344 | INFO  | DNAudit | user=null | ip=null | op=PUT_BLOCK {blockData=[blockId=conID: 1 locID: 102665037303382604 bcsId: 0,size=1048576]} | ret=SUCCESS |  
2019-08-23 07:09:08,345 | INFO  | DNAudit | user=null | ip=null | op=PUT_BLOCK {blockData=[blockId=conID: 1 locID: 102665037303382604 bcsId: 0,size=1048576]} | ret=SUCCESS |  
2019-08-23 07:09:08,345 | INFO  | DNAudit | user=null | ip=null | op=WRITE_CHUNK {blockData=conID: 1 locID: 102665037303382604 bcsId: 0} | ret=SUCCESS |  
2019-08-23 07:09:08,345 | INFO  | DNAudit | user=null | ip=null | op=WRITE_CHUNK {blockData=conID: 1 locID: 102665037303382604 bcsId: 0} | ret=SUCCESS |  
2019-08-23 07:09:08,345 | INFO  | DNAudit | user=null | ip=null | op=PUT_BLOCK {blockData=[blockId=conID: 1 locID: 102665037303382604 bcsId: 0,size=2097152]} | ret=SUCCESS |  
2019-08-23 07:09:08,345 [grpc-default-executor-3] INFO  client.GrpcClientProtocolClient (GrpcClientProtocolClient.java:onNext(255)) - client-D91E5D1E15CE->f2ba01fc-a63e-4348-bd18-030b60a135e7: receive RaftClientReply:client-D91E5D1E15CE->f2ba01fc-a63e-4348-bd18-030b60a135e7@group-C8C62FEF0626, cid=2443, SUCCESS, logIndex=0, commits[f2ba01fc-a63e-4348-bd18-030b60a135e7:c3611, eab135d4-a257-4705-b491-6c056b8c5df7:c3608, a4f67574-9018-43e7-8a54-351e98dc3d0a:c3608]
2019-08-23 07:09:08,345 | INFO  | DNAudit | user=null | ip=null | op=PUT_BLOCK {blockData=[blockId=conID: 1 locID: 102665037303382604 bcsId: 0,size=2097152]} | ret=SUCCESS |  
2019-08-23 07:09:08,350 | INFO  | DNAudit | user=null | ip=null | op=WRITE_CHUNK {blockData=conID: 1 locID: 102665037303382604 bcsId: 3609} | ret=SUCCESS |  
2019-08-23 07:09:08,352 | INFO  | DNAudit | user=null | ip=null | op=WRITE_CHUNK {blockData=conID: 1 locID: 102665037303382604 bcsId: 3609} | ret=SUCCESS |  
2019-08-23 07:09:08,352 | INFO  | DNAudit | user=null | ip=null | op=WRITE_CHUNK {blockData=conID: 1 locID: 102665037303382604 bcsId: 3609} | ret=SUCCESS |  
2019-08-23 07:09:08,363 | INFO  | DNAudit | user=null | ip=null | op=WRITE_CHUNK {blockData=conID: 1 locID: 102665037303382604 bcsId: 3609} | ret=SUCCESS |  
2019-08-23 07:09:08,363 | INFO  | DNAudit | user=null | ip=null | op=PUT_BLOCK {blockData=[blockId=conID: 1 locID: 102665037303382604 bcsId: 0,size=3145728]} | ret=SUCCESS |  
2019-08-23 07:09:08,363 [grpc-default-executor-6] INFO  client.GrpcClientProtocolClient (GrpcClientProtocolClient.java:onNext(255)) - client-D91E5D1E15CE->f2ba01fc-a63e-4348-bd18-030b60a135e7: receive RaftClientReply:client-D91E5D1E15CE->f2ba01fc-a63e-4348-bd18-030b60a135e7@group-C8C62FEF0626, cid=2444, SUCCESS, logIndex=3613, commits[f2ba01fc-a63e-4348-bd18-030b60a135e7:c3614, eab135d4-a257-4705-b491-6c056b8c5df7:c3612, a4f67574-9018-43e7-8a54-351e98dc3d0a:c3612]
2019-08-23 07:09:08,363 [grpc-default-executor-6] INFO  client.GrpcClientProtocolClient (GrpcClientProtocolClient.java:onNext(255)) - client-D91E5D1E15CE->f2ba01fc-a63e-4348-bd18-030b60a135e7: receive RaftClientReply:client-D91E5D1E15CE->f2ba01fc-a63e-4348-bd18-030b60a135e7@group-C8C62FEF0626, cid=2445, SUCCESS, logIndex=3614, commits[f2ba01fc-a63e-4348-bd18-030b60a135e7:c3614, eab135d4-a257-4705-b491-6c056b8c5df7:c3612, a4f67574-9018-43e7-8a54-351e98dc3d0a:c3612]
2019-08-23 07:09:08,369 | INFO  | DNAudit | user=null | ip=null | op=WRITE_CHUNK {blockData=conID: 1 locID: 102665037303382604 bcsId: 3614} | ret=SUCCESS |  
2019-08-23 07:09:08,371 | INFO  | DNAudit | user=null | ip=null | op=WRITE_CHUNK {blockData=conID: 1 locID: 102665037303382604 bcsId: 3614} | ret=SUCCESS |  
2019-08-23 07:09:08,372 | INFO  | DNAudit | user=null | ip=null | op=WRITE_CHUNK {blockData=conID: 1 locID: 102665037303382604 bcsId: 3614} | ret=SUCCESS |  
2019-08-23 07:09:08,374 | INFO  | DNAudit | user=null | ip=null | op=WRITE_CHUNK {blockData=conID: 1 locID: 102665037303382604 bcsId: 3609} | ret=SUCCESS |  
2019-08-23 07:09:08,374 | INFO  | DNAudit | user=null | ip=null | op=WRITE_CHUNK {blockData=conID: 1 locID: 102665037303382604 bcsId: 3609} | ret=SUCCESS |  
2019-08-23 07:09:08,375 | INFO  | DNAudit | user=null | ip=null | op=PUT_BLOCK {blockData=[blockId=conID: 1 locID: 102665037303382604 bcsId: 0,size=3145728]} | ret=SUCCESS |  
2019-08-23 07:09:08,375 | INFO  | DNAudit | user=null | ip=null | op=PUT_BLOCK {blockData=[blockId=conID: 1 locID: 102665037303382604 bcsId: 0,size=3145728]} | ret=SUCCESS |  
2019-08-23 07:09:08,376 | INFO  | DNAudit | user=null | ip=null | op=WRITE_CHUNK {blockData=conID: 1 locID: 102665037303382604 bcsId: 3614} | ret=SUCCESS |  
2019-08-23 07:09:08,376 | INFO  | DNAudit | user=null | ip=null | op=PUT_BLOCK {blockData=[blockId=conID: 1 locID: 102665037303382604 bcsId: 0,size=4194304]} | ret=SUCCESS |  
2019-08-23 07:09:08,376 [grpc-default-executor-6] INFO  client.GrpcClientProtocolClient (GrpcClientProtocolClient.java:onNext(255)) - client-D91E5D1E15CE->f2ba01fc-a63e-4348-bd18-030b60a135e7: receive RaftClientReply:client-D91E5D1E15CE->f2ba01fc-a63e-4348-bd18-030b60a135e7@group-C8C62FEF0626, cid=2446, SUCCESS, logIndex=3616, commits[f2ba01fc-a63e-4348-bd18-030b60a135e7:c3617, eab135d4-a257-4705-b491-6c056b8c5df7:c3614, a4f67574-9018-43e7-8a54-351e98dc3d0a:c3614]
2019-08-23 07:09:08,377 [grpc-default-executor-6] INFO  client.GrpcClientProtocolClient (GrpcClientProtocolClient.java:onNext(255)) - client-D91E5D1E15CE->f2ba01fc-a63e-4348-bd18-030b60a135e7: receive RaftClientReply:client-D91E5D1E15CE->f2ba01fc-a63e-4348-bd18-030b60a135e7@group-C8C62FEF0626, cid=2447, SUCCESS, logIndex=3617, commits[f2ba01fc-a63e-4348-bd18-030b60a135e7:c3617, eab135d4-a257-4705-b491-6c056b8c5df7:c3614, a4f67574-9018-43e7-8a54-351e98dc3d0a:c3614]
2019-08-23 07:09:08,388 | INFO  | DNAudit | user=null | ip=null | op=WRITE_CHUNK {blockData=conID: 1 locID: 102665037303382604 bcsId: 3614} | ret=SUCCESS |  
2019-08-23 07:09:08,388 | INFO  | DNAudit | user=null | ip=null | op=WRITE_CHUNK {blockData=conID: 1 locID: 102665037303382604 bcsId: 3614} | ret=SUCCESS |  
2019-08-23 07:09:08,388 | INFO  | DNAudit | user=null | ip=null | op=PUT_BLOCK {blockData=[blockId=conID: 1 locID: 102665037303382604 bcsId: 0,size=4194304]} | ret=SUCCESS |  
2019-08-23 07:09:08,388 | INFO  | DNAudit | user=null | ip=null | op=PUT_BLOCK {blockData=[blockId=conID: 1 locID: 102665037303382604 bcsId: 0,size=4194304]} | ret=SUCCESS |  
2019-08-23 07:09:08,388 [grpc-default-executor-6] INFO  client.GrpcClientProtocolClient (GrpcClientProtocolClient.java:onNext(255)) - client-D91E5D1E15CE->f2ba01fc-a63e-4348-bd18-030b60a135e7: receive RaftClientReply:client-D91E5D1E15CE->f2ba01fc-a63e-4348-bd18-030b60a135e7@group-C8C62FEF0626, cid=2448, SUCCESS, logIndex=0, commits[f2ba01fc-a63e-4348-bd18-030b60a135e7:c3617, eab135d4-a257-4705-b491-6c056b8c5df7:c3617, a4f67574-9018-43e7-8a54-351e98dc3d0a:c3617]
2019-08-23 07:09:08,395 | INFO  | SCMAudit | user=jenkins1000 | ip=192.168.5.178 | op=ALLOCATE_BLOCK {owner=aaf04d22-10dd-4717-8862-c651bdde72cf, size=4194304, type=RATIS, factor=THREE} | ret=SUCCESS |  
2019-08-23 07:09:08,397 | INFO  | OMAudit | user=jenkins1000 | ip=127.0.0.1 | op=ALLOCATE_BLOCK {volume=vol-0-67663, bucket=bucket-0-68950, key=key-0-26970, dataSize=0, replicationType=null, replicationFactor=null, keyLocationInfo=null, clientID=102665036030476690} | ret=SUCCESS |  
2019-08-23 07:09:08,403 | INFO  | DNAudit | user=null | ip=null | op=WRITE_CHUNK {blockData=conID: 2 locID: 102665037309149773 bcsId: 0} | ret=SUCCESS |  
2019-08-23 07:09:08,405 | INFO  | DNAudit | user=null | ip=null | op=WRITE_CHUNK {blockData=conID: 2 locID: 102665037309149773 bcsId: 0} | ret=SUCCESS |  
2019-08-23 07:09:08,405 | INFO  | DNAudit | user=null | ip=null | op=WRITE_CHUNK {blockData=conID: 2 locID: 102665037309149773 bcsId: 0} | ret=SUCCESS |  
2019-08-23 07:09:08,405 | INFO  | DNAudit | user=null | ip=null | op=WRITE_CHUNK {blockData=conID: 2 locID: 102665037309149773 bcsId: 0} | ret=SUCCESS |  
2019-08-23 07:09:08,407 | INFO  | DNAudit | user=null | ip=null | op=WRITE_CHUNK {blockData=conID: 2 locID: 102665037309149773 bcsId: 0} | ret=SUCCESS |  
2019-08-23 07:09:08,407 | INFO  | DNAudit | user=null | ip=null | op=WRITE_CHUNK {blockData=conID: 2 locID: 102665037309149773 bcsId: 0} | ret=SUCCESS |  
2019-08-23 07:09:08,409 | INFO  | DNAudit | user=null | ip=null | op=WRITE_CHUNK {blockData=conID: 2 locID: 102665037309149773 bcsId: 0} | ret=SUCCESS |  
2019-08-23 07:09:08,409 | INFO  | DNAudit | user=null | ip=null | op=PUT_BLOCK {blockData=[blockId=conID: 2 locID: 102665037309149773 bcsId: 0,size=1048576]} | ret=SUCCESS |  
2019-08-23 07:09:08,409 | INFO  | DNAudit | user=null | ip=null | op=WRITE_CHUNK {blockData=conID: 2 locID: 102665037309149773 bcsId: 0} | ret=SUCCESS |  
2019-08-23 07:09:08,409 [grpc-default-executor-2] INFO  client.GrpcClientProtocolClient (GrpcClientProtocolClient.java:onNext(255)) - client-D91E5D1E15CE->f2ba01fc-a63e-4348-bd18-030b60a135e7: receive RaftClientReply:client-D91E5D1E15CE->f2ba01fc-a63e-4348-bd18-030b60a135e7@group-C8C62FEF0626, cid=2449, SUCCESS, logIndex=3620, commits[f2ba01fc-a63e-4348-bd18-030b60a135e7:c3623, eab135d4-a257-4705-b491-6c056b8c5df7:c3617, a4f67574-9018-43e7-8a54-351e98dc3d0a:c3619]
2019-08-23 07:09:08,410 | INFO  | DNAudit | user=null | ip=null | op=PUT_BLOCK {blockData=[blockId=conID: 2 locID: 102665037309149773 bcsId: 0,size=2097152]} | ret=SUCCESS |  
2019-08-23 07:09:08,410 [grpc-default-executor-2] INFO  client.GrpcClientProtocolClient (GrpcClientProtocolClient.java:onNext(255)) - client-D91E5D1E15CE->f2ba01fc-a63e-4348-bd18-030b60a135e7: receive RaftClientReply:client-D91E5D1E15CE->f2ba01fc-a63e-4348-bd18-030b60a135e7@group-C8C62FEF0626, cid=2450, SUCCESS, logIndex=3621, commits[f2ba01fc-a63e-4348-bd18-030b60a135e7:c3623, eab135d4-a257-4705-b491-6c056b8c5df7:c3619, a4f67574-9018-43e7-8a54-351e98dc3d0a:c3619]
2019-08-23 07:09:08,410 [grpc-default-executor-2] INFO  client.GrpcClientProtocolClient (GrpcClientProtocolClient.java:onNext(255)) - client-D91E5D1E15CE->f2ba01fc-a63e-4348-bd18-030b60a135e7: receive RaftClientReply:client-D91E5D1E15CE->f2ba01fc-a63e-4348-bd18-030b60a135e7@group-C8C62FEF0626, cid=2451, SUCCESS, logIndex=3622, commits[f2ba01fc-a63e-4348-bd18-030b60a135e7:c3623, eab135d4-a257-4705-b491-6c056b8c5df7:c3619, a4f67574-9018-43e7-8a54-351e98dc3d0a:c3619]
2019-08-23 07:09:08,410 [grpc-default-executor-2] INFO  client.GrpcClientProtocolClient (GrpcClientProtocolClient.java:onNext(255)) - client-D91E5D1E15CE->f2ba01fc-a63e-4348-bd18-030b60a135e7: receive RaftClientReply:client-D91E5D1E15CE->f2ba01fc-a63e-4348-bd18-030b60a135e7@group-C8C62FEF0626, cid=2452, SUCCESS, logIndex=3623, commits[f2ba01fc-a63e-4348-bd18-030b60a135e7:c3623, eab135d4-a257-4705-b491-6c056b8c5df7:c3619, a4f67574-9018-43e7-8a54-351e98dc3d0a:c3619]
2019-08-23 07:09:08,411 | INFO  | DNAudit | user=null | ip=null | op=WRITE_CHUNK {blockData=conID: 2 locID: 102665037309149773 bcsId: 0} | ret=SUCCESS |  
2019-08-23 07:09:08,411 | INFO  | DNAudit | user=null | ip=null | op=WRITE_CHUNK {blockData=conID: 2 locID: 102665037309149773 bcsId: 0} | ret=SUCCESS |  
2019-08-23 07:09:08,411 | INFO  | DNAudit | user=null | ip=null | op=PUT_BLOCK {blockData=[blockId=conID: 2 locID: 102665037309149773 bcsId: 0,size=1048576]} | ret=SUCCESS |  
2019-08-23 07:09:08,413 | INFO  | DNAudit | user=null | ip=null | op=PUT_BLOCK {blockData=[blockId=conID: 2 locID: 102665037309149773 bcsId: 0,size=1048576]} | ret=SUCCESS |  
2019-08-23 07:09:08,413 | INFO  | DNAudit | user=null | ip=null | op=WRITE_CHUNK {blockData=conID: 2 locID: 102665037309149773 bcsId: 0} | ret=SUCCESS |  
2019-08-23 07:09:08,413 | INFO  | DNAudit | user=null | ip=null | op=WRITE_CHUNK {blockData=conID: 2 locID: 102665037309149773 bcsId: 0} | ret=SUCCESS |  
2019-08-23 07:09:08,413 | INFO  | DNAudit | user=null | ip=null | op=PUT_BLOCK {blockData=[blockId=conID: 2 locID: 102665037309149773 bcsId: 0,size=2097152]} | ret=SUCCESS |  
2019-08-23 07:09:08,413 | INFO  | DNAudit | user=null | ip=null | op=PUT_BLOCK {blockData=[blockId=conID: 2 locID: 102665037309149773 bcsId: 0,size=2097152]} | ret=SUCCESS |  
2019-08-23 07:09:08,413 [grpc-default-executor-2] INFO  client.GrpcClientProtocolClient (GrpcClientProtocolClient.java:onNext(255)) - client-D91E5D1E15CE->f2ba01fc-a63e-4348-bd18-030b60a135e7: receive RaftClientReply:client-D91E5D1E15CE->f2ba01fc-a63e-4348-bd18-030b60a135e7@group-C8C62FEF0626, cid=2453, SUCCESS, logIndex=0, commits[f2ba01fc-a63e-4348-bd18-030b60a135e7:c3625, eab135d4-a257-4705-b491-6c056b8c5df7:c3621, a4f67574-9018-43e7-8a54-351e98dc3d0a:c3621]
2019-08-23 07:09:08,418 | INFO  | DNAudit | user=null | ip=null | op=WRITE_CHUNK {blockData=conID: 2 locID: 102665037309149773 bcsId: 3623} | ret=SUCCESS |  
2019-08-23 07:09:08,420 | INFO  | DNAudit | user=null | ip=null | op=WRITE_CHUNK {blockData=conID: 2 locID: 102665037309149773 bcsId: 3623} | ret=SUCCESS |  
2019-08-23 07:09:08,420 | INFO  | DNAudit | user=null | ip=null | op=WRITE_CHUNK {blockData=conID: 2 locID: 102665037309149773 bcsId: 3623} | ret=SUCCESS |  
2019-08-23 07:09:08,424 | INFO  | DNAudit | user=null | ip=null | op=WRITE_CHUNK {blockData=conID: 2 locID: 102665037309149773 bcsId: 3623} | ret=SUCCESS |  
2019-08-23 07:09:08,425 | INFO  | DNAudit | user=null | ip=null | op=WRITE_CHUNK {blockData=conID: 2 locID: 102665037309149773 bcsId: 3623} | ret=SUCCESS |  
2019-08-23 07:09:08,425 | INFO  | DNAudit | user=null | ip=null | op=PUT_BLOCK {blockData=[blockId=conID: 2 locID: 102665037309149773 bcsId: 0,size=3145728]} | ret=SUCCESS |  
2019-08-23 07:09:08,425 [grpc-default-executor-2] INFO  client.GrpcClientProtocolClient (GrpcClientProtocolClient.java:onNext(255)) - client-D91E5D1E15CE->f2ba01fc-a63e-4348-bd18-030b60a135e7: receive RaftClientReply:client-D91E5D1E15CE->f2ba01fc-a63e-4348-bd18-030b60a135e7@group-C8C62FEF0626, cid=2454, SUCCESS, logIndex=3628, commits[f2ba01fc-a63e-4348-bd18-030b60a135e7:c3629, eab135d4-a257-4705-b491-6c056b8c5df7:c3627, a4f67574-9018-43e7-8a54-351e98dc3d0a:c3623]
2019-08-23 07:09:08,425 [grpc-default-executor-2] INFO  client.GrpcClientProtocolClient (GrpcClientProtocolClient.java:onNext(255)) - client-D91E5D1E15CE->f2ba01fc-a63e-4348-bd18-030b60a135e7: receive RaftClientReply:client-D91E5D1E15CE->f2ba01fc-a63e-4348-bd18-030b60a135e7@group-C8C62FEF0626, cid=2455, SUCCESS, logIndex=3629, commits[f2ba01fc-a63e-4348-bd18-030b60a135e7:c3630, eab135d4-a257-4705-b491-6c056b8c5df7:c3628, a4f67574-9018-43e7-8a54-351e98dc3d0a:c3627]
2019-08-23 07:09:08,431 | INFO  | DNAudit | user=null | ip=null | op=WRITE_CHUNK {blockData=conID: 2 locID: 102665037309149773 bcsId: 3629} | ret=SUCCESS |  
2019-08-23 07:09:08,433 | INFO  | DNAudit | user=null | ip=null | op=WRITE_CHUNK {blockData=conID: 2 locID: 102665037309149773 bcsId: 3629} | ret=SUCCESS |  
2019-08-23 07:09:08,433 | INFO  | DNAudit | user=null | ip=null | op=WRITE_CHUNK {blockData=conID: 2 locID: 102665037309149773 bcsId: 3629} | ret=SUCCESS |  
2019-08-23 07:09:08,454 | INFO  | DNAudit | user=null | ip=null | op=WRITE_CHUNK {blockData=conID: 2 locID: 102665037309149773 bcsId: 3623} | ret=SUCCESS |  
2019-08-23 07:09:08,454 | INFO  | DNAudit | user=null | ip=null | op=PUT_BLOCK {blockData=[blockId=conID: 2 locID: 102665037309149773 bcsId: 0,size=3145728]} | ret=SUCCESS |  
2019-08-23 07:09:08,454 | INFO  | DNAudit | user=null | ip=null | op=PUT_BLOCK {blockData=[blockId=conID: 2 locID: 102665037309149773 bcsId: 0,size=3145728]} | ret=SUCCESS |  
2019-08-23 07:09:08,456 | INFO  | DNAudit | user=null | ip=null | op=WRITE_CHUNK {blockData=conID: 2 locID: 102665037309149773 bcsId: 3629} | ret=SUCCESS |  
2019-08-23 07:09:08,457 | INFO  | DNAudit | user=null | ip=null | op=PUT_BLOCK {blockData=[blockId=conID: 2 locID: 102665037309149773 bcsId: 0,size=4194304]} | ret=SUCCESS |  
2019-08-23 07:09:08,457 [grpc-default-executor-3] INFO  client.GrpcClientProtocolClient (GrpcClientProtocolClient.java:onNext(255)) - client-D91E5D1E15CE->f2ba01fc-a63e-4348-bd18-030b60a135e7: receive RaftClientReply:client-D91E5D1E15CE->f2ba01fc-a63e-4348-bd18-030b60a135e7@group-C8C62FEF0626, cid=2456, SUCCESS, logIndex=3632, commits[f2ba01fc-a63e-4348-bd18-030b60a135e7:c3633, eab135d4-a257-4705-b491-6c056b8c5df7:c3630, a4f67574-9018-43e7-8a54-351e98dc3d0a:c3630]
2019-08-23 07:09:08,457 [grpc-default-executor-3] INFO  client.GrpcClientProtocolClient (GrpcClientProtocolClient.java:onNext(255)) - client-D91E5D1E15CE->f2ba01fc-a63e-4348-bd18-030b60a135e7: receive RaftClientReply:client-D91E5D1E15CE->f2ba01fc-a63e-4348-bd18-030b60a135e7@group-C8C62FEF0626, cid=2457, SUCCESS, logIndex=3633, commits[f2ba01fc-a63e-4348-bd18-030b60a135e7:c3633, eab135d4-a257-4705-b491-6c056b8c5df7:c3630, a4f67574-9018-43e7-8a54-351e98dc3d0a:c3630]
2019-08-23 07:09:08,468 | INFO  | DNAudit | user=null | ip=null | op=WRITE_CHUNK {blockData=conID: 2 locID: 102665037309149773 bcsId: 3629} | ret=SUCCESS |  
2019-08-23 07:09:08,468 | INFO  | DNAudit | user=null | ip=null | op=WRITE_CHUNK {blockData=conID: 2 locID: 102665037309149773 bcsId: 3629} | ret=SUCCESS |  
2019-08-23 07:09:08,469 | INFO  | DNAudit | user=null | ip=null | op=PUT_BLOCK {blockData=[blockId=conID: 2 locID: 102665037309149773 bcsId: 0,size=4194304]} | ret=SUCCESS |  
2019-08-23 07:09:08,470 | INFO  | DNAudit | user=null | ip=null | op=PUT_BLOCK {blockData=[blockId=conID: 2 locID: 102665037309149773 bcsId: 0,size=4194304]} | ret=SUCCESS |  
2019-08-23 07:09:08,470 [grpc-default-executor-3] INFO  client.GrpcClientProtocolClient (GrpcClientProtocolClient.java:onNext(255)) - client-D91E5D1E15CE->f2ba01fc-a63e-4348-bd18-030b60a135e7: receive RaftClientReply:client-D91E5D1E15CE->f2ba01fc-a63e-4348-bd18-030b60a135e7@group-C8C62FEF0626, cid=2458, SUCCESS, logIndex=0, commits[f2ba01fc-a63e-4348-bd18-030b60a135e7:c3635, eab135d4-a257-4705-b491-6c056b8c5df7:c3633, a4f67574-9018-43e7-8a54-351e98dc3d0a:c3633]
2019-08-23 07:09:08,474 | INFO  | SCMAudit | user=jenkins1000 | ip=192.168.5.178 | op=ALLOCATE_BLOCK {owner=aaf04d22-10dd-4717-8862-c651bdde72cf, size=4194304, type=RATIS, factor=THREE} | ret=SUCCESS |  
2019-08-23 07:09:08,476 | INFO  | OMAudit | user=jenkins1000 | ip=127.0.0.1 | op=ALLOCATE_BLOCK {volume=vol-0-67663, bucket=bucket-0-68950, key=key-0-26970, dataSize=0, replicationType=null, replicationFactor=null, keyLocationInfo=null, clientID=102665036030476690} | ret=SUCCESS |  
2019-08-23 07:09:08,482 | INFO  | DNAudit | user=null | ip=null | op=WRITE_CHUNK {blockData=conID: 3 locID: 102665037314392654 bcsId: 0} | ret=SUCCESS |  
2019-08-23 07:09:08,484 | INFO  | DNAudit | user=null | ip=null | op=WRITE_CHUNK {blockData=conID: 3 locID: 102665037314392654 bcsId: 0} | ret=SUCCESS |  
2019-08-23 07:09:08,484 | INFO  | DNAudit | user=null | ip=null | op=WRITE_CHUNK {blockData=conID: 3 locID: 102665037314392654 bcsId: 0} | ret=SUCCESS |  
2019-08-23 07:09:08,485 | INFO  | DNAudit | user=null | ip=null | op=WRITE_CHUNK {blockData=conID: 3 locID: 102665037314392654 bcsId: 0} | ret=SUCCESS |  
2019-08-23 07:09:08,485 | INFO  | DNAudit | user=null | ip=null | op=WRITE_CHUNK {blockData=conID: 3 locID: 102665037314392654 bcsId: 0} | ret=SUCCESS |  
2019-08-23 07:09:08,486 | INFO  | DNAudit | user=null | ip=null | op=WRITE_CHUNK {blockData=conID: 3 locID: 102665037314392654 bcsId: 0} | ret=SUCCESS |  
2019-08-23 07:09:08,509 | INFO  | DNAudit | user=null | ip=null | op=WRITE_CHUNK {blockData=conID: 3 locID: 102665037314392654 bcsId: 0} | ret=SUCCESS |  
2019-08-23 07:09:08,509 | INFO  | DNAudit | user=null | ip=null | op=PUT_BLOCK {blockData=[blockId=conID: 3 locID: 102665037314392654 bcsId: 0,size=1048576]} | ret=SUCCESS |  
2019-08-23 07:09:08,509 | INFO  | DNAudit | user=null | ip=null | op=WRITE_CHUNK {blockData=conID: 3 locID: 102665037314392654 bcsId: 0} | ret=SUCCESS |  
2019-08-23 07:09:08,509 [grpc-default-executor-3] INFO  client.GrpcClientProtocolClient (GrpcClientProtocolClient.java:onNext(255)) - client-D91E5D1E15CE->f2ba01fc-a63e-4348-bd18-030b60a135e7: receive RaftClientReply:client-D91E5D1E15CE->f2ba01fc-a63e-4348-bd18-030b60a135e7@group-C8C62FEF0626, cid=2459, SUCCESS, logIndex=3636, commits[f2ba01fc-a63e-4348-bd18-030b60a135e7:c3637, eab135d4-a257-4705-b491-6c056b8c5df7:c3635, a4f67574-9018-43e7-8a54-351e98dc3d0a:c3635]
2019-08-23 07:09:08,510 | INFO  | DNAudit | user=null | ip=null | op=PUT_BLOCK {blockData=[blockId=conID: 3 locID: 102665037314392654 bcsId: 0,size=2097152]} | ret=SUCCESS |  
2019-08-23 07:09:08,510 [grpc-default-executor-3] INFO  client.GrpcClientProtocolClient (GrpcClientProtocolClient.java:onNext(255)) - client-D91E5D1E15CE->f2ba01fc-a63e-4348-bd18-030b60a135e7: receive RaftClientReply:client-D91E5D1E15CE->f2ba01fc-a63e-4348-bd18-030b60a135e7@group-C8C62FEF0626, cid=2460, SUCCESS, logIndex=3637, commits[f2ba01fc-a63e-4348-bd18-030b60a135e7:c3639, eab135d4-a257-4705-b491-6c056b8c5df7:c3635, a4f67574-9018-43e7-8a54-351e98dc3d0a:c3635]
2019-08-23 07:09:08,510 [grpc-default-executor-3] INFO  client.GrpcClientProtocolClient (GrpcClientProtocolClient.java:onNext(255)) - client-D91E5D1E15CE->f2ba01fc-a63e-4348-bd18-030b60a135e7: receive RaftClientReply:client-D91E5D1E15CE->f2ba01fc-a63e-4348-bd18-030b60a135e7@group-C8C62FEF0626, cid=2461, SUCCESS, logIndex=3638, commits[f2ba01fc-a63e-4348-bd18-030b60a135e7:c3639, eab135d4-a257-4705-b491-6c056b8c5df7:c3635, a4f67574-9018-43e7-8a54-351e98dc3d0a:c3635]
2019-08-23 07:09:08,510 [grpc-default-executor-3] INFO  client.GrpcClientProtocolClient (GrpcClientProtocolClient.java:onNext(255)) - client-D91E5D1E15CE->f2ba01fc-a63e-4348-bd18-030b60a135e7: receive RaftClientReply:client-D91E5D1E15CE->f2ba01fc-a63e-4348-bd18-030b60a135e7@group-C8C62FEF0626, cid=2462, SUCCESS, logIndex=3639, commits[f2ba01fc-a63e-4348-bd18-030b60a135e7:c3639, eab135d4-a257-4705-b491-6c056b8c5df7:c3635, a4f67574-9018-43e7-8a54-351e98dc3d0a:c3635]
2019-08-23 07:09:08,520 | INFO  | DNAudit | user=null | ip=null | op=WRITE_CHUNK {blockData=conID: 3 locID: 102665037314392654 bcsId: 0} | ret=SUCCESS |  
2019-08-23 07:09:08,520 | INFO  | DNAudit | user=null | ip=null | op=WRITE_CHUNK {blockData=conID: 3 locID: 102665037314392654 bcsId: 0} | ret=SUCCESS |  
2019-08-23 07:09:08,520 | INFO  | DNAudit | user=null | ip=null | op=PUT_BLOCK {blockData=[blockId=conID: 3 locID: 102665037314392654 bcsId: 0,size=1048576]} | ret=SUCCESS |  
2019-08-23 07:09:08,523 | INFO  | DNAudit | user=null | ip=null | op=WRITE_CHUNK {blockData=conID: 3 locID: 102665037314392654 bcsId: 0} | ret=SUCCESS |  
2019-08-23 07:09:08,523 | INFO  | DNAudit | user=null | ip=null | op=PUT_BLOCK {blockData=[blockId=conID: 3 locID: 102665037314392654 bcsId: 0,size=1048576]} | ret=SUCCESS |  
2019-08-23 07:09:08,523 | INFO  | DNAudit | user=null | ip=null | op=PUT_BLOCK {blockData=[blockId=conID: 3 locID: 102665037314392654 bcsId: 0,size=2097152]} | ret=SUCCESS |  
2019-08-23 07:09:08,523 | INFO  | DNAudit | user=null | ip=null | op=WRITE_CHUNK {blockData=conID: 3 locID: 102665037314392654 bcsId: 0} | ret=SUCCESS |  
2019-08-23 07:09:08,523 [grpc-default-executor-6] INFO  client.GrpcClientProtocolClient (GrpcClientProtocolClient.java:onNext(255)) - client-D91E5D1E15CE->f2ba01fc-a63e-4348-bd18-030b60a135e7: receive RaftClientReply:client-D91E5D1E15CE->f2ba01fc-a63e-4348-bd18-030b60a135e7@group-C8C62FEF0626, cid=2463, SUCCESS, logIndex=0, commits[f2ba01fc-a63e-4348-bd18-030b60a135e7:c3641, eab135d4-a257-4705-b491-6c056b8c5df7:c3637, a4f67574-9018-43e7-8a54-351e98dc3d0a:c3637]
2019-08-23 07:09:08,523 | INFO  | DNAudit | user=null | ip=null | op=PUT_BLOCK {blockData=[blockId=conID: 3 locID: 102665037314392654 bcsId: 0,size=2097152]} | ret=SUCCESS |  
2019-08-23 07:09:08,528 | INFO  | DNAudit | user=null | ip=null | op=WRITE_CHUNK {blockData=conID: 3 locID: 102665037314392654 bcsId: 3639} | ret=SUCCESS |  
2019-08-23 07:09:08,530 | INFO  | DNAudit | user=null | ip=null | op=WRITE_CHUNK {blockData=conID: 3 locID: 102665037314392654 bcsId: 3639} | ret=SUCCESS |  
2019-08-23 07:09:08,530 | INFO  | DNAudit | user=null | ip=null | op=WRITE_CHUNK {blockData=conID: 3 locID: 102665037314392654 bcsId: 3639} | ret=SUCCESS |  
2019-08-23 07:09:08,540 | INFO  | DNAudit | user=null | ip=null | op=WRITE_CHUNK {blockData=conID: 3 locID: 102665037314392654 bcsId: 3639} | ret=SUCCESS |  
2019-08-23 07:09:08,541 | INFO  | DNAudit | user=null | ip=null | op=PUT_BLOCK {blockData=[blockId=conID: 3 locID: 102665037314392654 bcsId: 0,size=3145728]} | ret=SUCCESS |  
2019-08-23 07:09:08,541 [grpc-default-executor-3] INFO  client.GrpcClientProtocolClient (GrpcClientProtocolClient.java:onNext(255)) - client-D91E5D1E15CE->f2ba01fc-a63e-4348-bd18-030b60a135e7: receive RaftClientReply:client-D91E5D1E15CE->f2ba01fc-a63e-4348-bd18-030b60a135e7@group-C8C62FEF0626, cid=2464, SUCCESS, logIndex=3643, commits[f2ba01fc-a63e-4348-bd18-030b60a135e7:c3644, eab135d4-a257-4705-b491-6c056b8c5df7:c3642, a4f67574-9018-43e7-8a54-351e98dc3d0a:c3642]
2019-08-23 07:09:08,541 [grpc-default-executor-3] INFO  client.GrpcClientProtocolClient (GrpcClientProtocolClient.java:onNext(255)) - client-D91E5D1E15CE->f2ba01fc-a63e-4348-bd18-030b60a135e7: receive RaftClientReply:client-D91E5D1E15CE->f2ba01fc-a63e-4348-bd18-030b60a135e7@group-C8C62FEF0626, cid=2465, SUCCESS, logIndex=3644, commits[f2ba01fc-a63e-4348-bd18-030b60a135e7:c3644, eab135d4-a257-4705-b491-6c056b8c5df7:c3642, a4f67574-9018-43e7-8a54-351e98dc3d0a:c3642]
2019-08-23 07:09:08,546 | INFO  | DNAudit | user=null | ip=null | op=WRITE_CHUNK {blockData=conID: 3 locID: 102665037314392654 bcsId: 3644} | ret=SUCCESS |  
2019-08-23 07:09:08,548 | INFO  | DNAudit | user=null | ip=null | op=WRITE_CHUNK {blockData=conID: 3 locID: 102665037314392654 bcsId: 3644} | ret=SUCCESS |  
2019-08-23 07:09:08,548 | INFO  | DNAudit | user=null | ip=null | op=WRITE_CHUNK {blockData=conID: 3 locID: 102665037314392654 bcsId: 3644} | ret=SUCCESS |  
2019-08-23 07:09:08,560 | INFO  | DNAudit | user=null | ip=null | op=WRITE_CHUNK {blockData=conID: 3 locID: 102665037314392654 bcsId: 3639} | ret=SUCCESS |  
2019-08-23 07:09:08,560 | INFO  | DNAudit | user=null | ip=null | op=WRITE_CHUNK {blockData=conID: 3 locID: 102665037314392654 bcsId: 3639} | ret=SUCCESS |  
2019-08-23 07:09:08,560 | INFO  | DNAudit | user=null | ip=null | op=PUT_BLOCK {blockData=[blockId=conID: 3 locID: 102665037314392654 bcsId: 0,size=3145728]} | ret=SUCCESS |  
2019-08-23 07:09:08,560 | INFO  | DNAudit | user=null | ip=null | op=PUT_BLOCK {blockData=[blockId=conID: 3 locID: 102665037314392654 bcsId: 0,size=3145728]} | ret=SUCCESS |  
2019-08-23 07:09:08,563 | INFO  | DNAudit | user=null | ip=null | op=WRITE_CHUNK {blockData=conID: 3 locID: 102665037314392654 bcsId: 3644} | ret=SUCCESS |  
2019-08-23 07:09:08,563 | INFO  | DNAudit | user=null | ip=null | op=PUT_BLOCK {blockData=[blockId=conID: 3 locID: 102665037314392654 bcsId: 0,size=4194304]} | ret=SUCCESS |  
2019-08-23 07:09:08,564 [grpc-default-executor-6] INFO  client.GrpcClientProtocolClient (GrpcClientProtocolClient.java:onNext(255)) - client-D91E5D1E15CE->f2ba01fc-a63e-4348-bd18-030b60a135e7: receive RaftClientReply:client-D91E5D1E15CE->f2ba01fc-a63e-4348-bd18-030b60a135e7@group-C8C62FEF0626, cid=2466, SUCCESS, logIndex=3647, commits[f2ba01fc-a63e-4348-bd18-030b60a135e7:c3648, eab135d4-a257-4705-b491-6c056b8c5df7:c3644, a4f67574-9018-43e7-8a54-351e98dc3d0a:c3644]
2019-08-23 07:09:08,564 [grpc-default-executor-6] INFO  client.GrpcClientProtocolClient (GrpcClientProtocolClient.java:onNext(255)) - client-D91E5D1E15CE->f2ba01fc-a63e-4348-bd18-030b60a135e7: receive RaftClientReply:client-D91E5D1E15CE->f2ba01fc-a63e-4348-bd18-030b60a135e7@group-C8C62FEF0626, cid=2467, SUCCESS, logIndex=3648, commits[f2ba01fc-a63e-4348-bd18-030b60a135e7:c3648, eab135d4-a257-4705-b491-6c056b8c5df7:c3644, a4f67574-9018-43e7-8a54-351e98dc3d0a:c3644]
2019-08-23 07:09:08,574 | INFO  | DNAudit | user=null | ip=null | op=WRITE_CHUNK {blockData=conID: 3 locID: 102665037314392654 bcsId: 3644} | ret=SUCCESS |  
2019-08-23 07:09:08,574 | INFO  | DNAudit | user=null | ip=null | op=WRITE_CHUNK {blockData=conID: 3 locID: 102665037314392654 bcsId: 3644} | ret=SUCCESS |  
2019-08-23 07:09:08,577 | INFO  | DNAudit | user=null | ip=null | op=PUT_BLOCK {blockData=[blockId=conID: 3 locID: 102665037314392654 bcsId: 0,size=4194304]} | ret=SUCCESS |  
2019-08-23 07:09:08,577 | INFO  | DNAudit | user=null | ip=null | op=PUT_BLOCK {blockData=[blockId=conID: 3 locID: 102665037314392654 bcsId: 0,size=4194304]} | ret=SUCCESS |  
2019-08-23 07:09:08,577 [grpc-default-executor-6] INFO  client.GrpcClientProtocolClient (GrpcClientProtocolClient.java:onNext(255)) - client-D91E5D1E15CE->f2ba01fc-a63e-4348-bd18-030b60a135e7: receive RaftClientReply:client-D91E5D1E15CE->f2ba01fc-a63e-4348-bd18-030b60a135e7@group-C8C62FEF0626, cid=2468, SUCCESS, logIndex=0, commits[f2ba01fc-a63e-4348-bd18-030b60a135e7:c3650, eab135d4-a257-4705-b491-6c056b8c5df7:c3648, a4f67574-9018-43e7-8a54-351e98dc3d0a:c3648]
2019-08-23 07:09:08,581 | INFO  | SCMAudit | user=jenkins1000 | ip=192.168.5.178 | op=ALLOCATE_BLOCK {owner=aaf04d22-10dd-4717-8862-c651bdde72cf, size=4194304, type=RATIS, factor=THREE} | ret=SUCCESS |  
2019-08-23 07:09:08,584 | INFO  | OMAudit | user=jenkins1000 | ip=127.0.0.1 | op=ALLOCATE_BLOCK {volume=vol-0-67663, bucket=bucket-0-68950, key=key-0-26970, dataSize=0, replicationType=null, replicationFactor=null, keyLocationInfo=null, clientID=102665036030476690} | ret=SUCCESS |  
2019-08-23 07:09:08,591 | INFO  | DNAudit | user=null | ip=null | op=WRITE_CHUNK {blockData=conID: 1 locID: 102665037321405007 bcsId: 0} | ret=SUCCESS |  
2019-08-23 07:09:08,593 | INFO  | DNAudit | user=null | ip=null | op=WRITE_CHUNK {blockData=conID: 1 locID: 102665037321405007 bcsId: 0} | ret=SUCCESS |  
2019-08-23 07:09:08,593 | INFO  | DNAudit | user=null | ip=null | op=WRITE_CHUNK {blockData=conID: 1 locID: 102665037321405007 bcsId: 0} | ret=SUCCESS |  
2019-08-23 07:09:08,594 | INFO  | DNAudit | user=null | ip=null | op=WRITE_CHUNK {blockData=conID: 1 locID: 102665037321405007 bcsId: 0} | ret=SUCCESS |  
2019-08-23 07:09:08,595 | INFO  | DNAudit | user=null | ip=null | op=WRITE_CHUNK {blockData=conID: 1 locID: 102665037321405007 bcsId: 0} | ret=SUCCESS |  
2019-08-23 07:09:08,595 | INFO  | DNAudit | user=null | ip=null | op=WRITE_CHUNK {blockData=conID: 1 locID: 102665037321405007 bcsId: 0} | ret=SUCCESS |  
2019-08-23 07:09:08,605 | INFO  | DNAudit | user=null | ip=null | op=WRITE_CHUNK {blockData=conID: 1 locID: 102665037321405007 bcsId: 0} | ret=SUCCESS |  
2019-08-23 07:09:08,605 | INFO  | DNAudit | user=null | ip=null | op=PUT_BLOCK {blockData=[blockId=conID: 1 locID: 102665037321405007 bcsId: 0,size=1048576]} | ret=SUCCESS |  
2019-08-23 07:09:08,605 [grpc-default-executor-4] INFO  client.GrpcClientProtocolClient (GrpcClientProtocolClient.java:onNext(255)) - client-D91E5D1E15CE->f2ba01fc-a63e-4348-bd18-030b60a135e7: receive RaftClientReply:client-D91E5D1E15CE->f2ba01fc-a63e-4348-bd18-030b60a135e7@group-C8C62FEF0626, cid=2469, SUCCESS, logIndex=3651, commits[f2ba01fc-a63e-4348-bd18-030b60a135e7:c3652, eab135d4-a257-4705-b491-6c056b8c5df7:c3650, a4f67574-9018-43e7-8a54-351e98dc3d0a:c3650]
2019-08-23 07:09:08,606 | INFO  | DNAudit | user=null | ip=null | op=WRITE_CHUNK {blockData=conID: 1 locID: 102665037321405007 bcsId: 0} | ret=SUCCESS |  
2019-08-23 07:09:08,606 | INFO  | DNAudit | user=null | ip=null | op=PUT_BLOCK {blockData=[blockId=conID: 1 locID: 102665037321405007 bcsId: 0,size=2097152]} | ret=SUCCESS |  
2019-08-23 07:09:08,606 [grpc-default-executor-4] INFO  client.GrpcClientProtocolClient (GrpcClientProtocolClient.java:onNext(255)) - client-D91E5D1E15CE->f2ba01fc-a63e-4348-bd18-030b60a135e7: receive RaftClientReply:client-D91E5D1E15CE->f2ba01fc-a63e-4348-bd18-030b60a135e7@group-C8C62FEF0626, cid=2470, SUCCESS, logIndex=3652, commits[f2ba01fc-a63e-4348-bd18-030b60a135e7:c3654, eab135d4-a257-4705-b491-6c056b8c5df7:c3650, a4f67574-9018-43e7-8a54-351e98dc3d0a:c3650]
2019-08-23 07:09:08,606 [grpc-default-executor-4] INFO  client.GrpcClientProtocolClient (GrpcClientProtocolClient.java:onNext(255)) - client-D91E5D1E15CE->f2ba01fc-a63e-4348-bd18-030b60a135e7: receive RaftClientReply:client-D91E5D1E15CE->f2ba01fc-a63e-4348-bd18-030b60a135e7@group-C8C62FEF0626, cid=2471, SUCCESS, logIndex=3653, commits[f2ba01fc-a63e-4348-bd18-030b60a135e7:c3654, eab135d4-a257-4705-b491-6c056b8c5df7:c3650, a4f67574-9018-43e7-8a54-351e98dc3d0a:c3650]
2019-08-23 07:09:08,606 [grpc-default-executor-4] INFO  client.GrpcClientProtocolClient (GrpcClientProtocolClient.java:onNext(255)) - client-D91E5D1E15CE->f2ba01fc-a63e-4348-bd18-030b60a135e7: receive RaftClientReply:client-D91E5D1E15CE->f2ba01fc-a63e-4348-bd18-030b60a135e7@group-C8C62FEF0626, cid=2472, SUCCESS, logIndex=3654, commits[f2ba01fc-a63e-4348-bd18-030b60a135e7:c3654, eab135d4-a257-4705-b491-6c056b8c5df7:c3650, a4f67574-9018-43e7-8a54-351e98dc3d0a:c3650]
2019-08-23 07:09:08,616 | INFO  | DNAudit | user=null | ip=null | op=WRITE_CHUNK {blockData=conID: 1 locID: 102665037321405007 bcsId: 0} | ret=SUCCESS |  
2019-08-23 07:09:08,617 | INFO  | DNAudit | user=null | ip=null | op=WRITE_CHUNK {blockData=conID: 1 locID: 102665037321405007 bcsId: 0} | ret=SUCCESS |  
2019-08-23 07:09:08,617 | INFO  | DNAudit | user=null | ip=null | op=PUT_BLOCK {blockData=[blockId=conID: 1 locID: 102665037321405007 bcsId: 0,size=1048576]} | ret=SUCCESS |  
2019-08-23 07:09:08,617 | INFO  | DNAudit | user=null | ip=null | op=WRITE_CHUNK {blockData=conID: 1 locID: 102665037321405007 bcsId: 0} | ret=SUCCESS |  
2019-08-23 07:09:08,617 | INFO  | DNAudit | user=null | ip=null | op=PUT_BLOCK {blockData=[blockId=conID: 1 locID: 102665037321405007 bcsId: 0,size=2097152]} | ret=SUCCESS |  
2019-08-23 07:09:08,619 | INFO  | DNAudit | user=null | ip=null | op=PUT_BLOCK {blockData=[blockId=conID: 1 locID: 102665037321405007 bcsId: 0,size=1048576]} | ret=SUCCESS |  
2019-08-23 07:09:08,619 | INFO  | DNAudit | user=null | ip=null | op=WRITE_CHUNK {blockData=conID: 1 locID: 102665037321405007 bcsId: 0} | ret=SUCCESS |  
2019-08-23 07:09:08,619 | INFO  | DNAudit | user=null | ip=null | op=PUT_BLOCK {blockData=[blockId=conID: 1 locID: 102665037321405007 bcsId: 0,size=2097152]} | ret=SUCCESS |  
2019-08-23 07:09:08,619 [grpc-default-executor-4] INFO  client.GrpcClientProtocolClient (GrpcClientProtocolClient.java:onNext(255)) - client-D91E5D1E15CE->f2ba01fc-a63e-4348-bd18-030b60a135e7: receive RaftClientReply:client-D91E5D1E15CE->f2ba01fc-a63e-4348-bd18-030b60a135e7@group-C8C62FEF0626, cid=2473, SUCCESS, logIndex=0, commits[f2ba01fc-a63e-4348-bd18-030b60a135e7:c3658, eab135d4-a257-4705-b491-6c056b8c5df7:c3654, a4f67574-9018-43e7-8a54-351e98dc3d0a:c3652]
2019-08-23 07:09:08,624 | INFO  | DNAudit | user=null | ip=null | op=WRITE_CHUNK {blockData=conID: 1 locID: 102665037321405007 bcsId: 3654} | ret=SUCCESS |  
2019-08-23 07:09:08,626 | INFO  | DNAudit | user=null | ip=null | op=WRITE_CHUNK {blockData=conID: 1 locID: 102665037321405007 bcsId: 3654} | ret=SUCCESS |  
2019-08-23 07:09:08,626 | INFO  | DNAudit | user=null | ip=null | op=WRITE_CHUNK {blockData=conID: 1 locID: 102665037321405007 bcsId: 3654} | ret=SUCCESS |  
2019-08-23 07:09:08,636 | INFO  | DNAudit | user=null | ip=null | op=WRITE_CHUNK {blockData=conID: 1 locID: 102665037321405007 bcsId: 3654} | ret=SUCCESS |  
2019-08-23 07:09:08,637 | INFO  | DNAudit | user=null | ip=null | op=PUT_BLOCK {blockData=[blockId=conID: 1 locID: 102665037321405007 bcsId: 0,size=3145728]} | ret=SUCCESS |  
2019-08-23 07:09:08,637 [grpc-default-executor-3] INFO  client.GrpcClientProtocolClient (GrpcClientProtocolClient.java:onNext(255)) - client-D91E5D1E15CE->f2ba01fc-a63e-4348-bd18-030b60a135e7: receive RaftClientReply:client-D91E5D1E15CE->f2ba01fc-a63e-4348-bd18-030b60a135e7@group-C8C62FEF0626, cid=2474, SUCCESS, logIndex=3659, commits[f2ba01fc-a63e-4348-bd18-030b60a135e7:c3660, eab135d4-a257-4705-b491-6c056b8c5df7:c3658, a4f67574-9018-43e7-8a54-351e98dc3d0a:c3658]
2019-08-23 07:09:08,637 [grpc-default-executor-3] INFO  client.GrpcClientProtocolClient (GrpcClientProtocolClient.java:onNext(255)) - client-D91E5D1E15CE->f2ba01fc-a63e-4348-bd18-030b60a135e7: receive RaftClientReply:client-D91E5D1E15CE->f2ba01fc-a63e-4348-bd18-030b60a135e7@group-C8C62FEF0626, cid=2475, SUCCESS, logIndex=3660, commits[f2ba01fc-a63e-4348-bd18-030b60a135e7:c3660, eab135d4-a257-4705-b491-6c056b8c5df7:c3658, a4f67574-9018-43e7-8a54-351e98dc3d0a:c3658]
2019-08-23 07:09:08,643 | INFO  | DNAudit | user=null | ip=null | op=WRITE_CHUNK {blockData=conID: 1 locID: 102665037321405007 bcsId: 3660} | ret=SUCCESS |  
2019-08-23 07:09:08,643 | INFO  | DNAudit | user=null | ip=null | op=WRITE_CHUNK {blockData=conID: 1 locID: 102665037321405007 bcsId: 3660} | ret=SUCCESS |  
2019-08-23 07:09:08,645 | INFO  | DNAudit | user=null | ip=null | op=WRITE_CHUNK {blockData=conID: 1 locID: 102665037321405007 bcsId: 3660} | ret=SUCCESS |  
2019-08-23 07:09:08,647 | INFO  | DNAudit | user=null | ip=null | op=WRITE_CHUNK {blockData=conID: 1 locID: 102665037321405007 bcsId: 3654} | ret=SUCCESS |  
2019-08-23 07:09:08,648 | INFO  | DNAudit | user=null | ip=null | op=WRITE_CHUNK {blockData=conID: 1 locID: 102665037321405007 bcsId: 3654} | ret=SUCCESS |  
2019-08-23 07:09:08,650 | INFO  | DNAudit | user=null | ip=null | op=PUT_BLOCK {blockData=[blockId=conID: 1 locID: 102665037321405007 bcsId: 0,size=3145728]} | ret=SUCCESS |  
2019-08-23 07:09:08,650 | INFO  | DNAudit | user=null | ip=null | op=PUT_BLOCK {blockData=[blockId=conID: 1 locID: 102665037321405007 bcsId: 0,size=3145728]} | ret=SUCCESS |  
2019-08-23 07:09:08,651 | INFO  | DNAudit | user=null | ip=null | op=WRITE_CHUNK {blockData=conID: 1 locID: 102665037321405007 bcsId: 3660} | ret=SUCCESS |  
2019-08-23 07:09:08,651 | INFO  | DNAudit | user=null | ip=null | op=PUT_BLOCK {blockData=[blockId=conID: 1 locID: 102665037321405007 bcsId: 0,size=4194304]} | ret=SUCCESS |  
2019-08-23 07:09:08,651 [grpc-default-executor-3] INFO  client.GrpcClientProtocolClient (GrpcClientProtocolClient.java:onNext(255)) - client-D91E5D1E15CE->f2ba01fc-a63e-4348-bd18-030b60a135e7: receive RaftClientReply:client-D91E5D1E15CE->f2ba01fc-a63e-4348-bd18-030b60a135e7@group-C8C62FEF0626, cid=2476, SUCCESS, logIndex=3663, commits[f2ba01fc-a63e-4348-bd18-030b60a135e7:c3664, eab135d4-a257-4705-b491-6c056b8c5df7:c3660, a4f67574-9018-43e7-8a54-351e98dc3d0a:c3660]
2019-08-23 07:09:08,651 [grpc-default-executor-3] INFO  client.GrpcClientProtocolClient (GrpcClientProtocolClient.java:onNext(255)) - client-D91E5D1E15CE->f2ba01fc-a63e-4348-bd18-030b60a135e7: receive RaftClientReply:client-D91E5D1E15CE->f2ba01fc-a63e-4348-bd18-030b60a135e7@group-C8C62FEF0626, cid=2477, SUCCESS, logIndex=3664, commits[f2ba01fc-a63e-4348-bd18-030b60a135e7:c3664, eab135d4-a257-4705-b491-6c056b8c5df7:c3660, a4f67574-9018-43e7-8a54-351e98dc3d0a:c3660]
2019-08-23 07:09:08,662 | INFO  | DNAudit | user=null | ip=null | op=WRITE_CHUNK {blockData=conID: 1 locID: 102665037321405007 bcsId: 3660} | ret=SUCCESS |  
2019-08-23 07:09:08,662 | INFO  | DNAudit | user=null | ip=null | op=WRITE_CHUNK {blockData=conID: 1 locID: 102665037321405007 bcsId: 3660} | ret=SUCCESS |  
2019-08-23 07:09:08,665 | INFO  | DNAudit | user=null | ip=null | op=PUT_BLOCK {blockData=[blockId=conID: 1 locID: 102665037321405007 bcsId: 0,size=4194304]} | ret=SUCCESS |  
2019-08-23 07:09:08,665 | INFO  | DNAudit | user=null | ip=null | op=PUT_BLOCK {blockData=[blockId=conID: 1 locID: 102665037321405007 bcsId: 0,size=4194304]} | ret=SUCCESS |  
2019-08-23 07:09:08,665 [grpc-default-executor-3] INFO  client.GrpcClientProtocolClient (GrpcClientProtocolClient.java:onNext(255)) - client-D91E5D1E15CE->f2ba01fc-a63e-4348-bd18-030b60a135e7: receive RaftClientReply:client-D91E5D1E15CE->f2ba01fc-a63e-4348-bd18-030b60a135e7@group-C8C62FEF0626, cid=2478, SUCCESS, logIndex=0, commits[f2ba01fc-a63e-4348-bd18-030b60a135e7:c3666, eab135d4-a257-4705-b491-6c056b8c5df7:c3664, a4f67574-9018-43e7-8a54-351e98dc3d0a:c3664]
2019-08-23 07:09:08,672 | INFO  | SCMAudit | user=jenkins1000 | ip=192.168.5.178 | op=ALLOCATE_BLOCK {owner=aaf04d22-10dd-4717-8862-c651bdde72cf, size=4194304, type=RATIS, factor=THREE} | ret=SUCCESS |  
2019-08-23 07:09:08,676 | INFO  | OMAudit | user=jenkins1000 | ip=127.0.0.1 | op=ALLOCATE_BLOCK {volume=vol-0-67663, bucket=bucket-0-68950, key=key-0-26970, dataSize=0, replicationType=null, replicationFactor=null, keyLocationInfo=null, clientID=102665036030476690} | ret=SUCCESS |  
2019-08-23 07:09:08,682 | INFO  | DNAudit | user=null | ip=null | op=WRITE_CHUNK {blockData=conID: 2 locID: 102665037327368784 bcsId: 0} | ret=SUCCESS |  
2019-08-23 07:09:08,684 | INFO  | DNAudit | user=null | ip=null | op=WRITE_CHUNK {blockData=conID: 2 locID: 102665037327368784 bcsId: 0} | ret=SUCCESS |  
2019-08-23 07:09:08,684 | INFO  | DNAudit | user=null | ip=null | op=WRITE_CHUNK {blockData=conID: 2 locID: 102665037327368784 bcsId: 0} | ret=SUCCESS |  
2019-08-23 07:09:08,684 | INFO  | DNAudit | user=null | ip=null | op=WRITE_CHUNK {blockData=conID: 2 locID: 102665037327368784 bcsId: 0} | ret=SUCCESS |  
2019-08-23 07:09:08,685 | INFO  | DNAudit | user=null | ip=null | op=WRITE_CHUNK {blockData=conID: 2 locID: 102665037327368784 bcsId: 0} | ret=SUCCESS |  
2019-08-23 07:09:08,686 | INFO  | DNAudit | user=null | ip=null | op=WRITE_CHUNK {blockData=conID: 2 locID: 102665037327368784 bcsId: 0} | ret=SUCCESS |  
2019-08-23 07:09:08,694 | INFO  | DNAudit | user=null | ip=null | op=WRITE_CHUNK {blockData=conID: 2 locID: 102665037327368784 bcsId: 0} | ret=SUCCESS |  
2019-08-23 07:09:08,694 | INFO  | DNAudit | user=null | ip=null | op=PUT_BLOCK {blockData=[blockId=conID: 2 locID: 102665037327368784 bcsId: 0,size=1048576]} | ret=SUCCESS |  
2019-08-23 07:09:08,695 | INFO  | DNAudit | user=null | ip=null | op=WRITE_CHUNK {blockData=conID: 2 locID: 102665037327368784 bcsId: 0} | ret=SUCCESS |  
2019-08-23 07:09:08,695 [grpc-default-executor-2] INFO  client.GrpcClientProtocolClient (GrpcClientProtocolClient.java:onNext(255)) - client-D91E5D1E15CE->f2ba01fc-a63e-4348-bd18-030b60a135e7: receive RaftClientReply:client-D91E5D1E15CE->f2ba01fc-a63e-4348-bd18-030b60a135e7@group-C8C62FEF0626, cid=2479, SUCCESS, logIndex=3667, commits[f2ba01fc-a63e-4348-bd18-030b60a135e7:c3669, eab135d4-a257-4705-b491-6c056b8c5df7:c3666, a4f67574-9018-43e7-8a54-351e98dc3d0a:c3666]
2019-08-23 07:09:08,695 | INFO  | DNAudit | user=null | ip=null | op=PUT_BLOCK {blockData=[blockId=conID: 2 locID: 102665037327368784 bcsId: 0,size=2097152]} | ret=SUCCESS |  
2019-08-23 07:09:08,695 [grpc-default-executor-2] INFO  client.GrpcClientProtocolClient (GrpcClientProtocolClient.java:onNext(255)) - client-D91E5D1E15CE->f2ba01fc-a63e-4348-bd18-030b60a135e7: receive RaftClientReply:client-D91E5D1E15CE->f2ba01fc-a63e-4348-bd18-030b60a135e7@group-C8C62FEF0626, cid=2480, SUCCESS, logIndex=3668, commits[f2ba01fc-a63e-4348-bd18-030b60a135e7:c3670, eab135d4-a257-4705-b491-6c056b8c5df7:c3666, a4f67574-9018-43e7-8a54-351e98dc3d0a:c3666]
2019-08-23 07:09:08,695 [grpc-default-executor-2] INFO  client.GrpcClientProtocolClient (GrpcClientProtocolClient.java:onNext(255)) - client-D91E5D1E15CE->f2ba01fc-a63e-4348-bd18-030b60a135e7: receive RaftClientReply:client-D91E5D1E15CE->f2ba01fc-a63e-4348-bd18-030b60a135e7@group-C8C62FEF0626, cid=2481, SUCCESS, logIndex=3669, commits[f2ba01fc-a63e-4348-bd18-030b60a135e7:c3670, eab135d4-a257-4705-b491-6c056b8c5df7:c3666, a4f67574-9018-43e7-8a54-351e98dc3d0a:c3666]
2019-08-23 07:09:08,695 | INFO  | DNAudit | user=null | ip=null | op=WRITE_CHUNK {blockData=conID: 2 locID: 102665037327368784 bcsId: 0} | ret=SUCCESS |  
2019-08-23 07:09:08,696 [grpc-default-executor-2] INFO  client.GrpcClientProtocolClient (GrpcClientProtocolClient.java:onNext(255)) - client-D91E5D1E15CE->f2ba01fc-a63e-4348-bd18-030b60a135e7: receive RaftClientReply:client-D91E5D1E15CE->f2ba01fc-a63e-4348-bd18-030b60a135e7@group-C8C62FEF0626, cid=2482, SUCCESS, logIndex=3670, commits[f2ba01fc-a63e-4348-bd18-030b60a135e7:c3670, eab135d4-a257-4705-b491-6c056b8c5df7:c3666, a4f67574-9018-43e7-8a54-351e98dc3d0a:c3666]
2019-08-23 07:09:08,696 | INFO  | DNAudit | user=null | ip=null | op=WRITE_CHUNK {blockData=conID: 2 locID: 102665037327368784 bcsId: 0} | ret=SUCCESS |  
2019-08-23 07:09:08,696 | INFO  | DNAudit | user=null | ip=null | op=PUT_BLOCK {blockData=[blockId=conID: 2 locID: 102665037327368784 bcsId: 0,size=1048576]} | ret=SUCCESS |  
2019-08-23 07:09:08,697 | INFO  | DNAudit | user=null | ip=null | op=PUT_BLOCK {blockData=[blockId=conID: 2 locID: 102665037327368784 bcsId: 0,size=1048576]} | ret=SUCCESS |  
2019-08-23 07:09:08,697 | INFO  | DNAudit | user=null | ip=null | op=WRITE_CHUNK {blockData=conID: 2 locID: 102665037327368784 bcsId: 0} | ret=SUCCESS |  
2019-08-23 07:09:08,697 | INFO  | DNAudit | user=null | ip=null | op=WRITE_CHUNK {blockData=conID: 2 locID: 102665037327368784 bcsId: 0} | ret=SUCCESS |  
2019-08-23 07:09:08,697 | INFO  | DNAudit | user=null | ip=null | op=PUT_BLOCK {blockData=[blockId=conID: 2 locID: 102665037327368784 bcsId: 0,size=2097152]} | ret=SUCCESS |  
2019-08-23 07:09:08,697 | INFO  | DNAudit | user=null | ip=null | op=PUT_BLOCK {blockData=[blockId=conID: 2 locID: 102665037327368784 bcsId: 0,size=2097152]} | ret=SUCCESS |  
2019-08-23 07:09:08,697 [grpc-default-executor-2] INFO  client.GrpcClientProtocolClient (GrpcClientProtocolClient.java:onNext(255)) - client-D91E5D1E15CE->f2ba01fc-a63e-4348-bd18-030b60a135e7: receive RaftClientReply:client-D91E5D1E15CE->f2ba01fc-a63e-4348-bd18-030b60a135e7@group-C8C62FEF0626, cid=2483, SUCCESS, logIndex=0, commits[f2ba01fc-a63e-4348-bd18-030b60a135e7:c3672, eab135d4-a257-4705-b491-6c056b8c5df7:c3668, a4f67574-9018-43e7-8a54-351e98dc3d0a:c3668]
2019-08-23 07:09:08,702 | INFO  | DNAudit | user=null | ip=null | op=WRITE_CHUNK {blockData=conID: 2 locID: 102665037327368784 bcsId: 3670} | ret=SUCCESS |  
2019-08-23 07:09:08,705 | INFO  | DNAudit | user=null | ip=null | op=WRITE_CHUNK {blockData=conID: 2 locID: 102665037327368784 bcsId: 3670} | ret=SUCCESS |  
2019-08-23 07:09:08,705 | INFO  | DNAudit | user=null | ip=null | op=WRITE_CHUNK {blockData=conID: 2 locID: 102665037327368784 bcsId: 3670} | ret=SUCCESS |  
2019-08-23 07:09:08,718 | INFO  | DNAudit | user=null | ip=null | op=WRITE_CHUNK {blockData=conID: 2 locID: 102665037327368784 bcsId: 3670} | ret=SUCCESS |  
2019-08-23 07:09:08,718 | INFO  | DNAudit | user=null | ip=null | op=PUT_BLOCK {blockData=[blockId=conID: 2 locID: 102665037327368784 bcsId: 0,size=3145728]} | ret=SUCCESS |  
2019-08-23 07:09:08,718 [grpc-default-executor-3] INFO  client.GrpcClientProtocolClient (GrpcClientProtocolClient.java:onNext(255)) - client-D91E5D1E15CE->f2ba01fc-a63e-4348-bd18-030b60a135e7: receive RaftClientReply:client-D91E5D1E15CE->f2ba01fc-a63e-4348-bd18-030b60a135e7@group-C8C62FEF0626, cid=2484, SUCCESS, logIndex=3675, commits[f2ba01fc-a63e-4348-bd18-030b60a135e7:c3676, eab135d4-a257-4705-b491-6c056b8c5df7:c3674, a4f67574-9018-43e7-8a54-351e98dc3d0a:c3674]
2019-08-23 07:09:08,718 [grpc-default-executor-3] INFO  client.GrpcClientProtocolClient (GrpcClientProtocolClient.java:onNext(255)) - client-D91E5D1E15CE->f2ba01fc-a63e-4348-bd18-030b60a135e7: receive RaftClientReply:client-D91E5D1E15CE->f2ba01fc-a63e-4348-bd18-030b60a135e7@group-C8C62FEF0626, cid=2485, SUCCESS, logIndex=3676, commits[f2ba01fc-a63e-4348-bd18-030b60a135e7:c3676, eab135d4-a257-4705-b491-6c056b8c5df7:c3674, a4f67574-9018-43e7-8a54-351e98dc3d0a:c3674]
2019-08-23 07:09:08,866 | INFO  | SCMAudit | user=jenkins1000 | ip=192.168.5.178 | op=SEND_HEARTBEAT {datanodeUUID=eab135d4-a257-4705-b491-6c056b8c5df7, command=[]} | ret=SUCCESS |  
2019-08-23 07:09:08,866 | INFO  | SCMAudit | user=jenkins1000 | ip=192.168.5.178 | op=SEND_HEARTBEAT {datanodeUUID=a4f67574-9018-43e7-8a54-351e98dc3d0a, command=[]} | ret=SUCCESS |  
2019-08-23 07:09:08,866 | INFO  | SCMAudit | user=jenkins1000 | ip=192.168.5.178 | op=SEND_HEARTBEAT {datanodeUUID=f2ba01fc-a63e-4348-bd18-030b60a135e7, command=[]} | ret=SUCCESS |  
2019-08-23 07:09:08,866 | INFO  | DNAudit | user=null | ip=null | op=WRITE_CHUNK {blockData=conID: 2 locID: 102665037327368784 bcsId: 3676} | ret=SUCCESS |  
2019-08-23 07:09:08,866 | INFO  | DNAudit | user=null | ip=null | op=WRITE_CHUNK {blockData=conID: 2 locID: 102665037327368784 bcsId: 3676} | ret=SUCCESS |  
2019-08-23 07:09:08,866 | INFO  | DNAudit | user=null | ip=null | op=WRITE_CHUNK {blockData=conID: 2 locID: 102665037327368784 bcsId: 3670} | ret=SUCCESS |  
2019-08-23 07:09:08,867 | INFO  | DNAudit | user=null | ip=null | op=WRITE_CHUNK {blockData=conID: 2 locID: 102665037327368784 bcsId: 3670} | ret=SUCCESS |  
2019-08-23 07:09:08,867 | INFO  | DNAudit | user=null | ip=null | op=WRITE_CHUNK {blockData=conID: 2 locID: 102665037327368784 bcsId: 3676} | ret=SUCCESS |  
2019-08-23 07:09:08,882 | INFO  | DNAudit | user=null | ip=null | op=PUT_BLOCK {blockData=[blockId=conID: 2 locID: 102665037327368784 bcsId: 0,size=3145728]} | ret=SUCCESS |  
2019-08-23 07:09:08,883 | INFO  | DNAudit | user=null | ip=null | op=WRITE_CHUNK {blockData=conID: 2 locID: 102665037327368784 bcsId: 3676} | ret=SUCCESS |  
2019-08-23 07:09:08,883 | INFO  | DNAudit | user=null | ip=null | op=PUT_BLOCK {blockData=[blockId=conID: 2 locID: 102665037327368784 bcsId: 0,size=3145728]} | ret=SUCCESS |  
2019-08-23 07:09:08,883 | INFO  | DNAudit | user=null | ip=null | op=PUT_BLOCK {blockData=[blockId=conID: 2 locID: 102665037327368784 bcsId: 0,size=4194304]} | ret=SUCCESS |  
2019-08-23 07:09:08,884 [grpc-default-executor-2] INFO  client.GrpcClientProtocolClient (GrpcClientProtocolClient.java:onNext(255)) - client-D91E5D1E15CE->f2ba01fc-a63e-4348-bd18-030b60a135e7: receive RaftClientReply:client-D91E5D1E15CE->f2ba01fc-a63e-4348-bd18-030b60a135e7@group-C8C62FEF0626, cid=2486, SUCCESS, logIndex=3679, commits[f2ba01fc-a63e-4348-bd18-030b60a135e7:c3680, eab135d4-a257-4705-b491-6c056b8c5df7:c3676, a4f67574-9018-43e7-8a54-351e98dc3d0a:c3676]
2019-08-23 07:09:08,884 [grpc-default-executor-2] INFO  client.GrpcClientProtocolClient (GrpcClientProtocolClient.java:onNext(255)) - client-D91E5D1E15CE->f2ba01fc-a63e-4348-bd18-030b60a135e7: receive RaftClientReply:client-D91E5D1E15CE->f2ba01fc-a63e-4348-bd18-030b60a135e7@group-C8C62FEF0626, cid=2487, SUCCESS, logIndex=3680, commits[f2ba01fc-a63e-4348-bd18-030b60a135e7:c3680, eab135d4-a257-4705-b491-6c056b8c5df7:c3676, a4f67574-9018-43e7-8a54-351e98dc3d0a:c3676]
2019-08-23 07:09:08,894 | INFO  | DNAudit | user=null | ip=null | op=WRITE_CHUNK {blockData=conID: 2 locID: 102665037327368784 bcsId: 3676} | ret=SUCCESS |  
2019-08-23 07:09:08,894 | INFO  | DNAudit | user=null | ip=null | op=WRITE_CHUNK {blockData=conID: 2 locID: 102665037327368784 bcsId: 3676} | ret=SUCCESS |  
2019-08-23 07:09:08,895 | INFO  | DNAudit | user=null | ip=null | op=PUT_BLOCK {blockData=[blockId=conID: 2 locID: 102665037327368784 bcsId: 0,size=4194304]} | ret=SUCCESS |  
2019-08-23 07:09:08,896 | INFO  | DNAudit | user=null | ip=null | op=PUT_BLOCK {blockData=[blockId=conID: 2 locID: 102665037327368784 bcsId: 0,size=4194304]} | ret=SUCCESS |  
2019-08-23 07:09:08,896 [grpc-default-executor-4] INFO  client.GrpcClientProtocolClient (GrpcClientProtocolClient.java:onNext(255)) - client-D91E5D1E15CE->f2ba01fc-a63e-4348-bd18-030b60a135e7: receive RaftClientReply:client-D91E5D1E15CE->f2ba01fc-a63e-4348-bd18-030b60a135e7@group-C8C62FEF0626, cid=2488, SUCCESS, logIndex=0, commits[f2ba01fc-a63e-4348-bd18-030b60a135e7:c3682, eab135d4-a257-4705-b491-6c056b8c5df7:c3680, a4f67574-9018-43e7-8a54-351e98dc3d0a:c3680]
2019-08-23 07:09:08,901 | INFO  | SCMAudit | user=jenkins1000 | ip=192.168.5.178 | op=ALLOCATE_BLOCK {owner=aaf04d22-10dd-4717-8862-c651bdde72cf, size=4194304, type=RATIS, factor=THREE} | ret=SUCCESS |  
2019-08-23 07:09:08,904 | INFO  | OMAudit | user=jenkins1000 | ip=127.0.0.1 | op=ALLOCATE_BLOCK {volume=vol-0-67663, bucket=bucket-0-68950, key=key-0-26970, dataSize=0, replicationType=null, replicationFactor=null, keyLocationInfo=null, clientID=102665036030476690} | ret=SUCCESS |  
2019-08-23 07:09:08,910 | INFO  | DNAudit | user=null | ip=null | op=WRITE_CHUNK {blockData=conID: 3 locID: 102665037342376529 bcsId: 0} | ret=SUCCESS |  
2019-08-23 07:09:08,912 | INFO  | DNAudit | user=null | ip=null | op=WRITE_CHUNK {blockData=conID: 3 locID: 102665037342376529 bcsId: 0} | ret=SUCCESS |  
2019-08-23 07:09:08,913 | INFO  | DNAudit | user=null | ip=null | op=WRITE_CHUNK {blockData=conID: 3 locID: 102665037342376529 bcsId: 0} | ret=SUCCESS |  
2019-08-23 07:09:08,913 | INFO  | DNAudit | user=null | ip=null | op=WRITE_CHUNK {blockData=conID: 3 locID: 102665037342376529 bcsId: 0} | ret=SUCCESS |  
2019-08-23 07:09:08,914 | INFO  | DNAudit | user=null | ip=null | op=WRITE_CHUNK {blockData=conID: 3 locID: 102665037342376529 bcsId: 0} | ret=SUCCESS |  
2019-08-23 07:09:08,914 | INFO  | DNAudit | user=null | ip=null | op=WRITE_CHUNK {blockData=conID: 3 locID: 102665037342376529 bcsId: 0} | ret=SUCCESS |  
2019-08-23 07:09:08,922 | INFO  | DNAudit | user=null | ip=null | op=WRITE_CHUNK {blockData=conID: 3 locID: 102665037342376529 bcsId: 0} | ret=SUCCESS |  
2019-08-23 07:09:08,923 | INFO  | DNAudit | user=null | ip=null | op=PUT_BLOCK {blockData=[blockId=conID: 3 locID: 102665037342376529 bcsId: 0,size=1048576]} | ret=SUCCESS |  
2019-08-23 07:09:08,923 [grpc-default-executor-3] INFO  client.GrpcClientProtocolClient (GrpcClientProtocolClient.java:onNext(255)) - client-D91E5D1E15CE->f2ba01fc-a63e-4348-bd18-030b60a135e7: receive RaftClientReply:client-D91E5D1E15CE->f2ba01fc-a63e-4348-bd18-030b60a135e7@group-C8C62FEF0626, cid=2489, SUCCESS, logIndex=3683, commits[f2ba01fc-a63e-4348-bd18-030b60a135e7:c3685, eab135d4-a257-4705-b491-6c056b8c5df7:c3682, a4f67574-9018-43e7-8a54-351e98dc3d0a:c3682]
2019-08-23 07:09:08,923 | INFO  | DNAudit | user=null | ip=null | op=WRITE_CHUNK {blockData=conID: 3 locID: 102665037342376529 bcsId: 0} | ret=SUCCESS |  
2019-08-23 07:09:08,923 | INFO  | DNAudit | user=null | ip=null | op=PUT_BLOCK {blockData=[blockId=conID: 3 locID: 102665037342376529 bcsId: 0,size=2097152]} | ret=SUCCESS |  
2019-08-23 07:09:08,923 [grpc-default-executor-3] INFO  client.GrpcClientProtocolClient (GrpcClientProtocolClient.java:onNext(255)) - client-D91E5D1E15CE->f2ba01fc-a63e-4348-bd18-030b60a135e7: receive RaftClientReply:client-D91E5D1E15CE->f2ba01fc-a63e-4348-bd18-030b60a135e7@group-C8C62FEF0626, cid=2490, SUCCESS, logIndex=3684, commits[f2ba01fc-a63e-4348-bd18-030b60a135e7:c3686, eab135d4-a257-4705-b491-6c056b8c5df7:c3682, a4f67574-9018-43e7-8a54-351e98dc3d0a:c3682]
2019-08-23 07:09:08,924 [grpc-default-executor-3] INFO  client.GrpcClientProtocolClient (GrpcClientProtocolClient.java:onNext(255)) - client-D91E5D1E15CE->f2ba01fc-a63e-4348-bd18-030b60a135e7: receive RaftClientReply:client-D91E5D1E15CE->f2ba01fc-a63e-4348-bd18-030b60a135e7@group-C8C62FEF0626, cid=2491, SUCCESS, logIndex=3685, commits[f2ba01fc-a63e-4348-bd18-030b60a135e7:c3686, eab135d4-a257-4705-b491-6c056b8c5df7:c3682, a4f67574-9018-43e7-8a54-351e98dc3d0a:c3682]
2019-08-23 07:09:08,924 [grpc-default-executor-3] INFO  client.GrpcClientProtocolClient (GrpcClientProtocolClient.java:onNext(255)) - client-D91E5D1E15CE->f2ba01fc-a63e-4348-bd18-030b60a135e7: receive RaftClientReply:client-D91E5D1E15CE->f2ba01fc-a63e-4348-bd18-030b60a135e7@group-C8C62FEF0626, cid=2492, SUCCESS, logIndex=3686, commits[f2ba01fc-a63e-4348-bd18-030b60a135e7:c3686, eab135d4-a257-4705-b491-6c056b8c5df7:c3682, a4f67574-9018-43e7-8a54-351e98dc3d0a:c3682]
2019-08-23 07:09:08,924 | INFO  | DNAudit | user=null | ip=null | op=WRITE_CHUNK {blockData=conID: 3 locID: 102665037342376529 bcsId: 0} | ret=SUCCESS |  
2019-08-23 07:09:08,924 | INFO  | DNAudit | user=null | ip=null | op=WRITE_CHUNK {blockData=conID: 3 locID: 102665037342376529 bcsId: 0} | ret=SUCCESS |  
2019-08-23 07:09:08,924 | INFO  | DNAudit | user=null | ip=null | op=PUT_BLOCK {blockData=[blockId=conID: 3 locID: 102665037342376529 bcsId: 0,size=1048576]} | ret=SUCCESS |  
2019-08-23 07:09:08,924 | INFO  | DNAudit | user=null | ip=null | op=PUT_BLOCK {blockData=[blockId=conID: 3 locID: 102665037342376529 bcsId: 0,size=1048576]} | ret=SUCCESS |  
2019-08-23 07:09:08,924 [grpc-default-executor-4] INFO  client.GrpcClientProtocolClient (GrpcClientProtocolClient.java:onNext(255)) - client-D91E5D1E15CE->f2ba01fc-a63e-4348-bd18-030b60a135e7: receive RaftClientReply:client-D91E5D1E15CE->f2ba01fc-a63e-4348-bd18-030b60a135e7@group-C8C62FEF0626, cid=2493, SUCCESS, logIndex=0, commits[f2ba01fc-a63e-4348-bd18-030b60a135e7:c3687, eab135d4-a257-4705-b491-6c056b8c5df7:c3684, a4f67574-9018-43e7-8a54-351e98dc3d0a:c3684]
2019-08-23 07:09:08,925 | INFO  | DNAudit | user=null | ip=null | op=WRITE_CHUNK {blockData=conID: 3 locID: 102665037342376529 bcsId: 0} | ret=SUCCESS |  
2019-08-23 07:09:08,925 | INFO  | DNAudit | user=null | ip=null | op=WRITE_CHUNK {blockData=conID: 3 locID: 102665037342376529 bcsId: 0} | ret=SUCCESS |  
2019-08-23 07:09:08,926 | INFO  | DNAudit | user=null | ip=null | op=PUT_BLOCK {blockData=[blockId=conID: 3 locID: 102665037342376529 bcsId: 0,size=2097152]} | ret=SUCCESS |  
2019-08-23 07:09:08,926 | INFO  | DNAudit | user=null | ip=null | op=PUT_BLOCK {blockData=[blockId=conID: 3 locID: 102665037342376529 bcsId: 0,size=2097152]} | ret=SUCCESS |  
2019-08-23 07:09:08,930 | INFO  | DNAudit | user=null | ip=null | op=WRITE_CHUNK {blockData=conID: 3 locID: 102665037342376529 bcsId: 3686} | ret=SUCCESS |  
2019-08-23 07:09:08,932 | INFO  | DNAudit | user=null | ip=null | op=WRITE_CHUNK {blockData=conID: 3 locID: 102665037342376529 bcsId: 3686} | ret=SUCCESS |  
2019-08-23 07:09:08,932 | INFO  | DNAudit | user=null | ip=null | op=WRITE_CHUNK {blockData=conID: 3 locID: 102665037342376529 bcsId: 3686} | ret=SUCCESS |  
2019-08-23 07:09:08,943 | INFO  | DNAudit | user=null | ip=null | op=WRITE_CHUNK {blockData=conID: 3 locID: 102665037342376529 bcsId: 3686} | ret=SUCCESS |  
2019-08-23 07:09:08,943 | INFO  | DNAudit | user=null | ip=null | op=PUT_BLOCK {blockData=[blockId=conID: 3 locID: 102665037342376529 bcsId: 0,size=3145728]} | ret=SUCCESS |  
2019-08-23 07:09:08,943 [grpc-default-executor-4] INFO  client.GrpcClientProtocolClient (GrpcClientProtocolClient.java:onNext(255)) - client-D91E5D1E15CE->f2ba01fc-a63e-4348-bd18-030b60a135e7: receive RaftClientReply:client-D91E5D1E15CE->f2ba01fc-a63e-4348-bd18-030b60a135e7@group-C8C62FEF0626, cid=2494, SUCCESS, logIndex=3691, commits[f2ba01fc-a63e-4348-bd18-030b60a135e7:c3692, eab135d4-a257-4705-b491-6c056b8c5df7:c3690, a4f67574-9018-43e7-8a54-351e98dc3d0a:c3690]
2019-08-23 07:09:08,943 [grpc-default-executor-4] INFO  client.GrpcClientProtocolClient (GrpcClientProtocolClient.java:onNext(255)) - client-D91E5D1E15CE->f2ba01fc-a63e-4348-bd18-030b60a135e7: receive RaftClientReply:client-D91E5D1E15CE->f2ba01fc-a63e-4348-bd18-030b60a135e7@group-C8C62FEF0626, cid=2495, SUCCESS, logIndex=3692, commits[f2ba01fc-a63e-4348-bd18-030b60a135e7:c3692, eab135d4-a257-4705-b491-6c056b8c5df7:c3690, a4f67574-9018-43e7-8a54-351e98dc3d0a:c3690]
2019-08-23 07:09:08,949 | INFO  | DNAudit | user=null | ip=null | op=WRITE_CHUNK {blockData=conID: 3 locID: 102665037342376529 bcsId: 3692} | ret=SUCCESS |  
2019-08-23 07:09:08,950 | INFO  | DNAudit | user=null | ip=null | op=WRITE_CHUNK {blockData=conID: 3 locID: 102665037342376529 bcsId: 3692} | ret=SUCCESS |  
2019-08-23 07:09:08,951 | INFO  | DNAudit | user=null | ip=null | op=WRITE_CHUNK {blockData=conID: 3 locID: 102665037342376529 bcsId: 3692} | ret=SUCCESS |  
2019-08-23 07:09:08,961 | INFO  | DNAudit | user=null | ip=null | op=WRITE_CHUNK {blockData=conID: 3 locID: 102665037342376529 bcsId: 3686} | ret=SUCCESS |  
2019-08-23 07:09:08,961 | INFO  | DNAudit | user=null | ip=null | op=WRITE_CHUNK {blockData=conID: 3 locID: 102665037342376529 bcsId: 3686} | ret=SUCCESS |  
2019-08-23 07:09:08,962 | INFO  | DNAudit | user=null | ip=null | op=PUT_BLOCK {blockData=[blockId=conID: 3 locID: 102665037342376529 bcsId: 0,size=3145728]} | ret=SUCCESS |  
2019-08-23 07:09:08,962 | INFO  | DNAudit | user=null | ip=null | op=PUT_BLOCK {blockData=[blockId=conID: 3 locID: 102665037342376529 bcsId: 0,size=3145728]} | ret=SUCCESS |  
2019-08-23 07:09:08,963 | INFO  | DNAudit | user=null | ip=null | op=WRITE_CHUNK {blockData=conID: 3 locID: 102665037342376529 bcsId: 3692} | ret=SUCCESS |  
2019-08-23 07:09:08,963 | INFO  | DNAudit | user=null | ip=null | op=PUT_BLOCK {blockData=[blockId=conID: 3 locID: 102665037342376529 bcsId: 0,size=4194304]} | ret=SUCCESS |  
2019-08-23 07:09:08,963 [grpc-default-executor-2] INFO  client.GrpcClientProtocolClient (GrpcClientProtocolClient.java:onNext(255)) - client-D91E5D1E15CE->f2ba01fc-a63e-4348-bd18-030b60a135e7: receive RaftClientReply:client-D91E5D1E15CE->f2ba01fc-a63e-4348-bd18-030b60a135e7@group-C8C62FEF0626, cid=2496, SUCCESS, logIndex=3695, commits[f2ba01fc-a63e-4348-bd18-030b60a135e7:c3696, eab135d4-a257-4705-b491-6c056b8c5df7:c3692, a4f67574-9018-43e7-8a54-351e98dc3d0a:c3692]
2019-08-23 07:09:08,963 [grpc-default-executor-2] INFO  client.GrpcClientProtocolClient (GrpcClientProtocolClient.java:onNext(255)) - client-D91E5D1E15CE->f2ba01fc-a63e-4348-bd18-030b60a135e7: receive RaftClientReply:client-D91E5D1E15CE->f2ba01fc-a63e-4348-bd18-030b60a135e7@group-C8C62FEF0626, cid=2497, SUCCESS, logIndex=3696, commits[f2ba01fc-a63e-4348-bd18-030b60a135e7:c3696, eab135d4-a257-4705-b491-6c056b8c5df7:c3692, a4f67574-9018-43e7-8a54-351e98dc3d0a:c3692]
2019-08-23 07:09:08,974 | INFO  | DNAudit | user=null | ip=null | op=WRITE_CHUNK {blockData=conID: 3 locID: 102665037342376529 bcsId: 3692} | ret=SUCCESS |  
2019-08-23 07:09:08,975 | INFO  | DNAudit | user=null | ip=null | op=WRITE_CHUNK {blockData=conID: 3 locID: 102665037342376529 bcsId: 3692} | ret=SUCCESS |  
2019-08-23 07:09:08,976 | INFO  | DNAudit | user=null | ip=null | op=PUT_BLOCK {blockData=[blockId=conID: 3 locID: 102665037342376529 bcsId: 0,size=4194304]} | ret=SUCCESS |  
2019-08-23 07:09:08,976 | INFO  | DNAudit | user=null | ip=null | op=PUT_BLOCK {blockData=[blockId=conID: 3 locID: 102665037342376529 bcsId: 0,size=4194304]} | ret=SUCCESS |  
2019-08-23 07:09:08,976 [grpc-default-executor-3] INFO  client.GrpcClientProtocolClient (GrpcClientProtocolClient.java:onNext(255)) - client-D91E5D1E15CE->f2ba01fc-a63e-4348-bd18-030b60a135e7: receive RaftClientReply:client-D91E5D1E15CE->f2ba01fc-a63e-4348-bd18-030b60a135e7@group-C8C62FEF0626, cid=2498, SUCCESS, logIndex=0, commits[f2ba01fc-a63e-4348-bd18-030b60a135e7:c3697, eab135d4-a257-4705-b491-6c056b8c5df7:c3696, a4f67574-9018-43e7-8a54-351e98dc3d0a:c3696]
2019-08-23 07:09:08,980 | INFO  | SCMAudit | user=jenkins1000 | ip=192.168.5.178 | op=ALLOCATE_BLOCK {owner=aaf04d22-10dd-4717-8862-c651bdde72cf, size=4194304, type=RATIS, factor=THREE} | ret=SUCCESS |  
2019-08-23 07:09:08,982 | INFO  | OMAudit | user=jenkins1000 | ip=127.0.0.1 | op=ALLOCATE_BLOCK {volume=vol-0-67663, bucket=bucket-0-68950, key=key-0-26970, dataSize=0, replicationType=null, replicationFactor=null, keyLocationInfo=null, clientID=102665036030476690} | ret=SUCCESS |  
2019-08-23 07:09:08,988 | INFO  | DNAudit | user=null | ip=null | op=WRITE_CHUNK {blockData=conID: 1 locID: 102665037347553874 bcsId: 0} | ret=SUCCESS |  
2019-08-23 07:09:08,990 | INFO  | DNAudit | user=null | ip=null | op=WRITE_CHUNK {blockData=conID: 1 locID: 102665037347553874 bcsId: 0} | ret=SUCCESS |  
2019-08-23 07:09:08,990 | INFO  | DNAudit | user=null | ip=null | op=WRITE_CHUNK {blockData=conID: 1 locID: 102665037347553874 bcsId: 0} | ret=SUCCESS |  
2019-08-23 07:09:08,990 | INFO  | DNAudit | user=null | ip=null | op=WRITE_CHUNK {blockData=conID: 1 locID: 102665037347553874 bcsId: 0} | ret=SUCCESS |  
2019-08-23 07:09:08,991 | INFO  | DNAudit | user=null | ip=null | op=WRITE_CHUNK {blockData=conID: 1 locID: 102665037347553874 bcsId: 0} | ret=SUCCESS |  
2019-08-23 07:09:08,992 | INFO  | DNAudit | user=null | ip=null | op=WRITE_CHUNK {blockData=conID: 1 locID: 102665037347553874 bcsId: 0} | ret=SUCCESS |  
2019-08-23 07:09:09,001 | INFO  | DNAudit | user=null | ip=null | op=WRITE_CHUNK {blockData=conID: 1 locID: 102665037347553874 bcsId: 0} | ret=SUCCESS |  
2019-08-23 07:09:09,001 | INFO  | DNAudit | user=null | ip=null | op=PUT_BLOCK {blockData=[blockId=conID: 1 locID: 102665037347553874 bcsId: 0,size=1048576]} | ret=SUCCESS |  
2019-08-23 07:09:09,001 | INFO  | DNAudit | user=null | ip=null | op=WRITE_CHUNK {blockData=conID: 1 locID: 102665037347553874 bcsId: 0} | ret=SUCCESS |  
2019-08-23 07:09:09,001 [grpc-default-executor-4] INFO  client.GrpcClientProtocolClient (GrpcClientProtocolClient.java:onNext(255)) - client-D91E5D1E15CE->f2ba01fc-a63e-4348-bd18-030b60a135e7: receive RaftClientReply:client-D91E5D1E15CE->f2ba01fc-a63e-4348-bd18-030b60a135e7@group-C8C62FEF0626, cid=2499, SUCCESS, logIndex=3699, commits[f2ba01fc-a63e-4348-bd18-030b60a135e7:c3700, eab135d4-a257-4705-b491-6c056b8c5df7:c3698, a4f67574-9018-43e7-8a54-351e98dc3d0a:c3698]
2019-08-23 07:09:09,002 | INFO  | DNAudit | user=null | ip=null | op=PUT_BLOCK {blockData=[blockId=conID: 1 locID: 102665037347553874 bcsId: 0,size=2097152]} | ret=SUCCESS |  
2019-08-23 07:09:09,002 [grpc-default-executor-4] INFO  client.GrpcClientProtocolClient (GrpcClientProtocolClient.java:onNext(255)) - client-D91E5D1E15CE->f2ba01fc-a63e-4348-bd18-030b60a135e7: receive RaftClientReply:client-D91E5D1E15CE->f2ba01fc-a63e-4348-bd18-030b60a135e7@group-C8C62FEF0626, cid=2500, SUCCESS, logIndex=3700, commits[f2ba01fc-a63e-4348-bd18-030b60a135e7:c3702, eab135d4-a257-4705-b491-6c056b8c5df7:c3698, a4f67574-9018-43e7-8a54-351e98dc3d0a:c3698]
2019-08-23 07:09:09,002 [grpc-default-executor-4] INFO  client.GrpcClientProtocolClient (GrpcClientProtocolClient.java:onNext(255)) - client-D91E5D1E15CE->f2ba01fc-a63e-4348-bd18-030b60a135e7: receive RaftClientReply:client-D91E5D1E15CE->f2ba01fc-a63e-4348-bd18-030b60a135e7@group-C8C62FEF0626, cid=2501, SUCCESS, logIndex=3701, commits[f2ba01fc-a63e-4348-bd18-030b60a135e7:c3702, eab135d4-a257-4705-b491-6c056b8c5df7:c3698, a4f67574-9018-43e7-8a54-351e98dc3d0a:c3698]
2019-08-23 07:09:09,002 | INFO  | DNAudit | user=null | ip=null | op=WRITE_CHUNK {blockData=conID: 1 locID: 102665037347553874 bcsId: 0} | ret=SUCCESS |  
2019-08-23 07:09:09,002 | INFO  | DNAudit | user=null | ip=null | op=WRITE_CHUNK {blockData=conID: 1 locID: 102665037347553874 bcsId: 0} | ret=SUCCESS |  
2019-08-23 07:09:09,002 [grpc-default-executor-4] INFO  client.GrpcClientProtocolClient (GrpcClientProtocolClient.java:onNext(255)) - client-D91E5D1E15CE->f2ba01fc-a63e-4348-bd18-030b60a135e7: receive RaftClientReply:client-D91E5D1E15CE->f2ba01fc-a63e-4348-bd18-030b60a135e7@group-C8C62FEF0626, cid=2502, SUCCESS, logIndex=3702, commits[f2ba01fc-a63e-4348-bd18-030b60a135e7:c3702, eab135d4-a257-4705-b491-6c056b8c5df7:c3698, a4f67574-9018-43e7-8a54-351e98dc3d0a:c3698]
2019-08-23 07:09:09,003 | INFO  | DNAudit | user=null | ip=null | op=PUT_BLOCK {blockData=[blockId=conID: 1 locID: 102665037347553874 bcsId: 0,size=1048576]} | ret=SUCCESS |  
2019-08-23 07:09:09,004 | INFO  | DNAudit | user=null | ip=null | op=PUT_BLOCK {blockData=[blockId=conID: 1 locID: 102665037347553874 bcsId: 0,size=1048576]} | ret=SUCCESS |  
2019-08-23 07:09:09,004 | INFO  | DNAudit | user=null | ip=null | op=WRITE_CHUNK {blockData=conID: 1 locID: 102665037347553874 bcsId: 0} | ret=SUCCESS |  
2019-08-23 07:09:09,004 | INFO  | DNAudit | user=null | ip=null | op=WRITE_CHUNK {blockData=conID: 1 locID: 102665037347553874 bcsId: 0} | ret=SUCCESS |  
2019-08-23 07:09:09,004 | INFO  | DNAudit | user=null | ip=null | op=PUT_BLOCK {blockData=[blockId=conID: 1 locID: 102665037347553874 bcsId: 0,size=2097152]} | ret=SUCCESS |  
2019-08-23 07:09:09,004 | INFO  | DNAudit | user=null | ip=null | op=PUT_BLOCK {blockData=[blockId=conID: 1 locID: 102665037347553874 bcsId: 0,size=2097152]} | ret=SUCCESS |  
2019-08-23 07:09:09,005 [grpc-default-executor-4] INFO  client.GrpcClientProtocolClient (GrpcClientProtocolClient.java:onNext(255)) - client-D91E5D1E15CE->f2ba01fc-a63e-4348-bd18-030b60a135e7: receive RaftClientReply:client-D91E5D1E15CE->f2ba01fc-a63e-4348-bd18-030b60a135e7@group-C8C62FEF0626, cid=2503, SUCCESS, logIndex=0, commits[f2ba01fc-a63e-4348-bd18-030b60a135e7:c3705, eab135d4-a257-4705-b491-6c056b8c5df7:c3700, a4f67574-9018-43e7-8a54-351e98dc3d0a:c3702]
2019-08-23 07:09:09,010 | INFO  | DNAudit | user=null | ip=null | op=WRITE_CHUNK {blockData=conID: 1 locID: 102665037347553874 bcsId: 3702} | ret=SUCCESS |  
2019-08-23 07:09:09,011 | INFO  | DNAudit | user=null | ip=null | op=WRITE_CHUNK {blockData=conID: 1 locID: 102665037347553874 bcsId: 3702} | ret=SUCCESS |  
2019-08-23 07:09:09,012 | INFO  | DNAudit | user=null | ip=null | op=WRITE_CHUNK {blockData=conID: 1 locID: 102665037347553874 bcsId: 3702} | ret=SUCCESS |  
2019-08-23 07:09:09,022 | INFO  | DNAudit | user=null | ip=null | op=WRITE_CHUNK {blockData=conID: 1 locID: 102665037347553874 bcsId: 3702} | ret=SUCCESS |  
2019-08-23 07:09:09,023 | INFO  | DNAudit | user=null | ip=null | op=PUT_BLOCK {blockData=[blockId=conID: 1 locID: 102665037347553874 bcsId: 0,size=3145728]} | ret=SUCCESS |  
2019-08-23 07:09:09,023 [grpc-default-executor-4] INFO  client.GrpcClientProtocolClient (GrpcClientProtocolClient.java:onNext(255)) - client-D91E5D1E15CE->f2ba01fc-a63e-4348-bd18-030b60a135e7: receive RaftClientReply:client-D91E5D1E15CE->f2ba01fc-a63e-4348-bd18-030b60a135e7@group-C8C62FEF0626, cid=2504, SUCCESS, logIndex=3706, commits[f2ba01fc-a63e-4348-bd18-030b60a135e7:c3707, eab135d4-a257-4705-b491-6c056b8c5df7:c3705, a4f67574-9018-43e7-8a54-351e98dc3d0a:c3705]
2019-08-23 07:09:09,023 [grpc-default-executor-4] INFO  client.GrpcClientProtocolClient (GrpcClientProtocolClient.java:onNext(255)) - client-D91E5D1E15CE->f2ba01fc-a63e-4348-bd18-030b60a135e7: receive RaftClientReply:client-D91E5D1E15CE->f2ba01fc-a63e-4348-bd18-030b60a135e7@group-C8C62FEF0626, cid=2505, SUCCESS, logIndex=3707, commits[f2ba01fc-a63e-4348-bd18-030b60a135e7:c3707, eab135d4-a257-4705-b491-6c056b8c5df7:c3705, a4f67574-9018-43e7-8a54-351e98dc3d0a:c3705]
2019-08-23 07:09:09,029 | INFO  | DNAudit | user=null | ip=null | op=WRITE_CHUNK {blockData=conID: 1 locID: 102665037347553874 bcsId: 3707} | ret=SUCCESS |  
2019-08-23 07:09:09,030 | INFO  | DNAudit | user=null | ip=null | op=WRITE_CHUNK {blockData=conID: 1 locID: 102665037347553874 bcsId: 3707} | ret=SUCCESS |  
2019-08-23 07:09:09,031 | INFO  | DNAudit | user=null | ip=null | op=WRITE_CHUNK {blockData=conID: 1 locID: 102665037347553874 bcsId: 3707} | ret=SUCCESS |  
2019-08-23 07:09:09,033 | INFO  | DNAudit | user=null | ip=null | op=WRITE_CHUNK {blockData=conID: 1 locID: 102665037347553874 bcsId: 3702} | ret=SUCCESS |  
2019-08-23 07:09:09,033 | INFO  | DNAudit | user=null | ip=null | op=WRITE_CHUNK {blockData=conID: 1 locID: 102665037347553874 bcsId: 3702} | ret=SUCCESS |  
2019-08-23 07:09:09,035 | INFO  | DNAudit | user=null | ip=null | op=PUT_BLOCK {blockData=[blockId=conID: 1 locID: 102665037347553874 bcsId: 0,size=3145728]} | ret=SUCCESS |  
2019-08-23 07:09:09,035 | INFO  | DNAudit | user=null | ip=null | op=PUT_BLOCK {blockData=[blockId=conID: 1 locID: 102665037347553874 bcsId: 0,size=3145728]} | ret=SUCCESS |  
2019-08-23 07:09:09,035 | INFO  | DNAudit | user=null | ip=null | op=WRITE_CHUNK {blockData=conID: 1 locID: 102665037347553874 bcsId: 3707} | ret=SUCCESS |  
2019-08-23 07:09:09,035 | INFO  | DNAudit | user=null | ip=null | op=PUT_BLOCK {blockData=[blockId=conID: 1 locID: 102665037347553874 bcsId: 0,size=4194304]} | ret=SUCCESS |  
2019-08-23 07:09:09,036 [grpc-default-executor-3] INFO  client.GrpcClientProtocolClient (GrpcClientProtocolClient.java:onNext(255)) - client-D91E5D1E15CE->f2ba01fc-a63e-4348-bd18-030b60a135e7: receive RaftClientReply:client-D91E5D1E15CE->f2ba01fc-a63e-4348-bd18-030b60a135e7@group-C8C62FEF0626, cid=2506, SUCCESS, logIndex=3710, commits[f2ba01fc-a63e-4348-bd18-030b60a135e7:c3711, eab135d4-a257-4705-b491-6c056b8c5df7:c3707, a4f67574-9018-43e7-8a54-351e98dc3d0a:c3707]
2019-08-23 07:09:09,036 [grpc-default-executor-3] INFO  client.GrpcClientProtocolClient (GrpcClientProtocolClient.java:onNext(255)) - client-D91E5D1E15CE->f2ba01fc-a63e-4348-bd18-030b60a135e7: receive RaftClientReply:client-D91E5D1E15CE->f2ba01fc-a63e-4348-bd18-030b60a135e7@group-C8C62FEF0626, cid=2507, SUCCESS, logIndex=3711, commits[f2ba01fc-a63e-4348-bd18-030b60a135e7:c3711, eab135d4-a257-4705-b491-6c056b8c5df7:c3707, a4f67574-9018-43e7-8a54-351e98dc3d0a:c3707]
2019-08-23 07:09:09,047 | INFO  | DNAudit | user=null | ip=null | op=WRITE_CHUNK {blockData=conID: 1 locID: 102665037347553874 bcsId: 3707} | ret=SUCCESS |  
2019-08-23 07:09:09,047 | INFO  | DNAudit | user=null | ip=null | op=WRITE_CHUNK {blockData=conID: 1 locID: 102665037347553874 bcsId: 3707} | ret=SUCCESS |  
2019-08-23 07:09:09,048 | INFO  | DNAudit | user=null | ip=null | op=PUT_BLOCK {blockData=[blockId=conID: 1 locID: 102665037347553874 bcsId: 0,size=4194304]} | ret=SUCCESS |  
2019-08-23 07:09:09,048 | INFO  | DNAudit | user=null | ip=null | op=PUT_BLOCK {blockData=[blockId=conID: 1 locID: 102665037347553874 bcsId: 0,size=4194304]} | ret=SUCCESS |  
2019-08-23 07:09:09,048 [grpc-default-executor-2] INFO  client.GrpcClientProtocolClient (GrpcClientProtocolClient.java:onNext(255)) - client-D91E5D1E15CE->f2ba01fc-a63e-4348-bd18-030b60a135e7: receive RaftClientReply:client-D91E5D1E15CE->f2ba01fc-a63e-4348-bd18-030b60a135e7@group-C8C62FEF0626, cid=2508, SUCCESS, logIndex=0, commits[f2ba01fc-a63e-4348-bd18-030b60a135e7:c3712, eab135d4-a257-4705-b491-6c056b8c5df7:c3711, a4f67574-9018-43e7-8a54-351e98dc3d0a:c3711]
2019-08-23 07:09:09,052 | INFO  | SCMAudit | user=jenkins1000 | ip=192.168.5.178 | op=ALLOCATE_BLOCK {owner=aaf04d22-10dd-4717-8862-c651bdde72cf, size=4194304, type=RATIS, factor=THREE} | ret=SUCCESS |  
2019-08-23 07:09:09,055 | INFO  | OMAudit | user=jenkins1000 | ip=127.0.0.1 | op=ALLOCATE_BLOCK {volume=vol-0-67663, bucket=bucket-0-68950, key=key-0-26970, dataSize=0, replicationType=null, replicationFactor=null, keyLocationInfo=null, clientID=102665036030476690} | ret=SUCCESS |  
2019-08-23 07:09:09,061 | INFO  | DNAudit | user=null | ip=null | op=WRITE_CHUNK {blockData=conID: 2 locID: 102665037352272467 bcsId: 0} | ret=SUCCESS |  
2019-08-23 07:09:09,063 | INFO  | DNAudit | user=null | ip=null | op=WRITE_CHUNK {blockData=conID: 2 locID: 102665037352272467 bcsId: 0} | ret=SUCCESS |  
2019-08-23 07:09:09,064 | INFO  | DNAudit | user=null | ip=null | op=WRITE_CHUNK {blockData=conID: 2 locID: 102665037352272467 bcsId: 0} | ret=SUCCESS |  
2019-08-23 07:09:09,064 | INFO  | DNAudit | user=null | ip=null | op=WRITE_CHUNK {blockData=conID: 2 locID: 102665037352272467 bcsId: 0} | ret=SUCCESS |  
2019-08-23 07:09:09,065 | INFO  | DNAudit | user=null | ip=null | op=WRITE_CHUNK {blockData=conID: 2 locID: 102665037352272467 bcsId: 0} | ret=SUCCESS |  
2019-08-23 07:09:09,065 | INFO  | DNAudit | user=null | ip=null | op=WRITE_CHUNK {blockData=conID: 2 locID: 102665037352272467 bcsId: 0} | ret=SUCCESS |  
2019-08-23 07:09:09,076 | INFO  | DNAudit | user=null | ip=null | op=WRITE_CHUNK {blockData=conID: 2 locID: 102665037352272467 bcsId: 0} | ret=SUCCESS |  
2019-08-23 07:09:09,076 | INFO  | DNAudit | user=null | ip=null | op=PUT_BLOCK {blockData=[blockId=conID: 2 locID: 102665037352272467 bcsId: 0,size=1048576]} | ret=SUCCESS |  
2019-08-23 07:09:09,076 | INFO  | DNAudit | user=null | ip=null | op=WRITE_CHUNK {blockData=conID: 2 locID: 102665037352272467 bcsId: 0} | ret=SUCCESS |  
2019-08-23 07:09:09,077 | INFO  | DNAudit | user=null | ip=null | op=PUT_BLOCK {blockData=[blockId=conID: 2 locID: 102665037352272467 bcsId: 0,size=2097152]} | ret=SUCCESS |  
2019-08-23 07:09:09,076 [grpc-default-executor-2] INFO  client.GrpcClientProtocolClient (GrpcClientProtocolClient.java:onNext(255)) - client-D91E5D1E15CE->f2ba01fc-a63e-4348-bd18-030b60a135e7: receive RaftClientReply:client-D91E5D1E15CE->f2ba01fc-a63e-4348-bd18-030b60a135e7@group-C8C62FEF0626, cid=2509, SUCCESS, logIndex=3714, commits[f2ba01fc-a63e-4348-bd18-030b60a135e7:c3717, eab135d4-a257-4705-b491-6c056b8c5df7:c3713, a4f67574-9018-43e7-8a54-351e98dc3d0a:c3713]
2019-08-23 07:09:09,077 [grpc-default-executor-2] INFO  client.GrpcClientProtocolClient (GrpcClientProtocolClient.java:onNext(255)) - client-D91E5D1E15CE->f2ba01fc-a63e-4348-bd18-030b60a135e7: receive RaftClientReply:client-D91E5D1E15CE->f2ba01fc-a63e-4348-bd18-030b60a135e7@group-C8C62FEF0626, cid=2510, SUCCESS, logIndex=3715, commits[f2ba01fc-a63e-4348-bd18-030b60a135e7:c3717, eab135d4-a257-4705-b491-6c056b8c5df7:c3713, a4f67574-9018-43e7-8a54-351e98dc3d0a:c3713]
2019-08-23 07:09:09,077 [grpc-default-executor-2] INFO  client.GrpcClientProtocolClient (GrpcClientProtocolClient.java:onNext(255)) - client-D91E5D1E15CE->f2ba01fc-a63e-4348-bd18-030b60a135e7: receive RaftClientReply:client-D91E5D1E15CE->f2ba01fc-a63e-4348-bd18-030b60a135e7@group-C8C62FEF0626, cid=2511, SUCCESS, logIndex=3716, commits[f2ba01fc-a63e-4348-bd18-030b60a135e7:c3717, eab135d4-a257-4705-b491-6c056b8c5df7:c3713, a4f67574-9018-43e7-8a54-351e98dc3d0a:c3713]
2019-08-23 07:09:09,078 [grpc-default-executor-2] INFO  client.GrpcClientProtocolClient (GrpcClientProtocolClient.java:onNext(255)) - client-D91E5D1E15CE->f2ba01fc-a63e-4348-bd18-030b60a135e7: receive RaftClientReply:client-D91E5D1E15CE->f2ba01fc-a63e-4348-bd18-030b60a135e7@group-C8C62FEF0626, cid=2512, SUCCESS, logIndex=3717, commits[f2ba01fc-a63e-4348-bd18-030b60a135e7:c3717, eab135d4-a257-4705-b491-6c056b8c5df7:c3713, a4f67574-9018-43e7-8a54-351e98dc3d0a:c3713]
 0.00% |█                                                                                                    |  0/1 Time: 0:00:202019-08-23 07:09:09,080 | INFO  | SCMAudit | user=jenkins1000 | ip=192.168.5.178 | op=SEND_HEARTBEAT {datanodeUUID=5c311bc2-cc7c-45de-998f-f79499d85d4e, command=[]} | ret=SUCCESS |  
2019-08-23 07:09:09,087 | INFO  | DNAudit | user=null | ip=null | op=WRITE_CHUNK {blockData=conID: 2 locID: 102665037352272467 bcsId: 0} | ret=SUCCESS |  
2019-08-23 07:09:09,087 | INFO  | DNAudit | user=null | ip=null | op=WRITE_CHUNK {blockData=conID: 2 locID: 102665037352272467 bcsId: 0} | ret=SUCCESS |  
2019-08-23 07:09:09,087 | INFO  | DNAudit | user=null | ip=null | op=PUT_BLOCK {blockData=[blockId=conID: 2 locID: 102665037352272467 bcsId: 0,size=1048576]} | ret=SUCCESS |  
2019-08-23 07:09:09,088 | INFO  | DNAudit | user=null | ip=null | op=PUT_BLOCK {blockData=[blockId=conID: 2 locID: 102665037352272467 bcsId: 0,size=1048576]} | ret=SUCCESS |  
2019-08-23 07:09:09,088 | INFO  | DNAudit | user=null | ip=null | op=WRITE_CHUNK {blockData=conID: 2 locID: 102665037352272467 bcsId: 0} | ret=SUCCESS |  
2019-08-23 07:09:09,088 [grpc-default-executor-2] INFO  client.GrpcClientProtocolClient (GrpcClientProtocolClient.java:onNext(255)) - client-D91E5D1E15CE->f2ba01fc-a63e-4348-bd18-030b60a135e7: receive RaftClientReply:client-D91E5D1E15CE->f2ba01fc-a63e-4348-bd18-030b60a135e7@group-C8C62FEF0626, cid=2513, SUCCESS, logIndex=0, commits[f2ba01fc-a63e-4348-bd18-030b60a135e7:c3718, eab135d4-a257-4705-b491-6c056b8c5df7:c3716, a4f67574-9018-43e7-8a54-351e98dc3d0a:c3716]
2019-08-23 07:09:09,088 | INFO  | DNAudit | user=null | ip=null | op=WRITE_CHUNK {blockData=conID: 2 locID: 102665037352272467 bcsId: 0} | ret=SUCCESS |  
2019-08-23 07:09:09,090 | INFO  | DNAudit | user=null | ip=null | op=PUT_BLOCK {blockData=[blockId=conID: 2 locID: 102665037352272467 bcsId: 0,size=2097152]} | ret=SUCCESS |  
2019-08-23 07:09:09,090 | INFO  | DNAudit | user=null | ip=null | op=PUT_BLOCK {blockData=[blockId=conID: 2 locID: 102665037352272467 bcsId: 0,size=2097152]} | ret=SUCCESS |  
2019-08-23 07:09:09,093 | INFO  | DNAudit | user=null | ip=null | op=WRITE_CHUNK {blockData=conID: 2 locID: 102665037352272467 bcsId: 3717} | ret=SUCCESS |  
2019-08-23 07:09:09,095 | INFO  | DNAudit | user=null | ip=null | op=WRITE_CHUNK {blockData=conID: 2 locID: 102665037352272467 bcsId: 3717} | ret=SUCCESS |  
2019-08-23 07:09:09,095 | INFO  | DNAudit | user=null | ip=null | op=WRITE_CHUNK {blockData=conID: 2 locID: 102665037352272467 bcsId: 3717} | ret=SUCCESS |  
2019-08-23 07:09:09,106 | INFO  | DNAudit | user=null | ip=null | op=WRITE_CHUNK {blockData=conID: 2 locID: 102665037352272467 bcsId: 3717} | ret=SUCCESS |  
2019-08-23 07:09:09,106 | INFO  | DNAudit | user=null | ip=null | op=PUT_BLOCK {blockData=[blockId=conID: 2 locID: 102665037352272467 bcsId: 0,size=3145728]} | ret=SUCCESS |  
2019-08-23 07:09:09,106 [grpc-default-executor-2] INFO  client.GrpcClientProtocolClient (GrpcClientProtocolClient.java:onNext(255)) - client-D91E5D1E15CE->f2ba01fc-a63e-4348-bd18-030b60a135e7: receive RaftClientReply:client-D91E5D1E15CE->f2ba01fc-a63e-4348-bd18-030b60a135e7@group-C8C62FEF0626, cid=2514, SUCCESS, logIndex=3721, commits[f2ba01fc-a63e-4348-bd18-030b60a135e7:c3722, eab135d4-a257-4705-b491-6c056b8c5df7:c3720, a4f67574-9018-43e7-8a54-351e98dc3d0a:c3720]
2019-08-23 07:09:09,106 [grpc-default-executor-2] INFO  client.GrpcClientProtocolClient (GrpcClientProtocolClient.java:onNext(255)) - client-D91E5D1E15CE->f2ba01fc-a63e-4348-bd18-030b60a135e7: receive RaftClientReply:client-D91E5D1E15CE->f2ba01fc-a63e-4348-bd18-030b60a135e7@group-C8C62FEF0626, cid=2515, SUCCESS, logIndex=3722, commits[f2ba01fc-a63e-4348-bd18-030b60a135e7:c3722, eab135d4-a257-4705-b491-6c056b8c5df7:c3720, a4f67574-9018-43e7-8a54-351e98dc3d0a:c3720]
2019-08-23 07:09:09,112 | INFO  | DNAudit | user=null | ip=null | op=WRITE_CHUNK {blockData=conID: 2 locID: 102665037352272467 bcsId: 3722} | ret=SUCCESS |  
2019-08-23 07:09:09,114 | INFO  | DNAudit | user=null | ip=null | op=WRITE_CHUNK {blockData=conID: 2 locID: 102665037352272467 bcsId: 3722} | ret=SUCCESS |  
2019-08-23 07:09:09,114 | INFO  | DNAudit | user=null | ip=null | op=WRITE_CHUNK {blockData=conID: 2 locID: 102665037352272467 bcsId: 3722} | ret=SUCCESS |  
2019-08-23 07:09:09,117 | INFO  | DNAudit | user=null | ip=null | op=WRITE_CHUNK {blockData=conID: 2 locID: 102665037352272467 bcsId: 3717} | ret=SUCCESS |  
2019-08-23 07:09:09,117 | INFO  | DNAudit | user=null | ip=null | op=WRITE_CHUNK {blockData=conID: 2 locID: 102665037352272467 bcsId: 3717} | ret=SUCCESS |  
2019-08-23 07:09:09,120 | INFO  | DNAudit | user=null | ip=null | op=PUT_BLOCK {blockData=[blockId=conID: 2 locID: 102665037352272467 bcsId: 0,size=3145728]} | ret=SUCCESS |  
2019-08-23 07:09:09,120 | INFO  | DNAudit | user=null | ip=null | op=PUT_BLOCK {blockData=[blockId=conID: 2 locID: 102665037352272467 bcsId: 0,size=3145728]} | ret=SUCCESS |  
2019-08-23 07:09:09,120 | INFO  | DNAudit | user=null | ip=null | op=WRITE_CHUNK {blockData=conID: 2 locID: 102665037352272467 bcsId: 3722} | ret=SUCCESS |  
2019-08-23 07:09:09,121 | INFO  | DNAudit | user=null | ip=null | op=PUT_BLOCK {blockData=[blockId=conID: 2 locID: 102665037352272467 bcsId: 0,size=4194304]} | ret=SUCCESS |  
2019-08-23 07:09:09,121 [grpc-default-executor-4] INFO  client.GrpcClientProtocolClient (GrpcClientProtocolClient.java:onNext(255)) - client-D91E5D1E15CE->f2ba01fc-a63e-4348-bd18-030b60a135e7: receive RaftClientReply:client-D91E5D1E15CE->f2ba01fc-a63e-4348-bd18-030b60a135e7@group-C8C62FEF0626, cid=2516, SUCCESS, logIndex=3725, commits[f2ba01fc-a63e-4348-bd18-030b60a135e7:c3726, eab135d4-a257-4705-b491-6c056b8c5df7:c3722, a4f67574-9018-43e7-8a54-351e98dc3d0a:c3722]
2019-08-23 07:09:09,121 [grpc-default-executor-4] INFO  client.GrpcClientProtocolClient (GrpcClientProtocolClient.java:onNext(255)) - client-D91E5D1E15CE->f2ba01fc-a63e-4348-bd18-030b60a135e7: receive RaftClientReply:client-D91E5D1E15CE->f2ba01fc-a63e-4348-bd18-030b60a135e7@group-C8C62FEF0626, cid=2517, SUCCESS, logIndex=3726, commits[f2ba01fc-a63e-4348-bd18-030b60a135e7:c3726, eab135d4-a257-4705-b491-6c056b8c5df7:c3722, a4f67574-9018-43e7-8a54-351e98dc3d0a:c3722]
2019-08-23 07:09:09,132 | INFO  | DNAudit | user=null | ip=null | op=WRITE_CHUNK {blockData=conID: 2 locID: 102665037352272467 bcsId: 3722} | ret=SUCCESS |  
2019-08-23 07:09:09,132 | INFO  | DNAudit | user=null | ip=null | op=WRITE_CHUNK {blockData=conID: 2 locID: 102665037352272467 bcsId: 3722} | ret=SUCCESS |  
2019-08-23 07:09:09,135 | INFO  | DNAudit | user=null | ip=null | op=PUT_BLOCK {blockData=[blockId=conID: 2 locID: 102665037352272467 bcsId: 0,size=4194304]} | ret=SUCCESS |  
2019-08-23 07:09:09,135 | INFO  | DNAudit | user=null | ip=null | op=PUT_BLOCK {blockData=[blockId=conID: 2 locID: 102665037352272467 bcsId: 0,size=4194304]} | ret=SUCCESS |  
2019-08-23 07:09:09,135 [grpc-default-executor-3] INFO  client.GrpcClientProtocolClient (GrpcClientProtocolClient.java:onNext(255)) - client-D91E5D1E15CE->f2ba01fc-a63e-4348-bd18-030b60a135e7: receive RaftClientReply:client-D91E5D1E15CE->f2ba01fc-a63e-4348-bd18-030b60a135e7@group-C8C62FEF0626, cid=2518, SUCCESS, logIndex=0, commits[f2ba01fc-a63e-4348-bd18-030b60a135e7:c3728, eab135d4-a257-4705-b491-6c056b8c5df7:c3726, a4f67574-9018-43e7-8a54-351e98dc3d0a:c3726]
2019-08-23 07:09:09,142 | INFO  | SCMAudit | user=jenkins1000 | ip=192.168.5.178 | op=ALLOCATE_BLOCK {owner=aaf04d22-10dd-4717-8862-c651bdde72cf, size=4194304, type=RATIS, factor=THREE} | ret=SUCCESS |  
2019-08-23 07:09:09,146 | INFO  | OMAudit | user=jenkins1000 | ip=127.0.0.1 | op=ALLOCATE_BLOCK {volume=vol-0-67663, bucket=bucket-0-68950, key=key-0-26970, dataSize=0, replicationType=null, replicationFactor=null, keyLocationInfo=null, clientID=102665036030476690} | ret=SUCCESS |  
2019-08-23 07:09:09,147 | INFO  | SCMAudit | user=jenkins1000 | ip=192.168.5.178 | op=SEND_HEARTBEAT {datanodeUUID=b7d3ecaa-ab76-49a0-b691-40b7e1ed625a, command=[]} | ret=SUCCESS |  
2019-08-23 07:09:09,153 | INFO  | DNAudit | user=null | ip=null | op=WRITE_CHUNK {blockData=conID: 3 locID: 102665037358170708 bcsId: 0} | ret=SUCCESS |  
2019-08-23 07:09:09,154 | INFO  | DNAudit | user=null | ip=null | op=WRITE_CHUNK {blockData=conID: 3 locID: 102665037358170708 bcsId: 0} | ret=SUCCESS |  
2019-08-23 07:09:09,155 | INFO  | DNAudit | user=null | ip=null | op=WRITE_CHUNK {blockData=conID: 3 locID: 102665037358170708 bcsId: 0} | ret=SUCCESS |  
2019-08-23 07:09:09,155 | INFO  | DNAudit | user=null | ip=null | op=WRITE_CHUNK {blockData=conID: 3 locID: 102665037358170708 bcsId: 0} | ret=SUCCESS |  
2019-08-23 07:09:09,155 | INFO  | DNAudit | user=null | ip=null | op=WRITE_CHUNK {blockData=conID: 3 locID: 102665037358170708 bcsId: 0} | ret=SUCCESS |  
2019-08-23 07:09:09,156 | INFO  | DNAudit | user=null | ip=null | op=WRITE_CHUNK {blockData=conID: 3 locID: 102665037358170708 bcsId: 0} | ret=SUCCESS |  
2019-08-23 07:09:09,166 | INFO  | DNAudit | user=null | ip=null | op=WRITE_CHUNK {blockData=conID: 3 locID: 102665037358170708 bcsId: 0} | ret=SUCCESS |  
2019-08-23 07:09:09,167 | INFO  | DNAudit | user=null | ip=null | op=PUT_BLOCK {blockData=[blockId=conID: 3 locID: 102665037358170708 bcsId: 0,size=1048576]} | ret=SUCCESS |  
2019-08-23 07:09:09,167 | INFO  | DNAudit | user=null | ip=null | op=WRITE_CHUNK {blockData=conID: 3 locID: 102665037358170708 bcsId: 0} | ret=SUCCESS |  
2019-08-23 07:09:09,167 [grpc-default-executor-3] INFO  client.GrpcClientProtocolClient (GrpcClientProtocolClient.java:onNext(255)) - client-D91E5D1E15CE->f2ba01fc-a63e-4348-bd18-030b60a135e7: receive RaftClientReply:client-D91E5D1E15CE->f2ba01fc-a63e-4348-bd18-030b60a135e7@group-C8C62FEF0626, cid=2519, SUCCESS, logIndex=3729, commits[f2ba01fc-a63e-4348-bd18-030b60a135e7:c3731, eab135d4-a257-4705-b491-6c056b8c5df7:c3728, a4f67574-9018-43e7-8a54-351e98dc3d0a:c3728]
2019-08-23 07:09:09,167 | INFO  | DNAudit | user=null | ip=null | op=PUT_BLOCK {blockData=[blockId=conID: 3 locID: 102665037358170708 bcsId: 0,size=2097152]} | ret=SUCCESS |  
2019-08-23 07:09:09,167 [grpc-default-executor-3] INFO  client.GrpcClientProtocolClient (GrpcClientProtocolClient.java:onNext(255)) - client-D91E5D1E15CE->f2ba01fc-a63e-4348-bd18-030b60a135e7: receive RaftClientReply:client-D91E5D1E15CE->f2ba01fc-a63e-4348-bd18-030b60a135e7@group-C8C62FEF0626, cid=2520, SUCCESS, logIndex=3730, commits[f2ba01fc-a63e-4348-bd18-030b60a135e7:c3732, eab135d4-a257-4705-b491-6c056b8c5df7:c3728, a4f67574-9018-43e7-8a54-351e98dc3d0a:c3728]
2019-08-23 07:09:09,168 [grpc-default-executor-3] INFO  client.GrpcClientProtocolClient (GrpcClientProtocolClient.java:onNext(255)) - client-D91E5D1E15CE->f2ba01fc-a63e-4348-bd18-030b60a135e7: receive RaftClientReply:client-D91E5D1E15CE->f2ba01fc-a63e-4348-bd18-030b60a135e7@group-C8C62FEF0626, cid=2521, SUCCESS, logIndex=3731, commits[f2ba01fc-a63e-4348-bd18-030b60a135e7:c3732, eab135d4-a257-4705-b491-6c056b8c5df7:c3728, a4f67574-9018-43e7-8a54-351e98dc3d0a:c3728]
2019-08-23 07:09:09,168 [grpc-default-executor-3] INFO  client.GrpcClientProtocolClient (GrpcClientProtocolClient.java:onNext(255)) - client-D91E5D1E15CE->f2ba01fc-a63e-4348-bd18-030b60a135e7: receive RaftClientReply:client-D91E5D1E15CE->f2ba01fc-a63e-4348-bd18-030b60a135e7@group-C8C62FEF0626, cid=2522, SUCCESS, logIndex=3732, commits[f2ba01fc-a63e-4348-bd18-030b60a135e7:c3732, eab135d4-a257-4705-b491-6c056b8c5df7:c3728, a4f67574-9018-43e7-8a54-351e98dc3d0a:c3728]
2019-08-23 07:09:09,168 | INFO  | DNAudit | user=null | ip=null | op=WRITE_CHUNK {blockData=conID: 3 locID: 102665037358170708 bcsId: 0} | ret=SUCCESS |  
2019-08-23 07:09:09,168 | INFO  | DNAudit | user=null | ip=null | op=WRITE_CHUNK {blockData=conID: 3 locID: 102665037358170708 bcsId: 0} | ret=SUCCESS |  
2019-08-23 07:09:09,168 | INFO  | DNAudit | user=null | ip=null | op=PUT_BLOCK {blockData=[blockId=conID: 3 locID: 102665037358170708 bcsId: 0,size=1048576]} | ret=SUCCESS |  
2019-08-23 07:09:09,168 | INFO  | DNAudit | user=null | ip=null | op=PUT_BLOCK {blockData=[blockId=conID: 3 locID: 102665037358170708 bcsId: 0,size=1048576]} | ret=SUCCESS |  
2019-08-23 07:09:09,169 | INFO  | DNAudit | user=null | ip=null | op=WRITE_CHUNK {blockData=conID: 3 locID: 102665037358170708 bcsId: 0} | ret=SUCCESS |  
2019-08-23 07:09:09,169 [grpc-default-executor-4] INFO  client.GrpcClientProtocolClient (GrpcClientProtocolClient.java:onNext(255)) - client-D91E5D1E15CE->f2ba01fc-a63e-4348-bd18-030b60a135e7: receive RaftClientReply:client-D91E5D1E15CE->f2ba01fc-a63e-4348-bd18-030b60a135e7@group-C8C62FEF0626, cid=2523, SUCCESS, logIndex=0, commits[f2ba01fc-a63e-4348-bd18-030b60a135e7:c3732, eab135d4-a257-4705-b491-6c056b8c5df7:c3730, a4f67574-9018-43e7-8a54-351e98dc3d0a:c3730]
2019-08-23 07:09:09,169 | INFO  | DNAudit | user=null | ip=null | op=WRITE_CHUNK {blockData=conID: 3 locID: 102665037358170708 bcsId: 0} | ret=SUCCESS |  
2019-08-23 07:09:09,170 | INFO  | DNAudit | user=null | ip=null | op=PUT_BLOCK {blockData=[blockId=conID: 3 locID: 102665037358170708 bcsId: 0,size=2097152]} | ret=SUCCESS |  
2019-08-23 07:09:09,170 | INFO  | DNAudit | user=null | ip=null | op=PUT_BLOCK {blockData=[blockId=conID: 3 locID: 102665037358170708 bcsId: 0,size=2097152]} | ret=SUCCESS |  
2019-08-23 07:09:09,174 | INFO  | DNAudit | user=null | ip=null | op=WRITE_CHUNK {blockData=conID: 3 locID: 102665037358170708 bcsId: 3732} | ret=SUCCESS |  
2019-08-23 07:09:09,175 | INFO  | DNAudit | user=null | ip=null | op=WRITE_CHUNK {blockData=conID: 3 locID: 102665037358170708 bcsId: 3732} | ret=SUCCESS |  
2019-08-23 07:09:09,176 | INFO  | DNAudit | user=null | ip=null | op=WRITE_CHUNK {blockData=conID: 3 locID: 102665037358170708 bcsId: 3732} | ret=SUCCESS |  
2019-08-23 07:09:09,177 | INFO  | DNAudit | user=null | ip=null | op=WRITE_CHUNK {blockData=conID: 3 locID: 102665037358170708 bcsId: 3732} | ret=SUCCESS |  
2019-08-23 07:09:09,177 | INFO  | DNAudit | user=null | ip=null | op=PUT_BLOCK {blockData=[blockId=conID: 3 locID: 102665037358170708 bcsId: 0,size=3145728]} | ret=SUCCESS |  
2019-08-23 07:09:09,177 [grpc-default-executor-2] INFO  client.GrpcClientProtocolClient (GrpcClientProtocolClient.java:onNext(255)) - client-D91E5D1E15CE->f2ba01fc-a63e-4348-bd18-030b60a135e7: receive RaftClientReply:client-D91E5D1E15CE->f2ba01fc-a63e-4348-bd18-030b60a135e7@group-C8C62FEF0626, cid=2524, SUCCESS, logIndex=3737, commits[f2ba01fc-a63e-4348-bd18-030b60a135e7:c3738, eab135d4-a257-4705-b491-6c056b8c5df7:c3736, a4f67574-9018-43e7-8a54-351e98dc3d0a:c3732]
2019-08-23 07:09:09,178 [grpc-default-executor-2] INFO  client.GrpcClientProtocolClient (GrpcClientProtocolClient.java:onNext(255)) - client-D91E5D1E15CE->f2ba01fc-a63e-4348-bd18-030b60a135e7: receive RaftClientReply:client-D91E5D1E15CE->f2ba01fc-a63e-4348-bd18-030b60a135e7@group-C8C62FEF0626, cid=2525, SUCCESS, logIndex=3738, commits[f2ba01fc-a63e-4348-bd18-030b60a135e7:c3738, eab135d4-a257-4705-b491-6c056b8c5df7:c3736, a4f67574-9018-43e7-8a54-351e98dc3d0a:c3736]
2019-08-23 07:09:09,179 | INFO  | DNAudit | user=null | ip=null | op=WRITE_CHUNK {blockData=conID: 3 locID: 102665037358170708 bcsId: 3732} | ret=SUCCESS |  
2019-08-23 07:09:09,179 | INFO  | DNAudit | user=null | ip=null | op=WRITE_CHUNK {blockData=conID: 3 locID: 102665037358170708 bcsId: 3732} | ret=SUCCESS |  
2019-08-23 07:09:09,179 | INFO  | DNAudit | user=null | ip=null | op=PUT_BLOCK {blockData=[blockId=conID: 3 locID: 102665037358170708 bcsId: 0,size=3145728]} | ret=SUCCESS |  
2019-08-23 07:09:09,179 | INFO  | DNAudit | user=null | ip=null | op=PUT_BLOCK {blockData=[blockId=conID: 3 locID: 102665037358170708 bcsId: 0,size=3145728]} | ret=SUCCESS |  
2019-08-23 07:09:09,183 | INFO  | DNAudit | user=null | ip=null | op=WRITE_CHUNK {blockData=conID: 3 locID: 102665037358170708 bcsId: 3738} | ret=SUCCESS |  
2019-08-23 07:09:09,184 | INFO  | DNAudit | user=null | ip=null | op=WRITE_CHUNK {blockData=conID: 3 locID: 102665037358170708 bcsId: 3738} | ret=SUCCESS |  
2019-08-23 07:09:09,185 | INFO  | DNAudit | user=null | ip=null | op=WRITE_CHUNK {blockData=conID: 3 locID: 102665037358170708 bcsId: 3738} | ret=SUCCESS |  
2019-08-23 07:09:09,187 | INFO  | DNAudit | user=null | ip=null | op=WRITE_CHUNK {blockData=conID: 3 locID: 102665037358170708 bcsId: 3738} | ret=SUCCESS |  
2019-08-23 07:09:09,187 | INFO  | DNAudit | user=null | ip=null | op=PUT_BLOCK {blockData=[blockId=conID: 3 locID: 102665037358170708 bcsId: 0,size=4194304]} | ret=SUCCESS |  
2019-08-23 07:09:09,187 [grpc-default-executor-2] INFO  client.GrpcClientProtocolClient (GrpcClientProtocolClient.java:onNext(255)) - client-D91E5D1E15CE->f2ba01fc-a63e-4348-bd18-030b60a135e7: receive RaftClientReply:client-D91E5D1E15CE->f2ba01fc-a63e-4348-bd18-030b60a135e7@group-C8C62FEF0626, cid=2526, SUCCESS, logIndex=3740, commits[f2ba01fc-a63e-4348-bd18-030b60a135e7:c3741, eab135d4-a257-4705-b491-6c056b8c5df7:c3739, a4f67574-9018-43e7-8a54-351e98dc3d0a:c3739]
2019-08-23 07:09:09,187 [grpc-default-executor-2] INFO  client.GrpcClientProtocolClient (GrpcClientProtocolClient.java:onNext(255)) - client-D91E5D1E15CE->f2ba01fc-a63e-4348-bd18-030b60a135e7: receive RaftClientReply:client-D91E5D1E15CE->f2ba01fc-a63e-4348-bd18-030b60a135e7@group-C8C62FEF0626, cid=2527, SUCCESS, logIndex=3741, commits[f2ba01fc-a63e-4348-bd18-030b60a135e7:c3741, eab135d4-a257-4705-b491-6c056b8c5df7:c3739, a4f67574-9018-43e7-8a54-351e98dc3d0a:c3739]
2019-08-23 07:09:09,188 | INFO  | DNAudit | user=null | ip=null | op=WRITE_CHUNK {blockData=conID: 3 locID: 102665037358170708 bcsId: 3738} | ret=SUCCESS |  
2019-08-23 07:09:09,189 | INFO  | DNAudit | user=null | ip=null | op=WRITE_CHUNK {blockData=conID: 3 locID: 102665037358170708 bcsId: 3738} | ret=SUCCESS |  
2019-08-23 07:09:09,189 | INFO  | DNAudit | user=null | ip=null | op=PUT_BLOCK {blockData=[blockId=conID: 3 locID: 102665037358170708 bcsId: 0,size=4194304]} | ret=SUCCESS |  
2019-08-23 07:09:09,190 | INFO  | DNAudit | user=null | ip=null | op=PUT_BLOCK {blockData=[blockId=conID: 3 locID: 102665037358170708 bcsId: 0,size=4194304]} | ret=SUCCESS |  
2019-08-23 07:09:09,191 [grpc-default-executor-2] INFO  client.GrpcClientProtocolClient (GrpcClientProtocolClient.java:onNext(255)) - client-D91E5D1E15CE->f2ba01fc-a63e-4348-bd18-030b60a135e7: receive RaftClientReply:client-D91E5D1E15CE->f2ba01fc-a63e-4348-bd18-030b60a135e7@group-C8C62FEF0626, cid=2528, SUCCESS, logIndex=0, commits[f2ba01fc-a63e-4348-bd18-030b60a135e7:c3743, eab135d4-a257-4705-b491-6c056b8c5df7:c3741, a4f67574-9018-43e7-8a54-351e98dc3d0a:c3741]
2019-08-23 07:09:09,197 | INFO  | SCMAudit | user=jenkins1000 | ip=192.168.5.178 | op=ALLOCATE_BLOCK {owner=aaf04d22-10dd-4717-8862-c651bdde72cf, size=4194304, type=RATIS, factor=THREE} | ret=SUCCESS |  
2019-08-23 07:09:09,201 | INFO  | OMAudit | user=jenkins1000 | ip=127.0.0.1 | op=ALLOCATE_BLOCK {volume=vol-0-67663, bucket=bucket-0-68950, key=key-0-26970, dataSize=0, replicationType=null, replicationFactor=null, keyLocationInfo=null, clientID=102665036030476690} | ret=SUCCESS |  
2019-08-23 07:09:09,207 | INFO  | DNAudit | user=null | ip=null | op=WRITE_CHUNK {blockData=conID: 1 locID: 102665037361775189 bcsId: 0} | ret=SUCCESS |  
2019-08-23 07:09:09,210 | INFO  | DNAudit | user=null | ip=null | op=WRITE_CHUNK {blockData=conID: 1 locID: 102665037361775189 bcsId: 0} | ret=SUCCESS |  
2019-08-23 07:09:09,210 | INFO  | DNAudit | user=null | ip=null | op=WRITE_CHUNK {blockData=conID: 1 locID: 102665037361775189 bcsId: 0} | ret=SUCCESS |  
2019-08-23 07:09:09,210 | INFO  | DNAudit | user=null | ip=null | op=WRITE_CHUNK {blockData=conID: 1 locID: 102665037361775189 bcsId: 0} | ret=SUCCESS |  
2019-08-23 07:09:09,210 | INFO  | DNAudit | user=null | ip=null | op=WRITE_CHUNK {blockData=conID: 1 locID: 102665037361775189 bcsId: 0} | ret=SUCCESS |  
2019-08-23 07:09:09,211 | INFO  | DNAudit | user=null | ip=null | op=WRITE_CHUNK {blockData=conID: 1 locID: 102665037361775189 bcsId: 0} | ret=SUCCESS |  
2019-08-23 07:09:09,234 | INFO  | DNAudit | user=null | ip=null | op=WRITE_CHUNK {blockData=conID: 1 locID: 102665037361775189 bcsId: 0} | ret=SUCCESS |  
2019-08-23 07:09:09,235 | INFO  | DNAudit | user=null | ip=null | op=PUT_BLOCK {blockData=[blockId=conID: 1 locID: 102665037361775189 bcsId: 0,size=1048576]} | ret=SUCCESS |  
2019-08-23 07:09:09,235 [grpc-default-executor-4] INFO  client.GrpcClientProtocolClient (GrpcClientProtocolClient.java:onNext(255)) - client-D91E5D1E15CE->f2ba01fc-a63e-4348-bd18-030b60a135e7: receive RaftClientReply:client-D91E5D1E15CE->f2ba01fc-a63e-4348-bd18-030b60a135e7@group-C8C62FEF0626, cid=2529, SUCCESS, logIndex=3744, commits[f2ba01fc-a63e-4348-bd18-030b60a135e7:c3745, eab135d4-a257-4705-b491-6c056b8c5df7:c3743, a4f67574-9018-43e7-8a54-351e98dc3d0a:c3741]
2019-08-23 07:09:09,239 | INFO  | DNAudit | user=null | ip=null | op=WRITE_CHUNK {blockData=conID: 1 locID: 102665037361775189 bcsId: 0} | ret=SUCCESS |  
2019-08-23 07:09:09,239 | INFO  | DNAudit | user=null | ip=null | op=WRITE_CHUNK {blockData=conID: 1 locID: 102665037361775189 bcsId: 0} | ret=SUCCESS |  
2019-08-23 07:09:09,239 | INFO  | DNAudit | user=null | ip=null | op=WRITE_CHUNK {blockData=conID: 1 locID: 102665037361775189 bcsId: 0} | ret=SUCCESS |  
2019-08-23 07:09:09,239 [grpc-default-executor-4] INFO  client.GrpcClientProtocolClient (GrpcClientProtocolClient.java:onNext(255)) - client-D91E5D1E15CE->f2ba01fc-a63e-4348-bd18-030b60a135e7: receive RaftClientReply:client-D91E5D1E15CE->f2ba01fc-a63e-4348-bd18-030b60a135e7@group-C8C62FEF0626, cid=2530, SUCCESS, logIndex=3745, commits[f2ba01fc-a63e-4348-bd18-030b60a135e7:c3747, eab135d4-a257-4705-b491-6c056b8c5df7:c3743, a4f67574-9018-43e7-8a54-351e98dc3d0a:c3743]
2019-08-23 07:09:09,239 | INFO  | DNAudit | user=null | ip=null | op=PUT_BLOCK {blockData=[blockId=conID: 1 locID: 102665037361775189 bcsId: 0,size=1048576]} | ret=SUCCESS |  
2019-08-23 07:09:09,239 | INFO  | DNAudit | user=null | ip=null | op=PUT_BLOCK {blockData=[blockId=conID: 1 locID: 102665037361775189 bcsId: 0,size=1048576]} | ret=SUCCESS |  
2019-08-23 07:09:09,239 | INFO  | DNAudit | user=null | ip=null | op=PUT_BLOCK {blockData=[blockId=conID: 1 locID: 102665037361775189 bcsId: 0,size=2097152]} | ret=SUCCESS |  
2019-08-23 07:09:09,239 [grpc-default-executor-4] INFO  client.GrpcClientProtocolClient (GrpcClientProtocolClient.java:onNext(255)) - client-D91E5D1E15CE->f2ba01fc-a63e-4348-bd18-030b60a135e7: receive RaftClientReply:client-D91E5D1E15CE->f2ba01fc-a63e-4348-bd18-030b60a135e7@group-C8C62FEF0626, cid=2531, SUCCESS, logIndex=3746, commits[f2ba01fc-a63e-4348-bd18-030b60a135e7:c3749, eab135d4-a257-4705-b491-6c056b8c5df7:c3745, a4f67574-9018-43e7-8a54-351e98dc3d0a:c3745]
2019-08-23 07:09:09,240 [grpc-default-executor-4] INFO  client.GrpcClientProtocolClient (GrpcClientProtocolClient.java:onNext(255)) - client-D91E5D1E15CE->f2ba01fc-a63e-4348-bd18-030b60a135e7: receive RaftClientReply:client-D91E5D1E15CE->f2ba01fc-a63e-4348-bd18-030b60a135e7@group-C8C62FEF0626, cid=2532, SUCCESS, logIndex=3747, commits[f2ba01fc-a63e-4348-bd18-030b60a135e7:c3749, eab135d4-a257-4705-b491-6c056b8c5df7:c3745, a4f67574-9018-43e7-8a54-351e98dc3d0a:c3745]
2019-08-23 07:09:09,246 | INFO  | DNAudit | user=null | ip=null | op=WRITE_CHUNK {blockData=conID: 1 locID: 102665037361775189 bcsId: 3747} | ret=SUCCESS |  
2019-08-23 07:09:09,249 | INFO  | DNAudit | user=null | ip=null | op=WRITE_CHUNK {blockData=conID: 1 locID: 102665037361775189 bcsId: 0} | ret=SUCCESS |  
2019-08-23 07:09:09,249 | INFO  | DNAudit | user=null | ip=null | op=WRITE_CHUNK {blockData=conID: 1 locID: 102665037361775189 bcsId: 3747} | ret=SUCCESS |  
2019-08-23 07:09:09,249 | INFO  | DNAudit | user=null | ip=null | op=PUT_BLOCK {blockData=[blockId=conID: 1 locID: 102665037361775189 bcsId: 0,size=2097152]} | ret=SUCCESS |  
2019-08-23 07:09:09,249 | INFO  | DNAudit | user=null | ip=null | op=WRITE_CHUNK {blockData=conID: 1 locID: 102665037361775189 bcsId: 3747} | ret=SUCCESS |  
2019-08-23 07:09:09,250 | INFO  | DNAudit | user=null | ip=null | op=WRITE_CHUNK {blockData=conID: 1 locID: 102665037361775189 bcsId: 3747} | ret=SUCCESS |  
2019-08-23 07:09:09,251 | INFO  | DNAudit | user=null | ip=null | op=WRITE_CHUNK {blockData=conID: 1 locID: 102665037361775189 bcsId: 0} | ret=SUCCESS |  
2019-08-23 07:09:09,251 | INFO  | DNAudit | user=null | ip=null | op=PUT_BLOCK {blockData=[blockId=conID: 1 locID: 102665037361775189 bcsId: 0,size=3145728]} | ret=SUCCESS |  
2019-08-23 07:09:09,251 | INFO  | DNAudit | user=null | ip=null | op=PUT_BLOCK {blockData=[blockId=conID: 1 locID: 102665037361775189 bcsId: 0,size=2097152]} | ret=SUCCESS |  
2019-08-23 07:09:09,251 [grpc-default-executor-3] INFO  client.GrpcClientProtocolClient (GrpcClientProtocolClient.java:onNext(255)) - client-D91E5D1E15CE->f2ba01fc-a63e-4348-bd18-030b60a135e7: receive RaftClientReply:client-D91E5D1E15CE->f2ba01fc-a63e-4348-bd18-030b60a135e7@group-C8C62FEF0626, cid=2533, SUCCESS, logIndex=3751, commits[f2ba01fc-a63e-4348-bd18-030b60a135e7:c3752, eab135d4-a257-4705-b491-6c056b8c5df7:c3745, a4f67574-9018-43e7-8a54-351e98dc3d0a:c3749]
2019-08-23 07:09:09,251 [grpc-default-executor-3] INFO  client.GrpcClientProtocolClient (GrpcClientProtocolClient.java:onNext(255)) - client-D91E5D1E15CE->f2ba01fc-a63e-4348-bd18-030b60a135e7: receive RaftClientReply:client-D91E5D1E15CE->f2ba01fc-a63e-4348-bd18-030b60a135e7@group-C8C62FEF0626, cid=2534, SUCCESS, logIndex=3752, commits[f2ba01fc-a63e-4348-bd18-030b60a135e7:c3752, eab135d4-a257-4705-b491-6c056b8c5df7:c3749, a4f67574-9018-43e7-8a54-351e98dc3d0a:c3749]
2019-08-23 07:09:09,252 | INFO  | DNAudit | user=null | ip=null | op=WRITE_CHUNK {blockData=conID: 1 locID: 102665037361775189 bcsId: 3747} | ret=SUCCESS |  
2019-08-23 07:09:09,252 | INFO  | DNAudit | user=null | ip=null | op=WRITE_CHUNK {blockData=conID: 1 locID: 102665037361775189 bcsId: 3747} | ret=SUCCESS |  
2019-08-23 07:09:09,252 | INFO  | DNAudit | user=null | ip=null | op=PUT_BLOCK {blockData=[blockId=conID: 1 locID: 102665037361775189 bcsId: 0,size=3145728]} | ret=SUCCESS |  
2019-08-23 07:09:09,253 | INFO  | DNAudit | user=null | ip=null | op=PUT_BLOCK {blockData=[blockId=conID: 1 locID: 102665037361775189 bcsId: 0,size=3145728]} | ret=SUCCESS |  
2019-08-23 07:09:09,257 | INFO  | DNAudit | user=null | ip=null | op=WRITE_CHUNK {blockData=conID: 1 locID: 102665037361775189 bcsId: 3752} | ret=SUCCESS |  
2019-08-23 07:09:09,259 | INFO  | DNAudit | user=null | ip=null | op=WRITE_CHUNK {blockData=conID: 1 locID: 102665037361775189 bcsId: 3752} | ret=SUCCESS |  
2019-08-23 07:09:09,260 | INFO  | DNAudit | user=null | ip=null | op=WRITE_CHUNK {blockData=conID: 1 locID: 102665037361775189 bcsId: 3752} | ret=SUCCESS |  
2019-08-23 07:09:09,270 | INFO  | DNAudit | user=null | ip=null | op=WRITE_CHUNK {blockData=conID: 1 locID: 102665037361775189 bcsId: 3752} | ret=SUCCESS |  
2019-08-23 07:09:09,270 | INFO  | DNAudit | user=null | ip=null | op=PUT_BLOCK {blockData=[blockId=conID: 1 locID: 102665037361775189 bcsId: 0,size=4194304]} | ret=SUCCESS |  
2019-08-23 07:09:09,270 [grpc-default-executor-6] INFO  client.GrpcClientProtocolClient (GrpcClientProtocolClient.java:onNext(255)) - client-D91E5D1E15CE->f2ba01fc-a63e-4348-bd18-030b60a135e7: receive RaftClientReply:client-D91E5D1E15CE->f2ba01fc-a63e-4348-bd18-030b60a135e7@group-C8C62FEF0626, cid=2535, SUCCESS, logIndex=3755, commits[f2ba01fc-a63e-4348-bd18-030b60a135e7:c3756, eab135d4-a257-4705-b491-6c056b8c5df7:c3754, a4f67574-9018-43e7-8a54-351e98dc3d0a:c3754]
2019-08-23 07:09:09,271 [grpc-default-executor-6] INFO  client.GrpcClientProtocolClient (GrpcClientProtocolClient.java:onNext(255)) - client-D91E5D1E15CE->f2ba01fc-a63e-4348-bd18-030b60a135e7: receive RaftClientReply:client-D91E5D1E15CE->f2ba01fc-a63e-4348-bd18-030b60a135e7@group-C8C62FEF0626, cid=2536, SUCCESS, logIndex=3756, commits[f2ba01fc-a63e-4348-bd18-030b60a135e7:c3756, eab135d4-a257-4705-b491-6c056b8c5df7:c3754, a4f67574-9018-43e7-8a54-351e98dc3d0a:c3754]
2019-08-23 07:09:09,281 | INFO  | DNAudit | user=null | ip=null | op=WRITE_CHUNK {blockData=conID: 1 locID: 102665037361775189 bcsId: 3752} | ret=SUCCESS |  
2019-08-23 07:09:09,281 | INFO  | DNAudit | user=null | ip=null | op=PUT_BLOCK {blockData=[blockId=conID: 1 locID: 102665037361775189 bcsId: 0,size=4194304]} | ret=SUCCESS |  
2019-08-23 07:09:09,281 | INFO  | DNAudit | user=null | ip=null | op=WRITE_CHUNK {blockData=conID: 1 locID: 102665037361775189 bcsId: 3752} | ret=SUCCESS |  
2019-08-23 07:09:09,282 | INFO  | DNAudit | user=null | ip=null | op=PUT_BLOCK {blockData=[blockId=conID: 1 locID: 102665037361775189 bcsId: 0,size=4194304]} | ret=SUCCESS |  
2019-08-23 07:09:09,282 [grpc-default-executor-6] INFO  client.GrpcClientProtocolClient (GrpcClientProtocolClient.java:onNext(255)) - client-D91E5D1E15CE->f2ba01fc-a63e-4348-bd18-030b60a135e7: receive RaftClientReply:client-D91E5D1E15CE->f2ba01fc-a63e-4348-bd18-030b60a135e7@group-C8C62FEF0626, cid=2537, SUCCESS, logIndex=0, commits[f2ba01fc-a63e-4348-bd18-030b60a135e7:c3757, eab135d4-a257-4705-b491-6c056b8c5df7:c3756, a4f67574-9018-43e7-8a54-351e98dc3d0a:c3756]
2019-08-23 07:09:09,287 | INFO  | SCMAudit | user=jenkins1000 | ip=192.168.5.178 | op=ALLOCATE_BLOCK {owner=aaf04d22-10dd-4717-8862-c651bdde72cf, size=4194304, type=RATIS, factor=THREE} | ret=SUCCESS |  
2019-08-23 07:09:09,290 | INFO  | OMAudit | user=jenkins1000 | ip=127.0.0.1 | op=ALLOCATE_BLOCK {volume=vol-0-67663, bucket=bucket-0-68950, key=key-0-26970, dataSize=0, replicationType=null, replicationFactor=null, keyLocationInfo=null, clientID=102665036030476690} | ret=SUCCESS |  
2019-08-23 07:09:09,297 | INFO  | DNAudit | user=null | ip=null | op=WRITE_CHUNK {blockData=conID: 2 locID: 102665037367673430 bcsId: 0} | ret=SUCCESS |  
2019-08-23 07:09:09,297 | INFO  | DNAudit | user=null | ip=null | op=WRITE_CHUNK {blockData=conID: 2 locID: 102665037367673430 bcsId: 0} | ret=SUCCESS |  
2019-08-23 07:09:09,298 | INFO  | DNAudit | user=null | ip=null | op=WRITE_CHUNK {blockData=conID: 2 locID: 102665037367673430 bcsId: 0} | ret=SUCCESS |  
2019-08-23 07:09:09,299 | INFO  | DNAudit | user=null | ip=null | op=WRITE_CHUNK {blockData=conID: 2 locID: 102665037367673430 bcsId: 0} | ret=SUCCESS |  
2019-08-23 07:09:09,300 | INFO  | DNAudit | user=null | ip=null | op=WRITE_CHUNK {blockData=conID: 2 locID: 102665037367673430 bcsId: 0} | ret=SUCCESS |  
2019-08-23 07:09:09,301 | INFO  | DNAudit | user=null | ip=null | op=WRITE_CHUNK {blockData=conID: 2 locID: 102665037367673430 bcsId: 0} | ret=SUCCESS |  
2019-08-23 07:09:09,310 | INFO  | DNAudit | user=null | ip=null | op=WRITE_CHUNK {blockData=conID: 2 locID: 102665037367673430 bcsId: 0} | ret=SUCCESS |  
2019-08-23 07:09:09,311 | INFO  | DNAudit | user=null | ip=null | op=PUT_BLOCK {blockData=[blockId=conID: 2 locID: 102665037367673430 bcsId: 0,size=1048576]} | ret=SUCCESS |  
2019-08-23 07:09:09,311 [grpc-default-executor-6] INFO  client.GrpcClientProtocolClient (GrpcClientProtocolClient.java:onNext(255)) - client-D91E5D1E15CE->f2ba01fc-a63e-4348-bd18-030b60a135e7: receive RaftClientReply:client-D91E5D1E15CE->f2ba01fc-a63e-4348-bd18-030b60a135e7@group-C8C62FEF0626, cid=2538, SUCCESS, logIndex=3759, commits[f2ba01fc-a63e-4348-bd18-030b60a135e7:c3762, eab135d4-a257-4705-b491-6c056b8c5df7:c3758, a4f67574-9018-43e7-8a54-351e98dc3d0a:c3758]
2019-08-23 07:09:09,311 | INFO  | DNAudit | user=null | ip=null | op=WRITE_CHUNK {blockData=conID: 2 locID: 102665037367673430 bcsId: 0} | ret=SUCCESS |  
2019-08-23 07:09:09,312 [grpc-default-executor-6] INFO  client.GrpcClientProtocolClient (GrpcClientProtocolClient.java:onNext(255)) - client-D91E5D1E15CE->f2ba01fc-a63e-4348-bd18-030b60a135e7: receive RaftClientReply:client-D91E5D1E15CE->f2ba01fc-a63e-4348-bd18-030b60a135e7@group-C8C62FEF0626, cid=2539, SUCCESS, logIndex=3760, commits[f2ba01fc-a63e-4348-bd18-030b60a135e7:c3762, eab135d4-a257-4705-b491-6c056b8c5df7:c3758, a4f67574-9018-43e7-8a54-351e98dc3d0a:c3758]
2019-08-23 07:09:09,312 | INFO  | DNAudit | user=null | ip=null | op=PUT_BLOCK {blockData=[blockId=conID: 2 locID: 102665037367673430 bcsId: 0,size=2097152]} | ret=SUCCESS |  
2019-08-23 07:09:09,312 [grpc-default-executor-6] INFO  client.GrpcClientProtocolClient (GrpcClientProtocolClient.java:onNext(255)) - client-D91E5D1E15CE->f2ba01fc-a63e-4348-bd18-030b60a135e7: receive RaftClientReply:client-D91E5D1E15CE->f2ba01fc-a63e-4348-bd18-030b60a135e7@group-C8C62FEF0626, cid=2540, SUCCESS, logIndex=3761, commits[f2ba01fc-a63e-4348-bd18-030b60a135e7:c3762, eab135d4-a257-4705-b491-6c056b8c5df7:c3758, a4f67574-9018-43e7-8a54-351e98dc3d0a:c3758]
2019-08-23 07:09:09,312 [grpc-default-executor-6] INFO  client.GrpcClientProtocolClient (GrpcClientProtocolClient.java:onNext(255)) - client-D91E5D1E15CE->f2ba01fc-a63e-4348-bd18-030b60a135e7: receive RaftClientReply:client-D91E5D1E15CE->f2ba01fc-a63e-4348-bd18-030b60a135e7@group-C8C62FEF0626, cid=2541, SUCCESS, logIndex=3762, commits[f2ba01fc-a63e-4348-bd18-030b60a135e7:c3762, eab135d4-a257-4705-b491-6c056b8c5df7:c3758, a4f67574-9018-43e7-8a54-351e98dc3d0a:c3758]
2019-08-23 07:09:09,322 | INFO  | DNAudit | user=null | ip=null | op=WRITE_CHUNK {blockData=conID: 2 locID: 102665037367673430 bcsId: 0} | ret=SUCCESS |  
2019-08-23 07:09:09,322 | INFO  | DNAudit | user=null | ip=null | op=PUT_BLOCK {blockData=[blockId=conID: 2 locID: 102665037367673430 bcsId: 0,size=1048576]} | ret=SUCCESS |  
2019-08-23 07:09:09,322 | INFO  | DNAudit | user=null | ip=null | op=WRITE_CHUNK {blockData=conID: 2 locID: 102665037367673430 bcsId: 0} | ret=SUCCESS |  
2019-08-23 07:09:09,322 | INFO  | DNAudit | user=null | ip=null | op=PUT_BLOCK {blockData=[blockId=conID: 2 locID: 102665037367673430 bcsId: 0,size=1048576]} | ret=SUCCESS |  
2019-08-23 07:09:09,322 [grpc-default-executor-6] INFO  client.GrpcClientProtocolClient (GrpcClientProtocolClient.java:onNext(255)) - client-D91E5D1E15CE->f2ba01fc-a63e-4348-bd18-030b60a135e7: receive RaftClientReply:client-D91E5D1E15CE->f2ba01fc-a63e-4348-bd18-030b60a135e7@group-C8C62FEF0626, cid=2542, SUCCESS, logIndex=0, commits[f2ba01fc-a63e-4348-bd18-030b60a135e7:c3763, eab135d4-a257-4705-b491-6c056b8c5df7:c3760, a4f67574-9018-43e7-8a54-351e98dc3d0a:c3760]
2019-08-23 07:09:09,325 | INFO  | DNAudit | user=null | ip=null | op=WRITE_CHUNK {blockData=conID: 2 locID: 102665037367673430 bcsId: 0} | ret=SUCCESS |  
2019-08-23 07:09:09,325 | INFO  | DNAudit | user=null | ip=null | op=WRITE_CHUNK {blockData=conID: 2 locID: 102665037367673430 bcsId: 0} | ret=SUCCESS |  
2019-08-23 07:09:09,325 | INFO  | DNAudit | user=null | ip=null | op=PUT_BLOCK {blockData=[blockId=conID: 2 locID: 102665037367673430 bcsId: 0,size=2097152]} | ret=SUCCESS |  
2019-08-23 07:09:09,325 | INFO  | DNAudit | user=null | ip=null | op=PUT_BLOCK {blockData=[blockId=conID: 2 locID: 102665037367673430 bcsId: 0,size=2097152]} | ret=SUCCESS |  
2019-08-23 07:09:09,329 | INFO  | DNAudit | user=null | ip=null | op=WRITE_CHUNK {blockData=conID: 2 locID: 102665037367673430 bcsId: 3762} | ret=SUCCESS |  
2019-08-23 07:09:09,331 | INFO  | DNAudit | user=null | ip=null | op=WRITE_CHUNK {blockData=conID: 2 locID: 102665037367673430 bcsId: 3762} | ret=SUCCESS |  
2019-08-23 07:09:09,331 | INFO  | DNAudit | user=null | ip=null | op=WRITE_CHUNK {blockData=conID: 2 locID: 102665037367673430 bcsId: 3762} | ret=SUCCESS |  
2019-08-23 07:09:09,341 | INFO  | DNAudit | user=null | ip=null | op=WRITE_CHUNK {blockData=conID: 2 locID: 102665037367673430 bcsId: 3762} | ret=SUCCESS |  
2019-08-23 07:09:09,341 | INFO  | DNAudit | user=null | ip=null | op=PUT_BLOCK {blockData=[blockId=conID: 2 locID: 102665037367673430 bcsId: 0,size=3145728]} | ret=SUCCESS |  
2019-08-23 07:09:09,341 [grpc-default-executor-0] INFO  client.GrpcClientProtocolClient (GrpcClientProtocolClient.java:onNext(255)) - client-D91E5D1E15CE->f2ba01fc-a63e-4348-bd18-030b60a135e7: receive RaftClientReply:client-D91E5D1E15CE->f2ba01fc-a63e-4348-bd18-030b60a135e7@group-C8C62FEF0626, cid=2543, SUCCESS, logIndex=3767, commits[f2ba01fc-a63e-4348-bd18-030b60a135e7:c3768, eab135d4-a257-4705-b491-6c056b8c5df7:c3766, a4f67574-9018-43e7-8a54-351e98dc3d0a:c3766]
2019-08-23 07:09:09,342 [grpc-default-executor-0] INFO  client.GrpcClientProtocolClient (GrpcClientProtocolClient.java:onNext(255)) - client-D91E5D1E15CE->f2ba01fc-a63e-4348-bd18-030b60a135e7: receive RaftClientReply:client-D91E5D1E15CE->f2ba01fc-a63e-4348-bd18-030b60a135e7@group-C8C62FEF0626, cid=2544, SUCCESS, logIndex=3768, commits[f2ba01fc-a63e-4348-bd18-030b60a135e7:c3768, eab135d4-a257-4705-b491-6c056b8c5df7:c3766, a4f67574-9018-43e7-8a54-351e98dc3d0a:c3766]
2019-08-23 07:09:09,347 | INFO  | DNAudit | user=null | ip=null | op=WRITE_CHUNK {blockData=conID: 2 locID: 102665037367673430 bcsId: 3768} | ret=SUCCESS |  
2019-08-23 07:09:09,348 | INFO  | DNAudit | user=null | ip=null | op=WRITE_CHUNK {blockData=conID: 2 locID: 102665037367673430 bcsId: 3768} | ret=SUCCESS |  
2019-08-23 07:09:09,349 | INFO  | DNAudit | user=null | ip=null | op=WRITE_CHUNK {blockData=conID: 2 locID: 102665037367673430 bcsId: 3768} | ret=SUCCESS |  
2019-08-23 07:09:09,352 | INFO  | DNAudit | user=null | ip=null | op=WRITE_CHUNK {blockData=conID: 2 locID: 102665037367673430 bcsId: 3762} | ret=SUCCESS |  
2019-08-23 07:09:09,352 | INFO  | DNAudit | user=null | ip=null | op=WRITE_CHUNK {blockData=conID: 2 locID: 102665037367673430 bcsId: 3762} | ret=SUCCESS |  
2019-08-23 07:09:09,355 | INFO  | DNAudit | user=null | ip=null | op=PUT_BLOCK {blockData=[blockId=conID: 2 locID: 102665037367673430 bcsId: 0,size=3145728]} | ret=SUCCESS |  
2019-08-23 07:09:09,355 | INFO  | DNAudit | user=null | ip=null | op=PUT_BLOCK {blockData=[blockId=conID: 2 locID: 102665037367673430 bcsId: 0,size=3145728]} | ret=SUCCESS |  
2019-08-23 07:09:09,356 | INFO  | DNAudit | user=null | ip=null | op=WRITE_CHUNK {blockData=conID: 2 locID: 102665037367673430 bcsId: 3768} | ret=SUCCESS |  
2019-08-23 07:09:09,356 | INFO  | DNAudit | user=null | ip=null | op=PUT_BLOCK {blockData=[blockId=conID: 2 locID: 102665037367673430 bcsId: 0,size=4194304]} | ret=SUCCESS |  
2019-08-23 07:09:09,356 [grpc-default-executor-4] INFO  client.GrpcClientProtocolClient (GrpcClientProtocolClient.java:onNext(255)) - client-D91E5D1E15CE->f2ba01fc-a63e-4348-bd18-030b60a135e7: receive RaftClientReply:client-D91E5D1E15CE->f2ba01fc-a63e-4348-bd18-030b60a135e7@group-C8C62FEF0626, cid=2545, SUCCESS, logIndex=3771, commits[f2ba01fc-a63e-4348-bd18-030b60a135e7:c3772, eab135d4-a257-4705-b491-6c056b8c5df7:c3768, a4f67574-9018-43e7-8a54-351e98dc3d0a:c3768]
2019-08-23 07:09:09,357 [grpc-default-executor-4] INFO  client.GrpcClientProtocolClient (GrpcClientProtocolClient.java:onNext(255)) - client-D91E5D1E15CE->f2ba01fc-a63e-4348-bd18-030b60a135e7: receive RaftClientReply:client-D91E5D1E15CE->f2ba01fc-a63e-4348-bd18-030b60a135e7@group-C8C62FEF0626, cid=2546, SUCCESS, logIndex=3772, commits[f2ba01fc-a63e-4348-bd18-030b60a135e7:c3772, eab135d4-a257-4705-b491-6c056b8c5df7:c3768, a4f67574-9018-43e7-8a54-351e98dc3d0a:c3768]
2019-08-23 07:09:09,367 | INFO  | DNAudit | user=null | ip=null | op=WRITE_CHUNK {blockData=conID: 2 locID: 102665037367673430 bcsId: 3768} | ret=SUCCESS |  
2019-08-23 07:09:09,367 | INFO  | DNAudit | user=null | ip=null | op=WRITE_CHUNK {blockData=conID: 2 locID: 102665037367673430 bcsId: 3768} | ret=SUCCESS |  
2019-08-23 07:09:09,368 | INFO  | DNAudit | user=null | ip=null | op=PUT_BLOCK {blockData=[blockId=conID: 2 locID: 102665037367673430 bcsId: 0,size=4194304]} | ret=SUCCESS |  
2019-08-23 07:09:09,368 | INFO  | DNAudit | user=null | ip=null | op=PUT_BLOCK {blockData=[blockId=conID: 2 locID: 102665037367673430 bcsId: 0,size=4194304]} | ret=SUCCESS |  
2019-08-23 07:09:09,368 [grpc-default-executor-4] INFO  client.GrpcClientProtocolClient (GrpcClientProtocolClient.java:onNext(255)) - client-D91E5D1E15CE->f2ba01fc-a63e-4348-bd18-030b60a135e7: receive RaftClientReply:client-D91E5D1E15CE->f2ba01fc-a63e-4348-bd18-030b60a135e7@group-C8C62FEF0626, cid=2547, SUCCESS, logIndex=0, commits[f2ba01fc-a63e-4348-bd18-030b60a135e7:c3773, eab135d4-a257-4705-b491-6c056b8c5df7:c3772, a4f67574-9018-43e7-8a54-351e98dc3d0a:c3772]
2019-08-23 07:09:09,373 | INFO  | SCMAudit | user=jenkins1000 | ip=192.168.5.178 | op=ALLOCATE_BLOCK {owner=aaf04d22-10dd-4717-8862-c651bdde72cf, size=4194304, type=RATIS, factor=THREE} | ret=SUCCESS |  
2019-08-23 07:09:09,377 | INFO  | OMAudit | user=jenkins1000 | ip=127.0.0.1 | op=ALLOCATE_BLOCK {volume=vol-0-67663, bucket=bucket-0-68950, key=key-0-26970, dataSize=0, replicationType=null, replicationFactor=null, keyLocationInfo=null, clientID=102665036030476690} | ret=SUCCESS |  
2019-08-23 07:09:09,382 | INFO  | DNAudit | user=null | ip=null | op=WRITE_CHUNK {blockData=conID: 3 locID: 102665037373309527 bcsId: 0} | ret=SUCCESS |  
2019-08-23 07:09:09,383 | INFO  | DNAudit | user=null | ip=null | op=WRITE_CHUNK {blockData=conID: 3 locID: 102665037373309527 bcsId: 0} | ret=SUCCESS |  
2019-08-23 07:09:09,384 | INFO  | DNAudit | user=null | ip=null | op=WRITE_CHUNK {blockData=conID: 3 locID: 102665037373309527 bcsId: 0} | ret=SUCCESS |  
2019-08-23 07:09:09,385 | INFO  | DNAudit | user=null | ip=null | op=WRITE_CHUNK {blockData=conID: 3 locID: 102665037373309527 bcsId: 0} | ret=SUCCESS |  
2019-08-23 07:09:09,386 | INFO  | DNAudit | user=null | ip=null | op=WRITE_CHUNK {blockData=conID: 3 locID: 102665037373309527 bcsId: 0} | ret=SUCCESS |  
2019-08-23 07:09:09,386 | INFO  | DNAudit | user=null | ip=null | op=WRITE_CHUNK {blockData=conID: 3 locID: 102665037373309527 bcsId: 0} | ret=SUCCESS |  
2019-08-23 07:09:09,396 | INFO  | DNAudit | user=null | ip=null | op=WRITE_CHUNK {blockData=conID: 3 locID: 102665037373309527 bcsId: 0} | ret=SUCCESS |  
2019-08-23 07:09:09,396 | INFO  | DNAudit | user=null | ip=null | op=PUT_BLOCK {blockData=[blockId=conID: 3 locID: 102665037373309527 bcsId: 0,size=1048576]} | ret=SUCCESS |  
2019-08-23 07:09:09,396 [grpc-default-executor-4] INFO  client.GrpcClientProtocolClient (GrpcClientProtocolClient.java:onNext(255)) - client-D91E5D1E15CE->f2ba01fc-a63e-4348-bd18-030b60a135e7: receive RaftClientReply:client-D91E5D1E15CE->f2ba01fc-a63e-4348-bd18-030b60a135e7@group-C8C62FEF0626, cid=2548, SUCCESS, logIndex=3775, commits[f2ba01fc-a63e-4348-bd18-030b60a135e7:c3778, eab135d4-a257-4705-b491-6c056b8c5df7:c3774, a4f67574-9018-43e7-8a54-351e98dc3d0a:c3774]
2019-08-23 07:09:09,396 | INFO  | DNAudit | user=null | ip=null | op=WRITE_CHUNK {blockData=conID: 3 locID: 102665037373309527 bcsId: 0} | ret=SUCCESS |  
2019-08-23 07:09:09,397 | INFO  | DNAudit | user=null | ip=null | op=PUT_BLOCK {blockData=[blockId=conID: 3 locID: 102665037373309527 bcsId: 0,size=2097152]} | ret=SUCCESS |  
2019-08-23 07:09:09,397 [grpc-default-executor-4] INFO  client.GrpcClientProtocolClient (GrpcClientProtocolClient.java:onNext(255)) - client-D91E5D1E15CE->f2ba01fc-a63e-4348-bd18-030b60a135e7: receive RaftClientReply:client-D91E5D1E15CE->f2ba01fc-a63e-4348-bd18-030b60a135e7@group-C8C62FEF0626, cid=2549, SUCCESS, logIndex=3776, commits[f2ba01fc-a63e-4348-bd18-030b60a135e7:c3778, eab135d4-a257-4705-b491-6c056b8c5df7:c3774, a4f67574-9018-43e7-8a54-351e98dc3d0a:c3774]
2019-08-23 07:09:09,397 [grpc-default-executor-4] INFO  client.GrpcClientProtocolClient (GrpcClientProtocolClient.java:onNext(255)) - client-D91E5D1E15CE->f2ba01fc-a63e-4348-bd18-030b60a135e7: receive RaftClientReply:client-D91E5D1E15CE->f2ba01fc-a63e-4348-bd18-030b60a135e7@group-C8C62FEF0626, cid=2550, SUCCESS, logIndex=3777, commits[f2ba01fc-a63e-4348-bd18-030b60a135e7:c3778, eab135d4-a257-4705-b491-6c056b8c5df7:c3774, a4f67574-9018-43e7-8a54-351e98dc3d0a:c3774]
2019-08-23 07:09:09,397 [grpc-default-executor-4] INFO  client.GrpcClientProtocolClient (GrpcClientProtocolClient.java:onNext(255)) - client-D91E5D1E15CE->f2ba01fc-a63e-4348-bd18-030b60a135e7: receive RaftClientReply:client-D91E5D1E15CE->f2ba01fc-a63e-4348-bd18-030b60a135e7@group-C8C62FEF0626, cid=2551, SUCCESS, logIndex=3778, commits[f2ba01fc-a63e-4348-bd18-030b60a135e7:c3778, eab135d4-a257-4705-b491-6c056b8c5df7:c3774, a4f67574-9018-43e7-8a54-351e98dc3d0a:c3774]
2019-08-23 07:09:09,398 | INFO  | DNAudit | user=null | ip=null | op=WRITE_CHUNK {blockData=conID: 3 locID: 102665037373309527 bcsId: 0} | ret=SUCCESS |  
2019-08-23 07:09:09,398 | INFO  | DNAudit | user=null | ip=null | op=WRITE_CHUNK {blockData=conID: 3 locID: 102665037373309527 bcsId: 0} | ret=SUCCESS |  
2019-08-23 07:09:09,398 | INFO  | DNAudit | user=null | ip=null | op=PUT_BLOCK {blockData=[blockId=conID: 3 locID: 102665037373309527 bcsId: 0,size=1048576]} | ret=SUCCESS |  
2019-08-23 07:09:09,398 | INFO  | DNAudit | user=null | ip=null | op=PUT_BLOCK {blockData=[blockId=conID: 3 locID: 102665037373309527 bcsId: 0,size=1048576]} | ret=SUCCESS |  
2019-08-23 07:09:09,398 [grpc-default-executor-0] INFO  client.GrpcClientProtocolClient (GrpcClientProtocolClient.java:onNext(255)) - client-D91E5D1E15CE->f2ba01fc-a63e-4348-bd18-030b60a135e7: receive RaftClientReply:client-D91E5D1E15CE->f2ba01fc-a63e-4348-bd18-030b60a135e7@group-C8C62FEF0626, cid=2552, SUCCESS, logIndex=0, commits[f2ba01fc-a63e-4348-bd18-030b60a135e7:c3779, eab135d4-a257-4705-b491-6c056b8c5df7:c3776, a4f67574-9018-43e7-8a54-351e98dc3d0a:c3776]
2019-08-23 07:09:09,400 | INFO  | DNAudit | user=null | ip=null | op=WRITE_CHUNK {blockData=conID: 3 locID: 102665037373309527 bcsId: 0} | ret=SUCCESS |  
2019-08-23 07:09:09,400 | INFO  | DNAudit | user=null | ip=null | op=WRITE_CHUNK {blockData=conID: 3 locID: 102665037373309527 bcsId: 0} | ret=SUCCESS |  
2019-08-23 07:09:09,401 | INFO  | DNAudit | user=null | ip=null | op=PUT_BLOCK {blockData=[blockId=conID: 3 locID: 102665037373309527 bcsId: 0,size=2097152]} | ret=SUCCESS |  
2019-08-23 07:09:09,401 | INFO  | DNAudit | user=null | ip=null | op=PUT_BLOCK {blockData=[blockId=conID: 3 locID: 102665037373309527 bcsId: 0,size=2097152]} | ret=SUCCESS |  
2019-08-23 07:09:09,405 | INFO  | DNAudit | user=null | ip=null | op=WRITE_CHUNK {blockData=conID: 3 locID: 102665037373309527 bcsId: 3778} | ret=SUCCESS |  
2019-08-23 07:09:09,407 | INFO  | DNAudit | user=null | ip=null | op=WRITE_CHUNK {blockData=conID: 3 locID: 102665037373309527 bcsId: 3778} | ret=SUCCESS |  
2019-08-23 07:09:09,407 | INFO  | DNAudit | user=null | ip=null | op=WRITE_CHUNK {blockData=conID: 3 locID: 102665037373309527 bcsId: 3778} | ret=SUCCESS |  
2019-08-23 07:09:09,410 | INFO  | DNAudit | user=null | ip=null | op=WRITE_CHUNK {blockData=conID: 3 locID: 102665037373309527 bcsId: 3778} | ret=SUCCESS |  
2019-08-23 07:09:09,410 | INFO  | DNAudit | user=null | ip=null | op=PUT_BLOCK {blockData=[blockId=conID: 3 locID: 102665037373309527 bcsId: 0,size=3145728]} | ret=SUCCESS |  
2019-08-23 07:09:09,410 [grpc-default-executor-4] INFO  client.GrpcClientProtocolClient (GrpcClientProtocolClient.java:onNext(255)) - client-D91E5D1E15CE->f2ba01fc-a63e-4348-bd18-030b60a135e7: receive RaftClientReply:client-D91E5D1E15CE->f2ba01fc-a63e-4348-bd18-030b60a135e7@group-C8C62FEF0626, cid=2553, SUCCESS, logIndex=3783, commits[f2ba01fc-a63e-4348-bd18-030b60a135e7:c3784, eab135d4-a257-4705-b491-6c056b8c5df7:c3782, a4f67574-9018-43e7-8a54-351e98dc3d0a:c3782]
2019-08-23 07:09:09,411 [grpc-default-executor-4] INFO  client.GrpcClientProtocolClient (GrpcClientProtocolClient.java:onNext(255)) - client-D91E5D1E15CE->f2ba01fc-a63e-4348-bd18-030b60a135e7: receive RaftClientReply:client-D91E5D1E15CE->f2ba01fc-a63e-4348-bd18-030b60a135e7@group-C8C62FEF0626, cid=2554, SUCCESS, logIndex=3784, commits[f2ba01fc-a63e-4348-bd18-030b60a135e7:c3784, eab135d4-a257-4705-b491-6c056b8c5df7:c3782, a4f67574-9018-43e7-8a54-351e98dc3d0a:c3782]
2019-08-23 07:09:09,411 | INFO  | DNAudit | user=null | ip=null | op=WRITE_CHUNK {blockData=conID: 3 locID: 102665037373309527 bcsId: 3778} | ret=SUCCESS |  
2019-08-23 07:09:09,412 | INFO  | DNAudit | user=null | ip=null | op=PUT_BLOCK {blockData=[blockId=conID: 3 locID: 102665037373309527 bcsId: 0,size=3145728]} | ret=SUCCESS |  
2019-08-23 07:09:09,413 | INFO  | DNAudit | user=null | ip=null | op=WRITE_CHUNK {blockData=conID: 3 locID: 102665037373309527 bcsId: 3778} | ret=SUCCESS |  
2019-08-23 07:09:09,413 | INFO  | DNAudit | user=null | ip=null | op=PUT_BLOCK {blockData=[blockId=conID: 3 locID: 102665037373309527 bcsId: 0,size=3145728]} | ret=SUCCESS |  
2019-08-23 07:09:09,416 | INFO  | DNAudit | user=null | ip=null | op=WRITE_CHUNK {blockData=conID: 3 locID: 102665037373309527 bcsId: 3784} | ret=SUCCESS |  
2019-08-23 07:09:09,419 | INFO  | DNAudit | user=null | ip=null | op=WRITE_CHUNK {blockData=conID: 3 locID: 102665037373309527 bcsId: 3784} | ret=SUCCESS |  
2019-08-23 07:09:09,419 | INFO  | DNAudit | user=null | ip=null | op=WRITE_CHUNK {blockData=conID: 3 locID: 102665037373309527 bcsId: 3784} | ret=SUCCESS |  
2019-08-23 07:09:09,421 | INFO  | DNAudit | user=null | ip=null | op=WRITE_CHUNK {blockData=conID: 3 locID: 102665037373309527 bcsId: 3784} | ret=SUCCESS |  
2019-08-23 07:09:09,421 | INFO  | DNAudit | user=null | ip=null | op=PUT_BLOCK {blockData=[blockId=conID: 3 locID: 102665037373309527 bcsId: 0,size=4194304]} | ret=SUCCESS |  
2019-08-23 07:09:09,421 [grpc-default-executor-6] INFO  client.GrpcClientProtocolClient (GrpcClientProtocolClient.java:onNext(255)) - client-D91E5D1E15CE->f2ba01fc-a63e-4348-bd18-030b60a135e7: receive RaftClientReply:client-D91E5D1E15CE->f2ba01fc-a63e-4348-bd18-030b60a135e7@group-C8C62FEF0626, cid=2555, SUCCESS, logIndex=3787, commits[f2ba01fc-a63e-4348-bd18-030b60a135e7:c3788, eab135d4-a257-4705-b491-6c056b8c5df7:c3786, a4f67574-9018-43e7-8a54-351e98dc3d0a:c3784]
2019-08-23 07:09:09,421 [grpc-default-executor-6] INFO  client.GrpcClientProtocolClient (GrpcClientProtocolClient.java:onNext(255)) - client-D91E5D1E15CE->f2ba01fc-a63e-4348-bd18-030b60a135e7: receive RaftClientReply:client-D91E5D1E15CE->f2ba01fc-a63e-4348-bd18-030b60a135e7@group-C8C62FEF0626, cid=2556, SUCCESS, logIndex=3788, commits[f2ba01fc-a63e-4348-bd18-030b60a135e7:c3788, eab135d4-a257-4705-b491-6c056b8c5df7:c3786, a4f67574-9018-43e7-8a54-351e98dc3d0a:c3786]
2019-08-23 07:09:09,423 | INFO  | DNAudit | user=null | ip=null | op=WRITE_CHUNK {blockData=conID: 3 locID: 102665037373309527 bcsId: 3784} | ret=SUCCESS |  
2019-08-23 07:09:09,423 | INFO  | DNAudit | user=null | ip=null | op=WRITE_CHUNK {blockData=conID: 3 locID: 102665037373309527 bcsId: 3784} | ret=SUCCESS |  
2019-08-23 07:09:09,423 | INFO  | DNAudit | user=null | ip=null | op=PUT_BLOCK {blockData=[blockId=conID: 3 locID: 102665037373309527 bcsId: 0,size=4194304]} | ret=SUCCESS |  
2019-08-23 07:09:09,423 | INFO  | DNAudit | user=null | ip=null | op=PUT_BLOCK {blockData=[blockId=conID: 3 locID: 102665037373309527 bcsId: 0,size=4194304]} | ret=SUCCESS |  
2019-08-23 07:09:09,423 [grpc-default-executor-6] INFO  client.GrpcClientProtocolClient (GrpcClientProtocolClient.java:onNext(255)) - client-D91E5D1E15CE->f2ba01fc-a63e-4348-bd18-030b60a135e7: receive RaftClientReply:client-D91E5D1E15CE->f2ba01fc-a63e-4348-bd18-030b60a135e7@group-C8C62FEF0626, cid=2557, SUCCESS, logIndex=0, commits[f2ba01fc-a63e-4348-bd18-030b60a135e7:c3789, eab135d4-a257-4705-b491-6c056b8c5df7:c3788, a4f67574-9018-43e7-8a54-351e98dc3d0a:c3788]
2019-08-23 07:09:09,428 | INFO  | SCMAudit | user=jenkins1000 | ip=192.168.5.178 | op=ALLOCATE_BLOCK {owner=aaf04d22-10dd-4717-8862-c651bdde72cf, size=4194304, type=RATIS, factor=THREE} | ret=SUCCESS |  
2019-08-23 07:09:09,431 | INFO  | OMAudit | user=jenkins1000 | ip=127.0.0.1 | op=ALLOCATE_BLOCK {volume=vol-0-67663, bucket=bucket-0-68950, key=key-0-26970, dataSize=0, replicationType=null, replicationFactor=null, keyLocationInfo=null, clientID=102665036030476690} | ret=SUCCESS |  
2019-08-23 07:09:09,436 | INFO  | DNAudit | user=null | ip=null | op=WRITE_CHUNK {blockData=conID: 1 locID: 102665037376914008 bcsId: 0} | ret=SUCCESS |  
2019-08-23 07:09:09,439 | INFO  | DNAudit | user=null | ip=null | op=WRITE_CHUNK {blockData=conID: 1 locID: 102665037376914008 bcsId: 0} | ret=SUCCESS |  
2019-08-23 07:09:09,439 | INFO  | DNAudit | user=null | ip=null | op=WRITE_CHUNK {blockData=conID: 1 locID: 102665037376914008 bcsId: 0} | ret=SUCCESS |  
2019-08-23 07:09:09,439 | INFO  | DNAudit | user=null | ip=null | op=WRITE_CHUNK {blockData=conID: 1 locID: 102665037376914008 bcsId: 0} | ret=SUCCESS |  
2019-08-23 07:09:09,440 | INFO  | DNAudit | user=null | ip=null | op=WRITE_CHUNK {blockData=conID: 1 locID: 102665037376914008 bcsId: 0} | ret=SUCCESS |  
2019-08-23 07:09:09,442 | INFO  | DNAudit | user=null | ip=null | op=WRITE_CHUNK {blockData=conID: 1 locID: 102665037376914008 bcsId: 0} | ret=SUCCESS |  
2019-08-23 07:09:09,447 | INFO  | DNAudit | user=null | ip=null | op=WRITE_CHUNK {blockData=conID: 1 locID: 102665037376914008 bcsId: 0} | ret=SUCCESS |  
2019-08-23 07:09:09,448 | INFO  | DNAudit | user=null | ip=null | op=PUT_BLOCK {blockData=[blockId=conID: 1 locID: 102665037376914008 bcsId: 0,size=1048576]} | ret=SUCCESS |  
2019-08-23 07:09:09,448 [grpc-default-executor-0] INFO  client.GrpcClientProtocolClient (GrpcClientProtocolClient.java:onNext(255)) - client-D91E5D1E15CE->f2ba01fc-a63e-4348-bd18-030b60a135e7: receive RaftClientReply:client-D91E5D1E15CE->f2ba01fc-a63e-4348-bd18-030b60a135e7@group-C8C62FEF0626, cid=2558, SUCCESS, logIndex=3790, commits[f2ba01fc-a63e-4348-bd18-030b60a135e7:c3793, eab135d4-a257-4705-b491-6c056b8c5df7:c3789, a4f67574-9018-43e7-8a54-351e98dc3d0a:c3788]
2019-08-23 07:09:09,448 | INFO  | DNAudit | user=null | ip=null | op=WRITE_CHUNK {blockData=conID: 1 locID: 102665037376914008 bcsId: 0} | ret=SUCCESS |  
2019-08-23 07:09:09,448 [grpc-default-executor-0] INFO  client.GrpcClientProtocolClient (GrpcClientProtocolClient.java:onNext(255)) - client-D91E5D1E15CE->f2ba01fc-a63e-4348-bd18-030b60a135e7: receive RaftClientReply:client-D91E5D1E15CE->f2ba01fc-a63e-4348-bd18-030b60a135e7@group-C8C62FEF0626, cid=2559, SUCCESS, logIndex=3791, commits[f2ba01fc-a63e-4348-bd18-030b60a135e7:c3793, eab135d4-a257-4705-b491-6c056b8c5df7:c3789, a4f67574-9018-43e7-8a54-351e98dc3d0a:c3788]
2019-08-23 07:09:09,449 | INFO  | DNAudit | user=null | ip=null | op=PUT_BLOCK {blockData=[blockId=conID: 1 locID: 102665037376914008 bcsId: 0,size=2097152]} | ret=SUCCESS |  
2019-08-23 07:09:09,449 [grpc-default-executor-0] INFO  client.GrpcClientProtocolClient (GrpcClientProtocolClient.java:onNext(255)) - client-D91E5D1E15CE->f2ba01fc-a63e-4348-bd18-030b60a135e7: receive RaftClientReply:client-D91E5D1E15CE->f2ba01fc-a63e-4348-bd18-030b60a135e7@group-C8C62FEF0626, cid=2560, SUCCESS, logIndex=3792, commits[f2ba01fc-a63e-4348-bd18-030b60a135e7:c3793, eab135d4-a257-4705-b491-6c056b8c5df7:c3789, a4f67574-9018-43e7-8a54-351e98dc3d0a:c3788]
2019-08-23 07:09:09,449 | INFO  | DNAudit | user=null | ip=null | op=WRITE_CHUNK {blockData=conID: 1 locID: 102665037376914008 bcsId: 0} | ret=SUCCESS |  
2019-08-23 07:09:09,449 | INFO  | DNAudit | user=null | ip=null | op=PUT_BLOCK {blockData=[blockId=conID: 1 locID: 102665037376914008 bcsId: 0,size=1048576]} | ret=SUCCESS |  
2019-08-23 07:09:09,449 [grpc-default-executor-0] INFO  client.GrpcClientProtocolClient (GrpcClientProtocolClient.java:onNext(255)) - client-D91E5D1E15CE->f2ba01fc-a63e-4348-bd18-030b60a135e7: receive RaftClientReply:client-D91E5D1E15CE->f2ba01fc-a63e-4348-bd18-030b60a135e7@group-C8C62FEF0626, cid=2561, SUCCESS, logIndex=3793, commits[f2ba01fc-a63e-4348-bd18-030b60a135e7:c3793, eab135d4-a257-4705-b491-6c056b8c5df7:c3789, a4f67574-9018-43e7-8a54-351e98dc3d0a:c3788]
2019-08-23 07:09:09,450 | INFO  | DNAudit | user=null | ip=null | op=WRITE_CHUNK {blockData=conID: 1 locID: 102665037376914008 bcsId: 0} | ret=SUCCESS |  
2019-08-23 07:09:09,450 | INFO  | DNAudit | user=null | ip=null | op=PUT_BLOCK {blockData=[blockId=conID: 1 locID: 102665037376914008 bcsId: 0,size=2097152]} | ret=SUCCESS |  
2019-08-23 07:09:09,451 | INFO  | DNAudit | user=null | ip=null | op=WRITE_CHUNK {blockData=conID: 1 locID: 102665037376914008 bcsId: 0} | ret=SUCCESS |  
2019-08-23 07:09:09,451 | INFO  | DNAudit | user=null | ip=null | op=PUT_BLOCK {blockData=[blockId=conID: 1 locID: 102665037376914008 bcsId: 0,size=1048576]} | ret=SUCCESS |  
2019-08-23 07:09:09,451 | INFO  | DNAudit | user=null | ip=null | op=WRITE_CHUNK {blockData=conID: 1 locID: 102665037376914008 bcsId: 0} | ret=SUCCESS |  
2019-08-23 07:09:09,451 | INFO  | DNAudit | user=null | ip=null | op=PUT_BLOCK {blockData=[blockId=conID: 1 locID: 102665037376914008 bcsId: 0,size=2097152]} | ret=SUCCESS |  
2019-08-23 07:09:09,452 [grpc-default-executor-0] INFO  client.GrpcClientProtocolClient (GrpcClientProtocolClient.java:onNext(255)) - client-D91E5D1E15CE->f2ba01fc-a63e-4348-bd18-030b60a135e7: receive RaftClientReply:client-D91E5D1E15CE->f2ba01fc-a63e-4348-bd18-030b60a135e7@group-C8C62FEF0626, cid=2562, SUCCESS, logIndex=0, commits[f2ba01fc-a63e-4348-bd18-030b60a135e7:c3797, eab135d4-a257-4705-b491-6c056b8c5df7:c3793, a4f67574-9018-43e7-8a54-351e98dc3d0a:c3791]
2019-08-23 07:09:09,457 | INFO  | DNAudit | user=null | ip=null | op=WRITE_CHUNK {blockData=conID: 1 locID: 102665037376914008 bcsId: 3793} | ret=SUCCESS |  
2019-08-23 07:09:09,459 | INFO  | DNAudit | user=null | ip=null | op=WRITE_CHUNK {blockData=conID: 1 locID: 102665037376914008 bcsId: 3793} | ret=SUCCESS |  
2019-08-23 07:09:09,460 | INFO  | DNAudit | user=null | ip=null | op=WRITE_CHUNK {blockData=conID: 1 locID: 102665037376914008 bcsId: 3793} | ret=SUCCESS |  
2019-08-23 07:09:09,476 | INFO  | DNAudit | user=null | ip=null | op=WRITE_CHUNK {blockData=conID: 1 locID: 102665037376914008 bcsId: 3793} | ret=SUCCESS |  
2019-08-23 07:09:09,477 | INFO  | DNAudit | user=null | ip=null | op=PUT_BLOCK {blockData=[blockId=conID: 1 locID: 102665037376914008 bcsId: 0,size=3145728]} | ret=SUCCESS |  
2019-08-23 07:09:09,477 [grpc-default-executor-6] INFO  client.GrpcClientProtocolClient (GrpcClientProtocolClient.java:onNext(255)) - client-D91E5D1E15CE->f2ba01fc-a63e-4348-bd18-030b60a135e7: receive RaftClientReply:client-D91E5D1E15CE->f2ba01fc-a63e-4348-bd18-030b60a135e7@group-C8C62FEF0626, cid=2563, SUCCESS, logIndex=3798, commits[f2ba01fc-a63e-4348-bd18-030b60a135e7:c3799, eab135d4-a257-4705-b491-6c056b8c5df7:c3797, a4f67574-9018-43e7-8a54-351e98dc3d0a:c3797]
2019-08-23 07:09:09,477 [grpc-default-executor-6] INFO  client.GrpcClientProtocolClient (GrpcClientProtocolClient.java:onNext(255)) - client-D91E5D1E15CE->f2ba01fc-a63e-4348-bd18-030b60a135e7: receive RaftClientReply:client-D91E5D1E15CE->f2ba01fc-a63e-4348-bd18-030b60a135e7@group-C8C62FEF0626, cid=2564, SUCCESS, logIndex=3799, commits[f2ba01fc-a63e-4348-bd18-030b60a135e7:c3799, eab135d4-a257-4705-b491-6c056b8c5df7:c3797, a4f67574-9018-43e7-8a54-351e98dc3d0a:c3797]
2019-08-23 07:09:09,478 | INFO  | DNAudit | user=null | ip=null | op=WRITE_CHUNK {blockData=conID: 1 locID: 102665037376914008 bcsId: 3793} | ret=SUCCESS |  
2019-08-23 07:09:09,478 | INFO  | DNAudit | user=null | ip=null | op=PUT_BLOCK {blockData=[blockId=conID: 1 locID: 102665037376914008 bcsId: 0,size=3145728]} | ret=SUCCESS |  
2019-08-23 07:09:09,478 | INFO  | DNAudit | user=null | ip=null | op=WRITE_CHUNK {blockData=conID: 1 locID: 102665037376914008 bcsId: 3793} | ret=SUCCESS |  
2019-08-23 07:09:09,479 | INFO  | DNAudit | user=null | ip=null | op=PUT_BLOCK {blockData=[blockId=conID: 1 locID: 102665037376914008 bcsId: 0,size=3145728]} | ret=SUCCESS |  
2019-08-23 07:09:09,483 | INFO  | DNAudit | user=null | ip=null | op=WRITE_CHUNK {blockData=conID: 1 locID: 102665037376914008 bcsId: 3799} | ret=SUCCESS |  
2019-08-23 07:09:09,485 | INFO  | DNAudit | user=null | ip=null | op=WRITE_CHUNK {blockData=conID: 1 locID: 102665037376914008 bcsId: 3799} | ret=SUCCESS |  
2019-08-23 07:09:09,485 | INFO  | DNAudit | user=null | ip=null | op=WRITE_CHUNK {blockData=conID: 1 locID: 102665037376914008 bcsId: 3799} | ret=SUCCESS |  
2019-08-23 07:09:09,496 | INFO  | DNAudit | user=null | ip=null | op=WRITE_CHUNK {blockData=conID: 1 locID: 102665037376914008 bcsId: 3799} | ret=SUCCESS |  
2019-08-23 07:09:09,496 | INFO  | DNAudit | user=null | ip=null | op=PUT_BLOCK {blockData=[blockId=conID: 1 locID: 102665037376914008 bcsId: 0,size=4194304]} | ret=SUCCESS |  
2019-08-23 07:09:09,497 [grpc-default-executor-0] INFO  client.GrpcClientProtocolClient (GrpcClientProtocolClient.java:onNext(255)) - client-D91E5D1E15CE->f2ba01fc-a63e-4348-bd18-030b60a135e7: receive RaftClientReply:client-D91E5D1E15CE->f2ba01fc-a63e-4348-bd18-030b60a135e7@group-C8C62FEF0626, cid=2565, SUCCESS, logIndex=3802, commits[f2ba01fc-a63e-4348-bd18-030b60a135e7:c3803, eab135d4-a257-4705-b491-6c056b8c5df7:c3801, a4f67574-9018-43e7-8a54-351e98dc3d0a:c3801]
2019-08-23 07:09:09,497 [grpc-default-executor-0] INFO  client.GrpcClientProtocolClient (GrpcClientProtocolClient.java:onNext(255)) - client-D91E5D1E15CE->f2ba01fc-a63e-4348-bd18-030b60a135e7: receive RaftClientReply:client-D91E5D1E15CE->f2ba01fc-a63e-4348-bd18-030b60a135e7@group-C8C62FEF0626, cid=2566, SUCCESS, logIndex=3803, commits[f2ba01fc-a63e-4348-bd18-030b60a135e7:c3803, eab135d4-a257-4705-b491-6c056b8c5df7:c3801, a4f67574-9018-43e7-8a54-351e98dc3d0a:c3801]
2019-08-23 07:09:09,507 | INFO  | DNAudit | user=null | ip=null | op=WRITE_CHUNK {blockData=conID: 1 locID: 102665037376914008 bcsId: 3799} | ret=SUCCESS |  
2019-08-23 07:09:09,508 | INFO  | DNAudit | user=null | ip=null | op=WRITE_CHUNK {blockData=conID: 1 locID: 102665037376914008 bcsId: 3799} | ret=SUCCESS |  
2019-08-23 07:09:09,509 | INFO  | DNAudit | user=null | ip=null | op=PUT_BLOCK {blockData=[blockId=conID: 1 locID: 102665037376914008 bcsId: 0,size=4194304]} | ret=SUCCESS |  
2019-08-23 07:09:09,509 | INFO  | DNAudit | user=null | ip=null | op=PUT_BLOCK {blockData=[blockId=conID: 1 locID: 102665037376914008 bcsId: 0,size=4194304]} | ret=SUCCESS |  
2019-08-23 07:09:09,509 [grpc-default-executor-0] INFO  client.GrpcClientProtocolClient (GrpcClientProtocolClient.java:onNext(255)) - client-D91E5D1E15CE->f2ba01fc-a63e-4348-bd18-030b60a135e7: receive RaftClientReply:client-D91E5D1E15CE->f2ba01fc-a63e-4348-bd18-030b60a135e7@group-C8C62FEF0626, cid=2567, SUCCESS, logIndex=0, commits[f2ba01fc-a63e-4348-bd18-030b60a135e7:c3805, eab135d4-a257-4705-b491-6c056b8c5df7:c3803, a4f67574-9018-43e7-8a54-351e98dc3d0a:c3803]
2019-08-23 07:09:09,516 | INFO  | SCMAudit | user=jenkins1000 | ip=192.168.5.178 | op=ALLOCATE_BLOCK {owner=aaf04d22-10dd-4717-8862-c651bdde72cf, size=4194304, type=RATIS, factor=THREE} | ret=SUCCESS |  
2019-08-23 07:09:09,520 | INFO  | OMAudit | user=jenkins1000 | ip=127.0.0.1 | op=ALLOCATE_BLOCK {volume=vol-0-67663, bucket=bucket-0-68950, key=key-0-26970, dataSize=0, replicationType=null, replicationFactor=null, keyLocationInfo=null, clientID=102665036030476690} | ret=SUCCESS |  
2019-08-23 07:09:09,525 | INFO  | DNAudit | user=null | ip=null | op=WRITE_CHUNK {blockData=conID: 2 locID: 102665037382681177 bcsId: 0} | ret=SUCCESS |  
2019-08-23 07:09:09,528 | INFO  | DNAudit | user=null | ip=null | op=WRITE_CHUNK {blockData=conID: 2 locID: 102665037382681177 bcsId: 0} | ret=SUCCESS |  
2019-08-23 07:09:09,529 | INFO  | DNAudit | user=null | ip=null | op=WRITE_CHUNK {blockData=conID: 2 locID: 102665037382681177 bcsId: 0} | ret=SUCCESS |  
2019-08-23 07:09:09,529 | INFO  | DNAudit | user=null | ip=null | op=WRITE_CHUNK {blockData=conID: 2 locID: 102665037382681177 bcsId: 0} | ret=SUCCESS |  
2019-08-23 07:09:09,530 | INFO  | DNAudit | user=null | ip=null | op=WRITE_CHUNK {blockData=conID: 2 locID: 102665037382681177 bcsId: 0} | ret=SUCCESS |  
2019-08-23 07:09:09,531 | INFO  | DNAudit | user=null | ip=null | op=WRITE_CHUNK {blockData=conID: 2 locID: 102665037382681177 bcsId: 0} | ret=SUCCESS |  
2019-08-23 07:09:09,538 | INFO  | DNAudit | user=null | ip=null | op=WRITE_CHUNK {blockData=conID: 2 locID: 102665037382681177 bcsId: 0} | ret=SUCCESS |  
2019-08-23 07:09:09,538 | INFO  | DNAudit | user=null | ip=null | op=PUT_BLOCK {blockData=[blockId=conID: 2 locID: 102665037382681177 bcsId: 0,size=1048576]} | ret=SUCCESS |  
2019-08-23 07:09:09,539 | INFO  | DNAudit | user=null | ip=null | op=WRITE_CHUNK {blockData=conID: 2 locID: 102665037382681177 bcsId: 0} | ret=SUCCESS |  
2019-08-23 07:09:09,538 [grpc-default-executor-3] INFO  client.GrpcClientProtocolClient (GrpcClientProtocolClient.java:onNext(255)) - client-D91E5D1E15CE->f2ba01fc-a63e-4348-bd18-030b60a135e7: receive RaftClientReply:client-D91E5D1E15CE->f2ba01fc-a63e-4348-bd18-030b60a135e7@group-C8C62FEF0626, cid=2568, SUCCESS, logIndex=3806, commits[f2ba01fc-a63e-4348-bd18-030b60a135e7:c3808, eab135d4-a257-4705-b491-6c056b8c5df7:c3805, a4f67574-9018-43e7-8a54-351e98dc3d0a:c3805]
2019-08-23 07:09:09,539 | INFO  | DNAudit | user=null | ip=null | op=PUT_BLOCK {blockData=[blockId=conID: 2 locID: 102665037382681177 bcsId: 0,size=2097152]} | ret=SUCCESS |  
2019-08-23 07:09:09,539 | INFO  | DNAudit | user=null | ip=null | op=WRITE_CHUNK {blockData=conID: 2 locID: 102665037382681177 bcsId: 0} | ret=SUCCESS |  
2019-08-23 07:09:09,539 | INFO  | DNAudit | user=null | ip=null | op=WRITE_CHUNK {blockData=conID: 2 locID: 102665037382681177 bcsId: 0} | ret=SUCCESS |  
2019-08-23 07:09:09,539 [grpc-default-executor-3] INFO  client.GrpcClientProtocolClient (GrpcClientProtocolClient.java:onNext(255)) - client-D91E5D1E15CE->f2ba01fc-a63e-4348-bd18-030b60a135e7: receive RaftClientReply:client-D91E5D1E15CE->f2ba01fc-a63e-4348-bd18-030b60a135e7@group-C8C62FEF0626, cid=2569, SUCCESS, logIndex=3807, commits[f2ba01fc-a63e-4348-bd18-030b60a135e7:c3809, eab135d4-a257-4705-b491-6c056b8c5df7:c3805, a4f67574-9018-43e7-8a54-351e98dc3d0a:c3805]
2019-08-23 07:09:09,540 | INFO  | DNAudit | user=null | ip=null | op=PUT_BLOCK {blockData=[blockId=conID: 2 locID: 102665037382681177 bcsId: 0,size=1048576]} | ret=SUCCESS |  
2019-08-23 07:09:09,540 [grpc-default-executor-3] INFO  client.GrpcClientProtocolClient (GrpcClientProtocolClient.java:onNext(255)) - client-D91E5D1E15CE->f2ba01fc-a63e-4348-bd18-030b60a135e7: receive RaftClientReply:client-D91E5D1E15CE->f2ba01fc-a63e-4348-bd18-030b60a135e7@group-C8C62FEF0626, cid=2570, SUCCESS, logIndex=3808, commits[f2ba01fc-a63e-4348-bd18-030b60a135e7:c3809, eab135d4-a257-4705-b491-6c056b8c5df7:c3805, a4f67574-9018-43e7-8a54-351e98dc3d0a:c3805]
2019-08-23 07:09:09,540 [grpc-default-executor-3] INFO  client.GrpcClientProtocolClient (GrpcClientProtocolClient.java:onNext(255)) - client-D91E5D1E15CE->f2ba01fc-a63e-4348-bd18-030b60a135e7: receive RaftClientReply:client-D91E5D1E15CE->f2ba01fc-a63e-4348-bd18-030b60a135e7@group-C8C62FEF0626, cid=2571, SUCCESS, logIndex=3809, commits[f2ba01fc-a63e-4348-bd18-030b60a135e7:c3809, eab135d4-a257-4705-b491-6c056b8c5df7:c3805, a4f67574-9018-43e7-8a54-351e98dc3d0a:c3805]
2019-08-23 07:09:09,541 | INFO  | DNAudit | user=null | ip=null | op=PUT_BLOCK {blockData=[blockId=conID: 2 locID: 102665037382681177 bcsId: 0,size=1048576]} | ret=SUCCESS |  
2019-08-23 07:09:09,541 | INFO  | DNAudit | user=null | ip=null | op=WRITE_CHUNK {blockData=conID: 2 locID: 102665037382681177 bcsId: 0} | ret=SUCCESS |  
2019-08-23 07:09:09,541 [grpc-default-executor-3] INFO  client.GrpcClientProtocolClient (GrpcClientProtocolClient.java:onNext(255)) - client-D91E5D1E15CE->f2ba01fc-a63e-4348-bd18-030b60a135e7: receive RaftClientReply:client-D91E5D1E15CE->f2ba01fc-a63e-4348-bd18-030b60a135e7@group-C8C62FEF0626, cid=2572, SUCCESS, logIndex=0, commits[f2ba01fc-a63e-4348-bd18-030b60a135e7:c3811, eab135d4-a257-4705-b491-6c056b8c5df7:c3807, a4f67574-9018-43e7-8a54-351e98dc3d0a:c3807]
2019-08-23 07:09:09,541 | INFO  | DNAudit | user=null | ip=null | op=WRITE_CHUNK {blockData=conID: 2 locID: 102665037382681177 bcsId: 0} | ret=SUCCESS |  
2019-08-23 07:09:09,541 | INFO  | DNAudit | user=null | ip=null | op=PUT_BLOCK {blockData=[blockId=conID: 2 locID: 102665037382681177 bcsId: 0,size=2097152]} | ret=SUCCESS |  
2019-08-23 07:09:09,542 | INFO  | DNAudit | user=null | ip=null | op=PUT_BLOCK {blockData=[blockId=conID: 2 locID: 102665037382681177 bcsId: 0,size=2097152]} | ret=SUCCESS |  
2019-08-23 07:09:09,547 | INFO  | DNAudit | user=null | ip=null | op=WRITE_CHUNK {blockData=conID: 2 locID: 102665037382681177 bcsId: 3809} | ret=SUCCESS |  
2019-08-23 07:09:09,549 | INFO  | DNAudit | user=null | ip=null | op=WRITE_CHUNK {blockData=conID: 2 locID: 102665037382681177 bcsId: 3809} | ret=SUCCESS |  
2019-08-23 07:09:09,549 | INFO  | DNAudit | user=null | ip=null | op=WRITE_CHUNK {blockData=conID: 2 locID: 102665037382681177 bcsId: 3809} | ret=SUCCESS |  
2019-08-23 07:09:09,560 | INFO  | DNAudit | user=null | ip=null | op=WRITE_CHUNK {blockData=conID: 2 locID: 102665037382681177 bcsId: 3809} | ret=SUCCESS |  
2019-08-23 07:09:09,560 | INFO  | DNAudit | user=null | ip=null | op=PUT_BLOCK {blockData=[blockId=conID: 2 locID: 102665037382681177 bcsId: 0,size=3145728]} | ret=SUCCESS |  
2019-08-23 07:09:09,561 [grpc-default-executor-6] INFO  client.GrpcClientProtocolClient (GrpcClientProtocolClient.java:onNext(255)) - client-D91E5D1E15CE->f2ba01fc-a63e-4348-bd18-030b60a135e7: receive RaftClientReply:client-D91E5D1E15CE->f2ba01fc-a63e-4348-bd18-030b60a135e7@group-C8C62FEF0626, cid=2573, SUCCESS, logIndex=3814, commits[f2ba01fc-a63e-4348-bd18-030b60a135e7:c3815, eab135d4-a257-4705-b491-6c056b8c5df7:c3813, a4f67574-9018-43e7-8a54-351e98dc3d0a:c3813]
2019-08-23 07:09:09,561 [grpc-default-executor-6] INFO  client.GrpcClientProtocolClient (GrpcClientProtocolClient.java:onNext(255)) - client-D91E5D1E15CE->f2ba01fc-a63e-4348-bd18-030b60a135e7: receive RaftClientReply:client-D91E5D1E15CE->f2ba01fc-a63e-4348-bd18-030b60a135e7@group-C8C62FEF0626, cid=2574, SUCCESS, logIndex=3815, commits[f2ba01fc-a63e-4348-bd18-030b60a135e7:c3815, eab135d4-a257-4705-b491-6c056b8c5df7:c3813, a4f67574-9018-43e7-8a54-351e98dc3d0a:c3813]
2019-08-23 07:09:09,696 | INFO  | DNAudit | user=null | ip=null | op=WRITE_CHUNK {blockData=conID: 2 locID: 102665037382681177 bcsId: 3815} | ret=SUCCESS |  
2019-08-23 07:09:09,697 | INFO  | DNAudit | user=null | ip=null | op=WRITE_CHUNK {blockData=conID: 2 locID: 102665037382681177 bcsId: 3809} | ret=SUCCESS |  
2019-08-23 07:09:09,697 | INFO  | DNAudit | user=null | ip=null | op=WRITE_CHUNK {blockData=conID: 2 locID: 102665037382681177 bcsId: 3809} | ret=SUCCESS |  
2019-08-23 07:09:09,699 | INFO  | DNAudit | user=null | ip=null | op=WRITE_CHUNK {blockData=conID: 2 locID: 102665037382681177 bcsId: 3815} | ret=SUCCESS |  
2019-08-23 07:09:09,699 | INFO  | DNAudit | user=null | ip=null | op=WRITE_CHUNK {blockData=conID: 2 locID: 102665037382681177 bcsId: 3815} | ret=SUCCESS |  
2019-08-23 07:09:09,708 | INFO  | DNAudit | user=null | ip=null | op=PUT_BLOCK {blockData=[blockId=conID: 2 locID: 102665037382681177 bcsId: 0,size=3145728]} | ret=SUCCESS |  
2019-08-23 07:09:09,708 | INFO  | DNAudit | user=null | ip=null | op=PUT_BLOCK {blockData=[blockId=conID: 2 locID: 102665037382681177 bcsId: 0,size=3145728]} | ret=SUCCESS |  
2019-08-23 07:09:09,709 | INFO  | DNAudit | user=null | ip=null | op=WRITE_CHUNK {blockData=conID: 2 locID: 102665037382681177 bcsId: 3815} | ret=SUCCESS |  
2019-08-23 07:09:09,709 | INFO  | DNAudit | user=null | ip=null | op=PUT_BLOCK {blockData=[blockId=conID: 2 locID: 102665037382681177 bcsId: 0,size=4194304]} | ret=SUCCESS |  
2019-08-23 07:09:09,709 [grpc-default-executor-6] INFO  client.GrpcClientProtocolClient (GrpcClientProtocolClient.java:onNext(255)) - client-D91E5D1E15CE->f2ba01fc-a63e-4348-bd18-030b60a135e7: receive RaftClientReply:client-D91E5D1E15CE->f2ba01fc-a63e-4348-bd18-030b60a135e7@group-C8C62FEF0626, cid=2575, SUCCESS, logIndex=3818, commits[f2ba01fc-a63e-4348-bd18-030b60a135e7:c3819, eab135d4-a257-4705-b491-6c056b8c5df7:c3815, a4f67574-9018-43e7-8a54-351e98dc3d0a:c3815]
2019-08-23 07:09:09,710 [grpc-default-executor-6] INFO  client.GrpcClientProtocolClient (GrpcClientProtocolClient.java:onNext(255)) - client-D91E5D1E15CE->f2ba01fc-a63e-4348-bd18-030b60a135e7: receive RaftClientReply:client-D91E5D1E15CE->f2ba01fc-a63e-4348-bd18-030b60a135e7@group-C8C62FEF0626, cid=2576, SUCCESS, logIndex=3819, commits[f2ba01fc-a63e-4348-bd18-030b60a135e7:c3819, eab135d4-a257-4705-b491-6c056b8c5df7:c3815, a4f67574-9018-43e7-8a54-351e98dc3d0a:c3815]
2019-08-23 07:09:09,710 | INFO  | DNAudit | user=null | ip=null | op=WRITE_CHUNK {blockData=conID: 2 locID: 102665037382681177 bcsId: 3815} | ret=SUCCESS |  
2019-08-23 07:09:09,710 | INFO  | DNAudit | user=null | ip=null | op=WRITE_CHUNK {blockData=conID: 2 locID: 102665037382681177 bcsId: 3815} | ret=SUCCESS |  
2019-08-23 07:09:09,712 | INFO  | DNAudit | user=null | ip=null | op=PUT_BLOCK {blockData=[blockId=conID: 2 locID: 102665037382681177 bcsId: 0,size=4194304]} | ret=SUCCESS |  
2019-08-23 07:09:09,712 | INFO  | DNAudit | user=null | ip=null | op=PUT_BLOCK {blockData=[blockId=conID: 2 locID: 102665037382681177 bcsId: 0,size=4194304]} | ret=SUCCESS |  
2019-08-23 07:09:09,713 [grpc-default-executor-6] INFO  client.GrpcClientProtocolClient (GrpcClientProtocolClient.java:onNext(255)) - client-D91E5D1E15CE->f2ba01fc-a63e-4348-bd18-030b60a135e7: receive RaftClientReply:client-D91E5D1E15CE->f2ba01fc-a63e-4348-bd18-030b60a135e7@group-C8C62FEF0626, cid=2577, SUCCESS, logIndex=0, commits[f2ba01fc-a63e-4348-bd18-030b60a135e7:c3821, eab135d4-a257-4705-b491-6c056b8c5df7:c3819, a4f67574-9018-43e7-8a54-351e98dc3d0a:c3819]
2019-08-23 07:09:09,719 | INFO  | SCMAudit | user=jenkins1000 | ip=192.168.5.178 | op=ALLOCATE_BLOCK {owner=aaf04d22-10dd-4717-8862-c651bdde72cf, size=4194304, type=RATIS, factor=THREE} | ret=SUCCESS |  
2019-08-23 07:09:09,723 | INFO  | OMAudit | user=jenkins1000 | ip=127.0.0.1 | op=ALLOCATE_BLOCK {volume=vol-0-67663, bucket=bucket-0-68950, key=key-0-26970, dataSize=0, replicationType=null, replicationFactor=null, keyLocationInfo=null, clientID=102665036030476690} | ret=SUCCESS |  
2019-08-23 07:09:09,730 | INFO  | DNAudit | user=null | ip=null | op=WRITE_CHUNK {blockData=conID: 3 locID: 102665037395984986 bcsId: 0} | ret=SUCCESS |  
2019-08-23 07:09:09,731 | INFO  | DNAudit | user=null | ip=null | op=WRITE_CHUNK {blockData=conID: 3 locID: 102665037395984986 bcsId: 0} | ret=SUCCESS |  
2019-08-23 07:09:09,732 | INFO  | DNAudit | user=null | ip=null | op=WRITE_CHUNK {blockData=conID: 3 locID: 102665037395984986 bcsId: 0} | ret=SUCCESS |  
2019-08-23 07:09:09,733 | INFO  | DNAudit | user=null | ip=null | op=WRITE_CHUNK {blockData=conID: 3 locID: 102665037395984986 bcsId: 0} | ret=SUCCESS |  
2019-08-23 07:09:09,734 | INFO  | DNAudit | user=null | ip=null | op=WRITE_CHUNK {blockData=conID: 3 locID: 102665037395984986 bcsId: 0} | ret=SUCCESS |  
2019-08-23 07:09:09,735 | INFO  | DNAudit | user=null | ip=null | op=WRITE_CHUNK {blockData=conID: 3 locID: 102665037395984986 bcsId: 0} | ret=SUCCESS |  
2019-08-23 07:09:09,740 | INFO  | DNAudit | user=null | ip=null | op=WRITE_CHUNK {blockData=conID: 3 locID: 102665037395984986 bcsId: 0} | ret=SUCCESS |  
2019-08-23 07:09:09,740 | INFO  | DNAudit | user=null | ip=null | op=PUT_BLOCK {blockData=[blockId=conID: 3 locID: 102665037395984986 bcsId: 0,size=1048576]} | ret=SUCCESS |  
2019-08-23 07:09:09,740 [grpc-default-executor-6] INFO  client.GrpcClientProtocolClient (GrpcClientProtocolClient.java:onNext(255)) - client-D91E5D1E15CE->f2ba01fc-a63e-4348-bd18-030b60a135e7: receive RaftClientReply:client-D91E5D1E15CE->f2ba01fc-a63e-4348-bd18-030b60a135e7@group-C8C62FEF0626, cid=2578, SUCCESS, logIndex=3822, commits[f2ba01fc-a63e-4348-bd18-030b60a135e7:c3824, eab135d4-a257-4705-b491-6c056b8c5df7:c3821, a4f67574-9018-43e7-8a54-351e98dc3d0a:c3821]
2019-08-23 07:09:09,741 | INFO  | DNAudit | user=null | ip=null | op=WRITE_CHUNK {blockData=conID: 3 locID: 102665037395984986 bcsId: 0} | ret=SUCCESS |  
2019-08-23 07:09:09,741 [grpc-default-executor-6] INFO  client.GrpcClientProtocolClient (GrpcClientProtocolClient.java:onNext(255)) - client-D91E5D1E15CE->f2ba01fc-a63e-4348-bd18-030b60a135e7: receive RaftClientReply:client-D91E5D1E15CE->f2ba01fc-a63e-4348-bd18-030b60a135e7@group-C8C62FEF0626, cid=2579, SUCCESS, logIndex=3823, commits[f2ba01fc-a63e-4348-bd18-030b60a135e7:c3825, eab135d4-a257-4705-b491-6c056b8c5df7:c3821, a4f67574-9018-43e7-8a54-351e98dc3d0a:c3821]
2019-08-23 07:09:09,741 | INFO  | DNAudit | user=null | ip=null | op=PUT_BLOCK {blockData=[blockId=conID: 3 locID: 102665037395984986 bcsId: 0,size=2097152]} | ret=SUCCESS |  
2019-08-23 07:09:09,741 | INFO  | DNAudit | user=null | ip=null | op=WRITE_CHUNK {blockData=conID: 3 locID: 102665037395984986 bcsId: 0} | ret=SUCCESS |  
2019-08-23 07:09:09,741 | INFO  | DNAudit | user=null | ip=null | op=WRITE_CHUNK {blockData=conID: 3 locID: 102665037395984986 bcsId: 0} | ret=SUCCESS |  
2019-08-23 07:09:09,742 | INFO  | DNAudit | user=null | ip=null | op=PUT_BLOCK {blockData=[blockId=conID: 3 locID: 102665037395984986 bcsId: 0,size=1048576]} | ret=SUCCESS |  
2019-08-23 07:09:09,742 [grpc-default-executor-3] INFO  client.GrpcClientProtocolClient (GrpcClientProtocolClient.java:onNext(255)) - client-D91E5D1E15CE->f2ba01fc-a63e-4348-bd18-030b60a135e7: receive RaftClientReply:client-D91E5D1E15CE->f2ba01fc-a63e-4348-bd18-030b60a135e7@group-C8C62FEF0626, cid=2580, SUCCESS, logIndex=3824, commits[f2ba01fc-a63e-4348-bd18-030b60a135e7:c3825, eab135d4-a257-4705-b491-6c056b8c5df7:c3821, a4f67574-9018-43e7-8a54-351e98dc3d0a:c3821]
2019-08-23 07:09:09,742 [grpc-default-executor-3] INFO  client.GrpcClientProtocolClient (GrpcClientProtocolClient.java:onNext(255)) - client-D91E5D1E15CE->f2ba01fc-a63e-4348-bd18-030b60a135e7: receive RaftClientReply:client-D91E5D1E15CE->f2ba01fc-a63e-4348-bd18-030b60a135e7@group-C8C62FEF0626, cid=2581, SUCCESS, logIndex=3825, commits[f2ba01fc-a63e-4348-bd18-030b60a135e7:c3826, eab135d4-a257-4705-b491-6c056b8c5df7:c3822, a4f67574-9018-43e7-8a54-351e98dc3d0a:c3822]
2019-08-23 07:09:09,742 | INFO  | DNAudit | user=null | ip=null | op=PUT_BLOCK {blockData=[blockId=conID: 3 locID: 102665037395984986 bcsId: 0,size=1048576]} | ret=SUCCESS |  
2019-08-23 07:09:09,743 | INFO  | DNAudit | user=null | ip=null | op=WRITE_CHUNK {blockData=conID: 3 locID: 102665037395984986 bcsId: 0} | ret=SUCCESS |  
2019-08-23 07:09:09,743 | INFO  | DNAudit | user=null | ip=null | op=PUT_BLOCK {blockData=[blockId=conID: 3 locID: 102665037395984986 bcsId: 0,size=2097152]} | ret=SUCCESS |  
2019-08-23 07:09:09,743 | INFO  | DNAudit | user=null | ip=null | op=WRITE_CHUNK {blockData=conID: 3 locID: 102665037395984986 bcsId: 0} | ret=SUCCESS |  
2019-08-23 07:09:09,743 [grpc-default-executor-6] INFO  client.GrpcClientProtocolClient (GrpcClientProtocolClient.java:onNext(255)) - client-D91E5D1E15CE->f2ba01fc-a63e-4348-bd18-030b60a135e7: receive RaftClientReply:client-D91E5D1E15CE->f2ba01fc-a63e-4348-bd18-030b60a135e7@group-C8C62FEF0626, cid=2582, SUCCESS, logIndex=0, commits[f2ba01fc-a63e-4348-bd18-030b60a135e7:c3827, eab135d4-a257-4705-b491-6c056b8c5df7:c3823, a4f67574-9018-43e7-8a54-351e98dc3d0a:c3823]
2019-08-23 07:09:09,744 | INFO  | DNAudit | user=null | ip=null | op=PUT_BLOCK {blockData=[blockId=conID: 3 locID: 102665037395984986 bcsId: 0,size=2097152]} | ret=SUCCESS |  
2019-08-23 07:09:09,749 | INFO  | DNAudit | user=null | ip=null | op=WRITE_CHUNK {blockData=conID: 3 locID: 102665037395984986 bcsId: 3825} | ret=SUCCESS |  
2019-08-23 07:09:09,752 | INFO  | DNAudit | user=null | ip=null | op=WRITE_CHUNK {blockData=conID: 3 locID: 102665037395984986 bcsId: 3825} | ret=SUCCESS |  
2019-08-23 07:09:09,752 | INFO  | DNAudit | user=null | ip=null | op=WRITE_CHUNK {blockData=conID: 3 locID: 102665037395984986 bcsId: 3825} | ret=SUCCESS |  
2019-08-23 07:09:09,763 | INFO  | DNAudit | user=null | ip=null | op=WRITE_CHUNK {blockData=conID: 3 locID: 102665037395984986 bcsId: 3825} | ret=SUCCESS |  
2019-08-23 07:09:09,764 | INFO  | DNAudit | user=null | ip=null | op=PUT_BLOCK {blockData=[blockId=conID: 3 locID: 102665037395984986 bcsId: 0,size=3145728]} | ret=SUCCESS |  
2019-08-23 07:09:09,764 [grpc-default-executor-3] INFO  client.GrpcClientProtocolClient (GrpcClientProtocolClient.java:onNext(255)) - client-D91E5D1E15CE->f2ba01fc-a63e-4348-bd18-030b60a135e7: receive RaftClientReply:client-D91E5D1E15CE->f2ba01fc-a63e-4348-bd18-030b60a135e7@group-C8C62FEF0626, cid=2583, SUCCESS, logIndex=3830, commits[f2ba01fc-a63e-4348-bd18-030b60a135e7:c3831, eab135d4-a257-4705-b491-6c056b8c5df7:c3829, a4f67574-9018-43e7-8a54-351e98dc3d0a:c3829]
2019-08-23 07:09:09,764 [grpc-default-executor-3] INFO  client.GrpcClientProtocolClient (GrpcClientProtocolClient.java:onNext(255)) - client-D91E5D1E15CE->f2ba01fc-a63e-4348-bd18-030b60a135e7: receive RaftClientReply:client-D91E5D1E15CE->f2ba01fc-a63e-4348-bd18-030b60a135e7@group-C8C62FEF0626, cid=2584, SUCCESS, logIndex=3831, commits[f2ba01fc-a63e-4348-bd18-030b60a135e7:c3831, eab135d4-a257-4705-b491-6c056b8c5df7:c3829, a4f67574-9018-43e7-8a54-351e98dc3d0a:c3829]
2019-08-23 07:09:09,770 | INFO  | DNAudit | user=null | ip=null | op=WRITE_CHUNK {blockData=conID: 3 locID: 102665037395984986 bcsId: 3831} | ret=SUCCESS |  
2019-08-23 07:09:09,772 | INFO  | DNAudit | user=null | ip=null | op=WRITE_CHUNK {blockData=conID: 3 locID: 102665037395984986 bcsId: 3831} | ret=SUCCESS |  
2019-08-23 07:09:09,772 | INFO  | DNAudit | user=null | ip=null | op=WRITE_CHUNK {blockData=conID: 3 locID: 102665037395984986 bcsId: 3831} | ret=SUCCESS |  
2019-08-23 07:09:09,775 | INFO  | DNAudit | user=null | ip=null | op=WRITE_CHUNK {blockData=conID: 3 locID: 102665037395984986 bcsId: 3825} | ret=SUCCESS |  
2019-08-23 07:09:09,775 | INFO  | DNAudit | user=null | ip=null | op=WRITE_CHUNK {blockData=conID: 3 locID: 102665037395984986 bcsId: 3825} | ret=SUCCESS |  
2019-08-23 07:09:09,776 | INFO  | DNAudit | user=null | ip=null | op=PUT_BLOCK {blockData=[blockId=conID: 3 locID: 102665037395984986 bcsId: 0,size=3145728]} | ret=SUCCESS |  
2019-08-23 07:09:09,776 | INFO  | DNAudit | user=null | ip=null | op=PUT_BLOCK {blockData=[blockId=conID: 3 locID: 102665037395984986 bcsId: 0,size=3145728]} | ret=SUCCESS |  
2019-08-23 07:09:09,776 | INFO  | DNAudit | user=null | ip=null | op=WRITE_CHUNK {blockData=conID: 3 locID: 102665037395984986 bcsId: 3831} | ret=SUCCESS |  
2019-08-23 07:09:09,777 | INFO  | DNAudit | user=null | ip=null | op=PUT_BLOCK {blockData=[blockId=conID: 3 locID: 102665037395984986 bcsId: 0,size=4194304]} | ret=SUCCESS |  
2019-08-23 07:09:09,777 [grpc-default-executor-3] INFO  client.GrpcClientProtocolClient (GrpcClientProtocolClient.java:onNext(255)) - client-D91E5D1E15CE->f2ba01fc-a63e-4348-bd18-030b60a135e7: receive RaftClientReply:client-D91E5D1E15CE->f2ba01fc-a63e-4348-bd18-030b60a135e7@group-C8C62FEF0626, cid=2585, SUCCESS, logIndex=3834, commits[f2ba01fc-a63e-4348-bd18-030b60a135e7:c3835, eab135d4-a257-4705-b491-6c056b8c5df7:c3831, a4f67574-9018-43e7-8a54-351e98dc3d0a:c3831]
2019-08-23 07:09:09,777 [grpc-default-executor-3] INFO  client.GrpcClientProtocolClient (GrpcClientProtocolClient.java:onNext(255)) - client-D91E5D1E15CE->f2ba01fc-a63e-4348-bd18-030b60a135e7: receive RaftClientReply:client-D91E5D1E15CE->f2ba01fc-a63e-4348-bd18-030b60a135e7@group-C8C62FEF0626, cid=2586, SUCCESS, logIndex=3835, commits[f2ba01fc-a63e-4348-bd18-030b60a135e7:c3835, eab135d4-a257-4705-b491-6c056b8c5df7:c3831, a4f67574-9018-43e7-8a54-351e98dc3d0a:c3831]
2019-08-23 07:09:09,788 | INFO  | DNAudit | user=null | ip=null | op=WRITE_CHUNK {blockData=conID: 3 locID: 102665037395984986 bcsId: 3831} | ret=SUCCESS |  
2019-08-23 07:09:09,788 | INFO  | DNAudit | user=null | ip=null | op=WRITE_CHUNK {blockData=conID: 3 locID: 102665037395984986 bcsId: 3831} | ret=SUCCESS |  
2019-08-23 07:09:09,789 | INFO  | DNAudit | user=null | ip=null | op=PUT_BLOCK {blockData=[blockId=conID: 3 locID: 102665037395984986 bcsId: 0,size=4194304]} | ret=SUCCESS |  
2019-08-23 07:09:09,789 | INFO  | DNAudit | user=null | ip=null | op=PUT_BLOCK {blockData=[blockId=conID: 3 locID: 102665037395984986 bcsId: 0,size=4194304]} | ret=SUCCESS |  
2019-08-23 07:09:09,790 [grpc-default-executor-3] INFO  client.GrpcClientProtocolClient (GrpcClientProtocolClient.java:onNext(255)) - client-D91E5D1E15CE->f2ba01fc-a63e-4348-bd18-030b60a135e7: receive RaftClientReply:client-D91E5D1E15CE->f2ba01fc-a63e-4348-bd18-030b60a135e7@group-C8C62FEF0626, cid=2587, SUCCESS, logIndex=0, commits[f2ba01fc-a63e-4348-bd18-030b60a135e7:c3837, eab135d4-a257-4705-b491-6c056b8c5df7:c3835, a4f67574-9018-43e7-8a54-351e98dc3d0a:c3835]
2019-08-23 07:09:09,794 | INFO  | SCMAudit | user=jenkins1000 | ip=192.168.5.178 | op=ALLOCATE_BLOCK {owner=aaf04d22-10dd-4717-8862-c651bdde72cf, size=4194304, type=RATIS, factor=THREE} | ret=SUCCESS |  
2019-08-23 07:09:09,797 | INFO  | OMAudit | user=jenkins1000 | ip=127.0.0.1 | op=ALLOCATE_BLOCK {volume=vol-0-67663, bucket=bucket-0-68950, key=key-0-26970, dataSize=0, replicationType=null, replicationFactor=null, keyLocationInfo=null, clientID=102665036030476690} | ret=SUCCESS |  
2019-08-23 07:09:09,803 | INFO  | DNAudit | user=null | ip=null | op=WRITE_CHUNK {blockData=conID: 1 locID: 102665037400900187 bcsId: 0} | ret=SUCCESS |  
2019-08-23 07:09:09,805 | INFO  | DNAudit | user=null | ip=null | op=WRITE_CHUNK {blockData=conID: 1 locID: 102665037400900187 bcsId: 0} | ret=SUCCESS |  
2019-08-23 07:09:09,806 | INFO  | DNAudit | user=null | ip=null | op=WRITE_CHUNK {blockData=conID: 1 locID: 102665037400900187 bcsId: 0} | ret=SUCCESS |  
2019-08-23 07:09:09,806 | INFO  | DNAudit | user=null | ip=null | op=WRITE_CHUNK {blockData=conID: 1 locID: 102665037400900187 bcsId: 0} | ret=SUCCESS |  
2019-08-23 07:09:09,808 | INFO  | DNAudit | user=null | ip=null | op=WRITE_CHUNK {blockData=conID: 1 locID: 102665037400900187 bcsId: 0} | ret=SUCCESS |  
2019-08-23 07:09:09,808 | INFO  | DNAudit | user=null | ip=null | op=WRITE_CHUNK {blockData=conID: 1 locID: 102665037400900187 bcsId: 0} | ret=SUCCESS |  
2019-08-23 07:09:09,816 | INFO  | DNAudit | user=null | ip=null | op=WRITE_CHUNK {blockData=conID: 1 locID: 102665037400900187 bcsId: 0} | ret=SUCCESS |  
2019-08-23 07:09:09,816 | INFO  | DNAudit | user=null | ip=null | op=PUT_BLOCK {blockData=[blockId=conID: 1 locID: 102665037400900187 bcsId: 0,size=1048576]} | ret=SUCCESS |  
2019-08-23 07:09:09,816 | INFO  | DNAudit | user=null | ip=null | op=WRITE_CHUNK {blockData=conID: 1 locID: 102665037400900187 bcsId: 0} | ret=SUCCESS |  
2019-08-23 07:09:09,816 [grpc-default-executor-0] INFO  client.GrpcClientProtocolClient (GrpcClientProtocolClient.java:onNext(255)) - client-D91E5D1E15CE->f2ba01fc-a63e-4348-bd18-030b60a135e7: receive RaftClientReply:client-D91E5D1E15CE->f2ba01fc-a63e-4348-bd18-030b60a135e7@group-C8C62FEF0626, cid=2588, SUCCESS, logIndex=3838, commits[f2ba01fc-a63e-4348-bd18-030b60a135e7:c3839, eab135d4-a257-4705-b491-6c056b8c5df7:c3837, a4f67574-9018-43e7-8a54-351e98dc3d0a:c3837]
2019-08-23 07:09:09,816 | INFO  | DNAudit | user=null | ip=null | op=PUT_BLOCK {blockData=[blockId=conID: 1 locID: 102665037400900187 bcsId: 0,size=2097152]} | ret=SUCCESS |  
2019-08-23 07:09:09,816 [grpc-default-executor-0] INFO  client.GrpcClientProtocolClient (GrpcClientProtocolClient.java:onNext(255)) - client-D91E5D1E15CE->f2ba01fc-a63e-4348-bd18-030b60a135e7: receive RaftClientReply:client-D91E5D1E15CE->f2ba01fc-a63e-4348-bd18-030b60a135e7@group-C8C62FEF0626, cid=2589, SUCCESS, logIndex=3839, commits[f2ba01fc-a63e-4348-bd18-030b60a135e7:c3841, eab135d4-a257-4705-b491-6c056b8c5df7:c3837, a4f67574-9018-43e7-8a54-351e98dc3d0a:c3837]
2019-08-23 07:09:09,817 [grpc-default-executor-0] INFO  client.GrpcClientProtocolClient (GrpcClientProtocolClient.java:onNext(255)) - client-D91E5D1E15CE->f2ba01fc-a63e-4348-bd18-030b60a135e7: receive RaftClientReply:client-D91E5D1E15CE->f2ba01fc-a63e-4348-bd18-030b60a135e7@group-C8C62FEF0626, cid=2590, SUCCESS, logIndex=3840, commits[f2ba01fc-a63e-4348-bd18-030b60a135e7:c3841, eab135d4-a257-4705-b491-6c056b8c5df7:c3837, a4f67574-9018-43e7-8a54-351e98dc3d0a:c3837]
2019-08-23 07:09:09,817 [grpc-default-executor-0] INFO  client.GrpcClientProtocolClient (GrpcClientProtocolClient.java:onNext(255)) - client-D91E5D1E15CE->f2ba01fc-a63e-4348-bd18-030b60a135e7: receive RaftClientReply:client-D91E5D1E15CE->f2ba01fc-a63e-4348-bd18-030b60a135e7@group-C8C62FEF0626, cid=2591, SUCCESS, logIndex=3841, commits[f2ba01fc-a63e-4348-bd18-030b60a135e7:c3841, eab135d4-a257-4705-b491-6c056b8c5df7:c3837, a4f67574-9018-43e7-8a54-351e98dc3d0a:c3837]
2019-08-23 07:09:09,818 | INFO  | DNAudit | user=null | ip=null | op=WRITE_CHUNK {blockData=conID: 1 locID: 102665037400900187 bcsId: 0} | ret=SUCCESS |  
2019-08-23 07:09:09,819 | INFO  | DNAudit | user=null | ip=null | op=WRITE_CHUNK {blockData=conID: 1 locID: 102665037400900187 bcsId: 0} | ret=SUCCESS |  
2019-08-23 07:09:09,819 | INFO  | DNAudit | user=null | ip=null | op=PUT_BLOCK {blockData=[blockId=conID: 1 locID: 102665037400900187 bcsId: 0,size=1048576]} | ret=SUCCESS |  
2019-08-23 07:09:09,819 | INFO  | DNAudit | user=null | ip=null | op=WRITE_CHUNK {blockData=conID: 1 locID: 102665037400900187 bcsId: 0} | ret=SUCCESS |  
2019-08-23 07:09:09,819 | INFO  | DNAudit | user=null | ip=null | op=PUT_BLOCK {blockData=[blockId=conID: 1 locID: 102665037400900187 bcsId: 0,size=1048576]} | ret=SUCCESS |  
2019-08-23 07:09:09,819 | INFO  | DNAudit | user=null | ip=null | op=PUT_BLOCK {blockData=[blockId=conID: 1 locID: 102665037400900187 bcsId: 0,size=2097152]} | ret=SUCCESS |  
2019-08-23 07:09:09,819 | INFO  | DNAudit | user=null | ip=null | op=WRITE_CHUNK {blockData=conID: 1 locID: 102665037400900187 bcsId: 0} | ret=SUCCESS |  
2019-08-23 07:09:09,820 | INFO  | DNAudit | user=null | ip=null | op=PUT_BLOCK {blockData=[blockId=conID: 1 locID: 102665037400900187 bcsId: 0,size=2097152]} | ret=SUCCESS |  
2019-08-23 07:09:09,819 [grpc-default-executor-3] INFO  client.GrpcClientProtocolClient (GrpcClientProtocolClient.java:onNext(255)) - client-D91E5D1E15CE->f2ba01fc-a63e-4348-bd18-030b60a135e7: receive RaftClientReply:client-D91E5D1E15CE->f2ba01fc-a63e-4348-bd18-030b60a135e7@group-C8C62FEF0626, cid=2592, SUCCESS, logIndex=0, commits[f2ba01fc-a63e-4348-bd18-030b60a135e7:c3844, eab135d4-a257-4705-b491-6c056b8c5df7:c3839, a4f67574-9018-43e7-8a54-351e98dc3d0a:c3841]
2019-08-23 07:09:09,825 | INFO  | DNAudit | user=null | ip=null | op=WRITE_CHUNK {blockData=conID: 1 locID: 102665037400900187 bcsId: 3841} | ret=SUCCESS |  
2019-08-23 07:09:09,827 | INFO  | DNAudit | user=null | ip=null | op=WRITE_CHUNK {blockData=conID: 1 locID: 102665037400900187 bcsId: 3841} | ret=SUCCESS |  
2019-08-23 07:09:09,828 | INFO  | DNAudit | user=null | ip=null | op=WRITE_CHUNK {blockData=conID: 1 locID: 102665037400900187 bcsId: 3841} | ret=SUCCESS |  
2019-08-23 07:09:09,837 | INFO  | DNAudit | user=null | ip=null | op=WRITE_CHUNK {blockData=conID: 1 locID: 102665037400900187 bcsId: 3841} | ret=SUCCESS |  
2019-08-23 07:09:09,838 | INFO  | DNAudit | user=null | ip=null | op=PUT_BLOCK {blockData=[blockId=conID: 1 locID: 102665037400900187 bcsId: 0,size=3145728]} | ret=SUCCESS |  
2019-08-23 07:09:09,838 [grpc-default-executor-3] INFO  client.GrpcClientProtocolClient (GrpcClientProtocolClient.java:onNext(255)) - client-D91E5D1E15CE->f2ba01fc-a63e-4348-bd18-030b60a135e7: receive RaftClientReply:client-D91E5D1E15CE->f2ba01fc-a63e-4348-bd18-030b60a135e7@group-C8C62FEF0626, cid=2593, SUCCESS, logIndex=3845, commits[f2ba01fc-a63e-4348-bd18-030b60a135e7:c3846, eab135d4-a257-4705-b491-6c056b8c5df7:c3844, a4f67574-9018-43e7-8a54-351e98dc3d0a:c3844]
2019-08-23 07:09:09,838 [grpc-default-executor-3] INFO  client.GrpcClientProtocolClient (GrpcClientProtocolClient.java:onNext(255)) - client-D91E5D1E15CE->f2ba01fc-a63e-4348-bd18-030b60a135e7: receive RaftClientReply:client-D91E5D1E15CE->f2ba01fc-a63e-4348-bd18-030b60a135e7@group-C8C62FEF0626, cid=2594, SUCCESS, logIndex=3846, commits[f2ba01fc-a63e-4348-bd18-030b60a135e7:c3846, eab135d4-a257-4705-b491-6c056b8c5df7:c3844, a4f67574-9018-43e7-8a54-351e98dc3d0a:c3844]
2019-08-23 07:09:09,844 | INFO  | DNAudit | user=null | ip=null | op=WRITE_CHUNK {blockData=conID: 1 locID: 102665037400900187 bcsId: 3846} | ret=SUCCESS |  
2019-08-23 07:09:09,845 | INFO  | DNAudit | user=null | ip=null | op=WRITE_CHUNK {blockData=conID: 1 locID: 102665037400900187 bcsId: 3846} | ret=SUCCESS |  
2019-08-23 07:09:09,846 | INFO  | DNAudit | user=null | ip=null | op=WRITE_CHUNK {blockData=conID: 1 locID: 102665037400900187 bcsId: 3846} | ret=SUCCESS |  
2019-08-23 07:09:09,849 | INFO  | DNAudit | user=null | ip=null | op=WRITE_CHUNK {blockData=conID: 1 locID: 102665037400900187 bcsId: 3841} | ret=SUCCESS |  
2019-08-23 07:09:09,849 | INFO  | DNAudit | user=null | ip=null | op=WRITE_CHUNK {blockData=conID: 1 locID: 102665037400900187 bcsId: 3841} | ret=SUCCESS |  
2019-08-23 07:09:09,849 | INFO  | DNAudit | user=null | ip=null | op=PUT_BLOCK {blockData=[blockId=conID: 1 locID: 102665037400900187 bcsId: 0,size=3145728]} | ret=SUCCESS |  
2019-08-23 07:09:09,849 | INFO  | DNAudit | user=null | ip=null | op=PUT_BLOCK {blockData=[blockId=conID: 1 locID: 102665037400900187 bcsId: 0,size=3145728]} | ret=SUCCESS |  
2019-08-23 07:09:09,850 | INFO  | DNAudit | user=null | ip=null | op=WRITE_CHUNK {blockData=conID: 1 locID: 102665037400900187 bcsId: 3846} | ret=SUCCESS |  
2019-08-23 07:09:09,851 | INFO  | DNAudit | user=null | ip=null | op=PUT_BLOCK {blockData=[blockId=conID: 1 locID: 102665037400900187 bcsId: 0,size=4194304]} | ret=SUCCESS |  
2019-08-23 07:09:09,851 [grpc-default-executor-0] INFO  client.GrpcClientProtocolClient (GrpcClientProtocolClient.java:onNext(255)) - client-D91E5D1E15CE->f2ba01fc-a63e-4348-bd18-030b60a135e7: receive RaftClientReply:client-D91E5D1E15CE->f2ba01fc-a63e-4348-bd18-030b60a135e7@group-C8C62FEF0626, cid=2595, SUCCESS, logIndex=3849, commits[f2ba01fc-a63e-4348-bd18-030b60a135e7:c3850, eab135d4-a257-4705-b491-6c056b8c5df7:c3846, a4f67574-9018-43e7-8a54-351e98dc3d0a:c3846]
2019-08-23 07:09:09,851 [grpc-default-executor-0] INFO  client.GrpcClientProtocolClient (GrpcClientProtocolClient.java:onNext(255)) - client-D91E5D1E15CE->f2ba01fc-a63e-4348-bd18-030b60a135e7: receive RaftClientReply:client-D91E5D1E15CE->f2ba01fc-a63e-4348-bd18-030b60a135e7@group-C8C62FEF0626, cid=2596, SUCCESS, logIndex=3850, commits[f2ba01fc-a63e-4348-bd18-030b60a135e7:c3850, eab135d4-a257-4705-b491-6c056b8c5df7:c3846, a4f67574-9018-43e7-8a54-351e98dc3d0a:c3846]
2019-08-23 07:09:09,861 | INFO  | DNAudit | user=null | ip=null | op=WRITE_CHUNK {blockData=conID: 1 locID: 102665037400900187 bcsId: 3846} | ret=SUCCESS |  
2019-08-23 07:09:09,862 | INFO  | DNAudit | user=null | ip=null | op=WRITE_CHUNK {blockData=conID: 1 locID: 102665037400900187 bcsId: 3846} | ret=SUCCESS |  
2019-08-23 07:09:09,863 | INFO  | DNAudit | user=null | ip=null | op=PUT_BLOCK {blockData=[blockId=conID: 1 locID: 102665037400900187 bcsId: 0,size=4194304]} | ret=SUCCESS |  
2019-08-23 07:09:09,863 | INFO  | DNAudit | user=null | ip=null | op=PUT_BLOCK {blockData=[blockId=conID: 1 locID: 102665037400900187 bcsId: 0,size=4194304]} | ret=SUCCESS |  
2019-08-23 07:09:09,863 [grpc-default-executor-0] INFO  client.GrpcClientProtocolClient (GrpcClientProtocolClient.java:onNext(255)) - client-D91E5D1E15CE->f2ba01fc-a63e-4348-bd18-030b60a135e7: receive RaftClientReply:client-D91E5D1E15CE->f2ba01fc-a63e-4348-bd18-030b60a135e7@group-C8C62FEF0626, cid=2597, SUCCESS, logIndex=0, commits[f2ba01fc-a63e-4348-bd18-030b60a135e7:c3852, eab135d4-a257-4705-b491-6c056b8c5df7:c3850, a4f67574-9018-43e7-8a54-351e98dc3d0a:c3850]
2019-08-23 07:09:09,866 | INFO  | SCMAudit | user=jenkins1000 | ip=192.168.5.178 | op=SEND_HEARTBEAT {datanodeUUID=eab135d4-a257-4705-b491-6c056b8c5df7, command=[]} | ret=SUCCESS |  
2019-08-23 07:09:09,866 | INFO  | SCMAudit | user=jenkins1000 | ip=192.168.5.178 | op=SEND_HEARTBEAT {datanodeUUID=a4f67574-9018-43e7-8a54-351e98dc3d0a, command=[]} | ret=SUCCESS |  
2019-08-23 07:09:09,866 | INFO  | SCMAudit | user=jenkins1000 | ip=192.168.5.178 | op=SEND_HEARTBEAT {datanodeUUID=f2ba01fc-a63e-4348-bd18-030b60a135e7, command=[]} | ret=SUCCESS |  
2019-08-23 07:09:09,868 | INFO  | SCMAudit | user=jenkins1000 | ip=192.168.5.178 | op=ALLOCATE_BLOCK {owner=aaf04d22-10dd-4717-8862-c651bdde72cf, size=4194304, type=RATIS, factor=THREE} | ret=SUCCESS |  
2019-08-23 07:09:09,871 | INFO  | OMAudit | user=jenkins1000 | ip=127.0.0.1 | op=ALLOCATE_BLOCK {volume=vol-0-67663, bucket=bucket-0-68950, key=key-0-26970, dataSize=0, replicationType=null, replicationFactor=null, keyLocationInfo=null, clientID=102665036030476690} | ret=SUCCESS |  
2019-08-23 07:09:09,876 | INFO  | DNAudit | user=null | ip=null | op=WRITE_CHUNK {blockData=conID: 2 locID: 102665037405749852 bcsId: 0} | ret=SUCCESS |  
2019-08-23 07:09:09,879 | INFO  | DNAudit | user=null | ip=null | op=WRITE_CHUNK {blockData=conID: 2 locID: 102665037405749852 bcsId: 0} | ret=SUCCESS |  
2019-08-23 07:09:09,879 | INFO  | DNAudit | user=null | ip=null | op=WRITE_CHUNK {blockData=conID: 2 locID: 102665037405749852 bcsId: 0} | ret=SUCCESS |  
2019-08-23 07:09:09,879 | INFO  | DNAudit | user=null | ip=null | op=WRITE_CHUNK {blockData=conID: 2 locID: 102665037405749852 bcsId: 0} | ret=SUCCESS |  
2019-08-23 07:09:09,881 | INFO  | DNAudit | user=null | ip=null | op=WRITE_CHUNK {blockData=conID: 2 locID: 102665037405749852 bcsId: 0} | ret=SUCCESS |  
2019-08-23 07:09:09,881 | INFO  | DNAudit | user=null | ip=null | op=WRITE_CHUNK {blockData=conID: 2 locID: 102665037405749852 bcsId: 0} | ret=SUCCESS |  
2019-08-23 07:09:09,889 | INFO  | DNAudit | user=null | ip=null | op=WRITE_CHUNK {blockData=conID: 2 locID: 102665037405749852 bcsId: 0} | ret=SUCCESS |  
2019-08-23 07:09:09,889 | INFO  | DNAudit | user=null | ip=null | op=PUT_BLOCK {blockData=[blockId=conID: 2 locID: 102665037405749852 bcsId: 0,size=1048576]} | ret=SUCCESS |  
2019-08-23 07:09:09,889 [grpc-default-executor-0] INFO  client.GrpcClientProtocolClient (GrpcClientProtocolClient.java:onNext(255)) - client-D91E5D1E15CE->f2ba01fc-a63e-4348-bd18-030b60a135e7: receive RaftClientReply:client-D91E5D1E15CE->f2ba01fc-a63e-4348-bd18-030b60a135e7@group-C8C62FEF0626, cid=2598, SUCCESS, logIndex=3853, commits[f2ba01fc-a63e-4348-bd18-030b60a135e7:c3854, eab135d4-a257-4705-b491-6c056b8c5df7:c3852, a4f67574-9018-43e7-8a54-351e98dc3d0a:c3852]
2019-08-23 07:09:09,890 | INFO  | DNAudit | user=null | ip=null | op=WRITE_CHUNK {blockData=conID: 2 locID: 102665037405749852 bcsId: 0} | ret=SUCCESS |  
2019-08-23 07:09:09,890 [grpc-default-executor-3] INFO  client.GrpcClientProtocolClient (GrpcClientProtocolClient.java:onNext(255)) - client-D91E5D1E15CE->f2ba01fc-a63e-4348-bd18-030b60a135e7: receive RaftClientReply:client-D91E5D1E15CE->f2ba01fc-a63e-4348-bd18-030b60a135e7@group-C8C62FEF0626, cid=2599, SUCCESS, logIndex=3854, commits[f2ba01fc-a63e-4348-bd18-030b60a135e7:c3854, eab135d4-a257-4705-b491-6c056b8c5df7:c3852, a4f67574-9018-43e7-8a54-351e98dc3d0a:c3852]
2019-08-23 07:09:09,890 | INFO  | DNAudit | user=null | ip=null | op=PUT_BLOCK {blockData=[blockId=conID: 2 locID: 102665037405749852 bcsId: 0,size=2097152]} | ret=SUCCESS |  
2019-08-23 07:09:09,890 [grpc-default-executor-0] INFO  client.GrpcClientProtocolClient (GrpcClientProtocolClient.java:onNext(255)) - client-D91E5D1E15CE->f2ba01fc-a63e-4348-bd18-030b60a135e7: receive RaftClientReply:client-D91E5D1E15CE->f2ba01fc-a63e-4348-bd18-030b60a135e7@group-C8C62FEF0626, cid=2600, SUCCESS, logIndex=3855, commits[f2ba01fc-a63e-4348-bd18-030b60a135e7:c3856, eab135d4-a257-4705-b491-6c056b8c5df7:c3852, a4f67574-9018-43e7-8a54-351e98dc3d0a:c3852]
2019-08-23 07:09:09,891 [grpc-default-executor-0] INFO  client.GrpcClientProtocolClient (GrpcClientProtocolClient.java:onNext(255)) - client-D91E5D1E15CE->f2ba01fc-a63e-4348-bd18-030b60a135e7: receive RaftClientReply:client-D91E5D1E15CE->f2ba01fc-a63e-4348-bd18-030b60a135e7@group-C8C62FEF0626, cid=2601, SUCCESS, logIndex=3856, commits[f2ba01fc-a63e-4348-bd18-030b60a135e7:c3856, eab135d4-a257-4705-b491-6c056b8c5df7:c3852, a4f67574-9018-43e7-8a54-351e98dc3d0a:c3852]
2019-08-23 07:09:09,891 | INFO  | DNAudit | user=null | ip=null | op=WRITE_CHUNK {blockData=conID: 2 locID: 102665037405749852 bcsId: 0} | ret=SUCCESS |  
2019-08-23 07:09:09,891 | INFO  | DNAudit | user=null | ip=null | op=PUT_BLOCK {blockData=[blockId=conID: 2 locID: 102665037405749852 bcsId: 0,size=1048576]} | ret=SUCCESS |  
2019-08-23 07:09:09,892 | INFO  | DNAudit | user=null | ip=null | op=WRITE_CHUNK {blockData=conID: 2 locID: 102665037405749852 bcsId: 0} | ret=SUCCESS |  
2019-08-23 07:09:09,892 | INFO  | DNAudit | user=null | ip=null | op=PUT_BLOCK {blockData=[blockId=conID: 2 locID: 102665037405749852 bcsId: 0,size=1048576]} | ret=SUCCESS |  
2019-08-23 07:09:09,892 | INFO  | DNAudit | user=null | ip=null | op=WRITE_CHUNK {blockData=conID: 2 locID: 102665037405749852 bcsId: 0} | ret=SUCCESS |  
2019-08-23 07:09:09,892 [grpc-default-executor-3] INFO  client.GrpcClientProtocolClient (GrpcClientProtocolClient.java:onNext(255)) - client-D91E5D1E15CE->f2ba01fc-a63e-4348-bd18-030b60a135e7: receive RaftClientReply:client-D91E5D1E15CE->f2ba01fc-a63e-4348-bd18-030b60a135e7@group-C8C62FEF0626, cid=2602, SUCCESS, logIndex=0, commits[f2ba01fc-a63e-4348-bd18-030b60a135e7:c3858, eab135d4-a257-4705-b491-6c056b8c5df7:c3854, a4f67574-9018-43e7-8a54-351e98dc3d0a:c3854]
2019-08-23 07:09:09,892 | INFO  | DNAudit | user=null | ip=null | op=WRITE_CHUNK {blockData=conID: 2 locID: 102665037405749852 bcsId: 0} | ret=SUCCESS |  
2019-08-23 07:09:09,893 | INFO  | DNAudit | user=null | ip=null | op=PUT_BLOCK {blockData=[blockId=conID: 2 locID: 102665037405749852 bcsId: 0,size=2097152]} | ret=SUCCESS |  
2019-08-23 07:09:09,893 | INFO  | DNAudit | user=null | ip=null | op=PUT_BLOCK {blockData=[blockId=conID: 2 locID: 102665037405749852 bcsId: 0,size=2097152]} | ret=SUCCESS |  
2019-08-23 07:09:09,897 | INFO  | DNAudit | user=null | ip=null | op=WRITE_CHUNK {blockData=conID: 2 locID: 102665037405749852 bcsId: 3856} | ret=SUCCESS |  
2019-08-23 07:09:09,899 | INFO  | DNAudit | user=null | ip=null | op=WRITE_CHUNK {blockData=conID: 2 locID: 102665037405749852 bcsId: 3856} | ret=SUCCESS |  
2019-08-23 07:09:09,899 | INFO  | DNAudit | user=null | ip=null | op=WRITE_CHUNK {blockData=conID: 2 locID: 102665037405749852 bcsId: 3856} | ret=SUCCESS |  
2019-08-23 07:09:09,909 | INFO  | DNAudit | user=null | ip=null | op=WRITE_CHUNK {blockData=conID: 2 locID: 102665037405749852 bcsId: 3856} | ret=SUCCESS |  
2019-08-23 07:09:09,910 | INFO  | DNAudit | user=null | ip=null | op=PUT_BLOCK {blockData=[blockId=conID: 2 locID: 102665037405749852 bcsId: 0,size=3145728]} | ret=SUCCESS |  
2019-08-23 07:09:09,910 [grpc-default-executor-3] INFO  client.GrpcClientProtocolClient (GrpcClientProtocolClient.java:onNext(255)) - client-D91E5D1E15CE->f2ba01fc-a63e-4348-bd18-030b60a135e7: receive RaftClientReply:client-D91E5D1E15CE->f2ba01fc-a63e-4348-bd18-030b60a135e7@group-C8C62FEF0626, cid=2603, SUCCESS, logIndex=3861, commits[f2ba01fc-a63e-4348-bd18-030b60a135e7:c3862, eab135d4-a257-4705-b491-6c056b8c5df7:c3860, a4f67574-9018-43e7-8a54-351e98dc3d0a:c3860]
2019-08-23 07:09:09,910 [grpc-default-executor-3] INFO  client.GrpcClientProtocolClient (GrpcClientProtocolClient.java:onNext(255)) - client-D91E5D1E15CE->f2ba01fc-a63e-4348-bd18-030b60a135e7: receive RaftClientReply:client-D91E5D1E15CE->f2ba01fc-a63e-4348-bd18-030b60a135e7@group-C8C62FEF0626, cid=2604, SUCCESS, logIndex=3862, commits[f2ba01fc-a63e-4348-bd18-030b60a135e7:c3862, eab135d4-a257-4705-b491-6c056b8c5df7:c3860, a4f67574-9018-43e7-8a54-351e98dc3d0a:c3860]
2019-08-23 07:09:09,911 | INFO  | DNAudit | user=null | ip=null | op=WRITE_CHUNK {blockData=conID: 2 locID: 102665037405749852 bcsId: 3856} | ret=SUCCESS |  
2019-08-23 07:09:09,911 | INFO  | DNAudit | user=null | ip=null | op=WRITE_CHUNK {blockData=conID: 2 locID: 102665037405749852 bcsId: 3856} | ret=SUCCESS |  
2019-08-23 07:09:09,912 | INFO  | DNAudit | user=null | ip=null | op=PUT_BLOCK {blockData=[blockId=conID: 2 locID: 102665037405749852 bcsId: 0,size=3145728]} | ret=SUCCESS |  
2019-08-23 07:09:09,912 | INFO  | DNAudit | user=null | ip=null | op=PUT_BLOCK {blockData=[blockId=conID: 2 locID: 102665037405749852 bcsId: 0,size=3145728]} | ret=SUCCESS |  
2019-08-23 07:09:09,915 | INFO  | DNAudit | user=null | ip=null | op=WRITE_CHUNK {blockData=conID: 2 locID: 102665037405749852 bcsId: 3862} | ret=SUCCESS |  
2019-08-23 07:09:09,916 | INFO  | DNAudit | user=null | ip=null | op=WRITE_CHUNK {blockData=conID: 2 locID: 102665037405749852 bcsId: 3862} | ret=SUCCESS |  
2019-08-23 07:09:09,917 | INFO  | DNAudit | user=null | ip=null | op=WRITE_CHUNK {blockData=conID: 2 locID: 102665037405749852 bcsId: 3862} | ret=SUCCESS |  
2019-08-23 07:09:09,928 | INFO  | DNAudit | user=null | ip=null | op=WRITE_CHUNK {blockData=conID: 2 locID: 102665037405749852 bcsId: 3862} | ret=SUCCESS |  
2019-08-23 07:09:09,928 [grpc-default-executor-0] INFO  client.GrpcClientProtocolClient (GrpcClientProtocolClient.java:onNext(255)) - client-D91E5D1E15CE->f2ba01fc-a63e-4348-bd18-030b60a135e7: receive RaftClientReply:client-D91E5D1E15CE->f2ba01fc-a63e-4348-bd18-030b60a135e7@group-C8C62FEF0626, cid=2605, SUCCESS, logIndex=3865, commits[f2ba01fc-a63e-4348-bd18-030b60a135e7:c3866, eab135d4-a257-4705-b491-6c056b8c5df7:c3864, a4f67574-9018-43e7-8a54-351e98dc3d0a:c3864]
2019-08-23 07:09:09,928 | INFO  | DNAudit | user=null | ip=null | op=PUT_BLOCK {blockData=[blockId=conID: 2 locID: 102665037405749852 bcsId: 0,size=4194304]} | ret=SUCCESS |  
2019-08-23 07:09:09,928 [grpc-default-executor-0] INFO  client.GrpcClientProtocolClient (GrpcClientProtocolClient.java:onNext(255)) - client-D91E5D1E15CE->f2ba01fc-a63e-4348-bd18-030b60a135e7: receive RaftClientReply:client-D91E5D1E15CE->f2ba01fc-a63e-4348-bd18-030b60a135e7@group-C8C62FEF0626, cid=2606, SUCCESS, logIndex=3866, commits[f2ba01fc-a63e-4348-bd18-030b60a135e7:c3866, eab135d4-a257-4705-b491-6c056b8c5df7:c3864, a4f67574-9018-43e7-8a54-351e98dc3d0a:c3864]
2019-08-23 07:09:09,930 | INFO  | DNAudit | user=null | ip=null | op=WRITE_CHUNK {blockData=conID: 2 locID: 102665037405749852 bcsId: 3862} | ret=SUCCESS |  
2019-08-23 07:09:09,930 | INFO  | DNAudit | user=null | ip=null | op=WRITE_CHUNK {blockData=conID: 2 locID: 102665037405749852 bcsId: 3862} | ret=SUCCESS |  
2019-08-23 07:09:09,931 | INFO  | DNAudit | user=null | ip=null | op=PUT_BLOCK {blockData=[blockId=conID: 2 locID: 102665037405749852 bcsId: 0,size=4194304]} | ret=SUCCESS |  
2019-08-23 07:09:09,931 | INFO  | DNAudit | user=null | ip=null | op=PUT_BLOCK {blockData=[blockId=conID: 2 locID: 102665037405749852 bcsId: 0,size=4194304]} | ret=SUCCESS |  
2019-08-23 07:09:09,932 [grpc-default-executor-0] INFO  client.GrpcClientProtocolClient (GrpcClientProtocolClient.java:onNext(255)) - client-D91E5D1E15CE->f2ba01fc-a63e-4348-bd18-030b60a135e7: receive RaftClientReply:client-D91E5D1E15CE->f2ba01fc-a63e-4348-bd18-030b60a135e7@group-C8C62FEF0626, cid=2607, SUCCESS, logIndex=0, commits[f2ba01fc-a63e-4348-bd18-030b60a135e7:c3868, eab135d4-a257-4705-b491-6c056b8c5df7:c3866, a4f67574-9018-43e7-8a54-351e98dc3d0a:c3866]
2019-08-23 07:09:09,936 | INFO  | SCMAudit | user=jenkins1000 | ip=192.168.5.178 | op=ALLOCATE_BLOCK {owner=aaf04d22-10dd-4717-8862-c651bdde72cf, size=4194304, type=RATIS, factor=THREE} | ret=SUCCESS |  
2019-08-23 07:09:09,939 | INFO  | OMAudit | user=jenkins1000 | ip=127.0.0.1 | op=ALLOCATE_BLOCK {volume=vol-0-67663, bucket=bucket-0-68950, key=key-0-26970, dataSize=0, replicationType=null, replicationFactor=null, keyLocationInfo=null, clientID=102665036030476690} | ret=SUCCESS |  
2019-08-23 07:09:09,944 | INFO  | DNAudit | user=null | ip=null | op=WRITE_CHUNK {blockData=conID: 3 locID: 102665037410206301 bcsId: 0} | ret=SUCCESS |  
2019-08-23 07:09:09,946 | INFO  | DNAudit | user=null | ip=null | op=WRITE_CHUNK {blockData=conID: 3 locID: 102665037410206301 bcsId: 0} | ret=SUCCESS |  
2019-08-23 07:09:09,946 | INFO  | DNAudit | user=null | ip=null | op=WRITE_CHUNK {blockData=conID: 3 locID: 102665037410206301 bcsId: 0} | ret=SUCCESS |  
2019-08-23 07:09:09,946 | INFO  | DNAudit | user=null | ip=null | op=WRITE_CHUNK {blockData=conID: 3 locID: 102665037410206301 bcsId: 0} | ret=SUCCESS |  
2019-08-23 07:09:09,948 | INFO  | DNAudit | user=null | ip=null | op=WRITE_CHUNK {blockData=conID: 3 locID: 102665037410206301 bcsId: 0} | ret=SUCCESS |  
2019-08-23 07:09:09,948 | INFO  | DNAudit | user=null | ip=null | op=WRITE_CHUNK {blockData=conID: 3 locID: 102665037410206301 bcsId: 0} | ret=SUCCESS |  
2019-08-23 07:09:09,949 | INFO  | DNAudit | user=null | ip=null | op=WRITE_CHUNK {blockData=conID: 3 locID: 102665037410206301 bcsId: 0} | ret=SUCCESS |  
2019-08-23 07:09:09,949 | INFO  | DNAudit | user=null | ip=null | op=PUT_BLOCK {blockData=[blockId=conID: 3 locID: 102665037410206301 bcsId: 0,size=1048576]} | ret=SUCCESS |  
2019-08-23 07:09:09,949 [grpc-default-executor-3] INFO  client.GrpcClientProtocolClient (GrpcClientProtocolClient.java:onNext(255)) - client-D91E5D1E15CE->f2ba01fc-a63e-4348-bd18-030b60a135e7: receive RaftClientReply:client-D91E5D1E15CE->f2ba01fc-a63e-4348-bd18-030b60a135e7@group-C8C62FEF0626, cid=2608, SUCCESS, logIndex=3869, commits[f2ba01fc-a63e-4348-bd18-030b60a135e7:c3870, eab135d4-a257-4705-b491-6c056b8c5df7:c3866, a4f67574-9018-43e7-8a54-351e98dc3d0a:c3868]
2019-08-23 07:09:09,949 | INFO  | DNAudit | user=null | ip=null | op=WRITE_CHUNK {blockData=conID: 3 locID: 102665037410206301 bcsId: 0} | ret=SUCCESS |  
2019-08-23 07:09:09,950 [grpc-default-executor-3] INFO  client.GrpcClientProtocolClient (GrpcClientProtocolClient.java:onNext(255)) - client-D91E5D1E15CE->f2ba01fc-a63e-4348-bd18-030b60a135e7: receive RaftClientReply:client-D91E5D1E15CE->f2ba01fc-a63e-4348-bd18-030b60a135e7@group-C8C62FEF0626, cid=2609, SUCCESS, logIndex=3870, commits[f2ba01fc-a63e-4348-bd18-030b60a135e7:c3870, eab135d4-a257-4705-b491-6c056b8c5df7:c3868, a4f67574-9018-43e7-8a54-351e98dc3d0a:c3868]
2019-08-23 07:09:09,950 | INFO  | DNAudit | user=null | ip=null | op=PUT_BLOCK {blockData=[blockId=conID: 3 locID: 102665037410206301 bcsId: 0,size=2097152]} | ret=SUCCESS |  
2019-08-23 07:09:09,950 [grpc-default-executor-6] INFO  client.GrpcClientProtocolClient (GrpcClientProtocolClient.java:onNext(255)) - client-D91E5D1E15CE->f2ba01fc-a63e-4348-bd18-030b60a135e7: receive RaftClientReply:client-D91E5D1E15CE->f2ba01fc-a63e-4348-bd18-030b60a135e7@group-C8C62FEF0626, cid=2610, SUCCESS, logIndex=3871, commits[f2ba01fc-a63e-4348-bd18-030b60a135e7:c3871, eab135d4-a257-4705-b491-6c056b8c5df7:c3868, a4f67574-9018-43e7-8a54-351e98dc3d0a:c3868]
2019-08-23 07:09:09,950 [grpc-default-executor-6] INFO  client.GrpcClientProtocolClient (GrpcClientProtocolClient.java:onNext(255)) - client-D91E5D1E15CE->f2ba01fc-a63e-4348-bd18-030b60a135e7: receive RaftClientReply:client-D91E5D1E15CE->f2ba01fc-a63e-4348-bd18-030b60a135e7@group-C8C62FEF0626, cid=2611, SUCCESS, logIndex=3872, commits[f2ba01fc-a63e-4348-bd18-030b60a135e7:c3872, eab135d4-a257-4705-b491-6c056b8c5df7:c3868, a4f67574-9018-43e7-8a54-351e98dc3d0a:c3868]
2019-08-23 07:09:09,951 | INFO  | DNAudit | user=null | ip=null | op=WRITE_CHUNK {blockData=conID: 3 locID: 102665037410206301 bcsId: 0} | ret=SUCCESS |  
2019-08-23 07:09:09,951 | INFO  | DNAudit | user=null | ip=null | op=PUT_BLOCK {blockData=[blockId=conID: 3 locID: 102665037410206301 bcsId: 0,size=1048576]} | ret=SUCCESS |  
2019-08-23 07:09:09,952 | INFO  | DNAudit | user=null | ip=null | op=WRITE_CHUNK {blockData=conID: 3 locID: 102665037410206301 bcsId: 0} | ret=SUCCESS |  
2019-08-23 07:09:09,952 | INFO  | DNAudit | user=null | ip=null | op=PUT_BLOCK {blockData=[blockId=conID: 3 locID: 102665037410206301 bcsId: 0,size=1048576]} | ret=SUCCESS |  
2019-08-23 07:09:09,952 | INFO  | DNAudit | user=null | ip=null | op=WRITE_CHUNK {blockData=conID: 3 locID: 102665037410206301 bcsId: 0} | ret=SUCCESS |  
2019-08-23 07:09:09,953 [grpc-default-executor-3] INFO  client.GrpcClientProtocolClient (GrpcClientProtocolClient.java:onNext(255)) - client-D91E5D1E15CE->f2ba01fc-a63e-4348-bd18-030b60a135e7: receive RaftClientReply:client-D91E5D1E15CE->f2ba01fc-a63e-4348-bd18-030b60a135e7@group-C8C62FEF0626, cid=2612, SUCCESS, logIndex=0, commits[f2ba01fc-a63e-4348-bd18-030b60a135e7:c3874, eab135d4-a257-4705-b491-6c056b8c5df7:c3870, a4f67574-9018-43e7-8a54-351e98dc3d0a:c3870]
2019-08-23 07:09:09,953 | INFO  | DNAudit | user=null | ip=null | op=WRITE_CHUNK {blockData=conID: 3 locID: 102665037410206301 bcsId: 0} | ret=SUCCESS |  
2019-08-23 07:09:09,953 | INFO  | DNAudit | user=null | ip=null | op=PUT_BLOCK {blockData=[blockId=conID: 3 locID: 102665037410206301 bcsId: 0,size=2097152]} | ret=SUCCESS |  
2019-08-23 07:09:09,953 | INFO  | DNAudit | user=null | ip=null | op=PUT_BLOCK {blockData=[blockId=conID: 3 locID: 102665037410206301 bcsId: 0,size=2097152]} | ret=SUCCESS |  
2019-08-23 07:09:09,958 | INFO  | DNAudit | user=null | ip=null | op=WRITE_CHUNK {blockData=conID: 3 locID: 102665037410206301 bcsId: 3872} | ret=SUCCESS |  
2019-08-23 07:09:09,959 | INFO  | DNAudit | user=null | ip=null | op=WRITE_CHUNK {blockData=conID: 3 locID: 102665037410206301 bcsId: 3872} | ret=SUCCESS |  
2019-08-23 07:09:09,959 | INFO  | DNAudit | user=null | ip=null | op=WRITE_CHUNK {blockData=conID: 3 locID: 102665037410206301 bcsId: 3872} | ret=SUCCESS |  
2019-08-23 07:09:09,962 | INFO  | DNAudit | user=null | ip=null | op=WRITE_CHUNK {blockData=conID: 3 locID: 102665037410206301 bcsId: 3872} | ret=SUCCESS |  
2019-08-23 07:09:09,962 | INFO  | DNAudit | user=null | ip=null | op=PUT_BLOCK {blockData=[blockId=conID: 3 locID: 102665037410206301 bcsId: 0,size=3145728]} | ret=SUCCESS |  
2019-08-23 07:09:09,962 [grpc-default-executor-6] INFO  client.GrpcClientProtocolClient (GrpcClientProtocolClient.java:onNext(255)) - client-D91E5D1E15CE->f2ba01fc-a63e-4348-bd18-030b60a135e7: receive RaftClientReply:client-D91E5D1E15CE->f2ba01fc-a63e-4348-bd18-030b60a135e7@group-C8C62FEF0626, cid=2613, SUCCESS, logIndex=3877, commits[f2ba01fc-a63e-4348-bd18-030b60a135e7:c3878, eab135d4-a257-4705-b491-6c056b8c5df7:c3876, a4f67574-9018-43e7-8a54-351e98dc3d0a:c3876]
2019-08-23 07:09:09,963 [grpc-default-executor-6] INFO  client.GrpcClientProtocolClient (GrpcClientProtocolClient.java:onNext(255)) - client-D91E5D1E15CE->f2ba01fc-a63e-4348-bd18-030b60a135e7: receive RaftClientReply:client-D91E5D1E15CE->f2ba01fc-a63e-4348-bd18-030b60a135e7@group-C8C62FEF0626, cid=2614, SUCCESS, logIndex=3878, commits[f2ba01fc-a63e-4348-bd18-030b60a135e7:c3878, eab135d4-a257-4705-b491-6c056b8c5df7:c3876, a4f67574-9018-43e7-8a54-351e98dc3d0a:c3876]
2019-08-23 07:09:09,964 | INFO  | DNAudit | user=null | ip=null | op=WRITE_CHUNK {blockData=conID: 3 locID: 102665037410206301 bcsId: 3872} | ret=SUCCESS |  
2019-08-23 07:09:09,964 | INFO  | DNAudit | user=null | ip=null | op=WRITE_CHUNK {blockData=conID: 3 locID: 102665037410206301 bcsId: 3872} | ret=SUCCESS |  
2019-08-23 07:09:09,965 | INFO  | DNAudit | user=null | ip=null | op=PUT_BLOCK {blockData=[blockId=conID: 3 locID: 102665037410206301 bcsId: 0,size=3145728]} | ret=SUCCESS |  
2019-08-23 07:09:09,965 | INFO  | DNAudit | user=null | ip=null | op=PUT_BLOCK {blockData=[blockId=conID: 3 locID: 102665037410206301 bcsId: 0,size=3145728]} | ret=SUCCESS |  
2019-08-23 07:09:09,968 | INFO  | DNAudit | user=null | ip=null | op=WRITE_CHUNK {blockData=conID: 3 locID: 102665037410206301 bcsId: 3878} | ret=SUCCESS |  
2019-08-23 07:09:09,969 | INFO  | DNAudit | user=null | ip=null | op=WRITE_CHUNK {blockData=conID: 3 locID: 102665037410206301 bcsId: 3878} | ret=SUCCESS |  
2019-08-23 07:09:09,969 | INFO  | DNAudit | user=null | ip=null | op=WRITE_CHUNK {blockData=conID: 3 locID: 102665037410206301 bcsId: 3878} | ret=SUCCESS |  
2019-08-23 07:09:09,984 | INFO  | DNAudit | user=null | ip=null | op=WRITE_CHUNK {blockData=conID: 3 locID: 102665037410206301 bcsId: 3878} | ret=SUCCESS |  
2019-08-23 07:09:09,985 | INFO  | DNAudit | user=null | ip=null | op=PUT_BLOCK {blockData=[blockId=conID: 3 locID: 102665037410206301 bcsId: 0,size=4194304]} | ret=SUCCESS |  
2019-08-23 07:09:09,985 [grpc-default-executor-0] INFO  client.GrpcClientProtocolClient (GrpcClientProtocolClient.java:onNext(255)) - client-D91E5D1E15CE->f2ba01fc-a63e-4348-bd18-030b60a135e7: receive RaftClientReply:client-D91E5D1E15CE->f2ba01fc-a63e-4348-bd18-030b60a135e7@group-C8C62FEF0626, cid=2615, SUCCESS, logIndex=3881, commits[f2ba01fc-a63e-4348-bd18-030b60a135e7:c3882, eab135d4-a257-4705-b491-6c056b8c5df7:c3880, a4f67574-9018-43e7-8a54-351e98dc3d0a:c3880]
2019-08-23 07:09:09,985 [grpc-default-executor-0] INFO  client.GrpcClientProtocolClient (GrpcClientProtocolClient.java:onNext(255)) - client-D91E5D1E15CE->f2ba01fc-a63e-4348-bd18-030b60a135e7: receive RaftClientReply:client-D91E5D1E15CE->f2ba01fc-a63e-4348-bd18-030b60a135e7@group-C8C62FEF0626, cid=2616, SUCCESS, logIndex=3882, commits[f2ba01fc-a63e-4348-bd18-030b60a135e7:c3882, eab135d4-a257-4705-b491-6c056b8c5df7:c3880, a4f67574-9018-43e7-8a54-351e98dc3d0a:c3880]
2019-08-23 07:09:09,986 | INFO  | DNAudit | user=null | ip=null | op=WRITE_CHUNK {blockData=conID: 3 locID: 102665037410206301 bcsId: 3878} | ret=SUCCESS |  
2019-08-23 07:09:09,986 | INFO  | DNAudit | user=null | ip=null | op=WRITE_CHUNK {blockData=conID: 3 locID: 102665037410206301 bcsId: 3878} | ret=SUCCESS |  
2019-08-23 07:09:09,987 | INFO  | DNAudit | user=null | ip=null | op=PUT_BLOCK {blockData=[blockId=conID: 3 locID: 102665037410206301 bcsId: 0,size=4194304]} | ret=SUCCESS |  
2019-08-23 07:09:09,987 | INFO  | DNAudit | user=null | ip=null | op=PUT_BLOCK {blockData=[blockId=conID: 3 locID: 102665037410206301 bcsId: 0,size=4194304]} | ret=SUCCESS |  
2019-08-23 07:09:09,988 [grpc-default-executor-0] INFO  client.GrpcClientProtocolClient (GrpcClientProtocolClient.java:onNext(255)) - client-D91E5D1E15CE->f2ba01fc-a63e-4348-bd18-030b60a135e7: receive RaftClientReply:client-D91E5D1E15CE->f2ba01fc-a63e-4348-bd18-030b60a135e7@group-C8C62FEF0626, cid=2617, SUCCESS, logIndex=0, commits[f2ba01fc-a63e-4348-bd18-030b60a135e7:c3884, eab135d4-a257-4705-b491-6c056b8c5df7:c3882, a4f67574-9018-43e7-8a54-351e98dc3d0a:c3882]
2019-08-23 07:09:09,992 | INFO  | SCMAudit | user=jenkins1000 | ip=192.168.5.178 | op=ALLOCATE_BLOCK {owner=aaf04d22-10dd-4717-8862-c651bdde72cf, size=4194304, type=RATIS, factor=THREE} | ret=SUCCESS |  
2019-08-23 07:09:09,994 | INFO  | OMAudit | user=jenkins1000 | ip=127.0.0.1 | op=ALLOCATE_BLOCK {volume=vol-0-67663, bucket=bucket-0-68950, key=key-0-26970, dataSize=0, replicationType=null, replicationFactor=null, keyLocationInfo=null, clientID=102665036030476690} | ret=SUCCESS |  
2019-08-23 07:09:10,000 | INFO  | DNAudit | user=null | ip=null | op=WRITE_CHUNK {blockData=conID: 1 locID: 102665037413810782 bcsId: 0} | ret=SUCCESS |  
2019-08-23 07:09:10,002 | INFO  | DNAudit | user=null | ip=null | op=WRITE_CHUNK {blockData=conID: 1 locID: 102665037413810782 bcsId: 0} | ret=SUCCESS |  
2019-08-23 07:09:10,002 | INFO  | DNAudit | user=null | ip=null | op=WRITE_CHUNK {blockData=conID: 1 locID: 102665037413810782 bcsId: 0} | ret=SUCCESS |  
2019-08-23 07:09:10,002 | INFO  | DNAudit | user=null | ip=null | op=WRITE_CHUNK {blockData=conID: 1 locID: 102665037413810782 bcsId: 0} | ret=SUCCESS |  
2019-08-23 07:09:10,003 | INFO  | DNAudit | user=null | ip=null | op=WRITE_CHUNK {blockData=conID: 1 locID: 102665037413810782 bcsId: 0} | ret=SUCCESS |  
2019-08-23 07:09:10,004 | INFO  | DNAudit | user=null | ip=null | op=WRITE_CHUNK {blockData=conID: 1 locID: 102665037413810782 bcsId: 0} | ret=SUCCESS |  
2019-08-23 07:09:10,012 | INFO  | DNAudit | user=null | ip=null | op=WRITE_CHUNK {blockData=conID: 1 locID: 102665037413810782 bcsId: 0} | ret=SUCCESS |  
2019-08-23 07:09:10,013 | INFO  | DNAudit | user=null | ip=null | op=PUT_BLOCK {blockData=[blockId=conID: 1 locID: 102665037413810782 bcsId: 0,size=1048576]} | ret=SUCCESS |  
2019-08-23 07:09:10,013 [grpc-default-executor-0] INFO  client.GrpcClientProtocolClient (GrpcClientProtocolClient.java:onNext(255)) - client-D91E5D1E15CE->f2ba01fc-a63e-4348-bd18-030b60a135e7: receive RaftClientReply:client-D91E5D1E15CE->f2ba01fc-a63e-4348-bd18-030b60a135e7@group-C8C62FEF0626, cid=2618, SUCCESS, logIndex=3885, commits[f2ba01fc-a63e-4348-bd18-030b60a135e7:c3886, eab135d4-a257-4705-b491-6c056b8c5df7:c3884, a4f67574-9018-43e7-8a54-351e98dc3d0a:c3884]
2019-08-23 07:09:10,013 | INFO  | DNAudit | user=null | ip=null | op=WRITE_CHUNK {blockData=conID: 1 locID: 102665037413810782 bcsId: 0} | ret=SUCCESS |  
2019-08-23 07:09:10,013 | INFO  | DNAudit | user=null | ip=null | op=PUT_BLOCK {blockData=[blockId=conID: 1 locID: 102665037413810782 bcsId: 0,size=2097152]} | ret=SUCCESS |  
2019-08-23 07:09:10,013 [grpc-default-executor-0] INFO  client.GrpcClientProtocolClient (GrpcClientProtocolClient.java:onNext(255)) - client-D91E5D1E15CE->f2ba01fc-a63e-4348-bd18-030b60a135e7: receive RaftClientReply:client-D91E5D1E15CE->f2ba01fc-a63e-4348-bd18-030b60a135e7@group-C8C62FEF0626, cid=2619, SUCCESS, logIndex=3886, commits[f2ba01fc-a63e-4348-bd18-030b60a135e7:c3888, eab135d4-a257-4705-b491-6c056b8c5df7:c3884, a4f67574-9018-43e7-8a54-351e98dc3d0a:c3884]
2019-08-23 07:09:10,014 [grpc-default-executor-0] INFO  client.GrpcClientProtocolClient (GrpcClientProtocolClient.java:onNext(255)) - client-D91E5D1E15CE->f2ba01fc-a63e-4348-bd18-030b60a135e7: receive RaftClientReply:client-D91E5D1E15CE->f2ba01fc-a63e-4348-bd18-030b60a135e7@group-C8C62FEF0626, cid=2620, SUCCESS, logIndex=3887, commits[f2ba01fc-a63e-4348-bd18-030b60a135e7:c3888, eab135d4-a257-4705-b491-6c056b8c5df7:c3884, a4f67574-9018-43e7-8a54-351e98dc3d0a:c3884]
2019-08-23 07:09:10,014 [grpc-default-executor-0] INFO  client.GrpcClientProtocolClient (GrpcClientProtocolClient.java:onNext(255)) - client-D91E5D1E15CE->f2ba01fc-a63e-4348-bd18-030b60a135e7: receive RaftClientReply:client-D91E5D1E15CE->f2ba01fc-a63e-4348-bd18-030b60a135e7@group-C8C62FEF0626, cid=2621, SUCCESS, logIndex=3888, commits[f2ba01fc-a63e-4348-bd18-030b60a135e7:c3888, eab135d4-a257-4705-b491-6c056b8c5df7:c3884, a4f67574-9018-43e7-8a54-351e98dc3d0a:c3884]
2019-08-23 07:09:10,014 | INFO  | DNAudit | user=null | ip=null | op=WRITE_CHUNK {blockData=conID: 1 locID: 102665037413810782 bcsId: 0} | ret=SUCCESS |  
2019-08-23 07:09:10,015 | INFO  | DNAudit | user=null | ip=null | op=WRITE_CHUNK {blockData=conID: 1 locID: 102665037413810782 bcsId: 0} | ret=SUCCESS |  
2019-08-23 07:09:10,015 | INFO  | DNAudit | user=null | ip=null | op=PUT_BLOCK {blockData=[blockId=conID: 1 locID: 102665037413810782 bcsId: 0,size=1048576]} | ret=SUCCESS |  
2019-08-23 07:09:10,015 | INFO  | DNAudit | user=null | ip=null | op=PUT_BLOCK {blockData=[blockId=conID: 1 locID: 102665037413810782 bcsId: 0,size=1048576]} | ret=SUCCESS |  
2019-08-23 07:09:10,015 | INFO  | DNAudit | user=null | ip=null | op=WRITE_CHUNK {blockData=conID: 1 locID: 102665037413810782 bcsId: 0} | ret=SUCCESS |  
2019-08-23 07:09:10,015 | INFO  | DNAudit | user=null | ip=null | op=WRITE_CHUNK {blockData=conID: 1 locID: 102665037413810782 bcsId: 0} | ret=SUCCESS |  
2019-08-23 07:09:10,015 | INFO  | DNAudit | user=null | ip=null | op=PUT_BLOCK {blockData=[blockId=conID: 1 locID: 102665037413810782 bcsId: 0,size=2097152]} | ret=SUCCESS |  
2019-08-23 07:09:10,015 [grpc-default-executor-0] INFO  client.GrpcClientProtocolClient (GrpcClientProtocolClient.java:onNext(255)) - client-D91E5D1E15CE->f2ba01fc-a63e-4348-bd18-030b60a135e7: receive RaftClientReply:client-D91E5D1E15CE->f2ba01fc-a63e-4348-bd18-030b60a135e7@group-C8C62FEF0626, cid=2622, SUCCESS, logIndex=0, commits[f2ba01fc-a63e-4348-bd18-030b60a135e7:c3892, eab135d4-a257-4705-b491-6c056b8c5df7:c3888, a4f67574-9018-43e7-8a54-351e98dc3d0a:c3886]
2019-08-23 07:09:10,016 | INFO  | DNAudit | user=null | ip=null | op=PUT_BLOCK {blockData=[blockId=conID: 1 locID: 102665037413810782 bcsId: 0,size=2097152]} | ret=SUCCESS |  
2019-08-23 07:09:10,021 | INFO  | DNAudit | user=null | ip=null | op=WRITE_CHUNK {blockData=conID: 1 locID: 102665037413810782 bcsId: 3888} | ret=SUCCESS |  
2019-08-23 07:09:10,023 | INFO  | DNAudit | user=null | ip=null | op=WRITE_CHUNK {blockData=conID: 1 locID: 102665037413810782 bcsId: 3888} | ret=SUCCESS |  
2019-08-23 07:09:10,023 | INFO  | DNAudit | user=null | ip=null | op=WRITE_CHUNK {blockData=conID: 1 locID: 102665037413810782 bcsId: 3888} | ret=SUCCESS |  
2019-08-23 07:09:10,033 | INFO  | DNAudit | user=null | ip=null | op=WRITE_CHUNK {blockData=conID: 1 locID: 102665037413810782 bcsId: 3888} | ret=SUCCESS |  
2019-08-23 07:09:10,033 | INFO  | DNAudit | user=null | ip=null | op=PUT_BLOCK {blockData=[blockId=conID: 1 locID: 102665037413810782 bcsId: 0,size=3145728]} | ret=SUCCESS |  
2019-08-23 07:09:10,033 [grpc-default-executor-0] INFO  client.GrpcClientProtocolClient (GrpcClientProtocolClient.java:onNext(255)) - client-D91E5D1E15CE->f2ba01fc-a63e-4348-bd18-030b60a135e7: receive RaftClientReply:client-D91E5D1E15CE->f2ba01fc-a63e-4348-bd18-030b60a135e7@group-C8C62FEF0626, cid=2623, SUCCESS, logIndex=3893, commits[f2ba01fc-a63e-4348-bd18-030b60a135e7:c3894, eab135d4-a257-4705-b491-6c056b8c5df7:c3892, a4f67574-9018-43e7-8a54-351e98dc3d0a:c3892]
2019-08-23 07:09:10,033 [grpc-default-executor-0] INFO  client.GrpcClientProtocolClient (GrpcClientProtocolClient.java:onNext(255)) - client-D91E5D1E15CE->f2ba01fc-a63e-4348-bd18-030b60a135e7: receive RaftClientReply:client-D91E5D1E15CE->f2ba01fc-a63e-4348-bd18-030b60a135e7@group-C8C62FEF0626, cid=2624, SUCCESS, logIndex=3894, commits[f2ba01fc-a63e-4348-bd18-030b60a135e7:c3894, eab135d4-a257-4705-b491-6c056b8c5df7:c3892, a4f67574-9018-43e7-8a54-351e98dc3d0a:c3892]
2019-08-23 07:09:10,034 | INFO  | DNAudit | user=null | ip=null | op=WRITE_CHUNK {blockData=conID: 1 locID: 102665037413810782 bcsId: 3888} | ret=SUCCESS |  
2019-08-23 07:09:10,034 | INFO  | DNAudit | user=null | ip=null | op=PUT_BLOCK {blockData=[blockId=conID: 1 locID: 102665037413810782 bcsId: 0,size=3145728]} | ret=SUCCESS |  
2019-08-23 07:09:10,034 | INFO  | DNAudit | user=null | ip=null | op=WRITE_CHUNK {blockData=conID: 1 locID: 102665037413810782 bcsId: 3888} | ret=SUCCESS |  
2019-08-23 07:09:10,035 | INFO  | DNAudit | user=null | ip=null | op=PUT_BLOCK {blockData=[blockId=conID: 1 locID: 102665037413810782 bcsId: 0,size=3145728]} | ret=SUCCESS |  
2019-08-23 07:09:10,039 | INFO  | DNAudit | user=null | ip=null | op=WRITE_CHUNK {blockData=conID: 1 locID: 102665037413810782 bcsId: 3894} | ret=SUCCESS |  
2019-08-23 07:09:10,040 | INFO  | DNAudit | user=null | ip=null | op=WRITE_CHUNK {blockData=conID: 1 locID: 102665037413810782 bcsId: 3894} | ret=SUCCESS |  
2019-08-23 07:09:10,040 | INFO  | DNAudit | user=null | ip=null | op=WRITE_CHUNK {blockData=conID: 1 locID: 102665037413810782 bcsId: 3894} | ret=SUCCESS |  
2019-08-23 07:09:10,050 | INFO  | DNAudit | user=null | ip=null | op=WRITE_CHUNK {blockData=conID: 1 locID: 102665037413810782 bcsId: 3894} | ret=SUCCESS |  
2019-08-23 07:09:10,051 | INFO  | DNAudit | user=null | ip=null | op=PUT_BLOCK {blockData=[blockId=conID: 1 locID: 102665037413810782 bcsId: 0,size=4194304]} | ret=SUCCESS |  
2019-08-23 07:09:10,051 [grpc-default-executor-6] INFO  client.GrpcClientProtocolClient (GrpcClientProtocolClient.java:onNext(255)) - client-D91E5D1E15CE->f2ba01fc-a63e-4348-bd18-030b60a135e7: receive RaftClientReply:client-D91E5D1E15CE->f2ba01fc-a63e-4348-bd18-030b60a135e7@group-C8C62FEF0626, cid=2625, SUCCESS, logIndex=3897, commits[f2ba01fc-a63e-4348-bd18-030b60a135e7:c3898, eab135d4-a257-4705-b491-6c056b8c5df7:c3896, a4f67574-9018-43e7-8a54-351e98dc3d0a:c3896]
2019-08-23 07:09:10,051 [grpc-default-executor-6] INFO  client.GrpcClientProtocolClient (GrpcClientProtocolClient.java:onNext(255)) - client-D91E5D1E15CE->f2ba01fc-a63e-4348-bd18-030b60a135e7: receive RaftClientReply:client-D91E5D1E15CE->f2ba01fc-a63e-4348-bd18-030b60a135e7@group-C8C62FEF0626, cid=2626, SUCCESS, logIndex=3898, commits[f2ba01fc-a63e-4348-bd18-030b60a135e7:c3898, eab135d4-a257-4705-b491-6c056b8c5df7:c3896, a4f67574-9018-43e7-8a54-351e98dc3d0a:c3896]
2019-08-23 07:09:10,052 | INFO  | DNAudit | user=null | ip=null | op=WRITE_CHUNK {blockData=conID: 1 locID: 102665037413810782 bcsId: 3894} | ret=SUCCESS |  
2019-08-23 07:09:10,052 | INFO  | DNAudit | user=null | ip=null | op=WRITE_CHUNK {blockData=conID: 1 locID: 102665037413810782 bcsId: 3894} | ret=SUCCESS |  
2019-08-23 07:09:10,053 | INFO  | DNAudit | user=null | ip=null | op=PUT_BLOCK {blockData=[blockId=conID: 1 locID: 102665037413810782 bcsId: 0,size=4194304]} | ret=SUCCESS |  
2019-08-23 07:09:10,054 | INFO  | DNAudit | user=null | ip=null | op=PUT_BLOCK {blockData=[blockId=conID: 1 locID: 102665037413810782 bcsId: 0,size=4194304]} | ret=SUCCESS |  
2019-08-23 07:09:10,054 [grpc-default-executor-0] INFO  client.GrpcClientProtocolClient (GrpcClientProtocolClient.java:onNext(255)) - client-D91E5D1E15CE->f2ba01fc-a63e-4348-bd18-030b60a135e7: receive RaftClientReply:client-D91E5D1E15CE->f2ba01fc-a63e-4348-bd18-030b60a135e7@group-C8C62FEF0626, cid=2627, SUCCESS, logIndex=0, commits[f2ba01fc-a63e-4348-bd18-030b60a135e7:c3900, eab135d4-a257-4705-b491-6c056b8c5df7:c3898, a4f67574-9018-43e7-8a54-351e98dc3d0a:c3898]
2019-08-23 07:09:10,058 | INFO  | SCMAudit | user=jenkins1000 | ip=192.168.5.178 | op=ALLOCATE_BLOCK {owner=aaf04d22-10dd-4717-8862-c651bdde72cf, size=4194304, type=RATIS, factor=THREE} | ret=SUCCESS |  
2019-08-23 07:09:10,061 | INFO  | OMAudit | user=jenkins1000 | ip=127.0.0.1 | op=ALLOCATE_BLOCK {volume=vol-0-67663, bucket=bucket-0-68950, key=key-0-26970, dataSize=0, replicationType=null, replicationFactor=null, keyLocationInfo=null, clientID=102665036030476690} | ret=SUCCESS |  
2019-08-23 07:09:10,066 | INFO  | DNAudit | user=null | ip=null | op=WRITE_CHUNK {blockData=conID: 2 locID: 102665037418201695 bcsId: 0} | ret=SUCCESS |  
2019-08-23 07:09:10,069 | INFO  | DNAudit | user=null | ip=null | op=WRITE_CHUNK {blockData=conID: 2 locID: 102665037418201695 bcsId: 0} | ret=SUCCESS |  
2019-08-23 07:09:10,069 | INFO  | DNAudit | user=null | ip=null | op=WRITE_CHUNK {blockData=conID: 2 locID: 102665037418201695 bcsId: 0} | ret=SUCCESS |  
2019-08-23 07:09:10,070 | INFO  | DNAudit | user=null | ip=null | op=WRITE_CHUNK {blockData=conID: 2 locID: 102665037418201695 bcsId: 0} | ret=SUCCESS |  
2019-08-23 07:09:10,070 | INFO  | DNAudit | user=null | ip=null | op=WRITE_CHUNK {blockData=conID: 2 locID: 102665037418201695 bcsId: 0} | ret=SUCCESS |  
2019-08-23 07:09:10,070 | INFO  | DNAudit | user=null | ip=null | op=WRITE_CHUNK {blockData=conID: 2 locID: 102665037418201695 bcsId: 0} | ret=SUCCESS |  
 0.00% |█                                                                                                    |  0/1 Time: 0:00:212019-08-23 07:09:10,080 | INFO  | SCMAudit | user=jenkins1000 | ip=192.168.5.178 | op=SEND_HEARTBEAT {datanodeUUID=5c311bc2-cc7c-45de-998f-f79499d85d4e, command=[]} | ret=SUCCESS |  
2019-08-23 07:09:10,082 | INFO  | DNAudit | user=null | ip=null | op=WRITE_CHUNK {blockData=conID: 2 locID: 102665037418201695 bcsId: 0} | ret=SUCCESS |  
2019-08-23 07:09:10,082 | INFO  | DNAudit | user=null | ip=null | op=PUT_BLOCK {blockData=[blockId=conID: 2 locID: 102665037418201695 bcsId: 0,size=1048576]} | ret=SUCCESS |  
2019-08-23 07:09:10,082 [grpc-default-executor-0] INFO  client.GrpcClientProtocolClient (GrpcClientProtocolClient.java:onNext(255)) - client-D91E5D1E15CE->f2ba01fc-a63e-4348-bd18-030b60a135e7: receive RaftClientReply:client-D91E5D1E15CE->f2ba01fc-a63e-4348-bd18-030b60a135e7@group-C8C62FEF0626, cid=2628, SUCCESS, logIndex=3901, commits[f2ba01fc-a63e-4348-bd18-030b60a135e7:c3903, eab135d4-a257-4705-b491-6c056b8c5df7:c3900, a4f67574-9018-43e7-8a54-351e98dc3d0a:c3900]
2019-08-23 07:09:10,082 | INFO  | DNAudit | user=null | ip=null | op=WRITE_CHUNK {blockData=conID: 2 locID: 102665037418201695 bcsId: 0} | ret=SUCCESS |  
2019-08-23 07:09:10,083 | INFO  | DNAudit | user=null | ip=null | op=PUT_BLOCK {blockData=[blockId=conID: 2 locID: 102665037418201695 bcsId: 0,size=2097152]} | ret=SUCCESS |  
2019-08-23 07:09:10,083 [grpc-default-executor-0] INFO  client.GrpcClientProtocolClient (GrpcClientProtocolClient.java:onNext(255)) - client-D91E5D1E15CE->f2ba01fc-a63e-4348-bd18-030b60a135e7: receive RaftClientReply:client-D91E5D1E15CE->f2ba01fc-a63e-4348-bd18-030b60a135e7@group-C8C62FEF0626, cid=2629, SUCCESS, logIndex=3902, commits[f2ba01fc-a63e-4348-bd18-030b60a135e7:c3904, eab135d4-a257-4705-b491-6c056b8c5df7:c3900, a4f67574-9018-43e7-8a54-351e98dc3d0a:c3900]
2019-08-23 07:09:10,083 [grpc-default-executor-0] INFO  client.GrpcClientProtocolClient (GrpcClientProtocolClient.java:onNext(255)) - client-D91E5D1E15CE->f2ba01fc-a63e-4348-bd18-030b60a135e7: receive RaftClientReply:client-D91E5D1E15CE->f2ba01fc-a63e-4348-bd18-030b60a135e7@group-C8C62FEF0626, cid=2630, SUCCESS, logIndex=3903, commits[f2ba01fc-a63e-4348-bd18-030b60a135e7:c3904, eab135d4-a257-4705-b491-6c056b8c5df7:c3900, a4f67574-9018-43e7-8a54-351e98dc3d0a:c3900]
2019-08-23 07:09:10,083 | INFO  | DNAudit | user=null | ip=null | op=WRITE_CHUNK {blockData=conID: 2 locID: 102665037418201695 bcsId: 0} | ret=SUCCESS |  
2019-08-23 07:09:10,083 | INFO  | DNAudit | user=null | ip=null | op=WRITE_CHUNK {blockData=conID: 2 locID: 102665037418201695 bcsId: 0} | ret=SUCCESS |  
2019-08-23 07:09:10,083 [grpc-default-executor-4] INFO  client.GrpcClientProtocolClient (GrpcClientProtocolClient.java:onNext(255)) - client-D91E5D1E15CE->f2ba01fc-a63e-4348-bd18-030b60a135e7: receive RaftClientReply:client-D91E5D1E15CE->f2ba01fc-a63e-4348-bd18-030b60a135e7@group-C8C62FEF0626, cid=2631, SUCCESS, logIndex=3904, commits[f2ba01fc-a63e-4348-bd18-030b60a135e7:c3904, eab135d4-a257-4705-b491-6c056b8c5df7:c3900, a4f67574-9018-43e7-8a54-351e98dc3d0a:c3900]
2019-08-23 07:09:10,085 | INFO  | DNAudit | user=null | ip=null | op=PUT_BLOCK {blockData=[blockId=conID: 2 locID: 102665037418201695 bcsId: 0,size=1048576]} | ret=SUCCESS |  
2019-08-23 07:09:10,085 | INFO  | DNAudit | user=null | ip=null | op=PUT_BLOCK {blockData=[blockId=conID: 2 locID: 102665037418201695 bcsId: 0,size=1048576]} | ret=SUCCESS |  
2019-08-23 07:09:10,085 | INFO  | DNAudit | user=null | ip=null | op=WRITE_CHUNK {blockData=conID: 2 locID: 102665037418201695 bcsId: 0} | ret=SUCCESS |  
2019-08-23 07:09:10,085 | INFO  | DNAudit | user=null | ip=null | op=WRITE_CHUNK {blockData=conID: 2 locID: 102665037418201695 bcsId: 0} | ret=SUCCESS |  
2019-08-23 07:09:10,085 | INFO  | DNAudit | user=null | ip=null | op=PUT_BLOCK {blockData=[blockId=conID: 2 locID: 102665037418201695 bcsId: 0,size=2097152]} | ret=SUCCESS |  
2019-08-23 07:09:10,085 | INFO  | DNAudit | user=null | ip=null | op=PUT_BLOCK {blockData=[blockId=conID: 2 locID: 102665037418201695 bcsId: 0,size=2097152]} | ret=SUCCESS |  
2019-08-23 07:09:10,085 [grpc-default-executor-4] INFO  client.GrpcClientProtocolClient (GrpcClientProtocolClient.java:onNext(255)) - client-D91E5D1E15CE->f2ba01fc-a63e-4348-bd18-030b60a135e7: receive RaftClientReply:client-D91E5D1E15CE->f2ba01fc-a63e-4348-bd18-030b60a135e7@group-C8C62FEF0626, cid=2632, SUCCESS, logIndex=0, commits[f2ba01fc-a63e-4348-bd18-030b60a135e7:c3906, eab135d4-a257-4705-b491-6c056b8c5df7:c3902, a4f67574-9018-43e7-8a54-351e98dc3d0a:c3902]
2019-08-23 07:09:10,091 | INFO  | DNAudit | user=null | ip=null | op=WRITE_CHUNK {blockData=conID: 2 locID: 102665037418201695 bcsId: 3904} | ret=SUCCESS |  
2019-08-23 07:09:10,092 | INFO  | DNAudit | user=null | ip=null | op=WRITE_CHUNK {blockData=conID: 2 locID: 102665037418201695 bcsId: 3904} | ret=SUCCESS |  
2019-08-23 07:09:10,092 | INFO  | DNAudit | user=null | ip=null | op=WRITE_CHUNK {blockData=conID: 2 locID: 102665037418201695 bcsId: 3904} | ret=SUCCESS |  
2019-08-23 07:09:10,103 | INFO  | DNAudit | user=null | ip=null | op=WRITE_CHUNK {blockData=conID: 2 locID: 102665037418201695 bcsId: 3904} | ret=SUCCESS |  
2019-08-23 07:09:10,103 | INFO  | DNAudit | user=null | ip=null | op=PUT_BLOCK {blockData=[blockId=conID: 2 locID: 102665037418201695 bcsId: 0,size=3145728]} | ret=SUCCESS |  
2019-08-23 07:09:10,103 [grpc-default-executor-4] INFO  client.GrpcClientProtocolClient (GrpcClientProtocolClient.java:onNext(255)) - client-D91E5D1E15CE->f2ba01fc-a63e-4348-bd18-030b60a135e7: receive RaftClientReply:client-D91E5D1E15CE->f2ba01fc-a63e-4348-bd18-030b60a135e7@group-C8C62FEF0626, cid=2633, SUCCESS, logIndex=3909, commits[f2ba01fc-a63e-4348-bd18-030b60a135e7:c3910, eab135d4-a257-4705-b491-6c056b8c5df7:c3908, a4f67574-9018-43e7-8a54-351e98dc3d0a:c3908]
2019-08-23 07:09:10,104 [grpc-default-executor-4] INFO  client.GrpcClientProtocolClient (GrpcClientProtocolClient.java:onNext(255)) - client-D91E5D1E15CE->f2ba01fc-a63e-4348-bd18-030b60a135e7: receive RaftClientReply:client-D91E5D1E15CE->f2ba01fc-a63e-4348-bd18-030b60a135e7@group-C8C62FEF0626, cid=2634, SUCCESS, logIndex=3910, commits[f2ba01fc-a63e-4348-bd18-030b60a135e7:c3910, eab135d4-a257-4705-b491-6c056b8c5df7:c3908, a4f67574-9018-43e7-8a54-351e98dc3d0a:c3908]
2019-08-23 07:09:10,109 | INFO  | DNAudit | user=null | ip=null | op=WRITE_CHUNK {blockData=conID: 2 locID: 102665037418201695 bcsId: 3910} | ret=SUCCESS |  
2019-08-23 07:09:10,111 | INFO  | DNAudit | user=null | ip=null | op=WRITE_CHUNK {blockData=conID: 2 locID: 102665037418201695 bcsId: 3910} | ret=SUCCESS |  
2019-08-23 07:09:10,111 | INFO  | DNAudit | user=null | ip=null | op=WRITE_CHUNK {blockData=conID: 2 locID: 102665037418201695 bcsId: 3910} | ret=SUCCESS |  
2019-08-23 07:09:10,114 | INFO  | DNAudit | user=null | ip=null | op=WRITE_CHUNK {blockData=conID: 2 locID: 102665037418201695 bcsId: 3904} | ret=SUCCESS |  
2019-08-23 07:09:10,114 | INFO  | DNAudit | user=null | ip=null | op=WRITE_CHUNK {blockData=conID: 2 locID: 102665037418201695 bcsId: 3904} | ret=SUCCESS |  
2019-08-23 07:09:10,116 | INFO  | DNAudit | user=null | ip=null | op=PUT_BLOCK {blockData=[blockId=conID: 2 locID: 102665037418201695 bcsId: 0,size=3145728]} | ret=SUCCESS |  
2019-08-23 07:09:10,116 | INFO  | DNAudit | user=null | ip=null | op=PUT_BLOCK {blockData=[blockId=conID: 2 locID: 102665037418201695 bcsId: 0,size=3145728]} | ret=SUCCESS |  
2019-08-23 07:09:10,116 | INFO  | DNAudit | user=null | ip=null | op=WRITE_CHUNK {blockData=conID: 2 locID: 102665037418201695 bcsId: 3910} | ret=SUCCESS |  
2019-08-23 07:09:10,116 | INFO  | DNAudit | user=null | ip=null | op=PUT_BLOCK {blockData=[blockId=conID: 2 locID: 102665037418201695 bcsId: 0,size=4194304]} | ret=SUCCESS |  
2019-08-23 07:09:10,116 [grpc-default-executor-6] INFO  client.GrpcClientProtocolClient (GrpcClientProtocolClient.java:onNext(255)) - client-D91E5D1E15CE->f2ba01fc-a63e-4348-bd18-030b60a135e7: receive RaftClientReply:client-D91E5D1E15CE->f2ba01fc-a63e-4348-bd18-030b60a135e7@group-C8C62FEF0626, cid=2635, SUCCESS, logIndex=3913, commits[f2ba01fc-a63e-4348-bd18-030b60a135e7:c3914, eab135d4-a257-4705-b491-6c056b8c5df7:c3910, a4f67574-9018-43e7-8a54-351e98dc3d0a:c3910]
2019-08-23 07:09:10,117 [grpc-default-executor-6] INFO  client.GrpcClientProtocolClient (GrpcClientProtocolClient.java:onNext(255)) - client-D91E5D1E15CE->f2ba01fc-a63e-4348-bd18-030b60a135e7: receive RaftClientReply:client-D91E5D1E15CE->f2ba01fc-a63e-4348-bd18-030b60a135e7@group-C8C62FEF0626, cid=2636, SUCCESS, logIndex=3914, commits[f2ba01fc-a63e-4348-bd18-030b60a135e7:c3914, eab135d4-a257-4705-b491-6c056b8c5df7:c3910, a4f67574-9018-43e7-8a54-351e98dc3d0a:c3910]
2019-08-23 07:09:10,127 | INFO  | DNAudit | user=null | ip=null | op=WRITE_CHUNK {blockData=conID: 2 locID: 102665037418201695 bcsId: 3910} | ret=SUCCESS |  
2019-08-23 07:09:10,127 | INFO  | DNAudit | user=null | ip=null | op=WRITE_CHUNK {blockData=conID: 2 locID: 102665037418201695 bcsId: 3910} | ret=SUCCESS |  
2019-08-23 07:09:10,128 | INFO  | DNAudit | user=null | ip=null | op=PUT_BLOCK {blockData=[blockId=conID: 2 locID: 102665037418201695 bcsId: 0,size=4194304]} | ret=SUCCESS |  
2019-08-23 07:09:10,129 | INFO  | DNAudit | user=null | ip=null | op=PUT_BLOCK {blockData=[blockId=conID: 2 locID: 102665037418201695 bcsId: 0,size=4194304]} | ret=SUCCESS |  
2019-08-23 07:09:10,129 [grpc-default-executor-6] INFO  client.GrpcClientProtocolClient (GrpcClientProtocolClient.java:onNext(255)) - client-D91E5D1E15CE->f2ba01fc-a63e-4348-bd18-030b60a135e7: receive RaftClientReply:client-D91E5D1E15CE->f2ba01fc-a63e-4348-bd18-030b60a135e7@group-C8C62FEF0626, cid=2637, SUCCESS, logIndex=0, commits[f2ba01fc-a63e-4348-bd18-030b60a135e7:c3916, eab135d4-a257-4705-b491-6c056b8c5df7:c3914, a4f67574-9018-43e7-8a54-351e98dc3d0a:c3914]
2019-08-23 07:09:10,133 | INFO  | SCMAudit | user=jenkins1000 | ip=192.168.5.178 | op=ALLOCATE_BLOCK {owner=aaf04d22-10dd-4717-8862-c651bdde72cf, size=4194304, type=RATIS, factor=THREE} | ret=SUCCESS |  
2019-08-23 07:09:10,136 | INFO  | OMAudit | user=jenkins1000 | ip=127.0.0.1 | op=ALLOCATE_BLOCK {volume=vol-0-67663, bucket=bucket-0-68950, key=key-0-26970, dataSize=0, replicationType=null, replicationFactor=null, keyLocationInfo=null, clientID=102665036030476690} | ret=SUCCESS |  
2019-08-23 07:09:10,141 | INFO  | DNAudit | user=null | ip=null | op=WRITE_CHUNK {blockData=conID: 3 locID: 102665037423116896 bcsId: 0} | ret=SUCCESS |  
2019-08-23 07:09:10,143 | INFO  | DNAudit | user=null | ip=null | op=WRITE_CHUNK {blockData=conID: 3 locID: 102665037423116896 bcsId: 0} | ret=SUCCESS |  
2019-08-23 07:09:10,143 | INFO  | DNAudit | user=null | ip=null | op=WRITE_CHUNK {blockData=conID: 3 locID: 102665037423116896 bcsId: 0} | ret=SUCCESS |  
2019-08-23 07:09:10,143 | INFO  | DNAudit | user=null | ip=null | op=WRITE_CHUNK {blockData=conID: 3 locID: 102665037423116896 bcsId: 0} | ret=SUCCESS |  
2019-08-23 07:09:10,145 | INFO  | DNAudit | user=null | ip=null | op=WRITE_CHUNK {blockData=conID: 3 locID: 102665037423116896 bcsId: 0} | ret=SUCCESS |  
2019-08-23 07:09:10,145 | INFO  | DNAudit | user=null | ip=null | op=WRITE_CHUNK {blockData=conID: 3 locID: 102665037423116896 bcsId: 0} | ret=SUCCESS |  
2019-08-23 07:09:10,147 | INFO  | SCMAudit | user=jenkins1000 | ip=192.168.5.178 | op=SEND_HEARTBEAT {datanodeUUID=b7d3ecaa-ab76-49a0-b691-40b7e1ed625a, command=[]} | ret=SUCCESS |  
2019-08-23 07:09:10,153 | INFO  | DNAudit | user=null | ip=null | op=WRITE_CHUNK {blockData=conID: 3 locID: 102665037423116896 bcsId: 0} | ret=SUCCESS |  
2019-08-23 07:09:10,154 | INFO  | DNAudit | user=null | ip=null | op=PUT_BLOCK {blockData=[blockId=conID: 3 locID: 102665037423116896 bcsId: 0,size=1048576]} | ret=SUCCESS |  
2019-08-23 07:09:10,154 [grpc-default-executor-4] INFO  client.GrpcClientProtocolClient (GrpcClientProtocolClient.java:onNext(255)) - client-D91E5D1E15CE->f2ba01fc-a63e-4348-bd18-030b60a135e7: receive RaftClientReply:client-D91E5D1E15CE->f2ba01fc-a63e-4348-bd18-030b60a135e7@group-C8C62FEF0626, cid=2638, SUCCESS, logIndex=3917, commits[f2ba01fc-a63e-4348-bd18-030b60a135e7:c3918, eab135d4-a257-4705-b491-6c056b8c5df7:c3916, a4f67574-9018-43e7-8a54-351e98dc3d0a:c3916]
2019-08-23 07:09:10,154 | INFO  | DNAudit | user=null | ip=null | op=WRITE_CHUNK {blockData=conID: 3 locID: 102665037423116896 bcsId: 0} | ret=SUCCESS |  
2019-08-23 07:09:10,154 [grpc-default-executor-4] INFO  client.GrpcClientProtocolClient (GrpcClientProtocolClient.java:onNext(255)) - client-D91E5D1E15CE->f2ba01fc-a63e-4348-bd18-030b60a135e7: receive RaftClientReply:client-D91E5D1E15CE->f2ba01fc-a63e-4348-bd18-030b60a135e7@group-C8C62FEF0626, cid=2639, SUCCESS, logIndex=3918, commits[f2ba01fc-a63e-4348-bd18-030b60a135e7:c3918, eab135d4-a257-4705-b491-6c056b8c5df7:c3916, a4f67574-9018-43e7-8a54-351e98dc3d0a:c3916]
2019-08-23 07:09:10,155 | INFO  | DNAudit | user=null | ip=null | op=PUT_BLOCK {blockData=[blockId=conID: 3 locID: 102665037423116896 bcsId: 0,size=2097152]} | ret=SUCCESS |  
2019-08-23 07:09:10,155 [grpc-default-executor-4] INFO  client.GrpcClientProtocolClient (GrpcClientProtocolClient.java:onNext(255)) - client-D91E5D1E15CE->f2ba01fc-a63e-4348-bd18-030b60a135e7: receive RaftClientReply:client-D91E5D1E15CE->f2ba01fc-a63e-4348-bd18-030b60a135e7@group-C8C62FEF0626, cid=2640, SUCCESS, logIndex=3919, commits[f2ba01fc-a63e-4348-bd18-030b60a135e7:c3920, eab135d4-a257-4705-b491-6c056b8c5df7:c3916, a4f67574-9018-43e7-8a54-351e98dc3d0a:c3916]
2019-08-23 07:09:10,155 [grpc-default-executor-4] INFO  client.GrpcClientProtocolClient (GrpcClientProtocolClient.java:onNext(255)) - client-D91E5D1E15CE->f2ba01fc-a63e-4348-bd18-030b60a135e7: receive RaftClientReply:client-D91E5D1E15CE->f2ba01fc-a63e-4348-bd18-030b60a135e7@group-C8C62FEF0626, cid=2641, SUCCESS, logIndex=3920, commits[f2ba01fc-a63e-4348-bd18-030b60a135e7:c3920, eab135d4-a257-4705-b491-6c056b8c5df7:c3916, a4f67574-9018-43e7-8a54-351e98dc3d0a:c3916]
2019-08-23 07:09:10,156 | INFO  | DNAudit | user=null | ip=null | op=WRITE_CHUNK {blockData=conID: 3 locID: 102665037423116896 bcsId: 0} | ret=SUCCESS |  
2019-08-23 07:09:10,156 | INFO  | DNAudit | user=null | ip=null | op=PUT_BLOCK {blockData=[blockId=conID: 3 locID: 102665037423116896 bcsId: 0,size=1048576]} | ret=SUCCESS |  
2019-08-23 07:09:10,156 | INFO  | DNAudit | user=null | ip=null | op=WRITE_CHUNK {blockData=conID: 3 locID: 102665037423116896 bcsId: 0} | ret=SUCCESS |  
2019-08-23 07:09:10,156 | INFO  | DNAudit | user=null | ip=null | op=PUT_BLOCK {blockData=[blockId=conID: 3 locID: 102665037423116896 bcsId: 0,size=1048576]} | ret=SUCCESS |  
2019-08-23 07:09:10,156 [grpc-default-executor-4] INFO  client.GrpcClientProtocolClient (GrpcClientProtocolClient.java:onNext(255)) - client-D91E5D1E15CE->f2ba01fc-a63e-4348-bd18-030b60a135e7: receive RaftClientReply:client-D91E5D1E15CE->f2ba01fc-a63e-4348-bd18-030b60a135e7@group-C8C62FEF0626, cid=2642, SUCCESS, logIndex=0, commits[f2ba01fc-a63e-4348-bd18-030b60a135e7:c3922, eab135d4-a257-4705-b491-6c056b8c5df7:c3918, a4f67574-9018-43e7-8a54-351e98dc3d0a:c3918]
2019-08-23 07:09:10,157 | INFO  | DNAudit | user=null | ip=null | op=WRITE_CHUNK {blockData=conID: 3 locID: 102665037423116896 bcsId: 0} | ret=SUCCESS |  
2019-08-23 07:09:10,157 | INFO  | DNAudit | user=null | ip=null | op=WRITE_CHUNK {blockData=conID: 3 locID: 102665037423116896 bcsId: 0} | ret=SUCCESS |  
2019-08-23 07:09:10,157 | INFO  | DNAudit | user=null | ip=null | op=PUT_BLOCK {blockData=[blockId=conID: 3 locID: 102665037423116896 bcsId: 0,size=2097152]} | ret=SUCCESS |  
2019-08-23 07:09:10,157 | INFO  | DNAudit | user=null | ip=null | op=PUT_BLOCK {blockData=[blockId=conID: 3 locID: 102665037423116896 bcsId: 0,size=2097152]} | ret=SUCCESS |  
2019-08-23 07:09:10,161 | INFO  | DNAudit | user=null | ip=null | op=WRITE_CHUNK {blockData=conID: 3 locID: 102665037423116896 bcsId: 3920} | ret=SUCCESS |  
2019-08-23 07:09:10,163 | INFO  | DNAudit | user=null | ip=null | op=WRITE_CHUNK {blockData=conID: 3 locID: 102665037423116896 bcsId: 3920} | ret=SUCCESS |  
2019-08-23 07:09:10,163 | INFO  | DNAudit | user=null | ip=null | op=WRITE_CHUNK {blockData=conID: 3 locID: 102665037423116896 bcsId: 3920} | ret=SUCCESS |  
2019-08-23 07:09:10,173 | INFO  | DNAudit | user=null | ip=null | op=WRITE_CHUNK {blockData=conID: 3 locID: 102665037423116896 bcsId: 3920} | ret=SUCCESS |  
2019-08-23 07:09:10,174 | INFO  | DNAudit | user=null | ip=null | op=PUT_BLOCK {blockData=[blockId=conID: 3 locID: 102665037423116896 bcsId: 0,size=3145728]} | ret=SUCCESS |  
2019-08-23 07:09:10,174 [grpc-default-executor-4] INFO  client.GrpcClientProtocolClient (GrpcClientProtocolClient.java:onNext(255)) - client-D91E5D1E15CE->f2ba01fc-a63e-4348-bd18-030b60a135e7: receive RaftClientReply:client-D91E5D1E15CE->f2ba01fc-a63e-4348-bd18-030b60a135e7@group-C8C62FEF0626, cid=2643, SUCCESS, logIndex=3925, commits[f2ba01fc-a63e-4348-bd18-030b60a135e7:c3926, eab135d4-a257-4705-b491-6c056b8c5df7:c3924, a4f67574-9018-43e7-8a54-351e98dc3d0a:c3924]
2019-08-23 07:09:10,174 [grpc-default-executor-4] INFO  client.GrpcClientProtocolClient (GrpcClientProtocolClient.java:onNext(255)) - client-D91E5D1E15CE->f2ba01fc-a63e-4348-bd18-030b60a135e7: receive RaftClientReply:client-D91E5D1E15CE->f2ba01fc-a63e-4348-bd18-030b60a135e7@group-C8C62FEF0626, cid=2644, SUCCESS, logIndex=3926, commits[f2ba01fc-a63e-4348-bd18-030b60a135e7:c3926, eab135d4-a257-4705-b491-6c056b8c5df7:c3924, a4f67574-9018-43e7-8a54-351e98dc3d0a:c3924]
2019-08-23 07:09:10,181 | INFO  | DNAudit | user=null | ip=null | op=WRITE_CHUNK {blockData=conID: 3 locID: 102665037423116896 bcsId: 3926} | ret=SUCCESS |  
2019-08-23 07:09:10,181 | INFO  | DNAudit | user=null | ip=null | op=WRITE_CHUNK {blockData=conID: 3 locID: 102665037423116896 bcsId: 3926} | ret=SUCCESS |  
2019-08-23 07:09:10,181 | INFO  | DNAudit | user=null | ip=null | op=WRITE_CHUNK {blockData=conID: 3 locID: 102665037423116896 bcsId: 3926} | ret=SUCCESS |  
2019-08-23 07:09:10,185 | INFO  | DNAudit | user=null | ip=null | op=WRITE_CHUNK {blockData=conID: 3 locID: 102665037423116896 bcsId: 3920} | ret=SUCCESS |  
2019-08-23 07:09:10,185 | INFO  | DNAudit | user=null | ip=null | op=WRITE_CHUNK {blockData=conID: 3 locID: 102665037423116896 bcsId: 3920} | ret=SUCCESS |  
2019-08-23 07:09:10,186 | INFO  | DNAudit | user=null | ip=null | op=PUT_BLOCK {blockData=[blockId=conID: 3 locID: 102665037423116896 bcsId: 0,size=3145728]} | ret=SUCCESS |  
2019-08-23 07:09:10,186 | INFO  | DNAudit | user=null | ip=null | op=PUT_BLOCK {blockData=[blockId=conID: 3 locID: 102665037423116896 bcsId: 0,size=3145728]} | ret=SUCCESS |  
2019-08-23 07:09:10,187 | INFO  | DNAudit | user=null | ip=null | op=WRITE_CHUNK {blockData=conID: 3 locID: 102665037423116896 bcsId: 3926} | ret=SUCCESS |  
2019-08-23 07:09:10,187 | INFO  | DNAudit | user=null | ip=null | op=PUT_BLOCK {blockData=[blockId=conID: 3 locID: 102665037423116896 bcsId: 0,size=4194304]} | ret=SUCCESS |  
2019-08-23 07:09:10,187 [grpc-default-executor-0] INFO  client.GrpcClientProtocolClient (GrpcClientProtocolClient.java:onNext(255)) - client-D91E5D1E15CE->f2ba01fc-a63e-4348-bd18-030b60a135e7: receive RaftClientReply:client-D91E5D1E15CE->f2ba01fc-a63e-4348-bd18-030b60a135e7@group-C8C62FEF0626, cid=2645, SUCCESS, logIndex=3929, commits[f2ba01fc-a63e-4348-bd18-030b60a135e7:c3930, eab135d4-a257-4705-b491-6c056b8c5df7:c3926, a4f67574-9018-43e7-8a54-351e98dc3d0a:c3926]
2019-08-23 07:09:10,187 [grpc-default-executor-0] INFO  client.GrpcClientProtocolClient (GrpcClientProtocolClient.java:onNext(255)) - client-D91E5D1E15CE->f2ba01fc-a63e-4348-bd18-030b60a135e7: receive RaftClientReply:client-D91E5D1E15CE->f2ba01fc-a63e-4348-bd18-030b60a135e7@group-C8C62FEF0626, cid=2646, SUCCESS, logIndex=3930, commits[f2ba01fc-a63e-4348-bd18-030b60a135e7:c3930, eab135d4-a257-4705-b491-6c056b8c5df7:c3926, a4f67574-9018-43e7-8a54-351e98dc3d0a:c3926]
2019-08-23 07:09:10,188 | INFO  | DNAudit | user=null | ip=null | op=WRITE_CHUNK {blockData=conID: 3 locID: 102665037423116896 bcsId: 3926} | ret=SUCCESS |  
2019-08-23 07:09:10,188 | INFO  | DNAudit | user=null | ip=null | op=WRITE_CHUNK {blockData=conID: 3 locID: 102665037423116896 bcsId: 3926} | ret=SUCCESS |  
2019-08-23 07:09:10,190 | INFO  | DNAudit | user=null | ip=null | op=PUT_BLOCK {blockData=[blockId=conID: 3 locID: 102665037423116896 bcsId: 0,size=4194304]} | ret=SUCCESS |  
2019-08-23 07:09:10,190 | INFO  | DNAudit | user=null | ip=null | op=PUT_BLOCK {blockData=[blockId=conID: 3 locID: 102665037423116896 bcsId: 0,size=4194304]} | ret=SUCCESS |  
2019-08-23 07:09:10,190 [grpc-default-executor-4] INFO  client.GrpcClientProtocolClient (GrpcClientProtocolClient.java:onNext(255)) - client-D91E5D1E15CE->f2ba01fc-a63e-4348-bd18-030b60a135e7: receive RaftClientReply:client-D91E5D1E15CE->f2ba01fc-a63e-4348-bd18-030b60a135e7@group-C8C62FEF0626, cid=2647, SUCCESS, logIndex=0, commits[f2ba01fc-a63e-4348-bd18-030b60a135e7:c3932, eab135d4-a257-4705-b491-6c056b8c5df7:c3930, a4f67574-9018-43e7-8a54-351e98dc3d0a:c3930]
2019-08-23 07:09:10,194 | INFO  | SCMAudit | user=jenkins1000 | ip=192.168.5.178 | op=ALLOCATE_BLOCK {owner=aaf04d22-10dd-4717-8862-c651bdde72cf, size=4194304, type=RATIS, factor=THREE} | ret=SUCCESS |  
2019-08-23 07:09:10,197 | INFO  | OMAudit | user=jenkins1000 | ip=127.0.0.1 | op=ALLOCATE_BLOCK {volume=vol-0-67663, bucket=bucket-0-68950, key=key-0-26970, dataSize=0, replicationType=null, replicationFactor=null, keyLocationInfo=null, clientID=102665036030476690} | ret=SUCCESS |  
2019-08-23 07:09:10,203 | INFO  | DNAudit | user=null | ip=null | op=WRITE_CHUNK {blockData=conID: 1 locID: 102665037427114593 bcsId: 0} | ret=SUCCESS |  
2019-08-23 07:09:10,205 | INFO  | DNAudit | user=null | ip=null | op=WRITE_CHUNK {blockData=conID: 1 locID: 102665037427114593 bcsId: 0} | ret=SUCCESS |  
2019-08-23 07:09:10,206 | INFO  | DNAudit | user=null | ip=null | op=WRITE_CHUNK {blockData=conID: 1 locID: 102665037427114593 bcsId: 0} | ret=SUCCESS |  
2019-08-23 07:09:10,206 | INFO  | DNAudit | user=null | ip=null | op=WRITE_CHUNK {blockData=conID: 1 locID: 102665037427114593 bcsId: 0} | ret=SUCCESS |  
2019-08-23 07:09:10,207 | INFO  | DNAudit | user=null | ip=null | op=WRITE_CHUNK {blockData=conID: 1 locID: 102665037427114593 bcsId: 0} | ret=SUCCESS |  
2019-08-23 07:09:10,207 | INFO  | DNAudit | user=null | ip=null | op=WRITE_CHUNK {blockData=conID: 1 locID: 102665037427114593 bcsId: 0} | ret=SUCCESS |  
2019-08-23 07:09:10,208 | INFO  | DNAudit | user=null | ip=null | op=WRITE_CHUNK {blockData=conID: 1 locID: 102665037427114593 bcsId: 0} | ret=SUCCESS |  
2019-08-23 07:09:10,208 | INFO  | DNAudit | user=null | ip=null | op=PUT_BLOCK {blockData=[blockId=conID: 1 locID: 102665037427114593 bcsId: 0,size=1048576]} | ret=SUCCESS |  
2019-08-23 07:09:10,208 [grpc-default-executor-4] INFO  client.GrpcClientProtocolClient (GrpcClientProtocolClient.java:onNext(255)) - client-D91E5D1E15CE->f2ba01fc-a63e-4348-bd18-030b60a135e7: receive RaftClientReply:client-D91E5D1E15CE->f2ba01fc-a63e-4348-bd18-030b60a135e7@group-C8C62FEF0626, cid=2648, SUCCESS, logIndex=3933, commits[f2ba01fc-a63e-4348-bd18-030b60a135e7:c3934, eab135d4-a257-4705-b491-6c056b8c5df7:c3932, a4f67574-9018-43e7-8a54-351e98dc3d0a:c3930]
2019-08-23 07:09:10,208 [grpc-default-executor-4] INFO  client.GrpcClientProtocolClient (GrpcClientProtocolClient.java:onNext(255)) - client-D91E5D1E15CE->f2ba01fc-a63e-4348-bd18-030b60a135e7: receive RaftClientReply:client-D91E5D1E15CE->f2ba01fc-a63e-4348-bd18-030b60a135e7@group-C8C62FEF0626, cid=2649, SUCCESS, logIndex=3934, commits[f2ba01fc-a63e-4348-bd18-030b60a135e7:c3934, eab135d4-a257-4705-b491-6c056b8c5df7:c3932, a4f67574-9018-43e7-8a54-351e98dc3d0a:c3930]
2019-08-23 07:09:10,209 | INFO  | DNAudit | user=null | ip=null | op=WRITE_CHUNK {blockData=conID: 1 locID: 102665037427114593 bcsId: 0} | ret=SUCCESS |  
2019-08-23 07:09:10,209 | INFO  | DNAudit | user=null | ip=null | op=WRITE_CHUNK {blockData=conID: 1 locID: 102665037427114593 bcsId: 0} | ret=SUCCESS |  
2019-08-23 07:09:10,209 | INFO  | DNAudit | user=null | ip=null | op=PUT_BLOCK {blockData=[blockId=conID: 1 locID: 102665037427114593 bcsId: 0,size=1048576]} | ret=SUCCESS |  
2019-08-23 07:09:10,209 | INFO  | DNAudit | user=null | ip=null | op=PUT_BLOCK {blockData=[blockId=conID: 1 locID: 102665037427114593 bcsId: 0,size=2097152]} | ret=SUCCESS |  
2019-08-23 07:09:10,210 [grpc-default-executor-0] INFO  client.GrpcClientProtocolClient (GrpcClientProtocolClient.java:onNext(255)) - client-D91E5D1E15CE->f2ba01fc-a63e-4348-bd18-030b60a135e7: receive RaftClientReply:client-D91E5D1E15CE->f2ba01fc-a63e-4348-bd18-030b60a135e7@group-C8C62FEF0626, cid=2650, SUCCESS, logIndex=3935, commits[f2ba01fc-a63e-4348-bd18-030b60a135e7:c3938, eab135d4-a257-4705-b491-6c056b8c5df7:c3932, a4f67574-9018-43e7-8a54-351e98dc3d0a:c3934]
2019-08-23 07:09:10,210 | INFO  | DNAudit | user=null | ip=null | op=WRITE_CHUNK {blockData=conID: 1 locID: 102665037427114593 bcsId: 0} | ret=SUCCESS |  
2019-08-23 07:09:10,210 [grpc-default-executor-0] INFO  client.GrpcClientProtocolClient (GrpcClientProtocolClient.java:onNext(255)) - client-D91E5D1E15CE->f2ba01fc-a63e-4348-bd18-030b60a135e7: receive RaftClientReply:client-D91E5D1E15CE->f2ba01fc-a63e-4348-bd18-030b60a135e7@group-C8C62FEF0626, cid=2651, SUCCESS, logIndex=3936, commits[f2ba01fc-a63e-4348-bd18-030b60a135e7:c3938, eab135d4-a257-4705-b491-6c056b8c5df7:c3932, a4f67574-9018-43e7-8a54-351e98dc3d0a:c3934]
2019-08-23 07:09:10,210 | INFO  | DNAudit | user=null | ip=null | op=PUT_BLOCK {blockData=[blockId=conID: 1 locID: 102665037427114593 bcsId: 0,size=1048576]} | ret=SUCCESS |  
2019-08-23 07:09:10,210 [grpc-default-executor-0] INFO  client.GrpcClientProtocolClient (GrpcClientProtocolClient.java:onNext(255)) - client-D91E5D1E15CE->f2ba01fc-a63e-4348-bd18-030b60a135e7: receive RaftClientReply:client-D91E5D1E15CE->f2ba01fc-a63e-4348-bd18-030b60a135e7@group-C8C62FEF0626, cid=2652, SUCCESS, logIndex=0, commits[f2ba01fc-a63e-4348-bd18-030b60a135e7:c3938, eab135d4-a257-4705-b491-6c056b8c5df7:c3934, a4f67574-9018-43e7-8a54-351e98dc3d0a:c3934]
2019-08-23 07:09:10,211 | INFO  | DNAudit | user=null | ip=null | op=WRITE_CHUNK {blockData=conID: 1 locID: 102665037427114593 bcsId: 0} | ret=SUCCESS |  
2019-08-23 07:09:10,211 | INFO  | DNAudit | user=null | ip=null | op=WRITE_CHUNK {blockData=conID: 1 locID: 102665037427114593 bcsId: 0} | ret=SUCCESS |  
2019-08-23 07:09:10,211 | INFO  | DNAudit | user=null | ip=null | op=PUT_BLOCK {blockData=[blockId=conID: 1 locID: 102665037427114593 bcsId: 0,size=2097152]} | ret=SUCCESS |  
2019-08-23 07:09:10,212 | INFO  | DNAudit | user=null | ip=null | op=PUT_BLOCK {blockData=[blockId=conID: 1 locID: 102665037427114593 bcsId: 0,size=2097152]} | ret=SUCCESS |  
2019-08-23 07:09:10,215 | INFO  | DNAudit | user=null | ip=null | op=WRITE_CHUNK {blockData=conID: 1 locID: 102665037427114593 bcsId: 3936} | ret=SUCCESS |  
2019-08-23 07:09:10,217 | INFO  | DNAudit | user=null | ip=null | op=WRITE_CHUNK {blockData=conID: 1 locID: 102665037427114593 bcsId: 3936} | ret=SUCCESS |  
2019-08-23 07:09:10,217 | INFO  | DNAudit | user=null | ip=null | op=WRITE_CHUNK {blockData=conID: 1 locID: 102665037427114593 bcsId: 3936} | ret=SUCCESS |  
2019-08-23 07:09:10,218 | INFO  | DNAudit | user=null | ip=null | op=WRITE_CHUNK {blockData=conID: 1 locID: 102665037427114593 bcsId: 3936} | ret=SUCCESS |  
2019-08-23 07:09:10,218 | INFO  | DNAudit | user=null | ip=null | op=PUT_BLOCK {blockData=[blockId=conID: 1 locID: 102665037427114593 bcsId: 0,size=3145728]} | ret=SUCCESS |  
2019-08-23 07:09:10,219 [grpc-default-executor-4] INFO  client.GrpcClientProtocolClient (GrpcClientProtocolClient.java:onNext(255)) - client-D91E5D1E15CE->f2ba01fc-a63e-4348-bd18-030b60a135e7: receive RaftClientReply:client-D91E5D1E15CE->f2ba01fc-a63e-4348-bd18-030b60a135e7@group-C8C62FEF0626, cid=2653, SUCCESS, logIndex=3941, commits[f2ba01fc-a63e-4348-bd18-030b60a135e7:c3942, eab135d4-a257-4705-b491-6c056b8c5df7:c3936, a4f67574-9018-43e7-8a54-351e98dc3d0a:c3940]
2019-08-23 07:09:10,219 [grpc-default-executor-4] INFO  client.GrpcClientProtocolClient (GrpcClientProtocolClient.java:onNext(255)) - client-D91E5D1E15CE->f2ba01fc-a63e-4348-bd18-030b60a135e7: receive RaftClientReply:client-D91E5D1E15CE->f2ba01fc-a63e-4348-bd18-030b60a135e7@group-C8C62FEF0626, cid=2654, SUCCESS, logIndex=3942, commits[f2ba01fc-a63e-4348-bd18-030b60a135e7:c3942, eab135d4-a257-4705-b491-6c056b8c5df7:c3940, a4f67574-9018-43e7-8a54-351e98dc3d0a:c3940]
2019-08-23 07:09:10,219 | INFO  | DNAudit | user=null | ip=null | op=WRITE_CHUNK {blockData=conID: 1 locID: 102665037427114593 bcsId: 3936} | ret=SUCCESS |  
2019-08-23 07:09:10,220 | INFO  | DNAudit | user=null | ip=null | op=WRITE_CHUNK {blockData=conID: 1 locID: 102665037427114593 bcsId: 3936} | ret=SUCCESS |  
2019-08-23 07:09:10,220 | INFO  | DNAudit | user=null | ip=null | op=PUT_BLOCK {blockData=[blockId=conID: 1 locID: 102665037427114593 bcsId: 0,size=3145728]} | ret=SUCCESS |  
2019-08-23 07:09:10,222 | INFO  | DNAudit | user=null | ip=null | op=PUT_BLOCK {blockData=[blockId=conID: 1 locID: 102665037427114593 bcsId: 0,size=3145728]} | ret=SUCCESS |  
2019-08-23 07:09:10,224 | INFO  | DNAudit | user=null | ip=null | op=WRITE_CHUNK {blockData=conID: 1 locID: 102665037427114593 bcsId: 3942} | ret=SUCCESS |  
2019-08-23 07:09:10,225 | INFO  | DNAudit | user=null | ip=null | op=WRITE_CHUNK {blockData=conID: 1 locID: 102665037427114593 bcsId: 3942} | ret=SUCCESS |  
2019-08-23 07:09:10,226 | INFO  | DNAudit | user=null | ip=null | op=WRITE_CHUNK {blockData=conID: 1 locID: 102665037427114593 bcsId: 3942} | ret=SUCCESS |  
2019-08-23 07:09:10,258 | INFO  | DNAudit | user=null | ip=null | op=WRITE_CHUNK {blockData=conID: 1 locID: 102665037427114593 bcsId: 3942} | ret=SUCCESS |  
2019-08-23 07:09:10,258 | INFO  | DNAudit | user=null | ip=null | op=PUT_BLOCK {blockData=[blockId=conID: 1 locID: 102665037427114593 bcsId: 0,size=4194304]} | ret=SUCCESS |  
2019-08-23 07:09:10,258 [grpc-default-executor-3] INFO  client.GrpcClientProtocolClient (GrpcClientProtocolClient.java:onNext(255)) - client-D91E5D1E15CE->f2ba01fc-a63e-4348-bd18-030b60a135e7: receive RaftClientReply:client-D91E5D1E15CE->f2ba01fc-a63e-4348-bd18-030b60a135e7@group-C8C62FEF0626, cid=2655, SUCCESS, logIndex=3945, commits[f2ba01fc-a63e-4348-bd18-030b60a135e7:c3946, eab135d4-a257-4705-b491-6c056b8c5df7:c3942, a4f67574-9018-43e7-8a54-351e98dc3d0a:c3944]
2019-08-23 07:09:10,259 [grpc-default-executor-3] INFO  client.GrpcClientProtocolClient (GrpcClientProtocolClient.java:onNext(255)) - client-D91E5D1E15CE->f2ba01fc-a63e-4348-bd18-030b60a135e7: receive RaftClientReply:client-D91E5D1E15CE->f2ba01fc-a63e-4348-bd18-030b60a135e7@group-C8C62FEF0626, cid=2656, SUCCESS, logIndex=3946, commits[f2ba01fc-a63e-4348-bd18-030b60a135e7:c3946, eab135d4-a257-4705-b491-6c056b8c5df7:c3944, a4f67574-9018-43e7-8a54-351e98dc3d0a:c3944]
2019-08-23 07:09:10,259 | INFO  | DNAudit | user=null | ip=null | op=WRITE_CHUNK {blockData=conID: 1 locID: 102665037427114593 bcsId: 3942} | ret=SUCCESS |  
2019-08-23 07:09:10,259 | INFO  | DNAudit | user=null | ip=null | op=WRITE_CHUNK {blockData=conID: 1 locID: 102665037427114593 bcsId: 3942} | ret=SUCCESS |  
2019-08-23 07:09:10,259 | INFO  | DNAudit | user=null | ip=null | op=PUT_BLOCK {blockData=[blockId=conID: 1 locID: 102665037427114593 bcsId: 0,size=4194304]} | ret=SUCCESS |  
2019-08-23 07:09:10,259 | INFO  | DNAudit | user=null | ip=null | op=PUT_BLOCK {blockData=[blockId=conID: 1 locID: 102665037427114593 bcsId: 0,size=4194304]} | ret=SUCCESS |  
2019-08-23 07:09:10,259 [grpc-default-executor-3] INFO  client.GrpcClientProtocolClient (GrpcClientProtocolClient.java:onNext(255)) - client-D91E5D1E15CE->f2ba01fc-a63e-4348-bd18-030b60a135e7: receive RaftClientReply:client-D91E5D1E15CE->f2ba01fc-a63e-4348-bd18-030b60a135e7@group-C8C62FEF0626, cid=2657, SUCCESS, logIndex=0, commits[f2ba01fc-a63e-4348-bd18-030b60a135e7:c3947, eab135d4-a257-4705-b491-6c056b8c5df7:c3946, a4f67574-9018-43e7-8a54-351e98dc3d0a:c3946]
2019-08-23 07:09:10,264 | INFO  | SCMAudit | user=jenkins1000 | ip=192.168.5.178 | op=ALLOCATE_BLOCK {owner=aaf04d22-10dd-4717-8862-c651bdde72cf, size=4194304, type=RATIS, factor=THREE} | ret=SUCCESS |  
2019-08-23 07:09:10,267 | INFO  | OMAudit | user=jenkins1000 | ip=127.0.0.1 | op=ALLOCATE_BLOCK {volume=vol-0-67663, bucket=bucket-0-68950, key=key-0-26970, dataSize=0, replicationType=null, replicationFactor=null, keyLocationInfo=null, clientID=102665036030476690} | ret=SUCCESS |  
2019-08-23 07:09:10,272 | INFO  | DNAudit | user=null | ip=null | op=WRITE_CHUNK {blockData=conID: 2 locID: 102665037431702114 bcsId: 0} | ret=SUCCESS |  
2019-08-23 07:09:10,274 | INFO  | DNAudit | user=null | ip=null | op=WRITE_CHUNK {blockData=conID: 2 locID: 102665037431702114 bcsId: 0} | ret=SUCCESS |  
2019-08-23 07:09:10,274 | INFO  | DNAudit | user=null | ip=null | op=WRITE_CHUNK {blockData=conID: 2 locID: 102665037431702114 bcsId: 0} | ret=SUCCESS |  
2019-08-23 07:09:10,275 | INFO  | DNAudit | user=null | ip=null | op=WRITE_CHUNK {blockData=conID: 2 locID: 102665037431702114 bcsId: 0} | ret=SUCCESS |  
2019-08-23 07:09:10,275 | INFO  | DNAudit | user=null | ip=null | op=WRITE_CHUNK {blockData=conID: 2 locID: 102665037431702114 bcsId: 0} | ret=SUCCESS |  
2019-08-23 07:09:10,275 | INFO  | DNAudit | user=null | ip=null | op=WRITE_CHUNK {blockData=conID: 2 locID: 102665037431702114 bcsId: 0} | ret=SUCCESS |  
2019-08-23 07:09:10,284 | INFO  | DNAudit | user=null | ip=null | op=WRITE_CHUNK {blockData=conID: 2 locID: 102665037431702114 bcsId: 0} | ret=SUCCESS |  
2019-08-23 07:09:10,285 | INFO  | DNAudit | user=null | ip=null | op=PUT_BLOCK {blockData=[blockId=conID: 2 locID: 102665037431702114 bcsId: 0,size=1048576]} | ret=SUCCESS |  
2019-08-23 07:09:10,285 [grpc-default-executor-4] INFO  client.GrpcClientProtocolClient (GrpcClientProtocolClient.java:onNext(255)) - client-D91E5D1E15CE->f2ba01fc-a63e-4348-bd18-030b60a135e7: receive RaftClientReply:client-D91E5D1E15CE->f2ba01fc-a63e-4348-bd18-030b60a135e7@group-C8C62FEF0626, cid=2658, SUCCESS, logIndex=3948, commits[f2ba01fc-a63e-4348-bd18-030b60a135e7:c3951, eab135d4-a257-4705-b491-6c056b8c5df7:c3947, a4f67574-9018-43e7-8a54-351e98dc3d0a:c3947]
2019-08-23 07:09:10,285 | INFO  | DNAudit | user=null | ip=null | op=WRITE_CHUNK {blockData=conID: 2 locID: 102665037431702114 bcsId: 0} | ret=SUCCESS |  
2019-08-23 07:09:10,285 | INFO  | DNAudit | user=null | ip=null | op=PUT_BLOCK {blockData=[blockId=conID: 2 locID: 102665037431702114 bcsId: 0,size=2097152]} | ret=SUCCESS |  
2019-08-23 07:09:10,285 [grpc-default-executor-4] INFO  client.GrpcClientProtocolClient (GrpcClientProtocolClient.java:onNext(255)) - client-D91E5D1E15CE->f2ba01fc-a63e-4348-bd18-030b60a135e7: receive RaftClientReply:client-D91E5D1E15CE->f2ba01fc-a63e-4348-bd18-030b60a135e7@group-C8C62FEF0626, cid=2659, SUCCESS, logIndex=3949, commits[f2ba01fc-a63e-4348-bd18-030b60a135e7:c3951, eab135d4-a257-4705-b491-6c056b8c5df7:c3947, a4f67574-9018-43e7-8a54-351e98dc3d0a:c3947]
2019-08-23 07:09:10,286 [grpc-default-executor-4] INFO  client.GrpcClientProtocolClient (GrpcClientProtocolClient.java:onNext(255)) - client-D91E5D1E15CE->f2ba01fc-a63e-4348-bd18-030b60a135e7: receive RaftClientReply:client-D91E5D1E15CE->f2ba01fc-a63e-4348-bd18-030b60a135e7@group-C8C62FEF0626, cid=2660, SUCCESS, logIndex=3950, commits[f2ba01fc-a63e-4348-bd18-030b60a135e7:c3951, eab135d4-a257-4705-b491-6c056b8c5df7:c3947, a4f67574-9018-43e7-8a54-351e98dc3d0a:c3947]
2019-08-23 07:09:10,286 [grpc-default-executor-4] INFO  client.GrpcClientProtocolClient (GrpcClientProtocolClient.java:onNext(255)) - client-D91E5D1E15CE->f2ba01fc-a63e-4348-bd18-030b60a135e7: receive RaftClientReply:client-D91E5D1E15CE->f2ba01fc-a63e-4348-bd18-030b60a135e7@group-C8C62FEF0626, cid=2661, SUCCESS, logIndex=3951, commits[f2ba01fc-a63e-4348-bd18-030b60a135e7:c3951, eab135d4-a257-4705-b491-6c056b8c5df7:c3947, a4f67574-9018-43e7-8a54-351e98dc3d0a:c3947]
2019-08-23 07:09:10,286 | INFO  | DNAudit | user=null | ip=null | op=WRITE_CHUNK {blockData=conID: 2 locID: 102665037431702114 bcsId: 0} | ret=SUCCESS |  
2019-08-23 07:09:10,286 | INFO  | DNAudit | user=null | ip=null | op=WRITE_CHUNK {blockData=conID: 2 locID: 102665037431702114 bcsId: 0} | ret=SUCCESS |  
2019-08-23 07:09:10,287 | INFO  | DNAudit | user=null | ip=null | op=PUT_BLOCK {blockData=[blockId=conID: 2 locID: 102665037431702114 bcsId: 0,size=1048576]} | ret=SUCCESS |  
2019-08-23 07:09:10,287 | INFO  | DNAudit | user=null | ip=null | op=PUT_BLOCK {blockData=[blockId=conID: 2 locID: 102665037431702114 bcsId: 0,size=1048576]} | ret=SUCCESS |  
2019-08-23 07:09:10,288 | INFO  | DNAudit | user=null | ip=null | op=WRITE_CHUNK {blockData=conID: 2 locID: 102665037431702114 bcsId: 0} | ret=SUCCESS |  
2019-08-23 07:09:10,288 | INFO  | DNAudit | user=null | ip=null | op=WRITE_CHUNK {blockData=conID: 2 locID: 102665037431702114 bcsId: 0} | ret=SUCCESS |  
2019-08-23 07:09:10,288 | INFO  | DNAudit | user=null | ip=null | op=PUT_BLOCK {blockData=[blockId=conID: 2 locID: 102665037431702114 bcsId: 0,size=2097152]} | ret=SUCCESS |  
2019-08-23 07:09:10,288 | INFO  | DNAudit | user=null | ip=null | op=PUT_BLOCK {blockData=[blockId=conID: 2 locID: 102665037431702114 bcsId: 0,size=2097152]} | ret=SUCCESS |  
2019-08-23 07:09:10,288 [grpc-default-executor-0] INFO  client.GrpcClientProtocolClient (GrpcClientProtocolClient.java:onNext(255)) - client-D91E5D1E15CE->f2ba01fc-a63e-4348-bd18-030b60a135e7: receive RaftClientReply:client-D91E5D1E15CE->f2ba01fc-a63e-4348-bd18-030b60a135e7@group-C8C62FEF0626, cid=2662, SUCCESS, logIndex=0, commits[f2ba01fc-a63e-4348-bd18-030b60a135e7:c3953, eab135d4-a257-4705-b491-6c056b8c5df7:c3949, a4f67574-9018-43e7-8a54-351e98dc3d0a:c3949]
2019-08-23 07:09:10,293 | INFO  | DNAudit | user=null | ip=null | op=WRITE_CHUNK {blockData=conID: 2 locID: 102665037431702114 bcsId: 3951} | ret=SUCCESS |  
2019-08-23 07:09:10,294 | INFO  | DNAudit | user=null | ip=null | op=WRITE_CHUNK {blockData=conID: 2 locID: 102665037431702114 bcsId: 3951} | ret=SUCCESS |  
2019-08-23 07:09:10,294 | INFO  | DNAudit | user=null | ip=null | op=WRITE_CHUNK {blockData=conID: 2 locID: 102665037431702114 bcsId: 3951} | ret=SUCCESS |  
2019-08-23 07:09:10,305 | INFO  | DNAudit | user=null | ip=null | op=WRITE_CHUNK {blockData=conID: 2 locID: 102665037431702114 bcsId: 3951} | ret=SUCCESS |  
2019-08-23 07:09:10,306 | INFO  | DNAudit | user=null | ip=null | op=PUT_BLOCK {blockData=[blockId=conID: 2 locID: 102665037431702114 bcsId: 0,size=3145728]} | ret=SUCCESS |  
2019-08-23 07:09:10,306 [grpc-default-executor-0] INFO  client.GrpcClientProtocolClient (GrpcClientProtocolClient.java:onNext(255)) - client-D91E5D1E15CE->f2ba01fc-a63e-4348-bd18-030b60a135e7: receive RaftClientReply:client-D91E5D1E15CE->f2ba01fc-a63e-4348-bd18-030b60a135e7@group-C8C62FEF0626, cid=2663, SUCCESS, logIndex=3956, commits[f2ba01fc-a63e-4348-bd18-030b60a135e7:c3957, eab135d4-a257-4705-b491-6c056b8c5df7:c3955, a4f67574-9018-43e7-8a54-351e98dc3d0a:c3955]
2019-08-23 07:09:10,306 [grpc-default-executor-0] INFO  client.GrpcClientProtocolClient (GrpcClientProtocolClient.java:onNext(255)) - client-D91E5D1E15CE->f2ba01fc-a63e-4348-bd18-030b60a135e7: receive RaftClientReply:client-D91E5D1E15CE->f2ba01fc-a63e-4348-bd18-030b60a135e7@group-C8C62FEF0626, cid=2664, SUCCESS, logIndex=3957, commits[f2ba01fc-a63e-4348-bd18-030b60a135e7:c3957, eab135d4-a257-4705-b491-6c056b8c5df7:c3955, a4f67574-9018-43e7-8a54-351e98dc3d0a:c3955]
2019-08-23 07:09:10,431 | INFO  | DNAudit | user=null | ip=null | op=WRITE_CHUNK {blockData=conID: 2 locID: 102665037431702114 bcsId: 3951} | ret=SUCCESS |  
2019-08-23 07:09:10,431 | INFO  | DNAudit | user=null | ip=null | op=WRITE_CHUNK {blockData=conID: 2 locID: 102665037431702114 bcsId: 3951} | ret=SUCCESS |  
2019-08-23 07:09:10,431 | INFO  | DNAudit | user=null | ip=null | op=PUT_BLOCK {blockData=[blockId=conID: 2 locID: 102665037431702114 bcsId: 0,size=3145728]} | ret=SUCCESS |  
2019-08-23 07:09:10,431 | INFO  | DNAudit | user=null | ip=null | op=PUT_BLOCK {blockData=[blockId=conID: 2 locID: 102665037431702114 bcsId: 0,size=3145728]} | ret=SUCCESS |  
2019-08-23 07:09:10,434 | INFO  | DNAudit | user=null | ip=null | op=WRITE_CHUNK {blockData=conID: 2 locID: 102665037431702114 bcsId: 3957} | ret=SUCCESS |  
2019-08-23 07:09:10,435 | INFO  | DNAudit | user=null | ip=null | op=WRITE_CHUNK {blockData=conID: 2 locID: 102665037431702114 bcsId: 3957} | ret=SUCCESS |  
2019-08-23 07:09:10,436 | INFO  | DNAudit | user=null | ip=null | op=WRITE_CHUNK {blockData=conID: 2 locID: 102665037431702114 bcsId: 3957} | ret=SUCCESS |  
2019-08-23 07:09:10,444 | INFO  | DNAudit | user=null | ip=null | op=WRITE_CHUNK {blockData=conID: 2 locID: 102665037431702114 bcsId: 3957} | ret=SUCCESS |  
2019-08-23 07:09:10,444 | INFO  | DNAudit | user=null | ip=null | op=PUT_BLOCK {blockData=[blockId=conID: 2 locID: 102665037431702114 bcsId: 0,size=4194304]} | ret=SUCCESS |  
2019-08-23 07:09:10,444 [grpc-default-executor-0] INFO  client.GrpcClientProtocolClient (GrpcClientProtocolClient.java:onNext(255)) - client-D91E5D1E15CE->f2ba01fc-a63e-4348-bd18-030b60a135e7: receive RaftClientReply:client-D91E5D1E15CE->f2ba01fc-a63e-4348-bd18-030b60a135e7@group-C8C62FEF0626, cid=2665, SUCCESS, logIndex=3960, commits[f2ba01fc-a63e-4348-bd18-030b60a135e7:c3961, eab135d4-a257-4705-b491-6c056b8c5df7:c3958, a4f67574-9018-43e7-8a54-351e98dc3d0a:c3958]
2019-08-23 07:09:10,444 [grpc-default-executor-0] INFO  client.GrpcClientProtocolClient (GrpcClientProtocolClient.java:onNext(255)) - client-D91E5D1E15CE->f2ba01fc-a63e-4348-bd18-030b60a135e7: receive RaftClientReply:client-D91E5D1E15CE->f2ba01fc-a63e-4348-bd18-030b60a135e7@group-C8C62FEF0626, cid=2666, SUCCESS, logIndex=3961, commits[f2ba01fc-a63e-4348-bd18-030b60a135e7:c3961, eab135d4-a257-4705-b491-6c056b8c5df7:c3958, a4f67574-9018-43e7-8a54-351e98dc3d0a:c3958]
2019-08-23 07:09:10,445 | INFO  | DNAudit | user=null | ip=null | op=WRITE_CHUNK {blockData=conID: 2 locID: 102665037431702114 bcsId: 3957} | ret=SUCCESS |  
2019-08-23 07:09:10,445 | INFO  | DNAudit | user=null | ip=null | op=WRITE_CHUNK {blockData=conID: 2 locID: 102665037431702114 bcsId: 3957} | ret=SUCCESS |  
2019-08-23 07:09:10,446 | INFO  | DNAudit | user=null | ip=null | op=PUT_BLOCK {blockData=[blockId=conID: 2 locID: 102665037431702114 bcsId: 0,size=4194304]} | ret=SUCCESS |  
2019-08-23 07:09:10,446 | INFO  | DNAudit | user=null | ip=null | op=PUT_BLOCK {blockData=[blockId=conID: 2 locID: 102665037431702114 bcsId: 0,size=4194304]} | ret=SUCCESS |  
2019-08-23 07:09:10,446 [grpc-default-executor-0] INFO  client.GrpcClientProtocolClient (GrpcClientProtocolClient.java:onNext(255)) - client-D91E5D1E15CE->f2ba01fc-a63e-4348-bd18-030b60a135e7: receive RaftClientReply:client-D91E5D1E15CE->f2ba01fc-a63e-4348-bd18-030b60a135e7@group-C8C62FEF0626, cid=2667, SUCCESS, logIndex=0, commits[f2ba01fc-a63e-4348-bd18-030b60a135e7:c3963, eab135d4-a257-4705-b491-6c056b8c5df7:c3961, a4f67574-9018-43e7-8a54-351e98dc3d0a:c3961]
2019-08-23 07:09:10,451 | INFO  | SCMAudit | user=jenkins1000 | ip=192.168.5.178 | op=ALLOCATE_BLOCK {owner=aaf04d22-10dd-4717-8862-c651bdde72cf, size=4194304, type=RATIS, factor=THREE} | ret=SUCCESS |  
2019-08-23 07:09:10,454 | INFO  | OMAudit | user=jenkins1000 | ip=127.0.0.1 | op=ALLOCATE_BLOCK {volume=vol-0-67663, bucket=bucket-0-68950, key=key-0-26970, dataSize=0, replicationType=null, replicationFactor=null, keyLocationInfo=null, clientID=102665036030476690} | ret=SUCCESS |  
2019-08-23 07:09:10,459 | INFO  | DNAudit | user=null | ip=null | op=WRITE_CHUNK {blockData=conID: 3 locID: 102665037443957347 bcsId: 0} | ret=SUCCESS |  
2019-08-23 07:09:10,461 | INFO  | DNAudit | user=null | ip=null | op=WRITE_CHUNK {blockData=conID: 3 locID: 102665037443957347 bcsId: 0} | ret=SUCCESS |  
2019-08-23 07:09:10,461 | INFO  | DNAudit | user=null | ip=null | op=WRITE_CHUNK {blockData=conID: 3 locID: 102665037443957347 bcsId: 0} | ret=SUCCESS |  
2019-08-23 07:09:10,462 | INFO  | DNAudit | user=null | ip=null | op=WRITE_CHUNK {blockData=conID: 3 locID: 102665037443957347 bcsId: 0} | ret=SUCCESS |  
2019-08-23 07:09:10,462 | INFO  | DNAudit | user=null | ip=null | op=WRITE_CHUNK {blockData=conID: 3 locID: 102665037443957347 bcsId: 0} | ret=SUCCESS |  
2019-08-23 07:09:10,462 | INFO  | DNAudit | user=null | ip=null | op=WRITE_CHUNK {blockData=conID: 3 locID: 102665037443957347 bcsId: 0} | ret=SUCCESS |  
2019-08-23 07:09:10,471 | INFO  | DNAudit | user=null | ip=null | op=WRITE_CHUNK {blockData=conID: 3 locID: 102665037443957347 bcsId: 0} | ret=SUCCESS |  
2019-08-23 07:09:10,471 | INFO  | DNAudit | user=null | ip=null | op=PUT_BLOCK {blockData=[blockId=conID: 3 locID: 102665037443957347 bcsId: 0,size=1048576]} | ret=SUCCESS |  
2019-08-23 07:09:10,471 [grpc-default-executor-3] INFO  client.GrpcClientProtocolClient (GrpcClientProtocolClient.java:onNext(255)) - client-D91E5D1E15CE->f2ba01fc-a63e-4348-bd18-030b60a135e7: receive RaftClientReply:client-D91E5D1E15CE->f2ba01fc-a63e-4348-bd18-030b60a135e7@group-C8C62FEF0626, cid=2668, SUCCESS, logIndex=3964, commits[f2ba01fc-a63e-4348-bd18-030b60a135e7:c3966, eab135d4-a257-4705-b491-6c056b8c5df7:c3963, a4f67574-9018-43e7-8a54-351e98dc3d0a:c3963]
2019-08-23 07:09:10,472 | INFO  | DNAudit | user=null | ip=null | op=WRITE_CHUNK {blockData=conID: 3 locID: 102665037443957347 bcsId: 0} | ret=SUCCESS |  
2019-08-23 07:09:10,472 | INFO  | DNAudit | user=null | ip=null | op=PUT_BLOCK {blockData=[blockId=conID: 3 locID: 102665037443957347 bcsId: 0,size=2097152]} | ret=SUCCESS |  
2019-08-23 07:09:10,472 [grpc-default-executor-3] INFO  client.GrpcClientProtocolClient (GrpcClientProtocolClient.java:onNext(255)) - client-D91E5D1E15CE->f2ba01fc-a63e-4348-bd18-030b60a135e7: receive RaftClientReply:client-D91E5D1E15CE->f2ba01fc-a63e-4348-bd18-030b60a135e7@group-C8C62FEF0626, cid=2669, SUCCESS, logIndex=3965, commits[f2ba01fc-a63e-4348-bd18-030b60a135e7:c3967, eab135d4-a257-4705-b491-6c056b8c5df7:c3963, a4f67574-9018-43e7-8a54-351e98dc3d0a:c3963]
2019-08-23 07:09:10,472 [grpc-default-executor-3] INFO  client.GrpcClientProtocolClient (GrpcClientProtocolClient.java:onNext(255)) - client-D91E5D1E15CE->f2ba01fc-a63e-4348-bd18-030b60a135e7: receive RaftClientReply:client-D91E5D1E15CE->f2ba01fc-a63e-4348-bd18-030b60a135e7@group-C8C62FEF0626, cid=2670, SUCCESS, logIndex=3966, commits[f2ba01fc-a63e-4348-bd18-030b60a135e7:c3967, eab135d4-a257-4705-b491-6c056b8c5df7:c3963, a4f67574-9018-43e7-8a54-351e98dc3d0a:c3963]
2019-08-23 07:09:10,472 [grpc-default-executor-3] INFO  client.GrpcClientProtocolClient (GrpcClientProtocolClient.java:onNext(255)) - client-D91E5D1E15CE->f2ba01fc-a63e-4348-bd18-030b60a135e7: receive RaftClientReply:client-D91E5D1E15CE->f2ba01fc-a63e-4348-bd18-030b60a135e7@group-C8C62FEF0626, cid=2671, SUCCESS, logIndex=3967, commits[f2ba01fc-a63e-4348-bd18-030b60a135e7:c3967, eab135d4-a257-4705-b491-6c056b8c5df7:c3963, a4f67574-9018-43e7-8a54-351e98dc3d0a:c3963]
2019-08-23 07:09:10,473 | INFO  | DNAudit | user=null | ip=null | op=WRITE_CHUNK {blockData=conID: 3 locID: 102665037443957347 bcsId: 0} | ret=SUCCESS |  
2019-08-23 07:09:10,473 | INFO  | DNAudit | user=null | ip=null | op=WRITE_CHUNK {blockData=conID: 3 locID: 102665037443957347 bcsId: 0} | ret=SUCCESS |  
2019-08-23 07:09:10,473 | INFO  | DNAudit | user=null | ip=null | op=PUT_BLOCK {blockData=[blockId=conID: 3 locID: 102665037443957347 bcsId: 0,size=1048576]} | ret=SUCCESS |  
2019-08-23 07:09:10,473 | INFO  | DNAudit | user=null | ip=null | op=WRITE_CHUNK {blockData=conID: 3 locID: 102665037443957347 bcsId: 0} | ret=SUCCESS |  
2019-08-23 07:09:10,474 | INFO  | DNAudit | user=null | ip=null | op=PUT_BLOCK {blockData=[blockId=conID: 3 locID: 102665037443957347 bcsId: 0,size=1048576]} | ret=SUCCESS |  
2019-08-23 07:09:10,474 | INFO  | DNAudit | user=null | ip=null | op=PUT_BLOCK {blockData=[blockId=conID: 3 locID: 102665037443957347 bcsId: 0,size=2097152]} | ret=SUCCESS |  
2019-08-23 07:09:10,474 | INFO  | DNAudit | user=null | ip=null | op=WRITE_CHUNK {blockData=conID: 3 locID: 102665037443957347 bcsId: 0} | ret=SUCCESS |  
2019-08-23 07:09:10,474 | INFO  | DNAudit | user=null | ip=null | op=PUT_BLOCK {blockData=[blockId=conID: 3 locID: 102665037443957347 bcsId: 0,size=2097152]} | ret=SUCCESS |  
2019-08-23 07:09:10,474 [grpc-default-executor-3] INFO  client.GrpcClientProtocolClient (GrpcClientProtocolClient.java:onNext(255)) - client-D91E5D1E15CE->f2ba01fc-a63e-4348-bd18-030b60a135e7: receive RaftClientReply:client-D91E5D1E15CE->f2ba01fc-a63e-4348-bd18-030b60a135e7@group-C8C62FEF0626, cid=2672, SUCCESS, logIndex=0, commits[f2ba01fc-a63e-4348-bd18-030b60a135e7:c3970, eab135d4-a257-4705-b491-6c056b8c5df7:c3966, a4f67574-9018-43e7-8a54-351e98dc3d0a:c3965]
2019-08-23 07:09:10,479 | INFO  | DNAudit | user=null | ip=null | op=WRITE_CHUNK {blockData=conID: 3 locID: 102665037443957347 bcsId: 3967} | ret=SUCCESS |  
2019-08-23 07:09:10,481 | INFO  | DNAudit | user=null | ip=null | op=WRITE_CHUNK {blockData=conID: 3 locID: 102665037443957347 bcsId: 3967} | ret=SUCCESS |  
2019-08-23 07:09:10,481 | INFO  | DNAudit | user=null | ip=null | op=WRITE_CHUNK {blockData=conID: 3 locID: 102665037443957347 bcsId: 3967} | ret=SUCCESS |  
2019-08-23 07:09:10,501 | INFO  | DNAudit | user=null | ip=null | op=WRITE_CHUNK {blockData=conID: 3 locID: 102665037443957347 bcsId: 3967} | ret=SUCCESS |  
2019-08-23 07:09:10,502 | INFO  | DNAudit | user=null | ip=null | op=PUT_BLOCK {blockData=[blockId=conID: 3 locID: 102665037443957347 bcsId: 0,size=3145728]} | ret=SUCCESS |  
2019-08-23 07:09:10,502 [grpc-default-executor-0] INFO  client.GrpcClientProtocolClient (GrpcClientProtocolClient.java:onNext(255)) - client-D91E5D1E15CE->f2ba01fc-a63e-4348-bd18-030b60a135e7: receive RaftClientReply:client-D91E5D1E15CE->f2ba01fc-a63e-4348-bd18-030b60a135e7@group-C8C62FEF0626, cid=2673, SUCCESS, logIndex=3972, commits[f2ba01fc-a63e-4348-bd18-030b60a135e7:c3973, eab135d4-a257-4705-b491-6c056b8c5df7:c3971, a4f67574-9018-43e7-8a54-351e98dc3d0a:c3967]
2019-08-23 07:09:10,502 [grpc-default-executor-0] INFO  client.GrpcClientProtocolClient (GrpcClientProtocolClient.java:onNext(255)) - client-D91E5D1E15CE->f2ba01fc-a63e-4348-bd18-030b60a135e7: receive RaftClientReply:client-D91E5D1E15CE->f2ba01fc-a63e-4348-bd18-030b60a135e7@group-C8C62FEF0626, cid=2674, SUCCESS, logIndex=3973, commits[f2ba01fc-a63e-4348-bd18-030b60a135e7:c3973, eab135d4-a257-4705-b491-6c056b8c5df7:c3971, a4f67574-9018-43e7-8a54-351e98dc3d0a:c3971]
2019-08-23 07:09:10,503 | INFO  | DNAudit | user=null | ip=null | op=WRITE_CHUNK {blockData=conID: 3 locID: 102665037443957347 bcsId: 3967} | ret=SUCCESS |  
2019-08-23 07:09:10,503 | INFO  | DNAudit | user=null | ip=null | op=WRITE_CHUNK {blockData=conID: 3 locID: 102665037443957347 bcsId: 3967} | ret=SUCCESS |  
2019-08-23 07:09:10,503 | INFO  | DNAudit | user=null | ip=null | op=PUT_BLOCK {blockData=[blockId=conID: 3 locID: 102665037443957347 bcsId: 0,size=3145728]} | ret=SUCCESS |  
2019-08-23 07:09:10,504 | INFO  | DNAudit | user=null | ip=null | op=PUT_BLOCK {blockData=[blockId=conID: 3 locID: 102665037443957347 bcsId: 0,size=3145728]} | ret=SUCCESS |  
2019-08-23 07:09:10,507 | INFO  | DNAudit | user=null | ip=null | op=WRITE_CHUNK {blockData=conID: 3 locID: 102665037443957347 bcsId: 3973} | ret=SUCCESS |  
2019-08-23 07:09:10,509 | INFO  | DNAudit | user=null | ip=null | op=WRITE_CHUNK {blockData=conID: 3 locID: 102665037443957347 bcsId: 3973} | ret=SUCCESS |  
2019-08-23 07:09:10,509 | INFO  | DNAudit | user=null | ip=null | op=WRITE_CHUNK {blockData=conID: 3 locID: 102665037443957347 bcsId: 3973} | ret=SUCCESS |  
2019-08-23 07:09:10,519 | INFO  | DNAudit | user=null | ip=null | op=WRITE_CHUNK {blockData=conID: 3 locID: 102665037443957347 bcsId: 3973} | ret=SUCCESS |  
2019-08-23 07:09:10,520 | INFO  | DNAudit | user=null | ip=null | op=PUT_BLOCK {blockData=[blockId=conID: 3 locID: 102665037443957347 bcsId: 0,size=4194304]} | ret=SUCCESS |  
2019-08-23 07:09:10,520 [grpc-default-executor-4] INFO  client.GrpcClientProtocolClient (GrpcClientProtocolClient.java:onNext(255)) - client-D91E5D1E15CE->f2ba01fc-a63e-4348-bd18-030b60a135e7: receive RaftClientReply:client-D91E5D1E15CE->f2ba01fc-a63e-4348-bd18-030b60a135e7@group-C8C62FEF0626, cid=2675, SUCCESS, logIndex=3976, commits[f2ba01fc-a63e-4348-bd18-030b60a135e7:c3977, eab135d4-a257-4705-b491-6c056b8c5df7:c3975, a4f67574-9018-43e7-8a54-351e98dc3d0a:c3975]
2019-08-23 07:09:10,520 [grpc-default-executor-4] INFO  client.GrpcClientProtocolClient (GrpcClientProtocolClient.java:onNext(255)) - client-D91E5D1E15CE->f2ba01fc-a63e-4348-bd18-030b60a135e7: receive RaftClientReply:client-D91E5D1E15CE->f2ba01fc-a63e-4348-bd18-030b60a135e7@group-C8C62FEF0626, cid=2676, SUCCESS, logIndex=3977, commits[f2ba01fc-a63e-4348-bd18-030b60a135e7:c3977, eab135d4-a257-4705-b491-6c056b8c5df7:c3975, a4f67574-9018-43e7-8a54-351e98dc3d0a:c3975]
2019-08-23 07:09:10,521 | INFO  | DNAudit | user=null | ip=null | op=WRITE_CHUNK {blockData=conID: 3 locID: 102665037443957347 bcsId: 3973} | ret=SUCCESS |  
2019-08-23 07:09:10,521 | INFO  | DNAudit | user=null | ip=null | op=WRITE_CHUNK {blockData=conID: 3 locID: 102665037443957347 bcsId: 3973} | ret=SUCCESS |  
2019-08-23 07:09:10,522 | INFO  | DNAudit | user=null | ip=null | op=PUT_BLOCK {blockData=[blockId=conID: 3 locID: 102665037443957347 bcsId: 0,size=4194304]} | ret=SUCCESS |  
2019-08-23 07:09:10,522 | INFO  | DNAudit | user=null | ip=null | op=PUT_BLOCK {blockData=[blockId=conID: 3 locID: 102665037443957347 bcsId: 0,size=4194304]} | ret=SUCCESS |  
2019-08-23 07:09:10,523 [grpc-default-executor-0] INFO  client.GrpcClientProtocolClient (GrpcClientProtocolClient.java:onNext(255)) - client-D91E5D1E15CE->f2ba01fc-a63e-4348-bd18-030b60a135e7: receive RaftClientReply:client-D91E5D1E15CE->f2ba01fc-a63e-4348-bd18-030b60a135e7@group-C8C62FEF0626, cid=2677, SUCCESS, logIndex=0, commits[f2ba01fc-a63e-4348-bd18-030b60a135e7:c3979, eab135d4-a257-4705-b491-6c056b8c5df7:c3977, a4f67574-9018-43e7-8a54-351e98dc3d0a:c3977]
2019-08-23 07:09:10,527 | INFO  | SCMAudit | user=jenkins1000 | ip=192.168.5.178 | op=ALLOCATE_BLOCK {owner=aaf04d22-10dd-4717-8862-c651bdde72cf, size=4194304, type=RATIS, factor=THREE} | ret=SUCCESS |  
2019-08-23 07:09:10,530 | INFO  | OMAudit | user=jenkins1000 | ip=127.0.0.1 | op=ALLOCATE_BLOCK {volume=vol-0-67663, bucket=bucket-0-68950, key=key-0-26970, dataSize=0, replicationType=null, replicationFactor=null, keyLocationInfo=null, clientID=102665036030476690} | ret=SUCCESS |  
2019-08-23 07:09:10,535 | INFO  | DNAudit | user=null | ip=null | op=WRITE_CHUNK {blockData=conID: 1 locID: 102665037448938084 bcsId: 0} | ret=SUCCESS |  
2019-08-23 07:09:10,537 | INFO  | DNAudit | user=null | ip=null | op=WRITE_CHUNK {blockData=conID: 1 locID: 102665037448938084 bcsId: 0} | ret=SUCCESS |  
2019-08-23 07:09:10,538 | INFO  | DNAudit | user=null | ip=null | op=WRITE_CHUNK {blockData=conID: 1 locID: 102665037448938084 bcsId: 0} | ret=SUCCESS |  
2019-08-23 07:09:10,538 | INFO  | DNAudit | user=null | ip=null | op=WRITE_CHUNK {blockData=conID: 1 locID: 102665037448938084 bcsId: 0} | ret=SUCCESS |  
2019-08-23 07:09:10,539 | INFO  | DNAudit | user=null | ip=null | op=WRITE_CHUNK {blockData=conID: 1 locID: 102665037448938084 bcsId: 0} | ret=SUCCESS |  
2019-08-23 07:09:10,539 | INFO  | DNAudit | user=null | ip=null | op=WRITE_CHUNK {blockData=conID: 1 locID: 102665037448938084 bcsId: 0} | ret=SUCCESS |  
2019-08-23 07:09:10,548 | INFO  | DNAudit | user=null | ip=null | op=WRITE_CHUNK {blockData=conID: 1 locID: 102665037448938084 bcsId: 0} | ret=SUCCESS |  
2019-08-23 07:09:10,548 | INFO  | DNAudit | user=null | ip=null | op=PUT_BLOCK {blockData=[blockId=conID: 1 locID: 102665037448938084 bcsId: 0,size=1048576]} | ret=SUCCESS |  
2019-08-23 07:09:10,549 [grpc-default-executor-0] INFO  client.GrpcClientProtocolClient (GrpcClientProtocolClient.java:onNext(255)) - client-D91E5D1E15CE->f2ba01fc-a63e-4348-bd18-030b60a135e7: receive RaftClientReply:client-D91E5D1E15CE->f2ba01fc-a63e-4348-bd18-030b60a135e7@group-C8C62FEF0626, cid=2678, SUCCESS, logIndex=3980, commits[f2ba01fc-a63e-4348-bd18-030b60a135e7:c3982, eab135d4-a257-4705-b491-6c056b8c5df7:c3979, a4f67574-9018-43e7-8a54-351e98dc3d0a:c3979]
2019-08-23 07:09:10,549 | INFO  | DNAudit | user=null | ip=null | op=WRITE_CHUNK {blockData=conID: 1 locID: 102665037448938084 bcsId: 0} | ret=SUCCESS |  
2019-08-23 07:09:10,549 | INFO  | DNAudit | user=null | ip=null | op=PUT_BLOCK {blockData=[blockId=conID: 1 locID: 102665037448938084 bcsId: 0,size=2097152]} | ret=SUCCESS |  
2019-08-23 07:09:10,549 | INFO  | DNAudit | user=null | ip=null | op=WRITE_CHUNK {blockData=conID: 1 locID: 102665037448938084 bcsId: 0} | ret=SUCCESS |  
2019-08-23 07:09:10,549 [grpc-default-executor-0] INFO  client.GrpcClientProtocolClient (GrpcClientProtocolClient.java:onNext(255)) - client-D91E5D1E15CE->f2ba01fc-a63e-4348-bd18-030b60a135e7: receive RaftClientReply:client-D91E5D1E15CE->f2ba01fc-a63e-4348-bd18-030b60a135e7@group-C8C62FEF0626, cid=2679, SUCCESS, logIndex=3981, commits[f2ba01fc-a63e-4348-bd18-030b60a135e7:c3983, eab135d4-a257-4705-b491-6c056b8c5df7:c3979, a4f67574-9018-43e7-8a54-351e98dc3d0a:c3979]
2019-08-23 07:09:10,549 | INFO  | DNAudit | user=null | ip=null | op=WRITE_CHUNK {blockData=conID: 1 locID: 102665037448938084 bcsId: 0} | ret=SUCCESS |  
2019-08-23 07:09:10,549 [grpc-default-executor-0] INFO  client.GrpcClientProtocolClient (GrpcClientProtocolClient.java:onNext(255)) - client-D91E5D1E15CE->f2ba01fc-a63e-4348-bd18-030b60a135e7: receive RaftClientReply:client-D91E5D1E15CE->f2ba01fc-a63e-4348-bd18-030b60a135e7@group-C8C62FEF0626, cid=2680, SUCCESS, logIndex=3982, commits[f2ba01fc-a63e-4348-bd18-030b60a135e7:c3983, eab135d4-a257-4705-b491-6c056b8c5df7:c3979, a4f67574-9018-43e7-8a54-351e98dc3d0a:c3979]
2019-08-23 07:09:10,550 | INFO  | DNAudit | user=null | ip=null | op=PUT_BLOCK {blockData=[blockId=conID: 1 locID: 102665037448938084 bcsId: 0,size=1048576]} | ret=SUCCESS |  
2019-08-23 07:09:10,550 | INFO  | DNAudit | user=null | ip=null | op=PUT_BLOCK {blockData=[blockId=conID: 1 locID: 102665037448938084 bcsId: 0,size=1048576]} | ret=SUCCESS |  
2019-08-23 07:09:10,550 [grpc-default-executor-0] INFO  client.GrpcClientProtocolClient (GrpcClientProtocolClient.java:onNext(255)) - client-D91E5D1E15CE->f2ba01fc-a63e-4348-bd18-030b60a135e7: receive RaftClientReply:client-D91E5D1E15CE->f2ba01fc-a63e-4348-bd18-030b60a135e7@group-C8C62FEF0626, cid=2681, SUCCESS, logIndex=3983, commits[f2ba01fc-a63e-4348-bd18-030b60a135e7:c3983, eab135d4-a257-4705-b491-6c056b8c5df7:c3979, a4f67574-9018-43e7-8a54-351e98dc3d0a:c3979]
2019-08-23 07:09:10,550 [grpc-default-executor-0] INFO  client.GrpcClientProtocolClient (GrpcClientProtocolClient.java:onNext(255)) - client-D91E5D1E15CE->f2ba01fc-a63e-4348-bd18-030b60a135e7: receive RaftClientReply:client-D91E5D1E15CE->f2ba01fc-a63e-4348-bd18-030b60a135e7@group-C8C62FEF0626, cid=2682, SUCCESS, logIndex=0, commits[f2ba01fc-a63e-4348-bd18-030b60a135e7:c3984, eab135d4-a257-4705-b491-6c056b8c5df7:c3981, a4f67574-9018-43e7-8a54-351e98dc3d0a:c3981]
2019-08-23 07:09:10,551 | INFO  | DNAudit | user=null | ip=null | op=WRITE_CHUNK {blockData=conID: 1 locID: 102665037448938084 bcsId: 0} | ret=SUCCESS |  
2019-08-23 07:09:10,551 | INFO  | DNAudit | user=null | ip=null | op=WRITE_CHUNK {blockData=conID: 1 locID: 102665037448938084 bcsId: 0} | ret=SUCCESS |  
2019-08-23 07:09:10,551 | INFO  | DNAudit | user=null | ip=null | op=PUT_BLOCK {blockData=[blockId=conID: 1 locID: 102665037448938084 bcsId: 0,size=2097152]} | ret=SUCCESS |  
2019-08-23 07:09:10,551 | INFO  | DNAudit | user=null | ip=null | op=PUT_BLOCK {blockData=[blockId=conID: 1 locID: 102665037448938084 bcsId: 0,size=2097152]} | ret=SUCCESS |  
2019-08-23 07:09:10,555 | INFO  | DNAudit | user=null | ip=null | op=WRITE_CHUNK {blockData=conID: 1 locID: 102665037448938084 bcsId: 3983} | ret=SUCCESS |  
2019-08-23 07:09:10,557 | INFO  | DNAudit | user=null | ip=null | op=WRITE_CHUNK {blockData=conID: 1 locID: 102665037448938084 bcsId: 3983} | ret=SUCCESS |  
2019-08-23 07:09:10,557 | INFO  | DNAudit | user=null | ip=null | op=WRITE_CHUNK {blockData=conID: 1 locID: 102665037448938084 bcsId: 3983} | ret=SUCCESS |  
2019-08-23 07:09:10,568 | INFO  | DNAudit | user=null | ip=null | op=WRITE_CHUNK {blockData=conID: 1 locID: 102665037448938084 bcsId: 3983} | ret=SUCCESS |  
2019-08-23 07:09:10,568 | INFO  | DNAudit | user=null | ip=null | op=PUT_BLOCK {blockData=[blockId=conID: 1 locID: 102665037448938084 bcsId: 0,size=3145728]} | ret=SUCCESS |  
2019-08-23 07:09:10,568 [grpc-default-executor-0] INFO  client.GrpcClientProtocolClient (GrpcClientProtocolClient.java:onNext(255)) - client-D91E5D1E15CE->f2ba01fc-a63e-4348-bd18-030b60a135e7: receive RaftClientReply:client-D91E5D1E15CE->f2ba01fc-a63e-4348-bd18-030b60a135e7@group-C8C62FEF0626, cid=2683, SUCCESS, logIndex=3988, commits[f2ba01fc-a63e-4348-bd18-030b60a135e7:c3989, eab135d4-a257-4705-b491-6c056b8c5df7:c3987, a4f67574-9018-43e7-8a54-351e98dc3d0a:c3987]
2019-08-23 07:09:10,568 [grpc-default-executor-0] INFO  client.GrpcClientProtocolClient (GrpcClientProtocolClient.java:onNext(255)) - client-D91E5D1E15CE->f2ba01fc-a63e-4348-bd18-030b60a135e7: receive RaftClientReply:client-D91E5D1E15CE->f2ba01fc-a63e-4348-bd18-030b60a135e7@group-C8C62FEF0626, cid=2684, SUCCESS, logIndex=3989, commits[f2ba01fc-a63e-4348-bd18-030b60a135e7:c3989, eab135d4-a257-4705-b491-6c056b8c5df7:c3987, a4f67574-9018-43e7-8a54-351e98dc3d0a:c3987]
2019-08-23 07:09:10,573 | INFO  | DNAudit | user=null | ip=null | op=WRITE_CHUNK {blockData=conID: 1 locID: 102665037448938084 bcsId: 3989} | ret=SUCCESS |  
2019-08-23 07:09:10,574 | INFO  | DNAudit | user=null | ip=null | op=WRITE_CHUNK {blockData=conID: 1 locID: 102665037448938084 bcsId: 3989} | ret=SUCCESS |  
2019-08-23 07:09:10,575 | INFO  | DNAudit | user=null | ip=null | op=WRITE_CHUNK {blockData=conID: 1 locID: 102665037448938084 bcsId: 3989} | ret=SUCCESS |  
2019-08-23 07:09:10,579 | INFO  | DNAudit | user=null | ip=null | op=WRITE_CHUNK {blockData=conID: 1 locID: 102665037448938084 bcsId: 3983} | ret=SUCCESS |  
2019-08-23 07:09:10,579 | INFO  | DNAudit | user=null | ip=null | op=WRITE_CHUNK {blockData=conID: 1 locID: 102665037448938084 bcsId: 3983} | ret=SUCCESS |  
2019-08-23 07:09:10,580 | INFO  | DNAudit | user=null | ip=null | op=PUT_BLOCK {blockData=[blockId=conID: 1 locID: 102665037448938084 bcsId: 0,size=3145728]} | ret=SUCCESS |  
2019-08-23 07:09:10,581 | INFO  | DNAudit | user=null | ip=null | op=PUT_BLOCK {blockData=[blockId=conID: 1 locID: 102665037448938084 bcsId: 0,size=3145728]} | ret=SUCCESS |  
2019-08-23 07:09:10,581 | INFO  | DNAudit | user=null | ip=null | op=WRITE_CHUNK {blockData=conID: 1 locID: 102665037448938084 bcsId: 3989} | ret=SUCCESS |  
2019-08-23 07:09:10,581 | INFO  | DNAudit | user=null | ip=null | op=PUT_BLOCK {blockData=[blockId=conID: 1 locID: 102665037448938084 bcsId: 0,size=4194304]} | ret=SUCCESS |  
2019-08-23 07:09:10,581 [grpc-default-executor-0] INFO  client.GrpcClientProtocolClient (GrpcClientProtocolClient.java:onNext(255)) - client-D91E5D1E15CE->f2ba01fc-a63e-4348-bd18-030b60a135e7: receive RaftClientReply:client-D91E5D1E15CE->f2ba01fc-a63e-4348-bd18-030b60a135e7@group-C8C62FEF0626, cid=2685, SUCCESS, logIndex=3992, commits[f2ba01fc-a63e-4348-bd18-030b60a135e7:c3993, eab135d4-a257-4705-b491-6c056b8c5df7:c3989, a4f67574-9018-43e7-8a54-351e98dc3d0a:c3989]
2019-08-23 07:09:10,581 [grpc-default-executor-0] INFO  client.GrpcClientProtocolClient (GrpcClientProtocolClient.java:onNext(255)) - client-D91E5D1E15CE->f2ba01fc-a63e-4348-bd18-030b60a135e7: receive RaftClientReply:client-D91E5D1E15CE->f2ba01fc-a63e-4348-bd18-030b60a135e7@group-C8C62FEF0626, cid=2686, SUCCESS, logIndex=3993, commits[f2ba01fc-a63e-4348-bd18-030b60a135e7:c3993, eab135d4-a257-4705-b491-6c056b8c5df7:c3989, a4f67574-9018-43e7-8a54-351e98dc3d0a:c3989]
2019-08-23 07:09:10,593 | INFO  | DNAudit | user=null | ip=null | op=WRITE_CHUNK {blockData=conID: 1 locID: 102665037448938084 bcsId: 3989} | ret=SUCCESS |  
2019-08-23 07:09:10,593 | INFO  | DNAudit | user=null | ip=null | op=WRITE_CHUNK {blockData=conID: 1 locID: 102665037448938084 bcsId: 3989} | ret=SUCCESS |  
2019-08-23 07:09:10,594 | INFO  | DNAudit | user=null | ip=null | op=PUT_BLOCK {blockData=[blockId=conID: 1 locID: 102665037448938084 bcsId: 0,size=4194304]} | ret=SUCCESS |  
2019-08-23 07:09:10,595 | INFO  | DNAudit | user=null | ip=null | op=PUT_BLOCK {blockData=[blockId=conID: 1 locID: 102665037448938084 bcsId: 0,size=4194304]} | ret=SUCCESS |  
2019-08-23 07:09:10,595 [grpc-default-executor-4] INFO  client.GrpcClientProtocolClient (GrpcClientProtocolClient.java:onNext(255)) - client-D91E5D1E15CE->f2ba01fc-a63e-4348-bd18-030b60a135e7: receive RaftClientReply:client-D91E5D1E15CE->f2ba01fc-a63e-4348-bd18-030b60a135e7@group-C8C62FEF0626, cid=2687, SUCCESS, logIndex=0, commits[f2ba01fc-a63e-4348-bd18-030b60a135e7:c3995, eab135d4-a257-4705-b491-6c056b8c5df7:c3993, a4f67574-9018-43e7-8a54-351e98dc3d0a:c3993]
2019-08-23 07:09:10,599 | INFO  | SCMAudit | user=jenkins1000 | ip=192.168.5.178 | op=ALLOCATE_BLOCK {owner=aaf04d22-10dd-4717-8862-c651bdde72cf, size=4194304, type=RATIS, factor=THREE} | ret=SUCCESS |  
2019-08-23 07:09:10,602 | INFO  | OMAudit | user=jenkins1000 | ip=127.0.0.1 | op=ALLOCATE_BLOCK {volume=vol-0-67663, bucket=bucket-0-68950, key=key-0-26970, dataSize=0, replicationType=null, replicationFactor=null, keyLocationInfo=null, clientID=102665036030476690} | ret=SUCCESS |  
2019-08-23 07:09:10,608 | INFO  | DNAudit | user=null | ip=null | op=WRITE_CHUNK {blockData=conID: 2 locID: 102665037453656677 bcsId: 0} | ret=SUCCESS |  
2019-08-23 07:09:10,609 | INFO  | DNAudit | user=null | ip=null | op=WRITE_CHUNK {blockData=conID: 2 locID: 102665037453656677 bcsId: 0} | ret=SUCCESS |  
2019-08-23 07:09:10,610 | INFO  | DNAudit | user=null | ip=null | op=WRITE_CHUNK {blockData=conID: 2 locID: 102665037453656677 bcsId: 0} | ret=SUCCESS |  
2019-08-23 07:09:10,610 | INFO  | DNAudit | user=null | ip=null | op=WRITE_CHUNK {blockData=conID: 2 locID: 102665037453656677 bcsId: 0} | ret=SUCCESS |  
2019-08-23 07:09:10,611 | INFO  | DNAudit | user=null | ip=null | op=WRITE_CHUNK {blockData=conID: 2 locID: 102665037453656677 bcsId: 0} | ret=SUCCESS |  
2019-08-23 07:09:10,611 | INFO  | DNAudit | user=null | ip=null | op=WRITE_CHUNK {blockData=conID: 2 locID: 102665037453656677 bcsId: 0} | ret=SUCCESS |  
2019-08-23 07:09:10,620 | INFO  | DNAudit | user=null | ip=null | op=WRITE_CHUNK {blockData=conID: 2 locID: 102665037453656677 bcsId: 0} | ret=SUCCESS |  
2019-08-23 07:09:10,621 | INFO  | DNAudit | user=null | ip=null | op=PUT_BLOCK {blockData=[blockId=conID: 2 locID: 102665037453656677 bcsId: 0,size=1048576]} | ret=SUCCESS |  
2019-08-23 07:09:10,621 | INFO  | DNAudit | user=null | ip=null | op=WRITE_CHUNK {blockData=conID: 2 locID: 102665037453656677 bcsId: 0} | ret=SUCCESS |  
2019-08-23 07:09:10,621 [grpc-default-executor-3] INFO  client.GrpcClientProtocolClient (GrpcClientProtocolClient.java:onNext(255)) - client-D91E5D1E15CE->f2ba01fc-a63e-4348-bd18-030b60a135e7: receive RaftClientReply:client-D91E5D1E15CE->f2ba01fc-a63e-4348-bd18-030b60a135e7@group-C8C62FEF0626, cid=2688, SUCCESS, logIndex=3996, commits[f2ba01fc-a63e-4348-bd18-030b60a135e7:c3997, eab135d4-a257-4705-b491-6c056b8c5df7:c3995, a4f67574-9018-43e7-8a54-351e98dc3d0a:c3995]
2019-08-23 07:09:10,621 | INFO  | DNAudit | user=null | ip=null | op=PUT_BLOCK {blockData=[blockId=conID: 2 locID: 102665037453656677 bcsId: 0,size=2097152]} | ret=SUCCESS |  
2019-08-23 07:09:10,621 [grpc-default-executor-3] INFO  client.GrpcClientProtocolClient (GrpcClientProtocolClient.java:onNext(255)) - client-D91E5D1E15CE->f2ba01fc-a63e-4348-bd18-030b60a135e7: receive RaftClientReply:client-D91E5D1E15CE->f2ba01fc-a63e-4348-bd18-030b60a135e7@group-C8C62FEF0626, cid=2689, SUCCESS, logIndex=3997, commits[f2ba01fc-a63e-4348-bd18-030b60a135e7:c3999, eab135d4-a257-4705-b491-6c056b8c5df7:c3995, a4f67574-9018-43e7-8a54-351e98dc3d0a:c3995]
2019-08-23 07:09:10,621 [grpc-default-executor-3] INFO  client.GrpcClientProtocolClient (GrpcClientProtocolClient.java:onNext(255)) - client-D91E5D1E15CE->f2ba01fc-a63e-4348-bd18-030b60a135e7: receive RaftClientReply:client-D91E5D1E15CE->f2ba01fc-a63e-4348-bd18-030b60a135e7@group-C8C62FEF0626, cid=2690, SUCCESS, logIndex=3998, commits[f2ba01fc-a63e-4348-bd18-030b60a135e7:c3999, eab135d4-a257-4705-b491-6c056b8c5df7:c3995, a4f67574-9018-43e7-8a54-351e98dc3d0a:c3995]
2019-08-23 07:09:10,622 | INFO  | DNAudit | user=null | ip=null | op=WRITE_CHUNK {blockData=conID: 2 locID: 102665037453656677 bcsId: 0} | ret=SUCCESS |  
2019-08-23 07:09:10,622 [grpc-default-executor-0] INFO  client.GrpcClientProtocolClient (GrpcClientProtocolClient.java:onNext(255)) - client-D91E5D1E15CE->f2ba01fc-a63e-4348-bd18-030b60a135e7: receive RaftClientReply:client-D91E5D1E15CE->f2ba01fc-a63e-4348-bd18-030b60a135e7@group-C8C62FEF0626, cid=2691, SUCCESS, logIndex=3999, commits[f2ba01fc-a63e-4348-bd18-030b60a135e7:c3999, eab135d4-a257-4705-b491-6c056b8c5df7:c3995, a4f67574-9018-43e7-8a54-351e98dc3d0a:c3995]
2019-08-23 07:09:10,622 | INFO  | DNAudit | user=null | ip=null | op=WRITE_CHUNK {blockData=conID: 2 locID: 102665037453656677 bcsId: 0} | ret=SUCCESS |  
2019-08-23 07:09:10,622 | INFO  | DNAudit | user=null | ip=null | op=PUT_BLOCK {blockData=[blockId=conID: 2 locID: 102665037453656677 bcsId: 0,size=1048576]} | ret=SUCCESS |  
2019-08-23 07:09:10,622 | INFO  | DNAudit | user=null | ip=null | op=WRITE_CHUNK {blockData=conID: 2 locID: 102665037453656677 bcsId: 0} | ret=SUCCESS |  
2019-08-23 07:09:10,623 | INFO  | DNAudit | user=null | ip=null | op=PUT_BLOCK {blockData=[blockId=conID: 2 locID: 102665037453656677 bcsId: 0,size=2097152]} | ret=SUCCESS |  
2019-08-23 07:09:10,623 | INFO  | DNAudit | user=null | ip=null | op=PUT_BLOCK {blockData=[blockId=conID: 2 locID: 102665037453656677 bcsId: 0,size=1048576]} | ret=SUCCESS |  
2019-08-23 07:09:10,623 | INFO  | DNAudit | user=null | ip=null | op=WRITE_CHUNK {blockData=conID: 2 locID: 102665037453656677 bcsId: 0} | ret=SUCCESS |  
2019-08-23 07:09:10,623 | INFO  | DNAudit | user=null | ip=null | op=PUT_BLOCK {blockData=[blockId=conID: 2 locID: 102665037453656677 bcsId: 0,size=2097152]} | ret=SUCCESS |  
2019-08-23 07:09:10,623 [grpc-default-executor-3] INFO  client.GrpcClientProtocolClient (GrpcClientProtocolClient.java:onNext(255)) - client-D91E5D1E15CE->f2ba01fc-a63e-4348-bd18-030b60a135e7: receive RaftClientReply:client-D91E5D1E15CE->f2ba01fc-a63e-4348-bd18-030b60a135e7@group-C8C62FEF0626, cid=2692, SUCCESS, logIndex=0, commits[f2ba01fc-a63e-4348-bd18-030b60a135e7:c4003, eab135d4-a257-4705-b491-6c056b8c5df7:c3999, a4f67574-9018-43e7-8a54-351e98dc3d0a:c3997]
2019-08-23 07:09:10,629 | INFO  | DNAudit | user=null | ip=null | op=WRITE_CHUNK {blockData=conID: 2 locID: 102665037453656677 bcsId: 3999} | ret=SUCCESS |  
2019-08-23 07:09:10,630 | INFO  | DNAudit | user=null | ip=null | op=WRITE_CHUNK {blockData=conID: 2 locID: 102665037453656677 bcsId: 3999} | ret=SUCCESS |  
2019-08-23 07:09:10,631 | INFO  | DNAudit | user=null | ip=null | op=WRITE_CHUNK {blockData=conID: 2 locID: 102665037453656677 bcsId: 3999} | ret=SUCCESS |  
2019-08-23 07:09:10,641 | INFO  | DNAudit | user=null | ip=null | op=WRITE_CHUNK {blockData=conID: 2 locID: 102665037453656677 bcsId: 3999} | ret=SUCCESS |  
2019-08-23 07:09:10,641 | INFO  | DNAudit | user=null | ip=null | op=PUT_BLOCK {blockData=[blockId=conID: 2 locID: 102665037453656677 bcsId: 0,size=3145728]} | ret=SUCCESS |  
2019-08-23 07:09:10,641 [grpc-default-executor-0] INFO  client.GrpcClientProtocolClient (GrpcClientProtocolClient.java:onNext(255)) - client-D91E5D1E15CE->f2ba01fc-a63e-4348-bd18-030b60a135e7: receive RaftClientReply:client-D91E5D1E15CE->f2ba01fc-a63e-4348-bd18-030b60a135e7@group-C8C62FEF0626, cid=2693, SUCCESS, logIndex=4004, commits[f2ba01fc-a63e-4348-bd18-030b60a135e7:c4005, eab135d4-a257-4705-b491-6c056b8c5df7:c4003, a4f67574-9018-43e7-8a54-351e98dc3d0a:c4003]
2019-08-23 07:09:10,642 [grpc-default-executor-0] INFO  client.GrpcClientProtocolClient (GrpcClientProtocolClient.java:onNext(255)) - client-D91E5D1E15CE->f2ba01fc-a63e-4348-bd18-030b60a135e7: receive RaftClientReply:client-D91E5D1E15CE->f2ba01fc-a63e-4348-bd18-030b60a135e7@group-C8C62FEF0626, cid=2694, SUCCESS, logIndex=4005, commits[f2ba01fc-a63e-4348-bd18-030b60a135e7:c4005, eab135d4-a257-4705-b491-6c056b8c5df7:c4003, a4f67574-9018-43e7-8a54-351e98dc3d0a:c4003]
2019-08-23 07:09:10,642 | INFO  | DNAudit | user=null | ip=null | op=WRITE_CHUNK {blockData=conID: 2 locID: 102665037453656677 bcsId: 3999} | ret=SUCCESS |  
2019-08-23 07:09:10,642 | INFO  | DNAudit | user=null | ip=null | op=WRITE_CHUNK {blockData=conID: 2 locID: 102665037453656677 bcsId: 3999} | ret=SUCCESS |  
2019-08-23 07:09:10,643 | INFO  | DNAudit | user=null | ip=null | op=PUT_BLOCK {blockData=[blockId=conID: 2 locID: 102665037453656677 bcsId: 0,size=3145728]} | ret=SUCCESS |  
2019-08-23 07:09:10,644 | INFO  | DNAudit | user=null | ip=null | op=PUT_BLOCK {blockData=[blockId=conID: 2 locID: 102665037453656677 bcsId: 0,size=3145728]} | ret=SUCCESS |  
2019-08-23 07:09:10,647 | INFO  | DNAudit | user=null | ip=null | op=WRITE_CHUNK {blockData=conID: 2 locID: 102665037453656677 bcsId: 4005} | ret=SUCCESS |  
2019-08-23 07:09:10,648 | INFO  | DNAudit | user=null | ip=null | op=WRITE_CHUNK {blockData=conID: 2 locID: 102665037453656677 bcsId: 4005} | ret=SUCCESS |  
2019-08-23 07:09:10,649 | INFO  | DNAudit | user=null | ip=null | op=WRITE_CHUNK {blockData=conID: 2 locID: 102665037453656677 bcsId: 4005} | ret=SUCCESS |  
2019-08-23 07:09:10,660 | INFO  | DNAudit | user=null | ip=null | op=WRITE_CHUNK {blockData=conID: 2 locID: 102665037453656677 bcsId: 4005} | ret=SUCCESS |  
2019-08-23 07:09:10,660 | INFO  | DNAudit | user=null | ip=null | op=PUT_BLOCK {blockData=[blockId=conID: 2 locID: 102665037453656677 bcsId: 0,size=4194304]} | ret=SUCCESS |  
2019-08-23 07:09:10,660 [grpc-default-executor-3] INFO  client.GrpcClientProtocolClient (GrpcClientProtocolClient.java:onNext(255)) - client-D91E5D1E15CE->f2ba01fc-a63e-4348-bd18-030b60a135e7: receive RaftClientReply:client-D91E5D1E15CE->f2ba01fc-a63e-4348-bd18-030b60a135e7@group-C8C62FEF0626, cid=2695, SUCCESS, logIndex=4008, commits[f2ba01fc-a63e-4348-bd18-030b60a135e7:c4009, eab135d4-a257-4705-b491-6c056b8c5df7:c4007, a4f67574-9018-43e7-8a54-351e98dc3d0a:c4007]
2019-08-23 07:09:10,660 [grpc-default-executor-3] INFO  client.GrpcClientProtocolClient (GrpcClientProtocolClient.java:onNext(255)) - client-D91E5D1E15CE->f2ba01fc-a63e-4348-bd18-030b60a135e7: receive RaftClientReply:client-D91E5D1E15CE->f2ba01fc-a63e-4348-bd18-030b60a135e7@group-C8C62FEF0626, cid=2696, SUCCESS, logIndex=4009, commits[f2ba01fc-a63e-4348-bd18-030b60a135e7:c4009, eab135d4-a257-4705-b491-6c056b8c5df7:c4007, a4f67574-9018-43e7-8a54-351e98dc3d0a:c4007]
2019-08-23 07:09:10,671 | INFO  | DNAudit | user=null | ip=null | op=WRITE_CHUNK {blockData=conID: 2 locID: 102665037453656677 bcsId: 4005} | ret=SUCCESS |  
2019-08-23 07:09:10,671 | INFO  | DNAudit | user=null | ip=null | op=WRITE_CHUNK {blockData=conID: 2 locID: 102665037453656677 bcsId: 4005} | ret=SUCCESS |  
2019-08-23 07:09:10,671 | INFO  | DNAudit | user=null | ip=null | op=PUT_BLOCK {blockData=[blockId=conID: 2 locID: 102665037453656677 bcsId: 0,size=4194304]} | ret=SUCCESS |  
2019-08-23 07:09:10,672 | INFO  | DNAudit | user=null | ip=null | op=PUT_BLOCK {blockData=[blockId=conID: 2 locID: 102665037453656677 bcsId: 0,size=4194304]} | ret=SUCCESS |  
2019-08-23 07:09:10,672 [grpc-default-executor-3] INFO  client.GrpcClientProtocolClient (GrpcClientProtocolClient.java:onNext(255)) - client-D91E5D1E15CE->f2ba01fc-a63e-4348-bd18-030b60a135e7: receive RaftClientReply:client-D91E5D1E15CE->f2ba01fc-a63e-4348-bd18-030b60a135e7@group-C8C62FEF0626, cid=2697, SUCCESS, logIndex=0, commits[f2ba01fc-a63e-4348-bd18-030b60a135e7:c4010, eab135d4-a257-4705-b491-6c056b8c5df7:c4009, a4f67574-9018-43e7-8a54-351e98dc3d0a:c4009]
2019-08-23 07:09:10,676 | INFO  | SCMAudit | user=jenkins1000 | ip=192.168.5.178 | op=ALLOCATE_BLOCK {owner=aaf04d22-10dd-4717-8862-c651bdde72cf, size=4194304, type=RATIS, factor=THREE} | ret=SUCCESS |  
2019-08-23 07:09:10,679 | INFO  | OMAudit | user=jenkins1000 | ip=127.0.0.1 | op=ALLOCATE_BLOCK {volume=vol-0-67663, bucket=bucket-0-68950, key=key-0-26970, dataSize=0, replicationType=null, replicationFactor=null, keyLocationInfo=null, clientID=102665036030476690} | ret=SUCCESS |  
2019-08-23 07:09:10,684 | INFO  | DNAudit | user=null | ip=null | op=WRITE_CHUNK {blockData=conID: 3 locID: 102665037458702950 bcsId: 0} | ret=SUCCESS |  
2019-08-23 07:09:10,686 | INFO  | DNAudit | user=null | ip=null | op=WRITE_CHUNK {blockData=conID: 3 locID: 102665037458702950 bcsId: 0} | ret=SUCCESS |  
2019-08-23 07:09:10,687 | INFO  | DNAudit | user=null | ip=null | op=WRITE_CHUNK {blockData=conID: 3 locID: 102665037458702950 bcsId: 0} | ret=SUCCESS |  
2019-08-23 07:09:10,687 | INFO  | DNAudit | user=null | ip=null | op=WRITE_CHUNK {blockData=conID: 3 locID: 102665037458702950 bcsId: 0} | ret=SUCCESS |  
2019-08-23 07:09:10,689 | INFO  | DNAudit | user=null | ip=null | op=WRITE_CHUNK {blockData=conID: 3 locID: 102665037458702950 bcsId: 0} | ret=SUCCESS |  
2019-08-23 07:09:10,690 | INFO  | DNAudit | user=null | ip=null | op=WRITE_CHUNK {blockData=conID: 3 locID: 102665037458702950 bcsId: 0} | ret=SUCCESS |  
2019-08-23 07:09:10,693 | INFO  | DNAudit | user=null | ip=null | op=WRITE_CHUNK {blockData=conID: 3 locID: 102665037458702950 bcsId: 0} | ret=SUCCESS |  
2019-08-23 07:09:10,694 | INFO  | DNAudit | user=null | ip=null | op=PUT_BLOCK {blockData=[blockId=conID: 3 locID: 102665037458702950 bcsId: 0,size=1048576]} | ret=SUCCESS |  
2019-08-23 07:09:10,694 [grpc-default-executor-4] INFO  client.GrpcClientProtocolClient (GrpcClientProtocolClient.java:onNext(255)) - client-D91E5D1E15CE->f2ba01fc-a63e-4348-bd18-030b60a135e7: receive RaftClientReply:client-D91E5D1E15CE->f2ba01fc-a63e-4348-bd18-030b60a135e7@group-C8C62FEF0626, cid=2698, SUCCESS, logIndex=4012, commits[f2ba01fc-a63e-4348-bd18-030b60a135e7:c4014, eab135d4-a257-4705-b491-6c056b8c5df7:c4011, a4f67574-9018-43e7-8a54-351e98dc3d0a:c4011]
2019-08-23 07:09:10,694 | INFO  | DNAudit | user=null | ip=null | op=WRITE_CHUNK {blockData=conID: 3 locID: 102665037458702950 bcsId: 0} | ret=SUCCESS |  
2019-08-23 07:09:10,694 [grpc-default-executor-4] INFO  client.GrpcClientProtocolClient (GrpcClientProtocolClient.java:onNext(255)) - client-D91E5D1E15CE->f2ba01fc-a63e-4348-bd18-030b60a135e7: receive RaftClientReply:client-D91E5D1E15CE->f2ba01fc-a63e-4348-bd18-030b60a135e7@group-C8C62FEF0626, cid=2699, SUCCESS, logIndex=4013, commits[f2ba01fc-a63e-4348-bd18-030b60a135e7:c4015, eab135d4-a257-4705-b491-6c056b8c5df7:c4011, a4f67574-9018-43e7-8a54-351e98dc3d0a:c4011]
2019-08-23 07:09:10,694 | INFO  | DNAudit | user=null | ip=null | op=PUT_BLOCK {blockData=[blockId=conID: 3 locID: 102665037458702950 bcsId: 0,size=2097152]} | ret=SUCCESS |  
2019-08-23 07:09:10,695 [grpc-default-executor-4] INFO  client.GrpcClientProtocolClient (GrpcClientProtocolClient.java:onNext(255)) - client-D91E5D1E15CE->f2ba01fc-a63e-4348-bd18-030b60a135e7: receive RaftClientReply:client-D91E5D1E15CE->f2ba01fc-a63e-4348-bd18-030b60a135e7@group-C8C62FEF0626, cid=2700, SUCCESS, logIndex=4014, commits[f2ba01fc-a63e-4348-bd18-030b60a135e7:c4015, eab135d4-a257-4705-b491-6c056b8c5df7:c4011, a4f67574-9018-43e7-8a54-351e98dc3d0a:c4011]
2019-08-23 07:09:10,695 [grpc-default-executor-4] INFO  client.GrpcClientProtocolClient (GrpcClientProtocolClient.java:onNext(255)) - client-D91E5D1E15CE->f2ba01fc-a63e-4348-bd18-030b60a135e7: receive RaftClientReply:client-D91E5D1E15CE->f2ba01fc-a63e-4348-bd18-030b60a135e7@group-C8C62FEF0626, cid=2701, SUCCESS, logIndex=4015, commits[f2ba01fc-a63e-4348-bd18-030b60a135e7:c4015, eab135d4-a257-4705-b491-6c056b8c5df7:c4011, a4f67574-9018-43e7-8a54-351e98dc3d0a:c4011]
2019-08-23 07:09:10,697 | INFO  | DNAudit | user=null | ip=null | op=WRITE_CHUNK {blockData=conID: 3 locID: 102665037458702950 bcsId: 0} | ret=SUCCESS |  
2019-08-23 07:09:10,697 | INFO  | DNAudit | user=null | ip=null | op=WRITE_CHUNK {blockData=conID: 3 locID: 102665037458702950 bcsId: 0} | ret=SUCCESS |  
2019-08-23 07:09:10,697 | INFO  | DNAudit | user=null | ip=null | op=PUT_BLOCK {blockData=[blockId=conID: 3 locID: 102665037458702950 bcsId: 0,size=1048576]} | ret=SUCCESS |  
2019-08-23 07:09:10,697 | INFO  | DNAudit | user=null | ip=null | op=PUT_BLOCK {blockData=[blockId=conID: 3 locID: 102665037458702950 bcsId: 0,size=1048576]} | ret=SUCCESS |  
2019-08-23 07:09:10,697 [grpc-default-executor-4] INFO  client.GrpcClientProtocolClient (GrpcClientProtocolClient.java:onNext(255)) - client-D91E5D1E15CE->f2ba01fc-a63e-4348-bd18-030b60a135e7: receive RaftClientReply:client-D91E5D1E15CE->f2ba01fc-a63e-4348-bd18-030b60a135e7@group-C8C62FEF0626, cid=2702, SUCCESS, logIndex=0, commits[f2ba01fc-a63e-4348-bd18-030b60a135e7:c4016, eab135d4-a257-4705-b491-6c056b8c5df7:c4013, a4f67574-9018-43e7-8a54-351e98dc3d0a:c4013]
2019-08-23 07:09:10,698 | INFO  | DNAudit | user=null | ip=null | op=WRITE_CHUNK {blockData=conID: 3 locID: 102665037458702950 bcsId: 0} | ret=SUCCESS |  
2019-08-23 07:09:10,698 | INFO  | DNAudit | user=null | ip=null | op=WRITE_CHUNK {blockData=conID: 3 locID: 102665037458702950 bcsId: 0} | ret=SUCCESS |  
2019-08-23 07:09:10,698 | INFO  | DNAudit | user=null | ip=null | op=PUT_BLOCK {blockData=[blockId=conID: 3 locID: 102665037458702950 bcsId: 0,size=2097152]} | ret=SUCCESS |  
2019-08-23 07:09:10,699 | INFO  | DNAudit | user=null | ip=null | op=PUT_BLOCK {blockData=[blockId=conID: 3 locID: 102665037458702950 bcsId: 0,size=2097152]} | ret=SUCCESS |  
2019-08-23 07:09:10,703 | INFO  | DNAudit | user=null | ip=null | op=WRITE_CHUNK {blockData=conID: 3 locID: 102665037458702950 bcsId: 4015} | ret=SUCCESS |  
2019-08-23 07:09:10,704 | INFO  | DNAudit | user=null | ip=null | op=WRITE_CHUNK {blockData=conID: 3 locID: 102665037458702950 bcsId: 4015} | ret=SUCCESS |  
2019-08-23 07:09:10,705 | INFO  | DNAudit | user=null | ip=null | op=WRITE_CHUNK {blockData=conID: 3 locID: 102665037458702950 bcsId: 4015} | ret=SUCCESS |  
2019-08-23 07:09:10,707 | INFO  | DNAudit | user=null | ip=null | op=WRITE_CHUNK {blockData=conID: 3 locID: 102665037458702950 bcsId: 4015} | ret=SUCCESS |  
2019-08-23 07:09:10,707 | INFO  | DNAudit | user=null | ip=null | op=PUT_BLOCK {blockData=[blockId=conID: 3 locID: 102665037458702950 bcsId: 0,size=3145728]} | ret=SUCCESS |  
2019-08-23 07:09:10,707 [grpc-default-executor-0] INFO  client.GrpcClientProtocolClient (GrpcClientProtocolClient.java:onNext(255)) - client-D91E5D1E15CE->f2ba01fc-a63e-4348-bd18-030b60a135e7: receive RaftClientReply:client-D91E5D1E15CE->f2ba01fc-a63e-4348-bd18-030b60a135e7@group-C8C62FEF0626, cid=2703, SUCCESS, logIndex=4020, commits[f2ba01fc-a63e-4348-bd18-030b60a135e7:c4021, eab135d4-a257-4705-b491-6c056b8c5df7:c4015, a4f67574-9018-43e7-8a54-351e98dc3d0a:c4019]
2019-08-23 07:09:10,708 [grpc-default-executor-0] INFO  client.GrpcClientProtocolClient (GrpcClientProtocolClient.java:onNext(255)) - client-D91E5D1E15CE->f2ba01fc-a63e-4348-bd18-030b60a135e7: receive RaftClientReply:client-D91E5D1E15CE->f2ba01fc-a63e-4348-bd18-030b60a135e7@group-C8C62FEF0626, cid=2704, SUCCESS, logIndex=4021, commits[f2ba01fc-a63e-4348-bd18-030b60a135e7:c4021, eab135d4-a257-4705-b491-6c056b8c5df7:c4019, a4f67574-9018-43e7-8a54-351e98dc3d0a:c4019]
2019-08-23 07:09:10,708 | INFO  | DNAudit | user=null | ip=null | op=WRITE_CHUNK {blockData=conID: 3 locID: 102665037458702950 bcsId: 4015} | ret=SUCCESS |  
2019-08-23 07:09:10,708 | INFO  | DNAudit | user=null | ip=null | op=WRITE_CHUNK {blockData=conID: 3 locID: 102665037458702950 bcsId: 4015} | ret=SUCCESS |  
2019-08-23 07:09:10,708 | INFO  | DNAudit | user=null | ip=null | op=PUT_BLOCK {blockData=[blockId=conID: 3 locID: 102665037458702950 bcsId: 0,size=3145728]} | ret=SUCCESS |  
2019-08-23 07:09:10,708 | INFO  | DNAudit | user=null | ip=null | op=PUT_BLOCK {blockData=[blockId=conID: 3 locID: 102665037458702950 bcsId: 0,size=3145728]} | ret=SUCCESS |  
2019-08-23 07:09:10,713 | INFO  | DNAudit | user=null | ip=null | op=WRITE_CHUNK {blockData=conID: 3 locID: 102665037458702950 bcsId: 4021} | ret=SUCCESS |  
2019-08-23 07:09:10,715 | INFO  | DNAudit | user=null | ip=null | op=WRITE_CHUNK {blockData=conID: 3 locID: 102665037458702950 bcsId: 4021} | ret=SUCCESS |  
2019-08-23 07:09:10,715 | INFO  | DNAudit | user=null | ip=null | op=WRITE_CHUNK {blockData=conID: 3 locID: 102665037458702950 bcsId: 4021} | ret=SUCCESS |  
2019-08-23 07:09:10,716 | INFO  | DNAudit | user=null | ip=null | op=WRITE_CHUNK {blockData=conID: 3 locID: 102665037458702950 bcsId: 4021} | ret=SUCCESS |  
2019-08-23 07:09:10,719 | INFO  | DNAudit | user=null | ip=null | op=PUT_BLOCK {blockData=[blockId=conID: 3 locID: 102665037458702950 bcsId: 0,size=4194304]} | ret=SUCCESS |  
2019-08-23 07:09:10,719 [grpc-default-executor-4] INFO  client.GrpcClientProtocolClient (GrpcClientProtocolClient.java:onNext(255)) - client-D91E5D1E15CE->f2ba01fc-a63e-4348-bd18-030b60a135e7: receive RaftClientReply:client-D91E5D1E15CE->f2ba01fc-a63e-4348-bd18-030b60a135e7@group-C8C62FEF0626, cid=2705, SUCCESS, logIndex=4024, commits[f2ba01fc-a63e-4348-bd18-030b60a135e7:c4024, eab135d4-a257-4705-b491-6c056b8c5df7:c4021, a4f67574-9018-43e7-8a54-351e98dc3d0a:c4023]
2019-08-23 07:09:10,720 [grpc-default-executor-4] INFO  client.GrpcClientProtocolClient (GrpcClientProtocolClient.java:onNext(255)) - client-D91E5D1E15CE->f2ba01fc-a63e-4348-bd18-030b60a135e7: receive RaftClientReply:client-D91E5D1E15CE->f2ba01fc-a63e-4348-bd18-030b60a135e7@group-C8C62FEF0626, cid=2706, SUCCESS, logIndex=4025, commits[f2ba01fc-a63e-4348-bd18-030b60a135e7:c4025, eab135d4-a257-4705-b491-6c056b8c5df7:c4023, a4f67574-9018-43e7-8a54-351e98dc3d0a:c4023]
2019-08-23 07:09:10,721 | INFO  | DNAudit | user=null | ip=null | op=WRITE_CHUNK {blockData=conID: 3 locID: 102665037458702950 bcsId: 4021} | ret=SUCCESS |  
2019-08-23 07:09:10,722 | INFO  | DNAudit | user=null | ip=null | op=WRITE_CHUNK {blockData=conID: 3 locID: 102665037458702950 bcsId: 4021} | ret=SUCCESS |  
2019-08-23 07:09:10,723 | INFO  | DNAudit | user=null | ip=null | op=PUT_BLOCK {blockData=[blockId=conID: 3 locID: 102665037458702950 bcsId: 0,size=4194304]} | ret=SUCCESS |  
2019-08-23 07:09:10,724 | INFO  | DNAudit | user=null | ip=null | op=PUT_BLOCK {blockData=[blockId=conID: 3 locID: 102665037458702950 bcsId: 0,size=4194304]} | ret=SUCCESS |  
2019-08-23 07:09:10,724 [grpc-default-executor-4] INFO  client.GrpcClientProtocolClient (GrpcClientProtocolClient.java:onNext(255)) - client-D91E5D1E15CE->f2ba01fc-a63e-4348-bd18-030b60a135e7: receive RaftClientReply:client-D91E5D1E15CE->f2ba01fc-a63e-4348-bd18-030b60a135e7@group-C8C62FEF0626, cid=2707, SUCCESS, logIndex=0, commits[f2ba01fc-a63e-4348-bd18-030b60a135e7:c4027, eab135d4-a257-4705-b491-6c056b8c5df7:c4025, a4f67574-9018-43e7-8a54-351e98dc3d0a:c4025]
2019-08-23 07:09:10,728 | INFO  | SCMAudit | user=jenkins1000 | ip=192.168.5.178 | op=ALLOCATE_BLOCK {owner=aaf04d22-10dd-4717-8862-c651bdde72cf, size=4194304, type=RATIS, factor=THREE} | ret=SUCCESS |  
2019-08-23 07:09:10,731 | INFO  | OMAudit | user=jenkins1000 | ip=127.0.0.1 | op=ALLOCATE_BLOCK {volume=vol-0-67663, bucket=bucket-0-68950, key=key-0-26970, dataSize=0, replicationType=null, replicationFactor=null, keyLocationInfo=null, clientID=102665036030476690} | ret=SUCCESS |  
2019-08-23 07:09:10,737 | INFO  | DNAudit | user=null | ip=null | op=WRITE_CHUNK {blockData=conID: 1 locID: 102665037462110823 bcsId: 0} | ret=SUCCESS |  
2019-08-23 07:09:10,738 | INFO  | DNAudit | user=null | ip=null | op=WRITE_CHUNK {blockData=conID: 1 locID: 102665037462110823 bcsId: 0} | ret=SUCCESS |  
2019-08-23 07:09:10,739 | INFO  | DNAudit | user=null | ip=null | op=WRITE_CHUNK {blockData=conID: 1 locID: 102665037462110823 bcsId: 0} | ret=SUCCESS |  
2019-08-23 07:09:10,739 | INFO  | DNAudit | user=null | ip=null | op=WRITE_CHUNK {blockData=conID: 1 locID: 102665037462110823 bcsId: 0} | ret=SUCCESS |  
2019-08-23 07:09:10,741 | INFO  | DNAudit | user=null | ip=null | op=WRITE_CHUNK {blockData=conID: 1 locID: 102665037462110823 bcsId: 0} | ret=SUCCESS |  
2019-08-23 07:09:10,741 | INFO  | DNAudit | user=null | ip=null | op=WRITE_CHUNK {blockData=conID: 1 locID: 102665037462110823 bcsId: 0} | ret=SUCCESS |  
2019-08-23 07:09:10,741 | INFO  | DNAudit | user=null | ip=null | op=WRITE_CHUNK {blockData=conID: 1 locID: 102665037462110823 bcsId: 0} | ret=SUCCESS |  
2019-08-23 07:09:10,741 | INFO  | DNAudit | user=null | ip=null | op=PUT_BLOCK {blockData=[blockId=conID: 1 locID: 102665037462110823 bcsId: 0,size=1048576]} | ret=SUCCESS |  
2019-08-23 07:09:10,741 [grpc-default-executor-4] INFO  client.GrpcClientProtocolClient (GrpcClientProtocolClient.java:onNext(255)) - client-D91E5D1E15CE->f2ba01fc-a63e-4348-bd18-030b60a135e7: receive RaftClientReply:client-D91E5D1E15CE->f2ba01fc-a63e-4348-bd18-030b60a135e7@group-C8C62FEF0626, cid=2708, SUCCESS, logIndex=4028, commits[f2ba01fc-a63e-4348-bd18-030b60a135e7:c4029, eab135d4-a257-4705-b491-6c056b8c5df7:c4027, a4f67574-9018-43e7-8a54-351e98dc3d0a:c4027]
2019-08-23 07:09:10,742 [grpc-default-executor-4] INFO  client.GrpcClientProtocolClient (GrpcClientProtocolClient.java:onNext(255)) - client-D91E5D1E15CE->f2ba01fc-a63e-4348-bd18-030b60a135e7: receive RaftClientReply:client-D91E5D1E15CE->f2ba01fc-a63e-4348-bd18-030b60a135e7@group-C8C62FEF0626, cid=2709, SUCCESS, logIndex=4029, commits[f2ba01fc-a63e-4348-bd18-030b60a135e7:c4029, eab135d4-a257-4705-b491-6c056b8c5df7:c4027, a4f67574-9018-43e7-8a54-351e98dc3d0a:c4027]
2019-08-23 07:09:10,742 | INFO  | DNAudit | user=null | ip=null | op=WRITE_CHUNK {blockData=conID: 1 locID: 102665037462110823 bcsId: 0} | ret=SUCCESS |  
2019-08-23 07:09:10,742 | INFO  | DNAudit | user=null | ip=null | op=PUT_BLOCK {blockData=[blockId=conID: 1 locID: 102665037462110823 bcsId: 0,size=2097152]} | ret=SUCCESS |  
2019-08-23 07:09:10,742 [grpc-default-executor-3] INFO  client.GrpcClientProtocolClient (GrpcClientProtocolClient.java:onNext(255)) - client-D91E5D1E15CE->f2ba01fc-a63e-4348-bd18-030b60a135e7: receive RaftClientReply:client-D91E5D1E15CE->f2ba01fc-a63e-4348-bd18-030b60a135e7@group-C8C62FEF0626, cid=2710, SUCCESS, logIndex=4030, commits[f2ba01fc-a63e-4348-bd18-030b60a135e7:c4030, eab135d4-a257-4705-b491-6c056b8c5df7:c4027, a4f67574-9018-43e7-8a54-351e98dc3d0a:c4027]
2019-08-23 07:09:10,743 [grpc-default-executor-3] INFO  client.GrpcClientProtocolClient (GrpcClientProtocolClient.java:onNext(255)) - client-D91E5D1E15CE->f2ba01fc-a63e-4348-bd18-030b60a135e7: receive RaftClientReply:client-D91E5D1E15CE->f2ba01fc-a63e-4348-bd18-030b60a135e7@group-C8C62FEF0626, cid=2711, SUCCESS, logIndex=4031, commits[f2ba01fc-a63e-4348-bd18-030b60a135e7:c4031, eab135d4-a257-4705-b491-6c056b8c5df7:c4027, a4f67574-9018-43e7-8a54-351e98dc3d0a:c4027]
2019-08-23 07:09:10,743 | INFO  | DNAudit | user=null | ip=null | op=WRITE_CHUNK {blockData=conID: 1 locID: 102665037462110823 bcsId: 0} | ret=SUCCESS |  
2019-08-23 07:09:10,743 | INFO  | DNAudit | user=null | ip=null | op=PUT_BLOCK {blockData=[blockId=conID: 1 locID: 102665037462110823 bcsId: 0,size=1048576]} | ret=SUCCESS |  
2019-08-23 07:09:10,743 | INFO  | DNAudit | user=null | ip=null | op=WRITE_CHUNK {blockData=conID: 1 locID: 102665037462110823 bcsId: 0} | ret=SUCCESS |  
2019-08-23 07:09:10,743 | INFO  | DNAudit | user=null | ip=null | op=PUT_BLOCK {blockData=[blockId=conID: 1 locID: 102665037462110823 bcsId: 0,size=1048576]} | ret=SUCCESS |  
2019-08-23 07:09:10,744 [grpc-default-executor-3] INFO  client.GrpcClientProtocolClient (GrpcClientProtocolClient.java:onNext(255)) - client-D91E5D1E15CE->f2ba01fc-a63e-4348-bd18-030b60a135e7: receive RaftClientReply:client-D91E5D1E15CE->f2ba01fc-a63e-4348-bd18-030b60a135e7@group-C8C62FEF0626, cid=2712, SUCCESS, logIndex=0, commits[f2ba01fc-a63e-4348-bd18-030b60a135e7:c4033, eab135d4-a257-4705-b491-6c056b8c5df7:c4029, a4f67574-9018-43e7-8a54-351e98dc3d0a:c4029]
2019-08-23 07:09:10,744 | INFO  | DNAudit | user=null | ip=null | op=WRITE_CHUNK {blockData=conID: 1 locID: 102665037462110823 bcsId: 0} | ret=SUCCESS |  
2019-08-23 07:09:10,744 | INFO  | DNAudit | user=null | ip=null | op=PUT_BLOCK {blockData=[blockId=conID: 1 locID: 102665037462110823 bcsId: 0,size=2097152]} | ret=SUCCESS |  
2019-08-23 07:09:10,744 | INFO  | DNAudit | user=null | ip=null | op=WRITE_CHUNK {blockData=conID: 1 locID: 102665037462110823 bcsId: 0} | ret=SUCCESS |  
2019-08-23 07:09:10,745 | INFO  | DNAudit | user=null | ip=null | op=PUT_BLOCK {blockData=[blockId=conID: 1 locID: 102665037462110823 bcsId: 0,size=2097152]} | ret=SUCCESS |  
2019-08-23 07:09:10,748 | INFO  | DNAudit | user=null | ip=null | op=WRITE_CHUNK {blockData=conID: 1 locID: 102665037462110823 bcsId: 4031} | ret=SUCCESS |  
2019-08-23 07:09:10,750 | INFO  | DNAudit | user=null | ip=null | op=WRITE_CHUNK {blockData=conID: 1 locID: 102665037462110823 bcsId: 4031} | ret=SUCCESS |  
2019-08-23 07:09:10,750 | INFO  | DNAudit | user=null | ip=null | op=WRITE_CHUNK {blockData=conID: 1 locID: 102665037462110823 bcsId: 4031} | ret=SUCCESS |  
2019-08-23 07:09:10,778 | INFO  | DNAudit | user=null | ip=null | op=WRITE_CHUNK {blockData=conID: 1 locID: 102665037462110823 bcsId: 4031} | ret=SUCCESS |  
2019-08-23 07:09:10,778 | INFO  | DNAudit | user=null | ip=null | op=PUT_BLOCK {blockData=[blockId=conID: 1 locID: 102665037462110823 bcsId: 0,size=3145728]} | ret=SUCCESS |  
2019-08-23 07:09:10,778 [grpc-default-executor-0] INFO  client.GrpcClientProtocolClient (GrpcClientProtocolClient.java:onNext(255)) - client-D91E5D1E15CE->f2ba01fc-a63e-4348-bd18-030b60a135e7: receive RaftClientReply:client-D91E5D1E15CE->f2ba01fc-a63e-4348-bd18-030b60a135e7@group-C8C62FEF0626, cid=2713, SUCCESS, logIndex=4036, commits[f2ba01fc-a63e-4348-bd18-030b60a135e7:c4037, eab135d4-a257-4705-b491-6c056b8c5df7:c4035, a4f67574-9018-43e7-8a54-351e98dc3d0a:c4035]
2019-08-23 07:09:10,778 [grpc-default-executor-0] INFO  client.GrpcClientProtocolClient (GrpcClientProtocolClient.java:onNext(255)) - client-D91E5D1E15CE->f2ba01fc-a63e-4348-bd18-030b60a135e7: receive RaftClientReply:client-D91E5D1E15CE->f2ba01fc-a63e-4348-bd18-030b60a135e7@group-C8C62FEF0626, cid=2714, SUCCESS, logIndex=4037, commits[f2ba01fc-a63e-4348-bd18-030b60a135e7:c4037, eab135d4-a257-4705-b491-6c056b8c5df7:c4035, a4f67574-9018-43e7-8a54-351e98dc3d0a:c4035]
2019-08-23 07:09:10,780 | INFO  | DNAudit | user=null | ip=null | op=WRITE_CHUNK {blockData=conID: 1 locID: 102665037462110823 bcsId: 4031} | ret=SUCCESS |  
2019-08-23 07:09:10,780 | INFO  | DNAudit | user=null | ip=null | op=PUT_BLOCK {blockData=[blockId=conID: 1 locID: 102665037462110823 bcsId: 0,size=3145728]} | ret=SUCCESS |  
2019-08-23 07:09:10,781 | INFO  | DNAudit | user=null | ip=null | op=WRITE_CHUNK {blockData=conID: 1 locID: 102665037462110823 bcsId: 4031} | ret=SUCCESS |  
2019-08-23 07:09:10,781 | INFO  | DNAudit | user=null | ip=null | op=PUT_BLOCK {blockData=[blockId=conID: 1 locID: 102665037462110823 bcsId: 0,size=3145728]} | ret=SUCCESS |  
2019-08-23 07:09:10,784 | INFO  | DNAudit | user=null | ip=null | op=WRITE_CHUNK {blockData=conID: 1 locID: 102665037462110823 bcsId: 4037} | ret=SUCCESS |  
2019-08-23 07:09:10,786 | INFO  | DNAudit | user=null | ip=null | op=WRITE_CHUNK {blockData=conID: 1 locID: 102665037462110823 bcsId: 4037} | ret=SUCCESS |  
2019-08-23 07:09:10,786 | INFO  | DNAudit | user=null | ip=null | op=WRITE_CHUNK {blockData=conID: 1 locID: 102665037462110823 bcsId: 4037} | ret=SUCCESS |  
2019-08-23 07:09:10,797 | INFO  | DNAudit | user=null | ip=null | op=WRITE_CHUNK {blockData=conID: 1 locID: 102665037462110823 bcsId: 4037} | ret=SUCCESS |  
2019-08-23 07:09:10,797 | INFO  | DNAudit | user=null | ip=null | op=PUT_BLOCK {blockData=[blockId=conID: 1 locID: 102665037462110823 bcsId: 0,size=4194304]} | ret=SUCCESS |  
2019-08-23 07:09:10,797 [grpc-default-executor-0] INFO  client.GrpcClientProtocolClient (GrpcClientProtocolClient.java:onNext(255)) - client-D91E5D1E15CE->f2ba01fc-a63e-4348-bd18-030b60a135e7: receive RaftClientReply:client-D91E5D1E15CE->f2ba01fc-a63e-4348-bd18-030b60a135e7@group-C8C62FEF0626, cid=2715, SUCCESS, logIndex=4040, commits[f2ba01fc-a63e-4348-bd18-030b60a135e7:c4041, eab135d4-a257-4705-b491-6c056b8c5df7:c4039, a4f67574-9018-43e7-8a54-351e98dc3d0a:c4039]
2019-08-23 07:09:10,798 [grpc-default-executor-0] INFO  client.GrpcClientProtocolClient (GrpcClientProtocolClient.java:onNext(255)) - client-D91E5D1E15CE->f2ba01fc-a63e-4348-bd18-030b60a135e7: receive RaftClientReply:client-D91E5D1E15CE->f2ba01fc-a63e-4348-bd18-030b60a135e7@group-C8C62FEF0626, cid=2716, SUCCESS, logIndex=4041, commits[f2ba01fc-a63e-4348-bd18-030b60a135e7:c4041, eab135d4-a257-4705-b491-6c056b8c5df7:c4039, a4f67574-9018-43e7-8a54-351e98dc3d0a:c4039]
2019-08-23 07:09:10,809 | INFO  | DNAudit | user=null | ip=null | op=WRITE_CHUNK {blockData=conID: 1 locID: 102665037462110823 bcsId: 4037} | ret=SUCCESS |  
2019-08-23 07:09:10,809 | INFO  | DNAudit | user=null | ip=null | op=WRITE_CHUNK {blockData=conID: 1 locID: 102665037462110823 bcsId: 4037} | ret=SUCCESS |  
2019-08-23 07:09:10,810 | INFO  | DNAudit | user=null | ip=null | op=PUT_BLOCK {blockData=[blockId=conID: 1 locID: 102665037462110823 bcsId: 0,size=4194304]} | ret=SUCCESS |  
2019-08-23 07:09:10,810 | INFO  | DNAudit | user=null | ip=null | op=PUT_BLOCK {blockData=[blockId=conID: 1 locID: 102665037462110823 bcsId: 0,size=4194304]} | ret=SUCCESS |  
2019-08-23 07:09:10,810 [grpc-default-executor-3] INFO  client.GrpcClientProtocolClient (GrpcClientProtocolClient.java:onNext(255)) - client-D91E5D1E15CE->f2ba01fc-a63e-4348-bd18-030b60a135e7: receive RaftClientReply:client-D91E5D1E15CE->f2ba01fc-a63e-4348-bd18-030b60a135e7@group-C8C62FEF0626, cid=2717, SUCCESS, logIndex=0, commits[f2ba01fc-a63e-4348-bd18-030b60a135e7:c4043, eab135d4-a257-4705-b491-6c056b8c5df7:c4041, a4f67574-9018-43e7-8a54-351e98dc3d0a:c4041]
2019-08-23 07:09:10,817 | INFO  | SCMAudit | user=jenkins1000 | ip=192.168.5.178 | op=ALLOCATE_BLOCK {owner=aaf04d22-10dd-4717-8862-c651bdde72cf, size=4194304, type=RATIS, factor=THREE} | ret=SUCCESS |  
2019-08-23 07:09:10,821 | INFO  | OMAudit | user=jenkins1000 | ip=127.0.0.1 | op=ALLOCATE_BLOCK {volume=vol-0-67663, bucket=bucket-0-68950, key=key-0-26970, dataSize=0, replicationType=null, replicationFactor=null, keyLocationInfo=null, clientID=102665036030476690} | ret=SUCCESS |  
2019-08-23 07:09:10,828 | INFO  | DNAudit | user=null | ip=null | op=WRITE_CHUNK {blockData=conID: 2 locID: 102665037467943528 bcsId: 0} | ret=SUCCESS |  
2019-08-23 07:09:10,829 | INFO  | DNAudit | user=null | ip=null | op=WRITE_CHUNK {blockData=conID: 2 locID: 102665037467943528 bcsId: 0} | ret=SUCCESS |  
2019-08-23 07:09:10,830 | INFO  | DNAudit | user=null | ip=null | op=WRITE_CHUNK {blockData=conID: 2 locID: 102665037467943528 bcsId: 0} | ret=SUCCESS |  
2019-08-23 07:09:10,830 | INFO  | DNAudit | user=null | ip=null | op=WRITE_CHUNK {blockData=conID: 2 locID: 102665037467943528 bcsId: 0} | ret=SUCCESS |  
2019-08-23 07:09:10,832 | INFO  | DNAudit | user=null | ip=null | op=WRITE_CHUNK {blockData=conID: 2 locID: 102665037467943528 bcsId: 0} | ret=SUCCESS |  
2019-08-23 07:09:10,832 | INFO  | DNAudit | user=null | ip=null | op=WRITE_CHUNK {blockData=conID: 2 locID: 102665037467943528 bcsId: 0} | ret=SUCCESS |  
2019-08-23 07:09:10,840 | INFO  | DNAudit | user=null | ip=null | op=WRITE_CHUNK {blockData=conID: 2 locID: 102665037467943528 bcsId: 0} | ret=SUCCESS |  
2019-08-23 07:09:10,840 | INFO  | DNAudit | user=null | ip=null | op=PUT_BLOCK {blockData=[blockId=conID: 2 locID: 102665037467943528 bcsId: 0,size=1048576]} | ret=SUCCESS |  
2019-08-23 07:09:10,840 [grpc-default-executor-3] INFO  client.GrpcClientProtocolClient (GrpcClientProtocolClient.java:onNext(255)) - client-D91E5D1E15CE->f2ba01fc-a63e-4348-bd18-030b60a135e7: receive RaftClientReply:client-D91E5D1E15CE->f2ba01fc-a63e-4348-bd18-030b60a135e7@group-C8C62FEF0626, cid=2718, SUCCESS, logIndex=4044, commits[f2ba01fc-a63e-4348-bd18-030b60a135e7:c4045, eab135d4-a257-4705-b491-6c056b8c5df7:c4043, a4f67574-9018-43e7-8a54-351e98dc3d0a:c4043]
2019-08-23 07:09:10,841 [grpc-default-executor-3] INFO  client.GrpcClientProtocolClient (GrpcClientProtocolClient.java:onNext(255)) - client-D91E5D1E15CE->f2ba01fc-a63e-4348-bd18-030b60a135e7: receive RaftClientReply:client-D91E5D1E15CE->f2ba01fc-a63e-4348-bd18-030b60a135e7@group-C8C62FEF0626, cid=2719, SUCCESS, logIndex=4045, commits[f2ba01fc-a63e-4348-bd18-030b60a135e7:c4045, eab135d4-a257-4705-b491-6c056b8c5df7:c4043, a4f67574-9018-43e7-8a54-351e98dc3d0a:c4043]
2019-08-23 07:09:10,841 | INFO  | DNAudit | user=null | ip=null | op=WRITE_CHUNK {blockData=conID: 2 locID: 102665037467943528 bcsId: 0} | ret=SUCCESS |  
2019-08-23 07:09:10,841 | INFO  | DNAudit | user=null | ip=null | op=PUT_BLOCK {blockData=[blockId=conID: 2 locID: 102665037467943528 bcsId: 0,size=2097152]} | ret=SUCCESS |  
2019-08-23 07:09:10,841 [grpc-default-executor-3] INFO  client.GrpcClientProtocolClient (GrpcClientProtocolClient.java:onNext(255)) - client-D91E5D1E15CE->f2ba01fc-a63e-4348-bd18-030b60a135e7: receive RaftClientReply:client-D91E5D1E15CE->f2ba01fc-a63e-4348-bd18-030b60a135e7@group-C8C62FEF0626, cid=2720, SUCCESS, logIndex=4046, commits[f2ba01fc-a63e-4348-bd18-030b60a135e7:c4047, eab135d4-a257-4705-b491-6c056b8c5df7:c4043, a4f67574-9018-43e7-8a54-351e98dc3d0a:c4043]
2019-08-23 07:09:10,841 [grpc-default-executor-3] INFO  client.GrpcClientProtocolClient (GrpcClientProtocolClient.java:onNext(255)) - client-D91E5D1E15CE->f2ba01fc-a63e-4348-bd18-030b60a135e7: receive RaftClientReply:client-D91E5D1E15CE->f2ba01fc-a63e-4348-bd18-030b60a135e7@group-C8C62FEF0626, cid=2721, SUCCESS, logIndex=4047, commits[f2ba01fc-a63e-4348-bd18-030b60a135e7:c4047, eab135d4-a257-4705-b491-6c056b8c5df7:c4043, a4f67574-9018-43e7-8a54-351e98dc3d0a:c4043]
2019-08-23 07:09:10,842 | INFO  | DNAudit | user=null | ip=null | op=WRITE_CHUNK {blockData=conID: 2 locID: 102665037467943528 bcsId: 0} | ret=SUCCESS |  
2019-08-23 07:09:10,842 | INFO  | DNAudit | user=null | ip=null | op=PUT_BLOCK {blockData=[blockId=conID: 2 locID: 102665037467943528 bcsId: 0,size=1048576]} | ret=SUCCESS |  
2019-08-23 07:09:10,842 | INFO  | DNAudit | user=null | ip=null | op=WRITE_CHUNK {blockData=conID: 2 locID: 102665037467943528 bcsId: 0} | ret=SUCCESS |  
2019-08-23 07:09:10,842 | INFO  | DNAudit | user=null | ip=null | op=PUT_BLOCK {blockData=[blockId=conID: 2 locID: 102665037467943528 bcsId: 0,size=1048576]} | ret=SUCCESS |  
2019-08-23 07:09:10,842 | INFO  | DNAudit | user=null | ip=null | op=WRITE_CHUNK {blockData=conID: 2 locID: 102665037467943528 bcsId: 0} | ret=SUCCESS |  
2019-08-23 07:09:10,843 | INFO  | DNAudit | user=null | ip=null | op=PUT_BLOCK {blockData=[blockId=conID: 2 locID: 102665037467943528 bcsId: 0,size=2097152]} | ret=SUCCESS |  
2019-08-23 07:09:10,843 [grpc-default-executor-4] INFO  client.GrpcClientProtocolClient (GrpcClientProtocolClient.java:onNext(255)) - client-D91E5D1E15CE->f2ba01fc-a63e-4348-bd18-030b60a135e7: receive RaftClientReply:client-D91E5D1E15CE->f2ba01fc-a63e-4348-bd18-030b60a135e7@group-C8C62FEF0626, cid=2722, SUCCESS, logIndex=0, commits[f2ba01fc-a63e-4348-bd18-030b60a135e7:c4049, eab135d4-a257-4705-b491-6c056b8c5df7:c4045, a4f67574-9018-43e7-8a54-351e98dc3d0a:c4045]
2019-08-23 07:09:10,843 | INFO  | DNAudit | user=null | ip=null | op=WRITE_CHUNK {blockData=conID: 2 locID: 102665037467943528 bcsId: 0} | ret=SUCCESS |  
2019-08-23 07:09:10,843 | INFO  | DNAudit | user=null | ip=null | op=PUT_BLOCK {blockData=[blockId=conID: 2 locID: 102665037467943528 bcsId: 0,size=2097152]} | ret=SUCCESS |  
2019-08-23 07:09:10,847 | INFO  | DNAudit | user=null | ip=null | op=WRITE_CHUNK {blockData=conID: 2 locID: 102665037467943528 bcsId: 4047} | ret=SUCCESS |  
2019-08-23 07:09:10,849 | INFO  | DNAudit | user=null | ip=null | op=WRITE_CHUNK {blockData=conID: 2 locID: 102665037467943528 bcsId: 4047} | ret=SUCCESS |  
2019-08-23 07:09:10,849 | INFO  | DNAudit | user=null | ip=null | op=WRITE_CHUNK {blockData=conID: 2 locID: 102665037467943528 bcsId: 4047} | ret=SUCCESS |  
2019-08-23 07:09:10,859 | INFO  | DNAudit | user=null | ip=null | op=WRITE_CHUNK {blockData=conID: 2 locID: 102665037467943528 bcsId: 4047} | ret=SUCCESS |  
2019-08-23 07:09:10,860 | INFO  | DNAudit | user=null | ip=null | op=PUT_BLOCK {blockData=[blockId=conID: 2 locID: 102665037467943528 bcsId: 0,size=3145728]} | ret=SUCCESS |  
2019-08-23 07:09:10,860 [grpc-default-executor-3] INFO  client.GrpcClientProtocolClient (GrpcClientProtocolClient.java:onNext(255)) - client-D91E5D1E15CE->f2ba01fc-a63e-4348-bd18-030b60a135e7: receive RaftClientReply:client-D91E5D1E15CE->f2ba01fc-a63e-4348-bd18-030b60a135e7@group-C8C62FEF0626, cid=2723, SUCCESS, logIndex=4052, commits[f2ba01fc-a63e-4348-bd18-030b60a135e7:c4053, eab135d4-a257-4705-b491-6c056b8c5df7:c4051, a4f67574-9018-43e7-8a54-351e98dc3d0a:c4051]
2019-08-23 07:09:10,860 [grpc-default-executor-3] INFO  client.GrpcClientProtocolClient (GrpcClientProtocolClient.java:onNext(255)) - client-D91E5D1E15CE->f2ba01fc-a63e-4348-bd18-030b60a135e7: receive RaftClientReply:client-D91E5D1E15CE->f2ba01fc-a63e-4348-bd18-030b60a135e7@group-C8C62FEF0626, cid=2724, SUCCESS, logIndex=4053, commits[f2ba01fc-a63e-4348-bd18-030b60a135e7:c4053, eab135d4-a257-4705-b491-6c056b8c5df7:c4051, a4f67574-9018-43e7-8a54-351e98dc3d0a:c4051]
2019-08-23 07:09:10,865 | INFO  | DNAudit | user=null | ip=null | op=WRITE_CHUNK {blockData=conID: 2 locID: 102665037467943528 bcsId: 4053} | ret=SUCCESS |  
2019-08-23 07:09:10,866 | INFO  | SCMAudit | user=jenkins1000 | ip=192.168.5.178 | op=SEND_HEARTBEAT {datanodeUUID=a4f67574-9018-43e7-8a54-351e98dc3d0a, command=[]} | ret=SUCCESS |  
2019-08-23 07:09:10,866 | INFO  | SCMAudit | user=jenkins1000 | ip=192.168.5.178 | op=SEND_HEARTBEAT {datanodeUUID=f2ba01fc-a63e-4348-bd18-030b60a135e7, command=[]} | ret=SUCCESS |  
2019-08-23 07:09:10,866 | INFO  | SCMAudit | user=jenkins1000 | ip=192.168.5.178 | op=SEND_HEARTBEAT {datanodeUUID=eab135d4-a257-4705-b491-6c056b8c5df7, command=[]} | ret=SUCCESS |  
2019-08-23 07:09:10,867 | INFO  | DNAudit | user=null | ip=null | op=WRITE_CHUNK {blockData=conID: 2 locID: 102665037467943528 bcsId: 4053} | ret=SUCCESS |  
2019-08-23 07:09:10,867 | INFO  | DNAudit | user=null | ip=null | op=WRITE_CHUNK {blockData=conID: 2 locID: 102665037467943528 bcsId: 4053} | ret=SUCCESS |  
2019-08-23 07:09:10,871 | INFO  | DNAudit | user=null | ip=null | op=WRITE_CHUNK {blockData=conID: 2 locID: 102665037467943528 bcsId: 4047} | ret=SUCCESS |  
2019-08-23 07:09:10,871 | INFO  | DNAudit | user=null | ip=null | op=WRITE_CHUNK {blockData=conID: 2 locID: 102665037467943528 bcsId: 4047} | ret=SUCCESS |  
2019-08-23 07:09:10,871 | INFO  | DNAudit | user=null | ip=null | op=PUT_BLOCK {blockData=[blockId=conID: 2 locID: 102665037467943528 bcsId: 0,size=3145728]} | ret=SUCCESS |  
2019-08-23 07:09:10,871 | INFO  | DNAudit | user=null | ip=null | op=PUT_BLOCK {blockData=[blockId=conID: 2 locID: 102665037467943528 bcsId: 0,size=3145728]} | ret=SUCCESS |  
2019-08-23 07:09:10,872 | INFO  | DNAudit | user=null | ip=null | op=WRITE_CHUNK {blockData=conID: 2 locID: 102665037467943528 bcsId: 4053} | ret=SUCCESS |  
2019-08-23 07:09:10,873 | INFO  | DNAudit | user=null | ip=null | op=PUT_BLOCK {blockData=[blockId=conID: 2 locID: 102665037467943528 bcsId: 0,size=4194304]} | ret=SUCCESS |  
2019-08-23 07:09:10,873 [grpc-default-executor-4] INFO  client.GrpcClientProtocolClient (GrpcClientProtocolClient.java:onNext(255)) - client-D91E5D1E15CE->f2ba01fc-a63e-4348-bd18-030b60a135e7: receive RaftClientReply:client-D91E5D1E15CE->f2ba01fc-a63e-4348-bd18-030b60a135e7@group-C8C62FEF0626, cid=2725, SUCCESS, logIndex=4056, commits[f2ba01fc-a63e-4348-bd18-030b60a135e7:c4057, eab135d4-a257-4705-b491-6c056b8c5df7:c4053, a4f67574-9018-43e7-8a54-351e98dc3d0a:c4053]
2019-08-23 07:09:10,873 [grpc-default-executor-4] INFO  client.GrpcClientProtocolClient (GrpcClientProtocolClient.java:onNext(255)) - client-D91E5D1E15CE->f2ba01fc-a63e-4348-bd18-030b60a135e7: receive RaftClientReply:client-D91E5D1E15CE->f2ba01fc-a63e-4348-bd18-030b60a135e7@group-C8C62FEF0626, cid=2726, SUCCESS, logIndex=4057, commits[f2ba01fc-a63e-4348-bd18-030b60a135e7:c4057, eab135d4-a257-4705-b491-6c056b8c5df7:c4053, a4f67574-9018-43e7-8a54-351e98dc3d0a:c4053]
2019-08-23 07:09:10,884 | INFO  | DNAudit | user=null | ip=null | op=WRITE_CHUNK {blockData=conID: 2 locID: 102665037467943528 bcsId: 4053} | ret=SUCCESS |  
2019-08-23 07:09:10,884 | INFO  | DNAudit | user=null | ip=null | op=WRITE_CHUNK {blockData=conID: 2 locID: 102665037467943528 bcsId: 4053} | ret=SUCCESS |  
2019-08-23 07:09:10,884 | INFO  | DNAudit | user=null | ip=null | op=PUT_BLOCK {blockData=[blockId=conID: 2 locID: 102665037467943528 bcsId: 0,size=4194304]} | ret=SUCCESS |  
2019-08-23 07:09:10,884 | INFO  | DNAudit | user=null | ip=null | op=PUT_BLOCK {blockData=[blockId=conID: 2 locID: 102665037467943528 bcsId: 0,size=4194304]} | ret=SUCCESS |  
2019-08-23 07:09:10,884 [grpc-default-executor-4] INFO  client.GrpcClientProtocolClient (GrpcClientProtocolClient.java:onNext(255)) - client-D91E5D1E15CE->f2ba01fc-a63e-4348-bd18-030b60a135e7: receive RaftClientReply:client-D91E5D1E15CE->f2ba01fc-a63e-4348-bd18-030b60a135e7@group-C8C62FEF0626, cid=2727, SUCCESS, logIndex=0, commits[f2ba01fc-a63e-4348-bd18-030b60a135e7:c4058, eab135d4-a257-4705-b491-6c056b8c5df7:c4057, a4f67574-9018-43e7-8a54-351e98dc3d0a:c4057]
2019-08-23 07:09:10,888 | INFO  | SCMAudit | user=jenkins1000 | ip=192.168.5.178 | op=ALLOCATE_BLOCK {owner=aaf04d22-10dd-4717-8862-c651bdde72cf, size=4194304, type=RATIS, factor=THREE} | ret=SUCCESS |  
2019-08-23 07:09:10,891 | INFO  | OMAudit | user=jenkins1000 | ip=127.0.0.1 | op=ALLOCATE_BLOCK {volume=vol-0-67663, bucket=bucket-0-68950, key=key-0-26970, dataSize=0, replicationType=null, replicationFactor=null, keyLocationInfo=null, clientID=102665036030476690} | ret=SUCCESS |  
2019-08-23 07:09:10,896 | INFO  | DNAudit | user=null | ip=null | op=WRITE_CHUNK {blockData=conID: 3 locID: 102665037472596585 bcsId: 0} | ret=SUCCESS |  
2019-08-23 07:09:10,897 | INFO  | DNAudit | user=null | ip=null | op=WRITE_CHUNK {blockData=conID: 3 locID: 102665037472596585 bcsId: 0} | ret=SUCCESS |  
2019-08-23 07:09:10,898 | INFO  | DNAudit | user=null | ip=null | op=WRITE_CHUNK {blockData=conID: 3 locID: 102665037472596585 bcsId: 0} | ret=SUCCESS |  
2019-08-23 07:09:10,898 | INFO  | DNAudit | user=null | ip=null | op=WRITE_CHUNK {blockData=conID: 3 locID: 102665037472596585 bcsId: 0} | ret=SUCCESS |  
2019-08-23 07:09:10,900 | INFO  | DNAudit | user=null | ip=null | op=WRITE_CHUNK {blockData=conID: 3 locID: 102665037472596585 bcsId: 0} | ret=SUCCESS |  
2019-08-23 07:09:10,900 | INFO  | DNAudit | user=null | ip=null | op=WRITE_CHUNK {blockData=conID: 3 locID: 102665037472596585 bcsId: 0} | ret=SUCCESS |  
2019-08-23 07:09:10,908 | INFO  | DNAudit | user=null | ip=null | op=WRITE_CHUNK {blockData=conID: 3 locID: 102665037472596585 bcsId: 0} | ret=SUCCESS |  
2019-08-23 07:09:10,908 | INFO  | DNAudit | user=null | ip=null | op=PUT_BLOCK {blockData=[blockId=conID: 3 locID: 102665037472596585 bcsId: 0,size=1048576]} | ret=SUCCESS |  
2019-08-23 07:09:10,909 [grpc-default-executor-4] INFO  client.GrpcClientProtocolClient (GrpcClientProtocolClient.java:onNext(255)) - client-D91E5D1E15CE->f2ba01fc-a63e-4348-bd18-030b60a135e7: receive RaftClientReply:client-D91E5D1E15CE->f2ba01fc-a63e-4348-bd18-030b60a135e7@group-C8C62FEF0626, cid=2728, SUCCESS, logIndex=4060, commits[f2ba01fc-a63e-4348-bd18-030b60a135e7:c4061, eab135d4-a257-4705-b491-6c056b8c5df7:c4059, a4f67574-9018-43e7-8a54-351e98dc3d0a:c4059]
2019-08-23 07:09:10,909 | INFO  | DNAudit | user=null | ip=null | op=WRITE_CHUNK {blockData=conID: 3 locID: 102665037472596585 bcsId: 0} | ret=SUCCESS |  
2019-08-23 07:09:10,909 [grpc-default-executor-4] INFO  client.GrpcClientProtocolClient (GrpcClientProtocolClient.java:onNext(255)) - client-D91E5D1E15CE->f2ba01fc-a63e-4348-bd18-030b60a135e7: receive RaftClientReply:client-D91E5D1E15CE->f2ba01fc-a63e-4348-bd18-030b60a135e7@group-C8C62FEF0626, cid=2729, SUCCESS, logIndex=4061, commits[f2ba01fc-a63e-4348-bd18-030b60a135e7:c4061, eab135d4-a257-4705-b491-6c056b8c5df7:c4059, a4f67574-9018-43e7-8a54-351e98dc3d0a:c4059]
2019-08-23 07:09:10,909 | INFO  | DNAudit | user=null | ip=null | op=PUT_BLOCK {blockData=[blockId=conID: 3 locID: 102665037472596585 bcsId: 0,size=2097152]} | ret=SUCCESS |  
2019-08-23 07:09:10,909 [grpc-default-executor-4] INFO  client.GrpcClientProtocolClient (GrpcClientProtocolClient.java:onNext(255)) - client-D91E5D1E15CE->f2ba01fc-a63e-4348-bd18-030b60a135e7: receive RaftClientReply:client-D91E5D1E15CE->f2ba01fc-a63e-4348-bd18-030b60a135e7@group-C8C62FEF0626, cid=2730, SUCCESS, logIndex=4062, commits[f2ba01fc-a63e-4348-bd18-030b60a135e7:c4063, eab135d4-a257-4705-b491-6c056b8c5df7:c4059, a4f67574-9018-43e7-8a54-351e98dc3d0a:c4059]
2019-08-23 07:09:10,910 [grpc-default-executor-4] INFO  client.GrpcClientProtocolClient (GrpcClientProtocolClient.java:onNext(255)) - client-D91E5D1E15CE->f2ba01fc-a63e-4348-bd18-030b60a135e7: receive RaftClientReply:client-D91E5D1E15CE->f2ba01fc-a63e-4348-bd18-030b60a135e7@group-C8C62FEF0626, cid=2731, SUCCESS, logIndex=4063, commits[f2ba01fc-a63e-4348-bd18-030b60a135e7:c4063, eab135d4-a257-4705-b491-6c056b8c5df7:c4059, a4f67574-9018-43e7-8a54-351e98dc3d0a:c4059]
2019-08-23 07:09:10,910 | INFO  | DNAudit | user=null | ip=null | op=WRITE_CHUNK {blockData=conID: 3 locID: 102665037472596585 bcsId: 0} | ret=SUCCESS |  
2019-08-23 07:09:10,910 | INFO  | DNAudit | user=null | ip=null | op=WRITE_CHUNK {blockData=conID: 3 locID: 102665037472596585 bcsId: 0} | ret=SUCCESS |  
2019-08-23 07:09:10,910 | INFO  | DNAudit | user=null | ip=null | op=PUT_BLOCK {blockData=[blockId=conID: 3 locID: 102665037472596585 bcsId: 0,size=1048576]} | ret=SUCCESS |  
2019-08-23 07:09:10,910 | INFO  | DNAudit | user=null | ip=null | op=PUT_BLOCK {blockData=[blockId=conID: 3 locID: 102665037472596585 bcsId: 0,size=1048576]} | ret=SUCCESS |  
2019-08-23 07:09:10,911 [grpc-default-executor-4] INFO  client.GrpcClientProtocolClient (GrpcClientProtocolClient.java:onNext(255)) - client-D91E5D1E15CE->f2ba01fc-a63e-4348-bd18-030b60a135e7: receive RaftClientReply:client-D91E5D1E15CE->f2ba01fc-a63e-4348-bd18-030b60a135e7@group-C8C62FEF0626, cid=2732, SUCCESS, logIndex=0, commits[f2ba01fc-a63e-4348-bd18-030b60a135e7:c4064, eab135d4-a257-4705-b491-6c056b8c5df7:c4061, a4f67574-9018-43e7-8a54-351e98dc3d0a:c4061]
2019-08-23 07:09:10,911 | INFO  | DNAudit | user=null | ip=null | op=WRITE_CHUNK {blockData=conID: 3 locID: 102665037472596585 bcsId: 0} | ret=SUCCESS |  
2019-08-23 07:09:10,911 | INFO  | DNAudit | user=null | ip=null | op=WRITE_CHUNK {blockData=conID: 3 locID: 102665037472596585 bcsId: 0} | ret=SUCCESS |  
2019-08-23 07:09:10,911 | INFO  | DNAudit | user=null | ip=null | op=PUT_BLOCK {blockData=[blockId=conID: 3 locID: 102665037472596585 bcsId: 0,size=2097152]} | ret=SUCCESS |  
2019-08-23 07:09:10,912 | INFO  | DNAudit | user=null | ip=null | op=PUT_BLOCK {blockData=[blockId=conID: 3 locID: 102665037472596585 bcsId: 0,size=2097152]} | ret=SUCCESS |  
2019-08-23 07:09:10,916 | INFO  | DNAudit | user=null | ip=null | op=WRITE_CHUNK {blockData=conID: 3 locID: 102665037472596585 bcsId: 4063} | ret=SUCCESS |  
2019-08-23 07:09:10,917 | INFO  | DNAudit | user=null | ip=null | op=WRITE_CHUNK {blockData=conID: 3 locID: 102665037472596585 bcsId: 4063} | ret=SUCCESS |  
2019-08-23 07:09:10,917 | INFO  | DNAudit | user=null | ip=null | op=WRITE_CHUNK {blockData=conID: 3 locID: 102665037472596585 bcsId: 4063} | ret=SUCCESS |  
2019-08-23 07:09:10,927 | INFO  | DNAudit | user=null | ip=null | op=WRITE_CHUNK {blockData=conID: 3 locID: 102665037472596585 bcsId: 4063} | ret=SUCCESS |  
2019-08-23 07:09:10,927 | INFO  | DNAudit | user=null | ip=null | op=PUT_BLOCK {blockData=[blockId=conID: 3 locID: 102665037472596585 bcsId: 0,size=3145728]} | ret=SUCCESS |  
2019-08-23 07:09:10,928 [grpc-default-executor-4] INFO  client.GrpcClientProtocolClient (GrpcClientProtocolClient.java:onNext(255)) - client-D91E5D1E15CE->f2ba01fc-a63e-4348-bd18-030b60a135e7: receive RaftClientReply:client-D91E5D1E15CE->f2ba01fc-a63e-4348-bd18-030b60a135e7@group-C8C62FEF0626, cid=2733, SUCCESS, logIndex=4068, commits[f2ba01fc-a63e-4348-bd18-030b60a135e7:c4069, eab135d4-a257-4705-b491-6c056b8c5df7:c4067, a4f67574-9018-43e7-8a54-351e98dc3d0a:c4067]
2019-08-23 07:09:10,928 [grpc-default-executor-4] INFO  client.GrpcClientProtocolClient (GrpcClientProtocolClient.java:onNext(255)) - client-D91E5D1E15CE->f2ba01fc-a63e-4348-bd18-030b60a135e7: receive RaftClientReply:client-D91E5D1E15CE->f2ba01fc-a63e-4348-bd18-030b60a135e7@group-C8C62FEF0626, cid=2734, SUCCESS, logIndex=4069, commits[f2ba01fc-a63e-4348-bd18-030b60a135e7:c4069, eab135d4-a257-4705-b491-6c056b8c5df7:c4067, a4f67574-9018-43e7-8a54-351e98dc3d0a:c4067]
2019-08-23 07:09:10,928 | INFO  | DNAudit | user=null | ip=null | op=WRITE_CHUNK {blockData=conID: 3 locID: 102665037472596585 bcsId: 4063} | ret=SUCCESS |  
2019-08-23 07:09:10,928 | INFO  | DNAudit | user=null | ip=null | op=WRITE_CHUNK {blockData=conID: 3 locID: 102665037472596585 bcsId: 4063} | ret=SUCCESS |  
2019-08-23 07:09:10,930 | INFO  | DNAudit | user=null | ip=null | op=PUT_BLOCK {blockData=[blockId=conID: 3 locID: 102665037472596585 bcsId: 0,size=3145728]} | ret=SUCCESS |  
2019-08-23 07:09:10,930 | INFO  | DNAudit | user=null | ip=null | op=PUT_BLOCK {blockData=[blockId=conID: 3 locID: 102665037472596585 bcsId: 0,size=3145728]} | ret=SUCCESS |  
2019-08-23 07:09:10,933 | INFO  | DNAudit | user=null | ip=null | op=WRITE_CHUNK {blockData=conID: 3 locID: 102665037472596585 bcsId: 4069} | ret=SUCCESS |  
2019-08-23 07:09:10,934 | INFO  | DNAudit | user=null | ip=null | op=WRITE_CHUNK {blockData=conID: 3 locID: 102665037472596585 bcsId: 4069} | ret=SUCCESS |  
2019-08-23 07:09:10,934 | INFO  | DNAudit | user=null | ip=null | op=WRITE_CHUNK {blockData=conID: 3 locID: 102665037472596585 bcsId: 4069} | ret=SUCCESS |  
2019-08-23 07:09:10,945 | INFO  | DNAudit | user=null | ip=null | op=WRITE_CHUNK {blockData=conID: 3 locID: 102665037472596585 bcsId: 4069} | ret=SUCCESS |  
2019-08-23 07:09:10,945 | INFO  | DNAudit | user=null | ip=null | op=PUT_BLOCK {blockData=[blockId=conID: 3 locID: 102665037472596585 bcsId: 0,size=4194304]} | ret=SUCCESS |  
2019-08-23 07:09:10,945 [grpc-default-executor-3] INFO  client.GrpcClientProtocolClient (GrpcClientProtocolClient.java:onNext(255)) - client-D91E5D1E15CE->f2ba01fc-a63e-4348-bd18-030b60a135e7: receive RaftClientReply:client-D91E5D1E15CE->f2ba01fc-a63e-4348-bd18-030b60a135e7@group-C8C62FEF0626, cid=2735, SUCCESS, logIndex=4072, commits[f2ba01fc-a63e-4348-bd18-030b60a135e7:c4073, eab135d4-a257-4705-b491-6c056b8c5df7:c4071, a4f67574-9018-43e7-8a54-351e98dc3d0a:c4071]
2019-08-23 07:09:10,946 [grpc-default-executor-3] INFO  client.GrpcClientProtocolClient (GrpcClientProtocolClient.java:onNext(255)) - client-D91E5D1E15CE->f2ba01fc-a63e-4348-bd18-030b60a135e7: receive RaftClientReply:client-D91E5D1E15CE->f2ba01fc-a63e-4348-bd18-030b60a135e7@group-C8C62FEF0626, cid=2736, SUCCESS, logIndex=4073, commits[f2ba01fc-a63e-4348-bd18-030b60a135e7:c4073, eab135d4-a257-4705-b491-6c056b8c5df7:c4071, a4f67574-9018-43e7-8a54-351e98dc3d0a:c4071]
2019-08-23 07:09:10,946 | INFO  | DNAudit | user=null | ip=null | op=WRITE_CHUNK {blockData=conID: 3 locID: 102665037472596585 bcsId: 4069} | ret=SUCCESS |  
2019-08-23 07:09:10,946 | INFO  | DNAudit | user=null | ip=null | op=PUT_BLOCK {blockData=[blockId=conID: 3 locID: 102665037472596585 bcsId: 0,size=4194304]} | ret=SUCCESS |  
2019-08-23 07:09:10,947 | INFO  | DNAudit | user=null | ip=null | op=WRITE_CHUNK {blockData=conID: 3 locID: 102665037472596585 bcsId: 4069} | ret=SUCCESS |  
2019-08-23 07:09:10,947 | INFO  | DNAudit | user=null | ip=null | op=PUT_BLOCK {blockData=[blockId=conID: 3 locID: 102665037472596585 bcsId: 0,size=4194304]} | ret=SUCCESS |  
2019-08-23 07:09:10,947 [grpc-default-executor-3] INFO  client.GrpcClientProtocolClient (GrpcClientProtocolClient.java:onNext(255)) - client-D91E5D1E15CE->f2ba01fc-a63e-4348-bd18-030b60a135e7: receive RaftClientReply:client-D91E5D1E15CE->f2ba01fc-a63e-4348-bd18-030b60a135e7@group-C8C62FEF0626, cid=2737, SUCCESS, logIndex=0, commits[f2ba01fc-a63e-4348-bd18-030b60a135e7:c4074, eab135d4-a257-4705-b491-6c056b8c5df7:c4073, a4f67574-9018-43e7-8a54-351e98dc3d0a:c4073]
2019-08-23 07:09:10,951 | INFO  | SCMAudit | user=jenkins1000 | ip=192.168.5.178 | op=ALLOCATE_BLOCK {owner=aaf04d22-10dd-4717-8862-c651bdde72cf, size=4194304, type=RATIS, factor=THREE} | ret=SUCCESS |  
2019-08-23 07:09:10,954 | INFO  | OMAudit | user=jenkins1000 | ip=127.0.0.1 | op=ALLOCATE_BLOCK {volume=vol-0-67663, bucket=bucket-0-68950, key=key-0-26970, dataSize=0, replicationType=null, replicationFactor=null, keyLocationInfo=null, clientID=102665036030476690} | ret=SUCCESS |  
2019-08-23 07:09:10,959 | INFO  | DNAudit | user=null | ip=null | op=WRITE_CHUNK {blockData=conID: 1 locID: 102665037476725354 bcsId: 0} | ret=SUCCESS |  
2019-08-23 07:09:10,961 | INFO  | DNAudit | user=null | ip=null | op=WRITE_CHUNK {blockData=conID: 1 locID: 102665037476725354 bcsId: 0} | ret=SUCCESS |  
2019-08-23 07:09:10,961 | INFO  | DNAudit | user=null | ip=null | op=WRITE_CHUNK {blockData=conID: 1 locID: 102665037476725354 bcsId: 0} | ret=SUCCESS |  
2019-08-23 07:09:10,962 | INFO  | DNAudit | user=null | ip=null | op=WRITE_CHUNK {blockData=conID: 1 locID: 102665037476725354 bcsId: 0} | ret=SUCCESS |  
2019-08-23 07:09:10,962 | INFO  | DNAudit | user=null | ip=null | op=WRITE_CHUNK {blockData=conID: 1 locID: 102665037476725354 bcsId: 0} | ret=SUCCESS |  
2019-08-23 07:09:10,963 | INFO  | DNAudit | user=null | ip=null | op=WRITE_CHUNK {blockData=conID: 1 locID: 102665037476725354 bcsId: 0} | ret=SUCCESS |  
2019-08-23 07:09:10,971 | INFO  | DNAudit | user=null | ip=null | op=WRITE_CHUNK {blockData=conID: 1 locID: 102665037476725354 bcsId: 0} | ret=SUCCESS |  
2019-08-23 07:09:10,972 | INFO  | DNAudit | user=null | ip=null | op=PUT_BLOCK {blockData=[blockId=conID: 1 locID: 102665037476725354 bcsId: 0,size=1048576]} | ret=SUCCESS |  
2019-08-23 07:09:10,972 [grpc-default-executor-6] INFO  client.GrpcClientProtocolClient (GrpcClientProtocolClient.java:onNext(255)) - client-D91E5D1E15CE->f2ba01fc-a63e-4348-bd18-030b60a135e7: receive RaftClientReply:client-D91E5D1E15CE->f2ba01fc-a63e-4348-bd18-030b60a135e7@group-C8C62FEF0626, cid=2738, SUCCESS, logIndex=4076, commits[f2ba01fc-a63e-4348-bd18-030b60a135e7:c4078, eab135d4-a257-4705-b491-6c056b8c5df7:c4075, a4f67574-9018-43e7-8a54-351e98dc3d0a:c4075]
2019-08-23 07:09:10,972 | INFO  | DNAudit | user=null | ip=null | op=WRITE_CHUNK {blockData=conID: 1 locID: 102665037476725354 bcsId: 0} | ret=SUCCESS |  
2019-08-23 07:09:10,972 [grpc-default-executor-3] INFO  client.GrpcClientProtocolClient (GrpcClientProtocolClient.java:onNext(255)) - client-D91E5D1E15CE->f2ba01fc-a63e-4348-bd18-030b60a135e7: receive RaftClientReply:client-D91E5D1E15CE->f2ba01fc-a63e-4348-bd18-030b60a135e7@group-C8C62FEF0626, cid=2739, SUCCESS, logIndex=4077, commits[f2ba01fc-a63e-4348-bd18-030b60a135e7:c4079, eab135d4-a257-4705-b491-6c056b8c5df7:c4075, a4f67574-9018-43e7-8a54-351e98dc3d0a:c4075]
2019-08-23 07:09:10,973 | INFO  | DNAudit | user=null | ip=null | op=PUT_BLOCK {blockData=[blockId=conID: 1 locID: 102665037476725354 bcsId: 0,size=2097152]} | ret=SUCCESS |  
2019-08-23 07:09:10,973 [grpc-default-executor-3] INFO  client.GrpcClientProtocolClient (GrpcClientProtocolClient.java:onNext(255)) - client-D91E5D1E15CE->f2ba01fc-a63e-4348-bd18-030b60a135e7: receive RaftClientReply:client-D91E5D1E15CE->f2ba01fc-a63e-4348-bd18-030b60a135e7@group-C8C62FEF0626, cid=2740, SUCCESS, logIndex=4078, commits[f2ba01fc-a63e-4348-bd18-030b60a135e7:c4079, eab135d4-a257-4705-b491-6c056b8c5df7:c4075, a4f67574-9018-43e7-8a54-351e98dc3d0a:c4075]
2019-08-23 07:09:10,973 | INFO  | DNAudit | user=null | ip=null | op=WRITE_CHUNK {blockData=conID: 1 locID: 102665037476725354 bcsId: 0} | ret=SUCCESS |  
2019-08-23 07:09:10,973 [grpc-default-executor-3] INFO  client.GrpcClientProtocolClient (GrpcClientProtocolClient.java:onNext(255)) - client-D91E5D1E15CE->f2ba01fc-a63e-4348-bd18-030b60a135e7: receive RaftClientReply:client-D91E5D1E15CE->f2ba01fc-a63e-4348-bd18-030b60a135e7@group-C8C62FEF0626, cid=2741, SUCCESS, logIndex=4079, commits[f2ba01fc-a63e-4348-bd18-030b60a135e7:c4079, eab135d4-a257-4705-b491-6c056b8c5df7:c4075, a4f67574-9018-43e7-8a54-351e98dc3d0a:c4075]
2019-08-23 07:09:10,973 | INFO  | DNAudit | user=null | ip=null | op=WRITE_CHUNK {blockData=conID: 1 locID: 102665037476725354 bcsId: 0} | ret=SUCCESS |  
2019-08-23 07:09:10,974 | INFO  | DNAudit | user=null | ip=null | op=PUT_BLOCK {blockData=[blockId=conID: 1 locID: 102665037476725354 bcsId: 0,size=1048576]} | ret=SUCCESS |  
2019-08-23 07:09:10,974 | INFO  | DNAudit | user=null | ip=null | op=WRITE_CHUNK {blockData=conID: 1 locID: 102665037476725354 bcsId: 0} | ret=SUCCESS |  
2019-08-23 07:09:10,974 | INFO  | DNAudit | user=null | ip=null | op=PUT_BLOCK {blockData=[blockId=conID: 1 locID: 102665037476725354 bcsId: 0,size=2097152]} | ret=SUCCESS |  
2019-08-23 07:09:10,974 | INFO  | DNAudit | user=null | ip=null | op=PUT_BLOCK {blockData=[blockId=conID: 1 locID: 102665037476725354 bcsId: 0,size=1048576]} | ret=SUCCESS |  
2019-08-23 07:09:10,975 | INFO  | DNAudit | user=null | ip=null | op=WRITE_CHUNK {blockData=conID: 1 locID: 102665037476725354 bcsId: 0} | ret=SUCCESS |  
2019-08-23 07:09:10,975 | INFO  | DNAudit | user=null | ip=null | op=PUT_BLOCK {blockData=[blockId=conID: 1 locID: 102665037476725354 bcsId: 0,size=2097152]} | ret=SUCCESS |  
2019-08-23 07:09:10,975 [grpc-default-executor-3] INFO  client.GrpcClientProtocolClient (GrpcClientProtocolClient.java:onNext(255)) - client-D91E5D1E15CE->f2ba01fc-a63e-4348-bd18-030b60a135e7: receive RaftClientReply:client-D91E5D1E15CE->f2ba01fc-a63e-4348-bd18-030b60a135e7@group-C8C62FEF0626, cid=2742, SUCCESS, logIndex=0, commits[f2ba01fc-a63e-4348-bd18-030b60a135e7:c4083, eab135d4-a257-4705-b491-6c056b8c5df7:c4079, a4f67574-9018-43e7-8a54-351e98dc3d0a:c4077]
2019-08-23 07:09:10,980 | INFO  | DNAudit | user=null | ip=null | op=WRITE_CHUNK {blockData=conID: 1 locID: 102665037476725354 bcsId: 4079} | ret=SUCCESS |  
2019-08-23 07:09:10,982 | INFO  | DNAudit | user=null | ip=null | op=WRITE_CHUNK {blockData=conID: 1 locID: 102665037476725354 bcsId: 4079} | ret=SUCCESS |  
2019-08-23 07:09:10,983 | INFO  | DNAudit | user=null | ip=null | op=WRITE_CHUNK {blockData=conID: 1 locID: 102665037476725354 bcsId: 4079} | ret=SUCCESS |  
2019-08-23 07:09:10,984 | INFO  | DNAudit | user=null | ip=null | op=WRITE_CHUNK {blockData=conID: 1 locID: 102665037476725354 bcsId: 4079} | ret=SUCCESS |  
2019-08-23 07:09:10,984 | INFO  | DNAudit | user=null | ip=null | op=PUT_BLOCK {blockData=[blockId=conID: 1 locID: 102665037476725354 bcsId: 0,size=3145728]} | ret=SUCCESS |  
2019-08-23 07:09:10,985 [grpc-default-executor-3] INFO  client.GrpcClientProtocolClient (GrpcClientProtocolClient.java:onNext(255)) - client-D91E5D1E15CE->f2ba01fc-a63e-4348-bd18-030b60a135e7: receive RaftClientReply:client-D91E5D1E15CE->f2ba01fc-a63e-4348-bd18-030b60a135e7@group-C8C62FEF0626, cid=2743, SUCCESS, logIndex=4084, commits[f2ba01fc-a63e-4348-bd18-030b60a135e7:c4085, eab135d4-a257-4705-b491-6c056b8c5df7:c4079, a4f67574-9018-43e7-8a54-351e98dc3d0a:c4083]
2019-08-23 07:09:10,985 [grpc-default-executor-3] INFO  client.GrpcClientProtocolClient (GrpcClientProtocolClient.java:onNext(255)) - client-D91E5D1E15CE->f2ba01fc-a63e-4348-bd18-030b60a135e7: receive RaftClientReply:client-D91E5D1E15CE->f2ba01fc-a63e-4348-bd18-030b60a135e7@group-C8C62FEF0626, cid=2744, SUCCESS, logIndex=4085, commits[f2ba01fc-a63e-4348-bd18-030b60a135e7:c4085, eab135d4-a257-4705-b491-6c056b8c5df7:c4083, a4f67574-9018-43e7-8a54-351e98dc3d0a:c4083]
2019-08-23 07:09:10,986 | INFO  | DNAudit | user=null | ip=null | op=WRITE_CHUNK {blockData=conID: 1 locID: 102665037476725354 bcsId: 4079} | ret=SUCCESS |  
2019-08-23 07:09:10,986 | INFO  | DNAudit | user=null | ip=null | op=WRITE_CHUNK {blockData=conID: 1 locID: 102665037476725354 bcsId: 4079} | ret=SUCCESS |  
2019-08-23 07:09:10,986 | INFO  | DNAudit | user=null | ip=null | op=PUT_BLOCK {blockData=[blockId=conID: 1 locID: 102665037476725354 bcsId: 0,size=3145728]} | ret=SUCCESS |  
2019-08-23 07:09:10,986 | INFO  | DNAudit | user=null | ip=null | op=PUT_BLOCK {blockData=[blockId=conID: 1 locID: 102665037476725354 bcsId: 0,size=3145728]} | ret=SUCCESS |  
2019-08-23 07:09:10,990 | INFO  | DNAudit | user=null | ip=null | op=WRITE_CHUNK {blockData=conID: 1 locID: 102665037476725354 bcsId: 4085} | ret=SUCCESS |  
2019-08-23 07:09:10,992 | INFO  | DNAudit | user=null | ip=null | op=WRITE_CHUNK {blockData=conID: 1 locID: 102665037476725354 bcsId: 4085} | ret=SUCCESS |  
2019-08-23 07:09:10,992 | INFO  | DNAudit | user=null | ip=null | op=WRITE_CHUNK {blockData=conID: 1 locID: 102665037476725354 bcsId: 4085} | ret=SUCCESS |  
2019-08-23 07:09:11,018 | INFO  | DNAudit | user=null | ip=null | op=WRITE_CHUNK {blockData=conID: 1 locID: 102665037476725354 bcsId: 4085} | ret=SUCCESS |  
2019-08-23 07:09:11,018 | INFO  | DNAudit | user=null | ip=null | op=PUT_BLOCK {blockData=[blockId=conID: 1 locID: 102665037476725354 bcsId: 0,size=4194304]} | ret=SUCCESS |  
2019-08-23 07:09:11,018 [grpc-default-executor-3] INFO  client.GrpcClientProtocolClient (GrpcClientProtocolClient.java:onNext(255)) - client-D91E5D1E15CE->f2ba01fc-a63e-4348-bd18-030b60a135e7: receive RaftClientReply:client-D91E5D1E15CE->f2ba01fc-a63e-4348-bd18-030b60a135e7@group-C8C62FEF0626, cid=2745, SUCCESS, logIndex=4088, commits[f2ba01fc-a63e-4348-bd18-030b60a135e7:c4089, eab135d4-a257-4705-b491-6c056b8c5df7:c4087, a4f67574-9018-43e7-8a54-351e98dc3d0a:c4085]
2019-08-23 07:09:11,019 [grpc-default-executor-3] INFO  client.GrpcClientProtocolClient (GrpcClientProtocolClient.java:onNext(255)) - client-D91E5D1E15CE->f2ba01fc-a63e-4348-bd18-030b60a135e7: receive RaftClientReply:client-D91E5D1E15CE->f2ba01fc-a63e-4348-bd18-030b60a135e7@group-C8C62FEF0626, cid=2746, SUCCESS, logIndex=4089, commits[f2ba01fc-a63e-4348-bd18-030b60a135e7:c4089, eab135d4-a257-4705-b491-6c056b8c5df7:c4087, a4f67574-9018-43e7-8a54-351e98dc3d0a:c4087]
2019-08-23 07:09:11,019 | INFO  | DNAudit | user=null | ip=null | op=WRITE_CHUNK {blockData=conID: 1 locID: 102665037476725354 bcsId: 4085} | ret=SUCCESS |  
2019-08-23 07:09:11,020 | INFO  | DNAudit | user=null | ip=null | op=PUT_BLOCK {blockData=[blockId=conID: 1 locID: 102665037476725354 bcsId: 0,size=4194304]} | ret=SUCCESS |  
2019-08-23 07:09:11,020 | INFO  | DNAudit | user=null | ip=null | op=WRITE_CHUNK {blockData=conID: 1 locID: 102665037476725354 bcsId: 4085} | ret=SUCCESS |  
2019-08-23 07:09:11,020 | INFO  | DNAudit | user=null | ip=null | op=PUT_BLOCK {blockData=[blockId=conID: 1 locID: 102665037476725354 bcsId: 0,size=4194304]} | ret=SUCCESS |  
2019-08-23 07:09:11,020 [grpc-default-executor-3] INFO  client.GrpcClientProtocolClient (GrpcClientProtocolClient.java:onNext(255)) - client-D91E5D1E15CE->f2ba01fc-a63e-4348-bd18-030b60a135e7: receive RaftClientReply:client-D91E5D1E15CE->f2ba01fc-a63e-4348-bd18-030b60a135e7@group-C8C62FEF0626, cid=2747, SUCCESS, logIndex=0, commits[f2ba01fc-a63e-4348-bd18-030b60a135e7:c4090, eab135d4-a257-4705-b491-6c056b8c5df7:c4089, a4f67574-9018-43e7-8a54-351e98dc3d0a:c4089]
2019-08-23 07:09:11,027 | INFO  | SCMAudit | user=jenkins1000 | ip=192.168.5.178 | op=ALLOCATE_BLOCK {owner=aaf04d22-10dd-4717-8862-c651bdde72cf, size=4194304, type=RATIS, factor=THREE} | ret=SUCCESS |  
2019-08-23 07:09:11,032 | INFO  | OMAudit | user=jenkins1000 | ip=127.0.0.1 | op=ALLOCATE_BLOCK {volume=vol-0-67663, bucket=bucket-0-68950, key=key-0-26970, dataSize=0, replicationType=null, replicationFactor=null, keyLocationInfo=null, clientID=102665036030476690} | ret=SUCCESS |  
2019-08-23 07:09:11,037 | INFO  | DNAudit | user=null | ip=null | op=WRITE_CHUNK {blockData=conID: 2 locID: 102665037481706091 bcsId: 0} | ret=SUCCESS |  
2019-08-23 07:09:11,039 | INFO  | DNAudit | user=null | ip=null | op=WRITE_CHUNK {blockData=conID: 2 locID: 102665037481706091 bcsId: 0} | ret=SUCCESS |  
2019-08-23 07:09:11,039 | INFO  | DNAudit | user=null | ip=null | op=WRITE_CHUNK {blockData=conID: 2 locID: 102665037481706091 bcsId: 0} | ret=SUCCESS |  
2019-08-23 07:09:11,040 | INFO  | DNAudit | user=null | ip=null | op=WRITE_CHUNK {blockData=conID: 2 locID: 102665037481706091 bcsId: 0} | ret=SUCCESS |  
2019-08-23 07:09:11,041 | INFO  | DNAudit | user=null | ip=null | op=WRITE_CHUNK {blockData=conID: 2 locID: 102665037481706091 bcsId: 0} | ret=SUCCESS |  
2019-08-23 07:09:11,041 | INFO  | DNAudit | user=null | ip=null | op=WRITE_CHUNK {blockData=conID: 2 locID: 102665037481706091 bcsId: 0} | ret=SUCCESS |  
2019-08-23 07:09:11,050 | INFO  | DNAudit | user=null | ip=null | op=WRITE_CHUNK {blockData=conID: 2 locID: 102665037481706091 bcsId: 0} | ret=SUCCESS |  
2019-08-23 07:09:11,050 | INFO  | DNAudit | user=null | ip=null | op=PUT_BLOCK {blockData=[blockId=conID: 2 locID: 102665037481706091 bcsId: 0,size=1048576]} | ret=SUCCESS |  
2019-08-23 07:09:11,052 | INFO  | DNAudit | user=null | ip=null | op=WRITE_CHUNK {blockData=conID: 2 locID: 102665037481706091 bcsId: 0} | ret=SUCCESS |  
2019-08-23 07:09:11,053 | INFO  | DNAudit | user=null | ip=null | op=WRITE_CHUNK {blockData=conID: 2 locID: 102665037481706091 bcsId: 0} | ret=SUCCESS |  
2019-08-23 07:09:11,052 [grpc-default-executor-0] INFO  client.GrpcClientProtocolClient (GrpcClientProtocolClient.java:onNext(255)) - client-D91E5D1E15CE->f2ba01fc-a63e-4348-bd18-030b60a135e7: receive RaftClientReply:client-D91E5D1E15CE->f2ba01fc-a63e-4348-bd18-030b60a135e7@group-C8C62FEF0626, cid=2748, SUCCESS, logIndex=4092, commits[f2ba01fc-a63e-4348-bd18-030b60a135e7:c4094, eab135d4-a257-4705-b491-6c056b8c5df7:c4091, a4f67574-9018-43e7-8a54-351e98dc3d0a:c4091]
2019-08-23 07:09:11,053 | INFO  | DNAudit | user=null | ip=null | op=WRITE_CHUNK {blockData=conID: 2 locID: 102665037481706091 bcsId: 0} | ret=SUCCESS |  
2019-08-23 07:09:11,053 | INFO  | DNAudit | user=null | ip=null | op=PUT_BLOCK {blockData=[blockId=conID: 2 locID: 102665037481706091 bcsId: 0,size=2097152]} | ret=SUCCESS |  
2019-08-23 07:09:11,053 | INFO  | DNAudit | user=null | ip=null | op=PUT_BLOCK {blockData=[blockId=conID: 2 locID: 102665037481706091 bcsId: 0,size=1048576]} | ret=SUCCESS |  
2019-08-23 07:09:11,053 [grpc-default-executor-0] INFO  client.GrpcClientProtocolClient (GrpcClientProtocolClient.java:onNext(255)) - client-D91E5D1E15CE->f2ba01fc-a63e-4348-bd18-030b60a135e7: receive RaftClientReply:client-D91E5D1E15CE->f2ba01fc-a63e-4348-bd18-030b60a135e7@group-C8C62FEF0626, cid=2749, SUCCESS, logIndex=4093, commits[f2ba01fc-a63e-4348-bd18-030b60a135e7:c4095, eab135d4-a257-4705-b491-6c056b8c5df7:c4091, a4f67574-9018-43e7-8a54-351e98dc3d0a:c4091]
2019-08-23 07:09:11,053 | INFO  | DNAudit | user=null | ip=null | op=WRITE_CHUNK {blockData=conID: 2 locID: 102665037481706091 bcsId: 0} | ret=SUCCESS |  
2019-08-23 07:09:11,053 [grpc-default-executor-0] INFO  client.GrpcClientProtocolClient (GrpcClientProtocolClient.java:onNext(255)) - client-D91E5D1E15CE->f2ba01fc-a63e-4348-bd18-030b60a135e7: receive RaftClientReply:client-D91E5D1E15CE->f2ba01fc-a63e-4348-bd18-030b60a135e7@group-C8C62FEF0626, cid=2750, SUCCESS, logIndex=4094, commits[f2ba01fc-a63e-4348-bd18-030b60a135e7:c4097, eab135d4-a257-4705-b491-6c056b8c5df7:c4093, a4f67574-9018-43e7-8a54-351e98dc3d0a:c4091]
2019-08-23 07:09:11,053 [grpc-default-executor-0] INFO  client.GrpcClientProtocolClient (GrpcClientProtocolClient.java:onNext(255)) - client-D91E5D1E15CE->f2ba01fc-a63e-4348-bd18-030b60a135e7: receive RaftClientReply:client-D91E5D1E15CE->f2ba01fc-a63e-4348-bd18-030b60a135e7@group-C8C62FEF0626, cid=2751, SUCCESS, logIndex=4095, commits[f2ba01fc-a63e-4348-bd18-030b60a135e7:c4098, eab135d4-a257-4705-b491-6c056b8c5df7:c4094, a4f67574-9018-43e7-8a54-351e98dc3d0a:c4092]
2019-08-23 07:09:11,064 | INFO  | DNAudit | user=null | ip=null | op=PUT_BLOCK {blockData=[blockId=conID: 2 locID: 102665037481706091 bcsId: 0,size=2097152]} | ret=SUCCESS |  
2019-08-23 07:09:11,064 | INFO  | DNAudit | user=null | ip=null | op=PUT_BLOCK {blockData=[blockId=conID: 2 locID: 102665037481706091 bcsId: 0,size=1048576]} | ret=SUCCESS |  
2019-08-23 07:09:11,065 | INFO  | DNAudit | user=null | ip=null | op=WRITE_CHUNK {blockData=conID: 2 locID: 102665037481706091 bcsId: 0} | ret=SUCCESS |  
2019-08-23 07:09:11,065 [grpc-default-executor-0] INFO  client.GrpcClientProtocolClient (GrpcClientProtocolClient.java:onNext(255)) - client-D91E5D1E15CE->f2ba01fc-a63e-4348-bd18-030b60a135e7: receive RaftClientReply:client-D91E5D1E15CE->f2ba01fc-a63e-4348-bd18-030b60a135e7@group-C8C62FEF0626, cid=2752, SUCCESS, logIndex=0, commits[f2ba01fc-a63e-4348-bd18-030b60a135e7:c4099, eab135d4-a257-4705-b491-6c056b8c5df7:c4095, a4f67574-9018-43e7-8a54-351e98dc3d0a:c4093]
2019-08-23 07:09:11,065 | INFO  | DNAudit | user=null | ip=null | op=PUT_BLOCK {blockData=[blockId=conID: 2 locID: 102665037481706091 bcsId: 0,size=2097152]} | ret=SUCCESS |  
 0.00% |█                                                                                                    |  0/1 Time: 0:00:222019-08-23 07:09:11,176 | INFO  | SCMAudit | user=jenkins1000 | ip=192.168.5.178 | op=SEND_HEARTBEAT {datanodeUUID=b7d3ecaa-ab76-49a0-b691-40b7e1ed625a, command=[]} | ret=SUCCESS |  
2019-08-23 07:09:11,176 | INFO  | SCMAudit | user=jenkins1000 | ip=192.168.5.178 | op=SEND_HEARTBEAT {datanodeUUID=5c311bc2-cc7c-45de-998f-f79499d85d4e, command=[]} | ret=SUCCESS |  
2019-08-23 07:09:11,177 | INFO  | DNAudit | user=null | ip=null | op=WRITE_CHUNK {blockData=conID: 2 locID: 102665037481706091 bcsId: 4095} | ret=SUCCESS |  
2019-08-23 07:09:11,179 | INFO  | DNAudit | user=null | ip=null | op=WRITE_CHUNK {blockData=conID: 2 locID: 102665037481706091 bcsId: 4095} | ret=SUCCESS |  
2019-08-23 07:09:11,180 | INFO  | DNAudit | user=null | ip=null | op=WRITE_CHUNK {blockData=conID: 2 locID: 102665037481706091 bcsId: 4095} | ret=SUCCESS |  
2019-08-23 07:09:11,190 | INFO  | DNAudit | user=null | ip=null | op=WRITE_CHUNK {blockData=conID: 2 locID: 102665037481706091 bcsId: 4095} | ret=SUCCESS |  
2019-08-23 07:09:11,190 | INFO  | DNAudit | user=null | ip=null | op=PUT_BLOCK {blockData=[blockId=conID: 2 locID: 102665037481706091 bcsId: 0,size=3145728]} | ret=SUCCESS |  
2019-08-23 07:09:11,190 [grpc-default-executor-0] INFO  client.GrpcClientProtocolClient (GrpcClientProtocolClient.java:onNext(255)) - client-D91E5D1E15CE->f2ba01fc-a63e-4348-bd18-030b60a135e7: receive RaftClientReply:client-D91E5D1E15CE->f2ba01fc-a63e-4348-bd18-030b60a135e7@group-C8C62FEF0626, cid=2753, SUCCESS, logIndex=4100, commits[f2ba01fc-a63e-4348-bd18-030b60a135e7:c4101, eab135d4-a257-4705-b491-6c056b8c5df7:c4099, a4f67574-9018-43e7-8a54-351e98dc3d0a:c4099]
2019-08-23 07:09:11,190 [grpc-default-executor-0] INFO  client.GrpcClientProtocolClient (GrpcClientProtocolClient.java:onNext(255)) - client-D91E5D1E15CE->f2ba01fc-a63e-4348-bd18-030b60a135e7: receive RaftClientReply:client-D91E5D1E15CE->f2ba01fc-a63e-4348-bd18-030b60a135e7@group-C8C62FEF0626, cid=2754, SUCCESS, logIndex=4101, commits[f2ba01fc-a63e-4348-bd18-030b60a135e7:c4101, eab135d4-a257-4705-b491-6c056b8c5df7:c4099, a4f67574-9018-43e7-8a54-351e98dc3d0a:c4099]
2019-08-23 07:09:11,195 | INFO  | DNAudit | user=null | ip=null | op=WRITE_CHUNK {blockData=conID: 2 locID: 102665037481706091 bcsId: 4101} | ret=SUCCESS |  
2019-08-23 07:09:11,197 | INFO  | DNAudit | user=null | ip=null | op=WRITE_CHUNK {blockData=conID: 2 locID: 102665037481706091 bcsId: 4101} | ret=SUCCESS |  
2019-08-23 07:09:11,197 | INFO  | DNAudit | user=null | ip=null | op=WRITE_CHUNK {blockData=conID: 2 locID: 102665037481706091 bcsId: 4101} | ret=SUCCESS |  
2019-08-23 07:09:11,201 | INFO  | DNAudit | user=null | ip=null | op=WRITE_CHUNK {blockData=conID: 2 locID: 102665037481706091 bcsId: 4095} | ret=SUCCESS |  
2019-08-23 07:09:11,202 | INFO  | DNAudit | user=null | ip=null | op=WRITE_CHUNK {blockData=conID: 2 locID: 102665037481706091 bcsId: 4095} | ret=SUCCESS |  
2019-08-23 07:09:11,203 | INFO  | DNAudit | user=null | ip=null | op=PUT_BLOCK {blockData=[blockId=conID: 2 locID: 102665037481706091 bcsId: 0,size=3145728]} | ret=SUCCESS |  
2019-08-23 07:09:11,203 | INFO  | DNAudit | user=null | ip=null | op=PUT_BLOCK {blockData=[blockId=conID: 2 locID: 102665037481706091 bcsId: 0,size=3145728]} | ret=SUCCESS |  
2019-08-23 07:09:11,203 | INFO  | DNAudit | user=null | ip=null | op=WRITE_CHUNK {blockData=conID: 2 locID: 102665037481706091 bcsId: 4101} | ret=SUCCESS |  
2019-08-23 07:09:11,204 | INFO  | DNAudit | user=null | ip=null | op=PUT_BLOCK {blockData=[blockId=conID: 2 locID: 102665037481706091 bcsId: 0,size=4194304]} | ret=SUCCESS |  
2019-08-23 07:09:11,204 [grpc-default-executor-0] INFO  client.GrpcClientProtocolClient (GrpcClientProtocolClient.java:onNext(255)) - client-D91E5D1E15CE->f2ba01fc-a63e-4348-bd18-030b60a135e7: receive RaftClientReply:client-D91E5D1E15CE->f2ba01fc-a63e-4348-bd18-030b60a135e7@group-C8C62FEF0626, cid=2755, SUCCESS, logIndex=4104, commits[f2ba01fc-a63e-4348-bd18-030b60a135e7:c4104, eab135d4-a257-4705-b491-6c056b8c5df7:c4101, a4f67574-9018-43e7-8a54-351e98dc3d0a:c4101]
2019-08-23 07:09:11,204 [grpc-default-executor-0] INFO  client.GrpcClientProtocolClient (GrpcClientProtocolClient.java:onNext(255)) - client-D91E5D1E15CE->f2ba01fc-a63e-4348-bd18-030b60a135e7: receive RaftClientReply:client-D91E5D1E15CE->f2ba01fc-a63e-4348-bd18-030b60a135e7@group-C8C62FEF0626, cid=2756, SUCCESS, logIndex=4105, commits[f2ba01fc-a63e-4348-bd18-030b60a135e7:c4105, eab135d4-a257-4705-b491-6c056b8c5df7:c4101, a4f67574-9018-43e7-8a54-351e98dc3d0a:c4101]
2019-08-23 07:09:11,215 | INFO  | DNAudit | user=null | ip=null | op=WRITE_CHUNK {blockData=conID: 2 locID: 102665037481706091 bcsId: 4101} | ret=SUCCESS |  
2019-08-23 07:09:11,215 | INFO  | DNAudit | user=null | ip=null | op=WRITE_CHUNK {blockData=conID: 2 locID: 102665037481706091 bcsId: 4101} | ret=SUCCESS |  
2019-08-23 07:09:11,216 | INFO  | DNAudit | user=null | ip=null | op=PUT_BLOCK {blockData=[blockId=conID: 2 locID: 102665037481706091 bcsId: 0,size=4194304]} | ret=SUCCESS |  
2019-08-23 07:09:11,216 | INFO  | DNAudit | user=null | ip=null | op=PUT_BLOCK {blockData=[blockId=conID: 2 locID: 102665037481706091 bcsId: 0,size=4194304]} | ret=SUCCESS |  
2019-08-23 07:09:11,217 [grpc-default-executor-0] INFO  client.GrpcClientProtocolClient (GrpcClientProtocolClient.java:onNext(255)) - client-D91E5D1E15CE->f2ba01fc-a63e-4348-bd18-030b60a135e7: receive RaftClientReply:client-D91E5D1E15CE->f2ba01fc-a63e-4348-bd18-030b60a135e7@group-C8C62FEF0626, cid=2757, SUCCESS, logIndex=0, commits[f2ba01fc-a63e-4348-bd18-030b60a135e7:c4107, eab135d4-a257-4705-b491-6c056b8c5df7:c4105, a4f67574-9018-43e7-8a54-351e98dc3d0a:c4105]
2019-08-23 07:09:11,221 | INFO  | SCMAudit | user=jenkins1000 | ip=192.168.5.178 | op=ALLOCATE_BLOCK {owner=aaf04d22-10dd-4717-8862-c651bdde72cf, size=4194304, type=RATIS, factor=THREE} | ret=SUCCESS |  
2019-08-23 07:09:11,223 | INFO  | OMAudit | user=jenkins1000 | ip=127.0.0.1 | op=ALLOCATE_BLOCK {volume=vol-0-67663, bucket=bucket-0-68950, key=key-0-26970, dataSize=0, replicationType=null, replicationFactor=null, keyLocationInfo=null, clientID=102665036030476690} | ret=SUCCESS |  
2019-08-23 07:09:11,228 | INFO  | DNAudit | user=null | ip=null | op=WRITE_CHUNK {blockData=conID: 3 locID: 102665037494420076 bcsId: 0} | ret=SUCCESS |  
2019-08-23 07:09:11,231 | INFO  | DNAudit | user=null | ip=null | op=WRITE_CHUNK {blockData=conID: 3 locID: 102665037494420076 bcsId: 0} | ret=SUCCESS |  
2019-08-23 07:09:11,231 | INFO  | DNAudit | user=null | ip=null | op=WRITE_CHUNK {blockData=conID: 3 locID: 102665037494420076 bcsId: 0} | ret=SUCCESS |  
2019-08-23 07:09:11,232 | INFO  | DNAudit | user=null | ip=null | op=WRITE_CHUNK {blockData=conID: 3 locID: 102665037494420076 bcsId: 0} | ret=SUCCESS |  
2019-08-23 07:09:11,232 | INFO  | DNAudit | user=null | ip=null | op=WRITE_CHUNK {blockData=conID: 3 locID: 102665037494420076 bcsId: 0} | ret=SUCCESS |  
2019-08-23 07:09:11,233 | INFO  | DNAudit | user=null | ip=null | op=WRITE_CHUNK {blockData=conID: 3 locID: 102665037494420076 bcsId: 0} | ret=SUCCESS |  
2019-08-23 07:09:11,241 | INFO  | DNAudit | user=null | ip=null | op=WRITE_CHUNK {blockData=conID: 3 locID: 102665037494420076 bcsId: 0} | ret=SUCCESS |  
2019-08-23 07:09:11,241 | INFO  | DNAudit | user=null | ip=null | op=PUT_BLOCK {blockData=[blockId=conID: 3 locID: 102665037494420076 bcsId: 0,size=1048576]} | ret=SUCCESS |  
2019-08-23 07:09:11,242 | INFO  | DNAudit | user=null | ip=null | op=WRITE_CHUNK {blockData=conID: 3 locID: 102665037494420076 bcsId: 0} | ret=SUCCESS |  
2019-08-23 07:09:11,242 [grpc-default-executor-3] INFO  client.GrpcClientProtocolClient (GrpcClientProtocolClient.java:onNext(255)) - client-D91E5D1E15CE->f2ba01fc-a63e-4348-bd18-030b60a135e7: receive RaftClientReply:client-D91E5D1E15CE->f2ba01fc-a63e-4348-bd18-030b60a135e7@group-C8C62FEF0626, cid=2758, SUCCESS, logIndex=4108, commits[f2ba01fc-a63e-4348-bd18-030b60a135e7:c4110, eab135d4-a257-4705-b491-6c056b8c5df7:c4107, a4f67574-9018-43e7-8a54-351e98dc3d0a:c4107]
2019-08-23 07:09:11,242 | INFO  | DNAudit | user=null | ip=null | op=PUT_BLOCK {blockData=[blockId=conID: 3 locID: 102665037494420076 bcsId: 0,size=2097152]} | ret=SUCCESS |  
2019-08-23 07:09:11,242 | INFO  | DNAudit | user=null | ip=null | op=WRITE_CHUNK {blockData=conID: 3 locID: 102665037494420076 bcsId: 0} | ret=SUCCESS |  
2019-08-23 07:09:11,242 | INFO  | DNAudit | user=null | ip=null | op=WRITE_CHUNK {blockData=conID: 3 locID: 102665037494420076 bcsId: 0} | ret=SUCCESS |  
2019-08-23 07:09:11,242 [grpc-default-executor-3] INFO  client.GrpcClientProtocolClient (GrpcClientProtocolClient.java:onNext(255)) - client-D91E5D1E15CE->f2ba01fc-a63e-4348-bd18-030b60a135e7: receive RaftClientReply:client-D91E5D1E15CE->f2ba01fc-a63e-4348-bd18-030b60a135e7@group-C8C62FEF0626, cid=2759, SUCCESS, logIndex=4109, commits[f2ba01fc-a63e-4348-bd18-030b60a135e7:c4111, eab135d4-a257-4705-b491-6c056b8c5df7:c4107, a4f67574-9018-43e7-8a54-351e98dc3d0a:c4107]
2019-08-23 07:09:11,242 [grpc-default-executor-3] INFO  client.GrpcClientProtocolClient (GrpcClientProtocolClient.java:onNext(255)) - client-D91E5D1E15CE->f2ba01fc-a63e-4348-bd18-030b60a135e7: receive RaftClientReply:client-D91E5D1E15CE->f2ba01fc-a63e-4348-bd18-030b60a135e7@group-C8C62FEF0626, cid=2760, SUCCESS, logIndex=4110, commits[f2ba01fc-a63e-4348-bd18-030b60a135e7:c4111, eab135d4-a257-4705-b491-6c056b8c5df7:c4107, a4f67574-9018-43e7-8a54-351e98dc3d0a:c4107]
2019-08-23 07:09:11,243 [grpc-default-executor-3] INFO  client.GrpcClientProtocolClient (GrpcClientProtocolClient.java:onNext(255)) - client-D91E5D1E15CE->f2ba01fc-a63e-4348-bd18-030b60a135e7: receive RaftClientReply:client-D91E5D1E15CE->f2ba01fc-a63e-4348-bd18-030b60a135e7@group-C8C62FEF0626, cid=2761, SUCCESS, logIndex=4111, commits[f2ba01fc-a63e-4348-bd18-030b60a135e7:c4111, eab135d4-a257-4705-b491-6c056b8c5df7:c4107, a4f67574-9018-43e7-8a54-351e98dc3d0a:c4107]
2019-08-23 07:09:11,243 | INFO  | DNAudit | user=null | ip=null | op=PUT_BLOCK {blockData=[blockId=conID: 3 locID: 102665037494420076 bcsId: 0,size=1048576]} | ret=SUCCESS |  
2019-08-23 07:09:11,243 | INFO  | DNAudit | user=null | ip=null | op=PUT_BLOCK {blockData=[blockId=conID: 3 locID: 102665037494420076 bcsId: 0,size=1048576]} | ret=SUCCESS |  
2019-08-23 07:09:11,244 | INFO  | DNAudit | user=null | ip=null | op=WRITE_CHUNK {blockData=conID: 3 locID: 102665037494420076 bcsId: 0} | ret=SUCCESS |  
2019-08-23 07:09:11,244 | INFO  | DNAudit | user=null | ip=null | op=WRITE_CHUNK {blockData=conID: 3 locID: 102665037494420076 bcsId: 0} | ret=SUCCESS |  
2019-08-23 07:09:11,244 | INFO  | DNAudit | user=null | ip=null | op=PUT_BLOCK {blockData=[blockId=conID: 3 locID: 102665037494420076 bcsId: 0,size=2097152]} | ret=SUCCESS |  
2019-08-23 07:09:11,244 | INFO  | DNAudit | user=null | ip=null | op=PUT_BLOCK {blockData=[blockId=conID: 3 locID: 102665037494420076 bcsId: 0,size=2097152]} | ret=SUCCESS |  
2019-08-23 07:09:11,244 [grpc-default-executor-3] INFO  client.GrpcClientProtocolClient (GrpcClientProtocolClient.java:onNext(255)) - client-D91E5D1E15CE->f2ba01fc-a63e-4348-bd18-030b60a135e7: receive RaftClientReply:client-D91E5D1E15CE->f2ba01fc-a63e-4348-bd18-030b60a135e7@group-C8C62FEF0626, cid=2762, SUCCESS, logIndex=0, commits[f2ba01fc-a63e-4348-bd18-030b60a135e7:c4113, eab135d4-a257-4705-b491-6c056b8c5df7:c4109, a4f67574-9018-43e7-8a54-351e98dc3d0a:c4109]
2019-08-23 07:09:11,249 | INFO  | DNAudit | user=null | ip=null | op=WRITE_CHUNK {blockData=conID: 3 locID: 102665037494420076 bcsId: 4111} | ret=SUCCESS |  
2019-08-23 07:09:11,250 | INFO  | DNAudit | user=null | ip=null | op=WRITE_CHUNK {blockData=conID: 3 locID: 102665037494420076 bcsId: 4111} | ret=SUCCESS |  
2019-08-23 07:09:11,251 | INFO  | DNAudit | user=null | ip=null | op=WRITE_CHUNK {blockData=conID: 3 locID: 102665037494420076 bcsId: 4111} | ret=SUCCESS |  
2019-08-23 07:09:11,268 | INFO  | DNAudit | user=null | ip=null | op=WRITE_CHUNK {blockData=conID: 3 locID: 102665037494420076 bcsId: 4111} | ret=SUCCESS |  
2019-08-23 07:09:11,268 | INFO  | DNAudit | user=null | ip=null | op=PUT_BLOCK {blockData=[blockId=conID: 3 locID: 102665037494420076 bcsId: 0,size=3145728]} | ret=SUCCESS |  
2019-08-23 07:09:11,268 [grpc-default-executor-0] INFO  client.GrpcClientProtocolClient (GrpcClientProtocolClient.java:onNext(255)) - client-D91E5D1E15CE->f2ba01fc-a63e-4348-bd18-030b60a135e7: receive RaftClientReply:client-D91E5D1E15CE->f2ba01fc-a63e-4348-bd18-030b60a135e7@group-C8C62FEF0626, cid=2763, SUCCESS, logIndex=4116, commits[f2ba01fc-a63e-4348-bd18-030b60a135e7:c4117, eab135d4-a257-4705-b491-6c056b8c5df7:c4115, a4f67574-9018-43e7-8a54-351e98dc3d0a:c4115]
2019-08-23 07:09:11,269 [grpc-default-executor-0] INFO  client.GrpcClientProtocolClient (GrpcClientProtocolClient.java:onNext(255)) - client-D91E5D1E15CE->f2ba01fc-a63e-4348-bd18-030b60a135e7: receive RaftClientReply:client-D91E5D1E15CE->f2ba01fc-a63e-4348-bd18-030b60a135e7@group-C8C62FEF0626, cid=2764, SUCCESS, logIndex=4117, commits[f2ba01fc-a63e-4348-bd18-030b60a135e7:c4117, eab135d4-a257-4705-b491-6c056b8c5df7:c4115, a4f67574-9018-43e7-8a54-351e98dc3d0a:c4115]
2019-08-23 07:09:11,269 | INFO  | DNAudit | user=null | ip=null | op=WRITE_CHUNK {blockData=conID: 3 locID: 102665037494420076 bcsId: 4111} | ret=SUCCESS |  
2019-08-23 07:09:11,269 | INFO  | DNAudit | user=null | ip=null | op=WRITE_CHUNK {blockData=conID: 3 locID: 102665037494420076 bcsId: 4111} | ret=SUCCESS |  
2019-08-23 07:09:11,270 | INFO  | DNAudit | user=null | ip=null | op=PUT_BLOCK {blockData=[blockId=conID: 3 locID: 102665037494420076 bcsId: 0,size=3145728]} | ret=SUCCESS |  
2019-08-23 07:09:11,270 | INFO  | DNAudit | user=null | ip=null | op=PUT_BLOCK {blockData=[blockId=conID: 3 locID: 102665037494420076 bcsId: 0,size=3145728]} | ret=SUCCESS |  
2019-08-23 07:09:11,274 | INFO  | DNAudit | user=null | ip=null | op=WRITE_CHUNK {blockData=conID: 3 locID: 102665037494420076 bcsId: 4117} | ret=SUCCESS |  
2019-08-23 07:09:11,276 | INFO  | DNAudit | user=null | ip=null | op=WRITE_CHUNK {blockData=conID: 3 locID: 102665037494420076 bcsId: 4117} | ret=SUCCESS |  
2019-08-23 07:09:11,276 | INFO  | DNAudit | user=null | ip=null | op=WRITE_CHUNK {blockData=conID: 3 locID: 102665037494420076 bcsId: 4117} | ret=SUCCESS |  
2019-08-23 07:09:11,287 | INFO  | DNAudit | user=null | ip=null | op=WRITE_CHUNK {blockData=conID: 3 locID: 102665037494420076 bcsId: 4117} | ret=SUCCESS |  
2019-08-23 07:09:11,288 | INFO  | DNAudit | user=null | ip=null | op=PUT_BLOCK {blockData=[blockId=conID: 3 locID: 102665037494420076 bcsId: 0,size=4194304]} | ret=SUCCESS |  
2019-08-23 07:09:11,288 [grpc-default-executor-0] INFO  client.GrpcClientProtocolClient (GrpcClientProtocolClient.java:onNext(255)) - client-D91E5D1E15CE->f2ba01fc-a63e-4348-bd18-030b60a135e7: receive RaftClientReply:client-D91E5D1E15CE->f2ba01fc-a63e-4348-bd18-030b60a135e7@group-C8C62FEF0626, cid=2765, SUCCESS, logIndex=4120, commits[f2ba01fc-a63e-4348-bd18-030b60a135e7:c4121, eab135d4-a257-4705-b491-6c056b8c5df7:c4119, a4f67574-9018-43e7-8a54-351e98dc3d0a:c4119]
2019-08-23 07:09:11,288 [grpc-default-executor-0] INFO  client.GrpcClientProtocolClient (GrpcClientProtocolClient.java:onNext(255)) - client-D91E5D1E15CE->f2ba01fc-a63e-4348-bd18-030b60a135e7: receive RaftClientReply:client-D91E5D1E15CE->f2ba01fc-a63e-4348-bd18-030b60a135e7@group-C8C62FEF0626, cid=2766, SUCCESS, logIndex=4121, commits[f2ba01fc-a63e-4348-bd18-030b60a135e7:c4121, eab135d4-a257-4705-b491-6c056b8c5df7:c4119, a4f67574-9018-43e7-8a54-351e98dc3d0a:c4119]
2019-08-23 07:09:11,299 | INFO  | DNAudit | user=null | ip=null | op=WRITE_CHUNK {blockData=conID: 3 locID: 102665037494420076 bcsId: 4117} | ret=SUCCESS |  
2019-08-23 07:09:11,299 | INFO  | DNAudit | user=null | ip=null | op=WRITE_CHUNK {blockData=conID: 3 locID: 102665037494420076 bcsId: 4117} | ret=SUCCESS |  
2019-08-23 07:09:11,300 | INFO  | DNAudit | user=null | ip=null | op=PUT_BLOCK {blockData=[blockId=conID: 3 locID: 102665037494420076 bcsId: 0,size=4194304]} | ret=SUCCESS |  
2019-08-23 07:09:11,300 | INFO  | DNAudit | user=null | ip=null | op=PUT_BLOCK {blockData=[blockId=conID: 3 locID: 102665037494420076 bcsId: 0,size=4194304]} | ret=SUCCESS |  
2019-08-23 07:09:11,300 [grpc-default-executor-0] INFO  client.GrpcClientProtocolClient (GrpcClientProtocolClient.java:onNext(255)) - client-D91E5D1E15CE->f2ba01fc-a63e-4348-bd18-030b60a135e7: receive RaftClientReply:client-D91E5D1E15CE->f2ba01fc-a63e-4348-bd18-030b60a135e7@group-C8C62FEF0626, cid=2767, SUCCESS, logIndex=0, commits[f2ba01fc-a63e-4348-bd18-030b60a135e7:c4123, eab135d4-a257-4705-b491-6c056b8c5df7:c4121, a4f67574-9018-43e7-8a54-351e98dc3d0a:c4121]
2019-08-23 07:09:11,305 | INFO  | SCMAudit | user=jenkins1000 | ip=192.168.5.178 | op=ALLOCATE_BLOCK {owner=aaf04d22-10dd-4717-8862-c651bdde72cf, size=4194304, type=RATIS, factor=THREE} | ret=SUCCESS |  
2019-08-23 07:09:11,307 | INFO  | OMAudit | user=jenkins1000 | ip=127.0.0.1 | op=ALLOCATE_BLOCK {volume=vol-0-67663, bucket=bucket-0-68950, key=key-0-26970, dataSize=0, replicationType=null, replicationFactor=null, keyLocationInfo=null, clientID=102665036030476690} | ret=SUCCESS |  
2019-08-23 07:09:11,312 | INFO  | DNAudit | user=null | ip=null | op=WRITE_CHUNK {blockData=conID: 1 locID: 102665037499925101 bcsId: 0} | ret=SUCCESS |  
2019-08-23 07:09:11,314 | INFO  | DNAudit | user=null | ip=null | op=WRITE_CHUNK {blockData=conID: 1 locID: 102665037499925101 bcsId: 0} | ret=SUCCESS |  
2019-08-23 07:09:11,315 | INFO  | DNAudit | user=null | ip=null | op=WRITE_CHUNK {blockData=conID: 1 locID: 102665037499925101 bcsId: 0} | ret=SUCCESS |  
2019-08-23 07:09:11,315 | INFO  | DNAudit | user=null | ip=null | op=WRITE_CHUNK {blockData=conID: 1 locID: 102665037499925101 bcsId: 0} | ret=SUCCESS |  
2019-08-23 07:09:11,316 | INFO  | DNAudit | user=null | ip=null | op=WRITE_CHUNK {blockData=conID: 1 locID: 102665037499925101 bcsId: 0} | ret=SUCCESS |  
2019-08-23 07:09:11,317 | INFO  | DNAudit | user=null | ip=null | op=WRITE_CHUNK {blockData=conID: 1 locID: 102665037499925101 bcsId: 0} | ret=SUCCESS |  
2019-08-23 07:09:11,327 | INFO  | DNAudit | user=null | ip=null | op=WRITE_CHUNK {blockData=conID: 1 locID: 102665037499925101 bcsId: 0} | ret=SUCCESS |  
2019-08-23 07:09:11,327 | INFO  | DNAudit | user=null | ip=null | op=PUT_BLOCK {blockData=[blockId=conID: 1 locID: 102665037499925101 bcsId: 0,size=1048576]} | ret=SUCCESS |  
2019-08-23 07:09:11,327 [grpc-default-executor-0] INFO  client.GrpcClientProtocolClient (GrpcClientProtocolClient.java:onNext(255)) - client-D91E5D1E15CE->f2ba01fc-a63e-4348-bd18-030b60a135e7: receive RaftClientReply:client-D91E5D1E15CE->f2ba01fc-a63e-4348-bd18-030b60a135e7@group-C8C62FEF0626, cid=2768, SUCCESS, logIndex=4124, commits[f2ba01fc-a63e-4348-bd18-030b60a135e7:c4125, eab135d4-a257-4705-b491-6c056b8c5df7:c4123, a4f67574-9018-43e7-8a54-351e98dc3d0a:c4123]
2019-08-23 07:09:11,328 | INFO  | DNAudit | user=null | ip=null | op=WRITE_CHUNK {blockData=conID: 1 locID: 102665037499925101 bcsId: 0} | ret=SUCCESS |  
2019-08-23 07:09:11,328 [grpc-default-executor-6] INFO  client.GrpcClientProtocolClient (GrpcClientProtocolClient.java:onNext(255)) - client-D91E5D1E15CE->f2ba01fc-a63e-4348-bd18-030b60a135e7: receive RaftClientReply:client-D91E5D1E15CE->f2ba01fc-a63e-4348-bd18-030b60a135e7@group-C8C62FEF0626, cid=2769, SUCCESS, logIndex=4125, commits[f2ba01fc-a63e-4348-bd18-030b60a135e7:c4125, eab135d4-a257-4705-b491-6c056b8c5df7:c4123, a4f67574-9018-43e7-8a54-351e98dc3d0a:c4123]
2019-08-23 07:09:11,328 | INFO  | DNAudit | user=null | ip=null | op=PUT_BLOCK {blockData=[blockId=conID: 1 locID: 102665037499925101 bcsId: 0,size=2097152]} | ret=SUCCESS |  
2019-08-23 07:09:11,328 [grpc-default-executor-0] INFO  client.GrpcClientProtocolClient (GrpcClientProtocolClient.java:onNext(255)) - client-D91E5D1E15CE->f2ba01fc-a63e-4348-bd18-030b60a135e7: receive RaftClientReply:client-D91E5D1E15CE->f2ba01fc-a63e-4348-bd18-030b60a135e7@group-C8C62FEF0626, cid=2770, SUCCESS, logIndex=4126, commits[f2ba01fc-a63e-4348-bd18-030b60a135e7:c4126, eab135d4-a257-4705-b491-6c056b8c5df7:c4123, a4f67574-9018-43e7-8a54-351e98dc3d0a:c4123]
2019-08-23 07:09:11,328 [grpc-default-executor-6] INFO  client.GrpcClientProtocolClient (GrpcClientProtocolClient.java:onNext(255)) - client-D91E5D1E15CE->f2ba01fc-a63e-4348-bd18-030b60a135e7: receive RaftClientReply:client-D91E5D1E15CE->f2ba01fc-a63e-4348-bd18-030b60a135e7@group-C8C62FEF0626, cid=2771, SUCCESS, logIndex=4127, commits[f2ba01fc-a63e-4348-bd18-030b60a135e7:c4127, eab135d4-a257-4705-b491-6c056b8c5df7:c4123, a4f67574-9018-43e7-8a54-351e98dc3d0a:c4123]
2019-08-23 07:09:11,329 | INFO  | DNAudit | user=null | ip=null | op=WRITE_CHUNK {blockData=conID: 1 locID: 102665037499925101 bcsId: 0} | ret=SUCCESS |  
2019-08-23 07:09:11,329 | INFO  | DNAudit | user=null | ip=null | op=PUT_BLOCK {blockData=[blockId=conID: 1 locID: 102665037499925101 bcsId: 0,size=1048576]} | ret=SUCCESS |  
2019-08-23 07:09:11,330 | INFO  | DNAudit | user=null | ip=null | op=WRITE_CHUNK {blockData=conID: 1 locID: 102665037499925101 bcsId: 0} | ret=SUCCESS |  
2019-08-23 07:09:11,330 | INFO  | DNAudit | user=null | ip=null | op=PUT_BLOCK {blockData=[blockId=conID: 1 locID: 102665037499925101 bcsId: 0,size=1048576]} | ret=SUCCESS |  
2019-08-23 07:09:11,330 | INFO  | DNAudit | user=null | ip=null | op=WRITE_CHUNK {blockData=conID: 1 locID: 102665037499925101 bcsId: 0} | ret=SUCCESS |  
2019-08-23 07:09:11,330 [grpc-default-executor-6] INFO  client.GrpcClientProtocolClient (GrpcClientProtocolClient.java:onNext(255)) - client-D91E5D1E15CE->f2ba01fc-a63e-4348-bd18-030b60a135e7: receive RaftClientReply:client-D91E5D1E15CE->f2ba01fc-a63e-4348-bd18-030b60a135e7@group-C8C62FEF0626, cid=2772, SUCCESS, logIndex=0, commits[f2ba01fc-a63e-4348-bd18-030b60a135e7:c4129, eab135d4-a257-4705-b491-6c056b8c5df7:c4125, a4f67574-9018-43e7-8a54-351e98dc3d0a:c4125]
2019-08-23 07:09:11,330 | INFO  | DNAudit | user=null | ip=null | op=WRITE_CHUNK {blockData=conID: 1 locID: 102665037499925101 bcsId: 0} | ret=SUCCESS |  
2019-08-23 07:09:11,331 | INFO  | DNAudit | user=null | ip=null | op=PUT_BLOCK {blockData=[blockId=conID: 1 locID: 102665037499925101 bcsId: 0,size=2097152]} | ret=SUCCESS |  
2019-08-23 07:09:11,331 | INFO  | DNAudit | user=null | ip=null | op=PUT_BLOCK {blockData=[blockId=conID: 1 locID: 102665037499925101 bcsId: 0,size=2097152]} | ret=SUCCESS |  
2019-08-23 07:09:11,336 | INFO  | DNAudit | user=null | ip=null | op=WRITE_CHUNK {blockData=conID: 1 locID: 102665037499925101 bcsId: 4127} | ret=SUCCESS |  
2019-08-23 07:09:11,337 | INFO  | DNAudit | user=null | ip=null | op=WRITE_CHUNK {blockData=conID: 1 locID: 102665037499925101 bcsId: 4127} | ret=SUCCESS |  
2019-08-23 07:09:11,338 | INFO  | DNAudit | user=null | ip=null | op=WRITE_CHUNK {blockData=conID: 1 locID: 102665037499925101 bcsId: 4127} | ret=SUCCESS |  
2019-08-23 07:09:11,348 | INFO  | DNAudit | user=null | ip=null | op=WRITE_CHUNK {blockData=conID: 1 locID: 102665037499925101 bcsId: 4127} | ret=SUCCESS |  
2019-08-23 07:09:11,348 | INFO  | DNAudit | user=null | ip=null | op=PUT_BLOCK {blockData=[blockId=conID: 1 locID: 102665037499925101 bcsId: 0,size=3145728]} | ret=SUCCESS |  
2019-08-23 07:09:11,348 [grpc-default-executor-6] INFO  client.GrpcClientProtocolClient (GrpcClientProtocolClient.java:onNext(255)) - client-D91E5D1E15CE->f2ba01fc-a63e-4348-bd18-030b60a135e7: receive RaftClientReply:client-D91E5D1E15CE->f2ba01fc-a63e-4348-bd18-030b60a135e7@group-C8C62FEF0626, cid=2773, SUCCESS, logIndex=4132, commits[f2ba01fc-a63e-4348-bd18-030b60a135e7:c4133, eab135d4-a257-4705-b491-6c056b8c5df7:c4131, a4f67574-9018-43e7-8a54-351e98dc3d0a:c4131]
2019-08-23 07:09:11,349 [grpc-default-executor-6] INFO  client.GrpcClientProtocolClient (GrpcClientProtocolClient.java:onNext(255)) - client-D91E5D1E15CE->f2ba01fc-a63e-4348-bd18-030b60a135e7: receive RaftClientReply:client-D91E5D1E15CE->f2ba01fc-a63e-4348-bd18-030b60a135e7@group-C8C62FEF0626, cid=2774, SUCCESS, logIndex=4133, commits[f2ba01fc-a63e-4348-bd18-030b60a135e7:c4133, eab135d4-a257-4705-b491-6c056b8c5df7:c4131, a4f67574-9018-43e7-8a54-351e98dc3d0a:c4131]
2019-08-23 07:09:11,349 | INFO  | DNAudit | user=null | ip=null | op=WRITE_CHUNK {blockData=conID: 1 locID: 102665037499925101 bcsId: 4127} | ret=SUCCESS |  
2019-08-23 07:09:11,349 | INFO  | DNAudit | user=null | ip=null | op=WRITE_CHUNK {blockData=conID: 1 locID: 102665037499925101 bcsId: 4127} | ret=SUCCESS |  
2019-08-23 07:09:11,351 | INFO  | DNAudit | user=null | ip=null | op=PUT_BLOCK {blockData=[blockId=conID: 1 locID: 102665037499925101 bcsId: 0,size=3145728]} | ret=SUCCESS |  
2019-08-23 07:09:11,351 | INFO  | DNAudit | user=null | ip=null | op=PUT_BLOCK {blockData=[blockId=conID: 1 locID: 102665037499925101 bcsId: 0,size=3145728]} | ret=SUCCESS |  
2019-08-23 07:09:11,354 | INFO  | DNAudit | user=null | ip=null | op=WRITE_CHUNK {blockData=conID: 1 locID: 102665037499925101 bcsId: 4133} | ret=SUCCESS |  
2019-08-23 07:09:11,356 | INFO  | DNAudit | user=null | ip=null | op=WRITE_CHUNK {blockData=conID: 1 locID: 102665037499925101 bcsId: 4133} | ret=SUCCESS |  
2019-08-23 07:09:11,356 | INFO  | DNAudit | user=null | ip=null | op=WRITE_CHUNK {blockData=conID: 1 locID: 102665037499925101 bcsId: 4133} | ret=SUCCESS |  
2019-08-23 07:09:11,369 | INFO  | DNAudit | user=null | ip=null | op=WRITE_CHUNK {blockData=conID: 1 locID: 102665037499925101 bcsId: 4133} | ret=SUCCESS |  
2019-08-23 07:09:11,370 | INFO  | DNAudit | user=null | ip=null | op=PUT_BLOCK {blockData=[blockId=conID: 1 locID: 102665037499925101 bcsId: 0,size=4194304]} | ret=SUCCESS |  
2019-08-23 07:09:11,370 [grpc-default-executor-6] INFO  client.GrpcClientProtocolClient (GrpcClientProtocolClient.java:onNext(255)) - client-D91E5D1E15CE->f2ba01fc-a63e-4348-bd18-030b60a135e7: receive RaftClientReply:client-D91E5D1E15CE->f2ba01fc-a63e-4348-bd18-030b60a135e7@group-C8C62FEF0626, cid=2775, SUCCESS, logIndex=4136, commits[f2ba01fc-a63e-4348-bd18-030b60a135e7:c4137, eab135d4-a257-4705-b491-6c056b8c5df7:c4135, a4f67574-9018-43e7-8a54-351e98dc3d0a:c4135]
2019-08-23 07:09:11,371 [grpc-default-executor-6] INFO  client.GrpcClientProtocolClient (GrpcClientProtocolClient.java:onNext(255)) - client-D91E5D1E15CE->f2ba01fc-a63e-4348-bd18-030b60a135e7: receive RaftClientReply:client-D91E5D1E15CE->f2ba01fc-a63e-4348-bd18-030b60a135e7@group-C8C62FEF0626, cid=2776, SUCCESS, logIndex=4137, commits[f2ba01fc-a63e-4348-bd18-030b60a135e7:c4137, eab135d4-a257-4705-b491-6c056b8c5df7:c4135, a4f67574-9018-43e7-8a54-351e98dc3d0a:c4135]
2019-08-23 07:09:11,381 | INFO  | DNAudit | user=null | ip=null | op=WRITE_CHUNK {blockData=conID: 1 locID: 102665037499925101 bcsId: 4133} | ret=SUCCESS |  
2019-08-23 07:09:11,381 | INFO  | DNAudit | user=null | ip=null | op=WRITE_CHUNK {blockData=conID: 1 locID: 102665037499925101 bcsId: 4133} | ret=SUCCESS |  
2019-08-23 07:09:11,381 | INFO  | DNAudit | user=null | ip=null | op=PUT_BLOCK {blockData=[blockId=conID: 1 locID: 102665037499925101 bcsId: 0,size=4194304]} | ret=SUCCESS |  
2019-08-23 07:09:11,381 | INFO  | DNAudit | user=null | ip=null | op=PUT_BLOCK {blockData=[blockId=conID: 1 locID: 102665037499925101 bcsId: 0,size=4194304]} | ret=SUCCESS |  
2019-08-23 07:09:11,381 [grpc-default-executor-6] INFO  client.GrpcClientProtocolClient (GrpcClientProtocolClient.java:onNext(255)) - client-D91E5D1E15CE->f2ba01fc-a63e-4348-bd18-030b60a135e7: receive RaftClientReply:client-D91E5D1E15CE->f2ba01fc-a63e-4348-bd18-030b60a135e7@group-C8C62FEF0626, cid=2777, SUCCESS, logIndex=0, commits[f2ba01fc-a63e-4348-bd18-030b60a135e7:c4138, eab135d4-a257-4705-b491-6c056b8c5df7:c4137, a4f67574-9018-43e7-8a54-351e98dc3d0a:c4137]
2019-08-23 07:09:11,388 | INFO  | SCMAudit | user=jenkins1000 | ip=192.168.5.178 | op=ALLOCATE_BLOCK {owner=aaf04d22-10dd-4717-8862-c651bdde72cf, size=4194304, type=RATIS, factor=THREE} | ret=SUCCESS |  
2019-08-23 07:09:11,391 | INFO  | OMAudit | user=jenkins1000 | ip=127.0.0.1 | op=ALLOCATE_BLOCK {volume=vol-0-67663, bucket=bucket-0-68950, key=key-0-26970, dataSize=0, replicationType=null, replicationFactor=null, keyLocationInfo=null, clientID=102665036030476690} | ret=SUCCESS |  
2019-08-23 07:09:11,397 | INFO  | DNAudit | user=null | ip=null | op=WRITE_CHUNK {blockData=conID: 2 locID: 102665037505299054 bcsId: 0} | ret=SUCCESS |  
2019-08-23 07:09:11,399 | INFO  | DNAudit | user=null | ip=null | op=WRITE_CHUNK {blockData=conID: 2 locID: 102665037505299054 bcsId: 0} | ret=SUCCESS |  
2019-08-23 07:09:11,400 | INFO  | DNAudit | user=null | ip=null | op=WRITE_CHUNK {blockData=conID: 2 locID: 102665037505299054 bcsId: 0} | ret=SUCCESS |  
2019-08-23 07:09:11,400 | INFO  | DNAudit | user=null | ip=null | op=WRITE_CHUNK {blockData=conID: 2 locID: 102665037505299054 bcsId: 0} | ret=SUCCESS |  
2019-08-23 07:09:11,402 | INFO  | DNAudit | user=null | ip=null | op=WRITE_CHUNK {blockData=conID: 2 locID: 102665037505299054 bcsId: 0} | ret=SUCCESS |  
2019-08-23 07:09:11,402 | INFO  | DNAudit | user=null | ip=null | op=WRITE_CHUNK {blockData=conID: 2 locID: 102665037505299054 bcsId: 0} | ret=SUCCESS |  
2019-08-23 07:09:11,410 | INFO  | DNAudit | user=null | ip=null | op=WRITE_CHUNK {blockData=conID: 2 locID: 102665037505299054 bcsId: 0} | ret=SUCCESS |  
2019-08-23 07:09:11,410 | INFO  | DNAudit | user=null | ip=null | op=PUT_BLOCK {blockData=[blockId=conID: 2 locID: 102665037505299054 bcsId: 0,size=1048576]} | ret=SUCCESS |  
2019-08-23 07:09:11,410 [grpc-default-executor-6] INFO  client.GrpcClientProtocolClient (GrpcClientProtocolClient.java:onNext(255)) - client-D91E5D1E15CE->f2ba01fc-a63e-4348-bd18-030b60a135e7: receive RaftClientReply:client-D91E5D1E15CE->f2ba01fc-a63e-4348-bd18-030b60a135e7@group-C8C62FEF0626, cid=2778, SUCCESS, logIndex=4140, commits[f2ba01fc-a63e-4348-bd18-030b60a135e7:c4141, eab135d4-a257-4705-b491-6c056b8c5df7:c4139, a4f67574-9018-43e7-8a54-351e98dc3d0a:c4139]
2019-08-23 07:09:11,410 | INFO  | DNAudit | user=null | ip=null | op=WRITE_CHUNK {blockData=conID: 2 locID: 102665037505299054 bcsId: 0} | ret=SUCCESS |  
2019-08-23 07:09:11,411 | INFO  | DNAudit | user=null | ip=null | op=PUT_BLOCK {blockData=[blockId=conID: 2 locID: 102665037505299054 bcsId: 0,size=2097152]} | ret=SUCCESS |  
2019-08-23 07:09:11,411 [grpc-default-executor-6] INFO  client.GrpcClientProtocolClient (GrpcClientProtocolClient.java:onNext(255)) - client-D91E5D1E15CE->f2ba01fc-a63e-4348-bd18-030b60a135e7: receive RaftClientReply:client-D91E5D1E15CE->f2ba01fc-a63e-4348-bd18-030b60a135e7@group-C8C62FEF0626, cid=2779, SUCCESS, logIndex=4141, commits[f2ba01fc-a63e-4348-bd18-030b60a135e7:c4141, eab135d4-a257-4705-b491-6c056b8c5df7:c4139, a4f67574-9018-43e7-8a54-351e98dc3d0a:c4139]
2019-08-23 07:09:11,411 [grpc-default-executor-6] INFO  client.GrpcClientProtocolClient (GrpcClientProtocolClient.java:onNext(255)) - client-D91E5D1E15CE->f2ba01fc-a63e-4348-bd18-030b60a135e7: receive RaftClientReply:client-D91E5D1E15CE->f2ba01fc-a63e-4348-bd18-030b60a135e7@group-C8C62FEF0626, cid=2780, SUCCESS, logIndex=4142, commits[f2ba01fc-a63e-4348-bd18-030b60a135e7:c4143, eab135d4-a257-4705-b491-6c056b8c5df7:c4139, a4f67574-9018-43e7-8a54-351e98dc3d0a:c4139]
2019-08-23 07:09:11,411 [grpc-default-executor-6] INFO  client.GrpcClientProtocolClient (GrpcClientProtocolClient.java:onNext(255)) - client-D91E5D1E15CE->f2ba01fc-a63e-4348-bd18-030b60a135e7: receive RaftClientReply:client-D91E5D1E15CE->f2ba01fc-a63e-4348-bd18-030b60a135e7@group-C8C62FEF0626, cid=2781, SUCCESS, logIndex=4143, commits[f2ba01fc-a63e-4348-bd18-030b60a135e7:c4143, eab135d4-a257-4705-b491-6c056b8c5df7:c4139, a4f67574-9018-43e7-8a54-351e98dc3d0a:c4139]
2019-08-23 07:09:11,411 | INFO  | DNAudit | user=null | ip=null | op=WRITE_CHUNK {blockData=conID: 2 locID: 102665037505299054 bcsId: 0} | ret=SUCCESS |  
2019-08-23 07:09:11,412 | INFO  | DNAudit | user=null | ip=null | op=PUT_BLOCK {blockData=[blockId=conID: 2 locID: 102665037505299054 bcsId: 0,size=1048576]} | ret=SUCCESS |  
2019-08-23 07:09:11,412 | INFO  | DNAudit | user=null | ip=null | op=WRITE_CHUNK {blockData=conID: 2 locID: 102665037505299054 bcsId: 0} | ret=SUCCESS |  
2019-08-23 07:09:11,412 | INFO  | DNAudit | user=null | ip=null | op=PUT_BLOCK {blockData=[blockId=conID: 2 locID: 102665037505299054 bcsId: 0,size=1048576]} | ret=SUCCESS |  
2019-08-23 07:09:11,412 | INFO  | DNAudit | user=null | ip=null | op=WRITE_CHUNK {blockData=conID: 2 locID: 102665037505299054 bcsId: 0} | ret=SUCCESS |  
2019-08-23 07:09:11,412 [grpc-default-executor-6] INFO  client.GrpcClientProtocolClient (GrpcClientProtocolClient.java:onNext(255)) - client-D91E5D1E15CE->f2ba01fc-a63e-4348-bd18-030b60a135e7: receive RaftClientReply:client-D91E5D1E15CE->f2ba01fc-a63e-4348-bd18-030b60a135e7@group-C8C62FEF0626, cid=2782, SUCCESS, logIndex=0, commits[f2ba01fc-a63e-4348-bd18-030b60a135e7:c4145, eab135d4-a257-4705-b491-6c056b8c5df7:c4141, a4f67574-9018-43e7-8a54-351e98dc3d0a:c4141]
2019-08-23 07:09:11,412 | INFO  | DNAudit | user=null | ip=null | op=PUT_BLOCK {blockData=[blockId=conID: 2 locID: 102665037505299054 bcsId: 0,size=2097152]} | ret=SUCCESS |  
2019-08-23 07:09:11,412 | INFO  | DNAudit | user=null | ip=null | op=WRITE_CHUNK {blockData=conID: 2 locID: 102665037505299054 bcsId: 0} | ret=SUCCESS |  
2019-08-23 07:09:11,413 | INFO  | DNAudit | user=null | ip=null | op=PUT_BLOCK {blockData=[blockId=conID: 2 locID: 102665037505299054 bcsId: 0,size=2097152]} | ret=SUCCESS |  
2019-08-23 07:09:11,418 | INFO  | DNAudit | user=null | ip=null | op=WRITE_CHUNK {blockData=conID: 2 locID: 102665037505299054 bcsId: 4143} | ret=SUCCESS |  
2019-08-23 07:09:11,420 | INFO  | DNAudit | user=null | ip=null | op=WRITE_CHUNK {blockData=conID: 2 locID: 102665037505299054 bcsId: 4143} | ret=SUCCESS |  
2019-08-23 07:09:11,420 | INFO  | DNAudit | user=null | ip=null | op=WRITE_CHUNK {blockData=conID: 2 locID: 102665037505299054 bcsId: 4143} | ret=SUCCESS |  
2019-08-23 07:09:11,430 | INFO  | DNAudit | user=null | ip=null | op=WRITE_CHUNK {blockData=conID: 2 locID: 102665037505299054 bcsId: 4143} | ret=SUCCESS |  
2019-08-23 07:09:11,431 | INFO  | DNAudit | user=null | ip=null | op=PUT_BLOCK {blockData=[blockId=conID: 2 locID: 102665037505299054 bcsId: 0,size=3145728]} | ret=SUCCESS |  
2019-08-23 07:09:11,431 [grpc-default-executor-0] INFO  client.GrpcClientProtocolClient (GrpcClientProtocolClient.java:onNext(255)) - client-D91E5D1E15CE->f2ba01fc-a63e-4348-bd18-030b60a135e7: receive RaftClientReply:client-D91E5D1E15CE->f2ba01fc-a63e-4348-bd18-030b60a135e7@group-C8C62FEF0626, cid=2783, SUCCESS, logIndex=4148, commits[f2ba01fc-a63e-4348-bd18-030b60a135e7:c4149, eab135d4-a257-4705-b491-6c056b8c5df7:c4147, a4f67574-9018-43e7-8a54-351e98dc3d0a:c4147]
2019-08-23 07:09:11,431 [grpc-default-executor-0] INFO  client.GrpcClientProtocolClient (GrpcClientProtocolClient.java:onNext(255)) - client-D91E5D1E15CE->f2ba01fc-a63e-4348-bd18-030b60a135e7: receive RaftClientReply:client-D91E5D1E15CE->f2ba01fc-a63e-4348-bd18-030b60a135e7@group-C8C62FEF0626, cid=2784, SUCCESS, logIndex=4149, commits[f2ba01fc-a63e-4348-bd18-030b60a135e7:c4149, eab135d4-a257-4705-b491-6c056b8c5df7:c4147, a4f67574-9018-43e7-8a54-351e98dc3d0a:c4147]
2019-08-23 07:09:11,437 | INFO  | DNAudit | user=null | ip=null | op=WRITE_CHUNK {blockData=conID: 2 locID: 102665037505299054 bcsId: 4149} | ret=SUCCESS |  
2019-08-23 07:09:11,439 | INFO  | DNAudit | user=null | ip=null | op=WRITE_CHUNK {blockData=conID: 2 locID: 102665037505299054 bcsId: 4149} | ret=SUCCESS |  
2019-08-23 07:09:11,440 | INFO  | DNAudit | user=null | ip=null | op=WRITE_CHUNK {blockData=conID: 2 locID: 102665037505299054 bcsId: 4149} | ret=SUCCESS |  
2019-08-23 07:09:11,442 | INFO  | DNAudit | user=null | ip=null | op=WRITE_CHUNK {blockData=conID: 2 locID: 102665037505299054 bcsId: 4143} | ret=SUCCESS |  
2019-08-23 07:09:11,442 | INFO  | DNAudit | user=null | ip=null | op=WRITE_CHUNK {blockData=conID: 2 locID: 102665037505299054 bcsId: 4143} | ret=SUCCESS |  
2019-08-23 07:09:11,442 | INFO  | DNAudit | user=null | ip=null | op=PUT_BLOCK {blockData=[blockId=conID: 2 locID: 102665037505299054 bcsId: 0,size=3145728]} | ret=SUCCESS |  
2019-08-23 07:09:11,442 | INFO  | DNAudit | user=null | ip=null | op=PUT_BLOCK {blockData=[blockId=conID: 2 locID: 102665037505299054 bcsId: 0,size=3145728]} | ret=SUCCESS |  
2019-08-23 07:09:11,443 | INFO  | DNAudit | user=null | ip=null | op=WRITE_CHUNK {blockData=conID: 2 locID: 102665037505299054 bcsId: 4149} | ret=SUCCESS |  
2019-08-23 07:09:11,444 | INFO  | DNAudit | user=null | ip=null | op=PUT_BLOCK {blockData=[blockId=conID: 2 locID: 102665037505299054 bcsId: 0,size=4194304]} | ret=SUCCESS |  
2019-08-23 07:09:11,444 [grpc-default-executor-0] INFO  client.GrpcClientProtocolClient (GrpcClientProtocolClient.java:onNext(255)) - client-D91E5D1E15CE->f2ba01fc-a63e-4348-bd18-030b60a135e7: receive RaftClientReply:client-D91E5D1E15CE->f2ba01fc-a63e-4348-bd18-030b60a135e7@group-C8C62FEF0626, cid=2785, SUCCESS, logIndex=4152, commits[f2ba01fc-a63e-4348-bd18-030b60a135e7:c4153, eab135d4-a257-4705-b491-6c056b8c5df7:c4149, a4f67574-9018-43e7-8a54-351e98dc3d0a:c4149]
2019-08-23 07:09:11,444 [grpc-default-executor-0] INFO  client.GrpcClientProtocolClient (GrpcClientProtocolClient.java:onNext(255)) - client-D91E5D1E15CE->f2ba01fc-a63e-4348-bd18-030b60a135e7: receive RaftClientReply:client-D91E5D1E15CE->f2ba01fc-a63e-4348-bd18-030b60a135e7@group-C8C62FEF0626, cid=2786, SUCCESS, logIndex=4153, commits[f2ba01fc-a63e-4348-bd18-030b60a135e7:c4153, eab135d4-a257-4705-b491-6c056b8c5df7:c4149, a4f67574-9018-43e7-8a54-351e98dc3d0a:c4149]
2019-08-23 07:09:11,445 | INFO  | DNAudit | user=null | ip=null | op=WRITE_CHUNK {blockData=conID: 2 locID: 102665037505299054 bcsId: 4149} | ret=SUCCESS |  
2019-08-23 07:09:11,445 | INFO  | DNAudit | user=null | ip=null | op=WRITE_CHUNK {blockData=conID: 2 locID: 102665037505299054 bcsId: 4149} | ret=SUCCESS |  
2019-08-23 07:09:11,446 | INFO  | DNAudit | user=null | ip=null | op=PUT_BLOCK {blockData=[blockId=conID: 2 locID: 102665037505299054 bcsId: 0,size=4194304]} | ret=SUCCESS |  
2019-08-23 07:09:11,446 | INFO  | DNAudit | user=null | ip=null | op=PUT_BLOCK {blockData=[blockId=conID: 2 locID: 102665037505299054 bcsId: 0,size=4194304]} | ret=SUCCESS |  
2019-08-23 07:09:11,446 [grpc-default-executor-0] INFO  client.GrpcClientProtocolClient (GrpcClientProtocolClient.java:onNext(255)) - client-D91E5D1E15CE->f2ba01fc-a63e-4348-bd18-030b60a135e7: receive RaftClientReply:client-D91E5D1E15CE->f2ba01fc-a63e-4348-bd18-030b60a135e7@group-C8C62FEF0626, cid=2787, SUCCESS, logIndex=0, commits[f2ba01fc-a63e-4348-bd18-030b60a135e7:c4154, eab135d4-a257-4705-b491-6c056b8c5df7:c4153, a4f67574-9018-43e7-8a54-351e98dc3d0a:c4153]
2019-08-23 07:09:11,450 | INFO  | SCMAudit | user=jenkins1000 | ip=192.168.5.178 | op=ALLOCATE_BLOCK {owner=aaf04d22-10dd-4717-8862-c651bdde72cf, size=4194304, type=RATIS, factor=THREE} | ret=SUCCESS |  
2019-08-23 07:09:11,453 | INFO  | OMAudit | user=jenkins1000 | ip=127.0.0.1 | op=ALLOCATE_BLOCK {volume=vol-0-67663, bucket=bucket-0-68950, key=key-0-26970, dataSize=0, replicationType=null, replicationFactor=null, keyLocationInfo=null, clientID=102665036030476690} | ret=SUCCESS |  
2019-08-23 07:09:11,459 | INFO  | DNAudit | user=null | ip=null | op=WRITE_CHUNK {blockData=conID: 3 locID: 102665037509427823 bcsId: 0} | ret=SUCCESS |  
2019-08-23 07:09:11,461 | INFO  | DNAudit | user=null | ip=null | op=WRITE_CHUNK {blockData=conID: 3 locID: 102665037509427823 bcsId: 0} | ret=SUCCESS |  
2019-08-23 07:09:11,462 | INFO  | DNAudit | user=null | ip=null | op=WRITE_CHUNK {blockData=conID: 3 locID: 102665037509427823 bcsId: 0} | ret=SUCCESS |  
2019-08-23 07:09:11,462 | INFO  | DNAudit | user=null | ip=null | op=WRITE_CHUNK {blockData=conID: 3 locID: 102665037509427823 bcsId: 0} | ret=SUCCESS |  
2019-08-23 07:09:11,463 | INFO  | DNAudit | user=null | ip=null | op=WRITE_CHUNK {blockData=conID: 3 locID: 102665037509427823 bcsId: 0} | ret=SUCCESS |  
2019-08-23 07:09:11,463 | INFO  | DNAudit | user=null | ip=null | op=WRITE_CHUNK {blockData=conID: 3 locID: 102665037509427823 bcsId: 0} | ret=SUCCESS |  
2019-08-23 07:09:11,463 | INFO  | DNAudit | user=null | ip=null | op=WRITE_CHUNK {blockData=conID: 3 locID: 102665037509427823 bcsId: 0} | ret=SUCCESS |  
2019-08-23 07:09:11,464 | INFO  | DNAudit | user=null | ip=null | op=PUT_BLOCK {blockData=[blockId=conID: 3 locID: 102665037509427823 bcsId: 0,size=1048576]} | ret=SUCCESS |  
2019-08-23 07:09:11,464 [grpc-default-executor-6] INFO  client.GrpcClientProtocolClient (GrpcClientProtocolClient.java:onNext(255)) - client-D91E5D1E15CE->f2ba01fc-a63e-4348-bd18-030b60a135e7: receive RaftClientReply:client-D91E5D1E15CE->f2ba01fc-a63e-4348-bd18-030b60a135e7@group-C8C62FEF0626, cid=2788, SUCCESS, logIndex=4156, commits[f2ba01fc-a63e-4348-bd18-030b60a135e7:c4157, eab135d4-a257-4705-b491-6c056b8c5df7:c4155, a4f67574-9018-43e7-8a54-351e98dc3d0a:c4153]
2019-08-23 07:09:11,464 | INFO  | DNAudit | user=null | ip=null | op=WRITE_CHUNK {blockData=conID: 3 locID: 102665037509427823 bcsId: 0} | ret=SUCCESS |  
2019-08-23 07:09:11,464 [grpc-default-executor-6] INFO  client.GrpcClientProtocolClient (GrpcClientProtocolClient.java:onNext(255)) - client-D91E5D1E15CE->f2ba01fc-a63e-4348-bd18-030b60a135e7: receive RaftClientReply:client-D91E5D1E15CE->f2ba01fc-a63e-4348-bd18-030b60a135e7@group-C8C62FEF0626, cid=2789, SUCCESS, logIndex=4157, commits[f2ba01fc-a63e-4348-bd18-030b60a135e7:c4157, eab135d4-a257-4705-b491-6c056b8c5df7:c4155, a4f67574-9018-43e7-8a54-351e98dc3d0a:c4155]
2019-08-23 07:09:11,465 | INFO  | DNAudit | user=null | ip=null | op=PUT_BLOCK {blockData=[blockId=conID: 3 locID: 102665037509427823 bcsId: 0,size=2097152]} | ret=SUCCESS |  
2019-08-23 07:09:11,465 [grpc-default-executor-6] INFO  client.GrpcClientProtocolClient (GrpcClientProtocolClient.java:onNext(255)) - client-D91E5D1E15CE->f2ba01fc-a63e-4348-bd18-030b60a135e7: receive RaftClientReply:client-D91E5D1E15CE->f2ba01fc-a63e-4348-bd18-030b60a135e7@group-C8C62FEF0626, cid=2790, SUCCESS, logIndex=4158, commits[f2ba01fc-a63e-4348-bd18-030b60a135e7:c4159, eab135d4-a257-4705-b491-6c056b8c5df7:c4155, a4f67574-9018-43e7-8a54-351e98dc3d0a:c4155]
2019-08-23 07:09:11,465 | INFO  | DNAudit | user=null | ip=null | op=WRITE_CHUNK {blockData=conID: 3 locID: 102665037509427823 bcsId: 0} | ret=SUCCESS |  
2019-08-23 07:09:11,465 [grpc-default-executor-6] INFO  client.GrpcClientProtocolClient (GrpcClientProtocolClient.java:onNext(255)) - client-D91E5D1E15CE->f2ba01fc-a63e-4348-bd18-030b60a135e7: receive RaftClientReply:client-D91E5D1E15CE->f2ba01fc-a63e-4348-bd18-030b60a135e7@group-C8C62FEF0626, cid=2791, SUCCESS, logIndex=4159, commits[f2ba01fc-a63e-4348-bd18-030b60a135e7:c4159, eab135d4-a257-4705-b491-6c056b8c5df7:c4155, a4f67574-9018-43e7-8a54-351e98dc3d0a:c4155]
2019-08-23 07:09:11,465 | INFO  | DNAudit | user=null | ip=null | op=PUT_BLOCK {blockData=[blockId=conID: 3 locID: 102665037509427823 bcsId: 0,size=1048576]} | ret=SUCCESS |  
2019-08-23 07:09:11,465 | INFO  | DNAudit | user=null | ip=null | op=WRITE_CHUNK {blockData=conID: 3 locID: 102665037509427823 bcsId: 0} | ret=SUCCESS |  
2019-08-23 07:09:11,466 | INFO  | DNAudit | user=null | ip=null | op=PUT_BLOCK {blockData=[blockId=conID: 3 locID: 102665037509427823 bcsId: 0,size=1048576]} | ret=SUCCESS |  
2019-08-23 07:09:11,466 [grpc-default-executor-6] INFO  client.GrpcClientProtocolClient (GrpcClientProtocolClient.java:onNext(255)) - client-D91E5D1E15CE->f2ba01fc-a63e-4348-bd18-030b60a135e7: receive RaftClientReply:client-D91E5D1E15CE->f2ba01fc-a63e-4348-bd18-030b60a135e7@group-C8C62FEF0626, cid=2792, SUCCESS, logIndex=0, commits[f2ba01fc-a63e-4348-bd18-030b60a135e7:c4160, eab135d4-a257-4705-b491-6c056b8c5df7:c4157, a4f67574-9018-43e7-8a54-351e98dc3d0a:c4157]
2019-08-23 07:09:11,467 | INFO  | DNAudit | user=null | ip=null | op=WRITE_CHUNK {blockData=conID: 3 locID: 102665037509427823 bcsId: 0} | ret=SUCCESS |  
2019-08-23 07:09:11,467 | INFO  | DNAudit | user=null | ip=null | op=PUT_BLOCK {blockData=[blockId=conID: 3 locID: 102665037509427823 bcsId: 0,size=2097152]} | ret=SUCCESS |  
2019-08-23 07:09:11,467 | INFO  | DNAudit | user=null | ip=null | op=WRITE_CHUNK {blockData=conID: 3 locID: 102665037509427823 bcsId: 0} | ret=SUCCESS |  
2019-08-23 07:09:11,468 | INFO  | DNAudit | user=null | ip=null | op=PUT_BLOCK {blockData=[blockId=conID: 3 locID: 102665037509427823 bcsId: 0,size=2097152]} | ret=SUCCESS |  
2019-08-23 07:09:11,472 | INFO  | DNAudit | user=null | ip=null | op=WRITE_CHUNK {blockData=conID: 3 locID: 102665037509427823 bcsId: 4159} | ret=SUCCESS |  
2019-08-23 07:09:11,473 | INFO  | DNAudit | user=null | ip=null | op=WRITE_CHUNK {blockData=conID: 3 locID: 102665037509427823 bcsId: 4159} | ret=SUCCESS |  
2019-08-23 07:09:11,473 | INFO  | DNAudit | user=null | ip=null | op=WRITE_CHUNK {blockData=conID: 3 locID: 102665037509427823 bcsId: 4159} | ret=SUCCESS |  
2019-08-23 07:09:11,483 | INFO  | DNAudit | user=null | ip=null | op=WRITE_CHUNK {blockData=conID: 3 locID: 102665037509427823 bcsId: 4159} | ret=SUCCESS |  
2019-08-23 07:09:11,483 | INFO  | DNAudit | user=null | ip=null | op=PUT_BLOCK {blockData=[blockId=conID: 3 locID: 102665037509427823 bcsId: 0,size=3145728]} | ret=SUCCESS |  
2019-08-23 07:09:11,483 [grpc-default-executor-0] INFO  client.GrpcClientProtocolClient (GrpcClientProtocolClient.java:onNext(255)) - client-D91E5D1E15CE->f2ba01fc-a63e-4348-bd18-030b60a135e7: receive RaftClientReply:client-D91E5D1E15CE->f2ba01fc-a63e-4348-bd18-030b60a135e7@group-C8C62FEF0626, cid=2793, SUCCESS, logIndex=4163, commits[f2ba01fc-a63e-4348-bd18-030b60a135e7:c4164, eab135d4-a257-4705-b491-6c056b8c5df7:c4162, a4f67574-9018-43e7-8a54-351e98dc3d0a:c4162]
2019-08-23 07:09:11,484 [grpc-default-executor-0] INFO  client.GrpcClientProtocolClient (GrpcClientProtocolClient.java:onNext(255)) - client-D91E5D1E15CE->f2ba01fc-a63e-4348-bd18-030b60a135e7: receive RaftClientReply:client-D91E5D1E15CE->f2ba01fc-a63e-4348-bd18-030b60a135e7@group-C8C62FEF0626, cid=2794, SUCCESS, logIndex=4164, commits[f2ba01fc-a63e-4348-bd18-030b60a135e7:c4164, eab135d4-a257-4705-b491-6c056b8c5df7:c4162, a4f67574-9018-43e7-8a54-351e98dc3d0a:c4162]
2019-08-23 07:09:11,485 | INFO  | DNAudit | user=null | ip=null | op=WRITE_CHUNK {blockData=conID: 3 locID: 102665037509427823 bcsId: 4159} | ret=SUCCESS |  
2019-08-23 07:09:11,485 | INFO  | DNAudit | user=null | ip=null | op=WRITE_CHUNK {blockData=conID: 3 locID: 102665037509427823 bcsId: 4159} | ret=SUCCESS |  
2019-08-23 07:09:11,485 | INFO  | DNAudit | user=null | ip=null | op=PUT_BLOCK {blockData=[blockId=conID: 3 locID: 102665037509427823 bcsId: 0,size=3145728]} | ret=SUCCESS |  
2019-08-23 07:09:11,485 | INFO  | DNAudit | user=null | ip=null | op=PUT_BLOCK {blockData=[blockId=conID: 3 locID: 102665037509427823 bcsId: 0,size=3145728]} | ret=SUCCESS |  
2019-08-23 07:09:11,490 | INFO  | DNAudit | user=null | ip=null | op=WRITE_CHUNK {blockData=conID: 3 locID: 102665037509427823 bcsId: 4164} | ret=SUCCESS |  
2019-08-23 07:09:11,491 | INFO  | DNAudit | user=null | ip=null | op=WRITE_CHUNK {blockData=conID: 3 locID: 102665037509427823 bcsId: 4164} | ret=SUCCESS |  
2019-08-23 07:09:11,491 | INFO  | DNAudit | user=null | ip=null | op=WRITE_CHUNK {blockData=conID: 3 locID: 102665037509427823 bcsId: 4164} | ret=SUCCESS |  
2019-08-23 07:09:11,494 | INFO  | DNAudit | user=null | ip=null | op=WRITE_CHUNK {blockData=conID: 3 locID: 102665037509427823 bcsId: 4164} | ret=SUCCESS |  
2019-08-23 07:09:11,494 | INFO  | DNAudit | user=null | ip=null | op=PUT_BLOCK {blockData=[blockId=conID: 3 locID: 102665037509427823 bcsId: 0,size=4194304]} | ret=SUCCESS |  
2019-08-23 07:09:11,494 [grpc-default-executor-3] INFO  client.GrpcClientProtocolClient (GrpcClientProtocolClient.java:onNext(255)) - client-D91E5D1E15CE->f2ba01fc-a63e-4348-bd18-030b60a135e7: receive RaftClientReply:client-D91E5D1E15CE->f2ba01fc-a63e-4348-bd18-030b60a135e7@group-C8C62FEF0626, cid=2795, SUCCESS, logIndex=4167, commits[f2ba01fc-a63e-4348-bd18-030b60a135e7:c4168, eab135d4-a257-4705-b491-6c056b8c5df7:c4164, a4f67574-9018-43e7-8a54-351e98dc3d0a:c4166]
2019-08-23 07:09:11,494 [grpc-default-executor-3] INFO  client.GrpcClientProtocolClient (GrpcClientProtocolClient.java:onNext(255)) - client-D91E5D1E15CE->f2ba01fc-a63e-4348-bd18-030b60a135e7: receive RaftClientReply:client-D91E5D1E15CE->f2ba01fc-a63e-4348-bd18-030b60a135e7@group-C8C62FEF0626, cid=2796, SUCCESS, logIndex=4168, commits[f2ba01fc-a63e-4348-bd18-030b60a135e7:c4168, eab135d4-a257-4705-b491-6c056b8c5df7:c4166, a4f67574-9018-43e7-8a54-351e98dc3d0a:c4166]
2019-08-23 07:09:11,496 | INFO  | DNAudit | user=null | ip=null | op=WRITE_CHUNK {blockData=conID: 3 locID: 102665037509427823 bcsId: 4164} | ret=SUCCESS |  
2019-08-23 07:09:11,496 | INFO  | DNAudit | user=null | ip=null | op=WRITE_CHUNK {blockData=conID: 3 locID: 102665037509427823 bcsId: 4164} | ret=SUCCESS |  
2019-08-23 07:09:11,496 | INFO  | DNAudit | user=null | ip=null | op=PUT_BLOCK {blockData=[blockId=conID: 3 locID: 102665037509427823 bcsId: 0,size=4194304]} | ret=SUCCESS |  
2019-08-23 07:09:11,496 | INFO  | DNAudit | user=null | ip=null | op=PUT_BLOCK {blockData=[blockId=conID: 3 locID: 102665037509427823 bcsId: 0,size=4194304]} | ret=SUCCESS |  
2019-08-23 07:09:11,496 [grpc-default-executor-3] INFO  client.GrpcClientProtocolClient (GrpcClientProtocolClient.java:onNext(255)) - client-D91E5D1E15CE->f2ba01fc-a63e-4348-bd18-030b60a135e7: receive RaftClientReply:client-D91E5D1E15CE->f2ba01fc-a63e-4348-bd18-030b60a135e7@group-C8C62FEF0626, cid=2797, SUCCESS, logIndex=0, commits[f2ba01fc-a63e-4348-bd18-030b60a135e7:c4169, eab135d4-a257-4705-b491-6c056b8c5df7:c4168, a4f67574-9018-43e7-8a54-351e98dc3d0a:c4168]
2019-08-23 07:09:11,500 | INFO  | SCMAudit | user=jenkins1000 | ip=192.168.5.178 | op=ALLOCATE_BLOCK {owner=aaf04d22-10dd-4717-8862-c651bdde72cf, size=4194304, type=RATIS, factor=THREE} | ret=SUCCESS |  
2019-08-23 07:09:11,503 | INFO  | OMAudit | user=jenkins1000 | ip=127.0.0.1 | op=ALLOCATE_BLOCK {volume=vol-0-67663, bucket=bucket-0-68950, key=key-0-26970, dataSize=0, replicationType=null, replicationFactor=null, keyLocationInfo=null, clientID=102665036030476690} | ret=SUCCESS |  
2019-08-23 07:09:11,509 | INFO  | DNAudit | user=null | ip=null | op=WRITE_CHUNK {blockData=conID: 1 locID: 102665037512704624 bcsId: 0} | ret=SUCCESS |  
2019-08-23 07:09:11,510 | INFO  | DNAudit | user=null | ip=null | op=WRITE_CHUNK {blockData=conID: 1 locID: 102665037512704624 bcsId: 0} | ret=SUCCESS |  
2019-08-23 07:09:11,511 | INFO  | DNAudit | user=null | ip=null | op=WRITE_CHUNK {blockData=conID: 1 locID: 102665037512704624 bcsId: 0} | ret=SUCCESS |  
2019-08-23 07:09:11,511 | INFO  | DNAudit | user=null | ip=null | op=WRITE_CHUNK {blockData=conID: 1 locID: 102665037512704624 bcsId: 0} | ret=SUCCESS |  
2019-08-23 07:09:11,512 | INFO  | DNAudit | user=null | ip=null | op=WRITE_CHUNK {blockData=conID: 1 locID: 102665037512704624 bcsId: 0} | ret=SUCCESS |  
2019-08-23 07:09:11,512 | INFO  | DNAudit | user=null | ip=null | op=WRITE_CHUNK {blockData=conID: 1 locID: 102665037512704624 bcsId: 0} | ret=SUCCESS |  
2019-08-23 07:09:11,522 | INFO  | DNAudit | user=null | ip=null | op=WRITE_CHUNK {blockData=conID: 1 locID: 102665037512704624 bcsId: 0} | ret=SUCCESS |  
2019-08-23 07:09:11,522 | INFO  | DNAudit | user=null | ip=null | op=PUT_BLOCK {blockData=[blockId=conID: 1 locID: 102665037512704624 bcsId: 0,size=1048576]} | ret=SUCCESS |  
2019-08-23 07:09:11,522 [grpc-default-executor-0] INFO  client.GrpcClientProtocolClient (GrpcClientProtocolClient.java:onNext(255)) - client-D91E5D1E15CE->f2ba01fc-a63e-4348-bd18-030b60a135e7: receive RaftClientReply:client-D91E5D1E15CE->f2ba01fc-a63e-4348-bd18-030b60a135e7@group-C8C62FEF0626, cid=2798, SUCCESS, logIndex=4171, commits[f2ba01fc-a63e-4348-bd18-030b60a135e7:c4172, eab135d4-a257-4705-b491-6c056b8c5df7:c4170, a4f67574-9018-43e7-8a54-351e98dc3d0a:c4170]
2019-08-23 07:09:11,523 | INFO  | DNAudit | user=null | ip=null | op=WRITE_CHUNK {blockData=conID: 1 locID: 102665037512704624 bcsId: 0} | ret=SUCCESS |  
2019-08-23 07:09:11,523 [grpc-default-executor-0] INFO  client.GrpcClientProtocolClient (GrpcClientProtocolClient.java:onNext(255)) - client-D91E5D1E15CE->f2ba01fc-a63e-4348-bd18-030b60a135e7: receive RaftClientReply:client-D91E5D1E15CE->f2ba01fc-a63e-4348-bd18-030b60a135e7@group-C8C62FEF0626, cid=2799, SUCCESS, logIndex=4172, commits[f2ba01fc-a63e-4348-bd18-030b60a135e7:c4172, eab135d4-a257-4705-b491-6c056b8c5df7:c4170, a4f67574-9018-43e7-8a54-351e98dc3d0a:c4170]
2019-08-23 07:09:11,523 | INFO  | DNAudit | user=null | ip=null | op=PUT_BLOCK {blockData=[blockId=conID: 1 locID: 102665037512704624 bcsId: 0,size=2097152]} | ret=SUCCESS |  
2019-08-23 07:09:11,523 [grpc-default-executor-0] INFO  client.GrpcClientProtocolClient (GrpcClientProtocolClient.java:onNext(255)) - client-D91E5D1E15CE->f2ba01fc-a63e-4348-bd18-030b60a135e7: receive RaftClientReply:client-D91E5D1E15CE->f2ba01fc-a63e-4348-bd18-030b60a135e7@group-C8C62FEF0626, cid=2800, SUCCESS, logIndex=4173, commits[f2ba01fc-a63e-4348-bd18-030b60a135e7:c4174, eab135d4-a257-4705-b491-6c056b8c5df7:c4170, a4f67574-9018-43e7-8a54-351e98dc3d0a:c4170]
2019-08-23 07:09:11,523 [grpc-default-executor-0] INFO  client.GrpcClientProtocolClient (GrpcClientProtocolClient.java:onNext(255)) - client-D91E5D1E15CE->f2ba01fc-a63e-4348-bd18-030b60a135e7: receive RaftClientReply:client-D91E5D1E15CE->f2ba01fc-a63e-4348-bd18-030b60a135e7@group-C8C62FEF0626, cid=2801, SUCCESS, logIndex=4174, commits[f2ba01fc-a63e-4348-bd18-030b60a135e7:c4174, eab135d4-a257-4705-b491-6c056b8c5df7:c4170, a4f67574-9018-43e7-8a54-351e98dc3d0a:c4170]
2019-08-23 07:09:11,524 | INFO  | DNAudit | user=null | ip=null | op=WRITE_CHUNK {blockData=conID: 1 locID: 102665037512704624 bcsId: 0} | ret=SUCCESS |  
2019-08-23 07:09:11,524 | INFO  | DNAudit | user=null | ip=null | op=PUT_BLOCK {blockData=[blockId=conID: 1 locID: 102665037512704624 bcsId: 0,size=1048576]} | ret=SUCCESS |  
2019-08-23 07:09:11,525 | INFO  | DNAudit | user=null | ip=null | op=WRITE_CHUNK {blockData=conID: 1 locID: 102665037512704624 bcsId: 0} | ret=SUCCESS |  
2019-08-23 07:09:11,525 | INFO  | DNAudit | user=null | ip=null | op=PUT_BLOCK {blockData=[blockId=conID: 1 locID: 102665037512704624 bcsId: 0,size=1048576]} | ret=SUCCESS |  
2019-08-23 07:09:11,525 [grpc-default-executor-0] INFO  client.GrpcClientProtocolClient (GrpcClientProtocolClient.java:onNext(255)) - client-D91E5D1E15CE->f2ba01fc-a63e-4348-bd18-030b60a135e7: receive RaftClientReply:client-D91E5D1E15CE->f2ba01fc-a63e-4348-bd18-030b60a135e7@group-C8C62FEF0626, cid=2802, SUCCESS, logIndex=0, commits[f2ba01fc-a63e-4348-bd18-030b60a135e7:c4176, eab135d4-a257-4705-b491-6c056b8c5df7:c4172, a4f67574-9018-43e7-8a54-351e98dc3d0a:c4172]
2019-08-23 07:09:11,525 | INFO  | DNAudit | user=null | ip=null | op=WRITE_CHUNK {blockData=conID: 1 locID: 102665037512704624 bcsId: 0} | ret=SUCCESS |  
2019-08-23 07:09:11,525 | INFO  | DNAudit | user=null | ip=null | op=WRITE_CHUNK {blockData=conID: 1 locID: 102665037512704624 bcsId: 0} | ret=SUCCESS |  
2019-08-23 07:09:11,525 | INFO  | DNAudit | user=null | ip=null | op=PUT_BLOCK {blockData=[blockId=conID: 1 locID: 102665037512704624 bcsId: 0,size=2097152]} | ret=SUCCESS |  
2019-08-23 07:09:11,525 | INFO  | DNAudit | user=null | ip=null | op=PUT_BLOCK {blockData=[blockId=conID: 1 locID: 102665037512704624 bcsId: 0,size=2097152]} | ret=SUCCESS |  
2019-08-23 07:09:11,529 | INFO  | DNAudit | user=null | ip=null | op=WRITE_CHUNK {blockData=conID: 1 locID: 102665037512704624 bcsId: 4174} | ret=SUCCESS |  
2019-08-23 07:09:11,531 | INFO  | DNAudit | user=null | ip=null | op=WRITE_CHUNK {blockData=conID: 1 locID: 102665037512704624 bcsId: 4174} | ret=SUCCESS |  
2019-08-23 07:09:11,531 | INFO  | DNAudit | user=null | ip=null | op=WRITE_CHUNK {blockData=conID: 1 locID: 102665037512704624 bcsId: 4174} | ret=SUCCESS |  
2019-08-23 07:09:11,537 | INFO  | DNAudit | user=null | ip=null | op=WRITE_CHUNK {blockData=conID: 1 locID: 102665037512704624 bcsId: 4174} | ret=SUCCESS |  
2019-08-23 07:09:11,537 | INFO  | DNAudit | user=null | ip=null | op=PUT_BLOCK {blockData=[blockId=conID: 1 locID: 102665037512704624 bcsId: 0,size=3145728]} | ret=SUCCESS |  
2019-08-23 07:09:11,537 [grpc-default-executor-3] INFO  client.GrpcClientProtocolClient (GrpcClientProtocolClient.java:onNext(255)) - client-D91E5D1E15CE->f2ba01fc-a63e-4348-bd18-030b60a135e7: receive RaftClientReply:client-D91E5D1E15CE->f2ba01fc-a63e-4348-bd18-030b60a135e7@group-C8C62FEF0626, cid=2803, SUCCESS, logIndex=4178, commits[f2ba01fc-a63e-4348-bd18-030b60a135e7:c4179, eab135d4-a257-4705-b491-6c056b8c5df7:c4177, a4f67574-9018-43e7-8a54-351e98dc3d0a:c4177]
2019-08-23 07:09:11,537 [grpc-default-executor-3] INFO  client.GrpcClientProtocolClient (GrpcClientProtocolClient.java:onNext(255)) - client-D91E5D1E15CE->f2ba01fc-a63e-4348-bd18-030b60a135e7: receive RaftClientReply:client-D91E5D1E15CE->f2ba01fc-a63e-4348-bd18-030b60a135e7@group-C8C62FEF0626, cid=2804, SUCCESS, logIndex=4179, commits[f2ba01fc-a63e-4348-bd18-030b60a135e7:c4179, eab135d4-a257-4705-b491-6c056b8c5df7:c4177, a4f67574-9018-43e7-8a54-351e98dc3d0a:c4177]
2019-08-23 07:09:11,539 | INFO  | DNAudit | user=null | ip=null | op=WRITE_CHUNK {blockData=conID: 1 locID: 102665037512704624 bcsId: 4174} | ret=SUCCESS |  
2019-08-23 07:09:11,539 | INFO  | DNAudit | user=null | ip=null | op=WRITE_CHUNK {blockData=conID: 1 locID: 102665037512704624 bcsId: 4174} | ret=SUCCESS |  
2019-08-23 07:09:11,539 | INFO  | DNAudit | user=null | ip=null | op=PUT_BLOCK {blockData=[blockId=conID: 1 locID: 102665037512704624 bcsId: 0,size=3145728]} | ret=SUCCESS |  
2019-08-23 07:09:11,539 | INFO  | DNAudit | user=null | ip=null | op=PUT_BLOCK {blockData=[blockId=conID: 1 locID: 102665037512704624 bcsId: 0,size=3145728]} | ret=SUCCESS |  
2019-08-23 07:09:11,542 | INFO  | DNAudit | user=null | ip=null | op=WRITE_CHUNK {blockData=conID: 1 locID: 102665037512704624 bcsId: 4179} | ret=SUCCESS |  
2019-08-23 07:09:11,544 | INFO  | DNAudit | user=null | ip=null | op=WRITE_CHUNK {blockData=conID: 1 locID: 102665037512704624 bcsId: 4179} | ret=SUCCESS |  
2019-08-23 07:09:11,544 | INFO  | DNAudit | user=null | ip=null | op=WRITE_CHUNK {blockData=conID: 1 locID: 102665037512704624 bcsId: 4179} | ret=SUCCESS |  
2019-08-23 07:09:11,555 | INFO  | DNAudit | user=null | ip=null | op=WRITE_CHUNK {blockData=conID: 1 locID: 102665037512704624 bcsId: 4179} | ret=SUCCESS |  
2019-08-23 07:09:11,555 | INFO  | DNAudit | user=null | ip=null | op=PUT_BLOCK {blockData=[blockId=conID: 1 locID: 102665037512704624 bcsId: 0,size=4194304]} | ret=SUCCESS |  
2019-08-23 07:09:11,555 [grpc-default-executor-0] INFO  client.GrpcClientProtocolClient (GrpcClientProtocolClient.java:onNext(255)) - client-D91E5D1E15CE->f2ba01fc-a63e-4348-bd18-030b60a135e7: receive RaftClientReply:client-D91E5D1E15CE->f2ba01fc-a63e-4348-bd18-030b60a135e7@group-C8C62FEF0626, cid=2805, SUCCESS, logIndex=4182, commits[f2ba01fc-a63e-4348-bd18-030b60a135e7:c4183, eab135d4-a257-4705-b491-6c056b8c5df7:c4181, a4f67574-9018-43e7-8a54-351e98dc3d0a:c4181]
2019-08-23 07:09:11,555 [grpc-default-executor-0] INFO  client.GrpcClientProtocolClient (GrpcClientProtocolClient.java:onNext(255)) - client-D91E5D1E15CE->f2ba01fc-a63e-4348-bd18-030b60a135e7: receive RaftClientReply:client-D91E5D1E15CE->f2ba01fc-a63e-4348-bd18-030b60a135e7@group-C8C62FEF0626, cid=2806, SUCCESS, logIndex=4183, commits[f2ba01fc-a63e-4348-bd18-030b60a135e7:c4183, eab135d4-a257-4705-b491-6c056b8c5df7:c4181, a4f67574-9018-43e7-8a54-351e98dc3d0a:c4181]
2019-08-23 07:09:11,556 | INFO  | DNAudit | user=null | ip=null | op=WRITE_CHUNK {blockData=conID: 1 locID: 102665037512704624 bcsId: 4179} | ret=SUCCESS |  
2019-08-23 07:09:11,556 | INFO  | DNAudit | user=null | ip=null | op=WRITE_CHUNK {blockData=conID: 1 locID: 102665037512704624 bcsId: 4179} | ret=SUCCESS |  
2019-08-23 07:09:11,557 | INFO  | DNAudit | user=null | ip=null | op=PUT_BLOCK {blockData=[blockId=conID: 1 locID: 102665037512704624 bcsId: 0,size=4194304]} | ret=SUCCESS |  
2019-08-23 07:09:11,557 | INFO  | DNAudit | user=null | ip=null | op=PUT_BLOCK {blockData=[blockId=conID: 1 locID: 102665037512704624 bcsId: 0,size=4194304]} | ret=SUCCESS |  
2019-08-23 07:09:11,558 [grpc-default-executor-0] INFO  client.GrpcClientProtocolClient (GrpcClientProtocolClient.java:onNext(255)) - client-D91E5D1E15CE->f2ba01fc-a63e-4348-bd18-030b60a135e7: receive RaftClientReply:client-D91E5D1E15CE->f2ba01fc-a63e-4348-bd18-030b60a135e7@group-C8C62FEF0626, cid=2807, SUCCESS, logIndex=0, commits[f2ba01fc-a63e-4348-bd18-030b60a135e7:c4185, eab135d4-a257-4705-b491-6c056b8c5df7:c4183, a4f67574-9018-43e7-8a54-351e98dc3d0a:c4183]
2019-08-23 07:09:11,563 | INFO  | SCMAudit | user=jenkins1000 | ip=192.168.5.178 | op=ALLOCATE_BLOCK {owner=aaf04d22-10dd-4717-8862-c651bdde72cf, size=4194304, type=RATIS, factor=THREE} | ret=SUCCESS |  
2019-08-23 07:09:11,567 | INFO  | OMAudit | user=jenkins1000 | ip=127.0.0.1 | op=ALLOCATE_BLOCK {volume=vol-0-67663, bucket=bucket-0-68950, key=key-0-26970, dataSize=0, replicationType=null, replicationFactor=null, keyLocationInfo=null, clientID=102665036030476690} | ret=SUCCESS |  
2019-08-23 07:09:11,573 | INFO  | DNAudit | user=null | ip=null | op=WRITE_CHUNK {blockData=conID: 2 locID: 102665037516833393 bcsId: 0} | ret=SUCCESS |  
2019-08-23 07:09:11,575 | INFO  | DNAudit | user=null | ip=null | op=WRITE_CHUNK {blockData=conID: 2 locID: 102665037516833393 bcsId: 0} | ret=SUCCESS |  
2019-08-23 07:09:11,576 | INFO  | DNAudit | user=null | ip=null | op=WRITE_CHUNK {blockData=conID: 2 locID: 102665037516833393 bcsId: 0} | ret=SUCCESS |  
2019-08-23 07:09:11,576 | INFO  | DNAudit | user=null | ip=null | op=WRITE_CHUNK {blockData=conID: 2 locID: 102665037516833393 bcsId: 0} | ret=SUCCESS |  
2019-08-23 07:09:11,578 | INFO  | DNAudit | user=null | ip=null | op=WRITE_CHUNK {blockData=conID: 2 locID: 102665037516833393 bcsId: 0} | ret=SUCCESS |  
2019-08-23 07:09:11,578 | INFO  | DNAudit | user=null | ip=null | op=WRITE_CHUNK {blockData=conID: 2 locID: 102665037516833393 bcsId: 0} | ret=SUCCESS |  
2019-08-23 07:09:11,586 | INFO  | DNAudit | user=null | ip=null | op=WRITE_CHUNK {blockData=conID: 2 locID: 102665037516833393 bcsId: 0} | ret=SUCCESS |  
2019-08-23 07:09:11,586 | INFO  | DNAudit | user=null | ip=null | op=PUT_BLOCK {blockData=[blockId=conID: 2 locID: 102665037516833393 bcsId: 0,size=1048576]} | ret=SUCCESS |  
2019-08-23 07:09:11,586 [grpc-default-executor-6] INFO  client.GrpcClientProtocolClient (GrpcClientProtocolClient.java:onNext(255)) - client-D91E5D1E15CE->f2ba01fc-a63e-4348-bd18-030b60a135e7: receive RaftClientReply:client-D91E5D1E15CE->f2ba01fc-a63e-4348-bd18-030b60a135e7@group-C8C62FEF0626, cid=2808, SUCCESS, logIndex=4186, commits[f2ba01fc-a63e-4348-bd18-030b60a135e7:c4187, eab135d4-a257-4705-b491-6c056b8c5df7:c4185, a4f67574-9018-43e7-8a54-351e98dc3d0a:c4185]
2019-08-23 07:09:11,587 | INFO  | DNAudit | user=null | ip=null | op=WRITE_CHUNK {blockData=conID: 2 locID: 102665037516833393 bcsId: 0} | ret=SUCCESS |  
2019-08-23 07:09:11,587 [grpc-default-executor-4] INFO  client.GrpcClientProtocolClient (GrpcClientProtocolClient.java:onNext(255)) - client-D91E5D1E15CE->f2ba01fc-a63e-4348-bd18-030b60a135e7: receive RaftClientReply:client-D91E5D1E15CE->f2ba01fc-a63e-4348-bd18-030b60a135e7@group-C8C62FEF0626, cid=2809, SUCCESS, logIndex=4187, commits[f2ba01fc-a63e-4348-bd18-030b60a135e7:c4187, eab135d4-a257-4705-b491-6c056b8c5df7:c4185, a4f67574-9018-43e7-8a54-351e98dc3d0a:c4185]
2019-08-23 07:09:11,587 | INFO  | DNAudit | user=null | ip=null | op=PUT_BLOCK {blockData=[blockId=conID: 2 locID: 102665037516833393 bcsId: 0,size=2097152]} | ret=SUCCESS |  
2019-08-23 07:09:11,587 [grpc-default-executor-4] INFO  client.GrpcClientProtocolClient (GrpcClientProtocolClient.java:onNext(255)) - client-D91E5D1E15CE->f2ba01fc-a63e-4348-bd18-030b60a135e7: receive RaftClientReply:client-D91E5D1E15CE->f2ba01fc-a63e-4348-bd18-030b60a135e7@group-C8C62FEF0626, cid=2810, SUCCESS, logIndex=4188, commits[f2ba01fc-a63e-4348-bd18-030b60a135e7:c4189, eab135d4-a257-4705-b491-6c056b8c5df7:c4185, a4f67574-9018-43e7-8a54-351e98dc3d0a:c4185]
2019-08-23 07:09:11,588 [grpc-default-executor-4] INFO  client.GrpcClientProtocolClient (GrpcClientProtocolClient.java:onNext(255)) - client-D91E5D1E15CE->f2ba01fc-a63e-4348-bd18-030b60a135e7: receive RaftClientReply:client-D91E5D1E15CE->f2ba01fc-a63e-4348-bd18-030b60a135e7@group-C8C62FEF0626, cid=2811, SUCCESS, logIndex=4189, commits[f2ba01fc-a63e-4348-bd18-030b60a135e7:c4189, eab135d4-a257-4705-b491-6c056b8c5df7:c4185, a4f67574-9018-43e7-8a54-351e98dc3d0a:c4185]
2019-08-23 07:09:11,588 | INFO  | DNAudit | user=null | ip=null | op=WRITE_CHUNK {blockData=conID: 2 locID: 102665037516833393 bcsId: 0} | ret=SUCCESS |  
2019-08-23 07:09:11,588 | INFO  | DNAudit | user=null | ip=null | op=WRITE_CHUNK {blockData=conID: 2 locID: 102665037516833393 bcsId: 0} | ret=SUCCESS |  
2019-08-23 07:09:11,588 | INFO  | DNAudit | user=null | ip=null | op=PUT_BLOCK {blockData=[blockId=conID: 2 locID: 102665037516833393 bcsId: 0,size=1048576]} | ret=SUCCESS |  
2019-08-23 07:09:11,588 | INFO  | DNAudit | user=null | ip=null | op=PUT_BLOCK {blockData=[blockId=conID: 2 locID: 102665037516833393 bcsId: 0,size=1048576]} | ret=SUCCESS |  
2019-08-23 07:09:11,588 [grpc-default-executor-4] INFO  client.GrpcClientProtocolClient (GrpcClientProtocolClient.java:onNext(255)) - client-D91E5D1E15CE->f2ba01fc-a63e-4348-bd18-030b60a135e7: receive RaftClientReply:client-D91E5D1E15CE->f2ba01fc-a63e-4348-bd18-030b60a135e7@group-C8C62FEF0626, cid=2812, SUCCESS, logIndex=0, commits[f2ba01fc-a63e-4348-bd18-030b60a135e7:c4190, eab135d4-a257-4705-b491-6c056b8c5df7:c4187, a4f67574-9018-43e7-8a54-351e98dc3d0a:c4187]
2019-08-23 07:09:11,590 | INFO  | DNAudit | user=null | ip=null | op=WRITE_CHUNK {blockData=conID: 2 locID: 102665037516833393 bcsId: 0} | ret=SUCCESS |  
2019-08-23 07:09:11,590 | INFO  | DNAudit | user=null | ip=null | op=WRITE_CHUNK {blockData=conID: 2 locID: 102665037516833393 bcsId: 0} | ret=SUCCESS |  
2019-08-23 07:09:11,590 | INFO  | DNAudit | user=null | ip=null | op=PUT_BLOCK {blockData=[blockId=conID: 2 locID: 102665037516833393 bcsId: 0,size=2097152]} | ret=SUCCESS |  
2019-08-23 07:09:11,590 | INFO  | DNAudit | user=null | ip=null | op=PUT_BLOCK {blockData=[blockId=conID: 2 locID: 102665037516833393 bcsId: 0,size=2097152]} | ret=SUCCESS |  
2019-08-23 07:09:11,593 | INFO  | DNAudit | user=null | ip=null | op=WRITE_CHUNK {blockData=conID: 2 locID: 102665037516833393 bcsId: 4189} | ret=SUCCESS |  
2019-08-23 07:09:11,594 | INFO  | DNAudit | user=null | ip=null | op=WRITE_CHUNK {blockData=conID: 2 locID: 102665037516833393 bcsId: 4189} | ret=SUCCESS |  
2019-08-23 07:09:11,595 | INFO  | DNAudit | user=null | ip=null | op=WRITE_CHUNK {blockData=conID: 2 locID: 102665037516833393 bcsId: 4189} | ret=SUCCESS |  
2019-08-23 07:09:11,605 | INFO  | DNAudit | user=null | ip=null | op=WRITE_CHUNK {blockData=conID: 2 locID: 102665037516833393 bcsId: 4189} | ret=SUCCESS |  
2019-08-23 07:09:11,606 | INFO  | DNAudit | user=null | ip=null | op=PUT_BLOCK {blockData=[blockId=conID: 2 locID: 102665037516833393 bcsId: 0,size=3145728]} | ret=SUCCESS |  
2019-08-23 07:09:11,606 [grpc-default-executor-3] INFO  client.GrpcClientProtocolClient (GrpcClientProtocolClient.java:onNext(255)) - client-D91E5D1E15CE->f2ba01fc-a63e-4348-bd18-030b60a135e7: receive RaftClientReply:client-D91E5D1E15CE->f2ba01fc-a63e-4348-bd18-030b60a135e7@group-C8C62FEF0626, cid=2813, SUCCESS, logIndex=4194, commits[f2ba01fc-a63e-4348-bd18-030b60a135e7:c4195, eab135d4-a257-4705-b491-6c056b8c5df7:c4193, a4f67574-9018-43e7-8a54-351e98dc3d0a:c4193]
2019-08-23 07:09:11,606 [grpc-default-executor-3] INFO  client.GrpcClientProtocolClient (GrpcClientProtocolClient.java:onNext(255)) - client-D91E5D1E15CE->f2ba01fc-a63e-4348-bd18-030b60a135e7: receive RaftClientReply:client-D91E5D1E15CE->f2ba01fc-a63e-4348-bd18-030b60a135e7@group-C8C62FEF0626, cid=2814, SUCCESS, logIndex=4195, commits[f2ba01fc-a63e-4348-bd18-030b60a135e7:c4195, eab135d4-a257-4705-b491-6c056b8c5df7:c4193, a4f67574-9018-43e7-8a54-351e98dc3d0a:c4193]
2019-08-23 07:09:11,611 | INFO  | DNAudit | user=null | ip=null | op=WRITE_CHUNK {blockData=conID: 2 locID: 102665037516833393 bcsId: 4195} | ret=SUCCESS |  
2019-08-23 07:09:11,612 | INFO  | DNAudit | user=null | ip=null | op=WRITE_CHUNK {blockData=conID: 2 locID: 102665037516833393 bcsId: 4195} | ret=SUCCESS |  
2019-08-23 07:09:11,613 | INFO  | DNAudit | user=null | ip=null | op=WRITE_CHUNK {blockData=conID: 2 locID: 102665037516833393 bcsId: 4195} | ret=SUCCESS |  
2019-08-23 07:09:11,617 | INFO  | DNAudit | user=null | ip=null | op=WRITE_CHUNK {blockData=conID: 2 locID: 102665037516833393 bcsId: 4189} | ret=SUCCESS |  
2019-08-23 07:09:11,617 | INFO  | DNAudit | user=null | ip=null | op=WRITE_CHUNK {blockData=conID: 2 locID: 102665037516833393 bcsId: 4189} | ret=SUCCESS |  
2019-08-23 07:09:11,618 | INFO  | DNAudit | user=null | ip=null | op=PUT_BLOCK {blockData=[blockId=conID: 2 locID: 102665037516833393 bcsId: 0,size=3145728]} | ret=SUCCESS |  
2019-08-23 07:09:11,618 | INFO  | DNAudit | user=null | ip=null | op=PUT_BLOCK {blockData=[blockId=conID: 2 locID: 102665037516833393 bcsId: 0,size=3145728]} | ret=SUCCESS |  
2019-08-23 07:09:11,619 | INFO  | DNAudit | user=null | ip=null | op=WRITE_CHUNK {blockData=conID: 2 locID: 102665037516833393 bcsId: 4195} | ret=SUCCESS |  
2019-08-23 07:09:11,619 | INFO  | DNAudit | user=null | ip=null | op=PUT_BLOCK {blockData=[blockId=conID: 2 locID: 102665037516833393 bcsId: 0,size=4194304]} | ret=SUCCESS |  
2019-08-23 07:09:11,619 [grpc-default-executor-4] INFO  client.GrpcClientProtocolClient (GrpcClientProtocolClient.java:onNext(255)) - client-D91E5D1E15CE->f2ba01fc-a63e-4348-bd18-030b60a135e7: receive RaftClientReply:client-D91E5D1E15CE->f2ba01fc-a63e-4348-bd18-030b60a135e7@group-C8C62FEF0626, cid=2815, SUCCESS, logIndex=4198, commits[f2ba01fc-a63e-4348-bd18-030b60a135e7:c4199, eab135d4-a257-4705-b491-6c056b8c5df7:c4195, a4f67574-9018-43e7-8a54-351e98dc3d0a:c4195]
2019-08-23 07:09:11,619 [grpc-default-executor-4] INFO  client.GrpcClientProtocolClient (GrpcClientProtocolClient.java:onNext(255)) - client-D91E5D1E15CE->f2ba01fc-a63e-4348-bd18-030b60a135e7: receive RaftClientReply:client-D91E5D1E15CE->f2ba01fc-a63e-4348-bd18-030b60a135e7@group-C8C62FEF0626, cid=2816, SUCCESS, logIndex=4199, commits[f2ba01fc-a63e-4348-bd18-030b60a135e7:c4199, eab135d4-a257-4705-b491-6c056b8c5df7:c4195, a4f67574-9018-43e7-8a54-351e98dc3d0a:c4195]
2019-08-23 07:09:11,630 | INFO  | DNAudit | user=null | ip=null | op=WRITE_CHUNK {blockData=conID: 2 locID: 102665037516833393 bcsId: 4195} | ret=SUCCESS |  
2019-08-23 07:09:11,631 | INFO  | DNAudit | user=null | ip=null | op=WRITE_CHUNK {blockData=conID: 2 locID: 102665037516833393 bcsId: 4195} | ret=SUCCESS |  
2019-08-23 07:09:11,632 | INFO  | DNAudit | user=null | ip=null | op=PUT_BLOCK {blockData=[blockId=conID: 2 locID: 102665037516833393 bcsId: 0,size=4194304]} | ret=SUCCESS |  
2019-08-23 07:09:11,632 | INFO  | DNAudit | user=null | ip=null | op=PUT_BLOCK {blockData=[blockId=conID: 2 locID: 102665037516833393 bcsId: 0,size=4194304]} | ret=SUCCESS |  
2019-08-23 07:09:11,632 [grpc-default-executor-4] INFO  client.GrpcClientProtocolClient (GrpcClientProtocolClient.java:onNext(255)) - client-D91E5D1E15CE->f2ba01fc-a63e-4348-bd18-030b60a135e7: receive RaftClientReply:client-D91E5D1E15CE->f2ba01fc-a63e-4348-bd18-030b60a135e7@group-C8C62FEF0626, cid=2817, SUCCESS, logIndex=0, commits[f2ba01fc-a63e-4348-bd18-030b60a135e7:c4201, eab135d4-a257-4705-b491-6c056b8c5df7:c4199, a4f67574-9018-43e7-8a54-351e98dc3d0a:c4199]
2019-08-23 07:09:11,637 | INFO  | SCMAudit | user=jenkins1000 | ip=192.168.5.178 | op=ALLOCATE_BLOCK {owner=aaf04d22-10dd-4717-8862-c651bdde72cf, size=4194304, type=RATIS, factor=THREE} | ret=SUCCESS |  
2019-08-23 07:09:11,640 | INFO  | OMAudit | user=jenkins1000 | ip=127.0.0.1 | op=ALLOCATE_BLOCK {volume=vol-0-67663, bucket=bucket-0-68950, key=key-0-26970, dataSize=0, replicationType=null, replicationFactor=null, keyLocationInfo=null, clientID=102665036030476690} | ret=SUCCESS |  
2019-08-23 07:09:11,645 | INFO  | DNAudit | user=null | ip=null | op=WRITE_CHUNK {blockData=conID: 3 locID: 102665037521683058 bcsId: 0} | ret=SUCCESS |  
2019-08-23 07:09:11,647 | INFO  | DNAudit | user=null | ip=null | op=WRITE_CHUNK {blockData=conID: 3 locID: 102665037521683058 bcsId: 0} | ret=SUCCESS |  
2019-08-23 07:09:11,647 | INFO  | DNAudit | user=null | ip=null | op=WRITE_CHUNK {blockData=conID: 3 locID: 102665037521683058 bcsId: 0} | ret=SUCCESS |  
2019-08-23 07:09:11,647 | INFO  | DNAudit | user=null | ip=null | op=WRITE_CHUNK {blockData=conID: 3 locID: 102665037521683058 bcsId: 0} | ret=SUCCESS |  
2019-08-23 07:09:11,649 | INFO  | DNAudit | user=null | ip=null | op=WRITE_CHUNK {blockData=conID: 3 locID: 102665037521683058 bcsId: 0} | ret=SUCCESS |  
2019-08-23 07:09:11,649 | INFO  | DNAudit | user=null | ip=null | op=WRITE_CHUNK {blockData=conID: 3 locID: 102665037521683058 bcsId: 0} | ret=SUCCESS |  
2019-08-23 07:09:11,657 | INFO  | DNAudit | user=null | ip=null | op=WRITE_CHUNK {blockData=conID: 3 locID: 102665037521683058 bcsId: 0} | ret=SUCCESS |  
2019-08-23 07:09:11,658 | INFO  | DNAudit | user=null | ip=null | op=PUT_BLOCK {blockData=[blockId=conID: 3 locID: 102665037521683058 bcsId: 0,size=1048576]} | ret=SUCCESS |  
2019-08-23 07:09:11,658 [grpc-default-executor-3] INFO  client.GrpcClientProtocolClient (GrpcClientProtocolClient.java:onNext(255)) - client-D91E5D1E15CE->f2ba01fc-a63e-4348-bd18-030b60a135e7: receive RaftClientReply:client-D91E5D1E15CE->f2ba01fc-a63e-4348-bd18-030b60a135e7@group-C8C62FEF0626, cid=2818, SUCCESS, logIndex=4202, commits[f2ba01fc-a63e-4348-bd18-030b60a135e7:c4203, eab135d4-a257-4705-b491-6c056b8c5df7:c4201, a4f67574-9018-43e7-8a54-351e98dc3d0a:c4201]
2019-08-23 07:09:11,658 [grpc-default-executor-3] INFO  client.GrpcClientProtocolClient (GrpcClientProtocolClient.java:onNext(255)) - client-D91E5D1E15CE->f2ba01fc-a63e-4348-bd18-030b60a135e7: receive RaftClientReply:client-D91E5D1E15CE->f2ba01fc-a63e-4348-bd18-030b60a135e7@group-C8C62FEF0626, cid=2819, SUCCESS, logIndex=4203, commits[f2ba01fc-a63e-4348-bd18-030b60a135e7:c4203, eab135d4-a257-4705-b491-6c056b8c5df7:c4201, a4f67574-9018-43e7-8a54-351e98dc3d0a:c4201]
2019-08-23 07:09:11,658 | INFO  | DNAudit | user=null | ip=null | op=WRITE_CHUNK {blockData=conID: 3 locID: 102665037521683058 bcsId: 0} | ret=SUCCESS |  
2019-08-23 07:09:11,659 | INFO  | DNAudit | user=null | ip=null | op=PUT_BLOCK {blockData=[blockId=conID: 3 locID: 102665037521683058 bcsId: 0,size=2097152]} | ret=SUCCESS |  
2019-08-23 07:09:11,659 [grpc-default-executor-3] INFO  client.GrpcClientProtocolClient (GrpcClientProtocolClient.java:onNext(255)) - client-D91E5D1E15CE->f2ba01fc-a63e-4348-bd18-030b60a135e7: receive RaftClientReply:client-D91E5D1E15CE->f2ba01fc-a63e-4348-bd18-030b60a135e7@group-C8C62FEF0626, cid=2820, SUCCESS, logIndex=4204, commits[f2ba01fc-a63e-4348-bd18-030b60a135e7:c4204, eab135d4-a257-4705-b491-6c056b8c5df7:c4201, a4f67574-9018-43e7-8a54-351e98dc3d0a:c4201]
2019-08-23 07:09:11,661 [grpc-default-executor-3] INFO  client.GrpcClientProtocolClient (GrpcClientProtocolClient.java:onNext(255)) - client-D91E5D1E15CE->f2ba01fc-a63e-4348-bd18-030b60a135e7: receive RaftClientReply:client-D91E5D1E15CE->f2ba01fc-a63e-4348-bd18-030b60a135e7@group-C8C62FEF0626, cid=2821, SUCCESS, logIndex=4205, commits[f2ba01fc-a63e-4348-bd18-030b60a135e7:c4205, eab135d4-a257-4705-b491-6c056b8c5df7:c4201, a4f67574-9018-43e7-8a54-351e98dc3d0a:c4201]
2019-08-23 07:09:11,662 | INFO  | DNAudit | user=null | ip=null | op=WRITE_CHUNK {blockData=conID: 3 locID: 102665037521683058 bcsId: 0} | ret=SUCCESS |  
2019-08-23 07:09:11,662 | INFO  | DNAudit | user=null | ip=null | op=WRITE_CHUNK {blockData=conID: 3 locID: 102665037521683058 bcsId: 0} | ret=SUCCESS |  
2019-08-23 07:09:11,662 | INFO  | DNAudit | user=null | ip=null | op=PUT_BLOCK {blockData=[blockId=conID: 3 locID: 102665037521683058 bcsId: 0,size=1048576]} | ret=SUCCESS |  
2019-08-23 07:09:11,662 | INFO  | DNAudit | user=null | ip=null | op=PUT_BLOCK {blockData=[blockId=conID: 3 locID: 102665037521683058 bcsId: 0,size=1048576]} | ret=SUCCESS |  
2019-08-23 07:09:11,662 [grpc-default-executor-3] INFO  client.GrpcClientProtocolClient (GrpcClientProtocolClient.java:onNext(255)) - client-D91E5D1E15CE->f2ba01fc-a63e-4348-bd18-030b60a135e7: receive RaftClientReply:client-D91E5D1E15CE->f2ba01fc-a63e-4348-bd18-030b60a135e7@group-C8C62FEF0626, cid=2822, SUCCESS, logIndex=0, commits[f2ba01fc-a63e-4348-bd18-030b60a135e7:c4206, eab135d4-a257-4705-b491-6c056b8c5df7:c4203, a4f67574-9018-43e7-8a54-351e98dc3d0a:c4203]
2019-08-23 07:09:11,667 | INFO  | DNAudit | user=null | ip=null | op=WRITE_CHUNK {blockData=conID: 3 locID: 102665037521683058 bcsId: 4205} | ret=SUCCESS |  
2019-08-23 07:09:11,668 | INFO  | DNAudit | user=null | ip=null | op=WRITE_CHUNK {blockData=conID: 3 locID: 102665037521683058 bcsId: 4205} | ret=SUCCESS |  
2019-08-23 07:09:11,668 | INFO  | DNAudit | user=null | ip=null | op=WRITE_CHUNK {blockData=conID: 3 locID: 102665037521683058 bcsId: 4205} | ret=SUCCESS |  
2019-08-23 07:09:11,673 | INFO  | DNAudit | user=null | ip=null | op=WRITE_CHUNK {blockData=conID: 3 locID: 102665037521683058 bcsId: 0} | ret=SUCCESS |  
2019-08-23 07:09:11,673 | INFO  | DNAudit | user=null | ip=null | op=PUT_BLOCK {blockData=[blockId=conID: 3 locID: 102665037521683058 bcsId: 0,size=2097152]} | ret=SUCCESS |  
2019-08-23 07:09:11,673 | INFO  | DNAudit | user=null | ip=null | op=WRITE_CHUNK {blockData=conID: 3 locID: 102665037521683058 bcsId: 0} | ret=SUCCESS |  
2019-08-23 07:09:11,673 | INFO  | DNAudit | user=null | ip=null | op=PUT_BLOCK {blockData=[blockId=conID: 3 locID: 102665037521683058 bcsId: 0,size=2097152]} | ret=SUCCESS |  
2019-08-23 07:09:11,674 | INFO  | DNAudit | user=null | ip=null | op=WRITE_CHUNK {blockData=conID: 3 locID: 102665037521683058 bcsId: 4205} | ret=SUCCESS |  
2019-08-23 07:09:11,674 | INFO  | DNAudit | user=null | ip=null | op=PUT_BLOCK {blockData=[blockId=conID: 3 locID: 102665037521683058 bcsId: 0,size=3145728]} | ret=SUCCESS |  
2019-08-23 07:09:11,674 [grpc-default-executor-0] INFO  client.GrpcClientProtocolClient (GrpcClientProtocolClient.java:onNext(255)) - client-D91E5D1E15CE->f2ba01fc-a63e-4348-bd18-030b60a135e7: receive RaftClientReply:client-D91E5D1E15CE->f2ba01fc-a63e-4348-bd18-030b60a135e7@group-C8C62FEF0626, cid=2823, SUCCESS, logIndex=4210, commits[f2ba01fc-a63e-4348-bd18-030b60a135e7:c4211, eab135d4-a257-4705-b491-6c056b8c5df7:c4205, a4f67574-9018-43e7-8a54-351e98dc3d0a:c4207]
2019-08-23 07:09:11,675 [grpc-default-executor-0] INFO  client.GrpcClientProtocolClient (GrpcClientProtocolClient.java:onNext(255)) - client-D91E5D1E15CE->f2ba01fc-a63e-4348-bd18-030b60a135e7: receive RaftClientReply:client-D91E5D1E15CE->f2ba01fc-a63e-4348-bd18-030b60a135e7@group-C8C62FEF0626, cid=2824, SUCCESS, logIndex=4211, commits[f2ba01fc-a63e-4348-bd18-030b60a135e7:c4211, eab135d4-a257-4705-b491-6c056b8c5df7:c4207, a4f67574-9018-43e7-8a54-351e98dc3d0a:c4207]
2019-08-23 07:09:11,676 | INFO  | DNAudit | user=null | ip=null | op=WRITE_CHUNK {blockData=conID: 3 locID: 102665037521683058 bcsId: 4205} | ret=SUCCESS |  
2019-08-23 07:09:11,676 | INFO  | DNAudit | user=null | ip=null | op=WRITE_CHUNK {blockData=conID: 3 locID: 102665037521683058 bcsId: 4205} | ret=SUCCESS |  
2019-08-23 07:09:11,676 | INFO  | DNAudit | user=null | ip=null | op=PUT_BLOCK {blockData=[blockId=conID: 3 locID: 102665037521683058 bcsId: 0,size=3145728]} | ret=SUCCESS |  
2019-08-23 07:09:11,676 | INFO  | DNAudit | user=null | ip=null | op=PUT_BLOCK {blockData=[blockId=conID: 3 locID: 102665037521683058 bcsId: 0,size=3145728]} | ret=SUCCESS |  
2019-08-23 07:09:11,680 | INFO  | DNAudit | user=null | ip=null | op=WRITE_CHUNK {blockData=conID: 3 locID: 102665037521683058 bcsId: 4211} | ret=SUCCESS |  
2019-08-23 07:09:11,681 | INFO  | DNAudit | user=null | ip=null | op=WRITE_CHUNK {blockData=conID: 3 locID: 102665037521683058 bcsId: 4211} | ret=SUCCESS |  
2019-08-23 07:09:11,682 | INFO  | DNAudit | user=null | ip=null | op=WRITE_CHUNK {blockData=conID: 3 locID: 102665037521683058 bcsId: 4211} | ret=SUCCESS |  
2019-08-23 07:09:11,692 | INFO  | DNAudit | user=null | ip=null | op=WRITE_CHUNK {blockData=conID: 3 locID: 102665037521683058 bcsId: 4211} | ret=SUCCESS |  
2019-08-23 07:09:11,693 | INFO  | DNAudit | user=null | ip=null | op=PUT_BLOCK {blockData=[blockId=conID: 3 locID: 102665037521683058 bcsId: 0,size=4194304]} | ret=SUCCESS |  
2019-08-23 07:09:11,693 [grpc-default-executor-4] INFO  client.GrpcClientProtocolClient (GrpcClientProtocolClient.java:onNext(255)) - client-D91E5D1E15CE->f2ba01fc-a63e-4348-bd18-030b60a135e7: receive RaftClientReply:client-D91E5D1E15CE->f2ba01fc-a63e-4348-bd18-030b60a135e7@group-C8C62FEF0626, cid=2825, SUCCESS, logIndex=4214, commits[f2ba01fc-a63e-4348-bd18-030b60a135e7:c4215, eab135d4-a257-4705-b491-6c056b8c5df7:c4213, a4f67574-9018-43e7-8a54-351e98dc3d0a:c4213]
2019-08-23 07:09:11,693 [grpc-default-executor-4] INFO  client.GrpcClientProtocolClient (GrpcClientProtocolClient.java:onNext(255)) - client-D91E5D1E15CE->f2ba01fc-a63e-4348-bd18-030b60a135e7: receive RaftClientReply:client-D91E5D1E15CE->f2ba01fc-a63e-4348-bd18-030b60a135e7@group-C8C62FEF0626, cid=2826, SUCCESS, logIndex=4215, commits[f2ba01fc-a63e-4348-bd18-030b60a135e7:c4215, eab135d4-a257-4705-b491-6c056b8c5df7:c4213, a4f67574-9018-43e7-8a54-351e98dc3d0a:c4213]
2019-08-23 07:09:11,704 | INFO  | DNAudit | user=null | ip=null | op=WRITE_CHUNK {blockData=conID: 3 locID: 102665037521683058 bcsId: 4211} | ret=SUCCESS |  
2019-08-23 07:09:11,704 | INFO  | DNAudit | user=null | ip=null | op=WRITE_CHUNK {blockData=conID: 3 locID: 102665037521683058 bcsId: 4211} | ret=SUCCESS |  
2019-08-23 07:09:11,705 | INFO  | DNAudit | user=null | ip=null | op=PUT_BLOCK {blockData=[blockId=conID: 3 locID: 102665037521683058 bcsId: 0,size=4194304]} | ret=SUCCESS |  
2019-08-23 07:09:11,705 | INFO  | DNAudit | user=null | ip=null | op=PUT_BLOCK {blockData=[blockId=conID: 3 locID: 102665037521683058 bcsId: 0,size=4194304]} | ret=SUCCESS |  
2019-08-23 07:09:11,705 [grpc-default-executor-4] INFO  client.GrpcClientProtocolClient (GrpcClientProtocolClient.java:onNext(255)) - client-D91E5D1E15CE->f2ba01fc-a63e-4348-bd18-030b60a135e7: receive RaftClientReply:client-D91E5D1E15CE->f2ba01fc-a63e-4348-bd18-030b60a135e7@group-C8C62FEF0626, cid=2827, SUCCESS, logIndex=0, commits[f2ba01fc-a63e-4348-bd18-030b60a135e7:c4217, eab135d4-a257-4705-b491-6c056b8c5df7:c4215, a4f67574-9018-43e7-8a54-351e98dc3d0a:c4215]
2019-08-23 07:09:11,710 | INFO  | SCMAudit | user=jenkins1000 | ip=192.168.5.178 | op=ALLOCATE_BLOCK {owner=aaf04d22-10dd-4717-8862-c651bdde72cf, size=4194304, type=RATIS, factor=THREE} | ret=SUCCESS |  
2019-08-23 07:09:11,712 | INFO  | OMAudit | user=jenkins1000 | ip=127.0.0.1 | op=ALLOCATE_BLOCK {volume=vol-0-67663, bucket=bucket-0-68950, key=key-0-26970, dataSize=0, replicationType=null, replicationFactor=null, keyLocationInfo=null, clientID=102665036030476690} | ret=SUCCESS |  
2019-08-23 07:09:11,719 | INFO  | DNAudit | user=null | ip=null | op=WRITE_CHUNK {blockData=conID: 1 locID: 102665037526467187 bcsId: 0} | ret=SUCCESS |  
2019-08-23 07:09:11,721 | INFO  | DNAudit | user=null | ip=null | op=WRITE_CHUNK {blockData=conID: 1 locID: 102665037526467187 bcsId: 0} | ret=SUCCESS |  
2019-08-23 07:09:11,721 | INFO  | DNAudit | user=null | ip=null | op=WRITE_CHUNK {blockData=conID: 1 locID: 102665037526467187 bcsId: 0} | ret=SUCCESS |  
2019-08-23 07:09:11,721 | INFO  | DNAudit | user=null | ip=null | op=WRITE_CHUNK {blockData=conID: 1 locID: 102665037526467187 bcsId: 0} | ret=SUCCESS |  
2019-08-23 07:09:11,722 | INFO  | DNAudit | user=null | ip=null | op=WRITE_CHUNK {blockData=conID: 1 locID: 102665037526467187 bcsId: 0} | ret=SUCCESS |  
2019-08-23 07:09:11,722 | INFO  | DNAudit | user=null | ip=null | op=WRITE_CHUNK {blockData=conID: 1 locID: 102665037526467187 bcsId: 0} | ret=SUCCESS |  
2019-08-23 07:09:11,724 | INFO  | DNAudit | user=null | ip=null | op=WRITE_CHUNK {blockData=conID: 1 locID: 102665037526467187 bcsId: 0} | ret=SUCCESS |  
2019-08-23 07:09:11,724 | INFO  | DNAudit | user=null | ip=null | op=PUT_BLOCK {blockData=[blockId=conID: 1 locID: 102665037526467187 bcsId: 0,size=1048576]} | ret=SUCCESS |  
2019-08-23 07:09:11,724 | INFO  | DNAudit | user=null | ip=null | op=WRITE_CHUNK {blockData=conID: 1 locID: 102665037526467187 bcsId: 0} | ret=SUCCESS |  
2019-08-23 07:09:11,724 [grpc-default-executor-4] INFO  client.GrpcClientProtocolClient (GrpcClientProtocolClient.java:onNext(255)) - client-D91E5D1E15CE->f2ba01fc-a63e-4348-bd18-030b60a135e7: receive RaftClientReply:client-D91E5D1E15CE->f2ba01fc-a63e-4348-bd18-030b60a135e7@group-C8C62FEF0626, cid=2828, SUCCESS, logIndex=4218, commits[f2ba01fc-a63e-4348-bd18-030b60a135e7:c4220, eab135d4-a257-4705-b491-6c056b8c5df7:c4217, a4f67574-9018-43e7-8a54-351e98dc3d0a:c4217]
2019-08-23 07:09:11,725 | INFO  | DNAudit | user=null | ip=null | op=PUT_BLOCK {blockData=[blockId=conID: 1 locID: 102665037526467187 bcsId: 0,size=2097152]} | ret=SUCCESS |  
2019-08-23 07:09:11,725 | INFO  | DNAudit | user=null | ip=null | op=WRITE_CHUNK {blockData=conID: 1 locID: 102665037526467187 bcsId: 0} | ret=SUCCESS |  
2019-08-23 07:09:11,725 [grpc-default-executor-4] INFO  client.GrpcClientProtocolClient (GrpcClientProtocolClient.java:onNext(255)) - client-D91E5D1E15CE->f2ba01fc-a63e-4348-bd18-030b60a135e7: receive RaftClientReply:client-D91E5D1E15CE->f2ba01fc-a63e-4348-bd18-030b60a135e7@group-C8C62FEF0626, cid=2829, SUCCESS, logIndex=4219, commits[f2ba01fc-a63e-4348-bd18-030b60a135e7:c4220, eab135d4-a257-4705-b491-6c056b8c5df7:c4217, a4f67574-9018-43e7-8a54-351e98dc3d0a:c4217]
2019-08-23 07:09:11,725 [grpc-default-executor-4] INFO  client.GrpcClientProtocolClient (GrpcClientProtocolClient.java:onNext(255)) - client-D91E5D1E15CE->f2ba01fc-a63e-4348-bd18-030b60a135e7: receive RaftClientReply:client-D91E5D1E15CE->f2ba01fc-a63e-4348-bd18-030b60a135e7@group-C8C62FEF0626, cid=2830, SUCCESS, logIndex=4220, commits[f2ba01fc-a63e-4348-bd18-030b60a135e7:c4221, eab135d4-a257-4705-b491-6c056b8c5df7:c4217, a4f67574-9018-43e7-8a54-351e98dc3d0a:c4217]
2019-08-23 07:09:11,725 [grpc-default-executor-4] INFO  client.GrpcClientProtocolClient (GrpcClientProtocolClient.java:onNext(255)) - client-D91E5D1E15CE->f2ba01fc-a63e-4348-bd18-030b60a135e7: receive RaftClientReply:client-D91E5D1E15CE->f2ba01fc-a63e-4348-bd18-030b60a135e7@group-C8C62FEF0626, cid=2831, SUCCESS, logIndex=4221, commits[f2ba01fc-a63e-4348-bd18-030b60a135e7:c4221, eab135d4-a257-4705-b491-6c056b8c5df7:c4217, a4f67574-9018-43e7-8a54-351e98dc3d0a:c4217]
2019-08-23 07:09:11,726 | INFO  | DNAudit | user=null | ip=null | op=WRITE_CHUNK {blockData=conID: 1 locID: 102665037526467187 bcsId: 0} | ret=SUCCESS |  
2019-08-23 07:09:11,726 | INFO  | DNAudit | user=null | ip=null | op=PUT_BLOCK {blockData=[blockId=conID: 1 locID: 102665037526467187 bcsId: 0,size=1048576]} | ret=SUCCESS |  
2019-08-23 07:09:11,727 | INFO  | DNAudit | user=null | ip=null | op=PUT_BLOCK {blockData=[blockId=conID: 1 locID: 102665037526467187 bcsId: 0,size=1048576]} | ret=SUCCESS |  
2019-08-23 07:09:11,727 | INFO  | DNAudit | user=null | ip=null | op=WRITE_CHUNK {blockData=conID: 1 locID: 102665037526467187 bcsId: 0} | ret=SUCCESS |  
2019-08-23 07:09:11,727 | INFO  | DNAudit | user=null | ip=null | op=PUT_BLOCK {blockData=[blockId=conID: 1 locID: 102665037526467187 bcsId: 0,size=2097152]} | ret=SUCCESS |  
2019-08-23 07:09:11,727 [grpc-default-executor-4] INFO  client.GrpcClientProtocolClient (GrpcClientProtocolClient.java:onNext(255)) - client-D91E5D1E15CE->f2ba01fc-a63e-4348-bd18-030b60a135e7: receive RaftClientReply:client-D91E5D1E15CE->f2ba01fc-a63e-4348-bd18-030b60a135e7@group-C8C62FEF0626, cid=2832, SUCCESS, logIndex=0, commits[f2ba01fc-a63e-4348-bd18-030b60a135e7:c4223, eab135d4-a257-4705-b491-6c056b8c5df7:c4219, a4f67574-9018-43e7-8a54-351e98dc3d0a:c4219]
2019-08-23 07:09:11,727 | INFO  | DNAudit | user=null | ip=null | op=WRITE_CHUNK {blockData=conID: 1 locID: 102665037526467187 bcsId: 0} | ret=SUCCESS |  
2019-08-23 07:09:11,727 | INFO  | DNAudit | user=null | ip=null | op=PUT_BLOCK {blockData=[blockId=conID: 1 locID: 102665037526467187 bcsId: 0,size=2097152]} | ret=SUCCESS |  
2019-08-23 07:09:11,732 | INFO  | DNAudit | user=null | ip=null | op=WRITE_CHUNK {blockData=conID: 1 locID: 102665037526467187 bcsId: 4221} | ret=SUCCESS |  
2019-08-23 07:09:11,734 | INFO  | DNAudit | user=null | ip=null | op=WRITE_CHUNK {blockData=conID: 1 locID: 102665037526467187 bcsId: 4221} | ret=SUCCESS |  
2019-08-23 07:09:11,734 | INFO  | DNAudit | user=null | ip=null | op=WRITE_CHUNK {blockData=conID: 1 locID: 102665037526467187 bcsId: 4221} | ret=SUCCESS |  
2019-08-23 07:09:11,736 | INFO  | DNAudit | user=null | ip=null | op=WRITE_CHUNK {blockData=conID: 1 locID: 102665037526467187 bcsId: 4221} | ret=SUCCESS |  
2019-08-23 07:09:11,736 | INFO  | DNAudit | user=null | ip=null | op=PUT_BLOCK {blockData=[blockId=conID: 1 locID: 102665037526467187 bcsId: 0,size=3145728]} | ret=SUCCESS |  
2019-08-23 07:09:11,736 [grpc-default-executor-4] INFO  client.GrpcClientProtocolClient (GrpcClientProtocolClient.java:onNext(255)) - client-D91E5D1E15CE->f2ba01fc-a63e-4348-bd18-030b60a135e7: receive RaftClientReply:client-D91E5D1E15CE->f2ba01fc-a63e-4348-bd18-030b60a135e7@group-C8C62FEF0626, cid=2833, SUCCESS, logIndex=4226, commits[f2ba01fc-a63e-4348-bd18-030b60a135e7:c4227, eab135d4-a257-4705-b491-6c056b8c5df7:c4221, a4f67574-9018-43e7-8a54-351e98dc3d0a:c4225]
2019-08-23 07:09:11,736 [grpc-default-executor-4] INFO  client.GrpcClientProtocolClient (GrpcClientProtocolClient.java:onNext(255)) - client-D91E5D1E15CE->f2ba01fc-a63e-4348-bd18-030b60a135e7: receive RaftClientReply:client-D91E5D1E15CE->f2ba01fc-a63e-4348-bd18-030b60a135e7@group-C8C62FEF0626, cid=2834, SUCCESS, logIndex=4227, commits[f2ba01fc-a63e-4348-bd18-030b60a135e7:c4227, eab135d4-a257-4705-b491-6c056b8c5df7:c4225, a4f67574-9018-43e7-8a54-351e98dc3d0a:c4225]
2019-08-23 07:09:11,737 | INFO  | DNAudit | user=null | ip=null | op=WRITE_CHUNK {blockData=conID: 1 locID: 102665037526467187 bcsId: 4221} | ret=SUCCESS |  
2019-08-23 07:09:11,738 | INFO  | DNAudit | user=null | ip=null | op=WRITE_CHUNK {blockData=conID: 1 locID: 102665037526467187 bcsId: 4221} | ret=SUCCESS |  
2019-08-23 07:09:11,738 | INFO  | DNAudit | user=null | ip=null | op=PUT_BLOCK {blockData=[blockId=conID: 1 locID: 102665037526467187 bcsId: 0,size=3145728]} | ret=SUCCESS |  
2019-08-23 07:09:11,738 | INFO  | DNAudit | user=null | ip=null | op=PUT_BLOCK {blockData=[blockId=conID: 1 locID: 102665037526467187 bcsId: 0,size=3145728]} | ret=SUCCESS |  
2019-08-23 07:09:11,741 | INFO  | DNAudit | user=null | ip=null | op=WRITE_CHUNK {blockData=conID: 1 locID: 102665037526467187 bcsId: 4227} | ret=SUCCESS |  
2019-08-23 07:09:11,743 | INFO  | DNAudit | user=null | ip=null | op=WRITE_CHUNK {blockData=conID: 1 locID: 102665037526467187 bcsId: 4227} | ret=SUCCESS |  
2019-08-23 07:09:11,743 | INFO  | DNAudit | user=null | ip=null | op=WRITE_CHUNK {blockData=conID: 1 locID: 102665037526467187 bcsId: 4227} | ret=SUCCESS |  
2019-08-23 07:09:11,745 | INFO  | DNAudit | user=null | ip=null | op=WRITE_CHUNK {blockData=conID: 1 locID: 102665037526467187 bcsId: 4227} | ret=SUCCESS |  
2019-08-23 07:09:11,745 | INFO  | DNAudit | user=null | ip=null | op=PUT_BLOCK {blockData=[blockId=conID: 1 locID: 102665037526467187 bcsId: 0,size=4194304]} | ret=SUCCESS |  
2019-08-23 07:09:11,745 [grpc-default-executor-6] INFO  client.GrpcClientProtocolClient (GrpcClientProtocolClient.java:onNext(255)) - client-D91E5D1E15CE->f2ba01fc-a63e-4348-bd18-030b60a135e7: receive RaftClientReply:client-D91E5D1E15CE->f2ba01fc-a63e-4348-bd18-030b60a135e7@group-C8C62FEF0626, cid=2835, SUCCESS, logIndex=4230, commits[f2ba01fc-a63e-4348-bd18-030b60a135e7:c4231, eab135d4-a257-4705-b491-6c056b8c5df7:c4229, a4f67574-9018-43e7-8a54-351e98dc3d0a:c4227]
2019-08-23 07:09:11,745 [grpc-default-executor-6] INFO  client.GrpcClientProtocolClient (GrpcClientProtocolClient.java:onNext(255)) - client-D91E5D1E15CE->f2ba01fc-a63e-4348-bd18-030b60a135e7: receive RaftClientReply:client-D91E5D1E15CE->f2ba01fc-a63e-4348-bd18-030b60a135e7@group-C8C62FEF0626, cid=2836, SUCCESS, logIndex=4231, commits[f2ba01fc-a63e-4348-bd18-030b60a135e7:c4231, eab135d4-a257-4705-b491-6c056b8c5df7:c4229, a4f67574-9018-43e7-8a54-351e98dc3d0a:c4227]
2019-08-23 07:09:11,746 | INFO  | DNAudit | user=null | ip=null | op=WRITE_CHUNK {blockData=conID: 1 locID: 102665037526467187 bcsId: 4227} | ret=SUCCESS |  
2019-08-23 07:09:11,746 | INFO  | DNAudit | user=null | ip=null | op=PUT_BLOCK {blockData=[blockId=conID: 1 locID: 102665037526467187 bcsId: 0,size=4194304]} | ret=SUCCESS |  
2019-08-23 07:09:11,747 | INFO  | DNAudit | user=null | ip=null | op=WRITE_CHUNK {blockData=conID: 1 locID: 102665037526467187 bcsId: 4227} | ret=SUCCESS |  
2019-08-23 07:09:11,747 | INFO  | DNAudit | user=null | ip=null | op=PUT_BLOCK {blockData=[blockId=conID: 1 locID: 102665037526467187 bcsId: 0,size=4194304]} | ret=SUCCESS |  
2019-08-23 07:09:11,747 [grpc-default-executor-0] INFO  client.GrpcClientProtocolClient (GrpcClientProtocolClient.java:onNext(255)) - client-D91E5D1E15CE->f2ba01fc-a63e-4348-bd18-030b60a135e7: receive RaftClientReply:client-D91E5D1E15CE->f2ba01fc-a63e-4348-bd18-030b60a135e7@group-C8C62FEF0626, cid=2837, SUCCESS, logIndex=0, commits[f2ba01fc-a63e-4348-bd18-030b60a135e7:c4232, eab135d4-a257-4705-b491-6c056b8c5df7:c4231, a4f67574-9018-43e7-8a54-351e98dc3d0a:c4231]
2019-08-23 07:09:11,751 | INFO  | SCMAudit | user=jenkins1000 | ip=192.168.5.178 | op=ALLOCATE_BLOCK {owner=aaf04d22-10dd-4717-8862-c651bdde72cf, size=4194304, type=RATIS, factor=THREE} | ret=SUCCESS |  
2019-08-23 07:09:11,754 | INFO  | OMAudit | user=jenkins1000 | ip=127.0.0.1 | op=ALLOCATE_BLOCK {volume=vol-0-67663, bucket=bucket-0-68950, key=key-0-26970, dataSize=0, replicationType=null, replicationFactor=null, keyLocationInfo=null, clientID=102665036030476690} | ret=SUCCESS |  
2019-08-23 07:09:11,759 | INFO  | DNAudit | user=null | ip=null | op=WRITE_CHUNK {blockData=conID: 2 locID: 102665037529154164 bcsId: 0} | ret=SUCCESS |  
2019-08-23 07:09:11,760 | INFO  | DNAudit | user=null | ip=null | op=WRITE_CHUNK {blockData=conID: 2 locID: 102665037529154164 bcsId: 0} | ret=SUCCESS |  
2019-08-23 07:09:11,761 | INFO  | DNAudit | user=null | ip=null | op=WRITE_CHUNK {blockData=conID: 2 locID: 102665037529154164 bcsId: 0} | ret=SUCCESS |  
2019-08-23 07:09:11,761 | INFO  | DNAudit | user=null | ip=null | op=WRITE_CHUNK {blockData=conID: 2 locID: 102665037529154164 bcsId: 0} | ret=SUCCESS |  
2019-08-23 07:09:11,762 | INFO  | DNAudit | user=null | ip=null | op=WRITE_CHUNK {blockData=conID: 2 locID: 102665037529154164 bcsId: 0} | ret=SUCCESS |  
2019-08-23 07:09:11,762 | INFO  | DNAudit | user=null | ip=null | op=WRITE_CHUNK {blockData=conID: 2 locID: 102665037529154164 bcsId: 0} | ret=SUCCESS |  
2019-08-23 07:09:11,792 | INFO  | DNAudit | user=null | ip=null | op=WRITE_CHUNK {blockData=conID: 2 locID: 102665037529154164 bcsId: 0} | ret=SUCCESS |  
2019-08-23 07:09:11,793 | INFO  | DNAudit | user=null | ip=null | op=PUT_BLOCK {blockData=[blockId=conID: 2 locID: 102665037529154164 bcsId: 0,size=1048576]} | ret=SUCCESS |  
2019-08-23 07:09:11,793 [grpc-default-executor-0] INFO  client.GrpcClientProtocolClient (GrpcClientProtocolClient.java:onNext(255)) - client-D91E5D1E15CE->f2ba01fc-a63e-4348-bd18-030b60a135e7: receive RaftClientReply:client-D91E5D1E15CE->f2ba01fc-a63e-4348-bd18-030b60a135e7@group-C8C62FEF0626, cid=2838, SUCCESS, logIndex=4234, commits[f2ba01fc-a63e-4348-bd18-030b60a135e7:c4237, eab135d4-a257-4705-b491-6c056b8c5df7:c4233, a4f67574-9018-43e7-8a54-351e98dc3d0a:c4233]
2019-08-23 07:09:11,793 | INFO  | DNAudit | user=null | ip=null | op=WRITE_CHUNK {blockData=conID: 2 locID: 102665037529154164 bcsId: 0} | ret=SUCCESS |  
2019-08-23 07:09:11,793 [grpc-default-executor-0] INFO  client.GrpcClientProtocolClient (GrpcClientProtocolClient.java:onNext(255)) - client-D91E5D1E15CE->f2ba01fc-a63e-4348-bd18-030b60a135e7: receive RaftClientReply:client-D91E5D1E15CE->f2ba01fc-a63e-4348-bd18-030b60a135e7@group-C8C62FEF0626, cid=2839, SUCCESS, logIndex=4235, commits[f2ba01fc-a63e-4348-bd18-030b60a135e7:c4237, eab135d4-a257-4705-b491-6c056b8c5df7:c4233, a4f67574-9018-43e7-8a54-351e98dc3d0a:c4233]
2019-08-23 07:09:11,793 | INFO  | DNAudit | user=null | ip=null | op=PUT_BLOCK {blockData=[blockId=conID: 2 locID: 102665037529154164 bcsId: 0,size=2097152]} | ret=SUCCESS |  
2019-08-23 07:09:11,794 [grpc-default-executor-0] INFO  client.GrpcClientProtocolClient (GrpcClientProtocolClient.java:onNext(255)) - client-D91E5D1E15CE->f2ba01fc-a63e-4348-bd18-030b60a135e7: receive RaftClientReply:client-D91E5D1E15CE->f2ba01fc-a63e-4348-bd18-030b60a135e7@group-C8C62FEF0626, cid=2840, SUCCESS, logIndex=4236, commits[f2ba01fc-a63e-4348-bd18-030b60a135e7:c4237, eab135d4-a257-4705-b491-6c056b8c5df7:c4233, a4f67574-9018-43e7-8a54-351e98dc3d0a:c4233]
2019-08-23 07:09:11,794 [grpc-default-executor-0] INFO  client.GrpcClientProtocolClient (GrpcClientProtocolClient.java:onNext(255)) - client-D91E5D1E15CE->f2ba01fc-a63e-4348-bd18-030b60a135e7: receive RaftClientReply:client-D91E5D1E15CE->f2ba01fc-a63e-4348-bd18-030b60a135e7@group-C8C62FEF0626, cid=2841, SUCCESS, logIndex=4237, commits[f2ba01fc-a63e-4348-bd18-030b60a135e7:c4237, eab135d4-a257-4705-b491-6c056b8c5df7:c4233, a4f67574-9018-43e7-8a54-351e98dc3d0a:c4233]
2019-08-23 07:09:11,804 | INFO  | DNAudit | user=null | ip=null | op=WRITE_CHUNK {blockData=conID: 2 locID: 102665037529154164 bcsId: 0} | ret=SUCCESS |  
2019-08-23 07:09:11,804 | INFO  | DNAudit | user=null | ip=null | op=WRITE_CHUNK {blockData=conID: 2 locID: 102665037529154164 bcsId: 0} | ret=SUCCESS |  
2019-08-23 07:09:11,897 | INFO  | DNAudit | user=null | ip=null | op=PUT_BLOCK {blockData=[blockId=conID: 2 locID: 102665037529154164 bcsId: 0,size=1048576]} | ret=SUCCESS |  
2019-08-23 07:09:11,898 | INFO  | DNAudit | user=null | ip=null | op=PUT_BLOCK {blockData=[blockId=conID: 2 locID: 102665037529154164 bcsId: 0,size=1048576]} | ret=SUCCESS |  
2019-08-23 07:09:11,898 | INFO  | SCMAudit | user=jenkins1000 | ip=192.168.5.178 | op=SEND_HEARTBEAT {datanodeUUID=eab135d4-a257-4705-b491-6c056b8c5df7, command=[]} | ret=SUCCESS |  
2019-08-23 07:09:11,898 | INFO  | DNAudit | user=null | ip=null | op=WRITE_CHUNK {blockData=conID: 2 locID: 102665037529154164 bcsId: 0} | ret=SUCCESS |  
2019-08-23 07:09:11,898 | INFO  | SCMAudit | user=jenkins1000 | ip=192.168.5.178 | op=SEND_HEARTBEAT {datanodeUUID=a4f67574-9018-43e7-8a54-351e98dc3d0a, command=[]} | ret=SUCCESS |  
2019-08-23 07:09:11,898 | INFO  | SCMAudit | user=jenkins1000 | ip=192.168.5.178 | op=SEND_HEARTBEAT {datanodeUUID=f2ba01fc-a63e-4348-bd18-030b60a135e7, command=[]} | ret=SUCCESS |  
2019-08-23 07:09:11,898 | INFO  | DNAudit | user=null | ip=null | op=PUT_BLOCK {blockData=[blockId=conID: 2 locID: 102665037529154164 bcsId: 0,size=2097152]} | ret=SUCCESS |  
2019-08-23 07:09:11,898 | INFO  | DNAudit | user=null | ip=null | op=WRITE_CHUNK {blockData=conID: 2 locID: 102665037529154164 bcsId: 0} | ret=SUCCESS |  
2019-08-23 07:09:11,898 [grpc-default-executor-4] INFO  client.GrpcClientProtocolClient (GrpcClientProtocolClient.java:onNext(255)) - client-D91E5D1E15CE->f2ba01fc-a63e-4348-bd18-030b60a135e7: receive RaftClientReply:client-D91E5D1E15CE->f2ba01fc-a63e-4348-bd18-030b60a135e7@group-C8C62FEF0626, cid=2842, SUCCESS, logIndex=0, commits[f2ba01fc-a63e-4348-bd18-030b60a135e7:c4241, eab135d4-a257-4705-b491-6c056b8c5df7:c4235, a4f67574-9018-43e7-8a54-351e98dc3d0a:c4237]
2019-08-23 07:09:11,898 | INFO  | DNAudit | user=null | ip=null | op=PUT_BLOCK {blockData=[blockId=conID: 2 locID: 102665037529154164 bcsId: 0,size=2097152]} | ret=SUCCESS |  
2019-08-23 07:09:11,905 | INFO  | DNAudit | user=null | ip=null | op=WRITE_CHUNK {blockData=conID: 2 locID: 102665037529154164 bcsId: 4237} | ret=SUCCESS |  
2019-08-23 07:09:11,907 | INFO  | DNAudit | user=null | ip=null | op=WRITE_CHUNK {blockData=conID: 2 locID: 102665037529154164 bcsId: 4237} | ret=SUCCESS |  
2019-08-23 07:09:11,907 | INFO  | DNAudit | user=null | ip=null | op=WRITE_CHUNK {blockData=conID: 2 locID: 102665037529154164 bcsId: 4237} | ret=SUCCESS |  
2019-08-23 07:09:11,926 | INFO  | DNAudit | user=null | ip=null | op=WRITE_CHUNK {blockData=conID: 2 locID: 102665037529154164 bcsId: 4237} | ret=SUCCESS |  
2019-08-23 07:09:11,926 | INFO  | DNAudit | user=null | ip=null | op=PUT_BLOCK {blockData=[blockId=conID: 2 locID: 102665037529154164 bcsId: 0,size=3145728]} | ret=SUCCESS |  
2019-08-23 07:09:11,927 [grpc-default-executor-4] INFO  client.GrpcClientProtocolClient (GrpcClientProtocolClient.java:onNext(255)) - client-D91E5D1E15CE->f2ba01fc-a63e-4348-bd18-030b60a135e7: receive RaftClientReply:client-D91E5D1E15CE->f2ba01fc-a63e-4348-bd18-030b60a135e7@group-C8C62FEF0626, cid=2843, SUCCESS, logIndex=4242, commits[f2ba01fc-a63e-4348-bd18-030b60a135e7:c4243, eab135d4-a257-4705-b491-6c056b8c5df7:c4241, a4f67574-9018-43e7-8a54-351e98dc3d0a:c4241]
2019-08-23 07:09:11,927 [grpc-default-executor-4] INFO  client.GrpcClientProtocolClient (GrpcClientProtocolClient.java:onNext(255)) - client-D91E5D1E15CE->f2ba01fc-a63e-4348-bd18-030b60a135e7: receive RaftClientReply:client-D91E5D1E15CE->f2ba01fc-a63e-4348-bd18-030b60a135e7@group-C8C62FEF0626, cid=2844, SUCCESS, logIndex=4243, commits[f2ba01fc-a63e-4348-bd18-030b60a135e7:c4243, eab135d4-a257-4705-b491-6c056b8c5df7:c4241, a4f67574-9018-43e7-8a54-351e98dc3d0a:c4241]
2019-08-23 07:09:11,934 | INFO  | DNAudit | user=null | ip=null | op=WRITE_CHUNK {blockData=conID: 2 locID: 102665037529154164 bcsId: 4243} | ret=SUCCESS |  
2019-08-23 07:09:11,936 | INFO  | DNAudit | user=null | ip=null | op=WRITE_CHUNK {blockData=conID: 2 locID: 102665037529154164 bcsId: 4243} | ret=SUCCESS |  
2019-08-23 07:09:11,936 | INFO  | DNAudit | user=null | ip=null | op=WRITE_CHUNK {blockData=conID: 2 locID: 102665037529154164 bcsId: 4243} | ret=SUCCESS |  
2019-08-23 07:09:11,937 | INFO  | DNAudit | user=null | ip=null | op=WRITE_CHUNK {blockData=conID: 2 locID: 102665037529154164 bcsId: 4237} | ret=SUCCESS |  
2019-08-23 07:09:11,937 | INFO  | DNAudit | user=null | ip=null | op=WRITE_CHUNK {blockData=conID: 2 locID: 102665037529154164 bcsId: 4237} | ret=SUCCESS |  
2019-08-23 07:09:11,939 | INFO  | DNAudit | user=null | ip=null | op=PUT_BLOCK {blockData=[blockId=conID: 2 locID: 102665037529154164 bcsId: 0,size=3145728]} | ret=SUCCESS |  
2019-08-23 07:09:11,939 | INFO  | DNAudit | user=null | ip=null | op=PUT_BLOCK {blockData=[blockId=conID: 2 locID: 102665037529154164 bcsId: 0,size=3145728]} | ret=SUCCESS |  
2019-08-23 07:09:11,939 | INFO  | DNAudit | user=null | ip=null | op=WRITE_CHUNK {blockData=conID: 2 locID: 102665037529154164 bcsId: 4243} | ret=SUCCESS |  
2019-08-23 07:09:11,939 | INFO  | DNAudit | user=null | ip=null | op=PUT_BLOCK {blockData=[blockId=conID: 2 locID: 102665037529154164 bcsId: 0,size=4194304]} | ret=SUCCESS |  
2019-08-23 07:09:11,939 [grpc-default-executor-0] INFO  client.GrpcClientProtocolClient (GrpcClientProtocolClient.java:onNext(255)) - client-D91E5D1E15CE->f2ba01fc-a63e-4348-bd18-030b60a135e7: receive RaftClientReply:client-D91E5D1E15CE->f2ba01fc-a63e-4348-bd18-030b60a135e7@group-C8C62FEF0626, cid=2845, SUCCESS, logIndex=4246, commits[f2ba01fc-a63e-4348-bd18-030b60a135e7:c4247, eab135d4-a257-4705-b491-6c056b8c5df7:c4243, a4f67574-9018-43e7-8a54-351e98dc3d0a:c4243]
2019-08-23 07:09:11,940 [grpc-default-executor-0] INFO  client.GrpcClientProtocolClient (GrpcClientProtocolClient.java:onNext(255)) - client-D91E5D1E15CE->f2ba01fc-a63e-4348-bd18-030b60a135e7: receive RaftClientReply:client-D91E5D1E15CE->f2ba01fc-a63e-4348-bd18-030b60a135e7@group-C8C62FEF0626, cid=2846, SUCCESS, logIndex=4247, commits[f2ba01fc-a63e-4348-bd18-030b60a135e7:c4247, eab135d4-a257-4705-b491-6c056b8c5df7:c4243, a4f67574-9018-43e7-8a54-351e98dc3d0a:c4243]
2019-08-23 07:09:11,951 | INFO  | DNAudit | user=null | ip=null | op=WRITE_CHUNK {blockData=conID: 2 locID: 102665037529154164 bcsId: 4243} | ret=SUCCESS |  
2019-08-23 07:09:11,951 | INFO  | DNAudit | user=null | ip=null | op=WRITE_CHUNK {blockData=conID: 2 locID: 102665037529154164 bcsId: 4243} | ret=SUCCESS |  
2019-08-23 07:09:11,952 | INFO  | DNAudit | user=null | ip=null | op=PUT_BLOCK {blockData=[blockId=conID: 2 locID: 102665037529154164 bcsId: 0,size=4194304]} | ret=SUCCESS |  
2019-08-23 07:09:11,952 | INFO  | DNAudit | user=null | ip=null | op=PUT_BLOCK {blockData=[blockId=conID: 2 locID: 102665037529154164 bcsId: 0,size=4194304]} | ret=SUCCESS |  
2019-08-23 07:09:11,952 [grpc-default-executor-0] INFO  client.GrpcClientProtocolClient (GrpcClientProtocolClient.java:onNext(255)) - client-D91E5D1E15CE->f2ba01fc-a63e-4348-bd18-030b60a135e7: receive RaftClientReply:client-D91E5D1E15CE->f2ba01fc-a63e-4348-bd18-030b60a135e7@group-C8C62FEF0626, cid=2847, SUCCESS, logIndex=0, commits[f2ba01fc-a63e-4348-bd18-030b60a135e7:c4249, eab135d4-a257-4705-b491-6c056b8c5df7:c4247, a4f67574-9018-43e7-8a54-351e98dc3d0a:c4247]
2019-08-23 07:09:11,959 | INFO  | SCMAudit | user=jenkins1000 | ip=192.168.5.178 | op=ALLOCATE_BLOCK {owner=aaf04d22-10dd-4717-8862-c651bdde72cf, size=4194304, type=RATIS, factor=THREE} | ret=SUCCESS |  
2019-08-23 07:09:11,962 | INFO  | OMAudit | user=jenkins1000 | ip=127.0.0.1 | op=ALLOCATE_BLOCK {volume=vol-0-67663, bucket=bucket-0-68950, key=key-0-26970, dataSize=0, replicationType=null, replicationFactor=null, keyLocationInfo=null, clientID=102665036030476690} | ret=SUCCESS |  
2019-08-23 07:09:11,968 | INFO  | DNAudit | user=null | ip=null | op=WRITE_CHUNK {blockData=conID: 3 locID: 102665037542720117 bcsId: 0} | ret=SUCCESS |  
2019-08-23 07:09:11,971 | INFO  | DNAudit | user=null | ip=null | op=WRITE_CHUNK {blockData=conID: 3 locID: 102665037542720117 bcsId: 0} | ret=SUCCESS |  
2019-08-23 07:09:11,971 | INFO  | DNAudit | user=null | ip=null | op=WRITE_CHUNK {blockData=conID: 3 locID: 102665037542720117 bcsId: 0} | ret=SUCCESS |  
2019-08-23 07:09:11,971 | INFO  | DNAudit | user=null | ip=null | op=WRITE_CHUNK {blockData=conID: 3 locID: 102665037542720117 bcsId: 0} | ret=SUCCESS |  
2019-08-23 07:09:11,972 | INFO  | DNAudit | user=null | ip=null | op=WRITE_CHUNK {blockData=conID: 3 locID: 102665037542720117 bcsId: 0} | ret=SUCCESS |  
2019-08-23 07:09:11,972 | INFO  | DNAudit | user=null | ip=null | op=WRITE_CHUNK {blockData=conID: 3 locID: 102665037542720117 bcsId: 0} | ret=SUCCESS |  
2019-08-23 07:09:11,981 | INFO  | DNAudit | user=null | ip=null | op=WRITE_CHUNK {blockData=conID: 3 locID: 102665037542720117 bcsId: 0} | ret=SUCCESS |  
2019-08-23 07:09:11,981 | INFO  | DNAudit | user=null | ip=null | op=PUT_BLOCK {blockData=[blockId=conID: 3 locID: 102665037542720117 bcsId: 0,size=1048576]} | ret=SUCCESS |  
2019-08-23 07:09:11,982 [grpc-default-executor-4] INFO  client.GrpcClientProtocolClient (GrpcClientProtocolClient.java:onNext(255)) - client-D91E5D1E15CE->f2ba01fc-a63e-4348-bd18-030b60a135e7: receive RaftClientReply:client-D91E5D1E15CE->f2ba01fc-a63e-4348-bd18-030b60a135e7@group-C8C62FEF0626, cid=2848, SUCCESS, logIndex=4250, commits[f2ba01fc-a63e-4348-bd18-030b60a135e7:c4251, eab135d4-a257-4705-b491-6c056b8c5df7:c4249, a4f67574-9018-43e7-8a54-351e98dc3d0a:c4249]
2019-08-23 07:09:11,982 | INFO  | DNAudit | user=null | ip=null | op=WRITE_CHUNK {blockData=conID: 3 locID: 102665037542720117 bcsId: 0} | ret=SUCCESS |  
2019-08-23 07:09:11,982 [grpc-default-executor-4] INFO  client.GrpcClientProtocolClient (GrpcClientProtocolClient.java:onNext(255)) - client-D91E5D1E15CE->f2ba01fc-a63e-4348-bd18-030b60a135e7: receive RaftClientReply:client-D91E5D1E15CE->f2ba01fc-a63e-4348-bd18-030b60a135e7@group-C8C62FEF0626, cid=2849, SUCCESS, logIndex=4251, commits[f2ba01fc-a63e-4348-bd18-030b60a135e7:c4253, eab135d4-a257-4705-b491-6c056b8c5df7:c4249, a4f67574-9018-43e7-8a54-351e98dc3d0a:c4249]
2019-08-23 07:09:11,982 | INFO  | DNAudit | user=null | ip=null | op=WRITE_CHUNK {blockData=conID: 3 locID: 102665037542720117 bcsId: 0} | ret=SUCCESS |  
2019-08-23 07:09:11,982 | INFO  | DNAudit | user=null | ip=null | op=PUT_BLOCK {blockData=[blockId=conID: 3 locID: 102665037542720117 bcsId: 0,size=2097152]} | ret=SUCCESS |  
2019-08-23 07:09:11,982 | INFO  | DNAudit | user=null | ip=null | op=PUT_BLOCK {blockData=[blockId=conID: 3 locID: 102665037542720117 bcsId: 0,size=1048576]} | ret=SUCCESS |  
2019-08-23 07:09:11,982 [grpc-default-executor-0] INFO  client.GrpcClientProtocolClient (GrpcClientProtocolClient.java:onNext(255)) - client-D91E5D1E15CE->f2ba01fc-a63e-4348-bd18-030b60a135e7: receive RaftClientReply:client-D91E5D1E15CE->f2ba01fc-a63e-4348-bd18-030b60a135e7@group-C8C62FEF0626, cid=2850, SUCCESS, logIndex=4252, commits[f2ba01fc-a63e-4348-bd18-030b60a135e7:c4253, eab135d4-a257-4705-b491-6c056b8c5df7:c4249, a4f67574-9018-43e7-8a54-351e98dc3d0a:c4249]
2019-08-23 07:09:11,983 | INFO  | DNAudit | user=null | ip=null | op=WRITE_CHUNK {blockData=conID: 3 locID: 102665037542720117 bcsId: 0} | ret=SUCCESS |  
2019-08-23 07:09:11,983 | INFO  | DNAudit | user=null | ip=null | op=PUT_BLOCK {blockData=[blockId=conID: 3 locID: 102665037542720117 bcsId: 0,size=1048576]} | ret=SUCCESS |  
2019-08-23 07:09:11,983 [grpc-default-executor-4] INFO  client.GrpcClientProtocolClient (GrpcClientProtocolClient.java:onNext(255)) - client-D91E5D1E15CE->f2ba01fc-a63e-4348-bd18-030b60a135e7: receive RaftClientReply:client-D91E5D1E15CE->f2ba01fc-a63e-4348-bd18-030b60a135e7@group-C8C62FEF0626, cid=2851, SUCCESS, logIndex=4253, commits[f2ba01fc-a63e-4348-bd18-030b60a135e7:c4255, eab135d4-a257-4705-b491-6c056b8c5df7:c4251, a4f67574-9018-43e7-8a54-351e98dc3d0a:c4249]
2019-08-23 07:09:11,983 | INFO  | DNAudit | user=null | ip=null | op=WRITE_CHUNK {blockData=conID: 3 locID: 102665037542720117 bcsId: 0} | ret=SUCCESS |  
2019-08-23 07:09:11,983 | INFO  | DNAudit | user=null | ip=null | op=WRITE_CHUNK {blockData=conID: 3 locID: 102665037542720117 bcsId: 0} | ret=SUCCESS |  
2019-08-23 07:09:11,983 | INFO  | DNAudit | user=null | ip=null | op=PUT_BLOCK {blockData=[blockId=conID: 3 locID: 102665037542720117 bcsId: 0,size=2097152]} | ret=SUCCESS |  
2019-08-23 07:09:11,984 [grpc-default-executor-4] INFO  client.GrpcClientProtocolClient (GrpcClientProtocolClient.java:onNext(255)) - client-D91E5D1E15CE->f2ba01fc-a63e-4348-bd18-030b60a135e7: receive RaftClientReply:client-D91E5D1E15CE->f2ba01fc-a63e-4348-bd18-030b60a135e7@group-C8C62FEF0626, cid=2852, SUCCESS, logIndex=0, commits[f2ba01fc-a63e-4348-bd18-030b60a135e7:c4256, eab135d4-a257-4705-b491-6c056b8c5df7:c4253, a4f67574-9018-43e7-8a54-351e98dc3d0a:c4252]
2019-08-23 07:09:11,985 | INFO  | DNAudit | user=null | ip=null | op=PUT_BLOCK {blockData=[blockId=conID: 3 locID: 102665037542720117 bcsId: 0,size=2097152]} | ret=SUCCESS |  
2019-08-23 07:09:11,989 | INFO  | DNAudit | user=null | ip=null | op=WRITE_CHUNK {blockData=conID: 3 locID: 102665037542720117 bcsId: 4253} | ret=SUCCESS |  
2019-08-23 07:09:11,991 | INFO  | DNAudit | user=null | ip=null | op=WRITE_CHUNK {blockData=conID: 3 locID: 102665037542720117 bcsId: 4253} | ret=SUCCESS |  
2019-08-23 07:09:11,991 | INFO  | DNAudit | user=null | ip=null | op=WRITE_CHUNK {blockData=conID: 3 locID: 102665037542720117 bcsId: 4253} | ret=SUCCESS |  
2019-08-23 07:09:11,994 | INFO  | DNAudit | user=null | ip=null | op=WRITE_CHUNK {blockData=conID: 3 locID: 102665037542720117 bcsId: 4253} | ret=SUCCESS |  
2019-08-23 07:09:11,994 | INFO  | DNAudit | user=null | ip=null | op=PUT_BLOCK {blockData=[blockId=conID: 3 locID: 102665037542720117 bcsId: 0,size=3145728]} | ret=SUCCESS |  
2019-08-23 07:09:11,994 [grpc-default-executor-3] INFO  client.GrpcClientProtocolClient (GrpcClientProtocolClient.java:onNext(255)) - client-D91E5D1E15CE->f2ba01fc-a63e-4348-bd18-030b60a135e7: receive RaftClientReply:client-D91E5D1E15CE->f2ba01fc-a63e-4348-bd18-030b60a135e7@group-C8C62FEF0626, cid=2853, SUCCESS, logIndex=4258, commits[f2ba01fc-a63e-4348-bd18-030b60a135e7:c4259, eab135d4-a257-4705-b491-6c056b8c5df7:c4257, a4f67574-9018-43e7-8a54-351e98dc3d0a:c4257]
2019-08-23 07:09:11,995 [grpc-default-executor-3] INFO  client.GrpcClientProtocolClient (GrpcClientProtocolClient.java:onNext(255)) - client-D91E5D1E15CE->f2ba01fc-a63e-4348-bd18-030b60a135e7: receive RaftClientReply:client-D91E5D1E15CE->f2ba01fc-a63e-4348-bd18-030b60a135e7@group-C8C62FEF0626, cid=2854, SUCCESS, logIndex=4259, commits[f2ba01fc-a63e-4348-bd18-030b60a135e7:c4259, eab135d4-a257-4705-b491-6c056b8c5df7:c4257, a4f67574-9018-43e7-8a54-351e98dc3d0a:c4257]
2019-08-23 07:09:11,995 | INFO  | DNAudit | user=null | ip=null | op=WRITE_CHUNK {blockData=conID: 3 locID: 102665037542720117 bcsId: 4253} | ret=SUCCESS |  
2019-08-23 07:09:11,995 | INFO  | DNAudit | user=null | ip=null | op=WRITE_CHUNK {blockData=conID: 3 locID: 102665037542720117 bcsId: 4253} | ret=SUCCESS |  
2019-08-23 07:09:11,995 | INFO  | DNAudit | user=null | ip=null | op=PUT_BLOCK {blockData=[blockId=conID: 3 locID: 102665037542720117 bcsId: 0,size=3145728]} | ret=SUCCESS |  
2019-08-23 07:09:11,995 | INFO  | DNAudit | user=null | ip=null | op=PUT_BLOCK {blockData=[blockId=conID: 3 locID: 102665037542720117 bcsId: 0,size=3145728]} | ret=SUCCESS |  
2019-08-23 07:09:12,000 | INFO  | DNAudit | user=null | ip=null | op=WRITE_CHUNK {blockData=conID: 3 locID: 102665037542720117 bcsId: 4259} | ret=SUCCESS |  
2019-08-23 07:09:12,002 | INFO  | DNAudit | user=null | ip=null | op=WRITE_CHUNK {blockData=conID: 3 locID: 102665037542720117 bcsId: 4259} | ret=SUCCESS |  
2019-08-23 07:09:12,003 | INFO  | DNAudit | user=null | ip=null | op=WRITE_CHUNK {blockData=conID: 3 locID: 102665037542720117 bcsId: 4259} | ret=SUCCESS |  
2019-08-23 07:09:12,005 | INFO  | DNAudit | user=null | ip=null | op=WRITE_CHUNK {blockData=conID: 3 locID: 102665037542720117 bcsId: 4259} | ret=SUCCESS |  
2019-08-23 07:09:12,005 | INFO  | DNAudit | user=null | ip=null | op=PUT_BLOCK {blockData=[blockId=conID: 3 locID: 102665037542720117 bcsId: 0,size=4194304]} | ret=SUCCESS |  
2019-08-23 07:09:12,005 [grpc-default-executor-0] INFO  client.GrpcClientProtocolClient (GrpcClientProtocolClient.java:onNext(255)) - client-D91E5D1E15CE->f2ba01fc-a63e-4348-bd18-030b60a135e7: receive RaftClientReply:client-D91E5D1E15CE->f2ba01fc-a63e-4348-bd18-030b60a135e7@group-C8C62FEF0626, cid=2855, SUCCESS, logIndex=4262, commits[f2ba01fc-a63e-4348-bd18-030b60a135e7:c4263, eab135d4-a257-4705-b491-6c056b8c5df7:c4261, a4f67574-9018-43e7-8a54-351e98dc3d0a:c4259]
2019-08-23 07:09:12,005 [grpc-default-executor-0] INFO  client.GrpcClientProtocolClient (GrpcClientProtocolClient.java:onNext(255)) - client-D91E5D1E15CE->f2ba01fc-a63e-4348-bd18-030b60a135e7: receive RaftClientReply:client-D91E5D1E15CE->f2ba01fc-a63e-4348-bd18-030b60a135e7@group-C8C62FEF0626, cid=2856, SUCCESS, logIndex=4263, commits[f2ba01fc-a63e-4348-bd18-030b60a135e7:c4263, eab135d4-a257-4705-b491-6c056b8c5df7:c4261, a4f67574-9018-43e7-8a54-351e98dc3d0a:c4261]
2019-08-23 07:09:12,006 | INFO  | DNAudit | user=null | ip=null | op=WRITE_CHUNK {blockData=conID: 3 locID: 102665037542720117 bcsId: 4259} | ret=SUCCESS |  
2019-08-23 07:09:12,006 | INFO  | DNAudit | user=null | ip=null | op=WRITE_CHUNK {blockData=conID: 3 locID: 102665037542720117 bcsId: 4259} | ret=SUCCESS |  
2019-08-23 07:09:12,006 | INFO  | DNAudit | user=null | ip=null | op=PUT_BLOCK {blockData=[blockId=conID: 3 locID: 102665037542720117 bcsId: 0,size=4194304]} | ret=SUCCESS |  
2019-08-23 07:09:12,006 | INFO  | DNAudit | user=null | ip=null | op=PUT_BLOCK {blockData=[blockId=conID: 3 locID: 102665037542720117 bcsId: 0,size=4194304]} | ret=SUCCESS |  
2019-08-23 07:09:12,007 [grpc-default-executor-3] INFO  client.GrpcClientProtocolClient (GrpcClientProtocolClient.java:onNext(255)) - client-D91E5D1E15CE->f2ba01fc-a63e-4348-bd18-030b60a135e7: receive RaftClientReply:client-D91E5D1E15CE->f2ba01fc-a63e-4348-bd18-030b60a135e7@group-C8C62FEF0626, cid=2857, SUCCESS, logIndex=0, commits[f2ba01fc-a63e-4348-bd18-030b60a135e7:c4264, eab135d4-a257-4705-b491-6c056b8c5df7:c4263, a4f67574-9018-43e7-8a54-351e98dc3d0a:c4263]
2019-08-23 07:09:12,011 | INFO  | SCMAudit | user=jenkins1000 | ip=192.168.5.178 | op=ALLOCATE_BLOCK {owner=aaf04d22-10dd-4717-8862-c651bdde72cf, size=4194304, type=RATIS, factor=THREE} | ret=SUCCESS |  
2019-08-23 07:09:12,014 | INFO  | OMAudit | user=jenkins1000 | ip=127.0.0.1 | op=ALLOCATE_BLOCK {volume=vol-0-67663, bucket=bucket-0-68950, key=key-0-26970, dataSize=0, replicationType=null, replicationFactor=null, keyLocationInfo=null, clientID=102665036030476690} | ret=SUCCESS |  
2019-08-23 07:09:12,020 | INFO  | DNAudit | user=null | ip=null | op=WRITE_CHUNK {blockData=conID: 1 locID: 102665037546193526 bcsId: 0} | ret=SUCCESS |  
2019-08-23 07:09:12,022 | INFO  | DNAudit | user=null | ip=null | op=WRITE_CHUNK {blockData=conID: 1 locID: 102665037546193526 bcsId: 0} | ret=SUCCESS |  
2019-08-23 07:09:12,022 | INFO  | DNAudit | user=null | ip=null | op=WRITE_CHUNK {blockData=conID: 1 locID: 102665037546193526 bcsId: 0} | ret=SUCCESS |  
2019-08-23 07:09:12,023 | INFO  | DNAudit | user=null | ip=null | op=WRITE_CHUNK {blockData=conID: 1 locID: 102665037546193526 bcsId: 0} | ret=SUCCESS |  
2019-08-23 07:09:12,024 | INFO  | DNAudit | user=null | ip=null | op=WRITE_CHUNK {blockData=conID: 1 locID: 102665037546193526 bcsId: 0} | ret=SUCCESS |  
2019-08-23 07:09:12,024 | INFO  | DNAudit | user=null | ip=null | op=WRITE_CHUNK {blockData=conID: 1 locID: 102665037546193526 bcsId: 0} | ret=SUCCESS |  
2019-08-23 07:09:12,041 | INFO  | DNAudit | user=null | ip=null | op=WRITE_CHUNK {blockData=conID: 1 locID: 102665037546193526 bcsId: 0} | ret=SUCCESS |  
2019-08-23 07:09:12,041 | INFO  | DNAudit | user=null | ip=null | op=PUT_BLOCK {blockData=[blockId=conID: 1 locID: 102665037546193526 bcsId: 0,size=1048576]} | ret=SUCCESS |  
2019-08-23 07:09:12,041 [grpc-default-executor-0] INFO  client.GrpcClientProtocolClient (GrpcClientProtocolClient.java:onNext(255)) - client-D91E5D1E15CE->f2ba01fc-a63e-4348-bd18-030b60a135e7: receive RaftClientReply:client-D91E5D1E15CE->f2ba01fc-a63e-4348-bd18-030b60a135e7@group-C8C62FEF0626, cid=2858, SUCCESS, logIndex=4265, commits[f2ba01fc-a63e-4348-bd18-030b60a135e7:c4266, eab135d4-a257-4705-b491-6c056b8c5df7:c4264, a4f67574-9018-43e7-8a54-351e98dc3d0a:c4264]
2019-08-23 07:09:12,042 | INFO  | DNAudit | user=null | ip=null | op=WRITE_CHUNK {blockData=conID: 1 locID: 102665037546193526 bcsId: 0} | ret=SUCCESS |  
2019-08-23 07:09:12,042 [grpc-default-executor-0] INFO  client.GrpcClientProtocolClient (GrpcClientProtocolClient.java:onNext(255)) - client-D91E5D1E15CE->f2ba01fc-a63e-4348-bd18-030b60a135e7: receive RaftClientReply:client-D91E5D1E15CE->f2ba01fc-a63e-4348-bd18-030b60a135e7@group-C8C62FEF0626, cid=2859, SUCCESS, logIndex=4266, commits[f2ba01fc-a63e-4348-bd18-030b60a135e7:c4266, eab135d4-a257-4705-b491-6c056b8c5df7:c4264, a4f67574-9018-43e7-8a54-351e98dc3d0a:c4264]
2019-08-23 07:09:12,042 | INFO  | DNAudit | user=null | ip=null | op=PUT_BLOCK {blockData=[blockId=conID: 1 locID: 102665037546193526 bcsId: 0,size=2097152]} | ret=SUCCESS |  
2019-08-23 07:09:12,042 [grpc-default-executor-0] INFO  client.GrpcClientProtocolClient (GrpcClientProtocolClient.java:onNext(255)) - client-D91E5D1E15CE->f2ba01fc-a63e-4348-bd18-030b60a135e7: receive RaftClientReply:client-D91E5D1E15CE->f2ba01fc-a63e-4348-bd18-030b60a135e7@group-C8C62FEF0626, cid=2860, SUCCESS, logIndex=4267, commits[f2ba01fc-a63e-4348-bd18-030b60a135e7:c4268, eab135d4-a257-4705-b491-6c056b8c5df7:c4264, a4f67574-9018-43e7-8a54-351e98dc3d0a:c4264]
2019-08-23 07:09:12,043 | INFO  | DNAudit | user=null | ip=null | op=WRITE_CHUNK {blockData=conID: 1 locID: 102665037546193526 bcsId: 0} | ret=SUCCESS |  
2019-08-23 07:09:12,043 [grpc-default-executor-0] INFO  client.GrpcClientProtocolClient (GrpcClientProtocolClient.java:onNext(255)) - client-D91E5D1E15CE->f2ba01fc-a63e-4348-bd18-030b60a135e7: receive RaftClientReply:client-D91E5D1E15CE->f2ba01fc-a63e-4348-bd18-030b60a135e7@group-C8C62FEF0626, cid=2861, SUCCESS, logIndex=4268, commits[f2ba01fc-a63e-4348-bd18-030b60a135e7:c4268, eab135d4-a257-4705-b491-6c056b8c5df7:c4264, a4f67574-9018-43e7-8a54-351e98dc3d0a:c4264]
2019-08-23 07:09:12,043 | INFO  | DNAudit | user=null | ip=null | op=PUT_BLOCK {blockData=[blockId=conID: 1 locID: 102665037546193526 bcsId: 0,size=1048576]} | ret=SUCCESS |  
2019-08-23 07:09:12,043 | INFO  | DNAudit | user=null | ip=null | op=WRITE_CHUNK {blockData=conID: 1 locID: 102665037546193526 bcsId: 0} | ret=SUCCESS |  
2019-08-23 07:09:12,043 | INFO  | DNAudit | user=null | ip=null | op=PUT_BLOCK {blockData=[blockId=conID: 1 locID: 102665037546193526 bcsId: 0,size=1048576]} | ret=SUCCESS |  
2019-08-23 07:09:12,043 [grpc-default-executor-3] INFO  client.GrpcClientProtocolClient (GrpcClientProtocolClient.java:onNext(255)) - client-D91E5D1E15CE->f2ba01fc-a63e-4348-bd18-030b60a135e7: receive RaftClientReply:client-D91E5D1E15CE->f2ba01fc-a63e-4348-bd18-030b60a135e7@group-C8C62FEF0626, cid=2862, SUCCESS, logIndex=0, commits[f2ba01fc-a63e-4348-bd18-030b60a135e7:c4270, eab135d4-a257-4705-b491-6c056b8c5df7:c4266, a4f67574-9018-43e7-8a54-351e98dc3d0a:c4266]
2019-08-23 07:09:12,044 | INFO  | DNAudit | user=null | ip=null | op=WRITE_CHUNK {blockData=conID: 1 locID: 102665037546193526 bcsId: 0} | ret=SUCCESS |  
2019-08-23 07:09:12,044 | INFO  | DNAudit | user=null | ip=null | op=PUT_BLOCK {blockData=[blockId=conID: 1 locID: 102665037546193526 bcsId: 0,size=2097152]} | ret=SUCCESS |  
2019-08-23 07:09:12,044 | INFO  | DNAudit | user=null | ip=null | op=WRITE_CHUNK {blockData=conID: 1 locID: 102665037546193526 bcsId: 0} | ret=SUCCESS |  
2019-08-23 07:09:12,044 | INFO  | DNAudit | user=null | ip=null | op=PUT_BLOCK {blockData=[blockId=conID: 1 locID: 102665037546193526 bcsId: 0,size=2097152]} | ret=SUCCESS |  
2019-08-23 07:09:12,049 | INFO  | DNAudit | user=null | ip=null | op=WRITE_CHUNK {blockData=conID: 1 locID: 102665037546193526 bcsId: 4268} | ret=SUCCESS |  
2019-08-23 07:09:12,051 | INFO  | DNAudit | user=null | ip=null | op=WRITE_CHUNK {blockData=conID: 1 locID: 102665037546193526 bcsId: 4268} | ret=SUCCESS |  
2019-08-23 07:09:12,051 | INFO  | DNAudit | user=null | ip=null | op=WRITE_CHUNK {blockData=conID: 1 locID: 102665037546193526 bcsId: 4268} | ret=SUCCESS |  
2019-08-23 07:09:12,062 | INFO  | DNAudit | user=null | ip=null | op=WRITE_CHUNK {blockData=conID: 1 locID: 102665037546193526 bcsId: 4268} | ret=SUCCESS |  
2019-08-23 07:09:12,062 | INFO  | DNAudit | user=null | ip=null | op=PUT_BLOCK {blockData=[blockId=conID: 1 locID: 102665037546193526 bcsId: 0,size=3145728]} | ret=SUCCESS |  
2019-08-23 07:09:12,062 [grpc-default-executor-4] INFO  client.GrpcClientProtocolClient (GrpcClientProtocolClient.java:onNext(255)) - client-D91E5D1E15CE->f2ba01fc-a63e-4348-bd18-030b60a135e7: receive RaftClientReply:client-D91E5D1E15CE->f2ba01fc-a63e-4348-bd18-030b60a135e7@group-C8C62FEF0626, cid=2863, SUCCESS, logIndex=4272, commits[f2ba01fc-a63e-4348-bd18-030b60a135e7:c4273, eab135d4-a257-4705-b491-6c056b8c5df7:c4271, a4f67574-9018-43e7-8a54-351e98dc3d0a:c4271]
2019-08-23 07:09:12,063 [grpc-default-executor-4] INFO  client.GrpcClientProtocolClient (GrpcClientProtocolClient.java:onNext(255)) - client-D91E5D1E15CE->f2ba01fc-a63e-4348-bd18-030b60a135e7: receive RaftClientReply:client-D91E5D1E15CE->f2ba01fc-a63e-4348-bd18-030b60a135e7@group-C8C62FEF0626, cid=2864, SUCCESS, logIndex=4273, commits[f2ba01fc-a63e-4348-bd18-030b60a135e7:c4273, eab135d4-a257-4705-b491-6c056b8c5df7:c4271, a4f67574-9018-43e7-8a54-351e98dc3d0a:c4271]
2019-08-23 07:09:12,068 | INFO  | DNAudit | user=null | ip=null | op=WRITE_CHUNK {blockData=conID: 1 locID: 102665037546193526 bcsId: 4273} | ret=SUCCESS |  
2019-08-23 07:09:12,070 | INFO  | DNAudit | user=null | ip=null | op=WRITE_CHUNK {blockData=conID: 1 locID: 102665037546193526 bcsId: 4273} | ret=SUCCESS |  
2019-08-23 07:09:12,071 | INFO  | DNAudit | user=null | ip=null | op=WRITE_CHUNK {blockData=conID: 1 locID: 102665037546193526 bcsId: 4273} | ret=SUCCESS |  
2019-08-23 07:09:12,073 | INFO  | DNAudit | user=null | ip=null | op=WRITE_CHUNK {blockData=conID: 1 locID: 102665037546193526 bcsId: 4268} | ret=SUCCESS |  
2019-08-23 07:09:12,073 | INFO  | DNAudit | user=null | ip=null | op=WRITE_CHUNK {blockData=conID: 1 locID: 102665037546193526 bcsId: 4268} | ret=SUCCESS |  
2019-08-23 07:09:12,074 | INFO  | DNAudit | user=null | ip=null | op=PUT_BLOCK {blockData=[blockId=conID: 1 locID: 102665037546193526 bcsId: 0,size=3145728]} | ret=SUCCESS |  
2019-08-23 07:09:12,075 | INFO  | DNAudit | user=null | ip=null | op=PUT_BLOCK {blockData=[blockId=conID: 1 locID: 102665037546193526 bcsId: 0,size=3145728]} | ret=SUCCESS |  
2019-08-23 07:09:12,075 | INFO  | DNAudit | user=null | ip=null | op=WRITE_CHUNK {blockData=conID: 1 locID: 102665037546193526 bcsId: 4273} | ret=SUCCESS |  
2019-08-23 07:09:12,075 | INFO  | DNAudit | user=null | ip=null | op=PUT_BLOCK {blockData=[blockId=conID: 1 locID: 102665037546193526 bcsId: 0,size=4194304]} | ret=SUCCESS |  
2019-08-23 07:09:12,075 [grpc-default-executor-3] INFO  client.GrpcClientProtocolClient (GrpcClientProtocolClient.java:onNext(255)) - client-D91E5D1E15CE->f2ba01fc-a63e-4348-bd18-030b60a135e7: receive RaftClientReply:client-D91E5D1E15CE->f2ba01fc-a63e-4348-bd18-030b60a135e7@group-C8C62FEF0626, cid=2865, SUCCESS, logIndex=4276, commits[f2ba01fc-a63e-4348-bd18-030b60a135e7:c4277, eab135d4-a257-4705-b491-6c056b8c5df7:c4273, a4f67574-9018-43e7-8a54-351e98dc3d0a:c4273]
2019-08-23 07:09:12,076 [grpc-default-executor-3] INFO  client.GrpcClientProtocolClient (GrpcClientProtocolClient.java:onNext(255)) - client-D91E5D1E15CE->f2ba01fc-a63e-4348-bd18-030b60a135e7: receive RaftClientReply:client-D91E5D1E15CE->f2ba01fc-a63e-4348-bd18-030b60a135e7@group-C8C62FEF0626, cid=2866, SUCCESS, logIndex=4277, commits[f2ba01fc-a63e-4348-bd18-030b60a135e7:c4277, eab135d4-a257-4705-b491-6c056b8c5df7:c4273, a4f67574-9018-43e7-8a54-351e98dc3d0a:c4273]
2019-08-23 07:09:12,086 | INFO  | DNAudit | user=null | ip=null | op=WRITE_CHUNK {blockData=conID: 1 locID: 102665037546193526 bcsId: 4273} | ret=SUCCESS |  
2019-08-23 07:09:12,087 | INFO  | DNAudit | user=null | ip=null | op=WRITE_CHUNK {blockData=conID: 1 locID: 102665037546193526 bcsId: 4273} | ret=SUCCESS |  
2019-08-23 07:09:12,088 | INFO  | DNAudit | user=null | ip=null | op=PUT_BLOCK {blockData=[blockId=conID: 1 locID: 102665037546193526 bcsId: 0,size=4194304]} | ret=SUCCESS |  
2019-08-23 07:09:12,088 | INFO  | DNAudit | user=null | ip=null | op=PUT_BLOCK {blockData=[blockId=conID: 1 locID: 102665037546193526 bcsId: 0,size=4194304]} | ret=SUCCESS |  
2019-08-23 07:09:12,088 [grpc-default-executor-3] INFO  client.GrpcClientProtocolClient (GrpcClientProtocolClient.java:onNext(255)) - client-D91E5D1E15CE->f2ba01fc-a63e-4348-bd18-030b60a135e7: receive RaftClientReply:client-D91E5D1E15CE->f2ba01fc-a63e-4348-bd18-030b60a135e7@group-C8C62FEF0626, cid=2867, SUCCESS, logIndex=0, commits[f2ba01fc-a63e-4348-bd18-030b60a135e7:c4279, eab135d4-a257-4705-b491-6c056b8c5df7:c4277, a4f67574-9018-43e7-8a54-351e98dc3d0a:c4277]
2019-08-23 07:09:12,093 | INFO  | SCMAudit | user=jenkins1000 | ip=192.168.5.178 | op=ALLOCATE_BLOCK {owner=aaf04d22-10dd-4717-8862-c651bdde72cf, size=4194304, type=RATIS, factor=THREE} | ret=SUCCESS |  
2019-08-23 07:09:12,097 | INFO  | OMAudit | user=jenkins1000 | ip=127.0.0.1 | op=ALLOCATE_BLOCK {volume=vol-0-67663, bucket=bucket-0-68950, key=key-0-26970, dataSize=0, replicationType=null, replicationFactor=null, keyLocationInfo=null, clientID=102665036030476690} | ret=SUCCESS |  
2019-08-23 07:09:12,103 | INFO  | DNAudit | user=null | ip=null | op=WRITE_CHUNK {blockData=conID: 2 locID: 102665037551567479 bcsId: 0} | ret=SUCCESS |  
2019-08-23 07:09:12,105 | INFO  | DNAudit | user=null | ip=null | op=WRITE_CHUNK {blockData=conID: 2 locID: 102665037551567479 bcsId: 0} | ret=SUCCESS |  
2019-08-23 07:09:12,106 | INFO  | DNAudit | user=null | ip=null | op=WRITE_CHUNK {blockData=conID: 2 locID: 102665037551567479 bcsId: 0} | ret=SUCCESS |  
2019-08-23 07:09:12,106 | INFO  | DNAudit | user=null | ip=null | op=WRITE_CHUNK {blockData=conID: 2 locID: 102665037551567479 bcsId: 0} | ret=SUCCESS |  
2019-08-23 07:09:12,107 | INFO  | DNAudit | user=null | ip=null | op=WRITE_CHUNK {blockData=conID: 2 locID: 102665037551567479 bcsId: 0} | ret=SUCCESS |  
2019-08-23 07:09:12,108 | INFO  | DNAudit | user=null | ip=null | op=WRITE_CHUNK {blockData=conID: 2 locID: 102665037551567479 bcsId: 0} | ret=SUCCESS |  
2019-08-23 07:09:12,115 | INFO  | DNAudit | user=null | ip=null | op=WRITE_CHUNK {blockData=conID: 2 locID: 102665037551567479 bcsId: 0} | ret=SUCCESS |  
2019-08-23 07:09:12,116 | INFO  | DNAudit | user=null | ip=null | op=PUT_BLOCK {blockData=[blockId=conID: 2 locID: 102665037551567479 bcsId: 0,size=1048576]} | ret=SUCCESS |  
2019-08-23 07:09:12,116 [grpc-default-executor-4] INFO  client.GrpcClientProtocolClient (GrpcClientProtocolClient.java:onNext(255)) - client-D91E5D1E15CE->f2ba01fc-a63e-4348-bd18-030b60a135e7: receive RaftClientReply:client-D91E5D1E15CE->f2ba01fc-a63e-4348-bd18-030b60a135e7@group-C8C62FEF0626, cid=2868, SUCCESS, logIndex=4280, commits[f2ba01fc-a63e-4348-bd18-030b60a135e7:c4282, eab135d4-a257-4705-b491-6c056b8c5df7:c4279, a4f67574-9018-43e7-8a54-351e98dc3d0a:c4279]
2019-08-23 07:09:12,116 | INFO  | DNAudit | user=null | ip=null | op=WRITE_CHUNK {blockData=conID: 2 locID: 102665037551567479 bcsId: 0} | ret=SUCCESS |  
2019-08-23 07:09:12,116 [grpc-default-executor-4] INFO  client.GrpcClientProtocolClient (GrpcClientProtocolClient.java:onNext(255)) - client-D91E5D1E15CE->f2ba01fc-a63e-4348-bd18-030b60a135e7: receive RaftClientReply:client-D91E5D1E15CE->f2ba01fc-a63e-4348-bd18-030b60a135e7@group-C8C62FEF0626, cid=2869, SUCCESS, logIndex=4281, commits[f2ba01fc-a63e-4348-bd18-030b60a135e7:c4283, eab135d4-a257-4705-b491-6c056b8c5df7:c4279, a4f67574-9018-43e7-8a54-351e98dc3d0a:c4279]
2019-08-23 07:09:12,116 | INFO  | DNAudit | user=null | ip=null | op=PUT_BLOCK {blockData=[blockId=conID: 2 locID: 102665037551567479 bcsId: 0,size=2097152]} | ret=SUCCESS |  
2019-08-23 07:09:12,116 [grpc-default-executor-4] INFO  client.GrpcClientProtocolClient (GrpcClientProtocolClient.java:onNext(255)) - client-D91E5D1E15CE->f2ba01fc-a63e-4348-bd18-030b60a135e7: receive RaftClientReply:client-D91E5D1E15CE->f2ba01fc-a63e-4348-bd18-030b60a135e7@group-C8C62FEF0626, cid=2870, SUCCESS, logIndex=4282, commits[f2ba01fc-a63e-4348-bd18-030b60a135e7:c4283, eab135d4-a257-4705-b491-6c056b8c5df7:c4279, a4f67574-9018-43e7-8a54-351e98dc3d0a:c4279]
2019-08-23 07:09:12,117 | INFO  | DNAudit | user=null | ip=null | op=WRITE_CHUNK {blockData=conID: 2 locID: 102665037551567479 bcsId: 0} | ret=SUCCESS |  
2019-08-23 07:09:12,117 [grpc-default-executor-4] INFO  client.GrpcClientProtocolClient (GrpcClientProtocolClient.java:onNext(255)) - client-D91E5D1E15CE->f2ba01fc-a63e-4348-bd18-030b60a135e7: receive RaftClientReply:client-D91E5D1E15CE->f2ba01fc-a63e-4348-bd18-030b60a135e7@group-C8C62FEF0626, cid=2871, SUCCESS, logIndex=4283, commits[f2ba01fc-a63e-4348-bd18-030b60a135e7:c4284, eab135d4-a257-4705-b491-6c056b8c5df7:c4279, a4f67574-9018-43e7-8a54-351e98dc3d0a:c4280]
2019-08-23 07:09:12,117 | INFO  | DNAudit | user=null | ip=null | op=WRITE_CHUNK {blockData=conID: 2 locID: 102665037551567479 bcsId: 0} | ret=SUCCESS |  
2019-08-23 07:09:12,117 | INFO  | DNAudit | user=null | ip=null | op=PUT_BLOCK {blockData=[blockId=conID: 2 locID: 102665037551567479 bcsId: 0,size=1048576]} | ret=SUCCESS |  
2019-08-23 07:09:12,117 | INFO  | DNAudit | user=null | ip=null | op=WRITE_CHUNK {blockData=conID: 2 locID: 102665037551567479 bcsId: 0} | ret=SUCCESS |  
2019-08-23 07:09:12,118 | INFO  | DNAudit | user=null | ip=null | op=PUT_BLOCK {blockData=[blockId=conID: 2 locID: 102665037551567479 bcsId: 0,size=1048576]} | ret=SUCCESS |  
2019-08-23 07:09:12,118 [grpc-default-executor-4] INFO  client.GrpcClientProtocolClient (GrpcClientProtocolClient.java:onNext(255)) - client-D91E5D1E15CE->f2ba01fc-a63e-4348-bd18-030b60a135e7: receive RaftClientReply:client-D91E5D1E15CE->f2ba01fc-a63e-4348-bd18-030b60a135e7@group-C8C62FEF0626, cid=2872, SUCCESS, logIndex=0, commits[f2ba01fc-a63e-4348-bd18-030b60a135e7:c4286, eab135d4-a257-4705-b491-6c056b8c5df7:c4282, a4f67574-9018-43e7-8a54-351e98dc3d0a:c4282]
2019-08-23 07:09:12,118 | INFO  | DNAudit | user=null | ip=null | op=WRITE_CHUNK {blockData=conID: 2 locID: 102665037551567479 bcsId: 0} | ret=SUCCESS |  
2019-08-23 07:09:12,118 | INFO  | DNAudit | user=null | ip=null | op=PUT_BLOCK {blockData=[blockId=conID: 2 locID: 102665037551567479 bcsId: 0,size=2097152]} | ret=SUCCESS |  
2019-08-23 07:09:12,118 | INFO  | DNAudit | user=null | ip=null | op=PUT_BLOCK {blockData=[blockId=conID: 2 locID: 102665037551567479 bcsId: 0,size=2097152]} | ret=SUCCESS |  
2019-08-23 07:09:12,123 | INFO  | DNAudit | user=null | ip=null | op=WRITE_CHUNK {blockData=conID: 2 locID: 102665037551567479 bcsId: 4283} | ret=SUCCESS |  
2019-08-23 07:09:12,124 | INFO  | DNAudit | user=null | ip=null | op=WRITE_CHUNK {blockData=conID: 2 locID: 102665037551567479 bcsId: 4283} | ret=SUCCESS |  
2019-08-23 07:09:12,124 | INFO  | DNAudit | user=null | ip=null | op=WRITE_CHUNK {blockData=conID: 2 locID: 102665037551567479 bcsId: 4283} | ret=SUCCESS |  
2019-08-23 07:09:12,135 | INFO  | DNAudit | user=null | ip=null | op=WRITE_CHUNK {blockData=conID: 2 locID: 102665037551567479 bcsId: 4283} | ret=SUCCESS |  
2019-08-23 07:09:12,135 | INFO  | DNAudit | user=null | ip=null | op=PUT_BLOCK {blockData=[blockId=conID: 2 locID: 102665037551567479 bcsId: 0,size=3145728]} | ret=SUCCESS |  
2019-08-23 07:09:12,135 [grpc-default-executor-0] INFO  client.GrpcClientProtocolClient (GrpcClientProtocolClient.java:onNext(255)) - client-D91E5D1E15CE->f2ba01fc-a63e-4348-bd18-030b60a135e7: receive RaftClientReply:client-D91E5D1E15CE->f2ba01fc-a63e-4348-bd18-030b60a135e7@group-C8C62FEF0626, cid=2873, SUCCESS, logIndex=4288, commits[f2ba01fc-a63e-4348-bd18-030b60a135e7:c4289, eab135d4-a257-4705-b491-6c056b8c5df7:c4287, a4f67574-9018-43e7-8a54-351e98dc3d0a:c4287]
2019-08-23 07:09:12,136 [grpc-default-executor-0] INFO  client.GrpcClientProtocolClient (GrpcClientProtocolClient.java:onNext(255)) - client-D91E5D1E15CE->f2ba01fc-a63e-4348-bd18-030b60a135e7: receive RaftClientReply:client-D91E5D1E15CE->f2ba01fc-a63e-4348-bd18-030b60a135e7@group-C8C62FEF0626, cid=2874, SUCCESS, logIndex=4289, commits[f2ba01fc-a63e-4348-bd18-030b60a135e7:c4289, eab135d4-a257-4705-b491-6c056b8c5df7:c4287, a4f67574-9018-43e7-8a54-351e98dc3d0a:c4287]
2019-08-23 07:09:12,141 | INFO  | DNAudit | user=null | ip=null | op=WRITE_CHUNK {blockData=conID: 2 locID: 102665037551567479 bcsId: 4289} | ret=SUCCESS |  
2019-08-23 07:09:12,142 | INFO  | DNAudit | user=null | ip=null | op=WRITE_CHUNK {blockData=conID: 2 locID: 102665037551567479 bcsId: 4289} | ret=SUCCESS |  
2019-08-23 07:09:12,143 | INFO  | DNAudit | user=null | ip=null | op=WRITE_CHUNK {blockData=conID: 2 locID: 102665037551567479 bcsId: 4289} | ret=SUCCESS |  
2019-08-23 07:09:12,146 | INFO  | DNAudit | user=null | ip=null | op=WRITE_CHUNK {blockData=conID: 2 locID: 102665037551567479 bcsId: 4283} | ret=SUCCESS |  
2019-08-23 07:09:12,146 | INFO  | DNAudit | user=null | ip=null | op=WRITE_CHUNK {blockData=conID: 2 locID: 102665037551567479 bcsId: 4283} | ret=SUCCESS |  
2019-08-23 07:09:12,147 | INFO  | DNAudit | user=null | ip=null | op=PUT_BLOCK {blockData=[blockId=conID: 2 locID: 102665037551567479 bcsId: 0,size=3145728]} | ret=SUCCESS |  
2019-08-23 07:09:12,147 | INFO  | DNAudit | user=null | ip=null | op=PUT_BLOCK {blockData=[blockId=conID: 2 locID: 102665037551567479 bcsId: 0,size=3145728]} | ret=SUCCESS |  
2019-08-23 07:09:12,148 | INFO  | DNAudit | user=null | ip=null | op=WRITE_CHUNK {blockData=conID: 2 locID: 102665037551567479 bcsId: 4289} | ret=SUCCESS |  
2019-08-23 07:09:12,148 | INFO  | DNAudit | user=null | ip=null | op=PUT_BLOCK {blockData=[blockId=conID: 2 locID: 102665037551567479 bcsId: 0,size=4194304]} | ret=SUCCESS |  
2019-08-23 07:09:12,148 [grpc-default-executor-4] INFO  client.GrpcClientProtocolClient (GrpcClientProtocolClient.java:onNext(255)) - client-D91E5D1E15CE->f2ba01fc-a63e-4348-bd18-030b60a135e7: receive RaftClientReply:client-D91E5D1E15CE->f2ba01fc-a63e-4348-bd18-030b60a135e7@group-C8C62FEF0626, cid=2875, SUCCESS, logIndex=4292, commits[f2ba01fc-a63e-4348-bd18-030b60a135e7:c4292, eab135d4-a257-4705-b491-6c056b8c5df7:c4289, a4f67574-9018-43e7-8a54-351e98dc3d0a:c4289]
2019-08-23 07:09:12,148 [grpc-default-executor-4] INFO  client.GrpcClientProtocolClient (GrpcClientProtocolClient.java:onNext(255)) - client-D91E5D1E15CE->f2ba01fc-a63e-4348-bd18-030b60a135e7: receive RaftClientReply:client-D91E5D1E15CE->f2ba01fc-a63e-4348-bd18-030b60a135e7@group-C8C62FEF0626, cid=2876, SUCCESS, logIndex=4293, commits[f2ba01fc-a63e-4348-bd18-030b60a135e7:c4293, eab135d4-a257-4705-b491-6c056b8c5df7:c4289, a4f67574-9018-43e7-8a54-351e98dc3d0a:c4289]
2019-08-23 07:09:12,159 | INFO  | DNAudit | user=null | ip=null | op=WRITE_CHUNK {blockData=conID: 2 locID: 102665037551567479 bcsId: 4289} | ret=SUCCESS |  
2019-08-23 07:09:12,159 | INFO  | DNAudit | user=null | ip=null | op=WRITE_CHUNK {blockData=conID: 2 locID: 102665037551567479 bcsId: 4289} | ret=SUCCESS |  
2019-08-23 07:09:12,160 | INFO  | DNAudit | user=null | ip=null | op=PUT_BLOCK {blockData=[blockId=conID: 2 locID: 102665037551567479 bcsId: 0,size=4194304]} | ret=SUCCESS |  
2019-08-23 07:09:12,161 | INFO  | DNAudit | user=null | ip=null | op=PUT_BLOCK {blockData=[blockId=conID: 2 locID: 102665037551567479 bcsId: 0,size=4194304]} | ret=SUCCESS |  
2019-08-23 07:09:12,161 [grpc-default-executor-0] INFO  client.GrpcClientProtocolClient (GrpcClientProtocolClient.java:onNext(255)) - client-D91E5D1E15CE->f2ba01fc-a63e-4348-bd18-030b60a135e7: receive RaftClientReply:client-D91E5D1E15CE->f2ba01fc-a63e-4348-bd18-030b60a135e7@group-C8C62FEF0626, cid=2877, SUCCESS, logIndex=0, commits[f2ba01fc-a63e-4348-bd18-030b60a135e7:c4295, eab135d4-a257-4705-b491-6c056b8c5df7:c4293, a4f67574-9018-43e7-8a54-351e98dc3d0a:c4293]
2019-08-23 07:09:12,166 | INFO  | SCMAudit | user=jenkins1000 | ip=192.168.5.178 | op=ALLOCATE_BLOCK {owner=aaf04d22-10dd-4717-8862-c651bdde72cf, size=4194304, type=RATIS, factor=THREE} | ret=SUCCESS |  
2019-08-23 07:09:12,169 | INFO  | OMAudit | user=jenkins1000 | ip=127.0.0.1 | op=ALLOCATE_BLOCK {volume=vol-0-67663, bucket=bucket-0-68950, key=key-0-26970, dataSize=0, replicationType=null, replicationFactor=null, keyLocationInfo=null, clientID=102665036030476690} | ret=SUCCESS |  
2019-08-23 07:09:12,175 | INFO  | DNAudit | user=null | ip=null | op=WRITE_CHUNK {blockData=conID: 3 locID: 102665037556351608 bcsId: 0} | ret=SUCCESS |  
 0.00% |█                                                                                                    |  0/1 Time: 0:00:232019-08-23 07:09:12,176 | INFO  | SCMAudit | user=jenkins1000 | ip=192.168.5.178 | op=SEND_HEARTBEAT {datanodeUUID=b7d3ecaa-ab76-49a0-b691-40b7e1ed625a, command=[]} | ret=SUCCESS |  
2019-08-23 07:09:12,176 | INFO  | SCMAudit | user=jenkins1000 | ip=192.168.5.178 | op=SEND_HEARTBEAT {datanodeUUID=5c311bc2-cc7c-45de-998f-f79499d85d4e, command=[]} | ret=SUCCESS |  
2019-08-23 07:09:12,177 | INFO  | DNAudit | user=null | ip=null | op=WRITE_CHUNK {blockData=conID: 3 locID: 102665037556351608 bcsId: 0} | ret=SUCCESS |  
2019-08-23 07:09:12,177 | INFO  | DNAudit | user=null | ip=null | op=WRITE_CHUNK {blockData=conID: 3 locID: 102665037556351608 bcsId: 0} | ret=SUCCESS |  
2019-08-23 07:09:12,178 | INFO  | DNAudit | user=null | ip=null | op=WRITE_CHUNK {blockData=conID: 3 locID: 102665037556351608 bcsId: 0} | ret=SUCCESS |  
2019-08-23 07:09:12,179 | INFO  | DNAudit | user=null | ip=null | op=WRITE_CHUNK {blockData=conID: 3 locID: 102665037556351608 bcsId: 0} | ret=SUCCESS |  
2019-08-23 07:09:12,179 | INFO  | DNAudit | user=null | ip=null | op=WRITE_CHUNK {blockData=conID: 3 locID: 102665037556351608 bcsId: 0} | ret=SUCCESS |  
2019-08-23 07:09:12,187 | INFO  | DNAudit | user=null | ip=null | op=WRITE_CHUNK {blockData=conID: 3 locID: 102665037556351608 bcsId: 0} | ret=SUCCESS |  
2019-08-23 07:09:12,187 | INFO  | DNAudit | user=null | ip=null | op=PUT_BLOCK {blockData=[blockId=conID: 3 locID: 102665037556351608 bcsId: 0,size=1048576]} | ret=SUCCESS |  
2019-08-23 07:09:12,187 | INFO  | DNAudit | user=null | ip=null | op=WRITE_CHUNK {blockData=conID: 3 locID: 102665037556351608 bcsId: 0} | ret=SUCCESS |  
2019-08-23 07:09:12,187 [grpc-default-executor-3] INFO  client.GrpcClientProtocolClient (GrpcClientProtocolClient.java:onNext(255)) - client-D91E5D1E15CE->f2ba01fc-a63e-4348-bd18-030b60a135e7: receive RaftClientReply:client-D91E5D1E15CE->f2ba01fc-a63e-4348-bd18-030b60a135e7@group-C8C62FEF0626, cid=2878, SUCCESS, logIndex=4296, commits[f2ba01fc-a63e-4348-bd18-030b60a135e7:c4297, eab135d4-a257-4705-b491-6c056b8c5df7:c4295, a4f67574-9018-43e7-8a54-351e98dc3d0a:c4295]
2019-08-23 07:09:12,188 | INFO  | DNAudit | user=null | ip=null | op=PUT_BLOCK {blockData=[blockId=conID: 3 locID: 102665037556351608 bcsId: 0,size=2097152]} | ret=SUCCESS |  
2019-08-23 07:09:12,188 [grpc-default-executor-3] INFO  client.GrpcClientProtocolClient (GrpcClientProtocolClient.java:onNext(255)) - client-D91E5D1E15CE->f2ba01fc-a63e-4348-bd18-030b60a135e7: receive RaftClientReply:client-D91E5D1E15CE->f2ba01fc-a63e-4348-bd18-030b60a135e7@group-C8C62FEF0626, cid=2879, SUCCESS, logIndex=4297, commits[f2ba01fc-a63e-4348-bd18-030b60a135e7:c4299, eab135d4-a257-4705-b491-6c056b8c5df7:c4295, a4f67574-9018-43e7-8a54-351e98dc3d0a:c4295]
2019-08-23 07:09:12,188 [grpc-default-executor-3] INFO  client.GrpcClientProtocolClient (GrpcClientProtocolClient.java:onNext(255)) - client-D91E5D1E15CE->f2ba01fc-a63e-4348-bd18-030b60a135e7: receive RaftClientReply:client-D91E5D1E15CE->f2ba01fc-a63e-4348-bd18-030b60a135e7@group-C8C62FEF0626, cid=2880, SUCCESS, logIndex=4298, commits[f2ba01fc-a63e-4348-bd18-030b60a135e7:c4299, eab135d4-a257-4705-b491-6c056b8c5df7:c4295, a4f67574-9018-43e7-8a54-351e98dc3d0a:c4295]
2019-08-23 07:09:12,188 | INFO  | DNAudit | user=null | ip=null | op=WRITE_CHUNK {blockData=conID: 3 locID: 102665037556351608 bcsId: 0} | ret=SUCCESS |  
2019-08-23 07:09:12,188 [grpc-default-executor-3] INFO  client.GrpcClientProtocolClient (GrpcClientProtocolClient.java:onNext(255)) - client-D91E5D1E15CE->f2ba01fc-a63e-4348-bd18-030b60a135e7: receive RaftClientReply:client-D91E5D1E15CE->f2ba01fc-a63e-4348-bd18-030b60a135e7@group-C8C62FEF0626, cid=2881, SUCCESS, logIndex=4299, commits[f2ba01fc-a63e-4348-bd18-030b60a135e7:c4299, eab135d4-a257-4705-b491-6c056b8c5df7:c4295, a4f67574-9018-43e7-8a54-351e98dc3d0a:c4295]
2019-08-23 07:09:12,188 | INFO  | DNAudit | user=null | ip=null | op=PUT_BLOCK {blockData=[blockId=conID: 3 locID: 102665037556351608 bcsId: 0,size=1048576]} | ret=SUCCESS |  
2019-08-23 07:09:12,189 | INFO  | DNAudit | user=null | ip=null | op=WRITE_CHUNK {blockData=conID: 3 locID: 102665037556351608 bcsId: 0} | ret=SUCCESS |  
2019-08-23 07:09:12,189 | INFO  | DNAudit | user=null | ip=null | op=PUT_BLOCK {blockData=[blockId=conID: 3 locID: 102665037556351608 bcsId: 0,size=1048576]} | ret=SUCCESS |  
2019-08-23 07:09:12,189 | INFO  | DNAudit | user=null | ip=null | op=WRITE_CHUNK {blockData=conID: 3 locID: 102665037556351608 bcsId: 0} | ret=SUCCESS |  
2019-08-23 07:09:12,189 [grpc-default-executor-3] INFO  client.GrpcClientProtocolClient (GrpcClientProtocolClient.java:onNext(255)) - client-D91E5D1E15CE->f2ba01fc-a63e-4348-bd18-030b60a135e7: receive RaftClientReply:client-D91E5D1E15CE->f2ba01fc-a63e-4348-bd18-030b60a135e7@group-C8C62FEF0626, cid=2882, SUCCESS, logIndex=0, commits[f2ba01fc-a63e-4348-bd18-030b60a135e7:c4300, eab135d4-a257-4705-b491-6c056b8c5df7:c4297, a4f67574-9018-43e7-8a54-351e98dc3d0a:c4297]
2019-08-23 07:09:12,189 | INFO  | DNAudit | user=null | ip=null | op=PUT_BLOCK {blockData=[blockId=conID: 3 locID: 102665037556351608 bcsId: 0,size=2097152]} | ret=SUCCESS |  
2019-08-23 07:09:12,189 | INFO  | DNAudit | user=null | ip=null | op=WRITE_CHUNK {blockData=conID: 3 locID: 102665037556351608 bcsId: 0} | ret=SUCCESS |  
2019-08-23 07:09:12,189 | INFO  | DNAudit | user=null | ip=null | op=PUT_BLOCK {blockData=[blockId=conID: 3 locID: 102665037556351608 bcsId: 0,size=2097152]} | ret=SUCCESS |  
2019-08-23 07:09:12,194 | INFO  | DNAudit | user=null | ip=null | op=WRITE_CHUNK {blockData=conID: 3 locID: 102665037556351608 bcsId: 4299} | ret=SUCCESS |  
2019-08-23 07:09:12,196 | INFO  | DNAudit | user=null | ip=null | op=WRITE_CHUNK {blockData=conID: 3 locID: 102665037556351608 bcsId: 4299} | ret=SUCCESS |  
2019-08-23 07:09:12,197 | INFO  | DNAudit | user=null | ip=null | op=WRITE_CHUNK {blockData=conID: 3 locID: 102665037556351608 bcsId: 4299} | ret=SUCCESS |  
2019-08-23 07:09:12,207 | INFO  | DNAudit | user=null | ip=null | op=WRITE_CHUNK {blockData=conID: 3 locID: 102665037556351608 bcsId: 4299} | ret=SUCCESS |  
2019-08-23 07:09:12,207 | INFO  | DNAudit | user=null | ip=null | op=PUT_BLOCK {blockData=[blockId=conID: 3 locID: 102665037556351608 bcsId: 0,size=3145728]} | ret=SUCCESS |  
2019-08-23 07:09:12,207 [grpc-default-executor-0] INFO  client.GrpcClientProtocolClient (GrpcClientProtocolClient.java:onNext(255)) - client-D91E5D1E15CE->f2ba01fc-a63e-4348-bd18-030b60a135e7: receive RaftClientReply:client-D91E5D1E15CE->f2ba01fc-a63e-4348-bd18-030b60a135e7@group-C8C62FEF0626, cid=2883, SUCCESS, logIndex=4304, commits[f2ba01fc-a63e-4348-bd18-030b60a135e7:c4305, eab135d4-a257-4705-b491-6c056b8c5df7:c4303, a4f67574-9018-43e7-8a54-351e98dc3d0a:c4303]
2019-08-23 07:09:12,208 [grpc-default-executor-0] INFO  client.GrpcClientProtocolClient (GrpcClientProtocolClient.java:onNext(255)) - client-D91E5D1E15CE->f2ba01fc-a63e-4348-bd18-030b60a135e7: receive RaftClientReply:client-D91E5D1E15CE->f2ba01fc-a63e-4348-bd18-030b60a135e7@group-C8C62FEF0626, cid=2884, SUCCESS, logIndex=4305, commits[f2ba01fc-a63e-4348-bd18-030b60a135e7:c4305, eab135d4-a257-4705-b491-6c056b8c5df7:c4303, a4f67574-9018-43e7-8a54-351e98dc3d0a:c4303]
2019-08-23 07:09:12,213 | INFO  | DNAudit | user=null | ip=null | op=WRITE_CHUNK {blockData=conID: 3 locID: 102665037556351608 bcsId: 4305} | ret=SUCCESS |  
2019-08-23 07:09:12,215 | INFO  | DNAudit | user=null | ip=null | op=WRITE_CHUNK {blockData=conID: 3 locID: 102665037556351608 bcsId: 4305} | ret=SUCCESS |  
2019-08-23 07:09:12,215 | INFO  | DNAudit | user=null | ip=null | op=WRITE_CHUNK {blockData=conID: 3 locID: 102665037556351608 bcsId: 4305} | ret=SUCCESS |  
2019-08-23 07:09:12,218 | INFO  | DNAudit | user=null | ip=null | op=WRITE_CHUNK {blockData=conID: 3 locID: 102665037556351608 bcsId: 4299} | ret=SUCCESS |  
2019-08-23 07:09:12,218 | INFO  | DNAudit | user=null | ip=null | op=WRITE_CHUNK {blockData=conID: 3 locID: 102665037556351608 bcsId: 4299} | ret=SUCCESS |  
2019-08-23 07:09:12,220 | INFO  | DNAudit | user=null | ip=null | op=PUT_BLOCK {blockData=[blockId=conID: 3 locID: 102665037556351608 bcsId: 0,size=3145728]} | ret=SUCCESS |  
2019-08-23 07:09:12,220 | INFO  | DNAudit | user=null | ip=null | op=PUT_BLOCK {blockData=[blockId=conID: 3 locID: 102665037556351608 bcsId: 0,size=3145728]} | ret=SUCCESS |  
2019-08-23 07:09:12,220 | INFO  | DNAudit | user=null | ip=null | op=WRITE_CHUNK {blockData=conID: 3 locID: 102665037556351608 bcsId: 4305} | ret=SUCCESS |  
2019-08-23 07:09:12,220 | INFO  | DNAudit | user=null | ip=null | op=PUT_BLOCK {blockData=[blockId=conID: 3 locID: 102665037556351608 bcsId: 0,size=4194304]} | ret=SUCCESS |  
2019-08-23 07:09:12,221 [grpc-default-executor-3] INFO  client.GrpcClientProtocolClient (GrpcClientProtocolClient.java:onNext(255)) - client-D91E5D1E15CE->f2ba01fc-a63e-4348-bd18-030b60a135e7: receive RaftClientReply:client-D91E5D1E15CE->f2ba01fc-a63e-4348-bd18-030b60a135e7@group-C8C62FEF0626, cid=2885, SUCCESS, logIndex=4308, commits[f2ba01fc-a63e-4348-bd18-030b60a135e7:c4309, eab135d4-a257-4705-b491-6c056b8c5df7:c4305, a4f67574-9018-43e7-8a54-351e98dc3d0a:c4305]
2019-08-23 07:09:12,221 [grpc-default-executor-3] INFO  client.GrpcClientProtocolClient (GrpcClientProtocolClient.java:onNext(255)) - client-D91E5D1E15CE->f2ba01fc-a63e-4348-bd18-030b60a135e7: receive RaftClientReply:client-D91E5D1E15CE->f2ba01fc-a63e-4348-bd18-030b60a135e7@group-C8C62FEF0626, cid=2886, SUCCESS, logIndex=4309, commits[f2ba01fc-a63e-4348-bd18-030b60a135e7:c4309, eab135d4-a257-4705-b491-6c056b8c5df7:c4305, a4f67574-9018-43e7-8a54-351e98dc3d0a:c4305]
2019-08-23 07:09:12,223 | INFO  | DNAudit | user=null | ip=null | op=WRITE_CHUNK {blockData=conID: 3 locID: 102665037556351608 bcsId: 4305} | ret=SUCCESS |  
2019-08-23 07:09:12,223 | INFO  | DNAudit | user=null | ip=null | op=PUT_BLOCK {blockData=[blockId=conID: 3 locID: 102665037556351608 bcsId: 0,size=4194304]} | ret=SUCCESS |  
2019-08-23 07:09:12,223 | INFO  | DNAudit | user=null | ip=null | op=WRITE_CHUNK {blockData=conID: 3 locID: 102665037556351608 bcsId: 4305} | ret=SUCCESS |  
2019-08-23 07:09:12,223 | INFO  | DNAudit | user=null | ip=null | op=PUT_BLOCK {blockData=[blockId=conID: 3 locID: 102665037556351608 bcsId: 0,size=4194304]} | ret=SUCCESS |  
2019-08-23 07:09:12,223 [grpc-default-executor-3] INFO  client.GrpcClientProtocolClient (GrpcClientProtocolClient.java:onNext(255)) - client-D91E5D1E15CE->f2ba01fc-a63e-4348-bd18-030b60a135e7: receive RaftClientReply:client-D91E5D1E15CE->f2ba01fc-a63e-4348-bd18-030b60a135e7@group-C8C62FEF0626, cid=2887, SUCCESS, logIndex=0, commits[f2ba01fc-a63e-4348-bd18-030b60a135e7:c4310, eab135d4-a257-4705-b491-6c056b8c5df7:c4309, a4f67574-9018-43e7-8a54-351e98dc3d0a:c4309]
2019-08-23 07:09:12,228 | INFO  | SCMAudit | user=jenkins1000 | ip=192.168.5.178 | op=ALLOCATE_BLOCK {owner=aaf04d22-10dd-4717-8862-c651bdde72cf, size=4194304, type=RATIS, factor=THREE} | ret=SUCCESS |  
2019-08-23 07:09:12,232 | INFO  | OMAudit | user=jenkins1000 | ip=127.0.0.1 | op=ALLOCATE_BLOCK {volume=vol-0-67663, bucket=bucket-0-68950, key=key-0-26970, dataSize=0, replicationType=null, replicationFactor=null, keyLocationInfo=null, clientID=102665036030476690} | ret=SUCCESS |  
2019-08-23 07:09:12,237 | INFO  | DNAudit | user=null | ip=null | op=WRITE_CHUNK {blockData=conID: 1 locID: 102665037560414841 bcsId: 0} | ret=SUCCESS |  
2019-08-23 07:09:12,239 | INFO  | DNAudit | user=null | ip=null | op=WRITE_CHUNK {blockData=conID: 1 locID: 102665037560414841 bcsId: 0} | ret=SUCCESS |  
2019-08-23 07:09:12,242 | INFO  | DNAudit | user=null | ip=null | op=WRITE_CHUNK {blockData=conID: 1 locID: 102665037560414841 bcsId: 0} | ret=SUCCESS |  
2019-08-23 07:09:12,242 | INFO  | DNAudit | user=null | ip=null | op=WRITE_CHUNK {blockData=conID: 1 locID: 102665037560414841 bcsId: 0} | ret=SUCCESS |  
2019-08-23 07:09:12,242 | INFO  | DNAudit | user=null | ip=null | op=PUT_BLOCK {blockData=[blockId=conID: 1 locID: 102665037560414841 bcsId: 0,size=1048576]} | ret=SUCCESS |  
2019-08-23 07:09:12,242 [grpc-default-executor-0] INFO  client.GrpcClientProtocolClient (GrpcClientProtocolClient.java:onNext(255)) - client-D91E5D1E15CE->f2ba01fc-a63e-4348-bd18-030b60a135e7: receive RaftClientReply:client-D91E5D1E15CE->f2ba01fc-a63e-4348-bd18-030b60a135e7@group-C8C62FEF0626, cid=2888, SUCCESS, logIndex=4312, commits[f2ba01fc-a63e-4348-bd18-030b60a135e7:c4312, eab135d4-a257-4705-b491-6c056b8c5df7:c4311, a4f67574-9018-43e7-8a54-351e98dc3d0a:c4309]
2019-08-23 07:09:12,243 [grpc-default-executor-0] INFO  client.GrpcClientProtocolClient (GrpcClientProtocolClient.java:onNext(255)) - client-D91E5D1E15CE->f2ba01fc-a63e-4348-bd18-030b60a135e7: receive RaftClientReply:client-D91E5D1E15CE->f2ba01fc-a63e-4348-bd18-030b60a135e7@group-C8C62FEF0626, cid=2889, SUCCESS, logIndex=4313, commits[f2ba01fc-a63e-4348-bd18-030b60a135e7:c4313, eab135d4-a257-4705-b491-6c056b8c5df7:c4311, a4f67574-9018-43e7-8a54-351e98dc3d0a:c4309]
2019-08-23 07:09:12,243 | INFO  | DNAudit | user=null | ip=null | op=WRITE_CHUNK {blockData=conID: 1 locID: 102665037560414841 bcsId: 0} | ret=SUCCESS |  
2019-08-23 07:09:12,244 | INFO  | DNAudit | user=null | ip=null | op=WRITE_CHUNK {blockData=conID: 1 locID: 102665037560414841 bcsId: 0} | ret=SUCCESS |  
2019-08-23 07:09:12,244 | INFO  | DNAudit | user=null | ip=null | op=WRITE_CHUNK {blockData=conID: 1 locID: 102665037560414841 bcsId: 0} | ret=SUCCESS |  
2019-08-23 07:09:12,246 | INFO  | DNAudit | user=null | ip=null | op=WRITE_CHUNK {blockData=conID: 1 locID: 102665037560414841 bcsId: 0} | ret=SUCCESS |  
2019-08-23 07:09:12,246 | INFO  | DNAudit | user=null | ip=null | op=WRITE_CHUNK {blockData=conID: 1 locID: 102665037560414841 bcsId: 0} | ret=SUCCESS |  
2019-08-23 07:09:12,247 | INFO  | DNAudit | user=null | ip=null | op=PUT_BLOCK {blockData=[blockId=conID: 1 locID: 102665037560414841 bcsId: 0,size=1048576]} | ret=SUCCESS |  
2019-08-23 07:09:12,247 | INFO  | DNAudit | user=null | ip=null | op=PUT_BLOCK {blockData=[blockId=conID: 1 locID: 102665037560414841 bcsId: 0,size=2097152]} | ret=SUCCESS |  
2019-08-23 07:09:12,247 | INFO  | DNAudit | user=null | ip=null | op=WRITE_CHUNK {blockData=conID: 1 locID: 102665037560414841 bcsId: 0} | ret=SUCCESS |  
2019-08-23 07:09:12,247 [grpc-default-executor-3] INFO  client.GrpcClientProtocolClient (GrpcClientProtocolClient.java:onNext(255)) - client-D91E5D1E15CE->f2ba01fc-a63e-4348-bd18-030b60a135e7: receive RaftClientReply:client-D91E5D1E15CE->f2ba01fc-a63e-4348-bd18-030b60a135e7@group-C8C62FEF0626, cid=2890, SUCCESS, logIndex=4314, commits[f2ba01fc-a63e-4348-bd18-030b60a135e7:c4317, eab135d4-a257-4705-b491-6c056b8c5df7:c4313, a4f67574-9018-43e7-8a54-351e98dc3d0a:c4309]
2019-08-23 07:09:12,247 | INFO  | DNAudit | user=null | ip=null | op=PUT_BLOCK {blockData=[blockId=conID: 1 locID: 102665037560414841 bcsId: 0,size=1048576]} | ret=SUCCESS |  
2019-08-23 07:09:12,248 [grpc-default-executor-3] INFO  client.GrpcClientProtocolClient (GrpcClientProtocolClient.java:onNext(255)) - client-D91E5D1E15CE->f2ba01fc-a63e-4348-bd18-030b60a135e7: receive RaftClientReply:client-D91E5D1E15CE->f2ba01fc-a63e-4348-bd18-030b60a135e7@group-C8C62FEF0626, cid=2891, SUCCESS, logIndex=4315, commits[f2ba01fc-a63e-4348-bd18-030b60a135e7:c4317, eab135d4-a257-4705-b491-6c056b8c5df7:c4313, a4f67574-9018-43e7-8a54-351e98dc3d0a:c4311]
2019-08-23 07:09:12,248 [grpc-default-executor-3] INFO  client.GrpcClientProtocolClient (GrpcClientProtocolClient.java:onNext(255)) - client-D91E5D1E15CE->f2ba01fc-a63e-4348-bd18-030b60a135e7: receive RaftClientReply:client-D91E5D1E15CE->f2ba01fc-a63e-4348-bd18-030b60a135e7@group-C8C62FEF0626, cid=2892, SUCCESS, logIndex=0, commits[f2ba01fc-a63e-4348-bd18-030b60a135e7:c4317, eab135d4-a257-4705-b491-6c056b8c5df7:c4313, a4f67574-9018-43e7-8a54-351e98dc3d0a:c4313]
2019-08-23 07:09:12,248 | INFO  | DNAudit | user=null | ip=null | op=WRITE_CHUNK {blockData=conID: 1 locID: 102665037560414841 bcsId: 0} | ret=SUCCESS |  
2019-08-23 07:09:12,249 | INFO  | DNAudit | user=null | ip=null | op=PUT_BLOCK {blockData=[blockId=conID: 1 locID: 102665037560414841 bcsId: 0,size=2097152]} | ret=SUCCESS |  
2019-08-23 07:09:12,249 | INFO  | DNAudit | user=null | ip=null | op=WRITE_CHUNK {blockData=conID: 1 locID: 102665037560414841 bcsId: 0} | ret=SUCCESS |  
2019-08-23 07:09:12,249 | INFO  | DNAudit | user=null | ip=null | op=PUT_BLOCK {blockData=[blockId=conID: 1 locID: 102665037560414841 bcsId: 0,size=2097152]} | ret=SUCCESS |  
2019-08-23 07:09:12,254 | INFO  | DNAudit | user=null | ip=null | op=WRITE_CHUNK {blockData=conID: 1 locID: 102665037560414841 bcsId: 4315} | ret=SUCCESS |  
2019-08-23 07:09:12,255 | INFO  | DNAudit | user=null | ip=null | op=WRITE_CHUNK {blockData=conID: 1 locID: 102665037560414841 bcsId: 4315} | ret=SUCCESS |  
2019-08-23 07:09:12,255 | INFO  | DNAudit | user=null | ip=null | op=WRITE_CHUNK {blockData=conID: 1 locID: 102665037560414841 bcsId: 4315} | ret=SUCCESS |  
2019-08-23 07:09:12,276 | INFO  | DNAudit | user=null | ip=null | op=WRITE_CHUNK {blockData=conID: 1 locID: 102665037560414841 bcsId: 4315} | ret=SUCCESS |  
2019-08-23 07:09:12,277 | INFO  | DNAudit | user=null | ip=null | op=PUT_BLOCK {blockData=[blockId=conID: 1 locID: 102665037560414841 bcsId: 0,size=3145728]} | ret=SUCCESS |  
2019-08-23 07:09:12,277 [grpc-default-executor-0] INFO  client.GrpcClientProtocolClient (GrpcClientProtocolClient.java:onNext(255)) - client-D91E5D1E15CE->f2ba01fc-a63e-4348-bd18-030b60a135e7: receive RaftClientReply:client-D91E5D1E15CE->f2ba01fc-a63e-4348-bd18-030b60a135e7@group-C8C62FEF0626, cid=2893, SUCCESS, logIndex=4320, commits[f2ba01fc-a63e-4348-bd18-030b60a135e7:c4321, eab135d4-a257-4705-b491-6c056b8c5df7:c4319, a4f67574-9018-43e7-8a54-351e98dc3d0a:c4316]
2019-08-23 07:09:12,277 [grpc-default-executor-0] INFO  client.GrpcClientProtocolClient (GrpcClientProtocolClient.java:onNext(255)) - client-D91E5D1E15CE->f2ba01fc-a63e-4348-bd18-030b60a135e7: receive RaftClientReply:client-D91E5D1E15CE->f2ba01fc-a63e-4348-bd18-030b60a135e7@group-C8C62FEF0626, cid=2894, SUCCESS, logIndex=4321, commits[f2ba01fc-a63e-4348-bd18-030b60a135e7:c4321, eab135d4-a257-4705-b491-6c056b8c5df7:c4319, a4f67574-9018-43e7-8a54-351e98dc3d0a:c4319]
2019-08-23 07:09:12,278 | INFO  | DNAudit | user=null | ip=null | op=WRITE_CHUNK {blockData=conID: 1 locID: 102665037560414841 bcsId: 4315} | ret=SUCCESS |  
2019-08-23 07:09:12,278 | INFO  | DNAudit | user=null | ip=null | op=WRITE_CHUNK {blockData=conID: 1 locID: 102665037560414841 bcsId: 4315} | ret=SUCCESS |  
2019-08-23 07:09:12,278 | INFO  | DNAudit | user=null | ip=null | op=PUT_BLOCK {blockData=[blockId=conID: 1 locID: 102665037560414841 bcsId: 0,size=3145728]} | ret=SUCCESS |  
2019-08-23 07:09:12,279 | INFO  | DNAudit | user=null | ip=null | op=PUT_BLOCK {blockData=[blockId=conID: 1 locID: 102665037560414841 bcsId: 0,size=3145728]} | ret=SUCCESS |  
2019-08-23 07:09:12,284 | INFO  | DNAudit | user=null | ip=null | op=WRITE_CHUNK {blockData=conID: 1 locID: 102665037560414841 bcsId: 4321} | ret=SUCCESS |  
2019-08-23 07:09:12,285 | INFO  | DNAudit | user=null | ip=null | op=WRITE_CHUNK {blockData=conID: 1 locID: 102665037560414841 bcsId: 4321} | ret=SUCCESS |  
2019-08-23 07:09:12,286 | INFO  | DNAudit | user=null | ip=null | op=WRITE_CHUNK {blockData=conID: 1 locID: 102665037560414841 bcsId: 4321} | ret=SUCCESS |  
2019-08-23 07:09:12,296 | INFO  | DNAudit | user=null | ip=null | op=WRITE_CHUNK {blockData=conID: 1 locID: 102665037560414841 bcsId: 4321} | ret=SUCCESS |  
2019-08-23 07:09:12,297 | INFO  | DNAudit | user=null | ip=null | op=PUT_BLOCK {blockData=[blockId=conID: 1 locID: 102665037560414841 bcsId: 0,size=4194304]} | ret=SUCCESS |  
2019-08-23 07:09:12,297 [grpc-default-executor-4] INFO  client.GrpcClientProtocolClient (GrpcClientProtocolClient.java:onNext(255)) - client-D91E5D1E15CE->f2ba01fc-a63e-4348-bd18-030b60a135e7: receive RaftClientReply:client-D91E5D1E15CE->f2ba01fc-a63e-4348-bd18-030b60a135e7@group-C8C62FEF0626, cid=2895, SUCCESS, logIndex=4324, commits[f2ba01fc-a63e-4348-bd18-030b60a135e7:c4325, eab135d4-a257-4705-b491-6c056b8c5df7:c4323, a4f67574-9018-43e7-8a54-351e98dc3d0a:c4323]
2019-08-23 07:09:12,297 [grpc-default-executor-4] INFO  client.GrpcClientProtocolClient (GrpcClientProtocolClient.java:onNext(255)) - client-D91E5D1E15CE->f2ba01fc-a63e-4348-bd18-030b60a135e7: receive RaftClientReply:client-D91E5D1E15CE->f2ba01fc-a63e-4348-bd18-030b60a135e7@group-C8C62FEF0626, cid=2896, SUCCESS, logIndex=4325, commits[f2ba01fc-a63e-4348-bd18-030b60a135e7:c4325, eab135d4-a257-4705-b491-6c056b8c5df7:c4323, a4f67574-9018-43e7-8a54-351e98dc3d0a:c4323]
2019-08-23 07:09:12,308 | INFO  | DNAudit | user=null | ip=null | op=WRITE_CHUNK {blockData=conID: 1 locID: 102665037560414841 bcsId: 4321} | ret=SUCCESS |  
2019-08-23 07:09:12,308 | INFO  | DNAudit | user=null | ip=null | op=WRITE_CHUNK {blockData=conID: 1 locID: 102665037560414841 bcsId: 4321} | ret=SUCCESS |  
2019-08-23 07:09:12,310 | INFO  | DNAudit | user=null | ip=null | op=PUT_BLOCK {blockData=[blockId=conID: 1 locID: 102665037560414841 bcsId: 0,size=4194304]} | ret=SUCCESS |  
2019-08-23 07:09:12,310 | INFO  | DNAudit | user=null | ip=null | op=PUT_BLOCK {blockData=[blockId=conID: 1 locID: 102665037560414841 bcsId: 0,size=4194304]} | ret=SUCCESS |  
2019-08-23 07:09:12,310 [grpc-default-executor-0] INFO  client.GrpcClientProtocolClient (GrpcClientProtocolClient.java:onNext(255)) - client-D91E5D1E15CE->f2ba01fc-a63e-4348-bd18-030b60a135e7: receive RaftClientReply:client-D91E5D1E15CE->f2ba01fc-a63e-4348-bd18-030b60a135e7@group-C8C62FEF0626, cid=2897, SUCCESS, logIndex=0, commits[f2ba01fc-a63e-4348-bd18-030b60a135e7:c4326, eab135d4-a257-4705-b491-6c056b8c5df7:c4325, a4f67574-9018-43e7-8a54-351e98dc3d0a:c4325]
2019-08-23 07:09:12,317 | INFO  | SCMAudit | user=jenkins1000 | ip=192.168.5.178 | op=ALLOCATE_BLOCK {owner=aaf04d22-10dd-4717-8862-c651bdde72cf, size=4194304, type=RATIS, factor=THREE} | ret=SUCCESS |  
2019-08-23 07:09:12,322 | INFO  | OMAudit | user=jenkins1000 | ip=127.0.0.1 | op=ALLOCATE_BLOCK {volume=vol-0-67663, bucket=bucket-0-68950, key=key-0-26970, dataSize=0, replicationType=null, replicationFactor=null, keyLocationInfo=null, clientID=102665036030476690} | ret=SUCCESS |  
2019-08-23 07:09:12,328 | INFO  | DNAudit | user=null | ip=null | op=WRITE_CHUNK {blockData=conID: 2 locID: 102665037566247546 bcsId: 0} | ret=SUCCESS |  
2019-08-23 07:09:12,330 | INFO  | DNAudit | user=null | ip=null | op=WRITE_CHUNK {blockData=conID: 2 locID: 102665037566247546 bcsId: 0} | ret=SUCCESS |  
2019-08-23 07:09:12,330 | INFO  | DNAudit | user=null | ip=null | op=WRITE_CHUNK {blockData=conID: 2 locID: 102665037566247546 bcsId: 0} | ret=SUCCESS |  
2019-08-23 07:09:12,331 | INFO  | DNAudit | user=null | ip=null | op=WRITE_CHUNK {blockData=conID: 2 locID: 102665037566247546 bcsId: 0} | ret=SUCCESS |  
2019-08-23 07:09:12,332 | INFO  | DNAudit | user=null | ip=null | op=WRITE_CHUNK {blockData=conID: 2 locID: 102665037566247546 bcsId: 0} | ret=SUCCESS |  
2019-08-23 07:09:12,332 | INFO  | DNAudit | user=null | ip=null | op=WRITE_CHUNK {blockData=conID: 2 locID: 102665037566247546 bcsId: 0} | ret=SUCCESS |  
2019-08-23 07:09:12,340 | INFO  | DNAudit | user=null | ip=null | op=WRITE_CHUNK {blockData=conID: 2 locID: 102665037566247546 bcsId: 0} | ret=SUCCESS |  
2019-08-23 07:09:12,341 | INFO  | DNAudit | user=null | ip=null | op=PUT_BLOCK {blockData=[blockId=conID: 2 locID: 102665037566247546 bcsId: 0,size=1048576]} | ret=SUCCESS |  
2019-08-23 07:09:12,341 | INFO  | DNAudit | user=null | ip=null | op=WRITE_CHUNK {blockData=conID: 2 locID: 102665037566247546 bcsId: 0} | ret=SUCCESS |  
2019-08-23 07:09:12,341 [grpc-default-executor-3] INFO  client.GrpcClientProtocolClient (GrpcClientProtocolClient.java:onNext(255)) - client-D91E5D1E15CE->f2ba01fc-a63e-4348-bd18-030b60a135e7: receive RaftClientReply:client-D91E5D1E15CE->f2ba01fc-a63e-4348-bd18-030b60a135e7@group-C8C62FEF0626, cid=2898, SUCCESS, logIndex=4328, commits[f2ba01fc-a63e-4348-bd18-030b60a135e7:c4330, eab135d4-a257-4705-b491-6c056b8c5df7:c4327, a4f67574-9018-43e7-8a54-351e98dc3d0a:c4327]
2019-08-23 07:09:12,341 | INFO  | DNAudit | user=null | ip=null | op=PUT_BLOCK {blockData=[blockId=conID: 2 locID: 102665037566247546 bcsId: 0,size=2097152]} | ret=SUCCESS |  
2019-08-23 07:09:12,341 [grpc-default-executor-3] INFO  client.GrpcClientProtocolClient (GrpcClientProtocolClient.java:onNext(255)) - client-D91E5D1E15CE->f2ba01fc-a63e-4348-bd18-030b60a135e7: receive RaftClientReply:client-D91E5D1E15CE->f2ba01fc-a63e-4348-bd18-030b60a135e7@group-C8C62FEF0626, cid=2899, SUCCESS, logIndex=4329, commits[f2ba01fc-a63e-4348-bd18-030b60a135e7:c4331, eab135d4-a257-4705-b491-6c056b8c5df7:c4327, a4f67574-9018-43e7-8a54-351e98dc3d0a:c4327]
2019-08-23 07:09:12,342 [grpc-default-executor-3] INFO  client.GrpcClientProtocolClient (GrpcClientProtocolClient.java:onNext(255)) - client-D91E5D1E15CE->f2ba01fc-a63e-4348-bd18-030b60a135e7: receive RaftClientReply:client-D91E5D1E15CE->f2ba01fc-a63e-4348-bd18-030b60a135e7@group-C8C62FEF0626, cid=2900, SUCCESS, logIndex=4330, commits[f2ba01fc-a63e-4348-bd18-030b60a135e7:c4331, eab135d4-a257-4705-b491-6c056b8c5df7:c4327, a4f67574-9018-43e7-8a54-351e98dc3d0a:c4327]
2019-08-23 07:09:12,342 [grpc-default-executor-3] INFO  client.GrpcClientProtocolClient (GrpcClientProtocolClient.java:onNext(255)) - client-D91E5D1E15CE->f2ba01fc-a63e-4348-bd18-030b60a135e7: receive RaftClientReply:client-D91E5D1E15CE->f2ba01fc-a63e-4348-bd18-030b60a135e7@group-C8C62FEF0626, cid=2901, SUCCESS, logIndex=4331, commits[f2ba01fc-a63e-4348-bd18-030b60a135e7:c4331, eab135d4-a257-4705-b491-6c056b8c5df7:c4327, a4f67574-9018-43e7-8a54-351e98dc3d0a:c4327]
2019-08-23 07:09:12,352 | INFO  | DNAudit | user=null | ip=null | op=WRITE_CHUNK {blockData=conID: 2 locID: 102665037566247546 bcsId: 0} | ret=SUCCESS |  
2019-08-23 07:09:12,353 | INFO  | DNAudit | user=null | ip=null | op=WRITE_CHUNK {blockData=conID: 2 locID: 102665037566247546 bcsId: 0} | ret=SUCCESS |  
2019-08-23 07:09:12,353 | INFO  | DNAudit | user=null | ip=null | op=PUT_BLOCK {blockData=[blockId=conID: 2 locID: 102665037566247546 bcsId: 0,size=1048576]} | ret=SUCCESS |  
2019-08-23 07:09:12,353 | INFO  | DNAudit | user=null | ip=null | op=WRITE_CHUNK {blockData=conID: 2 locID: 102665037566247546 bcsId: 0} | ret=SUCCESS |  
2019-08-23 07:09:12,353 | INFO  | DNAudit | user=null | ip=null | op=PUT_BLOCK {blockData=[blockId=conID: 2 locID: 102665037566247546 bcsId: 0,size=2097152]} | ret=SUCCESS |  
2019-08-23 07:09:12,353 | INFO  | DNAudit | user=null | ip=null | op=PUT_BLOCK {blockData=[blockId=conID: 2 locID: 102665037566247546 bcsId: 0,size=1048576]} | ret=SUCCESS |  
2019-08-23 07:09:12,354 [grpc-default-executor-3] INFO  client.GrpcClientProtocolClient (GrpcClientProtocolClient.java:onNext(255)) - client-D91E5D1E15CE->f2ba01fc-a63e-4348-bd18-030b60a135e7: receive RaftClientReply:client-D91E5D1E15CE->f2ba01fc-a63e-4348-bd18-030b60a135e7@group-C8C62FEF0626, cid=2902, SUCCESS, logIndex=0, commits[f2ba01fc-a63e-4348-bd18-030b60a135e7:c4334, eab135d4-a257-4705-b491-6c056b8c5df7:c4331, a4f67574-9018-43e7-8a54-351e98dc3d0a:c4330]
2019-08-23 07:09:12,354 | INFO  | DNAudit | user=null | ip=null | op=WRITE_CHUNK {blockData=conID: 2 locID: 102665037566247546 bcsId: 0} | ret=SUCCESS |  
2019-08-23 07:09:12,354 | INFO  | DNAudit | user=null | ip=null | op=PUT_BLOCK {blockData=[blockId=conID: 2 locID: 102665037566247546 bcsId: 0,size=2097152]} | ret=SUCCESS |  
2019-08-23 07:09:12,359 | INFO  | DNAudit | user=null | ip=null | op=WRITE_CHUNK {blockData=conID: 2 locID: 102665037566247546 bcsId: 4331} | ret=SUCCESS |  
2019-08-23 07:09:12,360 | INFO  | DNAudit | user=null | ip=null | op=WRITE_CHUNK {blockData=conID: 2 locID: 102665037566247546 bcsId: 4331} | ret=SUCCESS |  
2019-08-23 07:09:12,360 | INFO  | DNAudit | user=null | ip=null | op=WRITE_CHUNK {blockData=conID: 2 locID: 102665037566247546 bcsId: 4331} | ret=SUCCESS |  
2019-08-23 07:09:12,371 | INFO  | DNAudit | user=null | ip=null | op=WRITE_CHUNK {blockData=conID: 2 locID: 102665037566247546 bcsId: 4331} | ret=SUCCESS |  
2019-08-23 07:09:12,372 | INFO  | DNAudit | user=null | ip=null | op=PUT_BLOCK {blockData=[blockId=conID: 2 locID: 102665037566247546 bcsId: 0,size=3145728]} | ret=SUCCESS |  
2019-08-23 07:09:12,372 [grpc-default-executor-4] INFO  client.GrpcClientProtocolClient (GrpcClientProtocolClient.java:onNext(255)) - client-D91E5D1E15CE->f2ba01fc-a63e-4348-bd18-030b60a135e7: receive RaftClientReply:client-D91E5D1E15CE->f2ba01fc-a63e-4348-bd18-030b60a135e7@group-C8C62FEF0626, cid=2903, SUCCESS, logIndex=4335, commits[f2ba01fc-a63e-4348-bd18-030b60a135e7:c4336, eab135d4-a257-4705-b491-6c056b8c5df7:c4334, a4f67574-9018-43e7-8a54-351e98dc3d0a:c4334]
2019-08-23 07:09:12,372 [grpc-default-executor-4] INFO  client.GrpcClientProtocolClient (GrpcClientProtocolClient.java:onNext(255)) - client-D91E5D1E15CE->f2ba01fc-a63e-4348-bd18-030b60a135e7: receive RaftClientReply:client-D91E5D1E15CE->f2ba01fc-a63e-4348-bd18-030b60a135e7@group-C8C62FEF0626, cid=2904, SUCCESS, logIndex=4336, commits[f2ba01fc-a63e-4348-bd18-030b60a135e7:c4336, eab135d4-a257-4705-b491-6c056b8c5df7:c4334, a4f67574-9018-43e7-8a54-351e98dc3d0a:c4334]
2019-08-23 07:09:12,377 | INFO  | DNAudit | user=null | ip=null | op=WRITE_CHUNK {blockData=conID: 2 locID: 102665037566247546 bcsId: 4336} | ret=SUCCESS |  
2019-08-23 07:09:12,379 | INFO  | DNAudit | user=null | ip=null | op=WRITE_CHUNK {blockData=conID: 2 locID: 102665037566247546 bcsId: 4336} | ret=SUCCESS |  
2019-08-23 07:09:12,379 | INFO  | DNAudit | user=null | ip=null | op=WRITE_CHUNK {blockData=conID: 2 locID: 102665037566247546 bcsId: 4336} | ret=SUCCESS |  
2019-08-23 07:09:12,383 | INFO  | DNAudit | user=null | ip=null | op=WRITE_CHUNK {blockData=conID: 2 locID: 102665037566247546 bcsId: 4331} | ret=SUCCESS |  
2019-08-23 07:09:12,383 | INFO  | DNAudit | user=null | ip=null | op=WRITE_CHUNK {blockData=conID: 2 locID: 102665037566247546 bcsId: 4331} | ret=SUCCESS |  
2019-08-23 07:09:12,384 | INFO  | DNAudit | user=null | ip=null | op=PUT_BLOCK {blockData=[blockId=conID: 2 locID: 102665037566247546 bcsId: 0,size=3145728]} | ret=SUCCESS |  
2019-08-23 07:09:12,384 | INFO  | DNAudit | user=null | ip=null | op=PUT_BLOCK {blockData=[blockId=conID: 2 locID: 102665037566247546 bcsId: 0,size=3145728]} | ret=SUCCESS |  
2019-08-23 07:09:12,385 | INFO  | DNAudit | user=null | ip=null | op=WRITE_CHUNK {blockData=conID: 2 locID: 102665037566247546 bcsId: 4336} | ret=SUCCESS |  
2019-08-23 07:09:12,385 | INFO  | DNAudit | user=null | ip=null | op=PUT_BLOCK {blockData=[blockId=conID: 2 locID: 102665037566247546 bcsId: 0,size=4194304]} | ret=SUCCESS |  
2019-08-23 07:09:12,385 [grpc-default-executor-0] INFO  client.GrpcClientProtocolClient (GrpcClientProtocolClient.java:onNext(255)) - client-D91E5D1E15CE->f2ba01fc-a63e-4348-bd18-030b60a135e7: receive RaftClientReply:client-D91E5D1E15CE->f2ba01fc-a63e-4348-bd18-030b60a135e7@group-C8C62FEF0626, cid=2905, SUCCESS, logIndex=4339, commits[f2ba01fc-a63e-4348-bd18-030b60a135e7:c4340, eab135d4-a257-4705-b491-6c056b8c5df7:c4336, a4f67574-9018-43e7-8a54-351e98dc3d0a:c4336]
2019-08-23 07:09:12,385 [grpc-default-executor-0] INFO  client.GrpcClientProtocolClient (GrpcClientProtocolClient.java:onNext(255)) - client-D91E5D1E15CE->f2ba01fc-a63e-4348-bd18-030b60a135e7: receive RaftClientReply:client-D91E5D1E15CE->f2ba01fc-a63e-4348-bd18-030b60a135e7@group-C8C62FEF0626, cid=2906, SUCCESS, logIndex=4340, commits[f2ba01fc-a63e-4348-bd18-030b60a135e7:c4340, eab135d4-a257-4705-b491-6c056b8c5df7:c4336, a4f67574-9018-43e7-8a54-351e98dc3d0a:c4336]
2019-08-23 07:09:12,396 | INFO  | DNAudit | user=null | ip=null | op=WRITE_CHUNK {blockData=conID: 2 locID: 102665037566247546 bcsId: 4336} | ret=SUCCESS |  
2019-08-23 07:09:12,396 | INFO  | DNAudit | user=null | ip=null | op=WRITE_CHUNK {blockData=conID: 2 locID: 102665037566247546 bcsId: 4336} | ret=SUCCESS |  
2019-08-23 07:09:12,397 | INFO  | DNAudit | user=null | ip=null | op=PUT_BLOCK {blockData=[blockId=conID: 2 locID: 102665037566247546 bcsId: 0,size=4194304]} | ret=SUCCESS |  
2019-08-23 07:09:12,397 | INFO  | DNAudit | user=null | ip=null | op=PUT_BLOCK {blockData=[blockId=conID: 2 locID: 102665037566247546 bcsId: 0,size=4194304]} | ret=SUCCESS |  
2019-08-23 07:09:12,397 [grpc-default-executor-0] INFO  client.GrpcClientProtocolClient (GrpcClientProtocolClient.java:onNext(255)) - client-D91E5D1E15CE->f2ba01fc-a63e-4348-bd18-030b60a135e7: receive RaftClientReply:client-D91E5D1E15CE->f2ba01fc-a63e-4348-bd18-030b60a135e7@group-C8C62FEF0626, cid=2907, SUCCESS, logIndex=0, commits[f2ba01fc-a63e-4348-bd18-030b60a135e7:c4342, eab135d4-a257-4705-b491-6c056b8c5df7:c4340, a4f67574-9018-43e7-8a54-351e98dc3d0a:c4340]
2019-08-23 07:09:12,403 | INFO  | SCMAudit | user=jenkins1000 | ip=192.168.5.178 | op=ALLOCATE_BLOCK {owner=aaf04d22-10dd-4717-8862-c651bdde72cf, size=4194304, type=RATIS, factor=THREE} | ret=SUCCESS |  
2019-08-23 07:09:12,406 | INFO  | OMAudit | user=jenkins1000 | ip=127.0.0.1 | op=ALLOCATE_BLOCK {volume=vol-0-67663, bucket=bucket-0-68950, key=key-0-26970, dataSize=0, replicationType=null, replicationFactor=null, keyLocationInfo=null, clientID=102665036030476690} | ret=SUCCESS |  
2019-08-23 07:09:12,411 | INFO  | DNAudit | user=null | ip=null | op=WRITE_CHUNK {blockData=conID: 3 locID: 102665037571883643 bcsId: 0} | ret=SUCCESS |  
2019-08-23 07:09:12,412 | INFO  | DNAudit | user=null | ip=null | op=WRITE_CHUNK {blockData=conID: 3 locID: 102665037571883643 bcsId: 0} | ret=SUCCESS |  
2019-08-23 07:09:12,413 | INFO  | DNAudit | user=null | ip=null | op=WRITE_CHUNK {blockData=conID: 3 locID: 102665037571883643 bcsId: 0} | ret=SUCCESS |  
2019-08-23 07:09:12,413 | INFO  | DNAudit | user=null | ip=null | op=WRITE_CHUNK {blockData=conID: 3 locID: 102665037571883643 bcsId: 0} | ret=SUCCESS |  
2019-08-23 07:09:12,415 | INFO  | DNAudit | user=null | ip=null | op=WRITE_CHUNK {blockData=conID: 3 locID: 102665037571883643 bcsId: 0} | ret=SUCCESS |  
2019-08-23 07:09:12,415 | INFO  | DNAudit | user=null | ip=null | op=WRITE_CHUNK {blockData=conID: 3 locID: 102665037571883643 bcsId: 0} | ret=SUCCESS |  
2019-08-23 07:09:12,425 | INFO  | DNAudit | user=null | ip=null | op=WRITE_CHUNK {blockData=conID: 3 locID: 102665037571883643 bcsId: 0} | ret=SUCCESS |  
2019-08-23 07:09:12,426 | INFO  | DNAudit | user=null | ip=null | op=PUT_BLOCK {blockData=[blockId=conID: 3 locID: 102665037571883643 bcsId: 0,size=1048576]} | ret=SUCCESS |  
2019-08-23 07:09:12,426 [grpc-default-executor-3] INFO  client.GrpcClientProtocolClient (GrpcClientProtocolClient.java:onNext(255)) - client-D91E5D1E15CE->f2ba01fc-a63e-4348-bd18-030b60a135e7: receive RaftClientReply:client-D91E5D1E15CE->f2ba01fc-a63e-4348-bd18-030b60a135e7@group-C8C62FEF0626, cid=2908, SUCCESS, logIndex=4343, commits[f2ba01fc-a63e-4348-bd18-030b60a135e7:c4344, eab135d4-a257-4705-b491-6c056b8c5df7:c4342, a4f67574-9018-43e7-8a54-351e98dc3d0a:c4342]
2019-08-23 07:09:12,426 [grpc-default-executor-3] INFO  client.GrpcClientProtocolClient (GrpcClientProtocolClient.java:onNext(255)) - client-D91E5D1E15CE->f2ba01fc-a63e-4348-bd18-030b60a135e7: receive RaftClientReply:client-D91E5D1E15CE->f2ba01fc-a63e-4348-bd18-030b60a135e7@group-C8C62FEF0626, cid=2909, SUCCESS, logIndex=4344, commits[f2ba01fc-a63e-4348-bd18-030b60a135e7:c4344, eab135d4-a257-4705-b491-6c056b8c5df7:c4342, a4f67574-9018-43e7-8a54-351e98dc3d0a:c4342]
2019-08-23 07:09:12,427 | INFO  | DNAudit | user=null | ip=null | op=WRITE_CHUNK {blockData=conID: 3 locID: 102665037571883643 bcsId: 0} | ret=SUCCESS |  
2019-08-23 07:09:12,427 | INFO  | DNAudit | user=null | ip=null | op=PUT_BLOCK {blockData=[blockId=conID: 3 locID: 102665037571883643 bcsId: 0,size=2097152]} | ret=SUCCESS |  
2019-08-23 07:09:12,427 [grpc-default-executor-3] INFO  client.GrpcClientProtocolClient (GrpcClientProtocolClient.java:onNext(255)) - client-D91E5D1E15CE->f2ba01fc-a63e-4348-bd18-030b60a135e7: receive RaftClientReply:client-D91E5D1E15CE->f2ba01fc-a63e-4348-bd18-030b60a135e7@group-C8C62FEF0626, cid=2910, SUCCESS, logIndex=4345, commits[f2ba01fc-a63e-4348-bd18-030b60a135e7:c4346, eab135d4-a257-4705-b491-6c056b8c5df7:c4342, a4f67574-9018-43e7-8a54-351e98dc3d0a:c4342]
2019-08-23 07:09:12,427 | INFO  | DNAudit | user=null | ip=null | op=WRITE_CHUNK {blockData=conID: 3 locID: 102665037571883643 bcsId: 0} | ret=SUCCESS |  
2019-08-23 07:09:12,427 [grpc-default-executor-3] INFO  client.GrpcClientProtocolClient (GrpcClientProtocolClient.java:onNext(255)) - client-D91E5D1E15CE->f2ba01fc-a63e-4348-bd18-030b60a135e7: receive RaftClientReply:client-D91E5D1E15CE->f2ba01fc-a63e-4348-bd18-030b60a135e7@group-C8C62FEF0626, cid=2911, SUCCESS, logIndex=4346, commits[f2ba01fc-a63e-4348-bd18-030b60a135e7:c4346, eab135d4-a257-4705-b491-6c056b8c5df7:c4342, a4f67574-9018-43e7-8a54-351e98dc3d0a:c4342]
2019-08-23 07:09:12,428 | INFO  | DNAudit | user=null | ip=null | op=PUT_BLOCK {blockData=[blockId=conID: 3 locID: 102665037571883643 bcsId: 0,size=1048576]} | ret=SUCCESS |  
2019-08-23 07:09:12,428 | INFO  | DNAudit | user=null | ip=null | op=WRITE_CHUNK {blockData=conID: 3 locID: 102665037571883643 bcsId: 0} | ret=SUCCESS |  
2019-08-23 07:09:12,428 | INFO  | DNAudit | user=null | ip=null | op=PUT_BLOCK {blockData=[blockId=conID: 3 locID: 102665037571883643 bcsId: 0,size=1048576]} | ret=SUCCESS |  
2019-08-23 07:09:12,428 [grpc-default-executor-3] INFO  client.GrpcClientProtocolClient (GrpcClientProtocolClient.java:onNext(255)) - client-D91E5D1E15CE->f2ba01fc-a63e-4348-bd18-030b60a135e7: receive RaftClientReply:client-D91E5D1E15CE->f2ba01fc-a63e-4348-bd18-030b60a135e7@group-C8C62FEF0626, cid=2912, SUCCESS, logIndex=0, commits[f2ba01fc-a63e-4348-bd18-030b60a135e7:c4348, eab135d4-a257-4705-b491-6c056b8c5df7:c4344, a4f67574-9018-43e7-8a54-351e98dc3d0a:c4344]
2019-08-23 07:09:12,433 | INFO  | DNAudit | user=null | ip=null | op=WRITE_CHUNK {blockData=conID: 3 locID: 102665037571883643 bcsId: 4346} | ret=SUCCESS |  
2019-08-23 07:09:12,434 | INFO  | DNAudit | user=null | ip=null | op=WRITE_CHUNK {blockData=conID: 3 locID: 102665037571883643 bcsId: 4346} | ret=SUCCESS |  
2019-08-23 07:09:12,434 | INFO  | DNAudit | user=null | ip=null | op=WRITE_CHUNK {blockData=conID: 3 locID: 102665037571883643 bcsId: 4346} | ret=SUCCESS |  
2019-08-23 07:09:12,439 | INFO  | DNAudit | user=null | ip=null | op=WRITE_CHUNK {blockData=conID: 3 locID: 102665037571883643 bcsId: 0} | ret=SUCCESS |  
2019-08-23 07:09:12,439 | INFO  | DNAudit | user=null | ip=null | op=PUT_BLOCK {blockData=[blockId=conID: 3 locID: 102665037571883643 bcsId: 0,size=2097152]} | ret=SUCCESS |  
2019-08-23 07:09:12,440 | INFO  | DNAudit | user=null | ip=null | op=WRITE_CHUNK {blockData=conID: 3 locID: 102665037571883643 bcsId: 0} | ret=SUCCESS |  
2019-08-23 07:09:12,440 | INFO  | DNAudit | user=null | ip=null | op=PUT_BLOCK {blockData=[blockId=conID: 3 locID: 102665037571883643 bcsId: 0,size=2097152]} | ret=SUCCESS |  
2019-08-23 07:09:12,442 | INFO  | DNAudit | user=null | ip=null | op=WRITE_CHUNK {blockData=conID: 3 locID: 102665037571883643 bcsId: 4346} | ret=SUCCESS |  
2019-08-23 07:09:12,442 | INFO  | DNAudit | user=null | ip=null | op=PUT_BLOCK {blockData=[blockId=conID: 3 locID: 102665037571883643 bcsId: 0,size=3145728]} | ret=SUCCESS |  
2019-08-23 07:09:12,442 [grpc-default-executor-4] INFO  client.GrpcClientProtocolClient (GrpcClientProtocolClient.java:onNext(255)) - client-D91E5D1E15CE->f2ba01fc-a63e-4348-bd18-030b60a135e7: receive RaftClientReply:client-D91E5D1E15CE->f2ba01fc-a63e-4348-bd18-030b60a135e7@group-C8C62FEF0626, cid=2913, SUCCESS, logIndex=4351, commits[f2ba01fc-a63e-4348-bd18-030b60a135e7:c4352, eab135d4-a257-4705-b491-6c056b8c5df7:c4346, a4f67574-9018-43e7-8a54-351e98dc3d0a:c4348]
2019-08-23 07:09:12,442 [grpc-default-executor-4] INFO  client.GrpcClientProtocolClient (GrpcClientProtocolClient.java:onNext(255)) - client-D91E5D1E15CE->f2ba01fc-a63e-4348-bd18-030b60a135e7: receive RaftClientReply:client-D91E5D1E15CE->f2ba01fc-a63e-4348-bd18-030b60a135e7@group-C8C62FEF0626, cid=2914, SUCCESS, logIndex=4352, commits[f2ba01fc-a63e-4348-bd18-030b60a135e7:c4352, eab135d4-a257-4705-b491-6c056b8c5df7:c4348, a4f67574-9018-43e7-8a54-351e98dc3d0a:c4348]
2019-08-23 07:09:12,443 | INFO  | DNAudit | user=null | ip=null | op=WRITE_CHUNK {blockData=conID: 3 locID: 102665037571883643 bcsId: 4346} | ret=SUCCESS |  
2019-08-23 07:09:12,443 | INFO  | DNAudit | user=null | ip=null | op=WRITE_CHUNK {blockData=conID: 3 locID: 102665037571883643 bcsId: 4346} | ret=SUCCESS |  
2019-08-23 07:09:12,443 | INFO  | DNAudit | user=null | ip=null | op=PUT_BLOCK {blockData=[blockId=conID: 3 locID: 102665037571883643 bcsId: 0,size=3145728]} | ret=SUCCESS |  
2019-08-23 07:09:12,443 | INFO  | DNAudit | user=null | ip=null | op=PUT_BLOCK {blockData=[blockId=conID: 3 locID: 102665037571883643 bcsId: 0,size=3145728]} | ret=SUCCESS |  
2019-08-23 07:09:12,447 | INFO  | DNAudit | user=null | ip=null | op=WRITE_CHUNK {blockData=conID: 3 locID: 102665037571883643 bcsId: 4352} | ret=SUCCESS |  
2019-08-23 07:09:12,449 | INFO  | DNAudit | user=null | ip=null | op=WRITE_CHUNK {blockData=conID: 3 locID: 102665037571883643 bcsId: 4352} | ret=SUCCESS |  
2019-08-23 07:09:12,449 | INFO  | DNAudit | user=null | ip=null | op=WRITE_CHUNK {blockData=conID: 3 locID: 102665037571883643 bcsId: 4352} | ret=SUCCESS |  
2019-08-23 07:09:12,450 | INFO  | DNAudit | user=null | ip=null | op=WRITE_CHUNK {blockData=conID: 3 locID: 102665037571883643 bcsId: 4352} | ret=SUCCESS |  
2019-08-23 07:09:12,451 | INFO  | DNAudit | user=null | ip=null | op=PUT_BLOCK {blockData=[blockId=conID: 3 locID: 102665037571883643 bcsId: 0,size=4194304]} | ret=SUCCESS |  
2019-08-23 07:09:12,451 [grpc-default-executor-3] INFO  client.GrpcClientProtocolClient (GrpcClientProtocolClient.java:onNext(255)) - client-D91E5D1E15CE->f2ba01fc-a63e-4348-bd18-030b60a135e7: receive RaftClientReply:client-D91E5D1E15CE->f2ba01fc-a63e-4348-bd18-030b60a135e7@group-C8C62FEF0626, cid=2915, SUCCESS, logIndex=4354, commits[f2ba01fc-a63e-4348-bd18-030b60a135e7:c4355, eab135d4-a257-4705-b491-6c056b8c5df7:c4353, a4f67574-9018-43e7-8a54-351e98dc3d0a:c4353]
2019-08-23 07:09:12,451 [grpc-default-executor-3] INFO  client.GrpcClientProtocolClient (GrpcClientProtocolClient.java:onNext(255)) - client-D91E5D1E15CE->f2ba01fc-a63e-4348-bd18-030b60a135e7: receive RaftClientReply:client-D91E5D1E15CE->f2ba01fc-a63e-4348-bd18-030b60a135e7@group-C8C62FEF0626, cid=2916, SUCCESS, logIndex=4355, commits[f2ba01fc-a63e-4348-bd18-030b60a135e7:c4355, eab135d4-a257-4705-b491-6c056b8c5df7:c4353, a4f67574-9018-43e7-8a54-351e98dc3d0a:c4353]
2019-08-23 07:09:12,453 | INFO  | DNAudit | user=null | ip=null | op=WRITE_CHUNK {blockData=conID: 3 locID: 102665037571883643 bcsId: 4352} | ret=SUCCESS |  
2019-08-23 07:09:12,453 | INFO  | DNAudit | user=null | ip=null | op=WRITE_CHUNK {blockData=conID: 3 locID: 102665037571883643 bcsId: 4352} | ret=SUCCESS |  
2019-08-23 07:09:12,454 | INFO  | DNAudit | user=null | ip=null | op=PUT_BLOCK {blockData=[blockId=conID: 3 locID: 102665037571883643 bcsId: 0,size=4194304]} | ret=SUCCESS |  
2019-08-23 07:09:12,454 | INFO  | DNAudit | user=null | ip=null | op=PUT_BLOCK {blockData=[blockId=conID: 3 locID: 102665037571883643 bcsId: 0,size=4194304]} | ret=SUCCESS |  
2019-08-23 07:09:12,454 [grpc-default-executor-3] INFO  client.GrpcClientProtocolClient (GrpcClientProtocolClient.java:onNext(255)) - client-D91E5D1E15CE->f2ba01fc-a63e-4348-bd18-030b60a135e7: receive RaftClientReply:client-D91E5D1E15CE->f2ba01fc-a63e-4348-bd18-030b60a135e7@group-C8C62FEF0626, cid=2917, SUCCESS, logIndex=0, commits[f2ba01fc-a63e-4348-bd18-030b60a135e7:c4357, eab135d4-a257-4705-b491-6c056b8c5df7:c4355, a4f67574-9018-43e7-8a54-351e98dc3d0a:c4355]
2019-08-23 07:09:12,461 | INFO  | SCMAudit | user=jenkins1000 | ip=192.168.5.178 | op=ALLOCATE_BLOCK {owner=aaf04d22-10dd-4717-8862-c651bdde72cf, size=4194304, type=RATIS, factor=THREE} | ret=SUCCESS |  
2019-08-23 07:09:12,466 | INFO  | OMAudit | user=jenkins1000 | ip=127.0.0.1 | op=ALLOCATE_BLOCK {volume=vol-0-67663, bucket=bucket-0-68950, key=key-0-26970, dataSize=0, replicationType=null, replicationFactor=null, keyLocationInfo=null, clientID=102665036030476690} | ret=SUCCESS |  
2019-08-23 07:09:12,471 | INFO  | DNAudit | user=null | ip=null | op=WRITE_CHUNK {blockData=conID: 1 locID: 102665037575684732 bcsId: 0} | ret=SUCCESS |  
2019-08-23 07:09:12,473 | INFO  | DNAudit | user=null | ip=null | op=WRITE_CHUNK {blockData=conID: 1 locID: 102665037575684732 bcsId: 0} | ret=SUCCESS |  
2019-08-23 07:09:12,473 | INFO  | DNAudit | user=null | ip=null | op=WRITE_CHUNK {blockData=conID: 1 locID: 102665037575684732 bcsId: 0} | ret=SUCCESS |  
2019-08-23 07:09:12,473 | INFO  | DNAudit | user=null | ip=null | op=WRITE_CHUNK {blockData=conID: 1 locID: 102665037575684732 bcsId: 0} | ret=SUCCESS |  
2019-08-23 07:09:12,475 | INFO  | DNAudit | user=null | ip=null | op=WRITE_CHUNK {blockData=conID: 1 locID: 102665037575684732 bcsId: 0} | ret=SUCCESS |  
2019-08-23 07:09:12,475 | INFO  | DNAudit | user=null | ip=null | op=WRITE_CHUNK {blockData=conID: 1 locID: 102665037575684732 bcsId: 0} | ret=SUCCESS |  
2019-08-23 07:09:12,476 | INFO  | DNAudit | user=null | ip=null | op=WRITE_CHUNK {blockData=conID: 1 locID: 102665037575684732 bcsId: 0} | ret=SUCCESS |  
2019-08-23 07:09:12,476 | INFO  | DNAudit | user=null | ip=null | op=PUT_BLOCK {blockData=[blockId=conID: 1 locID: 102665037575684732 bcsId: 0,size=1048576]} | ret=SUCCESS |  
2019-08-23 07:09:12,476 [grpc-default-executor-4] INFO  client.GrpcClientProtocolClient (GrpcClientProtocolClient.java:onNext(255)) - client-D91E5D1E15CE->f2ba01fc-a63e-4348-bd18-030b60a135e7: receive RaftClientReply:client-D91E5D1E15CE->f2ba01fc-a63e-4348-bd18-030b60a135e7@group-C8C62FEF0626, cid=2918, SUCCESS, logIndex=4358, commits[f2ba01fc-a63e-4348-bd18-030b60a135e7:c4359, eab135d4-a257-4705-b491-6c056b8c5df7:c4357, a4f67574-9018-43e7-8a54-351e98dc3d0a:c4355]
2019-08-23 07:09:12,477 [grpc-default-executor-4] INFO  client.GrpcClientProtocolClient (GrpcClientProtocolClient.java:onNext(255)) - client-D91E5D1E15CE->f2ba01fc-a63e-4348-bd18-030b60a135e7: receive RaftClientReply:client-D91E5D1E15CE->f2ba01fc-a63e-4348-bd18-030b60a135e7@group-C8C62FEF0626, cid=2919, SUCCESS, logIndex=4359, commits[f2ba01fc-a63e-4348-bd18-030b60a135e7:c4359, eab135d4-a257-4705-b491-6c056b8c5df7:c4357, a4f67574-9018-43e7-8a54-351e98dc3d0a:c4355]
2019-08-23 07:09:12,477 | INFO  | DNAudit | user=null | ip=null | op=WRITE_CHUNK {blockData=conID: 1 locID: 102665037575684732 bcsId: 0} | ret=SUCCESS |  
2019-08-23 07:09:12,477 | INFO  | DNAudit | user=null | ip=null | op=PUT_BLOCK {blockData=[blockId=conID: 1 locID: 102665037575684732 bcsId: 0,size=2097152]} | ret=SUCCESS |  
2019-08-23 07:09:12,477 [grpc-default-executor-6] INFO  client.GrpcClientProtocolClient (GrpcClientProtocolClient.java:onNext(255)) - client-D91E5D1E15CE->f2ba01fc-a63e-4348-bd18-030b60a135e7: receive RaftClientReply:client-D91E5D1E15CE->f2ba01fc-a63e-4348-bd18-030b60a135e7@group-C8C62FEF0626, cid=2920, SUCCESS, logIndex=4360, commits[f2ba01fc-a63e-4348-bd18-030b60a135e7:c4361, eab135d4-a257-4705-b491-6c056b8c5df7:c4357, a4f67574-9018-43e7-8a54-351e98dc3d0a:c4357]
2019-08-23 07:09:12,478 [grpc-default-executor-6] INFO  client.GrpcClientProtocolClient (GrpcClientProtocolClient.java:onNext(255)) - client-D91E5D1E15CE->f2ba01fc-a63e-4348-bd18-030b60a135e7: receive RaftClientReply:client-D91E5D1E15CE->f2ba01fc-a63e-4348-bd18-030b60a135e7@group-C8C62FEF0626, cid=2921, SUCCESS, logIndex=4361, commits[f2ba01fc-a63e-4348-bd18-030b60a135e7:c4361, eab135d4-a257-4705-b491-6c056b8c5df7:c4357, a4f67574-9018-43e7-8a54-351e98dc3d0a:c4357]
2019-08-23 07:09:12,478 | INFO  | DNAudit | user=null | ip=null | op=WRITE_CHUNK {blockData=conID: 1 locID: 102665037575684732 bcsId: 0} | ret=SUCCESS |  
2019-08-23 07:09:12,478 | INFO  | DNAudit | user=null | ip=null | op=PUT_BLOCK {blockData=[blockId=conID: 1 locID: 102665037575684732 bcsId: 0,size=1048576]} | ret=SUCCESS |  
2019-08-23 07:09:12,478 | INFO  | DNAudit | user=null | ip=null | op=WRITE_CHUNK {blockData=conID: 1 locID: 102665037575684732 bcsId: 0} | ret=SUCCESS |  
2019-08-23 07:09:12,478 | INFO  | DNAudit | user=null | ip=null | op=PUT_BLOCK {blockData=[blockId=conID: 1 locID: 102665037575684732 bcsId: 0,size=1048576]} | ret=SUCCESS |  
2019-08-23 07:09:12,479 | INFO  | DNAudit | user=null | ip=null | op=WRITE_CHUNK {blockData=conID: 1 locID: 102665037575684732 bcsId: 0} | ret=SUCCESS |  
2019-08-23 07:09:12,479 [grpc-default-executor-6] INFO  client.GrpcClientProtocolClient (GrpcClientProtocolClient.java:onNext(255)) - client-D91E5D1E15CE->f2ba01fc-a63e-4348-bd18-030b60a135e7: receive RaftClientReply:client-D91E5D1E15CE->f2ba01fc-a63e-4348-bd18-030b60a135e7@group-C8C62FEF0626, cid=2922, SUCCESS, logIndex=0, commits[f2ba01fc-a63e-4348-bd18-030b60a135e7:c4363, eab135d4-a257-4705-b491-6c056b8c5df7:c4359, a4f67574-9018-43e7-8a54-351e98dc3d0a:c4359]
2019-08-23 07:09:12,479 | INFO  | DNAudit | user=null | ip=null | op=WRITE_CHUNK {blockData=conID: 1 locID: 102665037575684732 bcsId: 0} | ret=SUCCESS |  
2019-08-23 07:09:12,479 | INFO  | DNAudit | user=null | ip=null | op=PUT_BLOCK {blockData=[blockId=conID: 1 locID: 102665037575684732 bcsId: 0,size=2097152]} | ret=SUCCESS |  
2019-08-23 07:09:12,480 | INFO  | DNAudit | user=null | ip=null | op=PUT_BLOCK {blockData=[blockId=conID: 1 locID: 102665037575684732 bcsId: 0,size=2097152]} | ret=SUCCESS |  
2019-08-23 07:09:12,483 | INFO  | DNAudit | user=null | ip=null | op=WRITE_CHUNK {blockData=conID: 1 locID: 102665037575684732 bcsId: 4361} | ret=SUCCESS |  
2019-08-23 07:09:12,485 | INFO  | DNAudit | user=null | ip=null | op=WRITE_CHUNK {blockData=conID: 1 locID: 102665037575684732 bcsId: 4361} | ret=SUCCESS |  
2019-08-23 07:09:12,485 | INFO  | DNAudit | user=null | ip=null | op=WRITE_CHUNK {blockData=conID: 1 locID: 102665037575684732 bcsId: 4361} | ret=SUCCESS |  
2019-08-23 07:09:12,494 | INFO  | DNAudit | user=null | ip=null | op=WRITE_CHUNK {blockData=conID: 1 locID: 102665037575684732 bcsId: 4361} | ret=SUCCESS |  
2019-08-23 07:09:12,495 | INFO  | DNAudit | user=null | ip=null | op=PUT_BLOCK {blockData=[blockId=conID: 1 locID: 102665037575684732 bcsId: 0,size=3145728]} | ret=SUCCESS |  
2019-08-23 07:09:12,495 [grpc-default-executor-4] INFO  client.GrpcClientProtocolClient (GrpcClientProtocolClient.java:onNext(255)) - client-D91E5D1E15CE->f2ba01fc-a63e-4348-bd18-030b60a135e7: receive RaftClientReply:client-D91E5D1E15CE->f2ba01fc-a63e-4348-bd18-030b60a135e7@group-C8C62FEF0626, cid=2923, SUCCESS, logIndex=4366, commits[f2ba01fc-a63e-4348-bd18-030b60a135e7:c4367, eab135d4-a257-4705-b491-6c056b8c5df7:c4365, a4f67574-9018-43e7-8a54-351e98dc3d0a:c4365]
2019-08-23 07:09:12,495 [grpc-default-executor-4] INFO  client.GrpcClientProtocolClient (GrpcClientProtocolClient.java:onNext(255)) - client-D91E5D1E15CE->f2ba01fc-a63e-4348-bd18-030b60a135e7: receive RaftClientReply:client-D91E5D1E15CE->f2ba01fc-a63e-4348-bd18-030b60a135e7@group-C8C62FEF0626, cid=2924, SUCCESS, logIndex=4367, commits[f2ba01fc-a63e-4348-bd18-030b60a135e7:c4367, eab135d4-a257-4705-b491-6c056b8c5df7:c4365, a4f67574-9018-43e7-8a54-351e98dc3d0a:c4365]
2019-08-23 07:09:12,496 | INFO  | DNAudit | user=null | ip=null | op=WRITE_CHUNK {blockData=conID: 1 locID: 102665037575684732 bcsId: 4361} | ret=SUCCESS |  
2019-08-23 07:09:12,496 | INFO  | DNAudit | user=null | ip=null | op=WRITE_CHUNK {blockData=conID: 1 locID: 102665037575684732 bcsId: 4361} | ret=SUCCESS |  
2019-08-23 07:09:12,498 | INFO  | DNAudit | user=null | ip=null | op=PUT_BLOCK {blockData=[blockId=conID: 1 locID: 102665037575684732 bcsId: 0,size=3145728]} | ret=SUCCESS |  
2019-08-23 07:09:12,498 | INFO  | DNAudit | user=null | ip=null | op=PUT_BLOCK {blockData=[blockId=conID: 1 locID: 102665037575684732 bcsId: 0,size=3145728]} | ret=SUCCESS |  
2019-08-23 07:09:12,500 | INFO  | DNAudit | user=null | ip=null | op=WRITE_CHUNK {blockData=conID: 1 locID: 102665037575684732 bcsId: 4367} | ret=SUCCESS |  
2019-08-23 07:09:12,501 | INFO  | DNAudit | user=null | ip=null | op=WRITE_CHUNK {blockData=conID: 1 locID: 102665037575684732 bcsId: 4367} | ret=SUCCESS |  
2019-08-23 07:09:12,502 | INFO  | DNAudit | user=null | ip=null | op=WRITE_CHUNK {blockData=conID: 1 locID: 102665037575684732 bcsId: 4367} | ret=SUCCESS |  
2019-08-23 07:09:12,503 | INFO  | DNAudit | user=null | ip=null | op=WRITE_CHUNK {blockData=conID: 1 locID: 102665037575684732 bcsId: 4367} | ret=SUCCESS |  
2019-08-23 07:09:12,503 | INFO  | DNAudit | user=null | ip=null | op=PUT_BLOCK {blockData=[blockId=conID: 1 locID: 102665037575684732 bcsId: 0,size=4194304]} | ret=SUCCESS |  
2019-08-23 07:09:12,503 [grpc-default-executor-3] INFO  client.GrpcClientProtocolClient (GrpcClientProtocolClient.java:onNext(255)) - client-D91E5D1E15CE->f2ba01fc-a63e-4348-bd18-030b60a135e7: receive RaftClientReply:client-D91E5D1E15CE->f2ba01fc-a63e-4348-bd18-030b60a135e7@group-C8C62FEF0626, cid=2925, SUCCESS, logIndex=4370, commits[f2ba01fc-a63e-4348-bd18-030b60a135e7:c4371, eab135d4-a257-4705-b491-6c056b8c5df7:c4369, a4f67574-9018-43e7-8a54-351e98dc3d0a:c4369]
2019-08-23 07:09:12,504 [grpc-default-executor-3] INFO  client.GrpcClientProtocolClient (GrpcClientProtocolClient.java:onNext(255)) - client-D91E5D1E15CE->f2ba01fc-a63e-4348-bd18-030b60a135e7: receive RaftClientReply:client-D91E5D1E15CE->f2ba01fc-a63e-4348-bd18-030b60a135e7@group-C8C62FEF0626, cid=2926, SUCCESS, logIndex=4371, commits[f2ba01fc-a63e-4348-bd18-030b60a135e7:c4371, eab135d4-a257-4705-b491-6c056b8c5df7:c4369, a4f67574-9018-43e7-8a54-351e98dc3d0a:c4369]
2019-08-23 07:09:12,505 | INFO  | DNAudit | user=null | ip=null | op=WRITE_CHUNK {blockData=conID: 1 locID: 102665037575684732 bcsId: 4367} | ret=SUCCESS |  
2019-08-23 07:09:12,505 | INFO  | DNAudit | user=null | ip=null | op=WRITE_CHUNK {blockData=conID: 1 locID: 102665037575684732 bcsId: 4367} | ret=SUCCESS |  
2019-08-23 07:09:12,507 | INFO  | DNAudit | user=null | ip=null | op=PUT_BLOCK {blockData=[blockId=conID: 1 locID: 102665037575684732 bcsId: 0,size=4194304]} | ret=SUCCESS |  
2019-08-23 07:09:12,507 | INFO  | DNAudit | user=null | ip=null | op=PUT_BLOCK {blockData=[blockId=conID: 1 locID: 102665037575684732 bcsId: 0,size=4194304]} | ret=SUCCESS |  
2019-08-23 07:09:12,507 [grpc-default-executor-0] INFO  client.GrpcClientProtocolClient (GrpcClientProtocolClient.java:onNext(255)) - client-D91E5D1E15CE->f2ba01fc-a63e-4348-bd18-030b60a135e7: receive RaftClientReply:client-D91E5D1E15CE->f2ba01fc-a63e-4348-bd18-030b60a135e7@group-C8C62FEF0626, cid=2927, SUCCESS, logIndex=0, commits[f2ba01fc-a63e-4348-bd18-030b60a135e7:c4373, eab135d4-a257-4705-b491-6c056b8c5df7:c4371, a4f67574-9018-43e7-8a54-351e98dc3d0a:c4371]
2019-08-23 07:09:12,513 | INFO  | SCMAudit | user=jenkins1000 | ip=192.168.5.178 | op=ALLOCATE_BLOCK {owner=aaf04d22-10dd-4717-8862-c651bdde72cf, size=4194304, type=RATIS, factor=THREE} | ret=SUCCESS |  
2019-08-23 07:09:12,517 | INFO  | OMAudit | user=jenkins1000 | ip=127.0.0.1 | op=ALLOCATE_BLOCK {volume=vol-0-67663, bucket=bucket-0-68950, key=key-0-26970, dataSize=0, replicationType=null, replicationFactor=null, keyLocationInfo=null, clientID=102665036030476690} | ret=SUCCESS |  
2019-08-23 07:09:12,522 | INFO  | DNAudit | user=null | ip=null | op=WRITE_CHUNK {blockData=conID: 2 locID: 102665037579092605 bcsId: 0} | ret=SUCCESS |  
2019-08-23 07:09:12,524 | INFO  | DNAudit | user=null | ip=null | op=WRITE_CHUNK {blockData=conID: 2 locID: 102665037579092605 bcsId: 0} | ret=SUCCESS |  
2019-08-23 07:09:12,524 | INFO  | DNAudit | user=null | ip=null | op=WRITE_CHUNK {blockData=conID: 2 locID: 102665037579092605 bcsId: 0} | ret=SUCCESS |  
2019-08-23 07:09:12,524 | INFO  | DNAudit | user=null | ip=null | op=WRITE_CHUNK {blockData=conID: 2 locID: 102665037579092605 bcsId: 0} | ret=SUCCESS |  
2019-08-23 07:09:12,525 | INFO  | DNAudit | user=null | ip=null | op=WRITE_CHUNK {blockData=conID: 2 locID: 102665037579092605 bcsId: 0} | ret=SUCCESS |  
2019-08-23 07:09:12,528 | INFO  | DNAudit | user=null | ip=null | op=WRITE_CHUNK {blockData=conID: 2 locID: 102665037579092605 bcsId: 0} | ret=SUCCESS |  
2019-08-23 07:09:12,543 | INFO  | DNAudit | user=null | ip=null | op=WRITE_CHUNK {blockData=conID: 2 locID: 102665037579092605 bcsId: 0} | ret=SUCCESS |  
2019-08-23 07:09:12,684 | INFO  | DNAudit | user=null | ip=null | op=WRITE_CHUNK {blockData=conID: 2 locID: 102665037579092605 bcsId: 0} | ret=SUCCESS |  
2019-08-23 07:09:12,684 | INFO  | DNAudit | user=null | ip=null | op=PUT_BLOCK {blockData=[blockId=conID: 2 locID: 102665037579092605 bcsId: 0,size=1048576]} | ret=SUCCESS |  
2019-08-23 07:09:12,684 | INFO  | DNAudit | user=null | ip=null | op=PUT_BLOCK {blockData=[blockId=conID: 2 locID: 102665037579092605 bcsId: 0,size=1048576]} | ret=SUCCESS |  
2019-08-23 07:09:12,684 [grpc-default-executor-4] INFO  client.GrpcClientProtocolClient (GrpcClientProtocolClient.java:onNext(255)) - client-D91E5D1E15CE->f2ba01fc-a63e-4348-bd18-030b60a135e7: receive RaftClientReply:client-D91E5D1E15CE->f2ba01fc-a63e-4348-bd18-030b60a135e7@group-C8C62FEF0626, cid=2928, SUCCESS, logIndex=4374, commits[f2ba01fc-a63e-4348-bd18-030b60a135e7:c4375, eab135d4-a257-4705-b491-6c056b8c5df7:c4371, a4f67574-9018-43e7-8a54-351e98dc3d0a:c4373]
2019-08-23 07:09:12,684 | INFO  | DNAudit | user=null | ip=null | op=WRITE_CHUNK {blockData=conID: 2 locID: 102665037579092605 bcsId: 0} | ret=SUCCESS |  
2019-08-23 07:09:12,685 | INFO  | DNAudit | user=null | ip=null | op=PUT_BLOCK {blockData=[blockId=conID: 2 locID: 102665037579092605 bcsId: 0,size=2097152]} | ret=SUCCESS |  
2019-08-23 07:09:12,685 [grpc-default-executor-3] INFO  client.GrpcClientProtocolClient (GrpcClientProtocolClient.java:onNext(255)) - client-D91E5D1E15CE->f2ba01fc-a63e-4348-bd18-030b60a135e7: receive RaftClientReply:client-D91E5D1E15CE->f2ba01fc-a63e-4348-bd18-030b60a135e7@group-C8C62FEF0626, cid=2929, SUCCESS, logIndex=4375, commits[f2ba01fc-a63e-4348-bd18-030b60a135e7:c4376, eab135d4-a257-4705-b491-6c056b8c5df7:c4373, a4f67574-9018-43e7-8a54-351e98dc3d0a:c4373]
2019-08-23 07:09:12,685 [grpc-default-executor-3] INFO  client.GrpcClientProtocolClient (GrpcClientProtocolClient.java:onNext(255)) - client-D91E5D1E15CE->f2ba01fc-a63e-4348-bd18-030b60a135e7: receive RaftClientReply:client-D91E5D1E15CE->f2ba01fc-a63e-4348-bd18-030b60a135e7@group-C8C62FEF0626, cid=2930, SUCCESS, logIndex=4376, commits[f2ba01fc-a63e-4348-bd18-030b60a135e7:c4377, eab135d4-a257-4705-b491-6c056b8c5df7:c4375, a4f67574-9018-43e7-8a54-351e98dc3d0a:c4373]
2019-08-23 07:09:12,686 [grpc-default-executor-3] INFO  client.GrpcClientProtocolClient (GrpcClientProtocolClient.java:onNext(255)) - client-D91E5D1E15CE->f2ba01fc-a63e-4348-bd18-030b60a135e7: receive RaftClientReply:client-D91E5D1E15CE->f2ba01fc-a63e-4348-bd18-030b60a135e7@group-C8C62FEF0626, cid=2931, SUCCESS, logIndex=4377, commits[f2ba01fc-a63e-4348-bd18-030b60a135e7:c4377, eab135d4-a257-4705-b491-6c056b8c5df7:c4375, a4f67574-9018-43e7-8a54-351e98dc3d0a:c4373]
2019-08-23 07:09:12,695 | INFO  | DNAudit | user=null | ip=null | op=WRITE_CHUNK {blockData=conID: 2 locID: 102665037579092605 bcsId: 0} | ret=SUCCESS |  
2019-08-23 07:09:12,695 | INFO  | DNAudit | user=null | ip=null | op=PUT_BLOCK {blockData=[blockId=conID: 2 locID: 102665037579092605 bcsId: 0,size=1048576]} | ret=SUCCESS |  
2019-08-23 07:09:12,695 [grpc-default-executor-3] INFO  client.GrpcClientProtocolClient (GrpcClientProtocolClient.java:onNext(255)) - client-D91E5D1E15CE->f2ba01fc-a63e-4348-bd18-030b60a135e7: receive RaftClientReply:client-D91E5D1E15CE->f2ba01fc-a63e-4348-bd18-030b60a135e7@group-C8C62FEF0626, cid=2932, SUCCESS, logIndex=0, commits[f2ba01fc-a63e-4348-bd18-030b60a135e7:c4378, eab135d4-a257-4705-b491-6c056b8c5df7:c4375, a4f67574-9018-43e7-8a54-351e98dc3d0a:c4375]
2019-08-23 07:09:12,696 | INFO  | DNAudit | user=null | ip=null | op=WRITE_CHUNK {blockData=conID: 2 locID: 102665037579092605 bcsId: 0} | ret=SUCCESS |  
2019-08-23 07:09:12,696 | INFO  | DNAudit | user=null | ip=null | op=WRITE_CHUNK {blockData=conID: 2 locID: 102665037579092605 bcsId: 0} | ret=SUCCESS |  
2019-08-23 07:09:12,696 | INFO  | DNAudit | user=null | ip=null | op=PUT_BLOCK {blockData=[blockId=conID: 2 locID: 102665037579092605 bcsId: 0,size=2097152]} | ret=SUCCESS |  
2019-08-23 07:09:12,696 | INFO  | DNAudit | user=null | ip=null | op=PUT_BLOCK {blockData=[blockId=conID: 2 locID: 102665037579092605 bcsId: 0,size=2097152]} | ret=SUCCESS |  
2019-08-23 07:09:12,702 | INFO  | DNAudit | user=null | ip=null | op=WRITE_CHUNK {blockData=conID: 2 locID: 102665037579092605 bcsId: 4377} | ret=SUCCESS |  
2019-08-23 07:09:12,705 | INFO  | DNAudit | user=null | ip=null | op=WRITE_CHUNK {blockData=conID: 2 locID: 102665037579092605 bcsId: 4377} | ret=SUCCESS |  
2019-08-23 07:09:12,705 | INFO  | DNAudit | user=null | ip=null | op=WRITE_CHUNK {blockData=conID: 2 locID: 102665037579092605 bcsId: 4377} | ret=SUCCESS |  
2019-08-23 07:09:12,715 | INFO  | DNAudit | user=null | ip=null | op=WRITE_CHUNK {blockData=conID: 2 locID: 102665037579092605 bcsId: 4377} | ret=SUCCESS |  
2019-08-23 07:09:12,715 | INFO  | DNAudit | user=null | ip=null | op=PUT_BLOCK {blockData=[blockId=conID: 2 locID: 102665037579092605 bcsId: 0,size=3145728]} | ret=SUCCESS |  
2019-08-23 07:09:12,715 [grpc-default-executor-6] INFO  client.GrpcClientProtocolClient (GrpcClientProtocolClient.java:onNext(255)) - client-D91E5D1E15CE->f2ba01fc-a63e-4348-bd18-030b60a135e7: receive RaftClientReply:client-D91E5D1E15CE->f2ba01fc-a63e-4348-bd18-030b60a135e7@group-C8C62FEF0626, cid=2933, SUCCESS, logIndex=4382, commits[f2ba01fc-a63e-4348-bd18-030b60a135e7:c4383, eab135d4-a257-4705-b491-6c056b8c5df7:c4381, a4f67574-9018-43e7-8a54-351e98dc3d0a:c4381]
2019-08-23 07:09:12,716 [grpc-default-executor-6] INFO  client.GrpcClientProtocolClient (GrpcClientProtocolClient.java:onNext(255)) - client-D91E5D1E15CE->f2ba01fc-a63e-4348-bd18-030b60a135e7: receive RaftClientReply:client-D91E5D1E15CE->f2ba01fc-a63e-4348-bd18-030b60a135e7@group-C8C62FEF0626, cid=2934, SUCCESS, logIndex=4383, commits[f2ba01fc-a63e-4348-bd18-030b60a135e7:c4383, eab135d4-a257-4705-b491-6c056b8c5df7:c4381, a4f67574-9018-43e7-8a54-351e98dc3d0a:c4381]
2019-08-23 07:09:12,722 | INFO  | DNAudit | user=null | ip=null | op=WRITE_CHUNK {blockData=conID: 2 locID: 102665037579092605 bcsId: 4383} | ret=SUCCESS |  
2019-08-23 07:09:12,724 | INFO  | DNAudit | user=null | ip=null | op=WRITE_CHUNK {blockData=conID: 2 locID: 102665037579092605 bcsId: 4383} | ret=SUCCESS |  
2019-08-23 07:09:12,724 | INFO  | DNAudit | user=null | ip=null | op=WRITE_CHUNK {blockData=conID: 2 locID: 102665037579092605 bcsId: 4383} | ret=SUCCESS |  
2019-08-23 07:09:12,726 | INFO  | DNAudit | user=null | ip=null | op=WRITE_CHUNK {blockData=conID: 2 locID: 102665037579092605 bcsId: 4377} | ret=SUCCESS |  
2019-08-23 07:09:12,726 | INFO  | DNAudit | user=null | ip=null | op=WRITE_CHUNK {blockData=conID: 2 locID: 102665037579092605 bcsId: 4377} | ret=SUCCESS |  
2019-08-23 07:09:12,726 | INFO  | DNAudit | user=null | ip=null | op=PUT_BLOCK {blockData=[blockId=conID: 2 locID: 102665037579092605 bcsId: 0,size=3145728]} | ret=SUCCESS |  
2019-08-23 07:09:12,726 | INFO  | DNAudit | user=null | ip=null | op=PUT_BLOCK {blockData=[blockId=conID: 2 locID: 102665037579092605 bcsId: 0,size=3145728]} | ret=SUCCESS |  
2019-08-23 07:09:12,728 | INFO  | DNAudit | user=null | ip=null | op=WRITE_CHUNK {blockData=conID: 2 locID: 102665037579092605 bcsId: 4383} | ret=SUCCESS |  
2019-08-23 07:09:12,729 | INFO  | DNAudit | user=null | ip=null | op=PUT_BLOCK {blockData=[blockId=conID: 2 locID: 102665037579092605 bcsId: 0,size=4194304]} | ret=SUCCESS |  
2019-08-23 07:09:12,729 [grpc-default-executor-3] INFO  client.GrpcClientProtocolClient (GrpcClientProtocolClient.java:onNext(255)) - client-D91E5D1E15CE->f2ba01fc-a63e-4348-bd18-030b60a135e7: receive RaftClientReply:client-D91E5D1E15CE->f2ba01fc-a63e-4348-bd18-030b60a135e7@group-C8C62FEF0626, cid=2935, SUCCESS, logIndex=4386, commits[f2ba01fc-a63e-4348-bd18-030b60a135e7:c4386, eab135d4-a257-4705-b491-6c056b8c5df7:c4383, a4f67574-9018-43e7-8a54-351e98dc3d0a:c4383]
2019-08-23 07:09:12,729 [grpc-default-executor-3] INFO  client.GrpcClientProtocolClient (GrpcClientProtocolClient.java:onNext(255)) - client-D91E5D1E15CE->f2ba01fc-a63e-4348-bd18-030b60a135e7: receive RaftClientReply:client-D91E5D1E15CE->f2ba01fc-a63e-4348-bd18-030b60a135e7@group-C8C62FEF0626, cid=2936, SUCCESS, logIndex=4387, commits[f2ba01fc-a63e-4348-bd18-030b60a135e7:c4387, eab135d4-a257-4705-b491-6c056b8c5df7:c4383, a4f67574-9018-43e7-8a54-351e98dc3d0a:c4383]
2019-08-23 07:09:12,739 | INFO  | DNAudit | user=null | ip=null | op=WRITE_CHUNK {blockData=conID: 2 locID: 102665037579092605 bcsId: 4383} | ret=SUCCESS |  
2019-08-23 07:09:12,739 | INFO  | DNAudit | user=null | ip=null | op=WRITE_CHUNK {blockData=conID: 2 locID: 102665037579092605 bcsId: 4383} | ret=SUCCESS |  
2019-08-23 07:09:12,740 | INFO  | DNAudit | user=null | ip=null | op=PUT_BLOCK {blockData=[blockId=conID: 2 locID: 102665037579092605 bcsId: 0,size=4194304]} | ret=SUCCESS |  
2019-08-23 07:09:12,741 | INFO  | DNAudit | user=null | ip=null | op=PUT_BLOCK {blockData=[blockId=conID: 2 locID: 102665037579092605 bcsId: 0,size=4194304]} | ret=SUCCESS |  
2019-08-23 07:09:12,741 [grpc-default-executor-3] INFO  client.GrpcClientProtocolClient (GrpcClientProtocolClient.java:onNext(255)) - client-D91E5D1E15CE->f2ba01fc-a63e-4348-bd18-030b60a135e7: receive RaftClientReply:client-D91E5D1E15CE->f2ba01fc-a63e-4348-bd18-030b60a135e7@group-C8C62FEF0626, cid=2937, SUCCESS, logIndex=0, commits[f2ba01fc-a63e-4348-bd18-030b60a135e7:c4389, eab135d4-a257-4705-b491-6c056b8c5df7:c4387, a4f67574-9018-43e7-8a54-351e98dc3d0a:c4387]
2019-08-23 07:09:12,750 | INFO  | SCMAudit | user=jenkins1000 | ip=192.168.5.178 | op=ALLOCATE_BLOCK {owner=aaf04d22-10dd-4717-8862-c651bdde72cf, size=4194304, type=RATIS, factor=THREE} | ret=SUCCESS |  
2019-08-23 07:09:12,754 | INFO  | OMAudit | user=jenkins1000 | ip=127.0.0.1 | op=ALLOCATE_BLOCK {volume=vol-0-67663, bucket=bucket-0-68950, key=key-0-26970, dataSize=0, replicationType=null, replicationFactor=null, keyLocationInfo=null, clientID=102665036030476690} | ret=SUCCESS |  
2019-08-23 07:09:12,761 | INFO  | DNAudit | user=null | ip=null | op=WRITE_CHUNK {blockData=conID: 3 locID: 102665037594624638 bcsId: 0} | ret=SUCCESS |  
2019-08-23 07:09:12,763 | INFO  | DNAudit | user=null | ip=null | op=WRITE_CHUNK {blockData=conID: 3 locID: 102665037594624638 bcsId: 0} | ret=SUCCESS |  
2019-08-23 07:09:12,763 | INFO  | DNAudit | user=null | ip=null | op=WRITE_CHUNK {blockData=conID: 3 locID: 102665037594624638 bcsId: 0} | ret=SUCCESS |  
2019-08-23 07:09:12,763 | INFO  | DNAudit | user=null | ip=null | op=WRITE_CHUNK {blockData=conID: 3 locID: 102665037594624638 bcsId: 0} | ret=SUCCESS |  
2019-08-23 07:09:12,765 | INFO  | DNAudit | user=null | ip=null | op=WRITE_CHUNK {blockData=conID: 3 locID: 102665037594624638 bcsId: 0} | ret=SUCCESS |  
2019-08-23 07:09:12,765 | INFO  | DNAudit | user=null | ip=null | op=WRITE_CHUNK {blockData=conID: 3 locID: 102665037594624638 bcsId: 0} | ret=SUCCESS |  
2019-08-23 07:09:12,776 | INFO  | DNAudit | user=null | ip=null | op=WRITE_CHUNK {blockData=conID: 3 locID: 102665037594624638 bcsId: 0} | ret=SUCCESS |  
2019-08-23 07:09:12,776 | INFO  | DNAudit | user=null | ip=null | op=PUT_BLOCK {blockData=[blockId=conID: 3 locID: 102665037594624638 bcsId: 0,size=1048576]} | ret=SUCCESS |  
2019-08-23 07:09:12,776 | INFO  | DNAudit | user=null | ip=null | op=WRITE_CHUNK {blockData=conID: 3 locID: 102665037594624638 bcsId: 0} | ret=SUCCESS |  
2019-08-23 07:09:12,776 [grpc-default-executor-6] INFO  client.GrpcClientProtocolClient (GrpcClientProtocolClient.java:onNext(255)) - client-D91E5D1E15CE->f2ba01fc-a63e-4348-bd18-030b60a135e7: receive RaftClientReply:client-D91E5D1E15CE->f2ba01fc-a63e-4348-bd18-030b60a135e7@group-C8C62FEF0626, cid=2938, SUCCESS, logIndex=4390, commits[f2ba01fc-a63e-4348-bd18-030b60a135e7:c4391, eab135d4-a257-4705-b491-6c056b8c5df7:c4389, a4f67574-9018-43e7-8a54-351e98dc3d0a:c4389]
2019-08-23 07:09:12,777 | INFO  | DNAudit | user=null | ip=null | op=PUT_BLOCK {blockData=[blockId=conID: 3 locID: 102665037594624638 bcsId: 0,size=2097152]} | ret=SUCCESS |  
2019-08-23 07:09:12,777 [grpc-default-executor-6] INFO  client.GrpcClientProtocolClient (GrpcClientProtocolClient.java:onNext(255)) - client-D91E5D1E15CE->f2ba01fc-a63e-4348-bd18-030b60a135e7: receive RaftClientReply:client-D91E5D1E15CE->f2ba01fc-a63e-4348-bd18-030b60a135e7@group-C8C62FEF0626, cid=2939, SUCCESS, logIndex=4391, commits[f2ba01fc-a63e-4348-bd18-030b60a135e7:c4393, eab135d4-a257-4705-b491-6c056b8c5df7:c4389, a4f67574-9018-43e7-8a54-351e98dc3d0a:c4389]
2019-08-23 07:09:12,777 [grpc-default-executor-6] INFO  client.GrpcClientProtocolClient (GrpcClientProtocolClient.java:onNext(255)) - client-D91E5D1E15CE->f2ba01fc-a63e-4348-bd18-030b60a135e7: receive RaftClientReply:client-D91E5D1E15CE->f2ba01fc-a63e-4348-bd18-030b60a135e7@group-C8C62FEF0626, cid=2940, SUCCESS, logIndex=4392, commits[f2ba01fc-a63e-4348-bd18-030b60a135e7:c4393, eab135d4-a257-4705-b491-6c056b8c5df7:c4389, a4f67574-9018-43e7-8a54-351e98dc3d0a:c4389]
2019-08-23 07:09:12,777 [grpc-default-executor-6] INFO  client.GrpcClientProtocolClient (GrpcClientProtocolClient.java:onNext(255)) - client-D91E5D1E15CE->f2ba01fc-a63e-4348-bd18-030b60a135e7: receive RaftClientReply:client-D91E5D1E15CE->f2ba01fc-a63e-4348-bd18-030b60a135e7@group-C8C62FEF0626, cid=2941, SUCCESS, logIndex=4393, commits[f2ba01fc-a63e-4348-bd18-030b60a135e7:c4393, eab135d4-a257-4705-b491-6c056b8c5df7:c4389, a4f67574-9018-43e7-8a54-351e98dc3d0a:c4389]
2019-08-23 07:09:12,787 | INFO  | DNAudit | user=null | ip=null | op=WRITE_CHUNK {blockData=conID: 3 locID: 102665037594624638 bcsId: 0} | ret=SUCCESS |  
2019-08-23 07:09:12,787 | INFO  | DNAudit | user=null | ip=null | op=WRITE_CHUNK {blockData=conID: 3 locID: 102665037594624638 bcsId: 0} | ret=SUCCESS |  
2019-08-23 07:09:12,788 | INFO  | DNAudit | user=null | ip=null | op=PUT_BLOCK {blockData=[blockId=conID: 3 locID: 102665037594624638 bcsId: 0,size=1048576]} | ret=SUCCESS |  
2019-08-23 07:09:12,788 | INFO  | DNAudit | user=null | ip=null | op=WRITE_CHUNK {blockData=conID: 3 locID: 102665037594624638 bcsId: 0} | ret=SUCCESS |  
2019-08-23 07:09:12,788 | INFO  | DNAudit | user=null | ip=null | op=PUT_BLOCK {blockData=[blockId=conID: 3 locID: 102665037594624638 bcsId: 0,size=2097152]} | ret=SUCCESS |  
2019-08-23 07:09:12,788 | INFO  | DNAudit | user=null | ip=null | op=PUT_BLOCK {blockData=[blockId=conID: 3 locID: 102665037594624638 bcsId: 0,size=1048576]} | ret=SUCCESS |  
2019-08-23 07:09:12,788 | INFO  | DNAudit | user=null | ip=null | op=WRITE_CHUNK {blockData=conID: 3 locID: 102665037594624638 bcsId: 0} | ret=SUCCESS |  
2019-08-23 07:09:12,789 | INFO  | DNAudit | user=null | ip=null | op=PUT_BLOCK {blockData=[blockId=conID: 3 locID: 102665037594624638 bcsId: 0,size=2097152]} | ret=SUCCESS |  
2019-08-23 07:09:12,789 [grpc-default-executor-6] INFO  client.GrpcClientProtocolClient (GrpcClientProtocolClient.java:onNext(255)) - client-D91E5D1E15CE->f2ba01fc-a63e-4348-bd18-030b60a135e7: receive RaftClientReply:client-D91E5D1E15CE->f2ba01fc-a63e-4348-bd18-030b60a135e7@group-C8C62FEF0626, cid=2942, SUCCESS, logIndex=0, commits[f2ba01fc-a63e-4348-bd18-030b60a135e7:c4397, eab135d4-a257-4705-b491-6c056b8c5df7:c4391, a4f67574-9018-43e7-8a54-351e98dc3d0a:c4393]
2019-08-23 07:09:12,795 | INFO  | DNAudit | user=null | ip=null | op=WRITE_CHUNK {blockData=conID: 3 locID: 102665037594624638 bcsId: 4393} | ret=SUCCESS |  
2019-08-23 07:09:12,797 | INFO  | DNAudit | user=null | ip=null | op=WRITE_CHUNK {blockData=conID: 3 locID: 102665037594624638 bcsId: 4393} | ret=SUCCESS |  
2019-08-23 07:09:12,797 | INFO  | DNAudit | user=null | ip=null | op=WRITE_CHUNK {blockData=conID: 3 locID: 102665037594624638 bcsId: 4393} | ret=SUCCESS |  
2019-08-23 07:09:12,810 | INFO  | DNAudit | user=null | ip=null | op=WRITE_CHUNK {blockData=conID: 3 locID: 102665037594624638 bcsId: 4393} | ret=SUCCESS |  
2019-08-23 07:09:12,811 | INFO  | DNAudit | user=null | ip=null | op=PUT_BLOCK {blockData=[blockId=conID: 3 locID: 102665037594624638 bcsId: 0,size=3145728]} | ret=SUCCESS |  
2019-08-23 07:09:12,811 [grpc-default-executor-3] INFO  client.GrpcClientProtocolClient (GrpcClientProtocolClient.java:onNext(255)) - client-D91E5D1E15CE->f2ba01fc-a63e-4348-bd18-030b60a135e7: receive RaftClientReply:client-D91E5D1E15CE->f2ba01fc-a63e-4348-bd18-030b60a135e7@group-C8C62FEF0626, cid=2943, SUCCESS, logIndex=4398, commits[f2ba01fc-a63e-4348-bd18-030b60a135e7:c4399, eab135d4-a257-4705-b491-6c056b8c5df7:c4397, a4f67574-9018-43e7-8a54-351e98dc3d0a:c4397]
2019-08-23 07:09:12,812 [grpc-default-executor-3] INFO  client.GrpcClientProtocolClient (GrpcClientProtocolClient.java:onNext(255)) - client-D91E5D1E15CE->f2ba01fc-a63e-4348-bd18-030b60a135e7: receive RaftClientReply:client-D91E5D1E15CE->f2ba01fc-a63e-4348-bd18-030b60a135e7@group-C8C62FEF0626, cid=2944, SUCCESS, logIndex=4399, commits[f2ba01fc-a63e-4348-bd18-030b60a135e7:c4399, eab135d4-a257-4705-b491-6c056b8c5df7:c4397, a4f67574-9018-43e7-8a54-351e98dc3d0a:c4397]
2019-08-23 07:09:12,818 | INFO  | DNAudit | user=null | ip=null | op=WRITE_CHUNK {blockData=conID: 3 locID: 102665037594624638 bcsId: 4399} | ret=SUCCESS |  
2019-08-23 07:09:12,820 | INFO  | DNAudit | user=null | ip=null | op=WRITE_CHUNK {blockData=conID: 3 locID: 102665037594624638 bcsId: 4399} | ret=SUCCESS |  
2019-08-23 07:09:12,820 | INFO  | DNAudit | user=null | ip=null | op=WRITE_CHUNK {blockData=conID: 3 locID: 102665037594624638 bcsId: 4399} | ret=SUCCESS |  
2019-08-23 07:09:12,823 | INFO  | DNAudit | user=null | ip=null | op=WRITE_CHUNK {blockData=conID: 3 locID: 102665037594624638 bcsId: 4393} | ret=SUCCESS |  
2019-08-23 07:09:12,823 | INFO  | DNAudit | user=null | ip=null | op=WRITE_CHUNK {blockData=conID: 3 locID: 102665037594624638 bcsId: 4393} | ret=SUCCESS |  
2019-08-23 07:09:12,824 | INFO  | DNAudit | user=null | ip=null | op=PUT_BLOCK {blockData=[blockId=conID: 3 locID: 102665037594624638 bcsId: 0,size=3145728]} | ret=SUCCESS |  
2019-08-23 07:09:12,824 | INFO  | DNAudit | user=null | ip=null | op=WRITE_CHUNK {blockData=conID: 3 locID: 102665037594624638 bcsId: 4399} | ret=SUCCESS |  
2019-08-23 07:09:12,825 | INFO  | DNAudit | user=null | ip=null | op=PUT_BLOCK {blockData=[blockId=conID: 3 locID: 102665037594624638 bcsId: 0,size=4194304]} | ret=SUCCESS |  
2019-08-23 07:09:12,825 | INFO  | DNAudit | user=null | ip=null | op=PUT_BLOCK {blockData=[blockId=conID: 3 locID: 102665037594624638 bcsId: 0,size=3145728]} | ret=SUCCESS |  
2019-08-23 07:09:12,825 [grpc-default-executor-3] INFO  client.GrpcClientProtocolClient (GrpcClientProtocolClient.java:onNext(255)) - client-D91E5D1E15CE->f2ba01fc-a63e-4348-bd18-030b60a135e7: receive RaftClientReply:client-D91E5D1E15CE->f2ba01fc-a63e-4348-bd18-030b60a135e7@group-C8C62FEF0626, cid=2945, SUCCESS, logIndex=4402, commits[f2ba01fc-a63e-4348-bd18-030b60a135e7:c4403, eab135d4-a257-4705-b491-6c056b8c5df7:c4398, a4f67574-9018-43e7-8a54-351e98dc3d0a:c4399]
2019-08-23 07:09:12,825 [grpc-default-executor-3] INFO  client.GrpcClientProtocolClient (GrpcClientProtocolClient.java:onNext(255)) - client-D91E5D1E15CE->f2ba01fc-a63e-4348-bd18-030b60a135e7: receive RaftClientReply:client-D91E5D1E15CE->f2ba01fc-a63e-4348-bd18-030b60a135e7@group-C8C62FEF0626, cid=2946, SUCCESS, logIndex=4403, commits[f2ba01fc-a63e-4348-bd18-030b60a135e7:c4403, eab135d4-a257-4705-b491-6c056b8c5df7:c4398, a4f67574-9018-43e7-8a54-351e98dc3d0a:c4399]
2019-08-23 07:09:12,826 | INFO  | DNAudit | user=null | ip=null | op=WRITE_CHUNK {blockData=conID: 3 locID: 102665037594624638 bcsId: 4399} | ret=SUCCESS |  
2019-08-23 07:09:12,826 | INFO  | DNAudit | user=null | ip=null | op=WRITE_CHUNK {blockData=conID: 3 locID: 102665037594624638 bcsId: 4399} | ret=SUCCESS |  
2019-08-23 07:09:12,826 | INFO  | DNAudit | user=null | ip=null | op=PUT_BLOCK {blockData=[blockId=conID: 3 locID: 102665037594624638 bcsId: 0,size=4194304]} | ret=SUCCESS |  
2019-08-23 07:09:12,827 [grpc-default-executor-3] INFO  client.GrpcClientProtocolClient (GrpcClientProtocolClient.java:onNext(255)) - client-D91E5D1E15CE->f2ba01fc-a63e-4348-bd18-030b60a135e7: receive RaftClientReply:client-D91E5D1E15CE->f2ba01fc-a63e-4348-bd18-030b60a135e7@group-C8C62FEF0626, cid=2947, SUCCESS, logIndex=0, commits[f2ba01fc-a63e-4348-bd18-030b60a135e7:c4404, eab135d4-a257-4705-b491-6c056b8c5df7:c4399, a4f67574-9018-43e7-8a54-351e98dc3d0a:c4402]
2019-08-23 07:09:12,827 | INFO  | DNAudit | user=null | ip=null | op=PUT_BLOCK {blockData=[blockId=conID: 3 locID: 102665037594624638 bcsId: 0,size=4194304]} | ret=SUCCESS |  
2019-08-23 07:09:12,828 [grpc-default-executor-3] INFO  client.GrpcClientProtocolClient (GrpcClientProtocolClient.java:onNext(255)) - client-D91E5D1E15CE->f2ba01fc-a63e-4348-bd18-030b60a135e7: receive RaftClientReply:client-D91E5D1E15CE->f2ba01fc-a63e-4348-bd18-030b60a135e7@group-C8C62FEF0626, cid=2948, SUCCESS, logIndex=0, commits[f2ba01fc-a63e-4348-bd18-030b60a135e7:c4405, eab135d4-a257-4705-b491-6c056b8c5df7:c4403, a4f67574-9018-43e7-8a54-351e98dc3d0a:c4403]
2019-08-23 07:09:12,836 | INFO  | SCMAudit | user=jenkins1000 | ip=192.168.5.178 | op=ALLOCATE_BLOCK {owner=aaf04d22-10dd-4717-8862-c651bdde72cf, size=4194304, type=RATIS, factor=THREE} | ret=SUCCESS |  
2019-08-23 07:09:12,843 | INFO  | OMAudit | user=jenkins1000 | ip=127.0.0.1 | op=ALLOCATE_BLOCK {volume=vol-0-67663, bucket=bucket-0-68950, key=key-0-26970, dataSize=0, replicationType=null, replicationFactor=null, keyLocationInfo=null, clientID=102665036030476690} | ret=SUCCESS |  
2019-08-23 07:09:12,848 | INFO  | DNAudit | user=null | ip=null | op=WRITE_CHUNK {blockData=conID: 1 locID: 102665037600260735 bcsId: 0} | ret=SUCCESS |  
2019-08-23 07:09:12,851 | INFO  | DNAudit | user=null | ip=null | op=WRITE_CHUNK {blockData=conID: 1 locID: 102665037600260735 bcsId: 0} | ret=SUCCESS |  
2019-08-23 07:09:12,851 | INFO  | DNAudit | user=null | ip=null | op=WRITE_CHUNK {blockData=conID: 1 locID: 102665037600260735 bcsId: 0} | ret=SUCCESS |  
2019-08-23 07:09:12,851 | INFO  | DNAudit | user=null | ip=null | op=WRITE_CHUNK {blockData=conID: 1 locID: 102665037600260735 bcsId: 0} | ret=SUCCESS |  
2019-08-23 07:09:12,853 | INFO  | DNAudit | user=null | ip=null | op=WRITE_CHUNK {blockData=conID: 1 locID: 102665037600260735 bcsId: 0} | ret=SUCCESS |  
2019-08-23 07:09:12,853 | INFO  | DNAudit | user=null | ip=null | op=WRITE_CHUNK {blockData=conID: 1 locID: 102665037600260735 bcsId: 0} | ret=SUCCESS |  
2019-08-23 07:09:12,861 | INFO  | DNAudit | user=null | ip=null | op=WRITE_CHUNK {blockData=conID: 1 locID: 102665037600260735 bcsId: 0} | ret=SUCCESS |  
2019-08-23 07:09:12,862 | INFO  | DNAudit | user=null | ip=null | op=PUT_BLOCK {blockData=[blockId=conID: 1 locID: 102665037600260735 bcsId: 0,size=1048576]} | ret=SUCCESS |  
2019-08-23 07:09:12,862 | INFO  | DNAudit | user=null | ip=null | op=WRITE_CHUNK {blockData=conID: 1 locID: 102665037600260735 bcsId: 0} | ret=SUCCESS |  
2019-08-23 07:09:12,862 [grpc-default-executor-4] INFO  client.GrpcClientProtocolClient (GrpcClientProtocolClient.java:onNext(255)) - client-D91E5D1E15CE->f2ba01fc-a63e-4348-bd18-030b60a135e7: receive RaftClientReply:client-D91E5D1E15CE->f2ba01fc-a63e-4348-bd18-030b60a135e7@group-C8C62FEF0626, cid=2949, SUCCESS, logIndex=4406, commits[f2ba01fc-a63e-4348-bd18-030b60a135e7:c4407, eab135d4-a257-4705-b491-6c056b8c5df7:c4405, a4f67574-9018-43e7-8a54-351e98dc3d0a:c4405]
2019-08-23 07:09:12,862 | INFO  | DNAudit | user=null | ip=null | op=PUT_BLOCK {blockData=[blockId=conID: 1 locID: 102665037600260735 bcsId: 0,size=2097152]} | ret=SUCCESS |  
2019-08-23 07:09:12,862 [grpc-default-executor-4] INFO  client.GrpcClientProtocolClient (GrpcClientProtocolClient.java:onNext(255)) - client-D91E5D1E15CE->f2ba01fc-a63e-4348-bd18-030b60a135e7: receive RaftClientReply:client-D91E5D1E15CE->f2ba01fc-a63e-4348-bd18-030b60a135e7@group-C8C62FEF0626, cid=2950, SUCCESS, logIndex=4407, commits[f2ba01fc-a63e-4348-bd18-030b60a135e7:c4407, eab135d4-a257-4705-b491-6c056b8c5df7:c4405, a4f67574-9018-43e7-8a54-351e98dc3d0a:c4405]
2019-08-23 07:09:12,862 [grpc-default-executor-4] INFO  client.GrpcClientProtocolClient (GrpcClientProtocolClient.java:onNext(255)) - client-D91E5D1E15CE->f2ba01fc-a63e-4348-bd18-030b60a135e7: receive RaftClientReply:client-D91E5D1E15CE->f2ba01fc-a63e-4348-bd18-030b60a135e7@group-C8C62FEF0626, cid=2951, SUCCESS, logIndex=4408, commits[f2ba01fc-a63e-4348-bd18-030b60a135e7:c4409, eab135d4-a257-4705-b491-6c056b8c5df7:c4405, a4f67574-9018-43e7-8a54-351e98dc3d0a:c4405]
2019-08-23 07:09:12,863 | INFO  | DNAudit | user=null | ip=null | op=WRITE_CHUNK {blockData=conID: 1 locID: 102665037600260735 bcsId: 0} | ret=SUCCESS |  
2019-08-23 07:09:12,863 [grpc-default-executor-4] INFO  client.GrpcClientProtocolClient (GrpcClientProtocolClient.java:onNext(255)) - client-D91E5D1E15CE->f2ba01fc-a63e-4348-bd18-030b60a135e7: receive RaftClientReply:client-D91E5D1E15CE->f2ba01fc-a63e-4348-bd18-030b60a135e7@group-C8C62FEF0626, cid=2952, SUCCESS, logIndex=4409, commits[f2ba01fc-a63e-4348-bd18-030b60a135e7:c4409, eab135d4-a257-4705-b491-6c056b8c5df7:c4405, a4f67574-9018-43e7-8a54-351e98dc3d0a:c4405]
2019-08-23 07:09:12,863 | INFO  | DNAudit | user=null | ip=null | op=PUT_BLOCK {blockData=[blockId=conID: 1 locID: 102665037600260735 bcsId: 0,size=1048576]} | ret=SUCCESS |  
2019-08-23 07:09:12,863 | INFO  | DNAudit | user=null | ip=null | op=WRITE_CHUNK {blockData=conID: 1 locID: 102665037600260735 bcsId: 0} | ret=SUCCESS |  
2019-08-23 07:09:12,864 | INFO  | DNAudit | user=null | ip=null | op=PUT_BLOCK {blockData=[blockId=conID: 1 locID: 102665037600260735 bcsId: 0,size=1048576]} | ret=SUCCESS |  
2019-08-23 07:09:12,864 | INFO  | DNAudit | user=null | ip=null | op=WRITE_CHUNK {blockData=conID: 1 locID: 102665037600260735 bcsId: 0} | ret=SUCCESS |  
2019-08-23 07:09:12,864 | INFO  | DNAudit | user=null | ip=null | op=PUT_BLOCK {blockData=[blockId=conID: 1 locID: 102665037600260735 bcsId: 0,size=2097152]} | ret=SUCCESS |  
2019-08-23 07:09:12,865 | INFO  | DNAudit | user=null | ip=null | op=WRITE_CHUNK {blockData=conID: 1 locID: 102665037600260735 bcsId: 0} | ret=SUCCESS |  
2019-08-23 07:09:12,865 [grpc-default-executor-4] INFO  client.GrpcClientProtocolClient (GrpcClientProtocolClient.java:onNext(255)) - client-D91E5D1E15CE->f2ba01fc-a63e-4348-bd18-030b60a135e7: receive RaftClientReply:client-D91E5D1E15CE->f2ba01fc-a63e-4348-bd18-030b60a135e7@group-C8C62FEF0626, cid=2953, SUCCESS, logIndex=0, commits[f2ba01fc-a63e-4348-bd18-030b60a135e7:c4411, eab135d4-a257-4705-b491-6c056b8c5df7:c4407, a4f67574-9018-43e7-8a54-351e98dc3d0a:c4407]
2019-08-23 07:09:12,865 | INFO  | DNAudit | user=null | ip=null | op=PUT_BLOCK {blockData=[blockId=conID: 1 locID: 102665037600260735 bcsId: 0,size=2097152]} | ret=SUCCESS |  
2019-08-23 07:09:12,871 | INFO  | DNAudit | user=null | ip=null | op=WRITE_CHUNK {blockData=conID: 1 locID: 102665037600260735 bcsId: 4409} | ret=SUCCESS |  
2019-08-23 07:09:12,872 | INFO  | DNAudit | user=null | ip=null | op=WRITE_CHUNK {blockData=conID: 1 locID: 102665037600260735 bcsId: 4409} | ret=SUCCESS |  
2019-08-23 07:09:12,872 | INFO  | DNAudit | user=null | ip=null | op=WRITE_CHUNK {blockData=conID: 1 locID: 102665037600260735 bcsId: 4409} | ret=SUCCESS |  
2019-08-23 07:09:12,883 | INFO  | DNAudit | user=null | ip=null | op=WRITE_CHUNK {blockData=conID: 1 locID: 102665037600260735 bcsId: 4409} | ret=SUCCESS |  
2019-08-23 07:09:12,883 | INFO  | DNAudit | user=null | ip=null | op=PUT_BLOCK {blockData=[blockId=conID: 1 locID: 102665037600260735 bcsId: 0,size=3145728]} | ret=SUCCESS |  
2019-08-23 07:09:12,884 [grpc-default-executor-0] INFO  client.GrpcClientProtocolClient (GrpcClientProtocolClient.java:onNext(255)) - client-D91E5D1E15CE->f2ba01fc-a63e-4348-bd18-030b60a135e7: receive RaftClientReply:client-D91E5D1E15CE->f2ba01fc-a63e-4348-bd18-030b60a135e7@group-C8C62FEF0626, cid=2954, SUCCESS, logIndex=4413, commits[f2ba01fc-a63e-4348-bd18-030b60a135e7:c4414, eab135d4-a257-4705-b491-6c056b8c5df7:c4412, a4f67574-9018-43e7-8a54-351e98dc3d0a:c4412]
2019-08-23 07:09:12,884 [grpc-default-executor-0] INFO  client.GrpcClientProtocolClient (GrpcClientProtocolClient.java:onNext(255)) - client-D91E5D1E15CE->f2ba01fc-a63e-4348-bd18-030b60a135e7: receive RaftClientReply:client-D91E5D1E15CE->f2ba01fc-a63e-4348-bd18-030b60a135e7@group-C8C62FEF0626, cid=2955, SUCCESS, logIndex=4414, commits[f2ba01fc-a63e-4348-bd18-030b60a135e7:c4414, eab135d4-a257-4705-b491-6c056b8c5df7:c4412, a4f67574-9018-43e7-8a54-351e98dc3d0a:c4412]
2019-08-23 07:09:12,890 | INFO  | DNAudit | user=null | ip=null | op=WRITE_CHUNK {blockData=conID: 1 locID: 102665037600260735 bcsId: 4414} | ret=SUCCESS |  
2019-08-23 07:09:12,892 | INFO  | DNAudit | user=null | ip=null | op=WRITE_CHUNK {blockData=conID: 1 locID: 102665037600260735 bcsId: 4414} | ret=SUCCESS |  
2019-08-23 07:09:12,892 | INFO  | DNAudit | user=null | ip=null | op=WRITE_CHUNK {blockData=conID: 1 locID: 102665037600260735 bcsId: 4414} | ret=SUCCESS |  
2019-08-23 07:09:12,894 | INFO  | DNAudit | user=null | ip=null | op=WRITE_CHUNK {blockData=conID: 1 locID: 102665037600260735 bcsId: 4409} | ret=SUCCESS |  
2019-08-23 07:09:12,894 | INFO  | DNAudit | user=null | ip=null | op=WRITE_CHUNK {blockData=conID: 1 locID: 102665037600260735 bcsId: 4409} | ret=SUCCESS |  
2019-08-23 07:09:12,895 | INFO  | DNAudit | user=null | ip=null | op=PUT_BLOCK {blockData=[blockId=conID: 1 locID: 102665037600260735 bcsId: 0,size=3145728]} | ret=SUCCESS |  
2019-08-23 07:09:12,895 | INFO  | DNAudit | user=null | ip=null | op=PUT_BLOCK {blockData=[blockId=conID: 1 locID: 102665037600260735 bcsId: 0,size=3145728]} | ret=SUCCESS |  
2019-08-23 07:09:12,896 | INFO  | DNAudit | user=null | ip=null | op=WRITE_CHUNK {blockData=conID: 1 locID: 102665037600260735 bcsId: 4414} | ret=SUCCESS |  
2019-08-23 07:09:12,896 | INFO  | DNAudit | user=null | ip=null | op=PUT_BLOCK {blockData=[blockId=conID: 1 locID: 102665037600260735 bcsId: 0,size=4194304]} | ret=SUCCESS |  
2019-08-23 07:09:12,896 [grpc-default-executor-0] INFO  client.GrpcClientProtocolClient (GrpcClientProtocolClient.java:onNext(255)) - client-D91E5D1E15CE->f2ba01fc-a63e-4348-bd18-030b60a135e7: receive RaftClientReply:client-D91E5D1E15CE->f2ba01fc-a63e-4348-bd18-030b60a135e7@group-C8C62FEF0626, cid=2956, SUCCESS, logIndex=4417, commits[f2ba01fc-a63e-4348-bd18-030b60a135e7:c4418, eab135d4-a257-4705-b491-6c056b8c5df7:c4414, a4f67574-9018-43e7-8a54-351e98dc3d0a:c4414]
2019-08-23 07:09:12,897 [grpc-default-executor-0] INFO  client.GrpcClientProtocolClient (GrpcClientProtocolClient.java:onNext(255)) - client-D91E5D1E15CE->f2ba01fc-a63e-4348-bd18-030b60a135e7: receive RaftClientReply:client-D91E5D1E15CE->f2ba01fc-a63e-4348-bd18-030b60a135e7@group-C8C62FEF0626, cid=2957, SUCCESS, logIndex=4418, commits[f2ba01fc-a63e-4348-bd18-030b60a135e7:c4418, eab135d4-a257-4705-b491-6c056b8c5df7:c4414, a4f67574-9018-43e7-8a54-351e98dc3d0a:c4414]
2019-08-23 07:09:12,897 | INFO  | SCMAudit | user=jenkins1000 | ip=192.168.5.178 | op=SEND_HEARTBEAT {datanodeUUID=eab135d4-a257-4705-b491-6c056b8c5df7, command=[]} | ret=SUCCESS |  
2019-08-23 07:09:12,897 | INFO  | SCMAudit | user=jenkins1000 | ip=192.168.5.178 | op=SEND_HEARTBEAT {datanodeUUID=f2ba01fc-a63e-4348-bd18-030b60a135e7, command=[]} | ret=SUCCESS |  
2019-08-23 07:09:12,897 | INFO  | SCMAudit | user=jenkins1000 | ip=192.168.5.178 | op=SEND_HEARTBEAT {datanodeUUID=a4f67574-9018-43e7-8a54-351e98dc3d0a, command=[]} | ret=SUCCESS |  
2019-08-23 07:09:12,907 | INFO  | DNAudit | user=null | ip=null | op=WRITE_CHUNK {blockData=conID: 1 locID: 102665037600260735 bcsId: 4414} | ret=SUCCESS |  
2019-08-23 07:09:12,908 | INFO  | DNAudit | user=null | ip=null | op=PUT_BLOCK {blockData=[blockId=conID: 1 locID: 102665037600260735 bcsId: 0,size=4194304]} | ret=SUCCESS |  
2019-08-23 07:09:12,908 | INFO  | DNAudit | user=null | ip=null | op=WRITE_CHUNK {blockData=conID: 1 locID: 102665037600260735 bcsId: 4414} | ret=SUCCESS |  
2019-08-23 07:09:12,908 | INFO  | DNAudit | user=null | ip=null | op=PUT_BLOCK {blockData=[blockId=conID: 1 locID: 102665037600260735 bcsId: 0,size=4194304]} | ret=SUCCESS |  
2019-08-23 07:09:12,908 [grpc-default-executor-0] INFO  client.GrpcClientProtocolClient (GrpcClientProtocolClient.java:onNext(255)) - client-D91E5D1E15CE->f2ba01fc-a63e-4348-bd18-030b60a135e7: receive RaftClientReply:client-D91E5D1E15CE->f2ba01fc-a63e-4348-bd18-030b60a135e7@group-C8C62FEF0626, cid=2958, SUCCESS, logIndex=0, commits[f2ba01fc-a63e-4348-bd18-030b60a135e7:c4419, eab135d4-a257-4705-b491-6c056b8c5df7:c4418, a4f67574-9018-43e7-8a54-351e98dc3d0a:c4418]
2019-08-23 07:09:12,917 | INFO  | SCMAudit | user=jenkins1000 | ip=192.168.5.178 | op=ALLOCATE_BLOCK {owner=aaf04d22-10dd-4717-8862-c651bdde72cf, size=4194304, type=RATIS, factor=THREE} | ret=SUCCESS |  
2019-08-23 07:09:12,924 | INFO  | OMAudit | user=jenkins1000 | ip=127.0.0.1 | op=ALLOCATE_BLOCK {volume=vol-0-67663, bucket=bucket-0-68950, key=key-0-26970, dataSize=0, replicationType=null, replicationFactor=null, keyLocationInfo=null, clientID=102665036030476690} | ret=SUCCESS |  
2019-08-23 07:09:12,929 | INFO  | DNAudit | user=null | ip=null | op=WRITE_CHUNK {blockData=conID: 2 locID: 102665037605569152 bcsId: 0} | ret=SUCCESS |  
2019-08-23 07:09:12,932 | INFO  | DNAudit | user=null | ip=null | op=WRITE_CHUNK {blockData=conID: 2 locID: 102665037605569152 bcsId: 0} | ret=SUCCESS |  
2019-08-23 07:09:12,932 | INFO  | DNAudit | user=null | ip=null | op=WRITE_CHUNK {blockData=conID: 2 locID: 102665037605569152 bcsId: 0} | ret=SUCCESS |  
2019-08-23 07:09:12,932 | INFO  | DNAudit | user=null | ip=null | op=WRITE_CHUNK {blockData=conID: 2 locID: 102665037605569152 bcsId: 0} | ret=SUCCESS |  
2019-08-23 07:09:12,934 | INFO  | DNAudit | user=null | ip=null | op=WRITE_CHUNK {blockData=conID: 2 locID: 102665037605569152 bcsId: 0} | ret=SUCCESS |  
2019-08-23 07:09:12,934 | INFO  | DNAudit | user=null | ip=null | op=WRITE_CHUNK {blockData=conID: 2 locID: 102665037605569152 bcsId: 0} | ret=SUCCESS |  
2019-08-23 07:09:12,942 | INFO  | DNAudit | user=null | ip=null | op=WRITE_CHUNK {blockData=conID: 2 locID: 102665037605569152 bcsId: 0} | ret=SUCCESS |  
2019-08-23 07:09:12,943 [grpc-default-executor-0] INFO  client.GrpcClientProtocolClient (GrpcClientProtocolClient.java:onNext(255)) - client-D91E5D1E15CE->f2ba01fc-a63e-4348-bd18-030b60a135e7: receive RaftClientReply:client-D91E5D1E15CE->f2ba01fc-a63e-4348-bd18-030b60a135e7@group-C8C62FEF0626, cid=2959, SUCCESS, logIndex=4421, commits[f2ba01fc-a63e-4348-bd18-030b60a135e7:c4421, eab135d4-a257-4705-b491-6c056b8c5df7:c4418, a4f67574-9018-43e7-8a54-351e98dc3d0a:c4420]
2019-08-23 07:09:12,943 | INFO  | DNAudit | user=null | ip=null | op=PUT_BLOCK {blockData=[blockId=conID: 2 locID: 102665037605569152 bcsId: 0,size=1048576]} | ret=SUCCESS |  
2019-08-23 07:09:12,944 | INFO  | DNAudit | user=null | ip=null | op=WRITE_CHUNK {blockData=conID: 2 locID: 102665037605569152 bcsId: 0} | ret=SUCCESS |  
2019-08-23 07:09:12,944 | INFO  | DNAudit | user=null | ip=null | op=WRITE_CHUNK {blockData=conID: 2 locID: 102665037605569152 bcsId: 0} | ret=SUCCESS |  
2019-08-23 07:09:12,944 [grpc-default-executor-3] INFO  client.GrpcClientProtocolClient (GrpcClientProtocolClient.java:onNext(255)) - client-D91E5D1E15CE->f2ba01fc-a63e-4348-bd18-030b60a135e7: receive RaftClientReply:client-D91E5D1E15CE->f2ba01fc-a63e-4348-bd18-030b60a135e7@group-C8C62FEF0626, cid=2960, SUCCESS, logIndex=4422, commits[f2ba01fc-a63e-4348-bd18-030b60a135e7:c4424, eab135d4-a257-4705-b491-6c056b8c5df7:c4420, a4f67574-9018-43e7-8a54-351e98dc3d0a:c4420]
2019-08-23 07:09:12,944 | INFO  | DNAudit | user=null | ip=null | op=PUT_BLOCK {blockData=[blockId=conID: 2 locID: 102665037605569152 bcsId: 0,size=2097152]} | ret=SUCCESS |  
2019-08-23 07:09:12,944 [grpc-default-executor-3] INFO  client.GrpcClientProtocolClient (GrpcClientProtocolClient.java:onNext(255)) - client-D91E5D1E15CE->f2ba01fc-a63e-4348-bd18-030b60a135e7: receive RaftClientReply:client-D91E5D1E15CE->f2ba01fc-a63e-4348-bd18-030b60a135e7@group-C8C62FEF0626, cid=2961, SUCCESS, logIndex=4423, commits[f2ba01fc-a63e-4348-bd18-030b60a135e7:c4424, eab135d4-a257-4705-b491-6c056b8c5df7:c4420, a4f67574-9018-43e7-8a54-351e98dc3d0a:c4420]
2019-08-23 07:09:12,945 | INFO  | DNAudit | user=null | ip=null | op=WRITE_CHUNK {blockData=conID: 2 locID: 102665037605569152 bcsId: 0} | ret=SUCCESS |  
2019-08-23 07:09:12,945 [grpc-default-executor-3] INFO  client.GrpcClientProtocolClient (GrpcClientProtocolClient.java:onNext(255)) - client-D91E5D1E15CE->f2ba01fc-a63e-4348-bd18-030b60a135e7: receive RaftClientReply:client-D91E5D1E15CE->f2ba01fc-a63e-4348-bd18-030b60a135e7@group-C8C62FEF0626, cid=2962, SUCCESS, logIndex=4424, commits[f2ba01fc-a63e-4348-bd18-030b60a135e7:c4425, eab135d4-a257-4705-b491-6c056b8c5df7:c4421, a4f67574-9018-43e7-8a54-351e98dc3d0a:c4420]
2019-08-23 07:09:12,945 | INFO  | DNAudit | user=null | ip=null | op=PUT_BLOCK {blockData=[blockId=conID: 2 locID: 102665037605569152 bcsId: 0,size=1048576]} | ret=SUCCESS |  
2019-08-23 07:09:12,945 | INFO  | DNAudit | user=null | ip=null | op=WRITE_CHUNK {blockData=conID: 2 locID: 102665037605569152 bcsId: 0} | ret=SUCCESS |  
2019-08-23 07:09:12,945 | INFO  | DNAudit | user=null | ip=null | op=PUT_BLOCK {blockData=[blockId=conID: 2 locID: 102665037605569152 bcsId: 0,size=2097152]} | ret=SUCCESS |  
2019-08-23 07:09:12,945 | INFO  | DNAudit | user=null | ip=null | op=PUT_BLOCK {blockData=[blockId=conID: 2 locID: 102665037605569152 bcsId: 0,size=1048576]} | ret=SUCCESS |  
2019-08-23 07:09:12,945 | INFO  | DNAudit | user=null | ip=null | op=WRITE_CHUNK {blockData=conID: 2 locID: 102665037605569152 bcsId: 0} | ret=SUCCESS |  
2019-08-23 07:09:12,946 | INFO  | DNAudit | user=null | ip=null | op=PUT_BLOCK {blockData=[blockId=conID: 2 locID: 102665037605569152 bcsId: 0,size=2097152]} | ret=SUCCESS |  
2019-08-23 07:09:12,947 [grpc-default-executor-3] INFO  client.GrpcClientProtocolClient (GrpcClientProtocolClient.java:onNext(255)) - client-D91E5D1E15CE->f2ba01fc-a63e-4348-bd18-030b60a135e7: receive RaftClientReply:client-D91E5D1E15CE->f2ba01fc-a63e-4348-bd18-030b60a135e7@group-C8C62FEF0626, cid=2963, SUCCESS, logIndex=0, commits[f2ba01fc-a63e-4348-bd18-030b60a135e7:c4427, eab135d4-a257-4705-b491-6c056b8c5df7:c4423, a4f67574-9018-43e7-8a54-351e98dc3d0a:c4424]
2019-08-23 07:09:12,952 | INFO  | DNAudit | user=null | ip=null | op=WRITE_CHUNK {blockData=conID: 2 locID: 102665037605569152 bcsId: 4424} | ret=SUCCESS |  
2019-08-23 07:09:12,954 | INFO  | DNAudit | user=null | ip=null | op=WRITE_CHUNK {blockData=conID: 2 locID: 102665037605569152 bcsId: 4424} | ret=SUCCESS |  
2019-08-23 07:09:12,955 | INFO  | DNAudit | user=null | ip=null | op=WRITE_CHUNK {blockData=conID: 2 locID: 102665037605569152 bcsId: 4424} | ret=SUCCESS |  
2019-08-23 07:09:12,965 | INFO  | DNAudit | user=null | ip=null | op=WRITE_CHUNK {blockData=conID: 2 locID: 102665037605569152 bcsId: 4424} | ret=SUCCESS |  
2019-08-23 07:09:12,965 | INFO  | DNAudit | user=null | ip=null | op=PUT_BLOCK {blockData=[blockId=conID: 2 locID: 102665037605569152 bcsId: 0,size=3145728]} | ret=SUCCESS |  
2019-08-23 07:09:12,965 [grpc-default-executor-4] INFO  client.GrpcClientProtocolClient (GrpcClientProtocolClient.java:onNext(255)) - client-D91E5D1E15CE->f2ba01fc-a63e-4348-bd18-030b60a135e7: receive RaftClientReply:client-D91E5D1E15CE->f2ba01fc-a63e-4348-bd18-030b60a135e7@group-C8C62FEF0626, cid=2964, SUCCESS, logIndex=4429, commits[f2ba01fc-a63e-4348-bd18-030b60a135e7:c4430, eab135d4-a257-4705-b491-6c056b8c5df7:c4428, a4f67574-9018-43e7-8a54-351e98dc3d0a:c4428]
2019-08-23 07:09:12,965 [grpc-default-executor-4] INFO  client.GrpcClientProtocolClient (GrpcClientProtocolClient.java:onNext(255)) - client-D91E5D1E15CE->f2ba01fc-a63e-4348-bd18-030b60a135e7: receive RaftClientReply:client-D91E5D1E15CE->f2ba01fc-a63e-4348-bd18-030b60a135e7@group-C8C62FEF0626, cid=2965, SUCCESS, logIndex=4430, commits[f2ba01fc-a63e-4348-bd18-030b60a135e7:c4430, eab135d4-a257-4705-b491-6c056b8c5df7:c4428, a4f67574-9018-43e7-8a54-351e98dc3d0a:c4428]
2019-08-23 07:09:12,971 | INFO  | DNAudit | user=null | ip=null | op=WRITE_CHUNK {blockData=conID: 2 locID: 102665037605569152 bcsId: 4430} | ret=SUCCESS |  
2019-08-23 07:09:12,973 | INFO  | DNAudit | user=null | ip=null | op=WRITE_CHUNK {blockData=conID: 2 locID: 102665037605569152 bcsId: 4430} | ret=SUCCESS |  
2019-08-23 07:09:12,973 | INFO  | DNAudit | user=null | ip=null | op=WRITE_CHUNK {blockData=conID: 2 locID: 102665037605569152 bcsId: 4430} | ret=SUCCESS |  
2019-08-23 07:09:12,976 | INFO  | DNAudit | user=null | ip=null | op=WRITE_CHUNK {blockData=conID: 2 locID: 102665037605569152 bcsId: 4424} | ret=SUCCESS |  
2019-08-23 07:09:12,976 | INFO  | DNAudit | user=null | ip=null | op=WRITE_CHUNK {blockData=conID: 2 locID: 102665037605569152 bcsId: 4424} | ret=SUCCESS |  
2019-08-23 07:09:12,977 | INFO  | DNAudit | user=null | ip=null | op=PUT_BLOCK {blockData=[blockId=conID: 2 locID: 102665037605569152 bcsId: 0,size=3145728]} | ret=SUCCESS |  
2019-08-23 07:09:12,977 | INFO  | DNAudit | user=null | ip=null | op=PUT_BLOCK {blockData=[blockId=conID: 2 locID: 102665037605569152 bcsId: 0,size=3145728]} | ret=SUCCESS |  
2019-08-23 07:09:12,978 | INFO  | DNAudit | user=null | ip=null | op=WRITE_CHUNK {blockData=conID: 2 locID: 102665037605569152 bcsId: 4430} | ret=SUCCESS |  
2019-08-23 07:09:12,978 | INFO  | DNAudit | user=null | ip=null | op=PUT_BLOCK {blockData=[blockId=conID: 2 locID: 102665037605569152 bcsId: 0,size=4194304]} | ret=SUCCESS |  
2019-08-23 07:09:12,978 [grpc-default-executor-4] INFO  client.GrpcClientProtocolClient (GrpcClientProtocolClient.java:onNext(255)) - client-D91E5D1E15CE->f2ba01fc-a63e-4348-bd18-030b60a135e7: receive RaftClientReply:client-D91E5D1E15CE->f2ba01fc-a63e-4348-bd18-030b60a135e7@group-C8C62FEF0626, cid=2966, SUCCESS, logIndex=4433, commits[f2ba01fc-a63e-4348-bd18-030b60a135e7:c4433, eab135d4-a257-4705-b491-6c056b8c5df7:c4430, a4f67574-9018-43e7-8a54-351e98dc3d0a:c4430]
2019-08-23 07:09:12,978 [grpc-default-executor-4] INFO  client.GrpcClientProtocolClient (GrpcClientProtocolClient.java:onNext(255)) - client-D91E5D1E15CE->f2ba01fc-a63e-4348-bd18-030b60a135e7: receive RaftClientReply:client-D91E5D1E15CE->f2ba01fc-a63e-4348-bd18-030b60a135e7@group-C8C62FEF0626, cid=2967, SUCCESS, logIndex=4434, commits[f2ba01fc-a63e-4348-bd18-030b60a135e7:c4434, eab135d4-a257-4705-b491-6c056b8c5df7:c4430, a4f67574-9018-43e7-8a54-351e98dc3d0a:c4430]
2019-08-23 07:09:12,989 | INFO  | DNAudit | user=null | ip=null | op=WRITE_CHUNK {blockData=conID: 2 locID: 102665037605569152 bcsId: 4430} | ret=SUCCESS |  
2019-08-23 07:09:12,989 | INFO  | DNAudit | user=null | ip=null | op=WRITE_CHUNK {blockData=conID: 2 locID: 102665037605569152 bcsId: 4430} | ret=SUCCESS |  
2019-08-23 07:09:12,990 | INFO  | DNAudit | user=null | ip=null | op=PUT_BLOCK {blockData=[blockId=conID: 2 locID: 102665037605569152 bcsId: 0,size=4194304]} | ret=SUCCESS |  
2019-08-23 07:09:12,990 | INFO  | DNAudit | user=null | ip=null | op=PUT_BLOCK {blockData=[blockId=conID: 2 locID: 102665037605569152 bcsId: 0,size=4194304]} | ret=SUCCESS |  
2019-08-23 07:09:12,992 [grpc-default-executor-4] INFO  client.GrpcClientProtocolClient (GrpcClientProtocolClient.java:onNext(255)) - client-D91E5D1E15CE->f2ba01fc-a63e-4348-bd18-030b60a135e7: receive RaftClientReply:client-D91E5D1E15CE->f2ba01fc-a63e-4348-bd18-030b60a135e7@group-C8C62FEF0626, cid=2968, SUCCESS, logIndex=0, commits[f2ba01fc-a63e-4348-bd18-030b60a135e7:c4436, eab135d4-a257-4705-b491-6c056b8c5df7:c4434, a4f67574-9018-43e7-8a54-351e98dc3d0a:c4434]
2019-08-23 07:09:12,999 | INFO  | SCMAudit | user=jenkins1000 | ip=192.168.5.178 | op=ALLOCATE_BLOCK {owner=aaf04d22-10dd-4717-8862-c651bdde72cf, size=4194304, type=RATIS, factor=THREE} | ret=SUCCESS |  
2019-08-23 07:09:13,003 | INFO  | OMAudit | user=jenkins1000 | ip=127.0.0.1 | op=ALLOCATE_BLOCK {volume=vol-0-67663, bucket=bucket-0-68950, key=key-0-26970, dataSize=0, replicationType=null, replicationFactor=null, keyLocationInfo=null, clientID=102665036030476690} | ret=SUCCESS |  
2019-08-23 07:09:13,009 | INFO  | DNAudit | user=null | ip=null | op=WRITE_CHUNK {blockData=conID: 3 locID: 102665037610943105 bcsId: 0} | ret=SUCCESS |  
2019-08-23 07:09:13,011 | INFO  | DNAudit | user=null | ip=null | op=WRITE_CHUNK {blockData=conID: 3 locID: 102665037610943105 bcsId: 0} | ret=SUCCESS |  
2019-08-23 07:09:13,011 | INFO  | DNAudit | user=null | ip=null | op=WRITE_CHUNK {blockData=conID: 3 locID: 102665037610943105 bcsId: 0} | ret=SUCCESS |  
2019-08-23 07:09:13,013 | INFO  | DNAudit | user=null | ip=null | op=WRITE_CHUNK {blockData=conID: 3 locID: 102665037610943105 bcsId: 0} | ret=SUCCESS |  
2019-08-23 07:09:13,015 | INFO  | DNAudit | user=null | ip=null | op=WRITE_CHUNK {blockData=conID: 3 locID: 102665037610943105 bcsId: 0} | ret=SUCCESS |  
2019-08-23 07:09:13,016 | INFO  | DNAudit | user=null | ip=null | op=WRITE_CHUNK {blockData=conID: 3 locID: 102665037610943105 bcsId: 0} | ret=SUCCESS |  
2019-08-23 07:09:13,022 | INFO  | DNAudit | user=null | ip=null | op=WRITE_CHUNK {blockData=conID: 3 locID: 102665037610943105 bcsId: 0} | ret=SUCCESS |  
2019-08-23 07:09:13,023 | INFO  | DNAudit | user=null | ip=null | op=PUT_BLOCK {blockData=[blockId=conID: 3 locID: 102665037610943105 bcsId: 0,size=1048576]} | ret=SUCCESS |  
2019-08-23 07:09:13,023 [grpc-default-executor-0] INFO  client.GrpcClientProtocolClient (GrpcClientProtocolClient.java:onNext(255)) - client-D91E5D1E15CE->f2ba01fc-a63e-4348-bd18-030b60a135e7: receive RaftClientReply:client-D91E5D1E15CE->f2ba01fc-a63e-4348-bd18-030b60a135e7@group-C8C62FEF0626, cid=2969, SUCCESS, logIndex=4437, commits[f2ba01fc-a63e-4348-bd18-030b60a135e7:c4438, eab135d4-a257-4705-b491-6c056b8c5df7:c4434, a4f67574-9018-43e7-8a54-351e98dc3d0a:c4436]
2019-08-23 07:09:13,023 | INFO  | DNAudit | user=null | ip=null | op=WRITE_CHUNK {blockData=conID: 3 locID: 102665037610943105 bcsId: 0} | ret=SUCCESS |  
2019-08-23 07:09:13,024 | INFO  | DNAudit | user=null | ip=null | op=PUT_BLOCK {blockData=[blockId=conID: 3 locID: 102665037610943105 bcsId: 0,size=2097152]} | ret=SUCCESS |  
2019-08-23 07:09:13,024 | INFO  | DNAudit | user=null | ip=null | op=WRITE_CHUNK {blockData=conID: 3 locID: 102665037610943105 bcsId: 0} | ret=SUCCESS |  
2019-08-23 07:09:13,024 | INFO  | DNAudit | user=null | ip=null | op=WRITE_CHUNK {blockData=conID: 3 locID: 102665037610943105 bcsId: 0} | ret=SUCCESS |  
2019-08-23 07:09:13,024 | INFO  | DNAudit | user=null | ip=null | op=PUT_BLOCK {blockData=[blockId=conID: 3 locID: 102665037610943105 bcsId: 0,size=1048576]} | ret=SUCCESS |  
2019-08-23 07:09:13,024 [grpc-default-executor-0] INFO  client.GrpcClientProtocolClient (GrpcClientProtocolClient.java:onNext(255)) - client-D91E5D1E15CE->f2ba01fc-a63e-4348-bd18-030b60a135e7: receive RaftClientReply:client-D91E5D1E15CE->f2ba01fc-a63e-4348-bd18-030b60a135e7@group-C8C62FEF0626, cid=2970, SUCCESS, logIndex=4438, commits[f2ba01fc-a63e-4348-bd18-030b60a135e7:c4440, eab135d4-a257-4705-b491-6c056b8c5df7:c4436, a4f67574-9018-43e7-8a54-351e98dc3d0a:c4436]
2019-08-23 07:09:13,024 | INFO  | DNAudit | user=null | ip=null | op=PUT_BLOCK {blockData=[blockId=conID: 3 locID: 102665037610943105 bcsId: 0,size=1048576]} | ret=SUCCESS |  
2019-08-23 07:09:13,024 [grpc-default-executor-0] INFO  client.GrpcClientProtocolClient (GrpcClientProtocolClient.java:onNext(255)) - client-D91E5D1E15CE->f2ba01fc-a63e-4348-bd18-030b60a135e7: receive RaftClientReply:client-D91E5D1E15CE->f2ba01fc-a63e-4348-bd18-030b60a135e7@group-C8C62FEF0626, cid=2971, SUCCESS, logIndex=4439, commits[f2ba01fc-a63e-4348-bd18-030b60a135e7:c4440, eab135d4-a257-4705-b491-6c056b8c5df7:c4436, a4f67574-9018-43e7-8a54-351e98dc3d0a:c4436]
2019-08-23 07:09:13,024 [grpc-default-executor-0] INFO  client.GrpcClientProtocolClient (GrpcClientProtocolClient.java:onNext(255)) - client-D91E5D1E15CE->f2ba01fc-a63e-4348-bd18-030b60a135e7: receive RaftClientReply:client-D91E5D1E15CE->f2ba01fc-a63e-4348-bd18-030b60a135e7@group-C8C62FEF0626, cid=2972, SUCCESS, logIndex=4440, commits[f2ba01fc-a63e-4348-bd18-030b60a135e7:c4440, eab135d4-a257-4705-b491-6c056b8c5df7:c4436, a4f67574-9018-43e7-8a54-351e98dc3d0a:c4438]
2019-08-23 07:09:13,025 | INFO  | DNAudit | user=null | ip=null | op=WRITE_CHUNK {blockData=conID: 3 locID: 102665037610943105 bcsId: 0} | ret=SUCCESS |  
2019-08-23 07:09:13,025 | INFO  | DNAudit | user=null | ip=null | op=PUT_BLOCK {blockData=[blockId=conID: 3 locID: 102665037610943105 bcsId: 0,size=2097152]} | ret=SUCCESS |  
2019-08-23 07:09:13,025 | INFO  | DNAudit | user=null | ip=null | op=WRITE_CHUNK {blockData=conID: 3 locID: 102665037610943105 bcsId: 0} | ret=SUCCESS |  
2019-08-23 07:09:13,025 [grpc-default-executor-0] INFO  client.GrpcClientProtocolClient (GrpcClientProtocolClient.java:onNext(255)) - client-D91E5D1E15CE->f2ba01fc-a63e-4348-bd18-030b60a135e7: receive RaftClientReply:client-D91E5D1E15CE->f2ba01fc-a63e-4348-bd18-030b60a135e7@group-C8C62FEF0626, cid=2973, SUCCESS, logIndex=0, commits[f2ba01fc-a63e-4348-bd18-030b60a135e7:c4442, eab135d4-a257-4705-b491-6c056b8c5df7:c4438, a4f67574-9018-43e7-8a54-351e98dc3d0a:c4438]
2019-08-23 07:09:13,026 | INFO  | DNAudit | user=null | ip=null | op=PUT_BLOCK {blockData=[blockId=conID: 3 locID: 102665037610943105 bcsId: 0,size=2097152]} | ret=SUCCESS |  
2019-08-23 07:09:13,031 | INFO  | DNAudit | user=null | ip=null | op=WRITE_CHUNK {blockData=conID: 3 locID: 102665037610943105 bcsId: 4440} | ret=SUCCESS |  
2019-08-23 07:09:13,032 | INFO  | DNAudit | user=null | ip=null | op=WRITE_CHUNK {blockData=conID: 3 locID: 102665037610943105 bcsId: 4440} | ret=SUCCESS |  
2019-08-23 07:09:13,033 | INFO  | DNAudit | user=null | ip=null | op=WRITE_CHUNK {blockData=conID: 3 locID: 102665037610943105 bcsId: 4440} | ret=SUCCESS |  
2019-08-23 07:09:13,052 | INFO  | DNAudit | user=null | ip=null | op=WRITE_CHUNK {blockData=conID: 3 locID: 102665037610943105 bcsId: 4440} | ret=SUCCESS |  
2019-08-23 07:09:13,052 | INFO  | DNAudit | user=null | ip=null | op=PUT_BLOCK {blockData=[blockId=conID: 3 locID: 102665037610943105 bcsId: 0,size=3145728]} | ret=SUCCESS |  
2019-08-23 07:09:13,052 [grpc-default-executor-4] INFO  client.GrpcClientProtocolClient (GrpcClientProtocolClient.java:onNext(255)) - client-D91E5D1E15CE->f2ba01fc-a63e-4348-bd18-030b60a135e7: receive RaftClientReply:client-D91E5D1E15CE->f2ba01fc-a63e-4348-bd18-030b60a135e7@group-C8C62FEF0626, cid=2974, SUCCESS, logIndex=4445, commits[f2ba01fc-a63e-4348-bd18-030b60a135e7:c4446, eab135d4-a257-4705-b491-6c056b8c5df7:c4444, a4f67574-9018-43e7-8a54-351e98dc3d0a:c4444]
2019-08-23 07:09:13,053 [grpc-default-executor-4] INFO  client.GrpcClientProtocolClient (GrpcClientProtocolClient.java:onNext(255)) - client-D91E5D1E15CE->f2ba01fc-a63e-4348-bd18-030b60a135e7: receive RaftClientReply:client-D91E5D1E15CE->f2ba01fc-a63e-4348-bd18-030b60a135e7@group-C8C62FEF0626, cid=2975, SUCCESS, logIndex=4446, commits[f2ba01fc-a63e-4348-bd18-030b60a135e7:c4446, eab135d4-a257-4705-b491-6c056b8c5df7:c4444, a4f67574-9018-43e7-8a54-351e98dc3d0a:c4444]
2019-08-23 07:09:13,054 | INFO  | DNAudit | user=null | ip=null | op=WRITE_CHUNK {blockData=conID: 3 locID: 102665037610943105 bcsId: 4440} | ret=SUCCESS |  
2019-08-23 07:09:13,054 | INFO  | DNAudit | user=null | ip=null | op=WRITE_CHUNK {blockData=conID: 3 locID: 102665037610943105 bcsId: 4440} | ret=SUCCESS |  
2019-08-23 07:09:13,054 | INFO  | DNAudit | user=null | ip=null | op=PUT_BLOCK {blockData=[blockId=conID: 3 locID: 102665037610943105 bcsId: 0,size=3145728]} | ret=SUCCESS |  
2019-08-23 07:09:13,054 | INFO  | DNAudit | user=null | ip=null | op=PUT_BLOCK {blockData=[blockId=conID: 3 locID: 102665037610943105 bcsId: 0,size=3145728]} | ret=SUCCESS |  
2019-08-23 07:09:13,059 | INFO  | DNAudit | user=null | ip=null | op=WRITE_CHUNK {blockData=conID: 3 locID: 102665037610943105 bcsId: 4446} | ret=SUCCESS |  
2019-08-23 07:09:13,061 | INFO  | DNAudit | user=null | ip=null | op=WRITE_CHUNK {blockData=conID: 3 locID: 102665037610943105 bcsId: 4446} | ret=SUCCESS |  
2019-08-23 07:09:13,061 | INFO  | DNAudit | user=null | ip=null | op=WRITE_CHUNK {blockData=conID: 3 locID: 102665037610943105 bcsId: 4446} | ret=SUCCESS |  
2019-08-23 07:09:13,072 | INFO  | DNAudit | user=null | ip=null | op=WRITE_CHUNK {blockData=conID: 3 locID: 102665037610943105 bcsId: 4446} | ret=SUCCESS |  
2019-08-23 07:09:13,072 | INFO  | DNAudit | user=null | ip=null | op=PUT_BLOCK {blockData=[blockId=conID: 3 locID: 102665037610943105 bcsId: 0,size=4194304]} | ret=SUCCESS |  
2019-08-23 07:09:13,072 [grpc-default-executor-3] INFO  client.GrpcClientProtocolClient (GrpcClientProtocolClient.java:onNext(255)) - client-D91E5D1E15CE->f2ba01fc-a63e-4348-bd18-030b60a135e7: receive RaftClientReply:client-D91E5D1E15CE->f2ba01fc-a63e-4348-bd18-030b60a135e7@group-C8C62FEF0626, cid=2976, SUCCESS, logIndex=4449, commits[f2ba01fc-a63e-4348-bd18-030b60a135e7:c4450, eab135d4-a257-4705-b491-6c056b8c5df7:c4448, a4f67574-9018-43e7-8a54-351e98dc3d0a:c4448]
2019-08-23 07:09:13,072 [grpc-default-executor-3] INFO  client.GrpcClientProtocolClient (GrpcClientProtocolClient.java:onNext(255)) - client-D91E5D1E15CE->f2ba01fc-a63e-4348-bd18-030b60a135e7: receive RaftClientReply:client-D91E5D1E15CE->f2ba01fc-a63e-4348-bd18-030b60a135e7@group-C8C62FEF0626, cid=2977, SUCCESS, logIndex=4450, commits[f2ba01fc-a63e-4348-bd18-030b60a135e7:c4450, eab135d4-a257-4705-b491-6c056b8c5df7:c4448, a4f67574-9018-43e7-8a54-351e98dc3d0a:c4448]
2019-08-23 07:09:13,084 | INFO  | DNAudit | user=null | ip=null | op=WRITE_CHUNK {blockData=conID: 3 locID: 102665037610943105 bcsId: 4446} | ret=SUCCESS |  
2019-08-23 07:09:13,084 | INFO  | DNAudit | user=null | ip=null | op=WRITE_CHUNK {blockData=conID: 3 locID: 102665037610943105 bcsId: 4446} | ret=SUCCESS |  
2019-08-23 07:09:13,085 | INFO  | DNAudit | user=null | ip=null | op=PUT_BLOCK {blockData=[blockId=conID: 3 locID: 102665037610943105 bcsId: 0,size=4194304]} | ret=SUCCESS |  
2019-08-23 07:09:13,085 | INFO  | DNAudit | user=null | ip=null | op=PUT_BLOCK {blockData=[blockId=conID: 3 locID: 102665037610943105 bcsId: 0,size=4194304]} | ret=SUCCESS |  
2019-08-23 07:09:13,085 [grpc-default-executor-4] INFO  client.GrpcClientProtocolClient (GrpcClientProtocolClient.java:onNext(255)) - client-D91E5D1E15CE->f2ba01fc-a63e-4348-bd18-030b60a135e7: receive RaftClientReply:client-D91E5D1E15CE->f2ba01fc-a63e-4348-bd18-030b60a135e7@group-C8C62FEF0626, cid=2978, SUCCESS, logIndex=0, commits[f2ba01fc-a63e-4348-bd18-030b60a135e7:c4452, eab135d4-a257-4705-b491-6c056b8c5df7:c4450, a4f67574-9018-43e7-8a54-351e98dc3d0a:c4450]
2019-08-23 07:09:13,091 | INFO  | SCMAudit | user=jenkins1000 | ip=192.168.5.178 | op=ALLOCATE_BLOCK {owner=aaf04d22-10dd-4717-8862-c651bdde72cf, size=4194304, type=RATIS, factor=THREE} | ret=SUCCESS |  
2019-08-23 07:09:13,094 | INFO  | OMAudit | user=jenkins1000 | ip=127.0.0.1 | op=ALLOCATE_BLOCK {volume=vol-0-67663, bucket=bucket-0-68950, key=key-0-26970, dataSize=0, replicationType=null, replicationFactor=null, keyLocationInfo=null, clientID=102665036030476690} | ret=SUCCESS |  
2019-08-23 07:09:13,100 | INFO  | DNAudit | user=null | ip=null | op=WRITE_CHUNK {blockData=conID: 1 locID: 102665037616906882 bcsId: 0} | ret=SUCCESS |  
2019-08-23 07:09:13,102 | INFO  | DNAudit | user=null | ip=null | op=WRITE_CHUNK {blockData=conID: 1 locID: 102665037616906882 bcsId: 0} | ret=SUCCESS |  
2019-08-23 07:09:13,103 | INFO  | DNAudit | user=null | ip=null | op=WRITE_CHUNK {blockData=conID: 1 locID: 102665037616906882 bcsId: 0} | ret=SUCCESS |  
2019-08-23 07:09:13,103 | INFO  | DNAudit | user=null | ip=null | op=WRITE_CHUNK {blockData=conID: 1 locID: 102665037616906882 bcsId: 0} | ret=SUCCESS |  
2019-08-23 07:09:13,104 | INFO  | DNAudit | user=null | ip=null | op=WRITE_CHUNK {blockData=conID: 1 locID: 102665037616906882 bcsId: 0} | ret=SUCCESS |  
2019-08-23 07:09:13,104 | INFO  | DNAudit | user=null | ip=null | op=WRITE_CHUNK {blockData=conID: 1 locID: 102665037616906882 bcsId: 0} | ret=SUCCESS |  
2019-08-23 07:09:13,114 | INFO  | DNAudit | user=null | ip=null | op=WRITE_CHUNK {blockData=conID: 1 locID: 102665037616906882 bcsId: 0} | ret=SUCCESS |  
2019-08-23 07:09:13,115 | INFO  | DNAudit | user=null | ip=null | op=PUT_BLOCK {blockData=[blockId=conID: 1 locID: 102665037616906882 bcsId: 0,size=1048576]} | ret=SUCCESS |  
2019-08-23 07:09:13,115 [grpc-default-executor-0] INFO  client.GrpcClientProtocolClient (GrpcClientProtocolClient.java:onNext(255)) - client-D91E5D1E15CE->f2ba01fc-a63e-4348-bd18-030b60a135e7: receive RaftClientReply:client-D91E5D1E15CE->f2ba01fc-a63e-4348-bd18-030b60a135e7@group-C8C62FEF0626, cid=2979, SUCCESS, logIndex=4453, commits[f2ba01fc-a63e-4348-bd18-030b60a135e7:c4454, eab135d4-a257-4705-b491-6c056b8c5df7:c4450, a4f67574-9018-43e7-8a54-351e98dc3d0a:c4452]
2019-08-23 07:09:13,115 [grpc-default-executor-0] INFO  client.GrpcClientProtocolClient (GrpcClientProtocolClient.java:onNext(255)) - client-D91E5D1E15CE->f2ba01fc-a63e-4348-bd18-030b60a135e7: receive RaftClientReply:client-D91E5D1E15CE->f2ba01fc-a63e-4348-bd18-030b60a135e7@group-C8C62FEF0626, cid=2980, SUCCESS, logIndex=4454, commits[f2ba01fc-a63e-4348-bd18-030b60a135e7:c4454, eab135d4-a257-4705-b491-6c056b8c5df7:c4450, a4f67574-9018-43e7-8a54-351e98dc3d0a:c4452]
2019-08-23 07:09:13,117 | INFO  | DNAudit | user=null | ip=null | op=WRITE_CHUNK {blockData=conID: 1 locID: 102665037616906882 bcsId: 0} | ret=SUCCESS |  
2019-08-23 07:09:13,117 | INFO  | DNAudit | user=null | ip=null | op=WRITE_CHUNK {blockData=conID: 1 locID: 102665037616906882 bcsId: 0} | ret=SUCCESS |  
2019-08-23 07:09:13,117 | INFO  | DNAudit | user=null | ip=null | op=PUT_BLOCK {blockData=[blockId=conID: 1 locID: 102665037616906882 bcsId: 0,size=1048576]} | ret=SUCCESS |  
2019-08-23 07:09:13,117 | INFO  | DNAudit | user=null | ip=null | op=PUT_BLOCK {blockData=[blockId=conID: 1 locID: 102665037616906882 bcsId: 0,size=2097152]} | ret=SUCCESS |  
2019-08-23 07:09:13,117 [grpc-default-executor-0] INFO  client.GrpcClientProtocolClient (GrpcClientProtocolClient.java:onNext(255)) - client-D91E5D1E15CE->f2ba01fc-a63e-4348-bd18-030b60a135e7: receive RaftClientReply:client-D91E5D1E15CE->f2ba01fc-a63e-4348-bd18-030b60a135e7@group-C8C62FEF0626, cid=2981, SUCCESS, logIndex=4455, commits[f2ba01fc-a63e-4348-bd18-030b60a135e7:c4458, eab135d4-a257-4705-b491-6c056b8c5df7:c4454, a4f67574-9018-43e7-8a54-351e98dc3d0a:c4452]
2019-08-23 07:09:13,118 [grpc-default-executor-0] INFO  client.GrpcClientProtocolClient (GrpcClientProtocolClient.java:onNext(255)) - client-D91E5D1E15CE->f2ba01fc-a63e-4348-bd18-030b60a135e7: receive RaftClientReply:client-D91E5D1E15CE->f2ba01fc-a63e-4348-bd18-030b60a135e7@group-C8C62FEF0626, cid=2982, SUCCESS, logIndex=4456, commits[f2ba01fc-a63e-4348-bd18-030b60a135e7:c4458, eab135d4-a257-4705-b491-6c056b8c5df7:c4454, a4f67574-9018-43e7-8a54-351e98dc3d0a:c4452]
2019-08-23 07:09:13,118 | INFO  | DNAudit | user=null | ip=null | op=WRITE_CHUNK {blockData=conID: 1 locID: 102665037616906882 bcsId: 0} | ret=SUCCESS |  
2019-08-23 07:09:13,118 | INFO  | DNAudit | user=null | ip=null | op=PUT_BLOCK {blockData=[blockId=conID: 1 locID: 102665037616906882 bcsId: 0,size=2097152]} | ret=SUCCESS |  
2019-08-23 07:09:13,119 | INFO  | DNAudit | user=null | ip=null | op=WRITE_CHUNK {blockData=conID: 1 locID: 102665037616906882 bcsId: 0} | ret=SUCCESS |  
2019-08-23 07:09:13,119 | INFO  | DNAudit | user=null | ip=null | op=PUT_BLOCK {blockData=[blockId=conID: 1 locID: 102665037616906882 bcsId: 0,size=1048576]} | ret=SUCCESS |  
2019-08-23 07:09:13,119 [grpc-default-executor-0] INFO  client.GrpcClientProtocolClient (GrpcClientProtocolClient.java:onNext(255)) - client-D91E5D1E15CE->f2ba01fc-a63e-4348-bd18-030b60a135e7: receive RaftClientReply:client-D91E5D1E15CE->f2ba01fc-a63e-4348-bd18-030b60a135e7@group-C8C62FEF0626, cid=2983, SUCCESS, logIndex=0, commits[f2ba01fc-a63e-4348-bd18-030b60a135e7:c4460, eab135d4-a257-4705-b491-6c056b8c5df7:c4456, a4f67574-9018-43e7-8a54-351e98dc3d0a:c4454]
2019-08-23 07:09:13,123 | INFO  | DNAudit | user=null | ip=null | op=WRITE_CHUNK {blockData=conID: 1 locID: 102665037616906882 bcsId: 4456} | ret=SUCCESS |  
2019-08-23 07:09:13,125 | INFO  | DNAudit | user=null | ip=null | op=WRITE_CHUNK {blockData=conID: 1 locID: 102665037616906882 bcsId: 4456} | ret=SUCCESS |  
2019-08-23 07:09:13,126 | INFO  | DNAudit | user=null | ip=null | op=WRITE_CHUNK {blockData=conID: 1 locID: 102665037616906882 bcsId: 4456} | ret=SUCCESS |  
2019-08-23 07:09:13,130 | INFO  | DNAudit | user=null | ip=null | op=WRITE_CHUNK {blockData=conID: 1 locID: 102665037616906882 bcsId: 0} | ret=SUCCESS |  
2019-08-23 07:09:13,130 | INFO  | DNAudit | user=null | ip=null | op=PUT_BLOCK {blockData=[blockId=conID: 1 locID: 102665037616906882 bcsId: 0,size=2097152]} | ret=SUCCESS |  
2019-08-23 07:09:13,130 | INFO  | DNAudit | user=null | ip=null | op=WRITE_CHUNK {blockData=conID: 1 locID: 102665037616906882 bcsId: 4456} | ret=SUCCESS |  
2019-08-23 07:09:13,131 | INFO  | DNAudit | user=null | ip=null | op=PUT_BLOCK {blockData=[blockId=conID: 1 locID: 102665037616906882 bcsId: 0,size=3145728]} | ret=SUCCESS |  
2019-08-23 07:09:13,131 [grpc-default-executor-3] INFO  client.GrpcClientProtocolClient (GrpcClientProtocolClient.java:onNext(255)) - client-D91E5D1E15CE->f2ba01fc-a63e-4348-bd18-030b60a135e7: receive RaftClientReply:client-D91E5D1E15CE->f2ba01fc-a63e-4348-bd18-030b60a135e7@group-C8C62FEF0626, cid=2984, SUCCESS, logIndex=4461, commits[f2ba01fc-a63e-4348-bd18-030b60a135e7:c4462, eab135d4-a257-4705-b491-6c056b8c5df7:c4460, a4f67574-9018-43e7-8a54-351e98dc3d0a:c4456]
2019-08-23 07:09:13,131 [grpc-default-executor-3] INFO  client.GrpcClientProtocolClient (GrpcClientProtocolClient.java:onNext(255)) - client-D91E5D1E15CE->f2ba01fc-a63e-4348-bd18-030b60a135e7: receive RaftClientReply:client-D91E5D1E15CE->f2ba01fc-a63e-4348-bd18-030b60a135e7@group-C8C62FEF0626, cid=2985, SUCCESS, logIndex=4462, commits[f2ba01fc-a63e-4348-bd18-030b60a135e7:c4462, eab135d4-a257-4705-b491-6c056b8c5df7:c4460, a4f67574-9018-43e7-8a54-351e98dc3d0a:c4460]
2019-08-23 07:09:13,132 | INFO  | DNAudit | user=null | ip=null | op=WRITE_CHUNK {blockData=conID: 1 locID: 102665037616906882 bcsId: 4456} | ret=SUCCESS |  
2019-08-23 07:09:13,132 | INFO  | DNAudit | user=null | ip=null | op=WRITE_CHUNK {blockData=conID: 1 locID: 102665037616906882 bcsId: 4456} | ret=SUCCESS |  
2019-08-23 07:09:13,132 | INFO  | DNAudit | user=null | ip=null | op=PUT_BLOCK {blockData=[blockId=conID: 1 locID: 102665037616906882 bcsId: 0,size=3145728]} | ret=SUCCESS |  
2019-08-23 07:09:13,133 | INFO  | DNAudit | user=null | ip=null | op=PUT_BLOCK {blockData=[blockId=conID: 1 locID: 102665037616906882 bcsId: 0,size=3145728]} | ret=SUCCESS |  
2019-08-23 07:09:13,136 | INFO  | DNAudit | user=null | ip=null | op=WRITE_CHUNK {blockData=conID: 1 locID: 102665037616906882 bcsId: 4462} | ret=SUCCESS |  
2019-08-23 07:09:13,138 | INFO  | DNAudit | user=null | ip=null | op=WRITE_CHUNK {blockData=conID: 1 locID: 102665037616906882 bcsId: 4462} | ret=SUCCESS |  
2019-08-23 07:09:13,138 | INFO  | DNAudit | user=null | ip=null | op=WRITE_CHUNK {blockData=conID: 1 locID: 102665037616906882 bcsId: 4462} | ret=SUCCESS |  
2019-08-23 07:09:13,149 | INFO  | DNAudit | user=null | ip=null | op=WRITE_CHUNK {blockData=conID: 1 locID: 102665037616906882 bcsId: 4462} | ret=SUCCESS |  
2019-08-23 07:09:13,149 | INFO  | DNAudit | user=null | ip=null | op=PUT_BLOCK {blockData=[blockId=conID: 1 locID: 102665037616906882 bcsId: 0,size=4194304]} | ret=SUCCESS |  
2019-08-23 07:09:13,149 [grpc-default-executor-0] INFO  client.GrpcClientProtocolClient (GrpcClientProtocolClient.java:onNext(255)) - client-D91E5D1E15CE->f2ba01fc-a63e-4348-bd18-030b60a135e7: receive RaftClientReply:client-D91E5D1E15CE->f2ba01fc-a63e-4348-bd18-030b60a135e7@group-C8C62FEF0626, cid=2986, SUCCESS, logIndex=4465, commits[f2ba01fc-a63e-4348-bd18-030b60a135e7:c4466, eab135d4-a257-4705-b491-6c056b8c5df7:c4464, a4f67574-9018-43e7-8a54-351e98dc3d0a:c4464]
2019-08-23 07:09:13,149 [grpc-default-executor-0] INFO  client.GrpcClientProtocolClient (GrpcClientProtocolClient.java:onNext(255)) - client-D91E5D1E15CE->f2ba01fc-a63e-4348-bd18-030b60a135e7: receive RaftClientReply:client-D91E5D1E15CE->f2ba01fc-a63e-4348-bd18-030b60a135e7@group-C8C62FEF0626, cid=2987, SUCCESS, logIndex=4466, commits[f2ba01fc-a63e-4348-bd18-030b60a135e7:c4466, eab135d4-a257-4705-b491-6c056b8c5df7:c4464, a4f67574-9018-43e7-8a54-351e98dc3d0a:c4464]
2019-08-23 07:09:13,160 | INFO  | DNAudit | user=null | ip=null | op=WRITE_CHUNK {blockData=conID: 1 locID: 102665037616906882 bcsId: 4462} | ret=SUCCESS |  
2019-08-23 07:09:13,160 | INFO  | DNAudit | user=null | ip=null | op=WRITE_CHUNK {blockData=conID: 1 locID: 102665037616906882 bcsId: 4462} | ret=SUCCESS |  
2019-08-23 07:09:13,160 | INFO  | DNAudit | user=null | ip=null | op=PUT_BLOCK {blockData=[blockId=conID: 1 locID: 102665037616906882 bcsId: 0,size=4194304]} | ret=SUCCESS |  
2019-08-23 07:09:13,160 [grpc-default-executor-0] INFO  client.GrpcClientProtocolClient (GrpcClientProtocolClient.java:onNext(255)) - client-D91E5D1E15CE->f2ba01fc-a63e-4348-bd18-030b60a135e7: receive RaftClientReply:client-D91E5D1E15CE->f2ba01fc-a63e-4348-bd18-030b60a135e7@group-C8C62FEF0626, cid=2988, SUCCESS, logIndex=0, commits[f2ba01fc-a63e-4348-bd18-030b60a135e7:c4467, eab135d4-a257-4705-b491-6c056b8c5df7:c4466, a4f67574-9018-43e7-8a54-351e98dc3d0a:c4466]
2019-08-23 07:09:13,161 | INFO  | DNAudit | user=null | ip=null | op=PUT_BLOCK {blockData=[blockId=conID: 1 locID: 102665037616906882 bcsId: 0,size=4194304]} | ret=SUCCESS |  
2019-08-23 07:09:13,165 | INFO  | SCMAudit | user=jenkins1000 | ip=192.168.5.178 | op=ALLOCATE_BLOCK {owner=aaf04d22-10dd-4717-8862-c651bdde72cf, size=4194304, type=RATIS, factor=THREE} | ret=SUCCESS |  
2019-08-23 07:09:13,168 | INFO  | OMAudit | user=jenkins1000 | ip=127.0.0.1 | op=ALLOCATE_BLOCK {volume=vol-0-67663, bucket=bucket-0-68950, key=key-0-26970, dataSize=0, replicationType=null, replicationFactor=null, keyLocationInfo=null, clientID=102665036030476690} | ret=SUCCESS |  
2019-08-23 07:09:13,173 | INFO  | DNAudit | user=null | ip=null | op=WRITE_CHUNK {blockData=conID: 2 locID: 102665037621822083 bcsId: 0} | ret=SUCCESS |  
2019-08-23 07:09:13,175 | INFO  | DNAudit | user=null | ip=null | op=WRITE_CHUNK {blockData=conID: 2 locID: 102665037621822083 bcsId: 0} | ret=SUCCESS |  
2019-08-23 07:09:13,175 | INFO  | DNAudit | user=null | ip=null | op=WRITE_CHUNK {blockData=conID: 2 locID: 102665037621822083 bcsId: 0} | ret=SUCCESS |  
2019-08-23 07:09:13,175 | INFO  | DNAudit | user=null | ip=null | op=WRITE_CHUNK {blockData=conID: 2 locID: 102665037621822083 bcsId: 0} | ret=SUCCESS |  
2019-08-23 07:09:13,176 | INFO  | SCMAudit | user=jenkins1000 | ip=192.168.5.178 | op=SEND_HEARTBEAT {datanodeUUID=b7d3ecaa-ab76-49a0-b691-40b7e1ed625a, command=[]} | ret=SUCCESS |  
2019-08-23 07:09:13,176 | INFO  | SCMAudit | user=jenkins1000 | ip=192.168.5.178 | op=SEND_HEARTBEAT {datanodeUUID=5c311bc2-cc7c-45de-998f-f79499d85d4e, command=[]} | ret=SUCCESS |  
 0.00% |█                                                                                                    |  0/1 Time: 0:00:242019-08-23 07:09:13,176 | INFO  | DNAudit | user=null | ip=null | op=WRITE_CHUNK {blockData=conID: 2 locID: 102665037621822083 bcsId: 0} | ret=SUCCESS |  
2019-08-23 07:09:13,177 | INFO  | DNAudit | user=null | ip=null | op=WRITE_CHUNK {blockData=conID: 2 locID: 102665037621822083 bcsId: 0} | ret=SUCCESS |  
2019-08-23 07:09:13,184 | INFO  | DNAudit | user=null | ip=null | op=WRITE_CHUNK {blockData=conID: 2 locID: 102665037621822083 bcsId: 0} | ret=SUCCESS |  
2019-08-23 07:09:13,185 | INFO  | DNAudit | user=null | ip=null | op=PUT_BLOCK {blockData=[blockId=conID: 2 locID: 102665037621822083 bcsId: 0,size=1048576]} | ret=SUCCESS |  
2019-08-23 07:09:13,185 [grpc-default-executor-3] INFO  client.GrpcClientProtocolClient (GrpcClientProtocolClient.java:onNext(255)) - client-D91E5D1E15CE->f2ba01fc-a63e-4348-bd18-030b60a135e7: receive RaftClientReply:client-D91E5D1E15CE->f2ba01fc-a63e-4348-bd18-030b60a135e7@group-C8C62FEF0626, cid=2989, SUCCESS, logIndex=4469, commits[f2ba01fc-a63e-4348-bd18-030b60a135e7:c4469, eab135d4-a257-4705-b491-6c056b8c5df7:c4468, a4f67574-9018-43e7-8a54-351e98dc3d0a:c4468]
2019-08-23 07:09:13,185 [grpc-default-executor-3] INFO  client.GrpcClientProtocolClient (GrpcClientProtocolClient.java:onNext(255)) - client-D91E5D1E15CE->f2ba01fc-a63e-4348-bd18-030b60a135e7: receive RaftClientReply:client-D91E5D1E15CE->f2ba01fc-a63e-4348-bd18-030b60a135e7@group-C8C62FEF0626, cid=2990, SUCCESS, logIndex=4470, commits[f2ba01fc-a63e-4348-bd18-030b60a135e7:c4470, eab135d4-a257-4705-b491-6c056b8c5df7:c4468, a4f67574-9018-43e7-8a54-351e98dc3d0a:c4468]
2019-08-23 07:09:13,186 | INFO  | DNAudit | user=null | ip=null | op=WRITE_CHUNK {blockData=conID: 2 locID: 102665037621822083 bcsId: 0} | ret=SUCCESS |  
2019-08-23 07:09:13,186 | INFO  | DNAudit | user=null | ip=null | op=PUT_BLOCK {blockData=[blockId=conID: 2 locID: 102665037621822083 bcsId: 0,size=2097152]} | ret=SUCCESS |  
2019-08-23 07:09:13,186 [grpc-default-executor-6] INFO  client.GrpcClientProtocolClient (GrpcClientProtocolClient.java:onNext(255)) - client-D91E5D1E15CE->f2ba01fc-a63e-4348-bd18-030b60a135e7: receive RaftClientReply:client-D91E5D1E15CE->f2ba01fc-a63e-4348-bd18-030b60a135e7@group-C8C62FEF0626, cid=2991, SUCCESS, logIndex=4471, commits[f2ba01fc-a63e-4348-bd18-030b60a135e7:c4472, eab135d4-a257-4705-b491-6c056b8c5df7:c4468, a4f67574-9018-43e7-8a54-351e98dc3d0a:c4468]
2019-08-23 07:09:13,186 [grpc-default-executor-6] INFO  client.GrpcClientProtocolClient (GrpcClientProtocolClient.java:onNext(255)) - client-D91E5D1E15CE->f2ba01fc-a63e-4348-bd18-030b60a135e7: receive RaftClientReply:client-D91E5D1E15CE->f2ba01fc-a63e-4348-bd18-030b60a135e7@group-C8C62FEF0626, cid=2992, SUCCESS, logIndex=4472, commits[f2ba01fc-a63e-4348-bd18-030b60a135e7:c4472, eab135d4-a257-4705-b491-6c056b8c5df7:c4468, a4f67574-9018-43e7-8a54-351e98dc3d0a:c4468]
2019-08-23 07:09:13,187 | INFO  | DNAudit | user=null | ip=null | op=WRITE_CHUNK {blockData=conID: 2 locID: 102665037621822083 bcsId: 0} | ret=SUCCESS |  
2019-08-23 07:09:13,187 | INFO  | DNAudit | user=null | ip=null | op=PUT_BLOCK {blockData=[blockId=conID: 2 locID: 102665037621822083 bcsId: 0,size=1048576]} | ret=SUCCESS |  
2019-08-23 07:09:13,188 | INFO  | DNAudit | user=null | ip=null | op=WRITE_CHUNK {blockData=conID: 2 locID: 102665037621822083 bcsId: 0} | ret=SUCCESS |  
2019-08-23 07:09:13,188 | INFO  | DNAudit | user=null | ip=null | op=PUT_BLOCK {blockData=[blockId=conID: 2 locID: 102665037621822083 bcsId: 0,size=1048576]} | ret=SUCCESS |  
2019-08-23 07:09:13,188 | INFO  | DNAudit | user=null | ip=null | op=WRITE_CHUNK {blockData=conID: 2 locID: 102665037621822083 bcsId: 0} | ret=SUCCESS |  
2019-08-23 07:09:13,188 | INFO  | DNAudit | user=null | ip=null | op=PUT_BLOCK {blockData=[blockId=conID: 2 locID: 102665037621822083 bcsId: 0,size=2097152]} | ret=SUCCESS |  
2019-08-23 07:09:13,188 [grpc-default-executor-6] INFO  client.GrpcClientProtocolClient (GrpcClientProtocolClient.java:onNext(255)) - client-D91E5D1E15CE->f2ba01fc-a63e-4348-bd18-030b60a135e7: receive RaftClientReply:client-D91E5D1E15CE->f2ba01fc-a63e-4348-bd18-030b60a135e7@group-C8C62FEF0626, cid=2993, SUCCESS, logIndex=0, commits[f2ba01fc-a63e-4348-bd18-030b60a135e7:c4474, eab135d4-a257-4705-b491-6c056b8c5df7:c4470, a4f67574-9018-43e7-8a54-351e98dc3d0a:c4470]
2019-08-23 07:09:13,188 | INFO  | DNAudit | user=null | ip=null | op=WRITE_CHUNK {blockData=conID: 2 locID: 102665037621822083 bcsId: 0} | ret=SUCCESS |  
2019-08-23 07:09:13,189 | INFO  | DNAudit | user=null | ip=null | op=PUT_BLOCK {blockData=[blockId=conID: 2 locID: 102665037621822083 bcsId: 0,size=2097152]} | ret=SUCCESS |  
2019-08-23 07:09:13,193 | INFO  | DNAudit | user=null | ip=null | op=WRITE_CHUNK {blockData=conID: 2 locID: 102665037621822083 bcsId: 4472} | ret=SUCCESS |  
2019-08-23 07:09:13,194 | INFO  | DNAudit | user=null | ip=null | op=WRITE_CHUNK {blockData=conID: 2 locID: 102665037621822083 bcsId: 4472} | ret=SUCCESS |  
2019-08-23 07:09:13,195 | INFO  | DNAudit | user=null | ip=null | op=WRITE_CHUNK {blockData=conID: 2 locID: 102665037621822083 bcsId: 4472} | ret=SUCCESS |  
2019-08-23 07:09:13,205 | INFO  | DNAudit | user=null | ip=null | op=WRITE_CHUNK {blockData=conID: 2 locID: 102665037621822083 bcsId: 4472} | ret=SUCCESS |  
2019-08-23 07:09:13,205 | INFO  | DNAudit | user=null | ip=null | op=PUT_BLOCK {blockData=[blockId=conID: 2 locID: 102665037621822083 bcsId: 0,size=3145728]} | ret=SUCCESS |  
2019-08-23 07:09:13,206 [grpc-default-executor-6] INFO  client.GrpcClientProtocolClient (GrpcClientProtocolClient.java:onNext(255)) - client-D91E5D1E15CE->f2ba01fc-a63e-4348-bd18-030b60a135e7: receive RaftClientReply:client-D91E5D1E15CE->f2ba01fc-a63e-4348-bd18-030b60a135e7@group-C8C62FEF0626, cid=2994, SUCCESS, logIndex=4477, commits[f2ba01fc-a63e-4348-bd18-030b60a135e7:c4478, eab135d4-a257-4705-b491-6c056b8c5df7:c4476, a4f67574-9018-43e7-8a54-351e98dc3d0a:c4476]
2019-08-23 07:09:13,206 [grpc-default-executor-6] INFO  client.GrpcClientProtocolClient (GrpcClientProtocolClient.java:onNext(255)) - client-D91E5D1E15CE->f2ba01fc-a63e-4348-bd18-030b60a135e7: receive RaftClientReply:client-D91E5D1E15CE->f2ba01fc-a63e-4348-bd18-030b60a135e7@group-C8C62FEF0626, cid=2995, SUCCESS, logIndex=4478, commits[f2ba01fc-a63e-4348-bd18-030b60a135e7:c4478, eab135d4-a257-4705-b491-6c056b8c5df7:c4476, a4f67574-9018-43e7-8a54-351e98dc3d0a:c4476]
2019-08-23 07:09:13,211 | INFO  | DNAudit | user=null | ip=null | op=WRITE_CHUNK {blockData=conID: 2 locID: 102665037621822083 bcsId: 4478} | ret=SUCCESS |  
2019-08-23 07:09:13,212 | INFO  | DNAudit | user=null | ip=null | op=WRITE_CHUNK {blockData=conID: 2 locID: 102665037621822083 bcsId: 4478} | ret=SUCCESS |  
2019-08-23 07:09:13,212 | INFO  | DNAudit | user=null | ip=null | op=WRITE_CHUNK {blockData=conID: 2 locID: 102665037621822083 bcsId: 4478} | ret=SUCCESS |  
2019-08-23 07:09:13,217 | INFO  | DNAudit | user=null | ip=null | op=WRITE_CHUNK {blockData=conID: 2 locID: 102665037621822083 bcsId: 4472} | ret=SUCCESS |  
2019-08-23 07:09:13,217 | INFO  | DNAudit | user=null | ip=null | op=WRITE_CHUNK {blockData=conID: 2 locID: 102665037621822083 bcsId: 4472} | ret=SUCCESS |  
2019-08-23 07:09:13,218 | INFO  | DNAudit | user=null | ip=null | op=PUT_BLOCK {blockData=[blockId=conID: 2 locID: 102665037621822083 bcsId: 0,size=3145728]} | ret=SUCCESS |  
2019-08-23 07:09:13,218 | INFO  | DNAudit | user=null | ip=null | op=PUT_BLOCK {blockData=[blockId=conID: 2 locID: 102665037621822083 bcsId: 0,size=3145728]} | ret=SUCCESS |  
2019-08-23 07:09:13,219 | INFO  | DNAudit | user=null | ip=null | op=WRITE_CHUNK {blockData=conID: 2 locID: 102665037621822083 bcsId: 4478} | ret=SUCCESS |  
2019-08-23 07:09:13,219 | INFO  | DNAudit | user=null | ip=null | op=PUT_BLOCK {blockData=[blockId=conID: 2 locID: 102665037621822083 bcsId: 0,size=4194304]} | ret=SUCCESS |  
2019-08-23 07:09:13,219 [grpc-default-executor-6] INFO  client.GrpcClientProtocolClient (GrpcClientProtocolClient.java:onNext(255)) - client-D91E5D1E15CE->f2ba01fc-a63e-4348-bd18-030b60a135e7: receive RaftClientReply:client-D91E5D1E15CE->f2ba01fc-a63e-4348-bd18-030b60a135e7@group-C8C62FEF0626, cid=2996, SUCCESS, logIndex=4481, commits[f2ba01fc-a63e-4348-bd18-030b60a135e7:c4481, eab135d4-a257-4705-b491-6c056b8c5df7:c4478, a4f67574-9018-43e7-8a54-351e98dc3d0a:c4478]
2019-08-23 07:09:13,219 [grpc-default-executor-6] INFO  client.GrpcClientProtocolClient (GrpcClientProtocolClient.java:onNext(255)) - client-D91E5D1E15CE->f2ba01fc-a63e-4348-bd18-030b60a135e7: receive RaftClientReply:client-D91E5D1E15CE->f2ba01fc-a63e-4348-bd18-030b60a135e7@group-C8C62FEF0626, cid=2997, SUCCESS, logIndex=4482, commits[f2ba01fc-a63e-4348-bd18-030b60a135e7:c4482, eab135d4-a257-4705-b491-6c056b8c5df7:c4478, a4f67574-9018-43e7-8a54-351e98dc3d0a:c4478]
2019-08-23 07:09:13,221 | INFO  | DNAudit | user=null | ip=null | op=WRITE_CHUNK {blockData=conID: 2 locID: 102665037621822083 bcsId: 4478} | ret=SUCCESS |  
2019-08-23 07:09:13,221 | INFO  | DNAudit | user=null | ip=null | op=WRITE_CHUNK {blockData=conID: 2 locID: 102665037621822083 bcsId: 4478} | ret=SUCCESS |  
2019-08-23 07:09:13,221 | INFO  | DNAudit | user=null | ip=null | op=PUT_BLOCK {blockData=[blockId=conID: 2 locID: 102665037621822083 bcsId: 0,size=4194304]} | ret=SUCCESS |  
2019-08-23 07:09:13,223 | INFO  | DNAudit | user=null | ip=null | op=PUT_BLOCK {blockData=[blockId=conID: 2 locID: 102665037621822083 bcsId: 0,size=4194304]} | ret=SUCCESS |  
2019-08-23 07:09:13,223 [grpc-default-executor-3] INFO  client.GrpcClientProtocolClient (GrpcClientProtocolClient.java:onNext(255)) - client-D91E5D1E15CE->f2ba01fc-a63e-4348-bd18-030b60a135e7: receive RaftClientReply:client-D91E5D1E15CE->f2ba01fc-a63e-4348-bd18-030b60a135e7@group-C8C62FEF0626, cid=2998, SUCCESS, logIndex=0, commits[f2ba01fc-a63e-4348-bd18-030b60a135e7:c4483, eab135d4-a257-4705-b491-6c056b8c5df7:c4482, a4f67574-9018-43e7-8a54-351e98dc3d0a:c4482]
2019-08-23 07:09:13,227 | INFO  | SCMAudit | user=jenkins1000 | ip=192.168.5.178 | op=ALLOCATE_BLOCK {owner=aaf04d22-10dd-4717-8862-c651bdde72cf, size=4194304, type=RATIS, factor=THREE} | ret=SUCCESS |  
2019-08-23 07:09:13,231 | INFO  | OMAudit | user=jenkins1000 | ip=127.0.0.1 | op=ALLOCATE_BLOCK {volume=vol-0-67663, bucket=bucket-0-68950, key=key-0-26970, dataSize=0, replicationType=null, replicationFactor=null, keyLocationInfo=null, clientID=102665036030476690} | ret=SUCCESS |  
2019-08-23 07:09:13,236 | INFO  | DNAudit | user=null | ip=null | op=WRITE_CHUNK {blockData=conID: 3 locID: 102665037625885316 bcsId: 0} | ret=SUCCESS |  
2019-08-23 07:09:13,238 | INFO  | DNAudit | user=null | ip=null | op=WRITE_CHUNK {blockData=conID: 3 locID: 102665037625885316 bcsId: 0} | ret=SUCCESS |  
2019-08-23 07:09:13,239 | INFO  | DNAudit | user=null | ip=null | op=WRITE_CHUNK {blockData=conID: 3 locID: 102665037625885316 bcsId: 0} | ret=SUCCESS |  
2019-08-23 07:09:13,239 | INFO  | DNAudit | user=null | ip=null | op=WRITE_CHUNK {blockData=conID: 3 locID: 102665037625885316 bcsId: 0} | ret=SUCCESS |  
2019-08-23 07:09:13,240 | INFO  | DNAudit | user=null | ip=null | op=WRITE_CHUNK {blockData=conID: 3 locID: 102665037625885316 bcsId: 0} | ret=SUCCESS |  
2019-08-23 07:09:13,240 | INFO  | DNAudit | user=null | ip=null | op=WRITE_CHUNK {blockData=conID: 3 locID: 102665037625885316 bcsId: 0} | ret=SUCCESS |  
2019-08-23 07:09:13,240 | INFO  | DNAudit | user=null | ip=null | op=WRITE_CHUNK {blockData=conID: 3 locID: 102665037625885316 bcsId: 0} | ret=SUCCESS |  
2019-08-23 07:09:13,241 | INFO  | DNAudit | user=null | ip=null | op=PUT_BLOCK {blockData=[blockId=conID: 3 locID: 102665037625885316 bcsId: 0,size=1048576]} | ret=SUCCESS |  
2019-08-23 07:09:13,241 [grpc-default-executor-6] INFO  client.GrpcClientProtocolClient (GrpcClientProtocolClient.java:onNext(255)) - client-D91E5D1E15CE->f2ba01fc-a63e-4348-bd18-030b60a135e7: receive RaftClientReply:client-D91E5D1E15CE->f2ba01fc-a63e-4348-bd18-030b60a135e7@group-C8C62FEF0626, cid=2999, SUCCESS, logIndex=4485, commits[f2ba01fc-a63e-4348-bd18-030b60a135e7:c4486, eab135d4-a257-4705-b491-6c056b8c5df7:c4482, a4f67574-9018-43e7-8a54-351e98dc3d0a:c4484]
2019-08-23 07:09:13,241 [grpc-default-executor-6] INFO  client.GrpcClientProtocolClient (GrpcClientProtocolClient.java:onNext(255)) - client-D91E5D1E15CE->f2ba01fc-a63e-4348-bd18-030b60a135e7: receive RaftClientReply:client-D91E5D1E15CE->f2ba01fc-a63e-4348-bd18-030b60a135e7@group-C8C62FEF0626, cid=3000, SUCCESS, logIndex=4486, commits[f2ba01fc-a63e-4348-bd18-030b60a135e7:c4486, eab135d4-a257-4705-b491-6c056b8c5df7:c4482, a4f67574-9018-43e7-8a54-351e98dc3d0a:c4484]
2019-08-23 07:09:13,243 | INFO  | DNAudit | user=null | ip=null | op=WRITE_CHUNK {blockData=conID: 3 locID: 102665037625885316 bcsId: 0} | ret=SUCCESS |  
2019-08-23 07:09:13,243 | INFO  | DNAudit | user=null | ip=null | op=WRITE_CHUNK {blockData=conID: 3 locID: 102665037625885316 bcsId: 0} | ret=SUCCESS |  
2019-08-23 07:09:13,243 | INFO  | DNAudit | user=null | ip=null | op=PUT_BLOCK {blockData=[blockId=conID: 3 locID: 102665037625885316 bcsId: 0,size=1048576]} | ret=SUCCESS |  
2019-08-23 07:09:13,243 | INFO  | DNAudit | user=null | ip=null | op=PUT_BLOCK {blockData=[blockId=conID: 3 locID: 102665037625885316 bcsId: 0,size=2097152]} | ret=SUCCESS |  
2019-08-23 07:09:13,243 [grpc-default-executor-0] INFO  client.GrpcClientProtocolClient (GrpcClientProtocolClient.java:onNext(255)) - client-D91E5D1E15CE->f2ba01fc-a63e-4348-bd18-030b60a135e7: receive RaftClientReply:client-D91E5D1E15CE->f2ba01fc-a63e-4348-bd18-030b60a135e7@group-C8C62FEF0626, cid=3001, SUCCESS, logIndex=4487, commits[f2ba01fc-a63e-4348-bd18-030b60a135e7:c4488, eab135d4-a257-4705-b491-6c056b8c5df7:c4482, a4f67574-9018-43e7-8a54-351e98dc3d0a:c4484]
2019-08-23 07:09:13,244 [grpc-default-executor-0] INFO  client.GrpcClientProtocolClient (GrpcClientProtocolClient.java:onNext(255)) - client-D91E5D1E15CE->f2ba01fc-a63e-4348-bd18-030b60a135e7: receive RaftClientReply:client-D91E5D1E15CE->f2ba01fc-a63e-4348-bd18-030b60a135e7@group-C8C62FEF0626, cid=3002, SUCCESS, logIndex=4488, commits[f2ba01fc-a63e-4348-bd18-030b60a135e7:c4490, eab135d4-a257-4705-b491-6c056b8c5df7:c4484, a4f67574-9018-43e7-8a54-351e98dc3d0a:c4486]
2019-08-23 07:09:13,244 | INFO  | DNAudit | user=null | ip=null | op=WRITE_CHUNK {blockData=conID: 3 locID: 102665037625885316 bcsId: 0} | ret=SUCCESS |  
2019-08-23 07:09:13,244 | INFO  | DNAudit | user=null | ip=null | op=WRITE_CHUNK {blockData=conID: 3 locID: 102665037625885316 bcsId: 0} | ret=SUCCESS |  
2019-08-23 07:09:13,245 | INFO  | DNAudit | user=null | ip=null | op=PUT_BLOCK {blockData=[blockId=conID: 3 locID: 102665037625885316 bcsId: 0,size=1048576]} | ret=SUCCESS |  
2019-08-23 07:09:13,245 | INFO  | DNAudit | user=null | ip=null | op=WRITE_CHUNK {blockData=conID: 3 locID: 102665037625885316 bcsId: 0} | ret=SUCCESS |  
2019-08-23 07:09:13,245 | INFO  | DNAudit | user=null | ip=null | op=PUT_BLOCK {blockData=[blockId=conID: 3 locID: 102665037625885316 bcsId: 0,size=2097152]} | ret=SUCCESS |  
2019-08-23 07:09:13,245 [grpc-default-executor-3] INFO  client.GrpcClientProtocolClient (GrpcClientProtocolClient.java:onNext(255)) - client-D91E5D1E15CE->f2ba01fc-a63e-4348-bd18-030b60a135e7: receive RaftClientReply:client-D91E5D1E15CE->f2ba01fc-a63e-4348-bd18-030b60a135e7@group-C8C62FEF0626, cid=3003, SUCCESS, logIndex=0, commits[f2ba01fc-a63e-4348-bd18-030b60a135e7:c4491, eab135d4-a257-4705-b491-6c056b8c5df7:c4486, a4f67574-9018-43e7-8a54-351e98dc3d0a:c4487]
2019-08-23 07:09:13,245 | INFO  | DNAudit | user=null | ip=null | op=PUT_BLOCK {blockData=[blockId=conID: 3 locID: 102665037625885316 bcsId: 0,size=2097152]} | ret=SUCCESS |  
2019-08-23 07:09:13,250 | INFO  | DNAudit | user=null | ip=null | op=WRITE_CHUNK {blockData=conID: 3 locID: 102665037625885316 bcsId: 4488} | ret=SUCCESS |  
2019-08-23 07:09:13,252 | INFO  | DNAudit | user=null | ip=null | op=WRITE_CHUNK {blockData=conID: 3 locID: 102665037625885316 bcsId: 4488} | ret=SUCCESS |  
2019-08-23 07:09:13,252 | INFO  | DNAudit | user=null | ip=null | op=WRITE_CHUNK {blockData=conID: 3 locID: 102665037625885316 bcsId: 4488} | ret=SUCCESS |  
2019-08-23 07:09:13,253 | INFO  | DNAudit | user=null | ip=null | op=WRITE_CHUNK {blockData=conID: 3 locID: 102665037625885316 bcsId: 4488} | ret=SUCCESS |  
2019-08-23 07:09:13,253 | INFO  | DNAudit | user=null | ip=null | op=PUT_BLOCK {blockData=[blockId=conID: 3 locID: 102665037625885316 bcsId: 0,size=3145728]} | ret=SUCCESS |  
2019-08-23 07:09:13,253 [grpc-default-executor-3] INFO  client.GrpcClientProtocolClient (GrpcClientProtocolClient.java:onNext(255)) - client-D91E5D1E15CE->f2ba01fc-a63e-4348-bd18-030b60a135e7: receive RaftClientReply:client-D91E5D1E15CE->f2ba01fc-a63e-4348-bd18-030b60a135e7@group-C8C62FEF0626, cid=3004, SUCCESS, logIndex=4493, commits[f2ba01fc-a63e-4348-bd18-030b60a135e7:c4494, eab135d4-a257-4705-b491-6c056b8c5df7:c4488, a4f67574-9018-43e7-8a54-351e98dc3d0a:c4492]
2019-08-23 07:09:13,254 [grpc-default-executor-3] INFO  client.GrpcClientProtocolClient (GrpcClientProtocolClient.java:onNext(255)) - client-D91E5D1E15CE->f2ba01fc-a63e-4348-bd18-030b60a135e7: receive RaftClientReply:client-D91E5D1E15CE->f2ba01fc-a63e-4348-bd18-030b60a135e7@group-C8C62FEF0626, cid=3005, SUCCESS, logIndex=4494, commits[f2ba01fc-a63e-4348-bd18-030b60a135e7:c4494, eab135d4-a257-4705-b491-6c056b8c5df7:c4492, a4f67574-9018-43e7-8a54-351e98dc3d0a:c4492]
2019-08-23 07:09:13,255 | INFO  | DNAudit | user=null | ip=null | op=WRITE_CHUNK {blockData=conID: 3 locID: 102665037625885316 bcsId: 4488} | ret=SUCCESS |  
2019-08-23 07:09:13,255 | INFO  | DNAudit | user=null | ip=null | op=WRITE_CHUNK {blockData=conID: 3 locID: 102665037625885316 bcsId: 4488} | ret=SUCCESS |  
2019-08-23 07:09:13,255 | INFO  | DNAudit | user=null | ip=null | op=PUT_BLOCK {blockData=[blockId=conID: 3 locID: 102665037625885316 bcsId: 0,size=3145728]} | ret=SUCCESS |  
2019-08-23 07:09:13,255 | INFO  | DNAudit | user=null | ip=null | op=PUT_BLOCK {blockData=[blockId=conID: 3 locID: 102665037625885316 bcsId: 0,size=3145728]} | ret=SUCCESS |  
2019-08-23 07:09:13,258 | INFO  | DNAudit | user=null | ip=null | op=WRITE_CHUNK {blockData=conID: 3 locID: 102665037625885316 bcsId: 4494} | ret=SUCCESS |  
2019-08-23 07:09:13,260 | INFO  | DNAudit | user=null | ip=null | op=WRITE_CHUNK {blockData=conID: 3 locID: 102665037625885316 bcsId: 4494} | ret=SUCCESS |  
2019-08-23 07:09:13,260 | INFO  | DNAudit | user=null | ip=null | op=WRITE_CHUNK {blockData=conID: 3 locID: 102665037625885316 bcsId: 4494} | ret=SUCCESS |  
2019-08-23 07:09:13,261 | INFO  | DNAudit | user=null | ip=null | op=WRITE_CHUNK {blockData=conID: 3 locID: 102665037625885316 bcsId: 4494} | ret=SUCCESS |  
2019-08-23 07:09:13,262 | INFO  | DNAudit | user=null | ip=null | op=PUT_BLOCK {blockData=[blockId=conID: 3 locID: 102665037625885316 bcsId: 0,size=4194304]} | ret=SUCCESS |  
2019-08-23 07:09:13,262 [grpc-default-executor-0] INFO  client.GrpcClientProtocolClient (GrpcClientProtocolClient.java:onNext(255)) - client-D91E5D1E15CE->f2ba01fc-a63e-4348-bd18-030b60a135e7: receive RaftClientReply:client-D91E5D1E15CE->f2ba01fc-a63e-4348-bd18-030b60a135e7@group-C8C62FEF0626, cid=3006, SUCCESS, logIndex=4497, commits[f2ba01fc-a63e-4348-bd18-030b60a135e7:c4498, eab135d4-a257-4705-b491-6c056b8c5df7:c4496, a4f67574-9018-43e7-8a54-351e98dc3d0a:c4494]
2019-08-23 07:09:13,262 [grpc-default-executor-0] INFO  client.GrpcClientProtocolClient (GrpcClientProtocolClient.java:onNext(255)) - client-D91E5D1E15CE->f2ba01fc-a63e-4348-bd18-030b60a135e7: receive RaftClientReply:client-D91E5D1E15CE->f2ba01fc-a63e-4348-bd18-030b60a135e7@group-C8C62FEF0626, cid=3007, SUCCESS, logIndex=4498, commits[f2ba01fc-a63e-4348-bd18-030b60a135e7:c4498, eab135d4-a257-4705-b491-6c056b8c5df7:c4496, a4f67574-9018-43e7-8a54-351e98dc3d0a:c4494]
2019-08-23 07:09:13,263 | INFO  | DNAudit | user=null | ip=null | op=WRITE_CHUNK {blockData=conID: 3 locID: 102665037625885316 bcsId: 4494} | ret=SUCCESS |  
2019-08-23 07:09:13,263 | INFO  | DNAudit | user=null | ip=null | op=PUT_BLOCK {blockData=[blockId=conID: 3 locID: 102665037625885316 bcsId: 0,size=4194304]} | ret=SUCCESS |  
2019-08-23 07:09:13,264 | INFO  | DNAudit | user=null | ip=null | op=WRITE_CHUNK {blockData=conID: 3 locID: 102665037625885316 bcsId: 4494} | ret=SUCCESS |  
2019-08-23 07:09:13,264 | INFO  | DNAudit | user=null | ip=null | op=PUT_BLOCK {blockData=[blockId=conID: 3 locID: 102665037625885316 bcsId: 0,size=4194304]} | ret=SUCCESS |  
2019-08-23 07:09:13,265 [grpc-default-executor-0] INFO  client.GrpcClientProtocolClient (GrpcClientProtocolClient.java:onNext(255)) - client-D91E5D1E15CE->f2ba01fc-a63e-4348-bd18-030b60a135e7: receive RaftClientReply:client-D91E5D1E15CE->f2ba01fc-a63e-4348-bd18-030b60a135e7@group-C8C62FEF0626, cid=3008, SUCCESS, logIndex=0, commits[f2ba01fc-a63e-4348-bd18-030b60a135e7:c4499, eab135d4-a257-4705-b491-6c056b8c5df7:c4498, a4f67574-9018-43e7-8a54-351e98dc3d0a:c4498]
2019-08-23 07:09:13,269 | INFO  | SCMAudit | user=jenkins1000 | ip=192.168.5.178 | op=ALLOCATE_BLOCK {owner=aaf04d22-10dd-4717-8862-c651bdde72cf, size=4194304, type=RATIS, factor=THREE} | ret=SUCCESS |  
2019-08-23 07:09:13,272 | INFO  | OMAudit | user=jenkins1000 | ip=127.0.0.1 | op=ALLOCATE_BLOCK {volume=vol-0-67663, bucket=bucket-0-68950, key=key-0-26970, dataSize=0, replicationType=null, replicationFactor=null, keyLocationInfo=null, clientID=102665036030476690} | ret=SUCCESS |  
2019-08-23 07:09:13,277 | INFO  | DNAudit | user=null | ip=null | op=WRITE_CHUNK {blockData=conID: 1 locID: 102665037628637829 bcsId: 0} | ret=SUCCESS |  
2019-08-23 07:09:13,279 | INFO  | DNAudit | user=null | ip=null | op=WRITE_CHUNK {blockData=conID: 1 locID: 102665037628637829 bcsId: 0} | ret=SUCCESS |  
2019-08-23 07:09:13,279 | INFO  | DNAudit | user=null | ip=null | op=WRITE_CHUNK {blockData=conID: 1 locID: 102665037628637829 bcsId: 0} | ret=SUCCESS |  
2019-08-23 07:09:13,279 | INFO  | DNAudit | user=null | ip=null | op=WRITE_CHUNK {blockData=conID: 1 locID: 102665037628637829 bcsId: 0} | ret=SUCCESS |  
2019-08-23 07:09:13,281 | INFO  | DNAudit | user=null | ip=null | op=WRITE_CHUNK {blockData=conID: 1 locID: 102665037628637829 bcsId: 0} | ret=SUCCESS |  
2019-08-23 07:09:13,281 | INFO  | DNAudit | user=null | ip=null | op=WRITE_CHUNK {blockData=conID: 1 locID: 102665037628637829 bcsId: 0} | ret=SUCCESS |  
2019-08-23 07:09:13,304 | INFO  | DNAudit | user=null | ip=null | op=WRITE_CHUNK {blockData=conID: 1 locID: 102665037628637829 bcsId: 0} | ret=SUCCESS |  
2019-08-23 07:09:13,305 | INFO  | DNAudit | user=null | ip=null | op=PUT_BLOCK {blockData=[blockId=conID: 1 locID: 102665037628637829 bcsId: 0,size=1048576]} | ret=SUCCESS |  
2019-08-23 07:09:13,305 [grpc-default-executor-0] INFO  client.GrpcClientProtocolClient (GrpcClientProtocolClient.java:onNext(255)) - client-D91E5D1E15CE->f2ba01fc-a63e-4348-bd18-030b60a135e7: receive RaftClientReply:client-D91E5D1E15CE->f2ba01fc-a63e-4348-bd18-030b60a135e7@group-C8C62FEF0626, cid=3009, SUCCESS, logIndex=4501, commits[f2ba01fc-a63e-4348-bd18-030b60a135e7:c4502, eab135d4-a257-4705-b491-6c056b8c5df7:c4500, a4f67574-9018-43e7-8a54-351e98dc3d0a:c4500]
2019-08-23 07:09:13,305 | INFO  | DNAudit | user=null | ip=null | op=WRITE_CHUNK {blockData=conID: 1 locID: 102665037628637829 bcsId: 0} | ret=SUCCESS |  
2019-08-23 07:09:13,305 [grpc-default-executor-6] INFO  client.GrpcClientProtocolClient (GrpcClientProtocolClient.java:onNext(255)) - client-D91E5D1E15CE->f2ba01fc-a63e-4348-bd18-030b60a135e7: receive RaftClientReply:client-D91E5D1E15CE->f2ba01fc-a63e-4348-bd18-030b60a135e7@group-C8C62FEF0626, cid=3010, SUCCESS, logIndex=4502, commits[f2ba01fc-a63e-4348-bd18-030b60a135e7:c4502, eab135d4-a257-4705-b491-6c056b8c5df7:c4500, a4f67574-9018-43e7-8a54-351e98dc3d0a:c4500]
2019-08-23 07:09:13,305 | INFO  | DNAudit | user=null | ip=null | op=PUT_BLOCK {blockData=[blockId=conID: 1 locID: 102665037628637829 bcsId: 0,size=2097152]} | ret=SUCCESS |  
2019-08-23 07:09:13,305 [grpc-default-executor-6] INFO  client.GrpcClientProtocolClient (GrpcClientProtocolClient.java:onNext(255)) - client-D91E5D1E15CE->f2ba01fc-a63e-4348-bd18-030b60a135e7: receive RaftClientReply:client-D91E5D1E15CE->f2ba01fc-a63e-4348-bd18-030b60a135e7@group-C8C62FEF0626, cid=3011, SUCCESS, logIndex=4503, commits[f2ba01fc-a63e-4348-bd18-030b60a135e7:c4504, eab135d4-a257-4705-b491-6c056b8c5df7:c4500, a4f67574-9018-43e7-8a54-351e98dc3d0a:c4500]
2019-08-23 07:09:13,306 [grpc-default-executor-6] INFO  client.GrpcClientProtocolClient (GrpcClientProtocolClient.java:onNext(255)) - client-D91E5D1E15CE->f2ba01fc-a63e-4348-bd18-030b60a135e7: receive RaftClientReply:client-D91E5D1E15CE->f2ba01fc-a63e-4348-bd18-030b60a135e7@group-C8C62FEF0626, cid=3012, SUCCESS, logIndex=4504, commits[f2ba01fc-a63e-4348-bd18-030b60a135e7:c4504, eab135d4-a257-4705-b491-6c056b8c5df7:c4500, a4f67574-9018-43e7-8a54-351e98dc3d0a:c4500]
2019-08-23 07:09:13,307 | INFO  | DNAudit | user=null | ip=null | op=WRITE_CHUNK {blockData=conID: 1 locID: 102665037628637829 bcsId: 0} | ret=SUCCESS |  
2019-08-23 07:09:13,307 | INFO  | DNAudit | user=null | ip=null | op=PUT_BLOCK {blockData=[blockId=conID: 1 locID: 102665037628637829 bcsId: 0,size=1048576]} | ret=SUCCESS |  
2019-08-23 07:09:13,307 | INFO  | DNAudit | user=null | ip=null | op=WRITE_CHUNK {blockData=conID: 1 locID: 102665037628637829 bcsId: 0} | ret=SUCCESS |  
2019-08-23 07:09:13,307 | INFO  | DNAudit | user=null | ip=null | op=PUT_BLOCK {blockData=[blockId=conID: 1 locID: 102665037628637829 bcsId: 0,size=1048576]} | ret=SUCCESS |  
2019-08-23 07:09:13,307 | INFO  | DNAudit | user=null | ip=null | op=WRITE_CHUNK {blockData=conID: 1 locID: 102665037628637829 bcsId: 0} | ret=SUCCESS |  
2019-08-23 07:09:13,307 [grpc-default-executor-6] INFO  client.GrpcClientProtocolClient (GrpcClientProtocolClient.java:onNext(255)) - client-D91E5D1E15CE->f2ba01fc-a63e-4348-bd18-030b60a135e7: receive RaftClientReply:client-D91E5D1E15CE->f2ba01fc-a63e-4348-bd18-030b60a135e7@group-C8C62FEF0626, cid=3013, SUCCESS, logIndex=0, commits[f2ba01fc-a63e-4348-bd18-030b60a135e7:c4506, eab135d4-a257-4705-b491-6c056b8c5df7:c4502, a4f67574-9018-43e7-8a54-351e98dc3d0a:c4502]
2019-08-23 07:09:13,308 | INFO  | DNAudit | user=null | ip=null | op=PUT_BLOCK {blockData=[blockId=conID: 1 locID: 102665037628637829 bcsId: 0,size=2097152]} | ret=SUCCESS |  
2019-08-23 07:09:13,308 | INFO  | DNAudit | user=null | ip=null | op=WRITE_CHUNK {blockData=conID: 1 locID: 102665037628637829 bcsId: 0} | ret=SUCCESS |  
2019-08-23 07:09:13,308 | INFO  | DNAudit | user=null | ip=null | op=PUT_BLOCK {blockData=[blockId=conID: 1 locID: 102665037628637829 bcsId: 0,size=2097152]} | ret=SUCCESS |  
2019-08-23 07:09:13,312 | INFO  | DNAudit | user=null | ip=null | op=WRITE_CHUNK {blockData=conID: 1 locID: 102665037628637829 bcsId: 4504} | ret=SUCCESS |  
2019-08-23 07:09:13,314 | INFO  | DNAudit | user=null | ip=null | op=WRITE_CHUNK {blockData=conID: 1 locID: 102665037628637829 bcsId: 4504} | ret=SUCCESS |  
2019-08-23 07:09:13,314 | INFO  | DNAudit | user=null | ip=null | op=WRITE_CHUNK {blockData=conID: 1 locID: 102665037628637829 bcsId: 4504} | ret=SUCCESS |  
2019-08-23 07:09:13,320 | INFO  | DNAudit | user=null | ip=null | op=WRITE_CHUNK {blockData=conID: 1 locID: 102665037628637829 bcsId: 4504} | ret=SUCCESS |  
2019-08-23 07:09:13,320 | INFO  | DNAudit | user=null | ip=null | op=PUT_BLOCK {blockData=[blockId=conID: 1 locID: 102665037628637829 bcsId: 0,size=3145728]} | ret=SUCCESS |  
2019-08-23 07:09:13,321 [grpc-default-executor-0] INFO  client.GrpcClientProtocolClient (GrpcClientProtocolClient.java:onNext(255)) - client-D91E5D1E15CE->f2ba01fc-a63e-4348-bd18-030b60a135e7: receive RaftClientReply:client-D91E5D1E15CE->f2ba01fc-a63e-4348-bd18-030b60a135e7@group-C8C62FEF0626, cid=3014, SUCCESS, logIndex=4509, commits[f2ba01fc-a63e-4348-bd18-030b60a135e7:c4510, eab135d4-a257-4705-b491-6c056b8c5df7:c4504, a4f67574-9018-43e7-8a54-351e98dc3d0a:c4508]
2019-08-23 07:09:13,321 [grpc-default-executor-0] INFO  client.GrpcClientProtocolClient (GrpcClientProtocolClient.java:onNext(255)) - client-D91E5D1E15CE->f2ba01fc-a63e-4348-bd18-030b60a135e7: receive RaftClientReply:client-D91E5D1E15CE->f2ba01fc-a63e-4348-bd18-030b60a135e7@group-C8C62FEF0626, cid=3015, SUCCESS, logIndex=4510, commits[f2ba01fc-a63e-4348-bd18-030b60a135e7:c4510, eab135d4-a257-4705-b491-6c056b8c5df7:c4508, a4f67574-9018-43e7-8a54-351e98dc3d0a:c4508]
2019-08-23 07:09:13,321 | INFO  | DNAudit | user=null | ip=null | op=WRITE_CHUNK {blockData=conID: 1 locID: 102665037628637829 bcsId: 4504} | ret=SUCCESS |  
2019-08-23 07:09:13,321 | INFO  | DNAudit | user=null | ip=null | op=WRITE_CHUNK {blockData=conID: 1 locID: 102665037628637829 bcsId: 4504} | ret=SUCCESS |  
2019-08-23 07:09:13,321 | INFO  | DNAudit | user=null | ip=null | op=PUT_BLOCK {blockData=[blockId=conID: 1 locID: 102665037628637829 bcsId: 0,size=3145728]} | ret=SUCCESS |  
2019-08-23 07:09:13,322 | INFO  | DNAudit | user=null | ip=null | op=PUT_BLOCK {blockData=[blockId=conID: 1 locID: 102665037628637829 bcsId: 0,size=3145728]} | ret=SUCCESS |  
2019-08-23 07:09:13,326 | INFO  | DNAudit | user=null | ip=null | op=WRITE_CHUNK {blockData=conID: 1 locID: 102665037628637829 bcsId: 4510} | ret=SUCCESS |  
2019-08-23 07:09:13,328 | INFO  | DNAudit | user=null | ip=null | op=WRITE_CHUNK {blockData=conID: 1 locID: 102665037628637829 bcsId: 4510} | ret=SUCCESS |  
2019-08-23 07:09:13,328 | INFO  | DNAudit | user=null | ip=null | op=WRITE_CHUNK {blockData=conID: 1 locID: 102665037628637829 bcsId: 4510} | ret=SUCCESS |  
2019-08-23 07:09:13,339 | INFO  | DNAudit | user=null | ip=null | op=WRITE_CHUNK {blockData=conID: 1 locID: 102665037628637829 bcsId: 4510} | ret=SUCCESS |  
2019-08-23 07:09:13,340 | INFO  | DNAudit | user=null | ip=null | op=PUT_BLOCK {blockData=[blockId=conID: 1 locID: 102665037628637829 bcsId: 0,size=4194304]} | ret=SUCCESS |  
2019-08-23 07:09:13,340 [grpc-default-executor-3] INFO  client.GrpcClientProtocolClient (GrpcClientProtocolClient.java:onNext(255)) - client-D91E5D1E15CE->f2ba01fc-a63e-4348-bd18-030b60a135e7: receive RaftClientReply:client-D91E5D1E15CE->f2ba01fc-a63e-4348-bd18-030b60a135e7@group-C8C62FEF0626, cid=3016, SUCCESS, logIndex=4513, commits[f2ba01fc-a63e-4348-bd18-030b60a135e7:c4514, eab135d4-a257-4705-b491-6c056b8c5df7:c4512, a4f67574-9018-43e7-8a54-351e98dc3d0a:c4512]
2019-08-23 07:09:13,340 [grpc-default-executor-3] INFO  client.GrpcClientProtocolClient (GrpcClientProtocolClient.java:onNext(255)) - client-D91E5D1E15CE->f2ba01fc-a63e-4348-bd18-030b60a135e7: receive RaftClientReply:client-D91E5D1E15CE->f2ba01fc-a63e-4348-bd18-030b60a135e7@group-C8C62FEF0626, cid=3017, SUCCESS, logIndex=4514, commits[f2ba01fc-a63e-4348-bd18-030b60a135e7:c4514, eab135d4-a257-4705-b491-6c056b8c5df7:c4512, a4f67574-9018-43e7-8a54-351e98dc3d0a:c4512]
2019-08-23 07:09:13,351 | INFO  | DNAudit | user=null | ip=null | op=WRITE_CHUNK {blockData=conID: 1 locID: 102665037628637829 bcsId: 4510} | ret=SUCCESS |  
2019-08-23 07:09:13,351 | INFO  | DNAudit | user=null | ip=null | op=WRITE_CHUNK {blockData=conID: 1 locID: 102665037628637829 bcsId: 4510} | ret=SUCCESS |  
2019-08-23 07:09:13,352 | INFO  | DNAudit | user=null | ip=null | op=PUT_BLOCK {blockData=[blockId=conID: 1 locID: 102665037628637829 bcsId: 0,size=4194304]} | ret=SUCCESS |  
2019-08-23 07:09:13,352 | INFO  | DNAudit | user=null | ip=null | op=PUT_BLOCK {blockData=[blockId=conID: 1 locID: 102665037628637829 bcsId: 0,size=4194304]} | ret=SUCCESS |  
2019-08-23 07:09:13,352 [grpc-default-executor-6] INFO  client.GrpcClientProtocolClient (GrpcClientProtocolClient.java:onNext(255)) - client-D91E5D1E15CE->f2ba01fc-a63e-4348-bd18-030b60a135e7: receive RaftClientReply:client-D91E5D1E15CE->f2ba01fc-a63e-4348-bd18-030b60a135e7@group-C8C62FEF0626, cid=3018, SUCCESS, logIndex=0, commits[f2ba01fc-a63e-4348-bd18-030b60a135e7:c4515, eab135d4-a257-4705-b491-6c056b8c5df7:c4514, a4f67574-9018-43e7-8a54-351e98dc3d0a:c4514]
2019-08-23 07:09:13,357 | INFO  | SCMAudit | user=jenkins1000 | ip=192.168.5.178 | op=ALLOCATE_BLOCK {owner=aaf04d22-10dd-4717-8862-c651bdde72cf, size=4194304, type=RATIS, factor=THREE} | ret=SUCCESS |  
2019-08-23 07:09:13,913 | INFO  | SCMAudit | user=jenkins1000 | ip=192.168.5.178 | op=SEND_HEARTBEAT {datanodeUUID=a4f67574-9018-43e7-8a54-351e98dc3d0a, command=[]} | ret=SUCCESS |  
2019-08-23 07:09:13,913 | INFO  | SCMAudit | user=jenkins1000 | ip=192.168.5.178 | op=SEND_HEARTBEAT {datanodeUUID=f2ba01fc-a63e-4348-bd18-030b60a135e7, command=[]} | ret=SUCCESS |  
2019-08-23 07:09:13,913 | INFO  | SCMAudit | user=jenkins1000 | ip=192.168.5.178 | op=SEND_HEARTBEAT {datanodeUUID=eab135d4-a257-4705-b491-6c056b8c5df7, command=[]} | ret=SUCCESS |  
2019-08-23 07:09:13,914 | INFO  | OMAudit | user=jenkins1000 | ip=127.0.0.1 | op=ALLOCATE_BLOCK {volume=vol-0-67663, bucket=bucket-0-68950, key=key-0-26970, dataSize=0, replicationType=null, replicationFactor=null, keyLocationInfo=null, clientID=102665036030476690} | ret=SUCCESS |  
2019-08-23 07:09:13,921 | INFO  | DNAudit | user=null | ip=null | op=WRITE_CHUNK {blockData=conID: 2 locID: 102665037634404998 bcsId: 0} | ret=SUCCESS |  
2019-08-23 07:09:13,923 | INFO  | DNAudit | user=null | ip=null | op=WRITE_CHUNK {blockData=conID: 2 locID: 102665037634404998 bcsId: 0} | ret=SUCCESS |  
2019-08-23 07:09:13,924 | INFO  | DNAudit | user=null | ip=null | op=WRITE_CHUNK {blockData=conID: 2 locID: 102665037634404998 bcsId: 0} | ret=SUCCESS |  
2019-08-23 07:09:13,925 | INFO  | DNAudit | user=null | ip=null | op=WRITE_CHUNK {blockData=conID: 2 locID: 102665037634404998 bcsId: 0} | ret=SUCCESS |  
2019-08-23 07:09:13,926 | INFO  | DNAudit | user=null | ip=null | op=WRITE_CHUNK {blockData=conID: 2 locID: 102665037634404998 bcsId: 0} | ret=SUCCESS |  
2019-08-23 07:09:13,927 | INFO  | DNAudit | user=null | ip=null | op=WRITE_CHUNK {blockData=conID: 2 locID: 102665037634404998 bcsId: 0} | ret=SUCCESS |  
2019-08-23 07:09:13,933 | INFO  | DNAudit | user=null | ip=null | op=WRITE_CHUNK {blockData=conID: 2 locID: 102665037634404998 bcsId: 0} | ret=SUCCESS |  
2019-08-23 07:09:13,934 | INFO  | DNAudit | user=null | ip=null | op=PUT_BLOCK {blockData=[blockId=conID: 2 locID: 102665037634404998 bcsId: 0,size=1048576]} | ret=SUCCESS |  
2019-08-23 07:09:13,934 [grpc-default-executor-3] INFO  client.GrpcClientProtocolClient (GrpcClientProtocolClient.java:onNext(255)) - client-D91E5D1E15CE->f2ba01fc-a63e-4348-bd18-030b60a135e7: receive RaftClientReply:client-D91E5D1E15CE->f2ba01fc-a63e-4348-bd18-030b60a135e7@group-C8C62FEF0626, cid=3019, SUCCESS, logIndex=4517, commits[f2ba01fc-a63e-4348-bd18-030b60a135e7:c4518, eab135d4-a257-4705-b491-6c056b8c5df7:c4516, a4f67574-9018-43e7-8a54-351e98dc3d0a:c4516]
2019-08-23 07:09:13,934 | INFO  | DNAudit | user=null | ip=null | op=WRITE_CHUNK {blockData=conID: 2 locID: 102665037634404998 bcsId: 0} | ret=SUCCESS |  
2019-08-23 07:09:13,934 [grpc-default-executor-0] INFO  client.GrpcClientProtocolClient (GrpcClientProtocolClient.java:onNext(255)) - client-D91E5D1E15CE->f2ba01fc-a63e-4348-bd18-030b60a135e7: receive RaftClientReply:client-D91E5D1E15CE->f2ba01fc-a63e-4348-bd18-030b60a135e7@group-C8C62FEF0626, cid=3020, SUCCESS, logIndex=4518, commits[f2ba01fc-a63e-4348-bd18-030b60a135e7:c4518, eab135d4-a257-4705-b491-6c056b8c5df7:c4516, a4f67574-9018-43e7-8a54-351e98dc3d0a:c4516]
2019-08-23 07:09:13,935 | INFO  | DNAudit | user=null | ip=null | op=PUT_BLOCK {blockData=[blockId=conID: 2 locID: 102665037634404998 bcsId: 0,size=2097152]} | ret=SUCCESS |  
2019-08-23 07:09:13,935 [grpc-default-executor-0] INFO  client.GrpcClientProtocolClient (GrpcClientProtocolClient.java:onNext(255)) - client-D91E5D1E15CE->f2ba01fc-a63e-4348-bd18-030b60a135e7: receive RaftClientReply:client-D91E5D1E15CE->f2ba01fc-a63e-4348-bd18-030b60a135e7@group-C8C62FEF0626, cid=3021, SUCCESS, logIndex=4519, commits[f2ba01fc-a63e-4348-bd18-030b60a135e7:c4520, eab135d4-a257-4705-b491-6c056b8c5df7:c4516, a4f67574-9018-43e7-8a54-351e98dc3d0a:c4516]
2019-08-23 07:09:13,935 | INFO  | DNAudit | user=null | ip=null | op=WRITE_CHUNK {blockData=conID: 2 locID: 102665037634404998 bcsId: 0} | ret=SUCCESS |  
2019-08-23 07:09:13,935 [grpc-default-executor-0] INFO  client.GrpcClientProtocolClient (GrpcClientProtocolClient.java:onNext(255)) - client-D91E5D1E15CE->f2ba01fc-a63e-4348-bd18-030b60a135e7: receive RaftClientReply:client-D91E5D1E15CE->f2ba01fc-a63e-4348-bd18-030b60a135e7@group-C8C62FEF0626, cid=3022, SUCCESS, logIndex=4520, commits[f2ba01fc-a63e-4348-bd18-030b60a135e7:c4520, eab135d4-a257-4705-b491-6c056b8c5df7:c4516, a4f67574-9018-43e7-8a54-351e98dc3d0a:c4516]
2019-08-23 07:09:13,935 | INFO  | DNAudit | user=null | ip=null | op=PUT_BLOCK {blockData=[blockId=conID: 2 locID: 102665037634404998 bcsId: 0,size=1048576]} | ret=SUCCESS |  
2019-08-23 07:09:13,936 | INFO  | DNAudit | user=null | ip=null | op=WRITE_CHUNK {blockData=conID: 2 locID: 102665037634404998 bcsId: 0} | ret=SUCCESS |  
2019-08-23 07:09:13,936 | INFO  | DNAudit | user=null | ip=null | op=PUT_BLOCK {blockData=[blockId=conID: 2 locID: 102665037634404998 bcsId: 0,size=1048576]} | ret=SUCCESS |  
2019-08-23 07:09:13,936 | INFO  | DNAudit | user=null | ip=null | op=WRITE_CHUNK {blockData=conID: 2 locID: 102665037634404998 bcsId: 0} | ret=SUCCESS |  
2019-08-23 07:09:13,936 [grpc-default-executor-0] INFO  client.GrpcClientProtocolClient (GrpcClientProtocolClient.java:onNext(255)) - client-D91E5D1E15CE->f2ba01fc-a63e-4348-bd18-030b60a135e7: receive RaftClientReply:client-D91E5D1E15CE->f2ba01fc-a63e-4348-bd18-030b60a135e7@group-C8C62FEF0626, cid=3023, SUCCESS, logIndex=0, commits[f2ba01fc-a63e-4348-bd18-030b60a135e7:c4522, eab135d4-a257-4705-b491-6c056b8c5df7:c4518, a4f67574-9018-43e7-8a54-351e98dc3d0a:c4518]
2019-08-23 07:09:13,936 | INFO  | DNAudit | user=null | ip=null | op=WRITE_CHUNK {blockData=conID: 2 locID: 102665037634404998 bcsId: 0} | ret=SUCCESS |  
2019-08-23 07:09:13,936 | INFO  | DNAudit | user=null | ip=null | op=PUT_BLOCK {blockData=[blockId=conID: 2 locID: 102665037634404998 bcsId: 0,size=2097152]} | ret=SUCCESS |  
2019-08-23 07:09:13,937 | INFO  | DNAudit | user=null | ip=null | op=PUT_BLOCK {blockData=[blockId=conID: 2 locID: 102665037634404998 bcsId: 0,size=2097152]} | ret=SUCCESS |  
2019-08-23 07:09:13,942 | INFO  | DNAudit | user=null | ip=null | op=WRITE_CHUNK {blockData=conID: 2 locID: 102665037634404998 bcsId: 4520} | ret=SUCCESS |  
2019-08-23 07:09:13,944 | INFO  | DNAudit | user=null | ip=null | op=WRITE_CHUNK {blockData=conID: 2 locID: 102665037634404998 bcsId: 4520} | ret=SUCCESS |  
2019-08-23 07:09:13,945 | INFO  | DNAudit | user=null | ip=null | op=WRITE_CHUNK {blockData=conID: 2 locID: 102665037634404998 bcsId: 4520} | ret=SUCCESS |  
2019-08-23 07:09:13,955 | INFO  | DNAudit | user=null | ip=null | op=WRITE_CHUNK {blockData=conID: 2 locID: 102665037634404998 bcsId: 4520} | ret=SUCCESS |  
2019-08-23 07:09:13,955 | INFO  | DNAudit | user=null | ip=null | op=PUT_BLOCK {blockData=[blockId=conID: 2 locID: 102665037634404998 bcsId: 0,size=3145728]} | ret=SUCCESS |  
2019-08-23 07:09:13,955 [grpc-default-executor-3] INFO  client.GrpcClientProtocolClient (GrpcClientProtocolClient.java:onNext(255)) - client-D91E5D1E15CE->f2ba01fc-a63e-4348-bd18-030b60a135e7: receive RaftClientReply:client-D91E5D1E15CE->f2ba01fc-a63e-4348-bd18-030b60a135e7@group-C8C62FEF0626, cid=3024, SUCCESS, logIndex=4525, commits[f2ba01fc-a63e-4348-bd18-030b60a135e7:c4526, eab135d4-a257-4705-b491-6c056b8c5df7:c4524, a4f67574-9018-43e7-8a54-351e98dc3d0a:c4524]
2019-08-23 07:09:13,955 [grpc-default-executor-3] INFO  client.GrpcClientProtocolClient (GrpcClientProtocolClient.java:onNext(255)) - client-D91E5D1E15CE->f2ba01fc-a63e-4348-bd18-030b60a135e7: receive RaftClientReply:client-D91E5D1E15CE->f2ba01fc-a63e-4348-bd18-030b60a135e7@group-C8C62FEF0626, cid=3025, SUCCESS, logIndex=4526, commits[f2ba01fc-a63e-4348-bd18-030b60a135e7:c4526, eab135d4-a257-4705-b491-6c056b8c5df7:c4524, a4f67574-9018-43e7-8a54-351e98dc3d0a:c4524]
2019-08-23 07:09:13,961 | INFO  | DNAudit | user=null | ip=null | op=WRITE_CHUNK {blockData=conID: 2 locID: 102665037634404998 bcsId: 4526} | ret=SUCCESS |  
2019-08-23 07:09:13,963 | INFO  | DNAudit | user=null | ip=null | op=WRITE_CHUNK {blockData=conID: 2 locID: 102665037634404998 bcsId: 4526} | ret=SUCCESS |  
2019-08-23 07:09:13,963 | INFO  | DNAudit | user=null | ip=null | op=WRITE_CHUNK {blockData=conID: 2 locID: 102665037634404998 bcsId: 4526} | ret=SUCCESS |  
2019-08-23 07:09:13,966 | INFO  | DNAudit | user=null | ip=null | op=WRITE_CHUNK {blockData=conID: 2 locID: 102665037634404998 bcsId: 4520} | ret=SUCCESS |  
2019-08-23 07:09:13,967 | INFO  | DNAudit | user=null | ip=null | op=WRITE_CHUNK {blockData=conID: 2 locID: 102665037634404998 bcsId: 4520} | ret=SUCCESS |  
2019-08-23 07:09:13,968 | INFO  | DNAudit | user=null | ip=null | op=PUT_BLOCK {blockData=[blockId=conID: 2 locID: 102665037634404998 bcsId: 0,size=3145728]} | ret=SUCCESS |  
2019-08-23 07:09:13,968 | INFO  | DNAudit | user=null | ip=null | op=PUT_BLOCK {blockData=[blockId=conID: 2 locID: 102665037634404998 bcsId: 0,size=3145728]} | ret=SUCCESS |  
2019-08-23 07:09:13,968 | INFO  | DNAudit | user=null | ip=null | op=WRITE_CHUNK {blockData=conID: 2 locID: 102665037634404998 bcsId: 4526} | ret=SUCCESS |  
2019-08-23 07:09:13,968 | INFO  | DNAudit | user=null | ip=null | op=PUT_BLOCK {blockData=[blockId=conID: 2 locID: 102665037634404998 bcsId: 0,size=4194304]} | ret=SUCCESS |  
2019-08-23 07:09:13,969 [grpc-default-executor-3] INFO  client.GrpcClientProtocolClient (GrpcClientProtocolClient.java:onNext(255)) - client-D91E5D1E15CE->f2ba01fc-a63e-4348-bd18-030b60a135e7: receive RaftClientReply:client-D91E5D1E15CE->f2ba01fc-a63e-4348-bd18-030b60a135e7@group-C8C62FEF0626, cid=3026, SUCCESS, logIndex=4529, commits[f2ba01fc-a63e-4348-bd18-030b60a135e7:c4529, eab135d4-a257-4705-b491-6c056b8c5df7:c4526, a4f67574-9018-43e7-8a54-351e98dc3d0a:c4526]
2019-08-23 07:09:13,969 [grpc-default-executor-3] INFO  client.GrpcClientProtocolClient (GrpcClientProtocolClient.java:onNext(255)) - client-D91E5D1E15CE->f2ba01fc-a63e-4348-bd18-030b60a135e7: receive RaftClientReply:client-D91E5D1E15CE->f2ba01fc-a63e-4348-bd18-030b60a135e7@group-C8C62FEF0626, cid=3027, SUCCESS, logIndex=4530, commits[f2ba01fc-a63e-4348-bd18-030b60a135e7:c4530, eab135d4-a257-4705-b491-6c056b8c5df7:c4526, a4f67574-9018-43e7-8a54-351e98dc3d0a:c4526]
2019-08-23 07:09:13,979 | INFO  | DNAudit | user=null | ip=null | op=WRITE_CHUNK {blockData=conID: 2 locID: 102665037634404998 bcsId: 4526} | ret=SUCCESS |  
2019-08-23 07:09:13,979 | INFO  | DNAudit | user=null | ip=null | op=WRITE_CHUNK {blockData=conID: 2 locID: 102665037634404998 bcsId: 4526} | ret=SUCCESS |  
2019-08-23 07:09:13,981 | INFO  | DNAudit | user=null | ip=null | op=PUT_BLOCK {blockData=[blockId=conID: 2 locID: 102665037634404998 bcsId: 0,size=4194304]} | ret=SUCCESS |  
2019-08-23 07:09:13,981 | INFO  | DNAudit | user=null | ip=null | op=PUT_BLOCK {blockData=[blockId=conID: 2 locID: 102665037634404998 bcsId: 0,size=4194304]} | ret=SUCCESS |  
2019-08-23 07:09:13,981 [grpc-default-executor-3] INFO  client.GrpcClientProtocolClient (GrpcClientProtocolClient.java:onNext(255)) - client-D91E5D1E15CE->f2ba01fc-a63e-4348-bd18-030b60a135e7: receive RaftClientReply:client-D91E5D1E15CE->f2ba01fc-a63e-4348-bd18-030b60a135e7@group-C8C62FEF0626, cid=3028, SUCCESS, logIndex=0, commits[f2ba01fc-a63e-4348-bd18-030b60a135e7:c4532, eab135d4-a257-4705-b491-6c056b8c5df7:c4530, a4f67574-9018-43e7-8a54-351e98dc3d0a:c4530]
2019-08-23 07:09:13,986 | INFO  | SCMAudit | user=jenkins1000 | ip=192.168.5.178 | op=ALLOCATE_BLOCK {owner=aaf04d22-10dd-4717-8862-c651bdde72cf, size=4194304, type=RATIS, factor=THREE} | ret=SUCCESS |  
2019-08-23 07:09:13,990 | INFO  | OMAudit | user=jenkins1000 | ip=127.0.0.1 | op=ALLOCATE_BLOCK {volume=vol-0-67663, bucket=bucket-0-68950, key=key-0-26970, dataSize=0, replicationType=null, replicationFactor=null, keyLocationInfo=null, clientID=102665036030476690} | ret=SUCCESS |  
2019-08-23 07:09:13,996 | INFO  | DNAudit | user=null | ip=null | op=WRITE_CHUNK {blockData=conID: 3 locID: 102665037675627143 bcsId: 0} | ret=SUCCESS |  
2019-08-23 07:09:13,998 | INFO  | DNAudit | user=null | ip=null | op=WRITE_CHUNK {blockData=conID: 3 locID: 102665037675627143 bcsId: 0} | ret=SUCCESS |  
2019-08-23 07:09:13,998 | INFO  | DNAudit | user=null | ip=null | op=WRITE_CHUNK {blockData=conID: 3 locID: 102665037675627143 bcsId: 0} | ret=SUCCESS |  
2019-08-23 07:09:13,999 | INFO  | DNAudit | user=null | ip=null | op=WRITE_CHUNK {blockData=conID: 3 locID: 102665037675627143 bcsId: 0} | ret=SUCCESS |  
2019-08-23 07:09:13,999 | INFO  | DNAudit | user=null | ip=null | op=WRITE_CHUNK {blockData=conID: 3 locID: 102665037675627143 bcsId: 0} | ret=SUCCESS |  
2019-08-23 07:09:14,000 | INFO  | DNAudit | user=null | ip=null | op=WRITE_CHUNK {blockData=conID: 3 locID: 102665037675627143 bcsId: 0} | ret=SUCCESS |  
2019-08-23 07:09:14,010 | INFO  | DNAudit | user=null | ip=null | op=WRITE_CHUNK {blockData=conID: 3 locID: 102665037675627143 bcsId: 0} | ret=SUCCESS |  
2019-08-23 07:09:14,011 | INFO  | DNAudit | user=null | ip=null | op=PUT_BLOCK {blockData=[blockId=conID: 3 locID: 102665037675627143 bcsId: 0,size=1048576]} | ret=SUCCESS |  
2019-08-23 07:09:14,011 | INFO  | DNAudit | user=null | ip=null | op=WRITE_CHUNK {blockData=conID: 3 locID: 102665037675627143 bcsId: 0} | ret=SUCCESS |  
2019-08-23 07:09:14,011 | INFO  | DNAudit | user=null | ip=null | op=PUT_BLOCK {blockData=[blockId=conID: 3 locID: 102665037675627143 bcsId: 0,size=2097152]} | ret=SUCCESS |  
2019-08-23 07:09:14,011 [grpc-default-executor-0] INFO  client.GrpcClientProtocolClient (GrpcClientProtocolClient.java:onNext(255)) - client-D91E5D1E15CE->f2ba01fc-a63e-4348-bd18-030b60a135e7: receive RaftClientReply:client-D91E5D1E15CE->f2ba01fc-a63e-4348-bd18-030b60a135e7@group-C8C62FEF0626, cid=3029, SUCCESS, logIndex=4533, commits[f2ba01fc-a63e-4348-bd18-030b60a135e7:c4535, eab135d4-a257-4705-b491-6c056b8c5df7:c4532, a4f67574-9018-43e7-8a54-351e98dc3d0a:c4532]
2019-08-23 07:09:14,012 [grpc-default-executor-0] INFO  client.GrpcClientProtocolClient (GrpcClientProtocolClient.java:onNext(255)) - client-D91E5D1E15CE->f2ba01fc-a63e-4348-bd18-030b60a135e7: receive RaftClientReply:client-D91E5D1E15CE->f2ba01fc-a63e-4348-bd18-030b60a135e7@group-C8C62FEF0626, cid=3030, SUCCESS, logIndex=4534, commits[f2ba01fc-a63e-4348-bd18-030b60a135e7:c4536, eab135d4-a257-4705-b491-6c056b8c5df7:c4532, a4f67574-9018-43e7-8a54-351e98dc3d0a:c4532]
2019-08-23 07:09:14,012 [grpc-default-executor-0] INFO  client.GrpcClientProtocolClient (GrpcClientProtocolClient.java:onNext(255)) - client-D91E5D1E15CE->f2ba01fc-a63e-4348-bd18-030b60a135e7: receive RaftClientReply:client-D91E5D1E15CE->f2ba01fc-a63e-4348-bd18-030b60a135e7@group-C8C62FEF0626, cid=3031, SUCCESS, logIndex=4535, commits[f2ba01fc-a63e-4348-bd18-030b60a135e7:c4536, eab135d4-a257-4705-b491-6c056b8c5df7:c4532, a4f67574-9018-43e7-8a54-351e98dc3d0a:c4532]
2019-08-23 07:09:14,012 [grpc-default-executor-0] INFO  client.GrpcClientProtocolClient (GrpcClientProtocolClient.java:onNext(255)) - client-D91E5D1E15CE->f2ba01fc-a63e-4348-bd18-030b60a135e7: receive RaftClientReply:client-D91E5D1E15CE->f2ba01fc-a63e-4348-bd18-030b60a135e7@group-C8C62FEF0626, cid=3032, SUCCESS, logIndex=4536, commits[f2ba01fc-a63e-4348-bd18-030b60a135e7:c4536, eab135d4-a257-4705-b491-6c056b8c5df7:c4532, a4f67574-9018-43e7-8a54-351e98dc3d0a:c4532]
2019-08-23 07:09:14,021 | INFO  | DNAudit | user=null | ip=null | op=WRITE_CHUNK {blockData=conID: 3 locID: 102665037675627143 bcsId: 0} | ret=SUCCESS |  
2019-08-23 07:09:14,022 | INFO  | DNAudit | user=null | ip=null | op=PUT_BLOCK {blockData=[blockId=conID: 3 locID: 102665037675627143 bcsId: 0,size=1048576]} | ret=SUCCESS |  
2019-08-23 07:09:14,022 | INFO  | DNAudit | user=null | ip=null | op=WRITE_CHUNK {blockData=conID: 3 locID: 102665037675627143 bcsId: 0} | ret=SUCCESS |  
2019-08-23 07:09:14,022 | INFO  | DNAudit | user=null | ip=null | op=PUT_BLOCK {blockData=[blockId=conID: 3 locID: 102665037675627143 bcsId: 0,size=1048576]} | ret=SUCCESS |  
2019-08-23 07:09:14,022 [grpc-default-executor-0] INFO  client.GrpcClientProtocolClient (GrpcClientProtocolClient.java:onNext(255)) - client-D91E5D1E15CE->f2ba01fc-a63e-4348-bd18-030b60a135e7: receive RaftClientReply:client-D91E5D1E15CE->f2ba01fc-a63e-4348-bd18-030b60a135e7@group-C8C62FEF0626, cid=3033, SUCCESS, logIndex=0, commits[f2ba01fc-a63e-4348-bd18-030b60a135e7:c4537, eab135d4-a257-4705-b491-6c056b8c5df7:c4534, a4f67574-9018-43e7-8a54-351e98dc3d0a:c4534]
2019-08-23 07:09:14,023 | INFO  | DNAudit | user=null | ip=null | op=WRITE_CHUNK {blockData=conID: 3 locID: 102665037675627143 bcsId: 0} | ret=SUCCESS |  
2019-08-23 07:09:14,023 | INFO  | DNAudit | user=null | ip=null | op=WRITE_CHUNK {blockData=conID: 3 locID: 102665037675627143 bcsId: 0} | ret=SUCCESS |  
2019-08-23 07:09:14,023 | INFO  | DNAudit | user=null | ip=null | op=PUT_BLOCK {blockData=[blockId=conID: 3 locID: 102665037675627143 bcsId: 0,size=2097152]} | ret=SUCCESS |  
2019-08-23 07:09:14,023 | INFO  | DNAudit | user=null | ip=null | op=PUT_BLOCK {blockData=[blockId=conID: 3 locID: 102665037675627143 bcsId: 0,size=2097152]} | ret=SUCCESS |  
2019-08-23 07:09:14,028 | INFO  | DNAudit | user=null | ip=null | op=WRITE_CHUNK {blockData=conID: 3 locID: 102665037675627143 bcsId: 4536} | ret=SUCCESS |  
2019-08-23 07:09:14,029 | INFO  | DNAudit | user=null | ip=null | op=WRITE_CHUNK {blockData=conID: 3 locID: 102665037675627143 bcsId: 4536} | ret=SUCCESS |  
2019-08-23 07:09:14,029 | INFO  | DNAudit | user=null | ip=null | op=WRITE_CHUNK {blockData=conID: 3 locID: 102665037675627143 bcsId: 4536} | ret=SUCCESS |  
2019-08-23 07:09:14,040 | INFO  | DNAudit | user=null | ip=null | op=WRITE_CHUNK {blockData=conID: 3 locID: 102665037675627143 bcsId: 4536} | ret=SUCCESS |  
2019-08-23 07:09:14,040 | INFO  | DNAudit | user=null | ip=null | op=PUT_BLOCK {blockData=[blockId=conID: 3 locID: 102665037675627143 bcsId: 0,size=3145728]} | ret=SUCCESS |  
2019-08-23 07:09:14,040 [grpc-default-executor-3] INFO  client.GrpcClientProtocolClient (GrpcClientProtocolClient.java:onNext(255)) - client-D91E5D1E15CE->f2ba01fc-a63e-4348-bd18-030b60a135e7: receive RaftClientReply:client-D91E5D1E15CE->f2ba01fc-a63e-4348-bd18-030b60a135e7@group-C8C62FEF0626, cid=3034, SUCCESS, logIndex=4541, commits[f2ba01fc-a63e-4348-bd18-030b60a135e7:c4542, eab135d4-a257-4705-b491-6c056b8c5df7:c4540, a4f67574-9018-43e7-8a54-351e98dc3d0a:c4540]
2019-08-23 07:09:14,041 [grpc-default-executor-3] INFO  client.GrpcClientProtocolClient (GrpcClientProtocolClient.java:onNext(255)) - client-D91E5D1E15CE->f2ba01fc-a63e-4348-bd18-030b60a135e7: receive RaftClientReply:client-D91E5D1E15CE->f2ba01fc-a63e-4348-bd18-030b60a135e7@group-C8C62FEF0626, cid=3035, SUCCESS, logIndex=4542, commits[f2ba01fc-a63e-4348-bd18-030b60a135e7:c4542, eab135d4-a257-4705-b491-6c056b8c5df7:c4540, a4f67574-9018-43e7-8a54-351e98dc3d0a:c4540]
2019-08-23 07:09:14,046 | INFO  | DNAudit | user=null | ip=null | op=WRITE_CHUNK {blockData=conID: 3 locID: 102665037675627143 bcsId: 4542} | ret=SUCCESS |  
2019-08-23 07:09:14,048 | INFO  | DNAudit | user=null | ip=null | op=WRITE_CHUNK {blockData=conID: 3 locID: 102665037675627143 bcsId: 4542} | ret=SUCCESS |  
2019-08-23 07:09:14,048 | INFO  | DNAudit | user=null | ip=null | op=WRITE_CHUNK {blockData=conID: 3 locID: 102665037675627143 bcsId: 4542} | ret=SUCCESS |  
2019-08-23 07:09:14,051 | INFO  | DNAudit | user=null | ip=null | op=WRITE_CHUNK {blockData=conID: 3 locID: 102665037675627143 bcsId: 4536} | ret=SUCCESS |  
2019-08-23 07:09:14,051 | INFO  | DNAudit | user=null | ip=null | op=WRITE_CHUNK {blockData=conID: 3 locID: 102665037675627143 bcsId: 4536} | ret=SUCCESS |  
2019-08-23 07:09:14,052 | INFO  | DNAudit | user=null | ip=null | op=PUT_BLOCK {blockData=[blockId=conID: 3 locID: 102665037675627143 bcsId: 0,size=3145728]} | ret=SUCCESS |  
2019-08-23 07:09:14,052 | INFO  | DNAudit | user=null | ip=null | op=PUT_BLOCK {blockData=[blockId=conID: 3 locID: 102665037675627143 bcsId: 0,size=3145728]} | ret=SUCCESS |  
2019-08-23 07:09:14,053 | INFO  | DNAudit | user=null | ip=null | op=WRITE_CHUNK {blockData=conID: 3 locID: 102665037675627143 bcsId: 4542} | ret=SUCCESS |  
2019-08-23 07:09:14,053 | INFO  | DNAudit | user=null | ip=null | op=PUT_BLOCK {blockData=[blockId=conID: 3 locID: 102665037675627143 bcsId: 0,size=4194304]} | ret=SUCCESS |  
2019-08-23 07:09:14,053 [grpc-default-executor-6] INFO  client.GrpcClientProtocolClient (GrpcClientProtocolClient.java:onNext(255)) - client-D91E5D1E15CE->f2ba01fc-a63e-4348-bd18-030b60a135e7: receive RaftClientReply:client-D91E5D1E15CE->f2ba01fc-a63e-4348-bd18-030b60a135e7@group-C8C62FEF0626, cid=3036, SUCCESS, logIndex=4545, commits[f2ba01fc-a63e-4348-bd18-030b60a135e7:c4546, eab135d4-a257-4705-b491-6c056b8c5df7:c4542, a4f67574-9018-43e7-8a54-351e98dc3d0a:c4542]
2019-08-23 07:09:14,054 [grpc-default-executor-6] INFO  client.GrpcClientProtocolClient (GrpcClientProtocolClient.java:onNext(255)) - client-D91E5D1E15CE->f2ba01fc-a63e-4348-bd18-030b60a135e7: receive RaftClientReply:client-D91E5D1E15CE->f2ba01fc-a63e-4348-bd18-030b60a135e7@group-C8C62FEF0626, cid=3037, SUCCESS, logIndex=4546, commits[f2ba01fc-a63e-4348-bd18-030b60a135e7:c4546, eab135d4-a257-4705-b491-6c056b8c5df7:c4542, a4f67574-9018-43e7-8a54-351e98dc3d0a:c4542]
2019-08-23 07:09:14,065 | INFO  | DNAudit | user=null | ip=null | op=WRITE_CHUNK {blockData=conID: 3 locID: 102665037675627143 bcsId: 4542} | ret=SUCCESS |  
2019-08-23 07:09:14,065 | INFO  | DNAudit | user=null | ip=null | op=PUT_BLOCK {blockData=[blockId=conID: 3 locID: 102665037675627143 bcsId: 0,size=4194304]} | ret=SUCCESS |  
2019-08-23 07:09:14,065 | INFO  | DNAudit | user=null | ip=null | op=WRITE_CHUNK {blockData=conID: 3 locID: 102665037675627143 bcsId: 4542} | ret=SUCCESS |  
2019-08-23 07:09:14,065 | INFO  | DNAudit | user=null | ip=null | op=PUT_BLOCK {blockData=[blockId=conID: 3 locID: 102665037675627143 bcsId: 0,size=4194304]} | ret=SUCCESS |  
2019-08-23 07:09:14,065 [grpc-default-executor-6] INFO  client.GrpcClientProtocolClient (GrpcClientProtocolClient.java:onNext(255)) - client-D91E5D1E15CE->f2ba01fc-a63e-4348-bd18-030b60a135e7: receive RaftClientReply:client-D91E5D1E15CE->f2ba01fc-a63e-4348-bd18-030b60a135e7@group-C8C62FEF0626, cid=3038, SUCCESS, logIndex=0, commits[f2ba01fc-a63e-4348-bd18-030b60a135e7:c4547, eab135d4-a257-4705-b491-6c056b8c5df7:c4546, a4f67574-9018-43e7-8a54-351e98dc3d0a:c4546]
2019-08-23 07:09:14,070 | INFO  | SCMAudit | user=jenkins1000 | ip=192.168.5.178 | op=ALLOCATE_BLOCK {owner=aaf04d22-10dd-4717-8862-c651bdde72cf, size=4194304, type=RATIS, factor=THREE} | ret=SUCCESS |  
2019-08-23 07:09:14,073 | INFO  | OMAudit | user=jenkins1000 | ip=127.0.0.1 | op=ALLOCATE_BLOCK {volume=vol-0-67663, bucket=bucket-0-68950, key=key-0-26970, dataSize=0, replicationType=null, replicationFactor=null, keyLocationInfo=null, clientID=102665036030476690} | ret=SUCCESS |  
2019-08-23 07:09:14,079 | INFO  | DNAudit | user=null | ip=null | op=WRITE_CHUNK {blockData=conID: 1 locID: 102665037681132168 bcsId: 0} | ret=SUCCESS |  
2019-08-23 07:09:14,081 | INFO  | DNAudit | user=null | ip=null | op=WRITE_CHUNK {blockData=conID: 1 locID: 102665037681132168 bcsId: 0} | ret=SUCCESS |  
2019-08-23 07:09:14,082 | INFO  | DNAudit | user=null | ip=null | op=WRITE_CHUNK {blockData=conID: 1 locID: 102665037681132168 bcsId: 0} | ret=SUCCESS |  
2019-08-23 07:09:14,082 | INFO  | DNAudit | user=null | ip=null | op=WRITE_CHUNK {blockData=conID: 1 locID: 102665037681132168 bcsId: 0} | ret=SUCCESS |  
2019-08-23 07:09:14,083 | INFO  | DNAudit | user=null | ip=null | op=WRITE_CHUNK {blockData=conID: 1 locID: 102665037681132168 bcsId: 0} | ret=SUCCESS |  
2019-08-23 07:09:14,083 | INFO  | DNAudit | user=null | ip=null | op=WRITE_CHUNK {blockData=conID: 1 locID: 102665037681132168 bcsId: 0} | ret=SUCCESS |  
2019-08-23 07:09:14,084 | INFO  | DNAudit | user=null | ip=null | op=WRITE_CHUNK {blockData=conID: 1 locID: 102665037681132168 bcsId: 0} | ret=SUCCESS |  
2019-08-23 07:09:14,084 | INFO  | DNAudit | user=null | ip=null | op=PUT_BLOCK {blockData=[blockId=conID: 1 locID: 102665037681132168 bcsId: 0,size=1048576]} | ret=SUCCESS |  
2019-08-23 07:09:14,084 [grpc-default-executor-6] INFO  client.GrpcClientProtocolClient (GrpcClientProtocolClient.java:onNext(255)) - client-D91E5D1E15CE->f2ba01fc-a63e-4348-bd18-030b60a135e7: receive RaftClientReply:client-D91E5D1E15CE->f2ba01fc-a63e-4348-bd18-030b60a135e7@group-C8C62FEF0626, cid=3039, SUCCESS, logIndex=4549, commits[f2ba01fc-a63e-4348-bd18-030b60a135e7:c4550, eab135d4-a257-4705-b491-6c056b8c5df7:c4546, a4f67574-9018-43e7-8a54-351e98dc3d0a:c4548]
2019-08-23 07:09:14,084 [grpc-default-executor-6] INFO  client.GrpcClientProtocolClient (GrpcClientProtocolClient.java:onNext(255)) - client-D91E5D1E15CE->f2ba01fc-a63e-4348-bd18-030b60a135e7: receive RaftClientReply:client-D91E5D1E15CE->f2ba01fc-a63e-4348-bd18-030b60a135e7@group-C8C62FEF0626, cid=3040, SUCCESS, logIndex=4550, commits[f2ba01fc-a63e-4348-bd18-030b60a135e7:c4550, eab135d4-a257-4705-b491-6c056b8c5df7:c4546, a4f67574-9018-43e7-8a54-351e98dc3d0a:c4548]
2019-08-23 07:09:14,085 | INFO  | DNAudit | user=null | ip=null | op=WRITE_CHUNK {blockData=conID: 1 locID: 102665037681132168 bcsId: 0} | ret=SUCCESS |  
2019-08-23 07:09:14,085 | INFO  | DNAudit | user=null | ip=null | op=PUT_BLOCK {blockData=[blockId=conID: 1 locID: 102665037681132168 bcsId: 0,size=2097152]} | ret=SUCCESS |  
2019-08-23 07:09:14,085 [grpc-default-executor-0] INFO  client.GrpcClientProtocolClient (GrpcClientProtocolClient.java:onNext(255)) - client-D91E5D1E15CE->f2ba01fc-a63e-4348-bd18-030b60a135e7: receive RaftClientReply:client-D91E5D1E15CE->f2ba01fc-a63e-4348-bd18-030b60a135e7@group-C8C62FEF0626, cid=3041, SUCCESS, logIndex=4551, commits[f2ba01fc-a63e-4348-bd18-030b60a135e7:c4552, eab135d4-a257-4705-b491-6c056b8c5df7:c4546, a4f67574-9018-43e7-8a54-351e98dc3d0a:c4548]
2019-08-23 07:09:14,085 [grpc-default-executor-0] INFO  client.GrpcClientProtocolClient (GrpcClientProtocolClient.java:onNext(255)) - client-D91E5D1E15CE->f2ba01fc-a63e-4348-bd18-030b60a135e7: receive RaftClientReply:client-D91E5D1E15CE->f2ba01fc-a63e-4348-bd18-030b60a135e7@group-C8C62FEF0626, cid=3042, SUCCESS, logIndex=4552, commits[f2ba01fc-a63e-4348-bd18-030b60a135e7:c4552, eab135d4-a257-4705-b491-6c056b8c5df7:c4548, a4f67574-9018-43e7-8a54-351e98dc3d0a:c4548]
2019-08-23 07:09:14,086 | INFO  | DNAudit | user=null | ip=null | op=WRITE_CHUNK {blockData=conID: 1 locID: 102665037681132168 bcsId: 0} | ret=SUCCESS |  
2019-08-23 07:09:14,086 | INFO  | DNAudit | user=null | ip=null | op=PUT_BLOCK {blockData=[blockId=conID: 1 locID: 102665037681132168 bcsId: 0,size=1048576]} | ret=SUCCESS |  
2019-08-23 07:09:14,086 | INFO  | DNAudit | user=null | ip=null | op=WRITE_CHUNK {blockData=conID: 1 locID: 102665037681132168 bcsId: 0} | ret=SUCCESS |  
2019-08-23 07:09:14,086 | INFO  | DNAudit | user=null | ip=null | op=PUT_BLOCK {blockData=[blockId=conID: 1 locID: 102665037681132168 bcsId: 0,size=1048576]} | ret=SUCCESS |  
2019-08-23 07:09:14,086 [grpc-default-executor-6] INFO  client.GrpcClientProtocolClient (GrpcClientProtocolClient.java:onNext(255)) - client-D91E5D1E15CE->f2ba01fc-a63e-4348-bd18-030b60a135e7: receive RaftClientReply:client-D91E5D1E15CE->f2ba01fc-a63e-4348-bd18-030b60a135e7@group-C8C62FEF0626, cid=3043, SUCCESS, logIndex=0, commits[f2ba01fc-a63e-4348-bd18-030b60a135e7:c4554, eab135d4-a257-4705-b491-6c056b8c5df7:c4550, a4f67574-9018-43e7-8a54-351e98dc3d0a:c4550]
2019-08-23 07:09:14,087 | INFO  | DNAudit | user=null | ip=null | op=WRITE_CHUNK {blockData=conID: 1 locID: 102665037681132168 bcsId: 0} | ret=SUCCESS |  
2019-08-23 07:09:14,087 | INFO  | DNAudit | user=null | ip=null | op=PUT_BLOCK {blockData=[blockId=conID: 1 locID: 102665037681132168 bcsId: 0,size=2097152]} | ret=SUCCESS |  
2019-08-23 07:09:14,088 | INFO  | DNAudit | user=null | ip=null | op=WRITE_CHUNK {blockData=conID: 1 locID: 102665037681132168 bcsId: 0} | ret=SUCCESS |  
2019-08-23 07:09:14,088 | INFO  | DNAudit | user=null | ip=null | op=PUT_BLOCK {blockData=[blockId=conID: 1 locID: 102665037681132168 bcsId: 0,size=2097152]} | ret=SUCCESS |  
2019-08-23 07:09:14,092 | INFO  | DNAudit | user=null | ip=null | op=WRITE_CHUNK {blockData=conID: 1 locID: 102665037681132168 bcsId: 4552} | ret=SUCCESS |  
2019-08-23 07:09:14,094 | INFO  | DNAudit | user=null | ip=null | op=WRITE_CHUNK {blockData=conID: 1 locID: 102665037681132168 bcsId: 4552} | ret=SUCCESS |  
2019-08-23 07:09:14,094 | INFO  | DNAudit | user=null | ip=null | op=WRITE_CHUNK {blockData=conID: 1 locID: 102665037681132168 bcsId: 4552} | ret=SUCCESS |  
2019-08-23 07:09:14,095 | INFO  | DNAudit | user=null | ip=null | op=WRITE_CHUNK {blockData=conID: 1 locID: 102665037681132168 bcsId: 4552} | ret=SUCCESS |  
2019-08-23 07:09:14,095 | INFO  | DNAudit | user=null | ip=null | op=PUT_BLOCK {blockData=[blockId=conID: 1 locID: 102665037681132168 bcsId: 0,size=3145728]} | ret=SUCCESS |  
2019-08-23 07:09:14,096 [grpc-default-executor-6] INFO  client.GrpcClientProtocolClient (GrpcClientProtocolClient.java:onNext(255)) - client-D91E5D1E15CE->f2ba01fc-a63e-4348-bd18-030b60a135e7: receive RaftClientReply:client-D91E5D1E15CE->f2ba01fc-a63e-4348-bd18-030b60a135e7@group-C8C62FEF0626, cid=3044, SUCCESS, logIndex=4557, commits[f2ba01fc-a63e-4348-bd18-030b60a135e7:c4558, eab135d4-a257-4705-b491-6c056b8c5df7:c4552, a4f67574-9018-43e7-8a54-351e98dc3d0a:c4556]
2019-08-23 07:09:14,096 [grpc-default-executor-6] INFO  client.GrpcClientProtocolClient (GrpcClientProtocolClient.java:onNext(255)) - client-D91E5D1E15CE->f2ba01fc-a63e-4348-bd18-030b60a135e7: receive RaftClientReply:client-D91E5D1E15CE->f2ba01fc-a63e-4348-bd18-030b60a135e7@group-C8C62FEF0626, cid=3045, SUCCESS, logIndex=4558, commits[f2ba01fc-a63e-4348-bd18-030b60a135e7:c4558, eab135d4-a257-4705-b491-6c056b8c5df7:c4556, a4f67574-9018-43e7-8a54-351e98dc3d0a:c4556]
2019-08-23 07:09:14,097 | INFO  | DNAudit | user=null | ip=null | op=WRITE_CHUNK {blockData=conID: 1 locID: 102665037681132168 bcsId: 4552} | ret=SUCCESS |  
2019-08-23 07:09:14,097 | INFO  | DNAudit | user=null | ip=null | op=PUT_BLOCK {blockData=[blockId=conID: 1 locID: 102665037681132168 bcsId: 0,size=3145728]} | ret=SUCCESS |  
2019-08-23 07:09:14,097 | INFO  | DNAudit | user=null | ip=null | op=WRITE_CHUNK {blockData=conID: 1 locID: 102665037681132168 bcsId: 4552} | ret=SUCCESS |  
2019-08-23 07:09:14,097 | INFO  | DNAudit | user=null | ip=null | op=PUT_BLOCK {blockData=[blockId=conID: 1 locID: 102665037681132168 bcsId: 0,size=3145728]} | ret=SUCCESS |  
2019-08-23 07:09:14,101 | INFO  | DNAudit | user=null | ip=null | op=WRITE_CHUNK {blockData=conID: 1 locID: 102665037681132168 bcsId: 4558} | ret=SUCCESS |  
2019-08-23 07:09:14,102 | INFO  | DNAudit | user=null | ip=null | op=WRITE_CHUNK {blockData=conID: 1 locID: 102665037681132168 bcsId: 4558} | ret=SUCCESS |  
2019-08-23 07:09:14,103 | INFO  | DNAudit | user=null | ip=null | op=WRITE_CHUNK {blockData=conID: 1 locID: 102665037681132168 bcsId: 4558} | ret=SUCCESS |  
2019-08-23 07:09:14,104 | INFO  | DNAudit | user=null | ip=null | op=WRITE_CHUNK {blockData=conID: 1 locID: 102665037681132168 bcsId: 4558} | ret=SUCCESS |  
2019-08-23 07:09:14,105 | INFO  | DNAudit | user=null | ip=null | op=PUT_BLOCK {blockData=[blockId=conID: 1 locID: 102665037681132168 bcsId: 0,size=4194304]} | ret=SUCCESS |  
2019-08-23 07:09:14,105 [grpc-default-executor-0] INFO  client.GrpcClientProtocolClient (GrpcClientProtocolClient.java:onNext(255)) - client-D91E5D1E15CE->f2ba01fc-a63e-4348-bd18-030b60a135e7: receive RaftClientReply:client-D91E5D1E15CE->f2ba01fc-a63e-4348-bd18-030b60a135e7@group-C8C62FEF0626, cid=3046, SUCCESS, logIndex=4561, commits[f2ba01fc-a63e-4348-bd18-030b60a135e7:c4562, eab135d4-a257-4705-b491-6c056b8c5df7:c4558, a4f67574-9018-43e7-8a54-351e98dc3d0a:c4560]
2019-08-23 07:09:14,105 [grpc-default-executor-0] INFO  client.GrpcClientProtocolClient (GrpcClientProtocolClient.java:onNext(255)) - client-D91E5D1E15CE->f2ba01fc-a63e-4348-bd18-030b60a135e7: receive RaftClientReply:client-D91E5D1E15CE->f2ba01fc-a63e-4348-bd18-030b60a135e7@group-C8C62FEF0626, cid=3047, SUCCESS, logIndex=4562, commits[f2ba01fc-a63e-4348-bd18-030b60a135e7:c4562, eab135d4-a257-4705-b491-6c056b8c5df7:c4560, a4f67574-9018-43e7-8a54-351e98dc3d0a:c4560]
2019-08-23 07:09:14,106 | INFO  | DNAudit | user=null | ip=null | op=WRITE_CHUNK {blockData=conID: 1 locID: 102665037681132168 bcsId: 4558} | ret=SUCCESS |  
2019-08-23 07:09:14,107 | INFO  | DNAudit | user=null | ip=null | op=WRITE_CHUNK {blockData=conID: 1 locID: 102665037681132168 bcsId: 4558} | ret=SUCCESS |  
2019-08-23 07:09:14,109 | INFO  | DNAudit | user=null | ip=null | op=PUT_BLOCK {blockData=[blockId=conID: 1 locID: 102665037681132168 bcsId: 0,size=4194304]} | ret=SUCCESS |  
2019-08-23 07:09:14,109 | INFO  | DNAudit | user=null | ip=null | op=PUT_BLOCK {blockData=[blockId=conID: 1 locID: 102665037681132168 bcsId: 0,size=4194304]} | ret=SUCCESS |  
2019-08-23 07:09:14,109 [grpc-default-executor-0] INFO  client.GrpcClientProtocolClient (GrpcClientProtocolClient.java:onNext(255)) - client-D91E5D1E15CE->f2ba01fc-a63e-4348-bd18-030b60a135e7: receive RaftClientReply:client-D91E5D1E15CE->f2ba01fc-a63e-4348-bd18-030b60a135e7@group-C8C62FEF0626, cid=3048, SUCCESS, logIndex=0, commits[f2ba01fc-a63e-4348-bd18-030b60a135e7:c4564, eab135d4-a257-4705-b491-6c056b8c5df7:c4562, a4f67574-9018-43e7-8a54-351e98dc3d0a:c4562]
2019-08-23 07:09:14,114 | INFO  | SCMAudit | user=jenkins1000 | ip=192.168.5.178 | op=ALLOCATE_BLOCK {owner=aaf04d22-10dd-4717-8862-c651bdde72cf, size=4194304, type=RATIS, factor=THREE} | ret=SUCCESS |  
2019-08-23 07:09:14,117 | INFO  | OMAudit | user=jenkins1000 | ip=127.0.0.1 | op=ALLOCATE_BLOCK {volume=vol-0-67663, bucket=bucket-0-68950, key=key-0-26970, dataSize=0, replicationType=null, replicationFactor=null, keyLocationInfo=null, clientID=102665036030476690} | ret=SUCCESS |  
2019-08-23 07:09:14,122 | INFO  | DNAudit | user=null | ip=null | op=WRITE_CHUNK {blockData=conID: 2 locID: 102665037684015753 bcsId: 0} | ret=SUCCESS |  
2019-08-23 07:09:14,124 | INFO  | DNAudit | user=null | ip=null | op=WRITE_CHUNK {blockData=conID: 2 locID: 102665037684015753 bcsId: 0} | ret=SUCCESS |  
2019-08-23 07:09:14,125 | INFO  | DNAudit | user=null | ip=null | op=WRITE_CHUNK {blockData=conID: 2 locID: 102665037684015753 bcsId: 0} | ret=SUCCESS |  
2019-08-23 07:09:14,125 | INFO  | DNAudit | user=null | ip=null | op=WRITE_CHUNK {blockData=conID: 2 locID: 102665037684015753 bcsId: 0} | ret=SUCCESS |  
2019-08-23 07:09:14,126 | INFO  | DNAudit | user=null | ip=null | op=WRITE_CHUNK {blockData=conID: 2 locID: 102665037684015753 bcsId: 0} | ret=SUCCESS |  
2019-08-23 07:09:14,126 | INFO  | DNAudit | user=null | ip=null | op=WRITE_CHUNK {blockData=conID: 2 locID: 102665037684015753 bcsId: 0} | ret=SUCCESS |  
2019-08-23 07:09:14,135 | INFO  | DNAudit | user=null | ip=null | op=WRITE_CHUNK {blockData=conID: 2 locID: 102665037684015753 bcsId: 0} | ret=SUCCESS |  
2019-08-23 07:09:14,136 | INFO  | DNAudit | user=null | ip=null | op=PUT_BLOCK {blockData=[blockId=conID: 2 locID: 102665037684015753 bcsId: 0,size=1048576]} | ret=SUCCESS |  
2019-08-23 07:09:14,136 | INFO  | DNAudit | user=null | ip=null | op=WRITE_CHUNK {blockData=conID: 2 locID: 102665037684015753 bcsId: 0} | ret=SUCCESS |  
2019-08-23 07:09:14,136 [grpc-default-executor-0] INFO  client.GrpcClientProtocolClient (GrpcClientProtocolClient.java:onNext(255)) - client-D91E5D1E15CE->f2ba01fc-a63e-4348-bd18-030b60a135e7: receive RaftClientReply:client-D91E5D1E15CE->f2ba01fc-a63e-4348-bd18-030b60a135e7@group-C8C62FEF0626, cid=3049, SUCCESS, logIndex=4565, commits[f2ba01fc-a63e-4348-bd18-030b60a135e7:c4567, eab135d4-a257-4705-b491-6c056b8c5df7:c4564, a4f67574-9018-43e7-8a54-351e98dc3d0a:c4564]
2019-08-23 07:09:14,136 | INFO  | DNAudit | user=null | ip=null | op=PUT_BLOCK {blockData=[blockId=conID: 2 locID: 102665037684015753 bcsId: 0,size=2097152]} | ret=SUCCESS |  
2019-08-23 07:09:14,136 [grpc-default-executor-0] INFO  client.GrpcClientProtocolClient (GrpcClientProtocolClient.java:onNext(255)) - client-D91E5D1E15CE->f2ba01fc-a63e-4348-bd18-030b60a135e7: receive RaftClientReply:client-D91E5D1E15CE->f2ba01fc-a63e-4348-bd18-030b60a135e7@group-C8C62FEF0626, cid=3050, SUCCESS, logIndex=4566, commits[f2ba01fc-a63e-4348-bd18-030b60a135e7:c4568, eab135d4-a257-4705-b491-6c056b8c5df7:c4564, a4f67574-9018-43e7-8a54-351e98dc3d0a:c4564]
2019-08-23 07:09:14,136 [grpc-default-executor-0] INFO  client.GrpcClientProtocolClient (GrpcClientProtocolClient.java:onNext(255)) - client-D91E5D1E15CE->f2ba01fc-a63e-4348-bd18-030b60a135e7: receive RaftClientReply:client-D91E5D1E15CE->f2ba01fc-a63e-4348-bd18-030b60a135e7@group-C8C62FEF0626, cid=3051, SUCCESS, logIndex=4567, commits[f2ba01fc-a63e-4348-bd18-030b60a135e7:c4568, eab135d4-a257-4705-b491-6c056b8c5df7:c4564, a4f67574-9018-43e7-8a54-351e98dc3d0a:c4564]
2019-08-23 07:09:14,136 [grpc-default-executor-0] INFO  client.GrpcClientProtocolClient (GrpcClientProtocolClient.java:onNext(255)) - client-D91E5D1E15CE->f2ba01fc-a63e-4348-bd18-030b60a135e7: receive RaftClientReply:client-D91E5D1E15CE->f2ba01fc-a63e-4348-bd18-030b60a135e7@group-C8C62FEF0626, cid=3052, SUCCESS, logIndex=4568, commits[f2ba01fc-a63e-4348-bd18-030b60a135e7:c4568, eab135d4-a257-4705-b491-6c056b8c5df7:c4564, a4f67574-9018-43e7-8a54-351e98dc3d0a:c4564]
2019-08-23 07:09:14,147 | INFO  | DNAudit | user=null | ip=null | op=WRITE_CHUNK {blockData=conID: 2 locID: 102665037684015753 bcsId: 0} | ret=SUCCESS |  
2019-08-23 07:09:14,147 | INFO  | DNAudit | user=null | ip=null | op=WRITE_CHUNK {blockData=conID: 2 locID: 102665037684015753 bcsId: 0} | ret=SUCCESS |  
2019-08-23 07:09:14,148 | INFO  | DNAudit | user=null | ip=null | op=PUT_BLOCK {blockData=[blockId=conID: 2 locID: 102665037684015753 bcsId: 0,size=1048576]} | ret=SUCCESS |  
2019-08-23 07:09:14,148 | INFO  | DNAudit | user=null | ip=null | op=PUT_BLOCK {blockData=[blockId=conID: 2 locID: 102665037684015753 bcsId: 0,size=1048576]} | ret=SUCCESS |  
2019-08-23 07:09:14,148 | INFO  | DNAudit | user=null | ip=null | op=WRITE_CHUNK {blockData=conID: 2 locID: 102665037684015753 bcsId: 0} | ret=SUCCESS |  
2019-08-23 07:09:14,148 | INFO  | DNAudit | user=null | ip=null | op=WRITE_CHUNK {blockData=conID: 2 locID: 102665037684015753 bcsId: 0} | ret=SUCCESS |  
2019-08-23 07:09:14,149 | INFO  | DNAudit | user=null | ip=null | op=PUT_BLOCK {blockData=[blockId=conID: 2 locID: 102665037684015753 bcsId: 0,size=2097152]} | ret=SUCCESS |  
2019-08-23 07:09:14,149 | INFO  | DNAudit | user=null | ip=null | op=PUT_BLOCK {blockData=[blockId=conID: 2 locID: 102665037684015753 bcsId: 0,size=2097152]} | ret=SUCCESS |  
2019-08-23 07:09:14,149 [grpc-default-executor-4] INFO  client.GrpcClientProtocolClient (GrpcClientProtocolClient.java:onNext(255)) - client-D91E5D1E15CE->f2ba01fc-a63e-4348-bd18-030b60a135e7: receive RaftClientReply:client-D91E5D1E15CE->f2ba01fc-a63e-4348-bd18-030b60a135e7@group-C8C62FEF0626, cid=3053, SUCCESS, logIndex=0, commits[f2ba01fc-a63e-4348-bd18-030b60a135e7:c4570, eab135d4-a257-4705-b491-6c056b8c5df7:c4566, a4f67574-9018-43e7-8a54-351e98dc3d0a:c4566]
2019-08-23 07:09:14,154 | INFO  | DNAudit | user=null | ip=null | op=WRITE_CHUNK {blockData=conID: 2 locID: 102665037684015753 bcsId: 4568} | ret=SUCCESS |  
2019-08-23 07:09:14,156 | INFO  | DNAudit | user=null | ip=null | op=WRITE_CHUNK {blockData=conID: 2 locID: 102665037684015753 bcsId: 4568} | ret=SUCCESS |  
2019-08-23 07:09:14,156 | INFO  | DNAudit | user=null | ip=null | op=WRITE_CHUNK {blockData=conID: 2 locID: 102665037684015753 bcsId: 4568} | ret=SUCCESS |  
2019-08-23 07:09:14,167 | INFO  | DNAudit | user=null | ip=null | op=WRITE_CHUNK {blockData=conID: 2 locID: 102665037684015753 bcsId: 4568} | ret=SUCCESS |  
2019-08-23 07:09:14,167 | INFO  | DNAudit | user=null | ip=null | op=PUT_BLOCK {blockData=[blockId=conID: 2 locID: 102665037684015753 bcsId: 0,size=3145728]} | ret=SUCCESS |  
2019-08-23 07:09:14,167 [grpc-default-executor-4] INFO  client.GrpcClientProtocolClient (GrpcClientProtocolClient.java:onNext(255)) - client-D91E5D1E15CE->f2ba01fc-a63e-4348-bd18-030b60a135e7: receive RaftClientReply:client-D91E5D1E15CE->f2ba01fc-a63e-4348-bd18-030b60a135e7@group-C8C62FEF0626, cid=3054, SUCCESS, logIndex=4573, commits[f2ba01fc-a63e-4348-bd18-030b60a135e7:c4574, eab135d4-a257-4705-b491-6c056b8c5df7:c4572, a4f67574-9018-43e7-8a54-351e98dc3d0a:c4572]
2019-08-23 07:09:14,168 [grpc-default-executor-4] INFO  client.GrpcClientProtocolClient (GrpcClientProtocolClient.java:onNext(255)) - client-D91E5D1E15CE->f2ba01fc-a63e-4348-bd18-030b60a135e7: receive RaftClientReply:client-D91E5D1E15CE->f2ba01fc-a63e-4348-bd18-030b60a135e7@group-C8C62FEF0626, cid=3055, SUCCESS, logIndex=4574, commits[f2ba01fc-a63e-4348-bd18-030b60a135e7:c4574, eab135d4-a257-4705-b491-6c056b8c5df7:c4572, a4f67574-9018-43e7-8a54-351e98dc3d0a:c4572]
2019-08-23 07:09:14,173 | INFO  | DNAudit | user=null | ip=null | op=WRITE_CHUNK {blockData=conID: 2 locID: 102665037684015753 bcsId: 4574} | ret=SUCCESS |  
2019-08-23 07:09:14,175 | INFO  | DNAudit | user=null | ip=null | op=WRITE_CHUNK {blockData=conID: 2 locID: 102665037684015753 bcsId: 4574} | ret=SUCCESS |  
2019-08-23 07:09:14,175 | INFO  | DNAudit | user=null | ip=null | op=WRITE_CHUNK {blockData=conID: 2 locID: 102665037684015753 bcsId: 4574} | ret=SUCCESS |  
2019-08-23 07:09:14,176 | INFO  | SCMAudit | user=jenkins1000 | ip=192.168.5.178 | op=SEND_HEARTBEAT {datanodeUUID=5c311bc2-cc7c-45de-998f-f79499d85d4e, command=[]} | ret=SUCCESS |  
2019-08-23 07:09:14,176 | INFO  | SCMAudit | user=jenkins1000 | ip=192.168.5.178 | op=SEND_HEARTBEAT {datanodeUUID=b7d3ecaa-ab76-49a0-b691-40b7e1ed625a, command=[]} | ret=SUCCESS |  
 0.00% |█                                                                                                    |  0/1 Time: 0:00:252019-08-23 07:09:14,178 | INFO  | DNAudit | user=null | ip=null | op=WRITE_CHUNK {blockData=conID: 2 locID: 102665037684015753 bcsId: 4568} | ret=SUCCESS |  
2019-08-23 07:09:14,179 | INFO  | DNAudit | user=null | ip=null | op=WRITE_CHUNK {blockData=conID: 2 locID: 102665037684015753 bcsId: 4568} | ret=SUCCESS |  
2019-08-23 07:09:14,180 | INFO  | DNAudit | user=null | ip=null | op=PUT_BLOCK {blockData=[blockId=conID: 2 locID: 102665037684015753 bcsId: 0,size=3145728]} | ret=SUCCESS |  
2019-08-23 07:09:14,180 | INFO  | DNAudit | user=null | ip=null | op=PUT_BLOCK {blockData=[blockId=conID: 2 locID: 102665037684015753 bcsId: 0,size=3145728]} | ret=SUCCESS |  
2019-08-23 07:09:14,180 | INFO  | DNAudit | user=null | ip=null | op=WRITE_CHUNK {blockData=conID: 2 locID: 102665037684015753 bcsId: 4574} | ret=SUCCESS |  
2019-08-23 07:09:14,180 | INFO  | DNAudit | user=null | ip=null | op=PUT_BLOCK {blockData=[blockId=conID: 2 locID: 102665037684015753 bcsId: 0,size=4194304]} | ret=SUCCESS |  
2019-08-23 07:09:14,181 [grpc-default-executor-4] INFO  client.GrpcClientProtocolClient (GrpcClientProtocolClient.java:onNext(255)) - client-D91E5D1E15CE->f2ba01fc-a63e-4348-bd18-030b60a135e7: receive RaftClientReply:client-D91E5D1E15CE->f2ba01fc-a63e-4348-bd18-030b60a135e7@group-C8C62FEF0626, cid=3056, SUCCESS, logIndex=4577, commits[f2ba01fc-a63e-4348-bd18-030b60a135e7:c4578, eab135d4-a257-4705-b491-6c056b8c5df7:c4574, a4f67574-9018-43e7-8a54-351e98dc3d0a:c4574]
2019-08-23 07:09:14,181 [grpc-default-executor-4] INFO  client.GrpcClientProtocolClient (GrpcClientProtocolClient.java:onNext(255)) - client-D91E5D1E15CE->f2ba01fc-a63e-4348-bd18-030b60a135e7: receive RaftClientReply:client-D91E5D1E15CE->f2ba01fc-a63e-4348-bd18-030b60a135e7@group-C8C62FEF0626, cid=3057, SUCCESS, logIndex=4578, commits[f2ba01fc-a63e-4348-bd18-030b60a135e7:c4578, eab135d4-a257-4705-b491-6c056b8c5df7:c4574, a4f67574-9018-43e7-8a54-351e98dc3d0a:c4574]
2019-08-23 07:09:14,192 | INFO  | DNAudit | user=null | ip=null | op=WRITE_CHUNK {blockData=conID: 2 locID: 102665037684015753 bcsId: 4574} | ret=SUCCESS |  
2019-08-23 07:09:14,192 | INFO  | DNAudit | user=null | ip=null | op=WRITE_CHUNK {blockData=conID: 2 locID: 102665037684015753 bcsId: 4574} | ret=SUCCESS |  
2019-08-23 07:09:14,193 | INFO  | DNAudit | user=null | ip=null | op=PUT_BLOCK {blockData=[blockId=conID: 2 locID: 102665037684015753 bcsId: 0,size=4194304]} | ret=SUCCESS |  
2019-08-23 07:09:14,193 | INFO  | DNAudit | user=null | ip=null | op=PUT_BLOCK {blockData=[blockId=conID: 2 locID: 102665037684015753 bcsId: 0,size=4194304]} | ret=SUCCESS |  
2019-08-23 07:09:14,193 [grpc-default-executor-4] INFO  client.GrpcClientProtocolClient (GrpcClientProtocolClient.java:onNext(255)) - client-D91E5D1E15CE->f2ba01fc-a63e-4348-bd18-030b60a135e7: receive RaftClientReply:client-D91E5D1E15CE->f2ba01fc-a63e-4348-bd18-030b60a135e7@group-C8C62FEF0626, cid=3058, SUCCESS, logIndex=0, commits[f2ba01fc-a63e-4348-bd18-030b60a135e7:c4580, eab135d4-a257-4705-b491-6c056b8c5df7:c4578, a4f67574-9018-43e7-8a54-351e98dc3d0a:c4578]
2019-08-23 07:09:14,198 | INFO  | SCMAudit | user=jenkins1000 | ip=192.168.5.178 | op=ALLOCATE_BLOCK {owner=aaf04d22-10dd-4717-8862-c651bdde72cf, size=4194304, type=RATIS, factor=THREE} | ret=SUCCESS |  
2019-08-23 07:09:14,201 | INFO  | OMAudit | user=jenkins1000 | ip=127.0.0.1 | op=ALLOCATE_BLOCK {volume=vol-0-67663, bucket=bucket-0-68950, key=key-0-26970, dataSize=0, replicationType=null, replicationFactor=null, keyLocationInfo=null, clientID=102665036030476690} | ret=SUCCESS |  
2019-08-23 07:09:14,207 | INFO  | DNAudit | user=null | ip=null | op=WRITE_CHUNK {blockData=conID: 3 locID: 102665037689520778 bcsId: 0} | ret=SUCCESS |  
2019-08-23 07:09:14,209 | INFO  | DNAudit | user=null | ip=null | op=WRITE_CHUNK {blockData=conID: 3 locID: 102665037689520778 bcsId: 0} | ret=SUCCESS |  
2019-08-23 07:09:14,209 | INFO  | DNAudit | user=null | ip=null | op=WRITE_CHUNK {blockData=conID: 3 locID: 102665037689520778 bcsId: 0} | ret=SUCCESS |  
2019-08-23 07:09:14,209 | INFO  | DNAudit | user=null | ip=null | op=WRITE_CHUNK {blockData=conID: 3 locID: 102665037689520778 bcsId: 0} | ret=SUCCESS |  
2019-08-23 07:09:14,211 | INFO  | DNAudit | user=null | ip=null | op=WRITE_CHUNK {blockData=conID: 3 locID: 102665037689520778 bcsId: 0} | ret=SUCCESS |  
2019-08-23 07:09:14,211 | INFO  | DNAudit | user=null | ip=null | op=WRITE_CHUNK {blockData=conID: 3 locID: 102665037689520778 bcsId: 0} | ret=SUCCESS |  
2019-08-23 07:09:14,219 | INFO  | DNAudit | user=null | ip=null | op=WRITE_CHUNK {blockData=conID: 3 locID: 102665037689520778 bcsId: 0} | ret=SUCCESS |  
2019-08-23 07:09:14,219 | INFO  | DNAudit | user=null | ip=null | op=PUT_BLOCK {blockData=[blockId=conID: 3 locID: 102665037689520778 bcsId: 0,size=1048576]} | ret=SUCCESS |  
2019-08-23 07:09:14,219 [grpc-default-executor-4] INFO  client.GrpcClientProtocolClient (GrpcClientProtocolClient.java:onNext(255)) - client-D91E5D1E15CE->f2ba01fc-a63e-4348-bd18-030b60a135e7: receive RaftClientReply:client-D91E5D1E15CE->f2ba01fc-a63e-4348-bd18-030b60a135e7@group-C8C62FEF0626, cid=3059, SUCCESS, logIndex=4581, commits[f2ba01fc-a63e-4348-bd18-030b60a135e7:c4582, eab135d4-a257-4705-b491-6c056b8c5df7:c4580, a4f67574-9018-43e7-8a54-351e98dc3d0a:c4580]
2019-08-23 07:09:14,220 | INFO  | DNAudit | user=null | ip=null | op=WRITE_CHUNK {blockData=conID: 3 locID: 102665037689520778 bcsId: 0} | ret=SUCCESS |  
2019-08-23 07:09:14,220 | INFO  | DNAudit | user=null | ip=null | op=PUT_BLOCK {blockData=[blockId=conID: 3 locID: 102665037689520778 bcsId: 0,size=2097152]} | ret=SUCCESS |  
2019-08-23 07:09:14,220 [grpc-default-executor-0] INFO  client.GrpcClientProtocolClient (GrpcClientProtocolClient.java:onNext(255)) - client-D91E5D1E15CE->f2ba01fc-a63e-4348-bd18-030b60a135e7: receive RaftClientReply:client-D91E5D1E15CE->f2ba01fc-a63e-4348-bd18-030b60a135e7@group-C8C62FEF0626, cid=3060, SUCCESS, logIndex=4582, commits[f2ba01fc-a63e-4348-bd18-030b60a135e7:c4582, eab135d4-a257-4705-b491-6c056b8c5df7:c4580, a4f67574-9018-43e7-8a54-351e98dc3d0a:c4580]
2019-08-23 07:09:14,220 [grpc-default-executor-0] INFO  client.GrpcClientProtocolClient (GrpcClientProtocolClient.java:onNext(255)) - client-D91E5D1E15CE->f2ba01fc-a63e-4348-bd18-030b60a135e7: receive RaftClientReply:client-D91E5D1E15CE->f2ba01fc-a63e-4348-bd18-030b60a135e7@group-C8C62FEF0626, cid=3061, SUCCESS, logIndex=4583, commits[f2ba01fc-a63e-4348-bd18-030b60a135e7:c4584, eab135d4-a257-4705-b491-6c056b8c5df7:c4580, a4f67574-9018-43e7-8a54-351e98dc3d0a:c4580]
2019-08-23 07:09:14,220 [grpc-default-executor-0] INFO  client.GrpcClientProtocolClient (GrpcClientProtocolClient.java:onNext(255)) - client-D91E5D1E15CE->f2ba01fc-a63e-4348-bd18-030b60a135e7: receive RaftClientReply:client-D91E5D1E15CE->f2ba01fc-a63e-4348-bd18-030b60a135e7@group-C8C62FEF0626, cid=3062, SUCCESS, logIndex=4584, commits[f2ba01fc-a63e-4348-bd18-030b60a135e7:c4584, eab135d4-a257-4705-b491-6c056b8c5df7:c4580, a4f67574-9018-43e7-8a54-351e98dc3d0a:c4580]
2019-08-23 07:09:14,221 | INFO  | DNAudit | user=null | ip=null | op=WRITE_CHUNK {blockData=conID: 3 locID: 102665037689520778 bcsId: 0} | ret=SUCCESS |  
2019-08-23 07:09:14,221 | INFO  | DNAudit | user=null | ip=null | op=WRITE_CHUNK {blockData=conID: 3 locID: 102665037689520778 bcsId: 0} | ret=SUCCESS |  
2019-08-23 07:09:14,221 | INFO  | DNAudit | user=null | ip=null | op=PUT_BLOCK {blockData=[blockId=conID: 3 locID: 102665037689520778 bcsId: 0,size=1048576]} | ret=SUCCESS |  
2019-08-23 07:09:14,221 | INFO  | DNAudit | user=null | ip=null | op=PUT_BLOCK {blockData=[blockId=conID: 3 locID: 102665037689520778 bcsId: 0,size=1048576]} | ret=SUCCESS |  
2019-08-23 07:09:14,221 [grpc-default-executor-6] INFO  client.GrpcClientProtocolClient (GrpcClientProtocolClient.java:onNext(255)) - client-D91E5D1E15CE->f2ba01fc-a63e-4348-bd18-030b60a135e7: receive RaftClientReply:client-D91E5D1E15CE->f2ba01fc-a63e-4348-bd18-030b60a135e7@group-C8C62FEF0626, cid=3063, SUCCESS, logIndex=0, commits[f2ba01fc-a63e-4348-bd18-030b60a135e7:c4585, eab135d4-a257-4705-b491-6c056b8c5df7:c4582, a4f67574-9018-43e7-8a54-351e98dc3d0a:c4582]
2019-08-23 07:09:14,222 | INFO  | DNAudit | user=null | ip=null | op=WRITE_CHUNK {blockData=conID: 3 locID: 102665037689520778 bcsId: 0} | ret=SUCCESS |  
2019-08-23 07:09:14,222 | INFO  | DNAudit | user=null | ip=null | op=WRITE_CHUNK {blockData=conID: 3 locID: 102665037689520778 bcsId: 0} | ret=SUCCESS |  
2019-08-23 07:09:14,222 | INFO  | DNAudit | user=null | ip=null | op=PUT_BLOCK {blockData=[blockId=conID: 3 locID: 102665037689520778 bcsId: 0,size=2097152]} | ret=SUCCESS |  
2019-08-23 07:09:14,222 | INFO  | DNAudit | user=null | ip=null | op=PUT_BLOCK {blockData=[blockId=conID: 3 locID: 102665037689520778 bcsId: 0,size=2097152]} | ret=SUCCESS |  
2019-08-23 07:09:14,227 | INFO  | DNAudit | user=null | ip=null | op=WRITE_CHUNK {blockData=conID: 3 locID: 102665037689520778 bcsId: 4584} | ret=SUCCESS |  
2019-08-23 07:09:14,228 | INFO  | DNAudit | user=null | ip=null | op=WRITE_CHUNK {blockData=conID: 3 locID: 102665037689520778 bcsId: 4584} | ret=SUCCESS |  
2019-08-23 07:09:14,228 | INFO  | DNAudit | user=null | ip=null | op=WRITE_CHUNK {blockData=conID: 3 locID: 102665037689520778 bcsId: 4584} | ret=SUCCESS |  
2019-08-23 07:09:14,239 | INFO  | DNAudit | user=null | ip=null | op=WRITE_CHUNK {blockData=conID: 3 locID: 102665037689520778 bcsId: 4584} | ret=SUCCESS |  
2019-08-23 07:09:14,240 | INFO  | DNAudit | user=null | ip=null | op=PUT_BLOCK {blockData=[blockId=conID: 3 locID: 102665037689520778 bcsId: 0,size=3145728]} | ret=SUCCESS |  
2019-08-23 07:09:14,240 [grpc-default-executor-0] INFO  client.GrpcClientProtocolClient (GrpcClientProtocolClient.java:onNext(255)) - client-D91E5D1E15CE->f2ba01fc-a63e-4348-bd18-030b60a135e7: receive RaftClientReply:client-D91E5D1E15CE->f2ba01fc-a63e-4348-bd18-030b60a135e7@group-C8C62FEF0626, cid=3064, SUCCESS, logIndex=4589, commits[f2ba01fc-a63e-4348-bd18-030b60a135e7:c4590, eab135d4-a257-4705-b491-6c056b8c5df7:c4588, a4f67574-9018-43e7-8a54-351e98dc3d0a:c4588]
2019-08-23 07:09:14,240 [grpc-default-executor-0] INFO  client.GrpcClientProtocolClient (GrpcClientProtocolClient.java:onNext(255)) - client-D91E5D1E15CE->f2ba01fc-a63e-4348-bd18-030b60a135e7: receive RaftClientReply:client-D91E5D1E15CE->f2ba01fc-a63e-4348-bd18-030b60a135e7@group-C8C62FEF0626, cid=3065, SUCCESS, logIndex=4590, commits[f2ba01fc-a63e-4348-bd18-030b60a135e7:c4590, eab135d4-a257-4705-b491-6c056b8c5df7:c4588, a4f67574-9018-43e7-8a54-351e98dc3d0a:c4588]
2019-08-23 07:09:14,245 | INFO  | DNAudit | user=null | ip=null | op=WRITE_CHUNK {blockData=conID: 3 locID: 102665037689520778 bcsId: 4590} | ret=SUCCESS |  
2019-08-23 07:09:14,246 | INFO  | DNAudit | user=null | ip=null | op=WRITE_CHUNK {blockData=conID: 3 locID: 102665037689520778 bcsId: 4590} | ret=SUCCESS |  
2019-08-23 07:09:14,247 | INFO  | DNAudit | user=null | ip=null | op=WRITE_CHUNK {blockData=conID: 3 locID: 102665037689520778 bcsId: 4590} | ret=SUCCESS |  
2019-08-23 07:09:14,252 | INFO  | DNAudit | user=null | ip=null | op=WRITE_CHUNK {blockData=conID: 3 locID: 102665037689520778 bcsId: 4584} | ret=SUCCESS |  
2019-08-23 07:09:14,252 | INFO  | DNAudit | user=null | ip=null | op=WRITE_CHUNK {blockData=conID: 3 locID: 102665037689520778 bcsId: 4584} | ret=SUCCESS |  
2019-08-23 07:09:14,253 | INFO  | DNAudit | user=null | ip=null | op=PUT_BLOCK {blockData=[blockId=conID: 3 locID: 102665037689520778 bcsId: 0,size=3145728]} | ret=SUCCESS |  
2019-08-23 07:09:14,253 | INFO  | DNAudit | user=null | ip=null | op=PUT_BLOCK {blockData=[blockId=conID: 3 locID: 102665037689520778 bcsId: 0,size=3145728]} | ret=SUCCESS |  
2019-08-23 07:09:14,253 | INFO  | DNAudit | user=null | ip=null | op=WRITE_CHUNK {blockData=conID: 3 locID: 102665037689520778 bcsId: 4590} | ret=SUCCESS |  
2019-08-23 07:09:14,254 | INFO  | DNAudit | user=null | ip=null | op=PUT_BLOCK {blockData=[blockId=conID: 3 locID: 102665037689520778 bcsId: 0,size=4194304]} | ret=SUCCESS |  
2019-08-23 07:09:14,254 [grpc-default-executor-6] INFO  client.GrpcClientProtocolClient (GrpcClientProtocolClient.java:onNext(255)) - client-D91E5D1E15CE->f2ba01fc-a63e-4348-bd18-030b60a135e7: receive RaftClientReply:client-D91E5D1E15CE->f2ba01fc-a63e-4348-bd18-030b60a135e7@group-C8C62FEF0626, cid=3066, SUCCESS, logIndex=4593, commits[f2ba01fc-a63e-4348-bd18-030b60a135e7:c4594, eab135d4-a257-4705-b491-6c056b8c5df7:c4590, a4f67574-9018-43e7-8a54-351e98dc3d0a:c4590]
2019-08-23 07:09:14,254 [grpc-default-executor-6] INFO  client.GrpcClientProtocolClient (GrpcClientProtocolClient.java:onNext(255)) - client-D91E5D1E15CE->f2ba01fc-a63e-4348-bd18-030b60a135e7: receive RaftClientReply:client-D91E5D1E15CE->f2ba01fc-a63e-4348-bd18-030b60a135e7@group-C8C62FEF0626, cid=3067, SUCCESS, logIndex=4594, commits[f2ba01fc-a63e-4348-bd18-030b60a135e7:c4594, eab135d4-a257-4705-b491-6c056b8c5df7:c4590, a4f67574-9018-43e7-8a54-351e98dc3d0a:c4590]
2019-08-23 07:09:14,265 | INFO  | DNAudit | user=null | ip=null | op=WRITE_CHUNK {blockData=conID: 3 locID: 102665037689520778 bcsId: 4590} | ret=SUCCESS |  
2019-08-23 07:09:14,265 | INFO  | DNAudit | user=null | ip=null | op=WRITE_CHUNK {blockData=conID: 3 locID: 102665037689520778 bcsId: 4590} | ret=SUCCESS |  
2019-08-23 07:09:14,265 | INFO  | DNAudit | user=null | ip=null | op=PUT_BLOCK {blockData=[blockId=conID: 3 locID: 102665037689520778 bcsId: 0,size=4194304]} | ret=SUCCESS |  
2019-08-23 07:09:14,265 | INFO  | DNAudit | user=null | ip=null | op=PUT_BLOCK {blockData=[blockId=conID: 3 locID: 102665037689520778 bcsId: 0,size=4194304]} | ret=SUCCESS |  
2019-08-23 07:09:14,265 [grpc-default-executor-0] INFO  client.GrpcClientProtocolClient (GrpcClientProtocolClient.java:onNext(255)) - client-D91E5D1E15CE->f2ba01fc-a63e-4348-bd18-030b60a135e7: receive RaftClientReply:client-D91E5D1E15CE->f2ba01fc-a63e-4348-bd18-030b60a135e7@group-C8C62FEF0626, cid=3068, SUCCESS, logIndex=0, commits[f2ba01fc-a63e-4348-bd18-030b60a135e7:c4595, eab135d4-a257-4705-b491-6c056b8c5df7:c4594, a4f67574-9018-43e7-8a54-351e98dc3d0a:c4594]
2019-08-23 07:09:14,270 | INFO  | SCMAudit | user=jenkins1000 | ip=192.168.5.178 | op=ALLOCATE_BLOCK {owner=aaf04d22-10dd-4717-8862-c651bdde72cf, size=4194304, type=RATIS, factor=THREE} | ret=SUCCESS |  
2019-08-23 07:09:14,273 | INFO  | OMAudit | user=jenkins1000 | ip=127.0.0.1 | op=ALLOCATE_BLOCK {volume=vol-0-67663, bucket=bucket-0-68950, key=key-0-26970, dataSize=0, replicationType=null, replicationFactor=null, keyLocationInfo=null, clientID=102665036030476690} | ret=SUCCESS |  
2019-08-23 07:09:14,278 | INFO  | DNAudit | user=null | ip=null | op=WRITE_CHUNK {blockData=conID: 1 locID: 102665037694239371 bcsId: 0} | ret=SUCCESS |  
2019-08-23 07:09:14,281 | INFO  | DNAudit | user=null | ip=null | op=WRITE_CHUNK {blockData=conID: 1 locID: 102665037694239371 bcsId: 0} | ret=SUCCESS |  
2019-08-23 07:09:14,281 | INFO  | DNAudit | user=null | ip=null | op=WRITE_CHUNK {blockData=conID: 1 locID: 102665037694239371 bcsId: 0} | ret=SUCCESS |  
2019-08-23 07:09:14,282 | INFO  | DNAudit | user=null | ip=null | op=WRITE_CHUNK {blockData=conID: 1 locID: 102665037694239371 bcsId: 0} | ret=SUCCESS |  
2019-08-23 07:09:14,283 | INFO  | DNAudit | user=null | ip=null | op=WRITE_CHUNK {blockData=conID: 1 locID: 102665037694239371 bcsId: 0} | ret=SUCCESS |  
2019-08-23 07:09:14,283 | INFO  | DNAudit | user=null | ip=null | op=WRITE_CHUNK {blockData=conID: 1 locID: 102665037694239371 bcsId: 0} | ret=SUCCESS |  
2019-08-23 07:09:14,291 | INFO  | DNAudit | user=null | ip=null | op=WRITE_CHUNK {blockData=conID: 1 locID: 102665037694239371 bcsId: 0} | ret=SUCCESS |  
2019-08-23 07:09:14,291 | INFO  | DNAudit | user=null | ip=null | op=PUT_BLOCK {blockData=[blockId=conID: 1 locID: 102665037694239371 bcsId: 0,size=1048576]} | ret=SUCCESS |  
2019-08-23 07:09:14,291 | INFO  | DNAudit | user=null | ip=null | op=WRITE_CHUNK {blockData=conID: 1 locID: 102665037694239371 bcsId: 0} | ret=SUCCESS |  
2019-08-23 07:09:14,291 [grpc-default-executor-6] INFO  client.GrpcClientProtocolClient (GrpcClientProtocolClient.java:onNext(255)) - client-D91E5D1E15CE->f2ba01fc-a63e-4348-bd18-030b60a135e7: receive RaftClientReply:client-D91E5D1E15CE->f2ba01fc-a63e-4348-bd18-030b60a135e7@group-C8C62FEF0626, cid=3069, SUCCESS, logIndex=4597, commits[f2ba01fc-a63e-4348-bd18-030b60a135e7:c4599, eab135d4-a257-4705-b491-6c056b8c5df7:c4596, a4f67574-9018-43e7-8a54-351e98dc3d0a:c4596]
2019-08-23 07:09:14,291 | INFO  | DNAudit | user=null | ip=null | op=PUT_BLOCK {blockData=[blockId=conID: 1 locID: 102665037694239371 bcsId: 0,size=2097152]} | ret=SUCCESS |  
2019-08-23 07:09:14,291 [grpc-default-executor-6] INFO  client.GrpcClientProtocolClient (GrpcClientProtocolClient.java:onNext(255)) - client-D91E5D1E15CE->f2ba01fc-a63e-4348-bd18-030b60a135e7: receive RaftClientReply:client-D91E5D1E15CE->f2ba01fc-a63e-4348-bd18-030b60a135e7@group-C8C62FEF0626, cid=3070, SUCCESS, logIndex=4598, commits[f2ba01fc-a63e-4348-bd18-030b60a135e7:c4600, eab135d4-a257-4705-b491-6c056b8c5df7:c4596, a4f67574-9018-43e7-8a54-351e98dc3d0a:c4596]
2019-08-23 07:09:14,292 [grpc-default-executor-6] INFO  client.GrpcClientProtocolClient (GrpcClientProtocolClient.java:onNext(255)) - client-D91E5D1E15CE->f2ba01fc-a63e-4348-bd18-030b60a135e7: receive RaftClientReply:client-D91E5D1E15CE->f2ba01fc-a63e-4348-bd18-030b60a135e7@group-C8C62FEF0626, cid=3071, SUCCESS, logIndex=4599, commits[f2ba01fc-a63e-4348-bd18-030b60a135e7:c4600, eab135d4-a257-4705-b491-6c056b8c5df7:c4596, a4f67574-9018-43e7-8a54-351e98dc3d0a:c4596]
2019-08-23 07:09:14,292 | INFO  | DNAudit | user=null | ip=null | op=WRITE_CHUNK {blockData=conID: 1 locID: 102665037694239371 bcsId: 0} | ret=SUCCESS |  
2019-08-23 07:09:14,292 | INFO  | DNAudit | user=null | ip=null | op=WRITE_CHUNK {blockData=conID: 1 locID: 102665037694239371 bcsId: 0} | ret=SUCCESS |  
2019-08-23 07:09:14,292 [grpc-default-executor-6] INFO  client.GrpcClientProtocolClient (GrpcClientProtocolClient.java:onNext(255)) - client-D91E5D1E15CE->f2ba01fc-a63e-4348-bd18-030b60a135e7: receive RaftClientReply:client-D91E5D1E15CE->f2ba01fc-a63e-4348-bd18-030b60a135e7@group-C8C62FEF0626, cid=3072, SUCCESS, logIndex=4600, commits[f2ba01fc-a63e-4348-bd18-030b60a135e7:c4600, eab135d4-a257-4705-b491-6c056b8c5df7:c4596, a4f67574-9018-43e7-8a54-351e98dc3d0a:c4596]
2019-08-23 07:09:14,292 | INFO  | DNAudit | user=null | ip=null | op=PUT_BLOCK {blockData=[blockId=conID: 1 locID: 102665037694239371 bcsId: 0,size=1048576]} | ret=SUCCESS |  
2019-08-23 07:09:14,293 | INFO  | DNAudit | user=null | ip=null | op=PUT_BLOCK {blockData=[blockId=conID: 1 locID: 102665037694239371 bcsId: 0,size=1048576]} | ret=SUCCESS |  
2019-08-23 07:09:14,293 | INFO  | DNAudit | user=null | ip=null | op=WRITE_CHUNK {blockData=conID: 1 locID: 102665037694239371 bcsId: 0} | ret=SUCCESS |  
2019-08-23 07:09:14,293 | INFO  | DNAudit | user=null | ip=null | op=PUT_BLOCK {blockData=[blockId=conID: 1 locID: 102665037694239371 bcsId: 0,size=2097152]} | ret=SUCCESS |  
2019-08-23 07:09:14,293 | INFO  | DNAudit | user=null | ip=null | op=WRITE_CHUNK {blockData=conID: 1 locID: 102665037694239371 bcsId: 0} | ret=SUCCESS |  
2019-08-23 07:09:14,293 [grpc-default-executor-4] INFO  client.GrpcClientProtocolClient (GrpcClientProtocolClient.java:onNext(255)) - client-D91E5D1E15CE->f2ba01fc-a63e-4348-bd18-030b60a135e7: receive RaftClientReply:client-D91E5D1E15CE->f2ba01fc-a63e-4348-bd18-030b60a135e7@group-C8C62FEF0626, cid=3073, SUCCESS, logIndex=0, commits[f2ba01fc-a63e-4348-bd18-030b60a135e7:c4602, eab135d4-a257-4705-b491-6c056b8c5df7:c4598, a4f67574-9018-43e7-8a54-351e98dc3d0a:c4598]
2019-08-23 07:09:14,294 | INFO  | DNAudit | user=null | ip=null | op=PUT_BLOCK {blockData=[blockId=conID: 1 locID: 102665037694239371 bcsId: 0,size=2097152]} | ret=SUCCESS |  
2019-08-23 07:09:14,299 | INFO  | DNAudit | user=null | ip=null | op=WRITE_CHUNK {blockData=conID: 1 locID: 102665037694239371 bcsId: 4600} | ret=SUCCESS |  
2019-08-23 07:09:14,300 | INFO  | DNAudit | user=null | ip=null | op=WRITE_CHUNK {blockData=conID: 1 locID: 102665037694239371 bcsId: 4600} | ret=SUCCESS |  
2019-08-23 07:09:14,301 | INFO  | DNAudit | user=null | ip=null | op=WRITE_CHUNK {blockData=conID: 1 locID: 102665037694239371 bcsId: 4600} | ret=SUCCESS |  
2019-08-23 07:09:14,311 | INFO  | DNAudit | user=null | ip=null | op=WRITE_CHUNK {blockData=conID: 1 locID: 102665037694239371 bcsId: 4600} | ret=SUCCESS |  
2019-08-23 07:09:14,311 | INFO  | DNAudit | user=null | ip=null | op=PUT_BLOCK {blockData=[blockId=conID: 1 locID: 102665037694239371 bcsId: 0,size=3145728]} | ret=SUCCESS |  
2019-08-23 07:09:14,311 [grpc-default-executor-0] INFO  client.GrpcClientProtocolClient (GrpcClientProtocolClient.java:onNext(255)) - client-D91E5D1E15CE->f2ba01fc-a63e-4348-bd18-030b60a135e7: receive RaftClientReply:client-D91E5D1E15CE->f2ba01fc-a63e-4348-bd18-030b60a135e7@group-C8C62FEF0626, cid=3074, SUCCESS, logIndex=4605, commits[f2ba01fc-a63e-4348-bd18-030b60a135e7:c4606, eab135d4-a257-4705-b491-6c056b8c5df7:c4604, a4f67574-9018-43e7-8a54-351e98dc3d0a:c4604]
2019-08-23 07:09:14,312 [grpc-default-executor-0] INFO  client.GrpcClientProtocolClient (GrpcClientProtocolClient.java:onNext(255)) - client-D91E5D1E15CE->f2ba01fc-a63e-4348-bd18-030b60a135e7: receive RaftClientReply:client-D91E5D1E15CE->f2ba01fc-a63e-4348-bd18-030b60a135e7@group-C8C62FEF0626, cid=3075, SUCCESS, logIndex=4606, commits[f2ba01fc-a63e-4348-bd18-030b60a135e7:c4606, eab135d4-a257-4705-b491-6c056b8c5df7:c4604, a4f67574-9018-43e7-8a54-351e98dc3d0a:c4604]
2019-08-23 07:09:14,317 | INFO  | DNAudit | user=null | ip=null | op=WRITE_CHUNK {blockData=conID: 1 locID: 102665037694239371 bcsId: 4606} | ret=SUCCESS |  
2019-08-23 07:09:14,318 | INFO  | DNAudit | user=null | ip=null | op=WRITE_CHUNK {blockData=conID: 1 locID: 102665037694239371 bcsId: 4606} | ret=SUCCESS |  
2019-08-23 07:09:14,319 | INFO  | DNAudit | user=null | ip=null | op=WRITE_CHUNK {blockData=conID: 1 locID: 102665037694239371 bcsId: 4606} | ret=SUCCESS |  
2019-08-23 07:09:14,323 | INFO  | DNAudit | user=null | ip=null | op=WRITE_CHUNK {blockData=conID: 1 locID: 102665037694239371 bcsId: 4600} | ret=SUCCESS |  
2019-08-23 07:09:14,323 | INFO  | DNAudit | user=null | ip=null | op=WRITE_CHUNK {blockData=conID: 1 locID: 102665037694239371 bcsId: 4600} | ret=SUCCESS |  
2019-08-23 07:09:14,324 | INFO  | DNAudit | user=null | ip=null | op=PUT_BLOCK {blockData=[blockId=conID: 1 locID: 102665037694239371 bcsId: 0,size=3145728]} | ret=SUCCESS |  
2019-08-23 07:09:14,324 | INFO  | DNAudit | user=null | ip=null | op=PUT_BLOCK {blockData=[blockId=conID: 1 locID: 102665037694239371 bcsId: 0,size=3145728]} | ret=SUCCESS |  
2019-08-23 07:09:14,324 | INFO  | DNAudit | user=null | ip=null | op=WRITE_CHUNK {blockData=conID: 1 locID: 102665037694239371 bcsId: 4606} | ret=SUCCESS |  
2019-08-23 07:09:14,324 | INFO  | DNAudit | user=null | ip=null | op=PUT_BLOCK {blockData=[blockId=conID: 1 locID: 102665037694239371 bcsId: 0,size=4194304]} | ret=SUCCESS |  
2019-08-23 07:09:14,325 [grpc-default-executor-4] INFO  client.GrpcClientProtocolClient (GrpcClientProtocolClient.java:onNext(255)) - client-D91E5D1E15CE->f2ba01fc-a63e-4348-bd18-030b60a135e7: receive RaftClientReply:client-D91E5D1E15CE->f2ba01fc-a63e-4348-bd18-030b60a135e7@group-C8C62FEF0626, cid=3076, SUCCESS, logIndex=4609, commits[f2ba01fc-a63e-4348-bd18-030b60a135e7:c4610, eab135d4-a257-4705-b491-6c056b8c5df7:c4606, a4f67574-9018-43e7-8a54-351e98dc3d0a:c4606]
2019-08-23 07:09:14,325 [grpc-default-executor-4] INFO  client.GrpcClientProtocolClient (GrpcClientProtocolClient.java:onNext(255)) - client-D91E5D1E15CE->f2ba01fc-a63e-4348-bd18-030b60a135e7: receive RaftClientReply:client-D91E5D1E15CE->f2ba01fc-a63e-4348-bd18-030b60a135e7@group-C8C62FEF0626, cid=3077, SUCCESS, logIndex=4610, commits[f2ba01fc-a63e-4348-bd18-030b60a135e7:c4610, eab135d4-a257-4705-b491-6c056b8c5df7:c4606, a4f67574-9018-43e7-8a54-351e98dc3d0a:c4606]
2019-08-23 07:09:14,326 | INFO  | DNAudit | user=null | ip=null | op=WRITE_CHUNK {blockData=conID: 1 locID: 102665037694239371 bcsId: 4606} | ret=SUCCESS |  
2019-08-23 07:09:14,326 | INFO  | DNAudit | user=null | ip=null | op=WRITE_CHUNK {blockData=conID: 1 locID: 102665037694239371 bcsId: 4606} | ret=SUCCESS |  
2019-08-23 07:09:14,326 | INFO  | DNAudit | user=null | ip=null | op=PUT_BLOCK {blockData=[blockId=conID: 1 locID: 102665037694239371 bcsId: 0,size=4194304]} | ret=SUCCESS |  
2019-08-23 07:09:14,326 | INFO  | DNAudit | user=null | ip=null | op=PUT_BLOCK {blockData=[blockId=conID: 1 locID: 102665037694239371 bcsId: 0,size=4194304]} | ret=SUCCESS |  
2019-08-23 07:09:14,327 [grpc-default-executor-4] INFO  client.GrpcClientProtocolClient (GrpcClientProtocolClient.java:onNext(255)) - client-D91E5D1E15CE->f2ba01fc-a63e-4348-bd18-030b60a135e7: receive RaftClientReply:client-D91E5D1E15CE->f2ba01fc-a63e-4348-bd18-030b60a135e7@group-C8C62FEF0626, cid=3078, SUCCESS, logIndex=0, commits[f2ba01fc-a63e-4348-bd18-030b60a135e7:c4611, eab135d4-a257-4705-b491-6c056b8c5df7:c4610, a4f67574-9018-43e7-8a54-351e98dc3d0a:c4610]
2019-08-23 07:09:14,331 | INFO  | SCMAudit | user=jenkins1000 | ip=192.168.5.178 | op=ALLOCATE_BLOCK {owner=aaf04d22-10dd-4717-8862-c651bdde72cf, size=4194304, type=RATIS, factor=THREE} | ret=SUCCESS |  
2019-08-23 07:09:14,334 | INFO  | OMAudit | user=jenkins1000 | ip=127.0.0.1 | op=ALLOCATE_BLOCK {volume=vol-0-67663, bucket=bucket-0-68950, key=key-0-26970, dataSize=0, replicationType=null, replicationFactor=null, keyLocationInfo=null, clientID=102665036030476690} | ret=SUCCESS |  
2019-08-23 07:09:14,340 | INFO  | DNAudit | user=null | ip=null | op=WRITE_CHUNK {blockData=conID: 2 locID: 102665037698237068 bcsId: 0} | ret=SUCCESS |  
2019-08-23 07:09:14,342 | INFO  | DNAudit | user=null | ip=null | op=WRITE_CHUNK {blockData=conID: 2 locID: 102665037698237068 bcsId: 0} | ret=SUCCESS |  
2019-08-23 07:09:14,342 | INFO  | DNAudit | user=null | ip=null | op=WRITE_CHUNK {blockData=conID: 2 locID: 102665037698237068 bcsId: 0} | ret=SUCCESS |  
2019-08-23 07:09:14,342 | INFO  | DNAudit | user=null | ip=null | op=WRITE_CHUNK {blockData=conID: 2 locID: 102665037698237068 bcsId: 0} | ret=SUCCESS |  
2019-08-23 07:09:14,343 | INFO  | DNAudit | user=null | ip=null | op=WRITE_CHUNK {blockData=conID: 2 locID: 102665037698237068 bcsId: 0} | ret=SUCCESS |  
2019-08-23 07:09:14,343 | INFO  | DNAudit | user=null | ip=null | op=WRITE_CHUNK {blockData=conID: 2 locID: 102665037698237068 bcsId: 0} | ret=SUCCESS |  
2019-08-23 07:09:14,344 | INFO  | DNAudit | user=null | ip=null | op=WRITE_CHUNK {blockData=conID: 2 locID: 102665037698237068 bcsId: 0} | ret=SUCCESS |  
2019-08-23 07:09:14,345 | INFO  | DNAudit | user=null | ip=null | op=PUT_BLOCK {blockData=[blockId=conID: 2 locID: 102665037698237068 bcsId: 0,size=1048576]} | ret=SUCCESS |  
2019-08-23 07:09:14,345 [grpc-default-executor-0] INFO  client.GrpcClientProtocolClient (GrpcClientProtocolClient.java:onNext(255)) - client-D91E5D1E15CE->f2ba01fc-a63e-4348-bd18-030b60a135e7: receive RaftClientReply:client-D91E5D1E15CE->f2ba01fc-a63e-4348-bd18-030b60a135e7@group-C8C62FEF0626, cid=3079, SUCCESS, logIndex=4613, commits[f2ba01fc-a63e-4348-bd18-030b60a135e7:c4614, eab135d4-a257-4705-b491-6c056b8c5df7:c4612, a4f67574-9018-43e7-8a54-351e98dc3d0a:c4610]
2019-08-23 07:09:14,345 [grpc-default-executor-6] INFO  client.GrpcClientProtocolClient (GrpcClientProtocolClient.java:onNext(255)) - client-D91E5D1E15CE->f2ba01fc-a63e-4348-bd18-030b60a135e7: receive RaftClientReply:client-D91E5D1E15CE->f2ba01fc-a63e-4348-bd18-030b60a135e7@group-C8C62FEF0626, cid=3080, SUCCESS, logIndex=4614, commits[f2ba01fc-a63e-4348-bd18-030b60a135e7:c4614, eab135d4-a257-4705-b491-6c056b8c5df7:c4612, a4f67574-9018-43e7-8a54-351e98dc3d0a:c4610]
2019-08-23 07:09:14,346 | INFO  | DNAudit | user=null | ip=null | op=WRITE_CHUNK {blockData=conID: 2 locID: 102665037698237068 bcsId: 0} | ret=SUCCESS |  
2019-08-23 07:09:14,346 | INFO  | DNAudit | user=null | ip=null | op=PUT_BLOCK {blockData=[blockId=conID: 2 locID: 102665037698237068 bcsId: 0,size=2097152]} | ret=SUCCESS |  
2019-08-23 07:09:14,346 [grpc-default-executor-4] INFO  client.GrpcClientProtocolClient (GrpcClientProtocolClient.java:onNext(255)) - client-D91E5D1E15CE->f2ba01fc-a63e-4348-bd18-030b60a135e7: receive RaftClientReply:client-D91E5D1E15CE->f2ba01fc-a63e-4348-bd18-030b60a135e7@group-C8C62FEF0626, cid=3081, SUCCESS, logIndex=4615, commits[f2ba01fc-a63e-4348-bd18-030b60a135e7:c4615, eab135d4-a257-4705-b491-6c056b8c5df7:c4612, a4f67574-9018-43e7-8a54-351e98dc3d0a:c4612]
2019-08-23 07:09:14,346 [grpc-default-executor-4] INFO  client.GrpcClientProtocolClient (GrpcClientProtocolClient.java:onNext(255)) - client-D91E5D1E15CE->f2ba01fc-a63e-4348-bd18-030b60a135e7: receive RaftClientReply:client-D91E5D1E15CE->f2ba01fc-a63e-4348-bd18-030b60a135e7@group-C8C62FEF0626, cid=3082, SUCCESS, logIndex=4616, commits[f2ba01fc-a63e-4348-bd18-030b60a135e7:c4616, eab135d4-a257-4705-b491-6c056b8c5df7:c4612, a4f67574-9018-43e7-8a54-351e98dc3d0a:c4612]
2019-08-23 07:09:14,347 | INFO  | DNAudit | user=null | ip=null | op=WRITE_CHUNK {blockData=conID: 2 locID: 102665037698237068 bcsId: 0} | ret=SUCCESS |  
2019-08-23 07:09:14,347 | INFO  | DNAudit | user=null | ip=null | op=PUT_BLOCK {blockData=[blockId=conID: 2 locID: 102665037698237068 bcsId: 0,size=1048576]} | ret=SUCCESS |  
2019-08-23 07:09:14,347 | INFO  | DNAudit | user=null | ip=null | op=WRITE_CHUNK {blockData=conID: 2 locID: 102665037698237068 bcsId: 0} | ret=SUCCESS |  
2019-08-23 07:09:14,347 | INFO  | DNAudit | user=null | ip=null | op=PUT_BLOCK {blockData=[blockId=conID: 2 locID: 102665037698237068 bcsId: 0,size=1048576]} | ret=SUCCESS |  
2019-08-23 07:09:14,347 | INFO  | DNAudit | user=null | ip=null | op=WRITE_CHUNK {blockData=conID: 2 locID: 102665037698237068 bcsId: 0} | ret=SUCCESS |  
2019-08-23 07:09:14,347 [grpc-default-executor-6] INFO  client.GrpcClientProtocolClient (GrpcClientProtocolClient.java:onNext(255)) - client-D91E5D1E15CE->f2ba01fc-a63e-4348-bd18-030b60a135e7: receive RaftClientReply:client-D91E5D1E15CE->f2ba01fc-a63e-4348-bd18-030b60a135e7@group-C8C62FEF0626, cid=3083, SUCCESS, logIndex=0, commits[f2ba01fc-a63e-4348-bd18-030b60a135e7:c4618, eab135d4-a257-4705-b491-6c056b8c5df7:c4614, a4f67574-9018-43e7-8a54-351e98dc3d0a:c4614]
2019-08-23 07:09:14,348 | INFO  | DNAudit | user=null | ip=null | op=WRITE_CHUNK {blockData=conID: 2 locID: 102665037698237068 bcsId: 0} | ret=SUCCESS |  
2019-08-23 07:09:14,348 | INFO  | DNAudit | user=null | ip=null | op=PUT_BLOCK {blockData=[blockId=conID: 2 locID: 102665037698237068 bcsId: 0,size=2097152]} | ret=SUCCESS |  
2019-08-23 07:09:14,348 | INFO  | DNAudit | user=null | ip=null | op=PUT_BLOCK {blockData=[blockId=conID: 2 locID: 102665037698237068 bcsId: 0,size=2097152]} | ret=SUCCESS |  
2019-08-23 07:09:14,353 | INFO  | DNAudit | user=null | ip=null | op=WRITE_CHUNK {blockData=conID: 2 locID: 102665037698237068 bcsId: 4616} | ret=SUCCESS |  
2019-08-23 07:09:14,354 | INFO  | DNAudit | user=null | ip=null | op=WRITE_CHUNK {blockData=conID: 2 locID: 102665037698237068 bcsId: 4616} | ret=SUCCESS |  
2019-08-23 07:09:14,354 | INFO  | DNAudit | user=null | ip=null | op=WRITE_CHUNK {blockData=conID: 2 locID: 102665037698237068 bcsId: 4616} | ret=SUCCESS |  
2019-08-23 07:09:14,356 | INFO  | DNAudit | user=null | ip=null | op=WRITE_CHUNK {blockData=conID: 2 locID: 102665037698237068 bcsId: 4616} | ret=SUCCESS |  
2019-08-23 07:09:14,356 | INFO  | DNAudit | user=null | ip=null | op=PUT_BLOCK {blockData=[blockId=conID: 2 locID: 102665037698237068 bcsId: 0,size=3145728]} | ret=SUCCESS |  
2019-08-23 07:09:14,356 [grpc-default-executor-4] INFO  client.GrpcClientProtocolClient (GrpcClientProtocolClient.java:onNext(255)) - client-D91E5D1E15CE->f2ba01fc-a63e-4348-bd18-030b60a135e7: receive RaftClientReply:client-D91E5D1E15CE->f2ba01fc-a63e-4348-bd18-030b60a135e7@group-C8C62FEF0626, cid=3084, SUCCESS, logIndex=4621, commits[f2ba01fc-a63e-4348-bd18-030b60a135e7:c4622, eab135d4-a257-4705-b491-6c056b8c5df7:c4620, a4f67574-9018-43e7-8a54-351e98dc3d0a:c4616]
2019-08-23 07:09:14,357 [grpc-default-executor-4] INFO  client.GrpcClientProtocolClient (GrpcClientProtocolClient.java:onNext(255)) - client-D91E5D1E15CE->f2ba01fc-a63e-4348-bd18-030b60a135e7: receive RaftClientReply:client-D91E5D1E15CE->f2ba01fc-a63e-4348-bd18-030b60a135e7@group-C8C62FEF0626, cid=3085, SUCCESS, logIndex=4622, commits[f2ba01fc-a63e-4348-bd18-030b60a135e7:c4622, eab135d4-a257-4705-b491-6c056b8c5df7:c4620, a4f67574-9018-43e7-8a54-351e98dc3d0a:c4620]
2019-08-23 07:09:14,357 | INFO  | DNAudit | user=null | ip=null | op=WRITE_CHUNK {blockData=conID: 2 locID: 102665037698237068 bcsId: 4616} | ret=SUCCESS |  
2019-08-23 07:09:14,358 | INFO  | DNAudit | user=null | ip=null | op=PUT_BLOCK {blockData=[blockId=conID: 2 locID: 102665037698237068 bcsId: 0,size=3145728]} | ret=SUCCESS |  
2019-08-23 07:09:14,358 | INFO  | DNAudit | user=null | ip=null | op=WRITE_CHUNK {blockData=conID: 2 locID: 102665037698237068 bcsId: 4616} | ret=SUCCESS |  
2019-08-23 07:09:14,359 | INFO  | DNAudit | user=null | ip=null | op=PUT_BLOCK {blockData=[blockId=conID: 2 locID: 102665037698237068 bcsId: 0,size=3145728]} | ret=SUCCESS |  
2019-08-23 07:09:14,362 | INFO  | DNAudit | user=null | ip=null | op=WRITE_CHUNK {blockData=conID: 2 locID: 102665037698237068 bcsId: 4622} | ret=SUCCESS |  
2019-08-23 07:09:14,363 | INFO  | DNAudit | user=null | ip=null | op=WRITE_CHUNK {blockData=conID: 2 locID: 102665037698237068 bcsId: 4622} | ret=SUCCESS |  
2019-08-23 07:09:14,363 | INFO  | DNAudit | user=null | ip=null | op=WRITE_CHUNK {blockData=conID: 2 locID: 102665037698237068 bcsId: 4622} | ret=SUCCESS |  
2019-08-23 07:09:14,381 | INFO  | DNAudit | user=null | ip=null | op=WRITE_CHUNK {blockData=conID: 2 locID: 102665037698237068 bcsId: 4622} | ret=SUCCESS |  
2019-08-23 07:09:14,381 | INFO  | DNAudit | user=null | ip=null | op=PUT_BLOCK {blockData=[blockId=conID: 2 locID: 102665037698237068 bcsId: 0,size=4194304]} | ret=SUCCESS |  
2019-08-23 07:09:14,381 [grpc-default-executor-4] INFO  client.GrpcClientProtocolClient (GrpcClientProtocolClient.java:onNext(255)) - client-D91E5D1E15CE->f2ba01fc-a63e-4348-bd18-030b60a135e7: receive RaftClientReply:client-D91E5D1E15CE->f2ba01fc-a63e-4348-bd18-030b60a135e7@group-C8C62FEF0626, cid=3086, SUCCESS, logIndex=4625, commits[f2ba01fc-a63e-4348-bd18-030b60a135e7:c4626, eab135d4-a257-4705-b491-6c056b8c5df7:c4624, a4f67574-9018-43e7-8a54-351e98dc3d0a:c4624]
2019-08-23 07:09:14,382 [grpc-default-executor-4] INFO  client.GrpcClientProtocolClient (GrpcClientProtocolClient.java:onNext(255)) - client-D91E5D1E15CE->f2ba01fc-a63e-4348-bd18-030b60a135e7: receive RaftClientReply:client-D91E5D1E15CE->f2ba01fc-a63e-4348-bd18-030b60a135e7@group-C8C62FEF0626, cid=3087, SUCCESS, logIndex=4626, commits[f2ba01fc-a63e-4348-bd18-030b60a135e7:c4626, eab135d4-a257-4705-b491-6c056b8c5df7:c4624, a4f67574-9018-43e7-8a54-351e98dc3d0a:c4624]
2019-08-23 07:09:14,392 | INFO  | DNAudit | user=null | ip=null | op=WRITE_CHUNK {blockData=conID: 2 locID: 102665037698237068 bcsId: 4622} | ret=SUCCESS |  
2019-08-23 07:09:14,393 | INFO  | DNAudit | user=null | ip=null | op=WRITE_CHUNK {blockData=conID: 2 locID: 102665037698237068 bcsId: 4622} | ret=SUCCESS |  
2019-08-23 07:09:14,393 | INFO  | DNAudit | user=null | ip=null | op=PUT_BLOCK {blockData=[blockId=conID: 2 locID: 102665037698237068 bcsId: 0,size=4194304]} | ret=SUCCESS |  
2019-08-23 07:09:14,393 | INFO  | DNAudit | user=null | ip=null | op=PUT_BLOCK {blockData=[blockId=conID: 2 locID: 102665037698237068 bcsId: 0,size=4194304]} | ret=SUCCESS |  
2019-08-23 07:09:14,393 [grpc-default-executor-4] INFO  client.GrpcClientProtocolClient (GrpcClientProtocolClient.java:onNext(255)) - client-D91E5D1E15CE->f2ba01fc-a63e-4348-bd18-030b60a135e7: receive RaftClientReply:client-D91E5D1E15CE->f2ba01fc-a63e-4348-bd18-030b60a135e7@group-C8C62FEF0626, cid=3088, SUCCESS, logIndex=0, commits[f2ba01fc-a63e-4348-bd18-030b60a135e7:c4627, eab135d4-a257-4705-b491-6c056b8c5df7:c4626, a4f67574-9018-43e7-8a54-351e98dc3d0a:c4626]
2019-08-23 07:09:14,397 | INFO  | SCMAudit | user=jenkins1000 | ip=192.168.5.178 | op=ALLOCATE_BLOCK {owner=aaf04d22-10dd-4717-8862-c651bdde72cf, size=4194304, type=RATIS, factor=THREE} | ret=SUCCESS |  
2019-08-23 07:09:14,401 | INFO  | OMAudit | user=jenkins1000 | ip=127.0.0.1 | op=ALLOCATE_BLOCK {volume=vol-0-67663, bucket=bucket-0-68950, key=key-0-26970, dataSize=0, replicationType=null, replicationFactor=null, keyLocationInfo=null, clientID=102665036030476690} | ret=SUCCESS |  
2019-08-23 07:09:14,406 | INFO  | DNAudit | user=null | ip=null | op=WRITE_CHUNK {blockData=conID: 3 locID: 102665037702562445 bcsId: 0} | ret=SUCCESS |  
2019-08-23 07:09:14,407 | INFO  | DNAudit | user=null | ip=null | op=WRITE_CHUNK {blockData=conID: 3 locID: 102665037702562445 bcsId: 0} | ret=SUCCESS |  
2019-08-23 07:09:14,408 | INFO  | DNAudit | user=null | ip=null | op=WRITE_CHUNK {blockData=conID: 3 locID: 102665037702562445 bcsId: 0} | ret=SUCCESS |  
2019-08-23 07:09:14,408 | INFO  | DNAudit | user=null | ip=null | op=WRITE_CHUNK {blockData=conID: 3 locID: 102665037702562445 bcsId: 0} | ret=SUCCESS |  
2019-08-23 07:09:14,409 | INFO  | DNAudit | user=null | ip=null | op=WRITE_CHUNK {blockData=conID: 3 locID: 102665037702562445 bcsId: 0} | ret=SUCCESS |  
2019-08-23 07:09:14,409 | INFO  | DNAudit | user=null | ip=null | op=WRITE_CHUNK {blockData=conID: 3 locID: 102665037702562445 bcsId: 0} | ret=SUCCESS |  
2019-08-23 07:09:14,418 | INFO  | DNAudit | user=null | ip=null | op=WRITE_CHUNK {blockData=conID: 3 locID: 102665037702562445 bcsId: 0} | ret=SUCCESS |  
2019-08-23 07:09:14,418 | INFO  | DNAudit | user=null | ip=null | op=PUT_BLOCK {blockData=[blockId=conID: 3 locID: 102665037702562445 bcsId: 0,size=1048576]} | ret=SUCCESS |  
2019-08-23 07:09:14,418 | INFO  | DNAudit | user=null | ip=null | op=WRITE_CHUNK {blockData=conID: 3 locID: 102665037702562445 bcsId: 0} | ret=SUCCESS |  
2019-08-23 07:09:14,418 [grpc-default-executor-4] INFO  client.GrpcClientProtocolClient (GrpcClientProtocolClient.java:onNext(255)) - client-D91E5D1E15CE->f2ba01fc-a63e-4348-bd18-030b60a135e7: receive RaftClientReply:client-D91E5D1E15CE->f2ba01fc-a63e-4348-bd18-030b60a135e7@group-C8C62FEF0626, cid=3089, SUCCESS, logIndex=4629, commits[f2ba01fc-a63e-4348-bd18-030b60a135e7:c4631, eab135d4-a257-4705-b491-6c056b8c5df7:c4628, a4f67574-9018-43e7-8a54-351e98dc3d0a:c4628]
2019-08-23 07:09:14,419 | INFO  | DNAudit | user=null | ip=null | op=PUT_BLOCK {blockData=[blockId=conID: 3 locID: 102665037702562445 bcsId: 0,size=2097152]} | ret=SUCCESS |  
2019-08-23 07:09:14,419 [grpc-default-executor-3] INFO  client.GrpcClientProtocolClient (GrpcClientProtocolClient.java:onNext(255)) - client-D91E5D1E15CE->f2ba01fc-a63e-4348-bd18-030b60a135e7: receive RaftClientReply:client-D91E5D1E15CE->f2ba01fc-a63e-4348-bd18-030b60a135e7@group-C8C62FEF0626, cid=3090, SUCCESS, logIndex=4630, commits[f2ba01fc-a63e-4348-bd18-030b60a135e7:c4632, eab135d4-a257-4705-b491-6c056b8c5df7:c4628, a4f67574-9018-43e7-8a54-351e98dc3d0a:c4628]
2019-08-23 07:09:14,419 [grpc-default-executor-3] INFO  client.GrpcClientProtocolClient (GrpcClientProtocolClient.java:onNext(255)) - client-D91E5D1E15CE->f2ba01fc-a63e-4348-bd18-030b60a135e7: receive RaftClientReply:client-D91E5D1E15CE->f2ba01fc-a63e-4348-bd18-030b60a135e7@group-C8C62FEF0626, cid=3091, SUCCESS, logIndex=4631, commits[f2ba01fc-a63e-4348-bd18-030b60a135e7:c4632, eab135d4-a257-4705-b491-6c056b8c5df7:c4628, a4f67574-9018-43e7-8a54-351e98dc3d0a:c4628]
2019-08-23 07:09:14,419 | INFO  | DNAudit | user=null | ip=null | op=WRITE_CHUNK {blockData=conID: 3 locID: 102665037702562445 bcsId: 0} | ret=SUCCESS |  
2019-08-23 07:09:14,419 [grpc-default-executor-3] INFO  client.GrpcClientProtocolClient (GrpcClientProtocolClient.java:onNext(255)) - client-D91E5D1E15CE->f2ba01fc-a63e-4348-bd18-030b60a135e7: receive RaftClientReply:client-D91E5D1E15CE->f2ba01fc-a63e-4348-bd18-030b60a135e7@group-C8C62FEF0626, cid=3092, SUCCESS, logIndex=4632, commits[f2ba01fc-a63e-4348-bd18-030b60a135e7:c4632, eab135d4-a257-4705-b491-6c056b8c5df7:c4628, a4f67574-9018-43e7-8a54-351e98dc3d0a:c4628]
2019-08-23 07:09:14,420 | INFO  | DNAudit | user=null | ip=null | op=WRITE_CHUNK {blockData=conID: 3 locID: 102665037702562445 bcsId: 0} | ret=SUCCESS |  
2019-08-23 07:09:14,420 | INFO  | DNAudit | user=null | ip=null | op=PUT_BLOCK {blockData=[blockId=conID: 3 locID: 102665037702562445 bcsId: 0,size=1048576]} | ret=SUCCESS |  
2019-08-23 07:09:14,421 | INFO  | DNAudit | user=null | ip=null | op=WRITE_CHUNK {blockData=conID: 3 locID: 102665037702562445 bcsId: 0} | ret=SUCCESS |  
2019-08-23 07:09:14,421 | INFO  | DNAudit | user=null | ip=null | op=PUT_BLOCK {blockData=[blockId=conID: 3 locID: 102665037702562445 bcsId: 0,size=1048576]} | ret=SUCCESS |  
2019-08-23 07:09:14,421 | INFO  | DNAudit | user=null | ip=null | op=PUT_BLOCK {blockData=[blockId=conID: 3 locID: 102665037702562445 bcsId: 0,size=2097152]} | ret=SUCCESS |  
2019-08-23 07:09:14,421 | INFO  | DNAudit | user=null | ip=null | op=WRITE_CHUNK {blockData=conID: 3 locID: 102665037702562445 bcsId: 0} | ret=SUCCESS |  
2019-08-23 07:09:14,421 | INFO  | DNAudit | user=null | ip=null | op=PUT_BLOCK {blockData=[blockId=conID: 3 locID: 102665037702562445 bcsId: 0,size=2097152]} | ret=SUCCESS |  
2019-08-23 07:09:14,421 [grpc-default-executor-3] INFO  client.GrpcClientProtocolClient (GrpcClientProtocolClient.java:onNext(255)) - client-D91E5D1E15CE->f2ba01fc-a63e-4348-bd18-030b60a135e7: receive RaftClientReply:client-D91E5D1E15CE->f2ba01fc-a63e-4348-bd18-030b60a135e7@group-C8C62FEF0626, cid=3093, SUCCESS, logIndex=0, commits[f2ba01fc-a63e-4348-bd18-030b60a135e7:c4636, eab135d4-a257-4705-b491-6c056b8c5df7:c4632, a4f67574-9018-43e7-8a54-351e98dc3d0a:c4631]
2019-08-23 07:09:14,426 | INFO  | DNAudit | user=null | ip=null | op=WRITE_CHUNK {blockData=conID: 3 locID: 102665037702562445 bcsId: 4632} | ret=SUCCESS |  
2019-08-23 07:09:14,428 | INFO  | DNAudit | user=null | ip=null | op=WRITE_CHUNK {blockData=conID: 3 locID: 102665037702562445 bcsId: 4632} | ret=SUCCESS |  
2019-08-23 07:09:14,428 | INFO  | DNAudit | user=null | ip=null | op=WRITE_CHUNK {blockData=conID: 3 locID: 102665037702562445 bcsId: 4632} | ret=SUCCESS |  
2019-08-23 07:09:14,438 | INFO  | DNAudit | user=null | ip=null | op=WRITE_CHUNK {blockData=conID: 3 locID: 102665037702562445 bcsId: 4632} | ret=SUCCESS |  
2019-08-23 07:09:14,439 | INFO  | DNAudit | user=null | ip=null | op=PUT_BLOCK {blockData=[blockId=conID: 3 locID: 102665037702562445 bcsId: 0,size=3145728]} | ret=SUCCESS |  
2019-08-23 07:09:14,439 [grpc-default-executor-4] INFO  client.GrpcClientProtocolClient (GrpcClientProtocolClient.java:onNext(255)) - client-D91E5D1E15CE->f2ba01fc-a63e-4348-bd18-030b60a135e7: receive RaftClientReply:client-D91E5D1E15CE->f2ba01fc-a63e-4348-bd18-030b60a135e7@group-C8C62FEF0626, cid=3094, SUCCESS, logIndex=4637, commits[f2ba01fc-a63e-4348-bd18-030b60a135e7:c4638, eab135d4-a257-4705-b491-6c056b8c5df7:c4636, a4f67574-9018-43e7-8a54-351e98dc3d0a:c4636]
2019-08-23 07:09:14,439 [grpc-default-executor-4] INFO  client.GrpcClientProtocolClient (GrpcClientProtocolClient.java:onNext(255)) - client-D91E5D1E15CE->f2ba01fc-a63e-4348-bd18-030b60a135e7: receive RaftClientReply:client-D91E5D1E15CE->f2ba01fc-a63e-4348-bd18-030b60a135e7@group-C8C62FEF0626, cid=3095, SUCCESS, logIndex=4638, commits[f2ba01fc-a63e-4348-bd18-030b60a135e7:c4638, eab135d4-a257-4705-b491-6c056b8c5df7:c4636, a4f67574-9018-43e7-8a54-351e98dc3d0a:c4636]
2019-08-23 07:09:14,444 | INFO  | DNAudit | user=null | ip=null | op=WRITE_CHUNK {blockData=conID: 3 locID: 102665037702562445 bcsId: 4638} | ret=SUCCESS |  
2019-08-23 07:09:14,446 | INFO  | DNAudit | user=null | ip=null | op=WRITE_CHUNK {blockData=conID: 3 locID: 102665037702562445 bcsId: 4638} | ret=SUCCESS |  
2019-08-23 07:09:14,446 | INFO  | DNAudit | user=null | ip=null | op=WRITE_CHUNK {blockData=conID: 3 locID: 102665037702562445 bcsId: 4638} | ret=SUCCESS |  
2019-08-23 07:09:14,450 | INFO  | DNAudit | user=null | ip=null | op=WRITE_CHUNK {blockData=conID: 3 locID: 102665037702562445 bcsId: 4632} | ret=SUCCESS |  
2019-08-23 07:09:14,450 | INFO  | DNAudit | user=null | ip=null | op=WRITE_CHUNK {blockData=conID: 3 locID: 102665037702562445 bcsId: 4632} | ret=SUCCESS |  
2019-08-23 07:09:14,451 | INFO  | DNAudit | user=null | ip=null | op=PUT_BLOCK {blockData=[blockId=conID: 3 locID: 102665037702562445 bcsId: 0,size=3145728]} | ret=SUCCESS |  
2019-08-23 07:09:14,451 | INFO  | DNAudit | user=null | ip=null | op=PUT_BLOCK {blockData=[blockId=conID: 3 locID: 102665037702562445 bcsId: 0,size=3145728]} | ret=SUCCESS |  
2019-08-23 07:09:14,451 | INFO  | DNAudit | user=null | ip=null | op=WRITE_CHUNK {blockData=conID: 3 locID: 102665037702562445 bcsId: 4638} | ret=SUCCESS |  
2019-08-23 07:09:14,452 | INFO  | DNAudit | user=null | ip=null | op=PUT_BLOCK {blockData=[blockId=conID: 3 locID: 102665037702562445 bcsId: 0,size=4194304]} | ret=SUCCESS |  
2019-08-23 07:09:14,452 [grpc-default-executor-6] INFO  client.GrpcClientProtocolClient (GrpcClientProtocolClient.java:onNext(255)) - client-D91E5D1E15CE->f2ba01fc-a63e-4348-bd18-030b60a135e7: receive RaftClientReply:client-D91E5D1E15CE->f2ba01fc-a63e-4348-bd18-030b60a135e7@group-C8C62FEF0626, cid=3096, SUCCESS, logIndex=4641, commits[f2ba01fc-a63e-4348-bd18-030b60a135e7:c4642, eab135d4-a257-4705-b491-6c056b8c5df7:c4638, a4f67574-9018-43e7-8a54-351e98dc3d0a:c4638]
2019-08-23 07:09:14,452 [grpc-default-executor-6] INFO  client.GrpcClientProtocolClient (GrpcClientProtocolClient.java:onNext(255)) - client-D91E5D1E15CE->f2ba01fc-a63e-4348-bd18-030b60a135e7: receive RaftClientReply:client-D91E5D1E15CE->f2ba01fc-a63e-4348-bd18-030b60a135e7@group-C8C62FEF0626, cid=3097, SUCCESS, logIndex=4642, commits[f2ba01fc-a63e-4348-bd18-030b60a135e7:c4642, eab135d4-a257-4705-b491-6c056b8c5df7:c4638, a4f67574-9018-43e7-8a54-351e98dc3d0a:c4638]
2019-08-23 07:09:14,463 | INFO  | DNAudit | user=null | ip=null | op=WRITE_CHUNK {blockData=conID: 3 locID: 102665037702562445 bcsId: 4638} | ret=SUCCESS |  
2019-08-23 07:09:14,463 | INFO  | DNAudit | user=null | ip=null | op=WRITE_CHUNK {blockData=conID: 3 locID: 102665037702562445 bcsId: 4638} | ret=SUCCESS |  
2019-08-23 07:09:14,464 | INFO  | DNAudit | user=null | ip=null | op=PUT_BLOCK {blockData=[blockId=conID: 3 locID: 102665037702562445 bcsId: 0,size=4194304]} | ret=SUCCESS |  
2019-08-23 07:09:14,464 | INFO  | DNAudit | user=null | ip=null | op=PUT_BLOCK {blockData=[blockId=conID: 3 locID: 102665037702562445 bcsId: 0,size=4194304]} | ret=SUCCESS |  
2019-08-23 07:09:14,465 [grpc-default-executor-6] INFO  client.GrpcClientProtocolClient (GrpcClientProtocolClient.java:onNext(255)) - client-D91E5D1E15CE->f2ba01fc-a63e-4348-bd18-030b60a135e7: receive RaftClientReply:client-D91E5D1E15CE->f2ba01fc-a63e-4348-bd18-030b60a135e7@group-C8C62FEF0626, cid=3098, SUCCESS, logIndex=0, commits[f2ba01fc-a63e-4348-bd18-030b60a135e7:c4644, eab135d4-a257-4705-b491-6c056b8c5df7:c4642, a4f67574-9018-43e7-8a54-351e98dc3d0a:c4642]
2019-08-23 07:09:14,469 | INFO  | SCMAudit | user=jenkins1000 | ip=192.168.5.178 | op=ALLOCATE_BLOCK {owner=aaf04d22-10dd-4717-8862-c651bdde72cf, size=4194304, type=RATIS, factor=THREE} | ret=SUCCESS |  
2019-08-23 07:09:14,473 | INFO  | OMAudit | user=jenkins1000 | ip=127.0.0.1 | op=ALLOCATE_BLOCK {volume=vol-0-67663, bucket=bucket-0-68950, key=key-0-26970, dataSize=0, replicationType=null, replicationFactor=null, keyLocationInfo=null, clientID=102665036030476690} | ret=SUCCESS |  
2019-08-23 07:09:14,479 | INFO  | DNAudit | user=null | ip=null | op=WRITE_CHUNK {blockData=conID: 1 locID: 102665037707281038 bcsId: 0} | ret=SUCCESS |  
2019-08-23 07:09:14,480 | INFO  | DNAudit | user=null | ip=null | op=WRITE_CHUNK {blockData=conID: 1 locID: 102665037707281038 bcsId: 0} | ret=SUCCESS |  
2019-08-23 07:09:14,480 | INFO  | DNAudit | user=null | ip=null | op=WRITE_CHUNK {blockData=conID: 1 locID: 102665037707281038 bcsId: 0} | ret=SUCCESS |  
2019-08-23 07:09:14,481 | INFO  | DNAudit | user=null | ip=null | op=WRITE_CHUNK {blockData=conID: 1 locID: 102665037707281038 bcsId: 0} | ret=SUCCESS |  
2019-08-23 07:09:14,481 | INFO  | DNAudit | user=null | ip=null | op=WRITE_CHUNK {blockData=conID: 1 locID: 102665037707281038 bcsId: 0} | ret=SUCCESS |  
2019-08-23 07:09:14,482 | INFO  | DNAudit | user=null | ip=null | op=WRITE_CHUNK {blockData=conID: 1 locID: 102665037707281038 bcsId: 0} | ret=SUCCESS |  
2019-08-23 07:09:14,493 | INFO  | DNAudit | user=null | ip=null | op=WRITE_CHUNK {blockData=conID: 1 locID: 102665037707281038 bcsId: 0} | ret=SUCCESS |  
2019-08-23 07:09:14,493 | INFO  | DNAudit | user=null | ip=null | op=PUT_BLOCK {blockData=[blockId=conID: 1 locID: 102665037707281038 bcsId: 0,size=1048576]} | ret=SUCCESS |  
2019-08-23 07:09:14,493 | INFO  | DNAudit | user=null | ip=null | op=WRITE_CHUNK {blockData=conID: 1 locID: 102665037707281038 bcsId: 0} | ret=SUCCESS |  
2019-08-23 07:09:14,493 [grpc-default-executor-3] INFO  client.GrpcClientProtocolClient (GrpcClientProtocolClient.java:onNext(255)) - client-D91E5D1E15CE->f2ba01fc-a63e-4348-bd18-030b60a135e7: receive RaftClientReply:client-D91E5D1E15CE->f2ba01fc-a63e-4348-bd18-030b60a135e7@group-C8C62FEF0626, cid=3099, SUCCESS, logIndex=4645, commits[f2ba01fc-a63e-4348-bd18-030b60a135e7:c4647, eab135d4-a257-4705-b491-6c056b8c5df7:c4644, a4f67574-9018-43e7-8a54-351e98dc3d0a:c4644]
2019-08-23 07:09:14,494 | INFO  | DNAudit | user=null | ip=null | op=PUT_BLOCK {blockData=[blockId=conID: 1 locID: 102665037707281038 bcsId: 0,size=2097152]} | ret=SUCCESS |  
2019-08-23 07:09:14,494 [grpc-default-executor-3] INFO  client.GrpcClientProtocolClient (GrpcClientProtocolClient.java:onNext(255)) - client-D91E5D1E15CE->f2ba01fc-a63e-4348-bd18-030b60a135e7: receive RaftClientReply:client-D91E5D1E15CE->f2ba01fc-a63e-4348-bd18-030b60a135e7@group-C8C62FEF0626, cid=3100, SUCCESS, logIndex=4646, commits[f2ba01fc-a63e-4348-bd18-030b60a135e7:c4648, eab135d4-a257-4705-b491-6c056b8c5df7:c4644, a4f67574-9018-43e7-8a54-351e98dc3d0a:c4644]
2019-08-23 07:09:14,494 [grpc-default-executor-3] INFO  client.GrpcClientProtocolClient (GrpcClientProtocolClient.java:onNext(255)) - client-D91E5D1E15CE->f2ba01fc-a63e-4348-bd18-030b60a135e7: receive RaftClientReply:client-D91E5D1E15CE->f2ba01fc-a63e-4348-bd18-030b60a135e7@group-C8C62FEF0626, cid=3101, SUCCESS, logIndex=4647, commits[f2ba01fc-a63e-4348-bd18-030b60a135e7:c4648, eab135d4-a257-4705-b491-6c056b8c5df7:c4644, a4f67574-9018-43e7-8a54-351e98dc3d0a:c4644]
2019-08-23 07:09:14,494 [grpc-default-executor-3] INFO  client.GrpcClientProtocolClient (GrpcClientProtocolClient.java:onNext(255)) - client-D91E5D1E15CE->f2ba01fc-a63e-4348-bd18-030b60a135e7: receive RaftClientReply:client-D91E5D1E15CE->f2ba01fc-a63e-4348-bd18-030b60a135e7@group-C8C62FEF0626, cid=3102, SUCCESS, logIndex=4648, commits[f2ba01fc-a63e-4348-bd18-030b60a135e7:c4648, eab135d4-a257-4705-b491-6c056b8c5df7:c4644, a4f67574-9018-43e7-8a54-351e98dc3d0a:c4644]
2019-08-23 07:09:14,504 | INFO  | DNAudit | user=null | ip=null | op=WRITE_CHUNK {blockData=conID: 1 locID: 102665037707281038 bcsId: 0} | ret=SUCCESS |  
2019-08-23 07:09:14,504 | INFO  | DNAudit | user=null | ip=null | op=WRITE_CHUNK {blockData=conID: 1 locID: 102665037707281038 bcsId: 0} | ret=SUCCESS |  
2019-08-23 07:09:14,504 | INFO  | DNAudit | user=null | ip=null | op=PUT_BLOCK {blockData=[blockId=conID: 1 locID: 102665037707281038 bcsId: 0,size=1048576]} | ret=SUCCESS |  
2019-08-23 07:09:14,505 | INFO  | DNAudit | user=null | ip=null | op=WRITE_CHUNK {blockData=conID: 1 locID: 102665037707281038 bcsId: 0} | ret=SUCCESS |  
2019-08-23 07:09:14,506 | INFO  | DNAudit | user=null | ip=null | op=PUT_BLOCK {blockData=[blockId=conID: 1 locID: 102665037707281038 bcsId: 0,size=1048576]} | ret=SUCCESS |  
2019-08-23 07:09:14,506 | INFO  | DNAudit | user=null | ip=null | op=PUT_BLOCK {blockData=[blockId=conID: 1 locID: 102665037707281038 bcsId: 0,size=2097152]} | ret=SUCCESS |  
2019-08-23 07:09:14,506 | INFO  | DNAudit | user=null | ip=null | op=WRITE_CHUNK {blockData=conID: 1 locID: 102665037707281038 bcsId: 0} | ret=SUCCESS |  
2019-08-23 07:09:14,506 | INFO  | DNAudit | user=null | ip=null | op=PUT_BLOCK {blockData=[blockId=conID: 1 locID: 102665037707281038 bcsId: 0,size=2097152]} | ret=SUCCESS |  
2019-08-23 07:09:14,506 [grpc-default-executor-3] INFO  client.GrpcClientProtocolClient (GrpcClientProtocolClient.java:onNext(255)) - client-D91E5D1E15CE->f2ba01fc-a63e-4348-bd18-030b60a135e7: receive RaftClientReply:client-D91E5D1E15CE->f2ba01fc-a63e-4348-bd18-030b60a135e7@group-C8C62FEF0626, cid=3103, SUCCESS, logIndex=0, commits[f2ba01fc-a63e-4348-bd18-030b60a135e7:c4651, eab135d4-a257-4705-b491-6c056b8c5df7:c4648, a4f67574-9018-43e7-8a54-351e98dc3d0a:c4647]
2019-08-23 07:09:14,511 | INFO  | DNAudit | user=null | ip=null | op=WRITE_CHUNK {blockData=conID: 1 locID: 102665037707281038 bcsId: 4648} | ret=SUCCESS |  
2019-08-23 07:09:14,513 | INFO  | DNAudit | user=null | ip=null | op=WRITE_CHUNK {blockData=conID: 1 locID: 102665037707281038 bcsId: 4648} | ret=SUCCESS |  
2019-08-23 07:09:14,513 | INFO  | DNAudit | user=null | ip=null | op=WRITE_CHUNK {blockData=conID: 1 locID: 102665037707281038 bcsId: 4648} | ret=SUCCESS |  
2019-08-23 07:09:14,523 | INFO  | DNAudit | user=null | ip=null | op=WRITE_CHUNK {blockData=conID: 1 locID: 102665037707281038 bcsId: 4648} | ret=SUCCESS |  
2019-08-23 07:09:14,591 | INFO  | DNAudit | user=null | ip=null | op=PUT_BLOCK {blockData=[blockId=conID: 1 locID: 102665037707281038 bcsId: 0,size=3145728]} | ret=SUCCESS |  
2019-08-23 07:09:14,591 [grpc-default-executor-6] INFO  client.GrpcClientProtocolClient (GrpcClientProtocolClient.java:onNext(255)) - client-D91E5D1E15CE->f2ba01fc-a63e-4348-bd18-030b60a135e7: receive RaftClientReply:client-D91E5D1E15CE->f2ba01fc-a63e-4348-bd18-030b60a135e7@group-C8C62FEF0626, cid=3104, SUCCESS, logIndex=4653, commits[f2ba01fc-a63e-4348-bd18-030b60a135e7:c4654, eab135d4-a257-4705-b491-6c056b8c5df7:c4652, a4f67574-9018-43e7-8a54-351e98dc3d0a:c4652]
2019-08-23 07:09:14,591 | INFO  | DNAudit | user=null | ip=null | op=WRITE_CHUNK {blockData=conID: 1 locID: 102665037707281038 bcsId: 4648} | ret=SUCCESS |  
2019-08-23 07:09:14,592 | INFO  | DNAudit | user=null | ip=null | op=WRITE_CHUNK {blockData=conID: 1 locID: 102665037707281038 bcsId: 4648} | ret=SUCCESS |  
2019-08-23 07:09:14,592 [grpc-default-executor-6] INFO  client.GrpcClientProtocolClient (GrpcClientProtocolClient.java:onNext(255)) - client-D91E5D1E15CE->f2ba01fc-a63e-4348-bd18-030b60a135e7: receive RaftClientReply:client-D91E5D1E15CE->f2ba01fc-a63e-4348-bd18-030b60a135e7@group-C8C62FEF0626, cid=3105, SUCCESS, logIndex=4654, commits[f2ba01fc-a63e-4348-bd18-030b60a135e7:c4654, eab135d4-a257-4705-b491-6c056b8c5df7:c4652, a4f67574-9018-43e7-8a54-351e98dc3d0a:c4652]
2019-08-23 07:09:14,598 | INFO  | DNAudit | user=null | ip=null | op=WRITE_CHUNK {blockData=conID: 1 locID: 102665037707281038 bcsId: 4654} | ret=SUCCESS |  
2019-08-23 07:09:14,600 | INFO  | DNAudit | user=null | ip=null | op=WRITE_CHUNK {blockData=conID: 1 locID: 102665037707281038 bcsId: 4654} | ret=SUCCESS |  
2019-08-23 07:09:14,600 | INFO  | DNAudit | user=null | ip=null | op=WRITE_CHUNK {blockData=conID: 1 locID: 102665037707281038 bcsId: 4654} | ret=SUCCESS |  
2019-08-23 07:09:14,603 | INFO  | DNAudit | user=null | ip=null | op=PUT_BLOCK {blockData=[blockId=conID: 1 locID: 102665037707281038 bcsId: 0,size=3145728]} | ret=SUCCESS |  
2019-08-23 07:09:14,603 | INFO  | DNAudit | user=null | ip=null | op=PUT_BLOCK {blockData=[blockId=conID: 1 locID: 102665037707281038 bcsId: 0,size=3145728]} | ret=SUCCESS |  
2019-08-23 07:09:14,604 | INFO  | DNAudit | user=null | ip=null | op=WRITE_CHUNK {blockData=conID: 1 locID: 102665037707281038 bcsId: 4654} | ret=SUCCESS |  
2019-08-23 07:09:14,604 | INFO  | DNAudit | user=null | ip=null | op=PUT_BLOCK {blockData=[blockId=conID: 1 locID: 102665037707281038 bcsId: 0,size=4194304]} | ret=SUCCESS |  
2019-08-23 07:09:14,605 [grpc-default-executor-0] INFO  client.GrpcClientProtocolClient (GrpcClientProtocolClient.java:onNext(255)) - client-D91E5D1E15CE->f2ba01fc-a63e-4348-bd18-030b60a135e7: receive RaftClientReply:client-D91E5D1E15CE->f2ba01fc-a63e-4348-bd18-030b60a135e7@group-C8C62FEF0626, cid=3106, SUCCESS, logIndex=4657, commits[f2ba01fc-a63e-4348-bd18-030b60a135e7:c4658, eab135d4-a257-4705-b491-6c056b8c5df7:c4655, a4f67574-9018-43e7-8a54-351e98dc3d0a:c4655]
2019-08-23 07:09:14,605 [grpc-default-executor-0] INFO  client.GrpcClientProtocolClient (GrpcClientProtocolClient.java:onNext(255)) - client-D91E5D1E15CE->f2ba01fc-a63e-4348-bd18-030b60a135e7: receive RaftClientReply:client-D91E5D1E15CE->f2ba01fc-a63e-4348-bd18-030b60a135e7@group-C8C62FEF0626, cid=3107, SUCCESS, logIndex=4658, commits[f2ba01fc-a63e-4348-bd18-030b60a135e7:c4658, eab135d4-a257-4705-b491-6c056b8c5df7:c4655, a4f67574-9018-43e7-8a54-351e98dc3d0a:c4655]
2019-08-23 07:09:14,616 | INFO  | DNAudit | user=null | ip=null | op=WRITE_CHUNK {blockData=conID: 1 locID: 102665037707281038 bcsId: 4654} | ret=SUCCESS |  
2019-08-23 07:09:14,616 | INFO  | DNAudit | user=null | ip=null | op=WRITE_CHUNK {blockData=conID: 1 locID: 102665037707281038 bcsId: 4654} | ret=SUCCESS |  
2019-08-23 07:09:14,617 | INFO  | DNAudit | user=null | ip=null | op=PUT_BLOCK {blockData=[blockId=conID: 1 locID: 102665037707281038 bcsId: 0,size=4194304]} | ret=SUCCESS |  
2019-08-23 07:09:14,617 | INFO  | DNAudit | user=null | ip=null | op=PUT_BLOCK {blockData=[blockId=conID: 1 locID: 102665037707281038 bcsId: 0,size=4194304]} | ret=SUCCESS |  
2019-08-23 07:09:14,618 [grpc-default-executor-0] INFO  client.GrpcClientProtocolClient (GrpcClientProtocolClient.java:onNext(255)) - client-D91E5D1E15CE->f2ba01fc-a63e-4348-bd18-030b60a135e7: receive RaftClientReply:client-D91E5D1E15CE->f2ba01fc-a63e-4348-bd18-030b60a135e7@group-C8C62FEF0626, cid=3108, SUCCESS, logIndex=0, commits[f2ba01fc-a63e-4348-bd18-030b60a135e7:c4660, eab135d4-a257-4705-b491-6c056b8c5df7:c4658, a4f67574-9018-43e7-8a54-351e98dc3d0a:c4658]
2019-08-23 07:09:14,623 | INFO  | SCMAudit | user=jenkins1000 | ip=192.168.5.178 | op=ALLOCATE_BLOCK {owner=aaf04d22-10dd-4717-8862-c651bdde72cf, size=4194304, type=RATIS, factor=THREE} | ret=SUCCESS |  
2019-08-23 07:09:14,627 | INFO  | OMAudit | user=jenkins1000 | ip=127.0.0.1 | op=ALLOCATE_BLOCK {volume=vol-0-67663, bucket=bucket-0-68950, key=key-0-26970, dataSize=0, replicationType=null, replicationFactor=null, keyLocationInfo=null, clientID=102665036030476690} | ret=SUCCESS |  
2019-08-23 07:09:14,634 | INFO  | DNAudit | user=null | ip=null | op=WRITE_CHUNK {blockData=conID: 2 locID: 102665037717373583 bcsId: 0} | ret=SUCCESS |  
2019-08-23 07:09:14,635 | INFO  | DNAudit | user=null | ip=null | op=WRITE_CHUNK {blockData=conID: 2 locID: 102665037717373583 bcsId: 0} | ret=SUCCESS |  
2019-08-23 07:09:14,636 | INFO  | DNAudit | user=null | ip=null | op=WRITE_CHUNK {blockData=conID: 2 locID: 102665037717373583 bcsId: 0} | ret=SUCCESS |  
2019-08-23 07:09:14,637 | INFO  | DNAudit | user=null | ip=null | op=WRITE_CHUNK {blockData=conID: 2 locID: 102665037717373583 bcsId: 0} | ret=SUCCESS |  
2019-08-23 07:09:14,638 | INFO  | DNAudit | user=null | ip=null | op=WRITE_CHUNK {blockData=conID: 2 locID: 102665037717373583 bcsId: 0} | ret=SUCCESS |  
2019-08-23 07:09:14,639 | INFO  | DNAudit | user=null | ip=null | op=WRITE_CHUNK {blockData=conID: 2 locID: 102665037717373583 bcsId: 0} | ret=SUCCESS |  
2019-08-23 07:09:14,641 | INFO  | DNAudit | user=null | ip=null | op=WRITE_CHUNK {blockData=conID: 2 locID: 102665037717373583 bcsId: 0} | ret=SUCCESS |  
2019-08-23 07:09:14,641 | INFO  | DNAudit | user=null | ip=null | op=PUT_BLOCK {blockData=[blockId=conID: 2 locID: 102665037717373583 bcsId: 0,size=1048576]} | ret=SUCCESS |  
2019-08-23 07:09:14,641 | INFO  | DNAudit | user=null | ip=null | op=WRITE_CHUNK {blockData=conID: 2 locID: 102665037717373583 bcsId: 0} | ret=SUCCESS |  
2019-08-23 07:09:14,641 [grpc-default-executor-3] INFO  client.GrpcClientProtocolClient (GrpcClientProtocolClient.java:onNext(255)) - client-D91E5D1E15CE->f2ba01fc-a63e-4348-bd18-030b60a135e7: receive RaftClientReply:client-D91E5D1E15CE->f2ba01fc-a63e-4348-bd18-030b60a135e7@group-C8C62FEF0626, cid=3109, SUCCESS, logIndex=4661, commits[f2ba01fc-a63e-4348-bd18-030b60a135e7:c4664, eab135d4-a257-4705-b491-6c056b8c5df7:c4660, a4f67574-9018-43e7-8a54-351e98dc3d0a:c4658]
2019-08-23 07:09:14,641 | INFO  | DNAudit | user=null | ip=null | op=PUT_BLOCK {blockData=[blockId=conID: 2 locID: 102665037717373583 bcsId: 0,size=2097152]} | ret=SUCCESS |  
2019-08-23 07:09:14,642 [grpc-default-executor-3] INFO  client.GrpcClientProtocolClient (GrpcClientProtocolClient.java:onNext(255)) - client-D91E5D1E15CE->f2ba01fc-a63e-4348-bd18-030b60a135e7: receive RaftClientReply:client-D91E5D1E15CE->f2ba01fc-a63e-4348-bd18-030b60a135e7@group-C8C62FEF0626, cid=3110, SUCCESS, logIndex=4662, commits[f2ba01fc-a63e-4348-bd18-030b60a135e7:c4664, eab135d4-a257-4705-b491-6c056b8c5df7:c4660, a4f67574-9018-43e7-8a54-351e98dc3d0a:c4660]
2019-08-23 07:09:14,642 [grpc-default-executor-3] INFO  client.GrpcClientProtocolClient (GrpcClientProtocolClient.java:onNext(255)) - client-D91E5D1E15CE->f2ba01fc-a63e-4348-bd18-030b60a135e7: receive RaftClientReply:client-D91E5D1E15CE->f2ba01fc-a63e-4348-bd18-030b60a135e7@group-C8C62FEF0626, cid=3111, SUCCESS, logIndex=4663, commits[f2ba01fc-a63e-4348-bd18-030b60a135e7:c4664, eab135d4-a257-4705-b491-6c056b8c5df7:c4660, a4f67574-9018-43e7-8a54-351e98dc3d0a:c4660]
2019-08-23 07:09:14,642 | INFO  | DNAudit | user=null | ip=null | op=WRITE_CHUNK {blockData=conID: 2 locID: 102665037717373583 bcsId: 0} | ret=SUCCESS |  
2019-08-23 07:09:14,642 [grpc-default-executor-4] INFO  client.GrpcClientProtocolClient (GrpcClientProtocolClient.java:onNext(255)) - client-D91E5D1E15CE->f2ba01fc-a63e-4348-bd18-030b60a135e7: receive RaftClientReply:client-D91E5D1E15CE->f2ba01fc-a63e-4348-bd18-030b60a135e7@group-C8C62FEF0626, cid=3112, SUCCESS, logIndex=4664, commits[f2ba01fc-a63e-4348-bd18-030b60a135e7:c4664, eab135d4-a257-4705-b491-6c056b8c5df7:c4660, a4f67574-9018-43e7-8a54-351e98dc3d0a:c4660]
2019-08-23 07:09:14,642 | INFO  | DNAudit | user=null | ip=null | op=PUT_BLOCK {blockData=[blockId=conID: 2 locID: 102665037717373583 bcsId: 0,size=1048576]} | ret=SUCCESS |  
2019-08-23 07:09:14,642 | INFO  | DNAudit | user=null | ip=null | op=WRITE_CHUNK {blockData=conID: 2 locID: 102665037717373583 bcsId: 0} | ret=SUCCESS |  
2019-08-23 07:09:14,643 | INFO  | DNAudit | user=null | ip=null | op=PUT_BLOCK {blockData=[blockId=conID: 2 locID: 102665037717373583 bcsId: 0,size=1048576]} | ret=SUCCESS |  
2019-08-23 07:09:14,643 | INFO  | DNAudit | user=null | ip=null | op=WRITE_CHUNK {blockData=conID: 2 locID: 102665037717373583 bcsId: 0} | ret=SUCCESS |  
2019-08-23 07:09:14,643 | INFO  | DNAudit | user=null | ip=null | op=PUT_BLOCK {blockData=[blockId=conID: 2 locID: 102665037717373583 bcsId: 0,size=2097152]} | ret=SUCCESS |  
2019-08-23 07:09:14,643 | INFO  | DNAudit | user=null | ip=null | op=WRITE_CHUNK {blockData=conID: 2 locID: 102665037717373583 bcsId: 0} | ret=SUCCESS |  
2019-08-23 07:09:14,643 [grpc-default-executor-4] INFO  client.GrpcClientProtocolClient (GrpcClientProtocolClient.java:onNext(255)) - client-D91E5D1E15CE->f2ba01fc-a63e-4348-bd18-030b60a135e7: receive RaftClientReply:client-D91E5D1E15CE->f2ba01fc-a63e-4348-bd18-030b60a135e7@group-C8C62FEF0626, cid=3113, SUCCESS, logIndex=0, commits[f2ba01fc-a63e-4348-bd18-030b60a135e7:c4665, eab135d4-a257-4705-b491-6c056b8c5df7:c4662, a4f67574-9018-43e7-8a54-351e98dc3d0a:c4662]
2019-08-23 07:09:14,643 | INFO  | DNAudit | user=null | ip=null | op=PUT_BLOCK {blockData=[blockId=conID: 2 locID: 102665037717373583 bcsId: 0,size=2097152]} | ret=SUCCESS |  
2019-08-23 07:09:14,648 | INFO  | DNAudit | user=null | ip=null | op=WRITE_CHUNK {blockData=conID: 2 locID: 102665037717373583 bcsId: 4664} | ret=SUCCESS |  
2019-08-23 07:09:14,651 | INFO  | DNAudit | user=null | ip=null | op=WRITE_CHUNK {blockData=conID: 2 locID: 102665037717373583 bcsId: 4664} | ret=SUCCESS |  
2019-08-23 07:09:14,651 | INFO  | DNAudit | user=null | ip=null | op=WRITE_CHUNK {blockData=conID: 2 locID: 102665037717373583 bcsId: 4664} | ret=SUCCESS |  
2019-08-23 07:09:14,656 | INFO  | DNAudit | user=null | ip=null | op=WRITE_CHUNK {blockData=conID: 2 locID: 102665037717373583 bcsId: 4664} | ret=SUCCESS |  
2019-08-23 07:09:14,656 | INFO  | DNAudit | user=null | ip=null | op=PUT_BLOCK {blockData=[blockId=conID: 2 locID: 102665037717373583 bcsId: 0,size=3145728]} | ret=SUCCESS |  
2019-08-23 07:09:14,656 [grpc-default-executor-0] INFO  client.GrpcClientProtocolClient (GrpcClientProtocolClient.java:onNext(255)) - client-D91E5D1E15CE->f2ba01fc-a63e-4348-bd18-030b60a135e7: receive RaftClientReply:client-D91E5D1E15CE->f2ba01fc-a63e-4348-bd18-030b60a135e7@group-C8C62FEF0626, cid=3114, SUCCESS, logIndex=4669, commits[f2ba01fc-a63e-4348-bd18-030b60a135e7:c4670, eab135d4-a257-4705-b491-6c056b8c5df7:c4668, a4f67574-9018-43e7-8a54-351e98dc3d0a:c4668]
2019-08-23 07:09:14,656 [grpc-default-executor-0] INFO  client.GrpcClientProtocolClient (GrpcClientProtocolClient.java:onNext(255)) - client-D91E5D1E15CE->f2ba01fc-a63e-4348-bd18-030b60a135e7: receive RaftClientReply:client-D91E5D1E15CE->f2ba01fc-a63e-4348-bd18-030b60a135e7@group-C8C62FEF0626, cid=3115, SUCCESS, logIndex=4670, commits[f2ba01fc-a63e-4348-bd18-030b60a135e7:c4670, eab135d4-a257-4705-b491-6c056b8c5df7:c4668, a4f67574-9018-43e7-8a54-351e98dc3d0a:c4668]
2019-08-23 07:09:14,662 | INFO  | DNAudit | user=null | ip=null | op=WRITE_CHUNK {blockData=conID: 2 locID: 102665037717373583 bcsId: 4670} | ret=SUCCESS |  
2019-08-23 07:09:14,663 | INFO  | DNAudit | user=null | ip=null | op=WRITE_CHUNK {blockData=conID: 2 locID: 102665037717373583 bcsId: 4670} | ret=SUCCESS |  
2019-08-23 07:09:14,664 | INFO  | DNAudit | user=null | ip=null | op=WRITE_CHUNK {blockData=conID: 2 locID: 102665037717373583 bcsId: 4670} | ret=SUCCESS |  
2019-08-23 07:09:14,667 | INFO  | DNAudit | user=null | ip=null | op=WRITE_CHUNK {blockData=conID: 2 locID: 102665037717373583 bcsId: 4664} | ret=SUCCESS |  
2019-08-23 07:09:14,668 | INFO  | DNAudit | user=null | ip=null | op=WRITE_CHUNK {blockData=conID: 2 locID: 102665037717373583 bcsId: 4664} | ret=SUCCESS |  
2019-08-23 07:09:14,669 | INFO  | DNAudit | user=null | ip=null | op=PUT_BLOCK {blockData=[blockId=conID: 2 locID: 102665037717373583 bcsId: 0,size=3145728]} | ret=SUCCESS |  
2019-08-23 07:09:14,669 | INFO  | DNAudit | user=null | ip=null | op=PUT_BLOCK {blockData=[blockId=conID: 2 locID: 102665037717373583 bcsId: 0,size=3145728]} | ret=SUCCESS |  
2019-08-23 07:09:14,669 | INFO  | DNAudit | user=null | ip=null | op=WRITE_CHUNK {blockData=conID: 2 locID: 102665037717373583 bcsId: 4670} | ret=SUCCESS |  
2019-08-23 07:09:14,669 | INFO  | DNAudit | user=null | ip=null | op=PUT_BLOCK {blockData=[blockId=conID: 2 locID: 102665037717373583 bcsId: 0,size=4194304]} | ret=SUCCESS |  
2019-08-23 07:09:14,669 [grpc-default-executor-3] INFO  client.GrpcClientProtocolClient (GrpcClientProtocolClient.java:onNext(255)) - client-D91E5D1E15CE->f2ba01fc-a63e-4348-bd18-030b60a135e7: receive RaftClientReply:client-D91E5D1E15CE->f2ba01fc-a63e-4348-bd18-030b60a135e7@group-C8C62FEF0626, cid=3116, SUCCESS, logIndex=4673, commits[f2ba01fc-a63e-4348-bd18-030b60a135e7:c4674, eab135d4-a257-4705-b491-6c056b8c5df7:c4670, a4f67574-9018-43e7-8a54-351e98dc3d0a:c4670]
2019-08-23 07:09:14,670 [grpc-default-executor-3] INFO  client.GrpcClientProtocolClient (GrpcClientProtocolClient.java:onNext(255)) - client-D91E5D1E15CE->f2ba01fc-a63e-4348-bd18-030b60a135e7: receive RaftClientReply:client-D91E5D1E15CE->f2ba01fc-a63e-4348-bd18-030b60a135e7@group-C8C62FEF0626, cid=3117, SUCCESS, logIndex=4674, commits[f2ba01fc-a63e-4348-bd18-030b60a135e7:c4674, eab135d4-a257-4705-b491-6c056b8c5df7:c4670, a4f67574-9018-43e7-8a54-351e98dc3d0a:c4670]
2019-08-23 07:09:14,681 | INFO  | DNAudit | user=null | ip=null | op=WRITE_CHUNK {blockData=conID: 2 locID: 102665037717373583 bcsId: 4670} | ret=SUCCESS |  
2019-08-23 07:09:14,681 | INFO  | DNAudit | user=null | ip=null | op=WRITE_CHUNK {blockData=conID: 2 locID: 102665037717373583 bcsId: 4670} | ret=SUCCESS |  
2019-08-23 07:09:14,682 | INFO  | DNAudit | user=null | ip=null | op=PUT_BLOCK {blockData=[blockId=conID: 2 locID: 102665037717373583 bcsId: 0,size=4194304]} | ret=SUCCESS |  
2019-08-23 07:09:14,682 | INFO  | DNAudit | user=null | ip=null | op=PUT_BLOCK {blockData=[blockId=conID: 2 locID: 102665037717373583 bcsId: 0,size=4194304]} | ret=SUCCESS |  
2019-08-23 07:09:14,682 [grpc-default-executor-3] INFO  client.GrpcClientProtocolClient (GrpcClientProtocolClient.java:onNext(255)) - client-D91E5D1E15CE->f2ba01fc-a63e-4348-bd18-030b60a135e7: receive RaftClientReply:client-D91E5D1E15CE->f2ba01fc-a63e-4348-bd18-030b60a135e7@group-C8C62FEF0626, cid=3118, SUCCESS, logIndex=0, commits[f2ba01fc-a63e-4348-bd18-030b60a135e7:c4676, eab135d4-a257-4705-b491-6c056b8c5df7:c4674, a4f67574-9018-43e7-8a54-351e98dc3d0a:c4674]
2019-08-23 07:09:14,687 | INFO  | SCMAudit | user=jenkins1000 | ip=192.168.5.178 | op=ALLOCATE_BLOCK {owner=aaf04d22-10dd-4717-8862-c651bdde72cf, size=4194304, type=RATIS, factor=THREE} | ret=SUCCESS |  
2019-08-23 07:09:14,690 | INFO  | OMAudit | user=jenkins1000 | ip=127.0.0.1 | op=ALLOCATE_BLOCK {volume=vol-0-67663, bucket=bucket-0-68950, key=key-0-26970, dataSize=0, replicationType=null, replicationFactor=null, keyLocationInfo=null, clientID=102665036030476690} | ret=SUCCESS |  
2019-08-23 07:09:14,696 | INFO  | DNAudit | user=null | ip=null | op=WRITE_CHUNK {blockData=conID: 3 locID: 102665037721567888 bcsId: 0} | ret=SUCCESS |  
2019-08-23 07:09:14,698 | INFO  | DNAudit | user=null | ip=null | op=WRITE_CHUNK {blockData=conID: 3 locID: 102665037721567888 bcsId: 0} | ret=SUCCESS |  
2019-08-23 07:09:14,698 | INFO  | DNAudit | user=null | ip=null | op=WRITE_CHUNK {blockData=conID: 3 locID: 102665037721567888 bcsId: 0} | ret=SUCCESS |  
2019-08-23 07:09:14,698 | INFO  | DNAudit | user=null | ip=null | op=WRITE_CHUNK {blockData=conID: 3 locID: 102665037721567888 bcsId: 0} | ret=SUCCESS |  
2019-08-23 07:09:14,699 | INFO  | DNAudit | user=null | ip=null | op=WRITE_CHUNK {blockData=conID: 3 locID: 102665037721567888 bcsId: 0} | ret=SUCCESS |  
2019-08-23 07:09:14,700 | INFO  | DNAudit | user=null | ip=null | op=WRITE_CHUNK {blockData=conID: 3 locID: 102665037721567888 bcsId: 0} | ret=SUCCESS |  
2019-08-23 07:09:14,713 | INFO  | DNAudit | user=null | ip=null | op=WRITE_CHUNK {blockData=conID: 3 locID: 102665037721567888 bcsId: 0} | ret=SUCCESS |  
2019-08-23 07:09:14,714 | INFO  | DNAudit | user=null | ip=null | op=PUT_BLOCK {blockData=[blockId=conID: 3 locID: 102665037721567888 bcsId: 0,size=1048576]} | ret=SUCCESS |  
2019-08-23 07:09:14,714 [grpc-default-executor-0] INFO  client.GrpcClientProtocolClient (GrpcClientProtocolClient.java:onNext(255)) - client-D91E5D1E15CE->f2ba01fc-a63e-4348-bd18-030b60a135e7: receive RaftClientReply:client-D91E5D1E15CE->f2ba01fc-a63e-4348-bd18-030b60a135e7@group-C8C62FEF0626, cid=3119, SUCCESS, logIndex=4677, commits[f2ba01fc-a63e-4348-bd18-030b60a135e7:c4679, eab135d4-a257-4705-b491-6c056b8c5df7:c4676, a4f67574-9018-43e7-8a54-351e98dc3d0a:c4676]
2019-08-23 07:09:14,714 | INFO  | DNAudit | user=null | ip=null | op=WRITE_CHUNK {blockData=conID: 3 locID: 102665037721567888 bcsId: 0} | ret=SUCCESS |  
2019-08-23 07:09:14,714 | INFO  | DNAudit | user=null | ip=null | op=WRITE_CHUNK {blockData=conID: 3 locID: 102665037721567888 bcsId: 0} | ret=SUCCESS |  
2019-08-23 07:09:14,714 | INFO  | DNAudit | user=null | ip=null | op=WRITE_CHUNK {blockData=conID: 3 locID: 102665037721567888 bcsId: 0} | ret=SUCCESS |  
2019-08-23 07:09:14,714 [grpc-default-executor-3] INFO  client.GrpcClientProtocolClient (GrpcClientProtocolClient.java:onNext(255)) - client-D91E5D1E15CE->f2ba01fc-a63e-4348-bd18-030b60a135e7: receive RaftClientReply:client-D91E5D1E15CE->f2ba01fc-a63e-4348-bd18-030b60a135e7@group-C8C62FEF0626, cid=3120, SUCCESS, logIndex=4678, commits[f2ba01fc-a63e-4348-bd18-030b60a135e7:c4680, eab135d4-a257-4705-b491-6c056b8c5df7:c4676, a4f67574-9018-43e7-8a54-351e98dc3d0a:c4676]
2019-08-23 07:09:14,714 | INFO  | DNAudit | user=null | ip=null | op=PUT_BLOCK {blockData=[blockId=conID: 3 locID: 102665037721567888 bcsId: 0,size=1048576]} | ret=SUCCESS |  
2019-08-23 07:09:14,714 | INFO  | DNAudit | user=null | ip=null | op=PUT_BLOCK {blockData=[blockId=conID: 3 locID: 102665037721567888 bcsId: 0,size=1048576]} | ret=SUCCESS |  
2019-08-23 07:09:14,714 | INFO  | DNAudit | user=null | ip=null | op=PUT_BLOCK {blockData=[blockId=conID: 3 locID: 102665037721567888 bcsId: 0,size=2097152]} | ret=SUCCESS |  
2019-08-23 07:09:14,715 [grpc-default-executor-3] INFO  client.GrpcClientProtocolClient (GrpcClientProtocolClient.java:onNext(255)) - client-D91E5D1E15CE->f2ba01fc-a63e-4348-bd18-030b60a135e7: receive RaftClientReply:client-D91E5D1E15CE->f2ba01fc-a63e-4348-bd18-030b60a135e7@group-C8C62FEF0626, cid=3121, SUCCESS, logIndex=4679, commits[f2ba01fc-a63e-4348-bd18-030b60a135e7:c4680, eab135d4-a257-4705-b491-6c056b8c5df7:c4676, a4f67574-9018-43e7-8a54-351e98dc3d0a:c4676]
2019-08-23 07:09:14,715 | INFO  | DNAudit | user=null | ip=null | op=WRITE_CHUNK {blockData=conID: 3 locID: 102665037721567888 bcsId: 0} | ret=SUCCESS |  
2019-08-23 07:09:14,715 | INFO  | DNAudit | user=null | ip=null | op=PUT_BLOCK {blockData=[blockId=conID: 3 locID: 102665037721567888 bcsId: 0,size=2097152]} | ret=SUCCESS |  
2019-08-23 07:09:14,715 [grpc-default-executor-0] INFO  client.GrpcClientProtocolClient (GrpcClientProtocolClient.java:onNext(255)) - client-D91E5D1E15CE->f2ba01fc-a63e-4348-bd18-030b60a135e7: receive RaftClientReply:client-D91E5D1E15CE->f2ba01fc-a63e-4348-bd18-030b60a135e7@group-C8C62FEF0626, cid=3122, SUCCESS, logIndex=4680, commits[f2ba01fc-a63e-4348-bd18-030b60a135e7:c4681, eab135d4-a257-4705-b491-6c056b8c5df7:c4678, a4f67574-9018-43e7-8a54-351e98dc3d0a:c4678]
2019-08-23 07:09:14,715 | INFO  | DNAudit | user=null | ip=null | op=WRITE_CHUNK {blockData=conID: 3 locID: 102665037721567888 bcsId: 0} | ret=SUCCESS |  
2019-08-23 07:09:14,715 | INFO  | DNAudit | user=null | ip=null | op=PUT_BLOCK {blockData=[blockId=conID: 3 locID: 102665037721567888 bcsId: 0,size=2097152]} | ret=SUCCESS |  
2019-08-23 07:09:14,720 | INFO  | DNAudit | user=null | ip=null | op=WRITE_CHUNK {blockData=conID: 3 locID: 102665037721567888 bcsId: 4680} | ret=SUCCESS |  
2019-08-23 07:09:14,722 | INFO  | DNAudit | user=null | ip=null | op=WRITE_CHUNK {blockData=conID: 3 locID: 102665037721567888 bcsId: 4680} | ret=SUCCESS |  
2019-08-23 07:09:14,722 | INFO  | DNAudit | user=null | ip=null | op=WRITE_CHUNK {blockData=conID: 3 locID: 102665037721567888 bcsId: 4680} | ret=SUCCESS |  
2019-08-23 07:09:14,732 | INFO  | DNAudit | user=null | ip=null | op=WRITE_CHUNK {blockData=conID: 3 locID: 102665037721567888 bcsId: 4680} | ret=SUCCESS |  
2019-08-23 07:09:14,733 | INFO  | DNAudit | user=null | ip=null | op=PUT_BLOCK {blockData=[blockId=conID: 3 locID: 102665037721567888 bcsId: 0,size=3145728]} | ret=SUCCESS |  
2019-08-23 07:09:14,733 [grpc-default-executor-0] INFO  client.GrpcClientProtocolClient (GrpcClientProtocolClient.java:onNext(255)) - client-D91E5D1E15CE->f2ba01fc-a63e-4348-bd18-030b60a135e7: receive RaftClientReply:client-D91E5D1E15CE->f2ba01fc-a63e-4348-bd18-030b60a135e7@group-C8C62FEF0626, cid=3123, SUCCESS, logIndex=4684, commits[f2ba01fc-a63e-4348-bd18-030b60a135e7:c4685, eab135d4-a257-4705-b491-6c056b8c5df7:c4683, a4f67574-9018-43e7-8a54-351e98dc3d0a:c4683]
2019-08-23 07:09:14,733 [grpc-default-executor-0] INFO  client.GrpcClientProtocolClient (GrpcClientProtocolClient.java:onNext(255)) - client-D91E5D1E15CE->f2ba01fc-a63e-4348-bd18-030b60a135e7: receive RaftClientReply:client-D91E5D1E15CE->f2ba01fc-a63e-4348-bd18-030b60a135e7@group-C8C62FEF0626, cid=3124, SUCCESS, logIndex=4685, commits[f2ba01fc-a63e-4348-bd18-030b60a135e7:c4685, eab135d4-a257-4705-b491-6c056b8c5df7:c4683, a4f67574-9018-43e7-8a54-351e98dc3d0a:c4683]
2019-08-23 07:09:14,734 | INFO  | DNAudit | user=null | ip=null | op=WRITE_CHUNK {blockData=conID: 3 locID: 102665037721567888 bcsId: 4680} | ret=SUCCESS |  
2019-08-23 07:09:14,734 | INFO  | DNAudit | user=null | ip=null | op=WRITE_CHUNK {blockData=conID: 3 locID: 102665037721567888 bcsId: 4680} | ret=SUCCESS |  
2019-08-23 07:09:14,735 | INFO  | DNAudit | user=null | ip=null | op=PUT_BLOCK {blockData=[blockId=conID: 3 locID: 102665037721567888 bcsId: 0,size=3145728]} | ret=SUCCESS |  
2019-08-23 07:09:14,735 | INFO  | DNAudit | user=null | ip=null | op=PUT_BLOCK {blockData=[blockId=conID: 3 locID: 102665037721567888 bcsId: 0,size=3145728]} | ret=SUCCESS |  
2019-08-23 07:09:14,738 | INFO  | DNAudit | user=null | ip=null | op=WRITE_CHUNK {blockData=conID: 3 locID: 102665037721567888 bcsId: 4685} | ret=SUCCESS |  
2019-08-23 07:09:14,740 | INFO  | DNAudit | user=null | ip=null | op=WRITE_CHUNK {blockData=conID: 3 locID: 102665037721567888 bcsId: 4685} | ret=SUCCESS |  
2019-08-23 07:09:14,740 | INFO  | DNAudit | user=null | ip=null | op=WRITE_CHUNK {blockData=conID: 3 locID: 102665037721567888 bcsId: 4685} | ret=SUCCESS |  
2019-08-23 07:09:14,750 | INFO  | DNAudit | user=null | ip=null | op=WRITE_CHUNK {blockData=conID: 3 locID: 102665037721567888 bcsId: 4685} | ret=SUCCESS |  
2019-08-23 07:09:14,751 | INFO  | DNAudit | user=null | ip=null | op=PUT_BLOCK {blockData=[blockId=conID: 3 locID: 102665037721567888 bcsId: 0,size=4194304]} | ret=SUCCESS |  
2019-08-23 07:09:14,751 [grpc-default-executor-0] INFO  client.GrpcClientProtocolClient (GrpcClientProtocolClient.java:onNext(255)) - client-D91E5D1E15CE->f2ba01fc-a63e-4348-bd18-030b60a135e7: receive RaftClientReply:client-D91E5D1E15CE->f2ba01fc-a63e-4348-bd18-030b60a135e7@group-C8C62FEF0626, cid=3125, SUCCESS, logIndex=4688, commits[f2ba01fc-a63e-4348-bd18-030b60a135e7:c4689, eab135d4-a257-4705-b491-6c056b8c5df7:c4687, a4f67574-9018-43e7-8a54-351e98dc3d0a:c4687]
2019-08-23 07:09:14,751 [grpc-default-executor-0] INFO  client.GrpcClientProtocolClient (GrpcClientProtocolClient.java:onNext(255)) - client-D91E5D1E15CE->f2ba01fc-a63e-4348-bd18-030b60a135e7: receive RaftClientReply:client-D91E5D1E15CE->f2ba01fc-a63e-4348-bd18-030b60a135e7@group-C8C62FEF0626, cid=3126, SUCCESS, logIndex=4689, commits[f2ba01fc-a63e-4348-bd18-030b60a135e7:c4689, eab135d4-a257-4705-b491-6c056b8c5df7:c4687, a4f67574-9018-43e7-8a54-351e98dc3d0a:c4687]
2019-08-23 07:09:14,752 | INFO  | DNAudit | user=null | ip=null | op=WRITE_CHUNK {blockData=conID: 3 locID: 102665037721567888 bcsId: 4685} | ret=SUCCESS |  
2019-08-23 07:09:14,752 | INFO  | DNAudit | user=null | ip=null | op=WRITE_CHUNK {blockData=conID: 3 locID: 102665037721567888 bcsId: 4685} | ret=SUCCESS |  
2019-08-23 07:09:14,753 | INFO  | DNAudit | user=null | ip=null | op=PUT_BLOCK {blockData=[blockId=conID: 3 locID: 102665037721567888 bcsId: 0,size=4194304]} | ret=SUCCESS |  
2019-08-23 07:09:14,753 | INFO  | DNAudit | user=null | ip=null | op=PUT_BLOCK {blockData=[blockId=conID: 3 locID: 102665037721567888 bcsId: 0,size=4194304]} | ret=SUCCESS |  
2019-08-23 07:09:14,753 [grpc-default-executor-4] INFO  client.GrpcClientProtocolClient (GrpcClientProtocolClient.java:onNext(255)) - client-D91E5D1E15CE->f2ba01fc-a63e-4348-bd18-030b60a135e7: receive RaftClientReply:client-D91E5D1E15CE->f2ba01fc-a63e-4348-bd18-030b60a135e7@group-C8C62FEF0626, cid=3127, SUCCESS, logIndex=0, commits[f2ba01fc-a63e-4348-bd18-030b60a135e7:c4691, eab135d4-a257-4705-b491-6c056b8c5df7:c4689, a4f67574-9018-43e7-8a54-351e98dc3d0a:c4689]
2019-08-23 07:09:14,759 | INFO  | SCMAudit | user=jenkins1000 | ip=192.168.5.178 | op=ALLOCATE_BLOCK {owner=aaf04d22-10dd-4717-8862-c651bdde72cf, size=4194304, type=RATIS, factor=THREE} | ret=SUCCESS |  
2019-08-23 07:09:14,763 | INFO  | OMAudit | user=jenkins1000 | ip=127.0.0.1 | op=ALLOCATE_BLOCK {volume=vol-0-67663, bucket=bucket-0-68950, key=key-0-26970, dataSize=0, replicationType=null, replicationFactor=null, keyLocationInfo=null, clientID=102665036030476690} | ret=SUCCESS |  
2019-08-23 07:09:14,769 | INFO  | DNAudit | user=null | ip=null | op=WRITE_CHUNK {blockData=conID: 1 locID: 102665037726286481 bcsId: 0} | ret=SUCCESS |  
2019-08-23 07:09:14,771 | INFO  | DNAudit | user=null | ip=null | op=WRITE_CHUNK {blockData=conID: 1 locID: 102665037726286481 bcsId: 0} | ret=SUCCESS |  
2019-08-23 07:09:14,771 | INFO  | DNAudit | user=null | ip=null | op=WRITE_CHUNK {blockData=conID: 1 locID: 102665037726286481 bcsId: 0} | ret=SUCCESS |  
2019-08-23 07:09:14,772 | INFO  | DNAudit | user=null | ip=null | op=WRITE_CHUNK {blockData=conID: 1 locID: 102665037726286481 bcsId: 0} | ret=SUCCESS |  
2019-08-23 07:09:14,773 | INFO  | DNAudit | user=null | ip=null | op=WRITE_CHUNK {blockData=conID: 1 locID: 102665037726286481 bcsId: 0} | ret=SUCCESS |  
2019-08-23 07:09:14,773 | INFO  | DNAudit | user=null | ip=null | op=WRITE_CHUNK {blockData=conID: 1 locID: 102665037726286481 bcsId: 0} | ret=SUCCESS |  
2019-08-23 07:09:14,781 | INFO  | DNAudit | user=null | ip=null | op=WRITE_CHUNK {blockData=conID: 1 locID: 102665037726286481 bcsId: 0} | ret=SUCCESS |  
2019-08-23 07:09:14,782 | INFO  | DNAudit | user=null | ip=null | op=PUT_BLOCK {blockData=[blockId=conID: 1 locID: 102665037726286481 bcsId: 0,size=1048576]} | ret=SUCCESS |  
2019-08-23 07:09:14,782 [grpc-default-executor-6] INFO  client.GrpcClientProtocolClient (GrpcClientProtocolClient.java:onNext(255)) - client-D91E5D1E15CE->f2ba01fc-a63e-4348-bd18-030b60a135e7: receive RaftClientReply:client-D91E5D1E15CE->f2ba01fc-a63e-4348-bd18-030b60a135e7@group-C8C62FEF0626, cid=3128, SUCCESS, logIndex=4692, commits[f2ba01fc-a63e-4348-bd18-030b60a135e7:c4693, eab135d4-a257-4705-b491-6c056b8c5df7:c4691, a4f67574-9018-43e7-8a54-351e98dc3d0a:c4691]
2019-08-23 07:09:14,782 | INFO  | DNAudit | user=null | ip=null | op=WRITE_CHUNK {blockData=conID: 1 locID: 102665037726286481 bcsId: 0} | ret=SUCCESS |  
2019-08-23 07:09:14,782 [grpc-default-executor-6] INFO  client.GrpcClientProtocolClient (GrpcClientProtocolClient.java:onNext(255)) - client-D91E5D1E15CE->f2ba01fc-a63e-4348-bd18-030b60a135e7: receive RaftClientReply:client-D91E5D1E15CE->f2ba01fc-a63e-4348-bd18-030b60a135e7@group-C8C62FEF0626, cid=3129, SUCCESS, logIndex=4693, commits[f2ba01fc-a63e-4348-bd18-030b60a135e7:c4695, eab135d4-a257-4705-b491-6c056b8c5df7:c4691, a4f67574-9018-43e7-8a54-351e98dc3d0a:c4691]
2019-08-23 07:09:14,782 | INFO  | DNAudit | user=null | ip=null | op=PUT_BLOCK {blockData=[blockId=conID: 1 locID: 102665037726286481 bcsId: 0,size=2097152]} | ret=SUCCESS |  
2019-08-23 07:09:14,783 | INFO  | DNAudit | user=null | ip=null | op=WRITE_CHUNK {blockData=conID: 1 locID: 102665037726286481 bcsId: 0} | ret=SUCCESS |  
2019-08-23 07:09:14,782 [grpc-default-executor-4] INFO  client.GrpcClientProtocolClient (GrpcClientProtocolClient.java:onNext(255)) - client-D91E5D1E15CE->f2ba01fc-a63e-4348-bd18-030b60a135e7: receive RaftClientReply:client-D91E5D1E15CE->f2ba01fc-a63e-4348-bd18-030b60a135e7@group-C8C62FEF0626, cid=3130, SUCCESS, logIndex=4694, commits[f2ba01fc-a63e-4348-bd18-030b60a135e7:c4695, eab135d4-a257-4705-b491-6c056b8c5df7:c4691, a4f67574-9018-43e7-8a54-351e98dc3d0a:c4691]
2019-08-23 07:09:14,783 [grpc-default-executor-4] INFO  client.GrpcClientProtocolClient (GrpcClientProtocolClient.java:onNext(255)) - client-D91E5D1E15CE->f2ba01fc-a63e-4348-bd18-030b60a135e7: receive RaftClientReply:client-D91E5D1E15CE->f2ba01fc-a63e-4348-bd18-030b60a135e7@group-C8C62FEF0626, cid=3131, SUCCESS, logIndex=4695, commits[f2ba01fc-a63e-4348-bd18-030b60a135e7:c4695, eab135d4-a257-4705-b491-6c056b8c5df7:c4691, a4f67574-9018-43e7-8a54-351e98dc3d0a:c4691]
2019-08-23 07:09:14,783 | INFO  | DNAudit | user=null | ip=null | op=WRITE_CHUNK {blockData=conID: 1 locID: 102665037726286481 bcsId: 0} | ret=SUCCESS |  
2019-08-23 07:09:14,783 | INFO  | DNAudit | user=null | ip=null | op=PUT_BLOCK {blockData=[blockId=conID: 1 locID: 102665037726286481 bcsId: 0,size=1048576]} | ret=SUCCESS |  
2019-08-23 07:09:14,784 | INFO  | DNAudit | user=null | ip=null | op=WRITE_CHUNK {blockData=conID: 1 locID: 102665037726286481 bcsId: 0} | ret=SUCCESS |  
2019-08-23 07:09:14,784 | INFO  | DNAudit | user=null | ip=null | op=PUT_BLOCK {blockData=[blockId=conID: 1 locID: 102665037726286481 bcsId: 0,size=1048576]} | ret=SUCCESS |  
2019-08-23 07:09:14,784 | INFO  | DNAudit | user=null | ip=null | op=WRITE_CHUNK {blockData=conID: 1 locID: 102665037726286481 bcsId: 0} | ret=SUCCESS |  
2019-08-23 07:09:14,784 [grpc-default-executor-0] INFO  client.GrpcClientProtocolClient (GrpcClientProtocolClient.java:onNext(255)) - client-D91E5D1E15CE->f2ba01fc-a63e-4348-bd18-030b60a135e7: receive RaftClientReply:client-D91E5D1E15CE->f2ba01fc-a63e-4348-bd18-030b60a135e7@group-C8C62FEF0626, cid=3132, SUCCESS, logIndex=0, commits[f2ba01fc-a63e-4348-bd18-030b60a135e7:c4698, eab135d4-a257-4705-b491-6c056b8c5df7:c4694, a4f67574-9018-43e7-8a54-351e98dc3d0a:c4693]
2019-08-23 07:09:14,784 | INFO  | DNAudit | user=null | ip=null | op=PUT_BLOCK {blockData=[blockId=conID: 1 locID: 102665037726286481 bcsId: 0,size=2097152]} | ret=SUCCESS |  
2019-08-23 07:09:14,785 | INFO  | DNAudit | user=null | ip=null | op=PUT_BLOCK {blockData=[blockId=conID: 1 locID: 102665037726286481 bcsId: 0,size=2097152]} | ret=SUCCESS |  
2019-08-23 07:09:14,790 | INFO  | DNAudit | user=null | ip=null | op=WRITE_CHUNK {blockData=conID: 1 locID: 102665037726286481 bcsId: 4695} | ret=SUCCESS |  
2019-08-23 07:09:14,792 | INFO  | DNAudit | user=null | ip=null | op=WRITE_CHUNK {blockData=conID: 1 locID: 102665037726286481 bcsId: 4695} | ret=SUCCESS |  
2019-08-23 07:09:14,792 | INFO  | DNAudit | user=null | ip=null | op=WRITE_CHUNK {blockData=conID: 1 locID: 102665037726286481 bcsId: 4695} | ret=SUCCESS |  
2019-08-23 07:09:14,802 | INFO  | DNAudit | user=null | ip=null | op=WRITE_CHUNK {blockData=conID: 1 locID: 102665037726286481 bcsId: 4695} | ret=SUCCESS |  
2019-08-23 07:09:14,802 | INFO  | DNAudit | user=null | ip=null | op=PUT_BLOCK {blockData=[blockId=conID: 1 locID: 102665037726286481 bcsId: 0,size=3145728]} | ret=SUCCESS |  
2019-08-23 07:09:14,802 [grpc-default-executor-4] INFO  client.GrpcClientProtocolClient (GrpcClientProtocolClient.java:onNext(255)) - client-D91E5D1E15CE->f2ba01fc-a63e-4348-bd18-030b60a135e7: receive RaftClientReply:client-D91E5D1E15CE->f2ba01fc-a63e-4348-bd18-030b60a135e7@group-C8C62FEF0626, cid=3133, SUCCESS, logIndex=4700, commits[f2ba01fc-a63e-4348-bd18-030b60a135e7:c4701, eab135d4-a257-4705-b491-6c056b8c5df7:c4699, a4f67574-9018-43e7-8a54-351e98dc3d0a:c4699]
2019-08-23 07:09:14,803 [grpc-default-executor-4] INFO  client.GrpcClientProtocolClient (GrpcClientProtocolClient.java:onNext(255)) - client-D91E5D1E15CE->f2ba01fc-a63e-4348-bd18-030b60a135e7: receive RaftClientReply:client-D91E5D1E15CE->f2ba01fc-a63e-4348-bd18-030b60a135e7@group-C8C62FEF0626, cid=3134, SUCCESS, logIndex=4701, commits[f2ba01fc-a63e-4348-bd18-030b60a135e7:c4701, eab135d4-a257-4705-b491-6c056b8c5df7:c4699, a4f67574-9018-43e7-8a54-351e98dc3d0a:c4699]
2019-08-23 07:09:14,807 | INFO  | DNAudit | user=null | ip=null | op=WRITE_CHUNK {blockData=conID: 1 locID: 102665037726286481 bcsId: 4701} | ret=SUCCESS |  
2019-08-23 07:09:14,809 | INFO  | DNAudit | user=null | ip=null | op=WRITE_CHUNK {blockData=conID: 1 locID: 102665037726286481 bcsId: 4701} | ret=SUCCESS |  
2019-08-23 07:09:14,809 | INFO  | DNAudit | user=null | ip=null | op=WRITE_CHUNK {blockData=conID: 1 locID: 102665037726286481 bcsId: 4701} | ret=SUCCESS |  
2019-08-23 07:09:14,813 | INFO  | DNAudit | user=null | ip=null | op=WRITE_CHUNK {blockData=conID: 1 locID: 102665037726286481 bcsId: 4695} | ret=SUCCESS |  
2019-08-23 07:09:14,815 | INFO  | DNAudit | user=null | ip=null | op=PUT_BLOCK {blockData=[blockId=conID: 1 locID: 102665037726286481 bcsId: 0,size=3145728]} | ret=SUCCESS |  
2019-08-23 07:09:14,815 | INFO  | DNAudit | user=null | ip=null | op=WRITE_CHUNK {blockData=conID: 1 locID: 102665037726286481 bcsId: 4701} | ret=SUCCESS |  
2019-08-23 07:09:14,815 | INFO  | DNAudit | user=null | ip=null | op=PUT_BLOCK {blockData=[blockId=conID: 1 locID: 102665037726286481 bcsId: 0,size=4194304]} | ret=SUCCESS |  
2019-08-23 07:09:14,816 [grpc-default-executor-6] INFO  client.GrpcClientProtocolClient (GrpcClientProtocolClient.java:onNext(255)) - client-D91E5D1E15CE->f2ba01fc-a63e-4348-bd18-030b60a135e7: receive RaftClientReply:client-D91E5D1E15CE->f2ba01fc-a63e-4348-bd18-030b60a135e7@group-C8C62FEF0626, cid=3135, SUCCESS, logIndex=4704, commits[f2ba01fc-a63e-4348-bd18-030b60a135e7:c4705, eab135d4-a257-4705-b491-6c056b8c5df7:c4701, a4f67574-9018-43e7-8a54-351e98dc3d0a:c4701]
2019-08-23 07:09:14,816 [grpc-default-executor-6] INFO  client.GrpcClientProtocolClient (GrpcClientProtocolClient.java:onNext(255)) - client-D91E5D1E15CE->f2ba01fc-a63e-4348-bd18-030b60a135e7: receive RaftClientReply:client-D91E5D1E15CE->f2ba01fc-a63e-4348-bd18-030b60a135e7@group-C8C62FEF0626, cid=3136, SUCCESS, logIndex=4705, commits[f2ba01fc-a63e-4348-bd18-030b60a135e7:c4705, eab135d4-a257-4705-b491-6c056b8c5df7:c4701, a4f67574-9018-43e7-8a54-351e98dc3d0a:c4701]
2019-08-23 07:09:14,816 | INFO  | DNAudit | user=null | ip=null | op=WRITE_CHUNK {blockData=conID: 1 locID: 102665037726286481 bcsId: 4695} | ret=SUCCESS |  
2019-08-23 07:09:14,816 | INFO  | DNAudit | user=null | ip=null | op=PUT_BLOCK {blockData=[blockId=conID: 1 locID: 102665037726286481 bcsId: 0,size=3145728]} | ret=SUCCESS |  
2019-08-23 07:09:14,827 | INFO  | DNAudit | user=null | ip=null | op=WRITE_CHUNK {blockData=conID: 1 locID: 102665037726286481 bcsId: 4701} | ret=SUCCESS |  
2019-08-23 07:09:14,828 | INFO  | DNAudit | user=null | ip=null | op=PUT_BLOCK {blockData=[blockId=conID: 1 locID: 102665037726286481 bcsId: 0,size=4194304]} | ret=SUCCESS |  
2019-08-23 07:09:14,828 | INFO  | DNAudit | user=null | ip=null | op=WRITE_CHUNK {blockData=conID: 1 locID: 102665037726286481 bcsId: 4701} | ret=SUCCESS |  
2019-08-23 07:09:14,829 | INFO  | DNAudit | user=null | ip=null | op=PUT_BLOCK {blockData=[blockId=conID: 1 locID: 102665037726286481 bcsId: 0,size=4194304]} | ret=SUCCESS |  
2019-08-23 07:09:14,829 [grpc-default-executor-6] INFO  client.GrpcClientProtocolClient (GrpcClientProtocolClient.java:onNext(255)) - client-D91E5D1E15CE->f2ba01fc-a63e-4348-bd18-030b60a135e7: receive RaftClientReply:client-D91E5D1E15CE->f2ba01fc-a63e-4348-bd18-030b60a135e7@group-C8C62FEF0626, cid=3137, SUCCESS, logIndex=0, commits[f2ba01fc-a63e-4348-bd18-030b60a135e7:c4706, eab135d4-a257-4705-b491-6c056b8c5df7:c4705, a4f67574-9018-43e7-8a54-351e98dc3d0a:c4705]
2019-08-23 07:09:14,836 | INFO  | SCMAudit | user=jenkins1000 | ip=192.168.5.178 | op=ALLOCATE_BLOCK {owner=aaf04d22-10dd-4717-8862-c651bdde72cf, size=4194304, type=RATIS, factor=THREE} | ret=SUCCESS |  
2019-08-23 07:09:14,841 | INFO  | OMAudit | user=jenkins1000 | ip=127.0.0.1 | op=ALLOCATE_BLOCK {volume=vol-0-67663, bucket=bucket-0-68950, key=key-0-26970, dataSize=0, replicationType=null, replicationFactor=null, keyLocationInfo=null, clientID=102665036030476690} | ret=SUCCESS |  
2019-08-23 07:09:14,846 | INFO  | DNAudit | user=null | ip=null | op=WRITE_CHUNK {blockData=conID: 2 locID: 102665037731332754 bcsId: 0} | ret=SUCCESS |  
2019-08-23 07:09:14,849 | INFO  | DNAudit | user=null | ip=null | op=WRITE_CHUNK {blockData=conID: 2 locID: 102665037731332754 bcsId: 0} | ret=SUCCESS |  
2019-08-23 07:09:14,849 | INFO  | DNAudit | user=null | ip=null | op=WRITE_CHUNK {blockData=conID: 2 locID: 102665037731332754 bcsId: 0} | ret=SUCCESS |  
2019-08-23 07:09:14,849 | INFO  | DNAudit | user=null | ip=null | op=WRITE_CHUNK {blockData=conID: 2 locID: 102665037731332754 bcsId: 0} | ret=SUCCESS |  
2019-08-23 07:09:14,850 | INFO  | DNAudit | user=null | ip=null | op=WRITE_CHUNK {blockData=conID: 2 locID: 102665037731332754 bcsId: 0} | ret=SUCCESS |  
2019-08-23 07:09:14,850 | INFO  | DNAudit | user=null | ip=null | op=WRITE_CHUNK {blockData=conID: 2 locID: 102665037731332754 bcsId: 0} | ret=SUCCESS |  
2019-08-23 07:09:14,859 | INFO  | DNAudit | user=null | ip=null | op=WRITE_CHUNK {blockData=conID: 2 locID: 102665037731332754 bcsId: 0} | ret=SUCCESS |  
2019-08-23 07:09:14,859 | INFO  | DNAudit | user=null | ip=null | op=PUT_BLOCK {blockData=[blockId=conID: 2 locID: 102665037731332754 bcsId: 0,size=1048576]} | ret=SUCCESS |  
2019-08-23 07:09:14,860 | INFO  | DNAudit | user=null | ip=null | op=WRITE_CHUNK {blockData=conID: 2 locID: 102665037731332754 bcsId: 0} | ret=SUCCESS |  
2019-08-23 07:09:14,859 [grpc-default-executor-6] INFO  client.GrpcClientProtocolClient (GrpcClientProtocolClient.java:onNext(255)) - client-D91E5D1E15CE->f2ba01fc-a63e-4348-bd18-030b60a135e7: receive RaftClientReply:client-D91E5D1E15CE->f2ba01fc-a63e-4348-bd18-030b60a135e7@group-C8C62FEF0626, cid=3138, SUCCESS, logIndex=4708, commits[f2ba01fc-a63e-4348-bd18-030b60a135e7:c4710, eab135d4-a257-4705-b491-6c056b8c5df7:c4707, a4f67574-9018-43e7-8a54-351e98dc3d0a:c4707]
2019-08-23 07:09:14,860 | INFO  | DNAudit | user=null | ip=null | op=PUT_BLOCK {blockData=[blockId=conID: 2 locID: 102665037731332754 bcsId: 0,size=2097152]} | ret=SUCCESS |  
2019-08-23 07:09:14,860 [grpc-default-executor-6] INFO  client.GrpcClientProtocolClient (GrpcClientProtocolClient.java:onNext(255)) - client-D91E5D1E15CE->f2ba01fc-a63e-4348-bd18-030b60a135e7: receive RaftClientReply:client-D91E5D1E15CE->f2ba01fc-a63e-4348-bd18-030b60a135e7@group-C8C62FEF0626, cid=3139, SUCCESS, logIndex=4709, commits[f2ba01fc-a63e-4348-bd18-030b60a135e7:c4711, eab135d4-a257-4705-b491-6c056b8c5df7:c4707, a4f67574-9018-43e7-8a54-351e98dc3d0a:c4707]
2019-08-23 07:09:14,860 [grpc-default-executor-6] INFO  client.GrpcClientProtocolClient (GrpcClientProtocolClient.java:onNext(255)) - client-D91E5D1E15CE->f2ba01fc-a63e-4348-bd18-030b60a135e7: receive RaftClientReply:client-D91E5D1E15CE->f2ba01fc-a63e-4348-bd18-030b60a135e7@group-C8C62FEF0626, cid=3140, SUCCESS, logIndex=4710, commits[f2ba01fc-a63e-4348-bd18-030b60a135e7:c4711, eab135d4-a257-4705-b491-6c056b8c5df7:c4707, a4f67574-9018-43e7-8a54-351e98dc3d0a:c4707]
2019-08-23 07:09:14,860 [grpc-default-executor-6] INFO  client.GrpcClientProtocolClient (GrpcClientProtocolClient.java:onNext(255)) - client-D91E5D1E15CE->f2ba01fc-a63e-4348-bd18-030b60a135e7: receive RaftClientReply:client-D91E5D1E15CE->f2ba01fc-a63e-4348-bd18-030b60a135e7@group-C8C62FEF0626, cid=3141, SUCCESS, logIndex=4711, commits[f2ba01fc-a63e-4348-bd18-030b60a135e7:c4711, eab135d4-a257-4705-b491-6c056b8c5df7:c4707, a4f67574-9018-43e7-8a54-351e98dc3d0a:c4707]
2019-08-23 07:09:14,861 | INFO  | DNAudit | user=null | ip=null | op=WRITE_CHUNK {blockData=conID: 2 locID: 102665037731332754 bcsId: 0} | ret=SUCCESS |  
2019-08-23 07:09:14,861 | INFO  | DNAudit | user=null | ip=null | op=PUT_BLOCK {blockData=[blockId=conID: 2 locID: 102665037731332754 bcsId: 0,size=1048576]} | ret=SUCCESS |  
2019-08-23 07:09:14,861 | INFO  | DNAudit | user=null | ip=null | op=WRITE_CHUNK {blockData=conID: 2 locID: 102665037731332754 bcsId: 0} | ret=SUCCESS |  
2019-08-23 07:09:14,861 | INFO  | DNAudit | user=null | ip=null | op=WRITE_CHUNK {blockData=conID: 2 locID: 102665037731332754 bcsId: 0} | ret=SUCCESS |  
2019-08-23 07:09:14,861 | INFO  | DNAudit | user=null | ip=null | op=PUT_BLOCK {blockData=[blockId=conID: 2 locID: 102665037731332754 bcsId: 0,size=1048576]} | ret=SUCCESS |  
2019-08-23 07:09:14,862 [grpc-default-executor-6] INFO  client.GrpcClientProtocolClient (GrpcClientProtocolClient.java:onNext(255)) - client-D91E5D1E15CE->f2ba01fc-a63e-4348-bd18-030b60a135e7: receive RaftClientReply:client-D91E5D1E15CE->f2ba01fc-a63e-4348-bd18-030b60a135e7@group-C8C62FEF0626, cid=3142, SUCCESS, logIndex=0, commits[f2ba01fc-a63e-4348-bd18-030b60a135e7:c4713, eab135d4-a257-4705-b491-6c056b8c5df7:c4710, a4f67574-9018-43e7-8a54-351e98dc3d0a:c4709]
2019-08-23 07:09:14,862 | INFO  | DNAudit | user=null | ip=null | op=PUT_BLOCK {blockData=[blockId=conID: 2 locID: 102665037731332754 bcsId: 0,size=2097152]} | ret=SUCCESS |  
2019-08-23 07:09:14,863 | INFO  | DNAudit | user=null | ip=null | op=WRITE_CHUNK {blockData=conID: 2 locID: 102665037731332754 bcsId: 0} | ret=SUCCESS |  
2019-08-23 07:09:14,863 | INFO  | DNAudit | user=null | ip=null | op=PUT_BLOCK {blockData=[blockId=conID: 2 locID: 102665037731332754 bcsId: 0,size=2097152]} | ret=SUCCESS |  
2019-08-23 07:09:14,867 | INFO  | DNAudit | user=null | ip=null | op=WRITE_CHUNK {blockData=conID: 2 locID: 102665037731332754 bcsId: 4711} | ret=SUCCESS |  
2019-08-23 07:09:14,869 | INFO  | DNAudit | user=null | ip=null | op=WRITE_CHUNK {blockData=conID: 2 locID: 102665037731332754 bcsId: 4711} | ret=SUCCESS |  
2019-08-23 07:09:14,869 | INFO  | DNAudit | user=null | ip=null | op=WRITE_CHUNK {blockData=conID: 2 locID: 102665037731332754 bcsId: 4711} | ret=SUCCESS |  
2019-08-23 07:09:14,871 | INFO  | DNAudit | user=null | ip=null | op=WRITE_CHUNK {blockData=conID: 2 locID: 102665037731332754 bcsId: 4711} | ret=SUCCESS |  
2019-08-23 07:09:14,872 | INFO  | DNAudit | user=null | ip=null | op=PUT_BLOCK {blockData=[blockId=conID: 2 locID: 102665037731332754 bcsId: 0,size=3145728]} | ret=SUCCESS |  
2019-08-23 07:09:14,872 [grpc-default-executor-4] INFO  client.GrpcClientProtocolClient (GrpcClientProtocolClient.java:onNext(255)) - client-D91E5D1E15CE->f2ba01fc-a63e-4348-bd18-030b60a135e7: receive RaftClientReply:client-D91E5D1E15CE->f2ba01fc-a63e-4348-bd18-030b60a135e7@group-C8C62FEF0626, cid=3143, SUCCESS, logIndex=4716, commits[f2ba01fc-a63e-4348-bd18-030b60a135e7:c4717, eab135d4-a257-4705-b491-6c056b8c5df7:c4715, a4f67574-9018-43e7-8a54-351e98dc3d0a:c4715]
2019-08-23 07:09:14,872 [grpc-default-executor-4] INFO  client.GrpcClientProtocolClient (GrpcClientProtocolClient.java:onNext(255)) - client-D91E5D1E15CE->f2ba01fc-a63e-4348-bd18-030b60a135e7: receive RaftClientReply:client-D91E5D1E15CE->f2ba01fc-a63e-4348-bd18-030b60a135e7@group-C8C62FEF0626, cid=3144, SUCCESS, logIndex=4717, commits[f2ba01fc-a63e-4348-bd18-030b60a135e7:c4717, eab135d4-a257-4705-b491-6c056b8c5df7:c4715, a4f67574-9018-43e7-8a54-351e98dc3d0a:c4715]
2019-08-23 07:09:14,873 | INFO  | DNAudit | user=null | ip=null | op=WRITE_CHUNK {blockData=conID: 2 locID: 102665037731332754 bcsId: 4711} | ret=SUCCESS |  
2019-08-23 07:09:14,873 | INFO  | DNAudit | user=null | ip=null | op=PUT_BLOCK {blockData=[blockId=conID: 2 locID: 102665037731332754 bcsId: 0,size=3145728]} | ret=SUCCESS |  
2019-08-23 07:09:14,873 | INFO  | DNAudit | user=null | ip=null | op=WRITE_CHUNK {blockData=conID: 2 locID: 102665037731332754 bcsId: 4711} | ret=SUCCESS |  
2019-08-23 07:09:14,873 | INFO  | DNAudit | user=null | ip=null | op=PUT_BLOCK {blockData=[blockId=conID: 2 locID: 102665037731332754 bcsId: 0,size=3145728]} | ret=SUCCESS |  
2019-08-23 07:09:14,877 | INFO  | DNAudit | user=null | ip=null | op=WRITE_CHUNK {blockData=conID: 2 locID: 102665037731332754 bcsId: 4717} | ret=SUCCESS |  
2019-08-23 07:09:14,878 | INFO  | DNAudit | user=null | ip=null | op=WRITE_CHUNK {blockData=conID: 2 locID: 102665037731332754 bcsId: 4717} | ret=SUCCESS |  
2019-08-23 07:09:14,879 | INFO  | DNAudit | user=null | ip=null | op=WRITE_CHUNK {blockData=conID: 2 locID: 102665037731332754 bcsId: 4717} | ret=SUCCESS |  
2019-08-23 07:09:14,895 | INFO  | DNAudit | user=null | ip=null | op=WRITE_CHUNK {blockData=conID: 2 locID: 102665037731332754 bcsId: 4717} | ret=SUCCESS |  
2019-08-23 07:09:14,895 | INFO  | DNAudit | user=null | ip=null | op=PUT_BLOCK {blockData=[blockId=conID: 2 locID: 102665037731332754 bcsId: 0,size=4194304]} | ret=SUCCESS |  
2019-08-23 07:09:14,895 [grpc-default-executor-4] INFO  client.GrpcClientProtocolClient (GrpcClientProtocolClient.java:onNext(255)) - client-D91E5D1E15CE->f2ba01fc-a63e-4348-bd18-030b60a135e7: receive RaftClientReply:client-D91E5D1E15CE->f2ba01fc-a63e-4348-bd18-030b60a135e7@group-C8C62FEF0626, cid=3145, SUCCESS, logIndex=4719, commits[f2ba01fc-a63e-4348-bd18-030b60a135e7:c4720, eab135d4-a257-4705-b491-6c056b8c5df7:c4718, a4f67574-9018-43e7-8a54-351e98dc3d0a:c4718]
2019-08-23 07:09:14,895 [grpc-default-executor-4] INFO  client.GrpcClientProtocolClient (GrpcClientProtocolClient.java:onNext(255)) - client-D91E5D1E15CE->f2ba01fc-a63e-4348-bd18-030b60a135e7: receive RaftClientReply:client-D91E5D1E15CE->f2ba01fc-a63e-4348-bd18-030b60a135e7@group-C8C62FEF0626, cid=3146, SUCCESS, logIndex=4720, commits[f2ba01fc-a63e-4348-bd18-030b60a135e7:c4720, eab135d4-a257-4705-b491-6c056b8c5df7:c4718, a4f67574-9018-43e7-8a54-351e98dc3d0a:c4718]
2019-08-23 07:09:14,906 | INFO  | DNAudit | user=null | ip=null | op=WRITE_CHUNK {blockData=conID: 2 locID: 102665037731332754 bcsId: 4717} | ret=SUCCESS |  
2019-08-23 07:09:14,906 | INFO  | DNAudit | user=null | ip=null | op=WRITE_CHUNK {blockData=conID: 2 locID: 102665037731332754 bcsId: 4717} | ret=SUCCESS |  
2019-08-23 07:09:14,906 | INFO  | DNAudit | user=null | ip=null | op=PUT_BLOCK {blockData=[blockId=conID: 2 locID: 102665037731332754 bcsId: 0,size=4194304]} | ret=SUCCESS |  
2019-08-23 07:09:14,907 | INFO  | DNAudit | user=null | ip=null | op=PUT_BLOCK {blockData=[blockId=conID: 2 locID: 102665037731332754 bcsId: 0,size=4194304]} | ret=SUCCESS |  
2019-08-23 07:09:14,907 [grpc-default-executor-6] INFO  client.GrpcClientProtocolClient (GrpcClientProtocolClient.java:onNext(255)) - client-D91E5D1E15CE->f2ba01fc-a63e-4348-bd18-030b60a135e7: receive RaftClientReply:client-D91E5D1E15CE->f2ba01fc-a63e-4348-bd18-030b60a135e7@group-C8C62FEF0626, cid=3147, SUCCESS, logIndex=0, commits[f2ba01fc-a63e-4348-bd18-030b60a135e7:c4721, eab135d4-a257-4705-b491-6c056b8c5df7:c4720, a4f67574-9018-43e7-8a54-351e98dc3d0a:c4720]
2019-08-23 07:09:14,912 | INFO  | SCMAudit | user=jenkins1000 | ip=192.168.5.178 | op=ALLOCATE_BLOCK {owner=aaf04d22-10dd-4717-8862-c651bdde72cf, size=4194304, type=RATIS, factor=THREE} | ret=SUCCESS |  
2019-08-23 07:09:14,913 | INFO  | SCMAudit | user=jenkins1000 | ip=192.168.5.178 | op=SEND_HEARTBEAT {datanodeUUID=a4f67574-9018-43e7-8a54-351e98dc3d0a, command=[]} | ret=SUCCESS |  
2019-08-23 07:09:14,914 | INFO  | SCMAudit | user=jenkins1000 | ip=192.168.5.178 | op=SEND_HEARTBEAT {datanodeUUID=f2ba01fc-a63e-4348-bd18-030b60a135e7, command=[]} | ret=SUCCESS |  
2019-08-23 07:09:14,914 | INFO  | SCMAudit | user=jenkins1000 | ip=192.168.5.178 | op=SEND_HEARTBEAT {datanodeUUID=eab135d4-a257-4705-b491-6c056b8c5df7, command=[]} | ret=SUCCESS |  
2019-08-23 07:09:14,915 | INFO  | OMAudit | user=jenkins1000 | ip=127.0.0.1 | op=ALLOCATE_BLOCK {volume=vol-0-67663, bucket=bucket-0-68950, key=key-0-26970, dataSize=0, replicationType=null, replicationFactor=null, keyLocationInfo=null, clientID=102665036030476690} | ret=SUCCESS |  
2019-08-23 07:09:14,920 | INFO  | DNAudit | user=null | ip=null | op=WRITE_CHUNK {blockData=conID: 3 locID: 102665037736247955 bcsId: 0} | ret=SUCCESS |  
2019-08-23 07:09:14,922 | INFO  | DNAudit | user=null | ip=null | op=WRITE_CHUNK {blockData=conID: 3 locID: 102665037736247955 bcsId: 0} | ret=SUCCESS |  
2019-08-23 07:09:14,922 | INFO  | DNAudit | user=null | ip=null | op=WRITE_CHUNK {blockData=conID: 3 locID: 102665037736247955 bcsId: 0} | ret=SUCCESS |  
2019-08-23 07:09:14,923 | INFO  | DNAudit | user=null | ip=null | op=WRITE_CHUNK {blockData=conID: 3 locID: 102665037736247955 bcsId: 0} | ret=SUCCESS |  
2019-08-23 07:09:14,924 | INFO  | DNAudit | user=null | ip=null | op=WRITE_CHUNK {blockData=conID: 3 locID: 102665037736247955 bcsId: 0} | ret=SUCCESS |  
2019-08-23 07:09:14,924 | INFO  | DNAudit | user=null | ip=null | op=WRITE_CHUNK {blockData=conID: 3 locID: 102665037736247955 bcsId: 0} | ret=SUCCESS |  
2019-08-23 07:09:14,932 | INFO  | DNAudit | user=null | ip=null | op=WRITE_CHUNK {blockData=conID: 3 locID: 102665037736247955 bcsId: 0} | ret=SUCCESS |  
2019-08-23 07:09:14,933 | INFO  | DNAudit | user=null | ip=null | op=PUT_BLOCK {blockData=[blockId=conID: 3 locID: 102665037736247955 bcsId: 0,size=1048576]} | ret=SUCCESS |  
2019-08-23 07:09:14,933 [grpc-default-executor-6] INFO  client.GrpcClientProtocolClient (GrpcClientProtocolClient.java:onNext(255)) - client-D91E5D1E15CE->f2ba01fc-a63e-4348-bd18-030b60a135e7: receive RaftClientReply:client-D91E5D1E15CE->f2ba01fc-a63e-4348-bd18-030b60a135e7@group-C8C62FEF0626, cid=3148, SUCCESS, logIndex=4723, commits[f2ba01fc-a63e-4348-bd18-030b60a135e7:c4725, eab135d4-a257-4705-b491-6c056b8c5df7:c4722, a4f67574-9018-43e7-8a54-351e98dc3d0a:c4722]
2019-08-23 07:09:14,933 | INFO  | DNAudit | user=null | ip=null | op=WRITE_CHUNK {blockData=conID: 3 locID: 102665037736247955 bcsId: 0} | ret=SUCCESS |  
2019-08-23 07:09:14,933 | INFO  | DNAudit | user=null | ip=null | op=PUT_BLOCK {blockData=[blockId=conID: 3 locID: 102665037736247955 bcsId: 0,size=2097152]} | ret=SUCCESS |  
2019-08-23 07:09:14,933 [grpc-default-executor-6] INFO  client.GrpcClientProtocolClient (GrpcClientProtocolClient.java:onNext(255)) - client-D91E5D1E15CE->f2ba01fc-a63e-4348-bd18-030b60a135e7: receive RaftClientReply:client-D91E5D1E15CE->f2ba01fc-a63e-4348-bd18-030b60a135e7@group-C8C62FEF0626, cid=3149, SUCCESS, logIndex=4724, commits[f2ba01fc-a63e-4348-bd18-030b60a135e7:c4726, eab135d4-a257-4705-b491-6c056b8c5df7:c4722, a4f67574-9018-43e7-8a54-351e98dc3d0a:c4722]
2019-08-23 07:09:14,934 [grpc-default-executor-6] INFO  client.GrpcClientProtocolClient (GrpcClientProtocolClient.java:onNext(255)) - client-D91E5D1E15CE->f2ba01fc-a63e-4348-bd18-030b60a135e7: receive RaftClientReply:client-D91E5D1E15CE->f2ba01fc-a63e-4348-bd18-030b60a135e7@group-C8C62FEF0626, cid=3150, SUCCESS, logIndex=4725, commits[f2ba01fc-a63e-4348-bd18-030b60a135e7:c4726, eab135d4-a257-4705-b491-6c056b8c5df7:c4722, a4f67574-9018-43e7-8a54-351e98dc3d0a:c4722]
2019-08-23 07:09:14,934 | INFO  | DNAudit | user=null | ip=null | op=WRITE_CHUNK {blockData=conID: 3 locID: 102665037736247955 bcsId: 0} | ret=SUCCESS |  
2019-08-23 07:09:14,934 [grpc-default-executor-6] INFO  client.GrpcClientProtocolClient (GrpcClientProtocolClient.java:onNext(255)) - client-D91E5D1E15CE->f2ba01fc-a63e-4348-bd18-030b60a135e7: receive RaftClientReply:client-D91E5D1E15CE->f2ba01fc-a63e-4348-bd18-030b60a135e7@group-C8C62FEF0626, cid=3151, SUCCESS, logIndex=4726, commits[f2ba01fc-a63e-4348-bd18-030b60a135e7:c4726, eab135d4-a257-4705-b491-6c056b8c5df7:c4722, a4f67574-9018-43e7-8a54-351e98dc3d0a:c4722]
2019-08-23 07:09:14,934 | INFO  | DNAudit | user=null | ip=null | op=WRITE_CHUNK {blockData=conID: 3 locID: 102665037736247955 bcsId: 0} | ret=SUCCESS |  
2019-08-23 07:09:14,934 | INFO  | DNAudit | user=null | ip=null | op=PUT_BLOCK {blockData=[blockId=conID: 3 locID: 102665037736247955 bcsId: 0,size=1048576]} | ret=SUCCESS |  
2019-08-23 07:09:14,935 | INFO  | DNAudit | user=null | ip=null | op=PUT_BLOCK {blockData=[blockId=conID: 3 locID: 102665037736247955 bcsId: 0,size=1048576]} | ret=SUCCESS |  
2019-08-23 07:09:14,935 | INFO  | DNAudit | user=null | ip=null | op=WRITE_CHUNK {blockData=conID: 3 locID: 102665037736247955 bcsId: 0} | ret=SUCCESS |  
2019-08-23 07:09:14,935 | INFO  | DNAudit | user=null | ip=null | op=WRITE_CHUNK {blockData=conID: 3 locID: 102665037736247955 bcsId: 0} | ret=SUCCESS |  
2019-08-23 07:09:14,935 | INFO  | DNAudit | user=null | ip=null | op=PUT_BLOCK {blockData=[blockId=conID: 3 locID: 102665037736247955 bcsId: 0,size=2097152]} | ret=SUCCESS |  
2019-08-23 07:09:14,935 [grpc-default-executor-4] INFO  client.GrpcClientProtocolClient (GrpcClientProtocolClient.java:onNext(255)) - client-D91E5D1E15CE->f2ba01fc-a63e-4348-bd18-030b60a135e7: receive RaftClientReply:client-D91E5D1E15CE->f2ba01fc-a63e-4348-bd18-030b60a135e7@group-C8C62FEF0626, cid=3152, SUCCESS, logIndex=0, commits[f2ba01fc-a63e-4348-bd18-030b60a135e7:c4728, eab135d4-a257-4705-b491-6c056b8c5df7:c4724, a4f67574-9018-43e7-8a54-351e98dc3d0a:c4724]
2019-08-23 07:09:14,935 | INFO  | DNAudit | user=null | ip=null | op=PUT_BLOCK {blockData=[blockId=conID: 3 locID: 102665037736247955 bcsId: 0,size=2097152]} | ret=SUCCESS |  
2019-08-23 07:09:14,941 | INFO  | DNAudit | user=null | ip=null | op=WRITE_CHUNK {blockData=conID: 3 locID: 102665037736247955 bcsId: 4726} | ret=SUCCESS |  
2019-08-23 07:09:14,942 | INFO  | DNAudit | user=null | ip=null | op=WRITE_CHUNK {blockData=conID: 3 locID: 102665037736247955 bcsId: 4726} | ret=SUCCESS |  
2019-08-23 07:09:14,943 | INFO  | DNAudit | user=null | ip=null | op=WRITE_CHUNK {blockData=conID: 3 locID: 102665037736247955 bcsId: 4726} | ret=SUCCESS |  
2019-08-23 07:09:14,954 | INFO  | DNAudit | user=null | ip=null | op=WRITE_CHUNK {blockData=conID: 3 locID: 102665037736247955 bcsId: 4726} | ret=SUCCESS |  
2019-08-23 07:09:14,954 | INFO  | DNAudit | user=null | ip=null | op=PUT_BLOCK {blockData=[blockId=conID: 3 locID: 102665037736247955 bcsId: 0,size=3145728]} | ret=SUCCESS |  
2019-08-23 07:09:14,954 [grpc-default-executor-4] INFO  client.GrpcClientProtocolClient (GrpcClientProtocolClient.java:onNext(255)) - client-D91E5D1E15CE->f2ba01fc-a63e-4348-bd18-030b60a135e7: receive RaftClientReply:client-D91E5D1E15CE->f2ba01fc-a63e-4348-bd18-030b60a135e7@group-C8C62FEF0626, cid=3153, SUCCESS, logIndex=4731, commits[f2ba01fc-a63e-4348-bd18-030b60a135e7:c4732, eab135d4-a257-4705-b491-6c056b8c5df7:c4730, a4f67574-9018-43e7-8a54-351e98dc3d0a:c4730]
2019-08-23 07:09:14,954 [grpc-default-executor-4] INFO  client.GrpcClientProtocolClient (GrpcClientProtocolClient.java:onNext(255)) - client-D91E5D1E15CE->f2ba01fc-a63e-4348-bd18-030b60a135e7: receive RaftClientReply:client-D91E5D1E15CE->f2ba01fc-a63e-4348-bd18-030b60a135e7@group-C8C62FEF0626, cid=3154, SUCCESS, logIndex=4732, commits[f2ba01fc-a63e-4348-bd18-030b60a135e7:c4732, eab135d4-a257-4705-b491-6c056b8c5df7:c4730, a4f67574-9018-43e7-8a54-351e98dc3d0a:c4730]
2019-08-23 07:09:14,960 | INFO  | DNAudit | user=null | ip=null | op=WRITE_CHUNK {blockData=conID: 3 locID: 102665037736247955 bcsId: 4732} | ret=SUCCESS |  
2019-08-23 07:09:14,962 | INFO  | DNAudit | user=null | ip=null | op=WRITE_CHUNK {blockData=conID: 3 locID: 102665037736247955 bcsId: 4732} | ret=SUCCESS |  
2019-08-23 07:09:14,962 | INFO  | DNAudit | user=null | ip=null | op=WRITE_CHUNK {blockData=conID: 3 locID: 102665037736247955 bcsId: 4732} | ret=SUCCESS |  
2019-08-23 07:09:14,965 | INFO  | DNAudit | user=null | ip=null | op=WRITE_CHUNK {blockData=conID: 3 locID: 102665037736247955 bcsId: 4726} | ret=SUCCESS |  
2019-08-23 07:09:14,965 | INFO  | DNAudit | user=null | ip=null | op=WRITE_CHUNK {blockData=conID: 3 locID: 102665037736247955 bcsId: 4726} | ret=SUCCESS |  
2019-08-23 07:09:14,966 | INFO  | DNAudit | user=null | ip=null | op=PUT_BLOCK {blockData=[blockId=conID: 3 locID: 102665037736247955 bcsId: 0,size=3145728]} | ret=SUCCESS |  
2019-08-23 07:09:14,966 | INFO  | DNAudit | user=null | ip=null | op=PUT_BLOCK {blockData=[blockId=conID: 3 locID: 102665037736247955 bcsId: 0,size=3145728]} | ret=SUCCESS |  
2019-08-23 07:09:14,966 | INFO  | DNAudit | user=null | ip=null | op=WRITE_CHUNK {blockData=conID: 3 locID: 102665037736247955 bcsId: 4732} | ret=SUCCESS |  
2019-08-23 07:09:14,967 | INFO  | DNAudit | user=null | ip=null | op=PUT_BLOCK {blockData=[blockId=conID: 3 locID: 102665037736247955 bcsId: 0,size=4194304]} | ret=SUCCESS |  
2019-08-23 07:09:14,967 [grpc-default-executor-0] INFO  client.GrpcClientProtocolClient (GrpcClientProtocolClient.java:onNext(255)) - client-D91E5D1E15CE->f2ba01fc-a63e-4348-bd18-030b60a135e7: receive RaftClientReply:client-D91E5D1E15CE->f2ba01fc-a63e-4348-bd18-030b60a135e7@group-C8C62FEF0626, cid=3155, SUCCESS, logIndex=4735, commits[f2ba01fc-a63e-4348-bd18-030b60a135e7:c4736, eab135d4-a257-4705-b491-6c056b8c5df7:c4732, a4f67574-9018-43e7-8a54-351e98dc3d0a:c4732]
2019-08-23 07:09:14,967 [grpc-default-executor-0] INFO  client.GrpcClientProtocolClient (GrpcClientProtocolClient.java:onNext(255)) - client-D91E5D1E15CE->f2ba01fc-a63e-4348-bd18-030b60a135e7: receive RaftClientReply:client-D91E5D1E15CE->f2ba01fc-a63e-4348-bd18-030b60a135e7@group-C8C62FEF0626, cid=3156, SUCCESS, logIndex=4736, commits[f2ba01fc-a63e-4348-bd18-030b60a135e7:c4736, eab135d4-a257-4705-b491-6c056b8c5df7:c4732, a4f67574-9018-43e7-8a54-351e98dc3d0a:c4732]
2019-08-23 07:09:14,978 | INFO  | DNAudit | user=null | ip=null | op=WRITE_CHUNK {blockData=conID: 3 locID: 102665037736247955 bcsId: 4732} | ret=SUCCESS |  
2019-08-23 07:09:14,978 | INFO  | DNAudit | user=null | ip=null | op=WRITE_CHUNK {blockData=conID: 3 locID: 102665037736247955 bcsId: 4732} | ret=SUCCESS |  
2019-08-23 07:09:14,979 | INFO  | DNAudit | user=null | ip=null | op=PUT_BLOCK {blockData=[blockId=conID: 3 locID: 102665037736247955 bcsId: 0,size=4194304]} | ret=SUCCESS |  
2019-08-23 07:09:14,979 | INFO  | DNAudit | user=null | ip=null | op=PUT_BLOCK {blockData=[blockId=conID: 3 locID: 102665037736247955 bcsId: 0,size=4194304]} | ret=SUCCESS |  
2019-08-23 07:09:14,979 [grpc-default-executor-4] INFO  client.GrpcClientProtocolClient (GrpcClientProtocolClient.java:onNext(255)) - client-D91E5D1E15CE->f2ba01fc-a63e-4348-bd18-030b60a135e7: receive RaftClientReply:client-D91E5D1E15CE->f2ba01fc-a63e-4348-bd18-030b60a135e7@group-C8C62FEF0626, cid=3157, SUCCESS, logIndex=0, commits[f2ba01fc-a63e-4348-bd18-030b60a135e7:c4738, eab135d4-a257-4705-b491-6c056b8c5df7:c4736, a4f67574-9018-43e7-8a54-351e98dc3d0a:c4736]
2019-08-23 07:09:14,984 | INFO  | SCMAudit | user=jenkins1000 | ip=192.168.5.178 | op=ALLOCATE_BLOCK {owner=aaf04d22-10dd-4717-8862-c651bdde72cf, size=4194304, type=RATIS, factor=THREE} | ret=SUCCESS |  
2019-08-23 07:09:14,987 | INFO  | OMAudit | user=jenkins1000 | ip=127.0.0.1 | op=ALLOCATE_BLOCK {volume=vol-0-67663, bucket=bucket-0-68950, key=key-0-26970, dataSize=0, replicationType=null, replicationFactor=null, keyLocationInfo=null, clientID=102665036030476690} | ret=SUCCESS |  
2019-08-23 07:09:14,993 | INFO  | DNAudit | user=null | ip=null | op=WRITE_CHUNK {blockData=conID: 1 locID: 102665037741032084 bcsId: 0} | ret=SUCCESS |  
2019-08-23 07:09:14,995 | INFO  | DNAudit | user=null | ip=null | op=WRITE_CHUNK {blockData=conID: 1 locID: 102665037741032084 bcsId: 0} | ret=SUCCESS |  
2019-08-23 07:09:14,995 | INFO  | DNAudit | user=null | ip=null | op=WRITE_CHUNK {blockData=conID: 1 locID: 102665037741032084 bcsId: 0} | ret=SUCCESS |  
2019-08-23 07:09:14,995 | INFO  | DNAudit | user=null | ip=null | op=WRITE_CHUNK {blockData=conID: 1 locID: 102665037741032084 bcsId: 0} | ret=SUCCESS |  
2019-08-23 07:09:14,997 | INFO  | DNAudit | user=null | ip=null | op=WRITE_CHUNK {blockData=conID: 1 locID: 102665037741032084 bcsId: 0} | ret=SUCCESS |  
2019-08-23 07:09:14,997 | INFO  | DNAudit | user=null | ip=null | op=WRITE_CHUNK {blockData=conID: 1 locID: 102665037741032084 bcsId: 0} | ret=SUCCESS |  
2019-08-23 07:09:15,005 | INFO  | DNAudit | user=null | ip=null | op=WRITE_CHUNK {blockData=conID: 1 locID: 102665037741032084 bcsId: 0} | ret=SUCCESS |  
2019-08-23 07:09:15,006 | INFO  | DNAudit | user=null | ip=null | op=PUT_BLOCK {blockData=[blockId=conID: 1 locID: 102665037741032084 bcsId: 0,size=1048576]} | ret=SUCCESS |  
2019-08-23 07:09:15,006 [grpc-default-executor-6] INFO  client.GrpcClientProtocolClient (GrpcClientProtocolClient.java:onNext(255)) - client-D91E5D1E15CE->f2ba01fc-a63e-4348-bd18-030b60a135e7: receive RaftClientReply:client-D91E5D1E15CE->f2ba01fc-a63e-4348-bd18-030b60a135e7@group-C8C62FEF0626, cid=3158, SUCCESS, logIndex=4739, commits[f2ba01fc-a63e-4348-bd18-030b60a135e7:c4740, eab135d4-a257-4705-b491-6c056b8c5df7:c4738, a4f67574-9018-43e7-8a54-351e98dc3d0a:c4738]
2019-08-23 07:09:15,006 | INFO  | DNAudit | user=null | ip=null | op=WRITE_CHUNK {blockData=conID: 1 locID: 102665037741032084 bcsId: 0} | ret=SUCCESS |  
2019-08-23 07:09:15,006 [grpc-default-executor-0] INFO  client.GrpcClientProtocolClient (GrpcClientProtocolClient.java:onNext(255)) - client-D91E5D1E15CE->f2ba01fc-a63e-4348-bd18-030b60a135e7: receive RaftClientReply:client-D91E5D1E15CE->f2ba01fc-a63e-4348-bd18-030b60a135e7@group-C8C62FEF0626, cid=3159, SUCCESS, logIndex=4740, commits[f2ba01fc-a63e-4348-bd18-030b60a135e7:c4740, eab135d4-a257-4705-b491-6c056b8c5df7:c4738, a4f67574-9018-43e7-8a54-351e98dc3d0a:c4738]
2019-08-23 07:09:15,007 | INFO  | DNAudit | user=null | ip=null | op=PUT_BLOCK {blockData=[blockId=conID: 1 locID: 102665037741032084 bcsId: 0,size=2097152]} | ret=SUCCESS |  
2019-08-23 07:09:15,007 [grpc-default-executor-0] INFO  client.GrpcClientProtocolClient (GrpcClientProtocolClient.java:onNext(255)) - client-D91E5D1E15CE->f2ba01fc-a63e-4348-bd18-030b60a135e7: receive RaftClientReply:client-D91E5D1E15CE->f2ba01fc-a63e-4348-bd18-030b60a135e7@group-C8C62FEF0626, cid=3160, SUCCESS, logIndex=4741, commits[f2ba01fc-a63e-4348-bd18-030b60a135e7:c4741, eab135d4-a257-4705-b491-6c056b8c5df7:c4738, a4f67574-9018-43e7-8a54-351e98dc3d0a:c4738]
2019-08-23 07:09:15,007 | INFO  | DNAudit | user=null | ip=null | op=WRITE_CHUNK {blockData=conID: 1 locID: 102665037741032084 bcsId: 0} | ret=SUCCESS |  
2019-08-23 07:09:15,007 [grpc-default-executor-0] INFO  client.GrpcClientProtocolClient (GrpcClientProtocolClient.java:onNext(255)) - client-D91E5D1E15CE->f2ba01fc-a63e-4348-bd18-030b60a135e7: receive RaftClientReply:client-D91E5D1E15CE->f2ba01fc-a63e-4348-bd18-030b60a135e7@group-C8C62FEF0626, cid=3161, SUCCESS, logIndex=4742, commits[f2ba01fc-a63e-4348-bd18-030b60a135e7:c4742, eab135d4-a257-4705-b491-6c056b8c5df7:c4738, a4f67574-9018-43e7-8a54-351e98dc3d0a:c4738]
2019-08-23 07:09:15,007 | INFO  | DNAudit | user=null | ip=null | op=PUT_BLOCK {blockData=[blockId=conID: 1 locID: 102665037741032084 bcsId: 0,size=1048576]} | ret=SUCCESS |  
2019-08-23 07:09:15,008 | INFO  | DNAudit | user=null | ip=null | op=WRITE_CHUNK {blockData=conID: 1 locID: 102665037741032084 bcsId: 0} | ret=SUCCESS |  
2019-08-23 07:09:15,008 | INFO  | DNAudit | user=null | ip=null | op=PUT_BLOCK {blockData=[blockId=conID: 1 locID: 102665037741032084 bcsId: 0,size=1048576]} | ret=SUCCESS |  
2019-08-23 07:09:15,008 [grpc-default-executor-4] INFO  client.GrpcClientProtocolClient (GrpcClientProtocolClient.java:onNext(255)) - client-D91E5D1E15CE->f2ba01fc-a63e-4348-bd18-030b60a135e7: receive RaftClientReply:client-D91E5D1E15CE->f2ba01fc-a63e-4348-bd18-030b60a135e7@group-C8C62FEF0626, cid=3162, SUCCESS, logIndex=0, commits[f2ba01fc-a63e-4348-bd18-030b60a135e7:c4744, eab135d4-a257-4705-b491-6c056b8c5df7:c4740, a4f67574-9018-43e7-8a54-351e98dc3d0a:c4740]
2019-08-23 07:09:15,008 | INFO  | DNAudit | user=null | ip=null | op=WRITE_CHUNK {blockData=conID: 1 locID: 102665037741032084 bcsId: 0} | ret=SUCCESS |  
2019-08-23 07:09:15,008 | INFO  | DNAudit | user=null | ip=null | op=WRITE_CHUNK {blockData=conID: 1 locID: 102665037741032084 bcsId: 0} | ret=SUCCESS |  
2019-08-23 07:09:15,008 | INFO  | DNAudit | user=null | ip=null | op=PUT_BLOCK {blockData=[blockId=conID: 1 locID: 102665037741032084 bcsId: 0,size=2097152]} | ret=SUCCESS |  
2019-08-23 07:09:15,009 | INFO  | DNAudit | user=null | ip=null | op=PUT_BLOCK {blockData=[blockId=conID: 1 locID: 102665037741032084 bcsId: 0,size=2097152]} | ret=SUCCESS |  
2019-08-23 07:09:15,014 | INFO  | DNAudit | user=null | ip=null | op=WRITE_CHUNK {blockData=conID: 1 locID: 102665037741032084 bcsId: 4742} | ret=SUCCESS |  
2019-08-23 07:09:15,015 | INFO  | DNAudit | user=null | ip=null | op=WRITE_CHUNK {blockData=conID: 1 locID: 102665037741032084 bcsId: 4742} | ret=SUCCESS |  
2019-08-23 07:09:15,016 | INFO  | DNAudit | user=null | ip=null | op=WRITE_CHUNK {blockData=conID: 1 locID: 102665037741032084 bcsId: 4742} | ret=SUCCESS |  
2019-08-23 07:09:15,027 | INFO  | DNAudit | user=null | ip=null | op=WRITE_CHUNK {blockData=conID: 1 locID: 102665037741032084 bcsId: 4742} | ret=SUCCESS |  
2019-08-23 07:09:15,027 | INFO  | DNAudit | user=null | ip=null | op=PUT_BLOCK {blockData=[blockId=conID: 1 locID: 102665037741032084 bcsId: 0,size=3145728]} | ret=SUCCESS |  
2019-08-23 07:09:15,027 [grpc-default-executor-6] INFO  client.GrpcClientProtocolClient (GrpcClientProtocolClient.java:onNext(255)) - client-D91E5D1E15CE->f2ba01fc-a63e-4348-bd18-030b60a135e7: receive RaftClientReply:client-D91E5D1E15CE->f2ba01fc-a63e-4348-bd18-030b60a135e7@group-C8C62FEF0626, cid=3163, SUCCESS, logIndex=4747, commits[f2ba01fc-a63e-4348-bd18-030b60a135e7:c4748, eab135d4-a257-4705-b491-6c056b8c5df7:c4746, a4f67574-9018-43e7-8a54-351e98dc3d0a:c4746]
2019-08-23 07:09:15,027 [grpc-default-executor-6] INFO  client.GrpcClientProtocolClient (GrpcClientProtocolClient.java:onNext(255)) - client-D91E5D1E15CE->f2ba01fc-a63e-4348-bd18-030b60a135e7: receive RaftClientReply:client-D91E5D1E15CE->f2ba01fc-a63e-4348-bd18-030b60a135e7@group-C8C62FEF0626, cid=3164, SUCCESS, logIndex=4748, commits[f2ba01fc-a63e-4348-bd18-030b60a135e7:c4748, eab135d4-a257-4705-b491-6c056b8c5df7:c4746, a4f67574-9018-43e7-8a54-351e98dc3d0a:c4746]
2019-08-23 07:09:15,033 | INFO  | DNAudit | user=null | ip=null | op=WRITE_CHUNK {blockData=conID: 1 locID: 102665037741032084 bcsId: 4748} | ret=SUCCESS |  
2019-08-23 07:09:15,035 | INFO  | DNAudit | user=null | ip=null | op=WRITE_CHUNK {blockData=conID: 1 locID: 102665037741032084 bcsId: 4748} | ret=SUCCESS |  
2019-08-23 07:09:15,036 | INFO  | DNAudit | user=null | ip=null | op=WRITE_CHUNK {blockData=conID: 1 locID: 102665037741032084 bcsId: 4748} | ret=SUCCESS |  
2019-08-23 07:09:15,038 | INFO  | DNAudit | user=null | ip=null | op=WRITE_CHUNK {blockData=conID: 1 locID: 102665037741032084 bcsId: 4742} | ret=SUCCESS |  
2019-08-23 07:09:15,038 | INFO  | DNAudit | user=null | ip=null | op=WRITE_CHUNK {blockData=conID: 1 locID: 102665037741032084 bcsId: 4742} | ret=SUCCESS |  
2019-08-23 07:09:15,039 | INFO  | DNAudit | user=null | ip=null | op=PUT_BLOCK {blockData=[blockId=conID: 1 locID: 102665037741032084 bcsId: 0,size=3145728]} | ret=SUCCESS |  
2019-08-23 07:09:15,039 | INFO  | DNAudit | user=null | ip=null | op=PUT_BLOCK {blockData=[blockId=conID: 1 locID: 102665037741032084 bcsId: 0,size=3145728]} | ret=SUCCESS |  
2019-08-23 07:09:15,040 | INFO  | DNAudit | user=null | ip=null | op=WRITE_CHUNK {blockData=conID: 1 locID: 102665037741032084 bcsId: 4748} | ret=SUCCESS |  
2019-08-23 07:09:15,040 | INFO  | DNAudit | user=null | ip=null | op=PUT_BLOCK {blockData=[blockId=conID: 1 locID: 102665037741032084 bcsId: 0,size=4194304]} | ret=SUCCESS |  
2019-08-23 07:09:15,040 [grpc-default-executor-4] INFO  client.GrpcClientProtocolClient (GrpcClientProtocolClient.java:onNext(255)) - client-D91E5D1E15CE->f2ba01fc-a63e-4348-bd18-030b60a135e7: receive RaftClientReply:client-D91E5D1E15CE->f2ba01fc-a63e-4348-bd18-030b60a135e7@group-C8C62FEF0626, cid=3165, SUCCESS, logIndex=4751, commits[f2ba01fc-a63e-4348-bd18-030b60a135e7:c4752, eab135d4-a257-4705-b491-6c056b8c5df7:c4748, a4f67574-9018-43e7-8a54-351e98dc3d0a:c4748]
2019-08-23 07:09:15,040 [grpc-default-executor-4] INFO  client.GrpcClientProtocolClient (GrpcClientProtocolClient.java:onNext(255)) - client-D91E5D1E15CE->f2ba01fc-a63e-4348-bd18-030b60a135e7: receive RaftClientReply:client-D91E5D1E15CE->f2ba01fc-a63e-4348-bd18-030b60a135e7@group-C8C62FEF0626, cid=3166, SUCCESS, logIndex=4752, commits[f2ba01fc-a63e-4348-bd18-030b60a135e7:c4752, eab135d4-a257-4705-b491-6c056b8c5df7:c4748, a4f67574-9018-43e7-8a54-351e98dc3d0a:c4748]
2019-08-23 07:09:15,051 | INFO  | DNAudit | user=null | ip=null | op=WRITE_CHUNK {blockData=conID: 1 locID: 102665037741032084 bcsId: 4748} | ret=SUCCESS |  
2019-08-23 07:09:15,051 | INFO  | DNAudit | user=null | ip=null | op=WRITE_CHUNK {blockData=conID: 1 locID: 102665037741032084 bcsId: 4748} | ret=SUCCESS |  
2019-08-23 07:09:15,052 | INFO  | DNAudit | user=null | ip=null | op=PUT_BLOCK {blockData=[blockId=conID: 1 locID: 102665037741032084 bcsId: 0,size=4194304]} | ret=SUCCESS |  
2019-08-23 07:09:15,052 | INFO  | DNAudit | user=null | ip=null | op=PUT_BLOCK {blockData=[blockId=conID: 1 locID: 102665037741032084 bcsId: 0,size=4194304]} | ret=SUCCESS |  
2019-08-23 07:09:15,053 [grpc-default-executor-0] INFO  client.GrpcClientProtocolClient (GrpcClientProtocolClient.java:onNext(255)) - client-D91E5D1E15CE->f2ba01fc-a63e-4348-bd18-030b60a135e7: receive RaftClientReply:client-D91E5D1E15CE->f2ba01fc-a63e-4348-bd18-030b60a135e7@group-C8C62FEF0626, cid=3167, SUCCESS, logIndex=0, commits[f2ba01fc-a63e-4348-bd18-030b60a135e7:c4754, eab135d4-a257-4705-b491-6c056b8c5df7:c4752, a4f67574-9018-43e7-8a54-351e98dc3d0a:c4752]
2019-08-23 07:09:15,059 | INFO  | SCMAudit | user=jenkins1000 | ip=192.168.5.178 | op=ALLOCATE_BLOCK {owner=aaf04d22-10dd-4717-8862-c651bdde72cf, size=4194304, type=RATIS, factor=THREE} | ret=SUCCESS |  
2019-08-23 07:09:15,063 | INFO  | OMAudit | user=jenkins1000 | ip=127.0.0.1 | op=ALLOCATE_BLOCK {volume=vol-0-67663, bucket=bucket-0-68950, key=key-0-26970, dataSize=0, replicationType=null, replicationFactor=null, keyLocationInfo=null, clientID=102665036030476690} | ret=SUCCESS |  
2019-08-23 07:09:15,069 | INFO  | DNAudit | user=null | ip=null | op=WRITE_CHUNK {blockData=conID: 2 locID: 102665037745947285 bcsId: 0} | ret=SUCCESS |  
2019-08-23 07:09:15,071 | INFO  | DNAudit | user=null | ip=null | op=WRITE_CHUNK {blockData=conID: 2 locID: 102665037745947285 bcsId: 0} | ret=SUCCESS |  
2019-08-23 07:09:15,072 | INFO  | DNAudit | user=null | ip=null | op=WRITE_CHUNK {blockData=conID: 2 locID: 102665037745947285 bcsId: 0} | ret=SUCCESS |  
2019-08-23 07:09:15,072 | INFO  | DNAudit | user=null | ip=null | op=WRITE_CHUNK {blockData=conID: 2 locID: 102665037745947285 bcsId: 0} | ret=SUCCESS |  
2019-08-23 07:09:15,073 | INFO  | DNAudit | user=null | ip=null | op=WRITE_CHUNK {blockData=conID: 2 locID: 102665037745947285 bcsId: 0} | ret=SUCCESS |  
2019-08-23 07:09:15,073 | INFO  | DNAudit | user=null | ip=null | op=WRITE_CHUNK {blockData=conID: 2 locID: 102665037745947285 bcsId: 0} | ret=SUCCESS |  
2019-08-23 07:09:15,081 | INFO  | DNAudit | user=null | ip=null | op=WRITE_CHUNK {blockData=conID: 2 locID: 102665037745947285 bcsId: 0} | ret=SUCCESS |  
2019-08-23 07:09:15,082 | INFO  | DNAudit | user=null | ip=null | op=PUT_BLOCK {blockData=[blockId=conID: 2 locID: 102665037745947285 bcsId: 0,size=1048576]} | ret=SUCCESS |  
2019-08-23 07:09:15,082 | INFO  | DNAudit | user=null | ip=null | op=WRITE_CHUNK {blockData=conID: 2 locID: 102665037745947285 bcsId: 0} | ret=SUCCESS |  
2019-08-23 07:09:15,082 [grpc-default-executor-0] INFO  client.GrpcClientProtocolClient (GrpcClientProtocolClient.java:onNext(255)) - client-D91E5D1E15CE->f2ba01fc-a63e-4348-bd18-030b60a135e7: receive RaftClientReply:client-D91E5D1E15CE->f2ba01fc-a63e-4348-bd18-030b60a135e7@group-C8C62FEF0626, cid=3168, SUCCESS, logIndex=4755, commits[f2ba01fc-a63e-4348-bd18-030b60a135e7:c4756, eab135d4-a257-4705-b491-6c056b8c5df7:c4754, a4f67574-9018-43e7-8a54-351e98dc3d0a:c4754]
2019-08-23 07:09:15,082 | INFO  | DNAudit | user=null | ip=null | op=PUT_BLOCK {blockData=[blockId=conID: 2 locID: 102665037745947285 bcsId: 0,size=2097152]} | ret=SUCCESS |  
2019-08-23 07:09:15,083 | INFO  | DNAudit | user=null | ip=null | op=WRITE_CHUNK {blockData=conID: 2 locID: 102665037745947285 bcsId: 0} | ret=SUCCESS |  
2019-08-23 07:09:15,083 [grpc-default-executor-4] INFO  client.GrpcClientProtocolClient (GrpcClientProtocolClient.java:onNext(255)) - client-D91E5D1E15CE->f2ba01fc-a63e-4348-bd18-030b60a135e7: receive RaftClientReply:client-D91E5D1E15CE->f2ba01fc-a63e-4348-bd18-030b60a135e7@group-C8C62FEF0626, cid=3169, SUCCESS, logIndex=4756, commits[f2ba01fc-a63e-4348-bd18-030b60a135e7:c4758, eab135d4-a257-4705-b491-6c056b8c5df7:c4754, a4f67574-9018-43e7-8a54-351e98dc3d0a:c4754]
2019-08-23 07:09:15,083 | INFO  | DNAudit | user=null | ip=null | op=WRITE_CHUNK {blockData=conID: 2 locID: 102665037745947285 bcsId: 0} | ret=SUCCESS |  
2019-08-23 07:09:15,083 [grpc-default-executor-4] INFO  client.GrpcClientProtocolClient (GrpcClientProtocolClient.java:onNext(255)) - client-D91E5D1E15CE->f2ba01fc-a63e-4348-bd18-030b60a135e7: receive RaftClientReply:client-D91E5D1E15CE->f2ba01fc-a63e-4348-bd18-030b60a135e7@group-C8C62FEF0626, cid=3170, SUCCESS, logIndex=4757, commits[f2ba01fc-a63e-4348-bd18-030b60a135e7:c4758, eab135d4-a257-4705-b491-6c056b8c5df7:c4754, a4f67574-9018-43e7-8a54-351e98dc3d0a:c4754]
2019-08-23 07:09:15,083 [grpc-default-executor-4] INFO  client.GrpcClientProtocolClient (GrpcClientProtocolClient.java:onNext(255)) - client-D91E5D1E15CE->f2ba01fc-a63e-4348-bd18-030b60a135e7: receive RaftClientReply:client-D91E5D1E15CE->f2ba01fc-a63e-4348-bd18-030b60a135e7@group-C8C62FEF0626, cid=3171, SUCCESS, logIndex=4758, commits[f2ba01fc-a63e-4348-bd18-030b60a135e7:c4758, eab135d4-a257-4705-b491-6c056b8c5df7:c4754, a4f67574-9018-43e7-8a54-351e98dc3d0a:c4754]
2019-08-23 07:09:15,084 | INFO  | DNAudit | user=null | ip=null | op=PUT_BLOCK {blockData=[blockId=conID: 2 locID: 102665037745947285 bcsId: 0,size=1048576]} | ret=SUCCESS |  
2019-08-23 07:09:15,084 | INFO  | DNAudit | user=null | ip=null | op=PUT_BLOCK {blockData=[blockId=conID: 2 locID: 102665037745947285 bcsId: 0,size=1048576]} | ret=SUCCESS |  
2019-08-23 07:09:15,084 | INFO  | DNAudit | user=null | ip=null | op=WRITE_CHUNK {blockData=conID: 2 locID: 102665037745947285 bcsId: 0} | ret=SUCCESS |  
2019-08-23 07:09:15,084 | INFO  | DNAudit | user=null | ip=null | op=PUT_BLOCK {blockData=[blockId=conID: 2 locID: 102665037745947285 bcsId: 0,size=2097152]} | ret=SUCCESS |  
2019-08-23 07:09:15,084 | INFO  | DNAudit | user=null | ip=null | op=WRITE_CHUNK {blockData=conID: 2 locID: 102665037745947285 bcsId: 0} | ret=SUCCESS |  
2019-08-23 07:09:15,085 | INFO  | DNAudit | user=null | ip=null | op=PUT_BLOCK {blockData=[blockId=conID: 2 locID: 102665037745947285 bcsId: 0,size=2097152]} | ret=SUCCESS |  
2019-08-23 07:09:15,085 [grpc-default-executor-4] INFO  client.GrpcClientProtocolClient (GrpcClientProtocolClient.java:onNext(255)) - client-D91E5D1E15CE->f2ba01fc-a63e-4348-bd18-030b60a135e7: receive RaftClientReply:client-D91E5D1E15CE->f2ba01fc-a63e-4348-bd18-030b60a135e7@group-C8C62FEF0626, cid=3172, SUCCESS, logIndex=0, commits[f2ba01fc-a63e-4348-bd18-030b60a135e7:c4760, eab135d4-a257-4705-b491-6c056b8c5df7:c4756, a4f67574-9018-43e7-8a54-351e98dc3d0a:c4756]
2019-08-23 07:09:15,090 | INFO  | DNAudit | user=null | ip=null | op=WRITE_CHUNK {blockData=conID: 2 locID: 102665037745947285 bcsId: 4758} | ret=SUCCESS |  
2019-08-23 07:09:15,092 | INFO  | DNAudit | user=null | ip=null | op=WRITE_CHUNK {blockData=conID: 2 locID: 102665037745947285 bcsId: 4758} | ret=SUCCESS |  
2019-08-23 07:09:15,093 | INFO  | DNAudit | user=null | ip=null | op=WRITE_CHUNK {blockData=conID: 2 locID: 102665037745947285 bcsId: 4758} | ret=SUCCESS |  
2019-08-23 07:09:15,102 | INFO  | DNAudit | user=null | ip=null | op=WRITE_CHUNK {blockData=conID: 2 locID: 102665037745947285 bcsId: 4758} | ret=SUCCESS |  
2019-08-23 07:09:15,103 | INFO  | DNAudit | user=null | ip=null | op=PUT_BLOCK {blockData=[blockId=conID: 2 locID: 102665037745947285 bcsId: 0,size=3145728]} | ret=SUCCESS |  
2019-08-23 07:09:15,103 [grpc-default-executor-4] INFO  client.GrpcClientProtocolClient (GrpcClientProtocolClient.java:onNext(255)) - client-D91E5D1E15CE->f2ba01fc-a63e-4348-bd18-030b60a135e7: receive RaftClientReply:client-D91E5D1E15CE->f2ba01fc-a63e-4348-bd18-030b60a135e7@group-C8C62FEF0626, cid=3173, SUCCESS, logIndex=4763, commits[f2ba01fc-a63e-4348-bd18-030b60a135e7:c4763, eab135d4-a257-4705-b491-6c056b8c5df7:c4762, a4f67574-9018-43e7-8a54-351e98dc3d0a:c4762]
2019-08-23 07:09:15,103 [grpc-default-executor-4] INFO  client.GrpcClientProtocolClient (GrpcClientProtocolClient.java:onNext(255)) - client-D91E5D1E15CE->f2ba01fc-a63e-4348-bd18-030b60a135e7: receive RaftClientReply:client-D91E5D1E15CE->f2ba01fc-a63e-4348-bd18-030b60a135e7@group-C8C62FEF0626, cid=3174, SUCCESS, logIndex=4764, commits[f2ba01fc-a63e-4348-bd18-030b60a135e7:c4764, eab135d4-a257-4705-b491-6c056b8c5df7:c4762, a4f67574-9018-43e7-8a54-351e98dc3d0a:c4762]
2019-08-23 07:09:15,104 | INFO  | DNAudit | user=null | ip=null | op=WRITE_CHUNK {blockData=conID: 2 locID: 102665037745947285 bcsId: 4758} | ret=SUCCESS |  
2019-08-23 07:09:15,105 | INFO  | DNAudit | user=null | ip=null | op=WRITE_CHUNK {blockData=conID: 2 locID: 102665037745947285 bcsId: 4758} | ret=SUCCESS |  
2019-08-23 07:09:15,106 | INFO  | DNAudit | user=null | ip=null | op=PUT_BLOCK {blockData=[blockId=conID: 2 locID: 102665037745947285 bcsId: 0,size=3145728]} | ret=SUCCESS |  
2019-08-23 07:09:15,106 | INFO  | DNAudit | user=null | ip=null | op=PUT_BLOCK {blockData=[blockId=conID: 2 locID: 102665037745947285 bcsId: 0,size=3145728]} | ret=SUCCESS |  
2019-08-23 07:09:15,109 | INFO  | DNAudit | user=null | ip=null | op=WRITE_CHUNK {blockData=conID: 2 locID: 102665037745947285 bcsId: 4764} | ret=SUCCESS |  
2019-08-23 07:09:15,111 | INFO  | DNAudit | user=null | ip=null | op=WRITE_CHUNK {blockData=conID: 2 locID: 102665037745947285 bcsId: 4764} | ret=SUCCESS |  
2019-08-23 07:09:15,111 | INFO  | DNAudit | user=null | ip=null | op=WRITE_CHUNK {blockData=conID: 2 locID: 102665037745947285 bcsId: 4764} | ret=SUCCESS |  
2019-08-23 07:09:15,113 | INFO  | DNAudit | user=null | ip=null | op=WRITE_CHUNK {blockData=conID: 2 locID: 102665037745947285 bcsId: 4764} | ret=SUCCESS |  
2019-08-23 07:09:15,114 | INFO  | DNAudit | user=null | ip=null | op=PUT_BLOCK {blockData=[blockId=conID: 2 locID: 102665037745947285 bcsId: 0,size=4194304]} | ret=SUCCESS |  
2019-08-23 07:09:15,114 [grpc-default-executor-4] INFO  client.GrpcClientProtocolClient (GrpcClientProtocolClient.java:onNext(255)) - client-D91E5D1E15CE->f2ba01fc-a63e-4348-bd18-030b60a135e7: receive RaftClientReply:client-D91E5D1E15CE->f2ba01fc-a63e-4348-bd18-030b60a135e7@group-C8C62FEF0626, cid=3175, SUCCESS, logIndex=4767, commits[f2ba01fc-a63e-4348-bd18-030b60a135e7:c4768, eab135d4-a257-4705-b491-6c056b8c5df7:c4764, a4f67574-9018-43e7-8a54-351e98dc3d0a:c4766]
2019-08-23 07:09:15,114 [grpc-default-executor-4] INFO  client.GrpcClientProtocolClient (GrpcClientProtocolClient.java:onNext(255)) - client-D91E5D1E15CE->f2ba01fc-a63e-4348-bd18-030b60a135e7: receive RaftClientReply:client-D91E5D1E15CE->f2ba01fc-a63e-4348-bd18-030b60a135e7@group-C8C62FEF0626, cid=3176, SUCCESS, logIndex=4768, commits[f2ba01fc-a63e-4348-bd18-030b60a135e7:c4768, eab135d4-a257-4705-b491-6c056b8c5df7:c4766, a4f67574-9018-43e7-8a54-351e98dc3d0a:c4766]
2019-08-23 07:09:15,115 | INFO  | DNAudit | user=null | ip=null | op=WRITE_CHUNK {blockData=conID: 2 locID: 102665037745947285 bcsId: 4764} | ret=SUCCESS |  
2019-08-23 07:09:15,115 | INFO  | DNAudit | user=null | ip=null | op=PUT_BLOCK {blockData=[blockId=conID: 2 locID: 102665037745947285 bcsId: 0,size=4194304]} | ret=SUCCESS |  
2019-08-23 07:09:15,115 | INFO  | DNAudit | user=null | ip=null | op=WRITE_CHUNK {blockData=conID: 2 locID: 102665037745947285 bcsId: 4764} | ret=SUCCESS |  
2019-08-23 07:09:15,115 | INFO  | DNAudit | user=null | ip=null | op=PUT_BLOCK {blockData=[blockId=conID: 2 locID: 102665037745947285 bcsId: 0,size=4194304]} | ret=SUCCESS |  
2019-08-23 07:09:15,115 [grpc-default-executor-3] INFO  client.GrpcClientProtocolClient (GrpcClientProtocolClient.java:onNext(255)) - client-D91E5D1E15CE->f2ba01fc-a63e-4348-bd18-030b60a135e7: receive RaftClientReply:client-D91E5D1E15CE->f2ba01fc-a63e-4348-bd18-030b60a135e7@group-C8C62FEF0626, cid=3177, SUCCESS, logIndex=0, commits[f2ba01fc-a63e-4348-bd18-030b60a135e7:c4769, eab135d4-a257-4705-b491-6c056b8c5df7:c4768, a4f67574-9018-43e7-8a54-351e98dc3d0a:c4768]
2019-08-23 07:09:15,122 | INFO  | SCMAudit | user=jenkins1000 | ip=192.168.5.178 | op=ALLOCATE_BLOCK {owner=aaf04d22-10dd-4717-8862-c651bdde72cf, size=4194304, type=RATIS, factor=THREE} | ret=SUCCESS |  
2019-08-23 07:09:15,127 | INFO  | OMAudit | user=jenkins1000 | ip=127.0.0.1 | op=ALLOCATE_BLOCK {volume=vol-0-67663, bucket=bucket-0-68950, key=key-0-26970, dataSize=0, replicationType=null, replicationFactor=null, keyLocationInfo=null, clientID=102665036030476690} | ret=SUCCESS |  
2019-08-23 07:09:15,132 | INFO  | DNAudit | user=null | ip=null | op=WRITE_CHUNK {blockData=conID: 3 locID: 102665037750076054 bcsId: 0} | ret=SUCCESS |  
2019-08-23 07:09:15,135 | INFO  | DNAudit | user=null | ip=null | op=WRITE_CHUNK {blockData=conID: 3 locID: 102665037750076054 bcsId: 0} | ret=SUCCESS |  
2019-08-23 07:09:15,135 | INFO  | DNAudit | user=null | ip=null | op=WRITE_CHUNK {blockData=conID: 3 locID: 102665037750076054 bcsId: 0} | ret=SUCCESS |  
2019-08-23 07:09:15,135 | INFO  | DNAudit | user=null | ip=null | op=WRITE_CHUNK {blockData=conID: 3 locID: 102665037750076054 bcsId: 0} | ret=SUCCESS |  
2019-08-23 07:09:15,135 | INFO  | DNAudit | user=null | ip=null | op=WRITE_CHUNK {blockData=conID: 3 locID: 102665037750076054 bcsId: 0} | ret=SUCCESS |  
2019-08-23 07:09:15,136 | INFO  | DNAudit | user=null | ip=null | op=WRITE_CHUNK {blockData=conID: 3 locID: 102665037750076054 bcsId: 0} | ret=SUCCESS |  
2019-08-23 07:09:15,144 | INFO  | DNAudit | user=null | ip=null | op=WRITE_CHUNK {blockData=conID: 3 locID: 102665037750076054 bcsId: 0} | ret=SUCCESS |  
2019-08-23 07:09:15,144 | INFO  | DNAudit | user=null | ip=null | op=PUT_BLOCK {blockData=[blockId=conID: 3 locID: 102665037750076054 bcsId: 0,size=1048576]} | ret=SUCCESS |  
2019-08-23 07:09:15,144 [grpc-default-executor-6] INFO  client.GrpcClientProtocolClient (GrpcClientProtocolClient.java:onNext(255)) - client-D91E5D1E15CE->f2ba01fc-a63e-4348-bd18-030b60a135e7: receive RaftClientReply:client-D91E5D1E15CE->f2ba01fc-a63e-4348-bd18-030b60a135e7@group-C8C62FEF0626, cid=3178, SUCCESS, logIndex=4770, commits[f2ba01fc-a63e-4348-bd18-030b60a135e7:c4771, eab135d4-a257-4705-b491-6c056b8c5df7:c4769, a4f67574-9018-43e7-8a54-351e98dc3d0a:c4769]
2019-08-23 07:09:15,145 | INFO  | DNAudit | user=null | ip=null | op=WRITE_CHUNK {blockData=conID: 3 locID: 102665037750076054 bcsId: 0} | ret=SUCCESS |  
2019-08-23 07:09:15,145 | INFO  | DNAudit | user=null | ip=null | op=WRITE_CHUNK {blockData=conID: 3 locID: 102665037750076054 bcsId: 0} | ret=SUCCESS |  
2019-08-23 07:09:15,145 | INFO  | DNAudit | user=null | ip=null | op=PUT_BLOCK {blockData=[blockId=conID: 3 locID: 102665037750076054 bcsId: 0,size=1048576]} | ret=SUCCESS |  
2019-08-23 07:09:15,145 | INFO  | DNAudit | user=null | ip=null | op=PUT_BLOCK {blockData=[blockId=conID: 3 locID: 102665037750076054 bcsId: 0,size=2097152]} | ret=SUCCESS |  
2019-08-23 07:09:15,145 [grpc-default-executor-0] INFO  client.GrpcClientProtocolClient (GrpcClientProtocolClient.java:onNext(255)) - client-D91E5D1E15CE->f2ba01fc-a63e-4348-bd18-030b60a135e7: receive RaftClientReply:client-D91E5D1E15CE->f2ba01fc-a63e-4348-bd18-030b60a135e7@group-C8C62FEF0626, cid=3179, SUCCESS, logIndex=4771, commits[f2ba01fc-a63e-4348-bd18-030b60a135e7:c4773, eab135d4-a257-4705-b491-6c056b8c5df7:c4769, a4f67574-9018-43e7-8a54-351e98dc3d0a:c4769]
2019-08-23 07:09:15,145 [grpc-default-executor-0] INFO  client.GrpcClientProtocolClient (GrpcClientProtocolClient.java:onNext(255)) - client-D91E5D1E15CE->f2ba01fc-a63e-4348-bd18-030b60a135e7: receive RaftClientReply:client-D91E5D1E15CE->f2ba01fc-a63e-4348-bd18-030b60a135e7@group-C8C62FEF0626, cid=3180, SUCCESS, logIndex=4772, commits[f2ba01fc-a63e-4348-bd18-030b60a135e7:c4773, eab135d4-a257-4705-b491-6c056b8c5df7:c4769, a4f67574-9018-43e7-8a54-351e98dc3d0a:c4769]
2019-08-23 07:09:15,146 [grpc-default-executor-0] INFO  client.GrpcClientProtocolClient (GrpcClientProtocolClient.java:onNext(255)) - client-D91E5D1E15CE->f2ba01fc-a63e-4348-bd18-030b60a135e7: receive RaftClientReply:client-D91E5D1E15CE->f2ba01fc-a63e-4348-bd18-030b60a135e7@group-C8C62FEF0626, cid=3181, SUCCESS, logIndex=4773, commits[f2ba01fc-a63e-4348-bd18-030b60a135e7:c4775, eab135d4-a257-4705-b491-6c056b8c5df7:c4769, a4f67574-9018-43e7-8a54-351e98dc3d0a:c4771]
2019-08-23 07:09:15,146 | INFO  | DNAudit | user=null | ip=null | op=WRITE_CHUNK {blockData=conID: 3 locID: 102665037750076054 bcsId: 0} | ret=SUCCESS |  
2019-08-23 07:09:15,146 | INFO  | DNAudit | user=null | ip=null | op=PUT_BLOCK {blockData=[blockId=conID: 3 locID: 102665037750076054 bcsId: 0,size=1048576]} | ret=SUCCESS |  
2019-08-23 07:09:15,147 | INFO  | DNAudit | user=null | ip=null | op=WRITE_CHUNK {blockData=conID: 3 locID: 102665037750076054 bcsId: 0} | ret=SUCCESS |  
2019-08-23 07:09:15,147 [grpc-default-executor-0] INFO  client.GrpcClientProtocolClient (GrpcClientProtocolClient.java:onNext(255)) - client-D91E5D1E15CE->f2ba01fc-a63e-4348-bd18-030b60a135e7: receive RaftClientReply:client-D91E5D1E15CE->f2ba01fc-a63e-4348-bd18-030b60a135e7@group-C8C62FEF0626, cid=3182, SUCCESS, logIndex=0, commits[f2ba01fc-a63e-4348-bd18-030b60a135e7:c4775, eab135d4-a257-4705-b491-6c056b8c5df7:c4771, a4f67574-9018-43e7-8a54-351e98dc3d0a:c4771]
2019-08-23 07:09:15,147 | INFO  | DNAudit | user=null | ip=null | op=PUT_BLOCK {blockData=[blockId=conID: 3 locID: 102665037750076054 bcsId: 0,size=2097152]} | ret=SUCCESS |  
2019-08-23 07:09:15,148 | INFO  | DNAudit | user=null | ip=null | op=WRITE_CHUNK {blockData=conID: 3 locID: 102665037750076054 bcsId: 0} | ret=SUCCESS |  
2019-08-23 07:09:15,148 | INFO  | DNAudit | user=null | ip=null | op=PUT_BLOCK {blockData=[blockId=conID: 3 locID: 102665037750076054 bcsId: 0,size=2097152]} | ret=SUCCESS |  
2019-08-23 07:09:15,152 | INFO  | DNAudit | user=null | ip=null | op=WRITE_CHUNK {blockData=conID: 3 locID: 102665037750076054 bcsId: 4773} | ret=SUCCESS |  
2019-08-23 07:09:15,155 | INFO  | DNAudit | user=null | ip=null | op=WRITE_CHUNK {blockData=conID: 3 locID: 102665037750076054 bcsId: 4773} | ret=SUCCESS |  
2019-08-23 07:09:15,155 | INFO  | DNAudit | user=null | ip=null | op=WRITE_CHUNK {blockData=conID: 3 locID: 102665037750076054 bcsId: 4773} | ret=SUCCESS |  
2019-08-23 07:09:15,176 | INFO  | SCMAudit | user=jenkins1000 | ip=192.168.5.178 | op=SEND_HEARTBEAT {datanodeUUID=b7d3ecaa-ab76-49a0-b691-40b7e1ed625a, command=[]} | ret=SUCCESS |  
2019-08-23 07:09:15,176 | INFO  | SCMAudit | user=jenkins1000 | ip=192.168.5.178 | op=SEND_HEARTBEAT {datanodeUUID=5c311bc2-cc7c-45de-998f-f79499d85d4e, command=[]} | ret=SUCCESS |  
 0.00% |█                                                                                                    |  0/1 Time: 0:00:262019-08-23 07:09:15,180 | INFO  | DNAudit | user=null | ip=null | op=WRITE_CHUNK {blockData=conID: 3 locID: 102665037750076054 bcsId: 4773} | ret=SUCCESS |  
2019-08-23 07:09:15,181 | INFO  | DNAudit | user=null | ip=null | op=PUT_BLOCK {blockData=[blockId=conID: 3 locID: 102665037750076054 bcsId: 0,size=3145728]} | ret=SUCCESS |  
2019-08-23 07:09:15,181 [grpc-default-executor-3] INFO  client.GrpcClientProtocolClient (GrpcClientProtocolClient.java:onNext(255)) - client-D91E5D1E15CE->f2ba01fc-a63e-4348-bd18-030b60a135e7: receive RaftClientReply:client-D91E5D1E15CE->f2ba01fc-a63e-4348-bd18-030b60a135e7@group-C8C62FEF0626, cid=3183, SUCCESS, logIndex=4778, commits[f2ba01fc-a63e-4348-bd18-030b60a135e7:c4779, eab135d4-a257-4705-b491-6c056b8c5df7:c4777, a4f67574-9018-43e7-8a54-351e98dc3d0a:c4777]
2019-08-23 07:09:15,181 [grpc-default-executor-3] INFO  client.GrpcClientProtocolClient (GrpcClientProtocolClient.java:onNext(255)) - client-D91E5D1E15CE->f2ba01fc-a63e-4348-bd18-030b60a135e7: receive RaftClientReply:client-D91E5D1E15CE->f2ba01fc-a63e-4348-bd18-030b60a135e7@group-C8C62FEF0626, cid=3184, SUCCESS, logIndex=4779, commits[f2ba01fc-a63e-4348-bd18-030b60a135e7:c4779, eab135d4-a257-4705-b491-6c056b8c5df7:c4777, a4f67574-9018-43e7-8a54-351e98dc3d0a:c4777]
2019-08-23 07:09:15,188 | INFO  | DNAudit | user=null | ip=null | op=WRITE_CHUNK {blockData=conID: 3 locID: 102665037750076054 bcsId: 4779} | ret=SUCCESS |  
2019-08-23 07:09:15,190 | INFO  | DNAudit | user=null | ip=null | op=WRITE_CHUNK {blockData=conID: 3 locID: 102665037750076054 bcsId: 4779} | ret=SUCCESS |  
2019-08-23 07:09:15,191 | INFO  | DNAudit | user=null | ip=null | op=WRITE_CHUNK {blockData=conID: 3 locID: 102665037750076054 bcsId: 4779} | ret=SUCCESS |  
2019-08-23 07:09:15,192 | INFO  | DNAudit | user=null | ip=null | op=WRITE_CHUNK {blockData=conID: 3 locID: 102665037750076054 bcsId: 4773} | ret=SUCCESS |  
2019-08-23 07:09:15,192 | INFO  | DNAudit | user=null | ip=null | op=WRITE_CHUNK {blockData=conID: 3 locID: 102665037750076054 bcsId: 4773} | ret=SUCCESS |  
2019-08-23 07:09:15,193 | INFO  | DNAudit | user=null | ip=null | op=PUT_BLOCK {blockData=[blockId=conID: 3 locID: 102665037750076054 bcsId: 0,size=3145728]} | ret=SUCCESS |  
2019-08-23 07:09:15,193 | INFO  | DNAudit | user=null | ip=null | op=PUT_BLOCK {blockData=[blockId=conID: 3 locID: 102665037750076054 bcsId: 0,size=3145728]} | ret=SUCCESS |  
2019-08-23 07:09:15,193 | INFO  | DNAudit | user=null | ip=null | op=WRITE_CHUNK {blockData=conID: 3 locID: 102665037750076054 bcsId: 4779} | ret=SUCCESS |  
2019-08-23 07:09:15,194 | INFO  | DNAudit | user=null | ip=null | op=PUT_BLOCK {blockData=[blockId=conID: 3 locID: 102665037750076054 bcsId: 0,size=4194304]} | ret=SUCCESS |  
2019-08-23 07:09:15,194 [grpc-default-executor-0] INFO  client.GrpcClientProtocolClient (GrpcClientProtocolClient.java:onNext(255)) - client-D91E5D1E15CE->f2ba01fc-a63e-4348-bd18-030b60a135e7: receive RaftClientReply:client-D91E5D1E15CE->f2ba01fc-a63e-4348-bd18-030b60a135e7@group-C8C62FEF0626, cid=3185, SUCCESS, logIndex=4782, commits[f2ba01fc-a63e-4348-bd18-030b60a135e7:c4782, eab135d4-a257-4705-b491-6c056b8c5df7:c4779, a4f67574-9018-43e7-8a54-351e98dc3d0a:c4779]
2019-08-23 07:09:15,194 [grpc-default-executor-0] INFO  client.GrpcClientProtocolClient (GrpcClientProtocolClient.java:onNext(255)) - client-D91E5D1E15CE->f2ba01fc-a63e-4348-bd18-030b60a135e7: receive RaftClientReply:client-D91E5D1E15CE->f2ba01fc-a63e-4348-bd18-030b60a135e7@group-C8C62FEF0626, cid=3186, SUCCESS, logIndex=4783, commits[f2ba01fc-a63e-4348-bd18-030b60a135e7:c4783, eab135d4-a257-4705-b491-6c056b8c5df7:c4779, a4f67574-9018-43e7-8a54-351e98dc3d0a:c4779]
2019-08-23 07:09:15,205 | INFO  | DNAudit | user=null | ip=null | op=WRITE_CHUNK {blockData=conID: 3 locID: 102665037750076054 bcsId: 4779} | ret=SUCCESS |  
2019-08-23 07:09:15,205 | INFO  | DNAudit | user=null | ip=null | op=WRITE_CHUNK {blockData=conID: 3 locID: 102665037750076054 bcsId: 4779} | ret=SUCCESS |  
2019-08-23 07:09:15,206 | INFO  | DNAudit | user=null | ip=null | op=PUT_BLOCK {blockData=[blockId=conID: 3 locID: 102665037750076054 bcsId: 0,size=4194304]} | ret=SUCCESS |  
2019-08-23 07:09:15,206 | INFO  | DNAudit | user=null | ip=null | op=PUT_BLOCK {blockData=[blockId=conID: 3 locID: 102665037750076054 bcsId: 0,size=4194304]} | ret=SUCCESS |  
2019-08-23 07:09:15,206 [grpc-default-executor-3] INFO  client.GrpcClientProtocolClient (GrpcClientProtocolClient.java:onNext(255)) - client-D91E5D1E15CE->f2ba01fc-a63e-4348-bd18-030b60a135e7: receive RaftClientReply:client-D91E5D1E15CE->f2ba01fc-a63e-4348-bd18-030b60a135e7@group-C8C62FEF0626, cid=3187, SUCCESS, logIndex=0, commits[f2ba01fc-a63e-4348-bd18-030b60a135e7:c4785, eab135d4-a257-4705-b491-6c056b8c5df7:c4783, a4f67574-9018-43e7-8a54-351e98dc3d0a:c4783]
2019-08-23 07:09:15,212 | INFO  | SCMAudit | user=jenkins1000 | ip=192.168.5.178 | op=ALLOCATE_BLOCK {owner=aaf04d22-10dd-4717-8862-c651bdde72cf, size=4194304, type=RATIS, factor=THREE} | ret=SUCCESS |  
2019-08-23 07:09:15,216 | INFO  | OMAudit | user=jenkins1000 | ip=127.0.0.1 | op=ALLOCATE_BLOCK {volume=vol-0-67663, bucket=bucket-0-68950, key=key-0-26970, dataSize=0, replicationType=null, replicationFactor=null, keyLocationInfo=null, clientID=102665036030476690} | ret=SUCCESS |  
2019-08-23 07:09:15,223 | INFO  | DNAudit | user=null | ip=null | op=WRITE_CHUNK {blockData=conID: 1 locID: 102665037755974295 bcsId: 0} | ret=SUCCESS |  
2019-08-23 07:09:15,342 | INFO  | DNAudit | user=null | ip=null | op=WRITE_CHUNK {blockData=conID: 1 locID: 102665037755974295 bcsId: 0} | ret=SUCCESS |  
2019-08-23 07:09:15,342 | INFO  | DNAudit | user=null | ip=null | op=WRITE_CHUNK {blockData=conID: 1 locID: 102665037755974295 bcsId: 0} | ret=SUCCESS |  
2019-08-23 07:09:15,343 | INFO  | DNAudit | user=null | ip=null | op=WRITE_CHUNK {blockData=conID: 1 locID: 102665037755974295 bcsId: 0} | ret=SUCCESS |  
2019-08-23 07:09:15,344 | INFO  | DNAudit | user=null | ip=null | op=WRITE_CHUNK {blockData=conID: 1 locID: 102665037755974295 bcsId: 0} | ret=SUCCESS |  
2019-08-23 07:09:15,345 | INFO  | DNAudit | user=null | ip=null | op=WRITE_CHUNK {blockData=conID: 1 locID: 102665037755974295 bcsId: 0} | ret=SUCCESS |  
2019-08-23 07:09:15,366 | INFO  | DNAudit | user=null | ip=null | op=WRITE_CHUNK {blockData=conID: 1 locID: 102665037755974295 bcsId: 0} | ret=SUCCESS |  
2019-08-23 07:09:15,367 | INFO  | DNAudit | user=null | ip=null | op=PUT_BLOCK {blockData=[blockId=conID: 1 locID: 102665037755974295 bcsId: 0,size=1048576]} | ret=SUCCESS |  
2019-08-23 07:09:15,367 | INFO  | DNAudit | user=null | ip=null | op=WRITE_CHUNK {blockData=conID: 1 locID: 102665037755974295 bcsId: 0} | ret=SUCCESS |  
2019-08-23 07:09:15,367 [grpc-default-executor-4] INFO  client.GrpcClientProtocolClient (GrpcClientProtocolClient.java:onNext(255)) - client-D91E5D1E15CE->f2ba01fc-a63e-4348-bd18-030b60a135e7: receive RaftClientReply:client-D91E5D1E15CE->f2ba01fc-a63e-4348-bd18-030b60a135e7@group-C8C62FEF0626, cid=3188, SUCCESS, logIndex=4786, commits[f2ba01fc-a63e-4348-bd18-030b60a135e7:c4787, eab135d4-a257-4705-b491-6c056b8c5df7:c4785, a4f67574-9018-43e7-8a54-351e98dc3d0a:c4785]
2019-08-23 07:09:15,367 | INFO  | DNAudit | user=null | ip=null | op=PUT_BLOCK {blockData=[blockId=conID: 1 locID: 102665037755974295 bcsId: 0,size=2097152]} | ret=SUCCESS |  
2019-08-23 07:09:15,368 [grpc-default-executor-4] INFO  client.GrpcClientProtocolClient (GrpcClientProtocolClient.java:onNext(255)) - client-D91E5D1E15CE->f2ba01fc-a63e-4348-bd18-030b60a135e7: receive RaftClientReply:client-D91E5D1E15CE->f2ba01fc-a63e-4348-bd18-030b60a135e7@group-C8C62FEF0626, cid=3189, SUCCESS, logIndex=4787, commits[f2ba01fc-a63e-4348-bd18-030b60a135e7:c4789, eab135d4-a257-4705-b491-6c056b8c5df7:c4785, a4f67574-9018-43e7-8a54-351e98dc3d0a:c4785]
2019-08-23 07:09:15,368 [grpc-default-executor-4] INFO  client.GrpcClientProtocolClient (GrpcClientProtocolClient.java:onNext(255)) - client-D91E5D1E15CE->f2ba01fc-a63e-4348-bd18-030b60a135e7: receive RaftClientReply:client-D91E5D1E15CE->f2ba01fc-a63e-4348-bd18-030b60a135e7@group-C8C62FEF0626, cid=3190, SUCCESS, logIndex=4788, commits[f2ba01fc-a63e-4348-bd18-030b60a135e7:c4789, eab135d4-a257-4705-b491-6c056b8c5df7:c4785, a4f67574-9018-43e7-8a54-351e98dc3d0a:c4785]
2019-08-23 07:09:15,368 [grpc-default-executor-4] INFO  client.GrpcClientProtocolClient (GrpcClientProtocolClient.java:onNext(255)) - client-D91E5D1E15CE->f2ba01fc-a63e-4348-bd18-030b60a135e7: receive RaftClientReply:client-D91E5D1E15CE->f2ba01fc-a63e-4348-bd18-030b60a135e7@group-C8C62FEF0626, cid=3191, SUCCESS, logIndex=4789, commits[f2ba01fc-a63e-4348-bd18-030b60a135e7:c4789, eab135d4-a257-4705-b491-6c056b8c5df7:c4785, a4f67574-9018-43e7-8a54-351e98dc3d0a:c4785]
2019-08-23 07:09:15,378 | INFO  | DNAudit | user=null | ip=null | op=WRITE_CHUNK {blockData=conID: 1 locID: 102665037755974295 bcsId: 0} | ret=SUCCESS |  
2019-08-23 07:09:15,378 | INFO  | DNAudit | user=null | ip=null | op=PUT_BLOCK {blockData=[blockId=conID: 1 locID: 102665037755974295 bcsId: 0,size=1048576]} | ret=SUCCESS |  
2019-08-23 07:09:15,378 | INFO  | DNAudit | user=null | ip=null | op=WRITE_CHUNK {blockData=conID: 1 locID: 102665037755974295 bcsId: 0} | ret=SUCCESS |  
2019-08-23 07:09:15,380 | INFO  | DNAudit | user=null | ip=null | op=PUT_BLOCK {blockData=[blockId=conID: 1 locID: 102665037755974295 bcsId: 0,size=1048576]} | ret=SUCCESS |  
2019-08-23 07:09:15,380 | INFO  | DNAudit | user=null | ip=null | op=WRITE_CHUNK {blockData=conID: 1 locID: 102665037755974295 bcsId: 0} | ret=SUCCESS |  
2019-08-23 07:09:15,380 [grpc-default-executor-4] INFO  client.GrpcClientProtocolClient (GrpcClientProtocolClient.java:onNext(255)) - client-D91E5D1E15CE->f2ba01fc-a63e-4348-bd18-030b60a135e7: receive RaftClientReply:client-D91E5D1E15CE->f2ba01fc-a63e-4348-bd18-030b60a135e7@group-C8C62FEF0626, cid=3192, SUCCESS, logIndex=0, commits[f2ba01fc-a63e-4348-bd18-030b60a135e7:c4791, eab135d4-a257-4705-b491-6c056b8c5df7:c4787, a4f67574-9018-43e7-8a54-351e98dc3d0a:c4787]
2019-08-23 07:09:15,380 | INFO  | DNAudit | user=null | ip=null | op=PUT_BLOCK {blockData=[blockId=conID: 1 locID: 102665037755974295 bcsId: 0,size=2097152]} | ret=SUCCESS |  
2019-08-23 07:09:15,380 | INFO  | DNAudit | user=null | ip=null | op=WRITE_CHUNK {blockData=conID: 1 locID: 102665037755974295 bcsId: 0} | ret=SUCCESS |  
2019-08-23 07:09:15,381 | INFO  | DNAudit | user=null | ip=null | op=PUT_BLOCK {blockData=[blockId=conID: 1 locID: 102665037755974295 bcsId: 0,size=2097152]} | ret=SUCCESS |  
2019-08-23 07:09:15,387 | INFO  | DNAudit | user=null | ip=null | op=WRITE_CHUNK {blockData=conID: 1 locID: 102665037755974295 bcsId: 4789} | ret=SUCCESS |  
2019-08-23 07:09:15,390 | INFO  | DNAudit | user=null | ip=null | op=WRITE_CHUNK {blockData=conID: 1 locID: 102665037755974295 bcsId: 4789} | ret=SUCCESS |  
2019-08-23 07:09:15,390 | INFO  | DNAudit | user=null | ip=null | op=WRITE_CHUNK {blockData=conID: 1 locID: 102665037755974295 bcsId: 4789} | ret=SUCCESS |  
2019-08-23 07:09:15,399 | INFO  | DNAudit | user=null | ip=null | op=WRITE_CHUNK {blockData=conID: 1 locID: 102665037755974295 bcsId: 4789} | ret=SUCCESS |  
2019-08-23 07:09:15,400 | INFO  | DNAudit | user=null | ip=null | op=PUT_BLOCK {blockData=[blockId=conID: 1 locID: 102665037755974295 bcsId: 0,size=3145728]} | ret=SUCCESS |  
2019-08-23 07:09:15,400 [grpc-default-executor-3] INFO  client.GrpcClientProtocolClient (GrpcClientProtocolClient.java:onNext(255)) - client-D91E5D1E15CE->f2ba01fc-a63e-4348-bd18-030b60a135e7: receive RaftClientReply:client-D91E5D1E15CE->f2ba01fc-a63e-4348-bd18-030b60a135e7@group-C8C62FEF0626, cid=3193, SUCCESS, logIndex=4794, commits[f2ba01fc-a63e-4348-bd18-030b60a135e7:c4795, eab135d4-a257-4705-b491-6c056b8c5df7:c4793, a4f67574-9018-43e7-8a54-351e98dc3d0a:c4793]
2019-08-23 07:09:15,400 [grpc-default-executor-3] INFO  client.GrpcClientProtocolClient (GrpcClientProtocolClient.java:onNext(255)) - client-D91E5D1E15CE->f2ba01fc-a63e-4348-bd18-030b60a135e7: receive RaftClientReply:client-D91E5D1E15CE->f2ba01fc-a63e-4348-bd18-030b60a135e7@group-C8C62FEF0626, cid=3194, SUCCESS, logIndex=4795, commits[f2ba01fc-a63e-4348-bd18-030b60a135e7:c4795, eab135d4-a257-4705-b491-6c056b8c5df7:c4793, a4f67574-9018-43e7-8a54-351e98dc3d0a:c4793]
2019-08-23 07:09:15,407 | INFO  | DNAudit | user=null | ip=null | op=WRITE_CHUNK {blockData=conID: 1 locID: 102665037755974295 bcsId: 4795} | ret=SUCCESS |  
2019-08-23 07:09:15,410 | INFO  | DNAudit | user=null | ip=null | op=WRITE_CHUNK {blockData=conID: 1 locID: 102665037755974295 bcsId: 4795} | ret=SUCCESS |  
2019-08-23 07:09:15,410 | INFO  | DNAudit | user=null | ip=null | op=WRITE_CHUNK {blockData=conID: 1 locID: 102665037755974295 bcsId: 4795} | ret=SUCCESS |  
2019-08-23 07:09:15,422 | INFO  | DNAudit | user=null | ip=null | op=WRITE_CHUNK {blockData=conID: 1 locID: 102665037755974295 bcsId: 4789} | ret=SUCCESS |  
2019-08-23 07:09:15,422 | INFO  | DNAudit | user=null | ip=null | op=WRITE_CHUNK {blockData=conID: 1 locID: 102665037755974295 bcsId: 4789} | ret=SUCCESS |  
2019-08-23 07:09:15,423 | INFO  | DNAudit | user=null | ip=null | op=PUT_BLOCK {blockData=[blockId=conID: 1 locID: 102665037755974295 bcsId: 0,size=3145728]} | ret=SUCCESS |  
2019-08-23 07:09:15,423 | INFO  | DNAudit | user=null | ip=null | op=PUT_BLOCK {blockData=[blockId=conID: 1 locID: 102665037755974295 bcsId: 0,size=3145728]} | ret=SUCCESS |  
2019-08-23 07:09:15,423 | INFO  | DNAudit | user=null | ip=null | op=WRITE_CHUNK {blockData=conID: 1 locID: 102665037755974295 bcsId: 4795} | ret=SUCCESS |  
2019-08-23 07:09:15,424 | INFO  | DNAudit | user=null | ip=null | op=PUT_BLOCK {blockData=[blockId=conID: 1 locID: 102665037755974295 bcsId: 0,size=4194304]} | ret=SUCCESS |  
2019-08-23 07:09:15,424 [grpc-default-executor-0] INFO  client.GrpcClientProtocolClient (GrpcClientProtocolClient.java:onNext(255)) - client-D91E5D1E15CE->f2ba01fc-a63e-4348-bd18-030b60a135e7: receive RaftClientReply:client-D91E5D1E15CE->f2ba01fc-a63e-4348-bd18-030b60a135e7@group-C8C62FEF0626, cid=3195, SUCCESS, logIndex=4798, commits[f2ba01fc-a63e-4348-bd18-030b60a135e7:c4799, eab135d4-a257-4705-b491-6c056b8c5df7:c4795, a4f67574-9018-43e7-8a54-351e98dc3d0a:c4795]
2019-08-23 07:09:15,424 [grpc-default-executor-0] INFO  client.GrpcClientProtocolClient (GrpcClientProtocolClient.java:onNext(255)) - client-D91E5D1E15CE->f2ba01fc-a63e-4348-bd18-030b60a135e7: receive RaftClientReply:client-D91E5D1E15CE->f2ba01fc-a63e-4348-bd18-030b60a135e7@group-C8C62FEF0626, cid=3196, SUCCESS, logIndex=4799, commits[f2ba01fc-a63e-4348-bd18-030b60a135e7:c4799, eab135d4-a257-4705-b491-6c056b8c5df7:c4795, a4f67574-9018-43e7-8a54-351e98dc3d0a:c4795]
2019-08-23 07:09:15,435 | INFO  | DNAudit | user=null | ip=null | op=WRITE_CHUNK {blockData=conID: 1 locID: 102665037755974295 bcsId: 4795} | ret=SUCCESS |  
2019-08-23 07:09:15,435 | INFO  | DNAudit | user=null | ip=null | op=WRITE_CHUNK {blockData=conID: 1 locID: 102665037755974295 bcsId: 4795} | ret=SUCCESS |  
2019-08-23 07:09:15,436 | INFO  | DNAudit | user=null | ip=null | op=PUT_BLOCK {blockData=[blockId=conID: 1 locID: 102665037755974295 bcsId: 0,size=4194304]} | ret=SUCCESS |  
2019-08-23 07:09:15,437 | INFO  | DNAudit | user=null | ip=null | op=PUT_BLOCK {blockData=[blockId=conID: 1 locID: 102665037755974295 bcsId: 0,size=4194304]} | ret=SUCCESS |  
2019-08-23 07:09:15,437 [grpc-default-executor-0] INFO  client.GrpcClientProtocolClient (GrpcClientProtocolClient.java:onNext(255)) - client-D91E5D1E15CE->f2ba01fc-a63e-4348-bd18-030b60a135e7: receive RaftClientReply:client-D91E5D1E15CE->f2ba01fc-a63e-4348-bd18-030b60a135e7@group-C8C62FEF0626, cid=3197, SUCCESS, logIndex=0, commits[f2ba01fc-a63e-4348-bd18-030b60a135e7:c4801, eab135d4-a257-4705-b491-6c056b8c5df7:c4799, a4f67574-9018-43e7-8a54-351e98dc3d0a:c4799]
2019-08-23 07:09:15,443 | INFO  | SCMAudit | user=jenkins1000 | ip=192.168.5.178 | op=ALLOCATE_BLOCK {owner=aaf04d22-10dd-4717-8862-c651bdde72cf, size=4194304, type=RATIS, factor=THREE} | ret=SUCCESS |  
2019-08-23 07:09:15,446 | INFO  | OMAudit | user=jenkins1000 | ip=127.0.0.1 | op=ALLOCATE_BLOCK {volume=vol-0-67663, bucket=bucket-0-68950, key=key-0-26970, dataSize=0, replicationType=null, replicationFactor=null, keyLocationInfo=null, clientID=102665036030476690} | ret=SUCCESS |  
2019-08-23 07:09:15,453 | INFO  | DNAudit | user=null | ip=null | op=WRITE_CHUNK {blockData=conID: 2 locID: 102665037771047576 bcsId: 0} | ret=SUCCESS |  
2019-08-23 07:09:15,455 | INFO  | DNAudit | user=null | ip=null | op=WRITE_CHUNK {blockData=conID: 2 locID: 102665037771047576 bcsId: 0} | ret=SUCCESS |  
2019-08-23 07:09:15,456 | INFO  | DNAudit | user=null | ip=null | op=WRITE_CHUNK {blockData=conID: 2 locID: 102665037771047576 bcsId: 0} | ret=SUCCESS |  
2019-08-23 07:09:15,456 | INFO  | DNAudit | user=null | ip=null | op=WRITE_CHUNK {blockData=conID: 2 locID: 102665037771047576 bcsId: 0} | ret=SUCCESS |  
2019-08-23 07:09:15,457 | INFO  | DNAudit | user=null | ip=null | op=WRITE_CHUNK {blockData=conID: 2 locID: 102665037771047576 bcsId: 0} | ret=SUCCESS |  
2019-08-23 07:09:15,458 | INFO  | DNAudit | user=null | ip=null | op=WRITE_CHUNK {blockData=conID: 2 locID: 102665037771047576 bcsId: 0} | ret=SUCCESS |  
2019-08-23 07:09:15,466 | INFO  | DNAudit | user=null | ip=null | op=WRITE_CHUNK {blockData=conID: 2 locID: 102665037771047576 bcsId: 0} | ret=SUCCESS |  
2019-08-23 07:09:15,466 | INFO  | DNAudit | user=null | ip=null | op=PUT_BLOCK {blockData=[blockId=conID: 2 locID: 102665037771047576 bcsId: 0,size=1048576]} | ret=SUCCESS |  
2019-08-23 07:09:15,467 [grpc-default-executor-0] INFO  client.GrpcClientProtocolClient (GrpcClientProtocolClient.java:onNext(255)) - client-D91E5D1E15CE->f2ba01fc-a63e-4348-bd18-030b60a135e7: receive RaftClientReply:client-D91E5D1E15CE->f2ba01fc-a63e-4348-bd18-030b60a135e7@group-C8C62FEF0626, cid=3198, SUCCESS, logIndex=4802, commits[f2ba01fc-a63e-4348-bd18-030b60a135e7:c4804, eab135d4-a257-4705-b491-6c056b8c5df7:c4801, a4f67574-9018-43e7-8a54-351e98dc3d0a:c4801]
2019-08-23 07:09:15,467 | INFO  | DNAudit | user=null | ip=null | op=WRITE_CHUNK {blockData=conID: 2 locID: 102665037771047576 bcsId: 0} | ret=SUCCESS |  
2019-08-23 07:09:15,467 | INFO  | DNAudit | user=null | ip=null | op=PUT_BLOCK {blockData=[blockId=conID: 2 locID: 102665037771047576 bcsId: 0,size=2097152]} | ret=SUCCESS |  
2019-08-23 07:09:15,467 [grpc-default-executor-0] INFO  client.GrpcClientProtocolClient (GrpcClientProtocolClient.java:onNext(255)) - client-D91E5D1E15CE->f2ba01fc-a63e-4348-bd18-030b60a135e7: receive RaftClientReply:client-D91E5D1E15CE->f2ba01fc-a63e-4348-bd18-030b60a135e7@group-C8C62FEF0626, cid=3199, SUCCESS, logIndex=4803, commits[f2ba01fc-a63e-4348-bd18-030b60a135e7:c4805, eab135d4-a257-4705-b491-6c056b8c5df7:c4801, a4f67574-9018-43e7-8a54-351e98dc3d0a:c4801]
2019-08-23 07:09:15,468 [grpc-default-executor-0] INFO  client.GrpcClientProtocolClient (GrpcClientProtocolClient.java:onNext(255)) - client-D91E5D1E15CE->f2ba01fc-a63e-4348-bd18-030b60a135e7: receive RaftClientReply:client-D91E5D1E15CE->f2ba01fc-a63e-4348-bd18-030b60a135e7@group-C8C62FEF0626, cid=3200, SUCCESS, logIndex=4804, commits[f2ba01fc-a63e-4348-bd18-030b60a135e7:c4805, eab135d4-a257-4705-b491-6c056b8c5df7:c4801, a4f67574-9018-43e7-8a54-351e98dc3d0a:c4801]
2019-08-23 07:09:15,468 | INFO  | DNAudit | user=null | ip=null | op=WRITE_CHUNK {blockData=conID: 2 locID: 102665037771047576 bcsId: 0} | ret=SUCCESS |  
2019-08-23 07:09:15,468 | INFO  | DNAudit | user=null | ip=null | op=WRITE_CHUNK {blockData=conID: 2 locID: 102665037771047576 bcsId: 0} | ret=SUCCESS |  
2019-08-23 07:09:15,468 | INFO  | DNAudit | user=null | ip=null | op=PUT_BLOCK {blockData=[blockId=conID: 2 locID: 102665037771047576 bcsId: 0,size=1048576]} | ret=SUCCESS |  
2019-08-23 07:09:15,468 | INFO  | DNAudit | user=null | ip=null | op=PUT_BLOCK {blockData=[blockId=conID: 2 locID: 102665037771047576 bcsId: 0,size=1048576]} | ret=SUCCESS |  
2019-08-23 07:09:15,468 [grpc-default-executor-6] INFO  client.GrpcClientProtocolClient (GrpcClientProtocolClient.java:onNext(255)) - client-D91E5D1E15CE->f2ba01fc-a63e-4348-bd18-030b60a135e7: receive RaftClientReply:client-D91E5D1E15CE->f2ba01fc-a63e-4348-bd18-030b60a135e7@group-C8C62FEF0626, cid=3201, SUCCESS, logIndex=4805, commits[f2ba01fc-a63e-4348-bd18-030b60a135e7:c4805, eab135d4-a257-4705-b491-6c056b8c5df7:c4801, a4f67574-9018-43e7-8a54-351e98dc3d0a:c4801]
2019-08-23 07:09:15,469 | INFO  | DNAudit | user=null | ip=null | op=WRITE_CHUNK {blockData=conID: 2 locID: 102665037771047576 bcsId: 0} | ret=SUCCESS |  
2019-08-23 07:09:15,469 [grpc-default-executor-6] INFO  client.GrpcClientProtocolClient (GrpcClientProtocolClient.java:onNext(255)) - client-D91E5D1E15CE->f2ba01fc-a63e-4348-bd18-030b60a135e7: receive RaftClientReply:client-D91E5D1E15CE->f2ba01fc-a63e-4348-bd18-030b60a135e7@group-C8C62FEF0626, cid=3202, SUCCESS, logIndex=0, commits[f2ba01fc-a63e-4348-bd18-030b60a135e7:c4807, eab135d4-a257-4705-b491-6c056b8c5df7:c4803, a4f67574-9018-43e7-8a54-351e98dc3d0a:c4803]
2019-08-23 07:09:15,469 | INFO  | DNAudit | user=null | ip=null | op=PUT_BLOCK {blockData=[blockId=conID: 2 locID: 102665037771047576 bcsId: 0,size=2097152]} | ret=SUCCESS |  
2019-08-23 07:09:15,470 | INFO  | DNAudit | user=null | ip=null | op=WRITE_CHUNK {blockData=conID: 2 locID: 102665037771047576 bcsId: 0} | ret=SUCCESS |  
2019-08-23 07:09:15,470 | INFO  | DNAudit | user=null | ip=null | op=PUT_BLOCK {blockData=[blockId=conID: 2 locID: 102665037771047576 bcsId: 0,size=2097152]} | ret=SUCCESS |  
2019-08-23 07:09:15,476 | INFO  | DNAudit | user=null | ip=null | op=WRITE_CHUNK {blockData=conID: 2 locID: 102665037771047576 bcsId: 4805} | ret=SUCCESS |  
2019-08-23 07:09:15,478 | INFO  | DNAudit | user=null | ip=null | op=WRITE_CHUNK {blockData=conID: 2 locID: 102665037771047576 bcsId: 4805} | ret=SUCCESS |  
2019-08-23 07:09:15,478 | INFO  | DNAudit | user=null | ip=null | op=WRITE_CHUNK {blockData=conID: 2 locID: 102665037771047576 bcsId: 4805} | ret=SUCCESS |  
2019-08-23 07:09:15,489 | INFO  | DNAudit | user=null | ip=null | op=WRITE_CHUNK {blockData=conID: 2 locID: 102665037771047576 bcsId: 4805} | ret=SUCCESS |  
2019-08-23 07:09:15,489 | INFO  | DNAudit | user=null | ip=null | op=PUT_BLOCK {blockData=[blockId=conID: 2 locID: 102665037771047576 bcsId: 0,size=3145728]} | ret=SUCCESS |  
2019-08-23 07:09:15,489 [grpc-default-executor-3] INFO  client.GrpcClientProtocolClient (GrpcClientProtocolClient.java:onNext(255)) - client-D91E5D1E15CE->f2ba01fc-a63e-4348-bd18-030b60a135e7: receive RaftClientReply:client-D91E5D1E15CE->f2ba01fc-a63e-4348-bd18-030b60a135e7@group-C8C62FEF0626, cid=3203, SUCCESS, logIndex=4810, commits[f2ba01fc-a63e-4348-bd18-030b60a135e7:c4811, eab135d4-a257-4705-b491-6c056b8c5df7:c4809, a4f67574-9018-43e7-8a54-351e98dc3d0a:c4809]
2019-08-23 07:09:15,490 [grpc-default-executor-3] INFO  client.GrpcClientProtocolClient (GrpcClientProtocolClient.java:onNext(255)) - client-D91E5D1E15CE->f2ba01fc-a63e-4348-bd18-030b60a135e7: receive RaftClientReply:client-D91E5D1E15CE->f2ba01fc-a63e-4348-bd18-030b60a135e7@group-C8C62FEF0626, cid=3204, SUCCESS, logIndex=4811, commits[f2ba01fc-a63e-4348-bd18-030b60a135e7:c4811, eab135d4-a257-4705-b491-6c056b8c5df7:c4809, a4f67574-9018-43e7-8a54-351e98dc3d0a:c4809]
2019-08-23 07:09:15,496 | INFO  | DNAudit | user=null | ip=null | op=WRITE_CHUNK {blockData=conID: 2 locID: 102665037771047576 bcsId: 4811} | ret=SUCCESS |  
2019-08-23 07:09:15,497 | INFO  | DNAudit | user=null | ip=null | op=WRITE_CHUNK {blockData=conID: 2 locID: 102665037771047576 bcsId: 4811} | ret=SUCCESS |  
2019-08-23 07:09:15,498 | INFO  | DNAudit | user=null | ip=null | op=WRITE_CHUNK {blockData=conID: 2 locID: 102665037771047576 bcsId: 4811} | ret=SUCCESS |  
2019-08-23 07:09:15,500 | INFO  | DNAudit | user=null | ip=null | op=WRITE_CHUNK {blockData=conID: 2 locID: 102665037771047576 bcsId: 4805} | ret=SUCCESS |  
2019-08-23 07:09:15,501 | INFO  | DNAudit | user=null | ip=null | op=WRITE_CHUNK {blockData=conID: 2 locID: 102665037771047576 bcsId: 4805} | ret=SUCCESS |  
2019-08-23 07:09:15,502 | INFO  | DNAudit | user=null | ip=null | op=PUT_BLOCK {blockData=[blockId=conID: 2 locID: 102665037771047576 bcsId: 0,size=3145728]} | ret=SUCCESS |  
2019-08-23 07:09:15,502 | INFO  | DNAudit | user=null | ip=null | op=PUT_BLOCK {blockData=[blockId=conID: 2 locID: 102665037771047576 bcsId: 0,size=3145728]} | ret=SUCCESS |  
2019-08-23 07:09:15,502 | INFO  | DNAudit | user=null | ip=null | op=WRITE_CHUNK {blockData=conID: 2 locID: 102665037771047576 bcsId: 4811} | ret=SUCCESS |  
2019-08-23 07:09:15,503 | INFO  | DNAudit | user=null | ip=null | op=PUT_BLOCK {blockData=[blockId=conID: 2 locID: 102665037771047576 bcsId: 0,size=4194304]} | ret=SUCCESS |  
2019-08-23 07:09:15,503 [grpc-default-executor-3] INFO  client.GrpcClientProtocolClient (GrpcClientProtocolClient.java:onNext(255)) - client-D91E5D1E15CE->f2ba01fc-a63e-4348-bd18-030b60a135e7: receive RaftClientReply:client-D91E5D1E15CE->f2ba01fc-a63e-4348-bd18-030b60a135e7@group-C8C62FEF0626, cid=3205, SUCCESS, logIndex=4814, commits[f2ba01fc-a63e-4348-bd18-030b60a135e7:c4815, eab135d4-a257-4705-b491-6c056b8c5df7:c4811, a4f67574-9018-43e7-8a54-351e98dc3d0a:c4811]
2019-08-23 07:09:15,503 [grpc-default-executor-3] INFO  client.GrpcClientProtocolClient (GrpcClientProtocolClient.java:onNext(255)) - client-D91E5D1E15CE->f2ba01fc-a63e-4348-bd18-030b60a135e7: receive RaftClientReply:client-D91E5D1E15CE->f2ba01fc-a63e-4348-bd18-030b60a135e7@group-C8C62FEF0626, cid=3206, SUCCESS, logIndex=4815, commits[f2ba01fc-a63e-4348-bd18-030b60a135e7:c4815, eab135d4-a257-4705-b491-6c056b8c5df7:c4811, a4f67574-9018-43e7-8a54-351e98dc3d0a:c4811]
2019-08-23 07:09:15,514 | INFO  | DNAudit | user=null | ip=null | op=WRITE_CHUNK {blockData=conID: 2 locID: 102665037771047576 bcsId: 4811} | ret=SUCCESS |  
2019-08-23 07:09:15,514 | INFO  | DNAudit | user=null | ip=null | op=WRITE_CHUNK {blockData=conID: 2 locID: 102665037771047576 bcsId: 4811} | ret=SUCCESS |  
2019-08-23 07:09:15,515 | INFO  | DNAudit | user=null | ip=null | op=PUT_BLOCK {blockData=[blockId=conID: 2 locID: 102665037771047576 bcsId: 0,size=4194304]} | ret=SUCCESS |  
2019-08-23 07:09:15,515 | INFO  | DNAudit | user=null | ip=null | op=PUT_BLOCK {blockData=[blockId=conID: 2 locID: 102665037771047576 bcsId: 0,size=4194304]} | ret=SUCCESS |  
2019-08-23 07:09:15,516 [grpc-default-executor-3] INFO  client.GrpcClientProtocolClient (GrpcClientProtocolClient.java:onNext(255)) - client-D91E5D1E15CE->f2ba01fc-a63e-4348-bd18-030b60a135e7: receive RaftClientReply:client-D91E5D1E15CE->f2ba01fc-a63e-4348-bd18-030b60a135e7@group-C8C62FEF0626, cid=3207, SUCCESS, logIndex=0, commits[f2ba01fc-a63e-4348-bd18-030b60a135e7:c4817, eab135d4-a257-4705-b491-6c056b8c5df7:c4815, a4f67574-9018-43e7-8a54-351e98dc3d0a:c4815]
2019-08-23 07:09:15,523 | INFO  | SCMAudit | user=jenkins1000 | ip=192.168.5.178 | op=ALLOCATE_BLOCK {owner=aaf04d22-10dd-4717-8862-c651bdde72cf, size=4194304, type=RATIS, factor=THREE} | ret=SUCCESS |  
2019-08-23 07:09:15,528 | INFO  | OMAudit | user=jenkins1000 | ip=127.0.0.1 | op=ALLOCATE_BLOCK {volume=vol-0-67663, bucket=bucket-0-68950, key=key-0-26970, dataSize=0, replicationType=null, replicationFactor=null, keyLocationInfo=null, clientID=102665036030476690} | ret=SUCCESS |  
2019-08-23 07:09:15,536 | INFO  | DNAudit | user=null | ip=null | op=WRITE_CHUNK {blockData=conID: 3 locID: 102665037776355993 bcsId: 0} | ret=SUCCESS |  
2019-08-23 07:09:15,539 | INFO  | DNAudit | user=null | ip=null | op=WRITE_CHUNK {blockData=conID: 3 locID: 102665037776355993 bcsId: 0} | ret=SUCCESS |  
2019-08-23 07:09:15,539 | INFO  | DNAudit | user=null | ip=null | op=WRITE_CHUNK {blockData=conID: 3 locID: 102665037776355993 bcsId: 0} | ret=SUCCESS |  
2019-08-23 07:09:15,540 | INFO  | DNAudit | user=null | ip=null | op=WRITE_CHUNK {blockData=conID: 3 locID: 102665037776355993 bcsId: 0} | ret=SUCCESS |  
2019-08-23 07:09:15,541 | INFO  | DNAudit | user=null | ip=null | op=WRITE_CHUNK {blockData=conID: 3 locID: 102665037776355993 bcsId: 0} | ret=SUCCESS |  
2019-08-23 07:09:15,542 | INFO  | DNAudit | user=null | ip=null | op=WRITE_CHUNK {blockData=conID: 3 locID: 102665037776355993 bcsId: 0} | ret=SUCCESS |  
2019-08-23 07:09:15,549 | INFO  | DNAudit | user=null | ip=null | op=WRITE_CHUNK {blockData=conID: 3 locID: 102665037776355993 bcsId: 0} | ret=SUCCESS |  
2019-08-23 07:09:15,550 | INFO  | DNAudit | user=null | ip=null | op=PUT_BLOCK {blockData=[blockId=conID: 3 locID: 102665037776355993 bcsId: 0,size=1048576]} | ret=SUCCESS |  
2019-08-23 07:09:15,550 | INFO  | DNAudit | user=null | ip=null | op=WRITE_CHUNK {blockData=conID: 3 locID: 102665037776355993 bcsId: 0} | ret=SUCCESS |  
2019-08-23 07:09:15,550 [grpc-default-executor-0] INFO  client.GrpcClientProtocolClient (GrpcClientProtocolClient.java:onNext(255)) - client-D91E5D1E15CE->f2ba01fc-a63e-4348-bd18-030b60a135e7: receive RaftClientReply:client-D91E5D1E15CE->f2ba01fc-a63e-4348-bd18-030b60a135e7@group-C8C62FEF0626, cid=3208, SUCCESS, logIndex=4818, commits[f2ba01fc-a63e-4348-bd18-030b60a135e7:c4820, eab135d4-a257-4705-b491-6c056b8c5df7:c4817, a4f67574-9018-43e7-8a54-351e98dc3d0a:c4817]
2019-08-23 07:09:15,550 | INFO  | DNAudit | user=null | ip=null | op=PUT_BLOCK {blockData=[blockId=conID: 3 locID: 102665037776355993 bcsId: 0,size=2097152]} | ret=SUCCESS |  
2019-08-23 07:09:15,550 [grpc-default-executor-0] INFO  client.GrpcClientProtocolClient (GrpcClientProtocolClient.java:onNext(255)) - client-D91E5D1E15CE->f2ba01fc-a63e-4348-bd18-030b60a135e7: receive RaftClientReply:client-D91E5D1E15CE->f2ba01fc-a63e-4348-bd18-030b60a135e7@group-C8C62FEF0626, cid=3209, SUCCESS, logIndex=4819, commits[f2ba01fc-a63e-4348-bd18-030b60a135e7:c4821, eab135d4-a257-4705-b491-6c056b8c5df7:c4817, a4f67574-9018-43e7-8a54-351e98dc3d0a:c4817]
2019-08-23 07:09:15,551 | INFO  | DNAudit | user=null | ip=null | op=WRITE_CHUNK {blockData=conID: 3 locID: 102665037776355993 bcsId: 0} | ret=SUCCESS |  
2019-08-23 07:09:15,551 [grpc-default-executor-0] INFO  client.GrpcClientProtocolClient (GrpcClientProtocolClient.java:onNext(255)) - client-D91E5D1E15CE->f2ba01fc-a63e-4348-bd18-030b60a135e7: receive RaftClientReply:client-D91E5D1E15CE->f2ba01fc-a63e-4348-bd18-030b60a135e7@group-C8C62FEF0626, cid=3210, SUCCESS, logIndex=4820, commits[f2ba01fc-a63e-4348-bd18-030b60a135e7:c4821, eab135d4-a257-4705-b491-6c056b8c5df7:c4817, a4f67574-9018-43e7-8a54-351e98dc3d0a:c4817]
2019-08-23 07:09:15,551 | INFO  | DNAudit | user=null | ip=null | op=WRITE_CHUNK {blockData=conID: 3 locID: 102665037776355993 bcsId: 0} | ret=SUCCESS |  
2019-08-23 07:09:15,551 | INFO  | DNAudit | user=null | ip=null | op=PUT_BLOCK {blockData=[blockId=conID: 3 locID: 102665037776355993 bcsId: 0,size=1048576]} | ret=SUCCESS |  
2019-08-23 07:09:15,551 [grpc-default-executor-0] INFO  client.GrpcClientProtocolClient (GrpcClientProtocolClient.java:onNext(255)) - client-D91E5D1E15CE->f2ba01fc-a63e-4348-bd18-030b60a135e7: receive RaftClientReply:client-D91E5D1E15CE->f2ba01fc-a63e-4348-bd18-030b60a135e7@group-C8C62FEF0626, cid=3211, SUCCESS, logIndex=4821, commits[f2ba01fc-a63e-4348-bd18-030b60a135e7:c4821, eab135d4-a257-4705-b491-6c056b8c5df7:c4817, a4f67574-9018-43e7-8a54-351e98dc3d0a:c4817]
2019-08-23 07:09:15,551 | INFO  | DNAudit | user=null | ip=null | op=WRITE_CHUNK {blockData=conID: 3 locID: 102665037776355993 bcsId: 0} | ret=SUCCESS |  
2019-08-23 07:09:15,552 | INFO  | DNAudit | user=null | ip=null | op=PUT_BLOCK {blockData=[blockId=conID: 3 locID: 102665037776355993 bcsId: 0,size=1048576]} | ret=SUCCESS |  
2019-08-23 07:09:15,552 | INFO  | DNAudit | user=null | ip=null | op=WRITE_CHUNK {blockData=conID: 3 locID: 102665037776355993 bcsId: 0} | ret=SUCCESS |  
2019-08-23 07:09:15,552 | INFO  | DNAudit | user=null | ip=null | op=PUT_BLOCK {blockData=[blockId=conID: 3 locID: 102665037776355993 bcsId: 0,size=2097152]} | ret=SUCCESS |  
2019-08-23 07:09:15,553 | INFO  | DNAudit | user=null | ip=null | op=PUT_BLOCK {blockData=[blockId=conID: 3 locID: 102665037776355993 bcsId: 0,size=2097152]} | ret=SUCCESS |  
2019-08-23 07:09:15,553 [grpc-default-executor-3] INFO  client.GrpcClientProtocolClient (GrpcClientProtocolClient.java:onNext(255)) - client-D91E5D1E15CE->f2ba01fc-a63e-4348-bd18-030b60a135e7: receive RaftClientReply:client-D91E5D1E15CE->f2ba01fc-a63e-4348-bd18-030b60a135e7@group-C8C62FEF0626, cid=3212, SUCCESS, logIndex=0, commits[f2ba01fc-a63e-4348-bd18-030b60a135e7:c4824, eab135d4-a257-4705-b491-6c056b8c5df7:c4820, a4f67574-9018-43e7-8a54-351e98dc3d0a:c4819]
2019-08-23 07:09:15,559 | INFO  | DNAudit | user=null | ip=null | op=WRITE_CHUNK {blockData=conID: 3 locID: 102665037776355993 bcsId: 4821} | ret=SUCCESS |  
2019-08-23 07:09:15,561 | INFO  | DNAudit | user=null | ip=null | op=WRITE_CHUNK {blockData=conID: 3 locID: 102665037776355993 bcsId: 4821} | ret=SUCCESS |  
2019-08-23 07:09:15,561 | INFO  | DNAudit | user=null | ip=null | op=WRITE_CHUNK {blockData=conID: 3 locID: 102665037776355993 bcsId: 4821} | ret=SUCCESS |  
2019-08-23 07:09:15,572 | INFO  | DNAudit | user=null | ip=null | op=WRITE_CHUNK {blockData=conID: 3 locID: 102665037776355993 bcsId: 4821} | ret=SUCCESS |  
2019-08-23 07:09:15,572 | INFO  | DNAudit | user=null | ip=null | op=PUT_BLOCK {blockData=[blockId=conID: 3 locID: 102665037776355993 bcsId: 0,size=3145728]} | ret=SUCCESS |  
2019-08-23 07:09:15,572 [grpc-default-executor-0] INFO  client.GrpcClientProtocolClient (GrpcClientProtocolClient.java:onNext(255)) - client-D91E5D1E15CE->f2ba01fc-a63e-4348-bd18-030b60a135e7: receive RaftClientReply:client-D91E5D1E15CE->f2ba01fc-a63e-4348-bd18-030b60a135e7@group-C8C62FEF0626, cid=3213, SUCCESS, logIndex=4826, commits[f2ba01fc-a63e-4348-bd18-030b60a135e7:c4827, eab135d4-a257-4705-b491-6c056b8c5df7:c4825, a4f67574-9018-43e7-8a54-351e98dc3d0a:c4825]
2019-08-23 07:09:15,573 [grpc-default-executor-0] INFO  client.GrpcClientProtocolClient (GrpcClientProtocolClient.java:onNext(255)) - client-D91E5D1E15CE->f2ba01fc-a63e-4348-bd18-030b60a135e7: receive RaftClientReply:client-D91E5D1E15CE->f2ba01fc-a63e-4348-bd18-030b60a135e7@group-C8C62FEF0626, cid=3214, SUCCESS, logIndex=4827, commits[f2ba01fc-a63e-4348-bd18-030b60a135e7:c4827, eab135d4-a257-4705-b491-6c056b8c5df7:c4825, a4f67574-9018-43e7-8a54-351e98dc3d0a:c4825]
2019-08-23 07:09:15,579 | INFO  | DNAudit | user=null | ip=null | op=WRITE_CHUNK {blockData=conID: 3 locID: 102665037776355993 bcsId: 4827} | ret=SUCCESS |  
2019-08-23 07:09:15,581 | INFO  | DNAudit | user=null | ip=null | op=WRITE_CHUNK {blockData=conID: 3 locID: 102665037776355993 bcsId: 4827} | ret=SUCCESS |  
2019-08-23 07:09:15,581 | INFO  | DNAudit | user=null | ip=null | op=WRITE_CHUNK {blockData=conID: 3 locID: 102665037776355993 bcsId: 4827} | ret=SUCCESS |  
2019-08-23 07:09:15,583 | INFO  | DNAudit | user=null | ip=null | op=WRITE_CHUNK {blockData=conID: 3 locID: 102665037776355993 bcsId: 4821} | ret=SUCCESS |  
2019-08-23 07:09:15,583 | INFO  | DNAudit | user=null | ip=null | op=WRITE_CHUNK {blockData=conID: 3 locID: 102665037776355993 bcsId: 4821} | ret=SUCCESS |  
2019-08-23 07:09:15,584 | INFO  | DNAudit | user=null | ip=null | op=PUT_BLOCK {blockData=[blockId=conID: 3 locID: 102665037776355993 bcsId: 0,size=3145728]} | ret=SUCCESS |  
2019-08-23 07:09:15,584 | INFO  | DNAudit | user=null | ip=null | op=PUT_BLOCK {blockData=[blockId=conID: 3 locID: 102665037776355993 bcsId: 0,size=3145728]} | ret=SUCCESS |  
2019-08-23 07:09:15,585 | INFO  | DNAudit | user=null | ip=null | op=WRITE_CHUNK {blockData=conID: 3 locID: 102665037776355993 bcsId: 4827} | ret=SUCCESS |  
2019-08-23 07:09:15,585 | INFO  | DNAudit | user=null | ip=null | op=PUT_BLOCK {blockData=[blockId=conID: 3 locID: 102665037776355993 bcsId: 0,size=4194304]} | ret=SUCCESS |  
2019-08-23 07:09:15,585 [grpc-default-executor-3] INFO  client.GrpcClientProtocolClient (GrpcClientProtocolClient.java:onNext(255)) - client-D91E5D1E15CE->f2ba01fc-a63e-4348-bd18-030b60a135e7: receive RaftClientReply:client-D91E5D1E15CE->f2ba01fc-a63e-4348-bd18-030b60a135e7@group-C8C62FEF0626, cid=3215, SUCCESS, logIndex=4830, commits[f2ba01fc-a63e-4348-bd18-030b60a135e7:c4831, eab135d4-a257-4705-b491-6c056b8c5df7:c4827, a4f67574-9018-43e7-8a54-351e98dc3d0a:c4827]
2019-08-23 07:09:15,586 [grpc-default-executor-3] INFO  client.GrpcClientProtocolClient (GrpcClientProtocolClient.java:onNext(255)) - client-D91E5D1E15CE->f2ba01fc-a63e-4348-bd18-030b60a135e7: receive RaftClientReply:client-D91E5D1E15CE->f2ba01fc-a63e-4348-bd18-030b60a135e7@group-C8C62FEF0626, cid=3216, SUCCESS, logIndex=4831, commits[f2ba01fc-a63e-4348-bd18-030b60a135e7:c4831, eab135d4-a257-4705-b491-6c056b8c5df7:c4827, a4f67574-9018-43e7-8a54-351e98dc3d0a:c4827]
2019-08-23 07:09:15,597 | INFO  | DNAudit | user=null | ip=null | op=WRITE_CHUNK {blockData=conID: 3 locID: 102665037776355993 bcsId: 4827} | ret=SUCCESS |  
2019-08-23 07:09:15,597 | INFO  | DNAudit | user=null | ip=null | op=WRITE_CHUNK {blockData=conID: 3 locID: 102665037776355993 bcsId: 4827} | ret=SUCCESS |  
2019-08-23 07:09:15,598 | INFO  | DNAudit | user=null | ip=null | op=PUT_BLOCK {blockData=[blockId=conID: 3 locID: 102665037776355993 bcsId: 0,size=4194304]} | ret=SUCCESS |  
2019-08-23 07:09:15,598 | INFO  | DNAudit | user=null | ip=null | op=PUT_BLOCK {blockData=[blockId=conID: 3 locID: 102665037776355993 bcsId: 0,size=4194304]} | ret=SUCCESS |  
2019-08-23 07:09:15,599 [grpc-default-executor-3] INFO  client.GrpcClientProtocolClient (GrpcClientProtocolClient.java:onNext(255)) - client-D91E5D1E15CE->f2ba01fc-a63e-4348-bd18-030b60a135e7: receive RaftClientReply:client-D91E5D1E15CE->f2ba01fc-a63e-4348-bd18-030b60a135e7@group-C8C62FEF0626, cid=3217, SUCCESS, logIndex=0, commits[f2ba01fc-a63e-4348-bd18-030b60a135e7:c4833, eab135d4-a257-4705-b491-6c056b8c5df7:c4831, a4f67574-9018-43e7-8a54-351e98dc3d0a:c4831]
2019-08-23 07:09:15,606 | INFO  | SCMAudit | user=jenkins1000 | ip=192.168.5.178 | op=ALLOCATE_BLOCK {owner=aaf04d22-10dd-4717-8862-c651bdde72cf, size=4194304, type=RATIS, factor=THREE} | ret=SUCCESS |  
2019-08-23 07:09:15,610 | INFO  | OMAudit | user=jenkins1000 | ip=127.0.0.1 | op=ALLOCATE_BLOCK {volume=vol-0-67663, bucket=bucket-0-68950, key=key-0-26970, dataSize=0, replicationType=null, replicationFactor=null, keyLocationInfo=null, clientID=102665036030476690} | ret=SUCCESS |  
2019-08-23 07:09:15,617 | INFO  | DNAudit | user=null | ip=null | op=WRITE_CHUNK {blockData=conID: 1 locID: 102665037781729946 bcsId: 0} | ret=SUCCESS |  
2019-08-23 07:09:15,619 | INFO  | DNAudit | user=null | ip=null | op=WRITE_CHUNK {blockData=conID: 1 locID: 102665037781729946 bcsId: 0} | ret=SUCCESS |  
2019-08-23 07:09:15,619 | INFO  | DNAudit | user=null | ip=null | op=WRITE_CHUNK {blockData=conID: 1 locID: 102665037781729946 bcsId: 0} | ret=SUCCESS |  
2019-08-23 07:09:15,620 | INFO  | DNAudit | user=null | ip=null | op=WRITE_CHUNK {blockData=conID: 1 locID: 102665037781729946 bcsId: 0} | ret=SUCCESS |  
2019-08-23 07:09:15,621 | INFO  | DNAudit | user=null | ip=null | op=WRITE_CHUNK {blockData=conID: 1 locID: 102665037781729946 bcsId: 0} | ret=SUCCESS |  
2019-08-23 07:09:15,621 | INFO  | DNAudit | user=null | ip=null | op=WRITE_CHUNK {blockData=conID: 1 locID: 102665037781729946 bcsId: 0} | ret=SUCCESS |  
2019-08-23 07:09:15,629 | INFO  | DNAudit | user=null | ip=null | op=WRITE_CHUNK {blockData=conID: 1 locID: 102665037781729946 bcsId: 0} | ret=SUCCESS |  
2019-08-23 07:09:15,630 | INFO  | DNAudit | user=null | ip=null | op=PUT_BLOCK {blockData=[blockId=conID: 1 locID: 102665037781729946 bcsId: 0,size=1048576]} | ret=SUCCESS |  
2019-08-23 07:09:15,630 | INFO  | DNAudit | user=null | ip=null | op=WRITE_CHUNK {blockData=conID: 1 locID: 102665037781729946 bcsId: 0} | ret=SUCCESS |  
2019-08-23 07:09:15,630 [grpc-default-executor-0] INFO  client.GrpcClientProtocolClient (GrpcClientProtocolClient.java:onNext(255)) - client-D91E5D1E15CE->f2ba01fc-a63e-4348-bd18-030b60a135e7: receive RaftClientReply:client-D91E5D1E15CE->f2ba01fc-a63e-4348-bd18-030b60a135e7@group-C8C62FEF0626, cid=3218, SUCCESS, logIndex=4834, commits[f2ba01fc-a63e-4348-bd18-030b60a135e7:c4836, eab135d4-a257-4705-b491-6c056b8c5df7:c4833, a4f67574-9018-43e7-8a54-351e98dc3d0a:c4833]
2019-08-23 07:09:15,630 | INFO  | DNAudit | user=null | ip=null | op=PUT_BLOCK {blockData=[blockId=conID: 1 locID: 102665037781729946 bcsId: 0,size=2097152]} | ret=SUCCESS |  
2019-08-23 07:09:15,630 [grpc-default-executor-3] INFO  client.GrpcClientProtocolClient (GrpcClientProtocolClient.java:onNext(255)) - client-D91E5D1E15CE->f2ba01fc-a63e-4348-bd18-030b60a135e7: receive RaftClientReply:client-D91E5D1E15CE->f2ba01fc-a63e-4348-bd18-030b60a135e7@group-C8C62FEF0626, cid=3219, SUCCESS, logIndex=4835, commits[f2ba01fc-a63e-4348-bd18-030b60a135e7:c4837, eab135d4-a257-4705-b491-6c056b8c5df7:c4833, a4f67574-9018-43e7-8a54-351e98dc3d0a:c4833]
2019-08-23 07:09:15,631 | INFO  | DNAudit | user=null | ip=null | op=WRITE_CHUNK {blockData=conID: 1 locID: 102665037781729946 bcsId: 0} | ret=SUCCESS |  
2019-08-23 07:09:15,631 [grpc-default-executor-3] INFO  client.GrpcClientProtocolClient (GrpcClientProtocolClient.java:onNext(255)) - client-D91E5D1E15CE->f2ba01fc-a63e-4348-bd18-030b60a135e7: receive RaftClientReply:client-D91E5D1E15CE->f2ba01fc-a63e-4348-bd18-030b60a135e7@group-C8C62FEF0626, cid=3220, SUCCESS, logIndex=4836, commits[f2ba01fc-a63e-4348-bd18-030b60a135e7:c4837, eab135d4-a257-4705-b491-6c056b8c5df7:c4833, a4f67574-9018-43e7-8a54-351e98dc3d0a:c4833]
2019-08-23 07:09:15,631 [grpc-default-executor-3] INFO  client.GrpcClientProtocolClient (GrpcClientProtocolClient.java:onNext(255)) - client-D91E5D1E15CE->f2ba01fc-a63e-4348-bd18-030b60a135e7: receive RaftClientReply:client-D91E5D1E15CE->f2ba01fc-a63e-4348-bd18-030b60a135e7@group-C8C62FEF0626, cid=3221, SUCCESS, logIndex=4837, commits[f2ba01fc-a63e-4348-bd18-030b60a135e7:c4837, eab135d4-a257-4705-b491-6c056b8c5df7:c4833, a4f67574-9018-43e7-8a54-351e98dc3d0a:c4833]
2019-08-23 07:09:15,632 | INFO  | DNAudit | user=null | ip=null | op=WRITE_CHUNK {blockData=conID: 1 locID: 102665037781729946 bcsId: 0} | ret=SUCCESS |  
2019-08-23 07:09:15,632 | INFO  | DNAudit | user=null | ip=null | op=PUT_BLOCK {blockData=[blockId=conID: 1 locID: 102665037781729946 bcsId: 0,size=1048576]} | ret=SUCCESS |  
2019-08-23 07:09:15,632 | INFO  | DNAudit | user=null | ip=null | op=PUT_BLOCK {blockData=[blockId=conID: 1 locID: 102665037781729946 bcsId: 0,size=1048576]} | ret=SUCCESS |  
2019-08-23 07:09:15,632 | INFO  | DNAudit | user=null | ip=null | op=WRITE_CHUNK {blockData=conID: 1 locID: 102665037781729946 bcsId: 0} | ret=SUCCESS |  
2019-08-23 07:09:15,632 | INFO  | DNAudit | user=null | ip=null | op=WRITE_CHUNK {blockData=conID: 1 locID: 102665037781729946 bcsId: 0} | ret=SUCCESS |  
2019-08-23 07:09:15,632 | INFO  | DNAudit | user=null | ip=null | op=PUT_BLOCK {blockData=[blockId=conID: 1 locID: 102665037781729946 bcsId: 0,size=2097152]} | ret=SUCCESS |  
2019-08-23 07:09:15,632 | INFO  | DNAudit | user=null | ip=null | op=PUT_BLOCK {blockData=[blockId=conID: 1 locID: 102665037781729946 bcsId: 0,size=2097152]} | ret=SUCCESS |  
2019-08-23 07:09:15,633 [grpc-default-executor-3] INFO  client.GrpcClientProtocolClient (GrpcClientProtocolClient.java:onNext(255)) - client-D91E5D1E15CE->f2ba01fc-a63e-4348-bd18-030b60a135e7: receive RaftClientReply:client-D91E5D1E15CE->f2ba01fc-a63e-4348-bd18-030b60a135e7@group-C8C62FEF0626, cid=3222, SUCCESS, logIndex=0, commits[f2ba01fc-a63e-4348-bd18-030b60a135e7:c4841, eab135d4-a257-4705-b491-6c056b8c5df7:c4837, a4f67574-9018-43e7-8a54-351e98dc3d0a:c4836]
2019-08-23 07:09:15,639 | INFO  | DNAudit | user=null | ip=null | op=WRITE_CHUNK {blockData=conID: 1 locID: 102665037781729946 bcsId: 4837} | ret=SUCCESS |  
2019-08-23 07:09:15,641 | INFO  | DNAudit | user=null | ip=null | op=WRITE_CHUNK {blockData=conID: 1 locID: 102665037781729946 bcsId: 4837} | ret=SUCCESS |  
2019-08-23 07:09:15,641 | INFO  | DNAudit | user=null | ip=null | op=WRITE_CHUNK {blockData=conID: 1 locID: 102665037781729946 bcsId: 4837} | ret=SUCCESS |  
2019-08-23 07:09:15,652 | INFO  | DNAudit | user=null | ip=null | op=WRITE_CHUNK {blockData=conID: 1 locID: 102665037781729946 bcsId: 4837} | ret=SUCCESS |  
2019-08-23 07:09:15,652 | INFO  | DNAudit | user=null | ip=null | op=PUT_BLOCK {blockData=[blockId=conID: 1 locID: 102665037781729946 bcsId: 0,size=3145728]} | ret=SUCCESS |  
2019-08-23 07:09:15,652 [grpc-default-executor-3] INFO  client.GrpcClientProtocolClient (GrpcClientProtocolClient.java:onNext(255)) - client-D91E5D1E15CE->f2ba01fc-a63e-4348-bd18-030b60a135e7: receive RaftClientReply:client-D91E5D1E15CE->f2ba01fc-a63e-4348-bd18-030b60a135e7@group-C8C62FEF0626, cid=3223, SUCCESS, logIndex=4842, commits[f2ba01fc-a63e-4348-bd18-030b60a135e7:c4843, eab135d4-a257-4705-b491-6c056b8c5df7:c4841, a4f67574-9018-43e7-8a54-351e98dc3d0a:c4841]
2019-08-23 07:09:15,652 [grpc-default-executor-3] INFO  client.GrpcClientProtocolClient (GrpcClientProtocolClient.java:onNext(255)) - client-D91E5D1E15CE->f2ba01fc-a63e-4348-bd18-030b60a135e7: receive RaftClientReply:client-D91E5D1E15CE->f2ba01fc-a63e-4348-bd18-030b60a135e7@group-C8C62FEF0626, cid=3224, SUCCESS, logIndex=4843, commits[f2ba01fc-a63e-4348-bd18-030b60a135e7:c4843, eab135d4-a257-4705-b491-6c056b8c5df7:c4841, a4f67574-9018-43e7-8a54-351e98dc3d0a:c4841]
2019-08-23 07:09:15,653 | INFO  | DNAudit | user=null | ip=null | op=WRITE_CHUNK {blockData=conID: 1 locID: 102665037781729946 bcsId: 4837} | ret=SUCCESS |  
2019-08-23 07:09:15,654 | INFO  | DNAudit | user=null | ip=null | op=WRITE_CHUNK {blockData=conID: 1 locID: 102665037781729946 bcsId: 4837} | ret=SUCCESS |  
2019-08-23 07:09:15,655 | INFO  | DNAudit | user=null | ip=null | op=PUT_BLOCK {blockData=[blockId=conID: 1 locID: 102665037781729946 bcsId: 0,size=3145728]} | ret=SUCCESS |  
2019-08-23 07:09:15,655 | INFO  | DNAudit | user=null | ip=null | op=PUT_BLOCK {blockData=[blockId=conID: 1 locID: 102665037781729946 bcsId: 0,size=3145728]} | ret=SUCCESS |  
2019-08-23 07:09:15,659 | INFO  | DNAudit | user=null | ip=null | op=WRITE_CHUNK {blockData=conID: 1 locID: 102665037781729946 bcsId: 4843} | ret=SUCCESS |  
2019-08-23 07:09:15,660 | INFO  | DNAudit | user=null | ip=null | op=WRITE_CHUNK {blockData=conID: 1 locID: 102665037781729946 bcsId: 4843} | ret=SUCCESS |  
2019-08-23 07:09:15,661 | INFO  | DNAudit | user=null | ip=null | op=WRITE_CHUNK {blockData=conID: 1 locID: 102665037781729946 bcsId: 4843} | ret=SUCCESS |  
2019-08-23 07:09:15,677 | INFO  | DNAudit | user=null | ip=null | op=WRITE_CHUNK {blockData=conID: 1 locID: 102665037781729946 bcsId: 4843} | ret=SUCCESS |  
2019-08-23 07:09:15,678 | INFO  | DNAudit | user=null | ip=null | op=PUT_BLOCK {blockData=[blockId=conID: 1 locID: 102665037781729946 bcsId: 0,size=4194304]} | ret=SUCCESS |  
2019-08-23 07:09:15,678 [grpc-default-executor-0] INFO  client.GrpcClientProtocolClient (GrpcClientProtocolClient.java:onNext(255)) - client-D91E5D1E15CE->f2ba01fc-a63e-4348-bd18-030b60a135e7: receive RaftClientReply:client-D91E5D1E15CE->f2ba01fc-a63e-4348-bd18-030b60a135e7@group-C8C62FEF0626, cid=3225, SUCCESS, logIndex=4846, commits[f2ba01fc-a63e-4348-bd18-030b60a135e7:c4847, eab135d4-a257-4705-b491-6c056b8c5df7:c4845, a4f67574-9018-43e7-8a54-351e98dc3d0a:c4845]
2019-08-23 07:09:15,678 [grpc-default-executor-0] INFO  client.GrpcClientProtocolClient (GrpcClientProtocolClient.java:onNext(255)) - client-D91E5D1E15CE->f2ba01fc-a63e-4348-bd18-030b60a135e7: receive RaftClientReply:client-D91E5D1E15CE->f2ba01fc-a63e-4348-bd18-030b60a135e7@group-C8C62FEF0626, cid=3226, SUCCESS, logIndex=4847, commits[f2ba01fc-a63e-4348-bd18-030b60a135e7:c4847, eab135d4-a257-4705-b491-6c056b8c5df7:c4845, a4f67574-9018-43e7-8a54-351e98dc3d0a:c4845]
2019-08-23 07:09:15,689 | INFO  | DNAudit | user=null | ip=null | op=WRITE_CHUNK {blockData=conID: 1 locID: 102665037781729946 bcsId: 4843} | ret=SUCCESS |  
2019-08-23 07:09:15,689 | INFO  | DNAudit | user=null | ip=null | op=WRITE_CHUNK {blockData=conID: 1 locID: 102665037781729946 bcsId: 4843} | ret=SUCCESS |  
2019-08-23 07:09:15,690 | INFO  | DNAudit | user=null | ip=null | op=PUT_BLOCK {blockData=[blockId=conID: 1 locID: 102665037781729946 bcsId: 0,size=4194304]} | ret=SUCCESS |  
2019-08-23 07:09:15,690 | INFO  | DNAudit | user=null | ip=null | op=PUT_BLOCK {blockData=[blockId=conID: 1 locID: 102665037781729946 bcsId: 0,size=4194304]} | ret=SUCCESS |  
2019-08-23 07:09:15,690 [grpc-default-executor-0] INFO  client.GrpcClientProtocolClient (GrpcClientProtocolClient.java:onNext(255)) - client-D91E5D1E15CE->f2ba01fc-a63e-4348-bd18-030b60a135e7: receive RaftClientReply:client-D91E5D1E15CE->f2ba01fc-a63e-4348-bd18-030b60a135e7@group-C8C62FEF0626, cid=3227, SUCCESS, logIndex=0, commits[f2ba01fc-a63e-4348-bd18-030b60a135e7:c4848, eab135d4-a257-4705-b491-6c056b8c5df7:c4847, a4f67574-9018-43e7-8a54-351e98dc3d0a:c4847]
2019-08-23 07:09:15,698 | INFO  | SCMAudit | user=jenkins1000 | ip=192.168.5.178 | op=ALLOCATE_BLOCK {owner=aaf04d22-10dd-4717-8862-c651bdde72cf, size=4194304, type=RATIS, factor=THREE} | ret=SUCCESS |  
2019-08-23 07:09:15,703 | INFO  | OMAudit | user=jenkins1000 | ip=127.0.0.1 | op=ALLOCATE_BLOCK {volume=vol-0-67663, bucket=bucket-0-68950, key=key-0-26970, dataSize=0, replicationType=null, replicationFactor=null, keyLocationInfo=null, clientID=102665036030476690} | ret=SUCCESS |  
2019-08-23 07:09:15,709 | INFO  | DNAudit | user=null | ip=null | op=WRITE_CHUNK {blockData=conID: 2 locID: 102665037787824795 bcsId: 0} | ret=SUCCESS |  
2019-08-23 07:09:15,712 | INFO  | DNAudit | user=null | ip=null | op=WRITE_CHUNK {blockData=conID: 2 locID: 102665037787824795 bcsId: 0} | ret=SUCCESS |  
2019-08-23 07:09:15,713 | INFO  | DNAudit | user=null | ip=null | op=WRITE_CHUNK {blockData=conID: 2 locID: 102665037787824795 bcsId: 0} | ret=SUCCESS |  
2019-08-23 07:09:15,713 | INFO  | DNAudit | user=null | ip=null | op=WRITE_CHUNK {blockData=conID: 2 locID: 102665037787824795 bcsId: 0} | ret=SUCCESS |  
2019-08-23 07:09:15,714 | INFO  | DNAudit | user=null | ip=null | op=WRITE_CHUNK {blockData=conID: 2 locID: 102665037787824795 bcsId: 0} | ret=SUCCESS |  
2019-08-23 07:09:15,714 | INFO  | DNAudit | user=null | ip=null | op=WRITE_CHUNK {blockData=conID: 2 locID: 102665037787824795 bcsId: 0} | ret=SUCCESS |  
2019-08-23 07:09:15,722 | INFO  | DNAudit | user=null | ip=null | op=WRITE_CHUNK {blockData=conID: 2 locID: 102665037787824795 bcsId: 0} | ret=SUCCESS |  
2019-08-23 07:09:15,722 | INFO  | DNAudit | user=null | ip=null | op=PUT_BLOCK {blockData=[blockId=conID: 2 locID: 102665037787824795 bcsId: 0,size=1048576]} | ret=SUCCESS |  
2019-08-23 07:09:15,722 [grpc-default-executor-0] INFO  client.GrpcClientProtocolClient (GrpcClientProtocolClient.java:onNext(255)) - client-D91E5D1E15CE->f2ba01fc-a63e-4348-bd18-030b60a135e7: receive RaftClientReply:client-D91E5D1E15CE->f2ba01fc-a63e-4348-bd18-030b60a135e7@group-C8C62FEF0626, cid=3228, SUCCESS, logIndex=4850, commits[f2ba01fc-a63e-4348-bd18-030b60a135e7:c4853, eab135d4-a257-4705-b491-6c056b8c5df7:c4849, a4f67574-9018-43e7-8a54-351e98dc3d0a:c4849]
2019-08-23 07:09:15,723 | INFO  | DNAudit | user=null | ip=null | op=WRITE_CHUNK {blockData=conID: 2 locID: 102665037787824795 bcsId: 0} | ret=SUCCESS |  
2019-08-23 07:09:15,723 | INFO  | DNAudit | user=null | ip=null | op=PUT_BLOCK {blockData=[blockId=conID: 2 locID: 102665037787824795 bcsId: 0,size=2097152]} | ret=SUCCESS |  
2019-08-23 07:09:15,723 [grpc-default-executor-0] INFO  client.GrpcClientProtocolClient (GrpcClientProtocolClient.java:onNext(255)) - client-D91E5D1E15CE->f2ba01fc-a63e-4348-bd18-030b60a135e7: receive RaftClientReply:client-D91E5D1E15CE->f2ba01fc-a63e-4348-bd18-030b60a135e7@group-C8C62FEF0626, cid=3229, SUCCESS, logIndex=4851, commits[f2ba01fc-a63e-4348-bd18-030b60a135e7:c4853, eab135d4-a257-4705-b491-6c056b8c5df7:c4849, a4f67574-9018-43e7-8a54-351e98dc3d0a:c4849]
2019-08-23 07:09:15,723 | INFO  | DNAudit | user=null | ip=null | op=WRITE_CHUNK {blockData=conID: 2 locID: 102665037787824795 bcsId: 0} | ret=SUCCESS |  
2019-08-23 07:09:15,723 [grpc-default-executor-0] INFO  client.GrpcClientProtocolClient (GrpcClientProtocolClient.java:onNext(255)) - client-D91E5D1E15CE->f2ba01fc-a63e-4348-bd18-030b60a135e7: receive RaftClientReply:client-D91E5D1E15CE->f2ba01fc-a63e-4348-bd18-030b60a135e7@group-C8C62FEF0626, cid=3230, SUCCESS, logIndex=4852, commits[f2ba01fc-a63e-4348-bd18-030b60a135e7:c4853, eab135d4-a257-4705-b491-6c056b8c5df7:c4849, a4f67574-9018-43e7-8a54-351e98dc3d0a:c4849]
2019-08-23 07:09:15,724 | INFO  | DNAudit | user=null | ip=null | op=WRITE_CHUNK {blockData=conID: 2 locID: 102665037787824795 bcsId: 0} | ret=SUCCESS |  
2019-08-23 07:09:15,724 [grpc-default-executor-0] INFO  client.GrpcClientProtocolClient (GrpcClientProtocolClient.java:onNext(255)) - client-D91E5D1E15CE->f2ba01fc-a63e-4348-bd18-030b60a135e7: receive RaftClientReply:client-D91E5D1E15CE->f2ba01fc-a63e-4348-bd18-030b60a135e7@group-C8C62FEF0626, cid=3231, SUCCESS, logIndex=4853, commits[f2ba01fc-a63e-4348-bd18-030b60a135e7:c4853, eab135d4-a257-4705-b491-6c056b8c5df7:c4849, a4f67574-9018-43e7-8a54-351e98dc3d0a:c4849]
2019-08-23 07:09:15,725 | INFO  | DNAudit | user=null | ip=null | op=PUT_BLOCK {blockData=[blockId=conID: 2 locID: 102665037787824795 bcsId: 0,size=1048576]} | ret=SUCCESS |  
2019-08-23 07:09:15,725 | INFO  | DNAudit | user=null | ip=null | op=PUT_BLOCK {blockData=[blockId=conID: 2 locID: 102665037787824795 bcsId: 0,size=1048576]} | ret=SUCCESS |  
2019-08-23 07:09:15,725 | INFO  | DNAudit | user=null | ip=null | op=WRITE_CHUNK {blockData=conID: 2 locID: 102665037787824795 bcsId: 0} | ret=SUCCESS |  
2019-08-23 07:09:15,725 | INFO  | DNAudit | user=null | ip=null | op=WRITE_CHUNK {blockData=conID: 2 locID: 102665037787824795 bcsId: 0} | ret=SUCCESS |  
2019-08-23 07:09:15,725 | INFO  | DNAudit | user=null | ip=null | op=PUT_BLOCK {blockData=[blockId=conID: 2 locID: 102665037787824795 bcsId: 0,size=2097152]} | ret=SUCCESS |  
2019-08-23 07:09:15,725 | INFO  | DNAudit | user=null | ip=null | op=PUT_BLOCK {blockData=[blockId=conID: 2 locID: 102665037787824795 bcsId: 0,size=2097152]} | ret=SUCCESS |  
2019-08-23 07:09:15,725 [grpc-default-executor-0] INFO  client.GrpcClientProtocolClient (GrpcClientProtocolClient.java:onNext(255)) - client-D91E5D1E15CE->f2ba01fc-a63e-4348-bd18-030b60a135e7: receive RaftClientReply:client-D91E5D1E15CE->f2ba01fc-a63e-4348-bd18-030b60a135e7@group-C8C62FEF0626, cid=3232, SUCCESS, logIndex=0, commits[f2ba01fc-a63e-4348-bd18-030b60a135e7:c4855, eab135d4-a257-4705-b491-6c056b8c5df7:c4851, a4f67574-9018-43e7-8a54-351e98dc3d0a:c4851]
2019-08-23 07:09:15,732 | INFO  | DNAudit | user=null | ip=null | op=WRITE_CHUNK {blockData=conID: 2 locID: 102665037787824795 bcsId: 4853} | ret=SUCCESS |  
2019-08-23 07:09:15,733 | INFO  | DNAudit | user=null | ip=null | op=WRITE_CHUNK {blockData=conID: 2 locID: 102665037787824795 bcsId: 4853} | ret=SUCCESS |  
2019-08-23 07:09:15,734 | INFO  | DNAudit | user=null | ip=null | op=WRITE_CHUNK {blockData=conID: 2 locID: 102665037787824795 bcsId: 4853} | ret=SUCCESS |  
2019-08-23 07:09:15,744 | INFO  | DNAudit | user=null | ip=null | op=WRITE_CHUNK {blockData=conID: 2 locID: 102665037787824795 bcsId: 4853} | ret=SUCCESS |  
2019-08-23 07:09:15,745 | INFO  | DNAudit | user=null | ip=null | op=PUT_BLOCK {blockData=[blockId=conID: 2 locID: 102665037787824795 bcsId: 0,size=3145728]} | ret=SUCCESS |  
2019-08-23 07:09:15,745 [grpc-default-executor-0] INFO  client.GrpcClientProtocolClient (GrpcClientProtocolClient.java:onNext(255)) - client-D91E5D1E15CE->f2ba01fc-a63e-4348-bd18-030b60a135e7: receive RaftClientReply:client-D91E5D1E15CE->f2ba01fc-a63e-4348-bd18-030b60a135e7@group-C8C62FEF0626, cid=3233, SUCCESS, logIndex=4858, commits[f2ba01fc-a63e-4348-bd18-030b60a135e7:c4859, eab135d4-a257-4705-b491-6c056b8c5df7:c4857, a4f67574-9018-43e7-8a54-351e98dc3d0a:c4857]
2019-08-23 07:09:15,745 [grpc-default-executor-0] INFO  client.GrpcClientProtocolClient (GrpcClientProtocolClient.java:onNext(255)) - client-D91E5D1E15CE->f2ba01fc-a63e-4348-bd18-030b60a135e7: receive RaftClientReply:client-D91E5D1E15CE->f2ba01fc-a63e-4348-bd18-030b60a135e7@group-C8C62FEF0626, cid=3234, SUCCESS, logIndex=4859, commits[f2ba01fc-a63e-4348-bd18-030b60a135e7:c4859, eab135d4-a257-4705-b491-6c056b8c5df7:c4857, a4f67574-9018-43e7-8a54-351e98dc3d0a:c4857]
2019-08-23 07:09:15,751 | INFO  | DNAudit | user=null | ip=null | op=WRITE_CHUNK {blockData=conID: 2 locID: 102665037787824795 bcsId: 4859} | ret=SUCCESS |  
2019-08-23 07:09:15,753 | INFO  | DNAudit | user=null | ip=null | op=WRITE_CHUNK {blockData=conID: 2 locID: 102665037787824795 bcsId: 4859} | ret=SUCCESS |  
2019-08-23 07:09:15,753 | INFO  | DNAudit | user=null | ip=null | op=WRITE_CHUNK {blockData=conID: 2 locID: 102665037787824795 bcsId: 4859} | ret=SUCCESS |  
2019-08-23 07:09:15,756 | INFO  | DNAudit | user=null | ip=null | op=WRITE_CHUNK {blockData=conID: 2 locID: 102665037787824795 bcsId: 4853} | ret=SUCCESS |  
2019-08-23 07:09:15,756 | INFO  | DNAudit | user=null | ip=null | op=WRITE_CHUNK {blockData=conID: 2 locID: 102665037787824795 bcsId: 4853} | ret=SUCCESS |  
2019-08-23 07:09:15,757 | INFO  | DNAudit | user=null | ip=null | op=PUT_BLOCK {blockData=[blockId=conID: 2 locID: 102665037787824795 bcsId: 0,size=3145728]} | ret=SUCCESS |  
2019-08-23 07:09:15,757 | INFO  | DNAudit | user=null | ip=null | op=PUT_BLOCK {blockData=[blockId=conID: 2 locID: 102665037787824795 bcsId: 0,size=3145728]} | ret=SUCCESS |  
2019-08-23 07:09:15,757 | INFO  | DNAudit | user=null | ip=null | op=WRITE_CHUNK {blockData=conID: 2 locID: 102665037787824795 bcsId: 4859} | ret=SUCCESS |  
2019-08-23 07:09:15,758 | INFO  | DNAudit | user=null | ip=null | op=PUT_BLOCK {blockData=[blockId=conID: 2 locID: 102665037787824795 bcsId: 0,size=4194304]} | ret=SUCCESS |  
2019-08-23 07:09:15,758 [grpc-default-executor-3] INFO  client.GrpcClientProtocolClient (GrpcClientProtocolClient.java:onNext(255)) - client-D91E5D1E15CE->f2ba01fc-a63e-4348-bd18-030b60a135e7: receive RaftClientReply:client-D91E5D1E15CE->f2ba01fc-a63e-4348-bd18-030b60a135e7@group-C8C62FEF0626, cid=3235, SUCCESS, logIndex=4862, commits[f2ba01fc-a63e-4348-bd18-030b60a135e7:c4863, eab135d4-a257-4705-b491-6c056b8c5df7:c4859, a4f67574-9018-43e7-8a54-351e98dc3d0a:c4859]
2019-08-23 07:09:15,758 [grpc-default-executor-3] INFO  client.GrpcClientProtocolClient (GrpcClientProtocolClient.java:onNext(255)) - client-D91E5D1E15CE->f2ba01fc-a63e-4348-bd18-030b60a135e7: receive RaftClientReply:client-D91E5D1E15CE->f2ba01fc-a63e-4348-bd18-030b60a135e7@group-C8C62FEF0626, cid=3236, SUCCESS, logIndex=4863, commits[f2ba01fc-a63e-4348-bd18-030b60a135e7:c4863, eab135d4-a257-4705-b491-6c056b8c5df7:c4859, a4f67574-9018-43e7-8a54-351e98dc3d0a:c4859]
2019-08-23 07:09:15,769 | INFO  | DNAudit | user=null | ip=null | op=WRITE_CHUNK {blockData=conID: 2 locID: 102665037787824795 bcsId: 4859} | ret=SUCCESS |  
2019-08-23 07:09:15,769 | INFO  | DNAudit | user=null | ip=null | op=WRITE_CHUNK {blockData=conID: 2 locID: 102665037787824795 bcsId: 4859} | ret=SUCCESS |  
2019-08-23 07:09:15,769 | INFO  | DNAudit | user=null | ip=null | op=PUT_BLOCK {blockData=[blockId=conID: 2 locID: 102665037787824795 bcsId: 0,size=4194304]} | ret=SUCCESS |  
2019-08-23 07:09:15,770 | INFO  | DNAudit | user=null | ip=null | op=PUT_BLOCK {blockData=[blockId=conID: 2 locID: 102665037787824795 bcsId: 0,size=4194304]} | ret=SUCCESS |  
2019-08-23 07:09:15,770 [grpc-default-executor-3] INFO  client.GrpcClientProtocolClient (GrpcClientProtocolClient.java:onNext(255)) - client-D91E5D1E15CE->f2ba01fc-a63e-4348-bd18-030b60a135e7: receive RaftClientReply:client-D91E5D1E15CE->f2ba01fc-a63e-4348-bd18-030b60a135e7@group-C8C62FEF0626, cid=3237, SUCCESS, logIndex=0, commits[f2ba01fc-a63e-4348-bd18-030b60a135e7:c4864, eab135d4-a257-4705-b491-6c056b8c5df7:c4863, a4f67574-9018-43e7-8a54-351e98dc3d0a:c4863]
2019-08-23 07:09:15,778 | INFO  | SCMAudit | user=jenkins1000 | ip=192.168.5.178 | op=ALLOCATE_BLOCK {owner=aaf04d22-10dd-4717-8862-c651bdde72cf, size=4194304, type=RATIS, factor=THREE} | ret=SUCCESS |  
2019-08-23 07:09:15,783 | INFO  | OMAudit | user=jenkins1000 | ip=127.0.0.1 | op=ALLOCATE_BLOCK {volume=vol-0-67663, bucket=bucket-0-68950, key=key-0-26970, dataSize=0, replicationType=null, replicationFactor=null, keyLocationInfo=null, clientID=102665036030476690} | ret=SUCCESS |  
2019-08-23 07:09:15,790 | INFO  | DNAudit | user=null | ip=null | op=WRITE_CHUNK {blockData=conID: 3 locID: 102665037793067676 bcsId: 0} | ret=SUCCESS |  
2019-08-23 07:09:15,792 | INFO  | DNAudit | user=null | ip=null | op=WRITE_CHUNK {blockData=conID: 3 locID: 102665037793067676 bcsId: 0} | ret=SUCCESS |  
2019-08-23 07:09:15,792 | INFO  | DNAudit | user=null | ip=null | op=WRITE_CHUNK {blockData=conID: 3 locID: 102665037793067676 bcsId: 0} | ret=SUCCESS |  
2019-08-23 07:09:15,792 | INFO  | DNAudit | user=null | ip=null | op=WRITE_CHUNK {blockData=conID: 3 locID: 102665037793067676 bcsId: 0} | ret=SUCCESS |  
2019-08-23 07:09:15,794 | INFO  | DNAudit | user=null | ip=null | op=WRITE_CHUNK {blockData=conID: 3 locID: 102665037793067676 bcsId: 0} | ret=SUCCESS |  
2019-08-23 07:09:15,794 | INFO  | DNAudit | user=null | ip=null | op=WRITE_CHUNK {blockData=conID: 3 locID: 102665037793067676 bcsId: 0} | ret=SUCCESS |  
2019-08-23 07:09:15,802 | INFO  | DNAudit | user=null | ip=null | op=WRITE_CHUNK {blockData=conID: 3 locID: 102665037793067676 bcsId: 0} | ret=SUCCESS |  
2019-08-23 07:09:15,803 | INFO  | DNAudit | user=null | ip=null | op=PUT_BLOCK {blockData=[blockId=conID: 3 locID: 102665037793067676 bcsId: 0,size=1048576]} | ret=SUCCESS |  
2019-08-23 07:09:15,803 [grpc-default-executor-0] INFO  client.GrpcClientProtocolClient (GrpcClientProtocolClient.java:onNext(255)) - client-D91E5D1E15CE->f2ba01fc-a63e-4348-bd18-030b60a135e7: receive RaftClientReply:client-D91E5D1E15CE->f2ba01fc-a63e-4348-bd18-030b60a135e7@group-C8C62FEF0626, cid=3238, SUCCESS, logIndex=4866, commits[f2ba01fc-a63e-4348-bd18-030b60a135e7:c4868, eab135d4-a257-4705-b491-6c056b8c5df7:c4865, a4f67574-9018-43e7-8a54-351e98dc3d0a:c4865]
2019-08-23 07:09:15,803 | INFO  | DNAudit | user=null | ip=null | op=WRITE_CHUNK {blockData=conID: 3 locID: 102665037793067676 bcsId: 0} | ret=SUCCESS |  
2019-08-23 07:09:15,803 [grpc-default-executor-0] INFO  client.GrpcClientProtocolClient (GrpcClientProtocolClient.java:onNext(255)) - client-D91E5D1E15CE->f2ba01fc-a63e-4348-bd18-030b60a135e7: receive RaftClientReply:client-D91E5D1E15CE->f2ba01fc-a63e-4348-bd18-030b60a135e7@group-C8C62FEF0626, cid=3239, SUCCESS, logIndex=4867, commits[f2ba01fc-a63e-4348-bd18-030b60a135e7:c4869, eab135d4-a257-4705-b491-6c056b8c5df7:c4865, a4f67574-9018-43e7-8a54-351e98dc3d0a:c4865]
2019-08-23 07:09:15,803 | INFO  | DNAudit | user=null | ip=null | op=WRITE_CHUNK {blockData=conID: 3 locID: 102665037793067676 bcsId: 0} | ret=SUCCESS |  
2019-08-23 07:09:15,804 | INFO  | DNAudit | user=null | ip=null | op=PUT_BLOCK {blockData=[blockId=conID: 3 locID: 102665037793067676 bcsId: 0,size=2097152]} | ret=SUCCESS |  
2019-08-23 07:09:15,804 [grpc-default-executor-0] INFO  client.GrpcClientProtocolClient (GrpcClientProtocolClient.java:onNext(255)) - client-D91E5D1E15CE->f2ba01fc-a63e-4348-bd18-030b60a135e7: receive RaftClientReply:client-D91E5D1E15CE->f2ba01fc-a63e-4348-bd18-030b60a135e7@group-C8C62FEF0626, cid=3240, SUCCESS, logIndex=4868, commits[f2ba01fc-a63e-4348-bd18-030b60a135e7:c4869, eab135d4-a257-4705-b491-6c056b8c5df7:c4865, a4f67574-9018-43e7-8a54-351e98dc3d0a:c4865]
2019-08-23 07:09:15,804 [grpc-default-executor-0] INFO  client.GrpcClientProtocolClient (GrpcClientProtocolClient.java:onNext(255)) - client-D91E5D1E15CE->f2ba01fc-a63e-4348-bd18-030b60a135e7: receive RaftClientReply:client-D91E5D1E15CE->f2ba01fc-a63e-4348-bd18-030b60a135e7@group-C8C62FEF0626, cid=3241, SUCCESS, logIndex=4869, commits[f2ba01fc-a63e-4348-bd18-030b60a135e7:c4870, eab135d4-a257-4705-b491-6c056b8c5df7:c4866, a4f67574-9018-43e7-8a54-351e98dc3d0a:c4865]
2019-08-23 07:09:15,804 | INFO  | DNAudit | user=null | ip=null | op=WRITE_CHUNK {blockData=conID: 3 locID: 102665037793067676 bcsId: 0} | ret=SUCCESS |  
2019-08-23 07:09:15,804 | INFO  | DNAudit | user=null | ip=null | op=PUT_BLOCK {blockData=[blockId=conID: 3 locID: 102665037793067676 bcsId: 0,size=1048576]} | ret=SUCCESS |  
2019-08-23 07:09:15,805 | INFO  | DNAudit | user=null | ip=null | op=WRITE_CHUNK {blockData=conID: 3 locID: 102665037793067676 bcsId: 0} | ret=SUCCESS |  
2019-08-23 07:09:15,805 | INFO  | DNAudit | user=null | ip=null | op=PUT_BLOCK {blockData=[blockId=conID: 3 locID: 102665037793067676 bcsId: 0,size=1048576]} | ret=SUCCESS |  
2019-08-23 07:09:15,805 | INFO  | DNAudit | user=null | ip=null | op=WRITE_CHUNK {blockData=conID: 3 locID: 102665037793067676 bcsId: 0} | ret=SUCCESS |  
2019-08-23 07:09:15,805 | INFO  | DNAudit | user=null | ip=null | op=PUT_BLOCK {blockData=[blockId=conID: 3 locID: 102665037793067676 bcsId: 0,size=2097152]} | ret=SUCCESS |  
2019-08-23 07:09:15,805 [grpc-default-executor-3] INFO  client.GrpcClientProtocolClient (GrpcClientProtocolClient.java:onNext(255)) - client-D91E5D1E15CE->f2ba01fc-a63e-4348-bd18-030b60a135e7: receive RaftClientReply:client-D91E5D1E15CE->f2ba01fc-a63e-4348-bd18-030b60a135e7@group-C8C62FEF0626, cid=3242, SUCCESS, logIndex=0, commits[f2ba01fc-a63e-4348-bd18-030b60a135e7:c4872, eab135d4-a257-4705-b491-6c056b8c5df7:c4867, a4f67574-9018-43e7-8a54-351e98dc3d0a:c4868]
2019-08-23 07:09:15,805 | INFO  | DNAudit | user=null | ip=null | op=PUT_BLOCK {blockData=[blockId=conID: 3 locID: 102665037793067676 bcsId: 0,size=2097152]} | ret=SUCCESS |  
2019-08-23 07:09:15,810 | INFO  | DNAudit | user=null | ip=null | op=WRITE_CHUNK {blockData=conID: 3 locID: 102665037793067676 bcsId: 4869} | ret=SUCCESS |  
2019-08-23 07:09:15,812 | INFO  | DNAudit | user=null | ip=null | op=WRITE_CHUNK {blockData=conID: 3 locID: 102665037793067676 bcsId: 4869} | ret=SUCCESS |  
2019-08-23 07:09:15,813 | INFO  | DNAudit | user=null | ip=null | op=WRITE_CHUNK {blockData=conID: 3 locID: 102665037793067676 bcsId: 4869} | ret=SUCCESS |  
2019-08-23 07:09:15,823 | INFO  | DNAudit | user=null | ip=null | op=WRITE_CHUNK {blockData=conID: 3 locID: 102665037793067676 bcsId: 4869} | ret=SUCCESS |  
2019-08-23 07:09:15,823 | INFO  | DNAudit | user=null | ip=null | op=PUT_BLOCK {blockData=[blockId=conID: 3 locID: 102665037793067676 bcsId: 0,size=3145728]} | ret=SUCCESS |  
2019-08-23 07:09:15,824 [grpc-default-executor-0] INFO  client.GrpcClientProtocolClient (GrpcClientProtocolClient.java:onNext(255)) - client-D91E5D1E15CE->f2ba01fc-a63e-4348-bd18-030b60a135e7: receive RaftClientReply:client-D91E5D1E15CE->f2ba01fc-a63e-4348-bd18-030b60a135e7@group-C8C62FEF0626, cid=3243, SUCCESS, logIndex=4874, commits[f2ba01fc-a63e-4348-bd18-030b60a135e7:c4875, eab135d4-a257-4705-b491-6c056b8c5df7:c4873, a4f67574-9018-43e7-8a54-351e98dc3d0a:c4873]
2019-08-23 07:09:15,824 [grpc-default-executor-0] INFO  client.GrpcClientProtocolClient (GrpcClientProtocolClient.java:onNext(255)) - client-D91E5D1E15CE->f2ba01fc-a63e-4348-bd18-030b60a135e7: receive RaftClientReply:client-D91E5D1E15CE->f2ba01fc-a63e-4348-bd18-030b60a135e7@group-C8C62FEF0626, cid=3244, SUCCESS, logIndex=4875, commits[f2ba01fc-a63e-4348-bd18-030b60a135e7:c4875, eab135d4-a257-4705-b491-6c056b8c5df7:c4873, a4f67574-9018-43e7-8a54-351e98dc3d0a:c4873]
2019-08-23 07:09:15,829 | INFO  | DNAudit | user=null | ip=null | op=WRITE_CHUNK {blockData=conID: 3 locID: 102665037793067676 bcsId: 4875} | ret=SUCCESS |  
2019-08-23 07:09:15,831 | INFO  | DNAudit | user=null | ip=null | op=WRITE_CHUNK {blockData=conID: 3 locID: 102665037793067676 bcsId: 4875} | ret=SUCCESS |  
2019-08-23 07:09:15,832 | INFO  | DNAudit | user=null | ip=null | op=WRITE_CHUNK {blockData=conID: 3 locID: 102665037793067676 bcsId: 4875} | ret=SUCCESS |  
2019-08-23 07:09:15,834 | INFO  | DNAudit | user=null | ip=null | op=WRITE_CHUNK {blockData=conID: 3 locID: 102665037793067676 bcsId: 4869} | ret=SUCCESS |  
2019-08-23 07:09:15,835 | INFO  | DNAudit | user=null | ip=null | op=WRITE_CHUNK {blockData=conID: 3 locID: 102665037793067676 bcsId: 4869} | ret=SUCCESS |  
2019-08-23 07:09:15,836 | INFO  | DNAudit | user=null | ip=null | op=PUT_BLOCK {blockData=[blockId=conID: 3 locID: 102665037793067676 bcsId: 0,size=3145728]} | ret=SUCCESS |  
2019-08-23 07:09:15,836 | INFO  | DNAudit | user=null | ip=null | op=PUT_BLOCK {blockData=[blockId=conID: 3 locID: 102665037793067676 bcsId: 0,size=3145728]} | ret=SUCCESS |  
2019-08-23 07:09:15,836 | INFO  | DNAudit | user=null | ip=null | op=WRITE_CHUNK {blockData=conID: 3 locID: 102665037793067676 bcsId: 4875} | ret=SUCCESS |  
2019-08-23 07:09:15,837 | INFO  | DNAudit | user=null | ip=null | op=PUT_BLOCK {blockData=[blockId=conID: 3 locID: 102665037793067676 bcsId: 0,size=4194304]} | ret=SUCCESS |  
2019-08-23 07:09:15,837 [grpc-default-executor-6] INFO  client.GrpcClientProtocolClient (GrpcClientProtocolClient.java:onNext(255)) - client-D91E5D1E15CE->f2ba01fc-a63e-4348-bd18-030b60a135e7: receive RaftClientReply:client-D91E5D1E15CE->f2ba01fc-a63e-4348-bd18-030b60a135e7@group-C8C62FEF0626, cid=3245, SUCCESS, logIndex=4878, commits[f2ba01fc-a63e-4348-bd18-030b60a135e7:c4879, eab135d4-a257-4705-b491-6c056b8c5df7:c4875, a4f67574-9018-43e7-8a54-351e98dc3d0a:c4875]
2019-08-23 07:09:15,837 [grpc-default-executor-6] INFO  client.GrpcClientProtocolClient (GrpcClientProtocolClient.java:onNext(255)) - client-D91E5D1E15CE->f2ba01fc-a63e-4348-bd18-030b60a135e7: receive RaftClientReply:client-D91E5D1E15CE->f2ba01fc-a63e-4348-bd18-030b60a135e7@group-C8C62FEF0626, cid=3246, SUCCESS, logIndex=4879, commits[f2ba01fc-a63e-4348-bd18-030b60a135e7:c4879, eab135d4-a257-4705-b491-6c056b8c5df7:c4875, a4f67574-9018-43e7-8a54-351e98dc3d0a:c4875]
2019-08-23 07:09:15,848 | INFO  | DNAudit | user=null | ip=null | op=WRITE_CHUNK {blockData=conID: 3 locID: 102665037793067676 bcsId: 4875} | ret=SUCCESS |  
2019-08-23 07:09:15,848 | INFO  | DNAudit | user=null | ip=null | op=WRITE_CHUNK {blockData=conID: 3 locID: 102665037793067676 bcsId: 4875} | ret=SUCCESS |  
2019-08-23 07:09:15,850 | INFO  | DNAudit | user=null | ip=null | op=PUT_BLOCK {blockData=[blockId=conID: 3 locID: 102665037793067676 bcsId: 0,size=4194304]} | ret=SUCCESS |  
2019-08-23 07:09:15,851 | INFO  | DNAudit | user=null | ip=null | op=PUT_BLOCK {blockData=[blockId=conID: 3 locID: 102665037793067676 bcsId: 0,size=4194304]} | ret=SUCCESS |  
2019-08-23 07:09:15,851 [grpc-default-executor-6] INFO  client.GrpcClientProtocolClient (GrpcClientProtocolClient.java:onNext(255)) - client-D91E5D1E15CE->f2ba01fc-a63e-4348-bd18-030b60a135e7: receive RaftClientReply:client-D91E5D1E15CE->f2ba01fc-a63e-4348-bd18-030b60a135e7@group-C8C62FEF0626, cid=3247, SUCCESS, logIndex=0, commits[f2ba01fc-a63e-4348-bd18-030b60a135e7:c4880, eab135d4-a257-4705-b491-6c056b8c5df7:c4879, a4f67574-9018-43e7-8a54-351e98dc3d0a:c4879]
2019-08-23 07:09:15,858 | INFO  | SCMAudit | user=jenkins1000 | ip=192.168.5.178 | op=ALLOCATE_BLOCK {owner=aaf04d22-10dd-4717-8862-c651bdde72cf, size=4194304, type=RATIS, factor=THREE} | ret=SUCCESS |  
2019-08-23 07:09:15,862 | INFO  | OMAudit | user=jenkins1000 | ip=127.0.0.1 | op=ALLOCATE_BLOCK {volume=vol-0-67663, bucket=bucket-0-68950, key=key-0-26970, dataSize=0, replicationType=null, replicationFactor=null, keyLocationInfo=null, clientID=102665036030476690} | ret=SUCCESS |  
2019-08-23 07:09:15,868 | INFO  | DNAudit | user=null | ip=null | op=WRITE_CHUNK {blockData=conID: 1 locID: 102665037798310557 bcsId: 0} | ret=SUCCESS |  
2019-08-23 07:09:15,870 | INFO  | DNAudit | user=null | ip=null | op=WRITE_CHUNK {blockData=conID: 1 locID: 102665037798310557 bcsId: 0} | ret=SUCCESS |  
2019-08-23 07:09:15,871 | INFO  | DNAudit | user=null | ip=null | op=WRITE_CHUNK {blockData=conID: 1 locID: 102665037798310557 bcsId: 0} | ret=SUCCESS |  
2019-08-23 07:09:15,871 | INFO  | DNAudit | user=null | ip=null | op=WRITE_CHUNK {blockData=conID: 1 locID: 102665037798310557 bcsId: 0} | ret=SUCCESS |  
2019-08-23 07:09:15,872 | INFO  | DNAudit | user=null | ip=null | op=WRITE_CHUNK {blockData=conID: 1 locID: 102665037798310557 bcsId: 0} | ret=SUCCESS |  
2019-08-23 07:09:15,873 | INFO  | DNAudit | user=null | ip=null | op=WRITE_CHUNK {blockData=conID: 1 locID: 102665037798310557 bcsId: 0} | ret=SUCCESS |  
2019-08-23 07:09:15,881 | INFO  | DNAudit | user=null | ip=null | op=WRITE_CHUNK {blockData=conID: 1 locID: 102665037798310557 bcsId: 0} | ret=SUCCESS |  
2019-08-23 07:09:15,882 | INFO  | DNAudit | user=null | ip=null | op=PUT_BLOCK {blockData=[blockId=conID: 1 locID: 102665037798310557 bcsId: 0,size=1048576]} | ret=SUCCESS |  
2019-08-23 07:09:15,882 | INFO  | DNAudit | user=null | ip=null | op=WRITE_CHUNK {blockData=conID: 1 locID: 102665037798310557 bcsId: 0} | ret=SUCCESS |  
2019-08-23 07:09:15,882 [grpc-default-executor-3] INFO  client.GrpcClientProtocolClient (GrpcClientProtocolClient.java:onNext(255)) - client-D91E5D1E15CE->f2ba01fc-a63e-4348-bd18-030b60a135e7: receive RaftClientReply:client-D91E5D1E15CE->f2ba01fc-a63e-4348-bd18-030b60a135e7@group-C8C62FEF0626, cid=3248, SUCCESS, logIndex=4882, commits[f2ba01fc-a63e-4348-bd18-030b60a135e7:c4883, eab135d4-a257-4705-b491-6c056b8c5df7:c4881, a4f67574-9018-43e7-8a54-351e98dc3d0a:c4881]
2019-08-23 07:09:15,883 | INFO  | DNAudit | user=null | ip=null | op=WRITE_CHUNK {blockData=conID: 1 locID: 102665037798310557 bcsId: 0} | ret=SUCCESS |  
2019-08-23 07:09:15,883 | INFO  | DNAudit | user=null | ip=null | op=PUT_BLOCK {blockData=[blockId=conID: 1 locID: 102665037798310557 bcsId: 0,size=2097152]} | ret=SUCCESS |  
2019-08-23 07:09:15,883 [grpc-default-executor-0] INFO  client.GrpcClientProtocolClient (GrpcClientProtocolClient.java:onNext(255)) - client-D91E5D1E15CE->f2ba01fc-a63e-4348-bd18-030b60a135e7: receive RaftClientReply:client-D91E5D1E15CE->f2ba01fc-a63e-4348-bd18-030b60a135e7@group-C8C62FEF0626, cid=3249, SUCCESS, logIndex=4883, commits[f2ba01fc-a63e-4348-bd18-030b60a135e7:c4885, eab135d4-a257-4705-b491-6c056b8c5df7:c4881, a4f67574-9018-43e7-8a54-351e98dc3d0a:c4881]
2019-08-23 07:09:15,883 | INFO  | DNAudit | user=null | ip=null | op=WRITE_CHUNK {blockData=conID: 1 locID: 102665037798310557 bcsId: 0} | ret=SUCCESS |  
2019-08-23 07:09:15,883 [grpc-default-executor-0] INFO  client.GrpcClientProtocolClient (GrpcClientProtocolClient.java:onNext(255)) - client-D91E5D1E15CE->f2ba01fc-a63e-4348-bd18-030b60a135e7: receive RaftClientReply:client-D91E5D1E15CE->f2ba01fc-a63e-4348-bd18-030b60a135e7@group-C8C62FEF0626, cid=3250, SUCCESS, logIndex=4884, commits[f2ba01fc-a63e-4348-bd18-030b60a135e7:c4885, eab135d4-a257-4705-b491-6c056b8c5df7:c4881, a4f67574-9018-43e7-8a54-351e98dc3d0a:c4881]
2019-08-23 07:09:15,883 [grpc-default-executor-0] INFO  client.GrpcClientProtocolClient (GrpcClientProtocolClient.java:onNext(255)) - client-D91E5D1E15CE->f2ba01fc-a63e-4348-bd18-030b60a135e7: receive RaftClientReply:client-D91E5D1E15CE->f2ba01fc-a63e-4348-bd18-030b60a135e7@group-C8C62FEF0626, cid=3251, SUCCESS, logIndex=4885, commits[f2ba01fc-a63e-4348-bd18-030b60a135e7:c4886, eab135d4-a257-4705-b491-6c056b8c5df7:c4882, a4f67574-9018-43e7-8a54-351e98dc3d0a:c4882]
2019-08-23 07:09:15,884 | INFO  | DNAudit | user=null | ip=null | op=PUT_BLOCK {blockData=[blockId=conID: 1 locID: 102665037798310557 bcsId: 0,size=1048576]} | ret=SUCCESS |  
2019-08-23 07:09:15,884 | INFO  | DNAudit | user=null | ip=null | op=WRITE_CHUNK {blockData=conID: 1 locID: 102665037798310557 bcsId: 0} | ret=SUCCESS |  
2019-08-23 07:09:15,884 | INFO  | DNAudit | user=null | ip=null | op=PUT_BLOCK {blockData=[blockId=conID: 1 locID: 102665037798310557 bcsId: 0,size=1048576]} | ret=SUCCESS |  
2019-08-23 07:09:15,884 | INFO  | DNAudit | user=null | ip=null | op=PUT_BLOCK {blockData=[blockId=conID: 1 locID: 102665037798310557 bcsId: 0,size=2097152]} | ret=SUCCESS |  
2019-08-23 07:09:15,884 | INFO  | DNAudit | user=null | ip=null | op=WRITE_CHUNK {blockData=conID: 1 locID: 102665037798310557 bcsId: 0} | ret=SUCCESS |  
2019-08-23 07:09:15,885 | INFO  | DNAudit | user=null | ip=null | op=PUT_BLOCK {blockData=[blockId=conID: 1 locID: 102665037798310557 bcsId: 0,size=2097152]} | ret=SUCCESS |  
2019-08-23 07:09:15,885 [grpc-default-executor-0] INFO  client.GrpcClientProtocolClient (GrpcClientProtocolClient.java:onNext(255)) - client-D91E5D1E15CE->f2ba01fc-a63e-4348-bd18-030b60a135e7: receive RaftClientReply:client-D91E5D1E15CE->f2ba01fc-a63e-4348-bd18-030b60a135e7@group-C8C62FEF0626, cid=3252, SUCCESS, logIndex=0, commits[f2ba01fc-a63e-4348-bd18-030b60a135e7:c4887, eab135d4-a257-4705-b491-6c056b8c5df7:c4883, a4f67574-9018-43e7-8a54-351e98dc3d0a:c4884]
2019-08-23 07:09:15,889 | INFO  | DNAudit | user=null | ip=null | op=WRITE_CHUNK {blockData=conID: 1 locID: 102665037798310557 bcsId: 4885} | ret=SUCCESS |  
2019-08-23 07:09:15,891 | INFO  | DNAudit | user=null | ip=null | op=WRITE_CHUNK {blockData=conID: 1 locID: 102665037798310557 bcsId: 4885} | ret=SUCCESS |  
2019-08-23 07:09:15,892 | INFO  | DNAudit | user=null | ip=null | op=WRITE_CHUNK {blockData=conID: 1 locID: 102665037798310557 bcsId: 4885} | ret=SUCCESS |  
2019-08-23 07:09:15,902 | INFO  | DNAudit | user=null | ip=null | op=WRITE_CHUNK {blockData=conID: 1 locID: 102665037798310557 bcsId: 4885} | ret=SUCCESS |  
2019-08-23 07:09:15,902 | INFO  | DNAudit | user=null | ip=null | op=PUT_BLOCK {blockData=[blockId=conID: 1 locID: 102665037798310557 bcsId: 0,size=3145728]} | ret=SUCCESS |  
2019-08-23 07:09:15,903 [grpc-default-executor-0] INFO  client.GrpcClientProtocolClient (GrpcClientProtocolClient.java:onNext(255)) - client-D91E5D1E15CE->f2ba01fc-a63e-4348-bd18-030b60a135e7: receive RaftClientReply:client-D91E5D1E15CE->f2ba01fc-a63e-4348-bd18-030b60a135e7@group-C8C62FEF0626, cid=3253, SUCCESS, logIndex=4890, commits[f2ba01fc-a63e-4348-bd18-030b60a135e7:c4891, eab135d4-a257-4705-b491-6c056b8c5df7:c4889, a4f67574-9018-43e7-8a54-351e98dc3d0a:c4889]
2019-08-23 07:09:15,903 [grpc-default-executor-0] INFO  client.GrpcClientProtocolClient (GrpcClientProtocolClient.java:onNext(255)) - client-D91E5D1E15CE->f2ba01fc-a63e-4348-bd18-030b60a135e7: receive RaftClientReply:client-D91E5D1E15CE->f2ba01fc-a63e-4348-bd18-030b60a135e7@group-C8C62FEF0626, cid=3254, SUCCESS, logIndex=4891, commits[f2ba01fc-a63e-4348-bd18-030b60a135e7:c4891, eab135d4-a257-4705-b491-6c056b8c5df7:c4889, a4f67574-9018-43e7-8a54-351e98dc3d0a:c4889]
2019-08-23 07:09:15,904 | INFO  | DNAudit | user=null | ip=null | op=WRITE_CHUNK {blockData=conID: 1 locID: 102665037798310557 bcsId: 4885} | ret=SUCCESS |  
2019-08-23 07:09:15,904 | INFO  | DNAudit | user=null | ip=null | op=WRITE_CHUNK {blockData=conID: 1 locID: 102665037798310557 bcsId: 4885} | ret=SUCCESS |  
2019-08-23 07:09:15,905 | INFO  | DNAudit | user=null | ip=null | op=PUT_BLOCK {blockData=[blockId=conID: 1 locID: 102665037798310557 bcsId: 0,size=3145728]} | ret=SUCCESS |  
2019-08-23 07:09:15,905 | INFO  | DNAudit | user=null | ip=null | op=PUT_BLOCK {blockData=[blockId=conID: 1 locID: 102665037798310557 bcsId: 0,size=3145728]} | ret=SUCCESS |  
2019-08-23 07:09:15,908 | INFO  | DNAudit | user=null | ip=null | op=WRITE_CHUNK {blockData=conID: 1 locID: 102665037798310557 bcsId: 4891} | ret=SUCCESS |  
2019-08-23 07:09:15,909 | INFO  | DNAudit | user=null | ip=null | op=WRITE_CHUNK {blockData=conID: 1 locID: 102665037798310557 bcsId: 4891} | ret=SUCCESS |  
2019-08-23 07:09:15,910 | INFO  | DNAudit | user=null | ip=null | op=WRITE_CHUNK {blockData=conID: 1 locID: 102665037798310557 bcsId: 4891} | ret=SUCCESS |  
2019-08-23 07:09:15,913 | INFO  | SCMAudit | user=jenkins1000 | ip=192.168.5.178 | op=SEND_HEARTBEAT {datanodeUUID=a4f67574-9018-43e7-8a54-351e98dc3d0a, command=[]} | ret=SUCCESS |  
2019-08-23 07:09:15,914 | INFO  | SCMAudit | user=jenkins1000 | ip=192.168.5.178 | op=SEND_HEARTBEAT {datanodeUUID=eab135d4-a257-4705-b491-6c056b8c5df7, command=[]} | ret=SUCCESS |  
2019-08-23 07:09:15,914 | INFO  | SCMAudit | user=jenkins1000 | ip=192.168.5.178 | op=SEND_HEARTBEAT {datanodeUUID=f2ba01fc-a63e-4348-bd18-030b60a135e7, command=[]} | ret=SUCCESS |  
2019-08-23 07:09:15,938 | INFO  | DNAudit | user=null | ip=null | op=WRITE_CHUNK {blockData=conID: 1 locID: 102665037798310557 bcsId: 4891} | ret=SUCCESS |  
2019-08-23 07:09:15,939 | INFO  | DNAudit | user=null | ip=null | op=PUT_BLOCK {blockData=[blockId=conID: 1 locID: 102665037798310557 bcsId: 0,size=4194304]} | ret=SUCCESS |  
2019-08-23 07:09:15,939 [grpc-default-executor-0] INFO  client.GrpcClientProtocolClient (GrpcClientProtocolClient.java:onNext(255)) - client-D91E5D1E15CE->f2ba01fc-a63e-4348-bd18-030b60a135e7: receive RaftClientReply:client-D91E5D1E15CE->f2ba01fc-a63e-4348-bd18-030b60a135e7@group-C8C62FEF0626, cid=3255, SUCCESS, logIndex=4894, commits[f2ba01fc-a63e-4348-bd18-030b60a135e7:c4895, eab135d4-a257-4705-b491-6c056b8c5df7:c4893, a4f67574-9018-43e7-8a54-351e98dc3d0a:c4893]
2019-08-23 07:09:15,939 [grpc-default-executor-0] INFO  client.GrpcClientProtocolClient (GrpcClientProtocolClient.java:onNext(255)) - client-D91E5D1E15CE->f2ba01fc-a63e-4348-bd18-030b60a135e7: receive RaftClientReply:client-D91E5D1E15CE->f2ba01fc-a63e-4348-bd18-030b60a135e7@group-C8C62FEF0626, cid=3256, SUCCESS, logIndex=4895, commits[f2ba01fc-a63e-4348-bd18-030b60a135e7:c4895, eab135d4-a257-4705-b491-6c056b8c5df7:c4893, a4f67574-9018-43e7-8a54-351e98dc3d0a:c4893]
2019-08-23 07:09:15,950 | INFO  | DNAudit | user=null | ip=null | op=WRITE_CHUNK {blockData=conID: 1 locID: 102665037798310557 bcsId: 4891} | ret=SUCCESS |  
2019-08-23 07:09:15,950 | INFO  | DNAudit | user=null | ip=null | op=WRITE_CHUNK {blockData=conID: 1 locID: 102665037798310557 bcsId: 4891} | ret=SUCCESS |  
2019-08-23 07:09:15,951 | INFO  | DNAudit | user=null | ip=null | op=PUT_BLOCK {blockData=[blockId=conID: 1 locID: 102665037798310557 bcsId: 0,size=4194304]} | ret=SUCCESS |  
2019-08-23 07:09:15,951 | INFO  | DNAudit | user=null | ip=null | op=PUT_BLOCK {blockData=[blockId=conID: 1 locID: 102665037798310557 bcsId: 0,size=4194304]} | ret=SUCCESS |  
2019-08-23 07:09:15,951 [grpc-default-executor-0] INFO  client.GrpcClientProtocolClient (GrpcClientProtocolClient.java:onNext(255)) - client-D91E5D1E15CE->f2ba01fc-a63e-4348-bd18-030b60a135e7: receive RaftClientReply:client-D91E5D1E15CE->f2ba01fc-a63e-4348-bd18-030b60a135e7@group-C8C62FEF0626, cid=3257, SUCCESS, logIndex=0, commits[f2ba01fc-a63e-4348-bd18-030b60a135e7:c4897, eab135d4-a257-4705-b491-6c056b8c5df7:c4895, a4f67574-9018-43e7-8a54-351e98dc3d0a:c4895]
2019-08-23 07:09:15,955 | INFO  | SCMAudit | user=jenkins1000 | ip=192.168.5.178 | op=ALLOCATE_BLOCK {owner=aaf04d22-10dd-4717-8862-c651bdde72cf, size=4194304, type=RATIS, factor=THREE} | ret=SUCCESS |  
2019-08-23 07:09:15,958 | INFO  | OMAudit | user=jenkins1000 | ip=127.0.0.1 | op=ALLOCATE_BLOCK {volume=vol-0-67663, bucket=bucket-0-68950, key=key-0-26970, dataSize=0, replicationType=null, replicationFactor=null, keyLocationInfo=null, clientID=102665036030476690} | ret=SUCCESS |  
2019-08-23 07:09:15,964 | INFO  | DNAudit | user=null | ip=null | op=WRITE_CHUNK {blockData=conID: 2 locID: 102665037804667550 bcsId: 0} | ret=SUCCESS |  
2019-08-23 07:09:15,966 | INFO  | DNAudit | user=null | ip=null | op=WRITE_CHUNK {blockData=conID: 2 locID: 102665037804667550 bcsId: 0} | ret=SUCCESS |  
2019-08-23 07:09:15,967 | INFO  | DNAudit | user=null | ip=null | op=WRITE_CHUNK {blockData=conID: 2 locID: 102665037804667550 bcsId: 0} | ret=SUCCESS |  
2019-08-23 07:09:15,968 | INFO  | DNAudit | user=null | ip=null | op=WRITE_CHUNK {blockData=conID: 2 locID: 102665037804667550 bcsId: 0} | ret=SUCCESS |  
2019-08-23 07:09:15,968 | INFO  | DNAudit | user=null | ip=null | op=WRITE_CHUNK {blockData=conID: 2 locID: 102665037804667550 bcsId: 0} | ret=SUCCESS |  
2019-08-23 07:09:15,969 | INFO  | DNAudit | user=null | ip=null | op=WRITE_CHUNK {blockData=conID: 2 locID: 102665037804667550 bcsId: 0} | ret=SUCCESS |  
2019-08-23 07:09:15,996 | INFO  | DNAudit | user=null | ip=null | op=WRITE_CHUNK {blockData=conID: 2 locID: 102665037804667550 bcsId: 0} | ret=SUCCESS |  
2019-08-23 07:09:15,997 | INFO  | DNAudit | user=null | ip=null | op=PUT_BLOCK {blockData=[blockId=conID: 2 locID: 102665037804667550 bcsId: 0,size=1048576]} | ret=SUCCESS |  
2019-08-23 07:09:15,997 [grpc-default-executor-3] INFO  client.GrpcClientProtocolClient (GrpcClientProtocolClient.java:onNext(255)) - client-D91E5D1E15CE->f2ba01fc-a63e-4348-bd18-030b60a135e7: receive RaftClientReply:client-D91E5D1E15CE->f2ba01fc-a63e-4348-bd18-030b60a135e7@group-C8C62FEF0626, cid=3258, SUCCESS, logIndex=4898, commits[f2ba01fc-a63e-4348-bd18-030b60a135e7:c4898, eab135d4-a257-4705-b491-6c056b8c5df7:c4897, a4f67574-9018-43e7-8a54-351e98dc3d0a:c4895]
2019-08-23 07:09:15,998 | INFO  | DNAudit | user=null | ip=null | op=WRITE_CHUNK {blockData=conID: 2 locID: 102665037804667550 bcsId: 0} | ret=SUCCESS |  
2019-08-23 07:09:15,998 | INFO  | DNAudit | user=null | ip=null | op=PUT_BLOCK {blockData=[blockId=conID: 2 locID: 102665037804667550 bcsId: 0,size=2097152]} | ret=SUCCESS |  
2019-08-23 07:09:15,998 [grpc-default-executor-3] INFO  client.GrpcClientProtocolClient (GrpcClientProtocolClient.java:onNext(255)) - client-D91E5D1E15CE->f2ba01fc-a63e-4348-bd18-030b60a135e7: receive RaftClientReply:client-D91E5D1E15CE->f2ba01fc-a63e-4348-bd18-030b60a135e7@group-C8C62FEF0626, cid=3259, SUCCESS, logIndex=4899, commits[f2ba01fc-a63e-4348-bd18-030b60a135e7:c4901, eab135d4-a257-4705-b491-6c056b8c5df7:c4897, a4f67574-9018-43e7-8a54-351e98dc3d0a:c4897]
2019-08-23 07:09:15,998 [grpc-default-executor-3] INFO  client.GrpcClientProtocolClient (GrpcClientProtocolClient.java:onNext(255)) - client-D91E5D1E15CE->f2ba01fc-a63e-4348-bd18-030b60a135e7: receive RaftClientReply:client-D91E5D1E15CE->f2ba01fc-a63e-4348-bd18-030b60a135e7@group-C8C62FEF0626, cid=3260, SUCCESS, logIndex=4900, commits[f2ba01fc-a63e-4348-bd18-030b60a135e7:c4901, eab135d4-a257-4705-b491-6c056b8c5df7:c4897, a4f67574-9018-43e7-8a54-351e98dc3d0a:c4897]
2019-08-23 07:09:15,999 [grpc-default-executor-3] INFO  client.GrpcClientProtocolClient (GrpcClientProtocolClient.java:onNext(255)) - client-D91E5D1E15CE->f2ba01fc-a63e-4348-bd18-030b60a135e7: receive RaftClientReply:client-D91E5D1E15CE->f2ba01fc-a63e-4348-bd18-030b60a135e7@group-C8C62FEF0626, cid=3261, SUCCESS, logIndex=4901, commits[f2ba01fc-a63e-4348-bd18-030b60a135e7:c4901, eab135d4-a257-4705-b491-6c056b8c5df7:c4897, a4f67574-9018-43e7-8a54-351e98dc3d0a:c4897]
2019-08-23 07:09:16,008 | INFO  | DNAudit | user=null | ip=null | op=WRITE_CHUNK {blockData=conID: 2 locID: 102665037804667550 bcsId: 0} | ret=SUCCESS |  
2019-08-23 07:09:16,008 | INFO  | DNAudit | user=null | ip=null | op=WRITE_CHUNK {blockData=conID: 2 locID: 102665037804667550 bcsId: 0} | ret=SUCCESS |  
2019-08-23 07:09:16,009 | INFO  | DNAudit | user=null | ip=null | op=PUT_BLOCK {blockData=[blockId=conID: 2 locID: 102665037804667550 bcsId: 0,size=1048576]} | ret=SUCCESS |  
2019-08-23 07:09:16,009 | INFO  | DNAudit | user=null | ip=null | op=PUT_BLOCK {blockData=[blockId=conID: 2 locID: 102665037804667550 bcsId: 0,size=1048576]} | ret=SUCCESS |  
2019-08-23 07:09:16,009 | INFO  | DNAudit | user=null | ip=null | op=WRITE_CHUNK {blockData=conID: 2 locID: 102665037804667550 bcsId: 0} | ret=SUCCESS |  
2019-08-23 07:09:16,009 | INFO  | DNAudit | user=null | ip=null | op=WRITE_CHUNK {blockData=conID: 2 locID: 102665037804667550 bcsId: 0} | ret=SUCCESS |  
2019-08-23 07:09:16,009 | INFO  | DNAudit | user=null | ip=null | op=PUT_BLOCK {blockData=[blockId=conID: 2 locID: 102665037804667550 bcsId: 0,size=2097152]} | ret=SUCCESS |  
2019-08-23 07:09:16,010 | INFO  | DNAudit | user=null | ip=null | op=PUT_BLOCK {blockData=[blockId=conID: 2 locID: 102665037804667550 bcsId: 0,size=2097152]} | ret=SUCCESS |  
2019-08-23 07:09:16,010 [grpc-default-executor-3] INFO  client.GrpcClientProtocolClient (GrpcClientProtocolClient.java:onNext(255)) - client-D91E5D1E15CE->f2ba01fc-a63e-4348-bd18-030b60a135e7: receive RaftClientReply:client-D91E5D1E15CE->f2ba01fc-a63e-4348-bd18-030b60a135e7@group-C8C62FEF0626, cid=3262, SUCCESS, logIndex=0, commits[f2ba01fc-a63e-4348-bd18-030b60a135e7:c4903, eab135d4-a257-4705-b491-6c056b8c5df7:c4901, a4f67574-9018-43e7-8a54-351e98dc3d0a:c4901]
2019-08-23 07:09:16,016 | INFO  | DNAudit | user=null | ip=null | op=WRITE_CHUNK {blockData=conID: 2 locID: 102665037804667550 bcsId: 4901} | ret=SUCCESS |  
2019-08-23 07:09:16,018 | INFO  | DNAudit | user=null | ip=null | op=WRITE_CHUNK {blockData=conID: 2 locID: 102665037804667550 bcsId: 4901} | ret=SUCCESS |  
2019-08-23 07:09:16,018 | INFO  | DNAudit | user=null | ip=null | op=WRITE_CHUNK {blockData=conID: 2 locID: 102665037804667550 bcsId: 4901} | ret=SUCCESS |  
2019-08-23 07:09:16,028 | INFO  | DNAudit | user=null | ip=null | op=WRITE_CHUNK {blockData=conID: 2 locID: 102665037804667550 bcsId: 4901} | ret=SUCCESS |  
2019-08-23 07:09:16,029 | INFO  | DNAudit | user=null | ip=null | op=PUT_BLOCK {blockData=[blockId=conID: 2 locID: 102665037804667550 bcsId: 0,size=3145728]} | ret=SUCCESS |  
2019-08-23 07:09:16,029 [grpc-default-executor-4] INFO  client.GrpcClientProtocolClient (GrpcClientProtocolClient.java:onNext(255)) - client-D91E5D1E15CE->f2ba01fc-a63e-4348-bd18-030b60a135e7: receive RaftClientReply:client-D91E5D1E15CE->f2ba01fc-a63e-4348-bd18-030b60a135e7@group-C8C62FEF0626, cid=3263, SUCCESS, logIndex=4904, commits[f2ba01fc-a63e-4348-bd18-030b60a135e7:c4905, eab135d4-a257-4705-b491-6c056b8c5df7:c4903, a4f67574-9018-43e7-8a54-351e98dc3d0a:c4903]
2019-08-23 07:09:16,029 [grpc-default-executor-4] INFO  client.GrpcClientProtocolClient (GrpcClientProtocolClient.java:onNext(255)) - client-D91E5D1E15CE->f2ba01fc-a63e-4348-bd18-030b60a135e7: receive RaftClientReply:client-D91E5D1E15CE->f2ba01fc-a63e-4348-bd18-030b60a135e7@group-C8C62FEF0626, cid=3264, SUCCESS, logIndex=4905, commits[f2ba01fc-a63e-4348-bd18-030b60a135e7:c4905, eab135d4-a257-4705-b491-6c056b8c5df7:c4903, a4f67574-9018-43e7-8a54-351e98dc3d0a:c4903]
2019-08-23 07:09:16,036 | INFO  | DNAudit | user=null | ip=null | op=WRITE_CHUNK {blockData=conID: 2 locID: 102665037804667550 bcsId: 4905} | ret=SUCCESS |  
2019-08-23 07:09:16,038 | INFO  | DNAudit | user=null | ip=null | op=WRITE_CHUNK {blockData=conID: 2 locID: 102665037804667550 bcsId: 4905} | ret=SUCCESS |  
2019-08-23 07:09:16,038 | INFO  | DNAudit | user=null | ip=null | op=WRITE_CHUNK {blockData=conID: 2 locID: 102665037804667550 bcsId: 4905} | ret=SUCCESS |  
2019-08-23 07:09:16,040 | INFO  | DNAudit | user=null | ip=null | op=WRITE_CHUNK {blockData=conID: 2 locID: 102665037804667550 bcsId: 4901} | ret=SUCCESS |  
2019-08-23 07:09:16,040 | INFO  | DNAudit | user=null | ip=null | op=WRITE_CHUNK {blockData=conID: 2 locID: 102665037804667550 bcsId: 4901} | ret=SUCCESS |  
2019-08-23 07:09:16,041 | INFO  | DNAudit | user=null | ip=null | op=PUT_BLOCK {blockData=[blockId=conID: 2 locID: 102665037804667550 bcsId: 0,size=3145728]} | ret=SUCCESS |  
2019-08-23 07:09:16,041 | INFO  | DNAudit | user=null | ip=null | op=PUT_BLOCK {blockData=[blockId=conID: 2 locID: 102665037804667550 bcsId: 0,size=3145728]} | ret=SUCCESS |  
2019-08-23 07:09:16,041 | INFO  | DNAudit | user=null | ip=null | op=WRITE_CHUNK {blockData=conID: 2 locID: 102665037804667550 bcsId: 4905} | ret=SUCCESS |  
2019-08-23 07:09:16,042 | INFO  | DNAudit | user=null | ip=null | op=PUT_BLOCK {blockData=[blockId=conID: 2 locID: 102665037804667550 bcsId: 0,size=4194304]} | ret=SUCCESS |  
2019-08-23 07:09:16,042 [grpc-default-executor-0] INFO  client.GrpcClientProtocolClient (GrpcClientProtocolClient.java:onNext(255)) - client-D91E5D1E15CE->f2ba01fc-a63e-4348-bd18-030b60a135e7: receive RaftClientReply:client-D91E5D1E15CE->f2ba01fc-a63e-4348-bd18-030b60a135e7@group-C8C62FEF0626, cid=3265, SUCCESS, logIndex=4908, commits[f2ba01fc-a63e-4348-bd18-030b60a135e7:c4909, eab135d4-a257-4705-b491-6c056b8c5df7:c4905, a4f67574-9018-43e7-8a54-351e98dc3d0a:c4905]
2019-08-23 07:09:16,042 [grpc-default-executor-0] INFO  client.GrpcClientProtocolClient (GrpcClientProtocolClient.java:onNext(255)) - client-D91E5D1E15CE->f2ba01fc-a63e-4348-bd18-030b60a135e7: receive RaftClientReply:client-D91E5D1E15CE->f2ba01fc-a63e-4348-bd18-030b60a135e7@group-C8C62FEF0626, cid=3266, SUCCESS, logIndex=4909, commits[f2ba01fc-a63e-4348-bd18-030b60a135e7:c4909, eab135d4-a257-4705-b491-6c056b8c5df7:c4905, a4f67574-9018-43e7-8a54-351e98dc3d0a:c4905]
2019-08-23 07:09:16,052 | INFO  | DNAudit | user=null | ip=null | op=WRITE_CHUNK {blockData=conID: 2 locID: 102665037804667550 bcsId: 4905} | ret=SUCCESS |  
2019-08-23 07:09:16,053 | INFO  | DNAudit | user=null | ip=null | op=WRITE_CHUNK {blockData=conID: 2 locID: 102665037804667550 bcsId: 4905} | ret=SUCCESS |  
2019-08-23 07:09:16,054 | INFO  | DNAudit | user=null | ip=null | op=PUT_BLOCK {blockData=[blockId=conID: 2 locID: 102665037804667550 bcsId: 0,size=4194304]} | ret=SUCCESS |  
2019-08-23 07:09:16,054 | INFO  | DNAudit | user=null | ip=null | op=PUT_BLOCK {blockData=[blockId=conID: 2 locID: 102665037804667550 bcsId: 0,size=4194304]} | ret=SUCCESS |  
2019-08-23 07:09:16,054 [grpc-default-executor-0] INFO  client.GrpcClientProtocolClient (GrpcClientProtocolClient.java:onNext(255)) - client-D91E5D1E15CE->f2ba01fc-a63e-4348-bd18-030b60a135e7: receive RaftClientReply:client-D91E5D1E15CE->f2ba01fc-a63e-4348-bd18-030b60a135e7@group-C8C62FEF0626, cid=3267, SUCCESS, logIndex=0, commits[f2ba01fc-a63e-4348-bd18-030b60a135e7:c4911, eab135d4-a257-4705-b491-6c056b8c5df7:c4909, a4f67574-9018-43e7-8a54-351e98dc3d0a:c4909]
2019-08-23 07:09:16,061 | INFO  | SCMAudit | user=jenkins1000 | ip=192.168.5.178 | op=ALLOCATE_BLOCK {owner=aaf04d22-10dd-4717-8862-c651bdde72cf, size=4194304, type=RATIS, factor=THREE} | ret=SUCCESS |  
2019-08-23 07:09:16,065 | INFO  | OMAudit | user=jenkins1000 | ip=127.0.0.1 | op=ALLOCATE_BLOCK {volume=vol-0-67663, bucket=bucket-0-68950, key=key-0-26970, dataSize=0, replicationType=null, replicationFactor=null, keyLocationInfo=null, clientID=102665036030476690} | ret=SUCCESS |  
2019-08-23 07:09:16,073 | INFO  | DNAudit | user=null | ip=null | op=WRITE_CHUNK {blockData=conID: 3 locID: 102665037811548831 bcsId: 0} | ret=SUCCESS |  
2019-08-23 07:09:16,076 | INFO  | DNAudit | user=null | ip=null | op=WRITE_CHUNK {blockData=conID: 3 locID: 102665037811548831 bcsId: 0} | ret=SUCCESS |  
2019-08-23 07:09:16,076 | INFO  | DNAudit | user=null | ip=null | op=WRITE_CHUNK {blockData=conID: 3 locID: 102665037811548831 bcsId: 0} | ret=SUCCESS |  
2019-08-23 07:09:16,076 | INFO  | DNAudit | user=null | ip=null | op=WRITE_CHUNK {blockData=conID: 3 locID: 102665037811548831 bcsId: 0} | ret=SUCCESS |  
2019-08-23 07:09:16,078 | INFO  | DNAudit | user=null | ip=null | op=WRITE_CHUNK {blockData=conID: 3 locID: 102665037811548831 bcsId: 0} | ret=SUCCESS |  
2019-08-23 07:09:16,079 | INFO  | DNAudit | user=null | ip=null | op=WRITE_CHUNK {blockData=conID: 3 locID: 102665037811548831 bcsId: 0} | ret=SUCCESS |  
2019-08-23 07:09:16,085 | INFO  | DNAudit | user=null | ip=null | op=WRITE_CHUNK {blockData=conID: 3 locID: 102665037811548831 bcsId: 0} | ret=SUCCESS |  
2019-08-23 07:09:16,086 | INFO  | DNAudit | user=null | ip=null | op=PUT_BLOCK {blockData=[blockId=conID: 3 locID: 102665037811548831 bcsId: 0,size=1048576]} | ret=SUCCESS |  
2019-08-23 07:09:16,086 [grpc-default-executor-0] INFO  client.GrpcClientProtocolClient (GrpcClientProtocolClient.java:onNext(255)) - client-D91E5D1E15CE->f2ba01fc-a63e-4348-bd18-030b60a135e7: receive RaftClientReply:client-D91E5D1E15CE->f2ba01fc-a63e-4348-bd18-030b60a135e7@group-C8C62FEF0626, cid=3268, SUCCESS, logIndex=4912, commits[f2ba01fc-a63e-4348-bd18-030b60a135e7:c4913, eab135d4-a257-4705-b491-6c056b8c5df7:c4911, a4f67574-9018-43e7-8a54-351e98dc3d0a:c4911]
2019-08-23 07:09:16,086 | INFO  | DNAudit | user=null | ip=null | op=WRITE_CHUNK {blockData=conID: 3 locID: 102665037811548831 bcsId: 0} | ret=SUCCESS |  
2019-08-23 07:09:16,087 [grpc-default-executor-4] INFO  client.GrpcClientProtocolClient (GrpcClientProtocolClient.java:onNext(255)) - client-D91E5D1E15CE->f2ba01fc-a63e-4348-bd18-030b60a135e7: receive RaftClientReply:client-D91E5D1E15CE->f2ba01fc-a63e-4348-bd18-030b60a135e7@group-C8C62FEF0626, cid=3269, SUCCESS, logIndex=4913, commits[f2ba01fc-a63e-4348-bd18-030b60a135e7:c4913, eab135d4-a257-4705-b491-6c056b8c5df7:c4911, a4f67574-9018-43e7-8a54-351e98dc3d0a:c4911]
2019-08-23 07:09:16,087 | INFO  | DNAudit | user=null | ip=null | op=PUT_BLOCK {blockData=[blockId=conID: 3 locID: 102665037811548831 bcsId: 0,size=2097152]} | ret=SUCCESS |  
2019-08-23 07:09:16,087 | INFO  | DNAudit | user=null | ip=null | op=WRITE_CHUNK {blockData=conID: 3 locID: 102665037811548831 bcsId: 0} | ret=SUCCESS |  
2019-08-23 07:09:16,087 [grpc-default-executor-4] INFO  client.GrpcClientProtocolClient (GrpcClientProtocolClient.java:onNext(255)) - client-D91E5D1E15CE->f2ba01fc-a63e-4348-bd18-030b60a135e7: receive RaftClientReply:client-D91E5D1E15CE->f2ba01fc-a63e-4348-bd18-030b60a135e7@group-C8C62FEF0626, cid=3270, SUCCESS, logIndex=4914, commits[f2ba01fc-a63e-4348-bd18-030b60a135e7:c4915, eab135d4-a257-4705-b491-6c056b8c5df7:c4911, a4f67574-9018-43e7-8a54-351e98dc3d0a:c4911]
2019-08-23 07:09:16,087 | INFO  | DNAudit | user=null | ip=null | op=PUT_BLOCK {blockData=[blockId=conID: 3 locID: 102665037811548831 bcsId: 0,size=1048576]} | ret=SUCCESS |  
2019-08-23 07:09:16,087 [grpc-default-executor-4] INFO  client.GrpcClientProtocolClient (GrpcClientProtocolClient.java:onNext(255)) - client-D91E5D1E15CE->f2ba01fc-a63e-4348-bd18-030b60a135e7: receive RaftClientReply:client-D91E5D1E15CE->f2ba01fc-a63e-4348-bd18-030b60a135e7@group-C8C62FEF0626, cid=3271, SUCCESS, logIndex=4915, commits[f2ba01fc-a63e-4348-bd18-030b60a135e7:c4915, eab135d4-a257-4705-b491-6c056b8c5df7:c4911, a4f67574-9018-43e7-8a54-351e98dc3d0a:c4911]
2019-08-23 07:09:16,088 | INFO  | DNAudit | user=null | ip=null | op=WRITE_CHUNK {blockData=conID: 3 locID: 102665037811548831 bcsId: 0} | ret=SUCCESS |  
2019-08-23 07:09:16,088 | INFO  | DNAudit | user=null | ip=null | op=PUT_BLOCK {blockData=[blockId=conID: 3 locID: 102665037811548831 bcsId: 0,size=1048576]} | ret=SUCCESS |  
2019-08-23 07:09:16,088 | INFO  | DNAudit | user=null | ip=null | op=WRITE_CHUNK {blockData=conID: 3 locID: 102665037811548831 bcsId: 0} | ret=SUCCESS |  
2019-08-23 07:09:16,089 | INFO  | DNAudit | user=null | ip=null | op=PUT_BLOCK {blockData=[blockId=conID: 3 locID: 102665037811548831 bcsId: 0,size=2097152]} | ret=SUCCESS |  
2019-08-23 07:09:16,089 [grpc-default-executor-4] INFO  client.GrpcClientProtocolClient (GrpcClientProtocolClient.java:onNext(255)) - client-D91E5D1E15CE->f2ba01fc-a63e-4348-bd18-030b60a135e7: receive RaftClientReply:client-D91E5D1E15CE->f2ba01fc-a63e-4348-bd18-030b60a135e7@group-C8C62FEF0626, cid=3272, SUCCESS, logIndex=0, commits[f2ba01fc-a63e-4348-bd18-030b60a135e7:c4917, eab135d4-a257-4705-b491-6c056b8c5df7:c4913, a4f67574-9018-43e7-8a54-351e98dc3d0a:c4913]
2019-08-23 07:09:16,089 | INFO  | DNAudit | user=null | ip=null | op=WRITE_CHUNK {blockData=conID: 3 locID: 102665037811548831 bcsId: 0} | ret=SUCCESS |  
2019-08-23 07:09:16,089 | INFO  | DNAudit | user=null | ip=null | op=PUT_BLOCK {blockData=[blockId=conID: 3 locID: 102665037811548831 bcsId: 0,size=2097152]} | ret=SUCCESS |  
2019-08-23 07:09:16,096 | INFO  | DNAudit | user=null | ip=null | op=WRITE_CHUNK {blockData=conID: 3 locID: 102665037811548831 bcsId: 4915} | ret=SUCCESS |  
2019-08-23 07:09:16,098 | INFO  | DNAudit | user=null | ip=null | op=WRITE_CHUNK {blockData=conID: 3 locID: 102665037811548831 bcsId: 4915} | ret=SUCCESS |  
2019-08-23 07:09:16,099 | INFO  | DNAudit | user=null | ip=null | op=WRITE_CHUNK {blockData=conID: 3 locID: 102665037811548831 bcsId: 4915} | ret=SUCCESS |  
2019-08-23 07:09:16,109 | INFO  | DNAudit | user=null | ip=null | op=WRITE_CHUNK {blockData=conID: 3 locID: 102665037811548831 bcsId: 4915} | ret=SUCCESS |  
2019-08-23 07:09:16,110 | INFO  | DNAudit | user=null | ip=null | op=PUT_BLOCK {blockData=[blockId=conID: 3 locID: 102665037811548831 bcsId: 0,size=3145728]} | ret=SUCCESS |  
2019-08-23 07:09:16,110 [grpc-default-executor-0] INFO  client.GrpcClientProtocolClient (GrpcClientProtocolClient.java:onNext(255)) - client-D91E5D1E15CE->f2ba01fc-a63e-4348-bd18-030b60a135e7: receive RaftClientReply:client-D91E5D1E15CE->f2ba01fc-a63e-4348-bd18-030b60a135e7@group-C8C62FEF0626, cid=3273, SUCCESS, logIndex=4920, commits[f2ba01fc-a63e-4348-bd18-030b60a135e7:c4921, eab135d4-a257-4705-b491-6c056b8c5df7:c4919, a4f67574-9018-43e7-8a54-351e98dc3d0a:c4919]
2019-08-23 07:09:16,110 [grpc-default-executor-0] INFO  client.GrpcClientProtocolClient (GrpcClientProtocolClient.java:onNext(255)) - client-D91E5D1E15CE->f2ba01fc-a63e-4348-bd18-030b60a135e7: receive RaftClientReply:client-D91E5D1E15CE->f2ba01fc-a63e-4348-bd18-030b60a135e7@group-C8C62FEF0626, cid=3274, SUCCESS, logIndex=4921, commits[f2ba01fc-a63e-4348-bd18-030b60a135e7:c4921, eab135d4-a257-4705-b491-6c056b8c5df7:c4919, a4f67574-9018-43e7-8a54-351e98dc3d0a:c4919]
2019-08-23 07:09:16,118 | INFO  | DNAudit | user=null | ip=null | op=WRITE_CHUNK {blockData=conID: 3 locID: 102665037811548831 bcsId: 4921} | ret=SUCCESS |  
2019-08-23 07:09:16,120 | INFO  | DNAudit | user=null | ip=null | op=WRITE_CHUNK {blockData=conID: 3 locID: 102665037811548831 bcsId: 4921} | ret=SUCCESS |  
2019-08-23 07:09:16,120 | INFO  | DNAudit | user=null | ip=null | op=WRITE_CHUNK {blockData=conID: 3 locID: 102665037811548831 bcsId: 4915} | ret=SUCCESS |  
2019-08-23 07:09:16,121 | INFO  | DNAudit | user=null | ip=null | op=WRITE_CHUNK {blockData=conID: 3 locID: 102665037811548831 bcsId: 4915} | ret=SUCCESS |  
2019-08-23 07:09:16,121 | INFO  | DNAudit | user=null | ip=null | op=PUT_BLOCK {blockData=[blockId=conID: 3 locID: 102665037811548831 bcsId: 0,size=3145728]} | ret=SUCCESS |  
2019-08-23 07:09:16,121 | INFO  | DNAudit | user=null | ip=null | op=WRITE_CHUNK {blockData=conID: 3 locID: 102665037811548831 bcsId: 4921} | ret=SUCCESS |  
2019-08-23 07:09:16,122 | INFO  | DNAudit | user=null | ip=null | op=WRITE_CHUNK {blockData=conID: 3 locID: 102665037811548831 bcsId: 4921} | ret=SUCCESS |  
2019-08-23 07:09:16,122 | INFO  | DNAudit | user=null | ip=null | op=PUT_BLOCK {blockData=[blockId=conID: 3 locID: 102665037811548831 bcsId: 0,size=3145728]} | ret=SUCCESS |  
2019-08-23 07:09:16,123 | INFO  | DNAudit | user=null | ip=null | op=PUT_BLOCK {blockData=[blockId=conID: 3 locID: 102665037811548831 bcsId: 0,size=4194304]} | ret=SUCCESS |  
2019-08-23 07:09:16,123 [grpc-default-executor-4] INFO  client.GrpcClientProtocolClient (GrpcClientProtocolClient.java:onNext(255)) - client-D91E5D1E15CE->f2ba01fc-a63e-4348-bd18-030b60a135e7: receive RaftClientReply:client-D91E5D1E15CE->f2ba01fc-a63e-4348-bd18-030b60a135e7@group-C8C62FEF0626, cid=3275, SUCCESS, logIndex=4924, commits[f2ba01fc-a63e-4348-bd18-030b60a135e7:c4925, eab135d4-a257-4705-b491-6c056b8c5df7:c4921, a4f67574-9018-43e7-8a54-351e98dc3d0a:c4920]
2019-08-23 07:09:16,123 [grpc-default-executor-4] INFO  client.GrpcClientProtocolClient (GrpcClientProtocolClient.java:onNext(255)) - client-D91E5D1E15CE->f2ba01fc-a63e-4348-bd18-030b60a135e7: receive RaftClientReply:client-D91E5D1E15CE->f2ba01fc-a63e-4348-bd18-030b60a135e7@group-C8C62FEF0626, cid=3276, SUCCESS, logIndex=4925, commits[f2ba01fc-a63e-4348-bd18-030b60a135e7:c4925, eab135d4-a257-4705-b491-6c056b8c5df7:c4921, a4f67574-9018-43e7-8a54-351e98dc3d0a:c4921]
2019-08-23 07:09:16,124 | INFO  | DNAudit | user=null | ip=null | op=WRITE_CHUNK {blockData=conID: 3 locID: 102665037811548831 bcsId: 4921} | ret=SUCCESS |  
2019-08-23 07:09:16,124 | INFO  | DNAudit | user=null | ip=null | op=WRITE_CHUNK {blockData=conID: 3 locID: 102665037811548831 bcsId: 4921} | ret=SUCCESS |  
2019-08-23 07:09:16,124 | INFO  | DNAudit | user=null | ip=null | op=PUT_BLOCK {blockData=[blockId=conID: 3 locID: 102665037811548831 bcsId: 0,size=4194304]} | ret=SUCCESS |  
2019-08-23 07:09:16,124 | INFO  | DNAudit | user=null | ip=null | op=PUT_BLOCK {blockData=[blockId=conID: 3 locID: 102665037811548831 bcsId: 0,size=4194304]} | ret=SUCCESS |  
2019-08-23 07:09:16,124 [grpc-default-executor-0] INFO  client.GrpcClientProtocolClient (GrpcClientProtocolClient.java:onNext(255)) - client-D91E5D1E15CE->f2ba01fc-a63e-4348-bd18-030b60a135e7: receive RaftClientReply:client-D91E5D1E15CE->f2ba01fc-a63e-4348-bd18-030b60a135e7@group-C8C62FEF0626, cid=3277, SUCCESS, logIndex=0, commits[f2ba01fc-a63e-4348-bd18-030b60a135e7:c4926, eab135d4-a257-4705-b491-6c056b8c5df7:c4925, a4f67574-9018-43e7-8a54-351e98dc3d0a:c4925]
2019-08-23 07:09:16,133 | INFO  | SCMAudit | user=jenkins1000 | ip=192.168.5.178 | op=ALLOCATE_BLOCK {owner=aaf04d22-10dd-4717-8862-c651bdde72cf, size=4194304, type=RATIS, factor=THREE} | ret=SUCCESS |  
2019-08-23 07:09:16,138 | INFO  | OMAudit | user=jenkins1000 | ip=127.0.0.1 | op=ALLOCATE_BLOCK {volume=vol-0-67663, bucket=bucket-0-68950, key=key-0-26970, dataSize=0, replicationType=null, replicationFactor=null, keyLocationInfo=null, clientID=102665036030476690} | ret=SUCCESS |  
 0.00% |█                                                                                                    |  0/1 Time: 0:00:272019-08-23 07:09:16,271 | INFO  | SCMAudit | user=jenkins1000 | ip=192.168.5.178 | op=SEND_HEARTBEAT {datanodeUUID=5c311bc2-cc7c-45de-998f-f79499d85d4e, command=[]} | ret=SUCCESS |  
2019-08-23 07:09:16,273 | INFO  | SCMAudit | user=jenkins1000 | ip=192.168.5.178 | op=SEND_HEARTBEAT {datanodeUUID=b7d3ecaa-ab76-49a0-b691-40b7e1ed625a, command=[]} | ret=SUCCESS |  
2019-08-23 07:09:16,274 | INFO  | DNAudit | user=null | ip=null | op=WRITE_CHUNK {blockData=conID: 1 locID: 102665037816332960 bcsId: 0} | ret=SUCCESS |  
2019-08-23 07:09:16,276 | INFO  | DNAudit | user=null | ip=null | op=WRITE_CHUNK {blockData=conID: 1 locID: 102665037816332960 bcsId: 0} | ret=SUCCESS |  
2019-08-23 07:09:16,277 | INFO  | DNAudit | user=null | ip=null | op=WRITE_CHUNK {blockData=conID: 1 locID: 102665037816332960 bcsId: 0} | ret=SUCCESS |  
2019-08-23 07:09:16,278 | INFO  | DNAudit | user=null | ip=null | op=WRITE_CHUNK {blockData=conID: 1 locID: 102665037816332960 bcsId: 0} | ret=SUCCESS |  
2019-08-23 07:09:16,279 | INFO  | DNAudit | user=null | ip=null | op=WRITE_CHUNK {blockData=conID: 1 locID: 102665037816332960 bcsId: 0} | ret=SUCCESS |  
2019-08-23 07:09:16,279 | INFO  | DNAudit | user=null | ip=null | op=WRITE_CHUNK {blockData=conID: 1 locID: 102665037816332960 bcsId: 0} | ret=SUCCESS |  
2019-08-23 07:09:16,289 | INFO  | DNAudit | user=null | ip=null | op=WRITE_CHUNK {blockData=conID: 1 locID: 102665037816332960 bcsId: 0} | ret=SUCCESS |  
2019-08-23 07:09:16,290 | INFO  | DNAudit | user=null | ip=null | op=PUT_BLOCK {blockData=[blockId=conID: 1 locID: 102665037816332960 bcsId: 0,size=1048576]} | ret=SUCCESS |  
2019-08-23 07:09:16,290 | INFO  | DNAudit | user=null | ip=null | op=WRITE_CHUNK {blockData=conID: 1 locID: 102665037816332960 bcsId: 0} | ret=SUCCESS |  
2019-08-23 07:09:16,290 | INFO  | DNAudit | user=null | ip=null | op=PUT_BLOCK {blockData=[blockId=conID: 1 locID: 102665037816332960 bcsId: 0,size=2097152]} | ret=SUCCESS |  
2019-08-23 07:09:16,290 [grpc-default-executor-6] INFO  client.GrpcClientProtocolClient (GrpcClientProtocolClient.java:onNext(255)) - client-D91E5D1E15CE->f2ba01fc-a63e-4348-bd18-030b60a135e7: receive RaftClientReply:client-D91E5D1E15CE->f2ba01fc-a63e-4348-bd18-030b60a135e7@group-C8C62FEF0626, cid=3278, SUCCESS, logIndex=4928, commits[f2ba01fc-a63e-4348-bd18-030b60a135e7:c4929, eab135d4-a257-4705-b491-6c056b8c5df7:c4927, a4f67574-9018-43e7-8a54-351e98dc3d0a:c4927]
2019-08-23 07:09:16,291 [grpc-default-executor-6] INFO  client.GrpcClientProtocolClient (GrpcClientProtocolClient.java:onNext(255)) - client-D91E5D1E15CE->f2ba01fc-a63e-4348-bd18-030b60a135e7: receive RaftClientReply:client-D91E5D1E15CE->f2ba01fc-a63e-4348-bd18-030b60a135e7@group-C8C62FEF0626, cid=3279, SUCCESS, logIndex=4929, commits[f2ba01fc-a63e-4348-bd18-030b60a135e7:c4931, eab135d4-a257-4705-b491-6c056b8c5df7:c4927, a4f67574-9018-43e7-8a54-351e98dc3d0a:c4927]
2019-08-23 07:09:16,291 [grpc-default-executor-6] INFO  client.GrpcClientProtocolClient (GrpcClientProtocolClient.java:onNext(255)) - client-D91E5D1E15CE->f2ba01fc-a63e-4348-bd18-030b60a135e7: receive RaftClientReply:client-D91E5D1E15CE->f2ba01fc-a63e-4348-bd18-030b60a135e7@group-C8C62FEF0626, cid=3280, SUCCESS, logIndex=4930, commits[f2ba01fc-a63e-4348-bd18-030b60a135e7:c4931, eab135d4-a257-4705-b491-6c056b8c5df7:c4927, a4f67574-9018-43e7-8a54-351e98dc3d0a:c4927]
2019-08-23 07:09:16,292 [grpc-default-executor-6] INFO  client.GrpcClientProtocolClient (GrpcClientProtocolClient.java:onNext(255)) - client-D91E5D1E15CE->f2ba01fc-a63e-4348-bd18-030b60a135e7: receive RaftClientReply:client-D91E5D1E15CE->f2ba01fc-a63e-4348-bd18-030b60a135e7@group-C8C62FEF0626, cid=3281, SUCCESS, logIndex=4931, commits[f2ba01fc-a63e-4348-bd18-030b60a135e7:c4931, eab135d4-a257-4705-b491-6c056b8c5df7:c4927, a4f67574-9018-43e7-8a54-351e98dc3d0a:c4927]
2019-08-23 07:09:16,300 | INFO  | DNAudit | user=null | ip=null | op=WRITE_CHUNK {blockData=conID: 1 locID: 102665037816332960 bcsId: 0} | ret=SUCCESS |  
2019-08-23 07:09:16,300 | INFO  | DNAudit | user=null | ip=null | op=PUT_BLOCK {blockData=[blockId=conID: 1 locID: 102665037816332960 bcsId: 0,size=1048576]} | ret=SUCCESS |  
2019-08-23 07:09:16,300 | INFO  | DNAudit | user=null | ip=null | op=WRITE_CHUNK {blockData=conID: 1 locID: 102665037816332960 bcsId: 0} | ret=SUCCESS |  
2019-08-23 07:09:16,301 | INFO  | DNAudit | user=null | ip=null | op=PUT_BLOCK {blockData=[blockId=conID: 1 locID: 102665037816332960 bcsId: 0,size=1048576]} | ret=SUCCESS |  
2019-08-23 07:09:16,301 [grpc-default-executor-0] INFO  client.GrpcClientProtocolClient (GrpcClientProtocolClient.java:onNext(255)) - client-D91E5D1E15CE->f2ba01fc-a63e-4348-bd18-030b60a135e7: receive RaftClientReply:client-D91E5D1E15CE->f2ba01fc-a63e-4348-bd18-030b60a135e7@group-C8C62FEF0626, cid=3282, SUCCESS, logIndex=0, commits[f2ba01fc-a63e-4348-bd18-030b60a135e7:c4932, eab135d4-a257-4705-b491-6c056b8c5df7:c4929, a4f67574-9018-43e7-8a54-351e98dc3d0a:c4929]
2019-08-23 07:09:16,302 | INFO  | DNAudit | user=null | ip=null | op=WRITE_CHUNK {blockData=conID: 1 locID: 102665037816332960 bcsId: 0} | ret=SUCCESS |  
2019-08-23 07:09:16,302 | INFO  | DNAudit | user=null | ip=null | op=WRITE_CHUNK {blockData=conID: 1 locID: 102665037816332960 bcsId: 0} | ret=SUCCESS |  
2019-08-23 07:09:16,302 | INFO  | DNAudit | user=null | ip=null | op=PUT_BLOCK {blockData=[blockId=conID: 1 locID: 102665037816332960 bcsId: 0,size=2097152]} | ret=SUCCESS |  
2019-08-23 07:09:16,302 | INFO  | DNAudit | user=null | ip=null | op=PUT_BLOCK {blockData=[blockId=conID: 1 locID: 102665037816332960 bcsId: 0,size=2097152]} | ret=SUCCESS |  
2019-08-23 07:09:16,309 | INFO  | DNAudit | user=null | ip=null | op=WRITE_CHUNK {blockData=conID: 1 locID: 102665037816332960 bcsId: 4931} | ret=SUCCESS |  
2019-08-23 07:09:16,312 | INFO  | DNAudit | user=null | ip=null | op=WRITE_CHUNK {blockData=conID: 1 locID: 102665037816332960 bcsId: 4931} | ret=SUCCESS |  
2019-08-23 07:09:16,312 | INFO  | DNAudit | user=null | ip=null | op=WRITE_CHUNK {blockData=conID: 1 locID: 102665037816332960 bcsId: 4931} | ret=SUCCESS |  
2019-08-23 07:09:16,321 | INFO  | DNAudit | user=null | ip=null | op=WRITE_CHUNK {blockData=conID: 1 locID: 102665037816332960 bcsId: 4931} | ret=SUCCESS |  
2019-08-23 07:09:16,321 | INFO  | DNAudit | user=null | ip=null | op=PUT_BLOCK {blockData=[blockId=conID: 1 locID: 102665037816332960 bcsId: 0,size=3145728]} | ret=SUCCESS |  
2019-08-23 07:09:16,321 [grpc-default-executor-6] INFO  client.GrpcClientProtocolClient (GrpcClientProtocolClient.java:onNext(255)) - client-D91E5D1E15CE->f2ba01fc-a63e-4348-bd18-030b60a135e7: receive RaftClientReply:client-D91E5D1E15CE->f2ba01fc-a63e-4348-bd18-030b60a135e7@group-C8C62FEF0626, cid=3283, SUCCESS, logIndex=4936, commits[f2ba01fc-a63e-4348-bd18-030b60a135e7:c4936, eab135d4-a257-4705-b491-6c056b8c5df7:c4935, a4f67574-9018-43e7-8a54-351e98dc3d0a:c4935]
2019-08-23 07:09:16,322 [grpc-default-executor-6] INFO  client.GrpcClientProtocolClient (GrpcClientProtocolClient.java:onNext(255)) - client-D91E5D1E15CE->f2ba01fc-a63e-4348-bd18-030b60a135e7: receive RaftClientReply:client-D91E5D1E15CE->f2ba01fc-a63e-4348-bd18-030b60a135e7@group-C8C62FEF0626, cid=3284, SUCCESS, logIndex=4937, commits[f2ba01fc-a63e-4348-bd18-030b60a135e7:c4937, eab135d4-a257-4705-b491-6c056b8c5df7:c4935, a4f67574-9018-43e7-8a54-351e98dc3d0a:c4935]
2019-08-23 07:09:16,330 | INFO  | DNAudit | user=null | ip=null | op=WRITE_CHUNK {blockData=conID: 1 locID: 102665037816332960 bcsId: 4937} | ret=SUCCESS |  
2019-08-23 07:09:16,332 | INFO  | DNAudit | user=null | ip=null | op=WRITE_CHUNK {blockData=conID: 1 locID: 102665037816332960 bcsId: 4931} | ret=SUCCESS |  
2019-08-23 07:09:16,332 | INFO  | DNAudit | user=null | ip=null | op=WRITE_CHUNK {blockData=conID: 1 locID: 102665037816332960 bcsId: 4937} | ret=SUCCESS |  
2019-08-23 07:09:16,332 | INFO  | DNAudit | user=null | ip=null | op=WRITE_CHUNK {blockData=conID: 1 locID: 102665037816332960 bcsId: 4937} | ret=SUCCESS |  
2019-08-23 07:09:16,333 | INFO  | DNAudit | user=null | ip=null | op=WRITE_CHUNK {blockData=conID: 1 locID: 102665037816332960 bcsId: 4931} | ret=SUCCESS |  
2019-08-23 07:09:16,334 | INFO  | DNAudit | user=null | ip=null | op=PUT_BLOCK {blockData=[blockId=conID: 1 locID: 102665037816332960 bcsId: 0,size=3145728]} | ret=SUCCESS |  
2019-08-23 07:09:16,334 | INFO  | DNAudit | user=null | ip=null | op=PUT_BLOCK {blockData=[blockId=conID: 1 locID: 102665037816332960 bcsId: 0,size=3145728]} | ret=SUCCESS |  
2019-08-23 07:09:16,334 | INFO  | DNAudit | user=null | ip=null | op=WRITE_CHUNK {blockData=conID: 1 locID: 102665037816332960 bcsId: 4937} | ret=SUCCESS |  
2019-08-23 07:09:16,335 | INFO  | DNAudit | user=null | ip=null | op=PUT_BLOCK {blockData=[blockId=conID: 1 locID: 102665037816332960 bcsId: 0,size=4194304]} | ret=SUCCESS |  
2019-08-23 07:09:16,335 [grpc-default-executor-0] INFO  client.GrpcClientProtocolClient (GrpcClientProtocolClient.java:onNext(255)) - client-D91E5D1E15CE->f2ba01fc-a63e-4348-bd18-030b60a135e7: receive RaftClientReply:client-D91E5D1E15CE->f2ba01fc-a63e-4348-bd18-030b60a135e7@group-C8C62FEF0626, cid=3285, SUCCESS, logIndex=4940, commits[f2ba01fc-a63e-4348-bd18-030b60a135e7:c4941, eab135d4-a257-4705-b491-6c056b8c5df7:c4937, a4f67574-9018-43e7-8a54-351e98dc3d0a:c4937]
2019-08-23 07:09:16,335 [grpc-default-executor-0] INFO  client.GrpcClientProtocolClient (GrpcClientProtocolClient.java:onNext(255)) - client-D91E5D1E15CE->f2ba01fc-a63e-4348-bd18-030b60a135e7: receive RaftClientReply:client-D91E5D1E15CE->f2ba01fc-a63e-4348-bd18-030b60a135e7@group-C8C62FEF0626, cid=3286, SUCCESS, logIndex=4941, commits[f2ba01fc-a63e-4348-bd18-030b60a135e7:c4941, eab135d4-a257-4705-b491-6c056b8c5df7:c4937, a4f67574-9018-43e7-8a54-351e98dc3d0a:c4937]
2019-08-23 07:09:16,346 | INFO  | DNAudit | user=null | ip=null | op=WRITE_CHUNK {blockData=conID: 1 locID: 102665037816332960 bcsId: 4937} | ret=SUCCESS |  
2019-08-23 07:09:16,346 | INFO  | DNAudit | user=null | ip=null | op=WRITE_CHUNK {blockData=conID: 1 locID: 102665037816332960 bcsId: 4937} | ret=SUCCESS |  
2019-08-23 07:09:16,347 | INFO  | DNAudit | user=null | ip=null | op=PUT_BLOCK {blockData=[blockId=conID: 1 locID: 102665037816332960 bcsId: 0,size=4194304]} | ret=SUCCESS |  
2019-08-23 07:09:16,347 | INFO  | DNAudit | user=null | ip=null | op=PUT_BLOCK {blockData=[blockId=conID: 1 locID: 102665037816332960 bcsId: 0,size=4194304]} | ret=SUCCESS |  
2019-08-23 07:09:16,348 [grpc-default-executor-6] INFO  client.GrpcClientProtocolClient (GrpcClientProtocolClient.java:onNext(255)) - client-D91E5D1E15CE->f2ba01fc-a63e-4348-bd18-030b60a135e7: receive RaftClientReply:client-D91E5D1E15CE->f2ba01fc-a63e-4348-bd18-030b60a135e7@group-C8C62FEF0626, cid=3287, SUCCESS, logIndex=0, commits[f2ba01fc-a63e-4348-bd18-030b60a135e7:c4943, eab135d4-a257-4705-b491-6c056b8c5df7:c4941, a4f67574-9018-43e7-8a54-351e98dc3d0a:c4941]
2019-08-23 07:09:16,357 | INFO  | SCMAudit | user=jenkins1000 | ip=192.168.5.178 | op=ALLOCATE_BLOCK {owner=aaf04d22-10dd-4717-8862-c651bdde72cf, size=4194304, type=RATIS, factor=THREE} | ret=SUCCESS |  
2019-08-23 07:09:16,362 | INFO  | OMAudit | user=jenkins1000 | ip=127.0.0.1 | op=ALLOCATE_BLOCK {volume=vol-0-67663, bucket=bucket-0-68950, key=key-0-26970, dataSize=0, replicationType=null, replicationFactor=null, keyLocationInfo=null, clientID=102665036030476690} | ret=SUCCESS |  
2019-08-23 07:09:16,371 | INFO  | DNAudit | user=null | ip=null | op=WRITE_CHUNK {blockData=conID: 2 locID: 102665037831013025 bcsId: 0} | ret=SUCCESS |  
2019-08-23 07:09:16,374 | INFO  | DNAudit | user=null | ip=null | op=WRITE_CHUNK {blockData=conID: 2 locID: 102665037831013025 bcsId: 0} | ret=SUCCESS |  
2019-08-23 07:09:16,374 | INFO  | DNAudit | user=null | ip=null | op=WRITE_CHUNK {blockData=conID: 2 locID: 102665037831013025 bcsId: 0} | ret=SUCCESS |  
2019-08-23 07:09:16,375 | INFO  | DNAudit | user=null | ip=null | op=WRITE_CHUNK {blockData=conID: 2 locID: 102665037831013025 bcsId: 0} | ret=SUCCESS |  
2019-08-23 07:09:16,376 | INFO  | DNAudit | user=null | ip=null | op=WRITE_CHUNK {blockData=conID: 2 locID: 102665037831013025 bcsId: 0} | ret=SUCCESS |  
2019-08-23 07:09:16,377 | INFO  | DNAudit | user=null | ip=null | op=WRITE_CHUNK {blockData=conID: 2 locID: 102665037831013025 bcsId: 0} | ret=SUCCESS |  
2019-08-23 07:09:16,384 | INFO  | DNAudit | user=null | ip=null | op=WRITE_CHUNK {blockData=conID: 2 locID: 102665037831013025 bcsId: 0} | ret=SUCCESS |  
2019-08-23 07:09:16,385 | INFO  | DNAudit | user=null | ip=null | op=PUT_BLOCK {blockData=[blockId=conID: 2 locID: 102665037831013025 bcsId: 0,size=1048576]} | ret=SUCCESS |  
2019-08-23 07:09:16,385 | INFO  | DNAudit | user=null | ip=null | op=WRITE_CHUNK {blockData=conID: 2 locID: 102665037831013025 bcsId: 0} | ret=SUCCESS |  
2019-08-23 07:09:16,385 [grpc-default-executor-0] INFO  client.GrpcClientProtocolClient (GrpcClientProtocolClient.java:onNext(255)) - client-D91E5D1E15CE->f2ba01fc-a63e-4348-bd18-030b60a135e7: receive RaftClientReply:client-D91E5D1E15CE->f2ba01fc-a63e-4348-bd18-030b60a135e7@group-C8C62FEF0626, cid=3288, SUCCESS, logIndex=4944, commits[f2ba01fc-a63e-4348-bd18-030b60a135e7:c4945, eab135d4-a257-4705-b491-6c056b8c5df7:c4943, a4f67574-9018-43e7-8a54-351e98dc3d0a:c4943]
2019-08-23 07:09:16,386 | INFO  | DNAudit | user=null | ip=null | op=WRITE_CHUNK {blockData=conID: 2 locID: 102665037831013025 bcsId: 0} | ret=SUCCESS |  
2019-08-23 07:09:16,386 | INFO  | DNAudit | user=null | ip=null | op=PUT_BLOCK {blockData=[blockId=conID: 2 locID: 102665037831013025 bcsId: 0,size=2097152]} | ret=SUCCESS |  
2019-08-23 07:09:16,386 [grpc-default-executor-0] INFO  client.GrpcClientProtocolClient (GrpcClientProtocolClient.java:onNext(255)) - client-D91E5D1E15CE->f2ba01fc-a63e-4348-bd18-030b60a135e7: receive RaftClientReply:client-D91E5D1E15CE->f2ba01fc-a63e-4348-bd18-030b60a135e7@group-C8C62FEF0626, cid=3289, SUCCESS, logIndex=4945, commits[f2ba01fc-a63e-4348-bd18-030b60a135e7:c4947, eab135d4-a257-4705-b491-6c056b8c5df7:c4943, a4f67574-9018-43e7-8a54-351e98dc3d0a:c4943]
2019-08-23 07:09:16,386 | INFO  | DNAudit | user=null | ip=null | op=WRITE_CHUNK {blockData=conID: 2 locID: 102665037831013025 bcsId: 0} | ret=SUCCESS |  
2019-08-23 07:09:16,386 [grpc-default-executor-0] INFO  client.GrpcClientProtocolClient (GrpcClientProtocolClient.java:onNext(255)) - client-D91E5D1E15CE->f2ba01fc-a63e-4348-bd18-030b60a135e7: receive RaftClientReply:client-D91E5D1E15CE->f2ba01fc-a63e-4348-bd18-030b60a135e7@group-C8C62FEF0626, cid=3290, SUCCESS, logIndex=4946, commits[f2ba01fc-a63e-4348-bd18-030b60a135e7:c4947, eab135d4-a257-4705-b491-6c056b8c5df7:c4943, a4f67574-9018-43e7-8a54-351e98dc3d0a:c4943]
2019-08-23 07:09:16,387 | INFO  | DNAudit | user=null | ip=null | op=PUT_BLOCK {blockData=[blockId=conID: 2 locID: 102665037831013025 bcsId: 0,size=1048576]} | ret=SUCCESS |  
2019-08-23 07:09:16,386 [grpc-default-executor-0] INFO  client.GrpcClientProtocolClient (GrpcClientProtocolClient.java:onNext(255)) - client-D91E5D1E15CE->f2ba01fc-a63e-4348-bd18-030b60a135e7: receive RaftClientReply:client-D91E5D1E15CE->f2ba01fc-a63e-4348-bd18-030b60a135e7@group-C8C62FEF0626, cid=3291, SUCCESS, logIndex=4947, commits[f2ba01fc-a63e-4348-bd18-030b60a135e7:c4948, eab135d4-a257-4705-b491-6c056b8c5df7:c4944, a4f67574-9018-43e7-8a54-351e98dc3d0a:c4943]
2019-08-23 07:09:16,387 | INFO  | DNAudit | user=null | ip=null | op=PUT_BLOCK {blockData=[blockId=conID: 2 locID: 102665037831013025 bcsId: 0,size=1048576]} | ret=SUCCESS |  
2019-08-23 07:09:16,387 | INFO  | DNAudit | user=null | ip=null | op=WRITE_CHUNK {blockData=conID: 2 locID: 102665037831013025 bcsId: 0} | ret=SUCCESS |  
2019-08-23 07:09:16,388 | INFO  | DNAudit | user=null | ip=null | op=PUT_BLOCK {blockData=[blockId=conID: 2 locID: 102665037831013025 bcsId: 0,size=2097152]} | ret=SUCCESS |  
2019-08-23 07:09:16,387 [grpc-default-executor-4] INFO  client.GrpcClientProtocolClient (GrpcClientProtocolClient.java:onNext(255)) - client-D91E5D1E15CE->f2ba01fc-a63e-4348-bd18-030b60a135e7: receive RaftClientReply:client-D91E5D1E15CE->f2ba01fc-a63e-4348-bd18-030b60a135e7@group-C8C62FEF0626, cid=3292, SUCCESS, logIndex=0, commits[f2ba01fc-a63e-4348-bd18-030b60a135e7:c4949, eab135d4-a257-4705-b491-6c056b8c5df7:c4945, a4f67574-9018-43e7-8a54-351e98dc3d0a:c4945]
2019-08-23 07:09:16,394 | INFO  | DNAudit | user=null | ip=null | op=WRITE_CHUNK {blockData=conID: 2 locID: 102665037831013025 bcsId: 4947} | ret=SUCCESS |  
2019-08-23 07:09:16,398 | INFO  | DNAudit | user=null | ip=null | op=WRITE_CHUNK {blockData=conID: 2 locID: 102665037831013025 bcsId: 0} | ret=SUCCESS |  
2019-08-23 07:09:16,398 | INFO  | DNAudit | user=null | ip=null | op=WRITE_CHUNK {blockData=conID: 2 locID: 102665037831013025 bcsId: 4947} | ret=SUCCESS |  
2019-08-23 07:09:16,398 | INFO  | DNAudit | user=null | ip=null | op=WRITE_CHUNK {blockData=conID: 2 locID: 102665037831013025 bcsId: 4947} | ret=SUCCESS |  
2019-08-23 07:09:16,398 | INFO  | DNAudit | user=null | ip=null | op=PUT_BLOCK {blockData=[blockId=conID: 2 locID: 102665037831013025 bcsId: 0,size=2097152]} | ret=SUCCESS |  
2019-08-23 07:09:16,410 | INFO  | DNAudit | user=null | ip=null | op=WRITE_CHUNK {blockData=conID: 2 locID: 102665037831013025 bcsId: 4947} | ret=SUCCESS |  
2019-08-23 07:09:16,410 | INFO  | DNAudit | user=null | ip=null | op=PUT_BLOCK {blockData=[blockId=conID: 2 locID: 102665037831013025 bcsId: 0,size=3145728]} | ret=SUCCESS |  
2019-08-23 07:09:16,410 [grpc-default-executor-0] INFO  client.GrpcClientProtocolClient (GrpcClientProtocolClient.java:onNext(255)) - client-D91E5D1E15CE->f2ba01fc-a63e-4348-bd18-030b60a135e7: receive RaftClientReply:client-D91E5D1E15CE->f2ba01fc-a63e-4348-bd18-030b60a135e7@group-C8C62FEF0626, cid=3293, SUCCESS, logIndex=4951, commits[f2ba01fc-a63e-4348-bd18-030b60a135e7:c4952, eab135d4-a257-4705-b491-6c056b8c5df7:c4947, a4f67574-9018-43e7-8a54-351e98dc3d0a:c4950]
2019-08-23 07:09:16,411 [grpc-default-executor-0] INFO  client.GrpcClientProtocolClient (GrpcClientProtocolClient.java:onNext(255)) - client-D91E5D1E15CE->f2ba01fc-a63e-4348-bd18-030b60a135e7: receive RaftClientReply:client-D91E5D1E15CE->f2ba01fc-a63e-4348-bd18-030b60a135e7@group-C8C62FEF0626, cid=3294, SUCCESS, logIndex=4952, commits[f2ba01fc-a63e-4348-bd18-030b60a135e7:c4952, eab135d4-a257-4705-b491-6c056b8c5df7:c4950, a4f67574-9018-43e7-8a54-351e98dc3d0a:c4950]
2019-08-23 07:09:16,411 | INFO  | DNAudit | user=null | ip=null | op=WRITE_CHUNK {blockData=conID: 2 locID: 102665037831013025 bcsId: 4947} | ret=SUCCESS |  
2019-08-23 07:09:16,411 | INFO  | DNAudit | user=null | ip=null | op=PUT_BLOCK {blockData=[blockId=conID: 2 locID: 102665037831013025 bcsId: 0,size=3145728]} | ret=SUCCESS |  
2019-08-23 07:09:16,412 | INFO  | DNAudit | user=null | ip=null | op=WRITE_CHUNK {blockData=conID: 2 locID: 102665037831013025 bcsId: 4947} | ret=SUCCESS |  
2019-08-23 07:09:16,412 | INFO  | DNAudit | user=null | ip=null | op=PUT_BLOCK {blockData=[blockId=conID: 2 locID: 102665037831013025 bcsId: 0,size=3145728]} | ret=SUCCESS |  
2019-08-23 07:09:16,418 | INFO  | DNAudit | user=null | ip=null | op=WRITE_CHUNK {blockData=conID: 2 locID: 102665037831013025 bcsId: 4952} | ret=SUCCESS |  
2019-08-23 07:09:16,421 | INFO  | DNAudit | user=null | ip=null | op=WRITE_CHUNK {blockData=conID: 2 locID: 102665037831013025 bcsId: 4952} | ret=SUCCESS |  
2019-08-23 07:09:16,421 | INFO  | DNAudit | user=null | ip=null | op=WRITE_CHUNK {blockData=conID: 2 locID: 102665037831013025 bcsId: 4952} | ret=SUCCESS |  
2019-08-23 07:09:16,454 | INFO  | DNAudit | user=null | ip=null | op=WRITE_CHUNK {blockData=conID: 2 locID: 102665037831013025 bcsId: 4952} | ret=SUCCESS |  
2019-08-23 07:09:16,454 | INFO  | DNAudit | user=null | ip=null | op=PUT_BLOCK {blockData=[blockId=conID: 2 locID: 102665037831013025 bcsId: 0,size=4194304]} | ret=SUCCESS |  
2019-08-23 07:09:16,454 [grpc-default-executor-0] INFO  client.GrpcClientProtocolClient (GrpcClientProtocolClient.java:onNext(255)) - client-D91E5D1E15CE->f2ba01fc-a63e-4348-bd18-030b60a135e7: receive RaftClientReply:client-D91E5D1E15CE->f2ba01fc-a63e-4348-bd18-030b60a135e7@group-C8C62FEF0626, cid=3295, SUCCESS, logIndex=4955, commits[f2ba01fc-a63e-4348-bd18-030b60a135e7:c4956, eab135d4-a257-4705-b491-6c056b8c5df7:c4954, a4f67574-9018-43e7-8a54-351e98dc3d0a:c4954]
2019-08-23 07:09:16,455 [grpc-default-executor-0] INFO  client.GrpcClientProtocolClient (GrpcClientProtocolClient.java:onNext(255)) - client-D91E5D1E15CE->f2ba01fc-a63e-4348-bd18-030b60a135e7: receive RaftClientReply:client-D91E5D1E15CE->f2ba01fc-a63e-4348-bd18-030b60a135e7@group-C8C62FEF0626, cid=3296, SUCCESS, logIndex=4956, commits[f2ba01fc-a63e-4348-bd18-030b60a135e7:c4956, eab135d4-a257-4705-b491-6c056b8c5df7:c4954, a4f67574-9018-43e7-8a54-351e98dc3d0a:c4954]
2019-08-23 07:09:16,455 | INFO  | DNAudit | user=null | ip=null | op=WRITE_CHUNK {blockData=conID: 2 locID: 102665037831013025 bcsId: 4952} | ret=SUCCESS |  
2019-08-23 07:09:16,456 | INFO  | DNAudit | user=null | ip=null | op=WRITE_CHUNK {blockData=conID: 2 locID: 102665037831013025 bcsId: 4952} | ret=SUCCESS |  
2019-08-23 07:09:16,456 | INFO  | DNAudit | user=null | ip=null | op=PUT_BLOCK {blockData=[blockId=conID: 2 locID: 102665037831013025 bcsId: 0,size=4194304]} | ret=SUCCESS |  
2019-08-23 07:09:16,456 | INFO  | DNAudit | user=null | ip=null | op=PUT_BLOCK {blockData=[blockId=conID: 2 locID: 102665037831013025 bcsId: 0,size=4194304]} | ret=SUCCESS |  
2019-08-23 07:09:16,456 [grpc-default-executor-0] INFO  client.GrpcClientProtocolClient (GrpcClientProtocolClient.java:onNext(255)) - client-D91E5D1E15CE->f2ba01fc-a63e-4348-bd18-030b60a135e7: receive RaftClientReply:client-D91E5D1E15CE->f2ba01fc-a63e-4348-bd18-030b60a135e7@group-C8C62FEF0626, cid=3297, SUCCESS, logIndex=0, commits[f2ba01fc-a63e-4348-bd18-030b60a135e7:c4957, eab135d4-a257-4705-b491-6c056b8c5df7:c4956, a4f67574-9018-43e7-8a54-351e98dc3d0a:c4956]
2019-08-23 07:09:16,463 | INFO  | SCMAudit | user=jenkins1000 | ip=192.168.5.178 | op=ALLOCATE_BLOCK {owner=aaf04d22-10dd-4717-8862-c651bdde72cf, size=4194304, type=RATIS, factor=THREE} | ret=SUCCESS |  
2019-08-23 07:09:16,469 | INFO  | OMAudit | user=jenkins1000 | ip=127.0.0.1 | op=ALLOCATE_BLOCK {volume=vol-0-67663, bucket=bucket-0-68950, key=key-0-26970, dataSize=0, replicationType=null, replicationFactor=null, keyLocationInfo=null, clientID=102665036030476690} | ret=SUCCESS |  
2019-08-23 07:09:16,476 | INFO  | DNAudit | user=null | ip=null | op=WRITE_CHUNK {blockData=conID: 3 locID: 102665037837959842 bcsId: 0} | ret=SUCCESS |  
2019-08-23 07:09:16,480 | INFO  | DNAudit | user=null | ip=null | op=WRITE_CHUNK {blockData=conID: 3 locID: 102665037837959842 bcsId: 0} | ret=SUCCESS |  
2019-08-23 07:09:16,480 | INFO  | DNAudit | user=null | ip=null | op=WRITE_CHUNK {blockData=conID: 3 locID: 102665037837959842 bcsId: 0} | ret=SUCCESS |  
2019-08-23 07:09:16,480 | INFO  | DNAudit | user=null | ip=null | op=WRITE_CHUNK {blockData=conID: 3 locID: 102665037837959842 bcsId: 0} | ret=SUCCESS |  
2019-08-23 07:09:16,482 | INFO  | DNAudit | user=null | ip=null | op=WRITE_CHUNK {blockData=conID: 3 locID: 102665037837959842 bcsId: 0} | ret=SUCCESS |  
2019-08-23 07:09:16,482 | INFO  | DNAudit | user=null | ip=null | op=WRITE_CHUNK {blockData=conID: 3 locID: 102665037837959842 bcsId: 0} | ret=SUCCESS |  
2019-08-23 07:09:16,488 | INFO  | DNAudit | user=null | ip=null | op=WRITE_CHUNK {blockData=conID: 3 locID: 102665037837959842 bcsId: 0} | ret=SUCCESS |  
2019-08-23 07:09:16,489 | INFO  | DNAudit | user=null | ip=null | op=PUT_BLOCK {blockData=[blockId=conID: 3 locID: 102665037837959842 bcsId: 0,size=1048576]} | ret=SUCCESS |  
2019-08-23 07:09:16,489 [grpc-default-executor-4] INFO  client.GrpcClientProtocolClient (GrpcClientProtocolClient.java:onNext(255)) - client-D91E5D1E15CE->f2ba01fc-a63e-4348-bd18-030b60a135e7: receive RaftClientReply:client-D91E5D1E15CE->f2ba01fc-a63e-4348-bd18-030b60a135e7@group-C8C62FEF0626, cid=3298, SUCCESS, logIndex=4959, commits[f2ba01fc-a63e-4348-bd18-030b60a135e7:c4961, eab135d4-a257-4705-b491-6c056b8c5df7:c4958, a4f67574-9018-43e7-8a54-351e98dc3d0a:c4958]
2019-08-23 07:09:16,489 | INFO  | DNAudit | user=null | ip=null | op=WRITE_CHUNK {blockData=conID: 3 locID: 102665037837959842 bcsId: 0} | ret=SUCCESS |  
2019-08-23 07:09:16,490 | INFO  | DNAudit | user=null | ip=null | op=PUT_BLOCK {blockData=[blockId=conID: 3 locID: 102665037837959842 bcsId: 0,size=2097152]} | ret=SUCCESS |  
2019-08-23 07:09:16,490 | INFO  | DNAudit | user=null | ip=null | op=WRITE_CHUNK {blockData=conID: 3 locID: 102665037837959842 bcsId: 0} | ret=SUCCESS |  
2019-08-23 07:09:16,490 | INFO  | DNAudit | user=null | ip=null | op=PUT_BLOCK {blockData=[blockId=conID: 3 locID: 102665037837959842 bcsId: 0,size=1048576]} | ret=SUCCESS |  
2019-08-23 07:09:16,490 [grpc-default-executor-4] INFO  client.GrpcClientProtocolClient (GrpcClientProtocolClient.java:onNext(255)) - client-D91E5D1E15CE->f2ba01fc-a63e-4348-bd18-030b60a135e7: receive RaftClientReply:client-D91E5D1E15CE->f2ba01fc-a63e-4348-bd18-030b60a135e7@group-C8C62FEF0626, cid=3299, SUCCESS, logIndex=4960, commits[f2ba01fc-a63e-4348-bd18-030b60a135e7:c4962, eab135d4-a257-4705-b491-6c056b8c5df7:c4958, a4f67574-9018-43e7-8a54-351e98dc3d0a:c4958]
2019-08-23 07:09:16,490 [grpc-default-executor-4] INFO  client.GrpcClientProtocolClient (GrpcClientProtocolClient.java:onNext(255)) - client-D91E5D1E15CE->f2ba01fc-a63e-4348-bd18-030b60a135e7: receive RaftClientReply:client-D91E5D1E15CE->f2ba01fc-a63e-4348-bd18-030b60a135e7@group-C8C62FEF0626, cid=3300, SUCCESS, logIndex=4961, commits[f2ba01fc-a63e-4348-bd18-030b60a135e7:c4962, eab135d4-a257-4705-b491-6c056b8c5df7:c4958, a4f67574-9018-43e7-8a54-351e98dc3d0a:c4958]
2019-08-23 07:09:16,491 | INFO  | DNAudit | user=null | ip=null | op=WRITE_CHUNK {blockData=conID: 3 locID: 102665037837959842 bcsId: 0} | ret=SUCCESS |  
2019-08-23 07:09:16,491 [grpc-default-executor-6] INFO  client.GrpcClientProtocolClient (GrpcClientProtocolClient.java:onNext(255)) - client-D91E5D1E15CE->f2ba01fc-a63e-4348-bd18-030b60a135e7: receive RaftClientReply:client-D91E5D1E15CE->f2ba01fc-a63e-4348-bd18-030b60a135e7@group-C8C62FEF0626, cid=3301, SUCCESS, logIndex=4962, commits[f2ba01fc-a63e-4348-bd18-030b60a135e7:c4962, eab135d4-a257-4705-b491-6c056b8c5df7:c4958, a4f67574-9018-43e7-8a54-351e98dc3d0a:c4958]
2019-08-23 07:09:16,492 | INFO  | DNAudit | user=null | ip=null | op=WRITE_CHUNK {blockData=conID: 3 locID: 102665037837959842 bcsId: 0} | ret=SUCCESS |  
2019-08-23 07:09:16,492 | INFO  | DNAudit | user=null | ip=null | op=PUT_BLOCK {blockData=[blockId=conID: 3 locID: 102665037837959842 bcsId: 0,size=1048576]} | ret=SUCCESS |  
2019-08-23 07:09:16,492 | INFO  | DNAudit | user=null | ip=null | op=PUT_BLOCK {blockData=[blockId=conID: 3 locID: 102665037837959842 bcsId: 0,size=2097152]} | ret=SUCCESS |  
2019-08-23 07:09:16,492 | INFO  | DNAudit | user=null | ip=null | op=WRITE_CHUNK {blockData=conID: 3 locID: 102665037837959842 bcsId: 0} | ret=SUCCESS |  
2019-08-23 07:09:16,493 | INFO  | DNAudit | user=null | ip=null | op=PUT_BLOCK {blockData=[blockId=conID: 3 locID: 102665037837959842 bcsId: 0,size=2097152]} | ret=SUCCESS |  
2019-08-23 07:09:16,493 [grpc-default-executor-6] INFO  client.GrpcClientProtocolClient (GrpcClientProtocolClient.java:onNext(255)) - client-D91E5D1E15CE->f2ba01fc-a63e-4348-bd18-030b60a135e7: receive RaftClientReply:client-D91E5D1E15CE->f2ba01fc-a63e-4348-bd18-030b60a135e7@group-C8C62FEF0626, cid=3302, SUCCESS, logIndex=0, commits[f2ba01fc-a63e-4348-bd18-030b60a135e7:c4965, eab135d4-a257-4705-b491-6c056b8c5df7:c4960, a4f67574-9018-43e7-8a54-351e98dc3d0a:c4961]
2019-08-23 07:09:16,499 | INFO  | DNAudit | user=null | ip=null | op=WRITE_CHUNK {blockData=conID: 3 locID: 102665037837959842 bcsId: 4962} | ret=SUCCESS |  
2019-08-23 07:09:16,502 | INFO  | DNAudit | user=null | ip=null | op=WRITE_CHUNK {blockData=conID: 3 locID: 102665037837959842 bcsId: 4962} | ret=SUCCESS |  
2019-08-23 07:09:16,502 | INFO  | DNAudit | user=null | ip=null | op=WRITE_CHUNK {blockData=conID: 3 locID: 102665037837959842 bcsId: 4962} | ret=SUCCESS |  
2019-08-23 07:09:16,511 | INFO  | DNAudit | user=null | ip=null | op=WRITE_CHUNK {blockData=conID: 3 locID: 102665037837959842 bcsId: 4962} | ret=SUCCESS |  
2019-08-23 07:09:16,512 | INFO  | DNAudit | user=null | ip=null | op=PUT_BLOCK {blockData=[blockId=conID: 3 locID: 102665037837959842 bcsId: 0,size=3145728]} | ret=SUCCESS |  
2019-08-23 07:09:16,512 [grpc-default-executor-0] INFO  client.GrpcClientProtocolClient (GrpcClientProtocolClient.java:onNext(255)) - client-D91E5D1E15CE->f2ba01fc-a63e-4348-bd18-030b60a135e7: receive RaftClientReply:client-D91E5D1E15CE->f2ba01fc-a63e-4348-bd18-030b60a135e7@group-C8C62FEF0626, cid=3303, SUCCESS, logIndex=4967, commits[f2ba01fc-a63e-4348-bd18-030b60a135e7:c4968, eab135d4-a257-4705-b491-6c056b8c5df7:c4966, a4f67574-9018-43e7-8a54-351e98dc3d0a:c4966]
2019-08-23 07:09:16,512 [grpc-default-executor-0] INFO  client.GrpcClientProtocolClient (GrpcClientProtocolClient.java:onNext(255)) - client-D91E5D1E15CE->f2ba01fc-a63e-4348-bd18-030b60a135e7: receive RaftClientReply:client-D91E5D1E15CE->f2ba01fc-a63e-4348-bd18-030b60a135e7@group-C8C62FEF0626, cid=3304, SUCCESS, logIndex=4968, commits[f2ba01fc-a63e-4348-bd18-030b60a135e7:c4968, eab135d4-a257-4705-b491-6c056b8c5df7:c4966, a4f67574-9018-43e7-8a54-351e98dc3d0a:c4966]
2019-08-23 07:09:16,519 | INFO  | DNAudit | user=null | ip=null | op=WRITE_CHUNK {blockData=conID: 3 locID: 102665037837959842 bcsId: 4968} | ret=SUCCESS |  
2019-08-23 07:09:16,522 | INFO  | DNAudit | user=null | ip=null | op=WRITE_CHUNK {blockData=conID: 3 locID: 102665037837959842 bcsId: 4968} | ret=SUCCESS |  
2019-08-23 07:09:16,522 | INFO  | DNAudit | user=null | ip=null | op=WRITE_CHUNK {blockData=conID: 3 locID: 102665037837959842 bcsId: 4968} | ret=SUCCESS |  
2019-08-23 07:09:16,523 | INFO  | DNAudit | user=null | ip=null | op=WRITE_CHUNK {blockData=conID: 3 locID: 102665037837959842 bcsId: 4962} | ret=SUCCESS |  
2019-08-23 07:09:16,523 | INFO  | DNAudit | user=null | ip=null | op=WRITE_CHUNK {blockData=conID: 3 locID: 102665037837959842 bcsId: 4962} | ret=SUCCESS |  
2019-08-23 07:09:16,524 | INFO  | DNAudit | user=null | ip=null | op=PUT_BLOCK {blockData=[blockId=conID: 3 locID: 102665037837959842 bcsId: 0,size=3145728]} | ret=SUCCESS |  
2019-08-23 07:09:16,525 | INFO  | DNAudit | user=null | ip=null | op=PUT_BLOCK {blockData=[blockId=conID: 3 locID: 102665037837959842 bcsId: 0,size=3145728]} | ret=SUCCESS |  
2019-08-23 07:09:16,525 | INFO  | DNAudit | user=null | ip=null | op=WRITE_CHUNK {blockData=conID: 3 locID: 102665037837959842 bcsId: 4968} | ret=SUCCESS |  
2019-08-23 07:09:16,525 | INFO  | DNAudit | user=null | ip=null | op=PUT_BLOCK {blockData=[blockId=conID: 3 locID: 102665037837959842 bcsId: 0,size=4194304]} | ret=SUCCESS |  
2019-08-23 07:09:16,526 [grpc-default-executor-0] INFO  client.GrpcClientProtocolClient (GrpcClientProtocolClient.java:onNext(255)) - client-D91E5D1E15CE->f2ba01fc-a63e-4348-bd18-030b60a135e7: receive RaftClientReply:client-D91E5D1E15CE->f2ba01fc-a63e-4348-bd18-030b60a135e7@group-C8C62FEF0626, cid=3305, SUCCESS, logIndex=4971, commits[f2ba01fc-a63e-4348-bd18-030b60a135e7:c4971, eab135d4-a257-4705-b491-6c056b8c5df7:c4968, a4f67574-9018-43e7-8a54-351e98dc3d0a:c4968]
2019-08-23 07:09:16,526 [grpc-default-executor-0] INFO  client.GrpcClientProtocolClient (GrpcClientProtocolClient.java:onNext(255)) - client-D91E5D1E15CE->f2ba01fc-a63e-4348-bd18-030b60a135e7: receive RaftClientReply:client-D91E5D1E15CE->f2ba01fc-a63e-4348-bd18-030b60a135e7@group-C8C62FEF0626, cid=3306, SUCCESS, logIndex=4972, commits[f2ba01fc-a63e-4348-bd18-030b60a135e7:c4972, eab135d4-a257-4705-b491-6c056b8c5df7:c4968, a4f67574-9018-43e7-8a54-351e98dc3d0a:c4968]
2019-08-23 07:09:16,537 | INFO  | DNAudit | user=null | ip=null | op=WRITE_CHUNK {blockData=conID: 3 locID: 102665037837959842 bcsId: 4968} | ret=SUCCESS |  
2019-08-23 07:09:16,537 | INFO  | DNAudit | user=null | ip=null | op=WRITE_CHUNK {blockData=conID: 3 locID: 102665037837959842 bcsId: 4968} | ret=SUCCESS |  
2019-08-23 07:09:16,538 | INFO  | DNAudit | user=null | ip=null | op=PUT_BLOCK {blockData=[blockId=conID: 3 locID: 102665037837959842 bcsId: 0,size=4194304]} | ret=SUCCESS |  
2019-08-23 07:09:16,538 | INFO  | DNAudit | user=null | ip=null | op=PUT_BLOCK {blockData=[blockId=conID: 3 locID: 102665037837959842 bcsId: 0,size=4194304]} | ret=SUCCESS |  
2019-08-23 07:09:16,539 [grpc-default-executor-0] INFO  client.GrpcClientProtocolClient (GrpcClientProtocolClient.java:onNext(255)) - client-D91E5D1E15CE->f2ba01fc-a63e-4348-bd18-030b60a135e7: receive RaftClientReply:client-D91E5D1E15CE->f2ba01fc-a63e-4348-bd18-030b60a135e7@group-C8C62FEF0626, cid=3307, SUCCESS, logIndex=0, commits[f2ba01fc-a63e-4348-bd18-030b60a135e7:c4974, eab135d4-a257-4705-b491-6c056b8c5df7:c4972, a4f67574-9018-43e7-8a54-351e98dc3d0a:c4972]
2019-08-23 07:09:16,546 | INFO  | SCMAudit | user=jenkins1000 | ip=192.168.5.178 | op=ALLOCATE_BLOCK {owner=aaf04d22-10dd-4717-8862-c651bdde72cf, size=4194304, type=RATIS, factor=THREE} | ret=SUCCESS |  
2019-08-23 07:09:16,551 | INFO  | OMAudit | user=jenkins1000 | ip=127.0.0.1 | op=ALLOCATE_BLOCK {volume=vol-0-67663, bucket=bucket-0-68950, key=key-0-26970, dataSize=0, replicationType=null, replicationFactor=null, keyLocationInfo=null, clientID=102665036030476690} | ret=SUCCESS |  
2019-08-23 07:09:16,558 | INFO  | DNAudit | user=null | ip=null | op=WRITE_CHUNK {blockData=conID: 1 locID: 102665037843399331 bcsId: 0} | ret=SUCCESS |  
2019-08-23 07:09:16,561 | INFO  | DNAudit | user=null | ip=null | op=WRITE_CHUNK {blockData=conID: 1 locID: 102665037843399331 bcsId: 0} | ret=SUCCESS |  
2019-08-23 07:09:16,561 | INFO  | DNAudit | user=null | ip=null | op=WRITE_CHUNK {blockData=conID: 1 locID: 102665037843399331 bcsId: 0} | ret=SUCCESS |  
2019-08-23 07:09:16,561 | INFO  | DNAudit | user=null | ip=null | op=WRITE_CHUNK {blockData=conID: 1 locID: 102665037843399331 bcsId: 0} | ret=SUCCESS |  
2019-08-23 07:09:16,563 | INFO  | DNAudit | user=null | ip=null | op=WRITE_CHUNK {blockData=conID: 1 locID: 102665037843399331 bcsId: 0} | ret=SUCCESS |  
2019-08-23 07:09:16,563 | INFO  | DNAudit | user=null | ip=null | op=WRITE_CHUNK {blockData=conID: 1 locID: 102665037843399331 bcsId: 0} | ret=SUCCESS |  
2019-08-23 07:09:16,570 | INFO  | DNAudit | user=null | ip=null | op=WRITE_CHUNK {blockData=conID: 1 locID: 102665037843399331 bcsId: 0} | ret=SUCCESS |  
2019-08-23 07:09:16,571 | INFO  | DNAudit | user=null | ip=null | op=PUT_BLOCK {blockData=[blockId=conID: 1 locID: 102665037843399331 bcsId: 0,size=1048576]} | ret=SUCCESS |  
2019-08-23 07:09:16,571 [grpc-default-executor-4] INFO  client.GrpcClientProtocolClient (GrpcClientProtocolClient.java:onNext(255)) - client-D91E5D1E15CE->f2ba01fc-a63e-4348-bd18-030b60a135e7: receive RaftClientReply:client-D91E5D1E15CE->f2ba01fc-a63e-4348-bd18-030b60a135e7@group-C8C62FEF0626, cid=3308, SUCCESS, logIndex=4975, commits[f2ba01fc-a63e-4348-bd18-030b60a135e7:c4977, eab135d4-a257-4705-b491-6c056b8c5df7:c4974, a4f67574-9018-43e7-8a54-351e98dc3d0a:c4974]
2019-08-23 07:09:16,571 | INFO  | DNAudit | user=null | ip=null | op=WRITE_CHUNK {blockData=conID: 1 locID: 102665037843399331 bcsId: 0} | ret=SUCCESS |  
2019-08-23 07:09:16,572 | INFO  | DNAudit | user=null | ip=null | op=WRITE_CHUNK {blockData=conID: 1 locID: 102665037843399331 bcsId: 0} | ret=SUCCESS |  
2019-08-23 07:09:16,572 | INFO  | DNAudit | user=null | ip=null | op=PUT_BLOCK {blockData=[blockId=conID: 1 locID: 102665037843399331 bcsId: 0,size=2097152]} | ret=SUCCESS |  
2019-08-23 07:09:16,572 [grpc-default-executor-4] INFO  client.GrpcClientProtocolClient (GrpcClientProtocolClient.java:onNext(255)) - client-D91E5D1E15CE->f2ba01fc-a63e-4348-bd18-030b60a135e7: receive RaftClientReply:client-D91E5D1E15CE->f2ba01fc-a63e-4348-bd18-030b60a135e7@group-C8C62FEF0626, cid=3309, SUCCESS, logIndex=4976, commits[f2ba01fc-a63e-4348-bd18-030b60a135e7:c4978, eab135d4-a257-4705-b491-6c056b8c5df7:c4974, a4f67574-9018-43e7-8a54-351e98dc3d0a:c4974]
2019-08-23 07:09:16,572 | INFO  | DNAudit | user=null | ip=null | op=WRITE_CHUNK {blockData=conID: 1 locID: 102665037843399331 bcsId: 0} | ret=SUCCESS |  
2019-08-23 07:09:16,572 [grpc-default-executor-4] INFO  client.GrpcClientProtocolClient (GrpcClientProtocolClient.java:onNext(255)) - client-D91E5D1E15CE->f2ba01fc-a63e-4348-bd18-030b60a135e7: receive RaftClientReply:client-D91E5D1E15CE->f2ba01fc-a63e-4348-bd18-030b60a135e7@group-C8C62FEF0626, cid=3310, SUCCESS, logIndex=4977, commits[f2ba01fc-a63e-4348-bd18-030b60a135e7:c4978, eab135d4-a257-4705-b491-6c056b8c5df7:c4974, a4f67574-9018-43e7-8a54-351e98dc3d0a:c4974]
2019-08-23 07:09:16,572 [grpc-default-executor-4] INFO  client.GrpcClientProtocolClient (GrpcClientProtocolClient.java:onNext(255)) - client-D91E5D1E15CE->f2ba01fc-a63e-4348-bd18-030b60a135e7: receive RaftClientReply:client-D91E5D1E15CE->f2ba01fc-a63e-4348-bd18-030b60a135e7@group-C8C62FEF0626, cid=3311, SUCCESS, logIndex=4978, commits[f2ba01fc-a63e-4348-bd18-030b60a135e7:c4979, eab135d4-a257-4705-b491-6c056b8c5df7:c4974, a4f67574-9018-43e7-8a54-351e98dc3d0a:c4975]
2019-08-23 07:09:16,573 | INFO  | DNAudit | user=null | ip=null | op=PUT_BLOCK {blockData=[blockId=conID: 1 locID: 102665037843399331 bcsId: 0,size=1048576]} | ret=SUCCESS |  
2019-08-23 07:09:16,573 | INFO  | DNAudit | user=null | ip=null | op=WRITE_CHUNK {blockData=conID: 1 locID: 102665037843399331 bcsId: 0} | ret=SUCCESS |  
2019-08-23 07:09:16,573 | INFO  | DNAudit | user=null | ip=null | op=PUT_BLOCK {blockData=[blockId=conID: 1 locID: 102665037843399331 bcsId: 0,size=1048576]} | ret=SUCCESS |  
2019-08-23 07:09:16,573 | INFO  | DNAudit | user=null | ip=null | op=PUT_BLOCK {blockData=[blockId=conID: 1 locID: 102665037843399331 bcsId: 0,size=2097152]} | ret=SUCCESS |  
2019-08-23 07:09:16,574 | INFO  | DNAudit | user=null | ip=null | op=WRITE_CHUNK {blockData=conID: 1 locID: 102665037843399331 bcsId: 0} | ret=SUCCESS |  
2019-08-23 07:09:16,574 | INFO  | DNAudit | user=null | ip=null | op=PUT_BLOCK {blockData=[blockId=conID: 1 locID: 102665037843399331 bcsId: 0,size=2097152]} | ret=SUCCESS |  
2019-08-23 07:09:16,574 [grpc-default-executor-4] INFO  client.GrpcClientProtocolClient (GrpcClientProtocolClient.java:onNext(255)) - client-D91E5D1E15CE->f2ba01fc-a63e-4348-bd18-030b60a135e7: receive RaftClientReply:client-D91E5D1E15CE->f2ba01fc-a63e-4348-bd18-030b60a135e7@group-C8C62FEF0626, cid=3312, SUCCESS, logIndex=0, commits[f2ba01fc-a63e-4348-bd18-030b60a135e7:c4980, eab135d4-a257-4705-b491-6c056b8c5df7:c4977, a4f67574-9018-43e7-8a54-351e98dc3d0a:c4977]
2019-08-23 07:09:16,581 | INFO  | DNAudit | user=null | ip=null | op=WRITE_CHUNK {blockData=conID: 1 locID: 102665037843399331 bcsId: 4978} | ret=SUCCESS |  
2019-08-23 07:09:16,583 | INFO  | DNAudit | user=null | ip=null | op=WRITE_CHUNK {blockData=conID: 1 locID: 102665037843399331 bcsId: 4978} | ret=SUCCESS |  
2019-08-23 07:09:16,583 | INFO  | DNAudit | user=null | ip=null | op=WRITE_CHUNK {blockData=conID: 1 locID: 102665037843399331 bcsId: 4978} | ret=SUCCESS |  
2019-08-23 07:09:16,593 | INFO  | DNAudit | user=null | ip=null | op=WRITE_CHUNK {blockData=conID: 1 locID: 102665037843399331 bcsId: 4978} | ret=SUCCESS |  
2019-08-23 07:09:16,594 | INFO  | DNAudit | user=null | ip=null | op=PUT_BLOCK {blockData=[blockId=conID: 1 locID: 102665037843399331 bcsId: 0,size=3145728]} | ret=SUCCESS |  
2019-08-23 07:09:16,594 [grpc-default-executor-0] INFO  client.GrpcClientProtocolClient (GrpcClientProtocolClient.java:onNext(255)) - client-D91E5D1E15CE->f2ba01fc-a63e-4348-bd18-030b60a135e7: receive RaftClientReply:client-D91E5D1E15CE->f2ba01fc-a63e-4348-bd18-030b60a135e7@group-C8C62FEF0626, cid=3313, SUCCESS, logIndex=4983, commits[f2ba01fc-a63e-4348-bd18-030b60a135e7:c4984, eab135d4-a257-4705-b491-6c056b8c5df7:c4982, a4f67574-9018-43e7-8a54-351e98dc3d0a:c4982]
2019-08-23 07:09:16,595 [grpc-default-executor-0] INFO  client.GrpcClientProtocolClient (GrpcClientProtocolClient.java:onNext(255)) - client-D91E5D1E15CE->f2ba01fc-a63e-4348-bd18-030b60a135e7: receive RaftClientReply:client-D91E5D1E15CE->f2ba01fc-a63e-4348-bd18-030b60a135e7@group-C8C62FEF0626, cid=3314, SUCCESS, logIndex=4984, commits[f2ba01fc-a63e-4348-bd18-030b60a135e7:c4984, eab135d4-a257-4705-b491-6c056b8c5df7:c4982, a4f67574-9018-43e7-8a54-351e98dc3d0a:c4982]
2019-08-23 07:09:16,604 | INFO  | DNAudit | user=null | ip=null | op=WRITE_CHUNK {blockData=conID: 1 locID: 102665037843399331 bcsId: 4984} | ret=SUCCESS |  
2019-08-23 07:09:16,605 | INFO  | DNAudit | user=null | ip=null | op=WRITE_CHUNK {blockData=conID: 1 locID: 102665037843399331 bcsId: 4978} | ret=SUCCESS |  
2019-08-23 07:09:16,606 | INFO  | DNAudit | user=null | ip=null | op=WRITE_CHUNK {blockData=conID: 1 locID: 102665037843399331 bcsId: 4978} | ret=SUCCESS |  
2019-08-23 07:09:16,607 | INFO  | DNAudit | user=null | ip=null | op=WRITE_CHUNK {blockData=conID: 1 locID: 102665037843399331 bcsId: 4984} | ret=SUCCESS |  
2019-08-23 07:09:16,607 | INFO  | DNAudit | user=null | ip=null | op=WRITE_CHUNK {blockData=conID: 1 locID: 102665037843399331 bcsId: 4984} | ret=SUCCESS |  
2019-08-23 07:09:16,619 | INFO  | DNAudit | user=null | ip=null | op=PUT_BLOCK {blockData=[blockId=conID: 1 locID: 102665037843399331 bcsId: 0,size=3145728]} | ret=SUCCESS |  
2019-08-23 07:09:16,619 | INFO  | DNAudit | user=null | ip=null | op=WRITE_CHUNK {blockData=conID: 1 locID: 102665037843399331 bcsId: 4984} | ret=SUCCESS |  
2019-08-23 07:09:16,619 | INFO  | DNAudit | user=null | ip=null | op=PUT_BLOCK {blockData=[blockId=conID: 1 locID: 102665037843399331 bcsId: 0,size=3145728]} | ret=SUCCESS |  
2019-08-23 07:09:16,620 | INFO  | DNAudit | user=null | ip=null | op=PUT_BLOCK {blockData=[blockId=conID: 1 locID: 102665037843399331 bcsId: 0,size=4194304]} | ret=SUCCESS |  
2019-08-23 07:09:16,620 [grpc-default-executor-4] INFO  client.GrpcClientProtocolClient (GrpcClientProtocolClient.java:onNext(255)) - client-D91E5D1E15CE->f2ba01fc-a63e-4348-bd18-030b60a135e7: receive RaftClientReply:client-D91E5D1E15CE->f2ba01fc-a63e-4348-bd18-030b60a135e7@group-C8C62FEF0626, cid=3315, SUCCESS, logIndex=4987, commits[f2ba01fc-a63e-4348-bd18-030b60a135e7:c4988, eab135d4-a257-4705-b491-6c056b8c5df7:c4984, a4f67574-9018-43e7-8a54-351e98dc3d0a:c4984]
2019-08-23 07:09:16,621 [grpc-default-executor-4] INFO  client.GrpcClientProtocolClient (GrpcClientProtocolClient.java:onNext(255)) - client-D91E5D1E15CE->f2ba01fc-a63e-4348-bd18-030b60a135e7: receive RaftClientReply:client-D91E5D1E15CE->f2ba01fc-a63e-4348-bd18-030b60a135e7@group-C8C62FEF0626, cid=3316, SUCCESS, logIndex=4988, commits[f2ba01fc-a63e-4348-bd18-030b60a135e7:c4988, eab135d4-a257-4705-b491-6c056b8c5df7:c4984, a4f67574-9018-43e7-8a54-351e98dc3d0a:c4984]
2019-08-23 07:09:16,631 | INFO  | DNAudit | user=null | ip=null | op=WRITE_CHUNK {blockData=conID: 1 locID: 102665037843399331 bcsId: 4984} | ret=SUCCESS |  
2019-08-23 07:09:16,632 | INFO  | DNAudit | user=null | ip=null | op=WRITE_CHUNK {blockData=conID: 1 locID: 102665037843399331 bcsId: 4984} | ret=SUCCESS |  
2019-08-23 07:09:16,633 | INFO  | DNAudit | user=null | ip=null | op=PUT_BLOCK {blockData=[blockId=conID: 1 locID: 102665037843399331 bcsId: 0,size=4194304]} | ret=SUCCESS |  
2019-08-23 07:09:16,633 | INFO  | DNAudit | user=null | ip=null | op=PUT_BLOCK {blockData=[blockId=conID: 1 locID: 102665037843399331 bcsId: 0,size=4194304]} | ret=SUCCESS |  
2019-08-23 07:09:16,633 [grpc-default-executor-6] INFO  client.GrpcClientProtocolClient (GrpcClientProtocolClient.java:onNext(255)) - client-D91E5D1E15CE->f2ba01fc-a63e-4348-bd18-030b60a135e7: receive RaftClientReply:client-D91E5D1E15CE->f2ba01fc-a63e-4348-bd18-030b60a135e7@group-C8C62FEF0626, cid=3317, SUCCESS, logIndex=0, commits[f2ba01fc-a63e-4348-bd18-030b60a135e7:c4990, eab135d4-a257-4705-b491-6c056b8c5df7:c4988, a4f67574-9018-43e7-8a54-351e98dc3d0a:c4988]
2019-08-23 07:09:16,642 | INFO  | SCMAudit | user=jenkins1000 | ip=192.168.5.178 | op=ALLOCATE_BLOCK {owner=aaf04d22-10dd-4717-8862-c651bdde72cf, size=4194304, type=RATIS, factor=THREE} | ret=SUCCESS |  
2019-08-23 07:09:16,648 | INFO  | OMAudit | user=jenkins1000 | ip=127.0.0.1 | op=ALLOCATE_BLOCK {volume=vol-0-67663, bucket=bucket-0-68950, key=key-0-26970, dataSize=0, replicationType=null, replicationFactor=null, keyLocationInfo=null, clientID=102665036030476690} | ret=SUCCESS |  
2019-08-23 07:09:16,657 | INFO  | DNAudit | user=null | ip=null | op=WRITE_CHUNK {blockData=conID: 2 locID: 102665037849690788 bcsId: 0} | ret=SUCCESS |  
2019-08-23 07:09:16,660 | INFO  | DNAudit | user=null | ip=null | op=WRITE_CHUNK {blockData=conID: 2 locID: 102665037849690788 bcsId: 0} | ret=SUCCESS |  
2019-08-23 07:09:16,660 | INFO  | DNAudit | user=null | ip=null | op=WRITE_CHUNK {blockData=conID: 2 locID: 102665037849690788 bcsId: 0} | ret=SUCCESS |  
2019-08-23 07:09:16,661 | INFO  | DNAudit | user=null | ip=null | op=WRITE_CHUNK {blockData=conID: 2 locID: 102665037849690788 bcsId: 0} | ret=SUCCESS |  
2019-08-23 07:09:16,662 | INFO  | DNAudit | user=null | ip=null | op=WRITE_CHUNK {blockData=conID: 2 locID: 102665037849690788 bcsId: 0} | ret=SUCCESS |  
2019-08-23 07:09:16,663 | INFO  | DNAudit | user=null | ip=null | op=PUT_BLOCK {blockData=[blockId=conID: 2 locID: 102665037849690788 bcsId: 0,size=1048576]} | ret=SUCCESS |  
2019-08-23 07:09:16,663 [grpc-default-executor-0] INFO  client.GrpcClientProtocolClient (GrpcClientProtocolClient.java:onNext(255)) - client-D91E5D1E15CE->f2ba01fc-a63e-4348-bd18-030b60a135e7: receive RaftClientReply:client-D91E5D1E15CE->f2ba01fc-a63e-4348-bd18-030b60a135e7@group-C8C62FEF0626, cid=3318, SUCCESS, logIndex=4991, commits[f2ba01fc-a63e-4348-bd18-030b60a135e7:c4992, eab135d4-a257-4705-b491-6c056b8c5df7:c4990, a4f67574-9018-43e7-8a54-351e98dc3d0a:c4990]
2019-08-23 07:09:16,664 [grpc-default-executor-0] INFO  client.GrpcClientProtocolClient (GrpcClientProtocolClient.java:onNext(255)) - client-D91E5D1E15CE->f2ba01fc-a63e-4348-bd18-030b60a135e7: receive RaftClientReply:client-D91E5D1E15CE->f2ba01fc-a63e-4348-bd18-030b60a135e7@group-C8C62FEF0626, cid=3319, SUCCESS, logIndex=4992, commits[f2ba01fc-a63e-4348-bd18-030b60a135e7:c4992, eab135d4-a257-4705-b491-6c056b8c5df7:c4990, a4f67574-9018-43e7-8a54-351e98dc3d0a:c4990]
2019-08-23 07:09:16,664 | INFO  | DNAudit | user=null | ip=null | op=WRITE_CHUNK {blockData=conID: 2 locID: 102665037849690788 bcsId: 0} | ret=SUCCESS |  
2019-08-23 07:09:16,664 | INFO  | DNAudit | user=null | ip=null | op=WRITE_CHUNK {blockData=conID: 2 locID: 102665037849690788 bcsId: 0} | ret=SUCCESS |  
2019-08-23 07:09:16,667 | INFO  | DNAudit | user=null | ip=null | op=WRITE_CHUNK {blockData=conID: 2 locID: 102665037849690788 bcsId: 0} | ret=SUCCESS |  
2019-08-23 07:09:16,667 | INFO  | DNAudit | user=null | ip=null | op=WRITE_CHUNK {blockData=conID: 2 locID: 102665037849690788 bcsId: 0} | ret=SUCCESS |  
2019-08-23 07:09:16,667 | INFO  | DNAudit | user=null | ip=null | op=PUT_BLOCK {blockData=[blockId=conID: 2 locID: 102665037849690788 bcsId: 0,size=1048576]} | ret=SUCCESS |  
2019-08-23 07:09:16,667 | INFO  | DNAudit | user=null | ip=null | op=PUT_BLOCK {blockData=[blockId=conID: 2 locID: 102665037849690788 bcsId: 0,size=2097152]} | ret=SUCCESS |  
2019-08-23 07:09:16,668 [grpc-default-executor-3] INFO  client.GrpcClientProtocolClient (GrpcClientProtocolClient.java:onNext(255)) - client-D91E5D1E15CE->f2ba01fc-a63e-4348-bd18-030b60a135e7: receive RaftClientReply:client-D91E5D1E15CE->f2ba01fc-a63e-4348-bd18-030b60a135e7@group-C8C62FEF0626, cid=3320, SUCCESS, logIndex=4993, commits[f2ba01fc-a63e-4348-bd18-030b60a135e7:c4994, eab135d4-a257-4705-b491-6c056b8c5df7:c4990, a4f67574-9018-43e7-8a54-351e98dc3d0a:c4990]
2019-08-23 07:09:16,668 | INFO  | DNAudit | user=null | ip=null | op=WRITE_CHUNK {blockData=conID: 2 locID: 102665037849690788 bcsId: 0} | ret=SUCCESS |  
2019-08-23 07:09:16,668 | INFO  | DNAudit | user=null | ip=null | op=PUT_BLOCK {blockData=[blockId=conID: 2 locID: 102665037849690788 bcsId: 0,size=1048576]} | ret=SUCCESS |  
2019-08-23 07:09:16,668 | INFO  | DNAudit | user=null | ip=null | op=WRITE_CHUNK {blockData=conID: 2 locID: 102665037849690788 bcsId: 0} | ret=SUCCESS |  
2019-08-23 07:09:16,668 [grpc-default-executor-4] INFO  client.GrpcClientProtocolClient (GrpcClientProtocolClient.java:onNext(255)) - client-D91E5D1E15CE->f2ba01fc-a63e-4348-bd18-030b60a135e7: receive RaftClientReply:client-D91E5D1E15CE->f2ba01fc-a63e-4348-bd18-030b60a135e7@group-C8C62FEF0626, cid=3321, SUCCESS, logIndex=4994, commits[f2ba01fc-a63e-4348-bd18-030b60a135e7:c4996, eab135d4-a257-4705-b491-6c056b8c5df7:c4990, a4f67574-9018-43e7-8a54-351e98dc3d0a:c4992]
2019-08-23 07:09:16,669 | INFO  | DNAudit | user=null | ip=null | op=WRITE_CHUNK {blockData=conID: 2 locID: 102665037849690788 bcsId: 0} | ret=SUCCESS |  
2019-08-23 07:09:16,669 | INFO  | DNAudit | user=null | ip=null | op=PUT_BLOCK {blockData=[blockId=conID: 2 locID: 102665037849690788 bcsId: 0,size=2097152]} | ret=SUCCESS |  
2019-08-23 07:09:16,670 | INFO  | DNAudit | user=null | ip=null | op=PUT_BLOCK {blockData=[blockId=conID: 2 locID: 102665037849690788 bcsId: 0,size=2097152]} | ret=SUCCESS |  
2019-08-23 07:09:16,670 [grpc-default-executor-4] INFO  client.GrpcClientProtocolClient (GrpcClientProtocolClient.java:onNext(255)) - client-D91E5D1E15CE->f2ba01fc-a63e-4348-bd18-030b60a135e7: receive RaftClientReply:client-D91E5D1E15CE->f2ba01fc-a63e-4348-bd18-030b60a135e7@group-C8C62FEF0626, cid=3322, SUCCESS, logIndex=0, commits[f2ba01fc-a63e-4348-bd18-030b60a135e7:c4997, eab135d4-a257-4705-b491-6c056b8c5df7:c4993, a4f67574-9018-43e7-8a54-351e98dc3d0a:c4993]
2019-08-23 07:09:16,678 | INFO  | DNAudit | user=null | ip=null | op=WRITE_CHUNK {blockData=conID: 2 locID: 102665037849690788 bcsId: 4994} | ret=SUCCESS |  
2019-08-23 07:09:16,680 | INFO  | DNAudit | user=null | ip=null | op=WRITE_CHUNK {blockData=conID: 2 locID: 102665037849690788 bcsId: 4994} | ret=SUCCESS |  
2019-08-23 07:09:16,680 | INFO  | DNAudit | user=null | ip=null | op=WRITE_CHUNK {blockData=conID: 2 locID: 102665037849690788 bcsId: 4994} | ret=SUCCESS |  
2019-08-23 07:09:16,694 | INFO  | DNAudit | user=null | ip=null | op=WRITE_CHUNK {blockData=conID: 2 locID: 102665037849690788 bcsId: 4994} | ret=SUCCESS |  
2019-08-23 07:09:16,694 | INFO  | DNAudit | user=null | ip=null | op=PUT_BLOCK {blockData=[blockId=conID: 2 locID: 102665037849690788 bcsId: 0,size=3145728]} | ret=SUCCESS |  
2019-08-23 07:09:16,695 [grpc-default-executor-4] INFO  client.GrpcClientProtocolClient (GrpcClientProtocolClient.java:onNext(255)) - client-D91E5D1E15CE->f2ba01fc-a63e-4348-bd18-030b60a135e7: receive RaftClientReply:client-D91E5D1E15CE->f2ba01fc-a63e-4348-bd18-030b60a135e7@group-C8C62FEF0626, cid=3323, SUCCESS, logIndex=4999, commits[f2ba01fc-a63e-4348-bd18-030b60a135e7:c5000, eab135d4-a257-4705-b491-6c056b8c5df7:c4998, a4f67574-9018-43e7-8a54-351e98dc3d0a:c4998]
2019-08-23 07:09:16,695 [grpc-default-executor-4] INFO  client.GrpcClientProtocolClient (GrpcClientProtocolClient.java:onNext(255)) - client-D91E5D1E15CE->f2ba01fc-a63e-4348-bd18-030b60a135e7: receive RaftClientReply:client-D91E5D1E15CE->f2ba01fc-a63e-4348-bd18-030b60a135e7@group-C8C62FEF0626, cid=3324, SUCCESS, logIndex=5000, commits[f2ba01fc-a63e-4348-bd18-030b60a135e7:c5000, eab135d4-a257-4705-b491-6c056b8c5df7:c4998, a4f67574-9018-43e7-8a54-351e98dc3d0a:c4998]
2019-08-23 07:09:16,695 | INFO  | DNAudit | user=null | ip=null | op=WRITE_CHUNK {blockData=conID: 2 locID: 102665037849690788 bcsId: 4994} | ret=SUCCESS |  
2019-08-23 07:09:16,696 | INFO  | DNAudit | user=null | ip=null | op=WRITE_CHUNK {blockData=conID: 2 locID: 102665037849690788 bcsId: 4994} | ret=SUCCESS |  
2019-08-23 07:09:16,696 | INFO  | DNAudit | user=null | ip=null | op=PUT_BLOCK {blockData=[blockId=conID: 2 locID: 102665037849690788 bcsId: 0,size=3145728]} | ret=SUCCESS |  
2019-08-23 07:09:16,696 | INFO  | DNAudit | user=null | ip=null | op=PUT_BLOCK {blockData=[blockId=conID: 2 locID: 102665037849690788 bcsId: 0,size=3145728]} | ret=SUCCESS |  
2019-08-23 07:09:16,703 | INFO  | DNAudit | user=null | ip=null | op=WRITE_CHUNK {blockData=conID: 2 locID: 102665037849690788 bcsId: 5000} | ret=SUCCESS |  
2019-08-23 07:09:16,705 | INFO  | DNAudit | user=null | ip=null | op=WRITE_CHUNK {blockData=conID: 2 locID: 102665037849690788 bcsId: 5000} | ret=SUCCESS |  
2019-08-23 07:09:16,706 | INFO  | DNAudit | user=null | ip=null | op=WRITE_CHUNK {blockData=conID: 2 locID: 102665037849690788 bcsId: 5000} | ret=SUCCESS |  
2019-08-23 07:09:16,716 | INFO  | DNAudit | user=null | ip=null | op=WRITE_CHUNK {blockData=conID: 2 locID: 102665037849690788 bcsId: 5000} | ret=SUCCESS |  
2019-08-23 07:09:16,716 | INFO  | DNAudit | user=null | ip=null | op=PUT_BLOCK {blockData=[blockId=conID: 2 locID: 102665037849690788 bcsId: 0,size=4194304]} | ret=SUCCESS |  
2019-08-23 07:09:16,716 [grpc-default-executor-0] INFO  client.GrpcClientProtocolClient (GrpcClientProtocolClient.java:onNext(255)) - client-D91E5D1E15CE->f2ba01fc-a63e-4348-bd18-030b60a135e7: receive RaftClientReply:client-D91E5D1E15CE->f2ba01fc-a63e-4348-bd18-030b60a135e7@group-C8C62FEF0626, cid=3325, SUCCESS, logIndex=5003, commits[f2ba01fc-a63e-4348-bd18-030b60a135e7:c5004, eab135d4-a257-4705-b491-6c056b8c5df7:c5002, a4f67574-9018-43e7-8a54-351e98dc3d0a:c5002]
2019-08-23 07:09:16,717 [grpc-default-executor-0] INFO  client.GrpcClientProtocolClient (GrpcClientProtocolClient.java:onNext(255)) - client-D91E5D1E15CE->f2ba01fc-a63e-4348-bd18-030b60a135e7: receive RaftClientReply:client-D91E5D1E15CE->f2ba01fc-a63e-4348-bd18-030b60a135e7@group-C8C62FEF0626, cid=3326, SUCCESS, logIndex=5004, commits[f2ba01fc-a63e-4348-bd18-030b60a135e7:c5004, eab135d4-a257-4705-b491-6c056b8c5df7:c5002, a4f67574-9018-43e7-8a54-351e98dc3d0a:c5002]
2019-08-23 07:09:16,727 | INFO  | DNAudit | user=null | ip=null | op=WRITE_CHUNK {blockData=conID: 2 locID: 102665037849690788 bcsId: 5000} | ret=SUCCESS |  
2019-08-23 07:09:16,727 | INFO  | DNAudit | user=null | ip=null | op=PUT_BLOCK {blockData=[blockId=conID: 2 locID: 102665037849690788 bcsId: 0,size=4194304]} | ret=SUCCESS |  
2019-08-23 07:09:16,728 | INFO  | DNAudit | user=null | ip=null | op=WRITE_CHUNK {blockData=conID: 2 locID: 102665037849690788 bcsId: 5000} | ret=SUCCESS |  
2019-08-23 07:09:16,728 | INFO  | DNAudit | user=null | ip=null | op=PUT_BLOCK {blockData=[blockId=conID: 2 locID: 102665037849690788 bcsId: 0,size=4194304]} | ret=SUCCESS |  
2019-08-23 07:09:16,728 [grpc-default-executor-0] INFO  client.GrpcClientProtocolClient (GrpcClientProtocolClient.java:onNext(255)) - client-D91E5D1E15CE->f2ba01fc-a63e-4348-bd18-030b60a135e7: receive RaftClientReply:client-D91E5D1E15CE->f2ba01fc-a63e-4348-bd18-030b60a135e7@group-C8C62FEF0626, cid=3327, SUCCESS, logIndex=0, commits[f2ba01fc-a63e-4348-bd18-030b60a135e7:c5005, eab135d4-a257-4705-b491-6c056b8c5df7:c5004, a4f67574-9018-43e7-8a54-351e98dc3d0a:c5004]
2019-08-23 07:09:16,737 | INFO  | SCMAudit | user=jenkins1000 | ip=192.168.5.178 | op=ALLOCATE_BLOCK {owner=aaf04d22-10dd-4717-8862-c651bdde72cf, size=4194304, type=RATIS, factor=THREE} | ret=SUCCESS |  
2019-08-23 07:09:16,743 | INFO  | OMAudit | user=jenkins1000 | ip=127.0.0.1 | op=ALLOCATE_BLOCK {volume=vol-0-67663, bucket=bucket-0-68950, key=key-0-26970, dataSize=0, replicationType=null, replicationFactor=null, keyLocationInfo=null, clientID=102665036030476690} | ret=SUCCESS |  
2019-08-23 07:09:16,751 | INFO  | DNAudit | user=null | ip=null | op=WRITE_CHUNK {blockData=conID: 3 locID: 102665037855851173 bcsId: 0} | ret=SUCCESS |  
2019-08-23 07:09:16,754 | INFO  | DNAudit | user=null | ip=null | op=WRITE_CHUNK {blockData=conID: 3 locID: 102665037855851173 bcsId: 0} | ret=SUCCESS |  
2019-08-23 07:09:16,754 | INFO  | DNAudit | user=null | ip=null | op=WRITE_CHUNK {blockData=conID: 3 locID: 102665037855851173 bcsId: 0} | ret=SUCCESS |  
2019-08-23 07:09:16,755 | INFO  | DNAudit | user=null | ip=null | op=WRITE_CHUNK {blockData=conID: 3 locID: 102665037855851173 bcsId: 0} | ret=SUCCESS |  
2019-08-23 07:09:16,756 | INFO  | DNAudit | user=null | ip=null | op=WRITE_CHUNK {blockData=conID: 3 locID: 102665037855851173 bcsId: 0} | ret=SUCCESS |  
2019-08-23 07:09:16,757 | INFO  | DNAudit | user=null | ip=null | op=WRITE_CHUNK {blockData=conID: 3 locID: 102665037855851173 bcsId: 0} | ret=SUCCESS |  
2019-08-23 07:09:16,763 | INFO  | DNAudit | user=null | ip=null | op=WRITE_CHUNK {blockData=conID: 3 locID: 102665037855851173 bcsId: 0} | ret=SUCCESS |  
2019-08-23 07:09:16,764 | INFO  | DNAudit | user=null | ip=null | op=PUT_BLOCK {blockData=[blockId=conID: 3 locID: 102665037855851173 bcsId: 0,size=1048576]} | ret=SUCCESS |  
2019-08-23 07:09:16,764 [grpc-default-executor-4] INFO  client.GrpcClientProtocolClient (GrpcClientProtocolClient.java:onNext(255)) - client-D91E5D1E15CE->f2ba01fc-a63e-4348-bd18-030b60a135e7: receive RaftClientReply:client-D91E5D1E15CE->f2ba01fc-a63e-4348-bd18-030b60a135e7@group-C8C62FEF0626, cid=3328, SUCCESS, logIndex=5007, commits[f2ba01fc-a63e-4348-bd18-030b60a135e7:c5008, eab135d4-a257-4705-b491-6c056b8c5df7:c5006, a4f67574-9018-43e7-8a54-351e98dc3d0a:c5006]
2019-08-23 07:09:16,765 | INFO  | DNAudit | user=null | ip=null | op=WRITE_CHUNK {blockData=conID: 3 locID: 102665037855851173 bcsId: 0} | ret=SUCCESS |  
2019-08-23 07:09:16,765 [grpc-default-executor-4] INFO  client.GrpcClientProtocolClient (GrpcClientProtocolClient.java:onNext(255)) - client-D91E5D1E15CE->f2ba01fc-a63e-4348-bd18-030b60a135e7: receive RaftClientReply:client-D91E5D1E15CE->f2ba01fc-a63e-4348-bd18-030b60a135e7@group-C8C62FEF0626, cid=3329, SUCCESS, logIndex=5008, commits[f2ba01fc-a63e-4348-bd18-030b60a135e7:c5010, eab135d4-a257-4705-b491-6c056b8c5df7:c5006, a4f67574-9018-43e7-8a54-351e98dc3d0a:c5006]
2019-08-23 07:09:16,765 | INFO  | DNAudit | user=null | ip=null | op=PUT_BLOCK {blockData=[blockId=conID: 3 locID: 102665037855851173 bcsId: 0,size=2097152]} | ret=SUCCESS |  
2019-08-23 07:09:16,765 | INFO  | DNAudit | user=null | ip=null | op=WRITE_CHUNK {blockData=conID: 3 locID: 102665037855851173 bcsId: 0} | ret=SUCCESS |  
2019-08-23 07:09:16,765 [grpc-default-executor-4] INFO  client.GrpcClientProtocolClient (GrpcClientProtocolClient.java:onNext(255)) - client-D91E5D1E15CE->f2ba01fc-a63e-4348-bd18-030b60a135e7: receive RaftClientReply:client-D91E5D1E15CE->f2ba01fc-a63e-4348-bd18-030b60a135e7@group-C8C62FEF0626, cid=3330, SUCCESS, logIndex=5009, commits[f2ba01fc-a63e-4348-bd18-030b60a135e7:c5010, eab135d4-a257-4705-b491-6c056b8c5df7:c5006, a4f67574-9018-43e7-8a54-351e98dc3d0a:c5006]
2019-08-23 07:09:16,766 [grpc-default-executor-4] INFO  client.GrpcClientProtocolClient (GrpcClientProtocolClient.java:onNext(255)) - client-D91E5D1E15CE->f2ba01fc-a63e-4348-bd18-030b60a135e7: receive RaftClientReply:client-D91E5D1E15CE->f2ba01fc-a63e-4348-bd18-030b60a135e7@group-C8C62FEF0626, cid=3331, SUCCESS, logIndex=5010, commits[f2ba01fc-a63e-4348-bd18-030b60a135e7:c5010, eab135d4-a257-4705-b491-6c056b8c5df7:c5006, a4f67574-9018-43e7-8a54-351e98dc3d0a:c5006]
2019-08-23 07:09:16,781 | INFO  | DNAudit | user=null | ip=null | op=PUT_BLOCK {blockData=[blockId=conID: 3 locID: 102665037855851173 bcsId: 0,size=1048576]} | ret=SUCCESS |  
2019-08-23 07:09:16,781 | INFO  | DNAudit | user=null | ip=null | op=WRITE_CHUNK {blockData=conID: 3 locID: 102665037855851173 bcsId: 0} | ret=SUCCESS |  
2019-08-23 07:09:16,781 | INFO  | DNAudit | user=null | ip=null | op=PUT_BLOCK {blockData=[blockId=conID: 3 locID: 102665037855851173 bcsId: 0,size=1048576]} | ret=SUCCESS |  
2019-08-23 07:09:16,782 | INFO  | DNAudit | user=null | ip=null | op=WRITE_CHUNK {blockData=conID: 3 locID: 102665037855851173 bcsId: 0} | ret=SUCCESS |  
2019-08-23 07:09:16,782 | INFO  | DNAudit | user=null | ip=null | op=WRITE_CHUNK {blockData=conID: 3 locID: 102665037855851173 bcsId: 0} | ret=SUCCESS |  
2019-08-23 07:09:16,782 | INFO  | DNAudit | user=null | ip=null | op=PUT_BLOCK {blockData=[blockId=conID: 3 locID: 102665037855851173 bcsId: 0,size=2097152]} | ret=SUCCESS |  
2019-08-23 07:09:16,782 | INFO  | DNAudit | user=null | ip=null | op=PUT_BLOCK {blockData=[blockId=conID: 3 locID: 102665037855851173 bcsId: 0,size=2097152]} | ret=SUCCESS |  
2019-08-23 07:09:16,782 [grpc-default-executor-0] INFO  client.GrpcClientProtocolClient (GrpcClientProtocolClient.java:onNext(255)) - client-D91E5D1E15CE->f2ba01fc-a63e-4348-bd18-030b60a135e7: receive RaftClientReply:client-D91E5D1E15CE->f2ba01fc-a63e-4348-bd18-030b60a135e7@group-C8C62FEF0626, cid=3332, SUCCESS, logIndex=0, commits[f2ba01fc-a63e-4348-bd18-030b60a135e7:c5012, eab135d4-a257-4705-b491-6c056b8c5df7:c5008, a4f67574-9018-43e7-8a54-351e98dc3d0a:c5008]
2019-08-23 07:09:16,790 | INFO  | DNAudit | user=null | ip=null | op=WRITE_CHUNK {blockData=conID: 3 locID: 102665037855851173 bcsId: 5010} | ret=SUCCESS |  
2019-08-23 07:09:16,792 | INFO  | DNAudit | user=null | ip=null | op=WRITE_CHUNK {blockData=conID: 3 locID: 102665037855851173 bcsId: 5010} | ret=SUCCESS |  
2019-08-23 07:09:16,793 | INFO  | DNAudit | user=null | ip=null | op=WRITE_CHUNK {blockData=conID: 3 locID: 102665037855851173 bcsId: 5010} | ret=SUCCESS |  
2019-08-23 07:09:16,803 | INFO  | DNAudit | user=null | ip=null | op=WRITE_CHUNK {blockData=conID: 3 locID: 102665037855851173 bcsId: 5010} | ret=SUCCESS |  
2019-08-23 07:09:16,804 | INFO  | DNAudit | user=null | ip=null | op=PUT_BLOCK {blockData=[blockId=conID: 3 locID: 102665037855851173 bcsId: 0,size=3145728]} | ret=SUCCESS |  
2019-08-23 07:09:16,804 [grpc-default-executor-3] INFO  client.GrpcClientProtocolClient (GrpcClientProtocolClient.java:onNext(255)) - client-D91E5D1E15CE->f2ba01fc-a63e-4348-bd18-030b60a135e7: receive RaftClientReply:client-D91E5D1E15CE->f2ba01fc-a63e-4348-bd18-030b60a135e7@group-C8C62FEF0626, cid=3333, SUCCESS, logIndex=5015, commits[f2ba01fc-a63e-4348-bd18-030b60a135e7:c5016, eab135d4-a257-4705-b491-6c056b8c5df7:c5014, a4f67574-9018-43e7-8a54-351e98dc3d0a:c5014]
2019-08-23 07:09:16,804 [grpc-default-executor-3] INFO  client.GrpcClientProtocolClient (GrpcClientProtocolClient.java:onNext(255)) - client-D91E5D1E15CE->f2ba01fc-a63e-4348-bd18-030b60a135e7: receive RaftClientReply:client-D91E5D1E15CE->f2ba01fc-a63e-4348-bd18-030b60a135e7@group-C8C62FEF0626, cid=3334, SUCCESS, logIndex=5016, commits[f2ba01fc-a63e-4348-bd18-030b60a135e7:c5016, eab135d4-a257-4705-b491-6c056b8c5df7:c5014, a4f67574-9018-43e7-8a54-351e98dc3d0a:c5014]
2019-08-23 07:09:16,812 | INFO  | DNAudit | user=null | ip=null | op=WRITE_CHUNK {blockData=conID: 3 locID: 102665037855851173 bcsId: 5016} | ret=SUCCESS |  
2019-08-23 07:09:16,815 | INFO  | DNAudit | user=null | ip=null | op=WRITE_CHUNK {blockData=conID: 3 locID: 102665037855851173 bcsId: 5016} | ret=SUCCESS |  
2019-08-23 07:09:16,815 | INFO  | DNAudit | user=null | ip=null | op=WRITE_CHUNK {blockData=conID: 3 locID: 102665037855851173 bcsId: 5016} | ret=SUCCESS |  
2019-08-23 07:09:16,819 | INFO  | DNAudit | user=null | ip=null | op=WRITE_CHUNK {blockData=conID: 3 locID: 102665037855851173 bcsId: 5010} | ret=SUCCESS |  
2019-08-23 07:09:16,819 | INFO  | DNAudit | user=null | ip=null | op=WRITE_CHUNK {blockData=conID: 3 locID: 102665037855851173 bcsId: 5010} | ret=SUCCESS |  
2019-08-23 07:09:16,820 | INFO  | DNAudit | user=null | ip=null | op=PUT_BLOCK {blockData=[blockId=conID: 3 locID: 102665037855851173 bcsId: 0,size=3145728]} | ret=SUCCESS |  
2019-08-23 07:09:16,820 | INFO  | DNAudit | user=null | ip=null | op=PUT_BLOCK {blockData=[blockId=conID: 3 locID: 102665037855851173 bcsId: 0,size=3145728]} | ret=SUCCESS |  
2019-08-23 07:09:16,820 | INFO  | DNAudit | user=null | ip=null | op=WRITE_CHUNK {blockData=conID: 3 locID: 102665037855851173 bcsId: 5016} | ret=SUCCESS |  
2019-08-23 07:09:16,821 | INFO  | DNAudit | user=null | ip=null | op=PUT_BLOCK {blockData=[blockId=conID: 3 locID: 102665037855851173 bcsId: 0,size=4194304]} | ret=SUCCESS |  
2019-08-23 07:09:16,821 [grpc-default-executor-4] INFO  client.GrpcClientProtocolClient (GrpcClientProtocolClient.java:onNext(255)) - client-D91E5D1E15CE->f2ba01fc-a63e-4348-bd18-030b60a135e7: receive RaftClientReply:client-D91E5D1E15CE->f2ba01fc-a63e-4348-bd18-030b60a135e7@group-C8C62FEF0626, cid=3335, SUCCESS, logIndex=5019, commits[f2ba01fc-a63e-4348-bd18-030b60a135e7:c5020, eab135d4-a257-4705-b491-6c056b8c5df7:c5016, a4f67574-9018-43e7-8a54-351e98dc3d0a:c5016]
2019-08-23 07:09:16,821 [grpc-default-executor-4] INFO  client.GrpcClientProtocolClient (GrpcClientProtocolClient.java:onNext(255)) - client-D91E5D1E15CE->f2ba01fc-a63e-4348-bd18-030b60a135e7: receive RaftClientReply:client-D91E5D1E15CE->f2ba01fc-a63e-4348-bd18-030b60a135e7@group-C8C62FEF0626, cid=3336, SUCCESS, logIndex=5020, commits[f2ba01fc-a63e-4348-bd18-030b60a135e7:c5020, eab135d4-a257-4705-b491-6c056b8c5df7:c5016, a4f67574-9018-43e7-8a54-351e98dc3d0a:c5016]
2019-08-23 07:09:16,832 | INFO  | DNAudit | user=null | ip=null | op=WRITE_CHUNK {blockData=conID: 3 locID: 102665037855851173 bcsId: 5016} | ret=SUCCESS |  
2019-08-23 07:09:16,832 | INFO  | DNAudit | user=null | ip=null | op=WRITE_CHUNK {blockData=conID: 3 locID: 102665037855851173 bcsId: 5016} | ret=SUCCESS |  
2019-08-23 07:09:16,832 | INFO  | DNAudit | user=null | ip=null | op=PUT_BLOCK {blockData=[blockId=conID: 3 locID: 102665037855851173 bcsId: 0,size=4194304]} | ret=SUCCESS |  
2019-08-23 07:09:16,832 | INFO  | DNAudit | user=null | ip=null | op=PUT_BLOCK {blockData=[blockId=conID: 3 locID: 102665037855851173 bcsId: 0,size=4194304]} | ret=SUCCESS |  
2019-08-23 07:09:16,833 [grpc-default-executor-4] INFO  client.GrpcClientProtocolClient (GrpcClientProtocolClient.java:onNext(255)) - client-D91E5D1E15CE->f2ba01fc-a63e-4348-bd18-030b60a135e7: receive RaftClientReply:client-D91E5D1E15CE->f2ba01fc-a63e-4348-bd18-030b60a135e7@group-C8C62FEF0626, cid=3337, SUCCESS, logIndex=0, commits[f2ba01fc-a63e-4348-bd18-030b60a135e7:c5021, eab135d4-a257-4705-b491-6c056b8c5df7:c5020, a4f67574-9018-43e7-8a54-351e98dc3d0a:c5020]
2019-08-23 07:09:16,840 | INFO  | SCMAudit | user=jenkins1000 | ip=192.168.5.178 | op=ALLOCATE_BLOCK {owner=aaf04d22-10dd-4717-8862-c651bdde72cf, size=4194304, type=RATIS, factor=THREE} | ret=SUCCESS |  
2019-08-23 07:09:16,848 | INFO  | OMAudit | user=jenkins1000 | ip=127.0.0.1 | op=ALLOCATE_BLOCK {volume=vol-0-67663, bucket=bucket-0-68950, key=key-0-26970, dataSize=0, replicationType=null, replicationFactor=null, keyLocationInfo=null, clientID=102665036030476690} | ret=SUCCESS |  
2019-08-23 07:09:16,857 | INFO  | DNAudit | user=null | ip=null | op=WRITE_CHUNK {blockData=conID: 1 locID: 102665037862666918 bcsId: 0} | ret=SUCCESS |  
2019-08-23 07:09:16,860 | INFO  | DNAudit | user=null | ip=null | op=WRITE_CHUNK {blockData=conID: 1 locID: 102665037862666918 bcsId: 0} | ret=SUCCESS |  
2019-08-23 07:09:16,860 | INFO  | DNAudit | user=null | ip=null | op=WRITE_CHUNK {blockData=conID: 1 locID: 102665037862666918 bcsId: 0} | ret=SUCCESS |  
2019-08-23 07:09:16,860 | INFO  | DNAudit | user=null | ip=null | op=WRITE_CHUNK {blockData=conID: 1 locID: 102665037862666918 bcsId: 0} | ret=SUCCESS |  
2019-08-23 07:09:16,863 | INFO  | DNAudit | user=null | ip=null | op=WRITE_CHUNK {blockData=conID: 1 locID: 102665037862666918 bcsId: 0} | ret=SUCCESS |  
2019-08-23 07:09:16,863 | INFO  | DNAudit | user=null | ip=null | op=WRITE_CHUNK {blockData=conID: 1 locID: 102665037862666918 bcsId: 0} | ret=SUCCESS |  
2019-08-23 07:09:16,869 | INFO  | DNAudit | user=null | ip=null | op=WRITE_CHUNK {blockData=conID: 1 locID: 102665037862666918 bcsId: 0} | ret=SUCCESS |  
2019-08-23 07:09:16,870 | INFO  | DNAudit | user=null | ip=null | op=PUT_BLOCK {blockData=[blockId=conID: 1 locID: 102665037862666918 bcsId: 0,size=1048576]} | ret=SUCCESS |  
2019-08-23 07:09:16,870 | INFO  | DNAudit | user=null | ip=null | op=WRITE_CHUNK {blockData=conID: 1 locID: 102665037862666918 bcsId: 0} | ret=SUCCESS |  
2019-08-23 07:09:16,870 [grpc-default-executor-3] INFO  client.GrpcClientProtocolClient (GrpcClientProtocolClient.java:onNext(255)) - client-D91E5D1E15CE->f2ba01fc-a63e-4348-bd18-030b60a135e7: receive RaftClientReply:client-D91E5D1E15CE->f2ba01fc-a63e-4348-bd18-030b60a135e7@group-C8C62FEF0626, cid=3338, SUCCESS, logIndex=5023, commits[f2ba01fc-a63e-4348-bd18-030b60a135e7:c5024, eab135d4-a257-4705-b491-6c056b8c5df7:c5022, a4f67574-9018-43e7-8a54-351e98dc3d0a:c5022]
2019-08-23 07:09:16,871 | INFO  | DNAudit | user=null | ip=null | op=PUT_BLOCK {blockData=[blockId=conID: 1 locID: 102665037862666918 bcsId: 0,size=2097152]} | ret=SUCCESS |  
2019-08-23 07:09:16,871 | INFO  | DNAudit | user=null | ip=null | op=WRITE_CHUNK {blockData=conID: 1 locID: 102665037862666918 bcsId: 0} | ret=SUCCESS |  
2019-08-23 07:09:16,871 [grpc-default-executor-3] INFO  client.GrpcClientProtocolClient (GrpcClientProtocolClient.java:onNext(255)) - client-D91E5D1E15CE->f2ba01fc-a63e-4348-bd18-030b60a135e7: receive RaftClientReply:client-D91E5D1E15CE->f2ba01fc-a63e-4348-bd18-030b60a135e7@group-C8C62FEF0626, cid=3339, SUCCESS, logIndex=5024, commits[f2ba01fc-a63e-4348-bd18-030b60a135e7:c5025, eab135d4-a257-4705-b491-6c056b8c5df7:c5022, a4f67574-9018-43e7-8a54-351e98dc3d0a:c5022]
2019-08-23 07:09:16,871 | INFO  | DNAudit | user=null | ip=null | op=PUT_BLOCK {blockData=[blockId=conID: 1 locID: 102665037862666918 bcsId: 0,size=1048576]} | ret=SUCCESS |  
2019-08-23 07:09:16,872 [grpc-default-executor-3] INFO  client.GrpcClientProtocolClient (GrpcClientProtocolClient.java:onNext(255)) - client-D91E5D1E15CE->f2ba01fc-a63e-4348-bd18-030b60a135e7: receive RaftClientReply:client-D91E5D1E15CE->f2ba01fc-a63e-4348-bd18-030b60a135e7@group-C8C62FEF0626, cid=3340, SUCCESS, logIndex=5025, commits[f2ba01fc-a63e-4348-bd18-030b60a135e7:c5026, eab135d4-a257-4705-b491-6c056b8c5df7:c5022, a4f67574-9018-43e7-8a54-351e98dc3d0a:c5022]
2019-08-23 07:09:16,872 | INFO  | DNAudit | user=null | ip=null | op=WRITE_CHUNK {blockData=conID: 1 locID: 102665037862666918 bcsId: 0} | ret=SUCCESS |  
2019-08-23 07:09:16,872 [grpc-default-executor-4] INFO  client.GrpcClientProtocolClient (GrpcClientProtocolClient.java:onNext(255)) - client-D91E5D1E15CE->f2ba01fc-a63e-4348-bd18-030b60a135e7: receive RaftClientReply:client-D91E5D1E15CE->f2ba01fc-a63e-4348-bd18-030b60a135e7@group-C8C62FEF0626, cid=3341, SUCCESS, logIndex=5026, commits[f2ba01fc-a63e-4348-bd18-030b60a135e7:c5026, eab135d4-a257-4705-b491-6c056b8c5df7:c5022, a4f67574-9018-43e7-8a54-351e98dc3d0a:c5022]
2019-08-23 07:09:16,872 | INFO  | DNAudit | user=null | ip=null | op=PUT_BLOCK {blockData=[blockId=conID: 1 locID: 102665037862666918 bcsId: 0,size=1048576]} | ret=SUCCESS |  
2019-08-23 07:09:16,872 | INFO  | DNAudit | user=null | ip=null | op=WRITE_CHUNK {blockData=conID: 1 locID: 102665037862666918 bcsId: 0} | ret=SUCCESS |  
2019-08-23 07:09:16,873 | INFO  | DNAudit | user=null | ip=null | op=WRITE_CHUNK {blockData=conID: 1 locID: 102665037862666918 bcsId: 0} | ret=SUCCESS |  
2019-08-23 07:09:16,873 | INFO  | DNAudit | user=null | ip=null | op=PUT_BLOCK {blockData=[blockId=conID: 1 locID: 102665037862666918 bcsId: 0,size=2097152]} | ret=SUCCESS |  
2019-08-23 07:09:16,873 [grpc-default-executor-4] INFO  client.GrpcClientProtocolClient (GrpcClientProtocolClient.java:onNext(255)) - client-D91E5D1E15CE->f2ba01fc-a63e-4348-bd18-030b60a135e7: receive RaftClientReply:client-D91E5D1E15CE->f2ba01fc-a63e-4348-bd18-030b60a135e7@group-C8C62FEF0626, cid=3342, SUCCESS, logIndex=0, commits[f2ba01fc-a63e-4348-bd18-030b60a135e7:c5029, eab135d4-a257-4705-b491-6c056b8c5df7:c5025, a4f67574-9018-43e7-8a54-351e98dc3d0a:c5025]
2019-08-23 07:09:16,873 | INFO  | DNAudit | user=null | ip=null | op=PUT_BLOCK {blockData=[blockId=conID: 1 locID: 102665037862666918 bcsId: 0,size=2097152]} | ret=SUCCESS |  
2019-08-23 07:09:16,880 | INFO  | DNAudit | user=null | ip=null | op=WRITE_CHUNK {blockData=conID: 1 locID: 102665037862666918 bcsId: 5026} | ret=SUCCESS |  
2019-08-23 07:09:16,882 | INFO  | DNAudit | user=null | ip=null | op=WRITE_CHUNK {blockData=conID: 1 locID: 102665037862666918 bcsId: 5026} | ret=SUCCESS |  
2019-08-23 07:09:16,882 | INFO  | DNAudit | user=null | ip=null | op=WRITE_CHUNK {blockData=conID: 1 locID: 102665037862666918 bcsId: 5026} | ret=SUCCESS |  
2019-08-23 07:09:16,892 | INFO  | DNAudit | user=null | ip=null | op=WRITE_CHUNK {blockData=conID: 1 locID: 102665037862666918 bcsId: 5026} | ret=SUCCESS |  
2019-08-23 07:09:16,893 | INFO  | DNAudit | user=null | ip=null | op=PUT_BLOCK {blockData=[blockId=conID: 1 locID: 102665037862666918 bcsId: 0,size=3145728]} | ret=SUCCESS |  
2019-08-23 07:09:16,893 [grpc-default-executor-6] INFO  client.GrpcClientProtocolClient (GrpcClientProtocolClient.java:onNext(255)) - client-D91E5D1E15CE->f2ba01fc-a63e-4348-bd18-030b60a135e7: receive RaftClientReply:client-D91E5D1E15CE->f2ba01fc-a63e-4348-bd18-030b60a135e7@group-C8C62FEF0626, cid=3343, SUCCESS, logIndex=5031, commits[f2ba01fc-a63e-4348-bd18-030b60a135e7:c5032, eab135d4-a257-4705-b491-6c056b8c5df7:c5030, a4f67574-9018-43e7-8a54-351e98dc3d0a:c5030]
2019-08-23 07:09:16,893 [grpc-default-executor-6] INFO  client.GrpcClientProtocolClient (GrpcClientProtocolClient.java:onNext(255)) - client-D91E5D1E15CE->f2ba01fc-a63e-4348-bd18-030b60a135e7: receive RaftClientReply:client-D91E5D1E15CE->f2ba01fc-a63e-4348-bd18-030b60a135e7@group-C8C62FEF0626, cid=3344, SUCCESS, logIndex=5032, commits[f2ba01fc-a63e-4348-bd18-030b60a135e7:c5032, eab135d4-a257-4705-b491-6c056b8c5df7:c5030, a4f67574-9018-43e7-8a54-351e98dc3d0a:c5030]
2019-08-23 07:09:16,900 | INFO  | DNAudit | user=null | ip=null | op=WRITE_CHUNK {blockData=conID: 1 locID: 102665037862666918 bcsId: 5032} | ret=SUCCESS |  
2019-08-23 07:09:16,902 | INFO  | DNAudit | user=null | ip=null | op=WRITE_CHUNK {blockData=conID: 1 locID: 102665037862666918 bcsId: 5032} | ret=SUCCESS |  
2019-08-23 07:09:16,903 | INFO  | DNAudit | user=null | ip=null | op=WRITE_CHUNK {blockData=conID: 1 locID: 102665037862666918 bcsId: 5032} | ret=SUCCESS |  
2019-08-23 07:09:16,904 | INFO  | DNAudit | user=null | ip=null | op=WRITE_CHUNK {blockData=conID: 1 locID: 102665037862666918 bcsId: 5026} | ret=SUCCESS |  
2019-08-23 07:09:16,904 | INFO  | DNAudit | user=null | ip=null | op=WRITE_CHUNK {blockData=conID: 1 locID: 102665037862666918 bcsId: 5026} | ret=SUCCESS |  
2019-08-23 07:09:16,905 | INFO  | DNAudit | user=null | ip=null | op=PUT_BLOCK {blockData=[blockId=conID: 1 locID: 102665037862666918 bcsId: 0,size=3145728]} | ret=SUCCESS |  
2019-08-23 07:09:16,906 | INFO  | DNAudit | user=null | ip=null | op=PUT_BLOCK {blockData=[blockId=conID: 1 locID: 102665037862666918 bcsId: 0,size=3145728]} | ret=SUCCESS |  
2019-08-23 07:09:16,907 | INFO  | DNAudit | user=null | ip=null | op=WRITE_CHUNK {blockData=conID: 1 locID: 102665037862666918 bcsId: 5032} | ret=SUCCESS |  
2019-08-23 07:09:16,907 | INFO  | DNAudit | user=null | ip=null | op=PUT_BLOCK {blockData=[blockId=conID: 1 locID: 102665037862666918 bcsId: 0,size=4194304]} | ret=SUCCESS |  
2019-08-23 07:09:16,908 [grpc-default-executor-6] INFO  client.GrpcClientProtocolClient (GrpcClientProtocolClient.java:onNext(255)) - client-D91E5D1E15CE->f2ba01fc-a63e-4348-bd18-030b60a135e7: receive RaftClientReply:client-D91E5D1E15CE->f2ba01fc-a63e-4348-bd18-030b60a135e7@group-C8C62FEF0626, cid=3345, SUCCESS, logIndex=5035, commits[f2ba01fc-a63e-4348-bd18-030b60a135e7:c5036, eab135d4-a257-4705-b491-6c056b8c5df7:c5032, a4f67574-9018-43e7-8a54-351e98dc3d0a:c5032]
2019-08-23 07:09:16,909 [grpc-default-executor-6] INFO  client.GrpcClientProtocolClient (GrpcClientProtocolClient.java:onNext(255)) - client-D91E5D1E15CE->f2ba01fc-a63e-4348-bd18-030b60a135e7: receive RaftClientReply:client-D91E5D1E15CE->f2ba01fc-a63e-4348-bd18-030b60a135e7@group-C8C62FEF0626, cid=3346, SUCCESS, logIndex=5036, commits[f2ba01fc-a63e-4348-bd18-030b60a135e7:c5036, eab135d4-a257-4705-b491-6c056b8c5df7:c5032, a4f67574-9018-43e7-8a54-351e98dc3d0a:c5032]
2019-08-23 07:09:16,913 | INFO  | SCMAudit | user=jenkins1000 | ip=192.168.5.178 | op=SEND_HEARTBEAT {datanodeUUID=a4f67574-9018-43e7-8a54-351e98dc3d0a, command=[]} | ret=SUCCESS |  
2019-08-23 07:09:16,913 | INFO  | SCMAudit | user=jenkins1000 | ip=192.168.5.178 | op=SEND_HEARTBEAT {datanodeUUID=eab135d4-a257-4705-b491-6c056b8c5df7, command=[]} | ret=SUCCESS |  
2019-08-23 07:09:16,913 | INFO  | SCMAudit | user=jenkins1000 | ip=192.168.5.178 | op=SEND_HEARTBEAT {datanodeUUID=f2ba01fc-a63e-4348-bd18-030b60a135e7, command=[]} | ret=SUCCESS |  
2019-08-23 07:09:16,926 | INFO  | DNAudit | user=null | ip=null | op=WRITE_CHUNK {blockData=conID: 1 locID: 102665037862666918 bcsId: 5032} | ret=SUCCESS |  
2019-08-23 07:09:16,926 | INFO  | DNAudit | user=null | ip=null | op=WRITE_CHUNK {blockData=conID: 1 locID: 102665037862666918 bcsId: 5032} | ret=SUCCESS |  
2019-08-23 07:09:16,927 | INFO  | DNAudit | user=null | ip=null | op=PUT_BLOCK {blockData=[blockId=conID: 1 locID: 102665037862666918 bcsId: 0,size=4194304]} | ret=SUCCESS |  
2019-08-23 07:09:16,927 | INFO  | DNAudit | user=null | ip=null | op=PUT_BLOCK {blockData=[blockId=conID: 1 locID: 102665037862666918 bcsId: 0,size=4194304]} | ret=SUCCESS |  
2019-08-23 07:09:16,928 [grpc-default-executor-3] INFO  client.GrpcClientProtocolClient (GrpcClientProtocolClient.java:onNext(255)) - client-D91E5D1E15CE->f2ba01fc-a63e-4348-bd18-030b60a135e7: receive RaftClientReply:client-D91E5D1E15CE->f2ba01fc-a63e-4348-bd18-030b60a135e7@group-C8C62FEF0626, cid=3347, SUCCESS, logIndex=0, commits[f2ba01fc-a63e-4348-bd18-030b60a135e7:c5038, eab135d4-a257-4705-b491-6c056b8c5df7:c5036, a4f67574-9018-43e7-8a54-351e98dc3d0a:c5036]
2019-08-23 07:09:16,935 | INFO  | SCMAudit | user=jenkins1000 | ip=192.168.5.178 | op=ALLOCATE_BLOCK {owner=aaf04d22-10dd-4717-8862-c651bdde72cf, size=4194304, type=RATIS, factor=THREE} | ret=SUCCESS |  
2019-08-23 07:09:16,939 | INFO  | OMAudit | user=jenkins1000 | ip=127.0.0.1 | op=ALLOCATE_BLOCK {volume=vol-0-67663, bucket=bucket-0-68950, key=key-0-26970, dataSize=0, replicationType=null, replicationFactor=null, keyLocationInfo=null, clientID=102665036030476690} | ret=SUCCESS |  
2019-08-23 07:09:16,946 | INFO  | DNAudit | user=null | ip=null | op=WRITE_CHUNK {blockData=conID: 2 locID: 102665037868827303 bcsId: 0} | ret=SUCCESS |  
2019-08-23 07:09:16,948 | INFO  | DNAudit | user=null | ip=null | op=WRITE_CHUNK {blockData=conID: 2 locID: 102665037868827303 bcsId: 0} | ret=SUCCESS |  
2019-08-23 07:09:16,949 | INFO  | DNAudit | user=null | ip=null | op=WRITE_CHUNK {blockData=conID: 2 locID: 102665037868827303 bcsId: 0} | ret=SUCCESS |  
2019-08-23 07:09:16,949 | INFO  | DNAudit | user=null | ip=null | op=WRITE_CHUNK {blockData=conID: 2 locID: 102665037868827303 bcsId: 0} | ret=SUCCESS |  
2019-08-23 07:09:16,950 | INFO  | DNAudit | user=null | ip=null | op=WRITE_CHUNK {blockData=conID: 2 locID: 102665037868827303 bcsId: 0} | ret=SUCCESS |  
2019-08-23 07:09:16,951 | INFO  | DNAudit | user=null | ip=null | op=WRITE_CHUNK {blockData=conID: 2 locID: 102665037868827303 bcsId: 0} | ret=SUCCESS |  
2019-08-23 07:09:16,953 | INFO  | DNAudit | user=null | ip=null | op=WRITE_CHUNK {blockData=conID: 2 locID: 102665037868827303 bcsId: 0} | ret=SUCCESS |  
2019-08-23 07:09:16,953 | INFO  | DNAudit | user=null | ip=null | op=PUT_BLOCK {blockData=[blockId=conID: 2 locID: 102665037868827303 bcsId: 0,size=1048576]} | ret=SUCCESS |  
2019-08-23 07:09:16,953 [grpc-default-executor-6] INFO  client.GrpcClientProtocolClient (GrpcClientProtocolClient.java:onNext(255)) - client-D91E5D1E15CE->f2ba01fc-a63e-4348-bd18-030b60a135e7: receive RaftClientReply:client-D91E5D1E15CE->f2ba01fc-a63e-4348-bd18-030b60a135e7@group-C8C62FEF0626, cid=3348, SUCCESS, logIndex=5039, commits[f2ba01fc-a63e-4348-bd18-030b60a135e7:c5040, eab135d4-a257-4705-b491-6c056b8c5df7:c5038, a4f67574-9018-43e7-8a54-351e98dc3d0a:c5038]
2019-08-23 07:09:16,954 | INFO  | DNAudit | user=null | ip=null | op=WRITE_CHUNK {blockData=conID: 2 locID: 102665037868827303 bcsId: 0} | ret=SUCCESS |  
2019-08-23 07:09:16,954 [grpc-default-executor-6] INFO  client.GrpcClientProtocolClient (GrpcClientProtocolClient.java:onNext(255)) - client-D91E5D1E15CE->f2ba01fc-a63e-4348-bd18-030b60a135e7: receive RaftClientReply:client-D91E5D1E15CE->f2ba01fc-a63e-4348-bd18-030b60a135e7@group-C8C62FEF0626, cid=3349, SUCCESS, logIndex=5040, commits[f2ba01fc-a63e-4348-bd18-030b60a135e7:c5040, eab135d4-a257-4705-b491-6c056b8c5df7:c5038, a4f67574-9018-43e7-8a54-351e98dc3d0a:c5038]
2019-08-23 07:09:16,954 | INFO  | DNAudit | user=null | ip=null | op=PUT_BLOCK {blockData=[blockId=conID: 2 locID: 102665037868827303 bcsId: 0,size=2097152]} | ret=SUCCESS |  
2019-08-23 07:09:16,954 [grpc-default-executor-4] INFO  client.GrpcClientProtocolClient (GrpcClientProtocolClient.java:onNext(255)) - client-D91E5D1E15CE->f2ba01fc-a63e-4348-bd18-030b60a135e7: receive RaftClientReply:client-D91E5D1E15CE->f2ba01fc-a63e-4348-bd18-030b60a135e7@group-C8C62FEF0626, cid=3350, SUCCESS, logIndex=5041, commits[f2ba01fc-a63e-4348-bd18-030b60a135e7:c5042, eab135d4-a257-4705-b491-6c056b8c5df7:c5038, a4f67574-9018-43e7-8a54-351e98dc3d0a:c5038]
2019-08-23 07:09:16,955 [grpc-default-executor-4] INFO  client.GrpcClientProtocolClient (GrpcClientProtocolClient.java:onNext(255)) - client-D91E5D1E15CE->f2ba01fc-a63e-4348-bd18-030b60a135e7: receive RaftClientReply:client-D91E5D1E15CE->f2ba01fc-a63e-4348-bd18-030b60a135e7@group-C8C62FEF0626, cid=3351, SUCCESS, logIndex=5042, commits[f2ba01fc-a63e-4348-bd18-030b60a135e7:c5042, eab135d4-a257-4705-b491-6c056b8c5df7:c5038, a4f67574-9018-43e7-8a54-351e98dc3d0a:c5038]
2019-08-23 07:09:16,955 | INFO  | DNAudit | user=null | ip=null | op=WRITE_CHUNK {blockData=conID: 2 locID: 102665037868827303 bcsId: 0} | ret=SUCCESS |  
2019-08-23 07:09:16,955 | INFO  | DNAudit | user=null | ip=null | op=PUT_BLOCK {blockData=[blockId=conID: 2 locID: 102665037868827303 bcsId: 0,size=1048576]} | ret=SUCCESS |  
2019-08-23 07:09:16,955 | INFO  | DNAudit | user=null | ip=null | op=WRITE_CHUNK {blockData=conID: 2 locID: 102665037868827303 bcsId: 0} | ret=SUCCESS |  
2019-08-23 07:09:16,956 | INFO  | DNAudit | user=null | ip=null | op=PUT_BLOCK {blockData=[blockId=conID: 2 locID: 102665037868827303 bcsId: 0,size=1048576]} | ret=SUCCESS |  
2019-08-23 07:09:16,956 [grpc-default-executor-4] INFO  client.GrpcClientProtocolClient (GrpcClientProtocolClient.java:onNext(255)) - client-D91E5D1E15CE->f2ba01fc-a63e-4348-bd18-030b60a135e7: receive RaftClientReply:client-D91E5D1E15CE->f2ba01fc-a63e-4348-bd18-030b60a135e7@group-C8C62FEF0626, cid=3352, SUCCESS, logIndex=0, commits[f2ba01fc-a63e-4348-bd18-030b60a135e7:c5044, eab135d4-a257-4705-b491-6c056b8c5df7:c5040, a4f67574-9018-43e7-8a54-351e98dc3d0a:c5040]
2019-08-23 07:09:16,956 | INFO  | DNAudit | user=null | ip=null | op=WRITE_CHUNK {blockData=conID: 2 locID: 102665037868827303 bcsId: 0} | ret=SUCCESS |  
2019-08-23 07:09:16,956 | INFO  | DNAudit | user=null | ip=null | op=WRITE_CHUNK {blockData=conID: 2 locID: 102665037868827303 bcsId: 0} | ret=SUCCESS |  
2019-08-23 07:09:16,956 | INFO  | DNAudit | user=null | ip=null | op=PUT_BLOCK {blockData=[blockId=conID: 2 locID: 102665037868827303 bcsId: 0,size=2097152]} | ret=SUCCESS |  
2019-08-23 07:09:16,956 | INFO  | DNAudit | user=null | ip=null | op=PUT_BLOCK {blockData=[blockId=conID: 2 locID: 102665037868827303 bcsId: 0,size=2097152]} | ret=SUCCESS |  
2019-08-23 07:09:16,962 | INFO  | DNAudit | user=null | ip=null | op=WRITE_CHUNK {blockData=conID: 2 locID: 102665037868827303 bcsId: 5042} | ret=SUCCESS |  
2019-08-23 07:09:16,964 | INFO  | DNAudit | user=null | ip=null | op=WRITE_CHUNK {blockData=conID: 2 locID: 102665037868827303 bcsId: 5042} | ret=SUCCESS |  
2019-08-23 07:09:16,965 | INFO  | DNAudit | user=null | ip=null | op=WRITE_CHUNK {blockData=conID: 2 locID: 102665037868827303 bcsId: 5042} | ret=SUCCESS |  
2019-08-23 07:09:16,971 | INFO  | DNAudit | user=null | ip=null | op=WRITE_CHUNK {blockData=conID: 2 locID: 102665037868827303 bcsId: 5042} | ret=SUCCESS |  
2019-08-23 07:09:16,971 | INFO  | DNAudit | user=null | ip=null | op=PUT_BLOCK {blockData=[blockId=conID: 2 locID: 102665037868827303 bcsId: 0,size=3145728]} | ret=SUCCESS |  
2019-08-23 07:09:16,971 [grpc-default-executor-6] INFO  client.GrpcClientProtocolClient (GrpcClientProtocolClient.java:onNext(255)) - client-D91E5D1E15CE->f2ba01fc-a63e-4348-bd18-030b60a135e7: receive RaftClientReply:client-D91E5D1E15CE->f2ba01fc-a63e-4348-bd18-030b60a135e7@group-C8C62FEF0626, cid=3353, SUCCESS, logIndex=5047, commits[f2ba01fc-a63e-4348-bd18-030b60a135e7:c5048, eab135d4-a257-4705-b491-6c056b8c5df7:c5046, a4f67574-9018-43e7-8a54-351e98dc3d0a:c5046]
2019-08-23 07:09:16,972 [grpc-default-executor-6] INFO  client.GrpcClientProtocolClient (GrpcClientProtocolClient.java:onNext(255)) - client-D91E5D1E15CE->f2ba01fc-a63e-4348-bd18-030b60a135e7: receive RaftClientReply:client-D91E5D1E15CE->f2ba01fc-a63e-4348-bd18-030b60a135e7@group-C8C62FEF0626, cid=3354, SUCCESS, logIndex=5048, commits[f2ba01fc-a63e-4348-bd18-030b60a135e7:c5048, eab135d4-a257-4705-b491-6c056b8c5df7:c5046, a4f67574-9018-43e7-8a54-351e98dc3d0a:c5046]
2019-08-23 07:09:16,973 | INFO  | DNAudit | user=null | ip=null | op=WRITE_CHUNK {blockData=conID: 2 locID: 102665037868827303 bcsId: 5042} | ret=SUCCESS |  
2019-08-23 07:09:16,973 | INFO  | DNAudit | user=null | ip=null | op=PUT_BLOCK {blockData=[blockId=conID: 2 locID: 102665037868827303 bcsId: 0,size=3145728]} | ret=SUCCESS |  
2019-08-23 07:09:16,974 | INFO  | DNAudit | user=null | ip=null | op=WRITE_CHUNK {blockData=conID: 2 locID: 102665037868827303 bcsId: 5042} | ret=SUCCESS |  
2019-08-23 07:09:16,974 | INFO  | DNAudit | user=null | ip=null | op=PUT_BLOCK {blockData=[blockId=conID: 2 locID: 102665037868827303 bcsId: 0,size=3145728]} | ret=SUCCESS |  
2019-08-23 07:09:16,978 | INFO  | DNAudit | user=null | ip=null | op=WRITE_CHUNK {blockData=conID: 2 locID: 102665037868827303 bcsId: 5048} | ret=SUCCESS |  
2019-08-23 07:09:16,980 | INFO  | DNAudit | user=null | ip=null | op=WRITE_CHUNK {blockData=conID: 2 locID: 102665037868827303 bcsId: 5048} | ret=SUCCESS |  
2019-08-23 07:09:16,980 | INFO  | DNAudit | user=null | ip=null | op=WRITE_CHUNK {blockData=conID: 2 locID: 102665037868827303 bcsId: 5048} | ret=SUCCESS |  
2019-08-23 07:09:16,990 | INFO  | DNAudit | user=null | ip=null | op=WRITE_CHUNK {blockData=conID: 2 locID: 102665037868827303 bcsId: 5048} | ret=SUCCESS |  
2019-08-23 07:09:16,991 | INFO  | DNAudit | user=null | ip=null | op=PUT_BLOCK {blockData=[blockId=conID: 2 locID: 102665037868827303 bcsId: 0,size=4194304]} | ret=SUCCESS |  
2019-08-23 07:09:16,991 [grpc-default-executor-4] INFO  client.GrpcClientProtocolClient (GrpcClientProtocolClient.java:onNext(255)) - client-D91E5D1E15CE->f2ba01fc-a63e-4348-bd18-030b60a135e7: receive RaftClientReply:client-D91E5D1E15CE->f2ba01fc-a63e-4348-bd18-030b60a135e7@group-C8C62FEF0626, cid=3355, SUCCESS, logIndex=5051, commits[f2ba01fc-a63e-4348-bd18-030b60a135e7:c5052, eab135d4-a257-4705-b491-6c056b8c5df7:c5050, a4f67574-9018-43e7-8a54-351e98dc3d0a:c5050]
2019-08-23 07:09:16,991 [grpc-default-executor-4] INFO  client.GrpcClientProtocolClient (GrpcClientProtocolClient.java:onNext(255)) - client-D91E5D1E15CE->f2ba01fc-a63e-4348-bd18-030b60a135e7: receive RaftClientReply:client-D91E5D1E15CE->f2ba01fc-a63e-4348-bd18-030b60a135e7@group-C8C62FEF0626, cid=3356, SUCCESS, logIndex=5052, commits[f2ba01fc-a63e-4348-bd18-030b60a135e7:c5052, eab135d4-a257-4705-b491-6c056b8c5df7:c5050, a4f67574-9018-43e7-8a54-351e98dc3d0a:c5050]
2019-08-23 07:09:17,002 | INFO  | DNAudit | user=null | ip=null | op=WRITE_CHUNK {blockData=conID: 2 locID: 102665037868827303 bcsId: 5048} | ret=SUCCESS |  
2019-08-23 07:09:17,002 | INFO  | DNAudit | user=null | ip=null | op=WRITE_CHUNK {blockData=conID: 2 locID: 102665037868827303 bcsId: 5048} | ret=SUCCESS |  
2019-08-23 07:09:17,002 | INFO  | DNAudit | user=null | ip=null | op=PUT_BLOCK {blockData=[blockId=conID: 2 locID: 102665037868827303 bcsId: 0,size=4194304]} | ret=SUCCESS |  
2019-08-23 07:09:17,002 | INFO  | DNAudit | user=null | ip=null | op=PUT_BLOCK {blockData=[blockId=conID: 2 locID: 102665037868827303 bcsId: 0,size=4194304]} | ret=SUCCESS |  
2019-08-23 07:09:17,002 [grpc-default-executor-6] INFO  client.GrpcClientProtocolClient (GrpcClientProtocolClient.java:onNext(255)) - client-D91E5D1E15CE->f2ba01fc-a63e-4348-bd18-030b60a135e7: receive RaftClientReply:client-D91E5D1E15CE->f2ba01fc-a63e-4348-bd18-030b60a135e7@group-C8C62FEF0626, cid=3357, SUCCESS, logIndex=0, commits[f2ba01fc-a63e-4348-bd18-030b60a135e7:c5052, eab135d4-a257-4705-b491-6c056b8c5df7:c5052, a4f67574-9018-43e7-8a54-351e98dc3d0a:c5052]
2019-08-23 07:09:17,008 | INFO  | SCMAudit | user=jenkins1000 | ip=192.168.5.178 | op=ALLOCATE_BLOCK {owner=aaf04d22-10dd-4717-8862-c651bdde72cf, size=4194304, type=RATIS, factor=THREE} | ret=SUCCESS |  
2019-08-23 07:09:17,012 | INFO  | OMAudit | user=jenkins1000 | ip=127.0.0.1 | op=ALLOCATE_BLOCK {volume=vol-0-67663, bucket=bucket-0-68950, key=key-0-26970, dataSize=0, replicationType=null, replicationFactor=null, keyLocationInfo=null, clientID=102665036030476690} | ret=SUCCESS |  
2019-08-23 07:09:17,017 | INFO  | DNAudit | user=null | ip=null | op=WRITE_CHUNK {blockData=conID: 3 locID: 102665037873676968 bcsId: 0} | ret=SUCCESS |  
2019-08-23 07:09:17,020 | INFO  | DNAudit | user=null | ip=null | op=WRITE_CHUNK {blockData=conID: 3 locID: 102665037873676968 bcsId: 0} | ret=SUCCESS |  
2019-08-23 07:09:17,021 | INFO  | DNAudit | user=null | ip=null | op=WRITE_CHUNK {blockData=conID: 3 locID: 102665037873676968 bcsId: 0} | ret=SUCCESS |  
2019-08-23 07:09:17,021 | INFO  | DNAudit | user=null | ip=null | op=WRITE_CHUNK {blockData=conID: 3 locID: 102665037873676968 bcsId: 0} | ret=SUCCESS |  
2019-08-23 07:09:17,022 | INFO  | DNAudit | user=null | ip=null | op=WRITE_CHUNK {blockData=conID: 3 locID: 102665037873676968 bcsId: 0} | ret=SUCCESS |  
2019-08-23 07:09:17,023 | INFO  | DNAudit | user=null | ip=null | op=WRITE_CHUNK {blockData=conID: 3 locID: 102665037873676968 bcsId: 0} | ret=SUCCESS |  
2019-08-23 07:09:17,031 | INFO  | DNAudit | user=null | ip=null | op=WRITE_CHUNK {blockData=conID: 3 locID: 102665037873676968 bcsId: 0} | ret=SUCCESS |  
2019-08-23 07:09:17,031 | INFO  | DNAudit | user=null | ip=null | op=PUT_BLOCK {blockData=[blockId=conID: 3 locID: 102665037873676968 bcsId: 0,size=1048576]} | ret=SUCCESS |  
2019-08-23 07:09:17,031 | INFO  | DNAudit | user=null | ip=null | op=WRITE_CHUNK {blockData=conID: 3 locID: 102665037873676968 bcsId: 0} | ret=SUCCESS |  
2019-08-23 07:09:17,031 [grpc-default-executor-3] INFO  client.GrpcClientProtocolClient (GrpcClientProtocolClient.java:onNext(255)) - client-D91E5D1E15CE->f2ba01fc-a63e-4348-bd18-030b60a135e7: receive RaftClientReply:client-D91E5D1E15CE->f2ba01fc-a63e-4348-bd18-030b60a135e7@group-C8C62FEF0626, cid=3358, SUCCESS, logIndex=5055, commits[f2ba01fc-a63e-4348-bd18-030b60a135e7:c5056, eab135d4-a257-4705-b491-6c056b8c5df7:c5054, a4f67574-9018-43e7-8a54-351e98dc3d0a:c5054]
2019-08-23 07:09:17,031 | INFO  | DNAudit | user=null | ip=null | op=PUT_BLOCK {blockData=[blockId=conID: 3 locID: 102665037873676968 bcsId: 0,size=2097152]} | ret=SUCCESS |  
2019-08-23 07:09:17,032 [grpc-default-executor-3] INFO  client.GrpcClientProtocolClient (GrpcClientProtocolClient.java:onNext(255)) - client-D91E5D1E15CE->f2ba01fc-a63e-4348-bd18-030b60a135e7: receive RaftClientReply:client-D91E5D1E15CE->f2ba01fc-a63e-4348-bd18-030b60a135e7@group-C8C62FEF0626, cid=3359, SUCCESS, logIndex=5056, commits[f2ba01fc-a63e-4348-bd18-030b60a135e7:c5058, eab135d4-a257-4705-b491-6c056b8c5df7:c5054, a4f67574-9018-43e7-8a54-351e98dc3d0a:c5054]
2019-08-23 07:09:17,032 | INFO  | DNAudit | user=null | ip=null | op=WRITE_CHUNK {blockData=conID: 3 locID: 102665037873676968 bcsId: 0} | ret=SUCCESS |  
2019-08-23 07:09:17,032 [grpc-default-executor-3] INFO  client.GrpcClientProtocolClient (GrpcClientProtocolClient.java:onNext(255)) - client-D91E5D1E15CE->f2ba01fc-a63e-4348-bd18-030b60a135e7: receive RaftClientReply:client-D91E5D1E15CE->f2ba01fc-a63e-4348-bd18-030b60a135e7@group-C8C62FEF0626, cid=3360, SUCCESS, logIndex=5057, commits[f2ba01fc-a63e-4348-bd18-030b60a135e7:c5058, eab135d4-a257-4705-b491-6c056b8c5df7:c5054, a4f67574-9018-43e7-8a54-351e98dc3d0a:c5054]
2019-08-23 07:09:17,032 | INFO  | DNAudit | user=null | ip=null | op=WRITE_CHUNK {blockData=conID: 3 locID: 102665037873676968 bcsId: 0} | ret=SUCCESS |  
2019-08-23 07:09:17,032 | INFO  | DNAudit | user=null | ip=null | op=PUT_BLOCK {blockData=[blockId=conID: 3 locID: 102665037873676968 bcsId: 0,size=1048576]} | ret=SUCCESS |  
2019-08-23 07:09:17,032 | INFO  | DNAudit | user=null | ip=null | op=PUT_BLOCK {blockData=[blockId=conID: 3 locID: 102665037873676968 bcsId: 0,size=1048576]} | ret=SUCCESS |  
2019-08-23 07:09:17,032 [grpc-default-executor-3] INFO  client.GrpcClientProtocolClient (GrpcClientProtocolClient.java:onNext(255)) - client-D91E5D1E15CE->f2ba01fc-a63e-4348-bd18-030b60a135e7: receive RaftClientReply:client-D91E5D1E15CE->f2ba01fc-a63e-4348-bd18-030b60a135e7@group-C8C62FEF0626, cid=3361, SUCCESS, logIndex=5058, commits[f2ba01fc-a63e-4348-bd18-030b60a135e7:c5058, eab135d4-a257-4705-b491-6c056b8c5df7:c5054, a4f67574-9018-43e7-8a54-351e98dc3d0a:c5054]
2019-08-23 07:09:17,032 | INFO  | DNAudit | user=null | ip=null | op=WRITE_CHUNK {blockData=conID: 3 locID: 102665037873676968 bcsId: 0} | ret=SUCCESS |  
2019-08-23 07:09:17,033 | INFO  | DNAudit | user=null | ip=null | op=PUT_BLOCK {blockData=[blockId=conID: 3 locID: 102665037873676968 bcsId: 0,size=2097152]} | ret=SUCCESS |  
2019-08-23 07:09:17,033 [grpc-default-executor-3] INFO  client.GrpcClientProtocolClient (GrpcClientProtocolClient.java:onNext(255)) - client-D91E5D1E15CE->f2ba01fc-a63e-4348-bd18-030b60a135e7: receive RaftClientReply:client-D91E5D1E15CE->f2ba01fc-a63e-4348-bd18-030b60a135e7@group-C8C62FEF0626, cid=3362, SUCCESS, logIndex=0, commits[f2ba01fc-a63e-4348-bd18-030b60a135e7:c5061, eab135d4-a257-4705-b491-6c056b8c5df7:c5058, a4f67574-9018-43e7-8a54-351e98dc3d0a:c5056]
2019-08-23 07:09:17,033 | INFO  | DNAudit | user=null | ip=null | op=WRITE_CHUNK {blockData=conID: 3 locID: 102665037873676968 bcsId: 0} | ret=SUCCESS |  
2019-08-23 07:09:17,033 | INFO  | DNAudit | user=null | ip=null | op=PUT_BLOCK {blockData=[blockId=conID: 3 locID: 102665037873676968 bcsId: 0,size=2097152]} | ret=SUCCESS |  
2019-08-23 07:09:17,039 | INFO  | DNAudit | user=null | ip=null | op=WRITE_CHUNK {blockData=conID: 3 locID: 102665037873676968 bcsId: 5058} | ret=SUCCESS |  
2019-08-23 07:09:17,041 | INFO  | DNAudit | user=null | ip=null | op=WRITE_CHUNK {blockData=conID: 3 locID: 102665037873676968 bcsId: 5058} | ret=SUCCESS |  
2019-08-23 07:09:17,041 | INFO  | DNAudit | user=null | ip=null | op=WRITE_CHUNK {blockData=conID: 3 locID: 102665037873676968 bcsId: 5058} | ret=SUCCESS |  
2019-08-23 07:09:17,052 | INFO  | DNAudit | user=null | ip=null | op=WRITE_CHUNK {blockData=conID: 3 locID: 102665037873676968 bcsId: 5058} | ret=SUCCESS |  
2019-08-23 07:09:17,052 | INFO  | DNAudit | user=null | ip=null | op=PUT_BLOCK {blockData=[blockId=conID: 3 locID: 102665037873676968 bcsId: 0,size=3145728]} | ret=SUCCESS |  
2019-08-23 07:09:17,053 [grpc-default-executor-3] INFO  client.GrpcClientProtocolClient (GrpcClientProtocolClient.java:onNext(255)) - client-D91E5D1E15CE->f2ba01fc-a63e-4348-bd18-030b60a135e7: receive RaftClientReply:client-D91E5D1E15CE->f2ba01fc-a63e-4348-bd18-030b60a135e7@group-C8C62FEF0626, cid=3363, SUCCESS, logIndex=5062, commits[f2ba01fc-a63e-4348-bd18-030b60a135e7:c5063, eab135d4-a257-4705-b491-6c056b8c5df7:c5061, a4f67574-9018-43e7-8a54-351e98dc3d0a:c5061]
2019-08-23 07:09:17,053 [grpc-default-executor-3] INFO  client.GrpcClientProtocolClient (GrpcClientProtocolClient.java:onNext(255)) - client-D91E5D1E15CE->f2ba01fc-a63e-4348-bd18-030b60a135e7: receive RaftClientReply:client-D91E5D1E15CE->f2ba01fc-a63e-4348-bd18-030b60a135e7@group-C8C62FEF0626, cid=3364, SUCCESS, logIndex=5063, commits[f2ba01fc-a63e-4348-bd18-030b60a135e7:c5063, eab135d4-a257-4705-b491-6c056b8c5df7:c5061, a4f67574-9018-43e7-8a54-351e98dc3d0a:c5061]
2019-08-23 07:09:17,059 | INFO  | DNAudit | user=null | ip=null | op=WRITE_CHUNK {blockData=conID: 3 locID: 102665037873676968 bcsId: 5063} | ret=SUCCESS |  
2019-08-23 07:09:17,061 | INFO  | DNAudit | user=null | ip=null | op=WRITE_CHUNK {blockData=conID: 3 locID: 102665037873676968 bcsId: 5063} | ret=SUCCESS |  
2019-08-23 07:09:17,061 | INFO  | DNAudit | user=null | ip=null | op=WRITE_CHUNK {blockData=conID: 3 locID: 102665037873676968 bcsId: 5063} | ret=SUCCESS |  
2019-08-23 07:09:17,064 | INFO  | DNAudit | user=null | ip=null | op=WRITE_CHUNK {blockData=conID: 3 locID: 102665037873676968 bcsId: 5058} | ret=SUCCESS |  
2019-08-23 07:09:17,064 | INFO  | DNAudit | user=null | ip=null | op=WRITE_CHUNK {blockData=conID: 3 locID: 102665037873676968 bcsId: 5058} | ret=SUCCESS |  
2019-08-23 07:09:17,065 | INFO  | DNAudit | user=null | ip=null | op=PUT_BLOCK {blockData=[blockId=conID: 3 locID: 102665037873676968 bcsId: 0,size=3145728]} | ret=SUCCESS |  
2019-08-23 07:09:17,065 | INFO  | DNAudit | user=null | ip=null | op=PUT_BLOCK {blockData=[blockId=conID: 3 locID: 102665037873676968 bcsId: 0,size=3145728]} | ret=SUCCESS |  
2019-08-23 07:09:17,065 | INFO  | DNAudit | user=null | ip=null | op=WRITE_CHUNK {blockData=conID: 3 locID: 102665037873676968 bcsId: 5063} | ret=SUCCESS |  
2019-08-23 07:09:17,066 | INFO  | DNAudit | user=null | ip=null | op=PUT_BLOCK {blockData=[blockId=conID: 3 locID: 102665037873676968 bcsId: 0,size=4194304]} | ret=SUCCESS |  
2019-08-23 07:09:17,066 [grpc-default-executor-3] INFO  client.GrpcClientProtocolClient (GrpcClientProtocolClient.java:onNext(255)) - client-D91E5D1E15CE->f2ba01fc-a63e-4348-bd18-030b60a135e7: receive RaftClientReply:client-D91E5D1E15CE->f2ba01fc-a63e-4348-bd18-030b60a135e7@group-C8C62FEF0626, cid=3365, SUCCESS, logIndex=5066, commits[f2ba01fc-a63e-4348-bd18-030b60a135e7:c5067, eab135d4-a257-4705-b491-6c056b8c5df7:c5063, a4f67574-9018-43e7-8a54-351e98dc3d0a:c5063]
2019-08-23 07:09:17,066 [grpc-default-executor-3] INFO  client.GrpcClientProtocolClient (GrpcClientProtocolClient.java:onNext(255)) - client-D91E5D1E15CE->f2ba01fc-a63e-4348-bd18-030b60a135e7: receive RaftClientReply:client-D91E5D1E15CE->f2ba01fc-a63e-4348-bd18-030b60a135e7@group-C8C62FEF0626, cid=3366, SUCCESS, logIndex=5067, commits[f2ba01fc-a63e-4348-bd18-030b60a135e7:c5067, eab135d4-a257-4705-b491-6c056b8c5df7:c5063, a4f67574-9018-43e7-8a54-351e98dc3d0a:c5063]
2019-08-23 07:09:17,077 | INFO  | DNAudit | user=null | ip=null | op=WRITE_CHUNK {blockData=conID: 3 locID: 102665037873676968 bcsId: 5063} | ret=SUCCESS |  
2019-08-23 07:09:17,077 | INFO  | DNAudit | user=null | ip=null | op=WRITE_CHUNK {blockData=conID: 3 locID: 102665037873676968 bcsId: 5063} | ret=SUCCESS |  
2019-08-23 07:09:17,078 | INFO  | DNAudit | user=null | ip=null | op=PUT_BLOCK {blockData=[blockId=conID: 3 locID: 102665037873676968 bcsId: 0,size=4194304]} | ret=SUCCESS |  
2019-08-23 07:09:17,078 | INFO  | DNAudit | user=null | ip=null | op=PUT_BLOCK {blockData=[blockId=conID: 3 locID: 102665037873676968 bcsId: 0,size=4194304]} | ret=SUCCESS |  
2019-08-23 07:09:17,079 [grpc-default-executor-3] INFO  client.GrpcClientProtocolClient (GrpcClientProtocolClient.java:onNext(255)) - client-D91E5D1E15CE->f2ba01fc-a63e-4348-bd18-030b60a135e7: receive RaftClientReply:client-D91E5D1E15CE->f2ba01fc-a63e-4348-bd18-030b60a135e7@group-C8C62FEF0626, cid=3367, SUCCESS, logIndex=0, commits[f2ba01fc-a63e-4348-bd18-030b60a135e7:c5068, eab135d4-a257-4705-b491-6c056b8c5df7:c5067, a4f67574-9018-43e7-8a54-351e98dc3d0a:c5067]
2019-08-23 07:09:17,210 | INFO  | SCMAudit | user=jenkins1000 | ip=192.168.5.178 | op=ALLOCATE_BLOCK {owner=aaf04d22-10dd-4717-8862-c651bdde72cf, size=4194304, type=RATIS, factor=THREE} | ret=SUCCESS |  
2019-08-23 07:09:17,217 | INFO  | OMAudit | user=jenkins1000 | ip=127.0.0.1 | op=ALLOCATE_BLOCK {volume=vol-0-67663, bucket=bucket-0-68950, key=key-0-26970, dataSize=0, replicationType=null, replicationFactor=null, keyLocationInfo=null, clientID=102665036030476690} | ret=SUCCESS |  
2019-08-23 07:09:17,226 | INFO  | DNAudit | user=null | ip=null | op=WRITE_CHUNK {blockData=conID: 1 locID: 102665037886915241 bcsId: 0} | ret=SUCCESS |  
2019-08-23 07:09:17,229 | INFO  | DNAudit | user=null | ip=null | op=WRITE_CHUNK {blockData=conID: 1 locID: 102665037886915241 bcsId: 0} | ret=SUCCESS |  
2019-08-23 07:09:17,230 | INFO  | DNAudit | user=null | ip=null | op=WRITE_CHUNK {blockData=conID: 1 locID: 102665037886915241 bcsId: 0} | ret=SUCCESS |  
2019-08-23 07:09:17,230 | INFO  | DNAudit | user=null | ip=null | op=WRITE_CHUNK {blockData=conID: 1 locID: 102665037886915241 bcsId: 0} | ret=SUCCESS |  
2019-08-23 07:09:17,232 | INFO  | DNAudit | user=null | ip=null | op=WRITE_CHUNK {blockData=conID: 1 locID: 102665037886915241 bcsId: 0} | ret=SUCCESS |  
2019-08-23 07:09:17,232 | INFO  | DNAudit | user=null | ip=null | op=WRITE_CHUNK {blockData=conID: 1 locID: 102665037886915241 bcsId: 0} | ret=SUCCESS |  
2019-08-23 07:09:17,239 | INFO  | DNAudit | user=null | ip=null | op=WRITE_CHUNK {blockData=conID: 1 locID: 102665037886915241 bcsId: 0} | ret=SUCCESS |  
2019-08-23 07:09:17,240 | INFO  | DNAudit | user=null | ip=null | op=PUT_BLOCK {blockData=[blockId=conID: 1 locID: 102665037886915241 bcsId: 0,size=1048576]} | ret=SUCCESS |  
2019-08-23 07:09:17,240 | INFO  | DNAudit | user=null | ip=null | op=WRITE_CHUNK {blockData=conID: 1 locID: 102665037886915241 bcsId: 0} | ret=SUCCESS |  
2019-08-23 07:09:17,240 | INFO  | DNAudit | user=null | ip=null | op=WRITE_CHUNK {blockData=conID: 1 locID: 102665037886915241 bcsId: 0} | ret=SUCCESS |  
2019-08-23 07:09:17,240 [grpc-default-executor-0] INFO  client.GrpcClientProtocolClient (GrpcClientProtocolClient.java:onNext(255)) - client-D91E5D1E15CE->f2ba01fc-a63e-4348-bd18-030b60a135e7: receive RaftClientReply:client-D91E5D1E15CE->f2ba01fc-a63e-4348-bd18-030b60a135e7@group-C8C62FEF0626, cid=3368, SUCCESS, logIndex=5070, commits[f2ba01fc-a63e-4348-bd18-030b60a135e7:c5072, eab135d4-a257-4705-b491-6c056b8c5df7:c5069, a4f67574-9018-43e7-8a54-351e98dc3d0a:c5069]
2019-08-23 07:09:17,240 | INFO  | DNAudit | user=null | ip=null | op=PUT_BLOCK {blockData=[blockId=conID: 1 locID: 102665037886915241 bcsId: 0,size=2097152]} | ret=SUCCESS |  
2019-08-23 07:09:17,241 [grpc-default-executor-0] INFO  client.GrpcClientProtocolClient (GrpcClientProtocolClient.java:onNext(255)) - client-D91E5D1E15CE->f2ba01fc-a63e-4348-bd18-030b60a135e7: receive RaftClientReply:client-D91E5D1E15CE->f2ba01fc-a63e-4348-bd18-030b60a135e7@group-C8C62FEF0626, cid=3369, SUCCESS, logIndex=5071, commits[f2ba01fc-a63e-4348-bd18-030b60a135e7:c5073, eab135d4-a257-4705-b491-6c056b8c5df7:c5069, a4f67574-9018-43e7-8a54-351e98dc3d0a:c5069]
2019-08-23 07:09:17,241 | INFO  | DNAudit | user=null | ip=null | op=WRITE_CHUNK {blockData=conID: 1 locID: 102665037886915241 bcsId: 0} | ret=SUCCESS |  
2019-08-23 07:09:17,241 [grpc-default-executor-0] INFO  client.GrpcClientProtocolClient (GrpcClientProtocolClient.java:onNext(255)) - client-D91E5D1E15CE->f2ba01fc-a63e-4348-bd18-030b60a135e7: receive RaftClientReply:client-D91E5D1E15CE->f2ba01fc-a63e-4348-bd18-030b60a135e7@group-C8C62FEF0626, cid=3370, SUCCESS, logIndex=5072, commits[f2ba01fc-a63e-4348-bd18-030b60a135e7:c5074, eab135d4-a257-4705-b491-6c056b8c5df7:c5069, a4f67574-9018-43e7-8a54-351e98dc3d0a:c5070]
2019-08-23 07:09:17,241 | INFO  | DNAudit | user=null | ip=null | op=PUT_BLOCK {blockData=[blockId=conID: 1 locID: 102665037886915241 bcsId: 0,size=1048576]} | ret=SUCCESS |  
2019-08-23 07:09:17,241 [grpc-default-executor-0] INFO  client.GrpcClientProtocolClient (GrpcClientProtocolClient.java:onNext(255)) - client-D91E5D1E15CE->f2ba01fc-a63e-4348-bd18-030b60a135e7: receive RaftClientReply:client-D91E5D1E15CE->f2ba01fc-a63e-4348-bd18-030b60a135e7@group-C8C62FEF0626, cid=3371, SUCCESS, logIndex=5073, commits[f2ba01fc-a63e-4348-bd18-030b60a135e7:c5074, eab135d4-a257-4705-b491-6c056b8c5df7:c5069, a4f67574-9018-43e7-8a54-351e98dc3d0a:c5070]
2019-08-23 07:09:17,242 | INFO  | DNAudit | user=null | ip=null | op=WRITE_CHUNK {blockData=conID: 1 locID: 102665037886915241 bcsId: 0} | ret=SUCCESS |  
2019-08-23 07:09:17,242 | INFO  | DNAudit | user=null | ip=null | op=PUT_BLOCK {blockData=[blockId=conID: 1 locID: 102665037886915241 bcsId: 0,size=2097152]} | ret=SUCCESS |  
2019-08-23 07:09:17,242 | INFO  | DNAudit | user=null | ip=null | op=PUT_BLOCK {blockData=[blockId=conID: 1 locID: 102665037886915241 bcsId: 0,size=1048576]} | ret=SUCCESS |  
2019-08-23 07:09:17,242 | INFO  | DNAudit | user=null | ip=null | op=WRITE_CHUNK {blockData=conID: 1 locID: 102665037886915241 bcsId: 0} | ret=SUCCESS |  
2019-08-23 07:09:17,243 | INFO  | DNAudit | user=null | ip=null | op=PUT_BLOCK {blockData=[blockId=conID: 1 locID: 102665037886915241 bcsId: 0,size=2097152]} | ret=SUCCESS |  
2019-08-23 07:09:17,243 [grpc-default-executor-0] INFO  client.GrpcClientProtocolClient (GrpcClientProtocolClient.java:onNext(255)) - client-D91E5D1E15CE->f2ba01fc-a63e-4348-bd18-030b60a135e7: receive RaftClientReply:client-D91E5D1E15CE->f2ba01fc-a63e-4348-bd18-030b60a135e7@group-C8C62FEF0626, cid=3372, SUCCESS, logIndex=0, commits[f2ba01fc-a63e-4348-bd18-030b60a135e7:c5077, eab135d4-a257-4705-b491-6c056b8c5df7:c5071, a4f67574-9018-43e7-8a54-351e98dc3d0a:c5073]
2019-08-23 07:09:17,251 | INFO  | DNAudit | user=null | ip=null | op=WRITE_CHUNK {blockData=conID: 1 locID: 102665037886915241 bcsId: 5073} | ret=SUCCESS |  
2019-08-23 07:09:17,254 | INFO  | DNAudit | user=null | ip=null | op=WRITE_CHUNK {blockData=conID: 1 locID: 102665037886915241 bcsId: 5073} | ret=SUCCESS |  
2019-08-23 07:09:17,254 | INFO  | DNAudit | user=null | ip=null | op=WRITE_CHUNK {blockData=conID: 1 locID: 102665037886915241 bcsId: 5073} | ret=SUCCESS |  
2019-08-23 07:09:17,263 | INFO  | DNAudit | user=null | ip=null | op=WRITE_CHUNK {blockData=conID: 1 locID: 102665037886915241 bcsId: 5073} | ret=SUCCESS |  
2019-08-23 07:09:17,264 | INFO  | DNAudit | user=null | ip=null | op=PUT_BLOCK {blockData=[blockId=conID: 1 locID: 102665037886915241 bcsId: 0,size=3145728]} | ret=SUCCESS |  
2019-08-23 07:09:17,264 [grpc-default-executor-4] INFO  client.GrpcClientProtocolClient (GrpcClientProtocolClient.java:onNext(255)) - client-D91E5D1E15CE->f2ba01fc-a63e-4348-bd18-030b60a135e7: receive RaftClientReply:client-D91E5D1E15CE->f2ba01fc-a63e-4348-bd18-030b60a135e7@group-C8C62FEF0626, cid=3373, SUCCESS, logIndex=5078, commits[f2ba01fc-a63e-4348-bd18-030b60a135e7:c5079, eab135d4-a257-4705-b491-6c056b8c5df7:c5077, a4f67574-9018-43e7-8a54-351e98dc3d0a:c5077]
2019-08-23 07:09:17,264 [grpc-default-executor-4] INFO  client.GrpcClientProtocolClient (GrpcClientProtocolClient.java:onNext(255)) - client-D91E5D1E15CE->f2ba01fc-a63e-4348-bd18-030b60a135e7: receive RaftClientReply:client-D91E5D1E15CE->f2ba01fc-a63e-4348-bd18-030b60a135e7@group-C8C62FEF0626, cid=3374, SUCCESS, logIndex=5079, commits[f2ba01fc-a63e-4348-bd18-030b60a135e7:c5079, eab135d4-a257-4705-b491-6c056b8c5df7:c5077, a4f67574-9018-43e7-8a54-351e98dc3d0a:c5077]
 0.00% |█                                                                                                    |  0/1 Time: 0:00:282019-08-23 07:09:17,272 | INFO  | SCMAudit | user=jenkins1000 | ip=192.168.5.178 | op=SEND_HEARTBEAT {datanodeUUID=5c311bc2-cc7c-45de-998f-f79499d85d4e, command=[]} | ret=SUCCESS |  
2019-08-23 07:09:17,272 | INFO  | DNAudit | user=null | ip=null | op=WRITE_CHUNK {blockData=conID: 1 locID: 102665037886915241 bcsId: 5079} | ret=SUCCESS |  
2019-08-23 07:09:17,272 | INFO  | SCMAudit | user=jenkins1000 | ip=192.168.5.178 | op=SEND_HEARTBEAT {datanodeUUID=b7d3ecaa-ab76-49a0-b691-40b7e1ed625a, command=[]} | ret=SUCCESS |  
2019-08-23 07:09:17,275 | INFO  | DNAudit | user=null | ip=null | op=WRITE_CHUNK {blockData=conID: 1 locID: 102665037886915241 bcsId: 5073} | ret=SUCCESS |  
2019-08-23 07:09:17,275 | INFO  | DNAudit | user=null | ip=null | op=WRITE_CHUNK {blockData=conID: 1 locID: 102665037886915241 bcsId: 5073} | ret=SUCCESS |  
2019-08-23 07:09:17,276 | INFO  | DNAudit | user=null | ip=null | op=WRITE_CHUNK {blockData=conID: 1 locID: 102665037886915241 bcsId: 5079} | ret=SUCCESS |  
2019-08-23 07:09:17,276 | INFO  | DNAudit | user=null | ip=null | op=WRITE_CHUNK {blockData=conID: 1 locID: 102665037886915241 bcsId: 5079} | ret=SUCCESS |  
2019-08-23 07:09:17,287 | INFO  | DNAudit | user=null | ip=null | op=PUT_BLOCK {blockData=[blockId=conID: 1 locID: 102665037886915241 bcsId: 0,size=3145728]} | ret=SUCCESS |  
2019-08-23 07:09:17,288 | INFO  | DNAudit | user=null | ip=null | op=PUT_BLOCK {blockData=[blockId=conID: 1 locID: 102665037886915241 bcsId: 0,size=3145728]} | ret=SUCCESS |  
2019-08-23 07:09:17,288 | INFO  | DNAudit | user=null | ip=null | op=WRITE_CHUNK {blockData=conID: 1 locID: 102665037886915241 bcsId: 5079} | ret=SUCCESS |  
2019-08-23 07:09:17,288 | INFO  | DNAudit | user=null | ip=null | op=PUT_BLOCK {blockData=[blockId=conID: 1 locID: 102665037886915241 bcsId: 0,size=4194304]} | ret=SUCCESS |  
2019-08-23 07:09:17,289 [grpc-default-executor-3] INFO  client.GrpcClientProtocolClient (GrpcClientProtocolClient.java:onNext(255)) - client-D91E5D1E15CE->f2ba01fc-a63e-4348-bd18-030b60a135e7: receive RaftClientReply:client-D91E5D1E15CE->f2ba01fc-a63e-4348-bd18-030b60a135e7@group-C8C62FEF0626, cid=3375, SUCCESS, logIndex=5082, commits[f2ba01fc-a63e-4348-bd18-030b60a135e7:c5083, eab135d4-a257-4705-b491-6c056b8c5df7:c5079, a4f67574-9018-43e7-8a54-351e98dc3d0a:c5079]
2019-08-23 07:09:17,289 [grpc-default-executor-3] INFO  client.GrpcClientProtocolClient (GrpcClientProtocolClient.java:onNext(255)) - client-D91E5D1E15CE->f2ba01fc-a63e-4348-bd18-030b60a135e7: receive RaftClientReply:client-D91E5D1E15CE->f2ba01fc-a63e-4348-bd18-030b60a135e7@group-C8C62FEF0626, cid=3376, SUCCESS, logIndex=5083, commits[f2ba01fc-a63e-4348-bd18-030b60a135e7:c5083, eab135d4-a257-4705-b491-6c056b8c5df7:c5079, a4f67574-9018-43e7-8a54-351e98dc3d0a:c5079]
2019-08-23 07:09:17,289 | INFO  | DNAudit | user=null | ip=null | op=WRITE_CHUNK {blockData=conID: 1 locID: 102665037886915241 bcsId: 5079} | ret=SUCCESS |  
2019-08-23 07:09:17,290 | INFO  | DNAudit | user=null | ip=null | op=PUT_BLOCK {blockData=[blockId=conID: 1 locID: 102665037886915241 bcsId: 0,size=4194304]} | ret=SUCCESS |  
2019-08-23 07:09:17,290 | INFO  | DNAudit | user=null | ip=null | op=WRITE_CHUNK {blockData=conID: 1 locID: 102665037886915241 bcsId: 5079} | ret=SUCCESS |  
2019-08-23 07:09:17,290 | INFO  | DNAudit | user=null | ip=null | op=PUT_BLOCK {blockData=[blockId=conID: 1 locID: 102665037886915241 bcsId: 0,size=4194304]} | ret=SUCCESS |  
2019-08-23 07:09:17,290 [grpc-default-executor-3] INFO  client.GrpcClientProtocolClient (GrpcClientProtocolClient.java:onNext(255)) - client-D91E5D1E15CE->f2ba01fc-a63e-4348-bd18-030b60a135e7: receive RaftClientReply:client-D91E5D1E15CE->f2ba01fc-a63e-4348-bd18-030b60a135e7@group-C8C62FEF0626, cid=3377, SUCCESS, logIndex=0, commits[f2ba01fc-a63e-4348-bd18-030b60a135e7:c5084, eab135d4-a257-4705-b491-6c056b8c5df7:c5083, a4f67574-9018-43e7-8a54-351e98dc3d0a:c5083]
2019-08-23 07:09:17,296 | INFO  | SCMAudit | user=jenkins1000 | ip=192.168.5.178 | op=ALLOCATE_BLOCK {owner=aaf04d22-10dd-4717-8862-c651bdde72cf, size=4194304, type=RATIS, factor=THREE} | ret=SUCCESS |  
2019-08-23 07:09:17,300 | INFO  | OMAudit | user=jenkins1000 | ip=127.0.0.1 | op=ALLOCATE_BLOCK {volume=vol-0-67663, bucket=bucket-0-68950, key=key-0-26970, dataSize=0, replicationType=null, replicationFactor=null, keyLocationInfo=null, clientID=102665036030476690} | ret=SUCCESS |  
2019-08-23 07:09:17,309 | INFO  | DNAudit | user=null | ip=null | op=WRITE_CHUNK {blockData=conID: 2 locID: 102665037892551338 bcsId: 0} | ret=SUCCESS |  
2019-08-23 07:09:17,312 | INFO  | DNAudit | user=null | ip=null | op=WRITE_CHUNK {blockData=conID: 2 locID: 102665037892551338 bcsId: 0} | ret=SUCCESS |  
2019-08-23 07:09:17,312 | INFO  | DNAudit | user=null | ip=null | op=WRITE_CHUNK {blockData=conID: 2 locID: 102665037892551338 bcsId: 0} | ret=SUCCESS |  
2019-08-23 07:09:17,313 | INFO  | DNAudit | user=null | ip=null | op=WRITE_CHUNK {blockData=conID: 2 locID: 102665037892551338 bcsId: 0} | ret=SUCCESS |  
2019-08-23 07:09:17,314 | INFO  | DNAudit | user=null | ip=null | op=WRITE_CHUNK {blockData=conID: 2 locID: 102665037892551338 bcsId: 0} | ret=SUCCESS |  
2019-08-23 07:09:17,315 | INFO  | DNAudit | user=null | ip=null | op=WRITE_CHUNK {blockData=conID: 2 locID: 102665037892551338 bcsId: 0} | ret=SUCCESS |  
2019-08-23 07:09:17,322 | INFO  | DNAudit | user=null | ip=null | op=WRITE_CHUNK {blockData=conID: 2 locID: 102665037892551338 bcsId: 0} | ret=SUCCESS |  
2019-08-23 07:09:17,322 | INFO  | DNAudit | user=null | ip=null | op=PUT_BLOCK {blockData=[blockId=conID: 2 locID: 102665037892551338 bcsId: 0,size=1048576]} | ret=SUCCESS |  
2019-08-23 07:09:17,323 | INFO  | DNAudit | user=null | ip=null | op=WRITE_CHUNK {blockData=conID: 2 locID: 102665037892551338 bcsId: 0} | ret=SUCCESS |  
2019-08-23 07:09:17,323 [grpc-default-executor-0] INFO  client.GrpcClientProtocolClient (GrpcClientProtocolClient.java:onNext(255)) - client-D91E5D1E15CE->f2ba01fc-a63e-4348-bd18-030b60a135e7: receive RaftClientReply:client-D91E5D1E15CE->f2ba01fc-a63e-4348-bd18-030b60a135e7@group-C8C62FEF0626, cid=3378, SUCCESS, logIndex=5086, commits[f2ba01fc-a63e-4348-bd18-030b60a135e7:c5088, eab135d4-a257-4705-b491-6c056b8c5df7:c5085, a4f67574-9018-43e7-8a54-351e98dc3d0a:c5085]
2019-08-23 07:09:17,323 | INFO  | DNAudit | user=null | ip=null | op=PUT_BLOCK {blockData=[blockId=conID: 2 locID: 102665037892551338 bcsId: 0,size=2097152]} | ret=SUCCESS |  
2019-08-23 07:09:17,323 [grpc-default-executor-0] INFO  client.GrpcClientProtocolClient (GrpcClientProtocolClient.java:onNext(255)) - client-D91E5D1E15CE->f2ba01fc-a63e-4348-bd18-030b60a135e7: receive RaftClientReply:client-D91E5D1E15CE->f2ba01fc-a63e-4348-bd18-030b60a135e7@group-C8C62FEF0626, cid=3379, SUCCESS, logIndex=5087, commits[f2ba01fc-a63e-4348-bd18-030b60a135e7:c5089, eab135d4-a257-4705-b491-6c056b8c5df7:c5085, a4f67574-9018-43e7-8a54-351e98dc3d0a:c5085]
2019-08-23 07:09:17,324 [grpc-default-executor-0] INFO  client.GrpcClientProtocolClient (GrpcClientProtocolClient.java:onNext(255)) - client-D91E5D1E15CE->f2ba01fc-a63e-4348-bd18-030b60a135e7: receive RaftClientReply:client-D91E5D1E15CE->f2ba01fc-a63e-4348-bd18-030b60a135e7@group-C8C62FEF0626, cid=3380, SUCCESS, logIndex=5088, commits[f2ba01fc-a63e-4348-bd18-030b60a135e7:c5089, eab135d4-a257-4705-b491-6c056b8c5df7:c5085, a4f67574-9018-43e7-8a54-351e98dc3d0a:c5085]
2019-08-23 07:09:17,324 | INFO  | DNAudit | user=null | ip=null | op=WRITE_CHUNK {blockData=conID: 2 locID: 102665037892551338 bcsId: 0} | ret=SUCCESS |  
2019-08-23 07:09:17,324 | INFO  | DNAudit | user=null | ip=null | op=WRITE_CHUNK {blockData=conID: 2 locID: 102665037892551338 bcsId: 0} | ret=SUCCESS |  
2019-08-23 07:09:17,324 | INFO  | DNAudit | user=null | ip=null | op=PUT_BLOCK {blockData=[blockId=conID: 2 locID: 102665037892551338 bcsId: 0,size=1048576]} | ret=SUCCESS |  
2019-08-23 07:09:17,324 [grpc-default-executor-4] INFO  client.GrpcClientProtocolClient (GrpcClientProtocolClient.java:onNext(255)) - client-D91E5D1E15CE->f2ba01fc-a63e-4348-bd18-030b60a135e7: receive RaftClientReply:client-D91E5D1E15CE->f2ba01fc-a63e-4348-bd18-030b60a135e7@group-C8C62FEF0626, cid=3381, SUCCESS, logIndex=5089, commits[f2ba01fc-a63e-4348-bd18-030b60a135e7:c5089, eab135d4-a257-4705-b491-6c056b8c5df7:c5085, a4f67574-9018-43e7-8a54-351e98dc3d0a:c5085]
2019-08-23 07:09:17,324 | INFO  | DNAudit | user=null | ip=null | op=PUT_BLOCK {blockData=[blockId=conID: 2 locID: 102665037892551338 bcsId: 0,size=1048576]} | ret=SUCCESS |  
2019-08-23 07:09:17,325 | INFO  | DNAudit | user=null | ip=null | op=WRITE_CHUNK {blockData=conID: 2 locID: 102665037892551338 bcsId: 0} | ret=SUCCESS |  
2019-08-23 07:09:17,325 [grpc-default-executor-4] INFO  client.GrpcClientProtocolClient (GrpcClientProtocolClient.java:onNext(255)) - client-D91E5D1E15CE->f2ba01fc-a63e-4348-bd18-030b60a135e7: receive RaftClientReply:client-D91E5D1E15CE->f2ba01fc-a63e-4348-bd18-030b60a135e7@group-C8C62FEF0626, cid=3382, SUCCESS, logIndex=0, commits[f2ba01fc-a63e-4348-bd18-030b60a135e7:c5091, eab135d4-a257-4705-b491-6c056b8c5df7:c5087, a4f67574-9018-43e7-8a54-351e98dc3d0a:c5087]
2019-08-23 07:09:17,325 | INFO  | DNAudit | user=null | ip=null | op=PUT_BLOCK {blockData=[blockId=conID: 2 locID: 102665037892551338 bcsId: 0,size=2097152]} | ret=SUCCESS |  
2019-08-23 07:09:17,326 | INFO  | DNAudit | user=null | ip=null | op=WRITE_CHUNK {blockData=conID: 2 locID: 102665037892551338 bcsId: 0} | ret=SUCCESS |  
2019-08-23 07:09:17,326 | INFO  | DNAudit | user=null | ip=null | op=PUT_BLOCK {blockData=[blockId=conID: 2 locID: 102665037892551338 bcsId: 0,size=2097152]} | ret=SUCCESS |  
2019-08-23 07:09:17,333 | INFO  | DNAudit | user=null | ip=null | op=WRITE_CHUNK {blockData=conID: 2 locID: 102665037892551338 bcsId: 5089} | ret=SUCCESS |  
2019-08-23 07:09:17,335 | INFO  | DNAudit | user=null | ip=null | op=WRITE_CHUNK {blockData=conID: 2 locID: 102665037892551338 bcsId: 5089} | ret=SUCCESS |  
2019-08-23 07:09:17,336 | INFO  | DNAudit | user=null | ip=null | op=WRITE_CHUNK {blockData=conID: 2 locID: 102665037892551338 bcsId: 5089} | ret=SUCCESS |  
2019-08-23 07:09:17,345 | INFO  | DNAudit | user=null | ip=null | op=WRITE_CHUNK {blockData=conID: 2 locID: 102665037892551338 bcsId: 5089} | ret=SUCCESS |  
2019-08-23 07:09:17,346 | INFO  | DNAudit | user=null | ip=null | op=PUT_BLOCK {blockData=[blockId=conID: 2 locID: 102665037892551338 bcsId: 0,size=3145728]} | ret=SUCCESS |  
2019-08-23 07:09:17,346 [grpc-default-executor-6] INFO  client.GrpcClientProtocolClient (GrpcClientProtocolClient.java:onNext(255)) - client-D91E5D1E15CE->f2ba01fc-a63e-4348-bd18-030b60a135e7: receive RaftClientReply:client-D91E5D1E15CE->f2ba01fc-a63e-4348-bd18-030b60a135e7@group-C8C62FEF0626, cid=3383, SUCCESS, logIndex=5094, commits[f2ba01fc-a63e-4348-bd18-030b60a135e7:c5095, eab135d4-a257-4705-b491-6c056b8c5df7:c5093, a4f67574-9018-43e7-8a54-351e98dc3d0a:c5093]
2019-08-23 07:09:17,346 [grpc-default-executor-6] INFO  client.GrpcClientProtocolClient (GrpcClientProtocolClient.java:onNext(255)) - client-D91E5D1E15CE->f2ba01fc-a63e-4348-bd18-030b60a135e7: receive RaftClientReply:client-D91E5D1E15CE->f2ba01fc-a63e-4348-bd18-030b60a135e7@group-C8C62FEF0626, cid=3384, SUCCESS, logIndex=5095, commits[f2ba01fc-a63e-4348-bd18-030b60a135e7:c5095, eab135d4-a257-4705-b491-6c056b8c5df7:c5093, a4f67574-9018-43e7-8a54-351e98dc3d0a:c5093]
2019-08-23 07:09:17,354 | INFO  | DNAudit | user=null | ip=null | op=WRITE_CHUNK {blockData=conID: 2 locID: 102665037892551338 bcsId: 5095} | ret=SUCCESS |  
2019-08-23 07:09:17,356 | INFO  | DNAudit | user=null | ip=null | op=WRITE_CHUNK {blockData=conID: 2 locID: 102665037892551338 bcsId: 5095} | ret=SUCCESS |  
2019-08-23 07:09:17,356 | INFO  | DNAudit | user=null | ip=null | op=WRITE_CHUNK {blockData=conID: 2 locID: 102665037892551338 bcsId: 5095} | ret=SUCCESS |  
2019-08-23 07:09:17,357 | INFO  | DNAudit | user=null | ip=null | op=WRITE_CHUNK {blockData=conID: 2 locID: 102665037892551338 bcsId: 5089} | ret=SUCCESS |  
2019-08-23 07:09:17,357 | INFO  | DNAudit | user=null | ip=null | op=WRITE_CHUNK {blockData=conID: 2 locID: 102665037892551338 bcsId: 5089} | ret=SUCCESS |  
2019-08-23 07:09:17,358 | INFO  | DNAudit | user=null | ip=null | op=PUT_BLOCK {blockData=[blockId=conID: 2 locID: 102665037892551338 bcsId: 0,size=3145728]} | ret=SUCCESS |  
2019-08-23 07:09:17,358 | INFO  | DNAudit | user=null | ip=null | op=PUT_BLOCK {blockData=[blockId=conID: 2 locID: 102665037892551338 bcsId: 0,size=3145728]} | ret=SUCCESS |  
2019-08-23 07:09:17,358 | INFO  | DNAudit | user=null | ip=null | op=WRITE_CHUNK {blockData=conID: 2 locID: 102665037892551338 bcsId: 5095} | ret=SUCCESS |  
2019-08-23 07:09:17,359 | INFO  | DNAudit | user=null | ip=null | op=PUT_BLOCK {blockData=[blockId=conID: 2 locID: 102665037892551338 bcsId: 0,size=4194304]} | ret=SUCCESS |  
2019-08-23 07:09:17,359 [grpc-default-executor-0] INFO  client.GrpcClientProtocolClient (GrpcClientProtocolClient.java:onNext(255)) - client-D91E5D1E15CE->f2ba01fc-a63e-4348-bd18-030b60a135e7: receive RaftClientReply:client-D91E5D1E15CE->f2ba01fc-a63e-4348-bd18-030b60a135e7@group-C8C62FEF0626, cid=3385, SUCCESS, logIndex=5098, commits[f2ba01fc-a63e-4348-bd18-030b60a135e7:c5099, eab135d4-a257-4705-b491-6c056b8c5df7:c5095, a4f67574-9018-43e7-8a54-351e98dc3d0a:c5095]
2019-08-23 07:09:17,359 [grpc-default-executor-0] INFO  client.GrpcClientProtocolClient (GrpcClientProtocolClient.java:onNext(255)) - client-D91E5D1E15CE->f2ba01fc-a63e-4348-bd18-030b60a135e7: receive RaftClientReply:client-D91E5D1E15CE->f2ba01fc-a63e-4348-bd18-030b60a135e7@group-C8C62FEF0626, cid=3386, SUCCESS, logIndex=5099, commits[f2ba01fc-a63e-4348-bd18-030b60a135e7:c5099, eab135d4-a257-4705-b491-6c056b8c5df7:c5095, a4f67574-9018-43e7-8a54-351e98dc3d0a:c5095]
2019-08-23 07:09:17,370 | INFO  | DNAudit | user=null | ip=null | op=WRITE_CHUNK {blockData=conID: 2 locID: 102665037892551338 bcsId: 5095} | ret=SUCCESS |  
2019-08-23 07:09:17,370 | INFO  | DNAudit | user=null | ip=null | op=WRITE_CHUNK {blockData=conID: 2 locID: 102665037892551338 bcsId: 5095} | ret=SUCCESS |  
2019-08-23 07:09:17,371 | INFO  | DNAudit | user=null | ip=null | op=PUT_BLOCK {blockData=[blockId=conID: 2 locID: 102665037892551338 bcsId: 0,size=4194304]} | ret=SUCCESS |  
2019-08-23 07:09:17,371 | INFO  | DNAudit | user=null | ip=null | op=PUT_BLOCK {blockData=[blockId=conID: 2 locID: 102665037892551338 bcsId: 0,size=4194304]} | ret=SUCCESS |  
2019-08-23 07:09:17,372 [grpc-default-executor-0] INFO  client.GrpcClientProtocolClient (GrpcClientProtocolClient.java:onNext(255)) - client-D91E5D1E15CE->f2ba01fc-a63e-4348-bd18-030b60a135e7: receive RaftClientReply:client-D91E5D1E15CE->f2ba01fc-a63e-4348-bd18-030b60a135e7@group-C8C62FEF0626, cid=3387, SUCCESS, logIndex=0, commits[f2ba01fc-a63e-4348-bd18-030b60a135e7:c5101, eab135d4-a257-4705-b491-6c056b8c5df7:c5099, a4f67574-9018-43e7-8a54-351e98dc3d0a:c5099]
2019-08-23 07:09:17,379 | INFO  | SCMAudit | user=jenkins1000 | ip=192.168.5.178 | op=ALLOCATE_BLOCK {owner=aaf04d22-10dd-4717-8862-c651bdde72cf, size=4194304, type=RATIS, factor=THREE} | ret=SUCCESS |  
2019-08-23 07:09:17,384 | INFO  | OMAudit | user=jenkins1000 | ip=127.0.0.1 | op=ALLOCATE_BLOCK {volume=vol-0-67663, bucket=bucket-0-68950, key=key-0-26970, dataSize=0, replicationType=null, replicationFactor=null, keyLocationInfo=null, clientID=102665036030476690} | ret=SUCCESS |  
2019-08-23 07:09:17,392 | INFO  | DNAudit | user=null | ip=null | op=WRITE_CHUNK {blockData=conID: 3 locID: 102665037897990827 bcsId: 0} | ret=SUCCESS |  
2019-08-23 07:09:17,394 | INFO  | DNAudit | user=null | ip=null | op=WRITE_CHUNK {blockData=conID: 3 locID: 102665037897990827 bcsId: 0} | ret=SUCCESS |  
2019-08-23 07:09:17,395 | INFO  | DNAudit | user=null | ip=null | op=WRITE_CHUNK {blockData=conID: 3 locID: 102665037897990827 bcsId: 0} | ret=SUCCESS |  
2019-08-23 07:09:17,395 | INFO  | DNAudit | user=null | ip=null | op=WRITE_CHUNK {blockData=conID: 3 locID: 102665037897990827 bcsId: 0} | ret=SUCCESS |  
2019-08-23 07:09:17,397 | INFO  | DNAudit | user=null | ip=null | op=WRITE_CHUNK {blockData=conID: 3 locID: 102665037897990827 bcsId: 0} | ret=SUCCESS |  
2019-08-23 07:09:17,398 | INFO  | DNAudit | user=null | ip=null | op=WRITE_CHUNK {blockData=conID: 3 locID: 102665037897990827 bcsId: 0} | ret=SUCCESS |  
2019-08-23 07:09:17,404 | INFO  | DNAudit | user=null | ip=null | op=WRITE_CHUNK {blockData=conID: 3 locID: 102665037897990827 bcsId: 0} | ret=SUCCESS |  
2019-08-23 07:09:17,405 | INFO  | DNAudit | user=null | ip=null | op=PUT_BLOCK {blockData=[blockId=conID: 3 locID: 102665037897990827 bcsId: 0,size=1048576]} | ret=SUCCESS |  
2019-08-23 07:09:17,405 [grpc-default-executor-0] INFO  client.GrpcClientProtocolClient (GrpcClientProtocolClient.java:onNext(255)) - client-D91E5D1E15CE->f2ba01fc-a63e-4348-bd18-030b60a135e7: receive RaftClientReply:client-D91E5D1E15CE->f2ba01fc-a63e-4348-bd18-030b60a135e7@group-C8C62FEF0626, cid=3388, SUCCESS, logIndex=5102, commits[f2ba01fc-a63e-4348-bd18-030b60a135e7:c5103, eab135d4-a257-4705-b491-6c056b8c5df7:c5101, a4f67574-9018-43e7-8a54-351e98dc3d0a:c5101]
2019-08-23 07:09:17,406 | INFO  | DNAudit | user=null | ip=null | op=WRITE_CHUNK {blockData=conID: 3 locID: 102665037897990827 bcsId: 0} | ret=SUCCESS |  
2019-08-23 07:09:17,406 [grpc-default-executor-4] INFO  client.GrpcClientProtocolClient (GrpcClientProtocolClient.java:onNext(255)) - client-D91E5D1E15CE->f2ba01fc-a63e-4348-bd18-030b60a135e7: receive RaftClientReply:client-D91E5D1E15CE->f2ba01fc-a63e-4348-bd18-030b60a135e7@group-C8C62FEF0626, cid=3389, SUCCESS, logIndex=5103, commits[f2ba01fc-a63e-4348-bd18-030b60a135e7:c5103, eab135d4-a257-4705-b491-6c056b8c5df7:c5101, a4f67574-9018-43e7-8a54-351e98dc3d0a:c5101]
2019-08-23 07:09:17,406 | INFO  | DNAudit | user=null | ip=null | op=PUT_BLOCK {blockData=[blockId=conID: 3 locID: 102665037897990827 bcsId: 0,size=2097152]} | ret=SUCCESS |  
2019-08-23 07:09:17,406 | INFO  | DNAudit | user=null | ip=null | op=WRITE_CHUNK {blockData=conID: 3 locID: 102665037897990827 bcsId: 0} | ret=SUCCESS |  
2019-08-23 07:09:17,406 [grpc-default-executor-4] INFO  client.GrpcClientProtocolClient (GrpcClientProtocolClient.java:onNext(255)) - client-D91E5D1E15CE->f2ba01fc-a63e-4348-bd18-030b60a135e7: receive RaftClientReply:client-D91E5D1E15CE->f2ba01fc-a63e-4348-bd18-030b60a135e7@group-C8C62FEF0626, cid=3390, SUCCESS, logIndex=5104, commits[f2ba01fc-a63e-4348-bd18-030b60a135e7:c5105, eab135d4-a257-4705-b491-6c056b8c5df7:c5101, a4f67574-9018-43e7-8a54-351e98dc3d0a:c5101]
2019-08-23 07:09:17,407 | INFO  | DNAudit | user=null | ip=null | op=PUT_BLOCK {blockData=[blockId=conID: 3 locID: 102665037897990827 bcsId: 0,size=1048576]} | ret=SUCCESS |  
2019-08-23 07:09:17,407 [grpc-default-executor-4] INFO  client.GrpcClientProtocolClient (GrpcClientProtocolClient.java:onNext(255)) - client-D91E5D1E15CE->f2ba01fc-a63e-4348-bd18-030b60a135e7: receive RaftClientReply:client-D91E5D1E15CE->f2ba01fc-a63e-4348-bd18-030b60a135e7@group-C8C62FEF0626, cid=3391, SUCCESS, logIndex=5105, commits[f2ba01fc-a63e-4348-bd18-030b60a135e7:c5105, eab135d4-a257-4705-b491-6c056b8c5df7:c5101, a4f67574-9018-43e7-8a54-351e98dc3d0a:c5101]
2019-08-23 07:09:17,407 | INFO  | DNAudit | user=null | ip=null | op=WRITE_CHUNK {blockData=conID: 3 locID: 102665037897990827 bcsId: 0} | ret=SUCCESS |  
2019-08-23 07:09:17,407 | INFO  | DNAudit | user=null | ip=null | op=PUT_BLOCK {blockData=[blockId=conID: 3 locID: 102665037897990827 bcsId: 0,size=1048576]} | ret=SUCCESS |  
2019-08-23 07:09:17,408 | INFO  | DNAudit | user=null | ip=null | op=WRITE_CHUNK {blockData=conID: 3 locID: 102665037897990827 bcsId: 0} | ret=SUCCESS |  
2019-08-23 07:09:17,408 [grpc-default-executor-4] INFO  client.GrpcClientProtocolClient (GrpcClientProtocolClient.java:onNext(255)) - client-D91E5D1E15CE->f2ba01fc-a63e-4348-bd18-030b60a135e7: receive RaftClientReply:client-D91E5D1E15CE->f2ba01fc-a63e-4348-bd18-030b60a135e7@group-C8C62FEF0626, cid=3392, SUCCESS, logIndex=0, commits[f2ba01fc-a63e-4348-bd18-030b60a135e7:c5107, eab135d4-a257-4705-b491-6c056b8c5df7:c5103, a4f67574-9018-43e7-8a54-351e98dc3d0a:c5103]
2019-08-23 07:09:17,408 | INFO  | DNAudit | user=null | ip=null | op=PUT_BLOCK {blockData=[blockId=conID: 3 locID: 102665037897990827 bcsId: 0,size=2097152]} | ret=SUCCESS |  
2019-08-23 07:09:17,408 | INFO  | DNAudit | user=null | ip=null | op=WRITE_CHUNK {blockData=conID: 3 locID: 102665037897990827 bcsId: 0} | ret=SUCCESS |  
2019-08-23 07:09:17,408 | INFO  | DNAudit | user=null | ip=null | op=PUT_BLOCK {blockData=[blockId=conID: 3 locID: 102665037897990827 bcsId: 0,size=2097152]} | ret=SUCCESS |  
2019-08-23 07:09:17,414 | INFO  | DNAudit | user=null | ip=null | op=WRITE_CHUNK {blockData=conID: 3 locID: 102665037897990827 bcsId: 5105} | ret=SUCCESS |  
2019-08-23 07:09:17,417 | INFO  | DNAudit | user=null | ip=null | op=WRITE_CHUNK {blockData=conID: 3 locID: 102665037897990827 bcsId: 5105} | ret=SUCCESS |  
2019-08-23 07:09:17,418 | INFO  | DNAudit | user=null | ip=null | op=WRITE_CHUNK {blockData=conID: 3 locID: 102665037897990827 bcsId: 5105} | ret=SUCCESS |  
2019-08-23 07:09:17,452 | INFO  | DNAudit | user=null | ip=null | op=WRITE_CHUNK {blockData=conID: 3 locID: 102665037897990827 bcsId: 5105} | ret=SUCCESS |  
2019-08-23 07:09:17,452 | INFO  | DNAudit | user=null | ip=null | op=PUT_BLOCK {blockData=[blockId=conID: 3 locID: 102665037897990827 bcsId: 0,size=3145728]} | ret=SUCCESS |  
2019-08-23 07:09:17,452 [grpc-default-executor-6] INFO  client.GrpcClientProtocolClient (GrpcClientProtocolClient.java:onNext(255)) - client-D91E5D1E15CE->f2ba01fc-a63e-4348-bd18-030b60a135e7: receive RaftClientReply:client-D91E5D1E15CE->f2ba01fc-a63e-4348-bd18-030b60a135e7@group-C8C62FEF0626, cid=3393, SUCCESS, logIndex=5110, commits[f2ba01fc-a63e-4348-bd18-030b60a135e7:c5111, eab135d4-a257-4705-b491-6c056b8c5df7:c5109, a4f67574-9018-43e7-8a54-351e98dc3d0a:c5109]
2019-08-23 07:09:17,453 [grpc-default-executor-6] INFO  client.GrpcClientProtocolClient (GrpcClientProtocolClient.java:onNext(255)) - client-D91E5D1E15CE->f2ba01fc-a63e-4348-bd18-030b60a135e7: receive RaftClientReply:client-D91E5D1E15CE->f2ba01fc-a63e-4348-bd18-030b60a135e7@group-C8C62FEF0626, cid=3394, SUCCESS, logIndex=5111, commits[f2ba01fc-a63e-4348-bd18-030b60a135e7:c5111, eab135d4-a257-4705-b491-6c056b8c5df7:c5109, a4f67574-9018-43e7-8a54-351e98dc3d0a:c5109]
2019-08-23 07:09:17,455 | INFO  | DNAudit | user=null | ip=null | op=WRITE_CHUNK {blockData=conID: 3 locID: 102665037897990827 bcsId: 5105} | ret=SUCCESS |  
2019-08-23 07:09:17,455 | INFO  | DNAudit | user=null | ip=null | op=WRITE_CHUNK {blockData=conID: 3 locID: 102665037897990827 bcsId: 5105} | ret=SUCCESS |  
2019-08-23 07:09:17,456 | INFO  | DNAudit | user=null | ip=null | op=PUT_BLOCK {blockData=[blockId=conID: 3 locID: 102665037897990827 bcsId: 0,size=3145728]} | ret=SUCCESS |  
2019-08-23 07:09:17,456 | INFO  | DNAudit | user=null | ip=null | op=PUT_BLOCK {blockData=[blockId=conID: 3 locID: 102665037897990827 bcsId: 0,size=3145728]} | ret=SUCCESS |  
2019-08-23 07:09:17,461 | INFO  | DNAudit | user=null | ip=null | op=WRITE_CHUNK {blockData=conID: 3 locID: 102665037897990827 bcsId: 5111} | ret=SUCCESS |  
2019-08-23 07:09:17,464 | INFO  | DNAudit | user=null | ip=null | op=WRITE_CHUNK {blockData=conID: 3 locID: 102665037897990827 bcsId: 5111} | ret=SUCCESS |  
2019-08-23 07:09:17,464 | INFO  | DNAudit | user=null | ip=null | op=WRITE_CHUNK {blockData=conID: 3 locID: 102665037897990827 bcsId: 5111} | ret=SUCCESS |  
2019-08-23 07:09:17,486 | INFO  | DNAudit | user=null | ip=null | op=WRITE_CHUNK {blockData=conID: 3 locID: 102665037897990827 bcsId: 5111} | ret=SUCCESS |  
2019-08-23 07:09:17,486 | INFO  | DNAudit | user=null | ip=null | op=PUT_BLOCK {blockData=[blockId=conID: 3 locID: 102665037897990827 bcsId: 0,size=4194304]} | ret=SUCCESS |  
2019-08-23 07:09:17,486 [grpc-default-executor-0] INFO  client.GrpcClientProtocolClient (GrpcClientProtocolClient.java:onNext(255)) - client-D91E5D1E15CE->f2ba01fc-a63e-4348-bd18-030b60a135e7: receive RaftClientReply:client-D91E5D1E15CE->f2ba01fc-a63e-4348-bd18-030b60a135e7@group-C8C62FEF0626, cid=3395, SUCCESS, logIndex=5114, commits[f2ba01fc-a63e-4348-bd18-030b60a135e7:c5115, eab135d4-a257-4705-b491-6c056b8c5df7:c5113, a4f67574-9018-43e7-8a54-351e98dc3d0a:c5113]
2019-08-23 07:09:17,487 [grpc-default-executor-0] INFO  client.GrpcClientProtocolClient (GrpcClientProtocolClient.java:onNext(255)) - client-D91E5D1E15CE->f2ba01fc-a63e-4348-bd18-030b60a135e7: receive RaftClientReply:client-D91E5D1E15CE->f2ba01fc-a63e-4348-bd18-030b60a135e7@group-C8C62FEF0626, cid=3396, SUCCESS, logIndex=5115, commits[f2ba01fc-a63e-4348-bd18-030b60a135e7:c5115, eab135d4-a257-4705-b491-6c056b8c5df7:c5113, a4f67574-9018-43e7-8a54-351e98dc3d0a:c5113]
2019-08-23 07:09:17,498 | INFO  | DNAudit | user=null | ip=null | op=WRITE_CHUNK {blockData=conID: 3 locID: 102665037897990827 bcsId: 5111} | ret=SUCCESS |  
2019-08-23 07:09:17,498 | INFO  | DNAudit | user=null | ip=null | op=WRITE_CHUNK {blockData=conID: 3 locID: 102665037897990827 bcsId: 5111} | ret=SUCCESS |  
2019-08-23 07:09:17,499 | INFO  | DNAudit | user=null | ip=null | op=PUT_BLOCK {blockData=[blockId=conID: 3 locID: 102665037897990827 bcsId: 0,size=4194304]} | ret=SUCCESS |  
2019-08-23 07:09:17,499 | INFO  | DNAudit | user=null | ip=null | op=PUT_BLOCK {blockData=[blockId=conID: 3 locID: 102665037897990827 bcsId: 0,size=4194304]} | ret=SUCCESS |  
2019-08-23 07:09:17,499 [grpc-default-executor-6] INFO  client.GrpcClientProtocolClient (GrpcClientProtocolClient.java:onNext(255)) - client-D91E5D1E15CE->f2ba01fc-a63e-4348-bd18-030b60a135e7: receive RaftClientReply:client-D91E5D1E15CE->f2ba01fc-a63e-4348-bd18-030b60a135e7@group-C8C62FEF0626, cid=3397, SUCCESS, logIndex=0, commits[f2ba01fc-a63e-4348-bd18-030b60a135e7:c5116, eab135d4-a257-4705-b491-6c056b8c5df7:c5115, a4f67574-9018-43e7-8a54-351e98dc3d0a:c5115]
2019-08-23 07:09:17,507 | INFO  | SCMAudit | user=jenkins1000 | ip=192.168.5.178 | op=ALLOCATE_BLOCK {owner=aaf04d22-10dd-4717-8862-c651bdde72cf, size=4194304, type=RATIS, factor=THREE} | ret=SUCCESS |  
2019-08-23 07:09:17,513 | INFO  | OMAudit | user=jenkins1000 | ip=127.0.0.1 | op=ALLOCATE_BLOCK {volume=vol-0-67663, bucket=bucket-0-68950, key=key-0-26970, dataSize=0, replicationType=null, replicationFactor=null, keyLocationInfo=null, clientID=102665036030476690} | ret=SUCCESS |  
2019-08-23 07:09:17,521 | INFO  | DNAudit | user=null | ip=null | op=WRITE_CHUNK {blockData=conID: 1 locID: 102665037906379436 bcsId: 0} | ret=SUCCESS |  
2019-08-23 07:09:17,524 | INFO  | DNAudit | user=null | ip=null | op=WRITE_CHUNK {blockData=conID: 1 locID: 102665037906379436 bcsId: 0} | ret=SUCCESS |  
2019-08-23 07:09:17,525 | INFO  | DNAudit | user=null | ip=null | op=WRITE_CHUNK {blockData=conID: 1 locID: 102665037906379436 bcsId: 0} | ret=SUCCESS |  
2019-08-23 07:09:17,526 | INFO  | DNAudit | user=null | ip=null | op=WRITE_CHUNK {blockData=conID: 1 locID: 102665037906379436 bcsId: 0} | ret=SUCCESS |  
2019-08-23 07:09:17,528 | INFO  | DNAudit | user=null | ip=null | op=WRITE_CHUNK {blockData=conID: 1 locID: 102665037906379436 bcsId: 0} | ret=SUCCESS |  
2019-08-23 07:09:17,528 | INFO  | DNAudit | user=null | ip=null | op=WRITE_CHUNK {blockData=conID: 1 locID: 102665037906379436 bcsId: 0} | ret=SUCCESS |  
2019-08-23 07:09:17,534 | INFO  | DNAudit | user=null | ip=null | op=WRITE_CHUNK {blockData=conID: 1 locID: 102665037906379436 bcsId: 0} | ret=SUCCESS |  
2019-08-23 07:09:17,535 | INFO  | DNAudit | user=null | ip=null | op=PUT_BLOCK {blockData=[blockId=conID: 1 locID: 102665037906379436 bcsId: 0,size=1048576]} | ret=SUCCESS |  
2019-08-23 07:09:17,535 [grpc-default-executor-6] INFO  client.GrpcClientProtocolClient (GrpcClientProtocolClient.java:onNext(255)) - client-D91E5D1E15CE->f2ba01fc-a63e-4348-bd18-030b60a135e7: receive RaftClientReply:client-D91E5D1E15CE->f2ba01fc-a63e-4348-bd18-030b60a135e7@group-C8C62FEF0626, cid=3398, SUCCESS, logIndex=5118, commits[f2ba01fc-a63e-4348-bd18-030b60a135e7:c5119, eab135d4-a257-4705-b491-6c056b8c5df7:c5117, a4f67574-9018-43e7-8a54-351e98dc3d0a:c5117]
2019-08-23 07:09:17,536 | INFO  | DNAudit | user=null | ip=null | op=WRITE_CHUNK {blockData=conID: 1 locID: 102665037906379436 bcsId: 0} | ret=SUCCESS |  
2019-08-23 07:09:17,536 [grpc-default-executor-6] INFO  client.GrpcClientProtocolClient (GrpcClientProtocolClient.java:onNext(255)) - client-D91E5D1E15CE->f2ba01fc-a63e-4348-bd18-030b60a135e7: receive RaftClientReply:client-D91E5D1E15CE->f2ba01fc-a63e-4348-bd18-030b60a135e7@group-C8C62FEF0626, cid=3399, SUCCESS, logIndex=5119, commits[f2ba01fc-a63e-4348-bd18-030b60a135e7:c5119, eab135d4-a257-4705-b491-6c056b8c5df7:c5117, a4f67574-9018-43e7-8a54-351e98dc3d0a:c5117]
2019-08-23 07:09:17,536 | INFO  | DNAudit | user=null | ip=null | op=PUT_BLOCK {blockData=[blockId=conID: 1 locID: 102665037906379436 bcsId: 0,size=2097152]} | ret=SUCCESS |  
2019-08-23 07:09:17,536 [grpc-default-executor-6] INFO  client.GrpcClientProtocolClient (GrpcClientProtocolClient.java:onNext(255)) - client-D91E5D1E15CE->f2ba01fc-a63e-4348-bd18-030b60a135e7: receive RaftClientReply:client-D91E5D1E15CE->f2ba01fc-a63e-4348-bd18-030b60a135e7@group-C8C62FEF0626, cid=3400, SUCCESS, logIndex=5120, commits[f2ba01fc-a63e-4348-bd18-030b60a135e7:c5121, eab135d4-a257-4705-b491-6c056b8c5df7:c5117, a4f67574-9018-43e7-8a54-351e98dc3d0a:c5117]
2019-08-23 07:09:17,537 [grpc-default-executor-6] INFO  client.GrpcClientProtocolClient (GrpcClientProtocolClient.java:onNext(255)) - client-D91E5D1E15CE->f2ba01fc-a63e-4348-bd18-030b60a135e7: receive RaftClientReply:client-D91E5D1E15CE->f2ba01fc-a63e-4348-bd18-030b60a135e7@group-C8C62FEF0626, cid=3401, SUCCESS, logIndex=5121, commits[f2ba01fc-a63e-4348-bd18-030b60a135e7:c5121, eab135d4-a257-4705-b491-6c056b8c5df7:c5117, a4f67574-9018-43e7-8a54-351e98dc3d0a:c5117]
2019-08-23 07:09:17,537 | INFO  | DNAudit | user=null | ip=null | op=WRITE_CHUNK {blockData=conID: 1 locID: 102665037906379436 bcsId: 0} | ret=SUCCESS |  
2019-08-23 07:09:17,537 | INFO  | DNAudit | user=null | ip=null | op=PUT_BLOCK {blockData=[blockId=conID: 1 locID: 102665037906379436 bcsId: 0,size=1048576]} | ret=SUCCESS |  
2019-08-23 07:09:17,538 | INFO  | DNAudit | user=null | ip=null | op=WRITE_CHUNK {blockData=conID: 1 locID: 102665037906379436 bcsId: 0} | ret=SUCCESS |  
2019-08-23 07:09:17,538 | INFO  | DNAudit | user=null | ip=null | op=PUT_BLOCK {blockData=[blockId=conID: 1 locID: 102665037906379436 bcsId: 0,size=1048576]} | ret=SUCCESS |  
2019-08-23 07:09:17,538 | INFO  | DNAudit | user=null | ip=null | op=WRITE_CHUNK {blockData=conID: 1 locID: 102665037906379436 bcsId: 0} | ret=SUCCESS |  
2019-08-23 07:09:17,539 | INFO  | DNAudit | user=null | ip=null | op=PUT_BLOCK {blockData=[blockId=conID: 1 locID: 102665037906379436 bcsId: 0,size=2097152]} | ret=SUCCESS |  
2019-08-23 07:09:17,539 | INFO  | DNAudit | user=null | ip=null | op=WRITE_CHUNK {blockData=conID: 1 locID: 102665037906379436 bcsId: 0} | ret=SUCCESS |  
2019-08-23 07:09:17,539 [grpc-default-executor-4] INFO  client.GrpcClientProtocolClient (GrpcClientProtocolClient.java:onNext(255)) - client-D91E5D1E15CE->f2ba01fc-a63e-4348-bd18-030b60a135e7: receive RaftClientReply:client-D91E5D1E15CE->f2ba01fc-a63e-4348-bd18-030b60a135e7@group-C8C62FEF0626, cid=3402, SUCCESS, logIndex=0, commits[f2ba01fc-a63e-4348-bd18-030b60a135e7:c5123, eab135d4-a257-4705-b491-6c056b8c5df7:c5119, a4f67574-9018-43e7-8a54-351e98dc3d0a:c5119]
2019-08-23 07:09:17,539 | INFO  | DNAudit | user=null | ip=null | op=PUT_BLOCK {blockData=[blockId=conID: 1 locID: 102665037906379436 bcsId: 0,size=2097152]} | ret=SUCCESS |  
2019-08-23 07:09:17,546 | INFO  | DNAudit | user=null | ip=null | op=WRITE_CHUNK {blockData=conID: 1 locID: 102665037906379436 bcsId: 5121} | ret=SUCCESS |  
2019-08-23 07:09:17,549 | INFO  | DNAudit | user=null | ip=null | op=WRITE_CHUNK {blockData=conID: 1 locID: 102665037906379436 bcsId: 5121} | ret=SUCCESS |  
2019-08-23 07:09:17,549 | INFO  | DNAudit | user=null | ip=null | op=WRITE_CHUNK {blockData=conID: 1 locID: 102665037906379436 bcsId: 5121} | ret=SUCCESS |  
2019-08-23 07:09:17,562 | INFO  | DNAudit | user=null | ip=null | op=WRITE_CHUNK {blockData=conID: 1 locID: 102665037906379436 bcsId: 5121} | ret=SUCCESS |  
2019-08-23 07:09:17,562 | INFO  | DNAudit | user=null | ip=null | op=PUT_BLOCK {blockData=[blockId=conID: 1 locID: 102665037906379436 bcsId: 0,size=3145728]} | ret=SUCCESS |  
2019-08-23 07:09:17,562 [grpc-default-executor-6] INFO  client.GrpcClientProtocolClient (GrpcClientProtocolClient.java:onNext(255)) - client-D91E5D1E15CE->f2ba01fc-a63e-4348-bd18-030b60a135e7: receive RaftClientReply:client-D91E5D1E15CE->f2ba01fc-a63e-4348-bd18-030b60a135e7@group-C8C62FEF0626, cid=3403, SUCCESS, logIndex=5126, commits[f2ba01fc-a63e-4348-bd18-030b60a135e7:c5127, eab135d4-a257-4705-b491-6c056b8c5df7:c5125, a4f67574-9018-43e7-8a54-351e98dc3d0a:c5125]
2019-08-23 07:09:17,563 [grpc-default-executor-6] INFO  client.GrpcClientProtocolClient (GrpcClientProtocolClient.java:onNext(255)) - client-D91E5D1E15CE->f2ba01fc-a63e-4348-bd18-030b60a135e7: receive RaftClientReply:client-D91E5D1E15CE->f2ba01fc-a63e-4348-bd18-030b60a135e7@group-C8C62FEF0626, cid=3404, SUCCESS, logIndex=5127, commits[f2ba01fc-a63e-4348-bd18-030b60a135e7:c5127, eab135d4-a257-4705-b491-6c056b8c5df7:c5125, a4f67574-9018-43e7-8a54-351e98dc3d0a:c5125]
2019-08-23 07:09:17,570 | INFO  | DNAudit | user=null | ip=null | op=WRITE_CHUNK {blockData=conID: 1 locID: 102665037906379436 bcsId: 5127} | ret=SUCCESS |  
2019-08-23 07:09:17,572 | INFO  | DNAudit | user=null | ip=null | op=WRITE_CHUNK {blockData=conID: 1 locID: 102665037906379436 bcsId: 5127} | ret=SUCCESS |  
2019-08-23 07:09:17,572 | INFO  | DNAudit | user=null | ip=null | op=WRITE_CHUNK {blockData=conID: 1 locID: 102665037906379436 bcsId: 5127} | ret=SUCCESS |  
2019-08-23 07:09:17,574 | INFO  | DNAudit | user=null | ip=null | op=WRITE_CHUNK {blockData=conID: 1 locID: 102665037906379436 bcsId: 5121} | ret=SUCCESS |  
2019-08-23 07:09:17,574 | INFO  | DNAudit | user=null | ip=null | op=WRITE_CHUNK {blockData=conID: 1 locID: 102665037906379436 bcsId: 5121} | ret=SUCCESS |  
2019-08-23 07:09:17,575 | INFO  | DNAudit | user=null | ip=null | op=PUT_BLOCK {blockData=[blockId=conID: 1 locID: 102665037906379436 bcsId: 0,size=3145728]} | ret=SUCCESS |  
2019-08-23 07:09:17,575 | INFO  | DNAudit | user=null | ip=null | op=PUT_BLOCK {blockData=[blockId=conID: 1 locID: 102665037906379436 bcsId: 0,size=3145728]} | ret=SUCCESS |  
2019-08-23 07:09:17,576 | INFO  | DNAudit | user=null | ip=null | op=WRITE_CHUNK {blockData=conID: 1 locID: 102665037906379436 bcsId: 5127} | ret=SUCCESS |  
2019-08-23 07:09:17,576 | INFO  | DNAudit | user=null | ip=null | op=PUT_BLOCK {blockData=[blockId=conID: 1 locID: 102665037906379436 bcsId: 0,size=4194304]} | ret=SUCCESS |  
2019-08-23 07:09:17,576 [grpc-default-executor-4] INFO  client.GrpcClientProtocolClient (GrpcClientProtocolClient.java:onNext(255)) - client-D91E5D1E15CE->f2ba01fc-a63e-4348-bd18-030b60a135e7: receive RaftClientReply:client-D91E5D1E15CE->f2ba01fc-a63e-4348-bd18-030b60a135e7@group-C8C62FEF0626, cid=3405, SUCCESS, logIndex=5130, commits[f2ba01fc-a63e-4348-bd18-030b60a135e7:c5131, eab135d4-a257-4705-b491-6c056b8c5df7:c5127, a4f67574-9018-43e7-8a54-351e98dc3d0a:c5127]
2019-08-23 07:09:17,577 [grpc-default-executor-4] INFO  client.GrpcClientProtocolClient (GrpcClientProtocolClient.java:onNext(255)) - client-D91E5D1E15CE->f2ba01fc-a63e-4348-bd18-030b60a135e7: receive RaftClientReply:client-D91E5D1E15CE->f2ba01fc-a63e-4348-bd18-030b60a135e7@group-C8C62FEF0626, cid=3406, SUCCESS, logIndex=5131, commits[f2ba01fc-a63e-4348-bd18-030b60a135e7:c5131, eab135d4-a257-4705-b491-6c056b8c5df7:c5127, a4f67574-9018-43e7-8a54-351e98dc3d0a:c5127]
2019-08-23 07:09:17,587 | INFO  | DNAudit | user=null | ip=null | op=WRITE_CHUNK {blockData=conID: 1 locID: 102665037906379436 bcsId: 5127} | ret=SUCCESS |  
2019-08-23 07:09:17,588 | INFO  | DNAudit | user=null | ip=null | op=WRITE_CHUNK {blockData=conID: 1 locID: 102665037906379436 bcsId: 5127} | ret=SUCCESS |  
2019-08-23 07:09:17,588 | INFO  | DNAudit | user=null | ip=null | op=PUT_BLOCK {blockData=[blockId=conID: 1 locID: 102665037906379436 bcsId: 0,size=4194304]} | ret=SUCCESS |  
2019-08-23 07:09:17,589 | INFO  | DNAudit | user=null | ip=null | op=PUT_BLOCK {blockData=[blockId=conID: 1 locID: 102665037906379436 bcsId: 0,size=4194304]} | ret=SUCCESS |  
2019-08-23 07:09:17,589 [grpc-default-executor-4] INFO  client.GrpcClientProtocolClient (GrpcClientProtocolClient.java:onNext(255)) - client-D91E5D1E15CE->f2ba01fc-a63e-4348-bd18-030b60a135e7: receive RaftClientReply:client-D91E5D1E15CE->f2ba01fc-a63e-4348-bd18-030b60a135e7@group-C8C62FEF0626, cid=3407, SUCCESS, logIndex=0, commits[f2ba01fc-a63e-4348-bd18-030b60a135e7:c5133, eab135d4-a257-4705-b491-6c056b8c5df7:c5131, a4f67574-9018-43e7-8a54-351e98dc3d0a:c5131]
2019-08-23 07:09:17,596 | INFO  | SCMAudit | user=jenkins1000 | ip=192.168.5.178 | op=ALLOCATE_BLOCK {owner=aaf04d22-10dd-4717-8862-c651bdde72cf, size=4194304, type=RATIS, factor=THREE} | ret=SUCCESS |  
2019-08-23 07:09:17,601 | INFO  | OMAudit | user=jenkins1000 | ip=127.0.0.1 | op=ALLOCATE_BLOCK {volume=vol-0-67663, bucket=bucket-0-68950, key=key-0-26970, dataSize=0, replicationType=null, replicationFactor=null, keyLocationInfo=null, clientID=102665036030476690} | ret=SUCCESS |  
2019-08-23 07:09:17,609 | INFO  | DNAudit | user=null | ip=null | op=WRITE_CHUNK {blockData=conID: 2 locID: 102665037912212141 bcsId: 0} | ret=SUCCESS |  
2019-08-23 07:09:17,612 | INFO  | DNAudit | user=null | ip=null | op=WRITE_CHUNK {blockData=conID: 2 locID: 102665037912212141 bcsId: 0} | ret=SUCCESS |  
2019-08-23 07:09:17,612 | INFO  | DNAudit | user=null | ip=null | op=WRITE_CHUNK {blockData=conID: 2 locID: 102665037912212141 bcsId: 0} | ret=SUCCESS |  
2019-08-23 07:09:17,612 | INFO  | DNAudit | user=null | ip=null | op=WRITE_CHUNK {blockData=conID: 2 locID: 102665037912212141 bcsId: 0} | ret=SUCCESS |  
2019-08-23 07:09:17,614 | INFO  | DNAudit | user=null | ip=null | op=WRITE_CHUNK {blockData=conID: 2 locID: 102665037912212141 bcsId: 0} | ret=SUCCESS |  
2019-08-23 07:09:17,614 | INFO  | DNAudit | user=null | ip=null | op=WRITE_CHUNK {blockData=conID: 2 locID: 102665037912212141 bcsId: 0} | ret=SUCCESS |  
2019-08-23 07:09:17,621 | INFO  | DNAudit | user=null | ip=null | op=WRITE_CHUNK {blockData=conID: 2 locID: 102665037912212141 bcsId: 0} | ret=SUCCESS |  
2019-08-23 07:09:17,621 | INFO  | DNAudit | user=null | ip=null | op=PUT_BLOCK {blockData=[blockId=conID: 2 locID: 102665037912212141 bcsId: 0,size=1048576]} | ret=SUCCESS |  
2019-08-23 07:09:17,622 | INFO  | DNAudit | user=null | ip=null | op=WRITE_CHUNK {blockData=conID: 2 locID: 102665037912212141 bcsId: 0} | ret=SUCCESS |  
2019-08-23 07:09:17,622 [grpc-default-executor-6] INFO  client.GrpcClientProtocolClient (GrpcClientProtocolClient.java:onNext(255)) - client-D91E5D1E15CE->f2ba01fc-a63e-4348-bd18-030b60a135e7: receive RaftClientReply:client-D91E5D1E15CE->f2ba01fc-a63e-4348-bd18-030b60a135e7@group-C8C62FEF0626, cid=3408, SUCCESS, logIndex=5134, commits[f2ba01fc-a63e-4348-bd18-030b60a135e7:c5135, eab135d4-a257-4705-b491-6c056b8c5df7:c5133, a4f67574-9018-43e7-8a54-351e98dc3d0a:c5133]
2019-08-23 07:09:17,622 | INFO  | DNAudit | user=null | ip=null | op=PUT_BLOCK {blockData=[blockId=conID: 2 locID: 102665037912212141 bcsId: 0,size=2097152]} | ret=SUCCESS |  
2019-08-23 07:09:17,622 [grpc-default-executor-6] INFO  client.GrpcClientProtocolClient (GrpcClientProtocolClient.java:onNext(255)) - client-D91E5D1E15CE->f2ba01fc-a63e-4348-bd18-030b60a135e7: receive RaftClientReply:client-D91E5D1E15CE->f2ba01fc-a63e-4348-bd18-030b60a135e7@group-C8C62FEF0626, cid=3409, SUCCESS, logIndex=5135, commits[f2ba01fc-a63e-4348-bd18-030b60a135e7:c5137, eab135d4-a257-4705-b491-6c056b8c5df7:c5133, a4f67574-9018-43e7-8a54-351e98dc3d0a:c5133]
2019-08-23 07:09:17,623 [grpc-default-executor-6] INFO  client.GrpcClientProtocolClient (GrpcClientProtocolClient.java:onNext(255)) - client-D91E5D1E15CE->f2ba01fc-a63e-4348-bd18-030b60a135e7: receive RaftClientReply:client-D91E5D1E15CE->f2ba01fc-a63e-4348-bd18-030b60a135e7@group-C8C62FEF0626, cid=3410, SUCCESS, logIndex=5136, commits[f2ba01fc-a63e-4348-bd18-030b60a135e7:c5137, eab135d4-a257-4705-b491-6c056b8c5df7:c5133, a4f67574-9018-43e7-8a54-351e98dc3d0a:c5133]
2019-08-23 07:09:17,623 [grpc-default-executor-6] INFO  client.GrpcClientProtocolClient (GrpcClientProtocolClient.java:onNext(255)) - client-D91E5D1E15CE->f2ba01fc-a63e-4348-bd18-030b60a135e7: receive RaftClientReply:client-D91E5D1E15CE->f2ba01fc-a63e-4348-bd18-030b60a135e7@group-C8C62FEF0626, cid=3411, SUCCESS, logIndex=5137, commits[f2ba01fc-a63e-4348-bd18-030b60a135e7:c5137, eab135d4-a257-4705-b491-6c056b8c5df7:c5133, a4f67574-9018-43e7-8a54-351e98dc3d0a:c5133]
2019-08-23 07:09:17,664 | INFO  | DNAudit | user=null | ip=null | op=WRITE_CHUNK {blockData=conID: 2 locID: 102665037912212141 bcsId: 0} | ret=SUCCESS |  
2019-08-23 07:09:17,667 | INFO  | DNAudit | user=null | ip=null | op=PUT_BLOCK {blockData=[blockId=conID: 2 locID: 102665037912212141 bcsId: 0,size=1048576]} | ret=SUCCESS |  
2019-08-23 07:09:17,667 | INFO  | DNAudit | user=null | ip=null | op=WRITE_CHUNK {blockData=conID: 2 locID: 102665037912212141 bcsId: 0} | ret=SUCCESS |  
2019-08-23 07:09:17,667 | INFO  | DNAudit | user=null | ip=null | op=WRITE_CHUNK {blockData=conID: 2 locID: 102665037912212141 bcsId: 0} | ret=SUCCESS |  
2019-08-23 07:09:17,667 | INFO  | DNAudit | user=null | ip=null | op=PUT_BLOCK {blockData=[blockId=conID: 2 locID: 102665037912212141 bcsId: 0,size=2097152]} | ret=SUCCESS |  
2019-08-23 07:09:17,667 | INFO  | DNAudit | user=null | ip=null | op=PUT_BLOCK {blockData=[blockId=conID: 2 locID: 102665037912212141 bcsId: 0,size=1048576]} | ret=SUCCESS |  
2019-08-23 07:09:17,668 | INFO  | DNAudit | user=null | ip=null | op=WRITE_CHUNK {blockData=conID: 2 locID: 102665037912212141 bcsId: 0} | ret=SUCCESS |  
2019-08-23 07:09:17,668 | INFO  | DNAudit | user=null | ip=null | op=PUT_BLOCK {blockData=[blockId=conID: 2 locID: 102665037912212141 bcsId: 0,size=2097152]} | ret=SUCCESS |  
2019-08-23 07:09:17,668 [grpc-default-executor-0] INFO  client.GrpcClientProtocolClient (GrpcClientProtocolClient.java:onNext(255)) - client-D91E5D1E15CE->f2ba01fc-a63e-4348-bd18-030b60a135e7: receive RaftClientReply:client-D91E5D1E15CE->f2ba01fc-a63e-4348-bd18-030b60a135e7@group-C8C62FEF0626, cid=3412, SUCCESS, logIndex=0, commits[f2ba01fc-a63e-4348-bd18-030b60a135e7:c5141, eab135d4-a257-4705-b491-6c056b8c5df7:c5135, a4f67574-9018-43e7-8a54-351e98dc3d0a:c5137]
2019-08-23 07:09:17,676 | INFO  | DNAudit | user=null | ip=null | op=WRITE_CHUNK {blockData=conID: 2 locID: 102665037912212141 bcsId: 5137} | ret=SUCCESS |  
2019-08-23 07:09:17,678 | INFO  | DNAudit | user=null | ip=null | op=WRITE_CHUNK {blockData=conID: 2 locID: 102665037912212141 bcsId: 5137} | ret=SUCCESS |  
2019-08-23 07:09:17,678 | INFO  | DNAudit | user=null | ip=null | op=WRITE_CHUNK {blockData=conID: 2 locID: 102665037912212141 bcsId: 5137} | ret=SUCCESS |  
2019-08-23 07:09:17,688 | INFO  | DNAudit | user=null | ip=null | op=WRITE_CHUNK {blockData=conID: 2 locID: 102665037912212141 bcsId: 5137} | ret=SUCCESS |  
2019-08-23 07:09:17,688 | INFO  | DNAudit | user=null | ip=null | op=PUT_BLOCK {blockData=[blockId=conID: 2 locID: 102665037912212141 bcsId: 0,size=3145728]} | ret=SUCCESS |  
2019-08-23 07:09:17,688 [grpc-default-executor-6] INFO  client.GrpcClientProtocolClient (GrpcClientProtocolClient.java:onNext(255)) - client-D91E5D1E15CE->f2ba01fc-a63e-4348-bd18-030b60a135e7: receive RaftClientReply:client-D91E5D1E15CE->f2ba01fc-a63e-4348-bd18-030b60a135e7@group-C8C62FEF0626, cid=3413, SUCCESS, logIndex=5142, commits[f2ba01fc-a63e-4348-bd18-030b60a135e7:c5143, eab135d4-a257-4705-b491-6c056b8c5df7:c5141, a4f67574-9018-43e7-8a54-351e98dc3d0a:c5141]
2019-08-23 07:09:17,689 [grpc-default-executor-6] INFO  client.GrpcClientProtocolClient (GrpcClientProtocolClient.java:onNext(255)) - client-D91E5D1E15CE->f2ba01fc-a63e-4348-bd18-030b60a135e7: receive RaftClientReply:client-D91E5D1E15CE->f2ba01fc-a63e-4348-bd18-030b60a135e7@group-C8C62FEF0626, cid=3414, SUCCESS, logIndex=5143, commits[f2ba01fc-a63e-4348-bd18-030b60a135e7:c5143, eab135d4-a257-4705-b491-6c056b8c5df7:c5141, a4f67574-9018-43e7-8a54-351e98dc3d0a:c5141]
2019-08-23 07:09:17,697 | INFO  | DNAudit | user=null | ip=null | op=WRITE_CHUNK {blockData=conID: 2 locID: 102665037912212141 bcsId: 5143} | ret=SUCCESS |  
2019-08-23 07:09:17,699 | INFO  | DNAudit | user=null | ip=null | op=WRITE_CHUNK {blockData=conID: 2 locID: 102665037912212141 bcsId: 5143} | ret=SUCCESS |  
2019-08-23 07:09:17,699 | INFO  | DNAudit | user=null | ip=null | op=WRITE_CHUNK {blockData=conID: 2 locID: 102665037912212141 bcsId: 5137} | ret=SUCCESS |  
2019-08-23 07:09:17,699 | INFO  | DNAudit | user=null | ip=null | op=WRITE_CHUNK {blockData=conID: 2 locID: 102665037912212141 bcsId: 5137} | ret=SUCCESS |  
2019-08-23 07:09:17,699 | INFO  | DNAudit | user=null | ip=null | op=WRITE_CHUNK {blockData=conID: 2 locID: 102665037912212141 bcsId: 5143} | ret=SUCCESS |  
2019-08-23 07:09:17,701 | INFO  | DNAudit | user=null | ip=null | op=PUT_BLOCK {blockData=[blockId=conID: 2 locID: 102665037912212141 bcsId: 0,size=3145728]} | ret=SUCCESS |  
2019-08-23 07:09:17,701 | INFO  | DNAudit | user=null | ip=null | op=WRITE_CHUNK {blockData=conID: 2 locID: 102665037912212141 bcsId: 5143} | ret=SUCCESS |  
2019-08-23 07:09:17,701 | INFO  | DNAudit | user=null | ip=null | op=PUT_BLOCK {blockData=[blockId=conID: 2 locID: 102665037912212141 bcsId: 0,size=3145728]} | ret=SUCCESS |  
2019-08-23 07:09:17,701 | INFO  | DNAudit | user=null | ip=null | op=PUT_BLOCK {blockData=[blockId=conID: 2 locID: 102665037912212141 bcsId: 0,size=4194304]} | ret=SUCCESS |  
2019-08-23 07:09:17,702 [grpc-default-executor-6] INFO  client.GrpcClientProtocolClient (GrpcClientProtocolClient.java:onNext(255)) - client-D91E5D1E15CE->f2ba01fc-a63e-4348-bd18-030b60a135e7: receive RaftClientReply:client-D91E5D1E15CE->f2ba01fc-a63e-4348-bd18-030b60a135e7@group-C8C62FEF0626, cid=3415, SUCCESS, logIndex=5146, commits[f2ba01fc-a63e-4348-bd18-030b60a135e7:c5147, eab135d4-a257-4705-b491-6c056b8c5df7:c5142, a4f67574-9018-43e7-8a54-351e98dc3d0a:c5143]
2019-08-23 07:09:17,702 [grpc-default-executor-6] INFO  client.GrpcClientProtocolClient (GrpcClientProtocolClient.java:onNext(255)) - client-D91E5D1E15CE->f2ba01fc-a63e-4348-bd18-030b60a135e7: receive RaftClientReply:client-D91E5D1E15CE->f2ba01fc-a63e-4348-bd18-030b60a135e7@group-C8C62FEF0626, cid=3416, SUCCESS, logIndex=5147, commits[f2ba01fc-a63e-4348-bd18-030b60a135e7:c5147, eab135d4-a257-4705-b491-6c056b8c5df7:c5143, a4f67574-9018-43e7-8a54-351e98dc3d0a:c5143]
2019-08-23 07:09:17,702 | INFO  | DNAudit | user=null | ip=null | op=WRITE_CHUNK {blockData=conID: 2 locID: 102665037912212141 bcsId: 5143} | ret=SUCCESS |  
2019-08-23 07:09:17,704 | INFO  | DNAudit | user=null | ip=null | op=WRITE_CHUNK {blockData=conID: 2 locID: 102665037912212141 bcsId: 5143} | ret=SUCCESS |  
2019-08-23 07:09:17,715 | INFO  | DNAudit | user=null | ip=null | op=PUT_BLOCK {blockData=[blockId=conID: 2 locID: 102665037912212141 bcsId: 0,size=4194304]} | ret=SUCCESS |  
2019-08-23 07:09:17,716 | INFO  | DNAudit | user=null | ip=null | op=PUT_BLOCK {blockData=[blockId=conID: 2 locID: 102665037912212141 bcsId: 0,size=4194304]} | ret=SUCCESS |  
2019-08-23 07:09:17,716 [grpc-default-executor-6] INFO  client.GrpcClientProtocolClient (GrpcClientProtocolClient.java:onNext(255)) - client-D91E5D1E15CE->f2ba01fc-a63e-4348-bd18-030b60a135e7: receive RaftClientReply:client-D91E5D1E15CE->f2ba01fc-a63e-4348-bd18-030b60a135e7@group-C8C62FEF0626, cid=3417, SUCCESS, logIndex=0, commits[f2ba01fc-a63e-4348-bd18-030b60a135e7:c5149, eab135d4-a257-4705-b491-6c056b8c5df7:c5147, a4f67574-9018-43e7-8a54-351e98dc3d0a:c5147]
2019-08-23 07:09:17,724 | INFO  | SCMAudit | user=jenkins1000 | ip=192.168.5.178 | op=ALLOCATE_BLOCK {owner=aaf04d22-10dd-4717-8862-c651bdde72cf, size=4194304, type=RATIS, factor=THREE} | ret=SUCCESS |  
2019-08-23 07:09:17,730 | INFO  | OMAudit | user=jenkins1000 | ip=127.0.0.1 | op=ALLOCATE_BLOCK {volume=vol-0-67663, bucket=bucket-0-68950, key=key-0-26970, dataSize=0, replicationType=null, replicationFactor=null, keyLocationInfo=null, clientID=102665036030476690} | ret=SUCCESS |  
2019-08-23 07:09:17,738 | INFO  | DNAudit | user=null | ip=null | op=WRITE_CHUNK {blockData=conID: 3 locID: 102665037920600750 bcsId: 0} | ret=SUCCESS |  
2019-08-23 07:09:17,741 | INFO  | DNAudit | user=null | ip=null | op=WRITE_CHUNK {blockData=conID: 3 locID: 102665037920600750 bcsId: 0} | ret=SUCCESS |  
2019-08-23 07:09:17,741 | INFO  | DNAudit | user=null | ip=null | op=WRITE_CHUNK {blockData=conID: 3 locID: 102665037920600750 bcsId: 0} | ret=SUCCESS |  
2019-08-23 07:09:17,742 | INFO  | DNAudit | user=null | ip=null | op=WRITE_CHUNK {blockData=conID: 3 locID: 102665037920600750 bcsId: 0} | ret=SUCCESS |  
2019-08-23 07:09:17,744 | INFO  | DNAudit | user=null | ip=null | op=WRITE_CHUNK {blockData=conID: 3 locID: 102665037920600750 bcsId: 0} | ret=SUCCESS |  
2019-08-23 07:09:17,744 | INFO  | DNAudit | user=null | ip=null | op=WRITE_CHUNK {blockData=conID: 3 locID: 102665037920600750 bcsId: 0} | ret=SUCCESS |  
2019-08-23 07:09:17,746 | INFO  | DNAudit | user=null | ip=null | op=WRITE_CHUNK {blockData=conID: 3 locID: 102665037920600750 bcsId: 0} | ret=SUCCESS |  
2019-08-23 07:09:17,746 | INFO  | DNAudit | user=null | ip=null | op=PUT_BLOCK {blockData=[blockId=conID: 3 locID: 102665037920600750 bcsId: 0,size=1048576]} | ret=SUCCESS |  
2019-08-23 07:09:17,747 | INFO  | DNAudit | user=null | ip=null | op=WRITE_CHUNK {blockData=conID: 3 locID: 102665037920600750 bcsId: 0} | ret=SUCCESS |  
2019-08-23 07:09:17,747 [grpc-default-executor-0] INFO  client.GrpcClientProtocolClient (GrpcClientProtocolClient.java:onNext(255)) - client-D91E5D1E15CE->f2ba01fc-a63e-4348-bd18-030b60a135e7: receive RaftClientReply:client-D91E5D1E15CE->f2ba01fc-a63e-4348-bd18-030b60a135e7@group-C8C62FEF0626, cid=3418, SUCCESS, logIndex=5150, commits[f2ba01fc-a63e-4348-bd18-030b60a135e7:c5151, eab135d4-a257-4705-b491-6c056b8c5df7:c5149, a4f67574-9018-43e7-8a54-351e98dc3d0a:c5149]
2019-08-23 07:09:17,747 | INFO  | DNAudit | user=null | ip=null | op=PUT_BLOCK {blockData=[blockId=conID: 3 locID: 102665037920600750 bcsId: 0,size=2097152]} | ret=SUCCESS |  
2019-08-23 07:09:17,747 [grpc-default-executor-0] INFO  client.GrpcClientProtocolClient (GrpcClientProtocolClient.java:onNext(255)) - client-D91E5D1E15CE->f2ba01fc-a63e-4348-bd18-030b60a135e7: receive RaftClientReply:client-D91E5D1E15CE->f2ba01fc-a63e-4348-bd18-030b60a135e7@group-C8C62FEF0626, cid=3419, SUCCESS, logIndex=5151, commits[f2ba01fc-a63e-4348-bd18-030b60a135e7:c5153, eab135d4-a257-4705-b491-6c056b8c5df7:c5149, a4f67574-9018-43e7-8a54-351e98dc3d0a:c5149]
2019-08-23 07:09:17,748 | INFO  | DNAudit | user=null | ip=null | op=WRITE_CHUNK {blockData=conID: 3 locID: 102665037920600750 bcsId: 0} | ret=SUCCESS |  
2019-08-23 07:09:17,748 [grpc-default-executor-0] INFO  client.GrpcClientProtocolClient (GrpcClientProtocolClient.java:onNext(255)) - client-D91E5D1E15CE->f2ba01fc-a63e-4348-bd18-030b60a135e7: receive RaftClientReply:client-D91E5D1E15CE->f2ba01fc-a63e-4348-bd18-030b60a135e7@group-C8C62FEF0626, cid=3420, SUCCESS, logIndex=5152, commits[f2ba01fc-a63e-4348-bd18-030b60a135e7:c5153, eab135d4-a257-4705-b491-6c056b8c5df7:c5149, a4f67574-9018-43e7-8a54-351e98dc3d0a:c5149]
2019-08-23 07:09:17,748 | INFO  | DNAudit | user=null | ip=null | op=PUT_BLOCK {blockData=[blockId=conID: 3 locID: 102665037920600750 bcsId: 0,size=1048576]} | ret=SUCCESS |  
2019-08-23 07:09:17,748 [grpc-default-executor-0] INFO  client.GrpcClientProtocolClient (GrpcClientProtocolClient.java:onNext(255)) - client-D91E5D1E15CE->f2ba01fc-a63e-4348-bd18-030b60a135e7: receive RaftClientReply:client-D91E5D1E15CE->f2ba01fc-a63e-4348-bd18-030b60a135e7@group-C8C62FEF0626, cid=3421, SUCCESS, logIndex=5153, commits[f2ba01fc-a63e-4348-bd18-030b60a135e7:c5153, eab135d4-a257-4705-b491-6c056b8c5df7:c5149, a4f67574-9018-43e7-8a54-351e98dc3d0a:c5149]
2019-08-23 07:09:17,749 | INFO  | DNAudit | user=null | ip=null | op=WRITE_CHUNK {blockData=conID: 3 locID: 102665037920600750 bcsId: 0} | ret=SUCCESS |  
2019-08-23 07:09:17,749 | INFO  | DNAudit | user=null | ip=null | op=WRITE_CHUNK {blockData=conID: 3 locID: 102665037920600750 bcsId: 0} | ret=SUCCESS |  
2019-08-23 07:09:17,749 | INFO  | DNAudit | user=null | ip=null | op=PUT_BLOCK {blockData=[blockId=conID: 3 locID: 102665037920600750 bcsId: 0,size=2097152]} | ret=SUCCESS |  
2019-08-23 07:09:17,749 | INFO  | DNAudit | user=null | ip=null | op=PUT_BLOCK {blockData=[blockId=conID: 3 locID: 102665037920600750 bcsId: 0,size=1048576]} | ret=SUCCESS |  
2019-08-23 07:09:17,750 | INFO  | DNAudit | user=null | ip=null | op=WRITE_CHUNK {blockData=conID: 3 locID: 102665037920600750 bcsId: 0} | ret=SUCCESS |  
2019-08-23 07:09:17,750 [grpc-default-executor-0] INFO  client.GrpcClientProtocolClient (GrpcClientProtocolClient.java:onNext(255)) - client-D91E5D1E15CE->f2ba01fc-a63e-4348-bd18-030b60a135e7: receive RaftClientReply:client-D91E5D1E15CE->f2ba01fc-a63e-4348-bd18-030b60a135e7@group-C8C62FEF0626, cid=3422, SUCCESS, logIndex=0, commits[f2ba01fc-a63e-4348-bd18-030b60a135e7:c5156, eab135d4-a257-4705-b491-6c056b8c5df7:c5151, a4f67574-9018-43e7-8a54-351e98dc3d0a:c5153]
2019-08-23 07:09:17,750 | INFO  | DNAudit | user=null | ip=null | op=PUT_BLOCK {blockData=[blockId=conID: 3 locID: 102665037920600750 bcsId: 0,size=2097152]} | ret=SUCCESS |  
2019-08-23 07:09:17,757 | INFO  | DNAudit | user=null | ip=null | op=WRITE_CHUNK {blockData=conID: 3 locID: 102665037920600750 bcsId: 5153} | ret=SUCCESS |  
2019-08-23 07:09:17,759 | INFO  | DNAudit | user=null | ip=null | op=WRITE_CHUNK {blockData=conID: 3 locID: 102665037920600750 bcsId: 5153} | ret=SUCCESS |  
2019-08-23 07:09:17,760 | INFO  | DNAudit | user=null | ip=null | op=WRITE_CHUNK {blockData=conID: 3 locID: 102665037920600750 bcsId: 5153} | ret=SUCCESS |  
2019-08-23 07:09:17,770 | INFO  | DNAudit | user=null | ip=null | op=WRITE_CHUNK {blockData=conID: 3 locID: 102665037920600750 bcsId: 5153} | ret=SUCCESS |  
2019-08-23 07:09:17,770 | INFO  | DNAudit | user=null | ip=null | op=PUT_BLOCK {blockData=[blockId=conID: 3 locID: 102665037920600750 bcsId: 0,size=3145728]} | ret=SUCCESS |  
2019-08-23 07:09:17,770 [grpc-default-executor-4] INFO  client.GrpcClientProtocolClient (GrpcClientProtocolClient.java:onNext(255)) - client-D91E5D1E15CE->f2ba01fc-a63e-4348-bd18-030b60a135e7: receive RaftClientReply:client-D91E5D1E15CE->f2ba01fc-a63e-4348-bd18-030b60a135e7@group-C8C62FEF0626, cid=3423, SUCCESS, logIndex=5157, commits[f2ba01fc-a63e-4348-bd18-030b60a135e7:c5158, eab135d4-a257-4705-b491-6c056b8c5df7:c5156, a4f67574-9018-43e7-8a54-351e98dc3d0a:c5156]
2019-08-23 07:09:17,771 [grpc-default-executor-4] INFO  client.GrpcClientProtocolClient (GrpcClientProtocolClient.java:onNext(255)) - client-D91E5D1E15CE->f2ba01fc-a63e-4348-bd18-030b60a135e7: receive RaftClientReply:client-D91E5D1E15CE->f2ba01fc-a63e-4348-bd18-030b60a135e7@group-C8C62FEF0626, cid=3424, SUCCESS, logIndex=5158, commits[f2ba01fc-a63e-4348-bd18-030b60a135e7:c5158, eab135d4-a257-4705-b491-6c056b8c5df7:c5156, a4f67574-9018-43e7-8a54-351e98dc3d0a:c5156]
2019-08-23 07:09:17,778 | INFO  | DNAudit | user=null | ip=null | op=WRITE_CHUNK {blockData=conID: 3 locID: 102665037920600750 bcsId: 5158} | ret=SUCCESS |  
2019-08-23 07:09:17,780 | INFO  | DNAudit | user=null | ip=null | op=WRITE_CHUNK {blockData=conID: 3 locID: 102665037920600750 bcsId: 5158} | ret=SUCCESS |  
2019-08-23 07:09:17,780 | INFO  | DNAudit | user=null | ip=null | op=WRITE_CHUNK {blockData=conID: 3 locID: 102665037920600750 bcsId: 5158} | ret=SUCCESS |  
2019-08-23 07:09:17,781 | INFO  | DNAudit | user=null | ip=null | op=WRITE_CHUNK {blockData=conID: 3 locID: 102665037920600750 bcsId: 5153} | ret=SUCCESS |  
2019-08-23 07:09:17,781 | INFO  | DNAudit | user=null | ip=null | op=WRITE_CHUNK {blockData=conID: 3 locID: 102665037920600750 bcsId: 5153} | ret=SUCCESS |  
2019-08-23 07:09:17,784 | INFO  | DNAudit | user=null | ip=null | op=PUT_BLOCK {blockData=[blockId=conID: 3 locID: 102665037920600750 bcsId: 0,size=3145728]} | ret=SUCCESS |  
2019-08-23 07:09:17,784 | INFO  | DNAudit | user=null | ip=null | op=PUT_BLOCK {blockData=[blockId=conID: 3 locID: 102665037920600750 bcsId: 0,size=3145728]} | ret=SUCCESS |  
2019-08-23 07:09:17,784 | INFO  | DNAudit | user=null | ip=null | op=WRITE_CHUNK {blockData=conID: 3 locID: 102665037920600750 bcsId: 5158} | ret=SUCCESS |  
2019-08-23 07:09:17,785 | INFO  | DNAudit | user=null | ip=null | op=PUT_BLOCK {blockData=[blockId=conID: 3 locID: 102665037920600750 bcsId: 0,size=4194304]} | ret=SUCCESS |  
2019-08-23 07:09:17,785 [grpc-default-executor-4] INFO  client.GrpcClientProtocolClient (GrpcClientProtocolClient.java:onNext(255)) - client-D91E5D1E15CE->f2ba01fc-a63e-4348-bd18-030b60a135e7: receive RaftClientReply:client-D91E5D1E15CE->f2ba01fc-a63e-4348-bd18-030b60a135e7@group-C8C62FEF0626, cid=3425, SUCCESS, logIndex=5161, commits[f2ba01fc-a63e-4348-bd18-030b60a135e7:c5162, eab135d4-a257-4705-b491-6c056b8c5df7:c5158, a4f67574-9018-43e7-8a54-351e98dc3d0a:c5158]
2019-08-23 07:09:17,786 [grpc-default-executor-4] INFO  client.GrpcClientProtocolClient (GrpcClientProtocolClient.java:onNext(255)) - client-D91E5D1E15CE->f2ba01fc-a63e-4348-bd18-030b60a135e7: receive RaftClientReply:client-D91E5D1E15CE->f2ba01fc-a63e-4348-bd18-030b60a135e7@group-C8C62FEF0626, cid=3426, SUCCESS, logIndex=5162, commits[f2ba01fc-a63e-4348-bd18-030b60a135e7:c5162, eab135d4-a257-4705-b491-6c056b8c5df7:c5158, a4f67574-9018-43e7-8a54-351e98dc3d0a:c5158]
2019-08-23 07:09:17,796 | INFO  | DNAudit | user=null | ip=null | op=WRITE_CHUNK {blockData=conID: 3 locID: 102665037920600750 bcsId: 5158} | ret=SUCCESS |  
2019-08-23 07:09:17,796 | INFO  | DNAudit | user=null | ip=null | op=WRITE_CHUNK {blockData=conID: 3 locID: 102665037920600750 bcsId: 5158} | ret=SUCCESS |  
2019-08-23 07:09:17,796 | INFO  | DNAudit | user=null | ip=null | op=PUT_BLOCK {blockData=[blockId=conID: 3 locID: 102665037920600750 bcsId: 0,size=4194304]} | ret=SUCCESS |  
2019-08-23 07:09:17,796 | INFO  | DNAudit | user=null | ip=null | op=PUT_BLOCK {blockData=[blockId=conID: 3 locID: 102665037920600750 bcsId: 0,size=4194304]} | ret=SUCCESS |  
2019-08-23 07:09:17,797 [grpc-default-executor-4] INFO  client.GrpcClientProtocolClient (GrpcClientProtocolClient.java:onNext(255)) - client-D91E5D1E15CE->f2ba01fc-a63e-4348-bd18-030b60a135e7: receive RaftClientReply:client-D91E5D1E15CE->f2ba01fc-a63e-4348-bd18-030b60a135e7@group-C8C62FEF0626, cid=3427, SUCCESS, logIndex=0, commits[f2ba01fc-a63e-4348-bd18-030b60a135e7:c5163, eab135d4-a257-4705-b491-6c056b8c5df7:c5162, a4f67574-9018-43e7-8a54-351e98dc3d0a:c5162]
2019-08-23 07:09:17,805 | INFO  | SCMAudit | user=jenkins1000 | ip=192.168.5.178 | op=ALLOCATE_BLOCK {owner=aaf04d22-10dd-4717-8862-c651bdde72cf, size=4194304, type=RATIS, factor=THREE} | ret=SUCCESS |  
2019-08-23 07:09:17,811 | INFO  | OMAudit | user=jenkins1000 | ip=127.0.0.1 | op=ALLOCATE_BLOCK {volume=vol-0-67663, bucket=bucket-0-68950, key=key-0-26970, dataSize=0, replicationType=null, replicationFactor=null, keyLocationInfo=null, clientID=102665036030476690} | ret=SUCCESS |  
2019-08-23 07:09:17,818 | INFO  | DNAudit | user=null | ip=null | op=WRITE_CHUNK {blockData=conID: 1 locID: 102665037925909167 bcsId: 0} | ret=SUCCESS |  
2019-08-23 07:09:17,821 | INFO  | DNAudit | user=null | ip=null | op=WRITE_CHUNK {blockData=conID: 1 locID: 102665037925909167 bcsId: 0} | ret=SUCCESS |  
2019-08-23 07:09:17,821 | INFO  | DNAudit | user=null | ip=null | op=WRITE_CHUNK {blockData=conID: 1 locID: 102665037925909167 bcsId: 0} | ret=SUCCESS |  
2019-08-23 07:09:17,821 | INFO  | DNAudit | user=null | ip=null | op=WRITE_CHUNK {blockData=conID: 1 locID: 102665037925909167 bcsId: 0} | ret=SUCCESS |  
2019-08-23 07:09:17,822 | INFO  | DNAudit | user=null | ip=null | op=WRITE_CHUNK {blockData=conID: 1 locID: 102665037925909167 bcsId: 0} | ret=SUCCESS |  
2019-08-23 07:09:17,823 | INFO  | DNAudit | user=null | ip=null | op=WRITE_CHUNK {blockData=conID: 1 locID: 102665037925909167 bcsId: 0} | ret=SUCCESS |  
2019-08-23 07:09:17,831 | INFO  | DNAudit | user=null | ip=null | op=WRITE_CHUNK {blockData=conID: 1 locID: 102665037925909167 bcsId: 0} | ret=SUCCESS |  
2019-08-23 07:09:17,831 | INFO  | DNAudit | user=null | ip=null | op=PUT_BLOCK {blockData=[blockId=conID: 1 locID: 102665037925909167 bcsId: 0,size=1048576]} | ret=SUCCESS |  
2019-08-23 07:09:17,832 | INFO  | DNAudit | user=null | ip=null | op=WRITE_CHUNK {blockData=conID: 1 locID: 102665037925909167 bcsId: 0} | ret=SUCCESS |  
2019-08-23 07:09:17,832 [grpc-default-executor-0] INFO  client.GrpcClientProtocolClient (GrpcClientProtocolClient.java:onNext(255)) - client-D91E5D1E15CE->f2ba01fc-a63e-4348-bd18-030b60a135e7: receive RaftClientReply:client-D91E5D1E15CE->f2ba01fc-a63e-4348-bd18-030b60a135e7@group-C8C62FEF0626, cid=3428, SUCCESS, logIndex=5165, commits[f2ba01fc-a63e-4348-bd18-030b60a135e7:c5167, eab135d4-a257-4705-b491-6c056b8c5df7:c5164, a4f67574-9018-43e7-8a54-351e98dc3d0a:c5164]
2019-08-23 07:09:17,832 | INFO  | DNAudit | user=null | ip=null | op=PUT_BLOCK {blockData=[blockId=conID: 1 locID: 102665037925909167 bcsId: 0,size=2097152]} | ret=SUCCESS |  
2019-08-23 07:09:17,832 | INFO  | DNAudit | user=null | ip=null | op=WRITE_CHUNK {blockData=conID: 1 locID: 102665037925909167 bcsId: 0} | ret=SUCCESS |  
2019-08-23 07:09:17,832 [grpc-default-executor-0] INFO  client.GrpcClientProtocolClient (GrpcClientProtocolClient.java:onNext(255)) - client-D91E5D1E15CE->f2ba01fc-a63e-4348-bd18-030b60a135e7: receive RaftClientReply:client-D91E5D1E15CE->f2ba01fc-a63e-4348-bd18-030b60a135e7@group-C8C62FEF0626, cid=3429, SUCCESS, logIndex=5166, commits[f2ba01fc-a63e-4348-bd18-030b60a135e7:c5168, eab135d4-a257-4705-b491-6c056b8c5df7:c5164, a4f67574-9018-43e7-8a54-351e98dc3d0a:c5164]
2019-08-23 07:09:17,832 [grpc-default-executor-0] INFO  client.GrpcClientProtocolClient (GrpcClientProtocolClient.java:onNext(255)) - client-D91E5D1E15CE->f2ba01fc-a63e-4348-bd18-030b60a135e7: receive RaftClientReply:client-D91E5D1E15CE->f2ba01fc-a63e-4348-bd18-030b60a135e7@group-C8C62FEF0626, cid=3430, SUCCESS, logIndex=5167, commits[f2ba01fc-a63e-4348-bd18-030b60a135e7:c5168, eab135d4-a257-4705-b491-6c056b8c5df7:c5164, a4f67574-9018-43e7-8a54-351e98dc3d0a:c5164]
2019-08-23 07:09:17,833 | INFO  | DNAudit | user=null | ip=null | op=WRITE_CHUNK {blockData=conID: 1 locID: 102665037925909167 bcsId: 0} | ret=SUCCESS |  
2019-08-23 07:09:17,833 [grpc-default-executor-0] INFO  client.GrpcClientProtocolClient (GrpcClientProtocolClient.java:onNext(255)) - client-D91E5D1E15CE->f2ba01fc-a63e-4348-bd18-030b60a135e7: receive RaftClientReply:client-D91E5D1E15CE->f2ba01fc-a63e-4348-bd18-030b60a135e7@group-C8C62FEF0626, cid=3431, SUCCESS, logIndex=5168, commits[f2ba01fc-a63e-4348-bd18-030b60a135e7:c5168, eab135d4-a257-4705-b491-6c056b8c5df7:c5164, a4f67574-9018-43e7-8a54-351e98dc3d0a:c5164]
2019-08-23 07:09:17,833 | INFO  | DNAudit | user=null | ip=null | op=PUT_BLOCK {blockData=[blockId=conID: 1 locID: 102665037925909167 bcsId: 0,size=1048576]} | ret=SUCCESS |  
2019-08-23 07:09:17,833 | INFO  | DNAudit | user=null | ip=null | op=WRITE_CHUNK {blockData=conID: 1 locID: 102665037925909167 bcsId: 0} | ret=SUCCESS |  
2019-08-23 07:09:17,835 | INFO  | DNAudit | user=null | ip=null | op=PUT_BLOCK {blockData=[blockId=conID: 1 locID: 102665037925909167 bcsId: 0,size=1048576]} | ret=SUCCESS |  
2019-08-23 07:09:17,835 | INFO  | DNAudit | user=null | ip=null | op=WRITE_CHUNK {blockData=conID: 1 locID: 102665037925909167 bcsId: 0} | ret=SUCCESS |  
2019-08-23 07:09:17,835 [grpc-default-executor-0] INFO  client.GrpcClientProtocolClient (GrpcClientProtocolClient.java:onNext(255)) - client-D91E5D1E15CE->f2ba01fc-a63e-4348-bd18-030b60a135e7: receive RaftClientReply:client-D91E5D1E15CE->f2ba01fc-a63e-4348-bd18-030b60a135e7@group-C8C62FEF0626, cid=3432, SUCCESS, logIndex=0, commits[f2ba01fc-a63e-4348-bd18-030b60a135e7:c5170, eab135d4-a257-4705-b491-6c056b8c5df7:c5167, a4f67574-9018-43e7-8a54-351e98dc3d0a:c5167]
2019-08-23 07:09:17,835 | INFO  | DNAudit | user=null | ip=null | op=PUT_BLOCK {blockData=[blockId=conID: 1 locID: 102665037925909167 bcsId: 0,size=2097152]} | ret=SUCCESS |  
2019-08-23 07:09:17,842 | INFO  | DNAudit | user=null | ip=null | op=WRITE_CHUNK {blockData=conID: 1 locID: 102665037925909167 bcsId: 5168} | ret=SUCCESS |  
2019-08-23 07:09:17,844 | INFO  | DNAudit | user=null | ip=null | op=WRITE_CHUNK {blockData=conID: 1 locID: 102665037925909167 bcsId: 5168} | ret=SUCCESS |  
2019-08-23 07:09:17,844 | INFO  | DNAudit | user=null | ip=null | op=WRITE_CHUNK {blockData=conID: 1 locID: 102665037925909167 bcsId: 5168} | ret=SUCCESS |  
2019-08-23 07:09:17,846 | INFO  | DNAudit | user=null | ip=null | op=PUT_BLOCK {blockData=[blockId=conID: 1 locID: 102665037925909167 bcsId: 0,size=2097152]} | ret=SUCCESS |  
2019-08-23 07:09:17,847 | INFO  | DNAudit | user=null | ip=null | op=WRITE_CHUNK {blockData=conID: 1 locID: 102665037925909167 bcsId: 5168} | ret=SUCCESS |  
2019-08-23 07:09:17,847 | INFO  | DNAudit | user=null | ip=null | op=PUT_BLOCK {blockData=[blockId=conID: 1 locID: 102665037925909167 bcsId: 0,size=3145728]} | ret=SUCCESS |  
2019-08-23 07:09:17,848 [grpc-default-executor-4] INFO  client.GrpcClientProtocolClient (GrpcClientProtocolClient.java:onNext(255)) - client-D91E5D1E15CE->f2ba01fc-a63e-4348-bd18-030b60a135e7: receive RaftClientReply:client-D91E5D1E15CE->f2ba01fc-a63e-4348-bd18-030b60a135e7@group-C8C62FEF0626, cid=3433, SUCCESS, logIndex=5173, commits[f2ba01fc-a63e-4348-bd18-030b60a135e7:c5174, eab135d4-a257-4705-b491-6c056b8c5df7:c5172, a4f67574-9018-43e7-8a54-351e98dc3d0a:c5172]
2019-08-23 07:09:17,848 [grpc-default-executor-4] INFO  client.GrpcClientProtocolClient (GrpcClientProtocolClient.java:onNext(255)) - client-D91E5D1E15CE->f2ba01fc-a63e-4348-bd18-030b60a135e7: receive RaftClientReply:client-D91E5D1E15CE->f2ba01fc-a63e-4348-bd18-030b60a135e7@group-C8C62FEF0626, cid=3434, SUCCESS, logIndex=5174, commits[f2ba01fc-a63e-4348-bd18-030b60a135e7:c5174, eab135d4-a257-4705-b491-6c056b8c5df7:c5172, a4f67574-9018-43e7-8a54-351e98dc3d0a:c5172]
2019-08-23 07:09:17,849 | INFO  | DNAudit | user=null | ip=null | op=WRITE_CHUNK {blockData=conID: 1 locID: 102665037925909167 bcsId: 5168} | ret=SUCCESS |  
2019-08-23 07:09:17,849 | INFO  | DNAudit | user=null | ip=null | op=PUT_BLOCK {blockData=[blockId=conID: 1 locID: 102665037925909167 bcsId: 0,size=3145728]} | ret=SUCCESS |  
2019-08-23 07:09:17,849 | INFO  | DNAudit | user=null | ip=null | op=WRITE_CHUNK {blockData=conID: 1 locID: 102665037925909167 bcsId: 5168} | ret=SUCCESS |  
2019-08-23 07:09:17,849 | INFO  | DNAudit | user=null | ip=null | op=PUT_BLOCK {blockData=[blockId=conID: 1 locID: 102665037925909167 bcsId: 0,size=3145728]} | ret=SUCCESS |  
2019-08-23 07:09:17,854 | INFO  | DNAudit | user=null | ip=null | op=WRITE_CHUNK {blockData=conID: 1 locID: 102665037925909167 bcsId: 5174} | ret=SUCCESS |  
2019-08-23 07:09:17,856 | INFO  | DNAudit | user=null | ip=null | op=WRITE_CHUNK {blockData=conID: 1 locID: 102665037925909167 bcsId: 5174} | ret=SUCCESS |  
2019-08-23 07:09:17,857 | INFO  | DNAudit | user=null | ip=null | op=WRITE_CHUNK {blockData=conID: 1 locID: 102665037925909167 bcsId: 5174} | ret=SUCCESS |  
2019-08-23 07:09:17,867 | INFO  | DNAudit | user=null | ip=null | op=WRITE_CHUNK {blockData=conID: 1 locID: 102665037925909167 bcsId: 5174} | ret=SUCCESS |  
2019-08-23 07:09:17,867 | INFO  | DNAudit | user=null | ip=null | op=PUT_BLOCK {blockData=[blockId=conID: 1 locID: 102665037925909167 bcsId: 0,size=4194304]} | ret=SUCCESS |  
2019-08-23 07:09:17,868 [grpc-default-executor-3] INFO  client.GrpcClientProtocolClient (GrpcClientProtocolClient.java:onNext(255)) - client-D91E5D1E15CE->f2ba01fc-a63e-4348-bd18-030b60a135e7: receive RaftClientReply:client-D91E5D1E15CE->f2ba01fc-a63e-4348-bd18-030b60a135e7@group-C8C62FEF0626, cid=3435, SUCCESS, logIndex=5177, commits[f2ba01fc-a63e-4348-bd18-030b60a135e7:c5178, eab135d4-a257-4705-b491-6c056b8c5df7:c5176, a4f67574-9018-43e7-8a54-351e98dc3d0a:c5176]
2019-08-23 07:09:17,868 [grpc-default-executor-3] INFO  client.GrpcClientProtocolClient (GrpcClientProtocolClient.java:onNext(255)) - client-D91E5D1E15CE->f2ba01fc-a63e-4348-bd18-030b60a135e7: receive RaftClientReply:client-D91E5D1E15CE->f2ba01fc-a63e-4348-bd18-030b60a135e7@group-C8C62FEF0626, cid=3436, SUCCESS, logIndex=5178, commits[f2ba01fc-a63e-4348-bd18-030b60a135e7:c5178, eab135d4-a257-4705-b491-6c056b8c5df7:c5176, a4f67574-9018-43e7-8a54-351e98dc3d0a:c5176]
2019-08-23 07:09:17,879 | INFO  | DNAudit | user=null | ip=null | op=WRITE_CHUNK {blockData=conID: 1 locID: 102665037925909167 bcsId: 5174} | ret=SUCCESS |  
2019-08-23 07:09:17,879 | INFO  | DNAudit | user=null | ip=null | op=WRITE_CHUNK {blockData=conID: 1 locID: 102665037925909167 bcsId: 5174} | ret=SUCCESS |  
2019-08-23 07:09:17,882 | INFO  | DNAudit | user=null | ip=null | op=PUT_BLOCK {blockData=[blockId=conID: 1 locID: 102665037925909167 bcsId: 0,size=4194304]} | ret=SUCCESS |  
2019-08-23 07:09:17,882 | INFO  | DNAudit | user=null | ip=null | op=PUT_BLOCK {blockData=[blockId=conID: 1 locID: 102665037925909167 bcsId: 0,size=4194304]} | ret=SUCCESS |  
2019-08-23 07:09:17,882 [grpc-default-executor-3] INFO  client.GrpcClientProtocolClient (GrpcClientProtocolClient.java:onNext(255)) - client-D91E5D1E15CE->f2ba01fc-a63e-4348-bd18-030b60a135e7: receive RaftClientReply:client-D91E5D1E15CE->f2ba01fc-a63e-4348-bd18-030b60a135e7@group-C8C62FEF0626, cid=3437, SUCCESS, logIndex=0, commits[f2ba01fc-a63e-4348-bd18-030b60a135e7:c5180, eab135d4-a257-4705-b491-6c056b8c5df7:c5178, a4f67574-9018-43e7-8a54-351e98dc3d0a:c5178]
2019-08-23 07:09:17,890 | INFO  | SCMAudit | user=jenkins1000 | ip=192.168.5.178 | op=ALLOCATE_BLOCK {owner=aaf04d22-10dd-4717-8862-c651bdde72cf, size=4194304, type=RATIS, factor=THREE} | ret=SUCCESS |  
2019-08-23 07:09:17,895 | INFO  | OMAudit | user=jenkins1000 | ip=127.0.0.1 | op=ALLOCATE_BLOCK {volume=vol-0-67663, bucket=bucket-0-68950, key=key-0-26970, dataSize=0, replicationType=null, replicationFactor=null, keyLocationInfo=null, clientID=102665036030476690} | ret=SUCCESS |  
2019-08-23 07:09:17,903 | INFO  | DNAudit | user=null | ip=null | op=WRITE_CHUNK {blockData=conID: 2 locID: 102665037931479728 bcsId: 0} | ret=SUCCESS |  
2019-08-23 07:09:17,906 | INFO  | DNAudit | user=null | ip=null | op=WRITE_CHUNK {blockData=conID: 2 locID: 102665037931479728 bcsId: 0} | ret=SUCCESS |  
2019-08-23 07:09:17,906 | INFO  | DNAudit | user=null | ip=null | op=WRITE_CHUNK {blockData=conID: 2 locID: 102665037931479728 bcsId: 0} | ret=SUCCESS |  
2019-08-23 07:09:17,906 | INFO  | DNAudit | user=null | ip=null | op=WRITE_CHUNK {blockData=conID: 2 locID: 102665037931479728 bcsId: 0} | ret=SUCCESS |  
2019-08-23 07:09:17,907 | INFO  | DNAudit | user=null | ip=null | op=WRITE_CHUNK {blockData=conID: 2 locID: 102665037931479728 bcsId: 0} | ret=SUCCESS |  
2019-08-23 07:09:17,907 | INFO  | DNAudit | user=null | ip=null | op=WRITE_CHUNK {blockData=conID: 2 locID: 102665037931479728 bcsId: 0} | ret=SUCCESS |  
2019-08-23 07:09:17,913 | INFO  | SCMAudit | user=jenkins1000 | ip=192.168.5.178 | op=SEND_HEARTBEAT {datanodeUUID=a4f67574-9018-43e7-8a54-351e98dc3d0a, command=[]} | ret=SUCCESS |  
2019-08-23 07:09:17,913 | INFO  | SCMAudit | user=jenkins1000 | ip=192.168.5.178 | op=SEND_HEARTBEAT {datanodeUUID=eab135d4-a257-4705-b491-6c056b8c5df7, command=[]} | ret=SUCCESS |  
2019-08-23 07:09:17,914 | INFO  | SCMAudit | user=jenkins1000 | ip=192.168.5.178 | op=SEND_HEARTBEAT {datanodeUUID=f2ba01fc-a63e-4348-bd18-030b60a135e7, command=[]} | ret=SUCCESS |  
2019-08-23 07:09:17,922 | INFO  | DNAudit | user=null | ip=null | op=WRITE_CHUNK {blockData=conID: 2 locID: 102665037931479728 bcsId: 0} | ret=SUCCESS |  
2019-08-23 07:09:17,923 | INFO  | DNAudit | user=null | ip=null | op=PUT_BLOCK {blockData=[blockId=conID: 2 locID: 102665037931479728 bcsId: 0,size=1048576]} | ret=SUCCESS |  
2019-08-23 07:09:17,923 | INFO  | DNAudit | user=null | ip=null | op=WRITE_CHUNK {blockData=conID: 2 locID: 102665037931479728 bcsId: 0} | ret=SUCCESS |  
2019-08-23 07:09:17,923 [grpc-default-executor-6] INFO  client.GrpcClientProtocolClient (GrpcClientProtocolClient.java:onNext(255)) - client-D91E5D1E15CE->f2ba01fc-a63e-4348-bd18-030b60a135e7: receive RaftClientReply:client-D91E5D1E15CE->f2ba01fc-a63e-4348-bd18-030b60a135e7@group-C8C62FEF0626, cid=3438, SUCCESS, logIndex=5181, commits[f2ba01fc-a63e-4348-bd18-030b60a135e7:c5181, eab135d4-a257-4705-b491-6c056b8c5df7:c5180, a4f67574-9018-43e7-8a54-351e98dc3d0a:c5180]
2019-08-23 07:09:17,924 | INFO  | DNAudit | user=null | ip=null | op=PUT_BLOCK {blockData=[blockId=conID: 2 locID: 102665037931479728 bcsId: 0,size=2097152]} | ret=SUCCESS |  
2019-08-23 07:09:17,924 [grpc-default-executor-6] INFO  client.GrpcClientProtocolClient (GrpcClientProtocolClient.java:onNext(255)) - client-D91E5D1E15CE->f2ba01fc-a63e-4348-bd18-030b60a135e7: receive RaftClientReply:client-D91E5D1E15CE->f2ba01fc-a63e-4348-bd18-030b60a135e7@group-C8C62FEF0626, cid=3439, SUCCESS, logIndex=5182, commits[f2ba01fc-a63e-4348-bd18-030b60a135e7:c5184, eab135d4-a257-4705-b491-6c056b8c5df7:c5180, a4f67574-9018-43e7-8a54-351e98dc3d0a:c5180]
2019-08-23 07:09:17,924 [grpc-default-executor-6] INFO  client.GrpcClientProtocolClient (GrpcClientProtocolClient.java:onNext(255)) - client-D91E5D1E15CE->f2ba01fc-a63e-4348-bd18-030b60a135e7: receive RaftClientReply:client-D91E5D1E15CE->f2ba01fc-a63e-4348-bd18-030b60a135e7@group-C8C62FEF0626, cid=3440, SUCCESS, logIndex=5183, commits[f2ba01fc-a63e-4348-bd18-030b60a135e7:c5184, eab135d4-a257-4705-b491-6c056b8c5df7:c5180, a4f67574-9018-43e7-8a54-351e98dc3d0a:c5180]
2019-08-23 07:09:17,924 [grpc-default-executor-6] INFO  client.GrpcClientProtocolClient (GrpcClientProtocolClient.java:onNext(255)) - client-D91E5D1E15CE->f2ba01fc-a63e-4348-bd18-030b60a135e7: receive RaftClientReply:client-D91E5D1E15CE->f2ba01fc-a63e-4348-bd18-030b60a135e7@group-C8C62FEF0626, cid=3441, SUCCESS, logIndex=5184, commits[f2ba01fc-a63e-4348-bd18-030b60a135e7:c5184, eab135d4-a257-4705-b491-6c056b8c5df7:c5180, a4f67574-9018-43e7-8a54-351e98dc3d0a:c5180]
2019-08-23 07:09:17,930 | INFO  | DNAudit | user=null | ip=null | op=WRITE_CHUNK {blockData=conID: 2 locID: 102665037931479728 bcsId: 0} | ret=SUCCESS |  
2019-08-23 07:09:17,931 | INFO  | DNAudit | user=null | ip=null | op=WRITE_CHUNK {blockData=conID: 2 locID: 102665037931479728 bcsId: 0} | ret=SUCCESS |  
2019-08-23 07:09:17,933 | INFO  | DNAudit | user=null | ip=null | op=PUT_BLOCK {blockData=[blockId=conID: 2 locID: 102665037931479728 bcsId: 0,size=1048576]} | ret=SUCCESS |  
2019-08-23 07:09:17,933 | INFO  | DNAudit | user=null | ip=null | op=PUT_BLOCK {blockData=[blockId=conID: 2 locID: 102665037931479728 bcsId: 0,size=1048576]} | ret=SUCCESS |  
2019-08-23 07:09:17,933 | INFO  | DNAudit | user=null | ip=null | op=WRITE_CHUNK {blockData=conID: 2 locID: 102665037931479728 bcsId: 0} | ret=SUCCESS |  
2019-08-23 07:09:17,933 | INFO  | DNAudit | user=null | ip=null | op=PUT_BLOCK {blockData=[blockId=conID: 2 locID: 102665037931479728 bcsId: 0,size=2097152]} | ret=SUCCESS |  
2019-08-23 07:09:17,933 | INFO  | DNAudit | user=null | ip=null | op=WRITE_CHUNK {blockData=conID: 2 locID: 102665037931479728 bcsId: 0} | ret=SUCCESS |  
2019-08-23 07:09:17,934 | INFO  | DNAudit | user=null | ip=null | op=PUT_BLOCK {blockData=[blockId=conID: 2 locID: 102665037931479728 bcsId: 0,size=2097152]} | ret=SUCCESS |  
2019-08-23 07:09:17,934 [grpc-default-executor-6] INFO  client.GrpcClientProtocolClient (GrpcClientProtocolClient.java:onNext(255)) - client-D91E5D1E15CE->f2ba01fc-a63e-4348-bd18-030b60a135e7: receive RaftClientReply:client-D91E5D1E15CE->f2ba01fc-a63e-4348-bd18-030b60a135e7@group-C8C62FEF0626, cid=3442, SUCCESS, logIndex=0, commits[f2ba01fc-a63e-4348-bd18-030b60a135e7:c5186, eab135d4-a257-4705-b491-6c056b8c5df7:c5184, a4f67574-9018-43e7-8a54-351e98dc3d0a:c5184]
2019-08-23 07:09:17,941 | INFO  | DNAudit | user=null | ip=null | op=WRITE_CHUNK {blockData=conID: 2 locID: 102665037931479728 bcsId: 5184} | ret=SUCCESS |  
2019-08-23 07:09:17,944 | INFO  | DNAudit | user=null | ip=null | op=WRITE_CHUNK {blockData=conID: 2 locID: 102665037931479728 bcsId: 5184} | ret=SUCCESS |  
2019-08-23 07:09:17,944 | INFO  | DNAudit | user=null | ip=null | op=WRITE_CHUNK {blockData=conID: 2 locID: 102665037931479728 bcsId: 5184} | ret=SUCCESS |  
2019-08-23 07:09:17,946 | INFO  | DNAudit | user=null | ip=null | op=WRITE_CHUNK {blockData=conID: 2 locID: 102665037931479728 bcsId: 5184} | ret=SUCCESS |  
2019-08-23 07:09:17,946 | INFO  | DNAudit | user=null | ip=null | op=PUT_BLOCK {blockData=[blockId=conID: 2 locID: 102665037931479728 bcsId: 0,size=3145728]} | ret=SUCCESS |  
2019-08-23 07:09:17,947 [grpc-default-executor-0] INFO  client.GrpcClientProtocolClient (GrpcClientProtocolClient.java:onNext(255)) - client-D91E5D1E15CE->f2ba01fc-a63e-4348-bd18-030b60a135e7: receive RaftClientReply:client-D91E5D1E15CE->f2ba01fc-a63e-4348-bd18-030b60a135e7@group-C8C62FEF0626, cid=3443, SUCCESS, logIndex=5187, commits[f2ba01fc-a63e-4348-bd18-030b60a135e7:c5188, eab135d4-a257-4705-b491-6c056b8c5df7:c5186, a4f67574-9018-43e7-8a54-351e98dc3d0a:c5184]
2019-08-23 07:09:17,947 [grpc-default-executor-0] INFO  client.GrpcClientProtocolClient (GrpcClientProtocolClient.java:onNext(255)) - client-D91E5D1E15CE->f2ba01fc-a63e-4348-bd18-030b60a135e7: receive RaftClientReply:client-D91E5D1E15CE->f2ba01fc-a63e-4348-bd18-030b60a135e7@group-C8C62FEF0626, cid=3444, SUCCESS, logIndex=5188, commits[f2ba01fc-a63e-4348-bd18-030b60a135e7:c5188, eab135d4-a257-4705-b491-6c056b8c5df7:c5186, a4f67574-9018-43e7-8a54-351e98dc3d0a:c5186]
2019-08-23 07:09:17,949 | INFO  | DNAudit | user=null | ip=null | op=WRITE_CHUNK {blockData=conID: 2 locID: 102665037931479728 bcsId: 5184} | ret=SUCCESS |  
2019-08-23 07:09:17,949 | INFO  | DNAudit | user=null | ip=null | op=WRITE_CHUNK {blockData=conID: 2 locID: 102665037931479728 bcsId: 5184} | ret=SUCCESS |  
2019-08-23 07:09:17,949 | INFO  | DNAudit | user=null | ip=null | op=PUT_BLOCK {blockData=[blockId=conID: 2 locID: 102665037931479728 bcsId: 0,size=3145728]} | ret=SUCCESS |  
2019-08-23 07:09:17,949 | INFO  | DNAudit | user=null | ip=null | op=PUT_BLOCK {blockData=[blockId=conID: 2 locID: 102665037931479728 bcsId: 0,size=3145728]} | ret=SUCCESS |  
2019-08-23 07:09:17,954 | INFO  | DNAudit | user=null | ip=null | op=WRITE_CHUNK {blockData=conID: 2 locID: 102665037931479728 bcsId: 5188} | ret=SUCCESS |  
2019-08-23 07:09:17,957 | INFO  | DNAudit | user=null | ip=null | op=WRITE_CHUNK {blockData=conID: 2 locID: 102665037931479728 bcsId: 5188} | ret=SUCCESS |  
2019-08-23 07:09:17,957 | INFO  | DNAudit | user=null | ip=null | op=WRITE_CHUNK {blockData=conID: 2 locID: 102665037931479728 bcsId: 5188} | ret=SUCCESS |  
2019-08-23 07:09:17,959 | INFO  | DNAudit | user=null | ip=null | op=WRITE_CHUNK {blockData=conID: 2 locID: 102665037931479728 bcsId: 5188} | ret=SUCCESS |  
2019-08-23 07:09:17,960 | INFO  | DNAudit | user=null | ip=null | op=PUT_BLOCK {blockData=[blockId=conID: 2 locID: 102665037931479728 bcsId: 0,size=4194304]} | ret=SUCCESS |  
2019-08-23 07:09:17,960 [grpc-default-executor-0] INFO  client.GrpcClientProtocolClient (GrpcClientProtocolClient.java:onNext(255)) - client-D91E5D1E15CE->f2ba01fc-a63e-4348-bd18-030b60a135e7: receive RaftClientReply:client-D91E5D1E15CE->f2ba01fc-a63e-4348-bd18-030b60a135e7@group-C8C62FEF0626, cid=3445, SUCCESS, logIndex=5190, commits[f2ba01fc-a63e-4348-bd18-030b60a135e7:c5191, eab135d4-a257-4705-b491-6c056b8c5df7:c5189, a4f67574-9018-43e7-8a54-351e98dc3d0a:c5188]
2019-08-23 07:09:17,960 [grpc-default-executor-0] INFO  client.GrpcClientProtocolClient (GrpcClientProtocolClient.java:onNext(255)) - client-D91E5D1E15CE->f2ba01fc-a63e-4348-bd18-030b60a135e7: receive RaftClientReply:client-D91E5D1E15CE->f2ba01fc-a63e-4348-bd18-030b60a135e7@group-C8C62FEF0626, cid=3446, SUCCESS, logIndex=5191, commits[f2ba01fc-a63e-4348-bd18-030b60a135e7:c5191, eab135d4-a257-4705-b491-6c056b8c5df7:c5189, a4f67574-9018-43e7-8a54-351e98dc3d0a:c5189]
2019-08-23 07:09:17,961 | INFO  | DNAudit | user=null | ip=null | op=WRITE_CHUNK {blockData=conID: 2 locID: 102665037931479728 bcsId: 5188} | ret=SUCCESS |  
2019-08-23 07:09:17,961 | INFO  | DNAudit | user=null | ip=null | op=WRITE_CHUNK {blockData=conID: 2 locID: 102665037931479728 bcsId: 5188} | ret=SUCCESS |  
2019-08-23 07:09:17,962 | INFO  | DNAudit | user=null | ip=null | op=PUT_BLOCK {blockData=[blockId=conID: 2 locID: 102665037931479728 bcsId: 0,size=4194304]} | ret=SUCCESS |  
2019-08-23 07:09:17,962 | INFO  | DNAudit | user=null | ip=null | op=PUT_BLOCK {blockData=[blockId=conID: 2 locID: 102665037931479728 bcsId: 0,size=4194304]} | ret=SUCCESS |  
2019-08-23 07:09:17,962 [grpc-default-executor-0] INFO  client.GrpcClientProtocolClient (GrpcClientProtocolClient.java:onNext(255)) - client-D91E5D1E15CE->f2ba01fc-a63e-4348-bd18-030b60a135e7: receive RaftClientReply:client-D91E5D1E15CE->f2ba01fc-a63e-4348-bd18-030b60a135e7@group-C8C62FEF0626, cid=3447, SUCCESS, logIndex=0, commits[f2ba01fc-a63e-4348-bd18-030b60a135e7:c5192, eab135d4-a257-4705-b491-6c056b8c5df7:c5191, a4f67574-9018-43e7-8a54-351e98dc3d0a:c5191]
2019-08-23 07:09:17,970 | INFO  | SCMAudit | user=jenkins1000 | ip=192.168.5.178 | op=ALLOCATE_BLOCK {owner=aaf04d22-10dd-4717-8862-c651bdde72cf, size=4194304, type=RATIS, factor=THREE} | ret=SUCCESS |  
2019-08-23 07:09:17,975 | INFO  | OMAudit | user=jenkins1000 | ip=127.0.0.1 | op=ALLOCATE_BLOCK {volume=vol-0-67663, bucket=bucket-0-68950, key=key-0-26970, dataSize=0, replicationType=null, replicationFactor=null, keyLocationInfo=null, clientID=102665036030476690} | ret=SUCCESS |  
2019-08-23 07:09:17,984 | INFO  | DNAudit | user=null | ip=null | op=WRITE_CHUNK {blockData=conID: 3 locID: 102665037936722609 bcsId: 0} | ret=SUCCESS |  
2019-08-23 07:09:17,987 | INFO  | DNAudit | user=null | ip=null | op=WRITE_CHUNK {blockData=conID: 3 locID: 102665037936722609 bcsId: 0} | ret=SUCCESS |  
2019-08-23 07:09:17,988 | INFO  | DNAudit | user=null | ip=null | op=WRITE_CHUNK {blockData=conID: 3 locID: 102665037936722609 bcsId: 0} | ret=SUCCESS |  
2019-08-23 07:09:17,989 | INFO  | DNAudit | user=null | ip=null | op=WRITE_CHUNK {blockData=conID: 3 locID: 102665037936722609 bcsId: 0} | ret=SUCCESS |  
2019-08-23 07:09:17,990 | INFO  | DNAudit | user=null | ip=null | op=WRITE_CHUNK {blockData=conID: 3 locID: 102665037936722609 bcsId: 0} | ret=SUCCESS |  
2019-08-23 07:09:17,991 | INFO  | DNAudit | user=null | ip=null | op=WRITE_CHUNK {blockData=conID: 3 locID: 102665037936722609 bcsId: 0} | ret=SUCCESS |  
2019-08-23 07:09:18,004 | INFO  | DNAudit | user=null | ip=null | op=WRITE_CHUNK {blockData=conID: 3 locID: 102665037936722609 bcsId: 0} | ret=SUCCESS |  
2019-08-23 07:09:18,005 | INFO  | DNAudit | user=null | ip=null | op=PUT_BLOCK {blockData=[blockId=conID: 3 locID: 102665037936722609 bcsId: 0,size=1048576]} | ret=SUCCESS |  
2019-08-23 07:09:18,005 | INFO  | DNAudit | user=null | ip=null | op=WRITE_CHUNK {blockData=conID: 3 locID: 102665037936722609 bcsId: 0} | ret=SUCCESS |  
2019-08-23 07:09:18,005 [grpc-default-executor-3] INFO  client.GrpcClientProtocolClient (GrpcClientProtocolClient.java:onNext(255)) - client-D91E5D1E15CE->f2ba01fc-a63e-4348-bd18-030b60a135e7: receive RaftClientReply:client-D91E5D1E15CE->f2ba01fc-a63e-4348-bd18-030b60a135e7@group-C8C62FEF0626, cid=3448, SUCCESS, logIndex=5194, commits[f2ba01fc-a63e-4348-bd18-030b60a135e7:c5195, eab135d4-a257-4705-b491-6c056b8c5df7:c5193, a4f67574-9018-43e7-8a54-351e98dc3d0a:c5193]
2019-08-23 07:09:18,006 | INFO  | DNAudit | user=null | ip=null | op=PUT_BLOCK {blockData=[blockId=conID: 3 locID: 102665037936722609 bcsId: 0,size=2097152]} | ret=SUCCESS |  
2019-08-23 07:09:18,006 [grpc-default-executor-3] INFO  client.GrpcClientProtocolClient (GrpcClientProtocolClient.java:onNext(255)) - client-D91E5D1E15CE->f2ba01fc-a63e-4348-bd18-030b60a135e7: receive RaftClientReply:client-D91E5D1E15CE->f2ba01fc-a63e-4348-bd18-030b60a135e7@group-C8C62FEF0626, cid=3449, SUCCESS, logIndex=5195, commits[f2ba01fc-a63e-4348-bd18-030b60a135e7:c5197, eab135d4-a257-4705-b491-6c056b8c5df7:c5193, a4f67574-9018-43e7-8a54-351e98dc3d0a:c5193]
2019-08-23 07:09:18,006 [grpc-default-executor-3] INFO  client.GrpcClientProtocolClient (GrpcClientProtocolClient.java:onNext(255)) - client-D91E5D1E15CE->f2ba01fc-a63e-4348-bd18-030b60a135e7: receive RaftClientReply:client-D91E5D1E15CE->f2ba01fc-a63e-4348-bd18-030b60a135e7@group-C8C62FEF0626, cid=3450, SUCCESS, logIndex=5196, commits[f2ba01fc-a63e-4348-bd18-030b60a135e7:c5197, eab135d4-a257-4705-b491-6c056b8c5df7:c5193, a4f67574-9018-43e7-8a54-351e98dc3d0a:c5193]
2019-08-23 07:09:18,007 [grpc-default-executor-3] INFO  client.GrpcClientProtocolClient (GrpcClientProtocolClient.java:onNext(255)) - client-D91E5D1E15CE->f2ba01fc-a63e-4348-bd18-030b60a135e7: receive RaftClientReply:client-D91E5D1E15CE->f2ba01fc-a63e-4348-bd18-030b60a135e7@group-C8C62FEF0626, cid=3451, SUCCESS, logIndex=5197, commits[f2ba01fc-a63e-4348-bd18-030b60a135e7:c5197, eab135d4-a257-4705-b491-6c056b8c5df7:c5193, a4f67574-9018-43e7-8a54-351e98dc3d0a:c5193]
2019-08-23 07:09:18,008 | INFO  | DNAudit | user=null | ip=null | op=WRITE_CHUNK {blockData=conID: 3 locID: 102665037936722609 bcsId: 0} | ret=SUCCESS |  
2019-08-23 07:09:18,008 | INFO  | DNAudit | user=null | ip=null | op=PUT_BLOCK {blockData=[blockId=conID: 3 locID: 102665037936722609 bcsId: 0,size=1048576]} | ret=SUCCESS |  
2019-08-23 07:09:18,019 | INFO  | DNAudit | user=null | ip=null | op=WRITE_CHUNK {blockData=conID: 3 locID: 102665037936722609 bcsId: 0} | ret=SUCCESS |  
2019-08-23 07:09:18,019 | INFO  | DNAudit | user=null | ip=null | op=PUT_BLOCK {blockData=[blockId=conID: 3 locID: 102665037936722609 bcsId: 0,size=1048576]} | ret=SUCCESS |  
2019-08-23 07:09:18,019 | INFO  | DNAudit | user=null | ip=null | op=WRITE_CHUNK {blockData=conID: 3 locID: 102665037936722609 bcsId: 0} | ret=SUCCESS |  
2019-08-23 07:09:18,020 | INFO  | DNAudit | user=null | ip=null | op=PUT_BLOCK {blockData=[blockId=conID: 3 locID: 102665037936722609 bcsId: 0,size=2097152]} | ret=SUCCESS |  
2019-08-23 07:09:18,020 | INFO  | DNAudit | user=null | ip=null | op=WRITE_CHUNK {blockData=conID: 3 locID: 102665037936722609 bcsId: 0} | ret=SUCCESS |  
2019-08-23 07:09:18,020 | INFO  | DNAudit | user=null | ip=null | op=PUT_BLOCK {blockData=[blockId=conID: 3 locID: 102665037936722609 bcsId: 0,size=2097152]} | ret=SUCCESS |  
2019-08-23 07:09:18,020 [grpc-default-executor-0] INFO  client.GrpcClientProtocolClient (GrpcClientProtocolClient.java:onNext(255)) - client-D91E5D1E15CE->f2ba01fc-a63e-4348-bd18-030b60a135e7: receive RaftClientReply:client-D91E5D1E15CE->f2ba01fc-a63e-4348-bd18-030b60a135e7@group-C8C62FEF0626, cid=3452, SUCCESS, logIndex=0, commits[f2ba01fc-a63e-4348-bd18-030b60a135e7:c5198, eab135d4-a257-4705-b491-6c056b8c5df7:c5195, a4f67574-9018-43e7-8a54-351e98dc3d0a:c5195]
2019-08-23 07:09:18,028 | INFO  | DNAudit | user=null | ip=null | op=WRITE_CHUNK {blockData=conID: 3 locID: 102665037936722609 bcsId: 5197} | ret=SUCCESS |  
2019-08-23 07:09:18,031 | INFO  | DNAudit | user=null | ip=null | op=WRITE_CHUNK {blockData=conID: 3 locID: 102665037936722609 bcsId: 5197} | ret=SUCCESS |  
2019-08-23 07:09:18,032 | INFO  | DNAudit | user=null | ip=null | op=WRITE_CHUNK {blockData=conID: 3 locID: 102665037936722609 bcsId: 5197} | ret=SUCCESS |  
2019-08-23 07:09:18,036 | INFO  | DNAudit | user=null | ip=null | op=WRITE_CHUNK {blockData=conID: 3 locID: 102665037936722609 bcsId: 5197} | ret=SUCCESS |  
2019-08-23 07:09:18,037 | INFO  | DNAudit | user=null | ip=null | op=PUT_BLOCK {blockData=[blockId=conID: 3 locID: 102665037936722609 bcsId: 0,size=3145728]} | ret=SUCCESS |  
2019-08-23 07:09:18,037 [grpc-default-executor-3] INFO  client.GrpcClientProtocolClient (GrpcClientProtocolClient.java:onNext(255)) - client-D91E5D1E15CE->f2ba01fc-a63e-4348-bd18-030b60a135e7: receive RaftClientReply:client-D91E5D1E15CE->f2ba01fc-a63e-4348-bd18-030b60a135e7@group-C8C62FEF0626, cid=3453, SUCCESS, logIndex=5202, commits[f2ba01fc-a63e-4348-bd18-030b60a135e7:c5203, eab135d4-a257-4705-b491-6c056b8c5df7:c5201, a4f67574-9018-43e7-8a54-351e98dc3d0a:c5201]
2019-08-23 07:09:18,037 [grpc-default-executor-3] INFO  client.GrpcClientProtocolClient (GrpcClientProtocolClient.java:onNext(255)) - client-D91E5D1E15CE->f2ba01fc-a63e-4348-bd18-030b60a135e7: receive RaftClientReply:client-D91E5D1E15CE->f2ba01fc-a63e-4348-bd18-030b60a135e7@group-C8C62FEF0626, cid=3454, SUCCESS, logIndex=5203, commits[f2ba01fc-a63e-4348-bd18-030b60a135e7:c5203, eab135d4-a257-4705-b491-6c056b8c5df7:c5201, a4f67574-9018-43e7-8a54-351e98dc3d0a:c5201]
2019-08-23 07:09:18,045 | INFO  | DNAudit | user=null | ip=null | op=WRITE_CHUNK {blockData=conID: 3 locID: 102665037936722609 bcsId: 5203} | ret=SUCCESS |  
2019-08-23 07:09:18,048 | INFO  | DNAudit | user=null | ip=null | op=WRITE_CHUNK {blockData=conID: 3 locID: 102665037936722609 bcsId: 5197} | ret=SUCCESS |  
2019-08-23 07:09:18,048 | INFO  | DNAudit | user=null | ip=null | op=WRITE_CHUNK {blockData=conID: 3 locID: 102665037936722609 bcsId: 5197} | ret=SUCCESS |  
2019-08-23 07:09:18,049 | INFO  | DNAudit | user=null | ip=null | op=WRITE_CHUNK {blockData=conID: 3 locID: 102665037936722609 bcsId: 5203} | ret=SUCCESS |  
2019-08-23 07:09:18,049 | INFO  | DNAudit | user=null | ip=null | op=WRITE_CHUNK {blockData=conID: 3 locID: 102665037936722609 bcsId: 5203} | ret=SUCCESS |  
2019-08-23 07:09:18,061 | INFO  | DNAudit | user=null | ip=null | op=PUT_BLOCK {blockData=[blockId=conID: 3 locID: 102665037936722609 bcsId: 0,size=3145728]} | ret=SUCCESS |  
2019-08-23 07:09:18,061 | INFO  | DNAudit | user=null | ip=null | op=PUT_BLOCK {blockData=[blockId=conID: 3 locID: 102665037936722609 bcsId: 0,size=3145728]} | ret=SUCCESS |  
2019-08-23 07:09:18,061 | INFO  | DNAudit | user=null | ip=null | op=WRITE_CHUNK {blockData=conID: 3 locID: 102665037936722609 bcsId: 5203} | ret=SUCCESS |  
2019-08-23 07:09:18,062 | INFO  | DNAudit | user=null | ip=null | op=PUT_BLOCK {blockData=[blockId=conID: 3 locID: 102665037936722609 bcsId: 0,size=4194304]} | ret=SUCCESS |  
2019-08-23 07:09:18,062 [grpc-default-executor-6] INFO  client.GrpcClientProtocolClient (GrpcClientProtocolClient.java:onNext(255)) - client-D91E5D1E15CE->f2ba01fc-a63e-4348-bd18-030b60a135e7: receive RaftClientReply:client-D91E5D1E15CE->f2ba01fc-a63e-4348-bd18-030b60a135e7@group-C8C62FEF0626, cid=3455, SUCCESS, logIndex=5206, commits[f2ba01fc-a63e-4348-bd18-030b60a135e7:c5207, eab135d4-a257-4705-b491-6c056b8c5df7:c5203, a4f67574-9018-43e7-8a54-351e98dc3d0a:c5203]
2019-08-23 07:09:18,062 [grpc-default-executor-6] INFO  client.GrpcClientProtocolClient (GrpcClientProtocolClient.java:onNext(255)) - client-D91E5D1E15CE->f2ba01fc-a63e-4348-bd18-030b60a135e7: receive RaftClientReply:client-D91E5D1E15CE->f2ba01fc-a63e-4348-bd18-030b60a135e7@group-C8C62FEF0626, cid=3456, SUCCESS, logIndex=5207, commits[f2ba01fc-a63e-4348-bd18-030b60a135e7:c5207, eab135d4-a257-4705-b491-6c056b8c5df7:c5203, a4f67574-9018-43e7-8a54-351e98dc3d0a:c5203]
2019-08-23 07:09:18,073 | INFO  | DNAudit | user=null | ip=null | op=WRITE_CHUNK {blockData=conID: 3 locID: 102665037936722609 bcsId: 5203} | ret=SUCCESS |  
2019-08-23 07:09:18,073 | INFO  | DNAudit | user=null | ip=null | op=WRITE_CHUNK {blockData=conID: 3 locID: 102665037936722609 bcsId: 5203} | ret=SUCCESS |  
2019-08-23 07:09:18,073 | INFO  | DNAudit | user=null | ip=null | op=PUT_BLOCK {blockData=[blockId=conID: 3 locID: 102665037936722609 bcsId: 0,size=4194304]} | ret=SUCCESS |  
2019-08-23 07:09:18,073 | INFO  | DNAudit | user=null | ip=null | op=PUT_BLOCK {blockData=[blockId=conID: 3 locID: 102665037936722609 bcsId: 0,size=4194304]} | ret=SUCCESS |  
2019-08-23 07:09:18,073 [grpc-default-executor-6] INFO  client.GrpcClientProtocolClient (GrpcClientProtocolClient.java:onNext(255)) - client-D91E5D1E15CE->f2ba01fc-a63e-4348-bd18-030b60a135e7: receive RaftClientReply:client-D91E5D1E15CE->f2ba01fc-a63e-4348-bd18-030b60a135e7@group-C8C62FEF0626, cid=3457, SUCCESS, logIndex=0, commits[f2ba01fc-a63e-4348-bd18-030b60a135e7:c5208, eab135d4-a257-4705-b491-6c056b8c5df7:c5207, a4f67574-9018-43e7-8a54-351e98dc3d0a:c5207]
2019-08-23 07:09:18,224 | INFO  | SCMAudit | user=jenkins1000 | ip=192.168.5.178 | op=ALLOCATE_BLOCK {owner=aaf04d22-10dd-4717-8862-c651bdde72cf, size=4194304, type=RATIS, factor=THREE} | ret=SUCCESS |  
2019-08-23 07:09:18,231 | INFO  | OMAudit | user=jenkins1000 | ip=127.0.0.1 | op=ALLOCATE_BLOCK {volume=vol-0-67663, bucket=bucket-0-68950, key=key-0-26970, dataSize=0, replicationType=null, replicationFactor=null, keyLocationInfo=null, clientID=102665036030476690} | ret=SUCCESS |  
2019-08-23 07:09:18,240 | INFO  | DNAudit | user=null | ip=null | op=WRITE_CHUNK {blockData=conID: 1 locID: 102665037953368754 bcsId: 0} | ret=SUCCESS |  
2019-08-23 07:09:18,242 | INFO  | DNAudit | user=null | ip=null | op=WRITE_CHUNK {blockData=conID: 1 locID: 102665037953368754 bcsId: 0} | ret=SUCCESS |  
2019-08-23 07:09:18,243 | INFO  | DNAudit | user=null | ip=null | op=WRITE_CHUNK {blockData=conID: 1 locID: 102665037953368754 bcsId: 0} | ret=SUCCESS |  
2019-08-23 07:09:18,243 | INFO  | DNAudit | user=null | ip=null | op=WRITE_CHUNK {blockData=conID: 1 locID: 102665037953368754 bcsId: 0} | ret=SUCCESS |  
2019-08-23 07:09:18,245 | INFO  | DNAudit | user=null | ip=null | op=WRITE_CHUNK {blockData=conID: 1 locID: 102665037953368754 bcsId: 0} | ret=SUCCESS |  
2019-08-23 07:09:18,245 | INFO  | DNAudit | user=null | ip=null | op=WRITE_CHUNK {blockData=conID: 1 locID: 102665037953368754 bcsId: 0} | ret=SUCCESS |  
2019-08-23 07:09:18,253 | INFO  | DNAudit | user=null | ip=null | op=WRITE_CHUNK {blockData=conID: 1 locID: 102665037953368754 bcsId: 0} | ret=SUCCESS |  
2019-08-23 07:09:18,253 | INFO  | DNAudit | user=null | ip=null | op=PUT_BLOCK {blockData=[blockId=conID: 1 locID: 102665037953368754 bcsId: 0,size=1048576]} | ret=SUCCESS |  
2019-08-23 07:09:18,254 | INFO  | DNAudit | user=null | ip=null | op=WRITE_CHUNK {blockData=conID: 1 locID: 102665037953368754 bcsId: 0} | ret=SUCCESS |  
2019-08-23 07:09:18,254 [grpc-default-executor-6] INFO  client.GrpcClientProtocolClient (GrpcClientProtocolClient.java:onNext(255)) - client-D91E5D1E15CE->f2ba01fc-a63e-4348-bd18-030b60a135e7: receive RaftClientReply:client-D91E5D1E15CE->f2ba01fc-a63e-4348-bd18-030b60a135e7@group-C8C62FEF0626, cid=3458, SUCCESS, logIndex=5210, commits[f2ba01fc-a63e-4348-bd18-030b60a135e7:c5211, eab135d4-a257-4705-b491-6c056b8c5df7:c5209, a4f67574-9018-43e7-8a54-351e98dc3d0a:c5209]
2019-08-23 07:09:18,254 | INFO  | DNAudit | user=null | ip=null | op=PUT_BLOCK {blockData=[blockId=conID: 1 locID: 102665037953368754 bcsId: 0,size=2097152]} | ret=SUCCESS |  
2019-08-23 07:09:18,254 [grpc-default-executor-6] INFO  client.GrpcClientProtocolClient (GrpcClientProtocolClient.java:onNext(255)) - client-D91E5D1E15CE->f2ba01fc-a63e-4348-bd18-030b60a135e7: receive RaftClientReply:client-D91E5D1E15CE->f2ba01fc-a63e-4348-bd18-030b60a135e7@group-C8C62FEF0626, cid=3459, SUCCESS, logIndex=5211, commits[f2ba01fc-a63e-4348-bd18-030b60a135e7:c5213, eab135d4-a257-4705-b491-6c056b8c5df7:c5209, a4f67574-9018-43e7-8a54-351e98dc3d0a:c5209]
2019-08-23 07:09:18,255 [grpc-default-executor-6] INFO  client.GrpcClientProtocolClient (GrpcClientProtocolClient.java:onNext(255)) - client-D91E5D1E15CE->f2ba01fc-a63e-4348-bd18-030b60a135e7: receive RaftClientReply:client-D91E5D1E15CE->f2ba01fc-a63e-4348-bd18-030b60a135e7@group-C8C62FEF0626, cid=3460, SUCCESS, logIndex=5212, commits[f2ba01fc-a63e-4348-bd18-030b60a135e7:c5213, eab135d4-a257-4705-b491-6c056b8c5df7:c5209, a4f67574-9018-43e7-8a54-351e98dc3d0a:c5209]
2019-08-23 07:09:18,255 | INFO  | DNAudit | user=null | ip=null | op=WRITE_CHUNK {blockData=conID: 1 locID: 102665037953368754 bcsId: 0} | ret=SUCCESS |  
2019-08-23 07:09:18,255 [grpc-default-executor-6] INFO  client.GrpcClientProtocolClient (GrpcClientProtocolClient.java:onNext(255)) - client-D91E5D1E15CE->f2ba01fc-a63e-4348-bd18-030b60a135e7: receive RaftClientReply:client-D91E5D1E15CE->f2ba01fc-a63e-4348-bd18-030b60a135e7@group-C8C62FEF0626, cid=3461, SUCCESS, logIndex=5213, commits[f2ba01fc-a63e-4348-bd18-030b60a135e7:c5213, eab135d4-a257-4705-b491-6c056b8c5df7:c5209, a4f67574-9018-43e7-8a54-351e98dc3d0a:c5209]
2019-08-23 07:09:18,257 | INFO  | DNAudit | user=null | ip=null | op=WRITE_CHUNK {blockData=conID: 1 locID: 102665037953368754 bcsId: 0} | ret=SUCCESS |  
2019-08-23 07:09:18,258 | INFO  | DNAudit | user=null | ip=null | op=PUT_BLOCK {blockData=[blockId=conID: 1 locID: 102665037953368754 bcsId: 0,size=1048576]} | ret=SUCCESS |  
2019-08-23 07:09:18,268 | INFO  | DNAudit | user=null | ip=null | op=PUT_BLOCK {blockData=[blockId=conID: 1 locID: 102665037953368754 bcsId: 0,size=1048576]} | ret=SUCCESS |  
2019-08-23 07:09:18,269 | INFO  | DNAudit | user=null | ip=null | op=WRITE_CHUNK {blockData=conID: 1 locID: 102665037953368754 bcsId: 0} | ret=SUCCESS |  
2019-08-23 07:09:18,269 | INFO  | DNAudit | user=null | ip=null | op=PUT_BLOCK {blockData=[blockId=conID: 1 locID: 102665037953368754 bcsId: 0,size=2097152]} | ret=SUCCESS |  
2019-08-23 07:09:18,269 | INFO  | DNAudit | user=null | ip=null | op=WRITE_CHUNK {blockData=conID: 1 locID: 102665037953368754 bcsId: 0} | ret=SUCCESS |  
2019-08-23 07:09:18,269 | INFO  | DNAudit | user=null | ip=null | op=PUT_BLOCK {blockData=[blockId=conID: 1 locID: 102665037953368754 bcsId: 0,size=2097152]} | ret=SUCCESS |  
2019-08-23 07:09:18,269 [grpc-default-executor-3] INFO  client.GrpcClientProtocolClient (GrpcClientProtocolClient.java:onNext(255)) - client-D91E5D1E15CE->f2ba01fc-a63e-4348-bd18-030b60a135e7: receive RaftClientReply:client-D91E5D1E15CE->f2ba01fc-a63e-4348-bd18-030b60a135e7@group-C8C62FEF0626, cid=3462, SUCCESS, logIndex=0, commits[f2ba01fc-a63e-4348-bd18-030b60a135e7:c5215, eab135d4-a257-4705-b491-6c056b8c5df7:c5211, a4f67574-9018-43e7-8a54-351e98dc3d0a:c5211]
 0.00% |█                                                                                                    |  0/1 Time: 0:00:292019-08-23 07:09:18,272 | INFO  | SCMAudit | user=jenkins1000 | ip=192.168.5.178 | op=SEND_HEARTBEAT {datanodeUUID=5c311bc2-cc7c-45de-998f-f79499d85d4e, command=[]} | ret=SUCCESS |  
2019-08-23 07:09:18,273 | INFO  | SCMAudit | user=jenkins1000 | ip=192.168.5.178 | op=SEND_HEARTBEAT {datanodeUUID=b7d3ecaa-ab76-49a0-b691-40b7e1ed625a, command=[]} | ret=SUCCESS |  
2019-08-23 07:09:18,277 | INFO  | DNAudit | user=null | ip=null | op=WRITE_CHUNK {blockData=conID: 1 locID: 102665037953368754 bcsId: 5213} | ret=SUCCESS |  
2019-08-23 07:09:18,280 | INFO  | DNAudit | user=null | ip=null | op=WRITE_CHUNK {blockData=conID: 1 locID: 102665037953368754 bcsId: 5213} | ret=SUCCESS |  
2019-08-23 07:09:18,280 | INFO  | DNAudit | user=null | ip=null | op=WRITE_CHUNK {blockData=conID: 1 locID: 102665037953368754 bcsId: 5213} | ret=SUCCESS |  
2019-08-23 07:09:18,287 | INFO  | DNAudit | user=null | ip=null | op=WRITE_CHUNK {blockData=conID: 1 locID: 102665037953368754 bcsId: 5213} | ret=SUCCESS |  
2019-08-23 07:09:18,287 | INFO  | DNAudit | user=null | ip=null | op=PUT_BLOCK {blockData=[blockId=conID: 1 locID: 102665037953368754 bcsId: 0,size=3145728]} | ret=SUCCESS |  
2019-08-23 07:09:18,287 [grpc-default-executor-3] INFO  client.GrpcClientProtocolClient (GrpcClientProtocolClient.java:onNext(255)) - client-D91E5D1E15CE->f2ba01fc-a63e-4348-bd18-030b60a135e7: receive RaftClientReply:client-D91E5D1E15CE->f2ba01fc-a63e-4348-bd18-030b60a135e7@group-C8C62FEF0626, cid=3463, SUCCESS, logIndex=5217, commits[f2ba01fc-a63e-4348-bd18-030b60a135e7:c5218, eab135d4-a257-4705-b491-6c056b8c5df7:c5216, a4f67574-9018-43e7-8a54-351e98dc3d0a:c5216]
2019-08-23 07:09:18,288 [grpc-default-executor-3] INFO  client.GrpcClientProtocolClient (GrpcClientProtocolClient.java:onNext(255)) - client-D91E5D1E15CE->f2ba01fc-a63e-4348-bd18-030b60a135e7: receive RaftClientReply:client-D91E5D1E15CE->f2ba01fc-a63e-4348-bd18-030b60a135e7@group-C8C62FEF0626, cid=3464, SUCCESS, logIndex=5218, commits[f2ba01fc-a63e-4348-bd18-030b60a135e7:c5218, eab135d4-a257-4705-b491-6c056b8c5df7:c5216, a4f67574-9018-43e7-8a54-351e98dc3d0a:c5216]
2019-08-23 07:09:18,295 | INFO  | DNAudit | user=null | ip=null | op=WRITE_CHUNK {blockData=conID: 1 locID: 102665037953368754 bcsId: 5218} | ret=SUCCESS |  
2019-08-23 07:09:18,296 | INFO  | DNAudit | user=null | ip=null | op=WRITE_CHUNK {blockData=conID: 1 locID: 102665037953368754 bcsId: 5213} | ret=SUCCESS |  
2019-08-23 07:09:18,297 | INFO  | DNAudit | user=null | ip=null | op=WRITE_CHUNK {blockData=conID: 1 locID: 102665037953368754 bcsId: 5213} | ret=SUCCESS |  
2019-08-23 07:09:18,298 | INFO  | DNAudit | user=null | ip=null | op=PUT_BLOCK {blockData=[blockId=conID: 1 locID: 102665037953368754 bcsId: 0,size=3145728]} | ret=SUCCESS |  
2019-08-23 07:09:18,298 | INFO  | DNAudit | user=null | ip=null | op=WRITE_CHUNK {blockData=conID: 1 locID: 102665037953368754 bcsId: 5218} | ret=SUCCESS |  
2019-08-23 07:09:18,299 | INFO  | DNAudit | user=null | ip=null | op=WRITE_CHUNK {blockData=conID: 1 locID: 102665037953368754 bcsId: 5218} | ret=SUCCESS |  
2019-08-23 07:09:18,299 | INFO  | DNAudit | user=null | ip=null | op=PUT_BLOCK {blockData=[blockId=conID: 1 locID: 102665037953368754 bcsId: 0,size=3145728]} | ret=SUCCESS |  
2019-08-23 07:09:18,300 | INFO  | DNAudit | user=null | ip=null | op=WRITE_CHUNK {blockData=conID: 1 locID: 102665037953368754 bcsId: 5218} | ret=SUCCESS |  
2019-08-23 07:09:18,300 | INFO  | DNAudit | user=null | ip=null | op=PUT_BLOCK {blockData=[blockId=conID: 1 locID: 102665037953368754 bcsId: 0,size=4194304]} | ret=SUCCESS |  
2019-08-23 07:09:18,300 [grpc-default-executor-3] INFO  client.GrpcClientProtocolClient (GrpcClientProtocolClient.java:onNext(255)) - client-D91E5D1E15CE->f2ba01fc-a63e-4348-bd18-030b60a135e7: receive RaftClientReply:client-D91E5D1E15CE->f2ba01fc-a63e-4348-bd18-030b60a135e7@group-C8C62FEF0626, cid=3465, SUCCESS, logIndex=5221, commits[f2ba01fc-a63e-4348-bd18-030b60a135e7:c5222, eab135d4-a257-4705-b491-6c056b8c5df7:c5218, a4f67574-9018-43e7-8a54-351e98dc3d0a:c5218]
2019-08-23 07:09:18,301 [grpc-default-executor-3] INFO  client.GrpcClientProtocolClient (GrpcClientProtocolClient.java:onNext(255)) - client-D91E5D1E15CE->f2ba01fc-a63e-4348-bd18-030b60a135e7: receive RaftClientReply:client-D91E5D1E15CE->f2ba01fc-a63e-4348-bd18-030b60a135e7@group-C8C62FEF0626, cid=3466, SUCCESS, logIndex=5222, commits[f2ba01fc-a63e-4348-bd18-030b60a135e7:c5222, eab135d4-a257-4705-b491-6c056b8c5df7:c5218, a4f67574-9018-43e7-8a54-351e98dc3d0a:c5218]
2019-08-23 07:09:18,301 | INFO  | DNAudit | user=null | ip=null | op=WRITE_CHUNK {blockData=conID: 1 locID: 102665037953368754 bcsId: 5218} | ret=SUCCESS |  
2019-08-23 07:09:18,302 | INFO  | DNAudit | user=null | ip=null | op=WRITE_CHUNK {blockData=conID: 1 locID: 102665037953368754 bcsId: 5218} | ret=SUCCESS |  
2019-08-23 07:09:18,302 | INFO  | DNAudit | user=null | ip=null | op=PUT_BLOCK {blockData=[blockId=conID: 1 locID: 102665037953368754 bcsId: 0,size=4194304]} | ret=SUCCESS |  
2019-08-23 07:09:18,302 | INFO  | DNAudit | user=null | ip=null | op=PUT_BLOCK {blockData=[blockId=conID: 1 locID: 102665037953368754 bcsId: 0,size=4194304]} | ret=SUCCESS |  
2019-08-23 07:09:18,302 [grpc-default-executor-3] INFO  client.GrpcClientProtocolClient (GrpcClientProtocolClient.java:onNext(255)) - client-D91E5D1E15CE->f2ba01fc-a63e-4348-bd18-030b60a135e7: receive RaftClientReply:client-D91E5D1E15CE->f2ba01fc-a63e-4348-bd18-030b60a135e7@group-C8C62FEF0626, cid=3467, SUCCESS, logIndex=0, commits[f2ba01fc-a63e-4348-bd18-030b60a135e7:c5223, eab135d4-a257-4705-b491-6c056b8c5df7:c5222, a4f67574-9018-43e7-8a54-351e98dc3d0a:c5222]
2019-08-23 07:09:18,312 | INFO  | SCMAudit | user=jenkins1000 | ip=192.168.5.178 | op=ALLOCATE_BLOCK {owner=aaf04d22-10dd-4717-8862-c651bdde72cf, size=4194304, type=RATIS, factor=THREE} | ret=SUCCESS |  
2019-08-23 07:09:18,319 | INFO  | OMAudit | user=jenkins1000 | ip=127.0.0.1 | op=ALLOCATE_BLOCK {volume=vol-0-67663, bucket=bucket-0-68950, key=key-0-26970, dataSize=0, replicationType=null, replicationFactor=null, keyLocationInfo=null, clientID=102665036030476690} | ret=SUCCESS |  
2019-08-23 07:09:18,328 | INFO  | DNAudit | user=null | ip=null | op=WRITE_CHUNK {blockData=conID: 2 locID: 102665037959135923 bcsId: 0} | ret=SUCCESS |  
2019-08-23 07:09:18,332 | INFO  | DNAudit | user=null | ip=null | op=WRITE_CHUNK {blockData=conID: 2 locID: 102665037959135923 bcsId: 0} | ret=SUCCESS |  
2019-08-23 07:09:18,332 | INFO  | DNAudit | user=null | ip=null | op=WRITE_CHUNK {blockData=conID: 2 locID: 102665037959135923 bcsId: 0} | ret=SUCCESS |  
2019-08-23 07:09:18,332 | INFO  | DNAudit | user=null | ip=null | op=WRITE_CHUNK {blockData=conID: 2 locID: 102665037959135923 bcsId: 0} | ret=SUCCESS |  
2019-08-23 07:09:18,334 | INFO  | DNAudit | user=null | ip=null | op=WRITE_CHUNK {blockData=conID: 2 locID: 102665037959135923 bcsId: 0} | ret=SUCCESS |  
2019-08-23 07:09:18,334 | INFO  | DNAudit | user=null | ip=null | op=WRITE_CHUNK {blockData=conID: 2 locID: 102665037959135923 bcsId: 0} | ret=SUCCESS |  
2019-08-23 07:09:18,341 | INFO  | DNAudit | user=null | ip=null | op=WRITE_CHUNK {blockData=conID: 2 locID: 102665037959135923 bcsId: 0} | ret=SUCCESS |  
2019-08-23 07:09:18,341 | INFO  | DNAudit | user=null | ip=null | op=PUT_BLOCK {blockData=[blockId=conID: 2 locID: 102665037959135923 bcsId: 0,size=1048576]} | ret=SUCCESS |  
2019-08-23 07:09:18,342 [grpc-default-executor-4] INFO  client.GrpcClientProtocolClient (GrpcClientProtocolClient.java:onNext(255)) - client-D91E5D1E15CE->f2ba01fc-a63e-4348-bd18-030b60a135e7: receive RaftClientReply:client-D91E5D1E15CE->f2ba01fc-a63e-4348-bd18-030b60a135e7@group-C8C62FEF0626, cid=3468, SUCCESS, logIndex=5225, commits[f2ba01fc-a63e-4348-bd18-030b60a135e7:c5228, eab135d4-a257-4705-b491-6c056b8c5df7:c5224, a4f67574-9018-43e7-8a54-351e98dc3d0a:c5224]
2019-08-23 07:09:18,342 | INFO  | DNAudit | user=null | ip=null | op=WRITE_CHUNK {blockData=conID: 2 locID: 102665037959135923 bcsId: 0} | ret=SUCCESS |  
2019-08-23 07:09:18,342 [grpc-default-executor-4] INFO  client.GrpcClientProtocolClient (GrpcClientProtocolClient.java:onNext(255)) - client-D91E5D1E15CE->f2ba01fc-a63e-4348-bd18-030b60a135e7: receive RaftClientReply:client-D91E5D1E15CE->f2ba01fc-a63e-4348-bd18-030b60a135e7@group-C8C62FEF0626, cid=3469, SUCCESS, logIndex=5226, commits[f2ba01fc-a63e-4348-bd18-030b60a135e7:c5228, eab135d4-a257-4705-b491-6c056b8c5df7:c5224, a4f67574-9018-43e7-8a54-351e98dc3d0a:c5224]
2019-08-23 07:09:18,343 | INFO  | DNAudit | user=null | ip=null | op=PUT_BLOCK {blockData=[blockId=conID: 2 locID: 102665037959135923 bcsId: 0,size=2097152]} | ret=SUCCESS |  
2019-08-23 07:09:18,343 [grpc-default-executor-4] INFO  client.GrpcClientProtocolClient (GrpcClientProtocolClient.java:onNext(255)) - client-D91E5D1E15CE->f2ba01fc-a63e-4348-bd18-030b60a135e7: receive RaftClientReply:client-D91E5D1E15CE->f2ba01fc-a63e-4348-bd18-030b60a135e7@group-C8C62FEF0626, cid=3470, SUCCESS, logIndex=5227, commits[f2ba01fc-a63e-4348-bd18-030b60a135e7:c5228, eab135d4-a257-4705-b491-6c056b8c5df7:c5224, a4f67574-9018-43e7-8a54-351e98dc3d0a:c5224]
2019-08-23 07:09:18,343 | INFO  | DNAudit | user=null | ip=null | op=WRITE_CHUNK {blockData=conID: 2 locID: 102665037959135923 bcsId: 0} | ret=SUCCESS |  
2019-08-23 07:09:18,343 [grpc-default-executor-4] INFO  client.GrpcClientProtocolClient (GrpcClientProtocolClient.java:onNext(255)) - client-D91E5D1E15CE->f2ba01fc-a63e-4348-bd18-030b60a135e7: receive RaftClientReply:client-D91E5D1E15CE->f2ba01fc-a63e-4348-bd18-030b60a135e7@group-C8C62FEF0626, cid=3471, SUCCESS, logIndex=5228, commits[f2ba01fc-a63e-4348-bd18-030b60a135e7:c5228, eab135d4-a257-4705-b491-6c056b8c5df7:c5224, a4f67574-9018-43e7-8a54-351e98dc3d0a:c5224]
2019-08-23 07:09:18,344 | INFO  | DNAudit | user=null | ip=null | op=WRITE_CHUNK {blockData=conID: 2 locID: 102665037959135923 bcsId: 0} | ret=SUCCESS |  
2019-08-23 07:09:18,344 | INFO  | DNAudit | user=null | ip=null | op=PUT_BLOCK {blockData=[blockId=conID: 2 locID: 102665037959135923 bcsId: 0,size=1048576]} | ret=SUCCESS |  
2019-08-23 07:09:18,345 | INFO  | DNAudit | user=null | ip=null | op=WRITE_CHUNK {blockData=conID: 2 locID: 102665037959135923 bcsId: 0} | ret=SUCCESS |  
2019-08-23 07:09:18,345 | INFO  | DNAudit | user=null | ip=null | op=PUT_BLOCK {blockData=[blockId=conID: 2 locID: 102665037959135923 bcsId: 0,size=1048576]} | ret=SUCCESS |  
2019-08-23 07:09:18,345 | INFO  | DNAudit | user=null | ip=null | op=PUT_BLOCK {blockData=[blockId=conID: 2 locID: 102665037959135923 bcsId: 0,size=2097152]} | ret=SUCCESS |  
2019-08-23 07:09:18,345 | INFO  | DNAudit | user=null | ip=null | op=WRITE_CHUNK {blockData=conID: 2 locID: 102665037959135923 bcsId: 0} | ret=SUCCESS |  
2019-08-23 07:09:18,345 | INFO  | DNAudit | user=null | ip=null | op=PUT_BLOCK {blockData=[blockId=conID: 2 locID: 102665037959135923 bcsId: 0,size=2097152]} | ret=SUCCESS |  
2019-08-23 07:09:18,345 [grpc-default-executor-4] INFO  client.GrpcClientProtocolClient (GrpcClientProtocolClient.java:onNext(255)) - client-D91E5D1E15CE->f2ba01fc-a63e-4348-bd18-030b60a135e7: receive RaftClientReply:client-D91E5D1E15CE->f2ba01fc-a63e-4348-bd18-030b60a135e7@group-C8C62FEF0626, cid=3472, SUCCESS, logIndex=0, commits[f2ba01fc-a63e-4348-bd18-030b60a135e7:c5232, eab135d4-a257-4705-b491-6c056b8c5df7:c5228, a4f67574-9018-43e7-8a54-351e98dc3d0a:c5226]
2019-08-23 07:09:18,353 | INFO  | DNAudit | user=null | ip=null | op=WRITE_CHUNK {blockData=conID: 2 locID: 102665037959135923 bcsId: 5228} | ret=SUCCESS |  
2019-08-23 07:09:18,356 | INFO  | DNAudit | user=null | ip=null | op=WRITE_CHUNK {blockData=conID: 2 locID: 102665037959135923 bcsId: 5228} | ret=SUCCESS |  
2019-08-23 07:09:18,356 | INFO  | DNAudit | user=null | ip=null | op=WRITE_CHUNK {blockData=conID: 2 locID: 102665037959135923 bcsId: 5228} | ret=SUCCESS |  
2019-08-23 07:09:18,370 | INFO  | DNAudit | user=null | ip=null | op=WRITE_CHUNK {blockData=conID: 2 locID: 102665037959135923 bcsId: 5228} | ret=SUCCESS |  
2019-08-23 07:09:18,370 | INFO  | DNAudit | user=null | ip=null | op=PUT_BLOCK {blockData=[blockId=conID: 2 locID: 102665037959135923 bcsId: 0,size=3145728]} | ret=SUCCESS |  
2019-08-23 07:09:18,371 [grpc-default-executor-3] INFO  client.GrpcClientProtocolClient (GrpcClientProtocolClient.java:onNext(255)) - client-D91E5D1E15CE->f2ba01fc-a63e-4348-bd18-030b60a135e7: receive RaftClientReply:client-D91E5D1E15CE->f2ba01fc-a63e-4348-bd18-030b60a135e7@group-C8C62FEF0626, cid=3473, SUCCESS, logIndex=5233, commits[f2ba01fc-a63e-4348-bd18-030b60a135e7:c5234, eab135d4-a257-4705-b491-6c056b8c5df7:c5232, a4f67574-9018-43e7-8a54-351e98dc3d0a:c5232]
2019-08-23 07:09:18,371 [grpc-default-executor-3] INFO  client.GrpcClientProtocolClient (GrpcClientProtocolClient.java:onNext(255)) - client-D91E5D1E15CE->f2ba01fc-a63e-4348-bd18-030b60a135e7: receive RaftClientReply:client-D91E5D1E15CE->f2ba01fc-a63e-4348-bd18-030b60a135e7@group-C8C62FEF0626, cid=3474, SUCCESS, logIndex=5234, commits[f2ba01fc-a63e-4348-bd18-030b60a135e7:c5234, eab135d4-a257-4705-b491-6c056b8c5df7:c5232, a4f67574-9018-43e7-8a54-351e98dc3d0a:c5232]
2019-08-23 07:09:18,380 | INFO  | DNAudit | user=null | ip=null | op=WRITE_CHUNK {blockData=conID: 2 locID: 102665037959135923 bcsId: 5234} | ret=SUCCESS |  
2019-08-23 07:09:18,381 | INFO  | DNAudit | user=null | ip=null | op=WRITE_CHUNK {blockData=conID: 2 locID: 102665037959135923 bcsId: 5228} | ret=SUCCESS |  
2019-08-23 07:09:18,381 | INFO  | DNAudit | user=null | ip=null | op=WRITE_CHUNK {blockData=conID: 2 locID: 102665037959135923 bcsId: 5228} | ret=SUCCESS |  
2019-08-23 07:09:18,383 | INFO  | DNAudit | user=null | ip=null | op=WRITE_CHUNK {blockData=conID: 2 locID: 102665037959135923 bcsId: 5234} | ret=SUCCESS |  
2019-08-23 07:09:18,383 | INFO  | DNAudit | user=null | ip=null | op=WRITE_CHUNK {blockData=conID: 2 locID: 102665037959135923 bcsId: 5234} | ret=SUCCESS |  
2019-08-23 07:09:18,395 | INFO  | DNAudit | user=null | ip=null | op=PUT_BLOCK {blockData=[blockId=conID: 2 locID: 102665037959135923 bcsId: 0,size=3145728]} | ret=SUCCESS |  
2019-08-23 07:09:18,395 | INFO  | DNAudit | user=null | ip=null | op=PUT_BLOCK {blockData=[blockId=conID: 2 locID: 102665037959135923 bcsId: 0,size=3145728]} | ret=SUCCESS |  
2019-08-23 07:09:18,395 | INFO  | DNAudit | user=null | ip=null | op=WRITE_CHUNK {blockData=conID: 2 locID: 102665037959135923 bcsId: 5234} | ret=SUCCESS |  
2019-08-23 07:09:18,396 | INFO  | DNAudit | user=null | ip=null | op=PUT_BLOCK {blockData=[blockId=conID: 2 locID: 102665037959135923 bcsId: 0,size=4194304]} | ret=SUCCESS |  
2019-08-23 07:09:18,396 [grpc-default-executor-4] INFO  client.GrpcClientProtocolClient (GrpcClientProtocolClient.java:onNext(255)) - client-D91E5D1E15CE->f2ba01fc-a63e-4348-bd18-030b60a135e7: receive RaftClientReply:client-D91E5D1E15CE->f2ba01fc-a63e-4348-bd18-030b60a135e7@group-C8C62FEF0626, cid=3475, SUCCESS, logIndex=5237, commits[f2ba01fc-a63e-4348-bd18-030b60a135e7:c5238, eab135d4-a257-4705-b491-6c056b8c5df7:c5234, a4f67574-9018-43e7-8a54-351e98dc3d0a:c5234]
2019-08-23 07:09:18,396 [grpc-default-executor-4] INFO  client.GrpcClientProtocolClient (GrpcClientProtocolClient.java:onNext(255)) - client-D91E5D1E15CE->f2ba01fc-a63e-4348-bd18-030b60a135e7: receive RaftClientReply:client-D91E5D1E15CE->f2ba01fc-a63e-4348-bd18-030b60a135e7@group-C8C62FEF0626, cid=3476, SUCCESS, logIndex=5238, commits[f2ba01fc-a63e-4348-bd18-030b60a135e7:c5238, eab135d4-a257-4705-b491-6c056b8c5df7:c5234, a4f67574-9018-43e7-8a54-351e98dc3d0a:c5234]
2019-08-23 07:09:18,407 | INFO  | DNAudit | user=null | ip=null | op=WRITE_CHUNK {blockData=conID: 2 locID: 102665037959135923 bcsId: 5234} | ret=SUCCESS |  
2019-08-23 07:09:18,407 | INFO  | DNAudit | user=null | ip=null | op=WRITE_CHUNK {blockData=conID: 2 locID: 102665037959135923 bcsId: 5234} | ret=SUCCESS |  
2019-08-23 07:09:18,408 | INFO  | DNAudit | user=null | ip=null | op=PUT_BLOCK {blockData=[blockId=conID: 2 locID: 102665037959135923 bcsId: 0,size=4194304]} | ret=SUCCESS |  
2019-08-23 07:09:18,410 | INFO  | DNAudit | user=null | ip=null | op=PUT_BLOCK {blockData=[blockId=conID: 2 locID: 102665037959135923 bcsId: 0,size=4194304]} | ret=SUCCESS |  
2019-08-23 07:09:18,410 [grpc-default-executor-4] INFO  client.GrpcClientProtocolClient (GrpcClientProtocolClient.java:onNext(255)) - client-D91E5D1E15CE->f2ba01fc-a63e-4348-bd18-030b60a135e7: receive RaftClientReply:client-D91E5D1E15CE->f2ba01fc-a63e-4348-bd18-030b60a135e7@group-C8C62FEF0626, cid=3477, SUCCESS, logIndex=0, commits[f2ba01fc-a63e-4348-bd18-030b60a135e7:c5239, eab135d4-a257-4705-b491-6c056b8c5df7:c5238, a4f67574-9018-43e7-8a54-351e98dc3d0a:c5238]
2019-08-23 07:09:18,419 | INFO  | SCMAudit | user=jenkins1000 | ip=192.168.5.178 | op=ALLOCATE_BLOCK {owner=aaf04d22-10dd-4717-8862-c651bdde72cf, size=4194304, type=RATIS, factor=THREE} | ret=SUCCESS |  
2019-08-23 07:09:18,425 | INFO  | OMAudit | user=jenkins1000 | ip=127.0.0.1 | op=ALLOCATE_BLOCK {volume=vol-0-67663, bucket=bucket-0-68950, key=key-0-26970, dataSize=0, replicationType=null, replicationFactor=null, keyLocationInfo=null, clientID=102665036030476690} | ret=SUCCESS |  
2019-08-23 07:09:18,434 | INFO  | DNAudit | user=null | ip=null | op=WRITE_CHUNK {blockData=conID: 3 locID: 102665037966148276 bcsId: 0} | ret=SUCCESS |  
2019-08-23 07:09:18,438 | INFO  | DNAudit | user=null | ip=null | op=WRITE_CHUNK {blockData=conID: 3 locID: 102665037966148276 bcsId: 0} | ret=SUCCESS |  
2019-08-23 07:09:18,438 | INFO  | DNAudit | user=null | ip=null | op=WRITE_CHUNK {blockData=conID: 3 locID: 102665037966148276 bcsId: 0} | ret=SUCCESS |  
2019-08-23 07:09:18,438 | INFO  | DNAudit | user=null | ip=null | op=WRITE_CHUNK {blockData=conID: 3 locID: 102665037966148276 bcsId: 0} | ret=SUCCESS |  
2019-08-23 07:09:18,440 | INFO  | DNAudit | user=null | ip=null | op=WRITE_CHUNK {blockData=conID: 3 locID: 102665037966148276 bcsId: 0} | ret=SUCCESS |  
2019-08-23 07:09:18,441 | INFO  | DNAudit | user=null | ip=null | op=WRITE_CHUNK {blockData=conID: 3 locID: 102665037966148276 bcsId: 0} | ret=SUCCESS |  
2019-08-23 07:09:18,446 | INFO  | DNAudit | user=null | ip=null | op=WRITE_CHUNK {blockData=conID: 3 locID: 102665037966148276 bcsId: 0} | ret=SUCCESS |  
2019-08-23 07:09:18,447 | INFO  | DNAudit | user=null | ip=null | op=PUT_BLOCK {blockData=[blockId=conID: 3 locID: 102665037966148276 bcsId: 0,size=1048576]} | ret=SUCCESS |  
2019-08-23 07:09:18,447 [grpc-default-executor-3] INFO  client.GrpcClientProtocolClient (GrpcClientProtocolClient.java:onNext(255)) - client-D91E5D1E15CE->f2ba01fc-a63e-4348-bd18-030b60a135e7: receive RaftClientReply:client-D91E5D1E15CE->f2ba01fc-a63e-4348-bd18-030b60a135e7@group-C8C62FEF0626, cid=3478, SUCCESS, logIndex=5241, commits[f2ba01fc-a63e-4348-bd18-030b60a135e7:c5242, eab135d4-a257-4705-b491-6c056b8c5df7:c5240, a4f67574-9018-43e7-8a54-351e98dc3d0a:c5240]
2019-08-23 07:09:18,448 | INFO  | DNAudit | user=null | ip=null | op=WRITE_CHUNK {blockData=conID: 3 locID: 102665037966148276 bcsId: 0} | ret=SUCCESS |  
2019-08-23 07:09:18,448 [grpc-default-executor-3] INFO  client.GrpcClientProtocolClient (GrpcClientProtocolClient.java:onNext(255)) - client-D91E5D1E15CE->f2ba01fc-a63e-4348-bd18-030b60a135e7: receive RaftClientReply:client-D91E5D1E15CE->f2ba01fc-a63e-4348-bd18-030b60a135e7@group-C8C62FEF0626, cid=3479, SUCCESS, logIndex=5242, commits[f2ba01fc-a63e-4348-bd18-030b60a135e7:c5242, eab135d4-a257-4705-b491-6c056b8c5df7:c5240, a4f67574-9018-43e7-8a54-351e98dc3d0a:c5240]
2019-08-23 07:09:18,448 | INFO  | DNAudit | user=null | ip=null | op=PUT_BLOCK {blockData=[blockId=conID: 3 locID: 102665037966148276 bcsId: 0,size=2097152]} | ret=SUCCESS |  
2019-08-23 07:09:18,448 [grpc-default-executor-3] INFO  client.GrpcClientProtocolClient (GrpcClientProtocolClient.java:onNext(255)) - client-D91E5D1E15CE->f2ba01fc-a63e-4348-bd18-030b60a135e7: receive RaftClientReply:client-D91E5D1E15CE->f2ba01fc-a63e-4348-bd18-030b60a135e7@group-C8C62FEF0626, cid=3480, SUCCESS, logIndex=5243, commits[f2ba01fc-a63e-4348-bd18-030b60a135e7:c5244, eab135d4-a257-4705-b491-6c056b8c5df7:c5240, a4f67574-9018-43e7-8a54-351e98dc3d0a:c5240]
2019-08-23 07:09:18,448 [grpc-default-executor-3] INFO  client.GrpcClientProtocolClient (GrpcClientProtocolClient.java:onNext(255)) - client-D91E5D1E15CE->f2ba01fc-a63e-4348-bd18-030b60a135e7: receive RaftClientReply:client-D91E5D1E15CE->f2ba01fc-a63e-4348-bd18-030b60a135e7@group-C8C62FEF0626, cid=3481, SUCCESS, logIndex=5244, commits[f2ba01fc-a63e-4348-bd18-030b60a135e7:c5244, eab135d4-a257-4705-b491-6c056b8c5df7:c5240, a4f67574-9018-43e7-8a54-351e98dc3d0a:c5240]
2019-08-23 07:09:18,460 | INFO  | DNAudit | user=null | ip=null | op=WRITE_CHUNK {blockData=conID: 3 locID: 102665037966148276 bcsId: 0} | ret=SUCCESS |  
2019-08-23 07:09:18,460 | INFO  | DNAudit | user=null | ip=null | op=PUT_BLOCK {blockData=[blockId=conID: 3 locID: 102665037966148276 bcsId: 0,size=1048576]} | ret=SUCCESS |  
2019-08-23 07:09:18,460 | INFO  | DNAudit | user=null | ip=null | op=WRITE_CHUNK {blockData=conID: 3 locID: 102665037966148276 bcsId: 0} | ret=SUCCESS |  
2019-08-23 07:09:18,461 | INFO  | DNAudit | user=null | ip=null | op=PUT_BLOCK {blockData=[blockId=conID: 3 locID: 102665037966148276 bcsId: 0,size=1048576]} | ret=SUCCESS |  
2019-08-23 07:09:18,461 | INFO  | DNAudit | user=null | ip=null | op=WRITE_CHUNK {blockData=conID: 3 locID: 102665037966148276 bcsId: 0} | ret=SUCCESS |  
2019-08-23 07:09:18,461 | INFO  | DNAudit | user=null | ip=null | op=PUT_BLOCK {blockData=[blockId=conID: 3 locID: 102665037966148276 bcsId: 0,size=2097152]} | ret=SUCCESS |  
2019-08-23 07:09:18,461 [grpc-default-executor-3] INFO  client.GrpcClientProtocolClient (GrpcClientProtocolClient.java:onNext(255)) - client-D91E5D1E15CE->f2ba01fc-a63e-4348-bd18-030b60a135e7: receive RaftClientReply:client-D91E5D1E15CE->f2ba01fc-a63e-4348-bd18-030b60a135e7@group-C8C62FEF0626, cid=3482, SUCCESS, logIndex=0, commits[f2ba01fc-a63e-4348-bd18-030b60a135e7:c5246, eab135d4-a257-4705-b491-6c056b8c5df7:c5242, a4f67574-9018-43e7-8a54-351e98dc3d0a:c5242]
2019-08-23 07:09:18,469 | INFO  | DNAudit | user=null | ip=null | op=WRITE_CHUNK {blockData=conID: 3 locID: 102665037966148276 bcsId: 5244} | ret=SUCCESS |  
2019-08-23 07:09:18,471 | INFO  | DNAudit | user=null | ip=null | op=WRITE_CHUNK {blockData=conID: 3 locID: 102665037966148276 bcsId: 0} | ret=SUCCESS |  
2019-08-23 07:09:18,471 | INFO  | DNAudit | user=null | ip=null | op=PUT_BLOCK {blockData=[blockId=conID: 3 locID: 102665037966148276 bcsId: 0,size=2097152]} | ret=SUCCESS |  
2019-08-23 07:09:18,472 | INFO  | DNAudit | user=null | ip=null | op=WRITE_CHUNK {blockData=conID: 3 locID: 102665037966148276 bcsId: 5244} | ret=SUCCESS |  
2019-08-23 07:09:18,472 | INFO  | DNAudit | user=null | ip=null | op=WRITE_CHUNK {blockData=conID: 3 locID: 102665037966148276 bcsId: 5244} | ret=SUCCESS |  
2019-08-23 07:09:18,485 | INFO  | DNAudit | user=null | ip=null | op=WRITE_CHUNK {blockData=conID: 3 locID: 102665037966148276 bcsId: 5244} | ret=SUCCESS |  
2019-08-23 07:09:18,485 | INFO  | DNAudit | user=null | ip=null | op=PUT_BLOCK {blockData=[blockId=conID: 3 locID: 102665037966148276 bcsId: 0,size=3145728]} | ret=SUCCESS |  
2019-08-23 07:09:18,485 [grpc-default-executor-4] INFO  client.GrpcClientProtocolClient (GrpcClientProtocolClient.java:onNext(255)) - client-D91E5D1E15CE->f2ba01fc-a63e-4348-bd18-030b60a135e7: receive RaftClientReply:client-D91E5D1E15CE->f2ba01fc-a63e-4348-bd18-030b60a135e7@group-C8C62FEF0626, cid=3483, SUCCESS, logIndex=5249, commits[f2ba01fc-a63e-4348-bd18-030b60a135e7:c5250, eab135d4-a257-4705-b491-6c056b8c5df7:c5248, a4f67574-9018-43e7-8a54-351e98dc3d0a:c5248]
2019-08-23 07:09:18,486 [grpc-default-executor-4] INFO  client.GrpcClientProtocolClient (GrpcClientProtocolClient.java:onNext(255)) - client-D91E5D1E15CE->f2ba01fc-a63e-4348-bd18-030b60a135e7: receive RaftClientReply:client-D91E5D1E15CE->f2ba01fc-a63e-4348-bd18-030b60a135e7@group-C8C62FEF0626, cid=3484, SUCCESS, logIndex=5250, commits[f2ba01fc-a63e-4348-bd18-030b60a135e7:c5250, eab135d4-a257-4705-b491-6c056b8c5df7:c5248, a4f67574-9018-43e7-8a54-351e98dc3d0a:c5248]
2019-08-23 07:09:18,486 | INFO  | DNAudit | user=null | ip=null | op=WRITE_CHUNK {blockData=conID: 3 locID: 102665037966148276 bcsId: 5244} | ret=SUCCESS |  
2019-08-23 07:09:18,487 | INFO  | DNAudit | user=null | ip=null | op=PUT_BLOCK {blockData=[blockId=conID: 3 locID: 102665037966148276 bcsId: 0,size=3145728]} | ret=SUCCESS |  
2019-08-23 07:09:18,488 | INFO  | DNAudit | user=null | ip=null | op=WRITE_CHUNK {blockData=conID: 3 locID: 102665037966148276 bcsId: 5244} | ret=SUCCESS |  
2019-08-23 07:09:18,488 | INFO  | DNAudit | user=null | ip=null | op=PUT_BLOCK {blockData=[blockId=conID: 3 locID: 102665037966148276 bcsId: 0,size=3145728]} | ret=SUCCESS |  
2019-08-23 07:09:18,494 | INFO  | DNAudit | user=null | ip=null | op=WRITE_CHUNK {blockData=conID: 3 locID: 102665037966148276 bcsId: 5250} | ret=SUCCESS |  
2019-08-23 07:09:18,497 | INFO  | DNAudit | user=null | ip=null | op=WRITE_CHUNK {blockData=conID: 3 locID: 102665037966148276 bcsId: 5250} | ret=SUCCESS |  
2019-08-23 07:09:18,497 | INFO  | DNAudit | user=null | ip=null | op=WRITE_CHUNK {blockData=conID: 3 locID: 102665037966148276 bcsId: 5250} | ret=SUCCESS |  
2019-08-23 07:09:18,499 | INFO  | DNAudit | user=null | ip=null | op=WRITE_CHUNK {blockData=conID: 3 locID: 102665037966148276 bcsId: 5250} | ret=SUCCESS |  
2019-08-23 07:09:18,500 | INFO  | DNAudit | user=null | ip=null | op=PUT_BLOCK {blockData=[blockId=conID: 3 locID: 102665037966148276 bcsId: 0,size=4194304]} | ret=SUCCESS |  
2019-08-23 07:09:18,500 [grpc-default-executor-3] INFO  client.GrpcClientProtocolClient (GrpcClientProtocolClient.java:onNext(255)) - client-D91E5D1E15CE->f2ba01fc-a63e-4348-bd18-030b60a135e7: receive RaftClientReply:client-D91E5D1E15CE->f2ba01fc-a63e-4348-bd18-030b60a135e7@group-C8C62FEF0626, cid=3485, SUCCESS, logIndex=5253, commits[f2ba01fc-a63e-4348-bd18-030b60a135e7:c5254, eab135d4-a257-4705-b491-6c056b8c5df7:c5252, a4f67574-9018-43e7-8a54-351e98dc3d0a:c5252]
2019-08-23 07:09:18,500 [grpc-default-executor-3] INFO  client.GrpcClientProtocolClient (GrpcClientProtocolClient.java:onNext(255)) - client-D91E5D1E15CE->f2ba01fc-a63e-4348-bd18-030b60a135e7: receive RaftClientReply:client-D91E5D1E15CE->f2ba01fc-a63e-4348-bd18-030b60a135e7@group-C8C62FEF0626, cid=3486, SUCCESS, logIndex=5254, commits[f2ba01fc-a63e-4348-bd18-030b60a135e7:c5254, eab135d4-a257-4705-b491-6c056b8c5df7:c5252, a4f67574-9018-43e7-8a54-351e98dc3d0a:c5252]
2019-08-23 07:09:18,501 | INFO  | DNAudit | user=null | ip=null | op=WRITE_CHUNK {blockData=conID: 3 locID: 102665037966148276 bcsId: 5250} | ret=SUCCESS |  
2019-08-23 07:09:18,501 | INFO  | DNAudit | user=null | ip=null | op=WRITE_CHUNK {blockData=conID: 3 locID: 102665037966148276 bcsId: 5250} | ret=SUCCESS |  
2019-08-23 07:09:18,501 | INFO  | DNAudit | user=null | ip=null | op=PUT_BLOCK {blockData=[blockId=conID: 3 locID: 102665037966148276 bcsId: 0,size=4194304]} | ret=SUCCESS |  
2019-08-23 07:09:18,501 | INFO  | DNAudit | user=null | ip=null | op=PUT_BLOCK {blockData=[blockId=conID: 3 locID: 102665037966148276 bcsId: 0,size=4194304]} | ret=SUCCESS |  
2019-08-23 07:09:18,502 [grpc-default-executor-6] INFO  client.GrpcClientProtocolClient (GrpcClientProtocolClient.java:onNext(255)) - client-D91E5D1E15CE->f2ba01fc-a63e-4348-bd18-030b60a135e7: receive RaftClientReply:client-D91E5D1E15CE->f2ba01fc-a63e-4348-bd18-030b60a135e7@group-C8C62FEF0626, cid=3487, SUCCESS, logIndex=0, commits[f2ba01fc-a63e-4348-bd18-030b60a135e7:c5255, eab135d4-a257-4705-b491-6c056b8c5df7:c5254, a4f67574-9018-43e7-8a54-351e98dc3d0a:c5254]
2019-08-23 07:09:18,508 | INFO  | SCMAudit | user=jenkins1000 | ip=192.168.5.178 | op=ALLOCATE_BLOCK {owner=aaf04d22-10dd-4717-8862-c651bdde72cf, size=4194304, type=RATIS, factor=THREE} | ret=SUCCESS |  
2019-08-23 07:09:18,513 | INFO  | OMAudit | user=jenkins1000 | ip=127.0.0.1 | op=ALLOCATE_BLOCK {volume=vol-0-67663, bucket=bucket-0-68950, key=key-0-26970, dataSize=0, replicationType=null, replicationFactor=null, keyLocationInfo=null, clientID=102665036030476690} | ret=SUCCESS |  
2019-08-23 07:09:18,522 | INFO  | DNAudit | user=null | ip=null | op=WRITE_CHUNK {blockData=conID: 1 locID: 102665037971980981 bcsId: 0} | ret=SUCCESS |  
2019-08-23 07:09:18,525 | INFO  | DNAudit | user=null | ip=null | op=WRITE_CHUNK {blockData=conID: 1 locID: 102665037971980981 bcsId: 0} | ret=SUCCESS |  
2019-08-23 07:09:18,525 | INFO  | DNAudit | user=null | ip=null | op=WRITE_CHUNK {blockData=conID: 1 locID: 102665037971980981 bcsId: 0} | ret=SUCCESS |  
2019-08-23 07:09:18,526 | INFO  | DNAudit | user=null | ip=null | op=WRITE_CHUNK {blockData=conID: 1 locID: 102665037971980981 bcsId: 0} | ret=SUCCESS |  
2019-08-23 07:09:18,528 | INFO  | DNAudit | user=null | ip=null | op=WRITE_CHUNK {blockData=conID: 1 locID: 102665037971980981 bcsId: 0} | ret=SUCCESS |  
2019-08-23 07:09:18,529 | INFO  | DNAudit | user=null | ip=null | op=WRITE_CHUNK {blockData=conID: 1 locID: 102665037971980981 bcsId: 0} | ret=SUCCESS |  
2019-08-23 07:09:18,536 | INFO  | DNAudit | user=null | ip=null | op=WRITE_CHUNK {blockData=conID: 1 locID: 102665037971980981 bcsId: 0} | ret=SUCCESS |  
2019-08-23 07:09:18,538 | INFO  | DNAudit | user=null | ip=null | op=WRITE_CHUNK {blockData=conID: 1 locID: 102665037971980981 bcsId: 0} | ret=SUCCESS |  
2019-08-23 07:09:18,538 | INFO  | DNAudit | user=null | ip=null | op=PUT_BLOCK {blockData=[blockId=conID: 1 locID: 102665037971980981 bcsId: 0,size=1048576]} | ret=SUCCESS |  
2019-08-23 07:09:18,538 | INFO  | DNAudit | user=null | ip=null | op=PUT_BLOCK {blockData=[blockId=conID: 1 locID: 102665037971980981 bcsId: 0,size=1048576]} | ret=SUCCESS |  
2019-08-23 07:09:18,538 | INFO  | DNAudit | user=null | ip=null | op=WRITE_CHUNK {blockData=conID: 1 locID: 102665037971980981 bcsId: 0} | ret=SUCCESS |  
2019-08-23 07:09:18,538 [grpc-default-executor-6] INFO  client.GrpcClientProtocolClient (GrpcClientProtocolClient.java:onNext(255)) - client-D91E5D1E15CE->f2ba01fc-a63e-4348-bd18-030b60a135e7: receive RaftClientReply:client-D91E5D1E15CE->f2ba01fc-a63e-4348-bd18-030b60a135e7@group-C8C62FEF0626, cid=3488, SUCCESS, logIndex=5257, commits[f2ba01fc-a63e-4348-bd18-030b60a135e7:c5258, eab135d4-a257-4705-b491-6c056b8c5df7:c5256, a4f67574-9018-43e7-8a54-351e98dc3d0a:c5256]
2019-08-23 07:09:18,539 | INFO  | DNAudit | user=null | ip=null | op=PUT_BLOCK {blockData=[blockId=conID: 1 locID: 102665037971980981 bcsId: 0,size=2097152]} | ret=SUCCESS |  
2019-08-23 07:09:18,539 [grpc-default-executor-6] INFO  client.GrpcClientProtocolClient (GrpcClientProtocolClient.java:onNext(255)) - client-D91E5D1E15CE->f2ba01fc-a63e-4348-bd18-030b60a135e7: receive RaftClientReply:client-D91E5D1E15CE->f2ba01fc-a63e-4348-bd18-030b60a135e7@group-C8C62FEF0626, cid=3489, SUCCESS, logIndex=5258, commits[f2ba01fc-a63e-4348-bd18-030b60a135e7:c5261, eab135d4-a257-4705-b491-6c056b8c5df7:c5256, a4f67574-9018-43e7-8a54-351e98dc3d0a:c5258]
2019-08-23 07:09:18,539 [grpc-default-executor-6] INFO  client.GrpcClientProtocolClient (GrpcClientProtocolClient.java:onNext(255)) - client-D91E5D1E15CE->f2ba01fc-a63e-4348-bd18-030b60a135e7: receive RaftClientReply:client-D91E5D1E15CE->f2ba01fc-a63e-4348-bd18-030b60a135e7@group-C8C62FEF0626, cid=3490, SUCCESS, logIndex=5259, commits[f2ba01fc-a63e-4348-bd18-030b60a135e7:c5261, eab135d4-a257-4705-b491-6c056b8c5df7:c5256, a4f67574-9018-43e7-8a54-351e98dc3d0a:c5258]
2019-08-23 07:09:18,540 [grpc-default-executor-6] INFO  client.GrpcClientProtocolClient (GrpcClientProtocolClient.java:onNext(255)) - client-D91E5D1E15CE->f2ba01fc-a63e-4348-bd18-030b60a135e7: receive RaftClientReply:client-D91E5D1E15CE->f2ba01fc-a63e-4348-bd18-030b60a135e7@group-C8C62FEF0626, cid=3491, SUCCESS, logIndex=5260, commits[f2ba01fc-a63e-4348-bd18-030b60a135e7:c5261, eab135d4-a257-4705-b491-6c056b8c5df7:c5256, a4f67574-9018-43e7-8a54-351e98dc3d0a:c5258]
2019-08-23 07:09:18,541 | INFO  | DNAudit | user=null | ip=null | op=WRITE_CHUNK {blockData=conID: 1 locID: 102665037971980981 bcsId: 0} | ret=SUCCESS |  
2019-08-23 07:09:18,541 | INFO  | DNAudit | user=null | ip=null | op=PUT_BLOCK {blockData=[blockId=conID: 1 locID: 102665037971980981 bcsId: 0,size=1048576]} | ret=SUCCESS |  
2019-08-23 07:09:18,541 [grpc-default-executor-6] INFO  client.GrpcClientProtocolClient (GrpcClientProtocolClient.java:onNext(255)) - client-D91E5D1E15CE->f2ba01fc-a63e-4348-bd18-030b60a135e7: receive RaftClientReply:client-D91E5D1E15CE->f2ba01fc-a63e-4348-bd18-030b60a135e7@group-C8C62FEF0626, cid=3492, SUCCESS, logIndex=0, commits[f2ba01fc-a63e-4348-bd18-030b60a135e7:c5262, eab135d4-a257-4705-b491-6c056b8c5df7:c5258, a4f67574-9018-43e7-8a54-351e98dc3d0a:c5258]
2019-08-23 07:09:18,549 | INFO  | DNAudit | user=null | ip=null | op=WRITE_CHUNK {blockData=conID: 1 locID: 102665037971980981 bcsId: 5260} | ret=SUCCESS |  
2019-08-23 07:09:18,551 | INFO  | DNAudit | user=null | ip=null | op=WRITE_CHUNK {blockData=conID: 1 locID: 102665037971980981 bcsId: 5260} | ret=SUCCESS |  
2019-08-23 07:09:18,551 | INFO  | DNAudit | user=null | ip=null | op=WRITE_CHUNK {blockData=conID: 1 locID: 102665037971980981 bcsId: 5260} | ret=SUCCESS |  
2019-08-23 07:09:18,552 | INFO  | DNAudit | user=null | ip=null | op=WRITE_CHUNK {blockData=conID: 1 locID: 102665037971980981 bcsId: 0} | ret=SUCCESS |  
2019-08-23 07:09:18,552 | INFO  | DNAudit | user=null | ip=null | op=PUT_BLOCK {blockData=[blockId=conID: 1 locID: 102665037971980981 bcsId: 0,size=2097152]} | ret=SUCCESS |  
2019-08-23 07:09:18,553 | INFO  | DNAudit | user=null | ip=null | op=WRITE_CHUNK {blockData=conID: 1 locID: 102665037971980981 bcsId: 0} | ret=SUCCESS |  
2019-08-23 07:09:18,553 | INFO  | DNAudit | user=null | ip=null | op=PUT_BLOCK {blockData=[blockId=conID: 1 locID: 102665037971980981 bcsId: 0,size=2097152]} | ret=SUCCESS |  
2019-08-23 07:09:18,553 | INFO  | DNAudit | user=null | ip=null | op=WRITE_CHUNK {blockData=conID: 1 locID: 102665037971980981 bcsId: 5260} | ret=SUCCESS |  
2019-08-23 07:09:18,554 | INFO  | DNAudit | user=null | ip=null | op=PUT_BLOCK {blockData=[blockId=conID: 1 locID: 102665037971980981 bcsId: 0,size=3145728]} | ret=SUCCESS |  
2019-08-23 07:09:18,554 [grpc-default-executor-6] INFO  client.GrpcClientProtocolClient (GrpcClientProtocolClient.java:onNext(255)) - client-D91E5D1E15CE->f2ba01fc-a63e-4348-bd18-030b60a135e7: receive RaftClientReply:client-D91E5D1E15CE->f2ba01fc-a63e-4348-bd18-030b60a135e7@group-C8C62FEF0626, cid=3493, SUCCESS, logIndex=5264, commits[f2ba01fc-a63e-4348-bd18-030b60a135e7:c5265, eab135d4-a257-4705-b491-6c056b8c5df7:c5260, a4f67574-9018-43e7-8a54-351e98dc3d0a:c5262]
2019-08-23 07:09:18,554 [grpc-default-executor-6] INFO  client.GrpcClientProtocolClient (GrpcClientProtocolClient.java:onNext(255)) - client-D91E5D1E15CE->f2ba01fc-a63e-4348-bd18-030b60a135e7: receive RaftClientReply:client-D91E5D1E15CE->f2ba01fc-a63e-4348-bd18-030b60a135e7@group-C8C62FEF0626, cid=3494, SUCCESS, logIndex=5265, commits[f2ba01fc-a63e-4348-bd18-030b60a135e7:c5265, eab135d4-a257-4705-b491-6c056b8c5df7:c5262, a4f67574-9018-43e7-8a54-351e98dc3d0a:c5262]
2019-08-23 07:09:18,556 | INFO  | DNAudit | user=null | ip=null | op=WRITE_CHUNK {blockData=conID: 1 locID: 102665037971980981 bcsId: 5260} | ret=SUCCESS |  
2019-08-23 07:09:18,557 | INFO  | DNAudit | user=null | ip=null | op=WRITE_CHUNK {blockData=conID: 1 locID: 102665037971980981 bcsId: 5260} | ret=SUCCESS |  
2019-08-23 07:09:18,557 | INFO  | DNAudit | user=null | ip=null | op=PUT_BLOCK {blockData=[blockId=conID: 1 locID: 102665037971980981 bcsId: 0,size=3145728]} | ret=SUCCESS |  
2019-08-23 07:09:18,557 | INFO  | DNAudit | user=null | ip=null | op=PUT_BLOCK {blockData=[blockId=conID: 1 locID: 102665037971980981 bcsId: 0,size=3145728]} | ret=SUCCESS |  
2019-08-23 07:09:18,562 | INFO  | DNAudit | user=null | ip=null | op=WRITE_CHUNK {blockData=conID: 1 locID: 102665037971980981 bcsId: 5265} | ret=SUCCESS |  
2019-08-23 07:09:18,564 | INFO  | DNAudit | user=null | ip=null | op=WRITE_CHUNK {blockData=conID: 1 locID: 102665037971980981 bcsId: 5265} | ret=SUCCESS |  
2019-08-23 07:09:18,565 | INFO  | DNAudit | user=null | ip=null | op=WRITE_CHUNK {blockData=conID: 1 locID: 102665037971980981 bcsId: 5265} | ret=SUCCESS |  
2019-08-23 07:09:18,571 | INFO  | DNAudit | user=null | ip=null | op=WRITE_CHUNK {blockData=conID: 1 locID: 102665037971980981 bcsId: 5265} | ret=SUCCESS |  
2019-08-23 07:09:18,571 | INFO  | DNAudit | user=null | ip=null | op=PUT_BLOCK {blockData=[blockId=conID: 1 locID: 102665037971980981 bcsId: 0,size=4194304]} | ret=SUCCESS |  
2019-08-23 07:09:18,572 [grpc-default-executor-6] INFO  client.GrpcClientProtocolClient (GrpcClientProtocolClient.java:onNext(255)) - client-D91E5D1E15CE->f2ba01fc-a63e-4348-bd18-030b60a135e7: receive RaftClientReply:client-D91E5D1E15CE->f2ba01fc-a63e-4348-bd18-030b60a135e7@group-C8C62FEF0626, cid=3495, SUCCESS, logIndex=5268, commits[f2ba01fc-a63e-4348-bd18-030b60a135e7:c5269, eab135d4-a257-4705-b491-6c056b8c5df7:c5266, a4f67574-9018-43e7-8a54-351e98dc3d0a:c5266]
2019-08-23 07:09:18,572 [grpc-default-executor-6] INFO  client.GrpcClientProtocolClient (GrpcClientProtocolClient.java:onNext(255)) - client-D91E5D1E15CE->f2ba01fc-a63e-4348-bd18-030b60a135e7: receive RaftClientReply:client-D91E5D1E15CE->f2ba01fc-a63e-4348-bd18-030b60a135e7@group-C8C62FEF0626, cid=3496, SUCCESS, logIndex=5269, commits[f2ba01fc-a63e-4348-bd18-030b60a135e7:c5269, eab135d4-a257-4705-b491-6c056b8c5df7:c5266, a4f67574-9018-43e7-8a54-351e98dc3d0a:c5266]
2019-08-23 07:09:18,582 | INFO  | DNAudit | user=null | ip=null | op=WRITE_CHUNK {blockData=conID: 1 locID: 102665037971980981 bcsId: 5265} | ret=SUCCESS |  
2019-08-23 07:09:18,582 | INFO  | DNAudit | user=null | ip=null | op=WRITE_CHUNK {blockData=conID: 1 locID: 102665037971980981 bcsId: 5265} | ret=SUCCESS |  
2019-08-23 07:09:18,585 | INFO  | DNAudit | user=null | ip=null | op=PUT_BLOCK {blockData=[blockId=conID: 1 locID: 102665037971980981 bcsId: 0,size=4194304]} | ret=SUCCESS |  
2019-08-23 07:09:18,585 | INFO  | DNAudit | user=null | ip=null | op=PUT_BLOCK {blockData=[blockId=conID: 1 locID: 102665037971980981 bcsId: 0,size=4194304]} | ret=SUCCESS |  
2019-08-23 07:09:18,586 [grpc-default-executor-6] INFO  client.GrpcClientProtocolClient (GrpcClientProtocolClient.java:onNext(255)) - client-D91E5D1E15CE->f2ba01fc-a63e-4348-bd18-030b60a135e7: receive RaftClientReply:client-D91E5D1E15CE->f2ba01fc-a63e-4348-bd18-030b60a135e7@group-C8C62FEF0626, cid=3497, SUCCESS, logIndex=0, commits[f2ba01fc-a63e-4348-bd18-030b60a135e7:c5271, eab135d4-a257-4705-b491-6c056b8c5df7:c5269, a4f67574-9018-43e7-8a54-351e98dc3d0a:c5269]
2019-08-23 07:09:18,593 | INFO  | SCMAudit | user=jenkins1000 | ip=192.168.5.178 | op=ALLOCATE_BLOCK {owner=aaf04d22-10dd-4717-8862-c651bdde72cf, size=4194304, type=RATIS, factor=THREE} | ret=SUCCESS |  
2019-08-23 07:09:18,598 | INFO  | OMAudit | user=jenkins1000 | ip=127.0.0.1 | op=ALLOCATE_BLOCK {volume=vol-0-67663, bucket=bucket-0-68950, key=key-0-26970, dataSize=0, replicationType=null, replicationFactor=null, keyLocationInfo=null, clientID=102665036030476690} | ret=SUCCESS |  
2019-08-23 07:09:18,606 | INFO  | DNAudit | user=null | ip=null | op=WRITE_CHUNK {blockData=conID: 2 locID: 102665037977551542 bcsId: 0} | ret=SUCCESS |  
2019-08-23 07:09:18,609 | INFO  | DNAudit | user=null | ip=null | op=WRITE_CHUNK {blockData=conID: 2 locID: 102665037977551542 bcsId: 0} | ret=SUCCESS |  
2019-08-23 07:09:18,610 | INFO  | DNAudit | user=null | ip=null | op=WRITE_CHUNK {blockData=conID: 2 locID: 102665037977551542 bcsId: 0} | ret=SUCCESS |  
2019-08-23 07:09:18,610 | INFO  | DNAudit | user=null | ip=null | op=WRITE_CHUNK {blockData=conID: 2 locID: 102665037977551542 bcsId: 0} | ret=SUCCESS |  
2019-08-23 07:09:18,611 | INFO  | DNAudit | user=null | ip=null | op=WRITE_CHUNK {blockData=conID: 2 locID: 102665037977551542 bcsId: 0} | ret=SUCCESS |  
2019-08-23 07:09:18,613 | INFO  | DNAudit | user=null | ip=null | op=WRITE_CHUNK {blockData=conID: 2 locID: 102665037977551542 bcsId: 0} | ret=SUCCESS |  
2019-08-23 07:09:18,619 | INFO  | DNAudit | user=null | ip=null | op=WRITE_CHUNK {blockData=conID: 2 locID: 102665037977551542 bcsId: 0} | ret=SUCCESS |  
2019-08-23 07:09:18,619 | INFO  | DNAudit | user=null | ip=null | op=PUT_BLOCK {blockData=[blockId=conID: 2 locID: 102665037977551542 bcsId: 0,size=1048576]} | ret=SUCCESS |  
2019-08-23 07:09:18,619 [grpc-default-executor-3] INFO  client.GrpcClientProtocolClient (GrpcClientProtocolClient.java:onNext(255)) - client-D91E5D1E15CE->f2ba01fc-a63e-4348-bd18-030b60a135e7: receive RaftClientReply:client-D91E5D1E15CE->f2ba01fc-a63e-4348-bd18-030b60a135e7@group-C8C62FEF0626, cid=3498, SUCCESS, logIndex=5272, commits[f2ba01fc-a63e-4348-bd18-030b60a135e7:c5273, eab135d4-a257-4705-b491-6c056b8c5df7:c5271, a4f67574-9018-43e7-8a54-351e98dc3d0a:c5271]
2019-08-23 07:09:18,620 [grpc-default-executor-3] INFO  client.GrpcClientProtocolClient (GrpcClientProtocolClient.java:onNext(255)) - client-D91E5D1E15CE->f2ba01fc-a63e-4348-bd18-030b60a135e7: receive RaftClientReply:client-D91E5D1E15CE->f2ba01fc-a63e-4348-bd18-030b60a135e7@group-C8C62FEF0626, cid=3499, SUCCESS, logIndex=5273, commits[f2ba01fc-a63e-4348-bd18-030b60a135e7:c5273, eab135d4-a257-4705-b491-6c056b8c5df7:c5271, a4f67574-9018-43e7-8a54-351e98dc3d0a:c5271]
2019-08-23 07:09:18,630 | INFO  | DNAudit | user=null | ip=null | op=WRITE_CHUNK {blockData=conID: 2 locID: 102665037977551542 bcsId: 0} | ret=SUCCESS |  
2019-08-23 07:09:18,630 | INFO  | DNAudit | user=null | ip=null | op=PUT_BLOCK {blockData=[blockId=conID: 2 locID: 102665037977551542 bcsId: 0,size=2097152]} | ret=SUCCESS |  
2019-08-23 07:09:18,631 | INFO  | DNAudit | user=null | ip=null | op=WRITE_CHUNK {blockData=conID: 2 locID: 102665037977551542 bcsId: 0} | ret=SUCCESS |  
2019-08-23 07:09:18,631 [grpc-default-executor-3] INFO  client.GrpcClientProtocolClient (GrpcClientProtocolClient.java:onNext(255)) - client-D91E5D1E15CE->f2ba01fc-a63e-4348-bd18-030b60a135e7: receive RaftClientReply:client-D91E5D1E15CE->f2ba01fc-a63e-4348-bd18-030b60a135e7@group-C8C62FEF0626, cid=3500, SUCCESS, logIndex=5274, commits[f2ba01fc-a63e-4348-bd18-030b60a135e7:c5275, eab135d4-a257-4705-b491-6c056b8c5df7:c5271, a4f67574-9018-43e7-8a54-351e98dc3d0a:c5271]
2019-08-23 07:09:18,631 | INFO  | DNAudit | user=null | ip=null | op=PUT_BLOCK {blockData=[blockId=conID: 2 locID: 102665037977551542 bcsId: 0,size=1048576]} | ret=SUCCESS |  
2019-08-23 07:09:18,631 [grpc-default-executor-3] INFO  client.GrpcClientProtocolClient (GrpcClientProtocolClient.java:onNext(255)) - client-D91E5D1E15CE->f2ba01fc-a63e-4348-bd18-030b60a135e7: receive RaftClientReply:client-D91E5D1E15CE->f2ba01fc-a63e-4348-bd18-030b60a135e7@group-C8C62FEF0626, cid=3501, SUCCESS, logIndex=5275, commits[f2ba01fc-a63e-4348-bd18-030b60a135e7:c5275, eab135d4-a257-4705-b491-6c056b8c5df7:c5271, a4f67574-9018-43e7-8a54-351e98dc3d0a:c5271]
2019-08-23 07:09:18,633 | INFO  | DNAudit | user=null | ip=null | op=WRITE_CHUNK {blockData=conID: 2 locID: 102665037977551542 bcsId: 0} | ret=SUCCESS |  
2019-08-23 07:09:18,633 | INFO  | DNAudit | user=null | ip=null | op=PUT_BLOCK {blockData=[blockId=conID: 2 locID: 102665037977551542 bcsId: 0,size=1048576]} | ret=SUCCESS |  
2019-08-23 07:09:18,633 [grpc-default-executor-3] INFO  client.GrpcClientProtocolClient (GrpcClientProtocolClient.java:onNext(255)) - client-D91E5D1E15CE->f2ba01fc-a63e-4348-bd18-030b60a135e7: receive RaftClientReply:client-D91E5D1E15CE->f2ba01fc-a63e-4348-bd18-030b60a135e7@group-C8C62FEF0626, cid=3502, SUCCESS, logIndex=0, commits[f2ba01fc-a63e-4348-bd18-030b60a135e7:c5277, eab135d4-a257-4705-b491-6c056b8c5df7:c5273, a4f67574-9018-43e7-8a54-351e98dc3d0a:c5273]
2019-08-23 07:09:18,641 | INFO  | DNAudit | user=null | ip=null | op=WRITE_CHUNK {blockData=conID: 2 locID: 102665037977551542 bcsId: 5275} | ret=SUCCESS |  
2019-08-23 07:09:18,643 | INFO  | DNAudit | user=null | ip=null | op=WRITE_CHUNK {blockData=conID: 2 locID: 102665037977551542 bcsId: 5275} | ret=SUCCESS |  
2019-08-23 07:09:18,643 | INFO  | DNAudit | user=null | ip=null | op=WRITE_CHUNK {blockData=conID: 2 locID: 102665037977551542 bcsId: 5275} | ret=SUCCESS |  
2019-08-23 07:09:18,644 | INFO  | DNAudit | user=null | ip=null | op=WRITE_CHUNK {blockData=conID: 2 locID: 102665037977551542 bcsId: 0} | ret=SUCCESS |  
2019-08-23 07:09:18,644 | INFO  | DNAudit | user=null | ip=null | op=WRITE_CHUNK {blockData=conID: 2 locID: 102665037977551542 bcsId: 0} | ret=SUCCESS |  
2019-08-23 07:09:18,644 | INFO  | DNAudit | user=null | ip=null | op=PUT_BLOCK {blockData=[blockId=conID: 2 locID: 102665037977551542 bcsId: 0,size=2097152]} | ret=SUCCESS |  
2019-08-23 07:09:18,644 | INFO  | DNAudit | user=null | ip=null | op=PUT_BLOCK {blockData=[blockId=conID: 2 locID: 102665037977551542 bcsId: 0,size=2097152]} | ret=SUCCESS |  
2019-08-23 07:09:18,647 | INFO  | DNAudit | user=null | ip=null | op=WRITE_CHUNK {blockData=conID: 2 locID: 102665037977551542 bcsId: 5275} | ret=SUCCESS |  
2019-08-23 07:09:18,647 | INFO  | DNAudit | user=null | ip=null | op=PUT_BLOCK {blockData=[blockId=conID: 2 locID: 102665037977551542 bcsId: 0,size=3145728]} | ret=SUCCESS |  
2019-08-23 07:09:18,647 [grpc-default-executor-4] INFO  client.GrpcClientProtocolClient (GrpcClientProtocolClient.java:onNext(255)) - client-D91E5D1E15CE->f2ba01fc-a63e-4348-bd18-030b60a135e7: receive RaftClientReply:client-D91E5D1E15CE->f2ba01fc-a63e-4348-bd18-030b60a135e7@group-C8C62FEF0626, cid=3503, SUCCESS, logIndex=5280, commits[f2ba01fc-a63e-4348-bd18-030b60a135e7:c5281, eab135d4-a257-4705-b491-6c056b8c5df7:c5277, a4f67574-9018-43e7-8a54-351e98dc3d0a:c5277]
2019-08-23 07:09:18,648 [grpc-default-executor-4] INFO  client.GrpcClientProtocolClient (GrpcClientProtocolClient.java:onNext(255)) - client-D91E5D1E15CE->f2ba01fc-a63e-4348-bd18-030b60a135e7: receive RaftClientReply:client-D91E5D1E15CE->f2ba01fc-a63e-4348-bd18-030b60a135e7@group-C8C62FEF0626, cid=3504, SUCCESS, logIndex=5281, commits[f2ba01fc-a63e-4348-bd18-030b60a135e7:c5281, eab135d4-a257-4705-b491-6c056b8c5df7:c5277, a4f67574-9018-43e7-8a54-351e98dc3d0a:c5277]
2019-08-23 07:09:18,655 | INFO  | DNAudit | user=null | ip=null | op=WRITE_CHUNK {blockData=conID: 2 locID: 102665037977551542 bcsId: 5281} | ret=SUCCESS |  
2019-08-23 07:09:18,657 | INFO  | DNAudit | user=null | ip=null | op=WRITE_CHUNK {blockData=conID: 2 locID: 102665037977551542 bcsId: 5281} | ret=SUCCESS |  
2019-08-23 07:09:18,657 | INFO  | DNAudit | user=null | ip=null | op=WRITE_CHUNK {blockData=conID: 2 locID: 102665037977551542 bcsId: 5281} | ret=SUCCESS |  
2019-08-23 07:09:18,658 | INFO  | DNAudit | user=null | ip=null | op=WRITE_CHUNK {blockData=conID: 2 locID: 102665037977551542 bcsId: 5275} | ret=SUCCESS |  
2019-08-23 07:09:18,659 | INFO  | DNAudit | user=null | ip=null | op=WRITE_CHUNK {blockData=conID: 2 locID: 102665037977551542 bcsId: 5275} | ret=SUCCESS |  
2019-08-23 07:09:18,661 | INFO  | DNAudit | user=null | ip=null | op=PUT_BLOCK {blockData=[blockId=conID: 2 locID: 102665037977551542 bcsId: 0,size=3145728]} | ret=SUCCESS |  
2019-08-23 07:09:18,661 | INFO  | DNAudit | user=null | ip=null | op=PUT_BLOCK {blockData=[blockId=conID: 2 locID: 102665037977551542 bcsId: 0,size=3145728]} | ret=SUCCESS |  
2019-08-23 07:09:18,662 | INFO  | DNAudit | user=null | ip=null | op=WRITE_CHUNK {blockData=conID: 2 locID: 102665037977551542 bcsId: 5281} | ret=SUCCESS |  
2019-08-23 07:09:18,662 | INFO  | DNAudit | user=null | ip=null | op=PUT_BLOCK {blockData=[blockId=conID: 2 locID: 102665037977551542 bcsId: 0,size=4194304]} | ret=SUCCESS |  
2019-08-23 07:09:18,662 [grpc-default-executor-6] INFO  client.GrpcClientProtocolClient (GrpcClientProtocolClient.java:onNext(255)) - client-D91E5D1E15CE->f2ba01fc-a63e-4348-bd18-030b60a135e7: receive RaftClientReply:client-D91E5D1E15CE->f2ba01fc-a63e-4348-bd18-030b60a135e7@group-C8C62FEF0626, cid=3505, SUCCESS, logIndex=5284, commits[f2ba01fc-a63e-4348-bd18-030b60a135e7:c5285, eab135d4-a257-4705-b491-6c056b8c5df7:c5281, a4f67574-9018-43e7-8a54-351e98dc3d0a:c5281]
2019-08-23 07:09:18,663 [grpc-default-executor-6] INFO  client.GrpcClientProtocolClient (GrpcClientProtocolClient.java:onNext(255)) - client-D91E5D1E15CE->f2ba01fc-a63e-4348-bd18-030b60a135e7: receive RaftClientReply:client-D91E5D1E15CE->f2ba01fc-a63e-4348-bd18-030b60a135e7@group-C8C62FEF0626, cid=3506, SUCCESS, logIndex=5285, commits[f2ba01fc-a63e-4348-bd18-030b60a135e7:c5285, eab135d4-a257-4705-b491-6c056b8c5df7:c5281, a4f67574-9018-43e7-8a54-351e98dc3d0a:c5281]
2019-08-23 07:09:18,673 | INFO  | DNAudit | user=null | ip=null | op=WRITE_CHUNK {blockData=conID: 2 locID: 102665037977551542 bcsId: 5281} | ret=SUCCESS |  
2019-08-23 07:09:18,673 | INFO  | DNAudit | user=null | ip=null | op=WRITE_CHUNK {blockData=conID: 2 locID: 102665037977551542 bcsId: 5281} | ret=SUCCESS |  
2019-08-23 07:09:18,675 | INFO  | DNAudit | user=null | ip=null | op=PUT_BLOCK {blockData=[blockId=conID: 2 locID: 102665037977551542 bcsId: 0,size=4194304]} | ret=SUCCESS |  
2019-08-23 07:09:18,676 | INFO  | DNAudit | user=null | ip=null | op=PUT_BLOCK {blockData=[blockId=conID: 2 locID: 102665037977551542 bcsId: 0,size=4194304]} | ret=SUCCESS |  
2019-08-23 07:09:18,676 [grpc-default-executor-6] INFO  client.GrpcClientProtocolClient (GrpcClientProtocolClient.java:onNext(255)) - client-D91E5D1E15CE->f2ba01fc-a63e-4348-bd18-030b60a135e7: receive RaftClientReply:client-D91E5D1E15CE->f2ba01fc-a63e-4348-bd18-030b60a135e7@group-C8C62FEF0626, cid=3507, SUCCESS, logIndex=0, commits[f2ba01fc-a63e-4348-bd18-030b60a135e7:c5287, eab135d4-a257-4705-b491-6c056b8c5df7:c5285, a4f67574-9018-43e7-8a54-351e98dc3d0a:c5285]
2019-08-23 07:09:18,683 | INFO  | SCMAudit | user=jenkins1000 | ip=192.168.5.178 | op=ALLOCATE_BLOCK {owner=aaf04d22-10dd-4717-8862-c651bdde72cf, size=4194304, type=RATIS, factor=THREE} | ret=SUCCESS |  
2019-08-23 07:09:18,687 | INFO  | OMAudit | user=jenkins1000 | ip=127.0.0.1 | op=ALLOCATE_BLOCK {volume=vol-0-67663, bucket=bucket-0-68950, key=key-0-26970, dataSize=0, replicationType=null, replicationFactor=null, keyLocationInfo=null, clientID=102665036030476690} | ret=SUCCESS |  
2019-08-23 07:09:18,694 | INFO  | DNAudit | user=null | ip=null | op=WRITE_CHUNK {blockData=conID: 3 locID: 102665037983449783 bcsId: 0} | ret=SUCCESS |  
2019-08-23 07:09:18,697 | INFO  | DNAudit | user=null | ip=null | op=WRITE_CHUNK {blockData=conID: 3 locID: 102665037983449783 bcsId: 0} | ret=SUCCESS |  
2019-08-23 07:09:18,698 | INFO  | DNAudit | user=null | ip=null | op=WRITE_CHUNK {blockData=conID: 3 locID: 102665037983449783 bcsId: 0} | ret=SUCCESS |  
2019-08-23 07:09:18,698 | INFO  | DNAudit | user=null | ip=null | op=WRITE_CHUNK {blockData=conID: 3 locID: 102665037983449783 bcsId: 0} | ret=SUCCESS |  
2019-08-23 07:09:18,700 | INFO  | DNAudit | user=null | ip=null | op=WRITE_CHUNK {blockData=conID: 3 locID: 102665037983449783 bcsId: 0} | ret=SUCCESS |  
2019-08-23 07:09:18,701 | INFO  | DNAudit | user=null | ip=null | op=WRITE_CHUNK {blockData=conID: 3 locID: 102665037983449783 bcsId: 0} | ret=SUCCESS |  
2019-08-23 07:09:18,707 | INFO  | DNAudit | user=null | ip=null | op=WRITE_CHUNK {blockData=conID: 3 locID: 102665037983449783 bcsId: 0} | ret=SUCCESS |  
2019-08-23 07:09:18,708 | INFO  | DNAudit | user=null | ip=null | op=PUT_BLOCK {blockData=[blockId=conID: 3 locID: 102665037983449783 bcsId: 0,size=1048576]} | ret=SUCCESS |  
2019-08-23 07:09:18,708 [grpc-default-executor-6] INFO  client.GrpcClientProtocolClient (GrpcClientProtocolClient.java:onNext(255)) - client-D91E5D1E15CE->f2ba01fc-a63e-4348-bd18-030b60a135e7: receive RaftClientReply:client-D91E5D1E15CE->f2ba01fc-a63e-4348-bd18-030b60a135e7@group-C8C62FEF0626, cid=3508, SUCCESS, logIndex=5288, commits[f2ba01fc-a63e-4348-bd18-030b60a135e7:c5289, eab135d4-a257-4705-b491-6c056b8c5df7:c5287, a4f67574-9018-43e7-8a54-351e98dc3d0a:c5287]
2019-08-23 07:09:18,708 | INFO  | DNAudit | user=null | ip=null | op=WRITE_CHUNK {blockData=conID: 3 locID: 102665037983449783 bcsId: 0} | ret=SUCCESS |  
2019-08-23 07:09:18,708 [grpc-default-executor-6] INFO  client.GrpcClientProtocolClient (GrpcClientProtocolClient.java:onNext(255)) - client-D91E5D1E15CE->f2ba01fc-a63e-4348-bd18-030b60a135e7: receive RaftClientReply:client-D91E5D1E15CE->f2ba01fc-a63e-4348-bd18-030b60a135e7@group-C8C62FEF0626, cid=3509, SUCCESS, logIndex=5289, commits[f2ba01fc-a63e-4348-bd18-030b60a135e7:c5289, eab135d4-a257-4705-b491-6c056b8c5df7:c5287, a4f67574-9018-43e7-8a54-351e98dc3d0a:c5287]
2019-08-23 07:09:18,709 | INFO  | DNAudit | user=null | ip=null | op=PUT_BLOCK {blockData=[blockId=conID: 3 locID: 102665037983449783 bcsId: 0,size=2097152]} | ret=SUCCESS |  
2019-08-23 07:09:18,709 [grpc-default-executor-6] INFO  client.GrpcClientProtocolClient (GrpcClientProtocolClient.java:onNext(255)) - client-D91E5D1E15CE->f2ba01fc-a63e-4348-bd18-030b60a135e7: receive RaftClientReply:client-D91E5D1E15CE->f2ba01fc-a63e-4348-bd18-030b60a135e7@group-C8C62FEF0626, cid=3510, SUCCESS, logIndex=5290, commits[f2ba01fc-a63e-4348-bd18-030b60a135e7:c5291, eab135d4-a257-4705-b491-6c056b8c5df7:c5287, a4f67574-9018-43e7-8a54-351e98dc3d0a:c5287]
2019-08-23 07:09:18,709 [grpc-default-executor-6] INFO  client.GrpcClientProtocolClient (GrpcClientProtocolClient.java:onNext(255)) - client-D91E5D1E15CE->f2ba01fc-a63e-4348-bd18-030b60a135e7: receive RaftClientReply:client-D91E5D1E15CE->f2ba01fc-a63e-4348-bd18-030b60a135e7@group-C8C62FEF0626, cid=3511, SUCCESS, logIndex=5291, commits[f2ba01fc-a63e-4348-bd18-030b60a135e7:c5291, eab135d4-a257-4705-b491-6c056b8c5df7:c5287, a4f67574-9018-43e7-8a54-351e98dc3d0a:c5287]
2019-08-23 07:09:18,721 | INFO  | DNAudit | user=null | ip=null | op=WRITE_CHUNK {blockData=conID: 3 locID: 102665037983449783 bcsId: 0} | ret=SUCCESS |  
2019-08-23 07:09:18,721 | INFO  | DNAudit | user=null | ip=null | op=PUT_BLOCK {blockData=[blockId=conID: 3 locID: 102665037983449783 bcsId: 0,size=1048576]} | ret=SUCCESS |  
2019-08-23 07:09:18,721 | INFO  | DNAudit | user=null | ip=null | op=WRITE_CHUNK {blockData=conID: 3 locID: 102665037983449783 bcsId: 0} | ret=SUCCESS |  
2019-08-23 07:09:18,721 | INFO  | DNAudit | user=null | ip=null | op=PUT_BLOCK {blockData=[blockId=conID: 3 locID: 102665037983449783 bcsId: 0,size=1048576]} | ret=SUCCESS |  
2019-08-23 07:09:18,722 | INFO  | DNAudit | user=null | ip=null | op=WRITE_CHUNK {blockData=conID: 3 locID: 102665037983449783 bcsId: 0} | ret=SUCCESS |  
2019-08-23 07:09:18,722 | INFO  | DNAudit | user=null | ip=null | op=PUT_BLOCK {blockData=[blockId=conID: 3 locID: 102665037983449783 bcsId: 0,size=2097152]} | ret=SUCCESS |  
2019-08-23 07:09:18,722 | INFO  | DNAudit | user=null | ip=null | op=WRITE_CHUNK {blockData=conID: 3 locID: 102665037983449783 bcsId: 0} | ret=SUCCESS |  
2019-08-23 07:09:18,722 | INFO  | DNAudit | user=null | ip=null | op=PUT_BLOCK {blockData=[blockId=conID: 3 locID: 102665037983449783 bcsId: 0,size=2097152]} | ret=SUCCESS |  
2019-08-23 07:09:18,722 [grpc-default-executor-4] INFO  client.GrpcClientProtocolClient (GrpcClientProtocolClient.java:onNext(255)) - client-D91E5D1E15CE->f2ba01fc-a63e-4348-bd18-030b60a135e7: receive RaftClientReply:client-D91E5D1E15CE->f2ba01fc-a63e-4348-bd18-030b60a135e7@group-C8C62FEF0626, cid=3512, SUCCESS, logIndex=0, commits[f2ba01fc-a63e-4348-bd18-030b60a135e7:c5293, eab135d4-a257-4705-b491-6c056b8c5df7:c5289, a4f67574-9018-43e7-8a54-351e98dc3d0a:c5289]
2019-08-23 07:09:18,729 | INFO  | DNAudit | user=null | ip=null | op=WRITE_CHUNK {blockData=conID: 3 locID: 102665037983449783 bcsId: 5291} | ret=SUCCESS |  
2019-08-23 07:09:18,731 | INFO  | DNAudit | user=null | ip=null | op=WRITE_CHUNK {blockData=conID: 3 locID: 102665037983449783 bcsId: 5291} | ret=SUCCESS |  
2019-08-23 07:09:18,731 | INFO  | DNAudit | user=null | ip=null | op=WRITE_CHUNK {blockData=conID: 3 locID: 102665037983449783 bcsId: 5291} | ret=SUCCESS |  
2019-08-23 07:09:18,733 | INFO  | DNAudit | user=null | ip=null | op=WRITE_CHUNK {blockData=conID: 3 locID: 102665037983449783 bcsId: 5291} | ret=SUCCESS |  
2019-08-23 07:09:18,734 | INFO  | DNAudit | user=null | ip=null | op=PUT_BLOCK {blockData=[blockId=conID: 3 locID: 102665037983449783 bcsId: 0,size=3145728]} | ret=SUCCESS |  
2019-08-23 07:09:18,734 [grpc-default-executor-3] INFO  client.GrpcClientProtocolClient (GrpcClientProtocolClient.java:onNext(255)) - client-D91E5D1E15CE->f2ba01fc-a63e-4348-bd18-030b60a135e7: receive RaftClientReply:client-D91E5D1E15CE->f2ba01fc-a63e-4348-bd18-030b60a135e7@group-C8C62FEF0626, cid=3513, SUCCESS, logIndex=5296, commits[f2ba01fc-a63e-4348-bd18-030b60a135e7:c5297, eab135d4-a257-4705-b491-6c056b8c5df7:c5291, a4f67574-9018-43e7-8a54-351e98dc3d0a:c5295]
2019-08-23 07:09:18,734 [grpc-default-executor-3] INFO  client.GrpcClientProtocolClient (GrpcClientProtocolClient.java:onNext(255)) - client-D91E5D1E15CE->f2ba01fc-a63e-4348-bd18-030b60a135e7: receive RaftClientReply:client-D91E5D1E15CE->f2ba01fc-a63e-4348-bd18-030b60a135e7@group-C8C62FEF0626, cid=3514, SUCCESS, logIndex=5297, commits[f2ba01fc-a63e-4348-bd18-030b60a135e7:c5297, eab135d4-a257-4705-b491-6c056b8c5df7:c5295, a4f67574-9018-43e7-8a54-351e98dc3d0a:c5295]
2019-08-23 07:09:18,734 | INFO  | DNAudit | user=null | ip=null | op=WRITE_CHUNK {blockData=conID: 3 locID: 102665037983449783 bcsId: 5291} | ret=SUCCESS |  
2019-08-23 07:09:18,735 | INFO  | DNAudit | user=null | ip=null | op=WRITE_CHUNK {blockData=conID: 3 locID: 102665037983449783 bcsId: 5291} | ret=SUCCESS |  
2019-08-23 07:09:18,735 | INFO  | DNAudit | user=null | ip=null | op=PUT_BLOCK {blockData=[blockId=conID: 3 locID: 102665037983449783 bcsId: 0,size=3145728]} | ret=SUCCESS |  
2019-08-23 07:09:18,735 | INFO  | DNAudit | user=null | ip=null | op=PUT_BLOCK {blockData=[blockId=conID: 3 locID: 102665037983449783 bcsId: 0,size=3145728]} | ret=SUCCESS |  
2019-08-23 07:09:18,740 | INFO  | DNAudit | user=null | ip=null | op=WRITE_CHUNK {blockData=conID: 3 locID: 102665037983449783 bcsId: 5297} | ret=SUCCESS |  
2019-08-23 07:09:18,743 | INFO  | DNAudit | user=null | ip=null | op=WRITE_CHUNK {blockData=conID: 3 locID: 102665037983449783 bcsId: 5297} | ret=SUCCESS |  
2019-08-23 07:09:18,743 | INFO  | DNAudit | user=null | ip=null | op=WRITE_CHUNK {blockData=conID: 3 locID: 102665037983449783 bcsId: 5297} | ret=SUCCESS |  
2019-08-23 07:09:18,746 | INFO  | DNAudit | user=null | ip=null | op=WRITE_CHUNK {blockData=conID: 3 locID: 102665037983449783 bcsId: 5297} | ret=SUCCESS |  
2019-08-23 07:09:18,746 | INFO  | DNAudit | user=null | ip=null | op=PUT_BLOCK {blockData=[blockId=conID: 3 locID: 102665037983449783 bcsId: 0,size=4194304]} | ret=SUCCESS |  
2019-08-23 07:09:18,746 [grpc-default-executor-3] INFO  client.GrpcClientProtocolClient (GrpcClientProtocolClient.java:onNext(255)) - client-D91E5D1E15CE->f2ba01fc-a63e-4348-bd18-030b60a135e7: receive RaftClientReply:client-D91E5D1E15CE->f2ba01fc-a63e-4348-bd18-030b60a135e7@group-C8C62FEF0626, cid=3515, SUCCESS, logIndex=5300, commits[f2ba01fc-a63e-4348-bd18-030b60a135e7:c5301, eab135d4-a257-4705-b491-6c056b8c5df7:c5299, a4f67574-9018-43e7-8a54-351e98dc3d0a:c5297]
2019-08-23 07:09:18,747 [grpc-default-executor-3] INFO  client.GrpcClientProtocolClient (GrpcClientProtocolClient.java:onNext(255)) - client-D91E5D1E15CE->f2ba01fc-a63e-4348-bd18-030b60a135e7: receive RaftClientReply:client-D91E5D1E15CE->f2ba01fc-a63e-4348-bd18-030b60a135e7@group-C8C62FEF0626, cid=3516, SUCCESS, logIndex=5301, commits[f2ba01fc-a63e-4348-bd18-030b60a135e7:c5301, eab135d4-a257-4705-b491-6c056b8c5df7:c5299, a4f67574-9018-43e7-8a54-351e98dc3d0a:c5299]
2019-08-23 07:09:18,747 | INFO  | DNAudit | user=null | ip=null | op=WRITE_CHUNK {blockData=conID: 3 locID: 102665037983449783 bcsId: 5297} | ret=SUCCESS |  
2019-08-23 07:09:18,747 | INFO  | DNAudit | user=null | ip=null | op=WRITE_CHUNK {blockData=conID: 3 locID: 102665037983449783 bcsId: 5297} | ret=SUCCESS |  
2019-08-23 07:09:18,747 | INFO  | DNAudit | user=null | ip=null | op=PUT_BLOCK {blockData=[blockId=conID: 3 locID: 102665037983449783 bcsId: 0,size=4194304]} | ret=SUCCESS |  
2019-08-23 07:09:18,747 | INFO  | DNAudit | user=null | ip=null | op=PUT_BLOCK {blockData=[blockId=conID: 3 locID: 102665037983449783 bcsId: 0,size=4194304]} | ret=SUCCESS |  
2019-08-23 07:09:18,747 [grpc-default-executor-4] INFO  client.GrpcClientProtocolClient (GrpcClientProtocolClient.java:onNext(255)) - client-D91E5D1E15CE->f2ba01fc-a63e-4348-bd18-030b60a135e7: receive RaftClientReply:client-D91E5D1E15CE->f2ba01fc-a63e-4348-bd18-030b60a135e7@group-C8C62FEF0626, cid=3517, SUCCESS, logIndex=0, commits[f2ba01fc-a63e-4348-bd18-030b60a135e7:c5302, eab135d4-a257-4705-b491-6c056b8c5df7:c5301, a4f67574-9018-43e7-8a54-351e98dc3d0a:c5301]
2019-08-23 07:09:18,754 | INFO  | SCMAudit | user=jenkins1000 | ip=192.168.5.178 | op=ALLOCATE_BLOCK {owner=aaf04d22-10dd-4717-8862-c651bdde72cf, size=4194304, type=RATIS, factor=THREE} | ret=SUCCESS |  
2019-08-23 07:09:18,758 | INFO  | OMAudit | user=jenkins1000 | ip=127.0.0.1 | op=ALLOCATE_BLOCK {volume=vol-0-67663, bucket=bucket-0-68950, key=key-0-26970, dataSize=0, replicationType=null, replicationFactor=null, keyLocationInfo=null, clientID=102665036030476690} | ret=SUCCESS |  
2019-08-23 07:09:18,765 | INFO  | DNAudit | user=null | ip=null | op=WRITE_CHUNK {blockData=conID: 1 locID: 102665037988037304 bcsId: 0} | ret=SUCCESS |  
2019-08-23 07:09:18,767 | INFO  | DNAudit | user=null | ip=null | op=WRITE_CHUNK {blockData=conID: 1 locID: 102665037988037304 bcsId: 0} | ret=SUCCESS |  
2019-08-23 07:09:18,767 | INFO  | DNAudit | user=null | ip=null | op=WRITE_CHUNK {blockData=conID: 1 locID: 102665037988037304 bcsId: 0} | ret=SUCCESS |  
2019-08-23 07:09:18,768 | INFO  | DNAudit | user=null | ip=null | op=WRITE_CHUNK {blockData=conID: 1 locID: 102665037988037304 bcsId: 0} | ret=SUCCESS |  
2019-08-23 07:09:18,770 | INFO  | DNAudit | user=null | ip=null | op=WRITE_CHUNK {blockData=conID: 1 locID: 102665037988037304 bcsId: 0} | ret=SUCCESS |  
2019-08-23 07:09:18,770 | INFO  | DNAudit | user=null | ip=null | op=WRITE_CHUNK {blockData=conID: 1 locID: 102665037988037304 bcsId: 0} | ret=SUCCESS |  
2019-08-23 07:09:18,778 | INFO  | DNAudit | user=null | ip=null | op=WRITE_CHUNK {blockData=conID: 1 locID: 102665037988037304 bcsId: 0} | ret=SUCCESS |  
2019-08-23 07:09:18,779 | INFO  | DNAudit | user=null | ip=null | op=PUT_BLOCK {blockData=[blockId=conID: 1 locID: 102665037988037304 bcsId: 0,size=1048576]} | ret=SUCCESS |  
2019-08-23 07:09:18,779 [grpc-default-executor-6] INFO  client.GrpcClientProtocolClient (GrpcClientProtocolClient.java:onNext(255)) - client-D91E5D1E15CE->f2ba01fc-a63e-4348-bd18-030b60a135e7: receive RaftClientReply:client-D91E5D1E15CE->f2ba01fc-a63e-4348-bd18-030b60a135e7@group-C8C62FEF0626, cid=3518, SUCCESS, logIndex=5304, commits[f2ba01fc-a63e-4348-bd18-030b60a135e7:c5305, eab135d4-a257-4705-b491-6c056b8c5df7:c5303, a4f67574-9018-43e7-8a54-351e98dc3d0a:c5303]
2019-08-23 07:09:18,779 [grpc-default-executor-6] INFO  client.GrpcClientProtocolClient (GrpcClientProtocolClient.java:onNext(255)) - client-D91E5D1E15CE->f2ba01fc-a63e-4348-bd18-030b60a135e7: receive RaftClientReply:client-D91E5D1E15CE->f2ba01fc-a63e-4348-bd18-030b60a135e7@group-C8C62FEF0626, cid=3519, SUCCESS, logIndex=5305, commits[f2ba01fc-a63e-4348-bd18-030b60a135e7:c5305, eab135d4-a257-4705-b491-6c056b8c5df7:c5303, a4f67574-9018-43e7-8a54-351e98dc3d0a:c5303]
2019-08-23 07:09:18,781 | INFO  | DNAudit | user=null | ip=null | op=WRITE_CHUNK {blockData=conID: 1 locID: 102665037988037304 bcsId: 0} | ret=SUCCESS |  
2019-08-23 07:09:18,781 | INFO  | DNAudit | user=null | ip=null | op=PUT_BLOCK {blockData=[blockId=conID: 1 locID: 102665037988037304 bcsId: 0,size=2097152]} | ret=SUCCESS |  
2019-08-23 07:09:18,781 [grpc-default-executor-3] INFO  client.GrpcClientProtocolClient (GrpcClientProtocolClient.java:onNext(255)) - client-D91E5D1E15CE->f2ba01fc-a63e-4348-bd18-030b60a135e7: receive RaftClientReply:client-D91E5D1E15CE->f2ba01fc-a63e-4348-bd18-030b60a135e7@group-C8C62FEF0626, cid=3520, SUCCESS, logIndex=5306, commits[f2ba01fc-a63e-4348-bd18-030b60a135e7:c5307, eab135d4-a257-4705-b491-6c056b8c5df7:c5303, a4f67574-9018-43e7-8a54-351e98dc3d0a:c5303]
2019-08-23 07:09:18,781 [grpc-default-executor-3] INFO  client.GrpcClientProtocolClient (GrpcClientProtocolClient.java:onNext(255)) - client-D91E5D1E15CE->f2ba01fc-a63e-4348-bd18-030b60a135e7: receive RaftClientReply:client-D91E5D1E15CE->f2ba01fc-a63e-4348-bd18-030b60a135e7@group-C8C62FEF0626, cid=3521, SUCCESS, logIndex=5307, commits[f2ba01fc-a63e-4348-bd18-030b60a135e7:c5307, eab135d4-a257-4705-b491-6c056b8c5df7:c5303, a4f67574-9018-43e7-8a54-351e98dc3d0a:c5303]
2019-08-23 07:09:18,782 | INFO  | DNAudit | user=null | ip=null | op=WRITE_CHUNK {blockData=conID: 1 locID: 102665037988037304 bcsId: 0} | ret=SUCCESS |  
2019-08-23 07:09:18,782 | INFO  | DNAudit | user=null | ip=null | op=PUT_BLOCK {blockData=[blockId=conID: 1 locID: 102665037988037304 bcsId: 0,size=1048576]} | ret=SUCCESS |  
2019-08-23 07:09:18,782 | INFO  | DNAudit | user=null | ip=null | op=WRITE_CHUNK {blockData=conID: 1 locID: 102665037988037304 bcsId: 0} | ret=SUCCESS |  
2019-08-23 07:09:18,782 | INFO  | DNAudit | user=null | ip=null | op=PUT_BLOCK {blockData=[blockId=conID: 1 locID: 102665037988037304 bcsId: 0,size=1048576]} | ret=SUCCESS |  
2019-08-23 07:09:18,783 | INFO  | DNAudit | user=null | ip=null | op=WRITE_CHUNK {blockData=conID: 1 locID: 102665037988037304 bcsId: 0} | ret=SUCCESS |  
2019-08-23 07:09:18,783 | INFO  | DNAudit | user=null | ip=null | op=PUT_BLOCK {blockData=[blockId=conID: 1 locID: 102665037988037304 bcsId: 0,size=2097152]} | ret=SUCCESS |  
2019-08-23 07:09:18,783 [grpc-default-executor-3] INFO  client.GrpcClientProtocolClient (GrpcClientProtocolClient.java:onNext(255)) - client-D91E5D1E15CE->f2ba01fc-a63e-4348-bd18-030b60a135e7: receive RaftClientReply:client-D91E5D1E15CE->f2ba01fc-a63e-4348-bd18-030b60a135e7@group-C8C62FEF0626, cid=3522, SUCCESS, logIndex=0, commits[f2ba01fc-a63e-4348-bd18-030b60a135e7:c5309, eab135d4-a257-4705-b491-6c056b8c5df7:c5305, a4f67574-9018-43e7-8a54-351e98dc3d0a:c5305]
2019-08-23 07:09:18,783 | INFO  | DNAudit | user=null | ip=null | op=WRITE_CHUNK {blockData=conID: 1 locID: 102665037988037304 bcsId: 0} | ret=SUCCESS |  
2019-08-23 07:09:18,784 | INFO  | DNAudit | user=null | ip=null | op=PUT_BLOCK {blockData=[blockId=conID: 1 locID: 102665037988037304 bcsId: 0,size=2097152]} | ret=SUCCESS |  
2019-08-23 07:09:18,790 | INFO  | DNAudit | user=null | ip=null | op=WRITE_CHUNK {blockData=conID: 1 locID: 102665037988037304 bcsId: 5307} | ret=SUCCESS |  
2019-08-23 07:09:18,792 | INFO  | DNAudit | user=null | ip=null | op=WRITE_CHUNK {blockData=conID: 1 locID: 102665037988037304 bcsId: 5307} | ret=SUCCESS |  
2019-08-23 07:09:18,793 | INFO  | DNAudit | user=null | ip=null | op=WRITE_CHUNK {blockData=conID: 1 locID: 102665037988037304 bcsId: 5307} | ret=SUCCESS |  
2019-08-23 07:09:18,803 | INFO  | DNAudit | user=null | ip=null | op=WRITE_CHUNK {blockData=conID: 1 locID: 102665037988037304 bcsId: 5307} | ret=SUCCESS |  
2019-08-23 07:09:18,804 | INFO  | DNAudit | user=null | ip=null | op=PUT_BLOCK {blockData=[blockId=conID: 1 locID: 102665037988037304 bcsId: 0,size=3145728]} | ret=SUCCESS |  
2019-08-23 07:09:18,804 [grpc-default-executor-4] INFO  client.GrpcClientProtocolClient (GrpcClientProtocolClient.java:onNext(255)) - client-D91E5D1E15CE->f2ba01fc-a63e-4348-bd18-030b60a135e7: receive RaftClientReply:client-D91E5D1E15CE->f2ba01fc-a63e-4348-bd18-030b60a135e7@group-C8C62FEF0626, cid=3523, SUCCESS, logIndex=5312, commits[f2ba01fc-a63e-4348-bd18-030b60a135e7:c5313, eab135d4-a257-4705-b491-6c056b8c5df7:c5311, a4f67574-9018-43e7-8a54-351e98dc3d0a:c5311]
2019-08-23 07:09:18,804 [grpc-default-executor-4] INFO  client.GrpcClientProtocolClient (GrpcClientProtocolClient.java:onNext(255)) - client-D91E5D1E15CE->f2ba01fc-a63e-4348-bd18-030b60a135e7: receive RaftClientReply:client-D91E5D1E15CE->f2ba01fc-a63e-4348-bd18-030b60a135e7@group-C8C62FEF0626, cid=3524, SUCCESS, logIndex=5313, commits[f2ba01fc-a63e-4348-bd18-030b60a135e7:c5313, eab135d4-a257-4705-b491-6c056b8c5df7:c5311, a4f67574-9018-43e7-8a54-351e98dc3d0a:c5311]
2019-08-23 07:09:18,811 | INFO  | DNAudit | user=null | ip=null | op=WRITE_CHUNK {blockData=conID: 1 locID: 102665037988037304 bcsId: 5313} | ret=SUCCESS |  
2019-08-23 07:09:18,813 | INFO  | DNAudit | user=null | ip=null | op=WRITE_CHUNK {blockData=conID: 1 locID: 102665037988037304 bcsId: 5313} | ret=SUCCESS |  
2019-08-23 07:09:18,814 | INFO  | DNAudit | user=null | ip=null | op=WRITE_CHUNK {blockData=conID: 1 locID: 102665037988037304 bcsId: 5313} | ret=SUCCESS |  
2019-08-23 07:09:18,816 | INFO  | DNAudit | user=null | ip=null | op=WRITE_CHUNK {blockData=conID: 1 locID: 102665037988037304 bcsId: 5307} | ret=SUCCESS |  
2019-08-23 07:09:18,816 | INFO  | DNAudit | user=null | ip=null | op=PUT_BLOCK {blockData=[blockId=conID: 1 locID: 102665037988037304 bcsId: 0,size=3145728]} | ret=SUCCESS |  
2019-08-23 07:09:18,818 | INFO  | DNAudit | user=null | ip=null | op=WRITE_CHUNK {blockData=conID: 1 locID: 102665037988037304 bcsId: 5307} | ret=SUCCESS |  
2019-08-23 07:09:18,819 | INFO  | DNAudit | user=null | ip=null | op=PUT_BLOCK {blockData=[blockId=conID: 1 locID: 102665037988037304 bcsId: 0,size=3145728]} | ret=SUCCESS |  
2019-08-23 07:09:18,819 | INFO  | DNAudit | user=null | ip=null | op=WRITE_CHUNK {blockData=conID: 1 locID: 102665037988037304 bcsId: 5313} | ret=SUCCESS |  
2019-08-23 07:09:18,820 | INFO  | DNAudit | user=null | ip=null | op=PUT_BLOCK {blockData=[blockId=conID: 1 locID: 102665037988037304 bcsId: 0,size=4194304]} | ret=SUCCESS |  
2019-08-23 07:09:18,820 [grpc-default-executor-4] INFO  client.GrpcClientProtocolClient (GrpcClientProtocolClient.java:onNext(255)) - client-D91E5D1E15CE->f2ba01fc-a63e-4348-bd18-030b60a135e7: receive RaftClientReply:client-D91E5D1E15CE->f2ba01fc-a63e-4348-bd18-030b60a135e7@group-C8C62FEF0626, cid=3525, SUCCESS, logIndex=5316, commits[f2ba01fc-a63e-4348-bd18-030b60a135e7:c5317, eab135d4-a257-4705-b491-6c056b8c5df7:c5313, a4f67574-9018-43e7-8a54-351e98dc3d0a:c5311]
2019-08-23 07:09:18,820 [grpc-default-executor-4] INFO  client.GrpcClientProtocolClient (GrpcClientProtocolClient.java:onNext(255)) - client-D91E5D1E15CE->f2ba01fc-a63e-4348-bd18-030b60a135e7: receive RaftClientReply:client-D91E5D1E15CE->f2ba01fc-a63e-4348-bd18-030b60a135e7@group-C8C62FEF0626, cid=3526, SUCCESS, logIndex=5317, commits[f2ba01fc-a63e-4348-bd18-030b60a135e7:c5317, eab135d4-a257-4705-b491-6c056b8c5df7:c5313, a4f67574-9018-43e7-8a54-351e98dc3d0a:c5311]
2019-08-23 07:09:18,822 [grpc-default-executor-4] INFO  client.GrpcClientProtocolClient (GrpcClientProtocolClient.java:onNext(255)) - client-D91E5D1E15CE->f2ba01fc-a63e-4348-bd18-030b60a135e7: receive RaftClientReply:client-D91E5D1E15CE->f2ba01fc-a63e-4348-bd18-030b60a135e7@group-C8C62FEF0626, cid=3527, SUCCESS, logIndex=0, commits[f2ba01fc-a63e-4348-bd18-030b60a135e7:c5317, eab135d4-a257-4705-b491-6c056b8c5df7:c5313, a4f67574-9018-43e7-8a54-351e98dc3d0a:c5313]
2019-08-23 07:09:18,831 | INFO  | DNAudit | user=null | ip=null | op=WRITE_CHUNK {blockData=conID: 1 locID: 102665037988037304 bcsId: 5313} | ret=SUCCESS |  
2019-08-23 07:09:18,831 | INFO  | DNAudit | user=null | ip=null | op=WRITE_CHUNK {blockData=conID: 1 locID: 102665037988037304 bcsId: 5313} | ret=SUCCESS |  
2019-08-23 07:09:18,832 | INFO  | DNAudit | user=null | ip=null | op=PUT_BLOCK {blockData=[blockId=conID: 1 locID: 102665037988037304 bcsId: 0,size=4194304]} | ret=SUCCESS |  
2019-08-23 07:09:18,832 | INFO  | DNAudit | user=null | ip=null | op=PUT_BLOCK {blockData=[blockId=conID: 1 locID: 102665037988037304 bcsId: 0,size=4194304]} | ret=SUCCESS |  
2019-08-23 07:09:18,832 [grpc-default-executor-4] INFO  client.GrpcClientProtocolClient (GrpcClientProtocolClient.java:onNext(255)) - client-D91E5D1E15CE->f2ba01fc-a63e-4348-bd18-030b60a135e7: receive RaftClientReply:client-D91E5D1E15CE->f2ba01fc-a63e-4348-bd18-030b60a135e7@group-C8C62FEF0626, cid=3528, SUCCESS, logIndex=0, commits[f2ba01fc-a63e-4348-bd18-030b60a135e7:c5318, eab135d4-a257-4705-b491-6c056b8c5df7:c5317, a4f67574-9018-43e7-8a54-351e98dc3d0a:c5317]
2019-08-23 07:09:18,839 | INFO  | SCMAudit | user=jenkins1000 | ip=192.168.5.178 | op=ALLOCATE_BLOCK {owner=aaf04d22-10dd-4717-8862-c651bdde72cf, size=4194304, type=RATIS, factor=THREE} | ret=SUCCESS |  
2019-08-23 07:09:18,844 | INFO  | OMAudit | user=jenkins1000 | ip=127.0.0.1 | op=ALLOCATE_BLOCK {volume=vol-0-67663, bucket=bucket-0-68950, key=key-0-26970, dataSize=0, replicationType=null, replicationFactor=null, keyLocationInfo=null, clientID=102665036030476690} | ret=SUCCESS |  
2019-08-23 07:09:18,851 | INFO  | DNAudit | user=null | ip=null | op=WRITE_CHUNK {blockData=conID: 2 locID: 102665037993673401 bcsId: 0} | ret=SUCCESS |  
2019-08-23 07:09:18,854 | INFO  | DNAudit | user=null | ip=null | op=WRITE_CHUNK {blockData=conID: 2 locID: 102665037993673401 bcsId: 0} | ret=SUCCESS |  
2019-08-23 07:09:18,854 | INFO  | DNAudit | user=null | ip=null | op=WRITE_CHUNK {blockData=conID: 2 locID: 102665037993673401 bcsId: 0} | ret=SUCCESS |  
2019-08-23 07:09:18,854 | INFO  | DNAudit | user=null | ip=null | op=WRITE_CHUNK {blockData=conID: 2 locID: 102665037993673401 bcsId: 0} | ret=SUCCESS |  
2019-08-23 07:09:18,855 | INFO  | DNAudit | user=null | ip=null | op=WRITE_CHUNK {blockData=conID: 2 locID: 102665037993673401 bcsId: 0} | ret=SUCCESS |  
2019-08-23 07:09:18,855 | INFO  | DNAudit | user=null | ip=null | op=WRITE_CHUNK {blockData=conID: 2 locID: 102665037993673401 bcsId: 0} | ret=SUCCESS |  
2019-08-23 07:09:18,864 | INFO  | DNAudit | user=null | ip=null | op=WRITE_CHUNK {blockData=conID: 2 locID: 102665037993673401 bcsId: 0} | ret=SUCCESS |  
2019-08-23 07:09:18,865 | INFO  | DNAudit | user=null | ip=null | op=PUT_BLOCK {blockData=[blockId=conID: 2 locID: 102665037993673401 bcsId: 0,size=1048576]} | ret=SUCCESS |  
2019-08-23 07:09:18,865 | INFO  | DNAudit | user=null | ip=null | op=WRITE_CHUNK {blockData=conID: 2 locID: 102665037993673401 bcsId: 0} | ret=SUCCESS |  
2019-08-23 07:09:18,865 [grpc-default-executor-3] INFO  client.GrpcClientProtocolClient (GrpcClientProtocolClient.java:onNext(255)) - client-D91E5D1E15CE->f2ba01fc-a63e-4348-bd18-030b60a135e7: receive RaftClientReply:client-D91E5D1E15CE->f2ba01fc-a63e-4348-bd18-030b60a135e7@group-C8C62FEF0626, cid=3529, SUCCESS, logIndex=5320, commits[f2ba01fc-a63e-4348-bd18-030b60a135e7:c5322, eab135d4-a257-4705-b491-6c056b8c5df7:c5319, a4f67574-9018-43e7-8a54-351e98dc3d0a:c5319]
2019-08-23 07:09:18,865 | INFO  | DNAudit | user=null | ip=null | op=PUT_BLOCK {blockData=[blockId=conID: 2 locID: 102665037993673401 bcsId: 0,size=2097152]} | ret=SUCCESS |  
2019-08-23 07:09:18,865 | INFO  | DNAudit | user=null | ip=null | op=WRITE_CHUNK {blockData=conID: 2 locID: 102665037993673401 bcsId: 0} | ret=SUCCESS |  
2019-08-23 07:09:18,866 [grpc-default-executor-6] INFO  client.GrpcClientProtocolClient (GrpcClientProtocolClient.java:onNext(255)) - client-D91E5D1E15CE->f2ba01fc-a63e-4348-bd18-030b60a135e7: receive RaftClientReply:client-D91E5D1E15CE->f2ba01fc-a63e-4348-bd18-030b60a135e7@group-C8C62FEF0626, cid=3530, SUCCESS, logIndex=5321, commits[f2ba01fc-a63e-4348-bd18-030b60a135e7:c5323, eab135d4-a257-4705-b491-6c056b8c5df7:c5319, a4f67574-9018-43e7-8a54-351e98dc3d0a:c5319]
2019-08-23 07:09:18,866 [grpc-default-executor-6] INFO  client.GrpcClientProtocolClient (GrpcClientProtocolClient.java:onNext(255)) - client-D91E5D1E15CE->f2ba01fc-a63e-4348-bd18-030b60a135e7: receive RaftClientReply:client-D91E5D1E15CE->f2ba01fc-a63e-4348-bd18-030b60a135e7@group-C8C62FEF0626, cid=3531, SUCCESS, logIndex=5322, commits[f2ba01fc-a63e-4348-bd18-030b60a135e7:c5323, eab135d4-a257-4705-b491-6c056b8c5df7:c5319, a4f67574-9018-43e7-8a54-351e98dc3d0a:c5319]
2019-08-23 07:09:18,866 [grpc-default-executor-6] INFO  client.GrpcClientProtocolClient (GrpcClientProtocolClient.java:onNext(255)) - client-D91E5D1E15CE->f2ba01fc-a63e-4348-bd18-030b60a135e7: receive RaftClientReply:client-D91E5D1E15CE->f2ba01fc-a63e-4348-bd18-030b60a135e7@group-C8C62FEF0626, cid=3532, SUCCESS, logIndex=5323, commits[f2ba01fc-a63e-4348-bd18-030b60a135e7:c5323, eab135d4-a257-4705-b491-6c056b8c5df7:c5319, a4f67574-9018-43e7-8a54-351e98dc3d0a:c5320]
2019-08-23 07:09:18,867 | INFO  | DNAudit | user=null | ip=null | op=WRITE_CHUNK {blockData=conID: 2 locID: 102665037993673401 bcsId: 0} | ret=SUCCESS |  
2019-08-23 07:09:18,867 | INFO  | DNAudit | user=null | ip=null | op=PUT_BLOCK {blockData=[blockId=conID: 2 locID: 102665037993673401 bcsId: 0,size=1048576]} | ret=SUCCESS |  
2019-08-23 07:09:18,878 | INFO  | DNAudit | user=null | ip=null | op=PUT_BLOCK {blockData=[blockId=conID: 2 locID: 102665037993673401 bcsId: 0,size=1048576]} | ret=SUCCESS |  
2019-08-23 07:09:18,878 | INFO  | DNAudit | user=null | ip=null | op=WRITE_CHUNK {blockData=conID: 2 locID: 102665037993673401 bcsId: 0} | ret=SUCCESS |  
2019-08-23 07:09:18,878 | INFO  | DNAudit | user=null | ip=null | op=PUT_BLOCK {blockData=[blockId=conID: 2 locID: 102665037993673401 bcsId: 0,size=2097152]} | ret=SUCCESS |  
2019-08-23 07:09:18,878 [grpc-default-executor-6] INFO  client.GrpcClientProtocolClient (GrpcClientProtocolClient.java:onNext(255)) - client-D91E5D1E15CE->f2ba01fc-a63e-4348-bd18-030b60a135e7: receive RaftClientReply:client-D91E5D1E15CE->f2ba01fc-a63e-4348-bd18-030b60a135e7@group-C8C62FEF0626, cid=3533, SUCCESS, logIndex=0, commits[f2ba01fc-a63e-4348-bd18-030b60a135e7:c5325, eab135d4-a257-4705-b491-6c056b8c5df7:c5321, a4f67574-9018-43e7-8a54-351e98dc3d0a:c5321]
2019-08-23 07:09:18,878 | INFO  | DNAudit | user=null | ip=null | op=WRITE_CHUNK {blockData=conID: 2 locID: 102665037993673401 bcsId: 0} | ret=SUCCESS |  
2019-08-23 07:09:18,879 | INFO  | DNAudit | user=null | ip=null | op=PUT_BLOCK {blockData=[blockId=conID: 2 locID: 102665037993673401 bcsId: 0,size=2097152]} | ret=SUCCESS |  
2019-08-23 07:09:18,884 | INFO  | DNAudit | user=null | ip=null | op=WRITE_CHUNK {blockData=conID: 2 locID: 102665037993673401 bcsId: 5323} | ret=SUCCESS |  
2019-08-23 07:09:18,886 | INFO  | DNAudit | user=null | ip=null | op=WRITE_CHUNK {blockData=conID: 2 locID: 102665037993673401 bcsId: 5323} | ret=SUCCESS |  
2019-08-23 07:09:18,886 | INFO  | DNAudit | user=null | ip=null | op=WRITE_CHUNK {blockData=conID: 2 locID: 102665037993673401 bcsId: 5323} | ret=SUCCESS |  
2019-08-23 07:09:18,896 | INFO  | DNAudit | user=null | ip=null | op=WRITE_CHUNK {blockData=conID: 2 locID: 102665037993673401 bcsId: 5323} | ret=SUCCESS |  
2019-08-23 07:09:18,897 | INFO  | DNAudit | user=null | ip=null | op=PUT_BLOCK {blockData=[blockId=conID: 2 locID: 102665037993673401 bcsId: 0,size=3145728]} | ret=SUCCESS |  
2019-08-23 07:09:18,897 [grpc-default-executor-4] INFO  client.GrpcClientProtocolClient (GrpcClientProtocolClient.java:onNext(255)) - client-D91E5D1E15CE->f2ba01fc-a63e-4348-bd18-030b60a135e7: receive RaftClientReply:client-D91E5D1E15CE->f2ba01fc-a63e-4348-bd18-030b60a135e7@group-C8C62FEF0626, cid=3534, SUCCESS, logIndex=5328, commits[f2ba01fc-a63e-4348-bd18-030b60a135e7:c5329, eab135d4-a257-4705-b491-6c056b8c5df7:c5327, a4f67574-9018-43e7-8a54-351e98dc3d0a:c5327]
2019-08-23 07:09:18,897 [grpc-default-executor-4] INFO  client.GrpcClientProtocolClient (GrpcClientProtocolClient.java:onNext(255)) - client-D91E5D1E15CE->f2ba01fc-a63e-4348-bd18-030b60a135e7: receive RaftClientReply:client-D91E5D1E15CE->f2ba01fc-a63e-4348-bd18-030b60a135e7@group-C8C62FEF0626, cid=3535, SUCCESS, logIndex=5329, commits[f2ba01fc-a63e-4348-bd18-030b60a135e7:c5329, eab135d4-a257-4705-b491-6c056b8c5df7:c5327, a4f67574-9018-43e7-8a54-351e98dc3d0a:c5327]
2019-08-23 07:09:18,903 | INFO  | DNAudit | user=null | ip=null | op=WRITE_CHUNK {blockData=conID: 2 locID: 102665037993673401 bcsId: 5329} | ret=SUCCESS |  
2019-08-23 07:09:18,904 | INFO  | DNAudit | user=null | ip=null | op=WRITE_CHUNK {blockData=conID: 2 locID: 102665037993673401 bcsId: 5329} | ret=SUCCESS |  
2019-08-23 07:09:18,905 | INFO  | DNAudit | user=null | ip=null | op=WRITE_CHUNK {blockData=conID: 2 locID: 102665037993673401 bcsId: 5329} | ret=SUCCESS |  
2019-08-23 07:09:18,908 | INFO  | DNAudit | user=null | ip=null | op=WRITE_CHUNK {blockData=conID: 2 locID: 102665037993673401 bcsId: 5323} | ret=SUCCESS |  
2019-08-23 07:09:18,908 | INFO  | DNAudit | user=null | ip=null | op=WRITE_CHUNK {blockData=conID: 2 locID: 102665037993673401 bcsId: 5323} | ret=SUCCESS |  
2019-08-23 07:09:18,910 | INFO  | DNAudit | user=null | ip=null | op=PUT_BLOCK {blockData=[blockId=conID: 2 locID: 102665037993673401 bcsId: 0,size=3145728]} | ret=SUCCESS |  
2019-08-23 07:09:18,910 | INFO  | DNAudit | user=null | ip=null | op=PUT_BLOCK {blockData=[blockId=conID: 2 locID: 102665037993673401 bcsId: 0,size=3145728]} | ret=SUCCESS |  
2019-08-23 07:09:18,910 | INFO  | DNAudit | user=null | ip=null | op=WRITE_CHUNK {blockData=conID: 2 locID: 102665037993673401 bcsId: 5329} | ret=SUCCESS |  
2019-08-23 07:09:18,911 | INFO  | DNAudit | user=null | ip=null | op=PUT_BLOCK {blockData=[blockId=conID: 2 locID: 102665037993673401 bcsId: 0,size=4194304]} | ret=SUCCESS |  
2019-08-23 07:09:18,911 [grpc-default-executor-4] INFO  client.GrpcClientProtocolClient (GrpcClientProtocolClient.java:onNext(255)) - client-D91E5D1E15CE->f2ba01fc-a63e-4348-bd18-030b60a135e7: receive RaftClientReply:client-D91E5D1E15CE->f2ba01fc-a63e-4348-bd18-030b60a135e7@group-C8C62FEF0626, cid=3536, SUCCESS, logIndex=5332, commits[f2ba01fc-a63e-4348-bd18-030b60a135e7:c5333, eab135d4-a257-4705-b491-6c056b8c5df7:c5329, a4f67574-9018-43e7-8a54-351e98dc3d0a:c5329]
2019-08-23 07:09:18,911 [grpc-default-executor-4] INFO  client.GrpcClientProtocolClient (GrpcClientProtocolClient.java:onNext(255)) - client-D91E5D1E15CE->f2ba01fc-a63e-4348-bd18-030b60a135e7: receive RaftClientReply:client-D91E5D1E15CE->f2ba01fc-a63e-4348-bd18-030b60a135e7@group-C8C62FEF0626, cid=3537, SUCCESS, logIndex=5333, commits[f2ba01fc-a63e-4348-bd18-030b60a135e7:c5333, eab135d4-a257-4705-b491-6c056b8c5df7:c5329, a4f67574-9018-43e7-8a54-351e98dc3d0a:c5329]
2019-08-23 07:09:18,913 | INFO  | SCMAudit | user=jenkins1000 | ip=192.168.5.178 | op=SEND_HEARTBEAT {datanodeUUID=a4f67574-9018-43e7-8a54-351e98dc3d0a, command=[]} | ret=SUCCESS |  
2019-08-23 07:09:18,914 | INFO  | SCMAudit | user=jenkins1000 | ip=192.168.5.178 | op=SEND_HEARTBEAT {datanodeUUID=f2ba01fc-a63e-4348-bd18-030b60a135e7, command=[]} | ret=SUCCESS |  
2019-08-23 07:09:18,914 | INFO  | SCMAudit | user=jenkins1000 | ip=192.168.5.178 | op=SEND_HEARTBEAT {datanodeUUID=eab135d4-a257-4705-b491-6c056b8c5df7, command=[]} | ret=SUCCESS |  
2019-08-23 07:09:18,924 | INFO  | DNAudit | user=null | ip=null | op=WRITE_CHUNK {blockData=conID: 2 locID: 102665037993673401 bcsId: 5329} | ret=SUCCESS |  
2019-08-23 07:09:18,924 | INFO  | DNAudit | user=null | ip=null | op=WRITE_CHUNK {blockData=conID: 2 locID: 102665037993673401 bcsId: 5329} | ret=SUCCESS |  
2019-08-23 07:09:18,935 | INFO  | DNAudit | user=null | ip=null | op=PUT_BLOCK {blockData=[blockId=conID: 2 locID: 102665037993673401 bcsId: 0,size=4194304]} | ret=SUCCESS |  
2019-08-23 07:09:18,935 | INFO  | DNAudit | user=null | ip=null | op=PUT_BLOCK {blockData=[blockId=conID: 2 locID: 102665037993673401 bcsId: 0,size=4194304]} | ret=SUCCESS |  
2019-08-23 07:09:18,936 [grpc-default-executor-3] INFO  client.GrpcClientProtocolClient (GrpcClientProtocolClient.java:onNext(255)) - client-D91E5D1E15CE->f2ba01fc-a63e-4348-bd18-030b60a135e7: receive RaftClientReply:client-D91E5D1E15CE->f2ba01fc-a63e-4348-bd18-030b60a135e7@group-C8C62FEF0626, cid=3538, SUCCESS, logIndex=0, commits[f2ba01fc-a63e-4348-bd18-030b60a135e7:c5334, eab135d4-a257-4705-b491-6c056b8c5df7:c5333, a4f67574-9018-43e7-8a54-351e98dc3d0a:c5333]
2019-08-23 07:09:18,941 | INFO  | SCMAudit | user=jenkins1000 | ip=192.168.5.178 | op=ALLOCATE_BLOCK {owner=aaf04d22-10dd-4717-8862-c651bdde72cf, size=4194304, type=RATIS, factor=THREE} | ret=SUCCESS |  
2019-08-23 07:09:18,945 | INFO  | OMAudit | user=jenkins1000 | ip=127.0.0.1 | op=ALLOCATE_BLOCK {volume=vol-0-67663, bucket=bucket-0-68950, key=key-0-26970, dataSize=0, replicationType=null, replicationFactor=null, keyLocationInfo=null, clientID=102665036030476690} | ret=SUCCESS |  
2019-08-23 07:09:18,952 | INFO  | DNAudit | user=null | ip=null | op=WRITE_CHUNK {blockData=conID: 3 locID: 102665038000358074 bcsId: 0} | ret=SUCCESS |  
2019-08-23 07:09:18,953 | INFO  | DNAudit | user=null | ip=null | op=WRITE_CHUNK {blockData=conID: 3 locID: 102665038000358074 bcsId: 0} | ret=SUCCESS |  
2019-08-23 07:09:18,955 | INFO  | DNAudit | user=null | ip=null | op=WRITE_CHUNK {blockData=conID: 3 locID: 102665038000358074 bcsId: 0} | ret=SUCCESS |  
2019-08-23 07:09:18,955 | INFO  | DNAudit | user=null | ip=null | op=WRITE_CHUNK {blockData=conID: 3 locID: 102665038000358074 bcsId: 0} | ret=SUCCESS |  
2019-08-23 07:09:18,956 | INFO  | DNAudit | user=null | ip=null | op=WRITE_CHUNK {blockData=conID: 3 locID: 102665038000358074 bcsId: 0} | ret=SUCCESS |  
2019-08-23 07:09:18,957 | INFO  | DNAudit | user=null | ip=null | op=WRITE_CHUNK {blockData=conID: 3 locID: 102665038000358074 bcsId: 0} | ret=SUCCESS |  
2019-08-23 07:09:18,959 | INFO  | DNAudit | user=null | ip=null | op=WRITE_CHUNK {blockData=conID: 3 locID: 102665038000358074 bcsId: 0} | ret=SUCCESS |  
2019-08-23 07:09:18,959 | INFO  | DNAudit | user=null | ip=null | op=PUT_BLOCK {blockData=[blockId=conID: 3 locID: 102665038000358074 bcsId: 0,size=1048576]} | ret=SUCCESS |  
2019-08-23 07:09:18,960 | INFO  | DNAudit | user=null | ip=null | op=WRITE_CHUNK {blockData=conID: 3 locID: 102665038000358074 bcsId: 0} | ret=SUCCESS |  
2019-08-23 07:09:18,959 [grpc-default-executor-0] INFO  client.GrpcClientProtocolClient (GrpcClientProtocolClient.java:onNext(255)) - client-D91E5D1E15CE->f2ba01fc-a63e-4348-bd18-030b60a135e7: receive RaftClientReply:client-D91E5D1E15CE->f2ba01fc-a63e-4348-bd18-030b60a135e7@group-C8C62FEF0626, cid=3539, SUCCESS, logIndex=5336, commits[f2ba01fc-a63e-4348-bd18-030b60a135e7:c5339, eab135d4-a257-4705-b491-6c056b8c5df7:c5335, a4f67574-9018-43e7-8a54-351e98dc3d0a:c5333]
2019-08-23 07:09:18,960 | INFO  | DNAudit | user=null | ip=null | op=PUT_BLOCK {blockData=[blockId=conID: 3 locID: 102665038000358074 bcsId: 0,size=2097152]} | ret=SUCCESS |  
2019-08-23 07:09:18,960 [grpc-default-executor-0] INFO  client.GrpcClientProtocolClient (GrpcClientProtocolClient.java:onNext(255)) - client-D91E5D1E15CE->f2ba01fc-a63e-4348-bd18-030b60a135e7: receive RaftClientReply:client-D91E5D1E15CE->f2ba01fc-a63e-4348-bd18-030b60a135e7@group-C8C62FEF0626, cid=3540, SUCCESS, logIndex=5337, commits[f2ba01fc-a63e-4348-bd18-030b60a135e7:c5339, eab135d4-a257-4705-b491-6c056b8c5df7:c5335, a4f67574-9018-43e7-8a54-351e98dc3d0a:c5335]
2019-08-23 07:09:18,960 [grpc-default-executor-0] INFO  client.GrpcClientProtocolClient (GrpcClientProtocolClient.java:onNext(255)) - client-D91E5D1E15CE->f2ba01fc-a63e-4348-bd18-030b60a135e7: receive RaftClientReply:client-D91E5D1E15CE->f2ba01fc-a63e-4348-bd18-030b60a135e7@group-C8C62FEF0626, cid=3541, SUCCESS, logIndex=5338, commits[f2ba01fc-a63e-4348-bd18-030b60a135e7:c5339, eab135d4-a257-4705-b491-6c056b8c5df7:c5335, a4f67574-9018-43e7-8a54-351e98dc3d0a:c5335]
2019-08-23 07:09:18,961 [grpc-default-executor-0] INFO  client.GrpcClientProtocolClient (GrpcClientProtocolClient.java:onNext(255)) - client-D91E5D1E15CE->f2ba01fc-a63e-4348-bd18-030b60a135e7: receive RaftClientReply:client-D91E5D1E15CE->f2ba01fc-a63e-4348-bd18-030b60a135e7@group-C8C62FEF0626, cid=3542, SUCCESS, logIndex=5339, commits[f2ba01fc-a63e-4348-bd18-030b60a135e7:c5339, eab135d4-a257-4705-b491-6c056b8c5df7:c5335, a4f67574-9018-43e7-8a54-351e98dc3d0a:c5335]
2019-08-23 07:09:18,962 | INFO  | DNAudit | user=null | ip=null | op=WRITE_CHUNK {blockData=conID: 3 locID: 102665038000358074 bcsId: 0} | ret=SUCCESS |  
2019-08-23 07:09:18,962 | INFO  | DNAudit | user=null | ip=null | op=WRITE_CHUNK {blockData=conID: 3 locID: 102665038000358074 bcsId: 0} | ret=SUCCESS |  
2019-08-23 07:09:18,962 | INFO  | DNAudit | user=null | ip=null | op=PUT_BLOCK {blockData=[blockId=conID: 3 locID: 102665038000358074 bcsId: 0,size=1048576]} | ret=SUCCESS |  
2019-08-23 07:09:18,963 | INFO  | DNAudit | user=null | ip=null | op=PUT_BLOCK {blockData=[blockId=conID: 3 locID: 102665038000358074 bcsId: 0,size=1048576]} | ret=SUCCESS |  
2019-08-23 07:09:18,963 | INFO  | DNAudit | user=null | ip=null | op=WRITE_CHUNK {blockData=conID: 3 locID: 102665038000358074 bcsId: 0} | ret=SUCCESS |  
2019-08-23 07:09:18,963 | INFO  | DNAudit | user=null | ip=null | op=PUT_BLOCK {blockData=[blockId=conID: 3 locID: 102665038000358074 bcsId: 0,size=2097152]} | ret=SUCCESS |  
2019-08-23 07:09:18,963 [grpc-default-executor-4] INFO  client.GrpcClientProtocolClient (GrpcClientProtocolClient.java:onNext(255)) - client-D91E5D1E15CE->f2ba01fc-a63e-4348-bd18-030b60a135e7: receive RaftClientReply:client-D91E5D1E15CE->f2ba01fc-a63e-4348-bd18-030b60a135e7@group-C8C62FEF0626, cid=3543, SUCCESS, logIndex=0, commits[f2ba01fc-a63e-4348-bd18-030b60a135e7:c5340, eab135d4-a257-4705-b491-6c056b8c5df7:c5337, a4f67574-9018-43e7-8a54-351e98dc3d0a:c5337]
2019-08-23 07:09:18,964 | INFO  | DNAudit | user=null | ip=null | op=WRITE_CHUNK {blockData=conID: 3 locID: 102665038000358074 bcsId: 0} | ret=SUCCESS |  
2019-08-23 07:09:18,964 | INFO  | DNAudit | user=null | ip=null | op=PUT_BLOCK {blockData=[blockId=conID: 3 locID: 102665038000358074 bcsId: 0,size=2097152]} | ret=SUCCESS |  
2019-08-23 07:09:18,969 | INFO  | DNAudit | user=null | ip=null | op=WRITE_CHUNK {blockData=conID: 3 locID: 102665038000358074 bcsId: 5339} | ret=SUCCESS |  
2019-08-23 07:09:18,972 | INFO  | DNAudit | user=null | ip=null | op=WRITE_CHUNK {blockData=conID: 3 locID: 102665038000358074 bcsId: 5339} | ret=SUCCESS |  
2019-08-23 07:09:18,972 | INFO  | DNAudit | user=null | ip=null | op=WRITE_CHUNK {blockData=conID: 3 locID: 102665038000358074 bcsId: 5339} | ret=SUCCESS |  
2019-08-23 07:09:18,977 | INFO  | DNAudit | user=null | ip=null | op=WRITE_CHUNK {blockData=conID: 3 locID: 102665038000358074 bcsId: 5339} | ret=SUCCESS |  
2019-08-23 07:09:18,977 | INFO  | DNAudit | user=null | ip=null | op=PUT_BLOCK {blockData=[blockId=conID: 3 locID: 102665038000358074 bcsId: 0,size=3145728]} | ret=SUCCESS |  
2019-08-23 07:09:18,978 [grpc-default-executor-3] INFO  client.GrpcClientProtocolClient (GrpcClientProtocolClient.java:onNext(255)) - client-D91E5D1E15CE->f2ba01fc-a63e-4348-bd18-030b60a135e7: receive RaftClientReply:client-D91E5D1E15CE->f2ba01fc-a63e-4348-bd18-030b60a135e7@group-C8C62FEF0626, cid=3544, SUCCESS, logIndex=5344, commits[f2ba01fc-a63e-4348-bd18-030b60a135e7:c5345, eab135d4-a257-4705-b491-6c056b8c5df7:c5343, a4f67574-9018-43e7-8a54-351e98dc3d0a:c5343]
2019-08-23 07:09:18,978 [grpc-default-executor-3] INFO  client.GrpcClientProtocolClient (GrpcClientProtocolClient.java:onNext(255)) - client-D91E5D1E15CE->f2ba01fc-a63e-4348-bd18-030b60a135e7: receive RaftClientReply:client-D91E5D1E15CE->f2ba01fc-a63e-4348-bd18-030b60a135e7@group-C8C62FEF0626, cid=3545, SUCCESS, logIndex=5345, commits[f2ba01fc-a63e-4348-bd18-030b60a135e7:c5345, eab135d4-a257-4705-b491-6c056b8c5df7:c5343, a4f67574-9018-43e7-8a54-351e98dc3d0a:c5343]
2019-08-23 07:09:18,979 | INFO  | DNAudit | user=null | ip=null | op=WRITE_CHUNK {blockData=conID: 3 locID: 102665038000358074 bcsId: 5339} | ret=SUCCESS |  
2019-08-23 07:09:18,979 | INFO  | DNAudit | user=null | ip=null | op=WRITE_CHUNK {blockData=conID: 3 locID: 102665038000358074 bcsId: 5339} | ret=SUCCESS |  
2019-08-23 07:09:18,982 | INFO  | DNAudit | user=null | ip=null | op=PUT_BLOCK {blockData=[blockId=conID: 3 locID: 102665038000358074 bcsId: 0,size=3145728]} | ret=SUCCESS |  
2019-08-23 07:09:18,982 | INFO  | DNAudit | user=null | ip=null | op=PUT_BLOCK {blockData=[blockId=conID: 3 locID: 102665038000358074 bcsId: 0,size=3145728]} | ret=SUCCESS |  
2019-08-23 07:09:18,983 | INFO  | DNAudit | user=null | ip=null | op=WRITE_CHUNK {blockData=conID: 3 locID: 102665038000358074 bcsId: 5345} | ret=SUCCESS |  
2019-08-23 07:09:18,986 | INFO  | DNAudit | user=null | ip=null | op=WRITE_CHUNK {blockData=conID: 3 locID: 102665038000358074 bcsId: 5345} | ret=SUCCESS |  
2019-08-23 07:09:18,986 | INFO  | DNAudit | user=null | ip=null | op=WRITE_CHUNK {blockData=conID: 3 locID: 102665038000358074 bcsId: 5345} | ret=SUCCESS |  
2019-08-23 07:09:18,988 | INFO  | DNAudit | user=null | ip=null | op=WRITE_CHUNK {blockData=conID: 3 locID: 102665038000358074 bcsId: 5345} | ret=SUCCESS |  
2019-08-23 07:09:18,989 | INFO  | DNAudit | user=null | ip=null | op=PUT_BLOCK {blockData=[blockId=conID: 3 locID: 102665038000358074 bcsId: 0,size=4194304]} | ret=SUCCESS |  
2019-08-23 07:09:18,989 [grpc-default-executor-0] INFO  client.GrpcClientProtocolClient (GrpcClientProtocolClient.java:onNext(255)) - client-D91E5D1E15CE->f2ba01fc-a63e-4348-bd18-030b60a135e7: receive RaftClientReply:client-D91E5D1E15CE->f2ba01fc-a63e-4348-bd18-030b60a135e7@group-C8C62FEF0626, cid=3546, SUCCESS, logIndex=5348, commits[f2ba01fc-a63e-4348-bd18-030b60a135e7:c5349, eab135d4-a257-4705-b491-6c056b8c5df7:c5347, a4f67574-9018-43e7-8a54-351e98dc3d0a:c5347]
2019-08-23 07:09:18,989 [grpc-default-executor-0] INFO  client.GrpcClientProtocolClient (GrpcClientProtocolClient.java:onNext(255)) - client-D91E5D1E15CE->f2ba01fc-a63e-4348-bd18-030b60a135e7: receive RaftClientReply:client-D91E5D1E15CE->f2ba01fc-a63e-4348-bd18-030b60a135e7@group-C8C62FEF0626, cid=3547, SUCCESS, logIndex=5349, commits[f2ba01fc-a63e-4348-bd18-030b60a135e7:c5349, eab135d4-a257-4705-b491-6c056b8c5df7:c5347, a4f67574-9018-43e7-8a54-351e98dc3d0a:c5347]
2019-08-23 07:09:18,990 | INFO  | DNAudit | user=null | ip=null | op=WRITE_CHUNK {blockData=conID: 3 locID: 102665038000358074 bcsId: 5345} | ret=SUCCESS |  
2019-08-23 07:09:18,990 | INFO  | DNAudit | user=null | ip=null | op=WRITE_CHUNK {blockData=conID: 3 locID: 102665038000358074 bcsId: 5345} | ret=SUCCESS |  
2019-08-23 07:09:18,990 | INFO  | DNAudit | user=null | ip=null | op=PUT_BLOCK {blockData=[blockId=conID: 3 locID: 102665038000358074 bcsId: 0,size=4194304]} | ret=SUCCESS |  
2019-08-23 07:09:18,991 | INFO  | DNAudit | user=null | ip=null | op=PUT_BLOCK {blockData=[blockId=conID: 3 locID: 102665038000358074 bcsId: 0,size=4194304]} | ret=SUCCESS |  
2019-08-23 07:09:18,991 [grpc-default-executor-0] INFO  client.GrpcClientProtocolClient (GrpcClientProtocolClient.java:onNext(255)) - client-D91E5D1E15CE->f2ba01fc-a63e-4348-bd18-030b60a135e7: receive RaftClientReply:client-D91E5D1E15CE->f2ba01fc-a63e-4348-bd18-030b60a135e7@group-C8C62FEF0626, cid=3548, SUCCESS, logIndex=0, commits[f2ba01fc-a63e-4348-bd18-030b60a135e7:c5350, eab135d4-a257-4705-b491-6c056b8c5df7:c5349, a4f67574-9018-43e7-8a54-351e98dc3d0a:c5349]
2019-08-23 07:09:19,149 | INFO  | SCMAudit | user=jenkins1000 | ip=192.168.5.178 | op=ALLOCATE_BLOCK {owner=aaf04d22-10dd-4717-8862-c651bdde72cf, size=4194304, type=RATIS, factor=THREE} | ret=SUCCESS |  
2019-08-23 07:09:19,156 | INFO  | OMAudit | user=jenkins1000 | ip=127.0.0.1 | op=ALLOCATE_BLOCK {volume=vol-0-67663, bucket=bucket-0-68950, key=key-0-26970, dataSize=0, replicationType=null, replicationFactor=null, keyLocationInfo=null, clientID=102665036030476690} | ret=SUCCESS |  
2019-08-23 07:09:19,165 | INFO  | DNAudit | user=null | ip=null | op=WRITE_CHUNK {blockData=conID: 1 locID: 102665038013989563 bcsId: 0} | ret=SUCCESS |  
2019-08-23 07:09:19,167 | INFO  | DNAudit | user=null | ip=null | op=WRITE_CHUNK {blockData=conID: 1 locID: 102665038013989563 bcsId: 0} | ret=SUCCESS |  
2019-08-23 07:09:19,168 | INFO  | DNAudit | user=null | ip=null | op=WRITE_CHUNK {blockData=conID: 1 locID: 102665038013989563 bcsId: 0} | ret=SUCCESS |  
2019-08-23 07:09:19,169 | INFO  | DNAudit | user=null | ip=null | op=WRITE_CHUNK {blockData=conID: 1 locID: 102665038013989563 bcsId: 0} | ret=SUCCESS |  
2019-08-23 07:09:19,171 | INFO  | DNAudit | user=null | ip=null | op=WRITE_CHUNK {blockData=conID: 1 locID: 102665038013989563 bcsId: 0} | ret=SUCCESS |  
2019-08-23 07:09:19,171 | INFO  | DNAudit | user=null | ip=null | op=WRITE_CHUNK {blockData=conID: 1 locID: 102665038013989563 bcsId: 0} | ret=SUCCESS |  
2019-08-23 07:09:19,178 | INFO  | DNAudit | user=null | ip=null | op=WRITE_CHUNK {blockData=conID: 1 locID: 102665038013989563 bcsId: 0} | ret=SUCCESS |  
2019-08-23 07:09:19,179 | INFO  | DNAudit | user=null | ip=null | op=PUT_BLOCK {blockData=[blockId=conID: 1 locID: 102665038013989563 bcsId: 0,size=1048576]} | ret=SUCCESS |  
2019-08-23 07:09:19,179 [grpc-default-executor-0] INFO  client.GrpcClientProtocolClient (GrpcClientProtocolClient.java:onNext(255)) - client-D91E5D1E15CE->f2ba01fc-a63e-4348-bd18-030b60a135e7: receive RaftClientReply:client-D91E5D1E15CE->f2ba01fc-a63e-4348-bd18-030b60a135e7@group-C8C62FEF0626, cid=3549, SUCCESS, logIndex=5352, commits[f2ba01fc-a63e-4348-bd18-030b60a135e7:c5353, eab135d4-a257-4705-b491-6c056b8c5df7:c5351, a4f67574-9018-43e7-8a54-351e98dc3d0a:c5351]
2019-08-23 07:09:19,179 | INFO  | DNAudit | user=null | ip=null | op=WRITE_CHUNK {blockData=conID: 1 locID: 102665038013989563 bcsId: 0} | ret=SUCCESS |  
2019-08-23 07:09:19,179 [grpc-default-executor-0] INFO  client.GrpcClientProtocolClient (GrpcClientProtocolClient.java:onNext(255)) - client-D91E5D1E15CE->f2ba01fc-a63e-4348-bd18-030b60a135e7: receive RaftClientReply:client-D91E5D1E15CE->f2ba01fc-a63e-4348-bd18-030b60a135e7@group-C8C62FEF0626, cid=3550, SUCCESS, logIndex=5353, commits[f2ba01fc-a63e-4348-bd18-030b60a135e7:c5354, eab135d4-a257-4705-b491-6c056b8c5df7:c5351, a4f67574-9018-43e7-8a54-351e98dc3d0a:c5351]
2019-08-23 07:09:19,180 | INFO  | DNAudit | user=null | ip=null | op=PUT_BLOCK {blockData=[blockId=conID: 1 locID: 102665038013989563 bcsId: 0,size=2097152]} | ret=SUCCESS |  
2019-08-23 07:09:19,180 [grpc-default-executor-0] INFO  client.GrpcClientProtocolClient (GrpcClientProtocolClient.java:onNext(255)) - client-D91E5D1E15CE->f2ba01fc-a63e-4348-bd18-030b60a135e7: receive RaftClientReply:client-D91E5D1E15CE->f2ba01fc-a63e-4348-bd18-030b60a135e7@group-C8C62FEF0626, cid=3551, SUCCESS, logIndex=5354, commits[f2ba01fc-a63e-4348-bd18-030b60a135e7:c5355, eab135d4-a257-4705-b491-6c056b8c5df7:c5351, a4f67574-9018-43e7-8a54-351e98dc3d0a:c5351]
2019-08-23 07:09:19,180 [grpc-default-executor-0] INFO  client.GrpcClientProtocolClient (GrpcClientProtocolClient.java:onNext(255)) - client-D91E5D1E15CE->f2ba01fc-a63e-4348-bd18-030b60a135e7: receive RaftClientReply:client-D91E5D1E15CE->f2ba01fc-a63e-4348-bd18-030b60a135e7@group-C8C62FEF0626, cid=3552, SUCCESS, logIndex=5355, commits[f2ba01fc-a63e-4348-bd18-030b60a135e7:c5355, eab135d4-a257-4705-b491-6c056b8c5df7:c5351, a4f67574-9018-43e7-8a54-351e98dc3d0a:c5351]
2019-08-23 07:09:19,191 | INFO  | DNAudit | user=null | ip=null | op=WRITE_CHUNK {blockData=conID: 1 locID: 102665038013989563 bcsId: 0} | ret=SUCCESS |  
2019-08-23 07:09:19,192 | INFO  | DNAudit | user=null | ip=null | op=PUT_BLOCK {blockData=[blockId=conID: 1 locID: 102665038013989563 bcsId: 0,size=1048576]} | ret=SUCCESS |  
2019-08-23 07:09:19,192 | INFO  | DNAudit | user=null | ip=null | op=WRITE_CHUNK {blockData=conID: 1 locID: 102665038013989563 bcsId: 0} | ret=SUCCESS |  
2019-08-23 07:09:19,192 | INFO  | DNAudit | user=null | ip=null | op=PUT_BLOCK {blockData=[blockId=conID: 1 locID: 102665038013989563 bcsId: 0,size=1048576]} | ret=SUCCESS |  
2019-08-23 07:09:19,192 | INFO  | DNAudit | user=null | ip=null | op=WRITE_CHUNK {blockData=conID: 1 locID: 102665038013989563 bcsId: 0} | ret=SUCCESS |  
2019-08-23 07:09:19,193 [grpc-default-executor-0] INFO  client.GrpcClientProtocolClient (GrpcClientProtocolClient.java:onNext(255)) - client-D91E5D1E15CE->f2ba01fc-a63e-4348-bd18-030b60a135e7: receive RaftClientReply:client-D91E5D1E15CE->f2ba01fc-a63e-4348-bd18-030b60a135e7@group-C8C62FEF0626, cid=3553, SUCCESS, logIndex=0, commits[f2ba01fc-a63e-4348-bd18-030b60a135e7:c5357, eab135d4-a257-4705-b491-6c056b8c5df7:c5353, a4f67574-9018-43e7-8a54-351e98dc3d0a:c5353]
2019-08-23 07:09:19,193 | INFO  | DNAudit | user=null | ip=null | op=PUT_BLOCK {blockData=[blockId=conID: 1 locID: 102665038013989563 bcsId: 0,size=2097152]} | ret=SUCCESS |  
2019-08-23 07:09:19,200 | INFO  | DNAudit | user=null | ip=null | op=WRITE_CHUNK {blockData=conID: 1 locID: 102665038013989563 bcsId: 5355} | ret=SUCCESS |  
2019-08-23 07:09:19,203 | INFO  | DNAudit | user=null | ip=null | op=WRITE_CHUNK {blockData=conID: 1 locID: 102665038013989563 bcsId: 0} | ret=SUCCESS |  
2019-08-23 07:09:19,203 | INFO  | DNAudit | user=null | ip=null | op=WRITE_CHUNK {blockData=conID: 1 locID: 102665038013989563 bcsId: 5355} | ret=SUCCESS |  
2019-08-23 07:09:19,203 | INFO  | DNAudit | user=null | ip=null | op=PUT_BLOCK {blockData=[blockId=conID: 1 locID: 102665038013989563 bcsId: 0,size=2097152]} | ret=SUCCESS |  
2019-08-23 07:09:19,203 | INFO  | DNAudit | user=null | ip=null | op=WRITE_CHUNK {blockData=conID: 1 locID: 102665038013989563 bcsId: 5355} | ret=SUCCESS |  
2019-08-23 07:09:19,215 | INFO  | DNAudit | user=null | ip=null | op=WRITE_CHUNK {blockData=conID: 1 locID: 102665038013989563 bcsId: 5355} | ret=SUCCESS |  
2019-08-23 07:09:19,216 | INFO  | DNAudit | user=null | ip=null | op=PUT_BLOCK {blockData=[blockId=conID: 1 locID: 102665038013989563 bcsId: 0,size=3145728]} | ret=SUCCESS |  
2019-08-23 07:09:19,216 [grpc-default-executor-6] INFO  client.GrpcClientProtocolClient (GrpcClientProtocolClient.java:onNext(255)) - client-D91E5D1E15CE->f2ba01fc-a63e-4348-bd18-030b60a135e7: receive RaftClientReply:client-D91E5D1E15CE->f2ba01fc-a63e-4348-bd18-030b60a135e7@group-C8C62FEF0626, cid=3554, SUCCESS, logIndex=5360, commits[f2ba01fc-a63e-4348-bd18-030b60a135e7:c5361, eab135d4-a257-4705-b491-6c056b8c5df7:c5359, a4f67574-9018-43e7-8a54-351e98dc3d0a:c5359]
2019-08-23 07:09:19,216 [grpc-default-executor-6] INFO  client.GrpcClientProtocolClient (GrpcClientProtocolClient.java:onNext(255)) - client-D91E5D1E15CE->f2ba01fc-a63e-4348-bd18-030b60a135e7: receive RaftClientReply:client-D91E5D1E15CE->f2ba01fc-a63e-4348-bd18-030b60a135e7@group-C8C62FEF0626, cid=3555, SUCCESS, logIndex=5361, commits[f2ba01fc-a63e-4348-bd18-030b60a135e7:c5361, eab135d4-a257-4705-b491-6c056b8c5df7:c5359, a4f67574-9018-43e7-8a54-351e98dc3d0a:c5359]
2019-08-23 07:09:19,216 | INFO  | DNAudit | user=null | ip=null | op=WRITE_CHUNK {blockData=conID: 1 locID: 102665038013989563 bcsId: 5355} | ret=SUCCESS |  
2019-08-23 07:09:19,217 | INFO  | DNAudit | user=null | ip=null | op=PUT_BLOCK {blockData=[blockId=conID: 1 locID: 102665038013989563 bcsId: 0,size=3145728]} | ret=SUCCESS |  
2019-08-23 07:09:19,217 | INFO  | DNAudit | user=null | ip=null | op=WRITE_CHUNK {blockData=conID: 1 locID: 102665038013989563 bcsId: 5355} | ret=SUCCESS |  
2019-08-23 07:09:19,217 | INFO  | DNAudit | user=null | ip=null | op=PUT_BLOCK {blockData=[blockId=conID: 1 locID: 102665038013989563 bcsId: 0,size=3145728]} | ret=SUCCESS |  
2019-08-23 07:09:19,224 | INFO  | DNAudit | user=null | ip=null | op=WRITE_CHUNK {blockData=conID: 1 locID: 102665038013989563 bcsId: 5361} | ret=SUCCESS |  
2019-08-23 07:09:19,227 | INFO  | DNAudit | user=null | ip=null | op=WRITE_CHUNK {blockData=conID: 1 locID: 102665038013989563 bcsId: 5361} | ret=SUCCESS |  
2019-08-23 07:09:19,227 | INFO  | DNAudit | user=null | ip=null | op=WRITE_CHUNK {blockData=conID: 1 locID: 102665038013989563 bcsId: 5361} | ret=SUCCESS |  
2019-08-23 07:09:19,238 | INFO  | DNAudit | user=null | ip=null | op=WRITE_CHUNK {blockData=conID: 1 locID: 102665038013989563 bcsId: 5361} | ret=SUCCESS |  
2019-08-23 07:09:19,239 | INFO  | DNAudit | user=null | ip=null | op=PUT_BLOCK {blockData=[blockId=conID: 1 locID: 102665038013989563 bcsId: 0,size=4194304]} | ret=SUCCESS |  
2019-08-23 07:09:19,239 [grpc-default-executor-6] INFO  client.GrpcClientProtocolClient (GrpcClientProtocolClient.java:onNext(255)) - client-D91E5D1E15CE->f2ba01fc-a63e-4348-bd18-030b60a135e7: receive RaftClientReply:client-D91E5D1E15CE->f2ba01fc-a63e-4348-bd18-030b60a135e7@group-C8C62FEF0626, cid=3556, SUCCESS, logIndex=5364, commits[f2ba01fc-a63e-4348-bd18-030b60a135e7:c5365, eab135d4-a257-4705-b491-6c056b8c5df7:c5363, a4f67574-9018-43e7-8a54-351e98dc3d0a:c5363]
2019-08-23 07:09:19,239 [grpc-default-executor-6] INFO  client.GrpcClientProtocolClient (GrpcClientProtocolClient.java:onNext(255)) - client-D91E5D1E15CE->f2ba01fc-a63e-4348-bd18-030b60a135e7: receive RaftClientReply:client-D91E5D1E15CE->f2ba01fc-a63e-4348-bd18-030b60a135e7@group-C8C62FEF0626, cid=3557, SUCCESS, logIndex=5365, commits[f2ba01fc-a63e-4348-bd18-030b60a135e7:c5365, eab135d4-a257-4705-b491-6c056b8c5df7:c5363, a4f67574-9018-43e7-8a54-351e98dc3d0a:c5363]
2019-08-23 07:09:19,250 | INFO  | DNAudit | user=null | ip=null | op=WRITE_CHUNK {blockData=conID: 1 locID: 102665038013989563 bcsId: 5361} | ret=SUCCESS |  
2019-08-23 07:09:19,250 | INFO  | DNAudit | user=null | ip=null | op=WRITE_CHUNK {blockData=conID: 1 locID: 102665038013989563 bcsId: 5361} | ret=SUCCESS |  
2019-08-23 07:09:19,252 | INFO  | DNAudit | user=null | ip=null | op=PUT_BLOCK {blockData=[blockId=conID: 1 locID: 102665038013989563 bcsId: 0,size=4194304]} | ret=SUCCESS |  
2019-08-23 07:09:19,252 | INFO  | DNAudit | user=null | ip=null | op=PUT_BLOCK {blockData=[blockId=conID: 1 locID: 102665038013989563 bcsId: 0,size=4194304]} | ret=SUCCESS |  
2019-08-23 07:09:19,253 [grpc-default-executor-6] INFO  client.GrpcClientProtocolClient (GrpcClientProtocolClient.java:onNext(255)) - client-D91E5D1E15CE->f2ba01fc-a63e-4348-bd18-030b60a135e7: receive RaftClientReply:client-D91E5D1E15CE->f2ba01fc-a63e-4348-bd18-030b60a135e7@group-C8C62FEF0626, cid=3558, SUCCESS, logIndex=0, commits[f2ba01fc-a63e-4348-bd18-030b60a135e7:c5367, eab135d4-a257-4705-b491-6c056b8c5df7:c5365, a4f67574-9018-43e7-8a54-351e98dc3d0a:c5365]
2019-08-23 07:09:19,261 | INFO  | SCMAudit | user=jenkins1000 | ip=192.168.5.178 | op=ALLOCATE_BLOCK {owner=aaf04d22-10dd-4717-8862-c651bdde72cf, size=4194304, type=RATIS, factor=THREE} | ret=SUCCESS |  
2019-08-23 07:09:19,266 | INFO  | OMAudit | user=jenkins1000 | ip=127.0.0.1 | op=ALLOCATE_BLOCK {volume=vol-0-67663, bucket=bucket-0-68950, key=key-0-26970, dataSize=0, replicationType=null, replicationFactor=null, keyLocationInfo=null, clientID=102665036030476690} | ret=SUCCESS |  
 0.00% |█                                                                                                    |  0/1 Time: 0:00:302019-08-23 07:09:19,272 | INFO  | SCMAudit | user=jenkins1000 | ip=192.168.5.178 | op=SEND_HEARTBEAT {datanodeUUID=5c311bc2-cc7c-45de-998f-f79499d85d4e, command=[]} | ret=SUCCESS |  
2019-08-23 07:09:19,273 | INFO  | SCMAudit | user=jenkins1000 | ip=192.168.5.178 | op=SEND_HEARTBEAT {datanodeUUID=b7d3ecaa-ab76-49a0-b691-40b7e1ed625a, command=[]} | ret=SUCCESS |  
2019-08-23 07:09:19,275 | INFO  | DNAudit | user=null | ip=null | op=WRITE_CHUNK {blockData=conID: 2 locID: 102665038021329596 bcsId: 0} | ret=SUCCESS |  
2019-08-23 07:09:19,279 | INFO  | DNAudit | user=null | ip=null | op=WRITE_CHUNK {blockData=conID: 2 locID: 102665038021329596 bcsId: 0} | ret=SUCCESS |  
2019-08-23 07:09:19,279 | INFO  | DNAudit | user=null | ip=null | op=WRITE_CHUNK {blockData=conID: 2 locID: 102665038021329596 bcsId: 0} | ret=SUCCESS |  
2019-08-23 07:09:19,280 | INFO  | DNAudit | user=null | ip=null | op=WRITE_CHUNK {blockData=conID: 2 locID: 102665038021329596 bcsId: 0} | ret=SUCCESS |  
2019-08-23 07:09:19,281 | INFO  | DNAudit | user=null | ip=null | op=WRITE_CHUNK {blockData=conID: 2 locID: 102665038021329596 bcsId: 0} | ret=SUCCESS |  
2019-08-23 07:09:19,281 | INFO  | DNAudit | user=null | ip=null | op=WRITE_CHUNK {blockData=conID: 2 locID: 102665038021329596 bcsId: 0} | ret=SUCCESS |  
2019-08-23 07:09:19,289 | INFO  | DNAudit | user=null | ip=null | op=WRITE_CHUNK {blockData=conID: 2 locID: 102665038021329596 bcsId: 0} | ret=SUCCESS |  
2019-08-23 07:09:19,290 | INFO  | DNAudit | user=null | ip=null | op=PUT_BLOCK {blockData=[blockId=conID: 2 locID: 102665038021329596 bcsId: 0,size=1048576]} | ret=SUCCESS |  
2019-08-23 07:09:19,290 [grpc-default-executor-0] INFO  client.GrpcClientProtocolClient (GrpcClientProtocolClient.java:onNext(255)) - client-D91E5D1E15CE->f2ba01fc-a63e-4348-bd18-030b60a135e7: receive RaftClientReply:client-D91E5D1E15CE->f2ba01fc-a63e-4348-bd18-030b60a135e7@group-C8C62FEF0626, cid=3559, SUCCESS, logIndex=5368, commits[f2ba01fc-a63e-4348-bd18-030b60a135e7:c5369, eab135d4-a257-4705-b491-6c056b8c5df7:c5367, a4f67574-9018-43e7-8a54-351e98dc3d0a:c5367]
2019-08-23 07:09:19,291 [grpc-default-executor-0] INFO  client.GrpcClientProtocolClient (GrpcClientProtocolClient.java:onNext(255)) - client-D91E5D1E15CE->f2ba01fc-a63e-4348-bd18-030b60a135e7: receive RaftClientReply:client-D91E5D1E15CE->f2ba01fc-a63e-4348-bd18-030b60a135e7@group-C8C62FEF0626, cid=3560, SUCCESS, logIndex=5369, commits[f2ba01fc-a63e-4348-bd18-030b60a135e7:c5369, eab135d4-a257-4705-b491-6c056b8c5df7:c5367, a4f67574-9018-43e7-8a54-351e98dc3d0a:c5367]
2019-08-23 07:09:19,299 | INFO  | DNAudit | user=null | ip=null | op=WRITE_CHUNK {blockData=conID: 2 locID: 102665038021329596 bcsId: 0} | ret=SUCCESS |  
2019-08-23 07:09:19,300 | INFO  | DNAudit | user=null | ip=null | op=WRITE_CHUNK {blockData=conID: 2 locID: 102665038021329596 bcsId: 0} | ret=SUCCESS |  
2019-08-23 07:09:19,300 | INFO  | DNAudit | user=null | ip=null | op=PUT_BLOCK {blockData=[blockId=conID: 2 locID: 102665038021329596 bcsId: 0,size=2097152]} | ret=SUCCESS |  
2019-08-23 07:09:19,300 | INFO  | DNAudit | user=null | ip=null | op=WRITE_CHUNK {blockData=conID: 2 locID: 102665038021329596 bcsId: 0} | ret=SUCCESS |  
2019-08-23 07:09:19,300 | INFO  | DNAudit | user=null | ip=null | op=PUT_BLOCK {blockData=[blockId=conID: 2 locID: 102665038021329596 bcsId: 0,size=1048576]} | ret=SUCCESS |  
2019-08-23 07:09:19,300 [grpc-default-executor-0] INFO  client.GrpcClientProtocolClient (GrpcClientProtocolClient.java:onNext(255)) - client-D91E5D1E15CE->f2ba01fc-a63e-4348-bd18-030b60a135e7: receive RaftClientReply:client-D91E5D1E15CE->f2ba01fc-a63e-4348-bd18-030b60a135e7@group-C8C62FEF0626, cid=3561, SUCCESS, logIndex=5370, commits[f2ba01fc-a63e-4348-bd18-030b60a135e7:c5371, eab135d4-a257-4705-b491-6c056b8c5df7:c5367, a4f67574-9018-43e7-8a54-351e98dc3d0a:c5367]
2019-08-23 07:09:19,301 [grpc-default-executor-0] INFO  client.GrpcClientProtocolClient (GrpcClientProtocolClient.java:onNext(255)) - client-D91E5D1E15CE->f2ba01fc-a63e-4348-bd18-030b60a135e7: receive RaftClientReply:client-D91E5D1E15CE->f2ba01fc-a63e-4348-bd18-030b60a135e7@group-C8C62FEF0626, cid=3562, SUCCESS, logIndex=5371, commits[f2ba01fc-a63e-4348-bd18-030b60a135e7:c5372, eab135d4-a257-4705-b491-6c056b8c5df7:c5367, a4f67574-9018-43e7-8a54-351e98dc3d0a:c5368]
2019-08-23 07:09:19,301 | INFO  | DNAudit | user=null | ip=null | op=PUT_BLOCK {blockData=[blockId=conID: 2 locID: 102665038021329596 bcsId: 0,size=1048576]} | ret=SUCCESS |  
2019-08-23 07:09:19,302 [grpc-default-executor-0] INFO  client.GrpcClientProtocolClient (GrpcClientProtocolClient.java:onNext(255)) - client-D91E5D1E15CE->f2ba01fc-a63e-4348-bd18-030b60a135e7: receive RaftClientReply:client-D91E5D1E15CE->f2ba01fc-a63e-4348-bd18-030b60a135e7@group-C8C62FEF0626, cid=3563, SUCCESS, logIndex=0, commits[f2ba01fc-a63e-4348-bd18-030b60a135e7:c5374, eab135d4-a257-4705-b491-6c056b8c5df7:c5369, a4f67574-9018-43e7-8a54-351e98dc3d0a:c5369]
2019-08-23 07:09:19,310 | INFO  | DNAudit | user=null | ip=null | op=WRITE_CHUNK {blockData=conID: 2 locID: 102665038021329596 bcsId: 5371} | ret=SUCCESS |  
2019-08-23 07:09:19,313 | INFO  | DNAudit | user=null | ip=null | op=WRITE_CHUNK {blockData=conID: 2 locID: 102665038021329596 bcsId: 5371} | ret=SUCCESS |  
2019-08-23 07:09:19,313 | INFO  | DNAudit | user=null | ip=null | op=WRITE_CHUNK {blockData=conID: 2 locID: 102665038021329596 bcsId: 5371} | ret=SUCCESS |  
2019-08-23 07:09:19,319 | INFO  | DNAudit | user=null | ip=null | op=WRITE_CHUNK {blockData=conID: 2 locID: 102665038021329596 bcsId: 0} | ret=SUCCESS |  
2019-08-23 07:09:19,319 | INFO  | DNAudit | user=null | ip=null | op=WRITE_CHUNK {blockData=conID: 2 locID: 102665038021329596 bcsId: 0} | ret=SUCCESS |  
2019-08-23 07:09:19,320 | INFO  | DNAudit | user=null | ip=null | op=WRITE_CHUNK {blockData=conID: 2 locID: 102665038021329596 bcsId: 5371} | ret=SUCCESS |  
2019-08-23 07:09:19,320 | INFO  | DNAudit | user=null | ip=null | op=PUT_BLOCK {blockData=[blockId=conID: 2 locID: 102665038021329596 bcsId: 0,size=2097152]} | ret=SUCCESS |  
2019-08-23 07:09:19,320 | INFO  | DNAudit | user=null | ip=null | op=PUT_BLOCK {blockData=[blockId=conID: 2 locID: 102665038021329596 bcsId: 0,size=2097152]} | ret=SUCCESS |  
2019-08-23 07:09:19,320 | INFO  | DNAudit | user=null | ip=null | op=PUT_BLOCK {blockData=[blockId=conID: 2 locID: 102665038021329596 bcsId: 0,size=3145728]} | ret=SUCCESS |  
2019-08-23 07:09:19,320 [grpc-default-executor-0] INFO  client.GrpcClientProtocolClient (GrpcClientProtocolClient.java:onNext(255)) - client-D91E5D1E15CE->f2ba01fc-a63e-4348-bd18-030b60a135e7: receive RaftClientReply:client-D91E5D1E15CE->f2ba01fc-a63e-4348-bd18-030b60a135e7@group-C8C62FEF0626, cid=3564, SUCCESS, logIndex=5376, commits[f2ba01fc-a63e-4348-bd18-030b60a135e7:c5377, eab135d4-a257-4705-b491-6c056b8c5df7:c5375, a4f67574-9018-43e7-8a54-351e98dc3d0a:c5375]
2019-08-23 07:09:19,321 [grpc-default-executor-0] INFO  client.GrpcClientProtocolClient (GrpcClientProtocolClient.java:onNext(255)) - client-D91E5D1E15CE->f2ba01fc-a63e-4348-bd18-030b60a135e7: receive RaftClientReply:client-D91E5D1E15CE->f2ba01fc-a63e-4348-bd18-030b60a135e7@group-C8C62FEF0626, cid=3565, SUCCESS, logIndex=5377, commits[f2ba01fc-a63e-4348-bd18-030b60a135e7:c5377, eab135d4-a257-4705-b491-6c056b8c5df7:c5375, a4f67574-9018-43e7-8a54-351e98dc3d0a:c5375]
2019-08-23 07:09:19,328 | INFO  | DNAudit | user=null | ip=null | op=WRITE_CHUNK {blockData=conID: 2 locID: 102665038021329596 bcsId: 5377} | ret=SUCCESS |  
2019-08-23 07:09:19,331 | INFO  | DNAudit | user=null | ip=null | op=WRITE_CHUNK {blockData=conID: 2 locID: 102665038021329596 bcsId: 5377} | ret=SUCCESS |  
2019-08-23 07:09:19,331 | INFO  | DNAudit | user=null | ip=null | op=WRITE_CHUNK {blockData=conID: 2 locID: 102665038021329596 bcsId: 5377} | ret=SUCCESS |  
2019-08-23 07:09:19,332 | INFO  | DNAudit | user=null | ip=null | op=WRITE_CHUNK {blockData=conID: 2 locID: 102665038021329596 bcsId: 5371} | ret=SUCCESS |  
2019-08-23 07:09:19,332 | INFO  | DNAudit | user=null | ip=null | op=WRITE_CHUNK {blockData=conID: 2 locID: 102665038021329596 bcsId: 5371} | ret=SUCCESS |  
2019-08-23 07:09:19,334 | INFO  | DNAudit | user=null | ip=null | op=PUT_BLOCK {blockData=[blockId=conID: 2 locID: 102665038021329596 bcsId: 0,size=3145728]} | ret=SUCCESS |  
2019-08-23 07:09:19,335 | INFO  | DNAudit | user=null | ip=null | op=PUT_BLOCK {blockData=[blockId=conID: 2 locID: 102665038021329596 bcsId: 0,size=3145728]} | ret=SUCCESS |  
2019-08-23 07:09:19,335 | INFO  | DNAudit | user=null | ip=null | op=WRITE_CHUNK {blockData=conID: 2 locID: 102665038021329596 bcsId: 5377} | ret=SUCCESS |  
2019-08-23 07:09:19,335 | INFO  | DNAudit | user=null | ip=null | op=PUT_BLOCK {blockData=[blockId=conID: 2 locID: 102665038021329596 bcsId: 0,size=4194304]} | ret=SUCCESS |  
2019-08-23 07:09:19,336 [grpc-default-executor-3] INFO  client.GrpcClientProtocolClient (GrpcClientProtocolClient.java:onNext(255)) - client-D91E5D1E15CE->f2ba01fc-a63e-4348-bd18-030b60a135e7: receive RaftClientReply:client-D91E5D1E15CE->f2ba01fc-a63e-4348-bd18-030b60a135e7@group-C8C62FEF0626, cid=3566, SUCCESS, logIndex=5380, commits[f2ba01fc-a63e-4348-bd18-030b60a135e7:c5380, eab135d4-a257-4705-b491-6c056b8c5df7:c5377, a4f67574-9018-43e7-8a54-351e98dc3d0a:c5377]
2019-08-23 07:09:19,336 [grpc-default-executor-3] INFO  client.GrpcClientProtocolClient (GrpcClientProtocolClient.java:onNext(255)) - client-D91E5D1E15CE->f2ba01fc-a63e-4348-bd18-030b60a135e7: receive RaftClientReply:client-D91E5D1E15CE->f2ba01fc-a63e-4348-bd18-030b60a135e7@group-C8C62FEF0626, cid=3567, SUCCESS, logIndex=5381, commits[f2ba01fc-a63e-4348-bd18-030b60a135e7:c5381, eab135d4-a257-4705-b491-6c056b8c5df7:c5377, a4f67574-9018-43e7-8a54-351e98dc3d0a:c5377]
2019-08-23 07:09:19,346 | INFO  | DNAudit | user=null | ip=null | op=WRITE_CHUNK {blockData=conID: 2 locID: 102665038021329596 bcsId: 5377} | ret=SUCCESS |  
2019-08-23 07:09:19,346 | INFO  | DNAudit | user=null | ip=null | op=WRITE_CHUNK {blockData=conID: 2 locID: 102665038021329596 bcsId: 5377} | ret=SUCCESS |  
2019-08-23 07:09:19,347 | INFO  | DNAudit | user=null | ip=null | op=PUT_BLOCK {blockData=[blockId=conID: 2 locID: 102665038021329596 bcsId: 0,size=4194304]} | ret=SUCCESS |  
2019-08-23 07:09:19,349 | INFO  | DNAudit | user=null | ip=null | op=PUT_BLOCK {blockData=[blockId=conID: 2 locID: 102665038021329596 bcsId: 0,size=4194304]} | ret=SUCCESS |  
2019-08-23 07:09:19,350 [grpc-default-executor-3] INFO  client.GrpcClientProtocolClient (GrpcClientProtocolClient.java:onNext(255)) - client-D91E5D1E15CE->f2ba01fc-a63e-4348-bd18-030b60a135e7: receive RaftClientReply:client-D91E5D1E15CE->f2ba01fc-a63e-4348-bd18-030b60a135e7@group-C8C62FEF0626, cid=3568, SUCCESS, logIndex=0, commits[f2ba01fc-a63e-4348-bd18-030b60a135e7:c5383, eab135d4-a257-4705-b491-6c056b8c5df7:c5381, a4f67574-9018-43e7-8a54-351e98dc3d0a:c5381]
2019-08-23 07:09:19,358 | INFO  | SCMAudit | user=jenkins1000 | ip=192.168.5.178 | op=ALLOCATE_BLOCK {owner=aaf04d22-10dd-4717-8862-c651bdde72cf, size=4194304, type=RATIS, factor=THREE} | ret=SUCCESS |  
2019-08-23 07:09:19,364 | INFO  | OMAudit | user=jenkins1000 | ip=127.0.0.1 | op=ALLOCATE_BLOCK {volume=vol-0-67663, bucket=bucket-0-68950, key=key-0-26970, dataSize=0, replicationType=null, replicationFactor=null, keyLocationInfo=null, clientID=102665036030476690} | ret=SUCCESS |  
2019-08-23 07:09:19,372 | INFO  | DNAudit | user=null | ip=null | op=WRITE_CHUNK {blockData=conID: 3 locID: 102665038027686589 bcsId: 0} | ret=SUCCESS |  
2019-08-23 07:09:19,373 | INFO  | DNAudit | user=null | ip=null | op=WRITE_CHUNK {blockData=conID: 3 locID: 102665038027686589 bcsId: 0} | ret=SUCCESS |  
2019-08-23 07:09:19,376 | INFO  | DNAudit | user=null | ip=null | op=WRITE_CHUNK {blockData=conID: 3 locID: 102665038027686589 bcsId: 0} | ret=SUCCESS |  
2019-08-23 07:09:19,376 | INFO  | DNAudit | user=null | ip=null | op=WRITE_CHUNK {blockData=conID: 3 locID: 102665038027686589 bcsId: 0} | ret=SUCCESS |  
2019-08-23 07:09:19,378 | INFO  | DNAudit | user=null | ip=null | op=WRITE_CHUNK {blockData=conID: 3 locID: 102665038027686589 bcsId: 0} | ret=SUCCESS |  
2019-08-23 07:09:19,378 | INFO  | DNAudit | user=null | ip=null | op=WRITE_CHUNK {blockData=conID: 3 locID: 102665038027686589 bcsId: 0} | ret=SUCCESS |  
2019-08-23 07:09:19,386 | INFO  | DNAudit | user=null | ip=null | op=WRITE_CHUNK {blockData=conID: 3 locID: 102665038027686589 bcsId: 0} | ret=SUCCESS |  
2019-08-23 07:09:19,387 | INFO  | DNAudit | user=null | ip=null | op=PUT_BLOCK {blockData=[blockId=conID: 3 locID: 102665038027686589 bcsId: 0,size=1048576]} | ret=SUCCESS |  
2019-08-23 07:09:19,387 [grpc-default-executor-6] INFO  client.GrpcClientProtocolClient (GrpcClientProtocolClient.java:onNext(255)) - client-D91E5D1E15CE->f2ba01fc-a63e-4348-bd18-030b60a135e7: receive RaftClientReply:client-D91E5D1E15CE->f2ba01fc-a63e-4348-bd18-030b60a135e7@group-C8C62FEF0626, cid=3569, SUCCESS, logIndex=5384, commits[f2ba01fc-a63e-4348-bd18-030b60a135e7:c5385, eab135d4-a257-4705-b491-6c056b8c5df7:c5383, a4f67574-9018-43e7-8a54-351e98dc3d0a:c5383]
2019-08-23 07:09:19,388 [grpc-default-executor-6] INFO  client.GrpcClientProtocolClient (GrpcClientProtocolClient.java:onNext(255)) - client-D91E5D1E15CE->f2ba01fc-a63e-4348-bd18-030b60a135e7: receive RaftClientReply:client-D91E5D1E15CE->f2ba01fc-a63e-4348-bd18-030b60a135e7@group-C8C62FEF0626, cid=3570, SUCCESS, logIndex=5385, commits[f2ba01fc-a63e-4348-bd18-030b60a135e7:c5385, eab135d4-a257-4705-b491-6c056b8c5df7:c5383, a4f67574-9018-43e7-8a54-351e98dc3d0a:c5383]
2019-08-23 07:09:19,400 | INFO  | DNAudit | user=null | ip=null | op=WRITE_CHUNK {blockData=conID: 3 locID: 102665038027686589 bcsId: 0} | ret=SUCCESS |  
2019-08-23 07:09:19,400 | INFO  | DNAudit | user=null | ip=null | op=PUT_BLOCK {blockData=[blockId=conID: 3 locID: 102665038027686589 bcsId: 0,size=2097152]} | ret=SUCCESS |  
2019-08-23 07:09:19,400 [grpc-default-executor-3] INFO  client.GrpcClientProtocolClient (GrpcClientProtocolClient.java:onNext(255)) - client-D91E5D1E15CE->f2ba01fc-a63e-4348-bd18-030b60a135e7: receive RaftClientReply:client-D91E5D1E15CE->f2ba01fc-a63e-4348-bd18-030b60a135e7@group-C8C62FEF0626, cid=3571, SUCCESS, logIndex=5386, commits[f2ba01fc-a63e-4348-bd18-030b60a135e7:c5387, eab135d4-a257-4705-b491-6c056b8c5df7:c5383, a4f67574-9018-43e7-8a54-351e98dc3d0a:c5383]
2019-08-23 07:09:19,401 [grpc-default-executor-3] INFO  client.GrpcClientProtocolClient (GrpcClientProtocolClient.java:onNext(255)) - client-D91E5D1E15CE->f2ba01fc-a63e-4348-bd18-030b60a135e7: receive RaftClientReply:client-D91E5D1E15CE->f2ba01fc-a63e-4348-bd18-030b60a135e7@group-C8C62FEF0626, cid=3572, SUCCESS, logIndex=5387, commits[f2ba01fc-a63e-4348-bd18-030b60a135e7:c5387, eab135d4-a257-4705-b491-6c056b8c5df7:c5383, a4f67574-9018-43e7-8a54-351e98dc3d0a:c5383]
2019-08-23 07:09:19,412 | INFO  | DNAudit | user=null | ip=null | op=WRITE_CHUNK {blockData=conID: 3 locID: 102665038027686589 bcsId: 0} | ret=SUCCESS |  
2019-08-23 07:09:19,412 | INFO  | DNAudit | user=null | ip=null | op=WRITE_CHUNK {blockData=conID: 3 locID: 102665038027686589 bcsId: 0} | ret=SUCCESS |  
2019-08-23 07:09:19,412 | INFO  | DNAudit | user=null | ip=null | op=PUT_BLOCK {blockData=[blockId=conID: 3 locID: 102665038027686589 bcsId: 0,size=1048576]} | ret=SUCCESS |  
2019-08-23 07:09:19,412 | INFO  | DNAudit | user=null | ip=null | op=PUT_BLOCK {blockData=[blockId=conID: 3 locID: 102665038027686589 bcsId: 0,size=1048576]} | ret=SUCCESS |  
2019-08-23 07:09:19,413 [grpc-default-executor-0] INFO  client.GrpcClientProtocolClient (GrpcClientProtocolClient.java:onNext(255)) - client-D91E5D1E15CE->f2ba01fc-a63e-4348-bd18-030b60a135e7: receive RaftClientReply:client-D91E5D1E15CE->f2ba01fc-a63e-4348-bd18-030b60a135e7@group-C8C62FEF0626, cid=3573, SUCCESS, logIndex=0, commits[f2ba01fc-a63e-4348-bd18-030b60a135e7:c5389, eab135d4-a257-4705-b491-6c056b8c5df7:c5385, a4f67574-9018-43e7-8a54-351e98dc3d0a:c5385]
2019-08-23 07:09:19,421 | INFO  | DNAudit | user=null | ip=null | op=WRITE_CHUNK {blockData=conID: 3 locID: 102665038027686589 bcsId: 5387} | ret=SUCCESS |  
2019-08-23 07:09:19,424 | INFO  | DNAudit | user=null | ip=null | op=WRITE_CHUNK {blockData=conID: 3 locID: 102665038027686589 bcsId: 5387} | ret=SUCCESS |  
2019-08-23 07:09:19,424 | INFO  | DNAudit | user=null | ip=null | op=WRITE_CHUNK {blockData=conID: 3 locID: 102665038027686589 bcsId: 5387} | ret=SUCCESS |  
2019-08-23 07:09:19,425 | INFO  | DNAudit | user=null | ip=null | op=WRITE_CHUNK {blockData=conID: 3 locID: 102665038027686589 bcsId: 0} | ret=SUCCESS |  
2019-08-23 07:09:19,425 | INFO  | DNAudit | user=null | ip=null | op=WRITE_CHUNK {blockData=conID: 3 locID: 102665038027686589 bcsId: 0} | ret=SUCCESS |  
2019-08-23 07:09:19,425 | INFO  | DNAudit | user=null | ip=null | op=PUT_BLOCK {blockData=[blockId=conID: 3 locID: 102665038027686589 bcsId: 0,size=2097152]} | ret=SUCCESS |  
2019-08-23 07:09:19,426 | INFO  | DNAudit | user=null | ip=null | op=PUT_BLOCK {blockData=[blockId=conID: 3 locID: 102665038027686589 bcsId: 0,size=2097152]} | ret=SUCCESS |  
2019-08-23 07:09:19,439 | INFO  | DNAudit | user=null | ip=null | op=WRITE_CHUNK {blockData=conID: 3 locID: 102665038027686589 bcsId: 5387} | ret=SUCCESS |  
2019-08-23 07:09:19,439 | INFO  | DNAudit | user=null | ip=null | op=PUT_BLOCK {blockData=[blockId=conID: 3 locID: 102665038027686589 bcsId: 0,size=3145728]} | ret=SUCCESS |  
2019-08-23 07:09:19,439 [grpc-default-executor-6] INFO  client.GrpcClientProtocolClient (GrpcClientProtocolClient.java:onNext(255)) - client-D91E5D1E15CE->f2ba01fc-a63e-4348-bd18-030b60a135e7: receive RaftClientReply:client-D91E5D1E15CE->f2ba01fc-a63e-4348-bd18-030b60a135e7@group-C8C62FEF0626, cid=3574, SUCCESS, logIndex=5392, commits[f2ba01fc-a63e-4348-bd18-030b60a135e7:c5393, eab135d4-a257-4705-b491-6c056b8c5df7:c5389, a4f67574-9018-43e7-8a54-351e98dc3d0a:c5389]
2019-08-23 07:09:19,440 [grpc-default-executor-6] INFO  client.GrpcClientProtocolClient (GrpcClientProtocolClient.java:onNext(255)) - client-D91E5D1E15CE->f2ba01fc-a63e-4348-bd18-030b60a135e7: receive RaftClientReply:client-D91E5D1E15CE->f2ba01fc-a63e-4348-bd18-030b60a135e7@group-C8C62FEF0626, cid=3575, SUCCESS, logIndex=5393, commits[f2ba01fc-a63e-4348-bd18-030b60a135e7:c5393, eab135d4-a257-4705-b491-6c056b8c5df7:c5389, a4f67574-9018-43e7-8a54-351e98dc3d0a:c5389]
2019-08-23 07:09:19,447 | INFO  | DNAudit | user=null | ip=null | op=WRITE_CHUNK {blockData=conID: 3 locID: 102665038027686589 bcsId: 5393} | ret=SUCCESS |  
2019-08-23 07:09:19,450 | INFO  | DNAudit | user=null | ip=null | op=WRITE_CHUNK {blockData=conID: 3 locID: 102665038027686589 bcsId: 5393} | ret=SUCCESS |  
2019-08-23 07:09:19,450 | INFO  | DNAudit | user=null | ip=null | op=WRITE_CHUNK {blockData=conID: 3 locID: 102665038027686589 bcsId: 5393} | ret=SUCCESS |  
2019-08-23 07:09:19,452 | INFO  | DNAudit | user=null | ip=null | op=WRITE_CHUNK {blockData=conID: 3 locID: 102665038027686589 bcsId: 5387} | ret=SUCCESS |  
2019-08-23 07:09:19,452 | INFO  | DNAudit | user=null | ip=null | op=WRITE_CHUNK {blockData=conID: 3 locID: 102665038027686589 bcsId: 5387} | ret=SUCCESS |  
2019-08-23 07:09:19,465 | INFO  | DNAudit | user=null | ip=null | op=PUT_BLOCK {blockData=[blockId=conID: 3 locID: 102665038027686589 bcsId: 0,size=3145728]} | ret=SUCCESS |  
2019-08-23 07:09:19,465 | INFO  | DNAudit | user=null | ip=null | op=PUT_BLOCK {blockData=[blockId=conID: 3 locID: 102665038027686589 bcsId: 0,size=3145728]} | ret=SUCCESS |  
2019-08-23 07:09:19,466 | INFO  | DNAudit | user=null | ip=null | op=WRITE_CHUNK {blockData=conID: 3 locID: 102665038027686589 bcsId: 5393} | ret=SUCCESS |  
2019-08-23 07:09:19,466 | INFO  | DNAudit | user=null | ip=null | op=PUT_BLOCK {blockData=[blockId=conID: 3 locID: 102665038027686589 bcsId: 0,size=4194304]} | ret=SUCCESS |  
2019-08-23 07:09:19,466 [grpc-default-executor-3] INFO  client.GrpcClientProtocolClient (GrpcClientProtocolClient.java:onNext(255)) - client-D91E5D1E15CE->f2ba01fc-a63e-4348-bd18-030b60a135e7: receive RaftClientReply:client-D91E5D1E15CE->f2ba01fc-a63e-4348-bd18-030b60a135e7@group-C8C62FEF0626, cid=3576, SUCCESS, logIndex=5396, commits[f2ba01fc-a63e-4348-bd18-030b60a135e7:c5397, eab135d4-a257-4705-b491-6c056b8c5df7:c5393, a4f67574-9018-43e7-8a54-351e98dc3d0a:c5393]
2019-08-23 07:09:19,467 [grpc-default-executor-3] INFO  client.GrpcClientProtocolClient (GrpcClientProtocolClient.java:onNext(255)) - client-D91E5D1E15CE->f2ba01fc-a63e-4348-bd18-030b60a135e7: receive RaftClientReply:client-D91E5D1E15CE->f2ba01fc-a63e-4348-bd18-030b60a135e7@group-C8C62FEF0626, cid=3577, SUCCESS, logIndex=5397, commits[f2ba01fc-a63e-4348-bd18-030b60a135e7:c5397, eab135d4-a257-4705-b491-6c056b8c5df7:c5393, a4f67574-9018-43e7-8a54-351e98dc3d0a:c5393]
2019-08-23 07:09:19,486 | INFO  | DNAudit | user=null | ip=null | op=WRITE_CHUNK {blockData=conID: 3 locID: 102665038027686589 bcsId: 5393} | ret=SUCCESS |  
2019-08-23 07:09:19,486 | INFO  | DNAudit | user=null | ip=null | op=WRITE_CHUNK {blockData=conID: 3 locID: 102665038027686589 bcsId: 5393} | ret=SUCCESS |  
2019-08-23 07:09:19,486 | INFO  | DNAudit | user=null | ip=null | op=PUT_BLOCK {blockData=[blockId=conID: 3 locID: 102665038027686589 bcsId: 0,size=4194304]} | ret=SUCCESS |  
2019-08-23 07:09:19,487 | INFO  | DNAudit | user=null | ip=null | op=PUT_BLOCK {blockData=[blockId=conID: 3 locID: 102665038027686589 bcsId: 0,size=4194304]} | ret=SUCCESS |  
2019-08-23 07:09:19,487 [grpc-default-executor-3] INFO  client.GrpcClientProtocolClient (GrpcClientProtocolClient.java:onNext(255)) - client-D91E5D1E15CE->f2ba01fc-a63e-4348-bd18-030b60a135e7: receive RaftClientReply:client-D91E5D1E15CE->f2ba01fc-a63e-4348-bd18-030b60a135e7@group-C8C62FEF0626, cid=3578, SUCCESS, logIndex=0, commits[f2ba01fc-a63e-4348-bd18-030b60a135e7:c5399, eab135d4-a257-4705-b491-6c056b8c5df7:c5397, a4f67574-9018-43e7-8a54-351e98dc3d0a:c5397]
2019-08-23 07:09:19,494 | INFO  | SCMAudit | user=jenkins1000 | ip=192.168.5.178 | op=ALLOCATE_BLOCK {owner=aaf04d22-10dd-4717-8862-c651bdde72cf, size=4194304, type=RATIS, factor=THREE} | ret=SUCCESS |  
2019-08-23 07:09:19,499 | INFO  | OMAudit | user=jenkins1000 | ip=127.0.0.1 | op=ALLOCATE_BLOCK {volume=vol-0-67663, bucket=bucket-0-68950, key=key-0-26970, dataSize=0, replicationType=null, replicationFactor=null, keyLocationInfo=null, clientID=102665036030476690} | ret=SUCCESS |  
2019-08-23 07:09:19,511 | INFO  | DNAudit | user=null | ip=null | op=WRITE_CHUNK {blockData=conID: 1 locID: 102665038036599486 bcsId: 0} | ret=SUCCESS |  
2019-08-23 07:09:19,514 | INFO  | DNAudit | user=null | ip=null | op=WRITE_CHUNK {blockData=conID: 1 locID: 102665038036599486 bcsId: 0} | ret=SUCCESS |  
2019-08-23 07:09:19,514 | INFO  | DNAudit | user=null | ip=null | op=WRITE_CHUNK {blockData=conID: 1 locID: 102665038036599486 bcsId: 0} | ret=SUCCESS |  
2019-08-23 07:09:19,515 | INFO  | DNAudit | user=null | ip=null | op=WRITE_CHUNK {blockData=conID: 1 locID: 102665038036599486 bcsId: 0} | ret=SUCCESS |  
2019-08-23 07:09:19,516 | INFO  | DNAudit | user=null | ip=null | op=WRITE_CHUNK {blockData=conID: 1 locID: 102665038036599486 bcsId: 0} | ret=SUCCESS |  
2019-08-23 07:09:19,517 | INFO  | DNAudit | user=null | ip=null | op=WRITE_CHUNK {blockData=conID: 1 locID: 102665038036599486 bcsId: 0} | ret=SUCCESS |  
2019-08-23 07:09:19,527 | INFO  | DNAudit | user=null | ip=null | op=WRITE_CHUNK {blockData=conID: 1 locID: 102665038036599486 bcsId: 0} | ret=SUCCESS |  
2019-08-23 07:09:19,527 | INFO  | DNAudit | user=null | ip=null | op=PUT_BLOCK {blockData=[blockId=conID: 1 locID: 102665038036599486 bcsId: 0,size=1048576]} | ret=SUCCESS |  
2019-08-23 07:09:19,528 | INFO  | DNAudit | user=null | ip=null | op=WRITE_CHUNK {blockData=conID: 1 locID: 102665038036599486 bcsId: 0} | ret=SUCCESS |  
2019-08-23 07:09:19,528 [grpc-default-executor-3] INFO  client.GrpcClientProtocolClient (GrpcClientProtocolClient.java:onNext(255)) - client-D91E5D1E15CE->f2ba01fc-a63e-4348-bd18-030b60a135e7: receive RaftClientReply:client-D91E5D1E15CE->f2ba01fc-a63e-4348-bd18-030b60a135e7@group-C8C62FEF0626, cid=3579, SUCCESS, logIndex=5400, commits[f2ba01fc-a63e-4348-bd18-030b60a135e7:c5403, eab135d4-a257-4705-b491-6c056b8c5df7:c5399, a4f67574-9018-43e7-8a54-351e98dc3d0a:c5399]
2019-08-23 07:09:19,528 | INFO  | DNAudit | user=null | ip=null | op=PUT_BLOCK {blockData=[blockId=conID: 1 locID: 102665038036599486 bcsId: 0,size=2097152]} | ret=SUCCESS |  
2019-08-23 07:09:19,528 [grpc-default-executor-3] INFO  client.GrpcClientProtocolClient (GrpcClientProtocolClient.java:onNext(255)) - client-D91E5D1E15CE->f2ba01fc-a63e-4348-bd18-030b60a135e7: receive RaftClientReply:client-D91E5D1E15CE->f2ba01fc-a63e-4348-bd18-030b60a135e7@group-C8C62FEF0626, cid=3580, SUCCESS, logIndex=5401, commits[f2ba01fc-a63e-4348-bd18-030b60a135e7:c5403, eab135d4-a257-4705-b491-6c056b8c5df7:c5399, a4f67574-9018-43e7-8a54-351e98dc3d0a:c5399]
2019-08-23 07:09:19,529 [grpc-default-executor-3] INFO  client.GrpcClientProtocolClient (GrpcClientProtocolClient.java:onNext(255)) - client-D91E5D1E15CE->f2ba01fc-a63e-4348-bd18-030b60a135e7: receive RaftClientReply:client-D91E5D1E15CE->f2ba01fc-a63e-4348-bd18-030b60a135e7@group-C8C62FEF0626, cid=3581, SUCCESS, logIndex=5402, commits[f2ba01fc-a63e-4348-bd18-030b60a135e7:c5403, eab135d4-a257-4705-b491-6c056b8c5df7:c5399, a4f67574-9018-43e7-8a54-351e98dc3d0a:c5399]
2019-08-23 07:09:19,529 [grpc-default-executor-3] INFO  client.GrpcClientProtocolClient (GrpcClientProtocolClient.java:onNext(255)) - client-D91E5D1E15CE->f2ba01fc-a63e-4348-bd18-030b60a135e7: receive RaftClientReply:client-D91E5D1E15CE->f2ba01fc-a63e-4348-bd18-030b60a135e7@group-C8C62FEF0626, cid=3582, SUCCESS, logIndex=5403, commits[f2ba01fc-a63e-4348-bd18-030b60a135e7:c5403, eab135d4-a257-4705-b491-6c056b8c5df7:c5399, a4f67574-9018-43e7-8a54-351e98dc3d0a:c5399]
2019-08-23 07:09:19,553 | INFO  | DNAudit | user=null | ip=null | op=WRITE_CHUNK {blockData=conID: 1 locID: 102665038036599486 bcsId: 0} | ret=SUCCESS |  
2019-08-23 07:09:19,553 | INFO  | DNAudit | user=null | ip=null | op=WRITE_CHUNK {blockData=conID: 1 locID: 102665038036599486 bcsId: 0} | ret=SUCCESS |  
2019-08-23 07:09:19,553 | INFO  | DNAudit | user=null | ip=null | op=PUT_BLOCK {blockData=[blockId=conID: 1 locID: 102665038036599486 bcsId: 0,size=1048576]} | ret=SUCCESS |  
2019-08-23 07:09:19,554 | INFO  | DNAudit | user=null | ip=null | op=PUT_BLOCK {blockData=[blockId=conID: 1 locID: 102665038036599486 bcsId: 0,size=1048576]} | ret=SUCCESS |  
2019-08-23 07:09:19,554 | INFO  | DNAudit | user=null | ip=null | op=WRITE_CHUNK {blockData=conID: 1 locID: 102665038036599486 bcsId: 0} | ret=SUCCESS |  
2019-08-23 07:09:19,554 | INFO  | DNAudit | user=null | ip=null | op=WRITE_CHUNK {blockData=conID: 1 locID: 102665038036599486 bcsId: 0} | ret=SUCCESS |  
2019-08-23 07:09:19,554 | INFO  | DNAudit | user=null | ip=null | op=PUT_BLOCK {blockData=[blockId=conID: 1 locID: 102665038036599486 bcsId: 0,size=2097152]} | ret=SUCCESS |  
2019-08-23 07:09:19,554 [grpc-default-executor-3] INFO  client.GrpcClientProtocolClient (GrpcClientProtocolClient.java:onNext(255)) - client-D91E5D1E15CE->f2ba01fc-a63e-4348-bd18-030b60a135e7: receive RaftClientReply:client-D91E5D1E15CE->f2ba01fc-a63e-4348-bd18-030b60a135e7@group-C8C62FEF0626, cid=3583, SUCCESS, logIndex=0, commits[f2ba01fc-a63e-4348-bd18-030b60a135e7:c5404, eab135d4-a257-4705-b491-6c056b8c5df7:c5401, a4f67574-9018-43e7-8a54-351e98dc3d0a:c5402]
2019-08-23 07:09:19,556 | INFO  | DNAudit | user=null | ip=null | op=PUT_BLOCK {blockData=[blockId=conID: 1 locID: 102665038036599486 bcsId: 0,size=2097152]} | ret=SUCCESS |  
2019-08-23 07:09:19,562 | INFO  | DNAudit | user=null | ip=null | op=WRITE_CHUNK {blockData=conID: 1 locID: 102665038036599486 bcsId: 5403} | ret=SUCCESS |  
2019-08-23 07:09:19,565 | INFO  | DNAudit | user=null | ip=null | op=WRITE_CHUNK {blockData=conID: 1 locID: 102665038036599486 bcsId: 5403} | ret=SUCCESS |  
2019-08-23 07:09:19,566 | INFO  | DNAudit | user=null | ip=null | op=WRITE_CHUNK {blockData=conID: 1 locID: 102665038036599486 bcsId: 5403} | ret=SUCCESS |  
2019-08-23 07:09:19,575 | INFO  | DNAudit | user=null | ip=null | op=WRITE_CHUNK {blockData=conID: 1 locID: 102665038036599486 bcsId: 5403} | ret=SUCCESS |  
2019-08-23 07:09:19,575 | INFO  | DNAudit | user=null | ip=null | op=PUT_BLOCK {blockData=[blockId=conID: 1 locID: 102665038036599486 bcsId: 0,size=3145728]} | ret=SUCCESS |  
2019-08-23 07:09:19,576 [grpc-default-executor-6] INFO  client.GrpcClientProtocolClient (GrpcClientProtocolClient.java:onNext(255)) - client-D91E5D1E15CE->f2ba01fc-a63e-4348-bd18-030b60a135e7: receive RaftClientReply:client-D91E5D1E15CE->f2ba01fc-a63e-4348-bd18-030b60a135e7@group-C8C62FEF0626, cid=3584, SUCCESS, logIndex=5408, commits[f2ba01fc-a63e-4348-bd18-030b60a135e7:c5409, eab135d4-a257-4705-b491-6c056b8c5df7:c5407, a4f67574-9018-43e7-8a54-351e98dc3d0a:c5407]
2019-08-23 07:09:19,576 [grpc-default-executor-6] INFO  client.GrpcClientProtocolClient (GrpcClientProtocolClient.java:onNext(255)) - client-D91E5D1E15CE->f2ba01fc-a63e-4348-bd18-030b60a135e7: receive RaftClientReply:client-D91E5D1E15CE->f2ba01fc-a63e-4348-bd18-030b60a135e7@group-C8C62FEF0626, cid=3585, SUCCESS, logIndex=5409, commits[f2ba01fc-a63e-4348-bd18-030b60a135e7:c5409, eab135d4-a257-4705-b491-6c056b8c5df7:c5407, a4f67574-9018-43e7-8a54-351e98dc3d0a:c5407]
2019-08-23 07:09:19,584 | INFO  | DNAudit | user=null | ip=null | op=WRITE_CHUNK {blockData=conID: 1 locID: 102665038036599486 bcsId: 5409} | ret=SUCCESS |  
2019-08-23 07:09:19,587 | INFO  | DNAudit | user=null | ip=null | op=WRITE_CHUNK {blockData=conID: 1 locID: 102665038036599486 bcsId: 5409} | ret=SUCCESS |  
2019-08-23 07:09:19,587 | INFO  | DNAudit | user=null | ip=null | op=WRITE_CHUNK {blockData=conID: 1 locID: 102665038036599486 bcsId: 5409} | ret=SUCCESS |  
2019-08-23 07:09:19,589 | INFO  | DNAudit | user=null | ip=null | op=WRITE_CHUNK {blockData=conID: 1 locID: 102665038036599486 bcsId: 5403} | ret=SUCCESS |  
2019-08-23 07:09:19,589 | INFO  | DNAudit | user=null | ip=null | op=WRITE_CHUNK {blockData=conID: 1 locID: 102665038036599486 bcsId: 5403} | ret=SUCCESS |  
2019-08-23 07:09:19,600 | INFO  | DNAudit | user=null | ip=null | op=PUT_BLOCK {blockData=[blockId=conID: 1 locID: 102665038036599486 bcsId: 0,size=3145728]} | ret=SUCCESS |  
2019-08-23 07:09:19,601 | INFO  | DNAudit | user=null | ip=null | op=PUT_BLOCK {blockData=[blockId=conID: 1 locID: 102665038036599486 bcsId: 0,size=3145728]} | ret=SUCCESS |  
2019-08-23 07:09:19,601 | INFO  | DNAudit | user=null | ip=null | op=WRITE_CHUNK {blockData=conID: 1 locID: 102665038036599486 bcsId: 5409} | ret=SUCCESS |  
2019-08-23 07:09:19,602 | INFO  | DNAudit | user=null | ip=null | op=PUT_BLOCK {blockData=[blockId=conID: 1 locID: 102665038036599486 bcsId: 0,size=4194304]} | ret=SUCCESS |  
2019-08-23 07:09:19,602 [grpc-default-executor-4] INFO  client.GrpcClientProtocolClient (GrpcClientProtocolClient.java:onNext(255)) - client-D91E5D1E15CE->f2ba01fc-a63e-4348-bd18-030b60a135e7: receive RaftClientReply:client-D91E5D1E15CE->f2ba01fc-a63e-4348-bd18-030b60a135e7@group-C8C62FEF0626, cid=3586, SUCCESS, logIndex=5412, commits[f2ba01fc-a63e-4348-bd18-030b60a135e7:c5413, eab135d4-a257-4705-b491-6c056b8c5df7:c5409, a4f67574-9018-43e7-8a54-351e98dc3d0a:c5409]
2019-08-23 07:09:19,603 [grpc-default-executor-4] INFO  client.GrpcClientProtocolClient (GrpcClientProtocolClient.java:onNext(255)) - client-D91E5D1E15CE->f2ba01fc-a63e-4348-bd18-030b60a135e7: receive RaftClientReply:client-D91E5D1E15CE->f2ba01fc-a63e-4348-bd18-030b60a135e7@group-C8C62FEF0626, cid=3587, SUCCESS, logIndex=5413, commits[f2ba01fc-a63e-4348-bd18-030b60a135e7:c5413, eab135d4-a257-4705-b491-6c056b8c5df7:c5409, a4f67574-9018-43e7-8a54-351e98dc3d0a:c5409]
2019-08-23 07:09:19,615 | INFO  | DNAudit | user=null | ip=null | op=WRITE_CHUNK {blockData=conID: 1 locID: 102665038036599486 bcsId: 5409} | ret=SUCCESS |  
2019-08-23 07:09:19,615 | INFO  | DNAudit | user=null | ip=null | op=WRITE_CHUNK {blockData=conID: 1 locID: 102665038036599486 bcsId: 5409} | ret=SUCCESS |  
2019-08-23 07:09:19,628 | INFO  | DNAudit | user=null | ip=null | op=PUT_BLOCK {blockData=[blockId=conID: 1 locID: 102665038036599486 bcsId: 0,size=4194304]} | ret=SUCCESS |  
2019-08-23 07:09:19,628 | INFO  | DNAudit | user=null | ip=null | op=PUT_BLOCK {blockData=[blockId=conID: 1 locID: 102665038036599486 bcsId: 0,size=4194304]} | ret=SUCCESS |  
2019-08-23 07:09:19,629 [grpc-default-executor-4] INFO  client.GrpcClientProtocolClient (GrpcClientProtocolClient.java:onNext(255)) - client-D91E5D1E15CE->f2ba01fc-a63e-4348-bd18-030b60a135e7: receive RaftClientReply:client-D91E5D1E15CE->f2ba01fc-a63e-4348-bd18-030b60a135e7@group-C8C62FEF0626, cid=3588, SUCCESS, logIndex=0, commits[f2ba01fc-a63e-4348-bd18-030b60a135e7:c5415, eab135d4-a257-4705-b491-6c056b8c5df7:c5413, a4f67574-9018-43e7-8a54-351e98dc3d0a:c5413]
2019-08-23 07:09:19,638 | INFO  | SCMAudit | user=jenkins1000 | ip=192.168.5.178 | op=ALLOCATE_BLOCK {owner=aaf04d22-10dd-4717-8862-c651bdde72cf, size=4194304, type=RATIS, factor=THREE} | ret=SUCCESS |  
2019-08-23 07:09:19,643 | INFO  | OMAudit | user=jenkins1000 | ip=127.0.0.1 | op=ALLOCATE_BLOCK {volume=vol-0-67663, bucket=bucket-0-68950, key=key-0-26970, dataSize=0, replicationType=null, replicationFactor=null, keyLocationInfo=null, clientID=102665036030476690} | ret=SUCCESS |  
2019-08-23 07:09:19,652 | INFO  | DNAudit | user=null | ip=null | op=WRITE_CHUNK {blockData=conID: 2 locID: 102665038046036671 bcsId: 0} | ret=SUCCESS |  
2019-08-23 07:09:19,656 | INFO  | DNAudit | user=null | ip=null | op=WRITE_CHUNK {blockData=conID: 2 locID: 102665038046036671 bcsId: 0} | ret=SUCCESS |  
2019-08-23 07:09:19,657 | INFO  | DNAudit | user=null | ip=null | op=WRITE_CHUNK {blockData=conID: 2 locID: 102665038046036671 bcsId: 0} | ret=SUCCESS |  
2019-08-23 07:09:19,658 | INFO  | DNAudit | user=null | ip=null | op=WRITE_CHUNK {blockData=conID: 2 locID: 102665038046036671 bcsId: 0} | ret=SUCCESS |  
2019-08-23 07:09:19,660 | INFO  | DNAudit | user=null | ip=null | op=WRITE_CHUNK {blockData=conID: 2 locID: 102665038046036671 bcsId: 0} | ret=SUCCESS |  
2019-08-23 07:09:19,661 | INFO  | DNAudit | user=null | ip=null | op=WRITE_CHUNK {blockData=conID: 2 locID: 102665038046036671 bcsId: 0} | ret=SUCCESS |  
2019-08-23 07:09:19,668 | INFO  | DNAudit | user=null | ip=null | op=WRITE_CHUNK {blockData=conID: 2 locID: 102665038046036671 bcsId: 0} | ret=SUCCESS |  
2019-08-23 07:09:19,668 | INFO  | DNAudit | user=null | ip=null | op=PUT_BLOCK {blockData=[blockId=conID: 2 locID: 102665038046036671 bcsId: 0,size=1048576]} | ret=SUCCESS |  
2019-08-23 07:09:19,669 [grpc-default-executor-4] INFO  client.GrpcClientProtocolClient (GrpcClientProtocolClient.java:onNext(255)) - client-D91E5D1E15CE->f2ba01fc-a63e-4348-bd18-030b60a135e7: receive RaftClientReply:client-D91E5D1E15CE->f2ba01fc-a63e-4348-bd18-030b60a135e7@group-C8C62FEF0626, cid=3589, SUCCESS, logIndex=5416, commits[f2ba01fc-a63e-4348-bd18-030b60a135e7:c5417, eab135d4-a257-4705-b491-6c056b8c5df7:c5415, a4f67574-9018-43e7-8a54-351e98dc3d0a:c5415]
2019-08-23 07:09:19,669 [grpc-default-executor-4] INFO  client.GrpcClientProtocolClient (GrpcClientProtocolClient.java:onNext(255)) - client-D91E5D1E15CE->f2ba01fc-a63e-4348-bd18-030b60a135e7: receive RaftClientReply:client-D91E5D1E15CE->f2ba01fc-a63e-4348-bd18-030b60a135e7@group-C8C62FEF0626, cid=3590, SUCCESS, logIndex=5417, commits[f2ba01fc-a63e-4348-bd18-030b60a135e7:c5417, eab135d4-a257-4705-b491-6c056b8c5df7:c5415, a4f67574-9018-43e7-8a54-351e98dc3d0a:c5415]
2019-08-23 07:09:19,681 | INFO  | DNAudit | user=null | ip=null | op=WRITE_CHUNK {blockData=conID: 2 locID: 102665038046036671 bcsId: 0} | ret=SUCCESS |  
2019-08-23 07:09:19,681 | INFO  | DNAudit | user=null | ip=null | op=PUT_BLOCK {blockData=[blockId=conID: 2 locID: 102665038046036671 bcsId: 0,size=2097152]} | ret=SUCCESS |  
2019-08-23 07:09:19,682 [grpc-default-executor-3] INFO  client.GrpcClientProtocolClient (GrpcClientProtocolClient.java:onNext(255)) - client-D91E5D1E15CE->f2ba01fc-a63e-4348-bd18-030b60a135e7: receive RaftClientReply:client-D91E5D1E15CE->f2ba01fc-a63e-4348-bd18-030b60a135e7@group-C8C62FEF0626, cid=3591, SUCCESS, logIndex=5418, commits[f2ba01fc-a63e-4348-bd18-030b60a135e7:c5419, eab135d4-a257-4705-b491-6c056b8c5df7:c5415, a4f67574-9018-43e7-8a54-351e98dc3d0a:c5415]
2019-08-23 07:09:19,682 [grpc-default-executor-3] INFO  client.GrpcClientProtocolClient (GrpcClientProtocolClient.java:onNext(255)) - client-D91E5D1E15CE->f2ba01fc-a63e-4348-bd18-030b60a135e7: receive RaftClientReply:client-D91E5D1E15CE->f2ba01fc-a63e-4348-bd18-030b60a135e7@group-C8C62FEF0626, cid=3592, SUCCESS, logIndex=5419, commits[f2ba01fc-a63e-4348-bd18-030b60a135e7:c5419, eab135d4-a257-4705-b491-6c056b8c5df7:c5415, a4f67574-9018-43e7-8a54-351e98dc3d0a:c5415]
2019-08-23 07:09:19,693 | INFO  | DNAudit | user=null | ip=null | op=WRITE_CHUNK {blockData=conID: 2 locID: 102665038046036671 bcsId: 0} | ret=SUCCESS |  
2019-08-23 07:09:19,693 | INFO  | DNAudit | user=null | ip=null | op=PUT_BLOCK {blockData=[blockId=conID: 2 locID: 102665038046036671 bcsId: 0,size=1048576]} | ret=SUCCESS |  
2019-08-23 07:09:19,693 | INFO  | DNAudit | user=null | ip=null | op=WRITE_CHUNK {blockData=conID: 2 locID: 102665038046036671 bcsId: 0} | ret=SUCCESS |  
2019-08-23 07:09:19,693 | INFO  | DNAudit | user=null | ip=null | op=PUT_BLOCK {blockData=[blockId=conID: 2 locID: 102665038046036671 bcsId: 0,size=1048576]} | ret=SUCCESS |  
2019-08-23 07:09:19,694 [grpc-default-executor-3] INFO  client.GrpcClientProtocolClient (GrpcClientProtocolClient.java:onNext(255)) - client-D91E5D1E15CE->f2ba01fc-a63e-4348-bd18-030b60a135e7: receive RaftClientReply:client-D91E5D1E15CE->f2ba01fc-a63e-4348-bd18-030b60a135e7@group-C8C62FEF0626, cid=3593, SUCCESS, logIndex=0, commits[f2ba01fc-a63e-4348-bd18-030b60a135e7:c5421, eab135d4-a257-4705-b491-6c056b8c5df7:c5417, a4f67574-9018-43e7-8a54-351e98dc3d0a:c5417]
2019-08-23 07:09:19,705 | INFO  | DNAudit | user=null | ip=null | op=WRITE_CHUNK {blockData=conID: 2 locID: 102665038046036671 bcsId: 5419} | ret=SUCCESS |  
2019-08-23 07:09:19,706 | INFO  | DNAudit | user=null | ip=null | op=WRITE_CHUNK {blockData=conID: 2 locID: 102665038046036671 bcsId: 0} | ret=SUCCESS |  
2019-08-23 07:09:19,706 | INFO  | DNAudit | user=null | ip=null | op=WRITE_CHUNK {blockData=conID: 2 locID: 102665038046036671 bcsId: 0} | ret=SUCCESS |  
2019-08-23 07:09:19,706 | INFO  | DNAudit | user=null | ip=null | op=PUT_BLOCK {blockData=[blockId=conID: 2 locID: 102665038046036671 bcsId: 0,size=2097152]} | ret=SUCCESS |  
2019-08-23 07:09:19,706 | INFO  | DNAudit | user=null | ip=null | op=PUT_BLOCK {blockData=[blockId=conID: 2 locID: 102665038046036671 bcsId: 0,size=2097152]} | ret=SUCCESS |  
2019-08-23 07:09:19,710 | INFO  | DNAudit | user=null | ip=null | op=WRITE_CHUNK {blockData=conID: 2 locID: 102665038046036671 bcsId: 5419} | ret=SUCCESS |  
2019-08-23 07:09:19,710 | INFO  | DNAudit | user=null | ip=null | op=WRITE_CHUNK {blockData=conID: 2 locID: 102665038046036671 bcsId: 5419} | ret=SUCCESS |  
2019-08-23 07:09:19,713 | INFO  | DNAudit | user=null | ip=null | op=WRITE_CHUNK {blockData=conID: 2 locID: 102665038046036671 bcsId: 5419} | ret=SUCCESS |  
2019-08-23 07:09:19,714 | INFO  | DNAudit | user=null | ip=null | op=PUT_BLOCK {blockData=[blockId=conID: 2 locID: 102665038046036671 bcsId: 0,size=3145728]} | ret=SUCCESS |  
2019-08-23 07:09:19,715 [grpc-default-executor-4] INFO  client.GrpcClientProtocolClient (GrpcClientProtocolClient.java:onNext(255)) - client-D91E5D1E15CE->f2ba01fc-a63e-4348-bd18-030b60a135e7: receive RaftClientReply:client-D91E5D1E15CE->f2ba01fc-a63e-4348-bd18-030b60a135e7@group-C8C62FEF0626, cid=3594, SUCCESS, logIndex=5424, commits[f2ba01fc-a63e-4348-bd18-030b60a135e7:c5425, eab135d4-a257-4705-b491-6c056b8c5df7:c5421, a4f67574-9018-43e7-8a54-351e98dc3d0a:c5421]
2019-08-23 07:09:19,715 [grpc-default-executor-4] INFO  client.GrpcClientProtocolClient (GrpcClientProtocolClient.java:onNext(255)) - client-D91E5D1E15CE->f2ba01fc-a63e-4348-bd18-030b60a135e7: receive RaftClientReply:client-D91E5D1E15CE->f2ba01fc-a63e-4348-bd18-030b60a135e7@group-C8C62FEF0626, cid=3595, SUCCESS, logIndex=5425, commits[f2ba01fc-a63e-4348-bd18-030b60a135e7:c5425, eab135d4-a257-4705-b491-6c056b8c5df7:c5421, a4f67574-9018-43e7-8a54-351e98dc3d0a:c5421]
2019-08-23 07:09:19,717 | INFO  | DNAudit | user=null | ip=null | op=WRITE_CHUNK {blockData=conID: 2 locID: 102665038046036671 bcsId: 5419} | ret=SUCCESS |  
2019-08-23 07:09:19,717 | INFO  | DNAudit | user=null | ip=null | op=WRITE_CHUNK {blockData=conID: 2 locID: 102665038046036671 bcsId: 5419} | ret=SUCCESS |  
2019-08-23 07:09:19,717 | INFO  | DNAudit | user=null | ip=null | op=PUT_BLOCK {blockData=[blockId=conID: 2 locID: 102665038046036671 bcsId: 0,size=3145728]} | ret=SUCCESS |  
2019-08-23 07:09:19,717 | INFO  | DNAudit | user=null | ip=null | op=PUT_BLOCK {blockData=[blockId=conID: 2 locID: 102665038046036671 bcsId: 0,size=3145728]} | ret=SUCCESS |  
2019-08-23 07:09:19,725 | INFO  | DNAudit | user=null | ip=null | op=WRITE_CHUNK {blockData=conID: 2 locID: 102665038046036671 bcsId: 5425} | ret=SUCCESS |  
2019-08-23 07:09:19,728 | INFO  | DNAudit | user=null | ip=null | op=WRITE_CHUNK {blockData=conID: 2 locID: 102665038046036671 bcsId: 5425} | ret=SUCCESS |  
2019-08-23 07:09:19,729 | INFO  | DNAudit | user=null | ip=null | op=WRITE_CHUNK {blockData=conID: 2 locID: 102665038046036671 bcsId: 5425} | ret=SUCCESS |  
2019-08-23 07:09:19,731 | INFO  | DNAudit | user=null | ip=null | op=WRITE_CHUNK {blockData=conID: 2 locID: 102665038046036671 bcsId: 5425} | ret=SUCCESS |  
2019-08-23 07:09:19,732 | INFO  | DNAudit | user=null | ip=null | op=PUT_BLOCK {blockData=[blockId=conID: 2 locID: 102665038046036671 bcsId: 0,size=4194304]} | ret=SUCCESS |  
2019-08-23 07:09:19,732 [grpc-default-executor-6] INFO  client.GrpcClientProtocolClient (GrpcClientProtocolClient.java:onNext(255)) - client-D91E5D1E15CE->f2ba01fc-a63e-4348-bd18-030b60a135e7: receive RaftClientReply:client-D91E5D1E15CE->f2ba01fc-a63e-4348-bd18-030b60a135e7@group-C8C62FEF0626, cid=3596, SUCCESS, logIndex=5428, commits[f2ba01fc-a63e-4348-bd18-030b60a135e7:c5429, eab135d4-a257-4705-b491-6c056b8c5df7:c5427, a4f67574-9018-43e7-8a54-351e98dc3d0a:c5427]
2019-08-23 07:09:19,732 [grpc-default-executor-6] INFO  client.GrpcClientProtocolClient (GrpcClientProtocolClient.java:onNext(255)) - client-D91E5D1E15CE->f2ba01fc-a63e-4348-bd18-030b60a135e7: receive RaftClientReply:client-D91E5D1E15CE->f2ba01fc-a63e-4348-bd18-030b60a135e7@group-C8C62FEF0626, cid=3597, SUCCESS, logIndex=5429, commits[f2ba01fc-a63e-4348-bd18-030b60a135e7:c5429, eab135d4-a257-4705-b491-6c056b8c5df7:c5427, a4f67574-9018-43e7-8a54-351e98dc3d0a:c5427]
2019-08-23 07:09:19,735 | INFO  | DNAudit | user=null | ip=null | op=WRITE_CHUNK {blockData=conID: 2 locID: 102665038046036671 bcsId: 5425} | ret=SUCCESS |  
2019-08-23 07:09:19,735 | INFO  | DNAudit | user=null | ip=null | op=WRITE_CHUNK {blockData=conID: 2 locID: 102665038046036671 bcsId: 5425} | ret=SUCCESS |  
2019-08-23 07:09:19,735 | INFO  | DNAudit | user=null | ip=null | op=PUT_BLOCK {blockData=[blockId=conID: 2 locID: 102665038046036671 bcsId: 0,size=4194304]} | ret=SUCCESS |  
2019-08-23 07:09:19,736 | INFO  | DNAudit | user=null | ip=null | op=PUT_BLOCK {blockData=[blockId=conID: 2 locID: 102665038046036671 bcsId: 0,size=4194304]} | ret=SUCCESS |  
2019-08-23 07:09:19,736 [grpc-default-executor-6] INFO  client.GrpcClientProtocolClient (GrpcClientProtocolClient.java:onNext(255)) - client-D91E5D1E15CE->f2ba01fc-a63e-4348-bd18-030b60a135e7: receive RaftClientReply:client-D91E5D1E15CE->f2ba01fc-a63e-4348-bd18-030b60a135e7@group-C8C62FEF0626, cid=3598, SUCCESS, logIndex=0, commits[f2ba01fc-a63e-4348-bd18-030b60a135e7:c5430, eab135d4-a257-4705-b491-6c056b8c5df7:c5429, a4f67574-9018-43e7-8a54-351e98dc3d0a:c5429]
2019-08-23 07:09:19,748 | INFO  | SCMAudit | user=jenkins1000 | ip=192.168.5.178 | op=ALLOCATE_BLOCK {owner=aaf04d22-10dd-4717-8862-c651bdde72cf, size=4194304, type=RATIS, factor=THREE} | ret=SUCCESS |  
2019-08-23 07:09:19,755 | INFO  | OMAudit | user=jenkins1000 | ip=127.0.0.1 | op=ALLOCATE_BLOCK {volume=vol-0-67663, bucket=bucket-0-68950, key=key-0-26970, dataSize=0, replicationType=null, replicationFactor=null, keyLocationInfo=null, clientID=102665036030476690} | ret=SUCCESS |  
2019-08-23 07:09:19,766 | INFO  | DNAudit | user=null | ip=null | op=WRITE_CHUNK {blockData=conID: 3 locID: 102665038053245632 bcsId: 0} | ret=SUCCESS |  
2019-08-23 07:09:19,770 | INFO  | DNAudit | user=null | ip=null | op=WRITE_CHUNK {blockData=conID: 3 locID: 102665038053245632 bcsId: 0} | ret=SUCCESS |  
2019-08-23 07:09:19,770 | INFO  | DNAudit | user=null | ip=null | op=WRITE_CHUNK {blockData=conID: 3 locID: 102665038053245632 bcsId: 0} | ret=SUCCESS |  
2019-08-23 07:09:19,771 | INFO  | DNAudit | user=null | ip=null | op=WRITE_CHUNK {blockData=conID: 3 locID: 102665038053245632 bcsId: 0} | ret=SUCCESS |  
2019-08-23 07:09:19,773 | INFO  | DNAudit | user=null | ip=null | op=WRITE_CHUNK {blockData=conID: 3 locID: 102665038053245632 bcsId: 0} | ret=SUCCESS |  
2019-08-23 07:09:19,773 | INFO  | DNAudit | user=null | ip=null | op=WRITE_CHUNK {blockData=conID: 3 locID: 102665038053245632 bcsId: 0} | ret=SUCCESS |  
2019-08-23 07:09:19,773 | INFO  | DNAudit | user=null | ip=null | op=PUT_BLOCK {blockData=[blockId=conID: 3 locID: 102665038053245632 bcsId: 0,size=1048576]} | ret=SUCCESS |  
2019-08-23 07:09:19,774 | INFO  | DNAudit | user=null | ip=null | op=WRITE_CHUNK {blockData=conID: 3 locID: 102665038053245632 bcsId: 0} | ret=SUCCESS |  
2019-08-23 07:09:19,774 [grpc-default-executor-0] INFO  client.GrpcClientProtocolClient (GrpcClientProtocolClient.java:onNext(255)) - client-D91E5D1E15CE->f2ba01fc-a63e-4348-bd18-030b60a135e7: receive RaftClientReply:client-D91E5D1E15CE->f2ba01fc-a63e-4348-bd18-030b60a135e7@group-C8C62FEF0626, cid=3599, SUCCESS, logIndex=5432, commits[f2ba01fc-a63e-4348-bd18-030b60a135e7:c5433, eab135d4-a257-4705-b491-6c056b8c5df7:c5431, a4f67574-9018-43e7-8a54-351e98dc3d0a:c5429]
2019-08-23 07:09:19,775 [grpc-default-executor-0] INFO  client.GrpcClientProtocolClient (GrpcClientProtocolClient.java:onNext(255)) - client-D91E5D1E15CE->f2ba01fc-a63e-4348-bd18-030b60a135e7: receive RaftClientReply:client-D91E5D1E15CE->f2ba01fc-a63e-4348-bd18-030b60a135e7@group-C8C62FEF0626, cid=3600, SUCCESS, logIndex=5433, commits[f2ba01fc-a63e-4348-bd18-030b60a135e7:c5433, eab135d4-a257-4705-b491-6c056b8c5df7:c5431, a4f67574-9018-43e7-8a54-351e98dc3d0a:c5429]
2019-08-23 07:09:19,778 | INFO  | DNAudit | user=null | ip=null | op=WRITE_CHUNK {blockData=conID: 3 locID: 102665038053245632 bcsId: 0} | ret=SUCCESS |  
2019-08-23 07:09:19,778 | INFO  | DNAudit | user=null | ip=null | op=WRITE_CHUNK {blockData=conID: 3 locID: 102665038053245632 bcsId: 0} | ret=SUCCESS |  
2019-08-23 07:09:19,778 | INFO  | DNAudit | user=null | ip=null | op=PUT_BLOCK {blockData=[blockId=conID: 3 locID: 102665038053245632 bcsId: 0,size=1048576]} | ret=SUCCESS |  
2019-08-23 07:09:19,778 | INFO  | DNAudit | user=null | ip=null | op=WRITE_CHUNK {blockData=conID: 3 locID: 102665038053245632 bcsId: 0} | ret=SUCCESS |  
2019-08-23 07:09:19,779 | INFO  | DNAudit | user=null | ip=null | op=PUT_BLOCK {blockData=[blockId=conID: 3 locID: 102665038053245632 bcsId: 0,size=1048576]} | ret=SUCCESS |  
2019-08-23 07:09:19,779 | INFO  | DNAudit | user=null | ip=null | op=PUT_BLOCK {blockData=[blockId=conID: 3 locID: 102665038053245632 bcsId: 0,size=2097152]} | ret=SUCCESS |  
2019-08-23 07:09:19,780 [grpc-default-executor-6] INFO  client.GrpcClientProtocolClient (GrpcClientProtocolClient.java:onNext(255)) - client-D91E5D1E15CE->f2ba01fc-a63e-4348-bd18-030b60a135e7: receive RaftClientReply:client-D91E5D1E15CE->f2ba01fc-a63e-4348-bd18-030b60a135e7@group-C8C62FEF0626, cid=3601, SUCCESS, logIndex=5434, commits[f2ba01fc-a63e-4348-bd18-030b60a135e7:c5434, eab135d4-a257-4705-b491-6c056b8c5df7:c5431, a4f67574-9018-43e7-8a54-351e98dc3d0a:c5431]
2019-08-23 07:09:19,780 [grpc-default-executor-6] INFO  client.GrpcClientProtocolClient (GrpcClientProtocolClient.java:onNext(255)) - client-D91E5D1E15CE->f2ba01fc-a63e-4348-bd18-030b60a135e7: receive RaftClientReply:client-D91E5D1E15CE->f2ba01fc-a63e-4348-bd18-030b60a135e7@group-C8C62FEF0626, cid=3602, SUCCESS, logIndex=5435, commits[f2ba01fc-a63e-4348-bd18-030b60a135e7:c5436, eab135d4-a257-4705-b491-6c056b8c5df7:c5433, a4f67574-9018-43e7-8a54-351e98dc3d0a:c5433]
2019-08-23 07:09:19,792 | INFO  | DNAudit | user=null | ip=null | op=WRITE_CHUNK {blockData=conID: 3 locID: 102665038053245632 bcsId: 5435} | ret=SUCCESS |  
2019-08-23 07:09:19,796 | INFO  | DNAudit | user=null | ip=null | op=WRITE_CHUNK {blockData=conID: 3 locID: 102665038053245632 bcsId: 5435} | ret=SUCCESS |  
2019-08-23 07:09:19,802 | INFO  | DNAudit | user=null | ip=null | op=WRITE_CHUNK {blockData=conID: 3 locID: 102665038053245632 bcsId: 5435} | ret=SUCCESS |  
2019-08-23 07:09:19,804 | INFO  | DNAudit | user=null | ip=null | op=WRITE_CHUNK {blockData=conID: 3 locID: 102665038053245632 bcsId: 0} | ret=SUCCESS |  
2019-08-23 07:09:19,804 | INFO  | DNAudit | user=null | ip=null | op=WRITE_CHUNK {blockData=conID: 3 locID: 102665038053245632 bcsId: 0} | ret=SUCCESS |  
2019-08-23 07:09:19,806 | INFO  | DNAudit | user=null | ip=null | op=PUT_BLOCK {blockData=[blockId=conID: 3 locID: 102665038053245632 bcsId: 0,size=2097152]} | ret=SUCCESS |  
2019-08-23 07:09:19,806 | INFO  | DNAudit | user=null | ip=null | op=PUT_BLOCK {blockData=[blockId=conID: 3 locID: 102665038053245632 bcsId: 0,size=2097152]} | ret=SUCCESS |  
2019-08-23 07:09:19,806 | INFO  | DNAudit | user=null | ip=null | op=WRITE_CHUNK {blockData=conID: 3 locID: 102665038053245632 bcsId: 5435} | ret=SUCCESS |  
2019-08-23 07:09:19,807 | INFO  | DNAudit | user=null | ip=null | op=PUT_BLOCK {blockData=[blockId=conID: 3 locID: 102665038053245632 bcsId: 0,size=3145728]} | ret=SUCCESS |  
2019-08-23 07:09:19,808 [grpc-default-executor-6] INFO  client.GrpcClientProtocolClient (GrpcClientProtocolClient.java:onNext(255)) - client-D91E5D1E15CE->f2ba01fc-a63e-4348-bd18-030b60a135e7: receive RaftClientReply:client-D91E5D1E15CE->f2ba01fc-a63e-4348-bd18-030b60a135e7@group-C8C62FEF0626, cid=3603, SUCCESS, logIndex=5439, commits[f2ba01fc-a63e-4348-bd18-030b60a135e7:c5439, eab135d4-a257-4705-b491-6c056b8c5df7:c5437, a4f67574-9018-43e7-8a54-351e98dc3d0a:c5437]
2019-08-23 07:09:19,809 [grpc-default-executor-6] INFO  client.GrpcClientProtocolClient (GrpcClientProtocolClient.java:onNext(255)) - client-D91E5D1E15CE->f2ba01fc-a63e-4348-bd18-030b60a135e7: receive RaftClientReply:client-D91E5D1E15CE->f2ba01fc-a63e-4348-bd18-030b60a135e7@group-C8C62FEF0626, cid=3604, SUCCESS, logIndex=5440, commits[f2ba01fc-a63e-4348-bd18-030b60a135e7:c5440, eab135d4-a257-4705-b491-6c056b8c5df7:c5437, a4f67574-9018-43e7-8a54-351e98dc3d0a:c5437]
2019-08-23 07:09:19,818 | INFO  | DNAudit | user=null | ip=null | op=WRITE_CHUNK {blockData=conID: 3 locID: 102665038053245632 bcsId: 5435} | ret=SUCCESS |  
2019-08-23 07:09:19,818 | INFO  | DNAudit | user=null | ip=null | op=WRITE_CHUNK {blockData=conID: 3 locID: 102665038053245632 bcsId: 5435} | ret=SUCCESS |  
2019-08-23 07:09:19,820 | INFO  | DNAudit | user=null | ip=null | op=WRITE_CHUNK {blockData=conID: 3 locID: 102665038053245632 bcsId: 5440} | ret=SUCCESS |  
2019-08-23 07:09:19,821 | INFO  | DNAudit | user=null | ip=null | op=PUT_BLOCK {blockData=[blockId=conID: 3 locID: 102665038053245632 bcsId: 0,size=3145728]} | ret=SUCCESS |  
2019-08-23 07:09:19,821 | INFO  | DNAudit | user=null | ip=null | op=PUT_BLOCK {blockData=[blockId=conID: 3 locID: 102665038053245632 bcsId: 0,size=3145728]} | ret=SUCCESS |  
2019-08-23 07:09:19,824 | INFO  | DNAudit | user=null | ip=null | op=WRITE_CHUNK {blockData=conID: 3 locID: 102665038053245632 bcsId: 5440} | ret=SUCCESS |  
2019-08-23 07:09:19,824 | INFO  | DNAudit | user=null | ip=null | op=WRITE_CHUNK {blockData=conID: 3 locID: 102665038053245632 bcsId: 5440} | ret=SUCCESS |  
2019-08-23 07:09:19,833 | INFO  | DNAudit | user=null | ip=null | op=WRITE_CHUNK {blockData=conID: 3 locID: 102665038053245632 bcsId: 5440} | ret=SUCCESS |  
2019-08-23 07:09:19,834 | INFO  | DNAudit | user=null | ip=null | op=PUT_BLOCK {blockData=[blockId=conID: 3 locID: 102665038053245632 bcsId: 0,size=4194304]} | ret=SUCCESS |  
2019-08-23 07:09:19,834 [grpc-default-executor-6] INFO  client.GrpcClientProtocolClient (GrpcClientProtocolClient.java:onNext(255)) - client-D91E5D1E15CE->f2ba01fc-a63e-4348-bd18-030b60a135e7: receive RaftClientReply:client-D91E5D1E15CE->f2ba01fc-a63e-4348-bd18-030b60a135e7@group-C8C62FEF0626, cid=3605, SUCCESS, logIndex=5443, commits[f2ba01fc-a63e-4348-bd18-030b60a135e7:c5444, eab135d4-a257-4705-b491-6c056b8c5df7:c5440, a4f67574-9018-43e7-8a54-351e98dc3d0a:c5440]
2019-08-23 07:09:19,835 [grpc-default-executor-6] INFO  client.GrpcClientProtocolClient (GrpcClientProtocolClient.java:onNext(255)) - client-D91E5D1E15CE->f2ba01fc-a63e-4348-bd18-030b60a135e7: receive RaftClientReply:client-D91E5D1E15CE->f2ba01fc-a63e-4348-bd18-030b60a135e7@group-C8C62FEF0626, cid=3606, SUCCESS, logIndex=5444, commits[f2ba01fc-a63e-4348-bd18-030b60a135e7:c5444, eab135d4-a257-4705-b491-6c056b8c5df7:c5440, a4f67574-9018-43e7-8a54-351e98dc3d0a:c5440]
2019-08-23 07:09:19,845 | INFO  | DNAudit | user=null | ip=null | op=WRITE_CHUNK {blockData=conID: 3 locID: 102665038053245632 bcsId: 5440} | ret=SUCCESS |  
2019-08-23 07:09:19,845 | INFO  | DNAudit | user=null | ip=null | op=WRITE_CHUNK {blockData=conID: 3 locID: 102665038053245632 bcsId: 5440} | ret=SUCCESS |  
2019-08-23 07:09:19,847 | INFO  | DNAudit | user=null | ip=null | op=PUT_BLOCK {blockData=[blockId=conID: 3 locID: 102665038053245632 bcsId: 0,size=4194304]} | ret=SUCCESS |  
2019-08-23 07:09:19,847 | INFO  | DNAudit | user=null | ip=null | op=PUT_BLOCK {blockData=[blockId=conID: 3 locID: 102665038053245632 bcsId: 0,size=4194304]} | ret=SUCCESS |  
2019-08-23 07:09:19,848 [grpc-default-executor-6] INFO  client.GrpcClientProtocolClient (GrpcClientProtocolClient.java:onNext(255)) - client-D91E5D1E15CE->f2ba01fc-a63e-4348-bd18-030b60a135e7: receive RaftClientReply:client-D91E5D1E15CE->f2ba01fc-a63e-4348-bd18-030b60a135e7@group-C8C62FEF0626, cid=3607, SUCCESS, logIndex=0, commits[f2ba01fc-a63e-4348-bd18-030b60a135e7:c5446, eab135d4-a257-4705-b491-6c056b8c5df7:c5444, a4f67574-9018-43e7-8a54-351e98dc3d0a:c5444]
2019-08-23 07:09:19,860 | INFO  | SCMAudit | user=jenkins1000 | ip=192.168.5.178 | op=ALLOCATE_BLOCK {owner=aaf04d22-10dd-4717-8862-c651bdde72cf, size=4194304, type=RATIS, factor=THREE} | ret=SUCCESS |  
2019-08-23 07:09:19,867 | INFO  | OMAudit | user=jenkins1000 | ip=127.0.0.1 | op=ALLOCATE_BLOCK {volume=vol-0-67663, bucket=bucket-0-68950, key=key-0-26970, dataSize=0, replicationType=null, replicationFactor=null, keyLocationInfo=null, clientID=102665036030476690} | ret=SUCCESS |  
2019-08-23 07:09:19,880 | INFO  | DNAudit | user=null | ip=null | op=WRITE_CHUNK {blockData=conID: 1 locID: 102665038060585665 bcsId: 0} | ret=SUCCESS |  
2019-08-23 07:09:19,885 | INFO  | DNAudit | user=null | ip=null | op=WRITE_CHUNK {blockData=conID: 1 locID: 102665038060585665 bcsId: 0} | ret=SUCCESS |  
2019-08-23 07:09:19,885 | INFO  | DNAudit | user=null | ip=null | op=WRITE_CHUNK {blockData=conID: 1 locID: 102665038060585665 bcsId: 0} | ret=SUCCESS |  
2019-08-23 07:09:19,886 | INFO  | DNAudit | user=null | ip=null | op=WRITE_CHUNK {blockData=conID: 1 locID: 102665038060585665 bcsId: 0} | ret=SUCCESS |  
2019-08-23 07:09:19,887 | INFO  | DNAudit | user=null | ip=null | op=WRITE_CHUNK {blockData=conID: 1 locID: 102665038060585665 bcsId: 0} | ret=SUCCESS |  
2019-08-23 07:09:19,888 | INFO  | DNAudit | user=null | ip=null | op=WRITE_CHUNK {blockData=conID: 1 locID: 102665038060585665 bcsId: 0} | ret=SUCCESS |  
2019-08-23 07:09:19,895 | INFO  | DNAudit | user=null | ip=null | op=WRITE_CHUNK {blockData=conID: 1 locID: 102665038060585665 bcsId: 0} | ret=SUCCESS |  
2019-08-23 07:09:19,896 | INFO  | DNAudit | user=null | ip=null | op=PUT_BLOCK {blockData=[blockId=conID: 1 locID: 102665038060585665 bcsId: 0,size=1048576]} | ret=SUCCESS |  
2019-08-23 07:09:19,896 [grpc-default-executor-0] INFO  client.GrpcClientProtocolClient (GrpcClientProtocolClient.java:onNext(255)) - client-D91E5D1E15CE->f2ba01fc-a63e-4348-bd18-030b60a135e7: receive RaftClientReply:client-D91E5D1E15CE->f2ba01fc-a63e-4348-bd18-030b60a135e7@group-C8C62FEF0626, cid=3608, SUCCESS, logIndex=5447, commits[f2ba01fc-a63e-4348-bd18-030b60a135e7:c5448, eab135d4-a257-4705-b491-6c056b8c5df7:c5446, a4f67574-9018-43e7-8a54-351e98dc3d0a:c5446]
2019-08-23 07:09:19,896 [grpc-default-executor-0] INFO  client.GrpcClientProtocolClient (GrpcClientProtocolClient.java:onNext(255)) - client-D91E5D1E15CE->f2ba01fc-a63e-4348-bd18-030b60a135e7: receive RaftClientReply:client-D91E5D1E15CE->f2ba01fc-a63e-4348-bd18-030b60a135e7@group-C8C62FEF0626, cid=3609, SUCCESS, logIndex=5448, commits[f2ba01fc-a63e-4348-bd18-030b60a135e7:c5448, eab135d4-a257-4705-b491-6c056b8c5df7:c5446, a4f67574-9018-43e7-8a54-351e98dc3d0a:c5446]
2019-08-23 07:09:19,908 | INFO  | DNAudit | user=null | ip=null | op=WRITE_CHUNK {blockData=conID: 1 locID: 102665038060585665 bcsId: 0} | ret=SUCCESS |  
2019-08-23 07:09:19,908 | INFO  | DNAudit | user=null | ip=null | op=PUT_BLOCK {blockData=[blockId=conID: 1 locID: 102665038060585665 bcsId: 0,size=2097152]} | ret=SUCCESS |  
2019-08-23 07:09:19,908 [grpc-default-executor-3] INFO  client.GrpcClientProtocolClient (GrpcClientProtocolClient.java:onNext(255)) - client-D91E5D1E15CE->f2ba01fc-a63e-4348-bd18-030b60a135e7: receive RaftClientReply:client-D91E5D1E15CE->f2ba01fc-a63e-4348-bd18-030b60a135e7@group-C8C62FEF0626, cid=3610, SUCCESS, logIndex=5449, commits[f2ba01fc-a63e-4348-bd18-030b60a135e7:c5450, eab135d4-a257-4705-b491-6c056b8c5df7:c5446, a4f67574-9018-43e7-8a54-351e98dc3d0a:c5446]
2019-08-23 07:09:19,909 [grpc-default-executor-3] INFO  client.GrpcClientProtocolClient (GrpcClientProtocolClient.java:onNext(255)) - client-D91E5D1E15CE->f2ba01fc-a63e-4348-bd18-030b60a135e7: receive RaftClientReply:client-D91E5D1E15CE->f2ba01fc-a63e-4348-bd18-030b60a135e7@group-C8C62FEF0626, cid=3611, SUCCESS, logIndex=5450, commits[f2ba01fc-a63e-4348-bd18-030b60a135e7:c5450, eab135d4-a257-4705-b491-6c056b8c5df7:c5446, a4f67574-9018-43e7-8a54-351e98dc3d0a:c5446]
2019-08-23 07:09:19,914 | INFO  | SCMAudit | user=jenkins1000 | ip=192.168.5.178 | op=SEND_HEARTBEAT {datanodeUUID=a4f67574-9018-43e7-8a54-351e98dc3d0a, command=[]} | ret=SUCCESS |  
2019-08-23 07:09:19,914 | INFO  | SCMAudit | user=jenkins1000 | ip=192.168.5.178 | op=SEND_HEARTBEAT {datanodeUUID=f2ba01fc-a63e-4348-bd18-030b60a135e7, command=[]} | ret=SUCCESS |  
2019-08-23 07:09:19,914 | INFO  | SCMAudit | user=jenkins1000 | ip=192.168.5.178 | op=SEND_HEARTBEAT {datanodeUUID=eab135d4-a257-4705-b491-6c056b8c5df7, command=[]} | ret=SUCCESS |  
2019-08-23 07:09:19,921 | INFO  | DNAudit | user=null | ip=null | op=WRITE_CHUNK {blockData=conID: 1 locID: 102665038060585665 bcsId: 0} | ret=SUCCESS |  
2019-08-23 07:09:19,921 | INFO  | DNAudit | user=null | ip=null | op=WRITE_CHUNK {blockData=conID: 1 locID: 102665038060585665 bcsId: 0} | ret=SUCCESS |  
2019-08-23 07:09:19,921 | INFO  | DNAudit | user=null | ip=null | op=PUT_BLOCK {blockData=[blockId=conID: 1 locID: 102665038060585665 bcsId: 0,size=1048576]} | ret=SUCCESS |  
2019-08-23 07:09:19,921 | INFO  | DNAudit | user=null | ip=null | op=PUT_BLOCK {blockData=[blockId=conID: 1 locID: 102665038060585665 bcsId: 0,size=1048576]} | ret=SUCCESS |  
2019-08-23 07:09:19,923 [grpc-default-executor-3] INFO  client.GrpcClientProtocolClient (GrpcClientProtocolClient.java:onNext(255)) - client-D91E5D1E15CE->f2ba01fc-a63e-4348-bd18-030b60a135e7: receive RaftClientReply:client-D91E5D1E15CE->f2ba01fc-a63e-4348-bd18-030b60a135e7@group-C8C62FEF0626, cid=3612, SUCCESS, logIndex=0, commits[f2ba01fc-a63e-4348-bd18-030b60a135e7:c5452, eab135d4-a257-4705-b491-6c056b8c5df7:c5448, a4f67574-9018-43e7-8a54-351e98dc3d0a:c5448]
2019-08-23 07:09:19,933 | INFO  | DNAudit | user=null | ip=null | op=WRITE_CHUNK {blockData=conID: 1 locID: 102665038060585665 bcsId: 0} | ret=SUCCESS |  
2019-08-23 07:09:19,933 | INFO  | DNAudit | user=null | ip=null | op=PUT_BLOCK {blockData=[blockId=conID: 1 locID: 102665038060585665 bcsId: 0,size=2097152]} | ret=SUCCESS |  
2019-08-23 07:09:19,934 | INFO  | DNAudit | user=null | ip=null | op=WRITE_CHUNK {blockData=conID: 1 locID: 102665038060585665 bcsId: 0} | ret=SUCCESS |  
2019-08-23 07:09:19,934 | INFO  | DNAudit | user=null | ip=null | op=PUT_BLOCK {blockData=[blockId=conID: 1 locID: 102665038060585665 bcsId: 0,size=2097152]} | ret=SUCCESS |  
2019-08-23 07:09:19,940 | INFO  | DNAudit | user=null | ip=null | op=WRITE_CHUNK {blockData=conID: 1 locID: 102665038060585665 bcsId: 5450} | ret=SUCCESS |  
2019-08-23 07:09:19,943 | INFO  | DNAudit | user=null | ip=null | op=WRITE_CHUNK {blockData=conID: 1 locID: 102665038060585665 bcsId: 5450} | ret=SUCCESS |  
2019-08-23 07:09:19,944 | INFO  | DNAudit | user=null | ip=null | op=WRITE_CHUNK {blockData=conID: 1 locID: 102665038060585665 bcsId: 5450} | ret=SUCCESS |  
2019-08-23 07:09:19,956 | INFO  | DNAudit | user=null | ip=null | op=WRITE_CHUNK {blockData=conID: 1 locID: 102665038060585665 bcsId: 5450} | ret=SUCCESS |  
2019-08-23 07:09:19,957 | INFO  | DNAudit | user=null | ip=null | op=PUT_BLOCK {blockData=[blockId=conID: 1 locID: 102665038060585665 bcsId: 0,size=3145728]} | ret=SUCCESS |  
2019-08-23 07:09:19,957 [grpc-default-executor-6] INFO  client.GrpcClientProtocolClient (GrpcClientProtocolClient.java:onNext(255)) - client-D91E5D1E15CE->f2ba01fc-a63e-4348-bd18-030b60a135e7: receive RaftClientReply:client-D91E5D1E15CE->f2ba01fc-a63e-4348-bd18-030b60a135e7@group-C8C62FEF0626, cid=3613, SUCCESS, logIndex=5455, commits[f2ba01fc-a63e-4348-bd18-030b60a135e7:c5455, eab135d4-a257-4705-b491-6c056b8c5df7:c5454, a4f67574-9018-43e7-8a54-351e98dc3d0a:c5454]
2019-08-23 07:09:19,958 [grpc-default-executor-6] INFO  client.GrpcClientProtocolClient (GrpcClientProtocolClient.java:onNext(255)) - client-D91E5D1E15CE->f2ba01fc-a63e-4348-bd18-030b60a135e7: receive RaftClientReply:client-D91E5D1E15CE->f2ba01fc-a63e-4348-bd18-030b60a135e7@group-C8C62FEF0626, cid=3614, SUCCESS, logIndex=5456, commits[f2ba01fc-a63e-4348-bd18-030b60a135e7:c5456, eab135d4-a257-4705-b491-6c056b8c5df7:c5454, a4f67574-9018-43e7-8a54-351e98dc3d0a:c5454]
2019-08-23 07:09:19,969 | INFO  | DNAudit | user=null | ip=null | op=WRITE_CHUNK {blockData=conID: 1 locID: 102665038060585665 bcsId: 5456} | ret=SUCCESS |  
2019-08-23 07:09:19,969 | INFO  | DNAudit | user=null | ip=null | op=WRITE_CHUNK {blockData=conID: 1 locID: 102665038060585665 bcsId: 5450} | ret=SUCCESS |  
2019-08-23 07:09:19,970 | INFO  | DNAudit | user=null | ip=null | op=WRITE_CHUNK {blockData=conID: 1 locID: 102665038060585665 bcsId: 5450} | ret=SUCCESS |  
2019-08-23 07:09:19,971 | INFO  | DNAudit | user=null | ip=null | op=PUT_BLOCK {blockData=[blockId=conID: 1 locID: 102665038060585665 bcsId: 0,size=3145728]} | ret=SUCCESS |  
2019-08-23 07:09:19,972 | INFO  | DNAudit | user=null | ip=null | op=WRITE_CHUNK {blockData=conID: 1 locID: 102665038060585665 bcsId: 5456} | ret=SUCCESS |  
2019-08-23 07:09:19,973 | INFO  | DNAudit | user=null | ip=null | op=PUT_BLOCK {blockData=[blockId=conID: 1 locID: 102665038060585665 bcsId: 0,size=3145728]} | ret=SUCCESS |  
2019-08-23 07:09:19,973 | INFO  | DNAudit | user=null | ip=null | op=WRITE_CHUNK {blockData=conID: 1 locID: 102665038060585665 bcsId: 5456} | ret=SUCCESS |  
2019-08-23 07:09:19,975 | INFO  | DNAudit | user=null | ip=null | op=WRITE_CHUNK {blockData=conID: 1 locID: 102665038060585665 bcsId: 5456} | ret=SUCCESS |  
2019-08-23 07:09:19,975 | INFO  | DNAudit | user=null | ip=null | op=PUT_BLOCK {blockData=[blockId=conID: 1 locID: 102665038060585665 bcsId: 0,size=4194304]} | ret=SUCCESS |  
2019-08-23 07:09:19,975 [grpc-default-executor-3] INFO  client.GrpcClientProtocolClient (GrpcClientProtocolClient.java:onNext(255)) - client-D91E5D1E15CE->f2ba01fc-a63e-4348-bd18-030b60a135e7: receive RaftClientReply:client-D91E5D1E15CE->f2ba01fc-a63e-4348-bd18-030b60a135e7@group-C8C62FEF0626, cid=3615, SUCCESS, logIndex=5459, commits[f2ba01fc-a63e-4348-bd18-030b60a135e7:c5460, eab135d4-a257-4705-b491-6c056b8c5df7:c5456, a4f67574-9018-43e7-8a54-351e98dc3d0a:c5456]
2019-08-23 07:09:19,976 [grpc-default-executor-3] INFO  client.GrpcClientProtocolClient (GrpcClientProtocolClient.java:onNext(255)) - client-D91E5D1E15CE->f2ba01fc-a63e-4348-bd18-030b60a135e7: receive RaftClientReply:client-D91E5D1E15CE->f2ba01fc-a63e-4348-bd18-030b60a135e7@group-C8C62FEF0626, cid=3616, SUCCESS, logIndex=5460, commits[f2ba01fc-a63e-4348-bd18-030b60a135e7:c5460, eab135d4-a257-4705-b491-6c056b8c5df7:c5456, a4f67574-9018-43e7-8a54-351e98dc3d0a:c5456]
2019-08-23 07:09:19,976 | INFO  | DNAudit | user=null | ip=null | op=WRITE_CHUNK {blockData=conID: 1 locID: 102665038060585665 bcsId: 5456} | ret=SUCCESS |  
2019-08-23 07:09:19,976 | INFO  | DNAudit | user=null | ip=null | op=PUT_BLOCK {blockData=[blockId=conID: 1 locID: 102665038060585665 bcsId: 0,size=4194304]} | ret=SUCCESS |  
2019-08-23 07:09:19,976 | INFO  | DNAudit | user=null | ip=null | op=WRITE_CHUNK {blockData=conID: 1 locID: 102665038060585665 bcsId: 5456} | ret=SUCCESS |  
2019-08-23 07:09:19,977 | INFO  | DNAudit | user=null | ip=null | op=PUT_BLOCK {blockData=[blockId=conID: 1 locID: 102665038060585665 bcsId: 0,size=4194304]} | ret=SUCCESS |  
2019-08-23 07:09:19,978 [grpc-default-executor-3] INFO  client.GrpcClientProtocolClient (GrpcClientProtocolClient.java:onNext(255)) - client-D91E5D1E15CE->f2ba01fc-a63e-4348-bd18-030b60a135e7: receive RaftClientReply:client-D91E5D1E15CE->f2ba01fc-a63e-4348-bd18-030b60a135e7@group-C8C62FEF0626, cid=3617, SUCCESS, logIndex=0, commits[f2ba01fc-a63e-4348-bd18-030b60a135e7:c5461, eab135d4-a257-4705-b491-6c056b8c5df7:c5460, a4f67574-9018-43e7-8a54-351e98dc3d0a:c5460]
2019-08-23 07:09:19,994 | INFO  | SCMAudit | user=jenkins1000 | ip=192.168.5.178 | op=ALLOCATE_BLOCK {owner=aaf04d22-10dd-4717-8862-c651bdde72cf, size=4194304, type=RATIS, factor=THREE} | ret=SUCCESS |  
2019-08-23 07:09:20,006 | INFO  | OMAudit | user=jenkins1000 | ip=127.0.0.1 | op=ALLOCATE_BLOCK {volume=vol-0-67663, bucket=bucket-0-68950, key=key-0-26970, dataSize=0, replicationType=null, replicationFactor=null, keyLocationInfo=null, clientID=102665036030476690} | ret=SUCCESS |  
2019-08-23 07:09:20,016 | INFO  | DNAudit | user=null | ip=null | op=WRITE_CHUNK {blockData=conID: 2 locID: 102665038069367490 bcsId: 0} | ret=SUCCESS |  
2019-08-23 07:09:20,020 | INFO  | DNAudit | user=null | ip=null | op=WRITE_CHUNK {blockData=conID: 2 locID: 102665038069367490 bcsId: 0} | ret=SUCCESS |  
2019-08-23 07:09:20,021 | INFO  | DNAudit | user=null | ip=null | op=WRITE_CHUNK {blockData=conID: 2 locID: 102665038069367490 bcsId: 0} | ret=SUCCESS |  
2019-08-23 07:09:20,021 | INFO  | DNAudit | user=null | ip=null | op=WRITE_CHUNK {blockData=conID: 2 locID: 102665038069367490 bcsId: 0} | ret=SUCCESS |  
2019-08-23 07:09:20,022 | INFO  | DNAudit | user=null | ip=null | op=WRITE_CHUNK {blockData=conID: 2 locID: 102665038069367490 bcsId: 0} | ret=SUCCESS |  
2019-08-23 07:09:20,023 | INFO  | DNAudit | user=null | ip=null | op=WRITE_CHUNK {blockData=conID: 2 locID: 102665038069367490 bcsId: 0} | ret=SUCCESS |  
2019-08-23 07:09:20,023 | INFO  | DNAudit | user=null | ip=null | op=PUT_BLOCK {blockData=[blockId=conID: 2 locID: 102665038069367490 bcsId: 0,size=1048576]} | ret=SUCCESS |  
2019-08-23 07:09:20,024 [grpc-default-executor-4] INFO  client.GrpcClientProtocolClient (GrpcClientProtocolClient.java:onNext(255)) - client-D91E5D1E15CE->f2ba01fc-a63e-4348-bd18-030b60a135e7: receive RaftClientReply:client-D91E5D1E15CE->f2ba01fc-a63e-4348-bd18-030b60a135e7@group-C8C62FEF0626, cid=3618, SUCCESS, logIndex=5463, commits[f2ba01fc-a63e-4348-bd18-030b60a135e7:c5464, eab135d4-a257-4705-b491-6c056b8c5df7:c5462, a4f67574-9018-43e7-8a54-351e98dc3d0a:c5460]
2019-08-23 07:09:20,024 [grpc-default-executor-4] INFO  client.GrpcClientProtocolClient (GrpcClientProtocolClient.java:onNext(255)) - client-D91E5D1E15CE->f2ba01fc-a63e-4348-bd18-030b60a135e7: receive RaftClientReply:client-D91E5D1E15CE->f2ba01fc-a63e-4348-bd18-030b60a135e7@group-C8C62FEF0626, cid=3619, SUCCESS, logIndex=5464, commits[f2ba01fc-a63e-4348-bd18-030b60a135e7:c5464, eab135d4-a257-4705-b491-6c056b8c5df7:c5462, a4f67574-9018-43e7-8a54-351e98dc3d0a:c5460]
2019-08-23 07:09:20,024 | INFO  | DNAudit | user=null | ip=null | op=WRITE_CHUNK {blockData=conID: 2 locID: 102665038069367490 bcsId: 0} | ret=SUCCESS |  
2019-08-23 07:09:20,025 | INFO  | DNAudit | user=null | ip=null | op=WRITE_CHUNK {blockData=conID: 2 locID: 102665038069367490 bcsId: 0} | ret=SUCCESS |  
2019-08-23 07:09:20,026 | INFO  | DNAudit | user=null | ip=null | op=PUT_BLOCK {blockData=[blockId=conID: 2 locID: 102665038069367490 bcsId: 0,size=2097152]} | ret=SUCCESS |  
2019-08-23 07:09:20,026 [grpc-default-executor-4] INFO  client.GrpcClientProtocolClient (GrpcClientProtocolClient.java:onNext(255)) - client-D91E5D1E15CE->f2ba01fc-a63e-4348-bd18-030b60a135e7: receive RaftClientReply:client-D91E5D1E15CE->f2ba01fc-a63e-4348-bd18-030b60a135e7@group-C8C62FEF0626, cid=3620, SUCCESS, logIndex=5465, commits[f2ba01fc-a63e-4348-bd18-030b60a135e7:c5466, eab135d4-a257-4705-b491-6c056b8c5df7:c5462, a4f67574-9018-43e7-8a54-351e98dc3d0a:c5462]
2019-08-23 07:09:20,026 [grpc-default-executor-4] INFO  client.GrpcClientProtocolClient (GrpcClientProtocolClient.java:onNext(255)) - client-D91E5D1E15CE->f2ba01fc-a63e-4348-bd18-030b60a135e7: receive RaftClientReply:client-D91E5D1E15CE->f2ba01fc-a63e-4348-bd18-030b60a135e7@group-C8C62FEF0626, cid=3621, SUCCESS, logIndex=5466, commits[f2ba01fc-a63e-4348-bd18-030b60a135e7:c5466, eab135d4-a257-4705-b491-6c056b8c5df7:c5462, a4f67574-9018-43e7-8a54-351e98dc3d0a:c5462]
2019-08-23 07:09:20,027 | INFO  | DNAudit | user=null | ip=null | op=WRITE_CHUNK {blockData=conID: 2 locID: 102665038069367490 bcsId: 0} | ret=SUCCESS |  
2019-08-23 07:09:20,028 | INFO  | DNAudit | user=null | ip=null | op=WRITE_CHUNK {blockData=conID: 2 locID: 102665038069367490 bcsId: 0} | ret=SUCCESS |  
2019-08-23 07:09:20,028 | INFO  | DNAudit | user=null | ip=null | op=PUT_BLOCK {blockData=[blockId=conID: 2 locID: 102665038069367490 bcsId: 0,size=1048576]} | ret=SUCCESS |  
2019-08-23 07:09:20,029 | INFO  | DNAudit | user=null | ip=null | op=PUT_BLOCK {blockData=[blockId=conID: 2 locID: 102665038069367490 bcsId: 0,size=1048576]} | ret=SUCCESS |  
2019-08-23 07:09:20,029 [grpc-default-executor-4] INFO  client.GrpcClientProtocolClient (GrpcClientProtocolClient.java:onNext(255)) - client-D91E5D1E15CE->f2ba01fc-a63e-4348-bd18-030b60a135e7: receive RaftClientReply:client-D91E5D1E15CE->f2ba01fc-a63e-4348-bd18-030b60a135e7@group-C8C62FEF0626, cid=3622, SUCCESS, logIndex=0, commits[f2ba01fc-a63e-4348-bd18-030b60a135e7:c5468, eab135d4-a257-4705-b491-6c056b8c5df7:c5464, a4f67574-9018-43e7-8a54-351e98dc3d0a:c5464]
2019-08-23 07:09:20,031 | INFO  | DNAudit | user=null | ip=null | op=WRITE_CHUNK {blockData=conID: 2 locID: 102665038069367490 bcsId: 0} | ret=SUCCESS |  
2019-08-23 07:09:20,031 | INFO  | DNAudit | user=null | ip=null | op=WRITE_CHUNK {blockData=conID: 2 locID: 102665038069367490 bcsId: 0} | ret=SUCCESS |  
2019-08-23 07:09:20,031 | INFO  | DNAudit | user=null | ip=null | op=PUT_BLOCK {blockData=[blockId=conID: 2 locID: 102665038069367490 bcsId: 0,size=2097152]} | ret=SUCCESS |  
2019-08-23 07:09:20,031 | INFO  | DNAudit | user=null | ip=null | op=PUT_BLOCK {blockData=[blockId=conID: 2 locID: 102665038069367490 bcsId: 0,size=2097152]} | ret=SUCCESS |  
2019-08-23 07:09:20,038 | INFO  | DNAudit | user=null | ip=null | op=WRITE_CHUNK {blockData=conID: 2 locID: 102665038069367490 bcsId: 5466} | ret=SUCCESS |  
2019-08-23 07:09:20,041 | INFO  | DNAudit | user=null | ip=null | op=WRITE_CHUNK {blockData=conID: 2 locID: 102665038069367490 bcsId: 5466} | ret=SUCCESS |  
2019-08-23 07:09:20,041 | INFO  | DNAudit | user=null | ip=null | op=WRITE_CHUNK {blockData=conID: 2 locID: 102665038069367490 bcsId: 5466} | ret=SUCCESS |  
2019-08-23 07:09:20,058 | INFO  | DNAudit | user=null | ip=null | op=WRITE_CHUNK {blockData=conID: 2 locID: 102665038069367490 bcsId: 5466} | ret=SUCCESS |  
2019-08-23 07:09:20,059 | INFO  | DNAudit | user=null | ip=null | op=PUT_BLOCK {blockData=[blockId=conID: 2 locID: 102665038069367490 bcsId: 0,size=3145728]} | ret=SUCCESS |  
2019-08-23 07:09:20,059 [grpc-default-executor-0] INFO  client.GrpcClientProtocolClient (GrpcClientProtocolClient.java:onNext(255)) - client-D91E5D1E15CE->f2ba01fc-a63e-4348-bd18-030b60a135e7: receive RaftClientReply:client-D91E5D1E15CE->f2ba01fc-a63e-4348-bd18-030b60a135e7@group-C8C62FEF0626, cid=3623, SUCCESS, logIndex=5471, commits[f2ba01fc-a63e-4348-bd18-030b60a135e7:c5472, eab135d4-a257-4705-b491-6c056b8c5df7:c5470, a4f67574-9018-43e7-8a54-351e98dc3d0a:c5470]
2019-08-23 07:09:20,060 [grpc-default-executor-0] INFO  client.GrpcClientProtocolClient (GrpcClientProtocolClient.java:onNext(255)) - client-D91E5D1E15CE->f2ba01fc-a63e-4348-bd18-030b60a135e7: receive RaftClientReply:client-D91E5D1E15CE->f2ba01fc-a63e-4348-bd18-030b60a135e7@group-C8C62FEF0626, cid=3624, SUCCESS, logIndex=5472, commits[f2ba01fc-a63e-4348-bd18-030b60a135e7:c5472, eab135d4-a257-4705-b491-6c056b8c5df7:c5470, a4f67574-9018-43e7-8a54-351e98dc3d0a:c5470]
2019-08-23 07:09:20,070 | INFO  | DNAudit | user=null | ip=null | op=WRITE_CHUNK {blockData=conID: 2 locID: 102665038069367490 bcsId: 5472} | ret=SUCCESS |  
2019-08-23 07:09:20,073 | INFO  | DNAudit | user=null | ip=null | op=WRITE_CHUNK {blockData=conID: 2 locID: 102665038069367490 bcsId: 5466} | ret=SUCCESS |  
2019-08-23 07:09:20,073 | INFO  | DNAudit | user=null | ip=null | op=WRITE_CHUNK {blockData=conID: 2 locID: 102665038069367490 bcsId: 5466} | ret=SUCCESS |  
2019-08-23 07:09:20,073 | INFO  | DNAudit | user=null | ip=null | op=PUT_BLOCK {blockData=[blockId=conID: 2 locID: 102665038069367490 bcsId: 0,size=3145728]} | ret=SUCCESS |  
2019-08-23 07:09:20,073 | INFO  | DNAudit | user=null | ip=null | op=PUT_BLOCK {blockData=[blockId=conID: 2 locID: 102665038069367490 bcsId: 0,size=3145728]} | ret=SUCCESS |  
2019-08-23 07:09:20,075 | INFO  | DNAudit | user=null | ip=null | op=WRITE_CHUNK {blockData=conID: 2 locID: 102665038069367490 bcsId: 5472} | ret=SUCCESS |  
2019-08-23 07:09:20,076 | INFO  | DNAudit | user=null | ip=null | op=WRITE_CHUNK {blockData=conID: 2 locID: 102665038069367490 bcsId: 5472} | ret=SUCCESS |  
2019-08-23 07:09:20,088 | INFO  | DNAudit | user=null | ip=null | op=WRITE_CHUNK {blockData=conID: 2 locID: 102665038069367490 bcsId: 5472} | ret=SUCCESS |  
2019-08-23 07:09:20,088 | INFO  | DNAudit | user=null | ip=null | op=PUT_BLOCK {blockData=[blockId=conID: 2 locID: 102665038069367490 bcsId: 0,size=4194304]} | ret=SUCCESS |  
2019-08-23 07:09:20,089 [grpc-default-executor-0] INFO  client.GrpcClientProtocolClient (GrpcClientProtocolClient.java:onNext(255)) - client-D91E5D1E15CE->f2ba01fc-a63e-4348-bd18-030b60a135e7: receive RaftClientReply:client-D91E5D1E15CE->f2ba01fc-a63e-4348-bd18-030b60a135e7@group-C8C62FEF0626, cid=3625, SUCCESS, logIndex=5475, commits[f2ba01fc-a63e-4348-bd18-030b60a135e7:c5476, eab135d4-a257-4705-b491-6c056b8c5df7:c5472, a4f67574-9018-43e7-8a54-351e98dc3d0a:c5472]
2019-08-23 07:09:20,089 [grpc-default-executor-0] INFO  client.GrpcClientProtocolClient (GrpcClientProtocolClient.java:onNext(255)) - client-D91E5D1E15CE->f2ba01fc-a63e-4348-bd18-030b60a135e7: receive RaftClientReply:client-D91E5D1E15CE->f2ba01fc-a63e-4348-bd18-030b60a135e7@group-C8C62FEF0626, cid=3626, SUCCESS, logIndex=5476, commits[f2ba01fc-a63e-4348-bd18-030b60a135e7:c5476, eab135d4-a257-4705-b491-6c056b8c5df7:c5472, a4f67574-9018-43e7-8a54-351e98dc3d0a:c5472]
2019-08-23 07:09:20,101 | INFO  | DNAudit | user=null | ip=null | op=WRITE_CHUNK {blockData=conID: 2 locID: 102665038069367490 bcsId: 5472} | ret=SUCCESS |  
2019-08-23 07:09:20,101 | INFO  | DNAudit | user=null | ip=null | op=WRITE_CHUNK {blockData=conID: 2 locID: 102665038069367490 bcsId: 5472} | ret=SUCCESS |  
2019-08-23 07:09:20,101 | INFO  | DNAudit | user=null | ip=null | op=PUT_BLOCK {blockData=[blockId=conID: 2 locID: 102665038069367490 bcsId: 0,size=4194304]} | ret=SUCCESS |  
2019-08-23 07:09:20,102 | INFO  | DNAudit | user=null | ip=null | op=PUT_BLOCK {blockData=[blockId=conID: 2 locID: 102665038069367490 bcsId: 0,size=4194304]} | ret=SUCCESS |  
2019-08-23 07:09:20,102 [grpc-default-executor-0] INFO  client.GrpcClientProtocolClient (GrpcClientProtocolClient.java:onNext(255)) - client-D91E5D1E15CE->f2ba01fc-a63e-4348-bd18-030b60a135e7: receive RaftClientReply:client-D91E5D1E15CE->f2ba01fc-a63e-4348-bd18-030b60a135e7@group-C8C62FEF0626, cid=3627, SUCCESS, logIndex=0, commits[f2ba01fc-a63e-4348-bd18-030b60a135e7:c5477, eab135d4-a257-4705-b491-6c056b8c5df7:c5476, a4f67574-9018-43e7-8a54-351e98dc3d0a:c5476]
2019-08-23 07:09:20,113 | INFO  | SCMAudit | user=jenkins1000 | ip=192.168.5.178 | op=ALLOCATE_BLOCK {owner=aaf04d22-10dd-4717-8862-c651bdde72cf, size=4194304, type=RATIS, factor=THREE} | ret=SUCCESS |  
2019-08-23 07:09:20,122 | INFO  | OMAudit | user=jenkins1000 | ip=127.0.0.1 | op=ALLOCATE_BLOCK {volume=vol-0-67663, bucket=bucket-0-68950, key=key-0-26970, dataSize=0, replicationType=null, replicationFactor=null, keyLocationInfo=null, clientID=102665036030476690} | ret=SUCCESS |  
2019-08-23 07:09:20,133 | INFO  | DNAudit | user=null | ip=null | op=WRITE_CHUNK {blockData=conID: 3 locID: 102665038077166275 bcsId: 0} | ret=SUCCESS |  
2019-08-23 07:09:20,136 | INFO  | DNAudit | user=null | ip=null | op=WRITE_CHUNK {blockData=conID: 3 locID: 102665038077166275 bcsId: 0} | ret=SUCCESS |  
2019-08-23 07:09:20,136 | INFO  | DNAudit | user=null | ip=null | op=WRITE_CHUNK {blockData=conID: 3 locID: 102665038077166275 bcsId: 0} | ret=SUCCESS |  
2019-08-23 07:09:20,136 | INFO  | DNAudit | user=null | ip=null | op=WRITE_CHUNK {blockData=conID: 3 locID: 102665038077166275 bcsId: 0} | ret=SUCCESS |  
2019-08-23 07:09:20,138 | INFO  | DNAudit | user=null | ip=null | op=WRITE_CHUNK {blockData=conID: 3 locID: 102665038077166275 bcsId: 0} | ret=SUCCESS |  
2019-08-23 07:09:20,138 | INFO  | DNAudit | user=null | ip=null | op=WRITE_CHUNK {blockData=conID: 3 locID: 102665038077166275 bcsId: 0} | ret=SUCCESS |  
2019-08-23 07:09:20,147 | INFO  | DNAudit | user=null | ip=null | op=WRITE_CHUNK {blockData=conID: 3 locID: 102665038077166275 bcsId: 0} | ret=SUCCESS |  
2019-08-23 07:09:20,153 | INFO  | DNAudit | user=null | ip=null | op=PUT_BLOCK {blockData=[blockId=conID: 3 locID: 102665038077166275 bcsId: 0,size=1048576]} | ret=SUCCESS |  
2019-08-23 07:09:20,153 [grpc-default-executor-4] INFO  client.GrpcClientProtocolClient (GrpcClientProtocolClient.java:onNext(255)) - client-D91E5D1E15CE->f2ba01fc-a63e-4348-bd18-030b60a135e7: receive RaftClientReply:client-D91E5D1E15CE->f2ba01fc-a63e-4348-bd18-030b60a135e7@group-C8C62FEF0626, cid=3628, SUCCESS, logIndex=5479, commits[f2ba01fc-a63e-4348-bd18-030b60a135e7:c5479, eab135d4-a257-4705-b491-6c056b8c5df7:c5478, a4f67574-9018-43e7-8a54-351e98dc3d0a:c5478]
2019-08-23 07:09:20,153 [grpc-default-executor-4] INFO  client.GrpcClientProtocolClient (GrpcClientProtocolClient.java:onNext(255)) - client-D91E5D1E15CE->f2ba01fc-a63e-4348-bd18-030b60a135e7: receive RaftClientReply:client-D91E5D1E15CE->f2ba01fc-a63e-4348-bd18-030b60a135e7@group-C8C62FEF0626, cid=3629, SUCCESS, logIndex=5480, commits[f2ba01fc-a63e-4348-bd18-030b60a135e7:c5480, eab135d4-a257-4705-b491-6c056b8c5df7:c5478, a4f67574-9018-43e7-8a54-351e98dc3d0a:c5478]
2019-08-23 07:09:20,157 | INFO  | DNAudit | user=null | ip=null | op=WRITE_CHUNK {blockData=conID: 3 locID: 102665038077166275 bcsId: 0} | ret=SUCCESS |  
2019-08-23 07:09:20,158 | INFO  | DNAudit | user=null | ip=null | op=WRITE_CHUNK {blockData=conID: 3 locID: 102665038077166275 bcsId: 0} | ret=SUCCESS |  
2019-08-23 07:09:20,158 | INFO  | DNAudit | user=null | ip=null | op=PUT_BLOCK {blockData=[blockId=conID: 3 locID: 102665038077166275 bcsId: 0,size=2097152]} | ret=SUCCESS |  
2019-08-23 07:09:20,158 | INFO  | DNAudit | user=null | ip=null | op=WRITE_CHUNK {blockData=conID: 3 locID: 102665038077166275 bcsId: 0} | ret=SUCCESS |  
2019-08-23 07:09:20,158 [grpc-default-executor-4] INFO  client.GrpcClientProtocolClient (GrpcClientProtocolClient.java:onNext(255)) - client-D91E5D1E15CE->f2ba01fc-a63e-4348-bd18-030b60a135e7: receive RaftClientReply:client-D91E5D1E15CE->f2ba01fc-a63e-4348-bd18-030b60a135e7@group-C8C62FEF0626, cid=3630, SUCCESS, logIndex=5481, commits[f2ba01fc-a63e-4348-bd18-030b60a135e7:c5482, eab135d4-a257-4705-b491-6c056b8c5df7:c5478, a4f67574-9018-43e7-8a54-351e98dc3d0a:c5478]
2019-08-23 07:09:20,159 [grpc-default-executor-4] INFO  client.GrpcClientProtocolClient (GrpcClientProtocolClient.java:onNext(255)) - client-D91E5D1E15CE->f2ba01fc-a63e-4348-bd18-030b60a135e7: receive RaftClientReply:client-D91E5D1E15CE->f2ba01fc-a63e-4348-bd18-030b60a135e7@group-C8C62FEF0626, cid=3631, SUCCESS, logIndex=5482, commits[f2ba01fc-a63e-4348-bd18-030b60a135e7:c5483, eab135d4-a257-4705-b491-6c056b8c5df7:c5478, a4f67574-9018-43e7-8a54-351e98dc3d0a:c5479]
2019-08-23 07:09:20,160 | INFO  | DNAudit | user=null | ip=null | op=PUT_BLOCK {blockData=[blockId=conID: 3 locID: 102665038077166275 bcsId: 0,size=1048576]} | ret=SUCCESS |  
2019-08-23 07:09:20,160 | INFO  | DNAudit | user=null | ip=null | op=PUT_BLOCK {blockData=[blockId=conID: 3 locID: 102665038077166275 bcsId: 0,size=1048576]} | ret=SUCCESS |  
2019-08-23 07:09:20,161 [grpc-default-executor-4] INFO  client.GrpcClientProtocolClient (GrpcClientProtocolClient.java:onNext(255)) - client-D91E5D1E15CE->f2ba01fc-a63e-4348-bd18-030b60a135e7: receive RaftClientReply:client-D91E5D1E15CE->f2ba01fc-a63e-4348-bd18-030b60a135e7@group-C8C62FEF0626, cid=3632, SUCCESS, logIndex=0, commits[f2ba01fc-a63e-4348-bd18-030b60a135e7:c5485, eab135d4-a257-4705-b491-6c056b8c5df7:c5480, a4f67574-9018-43e7-8a54-351e98dc3d0a:c5480]
2019-08-23 07:09:20,171 | INFO  | DNAudit | user=null | ip=null | op=WRITE_CHUNK {blockData=conID: 3 locID: 102665038077166275 bcsId: 5482} | ret=SUCCESS |  
2019-08-23 07:09:20,173 | INFO  | DNAudit | user=null | ip=null | op=WRITE_CHUNK {blockData=conID: 3 locID: 102665038077166275 bcsId: 5482} | ret=SUCCESS |  
2019-08-23 07:09:20,174 | INFO  | DNAudit | user=null | ip=null | op=WRITE_CHUNK {blockData=conID: 3 locID: 102665038077166275 bcsId: 5482} | ret=SUCCESS |  
2019-08-23 07:09:20,184 | INFO  | DNAudit | user=null | ip=null | op=WRITE_CHUNK {blockData=conID: 3 locID: 102665038077166275 bcsId: 0} | ret=SUCCESS |  
2019-08-23 07:09:20,184 | INFO  | DNAudit | user=null | ip=null | op=WRITE_CHUNK {blockData=conID: 3 locID: 102665038077166275 bcsId: 0} | ret=SUCCESS |  
2019-08-23 07:09:20,184 | INFO  | DNAudit | user=null | ip=null | op=PUT_BLOCK {blockData=[blockId=conID: 3 locID: 102665038077166275 bcsId: 0,size=2097152]} | ret=SUCCESS |  
2019-08-23 07:09:20,185 | INFO  | DNAudit | user=null | ip=null | op=PUT_BLOCK {blockData=[blockId=conID: 3 locID: 102665038077166275 bcsId: 0,size=2097152]} | ret=SUCCESS |  
2019-08-23 07:09:20,185 | INFO  | DNAudit | user=null | ip=null | op=WRITE_CHUNK {blockData=conID: 3 locID: 102665038077166275 bcsId: 5482} | ret=SUCCESS |  
2019-08-23 07:09:20,185 | INFO  | DNAudit | user=null | ip=null | op=PUT_BLOCK {blockData=[blockId=conID: 3 locID: 102665038077166275 bcsId: 0,size=3145728]} | ret=SUCCESS |  
2019-08-23 07:09:20,185 [grpc-default-executor-4] INFO  client.GrpcClientProtocolClient (GrpcClientProtocolClient.java:onNext(255)) - client-D91E5D1E15CE->f2ba01fc-a63e-4348-bd18-030b60a135e7: receive RaftClientReply:client-D91E5D1E15CE->f2ba01fc-a63e-4348-bd18-030b60a135e7@group-C8C62FEF0626, cid=3633, SUCCESS, logIndex=5487, commits[f2ba01fc-a63e-4348-bd18-030b60a135e7:c5488, eab135d4-a257-4705-b491-6c056b8c5df7:c5486, a4f67574-9018-43e7-8a54-351e98dc3d0a:c5486]
2019-08-23 07:09:20,186 [grpc-default-executor-4] INFO  client.GrpcClientProtocolClient (GrpcClientProtocolClient.java:onNext(255)) - client-D91E5D1E15CE->f2ba01fc-a63e-4348-bd18-030b60a135e7: receive RaftClientReply:client-D91E5D1E15CE->f2ba01fc-a63e-4348-bd18-030b60a135e7@group-C8C62FEF0626, cid=3634, SUCCESS, logIndex=5488, commits[f2ba01fc-a63e-4348-bd18-030b60a135e7:c5488, eab135d4-a257-4705-b491-6c056b8c5df7:c5486, a4f67574-9018-43e7-8a54-351e98dc3d0a:c5486]
2019-08-23 07:09:20,194 | INFO  | DNAudit | user=null | ip=null | op=WRITE_CHUNK {blockData=conID: 3 locID: 102665038077166275 bcsId: 5488} | ret=SUCCESS |  
2019-08-23 07:09:20,196 | INFO  | DNAudit | user=null | ip=null | op=WRITE_CHUNK {blockData=conID: 3 locID: 102665038077166275 bcsId: 5488} | ret=SUCCESS |  
2019-08-23 07:09:20,197 | INFO  | DNAudit | user=null | ip=null | op=WRITE_CHUNK {blockData=conID: 3 locID: 102665038077166275 bcsId: 5488} | ret=SUCCESS |  
2019-08-23 07:09:20,198 | INFO  | DNAudit | user=null | ip=null | op=WRITE_CHUNK {blockData=conID: 3 locID: 102665038077166275 bcsId: 5482} | ret=SUCCESS |  
2019-08-23 07:09:20,199 | INFO  | DNAudit | user=null | ip=null | op=WRITE_CHUNK {blockData=conID: 3 locID: 102665038077166275 bcsId: 5482} | ret=SUCCESS |  
2019-08-23 07:09:20,212 | INFO  | DNAudit | user=null | ip=null | op=PUT_BLOCK {blockData=[blockId=conID: 3 locID: 102665038077166275 bcsId: 0,size=3145728]} | ret=SUCCESS |  
2019-08-23 07:09:20,212 | INFO  | DNAudit | user=null | ip=null | op=PUT_BLOCK {blockData=[blockId=conID: 3 locID: 102665038077166275 bcsId: 0,size=3145728]} | ret=SUCCESS |  
2019-08-23 07:09:20,212 | INFO  | DNAudit | user=null | ip=null | op=WRITE_CHUNK {blockData=conID: 3 locID: 102665038077166275 bcsId: 5488} | ret=SUCCESS |  
2019-08-23 07:09:20,213 | INFO  | DNAudit | user=null | ip=null | op=PUT_BLOCK {blockData=[blockId=conID: 3 locID: 102665038077166275 bcsId: 0,size=4194304]} | ret=SUCCESS |  
2019-08-23 07:09:20,213 [grpc-default-executor-0] INFO  client.GrpcClientProtocolClient (GrpcClientProtocolClient.java:onNext(255)) - client-D91E5D1E15CE->f2ba01fc-a63e-4348-bd18-030b60a135e7: receive RaftClientReply:client-D91E5D1E15CE->f2ba01fc-a63e-4348-bd18-030b60a135e7@group-C8C62FEF0626, cid=3635, SUCCESS, logIndex=5491, commits[f2ba01fc-a63e-4348-bd18-030b60a135e7:c5492, eab135d4-a257-4705-b491-6c056b8c5df7:c5488, a4f67574-9018-43e7-8a54-351e98dc3d0a:c5488]
2019-08-23 07:09:20,213 [grpc-default-executor-0] INFO  client.GrpcClientProtocolClient (GrpcClientProtocolClient.java:onNext(255)) - client-D91E5D1E15CE->f2ba01fc-a63e-4348-bd18-030b60a135e7: receive RaftClientReply:client-D91E5D1E15CE->f2ba01fc-a63e-4348-bd18-030b60a135e7@group-C8C62FEF0626, cid=3636, SUCCESS, logIndex=5492, commits[f2ba01fc-a63e-4348-bd18-030b60a135e7:c5492, eab135d4-a257-4705-b491-6c056b8c5df7:c5488, a4f67574-9018-43e7-8a54-351e98dc3d0a:c5488]
2019-08-23 07:09:20,227 | INFO  | DNAudit | user=null | ip=null | op=WRITE_CHUNK {blockData=conID: 3 locID: 102665038077166275 bcsId: 5488} | ret=SUCCESS |  
2019-08-23 07:09:20,227 | INFO  | DNAudit | user=null | ip=null | op=WRITE_CHUNK {blockData=conID: 3 locID: 102665038077166275 bcsId: 5488} | ret=SUCCESS |  
2019-08-23 07:09:20,227 | INFO  | DNAudit | user=null | ip=null | op=PUT_BLOCK {blockData=[blockId=conID: 3 locID: 102665038077166275 bcsId: 0,size=4194304]} | ret=SUCCESS |  
2019-08-23 07:09:20,229 | INFO  | DNAudit | user=null | ip=null | op=PUT_BLOCK {blockData=[blockId=conID: 3 locID: 102665038077166275 bcsId: 0,size=4194304]} | ret=SUCCESS |  
2019-08-23 07:09:20,230 [grpc-default-executor-3] INFO  client.GrpcClientProtocolClient (GrpcClientProtocolClient.java:onNext(255)) - client-D91E5D1E15CE->f2ba01fc-a63e-4348-bd18-030b60a135e7: receive RaftClientReply:client-D91E5D1E15CE->f2ba01fc-a63e-4348-bd18-030b60a135e7@group-C8C62FEF0626, cid=3637, SUCCESS, logIndex=0, commits[f2ba01fc-a63e-4348-bd18-030b60a135e7:c5494, eab135d4-a257-4705-b491-6c056b8c5df7:c5492, a4f67574-9018-43e7-8a54-351e98dc3d0a:c5492]
2019-08-23 07:09:20,239 | INFO  | SCMAudit | user=jenkins1000 | ip=192.168.5.178 | op=ALLOCATE_BLOCK {owner=aaf04d22-10dd-4717-8862-c651bdde72cf, size=4194304, type=RATIS, factor=THREE} | ret=SUCCESS |  
 0.00% |█                                                                                                    |  0/1 Time: 0:00:312019-08-23 07:09:20,440 | INFO  | SCMAudit | user=jenkins1000 | ip=192.168.5.178 | op=SEND_HEARTBEAT {datanodeUUID=b7d3ecaa-ab76-49a0-b691-40b7e1ed625a, command=[]} | ret=SUCCESS |  
2019-08-23 07:09:20,440 | INFO  | SCMAudit | user=jenkins1000 | ip=192.168.5.178 | op=SEND_HEARTBEAT {datanodeUUID=5c311bc2-cc7c-45de-998f-f79499d85d4e, command=[]} | ret=SUCCESS |  
2019-08-23 07:09:20,443 | INFO  | OMAudit | user=jenkins1000 | ip=127.0.0.1 | op=ALLOCATE_BLOCK {volume=vol-0-67663, bucket=bucket-0-68950, key=key-0-26970, dataSize=0, replicationType=null, replicationFactor=null, keyLocationInfo=null, clientID=102665036030476690} | ret=SUCCESS |  
2019-08-23 07:09:20,453 | INFO  | DNAudit | user=null | ip=null | op=WRITE_CHUNK {blockData=conID: 1 locID: 102665038085423812 bcsId: 0} | ret=SUCCESS |  
2019-08-23 07:09:20,457 | INFO  | DNAudit | user=null | ip=null | op=WRITE_CHUNK {blockData=conID: 1 locID: 102665038085423812 bcsId: 0} | ret=SUCCESS |  
2019-08-23 07:09:20,458 | INFO  | DNAudit | user=null | ip=null | op=WRITE_CHUNK {blockData=conID: 1 locID: 102665038085423812 bcsId: 0} | ret=SUCCESS |  
2019-08-23 07:09:20,459 | INFO  | DNAudit | user=null | ip=null | op=WRITE_CHUNK {blockData=conID: 1 locID: 102665038085423812 bcsId: 0} | ret=SUCCESS |  
2019-08-23 07:09:20,461 | INFO  | DNAudit | user=null | ip=null | op=WRITE_CHUNK {blockData=conID: 1 locID: 102665038085423812 bcsId: 0} | ret=SUCCESS |  
2019-08-23 07:09:20,462 | INFO  | DNAudit | user=null | ip=null | op=WRITE_CHUNK {blockData=conID: 1 locID: 102665038085423812 bcsId: 0} | ret=SUCCESS |  
2019-08-23 07:09:20,468 | INFO  | DNAudit | user=null | ip=null | op=WRITE_CHUNK {blockData=conID: 1 locID: 102665038085423812 bcsId: 0} | ret=SUCCESS |  
2019-08-23 07:09:20,468 | INFO  | DNAudit | user=null | ip=null | op=PUT_BLOCK {blockData=[blockId=conID: 1 locID: 102665038085423812 bcsId: 0,size=1048576]} | ret=SUCCESS |  
2019-08-23 07:09:20,469 [grpc-default-executor-0] INFO  client.GrpcClientProtocolClient (GrpcClientProtocolClient.java:onNext(255)) - client-D91E5D1E15CE->f2ba01fc-a63e-4348-bd18-030b60a135e7: receive RaftClientReply:client-D91E5D1E15CE->f2ba01fc-a63e-4348-bd18-030b60a135e7@group-C8C62FEF0626, cid=3638, SUCCESS, logIndex=5495, commits[f2ba01fc-a63e-4348-bd18-030b60a135e7:c5496, eab135d4-a257-4705-b491-6c056b8c5df7:c5494, a4f67574-9018-43e7-8a54-351e98dc3d0a:c5494]
2019-08-23 07:09:20,469 [grpc-default-executor-0] INFO  client.GrpcClientProtocolClient (GrpcClientProtocolClient.java:onNext(255)) - client-D91E5D1E15CE->f2ba01fc-a63e-4348-bd18-030b60a135e7: receive RaftClientReply:client-D91E5D1E15CE->f2ba01fc-a63e-4348-bd18-030b60a135e7@group-C8C62FEF0626, cid=3639, SUCCESS, logIndex=5496, commits[f2ba01fc-a63e-4348-bd18-030b60a135e7:c5496, eab135d4-a257-4705-b491-6c056b8c5df7:c5494, a4f67574-9018-43e7-8a54-351e98dc3d0a:c5494]
2019-08-23 07:09:20,478 | INFO  | DNAudit | user=null | ip=null | op=WRITE_CHUNK {blockData=conID: 1 locID: 102665038085423812 bcsId: 0} | ret=SUCCESS |  
2019-08-23 07:09:20,478 | INFO  | DNAudit | user=null | ip=null | op=PUT_BLOCK {blockData=[blockId=conID: 1 locID: 102665038085423812 bcsId: 0,size=2097152]} | ret=SUCCESS |  
2019-08-23 07:09:20,479 | INFO  | DNAudit | user=null | ip=null | op=WRITE_CHUNK {blockData=conID: 1 locID: 102665038085423812 bcsId: 0} | ret=SUCCESS |  
2019-08-23 07:09:20,478 [grpc-default-executor-3] INFO  client.GrpcClientProtocolClient (GrpcClientProtocolClient.java:onNext(255)) - client-D91E5D1E15CE->f2ba01fc-a63e-4348-bd18-030b60a135e7: receive RaftClientReply:client-D91E5D1E15CE->f2ba01fc-a63e-4348-bd18-030b60a135e7@group-C8C62FEF0626, cid=3640, SUCCESS, logIndex=5497, commits[f2ba01fc-a63e-4348-bd18-030b60a135e7:c5498, eab135d4-a257-4705-b491-6c056b8c5df7:c5494, a4f67574-9018-43e7-8a54-351e98dc3d0a:c5494]
2019-08-23 07:09:20,479 [grpc-default-executor-3] INFO  client.GrpcClientProtocolClient (GrpcClientProtocolClient.java:onNext(255)) - client-D91E5D1E15CE->f2ba01fc-a63e-4348-bd18-030b60a135e7: receive RaftClientReply:client-D91E5D1E15CE->f2ba01fc-a63e-4348-bd18-030b60a135e7@group-C8C62FEF0626, cid=3641, SUCCESS, logIndex=5498, commits[f2ba01fc-a63e-4348-bd18-030b60a135e7:c5498, eab135d4-a257-4705-b491-6c056b8c5df7:c5494, a4f67574-9018-43e7-8a54-351e98dc3d0a:c5494]
2019-08-23 07:09:20,481 | INFO  | DNAudit | user=null | ip=null | op=PUT_BLOCK {blockData=[blockId=conID: 1 locID: 102665038085423812 bcsId: 0,size=1048576]} | ret=SUCCESS |  
2019-08-23 07:09:20,481 | INFO  | DNAudit | user=null | ip=null | op=WRITE_CHUNK {blockData=conID: 1 locID: 102665038085423812 bcsId: 0} | ret=SUCCESS |  
2019-08-23 07:09:20,481 | INFO  | DNAudit | user=null | ip=null | op=PUT_BLOCK {blockData=[blockId=conID: 1 locID: 102665038085423812 bcsId: 0,size=2097152]} | ret=SUCCESS |  
2019-08-23 07:09:20,492 | INFO  | DNAudit | user=null | ip=null | op=WRITE_CHUNK {blockData=conID: 1 locID: 102665038085423812 bcsId: 0} | ret=SUCCESS |  
2019-08-23 07:09:20,492 | INFO  | DNAudit | user=null | ip=null | op=PUT_BLOCK {blockData=[blockId=conID: 1 locID: 102665038085423812 bcsId: 0,size=1048576]} | ret=SUCCESS |  
2019-08-23 07:09:20,493 | INFO  | DNAudit | user=null | ip=null | op=WRITE_CHUNK {blockData=conID: 1 locID: 102665038085423812 bcsId: 0} | ret=SUCCESS |  
2019-08-23 07:09:20,493 [grpc-default-executor-3] INFO  client.GrpcClientProtocolClient (GrpcClientProtocolClient.java:onNext(255)) - client-D91E5D1E15CE->f2ba01fc-a63e-4348-bd18-030b60a135e7: receive RaftClientReply:client-D91E5D1E15CE->f2ba01fc-a63e-4348-bd18-030b60a135e7@group-C8C62FEF0626, cid=3642, SUCCESS, logIndex=0, commits[f2ba01fc-a63e-4348-bd18-030b60a135e7:c5501, eab135d4-a257-4705-b491-6c056b8c5df7:c5496, a4f67574-9018-43e7-8a54-351e98dc3d0a:c5498]
2019-08-23 07:09:20,493 | INFO  | DNAudit | user=null | ip=null | op=PUT_BLOCK {blockData=[blockId=conID: 1 locID: 102665038085423812 bcsId: 0,size=2097152]} | ret=SUCCESS |  
2019-08-23 07:09:20,501 | INFO  | DNAudit | user=null | ip=null | op=WRITE_CHUNK {blockData=conID: 1 locID: 102665038085423812 bcsId: 5498} | ret=SUCCESS |  
2019-08-23 07:09:20,502 | INFO  | DNAudit | user=null | ip=null | op=WRITE_CHUNK {blockData=conID: 1 locID: 102665038085423812 bcsId: 5498} | ret=SUCCESS |  
2019-08-23 07:09:20,503 | INFO  | DNAudit | user=null | ip=null | op=WRITE_CHUNK {blockData=conID: 1 locID: 102665038085423812 bcsId: 5498} | ret=SUCCESS |  
2019-08-23 07:09:20,515 | INFO  | DNAudit | user=null | ip=null | op=WRITE_CHUNK {blockData=conID: 1 locID: 102665038085423812 bcsId: 5498} | ret=SUCCESS |  
2019-08-23 07:09:20,515 | INFO  | DNAudit | user=null | ip=null | op=PUT_BLOCK {blockData=[blockId=conID: 1 locID: 102665038085423812 bcsId: 0,size=3145728]} | ret=SUCCESS |  
2019-08-23 07:09:20,515 [grpc-default-executor-3] INFO  client.GrpcClientProtocolClient (GrpcClientProtocolClient.java:onNext(255)) - client-D91E5D1E15CE->f2ba01fc-a63e-4348-bd18-030b60a135e7: receive RaftClientReply:client-D91E5D1E15CE->f2ba01fc-a63e-4348-bd18-030b60a135e7@group-C8C62FEF0626, cid=3643, SUCCESS, logIndex=5502, commits[f2ba01fc-a63e-4348-bd18-030b60a135e7:c5503, eab135d4-a257-4705-b491-6c056b8c5df7:c5501, a4f67574-9018-43e7-8a54-351e98dc3d0a:c5501]
2019-08-23 07:09:20,516 [grpc-default-executor-3] INFO  client.GrpcClientProtocolClient (GrpcClientProtocolClient.java:onNext(255)) - client-D91E5D1E15CE->f2ba01fc-a63e-4348-bd18-030b60a135e7: receive RaftClientReply:client-D91E5D1E15CE->f2ba01fc-a63e-4348-bd18-030b60a135e7@group-C8C62FEF0626, cid=3644, SUCCESS, logIndex=5503, commits[f2ba01fc-a63e-4348-bd18-030b60a135e7:c5503, eab135d4-a257-4705-b491-6c056b8c5df7:c5501, a4f67574-9018-43e7-8a54-351e98dc3d0a:c5501]
2019-08-23 07:09:20,523 | INFO  | DNAudit | user=null | ip=null | op=WRITE_CHUNK {blockData=conID: 1 locID: 102665038085423812 bcsId: 5503} | ret=SUCCESS |  
2019-08-23 07:09:20,526 | INFO  | DNAudit | user=null | ip=null | op=WRITE_CHUNK {blockData=conID: 1 locID: 102665038085423812 bcsId: 5503} | ret=SUCCESS |  
2019-08-23 07:09:20,526 | INFO  | DNAudit | user=null | ip=null | op=WRITE_CHUNK {blockData=conID: 1 locID: 102665038085423812 bcsId: 5503} | ret=SUCCESS |  
2019-08-23 07:09:20,528 | INFO  | DNAudit | user=null | ip=null | op=WRITE_CHUNK {blockData=conID: 1 locID: 102665038085423812 bcsId: 5498} | ret=SUCCESS |  
2019-08-23 07:09:20,529 | INFO  | DNAudit | user=null | ip=null | op=WRITE_CHUNK {blockData=conID: 1 locID: 102665038085423812 bcsId: 5498} | ret=SUCCESS |  
2019-08-23 07:09:20,529 | INFO  | DNAudit | user=null | ip=null | op=PUT_BLOCK {blockData=[blockId=conID: 1 locID: 102665038085423812 bcsId: 0,size=3145728]} | ret=SUCCESS |  
2019-08-23 07:09:20,529 | INFO  | DNAudit | user=null | ip=null | op=PUT_BLOCK {blockData=[blockId=conID: 1 locID: 102665038085423812 bcsId: 0,size=3145728]} | ret=SUCCESS |  
2019-08-23 07:09:20,542 | INFO  | DNAudit | user=null | ip=null | op=WRITE_CHUNK {blockData=conID: 1 locID: 102665038085423812 bcsId: 5503} | ret=SUCCESS |  
2019-08-23 07:09:20,542 | INFO  | DNAudit | user=null | ip=null | op=PUT_BLOCK {blockData=[blockId=conID: 1 locID: 102665038085423812 bcsId: 0,size=4194304]} | ret=SUCCESS |  
2019-08-23 07:09:20,543 [grpc-default-executor-3] INFO  client.GrpcClientProtocolClient (GrpcClientProtocolClient.java:onNext(255)) - client-D91E5D1E15CE->f2ba01fc-a63e-4348-bd18-030b60a135e7: receive RaftClientReply:client-D91E5D1E15CE->f2ba01fc-a63e-4348-bd18-030b60a135e7@group-C8C62FEF0626, cid=3645, SUCCESS, logIndex=5506, commits[f2ba01fc-a63e-4348-bd18-030b60a135e7:c5507, eab135d4-a257-4705-b491-6c056b8c5df7:c5503, a4f67574-9018-43e7-8a54-351e98dc3d0a:c5503]
2019-08-23 07:09:20,543 [grpc-default-executor-3] INFO  client.GrpcClientProtocolClient (GrpcClientProtocolClient.java:onNext(255)) - client-D91E5D1E15CE->f2ba01fc-a63e-4348-bd18-030b60a135e7: receive RaftClientReply:client-D91E5D1E15CE->f2ba01fc-a63e-4348-bd18-030b60a135e7@group-C8C62FEF0626, cid=3646, SUCCESS, logIndex=5507, commits[f2ba01fc-a63e-4348-bd18-030b60a135e7:c5507, eab135d4-a257-4705-b491-6c056b8c5df7:c5503, a4f67574-9018-43e7-8a54-351e98dc3d0a:c5503]
2019-08-23 07:09:20,555 | INFO  | DNAudit | user=null | ip=null | op=WRITE_CHUNK {blockData=conID: 1 locID: 102665038085423812 bcsId: 5503} | ret=SUCCESS |  
2019-08-23 07:09:20,555 | INFO  | DNAudit | user=null | ip=null | op=WRITE_CHUNK {blockData=conID: 1 locID: 102665038085423812 bcsId: 5503} | ret=SUCCESS |  
2019-08-23 07:09:20,556 | INFO  | DNAudit | user=null | ip=null | op=PUT_BLOCK {blockData=[blockId=conID: 1 locID: 102665038085423812 bcsId: 0,size=4194304]} | ret=SUCCESS |  
2019-08-23 07:09:20,568 | INFO  | DNAudit | user=null | ip=null | op=PUT_BLOCK {blockData=[blockId=conID: 1 locID: 102665038085423812 bcsId: 0,size=4194304]} | ret=SUCCESS |  
2019-08-23 07:09:20,569 [grpc-default-executor-3] INFO  client.GrpcClientProtocolClient (GrpcClientProtocolClient.java:onNext(255)) - client-D91E5D1E15CE->f2ba01fc-a63e-4348-bd18-030b60a135e7: receive RaftClientReply:client-D91E5D1E15CE->f2ba01fc-a63e-4348-bd18-030b60a135e7@group-C8C62FEF0626, cid=3647, SUCCESS, logIndex=0, commits[f2ba01fc-a63e-4348-bd18-030b60a135e7:c5508, eab135d4-a257-4705-b491-6c056b8c5df7:c5507, a4f67574-9018-43e7-8a54-351e98dc3d0a:c5507]
2019-08-23 07:09:20,577 | INFO  | SCMAudit | user=jenkins1000 | ip=192.168.5.178 | op=ALLOCATE_BLOCK {owner=aaf04d22-10dd-4717-8862-c651bdde72cf, size=4194304, type=RATIS, factor=THREE} | ret=SUCCESS |  
2019-08-23 07:09:20,582 | INFO  | OMAudit | user=jenkins1000 | ip=127.0.0.1 | op=ALLOCATE_BLOCK {volume=vol-0-67663, bucket=bucket-0-68950, key=key-0-26970, dataSize=0, replicationType=null, replicationFactor=null, keyLocationInfo=null, clientID=102665036030476690} | ret=SUCCESS |  
2019-08-23 07:09:20,591 | INFO  | DNAudit | user=null | ip=null | op=WRITE_CHUNK {blockData=conID: 2 locID: 102665038107574981 bcsId: 0} | ret=SUCCESS |  
2019-08-23 07:09:20,593 | INFO  | DNAudit | user=null | ip=null | op=WRITE_CHUNK {blockData=conID: 2 locID: 102665038107574981 bcsId: 0} | ret=SUCCESS |  
2019-08-23 07:09:20,594 | INFO  | DNAudit | user=null | ip=null | op=WRITE_CHUNK {blockData=conID: 2 locID: 102665038107574981 bcsId: 0} | ret=SUCCESS |  
2019-08-23 07:09:20,594 | INFO  | DNAudit | user=null | ip=null | op=WRITE_CHUNK {blockData=conID: 2 locID: 102665038107574981 bcsId: 0} | ret=SUCCESS |  
2019-08-23 07:09:20,595 | INFO  | DNAudit | user=null | ip=null | op=WRITE_CHUNK {blockData=conID: 2 locID: 102665038107574981 bcsId: 0} | ret=SUCCESS |  
2019-08-23 07:09:20,596 | INFO  | DNAudit | user=null | ip=null | op=WRITE_CHUNK {blockData=conID: 2 locID: 102665038107574981 bcsId: 0} | ret=SUCCESS |  
2019-08-23 07:09:20,606 | INFO  | DNAudit | user=null | ip=null | op=WRITE_CHUNK {blockData=conID: 2 locID: 102665038107574981 bcsId: 0} | ret=SUCCESS |  
2019-08-23 07:09:20,607 | INFO  | DNAudit | user=null | ip=null | op=PUT_BLOCK {blockData=[blockId=conID: 2 locID: 102665038107574981 bcsId: 0,size=1048576]} | ret=SUCCESS |  
2019-08-23 07:09:20,607 | INFO  | DNAudit | user=null | ip=null | op=WRITE_CHUNK {blockData=conID: 2 locID: 102665038107574981 bcsId: 0} | ret=SUCCESS |  
2019-08-23 07:09:20,607 [grpc-default-executor-3] INFO  client.GrpcClientProtocolClient (GrpcClientProtocolClient.java:onNext(255)) - client-D91E5D1E15CE->f2ba01fc-a63e-4348-bd18-030b60a135e7: receive RaftClientReply:client-D91E5D1E15CE->f2ba01fc-a63e-4348-bd18-030b60a135e7@group-C8C62FEF0626, cid=3648, SUCCESS, logIndex=5510, commits[f2ba01fc-a63e-4348-bd18-030b60a135e7:c5513, eab135d4-a257-4705-b491-6c056b8c5df7:c5509, a4f67574-9018-43e7-8a54-351e98dc3d0a:c5509]
2019-08-23 07:09:20,607 | INFO  | DNAudit | user=null | ip=null | op=PUT_BLOCK {blockData=[blockId=conID: 2 locID: 102665038107574981 bcsId: 0,size=2097152]} | ret=SUCCESS |  
2019-08-23 07:09:20,608 [grpc-default-executor-3] INFO  client.GrpcClientProtocolClient (GrpcClientProtocolClient.java:onNext(255)) - client-D91E5D1E15CE->f2ba01fc-a63e-4348-bd18-030b60a135e7: receive RaftClientReply:client-D91E5D1E15CE->f2ba01fc-a63e-4348-bd18-030b60a135e7@group-C8C62FEF0626, cid=3649, SUCCESS, logIndex=5511, commits[f2ba01fc-a63e-4348-bd18-030b60a135e7:c5513, eab135d4-a257-4705-b491-6c056b8c5df7:c5509, a4f67574-9018-43e7-8a54-351e98dc3d0a:c5509]
2019-08-23 07:09:20,608 [grpc-default-executor-3] INFO  client.GrpcClientProtocolClient (GrpcClientProtocolClient.java:onNext(255)) - client-D91E5D1E15CE->f2ba01fc-a63e-4348-bd18-030b60a135e7: receive RaftClientReply:client-D91E5D1E15CE->f2ba01fc-a63e-4348-bd18-030b60a135e7@group-C8C62FEF0626, cid=3650, SUCCESS, logIndex=5512, commits[f2ba01fc-a63e-4348-bd18-030b60a135e7:c5513, eab135d4-a257-4705-b491-6c056b8c5df7:c5509, a4f67574-9018-43e7-8a54-351e98dc3d0a:c5509]
2019-08-23 07:09:20,608 [grpc-default-executor-3] INFO  client.GrpcClientProtocolClient (GrpcClientProtocolClient.java:onNext(255)) - client-D91E5D1E15CE->f2ba01fc-a63e-4348-bd18-030b60a135e7: receive RaftClientReply:client-D91E5D1E15CE->f2ba01fc-a63e-4348-bd18-030b60a135e7@group-C8C62FEF0626, cid=3651, SUCCESS, logIndex=5513, commits[f2ba01fc-a63e-4348-bd18-030b60a135e7:c5513, eab135d4-a257-4705-b491-6c056b8c5df7:c5509, a4f67574-9018-43e7-8a54-351e98dc3d0a:c5509]
2019-08-23 07:09:20,619 | INFO  | DNAudit | user=null | ip=null | op=WRITE_CHUNK {blockData=conID: 2 locID: 102665038107574981 bcsId: 0} | ret=SUCCESS |  
2019-08-23 07:09:20,619 | INFO  | DNAudit | user=null | ip=null | op=WRITE_CHUNK {blockData=conID: 2 locID: 102665038107574981 bcsId: 0} | ret=SUCCESS |  
2019-08-23 07:09:20,619 | INFO  | DNAudit | user=null | ip=null | op=PUT_BLOCK {blockData=[blockId=conID: 2 locID: 102665038107574981 bcsId: 0,size=1048576]} | ret=SUCCESS |  
2019-08-23 07:09:20,619 | INFO  | DNAudit | user=null | ip=null | op=PUT_BLOCK {blockData=[blockId=conID: 2 locID: 102665038107574981 bcsId: 0,size=1048576]} | ret=SUCCESS |  
2019-08-23 07:09:20,620 [grpc-default-executor-3] INFO  client.GrpcClientProtocolClient (GrpcClientProtocolClient.java:onNext(255)) - client-D91E5D1E15CE->f2ba01fc-a63e-4348-bd18-030b60a135e7: receive RaftClientReply:client-D91E5D1E15CE->f2ba01fc-a63e-4348-bd18-030b60a135e7@group-C8C62FEF0626, cid=3652, SUCCESS, logIndex=0, commits[f2ba01fc-a63e-4348-bd18-030b60a135e7:c5514, eab135d4-a257-4705-b491-6c056b8c5df7:c5511, a4f67574-9018-43e7-8a54-351e98dc3d0a:c5511]
2019-08-23 07:09:20,627 | INFO  | DNAudit | user=null | ip=null | op=WRITE_CHUNK {blockData=conID: 2 locID: 102665038107574981 bcsId: 5513} | ret=SUCCESS |  
2019-08-23 07:09:20,629 | INFO  | DNAudit | user=null | ip=null | op=WRITE_CHUNK {blockData=conID: 2 locID: 102665038107574981 bcsId: 5513} | ret=SUCCESS |  
2019-08-23 07:09:20,630 | INFO  | DNAudit | user=null | ip=null | op=WRITE_CHUNK {blockData=conID: 2 locID: 102665038107574981 bcsId: 0} | ret=SUCCESS |  
2019-08-23 07:09:20,630 | INFO  | DNAudit | user=null | ip=null | op=WRITE_CHUNK {blockData=conID: 2 locID: 102665038107574981 bcsId: 0} | ret=SUCCESS |  
2019-08-23 07:09:20,630 | INFO  | DNAudit | user=null | ip=null | op=WRITE_CHUNK {blockData=conID: 2 locID: 102665038107574981 bcsId: 5513} | ret=SUCCESS |  
2019-08-23 07:09:20,630 | INFO  | DNAudit | user=null | ip=null | op=PUT_BLOCK {blockData=[blockId=conID: 2 locID: 102665038107574981 bcsId: 0,size=2097152]} | ret=SUCCESS |  
2019-08-23 07:09:20,630 | INFO  | DNAudit | user=null | ip=null | op=PUT_BLOCK {blockData=[blockId=conID: 2 locID: 102665038107574981 bcsId: 0,size=2097152]} | ret=SUCCESS |  
2019-08-23 07:09:20,631 | INFO  | DNAudit | user=null | ip=null | op=WRITE_CHUNK {blockData=conID: 2 locID: 102665038107574981 bcsId: 5513} | ret=SUCCESS |  
2019-08-23 07:09:20,632 | INFO  | DNAudit | user=null | ip=null | op=PUT_BLOCK {blockData=[blockId=conID: 2 locID: 102665038107574981 bcsId: 0,size=3145728]} | ret=SUCCESS |  
2019-08-23 07:09:20,632 [grpc-default-executor-4] INFO  client.GrpcClientProtocolClient (GrpcClientProtocolClient.java:onNext(255)) - client-D91E5D1E15CE->f2ba01fc-a63e-4348-bd18-030b60a135e7: receive RaftClientReply:client-D91E5D1E15CE->f2ba01fc-a63e-4348-bd18-030b60a135e7@group-C8C62FEF0626, cid=3653, SUCCESS, logIndex=5518, commits[f2ba01fc-a63e-4348-bd18-030b60a135e7:c5519, eab135d4-a257-4705-b491-6c056b8c5df7:c5513, a4f67574-9018-43e7-8a54-351e98dc3d0a:c5514]
2019-08-23 07:09:20,632 [grpc-default-executor-4] INFO  client.GrpcClientProtocolClient (GrpcClientProtocolClient.java:onNext(255)) - client-D91E5D1E15CE->f2ba01fc-a63e-4348-bd18-030b60a135e7: receive RaftClientReply:client-D91E5D1E15CE->f2ba01fc-a63e-4348-bd18-030b60a135e7@group-C8C62FEF0626, cid=3654, SUCCESS, logIndex=5519, commits[f2ba01fc-a63e-4348-bd18-030b60a135e7:c5519, eab135d4-a257-4705-b491-6c056b8c5df7:c5514, a4f67574-9018-43e7-8a54-351e98dc3d0a:c5514]
2019-08-23 07:09:20,635 | INFO  | DNAudit | user=null | ip=null | op=WRITE_CHUNK {blockData=conID: 2 locID: 102665038107574981 bcsId: 5513} | ret=SUCCESS |  
2019-08-23 07:09:20,635 | INFO  | DNAudit | user=null | ip=null | op=WRITE_CHUNK {blockData=conID: 2 locID: 102665038107574981 bcsId: 5513} | ret=SUCCESS |  
2019-08-23 07:09:20,635 | INFO  | DNAudit | user=null | ip=null | op=PUT_BLOCK {blockData=[blockId=conID: 2 locID: 102665038107574981 bcsId: 0,size=3145728]} | ret=SUCCESS |  
2019-08-23 07:09:20,635 | INFO  | DNAudit | user=null | ip=null | op=PUT_BLOCK {blockData=[blockId=conID: 2 locID: 102665038107574981 bcsId: 0,size=3145728]} | ret=SUCCESS |  
2019-08-23 07:09:20,640 | INFO  | DNAudit | user=null | ip=null | op=WRITE_CHUNK {blockData=conID: 2 locID: 102665038107574981 bcsId: 5519} | ret=SUCCESS |  
2019-08-23 07:09:20,642 | INFO  | DNAudit | user=null | ip=null | op=WRITE_CHUNK {blockData=conID: 2 locID: 102665038107574981 bcsId: 5519} | ret=SUCCESS |  
2019-08-23 07:09:20,642 | INFO  | DNAudit | user=null | ip=null | op=WRITE_CHUNK {blockData=conID: 2 locID: 102665038107574981 bcsId: 5519} | ret=SUCCESS |  
2019-08-23 07:09:20,660 | INFO  | DNAudit | user=null | ip=null | op=WRITE_CHUNK {blockData=conID: 2 locID: 102665038107574981 bcsId: 5519} | ret=SUCCESS |  
2019-08-23 07:09:20,661 | INFO  | DNAudit | user=null | ip=null | op=PUT_BLOCK {blockData=[blockId=conID: 2 locID: 102665038107574981 bcsId: 0,size=4194304]} | ret=SUCCESS |  
2019-08-23 07:09:20,661 [grpc-default-executor-4] INFO  client.GrpcClientProtocolClient (GrpcClientProtocolClient.java:onNext(255)) - client-D91E5D1E15CE->f2ba01fc-a63e-4348-bd18-030b60a135e7: receive RaftClientReply:client-D91E5D1E15CE->f2ba01fc-a63e-4348-bd18-030b60a135e7@group-C8C62FEF0626, cid=3655, SUCCESS, logIndex=5522, commits[f2ba01fc-a63e-4348-bd18-030b60a135e7:c5523, eab135d4-a257-4705-b491-6c056b8c5df7:c5520, a4f67574-9018-43e7-8a54-351e98dc3d0a:c5520]
2019-08-23 07:09:20,661 [grpc-default-executor-4] INFO  client.GrpcClientProtocolClient (GrpcClientProtocolClient.java:onNext(255)) - client-D91E5D1E15CE->f2ba01fc-a63e-4348-bd18-030b60a135e7: receive RaftClientReply:client-D91E5D1E15CE->f2ba01fc-a63e-4348-bd18-030b60a135e7@group-C8C62FEF0626, cid=3656, SUCCESS, logIndex=5523, commits[f2ba01fc-a63e-4348-bd18-030b60a135e7:c5523, eab135d4-a257-4705-b491-6c056b8c5df7:c5520, a4f67574-9018-43e7-8a54-351e98dc3d0a:c5520]
2019-08-23 07:09:20,673 | INFO  | DNAudit | user=null | ip=null | op=WRITE_CHUNK {blockData=conID: 2 locID: 102665038107574981 bcsId: 5519} | ret=SUCCESS |  
2019-08-23 07:09:20,673 | INFO  | DNAudit | user=null | ip=null | op=WRITE_CHUNK {blockData=conID: 2 locID: 102665038107574981 bcsId: 5519} | ret=SUCCESS |  
2019-08-23 07:09:20,674 | INFO  | DNAudit | user=null | ip=null | op=PUT_BLOCK {blockData=[blockId=conID: 2 locID: 102665038107574981 bcsId: 0,size=4194304]} | ret=SUCCESS |  
2019-08-23 07:09:20,674 | INFO  | DNAudit | user=null | ip=null | op=PUT_BLOCK {blockData=[blockId=conID: 2 locID: 102665038107574981 bcsId: 0,size=4194304]} | ret=SUCCESS |  
2019-08-23 07:09:20,674 [grpc-default-executor-4] INFO  client.GrpcClientProtocolClient (GrpcClientProtocolClient.java:onNext(255)) - client-D91E5D1E15CE->f2ba01fc-a63e-4348-bd18-030b60a135e7: receive RaftClientReply:client-D91E5D1E15CE->f2ba01fc-a63e-4348-bd18-030b60a135e7@group-C8C62FEF0626, cid=3657, SUCCESS, logIndex=0, commits[f2ba01fc-a63e-4348-bd18-030b60a135e7:c5524, eab135d4-a257-4705-b491-6c056b8c5df7:c5523, a4f67574-9018-43e7-8a54-351e98dc3d0a:c5523]
2019-08-23 07:09:20,684 | INFO  | SCMAudit | user=jenkins1000 | ip=192.168.5.178 | op=ALLOCATE_BLOCK {owner=aaf04d22-10dd-4717-8862-c651bdde72cf, size=4194304, type=RATIS, factor=THREE} | ret=SUCCESS |  
2019-08-23 07:09:20,690 | INFO  | OMAudit | user=jenkins1000 | ip=127.0.0.1 | op=ALLOCATE_BLOCK {volume=vol-0-67663, bucket=bucket-0-68950, key=key-0-26970, dataSize=0, replicationType=null, replicationFactor=null, keyLocationInfo=null, clientID=102665036030476690} | ret=SUCCESS |  
2019-08-23 07:09:20,698 | INFO  | DNAudit | user=null | ip=null | op=WRITE_CHUNK {blockData=conID: 3 locID: 102665038114587334 bcsId: 0} | ret=SUCCESS |  
2019-08-23 07:09:20,700 | INFO  | DNAudit | user=null | ip=null | op=WRITE_CHUNK {blockData=conID: 3 locID: 102665038114587334 bcsId: 0} | ret=SUCCESS |  
2019-08-23 07:09:20,702 | INFO  | DNAudit | user=null | ip=null | op=WRITE_CHUNK {blockData=conID: 3 locID: 102665038114587334 bcsId: 0} | ret=SUCCESS |  
2019-08-23 07:09:20,702 | INFO  | DNAudit | user=null | ip=null | op=WRITE_CHUNK {blockData=conID: 3 locID: 102665038114587334 bcsId: 0} | ret=SUCCESS |  
2019-08-23 07:09:20,703 | INFO  | DNAudit | user=null | ip=null | op=WRITE_CHUNK {blockData=conID: 3 locID: 102665038114587334 bcsId: 0} | ret=SUCCESS |  
2019-08-23 07:09:20,704 | INFO  | DNAudit | user=null | ip=null | op=WRITE_CHUNK {blockData=conID: 3 locID: 102665038114587334 bcsId: 0} | ret=SUCCESS |  
2019-08-23 07:09:20,712 | INFO  | DNAudit | user=null | ip=null | op=WRITE_CHUNK {blockData=conID: 3 locID: 102665038114587334 bcsId: 0} | ret=SUCCESS |  
2019-08-23 07:09:20,716 | INFO  | DNAudit | user=null | ip=null | op=PUT_BLOCK {blockData=[blockId=conID: 3 locID: 102665038114587334 bcsId: 0,size=1048576]} | ret=SUCCESS |  
2019-08-23 07:09:20,717 [grpc-default-executor-0] INFO  client.GrpcClientProtocolClient (GrpcClientProtocolClient.java:onNext(255)) - client-D91E5D1E15CE->f2ba01fc-a63e-4348-bd18-030b60a135e7: receive RaftClientReply:client-D91E5D1E15CE->f2ba01fc-a63e-4348-bd18-030b60a135e7@group-C8C62FEF0626, cid=3658, SUCCESS, logIndex=5526, commits[f2ba01fc-a63e-4348-bd18-030b60a135e7:c5527, eab135d4-a257-4705-b491-6c056b8c5df7:c5525, a4f67574-9018-43e7-8a54-351e98dc3d0a:c5525]
2019-08-23 07:09:20,718 [grpc-default-executor-0] INFO  client.GrpcClientProtocolClient (GrpcClientProtocolClient.java:onNext(255)) - client-D91E5D1E15CE->f2ba01fc-a63e-4348-bd18-030b60a135e7: receive RaftClientReply:client-D91E5D1E15CE->f2ba01fc-a63e-4348-bd18-030b60a135e7@group-C8C62FEF0626, cid=3659, SUCCESS, logIndex=5527, commits[f2ba01fc-a63e-4348-bd18-030b60a135e7:c5527, eab135d4-a257-4705-b491-6c056b8c5df7:c5525, a4f67574-9018-43e7-8a54-351e98dc3d0a:c5525]
2019-08-23 07:09:20,724 | INFO  | DNAudit | user=null | ip=null | op=WRITE_CHUNK {blockData=conID: 3 locID: 102665038114587334 bcsId: 0} | ret=SUCCESS |  
2019-08-23 07:09:20,724 | INFO  | DNAudit | user=null | ip=null | op=PUT_BLOCK {blockData=[blockId=conID: 3 locID: 102665038114587334 bcsId: 0,size=2097152]} | ret=SUCCESS |  
2019-08-23 07:09:20,724 [grpc-default-executor-0] INFO  client.GrpcClientProtocolClient (GrpcClientProtocolClient.java:onNext(255)) - client-D91E5D1E15CE->f2ba01fc-a63e-4348-bd18-030b60a135e7: receive RaftClientReply:client-D91E5D1E15CE->f2ba01fc-a63e-4348-bd18-030b60a135e7@group-C8C62FEF0626, cid=3660, SUCCESS, logIndex=5528, commits[f2ba01fc-a63e-4348-bd18-030b60a135e7:c5529, eab135d4-a257-4705-b491-6c056b8c5df7:c5525, a4f67574-9018-43e7-8a54-351e98dc3d0a:c5525]
2019-08-23 07:09:20,725 [grpc-default-executor-0] INFO  client.GrpcClientProtocolClient (GrpcClientProtocolClient.java:onNext(255)) - client-D91E5D1E15CE->f2ba01fc-a63e-4348-bd18-030b60a135e7: receive RaftClientReply:client-D91E5D1E15CE->f2ba01fc-a63e-4348-bd18-030b60a135e7@group-C8C62FEF0626, cid=3661, SUCCESS, logIndex=5529, commits[f2ba01fc-a63e-4348-bd18-030b60a135e7:c5529, eab135d4-a257-4705-b491-6c056b8c5df7:c5525, a4f67574-9018-43e7-8a54-351e98dc3d0a:c5525]
2019-08-23 07:09:20,725 | INFO  | DNAudit | user=null | ip=null | op=WRITE_CHUNK {blockData=conID: 3 locID: 102665038114587334 bcsId: 0} | ret=SUCCESS |  
2019-08-23 07:09:20,738 | INFO  | DNAudit | user=null | ip=null | op=PUT_BLOCK {blockData=[blockId=conID: 3 locID: 102665038114587334 bcsId: 0,size=1048576]} | ret=SUCCESS |  
2019-08-23 07:09:20,738 | INFO  | DNAudit | user=null | ip=null | op=WRITE_CHUNK {blockData=conID: 3 locID: 102665038114587334 bcsId: 0} | ret=SUCCESS |  
2019-08-23 07:09:20,739 | INFO  | DNAudit | user=null | ip=null | op=WRITE_CHUNK {blockData=conID: 3 locID: 102665038114587334 bcsId: 0} | ret=SUCCESS |  
2019-08-23 07:09:20,739 | INFO  | DNAudit | user=null | ip=null | op=PUT_BLOCK {blockData=[blockId=conID: 3 locID: 102665038114587334 bcsId: 0,size=1048576]} | ret=SUCCESS |  
2019-08-23 07:09:20,739 | INFO  | DNAudit | user=null | ip=null | op=WRITE_CHUNK {blockData=conID: 3 locID: 102665038114587334 bcsId: 0} | ret=SUCCESS |  
2019-08-23 07:09:20,739 | INFO  | DNAudit | user=null | ip=null | op=PUT_BLOCK {blockData=[blockId=conID: 3 locID: 102665038114587334 bcsId: 0,size=2097152]} | ret=SUCCESS |  
2019-08-23 07:09:20,739 | INFO  | DNAudit | user=null | ip=null | op=PUT_BLOCK {blockData=[blockId=conID: 3 locID: 102665038114587334 bcsId: 0,size=2097152]} | ret=SUCCESS |  
2019-08-23 07:09:20,739 [grpc-default-executor-4] INFO  client.GrpcClientProtocolClient (GrpcClientProtocolClient.java:onNext(255)) - client-D91E5D1E15CE->f2ba01fc-a63e-4348-bd18-030b60a135e7: receive RaftClientReply:client-D91E5D1E15CE->f2ba01fc-a63e-4348-bd18-030b60a135e7@group-C8C62FEF0626, cid=3662, SUCCESS, logIndex=0, commits[f2ba01fc-a63e-4348-bd18-030b60a135e7:c5531, eab135d4-a257-4705-b491-6c056b8c5df7:c5527, a4f67574-9018-43e7-8a54-351e98dc3d0a:c5529]
2019-08-23 07:09:20,748 | INFO  | DNAudit | user=null | ip=null | op=WRITE_CHUNK {blockData=conID: 3 locID: 102665038114587334 bcsId: 5529} | ret=SUCCESS |  
2019-08-23 07:09:20,750 | INFO  | DNAudit | user=null | ip=null | op=WRITE_CHUNK {blockData=conID: 3 locID: 102665038114587334 bcsId: 5529} | ret=SUCCESS |  
2019-08-23 07:09:20,750 | INFO  | DNAudit | user=null | ip=null | op=WRITE_CHUNK {blockData=conID: 3 locID: 102665038114587334 bcsId: 5529} | ret=SUCCESS |  
2019-08-23 07:09:20,753 | INFO  | DNAudit | user=null | ip=null | op=WRITE_CHUNK {blockData=conID: 3 locID: 102665038114587334 bcsId: 5529} | ret=SUCCESS |  
2019-08-23 07:09:20,753 | INFO  | DNAudit | user=null | ip=null | op=PUT_BLOCK {blockData=[blockId=conID: 3 locID: 102665038114587334 bcsId: 0,size=3145728]} | ret=SUCCESS |  
2019-08-23 07:09:20,753 [grpc-default-executor-4] INFO  client.GrpcClientProtocolClient (GrpcClientProtocolClient.java:onNext(255)) - client-D91E5D1E15CE->f2ba01fc-a63e-4348-bd18-030b60a135e7: receive RaftClientReply:client-D91E5D1E15CE->f2ba01fc-a63e-4348-bd18-030b60a135e7@group-C8C62FEF0626, cid=3663, SUCCESS, logIndex=5533, commits[f2ba01fc-a63e-4348-bd18-030b60a135e7:c5534, eab135d4-a257-4705-b491-6c056b8c5df7:c5532, a4f67574-9018-43e7-8a54-351e98dc3d0a:c5529]
2019-08-23 07:09:20,754 [grpc-default-executor-4] INFO  client.GrpcClientProtocolClient (GrpcClientProtocolClient.java:onNext(255)) - client-D91E5D1E15CE->f2ba01fc-a63e-4348-bd18-030b60a135e7: receive RaftClientReply:client-D91E5D1E15CE->f2ba01fc-a63e-4348-bd18-030b60a135e7@group-C8C62FEF0626, cid=3664, SUCCESS, logIndex=5534, commits[f2ba01fc-a63e-4348-bd18-030b60a135e7:c5534, eab135d4-a257-4705-b491-6c056b8c5df7:c5532, a4f67574-9018-43e7-8a54-351e98dc3d0a:c5532]
2019-08-23 07:09:20,754 | INFO  | DNAudit | user=null | ip=null | op=WRITE_CHUNK {blockData=conID: 3 locID: 102665038114587334 bcsId: 5529} | ret=SUCCESS |  
2019-08-23 07:09:20,756 | INFO  | DNAudit | user=null | ip=null | op=WRITE_CHUNK {blockData=conID: 3 locID: 102665038114587334 bcsId: 5529} | ret=SUCCESS |  
2019-08-23 07:09:20,756 | INFO  | DNAudit | user=null | ip=null | op=PUT_BLOCK {blockData=[blockId=conID: 3 locID: 102665038114587334 bcsId: 0,size=3145728]} | ret=SUCCESS |  
2019-08-23 07:09:20,757 | INFO  | DNAudit | user=null | ip=null | op=PUT_BLOCK {blockData=[blockId=conID: 3 locID: 102665038114587334 bcsId: 0,size=3145728]} | ret=SUCCESS |  
2019-08-23 07:09:20,761 | INFO  | DNAudit | user=null | ip=null | op=WRITE_CHUNK {blockData=conID: 3 locID: 102665038114587334 bcsId: 5534} | ret=SUCCESS |  
2019-08-23 07:09:20,762 | INFO  | DNAudit | user=null | ip=null | op=WRITE_CHUNK {blockData=conID: 3 locID: 102665038114587334 bcsId: 5534} | ret=SUCCESS |  
2019-08-23 07:09:20,763 | INFO  | DNAudit | user=null | ip=null | op=WRITE_CHUNK {blockData=conID: 3 locID: 102665038114587334 bcsId: 5534} | ret=SUCCESS |  
2019-08-23 07:09:20,764 | INFO  | DNAudit | user=null | ip=null | op=WRITE_CHUNK {blockData=conID: 3 locID: 102665038114587334 bcsId: 5534} | ret=SUCCESS |  
2019-08-23 07:09:20,764 | INFO  | DNAudit | user=null | ip=null | op=PUT_BLOCK {blockData=[blockId=conID: 3 locID: 102665038114587334 bcsId: 0,size=4194304]} | ret=SUCCESS |  
2019-08-23 07:09:20,765 [grpc-default-executor-3] INFO  client.GrpcClientProtocolClient (GrpcClientProtocolClient.java:onNext(255)) - client-D91E5D1E15CE->f2ba01fc-a63e-4348-bd18-030b60a135e7: receive RaftClientReply:client-D91E5D1E15CE->f2ba01fc-a63e-4348-bd18-030b60a135e7@group-C8C62FEF0626, cid=3665, SUCCESS, logIndex=5537, commits[f2ba01fc-a63e-4348-bd18-030b60a135e7:c5538, eab135d4-a257-4705-b491-6c056b8c5df7:c5534, a4f67574-9018-43e7-8a54-351e98dc3d0a:c5536]
2019-08-23 07:09:20,765 [grpc-default-executor-3] INFO  client.GrpcClientProtocolClient (GrpcClientProtocolClient.java:onNext(255)) - client-D91E5D1E15CE->f2ba01fc-a63e-4348-bd18-030b60a135e7: receive RaftClientReply:client-D91E5D1E15CE->f2ba01fc-a63e-4348-bd18-030b60a135e7@group-C8C62FEF0626, cid=3666, SUCCESS, logIndex=5538, commits[f2ba01fc-a63e-4348-bd18-030b60a135e7:c5538, eab135d4-a257-4705-b491-6c056b8c5df7:c5534, a4f67574-9018-43e7-8a54-351e98dc3d0a:c5536]
2019-08-23 07:09:20,766 | INFO  | DNAudit | user=null | ip=null | op=WRITE_CHUNK {blockData=conID: 3 locID: 102665038114587334 bcsId: 5534} | ret=SUCCESS |  
2019-08-23 07:09:20,768 | INFO  | DNAudit | user=null | ip=null | op=WRITE_CHUNK {blockData=conID: 3 locID: 102665038114587334 bcsId: 5534} | ret=SUCCESS |  
2019-08-23 07:09:20,768 | INFO  | DNAudit | user=null | ip=null | op=PUT_BLOCK {blockData=[blockId=conID: 3 locID: 102665038114587334 bcsId: 0,size=4194304]} | ret=SUCCESS |  
2019-08-23 07:09:20,769 | INFO  | DNAudit | user=null | ip=null | op=PUT_BLOCK {blockData=[blockId=conID: 3 locID: 102665038114587334 bcsId: 0,size=4194304]} | ret=SUCCESS |  
2019-08-23 07:09:20,770 [grpc-default-executor-3] INFO  client.GrpcClientProtocolClient (GrpcClientProtocolClient.java:onNext(255)) - client-D91E5D1E15CE->f2ba01fc-a63e-4348-bd18-030b60a135e7: receive RaftClientReply:client-D91E5D1E15CE->f2ba01fc-a63e-4348-bd18-030b60a135e7@group-C8C62FEF0626, cid=3667, SUCCESS, logIndex=0, commits[f2ba01fc-a63e-4348-bd18-030b60a135e7:c5540, eab135d4-a257-4705-b491-6c056b8c5df7:c5538, a4f67574-9018-43e7-8a54-351e98dc3d0a:c5538]
2019-08-23 07:09:20,779 | INFO  | SCMAudit | user=jenkins1000 | ip=192.168.5.178 | op=ALLOCATE_BLOCK {owner=aaf04d22-10dd-4717-8862-c651bdde72cf, size=4194304, type=RATIS, factor=THREE} | ret=SUCCESS |  
2019-08-23 07:09:20,785 | INFO  | OMAudit | user=jenkins1000 | ip=127.0.0.1 | op=ALLOCATE_BLOCK {volume=vol-0-67663, bucket=bucket-0-68950, key=key-0-26970, dataSize=0, replicationType=null, replicationFactor=null, keyLocationInfo=null, clientID=102665036030476690} | ret=SUCCESS |  
2019-08-23 07:09:20,793 | INFO  | DNAudit | user=null | ip=null | op=WRITE_CHUNK {blockData=conID: 1 locID: 102665038120813255 bcsId: 0} | ret=SUCCESS |  
2019-08-23 07:09:20,796 | INFO  | DNAudit | user=null | ip=null | op=WRITE_CHUNK {blockData=conID: 1 locID: 102665038120813255 bcsId: 0} | ret=SUCCESS |  
2019-08-23 07:09:20,796 | INFO  | DNAudit | user=null | ip=null | op=WRITE_CHUNK {blockData=conID: 1 locID: 102665038120813255 bcsId: 0} | ret=SUCCESS |  
2019-08-23 07:09:20,797 | INFO  | DNAudit | user=null | ip=null | op=WRITE_CHUNK {blockData=conID: 1 locID: 102665038120813255 bcsId: 0} | ret=SUCCESS |  
2019-08-23 07:09:20,799 | INFO  | DNAudit | user=null | ip=null | op=WRITE_CHUNK {blockData=conID: 1 locID: 102665038120813255 bcsId: 0} | ret=SUCCESS |  
2019-08-23 07:09:20,800 | INFO  | DNAudit | user=null | ip=null | op=PUT_BLOCK {blockData=[blockId=conID: 1 locID: 102665038120813255 bcsId: 0,size=1048576]} | ret=SUCCESS |  
2019-08-23 07:09:20,800 [grpc-default-executor-6] INFO  client.GrpcClientProtocolClient (GrpcClientProtocolClient.java:onNext(255)) - client-D91E5D1E15CE->f2ba01fc-a63e-4348-bd18-030b60a135e7: receive RaftClientReply:client-D91E5D1E15CE->f2ba01fc-a63e-4348-bd18-030b60a135e7@group-C8C62FEF0626, cid=3668, SUCCESS, logIndex=5541, commits[f2ba01fc-a63e-4348-bd18-030b60a135e7:c5541, eab135d4-a257-4705-b491-6c056b8c5df7:c5540, a4f67574-9018-43e7-8a54-351e98dc3d0a:c5538]
2019-08-23 07:09:20,800 [grpc-default-executor-6] INFO  client.GrpcClientProtocolClient (GrpcClientProtocolClient.java:onNext(255)) - client-D91E5D1E15CE->f2ba01fc-a63e-4348-bd18-030b60a135e7: receive RaftClientReply:client-D91E5D1E15CE->f2ba01fc-a63e-4348-bd18-030b60a135e7@group-C8C62FEF0626, cid=3669, SUCCESS, logIndex=5542, commits[f2ba01fc-a63e-4348-bd18-030b60a135e7:c5542, eab135d4-a257-4705-b491-6c056b8c5df7:c5540, a4f67574-9018-43e7-8a54-351e98dc3d0a:c5538]
2019-08-23 07:09:20,801 | INFO  | DNAudit | user=null | ip=null | op=WRITE_CHUNK {blockData=conID: 1 locID: 102665038120813255 bcsId: 0} | ret=SUCCESS |  
2019-08-23 07:09:20,802 | INFO  | DNAudit | user=null | ip=null | op=WRITE_CHUNK {blockData=conID: 1 locID: 102665038120813255 bcsId: 0} | ret=SUCCESS |  
2019-08-23 07:09:20,806 | INFO  | DNAudit | user=null | ip=null | op=WRITE_CHUNK {blockData=conID: 1 locID: 102665038120813255 bcsId: 0} | ret=SUCCESS |  
2019-08-23 07:09:20,806 | INFO  | DNAudit | user=null | ip=null | op=WRITE_CHUNK {blockData=conID: 1 locID: 102665038120813255 bcsId: 0} | ret=SUCCESS |  
2019-08-23 07:09:20,806 | INFO  | DNAudit | user=null | ip=null | op=PUT_BLOCK {blockData=[blockId=conID: 1 locID: 102665038120813255 bcsId: 0,size=1048576]} | ret=SUCCESS |  
2019-08-23 07:09:20,806 | INFO  | DNAudit | user=null | ip=null | op=PUT_BLOCK {blockData=[blockId=conID: 1 locID: 102665038120813255 bcsId: 0,size=2097152]} | ret=SUCCESS |  
2019-08-23 07:09:20,806 | INFO  | DNAudit | user=null | ip=null | op=WRITE_CHUNK {blockData=conID: 1 locID: 102665038120813255 bcsId: 0} | ret=SUCCESS |  
2019-08-23 07:09:20,806 | INFO  | DNAudit | user=null | ip=null | op=PUT_BLOCK {blockData=[blockId=conID: 1 locID: 102665038120813255 bcsId: 0,size=1048576]} | ret=SUCCESS |  
2019-08-23 07:09:20,806 [grpc-default-executor-3] INFO  client.GrpcClientProtocolClient (GrpcClientProtocolClient.java:onNext(255)) - client-D91E5D1E15CE->f2ba01fc-a63e-4348-bd18-030b60a135e7: receive RaftClientReply:client-D91E5D1E15CE->f2ba01fc-a63e-4348-bd18-030b60a135e7@group-C8C62FEF0626, cid=3670, SUCCESS, logIndex=5543, commits[f2ba01fc-a63e-4348-bd18-030b60a135e7:c5544, eab135d4-a257-4705-b491-6c056b8c5df7:c5540, a4f67574-9018-43e7-8a54-351e98dc3d0a:c5540]
2019-08-23 07:09:20,807 [grpc-default-executor-3] INFO  client.GrpcClientProtocolClient (GrpcClientProtocolClient.java:onNext(255)) - client-D91E5D1E15CE->f2ba01fc-a63e-4348-bd18-030b60a135e7: receive RaftClientReply:client-D91E5D1E15CE->f2ba01fc-a63e-4348-bd18-030b60a135e7@group-C8C62FEF0626, cid=3671, SUCCESS, logIndex=5544, commits[f2ba01fc-a63e-4348-bd18-030b60a135e7:c5546, eab135d4-a257-4705-b491-6c056b8c5df7:c5542, a4f67574-9018-43e7-8a54-351e98dc3d0a:c5542]
2019-08-23 07:09:20,814 | INFO  | DNAudit | user=null | ip=null | op=WRITE_CHUNK {blockData=conID: 1 locID: 102665038120813255 bcsId: 5544} | ret=SUCCESS |  
2019-08-23 07:09:20,816 | INFO  | DNAudit | user=null | ip=null | op=WRITE_CHUNK {blockData=conID: 1 locID: 102665038120813255 bcsId: 5544} | ret=SUCCESS |  
2019-08-23 07:09:20,817 | INFO  | DNAudit | user=null | ip=null | op=WRITE_CHUNK {blockData=conID: 1 locID: 102665038120813255 bcsId: 5544} | ret=SUCCESS |  
2019-08-23 07:09:20,829 | INFO  | DNAudit | user=null | ip=null | op=WRITE_CHUNK {blockData=conID: 1 locID: 102665038120813255 bcsId: 0} | ret=SUCCESS |  
2019-08-23 07:09:20,829 | INFO  | DNAudit | user=null | ip=null | op=WRITE_CHUNK {blockData=conID: 1 locID: 102665038120813255 bcsId: 0} | ret=SUCCESS |  
2019-08-23 07:09:20,829 | INFO  | DNAudit | user=null | ip=null | op=PUT_BLOCK {blockData=[blockId=conID: 1 locID: 102665038120813255 bcsId: 0,size=2097152]} | ret=SUCCESS |  
2019-08-23 07:09:20,830 | INFO  | DNAudit | user=null | ip=null | op=PUT_BLOCK {blockData=[blockId=conID: 1 locID: 102665038120813255 bcsId: 0,size=2097152]} | ret=SUCCESS |  
2019-08-23 07:09:20,831 | INFO  | DNAudit | user=null | ip=null | op=WRITE_CHUNK {blockData=conID: 1 locID: 102665038120813255 bcsId: 5544} | ret=SUCCESS |  
2019-08-23 07:09:20,831 | INFO  | DNAudit | user=null | ip=null | op=PUT_BLOCK {blockData=[blockId=conID: 1 locID: 102665038120813255 bcsId: 0,size=3145728]} | ret=SUCCESS |  
2019-08-23 07:09:20,832 [grpc-default-executor-4] INFO  client.GrpcClientProtocolClient (GrpcClientProtocolClient.java:onNext(255)) - client-D91E5D1E15CE->f2ba01fc-a63e-4348-bd18-030b60a135e7: receive RaftClientReply:client-D91E5D1E15CE->f2ba01fc-a63e-4348-bd18-030b60a135e7@group-C8C62FEF0626, cid=3672, SUCCESS, logIndex=5549, commits[f2ba01fc-a63e-4348-bd18-030b60a135e7:c5550, eab135d4-a257-4705-b491-6c056b8c5df7:c5546, a4f67574-9018-43e7-8a54-351e98dc3d0a:c5546]
2019-08-23 07:09:20,832 [grpc-default-executor-4] INFO  client.GrpcClientProtocolClient (GrpcClientProtocolClient.java:onNext(255)) - client-D91E5D1E15CE->f2ba01fc-a63e-4348-bd18-030b60a135e7: receive RaftClientReply:client-D91E5D1E15CE->f2ba01fc-a63e-4348-bd18-030b60a135e7@group-C8C62FEF0626, cid=3673, SUCCESS, logIndex=5550, commits[f2ba01fc-a63e-4348-bd18-030b60a135e7:c5550, eab135d4-a257-4705-b491-6c056b8c5df7:c5546, a4f67574-9018-43e7-8a54-351e98dc3d0a:c5546]
2019-08-23 07:09:20,838 | INFO  | DNAudit | user=null | ip=null | op=WRITE_CHUNK {blockData=conID: 1 locID: 102665038120813255 bcsId: 5550} | ret=SUCCESS |  
2019-08-23 07:09:20,841 | INFO  | DNAudit | user=null | ip=null | op=WRITE_CHUNK {blockData=conID: 1 locID: 102665038120813255 bcsId: 5550} | ret=SUCCESS |  
2019-08-23 07:09:20,841 | INFO  | DNAudit | user=null | ip=null | op=WRITE_CHUNK {blockData=conID: 1 locID: 102665038120813255 bcsId: 5550} | ret=SUCCESS |  
2019-08-23 07:09:20,843 | INFO  | DNAudit | user=null | ip=null | op=WRITE_CHUNK {blockData=conID: 1 locID: 102665038120813255 bcsId: 5544} | ret=SUCCESS |  
2019-08-23 07:09:20,843 | INFO  | DNAudit | user=null | ip=null | op=WRITE_CHUNK {blockData=conID: 1 locID: 102665038120813255 bcsId: 5544} | ret=SUCCESS |  
2019-08-23 07:09:20,845 | INFO  | DNAudit | user=null | ip=null | op=PUT_BLOCK {blockData=[blockId=conID: 1 locID: 102665038120813255 bcsId: 0,size=3145728]} | ret=SUCCESS |  
2019-08-23 07:09:20,845 | INFO  | DNAudit | user=null | ip=null | op=PUT_BLOCK {blockData=[blockId=conID: 1 locID: 102665038120813255 bcsId: 0,size=3145728]} | ret=SUCCESS |  
2019-08-23 07:09:20,845 | INFO  | DNAudit | user=null | ip=null | op=WRITE_CHUNK {blockData=conID: 1 locID: 102665038120813255 bcsId: 5550} | ret=SUCCESS |  
2019-08-23 07:09:20,846 | INFO  | DNAudit | user=null | ip=null | op=PUT_BLOCK {blockData=[blockId=conID: 1 locID: 102665038120813255 bcsId: 0,size=4194304]} | ret=SUCCESS |  
2019-08-23 07:09:20,846 [grpc-default-executor-4] INFO  client.GrpcClientProtocolClient (GrpcClientProtocolClient.java:onNext(255)) - client-D91E5D1E15CE->f2ba01fc-a63e-4348-bd18-030b60a135e7: receive RaftClientReply:client-D91E5D1E15CE->f2ba01fc-a63e-4348-bd18-030b60a135e7@group-C8C62FEF0626, cid=3674, SUCCESS, logIndex=5553, commits[f2ba01fc-a63e-4348-bd18-030b60a135e7:c5554, eab135d4-a257-4705-b491-6c056b8c5df7:c5550, a4f67574-9018-43e7-8a54-351e98dc3d0a:c5550]
2019-08-23 07:09:20,846 [grpc-default-executor-4] INFO  client.GrpcClientProtocolClient (GrpcClientProtocolClient.java:onNext(255)) - client-D91E5D1E15CE->f2ba01fc-a63e-4348-bd18-030b60a135e7: receive RaftClientReply:client-D91E5D1E15CE->f2ba01fc-a63e-4348-bd18-030b60a135e7@group-C8C62FEF0626, cid=3675, SUCCESS, logIndex=5554, commits[f2ba01fc-a63e-4348-bd18-030b60a135e7:c5554, eab135d4-a257-4705-b491-6c056b8c5df7:c5550, a4f67574-9018-43e7-8a54-351e98dc3d0a:c5550]
2019-08-23 07:09:20,858 | INFO  | DNAudit | user=null | ip=null | op=WRITE_CHUNK {blockData=conID: 1 locID: 102665038120813255 bcsId: 5550} | ret=SUCCESS |  
2019-08-23 07:09:20,859 | INFO  | DNAudit | user=null | ip=null | op=WRITE_CHUNK {blockData=conID: 1 locID: 102665038120813255 bcsId: 5550} | ret=SUCCESS |  
2019-08-23 07:09:20,871 | INFO  | DNAudit | user=null | ip=null | op=PUT_BLOCK {blockData=[blockId=conID: 1 locID: 102665038120813255 bcsId: 0,size=4194304]} | ret=SUCCESS |  
2019-08-23 07:09:20,871 | INFO  | DNAudit | user=null | ip=null | op=PUT_BLOCK {blockData=[blockId=conID: 1 locID: 102665038120813255 bcsId: 0,size=4194304]} | ret=SUCCESS |  
2019-08-23 07:09:20,872 [grpc-default-executor-4] INFO  client.GrpcClientProtocolClient (GrpcClientProtocolClient.java:onNext(255)) - client-D91E5D1E15CE->f2ba01fc-a63e-4348-bd18-030b60a135e7: receive RaftClientReply:client-D91E5D1E15CE->f2ba01fc-a63e-4348-bd18-030b60a135e7@group-C8C62FEF0626, cid=3676, SUCCESS, logIndex=0, commits[f2ba01fc-a63e-4348-bd18-030b60a135e7:c5556, eab135d4-a257-4705-b491-6c056b8c5df7:c5554, a4f67574-9018-43e7-8a54-351e98dc3d0a:c5554]
2019-08-23 07:09:20,878 | INFO  | SCMAudit | user=jenkins1000 | ip=192.168.5.178 | op=ALLOCATE_BLOCK {owner=aaf04d22-10dd-4717-8862-c651bdde72cf, size=4194304, type=RATIS, factor=THREE} | ret=SUCCESS |  
2019-08-23 07:09:20,883 | INFO  | OMAudit | user=jenkins1000 | ip=127.0.0.1 | op=ALLOCATE_BLOCK {volume=vol-0-67663, bucket=bucket-0-68950, key=key-0-26970, dataSize=0, replicationType=null, replicationFactor=null, keyLocationInfo=null, clientID=102665036030476690} | ret=SUCCESS |  
2019-08-23 07:09:20,890 | INFO  | DNAudit | user=null | ip=null | op=WRITE_CHUNK {blockData=conID: 2 locID: 102665038127301320 bcsId: 0} | ret=SUCCESS |  
2019-08-23 07:09:20,892 | INFO  | DNAudit | user=null | ip=null | op=WRITE_CHUNK {blockData=conID: 2 locID: 102665038127301320 bcsId: 0} | ret=SUCCESS |  
2019-08-23 07:09:20,892 | INFO  | DNAudit | user=null | ip=null | op=WRITE_CHUNK {blockData=conID: 2 locID: 102665038127301320 bcsId: 0} | ret=SUCCESS |  
2019-08-23 07:09:20,893 | INFO  | DNAudit | user=null | ip=null | op=WRITE_CHUNK {blockData=conID: 2 locID: 102665038127301320 bcsId: 0} | ret=SUCCESS |  
2019-08-23 07:09:20,894 | INFO  | DNAudit | user=null | ip=null | op=WRITE_CHUNK {blockData=conID: 2 locID: 102665038127301320 bcsId: 0} | ret=SUCCESS |  
2019-08-23 07:09:20,895 | INFO  | DNAudit | user=null | ip=null | op=WRITE_CHUNK {blockData=conID: 2 locID: 102665038127301320 bcsId: 0} | ret=SUCCESS |  
2019-08-23 07:09:20,906 | INFO  | DNAudit | user=null | ip=null | op=WRITE_CHUNK {blockData=conID: 2 locID: 102665038127301320 bcsId: 0} | ret=SUCCESS |  
2019-08-23 07:09:20,906 | INFO  | DNAudit | user=null | ip=null | op=PUT_BLOCK {blockData=[blockId=conID: 2 locID: 102665038127301320 bcsId: 0,size=1048576]} | ret=SUCCESS |  
2019-08-23 07:09:20,907 | INFO  | DNAudit | user=null | ip=null | op=WRITE_CHUNK {blockData=conID: 2 locID: 102665038127301320 bcsId: 0} | ret=SUCCESS |  
2019-08-23 07:09:20,907 [grpc-default-executor-3] INFO  client.GrpcClientProtocolClient (GrpcClientProtocolClient.java:onNext(255)) - client-D91E5D1E15CE->f2ba01fc-a63e-4348-bd18-030b60a135e7: receive RaftClientReply:client-D91E5D1E15CE->f2ba01fc-a63e-4348-bd18-030b60a135e7@group-C8C62FEF0626, cid=3677, SUCCESS, logIndex=5557, commits[f2ba01fc-a63e-4348-bd18-030b60a135e7:c5559, eab135d4-a257-4705-b491-6c056b8c5df7:c5556, a4f67574-9018-43e7-8a54-351e98dc3d0a:c5556]
2019-08-23 07:09:20,907 | INFO  | DNAudit | user=null | ip=null | op=PUT_BLOCK {blockData=[blockId=conID: 2 locID: 102665038127301320 bcsId: 0,size=2097152]} | ret=SUCCESS |  
2019-08-23 07:09:20,907 [grpc-default-executor-3] INFO  client.GrpcClientProtocolClient (GrpcClientProtocolClient.java:onNext(255)) - client-D91E5D1E15CE->f2ba01fc-a63e-4348-bd18-030b60a135e7: receive RaftClientReply:client-D91E5D1E15CE->f2ba01fc-a63e-4348-bd18-030b60a135e7@group-C8C62FEF0626, cid=3678, SUCCESS, logIndex=5558, commits[f2ba01fc-a63e-4348-bd18-030b60a135e7:c5560, eab135d4-a257-4705-b491-6c056b8c5df7:c5556, a4f67574-9018-43e7-8a54-351e98dc3d0a:c5556]
2019-08-23 07:09:20,908 [grpc-default-executor-3] INFO  client.GrpcClientProtocolClient (GrpcClientProtocolClient.java:onNext(255)) - client-D91E5D1E15CE->f2ba01fc-a63e-4348-bd18-030b60a135e7: receive RaftClientReply:client-D91E5D1E15CE->f2ba01fc-a63e-4348-bd18-030b60a135e7@group-C8C62FEF0626, cid=3679, SUCCESS, logIndex=5559, commits[f2ba01fc-a63e-4348-bd18-030b60a135e7:c5560, eab135d4-a257-4705-b491-6c056b8c5df7:c5556, a4f67574-9018-43e7-8a54-351e98dc3d0a:c5556]
2019-08-23 07:09:20,908 [grpc-default-executor-3] INFO  client.GrpcClientProtocolClient (GrpcClientProtocolClient.java:onNext(255)) - client-D91E5D1E15CE->f2ba01fc-a63e-4348-bd18-030b60a135e7: receive RaftClientReply:client-D91E5D1E15CE->f2ba01fc-a63e-4348-bd18-030b60a135e7@group-C8C62FEF0626, cid=3680, SUCCESS, logIndex=5560, commits[f2ba01fc-a63e-4348-bd18-030b60a135e7:c5560, eab135d4-a257-4705-b491-6c056b8c5df7:c5556, a4f67574-9018-43e7-8a54-351e98dc3d0a:c5556]
2019-08-23 07:09:20,914 | INFO  | SCMAudit | user=jenkins1000 | ip=192.168.5.178 | op=SEND_HEARTBEAT {datanodeUUID=a4f67574-9018-43e7-8a54-351e98dc3d0a, command=[]} | ret=SUCCESS |  
2019-08-23 07:09:20,914 | INFO  | SCMAudit | user=jenkins1000 | ip=192.168.5.178 | op=SEND_HEARTBEAT {datanodeUUID=f2ba01fc-a63e-4348-bd18-030b60a135e7, command=[]} | ret=SUCCESS |  
2019-08-23 07:09:20,914 | INFO  | SCMAudit | user=jenkins1000 | ip=192.168.5.178 | op=SEND_HEARTBEAT {datanodeUUID=eab135d4-a257-4705-b491-6c056b8c5df7, command=[]} | ret=SUCCESS |  
2019-08-23 07:09:20,918 | INFO  | DNAudit | user=null | ip=null | op=WRITE_CHUNK {blockData=conID: 2 locID: 102665038127301320 bcsId: 0} | ret=SUCCESS |  
2019-08-23 07:09:20,918 | INFO  | DNAudit | user=null | ip=null | op=WRITE_CHUNK {blockData=conID: 2 locID: 102665038127301320 bcsId: 0} | ret=SUCCESS |  
2019-08-23 07:09:20,918 | INFO  | DNAudit | user=null | ip=null | op=PUT_BLOCK {blockData=[blockId=conID: 2 locID: 102665038127301320 bcsId: 0,size=1048576]} | ret=SUCCESS |  
2019-08-23 07:09:20,918 | INFO  | DNAudit | user=null | ip=null | op=WRITE_CHUNK {blockData=conID: 2 locID: 102665038127301320 bcsId: 0} | ret=SUCCESS |  
2019-08-23 07:09:20,919 | INFO  | DNAudit | user=null | ip=null | op=PUT_BLOCK {blockData=[blockId=conID: 2 locID: 102665038127301320 bcsId: 0,size=1048576]} | ret=SUCCESS |  
2019-08-23 07:09:20,919 | INFO  | DNAudit | user=null | ip=null | op=WRITE_CHUNK {blockData=conID: 2 locID: 102665038127301320 bcsId: 0} | ret=SUCCESS |  
2019-08-23 07:09:20,919 | INFO  | DNAudit | user=null | ip=null | op=PUT_BLOCK {blockData=[blockId=conID: 2 locID: 102665038127301320 bcsId: 0,size=2097152]} | ret=SUCCESS |  
2019-08-23 07:09:20,919 [grpc-default-executor-4] INFO  client.GrpcClientProtocolClient (GrpcClientProtocolClient.java:onNext(255)) - client-D91E5D1E15CE->f2ba01fc-a63e-4348-bd18-030b60a135e7: receive RaftClientReply:client-D91E5D1E15CE->f2ba01fc-a63e-4348-bd18-030b60a135e7@group-C8C62FEF0626, cid=3681, SUCCESS, logIndex=0, commits[f2ba01fc-a63e-4348-bd18-030b60a135e7:c5563, eab135d4-a257-4705-b491-6c056b8c5df7:c5559, a4f67574-9018-43e7-8a54-351e98dc3d0a:c5558]
2019-08-23 07:09:20,920 | INFO  | DNAudit | user=null | ip=null | op=PUT_BLOCK {blockData=[blockId=conID: 2 locID: 102665038127301320 bcsId: 0,size=2097152]} | ret=SUCCESS |  
2019-08-23 07:09:20,926 | INFO  | DNAudit | user=null | ip=null | op=WRITE_CHUNK {blockData=conID: 2 locID: 102665038127301320 bcsId: 5560} | ret=SUCCESS |  
2019-08-23 07:09:20,928 | INFO  | DNAudit | user=null | ip=null | op=WRITE_CHUNK {blockData=conID: 2 locID: 102665038127301320 bcsId: 5560} | ret=SUCCESS |  
2019-08-23 07:09:20,929 | INFO  | DNAudit | user=null | ip=null | op=WRITE_CHUNK {blockData=conID: 2 locID: 102665038127301320 bcsId: 5560} | ret=SUCCESS |  
2019-08-23 07:09:20,942 | INFO  | DNAudit | user=null | ip=null | op=WRITE_CHUNK {blockData=conID: 2 locID: 102665038127301320 bcsId: 5560} | ret=SUCCESS |  
2019-08-23 07:09:20,942 | INFO  | DNAudit | user=null | ip=null | op=PUT_BLOCK {blockData=[blockId=conID: 2 locID: 102665038127301320 bcsId: 0,size=3145728]} | ret=SUCCESS |  
2019-08-23 07:09:20,943 [grpc-default-executor-3] INFO  client.GrpcClientProtocolClient (GrpcClientProtocolClient.java:onNext(255)) - client-D91E5D1E15CE->f2ba01fc-a63e-4348-bd18-030b60a135e7: receive RaftClientReply:client-D91E5D1E15CE->f2ba01fc-a63e-4348-bd18-030b60a135e7@group-C8C62FEF0626, cid=3682, SUCCESS, logIndex=5565, commits[f2ba01fc-a63e-4348-bd18-030b60a135e7:c5566, eab135d4-a257-4705-b491-6c056b8c5df7:c5564, a4f67574-9018-43e7-8a54-351e98dc3d0a:c5564]
2019-08-23 07:09:20,943 [grpc-default-executor-3] INFO  client.GrpcClientProtocolClient (GrpcClientProtocolClient.java:onNext(255)) - client-D91E5D1E15CE->f2ba01fc-a63e-4348-bd18-030b60a135e7: receive RaftClientReply:client-D91E5D1E15CE->f2ba01fc-a63e-4348-bd18-030b60a135e7@group-C8C62FEF0626, cid=3683, SUCCESS, logIndex=5566, commits[f2ba01fc-a63e-4348-bd18-030b60a135e7:c5566, eab135d4-a257-4705-b491-6c056b8c5df7:c5564, a4f67574-9018-43e7-8a54-351e98dc3d0a:c5564]
2019-08-23 07:09:20,951 | INFO  | DNAudit | user=null | ip=null | op=WRITE_CHUNK {blockData=conID: 2 locID: 102665038127301320 bcsId: 5566} | ret=SUCCESS |  
2019-08-23 07:09:20,952 | INFO  | DNAudit | user=null | ip=null | op=WRITE_CHUNK {blockData=conID: 2 locID: 102665038127301320 bcsId: 5566} | ret=SUCCESS |  
2019-08-23 07:09:20,953 | INFO  | DNAudit | user=null | ip=null | op=WRITE_CHUNK {blockData=conID: 2 locID: 102665038127301320 bcsId: 5566} | ret=SUCCESS |  
2019-08-23 07:09:20,955 | INFO  | DNAudit | user=null | ip=null | op=WRITE_CHUNK {blockData=conID: 2 locID: 102665038127301320 bcsId: 5560} | ret=SUCCESS |  
2019-08-23 07:09:20,955 | INFO  | DNAudit | user=null | ip=null | op=WRITE_CHUNK {blockData=conID: 2 locID: 102665038127301320 bcsId: 5560} | ret=SUCCESS |  
2019-08-23 07:09:20,967 | INFO  | DNAudit | user=null | ip=null | op=PUT_BLOCK {blockData=[blockId=conID: 2 locID: 102665038127301320 bcsId: 0,size=3145728]} | ret=SUCCESS |  
2019-08-23 07:09:20,968 | INFO  | DNAudit | user=null | ip=null | op=PUT_BLOCK {blockData=[blockId=conID: 2 locID: 102665038127301320 bcsId: 0,size=3145728]} | ret=SUCCESS |  
2019-08-23 07:09:20,968 | INFO  | DNAudit | user=null | ip=null | op=WRITE_CHUNK {blockData=conID: 2 locID: 102665038127301320 bcsId: 5566} | ret=SUCCESS |  
2019-08-23 07:09:20,968 | INFO  | DNAudit | user=null | ip=null | op=PUT_BLOCK {blockData=[blockId=conID: 2 locID: 102665038127301320 bcsId: 0,size=4194304]} | ret=SUCCESS |  
2019-08-23 07:09:20,969 [grpc-default-executor-0] INFO  client.GrpcClientProtocolClient (GrpcClientProtocolClient.java:onNext(255)) - client-D91E5D1E15CE->f2ba01fc-a63e-4348-bd18-030b60a135e7: receive RaftClientReply:client-D91E5D1E15CE->f2ba01fc-a63e-4348-bd18-030b60a135e7@group-C8C62FEF0626, cid=3684, SUCCESS, logIndex=5569, commits[f2ba01fc-a63e-4348-bd18-030b60a135e7:c5570, eab135d4-a257-4705-b491-6c056b8c5df7:c5566, a4f67574-9018-43e7-8a54-351e98dc3d0a:c5566]
2019-08-23 07:09:20,969 [grpc-default-executor-0] INFO  client.GrpcClientProtocolClient (GrpcClientProtocolClient.java:onNext(255)) - client-D91E5D1E15CE->f2ba01fc-a63e-4348-bd18-030b60a135e7: receive RaftClientReply:client-D91E5D1E15CE->f2ba01fc-a63e-4348-bd18-030b60a135e7@group-C8C62FEF0626, cid=3685, SUCCESS, logIndex=5570, commits[f2ba01fc-a63e-4348-bd18-030b60a135e7:c5570, eab135d4-a257-4705-b491-6c056b8c5df7:c5566, a4f67574-9018-43e7-8a54-351e98dc3d0a:c5566]
2019-08-23 07:09:20,981 | INFO  | DNAudit | user=null | ip=null | op=WRITE_CHUNK {blockData=conID: 2 locID: 102665038127301320 bcsId: 5566} | ret=SUCCESS |  
2019-08-23 07:09:20,981 | INFO  | DNAudit | user=null | ip=null | op=WRITE_CHUNK {blockData=conID: 2 locID: 102665038127301320 bcsId: 5566} | ret=SUCCESS |  
2019-08-23 07:09:20,985 | INFO  | DNAudit | user=null | ip=null | op=PUT_BLOCK {blockData=[blockId=conID: 2 locID: 102665038127301320 bcsId: 0,size=4194304]} | ret=SUCCESS |  
2019-08-23 07:09:20,985 | INFO  | DNAudit | user=null | ip=null | op=PUT_BLOCK {blockData=[blockId=conID: 2 locID: 102665038127301320 bcsId: 0,size=4194304]} | ret=SUCCESS |  
2019-08-23 07:09:20,985 [grpc-default-executor-0] INFO  client.GrpcClientProtocolClient (GrpcClientProtocolClient.java:onNext(255)) - client-D91E5D1E15CE->f2ba01fc-a63e-4348-bd18-030b60a135e7: receive RaftClientReply:client-D91E5D1E15CE->f2ba01fc-a63e-4348-bd18-030b60a135e7@group-C8C62FEF0626, cid=3686, SUCCESS, logIndex=0, commits[f2ba01fc-a63e-4348-bd18-030b60a135e7:c5572, eab135d4-a257-4705-b491-6c056b8c5df7:c5570, a4f67574-9018-43e7-8a54-351e98dc3d0a:c5570]
2019-08-23 07:09:20,994 | INFO  | SCMAudit | user=jenkins1000 | ip=192.168.5.178 | op=ALLOCATE_BLOCK {owner=aaf04d22-10dd-4717-8862-c651bdde72cf, size=4194304, type=RATIS, factor=THREE} | ret=SUCCESS |  
2019-08-23 07:09:21,000 | INFO  | OMAudit | user=jenkins1000 | ip=127.0.0.1 | op=ALLOCATE_BLOCK {volume=vol-0-67663, bucket=bucket-0-68950, key=key-0-26970, dataSize=0, replicationType=null, replicationFactor=null, keyLocationInfo=null, clientID=102665036030476690} | ret=SUCCESS |  
2019-08-23 07:09:21,010 | INFO  | DNAudit | user=null | ip=null | op=WRITE_CHUNK {blockData=conID: 3 locID: 102665038134903497 bcsId: 0} | ret=SUCCESS |  
2019-08-23 07:09:21,012 | INFO  | DNAudit | user=null | ip=null | op=WRITE_CHUNK {blockData=conID: 3 locID: 102665038134903497 bcsId: 0} | ret=SUCCESS |  
2019-08-23 07:09:21,012 | INFO  | DNAudit | user=null | ip=null | op=WRITE_CHUNK {blockData=conID: 3 locID: 102665038134903497 bcsId: 0} | ret=SUCCESS |  
2019-08-23 07:09:21,013 | INFO  | DNAudit | user=null | ip=null | op=WRITE_CHUNK {blockData=conID: 3 locID: 102665038134903497 bcsId: 0} | ret=SUCCESS |  
2019-08-23 07:09:21,014 | INFO  | DNAudit | user=null | ip=null | op=WRITE_CHUNK {blockData=conID: 3 locID: 102665038134903497 bcsId: 0} | ret=SUCCESS |  
2019-08-23 07:09:21,014 | INFO  | DNAudit | user=null | ip=null | op=WRITE_CHUNK {blockData=conID: 3 locID: 102665038134903497 bcsId: 0} | ret=SUCCESS |  
2019-08-23 07:09:21,016 | INFO  | DNAudit | user=null | ip=null | op=WRITE_CHUNK {blockData=conID: 3 locID: 102665038134903497 bcsId: 0} | ret=SUCCESS |  
2019-08-23 07:09:21,016 | INFO  | DNAudit | user=null | ip=null | op=PUT_BLOCK {blockData=[blockId=conID: 3 locID: 102665038134903497 bcsId: 0,size=1048576]} | ret=SUCCESS |  
2019-08-23 07:09:21,016 [grpc-default-executor-4] INFO  client.GrpcClientProtocolClient (GrpcClientProtocolClient.java:onNext(255)) - client-D91E5D1E15CE->f2ba01fc-a63e-4348-bd18-030b60a135e7: receive RaftClientReply:client-D91E5D1E15CE->f2ba01fc-a63e-4348-bd18-030b60a135e7@group-C8C62FEF0626, cid=3687, SUCCESS, logIndex=5573, commits[f2ba01fc-a63e-4348-bd18-030b60a135e7:c5576, eab135d4-a257-4705-b491-6c056b8c5df7:c5572, a4f67574-9018-43e7-8a54-351e98dc3d0a:c5570]
2019-08-23 07:09:21,017 | INFO  | DNAudit | user=null | ip=null | op=WRITE_CHUNK {blockData=conID: 3 locID: 102665038134903497 bcsId: 0} | ret=SUCCESS |  
2019-08-23 07:09:21,017 [grpc-default-executor-4] INFO  client.GrpcClientProtocolClient (GrpcClientProtocolClient.java:onNext(255)) - client-D91E5D1E15CE->f2ba01fc-a63e-4348-bd18-030b60a135e7: receive RaftClientReply:client-D91E5D1E15CE->f2ba01fc-a63e-4348-bd18-030b60a135e7@group-C8C62FEF0626, cid=3688, SUCCESS, logIndex=5574, commits[f2ba01fc-a63e-4348-bd18-030b60a135e7:c5576, eab135d4-a257-4705-b491-6c056b8c5df7:c5572, a4f67574-9018-43e7-8a54-351e98dc3d0a:c5570]
2019-08-23 07:09:21,017 | INFO  | DNAudit | user=null | ip=null | op=PUT_BLOCK {blockData=[blockId=conID: 3 locID: 102665038134903497 bcsId: 0,size=2097152]} | ret=SUCCESS |  
2019-08-23 07:09:21,017 [grpc-default-executor-4] INFO  client.GrpcClientProtocolClient (GrpcClientProtocolClient.java:onNext(255)) - client-D91E5D1E15CE->f2ba01fc-a63e-4348-bd18-030b60a135e7: receive RaftClientReply:client-D91E5D1E15CE->f2ba01fc-a63e-4348-bd18-030b60a135e7@group-C8C62FEF0626, cid=3689, SUCCESS, logIndex=5575, commits[f2ba01fc-a63e-4348-bd18-030b60a135e7:c5576, eab135d4-a257-4705-b491-6c056b8c5df7:c5572, a4f67574-9018-43e7-8a54-351e98dc3d0a:c5570]
2019-08-23 07:09:21,018 [grpc-default-executor-0] INFO  client.GrpcClientProtocolClient (GrpcClientProtocolClient.java:onNext(255)) - client-D91E5D1E15CE->f2ba01fc-a63e-4348-bd18-030b60a135e7: receive RaftClientReply:client-D91E5D1E15CE->f2ba01fc-a63e-4348-bd18-030b60a135e7@group-C8C62FEF0626, cid=3690, SUCCESS, logIndex=5576, commits[f2ba01fc-a63e-4348-bd18-030b60a135e7:c5576, eab135d4-a257-4705-b491-6c056b8c5df7:c5572, a4f67574-9018-43e7-8a54-351e98dc3d0a:c5572]
2019-08-23 07:09:21,019 | INFO  | DNAudit | user=null | ip=null | op=WRITE_CHUNK {blockData=conID: 3 locID: 102665038134903497 bcsId: 0} | ret=SUCCESS |  
2019-08-23 07:09:21,019 | INFO  | DNAudit | user=null | ip=null | op=WRITE_CHUNK {blockData=conID: 3 locID: 102665038134903497 bcsId: 0} | ret=SUCCESS |  
2019-08-23 07:09:21,020 | INFO  | DNAudit | user=null | ip=null | op=PUT_BLOCK {blockData=[blockId=conID: 3 locID: 102665038134903497 bcsId: 0,size=1048576]} | ret=SUCCESS |  
2019-08-23 07:09:21,020 | INFO  | DNAudit | user=null | ip=null | op=PUT_BLOCK {blockData=[blockId=conID: 3 locID: 102665038134903497 bcsId: 0,size=1048576]} | ret=SUCCESS |  
2019-08-23 07:09:21,020 | INFO  | DNAudit | user=null | ip=null | op=WRITE_CHUNK {blockData=conID: 3 locID: 102665038134903497 bcsId: 0} | ret=SUCCESS |  
2019-08-23 07:09:21,020 | INFO  | DNAudit | user=null | ip=null | op=PUT_BLOCK {blockData=[blockId=conID: 3 locID: 102665038134903497 bcsId: 0,size=2097152]} | ret=SUCCESS |  
2019-08-23 07:09:21,020 [grpc-default-executor-4] INFO  client.GrpcClientProtocolClient (GrpcClientProtocolClient.java:onNext(255)) - client-D91E5D1E15CE->f2ba01fc-a63e-4348-bd18-030b60a135e7: receive RaftClientReply:client-D91E5D1E15CE->f2ba01fc-a63e-4348-bd18-030b60a135e7@group-C8C62FEF0626, cid=3691, SUCCESS, logIndex=0, commits[f2ba01fc-a63e-4348-bd18-030b60a135e7:c5577, eab135d4-a257-4705-b491-6c056b8c5df7:c5574, a4f67574-9018-43e7-8a54-351e98dc3d0a:c5574]
2019-08-23 07:09:21,021 | INFO  | DNAudit | user=null | ip=null | op=WRITE_CHUNK {blockData=conID: 3 locID: 102665038134903497 bcsId: 0} | ret=SUCCESS |  
2019-08-23 07:09:21,021 | INFO  | DNAudit | user=null | ip=null | op=PUT_BLOCK {blockData=[blockId=conID: 3 locID: 102665038134903497 bcsId: 0,size=2097152]} | ret=SUCCESS |  
2019-08-23 07:09:21,028 | INFO  | DNAudit | user=null | ip=null | op=WRITE_CHUNK {blockData=conID: 3 locID: 102665038134903497 bcsId: 5576} | ret=SUCCESS |  
2019-08-23 07:09:21,030 | INFO  | DNAudit | user=null | ip=null | op=WRITE_CHUNK {blockData=conID: 3 locID: 102665038134903497 bcsId: 5576} | ret=SUCCESS |  
2019-08-23 07:09:21,030 | INFO  | DNAudit | user=null | ip=null | op=WRITE_CHUNK {blockData=conID: 3 locID: 102665038134903497 bcsId: 5576} | ret=SUCCESS |  
2019-08-23 07:09:21,032 | INFO  | DNAudit | user=null | ip=null | op=WRITE_CHUNK {blockData=conID: 3 locID: 102665038134903497 bcsId: 5576} | ret=SUCCESS |  
2019-08-23 07:09:21,033 | INFO  | DNAudit | user=null | ip=null | op=PUT_BLOCK {blockData=[blockId=conID: 3 locID: 102665038134903497 bcsId: 0,size=3145728]} | ret=SUCCESS |  
2019-08-23 07:09:21,033 [grpc-default-executor-0] INFO  client.GrpcClientProtocolClient (GrpcClientProtocolClient.java:onNext(255)) - client-D91E5D1E15CE->f2ba01fc-a63e-4348-bd18-030b60a135e7: receive RaftClientReply:client-D91E5D1E15CE->f2ba01fc-a63e-4348-bd18-030b60a135e7@group-C8C62FEF0626, cid=3692, SUCCESS, logIndex=5581, commits[f2ba01fc-a63e-4348-bd18-030b60a135e7:c5582, eab135d4-a257-4705-b491-6c056b8c5df7:c5576, a4f67574-9018-43e7-8a54-351e98dc3d0a:c5580]
2019-08-23 07:09:21,033 [grpc-default-executor-0] INFO  client.GrpcClientProtocolClient (GrpcClientProtocolClient.java:onNext(255)) - client-D91E5D1E15CE->f2ba01fc-a63e-4348-bd18-030b60a135e7: receive RaftClientReply:client-D91E5D1E15CE->f2ba01fc-a63e-4348-bd18-030b60a135e7@group-C8C62FEF0626, cid=3693, SUCCESS, logIndex=5582, commits[f2ba01fc-a63e-4348-bd18-030b60a135e7:c5582, eab135d4-a257-4705-b491-6c056b8c5df7:c5580, a4f67574-9018-43e7-8a54-351e98dc3d0a:c5580]
2019-08-23 07:09:21,034 | INFO  | DNAudit | user=null | ip=null | op=WRITE_CHUNK {blockData=conID: 3 locID: 102665038134903497 bcsId: 5576} | ret=SUCCESS |  
2019-08-23 07:09:21,034 | INFO  | DNAudit | user=null | ip=null | op=WRITE_CHUNK {blockData=conID: 3 locID: 102665038134903497 bcsId: 5576} | ret=SUCCESS |  
2019-08-23 07:09:21,034 | INFO  | DNAudit | user=null | ip=null | op=PUT_BLOCK {blockData=[blockId=conID: 3 locID: 102665038134903497 bcsId: 0,size=3145728]} | ret=SUCCESS |  
2019-08-23 07:09:21,034 | INFO  | DNAudit | user=null | ip=null | op=PUT_BLOCK {blockData=[blockId=conID: 3 locID: 102665038134903497 bcsId: 0,size=3145728]} | ret=SUCCESS |  
2019-08-23 07:09:21,041 | INFO  | DNAudit | user=null | ip=null | op=WRITE_CHUNK {blockData=conID: 3 locID: 102665038134903497 bcsId: 5582} | ret=SUCCESS |  
2019-08-23 07:09:21,043 | INFO  | DNAudit | user=null | ip=null | op=WRITE_CHUNK {blockData=conID: 3 locID: 102665038134903497 bcsId: 5582} | ret=SUCCESS |  
2019-08-23 07:09:21,043 | INFO  | DNAudit | user=null | ip=null | op=WRITE_CHUNK {blockData=conID: 3 locID: 102665038134903497 bcsId: 5582} | ret=SUCCESS |  
2019-08-23 07:09:21,045 | INFO  | DNAudit | user=null | ip=null | op=WRITE_CHUNK {blockData=conID: 3 locID: 102665038134903497 bcsId: 5582} | ret=SUCCESS |  
2019-08-23 07:09:21,046 | INFO  | DNAudit | user=null | ip=null | op=PUT_BLOCK {blockData=[blockId=conID: 3 locID: 102665038134903497 bcsId: 0,size=4194304]} | ret=SUCCESS |  
2019-08-23 07:09:21,046 [grpc-default-executor-4] INFO  client.GrpcClientProtocolClient (GrpcClientProtocolClient.java:onNext(255)) - client-D91E5D1E15CE->f2ba01fc-a63e-4348-bd18-030b60a135e7: receive RaftClientReply:client-D91E5D1E15CE->f2ba01fc-a63e-4348-bd18-030b60a135e7@group-C8C62FEF0626, cid=3694, SUCCESS, logIndex=5585, commits[f2ba01fc-a63e-4348-bd18-030b60a135e7:c5586, eab135d4-a257-4705-b491-6c056b8c5df7:c5582, a4f67574-9018-43e7-8a54-351e98dc3d0a:c5584]
2019-08-23 07:09:21,046 [grpc-default-executor-4] INFO  client.GrpcClientProtocolClient (GrpcClientProtocolClient.java:onNext(255)) - client-D91E5D1E15CE->f2ba01fc-a63e-4348-bd18-030b60a135e7: receive RaftClientReply:client-D91E5D1E15CE->f2ba01fc-a63e-4348-bd18-030b60a135e7@group-C8C62FEF0626, cid=3695, SUCCESS, logIndex=5586, commits[f2ba01fc-a63e-4348-bd18-030b60a135e7:c5586, eab135d4-a257-4705-b491-6c056b8c5df7:c5584, a4f67574-9018-43e7-8a54-351e98dc3d0a:c5584]
2019-08-23 07:09:21,048 | INFO  | DNAudit | user=null | ip=null | op=WRITE_CHUNK {blockData=conID: 3 locID: 102665038134903497 bcsId: 5582} | ret=SUCCESS |  
2019-08-23 07:09:21,048 | INFO  | DNAudit | user=null | ip=null | op=WRITE_CHUNK {blockData=conID: 3 locID: 102665038134903497 bcsId: 5582} | ret=SUCCESS |  
2019-08-23 07:09:21,048 | INFO  | DNAudit | user=null | ip=null | op=PUT_BLOCK {blockData=[blockId=conID: 3 locID: 102665038134903497 bcsId: 0,size=4194304]} | ret=SUCCESS |  
2019-08-23 07:09:21,048 | INFO  | DNAudit | user=null | ip=null | op=PUT_BLOCK {blockData=[blockId=conID: 3 locID: 102665038134903497 bcsId: 0,size=4194304]} | ret=SUCCESS |  
2019-08-23 07:09:21,049 [grpc-default-executor-4] INFO  client.GrpcClientProtocolClient (GrpcClientProtocolClient.java:onNext(255)) - client-D91E5D1E15CE->f2ba01fc-a63e-4348-bd18-030b60a135e7: receive RaftClientReply:client-D91E5D1E15CE->f2ba01fc-a63e-4348-bd18-030b60a135e7@group-C8C62FEF0626, cid=3696, SUCCESS, logIndex=0, commits[f2ba01fc-a63e-4348-bd18-030b60a135e7:c5587, eab135d4-a257-4705-b491-6c056b8c5df7:c5586, a4f67574-9018-43e7-8a54-351e98dc3d0a:c5586]
2019-08-23 07:09:21,054 | INFO  | SCMAudit | user=jenkins1000 | ip=192.168.5.178 | op=ALLOCATE_BLOCK {owner=aaf04d22-10dd-4717-8862-c651bdde72cf, size=4194304, type=RATIS, factor=THREE} | ret=SUCCESS |  
2019-08-23 07:09:21,059 | INFO  | OMAudit | user=jenkins1000 | ip=127.0.0.1 | op=ALLOCATE_BLOCK {volume=vol-0-67663, bucket=bucket-0-68950, key=key-0-26970, dataSize=0, replicationType=null, replicationFactor=null, keyLocationInfo=null, clientID=102665036030476690} | ret=SUCCESS |  
2019-08-23 07:09:21,066 | INFO  | DNAudit | user=null | ip=null | op=WRITE_CHUNK {blockData=conID: 1 locID: 102665038138835658 bcsId: 0} | ret=SUCCESS |  
2019-08-23 07:09:21,069 | INFO  | DNAudit | user=null | ip=null | op=WRITE_CHUNK {blockData=conID: 1 locID: 102665038138835658 bcsId: 0} | ret=SUCCESS |  
2019-08-23 07:09:21,069 | INFO  | DNAudit | user=null | ip=null | op=WRITE_CHUNK {blockData=conID: 1 locID: 102665038138835658 bcsId: 0} | ret=SUCCESS |  
2019-08-23 07:09:21,070 | INFO  | DNAudit | user=null | ip=null | op=WRITE_CHUNK {blockData=conID: 1 locID: 102665038138835658 bcsId: 0} | ret=SUCCESS |  
2019-08-23 07:09:21,070 | INFO  | DNAudit | user=null | ip=null | op=WRITE_CHUNK {blockData=conID: 1 locID: 102665038138835658 bcsId: 0} | ret=SUCCESS |  
2019-08-23 07:09:21,071 | INFO  | DNAudit | user=null | ip=null | op=WRITE_CHUNK {blockData=conID: 1 locID: 102665038138835658 bcsId: 0} | ret=SUCCESS |  
2019-08-23 07:09:21,102 | INFO  | DNAudit | user=null | ip=null | op=WRITE_CHUNK {blockData=conID: 1 locID: 102665038138835658 bcsId: 0} | ret=SUCCESS |  
2019-08-23 07:09:21,103 | INFO  | DNAudit | user=null | ip=null | op=PUT_BLOCK {blockData=[blockId=conID: 1 locID: 102665038138835658 bcsId: 0,size=1048576]} | ret=SUCCESS |  
2019-08-23 07:09:21,103 [grpc-default-executor-6] INFO  client.GrpcClientProtocolClient (GrpcClientProtocolClient.java:onNext(255)) - client-D91E5D1E15CE->f2ba01fc-a63e-4348-bd18-030b60a135e7: receive RaftClientReply:client-D91E5D1E15CE->f2ba01fc-a63e-4348-bd18-030b60a135e7@group-C8C62FEF0626, cid=3697, SUCCESS, logIndex=5589, commits[f2ba01fc-a63e-4348-bd18-030b60a135e7:c5592, eab135d4-a257-4705-b491-6c056b8c5df7:c5588, a4f67574-9018-43e7-8a54-351e98dc3d0a:c5586]
2019-08-23 07:09:21,104 | INFO  | DNAudit | user=null | ip=null | op=WRITE_CHUNK {blockData=conID: 1 locID: 102665038138835658 bcsId: 0} | ret=SUCCESS |  
2019-08-23 07:09:21,104 [grpc-default-executor-6] INFO  client.GrpcClientProtocolClient (GrpcClientProtocolClient.java:onNext(255)) - client-D91E5D1E15CE->f2ba01fc-a63e-4348-bd18-030b60a135e7: receive RaftClientReply:client-D91E5D1E15CE->f2ba01fc-a63e-4348-bd18-030b60a135e7@group-C8C62FEF0626, cid=3698, SUCCESS, logIndex=5590, commits[f2ba01fc-a63e-4348-bd18-030b60a135e7:c5592, eab135d4-a257-4705-b491-6c056b8c5df7:c5588, a4f67574-9018-43e7-8a54-351e98dc3d0a:c5588]
2019-08-23 07:09:21,104 | INFO  | DNAudit | user=null | ip=null | op=PUT_BLOCK {blockData=[blockId=conID: 1 locID: 102665038138835658 bcsId: 0,size=2097152]} | ret=SUCCESS |  
2019-08-23 07:09:21,104 | INFO  | DNAudit | user=null | ip=null | op=WRITE_CHUNK {blockData=conID: 1 locID: 102665038138835658 bcsId: 0} | ret=SUCCESS |  
2019-08-23 07:09:21,104 [grpc-default-executor-6] INFO  client.GrpcClientProtocolClient (GrpcClientProtocolClient.java:onNext(255)) - client-D91E5D1E15CE->f2ba01fc-a63e-4348-bd18-030b60a135e7: receive RaftClientReply:client-D91E5D1E15CE->f2ba01fc-a63e-4348-bd18-030b60a135e7@group-C8C62FEF0626, cid=3699, SUCCESS, logIndex=5591, commits[f2ba01fc-a63e-4348-bd18-030b60a135e7:c5592, eab135d4-a257-4705-b491-6c056b8c5df7:c5588, a4f67574-9018-43e7-8a54-351e98dc3d0a:c5588]
2019-08-23 07:09:21,105 [grpc-default-executor-6] INFO  client.GrpcClientProtocolClient (GrpcClientProtocolClient.java:onNext(255)) - client-D91E5D1E15CE->f2ba01fc-a63e-4348-bd18-030b60a135e7: receive RaftClientReply:client-D91E5D1E15CE->f2ba01fc-a63e-4348-bd18-030b60a135e7@group-C8C62FEF0626, cid=3700, SUCCESS, logIndex=5592, commits[f2ba01fc-a63e-4348-bd18-030b60a135e7:c5593, eab135d4-a257-4705-b491-6c056b8c5df7:c5589, a4f67574-9018-43e7-8a54-351e98dc3d0a:c5588]
2019-08-23 07:09:21,106 | INFO  | DNAudit | user=null | ip=null | op=WRITE_CHUNK {blockData=conID: 1 locID: 102665038138835658 bcsId: 0} | ret=SUCCESS |  
2019-08-23 07:09:21,106 | INFO  | DNAudit | user=null | ip=null | op=PUT_BLOCK {blockData=[blockId=conID: 1 locID: 102665038138835658 bcsId: 0,size=1048576]} | ret=SUCCESS |  
2019-08-23 07:09:21,106 | INFO  | DNAudit | user=null | ip=null | op=WRITE_CHUNK {blockData=conID: 1 locID: 102665038138835658 bcsId: 0} | ret=SUCCESS |  
2019-08-23 07:09:21,107 | INFO  | DNAudit | user=null | ip=null | op=PUT_BLOCK {blockData=[blockId=conID: 1 locID: 102665038138835658 bcsId: 0,size=2097152]} | ret=SUCCESS |  
2019-08-23 07:09:21,117 | INFO  | DNAudit | user=null | ip=null | op=PUT_BLOCK {blockData=[blockId=conID: 1 locID: 102665038138835658 bcsId: 0,size=1048576]} | ret=SUCCESS |  
2019-08-23 07:09:21,117 | INFO  | DNAudit | user=null | ip=null | op=WRITE_CHUNK {blockData=conID: 1 locID: 102665038138835658 bcsId: 0} | ret=SUCCESS |  
2019-08-23 07:09:21,118 | INFO  | DNAudit | user=null | ip=null | op=PUT_BLOCK {blockData=[blockId=conID: 1 locID: 102665038138835658 bcsId: 0,size=2097152]} | ret=SUCCESS |  
2019-08-23 07:09:21,118 [grpc-default-executor-6] INFO  client.GrpcClientProtocolClient (GrpcClientProtocolClient.java:onNext(255)) - client-D91E5D1E15CE->f2ba01fc-a63e-4348-bd18-030b60a135e7: receive RaftClientReply:client-D91E5D1E15CE->f2ba01fc-a63e-4348-bd18-030b60a135e7@group-C8C62FEF0626, cid=3701, SUCCESS, logIndex=0, commits[f2ba01fc-a63e-4348-bd18-030b60a135e7:c5596, eab135d4-a257-4705-b491-6c056b8c5df7:c5590, a4f67574-9018-43e7-8a54-351e98dc3d0a:c5592]
2019-08-23 07:09:21,126 | INFO  | DNAudit | user=null | ip=null | op=WRITE_CHUNK {blockData=conID: 1 locID: 102665038138835658 bcsId: 5592} | ret=SUCCESS |  
2019-08-23 07:09:21,129 | INFO  | DNAudit | user=null | ip=null | op=WRITE_CHUNK {blockData=conID: 1 locID: 102665038138835658 bcsId: 5592} | ret=SUCCESS |  
2019-08-23 07:09:21,129 | INFO  | DNAudit | user=null | ip=null | op=WRITE_CHUNK {blockData=conID: 1 locID: 102665038138835658 bcsId: 5592} | ret=SUCCESS |  
2019-08-23 07:09:21,139 | INFO  | DNAudit | user=null | ip=null | op=WRITE_CHUNK {blockData=conID: 1 locID: 102665038138835658 bcsId: 5592} | ret=SUCCESS |  
2019-08-23 07:09:21,139 | INFO  | DNAudit | user=null | ip=null | op=PUT_BLOCK {blockData=[blockId=conID: 1 locID: 102665038138835658 bcsId: 0,size=3145728]} | ret=SUCCESS |  
2019-08-23 07:09:21,140 [grpc-default-executor-4] INFO  client.GrpcClientProtocolClient (GrpcClientProtocolClient.java:onNext(255)) - client-D91E5D1E15CE->f2ba01fc-a63e-4348-bd18-030b60a135e7: receive RaftClientReply:client-D91E5D1E15CE->f2ba01fc-a63e-4348-bd18-030b60a135e7@group-C8C62FEF0626, cid=3702, SUCCESS, logIndex=5597, commits[f2ba01fc-a63e-4348-bd18-030b60a135e7:c5597, eab135d4-a257-4705-b491-6c056b8c5df7:c5596, a4f67574-9018-43e7-8a54-351e98dc3d0a:c5596]
2019-08-23 07:09:21,140 [grpc-default-executor-4] INFO  client.GrpcClientProtocolClient (GrpcClientProtocolClient.java:onNext(255)) - client-D91E5D1E15CE->f2ba01fc-a63e-4348-bd18-030b60a135e7: receive RaftClientReply:client-D91E5D1E15CE->f2ba01fc-a63e-4348-bd18-030b60a135e7@group-C8C62FEF0626, cid=3703, SUCCESS, logIndex=5598, commits[f2ba01fc-a63e-4348-bd18-030b60a135e7:c5598, eab135d4-a257-4705-b491-6c056b8c5df7:c5596, a4f67574-9018-43e7-8a54-351e98dc3d0a:c5596]
2019-08-23 07:09:21,148 | INFO  | DNAudit | user=null | ip=null | op=WRITE_CHUNK {blockData=conID: 1 locID: 102665038138835658 bcsId: 5598} | ret=SUCCESS |  
2019-08-23 07:09:21,151 | INFO  | DNAudit | user=null | ip=null | op=WRITE_CHUNK {blockData=conID: 1 locID: 102665038138835658 bcsId: 5598} | ret=SUCCESS |  
2019-08-23 07:09:21,151 | INFO  | DNAudit | user=null | ip=null | op=WRITE_CHUNK {blockData=conID: 1 locID: 102665038138835658 bcsId: 5598} | ret=SUCCESS |  
2019-08-23 07:09:21,152 | INFO  | DNAudit | user=null | ip=null | op=WRITE_CHUNK {blockData=conID: 1 locID: 102665038138835658 bcsId: 5592} | ret=SUCCESS |  
2019-08-23 07:09:21,152 | INFO  | DNAudit | user=null | ip=null | op=WRITE_CHUNK {blockData=conID: 1 locID: 102665038138835658 bcsId: 5592} | ret=SUCCESS |  
2019-08-23 07:09:21,165 | INFO  | DNAudit | user=null | ip=null | op=PUT_BLOCK {blockData=[blockId=conID: 1 locID: 102665038138835658 bcsId: 0,size=3145728]} | ret=SUCCESS |  
2019-08-23 07:09:21,165 | INFO  | DNAudit | user=null | ip=null | op=PUT_BLOCK {blockData=[blockId=conID: 1 locID: 102665038138835658 bcsId: 0,size=3145728]} | ret=SUCCESS |  
2019-08-23 07:09:21,165 | INFO  | DNAudit | user=null | ip=null | op=WRITE_CHUNK {blockData=conID: 1 locID: 102665038138835658 bcsId: 5598} | ret=SUCCESS |  
2019-08-23 07:09:21,166 | INFO  | DNAudit | user=null | ip=null | op=PUT_BLOCK {blockData=[blockId=conID: 1 locID: 102665038138835658 bcsId: 0,size=4194304]} | ret=SUCCESS |  
2019-08-23 07:09:21,166 [grpc-default-executor-6] INFO  client.GrpcClientProtocolClient (GrpcClientProtocolClient.java:onNext(255)) - client-D91E5D1E15CE->f2ba01fc-a63e-4348-bd18-030b60a135e7: receive RaftClientReply:client-D91E5D1E15CE->f2ba01fc-a63e-4348-bd18-030b60a135e7@group-C8C62FEF0626, cid=3704, SUCCESS, logIndex=5601, commits[f2ba01fc-a63e-4348-bd18-030b60a135e7:c5602, eab135d4-a257-4705-b491-6c056b8c5df7:c5598, a4f67574-9018-43e7-8a54-351e98dc3d0a:c5598]
2019-08-23 07:09:21,167 [grpc-default-executor-6] INFO  client.GrpcClientProtocolClient (GrpcClientProtocolClient.java:onNext(255)) - client-D91E5D1E15CE->f2ba01fc-a63e-4348-bd18-030b60a135e7: receive RaftClientReply:client-D91E5D1E15CE->f2ba01fc-a63e-4348-bd18-030b60a135e7@group-C8C62FEF0626, cid=3705, SUCCESS, logIndex=5602, commits[f2ba01fc-a63e-4348-bd18-030b60a135e7:c5602, eab135d4-a257-4705-b491-6c056b8c5df7:c5598, a4f67574-9018-43e7-8a54-351e98dc3d0a:c5598]
2019-08-23 07:09:21,178 | INFO  | DNAudit | user=null | ip=null | op=WRITE_CHUNK {blockData=conID: 1 locID: 102665038138835658 bcsId: 5598} | ret=SUCCESS |  
2019-08-23 07:09:21,179 | INFO  | DNAudit | user=null | ip=null | op=PUT_BLOCK {blockData=[blockId=conID: 1 locID: 102665038138835658 bcsId: 0,size=4194304]} | ret=SUCCESS |  
2019-08-23 07:09:21,179 | INFO  | DNAudit | user=null | ip=null | op=WRITE_CHUNK {blockData=conID: 1 locID: 102665038138835658 bcsId: 5598} | ret=SUCCESS |  
2019-08-23 07:09:21,179 | INFO  | DNAudit | user=null | ip=null | op=PUT_BLOCK {blockData=[blockId=conID: 1 locID: 102665038138835658 bcsId: 0,size=4194304]} | ret=SUCCESS |  
2019-08-23 07:09:21,179 [grpc-default-executor-6] INFO  client.GrpcClientProtocolClient (GrpcClientProtocolClient.java:onNext(255)) - client-D91E5D1E15CE->f2ba01fc-a63e-4348-bd18-030b60a135e7: receive RaftClientReply:client-D91E5D1E15CE->f2ba01fc-a63e-4348-bd18-030b60a135e7@group-C8C62FEF0626, cid=3706, SUCCESS, logIndex=0, commits[f2ba01fc-a63e-4348-bd18-030b60a135e7:c5603, eab135d4-a257-4705-b491-6c056b8c5df7:c5602, a4f67574-9018-43e7-8a54-351e98dc3d0a:c5602]
2019-08-23 07:09:21,189 | INFO  | SCMAudit | user=jenkins1000 | ip=192.168.5.178 | op=ALLOCATE_BLOCK {owner=aaf04d22-10dd-4717-8862-c651bdde72cf, size=4194304, type=RATIS, factor=THREE} | ret=SUCCESS |  
2019-08-23 07:09:21,196 | INFO  | OMAudit | user=jenkins1000 | ip=127.0.0.1 | op=ALLOCATE_BLOCK {volume=vol-0-67663, bucket=bucket-0-68950, key=key-0-26970, dataSize=0, replicationType=null, replicationFactor=null, keyLocationInfo=null, clientID=102665036030476690} | ret=SUCCESS |  
2019-08-23 07:09:21,205 | INFO  | DNAudit | user=null | ip=null | op=WRITE_CHUNK {blockData=conID: 2 locID: 102665038147683019 bcsId: 0} | ret=SUCCESS |  
2019-08-23 07:09:21,207 | INFO  | DNAudit | user=null | ip=null | op=WRITE_CHUNK {blockData=conID: 2 locID: 102665038147683019 bcsId: 0} | ret=SUCCESS |  
2019-08-23 07:09:21,209 | INFO  | DNAudit | user=null | ip=null | op=WRITE_CHUNK {blockData=conID: 2 locID: 102665038147683019 bcsId: 0} | ret=SUCCESS |  
2019-08-23 07:09:21,209 | INFO  | DNAudit | user=null | ip=null | op=WRITE_CHUNK {blockData=conID: 2 locID: 102665038147683019 bcsId: 0} | ret=SUCCESS |  
2019-08-23 07:09:21,210 | INFO  | DNAudit | user=null | ip=null | op=WRITE_CHUNK {blockData=conID: 2 locID: 102665038147683019 bcsId: 0} | ret=SUCCESS |  
2019-08-23 07:09:21,211 | INFO  | DNAudit | user=null | ip=null | op=WRITE_CHUNK {blockData=conID: 2 locID: 102665038147683019 bcsId: 0} | ret=SUCCESS |  
2019-08-23 07:09:21,221 | INFO  | DNAudit | user=null | ip=null | op=WRITE_CHUNK {blockData=conID: 2 locID: 102665038147683019 bcsId: 0} | ret=SUCCESS |  
2019-08-23 07:09:21,222 | INFO  | DNAudit | user=null | ip=null | op=PUT_BLOCK {blockData=[blockId=conID: 2 locID: 102665038147683019 bcsId: 0,size=1048576]} | ret=SUCCESS |  
2019-08-23 07:09:21,222 | INFO  | DNAudit | user=null | ip=null | op=WRITE_CHUNK {blockData=conID: 2 locID: 102665038147683019 bcsId: 0} | ret=SUCCESS |  
2019-08-23 07:09:21,222 [grpc-default-executor-4] INFO  client.GrpcClientProtocolClient (GrpcClientProtocolClient.java:onNext(255)) - client-D91E5D1E15CE->f2ba01fc-a63e-4348-bd18-030b60a135e7: receive RaftClientReply:client-D91E5D1E15CE->f2ba01fc-a63e-4348-bd18-030b60a135e7@group-C8C62FEF0626, cid=3707, SUCCESS, logIndex=5605, commits[f2ba01fc-a63e-4348-bd18-030b60a135e7:c5607, eab135d4-a257-4705-b491-6c056b8c5df7:c5604, a4f67574-9018-43e7-8a54-351e98dc3d0a:c5604]
2019-08-23 07:09:21,223 | INFO  | DNAudit | user=null | ip=null | op=PUT_BLOCK {blockData=[blockId=conID: 2 locID: 102665038147683019 bcsId: 0,size=2097152]} | ret=SUCCESS |  
2019-08-23 07:09:21,223 [grpc-default-executor-4] INFO  client.GrpcClientProtocolClient (GrpcClientProtocolClient.java:onNext(255)) - client-D91E5D1E15CE->f2ba01fc-a63e-4348-bd18-030b60a135e7: receive RaftClientReply:client-D91E5D1E15CE->f2ba01fc-a63e-4348-bd18-030b60a135e7@group-C8C62FEF0626, cid=3708, SUCCESS, logIndex=5606, commits[f2ba01fc-a63e-4348-bd18-030b60a135e7:c5608, eab135d4-a257-4705-b491-6c056b8c5df7:c5604, a4f67574-9018-43e7-8a54-351e98dc3d0a:c5604]
2019-08-23 07:09:21,223 [grpc-default-executor-4] INFO  client.GrpcClientProtocolClient (GrpcClientProtocolClient.java:onNext(255)) - client-D91E5D1E15CE->f2ba01fc-a63e-4348-bd18-030b60a135e7: receive RaftClientReply:client-D91E5D1E15CE->f2ba01fc-a63e-4348-bd18-030b60a135e7@group-C8C62FEF0626, cid=3709, SUCCESS, logIndex=5607, commits[f2ba01fc-a63e-4348-bd18-030b60a135e7:c5608, eab135d4-a257-4705-b491-6c056b8c5df7:c5604, a4f67574-9018-43e7-8a54-351e98dc3d0a:c5604]
2019-08-23 07:09:21,224 [grpc-default-executor-4] INFO  client.GrpcClientProtocolClient (GrpcClientProtocolClient.java:onNext(255)) - client-D91E5D1E15CE->f2ba01fc-a63e-4348-bd18-030b60a135e7: receive RaftClientReply:client-D91E5D1E15CE->f2ba01fc-a63e-4348-bd18-030b60a135e7@group-C8C62FEF0626, cid=3710, SUCCESS, logIndex=5608, commits[f2ba01fc-a63e-4348-bd18-030b60a135e7:c5608, eab135d4-a257-4705-b491-6c056b8c5df7:c5604, a4f67574-9018-43e7-8a54-351e98dc3d0a:c5604]
2019-08-23 07:09:21,234 | INFO  | DNAudit | user=null | ip=null | op=WRITE_CHUNK {blockData=conID: 2 locID: 102665038147683019 bcsId: 0} | ret=SUCCESS |  
2019-08-23 07:09:21,234 | INFO  | DNAudit | user=null | ip=null | op=WRITE_CHUNK {blockData=conID: 2 locID: 102665038147683019 bcsId: 0} | ret=SUCCESS |  
2019-08-23 07:09:21,234 | INFO  | DNAudit | user=null | ip=null | op=PUT_BLOCK {blockData=[blockId=conID: 2 locID: 102665038147683019 bcsId: 0,size=1048576]} | ret=SUCCESS |  
2019-08-23 07:09:21,235 | INFO  | DNAudit | user=null | ip=null | op=WRITE_CHUNK {blockData=conID: 2 locID: 102665038147683019 bcsId: 0} | ret=SUCCESS |  
2019-08-23 07:09:21,247 | INFO  | DNAudit | user=null | ip=null | op=PUT_BLOCK {blockData=[blockId=conID: 2 locID: 102665038147683019 bcsId: 0,size=1048576]} | ret=SUCCESS |  
2019-08-23 07:09:21,247 | INFO  | DNAudit | user=null | ip=null | op=PUT_BLOCK {blockData=[blockId=conID: 2 locID: 102665038147683019 bcsId: 0,size=2097152]} | ret=SUCCESS |  
2019-08-23 07:09:21,247 | INFO  | DNAudit | user=null | ip=null | op=WRITE_CHUNK {blockData=conID: 2 locID: 102665038147683019 bcsId: 0} | ret=SUCCESS |  
2019-08-23 07:09:21,248 | INFO  | DNAudit | user=null | ip=null | op=PUT_BLOCK {blockData=[blockId=conID: 2 locID: 102665038147683019 bcsId: 0,size=2097152]} | ret=SUCCESS |  
2019-08-23 07:09:21,248 [grpc-default-executor-4] INFO  client.GrpcClientProtocolClient (GrpcClientProtocolClient.java:onNext(255)) - client-D91E5D1E15CE->f2ba01fc-a63e-4348-bd18-030b60a135e7: receive RaftClientReply:client-D91E5D1E15CE->f2ba01fc-a63e-4348-bd18-030b60a135e7@group-C8C62FEF0626, cid=3711, SUCCESS, logIndex=0, commits[f2ba01fc-a63e-4348-bd18-030b60a135e7:c5611, eab135d4-a257-4705-b491-6c056b8c5df7:c5607, a4f67574-9018-43e7-8a54-351e98dc3d0a:c5606]
2019-08-23 07:09:21,256 | INFO  | DNAudit | user=null | ip=null | op=WRITE_CHUNK {blockData=conID: 2 locID: 102665038147683019 bcsId: 5608} | ret=SUCCESS |  
2019-08-23 07:09:21,259 | INFO  | DNAudit | user=null | ip=null | op=WRITE_CHUNK {blockData=conID: 2 locID: 102665038147683019 bcsId: 5608} | ret=SUCCESS |  
2019-08-23 07:09:21,259 | INFO  | DNAudit | user=null | ip=null | op=WRITE_CHUNK {blockData=conID: 2 locID: 102665038147683019 bcsId: 5608} | ret=SUCCESS |  
2019-08-23 07:09:21,278 | INFO  | DNAudit | user=null | ip=null | op=WRITE_CHUNK {blockData=conID: 2 locID: 102665038147683019 bcsId: 5608} | ret=SUCCESS |  
2019-08-23 07:09:21,278 | INFO  | DNAudit | user=null | ip=null | op=PUT_BLOCK {blockData=[blockId=conID: 2 locID: 102665038147683019 bcsId: 0,size=3145728]} | ret=SUCCESS |  
2019-08-23 07:09:21,278 [grpc-default-executor-3] INFO  client.GrpcClientProtocolClient (GrpcClientProtocolClient.java:onNext(255)) - client-D91E5D1E15CE->f2ba01fc-a63e-4348-bd18-030b60a135e7: receive RaftClientReply:client-D91E5D1E15CE->f2ba01fc-a63e-4348-bd18-030b60a135e7@group-C8C62FEF0626, cid=3712, SUCCESS, logIndex=5613, commits[f2ba01fc-a63e-4348-bd18-030b60a135e7:c5614, eab135d4-a257-4705-b491-6c056b8c5df7:c5612, a4f67574-9018-43e7-8a54-351e98dc3d0a:c5612]
2019-08-23 07:09:21,279 [grpc-default-executor-3] INFO  client.GrpcClientProtocolClient (GrpcClientProtocolClient.java:onNext(255)) - client-D91E5D1E15CE->f2ba01fc-a63e-4348-bd18-030b60a135e7: receive RaftClientReply:client-D91E5D1E15CE->f2ba01fc-a63e-4348-bd18-030b60a135e7@group-C8C62FEF0626, cid=3713, SUCCESS, logIndex=5614, commits[f2ba01fc-a63e-4348-bd18-030b60a135e7:c5614, eab135d4-a257-4705-b491-6c056b8c5df7:c5612, a4f67574-9018-43e7-8a54-351e98dc3d0a:c5612]
2019-08-23 07:09:21,286 | INFO  | DNAudit | user=null | ip=null | op=WRITE_CHUNK {blockData=conID: 2 locID: 102665038147683019 bcsId: 5614} | ret=SUCCESS |  
2019-08-23 07:09:21,288 | INFO  | DNAudit | user=null | ip=null | op=WRITE_CHUNK {blockData=conID: 2 locID: 102665038147683019 bcsId: 5608} | ret=SUCCESS |  
2019-08-23 07:09:21,288 | INFO  | DNAudit | user=null | ip=null | op=WRITE_CHUNK {blockData=conID: 2 locID: 102665038147683019 bcsId: 5608} | ret=SUCCESS |  
2019-08-23 07:09:21,288 | INFO  | DNAudit | user=null | ip=null | op=PUT_BLOCK {blockData=[blockId=conID: 2 locID: 102665038147683019 bcsId: 0,size=3145728]} | ret=SUCCESS |  
2019-08-23 07:09:21,288 | INFO  | DNAudit | user=null | ip=null | op=PUT_BLOCK {blockData=[blockId=conID: 2 locID: 102665038147683019 bcsId: 0,size=3145728]} | ret=SUCCESS |  
2019-08-23 07:09:21,290 | INFO  | DNAudit | user=null | ip=null | op=WRITE_CHUNK {blockData=conID: 2 locID: 102665038147683019 bcsId: 5614} | ret=SUCCESS |  
2019-08-23 07:09:21,290 | INFO  | DNAudit | user=null | ip=null | op=WRITE_CHUNK {blockData=conID: 2 locID: 102665038147683019 bcsId: 5614} | ret=SUCCESS |  
2019-08-23 07:09:21,295 | INFO  | DNAudit | user=null | ip=null | op=WRITE_CHUNK {blockData=conID: 2 locID: 102665038147683019 bcsId: 5614} | ret=SUCCESS |  
2019-08-23 07:09:21,295 | INFO  | DNAudit | user=null | ip=null | op=PUT_BLOCK {blockData=[blockId=conID: 2 locID: 102665038147683019 bcsId: 0,size=4194304]} | ret=SUCCESS |  
2019-08-23 07:09:21,296 [grpc-default-executor-3] INFO  client.GrpcClientProtocolClient (GrpcClientProtocolClient.java:onNext(255)) - client-D91E5D1E15CE->f2ba01fc-a63e-4348-bd18-030b60a135e7: receive RaftClientReply:client-D91E5D1E15CE->f2ba01fc-a63e-4348-bd18-030b60a135e7@group-C8C62FEF0626, cid=3714, SUCCESS, logIndex=5617, commits[f2ba01fc-a63e-4348-bd18-030b60a135e7:c5617, eab135d4-a257-4705-b491-6c056b8c5df7:c5614, a4f67574-9018-43e7-8a54-351e98dc3d0a:c5614]
2019-08-23 07:09:21,296 [grpc-default-executor-3] INFO  client.GrpcClientProtocolClient (GrpcClientProtocolClient.java:onNext(255)) - client-D91E5D1E15CE->f2ba01fc-a63e-4348-bd18-030b60a135e7: receive RaftClientReply:client-D91E5D1E15CE->f2ba01fc-a63e-4348-bd18-030b60a135e7@group-C8C62FEF0626, cid=3715, SUCCESS, logIndex=5618, commits[f2ba01fc-a63e-4348-bd18-030b60a135e7:c5618, eab135d4-a257-4705-b491-6c056b8c5df7:c5614, a4f67574-9018-43e7-8a54-351e98dc3d0a:c5614]
2019-08-23 07:09:21,298 | INFO  | DNAudit | user=null | ip=null | op=WRITE_CHUNK {blockData=conID: 2 locID: 102665038147683019 bcsId: 5614} | ret=SUCCESS |  
2019-08-23 07:09:21,299 | INFO  | DNAudit | user=null | ip=null | op=WRITE_CHUNK {blockData=conID: 2 locID: 102665038147683019 bcsId: 5614} | ret=SUCCESS |  
2019-08-23 07:09:21,300 | INFO  | DNAudit | user=null | ip=null | op=PUT_BLOCK {blockData=[blockId=conID: 2 locID: 102665038147683019 bcsId: 0,size=4194304]} | ret=SUCCESS |  
2019-08-23 07:09:21,300 | INFO  | DNAudit | user=null | ip=null | op=PUT_BLOCK {blockData=[blockId=conID: 2 locID: 102665038147683019 bcsId: 0,size=4194304]} | ret=SUCCESS |  
2019-08-23 07:09:21,301 [grpc-default-executor-3] INFO  client.GrpcClientProtocolClient (GrpcClientProtocolClient.java:onNext(255)) - client-D91E5D1E15CE->f2ba01fc-a63e-4348-bd18-030b60a135e7: receive RaftClientReply:client-D91E5D1E15CE->f2ba01fc-a63e-4348-bd18-030b60a135e7@group-C8C62FEF0626, cid=3716, SUCCESS, logIndex=0, commits[f2ba01fc-a63e-4348-bd18-030b60a135e7:c5620, eab135d4-a257-4705-b491-6c056b8c5df7:c5618, a4f67574-9018-43e7-8a54-351e98dc3d0a:c5618]
2019-08-23 07:09:21,311 | INFO  | SCMAudit | user=jenkins1000 | ip=192.168.5.178 | op=ALLOCATE_BLOCK {owner=aaf04d22-10dd-4717-8862-c651bdde72cf, size=4194304, type=RATIS, factor=THREE} | ret=SUCCESS |  
2019-08-23 07:09:21,317 | INFO  | OMAudit | user=jenkins1000 | ip=127.0.0.1 | op=ALLOCATE_BLOCK {volume=vol-0-67663, bucket=bucket-0-68950, key=key-0-26970, dataSize=0, replicationType=null, replicationFactor=null, keyLocationInfo=null, clientID=102665036030476690} | ret=SUCCESS |  
2019-08-23 07:09:21,325 | INFO  | DNAudit | user=null | ip=null | op=WRITE_CHUNK {blockData=conID: 3 locID: 102665038155612876 bcsId: 0} | ret=SUCCESS |  
2019-08-23 07:09:21,329 | INFO  | DNAudit | user=null | ip=null | op=WRITE_CHUNK {blockData=conID: 3 locID: 102665038155612876 bcsId: 0} | ret=SUCCESS |  
2019-08-23 07:09:21,329 | INFO  | DNAudit | user=null | ip=null | op=WRITE_CHUNK {blockData=conID: 3 locID: 102665038155612876 bcsId: 0} | ret=SUCCESS |  
2019-08-23 07:09:21,329 | INFO  | DNAudit | user=null | ip=null | op=WRITE_CHUNK {blockData=conID: 3 locID: 102665038155612876 bcsId: 0} | ret=SUCCESS |  
2019-08-23 07:09:21,330 | INFO  | DNAudit | user=null | ip=null | op=WRITE_CHUNK {blockData=conID: 3 locID: 102665038155612876 bcsId: 0} | ret=SUCCESS |  
2019-08-23 07:09:21,331 | INFO  | DNAudit | user=null | ip=null | op=WRITE_CHUNK {blockData=conID: 3 locID: 102665038155612876 bcsId: 0} | ret=SUCCESS |  
2019-08-23 07:09:21,345 | INFO  | DNAudit | user=null | ip=null | op=WRITE_CHUNK {blockData=conID: 3 locID: 102665038155612876 bcsId: 0} | ret=SUCCESS |  
2019-08-23 07:09:21,346 | INFO  | DNAudit | user=null | ip=null | op=PUT_BLOCK {blockData=[blockId=conID: 3 locID: 102665038155612876 bcsId: 0,size=1048576]} | ret=SUCCESS |  
2019-08-23 07:09:21,346 | INFO  | DNAudit | user=null | ip=null | op=WRITE_CHUNK {blockData=conID: 3 locID: 102665038155612876 bcsId: 0} | ret=SUCCESS |  
2019-08-23 07:09:21,346 [grpc-default-executor-3] INFO  client.GrpcClientProtocolClient (GrpcClientProtocolClient.java:onNext(255)) - client-D91E5D1E15CE->f2ba01fc-a63e-4348-bd18-030b60a135e7: receive RaftClientReply:client-D91E5D1E15CE->f2ba01fc-a63e-4348-bd18-030b60a135e7@group-C8C62FEF0626, cid=3717, SUCCESS, logIndex=5621, commits[f2ba01fc-a63e-4348-bd18-030b60a135e7:c5623, eab135d4-a257-4705-b491-6c056b8c5df7:c5620, a4f67574-9018-43e7-8a54-351e98dc3d0a:c5620]
2019-08-23 07:09:21,347 | INFO  | DNAudit | user=null | ip=null | op=PUT_BLOCK {blockData=[blockId=conID: 3 locID: 102665038155612876 bcsId: 0,size=2097152]} | ret=SUCCESS |  
2019-08-23 07:09:21,347 [grpc-default-executor-3] INFO  client.GrpcClientProtocolClient (GrpcClientProtocolClient.java:onNext(255)) - client-D91E5D1E15CE->f2ba01fc-a63e-4348-bd18-030b60a135e7: receive RaftClientReply:client-D91E5D1E15CE->f2ba01fc-a63e-4348-bd18-030b60a135e7@group-C8C62FEF0626, cid=3718, SUCCESS, logIndex=5622, commits[f2ba01fc-a63e-4348-bd18-030b60a135e7:c5624, eab135d4-a257-4705-b491-6c056b8c5df7:c5620, a4f67574-9018-43e7-8a54-351e98dc3d0a:c5620]
2019-08-23 07:09:21,347 [grpc-default-executor-3] INFO  client.GrpcClientProtocolClient (GrpcClientProtocolClient.java:onNext(255)) - client-D91E5D1E15CE->f2ba01fc-a63e-4348-bd18-030b60a135e7: receive RaftClientReply:client-D91E5D1E15CE->f2ba01fc-a63e-4348-bd18-030b60a135e7@group-C8C62FEF0626, cid=3719, SUCCESS, logIndex=5623, commits[f2ba01fc-a63e-4348-bd18-030b60a135e7:c5624, eab135d4-a257-4705-b491-6c056b8c5df7:c5620, a4f67574-9018-43e7-8a54-351e98dc3d0a:c5620]
2019-08-23 07:09:21,347 [grpc-default-executor-3] INFO  client.GrpcClientProtocolClient (GrpcClientProtocolClient.java:onNext(255)) - client-D91E5D1E15CE->f2ba01fc-a63e-4348-bd18-030b60a135e7: receive RaftClientReply:client-D91E5D1E15CE->f2ba01fc-a63e-4348-bd18-030b60a135e7@group-C8C62FEF0626, cid=3720, SUCCESS, logIndex=5624, commits[f2ba01fc-a63e-4348-bd18-030b60a135e7:c5624, eab135d4-a257-4705-b491-6c056b8c5df7:c5620, a4f67574-9018-43e7-8a54-351e98dc3d0a:c5620]
2019-08-23 07:09:21,354 | INFO  | DNAudit | user=null | ip=null | op=WRITE_CHUNK {blockData=conID: 3 locID: 102665038155612876 bcsId: 0} | ret=SUCCESS |  
2019-08-23 07:09:21,356 | INFO  | DNAudit | user=null | ip=null | op=WRITE_CHUNK {blockData=conID: 3 locID: 102665038155612876 bcsId: 0} | ret=SUCCESS |  
2019-08-23 07:09:21,356 | INFO  | DNAudit | user=null | ip=null | op=PUT_BLOCK {blockData=[blockId=conID: 3 locID: 102665038155612876 bcsId: 0,size=1048576]} | ret=SUCCESS |  
2019-08-23 07:09:21,356 | INFO  | DNAudit | user=null | ip=null | op=WRITE_CHUNK {blockData=conID: 3 locID: 102665038155612876 bcsId: 0} | ret=SUCCESS |  
2019-08-23 07:09:21,357 | INFO  | DNAudit | user=null | ip=null | op=PUT_BLOCK {blockData=[blockId=conID: 3 locID: 102665038155612876 bcsId: 0,size=2097152]} | ret=SUCCESS |  
2019-08-23 07:09:21,358 | INFO  | DNAudit | user=null | ip=null | op=PUT_BLOCK {blockData=[blockId=conID: 3 locID: 102665038155612876 bcsId: 0,size=1048576]} | ret=SUCCESS |  
2019-08-23 07:09:21,358 | INFO  | DNAudit | user=null | ip=null | op=WRITE_CHUNK {blockData=conID: 3 locID: 102665038155612876 bcsId: 0} | ret=SUCCESS |  
2019-08-23 07:09:21,359 | INFO  | DNAudit | user=null | ip=null | op=PUT_BLOCK {blockData=[blockId=conID: 3 locID: 102665038155612876 bcsId: 0,size=2097152]} | ret=SUCCESS |  
2019-08-23 07:09:21,359 [grpc-default-executor-3] INFO  client.GrpcClientProtocolClient (GrpcClientProtocolClient.java:onNext(255)) - client-D91E5D1E15CE->f2ba01fc-a63e-4348-bd18-030b60a135e7: receive RaftClientReply:client-D91E5D1E15CE->f2ba01fc-a63e-4348-bd18-030b60a135e7@group-C8C62FEF0626, cid=3721, SUCCESS, logIndex=0, commits[f2ba01fc-a63e-4348-bd18-030b60a135e7:c5628, eab135d4-a257-4705-b491-6c056b8c5df7:c5622, a4f67574-9018-43e7-8a54-351e98dc3d0a:c5624]
2019-08-23 07:09:21,366 | INFO  | DNAudit | user=null | ip=null | op=WRITE_CHUNK {blockData=conID: 3 locID: 102665038155612876 bcsId: 5624} | ret=SUCCESS |  
2019-08-23 07:09:21,369 | INFO  | DNAudit | user=null | ip=null | op=WRITE_CHUNK {blockData=conID: 3 locID: 102665038155612876 bcsId: 5624} | ret=SUCCESS |  
2019-08-23 07:09:21,369 | INFO  | DNAudit | user=null | ip=null | op=WRITE_CHUNK {blockData=conID: 3 locID: 102665038155612876 bcsId: 5624} | ret=SUCCESS |  
2019-08-23 07:09:21,379 | INFO  | DNAudit | user=null | ip=null | op=WRITE_CHUNK {blockData=conID: 3 locID: 102665038155612876 bcsId: 5624} | ret=SUCCESS |  
2019-08-23 07:09:21,380 | INFO  | DNAudit | user=null | ip=null | op=PUT_BLOCK {blockData=[blockId=conID: 3 locID: 102665038155612876 bcsId: 0,size=3145728]} | ret=SUCCESS |  
2019-08-23 07:09:21,380 [grpc-default-executor-3] INFO  client.GrpcClientProtocolClient (GrpcClientProtocolClient.java:onNext(255)) - client-D91E5D1E15CE->f2ba01fc-a63e-4348-bd18-030b60a135e7: receive RaftClientReply:client-D91E5D1E15CE->f2ba01fc-a63e-4348-bd18-030b60a135e7@group-C8C62FEF0626, cid=3722, SUCCESS, logIndex=5629, commits[f2ba01fc-a63e-4348-bd18-030b60a135e7:c5630, eab135d4-a257-4705-b491-6c056b8c5df7:c5628, a4f67574-9018-43e7-8a54-351e98dc3d0a:c5628]
2019-08-23 07:09:21,380 [grpc-default-executor-3] INFO  client.GrpcClientProtocolClient (GrpcClientProtocolClient.java:onNext(255)) - client-D91E5D1E15CE->f2ba01fc-a63e-4348-bd18-030b60a135e7: receive RaftClientReply:client-D91E5D1E15CE->f2ba01fc-a63e-4348-bd18-030b60a135e7@group-C8C62FEF0626, cid=3723, SUCCESS, logIndex=5630, commits[f2ba01fc-a63e-4348-bd18-030b60a135e7:c5630, eab135d4-a257-4705-b491-6c056b8c5df7:c5628, a4f67574-9018-43e7-8a54-351e98dc3d0a:c5628]
2019-08-23 07:09:21,388 | INFO  | DNAudit | user=null | ip=null | op=WRITE_CHUNK {blockData=conID: 3 locID: 102665038155612876 bcsId: 5630} | ret=SUCCESS |  
2019-08-23 07:09:21,390 | INFO  | DNAudit | user=null | ip=null | op=WRITE_CHUNK {blockData=conID: 3 locID: 102665038155612876 bcsId: 5630} | ret=SUCCESS |  
2019-08-23 07:09:21,390 | INFO  | DNAudit | user=null | ip=null | op=WRITE_CHUNK {blockData=conID: 3 locID: 102665038155612876 bcsId: 5630} | ret=SUCCESS |  
2019-08-23 07:09:21,391 | INFO  | DNAudit | user=null | ip=null | op=WRITE_CHUNK {blockData=conID: 3 locID: 102665038155612876 bcsId: 5624} | ret=SUCCESS |  
2019-08-23 07:09:21,391 | INFO  | DNAudit | user=null | ip=null | op=WRITE_CHUNK {blockData=conID: 3 locID: 102665038155612876 bcsId: 5624} | ret=SUCCESS |  
2019-08-23 07:09:21,391 | INFO  | DNAudit | user=null | ip=null | op=PUT_BLOCK {blockData=[blockId=conID: 3 locID: 102665038155612876 bcsId: 0,size=3145728]} | ret=SUCCESS |  
2019-08-23 07:09:21,391 | INFO  | DNAudit | user=null | ip=null | op=PUT_BLOCK {blockData=[blockId=conID: 3 locID: 102665038155612876 bcsId: 0,size=3145728]} | ret=SUCCESS |  
2019-08-23 07:09:21,394 | INFO  | DNAudit | user=null | ip=null | op=WRITE_CHUNK {blockData=conID: 3 locID: 102665038155612876 bcsId: 5630} | ret=SUCCESS |  
2019-08-23 07:09:21,394 | INFO  | DNAudit | user=null | ip=null | op=PUT_BLOCK {blockData=[blockId=conID: 3 locID: 102665038155612876 bcsId: 0,size=4194304]} | ret=SUCCESS |  
2019-08-23 07:09:21,394 [grpc-default-executor-3] INFO  client.GrpcClientProtocolClient (GrpcClientProtocolClient.java:onNext(255)) - client-D91E5D1E15CE->f2ba01fc-a63e-4348-bd18-030b60a135e7: receive RaftClientReply:client-D91E5D1E15CE->f2ba01fc-a63e-4348-bd18-030b60a135e7@group-C8C62FEF0626, cid=3724, SUCCESS, logIndex=5633, commits[f2ba01fc-a63e-4348-bd18-030b60a135e7:c5633, eab135d4-a257-4705-b491-6c056b8c5df7:c5630, a4f67574-9018-43e7-8a54-351e98dc3d0a:c5630]
2019-08-23 07:09:21,395 [grpc-default-executor-3] INFO  client.GrpcClientProtocolClient (GrpcClientProtocolClient.java:onNext(255)) - client-D91E5D1E15CE->f2ba01fc-a63e-4348-bd18-030b60a135e7: receive RaftClientReply:client-D91E5D1E15CE->f2ba01fc-a63e-4348-bd18-030b60a135e7@group-C8C62FEF0626, cid=3725, SUCCESS, logIndex=5634, commits[f2ba01fc-a63e-4348-bd18-030b60a135e7:c5634, eab135d4-a257-4705-b491-6c056b8c5df7:c5630, a4f67574-9018-43e7-8a54-351e98dc3d0a:c5630]
2019-08-23 07:09:21,407 | INFO  | DNAudit | user=null | ip=null | op=WRITE_CHUNK {blockData=conID: 3 locID: 102665038155612876 bcsId: 5630} | ret=SUCCESS |  
2019-08-23 07:09:21,407 | INFO  | DNAudit | user=null | ip=null | op=WRITE_CHUNK {blockData=conID: 3 locID: 102665038155612876 bcsId: 5630} | ret=SUCCESS |  
2019-08-23 07:09:21,420 | INFO  | DNAudit | user=null | ip=null | op=PUT_BLOCK {blockData=[blockId=conID: 3 locID: 102665038155612876 bcsId: 0,size=4194304]} | ret=SUCCESS |  
2019-08-23 07:09:21,420 | INFO  | DNAudit | user=null | ip=null | op=PUT_BLOCK {blockData=[blockId=conID: 3 locID: 102665038155612876 bcsId: 0,size=4194304]} | ret=SUCCESS |  
2019-08-23 07:09:21,421 [grpc-default-executor-3] INFO  client.GrpcClientProtocolClient (GrpcClientProtocolClient.java:onNext(255)) - client-D91E5D1E15CE->f2ba01fc-a63e-4348-bd18-030b60a135e7: receive RaftClientReply:client-D91E5D1E15CE->f2ba01fc-a63e-4348-bd18-030b60a135e7@group-C8C62FEF0626, cid=3726, SUCCESS, logIndex=0, commits[f2ba01fc-a63e-4348-bd18-030b60a135e7:c5636, eab135d4-a257-4705-b491-6c056b8c5df7:c5634, a4f67574-9018-43e7-8a54-351e98dc3d0a:c5634]
2019-08-23 07:09:21,429 | INFO  | SCMAudit | user=jenkins1000 | ip=192.168.5.178 | op=ALLOCATE_BLOCK {owner=aaf04d22-10dd-4717-8862-c651bdde72cf, size=4194304, type=RATIS, factor=THREE} | ret=SUCCESS |  
 0.00% |█                                                                                                    |  0/1 Time: 0:00:322019-08-23 07:09:21,598 | INFO  | SCMAudit | user=jenkins1000 | ip=192.168.5.178 | op=SEND_HEARTBEAT {datanodeUUID=b7d3ecaa-ab76-49a0-b691-40b7e1ed625a, command=[]} | ret=SUCCESS |  
2019-08-23 07:09:21,598 | INFO  | SCMAudit | user=jenkins1000 | ip=192.168.5.178 | op=SEND_HEARTBEAT {datanodeUUID=5c311bc2-cc7c-45de-998f-f79499d85d4e, command=[]} | ret=SUCCESS |  
2019-08-23 07:09:21,600 | INFO  | OMAudit | user=jenkins1000 | ip=127.0.0.1 | op=ALLOCATE_BLOCK {volume=vol-0-67663, bucket=bucket-0-68950, key=key-0-26970, dataSize=0, replicationType=null, replicationFactor=null, keyLocationInfo=null, clientID=102665036030476690} | ret=SUCCESS |  
2019-08-23 07:09:21,609 | INFO  | DNAudit | user=null | ip=null | op=WRITE_CHUNK {blockData=conID: 1 locID: 102665038163411661 bcsId: 0} | ret=SUCCESS |  
2019-08-23 07:09:21,613 | INFO  | DNAudit | user=null | ip=null | op=WRITE_CHUNK {blockData=conID: 1 locID: 102665038163411661 bcsId: 0} | ret=SUCCESS |  
2019-08-23 07:09:21,614 | INFO  | DNAudit | user=null | ip=null | op=WRITE_CHUNK {blockData=conID: 1 locID: 102665038163411661 bcsId: 0} | ret=SUCCESS |  
2019-08-23 07:09:21,614 | INFO  | DNAudit | user=null | ip=null | op=WRITE_CHUNK {blockData=conID: 1 locID: 102665038163411661 bcsId: 0} | ret=SUCCESS |  
2019-08-23 07:09:21,616 | INFO  | DNAudit | user=null | ip=null | op=WRITE_CHUNK {blockData=conID: 1 locID: 102665038163411661 bcsId: 0} | ret=SUCCESS |  
2019-08-23 07:09:21,616 | INFO  | DNAudit | user=null | ip=null | op=WRITE_CHUNK {blockData=conID: 1 locID: 102665038163411661 bcsId: 0} | ret=SUCCESS |  
2019-08-23 07:09:21,637 | INFO  | DNAudit | user=null | ip=null | op=WRITE_CHUNK {blockData=conID: 1 locID: 102665038163411661 bcsId: 0} | ret=SUCCESS |  
2019-08-23 07:09:21,637 | INFO  | DNAudit | user=null | ip=null | op=PUT_BLOCK {blockData=[blockId=conID: 1 locID: 102665038163411661 bcsId: 0,size=1048576]} | ret=SUCCESS |  
2019-08-23 07:09:21,637 [grpc-default-executor-4] INFO  client.GrpcClientProtocolClient (GrpcClientProtocolClient.java:onNext(255)) - client-D91E5D1E15CE->f2ba01fc-a63e-4348-bd18-030b60a135e7: receive RaftClientReply:client-D91E5D1E15CE->f2ba01fc-a63e-4348-bd18-030b60a135e7@group-C8C62FEF0626, cid=3727, SUCCESS, logIndex=5637, commits[f2ba01fc-a63e-4348-bd18-030b60a135e7:c5638, eab135d4-a257-4705-b491-6c056b8c5df7:c5636, a4f67574-9018-43e7-8a54-351e98dc3d0a:c5636]
2019-08-23 07:09:21,638 | INFO  | DNAudit | user=null | ip=null | op=WRITE_CHUNK {blockData=conID: 1 locID: 102665038163411661 bcsId: 0} | ret=SUCCESS |  
2019-08-23 07:09:21,638 | INFO  | DNAudit | user=null | ip=null | op=PUT_BLOCK {blockData=[blockId=conID: 1 locID: 102665038163411661 bcsId: 0,size=2097152]} | ret=SUCCESS |  
2019-08-23 07:09:21,638 [grpc-default-executor-4] INFO  client.GrpcClientProtocolClient (GrpcClientProtocolClient.java:onNext(255)) - client-D91E5D1E15CE->f2ba01fc-a63e-4348-bd18-030b60a135e7: receive RaftClientReply:client-D91E5D1E15CE->f2ba01fc-a63e-4348-bd18-030b60a135e7@group-C8C62FEF0626, cid=3728, SUCCESS, logIndex=5638, commits[f2ba01fc-a63e-4348-bd18-030b60a135e7:c5640, eab135d4-a257-4705-b491-6c056b8c5df7:c5636, a4f67574-9018-43e7-8a54-351e98dc3d0a:c5636]
2019-08-23 07:09:21,639 [grpc-default-executor-4] INFO  client.GrpcClientProtocolClient (GrpcClientProtocolClient.java:onNext(255)) - client-D91E5D1E15CE->f2ba01fc-a63e-4348-bd18-030b60a135e7: receive RaftClientReply:client-D91E5D1E15CE->f2ba01fc-a63e-4348-bd18-030b60a135e7@group-C8C62FEF0626, cid=3729, SUCCESS, logIndex=5639, commits[f2ba01fc-a63e-4348-bd18-030b60a135e7:c5640, eab135d4-a257-4705-b491-6c056b8c5df7:c5636, a4f67574-9018-43e7-8a54-351e98dc3d0a:c5636]
2019-08-23 07:09:21,639 | INFO  | DNAudit | user=null | ip=null | op=WRITE_CHUNK {blockData=conID: 1 locID: 102665038163411661 bcsId: 0} | ret=SUCCESS |  
2019-08-23 07:09:21,639 [grpc-default-executor-0] INFO  client.GrpcClientProtocolClient (GrpcClientProtocolClient.java:onNext(255)) - client-D91E5D1E15CE->f2ba01fc-a63e-4348-bd18-030b60a135e7: receive RaftClientReply:client-D91E5D1E15CE->f2ba01fc-a63e-4348-bd18-030b60a135e7@group-C8C62FEF0626, cid=3730, SUCCESS, logIndex=5640, commits[f2ba01fc-a63e-4348-bd18-030b60a135e7:c5640, eab135d4-a257-4705-b491-6c056b8c5df7:c5636, a4f67574-9018-43e7-8a54-351e98dc3d0a:c5636]
2019-08-23 07:09:21,639 | INFO  | DNAudit | user=null | ip=null | op=PUT_BLOCK {blockData=[blockId=conID: 1 locID: 102665038163411661 bcsId: 0,size=1048576]} | ret=SUCCESS |  
2019-08-23 07:09:21,640 | INFO  | DNAudit | user=null | ip=null | op=WRITE_CHUNK {blockData=conID: 1 locID: 102665038163411661 bcsId: 0} | ret=SUCCESS |  
2019-08-23 07:09:21,641 | INFO  | DNAudit | user=null | ip=null | op=PUT_BLOCK {blockData=[blockId=conID: 1 locID: 102665038163411661 bcsId: 0,size=1048576]} | ret=SUCCESS |  
2019-08-23 07:09:21,641 | INFO  | DNAudit | user=null | ip=null | op=WRITE_CHUNK {blockData=conID: 1 locID: 102665038163411661 bcsId: 0} | ret=SUCCESS |  
2019-08-23 07:09:21,641 [grpc-default-executor-0] INFO  client.GrpcClientProtocolClient (GrpcClientProtocolClient.java:onNext(255)) - client-D91E5D1E15CE->f2ba01fc-a63e-4348-bd18-030b60a135e7: receive RaftClientReply:client-D91E5D1E15CE->f2ba01fc-a63e-4348-bd18-030b60a135e7@group-C8C62FEF0626, cid=3731, SUCCESS, logIndex=0, commits[f2ba01fc-a63e-4348-bd18-030b60a135e7:c5642, eab135d4-a257-4705-b491-6c056b8c5df7:c5638, a4f67574-9018-43e7-8a54-351e98dc3d0a:c5638]
2019-08-23 07:09:21,641 | INFO  | DNAudit | user=null | ip=null | op=PUT_BLOCK {blockData=[blockId=conID: 1 locID: 102665038163411661 bcsId: 0,size=2097152]} | ret=SUCCESS |  
2019-08-23 07:09:21,649 | INFO  | DNAudit | user=null | ip=null | op=WRITE_CHUNK {blockData=conID: 1 locID: 102665038163411661 bcsId: 5640} | ret=SUCCESS |  
2019-08-23 07:09:21,652 | INFO  | DNAudit | user=null | ip=null | op=WRITE_CHUNK {blockData=conID: 1 locID: 102665038163411661 bcsId: 0} | ret=SUCCESS |  
2019-08-23 07:09:21,652 | INFO  | DNAudit | user=null | ip=null | op=PUT_BLOCK {blockData=[blockId=conID: 1 locID: 102665038163411661 bcsId: 0,size=2097152]} | ret=SUCCESS |  
2019-08-23 07:09:21,653 | INFO  | DNAudit | user=null | ip=null | op=WRITE_CHUNK {blockData=conID: 1 locID: 102665038163411661 bcsId: 5640} | ret=SUCCESS |  
2019-08-23 07:09:21,653 | INFO  | DNAudit | user=null | ip=null | op=WRITE_CHUNK {blockData=conID: 1 locID: 102665038163411661 bcsId: 5640} | ret=SUCCESS |  
2019-08-23 07:09:21,655 | INFO  | DNAudit | user=null | ip=null | op=WRITE_CHUNK {blockData=conID: 1 locID: 102665038163411661 bcsId: 5640} | ret=SUCCESS |  
2019-08-23 07:09:21,655 | INFO  | DNAudit | user=null | ip=null | op=PUT_BLOCK {blockData=[blockId=conID: 1 locID: 102665038163411661 bcsId: 0,size=3145728]} | ret=SUCCESS |  
2019-08-23 07:09:21,655 [grpc-default-executor-0] INFO  client.GrpcClientProtocolClient (GrpcClientProtocolClient.java:onNext(255)) - client-D91E5D1E15CE->f2ba01fc-a63e-4348-bd18-030b60a135e7: receive RaftClientReply:client-D91E5D1E15CE->f2ba01fc-a63e-4348-bd18-030b60a135e7@group-C8C62FEF0626, cid=3732, SUCCESS, logIndex=5645, commits[f2ba01fc-a63e-4348-bd18-030b60a135e7:c5646, eab135d4-a257-4705-b491-6c056b8c5df7:c5643, a4f67574-9018-43e7-8a54-351e98dc3d0a:c5643]
2019-08-23 07:09:21,656 [grpc-default-executor-0] INFO  client.GrpcClientProtocolClient (GrpcClientProtocolClient.java:onNext(255)) - client-D91E5D1E15CE->f2ba01fc-a63e-4348-bd18-030b60a135e7: receive RaftClientReply:client-D91E5D1E15CE->f2ba01fc-a63e-4348-bd18-030b60a135e7@group-C8C62FEF0626, cid=3733, SUCCESS, logIndex=5646, commits[f2ba01fc-a63e-4348-bd18-030b60a135e7:c5646, eab135d4-a257-4705-b491-6c056b8c5df7:c5643, a4f67574-9018-43e7-8a54-351e98dc3d0a:c5643]
2019-08-23 07:09:21,663 | INFO  | DNAudit | user=null | ip=null | op=WRITE_CHUNK {blockData=conID: 1 locID: 102665038163411661 bcsId: 5646} | ret=SUCCESS |  
2019-08-23 07:09:21,665 | INFO  | DNAudit | user=null | ip=null | op=WRITE_CHUNK {blockData=conID: 1 locID: 102665038163411661 bcsId: 5646} | ret=SUCCESS |  
2019-08-23 07:09:21,666 | INFO  | DNAudit | user=null | ip=null | op=WRITE_CHUNK {blockData=conID: 1 locID: 102665038163411661 bcsId: 5646} | ret=SUCCESS |  
2019-08-23 07:09:21,668 | INFO  | DNAudit | user=null | ip=null | op=WRITE_CHUNK {blockData=conID: 1 locID: 102665038163411661 bcsId: 5640} | ret=SUCCESS |  
2019-08-23 07:09:21,668 | INFO  | DNAudit | user=null | ip=null | op=WRITE_CHUNK {blockData=conID: 1 locID: 102665038163411661 bcsId: 5640} | ret=SUCCESS |  
2019-08-23 07:09:21,680 | INFO  | DNAudit | user=null | ip=null | op=PUT_BLOCK {blockData=[blockId=conID: 1 locID: 102665038163411661 bcsId: 0,size=3145728]} | ret=SUCCESS |  
2019-08-23 07:09:21,680 | INFO  | DNAudit | user=null | ip=null | op=PUT_BLOCK {blockData=[blockId=conID: 1 locID: 102665038163411661 bcsId: 0,size=3145728]} | ret=SUCCESS |  
2019-08-23 07:09:21,685 | INFO  | DNAudit | user=null | ip=null | op=WRITE_CHUNK {blockData=conID: 1 locID: 102665038163411661 bcsId: 5646} | ret=SUCCESS |  
2019-08-23 07:09:21,685 | INFO  | DNAudit | user=null | ip=null | op=PUT_BLOCK {blockData=[blockId=conID: 1 locID: 102665038163411661 bcsId: 0,size=4194304]} | ret=SUCCESS |  
2019-08-23 07:09:21,685 [grpc-default-executor-0] INFO  client.GrpcClientProtocolClient (GrpcClientProtocolClient.java:onNext(255)) - client-D91E5D1E15CE->f2ba01fc-a63e-4348-bd18-030b60a135e7: receive RaftClientReply:client-D91E5D1E15CE->f2ba01fc-a63e-4348-bd18-030b60a135e7@group-C8C62FEF0626, cid=3734, SUCCESS, logIndex=5649, commits[f2ba01fc-a63e-4348-bd18-030b60a135e7:c5650, eab135d4-a257-4705-b491-6c056b8c5df7:c5646, a4f67574-9018-43e7-8a54-351e98dc3d0a:c5646]
2019-08-23 07:09:21,686 [grpc-default-executor-0] INFO  client.GrpcClientProtocolClient (GrpcClientProtocolClient.java:onNext(255)) - client-D91E5D1E15CE->f2ba01fc-a63e-4348-bd18-030b60a135e7: receive RaftClientReply:client-D91E5D1E15CE->f2ba01fc-a63e-4348-bd18-030b60a135e7@group-C8C62FEF0626, cid=3735, SUCCESS, logIndex=5650, commits[f2ba01fc-a63e-4348-bd18-030b60a135e7:c5650, eab135d4-a257-4705-b491-6c056b8c5df7:c5646, a4f67574-9018-43e7-8a54-351e98dc3d0a:c5646]
2019-08-23 07:09:21,697 | INFO  | DNAudit | user=null | ip=null | op=WRITE_CHUNK {blockData=conID: 1 locID: 102665038163411661 bcsId: 5646} | ret=SUCCESS |  
2019-08-23 07:09:21,698 | INFO  | DNAudit | user=null | ip=null | op=WRITE_CHUNK {blockData=conID: 1 locID: 102665038163411661 bcsId: 5646} | ret=SUCCESS |  
2019-08-23 07:09:21,698 | INFO  | DNAudit | user=null | ip=null | op=PUT_BLOCK {blockData=[blockId=conID: 1 locID: 102665038163411661 bcsId: 0,size=4194304]} | ret=SUCCESS |  
2019-08-23 07:09:21,698 | INFO  | DNAudit | user=null | ip=null | op=PUT_BLOCK {blockData=[blockId=conID: 1 locID: 102665038163411661 bcsId: 0,size=4194304]} | ret=SUCCESS |  
2019-08-23 07:09:21,698 [grpc-default-executor-0] INFO  client.GrpcClientProtocolClient (GrpcClientProtocolClient.java:onNext(255)) - client-D91E5D1E15CE->f2ba01fc-a63e-4348-bd18-030b60a135e7: receive RaftClientReply:client-D91E5D1E15CE->f2ba01fc-a63e-4348-bd18-030b60a135e7@group-C8C62FEF0626, cid=3736, SUCCESS, logIndex=0, commits[f2ba01fc-a63e-4348-bd18-030b60a135e7:c5651, eab135d4-a257-4705-b491-6c056b8c5df7:c5650, a4f67574-9018-43e7-8a54-351e98dc3d0a:c5650]
2019-08-23 07:09:21,706 | INFO  | SCMAudit | user=jenkins1000 | ip=192.168.5.178 | op=ALLOCATE_BLOCK {owner=aaf04d22-10dd-4717-8862-c651bdde72cf, size=4194304, type=RATIS, factor=THREE} | ret=SUCCESS |  
2019-08-23 07:09:21,711 | INFO  | OMAudit | user=jenkins1000 | ip=127.0.0.1 | op=ALLOCATE_BLOCK {volume=vol-0-67663, bucket=bucket-0-68950, key=key-0-26970, dataSize=0, replicationType=null, replicationFactor=null, keyLocationInfo=null, clientID=102665036030476690} | ret=SUCCESS |  
2019-08-23 07:09:21,719 | INFO  | DNAudit | user=null | ip=null | op=WRITE_CHUNK {blockData=conID: 2 locID: 102665038181565134 bcsId: 0} | ret=SUCCESS |  
2019-08-23 07:09:21,723 | INFO  | DNAudit | user=null | ip=null | op=WRITE_CHUNK {blockData=conID: 2 locID: 102665038181565134 bcsId: 0} | ret=SUCCESS |  
2019-08-23 07:09:21,723 | INFO  | DNAudit | user=null | ip=null | op=WRITE_CHUNK {blockData=conID: 2 locID: 102665038181565134 bcsId: 0} | ret=SUCCESS |  
2019-08-23 07:09:21,724 | INFO  | DNAudit | user=null | ip=null | op=WRITE_CHUNK {blockData=conID: 2 locID: 102665038181565134 bcsId: 0} | ret=SUCCESS |  
2019-08-23 07:09:21,726 | INFO  | DNAudit | user=null | ip=null | op=WRITE_CHUNK {blockData=conID: 2 locID: 102665038181565134 bcsId: 0} | ret=SUCCESS |  
2019-08-23 07:09:21,726 | INFO  | DNAudit | user=null | ip=null | op=WRITE_CHUNK {blockData=conID: 2 locID: 102665038181565134 bcsId: 0} | ret=SUCCESS |  
2019-08-23 07:09:21,734 | INFO  | DNAudit | user=null | ip=null | op=WRITE_CHUNK {blockData=conID: 2 locID: 102665038181565134 bcsId: 0} | ret=SUCCESS |  
2019-08-23 07:09:21,734 | INFO  | DNAudit | user=null | ip=null | op=PUT_BLOCK {blockData=[blockId=conID: 2 locID: 102665038181565134 bcsId: 0,size=1048576]} | ret=SUCCESS |  
2019-08-23 07:09:21,734 [grpc-default-executor-0] INFO  client.GrpcClientProtocolClient (GrpcClientProtocolClient.java:onNext(255)) - client-D91E5D1E15CE->f2ba01fc-a63e-4348-bd18-030b60a135e7: receive RaftClientReply:client-D91E5D1E15CE->f2ba01fc-a63e-4348-bd18-030b60a135e7@group-C8C62FEF0626, cid=3737, SUCCESS, logIndex=5652, commits[f2ba01fc-a63e-4348-bd18-030b60a135e7:c5653, eab135d4-a257-4705-b491-6c056b8c5df7:c5651, a4f67574-9018-43e7-8a54-351e98dc3d0a:c5651]
2019-08-23 07:09:21,735 [grpc-default-executor-0] INFO  client.GrpcClientProtocolClient (GrpcClientProtocolClient.java:onNext(255)) - client-D91E5D1E15CE->f2ba01fc-a63e-4348-bd18-030b60a135e7: receive RaftClientReply:client-D91E5D1E15CE->f2ba01fc-a63e-4348-bd18-030b60a135e7@group-C8C62FEF0626, cid=3738, SUCCESS, logIndex=5653, commits[f2ba01fc-a63e-4348-bd18-030b60a135e7:c5653, eab135d4-a257-4705-b491-6c056b8c5df7:c5651, a4f67574-9018-43e7-8a54-351e98dc3d0a:c5651]
2019-08-23 07:09:21,744 | INFO  | DNAudit | user=null | ip=null | op=WRITE_CHUNK {blockData=conID: 2 locID: 102665038181565134 bcsId: 0} | ret=SUCCESS |  
2019-08-23 07:09:21,744 | INFO  | DNAudit | user=null | ip=null | op=PUT_BLOCK {blockData=[blockId=conID: 2 locID: 102665038181565134 bcsId: 0,size=2097152]} | ret=SUCCESS |  
2019-08-23 07:09:21,744 [grpc-default-executor-3] INFO  client.GrpcClientProtocolClient (GrpcClientProtocolClient.java:onNext(255)) - client-D91E5D1E15CE->f2ba01fc-a63e-4348-bd18-030b60a135e7: receive RaftClientReply:client-D91E5D1E15CE->f2ba01fc-a63e-4348-bd18-030b60a135e7@group-C8C62FEF0626, cid=3739, SUCCESS, logIndex=5654, commits[f2ba01fc-a63e-4348-bd18-030b60a135e7:c5655, eab135d4-a257-4705-b491-6c056b8c5df7:c5651, a4f67574-9018-43e7-8a54-351e98dc3d0a:c5651]
2019-08-23 07:09:21,745 [grpc-default-executor-3] INFO  client.GrpcClientProtocolClient (GrpcClientProtocolClient.java:onNext(255)) - client-D91E5D1E15CE->f2ba01fc-a63e-4348-bd18-030b60a135e7: receive RaftClientReply:client-D91E5D1E15CE->f2ba01fc-a63e-4348-bd18-030b60a135e7@group-C8C62FEF0626, cid=3740, SUCCESS, logIndex=5655, commits[f2ba01fc-a63e-4348-bd18-030b60a135e7:c5655, eab135d4-a257-4705-b491-6c056b8c5df7:c5651, a4f67574-9018-43e7-8a54-351e98dc3d0a:c5651]
2019-08-23 07:09:21,746 | INFO  | DNAudit | user=null | ip=null | op=WRITE_CHUNK {blockData=conID: 2 locID: 102665038181565134 bcsId: 0} | ret=SUCCESS |  
2019-08-23 07:09:21,746 | INFO  | DNAudit | user=null | ip=null | op=PUT_BLOCK {blockData=[blockId=conID: 2 locID: 102665038181565134 bcsId: 0,size=1048576]} | ret=SUCCESS |  
2019-08-23 07:09:21,757 | INFO  | DNAudit | user=null | ip=null | op=WRITE_CHUNK {blockData=conID: 2 locID: 102665038181565134 bcsId: 0} | ret=SUCCESS |  
2019-08-23 07:09:21,758 | INFO  | DNAudit | user=null | ip=null | op=WRITE_CHUNK {blockData=conID: 2 locID: 102665038181565134 bcsId: 0} | ret=SUCCESS |  
2019-08-23 07:09:21,758 | INFO  | DNAudit | user=null | ip=null | op=PUT_BLOCK {blockData=[blockId=conID: 2 locID: 102665038181565134 bcsId: 0,size=1048576]} | ret=SUCCESS |  
2019-08-23 07:09:21,758 | INFO  | DNAudit | user=null | ip=null | op=PUT_BLOCK {blockData=[blockId=conID: 2 locID: 102665038181565134 bcsId: 0,size=2097152]} | ret=SUCCESS |  
2019-08-23 07:09:21,758 | INFO  | DNAudit | user=null | ip=null | op=WRITE_CHUNK {blockData=conID: 2 locID: 102665038181565134 bcsId: 0} | ret=SUCCESS |  
2019-08-23 07:09:21,758 [grpc-default-executor-3] INFO  client.GrpcClientProtocolClient (GrpcClientProtocolClient.java:onNext(255)) - client-D91E5D1E15CE->f2ba01fc-a63e-4348-bd18-030b60a135e7: receive RaftClientReply:client-D91E5D1E15CE->f2ba01fc-a63e-4348-bd18-030b60a135e7@group-C8C62FEF0626, cid=3741, SUCCESS, logIndex=0, commits[f2ba01fc-a63e-4348-bd18-030b60a135e7:c5657, eab135d4-a257-4705-b491-6c056b8c5df7:c5653, a4f67574-9018-43e7-8a54-351e98dc3d0a:c5653]
2019-08-23 07:09:21,758 | INFO  | DNAudit | user=null | ip=null | op=PUT_BLOCK {blockData=[blockId=conID: 2 locID: 102665038181565134 bcsId: 0,size=2097152]} | ret=SUCCESS |  
2019-08-23 07:09:21,764 | INFO  | DNAudit | user=null | ip=null | op=WRITE_CHUNK {blockData=conID: 2 locID: 102665038181565134 bcsId: 5655} | ret=SUCCESS |  
2019-08-23 07:09:21,768 | INFO  | DNAudit | user=null | ip=null | op=WRITE_CHUNK {blockData=conID: 2 locID: 102665038181565134 bcsId: 5655} | ret=SUCCESS |  
2019-08-23 07:09:21,768 | INFO  | DNAudit | user=null | ip=null | op=WRITE_CHUNK {blockData=conID: 2 locID: 102665038181565134 bcsId: 5655} | ret=SUCCESS |  
2019-08-23 07:09:21,778 | INFO  | DNAudit | user=null | ip=null | op=WRITE_CHUNK {blockData=conID: 2 locID: 102665038181565134 bcsId: 5655} | ret=SUCCESS |  
2019-08-23 07:09:21,779 | INFO  | DNAudit | user=null | ip=null | op=PUT_BLOCK {blockData=[blockId=conID: 2 locID: 102665038181565134 bcsId: 0,size=3145728]} | ret=SUCCESS |  
2019-08-23 07:09:21,779 [grpc-default-executor-3] INFO  client.GrpcClientProtocolClient (GrpcClientProtocolClient.java:onNext(255)) - client-D91E5D1E15CE->f2ba01fc-a63e-4348-bd18-030b60a135e7: receive RaftClientReply:client-D91E5D1E15CE->f2ba01fc-a63e-4348-bd18-030b60a135e7@group-C8C62FEF0626, cid=3742, SUCCESS, logIndex=5659, commits[f2ba01fc-a63e-4348-bd18-030b60a135e7:c5660, eab135d4-a257-4705-b491-6c056b8c5df7:c5658, a4f67574-9018-43e7-8a54-351e98dc3d0a:c5658]
2019-08-23 07:09:21,779 [grpc-default-executor-3] INFO  client.GrpcClientProtocolClient (GrpcClientProtocolClient.java:onNext(255)) - client-D91E5D1E15CE->f2ba01fc-a63e-4348-bd18-030b60a135e7: receive RaftClientReply:client-D91E5D1E15CE->f2ba01fc-a63e-4348-bd18-030b60a135e7@group-C8C62FEF0626, cid=3743, SUCCESS, logIndex=5660, commits[f2ba01fc-a63e-4348-bd18-030b60a135e7:c5660, eab135d4-a257-4705-b491-6c056b8c5df7:c5658, a4f67574-9018-43e7-8a54-351e98dc3d0a:c5658]
2019-08-23 07:09:21,786 | INFO  | DNAudit | user=null | ip=null | op=WRITE_CHUNK {blockData=conID: 2 locID: 102665038181565134 bcsId: 5660} | ret=SUCCESS |  
2019-08-23 07:09:21,789 | INFO  | DNAudit | user=null | ip=null | op=WRITE_CHUNK {blockData=conID: 2 locID: 102665038181565134 bcsId: 5660} | ret=SUCCESS |  
2019-08-23 07:09:21,789 | INFO  | DNAudit | user=null | ip=null | op=WRITE_CHUNK {blockData=conID: 2 locID: 102665038181565134 bcsId: 5660} | ret=SUCCESS |  
2019-08-23 07:09:21,792 | INFO  | DNAudit | user=null | ip=null | op=WRITE_CHUNK {blockData=conID: 2 locID: 102665038181565134 bcsId: 5655} | ret=SUCCESS |  
2019-08-23 07:09:21,792 | INFO  | DNAudit | user=null | ip=null | op=WRITE_CHUNK {blockData=conID: 2 locID: 102665038181565134 bcsId: 5655} | ret=SUCCESS |  
2019-08-23 07:09:21,796 | INFO  | DNAudit | user=null | ip=null | op=PUT_BLOCK {blockData=[blockId=conID: 2 locID: 102665038181565134 bcsId: 0,size=3145728]} | ret=SUCCESS |  
2019-08-23 07:09:21,796 | INFO  | DNAudit | user=null | ip=null | op=PUT_BLOCK {blockData=[blockId=conID: 2 locID: 102665038181565134 bcsId: 0,size=3145728]} | ret=SUCCESS |  
2019-08-23 07:09:21,796 | INFO  | DNAudit | user=null | ip=null | op=WRITE_CHUNK {blockData=conID: 2 locID: 102665038181565134 bcsId: 5660} | ret=SUCCESS |  
2019-08-23 07:09:21,797 | INFO  | DNAudit | user=null | ip=null | op=PUT_BLOCK {blockData=[blockId=conID: 2 locID: 102665038181565134 bcsId: 0,size=4194304]} | ret=SUCCESS |  
2019-08-23 07:09:21,797 [grpc-default-executor-3] INFO  client.GrpcClientProtocolClient (GrpcClientProtocolClient.java:onNext(255)) - client-D91E5D1E15CE->f2ba01fc-a63e-4348-bd18-030b60a135e7: receive RaftClientReply:client-D91E5D1E15CE->f2ba01fc-a63e-4348-bd18-030b60a135e7@group-C8C62FEF0626, cid=3744, SUCCESS, logIndex=5663, commits[f2ba01fc-a63e-4348-bd18-030b60a135e7:c5664, eab135d4-a257-4705-b491-6c056b8c5df7:c5660, a4f67574-9018-43e7-8a54-351e98dc3d0a:c5660]
2019-08-23 07:09:21,797 [grpc-default-executor-3] INFO  client.GrpcClientProtocolClient (GrpcClientProtocolClient.java:onNext(255)) - client-D91E5D1E15CE->f2ba01fc-a63e-4348-bd18-030b60a135e7: receive RaftClientReply:client-D91E5D1E15CE->f2ba01fc-a63e-4348-bd18-030b60a135e7@group-C8C62FEF0626, cid=3745, SUCCESS, logIndex=5664, commits[f2ba01fc-a63e-4348-bd18-030b60a135e7:c5664, eab135d4-a257-4705-b491-6c056b8c5df7:c5660, a4f67574-9018-43e7-8a54-351e98dc3d0a:c5660]
2019-08-23 07:09:21,800 | INFO  | DNAudit | user=null | ip=null | op=WRITE_CHUNK {blockData=conID: 2 locID: 102665038181565134 bcsId: 5660} | ret=SUCCESS |  
2019-08-23 07:09:21,800 | INFO  | DNAudit | user=null | ip=null | op=WRITE_CHUNK {blockData=conID: 2 locID: 102665038181565134 bcsId: 5660} | ret=SUCCESS |  
2019-08-23 07:09:21,804 | INFO  | DNAudit | user=null | ip=null | op=PUT_BLOCK {blockData=[blockId=conID: 2 locID: 102665038181565134 bcsId: 0,size=4194304]} | ret=SUCCESS |  
2019-08-23 07:09:21,804 | INFO  | DNAudit | user=null | ip=null | op=PUT_BLOCK {blockData=[blockId=conID: 2 locID: 102665038181565134 bcsId: 0,size=4194304]} | ret=SUCCESS |  
2019-08-23 07:09:21,805 [grpc-default-executor-0] INFO  client.GrpcClientProtocolClient (GrpcClientProtocolClient.java:onNext(255)) - client-D91E5D1E15CE->f2ba01fc-a63e-4348-bd18-030b60a135e7: receive RaftClientReply:client-D91E5D1E15CE->f2ba01fc-a63e-4348-bd18-030b60a135e7@group-C8C62FEF0626, cid=3746, SUCCESS, logIndex=0, commits[f2ba01fc-a63e-4348-bd18-030b60a135e7:c5666, eab135d4-a257-4705-b491-6c056b8c5df7:c5664, a4f67574-9018-43e7-8a54-351e98dc3d0a:c5664]
2019-08-23 07:09:21,811 | INFO  | SCMAudit | user=jenkins1000 | ip=192.168.5.178 | op=ALLOCATE_BLOCK {owner=aaf04d22-10dd-4717-8862-c651bdde72cf, size=4194304, type=RATIS, factor=THREE} | ret=SUCCESS |  
2019-08-23 07:09:21,815 | INFO  | OMAudit | user=jenkins1000 | ip=127.0.0.1 | op=ALLOCATE_BLOCK {volume=vol-0-67663, bucket=bucket-0-68950, key=key-0-26970, dataSize=0, replicationType=null, replicationFactor=null, keyLocationInfo=null, clientID=102665036030476690} | ret=SUCCESS |  
2019-08-23 07:09:21,822 | INFO  | DNAudit | user=null | ip=null | op=WRITE_CHUNK {blockData=conID: 3 locID: 102665038188446415 bcsId: 0} | ret=SUCCESS |  
2019-08-23 07:09:21,825 | INFO  | DNAudit | user=null | ip=null | op=WRITE_CHUNK {blockData=conID: 3 locID: 102665038188446415 bcsId: 0} | ret=SUCCESS |  
2019-08-23 07:09:21,825 | INFO  | DNAudit | user=null | ip=null | op=WRITE_CHUNK {blockData=conID: 3 locID: 102665038188446415 bcsId: 0} | ret=SUCCESS |  
2019-08-23 07:09:21,825 | INFO  | DNAudit | user=null | ip=null | op=WRITE_CHUNK {blockData=conID: 3 locID: 102665038188446415 bcsId: 0} | ret=SUCCESS |  
2019-08-23 07:09:21,826 | INFO  | DNAudit | user=null | ip=null | op=WRITE_CHUNK {blockData=conID: 3 locID: 102665038188446415 bcsId: 0} | ret=SUCCESS |  
2019-08-23 07:09:21,827 | INFO  | DNAudit | user=null | ip=null | op=WRITE_CHUNK {blockData=conID: 3 locID: 102665038188446415 bcsId: 0} | ret=SUCCESS |  
2019-08-23 07:09:21,828 | INFO  | DNAudit | user=null | ip=null | op=WRITE_CHUNK {blockData=conID: 3 locID: 102665038188446415 bcsId: 0} | ret=SUCCESS |  
2019-08-23 07:09:21,829 | INFO  | DNAudit | user=null | ip=null | op=PUT_BLOCK {blockData=[blockId=conID: 3 locID: 102665038188446415 bcsId: 0,size=1048576]} | ret=SUCCESS |  
2019-08-23 07:09:21,829 [grpc-default-executor-4] INFO  client.GrpcClientProtocolClient (GrpcClientProtocolClient.java:onNext(255)) - client-D91E5D1E15CE->f2ba01fc-a63e-4348-bd18-030b60a135e7: receive RaftClientReply:client-D91E5D1E15CE->f2ba01fc-a63e-4348-bd18-030b60a135e7@group-C8C62FEF0626, cid=3747, SUCCESS, logIndex=5667, commits[f2ba01fc-a63e-4348-bd18-030b60a135e7:c5669, eab135d4-a257-4705-b491-6c056b8c5df7:c5666, a4f67574-9018-43e7-8a54-351e98dc3d0a:c5664]
2019-08-23 07:09:21,829 | INFO  | DNAudit | user=null | ip=null | op=WRITE_CHUNK {blockData=conID: 3 locID: 102665038188446415 bcsId: 0} | ret=SUCCESS |  
2019-08-23 07:09:21,830 [grpc-default-executor-4] INFO  client.GrpcClientProtocolClient (GrpcClientProtocolClient.java:onNext(255)) - client-D91E5D1E15CE->f2ba01fc-a63e-4348-bd18-030b60a135e7: receive RaftClientReply:client-D91E5D1E15CE->f2ba01fc-a63e-4348-bd18-030b60a135e7@group-C8C62FEF0626, cid=3748, SUCCESS, logIndex=5668, commits[f2ba01fc-a63e-4348-bd18-030b60a135e7:c5670, eab135d4-a257-4705-b491-6c056b8c5df7:c5666, a4f67574-9018-43e7-8a54-351e98dc3d0a:c5664]
2019-08-23 07:09:21,830 | INFO  | DNAudit | user=null | ip=null | op=PUT_BLOCK {blockData=[blockId=conID: 3 locID: 102665038188446415 bcsId: 0,size=2097152]} | ret=SUCCESS |  
2019-08-23 07:09:21,830 [grpc-default-executor-3] INFO  client.GrpcClientProtocolClient (GrpcClientProtocolClient.java:onNext(255)) - client-D91E5D1E15CE->f2ba01fc-a63e-4348-bd18-030b60a135e7: receive RaftClientReply:client-D91E5D1E15CE->f2ba01fc-a63e-4348-bd18-030b60a135e7@group-C8C62FEF0626, cid=3749, SUCCESS, logIndex=5669, commits[f2ba01fc-a63e-4348-bd18-030b60a135e7:c5670, eab135d4-a257-4705-b491-6c056b8c5df7:c5666, a4f67574-9018-43e7-8a54-351e98dc3d0a:c5664]
2019-08-23 07:09:21,831 [grpc-default-executor-3] INFO  client.GrpcClientProtocolClient (GrpcClientProtocolClient.java:onNext(255)) - client-D91E5D1E15CE->f2ba01fc-a63e-4348-bd18-030b60a135e7: receive RaftClientReply:client-D91E5D1E15CE->f2ba01fc-a63e-4348-bd18-030b60a135e7@group-C8C62FEF0626, cid=3750, SUCCESS, logIndex=5670, commits[f2ba01fc-a63e-4348-bd18-030b60a135e7:c5670, eab135d4-a257-4705-b491-6c056b8c5df7:c5666, a4f67574-9018-43e7-8a54-351e98dc3d0a:c5666]
2019-08-23 07:09:21,834 | INFO  | DNAudit | user=null | ip=null | op=WRITE_CHUNK {blockData=conID: 3 locID: 102665038188446415 bcsId: 0} | ret=SUCCESS |  
2019-08-23 07:09:21,834 | INFO  | DNAudit | user=null | ip=null | op=WRITE_CHUNK {blockData=conID: 3 locID: 102665038188446415 bcsId: 0} | ret=SUCCESS |  
2019-08-23 07:09:21,834 | INFO  | DNAudit | user=null | ip=null | op=PUT_BLOCK {blockData=[blockId=conID: 3 locID: 102665038188446415 bcsId: 0,size=1048576]} | ret=SUCCESS |  
2019-08-23 07:09:21,834 | INFO  | DNAudit | user=null | ip=null | op=PUT_BLOCK {blockData=[blockId=conID: 3 locID: 102665038188446415 bcsId: 0,size=1048576]} | ret=SUCCESS |  
2019-08-23 07:09:21,834 | INFO  | DNAudit | user=null | ip=null | op=WRITE_CHUNK {blockData=conID: 3 locID: 102665038188446415 bcsId: 0} | ret=SUCCESS |  
2019-08-23 07:09:21,834 | INFO  | DNAudit | user=null | ip=null | op=PUT_BLOCK {blockData=[blockId=conID: 3 locID: 102665038188446415 bcsId: 0,size=2097152]} | ret=SUCCESS |  
2019-08-23 07:09:21,834 [grpc-default-executor-3] INFO  client.GrpcClientProtocolClient (GrpcClientProtocolClient.java:onNext(255)) - client-D91E5D1E15CE->f2ba01fc-a63e-4348-bd18-030b60a135e7: receive RaftClientReply:client-D91E5D1E15CE->f2ba01fc-a63e-4348-bd18-030b60a135e7@group-C8C62FEF0626, cid=3751, SUCCESS, logIndex=0, commits[f2ba01fc-a63e-4348-bd18-030b60a135e7:c5671, eab135d4-a257-4705-b491-6c056b8c5df7:c5668, a4f67574-9018-43e7-8a54-351e98dc3d0a:c5668]
2019-08-23 07:09:21,836 | INFO  | DNAudit | user=null | ip=null | op=WRITE_CHUNK {blockData=conID: 3 locID: 102665038188446415 bcsId: 0} | ret=SUCCESS |  
2019-08-23 07:09:21,836 | INFO  | DNAudit | user=null | ip=null | op=PUT_BLOCK {blockData=[blockId=conID: 3 locID: 102665038188446415 bcsId: 0,size=2097152]} | ret=SUCCESS |  
2019-08-23 07:09:21,841 | INFO  | DNAudit | user=null | ip=null | op=WRITE_CHUNK {blockData=conID: 3 locID: 102665038188446415 bcsId: 5670} | ret=SUCCESS |  
2019-08-23 07:09:21,846 | INFO  | DNAudit | user=null | ip=null | op=WRITE_CHUNK {blockData=conID: 3 locID: 102665038188446415 bcsId: 5670} | ret=SUCCESS |  
2019-08-23 07:09:21,851 | INFO  | DNAudit | user=null | ip=null | op=WRITE_CHUNK {blockData=conID: 3 locID: 102665038188446415 bcsId: 5670} | ret=SUCCESS |  
2019-08-23 07:09:21,853 | INFO  | DNAudit | user=null | ip=null | op=WRITE_CHUNK {blockData=conID: 3 locID: 102665038188446415 bcsId: 5670} | ret=SUCCESS |  
2019-08-23 07:09:21,854 | INFO  | DNAudit | user=null | ip=null | op=PUT_BLOCK {blockData=[blockId=conID: 3 locID: 102665038188446415 bcsId: 0,size=3145728]} | ret=SUCCESS |  
2019-08-23 07:09:21,854 [grpc-default-executor-4] INFO  client.GrpcClientProtocolClient (GrpcClientProtocolClient.java:onNext(255)) - client-D91E5D1E15CE->f2ba01fc-a63e-4348-bd18-030b60a135e7: receive RaftClientReply:client-D91E5D1E15CE->f2ba01fc-a63e-4348-bd18-030b60a135e7@group-C8C62FEF0626, cid=3752, SUCCESS, logIndex=5675, commits[f2ba01fc-a63e-4348-bd18-030b60a135e7:c5676, eab135d4-a257-4705-b491-6c056b8c5df7:c5670, a4f67574-9018-43e7-8a54-351e98dc3d0a:c5674]
2019-08-23 07:09:21,854 [grpc-default-executor-4] INFO  client.GrpcClientProtocolClient (GrpcClientProtocolClient.java:onNext(255)) - client-D91E5D1E15CE->f2ba01fc-a63e-4348-bd18-030b60a135e7: receive RaftClientReply:client-D91E5D1E15CE->f2ba01fc-a63e-4348-bd18-030b60a135e7@group-C8C62FEF0626, cid=3753, SUCCESS, logIndex=5676, commits[f2ba01fc-a63e-4348-bd18-030b60a135e7:c5676, eab135d4-a257-4705-b491-6c056b8c5df7:c5670, a4f67574-9018-43e7-8a54-351e98dc3d0a:c5674]
2019-08-23 07:09:21,857 | INFO  | DNAudit | user=null | ip=null | op=WRITE_CHUNK {blockData=conID: 3 locID: 102665038188446415 bcsId: 5670} | ret=SUCCESS |  
2019-08-23 07:09:21,857 | INFO  | DNAudit | user=null | ip=null | op=PUT_BLOCK {blockData=[blockId=conID: 3 locID: 102665038188446415 bcsId: 0,size=3145728]} | ret=SUCCESS |  
2019-08-23 07:09:21,859 | INFO  | DNAudit | user=null | ip=null | op=WRITE_CHUNK {blockData=conID: 3 locID: 102665038188446415 bcsId: 5670} | ret=SUCCESS |  
2019-08-23 07:09:21,859 | INFO  | DNAudit | user=null | ip=null | op=PUT_BLOCK {blockData=[blockId=conID: 3 locID: 102665038188446415 bcsId: 0,size=3145728]} | ret=SUCCESS |  
2019-08-23 07:09:21,861 | INFO  | DNAudit | user=null | ip=null | op=WRITE_CHUNK {blockData=conID: 3 locID: 102665038188446415 bcsId: 5676} | ret=SUCCESS |  
2019-08-23 07:09:21,863 | INFO  | DNAudit | user=null | ip=null | op=WRITE_CHUNK {blockData=conID: 3 locID: 102665038188446415 bcsId: 5676} | ret=SUCCESS |  
2019-08-23 07:09:21,864 | INFO  | DNAudit | user=null | ip=null | op=WRITE_CHUNK {blockData=conID: 3 locID: 102665038188446415 bcsId: 5676} | ret=SUCCESS |  
2019-08-23 07:09:21,892 | INFO  | DNAudit | user=null | ip=null | op=WRITE_CHUNK {blockData=conID: 3 locID: 102665038188446415 bcsId: 5676} | ret=SUCCESS |  
2019-08-23 07:09:21,892 | INFO  | DNAudit | user=null | ip=null | op=PUT_BLOCK {blockData=[blockId=conID: 3 locID: 102665038188446415 bcsId: 0,size=4194304]} | ret=SUCCESS |  
2019-08-23 07:09:21,893 [grpc-default-executor-3] INFO  client.GrpcClientProtocolClient (GrpcClientProtocolClient.java:onNext(255)) - client-D91E5D1E15CE->f2ba01fc-a63e-4348-bd18-030b60a135e7: receive RaftClientReply:client-D91E5D1E15CE->f2ba01fc-a63e-4348-bd18-030b60a135e7@group-C8C62FEF0626, cid=3754, SUCCESS, logIndex=5679, commits[f2ba01fc-a63e-4348-bd18-030b60a135e7:c5680, eab135d4-a257-4705-b491-6c056b8c5df7:c5678, a4f67574-9018-43e7-8a54-351e98dc3d0a:c5678]
2019-08-23 07:09:21,893 [grpc-default-executor-3] INFO  client.GrpcClientProtocolClient (GrpcClientProtocolClient.java:onNext(255)) - client-D91E5D1E15CE->f2ba01fc-a63e-4348-bd18-030b60a135e7: receive RaftClientReply:client-D91E5D1E15CE->f2ba01fc-a63e-4348-bd18-030b60a135e7@group-C8C62FEF0626, cid=3755, SUCCESS, logIndex=5680, commits[f2ba01fc-a63e-4348-bd18-030b60a135e7:c5680, eab135d4-a257-4705-b491-6c056b8c5df7:c5678, a4f67574-9018-43e7-8a54-351e98dc3d0a:c5678]
2019-08-23 07:09:21,895 | INFO  | DNAudit | user=null | ip=null | op=WRITE_CHUNK {blockData=conID: 3 locID: 102665038188446415 bcsId: 5676} | ret=SUCCESS |  
2019-08-23 07:09:21,895 | INFO  | DNAudit | user=null | ip=null | op=WRITE_CHUNK {blockData=conID: 3 locID: 102665038188446415 bcsId: 5676} | ret=SUCCESS |  
2019-08-23 07:09:21,895 | INFO  | DNAudit | user=null | ip=null | op=PUT_BLOCK {blockData=[blockId=conID: 3 locID: 102665038188446415 bcsId: 0,size=4194304]} | ret=SUCCESS |  
2019-08-23 07:09:21,895 | INFO  | DNAudit | user=null | ip=null | op=PUT_BLOCK {blockData=[blockId=conID: 3 locID: 102665038188446415 bcsId: 0,size=4194304]} | ret=SUCCESS |  
2019-08-23 07:09:21,895 [grpc-default-executor-6] INFO  client.GrpcClientProtocolClient (GrpcClientProtocolClient.java:onNext(255)) - client-D91E5D1E15CE->f2ba01fc-a63e-4348-bd18-030b60a135e7: receive RaftClientReply:client-D91E5D1E15CE->f2ba01fc-a63e-4348-bd18-030b60a135e7@group-C8C62FEF0626, cid=3756, SUCCESS, logIndex=0, commits[f2ba01fc-a63e-4348-bd18-030b60a135e7:c5681, eab135d4-a257-4705-b491-6c056b8c5df7:c5680, a4f67574-9018-43e7-8a54-351e98dc3d0a:c5680]
2019-08-23 07:09:21,905 | INFO  | SCMAudit | user=jenkins1000 | ip=192.168.5.178 | op=ALLOCATE_BLOCK {owner=aaf04d22-10dd-4717-8862-c651bdde72cf, size=4194304, type=RATIS, factor=THREE} | ret=SUCCESS |  
2019-08-23 07:09:21,912 | INFO  | OMAudit | user=jenkins1000 | ip=127.0.0.1 | op=ALLOCATE_BLOCK {volume=vol-0-67663, bucket=bucket-0-68950, key=key-0-26970, dataSize=0, replicationType=null, replicationFactor=null, keyLocationInfo=null, clientID=102665036030476690} | ret=SUCCESS |  
2019-08-23 07:09:21,913 | INFO  | SCMAudit | user=jenkins1000 | ip=192.168.5.178 | op=SEND_HEARTBEAT {datanodeUUID=a4f67574-9018-43e7-8a54-351e98dc3d0a, command=[]} | ret=SUCCESS |  
2019-08-23 07:09:21,914 | INFO  | SCMAudit | user=jenkins1000 | ip=192.168.5.178 | op=SEND_HEARTBEAT {datanodeUUID=eab135d4-a257-4705-b491-6c056b8c5df7, command=[]} | ret=SUCCESS |  
2019-08-23 07:09:21,914 | INFO  | SCMAudit | user=jenkins1000 | ip=192.168.5.178 | op=SEND_HEARTBEAT {datanodeUUID=f2ba01fc-a63e-4348-bd18-030b60a135e7, command=[]} | ret=SUCCESS |  
2019-08-23 07:09:21,919 | INFO  | DNAudit | user=null | ip=null | op=WRITE_CHUNK {blockData=conID: 1 locID: 102665038194606800 bcsId: 0} | ret=SUCCESS |  
2019-08-23 07:09:21,921 | INFO  | DNAudit | user=null | ip=null | op=WRITE_CHUNK {blockData=conID: 1 locID: 102665038194606800 bcsId: 0} | ret=SUCCESS |  
2019-08-23 07:09:21,922 | INFO  | DNAudit | user=null | ip=null | op=WRITE_CHUNK {blockData=conID: 1 locID: 102665038194606800 bcsId: 0} | ret=SUCCESS |  
2019-08-23 07:09:21,922 | INFO  | DNAudit | user=null | ip=null | op=WRITE_CHUNK {blockData=conID: 1 locID: 102665038194606800 bcsId: 0} | ret=SUCCESS |  
2019-08-23 07:09:21,924 | INFO  | DNAudit | user=null | ip=null | op=WRITE_CHUNK {blockData=conID: 1 locID: 102665038194606800 bcsId: 0} | ret=SUCCESS |  
2019-08-23 07:09:21,924 | INFO  | DNAudit | user=null | ip=null | op=WRITE_CHUNK {blockData=conID: 1 locID: 102665038194606800 bcsId: 0} | ret=SUCCESS |  
2019-08-23 07:09:21,933 | INFO  | DNAudit | user=null | ip=null | op=WRITE_CHUNK {blockData=conID: 1 locID: 102665038194606800 bcsId: 0} | ret=SUCCESS |  
2019-08-23 07:09:21,933 | INFO  | DNAudit | user=null | ip=null | op=PUT_BLOCK {blockData=[blockId=conID: 1 locID: 102665038194606800 bcsId: 0,size=1048576]} | ret=SUCCESS |  
2019-08-23 07:09:21,933 [grpc-default-executor-0] INFO  client.GrpcClientProtocolClient (GrpcClientProtocolClient.java:onNext(255)) - client-D91E5D1E15CE->f2ba01fc-a63e-4348-bd18-030b60a135e7: receive RaftClientReply:client-D91E5D1E15CE->f2ba01fc-a63e-4348-bd18-030b60a135e7@group-C8C62FEF0626, cid=3757, SUCCESS, logIndex=5683, commits[f2ba01fc-a63e-4348-bd18-030b60a135e7:c5684, eab135d4-a257-4705-b491-6c056b8c5df7:c5682, a4f67574-9018-43e7-8a54-351e98dc3d0a:c5682]
2019-08-23 07:09:21,934 [grpc-default-executor-0] INFO  client.GrpcClientProtocolClient (GrpcClientProtocolClient.java:onNext(255)) - client-D91E5D1E15CE->f2ba01fc-a63e-4348-bd18-030b60a135e7: receive RaftClientReply:client-D91E5D1E15CE->f2ba01fc-a63e-4348-bd18-030b60a135e7@group-C8C62FEF0626, cid=3758, SUCCESS, logIndex=5684, commits[f2ba01fc-a63e-4348-bd18-030b60a135e7:c5684, eab135d4-a257-4705-b491-6c056b8c5df7:c5682, a4f67574-9018-43e7-8a54-351e98dc3d0a:c5682]
2019-08-23 07:09:21,943 | INFO  | DNAudit | user=null | ip=null | op=WRITE_CHUNK {blockData=conID: 1 locID: 102665038194606800 bcsId: 0} | ret=SUCCESS |  
2019-08-23 07:09:21,943 | INFO  | DNAudit | user=null | ip=null | op=PUT_BLOCK {blockData=[blockId=conID: 1 locID: 102665038194606800 bcsId: 0,size=2097152]} | ret=SUCCESS |  
2019-08-23 07:09:21,943 [grpc-default-executor-0] INFO  client.GrpcClientProtocolClient (GrpcClientProtocolClient.java:onNext(255)) - client-D91E5D1E15CE->f2ba01fc-a63e-4348-bd18-030b60a135e7: receive RaftClientReply:client-D91E5D1E15CE->f2ba01fc-a63e-4348-bd18-030b60a135e7@group-C8C62FEF0626, cid=3759, SUCCESS, logIndex=5685, commits[f2ba01fc-a63e-4348-bd18-030b60a135e7:c5686, eab135d4-a257-4705-b491-6c056b8c5df7:c5682, a4f67574-9018-43e7-8a54-351e98dc3d0a:c5682]
2019-08-23 07:09:21,944 [grpc-default-executor-0] INFO  client.GrpcClientProtocolClient (GrpcClientProtocolClient.java:onNext(255)) - client-D91E5D1E15CE->f2ba01fc-a63e-4348-bd18-030b60a135e7: receive RaftClientReply:client-D91E5D1E15CE->f2ba01fc-a63e-4348-bd18-030b60a135e7@group-C8C62FEF0626, cid=3760, SUCCESS, logIndex=5686, commits[f2ba01fc-a63e-4348-bd18-030b60a135e7:c5686, eab135d4-a257-4705-b491-6c056b8c5df7:c5682, a4f67574-9018-43e7-8a54-351e98dc3d0a:c5682]
2019-08-23 07:09:21,945 | INFO  | DNAudit | user=null | ip=null | op=WRITE_CHUNK {blockData=conID: 1 locID: 102665038194606800 bcsId: 0} | ret=SUCCESS |  
2019-08-23 07:09:21,945 | INFO  | DNAudit | user=null | ip=null | op=WRITE_CHUNK {blockData=conID: 1 locID: 102665038194606800 bcsId: 0} | ret=SUCCESS |  
2019-08-23 07:09:21,945 | INFO  | DNAudit | user=null | ip=null | op=PUT_BLOCK {blockData=[blockId=conID: 1 locID: 102665038194606800 bcsId: 0,size=1048576]} | ret=SUCCESS |  
2019-08-23 07:09:21,946 | INFO  | DNAudit | user=null | ip=null | op=PUT_BLOCK {blockData=[blockId=conID: 1 locID: 102665038194606800 bcsId: 0,size=1048576]} | ret=SUCCESS |  
2019-08-23 07:09:21,946 [grpc-default-executor-0] INFO  client.GrpcClientProtocolClient (GrpcClientProtocolClient.java:onNext(255)) - client-D91E5D1E15CE->f2ba01fc-a63e-4348-bd18-030b60a135e7: receive RaftClientReply:client-D91E5D1E15CE->f2ba01fc-a63e-4348-bd18-030b60a135e7@group-C8C62FEF0626, cid=3761, SUCCESS, logIndex=0, commits[f2ba01fc-a63e-4348-bd18-030b60a135e7:c5686, eab135d4-a257-4705-b491-6c056b8c5df7:c5684, a4f67574-9018-43e7-8a54-351e98dc3d0a:c5684]
2019-08-23 07:09:21,952 | INFO  | DNAudit | user=null | ip=null | op=WRITE_CHUNK {blockData=conID: 1 locID: 102665038194606800 bcsId: 5686} | ret=SUCCESS |  
2019-08-23 07:09:21,954 | INFO  | DNAudit | user=null | ip=null | op=WRITE_CHUNK {blockData=conID: 1 locID: 102665038194606800 bcsId: 5686} | ret=SUCCESS |  
2019-08-23 07:09:21,954 | INFO  | DNAudit | user=null | ip=null | op=WRITE_CHUNK {blockData=conID: 1 locID: 102665038194606800 bcsId: 5686} | ret=SUCCESS |  
2019-08-23 07:09:21,971 | INFO  | DNAudit | user=null | ip=null | op=WRITE_CHUNK {blockData=conID: 1 locID: 102665038194606800 bcsId: 0} | ret=SUCCESS |  
2019-08-23 07:09:21,971 | INFO  | DNAudit | user=null | ip=null | op=WRITE_CHUNK {blockData=conID: 1 locID: 102665038194606800 bcsId: 0} | ret=SUCCESS |  
2019-08-23 07:09:21,971 | INFO  | DNAudit | user=null | ip=null | op=WRITE_CHUNK {blockData=conID: 1 locID: 102665038194606800 bcsId: 5686} | ret=SUCCESS |  
2019-08-23 07:09:21,971 | INFO  | DNAudit | user=null | ip=null | op=PUT_BLOCK {blockData=[blockId=conID: 1 locID: 102665038194606800 bcsId: 0,size=2097152]} | ret=SUCCESS |  
2019-08-23 07:09:21,972 | INFO  | DNAudit | user=null | ip=null | op=PUT_BLOCK {blockData=[blockId=conID: 1 locID: 102665038194606800 bcsId: 0,size=2097152]} | ret=SUCCESS |  
2019-08-23 07:09:21,972 | INFO  | DNAudit | user=null | ip=null | op=PUT_BLOCK {blockData=[blockId=conID: 1 locID: 102665038194606800 bcsId: 0,size=3145728]} | ret=SUCCESS |  
2019-08-23 07:09:21,972 [grpc-default-executor-0] INFO  client.GrpcClientProtocolClient (GrpcClientProtocolClient.java:onNext(255)) - client-D91E5D1E15CE->f2ba01fc-a63e-4348-bd18-030b60a135e7: receive RaftClientReply:client-D91E5D1E15CE->f2ba01fc-a63e-4348-bd18-030b60a135e7@group-C8C62FEF0626, cid=3762, SUCCESS, logIndex=5691, commits[f2ba01fc-a63e-4348-bd18-030b60a135e7:c5692, eab135d4-a257-4705-b491-6c056b8c5df7:c5684, a4f67574-9018-43e7-8a54-351e98dc3d0a:c5686]
2019-08-23 07:09:21,972 [grpc-default-executor-0] INFO  client.GrpcClientProtocolClient (GrpcClientProtocolClient.java:onNext(255)) - client-D91E5D1E15CE->f2ba01fc-a63e-4348-bd18-030b60a135e7: receive RaftClientReply:client-D91E5D1E15CE->f2ba01fc-a63e-4348-bd18-030b60a135e7@group-C8C62FEF0626, cid=3763, SUCCESS, logIndex=5692, commits[f2ba01fc-a63e-4348-bd18-030b60a135e7:c5692, eab135d4-a257-4705-b491-6c056b8c5df7:c5686, a4f67574-9018-43e7-8a54-351e98dc3d0a:c5686]
2019-08-23 07:09:21,980 | INFO  | DNAudit | user=null | ip=null | op=WRITE_CHUNK {blockData=conID: 1 locID: 102665038194606800 bcsId: 5692} | ret=SUCCESS |  
2019-08-23 07:09:21,982 | INFO  | DNAudit | user=null | ip=null | op=WRITE_CHUNK {blockData=conID: 1 locID: 102665038194606800 bcsId: 5692} | ret=SUCCESS |  
2019-08-23 07:09:21,982 | INFO  | DNAudit | user=null | ip=null | op=WRITE_CHUNK {blockData=conID: 1 locID: 102665038194606800 bcsId: 5692} | ret=SUCCESS |  
2019-08-23 07:09:21,984 | INFO  | DNAudit | user=null | ip=null | op=WRITE_CHUNK {blockData=conID: 1 locID: 102665038194606800 bcsId: 5686} | ret=SUCCESS |  
2019-08-23 07:09:21,984 | INFO  | DNAudit | user=null | ip=null | op=WRITE_CHUNK {blockData=conID: 1 locID: 102665038194606800 bcsId: 5686} | ret=SUCCESS |  
2019-08-23 07:09:21,985 | INFO  | DNAudit | user=null | ip=null | op=PUT_BLOCK {blockData=[blockId=conID: 1 locID: 102665038194606800 bcsId: 0,size=3145728]} | ret=SUCCESS |  
2019-08-23 07:09:21,985 | INFO  | DNAudit | user=null | ip=null | op=PUT_BLOCK {blockData=[blockId=conID: 1 locID: 102665038194606800 bcsId: 0,size=3145728]} | ret=SUCCESS |  
2019-08-23 07:09:22,004 | INFO  | DNAudit | user=null | ip=null | op=WRITE_CHUNK {blockData=conID: 1 locID: 102665038194606800 bcsId: 5692} | ret=SUCCESS |  
2019-08-23 07:09:22,005 | INFO  | DNAudit | user=null | ip=null | op=PUT_BLOCK {blockData=[blockId=conID: 1 locID: 102665038194606800 bcsId: 0,size=4194304]} | ret=SUCCESS |  
2019-08-23 07:09:22,005 [grpc-default-executor-4] INFO  client.GrpcClientProtocolClient (GrpcClientProtocolClient.java:onNext(255)) - client-D91E5D1E15CE->f2ba01fc-a63e-4348-bd18-030b60a135e7: receive RaftClientReply:client-D91E5D1E15CE->f2ba01fc-a63e-4348-bd18-030b60a135e7@group-C8C62FEF0626, cid=3764, SUCCESS, logIndex=5695, commits[f2ba01fc-a63e-4348-bd18-030b60a135e7:c5696, eab135d4-a257-4705-b491-6c056b8c5df7:c5692, a4f67574-9018-43e7-8a54-351e98dc3d0a:c5692]
2019-08-23 07:09:22,005 [grpc-default-executor-4] INFO  client.GrpcClientProtocolClient (GrpcClientProtocolClient.java:onNext(255)) - client-D91E5D1E15CE->f2ba01fc-a63e-4348-bd18-030b60a135e7: receive RaftClientReply:client-D91E5D1E15CE->f2ba01fc-a63e-4348-bd18-030b60a135e7@group-C8C62FEF0626, cid=3765, SUCCESS, logIndex=5696, commits[f2ba01fc-a63e-4348-bd18-030b60a135e7:c5696, eab135d4-a257-4705-b491-6c056b8c5df7:c5692, a4f67574-9018-43e7-8a54-351e98dc3d0a:c5692]
2019-08-23 07:09:22,024 | INFO  | DNAudit | user=null | ip=null | op=WRITE_CHUNK {blockData=conID: 1 locID: 102665038194606800 bcsId: 5692} | ret=SUCCESS |  
2019-08-23 07:09:22,024 | INFO  | DNAudit | user=null | ip=null | op=WRITE_CHUNK {blockData=conID: 1 locID: 102665038194606800 bcsId: 5692} | ret=SUCCESS |  
2019-08-23 07:09:22,027 | INFO  | DNAudit | user=null | ip=null | op=PUT_BLOCK {blockData=[blockId=conID: 1 locID: 102665038194606800 bcsId: 0,size=4194304]} | ret=SUCCESS |  
2019-08-23 07:09:22,027 | INFO  | DNAudit | user=null | ip=null | op=PUT_BLOCK {blockData=[blockId=conID: 1 locID: 102665038194606800 bcsId: 0,size=4194304]} | ret=SUCCESS |  
2019-08-23 07:09:22,028 [grpc-default-executor-4] INFO  client.GrpcClientProtocolClient (GrpcClientProtocolClient.java:onNext(255)) - client-D91E5D1E15CE->f2ba01fc-a63e-4348-bd18-030b60a135e7: receive RaftClientReply:client-D91E5D1E15CE->f2ba01fc-a63e-4348-bd18-030b60a135e7@group-C8C62FEF0626, cid=3766, SUCCESS, logIndex=0, commits[f2ba01fc-a63e-4348-bd18-030b60a135e7:c5698, eab135d4-a257-4705-b491-6c056b8c5df7:c5696, a4f67574-9018-43e7-8a54-351e98dc3d0a:c5696]
2019-08-23 07:09:22,037 | INFO  | SCMAudit | user=jenkins1000 | ip=192.168.5.178 | op=ALLOCATE_BLOCK {owner=aaf04d22-10dd-4717-8862-c651bdde72cf, size=4194304, type=RATIS, factor=THREE} | ret=SUCCESS |  
2019-08-23 07:09:22,043 | INFO  | OMAudit | user=jenkins1000 | ip=127.0.0.1 | op=ALLOCATE_BLOCK {volume=vol-0-67663, bucket=bucket-0-68950, key=key-0-26970, dataSize=0, replicationType=null, replicationFactor=null, keyLocationInfo=null, clientID=102665036030476690} | ret=SUCCESS |  
2019-08-23 07:09:22,052 | INFO  | DNAudit | user=null | ip=null | op=WRITE_CHUNK {blockData=conID: 2 locID: 102665038203257553 bcsId: 0} | ret=SUCCESS |  
2019-08-23 07:09:22,054 | INFO  | DNAudit | user=null | ip=null | op=WRITE_CHUNK {blockData=conID: 2 locID: 102665038203257553 bcsId: 0} | ret=SUCCESS |  
2019-08-23 07:09:22,054 | INFO  | DNAudit | user=null | ip=null | op=WRITE_CHUNK {blockData=conID: 2 locID: 102665038203257553 bcsId: 0} | ret=SUCCESS |  
2019-08-23 07:09:22,054 | INFO  | DNAudit | user=null | ip=null | op=WRITE_CHUNK {blockData=conID: 2 locID: 102665038203257553 bcsId: 0} | ret=SUCCESS |  
2019-08-23 07:09:22,057 | INFO  | DNAudit | user=null | ip=null | op=WRITE_CHUNK {blockData=conID: 2 locID: 102665038203257553 bcsId: 0} | ret=SUCCESS |  
2019-08-23 07:09:22,057 | INFO  | DNAudit | user=null | ip=null | op=WRITE_CHUNK {blockData=conID: 2 locID: 102665038203257553 bcsId: 0} | ret=SUCCESS |  
2019-08-23 07:09:22,068 | INFO  | DNAudit | user=null | ip=null | op=WRITE_CHUNK {blockData=conID: 2 locID: 102665038203257553 bcsId: 0} | ret=SUCCESS |  
2019-08-23 07:09:22,069 | INFO  | DNAudit | user=null | ip=null | op=PUT_BLOCK {blockData=[blockId=conID: 2 locID: 102665038203257553 bcsId: 0,size=1048576]} | ret=SUCCESS |  
2019-08-23 07:09:22,069 [grpc-default-executor-4] INFO  client.GrpcClientProtocolClient (GrpcClientProtocolClient.java:onNext(255)) - client-D91E5D1E15CE->f2ba01fc-a63e-4348-bd18-030b60a135e7: receive RaftClientReply:client-D91E5D1E15CE->f2ba01fc-a63e-4348-bd18-030b60a135e7@group-C8C62FEF0626, cid=3767, SUCCESS, logIndex=5699, commits[f2ba01fc-a63e-4348-bd18-030b60a135e7:c5700, eab135d4-a257-4705-b491-6c056b8c5df7:c5698, a4f67574-9018-43e7-8a54-351e98dc3d0a:c5698]
2019-08-23 07:09:22,069 [grpc-default-executor-4] INFO  client.GrpcClientProtocolClient (GrpcClientProtocolClient.java:onNext(255)) - client-D91E5D1E15CE->f2ba01fc-a63e-4348-bd18-030b60a135e7: receive RaftClientReply:client-D91E5D1E15CE->f2ba01fc-a63e-4348-bd18-030b60a135e7@group-C8C62FEF0626, cid=3768, SUCCESS, logIndex=5700, commits[f2ba01fc-a63e-4348-bd18-030b60a135e7:c5700, eab135d4-a257-4705-b491-6c056b8c5df7:c5698, a4f67574-9018-43e7-8a54-351e98dc3d0a:c5698]
2019-08-23 07:09:22,070 | INFO  | DNAudit | user=null | ip=null | op=WRITE_CHUNK {blockData=conID: 2 locID: 102665038203257553 bcsId: 0} | ret=SUCCESS |  
2019-08-23 07:09:22,070 | INFO  | DNAudit | user=null | ip=null | op=PUT_BLOCK {blockData=[blockId=conID: 2 locID: 102665038203257553 bcsId: 0,size=2097152]} | ret=SUCCESS |  
2019-08-23 07:09:22,070 [grpc-default-executor-0] INFO  client.GrpcClientProtocolClient (GrpcClientProtocolClient.java:onNext(255)) - client-D91E5D1E15CE->f2ba01fc-a63e-4348-bd18-030b60a135e7: receive RaftClientReply:client-D91E5D1E15CE->f2ba01fc-a63e-4348-bd18-030b60a135e7@group-C8C62FEF0626, cid=3769, SUCCESS, logIndex=5701, commits[f2ba01fc-a63e-4348-bd18-030b60a135e7:c5702, eab135d4-a257-4705-b491-6c056b8c5df7:c5698, a4f67574-9018-43e7-8a54-351e98dc3d0a:c5698]
2019-08-23 07:09:22,071 [grpc-default-executor-0] INFO  client.GrpcClientProtocolClient (GrpcClientProtocolClient.java:onNext(255)) - client-D91E5D1E15CE->f2ba01fc-a63e-4348-bd18-030b60a135e7: receive RaftClientReply:client-D91E5D1E15CE->f2ba01fc-a63e-4348-bd18-030b60a135e7@group-C8C62FEF0626, cid=3770, SUCCESS, logIndex=5702, commits[f2ba01fc-a63e-4348-bd18-030b60a135e7:c5702, eab135d4-a257-4705-b491-6c056b8c5df7:c5698, a4f67574-9018-43e7-8a54-351e98dc3d0a:c5698]
2019-08-23 07:09:22,073 | INFO  | DNAudit | user=null | ip=null | op=WRITE_CHUNK {blockData=conID: 2 locID: 102665038203257553 bcsId: 0} | ret=SUCCESS |  
2019-08-23 07:09:22,073 | INFO  | DNAudit | user=null | ip=null | op=PUT_BLOCK {blockData=[blockId=conID: 2 locID: 102665038203257553 bcsId: 0,size=1048576]} | ret=SUCCESS |  
2019-08-23 07:09:22,075 | INFO  | DNAudit | user=null | ip=null | op=WRITE_CHUNK {blockData=conID: 2 locID: 102665038203257553 bcsId: 0} | ret=SUCCESS |  
2019-08-23 07:09:22,075 | INFO  | DNAudit | user=null | ip=null | op=PUT_BLOCK {blockData=[blockId=conID: 2 locID: 102665038203257553 bcsId: 0,size=1048576]} | ret=SUCCESS |  
2019-08-23 07:09:22,075 | INFO  | DNAudit | user=null | ip=null | op=WRITE_CHUNK {blockData=conID: 2 locID: 102665038203257553 bcsId: 0} | ret=SUCCESS |  
2019-08-23 07:09:22,076 | INFO  | DNAudit | user=null | ip=null | op=PUT_BLOCK {blockData=[blockId=conID: 2 locID: 102665038203257553 bcsId: 0,size=2097152]} | ret=SUCCESS |  
2019-08-23 07:09:22,076 [grpc-default-executor-0] INFO  client.GrpcClientProtocolClient (GrpcClientProtocolClient.java:onNext(255)) - client-D91E5D1E15CE->f2ba01fc-a63e-4348-bd18-030b60a135e7: receive RaftClientReply:client-D91E5D1E15CE->f2ba01fc-a63e-4348-bd18-030b60a135e7@group-C8C62FEF0626, cid=3771, SUCCESS, logIndex=0, commits[f2ba01fc-a63e-4348-bd18-030b60a135e7:c5703, eab135d4-a257-4705-b491-6c056b8c5df7:c5700, a4f67574-9018-43e7-8a54-351e98dc3d0a:c5700]
2019-08-23 07:09:22,076 | INFO  | DNAudit | user=null | ip=null | op=WRITE_CHUNK {blockData=conID: 2 locID: 102665038203257553 bcsId: 0} | ret=SUCCESS |  
2019-08-23 07:09:22,076 | INFO  | DNAudit | user=null | ip=null | op=PUT_BLOCK {blockData=[blockId=conID: 2 locID: 102665038203257553 bcsId: 0,size=2097152]} | ret=SUCCESS |  
2019-08-23 07:09:22,083 | INFO  | DNAudit | user=null | ip=null | op=WRITE_CHUNK {blockData=conID: 2 locID: 102665038203257553 bcsId: 5702} | ret=SUCCESS |  
2019-08-23 07:09:22,085 | INFO  | DNAudit | user=null | ip=null | op=WRITE_CHUNK {blockData=conID: 2 locID: 102665038203257553 bcsId: 5702} | ret=SUCCESS |  
2019-08-23 07:09:22,085 | INFO  | DNAudit | user=null | ip=null | op=WRITE_CHUNK {blockData=conID: 2 locID: 102665038203257553 bcsId: 5702} | ret=SUCCESS |  
2019-08-23 07:09:22,088 | INFO  | DNAudit | user=null | ip=null | op=WRITE_CHUNK {blockData=conID: 2 locID: 102665038203257553 bcsId: 5702} | ret=SUCCESS |  
2019-08-23 07:09:22,088 | INFO  | DNAudit | user=null | ip=null | op=PUT_BLOCK {blockData=[blockId=conID: 2 locID: 102665038203257553 bcsId: 0,size=3145728]} | ret=SUCCESS |  
2019-08-23 07:09:22,088 [grpc-default-executor-6] INFO  client.GrpcClientProtocolClient (GrpcClientProtocolClient.java:onNext(255)) - client-D91E5D1E15CE->f2ba01fc-a63e-4348-bd18-030b60a135e7: receive RaftClientReply:client-D91E5D1E15CE->f2ba01fc-a63e-4348-bd18-030b60a135e7@group-C8C62FEF0626, cid=3772, SUCCESS, logIndex=5706, commits[f2ba01fc-a63e-4348-bd18-030b60a135e7:c5707, eab135d4-a257-4705-b491-6c056b8c5df7:c5705, a4f67574-9018-43e7-8a54-351e98dc3d0a:c5705]
2019-08-23 07:09:22,089 [grpc-default-executor-6] INFO  client.GrpcClientProtocolClient (GrpcClientProtocolClient.java:onNext(255)) - client-D91E5D1E15CE->f2ba01fc-a63e-4348-bd18-030b60a135e7: receive RaftClientReply:client-D91E5D1E15CE->f2ba01fc-a63e-4348-bd18-030b60a135e7@group-C8C62FEF0626, cid=3773, SUCCESS, logIndex=5707, commits[f2ba01fc-a63e-4348-bd18-030b60a135e7:c5707, eab135d4-a257-4705-b491-6c056b8c5df7:c5705, a4f67574-9018-43e7-8a54-351e98dc3d0a:c5705]
2019-08-23 07:09:22,089 | INFO  | DNAudit | user=null | ip=null | op=WRITE_CHUNK {blockData=conID: 2 locID: 102665038203257553 bcsId: 5702} | ret=SUCCESS |  
2019-08-23 07:09:22,089 | INFO  | DNAudit | user=null | ip=null | op=WRITE_CHUNK {blockData=conID: 2 locID: 102665038203257553 bcsId: 5702} | ret=SUCCESS |  
2019-08-23 07:09:22,089 | INFO  | DNAudit | user=null | ip=null | op=PUT_BLOCK {blockData=[blockId=conID: 2 locID: 102665038203257553 bcsId: 0,size=3145728]} | ret=SUCCESS |  
2019-08-23 07:09:22,089 | INFO  | DNAudit | user=null | ip=null | op=PUT_BLOCK {blockData=[blockId=conID: 2 locID: 102665038203257553 bcsId: 0,size=3145728]} | ret=SUCCESS |  
2019-08-23 07:09:22,096 | INFO  | DNAudit | user=null | ip=null | op=WRITE_CHUNK {blockData=conID: 2 locID: 102665038203257553 bcsId: 5707} | ret=SUCCESS |  
2019-08-23 07:09:22,098 | INFO  | DNAudit | user=null | ip=null | op=WRITE_CHUNK {blockData=conID: 2 locID: 102665038203257553 bcsId: 5707} | ret=SUCCESS |  
2019-08-23 07:09:22,099 | INFO  | DNAudit | user=null | ip=null | op=WRITE_CHUNK {blockData=conID: 2 locID: 102665038203257553 bcsId: 5707} | ret=SUCCESS |  
2019-08-23 07:09:22,101 | INFO  | DNAudit | user=null | ip=null | op=WRITE_CHUNK {blockData=conID: 2 locID: 102665038203257553 bcsId: 5707} | ret=SUCCESS |  
2019-08-23 07:09:22,101 | INFO  | DNAudit | user=null | ip=null | op=PUT_BLOCK {blockData=[blockId=conID: 2 locID: 102665038203257553 bcsId: 0,size=4194304]} | ret=SUCCESS |  
2019-08-23 07:09:22,101 [grpc-default-executor-6] INFO  client.GrpcClientProtocolClient (GrpcClientProtocolClient.java:onNext(255)) - client-D91E5D1E15CE->f2ba01fc-a63e-4348-bd18-030b60a135e7: receive RaftClientReply:client-D91E5D1E15CE->f2ba01fc-a63e-4348-bd18-030b60a135e7@group-C8C62FEF0626, cid=3774, SUCCESS, logIndex=5710, commits[f2ba01fc-a63e-4348-bd18-030b60a135e7:c5711, eab135d4-a257-4705-b491-6c056b8c5df7:c5707, a4f67574-9018-43e7-8a54-351e98dc3d0a:c5709]
2019-08-23 07:09:22,102 [grpc-default-executor-6] INFO  client.GrpcClientProtocolClient (GrpcClientProtocolClient.java:onNext(255)) - client-D91E5D1E15CE->f2ba01fc-a63e-4348-bd18-030b60a135e7: receive RaftClientReply:client-D91E5D1E15CE->f2ba01fc-a63e-4348-bd18-030b60a135e7@group-C8C62FEF0626, cid=3775, SUCCESS, logIndex=5711, commits[f2ba01fc-a63e-4348-bd18-030b60a135e7:c5711, eab135d4-a257-4705-b491-6c056b8c5df7:c5709, a4f67574-9018-43e7-8a54-351e98dc3d0a:c5709]
2019-08-23 07:09:22,103 | INFO  | DNAudit | user=null | ip=null | op=WRITE_CHUNK {blockData=conID: 2 locID: 102665038203257553 bcsId: 5707} | ret=SUCCESS |  
2019-08-23 07:09:22,103 | INFO  | DNAudit | user=null | ip=null | op=WRITE_CHUNK {blockData=conID: 2 locID: 102665038203257553 bcsId: 5707} | ret=SUCCESS |  
2019-08-23 07:09:22,103 | INFO  | DNAudit | user=null | ip=null | op=PUT_BLOCK {blockData=[blockId=conID: 2 locID: 102665038203257553 bcsId: 0,size=4194304]} | ret=SUCCESS |  
2019-08-23 07:09:22,103 | INFO  | DNAudit | user=null | ip=null | op=PUT_BLOCK {blockData=[blockId=conID: 2 locID: 102665038203257553 bcsId: 0,size=4194304]} | ret=SUCCESS |  
2019-08-23 07:09:22,104 [grpc-default-executor-6] INFO  client.GrpcClientProtocolClient (GrpcClientProtocolClient.java:onNext(255)) - client-D91E5D1E15CE->f2ba01fc-a63e-4348-bd18-030b60a135e7: receive RaftClientReply:client-D91E5D1E15CE->f2ba01fc-a63e-4348-bd18-030b60a135e7@group-C8C62FEF0626, cid=3776, SUCCESS, logIndex=0, commits[f2ba01fc-a63e-4348-bd18-030b60a135e7:c5712, eab135d4-a257-4705-b491-6c056b8c5df7:c5711, a4f67574-9018-43e7-8a54-351e98dc3d0a:c5711]
2019-08-23 07:09:22,112 | INFO  | SCMAudit | user=jenkins1000 | ip=192.168.5.178 | op=ALLOCATE_BLOCK {owner=aaf04d22-10dd-4717-8862-c651bdde72cf, size=4194304, type=RATIS, factor=THREE} | ret=SUCCESS |  
2019-08-23 07:09:22,118 | INFO  | OMAudit | user=jenkins1000 | ip=127.0.0.1 | op=ALLOCATE_BLOCK {volume=vol-0-67663, bucket=bucket-0-68950, key=key-0-26970, dataSize=0, replicationType=null, replicationFactor=null, keyLocationInfo=null, clientID=102665036030476690} | ret=SUCCESS |  
2019-08-23 07:09:22,126 | INFO  | DNAudit | user=null | ip=null | op=WRITE_CHUNK {blockData=conID: 3 locID: 102665038208172754 bcsId: 0} | ret=SUCCESS |  
2019-08-23 07:09:22,129 | INFO  | DNAudit | user=null | ip=null | op=WRITE_CHUNK {blockData=conID: 3 locID: 102665038208172754 bcsId: 0} | ret=SUCCESS |  
2019-08-23 07:09:22,129 | INFO  | DNAudit | user=null | ip=null | op=WRITE_CHUNK {blockData=conID: 3 locID: 102665038208172754 bcsId: 0} | ret=SUCCESS |  
2019-08-23 07:09:22,130 | INFO  | DNAudit | user=null | ip=null | op=WRITE_CHUNK {blockData=conID: 3 locID: 102665038208172754 bcsId: 0} | ret=SUCCESS |  
2019-08-23 07:09:22,131 | INFO  | DNAudit | user=null | ip=null | op=WRITE_CHUNK {blockData=conID: 3 locID: 102665038208172754 bcsId: 0} | ret=SUCCESS |  
2019-08-23 07:09:22,132 | INFO  | DNAudit | user=null | ip=null | op=PUT_BLOCK {blockData=[blockId=conID: 3 locID: 102665038208172754 bcsId: 0,size=1048576]} | ret=SUCCESS |  
2019-08-23 07:09:22,132 [grpc-default-executor-4] INFO  client.GrpcClientProtocolClient (GrpcClientProtocolClient.java:onNext(255)) - client-D91E5D1E15CE->f2ba01fc-a63e-4348-bd18-030b60a135e7: receive RaftClientReply:client-D91E5D1E15CE->f2ba01fc-a63e-4348-bd18-030b60a135e7@group-C8C62FEF0626, cid=3777, SUCCESS, logIndex=5714, commits[f2ba01fc-a63e-4348-bd18-030b60a135e7:c5715, eab135d4-a257-4705-b491-6c056b8c5df7:c5713, a4f67574-9018-43e7-8a54-351e98dc3d0a:c5713]
2019-08-23 07:09:22,132 | INFO  | DNAudit | user=null | ip=null | op=WRITE_CHUNK {blockData=conID: 3 locID: 102665038208172754 bcsId: 0} | ret=SUCCESS |  
2019-08-23 07:09:22,132 | INFO  | DNAudit | user=null | ip=null | op=WRITE_CHUNK {blockData=conID: 3 locID: 102665038208172754 bcsId: 0} | ret=SUCCESS |  
2019-08-23 07:09:22,132 [grpc-default-executor-4] INFO  client.GrpcClientProtocolClient (GrpcClientProtocolClient.java:onNext(255)) - client-D91E5D1E15CE->f2ba01fc-a63e-4348-bd18-030b60a135e7: receive RaftClientReply:client-D91E5D1E15CE->f2ba01fc-a63e-4348-bd18-030b60a135e7@group-C8C62FEF0626, cid=3778, SUCCESS, logIndex=5715, commits[f2ba01fc-a63e-4348-bd18-030b60a135e7:c5715, eab135d4-a257-4705-b491-6c056b8c5df7:c5713, a4f67574-9018-43e7-8a54-351e98dc3d0a:c5713]
2019-08-23 07:09:22,134 | INFO  | DNAudit | user=null | ip=null | op=WRITE_CHUNK {blockData=conID: 3 locID: 102665038208172754 bcsId: 0} | ret=SUCCESS |  
2019-08-23 07:09:22,134 | INFO  | DNAudit | user=null | ip=null | op=WRITE_CHUNK {blockData=conID: 3 locID: 102665038208172754 bcsId: 0} | ret=SUCCESS |  
2019-08-23 07:09:22,134 | INFO  | DNAudit | user=null | ip=null | op=PUT_BLOCK {blockData=[blockId=conID: 3 locID: 102665038208172754 bcsId: 0,size=2097152]} | ret=SUCCESS |  
2019-08-23 07:09:22,134 | INFO  | DNAudit | user=null | ip=null | op=PUT_BLOCK {blockData=[blockId=conID: 3 locID: 102665038208172754 bcsId: 0,size=1048576]} | ret=SUCCESS |  
2019-08-23 07:09:22,134 [grpc-default-executor-6] INFO  client.GrpcClientProtocolClient (GrpcClientProtocolClient.java:onNext(255)) - client-D91E5D1E15CE->f2ba01fc-a63e-4348-bd18-030b60a135e7: receive RaftClientReply:client-D91E5D1E15CE->f2ba01fc-a63e-4348-bd18-030b60a135e7@group-C8C62FEF0626, cid=3779, SUCCESS, logIndex=5716, commits[f2ba01fc-a63e-4348-bd18-030b60a135e7:c5719, eab135d4-a257-4705-b491-6c056b8c5df7:c5715, a4f67574-9018-43e7-8a54-351e98dc3d0a:c5713]
2019-08-23 07:09:22,135 [grpc-default-executor-6] INFO  client.GrpcClientProtocolClient (GrpcClientProtocolClient.java:onNext(255)) - client-D91E5D1E15CE->f2ba01fc-a63e-4348-bd18-030b60a135e7: receive RaftClientReply:client-D91E5D1E15CE->f2ba01fc-a63e-4348-bd18-030b60a135e7@group-C8C62FEF0626, cid=3780, SUCCESS, logIndex=5717, commits[f2ba01fc-a63e-4348-bd18-030b60a135e7:c5719, eab135d4-a257-4705-b491-6c056b8c5df7:c5715, a4f67574-9018-43e7-8a54-351e98dc3d0a:c5713]
2019-08-23 07:09:22,135 | INFO  | DNAudit | user=null | ip=null | op=WRITE_CHUNK {blockData=conID: 3 locID: 102665038208172754 bcsId: 0} | ret=SUCCESS |  
2019-08-23 07:09:22,136 | INFO  | DNAudit | user=null | ip=null | op=PUT_BLOCK {blockData=[blockId=conID: 3 locID: 102665038208172754 bcsId: 0,size=1048576]} | ret=SUCCESS |  
2019-08-23 07:09:22,136 [grpc-default-executor-0] INFO  client.GrpcClientProtocolClient (GrpcClientProtocolClient.java:onNext(255)) - client-D91E5D1E15CE->f2ba01fc-a63e-4348-bd18-030b60a135e7: receive RaftClientReply:client-D91E5D1E15CE->f2ba01fc-a63e-4348-bd18-030b60a135e7@group-C8C62FEF0626, cid=3781, SUCCESS, logIndex=0, commits[f2ba01fc-a63e-4348-bd18-030b60a135e7:c5719, eab135d4-a257-4705-b491-6c056b8c5df7:c5715, a4f67574-9018-43e7-8a54-351e98dc3d0a:c5715]
2019-08-23 07:09:22,143 | INFO  | DNAudit | user=null | ip=null | op=WRITE_CHUNK {blockData=conID: 3 locID: 102665038208172754 bcsId: 5717} | ret=SUCCESS |  
2019-08-23 07:09:22,145 | INFO  | DNAudit | user=null | ip=null | op=WRITE_CHUNK {blockData=conID: 3 locID: 102665038208172754 bcsId: 5717} | ret=SUCCESS |  
2019-08-23 07:09:22,146 | INFO  | DNAudit | user=null | ip=null | op=WRITE_CHUNK {blockData=conID: 3 locID: 102665038208172754 bcsId: 5717} | ret=SUCCESS |  
2019-08-23 07:09:22,147 | INFO  | DNAudit | user=null | ip=null | op=WRITE_CHUNK {blockData=conID: 3 locID: 102665038208172754 bcsId: 0} | ret=SUCCESS |  
2019-08-23 07:09:22,147 | INFO  | DNAudit | user=null | ip=null | op=WRITE_CHUNK {blockData=conID: 3 locID: 102665038208172754 bcsId: 0} | ret=SUCCESS |  
2019-08-23 07:09:22,147 | INFO  | DNAudit | user=null | ip=null | op=PUT_BLOCK {blockData=[blockId=conID: 3 locID: 102665038208172754 bcsId: 0,size=2097152]} | ret=SUCCESS |  
2019-08-23 07:09:22,147 | INFO  | DNAudit | user=null | ip=null | op=PUT_BLOCK {blockData=[blockId=conID: 3 locID: 102665038208172754 bcsId: 0,size=2097152]} | ret=SUCCESS |  
2019-08-23 07:09:22,150 | INFO  | DNAudit | user=null | ip=null | op=WRITE_CHUNK {blockData=conID: 3 locID: 102665038208172754 bcsId: 5717} | ret=SUCCESS |  
2019-08-23 07:09:22,150 | INFO  | DNAudit | user=null | ip=null | op=PUT_BLOCK {blockData=[blockId=conID: 3 locID: 102665038208172754 bcsId: 0,size=3145728]} | ret=SUCCESS |  
2019-08-23 07:09:22,150 [grpc-default-executor-6] INFO  client.GrpcClientProtocolClient (GrpcClientProtocolClient.java:onNext(255)) - client-D91E5D1E15CE->f2ba01fc-a63e-4348-bd18-030b60a135e7: receive RaftClientReply:client-D91E5D1E15CE->f2ba01fc-a63e-4348-bd18-030b60a135e7@group-C8C62FEF0626, cid=3782, SUCCESS, logIndex=5722, commits[f2ba01fc-a63e-4348-bd18-030b60a135e7:c5722, eab135d4-a257-4705-b491-6c056b8c5df7:c5717, a4f67574-9018-43e7-8a54-351e98dc3d0a:c5719]
2019-08-23 07:09:22,151 [grpc-default-executor-6] INFO  client.GrpcClientProtocolClient (GrpcClientProtocolClient.java:onNext(255)) - client-D91E5D1E15CE->f2ba01fc-a63e-4348-bd18-030b60a135e7: receive RaftClientReply:client-D91E5D1E15CE->f2ba01fc-a63e-4348-bd18-030b60a135e7@group-C8C62FEF0626, cid=3783, SUCCESS, logIndex=5723, commits[f2ba01fc-a63e-4348-bd18-030b60a135e7:c5723, eab135d4-a257-4705-b491-6c056b8c5df7:c5719, a4f67574-9018-43e7-8a54-351e98dc3d0a:c5719]
2019-08-23 07:09:22,158 | INFO  | DNAudit | user=null | ip=null | op=WRITE_CHUNK {blockData=conID: 3 locID: 102665038208172754 bcsId: 5723} | ret=SUCCESS |  
2019-08-23 07:09:22,160 | INFO  | DNAudit | user=null | ip=null | op=WRITE_CHUNK {blockData=conID: 3 locID: 102665038208172754 bcsId: 5723} | ret=SUCCESS |  
2019-08-23 07:09:22,160 | INFO  | DNAudit | user=null | ip=null | op=WRITE_CHUNK {blockData=conID: 3 locID: 102665038208172754 bcsId: 5723} | ret=SUCCESS |  
2019-08-23 07:09:22,163 | INFO  | DNAudit | user=null | ip=null | op=WRITE_CHUNK {blockData=conID: 3 locID: 102665038208172754 bcsId: 5717} | ret=SUCCESS |  
2019-08-23 07:09:22,164 | INFO  | DNAudit | user=null | ip=null | op=WRITE_CHUNK {blockData=conID: 3 locID: 102665038208172754 bcsId: 5717} | ret=SUCCESS |  
2019-08-23 07:09:22,164 | INFO  | DNAudit | user=null | ip=null | op=PUT_BLOCK {blockData=[blockId=conID: 3 locID: 102665038208172754 bcsId: 0,size=3145728]} | ret=SUCCESS |  
2019-08-23 07:09:22,166 | INFO  | DNAudit | user=null | ip=null | op=WRITE_CHUNK {blockData=conID: 3 locID: 102665038208172754 bcsId: 5723} | ret=SUCCESS |  
2019-08-23 07:09:22,166 | INFO  | DNAudit | user=null | ip=null | op=PUT_BLOCK {blockData=[blockId=conID: 3 locID: 102665038208172754 bcsId: 0,size=3145728]} | ret=SUCCESS |  
2019-08-23 07:09:22,167 | INFO  | DNAudit | user=null | ip=null | op=PUT_BLOCK {blockData=[blockId=conID: 3 locID: 102665038208172754 bcsId: 0,size=4194304]} | ret=SUCCESS |  
2019-08-23 07:09:22,167 [grpc-default-executor-0] INFO  client.GrpcClientProtocolClient (GrpcClientProtocolClient.java:onNext(255)) - client-D91E5D1E15CE->f2ba01fc-a63e-4348-bd18-030b60a135e7: receive RaftClientReply:client-D91E5D1E15CE->f2ba01fc-a63e-4348-bd18-030b60a135e7@group-C8C62FEF0626, cid=3784, SUCCESS, logIndex=5726, commits[f2ba01fc-a63e-4348-bd18-030b60a135e7:c5727, eab135d4-a257-4705-b491-6c056b8c5df7:c5722, a4f67574-9018-43e7-8a54-351e98dc3d0a:c5723]
2019-08-23 07:09:22,167 [grpc-default-executor-0] INFO  client.GrpcClientProtocolClient (GrpcClientProtocolClient.java:onNext(255)) - client-D91E5D1E15CE->f2ba01fc-a63e-4348-bd18-030b60a135e7: receive RaftClientReply:client-D91E5D1E15CE->f2ba01fc-a63e-4348-bd18-030b60a135e7@group-C8C62FEF0626, cid=3785, SUCCESS, logIndex=5727, commits[f2ba01fc-a63e-4348-bd18-030b60a135e7:c5727, eab135d4-a257-4705-b491-6c056b8c5df7:c5723, a4f67574-9018-43e7-8a54-351e98dc3d0a:c5723]
2019-08-23 07:09:22,179 | INFO  | DNAudit | user=null | ip=null | op=WRITE_CHUNK {blockData=conID: 3 locID: 102665038208172754 bcsId: 5723} | ret=SUCCESS |  
2019-08-23 07:09:22,179 | INFO  | DNAudit | user=null | ip=null | op=WRITE_CHUNK {blockData=conID: 3 locID: 102665038208172754 bcsId: 5723} | ret=SUCCESS |  
2019-08-23 07:09:22,179 | INFO  | DNAudit | user=null | ip=null | op=PUT_BLOCK {blockData=[blockId=conID: 3 locID: 102665038208172754 bcsId: 0,size=4194304]} | ret=SUCCESS |  
2019-08-23 07:09:22,179 | INFO  | DNAudit | user=null | ip=null | op=PUT_BLOCK {blockData=[blockId=conID: 3 locID: 102665038208172754 bcsId: 0,size=4194304]} | ret=SUCCESS |  
2019-08-23 07:09:22,179 [grpc-default-executor-0] INFO  client.GrpcClientProtocolClient (GrpcClientProtocolClient.java:onNext(255)) - client-D91E5D1E15CE->f2ba01fc-a63e-4348-bd18-030b60a135e7: receive RaftClientReply:client-D91E5D1E15CE->f2ba01fc-a63e-4348-bd18-030b60a135e7@group-C8C62FEF0626, cid=3786, SUCCESS, logIndex=0, commits[f2ba01fc-a63e-4348-bd18-030b60a135e7:c5728, eab135d4-a257-4705-b491-6c056b8c5df7:c5727, a4f67574-9018-43e7-8a54-351e98dc3d0a:c5727]
2019-08-23 07:09:22,188 | INFO  | SCMAudit | user=jenkins1000 | ip=192.168.5.178 | op=ALLOCATE_BLOCK {owner=aaf04d22-10dd-4717-8862-c651bdde72cf, size=4194304, type=RATIS, factor=THREE} | ret=SUCCESS |  
2019-08-23 07:09:22,194 | INFO  | OMAudit | user=jenkins1000 | ip=127.0.0.1 | op=ALLOCATE_BLOCK {volume=vol-0-67663, bucket=bucket-0-68950, key=key-0-26970, dataSize=0, replicationType=null, replicationFactor=null, keyLocationInfo=null, clientID=102665036030476690} | ret=SUCCESS |  
2019-08-23 07:09:22,201 | INFO  | DNAudit | user=null | ip=null | op=WRITE_CHUNK {blockData=conID: 1 locID: 102665038213153491 bcsId: 0} | ret=SUCCESS |  
2019-08-23 07:09:22,204 | INFO  | DNAudit | user=null | ip=null | op=WRITE_CHUNK {blockData=conID: 1 locID: 102665038213153491 bcsId: 0} | ret=SUCCESS |  
2019-08-23 07:09:22,204 | INFO  | DNAudit | user=null | ip=null | op=WRITE_CHUNK {blockData=conID: 1 locID: 102665038213153491 bcsId: 0} | ret=SUCCESS |  
2019-08-23 07:09:22,204 | INFO  | DNAudit | user=null | ip=null | op=WRITE_CHUNK {blockData=conID: 1 locID: 102665038213153491 bcsId: 0} | ret=SUCCESS |  
2019-08-23 07:09:22,206 | INFO  | DNAudit | user=null | ip=null | op=WRITE_CHUNK {blockData=conID: 1 locID: 102665038213153491 bcsId: 0} | ret=SUCCESS |  
2019-08-23 07:09:22,207 | INFO  | DNAudit | user=null | ip=null | op=WRITE_CHUNK {blockData=conID: 1 locID: 102665038213153491 bcsId: 0} | ret=SUCCESS |  
2019-08-23 07:09:22,216 | INFO  | DNAudit | user=null | ip=null | op=WRITE_CHUNK {blockData=conID: 1 locID: 102665038213153491 bcsId: 0} | ret=SUCCESS |  
2019-08-23 07:09:22,216 | INFO  | DNAudit | user=null | ip=null | op=PUT_BLOCK {blockData=[blockId=conID: 1 locID: 102665038213153491 bcsId: 0,size=1048576]} | ret=SUCCESS |  
2019-08-23 07:09:22,217 [grpc-default-executor-0] INFO  client.GrpcClientProtocolClient (GrpcClientProtocolClient.java:onNext(255)) - client-D91E5D1E15CE->f2ba01fc-a63e-4348-bd18-030b60a135e7: receive RaftClientReply:client-D91E5D1E15CE->f2ba01fc-a63e-4348-bd18-030b60a135e7@group-C8C62FEF0626, cid=3787, SUCCESS, logIndex=5729, commits[f2ba01fc-a63e-4348-bd18-030b60a135e7:c5730, eab135d4-a257-4705-b491-6c056b8c5df7:c5728, a4f67574-9018-43e7-8a54-351e98dc3d0a:c5728]
2019-08-23 07:09:22,217 [grpc-default-executor-0] INFO  client.GrpcClientProtocolClient (GrpcClientProtocolClient.java:onNext(255)) - client-D91E5D1E15CE->f2ba01fc-a63e-4348-bd18-030b60a135e7: receive RaftClientReply:client-D91E5D1E15CE->f2ba01fc-a63e-4348-bd18-030b60a135e7@group-C8C62FEF0626, cid=3788, SUCCESS, logIndex=5730, commits[f2ba01fc-a63e-4348-bd18-030b60a135e7:c5730, eab135d4-a257-4705-b491-6c056b8c5df7:c5728, a4f67574-9018-43e7-8a54-351e98dc3d0a:c5728]
2019-08-23 07:09:22,227 | INFO  | DNAudit | user=null | ip=null | op=WRITE_CHUNK {blockData=conID: 1 locID: 102665038213153491 bcsId: 0} | ret=SUCCESS |  
2019-08-23 07:09:22,227 | INFO  | DNAudit | user=null | ip=null | op=PUT_BLOCK {blockData=[blockId=conID: 1 locID: 102665038213153491 bcsId: 0,size=2097152]} | ret=SUCCESS |  
2019-08-23 07:09:22,228 [grpc-default-executor-0] INFO  client.GrpcClientProtocolClient (GrpcClientProtocolClient.java:onNext(255)) - client-D91E5D1E15CE->f2ba01fc-a63e-4348-bd18-030b60a135e7: receive RaftClientReply:client-D91E5D1E15CE->f2ba01fc-a63e-4348-bd18-030b60a135e7@group-C8C62FEF0626, cid=3789, SUCCESS, logIndex=5731, commits[f2ba01fc-a63e-4348-bd18-030b60a135e7:c5732, eab135d4-a257-4705-b491-6c056b8c5df7:c5728, a4f67574-9018-43e7-8a54-351e98dc3d0a:c5728]
2019-08-23 07:09:22,228 [grpc-default-executor-0] INFO  client.GrpcClientProtocolClient (GrpcClientProtocolClient.java:onNext(255)) - client-D91E5D1E15CE->f2ba01fc-a63e-4348-bd18-030b60a135e7: receive RaftClientReply:client-D91E5D1E15CE->f2ba01fc-a63e-4348-bd18-030b60a135e7@group-C8C62FEF0626, cid=3790, SUCCESS, logIndex=5732, commits[f2ba01fc-a63e-4348-bd18-030b60a135e7:c5732, eab135d4-a257-4705-b491-6c056b8c5df7:c5728, a4f67574-9018-43e7-8a54-351e98dc3d0a:c5728]
2019-08-23 07:09:22,238 | INFO  | DNAudit | user=null | ip=null | op=WRITE_CHUNK {blockData=conID: 1 locID: 102665038213153491 bcsId: 0} | ret=SUCCESS |  
2019-08-23 07:09:22,238 | INFO  | DNAudit | user=null | ip=null | op=PUT_BLOCK {blockData=[blockId=conID: 1 locID: 102665038213153491 bcsId: 0,size=1048576]} | ret=SUCCESS |  
2019-08-23 07:09:22,241 | INFO  | DNAudit | user=null | ip=null | op=WRITE_CHUNK {blockData=conID: 1 locID: 102665038213153491 bcsId: 0} | ret=SUCCESS |  
2019-08-23 07:09:22,241 | INFO  | DNAudit | user=null | ip=null | op=PUT_BLOCK {blockData=[blockId=conID: 1 locID: 102665038213153491 bcsId: 0,size=1048576]} | ret=SUCCESS |  
2019-08-23 07:09:22,241 [grpc-default-executor-0] INFO  client.GrpcClientProtocolClient (GrpcClientProtocolClient.java:onNext(255)) - client-D91E5D1E15CE->f2ba01fc-a63e-4348-bd18-030b60a135e7: receive RaftClientReply:client-D91E5D1E15CE->f2ba01fc-a63e-4348-bd18-030b60a135e7@group-C8C62FEF0626, cid=3791, SUCCESS, logIndex=0, commits[f2ba01fc-a63e-4348-bd18-030b60a135e7:c5734, eab135d4-a257-4705-b491-6c056b8c5df7:c5730, a4f67574-9018-43e7-8a54-351e98dc3d0a:c5730]
2019-08-23 07:09:22,248 | INFO  | DNAudit | user=null | ip=null | op=WRITE_CHUNK {blockData=conID: 1 locID: 102665038213153491 bcsId: 5732} | ret=SUCCESS |  
2019-08-23 07:09:22,250 | INFO  | DNAudit | user=null | ip=null | op=WRITE_CHUNK {blockData=conID: 1 locID: 102665038213153491 bcsId: 5732} | ret=SUCCESS |  
2019-08-23 07:09:22,250 | INFO  | DNAudit | user=null | ip=null | op=WRITE_CHUNK {blockData=conID: 1 locID: 102665038213153491 bcsId: 5732} | ret=SUCCESS |  
2019-08-23 07:09:22,252 | INFO  | DNAudit | user=null | ip=null | op=WRITE_CHUNK {blockData=conID: 1 locID: 102665038213153491 bcsId: 0} | ret=SUCCESS |  
2019-08-23 07:09:22,252 | INFO  | DNAudit | user=null | ip=null | op=PUT_BLOCK {blockData=[blockId=conID: 1 locID: 102665038213153491 bcsId: 0,size=2097152]} | ret=SUCCESS |  
2019-08-23 07:09:22,254 | INFO  | DNAudit | user=null | ip=null | op=WRITE_CHUNK {blockData=conID: 1 locID: 102665038213153491 bcsId: 0} | ret=SUCCESS |  
2019-08-23 07:09:22,254 | INFO  | DNAudit | user=null | ip=null | op=PUT_BLOCK {blockData=[blockId=conID: 1 locID: 102665038213153491 bcsId: 0,size=2097152]} | ret=SUCCESS |  
2019-08-23 07:09:22,266 | INFO  | DNAudit | user=null | ip=null | op=WRITE_CHUNK {blockData=conID: 1 locID: 102665038213153491 bcsId: 5732} | ret=SUCCESS |  
2019-08-23 07:09:22,267 | INFO  | DNAudit | user=null | ip=null | op=PUT_BLOCK {blockData=[blockId=conID: 1 locID: 102665038213153491 bcsId: 0,size=3145728]} | ret=SUCCESS |  
2019-08-23 07:09:22,267 [grpc-default-executor-6] INFO  client.GrpcClientProtocolClient (GrpcClientProtocolClient.java:onNext(255)) - client-D91E5D1E15CE->f2ba01fc-a63e-4348-bd18-030b60a135e7: receive RaftClientReply:client-D91E5D1E15CE->f2ba01fc-a63e-4348-bd18-030b60a135e7@group-C8C62FEF0626, cid=3792, SUCCESS, logIndex=5737, commits[f2ba01fc-a63e-4348-bd18-030b60a135e7:c5738, eab135d4-a257-4705-b491-6c056b8c5df7:c5732, a4f67574-9018-43e7-8a54-351e98dc3d0a:c5734]
2019-08-23 07:09:22,267 [grpc-default-executor-6] INFO  client.GrpcClientProtocolClient (GrpcClientProtocolClient.java:onNext(255)) - client-D91E5D1E15CE->f2ba01fc-a63e-4348-bd18-030b60a135e7: receive RaftClientReply:client-D91E5D1E15CE->f2ba01fc-a63e-4348-bd18-030b60a135e7@group-C8C62FEF0626, cid=3793, SUCCESS, logIndex=5738, commits[f2ba01fc-a63e-4348-bd18-030b60a135e7:c5738, eab135d4-a257-4705-b491-6c056b8c5df7:c5734, a4f67574-9018-43e7-8a54-351e98dc3d0a:c5734]
2019-08-23 07:09:22,274 | INFO  | DNAudit | user=null | ip=null | op=WRITE_CHUNK {blockData=conID: 1 locID: 102665038213153491 bcsId: 5738} | ret=SUCCESS |  
2019-08-23 07:09:22,276 | INFO  | DNAudit | user=null | ip=null | op=WRITE_CHUNK {blockData=conID: 1 locID: 102665038213153491 bcsId: 5738} | ret=SUCCESS |  
2019-08-23 07:09:22,277 | INFO  | DNAudit | user=null | ip=null | op=WRITE_CHUNK {blockData=conID: 1 locID: 102665038213153491 bcsId: 5738} | ret=SUCCESS |  
2019-08-23 07:09:22,279 | INFO  | DNAudit | user=null | ip=null | op=WRITE_CHUNK {blockData=conID: 1 locID: 102665038213153491 bcsId: 5732} | ret=SUCCESS |  
2019-08-23 07:09:22,279 | INFO  | DNAudit | user=null | ip=null | op=WRITE_CHUNK {blockData=conID: 1 locID: 102665038213153491 bcsId: 5732} | ret=SUCCESS |  
2019-08-23 07:09:22,279 | INFO  | DNAudit | user=null | ip=null | op=PUT_BLOCK {blockData=[blockId=conID: 1 locID: 102665038213153491 bcsId: 0,size=3145728]} | ret=SUCCESS |  
2019-08-23 07:09:22,279 | INFO  | DNAudit | user=null | ip=null | op=PUT_BLOCK {blockData=[blockId=conID: 1 locID: 102665038213153491 bcsId: 0,size=3145728]} | ret=SUCCESS |  
2019-08-23 07:09:22,293 | INFO  | DNAudit | user=null | ip=null | op=WRITE_CHUNK {blockData=conID: 1 locID: 102665038213153491 bcsId: 5738} | ret=SUCCESS |  
2019-08-23 07:09:22,293 | INFO  | DNAudit | user=null | ip=null | op=PUT_BLOCK {blockData=[blockId=conID: 1 locID: 102665038213153491 bcsId: 0,size=4194304]} | ret=SUCCESS |  
2019-08-23 07:09:22,293 [grpc-default-executor-6] INFO  client.GrpcClientProtocolClient (GrpcClientProtocolClient.java:onNext(255)) - client-D91E5D1E15CE->f2ba01fc-a63e-4348-bd18-030b60a135e7: receive RaftClientReply:client-D91E5D1E15CE->f2ba01fc-a63e-4348-bd18-030b60a135e7@group-C8C62FEF0626, cid=3794, SUCCESS, logIndex=5740, commits[f2ba01fc-a63e-4348-bd18-030b60a135e7:c5741, eab135d4-a257-4705-b491-6c056b8c5df7:c5738, a4f67574-9018-43e7-8a54-351e98dc3d0a:c5738]
2019-08-23 07:09:22,294 [grpc-default-executor-6] INFO  client.GrpcClientProtocolClient (GrpcClientProtocolClient.java:onNext(255)) - client-D91E5D1E15CE->f2ba01fc-a63e-4348-bd18-030b60a135e7: receive RaftClientReply:client-D91E5D1E15CE->f2ba01fc-a63e-4348-bd18-030b60a135e7@group-C8C62FEF0626, cid=3795, SUCCESS, logIndex=5741, commits[f2ba01fc-a63e-4348-bd18-030b60a135e7:c5741, eab135d4-a257-4705-b491-6c056b8c5df7:c5738, a4f67574-9018-43e7-8a54-351e98dc3d0a:c5738]
2019-08-23 07:09:22,305 | INFO  | DNAudit | user=null | ip=null | op=WRITE_CHUNK {blockData=conID: 1 locID: 102665038213153491 bcsId: 5738} | ret=SUCCESS |  
2019-08-23 07:09:22,305 | INFO  | DNAudit | user=null | ip=null | op=WRITE_CHUNK {blockData=conID: 1 locID: 102665038213153491 bcsId: 5738} | ret=SUCCESS |  
2019-08-23 07:09:22,305 | INFO  | DNAudit | user=null | ip=null | op=PUT_BLOCK {blockData=[blockId=conID: 1 locID: 102665038213153491 bcsId: 0,size=4194304]} | ret=SUCCESS |  
2019-08-23 07:09:22,307 | INFO  | DNAudit | user=null | ip=null | op=PUT_BLOCK {blockData=[blockId=conID: 1 locID: 102665038213153491 bcsId: 0,size=4194304]} | ret=SUCCESS |  
2019-08-23 07:09:22,308 [grpc-default-executor-6] INFO  client.GrpcClientProtocolClient (GrpcClientProtocolClient.java:onNext(255)) - client-D91E5D1E15CE->f2ba01fc-a63e-4348-bd18-030b60a135e7: receive RaftClientReply:client-D91E5D1E15CE->f2ba01fc-a63e-4348-bd18-030b60a135e7@group-C8C62FEF0626, cid=3796, SUCCESS, logIndex=0, commits[f2ba01fc-a63e-4348-bd18-030b60a135e7:c5743, eab135d4-a257-4705-b491-6c056b8c5df7:c5741, a4f67574-9018-43e7-8a54-351e98dc3d0a:c5741]
2019-08-23 07:09:22,316 | INFO  | SCMAudit | user=jenkins1000 | ip=192.168.5.178 | op=ALLOCATE_BLOCK {owner=aaf04d22-10dd-4717-8862-c651bdde72cf, size=4194304, type=RATIS, factor=THREE} | ret=SUCCESS |  
2019-08-23 07:09:22,322 | INFO  | OMAudit | user=jenkins1000 | ip=127.0.0.1 | op=ALLOCATE_BLOCK {volume=vol-0-67663, bucket=bucket-0-68950, key=key-0-26970, dataSize=0, replicationType=null, replicationFactor=null, keyLocationInfo=null, clientID=102665036030476690} | ret=SUCCESS |  
2019-08-23 07:09:22,331 | INFO  | DNAudit | user=null | ip=null | op=WRITE_CHUNK {blockData=conID: 2 locID: 102665038221542100 bcsId: 0} | ret=SUCCESS |  
2019-08-23 07:09:22,332 | INFO  | DNAudit | user=null | ip=null | op=WRITE_CHUNK {blockData=conID: 2 locID: 102665038221542100 bcsId: 0} | ret=SUCCESS |  
2019-08-23 07:09:22,333 | INFO  | DNAudit | user=null | ip=null | op=WRITE_CHUNK {blockData=conID: 2 locID: 102665038221542100 bcsId: 0} | ret=SUCCESS |  
2019-08-23 07:09:22,333 | INFO  | DNAudit | user=null | ip=null | op=WRITE_CHUNK {blockData=conID: 2 locID: 102665038221542100 bcsId: 0} | ret=SUCCESS |  
2019-08-23 07:09:22,334 | INFO  | DNAudit | user=null | ip=null | op=WRITE_CHUNK {blockData=conID: 2 locID: 102665038221542100 bcsId: 0} | ret=SUCCESS |  
2019-08-23 07:09:22,335 | INFO  | DNAudit | user=null | ip=null | op=PUT_BLOCK {blockData=[blockId=conID: 2 locID: 102665038221542100 bcsId: 0,size=1048576]} | ret=SUCCESS |  
2019-08-23 07:09:22,335 [grpc-default-executor-4] INFO  client.GrpcClientProtocolClient (GrpcClientProtocolClient.java:onNext(255)) - client-D91E5D1E15CE->f2ba01fc-a63e-4348-bd18-030b60a135e7: receive RaftClientReply:client-D91E5D1E15CE->f2ba01fc-a63e-4348-bd18-030b60a135e7@group-C8C62FEF0626, cid=3797, SUCCESS, logIndex=5744, commits[f2ba01fc-a63e-4348-bd18-030b60a135e7:c5745, eab135d4-a257-4705-b491-6c056b8c5df7:c5743, a4f67574-9018-43e7-8a54-351e98dc3d0a:c5741]
2019-08-23 07:09:22,335 [grpc-default-executor-4] INFO  client.GrpcClientProtocolClient (GrpcClientProtocolClient.java:onNext(255)) - client-D91E5D1E15CE->f2ba01fc-a63e-4348-bd18-030b60a135e7: receive RaftClientReply:client-D91E5D1E15CE->f2ba01fc-a63e-4348-bd18-030b60a135e7@group-C8C62FEF0626, cid=3798, SUCCESS, logIndex=5745, commits[f2ba01fc-a63e-4348-bd18-030b60a135e7:c5745, eab135d4-a257-4705-b491-6c056b8c5df7:c5743, a4f67574-9018-43e7-8a54-351e98dc3d0a:c5741]
2019-08-23 07:09:22,336 | INFO  | DNAudit | user=null | ip=null | op=WRITE_CHUNK {blockData=conID: 2 locID: 102665038221542100 bcsId: 0} | ret=SUCCESS |  
2019-08-23 07:09:22,336 | INFO  | DNAudit | user=null | ip=null | op=WRITE_CHUNK {blockData=conID: 2 locID: 102665038221542100 bcsId: 0} | ret=SUCCESS |  
2019-08-23 07:09:22,341 | INFO  | DNAudit | user=null | ip=null | op=WRITE_CHUNK {blockData=conID: 2 locID: 102665038221542100 bcsId: 0} | ret=SUCCESS |  
2019-08-23 07:09:22,341 | INFO  | DNAudit | user=null | ip=null | op=WRITE_CHUNK {blockData=conID: 2 locID: 102665038221542100 bcsId: 0} | ret=SUCCESS |  
2019-08-23 07:09:22,341 | INFO  | DNAudit | user=null | ip=null | op=PUT_BLOCK {blockData=[blockId=conID: 2 locID: 102665038221542100 bcsId: 0,size=1048576]} | ret=SUCCESS |  
2019-08-23 07:09:22,341 | INFO  | DNAudit | user=null | ip=null | op=WRITE_CHUNK {blockData=conID: 2 locID: 102665038221542100 bcsId: 0} | ret=SUCCESS |  
2019-08-23 07:09:22,341 | INFO  | DNAudit | user=null | ip=null | op=PUT_BLOCK {blockData=[blockId=conID: 2 locID: 102665038221542100 bcsId: 0,size=1048576]} | ret=SUCCESS |  
2019-08-23 07:09:22,341 | INFO  | DNAudit | user=null | ip=null | op=PUT_BLOCK {blockData=[blockId=conID: 2 locID: 102665038221542100 bcsId: 0,size=2097152]} | ret=SUCCESS |  
2019-08-23 07:09:22,341 [grpc-default-executor-0] INFO  client.GrpcClientProtocolClient (GrpcClientProtocolClient.java:onNext(255)) - client-D91E5D1E15CE->f2ba01fc-a63e-4348-bd18-030b60a135e7: receive RaftClientReply:client-D91E5D1E15CE->f2ba01fc-a63e-4348-bd18-030b60a135e7@group-C8C62FEF0626, cid=3799, SUCCESS, logIndex=5746, commits[f2ba01fc-a63e-4348-bd18-030b60a135e7:c5747, eab135d4-a257-4705-b491-6c056b8c5df7:c5743, a4f67574-9018-43e7-8a54-351e98dc3d0a:c5743]
2019-08-23 07:09:22,342 [grpc-default-executor-0] INFO  client.GrpcClientProtocolClient (GrpcClientProtocolClient.java:onNext(255)) - client-D91E5D1E15CE->f2ba01fc-a63e-4348-bd18-030b60a135e7: receive RaftClientReply:client-D91E5D1E15CE->f2ba01fc-a63e-4348-bd18-030b60a135e7@group-C8C62FEF0626, cid=3800, SUCCESS, logIndex=5747, commits[f2ba01fc-a63e-4348-bd18-030b60a135e7:c5749, eab135d4-a257-4705-b491-6c056b8c5df7:c5745, a4f67574-9018-43e7-8a54-351e98dc3d0a:c5745]
2019-08-23 07:09:22,344 | INFO  | DNAudit | user=null | ip=null | op=WRITE_CHUNK {blockData=conID: 2 locID: 102665038221542100 bcsId: 0} | ret=SUCCESS |  
2019-08-23 07:09:22,344 | INFO  | DNAudit | user=null | ip=null | op=WRITE_CHUNK {blockData=conID: 2 locID: 102665038221542100 bcsId: 0} | ret=SUCCESS |  
2019-08-23 07:09:22,347 | INFO  | DNAudit | user=null | ip=null | op=PUT_BLOCK {blockData=[blockId=conID: 2 locID: 102665038221542100 bcsId: 0,size=2097152]} | ret=SUCCESS |  
2019-08-23 07:09:22,347 | INFO  | DNAudit | user=null | ip=null | op=PUT_BLOCK {blockData=[blockId=conID: 2 locID: 102665038221542100 bcsId: 0,size=2097152]} | ret=SUCCESS |  
2019-08-23 07:09:22,349 | INFO  | DNAudit | user=null | ip=null | op=WRITE_CHUNK {blockData=conID: 2 locID: 102665038221542100 bcsId: 5747} | ret=SUCCESS |  
2019-08-23 07:09:22,351 | INFO  | DNAudit | user=null | ip=null | op=WRITE_CHUNK {blockData=conID: 2 locID: 102665038221542100 bcsId: 5747} | ret=SUCCESS |  
2019-08-23 07:09:22,351 | INFO  | DNAudit | user=null | ip=null | op=WRITE_CHUNK {blockData=conID: 2 locID: 102665038221542100 bcsId: 5747} | ret=SUCCESS |  
2019-08-23 07:09:22,353 | INFO  | DNAudit | user=null | ip=null | op=WRITE_CHUNK {blockData=conID: 2 locID: 102665038221542100 bcsId: 5747} | ret=SUCCESS |  
2019-08-23 07:09:22,354 | INFO  | DNAudit | user=null | ip=null | op=PUT_BLOCK {blockData=[blockId=conID: 2 locID: 102665038221542100 bcsId: 0,size=3145728]} | ret=SUCCESS |  
2019-08-23 07:09:22,354 [grpc-default-executor-0] INFO  client.GrpcClientProtocolClient (GrpcClientProtocolClient.java:onNext(255)) - client-D91E5D1E15CE->f2ba01fc-a63e-4348-bd18-030b60a135e7: receive RaftClientReply:client-D91E5D1E15CE->f2ba01fc-a63e-4348-bd18-030b60a135e7@group-C8C62FEF0626, cid=3801, SUCCESS, logIndex=5752, commits[f2ba01fc-a63e-4348-bd18-030b60a135e7:c5753, eab135d4-a257-4705-b491-6c056b8c5df7:c5751, a4f67574-9018-43e7-8a54-351e98dc3d0a:c5747]
2019-08-23 07:09:22,354 [grpc-default-executor-0] INFO  client.GrpcClientProtocolClient (GrpcClientProtocolClient.java:onNext(255)) - client-D91E5D1E15CE->f2ba01fc-a63e-4348-bd18-030b60a135e7: receive RaftClientReply:client-D91E5D1E15CE->f2ba01fc-a63e-4348-bd18-030b60a135e7@group-C8C62FEF0626, cid=3802, SUCCESS, logIndex=5753, commits[f2ba01fc-a63e-4348-bd18-030b60a135e7:c5753, eab135d4-a257-4705-b491-6c056b8c5df7:c5751, a4f67574-9018-43e7-8a54-351e98dc3d0a:c5751]
2019-08-23 07:09:22,356 | INFO  | DNAudit | user=null | ip=null | op=WRITE_CHUNK {blockData=conID: 2 locID: 102665038221542100 bcsId: 5747} | ret=SUCCESS |  
2019-08-23 07:09:22,356 | INFO  | DNAudit | user=null | ip=null | op=PUT_BLOCK {blockData=[blockId=conID: 2 locID: 102665038221542100 bcsId: 0,size=3145728]} | ret=SUCCESS |  
2019-08-23 07:09:22,356 | INFO  | DNAudit | user=null | ip=null | op=WRITE_CHUNK {blockData=conID: 2 locID: 102665038221542100 bcsId: 5747} | ret=SUCCESS |  
2019-08-23 07:09:22,357 | INFO  | DNAudit | user=null | ip=null | op=PUT_BLOCK {blockData=[blockId=conID: 2 locID: 102665038221542100 bcsId: 0,size=3145728]} | ret=SUCCESS |  
2019-08-23 07:09:22,361 | INFO  | DNAudit | user=null | ip=null | op=WRITE_CHUNK {blockData=conID: 2 locID: 102665038221542100 bcsId: 5753} | ret=SUCCESS |  
2019-08-23 07:09:22,363 | INFO  | DNAudit | user=null | ip=null | op=WRITE_CHUNK {blockData=conID: 2 locID: 102665038221542100 bcsId: 5753} | ret=SUCCESS |  
2019-08-23 07:09:22,363 | INFO  | DNAudit | user=null | ip=null | op=WRITE_CHUNK {blockData=conID: 2 locID: 102665038221542100 bcsId: 5753} | ret=SUCCESS |  
2019-08-23 07:09:22,379 | INFO  | DNAudit | user=null | ip=null | op=WRITE_CHUNK {blockData=conID: 2 locID: 102665038221542100 bcsId: 5753} | ret=SUCCESS |  
2019-08-23 07:09:22,379 | INFO  | DNAudit | user=null | ip=null | op=PUT_BLOCK {blockData=[blockId=conID: 2 locID: 102665038221542100 bcsId: 0,size=4194304]} | ret=SUCCESS |  
2019-08-23 07:09:22,379 [grpc-default-executor-6] INFO  client.GrpcClientProtocolClient (GrpcClientProtocolClient.java:onNext(255)) - client-D91E5D1E15CE->f2ba01fc-a63e-4348-bd18-030b60a135e7: receive RaftClientReply:client-D91E5D1E15CE->f2ba01fc-a63e-4348-bd18-030b60a135e7@group-C8C62FEF0626, cid=3803, SUCCESS, logIndex=5756, commits[f2ba01fc-a63e-4348-bd18-030b60a135e7:c5757, eab135d4-a257-4705-b491-6c056b8c5df7:c5755, a4f67574-9018-43e7-8a54-351e98dc3d0a:c5755]
2019-08-23 07:09:22,380 [grpc-default-executor-6] INFO  client.GrpcClientProtocolClient (GrpcClientProtocolClient.java:onNext(255)) - client-D91E5D1E15CE->f2ba01fc-a63e-4348-bd18-030b60a135e7: receive RaftClientReply:client-D91E5D1E15CE->f2ba01fc-a63e-4348-bd18-030b60a135e7@group-C8C62FEF0626, cid=3804, SUCCESS, logIndex=5757, commits[f2ba01fc-a63e-4348-bd18-030b60a135e7:c5757, eab135d4-a257-4705-b491-6c056b8c5df7:c5755, a4f67574-9018-43e7-8a54-351e98dc3d0a:c5755]
2019-08-23 07:09:22,392 | INFO  | DNAudit | user=null | ip=null | op=WRITE_CHUNK {blockData=conID: 2 locID: 102665038221542100 bcsId: 5753} | ret=SUCCESS |  
2019-08-23 07:09:22,392 | INFO  | DNAudit | user=null | ip=null | op=WRITE_CHUNK {blockData=conID: 2 locID: 102665038221542100 bcsId: 5753} | ret=SUCCESS |  
2019-08-23 07:09:22,403 | INFO  | DNAudit | user=null | ip=null | op=PUT_BLOCK {blockData=[blockId=conID: 2 locID: 102665038221542100 bcsId: 0,size=4194304]} | ret=SUCCESS |  
2019-08-23 07:09:22,404 | INFO  | DNAudit | user=null | ip=null | op=PUT_BLOCK {blockData=[blockId=conID: 2 locID: 102665038221542100 bcsId: 0,size=4194304]} | ret=SUCCESS |  
2019-08-23 07:09:22,404 [grpc-default-executor-6] INFO  client.GrpcClientProtocolClient (GrpcClientProtocolClient.java:onNext(255)) - client-D91E5D1E15CE->f2ba01fc-a63e-4348-bd18-030b60a135e7: receive RaftClientReply:client-D91E5D1E15CE->f2ba01fc-a63e-4348-bd18-030b60a135e7@group-C8C62FEF0626, cid=3805, SUCCESS, logIndex=0, commits[f2ba01fc-a63e-4348-bd18-030b60a135e7:c5759, eab135d4-a257-4705-b491-6c056b8c5df7:c5757, a4f67574-9018-43e7-8a54-351e98dc3d0a:c5757]
2019-08-23 07:09:22,413 | INFO  | SCMAudit | user=jenkins1000 | ip=192.168.5.178 | op=ALLOCATE_BLOCK {owner=aaf04d22-10dd-4717-8862-c651bdde72cf, size=4194304, type=RATIS, factor=THREE} | ret=SUCCESS |  
2019-08-23 07:09:22,419 | INFO  | OMAudit | user=jenkins1000 | ip=127.0.0.1 | op=ALLOCATE_BLOCK {volume=vol-0-67663, bucket=bucket-0-68950, key=key-0-26970, dataSize=0, replicationType=null, replicationFactor=null, keyLocationInfo=null, clientID=102665036030476690} | ret=SUCCESS |  
2019-08-23 07:09:22,427 | INFO  | DNAudit | user=null | ip=null | op=WRITE_CHUNK {blockData=conID: 3 locID: 102665038227899093 bcsId: 0} | ret=SUCCESS |  
2019-08-23 07:09:22,431 | INFO  | DNAudit | user=null | ip=null | op=WRITE_CHUNK {blockData=conID: 3 locID: 102665038227899093 bcsId: 0} | ret=SUCCESS |  
2019-08-23 07:09:22,431 | INFO  | DNAudit | user=null | ip=null | op=WRITE_CHUNK {blockData=conID: 3 locID: 102665038227899093 bcsId: 0} | ret=SUCCESS |  
2019-08-23 07:09:22,432 | INFO  | DNAudit | user=null | ip=null | op=WRITE_CHUNK {blockData=conID: 3 locID: 102665038227899093 bcsId: 0} | ret=SUCCESS |  
2019-08-23 07:09:22,434 | INFO  | DNAudit | user=null | ip=null | op=WRITE_CHUNK {blockData=conID: 3 locID: 102665038227899093 bcsId: 0} | ret=SUCCESS |  
2019-08-23 07:09:22,434 | INFO  | DNAudit | user=null | ip=null | op=WRITE_CHUNK {blockData=conID: 3 locID: 102665038227899093 bcsId: 0} | ret=SUCCESS |  
2019-08-23 07:09:22,440 | INFO  | DNAudit | user=null | ip=null | op=WRITE_CHUNK {blockData=conID: 3 locID: 102665038227899093 bcsId: 0} | ret=SUCCESS |  
2019-08-23 07:09:22,440 | INFO  | DNAudit | user=null | ip=null | op=PUT_BLOCK {blockData=[blockId=conID: 3 locID: 102665038227899093 bcsId: 0,size=1048576]} | ret=SUCCESS |  
2019-08-23 07:09:22,440 [grpc-default-executor-4] INFO  client.GrpcClientProtocolClient (GrpcClientProtocolClient.java:onNext(255)) - client-D91E5D1E15CE->f2ba01fc-a63e-4348-bd18-030b60a135e7: receive RaftClientReply:client-D91E5D1E15CE->f2ba01fc-a63e-4348-bd18-030b60a135e7@group-C8C62FEF0626, cid=3806, SUCCESS, logIndex=5760, commits[f2ba01fc-a63e-4348-bd18-030b60a135e7:c5762, eab135d4-a257-4705-b491-6c056b8c5df7:c5759, a4f67574-9018-43e7-8a54-351e98dc3d0a:c5759]
2019-08-23 07:09:22,441 | INFO  | DNAudit | user=null | ip=null | op=WRITE_CHUNK {blockData=conID: 3 locID: 102665038227899093 bcsId: 0} | ret=SUCCESS |  
2019-08-23 07:09:22,441 | INFO  | DNAudit | user=null | ip=null | op=PUT_BLOCK {blockData=[blockId=conID: 3 locID: 102665038227899093 bcsId: 0,size=2097152]} | ret=SUCCESS |  
2019-08-23 07:09:22,441 [grpc-default-executor-4] INFO  client.GrpcClientProtocolClient (GrpcClientProtocolClient.java:onNext(255)) - client-D91E5D1E15CE->f2ba01fc-a63e-4348-bd18-030b60a135e7: receive RaftClientReply:client-D91E5D1E15CE->f2ba01fc-a63e-4348-bd18-030b60a135e7@group-C8C62FEF0626, cid=3807, SUCCESS, logIndex=5761, commits[f2ba01fc-a63e-4348-bd18-030b60a135e7:c5763, eab135d4-a257-4705-b491-6c056b8c5df7:c5759, a4f67574-9018-43e7-8a54-351e98dc3d0a:c5759]
2019-08-23 07:09:22,441 [grpc-default-executor-4] INFO  client.GrpcClientProtocolClient (GrpcClientProtocolClient.java:onNext(255)) - client-D91E5D1E15CE->f2ba01fc-a63e-4348-bd18-030b60a135e7: receive RaftClientReply:client-D91E5D1E15CE->f2ba01fc-a63e-4348-bd18-030b60a135e7@group-C8C62FEF0626, cid=3808, SUCCESS, logIndex=5762, commits[f2ba01fc-a63e-4348-bd18-030b60a135e7:c5763, eab135d4-a257-4705-b491-6c056b8c5df7:c5759, a4f67574-9018-43e7-8a54-351e98dc3d0a:c5759]
2019-08-23 07:09:22,442 [grpc-default-executor-4] INFO  client.GrpcClientProtocolClient (GrpcClientProtocolClient.java:onNext(255)) - client-D91E5D1E15CE->f2ba01fc-a63e-4348-bd18-030b60a135e7: receive RaftClientReply:client-D91E5D1E15CE->f2ba01fc-a63e-4348-bd18-030b60a135e7@group-C8C62FEF0626, cid=3809, SUCCESS, logIndex=5763, commits[f2ba01fc-a63e-4348-bd18-030b60a135e7:c5763, eab135d4-a257-4705-b491-6c056b8c5df7:c5759, a4f67574-9018-43e7-8a54-351e98dc3d0a:c5759]
2019-08-23 07:09:22,453 | INFO  | DNAudit | user=null | ip=null | op=WRITE_CHUNK {blockData=conID: 3 locID: 102665038227899093 bcsId: 0} | ret=SUCCESS |  
2019-08-23 07:09:22,453 | INFO  | DNAudit | user=null | ip=null | op=WRITE_CHUNK {blockData=conID: 3 locID: 102665038227899093 bcsId: 0} | ret=SUCCESS |  
2019-08-23 07:09:22,453 | INFO  | DNAudit | user=null | ip=null | op=PUT_BLOCK {blockData=[blockId=conID: 3 locID: 102665038227899093 bcsId: 0,size=1048576]} | ret=SUCCESS |  
2019-08-23 07:09:22,453 | INFO  | DNAudit | user=null | ip=null | op=WRITE_CHUNK {blockData=conID: 3 locID: 102665038227899093 bcsId: 0} | ret=SUCCESS |  
2019-08-23 07:09:22,454 | INFO  | DNAudit | user=null | ip=null | op=PUT_BLOCK {blockData=[blockId=conID: 3 locID: 102665038227899093 bcsId: 0,size=2097152]} | ret=SUCCESS |  
2019-08-23 07:09:22,454 | INFO  | DNAudit | user=null | ip=null | op=PUT_BLOCK {blockData=[blockId=conID: 3 locID: 102665038227899093 bcsId: 0,size=1048576]} | ret=SUCCESS |  
2019-08-23 07:09:22,454 | INFO  | DNAudit | user=null | ip=null | op=WRITE_CHUNK {blockData=conID: 3 locID: 102665038227899093 bcsId: 0} | ret=SUCCESS |  
2019-08-23 07:09:22,454 | INFO  | DNAudit | user=null | ip=null | op=PUT_BLOCK {blockData=[blockId=conID: 3 locID: 102665038227899093 bcsId: 0,size=2097152]} | ret=SUCCESS |  
2019-08-23 07:09:22,454 [grpc-default-executor-3] INFO  client.GrpcClientProtocolClient (GrpcClientProtocolClient.java:onNext(255)) - client-D91E5D1E15CE->f2ba01fc-a63e-4348-bd18-030b60a135e7: receive RaftClientReply:client-D91E5D1E15CE->f2ba01fc-a63e-4348-bd18-030b60a135e7@group-C8C62FEF0626, cid=3810, SUCCESS, logIndex=0, commits[f2ba01fc-a63e-4348-bd18-030b60a135e7:c5767, eab135d4-a257-4705-b491-6c056b8c5df7:c5761, a4f67574-9018-43e7-8a54-351e98dc3d0a:c5763]
2019-08-23 07:09:22,462 | INFO  | DNAudit | user=null | ip=null | op=WRITE_CHUNK {blockData=conID: 3 locID: 102665038227899093 bcsId: 5763} | ret=SUCCESS |  
2019-08-23 07:09:22,464 | INFO  | DNAudit | user=null | ip=null | op=WRITE_CHUNK {blockData=conID: 3 locID: 102665038227899093 bcsId: 5763} | ret=SUCCESS |  
2019-08-23 07:09:22,464 | INFO  | DNAudit | user=null | ip=null | op=WRITE_CHUNK {blockData=conID: 3 locID: 102665038227899093 bcsId: 5763} | ret=SUCCESS |  
2019-08-23 07:09:22,474 | INFO  | DNAudit | user=null | ip=null | op=WRITE_CHUNK {blockData=conID: 3 locID: 102665038227899093 bcsId: 5763} | ret=SUCCESS |  
2019-08-23 07:09:22,474 | INFO  | DNAudit | user=null | ip=null | op=PUT_BLOCK {blockData=[blockId=conID: 3 locID: 102665038227899093 bcsId: 0,size=3145728]} | ret=SUCCESS |  
2019-08-23 07:09:22,475 [grpc-default-executor-4] INFO  client.GrpcClientProtocolClient (GrpcClientProtocolClient.java:onNext(255)) - client-D91E5D1E15CE->f2ba01fc-a63e-4348-bd18-030b60a135e7: receive RaftClientReply:client-D91E5D1E15CE->f2ba01fc-a63e-4348-bd18-030b60a135e7@group-C8C62FEF0626, cid=3811, SUCCESS, logIndex=5768, commits[f2ba01fc-a63e-4348-bd18-030b60a135e7:c5769, eab135d4-a257-4705-b491-6c056b8c5df7:c5767, a4f67574-9018-43e7-8a54-351e98dc3d0a:c5767]
2019-08-23 07:09:22,475 [grpc-default-executor-4] INFO  client.GrpcClientProtocolClient (GrpcClientProtocolClient.java:onNext(255)) - client-D91E5D1E15CE->f2ba01fc-a63e-4348-bd18-030b60a135e7: receive RaftClientReply:client-D91E5D1E15CE->f2ba01fc-a63e-4348-bd18-030b60a135e7@group-C8C62FEF0626, cid=3812, SUCCESS, logIndex=5769, commits[f2ba01fc-a63e-4348-bd18-030b60a135e7:c5769, eab135d4-a257-4705-b491-6c056b8c5df7:c5767, a4f67574-9018-43e7-8a54-351e98dc3d0a:c5767]
2019-08-23 07:09:22,482 | INFO  | DNAudit | user=null | ip=null | op=WRITE_CHUNK {blockData=conID: 3 locID: 102665038227899093 bcsId: 5769} | ret=SUCCESS |  
2019-08-23 07:09:22,484 | INFO  | DNAudit | user=null | ip=null | op=WRITE_CHUNK {blockData=conID: 3 locID: 102665038227899093 bcsId: 5769} | ret=SUCCESS |  
2019-08-23 07:09:22,484 | INFO  | DNAudit | user=null | ip=null | op=WRITE_CHUNK {blockData=conID: 3 locID: 102665038227899093 bcsId: 5769} | ret=SUCCESS |  
2019-08-23 07:09:22,487 | INFO  | DNAudit | user=null | ip=null | op=WRITE_CHUNK {blockData=conID: 3 locID: 102665038227899093 bcsId: 5763} | ret=SUCCESS |  
2019-08-23 07:09:22,487 | INFO  | DNAudit | user=null | ip=null | op=WRITE_CHUNK {blockData=conID: 3 locID: 102665038227899093 bcsId: 5763} | ret=SUCCESS |  
2019-08-23 07:09:22,500 | INFO  | DNAudit | user=null | ip=null | op=PUT_BLOCK {blockData=[blockId=conID: 3 locID: 102665038227899093 bcsId: 0,size=3145728]} | ret=SUCCESS |  
2019-08-23 07:09:22,500 | INFO  | DNAudit | user=null | ip=null | op=WRITE_CHUNK {blockData=conID: 3 locID: 102665038227899093 bcsId: 5769} | ret=SUCCESS |  
2019-08-23 07:09:22,500 | INFO  | DNAudit | user=null | ip=null | op=PUT_BLOCK {blockData=[blockId=conID: 3 locID: 102665038227899093 bcsId: 0,size=3145728]} | ret=SUCCESS |  
2019-08-23 07:09:22,501 | INFO  | DNAudit | user=null | ip=null | op=PUT_BLOCK {blockData=[blockId=conID: 3 locID: 102665038227899093 bcsId: 0,size=4194304]} | ret=SUCCESS |  
2019-08-23 07:09:22,501 [grpc-default-executor-3] INFO  client.GrpcClientProtocolClient (GrpcClientProtocolClient.java:onNext(255)) - client-D91E5D1E15CE->f2ba01fc-a63e-4348-bd18-030b60a135e7: receive RaftClientReply:client-D91E5D1E15CE->f2ba01fc-a63e-4348-bd18-030b60a135e7@group-C8C62FEF0626, cid=3813, SUCCESS, logIndex=5772, commits[f2ba01fc-a63e-4348-bd18-030b60a135e7:c5773, eab135d4-a257-4705-b491-6c056b8c5df7:c5768, a4f67574-9018-43e7-8a54-351e98dc3d0a:c5769]
2019-08-23 07:09:22,501 [grpc-default-executor-3] INFO  client.GrpcClientProtocolClient (GrpcClientProtocolClient.java:onNext(255)) - client-D91E5D1E15CE->f2ba01fc-a63e-4348-bd18-030b60a135e7: receive RaftClientReply:client-D91E5D1E15CE->f2ba01fc-a63e-4348-bd18-030b60a135e7@group-C8C62FEF0626, cid=3814, SUCCESS, logIndex=5773, commits[f2ba01fc-a63e-4348-bd18-030b60a135e7:c5773, eab135d4-a257-4705-b491-6c056b8c5df7:c5769, a4f67574-9018-43e7-8a54-351e98dc3d0a:c5769]
2019-08-23 07:09:22,513 | INFO  | DNAudit | user=null | ip=null | op=WRITE_CHUNK {blockData=conID: 3 locID: 102665038227899093 bcsId: 5769} | ret=SUCCESS |  
2019-08-23 07:09:22,513 | INFO  | DNAudit | user=null | ip=null | op=WRITE_CHUNK {blockData=conID: 3 locID: 102665038227899093 bcsId: 5769} | ret=SUCCESS |  
2019-08-23 07:09:22,526 | INFO  | DNAudit | user=null | ip=null | op=PUT_BLOCK {blockData=[blockId=conID: 3 locID: 102665038227899093 bcsId: 0,size=4194304]} | ret=SUCCESS |  
2019-08-23 07:09:22,526 | INFO  | DNAudit | user=null | ip=null | op=PUT_BLOCK {blockData=[blockId=conID: 3 locID: 102665038227899093 bcsId: 0,size=4194304]} | ret=SUCCESS |  
2019-08-23 07:09:22,526 [grpc-default-executor-3] INFO  client.GrpcClientProtocolClient (GrpcClientProtocolClient.java:onNext(255)) - client-D91E5D1E15CE->f2ba01fc-a63e-4348-bd18-030b60a135e7: receive RaftClientReply:client-D91E5D1E15CE->f2ba01fc-a63e-4348-bd18-030b60a135e7@group-C8C62FEF0626, cid=3815, SUCCESS, logIndex=0, commits[f2ba01fc-a63e-4348-bd18-030b60a135e7:c5775, eab135d4-a257-4705-b491-6c056b8c5df7:c5773, a4f67574-9018-43e7-8a54-351e98dc3d0a:c5773]
2019-08-23 07:09:22,535 | INFO  | SCMAudit | user=jenkins1000 | ip=192.168.5.178 | op=ALLOCATE_BLOCK {owner=aaf04d22-10dd-4717-8862-c651bdde72cf, size=4194304, type=RATIS, factor=THREE} | ret=SUCCESS |  
2019-08-23 07:09:22,541 | INFO  | OMAudit | user=jenkins1000 | ip=127.0.0.1 | op=ALLOCATE_BLOCK {volume=vol-0-67663, bucket=bucket-0-68950, key=key-0-26970, dataSize=0, replicationType=null, replicationFactor=null, keyLocationInfo=null, clientID=102665036030476690} | ret=SUCCESS |  
 0.00% |█                                                                                                    |  0/1 Time: 0:00:332019-08-23 07:09:22,663 | INFO  | SCMAudit | user=jenkins1000 | ip=192.168.5.178 | op=SEND_HEARTBEAT {datanodeUUID=5c311bc2-cc7c-45de-998f-f79499d85d4e, command=[]} | ret=SUCCESS |  
2019-08-23 07:09:22,663 | INFO  | SCMAudit | user=jenkins1000 | ip=192.168.5.178 | op=SEND_HEARTBEAT {datanodeUUID=b7d3ecaa-ab76-49a0-b691-40b7e1ed625a, command=[]} | ret=SUCCESS |  
2019-08-23 07:09:22,664 | INFO  | DNAudit | user=null | ip=null | op=WRITE_CHUNK {blockData=conID: 1 locID: 102665038235894486 bcsId: 0} | ret=SUCCESS |  
2019-08-23 07:09:22,665 | INFO  | DNAudit | user=null | ip=null | op=WRITE_CHUNK {blockData=conID: 1 locID: 102665038235894486 bcsId: 0} | ret=SUCCESS |  
2019-08-23 07:09:22,666 | INFO  | DNAudit | user=null | ip=null | op=WRITE_CHUNK {blockData=conID: 1 locID: 102665038235894486 bcsId: 0} | ret=SUCCESS |  
2019-08-23 07:09:22,667 | INFO  | DNAudit | user=null | ip=null | op=WRITE_CHUNK {blockData=conID: 1 locID: 102665038235894486 bcsId: 0} | ret=SUCCESS |  
2019-08-23 07:09:22,669 | INFO  | DNAudit | user=null | ip=null | op=WRITE_CHUNK {blockData=conID: 1 locID: 102665038235894486 bcsId: 0} | ret=SUCCESS |  
2019-08-23 07:09:22,670 | INFO  | DNAudit | user=null | ip=null | op=WRITE_CHUNK {blockData=conID: 1 locID: 102665038235894486 bcsId: 0} | ret=SUCCESS |  
2019-08-23 07:09:22,678 | INFO  | DNAudit | user=null | ip=null | op=WRITE_CHUNK {blockData=conID: 1 locID: 102665038235894486 bcsId: 0} | ret=SUCCESS |  
2019-08-23 07:09:22,678 | INFO  | DNAudit | user=null | ip=null | op=PUT_BLOCK {blockData=[blockId=conID: 1 locID: 102665038235894486 bcsId: 0,size=1048576]} | ret=SUCCESS |  
2019-08-23 07:09:22,679 [grpc-default-executor-4] INFO  client.GrpcClientProtocolClient (GrpcClientProtocolClient.java:onNext(255)) - client-D91E5D1E15CE->f2ba01fc-a63e-4348-bd18-030b60a135e7: receive RaftClientReply:client-D91E5D1E15CE->f2ba01fc-a63e-4348-bd18-030b60a135e7@group-C8C62FEF0626, cid=3816, SUCCESS, logIndex=5776, commits[f2ba01fc-a63e-4348-bd18-030b60a135e7:c5777, eab135d4-a257-4705-b491-6c056b8c5df7:c5775, a4f67574-9018-43e7-8a54-351e98dc3d0a:c5773]
2019-08-23 07:09:22,679 | INFO  | DNAudit | user=null | ip=null | op=WRITE_CHUNK {blockData=conID: 1 locID: 102665038235894486 bcsId: 0} | ret=SUCCESS |  
2019-08-23 07:09:22,679 | INFO  | DNAudit | user=null | ip=null | op=PUT_BLOCK {blockData=[blockId=conID: 1 locID: 102665038235894486 bcsId: 0,size=2097152]} | ret=SUCCESS |  
2019-08-23 07:09:22,679 [grpc-default-executor-4] INFO  client.GrpcClientProtocolClient (GrpcClientProtocolClient.java:onNext(255)) - client-D91E5D1E15CE->f2ba01fc-a63e-4348-bd18-030b60a135e7: receive RaftClientReply:client-D91E5D1E15CE->f2ba01fc-a63e-4348-bd18-030b60a135e7@group-C8C62FEF0626, cid=3817, SUCCESS, logIndex=5777, commits[f2ba01fc-a63e-4348-bd18-030b60a135e7:c5777, eab135d4-a257-4705-b491-6c056b8c5df7:c5775, a4f67574-9018-43e7-8a54-351e98dc3d0a:c5775]
2019-08-23 07:09:22,679 [grpc-default-executor-4] INFO  client.GrpcClientProtocolClient (GrpcClientProtocolClient.java:onNext(255)) - client-D91E5D1E15CE->f2ba01fc-a63e-4348-bd18-030b60a135e7: receive RaftClientReply:client-D91E5D1E15CE->f2ba01fc-a63e-4348-bd18-030b60a135e7@group-C8C62FEF0626, cid=3818, SUCCESS, logIndex=5778, commits[f2ba01fc-a63e-4348-bd18-030b60a135e7:c5779, eab135d4-a257-4705-b491-6c056b8c5df7:c5775, a4f67574-9018-43e7-8a54-351e98dc3d0a:c5775]
2019-08-23 07:09:22,680 [grpc-default-executor-4] INFO  client.GrpcClientProtocolClient (GrpcClientProtocolClient.java:onNext(255)) - client-D91E5D1E15CE->f2ba01fc-a63e-4348-bd18-030b60a135e7: receive RaftClientReply:client-D91E5D1E15CE->f2ba01fc-a63e-4348-bd18-030b60a135e7@group-C8C62FEF0626, cid=3819, SUCCESS, logIndex=5779, commits[f2ba01fc-a63e-4348-bd18-030b60a135e7:c5779, eab135d4-a257-4705-b491-6c056b8c5df7:c5775, a4f67574-9018-43e7-8a54-351e98dc3d0a:c5775]
2019-08-23 07:09:22,681 | INFO  | DNAudit | user=null | ip=null | op=WRITE_CHUNK {blockData=conID: 1 locID: 102665038235894486 bcsId: 0} | ret=SUCCESS |  
2019-08-23 07:09:22,682 | INFO  | DNAudit | user=null | ip=null | op=PUT_BLOCK {blockData=[blockId=conID: 1 locID: 102665038235894486 bcsId: 0,size=1048576]} | ret=SUCCESS |  
2019-08-23 07:09:22,693 | INFO  | DNAudit | user=null | ip=null | op=WRITE_CHUNK {blockData=conID: 1 locID: 102665038235894486 bcsId: 0} | ret=SUCCESS |  
2019-08-23 07:09:22,693 | INFO  | DNAudit | user=null | ip=null | op=WRITE_CHUNK {blockData=conID: 1 locID: 102665038235894486 bcsId: 0} | ret=SUCCESS |  
2019-08-23 07:09:22,693 | INFO  | DNAudit | user=null | ip=null | op=PUT_BLOCK {blockData=[blockId=conID: 1 locID: 102665038235894486 bcsId: 0,size=1048576]} | ret=SUCCESS |  
2019-08-23 07:09:22,693 | INFO  | DNAudit | user=null | ip=null | op=PUT_BLOCK {blockData=[blockId=conID: 1 locID: 102665038235894486 bcsId: 0,size=2097152]} | ret=SUCCESS |  
2019-08-23 07:09:22,693 | INFO  | DNAudit | user=null | ip=null | op=WRITE_CHUNK {blockData=conID: 1 locID: 102665038235894486 bcsId: 0} | ret=SUCCESS |  
2019-08-23 07:09:22,694 | INFO  | DNAudit | user=null | ip=null | op=PUT_BLOCK {blockData=[blockId=conID: 1 locID: 102665038235894486 bcsId: 0,size=2097152]} | ret=SUCCESS |  
2019-08-23 07:09:22,694 [grpc-default-executor-4] INFO  client.GrpcClientProtocolClient (GrpcClientProtocolClient.java:onNext(255)) - client-D91E5D1E15CE->f2ba01fc-a63e-4348-bd18-030b60a135e7: receive RaftClientReply:client-D91E5D1E15CE->f2ba01fc-a63e-4348-bd18-030b60a135e7@group-C8C62FEF0626, cid=3820, SUCCESS, logIndex=0, commits[f2ba01fc-a63e-4348-bd18-030b60a135e7:c5781, eab135d4-a257-4705-b491-6c056b8c5df7:c5777, a4f67574-9018-43e7-8a54-351e98dc3d0a:c5777]
2019-08-23 07:09:22,701 | INFO  | DNAudit | user=null | ip=null | op=WRITE_CHUNK {blockData=conID: 1 locID: 102665038235894486 bcsId: 5779} | ret=SUCCESS |  
2019-08-23 07:09:22,704 | INFO  | DNAudit | user=null | ip=null | op=WRITE_CHUNK {blockData=conID: 1 locID: 102665038235894486 bcsId: 5779} | ret=SUCCESS |  
2019-08-23 07:09:22,704 | INFO  | DNAudit | user=null | ip=null | op=WRITE_CHUNK {blockData=conID: 1 locID: 102665038235894486 bcsId: 5779} | ret=SUCCESS |  
2019-08-23 07:09:22,715 | INFO  | DNAudit | user=null | ip=null | op=WRITE_CHUNK {blockData=conID: 1 locID: 102665038235894486 bcsId: 5779} | ret=SUCCESS |  
2019-08-23 07:09:22,715 | INFO  | DNAudit | user=null | ip=null | op=PUT_BLOCK {blockData=[blockId=conID: 1 locID: 102665038235894486 bcsId: 0,size=3145728]} | ret=SUCCESS |  
2019-08-23 07:09:22,715 [grpc-default-executor-3] INFO  client.GrpcClientProtocolClient (GrpcClientProtocolClient.java:onNext(255)) - client-D91E5D1E15CE->f2ba01fc-a63e-4348-bd18-030b60a135e7: receive RaftClientReply:client-D91E5D1E15CE->f2ba01fc-a63e-4348-bd18-030b60a135e7@group-C8C62FEF0626, cid=3821, SUCCESS, logIndex=5784, commits[f2ba01fc-a63e-4348-bd18-030b60a135e7:c5785, eab135d4-a257-4705-b491-6c056b8c5df7:c5783, a4f67574-9018-43e7-8a54-351e98dc3d0a:c5783]
2019-08-23 07:09:22,716 [grpc-default-executor-3] INFO  client.GrpcClientProtocolClient (GrpcClientProtocolClient.java:onNext(255)) - client-D91E5D1E15CE->f2ba01fc-a63e-4348-bd18-030b60a135e7: receive RaftClientReply:client-D91E5D1E15CE->f2ba01fc-a63e-4348-bd18-030b60a135e7@group-C8C62FEF0626, cid=3822, SUCCESS, logIndex=5785, commits[f2ba01fc-a63e-4348-bd18-030b60a135e7:c5785, eab135d4-a257-4705-b491-6c056b8c5df7:c5783, a4f67574-9018-43e7-8a54-351e98dc3d0a:c5783]
2019-08-23 07:09:22,723 | INFO  | DNAudit | user=null | ip=null | op=WRITE_CHUNK {blockData=conID: 1 locID: 102665038235894486 bcsId: 5785} | ret=SUCCESS |  
2019-08-23 07:09:22,726 | INFO  | DNAudit | user=null | ip=null | op=WRITE_CHUNK {blockData=conID: 1 locID: 102665038235894486 bcsId: 5785} | ret=SUCCESS |  
2019-08-23 07:09:22,726 | INFO  | DNAudit | user=null | ip=null | op=WRITE_CHUNK {blockData=conID: 1 locID: 102665038235894486 bcsId: 5785} | ret=SUCCESS |  
2019-08-23 07:09:22,726 | INFO  | DNAudit | user=null | ip=null | op=WRITE_CHUNK {blockData=conID: 1 locID: 102665038235894486 bcsId: 5779} | ret=SUCCESS |  
2019-08-23 07:09:22,726 | INFO  | DNAudit | user=null | ip=null | op=WRITE_CHUNK {blockData=conID: 1 locID: 102665038235894486 bcsId: 5779} | ret=SUCCESS |  
2019-08-23 07:09:22,731 | INFO  | DNAudit | user=null | ip=null | op=PUT_BLOCK {blockData=[blockId=conID: 1 locID: 102665038235894486 bcsId: 0,size=3145728]} | ret=SUCCESS |  
2019-08-23 07:09:22,731 | INFO  | DNAudit | user=null | ip=null | op=PUT_BLOCK {blockData=[blockId=conID: 1 locID: 102665038235894486 bcsId: 0,size=3145728]} | ret=SUCCESS |  
2019-08-23 07:09:22,731 | INFO  | DNAudit | user=null | ip=null | op=WRITE_CHUNK {blockData=conID: 1 locID: 102665038235894486 bcsId: 5785} | ret=SUCCESS |  
2019-08-23 07:09:22,731 | INFO  | DNAudit | user=null | ip=null | op=PUT_BLOCK {blockData=[blockId=conID: 1 locID: 102665038235894486 bcsId: 0,size=4194304]} | ret=SUCCESS |  
2019-08-23 07:09:22,732 [grpc-default-executor-6] INFO  client.GrpcClientProtocolClient (GrpcClientProtocolClient.java:onNext(255)) - client-D91E5D1E15CE->f2ba01fc-a63e-4348-bd18-030b60a135e7: receive RaftClientReply:client-D91E5D1E15CE->f2ba01fc-a63e-4348-bd18-030b60a135e7@group-C8C62FEF0626, cid=3823, SUCCESS, logIndex=5788, commits[f2ba01fc-a63e-4348-bd18-030b60a135e7:c5789, eab135d4-a257-4705-b491-6c056b8c5df7:c5785, a4f67574-9018-43e7-8a54-351e98dc3d0a:c5785]
2019-08-23 07:09:22,732 [grpc-default-executor-6] INFO  client.GrpcClientProtocolClient (GrpcClientProtocolClient.java:onNext(255)) - client-D91E5D1E15CE->f2ba01fc-a63e-4348-bd18-030b60a135e7: receive RaftClientReply:client-D91E5D1E15CE->f2ba01fc-a63e-4348-bd18-030b60a135e7@group-C8C62FEF0626, cid=3824, SUCCESS, logIndex=5789, commits[f2ba01fc-a63e-4348-bd18-030b60a135e7:c5789, eab135d4-a257-4705-b491-6c056b8c5df7:c5785, a4f67574-9018-43e7-8a54-351e98dc3d0a:c5785]
2019-08-23 07:09:22,744 | INFO  | DNAudit | user=null | ip=null | op=WRITE_CHUNK {blockData=conID: 1 locID: 102665038235894486 bcsId: 5785} | ret=SUCCESS |  
2019-08-23 07:09:22,745 | INFO  | DNAudit | user=null | ip=null | op=WRITE_CHUNK {blockData=conID: 1 locID: 102665038235894486 bcsId: 5785} | ret=SUCCESS |  
2019-08-23 07:09:22,758 | INFO  | DNAudit | user=null | ip=null | op=PUT_BLOCK {blockData=[blockId=conID: 1 locID: 102665038235894486 bcsId: 0,size=4194304]} | ret=SUCCESS |  
2019-08-23 07:09:22,758 | INFO  | DNAudit | user=null | ip=null | op=PUT_BLOCK {blockData=[blockId=conID: 1 locID: 102665038235894486 bcsId: 0,size=4194304]} | ret=SUCCESS |  
2019-08-23 07:09:22,758 [grpc-default-executor-6] INFO  client.GrpcClientProtocolClient (GrpcClientProtocolClient.java:onNext(255)) - client-D91E5D1E15CE->f2ba01fc-a63e-4348-bd18-030b60a135e7: receive RaftClientReply:client-D91E5D1E15CE->f2ba01fc-a63e-4348-bd18-030b60a135e7@group-C8C62FEF0626, cid=3825, SUCCESS, logIndex=0, commits[f2ba01fc-a63e-4348-bd18-030b60a135e7:c5791, eab135d4-a257-4705-b491-6c056b8c5df7:c5789, a4f67574-9018-43e7-8a54-351e98dc3d0a:c5789]
2019-08-23 07:09:22,768 | INFO  | SCMAudit | user=jenkins1000 | ip=192.168.5.178 | op=ALLOCATE_BLOCK {owner=aaf04d22-10dd-4717-8862-c651bdde72cf, size=4194304, type=RATIS, factor=THREE} | ret=SUCCESS |  
2019-08-23 07:09:22,774 | INFO  | OMAudit | user=jenkins1000 | ip=127.0.0.1 | op=ALLOCATE_BLOCK {volume=vol-0-67663, bucket=bucket-0-68950, key=key-0-26970, dataSize=0, replicationType=null, replicationFactor=null, keyLocationInfo=null, clientID=102665036030476690} | ret=SUCCESS |  
2019-08-23 07:09:22,783 | INFO  | DNAudit | user=null | ip=null | op=WRITE_CHUNK {blockData=conID: 2 locID: 102665038251164375 bcsId: 0} | ret=SUCCESS |  
2019-08-23 07:09:22,785 | INFO  | DNAudit | user=null | ip=null | op=WRITE_CHUNK {blockData=conID: 2 locID: 102665038251164375 bcsId: 0} | ret=SUCCESS |  
2019-08-23 07:09:22,785 | INFO  | DNAudit | user=null | ip=null | op=WRITE_CHUNK {blockData=conID: 2 locID: 102665038251164375 bcsId: 0} | ret=SUCCESS |  
2019-08-23 07:09:22,785 | INFO  | DNAudit | user=null | ip=null | op=WRITE_CHUNK {blockData=conID: 2 locID: 102665038251164375 bcsId: 0} | ret=SUCCESS |  
2019-08-23 07:09:22,787 | INFO  | DNAudit | user=null | ip=null | op=WRITE_CHUNK {blockData=conID: 2 locID: 102665038251164375 bcsId: 0} | ret=SUCCESS |  
2019-08-23 07:09:22,787 | INFO  | DNAudit | user=null | ip=null | op=WRITE_CHUNK {blockData=conID: 2 locID: 102665038251164375 bcsId: 0} | ret=SUCCESS |  
2019-08-23 07:09:22,797 | INFO  | DNAudit | user=null | ip=null | op=WRITE_CHUNK {blockData=conID: 2 locID: 102665038251164375 bcsId: 0} | ret=SUCCESS |  
2019-08-23 07:09:22,797 | INFO  | DNAudit | user=null | ip=null | op=PUT_BLOCK {blockData=[blockId=conID: 2 locID: 102665038251164375 bcsId: 0,size=1048576]} | ret=SUCCESS |  
2019-08-23 07:09:22,797 [grpc-default-executor-3] INFO  client.GrpcClientProtocolClient (GrpcClientProtocolClient.java:onNext(255)) - client-D91E5D1E15CE->f2ba01fc-a63e-4348-bd18-030b60a135e7: receive RaftClientReply:client-D91E5D1E15CE->f2ba01fc-a63e-4348-bd18-030b60a135e7@group-C8C62FEF0626, cid=3826, SUCCESS, logIndex=5792, commits[f2ba01fc-a63e-4348-bd18-030b60a135e7:c5793, eab135d4-a257-4705-b491-6c056b8c5df7:c5791, a4f67574-9018-43e7-8a54-351e98dc3d0a:c5791]
2019-08-23 07:09:22,798 [grpc-default-executor-3] INFO  client.GrpcClientProtocolClient (GrpcClientProtocolClient.java:onNext(255)) - client-D91E5D1E15CE->f2ba01fc-a63e-4348-bd18-030b60a135e7: receive RaftClientReply:client-D91E5D1E15CE->f2ba01fc-a63e-4348-bd18-030b60a135e7@group-C8C62FEF0626, cid=3827, SUCCESS, logIndex=5793, commits[f2ba01fc-a63e-4348-bd18-030b60a135e7:c5793, eab135d4-a257-4705-b491-6c056b8c5df7:c5791, a4f67574-9018-43e7-8a54-351e98dc3d0a:c5791]
2019-08-23 07:09:22,809 | INFO  | DNAudit | user=null | ip=null | op=WRITE_CHUNK {blockData=conID: 2 locID: 102665038251164375 bcsId: 0} | ret=SUCCESS |  
2019-08-23 07:09:22,810 | INFO  | DNAudit | user=null | ip=null | op=PUT_BLOCK {blockData=[blockId=conID: 2 locID: 102665038251164375 bcsId: 0,size=2097152]} | ret=SUCCESS |  
2019-08-23 07:09:22,810 [grpc-default-executor-3] INFO  client.GrpcClientProtocolClient (GrpcClientProtocolClient.java:onNext(255)) - client-D91E5D1E15CE->f2ba01fc-a63e-4348-bd18-030b60a135e7: receive RaftClientReply:client-D91E5D1E15CE->f2ba01fc-a63e-4348-bd18-030b60a135e7@group-C8C62FEF0626, cid=3828, SUCCESS, logIndex=5794, commits[f2ba01fc-a63e-4348-bd18-030b60a135e7:c5795, eab135d4-a257-4705-b491-6c056b8c5df7:c5791, a4f67574-9018-43e7-8a54-351e98dc3d0a:c5791]
2019-08-23 07:09:22,810 [grpc-default-executor-3] INFO  client.GrpcClientProtocolClient (GrpcClientProtocolClient.java:onNext(255)) - client-D91E5D1E15CE->f2ba01fc-a63e-4348-bd18-030b60a135e7: receive RaftClientReply:client-D91E5D1E15CE->f2ba01fc-a63e-4348-bd18-030b60a135e7@group-C8C62FEF0626, cid=3829, SUCCESS, logIndex=5795, commits[f2ba01fc-a63e-4348-bd18-030b60a135e7:c5795, eab135d4-a257-4705-b491-6c056b8c5df7:c5791, a4f67574-9018-43e7-8a54-351e98dc3d0a:c5791]
2019-08-23 07:09:22,822 | INFO  | DNAudit | user=null | ip=null | op=WRITE_CHUNK {blockData=conID: 2 locID: 102665038251164375 bcsId: 0} | ret=SUCCESS |  
2019-08-23 07:09:22,822 | INFO  | DNAudit | user=null | ip=null | op=WRITE_CHUNK {blockData=conID: 2 locID: 102665038251164375 bcsId: 0} | ret=SUCCESS |  
2019-08-23 07:09:22,822 | INFO  | DNAudit | user=null | ip=null | op=PUT_BLOCK {blockData=[blockId=conID: 2 locID: 102665038251164375 bcsId: 0,size=1048576]} | ret=SUCCESS |  
2019-08-23 07:09:22,822 | INFO  | DNAudit | user=null | ip=null | op=PUT_BLOCK {blockData=[blockId=conID: 2 locID: 102665038251164375 bcsId: 0,size=1048576]} | ret=SUCCESS |  
2019-08-23 07:09:22,823 [grpc-default-executor-3] INFO  client.GrpcClientProtocolClient (GrpcClientProtocolClient.java:onNext(255)) - client-D91E5D1E15CE->f2ba01fc-a63e-4348-bd18-030b60a135e7: receive RaftClientReply:client-D91E5D1E15CE->f2ba01fc-a63e-4348-bd18-030b60a135e7@group-C8C62FEF0626, cid=3830, SUCCESS, logIndex=0, commits[f2ba01fc-a63e-4348-bd18-030b60a135e7:c5797, eab135d4-a257-4705-b491-6c056b8c5df7:c5793, a4f67574-9018-43e7-8a54-351e98dc3d0a:c5793]
2019-08-23 07:09:22,831 | INFO  | DNAudit | user=null | ip=null | op=WRITE_CHUNK {blockData=conID: 2 locID: 102665038251164375 bcsId: 5795} | ret=SUCCESS |  
2019-08-23 07:09:22,833 | INFO  | DNAudit | user=null | ip=null | op=WRITE_CHUNK {blockData=conID: 2 locID: 102665038251164375 bcsId: 5795} | ret=SUCCESS |  
2019-08-23 07:09:22,834 | INFO  | DNAudit | user=null | ip=null | op=WRITE_CHUNK {blockData=conID: 2 locID: 102665038251164375 bcsId: 5795} | ret=SUCCESS |  
2019-08-23 07:09:22,835 | INFO  | DNAudit | user=null | ip=null | op=WRITE_CHUNK {blockData=conID: 2 locID: 102665038251164375 bcsId: 0} | ret=SUCCESS |  
2019-08-23 07:09:22,835 | INFO  | DNAudit | user=null | ip=null | op=WRITE_CHUNK {blockData=conID: 2 locID: 102665038251164375 bcsId: 0} | ret=SUCCESS |  
2019-08-23 07:09:22,835 | INFO  | DNAudit | user=null | ip=null | op=PUT_BLOCK {blockData=[blockId=conID: 2 locID: 102665038251164375 bcsId: 0,size=2097152]} | ret=SUCCESS |  
2019-08-23 07:09:22,835 | INFO  | DNAudit | user=null | ip=null | op=PUT_BLOCK {blockData=[blockId=conID: 2 locID: 102665038251164375 bcsId: 0,size=2097152]} | ret=SUCCESS |  
2019-08-23 07:09:22,839 | INFO  | DNAudit | user=null | ip=null | op=WRITE_CHUNK {blockData=conID: 2 locID: 102665038251164375 bcsId: 5795} | ret=SUCCESS |  
2019-08-23 07:09:22,839 | INFO  | DNAudit | user=null | ip=null | op=PUT_BLOCK {blockData=[blockId=conID: 2 locID: 102665038251164375 bcsId: 0,size=3145728]} | ret=SUCCESS |  
2019-08-23 07:09:22,839 [grpc-default-executor-6] INFO  client.GrpcClientProtocolClient (GrpcClientProtocolClient.java:onNext(255)) - client-D91E5D1E15CE->f2ba01fc-a63e-4348-bd18-030b60a135e7: receive RaftClientReply:client-D91E5D1E15CE->f2ba01fc-a63e-4348-bd18-030b60a135e7@group-C8C62FEF0626, cid=3831, SUCCESS, logIndex=5800, commits[f2ba01fc-a63e-4348-bd18-030b60a135e7:c5801, eab135d4-a257-4705-b491-6c056b8c5df7:c5797, a4f67574-9018-43e7-8a54-351e98dc3d0a:c5797]
2019-08-23 07:09:22,840 [grpc-default-executor-6] INFO  client.GrpcClientProtocolClient (GrpcClientProtocolClient.java:onNext(255)) - client-D91E5D1E15CE->f2ba01fc-a63e-4348-bd18-030b60a135e7: receive RaftClientReply:client-D91E5D1E15CE->f2ba01fc-a63e-4348-bd18-030b60a135e7@group-C8C62FEF0626, cid=3832, SUCCESS, logIndex=5801, commits[f2ba01fc-a63e-4348-bd18-030b60a135e7:c5801, eab135d4-a257-4705-b491-6c056b8c5df7:c5797, a4f67574-9018-43e7-8a54-351e98dc3d0a:c5797]
2019-08-23 07:09:22,842 | INFO  | DNAudit | user=null | ip=null | op=WRITE_CHUNK {blockData=conID: 2 locID: 102665038251164375 bcsId: 5795} | ret=SUCCESS |  
2019-08-23 07:09:22,842 | INFO  | DNAudit | user=null | ip=null | op=WRITE_CHUNK {blockData=conID: 2 locID: 102665038251164375 bcsId: 5795} | ret=SUCCESS |  
2019-08-23 07:09:22,848 | INFO  | DNAudit | user=null | ip=null | op=WRITE_CHUNK {blockData=conID: 2 locID: 102665038251164375 bcsId: 5801} | ret=SUCCESS |  
2019-08-23 07:09:22,849 | INFO  | DNAudit | user=null | ip=null | op=WRITE_CHUNK {blockData=conID: 2 locID: 102665038251164375 bcsId: 5801} | ret=SUCCESS |  
2019-08-23 07:09:22,849 | INFO  | DNAudit | user=null | ip=null | op=WRITE_CHUNK {blockData=conID: 2 locID: 102665038251164375 bcsId: 5801} | ret=SUCCESS |  
2019-08-23 07:09:22,852 | INFO  | DNAudit | user=null | ip=null | op=PUT_BLOCK {blockData=[blockId=conID: 2 locID: 102665038251164375 bcsId: 0,size=3145728]} | ret=SUCCESS |  
2019-08-23 07:09:22,852 | INFO  | DNAudit | user=null | ip=null | op=PUT_BLOCK {blockData=[blockId=conID: 2 locID: 102665038251164375 bcsId: 0,size=3145728]} | ret=SUCCESS |  
2019-08-23 07:09:22,855 | INFO  | DNAudit | user=null | ip=null | op=WRITE_CHUNK {blockData=conID: 2 locID: 102665038251164375 bcsId: 5801} | ret=SUCCESS |  
2019-08-23 07:09:22,856 | INFO  | DNAudit | user=null | ip=null | op=PUT_BLOCK {blockData=[blockId=conID: 2 locID: 102665038251164375 bcsId: 0,size=4194304]} | ret=SUCCESS |  
2019-08-23 07:09:22,856 [grpc-default-executor-3] INFO  client.GrpcClientProtocolClient (GrpcClientProtocolClient.java:onNext(255)) - client-D91E5D1E15CE->f2ba01fc-a63e-4348-bd18-030b60a135e7: receive RaftClientReply:client-D91E5D1E15CE->f2ba01fc-a63e-4348-bd18-030b60a135e7@group-C8C62FEF0626, cid=3833, SUCCESS, logIndex=5804, commits[f2ba01fc-a63e-4348-bd18-030b60a135e7:c5805, eab135d4-a257-4705-b491-6c056b8c5df7:c5802, a4f67574-9018-43e7-8a54-351e98dc3d0a:c5802]
2019-08-23 07:09:22,856 [grpc-default-executor-3] INFO  client.GrpcClientProtocolClient (GrpcClientProtocolClient.java:onNext(255)) - client-D91E5D1E15CE->f2ba01fc-a63e-4348-bd18-030b60a135e7: receive RaftClientReply:client-D91E5D1E15CE->f2ba01fc-a63e-4348-bd18-030b60a135e7@group-C8C62FEF0626, cid=3834, SUCCESS, logIndex=5805, commits[f2ba01fc-a63e-4348-bd18-030b60a135e7:c5805, eab135d4-a257-4705-b491-6c056b8c5df7:c5802, a4f67574-9018-43e7-8a54-351e98dc3d0a:c5802]
2019-08-23 07:09:22,859 | INFO  | DNAudit | user=null | ip=null | op=WRITE_CHUNK {blockData=conID: 2 locID: 102665038251164375 bcsId: 5801} | ret=SUCCESS |  
2019-08-23 07:09:22,859 | INFO  | DNAudit | user=null | ip=null | op=WRITE_CHUNK {blockData=conID: 2 locID: 102665038251164375 bcsId: 5801} | ret=SUCCESS |  
2019-08-23 07:09:22,862 | INFO  | DNAudit | user=null | ip=null | op=PUT_BLOCK {blockData=[blockId=conID: 2 locID: 102665038251164375 bcsId: 0,size=4194304]} | ret=SUCCESS |  
2019-08-23 07:09:22,862 | INFO  | DNAudit | user=null | ip=null | op=PUT_BLOCK {blockData=[blockId=conID: 2 locID: 102665038251164375 bcsId: 0,size=4194304]} | ret=SUCCESS |  
2019-08-23 07:09:22,862 [grpc-default-executor-3] INFO  client.GrpcClientProtocolClient (GrpcClientProtocolClient.java:onNext(255)) - client-D91E5D1E15CE->f2ba01fc-a63e-4348-bd18-030b60a135e7: receive RaftClientReply:client-D91E5D1E15CE->f2ba01fc-a63e-4348-bd18-030b60a135e7@group-C8C62FEF0626, cid=3835, SUCCESS, logIndex=0, commits[f2ba01fc-a63e-4348-bd18-030b60a135e7:c5807, eab135d4-a257-4705-b491-6c056b8c5df7:c5805, a4f67574-9018-43e7-8a54-351e98dc3d0a:c5805]
2019-08-23 07:09:22,868 | INFO  | SCMAudit | user=jenkins1000 | ip=192.168.5.178 | op=ALLOCATE_BLOCK {owner=aaf04d22-10dd-4717-8862-c651bdde72cf, size=4194304, type=RATIS, factor=THREE} | ret=SUCCESS |  
2019-08-23 07:09:22,871 | INFO  | OMAudit | user=jenkins1000 | ip=127.0.0.1 | op=ALLOCATE_BLOCK {volume=vol-0-67663, bucket=bucket-0-68950, key=key-0-26970, dataSize=0, replicationType=null, replicationFactor=null, keyLocationInfo=null, clientID=102665036030476690} | ret=SUCCESS |  
2019-08-23 07:09:22,879 | INFO  | DNAudit | user=null | ip=null | op=WRITE_CHUNK {blockData=conID: 3 locID: 102665038257652440 bcsId: 0} | ret=SUCCESS |  
2019-08-23 07:09:22,881 | INFO  | DNAudit | user=null | ip=null | op=WRITE_CHUNK {blockData=conID: 3 locID: 102665038257652440 bcsId: 0} | ret=SUCCESS |  
2019-08-23 07:09:22,881 | INFO  | DNAudit | user=null | ip=null | op=WRITE_CHUNK {blockData=conID: 3 locID: 102665038257652440 bcsId: 0} | ret=SUCCESS |  
2019-08-23 07:09:22,882 | INFO  | DNAudit | user=null | ip=null | op=WRITE_CHUNK {blockData=conID: 3 locID: 102665038257652440 bcsId: 0} | ret=SUCCESS |  
2019-08-23 07:09:22,883 | INFO  | DNAudit | user=null | ip=null | op=WRITE_CHUNK {blockData=conID: 3 locID: 102665038257652440 bcsId: 0} | ret=SUCCESS |  
2019-08-23 07:09:22,883 | INFO  | DNAudit | user=null | ip=null | op=WRITE_CHUNK {blockData=conID: 3 locID: 102665038257652440 bcsId: 0} | ret=SUCCESS |  
2019-08-23 07:09:22,883 | INFO  | DNAudit | user=null | ip=null | op=WRITE_CHUNK {blockData=conID: 3 locID: 102665038257652440 bcsId: 0} | ret=SUCCESS |  
2019-08-23 07:09:22,883 | INFO  | DNAudit | user=null | ip=null | op=PUT_BLOCK {blockData=[blockId=conID: 3 locID: 102665038257652440 bcsId: 0,size=1048576]} | ret=SUCCESS |  
2019-08-23 07:09:22,884 [grpc-default-executor-6] INFO  client.GrpcClientProtocolClient (GrpcClientProtocolClient.java:onNext(255)) - client-D91E5D1E15CE->f2ba01fc-a63e-4348-bd18-030b60a135e7: receive RaftClientReply:client-D91E5D1E15CE->f2ba01fc-a63e-4348-bd18-030b60a135e7@group-C8C62FEF0626, cid=3836, SUCCESS, logIndex=5808, commits[f2ba01fc-a63e-4348-bd18-030b60a135e7:c5809, eab135d4-a257-4705-b491-6c056b8c5df7:c5807, a4f67574-9018-43e7-8a54-351e98dc3d0a:c5805]
2019-08-23 07:09:22,884 [grpc-default-executor-6] INFO  client.GrpcClientProtocolClient (GrpcClientProtocolClient.java:onNext(255)) - client-D91E5D1E15CE->f2ba01fc-a63e-4348-bd18-030b60a135e7: receive RaftClientReply:client-D91E5D1E15CE->f2ba01fc-a63e-4348-bd18-030b60a135e7@group-C8C62FEF0626, cid=3837, SUCCESS, logIndex=5809, commits[f2ba01fc-a63e-4348-bd18-030b60a135e7:c5809, eab135d4-a257-4705-b491-6c056b8c5df7:c5807, a4f67574-9018-43e7-8a54-351e98dc3d0a:c5805]
2019-08-23 07:09:22,886 | INFO  | DNAudit | user=null | ip=null | op=WRITE_CHUNK {blockData=conID: 3 locID: 102665038257652440 bcsId: 0} | ret=SUCCESS |  
2019-08-23 07:09:22,886 | INFO  | DNAudit | user=null | ip=null | op=PUT_BLOCK {blockData=[blockId=conID: 3 locID: 102665038257652440 bcsId: 0,size=2097152]} | ret=SUCCESS |  
2019-08-23 07:09:22,886 [grpc-default-executor-4] INFO  client.GrpcClientProtocolClient (GrpcClientProtocolClient.java:onNext(255)) - client-D91E5D1E15CE->f2ba01fc-a63e-4348-bd18-030b60a135e7: receive RaftClientReply:client-D91E5D1E15CE->f2ba01fc-a63e-4348-bd18-030b60a135e7@group-C8C62FEF0626, cid=3838, SUCCESS, logIndex=5810, commits[f2ba01fc-a63e-4348-bd18-030b60a135e7:c5811, eab135d4-a257-4705-b491-6c056b8c5df7:c5807, a4f67574-9018-43e7-8a54-351e98dc3d0a:c5807]
2019-08-23 07:09:22,887 [grpc-default-executor-4] INFO  client.GrpcClientProtocolClient (GrpcClientProtocolClient.java:onNext(255)) - client-D91E5D1E15CE->f2ba01fc-a63e-4348-bd18-030b60a135e7: receive RaftClientReply:client-D91E5D1E15CE->f2ba01fc-a63e-4348-bd18-030b60a135e7@group-C8C62FEF0626, cid=3839, SUCCESS, logIndex=5811, commits[f2ba01fc-a63e-4348-bd18-030b60a135e7:c5811, eab135d4-a257-4705-b491-6c056b8c5df7:c5807, a4f67574-9018-43e7-8a54-351e98dc3d0a:c5807]
2019-08-23 07:09:22,887 | INFO  | DNAudit | user=null | ip=null | op=WRITE_CHUNK {blockData=conID: 3 locID: 102665038257652440 bcsId: 0} | ret=SUCCESS |  
2019-08-23 07:09:22,887 | INFO  | DNAudit | user=null | ip=null | op=WRITE_CHUNK {blockData=conID: 3 locID: 102665038257652440 bcsId: 0} | ret=SUCCESS |  
2019-08-23 07:09:22,887 | INFO  | DNAudit | user=null | ip=null | op=PUT_BLOCK {blockData=[blockId=conID: 3 locID: 102665038257652440 bcsId: 0,size=1048576]} | ret=SUCCESS |  
2019-08-23 07:09:22,887 | INFO  | DNAudit | user=null | ip=null | op=PUT_BLOCK {blockData=[blockId=conID: 3 locID: 102665038257652440 bcsId: 0,size=1048576]} | ret=SUCCESS |  
2019-08-23 07:09:22,887 [grpc-default-executor-0] INFO  client.GrpcClientProtocolClient (GrpcClientProtocolClient.java:onNext(255)) - client-D91E5D1E15CE->f2ba01fc-a63e-4348-bd18-030b60a135e7: receive RaftClientReply:client-D91E5D1E15CE->f2ba01fc-a63e-4348-bd18-030b60a135e7@group-C8C62FEF0626, cid=3840, SUCCESS, logIndex=0, commits[f2ba01fc-a63e-4348-bd18-030b60a135e7:c5813, eab135d4-a257-4705-b491-6c056b8c5df7:c5809, a4f67574-9018-43e7-8a54-351e98dc3d0a:c5809]
2019-08-23 07:09:22,889 | INFO  | DNAudit | user=null | ip=null | op=WRITE_CHUNK {blockData=conID: 3 locID: 102665038257652440 bcsId: 0} | ret=SUCCESS |  
2019-08-23 07:09:22,889 | INFO  | DNAudit | user=null | ip=null | op=WRITE_CHUNK {blockData=conID: 3 locID: 102665038257652440 bcsId: 0} | ret=SUCCESS |  
2019-08-23 07:09:22,889 | INFO  | DNAudit | user=null | ip=null | op=PUT_BLOCK {blockData=[blockId=conID: 3 locID: 102665038257652440 bcsId: 0,size=2097152]} | ret=SUCCESS |  
2019-08-23 07:09:22,889 | INFO  | DNAudit | user=null | ip=null | op=PUT_BLOCK {blockData=[blockId=conID: 3 locID: 102665038257652440 bcsId: 0,size=2097152]} | ret=SUCCESS |  
2019-08-23 07:09:22,894 | INFO  | DNAudit | user=null | ip=null | op=WRITE_CHUNK {blockData=conID: 3 locID: 102665038257652440 bcsId: 5811} | ret=SUCCESS |  
2019-08-23 07:09:22,895 | INFO  | DNAudit | user=null | ip=null | op=WRITE_CHUNK {blockData=conID: 3 locID: 102665038257652440 bcsId: 5811} | ret=SUCCESS |  
2019-08-23 07:09:22,896 | INFO  | DNAudit | user=null | ip=null | op=WRITE_CHUNK {blockData=conID: 3 locID: 102665038257652440 bcsId: 5811} | ret=SUCCESS |  
2019-08-23 07:09:22,898 | INFO  | DNAudit | user=null | ip=null | op=WRITE_CHUNK {blockData=conID: 3 locID: 102665038257652440 bcsId: 5811} | ret=SUCCESS |  
2019-08-23 07:09:22,898 | INFO  | DNAudit | user=null | ip=null | op=PUT_BLOCK {blockData=[blockId=conID: 3 locID: 102665038257652440 bcsId: 0,size=3145728]} | ret=SUCCESS |  
2019-08-23 07:09:22,899 [grpc-default-executor-6] INFO  client.GrpcClientProtocolClient (GrpcClientProtocolClient.java:onNext(255)) - client-D91E5D1E15CE->f2ba01fc-a63e-4348-bd18-030b60a135e7: receive RaftClientReply:client-D91E5D1E15CE->f2ba01fc-a63e-4348-bd18-030b60a135e7@group-C8C62FEF0626, cid=3841, SUCCESS, logIndex=5816, commits[f2ba01fc-a63e-4348-bd18-030b60a135e7:c5817, eab135d4-a257-4705-b491-6c056b8c5df7:c5811, a4f67574-9018-43e7-8a54-351e98dc3d0a:c5815]
2019-08-23 07:09:22,899 [grpc-default-executor-6] INFO  client.GrpcClientProtocolClient (GrpcClientProtocolClient.java:onNext(255)) - client-D91E5D1E15CE->f2ba01fc-a63e-4348-bd18-030b60a135e7: receive RaftClientReply:client-D91E5D1E15CE->f2ba01fc-a63e-4348-bd18-030b60a135e7@group-C8C62FEF0626, cid=3842, SUCCESS, logIndex=5817, commits[f2ba01fc-a63e-4348-bd18-030b60a135e7:c5817, eab135d4-a257-4705-b491-6c056b8c5df7:c5815, a4f67574-9018-43e7-8a54-351e98dc3d0a:c5815]
2019-08-23 07:09:22,902 | INFO  | DNAudit | user=null | ip=null | op=WRITE_CHUNK {blockData=conID: 3 locID: 102665038257652440 bcsId: 5811} | ret=SUCCESS |  
2019-08-23 07:09:22,902 | INFO  | DNAudit | user=null | ip=null | op=WRITE_CHUNK {blockData=conID: 3 locID: 102665038257652440 bcsId: 5811} | ret=SUCCESS |  
2019-08-23 07:09:22,902 | INFO  | DNAudit | user=null | ip=null | op=PUT_BLOCK {blockData=[blockId=conID: 3 locID: 102665038257652440 bcsId: 0,size=3145728]} | ret=SUCCESS |  
2019-08-23 07:09:22,902 | INFO  | DNAudit | user=null | ip=null | op=PUT_BLOCK {blockData=[blockId=conID: 3 locID: 102665038257652440 bcsId: 0,size=3145728]} | ret=SUCCESS |  
2019-08-23 07:09:22,905 | INFO  | DNAudit | user=null | ip=null | op=WRITE_CHUNK {blockData=conID: 3 locID: 102665038257652440 bcsId: 5817} | ret=SUCCESS |  
2019-08-23 07:09:22,907 | INFO  | DNAudit | user=null | ip=null | op=WRITE_CHUNK {blockData=conID: 3 locID: 102665038257652440 bcsId: 5817} | ret=SUCCESS |  
2019-08-23 07:09:22,907 | INFO  | DNAudit | user=null | ip=null | op=WRITE_CHUNK {blockData=conID: 3 locID: 102665038257652440 bcsId: 5817} | ret=SUCCESS |  
2019-08-23 07:09:22,913 | INFO  | SCMAudit | user=jenkins1000 | ip=192.168.5.178 | op=SEND_HEARTBEAT {datanodeUUID=a4f67574-9018-43e7-8a54-351e98dc3d0a, command=[]} | ret=SUCCESS |  
2019-08-23 07:09:22,913 | INFO  | SCMAudit | user=jenkins1000 | ip=192.168.5.178 | op=SEND_HEARTBEAT {datanodeUUID=f2ba01fc-a63e-4348-bd18-030b60a135e7, command=[]} | ret=SUCCESS |  
2019-08-23 07:09:22,914 | INFO  | SCMAudit | user=jenkins1000 | ip=192.168.5.178 | op=SEND_HEARTBEAT {datanodeUUID=eab135d4-a257-4705-b491-6c056b8c5df7, command=[]} | ret=SUCCESS |  
2019-08-23 07:09:22,927 | INFO  | DNAudit | user=null | ip=null | op=WRITE_CHUNK {blockData=conID: 3 locID: 102665038257652440 bcsId: 5817} | ret=SUCCESS |  
2019-08-23 07:09:22,927 | INFO  | DNAudit | user=null | ip=null | op=PUT_BLOCK {blockData=[blockId=conID: 3 locID: 102665038257652440 bcsId: 0,size=4194304]} | ret=SUCCESS |  
2019-08-23 07:09:22,927 [grpc-default-executor-6] INFO  client.GrpcClientProtocolClient (GrpcClientProtocolClient.java:onNext(255)) - client-D91E5D1E15CE->f2ba01fc-a63e-4348-bd18-030b60a135e7: receive RaftClientReply:client-D91E5D1E15CE->f2ba01fc-a63e-4348-bd18-030b60a135e7@group-C8C62FEF0626, cid=3843, SUCCESS, logIndex=5820, commits[f2ba01fc-a63e-4348-bd18-030b60a135e7:c5821, eab135d4-a257-4705-b491-6c056b8c5df7:c5819, a4f67574-9018-43e7-8a54-351e98dc3d0a:c5819]
2019-08-23 07:09:22,928 [grpc-default-executor-6] INFO  client.GrpcClientProtocolClient (GrpcClientProtocolClient.java:onNext(255)) - client-D91E5D1E15CE->f2ba01fc-a63e-4348-bd18-030b60a135e7: receive RaftClientReply:client-D91E5D1E15CE->f2ba01fc-a63e-4348-bd18-030b60a135e7@group-C8C62FEF0626, cid=3844, SUCCESS, logIndex=5821, commits[f2ba01fc-a63e-4348-bd18-030b60a135e7:c5821, eab135d4-a257-4705-b491-6c056b8c5df7:c5819, a4f67574-9018-43e7-8a54-351e98dc3d0a:c5819]
2019-08-23 07:09:22,938 | INFO  | DNAudit | user=null | ip=null | op=WRITE_CHUNK {blockData=conID: 3 locID: 102665038257652440 bcsId: 5817} | ret=SUCCESS |  
2019-08-23 07:09:22,939 | INFO  | DNAudit | user=null | ip=null | op=WRITE_CHUNK {blockData=conID: 3 locID: 102665038257652440 bcsId: 5817} | ret=SUCCESS |  
2019-08-23 07:09:22,941 | INFO  | DNAudit | user=null | ip=null | op=PUT_BLOCK {blockData=[blockId=conID: 3 locID: 102665038257652440 bcsId: 0,size=4194304]} | ret=SUCCESS |  
2019-08-23 07:09:22,941 | INFO  | DNAudit | user=null | ip=null | op=PUT_BLOCK {blockData=[blockId=conID: 3 locID: 102665038257652440 bcsId: 0,size=4194304]} | ret=SUCCESS |  
2019-08-23 07:09:22,942 [grpc-default-executor-4] INFO  client.GrpcClientProtocolClient (GrpcClientProtocolClient.java:onNext(255)) - client-D91E5D1E15CE->f2ba01fc-a63e-4348-bd18-030b60a135e7: receive RaftClientReply:client-D91E5D1E15CE->f2ba01fc-a63e-4348-bd18-030b60a135e7@group-C8C62FEF0626, cid=3845, SUCCESS, logIndex=0, commits[f2ba01fc-a63e-4348-bd18-030b60a135e7:c5822, eab135d4-a257-4705-b491-6c056b8c5df7:c5821, a4f67574-9018-43e7-8a54-351e98dc3d0a:c5821]
2019-08-23 07:09:22,949 | INFO  | SCMAudit | user=jenkins1000 | ip=192.168.5.178 | op=ALLOCATE_BLOCK {owner=aaf04d22-10dd-4717-8862-c651bdde72cf, size=4194304, type=RATIS, factor=THREE} | ret=SUCCESS |  
2019-08-23 07:09:22,952 | INFO  | OMAudit | user=jenkins1000 | ip=127.0.0.1 | op=ALLOCATE_BLOCK {volume=vol-0-67663, bucket=bucket-0-68950, key=key-0-26970, dataSize=0, replicationType=null, replicationFactor=null, keyLocationInfo=null, clientID=102665036030476690} | ret=SUCCESS |  
2019-08-23 07:09:22,958 | INFO  | DNAudit | user=null | ip=null | op=WRITE_CHUNK {blockData=conID: 1 locID: 102665038263026393 bcsId: 0} | ret=SUCCESS |  
2019-08-23 07:09:22,960 | INFO  | DNAudit | user=null | ip=null | op=WRITE_CHUNK {blockData=conID: 1 locID: 102665038263026393 bcsId: 0} | ret=SUCCESS |  
2019-08-23 07:09:22,960 | INFO  | DNAudit | user=null | ip=null | op=WRITE_CHUNK {blockData=conID: 1 locID: 102665038263026393 bcsId: 0} | ret=SUCCESS |  
2019-08-23 07:09:22,961 | INFO  | DNAudit | user=null | ip=null | op=WRITE_CHUNK {blockData=conID: 1 locID: 102665038263026393 bcsId: 0} | ret=SUCCESS |  
2019-08-23 07:09:22,962 | INFO  | DNAudit | user=null | ip=null | op=WRITE_CHUNK {blockData=conID: 1 locID: 102665038263026393 bcsId: 0} | ret=SUCCESS |  
2019-08-23 07:09:22,962 | INFO  | DNAudit | user=null | ip=null | op=WRITE_CHUNK {blockData=conID: 1 locID: 102665038263026393 bcsId: 0} | ret=SUCCESS |  
2019-08-23 07:09:22,971 | INFO  | DNAudit | user=null | ip=null | op=WRITE_CHUNK {blockData=conID: 1 locID: 102665038263026393 bcsId: 0} | ret=SUCCESS |  
2019-08-23 07:09:22,971 | INFO  | DNAudit | user=null | ip=null | op=PUT_BLOCK {blockData=[blockId=conID: 1 locID: 102665038263026393 bcsId: 0,size=1048576]} | ret=SUCCESS |  
2019-08-23 07:09:22,972 | INFO  | DNAudit | user=null | ip=null | op=WRITE_CHUNK {blockData=conID: 1 locID: 102665038263026393 bcsId: 0} | ret=SUCCESS |  
2019-08-23 07:09:22,971 [grpc-default-executor-6] INFO  client.GrpcClientProtocolClient (GrpcClientProtocolClient.java:onNext(255)) - client-D91E5D1E15CE->f2ba01fc-a63e-4348-bd18-030b60a135e7: receive RaftClientReply:client-D91E5D1E15CE->f2ba01fc-a63e-4348-bd18-030b60a135e7@group-C8C62FEF0626, cid=3846, SUCCESS, logIndex=5824, commits[f2ba01fc-a63e-4348-bd18-030b60a135e7:c5826, eab135d4-a257-4705-b491-6c056b8c5df7:c5823, a4f67574-9018-43e7-8a54-351e98dc3d0a:c5823]
2019-08-23 07:09:22,972 | INFO  | DNAudit | user=null | ip=null | op=PUT_BLOCK {blockData=[blockId=conID: 1 locID: 102665038263026393 bcsId: 0,size=2097152]} | ret=SUCCESS |  
2019-08-23 07:09:22,972 [grpc-default-executor-6] INFO  client.GrpcClientProtocolClient (GrpcClientProtocolClient.java:onNext(255)) - client-D91E5D1E15CE->f2ba01fc-a63e-4348-bd18-030b60a135e7: receive RaftClientReply:client-D91E5D1E15CE->f2ba01fc-a63e-4348-bd18-030b60a135e7@group-C8C62FEF0626, cid=3847, SUCCESS, logIndex=5825, commits[f2ba01fc-a63e-4348-bd18-030b60a135e7:c5827, eab135d4-a257-4705-b491-6c056b8c5df7:c5823, a4f67574-9018-43e7-8a54-351e98dc3d0a:c5823]
2019-08-23 07:09:22,972 [grpc-default-executor-6] INFO  client.GrpcClientProtocolClient (GrpcClientProtocolClient.java:onNext(255)) - client-D91E5D1E15CE->f2ba01fc-a63e-4348-bd18-030b60a135e7: receive RaftClientReply:client-D91E5D1E15CE->f2ba01fc-a63e-4348-bd18-030b60a135e7@group-C8C62FEF0626, cid=3848, SUCCESS, logIndex=5826, commits[f2ba01fc-a63e-4348-bd18-030b60a135e7:c5827, eab135d4-a257-4705-b491-6c056b8c5df7:c5823, a4f67574-9018-43e7-8a54-351e98dc3d0a:c5823]
2019-08-23 07:09:22,972 | INFO  | DNAudit | user=null | ip=null | op=WRITE_CHUNK {blockData=conID: 1 locID: 102665038263026393 bcsId: 0} | ret=SUCCESS |  
2019-08-23 07:09:22,972 [grpc-default-executor-6] INFO  client.GrpcClientProtocolClient (GrpcClientProtocolClient.java:onNext(255)) - client-D91E5D1E15CE->f2ba01fc-a63e-4348-bd18-030b60a135e7: receive RaftClientReply:client-D91E5D1E15CE->f2ba01fc-a63e-4348-bd18-030b60a135e7@group-C8C62FEF0626, cid=3849, SUCCESS, logIndex=5827, commits[f2ba01fc-a63e-4348-bd18-030b60a135e7:c5827, eab135d4-a257-4705-b491-6c056b8c5df7:c5823, a4f67574-9018-43e7-8a54-351e98dc3d0a:c5823]
2019-08-23 07:09:22,974 | INFO  | DNAudit | user=null | ip=null | op=WRITE_CHUNK {blockData=conID: 1 locID: 102665038263026393 bcsId: 0} | ret=SUCCESS |  
2019-08-23 07:09:22,985 | INFO  | DNAudit | user=null | ip=null | op=PUT_BLOCK {blockData=[blockId=conID: 1 locID: 102665038263026393 bcsId: 0,size=1048576]} | ret=SUCCESS |  
2019-08-23 07:09:22,985 | INFO  | DNAudit | user=null | ip=null | op=WRITE_CHUNK {blockData=conID: 1 locID: 102665038263026393 bcsId: 0} | ret=SUCCESS |  
2019-08-23 07:09:22,985 | INFO  | DNAudit | user=null | ip=null | op=PUT_BLOCK {blockData=[blockId=conID: 1 locID: 102665038263026393 bcsId: 0,size=2097152]} | ret=SUCCESS |  
2019-08-23 07:09:22,987 | INFO  | DNAudit | user=null | ip=null | op=PUT_BLOCK {blockData=[blockId=conID: 1 locID: 102665038263026393 bcsId: 0,size=1048576]} | ret=SUCCESS |  
2019-08-23 07:09:22,987 | INFO  | DNAudit | user=null | ip=null | op=WRITE_CHUNK {blockData=conID: 1 locID: 102665038263026393 bcsId: 0} | ret=SUCCESS |  
2019-08-23 07:09:22,987 | INFO  | DNAudit | user=null | ip=null | op=PUT_BLOCK {blockData=[blockId=conID: 1 locID: 102665038263026393 bcsId: 0,size=2097152]} | ret=SUCCESS |  
2019-08-23 07:09:22,987 [grpc-default-executor-6] INFO  client.GrpcClientProtocolClient (GrpcClientProtocolClient.java:onNext(255)) - client-D91E5D1E15CE->f2ba01fc-a63e-4348-bd18-030b60a135e7: receive RaftClientReply:client-D91E5D1E15CE->f2ba01fc-a63e-4348-bd18-030b60a135e7@group-C8C62FEF0626, cid=3850, SUCCESS, logIndex=0, commits[f2ba01fc-a63e-4348-bd18-030b60a135e7:c5831, eab135d4-a257-4705-b491-6c056b8c5df7:c5827, a4f67574-9018-43e7-8a54-351e98dc3d0a:c5826]
2019-08-23 07:09:22,992 | INFO  | DNAudit | user=null | ip=null | op=WRITE_CHUNK {blockData=conID: 1 locID: 102665038263026393 bcsId: 5827} | ret=SUCCESS |  
2019-08-23 07:09:22,994 | INFO  | DNAudit | user=null | ip=null | op=WRITE_CHUNK {blockData=conID: 1 locID: 102665038263026393 bcsId: 5827} | ret=SUCCESS |  
2019-08-23 07:09:22,994 | INFO  | DNAudit | user=null | ip=null | op=WRITE_CHUNK {blockData=conID: 1 locID: 102665038263026393 bcsId: 5827} | ret=SUCCESS |  
2019-08-23 07:09:23,004 | INFO  | DNAudit | user=null | ip=null | op=WRITE_CHUNK {blockData=conID: 1 locID: 102665038263026393 bcsId: 5827} | ret=SUCCESS |  
2019-08-23 07:09:23,005 | INFO  | DNAudit | user=null | ip=null | op=PUT_BLOCK {blockData=[blockId=conID: 1 locID: 102665038263026393 bcsId: 0,size=3145728]} | ret=SUCCESS |  
2019-08-23 07:09:23,005 [grpc-default-executor-0] INFO  client.GrpcClientProtocolClient (GrpcClientProtocolClient.java:onNext(255)) - client-D91E5D1E15CE->f2ba01fc-a63e-4348-bd18-030b60a135e7: receive RaftClientReply:client-D91E5D1E15CE->f2ba01fc-a63e-4348-bd18-030b60a135e7@group-C8C62FEF0626, cid=3851, SUCCESS, logIndex=5832, commits[f2ba01fc-a63e-4348-bd18-030b60a135e7:c5833, eab135d4-a257-4705-b491-6c056b8c5df7:c5831, a4f67574-9018-43e7-8a54-351e98dc3d0a:c5831]
2019-08-23 07:09:23,005 [grpc-default-executor-0] INFO  client.GrpcClientProtocolClient (GrpcClientProtocolClient.java:onNext(255)) - client-D91E5D1E15CE->f2ba01fc-a63e-4348-bd18-030b60a135e7: receive RaftClientReply:client-D91E5D1E15CE->f2ba01fc-a63e-4348-bd18-030b60a135e7@group-C8C62FEF0626, cid=3852, SUCCESS, logIndex=5833, commits[f2ba01fc-a63e-4348-bd18-030b60a135e7:c5833, eab135d4-a257-4705-b491-6c056b8c5df7:c5831, a4f67574-9018-43e7-8a54-351e98dc3d0a:c5831]
2019-08-23 07:09:23,011 | INFO  | DNAudit | user=null | ip=null | op=WRITE_CHUNK {blockData=conID: 1 locID: 102665038263026393 bcsId: 5833} | ret=SUCCESS |  
2019-08-23 07:09:23,012 | INFO  | DNAudit | user=null | ip=null | op=WRITE_CHUNK {blockData=conID: 1 locID: 102665038263026393 bcsId: 5833} | ret=SUCCESS |  
2019-08-23 07:09:23,012 | INFO  | DNAudit | user=null | ip=null | op=WRITE_CHUNK {blockData=conID: 1 locID: 102665038263026393 bcsId: 5833} | ret=SUCCESS |  
2019-08-23 07:09:23,017 | INFO  | DNAudit | user=null | ip=null | op=WRITE_CHUNK {blockData=conID: 1 locID: 102665038263026393 bcsId: 5827} | ret=SUCCESS |  
2019-08-23 07:09:23,017 | INFO  | DNAudit | user=null | ip=null | op=WRITE_CHUNK {blockData=conID: 1 locID: 102665038263026393 bcsId: 5827} | ret=SUCCESS |  
2019-08-23 07:09:23,018 | INFO  | DNAudit | user=null | ip=null | op=PUT_BLOCK {blockData=[blockId=conID: 1 locID: 102665038263026393 bcsId: 0,size=3145728]} | ret=SUCCESS |  
2019-08-23 07:09:23,018 | INFO  | DNAudit | user=null | ip=null | op=PUT_BLOCK {blockData=[blockId=conID: 1 locID: 102665038263026393 bcsId: 0,size=3145728]} | ret=SUCCESS |  
2019-08-23 07:09:23,031 | INFO  | DNAudit | user=null | ip=null | op=WRITE_CHUNK {blockData=conID: 1 locID: 102665038263026393 bcsId: 5833} | ret=SUCCESS |  
2019-08-23 07:09:23,031 | INFO  | DNAudit | user=null | ip=null | op=PUT_BLOCK {blockData=[blockId=conID: 1 locID: 102665038263026393 bcsId: 0,size=4194304]} | ret=SUCCESS |  
2019-08-23 07:09:23,031 [grpc-default-executor-6] INFO  client.GrpcClientProtocolClient (GrpcClientProtocolClient.java:onNext(255)) - client-D91E5D1E15CE->f2ba01fc-a63e-4348-bd18-030b60a135e7: receive RaftClientReply:client-D91E5D1E15CE->f2ba01fc-a63e-4348-bd18-030b60a135e7@group-C8C62FEF0626, cid=3853, SUCCESS, logIndex=5836, commits[f2ba01fc-a63e-4348-bd18-030b60a135e7:c5837, eab135d4-a257-4705-b491-6c056b8c5df7:c5833, a4f67574-9018-43e7-8a54-351e98dc3d0a:c5833]
2019-08-23 07:09:23,032 [grpc-default-executor-6] INFO  client.GrpcClientProtocolClient (GrpcClientProtocolClient.java:onNext(255)) - client-D91E5D1E15CE->f2ba01fc-a63e-4348-bd18-030b60a135e7: receive RaftClientReply:client-D91E5D1E15CE->f2ba01fc-a63e-4348-bd18-030b60a135e7@group-C8C62FEF0626, cid=3854, SUCCESS, logIndex=5837, commits[f2ba01fc-a63e-4348-bd18-030b60a135e7:c5837, eab135d4-a257-4705-b491-6c056b8c5df7:c5833, a4f67574-9018-43e7-8a54-351e98dc3d0a:c5833]
2019-08-23 07:09:23,044 | INFO  | DNAudit | user=null | ip=null | op=WRITE_CHUNK {blockData=conID: 1 locID: 102665038263026393 bcsId: 5833} | ret=SUCCESS |  
2019-08-23 07:09:23,044 | INFO  | DNAudit | user=null | ip=null | op=WRITE_CHUNK {blockData=conID: 1 locID: 102665038263026393 bcsId: 5833} | ret=SUCCESS |  
2019-08-23 07:09:23,044 | INFO  | DNAudit | user=null | ip=null | op=PUT_BLOCK {blockData=[blockId=conID: 1 locID: 102665038263026393 bcsId: 0,size=4194304]} | ret=SUCCESS |  
2019-08-23 07:09:23,044 | INFO  | DNAudit | user=null | ip=null | op=PUT_BLOCK {blockData=[blockId=conID: 1 locID: 102665038263026393 bcsId: 0,size=4194304]} | ret=SUCCESS |  
2019-08-23 07:09:23,045 [grpc-default-executor-6] INFO  client.GrpcClientProtocolClient (GrpcClientProtocolClient.java:onNext(255)) - client-D91E5D1E15CE->f2ba01fc-a63e-4348-bd18-030b60a135e7: receive RaftClientReply:client-D91E5D1E15CE->f2ba01fc-a63e-4348-bd18-030b60a135e7@group-C8C62FEF0626, cid=3855, SUCCESS, logIndex=0, commits[f2ba01fc-a63e-4348-bd18-030b60a135e7:c5838, eab135d4-a257-4705-b491-6c056b8c5df7:c5837, a4f67574-9018-43e7-8a54-351e98dc3d0a:c5837]
2019-08-23 07:09:23,050 | INFO  | SCMAudit | user=jenkins1000 | ip=192.168.5.178 | op=ALLOCATE_BLOCK {owner=aaf04d22-10dd-4717-8862-c651bdde72cf, size=4194304, type=RATIS, factor=THREE} | ret=SUCCESS |  
2019-08-23 07:09:23,054 | INFO  | OMAudit | user=jenkins1000 | ip=127.0.0.1 | op=ALLOCATE_BLOCK {volume=vol-0-67663, bucket=bucket-0-68950, key=key-0-26970, dataSize=0, replicationType=null, replicationFactor=null, keyLocationInfo=null, clientID=102665036030476690} | ret=SUCCESS |  
2019-08-23 07:09:23,061 | INFO  | DNAudit | user=null | ip=null | op=WRITE_CHUNK {blockData=conID: 2 locID: 102665038269645530 bcsId: 0} | ret=SUCCESS |  
2019-08-23 07:09:23,062 | INFO  | DNAudit | user=null | ip=null | op=WRITE_CHUNK {blockData=conID: 2 locID: 102665038269645530 bcsId: 0} | ret=SUCCESS |  
2019-08-23 07:09:23,063 | INFO  | DNAudit | user=null | ip=null | op=WRITE_CHUNK {blockData=conID: 2 locID: 102665038269645530 bcsId: 0} | ret=SUCCESS |  
2019-08-23 07:09:23,063 | INFO  | DNAudit | user=null | ip=null | op=WRITE_CHUNK {blockData=conID: 2 locID: 102665038269645530 bcsId: 0} | ret=SUCCESS |  
2019-08-23 07:09:23,064 | INFO  | DNAudit | user=null | ip=null | op=WRITE_CHUNK {blockData=conID: 2 locID: 102665038269645530 bcsId: 0} | ret=SUCCESS |  
2019-08-23 07:09:23,064 | INFO  | DNAudit | user=null | ip=null | op=WRITE_CHUNK {blockData=conID: 2 locID: 102665038269645530 bcsId: 0} | ret=SUCCESS |  
2019-08-23 07:09:23,075 | INFO  | DNAudit | user=null | ip=null | op=WRITE_CHUNK {blockData=conID: 2 locID: 102665038269645530 bcsId: 0} | ret=SUCCESS |  
2019-08-23 07:09:23,075 | INFO  | DNAudit | user=null | ip=null | op=PUT_BLOCK {blockData=[blockId=conID: 2 locID: 102665038269645530 bcsId: 0,size=1048576]} | ret=SUCCESS |  
2019-08-23 07:09:23,076 | INFO  | DNAudit | user=null | ip=null | op=WRITE_CHUNK {blockData=conID: 2 locID: 102665038269645530 bcsId: 0} | ret=SUCCESS |  
2019-08-23 07:09:23,075 [grpc-default-executor-6] INFO  client.GrpcClientProtocolClient (GrpcClientProtocolClient.java:onNext(255)) - client-D91E5D1E15CE->f2ba01fc-a63e-4348-bd18-030b60a135e7: receive RaftClientReply:client-D91E5D1E15CE->f2ba01fc-a63e-4348-bd18-030b60a135e7@group-C8C62FEF0626, cid=3856, SUCCESS, logIndex=5840, commits[f2ba01fc-a63e-4348-bd18-030b60a135e7:c5841, eab135d4-a257-4705-b491-6c056b8c5df7:c5839, a4f67574-9018-43e7-8a54-351e98dc3d0a:c5839]
2019-08-23 07:09:23,076 | INFO  | DNAudit | user=null | ip=null | op=PUT_BLOCK {blockData=[blockId=conID: 2 locID: 102665038269645530 bcsId: 0,size=2097152]} | ret=SUCCESS |  
2019-08-23 07:09:23,076 [grpc-default-executor-6] INFO  client.GrpcClientProtocolClient (GrpcClientProtocolClient.java:onNext(255)) - client-D91E5D1E15CE->f2ba01fc-a63e-4348-bd18-030b60a135e7: receive RaftClientReply:client-D91E5D1E15CE->f2ba01fc-a63e-4348-bd18-030b60a135e7@group-C8C62FEF0626, cid=3857, SUCCESS, logIndex=5841, commits[f2ba01fc-a63e-4348-bd18-030b60a135e7:c5843, eab135d4-a257-4705-b491-6c056b8c5df7:c5839, a4f67574-9018-43e7-8a54-351e98dc3d0a:c5839]
2019-08-23 07:09:23,076 [grpc-default-executor-6] INFO  client.GrpcClientProtocolClient (GrpcClientProtocolClient.java:onNext(255)) - client-D91E5D1E15CE->f2ba01fc-a63e-4348-bd18-030b60a135e7: receive RaftClientReply:client-D91E5D1E15CE->f2ba01fc-a63e-4348-bd18-030b60a135e7@group-C8C62FEF0626, cid=3858, SUCCESS, logIndex=5842, commits[f2ba01fc-a63e-4348-bd18-030b60a135e7:c5843, eab135d4-a257-4705-b491-6c056b8c5df7:c5839, a4f67574-9018-43e7-8a54-351e98dc3d0a:c5839]
2019-08-23 07:09:23,076 [grpc-default-executor-6] INFO  client.GrpcClientProtocolClient (GrpcClientProtocolClient.java:onNext(255)) - client-D91E5D1E15CE->f2ba01fc-a63e-4348-bd18-030b60a135e7: receive RaftClientReply:client-D91E5D1E15CE->f2ba01fc-a63e-4348-bd18-030b60a135e7@group-C8C62FEF0626, cid=3859, SUCCESS, logIndex=5843, commits[f2ba01fc-a63e-4348-bd18-030b60a135e7:c5843, eab135d4-a257-4705-b491-6c056b8c5df7:c5839, a4f67574-9018-43e7-8a54-351e98dc3d0a:c5839]
2019-08-23 07:09:23,088 | INFO  | DNAudit | user=null | ip=null | op=WRITE_CHUNK {blockData=conID: 2 locID: 102665038269645530 bcsId: 0} | ret=SUCCESS |  
2019-08-23 07:09:23,088 | INFO  | DNAudit | user=null | ip=null | op=WRITE_CHUNK {blockData=conID: 2 locID: 102665038269645530 bcsId: 0} | ret=SUCCESS |  
2019-08-23 07:09:23,101 | INFO  | DNAudit | user=null | ip=null | op=PUT_BLOCK {blockData=[blockId=conID: 2 locID: 102665038269645530 bcsId: 0,size=1048576]} | ret=SUCCESS |  
2019-08-23 07:09:23,101 | INFO  | DNAudit | user=null | ip=null | op=PUT_BLOCK {blockData=[blockId=conID: 2 locID: 102665038269645530 bcsId: 0,size=1048576]} | ret=SUCCESS |  
2019-08-23 07:09:23,101 | INFO  | DNAudit | user=null | ip=null | op=WRITE_CHUNK {blockData=conID: 2 locID: 102665038269645530 bcsId: 0} | ret=SUCCESS |  
2019-08-23 07:09:23,101 | INFO  | DNAudit | user=null | ip=null | op=WRITE_CHUNK {blockData=conID: 2 locID: 102665038269645530 bcsId: 0} | ret=SUCCESS |  
2019-08-23 07:09:23,101 | INFO  | DNAudit | user=null | ip=null | op=PUT_BLOCK {blockData=[blockId=conID: 2 locID: 102665038269645530 bcsId: 0,size=2097152]} | ret=SUCCESS |  
2019-08-23 07:09:23,101 | INFO  | DNAudit | user=null | ip=null | op=PUT_BLOCK {blockData=[blockId=conID: 2 locID: 102665038269645530 bcsId: 0,size=2097152]} | ret=SUCCESS |  
2019-08-23 07:09:23,102 [grpc-default-executor-3] INFO  client.GrpcClientProtocolClient (GrpcClientProtocolClient.java:onNext(255)) - client-D91E5D1E15CE->f2ba01fc-a63e-4348-bd18-030b60a135e7: receive RaftClientReply:client-D91E5D1E15CE->f2ba01fc-a63e-4348-bd18-030b60a135e7@group-C8C62FEF0626, cid=3860, SUCCESS, logIndex=0, commits[f2ba01fc-a63e-4348-bd18-030b60a135e7:c5845, eab135d4-a257-4705-b491-6c056b8c5df7:c5841, a4f67574-9018-43e7-8a54-351e98dc3d0a:c5841]
2019-08-23 07:09:23,108 | INFO  | DNAudit | user=null | ip=null | op=WRITE_CHUNK {blockData=conID: 2 locID: 102665038269645530 bcsId: 5843} | ret=SUCCESS |  
2019-08-23 07:09:23,110 | INFO  | DNAudit | user=null | ip=null | op=WRITE_CHUNK {blockData=conID: 2 locID: 102665038269645530 bcsId: 5843} | ret=SUCCESS |  
2019-08-23 07:09:23,111 | INFO  | DNAudit | user=null | ip=null | op=WRITE_CHUNK {blockData=conID: 2 locID: 102665038269645530 bcsId: 5843} | ret=SUCCESS |  
2019-08-23 07:09:23,113 | INFO  | DNAudit | user=null | ip=null | op=WRITE_CHUNK {blockData=conID: 2 locID: 102665038269645530 bcsId: 5843} | ret=SUCCESS |  
2019-08-23 07:09:23,113 | INFO  | DNAudit | user=null | ip=null | op=PUT_BLOCK {blockData=[blockId=conID: 2 locID: 102665038269645530 bcsId: 0,size=3145728]} | ret=SUCCESS |  
2019-08-23 07:09:23,113 [grpc-default-executor-0] INFO  client.GrpcClientProtocolClient (GrpcClientProtocolClient.java:onNext(255)) - client-D91E5D1E15CE->f2ba01fc-a63e-4348-bd18-030b60a135e7: receive RaftClientReply:client-D91E5D1E15CE->f2ba01fc-a63e-4348-bd18-030b60a135e7@group-C8C62FEF0626, cid=3861, SUCCESS, logIndex=5848, commits[f2ba01fc-a63e-4348-bd18-030b60a135e7:c5849, eab135d4-a257-4705-b491-6c056b8c5df7:c5847, a4f67574-9018-43e7-8a54-351e98dc3d0a:c5847]
2019-08-23 07:09:23,114 [grpc-default-executor-0] INFO  client.GrpcClientProtocolClient (GrpcClientProtocolClient.java:onNext(255)) - client-D91E5D1E15CE->f2ba01fc-a63e-4348-bd18-030b60a135e7: receive RaftClientReply:client-D91E5D1E15CE->f2ba01fc-a63e-4348-bd18-030b60a135e7@group-C8C62FEF0626, cid=3862, SUCCESS, logIndex=5849, commits[f2ba01fc-a63e-4348-bd18-030b60a135e7:c5849, eab135d4-a257-4705-b491-6c056b8c5df7:c5847, a4f67574-9018-43e7-8a54-351e98dc3d0a:c5847]
2019-08-23 07:09:23,114 | INFO  | DNAudit | user=null | ip=null | op=WRITE_CHUNK {blockData=conID: 2 locID: 102665038269645530 bcsId: 5843} | ret=SUCCESS |  
2019-08-23 07:09:23,114 | INFO  | DNAudit | user=null | ip=null | op=PUT_BLOCK {blockData=[blockId=conID: 2 locID: 102665038269645530 bcsId: 0,size=3145728]} | ret=SUCCESS |  
2019-08-23 07:09:23,116 | INFO  | DNAudit | user=null | ip=null | op=WRITE_CHUNK {blockData=conID: 2 locID: 102665038269645530 bcsId: 5843} | ret=SUCCESS |  
2019-08-23 07:09:23,116 | INFO  | DNAudit | user=null | ip=null | op=PUT_BLOCK {blockData=[blockId=conID: 2 locID: 102665038269645530 bcsId: 0,size=3145728]} | ret=SUCCESS |  
2019-08-23 07:09:23,120 | INFO  | DNAudit | user=null | ip=null | op=WRITE_CHUNK {blockData=conID: 2 locID: 102665038269645530 bcsId: 5849} | ret=SUCCESS |  
2019-08-23 07:09:23,122 | INFO  | DNAudit | user=null | ip=null | op=WRITE_CHUNK {blockData=conID: 2 locID: 102665038269645530 bcsId: 5849} | ret=SUCCESS |  
2019-08-23 07:09:23,123 | INFO  | DNAudit | user=null | ip=null | op=WRITE_CHUNK {blockData=conID: 2 locID: 102665038269645530 bcsId: 5849} | ret=SUCCESS |  
2019-08-23 07:09:23,124 | INFO  | DNAudit | user=null | ip=null | op=WRITE_CHUNK {blockData=conID: 2 locID: 102665038269645530 bcsId: 5849} | ret=SUCCESS |  
2019-08-23 07:09:23,125 | INFO  | DNAudit | user=null | ip=null | op=PUT_BLOCK {blockData=[blockId=conID: 2 locID: 102665038269645530 bcsId: 0,size=4194304]} | ret=SUCCESS |  
2019-08-23 07:09:23,125 [grpc-default-executor-0] INFO  client.GrpcClientProtocolClient (GrpcClientProtocolClient.java:onNext(255)) - client-D91E5D1E15CE->f2ba01fc-a63e-4348-bd18-030b60a135e7: receive RaftClientReply:client-D91E5D1E15CE->f2ba01fc-a63e-4348-bd18-030b60a135e7@group-C8C62FEF0626, cid=3863, SUCCESS, logIndex=5852, commits[f2ba01fc-a63e-4348-bd18-030b60a135e7:c5853, eab135d4-a257-4705-b491-6c056b8c5df7:c5851, a4f67574-9018-43e7-8a54-351e98dc3d0a:c5849]
2019-08-23 07:09:23,125 [grpc-default-executor-0] INFO  client.GrpcClientProtocolClient (GrpcClientProtocolClient.java:onNext(255)) - client-D91E5D1E15CE->f2ba01fc-a63e-4348-bd18-030b60a135e7: receive RaftClientReply:client-D91E5D1E15CE->f2ba01fc-a63e-4348-bd18-030b60a135e7@group-C8C62FEF0626, cid=3864, SUCCESS, logIndex=5853, commits[f2ba01fc-a63e-4348-bd18-030b60a135e7:c5853, eab135d4-a257-4705-b491-6c056b8c5df7:c5851, a4f67574-9018-43e7-8a54-351e98dc3d0a:c5851]
2019-08-23 07:09:23,128 | INFO  | DNAudit | user=null | ip=null | op=WRITE_CHUNK {blockData=conID: 2 locID: 102665038269645530 bcsId: 5849} | ret=SUCCESS |  
2019-08-23 07:09:23,128 | INFO  | DNAudit | user=null | ip=null | op=PUT_BLOCK {blockData=[blockId=conID: 2 locID: 102665038269645530 bcsId: 0,size=4194304]} | ret=SUCCESS |  
2019-08-23 07:09:23,128 | INFO  | DNAudit | user=null | ip=null | op=WRITE_CHUNK {blockData=conID: 2 locID: 102665038269645530 bcsId: 5849} | ret=SUCCESS |  
2019-08-23 07:09:23,128 | INFO  | DNAudit | user=null | ip=null | op=PUT_BLOCK {blockData=[blockId=conID: 2 locID: 102665038269645530 bcsId: 0,size=4194304]} | ret=SUCCESS |  
2019-08-23 07:09:23,128 [grpc-default-executor-0] INFO  client.GrpcClientProtocolClient (GrpcClientProtocolClient.java:onNext(255)) - client-D91E5D1E15CE->f2ba01fc-a63e-4348-bd18-030b60a135e7: receive RaftClientReply:client-D91E5D1E15CE->f2ba01fc-a63e-4348-bd18-030b60a135e7@group-C8C62FEF0626, cid=3865, SUCCESS, logIndex=0, commits[f2ba01fc-a63e-4348-bd18-030b60a135e7:c5854, eab135d4-a257-4705-b491-6c056b8c5df7:c5853, a4f67574-9018-43e7-8a54-351e98dc3d0a:c5853]
2019-08-23 07:09:23,137 | INFO  | SCMAudit | user=jenkins1000 | ip=192.168.5.178 | op=ALLOCATE_BLOCK {owner=aaf04d22-10dd-4717-8862-c651bdde72cf, size=4194304, type=RATIS, factor=THREE} | ret=SUCCESS |  
2019-08-23 07:09:23,143 | INFO  | OMAudit | user=jenkins1000 | ip=127.0.0.1 | op=ALLOCATE_BLOCK {volume=vol-0-67663, bucket=bucket-0-68950, key=key-0-26970, dataSize=0, replicationType=null, replicationFactor=null, keyLocationInfo=null, clientID=102665036030476690} | ret=SUCCESS |  
2019-08-23 07:09:23,149 | INFO  | DNAudit | user=null | ip=null | op=WRITE_CHUNK {blockData=conID: 3 locID: 102665038275347163 bcsId: 0} | ret=SUCCESS |  
2019-08-23 07:09:23,152 | INFO  | DNAudit | user=null | ip=null | op=WRITE_CHUNK {blockData=conID: 3 locID: 102665038275347163 bcsId: 0} | ret=SUCCESS |  
2019-08-23 07:09:23,153 | INFO  | DNAudit | user=null | ip=null | op=WRITE_CHUNK {blockData=conID: 3 locID: 102665038275347163 bcsId: 0} | ret=SUCCESS |  
2019-08-23 07:09:23,153 | INFO  | DNAudit | user=null | ip=null | op=WRITE_CHUNK {blockData=conID: 3 locID: 102665038275347163 bcsId: 0} | ret=SUCCESS |  
2019-08-23 07:09:23,154 | INFO  | DNAudit | user=null | ip=null | op=WRITE_CHUNK {blockData=conID: 3 locID: 102665038275347163 bcsId: 0} | ret=SUCCESS |  
2019-08-23 07:09:23,154 | INFO  | DNAudit | user=null | ip=null | op=WRITE_CHUNK {blockData=conID: 3 locID: 102665038275347163 bcsId: 0} | ret=SUCCESS |  
2019-08-23 07:09:23,161 | INFO  | DNAudit | user=null | ip=null | op=WRITE_CHUNK {blockData=conID: 3 locID: 102665038275347163 bcsId: 0} | ret=SUCCESS |  
2019-08-23 07:09:23,162 | INFO  | DNAudit | user=null | ip=null | op=PUT_BLOCK {blockData=[blockId=conID: 3 locID: 102665038275347163 bcsId: 0,size=1048576]} | ret=SUCCESS |  
2019-08-23 07:09:23,162 | INFO  | DNAudit | user=null | ip=null | op=WRITE_CHUNK {blockData=conID: 3 locID: 102665038275347163 bcsId: 0} | ret=SUCCESS |  
2019-08-23 07:09:23,162 [grpc-default-executor-0] INFO  client.GrpcClientProtocolClient (GrpcClientProtocolClient.java:onNext(255)) - client-D91E5D1E15CE->f2ba01fc-a63e-4348-bd18-030b60a135e7: receive RaftClientReply:client-D91E5D1E15CE->f2ba01fc-a63e-4348-bd18-030b60a135e7@group-C8C62FEF0626, cid=3866, SUCCESS, logIndex=5856, commits[f2ba01fc-a63e-4348-bd18-030b60a135e7:c5857, eab135d4-a257-4705-b491-6c056b8c5df7:c5855, a4f67574-9018-43e7-8a54-351e98dc3d0a:c5855]
2019-08-23 07:09:23,163 | INFO  | DNAudit | user=null | ip=null | op=PUT_BLOCK {blockData=[blockId=conID: 3 locID: 102665038275347163 bcsId: 0,size=2097152]} | ret=SUCCESS |  
2019-08-23 07:09:23,163 [grpc-default-executor-0] INFO  client.GrpcClientProtocolClient (GrpcClientProtocolClient.java:onNext(255)) - client-D91E5D1E15CE->f2ba01fc-a63e-4348-bd18-030b60a135e7: receive RaftClientReply:client-D91E5D1E15CE->f2ba01fc-a63e-4348-bd18-030b60a135e7@group-C8C62FEF0626, cid=3867, SUCCESS, logIndex=5857, commits[f2ba01fc-a63e-4348-bd18-030b60a135e7:c5857, eab135d4-a257-4705-b491-6c056b8c5df7:c5855, a4f67574-9018-43e7-8a54-351e98dc3d0a:c5855]
2019-08-23 07:09:23,163 | INFO  | DNAudit | user=null | ip=null | op=WRITE_CHUNK {blockData=conID: 3 locID: 102665038275347163 bcsId: 0} | ret=SUCCESS |  
2019-08-23 07:09:23,163 [grpc-default-executor-6] INFO  client.GrpcClientProtocolClient (GrpcClientProtocolClient.java:onNext(255)) - client-D91E5D1E15CE->f2ba01fc-a63e-4348-bd18-030b60a135e7: receive RaftClientReply:client-D91E5D1E15CE->f2ba01fc-a63e-4348-bd18-030b60a135e7@group-C8C62FEF0626, cid=3868, SUCCESS, logIndex=5858, commits[f2ba01fc-a63e-4348-bd18-030b60a135e7:c5859, eab135d4-a257-4705-b491-6c056b8c5df7:c5855, a4f67574-9018-43e7-8a54-351e98dc3d0a:c5855]
2019-08-23 07:09:23,164 [grpc-default-executor-6] INFO  client.GrpcClientProtocolClient (GrpcClientProtocolClient.java:onNext(255)) - client-D91E5D1E15CE->f2ba01fc-a63e-4348-bd18-030b60a135e7: receive RaftClientReply:client-D91E5D1E15CE->f2ba01fc-a63e-4348-bd18-030b60a135e7@group-C8C62FEF0626, cid=3869, SUCCESS, logIndex=5859, commits[f2ba01fc-a63e-4348-bd18-030b60a135e7:c5859, eab135d4-a257-4705-b491-6c056b8c5df7:c5855, a4f67574-9018-43e7-8a54-351e98dc3d0a:c5855]
2019-08-23 07:09:23,164 | INFO  | DNAudit | user=null | ip=null | op=WRITE_CHUNK {blockData=conID: 3 locID: 102665038275347163 bcsId: 0} | ret=SUCCESS |  
2019-08-23 07:09:23,164 | INFO  | DNAudit | user=null | ip=null | op=PUT_BLOCK {blockData=[blockId=conID: 3 locID: 102665038275347163 bcsId: 0,size=1048576]} | ret=SUCCESS |  
2019-08-23 07:09:23,165 | INFO  | DNAudit | user=null | ip=null | op=PUT_BLOCK {blockData=[blockId=conID: 3 locID: 102665038275347163 bcsId: 0,size=1048576]} | ret=SUCCESS |  
2019-08-23 07:09:23,165 | INFO  | DNAudit | user=null | ip=null | op=WRITE_CHUNK {blockData=conID: 3 locID: 102665038275347163 bcsId: 0} | ret=SUCCESS |  
2019-08-23 07:09:23,165 [grpc-default-executor-6] INFO  client.GrpcClientProtocolClient (GrpcClientProtocolClient.java:onNext(255)) - client-D91E5D1E15CE->f2ba01fc-a63e-4348-bd18-030b60a135e7: receive RaftClientReply:client-D91E5D1E15CE->f2ba01fc-a63e-4348-bd18-030b60a135e7@group-C8C62FEF0626, cid=3870, SUCCESS, logIndex=0, commits[f2ba01fc-a63e-4348-bd18-030b60a135e7:c5861, eab135d4-a257-4705-b491-6c056b8c5df7:c5857, a4f67574-9018-43e7-8a54-351e98dc3d0a:c5857]
2019-08-23 07:09:23,165 | INFO  | DNAudit | user=null | ip=null | op=PUT_BLOCK {blockData=[blockId=conID: 3 locID: 102665038275347163 bcsId: 0,size=2097152]} | ret=SUCCESS |  
2019-08-23 07:09:23,166 | INFO  | DNAudit | user=null | ip=null | op=WRITE_CHUNK {blockData=conID: 3 locID: 102665038275347163 bcsId: 0} | ret=SUCCESS |  
2019-08-23 07:09:23,166 | INFO  | DNAudit | user=null | ip=null | op=PUT_BLOCK {blockData=[blockId=conID: 3 locID: 102665038275347163 bcsId: 0,size=2097152]} | ret=SUCCESS |  
2019-08-23 07:09:23,171 | INFO  | DNAudit | user=null | ip=null | op=WRITE_CHUNK {blockData=conID: 3 locID: 102665038275347163 bcsId: 5859} | ret=SUCCESS |  
2019-08-23 07:09:23,173 | INFO  | DNAudit | user=null | ip=null | op=WRITE_CHUNK {blockData=conID: 3 locID: 102665038275347163 bcsId: 5859} | ret=SUCCESS |  
2019-08-23 07:09:23,174 | INFO  | DNAudit | user=null | ip=null | op=WRITE_CHUNK {blockData=conID: 3 locID: 102665038275347163 bcsId: 5859} | ret=SUCCESS |  
2019-08-23 07:09:23,187 | INFO  | DNAudit | user=null | ip=null | op=WRITE_CHUNK {blockData=conID: 3 locID: 102665038275347163 bcsId: 5859} | ret=SUCCESS |  
2019-08-23 07:09:23,188 | INFO  | DNAudit | user=null | ip=null | op=PUT_BLOCK {blockData=[blockId=conID: 3 locID: 102665038275347163 bcsId: 0,size=3145728]} | ret=SUCCESS |  
2019-08-23 07:09:23,188 [grpc-default-executor-6] INFO  client.GrpcClientProtocolClient (GrpcClientProtocolClient.java:onNext(255)) - client-D91E5D1E15CE->f2ba01fc-a63e-4348-bd18-030b60a135e7: receive RaftClientReply:client-D91E5D1E15CE->f2ba01fc-a63e-4348-bd18-030b60a135e7@group-C8C62FEF0626, cid=3871, SUCCESS, logIndex=5864, commits[f2ba01fc-a63e-4348-bd18-030b60a135e7:c5865, eab135d4-a257-4705-b491-6c056b8c5df7:c5863, a4f67574-9018-43e7-8a54-351e98dc3d0a:c5863]
2019-08-23 07:09:23,188 [grpc-default-executor-6] INFO  client.GrpcClientProtocolClient (GrpcClientProtocolClient.java:onNext(255)) - client-D91E5D1E15CE->f2ba01fc-a63e-4348-bd18-030b60a135e7: receive RaftClientReply:client-D91E5D1E15CE->f2ba01fc-a63e-4348-bd18-030b60a135e7@group-C8C62FEF0626, cid=3872, SUCCESS, logIndex=5865, commits[f2ba01fc-a63e-4348-bd18-030b60a135e7:c5865, eab135d4-a257-4705-b491-6c056b8c5df7:c5863, a4f67574-9018-43e7-8a54-351e98dc3d0a:c5863]
2019-08-23 07:09:23,194 | INFO  | DNAudit | user=null | ip=null | op=WRITE_CHUNK {blockData=conID: 3 locID: 102665038275347163 bcsId: 5865} | ret=SUCCESS |  
2019-08-23 07:09:23,196 | INFO  | DNAudit | user=null | ip=null | op=WRITE_CHUNK {blockData=conID: 3 locID: 102665038275347163 bcsId: 5865} | ret=SUCCESS |  
2019-08-23 07:09:23,197 | INFO  | DNAudit | user=null | ip=null | op=WRITE_CHUNK {blockData=conID: 3 locID: 102665038275347163 bcsId: 5865} | ret=SUCCESS |  
2019-08-23 07:09:23,199 | INFO  | DNAudit | user=null | ip=null | op=WRITE_CHUNK {blockData=conID: 3 locID: 102665038275347163 bcsId: 5859} | ret=SUCCESS |  
2019-08-23 07:09:23,199 | INFO  | DNAudit | user=null | ip=null | op=WRITE_CHUNK {blockData=conID: 3 locID: 102665038275347163 bcsId: 5859} | ret=SUCCESS |  
2019-08-23 07:09:23,199 | INFO  | DNAudit | user=null | ip=null | op=PUT_BLOCK {blockData=[blockId=conID: 3 locID: 102665038275347163 bcsId: 0,size=3145728]} | ret=SUCCESS |  
2019-08-23 07:09:23,200 | INFO  | DNAudit | user=null | ip=null | op=PUT_BLOCK {blockData=[blockId=conID: 3 locID: 102665038275347163 bcsId: 0,size=3145728]} | ret=SUCCESS |  
2019-08-23 07:09:23,202 | INFO  | DNAudit | user=null | ip=null | op=WRITE_CHUNK {blockData=conID: 3 locID: 102665038275347163 bcsId: 5865} | ret=SUCCESS |  
2019-08-23 07:09:23,203 | INFO  | DNAudit | user=null | ip=null | op=PUT_BLOCK {blockData=[blockId=conID: 3 locID: 102665038275347163 bcsId: 0,size=4194304]} | ret=SUCCESS |  
2019-08-23 07:09:23,203 [grpc-default-executor-4] INFO  client.GrpcClientProtocolClient (GrpcClientProtocolClient.java:onNext(255)) - client-D91E5D1E15CE->f2ba01fc-a63e-4348-bd18-030b60a135e7: receive RaftClientReply:client-D91E5D1E15CE->f2ba01fc-a63e-4348-bd18-030b60a135e7@group-C8C62FEF0626, cid=3873, SUCCESS, logIndex=5868, commits[f2ba01fc-a63e-4348-bd18-030b60a135e7:c5869, eab135d4-a257-4705-b491-6c056b8c5df7:c5865, a4f67574-9018-43e7-8a54-351e98dc3d0a:c5865]
2019-08-23 07:09:23,203 [grpc-default-executor-4] INFO  client.GrpcClientProtocolClient (GrpcClientProtocolClient.java:onNext(255)) - client-D91E5D1E15CE->f2ba01fc-a63e-4348-bd18-030b60a135e7: receive RaftClientReply:client-D91E5D1E15CE->f2ba01fc-a63e-4348-bd18-030b60a135e7@group-C8C62FEF0626, cid=3874, SUCCESS, logIndex=5869, commits[f2ba01fc-a63e-4348-bd18-030b60a135e7:c5869, eab135d4-a257-4705-b491-6c056b8c5df7:c5865, a4f67574-9018-43e7-8a54-351e98dc3d0a:c5865]
2019-08-23 07:09:23,213 | INFO  | DNAudit | user=null | ip=null | op=WRITE_CHUNK {blockData=conID: 3 locID: 102665038275347163 bcsId: 5865} | ret=SUCCESS |  
2019-08-23 07:09:23,214 | INFO  | DNAudit | user=null | ip=null | op=WRITE_CHUNK {blockData=conID: 3 locID: 102665038275347163 bcsId: 5865} | ret=SUCCESS |  
2019-08-23 07:09:23,214 | INFO  | DNAudit | user=null | ip=null | op=PUT_BLOCK {blockData=[blockId=conID: 3 locID: 102665038275347163 bcsId: 0,size=4194304]} | ret=SUCCESS |  
2019-08-23 07:09:23,216 | INFO  | DNAudit | user=null | ip=null | op=PUT_BLOCK {blockData=[blockId=conID: 3 locID: 102665038275347163 bcsId: 0,size=4194304]} | ret=SUCCESS |  
2019-08-23 07:09:23,217 [grpc-default-executor-4] INFO  client.GrpcClientProtocolClient (GrpcClientProtocolClient.java:onNext(255)) - client-D91E5D1E15CE->f2ba01fc-a63e-4348-bd18-030b60a135e7: receive RaftClientReply:client-D91E5D1E15CE->f2ba01fc-a63e-4348-bd18-030b60a135e7@group-C8C62FEF0626, cid=3875, SUCCESS, logIndex=0, commits[f2ba01fc-a63e-4348-bd18-030b60a135e7:c5871, eab135d4-a257-4705-b491-6c056b8c5df7:c5869, a4f67574-9018-43e7-8a54-351e98dc3d0a:c5869]
2019-08-23 07:09:23,225 | INFO  | SCMAudit | user=jenkins1000 | ip=192.168.5.178 | op=ALLOCATE_BLOCK {owner=aaf04d22-10dd-4717-8862-c651bdde72cf, size=4194304, type=RATIS, factor=THREE} | ret=SUCCESS |  
2019-08-23 07:09:23,230 | INFO  | OMAudit | user=jenkins1000 | ip=127.0.0.1 | op=ALLOCATE_BLOCK {volume=vol-0-67663, bucket=bucket-0-68950, key=key-0-26970, dataSize=0, replicationType=null, replicationFactor=null, keyLocationInfo=null, clientID=102665036030476690} | ret=SUCCESS |  
2019-08-23 07:09:23,237 | INFO  | DNAudit | user=null | ip=null | op=WRITE_CHUNK {blockData=conID: 1 locID: 102665038281114332 bcsId: 0} | ret=SUCCESS |  
2019-08-23 07:09:23,239 | INFO  | DNAudit | user=null | ip=null | op=WRITE_CHUNK {blockData=conID: 1 locID: 102665038281114332 bcsId: 0} | ret=SUCCESS |  
2019-08-23 07:09:23,241 | INFO  | DNAudit | user=null | ip=null | op=WRITE_CHUNK {blockData=conID: 1 locID: 102665038281114332 bcsId: 0} | ret=SUCCESS |  
2019-08-23 07:09:23,241 | INFO  | DNAudit | user=null | ip=null | op=WRITE_CHUNK {blockData=conID: 1 locID: 102665038281114332 bcsId: 0} | ret=SUCCESS |  
2019-08-23 07:09:23,242 | INFO  | DNAudit | user=null | ip=null | op=WRITE_CHUNK {blockData=conID: 1 locID: 102665038281114332 bcsId: 0} | ret=SUCCESS |  
2019-08-23 07:09:23,243 | INFO  | DNAudit | user=null | ip=null | op=WRITE_CHUNK {blockData=conID: 1 locID: 102665038281114332 bcsId: 0} | ret=SUCCESS |  
2019-08-23 07:09:23,250 | INFO  | DNAudit | user=null | ip=null | op=WRITE_CHUNK {blockData=conID: 1 locID: 102665038281114332 bcsId: 0} | ret=SUCCESS |  
2019-08-23 07:09:23,251 | INFO  | DNAudit | user=null | ip=null | op=PUT_BLOCK {blockData=[blockId=conID: 1 locID: 102665038281114332 bcsId: 0,size=1048576]} | ret=SUCCESS |  
2019-08-23 07:09:23,251 | INFO  | DNAudit | user=null | ip=null | op=WRITE_CHUNK {blockData=conID: 1 locID: 102665038281114332 bcsId: 0} | ret=SUCCESS |  
2019-08-23 07:09:23,251 [grpc-default-executor-0] INFO  client.GrpcClientProtocolClient (GrpcClientProtocolClient.java:onNext(255)) - client-D91E5D1E15CE->f2ba01fc-a63e-4348-bd18-030b60a135e7: receive RaftClientReply:client-D91E5D1E15CE->f2ba01fc-a63e-4348-bd18-030b60a135e7@group-C8C62FEF0626, cid=3876, SUCCESS, logIndex=5872, commits[f2ba01fc-a63e-4348-bd18-030b60a135e7:c5873, eab135d4-a257-4705-b491-6c056b8c5df7:c5871, a4f67574-9018-43e7-8a54-351e98dc3d0a:c5871]
2019-08-23 07:09:23,251 | INFO  | DNAudit | user=null | ip=null | op=PUT_BLOCK {blockData=[blockId=conID: 1 locID: 102665038281114332 bcsId: 0,size=2097152]} | ret=SUCCESS |  
2019-08-23 07:09:23,251 [grpc-default-executor-0] INFO  client.GrpcClientProtocolClient (GrpcClientProtocolClient.java:onNext(255)) - client-D91E5D1E15CE->f2ba01fc-a63e-4348-bd18-030b60a135e7: receive RaftClientReply:client-D91E5D1E15CE->f2ba01fc-a63e-4348-bd18-030b60a135e7@group-C8C62FEF0626, cid=3877, SUCCESS, logIndex=5873, commits[f2ba01fc-a63e-4348-bd18-030b60a135e7:c5875, eab135d4-a257-4705-b491-6c056b8c5df7:c5871, a4f67574-9018-43e7-8a54-351e98dc3d0a:c5871]
2019-08-23 07:09:23,252 [grpc-default-executor-0] INFO  client.GrpcClientProtocolClient (GrpcClientProtocolClient.java:onNext(255)) - client-D91E5D1E15CE->f2ba01fc-a63e-4348-bd18-030b60a135e7: receive RaftClientReply:client-D91E5D1E15CE->f2ba01fc-a63e-4348-bd18-030b60a135e7@group-C8C62FEF0626, cid=3878, SUCCESS, logIndex=5874, commits[f2ba01fc-a63e-4348-bd18-030b60a135e7:c5875, eab135d4-a257-4705-b491-6c056b8c5df7:c5871, a4f67574-9018-43e7-8a54-351e98dc3d0a:c5871]
2019-08-23 07:09:23,252 [grpc-default-executor-0] INFO  client.GrpcClientProtocolClient (GrpcClientProtocolClient.java:onNext(255)) - client-D91E5D1E15CE->f2ba01fc-a63e-4348-bd18-030b60a135e7: receive RaftClientReply:client-D91E5D1E15CE->f2ba01fc-a63e-4348-bd18-030b60a135e7@group-C8C62FEF0626, cid=3879, SUCCESS, logIndex=5875, commits[f2ba01fc-a63e-4348-bd18-030b60a135e7:c5875, eab135d4-a257-4705-b491-6c056b8c5df7:c5871, a4f67574-9018-43e7-8a54-351e98dc3d0a:c5871]
2019-08-23 07:09:23,252 | INFO  | DNAudit | user=null | ip=null | op=WRITE_CHUNK {blockData=conID: 1 locID: 102665038281114332 bcsId: 0} | ret=SUCCESS |  
2019-08-23 07:09:23,254 | INFO  | DNAudit | user=null | ip=null | op=WRITE_CHUNK {blockData=conID: 1 locID: 102665038281114332 bcsId: 0} | ret=SUCCESS |  
2019-08-23 07:09:23,254 | INFO  | DNAudit | user=null | ip=null | op=PUT_BLOCK {blockData=[blockId=conID: 1 locID: 102665038281114332 bcsId: 0,size=1048576]} | ret=SUCCESS |  
2019-08-23 07:09:23,254 | INFO  | DNAudit | user=null | ip=null | op=WRITE_CHUNK {blockData=conID: 1 locID: 102665038281114332 bcsId: 0} | ret=SUCCESS |  
2019-08-23 07:09:23,255 | INFO  | DNAudit | user=null | ip=null | op=PUT_BLOCK {blockData=[blockId=conID: 1 locID: 102665038281114332 bcsId: 0,size=2097152]} | ret=SUCCESS |  
2019-08-23 07:09:23,265 | INFO  | DNAudit | user=null | ip=null | op=PUT_BLOCK {blockData=[blockId=conID: 1 locID: 102665038281114332 bcsId: 0,size=1048576]} | ret=SUCCESS |  
2019-08-23 07:09:23,265 | INFO  | DNAudit | user=null | ip=null | op=WRITE_CHUNK {blockData=conID: 1 locID: 102665038281114332 bcsId: 0} | ret=SUCCESS |  
2019-08-23 07:09:23,266 | INFO  | DNAudit | user=null | ip=null | op=PUT_BLOCK {blockData=[blockId=conID: 1 locID: 102665038281114332 bcsId: 0,size=2097152]} | ret=SUCCESS |  
2019-08-23 07:09:23,266 [grpc-default-executor-0] INFO  client.GrpcClientProtocolClient (GrpcClientProtocolClient.java:onNext(255)) - client-D91E5D1E15CE->f2ba01fc-a63e-4348-bd18-030b60a135e7: receive RaftClientReply:client-D91E5D1E15CE->f2ba01fc-a63e-4348-bd18-030b60a135e7@group-C8C62FEF0626, cid=3880, SUCCESS, logIndex=0, commits[f2ba01fc-a63e-4348-bd18-030b60a135e7:c5878, eab135d4-a257-4705-b491-6c056b8c5df7:c5873, a4f67574-9018-43e7-8a54-351e98dc3d0a:c5875]
2019-08-23 07:09:23,274 | INFO  | DNAudit | user=null | ip=null | op=WRITE_CHUNK {blockData=conID: 1 locID: 102665038281114332 bcsId: 5875} | ret=SUCCESS |  
2019-08-23 07:09:23,275 | INFO  | DNAudit | user=null | ip=null | op=WRITE_CHUNK {blockData=conID: 1 locID: 102665038281114332 bcsId: 5875} | ret=SUCCESS |  
2019-08-23 07:09:23,276 | INFO  | DNAudit | user=null | ip=null | op=WRITE_CHUNK {blockData=conID: 1 locID: 102665038281114332 bcsId: 5875} | ret=SUCCESS |  
2019-08-23 07:09:23,288 | INFO  | DNAudit | user=null | ip=null | op=WRITE_CHUNK {blockData=conID: 1 locID: 102665038281114332 bcsId: 5875} | ret=SUCCESS |  
2019-08-23 07:09:23,288 | INFO  | DNAudit | user=null | ip=null | op=PUT_BLOCK {blockData=[blockId=conID: 1 locID: 102665038281114332 bcsId: 0,size=3145728]} | ret=SUCCESS |  
2019-08-23 07:09:23,288 [grpc-default-executor-0] INFO  client.GrpcClientProtocolClient (GrpcClientProtocolClient.java:onNext(255)) - client-D91E5D1E15CE->f2ba01fc-a63e-4348-bd18-030b60a135e7: receive RaftClientReply:client-D91E5D1E15CE->f2ba01fc-a63e-4348-bd18-030b60a135e7@group-C8C62FEF0626, cid=3881, SUCCESS, logIndex=5879, commits[f2ba01fc-a63e-4348-bd18-030b60a135e7:c5880, eab135d4-a257-4705-b491-6c056b8c5df7:c5878, a4f67574-9018-43e7-8a54-351e98dc3d0a:c5878]
2019-08-23 07:09:23,289 [grpc-default-executor-0] INFO  client.GrpcClientProtocolClient (GrpcClientProtocolClient.java:onNext(255)) - client-D91E5D1E15CE->f2ba01fc-a63e-4348-bd18-030b60a135e7: receive RaftClientReply:client-D91E5D1E15CE->f2ba01fc-a63e-4348-bd18-030b60a135e7@group-C8C62FEF0626, cid=3882, SUCCESS, logIndex=5880, commits[f2ba01fc-a63e-4348-bd18-030b60a135e7:c5880, eab135d4-a257-4705-b491-6c056b8c5df7:c5878, a4f67574-9018-43e7-8a54-351e98dc3d0a:c5878]
2019-08-23 07:09:23,296 | INFO  | DNAudit | user=null | ip=null | op=WRITE_CHUNK {blockData=conID: 1 locID: 102665038281114332 bcsId: 5880} | ret=SUCCESS |  
2019-08-23 07:09:23,298 | INFO  | DNAudit | user=null | ip=null | op=WRITE_CHUNK {blockData=conID: 1 locID: 102665038281114332 bcsId: 5880} | ret=SUCCESS |  
2019-08-23 07:09:23,298 | INFO  | DNAudit | user=null | ip=null | op=WRITE_CHUNK {blockData=conID: 1 locID: 102665038281114332 bcsId: 5880} | ret=SUCCESS |  
2019-08-23 07:09:23,301 | INFO  | DNAudit | user=null | ip=null | op=WRITE_CHUNK {blockData=conID: 1 locID: 102665038281114332 bcsId: 5875} | ret=SUCCESS |  
2019-08-23 07:09:23,301 | INFO  | DNAudit | user=null | ip=null | op=WRITE_CHUNK {blockData=conID: 1 locID: 102665038281114332 bcsId: 5875} | ret=SUCCESS |  
2019-08-23 07:09:23,314 | INFO  | DNAudit | user=null | ip=null | op=PUT_BLOCK {blockData=[blockId=conID: 1 locID: 102665038281114332 bcsId: 0,size=3145728]} | ret=SUCCESS |  
2019-08-23 07:09:23,315 | INFO  | DNAudit | user=null | ip=null | op=WRITE_CHUNK {blockData=conID: 1 locID: 102665038281114332 bcsId: 5880} | ret=SUCCESS |  
2019-08-23 07:09:23,315 | INFO  | DNAudit | user=null | ip=null | op=PUT_BLOCK {blockData=[blockId=conID: 1 locID: 102665038281114332 bcsId: 0,size=3145728]} | ret=SUCCESS |  
2019-08-23 07:09:23,315 | INFO  | DNAudit | user=null | ip=null | op=PUT_BLOCK {blockData=[blockId=conID: 1 locID: 102665038281114332 bcsId: 0,size=4194304]} | ret=SUCCESS |  
2019-08-23 07:09:23,316 [grpc-default-executor-6] INFO  client.GrpcClientProtocolClient (GrpcClientProtocolClient.java:onNext(255)) - client-D91E5D1E15CE->f2ba01fc-a63e-4348-bd18-030b60a135e7: receive RaftClientReply:client-D91E5D1E15CE->f2ba01fc-a63e-4348-bd18-030b60a135e7@group-C8C62FEF0626, cid=3883, SUCCESS, logIndex=5883, commits[f2ba01fc-a63e-4348-bd18-030b60a135e7:c5884, eab135d4-a257-4705-b491-6c056b8c5df7:c5880, a4f67574-9018-43e7-8a54-351e98dc3d0a:c5880]
2019-08-23 07:09:23,316 [grpc-default-executor-6] INFO  client.GrpcClientProtocolClient (GrpcClientProtocolClient.java:onNext(255)) - client-D91E5D1E15CE->f2ba01fc-a63e-4348-bd18-030b60a135e7: receive RaftClientReply:client-D91E5D1E15CE->f2ba01fc-a63e-4348-bd18-030b60a135e7@group-C8C62FEF0626, cid=3884, SUCCESS, logIndex=5884, commits[f2ba01fc-a63e-4348-bd18-030b60a135e7:c5884, eab135d4-a257-4705-b491-6c056b8c5df7:c5880, a4f67574-9018-43e7-8a54-351e98dc3d0a:c5880]
2019-08-23 07:09:23,328 | INFO  | DNAudit | user=null | ip=null | op=WRITE_CHUNK {blockData=conID: 1 locID: 102665038281114332 bcsId: 5880} | ret=SUCCESS |  
2019-08-23 07:09:23,328 | INFO  | DNAudit | user=null | ip=null | op=WRITE_CHUNK {blockData=conID: 1 locID: 102665038281114332 bcsId: 5880} | ret=SUCCESS |  
2019-08-23 07:09:23,341 | INFO  | DNAudit | user=null | ip=null | op=PUT_BLOCK {blockData=[blockId=conID: 1 locID: 102665038281114332 bcsId: 0,size=4194304]} | ret=SUCCESS |  
2019-08-23 07:09:23,341 | INFO  | DNAudit | user=null | ip=null | op=PUT_BLOCK {blockData=[blockId=conID: 1 locID: 102665038281114332 bcsId: 0,size=4194304]} | ret=SUCCESS |  
2019-08-23 07:09:23,342 [grpc-default-executor-6] INFO  client.GrpcClientProtocolClient (GrpcClientProtocolClient.java:onNext(255)) - client-D91E5D1E15CE->f2ba01fc-a63e-4348-bd18-030b60a135e7: receive RaftClientReply:client-D91E5D1E15CE->f2ba01fc-a63e-4348-bd18-030b60a135e7@group-C8C62FEF0626, cid=3885, SUCCESS, logIndex=0, commits[f2ba01fc-a63e-4348-bd18-030b60a135e7:c5886, eab135d4-a257-4705-b491-6c056b8c5df7:c5884, a4f67574-9018-43e7-8a54-351e98dc3d0a:c5884]
2019-08-23 07:09:23,349 | INFO  | SCMAudit | user=jenkins1000 | ip=192.168.5.178 | op=ALLOCATE_BLOCK {owner=aaf04d22-10dd-4717-8862-c651bdde72cf, size=4194304, type=RATIS, factor=THREE} | ret=SUCCESS |  
2019-08-23 07:09:23,354 | INFO  | OMAudit | user=jenkins1000 | ip=127.0.0.1 | op=ALLOCATE_BLOCK {volume=vol-0-67663, bucket=bucket-0-68950, key=key-0-26970, dataSize=0, replicationType=null, replicationFactor=null, keyLocationInfo=null, clientID=102665036030476690} | ret=SUCCESS |  
2019-08-23 07:09:23,363 | INFO  | DNAudit | user=null | ip=null | op=WRITE_CHUNK {blockData=conID: 2 locID: 102665038289240797 bcsId: 0} | ret=SUCCESS |  
2019-08-23 07:09:23,367 | INFO  | DNAudit | user=null | ip=null | op=WRITE_CHUNK {blockData=conID: 2 locID: 102665038289240797 bcsId: 0} | ret=SUCCESS |  
2019-08-23 07:09:23,367 | INFO  | DNAudit | user=null | ip=null | op=WRITE_CHUNK {blockData=conID: 2 locID: 102665038289240797 bcsId: 0} | ret=SUCCESS |  
2019-08-23 07:09:23,367 | INFO  | DNAudit | user=null | ip=null | op=WRITE_CHUNK {blockData=conID: 2 locID: 102665038289240797 bcsId: 0} | ret=SUCCESS |  
2019-08-23 07:09:23,368 | INFO  | DNAudit | user=null | ip=null | op=WRITE_CHUNK {blockData=conID: 2 locID: 102665038289240797 bcsId: 0} | ret=SUCCESS |  
2019-08-23 07:09:23,369 | INFO  | DNAudit | user=null | ip=null | op=WRITE_CHUNK {blockData=conID: 2 locID: 102665038289240797 bcsId: 0} | ret=SUCCESS |  
2019-08-23 07:09:23,377 | INFO  | DNAudit | user=null | ip=null | op=WRITE_CHUNK {blockData=conID: 2 locID: 102665038289240797 bcsId: 0} | ret=SUCCESS |  
2019-08-23 07:09:23,378 | INFO  | DNAudit | user=null | ip=null | op=PUT_BLOCK {blockData=[blockId=conID: 2 locID: 102665038289240797 bcsId: 0,size=1048576]} | ret=SUCCESS |  
2019-08-23 07:09:23,378 [grpc-default-executor-6] INFO  client.GrpcClientProtocolClient (GrpcClientProtocolClient.java:onNext(255)) - client-D91E5D1E15CE->f2ba01fc-a63e-4348-bd18-030b60a135e7: receive RaftClientReply:client-D91E5D1E15CE->f2ba01fc-a63e-4348-bd18-030b60a135e7@group-C8C62FEF0626, cid=3886, SUCCESS, logIndex=5887, commits[f2ba01fc-a63e-4348-bd18-030b60a135e7:c5888, eab135d4-a257-4705-b491-6c056b8c5df7:c5884, a4f67574-9018-43e7-8a54-351e98dc3d0a:c5886]
2019-08-23 07:09:23,379 [grpc-default-executor-6] INFO  client.GrpcClientProtocolClient (GrpcClientProtocolClient.java:onNext(255)) - client-D91E5D1E15CE->f2ba01fc-a63e-4348-bd18-030b60a135e7: receive RaftClientReply:client-D91E5D1E15CE->f2ba01fc-a63e-4348-bd18-030b60a135e7@group-C8C62FEF0626, cid=3887, SUCCESS, logIndex=5888, commits[f2ba01fc-a63e-4348-bd18-030b60a135e7:c5888, eab135d4-a257-4705-b491-6c056b8c5df7:c5886, a4f67574-9018-43e7-8a54-351e98dc3d0a:c5886]
2019-08-23 07:09:23,387 | INFO  | DNAudit | user=null | ip=null | op=WRITE_CHUNK {blockData=conID: 2 locID: 102665038289240797 bcsId: 0} | ret=SUCCESS |  
2019-08-23 07:09:23,388 | INFO  | DNAudit | user=null | ip=null | op=PUT_BLOCK {blockData=[blockId=conID: 2 locID: 102665038289240797 bcsId: 0,size=2097152]} | ret=SUCCESS |  
2019-08-23 07:09:23,388 [grpc-default-executor-6] INFO  client.GrpcClientProtocolClient (GrpcClientProtocolClient.java:onNext(255)) - client-D91E5D1E15CE->f2ba01fc-a63e-4348-bd18-030b60a135e7: receive RaftClientReply:client-D91E5D1E15CE->f2ba01fc-a63e-4348-bd18-030b60a135e7@group-C8C62FEF0626, cid=3888, SUCCESS, logIndex=5889, commits[f2ba01fc-a63e-4348-bd18-030b60a135e7:c5890, eab135d4-a257-4705-b491-6c056b8c5df7:c5886, a4f67574-9018-43e7-8a54-351e98dc3d0a:c5886]
2019-08-23 07:09:23,388 [grpc-default-executor-6] INFO  client.GrpcClientProtocolClient (GrpcClientProtocolClient.java:onNext(255)) - client-D91E5D1E15CE->f2ba01fc-a63e-4348-bd18-030b60a135e7: receive RaftClientReply:client-D91E5D1E15CE->f2ba01fc-a63e-4348-bd18-030b60a135e7@group-C8C62FEF0626, cid=3889, SUCCESS, logIndex=5890, commits[f2ba01fc-a63e-4348-bd18-030b60a135e7:c5890, eab135d4-a257-4705-b491-6c056b8c5df7:c5886, a4f67574-9018-43e7-8a54-351e98dc3d0a:c5886]
2019-08-23 07:09:23,390 | INFO  | DNAudit | user=null | ip=null | op=WRITE_CHUNK {blockData=conID: 2 locID: 102665038289240797 bcsId: 0} | ret=SUCCESS |  
2019-08-23 07:09:23,390 | INFO  | DNAudit | user=null | ip=null | op=PUT_BLOCK {blockData=[blockId=conID: 2 locID: 102665038289240797 bcsId: 0,size=1048576]} | ret=SUCCESS |  
2019-08-23 07:09:23,390 | INFO  | DNAudit | user=null | ip=null | op=WRITE_CHUNK {blockData=conID: 2 locID: 102665038289240797 bcsId: 0} | ret=SUCCESS |  
2019-08-23 07:09:23,391 | INFO  | DNAudit | user=null | ip=null | op=PUT_BLOCK {blockData=[blockId=conID: 2 locID: 102665038289240797 bcsId: 0,size=1048576]} | ret=SUCCESS |  
2019-08-23 07:09:23,391 [grpc-default-executor-6] INFO  client.GrpcClientProtocolClient (GrpcClientProtocolClient.java:onNext(255)) - client-D91E5D1E15CE->f2ba01fc-a63e-4348-bd18-030b60a135e7: receive RaftClientReply:client-D91E5D1E15CE->f2ba01fc-a63e-4348-bd18-030b60a135e7@group-C8C62FEF0626, cid=3890, SUCCESS, logIndex=0, commits[f2ba01fc-a63e-4348-bd18-030b60a135e7:c5890, eab135d4-a257-4705-b491-6c056b8c5df7:c5888, a4f67574-9018-43e7-8a54-351e98dc3d0a:c5888]
2019-08-23 07:09:23,400 | INFO  | DNAudit | user=null | ip=null | op=WRITE_CHUNK {blockData=conID: 2 locID: 102665038289240797 bcsId: 5890} | ret=SUCCESS |  
2019-08-23 07:09:23,403 | INFO  | DNAudit | user=null | ip=null | op=WRITE_CHUNK {blockData=conID: 2 locID: 102665038289240797 bcsId: 5890} | ret=SUCCESS |  
2019-08-23 07:09:23,403 | INFO  | DNAudit | user=null | ip=null | op=WRITE_CHUNK {blockData=conID: 2 locID: 102665038289240797 bcsId: 5890} | ret=SUCCESS |  
2019-08-23 07:09:23,405 | INFO  | DNAudit | user=null | ip=null | op=WRITE_CHUNK {blockData=conID: 2 locID: 102665038289240797 bcsId: 0} | ret=SUCCESS |  
2019-08-23 07:09:23,405 | INFO  | DNAudit | user=null | ip=null | op=WRITE_CHUNK {blockData=conID: 2 locID: 102665038289240797 bcsId: 5890} | ret=SUCCESS |  
2019-08-23 07:09:23,405 | INFO  | DNAudit | user=null | ip=null | op=PUT_BLOCK {blockData=[blockId=conID: 2 locID: 102665038289240797 bcsId: 0,size=2097152]} | ret=SUCCESS |  
2019-08-23 07:09:23,406 | INFO  | DNAudit | user=null | ip=null | op=PUT_BLOCK {blockData=[blockId=conID: 2 locID: 102665038289240797 bcsId: 0,size=3145728]} | ret=SUCCESS |  
2019-08-23 07:09:23,406 | INFO  | DNAudit | user=null | ip=null | op=WRITE_CHUNK {blockData=conID: 2 locID: 102665038289240797 bcsId: 0} | ret=SUCCESS |  
2019-08-23 07:09:23,406 | INFO  | DNAudit | user=null | ip=null | op=PUT_BLOCK {blockData=[blockId=conID: 2 locID: 102665038289240797 bcsId: 0,size=2097152]} | ret=SUCCESS |  
2019-08-23 07:09:23,406 [grpc-default-executor-6] INFO  client.GrpcClientProtocolClient (GrpcClientProtocolClient.java:onNext(255)) - client-D91E5D1E15CE->f2ba01fc-a63e-4348-bd18-030b60a135e7: receive RaftClientReply:client-D91E5D1E15CE->f2ba01fc-a63e-4348-bd18-030b60a135e7@group-C8C62FEF0626, cid=3891, SUCCESS, logIndex=5895, commits[f2ba01fc-a63e-4348-bd18-030b60a135e7:c5896, eab135d4-a257-4705-b491-6c056b8c5df7:c5888, a4f67574-9018-43e7-8a54-351e98dc3d0a:c5892]
2019-08-23 07:09:23,407 [grpc-default-executor-6] INFO  client.GrpcClientProtocolClient (GrpcClientProtocolClient.java:onNext(255)) - client-D91E5D1E15CE->f2ba01fc-a63e-4348-bd18-030b60a135e7: receive RaftClientReply:client-D91E5D1E15CE->f2ba01fc-a63e-4348-bd18-030b60a135e7@group-C8C62FEF0626, cid=3892, SUCCESS, logIndex=5896, commits[f2ba01fc-a63e-4348-bd18-030b60a135e7:c5896, eab135d4-a257-4705-b491-6c056b8c5df7:c5888, a4f67574-9018-43e7-8a54-351e98dc3d0a:c5892]
2019-08-23 07:09:23,408 [grpc-default-executor-6] INFO  client.GrpcClientProtocolClient (GrpcClientProtocolClient.java:onNext(255)) - client-D91E5D1E15CE->f2ba01fc-a63e-4348-bd18-030b60a135e7: receive RaftClientReply:client-D91E5D1E15CE->f2ba01fc-a63e-4348-bd18-030b60a135e7@group-C8C62FEF0626, cid=3893, SUCCESS, logIndex=0, commits[f2ba01fc-a63e-4348-bd18-030b60a135e7:c5896, eab135d4-a257-4705-b491-6c056b8c5df7:c5892, a4f67574-9018-43e7-8a54-351e98dc3d0a:c5892]
2019-08-23 07:09:23,408 | INFO  | DNAudit | user=null | ip=null | op=WRITE_CHUNK {blockData=conID: 2 locID: 102665038289240797 bcsId: 5890} | ret=SUCCESS |  
2019-08-23 07:09:23,408 | INFO  | DNAudit | user=null | ip=null | op=PUT_BLOCK {blockData=[blockId=conID: 2 locID: 102665038289240797 bcsId: 0,size=3145728]} | ret=SUCCESS |  
2019-08-23 07:09:23,408 | INFO  | DNAudit | user=null | ip=null | op=WRITE_CHUNK {blockData=conID: 2 locID: 102665038289240797 bcsId: 5890} | ret=SUCCESS |  
2019-08-23 07:09:23,409 | INFO  | DNAudit | user=null | ip=null | op=PUT_BLOCK {blockData=[blockId=conID: 2 locID: 102665038289240797 bcsId: 0,size=3145728]} | ret=SUCCESS |  
2019-08-23 07:09:23,417 | INFO  | DNAudit | user=null | ip=null | op=WRITE_CHUNK {blockData=conID: 2 locID: 102665038289240797 bcsId: 5896} | ret=SUCCESS |  
2019-08-23 07:09:23,419 | INFO  | DNAudit | user=null | ip=null | op=WRITE_CHUNK {blockData=conID: 2 locID: 102665038289240797 bcsId: 5896} | ret=SUCCESS |  
2019-08-23 07:09:23,419 | INFO  | DNAudit | user=null | ip=null | op=WRITE_CHUNK {blockData=conID: 2 locID: 102665038289240797 bcsId: 5896} | ret=SUCCESS |  
2019-08-23 07:09:23,428 | INFO  | DNAudit | user=null | ip=null | op=WRITE_CHUNK {blockData=conID: 2 locID: 102665038289240797 bcsId: 5896} | ret=SUCCESS |  
2019-08-23 07:09:23,429 | INFO  | DNAudit | user=null | ip=null | op=PUT_BLOCK {blockData=[blockId=conID: 2 locID: 102665038289240797 bcsId: 0,size=4194304]} | ret=SUCCESS |  
2019-08-23 07:09:23,429 [grpc-default-executor-6] INFO  client.GrpcClientProtocolClient (GrpcClientProtocolClient.java:onNext(255)) - client-D91E5D1E15CE->f2ba01fc-a63e-4348-bd18-030b60a135e7: receive RaftClientReply:client-D91E5D1E15CE->f2ba01fc-a63e-4348-bd18-030b60a135e7@group-C8C62FEF0626, cid=3894, SUCCESS, logIndex=5899, commits[f2ba01fc-a63e-4348-bd18-030b60a135e7:c5900, eab135d4-a257-4705-b491-6c056b8c5df7:c5898, a4f67574-9018-43e7-8a54-351e98dc3d0a:c5898]
2019-08-23 07:09:23,429 [grpc-default-executor-6] INFO  client.GrpcClientProtocolClient (GrpcClientProtocolClient.java:onNext(255)) - client-D91E5D1E15CE->f2ba01fc-a63e-4348-bd18-030b60a135e7: receive RaftClientReply:client-D91E5D1E15CE->f2ba01fc-a63e-4348-bd18-030b60a135e7@group-C8C62FEF0626, cid=3895, SUCCESS, logIndex=5900, commits[f2ba01fc-a63e-4348-bd18-030b60a135e7:c5900, eab135d4-a257-4705-b491-6c056b8c5df7:c5898, a4f67574-9018-43e7-8a54-351e98dc3d0a:c5898]
2019-08-23 07:09:23,445 | INFO  | DNAudit | user=null | ip=null | op=WRITE_CHUNK {blockData=conID: 2 locID: 102665038289240797 bcsId: 5896} | ret=SUCCESS |  
2019-08-23 07:09:23,445 | INFO  | DNAudit | user=null | ip=null | op=WRITE_CHUNK {blockData=conID: 2 locID: 102665038289240797 bcsId: 5896} | ret=SUCCESS |  
2019-08-23 07:09:23,447 | INFO  | DNAudit | user=null | ip=null | op=PUT_BLOCK {blockData=[blockId=conID: 2 locID: 102665038289240797 bcsId: 0,size=4194304]} | ret=SUCCESS |  
2019-08-23 07:09:23,447 | INFO  | DNAudit | user=null | ip=null | op=PUT_BLOCK {blockData=[blockId=conID: 2 locID: 102665038289240797 bcsId: 0,size=4194304]} | ret=SUCCESS |  
2019-08-23 07:09:23,448 [grpc-default-executor-6] INFO  client.GrpcClientProtocolClient (GrpcClientProtocolClient.java:onNext(255)) - client-D91E5D1E15CE->f2ba01fc-a63e-4348-bd18-030b60a135e7: receive RaftClientReply:client-D91E5D1E15CE->f2ba01fc-a63e-4348-bd18-030b60a135e7@group-C8C62FEF0626, cid=3896, SUCCESS, logIndex=0, commits[f2ba01fc-a63e-4348-bd18-030b60a135e7:c5902, eab135d4-a257-4705-b491-6c056b8c5df7:c5900, a4f67574-9018-43e7-8a54-351e98dc3d0a:c5900]
2019-08-23 07:09:23,457 | INFO  | SCMAudit | user=jenkins1000 | ip=192.168.5.178 | op=ALLOCATE_BLOCK {owner=aaf04d22-10dd-4717-8862-c651bdde72cf, size=4194304, type=RATIS, factor=THREE} | ret=SUCCESS |  
2019-08-23 07:09:23,464 | INFO  | OMAudit | user=jenkins1000 | ip=127.0.0.1 | op=ALLOCATE_BLOCK {volume=vol-0-67663, bucket=bucket-0-68950, key=key-0-26970, dataSize=0, replicationType=null, replicationFactor=null, keyLocationInfo=null, clientID=102665036030476690} | ret=SUCCESS |  
2019-08-23 07:09:23,473 | INFO  | DNAudit | user=null | ip=null | op=WRITE_CHUNK {blockData=conID: 3 locID: 102665038296318686 bcsId: 0} | ret=SUCCESS |  
2019-08-23 07:09:23,475 | INFO  | DNAudit | user=null | ip=null | op=WRITE_CHUNK {blockData=conID: 3 locID: 102665038296318686 bcsId: 0} | ret=SUCCESS |  
2019-08-23 07:09:23,476 | INFO  | DNAudit | user=null | ip=null | op=WRITE_CHUNK {blockData=conID: 3 locID: 102665038296318686 bcsId: 0} | ret=SUCCESS |  
2019-08-23 07:09:23,476 | INFO  | DNAudit | user=null | ip=null | op=WRITE_CHUNK {blockData=conID: 3 locID: 102665038296318686 bcsId: 0} | ret=SUCCESS |  
2019-08-23 07:09:23,478 | INFO  | DNAudit | user=null | ip=null | op=WRITE_CHUNK {blockData=conID: 3 locID: 102665038296318686 bcsId: 0} | ret=SUCCESS |  
2019-08-23 07:09:23,479 | INFO  | DNAudit | user=null | ip=null | op=WRITE_CHUNK {blockData=conID: 3 locID: 102665038296318686 bcsId: 0} | ret=SUCCESS |  
2019-08-23 07:09:23,487 | INFO  | DNAudit | user=null | ip=null | op=WRITE_CHUNK {blockData=conID: 3 locID: 102665038296318686 bcsId: 0} | ret=SUCCESS |  
2019-08-23 07:09:23,487 | INFO  | DNAudit | user=null | ip=null | op=PUT_BLOCK {blockData=[blockId=conID: 3 locID: 102665038296318686 bcsId: 0,size=1048576]} | ret=SUCCESS |  
2019-08-23 07:09:23,488 [grpc-default-executor-4] INFO  client.GrpcClientProtocolClient (GrpcClientProtocolClient.java:onNext(255)) - client-D91E5D1E15CE->f2ba01fc-a63e-4348-bd18-030b60a135e7: receive RaftClientReply:client-D91E5D1E15CE->f2ba01fc-a63e-4348-bd18-030b60a135e7@group-C8C62FEF0626, cid=3897, SUCCESS, logIndex=5903, commits[f2ba01fc-a63e-4348-bd18-030b60a135e7:c5904, eab135d4-a257-4705-b491-6c056b8c5df7:c5902, a4f67574-9018-43e7-8a54-351e98dc3d0a:c5902]
2019-08-23 07:09:23,488 [grpc-default-executor-4] INFO  client.GrpcClientProtocolClient (GrpcClientProtocolClient.java:onNext(255)) - client-D91E5D1E15CE->f2ba01fc-a63e-4348-bd18-030b60a135e7: receive RaftClientReply:client-D91E5D1E15CE->f2ba01fc-a63e-4348-bd18-030b60a135e7@group-C8C62FEF0626, cid=3898, SUCCESS, logIndex=5904, commits[f2ba01fc-a63e-4348-bd18-030b60a135e7:c5904, eab135d4-a257-4705-b491-6c056b8c5df7:c5902, a4f67574-9018-43e7-8a54-351e98dc3d0a:c5902]
2019-08-23 07:09:23,500 | INFO  | DNAudit | user=null | ip=null | op=WRITE_CHUNK {blockData=conID: 3 locID: 102665038296318686 bcsId: 0} | ret=SUCCESS |  
2019-08-23 07:09:23,500 | INFO  | DNAudit | user=null | ip=null | op=PUT_BLOCK {blockData=[blockId=conID: 3 locID: 102665038296318686 bcsId: 0,size=2097152]} | ret=SUCCESS |  
2019-08-23 07:09:23,500 [grpc-default-executor-4] INFO  client.GrpcClientProtocolClient (GrpcClientProtocolClient.java:onNext(255)) - client-D91E5D1E15CE->f2ba01fc-a63e-4348-bd18-030b60a135e7: receive RaftClientReply:client-D91E5D1E15CE->f2ba01fc-a63e-4348-bd18-030b60a135e7@group-C8C62FEF0626, cid=3899, SUCCESS, logIndex=5905, commits[f2ba01fc-a63e-4348-bd18-030b60a135e7:c5906, eab135d4-a257-4705-b491-6c056b8c5df7:c5902, a4f67574-9018-43e7-8a54-351e98dc3d0a:c5902]
2019-08-23 07:09:23,501 [grpc-default-executor-4] INFO  client.GrpcClientProtocolClient (GrpcClientProtocolClient.java:onNext(255)) - client-D91E5D1E15CE->f2ba01fc-a63e-4348-bd18-030b60a135e7: receive RaftClientReply:client-D91E5D1E15CE->f2ba01fc-a63e-4348-bd18-030b60a135e7@group-C8C62FEF0626, cid=3900, SUCCESS, logIndex=5906, commits[f2ba01fc-a63e-4348-bd18-030b60a135e7:c5906, eab135d4-a257-4705-b491-6c056b8c5df7:c5902, a4f67574-9018-43e7-8a54-351e98dc3d0a:c5902]
2019-08-23 07:09:23,511 | INFO  | DNAudit | user=null | ip=null | op=WRITE_CHUNK {blockData=conID: 3 locID: 102665038296318686 bcsId: 0} | ret=SUCCESS |  
2019-08-23 07:09:23,511 | INFO  | DNAudit | user=null | ip=null | op=WRITE_CHUNK {blockData=conID: 3 locID: 102665038296318686 bcsId: 0} | ret=SUCCESS |  
2019-08-23 07:09:23,511 | INFO  | DNAudit | user=null | ip=null | op=PUT_BLOCK {blockData=[blockId=conID: 3 locID: 102665038296318686 bcsId: 0,size=1048576]} | ret=SUCCESS |  
2019-08-23 07:09:23,511 | INFO  | DNAudit | user=null | ip=null | op=PUT_BLOCK {blockData=[blockId=conID: 3 locID: 102665038296318686 bcsId: 0,size=1048576]} | ret=SUCCESS |  
2019-08-23 07:09:23,512 [grpc-default-executor-4] INFO  client.GrpcClientProtocolClient (GrpcClientProtocolClient.java:onNext(255)) - client-D91E5D1E15CE->f2ba01fc-a63e-4348-bd18-030b60a135e7: receive RaftClientReply:client-D91E5D1E15CE->f2ba01fc-a63e-4348-bd18-030b60a135e7@group-C8C62FEF0626, cid=3901, SUCCESS, logIndex=0, commits[f2ba01fc-a63e-4348-bd18-030b60a135e7:c5908, eab135d4-a257-4705-b491-6c056b8c5df7:c5904, a4f67574-9018-43e7-8a54-351e98dc3d0a:c5904]
2019-08-23 07:09:23,512 | INFO  | DNAudit | user=null | ip=null | op=WRITE_CHUNK {blockData=conID: 3 locID: 102665038296318686 bcsId: 0} | ret=SUCCESS |  
2019-08-23 07:09:23,512 | INFO  | DNAudit | user=null | ip=null | op=PUT_BLOCK {blockData=[blockId=conID: 3 locID: 102665038296318686 bcsId: 0,size=2097152]} | ret=SUCCESS |  
2019-08-23 07:09:23,512 | INFO  | DNAudit | user=null | ip=null | op=WRITE_CHUNK {blockData=conID: 3 locID: 102665038296318686 bcsId: 0} | ret=SUCCESS |  
2019-08-23 07:09:23,513 | INFO  | DNAudit | user=null | ip=null | op=PUT_BLOCK {blockData=[blockId=conID: 3 locID: 102665038296318686 bcsId: 0,size=2097152]} | ret=SUCCESS |  
2019-08-23 07:09:23,519 | INFO  | DNAudit | user=null | ip=null | op=WRITE_CHUNK {blockData=conID: 3 locID: 102665038296318686 bcsId: 5906} | ret=SUCCESS |  
2019-08-23 07:09:23,521 | INFO  | DNAudit | user=null | ip=null | op=WRITE_CHUNK {blockData=conID: 3 locID: 102665038296318686 bcsId: 5906} | ret=SUCCESS |  
2019-08-23 07:09:23,522 | INFO  | DNAudit | user=null | ip=null | op=WRITE_CHUNK {blockData=conID: 3 locID: 102665038296318686 bcsId: 5906} | ret=SUCCESS |  
2019-08-23 07:09:23,533 | INFO  | DNAudit | user=null | ip=null | op=WRITE_CHUNK {blockData=conID: 3 locID: 102665038296318686 bcsId: 5906} | ret=SUCCESS |  
2019-08-23 07:09:23,534 | INFO  | DNAudit | user=null | ip=null | op=PUT_BLOCK {blockData=[blockId=conID: 3 locID: 102665038296318686 bcsId: 0,size=3145728]} | ret=SUCCESS |  
2019-08-23 07:09:23,534 [grpc-default-executor-6] INFO  client.GrpcClientProtocolClient (GrpcClientProtocolClient.java:onNext(255)) - client-D91E5D1E15CE->f2ba01fc-a63e-4348-bd18-030b60a135e7: receive RaftClientReply:client-D91E5D1E15CE->f2ba01fc-a63e-4348-bd18-030b60a135e7@group-C8C62FEF0626, cid=3902, SUCCESS, logIndex=5911, commits[f2ba01fc-a63e-4348-bd18-030b60a135e7:c5912, eab135d4-a257-4705-b491-6c056b8c5df7:c5910, a4f67574-9018-43e7-8a54-351e98dc3d0a:c5910]
2019-08-23 07:09:23,534 [grpc-default-executor-6] INFO  client.GrpcClientProtocolClient (GrpcClientProtocolClient.java:onNext(255)) - client-D91E5D1E15CE->f2ba01fc-a63e-4348-bd18-030b60a135e7: receive RaftClientReply:client-D91E5D1E15CE->f2ba01fc-a63e-4348-bd18-030b60a135e7@group-C8C62FEF0626, cid=3903, SUCCESS, logIndex=5912, commits[f2ba01fc-a63e-4348-bd18-030b60a135e7:c5912, eab135d4-a257-4705-b491-6c056b8c5df7:c5910, a4f67574-9018-43e7-8a54-351e98dc3d0a:c5910]
2019-08-23 07:09:23,541 | INFO  | DNAudit | user=null | ip=null | op=WRITE_CHUNK {blockData=conID: 3 locID: 102665038296318686 bcsId: 5912} | ret=SUCCESS |  
2019-08-23 07:09:23,544 | INFO  | DNAudit | user=null | ip=null | op=WRITE_CHUNK {blockData=conID: 3 locID: 102665038296318686 bcsId: 5912} | ret=SUCCESS |  
2019-08-23 07:09:23,544 | INFO  | DNAudit | user=null | ip=null | op=WRITE_CHUNK {blockData=conID: 3 locID: 102665038296318686 bcsId: 5912} | ret=SUCCESS |  
2019-08-23 07:09:23,546 | INFO  | DNAudit | user=null | ip=null | op=WRITE_CHUNK {blockData=conID: 3 locID: 102665038296318686 bcsId: 5906} | ret=SUCCESS |  
2019-08-23 07:09:23,546 | INFO  | DNAudit | user=null | ip=null | op=WRITE_CHUNK {blockData=conID: 3 locID: 102665038296318686 bcsId: 5906} | ret=SUCCESS |  
2019-08-23 07:09:23,559 | INFO  | DNAudit | user=null | ip=null | op=PUT_BLOCK {blockData=[blockId=conID: 3 locID: 102665038296318686 bcsId: 0,size=3145728]} | ret=SUCCESS |  
2019-08-23 07:09:23,559 | INFO  | DNAudit | user=null | ip=null | op=PUT_BLOCK {blockData=[blockId=conID: 3 locID: 102665038296318686 bcsId: 0,size=3145728]} | ret=SUCCESS |  
2019-08-23 07:09:23,560 | INFO  | DNAudit | user=null | ip=null | op=WRITE_CHUNK {blockData=conID: 3 locID: 102665038296318686 bcsId: 5912} | ret=SUCCESS |  
2019-08-23 07:09:23,561 | INFO  | DNAudit | user=null | ip=null | op=PUT_BLOCK {blockData=[blockId=conID: 3 locID: 102665038296318686 bcsId: 0,size=4194304]} | ret=SUCCESS |  
2019-08-23 07:09:23,561 [grpc-default-executor-4] INFO  client.GrpcClientProtocolClient (GrpcClientProtocolClient.java:onNext(255)) - client-D91E5D1E15CE->f2ba01fc-a63e-4348-bd18-030b60a135e7: receive RaftClientReply:client-D91E5D1E15CE->f2ba01fc-a63e-4348-bd18-030b60a135e7@group-C8C62FEF0626, cid=3904, SUCCESS, logIndex=5915, commits[f2ba01fc-a63e-4348-bd18-030b60a135e7:c5916, eab135d4-a257-4705-b491-6c056b8c5df7:c5912, a4f67574-9018-43e7-8a54-351e98dc3d0a:c5912]
2019-08-23 07:09:23,561 [grpc-default-executor-4] INFO  client.GrpcClientProtocolClient (GrpcClientProtocolClient.java:onNext(255)) - client-D91E5D1E15CE->f2ba01fc-a63e-4348-bd18-030b60a135e7: receive RaftClientReply:client-D91E5D1E15CE->f2ba01fc-a63e-4348-bd18-030b60a135e7@group-C8C62FEF0626, cid=3905, SUCCESS, logIndex=5916, commits[f2ba01fc-a63e-4348-bd18-030b60a135e7:c5916, eab135d4-a257-4705-b491-6c056b8c5df7:c5912, a4f67574-9018-43e7-8a54-351e98dc3d0a:c5912]
2019-08-23 07:09:23,573 | INFO  | DNAudit | user=null | ip=null | op=WRITE_CHUNK {blockData=conID: 3 locID: 102665038296318686 bcsId: 5912} | ret=SUCCESS |  
2019-08-23 07:09:23,573 | INFO  | DNAudit | user=null | ip=null | op=WRITE_CHUNK {blockData=conID: 3 locID: 102665038296318686 bcsId: 5912} | ret=SUCCESS |  
2019-08-23 07:09:23,586 | INFO  | DNAudit | user=null | ip=null | op=PUT_BLOCK {blockData=[blockId=conID: 3 locID: 102665038296318686 bcsId: 0,size=4194304]} | ret=SUCCESS |  
2019-08-23 07:09:23,586 | INFO  | DNAudit | user=null | ip=null | op=PUT_BLOCK {blockData=[blockId=conID: 3 locID: 102665038296318686 bcsId: 0,size=4194304]} | ret=SUCCESS |  
2019-08-23 07:09:23,587 [grpc-default-executor-4] INFO  client.GrpcClientProtocolClient (GrpcClientProtocolClient.java:onNext(255)) - client-D91E5D1E15CE->f2ba01fc-a63e-4348-bd18-030b60a135e7: receive RaftClientReply:client-D91E5D1E15CE->f2ba01fc-a63e-4348-bd18-030b60a135e7@group-C8C62FEF0626, cid=3906, SUCCESS, logIndex=0, commits[f2ba01fc-a63e-4348-bd18-030b60a135e7:c5918, eab135d4-a257-4705-b491-6c056b8c5df7:c5916, a4f67574-9018-43e7-8a54-351e98dc3d0a:c5916]
2019-08-23 07:09:23,596 | INFO  | SCMAudit | user=jenkins1000 | ip=192.168.5.178 | op=ALLOCATE_BLOCK {owner=aaf04d22-10dd-4717-8862-c651bdde72cf, size=4194304, type=RATIS, factor=THREE} | ret=SUCCESS |  
2019-08-23 07:09:23,603 | INFO  | OMAudit | user=jenkins1000 | ip=127.0.0.1 | op=ALLOCATE_BLOCK {volume=vol-0-67663, bucket=bucket-0-68950, key=key-0-26970, dataSize=0, replicationType=null, replicationFactor=null, keyLocationInfo=null, clientID=102665036030476690} | ret=SUCCESS |  
 0.00% |█                                                                                                    |  0/1 Time: 0:00:342019-08-23 07:09:23,749 | INFO  | SCMAudit | user=jenkins1000 | ip=192.168.5.178 | op=SEND_HEARTBEAT {datanodeUUID=b7d3ecaa-ab76-49a0-b691-40b7e1ed625a, command=[]} | ret=SUCCESS |  
2019-08-23 07:09:23,749 | INFO  | SCMAudit | user=jenkins1000 | ip=192.168.5.178 | op=SEND_HEARTBEAT {datanodeUUID=5c311bc2-cc7c-45de-998f-f79499d85d4e, command=[]} | ret=SUCCESS |  
2019-08-23 07:09:23,753 | INFO  | DNAudit | user=null | ip=null | op=WRITE_CHUNK {blockData=conID: 1 locID: 102665038305428191 bcsId: 0} | ret=SUCCESS |  
2019-08-23 07:09:23,757 | INFO  | DNAudit | user=null | ip=null | op=WRITE_CHUNK {blockData=conID: 1 locID: 102665038305428191 bcsId: 0} | ret=SUCCESS |  
2019-08-23 07:09:23,757 | INFO  | DNAudit | user=null | ip=null | op=WRITE_CHUNK {blockData=conID: 1 locID: 102665038305428191 bcsId: 0} | ret=SUCCESS |  
2019-08-23 07:09:23,757 | INFO  | DNAudit | user=null | ip=null | op=WRITE_CHUNK {blockData=conID: 1 locID: 102665038305428191 bcsId: 0} | ret=SUCCESS |  
2019-08-23 07:09:23,759 | INFO  | DNAudit | user=null | ip=null | op=WRITE_CHUNK {blockData=conID: 1 locID: 102665038305428191 bcsId: 0} | ret=SUCCESS |  
2019-08-23 07:09:23,759 | INFO  | DNAudit | user=null | ip=null | op=WRITE_CHUNK {blockData=conID: 1 locID: 102665038305428191 bcsId: 0} | ret=SUCCESS |  
2019-08-23 07:09:23,879 | INFO  | DNAudit | user=null | ip=null | op=WRITE_CHUNK {blockData=conID: 1 locID: 102665038305428191 bcsId: 0} | ret=SUCCESS |  
2019-08-23 07:09:23,880 | INFO  | DNAudit | user=null | ip=null | op=PUT_BLOCK {blockData=[blockId=conID: 1 locID: 102665038305428191 bcsId: 0,size=1048576]} | ret=SUCCESS |  
2019-08-23 07:09:23,880 [grpc-default-executor-4] INFO  client.GrpcClientProtocolClient (GrpcClientProtocolClient.java:onNext(255)) - client-D91E5D1E15CE->f2ba01fc-a63e-4348-bd18-030b60a135e7: receive RaftClientReply:client-D91E5D1E15CE->f2ba01fc-a63e-4348-bd18-030b60a135e7@group-C8C62FEF0626, cid=3907, SUCCESS, logIndex=5919, commits[f2ba01fc-a63e-4348-bd18-030b60a135e7:c5920, eab135d4-a257-4705-b491-6c056b8c5df7:c5918, a4f67574-9018-43e7-8a54-351e98dc3d0a:c5918]
2019-08-23 07:09:23,881 [grpc-default-executor-4] INFO  client.GrpcClientProtocolClient (GrpcClientProtocolClient.java:onNext(255)) - client-D91E5D1E15CE->f2ba01fc-a63e-4348-bd18-030b60a135e7: receive RaftClientReply:client-D91E5D1E15CE->f2ba01fc-a63e-4348-bd18-030b60a135e7@group-C8C62FEF0626, cid=3908, SUCCESS, logIndex=5920, commits[f2ba01fc-a63e-4348-bd18-030b60a135e7:c5920, eab135d4-a257-4705-b491-6c056b8c5df7:c5918, a4f67574-9018-43e7-8a54-351e98dc3d0a:c5918]
2019-08-23 07:09:23,914 | INFO  | SCMAudit | user=jenkins1000 | ip=192.168.5.178 | op=SEND_HEARTBEAT {datanodeUUID=a4f67574-9018-43e7-8a54-351e98dc3d0a, command=[]} | ret=SUCCESS |  
2019-08-23 07:09:23,914 | INFO  | SCMAudit | user=jenkins1000 | ip=192.168.5.178 | op=SEND_HEARTBEAT {datanodeUUID=eab135d4-a257-4705-b491-6c056b8c5df7, command=[]} | ret=SUCCESS |  
2019-08-23 07:09:23,914 | INFO  | SCMAudit | user=jenkins1000 | ip=192.168.5.178 | op=SEND_HEARTBEAT {datanodeUUID=f2ba01fc-a63e-4348-bd18-030b60a135e7, command=[]} | ret=SUCCESS |  
 0.00% |█                                                                                                    |  0/1 Time: 0:00:352019-08-23 07:09:24,782 | INFO  | SCMAudit | user=jenkins1000 | ip=192.168.5.178 | op=SEND_HEARTBEAT {datanodeUUID=5c311bc2-cc7c-45de-998f-f79499d85d4e, command=[]} | ret=SUCCESS |  
2019-08-23 07:09:24,782 | INFO  | SCMAudit | user=jenkins1000 | ip=192.168.5.178 | op=SEND_HEARTBEAT {datanodeUUID=b7d3ecaa-ab76-49a0-b691-40b7e1ed625a, command=[]} | ret=SUCCESS |  
2019-08-23 07:09:24,913 | INFO  | SCMAudit | user=jenkins1000 | ip=192.168.5.178 | op=SEND_HEARTBEAT {datanodeUUID=a4f67574-9018-43e7-8a54-351e98dc3d0a, command=[]} | ret=SUCCESS |  
2019-08-23 07:09:24,914 | INFO  | SCMAudit | user=jenkins1000 | ip=192.168.5.178 | op=SEND_HEARTBEAT {datanodeUUID=eab135d4-a257-4705-b491-6c056b8c5df7, command=[]} | ret=SUCCESS |  
2019-08-23 07:09:24,914 | INFO  | SCMAudit | user=jenkins1000 | ip=192.168.5.178 | op=SEND_HEARTBEAT {datanodeUUID=f2ba01fc-a63e-4348-bd18-030b60a135e7, command=[]} | ret=SUCCESS |  
2019-08-23 07:09:25,749 | INFO  | SCMAudit | user=jenkins1000 | ip=192.168.5.178 | op=SEND_HEARTBEAT {datanodeUUID=b7d3ecaa-ab76-49a0-b691-40b7e1ed625a, command=[]} | ret=SUCCESS |  
 0.00% |█                                                                                                    |  0/1 Time: 0:00:362019-08-23 07:09:25,749 | INFO  | SCMAudit | user=jenkins1000 | ip=192.168.5.178 | op=SEND_HEARTBEAT {datanodeUUID=5c311bc2-cc7c-45de-998f-f79499d85d4e, command=[]} | ret=SUCCESS |  
2019-08-23 07:09:25,913 | INFO  | SCMAudit | user=jenkins1000 | ip=192.168.5.178 | op=SEND_HEARTBEAT {datanodeUUID=a4f67574-9018-43e7-8a54-351e98dc3d0a, command=[]} | ret=SUCCESS |  
2019-08-23 07:09:25,913 | INFO  | SCMAudit | user=jenkins1000 | ip=192.168.5.178 | op=SEND_HEARTBEAT {datanodeUUID=f2ba01fc-a63e-4348-bd18-030b60a135e7, command=[]} | ret=SUCCESS |  
2019-08-23 07:09:25,914 | INFO  | SCMAudit | user=jenkins1000 | ip=192.168.5.178 | op=SEND_HEARTBEAT {datanodeUUID=eab135d4-a257-4705-b491-6c056b8c5df7, command=[]} | ret=SUCCESS |  
2019-08-23 07:09:26,331 | INFO  | DNAudit | user=null | ip=null | op=WRITE_CHUNK {blockData=conID: 1 locID: 102665038305428191 bcsId: 0} | ret=SUCCESS |  
2019-08-23 07:09:26,331 | INFO  | DNAudit | user=null | ip=null | op=WRITE_CHUNK {blockData=conID: 1 locID: 102665038305428191 bcsId: 0} | ret=SUCCESS |  
2019-08-23 07:09:26,331 | INFO  | DNAudit | user=null | ip=null | op=PUT_BLOCK {blockData=[blockId=conID: 1 locID: 102665038305428191 bcsId: 0,size=1048576]} | ret=SUCCESS |  
2019-08-23 07:09:26,331 | INFO  | DNAudit | user=null | ip=null | op=WRITE_CHUNK {blockData=conID: 1 locID: 102665038305428191 bcsId: 0} | ret=SUCCESS |  
2019-08-23 07:09:26,332 | INFO  | DNAudit | user=null | ip=null | op=PUT_BLOCK {blockData=[blockId=conID: 1 locID: 102665038305428191 bcsId: 0,size=2097152]} | ret=SUCCESS |  
2019-08-23 07:09:26,332 [grpc-default-executor-4] INFO  client.GrpcClientProtocolClient (GrpcClientProtocolClient.java:onNext(255)) - client-D91E5D1E15CE->f2ba01fc-a63e-4348-bd18-030b60a135e7: receive RaftClientReply:client-D91E5D1E15CE->f2ba01fc-a63e-4348-bd18-030b60a135e7@group-C8C62FEF0626, cid=3909, SUCCESS, logIndex=5921, commits[f2ba01fc-a63e-4348-bd18-030b60a135e7:c5922, eab135d4-a257-4705-b491-6c056b8c5df7:c5918, a4f67574-9018-43e7-8a54-351e98dc3d0a:c5920]
2019-08-23 07:09:26,333 [grpc-default-executor-4] INFO  client.GrpcClientProtocolClient (GrpcClientProtocolClient.java:onNext(255)) - client-D91E5D1E15CE->f2ba01fc-a63e-4348-bd18-030b60a135e7: receive RaftClientReply:client-D91E5D1E15CE->f2ba01fc-a63e-4348-bd18-030b60a135e7@group-C8C62FEF0626, cid=3910, SUCCESS, logIndex=5922, commits[f2ba01fc-a63e-4348-bd18-030b60a135e7:c5922, eab135d4-a257-4705-b491-6c056b8c5df7:c5919, a4f67574-9018-43e7-8a54-351e98dc3d0a:c5920]
2019-08-23 07:09:26,748 | INFO  | SCMAudit | user=jenkins1000 | ip=192.168.5.178 | op=SEND_HEARTBEAT {datanodeUUID=b7d3ecaa-ab76-49a0-b691-40b7e1ed625a, command=[]} | ret=SUCCESS |  
 0.00% |█                                                                                                    |  0/1 Time: 0:00:372019-08-23 07:09:26,749 | INFO  | SCMAudit | user=jenkins1000 | ip=192.168.5.178 | op=SEND_HEARTBEAT {datanodeUUID=5c311bc2-cc7c-45de-998f-f79499d85d4e, command=[]} | ret=SUCCESS |  
2019-08-23 07:09:26,880 [java.util.concurrent.ThreadPoolExecutor$Worker@4b76e293[State = -1, empty queue]] WARN  server.GrpcLogAppender (GrpcLogAppender.java:timeoutAppendRequest(200)) - GrpcLogAppender(f2ba01fc-a63e-4348-bd18-030b60a135e7->eab135d4-a257-4705-b491-6c056b8c5df7): appendEntries Timeout, request=f2ba01fc-a63e-4348-bd18-030b60a135e7->eab135d4-a257-4705-b491-6c056b8c5df7#5932-t1, previous=(t:1, i:5923), leaderCommit=5920, initializing? false, entries: size=1, first=(t:1, i:5924), METADATAENTRY(c5920)
2019-08-23 07:09:26,880 [java.util.concurrent.ThreadPoolExecutor$Worker@4b76e293[State = -1, empty queue]] WARN  server.GrpcLogAppender (GrpcLogAppender.java:timeoutAppendRequest(200)) - GrpcLogAppender(f2ba01fc-a63e-4348-bd18-030b60a135e7->eab135d4-a257-4705-b491-6c056b8c5df7): appendEntries Timeout, request=f2ba01fc-a63e-4348-bd18-030b60a135e7->eab135d4-a257-4705-b491-6c056b8c5df7#5933-t1, previous=(t:1, i:5924), leaderCommit=5920, initializing? false, entries: size=1, first=(t:1, i:5925), METADATAENTRY(c5921)
2019-08-23 07:09:26,880 [java.util.concurrent.ThreadPoolExecutor$Worker@6a00f32d[State = -1, empty queue]] WARN  server.GrpcLogAppender (GrpcLogAppender.java:timeoutAppendRequest(200)) - GrpcLogAppender(f2ba01fc-a63e-4348-bd18-030b60a135e7->a4f67574-9018-43e7-8a54-351e98dc3d0a): appendEntries Timeout, request=f2ba01fc-a63e-4348-bd18-030b60a135e7->a4f67574-9018-43e7-8a54-351e98dc3d0a#5933-t1, previous=(t:1, i:5924), leaderCommit=5920, initializing? false, entries: size=1, first=(t:1, i:5925), METADATAENTRY(c5921)
2019-08-23 07:09:26,885 [java.util.concurrent.ThreadPoolExecutor$Worker@4b76e293[State = -1, empty queue]] WARN  server.GrpcLogAppender (GrpcLogAppender.java:timeoutAppendRequest(200)) - GrpcLogAppender(f2ba01fc-a63e-4348-bd18-030b60a135e7->eab135d4-a257-4705-b491-6c056b8c5df7): appendEntries Timeout, request=f2ba01fc-a63e-4348-bd18-030b60a135e7->eab135d4-a257-4705-b491-6c056b8c5df7#5934-t1, previous=(t:1, i:5925), leaderCommit=5920, initializing? false, entries: size=1, first=(t:1, i:5926), METADATAENTRY(c5922)
2019-08-23 07:09:26,887 [java.util.concurrent.ThreadPoolExecutor$Worker@6a00f32d[State = -1, empty queue]] WARN  server.GrpcLogAppender (GrpcLogAppender.java:timeoutAppendRequest(200)) - GrpcLogAppender(f2ba01fc-a63e-4348-bd18-030b60a135e7->a4f67574-9018-43e7-8a54-351e98dc3d0a): appendEntries Timeout, request=f2ba01fc-a63e-4348-bd18-030b60a135e7->a4f67574-9018-43e7-8a54-351e98dc3d0a#5934-t1, previous=(t:1, i:5925), leaderCommit=5920, initializing? false, entries: size=1, first=(t:1, i:5926), METADATAENTRY(c5922)
2019-08-23 07:09:26,913 | INFO  | SCMAudit | user=jenkins1000 | ip=192.168.5.178 | op=SEND_HEARTBEAT {datanodeUUID=a4f67574-9018-43e7-8a54-351e98dc3d0a, command=[]} | ret=SUCCESS |  
2019-08-23 07:09:26,914 | INFO  | SCMAudit | user=jenkins1000 | ip=192.168.5.178 | op=SEND_HEARTBEAT {datanodeUUID=eab135d4-a257-4705-b491-6c056b8c5df7, command=[]} | ret=SUCCESS |  
2019-08-23 07:09:26,914 | INFO  | SCMAudit | user=jenkins1000 | ip=192.168.5.178 | op=SEND_HEARTBEAT {datanodeUUID=f2ba01fc-a63e-4348-bd18-030b60a135e7, command=[]} | ret=SUCCESS |  
2019-08-23 07:09:27,748 | INFO  | SCMAudit | user=jenkins1000 | ip=192.168.5.178 | op=SEND_HEARTBEAT {datanodeUUID=b7d3ecaa-ab76-49a0-b691-40b7e1ed625a, command=[]} | ret=SUCCESS |  
2019-08-23 07:09:27,749 | INFO  | SCMAudit | user=jenkins1000 | ip=192.168.5.178 | op=SEND_HEARTBEAT {datanodeUUID=5c311bc2-cc7c-45de-998f-f79499d85d4e, command=[]} | ret=SUCCESS |  
 0.00% |█                                                                                                    |  0/1 Time: 0:00:382019-08-23 07:09:27,913 | INFO  | SCMAudit | user=jenkins1000 | ip=192.168.5.178 | op=SEND_HEARTBEAT {datanodeUUID=a4f67574-9018-43e7-8a54-351e98dc3d0a, command=[]} | ret=SUCCESS |  
2019-08-23 07:09:27,914 | INFO  | SCMAudit | user=jenkins1000 | ip=192.168.5.178 | op=SEND_HEARTBEAT {datanodeUUID=eab135d4-a257-4705-b491-6c056b8c5df7, command=[]} | ret=SUCCESS |  
2019-08-23 07:09:27,914 | INFO  | SCMAudit | user=jenkins1000 | ip=192.168.5.178 | op=SEND_HEARTBEAT {datanodeUUID=f2ba01fc-a63e-4348-bd18-030b60a135e7, command=[]} | ret=SUCCESS |  
2019-08-23 07:09:28,749 | INFO  | SCMAudit | user=jenkins1000 | ip=192.168.5.178 | op=SEND_HEARTBEAT {datanodeUUID=b7d3ecaa-ab76-49a0-b691-40b7e1ed625a, command=[]} | ret=SUCCESS |  
2019-08-23 07:09:28,749 | INFO  | SCMAudit | user=jenkins1000 | ip=192.168.5.178 | op=SEND_HEARTBEAT {datanodeUUID=5c311bc2-cc7c-45de-998f-f79499d85d4e, command=[]} | ret=SUCCESS |  
 0.00% |█                                                                                                    |  0/1 Time: 0:00:392019-08-23 07:09:28,913 | INFO  | SCMAudit | user=jenkins1000 | ip=192.168.5.178 | op=SEND_HEARTBEAT {datanodeUUID=eab135d4-a257-4705-b491-6c056b8c5df7, command=[]} | ret=SUCCESS |  
2019-08-23 07:09:28,913 | INFO  | SCMAudit | user=jenkins1000 | ip=192.168.5.178 | op=SEND_HEARTBEAT {datanodeUUID=a4f67574-9018-43e7-8a54-351e98dc3d0a, command=[]} | ret=SUCCESS |  
2019-08-23 07:09:28,914 | INFO  | SCMAudit | user=jenkins1000 | ip=192.168.5.178 | op=SEND_HEARTBEAT {datanodeUUID=f2ba01fc-a63e-4348-bd18-030b60a135e7, command=[]} | ret=SUCCESS |  
2019-08-23 07:09:29,749 | INFO  | SCMAudit | user=jenkins1000 | ip=192.168.5.178 | op=SEND_HEARTBEAT {datanodeUUID=5c311bc2-cc7c-45de-998f-f79499d85d4e, command=[]} | ret=SUCCESS |  
2019-08-23 07:09:29,749 | INFO  | SCMAudit | user=jenkins1000 | ip=192.168.5.178 | op=SEND_HEARTBEAT {datanodeUUID=b7d3ecaa-ab76-49a0-b691-40b7e1ed625a, command=[]} | ret=SUCCESS |  
 0.00% |█                                                                                                    |  0/1 Time: 0:00:402019-08-23 07:09:29,913 | INFO  | SCMAudit | user=jenkins1000 | ip=192.168.5.178 | op=SEND_HEARTBEAT {datanodeUUID=a4f67574-9018-43e7-8a54-351e98dc3d0a, command=[]} | ret=SUCCESS |  
2019-08-23 07:09:29,914 | INFO  | SCMAudit | user=jenkins1000 | ip=192.168.5.178 | op=SEND_HEARTBEAT {datanodeUUID=eab135d4-a257-4705-b491-6c056b8c5df7, command=[]} | ret=SUCCESS |  
2019-08-23 07:09:29,914 | INFO  | SCMAudit | user=jenkins1000 | ip=192.168.5.178 | op=SEND_HEARTBEAT {datanodeUUID=f2ba01fc-a63e-4348-bd18-030b60a135e7, command=[]} | ret=SUCCESS |  
2019-08-23 07:09:30,750 | INFO  | SCMAudit | user=jenkins1000 | ip=192.168.5.178 | op=SEND_HEARTBEAT {datanodeUUID=5c311bc2-cc7c-45de-998f-f79499d85d4e, command=[]} | ret=SUCCESS |  
2019-08-23 07:09:30,750 | INFO  | SCMAudit | user=jenkins1000 | ip=192.168.5.178 | op=SEND_HEARTBEAT {datanodeUUID=b7d3ecaa-ab76-49a0-b691-40b7e1ed625a, command=[]} | ret=SUCCESS |  
 0.00% |█                                                                                                    |  0/1 Time: 0:00:412019-08-23 07:09:30,913 | INFO  | SCMAudit | user=jenkins1000 | ip=192.168.5.178 | op=SEND_HEARTBEAT {datanodeUUID=a4f67574-9018-43e7-8a54-351e98dc3d0a, command=[]} | ret=SUCCESS |  
2019-08-23 07:09:30,914 | INFO  | SCMAudit | user=jenkins1000 | ip=192.168.5.178 | op=SEND_HEARTBEAT {datanodeUUID=eab135d4-a257-4705-b491-6c056b8c5df7, command=[]} | ret=SUCCESS |  
2019-08-23 07:09:30,914 | INFO  | SCMAudit | user=jenkins1000 | ip=192.168.5.178 | op=SEND_HEARTBEAT {datanodeUUID=f2ba01fc-a63e-4348-bd18-030b60a135e7, command=[]} | ret=SUCCESS |  
2019-08-23 07:09:31,335 [pool-282-thread-1] WARN  scm.XceiverClientRatis (XceiverClientRatis.java:watchForCommit(262)) - 3 way commit failed on pipeline Pipeline[ Id: c5b4f6b7-5cb5-4733-937f-c8c62fef0626, Nodes: a4f67574-9018-43e7-8a54-351e98dc3d0a{ip: 192.168.5.178, host: trunk-nightly-zfkm8-417691344, networkLocation: /default-rack, certSerialId: null}f2ba01fc-a63e-4348-bd18-030b60a135e7{ip: 192.168.5.178, host: trunk-nightly-zfkm8-417691344, networkLocation: /default-rack, certSerialId: null}eab135d4-a257-4705-b491-6c056b8c5df7{ip: 192.168.5.178, host: trunk-nightly-zfkm8-417691344, networkLocation: /default-rack, certSerialId: null}, Type:RATIS, Factor:THREE, State:OPEN]
java.util.concurrent.TimeoutException
	at java.util.concurrent.CompletableFuture.timedGet(CompletableFuture.java:1771)
	at java.util.concurrent.CompletableFuture.get(CompletableFuture.java:1915)
	at org.apache.hadoop.hdds.scm.XceiverClientRatis.watchForCommit(XceiverClientRatis.java:259)
	at org.apache.hadoop.hdds.scm.storage.CommitWatcher.watchForCommit(CommitWatcher.java:194)
	at org.apache.hadoop.hdds.scm.storage.CommitWatcher.watchOnFirstIndex(CommitWatcher.java:135)
	at org.apache.hadoop.hdds.scm.storage.BlockOutputStream.watchForCommit(BlockOutputStream.java:347)
	at org.apache.hadoop.hdds.scm.storage.BlockOutputStream.handleFullBuffer(BlockOutputStream.java:324)
	at org.apache.hadoop.hdds.scm.storage.BlockOutputStream.write(BlockOutputStream.java:251)
	at org.apache.hadoop.ozone.client.io.BlockOutputStreamEntry.write(BlockOutputStreamEntry.java:129)
	at org.apache.hadoop.ozone.client.io.KeyOutputStream.handleWrite(KeyOutputStream.java:211)
	at org.apache.hadoop.ozone.client.io.KeyOutputStream.write(KeyOutputStream.java:193)
	at org.apache.hadoop.ozone.client.io.OzoneOutputStream.write(OzoneOutputStream.java:49)
	at org.apache.hadoop.ozone.freon.RandomKeyGenerator.createKey(RandomKeyGenerator.java:699)
	at org.apache.hadoop.ozone.freon.RandomKeyGenerator.access$1100(RandomKeyGenerator.java:87)
	at org.apache.hadoop.ozone.freon.RandomKeyGenerator$ObjectCreator.run(RandomKeyGenerator.java:606)
	at java.util.concurrent.Executors$RunnableAdapter.call(Executors.java:511)
	at java.util.concurrent.FutureTask.run(FutureTask.java:266)
	at java.util.concurrent.ThreadPoolExecutor.runWorker(ThreadPoolExecutor.java:1149)
	at java.util.concurrent.ThreadPoolExecutor$Worker.run(ThreadPoolExecutor.java:624)
	at java.lang.Thread.run(Thread.java:748)
2019-08-23 07:09:31,344 [grpc-default-executor-4] INFO  client.GrpcClientProtocolClient (GrpcClientProtocolClient.java:onNext(255)) - client-D91E5D1E15CE->f2ba01fc-a63e-4348-bd18-030b60a135e7: receive RaftClientReply:client-D91E5D1E15CE->f2ba01fc-a63e-4348-bd18-030b60a135e7@group-C8C62FEF0626, cid=3912, SUCCESS, logIndex=0, commits[f2ba01fc-a63e-4348-bd18-030b60a135e7:c5922, eab135d4-a257-4705-b491-6c056b8c5df7:c5919, a4f67574-9018-43e7-8a54-351e98dc3d0a:c5920]
2019-08-23 07:09:31,349 [pool-282-thread-1] INFO  scm.XceiverClientRatis (XceiverClientRatis.java:lambda$watchForCommit$7(280)) - Could not commit index 5920 on pipeline Pipeline[ Id: c5b4f6b7-5cb5-4733-937f-c8c62fef0626, Nodes: a4f67574-9018-43e7-8a54-351e98dc3d0a{ip: 192.168.5.178, host: trunk-nightly-zfkm8-417691344, networkLocation: /default-rack, certSerialId: null}f2ba01fc-a63e-4348-bd18-030b60a135e7{ip: 192.168.5.178, host: trunk-nightly-zfkm8-417691344, networkLocation: /default-rack, certSerialId: null}eab135d4-a257-4705-b491-6c056b8c5df7{ip: 192.168.5.178, host: trunk-nightly-zfkm8-417691344, networkLocation: /default-rack, certSerialId: null}, Type:RATIS, Factor:THREE, State:OPEN] to all the nodes. Server eab135d4-a257-4705-b491-6c056b8c5df7 has failed. Committed by majority.
2019-08-23 07:09:31,352 [pool-282-thread-1] WARN  storage.BlockOutputStream (BlockOutputStream.java:watchForCommit(353)) - Failed to commit BlockId conID: 1 locID: 102665038305428191 bcsId: 5922 on Pipeline[ Id: c5b4f6b7-5cb5-4733-937f-c8c62fef0626, Nodes: a4f67574-9018-43e7-8a54-351e98dc3d0a{ip: 192.168.5.178, host: trunk-nightly-zfkm8-417691344, networkLocation: /default-rack, certSerialId: null}f2ba01fc-a63e-4348-bd18-030b60a135e7{ip: 192.168.5.178, host: trunk-nightly-zfkm8-417691344, networkLocation: /default-rack, certSerialId: null}eab135d4-a257-4705-b491-6c056b8c5df7{ip: 192.168.5.178, host: trunk-nightly-zfkm8-417691344, networkLocation: /default-rack, certSerialId: null}, Type:RATIS, Factor:THREE, State:OPEN]. Failed nodes: [eab135d4-a257-4705-b491-6c056b8c5df7{ip: null, host: null, networkLocation: /default-rack, certSerialId: null}]
2019-08-23 07:09:31,545 [grpc-default-executor-4] WARN  server.GrpcLogAppender (GrpcLogAppender.java:onNextImpl(250)) - org.apache.ratis.grpc.server.GrpcLogAppender$AppendLogResponseHandler@eb107f9: Request not found, ignoring reply: f2ba01fc-a63e-4348-bd18-030b60a135e7<-eab135d4-a257-4705-b491-6c056b8c5df7#5932:OK,SUCCESS,nextIndex:5925,term:1,followerCommit:5922
2019-08-23 07:09:31,548 [grpc-default-executor-4] WARN  server.GrpcLogAppender (GrpcLogAppender.java:onNextImpl(250)) - org.apache.ratis.grpc.server.GrpcLogAppender$AppendLogResponseHandler@eb107f9: Request not found, ignoring reply: f2ba01fc-a63e-4348-bd18-030b60a135e7<-eab135d4-a257-4705-b491-6c056b8c5df7#5933:OK,SUCCESS,nextIndex:5926,term:1,followerCommit:5922
2019-08-23 07:09:31,549 [grpc-default-executor-4] WARN  server.GrpcLogAppender (GrpcLogAppender.java:onNextImpl(250)) - org.apache.ratis.grpc.server.GrpcLogAppender$AppendLogResponseHandler@eb107f9: Request not found, ignoring reply: f2ba01fc-a63e-4348-bd18-030b60a135e7<-eab135d4-a257-4705-b491-6c056b8c5df7#5934:OK,SUCCESS,nextIndex:5927,term:1,followerCommit:5922
2019-08-23 07:09:31,550 [grpc-default-executor-4] INFO  client.GrpcClientProtocolClient (GrpcClientProtocolClient.java:onNext(255)) - client-D91E5D1E15CE->f2ba01fc-a63e-4348-bd18-030b60a135e7: receive RaftClientReply:client-D91E5D1E15CE->f2ba01fc-a63e-4348-bd18-030b60a135e7@group-C8C62FEF0626, cid=3911, SUCCESS, logIndex=0, commits[f2ba01fc-a63e-4348-bd18-030b60a135e7:c5924, eab135d4-a257-4705-b491-6c056b8c5df7:c5922, a4f67574-9018-43e7-8a54-351e98dc3d0a:c5920]
2019-08-23 07:09:31,550 [grpc-default-executor-4] INFO  client.GrpcClientProtocolClient (GrpcClientProtocolClient.java:onNext(255)) - client-D91E5D1E15CE->f2ba01fc-a63e-4348-bd18-030b60a135e7: receive RaftClientReply:client-D91E5D1E15CE->f2ba01fc-a63e-4348-bd18-030b60a135e7@group-C8C62FEF0626, cid=3911, SUCCESS, logIndex=0, commits[f2ba01fc-a63e-4348-bd18-030b60a135e7:c5924, eab135d4-a257-4705-b491-6c056b8c5df7:c5922, a4f67574-9018-43e7-8a54-351e98dc3d0a:c5920]
2019-08-23 07:09:31,557 | INFO  | DNAudit | user=null | ip=null | op=WRITE_CHUNK {blockData=conID: 1 locID: 102665038305428191 bcsId: 0} | ret=SUCCESS |  
2019-08-23 07:09:31,558 | INFO  | DNAudit | user=null | ip=null | op=PUT_BLOCK {blockData=[blockId=conID: 1 locID: 102665038305428191 bcsId: 0,size=1048576]} | ret=SUCCESS |  
2019-08-23 07:09:31,558 | INFO  | DNAudit | user=null | ip=null | op=PUT_BLOCK {blockData=[blockId=conID: 1 locID: 102665038305428191 bcsId: 0,size=2097152]} | ret=SUCCESS |  
2019-08-23 07:09:31,558 | INFO  | DNAudit | user=null | ip=null | op=WRITE_CHUNK {blockData=conID: 1 locID: 102665038305428191 bcsId: 0} | ret=SUCCESS |  
2019-08-23 07:09:31,558 [grpc-default-executor-4] WARN  server.GrpcLogAppender (GrpcLogAppender.java:onNextImpl(250)) - org.apache.ratis.grpc.server.GrpcLogAppender$AppendLogResponseHandler@2e167af4: Request not found, ignoring reply: f2ba01fc-a63e-4348-bd18-030b60a135e7<-a4f67574-9018-43e7-8a54-351e98dc3d0a#5933:OK,SUCCESS,nextIndex:5926,term:1,followerCommit:5922
2019-08-23 07:09:31,558 | INFO  | DNAudit | user=null | ip=null | op=PUT_BLOCK {blockData=[blockId=conID: 1 locID: 102665038305428191 bcsId: 0,size=2097152]} | ret=SUCCESS |  
2019-08-23 07:09:31,558 [grpc-default-executor-4] WARN  server.GrpcLogAppender (GrpcLogAppender.java:onNextImpl(250)) - org.apache.ratis.grpc.server.GrpcLogAppender$AppendLogResponseHandler@2e167af4: Request not found, ignoring reply: f2ba01fc-a63e-4348-bd18-030b60a135e7<-a4f67574-9018-43e7-8a54-351e98dc3d0a#5934:OK,SUCCESS,nextIndex:5927,term:1,followerCommit:5922
2019-08-23 07:09:31,559 | INFO  | DNAudit | user=null | ip=null | op=WRITE_CHUNK {blockData=conID: 1 locID: 102665038305428191 bcsId: 5922} | ret=SUCCESS |  
2019-08-23 07:09:31,560 | INFO  | DNAudit | user=null | ip=null | op=WRITE_CHUNK {blockData=conID: 1 locID: 102665038305428191 bcsId: 5922} | ret=SUCCESS |  
2019-08-23 07:09:31,560 | INFO  | DNAudit | user=null | ip=null | op=WRITE_CHUNK {blockData=conID: 1 locID: 102665038305428191 bcsId: 5922} | ret=SUCCESS |  
2019-08-23 07:09:31,749 | INFO  | SCMAudit | user=jenkins1000 | ip=192.168.5.178 | op=SEND_HEARTBEAT {datanodeUUID=b7d3ecaa-ab76-49a0-b691-40b7e1ed625a, command=[]} | ret=SUCCESS |  
2019-08-23 07:09:31,749 | INFO  | SCMAudit | user=jenkins1000 | ip=192.168.5.178 | op=SEND_HEARTBEAT {datanodeUUID=5c311bc2-cc7c-45de-998f-f79499d85d4e, command=[]} | ret=SUCCESS |  
 0.00% |█                                                                                                    |  0/1 Time: 0:00:422019-08-23 07:09:31,913 | INFO  | SCMAudit | user=jenkins1000 | ip=192.168.5.178 | op=SEND_HEARTBEAT {datanodeUUID=a4f67574-9018-43e7-8a54-351e98dc3d0a, command=[]} | ret=SUCCESS |  
2019-08-23 07:09:31,914 | INFO  | SCMAudit | user=jenkins1000 | ip=192.168.5.178 | op=SEND_HEARTBEAT {datanodeUUID=eab135d4-a257-4705-b491-6c056b8c5df7, command=[]} | ret=SUCCESS |  
2019-08-23 07:09:31,914 | INFO  | SCMAudit | user=jenkins1000 | ip=192.168.5.178 | op=SEND_HEARTBEAT {datanodeUUID=f2ba01fc-a63e-4348-bd18-030b60a135e7, command=[]} | ret=SUCCESS |  
2019-08-23 07:09:32,749 | INFO  | SCMAudit | user=jenkins1000 | ip=192.168.5.178 | op=SEND_HEARTBEAT {datanodeUUID=5c311bc2-cc7c-45de-998f-f79499d85d4e, command=[]} | ret=SUCCESS |  
2019-08-23 07:09:32,749 | INFO  | SCMAudit | user=jenkins1000 | ip=192.168.5.178 | op=SEND_HEARTBEAT {datanodeUUID=b7d3ecaa-ab76-49a0-b691-40b7e1ed625a, command=[]} | ret=SUCCESS |  
 0.00% |█                                                                                                    |  0/1 Time: 0:00:432019-08-23 07:09:32,913 | INFO  | SCMAudit | user=jenkins1000 | ip=192.168.5.178 | op=SEND_HEARTBEAT {datanodeUUID=a4f67574-9018-43e7-8a54-351e98dc3d0a, command=[]} | ret=SUCCESS |  
2019-08-23 07:09:32,914 | INFO  | SCMAudit | user=jenkins1000 | ip=192.168.5.178 | op=SEND_HEARTBEAT {datanodeUUID=eab135d4-a257-4705-b491-6c056b8c5df7, command=[]} | ret=SUCCESS |  
2019-08-23 07:09:32,915 | INFO  | SCMAudit | user=jenkins1000 | ip=192.168.5.178 | op=SEND_HEARTBEAT {datanodeUUID=f2ba01fc-a63e-4348-bd18-030b60a135e7, command=[]} | ret=SUCCESS |  
2019-08-23 07:09:33,247 | INFO  | DNAudit | user=null | ip=null | op=WRITE_CHUNK {blockData=conID: 1 locID: 102665038305428191 bcsId: 5922} | ret=SUCCESS |  
2019-08-23 07:09:33,248 | INFO  | DNAudit | user=null | ip=null | op=PUT_BLOCK {blockData=[blockId=conID: 1 locID: 102665038305428191 bcsId: 0,size=3145728]} | ret=SUCCESS |  
2019-08-23 07:09:33,248 [grpc-default-executor-6] INFO  client.GrpcClientProtocolClient (GrpcClientProtocolClient.java:onNext(255)) - client-D91E5D1E15CE->f2ba01fc-a63e-4348-bd18-030b60a135e7: receive RaftClientReply:client-D91E5D1E15CE->f2ba01fc-a63e-4348-bd18-030b60a135e7@group-C8C62FEF0626, cid=3913, SUCCESS, logIndex=5927, commits[f2ba01fc-a63e-4348-bd18-030b60a135e7:c5928, eab135d4-a257-4705-b491-6c056b8c5df7:c5922, a4f67574-9018-43e7-8a54-351e98dc3d0a:c5922]
2019-08-23 07:09:33,252 [grpc-default-executor-6] INFO  client.GrpcClientProtocolClient (GrpcClientProtocolClient.java:onNext(255)) - client-D91E5D1E15CE->f2ba01fc-a63e-4348-bd18-030b60a135e7: receive RaftClientReply:client-D91E5D1E15CE->f2ba01fc-a63e-4348-bd18-030b60a135e7@group-C8C62FEF0626, cid=3914, SUCCESS, logIndex=5928, commits[f2ba01fc-a63e-4348-bd18-030b60a135e7:c5928, eab135d4-a257-4705-b491-6c056b8c5df7:c5922, a4f67574-9018-43e7-8a54-351e98dc3d0a:c5922]
2019-08-23 07:09:33,261 | INFO  | DNAudit | user=null | ip=null | op=WRITE_CHUNK {blockData=conID: 1 locID: 102665038305428191 bcsId: 5928} | ret=SUCCESS |  
2019-08-23 07:09:33,265 | INFO  | DNAudit | user=null | ip=null | op=WRITE_CHUNK {blockData=conID: 1 locID: 102665038305428191 bcsId: 5928} | ret=SUCCESS |  
2019-08-23 07:09:33,265 | INFO  | DNAudit | user=null | ip=null | op=WRITE_CHUNK {blockData=conID: 1 locID: 102665038305428191 bcsId: 5928} | ret=SUCCESS |  
2019-08-23 07:09:33,612 | INFO  | DNAudit | user=null | ip=null | op=WRITE_CHUNK {blockData=conID: 1 locID: 102665038305428191 bcsId: 5922} | ret=SUCCESS |  
2019-08-23 07:09:33,612 | INFO  | DNAudit | user=null | ip=null | op=WRITE_CHUNK {blockData=conID: 1 locID: 102665038305428191 bcsId: 5922} | ret=SUCCESS |  
2019-08-23 07:09:33,613 | INFO  | DNAudit | user=null | ip=null | op=PUT_BLOCK {blockData=[blockId=conID: 1 locID: 102665038305428191 bcsId: 0,size=3145728]} | ret=SUCCESS |  
2019-08-23 07:09:33,613 | INFO  | DNAudit | user=null | ip=null | op=PUT_BLOCK {blockData=[blockId=conID: 1 locID: 102665038305428191 bcsId: 0,size=3145728]} | ret=SUCCESS |  
2019-08-23 07:09:33,749 | INFO  | SCMAudit | user=jenkins1000 | ip=192.168.5.178 | op=SEND_HEARTBEAT {datanodeUUID=b7d3ecaa-ab76-49a0-b691-40b7e1ed625a, command=[]} | ret=SUCCESS |  
2019-08-23 07:09:33,749 | INFO  | SCMAudit | user=jenkins1000 | ip=192.168.5.178 | op=SEND_HEARTBEAT {datanodeUUID=5c311bc2-cc7c-45de-998f-f79499d85d4e, command=[]} | ret=SUCCESS |  
 0.00% |█                                                                                                    |  0/1 Time: 0:00:442019-08-23 07:09:33,913 | INFO  | SCMAudit | user=jenkins1000 | ip=192.168.5.178 | op=SEND_HEARTBEAT {datanodeUUID=a4f67574-9018-43e7-8a54-351e98dc3d0a, command=[]} | ret=SUCCESS |  
2019-08-23 07:09:33,914 | INFO  | SCMAudit | user=jenkins1000 | ip=192.168.5.178 | op=SEND_HEARTBEAT {datanodeUUID=eab135d4-a257-4705-b491-6c056b8c5df7, command=[]} | ret=SUCCESS |  
2019-08-23 07:09:33,916 | INFO  | SCMAudit | user=jenkins1000 | ip=192.168.5.178 | op=SEND_HEARTBEAT {datanodeUUID=f2ba01fc-a63e-4348-bd18-030b60a135e7, command=[]} | ret=SUCCESS |  
2019-08-23 07:09:34,749 | INFO  | SCMAudit | user=jenkins1000 | ip=192.168.5.178 | op=SEND_HEARTBEAT {datanodeUUID=5c311bc2-cc7c-45de-998f-f79499d85d4e, command=[]} | ret=SUCCESS |  
2019-08-23 07:09:34,749 | INFO  | SCMAudit | user=jenkins1000 | ip=192.168.5.178 | op=SEND_HEARTBEAT {datanodeUUID=b7d3ecaa-ab76-49a0-b691-40b7e1ed625a, command=[]} | ret=SUCCESS |  
 0.00% |█                                                                                                    |  0/1 Time: 0:00:452019-08-23 07:09:34,914 | INFO  | SCMAudit | user=jenkins1000 | ip=192.168.5.178 | op=SEND_HEARTBEAT {datanodeUUID=a4f67574-9018-43e7-8a54-351e98dc3d0a, command=[]} | ret=SUCCESS |  
2019-08-23 07:09:34,914 | INFO  | SCMAudit | user=jenkins1000 | ip=192.168.5.178 | op=SEND_HEARTBEAT {datanodeUUID=eab135d4-a257-4705-b491-6c056b8c5df7, command=[]} | ret=SUCCESS |  
2019-08-23 07:09:34,916 | INFO  | SCMAudit | user=jenkins1000 | ip=192.168.5.178 | op=SEND_HEARTBEAT {datanodeUUID=f2ba01fc-a63e-4348-bd18-030b60a135e7, command=[]} | ret=SUCCESS |  
2019-08-23 07:09:35,258 | INFO  | DNAudit | user=null | ip=null | op=WRITE_CHUNK {blockData=conID: 1 locID: 102665038305428191 bcsId: 5928} | ret=SUCCESS |  
2019-08-23 07:09:35,259 | INFO  | DNAudit | user=null | ip=null | op=PUT_BLOCK {blockData=[blockId=conID: 1 locID: 102665038305428191 bcsId: 0,size=4194304]} | ret=SUCCESS |  
2019-08-23 07:09:35,259 [grpc-default-executor-4] INFO  client.GrpcClientProtocolClient (GrpcClientProtocolClient.java:onNext(255)) - client-D91E5D1E15CE->f2ba01fc-a63e-4348-bd18-030b60a135e7: receive RaftClientReply:client-D91E5D1E15CE->f2ba01fc-a63e-4348-bd18-030b60a135e7@group-C8C62FEF0626, cid=3915, SUCCESS, logIndex=5931, commits[f2ba01fc-a63e-4348-bd18-030b60a135e7:c5932, eab135d4-a257-4705-b491-6c056b8c5df7:c5928, a4f67574-9018-43e7-8a54-351e98dc3d0a:c5928]
2019-08-23 07:09:35,260 [grpc-default-executor-4] INFO  client.GrpcClientProtocolClient (GrpcClientProtocolClient.java:onNext(255)) - client-D91E5D1E15CE->f2ba01fc-a63e-4348-bd18-030b60a135e7: receive RaftClientReply:client-D91E5D1E15CE->f2ba01fc-a63e-4348-bd18-030b60a135e7@group-C8C62FEF0626, cid=3916, SUCCESS, logIndex=5932, commits[f2ba01fc-a63e-4348-bd18-030b60a135e7:c5932, eab135d4-a257-4705-b491-6c056b8c5df7:c5928, a4f67574-9018-43e7-8a54-351e98dc3d0a:c5928]
2019-08-23 07:09:35,749 | INFO  | SCMAudit | user=jenkins1000 | ip=192.168.5.178 | op=SEND_HEARTBEAT {datanodeUUID=b7d3ecaa-ab76-49a0-b691-40b7e1ed625a, command=[]} | ret=SUCCESS |  
2019-08-23 07:09:35,749 | INFO  | SCMAudit | user=jenkins1000 | ip=192.168.5.178 | op=SEND_HEARTBEAT {datanodeUUID=5c311bc2-cc7c-45de-998f-f79499d85d4e, command=[]} | ret=SUCCESS |  
 0.00% |█                                                                                                    |  0/1 Time: 0:00:462019-08-23 07:09:35,913 | INFO  | SCMAudit | user=jenkins1000 | ip=192.168.5.178 | op=SEND_HEARTBEAT {datanodeUUID=a4f67574-9018-43e7-8a54-351e98dc3d0a, command=[]} | ret=SUCCESS |  
2019-08-23 07:09:35,914 | INFO  | SCMAudit | user=jenkins1000 | ip=192.168.5.178 | op=SEND_HEARTBEAT {datanodeUUID=eab135d4-a257-4705-b491-6c056b8c5df7, command=[]} | ret=SUCCESS |  
2019-08-23 07:09:35,917 | INFO  | SCMAudit | user=jenkins1000 | ip=192.168.5.178 | op=SEND_HEARTBEAT {datanodeUUID=f2ba01fc-a63e-4348-bd18-030b60a135e7, command=[]} | ret=SUCCESS |  
2019-08-23 07:09:36,750 | INFO  | SCMAudit | user=jenkins1000 | ip=192.168.5.178 | op=SEND_HEARTBEAT {datanodeUUID=5c311bc2-cc7c-45de-998f-f79499d85d4e, command=[]} | ret=SUCCESS |  
2019-08-23 07:09:36,750 | INFO  | SCMAudit | user=jenkins1000 | ip=192.168.5.178 | op=SEND_HEARTBEAT {datanodeUUID=b7d3ecaa-ab76-49a0-b691-40b7e1ed625a, command=[]} | ret=SUCCESS |  
 0.00% |█                                                                                                    |  0/1 Time: 0:00:472019-08-23 07:09:36,913 | INFO  | SCMAudit | user=jenkins1000 | ip=192.168.5.178 | op=SEND_HEARTBEAT {datanodeUUID=a4f67574-9018-43e7-8a54-351e98dc3d0a, command=[]} | ret=SUCCESS |  
2019-08-23 07:09:36,914 | INFO  | SCMAudit | user=jenkins1000 | ip=192.168.5.178 | op=SEND_HEARTBEAT {datanodeUUID=eab135d4-a257-4705-b491-6c056b8c5df7, command=[]} | ret=SUCCESS |  
2019-08-23 07:09:36,916 | INFO  | SCMAudit | user=jenkins1000 | ip=192.168.5.178 | op=SEND_HEARTBEAT {datanodeUUID=f2ba01fc-a63e-4348-bd18-030b60a135e7, command=[]} | ret=SUCCESS |  
2019-08-23 07:09:37,749 | INFO  | SCMAudit | user=jenkins1000 | ip=192.168.5.178 | op=SEND_HEARTBEAT {datanodeUUID=b7d3ecaa-ab76-49a0-b691-40b7e1ed625a, command=[]} | ret=SUCCESS |  
2019-08-23 07:09:37,749 | INFO  | SCMAudit | user=jenkins1000 | ip=192.168.5.178 | op=SEND_HEARTBEAT {datanodeUUID=5c311bc2-cc7c-45de-998f-f79499d85d4e, command=[]} | ret=SUCCESS |  
 0.00% |█                                                                                                    |  0/1 Time: 0:00:482019-08-23 07:09:37,914 | INFO  | SCMAudit | user=jenkins1000 | ip=192.168.5.178 | op=SEND_HEARTBEAT {datanodeUUID=a4f67574-9018-43e7-8a54-351e98dc3d0a, command=[]} | ret=SUCCESS |  
2019-08-23 07:09:37,914 | INFO  | SCMAudit | user=jenkins1000 | ip=192.168.5.178 | op=SEND_HEARTBEAT {datanodeUUID=eab135d4-a257-4705-b491-6c056b8c5df7, command=[]} | ret=SUCCESS |  
2019-08-23 07:09:37,918 | INFO  | SCMAudit | user=jenkins1000 | ip=192.168.5.178 | op=SEND_HEARTBEAT {datanodeUUID=f2ba01fc-a63e-4348-bd18-030b60a135e7, command=[]} | ret=SUCCESS |  
2019-08-23 07:09:38,198 [java.util.concurrent.ThreadPoolExecutor$Worker@4b76e293[State = -1, empty queue]] WARN  server.GrpcLogAppender (GrpcLogAppender.java:timeoutAppendRequest(200)) - GrpcLogAppender(f2ba01fc-a63e-4348-bd18-030b60a135e7->eab135d4-a257-4705-b491-6c056b8c5df7): appendEntries Timeout, request=f2ba01fc-a63e-4348-bd18-030b60a135e7->eab135d4-a257-4705-b491-6c056b8c5df7#5943-t1, previous=(t:1, i:5932), leaderCommit=5932, initializing? false, entries: size=1, first=(t:1, i:5933), METADATAENTRY(c5931)
2019-08-23 07:09:38,198 [java.util.concurrent.ThreadPoolExecutor$Worker@6a00f32d[State = -1, empty queue]] WARN  server.GrpcLogAppender (GrpcLogAppender.java:timeoutAppendRequest(200)) - GrpcLogAppender(f2ba01fc-a63e-4348-bd18-030b60a135e7->a4f67574-9018-43e7-8a54-351e98dc3d0a): appendEntries Timeout, request=f2ba01fc-a63e-4348-bd18-030b60a135e7->a4f67574-9018-43e7-8a54-351e98dc3d0a#5943-t1, previous=(t:1, i:5932), leaderCommit=5932, initializing? false, entries: size=1, first=(t:1, i:5933), METADATAENTRY(c5931)
2019-08-23 07:09:38,198 [java.util.concurrent.ThreadPoolExecutor$Worker@4b76e293[State = -1, empty queue]] WARN  server.GrpcLogAppender (GrpcLogAppender.java:timeoutAppendRequest(200)) - GrpcLogAppender(f2ba01fc-a63e-4348-bd18-030b60a135e7->eab135d4-a257-4705-b491-6c056b8c5df7): appendEntries Timeout, request=f2ba01fc-a63e-4348-bd18-030b60a135e7->eab135d4-a257-4705-b491-6c056b8c5df7#5944-t1, previous=(t:1, i:5933), leaderCommit=5932, initializing? false, entries: size=1, first=(t:1, i:5934), METADATAENTRY(c5932)
2019-08-23 07:09:38,202 [java.util.concurrent.ThreadPoolExecutor$Worker@6a00f32d[State = -1, empty queue]] WARN  server.GrpcLogAppender (GrpcLogAppender.java:timeoutAppendRequest(200)) - GrpcLogAppender(f2ba01fc-a63e-4348-bd18-030b60a135e7->a4f67574-9018-43e7-8a54-351e98dc3d0a): appendEntries Timeout, request=f2ba01fc-a63e-4348-bd18-030b60a135e7->a4f67574-9018-43e7-8a54-351e98dc3d0a#5944-t1, previous=(t:1, i:5933), leaderCommit=5932, initializing? false, entries: size=1, first=(t:1, i:5934), METADATAENTRY(c5932)
2019-08-23 07:09:38,750 | INFO  | SCMAudit | user=jenkins1000 | ip=192.168.5.178 | op=SEND_HEARTBEAT {datanodeUUID=b7d3ecaa-ab76-49a0-b691-40b7e1ed625a, command=[]} | ret=SUCCESS |  
2019-08-23 07:09:38,750 | INFO  | SCMAudit | user=jenkins1000 | ip=192.168.5.178 | op=SEND_HEARTBEAT {datanodeUUID=5c311bc2-cc7c-45de-998f-f79499d85d4e, command=[]} | ret=SUCCESS |  
 0.00% |█                                                                                                    |  0/1 Time: 0:00:492019-08-23 07:09:38,915 | INFO  | SCMAudit | user=jenkins1000 | ip=192.168.5.178 | op=SEND_HEARTBEAT {datanodeUUID=a4f67574-9018-43e7-8a54-351e98dc3d0a, command=[]} | ret=SUCCESS |  
2019-08-23 07:09:38,915 | INFO  | SCMAudit | user=jenkins1000 | ip=192.168.5.178 | op=SEND_HEARTBEAT {datanodeUUID=eab135d4-a257-4705-b491-6c056b8c5df7, command=[]} | ret=SUCCESS |  
2019-08-23 07:09:38,918 | INFO  | SCMAudit | user=jenkins1000 | ip=192.168.5.178 | op=SEND_HEARTBEAT {datanodeUUID=f2ba01fc-a63e-4348-bd18-030b60a135e7, command=[]} | ret=SUCCESS |  
2019-08-23 07:09:39,749 | INFO  | SCMAudit | user=jenkins1000 | ip=192.168.5.178 | op=SEND_HEARTBEAT {datanodeUUID=5c311bc2-cc7c-45de-998f-f79499d85d4e, command=[]} | ret=SUCCESS |  
2019-08-23 07:09:39,749 | INFO  | SCMAudit | user=jenkins1000 | ip=192.168.5.178 | op=SEND_HEARTBEAT {datanodeUUID=b7d3ecaa-ab76-49a0-b691-40b7e1ed625a, command=[]} | ret=SUCCESS |  
 0.00% |█                                                                                                    |  0/1 Time: 0:00:502019-08-23 07:09:39,914 | INFO  | SCMAudit | user=jenkins1000 | ip=192.168.5.178 | op=SEND_HEARTBEAT {datanodeUUID=a4f67574-9018-43e7-8a54-351e98dc3d0a, command=[]} | ret=SUCCESS |  
2019-08-23 07:09:39,914 | INFO  | SCMAudit | user=jenkins1000 | ip=192.168.5.178 | op=SEND_HEARTBEAT {datanodeUUID=eab135d4-a257-4705-b491-6c056b8c5df7, command=[]} | ret=SUCCESS |  
2019-08-23 07:09:39,918 | INFO  | SCMAudit | user=jenkins1000 | ip=192.168.5.178 | op=SEND_HEARTBEAT {datanodeUUID=f2ba01fc-a63e-4348-bd18-030b60a135e7, command=[]} | ret=SUCCESS |  
2019-08-23 07:09:40,261 [pool-282-thread-1] WARN  scm.XceiverClientRatis (XceiverClientRatis.java:watchForCommit(262)) - 3 way commit failed on pipeline Pipeline[ Id: c5b4f6b7-5cb5-4733-937f-c8c62fef0626, Nodes: a4f67574-9018-43e7-8a54-351e98dc3d0a{ip: 192.168.5.178, host: trunk-nightly-zfkm8-417691344, networkLocation: /default-rack, certSerialId: null}f2ba01fc-a63e-4348-bd18-030b60a135e7{ip: 192.168.5.178, host: trunk-nightly-zfkm8-417691344, networkLocation: /default-rack, certSerialId: null}eab135d4-a257-4705-b491-6c056b8c5df7{ip: 192.168.5.178, host: trunk-nightly-zfkm8-417691344, networkLocation: /default-rack, certSerialId: null}, Type:RATIS, Factor:THREE, State:OPEN]
java.util.concurrent.TimeoutException
	at java.util.concurrent.CompletableFuture.timedGet(CompletableFuture.java:1771)
	at java.util.concurrent.CompletableFuture.get(CompletableFuture.java:1915)
	at org.apache.hadoop.hdds.scm.XceiverClientRatis.watchForCommit(XceiverClientRatis.java:259)
	at org.apache.hadoop.hdds.scm.storage.CommitWatcher.watchForCommit(CommitWatcher.java:194)
	at org.apache.hadoop.hdds.scm.storage.CommitWatcher.watchOnLastIndex(CommitWatcher.java:157)
	at org.apache.hadoop.hdds.scm.storage.BlockOutputStream.watchForCommit(BlockOutputStream.java:347)
	at org.apache.hadoop.hdds.scm.storage.BlockOutputStream.handleFlush(BlockOutputStream.java:479)
	at org.apache.hadoop.hdds.scm.storage.BlockOutputStream.close(BlockOutputStream.java:493)
	at org.apache.hadoop.ozone.client.io.BlockOutputStreamEntry.close(BlockOutputStreamEntry.java:143)
	at org.apache.hadoop.ozone.client.io.KeyOutputStream.handleFlushOrClose(KeyOutputStream.java:438)
	at org.apache.hadoop.ozone.client.io.KeyOutputStream.handleWrite(KeyOutputStream.java:235)
	at org.apache.hadoop.ozone.client.io.KeyOutputStream.write(KeyOutputStream.java:193)
	at org.apache.hadoop.ozone.client.io.OzoneOutputStream.write(OzoneOutputStream.java:49)
	at org.apache.hadoop.ozone.freon.RandomKeyGenerator.createKey(RandomKeyGenerator.java:699)
	at org.apache.hadoop.ozone.freon.RandomKeyGenerator.access$1100(RandomKeyGenerator.java:87)
	at org.apache.hadoop.ozone.freon.RandomKeyGenerator$ObjectCreator.run(RandomKeyGenerator.java:606)
	at java.util.concurrent.Executors$RunnableAdapter.call(Executors.java:511)
	at java.util.concurrent.FutureTask.run(FutureTask.java:266)
	at java.util.concurrent.ThreadPoolExecutor.runWorker(ThreadPoolExecutor.java:1149)
	at java.util.concurrent.ThreadPoolExecutor$Worker.run(ThreadPoolExecutor.java:624)
	at java.lang.Thread.run(Thread.java:748)
2019-08-23 07:09:40,435 | INFO  | DNAudit | user=null | ip=null | op=WRITE_CHUNK {blockData=conID: 1 locID: 102665038305428191 bcsId: 5928} | ret=SUCCESS |  
2019-08-23 07:09:40,435 | INFO  | DNAudit | user=null | ip=null | op=WRITE_CHUNK {blockData=conID: 1 locID: 102665038305428191 bcsId: 5928} | ret=SUCCESS |  
2019-08-23 07:09:40,436 | INFO  | DNAudit | user=null | ip=null | op=PUT_BLOCK {blockData=[blockId=conID: 1 locID: 102665038305428191 bcsId: 0,size=4194304]} | ret=SUCCESS |  
2019-08-23 07:09:40,436 | INFO  | DNAudit | user=null | ip=null | op=PUT_BLOCK {blockData=[blockId=conID: 1 locID: 102665038305428191 bcsId: 0,size=4194304]} | ret=SUCCESS |  
2019-08-23 07:09:40,438 [grpc-default-executor-6] WARN  server.GrpcLogAppender (GrpcLogAppender.java:onNextImpl(250)) - org.apache.ratis.grpc.server.GrpcLogAppender$AppendLogResponseHandler@eb107f9: Request not found, ignoring reply: f2ba01fc-a63e-4348-bd18-030b60a135e7<-eab135d4-a257-4705-b491-6c056b8c5df7#5943:OK,SUCCESS,nextIndex:5934,term:1,followerCommit:5932
2019-08-23 07:09:40,440 [grpc-default-executor-4] WARN  server.GrpcLogAppender (GrpcLogAppender.java:onNextImpl(250)) - org.apache.ratis.grpc.server.GrpcLogAppender$AppendLogResponseHandler@2e167af4: Request not found, ignoring reply: f2ba01fc-a63e-4348-bd18-030b60a135e7<-a4f67574-9018-43e7-8a54-351e98dc3d0a#5943:OK,SUCCESS,nextIndex:5934,term:1,followerCommit:5932
2019-08-23 07:09:40,698 [java.util.concurrent.ThreadPoolExecutor$Worker@6a00f32d[State = -1, empty queue]] WARN  server.GrpcLogAppender (GrpcLogAppender.java:timeoutAppendRequest(200)) - GrpcLogAppender(f2ba01fc-a63e-4348-bd18-030b60a135e7->a4f67574-9018-43e7-8a54-351e98dc3d0a): appendEntries Timeout, request=f2ba01fc-a63e-4348-bd18-030b60a135e7->a4f67574-9018-43e7-8a54-351e98dc3d0a#5945-t1, previous=(t:1, i:5934), leaderCommit=5932, initializing? false, entries: <empty>
2019-08-23 07:09:40,698 [java.util.concurrent.ThreadPoolExecutor$Worker@4b76e293[State = -1, empty queue]] WARN  server.GrpcLogAppender (GrpcLogAppender.java:timeoutAppendRequest(200)) - GrpcLogAppender(f2ba01fc-a63e-4348-bd18-030b60a135e7->eab135d4-a257-4705-b491-6c056b8c5df7): appendEntries Timeout, request=f2ba01fc-a63e-4348-bd18-030b60a135e7->eab135d4-a257-4705-b491-6c056b8c5df7#5945-t1, previous=(t:1, i:5934), leaderCommit=5932, initializing? false, entries: <empty>
2019-08-23 07:09:40,749 | INFO  | SCMAudit | user=jenkins1000 | ip=192.168.5.178 | op=SEND_HEARTBEAT {datanodeUUID=b7d3ecaa-ab76-49a0-b691-40b7e1ed625a, command=[]} | ret=SUCCESS |  
2019-08-23 07:09:40,749 | INFO  | SCMAudit | user=jenkins1000 | ip=192.168.5.178 | op=SEND_HEARTBEAT {datanodeUUID=5c311bc2-cc7c-45de-998f-f79499d85d4e, command=[]} | ret=SUCCESS |  
 0.00% |█                                                                                                    |  0/1 Time: 0:00:512019-08-23 07:09:40,914 | INFO  | SCMAudit | user=jenkins1000 | ip=192.168.5.178 | op=SEND_HEARTBEAT {datanodeUUID=a4f67574-9018-43e7-8a54-351e98dc3d0a, command=[]} | ret=SUCCESS |  
2019-08-23 07:09:40,914 | INFO  | SCMAudit | user=jenkins1000 | ip=192.168.5.178 | op=SEND_HEARTBEAT {datanodeUUID=eab135d4-a257-4705-b491-6c056b8c5df7, command=[]} | ret=SUCCESS |  
2019-08-23 07:09:40,918 | INFO  | SCMAudit | user=jenkins1000 | ip=192.168.5.178 | op=SEND_HEARTBEAT {datanodeUUID=f2ba01fc-a63e-4348-bd18-030b60a135e7, command=[]} | ret=SUCCESS |  
2019-08-23 07:09:41,749 | INFO  | SCMAudit | user=jenkins1000 | ip=192.168.5.178 | op=SEND_HEARTBEAT {datanodeUUID=b7d3ecaa-ab76-49a0-b691-40b7e1ed625a, command=[]} | ret=SUCCESS |  
2019-08-23 07:09:41,749 | INFO  | SCMAudit | user=jenkins1000 | ip=192.168.5.178 | op=SEND_HEARTBEAT {datanodeUUID=5c311bc2-cc7c-45de-998f-f79499d85d4e, command=[]} | ret=SUCCESS |  
 0.00% |█                                                                                                    |  0/1 Time: 0:00:522019-08-23 07:09:41,914 | INFO  | SCMAudit | user=jenkins1000 | ip=192.168.5.178 | op=SEND_HEARTBEAT {datanodeUUID=a4f67574-9018-43e7-8a54-351e98dc3d0a, command=[]} | ret=SUCCESS |  
2019-08-23 07:09:41,914 | INFO  | SCMAudit | user=jenkins1000 | ip=192.168.5.178 | op=SEND_HEARTBEAT {datanodeUUID=eab135d4-a257-4705-b491-6c056b8c5df7, command=[]} | ret=SUCCESS |  
2019-08-23 07:09:41,918 | INFO  | SCMAudit | user=jenkins1000 | ip=192.168.5.178 | op=SEND_HEARTBEAT {datanodeUUID=f2ba01fc-a63e-4348-bd18-030b60a135e7, command=[]} | ret=SUCCESS |  
2019-08-23 07:09:42,749 | INFO  | SCMAudit | user=jenkins1000 | ip=192.168.5.178 | op=SEND_HEARTBEAT {datanodeUUID=b7d3ecaa-ab76-49a0-b691-40b7e1ed625a, command=[]} | ret=SUCCESS |  
2019-08-23 07:09:42,749 | INFO  | SCMAudit | user=jenkins1000 | ip=192.168.5.178 | op=SEND_HEARTBEAT {datanodeUUID=5c311bc2-cc7c-45de-998f-f79499d85d4e, command=[]} | ret=SUCCESS |  
 0.00% |█                                                                                                    |  0/1 Time: 0:00:532019-08-23 07:09:42,914 | INFO  | SCMAudit | user=jenkins1000 | ip=192.168.5.178 | op=SEND_HEARTBEAT {datanodeUUID=eab135d4-a257-4705-b491-6c056b8c5df7, command=[]} | ret=SUCCESS |  
2019-08-23 07:09:42,914 | INFO  | SCMAudit | user=jenkins1000 | ip=192.168.5.178 | op=SEND_HEARTBEAT {datanodeUUID=a4f67574-9018-43e7-8a54-351e98dc3d0a, command=[]} | ret=SUCCESS |  
2019-08-23 07:09:42,918 | INFO  | SCMAudit | user=jenkins1000 | ip=192.168.5.178 | op=SEND_HEARTBEAT {datanodeUUID=f2ba01fc-a63e-4348-bd18-030b60a135e7, command=[]} | ret=SUCCESS |  
2019-08-23 07:09:43,198 [java.util.concurrent.ThreadPoolExecutor$Worker@4b76e293[State = -1, empty queue]] WARN  server.GrpcLogAppender (GrpcLogAppender.java:timeoutAppendRequest(200)) - GrpcLogAppender(f2ba01fc-a63e-4348-bd18-030b60a135e7->eab135d4-a257-4705-b491-6c056b8c5df7): appendEntries Timeout, request=f2ba01fc-a63e-4348-bd18-030b60a135e7->eab135d4-a257-4705-b491-6c056b8c5df7#5946-t1, previous=(t:1, i:5934), leaderCommit=5932, initializing? false, entries: <empty>
2019-08-23 07:09:43,198 [java.util.concurrent.ThreadPoolExecutor$Worker@6a00f32d[State = -1, empty queue]] WARN  server.GrpcLogAppender (GrpcLogAppender.java:timeoutAppendRequest(200)) - GrpcLogAppender(f2ba01fc-a63e-4348-bd18-030b60a135e7->a4f67574-9018-43e7-8a54-351e98dc3d0a): appendEntries Timeout, request=f2ba01fc-a63e-4348-bd18-030b60a135e7->a4f67574-9018-43e7-8a54-351e98dc3d0a#5946-t1, previous=(t:1, i:5934), leaderCommit=5932, initializing? false, entries: <empty>
2019-08-23 07:09:43,750 | INFO  | SCMAudit | user=jenkins1000 | ip=192.168.5.178 | op=SEND_HEARTBEAT {datanodeUUID=5c311bc2-cc7c-45de-998f-f79499d85d4e, command=[]} | ret=SUCCESS |  
2019-08-23 07:09:43,750 | INFO  | SCMAudit | user=jenkins1000 | ip=192.168.5.178 | op=SEND_HEARTBEAT {datanodeUUID=b7d3ecaa-ab76-49a0-b691-40b7e1ed625a, command=[]} | ret=SUCCESS |  
 0.00% |█                                                                                                    |  0/1 Time: 0:00:542019-08-23 07:09:43,914 | INFO  | SCMAudit | user=jenkins1000 | ip=192.168.5.178 | op=SEND_HEARTBEAT {datanodeUUID=eab135d4-a257-4705-b491-6c056b8c5df7, command=[]} | ret=SUCCESS |  
2019-08-23 07:09:43,914 | INFO  | SCMAudit | user=jenkins1000 | ip=192.168.5.178 | op=SEND_HEARTBEAT {datanodeUUID=a4f67574-9018-43e7-8a54-351e98dc3d0a, command=[]} | ret=SUCCESS |  
2019-08-23 07:09:43,918 | INFO  | SCMAudit | user=jenkins1000 | ip=192.168.5.178 | op=SEND_HEARTBEAT {datanodeUUID=f2ba01fc-a63e-4348-bd18-030b60a135e7, command=[]} | ret=SUCCESS |  
2019-08-23 07:09:44,750 | INFO  | SCMAudit | user=jenkins1000 | ip=192.168.5.178 | op=SEND_HEARTBEAT {datanodeUUID=5c311bc2-cc7c-45de-998f-f79499d85d4e, command=[]} | ret=SUCCESS |  
2019-08-23 07:09:44,750 | INFO  | SCMAudit | user=jenkins1000 | ip=192.168.5.178 | op=SEND_HEARTBEAT {datanodeUUID=b7d3ecaa-ab76-49a0-b691-40b7e1ed625a, command=[]} | ret=SUCCESS |  
 0.00% |█                                                                                                    |  0/1 Time: 0:00:552019-08-23 07:09:44,914 | INFO  | SCMAudit | user=jenkins1000 | ip=192.168.5.178 | op=SEND_HEARTBEAT {datanodeUUID=eab135d4-a257-4705-b491-6c056b8c5df7, command=[]} | ret=SUCCESS |  
2019-08-23 07:09:44,914 | INFO  | SCMAudit | user=jenkins1000 | ip=192.168.5.178 | op=SEND_HEARTBEAT {datanodeUUID=a4f67574-9018-43e7-8a54-351e98dc3d0a, command=[]} | ret=SUCCESS |  
2019-08-23 07:09:44,918 | INFO  | SCMAudit | user=jenkins1000 | ip=192.168.5.178 | op=SEND_HEARTBEAT {datanodeUUID=f2ba01fc-a63e-4348-bd18-030b60a135e7, command=[]} | ret=SUCCESS |  
2019-08-23 07:09:45,264 [pool-282-thread-1] WARN  storage.CommitWatcher (CommitWatcher.java:watchForCommit(203)) - watchForCommit failed for index 5932
java.util.concurrent.TimeoutException
	at java.util.concurrent.CompletableFuture.timedGet(CompletableFuture.java:1771)
	at java.util.concurrent.CompletableFuture.get(CompletableFuture.java:1915)
	at org.apache.hadoop.hdds.scm.XceiverClientRatis.watchForCommit(XceiverClientRatis.java:268)
	at org.apache.hadoop.hdds.scm.storage.CommitWatcher.watchForCommit(CommitWatcher.java:194)
	at org.apache.hadoop.hdds.scm.storage.CommitWatcher.watchOnLastIndex(CommitWatcher.java:157)
	at org.apache.hadoop.hdds.scm.storage.BlockOutputStream.watchForCommit(BlockOutputStream.java:347)
	at org.apache.hadoop.hdds.scm.storage.BlockOutputStream.handleFlush(BlockOutputStream.java:479)
	at org.apache.hadoop.hdds.scm.storage.BlockOutputStream.close(BlockOutputStream.java:493)
	at org.apache.hadoop.ozone.client.io.BlockOutputStreamEntry.close(BlockOutputStreamEntry.java:143)
	at org.apache.hadoop.ozone.client.io.KeyOutputStream.handleFlushOrClose(KeyOutputStream.java:438)
	at org.apache.hadoop.ozone.client.io.KeyOutputStream.handleWrite(KeyOutputStream.java:235)
	at org.apache.hadoop.ozone.client.io.KeyOutputStream.write(KeyOutputStream.java:193)
	at org.apache.hadoop.ozone.client.io.OzoneOutputStream.write(OzoneOutputStream.java:49)
	at org.apache.hadoop.ozone.freon.RandomKeyGenerator.createKey(RandomKeyGenerator.java:699)
	at org.apache.hadoop.ozone.freon.RandomKeyGenerator.access$1100(RandomKeyGenerator.java:87)
	at org.apache.hadoop.ozone.freon.RandomKeyGenerator$ObjectCreator.run(RandomKeyGenerator.java:606)
	at java.util.concurrent.Executors$RunnableAdapter.call(Executors.java:511)
	at java.util.concurrent.FutureTask.run(FutureTask.java:266)
	at java.util.concurrent.ThreadPoolExecutor.runWorker(ThreadPoolExecutor.java:1149)
	at java.util.concurrent.ThreadPoolExecutor$Worker.run(ThreadPoolExecutor.java:624)
	at java.lang.Thread.run(Thread.java:748)
2019-08-23 07:09:45,266 [pool-282-thread-1] WARN  io.KeyOutputStream (KeyOutputStream.java:handleException(276)) - Encountered exception java.io.IOException: Unexpected Storage Container Exception: java.io.IOException: Unexpected Storage Container Exception: java.util.concurrent.TimeoutException on the pipeline Pipeline[ Id: c5b4f6b7-5cb5-4733-937f-c8c62fef0626, Nodes: a4f67574-9018-43e7-8a54-351e98dc3d0a{ip: 192.168.5.178, host: trunk-nightly-zfkm8-417691344, networkLocation: /default-rack, certSerialId: null}f2ba01fc-a63e-4348-bd18-030b60a135e7{ip: 192.168.5.178, host: trunk-nightly-zfkm8-417691344, networkLocation: /default-rack, certSerialId: null}eab135d4-a257-4705-b491-6c056b8c5df7{ip: 192.168.5.178, host: trunk-nightly-zfkm8-417691344, networkLocation: /default-rack, certSerialId: null}, Type:RATIS, Factor:THREE, State:OPEN]. The last committed block length is 3145728, uncommitted data length is 1048576 retry count 0
2019-08-23 07:09:45,300 [IPC Server handler 17 on 44840] WARN  block.BlockManagerImpl (BlockManagerImpl.java:allocateBlock(192)) - Pipeline creation failed for type:RATIS factor:THREE. Retrying get pipelines call once.
org.apache.hadoop.hdds.scm.pipeline.InsufficientDatanodesException: Cannot create pipeline of factor 3 using 2 nodes.
	at org.apache.hadoop.hdds.scm.pipeline.RatisPipelineProvider.create(RatisPipelineProvider.java:151)
	at org.apache.hadoop.hdds.scm.pipeline.PipelineFactory.create(PipelineFactory.java:57)
	at org.apache.hadoop.hdds.scm.pipeline.SCMPipelineManager.createPipeline(SCMPipelineManager.java:149)
	at org.apache.hadoop.hdds.scm.block.BlockManagerImpl.allocateBlock(BlockManagerImpl.java:190)
	at org.apache.hadoop.hdds.scm.server.SCMBlockProtocolServer.allocateBlock(SCMBlockProtocolServer.java:175)
	at org.apache.hadoop.ozone.protocolPB.ScmBlockLocationProtocolServerSideTranslatorPB.allocateScmBlock(ScmBlockLocationProtocolServerSideTranslatorPB.java:153)
	at org.apache.hadoop.ozone.protocolPB.ScmBlockLocationProtocolServerSideTranslatorPB.send(ScmBlockLocationProtocolServerSideTranslatorPB.java:112)
	at org.apache.hadoop.hdds.protocol.proto.ScmBlockLocationProtocolProtos$ScmBlockLocationProtocolService$2.callBlockingMethod(ScmBlockLocationProtocolProtos.java:13157)
	at org.apache.hadoop.ipc.ProtobufRpcEngine$Server$ProtoBufRpcInvoker.call(ProtobufRpcEngine.java:524)
	at org.apache.hadoop.ipc.RPC$Server.call(RPC.java:1025)
	at org.apache.hadoop.ipc.Server$RpcCall.run(Server.java:876)
	at org.apache.hadoop.ipc.Server$RpcCall.run(Server.java:822)
	at java.security.AccessController.doPrivileged(Native Method)
	at javax.security.auth.Subject.doAs(Subject.java:422)
	at org.apache.hadoop.security.UserGroupInformation.doAs(UserGroupInformation.java:1730)
	at org.apache.hadoop.ipc.Server$Handler.run(Server.java:2682)
2019-08-23 07:09:45,300 [IPC Server handler 17 on 44840] INFO  block.BlockManagerImpl (BlockManagerImpl.java:allocateBlock(198)) - Could not find available pipeline of type:RATIS and factor:THREE even after retrying
2019-08-23 07:09:45,301 [IPC Server handler 17 on 44840] ERROR block.BlockManagerImpl (BlockManagerImpl.java:allocateBlock(222)) - Unable to allocate a block for the size: 4194304, type: RATIS, factor: THREE
2019-08-23 07:09:45,301 | INFO  | SCMAudit | user=jenkins1000 | ip=192.168.5.178 | op=ALLOCATE_BLOCK {owner=aaf04d22-10dd-4717-8862-c651bdde72cf, size=4194304, type=RATIS, factor=THREE} | ret=SUCCESS |  
2019-08-23 07:09:45,303 | ERROR | OMAudit | user=jenkins1000 | ip=127.0.0.1 | op=ALLOCATE_BLOCK {volume=vol-0-67663, bucket=bucket-0-68950, key=key-0-26970, dataSize=0, replicationType=null, replicationFactor=null, keyLocationInfo=null, clientID=102665036030476690} | ret=FAILURE | org.apache.hadoop.hdds.scm.exceptions.SCMException: Allocated 0 blocks. Requested 1 blocks
	at org.apache.hadoop.hdds.scm.protocolPB.ScmBlockLocationProtocolClientSideTranslatorPB.handleError(ScmBlockLocationProtocolClientSideTranslatorPB.java:118)
	at org.apache.hadoop.hdds.scm.protocolPB.ScmBlockLocationProtocolClientSideTranslatorPB.allocateBlock(ScmBlockLocationProtocolClientSideTranslatorPB.java:156) 
2019-08-23 07:09:45,307 [pool-282-thread-1] ERROR io.BlockOutputStreamEntryPool (BlockOutputStreamEntryPool.java:allocateBlockIfNeeded(299)) - Try to allocate more blocks for write failed, already allocated 0 blocks for this write.
INTERNAL_ERROR org.apache.hadoop.ozone.om.exceptions.OMException: Allocated 0 blocks. Requested 1 blocks
	at org.apache.hadoop.ozone.om.protocolPB.OzoneManagerProtocolClientSideTranslatorPB.handleError(OzoneManagerProtocolClientSideTranslatorPB.java:725)
	at org.apache.hadoop.ozone.om.protocolPB.OzoneManagerProtocolClientSideTranslatorPB.allocateBlock(OzoneManagerProtocolClientSideTranslatorPB.java:757)
	at org.apache.hadoop.ozone.client.io.BlockOutputStreamEntryPool.allocateNewBlock(BlockOutputStreamEntryPool.java:248)
	at org.apache.hadoop.ozone.client.io.BlockOutputStreamEntryPool.allocateBlockIfNeeded(BlockOutputStreamEntryPool.java:296)
	at org.apache.hadoop.ozone.client.io.KeyOutputStream.handleWrite(KeyOutputStream.java:201)
	at org.apache.hadoop.ozone.client.io.KeyOutputStream.handleRetry(KeyOutputStream.java:376)
	at org.apache.hadoop.ozone.client.io.KeyOutputStream.handleException(KeyOutputStream.java:325)
	at org.apache.hadoop.ozone.client.io.KeyOutputStream.handleFlushOrClose(KeyOutputStream.java:448)
	at org.apache.hadoop.ozone.client.io.KeyOutputStream.handleWrite(KeyOutputStream.java:235)
	at org.apache.hadoop.ozone.client.io.KeyOutputStream.write(KeyOutputStream.java:193)
	at org.apache.hadoop.ozone.client.io.OzoneOutputStream.write(OzoneOutputStream.java:49)
	at org.apache.hadoop.ozone.freon.RandomKeyGenerator.createKey(RandomKeyGenerator.java:699)
	at org.apache.hadoop.ozone.freon.RandomKeyGenerator.access$1100(RandomKeyGenerator.java:87)
	at org.apache.hadoop.ozone.freon.RandomKeyGenerator$ObjectCreator.run(RandomKeyGenerator.java:606)
	at java.util.concurrent.Executors$RunnableAdapter.call(Executors.java:511)
	at java.util.concurrent.FutureTask.run(FutureTask.java:266)
	at java.util.concurrent.ThreadPoolExecutor.runWorker(ThreadPoolExecutor.java:1149)
	at java.util.concurrent.ThreadPoolExecutor$Worker.run(ThreadPoolExecutor.java:624)
	at java.lang.Thread.run(Thread.java:748)
2019-08-23 07:09:45,309 [pool-282-thread-1] ERROR freon.RandomKeyGenerator (RandomKeyGenerator.java:createKey(724)) - Exception while adding key: key-0-26970 in bucket: bucket-0-68950 of volume: vol-0-67663.
INTERNAL_ERROR org.apache.hadoop.ozone.om.exceptions.OMException: Allocated 0 blocks. Requested 1 blocks
	at org.apache.hadoop.ozone.om.protocolPB.OzoneManagerProtocolClientSideTranslatorPB.handleError(OzoneManagerProtocolClientSideTranslatorPB.java:725)
	at org.apache.hadoop.ozone.om.protocolPB.OzoneManagerProtocolClientSideTranslatorPB.allocateBlock(OzoneManagerProtocolClientSideTranslatorPB.java:757)
	at org.apache.hadoop.ozone.client.io.BlockOutputStreamEntryPool.allocateNewBlock(BlockOutputStreamEntryPool.java:248)
	at org.apache.hadoop.ozone.client.io.BlockOutputStreamEntryPool.allocateBlockIfNeeded(BlockOutputStreamEntryPool.java:296)
	at org.apache.hadoop.ozone.client.io.KeyOutputStream.handleWrite(KeyOutputStream.java:201)
	at org.apache.hadoop.ozone.client.io.KeyOutputStream.handleRetry(KeyOutputStream.java:376)
	at org.apache.hadoop.ozone.client.io.KeyOutputStream.handleException(KeyOutputStream.java:325)
	at org.apache.hadoop.ozone.client.io.KeyOutputStream.handleFlushOrClose(KeyOutputStream.java:448)
	at org.apache.hadoop.ozone.client.io.KeyOutputStream.handleWrite(KeyOutputStream.java:235)
	at org.apache.hadoop.ozone.client.io.KeyOutputStream.write(KeyOutputStream.java:193)
	at org.apache.hadoop.ozone.client.io.OzoneOutputStream.write(OzoneOutputStream.java:49)
	at org.apache.hadoop.ozone.freon.RandomKeyGenerator.createKey(RandomKeyGenerator.java:699)
	at org.apache.hadoop.ozone.freon.RandomKeyGenerator.access$1100(RandomKeyGenerator.java:87)
	at org.apache.hadoop.ozone.freon.RandomKeyGenerator$ObjectCreator.run(RandomKeyGenerator.java:606)
	at java.util.concurrent.Executors$RunnableAdapter.call(Executors.java:511)
	at java.util.concurrent.FutureTask.run(FutureTask.java:266)
	at java.util.concurrent.ThreadPoolExecutor.runWorker(ThreadPoolExecutor.java:1149)
	at java.util.concurrent.ThreadPoolExecutor$Worker.run(ThreadPoolExecutor.java:624)
	at java.lang.Thread.run(Thread.java:748)
2019-08-23 07:09:45,614 [grpc-default-executor-6] WARN  server.GrpcLogAppender (GrpcLogAppender.java:onNextImpl(250)) - org.apache.ratis.grpc.server.GrpcLogAppender$AppendLogResponseHandler@2e167af4: Request not found, ignoring reply: f2ba01fc-a63e-4348-bd18-030b60a135e7<-a4f67574-9018-43e7-8a54-351e98dc3d0a#5944:OK,SUCCESS,nextIndex:5935,term:1,followerCommit:5932
2019-08-23 07:09:45,615 [grpc-default-executor-4] WARN  server.GrpcLogAppender (GrpcLogAppender.java:onNextImpl(250)) - org.apache.ratis.grpc.server.GrpcLogAppender$AppendLogResponseHandler@eb107f9: Request not found, ignoring reply: f2ba01fc-a63e-4348-bd18-030b60a135e7<-eab135d4-a257-4705-b491-6c056b8c5df7#5944:OK,SUCCESS,nextIndex:5935,term:1,followerCommit:5932
2019-08-23 07:09:45,615 [grpc-default-executor-6] WARN  server.GrpcLogAppender (GrpcLogAppender.java:onNextImpl(250)) - org.apache.ratis.grpc.server.GrpcLogAppender$AppendLogResponseHandler@2e167af4: Request not found, ignoring reply: f2ba01fc-a63e-4348-bd18-030b60a135e7<-a4f67574-9018-43e7-8a54-351e98dc3d0a#5945:OK,SUCCESS,nextIndex:5935,term:1,followerCommit:5932
2019-08-23 07:09:45,615 [grpc-default-executor-4] WARN  server.GrpcLogAppender (GrpcLogAppender.java:onNextImpl(250)) - org.apache.ratis.grpc.server.GrpcLogAppender$AppendLogResponseHandler@eb107f9: Request not found, ignoring reply: f2ba01fc-a63e-4348-bd18-030b60a135e7<-eab135d4-a257-4705-b491-6c056b8c5df7#5945:OK,SUCCESS,nextIndex:5935,term:1,followerCommit:5932
2019-08-23 07:09:45,615 [grpc-default-executor-6] WARN  server.GrpcLogAppender (GrpcLogAppender.java:onNextImpl(250)) - org.apache.ratis.grpc.server.GrpcLogAppender$AppendLogResponseHandler@2e167af4: Request not found, ignoring reply: f2ba01fc-a63e-4348-bd18-030b60a135e7<-a4f67574-9018-43e7-8a54-351e98dc3d0a#5946:OK,SUCCESS,nextIndex:5935,term:1,followerCommit:5932
2019-08-23 07:09:45,615 [grpc-default-executor-4] WARN  server.GrpcLogAppender (GrpcLogAppender.java:onNextImpl(250)) - org.apache.ratis.grpc.server.GrpcLogAppender$AppendLogResponseHandler@eb107f9: Request not found, ignoring reply: f2ba01fc-a63e-4348-bd18-030b60a135e7<-eab135d4-a257-4705-b491-6c056b8c5df7#5946:OK,SUCCESS,nextIndex:5935,term:1,followerCommit:5932
2019-08-23 07:09:45,616 [grpc-default-executor-6] INFO  client.GrpcClientProtocolClient (GrpcClientProtocolClient.java:onNext(255)) - client-D91E5D1E15CE->f2ba01fc-a63e-4348-bd18-030b60a135e7: receive RaftClientReply:client-D91E5D1E15CE->f2ba01fc-a63e-4348-bd18-030b60a135e7@group-C8C62FEF0626, cid=3918, SUCCESS, logIndex=0, commits[f2ba01fc-a63e-4348-bd18-030b60a135e7:c5932, eab135d4-a257-4705-b491-6c056b8c5df7:c5928, a4f67574-9018-43e7-8a54-351e98dc3d0a:c5932]
2019-08-23 07:09:45,620 [grpc-default-executor-6] INFO  client.GrpcClientProtocolClient (GrpcClientProtocolClient.java:onNext(255)) - client-D91E5D1E15CE->f2ba01fc-a63e-4348-bd18-030b60a135e7: receive RaftClientReply:client-D91E5D1E15CE->f2ba01fc-a63e-4348-bd18-030b60a135e7@group-C8C62FEF0626, cid=3917, SUCCESS, logIndex=0, commits[f2ba01fc-a63e-4348-bd18-030b60a135e7:c5932, eab135d4-a257-4705-b491-6c056b8c5df7:c5932, a4f67574-9018-43e7-8a54-351e98dc3d0a:c5932]
2019-08-23 07:09:45,621 [grpc-default-executor-6] INFO  client.GrpcClientProtocolClient (GrpcClientProtocolClient.java:onNext(255)) - client-D91E5D1E15CE->f2ba01fc-a63e-4348-bd18-030b60a135e7: receive RaftClientReply:client-D91E5D1E15CE->f2ba01fc-a63e-4348-bd18-030b60a135e7@group-C8C62FEF0626, cid=3918, SUCCESS, logIndex=0, commits[f2ba01fc-a63e-4348-bd18-030b60a135e7:c5932, eab135d4-a257-4705-b491-6c056b8c5df7:c5932, a4f67574-9018-43e7-8a54-351e98dc3d0a:c5932]
2019-08-23 07:09:45,621 [grpc-default-executor-6] INFO  client.GrpcClientProtocolClient (GrpcClientProtocolClient.java:onNext(255)) - client-D91E5D1E15CE->f2ba01fc-a63e-4348-bd18-030b60a135e7: receive RaftClientReply:client-D91E5D1E15CE->f2ba01fc-a63e-4348-bd18-030b60a135e7@group-C8C62FEF0626, cid=3917, SUCCESS, logIndex=0, commits[f2ba01fc-a63e-4348-bd18-030b60a135e7:c5932, eab135d4-a257-4705-b491-6c056b8c5df7:c5932, a4f67574-9018-43e7-8a54-351e98dc3d0a:c5932]
2019-08-23 07:09:45,621 [grpc-default-executor-6] INFO  client.GrpcClientProtocolClient (GrpcClientProtocolClient.java:onNext(255)) - client-D91E5D1E15CE->f2ba01fc-a63e-4348-bd18-030b60a135e7: receive RaftClientReply:client-D91E5D1E15CE->f2ba01fc-a63e-4348-bd18-030b60a135e7@group-C8C62FEF0626, cid=3917, SUCCESS, logIndex=0, commits[f2ba01fc-a63e-4348-bd18-030b60a135e7:c5934, eab135d4-a257-4705-b491-6c056b8c5df7:c5932, a4f67574-9018-43e7-8a54-351e98dc3d0a:c5932]
2019-08-23 07:09:45,751 | INFO  | SCMAudit | user=jenkins1000 | ip=192.168.5.178 | op=SEND_HEARTBEAT {datanodeUUID=5c311bc2-cc7c-45de-998f-f79499d85d4e, command=[]} | ret=SUCCESS |  
2019-08-23 07:09:45,751 | INFO  | SCMAudit | user=jenkins1000 | ip=192.168.5.178 | op=SEND_HEARTBEAT {datanodeUUID=b7d3ecaa-ab76-49a0-b691-40b7e1ed625a, command=[]} | ret=SUCCESS |  
 0.00% |█                                                                                                    |  0/1 Time: 0:00:562019-08-23 07:09:45,914 | INFO  | SCMAudit | user=jenkins1000 | ip=192.168.5.178 | op=SEND_HEARTBEAT {datanodeUUID=a4f67574-9018-43e7-8a54-351e98dc3d0a, command=[]} | ret=SUCCESS |  
2019-08-23 07:09:45,914 | INFO  | SCMAudit | user=jenkins1000 | ip=192.168.5.178 | op=SEND_HEARTBEAT {datanodeUUID=eab135d4-a257-4705-b491-6c056b8c5df7, command=[]} | ret=SUCCESS |  
2019-08-23 07:09:45,917 | INFO  | SCMAudit | user=jenkins1000 | ip=192.168.5.178 | op=SEND_HEARTBEAT {datanodeUUID=f2ba01fc-a63e-4348-bd18-030b60a135e7, command=[]} | ret=SUCCESS |  
2019-08-23 07:09:46,751 | INFO  | SCMAudit | user=jenkins1000 | ip=192.168.5.178 | op=SEND_HEARTBEAT {datanodeUUID=b7d3ecaa-ab76-49a0-b691-40b7e1ed625a, command=[]} | ret=SUCCESS |  
2019-08-23 07:09:46,751 | INFO  | SCMAudit | user=jenkins1000 | ip=192.168.5.178 | op=SEND_HEARTBEAT {datanodeUUID=5c311bc2-cc7c-45de-998f-f79499d85d4e, command=[]} | ret=SUCCESS |  
 0.00% |█                                                                                                    |  0/1 Time: 0:00:572019-08-23 07:09:46,914 | INFO  | SCMAudit | user=jenkins1000 | ip=192.168.5.178 | op=SEND_HEARTBEAT {datanodeUUID=a4f67574-9018-43e7-8a54-351e98dc3d0a, command=[]} | ret=SUCCESS |  
2019-08-23 07:09:46,914 | INFO  | SCMAudit | user=jenkins1000 | ip=192.168.5.178 | op=SEND_HEARTBEAT {datanodeUUID=eab135d4-a257-4705-b491-6c056b8c5df7, command=[]} | ret=SUCCESS |  
2019-08-23 07:09:46,918 | INFO  | SCMAudit | user=jenkins1000 | ip=192.168.5.178 | op=SEND_HEARTBEAT {datanodeUUID=f2ba01fc-a63e-4348-bd18-030b60a135e7, command=[]} | ret=SUCCESS |  
2019-08-23 07:09:47,751 | INFO  | SCMAudit | user=jenkins1000 | ip=192.168.5.178 | op=SEND_HEARTBEAT {datanodeUUID=b7d3ecaa-ab76-49a0-b691-40b7e1ed625a, command=[]} | ret=SUCCESS |  
2019-08-23 07:09:47,752 | INFO  | SCMAudit | user=jenkins1000 | ip=192.168.5.178 | op=SEND_HEARTBEAT {datanodeUUID=5c311bc2-cc7c-45de-998f-f79499d85d4e, command=[]} | ret=SUCCESS |  
 0.00% |█                                                                                                    |  0/1 Time: 0:00:582019-08-23 07:09:47,914 | INFO  | SCMAudit | user=jenkins1000 | ip=192.168.5.178 | op=SEND_HEARTBEAT {datanodeUUID=eab135d4-a257-4705-b491-6c056b8c5df7, command=[]} | ret=SUCCESS |  
2019-08-23 07:09:47,914 | INFO  | SCMAudit | user=jenkins1000 | ip=192.168.5.178 | op=SEND_HEARTBEAT {datanodeUUID=a4f67574-9018-43e7-8a54-351e98dc3d0a, command=[]} | ret=SUCCESS |  
2019-08-23 07:09:47,919 | INFO  | SCMAudit | user=jenkins1000 | ip=192.168.5.178 | op=SEND_HEARTBEAT {datanodeUUID=f2ba01fc-a63e-4348-bd18-030b60a135e7, command=[]} | ret=SUCCESS |  
2019-08-23 07:09:48,751 | INFO  | SCMAudit | user=jenkins1000 | ip=192.168.5.178 | op=SEND_HEARTBEAT {datanodeUUID=5c311bc2-cc7c-45de-998f-f79499d85d4e, command=[]} | ret=SUCCESS |  
2019-08-23 07:09:48,751 | INFO  | SCMAudit | user=jenkins1000 | ip=192.168.5.178 | op=SEND_HEARTBEAT {datanodeUUID=b7d3ecaa-ab76-49a0-b691-40b7e1ed625a, command=[]} | ret=SUCCESS |  
 0.00% |█                                                                                                    |  0/1 Time: 0:00:592019-08-23 07:09:48,914 | INFO  | SCMAudit | user=jenkins1000 | ip=192.168.5.178 | op=SEND_HEARTBEAT {datanodeUUID=a4f67574-9018-43e7-8a54-351e98dc3d0a, command=[]} | ret=SUCCESS |  
2019-08-23 07:09:48,914 | INFO  | SCMAudit | user=jenkins1000 | ip=192.168.5.178 | op=SEND_HEARTBEAT {datanodeUUID=eab135d4-a257-4705-b491-6c056b8c5df7, command=[]} | ret=SUCCESS |  
2019-08-23 07:09:48,919 | INFO  | SCMAudit | user=jenkins1000 | ip=192.168.5.178 | op=SEND_HEARTBEAT {datanodeUUID=f2ba01fc-a63e-4348-bd18-030b60a135e7, command=[]} | ret=SUCCESS |  
2019-08-23 07:09:49,751 | INFO  | SCMAudit | user=jenkins1000 | ip=192.168.5.178 | op=SEND_HEARTBEAT {datanodeUUID=5c311bc2-cc7c-45de-998f-f79499d85d4e, command=[]} | ret=SUCCESS |  
2019-08-23 07:09:49,751 | INFO  | SCMAudit | user=jenkins1000 | ip=192.168.5.178 | op=SEND_HEARTBEAT {datanodeUUID=b7d3ecaa-ab76-49a0-b691-40b7e1ed625a, command=[]} | ret=SUCCESS |  
 100.00% |█████████████████████████████████████████████████████████████████████████████████████████████████████|  1/1 Time: 0:01:00
2019-08-23 07:09:49,914 | INFO  | SCMAudit | user=jenkins1000 | ip=192.168.5.178 | op=SEND_HEARTBEAT {datanodeUUID=a4f67574-9018-43e7-8a54-351e98dc3d0a, command=[]} | ret=SUCCESS |  
2019-08-23 07:09:49,915 | INFO  | SCMAudit | user=jenkins1000 | ip=192.168.5.178 | op=SEND_HEARTBEAT {datanodeUUID=eab135d4-a257-4705-b491-6c056b8c5df7, command=[]} | ret=SUCCESS |  
2019-08-23 07:09:49,919 | INFO  | SCMAudit | user=jenkins1000 | ip=192.168.5.178 | op=SEND_HEARTBEAT {datanodeUUID=f2ba01fc-a63e-4348-bd18-030b60a135e7, command=[]} | ret=SUCCESS |  
2019-08-23 07:09:50,751 | INFO  | SCMAudit | user=jenkins1000 | ip=192.168.5.178 | op=SEND_HEARTBEAT {datanodeUUID=5c311bc2-cc7c-45de-998f-f79499d85d4e, command=[]} | ret=SUCCESS |  
2019-08-23 07:09:50,751 | INFO  | SCMAudit | user=jenkins1000 | ip=192.168.5.178 | op=SEND_HEARTBEAT {datanodeUUID=b7d3ecaa-ab76-49a0-b691-40b7e1ed625a, command=[]} | ret=SUCCESS |  
2019-08-23 07:09:50,915 | INFO  | SCMAudit | user=jenkins1000 | ip=192.168.5.178 | op=SEND_HEARTBEAT {datanodeUUID=a4f67574-9018-43e7-8a54-351e98dc3d0a, command=[]} | ret=SUCCESS |  
2019-08-23 07:09:50,915 | INFO  | SCMAudit | user=jenkins1000 | ip=192.168.5.178 | op=SEND_HEARTBEAT {datanodeUUID=eab135d4-a257-4705-b491-6c056b8c5df7, command=[]} | ret=SUCCESS |  
2019-08-23 07:09:50,918 | INFO  | SCMAudit | user=jenkins1000 | ip=192.168.5.178 | op=SEND_HEARTBEAT {datanodeUUID=f2ba01fc-a63e-4348-bd18-030b60a135e7, command=[]} | ret=SUCCESS |  
2019-08-23 07:09:51,751 | INFO  | SCMAudit | user=jenkins1000 | ip=192.168.5.178 | op=SEND_HEARTBEAT {datanodeUUID=5c311bc2-cc7c-45de-998f-f79499d85d4e, command=[]} | ret=SUCCESS |  
2019-08-23 07:09:51,751 | INFO  | SCMAudit | user=jenkins1000 | ip=192.168.5.178 | op=SEND_HEARTBEAT {datanodeUUID=b7d3ecaa-ab76-49a0-b691-40b7e1ed625a, command=[]} | ret=SUCCESS |  
2019-08-23 07:09:51,915 | INFO  | SCMAudit | user=jenkins1000 | ip=192.168.5.178 | op=SEND_HEARTBEAT {datanodeUUID=a4f67574-9018-43e7-8a54-351e98dc3d0a, command=[]} | ret=SUCCESS |  
2019-08-23 07:09:51,915 | INFO  | SCMAudit | user=jenkins1000 | ip=192.168.5.178 | op=SEND_HEARTBEAT {datanodeUUID=eab135d4-a257-4705-b491-6c056b8c5df7, command=[]} | ret=SUCCESS |  
2019-08-23 07:09:51,919 | INFO  | SCMAudit | user=jenkins1000 | ip=192.168.5.178 | op=SEND_HEARTBEAT {datanodeUUID=f2ba01fc-a63e-4348-bd18-030b60a135e7, command=[]} | ret=SUCCESS |  
2019-08-23 07:09:52,751 | INFO  | SCMAudit | user=jenkins1000 | ip=192.168.5.178 | op=SEND_HEARTBEAT {datanodeUUID=5c311bc2-cc7c-45de-998f-f79499d85d4e, command=[]} | ret=SUCCESS |  
2019-08-23 07:09:52,751 | INFO  | SCMAudit | user=jenkins1000 | ip=192.168.5.178 | op=SEND_HEARTBEAT {datanodeUUID=b7d3ecaa-ab76-49a0-b691-40b7e1ed625a, command=[]} | ret=SUCCESS |  
2019-08-23 07:09:52,915 | INFO  | SCMAudit | user=jenkins1000 | ip=192.168.5.178 | op=SEND_HEARTBEAT {datanodeUUID=eab135d4-a257-4705-b491-6c056b8c5df7, command=[]} | ret=SUCCESS |  
2019-08-23 07:09:52,915 | INFO  | SCMAudit | user=jenkins1000 | ip=192.168.5.178 | op=SEND_HEARTBEAT {datanodeUUID=a4f67574-9018-43e7-8a54-351e98dc3d0a, command=[]} | ret=SUCCESS |  
2019-08-23 07:09:52,920 | INFO  | SCMAudit | user=jenkins1000 | ip=192.168.5.178 | op=SEND_HEARTBEAT {datanodeUUID=f2ba01fc-a63e-4348-bd18-030b60a135e7, command=[]} | ret=SUCCESS |  
2019-08-23 07:09:53,751 | INFO  | SCMAudit | user=jenkins1000 | ip=192.168.5.178 | op=SEND_HEARTBEAT {datanodeUUID=5c311bc2-cc7c-45de-998f-f79499d85d4e, command=[]} | ret=SUCCESS |  
2019-08-23 07:09:53,751 | INFO  | SCMAudit | user=jenkins1000 | ip=192.168.5.178 | op=SEND_HEARTBEAT {datanodeUUID=b7d3ecaa-ab76-49a0-b691-40b7e1ed625a, command=[]} | ret=SUCCESS |  
2019-08-23 07:09:53,915 | INFO  | SCMAudit | user=jenkins1000 | ip=192.168.5.178 | op=SEND_HEARTBEAT {datanodeUUID=eab135d4-a257-4705-b491-6c056b8c5df7, command=[]} | ret=SUCCESS |  
2019-08-23 07:09:53,915 | INFO  | SCMAudit | user=jenkins1000 | ip=192.168.5.178 | op=SEND_HEARTBEAT {datanodeUUID=a4f67574-9018-43e7-8a54-351e98dc3d0a, command=[]} | ret=SUCCESS |  
2019-08-23 07:09:53,920 | INFO  | SCMAudit | user=jenkins1000 | ip=192.168.5.178 | op=SEND_HEARTBEAT {datanodeUUID=f2ba01fc-a63e-4348-bd18-030b60a135e7, command=[]} | ret=SUCCESS |  
]]></system-out>
  </testcase>
  <testcase name="fileWithSizeZero" classname="org.apache.hadoop.ozone.freon.TestRandomKeyGenerator" time="5.047"/>
  <testcase name="multiThread" classname="org.apache.hadoop.ozone.freon.TestRandomKeyGenerator" time="5.025"/>
</testsuite>