<?xml version="1.0" encoding="UTF-8"?>
<testsuite xmlns:xsi="http://www.w3.org/2001/XMLSchema-instance" xsi:noNamespaceSchemaLocation="https://maven.apache.org/surefire/maven-surefire-plugin/xsd/surefire-test-report.xsd" name="org.apache.hadoop.ozone.freon.TestRandomKeyGenerator" time="127.564" tests="6" errors="1" skipped="0" failures="0">
  <properties>
    <property name="awt.toolkit" value="sun.awt.X11.XToolkit"/>
    <property name="file.encoding.pkg" value="sun.io"/>
    <property name="java.specification.version" value="1.8"/>
    <property name="sun.cpu.isalist" value=""/>
    <property name="sun.jnu.encoding" value="UTF-8"/>
    <property name="java.class.path" value="/workdir/hadoop-ozone/tools/target/test-classes:/workdir/hadoop-ozone/tools/target/classes:/home/user/.m2/repository/org/apache/hadoop/hadoop-ozone-ozone-manager/0.5.0-SNAPSHOT/hadoop-ozone-ozone-manager-0.5.0-SNAPSHOT.jar:/home/user/.m2/repository/org/apache/hadoop/hadoop-hdds-docs/0.5.0-SNAPSHOT/hadoop-hdds-docs-0.5.0-SNAPSHOT.jar:/home/user/.m2/repository/org/bouncycastle/bcprov-jdk15on/1.60/bcprov-jdk15on-1.60.jar:/home/user/.m2/repository/org/apache/hadoop/hadoop-ozone-common/0.5.0-SNAPSHOT/hadoop-ozone-common-0.5.0-SNAPSHOT.jar:/home/user/.m2/repository/org/apache/commons/commons-compress/1.4.1/commons-compress-1.4.1.jar:/home/user/.m2/repository/org/tukaani/xz/1.0/xz-1.0.jar:/home/user/.m2/repository/org/apache/hadoop/hadoop-hdfs-client/3.2.0/hadoop-hdfs-client-3.2.0.jar:/home/user/.m2/repository/com/fasterxml/jackson/core/jackson-annotations/2.9.5/jackson-annotations-2.9.5.jar:/home/user/.m2/repository/org/apache/hadoop/hadoop-hdds-common/0.5.0-SNAPSHOT/hadoop-hdds-common-0.5.0-SNAPSHOT.jar:/home/user/.m2/repository/org/apache/hadoop/hadoop-hdds-config/0.5.0-SNAPSHOT/hadoop-hdds-config-0.5.0-SNAPSHOT.jar:/home/user/.m2/repository/javax/annotation/javax.annotation-api/1.2/javax.annotation-api-1.2.jar:/home/user/.m2/repository/org/apache/ratis/ratis-server/0.4.0-2337318-SNAPSHOT/ratis-server-0.4.0-2337318-SNAPSHOT.jar:/home/user/.m2/repository/org/apache/ratis/ratis-thirdparty-misc/0.2.0/ratis-thirdparty-misc-0.2.0.jar:/home/user/.m2/repository/org/apache/ratis/ratis-proto/0.4.0-2337318-SNAPSHOT/ratis-proto-0.4.0-2337318-SNAPSHOT.jar:/home/user/.m2/repository/org/apache/ratis/ratis-common/0.4.0-2337318-SNAPSHOT/ratis-common-0.4.0-2337318-SNAPSHOT.jar:/home/user/.m2/repository/org/apache/ratis/ratis-client/0.4.0-2337318-SNAPSHOT/ratis-client-0.4.0-2337318-SNAPSHOT.jar:/home/user/.m2/repository/org/apache/ratis/ratis-metrics/0.4.0-2337318-SNAPSHOT/ratis-metrics-0.4.0-2337318-SNAPSHOT.jar:/home/user/.m2/repository/org/apache/ratis/ratis-netty/0.4.0-2337318-SNAPSHOT/ratis-netty-0.4.0-2337318-SNAPSHOT.jar:/home/user/.m2/repository/org/apache/ratis/ratis-grpc/0.4.0-2337318-SNAPSHOT/ratis-grpc-0.4.0-2337318-SNAPSHOT.jar:/home/user/.m2/repository/org/rocksdb/rocksdbjni/6.0.1/rocksdbjni-6.0.1.jar:/home/user/.m2/repository/org/apache/logging/log4j/log4j-api/2.11.0/log4j-api-2.11.0.jar:/home/user/.m2/repository/org/apache/logging/log4j/log4j-core/2.11.0/log4j-core-2.11.0.jar:/home/user/.m2/repository/com/lmax/disruptor/3.4.2/disruptor-3.4.2.jar:/home/user/.m2/repository/org/apache/commons/commons-pool2/2.6.0/commons-pool2-2.6.0.jar:/home/user/.m2/repository/org/bouncycastle/bcpkix-jdk15on/1.60/bcpkix-jdk15on-1.60.jar:/home/user/.m2/repository/commons-validator/commons-validator/1.6/commons-validator-1.6.jar:/home/user/.m2/repository/commons-digester/commons-digester/1.8.1/commons-digester-1.8.1.jar:/home/user/.m2/repository/io/jaegertracing/jaeger-client/0.33.1/jaeger-client-0.33.1.jar:/home/user/.m2/repository/io/jaegertracing/jaeger-thrift/0.33.1/jaeger-thrift-0.33.1.jar:/home/user/.m2/repository/org/apache/thrift/libthrift/0.11.0/libthrift-0.11.0.jar:/home/user/.m2/repository/com/squareup/okhttp3/okhttp/3.9.0/okhttp-3.9.0.jar:/home/user/.m2/repository/com/squareup/okio/okio/1.13.0/okio-1.13.0.jar:/home/user/.m2/repository/io/jaegertracing/jaeger-core/0.33.1/jaeger-core-0.33.1.jar:/home/user/.m2/repository/io/jaegertracing/jaeger-tracerresolver/0.33.1/jaeger-tracerresolver-0.33.1.jar:/home/user/.m2/repository/io/opentracing/contrib/opentracing-tracerresolver/0.1.5/opentracing-tracerresolver-0.1.5.jar:/home/user/.m2/repository/io/opentracing/opentracing-util/0.31.0/opentracing-util-0.31.0.jar:/home/user/.m2/repository/io/opentracing/opentracing-api/0.31.0/opentracing-api-0.31.0.jar:/home/user/.m2/repository/io/opentracing/opentracing-noop/0.31.0/opentracing-noop-0.31.0.jar:/home/user/.m2/repository/org/yaml/snakeyaml/1.16/snakeyaml-1.16.jar:/home/user/.m2/repository/org/apache/hadoop/hadoop-hdds-container-service/0.5.0-SNAPSHOT/hadoop-hdds-container-service-0.5.0-SNAPSHOT.jar:/home/user/.m2/repository/org/apache/hadoop/hadoop-hdds-client/0.5.0-SNAPSHOT/hadoop-hdds-client-0.5.0-SNAPSHOT.jar:/home/user/.m2/repository/org/apache/hadoop/hadoop-hdds-tools/0.5.0-SNAPSHOT/hadoop-hdds-tools-0.5.0-SNAPSHOT.jar:/home/user/.m2/repository/org/xerial/sqlite-jdbc/3.25.2/sqlite-jdbc-3.25.2.jar:/home/user/.m2/repository/org/apache/hadoop/hadoop-hdds-server-scm/0.5.0-SNAPSHOT/hadoop-hdds-server-scm-0.5.0-SNAPSHOT.jar:/home/user/.m2/repository/org/hamcrest/hamcrest-all/1.3/hamcrest-all-1.3.jar:/home/user/.m2/repository/info/picocli/picocli/3.9.6/picocli-3.9.6.jar:/home/user/.m2/repository/com/google/protobuf/protobuf-java/2.5.0/protobuf-java-2.5.0.jar:/home/user/.m2/repository/com/google/guava/guava/11.0.2/guava-11.0.2.jar:/home/user/.m2/repository/org/apache/hadoop/hadoop-ozone-client/0.5.0-SNAPSHOT/hadoop-ozone-client-0.5.0-SNAPSHOT.jar:/workdir/hadoop-ozone/ozonefs/target/classes:/home/user/.m2/repository/org/apache/hadoop/hadoop-hdds-server-framework/0.5.0-SNAPSHOT/hadoop-hdds-server-framework-0.5.0-SNAPSHOT.jar:/home/user/.m2/repository/org/apache/hadoop/hadoop-common/3.2.0/hadoop-common-3.2.0.jar:/home/user/.m2/repository/org/apache/hadoop/hadoop-annotations/3.2.0/hadoop-annotations-3.2.0.jar:/usr/lib/jvm/java-1.8-openjdk/jre/../lib/tools.jar:/home/user/.m2/repository/commons-cli/commons-cli/1.2/commons-cli-1.2.jar:/home/user/.m2/repository/org/apache/commons/commons-math3/3.1.1/commons-math3-3.1.1.jar:/home/user/.m2/repository/org/apache/httpcomponents/httpclient/4.5.2/httpclient-4.5.2.jar:/home/user/.m2/repository/org/apache/httpcomponents/httpcore/4.4.4/httpcore-4.4.4.jar:/home/user/.m2/repository/commons-codec/commons-codec/1.11/commons-codec-1.11.jar:/home/user/.m2/repository/commons-io/commons-io/2.5/commons-io-2.5.jar:/home/user/.m2/repository/commons-net/commons-net/3.6/commons-net-3.6.jar:/home/user/.m2/repository/commons-collections/commons-collections/3.2.2/commons-collections-3.2.2.jar:/home/user/.m2/repository/javax/servlet/javax.servlet-api/3.1.0/javax.servlet-api-3.1.0.jar:/home/user/.m2/repository/org/eclipse/jetty/jetty-server/9.3.24.v20180605/jetty-server-9.3.24.v20180605.jar:/home/user/.m2/repository/org/eclipse/jetty/jetty-http/9.3.24.v20180605/jetty-http-9.3.24.v20180605.jar:/home/user/.m2/repository/org/eclipse/jetty/jetty-io/9.3.24.v20180605/jetty-io-9.3.24.v20180605.jar:/home/user/.m2/repository/org/eclipse/jetty/jetty-util/9.3.24.v20180605/jetty-util-9.3.24.v20180605.jar:/home/user/.m2/repository/org/eclipse/jetty/jetty-servlet/9.3.24.v20180605/jetty-servlet-9.3.24.v20180605.jar:/home/user/.m2/repository/org/eclipse/jetty/jetty-security/9.3.24.v20180605/jetty-security-9.3.24.v20180605.jar:/home/user/.m2/repository/org/eclipse/jetty/jetty-webapp/9.3.24.v20180605/jetty-webapp-9.3.24.v20180605.jar:/home/user/.m2/repository/org/eclipse/jetty/jetty-xml/9.3.24.v20180605/jetty-xml-9.3.24.v20180605.jar:/home/user/.m2/repository/javax/servlet/jsp/jsp-api/2.1/jsp-api-2.1.jar:/home/user/.m2/repository/com/sun/jersey/jersey-core/1.19/jersey-core-1.19.jar:/home/user/.m2/repository/javax/ws/rs/jsr311-api/1.1.1/jsr311-api-1.1.1.jar:/home/user/.m2/repository/com/sun/jersey/jersey-servlet/1.19/jersey-servlet-1.19.jar:/home/user/.m2/repository/com/sun/jersey/jersey-json/1.19/jersey-json-1.19.jar:/home/user/.m2/repository/org/codehaus/jettison/jettison/1.1/jettison-1.1.jar:/home/user/.m2/repository/com/sun/xml/bind/jaxb-impl/2.3.0.1/jaxb-impl-2.3.0.1.jar:/home/user/.m2/repository/org/codehaus/jackson/jackson-core-asl/1.9.13/jackson-core-asl-1.9.13.jar:/home/user/.m2/repository/org/codehaus/jackson/jackson-mapper-asl/1.9.13/jackson-mapper-asl-1.9.13.jar:/home/user/.m2/repository/org/codehaus/jackson/jackson-jaxrs/1.9.13/jackson-jaxrs-1.9.13.jar:/home/user/.m2/repository/org/codehaus/jackson/jackson-xc/1.9.13/jackson-xc-1.9.13.jar:/home/user/.m2/repository/com/sun/jersey/jersey-server/1.19/jersey-server-1.19.jar:/home/user/.m2/repository/commons-logging/commons-logging/1.1.3/commons-logging-1.1.3.jar:/home/user/.m2/repository/log4j/log4j/1.2.17/log4j-1.2.17.jar:/home/user/.m2/repository/commons-beanutils/commons-beanutils/1.9.3/commons-beanutils-1.9.3.jar:/home/user/.m2/repository/org/apache/commons/commons-configuration2/2.1.1/commons-configuration2-2.1.1.jar:/home/user/.m2/repository/org/apache/commons/commons-lang3/3.7/commons-lang3-3.7.jar:/home/user/.m2/repository/org/apache/commons/commons-text/1.4/commons-text-1.4.jar:/home/user/.m2/repository/org/slf4j/slf4j-api/1.7.25/slf4j-api-1.7.25.jar:/home/user/.m2/repository/org/slf4j/slf4j-log4j12/1.7.25/slf4j-log4j12-1.7.25.jar:/home/user/.m2/repository/org/apache/avro/avro/1.7.7/avro-1.7.7.jar:/home/user/.m2/repository/com/thoughtworks/paranamer/paranamer/2.3/paranamer-2.3.jar:/home/user/.m2/repository/org/xerial/snappy/snappy-java/1.0.5/snappy-java-1.0.5.jar:/home/user/.m2/repository/com/google/re2j/re2j/1.1/re2j-1.1.jar:/home/user/.m2/repository/com/google/code/gson/gson/2.2.4/gson-2.2.4.jar:/home/user/.m2/repository/org/apache/hadoop/hadoop-auth/3.2.0/hadoop-auth-3.2.0.jar:/home/user/.m2/repository/com/nimbusds/nimbus-jose-jwt/4.41.1/nimbus-jose-jwt-4.41.1.jar:/home/user/.m2/repository/com/github/stephenc/jcip/jcip-annotations/1.0-1/jcip-annotations-1.0-1.jar:/home/user/.m2/repository/net/minidev/json-smart/2.3/json-smart-2.3.jar:/home/user/.m2/repository/net/minidev/accessors-smart/1.2/accessors-smart-1.2.jar:/home/user/.m2/repository/org/apache/curator/curator-framework/2.12.0/curator-framework-2.12.0.jar:/home/user/.m2/repository/com/jcraft/jsch/0.1.54/jsch-0.1.54.jar:/home/user/.m2/repository/org/apache/curator/curator-client/2.12.0/curator-client-2.12.0.jar:/home/user/.m2/repository/org/apache/curator/curator-recipes/2.12.0/curator-recipes-2.12.0.jar:/home/user/.m2/repository/com/google/code/findbugs/jsr305/3.0.0/jsr305-3.0.0.jar:/home/user/.m2/repository/org/apache/htrace/htrace-core4/4.1.0-incubating/htrace-core4-4.1.0-incubating.jar:/home/user/.m2/repository/org/apache/zookeeper/zookeeper/3.4.13/zookeeper-3.4.13.jar:/home/user/.m2/repository/org/apache/yetus/audience-annotations/0.5.0/audience-annotations-0.5.0.jar:/home/user/.m2/repository/org/apache/kerby/kerb-simplekdc/1.0.1/kerb-simplekdc-1.0.1.jar:/home/user/.m2/repository/org/apache/kerby/kerb-client/1.0.1/kerb-client-1.0.1.jar:/home/user/.m2/repository/org/apache/kerby/kerby-config/1.0.1/kerby-config-1.0.1.jar:/home/user/.m2/repository/org/apache/kerby/kerb-core/1.0.1/kerb-core-1.0.1.jar:/home/user/.m2/repository/org/apache/kerby/kerby-pkix/1.0.1/kerby-pkix-1.0.1.jar:/home/user/.m2/repository/org/apache/kerby/kerby-asn1/1.0.1/kerby-asn1-1.0.1.jar:/home/user/.m2/repository/org/apache/kerby/kerby-util/1.0.1/kerby-util-1.0.1.jar:/home/user/.m2/repository/org/apache/kerby/kerb-common/1.0.1/kerb-common-1.0.1.jar:/home/user/.m2/repository/org/apache/kerby/kerb-crypto/1.0.1/kerb-crypto-1.0.1.jar:/home/user/.m2/repository/org/apache/kerby/kerb-util/1.0.1/kerb-util-1.0.1.jar:/home/user/.m2/repository/org/apache/kerby/token-provider/1.0.1/token-provider-1.0.1.jar:/home/user/.m2/repository/org/apache/kerby/kerb-admin/1.0.1/kerb-admin-1.0.1.jar:/home/user/.m2/repository/org/apache/kerby/kerb-server/1.0.1/kerb-server-1.0.1.jar:/home/user/.m2/repository/org/apache/kerby/kerb-identity/1.0.1/kerb-identity-1.0.1.jar:/home/user/.m2/repository/org/apache/kerby/kerby-xdr/1.0.1/kerby-xdr-1.0.1.jar:/home/user/.m2/repository/com/fasterxml/jackson/core/jackson-databind/2.9.5/jackson-databind-2.9.5.jar:/home/user/.m2/repository/com/fasterxml/jackson/core/jackson-core/2.9.5/jackson-core-2.9.5.jar:/home/user/.m2/repository/org/codehaus/woodstox/stax2-api/3.1.4/stax2-api-3.1.4.jar:/home/user/.m2/repository/com/fasterxml/woodstox/woodstox-core/5.0.3/woodstox-core-5.0.3.jar:/home/user/.m2/repository/dnsjava/dnsjava/2.1.7/dnsjava-2.1.7.jar:/home/user/.m2/repository/org/apache/hadoop/hadoop-hdfs/3.2.0/hadoop-hdfs-3.2.0.jar:/home/user/.m2/repository/org/eclipse/jetty/jetty-util-ajax/9.3.24.v20180605/jetty-util-ajax-9.3.24.v20180605.jar:/home/user/.m2/repository/commons-daemon/commons-daemon/1.0.13/commons-daemon-1.0.13.jar:/home/user/.m2/repository/io/netty/netty/3.10.5.Final/netty-3.10.5.Final.jar:/home/user/.m2/repository/io/netty/netty-all/4.0.52.Final/netty-all-4.0.52.Final.jar:/home/user/.m2/repository/org/fusesource/leveldbjni/leveldbjni-all/1.8/leveldbjni-all-1.8.jar:/home/user/.m2/repository/com/sun/xml/bind/jaxb-core/2.3.0.1/jaxb-core-2.3.0.1.jar:/home/user/.m2/repository/javax/xml/bind/jaxb-api/2.3.0/jaxb-api-2.3.0.jar:/home/user/.m2/repository/javax/activation/activation/1.1.1/activation-1.1.1.jar:/home/user/.m2/repository/io/dropwizard/metrics/metrics-core/3.2.4/metrics-core-3.2.4.jar:/home/user/.m2/repository/org/openjdk/jmh/jmh-core/1.19/jmh-core-1.19.jar:/home/user/.m2/repository/net/sf/jopt-simple/jopt-simple/4.6/jopt-simple-4.6.jar:/home/user/.m2/repository/org/openjdk/jmh/jmh-generator-annprocess/1.19/jmh-generator-annprocess-1.19.jar:/home/user/.m2/repository/com/google/code/findbugs/findbugs/3.0.1/findbugs-3.0.1.jar:/home/user/.m2/repository/net/jcip/jcip-annotations/1.0/jcip-annotations-1.0.jar:/home/user/.m2/repository/com/google/code/findbugs/bcel-findbugs/6.0/bcel-findbugs-6.0.jar:/home/user/.m2/repository/com/google/code/findbugs/jFormatString/2.0.1/jFormatString-2.0.1.jar:/home/user/.m2/repository/dom4j/dom4j/1.6.1/dom4j-1.6.1.jar:/home/user/.m2/repository/xml-apis/xml-apis/1.0.b2/xml-apis-1.0.b2.jar:/home/user/.m2/repository/org/ow2/asm/asm-debug-all/5.0.2/asm-debug-all-5.0.2.jar:/home/user/.m2/repository/org/ow2/asm/asm-commons/5.0.2/asm-commons-5.0.2.jar:/home/user/.m2/repository/org/ow2/asm/asm-tree/5.0.2/asm-tree-5.0.2.jar:/home/user/.m2/repository/org/ow2/asm/asm/5.0.4/asm-5.0.4.jar:/home/user/.m2/repository/commons-lang/commons-lang/2.6/commons-lang-2.6.jar:/home/user/.m2/repository/com/apple/AppleJavaExtensions/1.4/AppleJavaExtensions-1.4.jar:/home/user/.m2/repository/jaxen/jaxen/1.1.6/jaxen-1.1.6.jar:/home/user/.m2/repository/junit/junit/4.11/junit-4.11.jar:/home/user/.m2/repository/org/hamcrest/hamcrest-core/1.3/hamcrest-core-1.3.jar:/home/user/.m2/repository/org/apache/hadoop/hadoop-common/3.2.0/hadoop-common-3.2.0-tests.jar:/workdir/hadoop-ozone/integration-test/target/test-classes:/home/user/.m2/repository/org/apache/hadoop/hadoop-ozone-objectstore-service/0.5.0-SNAPSHOT/hadoop-ozone-objectstore-service-0.5.0-SNAPSHOT.jar:/home/user/.m2/repository/org/apache/hadoop/hadoop-ozone-s3gateway/0.5.0-SNAPSHOT/hadoop-ozone-s3gateway-0.5.0-SNAPSHOT.jar:/home/user/.m2/repository/org/jboss/weld/servlet/weld-servlet/2.4.7.Final/weld-servlet-2.4.7.Final.jar:/home/user/.m2/repository/org/glassfish/jersey/containers/jersey-container-servlet-core/2.27/jersey-container-servlet-core-2.27.jar:/home/user/.m2/repository/org/glassfish/hk2/external/javax.inject/2.5.0-b42/javax.inject-2.5.0-b42.jar:/home/user/.m2/repository/org/glassfish/jersey/core/jersey-common/2.27/jersey-common-2.27.jar:/home/user/.m2/repository/org/glassfish/hk2/osgi-resource-locator/1.0.1/osgi-resource-locator-1.0.1.jar:/home/user/.m2/repository/javax/ws/rs/javax.ws.rs-api/2.1/javax.ws.rs-api-2.1.jar:/home/user/.m2/repository/org/glassfish/jersey/ext/cdi/jersey-cdi1x/2.27/jersey-cdi1x-2.27.jar:/home/user/.m2/repository/org/glassfish/jersey/inject/jersey-hk2/2.27/jersey-hk2-2.27.jar:/home/user/.m2/repository/org/glassfish/hk2/hk2-locator/2.5.0-b42/hk2-locator-2.5.0-b42.jar:/home/user/.m2/repository/org/javassist/javassist/3.22.0-CR2/javassist-3.22.0-CR2.jar:/home/user/.m2/repository/org/glassfish/hk2/hk2-api/2.5.0/hk2-api-2.5.0.jar:/home/user/.m2/repository/org/glassfish/hk2/external/jakarta.inject/2.5.0/jakarta.inject-2.5.0.jar:/home/user/.m2/repository/org/glassfish/hk2/hk2-utils/2.5.0/hk2-utils-2.5.0.jar:/home/user/.m2/repository/jakarta/annotation/jakarta.annotation-api/1.3.4/jakarta.annotation-api-1.3.4.jar:/home/user/.m2/repository/org/glassfish/hk2/external/aopalliance-repackaged/2.5.0/aopalliance-repackaged-2.5.0.jar:/home/user/.m2/repository/com/fasterxml/jackson/dataformat/jackson-dataformat-xml/2.9.0/jackson-dataformat-xml-2.9.0.jar:/home/user/.m2/repository/com/fasterxml/jackson/module/jackson-module-jaxb-annotations/2.9.5/jackson-module-jaxb-annotations-2.9.5.jar:/home/user/.m2/repository/javax/enterprise/cdi-api/1.2/cdi-api-1.2.jar:/home/user/.m2/repository/javax/el/javax.el-api/3.0.0/javax.el-api-3.0.0.jar:/home/user/.m2/repository/javax/interceptor/javax.interceptor-api/1.2/javax.interceptor-api-1.2.jar:/home/user/.m2/repository/javax/inject/javax.inject/1/javax.inject-1.jar:/home/user/.m2/repository/org/apache/hadoop/hadoop-ozone-csi/0.5.0-SNAPSHOT/hadoop-ozone-csi-0.5.0-SNAPSHOT.jar:/home/user/.m2/repository/com/google/protobuf/protobuf-java-util/3.5.1/protobuf-java-util-3.5.1.jar:/home/user/.m2/repository/io/grpc/grpc-netty/1.17.1/grpc-netty-1.17.1.jar:/home/user/.m2/repository/io/grpc/grpc-core/1.17.1/grpc-core-1.17.1.jar:/home/user/.m2/repository/io/grpc/grpc-context/1.17.1/grpc-context-1.17.1.jar:/home/user/.m2/repository/com/google/errorprone/error_prone_annotations/2.2.0/error_prone_annotations-2.2.0.jar:/home/user/.m2/repository/org/codehaus/mojo/animal-sniffer-annotations/1.17/animal-sniffer-annotations-1.17.jar:/home/user/.m2/repository/io/opencensus/opencensus-api/0.17.0/opencensus-api-0.17.0.jar:/home/user/.m2/repository/io/opencensus/opencensus-contrib-grpc-metrics/0.17.0/opencensus-contrib-grpc-metrics-0.17.0.jar:/home/user/.m2/repository/io/netty/netty-codec-http2/4.1.30.Final/netty-codec-http2-4.1.30.Final.jar:/home/user/.m2/repository/io/netty/netty-codec-http/4.1.30.Final/netty-codec-http-4.1.30.Final.jar:/home/user/.m2/repository/io/netty/netty-codec/4.1.30.Final/netty-codec-4.1.30.Final.jar:/home/user/.m2/repository/io/netty/netty-handler/4.1.30.Final/netty-handler-4.1.30.Final.jar:/home/user/.m2/repository/io/netty/netty-handler-proxy/4.1.30.Final/netty-handler-proxy-4.1.30.Final.jar:/home/user/.m2/repository/io/netty/netty-codec-socks/4.1.30.Final/netty-codec-socks-4.1.30.Final.jar:/home/user/.m2/repository/io/netty/netty-transport-native-epoll/4.1.30.Final/netty-transport-native-epoll-4.1.30.Final.jar:/home/user/.m2/repository/io/netty/netty-common/4.1.30.Final/netty-common-4.1.30.Final.jar:/home/user/.m2/repository/io/netty/netty-buffer/4.1.30.Final/netty-buffer-4.1.30.Final.jar:/home/user/.m2/repository/io/netty/netty-transport/4.1.30.Final/netty-transport-4.1.30.Final.jar:/home/user/.m2/repository/io/netty/netty-resolver/4.1.30.Final/netty-resolver-4.1.30.Final.jar:/home/user/.m2/repository/io/netty/netty-transport-native-unix-common/4.1.30.Final/netty-transport-native-unix-common-4.1.30.Final.jar:/home/user/.m2/repository/io/grpc/grpc-protobuf/1.17.1/grpc-protobuf-1.17.1.jar:/home/user/.m2/repository/com/google/api/grpc/proto-google-common-protos/1.0.0/proto-google-common-protos-1.0.0.jar:/home/user/.m2/repository/io/grpc/grpc-protobuf-lite/1.17.1/grpc-protobuf-lite-1.17.1.jar:/home/user/.m2/repository/io/grpc/grpc-stub/1.17.1/grpc-stub-1.17.1.jar:/home/user/.m2/repository/org/apache/hadoop/hadoop-ozone-recon/0.5.0-SNAPSHOT/hadoop-ozone-recon-0.5.0-SNAPSHOT.jar:/home/user/.m2/repository/org/apache/hadoop/hadoop-ozone-reconcodegen/0.5.0-SNAPSHOT/hadoop-ozone-reconcodegen-0.5.0-SNAPSHOT.jar:/home/user/.m2/repository/com/google/inject/extensions/guice-multibindings/4.0/guice-multibindings-4.0.jar:/home/user/.m2/repository/com/google/inject/guice/4.0/guice-4.0.jar:/home/user/.m2/repository/aopalliance/aopalliance/1.0/aopalliance-1.0.jar:/home/user/.m2/repository/com/google/inject/extensions/guice-servlet/4.0/guice-servlet-4.0.jar:/home/user/.m2/repository/org/glassfish/jersey/containers/jersey-container-servlet/2.27/jersey-container-servlet-2.27.jar:/home/user/.m2/repository/org/glassfish/hk2/guice-bridge/2.5.0/guice-bridge-2.5.0.jar:/home/user/.m2/repository/org/glassfish/jersey/core/jersey-server/2.27/jersey-server-2.27.jar:/home/user/.m2/repository/org/glassfish/jersey/core/jersey-client/2.27/jersey-client-2.27.jar:/home/user/.m2/repository/org/glassfish/jersey/media/jersey-media-jaxb/2.27/jersey-media-jaxb-2.27.jar:/home/user/.m2/repository/javax/validation/validation-api/1.1.0.Final/validation-api-1.1.0.Final.jar:/home/user/.m2/repository/org/glassfish/jersey/media/jersey-media-json-jackson/2.27/jersey-media-json-jackson-2.27.jar:/home/user/.m2/repository/org/glassfish/jersey/ext/jersey-entity-filtering/2.27/jersey-entity-filtering-2.27.jar:/home/user/.m2/repository/com/google/inject/extensions/guice-assistedinject/4.0/guice-assistedinject-4.0.jar:/home/user/.m2/repository/org/jooq/jooq/3.11.10/jooq-3.11.10.jar:/home/user/.m2/repository/org/jooq/jooq-meta/3.11.10/jooq-meta-3.11.10.jar:/home/user/.m2/repository/org/jooq/jooq-codegen/3.11.10/jooq-codegen-3.11.10.jar:/home/user/.m2/repository/com/jolbox/bonecp/0.8.0.RELEASE/bonecp-0.8.0.RELEASE.jar:/home/user/.m2/repository/org/springframework/spring-jdbc/5.1.3.RELEASE/spring-jdbc-5.1.3.RELEASE.jar:/home/user/.m2/repository/org/springframework/spring-beans/5.1.3.RELEASE/spring-beans-5.1.3.RELEASE.jar:/home/user/.m2/repository/org/springframework/spring-core/5.1.3.RELEASE/spring-core-5.1.3.RELEASE.jar:/home/user/.m2/repository/org/springframework/spring-jcl/5.1.3.RELEASE/spring-jcl-5.1.3.RELEASE.jar:/home/user/.m2/repository/org/springframework/spring-tx/5.1.3.RELEASE/spring-tx-5.1.3.RELEASE.jar:/home/user/.m2/repository/org/mockito/mockito-core/2.15.0/mockito-core-2.15.0.jar:/home/user/.m2/repository/net/bytebuddy/byte-buddy/1.7.9/byte-buddy-1.7.9.jar:/home/user/.m2/repository/net/bytebuddy/byte-buddy-agent/1.7.9/byte-buddy-agent-1.7.9.jar:/home/user/.m2/repository/org/objenesis/objenesis/1.0/objenesis-1.0.jar:"/>
    <property name="java.vm.vendor" value="IcedTea"/>
    <property name="sun.arch.data.model" value="64"/>
    <property name="test.build.dir" value="/workdir/hadoop-ozone/tools/target/test-dir"/>
    <property name="test.cache.data" value=""/>
    <property name="java.vendor.url" value="https://icedtea.classpath.org"/>
    <property name="user.timezone" value=""/>
    <property name="java.vm.specification.version" value="1.8"/>
    <property name="os.name" value="Linux"/>
    <property name="test.build.data" value="/workdir/hadoop-ozone/tools/target/test-dir"/>
    <property name="user.country" value="US"/>
    <property name="sun.java.launcher" value="SUN_STANDARD"/>
    <property name="sun.boot.library.path" value="/usr/lib/jvm/java-1.8-openjdk/jre/lib/amd64"/>
    <property name="sun.java.command" value="/workdir/hadoop-ozone/tools/target/surefire/surefirebooter1268011793582539791.jar /workdir/hadoop-ozone/tools/target/surefire 2019-08-21T13-39-29_758-jvmRun1 surefire12047990498106821tmp surefire_121306898273639821610tmp"/>
    <property name="test" value="!TestMiniChaosOzoneCluster"/>
    <property name="surefire.test.class.path" value="/workdir/hadoop-ozone/tools/target/test-classes:/workdir/hadoop-ozone/tools/target/classes:/home/user/.m2/repository/org/apache/hadoop/hadoop-ozone-ozone-manager/0.5.0-SNAPSHOT/hadoop-ozone-ozone-manager-0.5.0-SNAPSHOT.jar:/home/user/.m2/repository/org/apache/hadoop/hadoop-hdds-docs/0.5.0-SNAPSHOT/hadoop-hdds-docs-0.5.0-SNAPSHOT.jar:/home/user/.m2/repository/org/bouncycastle/bcprov-jdk15on/1.60/bcprov-jdk15on-1.60.jar:/home/user/.m2/repository/org/apache/hadoop/hadoop-ozone-common/0.5.0-SNAPSHOT/hadoop-ozone-common-0.5.0-SNAPSHOT.jar:/home/user/.m2/repository/org/apache/commons/commons-compress/1.4.1/commons-compress-1.4.1.jar:/home/user/.m2/repository/org/tukaani/xz/1.0/xz-1.0.jar:/home/user/.m2/repository/org/apache/hadoop/hadoop-hdfs-client/3.2.0/hadoop-hdfs-client-3.2.0.jar:/home/user/.m2/repository/com/fasterxml/jackson/core/jackson-annotations/2.9.5/jackson-annotations-2.9.5.jar:/home/user/.m2/repository/org/apache/hadoop/hadoop-hdds-common/0.5.0-SNAPSHOT/hadoop-hdds-common-0.5.0-SNAPSHOT.jar:/home/user/.m2/repository/org/apache/hadoop/hadoop-hdds-config/0.5.0-SNAPSHOT/hadoop-hdds-config-0.5.0-SNAPSHOT.jar:/home/user/.m2/repository/javax/annotation/javax.annotation-api/1.2/javax.annotation-api-1.2.jar:/home/user/.m2/repository/org/apache/ratis/ratis-server/0.4.0-2337318-SNAPSHOT/ratis-server-0.4.0-2337318-SNAPSHOT.jar:/home/user/.m2/repository/org/apache/ratis/ratis-thirdparty-misc/0.2.0/ratis-thirdparty-misc-0.2.0.jar:/home/user/.m2/repository/org/apache/ratis/ratis-proto/0.4.0-2337318-SNAPSHOT/ratis-proto-0.4.0-2337318-SNAPSHOT.jar:/home/user/.m2/repository/org/apache/ratis/ratis-common/0.4.0-2337318-SNAPSHOT/ratis-common-0.4.0-2337318-SNAPSHOT.jar:/home/user/.m2/repository/org/apache/ratis/ratis-client/0.4.0-2337318-SNAPSHOT/ratis-client-0.4.0-2337318-SNAPSHOT.jar:/home/user/.m2/repository/org/apache/ratis/ratis-metrics/0.4.0-2337318-SNAPSHOT/ratis-metrics-0.4.0-2337318-SNAPSHOT.jar:/home/user/.m2/repository/org/apache/ratis/ratis-netty/0.4.0-2337318-SNAPSHOT/ratis-netty-0.4.0-2337318-SNAPSHOT.jar:/home/user/.m2/repository/org/apache/ratis/ratis-grpc/0.4.0-2337318-SNAPSHOT/ratis-grpc-0.4.0-2337318-SNAPSHOT.jar:/home/user/.m2/repository/org/rocksdb/rocksdbjni/6.0.1/rocksdbjni-6.0.1.jar:/home/user/.m2/repository/org/apache/logging/log4j/log4j-api/2.11.0/log4j-api-2.11.0.jar:/home/user/.m2/repository/org/apache/logging/log4j/log4j-core/2.11.0/log4j-core-2.11.0.jar:/home/user/.m2/repository/com/lmax/disruptor/3.4.2/disruptor-3.4.2.jar:/home/user/.m2/repository/org/apache/commons/commons-pool2/2.6.0/commons-pool2-2.6.0.jar:/home/user/.m2/repository/org/bouncycastle/bcpkix-jdk15on/1.60/bcpkix-jdk15on-1.60.jar:/home/user/.m2/repository/commons-validator/commons-validator/1.6/commons-validator-1.6.jar:/home/user/.m2/repository/commons-digester/commons-digester/1.8.1/commons-digester-1.8.1.jar:/home/user/.m2/repository/io/jaegertracing/jaeger-client/0.33.1/jaeger-client-0.33.1.jar:/home/user/.m2/repository/io/jaegertracing/jaeger-thrift/0.33.1/jaeger-thrift-0.33.1.jar:/home/user/.m2/repository/org/apache/thrift/libthrift/0.11.0/libthrift-0.11.0.jar:/home/user/.m2/repository/com/squareup/okhttp3/okhttp/3.9.0/okhttp-3.9.0.jar:/home/user/.m2/repository/com/squareup/okio/okio/1.13.0/okio-1.13.0.jar:/home/user/.m2/repository/io/jaegertracing/jaeger-core/0.33.1/jaeger-core-0.33.1.jar:/home/user/.m2/repository/io/jaegertracing/jaeger-tracerresolver/0.33.1/jaeger-tracerresolver-0.33.1.jar:/home/user/.m2/repository/io/opentracing/contrib/opentracing-tracerresolver/0.1.5/opentracing-tracerresolver-0.1.5.jar:/home/user/.m2/repository/io/opentracing/opentracing-util/0.31.0/opentracing-util-0.31.0.jar:/home/user/.m2/repository/io/opentracing/opentracing-api/0.31.0/opentracing-api-0.31.0.jar:/home/user/.m2/repository/io/opentracing/opentracing-noop/0.31.0/opentracing-noop-0.31.0.jar:/home/user/.m2/repository/org/yaml/snakeyaml/1.16/snakeyaml-1.16.jar:/home/user/.m2/repository/org/apache/hadoop/hadoop-hdds-container-service/0.5.0-SNAPSHOT/hadoop-hdds-container-service-0.5.0-SNAPSHOT.jar:/home/user/.m2/repository/org/apache/hadoop/hadoop-hdds-client/0.5.0-SNAPSHOT/hadoop-hdds-client-0.5.0-SNAPSHOT.jar:/home/user/.m2/repository/org/apache/hadoop/hadoop-hdds-tools/0.5.0-SNAPSHOT/hadoop-hdds-tools-0.5.0-SNAPSHOT.jar:/home/user/.m2/repository/org/xerial/sqlite-jdbc/3.25.2/sqlite-jdbc-3.25.2.jar:/home/user/.m2/repository/org/apache/hadoop/hadoop-hdds-server-scm/0.5.0-SNAPSHOT/hadoop-hdds-server-scm-0.5.0-SNAPSHOT.jar:/home/user/.m2/repository/org/hamcrest/hamcrest-all/1.3/hamcrest-all-1.3.jar:/home/user/.m2/repository/info/picocli/picocli/3.9.6/picocli-3.9.6.jar:/home/user/.m2/repository/com/google/protobuf/protobuf-java/2.5.0/protobuf-java-2.5.0.jar:/home/user/.m2/repository/com/google/guava/guava/11.0.2/guava-11.0.2.jar:/home/user/.m2/repository/org/apache/hadoop/hadoop-ozone-client/0.5.0-SNAPSHOT/hadoop-ozone-client-0.5.0-SNAPSHOT.jar:/workdir/hadoop-ozone/ozonefs/target/classes:/home/user/.m2/repository/org/apache/hadoop/hadoop-hdds-server-framework/0.5.0-SNAPSHOT/hadoop-hdds-server-framework-0.5.0-SNAPSHOT.jar:/home/user/.m2/repository/org/apache/hadoop/hadoop-common/3.2.0/hadoop-common-3.2.0.jar:/home/user/.m2/repository/org/apache/hadoop/hadoop-annotations/3.2.0/hadoop-annotations-3.2.0.jar:/usr/lib/jvm/java-1.8-openjdk/jre/../lib/tools.jar:/home/user/.m2/repository/commons-cli/commons-cli/1.2/commons-cli-1.2.jar:/home/user/.m2/repository/org/apache/commons/commons-math3/3.1.1/commons-math3-3.1.1.jar:/home/user/.m2/repository/org/apache/httpcomponents/httpclient/4.5.2/httpclient-4.5.2.jar:/home/user/.m2/repository/org/apache/httpcomponents/httpcore/4.4.4/httpcore-4.4.4.jar:/home/user/.m2/repository/commons-codec/commons-codec/1.11/commons-codec-1.11.jar:/home/user/.m2/repository/commons-io/commons-io/2.5/commons-io-2.5.jar:/home/user/.m2/repository/commons-net/commons-net/3.6/commons-net-3.6.jar:/home/user/.m2/repository/commons-collections/commons-collections/3.2.2/commons-collections-3.2.2.jar:/home/user/.m2/repository/javax/servlet/javax.servlet-api/3.1.0/javax.servlet-api-3.1.0.jar:/home/user/.m2/repository/org/eclipse/jetty/jetty-server/9.3.24.v20180605/jetty-server-9.3.24.v20180605.jar:/home/user/.m2/repository/org/eclipse/jetty/jetty-http/9.3.24.v20180605/jetty-http-9.3.24.v20180605.jar:/home/user/.m2/repository/org/eclipse/jetty/jetty-io/9.3.24.v20180605/jetty-io-9.3.24.v20180605.jar:/home/user/.m2/repository/org/eclipse/jetty/jetty-util/9.3.24.v20180605/jetty-util-9.3.24.v20180605.jar:/home/user/.m2/repository/org/eclipse/jetty/jetty-servlet/9.3.24.v20180605/jetty-servlet-9.3.24.v20180605.jar:/home/user/.m2/repository/org/eclipse/jetty/jetty-security/9.3.24.v20180605/jetty-security-9.3.24.v20180605.jar:/home/user/.m2/repository/org/eclipse/jetty/jetty-webapp/9.3.24.v20180605/jetty-webapp-9.3.24.v20180605.jar:/home/user/.m2/repository/org/eclipse/jetty/jetty-xml/9.3.24.v20180605/jetty-xml-9.3.24.v20180605.jar:/home/user/.m2/repository/javax/servlet/jsp/jsp-api/2.1/jsp-api-2.1.jar:/home/user/.m2/repository/com/sun/jersey/jersey-core/1.19/jersey-core-1.19.jar:/home/user/.m2/repository/javax/ws/rs/jsr311-api/1.1.1/jsr311-api-1.1.1.jar:/home/user/.m2/repository/com/sun/jersey/jersey-servlet/1.19/jersey-servlet-1.19.jar:/home/user/.m2/repository/com/sun/jersey/jersey-json/1.19/jersey-json-1.19.jar:/home/user/.m2/repository/org/codehaus/jettison/jettison/1.1/jettison-1.1.jar:/home/user/.m2/repository/com/sun/xml/bind/jaxb-impl/2.3.0.1/jaxb-impl-2.3.0.1.jar:/home/user/.m2/repository/org/codehaus/jackson/jackson-core-asl/1.9.13/jackson-core-asl-1.9.13.jar:/home/user/.m2/repository/org/codehaus/jackson/jackson-mapper-asl/1.9.13/jackson-mapper-asl-1.9.13.jar:/home/user/.m2/repository/org/codehaus/jackson/jackson-jaxrs/1.9.13/jackson-jaxrs-1.9.13.jar:/home/user/.m2/repository/org/codehaus/jackson/jackson-xc/1.9.13/jackson-xc-1.9.13.jar:/home/user/.m2/repository/com/sun/jersey/jersey-server/1.19/jersey-server-1.19.jar:/home/user/.m2/repository/commons-logging/commons-logging/1.1.3/commons-logging-1.1.3.jar:/home/user/.m2/repository/log4j/log4j/1.2.17/log4j-1.2.17.jar:/home/user/.m2/repository/commons-beanutils/commons-beanutils/1.9.3/commons-beanutils-1.9.3.jar:/home/user/.m2/repository/org/apache/commons/commons-configuration2/2.1.1/commons-configuration2-2.1.1.jar:/home/user/.m2/repository/org/apache/commons/commons-lang3/3.7/commons-lang3-3.7.jar:/home/user/.m2/repository/org/apache/commons/commons-text/1.4/commons-text-1.4.jar:/home/user/.m2/repository/org/slf4j/slf4j-api/1.7.25/slf4j-api-1.7.25.jar:/home/user/.m2/repository/org/slf4j/slf4j-log4j12/1.7.25/slf4j-log4j12-1.7.25.jar:/home/user/.m2/repository/org/apache/avro/avro/1.7.7/avro-1.7.7.jar:/home/user/.m2/repository/com/thoughtworks/paranamer/paranamer/2.3/paranamer-2.3.jar:/home/user/.m2/repository/org/xerial/snappy/snappy-java/1.0.5/snappy-java-1.0.5.jar:/home/user/.m2/repository/com/google/re2j/re2j/1.1/re2j-1.1.jar:/home/user/.m2/repository/com/google/code/gson/gson/2.2.4/gson-2.2.4.jar:/home/user/.m2/repository/org/apache/hadoop/hadoop-auth/3.2.0/hadoop-auth-3.2.0.jar:/home/user/.m2/repository/com/nimbusds/nimbus-jose-jwt/4.41.1/nimbus-jose-jwt-4.41.1.jar:/home/user/.m2/repository/com/github/stephenc/jcip/jcip-annotations/1.0-1/jcip-annotations-1.0-1.jar:/home/user/.m2/repository/net/minidev/json-smart/2.3/json-smart-2.3.jar:/home/user/.m2/repository/net/minidev/accessors-smart/1.2/accessors-smart-1.2.jar:/home/user/.m2/repository/org/apache/curator/curator-framework/2.12.0/curator-framework-2.12.0.jar:/home/user/.m2/repository/com/jcraft/jsch/0.1.54/jsch-0.1.54.jar:/home/user/.m2/repository/org/apache/curator/curator-client/2.12.0/curator-client-2.12.0.jar:/home/user/.m2/repository/org/apache/curator/curator-recipes/2.12.0/curator-recipes-2.12.0.jar:/home/user/.m2/repository/com/google/code/findbugs/jsr305/3.0.0/jsr305-3.0.0.jar:/home/user/.m2/repository/org/apache/htrace/htrace-core4/4.1.0-incubating/htrace-core4-4.1.0-incubating.jar:/home/user/.m2/repository/org/apache/zookeeper/zookeeper/3.4.13/zookeeper-3.4.13.jar:/home/user/.m2/repository/org/apache/yetus/audience-annotations/0.5.0/audience-annotations-0.5.0.jar:/home/user/.m2/repository/org/apache/kerby/kerb-simplekdc/1.0.1/kerb-simplekdc-1.0.1.jar:/home/user/.m2/repository/org/apache/kerby/kerb-client/1.0.1/kerb-client-1.0.1.jar:/home/user/.m2/repository/org/apache/kerby/kerby-config/1.0.1/kerby-config-1.0.1.jar:/home/user/.m2/repository/org/apache/kerby/kerb-core/1.0.1/kerb-core-1.0.1.jar:/home/user/.m2/repository/org/apache/kerby/kerby-pkix/1.0.1/kerby-pkix-1.0.1.jar:/home/user/.m2/repository/org/apache/kerby/kerby-asn1/1.0.1/kerby-asn1-1.0.1.jar:/home/user/.m2/repository/org/apache/kerby/kerby-util/1.0.1/kerby-util-1.0.1.jar:/home/user/.m2/repository/org/apache/kerby/kerb-common/1.0.1/kerb-common-1.0.1.jar:/home/user/.m2/repository/org/apache/kerby/kerb-crypto/1.0.1/kerb-crypto-1.0.1.jar:/home/user/.m2/repository/org/apache/kerby/kerb-util/1.0.1/kerb-util-1.0.1.jar:/home/user/.m2/repository/org/apache/kerby/token-provider/1.0.1/token-provider-1.0.1.jar:/home/user/.m2/repository/org/apache/kerby/kerb-admin/1.0.1/kerb-admin-1.0.1.jar:/home/user/.m2/repository/org/apache/kerby/kerb-server/1.0.1/kerb-server-1.0.1.jar:/home/user/.m2/repository/org/apache/kerby/kerb-identity/1.0.1/kerb-identity-1.0.1.jar:/home/user/.m2/repository/org/apache/kerby/kerby-xdr/1.0.1/kerby-xdr-1.0.1.jar:/home/user/.m2/repository/com/fasterxml/jackson/core/jackson-databind/2.9.5/jackson-databind-2.9.5.jar:/home/user/.m2/repository/com/fasterxml/jackson/core/jackson-core/2.9.5/jackson-core-2.9.5.jar:/home/user/.m2/repository/org/codehaus/woodstox/stax2-api/3.1.4/stax2-api-3.1.4.jar:/home/user/.m2/repository/com/fasterxml/woodstox/woodstox-core/5.0.3/woodstox-core-5.0.3.jar:/home/user/.m2/repository/dnsjava/dnsjava/2.1.7/dnsjava-2.1.7.jar:/home/user/.m2/repository/org/apache/hadoop/hadoop-hdfs/3.2.0/hadoop-hdfs-3.2.0.jar:/home/user/.m2/repository/org/eclipse/jetty/jetty-util-ajax/9.3.24.v20180605/jetty-util-ajax-9.3.24.v20180605.jar:/home/user/.m2/repository/commons-daemon/commons-daemon/1.0.13/commons-daemon-1.0.13.jar:/home/user/.m2/repository/io/netty/netty/3.10.5.Final/netty-3.10.5.Final.jar:/home/user/.m2/repository/io/netty/netty-all/4.0.52.Final/netty-all-4.0.52.Final.jar:/home/user/.m2/repository/org/fusesource/leveldbjni/leveldbjni-all/1.8/leveldbjni-all-1.8.jar:/home/user/.m2/repository/com/sun/xml/bind/jaxb-core/2.3.0.1/jaxb-core-2.3.0.1.jar:/home/user/.m2/repository/javax/xml/bind/jaxb-api/2.3.0/jaxb-api-2.3.0.jar:/home/user/.m2/repository/javax/activation/activation/1.1.1/activation-1.1.1.jar:/home/user/.m2/repository/io/dropwizard/metrics/metrics-core/3.2.4/metrics-core-3.2.4.jar:/home/user/.m2/repository/org/openjdk/jmh/jmh-core/1.19/jmh-core-1.19.jar:/home/user/.m2/repository/net/sf/jopt-simple/jopt-simple/4.6/jopt-simple-4.6.jar:/home/user/.m2/repository/org/openjdk/jmh/jmh-generator-annprocess/1.19/jmh-generator-annprocess-1.19.jar:/home/user/.m2/repository/com/google/code/findbugs/findbugs/3.0.1/findbugs-3.0.1.jar:/home/user/.m2/repository/net/jcip/jcip-annotations/1.0/jcip-annotations-1.0.jar:/home/user/.m2/repository/com/google/code/findbugs/bcel-findbugs/6.0/bcel-findbugs-6.0.jar:/home/user/.m2/repository/com/google/code/findbugs/jFormatString/2.0.1/jFormatString-2.0.1.jar:/home/user/.m2/repository/dom4j/dom4j/1.6.1/dom4j-1.6.1.jar:/home/user/.m2/repository/xml-apis/xml-apis/1.0.b2/xml-apis-1.0.b2.jar:/home/user/.m2/repository/org/ow2/asm/asm-debug-all/5.0.2/asm-debug-all-5.0.2.jar:/home/user/.m2/repository/org/ow2/asm/asm-commons/5.0.2/asm-commons-5.0.2.jar:/home/user/.m2/repository/org/ow2/asm/asm-tree/5.0.2/asm-tree-5.0.2.jar:/home/user/.m2/repository/org/ow2/asm/asm/5.0.4/asm-5.0.4.jar:/home/user/.m2/repository/commons-lang/commons-lang/2.6/commons-lang-2.6.jar:/home/user/.m2/repository/com/apple/AppleJavaExtensions/1.4/AppleJavaExtensions-1.4.jar:/home/user/.m2/repository/jaxen/jaxen/1.1.6/jaxen-1.1.6.jar:/home/user/.m2/repository/junit/junit/4.11/junit-4.11.jar:/home/user/.m2/repository/org/hamcrest/hamcrest-core/1.3/hamcrest-core-1.3.jar:/home/user/.m2/repository/org/apache/hadoop/hadoop-common/3.2.0/hadoop-common-3.2.0-tests.jar:/workdir/hadoop-ozone/integration-test/target/test-classes:/home/user/.m2/repository/org/apache/hadoop/hadoop-ozone-objectstore-service/0.5.0-SNAPSHOT/hadoop-ozone-objectstore-service-0.5.0-SNAPSHOT.jar:/home/user/.m2/repository/org/apache/hadoop/hadoop-ozone-s3gateway/0.5.0-SNAPSHOT/hadoop-ozone-s3gateway-0.5.0-SNAPSHOT.jar:/home/user/.m2/repository/org/jboss/weld/servlet/weld-servlet/2.4.7.Final/weld-servlet-2.4.7.Final.jar:/home/user/.m2/repository/org/glassfish/jersey/containers/jersey-container-servlet-core/2.27/jersey-container-servlet-core-2.27.jar:/home/user/.m2/repository/org/glassfish/hk2/external/javax.inject/2.5.0-b42/javax.inject-2.5.0-b42.jar:/home/user/.m2/repository/org/glassfish/jersey/core/jersey-common/2.27/jersey-common-2.27.jar:/home/user/.m2/repository/org/glassfish/hk2/osgi-resource-locator/1.0.1/osgi-resource-locator-1.0.1.jar:/home/user/.m2/repository/javax/ws/rs/javax.ws.rs-api/2.1/javax.ws.rs-api-2.1.jar:/home/user/.m2/repository/org/glassfish/jersey/ext/cdi/jersey-cdi1x/2.27/jersey-cdi1x-2.27.jar:/home/user/.m2/repository/org/glassfish/jersey/inject/jersey-hk2/2.27/jersey-hk2-2.27.jar:/home/user/.m2/repository/org/glassfish/hk2/hk2-locator/2.5.0-b42/hk2-locator-2.5.0-b42.jar:/home/user/.m2/repository/org/javassist/javassist/3.22.0-CR2/javassist-3.22.0-CR2.jar:/home/user/.m2/repository/org/glassfish/hk2/hk2-api/2.5.0/hk2-api-2.5.0.jar:/home/user/.m2/repository/org/glassfish/hk2/external/jakarta.inject/2.5.0/jakarta.inject-2.5.0.jar:/home/user/.m2/repository/org/glassfish/hk2/hk2-utils/2.5.0/hk2-utils-2.5.0.jar:/home/user/.m2/repository/jakarta/annotation/jakarta.annotation-api/1.3.4/jakarta.annotation-api-1.3.4.jar:/home/user/.m2/repository/org/glassfish/hk2/external/aopalliance-repackaged/2.5.0/aopalliance-repackaged-2.5.0.jar:/home/user/.m2/repository/com/fasterxml/jackson/dataformat/jackson-dataformat-xml/2.9.0/jackson-dataformat-xml-2.9.0.jar:/home/user/.m2/repository/com/fasterxml/jackson/module/jackson-module-jaxb-annotations/2.9.5/jackson-module-jaxb-annotations-2.9.5.jar:/home/user/.m2/repository/javax/enterprise/cdi-api/1.2/cdi-api-1.2.jar:/home/user/.m2/repository/javax/el/javax.el-api/3.0.0/javax.el-api-3.0.0.jar:/home/user/.m2/repository/javax/interceptor/javax.interceptor-api/1.2/javax.interceptor-api-1.2.jar:/home/user/.m2/repository/javax/inject/javax.inject/1/javax.inject-1.jar:/home/user/.m2/repository/org/apache/hadoop/hadoop-ozone-csi/0.5.0-SNAPSHOT/hadoop-ozone-csi-0.5.0-SNAPSHOT.jar:/home/user/.m2/repository/com/google/protobuf/protobuf-java-util/3.5.1/protobuf-java-util-3.5.1.jar:/home/user/.m2/repository/io/grpc/grpc-netty/1.17.1/grpc-netty-1.17.1.jar:/home/user/.m2/repository/io/grpc/grpc-core/1.17.1/grpc-core-1.17.1.jar:/home/user/.m2/repository/io/grpc/grpc-context/1.17.1/grpc-context-1.17.1.jar:/home/user/.m2/repository/com/google/errorprone/error_prone_annotations/2.2.0/error_prone_annotations-2.2.0.jar:/home/user/.m2/repository/org/codehaus/mojo/animal-sniffer-annotations/1.17/animal-sniffer-annotations-1.17.jar:/home/user/.m2/repository/io/opencensus/opencensus-api/0.17.0/opencensus-api-0.17.0.jar:/home/user/.m2/repository/io/opencensus/opencensus-contrib-grpc-metrics/0.17.0/opencensus-contrib-grpc-metrics-0.17.0.jar:/home/user/.m2/repository/io/netty/netty-codec-http2/4.1.30.Final/netty-codec-http2-4.1.30.Final.jar:/home/user/.m2/repository/io/netty/netty-codec-http/4.1.30.Final/netty-codec-http-4.1.30.Final.jar:/home/user/.m2/repository/io/netty/netty-codec/4.1.30.Final/netty-codec-4.1.30.Final.jar:/home/user/.m2/repository/io/netty/netty-handler/4.1.30.Final/netty-handler-4.1.30.Final.jar:/home/user/.m2/repository/io/netty/netty-handler-proxy/4.1.30.Final/netty-handler-proxy-4.1.30.Final.jar:/home/user/.m2/repository/io/netty/netty-codec-socks/4.1.30.Final/netty-codec-socks-4.1.30.Final.jar:/home/user/.m2/repository/io/netty/netty-transport-native-epoll/4.1.30.Final/netty-transport-native-epoll-4.1.30.Final.jar:/home/user/.m2/repository/io/netty/netty-common/4.1.30.Final/netty-common-4.1.30.Final.jar:/home/user/.m2/repository/io/netty/netty-buffer/4.1.30.Final/netty-buffer-4.1.30.Final.jar:/home/user/.m2/repository/io/netty/netty-transport/4.1.30.Final/netty-transport-4.1.30.Final.jar:/home/user/.m2/repository/io/netty/netty-resolver/4.1.30.Final/netty-resolver-4.1.30.Final.jar:/home/user/.m2/repository/io/netty/netty-transport-native-unix-common/4.1.30.Final/netty-transport-native-unix-common-4.1.30.Final.jar:/home/user/.m2/repository/io/grpc/grpc-protobuf/1.17.1/grpc-protobuf-1.17.1.jar:/home/user/.m2/repository/com/google/api/grpc/proto-google-common-protos/1.0.0/proto-google-common-protos-1.0.0.jar:/home/user/.m2/repository/io/grpc/grpc-protobuf-lite/1.17.1/grpc-protobuf-lite-1.17.1.jar:/home/user/.m2/repository/io/grpc/grpc-stub/1.17.1/grpc-stub-1.17.1.jar:/home/user/.m2/repository/org/apache/hadoop/hadoop-ozone-recon/0.5.0-SNAPSHOT/hadoop-ozone-recon-0.5.0-SNAPSHOT.jar:/home/user/.m2/repository/org/apache/hadoop/hadoop-ozone-reconcodegen/0.5.0-SNAPSHOT/hadoop-ozone-reconcodegen-0.5.0-SNAPSHOT.jar:/home/user/.m2/repository/com/google/inject/extensions/guice-multibindings/4.0/guice-multibindings-4.0.jar:/home/user/.m2/repository/com/google/inject/guice/4.0/guice-4.0.jar:/home/user/.m2/repository/aopalliance/aopalliance/1.0/aopalliance-1.0.jar:/home/user/.m2/repository/com/google/inject/extensions/guice-servlet/4.0/guice-servlet-4.0.jar:/home/user/.m2/repository/org/glassfish/jersey/containers/jersey-container-servlet/2.27/jersey-container-servlet-2.27.jar:/home/user/.m2/repository/org/glassfish/hk2/guice-bridge/2.5.0/guice-bridge-2.5.0.jar:/home/user/.m2/repository/org/glassfish/jersey/core/jersey-server/2.27/jersey-server-2.27.jar:/home/user/.m2/repository/org/glassfish/jersey/core/jersey-client/2.27/jersey-client-2.27.jar:/home/user/.m2/repository/org/glassfish/jersey/media/jersey-media-jaxb/2.27/jersey-media-jaxb-2.27.jar:/home/user/.m2/repository/javax/validation/validation-api/1.1.0.Final/validation-api-1.1.0.Final.jar:/home/user/.m2/repository/org/glassfish/jersey/media/jersey-media-json-jackson/2.27/jersey-media-json-jackson-2.27.jar:/home/user/.m2/repository/org/glassfish/jersey/ext/jersey-entity-filtering/2.27/jersey-entity-filtering-2.27.jar:/home/user/.m2/repository/com/google/inject/extensions/guice-assistedinject/4.0/guice-assistedinject-4.0.jar:/home/user/.m2/repository/org/jooq/jooq/3.11.10/jooq-3.11.10.jar:/home/user/.m2/repository/org/jooq/jooq-meta/3.11.10/jooq-meta-3.11.10.jar:/home/user/.m2/repository/org/jooq/jooq-codegen/3.11.10/jooq-codegen-3.11.10.jar:/home/user/.m2/repository/com/jolbox/bonecp/0.8.0.RELEASE/bonecp-0.8.0.RELEASE.jar:/home/user/.m2/repository/org/springframework/spring-jdbc/5.1.3.RELEASE/spring-jdbc-5.1.3.RELEASE.jar:/home/user/.m2/repository/org/springframework/spring-beans/5.1.3.RELEASE/spring-beans-5.1.3.RELEASE.jar:/home/user/.m2/repository/org/springframework/spring-core/5.1.3.RELEASE/spring-core-5.1.3.RELEASE.jar:/home/user/.m2/repository/org/springframework/spring-jcl/5.1.3.RELEASE/spring-jcl-5.1.3.RELEASE.jar:/home/user/.m2/repository/org/springframework/spring-tx/5.1.3.RELEASE/spring-tx-5.1.3.RELEASE.jar:/home/user/.m2/repository/org/mockito/mockito-core/2.15.0/mockito-core-2.15.0.jar:/home/user/.m2/repository/net/bytebuddy/byte-buddy/1.7.9/byte-buddy-1.7.9.jar:/home/user/.m2/repository/net/bytebuddy/byte-buddy-agent/1.7.9/byte-buddy-agent-1.7.9.jar:/home/user/.m2/repository/org/objenesis/objenesis/1.0/objenesis-1.0.jar:"/>
    <property name="sun.cpu.endian" value="little"/>
    <property name="user.home" value="/home/user"/>
    <property name="user.language" value="en"/>
    <property name="java.specification.vendor" value="Oracle Corporation"/>
    <property name="java.home" value="/usr/lib/jvm/java-1.8-openjdk/jre"/>
    <property name="java.security.krb5.conf" value="/workdir/hadoop-ozone/tools/target/test-classes/krb5.conf"/>
    <property name="basedir" value="/workdir/hadoop-ozone/tools"/>
    <property name="file.separator" value="/"/>
    <property name="line.separator" value="&#10;"/>
    <property name="java.vm.specification.vendor" value="Oracle Corporation"/>
    <property name="java.specification.name" value="Java Platform API Specification"/>
    <property name="java.awt.graphicsenv" value="sun.awt.X11GraphicsEnvironment"/>
    <property name="surefire.real.class.path" value="/workdir/hadoop-ozone/tools/target/surefire/surefirebooter1268011793582539791.jar"/>
    <property name="hadoop.log.dir" value="/workdir/hadoop-ozone/tools/target/log"/>
    <property name="sun.boot.class.path" value="/usr/lib/jvm/java-1.8-openjdk/jre/lib/resources.jar:/usr/lib/jvm/java-1.8-openjdk/jre/lib/rt.jar:/usr/lib/jvm/java-1.8-openjdk/jre/lib/sunrsasign.jar:/usr/lib/jvm/java-1.8-openjdk/jre/lib/jsse.jar:/usr/lib/jvm/java-1.8-openjdk/jre/lib/jce.jar:/usr/lib/jvm/java-1.8-openjdk/jre/lib/charsets.jar:/usr/lib/jvm/java-1.8-openjdk/jre/lib/jfr.jar:/usr/lib/jvm/java-1.8-openjdk/jre/classes"/>
    <property name="sun.management.compiler" value="HotSpot 64-Bit Tiered Compilers"/>
    <property name="java.runtime.version" value="1.8.0_212-b04"/>
    <property name="java.net.preferIPv4Stack" value="true"/>
    <property name="user.name" value="jenkins1000"/>
    <property name="path.separator" value=":"/>
    <property name="java.security.egd" value="file:///dev/urandom"/>
    <property name="os.version" value="3.10.0-957.12.2.el7.x86_64"/>
    <property name="java.endorsed.dirs" value="/usr/lib/jvm/java-1.8-openjdk/jre/lib/endorsed"/>
    <property name="java.runtime.name" value="OpenJDK Runtime Environment"/>
    <property name="file.encoding" value="UTF-8"/>
    <property name="java.vm.name" value="OpenJDK 64-Bit Server VM"/>
    <property name="test.build.webapps" value=""/>
    <property name="localRepository" value="/home/user/.m2/repository"/>
    <property name="java.vendor.url.bug" value="https://icedtea.classpath.org/bugzilla"/>
    <property name="java.io.tmpdir" value="/tmp"/>
    <property name="require.test.libhadoop" value=""/>
    <property name="java.version" value="1.8.0_212"/>
    <property name="user.dir" value="/workdir/hadoop-ozone/tools"/>
    <property name="os.arch" value="amd64"/>
    <property name="java.vm.specification.name" value="Java Virtual Machine Specification"/>
    <property name="test.build.classes" value="/workdir/hadoop-ozone/tools/target/test-classes"/>
    <property name="java.awt.printerjob" value="sun.print.PSPrinterJob"/>
    <property name="sun.os.patch.level" value="unknown"/>
    <property name="hadoop.tmp.dir" value="/workdir/hadoop-ozone/tools/target/tmp"/>
    <property name="java.library.path" value="/usr/lib/jvm/java-1.8-openjdk/jre/lib/amd64/server:/usr/lib/jvm/java-1.8-openjdk/jre/lib/amd64:/usr/lib/jvm/java-1.8-openjdk/jre/../lib/amd64:/workdir/hadoop-ozone/tools/target/native/target/usr/local/lib:/workdir/hadoop-ozone/tools/../../hadoop-common-project/hadoop-common/target/native/target/usr/local/lib:/usr/java/packages/lib/amd64:/usr/lib64:/lib64:/lib:/usr/lib"/>
    <property name="java.vm.info" value="mixed mode"/>
    <property name="java.vendor" value="IcedTea"/>
    <property name="java.vm.version" value="25.212-b04"/>
    <property name="java.ext.dirs" value="/usr/lib/jvm/java-1.8-openjdk/jre/lib/ext:/usr/java/packages/lib/ext"/>
    <property name="sun.io.unicode.encoding" value="UnicodeLittle"/>
    <property name="java.class.version" value="52.0"/>
  </properties>
  <testcase name="ratisTest3" classname="org.apache.hadoop.ozone.freon.TestRandomKeyGenerator" time="10.376"/>
  <testcase name="testThreadPoolSize" classname="org.apache.hadoop.ozone.freon.TestRandomKeyGenerator" time="5.043"/>
  <testcase name="defaultTest" classname="org.apache.hadoop.ozone.freon.TestRandomKeyGenerator" time="5.023"/>
  <testcase name="bigFileThan2GB" classname="org.apache.hadoop.ozone.freon.TestRandomKeyGenerator" time="62.937">
    <error message="Allocated 0 blocks. Requested 1 blocks" type="INTERNAL_ERROR org.apache.hadoop.ozone.om.exceptions.OMException">INTERNAL_ERROR org.apache.hadoop.ozone.om.exceptions.OMException: Allocated 0 blocks. Requested 1 blocks
	at org.apache.hadoop.ozone.om.protocolPB.OzoneManagerProtocolClientSideTranslatorPB.handleError(OzoneManagerProtocolClientSideTranslatorPB.java:725)
	at org.apache.hadoop.ozone.om.protocolPB.OzoneManagerProtocolClientSideTranslatorPB.allocateBlock(OzoneManagerProtocolClientSideTranslatorPB.java:757)
	at org.apache.hadoop.ozone.client.io.BlockOutputStreamEntryPool.allocateNewBlock(BlockOutputStreamEntryPool.java:248)
	at org.apache.hadoop.ozone.client.io.BlockOutputStreamEntryPool.allocateBlockIfNeeded(BlockOutputStreamEntryPool.java:296)
	at org.apache.hadoop.ozone.client.io.KeyOutputStream.handleWrite(KeyOutputStream.java:201)
	at org.apache.hadoop.ozone.client.io.KeyOutputStream.handleRetry(KeyOutputStream.java:376)
	at org.apache.hadoop.ozone.client.io.KeyOutputStream.handleException(KeyOutputStream.java:325)
	at org.apache.hadoop.ozone.client.io.KeyOutputStream.handleFlushOrClose(KeyOutputStream.java:448)
	at org.apache.hadoop.ozone.client.io.KeyOutputStream.handleWrite(KeyOutputStream.java:235)
	at org.apache.hadoop.ozone.client.io.KeyOutputStream.write(KeyOutputStream.java:193)
	at org.apache.hadoop.ozone.client.io.OzoneOutputStream.write(OzoneOutputStream.java:49)
	at org.apache.hadoop.ozone.freon.RandomKeyGenerator.createKey(RandomKeyGenerator.java:699)
	at org.apache.hadoop.ozone.freon.RandomKeyGenerator.access$1100(RandomKeyGenerator.java:87)
	at org.apache.hadoop.ozone.freon.RandomKeyGenerator$ObjectCreator.run(RandomKeyGenerator.java:606)
	at java.util.concurrent.Executors$RunnableAdapter.call(Executors.java:511)
	at java.util.concurrent.FutureTask.run(FutureTask.java:266)
	at java.util.concurrent.ThreadPoolExecutor.runWorker(ThreadPoolExecutor.java:1149)
	at java.util.concurrent.ThreadPoolExecutor$Worker.run(ThreadPoolExecutor.java:624)
	at java.lang.Thread.run(Thread.java:748)
</error>
    <system-out><![CDATA[2019-08-21 15:29:28,160 [grpc-default-executor-4] WARN  client.GrpcClientProtocolService (LogUtils.java:warn(134)) - 10-UnorderedRequestStreamObserver10: onError: org.apache.ratis.thirdparty.io.grpc.StatusRuntimeException: CANCELLED: cancelled before receiving half close
2019-08-21 15:29:28,160 [grpc-default-executor-0] WARN  client.GrpcClientProtocolService (LogUtils.java:warn(134)) - 8-UnorderedRequestStreamObserver8: onError: org.apache.ratis.thirdparty.io.grpc.StatusRuntimeException: CANCELLED: cancelled before receiving half close
2019-08-21 15:29:28,710 | INFO  | SCMAudit | user=jenkins1000 | ip=192.168.5.153 | op=SEND_HEARTBEAT {datanodeUUID=a0074e04-2715-4b16-a2b0-10b5043d27ae, command=[]} | ret=SUCCESS |  
2019-08-21 15:29:28,771 | INFO  | SCMAudit | user=jenkins1000 | ip=192.168.5.153 | op=SEND_HEARTBEAT {datanodeUUID=a38cd7e0-d792-481c-a4c0-f4feaa89ec8f, command=[]} | ret=SUCCESS |  
2019-08-21 15:29:29,107 | INFO  | SCMAudit | user=jenkins1000 | ip=192.168.5.153 | op=SEND_HEARTBEAT {datanodeUUID=3eeffb0a-787e-48ec-a2f5-d0c540a89489, command=[]} | ret=SUCCESS |  
2019-08-21 15:29:29,107 | INFO  | SCMAudit | user=jenkins1000 | ip=192.168.5.153 | op=SEND_HEARTBEAT {datanodeUUID=ce4aa411-63c8-4399-99eb-27ce352844f3, command=[]} | ret=SUCCESS |  
2019-08-21 15:29:29,107 | INFO  | SCMAudit | user=jenkins1000 | ip=192.168.5.153 | op=SEND_HEARTBEAT {datanodeUUID=355864cd-7ac5-4934-b366-9756b15dd90f, command=[]} | ret=SUCCESS |  
2019-08-21 15:29:29,709 | INFO  | SCMAudit | user=jenkins1000 | ip=192.168.5.153 | op=SEND_HEARTBEAT {datanodeUUID=a0074e04-2715-4b16-a2b0-10b5043d27ae, command=[]} | ret=SUCCESS |  
2019-08-21 15:29:29,770 | INFO  | SCMAudit | user=jenkins1000 | ip=192.168.5.153 | op=SEND_HEARTBEAT {datanodeUUID=a38cd7e0-d792-481c-a4c0-f4feaa89ec8f, command=[]} | ret=SUCCESS |  
2019-08-21 15:29:30,107 | INFO  | SCMAudit | user=jenkins1000 | ip=192.168.5.153 | op=SEND_HEARTBEAT {datanodeUUID=355864cd-7ac5-4934-b366-9756b15dd90f, command=[]} | ret=SUCCESS |  
2019-08-21 15:29:30,107 | INFO  | SCMAudit | user=jenkins1000 | ip=192.168.5.153 | op=SEND_HEARTBEAT {datanodeUUID=ce4aa411-63c8-4399-99eb-27ce352844f3, command=[]} | ret=SUCCESS |  
2019-08-21 15:29:30,107 | INFO  | SCMAudit | user=jenkins1000 | ip=192.168.5.153 | op=SEND_HEARTBEAT {datanodeUUID=3eeffb0a-787e-48ec-a2f5-d0c540a89489, command=[]} | ret=SUCCESS |  
2019-08-21 15:29:30,710 | INFO  | SCMAudit | user=jenkins1000 | ip=192.168.5.153 | op=SEND_HEARTBEAT {datanodeUUID=a0074e04-2715-4b16-a2b0-10b5043d27ae, command=[]} | ret=SUCCESS |  
2019-08-21 15:29:30,770 | INFO  | SCMAudit | user=jenkins1000 | ip=192.168.5.153 | op=SEND_HEARTBEAT {datanodeUUID=a38cd7e0-d792-481c-a4c0-f4feaa89ec8f, command=[]} | ret=SUCCESS |  
2019-08-21 15:29:31,107 | INFO  | SCMAudit | user=jenkins1000 | ip=192.168.5.153 | op=SEND_HEARTBEAT {datanodeUUID=3eeffb0a-787e-48ec-a2f5-d0c540a89489, command=[]} | ret=SUCCESS |  
2019-08-21 15:29:31,107 | INFO  | SCMAudit | user=jenkins1000 | ip=192.168.5.153 | op=SEND_HEARTBEAT {datanodeUUID=ce4aa411-63c8-4399-99eb-27ce352844f3, command=[]} | ret=SUCCESS |  
2019-08-21 15:29:31,107 | INFO  | SCMAudit | user=jenkins1000 | ip=192.168.5.153 | op=SEND_HEARTBEAT {datanodeUUID=355864cd-7ac5-4934-b366-9756b15dd90f, command=[]} | ret=SUCCESS |  
2019-08-21 15:29:31,709 | INFO  | SCMAudit | user=jenkins1000 | ip=192.168.5.153 | op=SEND_HEARTBEAT {datanodeUUID=a0074e04-2715-4b16-a2b0-10b5043d27ae, command=[]} | ret=SUCCESS |  
2019-08-21 15:29:31,770 | INFO  | SCMAudit | user=jenkins1000 | ip=192.168.5.153 | op=SEND_HEARTBEAT {datanodeUUID=a38cd7e0-d792-481c-a4c0-f4feaa89ec8f, command=[]} | ret=SUCCESS |  
2019-08-21 15:29:32,107 | INFO  | SCMAudit | user=jenkins1000 | ip=192.168.5.153 | op=SEND_HEARTBEAT {datanodeUUID=355864cd-7ac5-4934-b366-9756b15dd90f, command=[]} | ret=SUCCESS |  
2019-08-21 15:29:32,107 | INFO  | SCMAudit | user=jenkins1000 | ip=192.168.5.153 | op=SEND_HEARTBEAT {datanodeUUID=ce4aa411-63c8-4399-99eb-27ce352844f3, command=[]} | ret=SUCCESS |  
2019-08-21 15:29:32,107 | INFO  | SCMAudit | user=jenkins1000 | ip=192.168.5.153 | op=SEND_HEARTBEAT {datanodeUUID=3eeffb0a-787e-48ec-a2f5-d0c540a89489, command=[]} | ret=SUCCESS |  
2019-08-21 15:29:32,713 | INFO  | SCMAudit | user=jenkins1000 | ip=192.168.5.153 | op=SEND_HEARTBEAT {datanodeUUID=a0074e04-2715-4b16-a2b0-10b5043d27ae, command=[]} | ret=SUCCESS |  
2019-08-21 15:29:32,771 | INFO  | SCMAudit | user=jenkins1000 | ip=192.168.5.153 | op=SEND_HEARTBEAT {datanodeUUID=a38cd7e0-d792-481c-a4c0-f4feaa89ec8f, command=[]} | ret=SUCCESS |  
2019-08-21 15:29:33,108 | INFO  | SCMAudit | user=jenkins1000 | ip=192.168.5.153 | op=SEND_HEARTBEAT {datanodeUUID=3eeffb0a-787e-48ec-a2f5-d0c540a89489, command=[]} | ret=SUCCESS |  
2019-08-21 15:29:33,108 | INFO  | SCMAudit | user=jenkins1000 | ip=192.168.5.153 | op=SEND_HEARTBEAT {datanodeUUID=ce4aa411-63c8-4399-99eb-27ce352844f3, command=[]} | ret=SUCCESS |  
2019-08-21 15:29:33,108 | INFO  | SCMAudit | user=jenkins1000 | ip=192.168.5.153 | op=SEND_HEARTBEAT {datanodeUUID=355864cd-7ac5-4934-b366-9756b15dd90f, command=[]} | ret=SUCCESS |  
2019-08-21 15:29:33,709 | INFO  | SCMAudit | user=jenkins1000 | ip=192.168.5.153 | op=SEND_HEARTBEAT {datanodeUUID=a0074e04-2715-4b16-a2b0-10b5043d27ae, command=[]} | ret=SUCCESS |  
2019-08-21 15:29:33,772 | INFO  | SCMAudit | user=jenkins1000 | ip=192.168.5.153 | op=SEND_HEARTBEAT {datanodeUUID=a38cd7e0-d792-481c-a4c0-f4feaa89ec8f, command=[]} | ret=SUCCESS |  
2019-08-21 15:29:34,107 | INFO  | SCMAudit | user=jenkins1000 | ip=192.168.5.153 | op=SEND_HEARTBEAT {datanodeUUID=355864cd-7ac5-4934-b366-9756b15dd90f, command=[]} | ret=SUCCESS |  
2019-08-21 15:29:34,107 | INFO  | SCMAudit | user=jenkins1000 | ip=192.168.5.153 | op=SEND_HEARTBEAT {datanodeUUID=3eeffb0a-787e-48ec-a2f5-d0c540a89489, command=[]} | ret=SUCCESS |  
2019-08-21 15:29:34,107 | INFO  | SCMAudit | user=jenkins1000 | ip=192.168.5.153 | op=SEND_HEARTBEAT {datanodeUUID=ce4aa411-63c8-4399-99eb-27ce352844f3, command=[]} | ret=SUCCESS |  
2019-08-21 15:29:34,709 | INFO  | SCMAudit | user=jenkins1000 | ip=192.168.5.153 | op=SEND_HEARTBEAT {datanodeUUID=a0074e04-2715-4b16-a2b0-10b5043d27ae, command=[]} | ret=SUCCESS |  
2019-08-21 15:29:34,771 | INFO  | SCMAudit | user=jenkins1000 | ip=192.168.5.153 | op=SEND_HEARTBEAT {datanodeUUID=a38cd7e0-d792-481c-a4c0-f4feaa89ec8f, command=[]} | ret=SUCCESS |  
2019-08-21 15:29:35,107 | INFO  | SCMAudit | user=jenkins1000 | ip=192.168.5.153 | op=SEND_HEARTBEAT {datanodeUUID=355864cd-7ac5-4934-b366-9756b15dd90f, command=[]} | ret=SUCCESS |  
2019-08-21 15:29:35,107 | INFO  | SCMAudit | user=jenkins1000 | ip=192.168.5.153 | op=SEND_HEARTBEAT {datanodeUUID=ce4aa411-63c8-4399-99eb-27ce352844f3, command=[]} | ret=SUCCESS |  
2019-08-21 15:29:35,107 | INFO  | SCMAudit | user=jenkins1000 | ip=192.168.5.153 | op=SEND_HEARTBEAT {datanodeUUID=3eeffb0a-787e-48ec-a2f5-d0c540a89489, command=[]} | ret=SUCCESS |  
2019-08-21 15:29:35,289 [main] INFO  freon.RandomKeyGenerator (RandomKeyGenerator.java:call(275)) - Number of Threads: 1
2019-08-21 15:29:35,289 [main] INFO  freon.RandomKeyGenerator (RandomKeyGenerator.java:call(280)) - Number of Volumes: 1.
2019-08-21 15:29:35,289 [main] INFO  freon.RandomKeyGenerator (RandomKeyGenerator.java:call(281)) - Number of Buckets per Volume: 1.
2019-08-21 15:29:35,289 [main] INFO  freon.RandomKeyGenerator (RandomKeyGenerator.java:call(282)) - Number of Keys per Bucket: 1.
2019-08-21 15:29:35,289 [main] INFO  freon.RandomKeyGenerator (RandomKeyGenerator.java:call(283)) - Key size: 2147483657 bytes
2019-08-21 15:29:35,290 [main] INFO  freon.RandomKeyGenerator (RandomKeyGenerator.java:call(284)) - Buffer size: 4096 bytes
2019-08-21 15:29:35,291 [main] INFO  freon.RandomKeyGenerator (RandomKeyGenerator.java:call(298)) - Data validation is enabled.
2019-08-21 15:29:35,291 [main] INFO  freon.RandomKeyGenerator (RandomKeyGenerator.java:call(304)) - Starting progress bar Thread.

2019-08-21 15:29:35,291 [pool-282-thread-1] INFO  rpc.RpcClient (RpcClient.java:createVolume(292)) - Creating Volume: vol-0-32358, with jenkins1000 as owner.
 0.00% |█                                                                                                    |  0/1 Time: 0:00:002019-08-21 15:29:35,298 | INFO  | OMAudit | user=jenkins1000 | ip=127.0.0.1 | op=CREATE_VOLUME {admin=jenkins1000, owner=jenkins1000, volume=vol-0-32358, creationTime=1566401375297, quotaInBytes=1152921504606846976} | ret=SUCCESS |  
2019-08-21 15:29:35,300 | INFO  | OMAudit | user=jenkins1000 | ip=127.0.0.1 | op=READ_VOLUME {volume=vol-0-32358} | ret=SUCCESS |  
2019-08-21 15:29:35,301 [pool-282-thread-1] INFO  rpc.RpcClient (RpcClient.java:createBucket(431)) - Creating Bucket: vol-0-32358/bucket-0-01949, with Versioning false and Storage Type set to DISK and Encryption set to false 
2019-08-21 15:29:35,303 | INFO  | OMAudit | user=jenkins1000 | ip=127.0.0.1 | op=CREATE_BUCKET {volume=vol-0-32358, bucket=bucket-0-01949, acls=[user:jenkins1000:a[ACCESS], group:default:a[ACCESS]], isVersionEnabled=false, storageType=DISK, creationTime=0} | ret=SUCCESS |  
2019-08-21 15:29:35,304 | INFO  | OMAudit | user=jenkins1000 | ip=127.0.0.1 | op=READ_BUCKET {volume=vol-0-32358, bucket=bucket-0-01949} | ret=SUCCESS |  
2019-08-21 15:29:35,322 | INFO  | SCMAudit | user=jenkins1000 | ip=192.168.5.153 | op=ALLOCATE_BLOCK {owner=78849ec2-2b05-45d8-8cb5-e95e2230dbd1, size=4194304, type=RATIS, factor=THREE} | ret=SUCCESS |  
2019-08-21 15:29:35,336 | INFO  | OMAudit | user=jenkins1000 | ip=127.0.0.1 | op=ALLOCATE_KEY {volume=vol-0-32358, bucket=bucket-0-01949, key=key-0-56547, dataSize=2147483657, replicationType=RATIS, replicationFactor=THREE, keyLocationInfo=null} | ret=SUCCESS |  
2019-08-21 15:29:35,378 [grpc-default-executor-4] INFO  client.GrpcClientProtocolClient (GrpcClientProtocolClient.java:onNext(255)) - client-029E50227556->ce4aa411-63c8-4399-99eb-27ce352844f3: receive RaftClientReply:client-029E50227556->ce4aa411-63c8-4399-99eb-27ce352844f3@group-785BCF25C267, cid=598, FAILED org.apache.ratis.protocol.NotLeaderException: Server ce4aa411-63c8-4399-99eb-27ce352844f3 is not the leader (355864cd-7ac5-4934-b366-9756b15dd90f:192.168.5.153:44533). Request must be sent to leader., logIndex=0, commits[ce4aa411-63c8-4399-99eb-27ce352844f3:c709, 355864cd-7ac5-4934-b366-9756b15dd90f:c709, 3eeffb0a-787e-48ec-a2f5-d0c540a89489:c709]
2019-08-21 15:29:35,401 | INFO  | DNAudit | user=null | ip=null | op=WRITE_CHUNK {blockData=conID: 3 locID: 102655680532447635 bcsId: 0} | ret=SUCCESS |  
2019-08-21 15:29:35,407 | INFO  | DNAudit | user=null | ip=null | op=WRITE_CHUNK {blockData=conID: 3 locID: 102655680532447635 bcsId: 0} | ret=SUCCESS |  
2019-08-21 15:29:35,407 | INFO  | DNAudit | user=null | ip=null | op=WRITE_CHUNK {blockData=conID: 3 locID: 102655680532447635 bcsId: 0} | ret=SUCCESS |  
2019-08-21 15:29:35,415 | INFO  | DNAudit | user=null | ip=null | op=WRITE_CHUNK {blockData=conID: 3 locID: 102655680532447635 bcsId: 0} | ret=SUCCESS |  
2019-08-21 15:29:35,417 [grpc-default-executor-3] INFO  client.GrpcClientProtocolClient (GrpcClientProtocolClient.java:onNext(255)) - client-029E50227556->355864cd-7ac5-4934-b366-9756b15dd90f: receive RaftClientReply:client-029E50227556->355864cd-7ac5-4934-b366-9756b15dd90f@group-785BCF25C267, cid=598, SUCCESS, logIndex=710, commits[355864cd-7ac5-4934-b366-9756b15dd90f:c710, ce4aa411-63c8-4399-99eb-27ce352844f3:c709, 3eeffb0a-787e-48ec-a2f5-d0c540a89489:c709]
2019-08-21 15:29:35,426 | INFO  | DNAudit | user=null | ip=null | op=WRITE_CHUNK {blockData=conID: 3 locID: 102655680532447635 bcsId: 0} | ret=SUCCESS |  
2019-08-21 15:29:35,426 | INFO  | DNAudit | user=null | ip=null | op=WRITE_CHUNK {blockData=conID: 3 locID: 102655680532447635 bcsId: 0} | ret=SUCCESS |  
2019-08-21 15:29:35,428 | INFO  | DNAudit | user=null | ip=null | op=PUT_BLOCK {blockData=[blockId=conID: 3 locID: 102655680532447635 bcsId: 0,size=1048576]} | ret=SUCCESS |  
2019-08-21 15:29:35,430 | INFO  | DNAudit | user=null | ip=null | op=WRITE_CHUNK {blockData=conID: 3 locID: 102655680532447635 bcsId: 0} | ret=SUCCESS |  
2019-08-21 15:29:35,432 [grpc-default-executor-4] INFO  client.GrpcClientProtocolClient (GrpcClientProtocolClient.java:onNext(255)) - client-029E50227556->355864cd-7ac5-4934-b366-9756b15dd90f: receive RaftClientReply:client-029E50227556->355864cd-7ac5-4934-b366-9756b15dd90f@group-785BCF25C267, cid=599, SUCCESS, logIndex=712, commits[355864cd-7ac5-4934-b366-9756b15dd90f:c712, ce4aa411-63c8-4399-99eb-27ce352844f3:c710, 3eeffb0a-787e-48ec-a2f5-d0c540a89489:c710]
2019-08-21 15:29:35,436 | INFO  | DNAudit | user=null | ip=null | op=WRITE_CHUNK {blockData=conID: 3 locID: 102655680532447635 bcsId: 0} | ret=SUCCESS |  
2019-08-21 15:29:35,436 | INFO  | DNAudit | user=null | ip=null | op=WRITE_CHUNK {blockData=conID: 3 locID: 102655680532447635 bcsId: 0} | ret=SUCCESS |  
2019-08-21 15:29:35,443 | INFO  | DNAudit | user=null | ip=null | op=PUT_BLOCK {blockData=[blockId=conID: 3 locID: 102655680532447635 bcsId: 0,size=1048576]} | ret=SUCCESS |  
2019-08-21 15:29:35,443 | INFO  | DNAudit | user=null | ip=null | op=PUT_BLOCK {blockData=[blockId=conID: 3 locID: 102655680532447635 bcsId: 0,size=1048576]} | ret=SUCCESS |  
2019-08-21 15:29:35,443 | INFO  | DNAudit | user=null | ip=null | op=WRITE_CHUNK {blockData=conID: 3 locID: 102655680532447635 bcsId: 0} | ret=SUCCESS |  
2019-08-21 15:29:35,444 | INFO  | DNAudit | user=null | ip=null | op=PUT_BLOCK {blockData=[blockId=conID: 3 locID: 102655680532447635 bcsId: 0,size=2097152]} | ret=SUCCESS |  
2019-08-21 15:29:35,444 [grpc-default-executor-3] INFO  client.GrpcClientProtocolClient (GrpcClientProtocolClient.java:onNext(255)) - client-029E50227556->355864cd-7ac5-4934-b366-9756b15dd90f: receive RaftClientReply:client-029E50227556->355864cd-7ac5-4934-b366-9756b15dd90f@group-785BCF25C267, cid=600, SUCCESS, logIndex=713, commits[355864cd-7ac5-4934-b366-9756b15dd90f:c715, ce4aa411-63c8-4399-99eb-27ce352844f3:c711, 3eeffb0a-787e-48ec-a2f5-d0c540a89489:c712]
2019-08-21 15:29:35,445 [grpc-default-executor-3] INFO  client.GrpcClientProtocolClient (GrpcClientProtocolClient.java:onNext(255)) - client-029E50227556->355864cd-7ac5-4934-b366-9756b15dd90f: receive RaftClientReply:client-029E50227556->355864cd-7ac5-4934-b366-9756b15dd90f@group-785BCF25C267, cid=601, SUCCESS, logIndex=714, commits[355864cd-7ac5-4934-b366-9756b15dd90f:c715, ce4aa411-63c8-4399-99eb-27ce352844f3:c712, 3eeffb0a-787e-48ec-a2f5-d0c540a89489:c712]
2019-08-21 15:29:35,455 | INFO  | DNAudit | user=null | ip=null | op=WRITE_CHUNK {blockData=conID: 3 locID: 102655680532447635 bcsId: 0} | ret=SUCCESS |  
2019-08-21 15:29:35,455 | INFO  | DNAudit | user=null | ip=null | op=WRITE_CHUNK {blockData=conID: 3 locID: 102655680532447635 bcsId: 0} | ret=SUCCESS |  
2019-08-21 15:29:35,455 | INFO  | DNAudit | user=null | ip=null | op=PUT_BLOCK {blockData=[blockId=conID: 3 locID: 102655680532447635 bcsId: 0,size=2097152]} | ret=SUCCESS |  
2019-08-21 15:29:35,455 | INFO  | DNAudit | user=null | ip=null | op=PUT_BLOCK {blockData=[blockId=conID: 3 locID: 102655680532447635 bcsId: 0,size=2097152]} | ret=SUCCESS |  
2019-08-21 15:29:35,457 | INFO  | DNAudit | user=null | ip=null | op=WRITE_CHUNK {blockData=conID: 3 locID: 102655680532447635 bcsId: 714} | ret=SUCCESS |  
2019-08-21 15:29:35,460 | INFO  | DNAudit | user=null | ip=null | op=WRITE_CHUNK {blockData=conID: 3 locID: 102655680532447635 bcsId: 714} | ret=SUCCESS |  
2019-08-21 15:29:35,462 | INFO  | DNAudit | user=null | ip=null | op=WRITE_CHUNK {blockData=conID: 3 locID: 102655680532447635 bcsId: 714} | ret=SUCCESS |  
2019-08-21 15:29:35,470 | INFO  | DNAudit | user=null | ip=null | op=WRITE_CHUNK {blockData=conID: 3 locID: 102655680532447635 bcsId: 714} | ret=SUCCESS |  
2019-08-21 15:29:35,471 | INFO  | DNAudit | user=null | ip=null | op=PUT_BLOCK {blockData=[blockId=conID: 3 locID: 102655680532447635 bcsId: 0,size=3145728]} | ret=SUCCESS |  
2019-08-21 15:29:35,471 [grpc-default-executor-3] INFO  client.GrpcClientProtocolClient (GrpcClientProtocolClient.java:onNext(255)) - client-029E50227556->355864cd-7ac5-4934-b366-9756b15dd90f: receive RaftClientReply:client-029E50227556->355864cd-7ac5-4934-b366-9756b15dd90f@group-785BCF25C267, cid=602, SUCCESS, logIndex=718, commits[355864cd-7ac5-4934-b366-9756b15dd90f:c719, ce4aa411-63c8-4399-99eb-27ce352844f3:c716, 3eeffb0a-787e-48ec-a2f5-d0c540a89489:c716]
2019-08-21 15:29:35,472 [grpc-default-executor-3] INFO  client.GrpcClientProtocolClient (GrpcClientProtocolClient.java:onNext(255)) - client-029E50227556->355864cd-7ac5-4934-b366-9756b15dd90f: receive RaftClientReply:client-029E50227556->355864cd-7ac5-4934-b366-9756b15dd90f@group-785BCF25C267, cid=603, SUCCESS, logIndex=719, commits[355864cd-7ac5-4934-b366-9756b15dd90f:c719, ce4aa411-63c8-4399-99eb-27ce352844f3:c716, 3eeffb0a-787e-48ec-a2f5-d0c540a89489:c716]
2019-08-21 15:29:35,482 | INFO  | DNAudit | user=null | ip=null | op=WRITE_CHUNK {blockData=conID: 3 locID: 102655680532447635 bcsId: 714} | ret=SUCCESS |  
2019-08-21 15:29:35,482 | INFO  | DNAudit | user=null | ip=null | op=WRITE_CHUNK {blockData=conID: 3 locID: 102655680532447635 bcsId: 719} | ret=SUCCESS |  
2019-08-21 15:29:35,482 | INFO  | DNAudit | user=null | ip=null | op=WRITE_CHUNK {blockData=conID: 3 locID: 102655680532447635 bcsId: 714} | ret=SUCCESS |  
2019-08-21 15:29:35,482 | INFO  | DNAudit | user=null | ip=null | op=PUT_BLOCK {blockData=[blockId=conID: 3 locID: 102655680532447635 bcsId: 0,size=3145728]} | ret=SUCCESS |  
2019-08-21 15:29:35,483 | INFO  | DNAudit | user=null | ip=null | op=PUT_BLOCK {blockData=[blockId=conID: 3 locID: 102655680532447635 bcsId: 0,size=3145728]} | ret=SUCCESS |  
2019-08-21 15:29:35,485 | INFO  | DNAudit | user=null | ip=null | op=WRITE_CHUNK {blockData=conID: 3 locID: 102655680532447635 bcsId: 719} | ret=SUCCESS |  
2019-08-21 15:29:35,487 | INFO  | DNAudit | user=null | ip=null | op=WRITE_CHUNK {blockData=conID: 3 locID: 102655680532447635 bcsId: 719} | ret=SUCCESS |  
2019-08-21 15:29:35,498 | INFO  | DNAudit | user=null | ip=null | op=WRITE_CHUNK {blockData=conID: 3 locID: 102655680532447635 bcsId: 719} | ret=SUCCESS |  
2019-08-21 15:29:35,499 | INFO  | DNAudit | user=null | ip=null | op=PUT_BLOCK {blockData=[blockId=conID: 3 locID: 102655680532447635 bcsId: 0,size=4194304]} | ret=SUCCESS |  
2019-08-21 15:29:35,499 [grpc-default-executor-0] INFO  client.GrpcClientProtocolClient (GrpcClientProtocolClient.java:onNext(255)) - client-029E50227556->355864cd-7ac5-4934-b366-9756b15dd90f: receive RaftClientReply:client-029E50227556->355864cd-7ac5-4934-b366-9756b15dd90f@group-785BCF25C267, cid=604, SUCCESS, logIndex=722, commits[355864cd-7ac5-4934-b366-9756b15dd90f:c723, ce4aa411-63c8-4399-99eb-27ce352844f3:c719, 3eeffb0a-787e-48ec-a2f5-d0c540a89489:c719]
2019-08-21 15:29:35,500 [grpc-default-executor-0] INFO  client.GrpcClientProtocolClient (GrpcClientProtocolClient.java:onNext(255)) - client-029E50227556->355864cd-7ac5-4934-b366-9756b15dd90f: receive RaftClientReply:client-029E50227556->355864cd-7ac5-4934-b366-9756b15dd90f@group-785BCF25C267, cid=605, SUCCESS, logIndex=723, commits[355864cd-7ac5-4934-b366-9756b15dd90f:c723, ce4aa411-63c8-4399-99eb-27ce352844f3:c719, 3eeffb0a-787e-48ec-a2f5-d0c540a89489:c719]
2019-08-21 15:29:35,508 | INFO  | DNAudit | user=null | ip=null | op=WRITE_CHUNK {blockData=conID: 3 locID: 102655680532447635 bcsId: 719} | ret=SUCCESS |  
2019-08-21 15:29:35,508 | INFO  | DNAudit | user=null | ip=null | op=WRITE_CHUNK {blockData=conID: 3 locID: 102655680532447635 bcsId: 719} | ret=SUCCESS |  
2019-08-21 15:29:35,508 | INFO  | DNAudit | user=null | ip=null | op=PUT_BLOCK {blockData=[blockId=conID: 3 locID: 102655680532447635 bcsId: 0,size=4194304]} | ret=SUCCESS |  
2019-08-21 15:29:35,508 | INFO  | DNAudit | user=null | ip=null | op=PUT_BLOCK {blockData=[blockId=conID: 3 locID: 102655680532447635 bcsId: 0,size=4194304]} | ret=SUCCESS |  
2019-08-21 15:29:35,512 [grpc-default-executor-0] INFO  client.GrpcClientProtocolClient (GrpcClientProtocolClient.java:onNext(255)) - client-029E50227556->355864cd-7ac5-4934-b366-9756b15dd90f: receive RaftClientReply:client-029E50227556->355864cd-7ac5-4934-b366-9756b15dd90f@group-785BCF25C267, cid=606, SUCCESS, logIndex=0, commits[355864cd-7ac5-4934-b366-9756b15dd90f:c724, ce4aa411-63c8-4399-99eb-27ce352844f3:c723, 3eeffb0a-787e-48ec-a2f5-d0c540a89489:c723]
2019-08-21 15:29:35,524 | INFO  | DNAudit | user=null | ip=null | op=WRITE_CHUNK {blockData=conID: 1 locID: 102655680532447636 bcsId: 0} | ret=SUCCESS |  
2019-08-21 15:29:35,528 | INFO  | DNAudit | user=null | ip=null | op=WRITE_CHUNK {blockData=conID: 1 locID: 102655680532447636 bcsId: 0} | ret=SUCCESS |  
2019-08-21 15:29:35,529 | INFO  | DNAudit | user=null | ip=null | op=WRITE_CHUNK {blockData=conID: 1 locID: 102655680532447636 bcsId: 0} | ret=SUCCESS |  
2019-08-21 15:29:35,529 | INFO  | DNAudit | user=null | ip=null | op=WRITE_CHUNK {blockData=conID: 1 locID: 102655680532447636 bcsId: 0} | ret=SUCCESS |  
2019-08-21 15:29:35,531 | INFO  | DNAudit | user=null | ip=null | op=WRITE_CHUNK {blockData=conID: 1 locID: 102655680532447636 bcsId: 0} | ret=SUCCESS |  
2019-08-21 15:29:35,531 | INFO  | DNAudit | user=null | ip=null | op=PUT_BLOCK {blockData=[blockId=conID: 1 locID: 102655680532447636 bcsId: 0,size=1048576]} | ret=SUCCESS |  
2019-08-21 15:29:35,532 [grpc-default-executor-4] INFO  client.GrpcClientProtocolClient (GrpcClientProtocolClient.java:onNext(255)) - client-029E50227556->355864cd-7ac5-4934-b366-9756b15dd90f: receive RaftClientReply:client-029E50227556->355864cd-7ac5-4934-b366-9756b15dd90f@group-785BCF25C267, cid=607, SUCCESS, logIndex=726, commits[355864cd-7ac5-4934-b366-9756b15dd90f:c727, ce4aa411-63c8-4399-99eb-27ce352844f3:c723, 3eeffb0a-787e-48ec-a2f5-d0c540a89489:c725]
2019-08-21 15:29:35,533 | INFO  | DNAudit | user=null | ip=null | op=WRITE_CHUNK {blockData=conID: 1 locID: 102655680532447636 bcsId: 0} | ret=SUCCESS |  
2019-08-21 15:29:35,533 [grpc-default-executor-4] INFO  client.GrpcClientProtocolClient (GrpcClientProtocolClient.java:onNext(255)) - client-029E50227556->355864cd-7ac5-4934-b366-9756b15dd90f: receive RaftClientReply:client-029E50227556->355864cd-7ac5-4934-b366-9756b15dd90f@group-785BCF25C267, cid=608, SUCCESS, logIndex=727, commits[355864cd-7ac5-4934-b366-9756b15dd90f:c727, ce4aa411-63c8-4399-99eb-27ce352844f3:c725, 3eeffb0a-787e-48ec-a2f5-d0c540a89489:c725]
2019-08-21 15:29:35,533 | INFO  | DNAudit | user=null | ip=null | op=WRITE_CHUNK {blockData=conID: 1 locID: 102655680532447636 bcsId: 0} | ret=SUCCESS |  
2019-08-21 15:29:35,544 | INFO  | DNAudit | user=null | ip=null | op=WRITE_CHUNK {blockData=conID: 1 locID: 102655680532447636 bcsId: 0} | ret=SUCCESS |  
2019-08-21 15:29:35,544 | INFO  | DNAudit | user=null | ip=null | op=WRITE_CHUNK {blockData=conID: 1 locID: 102655680532447636 bcsId: 0} | ret=SUCCESS |  
2019-08-21 15:29:35,544 | INFO  | DNAudit | user=null | ip=null | op=PUT_BLOCK {blockData=[blockId=conID: 1 locID: 102655680532447636 bcsId: 0,size=1048576]} | ret=SUCCESS |  
2019-08-21 15:29:35,544 | INFO  | DNAudit | user=null | ip=null | op=WRITE_CHUNK {blockData=conID: 1 locID: 102655680532447636 bcsId: 0} | ret=SUCCESS |  
2019-08-21 15:29:35,545 | INFO  | DNAudit | user=null | ip=null | op=PUT_BLOCK {blockData=[blockId=conID: 1 locID: 102655680532447636 bcsId: 0,size=2097152]} | ret=SUCCESS |  
2019-08-21 15:29:35,545 | INFO  | DNAudit | user=null | ip=null | op=PUT_BLOCK {blockData=[blockId=conID: 1 locID: 102655680532447636 bcsId: 0,size=1048576]} | ret=SUCCESS |  
2019-08-21 15:29:35,545 [grpc-default-executor-3] INFO  client.GrpcClientProtocolClient (GrpcClientProtocolClient.java:onNext(255)) - client-029E50227556->355864cd-7ac5-4934-b366-9756b15dd90f: receive RaftClientReply:client-029E50227556->355864cd-7ac5-4934-b366-9756b15dd90f@group-785BCF25C267, cid=609, SUCCESS, logIndex=728, commits[355864cd-7ac5-4934-b366-9756b15dd90f:c729, ce4aa411-63c8-4399-99eb-27ce352844f3:c725, 3eeffb0a-787e-48ec-a2f5-d0c540a89489:c725]
2019-08-21 15:29:35,546 [grpc-default-executor-3] INFO  client.GrpcClientProtocolClient (GrpcClientProtocolClient.java:onNext(255)) - client-029E50227556->355864cd-7ac5-4934-b366-9756b15dd90f: receive RaftClientReply:client-029E50227556->355864cd-7ac5-4934-b366-9756b15dd90f@group-785BCF25C267, cid=610, SUCCESS, logIndex=729, commits[355864cd-7ac5-4934-b366-9756b15dd90f:c731, ce4aa411-63c8-4399-99eb-27ce352844f3:c725, 3eeffb0a-787e-48ec-a2f5-d0c540a89489:c727]
2019-08-21 15:29:35,547 [grpc-default-executor-3] INFO  client.GrpcClientProtocolClient (GrpcClientProtocolClient.java:onNext(255)) - client-029E50227556->355864cd-7ac5-4934-b366-9756b15dd90f: receive RaftClientReply:client-029E50227556->355864cd-7ac5-4934-b366-9756b15dd90f@group-785BCF25C267, cid=611, SUCCESS, logIndex=0, commits[355864cd-7ac5-4934-b366-9756b15dd90f:c731, ce4aa411-63c8-4399-99eb-27ce352844f3:c727, 3eeffb0a-787e-48ec-a2f5-d0c540a89489:c727]
2019-08-21 15:29:35,554 | INFO  | DNAudit | user=null | ip=null | op=WRITE_CHUNK {blockData=conID: 1 locID: 102655680532447636 bcsId: 0} | ret=SUCCESS |  
2019-08-21 15:29:35,554 | INFO  | DNAudit | user=null | ip=null | op=WRITE_CHUNK {blockData=conID: 1 locID: 102655680532447636 bcsId: 0} | ret=SUCCESS |  
2019-08-21 15:29:35,554 | INFO  | DNAudit | user=null | ip=null | op=PUT_BLOCK {blockData=[blockId=conID: 1 locID: 102655680532447636 bcsId: 0,size=2097152]} | ret=SUCCESS |  
2019-08-21 15:29:35,554 | INFO  | DNAudit | user=null | ip=null | op=PUT_BLOCK {blockData=[blockId=conID: 1 locID: 102655680532447636 bcsId: 0,size=2097152]} | ret=SUCCESS |  
2019-08-21 15:29:35,555 | INFO  | DNAudit | user=null | ip=null | op=WRITE_CHUNK {blockData=conID: 1 locID: 102655680532447636 bcsId: 729} | ret=SUCCESS |  
2019-08-21 15:29:35,559 | INFO  | DNAudit | user=null | ip=null | op=WRITE_CHUNK {blockData=conID: 1 locID: 102655680532447636 bcsId: 729} | ret=SUCCESS |  
2019-08-21 15:29:35,560 | INFO  | DNAudit | user=null | ip=null | op=WRITE_CHUNK {blockData=conID: 1 locID: 102655680532447636 bcsId: 729} | ret=SUCCESS |  
2019-08-21 15:29:35,570 | INFO  | DNAudit | user=null | ip=null | op=WRITE_CHUNK {blockData=conID: 1 locID: 102655680532447636 bcsId: 729} | ret=SUCCESS |  
2019-08-21 15:29:35,571 | INFO  | DNAudit | user=null | ip=null | op=PUT_BLOCK {blockData=[blockId=conID: 1 locID: 102655680532447636 bcsId: 0,size=3145728]} | ret=SUCCESS |  
2019-08-21 15:29:35,572 [grpc-default-executor-4] INFO  client.GrpcClientProtocolClient (GrpcClientProtocolClient.java:onNext(255)) - client-029E50227556->355864cd-7ac5-4934-b366-9756b15dd90f: receive RaftClientReply:client-029E50227556->355864cd-7ac5-4934-b366-9756b15dd90f@group-785BCF25C267, cid=612, SUCCESS, logIndex=734, commits[355864cd-7ac5-4934-b366-9756b15dd90f:c735, ce4aa411-63c8-4399-99eb-27ce352844f3:c729, 3eeffb0a-787e-48ec-a2f5-d0c540a89489:c731]
2019-08-21 15:29:35,572 [grpc-default-executor-4] INFO  client.GrpcClientProtocolClient (GrpcClientProtocolClient.java:onNext(255)) - client-029E50227556->355864cd-7ac5-4934-b366-9756b15dd90f: receive RaftClientReply:client-029E50227556->355864cd-7ac5-4934-b366-9756b15dd90f@group-785BCF25C267, cid=613, SUCCESS, logIndex=735, commits[355864cd-7ac5-4934-b366-9756b15dd90f:c735, ce4aa411-63c8-4399-99eb-27ce352844f3:c731, 3eeffb0a-787e-48ec-a2f5-d0c540a89489:c731]
2019-08-21 15:29:35,572 | INFO  | DNAudit | user=null | ip=null | op=WRITE_CHUNK {blockData=conID: 1 locID: 102655680532447636 bcsId: 729} | ret=SUCCESS |  
2019-08-21 15:29:35,573 | INFO  | DNAudit | user=null | ip=null | op=WRITE_CHUNK {blockData=conID: 1 locID: 102655680532447636 bcsId: 729} | ret=SUCCESS |  
2019-08-21 15:29:35,573 | INFO  | DNAudit | user=null | ip=null | op=PUT_BLOCK {blockData=[blockId=conID: 1 locID: 102655680532447636 bcsId: 0,size=3145728]} | ret=SUCCESS |  
2019-08-21 15:29:35,573 | INFO  | DNAudit | user=null | ip=null | op=PUT_BLOCK {blockData=[blockId=conID: 1 locID: 102655680532447636 bcsId: 0,size=3145728]} | ret=SUCCESS |  
2019-08-21 15:29:35,582 | INFO  | DNAudit | user=null | ip=null | op=WRITE_CHUNK {blockData=conID: 1 locID: 102655680532447636 bcsId: 735} | ret=SUCCESS |  
2019-08-21 15:29:35,584 | INFO  | DNAudit | user=null | ip=null | op=WRITE_CHUNK {blockData=conID: 1 locID: 102655680532447636 bcsId: 735} | ret=SUCCESS |  
2019-08-21 15:29:35,584 | INFO  | DNAudit | user=null | ip=null | op=WRITE_CHUNK {blockData=conID: 1 locID: 102655680532447636 bcsId: 735} | ret=SUCCESS |  
2019-08-21 15:29:35,593 | INFO  | DNAudit | user=null | ip=null | op=WRITE_CHUNK {blockData=conID: 1 locID: 102655680532447636 bcsId: 735} | ret=SUCCESS |  
2019-08-21 15:29:35,594 | INFO  | DNAudit | user=null | ip=null | op=PUT_BLOCK {blockData=[blockId=conID: 1 locID: 102655680532447636 bcsId: 0,size=4194304]} | ret=SUCCESS |  
2019-08-21 15:29:35,594 [grpc-default-executor-4] INFO  client.GrpcClientProtocolClient (GrpcClientProtocolClient.java:onNext(255)) - client-029E50227556->355864cd-7ac5-4934-b366-9756b15dd90f: receive RaftClientReply:client-029E50227556->355864cd-7ac5-4934-b366-9756b15dd90f@group-785BCF25C267, cid=614, SUCCESS, logIndex=738, commits[355864cd-7ac5-4934-b366-9756b15dd90f:c739, ce4aa411-63c8-4399-99eb-27ce352844f3:c737, 3eeffb0a-787e-48ec-a2f5-d0c540a89489:c737]
2019-08-21 15:29:35,595 [grpc-default-executor-4] INFO  client.GrpcClientProtocolClient (GrpcClientProtocolClient.java:onNext(255)) - client-029E50227556->355864cd-7ac5-4934-b366-9756b15dd90f: receive RaftClientReply:client-029E50227556->355864cd-7ac5-4934-b366-9756b15dd90f@group-785BCF25C267, cid=615, SUCCESS, logIndex=739, commits[355864cd-7ac5-4934-b366-9756b15dd90f:c739, ce4aa411-63c8-4399-99eb-27ce352844f3:c737, 3eeffb0a-787e-48ec-a2f5-d0c540a89489:c737]
2019-08-21 15:29:35,604 | INFO  | DNAudit | user=null | ip=null | op=WRITE_CHUNK {blockData=conID: 1 locID: 102655680532447636 bcsId: 735} | ret=SUCCESS |  
2019-08-21 15:29:35,604 | INFO  | DNAudit | user=null | ip=null | op=WRITE_CHUNK {blockData=conID: 1 locID: 102655680532447636 bcsId: 735} | ret=SUCCESS |  
2019-08-21 15:29:35,606 | INFO  | DNAudit | user=null | ip=null | op=PUT_BLOCK {blockData=[blockId=conID: 1 locID: 102655680532447636 bcsId: 0,size=4194304]} | ret=SUCCESS |  
2019-08-21 15:29:35,606 | INFO  | DNAudit | user=null | ip=null | op=PUT_BLOCK {blockData=[blockId=conID: 1 locID: 102655680532447636 bcsId: 0,size=4194304]} | ret=SUCCESS |  
2019-08-21 15:29:35,607 [grpc-default-executor-4] INFO  client.GrpcClientProtocolClient (GrpcClientProtocolClient.java:onNext(255)) - client-029E50227556->355864cd-7ac5-4934-b366-9756b15dd90f: receive RaftClientReply:client-029E50227556->355864cd-7ac5-4934-b366-9756b15dd90f@group-785BCF25C267, cid=616, SUCCESS, logIndex=0, commits[355864cd-7ac5-4934-b366-9756b15dd90f:c741, ce4aa411-63c8-4399-99eb-27ce352844f3:c739, 3eeffb0a-787e-48ec-a2f5-d0c540a89489:c739]
2019-08-21 15:29:35,616 | INFO  | DNAudit | user=null | ip=null | op=WRITE_CHUNK {blockData=conID: 2 locID: 102655680532513173 bcsId: 0} | ret=SUCCESS |  
2019-08-21 15:29:35,617 | INFO  | DNAudit | user=null | ip=null | op=WRITE_CHUNK {blockData=conID: 2 locID: 102655680532513173 bcsId: 0} | ret=SUCCESS |  
2019-08-21 15:29:35,618 | INFO  | DNAudit | user=null | ip=null | op=WRITE_CHUNK {blockData=conID: 2 locID: 102655680532513173 bcsId: 0} | ret=SUCCESS |  
2019-08-21 15:29:35,620 | INFO  | DNAudit | user=null | ip=null | op=WRITE_CHUNK {blockData=conID: 2 locID: 102655680532513173 bcsId: 0} | ret=SUCCESS |  
2019-08-21 15:29:35,620 | INFO  | DNAudit | user=null | ip=null | op=WRITE_CHUNK {blockData=conID: 2 locID: 102655680532513173 bcsId: 0} | ret=SUCCESS |  
2019-08-21 15:29:35,621 | INFO  | DNAudit | user=null | ip=null | op=WRITE_CHUNK {blockData=conID: 2 locID: 102655680532513173 bcsId: 0} | ret=SUCCESS |  
2019-08-21 15:29:35,630 | INFO  | DNAudit | user=null | ip=null | op=WRITE_CHUNK {blockData=conID: 2 locID: 102655680532513173 bcsId: 0} | ret=SUCCESS |  
2019-08-21 15:29:35,630 | INFO  | DNAudit | user=null | ip=null | op=PUT_BLOCK {blockData=[blockId=conID: 2 locID: 102655680532513173 bcsId: 0,size=1048576]} | ret=SUCCESS |  
2019-08-21 15:29:35,631 | INFO  | DNAudit | user=null | ip=null | op=WRITE_CHUNK {blockData=conID: 2 locID: 102655680532513173 bcsId: 0} | ret=SUCCESS |  
2019-08-21 15:29:35,631 [grpc-default-executor-3] INFO  client.GrpcClientProtocolClient (GrpcClientProtocolClient.java:onNext(255)) - client-029E50227556->355864cd-7ac5-4934-b366-9756b15dd90f: receive RaftClientReply:client-029E50227556->355864cd-7ac5-4934-b366-9756b15dd90f@group-785BCF25C267, cid=617, SUCCESS, logIndex=742, commits[355864cd-7ac5-4934-b366-9756b15dd90f:c742, ce4aa411-63c8-4399-99eb-27ce352844f3:c741, 3eeffb0a-787e-48ec-a2f5-d0c540a89489:c741]
2019-08-21 15:29:35,631 | INFO  | DNAudit | user=null | ip=null | op=PUT_BLOCK {blockData=[blockId=conID: 2 locID: 102655680532513173 bcsId: 0,size=2097152]} | ret=SUCCESS |  
2019-08-21 15:29:35,631 [grpc-default-executor-3] INFO  client.GrpcClientProtocolClient (GrpcClientProtocolClient.java:onNext(255)) - client-029E50227556->355864cd-7ac5-4934-b366-9756b15dd90f: receive RaftClientReply:client-029E50227556->355864cd-7ac5-4934-b366-9756b15dd90f@group-785BCF25C267, cid=618, SUCCESS, logIndex=743, commits[355864cd-7ac5-4934-b366-9756b15dd90f:c745, ce4aa411-63c8-4399-99eb-27ce352844f3:c741, 3eeffb0a-787e-48ec-a2f5-d0c540a89489:c741]
2019-08-21 15:29:35,632 [grpc-default-executor-3] INFO  client.GrpcClientProtocolClient (GrpcClientProtocolClient.java:onNext(255)) - client-029E50227556->355864cd-7ac5-4934-b366-9756b15dd90f: receive RaftClientReply:client-029E50227556->355864cd-7ac5-4934-b366-9756b15dd90f@group-785BCF25C267, cid=619, SUCCESS, logIndex=744, commits[355864cd-7ac5-4934-b366-9756b15dd90f:c745, ce4aa411-63c8-4399-99eb-27ce352844f3:c741, 3eeffb0a-787e-48ec-a2f5-d0c540a89489:c741]
2019-08-21 15:29:35,632 [grpc-default-executor-3] INFO  client.GrpcClientProtocolClient (GrpcClientProtocolClient.java:onNext(255)) - client-029E50227556->355864cd-7ac5-4934-b366-9756b15dd90f: receive RaftClientReply:client-029E50227556->355864cd-7ac5-4934-b366-9756b15dd90f@group-785BCF25C267, cid=620, SUCCESS, logIndex=745, commits[355864cd-7ac5-4934-b366-9756b15dd90f:c745, ce4aa411-63c8-4399-99eb-27ce352844f3:c741, 3eeffb0a-787e-48ec-a2f5-d0c540a89489:c741]
2019-08-21 15:29:35,640 | INFO  | DNAudit | user=null | ip=null | op=WRITE_CHUNK {blockData=conID: 2 locID: 102655680532513173 bcsId: 0} | ret=SUCCESS |  
2019-08-21 15:29:35,640 | INFO  | DNAudit | user=null | ip=null | op=WRITE_CHUNK {blockData=conID: 2 locID: 102655680532513173 bcsId: 0} | ret=SUCCESS |  
2019-08-21 15:29:35,641 | INFO  | DNAudit | user=null | ip=null | op=PUT_BLOCK {blockData=[blockId=conID: 2 locID: 102655680532513173 bcsId: 0,size=1048576]} | ret=SUCCESS |  
2019-08-21 15:29:35,641 | INFO  | DNAudit | user=null | ip=null | op=PUT_BLOCK {blockData=[blockId=conID: 2 locID: 102655680532513173 bcsId: 0,size=1048576]} | ret=SUCCESS |  
2019-08-21 15:29:35,641 | INFO  | DNAudit | user=null | ip=null | op=WRITE_CHUNK {blockData=conID: 2 locID: 102655680532513173 bcsId: 0} | ret=SUCCESS |  
2019-08-21 15:29:35,642 | INFO  | DNAudit | user=null | ip=null | op=WRITE_CHUNK {blockData=conID: 2 locID: 102655680532513173 bcsId: 0} | ret=SUCCESS |  
2019-08-21 15:29:35,642 | INFO  | DNAudit | user=null | ip=null | op=PUT_BLOCK {blockData=[blockId=conID: 2 locID: 102655680532513173 bcsId: 0,size=2097152]} | ret=SUCCESS |  
2019-08-21 15:29:35,642 [grpc-default-executor-3] INFO  client.GrpcClientProtocolClient (GrpcClientProtocolClient.java:onNext(255)) - client-029E50227556->355864cd-7ac5-4934-b366-9756b15dd90f: receive RaftClientReply:client-029E50227556->355864cd-7ac5-4934-b366-9756b15dd90f@group-785BCF25C267, cid=621, SUCCESS, logIndex=0, commits[355864cd-7ac5-4934-b366-9756b15dd90f:c747, ce4aa411-63c8-4399-99eb-27ce352844f3:c743, 3eeffb0a-787e-48ec-a2f5-d0c540a89489:c743]
2019-08-21 15:29:35,642 | INFO  | DNAudit | user=null | ip=null | op=PUT_BLOCK {blockData=[blockId=conID: 2 locID: 102655680532513173 bcsId: 0,size=2097152]} | ret=SUCCESS |  
2019-08-21 15:29:35,649 | INFO  | DNAudit | user=null | ip=null | op=WRITE_CHUNK {blockData=conID: 2 locID: 102655680532513173 bcsId: 745} | ret=SUCCESS |  
2019-08-21 15:29:35,653 | INFO  | DNAudit | user=null | ip=null | op=WRITE_CHUNK {blockData=conID: 2 locID: 102655680532513173 bcsId: 745} | ret=SUCCESS |  
2019-08-21 15:29:35,653 | INFO  | DNAudit | user=null | ip=null | op=WRITE_CHUNK {blockData=conID: 2 locID: 102655680532513173 bcsId: 745} | ret=SUCCESS |  
2019-08-21 15:29:35,664 | INFO  | DNAudit | user=null | ip=null | op=WRITE_CHUNK {blockData=conID: 2 locID: 102655680532513173 bcsId: 745} | ret=SUCCESS |  
2019-08-21 15:29:35,664 | INFO  | DNAudit | user=null | ip=null | op=PUT_BLOCK {blockData=[blockId=conID: 2 locID: 102655680532513173 bcsId: 0,size=3145728]} | ret=SUCCESS |  
2019-08-21 15:29:35,665 [grpc-default-executor-2] INFO  client.GrpcClientProtocolClient (GrpcClientProtocolClient.java:onNext(255)) - client-029E50227556->355864cd-7ac5-4934-b366-9756b15dd90f: receive RaftClientReply:client-029E50227556->355864cd-7ac5-4934-b366-9756b15dd90f@group-785BCF25C267, cid=622, SUCCESS, logIndex=750, commits[355864cd-7ac5-4934-b366-9756b15dd90f:c751, ce4aa411-63c8-4399-99eb-27ce352844f3:c749, 3eeffb0a-787e-48ec-a2f5-d0c540a89489:c745]
2019-08-21 15:29:35,665 [grpc-default-executor-2] INFO  client.GrpcClientProtocolClient (GrpcClientProtocolClient.java:onNext(255)) - client-029E50227556->355864cd-7ac5-4934-b366-9756b15dd90f: receive RaftClientReply:client-029E50227556->355864cd-7ac5-4934-b366-9756b15dd90f@group-785BCF25C267, cid=623, SUCCESS, logIndex=751, commits[355864cd-7ac5-4934-b366-9756b15dd90f:c751, ce4aa411-63c8-4399-99eb-27ce352844f3:c749, 3eeffb0a-787e-48ec-a2f5-d0c540a89489:c749]
2019-08-21 15:29:35,665 | INFO  | DNAudit | user=null | ip=null | op=WRITE_CHUNK {blockData=conID: 2 locID: 102655680532513173 bcsId: 745} | ret=SUCCESS |  
2019-08-21 15:29:35,666 | INFO  | DNAudit | user=null | ip=null | op=PUT_BLOCK {blockData=[blockId=conID: 2 locID: 102655680532513173 bcsId: 0,size=3145728]} | ret=SUCCESS |  
2019-08-21 15:29:35,666 | INFO  | DNAudit | user=null | ip=null | op=WRITE_CHUNK {blockData=conID: 2 locID: 102655680532513173 bcsId: 745} | ret=SUCCESS |  
2019-08-21 15:29:35,667 | INFO  | DNAudit | user=null | ip=null | op=PUT_BLOCK {blockData=[blockId=conID: 2 locID: 102655680532513173 bcsId: 0,size=3145728]} | ret=SUCCESS |  
2019-08-21 15:29:35,674 | INFO  | DNAudit | user=null | ip=null | op=WRITE_CHUNK {blockData=conID: 2 locID: 102655680532513173 bcsId: 751} | ret=SUCCESS |  
2019-08-21 15:29:35,676 | INFO  | DNAudit | user=null | ip=null | op=WRITE_CHUNK {blockData=conID: 2 locID: 102655680532513173 bcsId: 751} | ret=SUCCESS |  
2019-08-21 15:29:35,677 | INFO  | DNAudit | user=null | ip=null | op=WRITE_CHUNK {blockData=conID: 2 locID: 102655680532513173 bcsId: 751} | ret=SUCCESS |  
2019-08-21 15:29:35,688 | INFO  | DNAudit | user=null | ip=null | op=WRITE_CHUNK {blockData=conID: 2 locID: 102655680532513173 bcsId: 751} | ret=SUCCESS |  
2019-08-21 15:29:35,689 | INFO  | DNAudit | user=null | ip=null | op=PUT_BLOCK {blockData=[blockId=conID: 2 locID: 102655680532513173 bcsId: 0,size=4194304]} | ret=SUCCESS |  
2019-08-21 15:29:35,689 [grpc-default-executor-2] INFO  client.GrpcClientProtocolClient (GrpcClientProtocolClient.java:onNext(255)) - client-029E50227556->355864cd-7ac5-4934-b366-9756b15dd90f: receive RaftClientReply:client-029E50227556->355864cd-7ac5-4934-b366-9756b15dd90f@group-785BCF25C267, cid=624, SUCCESS, logIndex=754, commits[355864cd-7ac5-4934-b366-9756b15dd90f:c755, ce4aa411-63c8-4399-99eb-27ce352844f3:c753, 3eeffb0a-787e-48ec-a2f5-d0c540a89489:c753]
2019-08-21 15:29:35,690 [grpc-default-executor-2] INFO  client.GrpcClientProtocolClient (GrpcClientProtocolClient.java:onNext(255)) - client-029E50227556->355864cd-7ac5-4934-b366-9756b15dd90f: receive RaftClientReply:client-029E50227556->355864cd-7ac5-4934-b366-9756b15dd90f@group-785BCF25C267, cid=625, SUCCESS, logIndex=755, commits[355864cd-7ac5-4934-b366-9756b15dd90f:c755, ce4aa411-63c8-4399-99eb-27ce352844f3:c753, 3eeffb0a-787e-48ec-a2f5-d0c540a89489:c753]
2019-08-21 15:29:35,700 | INFO  | DNAudit | user=null | ip=null | op=WRITE_CHUNK {blockData=conID: 2 locID: 102655680532513173 bcsId: 751} | ret=SUCCESS |  
2019-08-21 15:29:35,700 | INFO  | DNAudit | user=null | ip=null | op=WRITE_CHUNK {blockData=conID: 2 locID: 102655680532513173 bcsId: 751} | ret=SUCCESS |  
2019-08-21 15:29:35,701 | INFO  | DNAudit | user=null | ip=null | op=PUT_BLOCK {blockData=[blockId=conID: 2 locID: 102655680532513173 bcsId: 0,size=4194304]} | ret=SUCCESS |  
2019-08-21 15:29:35,701 [grpc-default-executor-2] INFO  client.GrpcClientProtocolClient (GrpcClientProtocolClient.java:onNext(255)) - client-029E50227556->355864cd-7ac5-4934-b366-9756b15dd90f: receive RaftClientReply:client-029E50227556->355864cd-7ac5-4934-b366-9756b15dd90f@group-785BCF25C267, cid=626, SUCCESS, logIndex=0, commits[355864cd-7ac5-4934-b366-9756b15dd90f:c756, ce4aa411-63c8-4399-99eb-27ce352844f3:c755, 3eeffb0a-787e-48ec-a2f5-d0c540a89489:c755]
2019-08-21 15:29:35,701 | INFO  | DNAudit | user=null | ip=null | op=PUT_BLOCK {blockData=[blockId=conID: 2 locID: 102655680532513173 bcsId: 0,size=4194304]} | ret=SUCCESS |  
2019-08-21 15:29:35,961 | INFO  | SCMAudit | user=jenkins1000 | ip=192.168.5.153 | op=SEND_HEARTBEAT {datanodeUUID=a38cd7e0-d792-481c-a4c0-f4feaa89ec8f, command=[]} | ret=SUCCESS |  
2019-08-21 15:29:35,961 | INFO  | SCMAudit | user=jenkins1000 | ip=192.168.5.153 | op=SEND_HEARTBEAT {datanodeUUID=a0074e04-2715-4b16-a2b0-10b5043d27ae, command=[]} | ret=SUCCESS |  
2019-08-21 15:29:35,970 | INFO  | DNAudit | user=null | ip=null | op=WRITE_CHUNK {blockData=conID: 3 locID: 102655680532513174 bcsId: 0} | ret=SUCCESS |  
2019-08-21 15:29:35,974 | INFO  | DNAudit | user=null | ip=null | op=WRITE_CHUNK {blockData=conID: 3 locID: 102655680532513174 bcsId: 0} | ret=SUCCESS |  
2019-08-21 15:29:35,975 | INFO  | DNAudit | user=null | ip=null | op=WRITE_CHUNK {blockData=conID: 3 locID: 102655680532513174 bcsId: 0} | ret=SUCCESS |  
2019-08-21 15:29:35,975 | INFO  | DNAudit | user=null | ip=null | op=WRITE_CHUNK {blockData=conID: 3 locID: 102655680532513174 bcsId: 0} | ret=SUCCESS |  
2019-08-21 15:29:35,977 | INFO  | DNAudit | user=null | ip=null | op=WRITE_CHUNK {blockData=conID: 3 locID: 102655680532513174 bcsId: 0} | ret=SUCCESS |  
2019-08-21 15:29:35,979 | INFO  | DNAudit | user=null | ip=null | op=WRITE_CHUNK {blockData=conID: 3 locID: 102655680532513174 bcsId: 0} | ret=SUCCESS |  
2019-08-21 15:29:35,983 | INFO  | DNAudit | user=null | ip=null | op=WRITE_CHUNK {blockData=conID: 3 locID: 102655680532513174 bcsId: 0} | ret=SUCCESS |  
2019-08-21 15:29:35,984 | INFO  | DNAudit | user=null | ip=null | op=PUT_BLOCK {blockData=[blockId=conID: 3 locID: 102655680532513174 bcsId: 0,size=1048576]} | ret=SUCCESS |  
2019-08-21 15:29:35,984 [grpc-default-executor-4] INFO  client.GrpcClientProtocolClient (GrpcClientProtocolClient.java:onNext(255)) - client-029E50227556->355864cd-7ac5-4934-b366-9756b15dd90f: receive RaftClientReply:client-029E50227556->355864cd-7ac5-4934-b366-9756b15dd90f@group-785BCF25C267, cid=627, SUCCESS, logIndex=758, commits[355864cd-7ac5-4934-b366-9756b15dd90f:c761, ce4aa411-63c8-4399-99eb-27ce352844f3:c757, 3eeffb0a-787e-48ec-a2f5-d0c540a89489:c757]
2019-08-21 15:29:35,985 | INFO  | DNAudit | user=null | ip=null | op=WRITE_CHUNK {blockData=conID: 3 locID: 102655680532513174 bcsId: 0} | ret=SUCCESS |  
2019-08-21 15:29:35,985 [grpc-default-executor-4] INFO  client.GrpcClientProtocolClient (GrpcClientProtocolClient.java:onNext(255)) - client-029E50227556->355864cd-7ac5-4934-b366-9756b15dd90f: receive RaftClientReply:client-029E50227556->355864cd-7ac5-4934-b366-9756b15dd90f@group-785BCF25C267, cid=628, SUCCESS, logIndex=759, commits[355864cd-7ac5-4934-b366-9756b15dd90f:c761, ce4aa411-63c8-4399-99eb-27ce352844f3:c757, 3eeffb0a-787e-48ec-a2f5-d0c540a89489:c757]
2019-08-21 15:29:35,985 | INFO  | DNAudit | user=null | ip=null | op=PUT_BLOCK {blockData=[blockId=conID: 3 locID: 102655680532513174 bcsId: 0,size=2097152]} | ret=SUCCESS |  
2019-08-21 15:29:35,986 [grpc-default-executor-4] INFO  client.GrpcClientProtocolClient (GrpcClientProtocolClient.java:onNext(255)) - client-029E50227556->355864cd-7ac5-4934-b366-9756b15dd90f: receive RaftClientReply:client-029E50227556->355864cd-7ac5-4934-b366-9756b15dd90f@group-785BCF25C267, cid=629, SUCCESS, logIndex=760, commits[355864cd-7ac5-4934-b366-9756b15dd90f:c761, ce4aa411-63c8-4399-99eb-27ce352844f3:c757, 3eeffb0a-787e-48ec-a2f5-d0c540a89489:c757]
2019-08-21 15:29:35,986 [grpc-default-executor-4] INFO  client.GrpcClientProtocolClient (GrpcClientProtocolClient.java:onNext(255)) - client-029E50227556->355864cd-7ac5-4934-b366-9756b15dd90f: receive RaftClientReply:client-029E50227556->355864cd-7ac5-4934-b366-9756b15dd90f@group-785BCF25C267, cid=630, SUCCESS, logIndex=761, commits[355864cd-7ac5-4934-b366-9756b15dd90f:c761, ce4aa411-63c8-4399-99eb-27ce352844f3:c757, 3eeffb0a-787e-48ec-a2f5-d0c540a89489:c757]
2019-08-21 15:29:35,995 | INFO  | DNAudit | user=null | ip=null | op=WRITE_CHUNK {blockData=conID: 3 locID: 102655680532513174 bcsId: 0} | ret=SUCCESS |  
2019-08-21 15:29:35,995 | INFO  | DNAudit | user=null | ip=null | op=WRITE_CHUNK {blockData=conID: 3 locID: 102655680532513174 bcsId: 0} | ret=SUCCESS |  
2019-08-21 15:29:35,996 | INFO  | DNAudit | user=null | ip=null | op=PUT_BLOCK {blockData=[blockId=conID: 3 locID: 102655680532513174 bcsId: 0,size=1048576]} | ret=SUCCESS |  
2019-08-21 15:29:35,996 | INFO  | DNAudit | user=null | ip=null | op=PUT_BLOCK {blockData=[blockId=conID: 3 locID: 102655680532513174 bcsId: 0,size=1048576]} | ret=SUCCESS |  
2019-08-21 15:29:35,996 | INFO  | DNAudit | user=null | ip=null | op=WRITE_CHUNK {blockData=conID: 3 locID: 102655680532513174 bcsId: 0} | ret=SUCCESS |  
2019-08-21 15:29:35,997 | INFO  | DNAudit | user=null | ip=null | op=WRITE_CHUNK {blockData=conID: 3 locID: 102655680532513174 bcsId: 0} | ret=SUCCESS |  
2019-08-21 15:29:35,997 | INFO  | DNAudit | user=null | ip=null | op=PUT_BLOCK {blockData=[blockId=conID: 3 locID: 102655680532513174 bcsId: 0,size=2097152]} | ret=SUCCESS |  
2019-08-21 15:29:35,997 [grpc-default-executor-4] INFO  client.GrpcClientProtocolClient (GrpcClientProtocolClient.java:onNext(255)) - client-029E50227556->355864cd-7ac5-4934-b366-9756b15dd90f: receive RaftClientReply:client-029E50227556->355864cd-7ac5-4934-b366-9756b15dd90f@group-785BCF25C267, cid=631, SUCCESS, logIndex=0, commits[355864cd-7ac5-4934-b366-9756b15dd90f:c764, ce4aa411-63c8-4399-99eb-27ce352844f3:c759, 3eeffb0a-787e-48ec-a2f5-d0c540a89489:c760]
2019-08-21 15:29:35,997 | INFO  | DNAudit | user=null | ip=null | op=PUT_BLOCK {blockData=[blockId=conID: 3 locID: 102655680532513174 bcsId: 0,size=2097152]} | ret=SUCCESS |  
2019-08-21 15:29:36,007 | INFO  | DNAudit | user=null | ip=null | op=WRITE_CHUNK {blockData=conID: 3 locID: 102655680532513174 bcsId: 761} | ret=SUCCESS |  
2019-08-21 15:29:36,011 | INFO  | DNAudit | user=null | ip=null | op=WRITE_CHUNK {blockData=conID: 3 locID: 102655680532513174 bcsId: 761} | ret=SUCCESS |  
2019-08-21 15:29:36,011 | INFO  | DNAudit | user=null | ip=null | op=WRITE_CHUNK {blockData=conID: 3 locID: 102655680532513174 bcsId: 761} | ret=SUCCESS |  
2019-08-21 15:29:36,013 | INFO  | DNAudit | user=null | ip=null | op=WRITE_CHUNK {blockData=conID: 3 locID: 102655680532513174 bcsId: 761} | ret=SUCCESS |  
2019-08-21 15:29:36,014 | INFO  | DNAudit | user=null | ip=null | op=PUT_BLOCK {blockData=[blockId=conID: 3 locID: 102655680532513174 bcsId: 0,size=3145728]} | ret=SUCCESS |  
2019-08-21 15:29:36,014 [grpc-default-executor-2] INFO  client.GrpcClientProtocolClient (GrpcClientProtocolClient.java:onNext(255)) - client-029E50227556->355864cd-7ac5-4934-b366-9756b15dd90f: receive RaftClientReply:client-029E50227556->355864cd-7ac5-4934-b366-9756b15dd90f@group-785BCF25C267, cid=632, SUCCESS, logIndex=766, commits[355864cd-7ac5-4934-b366-9756b15dd90f:c767, ce4aa411-63c8-4399-99eb-27ce352844f3:c765, 3eeffb0a-787e-48ec-a2f5-d0c540a89489:c761]
2019-08-21 15:29:36,015 [grpc-default-executor-2] INFO  client.GrpcClientProtocolClient (GrpcClientProtocolClient.java:onNext(255)) - client-029E50227556->355864cd-7ac5-4934-b366-9756b15dd90f: receive RaftClientReply:client-029E50227556->355864cd-7ac5-4934-b366-9756b15dd90f@group-785BCF25C267, cid=633, SUCCESS, logIndex=767, commits[355864cd-7ac5-4934-b366-9756b15dd90f:c767, ce4aa411-63c8-4399-99eb-27ce352844f3:c765, 3eeffb0a-787e-48ec-a2f5-d0c540a89489:c765]
2019-08-21 15:29:36,024 | INFO  | DNAudit | user=null | ip=null | op=WRITE_CHUNK {blockData=conID: 3 locID: 102655680532513174 bcsId: 767} | ret=SUCCESS |  
2019-08-21 15:29:36,025 | INFO  | DNAudit | user=null | ip=null | op=WRITE_CHUNK {blockData=conID: 3 locID: 102655680532513174 bcsId: 761} | ret=SUCCESS |  
2019-08-21 15:29:36,026 | INFO  | DNAudit | user=null | ip=null | op=WRITE_CHUNK {blockData=conID: 3 locID: 102655680532513174 bcsId: 761} | ret=SUCCESS |  
2019-08-21 15:29:36,026 | INFO  | DNAudit | user=null | ip=null | op=PUT_BLOCK {blockData=[blockId=conID: 3 locID: 102655680532513174 bcsId: 0,size=3145728]} | ret=SUCCESS |  
2019-08-21 15:29:36,026 | INFO  | DNAudit | user=null | ip=null | op=PUT_BLOCK {blockData=[blockId=conID: 3 locID: 102655680532513174 bcsId: 0,size=3145728]} | ret=SUCCESS |  
2019-08-21 15:29:36,028 | INFO  | DNAudit | user=null | ip=null | op=WRITE_CHUNK {blockData=conID: 3 locID: 102655680532513174 bcsId: 767} | ret=SUCCESS |  
2019-08-21 15:29:36,028 | INFO  | DNAudit | user=null | ip=null | op=WRITE_CHUNK {blockData=conID: 3 locID: 102655680532513174 bcsId: 767} | ret=SUCCESS |  
2019-08-21 15:29:36,040 | INFO  | DNAudit | user=null | ip=null | op=WRITE_CHUNK {blockData=conID: 3 locID: 102655680532513174 bcsId: 767} | ret=SUCCESS |  
2019-08-21 15:29:36,041 | INFO  | DNAudit | user=null | ip=null | op=PUT_BLOCK {blockData=[blockId=conID: 3 locID: 102655680532513174 bcsId: 0,size=4194304]} | ret=SUCCESS |  
2019-08-21 15:29:36,041 [grpc-default-executor-3] INFO  client.GrpcClientProtocolClient (GrpcClientProtocolClient.java:onNext(255)) - client-029E50227556->355864cd-7ac5-4934-b366-9756b15dd90f: receive RaftClientReply:client-029E50227556->355864cd-7ac5-4934-b366-9756b15dd90f@group-785BCF25C267, cid=634, SUCCESS, logIndex=770, commits[355864cd-7ac5-4934-b366-9756b15dd90f:c771, ce4aa411-63c8-4399-99eb-27ce352844f3:c767, 3eeffb0a-787e-48ec-a2f5-d0c540a89489:c767]
2019-08-21 15:29:36,042 [grpc-default-executor-3] INFO  client.GrpcClientProtocolClient (GrpcClientProtocolClient.java:onNext(255)) - client-029E50227556->355864cd-7ac5-4934-b366-9756b15dd90f: receive RaftClientReply:client-029E50227556->355864cd-7ac5-4934-b366-9756b15dd90f@group-785BCF25C267, cid=635, SUCCESS, logIndex=771, commits[355864cd-7ac5-4934-b366-9756b15dd90f:c771, ce4aa411-63c8-4399-99eb-27ce352844f3:c767, 3eeffb0a-787e-48ec-a2f5-d0c540a89489:c767]
2019-08-21 15:29:36,051 | INFO  | DNAudit | user=null | ip=null | op=WRITE_CHUNK {blockData=conID: 3 locID: 102655680532513174 bcsId: 767} | ret=SUCCESS |  
2019-08-21 15:29:36,051 | INFO  | DNAudit | user=null | ip=null | op=WRITE_CHUNK {blockData=conID: 3 locID: 102655680532513174 bcsId: 767} | ret=SUCCESS |  
2019-08-21 15:29:36,052 | INFO  | DNAudit | user=null | ip=null | op=PUT_BLOCK {blockData=[blockId=conID: 3 locID: 102655680532513174 bcsId: 0,size=4194304]} | ret=SUCCESS |  
2019-08-21 15:29:36,052 | INFO  | DNAudit | user=null | ip=null | op=PUT_BLOCK {blockData=[blockId=conID: 3 locID: 102655680532513174 bcsId: 0,size=4194304]} | ret=SUCCESS |  
2019-08-21 15:29:36,052 [grpc-default-executor-3] INFO  client.GrpcClientProtocolClient (GrpcClientProtocolClient.java:onNext(255)) - client-029E50227556->355864cd-7ac5-4934-b366-9756b15dd90f: receive RaftClientReply:client-029E50227556->355864cd-7ac5-4934-b366-9756b15dd90f@group-785BCF25C267, cid=636, SUCCESS, logIndex=0, commits[355864cd-7ac5-4934-b366-9756b15dd90f:c772, ce4aa411-63c8-4399-99eb-27ce352844f3:c771, 3eeffb0a-787e-48ec-a2f5-d0c540a89489:c771]
2019-08-21 15:29:36,062 | INFO  | DNAudit | user=null | ip=null | op=WRITE_CHUNK {blockData=conID: 1 locID: 102655680532513175 bcsId: 0} | ret=SUCCESS |  
2019-08-21 15:29:36,066 | INFO  | DNAudit | user=null | ip=null | op=WRITE_CHUNK {blockData=conID: 1 locID: 102655680532513175 bcsId: 0} | ret=SUCCESS |  
2019-08-21 15:29:36,067 | INFO  | DNAudit | user=null | ip=null | op=WRITE_CHUNK {blockData=conID: 1 locID: 102655680532513175 bcsId: 0} | ret=SUCCESS |  
2019-08-21 15:29:36,067 | INFO  | DNAudit | user=null | ip=null | op=WRITE_CHUNK {blockData=conID: 1 locID: 102655680532513175 bcsId: 0} | ret=SUCCESS |  
2019-08-21 15:29:36,070 | INFO  | DNAudit | user=null | ip=null | op=WRITE_CHUNK {blockData=conID: 1 locID: 102655680532513175 bcsId: 0} | ret=SUCCESS |  
2019-08-21 15:29:36,070 | INFO  | DNAudit | user=null | ip=null | op=WRITE_CHUNK {blockData=conID: 1 locID: 102655680532513175 bcsId: 0} | ret=SUCCESS |  
2019-08-21 15:29:36,075 | INFO  | DNAudit | user=null | ip=null | op=WRITE_CHUNK {blockData=conID: 1 locID: 102655680532513175 bcsId: 0} | ret=SUCCESS |  
2019-08-21 15:29:36,075 | INFO  | DNAudit | user=null | ip=null | op=PUT_BLOCK {blockData=[blockId=conID: 1 locID: 102655680532513175 bcsId: 0,size=1048576]} | ret=SUCCESS |  
2019-08-21 15:29:36,076 | INFO  | DNAudit | user=null | ip=null | op=WRITE_CHUNK {blockData=conID: 1 locID: 102655680532513175 bcsId: 0} | ret=SUCCESS |  
2019-08-21 15:29:36,076 [grpc-default-executor-3] INFO  client.GrpcClientProtocolClient (GrpcClientProtocolClient.java:onNext(255)) - client-029E50227556->355864cd-7ac5-4934-b366-9756b15dd90f: receive RaftClientReply:client-029E50227556->355864cd-7ac5-4934-b366-9756b15dd90f@group-785BCF25C267, cid=637, SUCCESS, logIndex=774, commits[355864cd-7ac5-4934-b366-9756b15dd90f:c775, ce4aa411-63c8-4399-99eb-27ce352844f3:c773, 3eeffb0a-787e-48ec-a2f5-d0c540a89489:c773]
2019-08-21 15:29:36,076 | INFO  | DNAudit | user=null | ip=null | op=PUT_BLOCK {blockData=[blockId=conID: 1 locID: 102655680532513175 bcsId: 0,size=2097152]} | ret=SUCCESS |  
2019-08-21 15:29:36,077 | INFO  | DNAudit | user=null | ip=null | op=WRITE_CHUNK {blockData=conID: 1 locID: 102655680532513175 bcsId: 0} | ret=SUCCESS |  
2019-08-21 15:29:36,077 | INFO  | DNAudit | user=null | ip=null | op=WRITE_CHUNK {blockData=conID: 1 locID: 102655680532513175 bcsId: 0} | ret=SUCCESS |  
2019-08-21 15:29:36,077 [grpc-default-executor-3] INFO  client.GrpcClientProtocolClient (GrpcClientProtocolClient.java:onNext(255)) - client-029E50227556->355864cd-7ac5-4934-b366-9756b15dd90f: receive RaftClientReply:client-029E50227556->355864cd-7ac5-4934-b366-9756b15dd90f@group-785BCF25C267, cid=638, SUCCESS, logIndex=775, commits[355864cd-7ac5-4934-b366-9756b15dd90f:c777, ce4aa411-63c8-4399-99eb-27ce352844f3:c773, 3eeffb0a-787e-48ec-a2f5-d0c540a89489:c773]
2019-08-21 15:29:36,077 | INFO  | DNAudit | user=null | ip=null | op=PUT_BLOCK {blockData=[blockId=conID: 1 locID: 102655680532513175 bcsId: 0,size=1048576]} | ret=SUCCESS |  
2019-08-21 15:29:36,077 | INFO  | DNAudit | user=null | ip=null | op=PUT_BLOCK {blockData=[blockId=conID: 1 locID: 102655680532513175 bcsId: 0,size=1048576]} | ret=SUCCESS |  
2019-08-21 15:29:36,077 [grpc-default-executor-3] INFO  client.GrpcClientProtocolClient (GrpcClientProtocolClient.java:onNext(255)) - client-029E50227556->355864cd-7ac5-4934-b366-9756b15dd90f: receive RaftClientReply:client-029E50227556->355864cd-7ac5-4934-b366-9756b15dd90f@group-785BCF25C267, cid=639, SUCCESS, logIndex=776, commits[355864cd-7ac5-4934-b366-9756b15dd90f:c777, ce4aa411-63c8-4399-99eb-27ce352844f3:c773, 3eeffb0a-787e-48ec-a2f5-d0c540a89489:c773]
2019-08-21 15:29:36,078 [grpc-default-executor-3] INFO  client.GrpcClientProtocolClient (GrpcClientProtocolClient.java:onNext(255)) - client-029E50227556->355864cd-7ac5-4934-b366-9756b15dd90f: receive RaftClientReply:client-029E50227556->355864cd-7ac5-4934-b366-9756b15dd90f@group-785BCF25C267, cid=640, SUCCESS, logIndex=777, commits[355864cd-7ac5-4934-b366-9756b15dd90f:c777, ce4aa411-63c8-4399-99eb-27ce352844f3:c773, 3eeffb0a-787e-48ec-a2f5-d0c540a89489:c773]
2019-08-21 15:29:36,078 | INFO  | DNAudit | user=null | ip=null | op=WRITE_CHUNK {blockData=conID: 1 locID: 102655680532513175 bcsId: 0} | ret=SUCCESS |  
2019-08-21 15:29:36,078 | INFO  | DNAudit | user=null | ip=null | op=WRITE_CHUNK {blockData=conID: 1 locID: 102655680532513175 bcsId: 0} | ret=SUCCESS |  
2019-08-21 15:29:36,079 | INFO  | DNAudit | user=null | ip=null | op=PUT_BLOCK {blockData=[blockId=conID: 1 locID: 102655680532513175 bcsId: 0,size=2097152]} | ret=SUCCESS |  
2019-08-21 15:29:36,079 | INFO  | DNAudit | user=null | ip=null | op=PUT_BLOCK {blockData=[blockId=conID: 1 locID: 102655680532513175 bcsId: 0,size=2097152]} | ret=SUCCESS |  
2019-08-21 15:29:36,079 [grpc-default-executor-3] INFO  client.GrpcClientProtocolClient (GrpcClientProtocolClient.java:onNext(255)) - client-029E50227556->355864cd-7ac5-4934-b366-9756b15dd90f: receive RaftClientReply:client-029E50227556->355864cd-7ac5-4934-b366-9756b15dd90f@group-785BCF25C267, cid=641, SUCCESS, logIndex=0, commits[355864cd-7ac5-4934-b366-9756b15dd90f:c781, ce4aa411-63c8-4399-99eb-27ce352844f3:c776, 3eeffb0a-787e-48ec-a2f5-d0c540a89489:c777]
2019-08-21 15:29:36,088 | INFO  | DNAudit | user=null | ip=null | op=WRITE_CHUNK {blockData=conID: 1 locID: 102655680532513175 bcsId: 777} | ret=SUCCESS |  
2019-08-21 15:29:36,092 | INFO  | DNAudit | user=null | ip=null | op=WRITE_CHUNK {blockData=conID: 1 locID: 102655680532513175 bcsId: 777} | ret=SUCCESS |  
2019-08-21 15:29:36,092 | INFO  | DNAudit | user=null | ip=null | op=WRITE_CHUNK {blockData=conID: 1 locID: 102655680532513175 bcsId: 777} | ret=SUCCESS |  
2019-08-21 15:29:36,102 | INFO  | DNAudit | user=null | ip=null | op=WRITE_CHUNK {blockData=conID: 1 locID: 102655680532513175 bcsId: 777} | ret=SUCCESS |  
2019-08-21 15:29:36,102 | INFO  | DNAudit | user=null | ip=null | op=PUT_BLOCK {blockData=[blockId=conID: 1 locID: 102655680532513175 bcsId: 0,size=3145728]} | ret=SUCCESS |  
2019-08-21 15:29:36,102 [grpc-default-executor-2] INFO  client.GrpcClientProtocolClient (GrpcClientProtocolClient.java:onNext(255)) - client-029E50227556->355864cd-7ac5-4934-b366-9756b15dd90f: receive RaftClientReply:client-029E50227556->355864cd-7ac5-4934-b366-9756b15dd90f@group-785BCF25C267, cid=642, SUCCESS, logIndex=782, commits[355864cd-7ac5-4934-b366-9756b15dd90f:c783, ce4aa411-63c8-4399-99eb-27ce352844f3:c781, 3eeffb0a-787e-48ec-a2f5-d0c540a89489:c781]
2019-08-21 15:29:36,103 [grpc-default-executor-2] INFO  client.GrpcClientProtocolClient (GrpcClientProtocolClient.java:onNext(255)) - client-029E50227556->355864cd-7ac5-4934-b366-9756b15dd90f: receive RaftClientReply:client-029E50227556->355864cd-7ac5-4934-b366-9756b15dd90f@group-785BCF25C267, cid=643, SUCCESS, logIndex=783, commits[355864cd-7ac5-4934-b366-9756b15dd90f:c783, ce4aa411-63c8-4399-99eb-27ce352844f3:c781, 3eeffb0a-787e-48ec-a2f5-d0c540a89489:c781]
2019-08-21 15:29:36,107 | INFO  | SCMAudit | user=jenkins1000 | ip=192.168.5.153 | op=SEND_HEARTBEAT {datanodeUUID=355864cd-7ac5-4934-b366-9756b15dd90f, command=[]} | ret=SUCCESS |  
2019-08-21 15:29:36,107 | INFO  | SCMAudit | user=jenkins1000 | ip=192.168.5.153 | op=SEND_HEARTBEAT {datanodeUUID=ce4aa411-63c8-4399-99eb-27ce352844f3, command=[]} | ret=SUCCESS |  
2019-08-21 15:29:36,107 | INFO  | SCMAudit | user=jenkins1000 | ip=192.168.5.153 | op=SEND_HEARTBEAT {datanodeUUID=3eeffb0a-787e-48ec-a2f5-d0c540a89489, command=[]} | ret=SUCCESS |  
2019-08-21 15:29:36,112 | INFO  | DNAudit | user=null | ip=null | op=WRITE_CHUNK {blockData=conID: 1 locID: 102655680532513175 bcsId: 783} | ret=SUCCESS |  
2019-08-21 15:29:36,113 | INFO  | DNAudit | user=null | ip=null | op=WRITE_CHUNK {blockData=conID: 1 locID: 102655680532513175 bcsId: 777} | ret=SUCCESS |  
2019-08-21 15:29:36,114 | INFO  | DNAudit | user=null | ip=null | op=WRITE_CHUNK {blockData=conID: 1 locID: 102655680532513175 bcsId: 777} | ret=SUCCESS |  
2019-08-21 15:29:36,114 | INFO  | DNAudit | user=null | ip=null | op=PUT_BLOCK {blockData=[blockId=conID: 1 locID: 102655680532513175 bcsId: 0,size=3145728]} | ret=SUCCESS |  
2019-08-21 15:29:36,114 | INFO  | DNAudit | user=null | ip=null | op=PUT_BLOCK {blockData=[blockId=conID: 1 locID: 102655680532513175 bcsId: 0,size=3145728]} | ret=SUCCESS |  
2019-08-21 15:29:36,116 | INFO  | DNAudit | user=null | ip=null | op=WRITE_CHUNK {blockData=conID: 1 locID: 102655680532513175 bcsId: 783} | ret=SUCCESS |  
2019-08-21 15:29:36,116 | INFO  | DNAudit | user=null | ip=null | op=WRITE_CHUNK {blockData=conID: 1 locID: 102655680532513175 bcsId: 783} | ret=SUCCESS |  
2019-08-21 15:29:36,128 | INFO  | DNAudit | user=null | ip=null | op=WRITE_CHUNK {blockData=conID: 1 locID: 102655680532513175 bcsId: 783} | ret=SUCCESS |  
2019-08-21 15:29:36,129 | INFO  | DNAudit | user=null | ip=null | op=PUT_BLOCK {blockData=[blockId=conID: 1 locID: 102655680532513175 bcsId: 0,size=4194304]} | ret=SUCCESS |  
2019-08-21 15:29:36,129 [grpc-default-executor-2] INFO  client.GrpcClientProtocolClient (GrpcClientProtocolClient.java:onNext(255)) - client-029E50227556->355864cd-7ac5-4934-b366-9756b15dd90f: receive RaftClientReply:client-029E50227556->355864cd-7ac5-4934-b366-9756b15dd90f@group-785BCF25C267, cid=644, SUCCESS, logIndex=786, commits[355864cd-7ac5-4934-b366-9756b15dd90f:c787, ce4aa411-63c8-4399-99eb-27ce352844f3:c783, 3eeffb0a-787e-48ec-a2f5-d0c540a89489:c783]
2019-08-21 15:29:36,130 [grpc-default-executor-2] INFO  client.GrpcClientProtocolClient (GrpcClientProtocolClient.java:onNext(255)) - client-029E50227556->355864cd-7ac5-4934-b366-9756b15dd90f: receive RaftClientReply:client-029E50227556->355864cd-7ac5-4934-b366-9756b15dd90f@group-785BCF25C267, cid=645, SUCCESS, logIndex=787, commits[355864cd-7ac5-4934-b366-9756b15dd90f:c787, ce4aa411-63c8-4399-99eb-27ce352844f3:c783, 3eeffb0a-787e-48ec-a2f5-d0c540a89489:c783]
2019-08-21 15:29:36,140 | INFO  | DNAudit | user=null | ip=null | op=WRITE_CHUNK {blockData=conID: 1 locID: 102655680532513175 bcsId: 783} | ret=SUCCESS |  
2019-08-21 15:29:36,141 | INFO  | DNAudit | user=null | ip=null | op=WRITE_CHUNK {blockData=conID: 1 locID: 102655680532513175 bcsId: 783} | ret=SUCCESS |  
2019-08-21 15:29:36,141 | INFO  | DNAudit | user=null | ip=null | op=PUT_BLOCK {blockData=[blockId=conID: 1 locID: 102655680532513175 bcsId: 0,size=4194304]} | ret=SUCCESS |  
2019-08-21 15:29:36,142 | INFO  | DNAudit | user=null | ip=null | op=PUT_BLOCK {blockData=[blockId=conID: 1 locID: 102655680532513175 bcsId: 0,size=4194304]} | ret=SUCCESS |  
2019-08-21 15:29:36,143 [grpc-default-executor-2] INFO  client.GrpcClientProtocolClient (GrpcClientProtocolClient.java:onNext(255)) - client-029E50227556->355864cd-7ac5-4934-b366-9756b15dd90f: receive RaftClientReply:client-029E50227556->355864cd-7ac5-4934-b366-9756b15dd90f@group-785BCF25C267, cid=646, SUCCESS, logIndex=0, commits[355864cd-7ac5-4934-b366-9756b15dd90f:c789, ce4aa411-63c8-4399-99eb-27ce352844f3:c787, 3eeffb0a-787e-48ec-a2f5-d0c540a89489:c787]
2019-08-21 15:29:36,151 | INFO  | DNAudit | user=null | ip=null | op=WRITE_CHUNK {blockData=conID: 2 locID: 102655680532513176 bcsId: 0} | ret=SUCCESS |  
2019-08-21 15:29:36,154 | INFO  | DNAudit | user=null | ip=null | op=WRITE_CHUNK {blockData=conID: 2 locID: 102655680532513176 bcsId: 0} | ret=SUCCESS |  
2019-08-21 15:29:36,155 | INFO  | DNAudit | user=null | ip=null | op=WRITE_CHUNK {blockData=conID: 2 locID: 102655680532513176 bcsId: 0} | ret=SUCCESS |  
2019-08-21 15:29:36,156 | INFO  | DNAudit | user=null | ip=null | op=WRITE_CHUNK {blockData=conID: 2 locID: 102655680532513176 bcsId: 0} | ret=SUCCESS |  
2019-08-21 15:29:36,158 | INFO  | DNAudit | user=null | ip=null | op=WRITE_CHUNK {blockData=conID: 2 locID: 102655680532513176 bcsId: 0} | ret=SUCCESS |  
2019-08-21 15:29:36,159 | INFO  | DNAudit | user=null | ip=null | op=WRITE_CHUNK {blockData=conID: 2 locID: 102655680532513176 bcsId: 0} | ret=SUCCESS |  
2019-08-21 15:29:36,164 | INFO  | DNAudit | user=null | ip=null | op=WRITE_CHUNK {blockData=conID: 2 locID: 102655680532513176 bcsId: 0} | ret=SUCCESS |  
2019-08-21 15:29:36,165 | INFO  | DNAudit | user=null | ip=null | op=PUT_BLOCK {blockData=[blockId=conID: 2 locID: 102655680532513176 bcsId: 0,size=1048576]} | ret=SUCCESS |  
2019-08-21 15:29:36,165 | INFO  | DNAudit | user=null | ip=null | op=WRITE_CHUNK {blockData=conID: 2 locID: 102655680532513176 bcsId: 0} | ret=SUCCESS |  
2019-08-21 15:29:36,165 [grpc-default-executor-4] INFO  client.GrpcClientProtocolClient (GrpcClientProtocolClient.java:onNext(255)) - client-029E50227556->355864cd-7ac5-4934-b366-9756b15dd90f: receive RaftClientReply:client-029E50227556->355864cd-7ac5-4934-b366-9756b15dd90f@group-785BCF25C267, cid=647, SUCCESS, logIndex=790, commits[355864cd-7ac5-4934-b366-9756b15dd90f:c791, ce4aa411-63c8-4399-99eb-27ce352844f3:c789, 3eeffb0a-787e-48ec-a2f5-d0c540a89489:c789]
2019-08-21 15:29:36,166 | INFO  | DNAudit | user=null | ip=null | op=PUT_BLOCK {blockData=[blockId=conID: 2 locID: 102655680532513176 bcsId: 0,size=2097152]} | ret=SUCCESS |  
2019-08-21 15:29:36,166 | INFO  | DNAudit | user=null | ip=null | op=WRITE_CHUNK {blockData=conID: 2 locID: 102655680532513176 bcsId: 0} | ret=SUCCESS |  
2019-08-21 15:29:36,166 [grpc-default-executor-3] INFO  client.GrpcClientProtocolClient (GrpcClientProtocolClient.java:onNext(255)) - client-029E50227556->355864cd-7ac5-4934-b366-9756b15dd90f: receive RaftClientReply:client-029E50227556->355864cd-7ac5-4934-b366-9756b15dd90f@group-785BCF25C267, cid=648, SUCCESS, logIndex=791, commits[355864cd-7ac5-4934-b366-9756b15dd90f:c793, ce4aa411-63c8-4399-99eb-27ce352844f3:c789, 3eeffb0a-787e-48ec-a2f5-d0c540a89489:c789]
2019-08-21 15:29:36,166 | INFO  | DNAudit | user=null | ip=null | op=PUT_BLOCK {blockData=[blockId=conID: 2 locID: 102655680532513176 bcsId: 0,size=1048576]} | ret=SUCCESS |  
2019-08-21 15:29:36,166 [grpc-default-executor-3] INFO  client.GrpcClientProtocolClient (GrpcClientProtocolClient.java:onNext(255)) - client-029E50227556->355864cd-7ac5-4934-b366-9756b15dd90f: receive RaftClientReply:client-029E50227556->355864cd-7ac5-4934-b366-9756b15dd90f@group-785BCF25C267, cid=649, SUCCESS, logIndex=792, commits[355864cd-7ac5-4934-b366-9756b15dd90f:c793, ce4aa411-63c8-4399-99eb-27ce352844f3:c789, 3eeffb0a-787e-48ec-a2f5-d0c540a89489:c789]
2019-08-21 15:29:36,167 | INFO  | DNAudit | user=null | ip=null | op=WRITE_CHUNK {blockData=conID: 2 locID: 102655680532513176 bcsId: 0} | ret=SUCCESS |  
2019-08-21 15:29:36,167 [grpc-default-executor-3] INFO  client.GrpcClientProtocolClient (GrpcClientProtocolClient.java:onNext(255)) - client-029E50227556->355864cd-7ac5-4934-b366-9756b15dd90f: receive RaftClientReply:client-029E50227556->355864cd-7ac5-4934-b366-9756b15dd90f@group-785BCF25C267, cid=650, SUCCESS, logIndex=793, commits[355864cd-7ac5-4934-b366-9756b15dd90f:c793, ce4aa411-63c8-4399-99eb-27ce352844f3:c789, 3eeffb0a-787e-48ec-a2f5-d0c540a89489:c789]
2019-08-21 15:29:36,167 | INFO  | DNAudit | user=null | ip=null | op=WRITE_CHUNK {blockData=conID: 2 locID: 102655680532513176 bcsId: 0} | ret=SUCCESS |  
2019-08-21 15:29:36,167 | INFO  | DNAudit | user=null | ip=null | op=PUT_BLOCK {blockData=[blockId=conID: 2 locID: 102655680532513176 bcsId: 0,size=1048576]} | ret=SUCCESS |  
2019-08-21 15:29:36,167 | INFO  | DNAudit | user=null | ip=null | op=PUT_BLOCK {blockData=[blockId=conID: 2 locID: 102655680532513176 bcsId: 0,size=2097152]} | ret=SUCCESS |  
2019-08-21 15:29:36,168 | INFO  | DNAudit | user=null | ip=null | op=WRITE_CHUNK {blockData=conID: 2 locID: 102655680532513176 bcsId: 0} | ret=SUCCESS |  
2019-08-21 15:29:36,168 | INFO  | DNAudit | user=null | ip=null | op=PUT_BLOCK {blockData=[blockId=conID: 2 locID: 102655680532513176 bcsId: 0,size=2097152]} | ret=SUCCESS |  
2019-08-21 15:29:36,168 [grpc-default-executor-4] INFO  client.GrpcClientProtocolClient (GrpcClientProtocolClient.java:onNext(255)) - client-029E50227556->355864cd-7ac5-4934-b366-9756b15dd90f: receive RaftClientReply:client-029E50227556->355864cd-7ac5-4934-b366-9756b15dd90f@group-785BCF25C267, cid=651, SUCCESS, logIndex=0, commits[355864cd-7ac5-4934-b366-9756b15dd90f:c797, ce4aa411-63c8-4399-99eb-27ce352844f3:c792, 3eeffb0a-787e-48ec-a2f5-d0c540a89489:c793]
2019-08-21 15:29:36,178 | INFO  | DNAudit | user=null | ip=null | op=WRITE_CHUNK {blockData=conID: 2 locID: 102655680532513176 bcsId: 793} | ret=SUCCESS |  
2019-08-21 15:29:36,179 | INFO  | DNAudit | user=null | ip=null | op=WRITE_CHUNK {blockData=conID: 2 locID: 102655680532513176 bcsId: 793} | ret=SUCCESS |  
2019-08-21 15:29:36,181 | INFO  | DNAudit | user=null | ip=null | op=WRITE_CHUNK {blockData=conID: 2 locID: 102655680532513176 bcsId: 793} | ret=SUCCESS |  
2019-08-21 15:29:36,182 | INFO  | DNAudit | user=null | ip=null | op=WRITE_CHUNK {blockData=conID: 2 locID: 102655680532513176 bcsId: 793} | ret=SUCCESS |  
2019-08-21 15:29:36,182 | INFO  | DNAudit | user=null | ip=null | op=PUT_BLOCK {blockData=[blockId=conID: 2 locID: 102655680532513176 bcsId: 0,size=3145728]} | ret=SUCCESS |  
2019-08-21 15:29:36,183 [grpc-default-executor-3] INFO  client.GrpcClientProtocolClient (GrpcClientProtocolClient.java:onNext(255)) - client-029E50227556->355864cd-7ac5-4934-b366-9756b15dd90f: receive RaftClientReply:client-029E50227556->355864cd-7ac5-4934-b366-9756b15dd90f@group-785BCF25C267, cid=652, SUCCESS, logIndex=798, commits[355864cd-7ac5-4934-b366-9756b15dd90f:c799, ce4aa411-63c8-4399-99eb-27ce352844f3:c797, 3eeffb0a-787e-48ec-a2f5-d0c540a89489:c793]
2019-08-21 15:29:36,183 [grpc-default-executor-3] INFO  client.GrpcClientProtocolClient (GrpcClientProtocolClient.java:onNext(255)) - client-029E50227556->355864cd-7ac5-4934-b366-9756b15dd90f: receive RaftClientReply:client-029E50227556->355864cd-7ac5-4934-b366-9756b15dd90f@group-785BCF25C267, cid=653, SUCCESS, logIndex=799, commits[355864cd-7ac5-4934-b366-9756b15dd90f:c799, ce4aa411-63c8-4399-99eb-27ce352844f3:c797, 3eeffb0a-787e-48ec-a2f5-d0c540a89489:c793]
2019-08-21 15:29:36,191 | INFO  | DNAudit | user=null | ip=null | op=WRITE_CHUNK {blockData=conID: 2 locID: 102655680532513176 bcsId: 799} | ret=SUCCESS |  
2019-08-21 15:29:36,192 | INFO  | DNAudit | user=null | ip=null | op=WRITE_CHUNK {blockData=conID: 2 locID: 102655680532513176 bcsId: 793} | ret=SUCCESS |  
2019-08-21 15:29:36,192 | INFO  | DNAudit | user=null | ip=null | op=WRITE_CHUNK {blockData=conID: 2 locID: 102655680532513176 bcsId: 793} | ret=SUCCESS |  
2019-08-21 15:29:36,192 | INFO  | DNAudit | user=null | ip=null | op=PUT_BLOCK {blockData=[blockId=conID: 2 locID: 102655680532513176 bcsId: 0,size=3145728]} | ret=SUCCESS |  
2019-08-21 15:29:36,192 | INFO  | DNAudit | user=null | ip=null | op=PUT_BLOCK {blockData=[blockId=conID: 2 locID: 102655680532513176 bcsId: 0,size=3145728]} | ret=SUCCESS |  
2019-08-21 15:29:36,195 | INFO  | DNAudit | user=null | ip=null | op=WRITE_CHUNK {blockData=conID: 2 locID: 102655680532513176 bcsId: 799} | ret=SUCCESS |  
2019-08-21 15:29:36,195 | INFO  | DNAudit | user=null | ip=null | op=WRITE_CHUNK {blockData=conID: 2 locID: 102655680532513176 bcsId: 799} | ret=SUCCESS |  
2019-08-21 15:29:36,206 | INFO  | DNAudit | user=null | ip=null | op=WRITE_CHUNK {blockData=conID: 2 locID: 102655680532513176 bcsId: 799} | ret=SUCCESS |  
2019-08-21 15:29:36,206 | INFO  | DNAudit | user=null | ip=null | op=PUT_BLOCK {blockData=[blockId=conID: 2 locID: 102655680532513176 bcsId: 0,size=4194304]} | ret=SUCCESS |  
2019-08-21 15:29:36,207 [grpc-default-executor-3] INFO  client.GrpcClientProtocolClient (GrpcClientProtocolClient.java:onNext(255)) - client-029E50227556->355864cd-7ac5-4934-b366-9756b15dd90f: receive RaftClientReply:client-029E50227556->355864cd-7ac5-4934-b366-9756b15dd90f@group-785BCF25C267, cid=654, SUCCESS, logIndex=802, commits[355864cd-7ac5-4934-b366-9756b15dd90f:c803, ce4aa411-63c8-4399-99eb-27ce352844f3:c799, 3eeffb0a-787e-48ec-a2f5-d0c540a89489:c799]
2019-08-21 15:29:36,207 [grpc-default-executor-3] INFO  client.GrpcClientProtocolClient (GrpcClientProtocolClient.java:onNext(255)) - client-029E50227556->355864cd-7ac5-4934-b366-9756b15dd90f: receive RaftClientReply:client-029E50227556->355864cd-7ac5-4934-b366-9756b15dd90f@group-785BCF25C267, cid=655, SUCCESS, logIndex=803, commits[355864cd-7ac5-4934-b366-9756b15dd90f:c803, ce4aa411-63c8-4399-99eb-27ce352844f3:c799, 3eeffb0a-787e-48ec-a2f5-d0c540a89489:c799]
2019-08-21 15:29:36,208 | INFO  | DNAudit | user=null | ip=null | op=WRITE_CHUNK {blockData=conID: 2 locID: 102655680532513176 bcsId: 799} | ret=SUCCESS |  
2019-08-21 15:29:36,208 | INFO  | DNAudit | user=null | ip=null | op=PUT_BLOCK {blockData=[blockId=conID: 2 locID: 102655680532513176 bcsId: 0,size=4194304]} | ret=SUCCESS |  
2019-08-21 15:29:36,208 | INFO  | DNAudit | user=null | ip=null | op=WRITE_CHUNK {blockData=conID: 2 locID: 102655680532513176 bcsId: 799} | ret=SUCCESS |  
2019-08-21 15:29:36,209 | INFO  | DNAudit | user=null | ip=null | op=PUT_BLOCK {blockData=[blockId=conID: 2 locID: 102655680532513176 bcsId: 0,size=4194304]} | ret=SUCCESS |  
2019-08-21 15:29:36,209 [grpc-default-executor-3] INFO  client.GrpcClientProtocolClient (GrpcClientProtocolClient.java:onNext(255)) - client-029E50227556->355864cd-7ac5-4934-b366-9756b15dd90f: receive RaftClientReply:client-029E50227556->355864cd-7ac5-4934-b366-9756b15dd90f@group-785BCF25C267, cid=656, SUCCESS, logIndex=0, commits[355864cd-7ac5-4934-b366-9756b15dd90f:c804, ce4aa411-63c8-4399-99eb-27ce352844f3:c803, 3eeffb0a-787e-48ec-a2f5-d0c540a89489:c803]
2019-08-21 15:29:36,217 | INFO  | DNAudit | user=null | ip=null | op=WRITE_CHUNK {blockData=conID: 3 locID: 102655680532513177 bcsId: 0} | ret=SUCCESS |  
2019-08-21 15:29:36,222 | INFO  | DNAudit | user=null | ip=null | op=WRITE_CHUNK {blockData=conID: 3 locID: 102655680532513177 bcsId: 0} | ret=SUCCESS |  
2019-08-21 15:29:36,223 | INFO  | DNAudit | user=null | ip=null | op=WRITE_CHUNK {blockData=conID: 3 locID: 102655680532513177 bcsId: 0} | ret=SUCCESS |  
2019-08-21 15:29:36,223 | INFO  | DNAudit | user=null | ip=null | op=WRITE_CHUNK {blockData=conID: 3 locID: 102655680532513177 bcsId: 0} | ret=SUCCESS |  
2019-08-21 15:29:36,225 | INFO  | DNAudit | user=null | ip=null | op=WRITE_CHUNK {blockData=conID: 3 locID: 102655680532513177 bcsId: 0} | ret=SUCCESS |  
2019-08-21 15:29:36,225 | INFO  | DNAudit | user=null | ip=null | op=WRITE_CHUNK {blockData=conID: 3 locID: 102655680532513177 bcsId: 0} | ret=SUCCESS |  
2019-08-21 15:29:36,229 | INFO  | DNAudit | user=null | ip=null | op=WRITE_CHUNK {blockData=conID: 3 locID: 102655680532513177 bcsId: 0} | ret=SUCCESS |  
2019-08-21 15:29:36,229 | INFO  | DNAudit | user=null | ip=null | op=PUT_BLOCK {blockData=[blockId=conID: 3 locID: 102655680532513177 bcsId: 0,size=1048576]} | ret=SUCCESS |  
2019-08-21 15:29:36,229 [grpc-default-executor-2] INFO  client.GrpcClientProtocolClient (GrpcClientProtocolClient.java:onNext(255)) - client-029E50227556->355864cd-7ac5-4934-b366-9756b15dd90f: receive RaftClientReply:client-029E50227556->355864cd-7ac5-4934-b366-9756b15dd90f@group-785BCF25C267, cid=657, SUCCESS, logIndex=806, commits[355864cd-7ac5-4934-b366-9756b15dd90f:c807, ce4aa411-63c8-4399-99eb-27ce352844f3:c805, 3eeffb0a-787e-48ec-a2f5-d0c540a89489:c805]
2019-08-21 15:29:36,230 | INFO  | DNAudit | user=null | ip=null | op=WRITE_CHUNK {blockData=conID: 3 locID: 102655680532513177 bcsId: 0} | ret=SUCCESS |  
2019-08-21 15:29:36,230 [grpc-default-executor-2] INFO  client.GrpcClientProtocolClient (GrpcClientProtocolClient.java:onNext(255)) - client-029E50227556->355864cd-7ac5-4934-b366-9756b15dd90f: receive RaftClientReply:client-029E50227556->355864cd-7ac5-4934-b366-9756b15dd90f@group-785BCF25C267, cid=658, SUCCESS, logIndex=807, commits[355864cd-7ac5-4934-b366-9756b15dd90f:c807, ce4aa411-63c8-4399-99eb-27ce352844f3:c805, 3eeffb0a-787e-48ec-a2f5-d0c540a89489:c805]
2019-08-21 15:29:36,230 | INFO  | DNAudit | user=null | ip=null | op=PUT_BLOCK {blockData=[blockId=conID: 3 locID: 102655680532513177 bcsId: 0,size=2097152]} | ret=SUCCESS |  
2019-08-21 15:29:36,230 [grpc-default-executor-2] INFO  client.GrpcClientProtocolClient (GrpcClientProtocolClient.java:onNext(255)) - client-029E50227556->355864cd-7ac5-4934-b366-9756b15dd90f: receive RaftClientReply:client-029E50227556->355864cd-7ac5-4934-b366-9756b15dd90f@group-785BCF25C267, cid=659, SUCCESS, logIndex=808, commits[355864cd-7ac5-4934-b366-9756b15dd90f:c809, ce4aa411-63c8-4399-99eb-27ce352844f3:c805, 3eeffb0a-787e-48ec-a2f5-d0c540a89489:c805]
2019-08-21 15:29:36,231 [grpc-default-executor-2] INFO  client.GrpcClientProtocolClient (GrpcClientProtocolClient.java:onNext(255)) - client-029E50227556->355864cd-7ac5-4934-b366-9756b15dd90f: receive RaftClientReply:client-029E50227556->355864cd-7ac5-4934-b366-9756b15dd90f@group-785BCF25C267, cid=660, SUCCESS, logIndex=809, commits[355864cd-7ac5-4934-b366-9756b15dd90f:c809, ce4aa411-63c8-4399-99eb-27ce352844f3:c805, 3eeffb0a-787e-48ec-a2f5-d0c540a89489:c805]
2019-08-21 15:29:36,231 | INFO  | DNAudit | user=null | ip=null | op=WRITE_CHUNK {blockData=conID: 3 locID: 102655680532513177 bcsId: 0} | ret=SUCCESS |  
2019-08-21 15:29:36,232 | INFO  | DNAudit | user=null | ip=null | op=PUT_BLOCK {blockData=[blockId=conID: 3 locID: 102655680532513177 bcsId: 0,size=1048576]} | ret=SUCCESS |  
2019-08-21 15:29:36,232 | INFO  | DNAudit | user=null | ip=null | op=WRITE_CHUNK {blockData=conID: 3 locID: 102655680532513177 bcsId: 0} | ret=SUCCESS |  
2019-08-21 15:29:36,232 | INFO  | DNAudit | user=null | ip=null | op=WRITE_CHUNK {blockData=conID: 3 locID: 102655680532513177 bcsId: 0} | ret=SUCCESS |  
2019-08-21 15:29:36,233 | INFO  | DNAudit | user=null | ip=null | op=PUT_BLOCK {blockData=[blockId=conID: 3 locID: 102655680532513177 bcsId: 0,size=1048576]} | ret=SUCCESS |  
2019-08-21 15:29:36,233 [grpc-default-executor-2] INFO  client.GrpcClientProtocolClient (GrpcClientProtocolClient.java:onNext(255)) - client-029E50227556->355864cd-7ac5-4934-b366-9756b15dd90f: receive RaftClientReply:client-029E50227556->355864cd-7ac5-4934-b366-9756b15dd90f@group-785BCF25C267, cid=661, SUCCESS, logIndex=0, commits[355864cd-7ac5-4934-b366-9756b15dd90f:c811, ce4aa411-63c8-4399-99eb-27ce352844f3:c807, 3eeffb0a-787e-48ec-a2f5-d0c540a89489:c807]
2019-08-21 15:29:36,233 | INFO  | DNAudit | user=null | ip=null | op=PUT_BLOCK {blockData=[blockId=conID: 3 locID: 102655680532513177 bcsId: 0,size=2097152]} | ret=SUCCESS |  
2019-08-21 15:29:36,233 | INFO  | DNAudit | user=null | ip=null | op=WRITE_CHUNK {blockData=conID: 3 locID: 102655680532513177 bcsId: 0} | ret=SUCCESS |  
2019-08-21 15:29:36,234 | INFO  | DNAudit | user=null | ip=null | op=PUT_BLOCK {blockData=[blockId=conID: 3 locID: 102655680532513177 bcsId: 0,size=2097152]} | ret=SUCCESS |  
2019-08-21 15:29:36,241 | INFO  | DNAudit | user=null | ip=null | op=WRITE_CHUNK {blockData=conID: 3 locID: 102655680532513177 bcsId: 809} | ret=SUCCESS |  
2019-08-21 15:29:36,244 | INFO  | DNAudit | user=null | ip=null | op=WRITE_CHUNK {blockData=conID: 3 locID: 102655680532513177 bcsId: 809} | ret=SUCCESS |  
2019-08-21 15:29:36,245 | INFO  | DNAudit | user=null | ip=null | op=WRITE_CHUNK {blockData=conID: 3 locID: 102655680532513177 bcsId: 809} | ret=SUCCESS |  
2019-08-21 15:29:36,252 | INFO  | DNAudit | user=null | ip=null | op=WRITE_CHUNK {blockData=conID: 3 locID: 102655680532513177 bcsId: 809} | ret=SUCCESS |  
2019-08-21 15:29:36,253 | INFO  | DNAudit | user=null | ip=null | op=PUT_BLOCK {blockData=[blockId=conID: 3 locID: 102655680532513177 bcsId: 0,size=3145728]} | ret=SUCCESS |  
2019-08-21 15:29:36,253 [grpc-default-executor-3] INFO  client.GrpcClientProtocolClient (GrpcClientProtocolClient.java:onNext(255)) - client-029E50227556->355864cd-7ac5-4934-b366-9756b15dd90f: receive RaftClientReply:client-029E50227556->355864cd-7ac5-4934-b366-9756b15dd90f@group-785BCF25C267, cid=662, SUCCESS, logIndex=813, commits[355864cd-7ac5-4934-b366-9756b15dd90f:c814, ce4aa411-63c8-4399-99eb-27ce352844f3:c812, 3eeffb0a-787e-48ec-a2f5-d0c540a89489:c812]
2019-08-21 15:29:36,254 [grpc-default-executor-3] INFO  client.GrpcClientProtocolClient (GrpcClientProtocolClient.java:onNext(255)) - client-029E50227556->355864cd-7ac5-4934-b366-9756b15dd90f: receive RaftClientReply:client-029E50227556->355864cd-7ac5-4934-b366-9756b15dd90f@group-785BCF25C267, cid=663, SUCCESS, logIndex=814, commits[355864cd-7ac5-4934-b366-9756b15dd90f:c814, ce4aa411-63c8-4399-99eb-27ce352844f3:c812, 3eeffb0a-787e-48ec-a2f5-d0c540a89489:c812]
2019-08-21 15:29:36,262 | INFO  | DNAudit | user=null | ip=null | op=WRITE_CHUNK {blockData=conID: 3 locID: 102655680532513177 bcsId: 814} | ret=SUCCESS |  
2019-08-21 15:29:36,262 | INFO  | DNAudit | user=null | ip=null | op=WRITE_CHUNK {blockData=conID: 3 locID: 102655680532513177 bcsId: 809} | ret=SUCCESS |  
2019-08-21 15:29:36,263 | INFO  | DNAudit | user=null | ip=null | op=WRITE_CHUNK {blockData=conID: 3 locID: 102655680532513177 bcsId: 809} | ret=SUCCESS |  
2019-08-21 15:29:36,266 | INFO  | DNAudit | user=null | ip=null | op=PUT_BLOCK {blockData=[blockId=conID: 3 locID: 102655680532513177 bcsId: 0,size=3145728]} | ret=SUCCESS |  
2019-08-21 15:29:36,267 | INFO  | DNAudit | user=null | ip=null | op=WRITE_CHUNK {blockData=conID: 3 locID: 102655680532513177 bcsId: 814} | ret=SUCCESS |  
2019-08-21 15:29:36,267 | INFO  | DNAudit | user=null | ip=null | op=WRITE_CHUNK {blockData=conID: 3 locID: 102655680532513177 bcsId: 814} | ret=SUCCESS |  
2019-08-21 15:29:36,274 | INFO  | DNAudit | user=null | ip=null | op=PUT_BLOCK {blockData=[blockId=conID: 3 locID: 102655680532513177 bcsId: 0,size=3145728]} | ret=SUCCESS |  
2019-08-21 15:29:36,290 | INFO  | DNAudit | user=null | ip=null | op=WRITE_CHUNK {blockData=conID: 3 locID: 102655680532513177 bcsId: 814} | ret=SUCCESS |  
2019-08-21 15:29:36,290 | INFO  | DNAudit | user=null | ip=null | op=PUT_BLOCK {blockData=[blockId=conID: 3 locID: 102655680532513177 bcsId: 0,size=4194304]} | ret=SUCCESS |  
2019-08-21 15:29:36,291 [grpc-default-executor-2] INFO  client.GrpcClientProtocolClient (GrpcClientProtocolClient.java:onNext(255)) - client-029E50227556->355864cd-7ac5-4934-b366-9756b15dd90f: receive RaftClientReply:client-029E50227556->355864cd-7ac5-4934-b366-9756b15dd90f@group-785BCF25C267, cid=664, SUCCESS, logIndex=817, commits[355864cd-7ac5-4934-b366-9756b15dd90f:c818, ce4aa411-63c8-4399-99eb-27ce352844f3:c814, 3eeffb0a-787e-48ec-a2f5-d0c540a89489:c814]
2019-08-21 15:29:36,291 [grpc-default-executor-2] INFO  client.GrpcClientProtocolClient (GrpcClientProtocolClient.java:onNext(255)) - client-029E50227556->355864cd-7ac5-4934-b366-9756b15dd90f: receive RaftClientReply:client-029E50227556->355864cd-7ac5-4934-b366-9756b15dd90f@group-785BCF25C267, cid=665, SUCCESS, logIndex=818, commits[355864cd-7ac5-4934-b366-9756b15dd90f:c818, ce4aa411-63c8-4399-99eb-27ce352844f3:c814, 3eeffb0a-787e-48ec-a2f5-d0c540a89489:c814]
 0.00% |█                                                                                                    |  0/1 Time: 0:00:012019-08-21 15:29:36,295 | INFO  | DNAudit | user=null | ip=null | op=WRITE_CHUNK {blockData=conID: 3 locID: 102655680532513177 bcsId: 814} | ret=SUCCESS |  
2019-08-21 15:29:36,295 | INFO  | DNAudit | user=null | ip=null | op=WRITE_CHUNK {blockData=conID: 3 locID: 102655680532513177 bcsId: 814} | ret=SUCCESS |  
2019-08-21 15:29:36,297 | INFO  | DNAudit | user=null | ip=null | op=PUT_BLOCK {blockData=[blockId=conID: 3 locID: 102655680532513177 bcsId: 0,size=4194304]} | ret=SUCCESS |  
2019-08-21 15:29:36,297 | INFO  | DNAudit | user=null | ip=null | op=PUT_BLOCK {blockData=[blockId=conID: 3 locID: 102655680532513177 bcsId: 0,size=4194304]} | ret=SUCCESS |  
2019-08-21 15:29:36,297 [grpc-default-executor-2] INFO  client.GrpcClientProtocolClient (GrpcClientProtocolClient.java:onNext(255)) - client-029E50227556->355864cd-7ac5-4934-b366-9756b15dd90f: receive RaftClientReply:client-029E50227556->355864cd-7ac5-4934-b366-9756b15dd90f@group-785BCF25C267, cid=666, SUCCESS, logIndex=0, commits[355864cd-7ac5-4934-b366-9756b15dd90f:c820, ce4aa411-63c8-4399-99eb-27ce352844f3:c818, 3eeffb0a-787e-48ec-a2f5-d0c540a89489:c818]
2019-08-21 15:29:36,308 | INFO  | DNAudit | user=null | ip=null | op=WRITE_CHUNK {blockData=conID: 1 locID: 102655680532513178 bcsId: 0} | ret=SUCCESS |  
2019-08-21 15:29:36,310 | INFO  | DNAudit | user=null | ip=null | op=WRITE_CHUNK {blockData=conID: 1 locID: 102655680532513178 bcsId: 0} | ret=SUCCESS |  
2019-08-21 15:29:36,311 | INFO  | DNAudit | user=null | ip=null | op=WRITE_CHUNK {blockData=conID: 1 locID: 102655680532513178 bcsId: 0} | ret=SUCCESS |  
2019-08-21 15:29:36,311 | INFO  | DNAudit | user=null | ip=null | op=WRITE_CHUNK {blockData=conID: 1 locID: 102655680532513178 bcsId: 0} | ret=SUCCESS |  
2019-08-21 15:29:36,314 | INFO  | DNAudit | user=null | ip=null | op=WRITE_CHUNK {blockData=conID: 1 locID: 102655680532513178 bcsId: 0} | ret=SUCCESS |  
2019-08-21 15:29:36,315 | INFO  | DNAudit | user=null | ip=null | op=WRITE_CHUNK {blockData=conID: 1 locID: 102655680532513178 bcsId: 0} | ret=SUCCESS |  
2019-08-21 15:29:36,323 | INFO  | DNAudit | user=null | ip=null | op=WRITE_CHUNK {blockData=conID: 1 locID: 102655680532513178 bcsId: 0} | ret=SUCCESS |  
2019-08-21 15:29:36,324 | INFO  | DNAudit | user=null | ip=null | op=PUT_BLOCK {blockData=[blockId=conID: 1 locID: 102655680532513178 bcsId: 0,size=1048576]} | ret=SUCCESS |  
2019-08-21 15:29:36,324 | INFO  | DNAudit | user=null | ip=null | op=WRITE_CHUNK {blockData=conID: 1 locID: 102655680532513178 bcsId: 0} | ret=SUCCESS |  
2019-08-21 15:29:36,324 [grpc-default-executor-4] INFO  client.GrpcClientProtocolClient (GrpcClientProtocolClient.java:onNext(255)) - client-029E50227556->355864cd-7ac5-4934-b366-9756b15dd90f: receive RaftClientReply:client-029E50227556->355864cd-7ac5-4934-b366-9756b15dd90f@group-785BCF25C267, cid=667, SUCCESS, logIndex=821, commits[355864cd-7ac5-4934-b366-9756b15dd90f:c823, ce4aa411-63c8-4399-99eb-27ce352844f3:c820, 3eeffb0a-787e-48ec-a2f5-d0c540a89489:c820]
2019-08-21 15:29:36,325 | INFO  | DNAudit | user=null | ip=null | op=PUT_BLOCK {blockData=[blockId=conID: 1 locID: 102655680532513178 bcsId: 0,size=2097152]} | ret=SUCCESS |  
2019-08-21 15:29:36,325 [grpc-default-executor-4] INFO  client.GrpcClientProtocolClient (GrpcClientProtocolClient.java:onNext(255)) - client-029E50227556->355864cd-7ac5-4934-b366-9756b15dd90f: receive RaftClientReply:client-029E50227556->355864cd-7ac5-4934-b366-9756b15dd90f@group-785BCF25C267, cid=668, SUCCESS, logIndex=822, commits[355864cd-7ac5-4934-b366-9756b15dd90f:c824, ce4aa411-63c8-4399-99eb-27ce352844f3:c820, 3eeffb0a-787e-48ec-a2f5-d0c540a89489:c820]
2019-08-21 15:29:36,326 | INFO  | DNAudit | user=null | ip=null | op=WRITE_CHUNK {blockData=conID: 1 locID: 102655680532513178 bcsId: 0} | ret=SUCCESS |  
2019-08-21 15:29:36,326 | INFO  | DNAudit | user=null | ip=null | op=WRITE_CHUNK {blockData=conID: 1 locID: 102655680532513178 bcsId: 0} | ret=SUCCESS |  
2019-08-21 15:29:36,326 [grpc-default-executor-4] INFO  client.GrpcClientProtocolClient (GrpcClientProtocolClient.java:onNext(255)) - client-029E50227556->355864cd-7ac5-4934-b366-9756b15dd90f: receive RaftClientReply:client-029E50227556->355864cd-7ac5-4934-b366-9756b15dd90f@group-785BCF25C267, cid=669, SUCCESS, logIndex=823, commits[355864cd-7ac5-4934-b366-9756b15dd90f:c824, ce4aa411-63c8-4399-99eb-27ce352844f3:c820, 3eeffb0a-787e-48ec-a2f5-d0c540a89489:c820]
2019-08-21 15:29:36,326 | INFO  | DNAudit | user=null | ip=null | op=PUT_BLOCK {blockData=[blockId=conID: 1 locID: 102655680532513178 bcsId: 0,size=1048576]} | ret=SUCCESS |  
2019-08-21 15:29:36,326 | INFO  | DNAudit | user=null | ip=null | op=PUT_BLOCK {blockData=[blockId=conID: 1 locID: 102655680532513178 bcsId: 0,size=1048576]} | ret=SUCCESS |  
2019-08-21 15:29:36,326 [grpc-default-executor-4] INFO  client.GrpcClientProtocolClient (GrpcClientProtocolClient.java:onNext(255)) - client-029E50227556->355864cd-7ac5-4934-b366-9756b15dd90f: receive RaftClientReply:client-029E50227556->355864cd-7ac5-4934-b366-9756b15dd90f@group-785BCF25C267, cid=670, SUCCESS, logIndex=824, commits[355864cd-7ac5-4934-b366-9756b15dd90f:c824, ce4aa411-63c8-4399-99eb-27ce352844f3:c820, 3eeffb0a-787e-48ec-a2f5-d0c540a89489:c820]
2019-08-21 15:29:36,327 | INFO  | DNAudit | user=null | ip=null | op=WRITE_CHUNK {blockData=conID: 1 locID: 102655680532513178 bcsId: 0} | ret=SUCCESS |  
2019-08-21 15:29:36,327 | INFO  | DNAudit | user=null | ip=null | op=PUT_BLOCK {blockData=[blockId=conID: 1 locID: 102655680532513178 bcsId: 0,size=2097152]} | ret=SUCCESS |  
2019-08-21 15:29:36,327 | INFO  | DNAudit | user=null | ip=null | op=WRITE_CHUNK {blockData=conID: 1 locID: 102655680532513178 bcsId: 0} | ret=SUCCESS |  
2019-08-21 15:29:36,327 | INFO  | DNAudit | user=null | ip=null | op=PUT_BLOCK {blockData=[blockId=conID: 1 locID: 102655680532513178 bcsId: 0,size=2097152]} | ret=SUCCESS |  
2019-08-21 15:29:36,328 [grpc-default-executor-4] INFO  client.GrpcClientProtocolClient (GrpcClientProtocolClient.java:onNext(255)) - client-029E50227556->355864cd-7ac5-4934-b366-9756b15dd90f: receive RaftClientReply:client-029E50227556->355864cd-7ac5-4934-b366-9756b15dd90f@group-785BCF25C267, cid=671, SUCCESS, logIndex=0, commits[355864cd-7ac5-4934-b366-9756b15dd90f:c827, ce4aa411-63c8-4399-99eb-27ce352844f3:c822, 3eeffb0a-787e-48ec-a2f5-d0c540a89489:c823]
2019-08-21 15:29:36,335 | INFO  | DNAudit | user=null | ip=null | op=WRITE_CHUNK {blockData=conID: 1 locID: 102655680532513178 bcsId: 824} | ret=SUCCESS |  
2019-08-21 15:29:36,339 | INFO  | DNAudit | user=null | ip=null | op=WRITE_CHUNK {blockData=conID: 1 locID: 102655680532513178 bcsId: 824} | ret=SUCCESS |  
2019-08-21 15:29:36,340 | INFO  | DNAudit | user=null | ip=null | op=WRITE_CHUNK {blockData=conID: 1 locID: 102655680532513178 bcsId: 824} | ret=SUCCESS |  
2019-08-21 15:29:36,349 | INFO  | DNAudit | user=null | ip=null | op=WRITE_CHUNK {blockData=conID: 1 locID: 102655680532513178 bcsId: 824} | ret=SUCCESS |  
2019-08-21 15:29:36,350 | INFO  | DNAudit | user=null | ip=null | op=PUT_BLOCK {blockData=[blockId=conID: 1 locID: 102655680532513178 bcsId: 0,size=3145728]} | ret=SUCCESS |  
2019-08-21 15:29:36,350 [grpc-default-executor-0] INFO  client.GrpcClientProtocolClient (GrpcClientProtocolClient.java:onNext(255)) - client-029E50227556->355864cd-7ac5-4934-b366-9756b15dd90f: receive RaftClientReply:client-029E50227556->355864cd-7ac5-4934-b366-9756b15dd90f@group-785BCF25C267, cid=672, SUCCESS, logIndex=829, commits[355864cd-7ac5-4934-b366-9756b15dd90f:c830, ce4aa411-63c8-4399-99eb-27ce352844f3:c828, 3eeffb0a-787e-48ec-a2f5-d0c540a89489:c828]
2019-08-21 15:29:36,351 [grpc-default-executor-0] INFO  client.GrpcClientProtocolClient (GrpcClientProtocolClient.java:onNext(255)) - client-029E50227556->355864cd-7ac5-4934-b366-9756b15dd90f: receive RaftClientReply:client-029E50227556->355864cd-7ac5-4934-b366-9756b15dd90f@group-785BCF25C267, cid=673, SUCCESS, logIndex=830, commits[355864cd-7ac5-4934-b366-9756b15dd90f:c830, ce4aa411-63c8-4399-99eb-27ce352844f3:c828, 3eeffb0a-787e-48ec-a2f5-d0c540a89489:c828]
2019-08-21 15:29:36,359 | INFO  | DNAudit | user=null | ip=null | op=WRITE_CHUNK {blockData=conID: 1 locID: 102655680532513178 bcsId: 830} | ret=SUCCESS |  
2019-08-21 15:29:36,360 | INFO  | DNAudit | user=null | ip=null | op=WRITE_CHUNK {blockData=conID: 1 locID: 102655680532513178 bcsId: 824} | ret=SUCCESS |  
2019-08-21 15:29:36,360 | INFO  | DNAudit | user=null | ip=null | op=WRITE_CHUNK {blockData=conID: 1 locID: 102655680532513178 bcsId: 824} | ret=SUCCESS |  
2019-08-21 15:29:36,362 | INFO  | DNAudit | user=null | ip=null | op=WRITE_CHUNK {blockData=conID: 1 locID: 102655680532513178 bcsId: 830} | ret=SUCCESS |  
2019-08-21 15:29:36,362 | INFO  | DNAudit | user=null | ip=null | op=WRITE_CHUNK {blockData=conID: 1 locID: 102655680532513178 bcsId: 830} | ret=SUCCESS |  
2019-08-21 15:29:36,374 | INFO  | DNAudit | user=null | ip=null | op=PUT_BLOCK {blockData=[blockId=conID: 1 locID: 102655680532513178 bcsId: 0,size=3145728]} | ret=SUCCESS |  
2019-08-21 15:29:36,374 | INFO  | DNAudit | user=null | ip=null | op=PUT_BLOCK {blockData=[blockId=conID: 1 locID: 102655680532513178 bcsId: 0,size=3145728]} | ret=SUCCESS |  
2019-08-21 15:29:36,375 | INFO  | DNAudit | user=null | ip=null | op=WRITE_CHUNK {blockData=conID: 1 locID: 102655680532513178 bcsId: 830} | ret=SUCCESS |  
2019-08-21 15:29:36,375 | INFO  | DNAudit | user=null | ip=null | op=PUT_BLOCK {blockData=[blockId=conID: 1 locID: 102655680532513178 bcsId: 0,size=4194304]} | ret=SUCCESS |  
2019-08-21 15:29:36,376 [grpc-default-executor-2] INFO  client.GrpcClientProtocolClient (GrpcClientProtocolClient.java:onNext(255)) - client-029E50227556->355864cd-7ac5-4934-b366-9756b15dd90f: receive RaftClientReply:client-029E50227556->355864cd-7ac5-4934-b366-9756b15dd90f@group-785BCF25C267, cid=674, SUCCESS, logIndex=833, commits[355864cd-7ac5-4934-b366-9756b15dd90f:c834, ce4aa411-63c8-4399-99eb-27ce352844f3:c830, 3eeffb0a-787e-48ec-a2f5-d0c540a89489:c830]
2019-08-21 15:29:36,376 [grpc-default-executor-2] INFO  client.GrpcClientProtocolClient (GrpcClientProtocolClient.java:onNext(255)) - client-029E50227556->355864cd-7ac5-4934-b366-9756b15dd90f: receive RaftClientReply:client-029E50227556->355864cd-7ac5-4934-b366-9756b15dd90f@group-785BCF25C267, cid=675, SUCCESS, logIndex=834, commits[355864cd-7ac5-4934-b366-9756b15dd90f:c834, ce4aa411-63c8-4399-99eb-27ce352844f3:c830, 3eeffb0a-787e-48ec-a2f5-d0c540a89489:c830]
2019-08-21 15:29:36,386 | INFO  | DNAudit | user=null | ip=null | op=WRITE_CHUNK {blockData=conID: 1 locID: 102655680532513178 bcsId: 830} | ret=SUCCESS |  
2019-08-21 15:29:36,386 | INFO  | DNAudit | user=null | ip=null | op=WRITE_CHUNK {blockData=conID: 1 locID: 102655680532513178 bcsId: 830} | ret=SUCCESS |  
2019-08-21 15:29:36,386 | INFO  | DNAudit | user=null | ip=null | op=PUT_BLOCK {blockData=[blockId=conID: 1 locID: 102655680532513178 bcsId: 0,size=4194304]} | ret=SUCCESS |  
2019-08-21 15:29:36,387 | INFO  | DNAudit | user=null | ip=null | op=PUT_BLOCK {blockData=[blockId=conID: 1 locID: 102655680532513178 bcsId: 0,size=4194304]} | ret=SUCCESS |  
2019-08-21 15:29:36,387 [grpc-default-executor-0] INFO  client.GrpcClientProtocolClient (GrpcClientProtocolClient.java:onNext(255)) - client-029E50227556->355864cd-7ac5-4934-b366-9756b15dd90f: receive RaftClientReply:client-029E50227556->355864cd-7ac5-4934-b366-9756b15dd90f@group-785BCF25C267, cid=676, SUCCESS, logIndex=0, commits[355864cd-7ac5-4934-b366-9756b15dd90f:c835, ce4aa411-63c8-4399-99eb-27ce352844f3:c834, 3eeffb0a-787e-48ec-a2f5-d0c540a89489:c834]
2019-08-21 15:29:36,396 | INFO  | DNAudit | user=null | ip=null | op=WRITE_CHUNK {blockData=conID: 2 locID: 102655680532513179 bcsId: 0} | ret=SUCCESS |  
2019-08-21 15:29:36,400 | INFO  | DNAudit | user=null | ip=null | op=WRITE_CHUNK {blockData=conID: 2 locID: 102655680532513179 bcsId: 0} | ret=SUCCESS |  
2019-08-21 15:29:36,401 | INFO  | DNAudit | user=null | ip=null | op=WRITE_CHUNK {blockData=conID: 2 locID: 102655680532513179 bcsId: 0} | ret=SUCCESS |  
2019-08-21 15:29:36,401 | INFO  | DNAudit | user=null | ip=null | op=WRITE_CHUNK {blockData=conID: 2 locID: 102655680532513179 bcsId: 0} | ret=SUCCESS |  
2019-08-21 15:29:36,403 | INFO  | DNAudit | user=null | ip=null | op=WRITE_CHUNK {blockData=conID: 2 locID: 102655680532513179 bcsId: 0} | ret=SUCCESS |  
2019-08-21 15:29:36,403 | INFO  | DNAudit | user=null | ip=null | op=WRITE_CHUNK {blockData=conID: 2 locID: 102655680532513179 bcsId: 0} | ret=SUCCESS |  
2019-08-21 15:29:36,409 | INFO  | DNAudit | user=null | ip=null | op=WRITE_CHUNK {blockData=conID: 2 locID: 102655680532513179 bcsId: 0} | ret=SUCCESS |  
2019-08-21 15:29:36,409 | INFO  | DNAudit | user=null | ip=null | op=PUT_BLOCK {blockData=[blockId=conID: 2 locID: 102655680532513179 bcsId: 0,size=1048576]} | ret=SUCCESS |  
2019-08-21 15:29:36,410 | INFO  | DNAudit | user=null | ip=null | op=WRITE_CHUNK {blockData=conID: 2 locID: 102655680532513179 bcsId: 0} | ret=SUCCESS |  
2019-08-21 15:29:36,410 [grpc-default-executor-2] INFO  client.GrpcClientProtocolClient (GrpcClientProtocolClient.java:onNext(255)) - client-029E50227556->355864cd-7ac5-4934-b366-9756b15dd90f: receive RaftClientReply:client-029E50227556->355864cd-7ac5-4934-b366-9756b15dd90f@group-785BCF25C267, cid=677, SUCCESS, logIndex=837, commits[355864cd-7ac5-4934-b366-9756b15dd90f:c839, ce4aa411-63c8-4399-99eb-27ce352844f3:c836, 3eeffb0a-787e-48ec-a2f5-d0c540a89489:c836]
2019-08-21 15:29:36,410 | INFO  | DNAudit | user=null | ip=null | op=WRITE_CHUNK {blockData=conID: 2 locID: 102655680532513179 bcsId: 0} | ret=SUCCESS |  
2019-08-21 15:29:36,410 | INFO  | DNAudit | user=null | ip=null | op=PUT_BLOCK {blockData=[blockId=conID: 2 locID: 102655680532513179 bcsId: 0,size=2097152]} | ret=SUCCESS |  
2019-08-21 15:29:36,410 | INFO  | DNAudit | user=null | ip=null | op=WRITE_CHUNK {blockData=conID: 2 locID: 102655680532513179 bcsId: 0} | ret=SUCCESS |  
2019-08-21 15:29:36,410 [grpc-default-executor-3] INFO  client.GrpcClientProtocolClient (GrpcClientProtocolClient.java:onNext(255)) - client-029E50227556->355864cd-7ac5-4934-b366-9756b15dd90f: receive RaftClientReply:client-029E50227556->355864cd-7ac5-4934-b366-9756b15dd90f@group-785BCF25C267, cid=678, SUCCESS, logIndex=838, commits[355864cd-7ac5-4934-b366-9756b15dd90f:c840, ce4aa411-63c8-4399-99eb-27ce352844f3:c836, 3eeffb0a-787e-48ec-a2f5-d0c540a89489:c836]
2019-08-21 15:29:36,411 [grpc-default-executor-3] INFO  client.GrpcClientProtocolClient (GrpcClientProtocolClient.java:onNext(255)) - client-029E50227556->355864cd-7ac5-4934-b366-9756b15dd90f: receive RaftClientReply:client-029E50227556->355864cd-7ac5-4934-b366-9756b15dd90f@group-785BCF25C267, cid=679, SUCCESS, logIndex=839, commits[355864cd-7ac5-4934-b366-9756b15dd90f:c840, ce4aa411-63c8-4399-99eb-27ce352844f3:c836, 3eeffb0a-787e-48ec-a2f5-d0c540a89489:c836]
2019-08-21 15:29:36,411 [grpc-default-executor-3] INFO  client.GrpcClientProtocolClient (GrpcClientProtocolClient.java:onNext(255)) - client-029E50227556->355864cd-7ac5-4934-b366-9756b15dd90f: receive RaftClientReply:client-029E50227556->355864cd-7ac5-4934-b366-9756b15dd90f@group-785BCF25C267, cid=680, SUCCESS, logIndex=840, commits[355864cd-7ac5-4934-b366-9756b15dd90f:c841, ce4aa411-63c8-4399-99eb-27ce352844f3:c837, 3eeffb0a-787e-48ec-a2f5-d0c540a89489:c837]
2019-08-21 15:29:36,412 | INFO  | DNAudit | user=null | ip=null | op=PUT_BLOCK {blockData=[blockId=conID: 2 locID: 102655680532513179 bcsId: 0,size=1048576]} | ret=SUCCESS |  
2019-08-21 15:29:36,412 | INFO  | DNAudit | user=null | ip=null | op=PUT_BLOCK {blockData=[blockId=conID: 2 locID: 102655680532513179 bcsId: 0,size=1048576]} | ret=SUCCESS |  
2019-08-21 15:29:36,412 | INFO  | DNAudit | user=null | ip=null | op=WRITE_CHUNK {blockData=conID: 2 locID: 102655680532513179 bcsId: 0} | ret=SUCCESS |  
2019-08-21 15:29:36,412 | INFO  | DNAudit | user=null | ip=null | op=PUT_BLOCK {blockData=[blockId=conID: 2 locID: 102655680532513179 bcsId: 0,size=2097152]} | ret=SUCCESS |  
2019-08-21 15:29:36,412 | INFO  | DNAudit | user=null | ip=null | op=WRITE_CHUNK {blockData=conID: 2 locID: 102655680532513179 bcsId: 0} | ret=SUCCESS |  
2019-08-21 15:29:36,413 [grpc-default-executor-2] INFO  client.GrpcClientProtocolClient (GrpcClientProtocolClient.java:onNext(255)) - client-029E50227556->355864cd-7ac5-4934-b366-9756b15dd90f: receive RaftClientReply:client-029E50227556->355864cd-7ac5-4934-b366-9756b15dd90f@group-785BCF25C267, cid=681, SUCCESS, logIndex=0, commits[355864cd-7ac5-4934-b366-9756b15dd90f:c844, ce4aa411-63c8-4399-99eb-27ce352844f3:c838, 3eeffb0a-787e-48ec-a2f5-d0c540a89489:c840]
2019-08-21 15:29:36,413 | INFO  | DNAudit | user=null | ip=null | op=PUT_BLOCK {blockData=[blockId=conID: 2 locID: 102655680532513179 bcsId: 0,size=2097152]} | ret=SUCCESS |  
2019-08-21 15:29:36,422 | INFO  | DNAudit | user=null | ip=null | op=WRITE_CHUNK {blockData=conID: 2 locID: 102655680532513179 bcsId: 840} | ret=SUCCESS |  
2019-08-21 15:29:36,424 | INFO  | DNAudit | user=null | ip=null | op=WRITE_CHUNK {blockData=conID: 2 locID: 102655680532513179 bcsId: 840} | ret=SUCCESS |  
2019-08-21 15:29:36,424 | INFO  | DNAudit | user=null | ip=null | op=WRITE_CHUNK {blockData=conID: 2 locID: 102655680532513179 bcsId: 840} | ret=SUCCESS |  
2019-08-21 15:29:36,435 | INFO  | DNAudit | user=null | ip=null | op=WRITE_CHUNK {blockData=conID: 2 locID: 102655680532513179 bcsId: 840} | ret=SUCCESS |  
2019-08-21 15:29:36,436 | INFO  | DNAudit | user=null | ip=null | op=PUT_BLOCK {blockData=[blockId=conID: 2 locID: 102655680532513179 bcsId: 0,size=3145728]} | ret=SUCCESS |  
2019-08-21 15:29:36,436 [grpc-default-executor-2] INFO  client.GrpcClientProtocolClient (GrpcClientProtocolClient.java:onNext(255)) - client-029E50227556->355864cd-7ac5-4934-b366-9756b15dd90f: receive RaftClientReply:client-029E50227556->355864cd-7ac5-4934-b366-9756b15dd90f@group-785BCF25C267, cid=682, SUCCESS, logIndex=845, commits[355864cd-7ac5-4934-b366-9756b15dd90f:c846, ce4aa411-63c8-4399-99eb-27ce352844f3:c844, 3eeffb0a-787e-48ec-a2f5-d0c540a89489:c844]
2019-08-21 15:29:36,436 [grpc-default-executor-2] INFO  client.GrpcClientProtocolClient (GrpcClientProtocolClient.java:onNext(255)) - client-029E50227556->355864cd-7ac5-4934-b366-9756b15dd90f: receive RaftClientReply:client-029E50227556->355864cd-7ac5-4934-b366-9756b15dd90f@group-785BCF25C267, cid=683, SUCCESS, logIndex=846, commits[355864cd-7ac5-4934-b366-9756b15dd90f:c846, ce4aa411-63c8-4399-99eb-27ce352844f3:c844, 3eeffb0a-787e-48ec-a2f5-d0c540a89489:c844]
2019-08-21 15:29:36,447 | INFO  | DNAudit | user=null | ip=null | op=WRITE_CHUNK {blockData=conID: 2 locID: 102655680532513179 bcsId: 846} | ret=SUCCESS |  
2019-08-21 15:29:36,447 | INFO  | DNAudit | user=null | ip=null | op=WRITE_CHUNK {blockData=conID: 2 locID: 102655680532513179 bcsId: 840} | ret=SUCCESS |  
2019-08-21 15:29:36,447 | INFO  | DNAudit | user=null | ip=null | op=WRITE_CHUNK {blockData=conID: 2 locID: 102655680532513179 bcsId: 840} | ret=SUCCESS |  
2019-08-21 15:29:36,448 | INFO  | DNAudit | user=null | ip=null | op=PUT_BLOCK {blockData=[blockId=conID: 2 locID: 102655680532513179 bcsId: 0,size=3145728]} | ret=SUCCESS |  
2019-08-21 15:29:36,448 | INFO  | DNAudit | user=null | ip=null | op=PUT_BLOCK {blockData=[blockId=conID: 2 locID: 102655680532513179 bcsId: 0,size=3145728]} | ret=SUCCESS |  
2019-08-21 15:29:36,449 | INFO  | DNAudit | user=null | ip=null | op=WRITE_CHUNK {blockData=conID: 2 locID: 102655680532513179 bcsId: 846} | ret=SUCCESS |  
2019-08-21 15:29:36,450 | INFO  | DNAudit | user=null | ip=null | op=WRITE_CHUNK {blockData=conID: 2 locID: 102655680532513179 bcsId: 846} | ret=SUCCESS |  
2019-08-21 15:29:36,462 | INFO  | DNAudit | user=null | ip=null | op=WRITE_CHUNK {blockData=conID: 2 locID: 102655680532513179 bcsId: 846} | ret=SUCCESS |  
2019-08-21 15:29:36,462 | INFO  | DNAudit | user=null | ip=null | op=PUT_BLOCK {blockData=[blockId=conID: 2 locID: 102655680532513179 bcsId: 0,size=4194304]} | ret=SUCCESS |  
2019-08-21 15:29:36,462 [grpc-default-executor-3] INFO  client.GrpcClientProtocolClient (GrpcClientProtocolClient.java:onNext(255)) - client-029E50227556->355864cd-7ac5-4934-b366-9756b15dd90f: receive RaftClientReply:client-029E50227556->355864cd-7ac5-4934-b366-9756b15dd90f@group-785BCF25C267, cid=684, SUCCESS, logIndex=849, commits[355864cd-7ac5-4934-b366-9756b15dd90f:c850, ce4aa411-63c8-4399-99eb-27ce352844f3:c846, 3eeffb0a-787e-48ec-a2f5-d0c540a89489:c846]
2019-08-21 15:29:36,463 [grpc-default-executor-3] INFO  client.GrpcClientProtocolClient (GrpcClientProtocolClient.java:onNext(255)) - client-029E50227556->355864cd-7ac5-4934-b366-9756b15dd90f: receive RaftClientReply:client-029E50227556->355864cd-7ac5-4934-b366-9756b15dd90f@group-785BCF25C267, cid=685, SUCCESS, logIndex=850, commits[355864cd-7ac5-4934-b366-9756b15dd90f:c850, ce4aa411-63c8-4399-99eb-27ce352844f3:c846, 3eeffb0a-787e-48ec-a2f5-d0c540a89489:c846]
2019-08-21 15:29:36,472 | INFO  | DNAudit | user=null | ip=null | op=WRITE_CHUNK {blockData=conID: 2 locID: 102655680532513179 bcsId: 846} | ret=SUCCESS |  
2019-08-21 15:29:36,472 | INFO  | DNAudit | user=null | ip=null | op=WRITE_CHUNK {blockData=conID: 2 locID: 102655680532513179 bcsId: 846} | ret=SUCCESS |  
2019-08-21 15:29:36,473 | INFO  | DNAudit | user=null | ip=null | op=PUT_BLOCK {blockData=[blockId=conID: 2 locID: 102655680532513179 bcsId: 0,size=4194304]} | ret=SUCCESS |  
2019-08-21 15:29:36,473 | INFO  | DNAudit | user=null | ip=null | op=PUT_BLOCK {blockData=[blockId=conID: 2 locID: 102655680532513179 bcsId: 0,size=4194304]} | ret=SUCCESS |  
2019-08-21 15:29:36,473 [grpc-default-executor-3] INFO  client.GrpcClientProtocolClient (GrpcClientProtocolClient.java:onNext(255)) - client-029E50227556->355864cd-7ac5-4934-b366-9756b15dd90f: receive RaftClientReply:client-029E50227556->355864cd-7ac5-4934-b366-9756b15dd90f@group-785BCF25C267, cid=686, SUCCESS, logIndex=0, commits[355864cd-7ac5-4934-b366-9756b15dd90f:c851, ce4aa411-63c8-4399-99eb-27ce352844f3:c850, 3eeffb0a-787e-48ec-a2f5-d0c540a89489:c850]
2019-08-21 15:29:36,481 | INFO  | DNAudit | user=null | ip=null | op=WRITE_CHUNK {blockData=conID: 3 locID: 102655680532578716 bcsId: 0} | ret=SUCCESS |  
2019-08-21 15:29:36,483 | INFO  | DNAudit | user=null | ip=null | op=WRITE_CHUNK {blockData=conID: 3 locID: 102655680532578716 bcsId: 0} | ret=SUCCESS |  
2019-08-21 15:29:36,483 | INFO  | DNAudit | user=null | ip=null | op=WRITE_CHUNK {blockData=conID: 3 locID: 102655680532578716 bcsId: 0} | ret=SUCCESS |  
2019-08-21 15:29:36,484 | INFO  | DNAudit | user=null | ip=null | op=WRITE_CHUNK {blockData=conID: 3 locID: 102655680532578716 bcsId: 0} | ret=SUCCESS |  
2019-08-21 15:29:36,485 | INFO  | DNAudit | user=null | ip=null | op=WRITE_CHUNK {blockData=conID: 3 locID: 102655680532578716 bcsId: 0} | ret=SUCCESS |  
2019-08-21 15:29:36,486 | INFO  | DNAudit | user=null | ip=null | op=WRITE_CHUNK {blockData=conID: 3 locID: 102655680532578716 bcsId: 0} | ret=SUCCESS |  
2019-08-21 15:29:36,495 | INFO  | DNAudit | user=null | ip=null | op=WRITE_CHUNK {blockData=conID: 3 locID: 102655680532578716 bcsId: 0} | ret=SUCCESS |  
2019-08-21 15:29:36,496 | INFO  | DNAudit | user=null | ip=null | op=PUT_BLOCK {blockData=[blockId=conID: 3 locID: 102655680532578716 bcsId: 0,size=1048576]} | ret=SUCCESS |  
2019-08-21 15:29:36,496 [grpc-default-executor-4] INFO  client.GrpcClientProtocolClient (GrpcClientProtocolClient.java:onNext(255)) - client-029E50227556->355864cd-7ac5-4934-b366-9756b15dd90f: receive RaftClientReply:client-029E50227556->355864cd-7ac5-4934-b366-9756b15dd90f@group-785BCF25C267, cid=687, SUCCESS, logIndex=853, commits[355864cd-7ac5-4934-b366-9756b15dd90f:c856, ce4aa411-63c8-4399-99eb-27ce352844f3:c852, 3eeffb0a-787e-48ec-a2f5-d0c540a89489:c852]
2019-08-21 15:29:36,496 | INFO  | DNAudit | user=null | ip=null | op=WRITE_CHUNK {blockData=conID: 3 locID: 102655680532578716 bcsId: 0} | ret=SUCCESS |  
2019-08-21 15:29:36,497 [grpc-default-executor-4] INFO  client.GrpcClientProtocolClient (GrpcClientProtocolClient.java:onNext(255)) - client-029E50227556->355864cd-7ac5-4934-b366-9756b15dd90f: receive RaftClientReply:client-029E50227556->355864cd-7ac5-4934-b366-9756b15dd90f@group-785BCF25C267, cid=688, SUCCESS, logIndex=854, commits[355864cd-7ac5-4934-b366-9756b15dd90f:c856, ce4aa411-63c8-4399-99eb-27ce352844f3:c852, 3eeffb0a-787e-48ec-a2f5-d0c540a89489:c852]
2019-08-21 15:29:36,497 | INFO  | DNAudit | user=null | ip=null | op=PUT_BLOCK {blockData=[blockId=conID: 3 locID: 102655680532578716 bcsId: 0,size=2097152]} | ret=SUCCESS |  
2019-08-21 15:29:36,497 [grpc-default-executor-4] INFO  client.GrpcClientProtocolClient (GrpcClientProtocolClient.java:onNext(255)) - client-029E50227556->355864cd-7ac5-4934-b366-9756b15dd90f: receive RaftClientReply:client-029E50227556->355864cd-7ac5-4934-b366-9756b15dd90f@group-785BCF25C267, cid=689, SUCCESS, logIndex=855, commits[355864cd-7ac5-4934-b366-9756b15dd90f:c856, ce4aa411-63c8-4399-99eb-27ce352844f3:c852, 3eeffb0a-787e-48ec-a2f5-d0c540a89489:c852]
2019-08-21 15:29:36,497 [grpc-default-executor-4] INFO  client.GrpcClientProtocolClient (GrpcClientProtocolClient.java:onNext(255)) - client-029E50227556->355864cd-7ac5-4934-b366-9756b15dd90f: receive RaftClientReply:client-029E50227556->355864cd-7ac5-4934-b366-9756b15dd90f@group-785BCF25C267, cid=690, SUCCESS, logIndex=856, commits[355864cd-7ac5-4934-b366-9756b15dd90f:c856, ce4aa411-63c8-4399-99eb-27ce352844f3:c852, 3eeffb0a-787e-48ec-a2f5-d0c540a89489:c852]
2019-08-21 15:29:36,505 | INFO  | DNAudit | user=null | ip=null | op=WRITE_CHUNK {blockData=conID: 3 locID: 102655680532578716 bcsId: 0} | ret=SUCCESS |  
2019-08-21 15:29:36,505 | INFO  | DNAudit | user=null | ip=null | op=WRITE_CHUNK {blockData=conID: 3 locID: 102655680532578716 bcsId: 0} | ret=SUCCESS |  
2019-08-21 15:29:36,506 | INFO  | DNAudit | user=null | ip=null | op=PUT_BLOCK {blockData=[blockId=conID: 3 locID: 102655680532578716 bcsId: 0,size=1048576]} | ret=SUCCESS |  
2019-08-21 15:29:36,506 | INFO  | DNAudit | user=null | ip=null | op=PUT_BLOCK {blockData=[blockId=conID: 3 locID: 102655680532578716 bcsId: 0,size=1048576]} | ret=SUCCESS |  
2019-08-21 15:29:36,507 | INFO  | DNAudit | user=null | ip=null | op=WRITE_CHUNK {blockData=conID: 3 locID: 102655680532578716 bcsId: 0} | ret=SUCCESS |  
2019-08-21 15:29:36,507 | INFO  | DNAudit | user=null | ip=null | op=WRITE_CHUNK {blockData=conID: 3 locID: 102655680532578716 bcsId: 0} | ret=SUCCESS |  
2019-08-21 15:29:36,507 | INFO  | DNAudit | user=null | ip=null | op=PUT_BLOCK {blockData=[blockId=conID: 3 locID: 102655680532578716 bcsId: 0,size=2097152]} | ret=SUCCESS |  
2019-08-21 15:29:36,507 | INFO  | DNAudit | user=null | ip=null | op=PUT_BLOCK {blockData=[blockId=conID: 3 locID: 102655680532578716 bcsId: 0,size=2097152]} | ret=SUCCESS |  
2019-08-21 15:29:36,507 [grpc-default-executor-4] INFO  client.GrpcClientProtocolClient (GrpcClientProtocolClient.java:onNext(255)) - client-029E50227556->355864cd-7ac5-4934-b366-9756b15dd90f: receive RaftClientReply:client-029E50227556->355864cd-7ac5-4934-b366-9756b15dd90f@group-785BCF25C267, cid=691, SUCCESS, logIndex=0, commits[355864cd-7ac5-4934-b366-9756b15dd90f:c858, ce4aa411-63c8-4399-99eb-27ce352844f3:c856, 3eeffb0a-787e-48ec-a2f5-d0c540a89489:c856]
2019-08-21 15:29:36,514 | INFO  | DNAudit | user=null | ip=null | op=WRITE_CHUNK {blockData=conID: 3 locID: 102655680532578716 bcsId: 856} | ret=SUCCESS |  
2019-08-21 15:29:36,518 | INFO  | DNAudit | user=null | ip=null | op=WRITE_CHUNK {blockData=conID: 3 locID: 102655680532578716 bcsId: 856} | ret=SUCCESS |  
2019-08-21 15:29:36,518 | INFO  | DNAudit | user=null | ip=null | op=WRITE_CHUNK {blockData=conID: 3 locID: 102655680532578716 bcsId: 856} | ret=SUCCESS |  
2019-08-21 15:29:36,525 | INFO  | DNAudit | user=null | ip=null | op=WRITE_CHUNK {blockData=conID: 3 locID: 102655680532578716 bcsId: 856} | ret=SUCCESS |  
2019-08-21 15:29:36,525 | INFO  | DNAudit | user=null | ip=null | op=PUT_BLOCK {blockData=[blockId=conID: 3 locID: 102655680532578716 bcsId: 0,size=3145728]} | ret=SUCCESS |  
2019-08-21 15:29:36,526 [grpc-default-executor-3] INFO  client.GrpcClientProtocolClient (GrpcClientProtocolClient.java:onNext(255)) - client-029E50227556->355864cd-7ac5-4934-b366-9756b15dd90f: receive RaftClientReply:client-029E50227556->355864cd-7ac5-4934-b366-9756b15dd90f@group-785BCF25C267, cid=692, SUCCESS, logIndex=860, commits[355864cd-7ac5-4934-b366-9756b15dd90f:c861, ce4aa411-63c8-4399-99eb-27ce352844f3:c859, 3eeffb0a-787e-48ec-a2f5-d0c540a89489:c859]
2019-08-21 15:29:36,526 [grpc-default-executor-3] INFO  client.GrpcClientProtocolClient (GrpcClientProtocolClient.java:onNext(255)) - client-029E50227556->355864cd-7ac5-4934-b366-9756b15dd90f: receive RaftClientReply:client-029E50227556->355864cd-7ac5-4934-b366-9756b15dd90f@group-785BCF25C267, cid=693, SUCCESS, logIndex=861, commits[355864cd-7ac5-4934-b366-9756b15dd90f:c861, ce4aa411-63c8-4399-99eb-27ce352844f3:c859, 3eeffb0a-787e-48ec-a2f5-d0c540a89489:c859]
2019-08-21 15:29:36,527 | INFO  | DNAudit | user=null | ip=null | op=WRITE_CHUNK {blockData=conID: 3 locID: 102655680532578716 bcsId: 856} | ret=SUCCESS |  
2019-08-21 15:29:36,527 | INFO  | DNAudit | user=null | ip=null | op=WRITE_CHUNK {blockData=conID: 3 locID: 102655680532578716 bcsId: 856} | ret=SUCCESS |  
2019-08-21 15:29:36,528 | INFO  | DNAudit | user=null | ip=null | op=PUT_BLOCK {blockData=[blockId=conID: 3 locID: 102655680532578716 bcsId: 0,size=3145728]} | ret=SUCCESS |  
2019-08-21 15:29:36,528 | INFO  | DNAudit | user=null | ip=null | op=PUT_BLOCK {blockData=[blockId=conID: 3 locID: 102655680532578716 bcsId: 0,size=3145728]} | ret=SUCCESS |  
2019-08-21 15:29:36,534 | INFO  | DNAudit | user=null | ip=null | op=WRITE_CHUNK {blockData=conID: 3 locID: 102655680532578716 bcsId: 861} | ret=SUCCESS |  
2019-08-21 15:29:36,536 | INFO  | DNAudit | user=null | ip=null | op=WRITE_CHUNK {blockData=conID: 3 locID: 102655680532578716 bcsId: 861} | ret=SUCCESS |  
2019-08-21 15:29:36,536 | INFO  | DNAudit | user=null | ip=null | op=WRITE_CHUNK {blockData=conID: 3 locID: 102655680532578716 bcsId: 861} | ret=SUCCESS |  
2019-08-21 15:29:36,565 | INFO  | DNAudit | user=null | ip=null | op=WRITE_CHUNK {blockData=conID: 3 locID: 102655680532578716 bcsId: 861} | ret=SUCCESS |  
2019-08-21 15:29:36,566 | INFO  | DNAudit | user=null | ip=null | op=PUT_BLOCK {blockData=[blockId=conID: 3 locID: 102655680532578716 bcsId: 0,size=4194304]} | ret=SUCCESS |  
2019-08-21 15:29:36,566 [grpc-default-executor-4] INFO  client.GrpcClientProtocolClient (GrpcClientProtocolClient.java:onNext(255)) - client-029E50227556->355864cd-7ac5-4934-b366-9756b15dd90f: receive RaftClientReply:client-029E50227556->355864cd-7ac5-4934-b366-9756b15dd90f@group-785BCF25C267, cid=694, SUCCESS, logIndex=864, commits[355864cd-7ac5-4934-b366-9756b15dd90f:c865, ce4aa411-63c8-4399-99eb-27ce352844f3:c863, 3eeffb0a-787e-48ec-a2f5-d0c540a89489:c863]
2019-08-21 15:29:36,567 [grpc-default-executor-4] INFO  client.GrpcClientProtocolClient (GrpcClientProtocolClient.java:onNext(255)) - client-029E50227556->355864cd-7ac5-4934-b366-9756b15dd90f: receive RaftClientReply:client-029E50227556->355864cd-7ac5-4934-b366-9756b15dd90f@group-785BCF25C267, cid=695, SUCCESS, logIndex=865, commits[355864cd-7ac5-4934-b366-9756b15dd90f:c865, ce4aa411-63c8-4399-99eb-27ce352844f3:c863, 3eeffb0a-787e-48ec-a2f5-d0c540a89489:c863]
2019-08-21 15:29:36,577 | INFO  | DNAudit | user=null | ip=null | op=WRITE_CHUNK {blockData=conID: 3 locID: 102655680532578716 bcsId: 861} | ret=SUCCESS |  
2019-08-21 15:29:36,577 | INFO  | DNAudit | user=null | ip=null | op=WRITE_CHUNK {blockData=conID: 3 locID: 102655680532578716 bcsId: 861} | ret=SUCCESS |  
2019-08-21 15:29:36,578 | INFO  | DNAudit | user=null | ip=null | op=PUT_BLOCK {blockData=[blockId=conID: 3 locID: 102655680532578716 bcsId: 0,size=4194304]} | ret=SUCCESS |  
2019-08-21 15:29:36,578 | INFO  | DNAudit | user=null | ip=null | op=PUT_BLOCK {blockData=[blockId=conID: 3 locID: 102655680532578716 bcsId: 0,size=4194304]} | ret=SUCCESS |  
2019-08-21 15:29:36,578 [grpc-default-executor-4] INFO  client.GrpcClientProtocolClient (GrpcClientProtocolClient.java:onNext(255)) - client-029E50227556->355864cd-7ac5-4934-b366-9756b15dd90f: receive RaftClientReply:client-029E50227556->355864cd-7ac5-4934-b366-9756b15dd90f@group-785BCF25C267, cid=696, SUCCESS, logIndex=0, commits[355864cd-7ac5-4934-b366-9756b15dd90f:c866, ce4aa411-63c8-4399-99eb-27ce352844f3:c865, 3eeffb0a-787e-48ec-a2f5-d0c540a89489:c865]
2019-08-21 15:29:36,587 | INFO  | DNAudit | user=null | ip=null | op=WRITE_CHUNK {blockData=conID: 1 locID: 102655680532578717 bcsId: 0} | ret=SUCCESS |  
2019-08-21 15:29:36,592 | INFO  | DNAudit | user=null | ip=null | op=WRITE_CHUNK {blockData=conID: 1 locID: 102655680532578717 bcsId: 0} | ret=SUCCESS |  
2019-08-21 15:29:36,592 | INFO  | DNAudit | user=null | ip=null | op=WRITE_CHUNK {blockData=conID: 1 locID: 102655680532578717 bcsId: 0} | ret=SUCCESS |  
2019-08-21 15:29:36,593 | INFO  | DNAudit | user=null | ip=null | op=WRITE_CHUNK {blockData=conID: 1 locID: 102655680532578717 bcsId: 0} | ret=SUCCESS |  
2019-08-21 15:29:36,596 | INFO  | DNAudit | user=null | ip=null | op=WRITE_CHUNK {blockData=conID: 1 locID: 102655680532578717 bcsId: 0} | ret=SUCCESS |  
2019-08-21 15:29:36,597 | INFO  | DNAudit | user=null | ip=null | op=WRITE_CHUNK {blockData=conID: 1 locID: 102655680532578717 bcsId: 0} | ret=SUCCESS |  
2019-08-21 15:29:36,600 | INFO  | DNAudit | user=null | ip=null | op=WRITE_CHUNK {blockData=conID: 1 locID: 102655680532578717 bcsId: 0} | ret=SUCCESS |  
2019-08-21 15:29:36,600 | INFO  | DNAudit | user=null | ip=null | op=PUT_BLOCK {blockData=[blockId=conID: 1 locID: 102655680532578717 bcsId: 0,size=1048576]} | ret=SUCCESS |  
2019-08-21 15:29:36,601 | INFO  | DNAudit | user=null | ip=null | op=WRITE_CHUNK {blockData=conID: 1 locID: 102655680532578717 bcsId: 0} | ret=SUCCESS |  
2019-08-21 15:29:36,601 | INFO  | DNAudit | user=null | ip=null | op=PUT_BLOCK {blockData=[blockId=conID: 1 locID: 102655680532578717 bcsId: 0,size=2097152]} | ret=SUCCESS |  
2019-08-21 15:29:36,601 [grpc-default-executor-0] INFO  client.GrpcClientProtocolClient (GrpcClientProtocolClient.java:onNext(255)) - client-029E50227556->355864cd-7ac5-4934-b366-9756b15dd90f: receive RaftClientReply:client-029E50227556->355864cd-7ac5-4934-b366-9756b15dd90f@group-785BCF25C267, cid=697, SUCCESS, logIndex=868, commits[355864cd-7ac5-4934-b366-9756b15dd90f:c869, ce4aa411-63c8-4399-99eb-27ce352844f3:c867, 3eeffb0a-787e-48ec-a2f5-d0c540a89489:c867]
2019-08-21 15:29:36,602 [grpc-default-executor-0] INFO  client.GrpcClientProtocolClient (GrpcClientProtocolClient.java:onNext(255)) - client-029E50227556->355864cd-7ac5-4934-b366-9756b15dd90f: receive RaftClientReply:client-029E50227556->355864cd-7ac5-4934-b366-9756b15dd90f@group-785BCF25C267, cid=698, SUCCESS, logIndex=869, commits[355864cd-7ac5-4934-b366-9756b15dd90f:c871, ce4aa411-63c8-4399-99eb-27ce352844f3:c867, 3eeffb0a-787e-48ec-a2f5-d0c540a89489:c867]
2019-08-21 15:29:36,602 | INFO  | DNAudit | user=null | ip=null | op=WRITE_CHUNK {blockData=conID: 1 locID: 102655680532578717 bcsId: 0} | ret=SUCCESS |  
2019-08-21 15:29:36,602 [grpc-default-executor-4] INFO  client.GrpcClientProtocolClient (GrpcClientProtocolClient.java:onNext(255)) - client-029E50227556->355864cd-7ac5-4934-b366-9756b15dd90f: receive RaftClientReply:client-029E50227556->355864cd-7ac5-4934-b366-9756b15dd90f@group-785BCF25C267, cid=699, SUCCESS, logIndex=870, commits[355864cd-7ac5-4934-b366-9756b15dd90f:c871, ce4aa411-63c8-4399-99eb-27ce352844f3:c867, 3eeffb0a-787e-48ec-a2f5-d0c540a89489:c867]
2019-08-21 15:29:36,602 | INFO  | DNAudit | user=null | ip=null | op=PUT_BLOCK {blockData=[blockId=conID: 1 locID: 102655680532578717 bcsId: 0,size=1048576]} | ret=SUCCESS |  
2019-08-21 15:29:36,602 [grpc-default-executor-4] INFO  client.GrpcClientProtocolClient (GrpcClientProtocolClient.java:onNext(255)) - client-029E50227556->355864cd-7ac5-4934-b366-9756b15dd90f: receive RaftClientReply:client-029E50227556->355864cd-7ac5-4934-b366-9756b15dd90f@group-785BCF25C267, cid=700, SUCCESS, logIndex=871, commits[355864cd-7ac5-4934-b366-9756b15dd90f:c871, ce4aa411-63c8-4399-99eb-27ce352844f3:c867, 3eeffb0a-787e-48ec-a2f5-d0c540a89489:c867]
2019-08-21 15:29:36,603 | INFO  | DNAudit | user=null | ip=null | op=WRITE_CHUNK {blockData=conID: 1 locID: 102655680532578717 bcsId: 0} | ret=SUCCESS |  
2019-08-21 15:29:36,603 | INFO  | DNAudit | user=null | ip=null | op=PUT_BLOCK {blockData=[blockId=conID: 1 locID: 102655680532578717 bcsId: 0,size=2097152]} | ret=SUCCESS |  
2019-08-21 15:29:36,604 | INFO  | DNAudit | user=null | ip=null | op=WRITE_CHUNK {blockData=conID: 1 locID: 102655680532578717 bcsId: 0} | ret=SUCCESS |  
2019-08-21 15:29:36,604 | INFO  | DNAudit | user=null | ip=null | op=PUT_BLOCK {blockData=[blockId=conID: 1 locID: 102655680532578717 bcsId: 0,size=1048576]} | ret=SUCCESS |  
2019-08-21 15:29:36,604 | INFO  | DNAudit | user=null | ip=null | op=WRITE_CHUNK {blockData=conID: 1 locID: 102655680532578717 bcsId: 0} | ret=SUCCESS |  
2019-08-21 15:29:36,605 | INFO  | DNAudit | user=null | ip=null | op=PUT_BLOCK {blockData=[blockId=conID: 1 locID: 102655680532578717 bcsId: 0,size=2097152]} | ret=SUCCESS |  
2019-08-21 15:29:36,605 [grpc-default-executor-3] INFO  client.GrpcClientProtocolClient (GrpcClientProtocolClient.java:onNext(255)) - client-029E50227556->355864cd-7ac5-4934-b366-9756b15dd90f: receive RaftClientReply:client-029E50227556->355864cd-7ac5-4934-b366-9756b15dd90f@group-785BCF25C267, cid=701, SUCCESS, logIndex=0, commits[355864cd-7ac5-4934-b366-9756b15dd90f:c875, ce4aa411-63c8-4399-99eb-27ce352844f3:c869, 3eeffb0a-787e-48ec-a2f5-d0c540a89489:c871]
2019-08-21 15:29:36,613 | INFO  | DNAudit | user=null | ip=null | op=WRITE_CHUNK {blockData=conID: 1 locID: 102655680532578717 bcsId: 871} | ret=SUCCESS |  
2019-08-21 15:29:36,616 | INFO  | DNAudit | user=null | ip=null | op=WRITE_CHUNK {blockData=conID: 1 locID: 102655680532578717 bcsId: 871} | ret=SUCCESS |  
2019-08-21 15:29:36,617 | INFO  | DNAudit | user=null | ip=null | op=WRITE_CHUNK {blockData=conID: 1 locID: 102655680532578717 bcsId: 871} | ret=SUCCESS |  
2019-08-21 15:29:36,625 | INFO  | DNAudit | user=null | ip=null | op=WRITE_CHUNK {blockData=conID: 1 locID: 102655680532578717 bcsId: 871} | ret=SUCCESS |  
2019-08-21 15:29:36,626 | INFO  | DNAudit | user=null | ip=null | op=PUT_BLOCK {blockData=[blockId=conID: 1 locID: 102655680532578717 bcsId: 0,size=3145728]} | ret=SUCCESS |  
2019-08-21 15:29:36,626 [grpc-default-executor-0] INFO  client.GrpcClientProtocolClient (GrpcClientProtocolClient.java:onNext(255)) - client-029E50227556->355864cd-7ac5-4934-b366-9756b15dd90f: receive RaftClientReply:client-029E50227556->355864cd-7ac5-4934-b366-9756b15dd90f@group-785BCF25C267, cid=702, SUCCESS, logIndex=876, commits[355864cd-7ac5-4934-b366-9756b15dd90f:c877, ce4aa411-63c8-4399-99eb-27ce352844f3:c875, 3eeffb0a-787e-48ec-a2f5-d0c540a89489:c875]
2019-08-21 15:29:36,626 [grpc-default-executor-0] INFO  client.GrpcClientProtocolClient (GrpcClientProtocolClient.java:onNext(255)) - client-029E50227556->355864cd-7ac5-4934-b366-9756b15dd90f: receive RaftClientReply:client-029E50227556->355864cd-7ac5-4934-b366-9756b15dd90f@group-785BCF25C267, cid=703, SUCCESS, logIndex=877, commits[355864cd-7ac5-4934-b366-9756b15dd90f:c877, ce4aa411-63c8-4399-99eb-27ce352844f3:c875, 3eeffb0a-787e-48ec-a2f5-d0c540a89489:c875]
2019-08-21 15:29:36,635 | INFO  | DNAudit | user=null | ip=null | op=WRITE_CHUNK {blockData=conID: 1 locID: 102655680532578717 bcsId: 877} | ret=SUCCESS |  
2019-08-21 15:29:36,637 | INFO  | DNAudit | user=null | ip=null | op=WRITE_CHUNK {blockData=conID: 1 locID: 102655680532578717 bcsId: 871} | ret=SUCCESS |  
2019-08-21 15:29:36,637 | INFO  | DNAudit | user=null | ip=null | op=WRITE_CHUNK {blockData=conID: 1 locID: 102655680532578717 bcsId: 871} | ret=SUCCESS |  
2019-08-21 15:29:36,638 | INFO  | DNAudit | user=null | ip=null | op=PUT_BLOCK {blockData=[blockId=conID: 1 locID: 102655680532578717 bcsId: 0,size=3145728]} | ret=SUCCESS |  
2019-08-21 15:29:36,638 | INFO  | DNAudit | user=null | ip=null | op=WRITE_CHUNK {blockData=conID: 1 locID: 102655680532578717 bcsId: 877} | ret=SUCCESS |  
2019-08-21 15:29:36,638 | INFO  | DNAudit | user=null | ip=null | op=WRITE_CHUNK {blockData=conID: 1 locID: 102655680532578717 bcsId: 877} | ret=SUCCESS |  
2019-08-21 15:29:36,650 | INFO  | DNAudit | user=null | ip=null | op=PUT_BLOCK {blockData=[blockId=conID: 1 locID: 102655680532578717 bcsId: 0,size=3145728]} | ret=SUCCESS |  
2019-08-21 15:29:36,650 | INFO  | DNAudit | user=null | ip=null | op=WRITE_CHUNK {blockData=conID: 1 locID: 102655680532578717 bcsId: 877} | ret=SUCCESS |  
2019-08-21 15:29:36,651 | INFO  | DNAudit | user=null | ip=null | op=PUT_BLOCK {blockData=[blockId=conID: 1 locID: 102655680532578717 bcsId: 0,size=4194304]} | ret=SUCCESS |  
2019-08-21 15:29:36,651 [grpc-default-executor-3] INFO  client.GrpcClientProtocolClient (GrpcClientProtocolClient.java:onNext(255)) - client-029E50227556->355864cd-7ac5-4934-b366-9756b15dd90f: receive RaftClientReply:client-029E50227556->355864cd-7ac5-4934-b366-9756b15dd90f@group-785BCF25C267, cid=704, SUCCESS, logIndex=880, commits[355864cd-7ac5-4934-b366-9756b15dd90f:c881, ce4aa411-63c8-4399-99eb-27ce352844f3:c877, 3eeffb0a-787e-48ec-a2f5-d0c540a89489:c877]
2019-08-21 15:29:36,651 [grpc-default-executor-3] INFO  client.GrpcClientProtocolClient (GrpcClientProtocolClient.java:onNext(255)) - client-029E50227556->355864cd-7ac5-4934-b366-9756b15dd90f: receive RaftClientReply:client-029E50227556->355864cd-7ac5-4934-b366-9756b15dd90f@group-785BCF25C267, cid=705, SUCCESS, logIndex=881, commits[355864cd-7ac5-4934-b366-9756b15dd90f:c881, ce4aa411-63c8-4399-99eb-27ce352844f3:c877, 3eeffb0a-787e-48ec-a2f5-d0c540a89489:c877]
2019-08-21 15:29:36,662 | INFO  | DNAudit | user=null | ip=null | op=WRITE_CHUNK {blockData=conID: 1 locID: 102655680532578717 bcsId: 877} | ret=SUCCESS |  
2019-08-21 15:29:36,662 | INFO  | DNAudit | user=null | ip=null | op=WRITE_CHUNK {blockData=conID: 1 locID: 102655680532578717 bcsId: 877} | ret=SUCCESS |  
2019-08-21 15:29:36,662 | INFO  | DNAudit | user=null | ip=null | op=PUT_BLOCK {blockData=[blockId=conID: 1 locID: 102655680532578717 bcsId: 0,size=4194304]} | ret=SUCCESS |  
2019-08-21 15:29:36,663 | INFO  | DNAudit | user=null | ip=null | op=PUT_BLOCK {blockData=[blockId=conID: 1 locID: 102655680532578717 bcsId: 0,size=4194304]} | ret=SUCCESS |  
2019-08-21 15:29:36,664 [grpc-default-executor-3] INFO  client.GrpcClientProtocolClient (GrpcClientProtocolClient.java:onNext(255)) - client-029E50227556->355864cd-7ac5-4934-b366-9756b15dd90f: receive RaftClientReply:client-029E50227556->355864cd-7ac5-4934-b366-9756b15dd90f@group-785BCF25C267, cid=706, SUCCESS, logIndex=0, commits[355864cd-7ac5-4934-b366-9756b15dd90f:c882, ce4aa411-63c8-4399-99eb-27ce352844f3:c881, 3eeffb0a-787e-48ec-a2f5-d0c540a89489:c881]
2019-08-21 15:29:36,673 | INFO  | DNAudit | user=null | ip=null | op=WRITE_CHUNK {blockData=conID: 2 locID: 102655680532578718 bcsId: 0} | ret=SUCCESS |  
2019-08-21 15:29:36,676 | INFO  | DNAudit | user=null | ip=null | op=WRITE_CHUNK {blockData=conID: 2 locID: 102655680532578718 bcsId: 0} | ret=SUCCESS |  
2019-08-21 15:29:36,678 | INFO  | DNAudit | user=null | ip=null | op=WRITE_CHUNK {blockData=conID: 2 locID: 102655680532578718 bcsId: 0} | ret=SUCCESS |  
2019-08-21 15:29:36,678 | INFO  | DNAudit | user=null | ip=null | op=WRITE_CHUNK {blockData=conID: 2 locID: 102655680532578718 bcsId: 0} | ret=SUCCESS |  
2019-08-21 15:29:36,682 | INFO  | DNAudit | user=null | ip=null | op=WRITE_CHUNK {blockData=conID: 2 locID: 102655680532578718 bcsId: 0} | ret=SUCCESS |  
2019-08-21 15:29:36,682 | INFO  | DNAudit | user=null | ip=null | op=WRITE_CHUNK {blockData=conID: 2 locID: 102655680532578718 bcsId: 0} | ret=SUCCESS |  
2019-08-21 15:29:36,686 | INFO  | DNAudit | user=null | ip=null | op=WRITE_CHUNK {blockData=conID: 2 locID: 102655680532578718 bcsId: 0} | ret=SUCCESS |  
2019-08-21 15:29:36,687 | INFO  | DNAudit | user=null | ip=null | op=PUT_BLOCK {blockData=[blockId=conID: 2 locID: 102655680532578718 bcsId: 0,size=1048576]} | ret=SUCCESS |  
2019-08-21 15:29:36,687 | INFO  | DNAudit | user=null | ip=null | op=WRITE_CHUNK {blockData=conID: 2 locID: 102655680532578718 bcsId: 0} | ret=SUCCESS |  
2019-08-21 15:29:36,687 [grpc-default-executor-3] INFO  client.GrpcClientProtocolClient (GrpcClientProtocolClient.java:onNext(255)) - client-029E50227556->355864cd-7ac5-4934-b366-9756b15dd90f: receive RaftClientReply:client-029E50227556->355864cd-7ac5-4934-b366-9756b15dd90f@group-785BCF25C267, cid=707, SUCCESS, logIndex=884, commits[355864cd-7ac5-4934-b366-9756b15dd90f:c885, ce4aa411-63c8-4399-99eb-27ce352844f3:c883, 3eeffb0a-787e-48ec-a2f5-d0c540a89489:c883]
2019-08-21 15:29:36,687 | INFO  | DNAudit | user=null | ip=null | op=PUT_BLOCK {blockData=[blockId=conID: 2 locID: 102655680532578718 bcsId: 0,size=2097152]} | ret=SUCCESS |  
2019-08-21 15:29:36,688 [grpc-default-executor-3] INFO  client.GrpcClientProtocolClient (GrpcClientProtocolClient.java:onNext(255)) - client-029E50227556->355864cd-7ac5-4934-b366-9756b15dd90f: receive RaftClientReply:client-029E50227556->355864cd-7ac5-4934-b366-9756b15dd90f@group-785BCF25C267, cid=708, SUCCESS, logIndex=885, commits[355864cd-7ac5-4934-b366-9756b15dd90f:c886, ce4aa411-63c8-4399-99eb-27ce352844f3:c883, 3eeffb0a-787e-48ec-a2f5-d0c540a89489:c883]
2019-08-21 15:29:36,688 | INFO  | DNAudit | user=null | ip=null | op=WRITE_CHUNK {blockData=conID: 2 locID: 102655680532578718 bcsId: 0} | ret=SUCCESS |  
2019-08-21 15:29:36,688 [grpc-default-executor-3] INFO  client.GrpcClientProtocolClient (GrpcClientProtocolClient.java:onNext(255)) - client-029E50227556->355864cd-7ac5-4934-b366-9756b15dd90f: receive RaftClientReply:client-029E50227556->355864cd-7ac5-4934-b366-9756b15dd90f@group-785BCF25C267, cid=709, SUCCESS, logIndex=886, commits[355864cd-7ac5-4934-b366-9756b15dd90f:c887, ce4aa411-63c8-4399-99eb-27ce352844f3:c883, 3eeffb0a-787e-48ec-a2f5-d0c540a89489:c883]
2019-08-21 15:29:36,688 | INFO  | DNAudit | user=null | ip=null | op=PUT_BLOCK {blockData=[blockId=conID: 2 locID: 102655680532578718 bcsId: 0,size=1048576]} | ret=SUCCESS |  
2019-08-21 15:29:36,689 [grpc-default-executor-3] INFO  client.GrpcClientProtocolClient (GrpcClientProtocolClient.java:onNext(255)) - client-029E50227556->355864cd-7ac5-4934-b366-9756b15dd90f: receive RaftClientReply:client-029E50227556->355864cd-7ac5-4934-b366-9756b15dd90f@group-785BCF25C267, cid=710, SUCCESS, logIndex=887, commits[355864cd-7ac5-4934-b366-9756b15dd90f:c887, ce4aa411-63c8-4399-99eb-27ce352844f3:c883, 3eeffb0a-787e-48ec-a2f5-d0c540a89489:c883]
2019-08-21 15:29:36,698 | INFO  | DNAudit | user=null | ip=null | op=WRITE_CHUNK {blockData=conID: 2 locID: 102655680532578718 bcsId: 0} | ret=SUCCESS |  
2019-08-21 15:29:36,699 | INFO  | DNAudit | user=null | ip=null | op=PUT_BLOCK {blockData=[blockId=conID: 2 locID: 102655680532578718 bcsId: 0,size=1048576]} | ret=SUCCESS |  
2019-08-21 15:29:36,699 | INFO  | DNAudit | user=null | ip=null | op=WRITE_CHUNK {blockData=conID: 2 locID: 102655680532578718 bcsId: 0} | ret=SUCCESS |  
2019-08-21 15:29:36,699 | INFO  | DNAudit | user=null | ip=null | op=WRITE_CHUNK {blockData=conID: 2 locID: 102655680532578718 bcsId: 0} | ret=SUCCESS |  
2019-08-21 15:29:36,699 | INFO  | DNAudit | user=null | ip=null | op=PUT_BLOCK {blockData=[blockId=conID: 2 locID: 102655680532578718 bcsId: 0,size=2097152]} | ret=SUCCESS |  
2019-08-21 15:29:36,699 | INFO  | DNAudit | user=null | ip=null | op=PUT_BLOCK {blockData=[blockId=conID: 2 locID: 102655680532578718 bcsId: 0,size=2097152]} | ret=SUCCESS |  
2019-08-21 15:29:36,700 [grpc-default-executor-0] INFO  client.GrpcClientProtocolClient (GrpcClientProtocolClient.java:onNext(255)) - client-029E50227556->355864cd-7ac5-4934-b366-9756b15dd90f: receive RaftClientReply:client-029E50227556->355864cd-7ac5-4934-b366-9756b15dd90f@group-785BCF25C267, cid=711, SUCCESS, logIndex=0, commits[355864cd-7ac5-4934-b366-9756b15dd90f:c888, ce4aa411-63c8-4399-99eb-27ce352844f3:c885, 3eeffb0a-787e-48ec-a2f5-d0c540a89489:c885]
2019-08-21 15:29:36,707 | INFO  | DNAudit | user=null | ip=null | op=WRITE_CHUNK {blockData=conID: 2 locID: 102655680532578718 bcsId: 887} | ret=SUCCESS |  
2019-08-21 15:29:36,711 | INFO  | DNAudit | user=null | ip=null | op=WRITE_CHUNK {blockData=conID: 2 locID: 102655680532578718 bcsId: 887} | ret=SUCCESS |  
2019-08-21 15:29:36,712 | INFO  | DNAudit | user=null | ip=null | op=WRITE_CHUNK {blockData=conID: 2 locID: 102655680532578718 bcsId: 887} | ret=SUCCESS |  
2019-08-21 15:29:36,720 | INFO  | DNAudit | user=null | ip=null | op=WRITE_CHUNK {blockData=conID: 2 locID: 102655680532578718 bcsId: 887} | ret=SUCCESS |  
2019-08-21 15:29:36,721 | INFO  | DNAudit | user=null | ip=null | op=PUT_BLOCK {blockData=[blockId=conID: 2 locID: 102655680532578718 bcsId: 0,size=3145728]} | ret=SUCCESS |  
2019-08-21 15:29:36,721 [grpc-default-executor-3] INFO  client.GrpcClientProtocolClient (GrpcClientProtocolClient.java:onNext(255)) - client-029E50227556->355864cd-7ac5-4934-b366-9756b15dd90f: receive RaftClientReply:client-029E50227556->355864cd-7ac5-4934-b366-9756b15dd90f@group-785BCF25C267, cid=712, SUCCESS, logIndex=892, commits[355864cd-7ac5-4934-b366-9756b15dd90f:c893, ce4aa411-63c8-4399-99eb-27ce352844f3:c891, 3eeffb0a-787e-48ec-a2f5-d0c540a89489:c891]
2019-08-21 15:29:36,722 [grpc-default-executor-3] INFO  client.GrpcClientProtocolClient (GrpcClientProtocolClient.java:onNext(255)) - client-029E50227556->355864cd-7ac5-4934-b366-9756b15dd90f: receive RaftClientReply:client-029E50227556->355864cd-7ac5-4934-b366-9756b15dd90f@group-785BCF25C267, cid=713, SUCCESS, logIndex=893, commits[355864cd-7ac5-4934-b366-9756b15dd90f:c893, ce4aa411-63c8-4399-99eb-27ce352844f3:c891, 3eeffb0a-787e-48ec-a2f5-d0c540a89489:c891]
2019-08-21 15:29:36,730 | INFO  | DNAudit | user=null | ip=null | op=WRITE_CHUNK {blockData=conID: 2 locID: 102655680532578718 bcsId: 893} | ret=SUCCESS |  
2019-08-21 15:29:36,732 | INFO  | DNAudit | user=null | ip=null | op=WRITE_CHUNK {blockData=conID: 2 locID: 102655680532578718 bcsId: 887} | ret=SUCCESS |  
2019-08-21 15:29:36,732 | INFO  | DNAudit | user=null | ip=null | op=WRITE_CHUNK {blockData=conID: 2 locID: 102655680532578718 bcsId: 887} | ret=SUCCESS |  
2019-08-21 15:29:36,732 | INFO  | DNAudit | user=null | ip=null | op=PUT_BLOCK {blockData=[blockId=conID: 2 locID: 102655680532578718 bcsId: 0,size=3145728]} | ret=SUCCESS |  
2019-08-21 15:29:36,732 | INFO  | DNAudit | user=null | ip=null | op=PUT_BLOCK {blockData=[blockId=conID: 2 locID: 102655680532578718 bcsId: 0,size=3145728]} | ret=SUCCESS |  
2019-08-21 15:29:36,733 | INFO  | DNAudit | user=null | ip=null | op=WRITE_CHUNK {blockData=conID: 2 locID: 102655680532578718 bcsId: 893} | ret=SUCCESS |  
2019-08-21 15:29:36,734 | INFO  | DNAudit | user=null | ip=null | op=WRITE_CHUNK {blockData=conID: 2 locID: 102655680532578718 bcsId: 893} | ret=SUCCESS |  
2019-08-21 15:29:36,744 | INFO  | DNAudit | user=null | ip=null | op=WRITE_CHUNK {blockData=conID: 2 locID: 102655680532578718 bcsId: 893} | ret=SUCCESS |  
2019-08-21 15:29:36,745 | INFO  | DNAudit | user=null | ip=null | op=PUT_BLOCK {blockData=[blockId=conID: 2 locID: 102655680532578718 bcsId: 0,size=4194304]} | ret=SUCCESS |  
2019-08-21 15:29:36,745 | INFO  | DNAudit | user=null | ip=null | op=WRITE_CHUNK {blockData=conID: 2 locID: 102655680532578718 bcsId: 893} | ret=SUCCESS |  
2019-08-21 15:29:36,745 [grpc-default-executor-3] INFO  client.GrpcClientProtocolClient (GrpcClientProtocolClient.java:onNext(255)) - client-029E50227556->355864cd-7ac5-4934-b366-9756b15dd90f: receive RaftClientReply:client-029E50227556->355864cd-7ac5-4934-b366-9756b15dd90f@group-785BCF25C267, cid=714, SUCCESS, logIndex=896, commits[355864cd-7ac5-4934-b366-9756b15dd90f:c897, ce4aa411-63c8-4399-99eb-27ce352844f3:c893, 3eeffb0a-787e-48ec-a2f5-d0c540a89489:c893]
2019-08-21 15:29:36,746 [grpc-default-executor-3] INFO  client.GrpcClientProtocolClient (GrpcClientProtocolClient.java:onNext(255)) - client-029E50227556->355864cd-7ac5-4934-b366-9756b15dd90f: receive RaftClientReply:client-029E50227556->355864cd-7ac5-4934-b366-9756b15dd90f@group-785BCF25C267, cid=715, SUCCESS, logIndex=897, commits[355864cd-7ac5-4934-b366-9756b15dd90f:c897, ce4aa411-63c8-4399-99eb-27ce352844f3:c893, 3eeffb0a-787e-48ec-a2f5-d0c540a89489:c893]
2019-08-21 15:29:36,746 | INFO  | DNAudit | user=null | ip=null | op=WRITE_CHUNK {blockData=conID: 2 locID: 102655680532578718 bcsId: 893} | ret=SUCCESS |  
2019-08-21 15:29:36,747 | INFO  | DNAudit | user=null | ip=null | op=PUT_BLOCK {blockData=[blockId=conID: 2 locID: 102655680532578718 bcsId: 0,size=4194304]} | ret=SUCCESS |  
2019-08-21 15:29:36,747 | INFO  | DNAudit | user=null | ip=null | op=PUT_BLOCK {blockData=[blockId=conID: 2 locID: 102655680532578718 bcsId: 0,size=4194304]} | ret=SUCCESS |  
2019-08-21 15:29:36,748 [grpc-default-executor-3] INFO  client.GrpcClientProtocolClient (GrpcClientProtocolClient.java:onNext(255)) - client-029E50227556->355864cd-7ac5-4934-b366-9756b15dd90f: receive RaftClientReply:client-029E50227556->355864cd-7ac5-4934-b366-9756b15dd90f@group-785BCF25C267, cid=716, SUCCESS, logIndex=0, commits[355864cd-7ac5-4934-b366-9756b15dd90f:c899, ce4aa411-63c8-4399-99eb-27ce352844f3:c897, 3eeffb0a-787e-48ec-a2f5-d0c540a89489:c897]
2019-08-21 15:29:36,758 | INFO  | DNAudit | user=null | ip=null | op=WRITE_CHUNK {blockData=conID: 3 locID: 102655680532578719 bcsId: 0} | ret=SUCCESS |  
2019-08-21 15:29:36,760 | INFO  | DNAudit | user=null | ip=null | op=WRITE_CHUNK {blockData=conID: 3 locID: 102655680532578719 bcsId: 0} | ret=SUCCESS |  
2019-08-21 15:29:36,760 | INFO  | DNAudit | user=null | ip=null | op=WRITE_CHUNK {blockData=conID: 3 locID: 102655680532578719 bcsId: 0} | ret=SUCCESS |  
2019-08-21 15:29:36,761 | INFO  | DNAudit | user=null | ip=null | op=WRITE_CHUNK {blockData=conID: 3 locID: 102655680532578719 bcsId: 0} | ret=SUCCESS |  
2019-08-21 15:29:36,763 | INFO  | DNAudit | user=null | ip=null | op=WRITE_CHUNK {blockData=conID: 3 locID: 102655680532578719 bcsId: 0} | ret=SUCCESS |  
2019-08-21 15:29:36,764 | INFO  | DNAudit | user=null | ip=null | op=WRITE_CHUNK {blockData=conID: 3 locID: 102655680532578719 bcsId: 0} | ret=SUCCESS |  
2019-08-21 15:29:36,769 | INFO  | DNAudit | user=null | ip=null | op=WRITE_CHUNK {blockData=conID: 3 locID: 102655680532578719 bcsId: 0} | ret=SUCCESS |  
2019-08-21 15:29:36,770 | INFO  | DNAudit | user=null | ip=null | op=PUT_BLOCK {blockData=[blockId=conID: 3 locID: 102655680532578719 bcsId: 0,size=1048576]} | ret=SUCCESS |  
2019-08-21 15:29:36,770 | INFO  | DNAudit | user=null | ip=null | op=WRITE_CHUNK {blockData=conID: 3 locID: 102655680532578719 bcsId: 0} | ret=SUCCESS |  
2019-08-21 15:29:36,770 [grpc-default-executor-0] INFO  client.GrpcClientProtocolClient (GrpcClientProtocolClient.java:onNext(255)) - client-029E50227556->355864cd-7ac5-4934-b366-9756b15dd90f: receive RaftClientReply:client-029E50227556->355864cd-7ac5-4934-b366-9756b15dd90f@group-785BCF25C267, cid=717, SUCCESS, logIndex=900, commits[355864cd-7ac5-4934-b366-9756b15dd90f:c901, ce4aa411-63c8-4399-99eb-27ce352844f3:c899, 3eeffb0a-787e-48ec-a2f5-d0c540a89489:c899]
2019-08-21 15:29:36,771 | INFO  | DNAudit | user=null | ip=null | op=PUT_BLOCK {blockData=[blockId=conID: 3 locID: 102655680532578719 bcsId: 0,size=2097152]} | ret=SUCCESS |  
2019-08-21 15:29:36,771 [grpc-default-executor-0] INFO  client.GrpcClientProtocolClient (GrpcClientProtocolClient.java:onNext(255)) - client-029E50227556->355864cd-7ac5-4934-b366-9756b15dd90f: receive RaftClientReply:client-029E50227556->355864cd-7ac5-4934-b366-9756b15dd90f@group-785BCF25C267, cid=718, SUCCESS, logIndex=901, commits[355864cd-7ac5-4934-b366-9756b15dd90f:c903, ce4aa411-63c8-4399-99eb-27ce352844f3:c899, 3eeffb0a-787e-48ec-a2f5-d0c540a89489:c899]
2019-08-21 15:29:36,771 | INFO  | DNAudit | user=null | ip=null | op=WRITE_CHUNK {blockData=conID: 3 locID: 102655680532578719 bcsId: 0} | ret=SUCCESS |  
2019-08-21 15:29:36,771 [grpc-default-executor-0] INFO  client.GrpcClientProtocolClient (GrpcClientProtocolClient.java:onNext(255)) - client-029E50227556->355864cd-7ac5-4934-b366-9756b15dd90f: receive RaftClientReply:client-029E50227556->355864cd-7ac5-4934-b366-9756b15dd90f@group-785BCF25C267, cid=719, SUCCESS, logIndex=902, commits[355864cd-7ac5-4934-b366-9756b15dd90f:c903, ce4aa411-63c8-4399-99eb-27ce352844f3:c899, 3eeffb0a-787e-48ec-a2f5-d0c540a89489:c899]
2019-08-21 15:29:36,771 | INFO  | DNAudit | user=null | ip=null | op=PUT_BLOCK {blockData=[blockId=conID: 3 locID: 102655680532578719 bcsId: 0,size=1048576]} | ret=SUCCESS |  
2019-08-21 15:29:36,772 | INFO  | DNAudit | user=null | ip=null | op=WRITE_CHUNK {blockData=conID: 3 locID: 102655680532578719 bcsId: 0} | ret=SUCCESS |  
2019-08-21 15:29:36,772 [grpc-default-executor-0] INFO  client.GrpcClientProtocolClient (GrpcClientProtocolClient.java:onNext(255)) - client-029E50227556->355864cd-7ac5-4934-b366-9756b15dd90f: receive RaftClientReply:client-029E50227556->355864cd-7ac5-4934-b366-9756b15dd90f@group-785BCF25C267, cid=720, SUCCESS, logIndex=903, commits[355864cd-7ac5-4934-b366-9756b15dd90f:c903, ce4aa411-63c8-4399-99eb-27ce352844f3:c899, 3eeffb0a-787e-48ec-a2f5-d0c540a89489:c899]
2019-08-21 15:29:36,772 | INFO  | DNAudit | user=null | ip=null | op=PUT_BLOCK {blockData=[blockId=conID: 3 locID: 102655680532578719 bcsId: 0,size=1048576]} | ret=SUCCESS |  
2019-08-21 15:29:36,772 | INFO  | DNAudit | user=null | ip=null | op=WRITE_CHUNK {blockData=conID: 3 locID: 102655680532578719 bcsId: 0} | ret=SUCCESS |  
2019-08-21 15:29:36,772 | INFO  | DNAudit | user=null | ip=null | op=PUT_BLOCK {blockData=[blockId=conID: 3 locID: 102655680532578719 bcsId: 0,size=2097152]} | ret=SUCCESS |  
2019-08-21 15:29:36,772 | INFO  | DNAudit | user=null | ip=null | op=WRITE_CHUNK {blockData=conID: 3 locID: 102655680532578719 bcsId: 0} | ret=SUCCESS |  
2019-08-21 15:29:36,773 | INFO  | DNAudit | user=null | ip=null | op=PUT_BLOCK {blockData=[blockId=conID: 3 locID: 102655680532578719 bcsId: 0,size=2097152]} | ret=SUCCESS |  
2019-08-21 15:29:36,773 [grpc-default-executor-3] INFO  client.GrpcClientProtocolClient (GrpcClientProtocolClient.java:onNext(255)) - client-029E50227556->355864cd-7ac5-4934-b366-9756b15dd90f: receive RaftClientReply:client-029E50227556->355864cd-7ac5-4934-b366-9756b15dd90f@group-785BCF25C267, cid=721, SUCCESS, logIndex=0, commits[355864cd-7ac5-4934-b366-9756b15dd90f:c907, ce4aa411-63c8-4399-99eb-27ce352844f3:c903, 3eeffb0a-787e-48ec-a2f5-d0c540a89489:c903]
2019-08-21 15:29:36,782 | INFO  | DNAudit | user=null | ip=null | op=WRITE_CHUNK {blockData=conID: 3 locID: 102655680532578719 bcsId: 903} | ret=SUCCESS |  
2019-08-21 15:29:36,785 | INFO  | DNAudit | user=null | ip=null | op=WRITE_CHUNK {blockData=conID: 3 locID: 102655680532578719 bcsId: 903} | ret=SUCCESS |  
2019-08-21 15:29:36,786 | INFO  | DNAudit | user=null | ip=null | op=WRITE_CHUNK {blockData=conID: 3 locID: 102655680532578719 bcsId: 903} | ret=SUCCESS |  
2019-08-21 15:29:36,795 | INFO  | DNAudit | user=null | ip=null | op=WRITE_CHUNK {blockData=conID: 3 locID: 102655680532578719 bcsId: 903} | ret=SUCCESS |  
2019-08-21 15:29:36,796 | INFO  | DNAudit | user=null | ip=null | op=PUT_BLOCK {blockData=[blockId=conID: 3 locID: 102655680532578719 bcsId: 0,size=3145728]} | ret=SUCCESS |  
2019-08-21 15:29:36,796 [grpc-default-executor-0] INFO  client.GrpcClientProtocolClient (GrpcClientProtocolClient.java:onNext(255)) - client-029E50227556->355864cd-7ac5-4934-b366-9756b15dd90f: receive RaftClientReply:client-029E50227556->355864cd-7ac5-4934-b366-9756b15dd90f@group-785BCF25C267, cid=722, SUCCESS, logIndex=908, commits[355864cd-7ac5-4934-b366-9756b15dd90f:c909, ce4aa411-63c8-4399-99eb-27ce352844f3:c907, 3eeffb0a-787e-48ec-a2f5-d0c540a89489:c903]
2019-08-21 15:29:36,797 [grpc-default-executor-0] INFO  client.GrpcClientProtocolClient (GrpcClientProtocolClient.java:onNext(255)) - client-029E50227556->355864cd-7ac5-4934-b366-9756b15dd90f: receive RaftClientReply:client-029E50227556->355864cd-7ac5-4934-b366-9756b15dd90f@group-785BCF25C267, cid=723, SUCCESS, logIndex=909, commits[355864cd-7ac5-4934-b366-9756b15dd90f:c909, ce4aa411-63c8-4399-99eb-27ce352844f3:c907, 3eeffb0a-787e-48ec-a2f5-d0c540a89489:c907]
2019-08-21 15:29:36,805 | INFO  | DNAudit | user=null | ip=null | op=WRITE_CHUNK {blockData=conID: 3 locID: 102655680532578719 bcsId: 909} | ret=SUCCESS |  
2019-08-21 15:29:36,806 | INFO  | DNAudit | user=null | ip=null | op=WRITE_CHUNK {blockData=conID: 3 locID: 102655680532578719 bcsId: 903} | ret=SUCCESS |  
2019-08-21 15:29:36,806 | INFO  | DNAudit | user=null | ip=null | op=WRITE_CHUNK {blockData=conID: 3 locID: 102655680532578719 bcsId: 903} | ret=SUCCESS |  
2019-08-21 15:29:36,806 | INFO  | DNAudit | user=null | ip=null | op=PUT_BLOCK {blockData=[blockId=conID: 3 locID: 102655680532578719 bcsId: 0,size=3145728]} | ret=SUCCESS |  
2019-08-21 15:29:36,806 | INFO  | DNAudit | user=null | ip=null | op=PUT_BLOCK {blockData=[blockId=conID: 3 locID: 102655680532578719 bcsId: 0,size=3145728]} | ret=SUCCESS |  
2019-08-21 15:29:36,808 | INFO  | DNAudit | user=null | ip=null | op=WRITE_CHUNK {blockData=conID: 3 locID: 102655680532578719 bcsId: 909} | ret=SUCCESS |  
2019-08-21 15:29:36,809 | INFO  | DNAudit | user=null | ip=null | op=WRITE_CHUNK {blockData=conID: 3 locID: 102655680532578719 bcsId: 909} | ret=SUCCESS |  
2019-08-21 15:29:36,818 | INFO  | DNAudit | user=null | ip=null | op=WRITE_CHUNK {blockData=conID: 3 locID: 102655680532578719 bcsId: 909} | ret=SUCCESS |  
2019-08-21 15:29:36,819 | INFO  | DNAudit | user=null | ip=null | op=PUT_BLOCK {blockData=[blockId=conID: 3 locID: 102655680532578719 bcsId: 0,size=4194304]} | ret=SUCCESS |  
2019-08-21 15:29:36,819 [grpc-default-executor-4] INFO  client.GrpcClientProtocolClient (GrpcClientProtocolClient.java:onNext(255)) - client-029E50227556->355864cd-7ac5-4934-b366-9756b15dd90f: receive RaftClientReply:client-029E50227556->355864cd-7ac5-4934-b366-9756b15dd90f@group-785BCF25C267, cid=724, SUCCESS, logIndex=911, commits[355864cd-7ac5-4934-b366-9756b15dd90f:c912, ce4aa411-63c8-4399-99eb-27ce352844f3:c909, 3eeffb0a-787e-48ec-a2f5-d0c540a89489:c909]
2019-08-21 15:29:36,820 [grpc-default-executor-4] INFO  client.GrpcClientProtocolClient (GrpcClientProtocolClient.java:onNext(255)) - client-029E50227556->355864cd-7ac5-4934-b366-9756b15dd90f: receive RaftClientReply:client-029E50227556->355864cd-7ac5-4934-b366-9756b15dd90f@group-785BCF25C267, cid=725, SUCCESS, logIndex=912, commits[355864cd-7ac5-4934-b366-9756b15dd90f:c912, ce4aa411-63c8-4399-99eb-27ce352844f3:c909, 3eeffb0a-787e-48ec-a2f5-d0c540a89489:c909]
2019-08-21 15:29:36,830 | INFO  | DNAudit | user=null | ip=null | op=WRITE_CHUNK {blockData=conID: 3 locID: 102655680532578719 bcsId: 909} | ret=SUCCESS |  
2019-08-21 15:29:36,830 | INFO  | DNAudit | user=null | ip=null | op=WRITE_CHUNK {blockData=conID: 3 locID: 102655680532578719 bcsId: 909} | ret=SUCCESS |  
2019-08-21 15:29:36,831 | INFO  | DNAudit | user=null | ip=null | op=PUT_BLOCK {blockData=[blockId=conID: 3 locID: 102655680532578719 bcsId: 0,size=4194304]} | ret=SUCCESS |  
2019-08-21 15:29:36,832 | INFO  | DNAudit | user=null | ip=null | op=PUT_BLOCK {blockData=[blockId=conID: 3 locID: 102655680532578719 bcsId: 0,size=4194304]} | ret=SUCCESS |  
2019-08-21 15:29:36,832 [grpc-default-executor-0] INFO  client.GrpcClientProtocolClient (GrpcClientProtocolClient.java:onNext(255)) - client-029E50227556->355864cd-7ac5-4934-b366-9756b15dd90f: receive RaftClientReply:client-029E50227556->355864cd-7ac5-4934-b366-9756b15dd90f@group-785BCF25C267, cid=726, SUCCESS, logIndex=0, commits[355864cd-7ac5-4934-b366-9756b15dd90f:c914, ce4aa411-63c8-4399-99eb-27ce352844f3:c912, 3eeffb0a-787e-48ec-a2f5-d0c540a89489:c912]
2019-08-21 15:29:36,841 | INFO  | DNAudit | user=null | ip=null | op=WRITE_CHUNK {blockData=conID: 1 locID: 102655680532578720 bcsId: 0} | ret=SUCCESS |  
2019-08-21 15:29:36,843 | INFO  | DNAudit | user=null | ip=null | op=WRITE_CHUNK {blockData=conID: 1 locID: 102655680532578720 bcsId: 0} | ret=SUCCESS |  
2019-08-21 15:29:36,845 | INFO  | DNAudit | user=null | ip=null | op=WRITE_CHUNK {blockData=conID: 1 locID: 102655680532578720 bcsId: 0} | ret=SUCCESS |  
2019-08-21 15:29:36,845 | INFO  | DNAudit | user=null | ip=null | op=WRITE_CHUNK {blockData=conID: 1 locID: 102655680532578720 bcsId: 0} | ret=SUCCESS |  
2019-08-21 15:29:36,847 | INFO  | DNAudit | user=null | ip=null | op=WRITE_CHUNK {blockData=conID: 1 locID: 102655680532578720 bcsId: 0} | ret=SUCCESS |  
2019-08-21 15:29:36,847 | INFO  | DNAudit | user=null | ip=null | op=WRITE_CHUNK {blockData=conID: 1 locID: 102655680532578720 bcsId: 0} | ret=SUCCESS |  
2019-08-21 15:29:36,854 | INFO  | DNAudit | user=null | ip=null | op=WRITE_CHUNK {blockData=conID: 1 locID: 102655680532578720 bcsId: 0} | ret=SUCCESS |  
2019-08-21 15:29:36,855 | INFO  | DNAudit | user=null | ip=null | op=PUT_BLOCK {blockData=[blockId=conID: 1 locID: 102655680532578720 bcsId: 0,size=1048576]} | ret=SUCCESS |  
2019-08-21 15:29:36,855 | INFO  | DNAudit | user=null | ip=null | op=WRITE_CHUNK {blockData=conID: 1 locID: 102655680532578720 bcsId: 0} | ret=SUCCESS |  
2019-08-21 15:29:36,855 [grpc-default-executor-4] INFO  client.GrpcClientProtocolClient (GrpcClientProtocolClient.java:onNext(255)) - client-029E50227556->355864cd-7ac5-4934-b366-9756b15dd90f: receive RaftClientReply:client-029E50227556->355864cd-7ac5-4934-b366-9756b15dd90f@group-785BCF25C267, cid=727, SUCCESS, logIndex=915, commits[355864cd-7ac5-4934-b366-9756b15dd90f:c916, ce4aa411-63c8-4399-99eb-27ce352844f3:c914, 3eeffb0a-787e-48ec-a2f5-d0c540a89489:c914]
2019-08-21 15:29:36,855 | INFO  | DNAudit | user=null | ip=null | op=PUT_BLOCK {blockData=[blockId=conID: 1 locID: 102655680532578720 bcsId: 0,size=2097152]} | ret=SUCCESS |  
2019-08-21 15:29:36,856 | INFO  | DNAudit | user=null | ip=null | op=WRITE_CHUNK {blockData=conID: 1 locID: 102655680532578720 bcsId: 0} | ret=SUCCESS |  
2019-08-21 15:29:36,856 [grpc-default-executor-3] INFO  client.GrpcClientProtocolClient (GrpcClientProtocolClient.java:onNext(255)) - client-029E50227556->355864cd-7ac5-4934-b366-9756b15dd90f: receive RaftClientReply:client-029E50227556->355864cd-7ac5-4934-b366-9756b15dd90f@group-785BCF25C267, cid=728, SUCCESS, logIndex=916, commits[355864cd-7ac5-4934-b366-9756b15dd90f:c918, ce4aa411-63c8-4399-99eb-27ce352844f3:c914, 3eeffb0a-787e-48ec-a2f5-d0c540a89489:c914]
2019-08-21 15:29:36,856 | INFO  | DNAudit | user=null | ip=null | op=PUT_BLOCK {blockData=[blockId=conID: 1 locID: 102655680532578720 bcsId: 0,size=1048576]} | ret=SUCCESS |  
2019-08-21 15:29:36,856 [grpc-default-executor-3] INFO  client.GrpcClientProtocolClient (GrpcClientProtocolClient.java:onNext(255)) - client-029E50227556->355864cd-7ac5-4934-b366-9756b15dd90f: receive RaftClientReply:client-029E50227556->355864cd-7ac5-4934-b366-9756b15dd90f@group-785BCF25C267, cid=729, SUCCESS, logIndex=917, commits[355864cd-7ac5-4934-b366-9756b15dd90f:c918, ce4aa411-63c8-4399-99eb-27ce352844f3:c914, 3eeffb0a-787e-48ec-a2f5-d0c540a89489:c914]
2019-08-21 15:29:36,857 [grpc-default-executor-3] INFO  client.GrpcClientProtocolClient (GrpcClientProtocolClient.java:onNext(255)) - client-029E50227556->355864cd-7ac5-4934-b366-9756b15dd90f: receive RaftClientReply:client-029E50227556->355864cd-7ac5-4934-b366-9756b15dd90f@group-785BCF25C267, cid=730, SUCCESS, logIndex=918, commits[355864cd-7ac5-4934-b366-9756b15dd90f:c918, ce4aa411-63c8-4399-99eb-27ce352844f3:c914, 3eeffb0a-787e-48ec-a2f5-d0c540a89489:c914]
2019-08-21 15:29:36,857 | INFO  | DNAudit | user=null | ip=null | op=WRITE_CHUNK {blockData=conID: 1 locID: 102655680532578720 bcsId: 0} | ret=SUCCESS |  
2019-08-21 15:29:36,857 | INFO  | DNAudit | user=null | ip=null | op=PUT_BLOCK {blockData=[blockId=conID: 1 locID: 102655680532578720 bcsId: 0,size=1048576]} | ret=SUCCESS |  
2019-08-21 15:29:36,857 | INFO  | DNAudit | user=null | ip=null | op=WRITE_CHUNK {blockData=conID: 1 locID: 102655680532578720 bcsId: 0} | ret=SUCCESS |  
2019-08-21 15:29:36,857 | INFO  | DNAudit | user=null | ip=null | op=WRITE_CHUNK {blockData=conID: 1 locID: 102655680532578720 bcsId: 0} | ret=SUCCESS |  
2019-08-21 15:29:36,857 | INFO  | DNAudit | user=null | ip=null | op=PUT_BLOCK {blockData=[blockId=conID: 1 locID: 102655680532578720 bcsId: 0,size=2097152]} | ret=SUCCESS |  
2019-08-21 15:29:36,858 | INFO  | DNAudit | user=null | ip=null | op=PUT_BLOCK {blockData=[blockId=conID: 1 locID: 102655680532578720 bcsId: 0,size=2097152]} | ret=SUCCESS |  
2019-08-21 15:29:36,858 [grpc-default-executor-4] INFO  client.GrpcClientProtocolClient (GrpcClientProtocolClient.java:onNext(255)) - client-029E50227556->355864cd-7ac5-4934-b366-9756b15dd90f: receive RaftClientReply:client-029E50227556->355864cd-7ac5-4934-b366-9756b15dd90f@group-785BCF25C267, cid=731, SUCCESS, logIndex=0, commits[355864cd-7ac5-4934-b366-9756b15dd90f:c922, ce4aa411-63c8-4399-99eb-27ce352844f3:c918, 3eeffb0a-787e-48ec-a2f5-d0c540a89489:c918]
2019-08-21 15:29:37,024 | INFO  | SCMAudit | user=jenkins1000 | ip=192.168.5.153 | op=SEND_HEARTBEAT {datanodeUUID=a0074e04-2715-4b16-a2b0-10b5043d27ae, command=[]} | ret=SUCCESS |  
2019-08-21 15:29:37,024 | INFO  | SCMAudit | user=jenkins1000 | ip=192.168.5.153 | op=SEND_HEARTBEAT {datanodeUUID=a38cd7e0-d792-481c-a4c0-f4feaa89ec8f, command=[]} | ret=SUCCESS |  
2019-08-21 15:29:37,033 | INFO  | DNAudit | user=null | ip=null | op=WRITE_CHUNK {blockData=conID: 1 locID: 102655680532578720 bcsId: 918} | ret=SUCCESS |  
2019-08-21 15:29:37,039 | INFO  | DNAudit | user=null | ip=null | op=WRITE_CHUNK {blockData=conID: 1 locID: 102655680532578720 bcsId: 918} | ret=SUCCESS |  
2019-08-21 15:29:37,040 | INFO  | DNAudit | user=null | ip=null | op=WRITE_CHUNK {blockData=conID: 1 locID: 102655680532578720 bcsId: 918} | ret=SUCCESS |  
2019-08-21 15:29:37,046 | INFO  | DNAudit | user=null | ip=null | op=WRITE_CHUNK {blockData=conID: 1 locID: 102655680532578720 bcsId: 918} | ret=SUCCESS |  
2019-08-21 15:29:37,047 | INFO  | DNAudit | user=null | ip=null | op=PUT_BLOCK {blockData=[blockId=conID: 1 locID: 102655680532578720 bcsId: 0,size=3145728]} | ret=SUCCESS |  
2019-08-21 15:29:37,048 [grpc-default-executor-3] INFO  client.GrpcClientProtocolClient (GrpcClientProtocolClient.java:onNext(255)) - client-029E50227556->355864cd-7ac5-4934-b366-9756b15dd90f: receive RaftClientReply:client-029E50227556->355864cd-7ac5-4934-b366-9756b15dd90f@group-785BCF25C267, cid=732, SUCCESS, logIndex=923, commits[355864cd-7ac5-4934-b366-9756b15dd90f:c924, ce4aa411-63c8-4399-99eb-27ce352844f3:c922, 3eeffb0a-787e-48ec-a2f5-d0c540a89489:c922]
2019-08-21 15:29:37,049 [grpc-default-executor-3] INFO  client.GrpcClientProtocolClient (GrpcClientProtocolClient.java:onNext(255)) - client-029E50227556->355864cd-7ac5-4934-b366-9756b15dd90f: receive RaftClientReply:client-029E50227556->355864cd-7ac5-4934-b366-9756b15dd90f@group-785BCF25C267, cid=733, SUCCESS, logIndex=924, commits[355864cd-7ac5-4934-b366-9756b15dd90f:c924, ce4aa411-63c8-4399-99eb-27ce352844f3:c922, 3eeffb0a-787e-48ec-a2f5-d0c540a89489:c922]
2019-08-21 15:29:37,062 | INFO  | DNAudit | user=null | ip=null | op=WRITE_CHUNK {blockData=conID: 1 locID: 102655680532578720 bcsId: 924} | ret=SUCCESS |  
2019-08-21 15:29:37,069 | INFO  | DNAudit | user=null | ip=null | op=WRITE_CHUNK {blockData=conID: 1 locID: 102655680532578720 bcsId: 924} | ret=SUCCESS |  
2019-08-21 15:29:37,069 | INFO  | DNAudit | user=null | ip=null | op=WRITE_CHUNK {blockData=conID: 1 locID: 102655680532578720 bcsId: 924} | ret=SUCCESS |  
2019-08-21 15:29:37,071 | INFO  | DNAudit | user=null | ip=null | op=WRITE_CHUNK {blockData=conID: 1 locID: 102655680532578720 bcsId: 918} | ret=SUCCESS |  
2019-08-21 15:29:37,071 | INFO  | DNAudit | user=null | ip=null | op=WRITE_CHUNK {blockData=conID: 1 locID: 102655680532578720 bcsId: 918} | ret=SUCCESS |  
2019-08-21 15:29:37,071 | INFO  | DNAudit | user=null | ip=null | op=PUT_BLOCK {blockData=[blockId=conID: 1 locID: 102655680532578720 bcsId: 0,size=3145728]} | ret=SUCCESS |  
2019-08-21 15:29:37,074 | INFO  | DNAudit | user=null | ip=null | op=PUT_BLOCK {blockData=[blockId=conID: 1 locID: 102655680532578720 bcsId: 0,size=3145728]} | ret=SUCCESS |  
2019-08-21 15:29:37,077 | INFO  | DNAudit | user=null | ip=null | op=WRITE_CHUNK {blockData=conID: 1 locID: 102655680532578720 bcsId: 924} | ret=SUCCESS |  
2019-08-21 15:29:37,077 | INFO  | DNAudit | user=null | ip=null | op=PUT_BLOCK {blockData=[blockId=conID: 1 locID: 102655680532578720 bcsId: 0,size=4194304]} | ret=SUCCESS |  
2019-08-21 15:29:37,077 [grpc-default-executor-0] INFO  client.GrpcClientProtocolClient (GrpcClientProtocolClient.java:onNext(255)) - client-029E50227556->355864cd-7ac5-4934-b366-9756b15dd90f: receive RaftClientReply:client-029E50227556->355864cd-7ac5-4934-b366-9756b15dd90f@group-785BCF25C267, cid=734, SUCCESS, logIndex=927, commits[355864cd-7ac5-4934-b366-9756b15dd90f:c928, ce4aa411-63c8-4399-99eb-27ce352844f3:c924, 3eeffb0a-787e-48ec-a2f5-d0c540a89489:c924]
2019-08-21 15:29:37,078 [grpc-default-executor-0] INFO  client.GrpcClientProtocolClient (GrpcClientProtocolClient.java:onNext(255)) - client-029E50227556->355864cd-7ac5-4934-b366-9756b15dd90f: receive RaftClientReply:client-029E50227556->355864cd-7ac5-4934-b366-9756b15dd90f@group-785BCF25C267, cid=735, SUCCESS, logIndex=928, commits[355864cd-7ac5-4934-b366-9756b15dd90f:c928, ce4aa411-63c8-4399-99eb-27ce352844f3:c924, 3eeffb0a-787e-48ec-a2f5-d0c540a89489:c924]
2019-08-21 15:29:37,088 | INFO  | DNAudit | user=null | ip=null | op=WRITE_CHUNK {blockData=conID: 1 locID: 102655680532578720 bcsId: 924} | ret=SUCCESS |  
2019-08-21 15:29:37,088 | INFO  | DNAudit | user=null | ip=null | op=WRITE_CHUNK {blockData=conID: 1 locID: 102655680532578720 bcsId: 924} | ret=SUCCESS |  
2019-08-21 15:29:37,089 | INFO  | DNAudit | user=null | ip=null | op=PUT_BLOCK {blockData=[blockId=conID: 1 locID: 102655680532578720 bcsId: 0,size=4194304]} | ret=SUCCESS |  
2019-08-21 15:29:37,089 | INFO  | DNAudit | user=null | ip=null | op=PUT_BLOCK {blockData=[blockId=conID: 1 locID: 102655680532578720 bcsId: 0,size=4194304]} | ret=SUCCESS |  
2019-08-21 15:29:37,090 [grpc-default-executor-0] INFO  client.GrpcClientProtocolClient (GrpcClientProtocolClient.java:onNext(255)) - client-029E50227556->355864cd-7ac5-4934-b366-9756b15dd90f: receive RaftClientReply:client-029E50227556->355864cd-7ac5-4934-b366-9756b15dd90f@group-785BCF25C267, cid=736, SUCCESS, logIndex=0, commits[355864cd-7ac5-4934-b366-9756b15dd90f:c929, ce4aa411-63c8-4399-99eb-27ce352844f3:c928, 3eeffb0a-787e-48ec-a2f5-d0c540a89489:c928]
2019-08-21 15:29:37,102 | INFO  | DNAudit | user=null | ip=null | op=WRITE_CHUNK {blockData=conID: 2 locID: 102655680532578721 bcsId: 0} | ret=SUCCESS |  
2019-08-21 15:29:37,108 | INFO  | SCMAudit | user=jenkins1000 | ip=192.168.5.153 | op=SEND_HEARTBEAT {datanodeUUID=3eeffb0a-787e-48ec-a2f5-d0c540a89489, command=[]} | ret=SUCCESS |  
2019-08-21 15:29:37,108 | INFO  | SCMAudit | user=jenkins1000 | ip=192.168.5.153 | op=SEND_HEARTBEAT {datanodeUUID=355864cd-7ac5-4934-b366-9756b15dd90f, command=[]} | ret=SUCCESS |  
2019-08-21 15:29:37,108 | INFO  | SCMAudit | user=jenkins1000 | ip=192.168.5.153 | op=SEND_HEARTBEAT {datanodeUUID=ce4aa411-63c8-4399-99eb-27ce352844f3, command=[]} | ret=SUCCESS |  
2019-08-21 15:29:37,108 | INFO  | DNAudit | user=null | ip=null | op=WRITE_CHUNK {blockData=conID: 2 locID: 102655680532578721 bcsId: 0} | ret=SUCCESS |  
2019-08-21 15:29:37,108 | INFO  | DNAudit | user=null | ip=null | op=WRITE_CHUNK {blockData=conID: 2 locID: 102655680532578721 bcsId: 0} | ret=SUCCESS |  
2019-08-21 15:29:37,110 | INFO  | DNAudit | user=null | ip=null | op=WRITE_CHUNK {blockData=conID: 2 locID: 102655680532578721 bcsId: 0} | ret=SUCCESS |  
2019-08-21 15:29:37,113 | INFO  | DNAudit | user=null | ip=null | op=WRITE_CHUNK {blockData=conID: 2 locID: 102655680532578721 bcsId: 0} | ret=SUCCESS |  
2019-08-21 15:29:37,113 | INFO  | DNAudit | user=null | ip=null | op=WRITE_CHUNK {blockData=conID: 2 locID: 102655680532578721 bcsId: 0} | ret=SUCCESS |  
2019-08-21 15:29:37,115 | INFO  | DNAudit | user=null | ip=null | op=WRITE_CHUNK {blockData=conID: 2 locID: 102655680532578721 bcsId: 0} | ret=SUCCESS |  
2019-08-21 15:29:37,116 | INFO  | DNAudit | user=null | ip=null | op=PUT_BLOCK {blockData=[blockId=conID: 2 locID: 102655680532578721 bcsId: 0,size=1048576]} | ret=SUCCESS |  
2019-08-21 15:29:37,117 | INFO  | DNAudit | user=null | ip=null | op=WRITE_CHUNK {blockData=conID: 2 locID: 102655680532578721 bcsId: 0} | ret=SUCCESS |  
2019-08-21 15:29:37,117 [grpc-default-executor-4] INFO  client.GrpcClientProtocolClient (GrpcClientProtocolClient.java:onNext(255)) - client-029E50227556->355864cd-7ac5-4934-b366-9756b15dd90f: receive RaftClientReply:client-029E50227556->355864cd-7ac5-4934-b366-9756b15dd90f@group-785BCF25C267, cid=737, SUCCESS, logIndex=931, commits[355864cd-7ac5-4934-b366-9756b15dd90f:c932, ce4aa411-63c8-4399-99eb-27ce352844f3:c930, 3eeffb0a-787e-48ec-a2f5-d0c540a89489:c930]
2019-08-21 15:29:37,117 | INFO  | DNAudit | user=null | ip=null | op=WRITE_CHUNK {blockData=conID: 2 locID: 102655680532578721 bcsId: 0} | ret=SUCCESS |  
2019-08-21 15:29:37,117 | INFO  | DNAudit | user=null | ip=null | op=WRITE_CHUNK {blockData=conID: 2 locID: 102655680532578721 bcsId: 0} | ret=SUCCESS |  
2019-08-21 15:29:37,118 | INFO  | DNAudit | user=null | ip=null | op=PUT_BLOCK {blockData=[blockId=conID: 2 locID: 102655680532578721 bcsId: 0,size=2097152]} | ret=SUCCESS |  
2019-08-21 15:29:37,118 | INFO  | DNAudit | user=null | ip=null | op=PUT_BLOCK {blockData=[blockId=conID: 2 locID: 102655680532578721 bcsId: 0,size=1048576]} | ret=SUCCESS |  
2019-08-21 15:29:37,118 | INFO  | DNAudit | user=null | ip=null | op=PUT_BLOCK {blockData=[blockId=conID: 2 locID: 102655680532578721 bcsId: 0,size=1048576]} | ret=SUCCESS |  
2019-08-21 15:29:37,119 | INFO  | DNAudit | user=null | ip=null | op=WRITE_CHUNK {blockData=conID: 2 locID: 102655680532578721 bcsId: 0} | ret=SUCCESS |  
2019-08-21 15:29:37,119 | INFO  | DNAudit | user=null | ip=null | op=WRITE_CHUNK {blockData=conID: 2 locID: 102655680532578721 bcsId: 0} | ret=SUCCESS |  
2019-08-21 15:29:37,119 [grpc-default-executor-3] INFO  client.GrpcClientProtocolClient (GrpcClientProtocolClient.java:onNext(255)) - client-029E50227556->355864cd-7ac5-4934-b366-9756b15dd90f: receive RaftClientReply:client-029E50227556->355864cd-7ac5-4934-b366-9756b15dd90f@group-785BCF25C267, cid=738, SUCCESS, logIndex=932, commits[355864cd-7ac5-4934-b366-9756b15dd90f:c934, ce4aa411-63c8-4399-99eb-27ce352844f3:c930, 3eeffb0a-787e-48ec-a2f5-d0c540a89489:c930]
2019-08-21 15:29:37,120 [grpc-default-executor-4] INFO  client.GrpcClientProtocolClient (GrpcClientProtocolClient.java:onNext(255)) - client-029E50227556->355864cd-7ac5-4934-b366-9756b15dd90f: receive RaftClientReply:client-029E50227556->355864cd-7ac5-4934-b366-9756b15dd90f@group-785BCF25C267, cid=739, SUCCESS, logIndex=933, commits[355864cd-7ac5-4934-b366-9756b15dd90f:c934, ce4aa411-63c8-4399-99eb-27ce352844f3:c930, 3eeffb0a-787e-48ec-a2f5-d0c540a89489:c930]
2019-08-21 15:29:37,120 [grpc-default-executor-4] INFO  client.GrpcClientProtocolClient (GrpcClientProtocolClient.java:onNext(255)) - client-029E50227556->355864cd-7ac5-4934-b366-9756b15dd90f: receive RaftClientReply:client-029E50227556->355864cd-7ac5-4934-b366-9756b15dd90f@group-785BCF25C267, cid=740, SUCCESS, logIndex=934, commits[355864cd-7ac5-4934-b366-9756b15dd90f:c934, ce4aa411-63c8-4399-99eb-27ce352844f3:c930, 3eeffb0a-787e-48ec-a2f5-d0c540a89489:c931]
2019-08-21 15:29:37,122 [grpc-default-executor-4] INFO  client.GrpcClientProtocolClient (GrpcClientProtocolClient.java:onNext(255)) - client-029E50227556->355864cd-7ac5-4934-b366-9756b15dd90f: receive RaftClientReply:client-029E50227556->355864cd-7ac5-4934-b366-9756b15dd90f@group-785BCF25C267, cid=741, SUCCESS, logIndex=0, commits[355864cd-7ac5-4934-b366-9756b15dd90f:c937, ce4aa411-63c8-4399-99eb-27ce352844f3:c933, 3eeffb0a-787e-48ec-a2f5-d0c540a89489:c933]
2019-08-21 15:29:37,129 | INFO  | DNAudit | user=null | ip=null | op=PUT_BLOCK {blockData=[blockId=conID: 2 locID: 102655680532578721 bcsId: 0,size=2097152]} | ret=SUCCESS |  
2019-08-21 15:29:37,130 | INFO  | DNAudit | user=null | ip=null | op=PUT_BLOCK {blockData=[blockId=conID: 2 locID: 102655680532578721 bcsId: 0,size=2097152]} | ret=SUCCESS |  
2019-08-21 15:29:37,135 | INFO  | DNAudit | user=null | ip=null | op=WRITE_CHUNK {blockData=conID: 2 locID: 102655680532578721 bcsId: 934} | ret=SUCCESS |  
2019-08-21 15:29:37,139 | INFO  | DNAudit | user=null | ip=null | op=WRITE_CHUNK {blockData=conID: 2 locID: 102655680532578721 bcsId: 934} | ret=SUCCESS |  
2019-08-21 15:29:37,139 | INFO  | DNAudit | user=null | ip=null | op=WRITE_CHUNK {blockData=conID: 2 locID: 102655680532578721 bcsId: 934} | ret=SUCCESS |  
2019-08-21 15:29:37,148 | INFO  | DNAudit | user=null | ip=null | op=WRITE_CHUNK {blockData=conID: 2 locID: 102655680532578721 bcsId: 934} | ret=SUCCESS |  
2019-08-21 15:29:37,148 | INFO  | DNAudit | user=null | ip=null | op=PUT_BLOCK {blockData=[blockId=conID: 2 locID: 102655680532578721 bcsId: 0,size=3145728]} | ret=SUCCESS |  
2019-08-21 15:29:37,149 [grpc-default-executor-4] INFO  client.GrpcClientProtocolClient (GrpcClientProtocolClient.java:onNext(255)) - client-029E50227556->355864cd-7ac5-4934-b366-9756b15dd90f: receive RaftClientReply:client-029E50227556->355864cd-7ac5-4934-b366-9756b15dd90f@group-785BCF25C267, cid=742, SUCCESS, logIndex=939, commits[355864cd-7ac5-4934-b366-9756b15dd90f:c940, ce4aa411-63c8-4399-99eb-27ce352844f3:c938, 3eeffb0a-787e-48ec-a2f5-d0c540a89489:c938]
2019-08-21 15:29:37,149 [grpc-default-executor-4] INFO  client.GrpcClientProtocolClient (GrpcClientProtocolClient.java:onNext(255)) - client-029E50227556->355864cd-7ac5-4934-b366-9756b15dd90f: receive RaftClientReply:client-029E50227556->355864cd-7ac5-4934-b366-9756b15dd90f@group-785BCF25C267, cid=743, SUCCESS, logIndex=940, commits[355864cd-7ac5-4934-b366-9756b15dd90f:c940, ce4aa411-63c8-4399-99eb-27ce352844f3:c938, 3eeffb0a-787e-48ec-a2f5-d0c540a89489:c938]
2019-08-21 15:29:37,159 | INFO  | DNAudit | user=null | ip=null | op=WRITE_CHUNK {blockData=conID: 2 locID: 102655680532578721 bcsId: 934} | ret=SUCCESS |  
2019-08-21 15:29:37,160 | INFO  | DNAudit | user=null | ip=null | op=WRITE_CHUNK {blockData=conID: 2 locID: 102655680532578721 bcsId: 934} | ret=SUCCESS |  
2019-08-21 15:29:37,160 | INFO  | DNAudit | user=null | ip=null | op=PUT_BLOCK {blockData=[blockId=conID: 2 locID: 102655680532578721 bcsId: 0,size=3145728]} | ret=SUCCESS |  
2019-08-21 15:29:37,161 | INFO  | DNAudit | user=null | ip=null | op=WRITE_CHUNK {blockData=conID: 2 locID: 102655680532578721 bcsId: 940} | ret=SUCCESS |  
2019-08-21 15:29:37,161 | INFO  | DNAudit | user=null | ip=null | op=PUT_BLOCK {blockData=[blockId=conID: 2 locID: 102655680532578721 bcsId: 0,size=3145728]} | ret=SUCCESS |  
2019-08-21 15:29:37,165 | INFO  | DNAudit | user=null | ip=null | op=WRITE_CHUNK {blockData=conID: 2 locID: 102655680532578721 bcsId: 940} | ret=SUCCESS |  
2019-08-21 15:29:37,165 | INFO  | DNAudit | user=null | ip=null | op=WRITE_CHUNK {blockData=conID: 2 locID: 102655680532578721 bcsId: 940} | ret=SUCCESS |  
2019-08-21 15:29:37,174 | INFO  | DNAudit | user=null | ip=null | op=WRITE_CHUNK {blockData=conID: 2 locID: 102655680532578721 bcsId: 940} | ret=SUCCESS |  
2019-08-21 15:29:37,174 | INFO  | DNAudit | user=null | ip=null | op=PUT_BLOCK {blockData=[blockId=conID: 2 locID: 102655680532578721 bcsId: 0,size=4194304]} | ret=SUCCESS |  
2019-08-21 15:29:37,175 [grpc-default-executor-4] INFO  client.GrpcClientProtocolClient (GrpcClientProtocolClient.java:onNext(255)) - client-029E50227556->355864cd-7ac5-4934-b366-9756b15dd90f: receive RaftClientReply:client-029E50227556->355864cd-7ac5-4934-b366-9756b15dd90f@group-785BCF25C267, cid=744, SUCCESS, logIndex=943, commits[355864cd-7ac5-4934-b366-9756b15dd90f:c944, ce4aa411-63c8-4399-99eb-27ce352844f3:c940, 3eeffb0a-787e-48ec-a2f5-d0c540a89489:c940]
2019-08-21 15:29:37,175 [grpc-default-executor-4] INFO  client.GrpcClientProtocolClient (GrpcClientProtocolClient.java:onNext(255)) - client-029E50227556->355864cd-7ac5-4934-b366-9756b15dd90f: receive RaftClientReply:client-029E50227556->355864cd-7ac5-4934-b366-9756b15dd90f@group-785BCF25C267, cid=745, SUCCESS, logIndex=944, commits[355864cd-7ac5-4934-b366-9756b15dd90f:c944, ce4aa411-63c8-4399-99eb-27ce352844f3:c940, 3eeffb0a-787e-48ec-a2f5-d0c540a89489:c940]
2019-08-21 15:29:37,185 | INFO  | DNAudit | user=null | ip=null | op=WRITE_CHUNK {blockData=conID: 2 locID: 102655680532578721 bcsId: 940} | ret=SUCCESS |  
2019-08-21 15:29:37,185 | INFO  | DNAudit | user=null | ip=null | op=WRITE_CHUNK {blockData=conID: 2 locID: 102655680532578721 bcsId: 940} | ret=SUCCESS |  
2019-08-21 15:29:37,185 | INFO  | DNAudit | user=null | ip=null | op=PUT_BLOCK {blockData=[blockId=conID: 2 locID: 102655680532578721 bcsId: 0,size=4194304]} | ret=SUCCESS |  
2019-08-21 15:29:37,186 | INFO  | DNAudit | user=null | ip=null | op=PUT_BLOCK {blockData=[blockId=conID: 2 locID: 102655680532578721 bcsId: 0,size=4194304]} | ret=SUCCESS |  
2019-08-21 15:29:37,187 [grpc-default-executor-4] INFO  client.GrpcClientProtocolClient (GrpcClientProtocolClient.java:onNext(255)) - client-029E50227556->355864cd-7ac5-4934-b366-9756b15dd90f: receive RaftClientReply:client-029E50227556->355864cd-7ac5-4934-b366-9756b15dd90f@group-785BCF25C267, cid=746, SUCCESS, logIndex=0, commits[355864cd-7ac5-4934-b366-9756b15dd90f:c945, ce4aa411-63c8-4399-99eb-27ce352844f3:c944, 3eeffb0a-787e-48ec-a2f5-d0c540a89489:c944]
2019-08-21 15:29:37,195 | INFO  | DNAudit | user=null | ip=null | op=WRITE_CHUNK {blockData=conID: 3 locID: 102655680532644258 bcsId: 0} | ret=SUCCESS |  
2019-08-21 15:29:37,198 | INFO  | DNAudit | user=null | ip=null | op=WRITE_CHUNK {blockData=conID: 3 locID: 102655680532644258 bcsId: 0} | ret=SUCCESS |  
2019-08-21 15:29:37,199 | INFO  | DNAudit | user=null | ip=null | op=WRITE_CHUNK {blockData=conID: 3 locID: 102655680532644258 bcsId: 0} | ret=SUCCESS |  
2019-08-21 15:29:37,202 | INFO  | DNAudit | user=null | ip=null | op=WRITE_CHUNK {blockData=conID: 3 locID: 102655680532644258 bcsId: 0} | ret=SUCCESS |  
2019-08-21 15:29:37,202 | INFO  | DNAudit | user=null | ip=null | op=WRITE_CHUNK {blockData=conID: 3 locID: 102655680532644258 bcsId: 0} | ret=SUCCESS |  
2019-08-21 15:29:37,203 | INFO  | DNAudit | user=null | ip=null | op=WRITE_CHUNK {blockData=conID: 3 locID: 102655680532644258 bcsId: 0} | ret=SUCCESS |  
2019-08-21 15:29:37,208 | INFO  | DNAudit | user=null | ip=null | op=WRITE_CHUNK {blockData=conID: 3 locID: 102655680532644258 bcsId: 0} | ret=SUCCESS |  
2019-08-21 15:29:37,209 | INFO  | DNAudit | user=null | ip=null | op=PUT_BLOCK {blockData=[blockId=conID: 3 locID: 102655680532644258 bcsId: 0,size=1048576]} | ret=SUCCESS |  
2019-08-21 15:29:37,209 [grpc-default-executor-0] INFO  client.GrpcClientProtocolClient (GrpcClientProtocolClient.java:onNext(255)) - client-029E50227556->355864cd-7ac5-4934-b366-9756b15dd90f: receive RaftClientReply:client-029E50227556->355864cd-7ac5-4934-b366-9756b15dd90f@group-785BCF25C267, cid=747, SUCCESS, logIndex=947, commits[355864cd-7ac5-4934-b366-9756b15dd90f:c950, ce4aa411-63c8-4399-99eb-27ce352844f3:c946, 3eeffb0a-787e-48ec-a2f5-d0c540a89489:c946]
2019-08-21 15:29:37,210 | INFO  | DNAudit | user=null | ip=null | op=WRITE_CHUNK {blockData=conID: 3 locID: 102655680532644258 bcsId: 0} | ret=SUCCESS |  
2019-08-21 15:29:37,210 | INFO  | DNAudit | user=null | ip=null | op=WRITE_CHUNK {blockData=conID: 3 locID: 102655680532644258 bcsId: 0} | ret=SUCCESS |  
2019-08-21 15:29:37,210 | INFO  | DNAudit | user=null | ip=null | op=PUT_BLOCK {blockData=[blockId=conID: 3 locID: 102655680532644258 bcsId: 0,size=2097152]} | ret=SUCCESS |  
2019-08-21 15:29:37,210 | INFO  | DNAudit | user=null | ip=null | op=WRITE_CHUNK {blockData=conID: 3 locID: 102655680532644258 bcsId: 0} | ret=SUCCESS |  
2019-08-21 15:29:37,211 [grpc-default-executor-0] INFO  client.GrpcClientProtocolClient (GrpcClientProtocolClient.java:onNext(255)) - client-029E50227556->355864cd-7ac5-4934-b366-9756b15dd90f: receive RaftClientReply:client-029E50227556->355864cd-7ac5-4934-b366-9756b15dd90f@group-785BCF25C267, cid=748, SUCCESS, logIndex=948, commits[355864cd-7ac5-4934-b366-9756b15dd90f:c950, ce4aa411-63c8-4399-99eb-27ce352844f3:c946, 3eeffb0a-787e-48ec-a2f5-d0c540a89489:c946]
2019-08-21 15:29:37,211 | INFO  | DNAudit | user=null | ip=null | op=PUT_BLOCK {blockData=[blockId=conID: 3 locID: 102655680532644258 bcsId: 0,size=1048576]} | ret=SUCCESS |  
2019-08-21 15:29:37,211 | INFO  | DNAudit | user=null | ip=null | op=PUT_BLOCK {blockData=[blockId=conID: 3 locID: 102655680532644258 bcsId: 0,size=1048576]} | ret=SUCCESS |  
2019-08-21 15:29:37,211 | INFO  | DNAudit | user=null | ip=null | op=WRITE_CHUNK {blockData=conID: 3 locID: 102655680532644258 bcsId: 0} | ret=SUCCESS |  
2019-08-21 15:29:37,211 | INFO  | DNAudit | user=null | ip=null | op=WRITE_CHUNK {blockData=conID: 3 locID: 102655680532644258 bcsId: 0} | ret=SUCCESS |  
2019-08-21 15:29:37,212 | INFO  | DNAudit | user=null | ip=null | op=PUT_BLOCK {blockData=[blockId=conID: 3 locID: 102655680532644258 bcsId: 0,size=2097152]} | ret=SUCCESS |  
2019-08-21 15:29:37,212 [grpc-default-executor-0] INFO  client.GrpcClientProtocolClient (GrpcClientProtocolClient.java:onNext(255)) - client-029E50227556->355864cd-7ac5-4934-b366-9756b15dd90f: receive RaftClientReply:client-029E50227556->355864cd-7ac5-4934-b366-9756b15dd90f@group-785BCF25C267, cid=749, SUCCESS, logIndex=949, commits[355864cd-7ac5-4934-b366-9756b15dd90f:c950, ce4aa411-63c8-4399-99eb-27ce352844f3:c946, 3eeffb0a-787e-48ec-a2f5-d0c540a89489:c946]
2019-08-21 15:29:37,212 | INFO  | DNAudit | user=null | ip=null | op=PUT_BLOCK {blockData=[blockId=conID: 3 locID: 102655680532644258 bcsId: 0,size=2097152]} | ret=SUCCESS |  
2019-08-21 15:29:37,213 [grpc-default-executor-0] INFO  client.GrpcClientProtocolClient (GrpcClientProtocolClient.java:onNext(255)) - client-029E50227556->355864cd-7ac5-4934-b366-9756b15dd90f: receive RaftClientReply:client-029E50227556->355864cd-7ac5-4934-b366-9756b15dd90f@group-785BCF25C267, cid=750, SUCCESS, logIndex=950, commits[355864cd-7ac5-4934-b366-9756b15dd90f:c951, ce4aa411-63c8-4399-99eb-27ce352844f3:c947, 3eeffb0a-787e-48ec-a2f5-d0c540a89489:c946]
2019-08-21 15:29:37,214 [grpc-default-executor-0] INFO  client.GrpcClientProtocolClient (GrpcClientProtocolClient.java:onNext(255)) - client-029E50227556->355864cd-7ac5-4934-b366-9756b15dd90f: receive RaftClientReply:client-029E50227556->355864cd-7ac5-4934-b366-9756b15dd90f@group-785BCF25C267, cid=751, SUCCESS, logIndex=0, commits[355864cd-7ac5-4934-b366-9756b15dd90f:c954, ce4aa411-63c8-4399-99eb-27ce352844f3:c950, 3eeffb0a-787e-48ec-a2f5-d0c540a89489:c950]
2019-08-21 15:29:37,225 | INFO  | DNAudit | user=null | ip=null | op=WRITE_CHUNK {blockData=conID: 3 locID: 102655680532644258 bcsId: 950} | ret=SUCCESS |  
2019-08-21 15:29:37,226 | INFO  | DNAudit | user=null | ip=null | op=WRITE_CHUNK {blockData=conID: 3 locID: 102655680532644258 bcsId: 950} | ret=SUCCESS |  
2019-08-21 15:29:37,227 | INFO  | DNAudit | user=null | ip=null | op=WRITE_CHUNK {blockData=conID: 3 locID: 102655680532644258 bcsId: 950} | ret=SUCCESS |  
2019-08-21 15:29:37,238 | INFO  | DNAudit | user=null | ip=null | op=WRITE_CHUNK {blockData=conID: 3 locID: 102655680532644258 bcsId: 950} | ret=SUCCESS |  
2019-08-21 15:29:37,238 | INFO  | DNAudit | user=null | ip=null | op=PUT_BLOCK {blockData=[blockId=conID: 3 locID: 102655680532644258 bcsId: 0,size=3145728]} | ret=SUCCESS |  
2019-08-21 15:29:37,238 [grpc-default-executor-4] INFO  client.GrpcClientProtocolClient (GrpcClientProtocolClient.java:onNext(255)) - client-029E50227556->355864cd-7ac5-4934-b366-9756b15dd90f: receive RaftClientReply:client-029E50227556->355864cd-7ac5-4934-b366-9756b15dd90f@group-785BCF25C267, cid=752, SUCCESS, logIndex=955, commits[355864cd-7ac5-4934-b366-9756b15dd90f:c956, ce4aa411-63c8-4399-99eb-27ce352844f3:c954, 3eeffb0a-787e-48ec-a2f5-d0c540a89489:c954]
2019-08-21 15:29:37,239 [grpc-default-executor-4] INFO  client.GrpcClientProtocolClient (GrpcClientProtocolClient.java:onNext(255)) - client-029E50227556->355864cd-7ac5-4934-b366-9756b15dd90f: receive RaftClientReply:client-029E50227556->355864cd-7ac5-4934-b366-9756b15dd90f@group-785BCF25C267, cid=753, SUCCESS, logIndex=956, commits[355864cd-7ac5-4934-b366-9756b15dd90f:c956, ce4aa411-63c8-4399-99eb-27ce352844f3:c954, 3eeffb0a-787e-48ec-a2f5-d0c540a89489:c954]
2019-08-21 15:29:37,247 | INFO  | DNAudit | user=null | ip=null | op=WRITE_CHUNK {blockData=conID: 3 locID: 102655680532644258 bcsId: 956} | ret=SUCCESS |  
2019-08-21 15:29:37,248 | INFO  | DNAudit | user=null | ip=null | op=WRITE_CHUNK {blockData=conID: 3 locID: 102655680532644258 bcsId: 950} | ret=SUCCESS |  
2019-08-21 15:29:37,248 | INFO  | DNAudit | user=null | ip=null | op=WRITE_CHUNK {blockData=conID: 3 locID: 102655680532644258 bcsId: 950} | ret=SUCCESS |  
2019-08-21 15:29:37,248 | INFO  | DNAudit | user=null | ip=null | op=PUT_BLOCK {blockData=[blockId=conID: 3 locID: 102655680532644258 bcsId: 0,size=3145728]} | ret=SUCCESS |  
2019-08-21 15:29:37,248 | INFO  | DNAudit | user=null | ip=null | op=PUT_BLOCK {blockData=[blockId=conID: 3 locID: 102655680532644258 bcsId: 0,size=3145728]} | ret=SUCCESS |  
2019-08-21 15:29:37,250 | INFO  | DNAudit | user=null | ip=null | op=WRITE_CHUNK {blockData=conID: 3 locID: 102655680532644258 bcsId: 956} | ret=SUCCESS |  
2019-08-21 15:29:37,251 | INFO  | DNAudit | user=null | ip=null | op=WRITE_CHUNK {blockData=conID: 3 locID: 102655680532644258 bcsId: 956} | ret=SUCCESS |  
2019-08-21 15:29:37,261 | INFO  | DNAudit | user=null | ip=null | op=WRITE_CHUNK {blockData=conID: 3 locID: 102655680532644258 bcsId: 956} | ret=SUCCESS |  
2019-08-21 15:29:37,262 | INFO  | DNAudit | user=null | ip=null | op=PUT_BLOCK {blockData=[blockId=conID: 3 locID: 102655680532644258 bcsId: 0,size=4194304]} | ret=SUCCESS |  
2019-08-21 15:29:37,262 [grpc-default-executor-3] INFO  client.GrpcClientProtocolClient (GrpcClientProtocolClient.java:onNext(255)) - client-029E50227556->355864cd-7ac5-4934-b366-9756b15dd90f: receive RaftClientReply:client-029E50227556->355864cd-7ac5-4934-b366-9756b15dd90f@group-785BCF25C267, cid=754, SUCCESS, logIndex=958, commits[355864cd-7ac5-4934-b366-9756b15dd90f:c959, ce4aa411-63c8-4399-99eb-27ce352844f3:c956, 3eeffb0a-787e-48ec-a2f5-d0c540a89489:c956]
2019-08-21 15:29:37,263 [grpc-default-executor-3] INFO  client.GrpcClientProtocolClient (GrpcClientProtocolClient.java:onNext(255)) - client-029E50227556->355864cd-7ac5-4934-b366-9756b15dd90f: receive RaftClientReply:client-029E50227556->355864cd-7ac5-4934-b366-9756b15dd90f@group-785BCF25C267, cid=755, SUCCESS, logIndex=959, commits[355864cd-7ac5-4934-b366-9756b15dd90f:c959, ce4aa411-63c8-4399-99eb-27ce352844f3:c956, 3eeffb0a-787e-48ec-a2f5-d0c540a89489:c956]
2019-08-21 15:29:37,271 | INFO  | DNAudit | user=null | ip=null | op=WRITE_CHUNK {blockData=conID: 3 locID: 102655680532644258 bcsId: 956} | ret=SUCCESS |  
2019-08-21 15:29:37,271 | INFO  | DNAudit | user=null | ip=null | op=WRITE_CHUNK {blockData=conID: 3 locID: 102655680532644258 bcsId: 956} | ret=SUCCESS |  
2019-08-21 15:29:37,271 | INFO  | DNAudit | user=null | ip=null | op=PUT_BLOCK {blockData=[blockId=conID: 3 locID: 102655680532644258 bcsId: 0,size=4194304]} | ret=SUCCESS |  
2019-08-21 15:29:37,272 | INFO  | DNAudit | user=null | ip=null | op=PUT_BLOCK {blockData=[blockId=conID: 3 locID: 102655680532644258 bcsId: 0,size=4194304]} | ret=SUCCESS |  
2019-08-21 15:29:37,272 [grpc-default-executor-4] INFO  client.GrpcClientProtocolClient (GrpcClientProtocolClient.java:onNext(255)) - client-029E50227556->355864cd-7ac5-4934-b366-9756b15dd90f: receive RaftClientReply:client-029E50227556->355864cd-7ac5-4934-b366-9756b15dd90f@group-785BCF25C267, cid=756, SUCCESS, logIndex=0, commits[355864cd-7ac5-4934-b366-9756b15dd90f:c960, ce4aa411-63c8-4399-99eb-27ce352844f3:c959, 3eeffb0a-787e-48ec-a2f5-d0c540a89489:c959]
2019-08-21 15:29:37,281 | INFO  | DNAudit | user=null | ip=null | op=WRITE_CHUNK {blockData=conID: 1 locID: 102655680532644259 bcsId: 0} | ret=SUCCESS |  
2019-08-21 15:29:37,284 | INFO  | DNAudit | user=null | ip=null | op=WRITE_CHUNK {blockData=conID: 1 locID: 102655680532644259 bcsId: 0} | ret=SUCCESS |  
2019-08-21 15:29:37,286 | INFO  | DNAudit | user=null | ip=null | op=WRITE_CHUNK {blockData=conID: 1 locID: 102655680532644259 bcsId: 0} | ret=SUCCESS |  
2019-08-21 15:29:37,286 | INFO  | DNAudit | user=null | ip=null | op=WRITE_CHUNK {blockData=conID: 1 locID: 102655680532644259 bcsId: 0} | ret=SUCCESS |  
2019-08-21 15:29:37,290 | INFO  | DNAudit | user=null | ip=null | op=WRITE_CHUNK {blockData=conID: 1 locID: 102655680532644259 bcsId: 0} | ret=SUCCESS |  
2019-08-21 15:29:37,290 | INFO  | DNAudit | user=null | ip=null | op=WRITE_CHUNK {blockData=conID: 1 locID: 102655680532644259 bcsId: 0} | ret=SUCCESS |  
2019-08-21 15:29:37,292 | INFO  | DNAudit | user=null | ip=null | op=WRITE_CHUNK {blockData=conID: 1 locID: 102655680532644259 bcsId: 0} | ret=SUCCESS |  
 0.00% |█                                                                                                    |  0/1 Time: 0:00:022019-08-21 15:29:37,293 | INFO  | DNAudit | user=null | ip=null | op=PUT_BLOCK {blockData=[blockId=conID: 1 locID: 102655680532644259 bcsId: 0,size=1048576]} | ret=SUCCESS |  
2019-08-21 15:29:37,294 | INFO  | DNAudit | user=null | ip=null | op=WRITE_CHUNK {blockData=conID: 1 locID: 102655680532644259 bcsId: 0} | ret=SUCCESS |  
2019-08-21 15:29:37,294 [grpc-default-executor-3] INFO  client.GrpcClientProtocolClient (GrpcClientProtocolClient.java:onNext(255)) - client-029E50227556->355864cd-7ac5-4934-b366-9756b15dd90f: receive RaftClientReply:client-029E50227556->355864cd-7ac5-4934-b366-9756b15dd90f@group-785BCF25C267, cid=757, SUCCESS, logIndex=962, commits[355864cd-7ac5-4934-b366-9756b15dd90f:c963, ce4aa411-63c8-4399-99eb-27ce352844f3:c961, 3eeffb0a-787e-48ec-a2f5-d0c540a89489:c961]
2019-08-21 15:29:37,294 | INFO  | DNAudit | user=null | ip=null | op=PUT_BLOCK {blockData=[blockId=conID: 1 locID: 102655680532644259 bcsId: 0,size=2097152]} | ret=SUCCESS |  
2019-08-21 15:29:37,295 | INFO  | DNAudit | user=null | ip=null | op=WRITE_CHUNK {blockData=conID: 1 locID: 102655680532644259 bcsId: 0} | ret=SUCCESS |  
2019-08-21 15:29:37,295 [grpc-default-executor-3] INFO  client.GrpcClientProtocolClient (GrpcClientProtocolClient.java:onNext(255)) - client-029E50227556->355864cd-7ac5-4934-b366-9756b15dd90f: receive RaftClientReply:client-029E50227556->355864cd-7ac5-4934-b366-9756b15dd90f@group-785BCF25C267, cid=758, SUCCESS, logIndex=963, commits[355864cd-7ac5-4934-b366-9756b15dd90f:c963, ce4aa411-63c8-4399-99eb-27ce352844f3:c961, 3eeffb0a-787e-48ec-a2f5-d0c540a89489:c961]
2019-08-21 15:29:37,295 | INFO  | DNAudit | user=null | ip=null | op=PUT_BLOCK {blockData=[blockId=conID: 1 locID: 102655680532644259 bcsId: 0,size=1048576]} | ret=SUCCESS |  
2019-08-21 15:29:37,296 [grpc-default-executor-3] INFO  client.GrpcClientProtocolClient (GrpcClientProtocolClient.java:onNext(255)) - client-029E50227556->355864cd-7ac5-4934-b366-9756b15dd90f: receive RaftClientReply:client-029E50227556->355864cd-7ac5-4934-b366-9756b15dd90f@group-785BCF25C267, cid=759, SUCCESS, logIndex=964, commits[355864cd-7ac5-4934-b366-9756b15dd90f:c965, ce4aa411-63c8-4399-99eb-27ce352844f3:c961, 3eeffb0a-787e-48ec-a2f5-d0c540a89489:c961]
2019-08-21 15:29:37,296 | INFO  | DNAudit | user=null | ip=null | op=WRITE_CHUNK {blockData=conID: 1 locID: 102655680532644259 bcsId: 0} | ret=SUCCESS |  
2019-08-21 15:29:37,296 [grpc-default-executor-3] INFO  client.GrpcClientProtocolClient (GrpcClientProtocolClient.java:onNext(255)) - client-029E50227556->355864cd-7ac5-4934-b366-9756b15dd90f: receive RaftClientReply:client-029E50227556->355864cd-7ac5-4934-b366-9756b15dd90f@group-785BCF25C267, cid=760, SUCCESS, logIndex=965, commits[355864cd-7ac5-4934-b366-9756b15dd90f:c965, ce4aa411-63c8-4399-99eb-27ce352844f3:c961, 3eeffb0a-787e-48ec-a2f5-d0c540a89489:c961]
2019-08-21 15:29:37,296 | INFO  | DNAudit | user=null | ip=null | op=WRITE_CHUNK {blockData=conID: 1 locID: 102655680532644259 bcsId: 0} | ret=SUCCESS |  
2019-08-21 15:29:37,296 | INFO  | DNAudit | user=null | ip=null | op=PUT_BLOCK {blockData=[blockId=conID: 1 locID: 102655680532644259 bcsId: 0,size=1048576]} | ret=SUCCESS |  
2019-08-21 15:29:37,297 | INFO  | DNAudit | user=null | ip=null | op=PUT_BLOCK {blockData=[blockId=conID: 1 locID: 102655680532644259 bcsId: 0,size=2097152]} | ret=SUCCESS |  
2019-08-21 15:29:37,297 | INFO  | DNAudit | user=null | ip=null | op=WRITE_CHUNK {blockData=conID: 1 locID: 102655680532644259 bcsId: 0} | ret=SUCCESS |  
2019-08-21 15:29:37,298 | INFO  | DNAudit | user=null | ip=null | op=PUT_BLOCK {blockData=[blockId=conID: 1 locID: 102655680532644259 bcsId: 0,size=2097152]} | ret=SUCCESS |  
2019-08-21 15:29:37,298 [grpc-default-executor-4] INFO  client.GrpcClientProtocolClient (GrpcClientProtocolClient.java:onNext(255)) - client-029E50227556->355864cd-7ac5-4934-b366-9756b15dd90f: receive RaftClientReply:client-029E50227556->355864cd-7ac5-4934-b366-9756b15dd90f@group-785BCF25C267, cid=761, SUCCESS, logIndex=0, commits[355864cd-7ac5-4934-b366-9756b15dd90f:c969, ce4aa411-63c8-4399-99eb-27ce352844f3:c963, 3eeffb0a-787e-48ec-a2f5-d0c540a89489:c965]
2019-08-21 15:29:37,307 | INFO  | DNAudit | user=null | ip=null | op=WRITE_CHUNK {blockData=conID: 1 locID: 102655680532644259 bcsId: 965} | ret=SUCCESS |  
2019-08-21 15:29:37,309 | INFO  | DNAudit | user=null | ip=null | op=WRITE_CHUNK {blockData=conID: 1 locID: 102655680532644259 bcsId: 965} | ret=SUCCESS |  
2019-08-21 15:29:37,310 | INFO  | DNAudit | user=null | ip=null | op=WRITE_CHUNK {blockData=conID: 1 locID: 102655680532644259 bcsId: 965} | ret=SUCCESS |  
2019-08-21 15:29:37,318 | INFO  | DNAudit | user=null | ip=null | op=WRITE_CHUNK {blockData=conID: 1 locID: 102655680532644259 bcsId: 965} | ret=SUCCESS |  
2019-08-21 15:29:37,318 | INFO  | DNAudit | user=null | ip=null | op=PUT_BLOCK {blockData=[blockId=conID: 1 locID: 102655680532644259 bcsId: 0,size=3145728]} | ret=SUCCESS |  
2019-08-21 15:29:37,319 [grpc-default-executor-3] INFO  client.GrpcClientProtocolClient (GrpcClientProtocolClient.java:onNext(255)) - client-029E50227556->355864cd-7ac5-4934-b366-9756b15dd90f: receive RaftClientReply:client-029E50227556->355864cd-7ac5-4934-b366-9756b15dd90f@group-785BCF25C267, cid=762, SUCCESS, logIndex=970, commits[355864cd-7ac5-4934-b366-9756b15dd90f:c971, ce4aa411-63c8-4399-99eb-27ce352844f3:c969, 3eeffb0a-787e-48ec-a2f5-d0c540a89489:c969]
2019-08-21 15:29:37,319 [grpc-default-executor-3] INFO  client.GrpcClientProtocolClient (GrpcClientProtocolClient.java:onNext(255)) - client-029E50227556->355864cd-7ac5-4934-b366-9756b15dd90f: receive RaftClientReply:client-029E50227556->355864cd-7ac5-4934-b366-9756b15dd90f@group-785BCF25C267, cid=763, SUCCESS, logIndex=971, commits[355864cd-7ac5-4934-b366-9756b15dd90f:c971, ce4aa411-63c8-4399-99eb-27ce352844f3:c969, 3eeffb0a-787e-48ec-a2f5-d0c540a89489:c969]
2019-08-21 15:29:37,326 | INFO  | DNAudit | user=null | ip=null | op=WRITE_CHUNK {blockData=conID: 1 locID: 102655680532644259 bcsId: 971} | ret=SUCCESS |  
2019-08-21 15:29:37,328 | INFO  | DNAudit | user=null | ip=null | op=WRITE_CHUNK {blockData=conID: 1 locID: 102655680532644259 bcsId: 965} | ret=SUCCESS |  
2019-08-21 15:29:37,328 | INFO  | DNAudit | user=null | ip=null | op=WRITE_CHUNK {blockData=conID: 1 locID: 102655680532644259 bcsId: 965} | ret=SUCCESS |  
2019-08-21 15:29:37,329 | INFO  | DNAudit | user=null | ip=null | op=WRITE_CHUNK {blockData=conID: 1 locID: 102655680532644259 bcsId: 971} | ret=SUCCESS |  
2019-08-21 15:29:37,329 | INFO  | DNAudit | user=null | ip=null | op=WRITE_CHUNK {blockData=conID: 1 locID: 102655680532644259 bcsId: 971} | ret=SUCCESS |  
2019-08-21 15:29:37,329 | INFO  | DNAudit | user=null | ip=null | op=PUT_BLOCK {blockData=[blockId=conID: 1 locID: 102655680532644259 bcsId: 0,size=3145728]} | ret=SUCCESS |  
2019-08-21 15:29:37,330 | INFO  | DNAudit | user=null | ip=null | op=PUT_BLOCK {blockData=[blockId=conID: 1 locID: 102655680532644259 bcsId: 0,size=3145728]} | ret=SUCCESS |  
2019-08-21 15:29:37,330 | INFO  | DNAudit | user=null | ip=null | op=WRITE_CHUNK {blockData=conID: 1 locID: 102655680532644259 bcsId: 971} | ret=SUCCESS |  
2019-08-21 15:29:37,331 | INFO  | DNAudit | user=null | ip=null | op=PUT_BLOCK {blockData=[blockId=conID: 1 locID: 102655680532644259 bcsId: 0,size=4194304]} | ret=SUCCESS |  
2019-08-21 15:29:37,332 [grpc-default-executor-0] INFO  client.GrpcClientProtocolClient (GrpcClientProtocolClient.java:onNext(255)) - client-029E50227556->355864cd-7ac5-4934-b366-9756b15dd90f: receive RaftClientReply:client-029E50227556->355864cd-7ac5-4934-b366-9756b15dd90f@group-785BCF25C267, cid=764, SUCCESS, logIndex=974, commits[355864cd-7ac5-4934-b366-9756b15dd90f:c975, ce4aa411-63c8-4399-99eb-27ce352844f3:c971, 3eeffb0a-787e-48ec-a2f5-d0c540a89489:c971]
2019-08-21 15:29:37,332 | INFO  | DNAudit | user=null | ip=null | op=WRITE_CHUNK {blockData=conID: 1 locID: 102655680532644259 bcsId: 971} | ret=SUCCESS |  
2019-08-21 15:29:37,332 [grpc-default-executor-0] INFO  client.GrpcClientProtocolClient (GrpcClientProtocolClient.java:onNext(255)) - client-029E50227556->355864cd-7ac5-4934-b366-9756b15dd90f: receive RaftClientReply:client-029E50227556->355864cd-7ac5-4934-b366-9756b15dd90f@group-785BCF25C267, cid=765, SUCCESS, logIndex=975, commits[355864cd-7ac5-4934-b366-9756b15dd90f:c975, ce4aa411-63c8-4399-99eb-27ce352844f3:c971, 3eeffb0a-787e-48ec-a2f5-d0c540a89489:c971]
2019-08-21 15:29:37,332 | INFO  | DNAudit | user=null | ip=null | op=PUT_BLOCK {blockData=[blockId=conID: 1 locID: 102655680532644259 bcsId: 0,size=4194304]} | ret=SUCCESS |  
2019-08-21 15:29:37,333 | INFO  | DNAudit | user=null | ip=null | op=WRITE_CHUNK {blockData=conID: 1 locID: 102655680532644259 bcsId: 971} | ret=SUCCESS |  
2019-08-21 15:29:37,333 | INFO  | DNAudit | user=null | ip=null | op=PUT_BLOCK {blockData=[blockId=conID: 1 locID: 102655680532644259 bcsId: 0,size=4194304]} | ret=SUCCESS |  
2019-08-21 15:29:37,334 [grpc-default-executor-0] INFO  client.GrpcClientProtocolClient (GrpcClientProtocolClient.java:onNext(255)) - client-029E50227556->355864cd-7ac5-4934-b366-9756b15dd90f: receive RaftClientReply:client-029E50227556->355864cd-7ac5-4934-b366-9756b15dd90f@group-785BCF25C267, cid=766, SUCCESS, logIndex=0, commits[355864cd-7ac5-4934-b366-9756b15dd90f:c976, ce4aa411-63c8-4399-99eb-27ce352844f3:c975, 3eeffb0a-787e-48ec-a2f5-d0c540a89489:c975]
2019-08-21 15:29:37,341 | INFO  | DNAudit | user=null | ip=null | op=WRITE_CHUNK {blockData=conID: 2 locID: 102655680532644260 bcsId: 0} | ret=SUCCESS |  
2019-08-21 15:29:37,342 | INFO  | DNAudit | user=null | ip=null | op=WRITE_CHUNK {blockData=conID: 2 locID: 102655680532644260 bcsId: 0} | ret=SUCCESS |  
2019-08-21 15:29:37,343 | INFO  | DNAudit | user=null | ip=null | op=WRITE_CHUNK {blockData=conID: 2 locID: 102655680532644260 bcsId: 0} | ret=SUCCESS |  
2019-08-21 15:29:37,344 | INFO  | DNAudit | user=null | ip=null | op=WRITE_CHUNK {blockData=conID: 2 locID: 102655680532644260 bcsId: 0} | ret=SUCCESS |  
2019-08-21 15:29:37,345 | INFO  | DNAudit | user=null | ip=null | op=WRITE_CHUNK {blockData=conID: 2 locID: 102655680532644260 bcsId: 0} | ret=SUCCESS |  
2019-08-21 15:29:37,345 | INFO  | DNAudit | user=null | ip=null | op=WRITE_CHUNK {blockData=conID: 2 locID: 102655680532644260 bcsId: 0} | ret=SUCCESS |  
2019-08-21 15:29:37,359 | INFO  | DNAudit | user=null | ip=null | op=WRITE_CHUNK {blockData=conID: 2 locID: 102655680532644260 bcsId: 0} | ret=SUCCESS |  
2019-08-21 15:29:37,359 | INFO  | DNAudit | user=null | ip=null | op=PUT_BLOCK {blockData=[blockId=conID: 2 locID: 102655680532644260 bcsId: 0,size=1048576]} | ret=SUCCESS |  
2019-08-21 15:29:37,360 | INFO  | DNAudit | user=null | ip=null | op=WRITE_CHUNK {blockData=conID: 2 locID: 102655680532644260 bcsId: 0} | ret=SUCCESS |  
2019-08-21 15:29:37,359 [grpc-default-executor-4] INFO  client.GrpcClientProtocolClient (GrpcClientProtocolClient.java:onNext(255)) - client-029E50227556->355864cd-7ac5-4934-b366-9756b15dd90f: receive RaftClientReply:client-029E50227556->355864cd-7ac5-4934-b366-9756b15dd90f@group-785BCF25C267, cid=767, SUCCESS, logIndex=978, commits[355864cd-7ac5-4934-b366-9756b15dd90f:c979, ce4aa411-63c8-4399-99eb-27ce352844f3:c977, 3eeffb0a-787e-48ec-a2f5-d0c540a89489:c977]
2019-08-21 15:29:37,360 | INFO  | DNAudit | user=null | ip=null | op=WRITE_CHUNK {blockData=conID: 2 locID: 102655680532644260 bcsId: 0} | ret=SUCCESS |  
2019-08-21 15:29:37,360 | INFO  | DNAudit | user=null | ip=null | op=PUT_BLOCK {blockData=[blockId=conID: 2 locID: 102655680532644260 bcsId: 0,size=2097152]} | ret=SUCCESS |  
2019-08-21 15:29:37,360 [grpc-default-executor-4] INFO  client.GrpcClientProtocolClient (GrpcClientProtocolClient.java:onNext(255)) - client-029E50227556->355864cd-7ac5-4934-b366-9756b15dd90f: receive RaftClientReply:client-029E50227556->355864cd-7ac5-4934-b366-9756b15dd90f@group-785BCF25C267, cid=768, SUCCESS, logIndex=979, commits[355864cd-7ac5-4934-b366-9756b15dd90f:c981, ce4aa411-63c8-4399-99eb-27ce352844f3:c977, 3eeffb0a-787e-48ec-a2f5-d0c540a89489:c977]
2019-08-21 15:29:37,361 [grpc-default-executor-4] INFO  client.GrpcClientProtocolClient (GrpcClientProtocolClient.java:onNext(255)) - client-029E50227556->355864cd-7ac5-4934-b366-9756b15dd90f: receive RaftClientReply:client-029E50227556->355864cd-7ac5-4934-b366-9756b15dd90f@group-785BCF25C267, cid=769, SUCCESS, logIndex=980, commits[355864cd-7ac5-4934-b366-9756b15dd90f:c981, ce4aa411-63c8-4399-99eb-27ce352844f3:c977, 3eeffb0a-787e-48ec-a2f5-d0c540a89489:c977]
2019-08-21 15:29:37,361 | INFO  | DNAudit | user=null | ip=null | op=WRITE_CHUNK {blockData=conID: 2 locID: 102655680532644260 bcsId: 0} | ret=SUCCESS |  
2019-08-21 15:29:37,361 [grpc-default-executor-4] INFO  client.GrpcClientProtocolClient (GrpcClientProtocolClient.java:onNext(255)) - client-029E50227556->355864cd-7ac5-4934-b366-9756b15dd90f: receive RaftClientReply:client-029E50227556->355864cd-7ac5-4934-b366-9756b15dd90f@group-785BCF25C267, cid=770, SUCCESS, logIndex=981, commits[355864cd-7ac5-4934-b366-9756b15dd90f:c982, ce4aa411-63c8-4399-99eb-27ce352844f3:c977, 3eeffb0a-787e-48ec-a2f5-d0c540a89489:c978]
2019-08-21 15:29:37,361 | INFO  | DNAudit | user=null | ip=null | op=PUT_BLOCK {blockData=[blockId=conID: 2 locID: 102655680532644260 bcsId: 0,size=1048576]} | ret=SUCCESS |  
2019-08-21 15:29:37,362 | INFO  | DNAudit | user=null | ip=null | op=WRITE_CHUNK {blockData=conID: 2 locID: 102655680532644260 bcsId: 0} | ret=SUCCESS |  
2019-08-21 15:29:37,362 | INFO  | DNAudit | user=null | ip=null | op=PUT_BLOCK {blockData=[blockId=conID: 2 locID: 102655680532644260 bcsId: 0,size=1048576]} | ret=SUCCESS |  
2019-08-21 15:29:37,362 | INFO  | DNAudit | user=null | ip=null | op=PUT_BLOCK {blockData=[blockId=conID: 2 locID: 102655680532644260 bcsId: 0,size=2097152]} | ret=SUCCESS |  
2019-08-21 15:29:37,362 | INFO  | DNAudit | user=null | ip=null | op=WRITE_CHUNK {blockData=conID: 2 locID: 102655680532644260 bcsId: 0} | ret=SUCCESS |  
2019-08-21 15:29:37,362 | INFO  | DNAudit | user=null | ip=null | op=PUT_BLOCK {blockData=[blockId=conID: 2 locID: 102655680532644260 bcsId: 0,size=2097152]} | ret=SUCCESS |  
2019-08-21 15:29:37,363 [grpc-default-executor-3] INFO  client.GrpcClientProtocolClient (GrpcClientProtocolClient.java:onNext(255)) - client-029E50227556->355864cd-7ac5-4934-b366-9756b15dd90f: receive RaftClientReply:client-029E50227556->355864cd-7ac5-4934-b366-9756b15dd90f@group-785BCF25C267, cid=771, SUCCESS, logIndex=0, commits[355864cd-7ac5-4934-b366-9756b15dd90f:c985, ce4aa411-63c8-4399-99eb-27ce352844f3:c981, 3eeffb0a-787e-48ec-a2f5-d0c540a89489:c981]
2019-08-21 15:29:37,370 | INFO  | DNAudit | user=null | ip=null | op=WRITE_CHUNK {blockData=conID: 2 locID: 102655680532644260 bcsId: 981} | ret=SUCCESS |  
2019-08-21 15:29:37,373 | INFO  | DNAudit | user=null | ip=null | op=WRITE_CHUNK {blockData=conID: 2 locID: 102655680532644260 bcsId: 981} | ret=SUCCESS |  
2019-08-21 15:29:37,374 | INFO  | DNAudit | user=null | ip=null | op=WRITE_CHUNK {blockData=conID: 2 locID: 102655680532644260 bcsId: 981} | ret=SUCCESS |  
2019-08-21 15:29:37,379 | INFO  | DNAudit | user=null | ip=null | op=WRITE_CHUNK {blockData=conID: 2 locID: 102655680532644260 bcsId: 981} | ret=SUCCESS |  
2019-08-21 15:29:37,380 | INFO  | DNAudit | user=null | ip=null | op=PUT_BLOCK {blockData=[blockId=conID: 2 locID: 102655680532644260 bcsId: 0,size=3145728]} | ret=SUCCESS |  
2019-08-21 15:29:37,380 [grpc-default-executor-4] INFO  client.GrpcClientProtocolClient (GrpcClientProtocolClient.java:onNext(255)) - client-029E50227556->355864cd-7ac5-4934-b366-9756b15dd90f: receive RaftClientReply:client-029E50227556->355864cd-7ac5-4934-b366-9756b15dd90f@group-785BCF25C267, cid=772, SUCCESS, logIndex=986, commits[355864cd-7ac5-4934-b366-9756b15dd90f:c987, ce4aa411-63c8-4399-99eb-27ce352844f3:c985, 3eeffb0a-787e-48ec-a2f5-d0c540a89489:c985]
2019-08-21 15:29:37,381 [grpc-default-executor-4] INFO  client.GrpcClientProtocolClient (GrpcClientProtocolClient.java:onNext(255)) - client-029E50227556->355864cd-7ac5-4934-b366-9756b15dd90f: receive RaftClientReply:client-029E50227556->355864cd-7ac5-4934-b366-9756b15dd90f@group-785BCF25C267, cid=773, SUCCESS, logIndex=987, commits[355864cd-7ac5-4934-b366-9756b15dd90f:c987, ce4aa411-63c8-4399-99eb-27ce352844f3:c985, 3eeffb0a-787e-48ec-a2f5-d0c540a89489:c985]
2019-08-21 15:29:37,391 | INFO  | DNAudit | user=null | ip=null | op=WRITE_CHUNK {blockData=conID: 2 locID: 102655680532644260 bcsId: 981} | ret=SUCCESS |  
2019-08-21 15:29:37,391 | INFO  | DNAudit | user=null | ip=null | op=WRITE_CHUNK {blockData=conID: 2 locID: 102655680532644260 bcsId: 981} | ret=SUCCESS |  
2019-08-21 15:29:37,392 | INFO  | DNAudit | user=null | ip=null | op=PUT_BLOCK {blockData=[blockId=conID: 2 locID: 102655680532644260 bcsId: 0,size=3145728]} | ret=SUCCESS |  
2019-08-21 15:29:37,392 | INFO  | DNAudit | user=null | ip=null | op=WRITE_CHUNK {blockData=conID: 2 locID: 102655680532644260 bcsId: 987} | ret=SUCCESS |  
2019-08-21 15:29:37,392 | INFO  | DNAudit | user=null | ip=null | op=PUT_BLOCK {blockData=[blockId=conID: 2 locID: 102655680532644260 bcsId: 0,size=3145728]} | ret=SUCCESS |  
2019-08-21 15:29:37,395 | INFO  | DNAudit | user=null | ip=null | op=WRITE_CHUNK {blockData=conID: 2 locID: 102655680532644260 bcsId: 987} | ret=SUCCESS |  
2019-08-21 15:29:37,395 | INFO  | DNAudit | user=null | ip=null | op=WRITE_CHUNK {blockData=conID: 2 locID: 102655680532644260 bcsId: 987} | ret=SUCCESS |  
2019-08-21 15:29:37,405 | INFO  | DNAudit | user=null | ip=null | op=WRITE_CHUNK {blockData=conID: 2 locID: 102655680532644260 bcsId: 987} | ret=SUCCESS |  
2019-08-21 15:29:37,406 | INFO  | DNAudit | user=null | ip=null | op=PUT_BLOCK {blockData=[blockId=conID: 2 locID: 102655680532644260 bcsId: 0,size=4194304]} | ret=SUCCESS |  
2019-08-21 15:29:37,406 [grpc-default-executor-0] INFO  client.GrpcClientProtocolClient (GrpcClientProtocolClient.java:onNext(255)) - client-029E50227556->355864cd-7ac5-4934-b366-9756b15dd90f: receive RaftClientReply:client-029E50227556->355864cd-7ac5-4934-b366-9756b15dd90f@group-785BCF25C267, cid=774, SUCCESS, logIndex=990, commits[355864cd-7ac5-4934-b366-9756b15dd90f:c991, ce4aa411-63c8-4399-99eb-27ce352844f3:c988, 3eeffb0a-787e-48ec-a2f5-d0c540a89489:c988]
2019-08-21 15:29:37,407 [grpc-default-executor-0] INFO  client.GrpcClientProtocolClient (GrpcClientProtocolClient.java:onNext(255)) - client-029E50227556->355864cd-7ac5-4934-b366-9756b15dd90f: receive RaftClientReply:client-029E50227556->355864cd-7ac5-4934-b366-9756b15dd90f@group-785BCF25C267, cid=775, SUCCESS, logIndex=991, commits[355864cd-7ac5-4934-b366-9756b15dd90f:c991, ce4aa411-63c8-4399-99eb-27ce352844f3:c988, 3eeffb0a-787e-48ec-a2f5-d0c540a89489:c988]
2019-08-21 15:29:37,417 | INFO  | DNAudit | user=null | ip=null | op=WRITE_CHUNK {blockData=conID: 2 locID: 102655680532644260 bcsId: 987} | ret=SUCCESS |  
2019-08-21 15:29:37,417 | INFO  | DNAudit | user=null | ip=null | op=WRITE_CHUNK {blockData=conID: 2 locID: 102655680532644260 bcsId: 987} | ret=SUCCESS |  
2019-08-21 15:29:37,418 | INFO  | DNAudit | user=null | ip=null | op=PUT_BLOCK {blockData=[blockId=conID: 2 locID: 102655680532644260 bcsId: 0,size=4194304]} | ret=SUCCESS |  
2019-08-21 15:29:37,418 | INFO  | DNAudit | user=null | ip=null | op=PUT_BLOCK {blockData=[blockId=conID: 2 locID: 102655680532644260 bcsId: 0,size=4194304]} | ret=SUCCESS |  
2019-08-21 15:29:37,419 [grpc-default-executor-0] INFO  client.GrpcClientProtocolClient (GrpcClientProtocolClient.java:onNext(255)) - client-029E50227556->355864cd-7ac5-4934-b366-9756b15dd90f: receive RaftClientReply:client-029E50227556->355864cd-7ac5-4934-b366-9756b15dd90f@group-785BCF25C267, cid=776, SUCCESS, logIndex=0, commits[355864cd-7ac5-4934-b366-9756b15dd90f:c993, ce4aa411-63c8-4399-99eb-27ce352844f3:c991, 3eeffb0a-787e-48ec-a2f5-d0c540a89489:c991]
2019-08-21 15:29:37,427 | INFO  | DNAudit | user=null | ip=null | op=WRITE_CHUNK {blockData=conID: 3 locID: 102655680532644261 bcsId: 0} | ret=SUCCESS |  
2019-08-21 15:29:37,431 | INFO  | DNAudit | user=null | ip=null | op=WRITE_CHUNK {blockData=conID: 3 locID: 102655680532644261 bcsId: 0} | ret=SUCCESS |  
2019-08-21 15:29:37,431 | INFO  | DNAudit | user=null | ip=null | op=WRITE_CHUNK {blockData=conID: 3 locID: 102655680532644261 bcsId: 0} | ret=SUCCESS |  
2019-08-21 15:29:37,431 | INFO  | DNAudit | user=null | ip=null | op=WRITE_CHUNK {blockData=conID: 3 locID: 102655680532644261 bcsId: 0} | ret=SUCCESS |  
2019-08-21 15:29:37,433 | INFO  | DNAudit | user=null | ip=null | op=WRITE_CHUNK {blockData=conID: 3 locID: 102655680532644261 bcsId: 0} | ret=SUCCESS |  
2019-08-21 15:29:37,434 | INFO  | DNAudit | user=null | ip=null | op=WRITE_CHUNK {blockData=conID: 3 locID: 102655680532644261 bcsId: 0} | ret=SUCCESS |  
2019-08-21 15:29:37,439 | INFO  | DNAudit | user=null | ip=null | op=WRITE_CHUNK {blockData=conID: 3 locID: 102655680532644261 bcsId: 0} | ret=SUCCESS |  
2019-08-21 15:29:37,440 | INFO  | DNAudit | user=null | ip=null | op=PUT_BLOCK {blockData=[blockId=conID: 3 locID: 102655680532644261 bcsId: 0,size=1048576]} | ret=SUCCESS |  
2019-08-21 15:29:37,441 | INFO  | DNAudit | user=null | ip=null | op=WRITE_CHUNK {blockData=conID: 3 locID: 102655680532644261 bcsId: 0} | ret=SUCCESS |  
2019-08-21 15:29:37,441 | INFO  | DNAudit | user=null | ip=null | op=WRITE_CHUNK {blockData=conID: 3 locID: 102655680532644261 bcsId: 0} | ret=SUCCESS |  
2019-08-21 15:29:37,441 [grpc-default-executor-3] INFO  client.GrpcClientProtocolClient (GrpcClientProtocolClient.java:onNext(255)) - client-029E50227556->355864cd-7ac5-4934-b366-9756b15dd90f: receive RaftClientReply:client-029E50227556->355864cd-7ac5-4934-b366-9756b15dd90f@group-785BCF25C267, cid=777, SUCCESS, logIndex=994, commits[355864cd-7ac5-4934-b366-9756b15dd90f:c995, ce4aa411-63c8-4399-99eb-27ce352844f3:c993, 3eeffb0a-787e-48ec-a2f5-d0c540a89489:c993]
2019-08-21 15:29:37,441 | INFO  | DNAudit | user=null | ip=null | op=PUT_BLOCK {blockData=[blockId=conID: 3 locID: 102655680532644261 bcsId: 0,size=2097152]} | ret=SUCCESS |  
2019-08-21 15:29:37,442 | INFO  | DNAudit | user=null | ip=null | op=PUT_BLOCK {blockData=[blockId=conID: 3 locID: 102655680532644261 bcsId: 0,size=1048576]} | ret=SUCCESS |  
2019-08-21 15:29:37,442 | INFO  | DNAudit | user=null | ip=null | op=WRITE_CHUNK {blockData=conID: 3 locID: 102655680532644261 bcsId: 0} | ret=SUCCESS |  
2019-08-21 15:29:37,442 [grpc-default-executor-3] INFO  client.GrpcClientProtocolClient (GrpcClientProtocolClient.java:onNext(255)) - client-029E50227556->355864cd-7ac5-4934-b366-9756b15dd90f: receive RaftClientReply:client-029E50227556->355864cd-7ac5-4934-b366-9756b15dd90f@group-785BCF25C267, cid=778, SUCCESS, logIndex=995, commits[355864cd-7ac5-4934-b366-9756b15dd90f:c995, ce4aa411-63c8-4399-99eb-27ce352844f3:c993, 3eeffb0a-787e-48ec-a2f5-d0c540a89489:c993]
2019-08-21 15:29:37,442 | INFO  | DNAudit | user=null | ip=null | op=PUT_BLOCK {blockData=[blockId=conID: 3 locID: 102655680532644261 bcsId: 0,size=1048576]} | ret=SUCCESS |  
2019-08-21 15:29:37,443 | INFO  | DNAudit | user=null | ip=null | op=WRITE_CHUNK {blockData=conID: 3 locID: 102655680532644261 bcsId: 0} | ret=SUCCESS |  
2019-08-21 15:29:37,443 | INFO  | DNAudit | user=null | ip=null | op=PUT_BLOCK {blockData=[blockId=conID: 3 locID: 102655680532644261 bcsId: 0,size=2097152]} | ret=SUCCESS |  
2019-08-21 15:29:37,443 | INFO  | DNAudit | user=null | ip=null | op=WRITE_CHUNK {blockData=conID: 3 locID: 102655680532644261 bcsId: 0} | ret=SUCCESS |  
2019-08-21 15:29:37,444 [grpc-default-executor-3] INFO  client.GrpcClientProtocolClient (GrpcClientProtocolClient.java:onNext(255)) - client-029E50227556->355864cd-7ac5-4934-b366-9756b15dd90f: receive RaftClientReply:client-029E50227556->355864cd-7ac5-4934-b366-9756b15dd90f@group-785BCF25C267, cid=779, SUCCESS, logIndex=996, commits[355864cd-7ac5-4934-b366-9756b15dd90f:c997, ce4aa411-63c8-4399-99eb-27ce352844f3:c993, 3eeffb0a-787e-48ec-a2f5-d0c540a89489:c993]
2019-08-21 15:29:37,444 | INFO  | DNAudit | user=null | ip=null | op=PUT_BLOCK {blockData=[blockId=conID: 3 locID: 102655680532644261 bcsId: 0,size=2097152]} | ret=SUCCESS |  
2019-08-21 15:29:37,444 [grpc-default-executor-3] INFO  client.GrpcClientProtocolClient (GrpcClientProtocolClient.java:onNext(255)) - client-029E50227556->355864cd-7ac5-4934-b366-9756b15dd90f: receive RaftClientReply:client-029E50227556->355864cd-7ac5-4934-b366-9756b15dd90f@group-785BCF25C267, cid=780, SUCCESS, logIndex=997, commits[355864cd-7ac5-4934-b366-9756b15dd90f:c997, ce4aa411-63c8-4399-99eb-27ce352844f3:c993, 3eeffb0a-787e-48ec-a2f5-d0c540a89489:c993]
2019-08-21 15:29:37,446 [grpc-default-executor-3] INFO  client.GrpcClientProtocolClient (GrpcClientProtocolClient.java:onNext(255)) - client-029E50227556->355864cd-7ac5-4934-b366-9756b15dd90f: receive RaftClientReply:client-029E50227556->355864cd-7ac5-4934-b366-9756b15dd90f@group-785BCF25C267, cid=781, SUCCESS, logIndex=0, commits[355864cd-7ac5-4934-b366-9756b15dd90f:c1001, ce4aa411-63c8-4399-99eb-27ce352844f3:c997, 3eeffb0a-787e-48ec-a2f5-d0c540a89489:c997]
2019-08-21 15:29:37,455 | INFO  | DNAudit | user=null | ip=null | op=WRITE_CHUNK {blockData=conID: 3 locID: 102655680532644261 bcsId: 997} | ret=SUCCESS |  
2019-08-21 15:29:37,456 | INFO  | DNAudit | user=null | ip=null | op=WRITE_CHUNK {blockData=conID: 3 locID: 102655680532644261 bcsId: 997} | ret=SUCCESS |  
2019-08-21 15:29:37,456 | INFO  | DNAudit | user=null | ip=null | op=WRITE_CHUNK {blockData=conID: 3 locID: 102655680532644261 bcsId: 997} | ret=SUCCESS |  
2019-08-21 15:29:37,468 | INFO  | DNAudit | user=null | ip=null | op=WRITE_CHUNK {blockData=conID: 3 locID: 102655680532644261 bcsId: 997} | ret=SUCCESS |  
2019-08-21 15:29:37,468 | INFO  | DNAudit | user=null | ip=null | op=PUT_BLOCK {blockData=[blockId=conID: 3 locID: 102655680532644261 bcsId: 0,size=3145728]} | ret=SUCCESS |  
2019-08-21 15:29:37,469 [grpc-default-executor-0] INFO  client.GrpcClientProtocolClient (GrpcClientProtocolClient.java:onNext(255)) - client-029E50227556->355864cd-7ac5-4934-b366-9756b15dd90f: receive RaftClientReply:client-029E50227556->355864cd-7ac5-4934-b366-9756b15dd90f@group-785BCF25C267, cid=782, SUCCESS, logIndex=1002, commits[355864cd-7ac5-4934-b366-9756b15dd90f:c1003, ce4aa411-63c8-4399-99eb-27ce352844f3:c1001, 3eeffb0a-787e-48ec-a2f5-d0c540a89489:c1001]
2019-08-21 15:29:37,469 [grpc-default-executor-0] INFO  client.GrpcClientProtocolClient (GrpcClientProtocolClient.java:onNext(255)) - client-029E50227556->355864cd-7ac5-4934-b366-9756b15dd90f: receive RaftClientReply:client-029E50227556->355864cd-7ac5-4934-b366-9756b15dd90f@group-785BCF25C267, cid=783, SUCCESS, logIndex=1003, commits[355864cd-7ac5-4934-b366-9756b15dd90f:c1003, ce4aa411-63c8-4399-99eb-27ce352844f3:c1001, 3eeffb0a-787e-48ec-a2f5-d0c540a89489:c1001]
2019-08-21 15:29:37,477 | INFO  | DNAudit | user=null | ip=null | op=WRITE_CHUNK {blockData=conID: 3 locID: 102655680532644261 bcsId: 1003} | ret=SUCCESS |  
2019-08-21 15:29:37,479 | INFO  | DNAudit | user=null | ip=null | op=WRITE_CHUNK {blockData=conID: 3 locID: 102655680532644261 bcsId: 997} | ret=SUCCESS |  
2019-08-21 15:29:37,480 | INFO  | DNAudit | user=null | ip=null | op=WRITE_CHUNK {blockData=conID: 3 locID: 102655680532644261 bcsId: 997} | ret=SUCCESS |  
2019-08-21 15:29:37,480 | INFO  | DNAudit | user=null | ip=null | op=PUT_BLOCK {blockData=[blockId=conID: 3 locID: 102655680532644261 bcsId: 0,size=3145728]} | ret=SUCCESS |  
2019-08-21 15:29:37,480 | INFO  | DNAudit | user=null | ip=null | op=WRITE_CHUNK {blockData=conID: 3 locID: 102655680532644261 bcsId: 1003} | ret=SUCCESS |  
2019-08-21 15:29:37,480 | INFO  | DNAudit | user=null | ip=null | op=PUT_BLOCK {blockData=[blockId=conID: 3 locID: 102655680532644261 bcsId: 0,size=3145728]} | ret=SUCCESS |  
2019-08-21 15:29:37,480 | INFO  | DNAudit | user=null | ip=null | op=WRITE_CHUNK {blockData=conID: 3 locID: 102655680532644261 bcsId: 1003} | ret=SUCCESS |  
2019-08-21 15:29:37,493 | INFO  | DNAudit | user=null | ip=null | op=WRITE_CHUNK {blockData=conID: 3 locID: 102655680532644261 bcsId: 1003} | ret=SUCCESS |  
2019-08-21 15:29:37,493 | INFO  | DNAudit | user=null | ip=null | op=PUT_BLOCK {blockData=[blockId=conID: 3 locID: 102655680532644261 bcsId: 0,size=4194304]} | ret=SUCCESS |  
2019-08-21 15:29:37,494 [grpc-default-executor-3] INFO  client.GrpcClientProtocolClient (GrpcClientProtocolClient.java:onNext(255)) - client-029E50227556->355864cd-7ac5-4934-b366-9756b15dd90f: receive RaftClientReply:client-029E50227556->355864cd-7ac5-4934-b366-9756b15dd90f@group-785BCF25C267, cid=784, SUCCESS, logIndex=1006, commits[355864cd-7ac5-4934-b366-9756b15dd90f:c1007, ce4aa411-63c8-4399-99eb-27ce352844f3:c1003, 3eeffb0a-787e-48ec-a2f5-d0c540a89489:c1003]
2019-08-21 15:29:37,494 [grpc-default-executor-3] INFO  client.GrpcClientProtocolClient (GrpcClientProtocolClient.java:onNext(255)) - client-029E50227556->355864cd-7ac5-4934-b366-9756b15dd90f: receive RaftClientReply:client-029E50227556->355864cd-7ac5-4934-b366-9756b15dd90f@group-785BCF25C267, cid=785, SUCCESS, logIndex=1007, commits[355864cd-7ac5-4934-b366-9756b15dd90f:c1007, ce4aa411-63c8-4399-99eb-27ce352844f3:c1003, 3eeffb0a-787e-48ec-a2f5-d0c540a89489:c1003]
2019-08-21 15:29:37,504 | INFO  | DNAudit | user=null | ip=null | op=WRITE_CHUNK {blockData=conID: 3 locID: 102655680532644261 bcsId: 1003} | ret=SUCCESS |  
2019-08-21 15:29:37,505 | INFO  | DNAudit | user=null | ip=null | op=WRITE_CHUNK {blockData=conID: 3 locID: 102655680532644261 bcsId: 1003} | ret=SUCCESS |  
2019-08-21 15:29:37,505 | INFO  | DNAudit | user=null | ip=null | op=PUT_BLOCK {blockData=[blockId=conID: 3 locID: 102655680532644261 bcsId: 0,size=4194304]} | ret=SUCCESS |  
2019-08-21 15:29:37,505 | INFO  | DNAudit | user=null | ip=null | op=PUT_BLOCK {blockData=[blockId=conID: 3 locID: 102655680532644261 bcsId: 0,size=4194304]} | ret=SUCCESS |  
2019-08-21 15:29:37,507 [grpc-default-executor-4] INFO  client.GrpcClientProtocolClient (GrpcClientProtocolClient.java:onNext(255)) - client-029E50227556->355864cd-7ac5-4934-b366-9756b15dd90f: receive RaftClientReply:client-029E50227556->355864cd-7ac5-4934-b366-9756b15dd90f@group-785BCF25C267, cid=786, SUCCESS, logIndex=0, commits[355864cd-7ac5-4934-b366-9756b15dd90f:c1008, ce4aa411-63c8-4399-99eb-27ce352844f3:c1007, 3eeffb0a-787e-48ec-a2f5-d0c540a89489:c1007]
2019-08-21 15:29:37,517 | INFO  | DNAudit | user=null | ip=null | op=WRITE_CHUNK {blockData=conID: 1 locID: 102655680532644262 bcsId: 0} | ret=SUCCESS |  
2019-08-21 15:29:37,518 | INFO  | DNAudit | user=null | ip=null | op=WRITE_CHUNK {blockData=conID: 1 locID: 102655680532644262 bcsId: 0} | ret=SUCCESS |  
2019-08-21 15:29:37,518 | INFO  | DNAudit | user=null | ip=null | op=WRITE_CHUNK {blockData=conID: 1 locID: 102655680532644262 bcsId: 0} | ret=SUCCESS |  
2019-08-21 15:29:37,518 | INFO  | DNAudit | user=null | ip=null | op=WRITE_CHUNK {blockData=conID: 1 locID: 102655680532644262 bcsId: 0} | ret=SUCCESS |  
2019-08-21 15:29:37,520 | INFO  | DNAudit | user=null | ip=null | op=WRITE_CHUNK {blockData=conID: 1 locID: 102655680532644262 bcsId: 0} | ret=SUCCESS |  
2019-08-21 15:29:37,521 | INFO  | DNAudit | user=null | ip=null | op=WRITE_CHUNK {blockData=conID: 1 locID: 102655680532644262 bcsId: 0} | ret=SUCCESS |  
2019-08-21 15:29:37,530 | INFO  | DNAudit | user=null | ip=null | op=WRITE_CHUNK {blockData=conID: 1 locID: 102655680532644262 bcsId: 0} | ret=SUCCESS |  
2019-08-21 15:29:37,531 | INFO  | DNAudit | user=null | ip=null | op=PUT_BLOCK {blockData=[blockId=conID: 1 locID: 102655680532644262 bcsId: 0,size=1048576]} | ret=SUCCESS |  
2019-08-21 15:29:37,531 | INFO  | DNAudit | user=null | ip=null | op=WRITE_CHUNK {blockData=conID: 1 locID: 102655680532644262 bcsId: 0} | ret=SUCCESS |  
2019-08-21 15:29:37,532 [grpc-default-executor-0] INFO  client.GrpcClientProtocolClient (GrpcClientProtocolClient.java:onNext(255)) - client-029E50227556->355864cd-7ac5-4934-b366-9756b15dd90f: receive RaftClientReply:client-029E50227556->355864cd-7ac5-4934-b366-9756b15dd90f@group-785BCF25C267, cid=787, SUCCESS, logIndex=1010, commits[355864cd-7ac5-4934-b366-9756b15dd90f:c1011, ce4aa411-63c8-4399-99eb-27ce352844f3:c1009, 3eeffb0a-787e-48ec-a2f5-d0c540a89489:c1009]
2019-08-21 15:29:37,532 | INFO  | DNAudit | user=null | ip=null | op=PUT_BLOCK {blockData=[blockId=conID: 1 locID: 102655680532644262 bcsId: 0,size=2097152]} | ret=SUCCESS |  
2019-08-21 15:29:37,532 | INFO  | DNAudit | user=null | ip=null | op=WRITE_CHUNK {blockData=conID: 1 locID: 102655680532644262 bcsId: 0} | ret=SUCCESS |  
2019-08-21 15:29:37,533 [grpc-default-executor-0] INFO  client.GrpcClientProtocolClient (GrpcClientProtocolClient.java:onNext(255)) - client-029E50227556->355864cd-7ac5-4934-b366-9756b15dd90f: receive RaftClientReply:client-029E50227556->355864cd-7ac5-4934-b366-9756b15dd90f@group-785BCF25C267, cid=788, SUCCESS, logIndex=1011, commits[355864cd-7ac5-4934-b366-9756b15dd90f:c1011, ce4aa411-63c8-4399-99eb-27ce352844f3:c1009, 3eeffb0a-787e-48ec-a2f5-d0c540a89489:c1009]
2019-08-21 15:29:37,533 | INFO  | DNAudit | user=null | ip=null | op=WRITE_CHUNK {blockData=conID: 1 locID: 102655680532644262 bcsId: 0} | ret=SUCCESS |  
2019-08-21 15:29:37,533 | INFO  | DNAudit | user=null | ip=null | op=PUT_BLOCK {blockData=[blockId=conID: 1 locID: 102655680532644262 bcsId: 0,size=1048576]} | ret=SUCCESS |  
2019-08-21 15:29:37,533 | INFO  | DNAudit | user=null | ip=null | op=PUT_BLOCK {blockData=[blockId=conID: 1 locID: 102655680532644262 bcsId: 0,size=1048576]} | ret=SUCCESS |  
2019-08-21 15:29:37,534 | INFO  | DNAudit | user=null | ip=null | op=WRITE_CHUNK {blockData=conID: 1 locID: 102655680532644262 bcsId: 0} | ret=SUCCESS |  
2019-08-21 15:29:37,534 | INFO  | DNAudit | user=null | ip=null | op=WRITE_CHUNK {blockData=conID: 1 locID: 102655680532644262 bcsId: 0} | ret=SUCCESS |  
2019-08-21 15:29:37,534 | INFO  | DNAudit | user=null | ip=null | op=PUT_BLOCK {blockData=[blockId=conID: 1 locID: 102655680532644262 bcsId: 0,size=2097152]} | ret=SUCCESS |  
2019-08-21 15:29:37,534 | INFO  | DNAudit | user=null | ip=null | op=PUT_BLOCK {blockData=[blockId=conID: 1 locID: 102655680532644262 bcsId: 0,size=2097152]} | ret=SUCCESS |  
2019-08-21 15:29:37,534 [grpc-default-executor-0] INFO  client.GrpcClientProtocolClient (GrpcClientProtocolClient.java:onNext(255)) - client-029E50227556->355864cd-7ac5-4934-b366-9756b15dd90f: receive RaftClientReply:client-029E50227556->355864cd-7ac5-4934-b366-9756b15dd90f@group-785BCF25C267, cid=789, SUCCESS, logIndex=1012, commits[355864cd-7ac5-4934-b366-9756b15dd90f:c1013, ce4aa411-63c8-4399-99eb-27ce352844f3:c1009, 3eeffb0a-787e-48ec-a2f5-d0c540a89489:c1009]
2019-08-21 15:29:37,534 [grpc-default-executor-0] INFO  client.GrpcClientProtocolClient (GrpcClientProtocolClient.java:onNext(255)) - client-029E50227556->355864cd-7ac5-4934-b366-9756b15dd90f: receive RaftClientReply:client-029E50227556->355864cd-7ac5-4934-b366-9756b15dd90f@group-785BCF25C267, cid=790, SUCCESS, logIndex=1013, commits[355864cd-7ac5-4934-b366-9756b15dd90f:c1013, ce4aa411-63c8-4399-99eb-27ce352844f3:c1009, 3eeffb0a-787e-48ec-a2f5-d0c540a89489:c1009]
2019-08-21 15:29:37,536 [grpc-default-executor-0] INFO  client.GrpcClientProtocolClient (GrpcClientProtocolClient.java:onNext(255)) - client-029E50227556->355864cd-7ac5-4934-b366-9756b15dd90f: receive RaftClientReply:client-029E50227556->355864cd-7ac5-4934-b366-9756b15dd90f@group-785BCF25C267, cid=791, SUCCESS, logIndex=0, commits[355864cd-7ac5-4934-b366-9756b15dd90f:c1016, ce4aa411-63c8-4399-99eb-27ce352844f3:c1013, 3eeffb0a-787e-48ec-a2f5-d0c540a89489:c1013]
2019-08-21 15:29:37,543 | INFO  | DNAudit | user=null | ip=null | op=WRITE_CHUNK {blockData=conID: 1 locID: 102655680532644262 bcsId: 1013} | ret=SUCCESS |  
2019-08-21 15:29:37,546 | INFO  | DNAudit | user=null | ip=null | op=WRITE_CHUNK {blockData=conID: 1 locID: 102655680532644262 bcsId: 1013} | ret=SUCCESS |  
2019-08-21 15:29:37,546 | INFO  | DNAudit | user=null | ip=null | op=WRITE_CHUNK {blockData=conID: 1 locID: 102655680532644262 bcsId: 1013} | ret=SUCCESS |  
2019-08-21 15:29:37,554 | INFO  | DNAudit | user=null | ip=null | op=WRITE_CHUNK {blockData=conID: 1 locID: 102655680532644262 bcsId: 1013} | ret=SUCCESS |  
2019-08-21 15:29:37,555 | INFO  | DNAudit | user=null | ip=null | op=PUT_BLOCK {blockData=[blockId=conID: 1 locID: 102655680532644262 bcsId: 0,size=3145728]} | ret=SUCCESS |  
2019-08-21 15:29:37,555 [grpc-default-executor-0] INFO  client.GrpcClientProtocolClient (GrpcClientProtocolClient.java:onNext(255)) - client-029E50227556->355864cd-7ac5-4934-b366-9756b15dd90f: receive RaftClientReply:client-029E50227556->355864cd-7ac5-4934-b366-9756b15dd90f@group-785BCF25C267, cid=792, SUCCESS, logIndex=1017, commits[355864cd-7ac5-4934-b366-9756b15dd90f:c1018, ce4aa411-63c8-4399-99eb-27ce352844f3:c1016, 3eeffb0a-787e-48ec-a2f5-d0c540a89489:c1016]
2019-08-21 15:29:37,555 [grpc-default-executor-0] INFO  client.GrpcClientProtocolClient (GrpcClientProtocolClient.java:onNext(255)) - client-029E50227556->355864cd-7ac5-4934-b366-9756b15dd90f: receive RaftClientReply:client-029E50227556->355864cd-7ac5-4934-b366-9756b15dd90f@group-785BCF25C267, cid=793, SUCCESS, logIndex=1018, commits[355864cd-7ac5-4934-b366-9756b15dd90f:c1018, ce4aa411-63c8-4399-99eb-27ce352844f3:c1016, 3eeffb0a-787e-48ec-a2f5-d0c540a89489:c1016]
2019-08-21 15:29:37,562 | INFO  | DNAudit | user=null | ip=null | op=WRITE_CHUNK {blockData=conID: 1 locID: 102655680532644262 bcsId: 1018} | ret=SUCCESS |  
2019-08-21 15:29:37,564 | INFO  | DNAudit | user=null | ip=null | op=WRITE_CHUNK {blockData=conID: 1 locID: 102655680532644262 bcsId: 1013} | ret=SUCCESS |  
2019-08-21 15:29:37,565 | INFO  | DNAudit | user=null | ip=null | op=PUT_BLOCK {blockData=[blockId=conID: 1 locID: 102655680532644262 bcsId: 0,size=3145728]} | ret=SUCCESS |  
2019-08-21 15:29:37,565 | INFO  | DNAudit | user=null | ip=null | op=WRITE_CHUNK {blockData=conID: 1 locID: 102655680532644262 bcsId: 1013} | ret=SUCCESS |  
2019-08-21 15:29:37,565 | INFO  | DNAudit | user=null | ip=null | op=PUT_BLOCK {blockData=[blockId=conID: 1 locID: 102655680532644262 bcsId: 0,size=3145728]} | ret=SUCCESS |  
2019-08-21 15:29:37,566 | INFO  | DNAudit | user=null | ip=null | op=WRITE_CHUNK {blockData=conID: 1 locID: 102655680532644262 bcsId: 1018} | ret=SUCCESS |  
2019-08-21 15:29:37,566 | INFO  | DNAudit | user=null | ip=null | op=WRITE_CHUNK {blockData=conID: 1 locID: 102655680532644262 bcsId: 1018} | ret=SUCCESS |  
2019-08-21 15:29:37,577 | INFO  | DNAudit | user=null | ip=null | op=WRITE_CHUNK {blockData=conID: 1 locID: 102655680532644262 bcsId: 1018} | ret=SUCCESS |  
2019-08-21 15:29:37,578 | INFO  | DNAudit | user=null | ip=null | op=PUT_BLOCK {blockData=[blockId=conID: 1 locID: 102655680532644262 bcsId: 0,size=4194304]} | ret=SUCCESS |  
2019-08-21 15:29:37,578 [grpc-default-executor-4] INFO  client.GrpcClientProtocolClient (GrpcClientProtocolClient.java:onNext(255)) - client-029E50227556->355864cd-7ac5-4934-b366-9756b15dd90f: receive RaftClientReply:client-029E50227556->355864cd-7ac5-4934-b366-9756b15dd90f@group-785BCF25C267, cid=794, SUCCESS, logIndex=1021, commits[355864cd-7ac5-4934-b366-9756b15dd90f:c1022, ce4aa411-63c8-4399-99eb-27ce352844f3:c1018, 3eeffb0a-787e-48ec-a2f5-d0c540a89489:c1018]
2019-08-21 15:29:37,579 [grpc-default-executor-4] INFO  client.GrpcClientProtocolClient (GrpcClientProtocolClient.java:onNext(255)) - client-029E50227556->355864cd-7ac5-4934-b366-9756b15dd90f: receive RaftClientReply:client-029E50227556->355864cd-7ac5-4934-b366-9756b15dd90f@group-785BCF25C267, cid=795, SUCCESS, logIndex=1022, commits[355864cd-7ac5-4934-b366-9756b15dd90f:c1022, ce4aa411-63c8-4399-99eb-27ce352844f3:c1018, 3eeffb0a-787e-48ec-a2f5-d0c540a89489:c1018]
2019-08-21 15:29:37,587 | INFO  | DNAudit | user=null | ip=null | op=WRITE_CHUNK {blockData=conID: 1 locID: 102655680532644262 bcsId: 1018} | ret=SUCCESS |  
2019-08-21 15:29:37,587 | INFO  | DNAudit | user=null | ip=null | op=WRITE_CHUNK {blockData=conID: 1 locID: 102655680532644262 bcsId: 1018} | ret=SUCCESS |  
2019-08-21 15:29:37,587 | INFO  | DNAudit | user=null | ip=null | op=PUT_BLOCK {blockData=[blockId=conID: 1 locID: 102655680532644262 bcsId: 0,size=4194304]} | ret=SUCCESS |  
2019-08-21 15:29:37,588 | INFO  | DNAudit | user=null | ip=null | op=PUT_BLOCK {blockData=[blockId=conID: 1 locID: 102655680532644262 bcsId: 0,size=4194304]} | ret=SUCCESS |  
2019-08-21 15:29:37,588 [grpc-default-executor-4] INFO  client.GrpcClientProtocolClient (GrpcClientProtocolClient.java:onNext(255)) - client-029E50227556->355864cd-7ac5-4934-b366-9756b15dd90f: receive RaftClientReply:client-029E50227556->355864cd-7ac5-4934-b366-9756b15dd90f@group-785BCF25C267, cid=796, SUCCESS, logIndex=0, commits[355864cd-7ac5-4934-b366-9756b15dd90f:c1023, ce4aa411-63c8-4399-99eb-27ce352844f3:c1022, 3eeffb0a-787e-48ec-a2f5-d0c540a89489:c1022]
2019-08-21 15:29:37,599 | INFO  | DNAudit | user=null | ip=null | op=WRITE_CHUNK {blockData=conID: 2 locID: 102655680532644263 bcsId: 0} | ret=SUCCESS |  
2019-08-21 15:29:37,601 | INFO  | DNAudit | user=null | ip=null | op=WRITE_CHUNK {blockData=conID: 2 locID: 102655680532644263 bcsId: 0} | ret=SUCCESS |  
2019-08-21 15:29:37,602 | INFO  | DNAudit | user=null | ip=null | op=WRITE_CHUNK {blockData=conID: 2 locID: 102655680532644263 bcsId: 0} | ret=SUCCESS |  
2019-08-21 15:29:37,603 | INFO  | DNAudit | user=null | ip=null | op=WRITE_CHUNK {blockData=conID: 2 locID: 102655680532644263 bcsId: 0} | ret=SUCCESS |  
2019-08-21 15:29:37,605 | INFO  | DNAudit | user=null | ip=null | op=WRITE_CHUNK {blockData=conID: 2 locID: 102655680532644263 bcsId: 0} | ret=SUCCESS |  
2019-08-21 15:29:37,606 | INFO  | DNAudit | user=null | ip=null | op=WRITE_CHUNK {blockData=conID: 2 locID: 102655680532644263 bcsId: 0} | ret=SUCCESS |  
2019-08-21 15:29:37,629 | INFO  | DNAudit | user=null | ip=null | op=WRITE_CHUNK {blockData=conID: 2 locID: 102655680532644263 bcsId: 0} | ret=SUCCESS |  
2019-08-21 15:29:37,630 | INFO  | DNAudit | user=null | ip=null | op=PUT_BLOCK {blockData=[blockId=conID: 2 locID: 102655680532644263 bcsId: 0,size=1048576]} | ret=SUCCESS |  
2019-08-21 15:29:37,631 | INFO  | DNAudit | user=null | ip=null | op=WRITE_CHUNK {blockData=conID: 2 locID: 102655680532644263 bcsId: 0} | ret=SUCCESS |  
2019-08-21 15:29:37,631 | INFO  | DNAudit | user=null | ip=null | op=WRITE_CHUNK {blockData=conID: 2 locID: 102655680532644263 bcsId: 0} | ret=SUCCESS |  
2019-08-21 15:29:37,631 [grpc-default-executor-4] INFO  client.GrpcClientProtocolClient (GrpcClientProtocolClient.java:onNext(255)) - client-029E50227556->355864cd-7ac5-4934-b366-9756b15dd90f: receive RaftClientReply:client-029E50227556->355864cd-7ac5-4934-b366-9756b15dd90f@group-785BCF25C267, cid=797, SUCCESS, logIndex=1024, commits[355864cd-7ac5-4934-b366-9756b15dd90f:c1025, ce4aa411-63c8-4399-99eb-27ce352844f3:c1023, 3eeffb0a-787e-48ec-a2f5-d0c540a89489:c1023]
2019-08-21 15:29:37,632 | INFO  | DNAudit | user=null | ip=null | op=PUT_BLOCK {blockData=[blockId=conID: 2 locID: 102655680532644263 bcsId: 0,size=2097152]} | ret=SUCCESS |  
2019-08-21 15:29:37,632 | INFO  | DNAudit | user=null | ip=null | op=PUT_BLOCK {blockData=[blockId=conID: 2 locID: 102655680532644263 bcsId: 0,size=1048576]} | ret=SUCCESS |  
2019-08-21 15:29:37,632 | INFO  | DNAudit | user=null | ip=null | op=WRITE_CHUNK {blockData=conID: 2 locID: 102655680532644263 bcsId: 0} | ret=SUCCESS |  
2019-08-21 15:29:37,632 | INFO  | DNAudit | user=null | ip=null | op=PUT_BLOCK {blockData=[blockId=conID: 2 locID: 102655680532644263 bcsId: 0,size=1048576]} | ret=SUCCESS |  
2019-08-21 15:29:37,632 | INFO  | DNAudit | user=null | ip=null | op=WRITE_CHUNK {blockData=conID: 2 locID: 102655680532644263 bcsId: 0} | ret=SUCCESS |  
2019-08-21 15:29:37,633 [grpc-default-executor-4] INFO  client.GrpcClientProtocolClient (GrpcClientProtocolClient.java:onNext(255)) - client-029E50227556->355864cd-7ac5-4934-b366-9756b15dd90f: receive RaftClientReply:client-029E50227556->355864cd-7ac5-4934-b366-9756b15dd90f@group-785BCF25C267, cid=798, SUCCESS, logIndex=1025, commits[355864cd-7ac5-4934-b366-9756b15dd90f:c1027, ce4aa411-63c8-4399-99eb-27ce352844f3:c1023, 3eeffb0a-787e-48ec-a2f5-d0c540a89489:c1023]
2019-08-21 15:29:37,633 | INFO  | DNAudit | user=null | ip=null | op=WRITE_CHUNK {blockData=conID: 2 locID: 102655680532644263 bcsId: 0} | ret=SUCCESS |  
2019-08-21 15:29:37,633 | INFO  | DNAudit | user=null | ip=null | op=PUT_BLOCK {blockData=[blockId=conID: 2 locID: 102655680532644263 bcsId: 0,size=2097152]} | ret=SUCCESS |  
2019-08-21 15:29:37,633 | INFO  | DNAudit | user=null | ip=null | op=PUT_BLOCK {blockData=[blockId=conID: 2 locID: 102655680532644263 bcsId: 0,size=2097152]} | ret=SUCCESS |  
2019-08-21 15:29:37,634 [grpc-default-executor-4] INFO  client.GrpcClientProtocolClient (GrpcClientProtocolClient.java:onNext(255)) - client-029E50227556->355864cd-7ac5-4934-b366-9756b15dd90f: receive RaftClientReply:client-029E50227556->355864cd-7ac5-4934-b366-9756b15dd90f@group-785BCF25C267, cid=799, SUCCESS, logIndex=1026, commits[355864cd-7ac5-4934-b366-9756b15dd90f:c1027, ce4aa411-63c8-4399-99eb-27ce352844f3:c1023, 3eeffb0a-787e-48ec-a2f5-d0c540a89489:c1023]
2019-08-21 15:29:37,634 [grpc-default-executor-4] INFO  client.GrpcClientProtocolClient (GrpcClientProtocolClient.java:onNext(255)) - client-029E50227556->355864cd-7ac5-4934-b366-9756b15dd90f: receive RaftClientReply:client-029E50227556->355864cd-7ac5-4934-b366-9756b15dd90f@group-785BCF25C267, cid=800, SUCCESS, logIndex=1027, commits[355864cd-7ac5-4934-b366-9756b15dd90f:c1027, ce4aa411-63c8-4399-99eb-27ce352844f3:c1023, 3eeffb0a-787e-48ec-a2f5-d0c540a89489:c1025]
2019-08-21 15:29:37,636 [grpc-default-executor-4] INFO  client.GrpcClientProtocolClient (GrpcClientProtocolClient.java:onNext(255)) - client-029E50227556->355864cd-7ac5-4934-b366-9756b15dd90f: receive RaftClientReply:client-029E50227556->355864cd-7ac5-4934-b366-9756b15dd90f@group-785BCF25C267, cid=801, SUCCESS, logIndex=0, commits[355864cd-7ac5-4934-b366-9756b15dd90f:c1031, ce4aa411-63c8-4399-99eb-27ce352844f3:c1027, 3eeffb0a-787e-48ec-a2f5-d0c540a89489:c1027]
2019-08-21 15:29:37,646 | INFO  | DNAudit | user=null | ip=null | op=WRITE_CHUNK {blockData=conID: 2 locID: 102655680532644263 bcsId: 1027} | ret=SUCCESS |  
2019-08-21 15:29:37,649 | INFO  | DNAudit | user=null | ip=null | op=WRITE_CHUNK {blockData=conID: 2 locID: 102655680532644263 bcsId: 1027} | ret=SUCCESS |  
2019-08-21 15:29:37,649 | INFO  | DNAudit | user=null | ip=null | op=WRITE_CHUNK {blockData=conID: 2 locID: 102655680532644263 bcsId: 1027} | ret=SUCCESS |  
2019-08-21 15:29:37,659 | INFO  | DNAudit | user=null | ip=null | op=WRITE_CHUNK {blockData=conID: 2 locID: 102655680532644263 bcsId: 1027} | ret=SUCCESS |  
2019-08-21 15:29:37,659 | INFO  | DNAudit | user=null | ip=null | op=PUT_BLOCK {blockData=[blockId=conID: 2 locID: 102655680532644263 bcsId: 0,size=3145728]} | ret=SUCCESS |  
2019-08-21 15:29:37,660 [grpc-default-executor-4] INFO  client.GrpcClientProtocolClient (GrpcClientProtocolClient.java:onNext(255)) - client-029E50227556->355864cd-7ac5-4934-b366-9756b15dd90f: receive RaftClientReply:client-029E50227556->355864cd-7ac5-4934-b366-9756b15dd90f@group-785BCF25C267, cid=802, SUCCESS, logIndex=1032, commits[355864cd-7ac5-4934-b366-9756b15dd90f:c1033, ce4aa411-63c8-4399-99eb-27ce352844f3:c1031, 3eeffb0a-787e-48ec-a2f5-d0c540a89489:c1031]
2019-08-21 15:29:37,660 [grpc-default-executor-4] INFO  client.GrpcClientProtocolClient (GrpcClientProtocolClient.java:onNext(255)) - client-029E50227556->355864cd-7ac5-4934-b366-9756b15dd90f: receive RaftClientReply:client-029E50227556->355864cd-7ac5-4934-b366-9756b15dd90f@group-785BCF25C267, cid=803, SUCCESS, logIndex=1033, commits[355864cd-7ac5-4934-b366-9756b15dd90f:c1033, ce4aa411-63c8-4399-99eb-27ce352844f3:c1031, 3eeffb0a-787e-48ec-a2f5-d0c540a89489:c1031]
2019-08-21 15:29:37,670 | INFO  | DNAudit | user=null | ip=null | op=WRITE_CHUNK {blockData=conID: 2 locID: 102655680532644263 bcsId: 1033} | ret=SUCCESS |  
2019-08-21 15:29:37,670 | INFO  | DNAudit | user=null | ip=null | op=WRITE_CHUNK {blockData=conID: 2 locID: 102655680532644263 bcsId: 1027} | ret=SUCCESS |  
2019-08-21 15:29:37,670 | INFO  | DNAudit | user=null | ip=null | op=WRITE_CHUNK {blockData=conID: 2 locID: 102655680532644263 bcsId: 1027} | ret=SUCCESS |  
2019-08-21 15:29:37,671 | INFO  | DNAudit | user=null | ip=null | op=PUT_BLOCK {blockData=[blockId=conID: 2 locID: 102655680532644263 bcsId: 0,size=3145728]} | ret=SUCCESS |  
2019-08-21 15:29:37,672 | INFO  | DNAudit | user=null | ip=null | op=PUT_BLOCK {blockData=[blockId=conID: 2 locID: 102655680532644263 bcsId: 0,size=3145728]} | ret=SUCCESS |  
2019-08-21 15:29:37,674 | INFO  | DNAudit | user=null | ip=null | op=WRITE_CHUNK {blockData=conID: 2 locID: 102655680532644263 bcsId: 1033} | ret=SUCCESS |  
2019-08-21 15:29:37,675 | INFO  | DNAudit | user=null | ip=null | op=WRITE_CHUNK {blockData=conID: 2 locID: 102655680532644263 bcsId: 1033} | ret=SUCCESS |  
2019-08-21 15:29:37,690 | INFO  | DNAudit | user=null | ip=null | op=WRITE_CHUNK {blockData=conID: 2 locID: 102655680532644263 bcsId: 1033} | ret=SUCCESS |  
2019-08-21 15:29:37,691 | INFO  | DNAudit | user=null | ip=null | op=PUT_BLOCK {blockData=[blockId=conID: 2 locID: 102655680532644263 bcsId: 0,size=4194304]} | ret=SUCCESS |  
2019-08-21 15:29:37,692 [grpc-default-executor-3] INFO  client.GrpcClientProtocolClient (GrpcClientProtocolClient.java:onNext(255)) - client-029E50227556->355864cd-7ac5-4934-b366-9756b15dd90f: receive RaftClientReply:client-029E50227556->355864cd-7ac5-4934-b366-9756b15dd90f@group-785BCF25C267, cid=804, SUCCESS, logIndex=1036, commits[355864cd-7ac5-4934-b366-9756b15dd90f:c1037, ce4aa411-63c8-4399-99eb-27ce352844f3:c1033, 3eeffb0a-787e-48ec-a2f5-d0c540a89489:c1033]
2019-08-21 15:29:37,693 [grpc-default-executor-3] INFO  client.GrpcClientProtocolClient (GrpcClientProtocolClient.java:onNext(255)) - client-029E50227556->355864cd-7ac5-4934-b366-9756b15dd90f: receive RaftClientReply:client-029E50227556->355864cd-7ac5-4934-b366-9756b15dd90f@group-785BCF25C267, cid=805, SUCCESS, logIndex=1037, commits[355864cd-7ac5-4934-b366-9756b15dd90f:c1037, ce4aa411-63c8-4399-99eb-27ce352844f3:c1033, 3eeffb0a-787e-48ec-a2f5-d0c540a89489:c1033]
2019-08-21 15:29:37,702 | INFO  | DNAudit | user=null | ip=null | op=WRITE_CHUNK {blockData=conID: 2 locID: 102655680532644263 bcsId: 1033} | ret=SUCCESS |  
2019-08-21 15:29:37,702 | INFO  | DNAudit | user=null | ip=null | op=WRITE_CHUNK {blockData=conID: 2 locID: 102655680532644263 bcsId: 1033} | ret=SUCCESS |  
2019-08-21 15:29:37,702 | INFO  | DNAudit | user=null | ip=null | op=PUT_BLOCK {blockData=[blockId=conID: 2 locID: 102655680532644263 bcsId: 0,size=4194304]} | ret=SUCCESS |  
2019-08-21 15:29:37,702 | INFO  | DNAudit | user=null | ip=null | op=PUT_BLOCK {blockData=[blockId=conID: 2 locID: 102655680532644263 bcsId: 0,size=4194304]} | ret=SUCCESS |  
2019-08-21 15:29:37,704 [grpc-default-executor-3] INFO  client.GrpcClientProtocolClient (GrpcClientProtocolClient.java:onNext(255)) - client-029E50227556->355864cd-7ac5-4934-b366-9756b15dd90f: receive RaftClientReply:client-029E50227556->355864cd-7ac5-4934-b366-9756b15dd90f@group-785BCF25C267, cid=806, SUCCESS, logIndex=0, commits[355864cd-7ac5-4934-b366-9756b15dd90f:c1038, ce4aa411-63c8-4399-99eb-27ce352844f3:c1037, 3eeffb0a-787e-48ec-a2f5-d0c540a89489:c1037]
2019-08-21 15:29:37,714 | INFO  | DNAudit | user=null | ip=null | op=WRITE_CHUNK {blockData=conID: 3 locID: 102655680532644264 bcsId: 0} | ret=SUCCESS |  
2019-08-21 15:29:37,717 | INFO  | DNAudit | user=null | ip=null | op=WRITE_CHUNK {blockData=conID: 3 locID: 102655680532644264 bcsId: 0} | ret=SUCCESS |  
2019-08-21 15:29:37,719 | INFO  | DNAudit | user=null | ip=null | op=WRITE_CHUNK {blockData=conID: 3 locID: 102655680532644264 bcsId: 0} | ret=SUCCESS |  
2019-08-21 15:29:37,720 | INFO  | DNAudit | user=null | ip=null | op=WRITE_CHUNK {blockData=conID: 3 locID: 102655680532644264 bcsId: 0} | ret=SUCCESS |  
2019-08-21 15:29:37,722 | INFO  | DNAudit | user=null | ip=null | op=WRITE_CHUNK {blockData=conID: 3 locID: 102655680532644264 bcsId: 0} | ret=SUCCESS |  
2019-08-21 15:29:37,723 | INFO  | DNAudit | user=null | ip=null | op=WRITE_CHUNK {blockData=conID: 3 locID: 102655680532644264 bcsId: 0} | ret=SUCCESS |  
2019-08-21 15:29:37,727 | INFO  | DNAudit | user=null | ip=null | op=WRITE_CHUNK {blockData=conID: 3 locID: 102655680532644264 bcsId: 0} | ret=SUCCESS |  
2019-08-21 15:29:37,728 | INFO  | DNAudit | user=null | ip=null | op=PUT_BLOCK {blockData=[blockId=conID: 3 locID: 102655680532644264 bcsId: 0,size=1048576]} | ret=SUCCESS |  
2019-08-21 15:29:37,729 | INFO  | DNAudit | user=null | ip=null | op=WRITE_CHUNK {blockData=conID: 3 locID: 102655680532644264 bcsId: 0} | ret=SUCCESS |  
2019-08-21 15:29:37,729 [grpc-default-executor-4] INFO  client.GrpcClientProtocolClient (GrpcClientProtocolClient.java:onNext(255)) - client-029E50227556->355864cd-7ac5-4934-b366-9756b15dd90f: receive RaftClientReply:client-029E50227556->355864cd-7ac5-4934-b366-9756b15dd90f@group-785BCF25C267, cid=807, SUCCESS, logIndex=1040, commits[355864cd-7ac5-4934-b366-9756b15dd90f:c1041, ce4aa411-63c8-4399-99eb-27ce352844f3:c1039, 3eeffb0a-787e-48ec-a2f5-d0c540a89489:c1039]
2019-08-21 15:29:37,729 | INFO  | DNAudit | user=null | ip=null | op=WRITE_CHUNK {blockData=conID: 3 locID: 102655680532644264 bcsId: 0} | ret=SUCCESS |  
2019-08-21 15:29:37,730 | INFO  | DNAudit | user=null | ip=null | op=WRITE_CHUNK {blockData=conID: 3 locID: 102655680532644264 bcsId: 0} | ret=SUCCESS |  
2019-08-21 15:29:37,730 | INFO  | DNAudit | user=null | ip=null | op=PUT_BLOCK {blockData=[blockId=conID: 3 locID: 102655680532644264 bcsId: 0,size=2097152]} | ret=SUCCESS |  
2019-08-21 15:29:37,730 [grpc-default-executor-4] INFO  client.GrpcClientProtocolClient (GrpcClientProtocolClient.java:onNext(255)) - client-029E50227556->355864cd-7ac5-4934-b366-9756b15dd90f: receive RaftClientReply:client-029E50227556->355864cd-7ac5-4934-b366-9756b15dd90f@group-785BCF25C267, cid=808, SUCCESS, logIndex=1041, commits[355864cd-7ac5-4934-b366-9756b15dd90f:c1043, ce4aa411-63c8-4399-99eb-27ce352844f3:c1039, 3eeffb0a-787e-48ec-a2f5-d0c540a89489:c1039]
2019-08-21 15:29:37,730 | INFO  | DNAudit | user=null | ip=null | op=PUT_BLOCK {blockData=[blockId=conID: 3 locID: 102655680532644264 bcsId: 0,size=1048576]} | ret=SUCCESS |  
2019-08-21 15:29:37,730 | INFO  | DNAudit | user=null | ip=null | op=PUT_BLOCK {blockData=[blockId=conID: 3 locID: 102655680532644264 bcsId: 0,size=1048576]} | ret=SUCCESS |  
2019-08-21 15:29:37,731 | INFO  | DNAudit | user=null | ip=null | op=WRITE_CHUNK {blockData=conID: 3 locID: 102655680532644264 bcsId: 0} | ret=SUCCESS |  
2019-08-21 15:29:37,731 [grpc-default-executor-4] INFO  client.GrpcClientProtocolClient (GrpcClientProtocolClient.java:onNext(255)) - client-029E50227556->355864cd-7ac5-4934-b366-9756b15dd90f: receive RaftClientReply:client-029E50227556->355864cd-7ac5-4934-b366-9756b15dd90f@group-785BCF25C267, cid=809, SUCCESS, logIndex=1042, commits[355864cd-7ac5-4934-b366-9756b15dd90f:c1043, ce4aa411-63c8-4399-99eb-27ce352844f3:c1039, 3eeffb0a-787e-48ec-a2f5-d0c540a89489:c1039]
2019-08-21 15:29:37,731 | INFO  | DNAudit | user=null | ip=null | op=WRITE_CHUNK {blockData=conID: 3 locID: 102655680532644264 bcsId: 0} | ret=SUCCESS |  
2019-08-21 15:29:37,731 | INFO  | DNAudit | user=null | ip=null | op=PUT_BLOCK {blockData=[blockId=conID: 3 locID: 102655680532644264 bcsId: 0,size=2097152]} | ret=SUCCESS |  
2019-08-21 15:29:37,731 | INFO  | DNAudit | user=null | ip=null | op=PUT_BLOCK {blockData=[blockId=conID: 3 locID: 102655680532644264 bcsId: 0,size=2097152]} | ret=SUCCESS |  
2019-08-21 15:29:37,731 [grpc-default-executor-4] INFO  client.GrpcClientProtocolClient (GrpcClientProtocolClient.java:onNext(255)) - client-029E50227556->355864cd-7ac5-4934-b366-9756b15dd90f: receive RaftClientReply:client-029E50227556->355864cd-7ac5-4934-b366-9756b15dd90f@group-785BCF25C267, cid=810, SUCCESS, logIndex=1043, commits[355864cd-7ac5-4934-b366-9756b15dd90f:c1044, ce4aa411-63c8-4399-99eb-27ce352844f3:c1041, 3eeffb0a-787e-48ec-a2f5-d0c540a89489:c1039]
2019-08-21 15:29:37,733 [grpc-default-executor-4] INFO  client.GrpcClientProtocolClient (GrpcClientProtocolClient.java:onNext(255)) - client-029E50227556->355864cd-7ac5-4934-b366-9756b15dd90f: receive RaftClientReply:client-029E50227556->355864cd-7ac5-4934-b366-9756b15dd90f@group-785BCF25C267, cid=811, SUCCESS, logIndex=0, commits[355864cd-7ac5-4934-b366-9756b15dd90f:c1046, ce4aa411-63c8-4399-99eb-27ce352844f3:c1043, 3eeffb0a-787e-48ec-a2f5-d0c540a89489:c1043]
2019-08-21 15:29:37,743 | INFO  | DNAudit | user=null | ip=null | op=WRITE_CHUNK {blockData=conID: 3 locID: 102655680532644264 bcsId: 1043} | ret=SUCCESS |  
2019-08-21 15:29:37,747 | INFO  | DNAudit | user=null | ip=null | op=WRITE_CHUNK {blockData=conID: 3 locID: 102655680532644264 bcsId: 1043} | ret=SUCCESS |  
2019-08-21 15:29:37,748 | INFO  | DNAudit | user=null | ip=null | op=WRITE_CHUNK {blockData=conID: 3 locID: 102655680532644264 bcsId: 1043} | ret=SUCCESS |  
2019-08-21 15:29:37,757 | INFO  | DNAudit | user=null | ip=null | op=WRITE_CHUNK {blockData=conID: 3 locID: 102655680532644264 bcsId: 1043} | ret=SUCCESS |  
2019-08-21 15:29:37,757 | INFO  | DNAudit | user=null | ip=null | op=PUT_BLOCK {blockData=[blockId=conID: 3 locID: 102655680532644264 bcsId: 0,size=3145728]} | ret=SUCCESS |  
2019-08-21 15:29:37,758 [grpc-default-executor-0] INFO  client.GrpcClientProtocolClient (GrpcClientProtocolClient.java:onNext(255)) - client-029E50227556->355864cd-7ac5-4934-b366-9756b15dd90f: receive RaftClientReply:client-029E50227556->355864cd-7ac5-4934-b366-9756b15dd90f@group-785BCF25C267, cid=812, SUCCESS, logIndex=1047, commits[355864cd-7ac5-4934-b366-9756b15dd90f:c1048, ce4aa411-63c8-4399-99eb-27ce352844f3:c1046, 3eeffb0a-787e-48ec-a2f5-d0c540a89489:c1046]
2019-08-21 15:29:37,758 [grpc-default-executor-0] INFO  client.GrpcClientProtocolClient (GrpcClientProtocolClient.java:onNext(255)) - client-029E50227556->355864cd-7ac5-4934-b366-9756b15dd90f: receive RaftClientReply:client-029E50227556->355864cd-7ac5-4934-b366-9756b15dd90f@group-785BCF25C267, cid=813, SUCCESS, logIndex=1048, commits[355864cd-7ac5-4934-b366-9756b15dd90f:c1048, ce4aa411-63c8-4399-99eb-27ce352844f3:c1046, 3eeffb0a-787e-48ec-a2f5-d0c540a89489:c1046]
2019-08-21 15:29:37,768 | INFO  | DNAudit | user=null | ip=null | op=WRITE_CHUNK {blockData=conID: 3 locID: 102655680532644264 bcsId: 1048} | ret=SUCCESS |  
2019-08-21 15:29:37,769 | INFO  | DNAudit | user=null | ip=null | op=WRITE_CHUNK {blockData=conID: 3 locID: 102655680532644264 bcsId: 1043} | ret=SUCCESS |  
2019-08-21 15:29:37,769 | INFO  | DNAudit | user=null | ip=null | op=WRITE_CHUNK {blockData=conID: 3 locID: 102655680532644264 bcsId: 1043} | ret=SUCCESS |  
2019-08-21 15:29:37,769 | INFO  | DNAudit | user=null | ip=null | op=PUT_BLOCK {blockData=[blockId=conID: 3 locID: 102655680532644264 bcsId: 0,size=3145728]} | ret=SUCCESS |  
2019-08-21 15:29:37,769 | INFO  | DNAudit | user=null | ip=null | op=PUT_BLOCK {blockData=[blockId=conID: 3 locID: 102655680532644264 bcsId: 0,size=3145728]} | ret=SUCCESS |  
2019-08-21 15:29:37,772 | INFO  | DNAudit | user=null | ip=null | op=WRITE_CHUNK {blockData=conID: 3 locID: 102655680532644264 bcsId: 1048} | ret=SUCCESS |  
2019-08-21 15:29:37,773 | INFO  | DNAudit | user=null | ip=null | op=WRITE_CHUNK {blockData=conID: 3 locID: 102655680532644264 bcsId: 1048} | ret=SUCCESS |  
2019-08-21 15:29:37,784 | INFO  | DNAudit | user=null | ip=null | op=WRITE_CHUNK {blockData=conID: 3 locID: 102655680532644264 bcsId: 1048} | ret=SUCCESS |  
2019-08-21 15:29:37,785 | INFO  | DNAudit | user=null | ip=null | op=PUT_BLOCK {blockData=[blockId=conID: 3 locID: 102655680532644264 bcsId: 0,size=4194304]} | ret=SUCCESS |  
2019-08-21 15:29:37,785 [grpc-default-executor-3] INFO  client.GrpcClientProtocolClient (GrpcClientProtocolClient.java:onNext(255)) - client-029E50227556->355864cd-7ac5-4934-b366-9756b15dd90f: receive RaftClientReply:client-029E50227556->355864cd-7ac5-4934-b366-9756b15dd90f@group-785BCF25C267, cid=814, SUCCESS, logIndex=1051, commits[355864cd-7ac5-4934-b366-9756b15dd90f:c1052, ce4aa411-63c8-4399-99eb-27ce352844f3:c1048, 3eeffb0a-787e-48ec-a2f5-d0c540a89489:c1048]
2019-08-21 15:29:37,786 [grpc-default-executor-3] INFO  client.GrpcClientProtocolClient (GrpcClientProtocolClient.java:onNext(255)) - client-029E50227556->355864cd-7ac5-4934-b366-9756b15dd90f: receive RaftClientReply:client-029E50227556->355864cd-7ac5-4934-b366-9756b15dd90f@group-785BCF25C267, cid=815, SUCCESS, logIndex=1052, commits[355864cd-7ac5-4934-b366-9756b15dd90f:c1052, ce4aa411-63c8-4399-99eb-27ce352844f3:c1048, 3eeffb0a-787e-48ec-a2f5-d0c540a89489:c1048]
2019-08-21 15:29:37,796 | INFO  | DNAudit | user=null | ip=null | op=WRITE_CHUNK {blockData=conID: 3 locID: 102655680532644264 bcsId: 1048} | ret=SUCCESS |  
2019-08-21 15:29:37,796 | INFO  | DNAudit | user=null | ip=null | op=WRITE_CHUNK {blockData=conID: 3 locID: 102655680532644264 bcsId: 1048} | ret=SUCCESS |  
2019-08-21 15:29:37,797 | INFO  | DNAudit | user=null | ip=null | op=PUT_BLOCK {blockData=[blockId=conID: 3 locID: 102655680532644264 bcsId: 0,size=4194304]} | ret=SUCCESS |  
2019-08-21 15:29:37,797 | INFO  | DNAudit | user=null | ip=null | op=PUT_BLOCK {blockData=[blockId=conID: 3 locID: 102655680532644264 bcsId: 0,size=4194304]} | ret=SUCCESS |  
2019-08-21 15:29:37,797 [grpc-default-executor-3] INFO  client.GrpcClientProtocolClient (GrpcClientProtocolClient.java:onNext(255)) - client-029E50227556->355864cd-7ac5-4934-b366-9756b15dd90f: receive RaftClientReply:client-029E50227556->355864cd-7ac5-4934-b366-9756b15dd90f@group-785BCF25C267, cid=816, SUCCESS, logIndex=0, commits[355864cd-7ac5-4934-b366-9756b15dd90f:c1053, ce4aa411-63c8-4399-99eb-27ce352844f3:c1052, 3eeffb0a-787e-48ec-a2f5-d0c540a89489:c1052]
2019-08-21 15:29:37,811 | INFO  | DNAudit | user=null | ip=null | op=WRITE_CHUNK {blockData=conID: 1 locID: 102655680532709801 bcsId: 0} | ret=SUCCESS |  
2019-08-21 15:29:37,814 | INFO  | DNAudit | user=null | ip=null | op=WRITE_CHUNK {blockData=conID: 1 locID: 102655680532709801 bcsId: 0} | ret=SUCCESS |  
2019-08-21 15:29:37,815 | INFO  | DNAudit | user=null | ip=null | op=WRITE_CHUNK {blockData=conID: 1 locID: 102655680532709801 bcsId: 0} | ret=SUCCESS |  
2019-08-21 15:29:37,816 | INFO  | DNAudit | user=null | ip=null | op=WRITE_CHUNK {blockData=conID: 1 locID: 102655680532709801 bcsId: 0} | ret=SUCCESS |  
2019-08-21 15:29:37,819 | INFO  | DNAudit | user=null | ip=null | op=WRITE_CHUNK {blockData=conID: 1 locID: 102655680532709801 bcsId: 0} | ret=SUCCESS |  
2019-08-21 15:29:37,819 | INFO  | DNAudit | user=null | ip=null | op=WRITE_CHUNK {blockData=conID: 1 locID: 102655680532709801 bcsId: 0} | ret=SUCCESS |  
2019-08-21 15:29:37,823 | INFO  | DNAudit | user=null | ip=null | op=WRITE_CHUNK {blockData=conID: 1 locID: 102655680532709801 bcsId: 0} | ret=SUCCESS |  
2019-08-21 15:29:37,823 | INFO  | DNAudit | user=null | ip=null | op=PUT_BLOCK {blockData=[blockId=conID: 1 locID: 102655680532709801 bcsId: 0,size=1048576]} | ret=SUCCESS |  
2019-08-21 15:29:37,824 | INFO  | DNAudit | user=null | ip=null | op=WRITE_CHUNK {blockData=conID: 1 locID: 102655680532709801 bcsId: 0} | ret=SUCCESS |  
2019-08-21 15:29:37,824 [grpc-default-executor-0] INFO  client.GrpcClientProtocolClient (GrpcClientProtocolClient.java:onNext(255)) - client-029E50227556->355864cd-7ac5-4934-b366-9756b15dd90f: receive RaftClientReply:client-029E50227556->355864cd-7ac5-4934-b366-9756b15dd90f@group-785BCF25C267, cid=817, SUCCESS, logIndex=1055, commits[355864cd-7ac5-4934-b366-9756b15dd90f:c1056, ce4aa411-63c8-4399-99eb-27ce352844f3:c1054, 3eeffb0a-787e-48ec-a2f5-d0c540a89489:c1054]
2019-08-21 15:29:37,824 | INFO  | DNAudit | user=null | ip=null | op=PUT_BLOCK {blockData=[blockId=conID: 1 locID: 102655680532709801 bcsId: 0,size=2097152]} | ret=SUCCESS |  
2019-08-21 15:29:37,824 | INFO  | DNAudit | user=null | ip=null | op=WRITE_CHUNK {blockData=conID: 1 locID: 102655680532709801 bcsId: 0} | ret=SUCCESS |  
2019-08-21 15:29:37,824 | INFO  | DNAudit | user=null | ip=null | op=WRITE_CHUNK {blockData=conID: 1 locID: 102655680532709801 bcsId: 0} | ret=SUCCESS |  
2019-08-21 15:29:37,824 | INFO  | DNAudit | user=null | ip=null | op=PUT_BLOCK {blockData=[blockId=conID: 1 locID: 102655680532709801 bcsId: 0,size=1048576]} | ret=SUCCESS |  
2019-08-21 15:29:37,825 [grpc-default-executor-0] INFO  client.GrpcClientProtocolClient (GrpcClientProtocolClient.java:onNext(255)) - client-029E50227556->355864cd-7ac5-4934-b366-9756b15dd90f: receive RaftClientReply:client-029E50227556->355864cd-7ac5-4934-b366-9756b15dd90f@group-785BCF25C267, cid=818, SUCCESS, logIndex=1056, commits[355864cd-7ac5-4934-b366-9756b15dd90f:c1058, ce4aa411-63c8-4399-99eb-27ce352844f3:c1054, 3eeffb0a-787e-48ec-a2f5-d0c540a89489:c1054]
2019-08-21 15:29:37,826 | INFO  | DNAudit | user=null | ip=null | op=WRITE_CHUNK {blockData=conID: 1 locID: 102655680532709801 bcsId: 0} | ret=SUCCESS |  
2019-08-21 15:29:37,826 | INFO  | DNAudit | user=null | ip=null | op=PUT_BLOCK {blockData=[blockId=conID: 1 locID: 102655680532709801 bcsId: 0,size=1048576]} | ret=SUCCESS |  
2019-08-21 15:29:37,826 | INFO  | DNAudit | user=null | ip=null | op=WRITE_CHUNK {blockData=conID: 1 locID: 102655680532709801 bcsId: 0} | ret=SUCCESS |  
2019-08-21 15:29:37,826 | INFO  | DNAudit | user=null | ip=null | op=PUT_BLOCK {blockData=[blockId=conID: 1 locID: 102655680532709801 bcsId: 0,size=2097152]} | ret=SUCCESS |  
2019-08-21 15:29:37,826 | INFO  | DNAudit | user=null | ip=null | op=PUT_BLOCK {blockData=[blockId=conID: 1 locID: 102655680532709801 bcsId: 0,size=2097152]} | ret=SUCCESS |  
2019-08-21 15:29:37,827 [grpc-default-executor-0] INFO  client.GrpcClientProtocolClient (GrpcClientProtocolClient.java:onNext(255)) - client-029E50227556->355864cd-7ac5-4934-b366-9756b15dd90f: receive RaftClientReply:client-029E50227556->355864cd-7ac5-4934-b366-9756b15dd90f@group-785BCF25C267, cid=819, SUCCESS, logIndex=1057, commits[355864cd-7ac5-4934-b366-9756b15dd90f:c1058, ce4aa411-63c8-4399-99eb-27ce352844f3:c1054, 3eeffb0a-787e-48ec-a2f5-d0c540a89489:c1054]
2019-08-21 15:29:37,827 [grpc-default-executor-0] INFO  client.GrpcClientProtocolClient (GrpcClientProtocolClient.java:onNext(255)) - client-029E50227556->355864cd-7ac5-4934-b366-9756b15dd90f: receive RaftClientReply:client-029E50227556->355864cd-7ac5-4934-b366-9756b15dd90f@group-785BCF25C267, cid=820, SUCCESS, logIndex=1058, commits[355864cd-7ac5-4934-b366-9756b15dd90f:c1058, ce4aa411-63c8-4399-99eb-27ce352844f3:c1054, 3eeffb0a-787e-48ec-a2f5-d0c540a89489:c1054]
2019-08-21 15:29:37,829 [grpc-default-executor-0] INFO  client.GrpcClientProtocolClient (GrpcClientProtocolClient.java:onNext(255)) - client-029E50227556->355864cd-7ac5-4934-b366-9756b15dd90f: receive RaftClientReply:client-029E50227556->355864cd-7ac5-4934-b366-9756b15dd90f@group-785BCF25C267, cid=821, SUCCESS, logIndex=0, commits[355864cd-7ac5-4934-b366-9756b15dd90f:c1062, ce4aa411-63c8-4399-99eb-27ce352844f3:c1058, 3eeffb0a-787e-48ec-a2f5-d0c540a89489:c1058]
2019-08-21 15:29:37,839 | INFO  | DNAudit | user=null | ip=null | op=WRITE_CHUNK {blockData=conID: 1 locID: 102655680532709801 bcsId: 1058} | ret=SUCCESS |  
2019-08-21 15:29:37,843 | INFO  | DNAudit | user=null | ip=null | op=WRITE_CHUNK {blockData=conID: 1 locID: 102655680532709801 bcsId: 1058} | ret=SUCCESS |  
2019-08-21 15:29:37,844 | INFO  | DNAudit | user=null | ip=null | op=WRITE_CHUNK {blockData=conID: 1 locID: 102655680532709801 bcsId: 1058} | ret=SUCCESS |  
2019-08-21 15:29:37,851 | INFO  | DNAudit | user=null | ip=null | op=WRITE_CHUNK {blockData=conID: 1 locID: 102655680532709801 bcsId: 1058} | ret=SUCCESS |  
2019-08-21 15:29:37,851 | INFO  | DNAudit | user=null | ip=null | op=PUT_BLOCK {blockData=[blockId=conID: 1 locID: 102655680532709801 bcsId: 0,size=3145728]} | ret=SUCCESS |  
2019-08-21 15:29:37,852 [grpc-default-executor-3] INFO  client.GrpcClientProtocolClient (GrpcClientProtocolClient.java:onNext(255)) - client-029E50227556->355864cd-7ac5-4934-b366-9756b15dd90f: receive RaftClientReply:client-029E50227556->355864cd-7ac5-4934-b366-9756b15dd90f@group-785BCF25C267, cid=822, SUCCESS, logIndex=1063, commits[355864cd-7ac5-4934-b366-9756b15dd90f:c1064, ce4aa411-63c8-4399-99eb-27ce352844f3:c1058, 3eeffb0a-787e-48ec-a2f5-d0c540a89489:c1062]
2019-08-21 15:29:37,852 [grpc-default-executor-3] INFO  client.GrpcClientProtocolClient (GrpcClientProtocolClient.java:onNext(255)) - client-029E50227556->355864cd-7ac5-4934-b366-9756b15dd90f: receive RaftClientReply:client-029E50227556->355864cd-7ac5-4934-b366-9756b15dd90f@group-785BCF25C267, cid=823, SUCCESS, logIndex=1064, commits[355864cd-7ac5-4934-b366-9756b15dd90f:c1064, ce4aa411-63c8-4399-99eb-27ce352844f3:c1062, 3eeffb0a-787e-48ec-a2f5-d0c540a89489:c1062]
2019-08-21 15:29:37,861 | INFO  | DNAudit | user=null | ip=null | op=WRITE_CHUNK {blockData=conID: 1 locID: 102655680532709801 bcsId: 1058} | ret=SUCCESS |  
2019-08-21 15:29:37,861 | INFO  | DNAudit | user=null | ip=null | op=WRITE_CHUNK {blockData=conID: 1 locID: 102655680532709801 bcsId: 1058} | ret=SUCCESS |  
2019-08-21 15:29:37,861 | INFO  | DNAudit | user=null | ip=null | op=PUT_BLOCK {blockData=[blockId=conID: 1 locID: 102655680532709801 bcsId: 0,size=3145728]} | ret=SUCCESS |  
2019-08-21 15:29:37,862 | INFO  | DNAudit | user=null | ip=null | op=PUT_BLOCK {blockData=[blockId=conID: 1 locID: 102655680532709801 bcsId: 0,size=3145728]} | ret=SUCCESS |  
2019-08-21 15:29:37,863 | INFO  | DNAudit | user=null | ip=null | op=WRITE_CHUNK {blockData=conID: 1 locID: 102655680532709801 bcsId: 1064} | ret=SUCCESS |  
2019-08-21 15:29:37,866 | INFO  | DNAudit | user=null | ip=null | op=WRITE_CHUNK {blockData=conID: 1 locID: 102655680532709801 bcsId: 1064} | ret=SUCCESS |  
2019-08-21 15:29:37,866 | INFO  | DNAudit | user=null | ip=null | op=WRITE_CHUNK {blockData=conID: 1 locID: 102655680532709801 bcsId: 1064} | ret=SUCCESS |  
2019-08-21 15:29:37,874 | INFO  | DNAudit | user=null | ip=null | op=WRITE_CHUNK {blockData=conID: 1 locID: 102655680532709801 bcsId: 1064} | ret=SUCCESS |  
2019-08-21 15:29:37,875 | INFO  | DNAudit | user=null | ip=null | op=PUT_BLOCK {blockData=[blockId=conID: 1 locID: 102655680532709801 bcsId: 0,size=4194304]} | ret=SUCCESS |  
2019-08-21 15:29:37,875 [grpc-default-executor-2] INFO  client.GrpcClientProtocolClient (GrpcClientProtocolClient.java:onNext(255)) - client-029E50227556->355864cd-7ac5-4934-b366-9756b15dd90f: receive RaftClientReply:client-029E50227556->355864cd-7ac5-4934-b366-9756b15dd90f@group-785BCF25C267, cid=824, SUCCESS, logIndex=1067, commits[355864cd-7ac5-4934-b366-9756b15dd90f:c1068, ce4aa411-63c8-4399-99eb-27ce352844f3:c1064, 3eeffb0a-787e-48ec-a2f5-d0c540a89489:c1064]
2019-08-21 15:29:37,876 [grpc-default-executor-2] INFO  client.GrpcClientProtocolClient (GrpcClientProtocolClient.java:onNext(255)) - client-029E50227556->355864cd-7ac5-4934-b366-9756b15dd90f: receive RaftClientReply:client-029E50227556->355864cd-7ac5-4934-b366-9756b15dd90f@group-785BCF25C267, cid=825, SUCCESS, logIndex=1068, commits[355864cd-7ac5-4934-b366-9756b15dd90f:c1068, ce4aa411-63c8-4399-99eb-27ce352844f3:c1064, 3eeffb0a-787e-48ec-a2f5-d0c540a89489:c1064]
2019-08-21 15:29:37,884 | INFO  | DNAudit | user=null | ip=null | op=WRITE_CHUNK {blockData=conID: 1 locID: 102655680532709801 bcsId: 1064} | ret=SUCCESS |  
2019-08-21 15:29:37,885 | INFO  | DNAudit | user=null | ip=null | op=WRITE_CHUNK {blockData=conID: 1 locID: 102655680532709801 bcsId: 1064} | ret=SUCCESS |  
2019-08-21 15:29:37,885 | INFO  | DNAudit | user=null | ip=null | op=PUT_BLOCK {blockData=[blockId=conID: 1 locID: 102655680532709801 bcsId: 0,size=4194304]} | ret=SUCCESS |  
2019-08-21 15:29:37,885 | INFO  | DNAudit | user=null | ip=null | op=PUT_BLOCK {blockData=[blockId=conID: 1 locID: 102655680532709801 bcsId: 0,size=4194304]} | ret=SUCCESS |  
2019-08-21 15:29:37,886 [grpc-default-executor-2] INFO  client.GrpcClientProtocolClient (GrpcClientProtocolClient.java:onNext(255)) - client-029E50227556->355864cd-7ac5-4934-b366-9756b15dd90f: receive RaftClientReply:client-029E50227556->355864cd-7ac5-4934-b366-9756b15dd90f@group-785BCF25C267, cid=826, SUCCESS, logIndex=0, commits[355864cd-7ac5-4934-b366-9756b15dd90f:c1069, ce4aa411-63c8-4399-99eb-27ce352844f3:c1068, 3eeffb0a-787e-48ec-a2f5-d0c540a89489:c1068]
2019-08-21 15:29:37,896 | INFO  | DNAudit | user=null | ip=null | op=WRITE_CHUNK {blockData=conID: 2 locID: 102655680532709802 bcsId: 0} | ret=SUCCESS |  
2019-08-21 15:29:37,899 | INFO  | DNAudit | user=null | ip=null | op=WRITE_CHUNK {blockData=conID: 2 locID: 102655680532709802 bcsId: 0} | ret=SUCCESS |  
2019-08-21 15:29:37,900 | INFO  | DNAudit | user=null | ip=null | op=WRITE_CHUNK {blockData=conID: 2 locID: 102655680532709802 bcsId: 0} | ret=SUCCESS |  
2019-08-21 15:29:37,902 | INFO  | DNAudit | user=null | ip=null | op=WRITE_CHUNK {blockData=conID: 2 locID: 102655680532709802 bcsId: 0} | ret=SUCCESS |  
2019-08-21 15:29:37,905 | INFO  | DNAudit | user=null | ip=null | op=WRITE_CHUNK {blockData=conID: 2 locID: 102655680532709802 bcsId: 0} | ret=SUCCESS |  
2019-08-21 15:29:37,907 | INFO  | DNAudit | user=null | ip=null | op=WRITE_CHUNK {blockData=conID: 2 locID: 102655680532709802 bcsId: 0} | ret=SUCCESS |  
2019-08-21 15:29:37,910 | INFO  | DNAudit | user=null | ip=null | op=WRITE_CHUNK {blockData=conID: 2 locID: 102655680532709802 bcsId: 0} | ret=SUCCESS |  
2019-08-21 15:29:37,911 | INFO  | DNAudit | user=null | ip=null | op=PUT_BLOCK {blockData=[blockId=conID: 2 locID: 102655680532709802 bcsId: 0,size=1048576]} | ret=SUCCESS |  
2019-08-21 15:29:37,912 | INFO  | DNAudit | user=null | ip=null | op=WRITE_CHUNK {blockData=conID: 2 locID: 102655680532709802 bcsId: 0} | ret=SUCCESS |  
2019-08-21 15:29:37,912 | INFO  | DNAudit | user=null | ip=null | op=WRITE_CHUNK {blockData=conID: 2 locID: 102655680532709802 bcsId: 0} | ret=SUCCESS |  
2019-08-21 15:29:37,912 | INFO  | DNAudit | user=null | ip=null | op=PUT_BLOCK {blockData=[blockId=conID: 2 locID: 102655680532709802 bcsId: 0,size=1048576]} | ret=SUCCESS |  
2019-08-21 15:29:37,912 [grpc-default-executor-3] INFO  client.GrpcClientProtocolClient (GrpcClientProtocolClient.java:onNext(255)) - client-029E50227556->355864cd-7ac5-4934-b366-9756b15dd90f: receive RaftClientReply:client-029E50227556->355864cd-7ac5-4934-b366-9756b15dd90f@group-785BCF25C267, cid=827, SUCCESS, logIndex=1071, commits[355864cd-7ac5-4934-b366-9756b15dd90f:c1072, ce4aa411-63c8-4399-99eb-27ce352844f3:c1070, 3eeffb0a-787e-48ec-a2f5-d0c540a89489:c1070]
2019-08-21 15:29:37,912 | INFO  | DNAudit | user=null | ip=null | op=WRITE_CHUNK {blockData=conID: 2 locID: 102655680532709802 bcsId: 0} | ret=SUCCESS |  
2019-08-21 15:29:37,912 | INFO  | DNAudit | user=null | ip=null | op=PUT_BLOCK {blockData=[blockId=conID: 2 locID: 102655680532709802 bcsId: 0,size=2097152]} | ret=SUCCESS |  
2019-08-21 15:29:37,913 | INFO  | DNAudit | user=null | ip=null | op=PUT_BLOCK {blockData=[blockId=conID: 2 locID: 102655680532709802 bcsId: 0,size=1048576]} | ret=SUCCESS |  
2019-08-21 15:29:37,913 [grpc-default-executor-2] INFO  client.GrpcClientProtocolClient (GrpcClientProtocolClient.java:onNext(255)) - client-029E50227556->355864cd-7ac5-4934-b366-9756b15dd90f: receive RaftClientReply:client-029E50227556->355864cd-7ac5-4934-b366-9756b15dd90f@group-785BCF25C267, cid=828, SUCCESS, logIndex=1072, commits[355864cd-7ac5-4934-b366-9756b15dd90f:c1072, ce4aa411-63c8-4399-99eb-27ce352844f3:c1070, 3eeffb0a-787e-48ec-a2f5-d0c540a89489:c1070]
2019-08-21 15:29:37,914 | INFO  | DNAudit | user=null | ip=null | op=WRITE_CHUNK {blockData=conID: 2 locID: 102655680532709802 bcsId: 0} | ret=SUCCESS |  
2019-08-21 15:29:37,914 | INFO  | DNAudit | user=null | ip=null | op=PUT_BLOCK {blockData=[blockId=conID: 2 locID: 102655680532709802 bcsId: 0,size=2097152]} | ret=SUCCESS |  
2019-08-21 15:29:37,914 | INFO  | DNAudit | user=null | ip=null | op=WRITE_CHUNK {blockData=conID: 2 locID: 102655680532709802 bcsId: 0} | ret=SUCCESS |  
2019-08-21 15:29:37,914 | INFO  | DNAudit | user=null | ip=null | op=PUT_BLOCK {blockData=[blockId=conID: 2 locID: 102655680532709802 bcsId: 0,size=2097152]} | ret=SUCCESS |  
2019-08-21 15:29:37,914 [grpc-default-executor-2] INFO  client.GrpcClientProtocolClient (GrpcClientProtocolClient.java:onNext(255)) - client-029E50227556->355864cd-7ac5-4934-b366-9756b15dd90f: receive RaftClientReply:client-029E50227556->355864cd-7ac5-4934-b366-9756b15dd90f@group-785BCF25C267, cid=829, SUCCESS, logIndex=1073, commits[355864cd-7ac5-4934-b366-9756b15dd90f:c1074, ce4aa411-63c8-4399-99eb-27ce352844f3:c1070, 3eeffb0a-787e-48ec-a2f5-d0c540a89489:c1070]
2019-08-21 15:29:37,915 [grpc-default-executor-2] INFO  client.GrpcClientProtocolClient (GrpcClientProtocolClient.java:onNext(255)) - client-029E50227556->355864cd-7ac5-4934-b366-9756b15dd90f: receive RaftClientReply:client-029E50227556->355864cd-7ac5-4934-b366-9756b15dd90f@group-785BCF25C267, cid=830, SUCCESS, logIndex=1074, commits[355864cd-7ac5-4934-b366-9756b15dd90f:c1075, ce4aa411-63c8-4399-99eb-27ce352844f3:c1070, 3eeffb0a-787e-48ec-a2f5-d0c540a89489:c1072]
2019-08-21 15:29:37,917 [grpc-default-executor-2] INFO  client.GrpcClientProtocolClient (GrpcClientProtocolClient.java:onNext(255)) - client-029E50227556->355864cd-7ac5-4934-b366-9756b15dd90f: receive RaftClientReply:client-029E50227556->355864cd-7ac5-4934-b366-9756b15dd90f@group-785BCF25C267, cid=831, SUCCESS, logIndex=0, commits[355864cd-7ac5-4934-b366-9756b15dd90f:c1077, ce4aa411-63c8-4399-99eb-27ce352844f3:c1074, 3eeffb0a-787e-48ec-a2f5-d0c540a89489:c1074]
2019-08-21 15:29:37,927 | INFO  | DNAudit | user=null | ip=null | op=WRITE_CHUNK {blockData=conID: 2 locID: 102655680532709802 bcsId: 1074} | ret=SUCCESS |  
2019-08-21 15:29:37,931 | INFO  | DNAudit | user=null | ip=null | op=WRITE_CHUNK {blockData=conID: 2 locID: 102655680532709802 bcsId: 1074} | ret=SUCCESS |  
2019-08-21 15:29:37,932 | INFO  | DNAudit | user=null | ip=null | op=WRITE_CHUNK {blockData=conID: 2 locID: 102655680532709802 bcsId: 1074} | ret=SUCCESS |  
2019-08-21 15:29:37,940 | INFO  | DNAudit | user=null | ip=null | op=WRITE_CHUNK {blockData=conID: 2 locID: 102655680532709802 bcsId: 1074} | ret=SUCCESS |  
2019-08-21 15:29:37,941 | INFO  | DNAudit | user=null | ip=null | op=PUT_BLOCK {blockData=[blockId=conID: 2 locID: 102655680532709802 bcsId: 0,size=3145728]} | ret=SUCCESS |  
2019-08-21 15:29:37,941 [grpc-default-executor-2] INFO  client.GrpcClientProtocolClient (GrpcClientProtocolClient.java:onNext(255)) - client-029E50227556->355864cd-7ac5-4934-b366-9756b15dd90f: receive RaftClientReply:client-029E50227556->355864cd-7ac5-4934-b366-9756b15dd90f@group-785BCF25C267, cid=832, SUCCESS, logIndex=1078, commits[355864cd-7ac5-4934-b366-9756b15dd90f:c1079, ce4aa411-63c8-4399-99eb-27ce352844f3:c1077, 3eeffb0a-787e-48ec-a2f5-d0c540a89489:c1077]
2019-08-21 15:29:37,942 [grpc-default-executor-2] INFO  client.GrpcClientProtocolClient (GrpcClientProtocolClient.java:onNext(255)) - client-029E50227556->355864cd-7ac5-4934-b366-9756b15dd90f: receive RaftClientReply:client-029E50227556->355864cd-7ac5-4934-b366-9756b15dd90f@group-785BCF25C267, cid=833, SUCCESS, logIndex=1079, commits[355864cd-7ac5-4934-b366-9756b15dd90f:c1079, ce4aa411-63c8-4399-99eb-27ce352844f3:c1077, 3eeffb0a-787e-48ec-a2f5-d0c540a89489:c1077]
2019-08-21 15:29:37,952 | INFO  | DNAudit | user=null | ip=null | op=WRITE_CHUNK {blockData=conID: 2 locID: 102655680532709802 bcsId: 1074} | ret=SUCCESS |  
2019-08-21 15:29:37,952 | INFO  | DNAudit | user=null | ip=null | op=WRITE_CHUNK {blockData=conID: 2 locID: 102655680532709802 bcsId: 1074} | ret=SUCCESS |  
2019-08-21 15:29:37,953 | INFO  | DNAudit | user=null | ip=null | op=WRITE_CHUNK {blockData=conID: 2 locID: 102655680532709802 bcsId: 1079} | ret=SUCCESS |  
2019-08-21 15:29:37,953 | INFO  | DNAudit | user=null | ip=null | op=PUT_BLOCK {blockData=[blockId=conID: 2 locID: 102655680532709802 bcsId: 0,size=3145728]} | ret=SUCCESS |  
2019-08-21 15:29:37,954 | INFO  | DNAudit | user=null | ip=null | op=PUT_BLOCK {blockData=[blockId=conID: 2 locID: 102655680532709802 bcsId: 0,size=3145728]} | ret=SUCCESS |  
2019-08-21 15:29:37,956 | INFO  | DNAudit | user=null | ip=null | op=WRITE_CHUNK {blockData=conID: 2 locID: 102655680532709802 bcsId: 1079} | ret=SUCCESS |  
2019-08-21 15:29:37,958 | INFO  | DNAudit | user=null | ip=null | op=WRITE_CHUNK {blockData=conID: 2 locID: 102655680532709802 bcsId: 1079} | ret=SUCCESS |  
2019-08-21 15:29:37,969 | INFO  | DNAudit | user=null | ip=null | op=WRITE_CHUNK {blockData=conID: 2 locID: 102655680532709802 bcsId: 1079} | ret=SUCCESS |  
2019-08-21 15:29:37,969 | INFO  | DNAudit | user=null | ip=null | op=PUT_BLOCK {blockData=[blockId=conID: 2 locID: 102655680532709802 bcsId: 0,size=4194304]} | ret=SUCCESS |  
2019-08-21 15:29:37,970 [grpc-default-executor-3] INFO  client.GrpcClientProtocolClient (GrpcClientProtocolClient.java:onNext(255)) - client-029E50227556->355864cd-7ac5-4934-b366-9756b15dd90f: receive RaftClientReply:client-029E50227556->355864cd-7ac5-4934-b366-9756b15dd90f@group-785BCF25C267, cid=834, SUCCESS, logIndex=1082, commits[355864cd-7ac5-4934-b366-9756b15dd90f:c1083, ce4aa411-63c8-4399-99eb-27ce352844f3:c1079, 3eeffb0a-787e-48ec-a2f5-d0c540a89489:c1079]
2019-08-21 15:29:37,971 [grpc-default-executor-3] INFO  client.GrpcClientProtocolClient (GrpcClientProtocolClient.java:onNext(255)) - client-029E50227556->355864cd-7ac5-4934-b366-9756b15dd90f: receive RaftClientReply:client-029E50227556->355864cd-7ac5-4934-b366-9756b15dd90f@group-785BCF25C267, cid=835, SUCCESS, logIndex=1083, commits[355864cd-7ac5-4934-b366-9756b15dd90f:c1083, ce4aa411-63c8-4399-99eb-27ce352844f3:c1079, 3eeffb0a-787e-48ec-a2f5-d0c540a89489:c1079]
2019-08-21 15:29:37,980 | INFO  | DNAudit | user=null | ip=null | op=WRITE_CHUNK {blockData=conID: 2 locID: 102655680532709802 bcsId: 1079} | ret=SUCCESS |  
2019-08-21 15:29:37,980 | INFO  | DNAudit | user=null | ip=null | op=WRITE_CHUNK {blockData=conID: 2 locID: 102655680532709802 bcsId: 1079} | ret=SUCCESS |  
2019-08-21 15:29:37,980 | INFO  | DNAudit | user=null | ip=null | op=PUT_BLOCK {blockData=[blockId=conID: 2 locID: 102655680532709802 bcsId: 0,size=4194304]} | ret=SUCCESS |  
2019-08-21 15:29:37,981 | INFO  | DNAudit | user=null | ip=null | op=PUT_BLOCK {blockData=[blockId=conID: 2 locID: 102655680532709802 bcsId: 0,size=4194304]} | ret=SUCCESS |  
2019-08-21 15:29:37,984 [grpc-default-executor-3] INFO  client.GrpcClientProtocolClient (GrpcClientProtocolClient.java:onNext(255)) - client-029E50227556->355864cd-7ac5-4934-b366-9756b15dd90f: receive RaftClientReply:client-029E50227556->355864cd-7ac5-4934-b366-9756b15dd90f@group-785BCF25C267, cid=836, SUCCESS, logIndex=0, commits[355864cd-7ac5-4934-b366-9756b15dd90f:c1085, ce4aa411-63c8-4399-99eb-27ce352844f3:c1083, 3eeffb0a-787e-48ec-a2f5-d0c540a89489:c1083]
2019-08-21 15:29:37,997 | INFO  | DNAudit | user=null | ip=null | op=WRITE_CHUNK {blockData=conID: 3 locID: 102655680532709803 bcsId: 0} | ret=SUCCESS |  
2019-08-21 15:29:37,999 | INFO  | DNAudit | user=null | ip=null | op=WRITE_CHUNK {blockData=conID: 3 locID: 102655680532709803 bcsId: 0} | ret=SUCCESS |  
2019-08-21 15:29:38,002 | INFO  | DNAudit | user=null | ip=null | op=WRITE_CHUNK {blockData=conID: 3 locID: 102655680532709803 bcsId: 0} | ret=SUCCESS |  
2019-08-21 15:29:38,003 | INFO  | DNAudit | user=null | ip=null | op=WRITE_CHUNK {blockData=conID: 3 locID: 102655680532709803 bcsId: 0} | ret=SUCCESS |  
2019-08-21 15:29:38,007 | INFO  | DNAudit | user=null | ip=null | op=WRITE_CHUNK {blockData=conID: 3 locID: 102655680532709803 bcsId: 0} | ret=SUCCESS |  
2019-08-21 15:29:38,007 | INFO  | DNAudit | user=null | ip=null | op=WRITE_CHUNK {blockData=conID: 3 locID: 102655680532709803 bcsId: 0} | ret=SUCCESS |  
2019-08-21 15:29:38,011 | INFO  | DNAudit | user=null | ip=null | op=WRITE_CHUNK {blockData=conID: 3 locID: 102655680532709803 bcsId: 0} | ret=SUCCESS |  
2019-08-21 15:29:38,012 | INFO  | DNAudit | user=null | ip=null | op=PUT_BLOCK {blockData=[blockId=conID: 3 locID: 102655680532709803 bcsId: 0,size=1048576]} | ret=SUCCESS |  
2019-08-21 15:29:38,012 | INFO  | DNAudit | user=null | ip=null | op=WRITE_CHUNK {blockData=conID: 3 locID: 102655680532709803 bcsId: 0} | ret=SUCCESS |  
2019-08-21 15:29:38,012 | INFO  | DNAudit | user=null | ip=null | op=WRITE_CHUNK {blockData=conID: 3 locID: 102655680532709803 bcsId: 0} | ret=SUCCESS |  
2019-08-21 15:29:38,013 | INFO  | DNAudit | user=null | ip=null | op=WRITE_CHUNK {blockData=conID: 3 locID: 102655680532709803 bcsId: 0} | ret=SUCCESS |  
2019-08-21 15:29:38,013 | INFO  | DNAudit | user=null | ip=null | op=PUT_BLOCK {blockData=[blockId=conID: 3 locID: 102655680532709803 bcsId: 0,size=1048576]} | ret=SUCCESS |  
2019-08-21 15:29:38,013 | INFO  | DNAudit | user=null | ip=null | op=PUT_BLOCK {blockData=[blockId=conID: 3 locID: 102655680532709803 bcsId: 0,size=1048576]} | ret=SUCCESS |  
2019-08-21 15:29:38,013 [grpc-default-executor-3] INFO  client.GrpcClientProtocolClient (GrpcClientProtocolClient.java:onNext(255)) - client-029E50227556->355864cd-7ac5-4934-b366-9756b15dd90f: receive RaftClientReply:client-029E50227556->355864cd-7ac5-4934-b366-9756b15dd90f@group-785BCF25C267, cid=837, SUCCESS, logIndex=1086, commits[355864cd-7ac5-4934-b366-9756b15dd90f:c1087, ce4aa411-63c8-4399-99eb-27ce352844f3:c1085, 3eeffb0a-787e-48ec-a2f5-d0c540a89489:c1085]
2019-08-21 15:29:38,014 | INFO  | DNAudit | user=null | ip=null | op=PUT_BLOCK {blockData=[blockId=conID: 3 locID: 102655680532709803 bcsId: 0,size=2097152]} | ret=SUCCESS |  
2019-08-21 15:29:38,014 [grpc-default-executor-3] INFO  client.GrpcClientProtocolClient (GrpcClientProtocolClient.java:onNext(255)) - client-029E50227556->355864cd-7ac5-4934-b366-9756b15dd90f: receive RaftClientReply:client-029E50227556->355864cd-7ac5-4934-b366-9756b15dd90f@group-785BCF25C267, cid=838, SUCCESS, logIndex=1087, commits[355864cd-7ac5-4934-b366-9756b15dd90f:c1089, ce4aa411-63c8-4399-99eb-27ce352844f3:c1085, 3eeffb0a-787e-48ec-a2f5-d0c540a89489:c1085]
2019-08-21 15:29:38,014 | INFO  | DNAudit | user=null | ip=null | op=WRITE_CHUNK {blockData=conID: 3 locID: 102655680532709803 bcsId: 0} | ret=SUCCESS |  
2019-08-21 15:29:38,015 | INFO  | DNAudit | user=null | ip=null | op=PUT_BLOCK {blockData=[blockId=conID: 3 locID: 102655680532709803 bcsId: 0,size=2097152]} | ret=SUCCESS |  
2019-08-21 15:29:38,015 | INFO  | DNAudit | user=null | ip=null | op=WRITE_CHUNK {blockData=conID: 3 locID: 102655680532709803 bcsId: 0} | ret=SUCCESS |  
2019-08-21 15:29:38,015 | INFO  | DNAudit | user=null | ip=null | op=PUT_BLOCK {blockData=[blockId=conID: 3 locID: 102655680532709803 bcsId: 0,size=2097152]} | ret=SUCCESS |  
2019-08-21 15:29:38,015 [grpc-default-executor-2] INFO  client.GrpcClientProtocolClient (GrpcClientProtocolClient.java:onNext(255)) - client-029E50227556->355864cd-7ac5-4934-b366-9756b15dd90f: receive RaftClientReply:client-029E50227556->355864cd-7ac5-4934-b366-9756b15dd90f@group-785BCF25C267, cid=839, SUCCESS, logIndex=1088, commits[355864cd-7ac5-4934-b366-9756b15dd90f:c1089, ce4aa411-63c8-4399-99eb-27ce352844f3:c1085, 3eeffb0a-787e-48ec-a2f5-d0c540a89489:c1085]
2019-08-21 15:29:38,016 [grpc-default-executor-2] INFO  client.GrpcClientProtocolClient (GrpcClientProtocolClient.java:onNext(255)) - client-029E50227556->355864cd-7ac5-4934-b366-9756b15dd90f: receive RaftClientReply:client-029E50227556->355864cd-7ac5-4934-b366-9756b15dd90f@group-785BCF25C267, cid=840, SUCCESS, logIndex=1089, commits[355864cd-7ac5-4934-b366-9756b15dd90f:c1091, ce4aa411-63c8-4399-99eb-27ce352844f3:c1087, 3eeffb0a-787e-48ec-a2f5-d0c540a89489:c1087]
2019-08-21 15:29:38,030 | INFO  | SCMAudit | user=jenkins1000 | ip=192.168.5.153 | op=SEND_HEARTBEAT {datanodeUUID=a38cd7e0-d792-481c-a4c0-f4feaa89ec8f, command=[]} | ret=SUCCESS |  
2019-08-21 15:29:38,030 | INFO  | SCMAudit | user=jenkins1000 | ip=192.168.5.153 | op=SEND_HEARTBEAT {datanodeUUID=a0074e04-2715-4b16-a2b0-10b5043d27ae, command=[]} | ret=SUCCESS |  
2019-08-21 15:29:38,030 | INFO  | DNAudit | user=null | ip=null | op=WRITE_CHUNK {blockData=conID: 3 locID: 102655680532709803 bcsId: 1089} | ret=SUCCESS |  
2019-08-21 15:29:38,035 | INFO  | DNAudit | user=null | ip=null | op=WRITE_CHUNK {blockData=conID: 3 locID: 102655680532709803 bcsId: 1089} | ret=SUCCESS |  
2019-08-21 15:29:38,035 | INFO  | DNAudit | user=null | ip=null | op=WRITE_CHUNK {blockData=conID: 3 locID: 102655680532709803 bcsId: 1089} | ret=SUCCESS |  
2019-08-21 15:29:38,043 | INFO  | DNAudit | user=null | ip=null | op=WRITE_CHUNK {blockData=conID: 3 locID: 102655680532709803 bcsId: 1089} | ret=SUCCESS |  
2019-08-21 15:29:38,044 | INFO  | DNAudit | user=null | ip=null | op=PUT_BLOCK {blockData=[blockId=conID: 3 locID: 102655680532709803 bcsId: 0,size=3145728]} | ret=SUCCESS |  
2019-08-21 15:29:38,044 [grpc-default-executor-0] INFO  client.GrpcClientProtocolClient (GrpcClientProtocolClient.java:onNext(255)) - client-029E50227556->355864cd-7ac5-4934-b366-9756b15dd90f: receive RaftClientReply:client-029E50227556->355864cd-7ac5-4934-b366-9756b15dd90f@group-785BCF25C267, cid=841, SUCCESS, logIndex=1093, commits[355864cd-7ac5-4934-b366-9756b15dd90f:c1094, ce4aa411-63c8-4399-99eb-27ce352844f3:c1092, 3eeffb0a-787e-48ec-a2f5-d0c540a89489:c1092]
2019-08-21 15:29:38,046 [grpc-default-executor-0] INFO  client.GrpcClientProtocolClient (GrpcClientProtocolClient.java:onNext(255)) - client-029E50227556->355864cd-7ac5-4934-b366-9756b15dd90f: receive RaftClientReply:client-029E50227556->355864cd-7ac5-4934-b366-9756b15dd90f@group-785BCF25C267, cid=842, SUCCESS, logIndex=1094, commits[355864cd-7ac5-4934-b366-9756b15dd90f:c1094, ce4aa411-63c8-4399-99eb-27ce352844f3:c1092, 3eeffb0a-787e-48ec-a2f5-d0c540a89489:c1092]
 0.00% |█                                                                                                    |  0/1 Time: 0:00:032019-08-21 15:29:38,304 | INFO  | DNAudit | user=null | ip=null | op=WRITE_CHUNK {blockData=conID: 3 locID: 102655680532709803 bcsId: 1089} | ret=SUCCESS |  
2019-08-21 15:29:38,305 | INFO  | DNAudit | user=null | ip=null | op=WRITE_CHUNK {blockData=conID: 3 locID: 102655680532709803 bcsId: 1089} | ret=SUCCESS |  
2019-08-21 15:29:38,305 | INFO  | SCMAudit | user=jenkins1000 | ip=192.168.5.153 | op=SEND_HEARTBEAT {datanodeUUID=355864cd-7ac5-4934-b366-9756b15dd90f, command=[]} | ret=SUCCESS |  
2019-08-21 15:29:38,305 | INFO  | SCMAudit | user=jenkins1000 | ip=192.168.5.153 | op=SEND_HEARTBEAT {datanodeUUID=3eeffb0a-787e-48ec-a2f5-d0c540a89489, command=[]} | ret=SUCCESS |  
2019-08-21 15:29:38,305 | INFO  | SCMAudit | user=jenkins1000 | ip=192.168.5.153 | op=SEND_HEARTBEAT {datanodeUUID=ce4aa411-63c8-4399-99eb-27ce352844f3, command=[]} | ret=SUCCESS |  
2019-08-21 15:29:38,313 | INFO  | DNAudit | user=null | ip=null | op=WRITE_CHUNK {blockData=conID: 3 locID: 102655680532709803 bcsId: 1094} | ret=SUCCESS |  
2019-08-21 15:29:38,316 | INFO  | DNAudit | user=null | ip=null | op=PUT_BLOCK {blockData=[blockId=conID: 3 locID: 102655680532709803 bcsId: 0,size=3145728]} | ret=SUCCESS |  
2019-08-21 15:29:38,316 | INFO  | DNAudit | user=null | ip=null | op=PUT_BLOCK {blockData=[blockId=conID: 3 locID: 102655680532709803 bcsId: 0,size=3145728]} | ret=SUCCESS |  
2019-08-21 15:29:38,318 | INFO  | DNAudit | user=null | ip=null | op=WRITE_CHUNK {blockData=conID: 3 locID: 102655680532709803 bcsId: 1094} | ret=SUCCESS |  
2019-08-21 15:29:38,318 | INFO  | DNAudit | user=null | ip=null | op=WRITE_CHUNK {blockData=conID: 3 locID: 102655680532709803 bcsId: 1094} | ret=SUCCESS |  
2019-08-21 15:29:38,331 | INFO  | DNAudit | user=null | ip=null | op=WRITE_CHUNK {blockData=conID: 3 locID: 102655680532709803 bcsId: 1094} | ret=SUCCESS |  
2019-08-21 15:29:38,331 | INFO  | DNAudit | user=null | ip=null | op=PUT_BLOCK {blockData=[blockId=conID: 3 locID: 102655680532709803 bcsId: 0,size=4194304]} | ret=SUCCESS |  
2019-08-21 15:29:38,332 [grpc-default-executor-2] INFO  client.GrpcClientProtocolClient (GrpcClientProtocolClient.java:onNext(255)) - client-029E50227556->355864cd-7ac5-4934-b366-9756b15dd90f: receive RaftClientReply:client-029E50227556->355864cd-7ac5-4934-b366-9756b15dd90f@group-785BCF25C267, cid=843, SUCCESS, logIndex=1097, commits[355864cd-7ac5-4934-b366-9756b15dd90f:c1098, ce4aa411-63c8-4399-99eb-27ce352844f3:c1095, 3eeffb0a-787e-48ec-a2f5-d0c540a89489:c1095]
2019-08-21 15:29:38,332 | INFO  | DNAudit | user=null | ip=null | op=WRITE_CHUNK {blockData=conID: 3 locID: 102655680532709803 bcsId: 1094} | ret=SUCCESS |  
2019-08-21 15:29:38,332 [grpc-default-executor-2] INFO  client.GrpcClientProtocolClient (GrpcClientProtocolClient.java:onNext(255)) - client-029E50227556->355864cd-7ac5-4934-b366-9756b15dd90f: receive RaftClientReply:client-029E50227556->355864cd-7ac5-4934-b366-9756b15dd90f@group-785BCF25C267, cid=844, SUCCESS, logIndex=1098, commits[355864cd-7ac5-4934-b366-9756b15dd90f:c1098, ce4aa411-63c8-4399-99eb-27ce352844f3:c1095, 3eeffb0a-787e-48ec-a2f5-d0c540a89489:c1095]
2019-08-21 15:29:38,333 | INFO  | DNAudit | user=null | ip=null | op=WRITE_CHUNK {blockData=conID: 3 locID: 102655680532709803 bcsId: 1094} | ret=SUCCESS |  
2019-08-21 15:29:38,333 | INFO  | DNAudit | user=null | ip=null | op=PUT_BLOCK {blockData=[blockId=conID: 3 locID: 102655680532709803 bcsId: 0,size=4194304]} | ret=SUCCESS |  
2019-08-21 15:29:38,333 | INFO  | DNAudit | user=null | ip=null | op=PUT_BLOCK {blockData=[blockId=conID: 3 locID: 102655680532709803 bcsId: 0,size=4194304]} | ret=SUCCESS |  
2019-08-21 15:29:38,334 [grpc-default-executor-2] INFO  client.GrpcClientProtocolClient (GrpcClientProtocolClient.java:onNext(255)) - client-029E50227556->355864cd-7ac5-4934-b366-9756b15dd90f: receive RaftClientReply:client-029E50227556->355864cd-7ac5-4934-b366-9756b15dd90f@group-785BCF25C267, cid=845, SUCCESS, logIndex=0, commits[355864cd-7ac5-4934-b366-9756b15dd90f:c1099, ce4aa411-63c8-4399-99eb-27ce352844f3:c1098, 3eeffb0a-787e-48ec-a2f5-d0c540a89489:c1098]
2019-08-21 15:29:38,345 | INFO  | DNAudit | user=null | ip=null | op=WRITE_CHUNK {blockData=conID: 1 locID: 102655680532709804 bcsId: 0} | ret=SUCCESS |  
2019-08-21 15:29:38,348 | INFO  | DNAudit | user=null | ip=null | op=WRITE_CHUNK {blockData=conID: 1 locID: 102655680532709804 bcsId: 0} | ret=SUCCESS |  
2019-08-21 15:29:38,349 | INFO  | DNAudit | user=null | ip=null | op=WRITE_CHUNK {blockData=conID: 1 locID: 102655680532709804 bcsId: 0} | ret=SUCCESS |  
2019-08-21 15:29:38,349 | INFO  | DNAudit | user=null | ip=null | op=WRITE_CHUNK {blockData=conID: 1 locID: 102655680532709804 bcsId: 0} | ret=SUCCESS |  
2019-08-21 15:29:38,353 | INFO  | DNAudit | user=null | ip=null | op=WRITE_CHUNK {blockData=conID: 1 locID: 102655680532709804 bcsId: 0} | ret=SUCCESS |  
2019-08-21 15:29:38,353 | INFO  | DNAudit | user=null | ip=null | op=WRITE_CHUNK {blockData=conID: 1 locID: 102655680532709804 bcsId: 0} | ret=SUCCESS |  
2019-08-21 15:29:38,357 | INFO  | DNAudit | user=null | ip=null | op=WRITE_CHUNK {blockData=conID: 1 locID: 102655680532709804 bcsId: 0} | ret=SUCCESS |  
2019-08-21 15:29:38,358 | INFO  | DNAudit | user=null | ip=null | op=PUT_BLOCK {blockData=[blockId=conID: 1 locID: 102655680532709804 bcsId: 0,size=1048576]} | ret=SUCCESS |  
2019-08-21 15:29:38,359 | INFO  | DNAudit | user=null | ip=null | op=WRITE_CHUNK {blockData=conID: 1 locID: 102655680532709804 bcsId: 0} | ret=SUCCESS |  
2019-08-21 15:29:38,358 [grpc-default-executor-0] INFO  client.GrpcClientProtocolClient (GrpcClientProtocolClient.java:onNext(255)) - client-029E50227556->355864cd-7ac5-4934-b366-9756b15dd90f: receive RaftClientReply:client-029E50227556->355864cd-7ac5-4934-b366-9756b15dd90f@group-785BCF25C267, cid=846, SUCCESS, logIndex=1101, commits[355864cd-7ac5-4934-b366-9756b15dd90f:c1102, ce4aa411-63c8-4399-99eb-27ce352844f3:c1100, 3eeffb0a-787e-48ec-a2f5-d0c540a89489:c1100]
2019-08-21 15:29:38,359 | INFO  | DNAudit | user=null | ip=null | op=PUT_BLOCK {blockData=[blockId=conID: 1 locID: 102655680532709804 bcsId: 0,size=2097152]} | ret=SUCCESS |  
2019-08-21 15:29:38,359 | INFO  | DNAudit | user=null | ip=null | op=WRITE_CHUNK {blockData=conID: 1 locID: 102655680532709804 bcsId: 0} | ret=SUCCESS |  
2019-08-21 15:29:38,359 [grpc-default-executor-0] INFO  client.GrpcClientProtocolClient (GrpcClientProtocolClient.java:onNext(255)) - client-029E50227556->355864cd-7ac5-4934-b366-9756b15dd90f: receive RaftClientReply:client-029E50227556->355864cd-7ac5-4934-b366-9756b15dd90f@group-785BCF25C267, cid=847, SUCCESS, logIndex=1102, commits[355864cd-7ac5-4934-b366-9756b15dd90f:c1104, ce4aa411-63c8-4399-99eb-27ce352844f3:c1100, 3eeffb0a-787e-48ec-a2f5-d0c540a89489:c1100]
2019-08-21 15:29:38,360 | INFO  | DNAudit | user=null | ip=null | op=WRITE_CHUNK {blockData=conID: 1 locID: 102655680532709804 bcsId: 0} | ret=SUCCESS |  
2019-08-21 15:29:38,360 | INFO  | DNAudit | user=null | ip=null | op=PUT_BLOCK {blockData=[blockId=conID: 1 locID: 102655680532709804 bcsId: 0,size=1048576]} | ret=SUCCESS |  
2019-08-21 15:29:38,360 [grpc-default-executor-0] INFO  client.GrpcClientProtocolClient (GrpcClientProtocolClient.java:onNext(255)) - client-029E50227556->355864cd-7ac5-4934-b366-9756b15dd90f: receive RaftClientReply:client-029E50227556->355864cd-7ac5-4934-b366-9756b15dd90f@group-785BCF25C267, cid=848, SUCCESS, logIndex=1103, commits[355864cd-7ac5-4934-b366-9756b15dd90f:c1104, ce4aa411-63c8-4399-99eb-27ce352844f3:c1100, 3eeffb0a-787e-48ec-a2f5-d0c540a89489:c1100]
2019-08-21 15:29:38,360 | INFO  | DNAudit | user=null | ip=null | op=PUT_BLOCK {blockData=[blockId=conID: 1 locID: 102655680532709804 bcsId: 0,size=1048576]} | ret=SUCCESS |  
2019-08-21 15:29:38,361 | INFO  | DNAudit | user=null | ip=null | op=WRITE_CHUNK {blockData=conID: 1 locID: 102655680532709804 bcsId: 0} | ret=SUCCESS |  
2019-08-21 15:29:38,361 [grpc-default-executor-0] INFO  client.GrpcClientProtocolClient (GrpcClientProtocolClient.java:onNext(255)) - client-029E50227556->355864cd-7ac5-4934-b366-9756b15dd90f: receive RaftClientReply:client-029E50227556->355864cd-7ac5-4934-b366-9756b15dd90f@group-785BCF25C267, cid=849, SUCCESS, logIndex=1104, commits[355864cd-7ac5-4934-b366-9756b15dd90f:c1104, ce4aa411-63c8-4399-99eb-27ce352844f3:c1100, 3eeffb0a-787e-48ec-a2f5-d0c540a89489:c1100]
2019-08-21 15:29:38,361 | INFO  | DNAudit | user=null | ip=null | op=PUT_BLOCK {blockData=[blockId=conID: 1 locID: 102655680532709804 bcsId: 0,size=2097152]} | ret=SUCCESS |  
2019-08-21 15:29:38,361 | INFO  | DNAudit | user=null | ip=null | op=WRITE_CHUNK {blockData=conID: 1 locID: 102655680532709804 bcsId: 0} | ret=SUCCESS |  
2019-08-21 15:29:38,361 | INFO  | DNAudit | user=null | ip=null | op=PUT_BLOCK {blockData=[blockId=conID: 1 locID: 102655680532709804 bcsId: 0,size=2097152]} | ret=SUCCESS |  
2019-08-21 15:29:38,372 [grpc-default-executor-3] INFO  client.GrpcClientProtocolClient (GrpcClientProtocolClient.java:onNext(255)) - client-029E50227556->355864cd-7ac5-4934-b366-9756b15dd90f: receive RaftClientReply:client-029E50227556->355864cd-7ac5-4934-b366-9756b15dd90f@group-785BCF25C267, cid=850, SUCCESS, logIndex=0, commits[355864cd-7ac5-4934-b366-9756b15dd90f:c1108, ce4aa411-63c8-4399-99eb-27ce352844f3:c1104, 3eeffb0a-787e-48ec-a2f5-d0c540a89489:c1104]
2019-08-21 15:29:38,381 | INFO  | DNAudit | user=null | ip=null | op=WRITE_CHUNK {blockData=conID: 1 locID: 102655680532709804 bcsId: 1104} | ret=SUCCESS |  
2019-08-21 15:29:38,385 | INFO  | DNAudit | user=null | ip=null | op=WRITE_CHUNK {blockData=conID: 1 locID: 102655680532709804 bcsId: 1104} | ret=SUCCESS |  
2019-08-21 15:29:38,385 | INFO  | DNAudit | user=null | ip=null | op=WRITE_CHUNK {blockData=conID: 1 locID: 102655680532709804 bcsId: 1104} | ret=SUCCESS |  
2019-08-21 15:29:38,394 | INFO  | DNAudit | user=null | ip=null | op=WRITE_CHUNK {blockData=conID: 1 locID: 102655680532709804 bcsId: 1104} | ret=SUCCESS |  
2019-08-21 15:29:38,395 | INFO  | DNAudit | user=null | ip=null | op=PUT_BLOCK {blockData=[blockId=conID: 1 locID: 102655680532709804 bcsId: 0,size=3145728]} | ret=SUCCESS |  
2019-08-21 15:29:38,395 [grpc-default-executor-2] INFO  client.GrpcClientProtocolClient (GrpcClientProtocolClient.java:onNext(255)) - client-029E50227556->355864cd-7ac5-4934-b366-9756b15dd90f: receive RaftClientReply:client-029E50227556->355864cd-7ac5-4934-b366-9756b15dd90f@group-785BCF25C267, cid=851, SUCCESS, logIndex=1109, commits[355864cd-7ac5-4934-b366-9756b15dd90f:c1110, ce4aa411-63c8-4399-99eb-27ce352844f3:c1108, 3eeffb0a-787e-48ec-a2f5-d0c540a89489:c1108]
2019-08-21 15:29:38,396 [grpc-default-executor-2] INFO  client.GrpcClientProtocolClient (GrpcClientProtocolClient.java:onNext(255)) - client-029E50227556->355864cd-7ac5-4934-b366-9756b15dd90f: receive RaftClientReply:client-029E50227556->355864cd-7ac5-4934-b366-9756b15dd90f@group-785BCF25C267, cid=852, SUCCESS, logIndex=1110, commits[355864cd-7ac5-4934-b366-9756b15dd90f:c1110, ce4aa411-63c8-4399-99eb-27ce352844f3:c1108, 3eeffb0a-787e-48ec-a2f5-d0c540a89489:c1108]
2019-08-21 15:29:38,405 | INFO  | DNAudit | user=null | ip=null | op=WRITE_CHUNK {blockData=conID: 1 locID: 102655680532709804 bcsId: 1110} | ret=SUCCESS |  
2019-08-21 15:29:38,406 | INFO  | DNAudit | user=null | ip=null | op=WRITE_CHUNK {blockData=conID: 1 locID: 102655680532709804 bcsId: 1104} | ret=SUCCESS |  
2019-08-21 15:29:38,406 | INFO  | DNAudit | user=null | ip=null | op=WRITE_CHUNK {blockData=conID: 1 locID: 102655680532709804 bcsId: 1104} | ret=SUCCESS |  
2019-08-21 15:29:38,408 | INFO  | DNAudit | user=null | ip=null | op=WRITE_CHUNK {blockData=conID: 1 locID: 102655680532709804 bcsId: 1110} | ret=SUCCESS |  
2019-08-21 15:29:38,408 | INFO  | DNAudit | user=null | ip=null | op=WRITE_CHUNK {blockData=conID: 1 locID: 102655680532709804 bcsId: 1110} | ret=SUCCESS |  
2019-08-21 15:29:38,420 | INFO  | DNAudit | user=null | ip=null | op=PUT_BLOCK {blockData=[blockId=conID: 1 locID: 102655680532709804 bcsId: 0,size=3145728]} | ret=SUCCESS |  
2019-08-21 15:29:38,420 | INFO  | DNAudit | user=null | ip=null | op=PUT_BLOCK {blockData=[blockId=conID: 1 locID: 102655680532709804 bcsId: 0,size=3145728]} | ret=SUCCESS |  
2019-08-21 15:29:38,420 | INFO  | DNAudit | user=null | ip=null | op=WRITE_CHUNK {blockData=conID: 1 locID: 102655680532709804 bcsId: 1110} | ret=SUCCESS |  
2019-08-21 15:29:38,421 | INFO  | DNAudit | user=null | ip=null | op=PUT_BLOCK {blockData=[blockId=conID: 1 locID: 102655680532709804 bcsId: 0,size=4194304]} | ret=SUCCESS |  
2019-08-21 15:29:38,421 [grpc-default-executor-3] INFO  client.GrpcClientProtocolClient (GrpcClientProtocolClient.java:onNext(255)) - client-029E50227556->355864cd-7ac5-4934-b366-9756b15dd90f: receive RaftClientReply:client-029E50227556->355864cd-7ac5-4934-b366-9756b15dd90f@group-785BCF25C267, cid=853, SUCCESS, logIndex=1113, commits[355864cd-7ac5-4934-b366-9756b15dd90f:c1114, ce4aa411-63c8-4399-99eb-27ce352844f3:c1110, 3eeffb0a-787e-48ec-a2f5-d0c540a89489:c1109]
2019-08-21 15:29:38,422 | INFO  | DNAudit | user=null | ip=null | op=WRITE_CHUNK {blockData=conID: 1 locID: 102655680532709804 bcsId: 1110} | ret=SUCCESS |  
2019-08-21 15:29:38,422 [grpc-default-executor-3] INFO  client.GrpcClientProtocolClient (GrpcClientProtocolClient.java:onNext(255)) - client-029E50227556->355864cd-7ac5-4934-b366-9756b15dd90f: receive RaftClientReply:client-029E50227556->355864cd-7ac5-4934-b366-9756b15dd90f@group-785BCF25C267, cid=854, SUCCESS, logIndex=1114, commits[355864cd-7ac5-4934-b366-9756b15dd90f:c1114, ce4aa411-63c8-4399-99eb-27ce352844f3:c1110, 3eeffb0a-787e-48ec-a2f5-d0c540a89489:c1110]
2019-08-21 15:29:38,422 | INFO  | DNAudit | user=null | ip=null | op=WRITE_CHUNK {blockData=conID: 1 locID: 102655680532709804 bcsId: 1110} | ret=SUCCESS |  
2019-08-21 15:29:38,423 | INFO  | DNAudit | user=null | ip=null | op=PUT_BLOCK {blockData=[blockId=conID: 1 locID: 102655680532709804 bcsId: 0,size=4194304]} | ret=SUCCESS |  
2019-08-21 15:29:38,424 | INFO  | DNAudit | user=null | ip=null | op=PUT_BLOCK {blockData=[blockId=conID: 1 locID: 102655680532709804 bcsId: 0,size=4194304]} | ret=SUCCESS |  
2019-08-21 15:29:38,425 [grpc-default-executor-0] INFO  client.GrpcClientProtocolClient (GrpcClientProtocolClient.java:onNext(255)) - client-029E50227556->355864cd-7ac5-4934-b366-9756b15dd90f: receive RaftClientReply:client-029E50227556->355864cd-7ac5-4934-b366-9756b15dd90f@group-785BCF25C267, cid=855, SUCCESS, logIndex=0, commits[355864cd-7ac5-4934-b366-9756b15dd90f:c1116, ce4aa411-63c8-4399-99eb-27ce352844f3:c1114, 3eeffb0a-787e-48ec-a2f5-d0c540a89489:c1114]
2019-08-21 15:29:38,433 | INFO  | DNAudit | user=null | ip=null | op=WRITE_CHUNK {blockData=conID: 2 locID: 102655680532709805 bcsId: 0} | ret=SUCCESS |  
2019-08-21 15:29:38,435 | INFO  | DNAudit | user=null | ip=null | op=WRITE_CHUNK {blockData=conID: 2 locID: 102655680532709805 bcsId: 0} | ret=SUCCESS |  
2019-08-21 15:29:38,436 | INFO  | DNAudit | user=null | ip=null | op=WRITE_CHUNK {blockData=conID: 2 locID: 102655680532709805 bcsId: 0} | ret=SUCCESS |  
2019-08-21 15:29:38,437 | INFO  | DNAudit | user=null | ip=null | op=WRITE_CHUNK {blockData=conID: 2 locID: 102655680532709805 bcsId: 0} | ret=SUCCESS |  
2019-08-21 15:29:38,438 | INFO  | DNAudit | user=null | ip=null | op=WRITE_CHUNK {blockData=conID: 2 locID: 102655680532709805 bcsId: 0} | ret=SUCCESS |  
2019-08-21 15:29:38,439 | INFO  | DNAudit | user=null | ip=null | op=WRITE_CHUNK {blockData=conID: 2 locID: 102655680532709805 bcsId: 0} | ret=SUCCESS |  
2019-08-21 15:29:38,449 | INFO  | DNAudit | user=null | ip=null | op=WRITE_CHUNK {blockData=conID: 2 locID: 102655680532709805 bcsId: 0} | ret=SUCCESS |  
2019-08-21 15:29:38,449 | INFO  | DNAudit | user=null | ip=null | op=PUT_BLOCK {blockData=[blockId=conID: 2 locID: 102655680532709805 bcsId: 0,size=1048576]} | ret=SUCCESS |  
2019-08-21 15:29:38,449 | INFO  | DNAudit | user=null | ip=null | op=WRITE_CHUNK {blockData=conID: 2 locID: 102655680532709805 bcsId: 0} | ret=SUCCESS |  
2019-08-21 15:29:38,450 [grpc-default-executor-3] INFO  client.GrpcClientProtocolClient (GrpcClientProtocolClient.java:onNext(255)) - client-029E50227556->355864cd-7ac5-4934-b366-9756b15dd90f: receive RaftClientReply:client-029E50227556->355864cd-7ac5-4934-b366-9756b15dd90f@group-785BCF25C267, cid=856, SUCCESS, logIndex=1117, commits[355864cd-7ac5-4934-b366-9756b15dd90f:c1118, ce4aa411-63c8-4399-99eb-27ce352844f3:c1116, 3eeffb0a-787e-48ec-a2f5-d0c540a89489:c1116]
2019-08-21 15:29:38,450 | INFO  | DNAudit | user=null | ip=null | op=PUT_BLOCK {blockData=[blockId=conID: 2 locID: 102655680532709805 bcsId: 0,size=2097152]} | ret=SUCCESS |  
2019-08-21 15:29:38,450 [grpc-default-executor-3] INFO  client.GrpcClientProtocolClient (GrpcClientProtocolClient.java:onNext(255)) - client-029E50227556->355864cd-7ac5-4934-b366-9756b15dd90f: receive RaftClientReply:client-029E50227556->355864cd-7ac5-4934-b366-9756b15dd90f@group-785BCF25C267, cid=857, SUCCESS, logIndex=1118, commits[355864cd-7ac5-4934-b366-9756b15dd90f:c1120, ce4aa411-63c8-4399-99eb-27ce352844f3:c1116, 3eeffb0a-787e-48ec-a2f5-d0c540a89489:c1116]
2019-08-21 15:29:38,451 [grpc-default-executor-3] INFO  client.GrpcClientProtocolClient (GrpcClientProtocolClient.java:onNext(255)) - client-029E50227556->355864cd-7ac5-4934-b366-9756b15dd90f: receive RaftClientReply:client-029E50227556->355864cd-7ac5-4934-b366-9756b15dd90f@group-785BCF25C267, cid=858, SUCCESS, logIndex=1119, commits[355864cd-7ac5-4934-b366-9756b15dd90f:c1120, ce4aa411-63c8-4399-99eb-27ce352844f3:c1116, 3eeffb0a-787e-48ec-a2f5-d0c540a89489:c1116]
2019-08-21 15:29:38,451 [grpc-default-executor-3] INFO  client.GrpcClientProtocolClient (GrpcClientProtocolClient.java:onNext(255)) - client-029E50227556->355864cd-7ac5-4934-b366-9756b15dd90f: receive RaftClientReply:client-029E50227556->355864cd-7ac5-4934-b366-9756b15dd90f@group-785BCF25C267, cid=859, SUCCESS, logIndex=1120, commits[355864cd-7ac5-4934-b366-9756b15dd90f:c1120, ce4aa411-63c8-4399-99eb-27ce352844f3:c1116, 3eeffb0a-787e-48ec-a2f5-d0c540a89489:c1116]
2019-08-21 15:29:38,462 | INFO  | DNAudit | user=null | ip=null | op=WRITE_CHUNK {blockData=conID: 2 locID: 102655680532709805 bcsId: 0} | ret=SUCCESS |  
2019-08-21 15:29:38,462 | INFO  | DNAudit | user=null | ip=null | op=WRITE_CHUNK {blockData=conID: 2 locID: 102655680532709805 bcsId: 0} | ret=SUCCESS |  
2019-08-21 15:29:38,463 | INFO  | DNAudit | user=null | ip=null | op=PUT_BLOCK {blockData=[blockId=conID: 2 locID: 102655680532709805 bcsId: 0,size=1048576]} | ret=SUCCESS |  
2019-08-21 15:29:38,463 | INFO  | DNAudit | user=null | ip=null | op=PUT_BLOCK {blockData=[blockId=conID: 2 locID: 102655680532709805 bcsId: 0,size=1048576]} | ret=SUCCESS |  
2019-08-21 15:29:38,463 | INFO  | DNAudit | user=null | ip=null | op=WRITE_CHUNK {blockData=conID: 2 locID: 102655680532709805 bcsId: 0} | ret=SUCCESS |  
2019-08-21 15:29:38,463 | INFO  | DNAudit | user=null | ip=null | op=PUT_BLOCK {blockData=[blockId=conID: 2 locID: 102655680532709805 bcsId: 0,size=2097152]} | ret=SUCCESS |  
2019-08-21 15:29:38,463 | INFO  | DNAudit | user=null | ip=null | op=WRITE_CHUNK {blockData=conID: 2 locID: 102655680532709805 bcsId: 0} | ret=SUCCESS |  
2019-08-21 15:29:38,464 | INFO  | DNAudit | user=null | ip=null | op=PUT_BLOCK {blockData=[blockId=conID: 2 locID: 102655680532709805 bcsId: 0,size=2097152]} | ret=SUCCESS |  
2019-08-21 15:29:38,464 [grpc-default-executor-3] INFO  client.GrpcClientProtocolClient (GrpcClientProtocolClient.java:onNext(255)) - client-029E50227556->355864cd-7ac5-4934-b366-9756b15dd90f: receive RaftClientReply:client-029E50227556->355864cd-7ac5-4934-b366-9756b15dd90f@group-785BCF25C267, cid=860, SUCCESS, logIndex=0, commits[355864cd-7ac5-4934-b366-9756b15dd90f:c1124, ce4aa411-63c8-4399-99eb-27ce352844f3:c1120, 3eeffb0a-787e-48ec-a2f5-d0c540a89489:c1118]
2019-08-21 15:29:38,472 | INFO  | DNAudit | user=null | ip=null | op=WRITE_CHUNK {blockData=conID: 2 locID: 102655680532709805 bcsId: 1120} | ret=SUCCESS |  
2019-08-21 15:29:38,476 | INFO  | DNAudit | user=null | ip=null | op=WRITE_CHUNK {blockData=conID: 2 locID: 102655680532709805 bcsId: 1120} | ret=SUCCESS |  
2019-08-21 15:29:38,477 | INFO  | DNAudit | user=null | ip=null | op=WRITE_CHUNK {blockData=conID: 2 locID: 102655680532709805 bcsId: 1120} | ret=SUCCESS |  
2019-08-21 15:29:38,485 | INFO  | DNAudit | user=null | ip=null | op=WRITE_CHUNK {blockData=conID: 2 locID: 102655680532709805 bcsId: 1120} | ret=SUCCESS |  
2019-08-21 15:29:38,485 | INFO  | DNAudit | user=null | ip=null | op=PUT_BLOCK {blockData=[blockId=conID: 2 locID: 102655680532709805 bcsId: 0,size=3145728]} | ret=SUCCESS |  
2019-08-21 15:29:38,486 [grpc-default-executor-3] INFO  client.GrpcClientProtocolClient (GrpcClientProtocolClient.java:onNext(255)) - client-029E50227556->355864cd-7ac5-4934-b366-9756b15dd90f: receive RaftClientReply:client-029E50227556->355864cd-7ac5-4934-b366-9756b15dd90f@group-785BCF25C267, cid=861, SUCCESS, logIndex=1125, commits[355864cd-7ac5-4934-b366-9756b15dd90f:c1126, ce4aa411-63c8-4399-99eb-27ce352844f3:c1124, 3eeffb0a-787e-48ec-a2f5-d0c540a89489:c1124]
2019-08-21 15:29:38,486 [grpc-default-executor-3] INFO  client.GrpcClientProtocolClient (GrpcClientProtocolClient.java:onNext(255)) - client-029E50227556->355864cd-7ac5-4934-b366-9756b15dd90f: receive RaftClientReply:client-029E50227556->355864cd-7ac5-4934-b366-9756b15dd90f@group-785BCF25C267, cid=862, SUCCESS, logIndex=1126, commits[355864cd-7ac5-4934-b366-9756b15dd90f:c1126, ce4aa411-63c8-4399-99eb-27ce352844f3:c1124, 3eeffb0a-787e-48ec-a2f5-d0c540a89489:c1124]
2019-08-21 15:29:38,495 | INFO  | DNAudit | user=null | ip=null | op=WRITE_CHUNK {blockData=conID: 2 locID: 102655680532709805 bcsId: 1126} | ret=SUCCESS |  
2019-08-21 15:29:38,497 | INFO  | DNAudit | user=null | ip=null | op=WRITE_CHUNK {blockData=conID: 2 locID: 102655680532709805 bcsId: 1120} | ret=SUCCESS |  
2019-08-21 15:29:38,497 | INFO  | DNAudit | user=null | ip=null | op=WRITE_CHUNK {blockData=conID: 2 locID: 102655680532709805 bcsId: 1120} | ret=SUCCESS |  
2019-08-21 15:29:38,497 | INFO  | DNAudit | user=null | ip=null | op=WRITE_CHUNK {blockData=conID: 2 locID: 102655680532709805 bcsId: 1126} | ret=SUCCESS |  
2019-08-21 15:29:38,497 | INFO  | DNAudit | user=null | ip=null | op=WRITE_CHUNK {blockData=conID: 2 locID: 102655680532709805 bcsId: 1126} | ret=SUCCESS |  
2019-08-21 15:29:38,508 | INFO  | DNAudit | user=null | ip=null | op=PUT_BLOCK {blockData=[blockId=conID: 2 locID: 102655680532709805 bcsId: 0,size=3145728]} | ret=SUCCESS |  
2019-08-21 15:29:38,509 | INFO  | DNAudit | user=null | ip=null | op=PUT_BLOCK {blockData=[blockId=conID: 2 locID: 102655680532709805 bcsId: 0,size=3145728]} | ret=SUCCESS |  
2019-08-21 15:29:38,509 | INFO  | DNAudit | user=null | ip=null | op=WRITE_CHUNK {blockData=conID: 2 locID: 102655680532709805 bcsId: 1126} | ret=SUCCESS |  
2019-08-21 15:29:38,509 | INFO  | DNAudit | user=null | ip=null | op=PUT_BLOCK {blockData=[blockId=conID: 2 locID: 102655680532709805 bcsId: 0,size=4194304]} | ret=SUCCESS |  
2019-08-21 15:29:38,510 [grpc-default-executor-0] INFO  client.GrpcClientProtocolClient (GrpcClientProtocolClient.java:onNext(255)) - client-029E50227556->355864cd-7ac5-4934-b366-9756b15dd90f: receive RaftClientReply:client-029E50227556->355864cd-7ac5-4934-b366-9756b15dd90f@group-785BCF25C267, cid=863, SUCCESS, logIndex=1129, commits[355864cd-7ac5-4934-b366-9756b15dd90f:c1130, ce4aa411-63c8-4399-99eb-27ce352844f3:c1126, 3eeffb0a-787e-48ec-a2f5-d0c540a89489:c1125]
2019-08-21 15:29:38,510 [grpc-default-executor-0] INFO  client.GrpcClientProtocolClient (GrpcClientProtocolClient.java:onNext(255)) - client-029E50227556->355864cd-7ac5-4934-b366-9756b15dd90f: receive RaftClientReply:client-029E50227556->355864cd-7ac5-4934-b366-9756b15dd90f@group-785BCF25C267, cid=864, SUCCESS, logIndex=1130, commits[355864cd-7ac5-4934-b366-9756b15dd90f:c1130, ce4aa411-63c8-4399-99eb-27ce352844f3:c1126, 3eeffb0a-787e-48ec-a2f5-d0c540a89489:c1126]
2019-08-21 15:29:38,510 | INFO  | DNAudit | user=null | ip=null | op=WRITE_CHUNK {blockData=conID: 2 locID: 102655680532709805 bcsId: 1126} | ret=SUCCESS |  
2019-08-21 15:29:38,511 | INFO  | DNAudit | user=null | ip=null | op=WRITE_CHUNK {blockData=conID: 2 locID: 102655680532709805 bcsId: 1126} | ret=SUCCESS |  
2019-08-21 15:29:38,512 | INFO  | DNAudit | user=null | ip=null | op=PUT_BLOCK {blockData=[blockId=conID: 2 locID: 102655680532709805 bcsId: 0,size=4194304]} | ret=SUCCESS |  
2019-08-21 15:29:38,512 | INFO  | DNAudit | user=null | ip=null | op=PUT_BLOCK {blockData=[blockId=conID: 2 locID: 102655680532709805 bcsId: 0,size=4194304]} | ret=SUCCESS |  
2019-08-21 15:29:38,513 [grpc-default-executor-0] INFO  client.GrpcClientProtocolClient (GrpcClientProtocolClient.java:onNext(255)) - client-029E50227556->355864cd-7ac5-4934-b366-9756b15dd90f: receive RaftClientReply:client-029E50227556->355864cd-7ac5-4934-b366-9756b15dd90f@group-785BCF25C267, cid=865, SUCCESS, logIndex=0, commits[355864cd-7ac5-4934-b366-9756b15dd90f:c1132, ce4aa411-63c8-4399-99eb-27ce352844f3:c1130, 3eeffb0a-787e-48ec-a2f5-d0c540a89489:c1130]
2019-08-21 15:29:38,522 | INFO  | DNAudit | user=null | ip=null | op=WRITE_CHUNK {blockData=conID: 3 locID: 102655680532709806 bcsId: 0} | ret=SUCCESS |  
2019-08-21 15:29:38,526 | INFO  | DNAudit | user=null | ip=null | op=WRITE_CHUNK {blockData=conID: 3 locID: 102655680532709806 bcsId: 0} | ret=SUCCESS |  
2019-08-21 15:29:38,526 | INFO  | DNAudit | user=null | ip=null | op=WRITE_CHUNK {blockData=conID: 3 locID: 102655680532709806 bcsId: 0} | ret=SUCCESS |  
2019-08-21 15:29:38,527 | INFO  | DNAudit | user=null | ip=null | op=WRITE_CHUNK {blockData=conID: 3 locID: 102655680532709806 bcsId: 0} | ret=SUCCESS |  
2019-08-21 15:29:38,530 | INFO  | DNAudit | user=null | ip=null | op=WRITE_CHUNK {blockData=conID: 3 locID: 102655680532709806 bcsId: 0} | ret=SUCCESS |  
2019-08-21 15:29:38,530 | INFO  | DNAudit | user=null | ip=null | op=WRITE_CHUNK {blockData=conID: 3 locID: 102655680532709806 bcsId: 0} | ret=SUCCESS |  
2019-08-21 15:29:38,535 | INFO  | DNAudit | user=null | ip=null | op=WRITE_CHUNK {blockData=conID: 3 locID: 102655680532709806 bcsId: 0} | ret=SUCCESS |  
2019-08-21 15:29:38,536 | INFO  | DNAudit | user=null | ip=null | op=PUT_BLOCK {blockData=[blockId=conID: 3 locID: 102655680532709806 bcsId: 0,size=1048576]} | ret=SUCCESS |  
2019-08-21 15:29:38,536 | INFO  | DNAudit | user=null | ip=null | op=WRITE_CHUNK {blockData=conID: 3 locID: 102655680532709806 bcsId: 0} | ret=SUCCESS |  
2019-08-21 15:29:38,536 | INFO  | DNAudit | user=null | ip=null | op=PUT_BLOCK {blockData=[blockId=conID: 3 locID: 102655680532709806 bcsId: 0,size=2097152]} | ret=SUCCESS |  
2019-08-21 15:29:38,536 [grpc-default-executor-4] INFO  client.GrpcClientProtocolClient (GrpcClientProtocolClient.java:onNext(255)) - client-029E50227556->355864cd-7ac5-4934-b366-9756b15dd90f: receive RaftClientReply:client-029E50227556->355864cd-7ac5-4934-b366-9756b15dd90f@group-785BCF25C267, cid=866, SUCCESS, logIndex=1133, commits[355864cd-7ac5-4934-b366-9756b15dd90f:c1134, ce4aa411-63c8-4399-99eb-27ce352844f3:c1132, 3eeffb0a-787e-48ec-a2f5-d0c540a89489:c1132]
2019-08-21 15:29:38,537 | INFO  | DNAudit | user=null | ip=null | op=WRITE_CHUNK {blockData=conID: 3 locID: 102655680532709806 bcsId: 0} | ret=SUCCESS |  
2019-08-21 15:29:38,537 [grpc-default-executor-4] INFO  client.GrpcClientProtocolClient (GrpcClientProtocolClient.java:onNext(255)) - client-029E50227556->355864cd-7ac5-4934-b366-9756b15dd90f: receive RaftClientReply:client-029E50227556->355864cd-7ac5-4934-b366-9756b15dd90f@group-785BCF25C267, cid=867, SUCCESS, logIndex=1134, commits[355864cd-7ac5-4934-b366-9756b15dd90f:c1134, ce4aa411-63c8-4399-99eb-27ce352844f3:c1132, 3eeffb0a-787e-48ec-a2f5-d0c540a89489:c1132]
2019-08-21 15:29:38,537 | INFO  | DNAudit | user=null | ip=null | op=PUT_BLOCK {blockData=[blockId=conID: 3 locID: 102655680532709806 bcsId: 0,size=1048576]} | ret=SUCCESS |  
2019-08-21 15:29:38,537 [grpc-default-executor-4] INFO  client.GrpcClientProtocolClient (GrpcClientProtocolClient.java:onNext(255)) - client-029E50227556->355864cd-7ac5-4934-b366-9756b15dd90f: receive RaftClientReply:client-029E50227556->355864cd-7ac5-4934-b366-9756b15dd90f@group-785BCF25C267, cid=868, SUCCESS, logIndex=1135, commits[355864cd-7ac5-4934-b366-9756b15dd90f:c1136, ce4aa411-63c8-4399-99eb-27ce352844f3:c1132, 3eeffb0a-787e-48ec-a2f5-d0c540a89489:c1132]
2019-08-21 15:29:38,538 | INFO  | DNAudit | user=null | ip=null | op=WRITE_CHUNK {blockData=conID: 3 locID: 102655680532709806 bcsId: 0} | ret=SUCCESS |  
2019-08-21 15:29:38,538 [grpc-default-executor-4] INFO  client.GrpcClientProtocolClient (GrpcClientProtocolClient.java:onNext(255)) - client-029E50227556->355864cd-7ac5-4934-b366-9756b15dd90f: receive RaftClientReply:client-029E50227556->355864cd-7ac5-4934-b366-9756b15dd90f@group-785BCF25C267, cid=869, SUCCESS, logIndex=1136, commits[355864cd-7ac5-4934-b366-9756b15dd90f:c1136, ce4aa411-63c8-4399-99eb-27ce352844f3:c1132, 3eeffb0a-787e-48ec-a2f5-d0c540a89489:c1132]
2019-08-21 15:29:38,538 | INFO  | DNAudit | user=null | ip=null | op=PUT_BLOCK {blockData=[blockId=conID: 3 locID: 102655680532709806 bcsId: 0,size=1048576]} | ret=SUCCESS |  
2019-08-21 15:29:38,538 | INFO  | DNAudit | user=null | ip=null | op=WRITE_CHUNK {blockData=conID: 3 locID: 102655680532709806 bcsId: 0} | ret=SUCCESS |  
2019-08-21 15:29:38,538 | INFO  | DNAudit | user=null | ip=null | op=PUT_BLOCK {blockData=[blockId=conID: 3 locID: 102655680532709806 bcsId: 0,size=2097152]} | ret=SUCCESS |  
2019-08-21 15:29:38,539 | INFO  | DNAudit | user=null | ip=null | op=WRITE_CHUNK {blockData=conID: 3 locID: 102655680532709806 bcsId: 0} | ret=SUCCESS |  
2019-08-21 15:29:38,539 | INFO  | DNAudit | user=null | ip=null | op=PUT_BLOCK {blockData=[blockId=conID: 3 locID: 102655680532709806 bcsId: 0,size=2097152]} | ret=SUCCESS |  
2019-08-21 15:29:38,539 [grpc-default-executor-4] INFO  client.GrpcClientProtocolClient (GrpcClientProtocolClient.java:onNext(255)) - client-029E50227556->355864cd-7ac5-4934-b366-9756b15dd90f: receive RaftClientReply:client-029E50227556->355864cd-7ac5-4934-b366-9756b15dd90f@group-785BCF25C267, cid=870, SUCCESS, logIndex=0, commits[355864cd-7ac5-4934-b366-9756b15dd90f:c1139, ce4aa411-63c8-4399-99eb-27ce352844f3:c1134, 3eeffb0a-787e-48ec-a2f5-d0c540a89489:c1135]
2019-08-21 15:29:38,547 | INFO  | DNAudit | user=null | ip=null | op=WRITE_CHUNK {blockData=conID: 3 locID: 102655680532709806 bcsId: 1136} | ret=SUCCESS |  
2019-08-21 15:29:38,549 | INFO  | DNAudit | user=null | ip=null | op=WRITE_CHUNK {blockData=conID: 3 locID: 102655680532709806 bcsId: 1136} | ret=SUCCESS |  
2019-08-21 15:29:38,549 | INFO  | DNAudit | user=null | ip=null | op=WRITE_CHUNK {blockData=conID: 3 locID: 102655680532709806 bcsId: 1136} | ret=SUCCESS |  
2019-08-21 15:29:38,558 | INFO  | DNAudit | user=null | ip=null | op=WRITE_CHUNK {blockData=conID: 3 locID: 102655680532709806 bcsId: 1136} | ret=SUCCESS |  
2019-08-21 15:29:38,559 | INFO  | DNAudit | user=null | ip=null | op=PUT_BLOCK {blockData=[blockId=conID: 3 locID: 102655680532709806 bcsId: 0,size=3145728]} | ret=SUCCESS |  
2019-08-21 15:29:38,559 [grpc-default-executor-4] INFO  client.GrpcClientProtocolClient (GrpcClientProtocolClient.java:onNext(255)) - client-029E50227556->355864cd-7ac5-4934-b366-9756b15dd90f: receive RaftClientReply:client-029E50227556->355864cd-7ac5-4934-b366-9756b15dd90f@group-785BCF25C267, cid=871, SUCCESS, logIndex=1141, commits[355864cd-7ac5-4934-b366-9756b15dd90f:c1142, ce4aa411-63c8-4399-99eb-27ce352844f3:c1140, 3eeffb0a-787e-48ec-a2f5-d0c540a89489:c1140]
2019-08-21 15:29:38,559 [grpc-default-executor-4] INFO  client.GrpcClientProtocolClient (GrpcClientProtocolClient.java:onNext(255)) - client-029E50227556->355864cd-7ac5-4934-b366-9756b15dd90f: receive RaftClientReply:client-029E50227556->355864cd-7ac5-4934-b366-9756b15dd90f@group-785BCF25C267, cid=872, SUCCESS, logIndex=1142, commits[355864cd-7ac5-4934-b366-9756b15dd90f:c1142, ce4aa411-63c8-4399-99eb-27ce352844f3:c1140, 3eeffb0a-787e-48ec-a2f5-d0c540a89489:c1140]
2019-08-21 15:29:38,567 | INFO  | DNAudit | user=null | ip=null | op=WRITE_CHUNK {blockData=conID: 3 locID: 102655680532709806 bcsId: 1142} | ret=SUCCESS |  
2019-08-21 15:29:38,568 | INFO  | DNAudit | user=null | ip=null | op=WRITE_CHUNK {blockData=conID: 3 locID: 102655680532709806 bcsId: 1136} | ret=SUCCESS |  
2019-08-21 15:29:38,570 | INFO  | DNAudit | user=null | ip=null | op=WRITE_CHUNK {blockData=conID: 3 locID: 102655680532709806 bcsId: 1136} | ret=SUCCESS |  
2019-08-21 15:29:38,571 | INFO  | DNAudit | user=null | ip=null | op=WRITE_CHUNK {blockData=conID: 3 locID: 102655680532709806 bcsId: 1142} | ret=SUCCESS |  
2019-08-21 15:29:38,571 | INFO  | DNAudit | user=null | ip=null | op=WRITE_CHUNK {blockData=conID: 3 locID: 102655680532709806 bcsId: 1142} | ret=SUCCESS |  
2019-08-21 15:29:38,599 | INFO  | DNAudit | user=null | ip=null | op=PUT_BLOCK {blockData=[blockId=conID: 3 locID: 102655680532709806 bcsId: 0,size=3145728]} | ret=SUCCESS |  
2019-08-21 15:29:38,599 | INFO  | DNAudit | user=null | ip=null | op=PUT_BLOCK {blockData=[blockId=conID: 3 locID: 102655680532709806 bcsId: 0,size=3145728]} | ret=SUCCESS |  
2019-08-21 15:29:38,600 | INFO  | DNAudit | user=null | ip=null | op=WRITE_CHUNK {blockData=conID: 3 locID: 102655680532709806 bcsId: 1142} | ret=SUCCESS |  
2019-08-21 15:29:38,600 | INFO  | DNAudit | user=null | ip=null | op=PUT_BLOCK {blockData=[blockId=conID: 3 locID: 102655680532709806 bcsId: 0,size=4194304]} | ret=SUCCESS |  
2019-08-21 15:29:38,601 [grpc-default-executor-0] INFO  client.GrpcClientProtocolClient (GrpcClientProtocolClient.java:onNext(255)) - client-029E50227556->355864cd-7ac5-4934-b366-9756b15dd90f: receive RaftClientReply:client-029E50227556->355864cd-7ac5-4934-b366-9756b15dd90f@group-785BCF25C267, cid=873, SUCCESS, logIndex=1145, commits[355864cd-7ac5-4934-b366-9756b15dd90f:c1146, ce4aa411-63c8-4399-99eb-27ce352844f3:c1142, 3eeffb0a-787e-48ec-a2f5-d0c540a89489:c1142]
2019-08-21 15:29:38,601 [grpc-default-executor-0] INFO  client.GrpcClientProtocolClient (GrpcClientProtocolClient.java:onNext(255)) - client-029E50227556->355864cd-7ac5-4934-b366-9756b15dd90f: receive RaftClientReply:client-029E50227556->355864cd-7ac5-4934-b366-9756b15dd90f@group-785BCF25C267, cid=874, SUCCESS, logIndex=1146, commits[355864cd-7ac5-4934-b366-9756b15dd90f:c1146, ce4aa411-63c8-4399-99eb-27ce352844f3:c1142, 3eeffb0a-787e-48ec-a2f5-d0c540a89489:c1142]
2019-08-21 15:29:38,611 | INFO  | DNAudit | user=null | ip=null | op=WRITE_CHUNK {blockData=conID: 3 locID: 102655680532709806 bcsId: 1142} | ret=SUCCESS |  
2019-08-21 15:29:38,612 | INFO  | DNAudit | user=null | ip=null | op=WRITE_CHUNK {blockData=conID: 3 locID: 102655680532709806 bcsId: 1142} | ret=SUCCESS |  
2019-08-21 15:29:38,613 | INFO  | DNAudit | user=null | ip=null | op=PUT_BLOCK {blockData=[blockId=conID: 3 locID: 102655680532709806 bcsId: 0,size=4194304]} | ret=SUCCESS |  
2019-08-21 15:29:38,613 | INFO  | DNAudit | user=null | ip=null | op=PUT_BLOCK {blockData=[blockId=conID: 3 locID: 102655680532709806 bcsId: 0,size=4194304]} | ret=SUCCESS |  
2019-08-21 15:29:38,614 [grpc-default-executor-4] INFO  client.GrpcClientProtocolClient (GrpcClientProtocolClient.java:onNext(255)) - client-029E50227556->355864cd-7ac5-4934-b366-9756b15dd90f: receive RaftClientReply:client-029E50227556->355864cd-7ac5-4934-b366-9756b15dd90f@group-785BCF25C267, cid=875, SUCCESS, logIndex=0, commits[355864cd-7ac5-4934-b366-9756b15dd90f:c1148, ce4aa411-63c8-4399-99eb-27ce352844f3:c1146, 3eeffb0a-787e-48ec-a2f5-d0c540a89489:c1146]
2019-08-21 15:29:38,623 | INFO  | DNAudit | user=null | ip=null | op=WRITE_CHUNK {blockData=conID: 1 locID: 102655680532709807 bcsId: 0} | ret=SUCCESS |  
2019-08-21 15:29:38,625 | INFO  | DNAudit | user=null | ip=null | op=WRITE_CHUNK {blockData=conID: 1 locID: 102655680532709807 bcsId: 0} | ret=SUCCESS |  
2019-08-21 15:29:38,626 | INFO  | DNAudit | user=null | ip=null | op=WRITE_CHUNK {blockData=conID: 1 locID: 102655680532709807 bcsId: 0} | ret=SUCCESS |  
2019-08-21 15:29:38,626 | INFO  | DNAudit | user=null | ip=null | op=WRITE_CHUNK {blockData=conID: 1 locID: 102655680532709807 bcsId: 0} | ret=SUCCESS |  
2019-08-21 15:29:38,629 | INFO  | DNAudit | user=null | ip=null | op=WRITE_CHUNK {blockData=conID: 1 locID: 102655680532709807 bcsId: 0} | ret=SUCCESS |  
2019-08-21 15:29:38,630 | INFO  | DNAudit | user=null | ip=null | op=WRITE_CHUNK {blockData=conID: 1 locID: 102655680532709807 bcsId: 0} | ret=SUCCESS |  
2019-08-21 15:29:38,635 | INFO  | DNAudit | user=null | ip=null | op=WRITE_CHUNK {blockData=conID: 1 locID: 102655680532709807 bcsId: 0} | ret=SUCCESS |  
2019-08-21 15:29:38,636 | INFO  | DNAudit | user=null | ip=null | op=PUT_BLOCK {blockData=[blockId=conID: 1 locID: 102655680532709807 bcsId: 0,size=1048576]} | ret=SUCCESS |  
2019-08-21 15:29:38,637 | INFO  | DNAudit | user=null | ip=null | op=WRITE_CHUNK {blockData=conID: 1 locID: 102655680532709807 bcsId: 0} | ret=SUCCESS |  
2019-08-21 15:29:38,637 [grpc-default-executor-4] INFO  client.GrpcClientProtocolClient (GrpcClientProtocolClient.java:onNext(255)) - client-029E50227556->355864cd-7ac5-4934-b366-9756b15dd90f: receive RaftClientReply:client-029E50227556->355864cd-7ac5-4934-b366-9756b15dd90f@group-785BCF25C267, cid=876, SUCCESS, logIndex=1149, commits[355864cd-7ac5-4934-b366-9756b15dd90f:c1150, ce4aa411-63c8-4399-99eb-27ce352844f3:c1148, 3eeffb0a-787e-48ec-a2f5-d0c540a89489:c1148]
2019-08-21 15:29:38,637 | INFO  | DNAudit | user=null | ip=null | op=PUT_BLOCK {blockData=[blockId=conID: 1 locID: 102655680532709807 bcsId: 0,size=2097152]} | ret=SUCCESS |  
2019-08-21 15:29:38,637 | INFO  | DNAudit | user=null | ip=null | op=WRITE_CHUNK {blockData=conID: 1 locID: 102655680532709807 bcsId: 0} | ret=SUCCESS |  
2019-08-21 15:29:38,637 [grpc-default-executor-4] INFO  client.GrpcClientProtocolClient (GrpcClientProtocolClient.java:onNext(255)) - client-029E50227556->355864cd-7ac5-4934-b366-9756b15dd90f: receive RaftClientReply:client-029E50227556->355864cd-7ac5-4934-b366-9756b15dd90f@group-785BCF25C267, cid=877, SUCCESS, logIndex=1150, commits[355864cd-7ac5-4934-b366-9756b15dd90f:c1150, ce4aa411-63c8-4399-99eb-27ce352844f3:c1148, 3eeffb0a-787e-48ec-a2f5-d0c540a89489:c1148]
2019-08-21 15:29:38,638 | INFO  | DNAudit | user=null | ip=null | op=PUT_BLOCK {blockData=[blockId=conID: 1 locID: 102655680532709807 bcsId: 0,size=1048576]} | ret=SUCCESS |  
2019-08-21 15:29:38,638 [grpc-default-executor-4] INFO  client.GrpcClientProtocolClient (GrpcClientProtocolClient.java:onNext(255)) - client-029E50227556->355864cd-7ac5-4934-b366-9756b15dd90f: receive RaftClientReply:client-029E50227556->355864cd-7ac5-4934-b366-9756b15dd90f@group-785BCF25C267, cid=878, SUCCESS, logIndex=1151, commits[355864cd-7ac5-4934-b366-9756b15dd90f:c1152, ce4aa411-63c8-4399-99eb-27ce352844f3:c1148, 3eeffb0a-787e-48ec-a2f5-d0c540a89489:c1148]
2019-08-21 15:29:38,638 [grpc-default-executor-4] INFO  client.GrpcClientProtocolClient (GrpcClientProtocolClient.java:onNext(255)) - client-029E50227556->355864cd-7ac5-4934-b366-9756b15dd90f: receive RaftClientReply:client-029E50227556->355864cd-7ac5-4934-b366-9756b15dd90f@group-785BCF25C267, cid=879, SUCCESS, logIndex=1152, commits[355864cd-7ac5-4934-b366-9756b15dd90f:c1152, ce4aa411-63c8-4399-99eb-27ce352844f3:c1148, 3eeffb0a-787e-48ec-a2f5-d0c540a89489:c1148]
2019-08-21 15:29:38,638 | INFO  | DNAudit | user=null | ip=null | op=WRITE_CHUNK {blockData=conID: 1 locID: 102655680532709807 bcsId: 0} | ret=SUCCESS |  
2019-08-21 15:29:38,638 | INFO  | DNAudit | user=null | ip=null | op=WRITE_CHUNK {blockData=conID: 1 locID: 102655680532709807 bcsId: 0} | ret=SUCCESS |  
2019-08-21 15:29:38,638 | INFO  | DNAudit | user=null | ip=null | op=PUT_BLOCK {blockData=[blockId=conID: 1 locID: 102655680532709807 bcsId: 0,size=1048576]} | ret=SUCCESS |  
2019-08-21 15:29:38,639 | INFO  | DNAudit | user=null | ip=null | op=PUT_BLOCK {blockData=[blockId=conID: 1 locID: 102655680532709807 bcsId: 0,size=2097152]} | ret=SUCCESS |  
2019-08-21 15:29:38,639 [grpc-default-executor-4] INFO  client.GrpcClientProtocolClient (GrpcClientProtocolClient.java:onNext(255)) - client-029E50227556->355864cd-7ac5-4934-b366-9756b15dd90f: receive RaftClientReply:client-029E50227556->355864cd-7ac5-4934-b366-9756b15dd90f@group-785BCF25C267, cid=880, SUCCESS, logIndex=0, commits[355864cd-7ac5-4934-b366-9756b15dd90f:c1154, ce4aa411-63c8-4399-99eb-27ce352844f3:c1151, 3eeffb0a-787e-48ec-a2f5-d0c540a89489:c1150]
2019-08-21 15:29:38,639 | INFO  | DNAudit | user=null | ip=null | op=WRITE_CHUNK {blockData=conID: 1 locID: 102655680532709807 bcsId: 0} | ret=SUCCESS |  
2019-08-21 15:29:38,640 | INFO  | DNAudit | user=null | ip=null | op=PUT_BLOCK {blockData=[blockId=conID: 1 locID: 102655680532709807 bcsId: 0,size=2097152]} | ret=SUCCESS |  
2019-08-21 15:29:38,646 | INFO  | DNAudit | user=null | ip=null | op=WRITE_CHUNK {blockData=conID: 1 locID: 102655680532709807 bcsId: 1152} | ret=SUCCESS |  
2019-08-21 15:29:38,649 | INFO  | DNAudit | user=null | ip=null | op=WRITE_CHUNK {blockData=conID: 1 locID: 102655680532709807 bcsId: 1152} | ret=SUCCESS |  
2019-08-21 15:29:38,650 | INFO  | DNAudit | user=null | ip=null | op=WRITE_CHUNK {blockData=conID: 1 locID: 102655680532709807 bcsId: 1152} | ret=SUCCESS |  
2019-08-21 15:29:38,659 | INFO  | DNAudit | user=null | ip=null | op=WRITE_CHUNK {blockData=conID: 1 locID: 102655680532709807 bcsId: 1152} | ret=SUCCESS |  
2019-08-21 15:29:38,659 | INFO  | DNAudit | user=null | ip=null | op=PUT_BLOCK {blockData=[blockId=conID: 1 locID: 102655680532709807 bcsId: 0,size=3145728]} | ret=SUCCESS |  
2019-08-21 15:29:38,659 [grpc-default-executor-3] INFO  client.GrpcClientProtocolClient (GrpcClientProtocolClient.java:onNext(255)) - client-029E50227556->355864cd-7ac5-4934-b366-9756b15dd90f: receive RaftClientReply:client-029E50227556->355864cd-7ac5-4934-b366-9756b15dd90f@group-785BCF25C267, cid=881, SUCCESS, logIndex=1157, commits[355864cd-7ac5-4934-b366-9756b15dd90f:c1158, ce4aa411-63c8-4399-99eb-27ce352844f3:c1156, 3eeffb0a-787e-48ec-a2f5-d0c540a89489:c1156]
2019-08-21 15:29:38,660 [grpc-default-executor-3] INFO  client.GrpcClientProtocolClient (GrpcClientProtocolClient.java:onNext(255)) - client-029E50227556->355864cd-7ac5-4934-b366-9756b15dd90f: receive RaftClientReply:client-029E50227556->355864cd-7ac5-4934-b366-9756b15dd90f@group-785BCF25C267, cid=882, SUCCESS, logIndex=1158, commits[355864cd-7ac5-4934-b366-9756b15dd90f:c1158, ce4aa411-63c8-4399-99eb-27ce352844f3:c1156, 3eeffb0a-787e-48ec-a2f5-d0c540a89489:c1156]
2019-08-21 15:29:38,667 | INFO  | DNAudit | user=null | ip=null | op=WRITE_CHUNK {blockData=conID: 1 locID: 102655680532709807 bcsId: 1158} | ret=SUCCESS |  
2019-08-21 15:29:38,670 | INFO  | DNAudit | user=null | ip=null | op=WRITE_CHUNK {blockData=conID: 1 locID: 102655680532709807 bcsId: 1152} | ret=SUCCESS |  
2019-08-21 15:29:38,670 | INFO  | DNAudit | user=null | ip=null | op=WRITE_CHUNK {blockData=conID: 1 locID: 102655680532709807 bcsId: 1152} | ret=SUCCESS |  
2019-08-21 15:29:38,670 | INFO  | DNAudit | user=null | ip=null | op=PUT_BLOCK {blockData=[blockId=conID: 1 locID: 102655680532709807 bcsId: 0,size=3145728]} | ret=SUCCESS |  
2019-08-21 15:29:38,670 | INFO  | DNAudit | user=null | ip=null | op=WRITE_CHUNK {blockData=conID: 1 locID: 102655680532709807 bcsId: 1158} | ret=SUCCESS |  
2019-08-21 15:29:38,671 | INFO  | DNAudit | user=null | ip=null | op=WRITE_CHUNK {blockData=conID: 1 locID: 102655680532709807 bcsId: 1158} | ret=SUCCESS |  
2019-08-21 15:29:38,682 | INFO  | DNAudit | user=null | ip=null | op=PUT_BLOCK {blockData=[blockId=conID: 1 locID: 102655680532709807 bcsId: 0,size=3145728]} | ret=SUCCESS |  
2019-08-21 15:29:38,682 | INFO  | DNAudit | user=null | ip=null | op=WRITE_CHUNK {blockData=conID: 1 locID: 102655680532709807 bcsId: 1158} | ret=SUCCESS |  
2019-08-21 15:29:38,683 | INFO  | DNAudit | user=null | ip=null | op=PUT_BLOCK {blockData=[blockId=conID: 1 locID: 102655680532709807 bcsId: 0,size=4194304]} | ret=SUCCESS |  
2019-08-21 15:29:38,683 [grpc-default-executor-3] INFO  client.GrpcClientProtocolClient (GrpcClientProtocolClient.java:onNext(255)) - client-029E50227556->355864cd-7ac5-4934-b366-9756b15dd90f: receive RaftClientReply:client-029E50227556->355864cd-7ac5-4934-b366-9756b15dd90f@group-785BCF25C267, cid=883, SUCCESS, logIndex=1161, commits[355864cd-7ac5-4934-b366-9756b15dd90f:c1162, ce4aa411-63c8-4399-99eb-27ce352844f3:c1158, 3eeffb0a-787e-48ec-a2f5-d0c540a89489:c1158]
2019-08-21 15:29:38,684 | INFO  | DNAudit | user=null | ip=null | op=WRITE_CHUNK {blockData=conID: 1 locID: 102655680532709807 bcsId: 1158} | ret=SUCCESS |  
2019-08-21 15:29:38,684 [grpc-default-executor-4] INFO  client.GrpcClientProtocolClient (GrpcClientProtocolClient.java:onNext(255)) - client-029E50227556->355864cd-7ac5-4934-b366-9756b15dd90f: receive RaftClientReply:client-029E50227556->355864cd-7ac5-4934-b366-9756b15dd90f@group-785BCF25C267, cid=884, SUCCESS, logIndex=1162, commits[355864cd-7ac5-4934-b366-9756b15dd90f:c1162, ce4aa411-63c8-4399-99eb-27ce352844f3:c1158, 3eeffb0a-787e-48ec-a2f5-d0c540a89489:c1158]
2019-08-21 15:29:38,684 | INFO  | DNAudit | user=null | ip=null | op=PUT_BLOCK {blockData=[blockId=conID: 1 locID: 102655680532709807 bcsId: 0,size=4194304]} | ret=SUCCESS |  
2019-08-21 15:29:38,684 | INFO  | DNAudit | user=null | ip=null | op=WRITE_CHUNK {blockData=conID: 1 locID: 102655680532709807 bcsId: 1158} | ret=SUCCESS |  
2019-08-21 15:29:38,685 | INFO  | DNAudit | user=null | ip=null | op=PUT_BLOCK {blockData=[blockId=conID: 1 locID: 102655680532709807 bcsId: 0,size=4194304]} | ret=SUCCESS |  
2019-08-21 15:29:38,685 [grpc-default-executor-4] INFO  client.GrpcClientProtocolClient (GrpcClientProtocolClient.java:onNext(255)) - client-029E50227556->355864cd-7ac5-4934-b366-9756b15dd90f: receive RaftClientReply:client-029E50227556->355864cd-7ac5-4934-b366-9756b15dd90f@group-785BCF25C267, cid=885, SUCCESS, logIndex=0, commits[355864cd-7ac5-4934-b366-9756b15dd90f:c1163, ce4aa411-63c8-4399-99eb-27ce352844f3:c1162, 3eeffb0a-787e-48ec-a2f5-d0c540a89489:c1162]
2019-08-21 15:29:38,693 | INFO  | DNAudit | user=null | ip=null | op=WRITE_CHUNK {blockData=conID: 2 locID: 102655680532775344 bcsId: 0} | ret=SUCCESS |  
2019-08-21 15:29:38,697 | INFO  | DNAudit | user=null | ip=null | op=WRITE_CHUNK {blockData=conID: 2 locID: 102655680532775344 bcsId: 0} | ret=SUCCESS |  
2019-08-21 15:29:38,697 | INFO  | DNAudit | user=null | ip=null | op=WRITE_CHUNK {blockData=conID: 2 locID: 102655680532775344 bcsId: 0} | ret=SUCCESS |  
2019-08-21 15:29:38,697 | INFO  | DNAudit | user=null | ip=null | op=WRITE_CHUNK {blockData=conID: 2 locID: 102655680532775344 bcsId: 0} | ret=SUCCESS |  
2019-08-21 15:29:38,699 | INFO  | DNAudit | user=null | ip=null | op=WRITE_CHUNK {blockData=conID: 2 locID: 102655680532775344 bcsId: 0} | ret=SUCCESS |  
2019-08-21 15:29:38,700 | INFO  | DNAudit | user=null | ip=null | op=WRITE_CHUNK {blockData=conID: 2 locID: 102655680532775344 bcsId: 0} | ret=SUCCESS |  
2019-08-21 15:29:38,705 | INFO  | DNAudit | user=null | ip=null | op=WRITE_CHUNK {blockData=conID: 2 locID: 102655680532775344 bcsId: 0} | ret=SUCCESS |  
2019-08-21 15:29:38,706 | INFO  | DNAudit | user=null | ip=null | op=PUT_BLOCK {blockData=[blockId=conID: 2 locID: 102655680532775344 bcsId: 0,size=1048576]} | ret=SUCCESS |  
2019-08-21 15:29:38,706 [grpc-default-executor-3] INFO  client.GrpcClientProtocolClient (GrpcClientProtocolClient.java:onNext(255)) - client-029E50227556->355864cd-7ac5-4934-b366-9756b15dd90f: receive RaftClientReply:client-029E50227556->355864cd-7ac5-4934-b366-9756b15dd90f@group-785BCF25C267, cid=886, SUCCESS, logIndex=1165, commits[355864cd-7ac5-4934-b366-9756b15dd90f:c1166, ce4aa411-63c8-4399-99eb-27ce352844f3:c1164, 3eeffb0a-787e-48ec-a2f5-d0c540a89489:c1164]
2019-08-21 15:29:38,706 | INFO  | DNAudit | user=null | ip=null | op=WRITE_CHUNK {blockData=conID: 2 locID: 102655680532775344 bcsId: 0} | ret=SUCCESS |  
2019-08-21 15:29:38,707 [grpc-default-executor-4] INFO  client.GrpcClientProtocolClient (GrpcClientProtocolClient.java:onNext(255)) - client-029E50227556->355864cd-7ac5-4934-b366-9756b15dd90f: receive RaftClientReply:client-029E50227556->355864cd-7ac5-4934-b366-9756b15dd90f@group-785BCF25C267, cid=887, SUCCESS, logIndex=1166, commits[355864cd-7ac5-4934-b366-9756b15dd90f:c1166, ce4aa411-63c8-4399-99eb-27ce352844f3:c1164, 3eeffb0a-787e-48ec-a2f5-d0c540a89489:c1164]
2019-08-21 15:29:38,707 | INFO  | DNAudit | user=null | ip=null | op=PUT_BLOCK {blockData=[blockId=conID: 2 locID: 102655680532775344 bcsId: 0,size=2097152]} | ret=SUCCESS |  
2019-08-21 15:29:38,707 [grpc-default-executor-4] INFO  client.GrpcClientProtocolClient (GrpcClientProtocolClient.java:onNext(255)) - client-029E50227556->355864cd-7ac5-4934-b366-9756b15dd90f: receive RaftClientReply:client-029E50227556->355864cd-7ac5-4934-b366-9756b15dd90f@group-785BCF25C267, cid=888, SUCCESS, logIndex=1167, commits[355864cd-7ac5-4934-b366-9756b15dd90f:c1168, ce4aa411-63c8-4399-99eb-27ce352844f3:c1164, 3eeffb0a-787e-48ec-a2f5-d0c540a89489:c1164]
2019-08-21 15:29:38,707 [grpc-default-executor-4] INFO  client.GrpcClientProtocolClient (GrpcClientProtocolClient.java:onNext(255)) - client-029E50227556->355864cd-7ac5-4934-b366-9756b15dd90f: receive RaftClientReply:client-029E50227556->355864cd-7ac5-4934-b366-9756b15dd90f@group-785BCF25C267, cid=889, SUCCESS, logIndex=1168, commits[355864cd-7ac5-4934-b366-9756b15dd90f:c1168, ce4aa411-63c8-4399-99eb-27ce352844f3:c1164, 3eeffb0a-787e-48ec-a2f5-d0c540a89489:c1164]
2019-08-21 15:29:38,719 | INFO  | DNAudit | user=null | ip=null | op=WRITE_CHUNK {blockData=conID: 2 locID: 102655680532775344 bcsId: 0} | ret=SUCCESS |  
2019-08-21 15:29:38,719 | INFO  | DNAudit | user=null | ip=null | op=PUT_BLOCK {blockData=[blockId=conID: 2 locID: 102655680532775344 bcsId: 0,size=1048576]} | ret=SUCCESS |  
2019-08-21 15:29:38,720 | INFO  | DNAudit | user=null | ip=null | op=WRITE_CHUNK {blockData=conID: 2 locID: 102655680532775344 bcsId: 0} | ret=SUCCESS |  
2019-08-21 15:29:38,720 | INFO  | DNAudit | user=null | ip=null | op=PUT_BLOCK {blockData=[blockId=conID: 2 locID: 102655680532775344 bcsId: 0,size=1048576]} | ret=SUCCESS |  
2019-08-21 15:29:38,720 | INFO  | DNAudit | user=null | ip=null | op=WRITE_CHUNK {blockData=conID: 2 locID: 102655680532775344 bcsId: 0} | ret=SUCCESS |  
2019-08-21 15:29:38,720 | INFO  | DNAudit | user=null | ip=null | op=WRITE_CHUNK {blockData=conID: 2 locID: 102655680532775344 bcsId: 0} | ret=SUCCESS |  
2019-08-21 15:29:38,720 | INFO  | DNAudit | user=null | ip=null | op=PUT_BLOCK {blockData=[blockId=conID: 2 locID: 102655680532775344 bcsId: 0,size=2097152]} | ret=SUCCESS |  
2019-08-21 15:29:38,720 | INFO  | DNAudit | user=null | ip=null | op=PUT_BLOCK {blockData=[blockId=conID: 2 locID: 102655680532775344 bcsId: 0,size=2097152]} | ret=SUCCESS |  
2019-08-21 15:29:38,721 [grpc-default-executor-4] INFO  client.GrpcClientProtocolClient (GrpcClientProtocolClient.java:onNext(255)) - client-029E50227556->355864cd-7ac5-4934-b366-9756b15dd90f: receive RaftClientReply:client-029E50227556->355864cd-7ac5-4934-b366-9756b15dd90f@group-785BCF25C267, cid=890, SUCCESS, logIndex=0, commits[355864cd-7ac5-4934-b366-9756b15dd90f:c1170, ce4aa411-63c8-4399-99eb-27ce352844f3:c1166, 3eeffb0a-787e-48ec-a2f5-d0c540a89489:c1166]
2019-08-21 15:29:38,728 | INFO  | DNAudit | user=null | ip=null | op=WRITE_CHUNK {blockData=conID: 2 locID: 102655680532775344 bcsId: 1168} | ret=SUCCESS |  
2019-08-21 15:29:38,730 | INFO  | DNAudit | user=null | ip=null | op=WRITE_CHUNK {blockData=conID: 2 locID: 102655680532775344 bcsId: 1168} | ret=SUCCESS |  
2019-08-21 15:29:38,730 | INFO  | DNAudit | user=null | ip=null | op=WRITE_CHUNK {blockData=conID: 2 locID: 102655680532775344 bcsId: 1168} | ret=SUCCESS |  
2019-08-21 15:29:38,741 | INFO  | DNAudit | user=null | ip=null | op=WRITE_CHUNK {blockData=conID: 2 locID: 102655680532775344 bcsId: 1168} | ret=SUCCESS |  
2019-08-21 15:29:38,741 | INFO  | DNAudit | user=null | ip=null | op=PUT_BLOCK {blockData=[blockId=conID: 2 locID: 102655680532775344 bcsId: 0,size=3145728]} | ret=SUCCESS |  
2019-08-21 15:29:38,742 [grpc-default-executor-3] INFO  client.GrpcClientProtocolClient (GrpcClientProtocolClient.java:onNext(255)) - client-029E50227556->355864cd-7ac5-4934-b366-9756b15dd90f: receive RaftClientReply:client-029E50227556->355864cd-7ac5-4934-b366-9756b15dd90f@group-785BCF25C267, cid=891, SUCCESS, logIndex=1173, commits[355864cd-7ac5-4934-b366-9756b15dd90f:c1174, ce4aa411-63c8-4399-99eb-27ce352844f3:c1172, 3eeffb0a-787e-48ec-a2f5-d0c540a89489:c1172]
2019-08-21 15:29:38,742 [grpc-default-executor-3] INFO  client.GrpcClientProtocolClient (GrpcClientProtocolClient.java:onNext(255)) - client-029E50227556->355864cd-7ac5-4934-b366-9756b15dd90f: receive RaftClientReply:client-029E50227556->355864cd-7ac5-4934-b366-9756b15dd90f@group-785BCF25C267, cid=892, SUCCESS, logIndex=1174, commits[355864cd-7ac5-4934-b366-9756b15dd90f:c1174, ce4aa411-63c8-4399-99eb-27ce352844f3:c1172, 3eeffb0a-787e-48ec-a2f5-d0c540a89489:c1172]
2019-08-21 15:29:38,750 | INFO  | DNAudit | user=null | ip=null | op=WRITE_CHUNK {blockData=conID: 2 locID: 102655680532775344 bcsId: 1174} | ret=SUCCESS |  
2019-08-21 15:29:38,752 | INFO  | DNAudit | user=null | ip=null | op=WRITE_CHUNK {blockData=conID: 2 locID: 102655680532775344 bcsId: 1174} | ret=SUCCESS |  
2019-08-21 15:29:38,753 | INFO  | DNAudit | user=null | ip=null | op=WRITE_CHUNK {blockData=conID: 2 locID: 102655680532775344 bcsId: 1174} | ret=SUCCESS |  
2019-08-21 15:29:38,753 | INFO  | DNAudit | user=null | ip=null | op=WRITE_CHUNK {blockData=conID: 2 locID: 102655680532775344 bcsId: 1168} | ret=SUCCESS |  
2019-08-21 15:29:38,753 | INFO  | DNAudit | user=null | ip=null | op=WRITE_CHUNK {blockData=conID: 2 locID: 102655680532775344 bcsId: 1168} | ret=SUCCESS |  
2019-08-21 15:29:38,753 | INFO  | DNAudit | user=null | ip=null | op=PUT_BLOCK {blockData=[blockId=conID: 2 locID: 102655680532775344 bcsId: 0,size=3145728]} | ret=SUCCESS |  
2019-08-21 15:29:38,753 | INFO  | DNAudit | user=null | ip=null | op=PUT_BLOCK {blockData=[blockId=conID: 2 locID: 102655680532775344 bcsId: 0,size=3145728]} | ret=SUCCESS |  
2019-08-21 15:29:38,755 | INFO  | DNAudit | user=null | ip=null | op=WRITE_CHUNK {blockData=conID: 2 locID: 102655680532775344 bcsId: 1174} | ret=SUCCESS |  
2019-08-21 15:29:38,755 | INFO  | DNAudit | user=null | ip=null | op=PUT_BLOCK {blockData=[blockId=conID: 2 locID: 102655680532775344 bcsId: 0,size=4194304]} | ret=SUCCESS |  
2019-08-21 15:29:38,756 [grpc-default-executor-4] INFO  client.GrpcClientProtocolClient (GrpcClientProtocolClient.java:onNext(255)) - client-029E50227556->355864cd-7ac5-4934-b366-9756b15dd90f: receive RaftClientReply:client-029E50227556->355864cd-7ac5-4934-b366-9756b15dd90f@group-785BCF25C267, cid=893, SUCCESS, logIndex=1177, commits[355864cd-7ac5-4934-b366-9756b15dd90f:c1178, ce4aa411-63c8-4399-99eb-27ce352844f3:c1174, 3eeffb0a-787e-48ec-a2f5-d0c540a89489:c1174]
2019-08-21 15:29:38,756 | INFO  | DNAudit | user=null | ip=null | op=WRITE_CHUNK {blockData=conID: 2 locID: 102655680532775344 bcsId: 1174} | ret=SUCCESS |  
2019-08-21 15:29:38,756 [grpc-default-executor-4] INFO  client.GrpcClientProtocolClient (GrpcClientProtocolClient.java:onNext(255)) - client-029E50227556->355864cd-7ac5-4934-b366-9756b15dd90f: receive RaftClientReply:client-029E50227556->355864cd-7ac5-4934-b366-9756b15dd90f@group-785BCF25C267, cid=894, SUCCESS, logIndex=1178, commits[355864cd-7ac5-4934-b366-9756b15dd90f:c1178, ce4aa411-63c8-4399-99eb-27ce352844f3:c1174, 3eeffb0a-787e-48ec-a2f5-d0c540a89489:c1174]
2019-08-21 15:29:38,756 | INFO  | DNAudit | user=null | ip=null | op=WRITE_CHUNK {blockData=conID: 2 locID: 102655680532775344 bcsId: 1174} | ret=SUCCESS |  
2019-08-21 15:29:38,757 | INFO  | DNAudit | user=null | ip=null | op=PUT_BLOCK {blockData=[blockId=conID: 2 locID: 102655680532775344 bcsId: 0,size=4194304]} | ret=SUCCESS |  
2019-08-21 15:29:38,758 | INFO  | DNAudit | user=null | ip=null | op=PUT_BLOCK {blockData=[blockId=conID: 2 locID: 102655680532775344 bcsId: 0,size=4194304]} | ret=SUCCESS |  
2019-08-21 15:29:38,758 [grpc-default-executor-3] INFO  client.GrpcClientProtocolClient (GrpcClientProtocolClient.java:onNext(255)) - client-029E50227556->355864cd-7ac5-4934-b366-9756b15dd90f: receive RaftClientReply:client-029E50227556->355864cd-7ac5-4934-b366-9756b15dd90f@group-785BCF25C267, cid=895, SUCCESS, logIndex=0, commits[355864cd-7ac5-4934-b366-9756b15dd90f:c1180, ce4aa411-63c8-4399-99eb-27ce352844f3:c1178, 3eeffb0a-787e-48ec-a2f5-d0c540a89489:c1178]
2019-08-21 15:29:38,765 | INFO  | DNAudit | user=null | ip=null | op=WRITE_CHUNK {blockData=conID: 3 locID: 102655680532775345 bcsId: 0} | ret=SUCCESS |  
2019-08-21 15:29:38,769 | INFO  | DNAudit | user=null | ip=null | op=WRITE_CHUNK {blockData=conID: 3 locID: 102655680532775345 bcsId: 0} | ret=SUCCESS |  
2019-08-21 15:29:38,769 | INFO  | DNAudit | user=null | ip=null | op=WRITE_CHUNK {blockData=conID: 3 locID: 102655680532775345 bcsId: 0} | ret=SUCCESS |  
2019-08-21 15:29:38,769 | INFO  | DNAudit | user=null | ip=null | op=WRITE_CHUNK {blockData=conID: 3 locID: 102655680532775345 bcsId: 0} | ret=SUCCESS |  
2019-08-21 15:29:38,771 | INFO  | DNAudit | user=null | ip=null | op=WRITE_CHUNK {blockData=conID: 3 locID: 102655680532775345 bcsId: 0} | ret=SUCCESS |  
2019-08-21 15:29:38,771 | INFO  | DNAudit | user=null | ip=null | op=WRITE_CHUNK {blockData=conID: 3 locID: 102655680532775345 bcsId: 0} | ret=SUCCESS |  
2019-08-21 15:29:38,779 | INFO  | DNAudit | user=null | ip=null | op=WRITE_CHUNK {blockData=conID: 3 locID: 102655680532775345 bcsId: 0} | ret=SUCCESS |  
2019-08-21 15:29:38,779 | INFO  | DNAudit | user=null | ip=null | op=PUT_BLOCK {blockData=[blockId=conID: 3 locID: 102655680532775345 bcsId: 0,size=1048576]} | ret=SUCCESS |  
2019-08-21 15:29:38,780 [grpc-default-executor-2] INFO  client.GrpcClientProtocolClient (GrpcClientProtocolClient.java:onNext(255)) - client-029E50227556->355864cd-7ac5-4934-b366-9756b15dd90f: receive RaftClientReply:client-029E50227556->355864cd-7ac5-4934-b366-9756b15dd90f@group-785BCF25C267, cid=896, SUCCESS, logIndex=1181, commits[355864cd-7ac5-4934-b366-9756b15dd90f:c1184, ce4aa411-63c8-4399-99eb-27ce352844f3:c1180, 3eeffb0a-787e-48ec-a2f5-d0c540a89489:c1180]
2019-08-21 15:29:38,780 | INFO  | DNAudit | user=null | ip=null | op=WRITE_CHUNK {blockData=conID: 3 locID: 102655680532775345 bcsId: 0} | ret=SUCCESS |  
2019-08-21 15:29:38,780 | INFO  | DNAudit | user=null | ip=null | op=WRITE_CHUNK {blockData=conID: 3 locID: 102655680532775345 bcsId: 0} | ret=SUCCESS |  
2019-08-21 15:29:38,780 | INFO  | DNAudit | user=null | ip=null | op=PUT_BLOCK {blockData=[blockId=conID: 3 locID: 102655680532775345 bcsId: 0,size=2097152]} | ret=SUCCESS |  
2019-08-21 15:29:38,781 [grpc-default-executor-2] INFO  client.GrpcClientProtocolClient (GrpcClientProtocolClient.java:onNext(255)) - client-029E50227556->355864cd-7ac5-4934-b366-9756b15dd90f: receive RaftClientReply:client-029E50227556->355864cd-7ac5-4934-b366-9756b15dd90f@group-785BCF25C267, cid=897, SUCCESS, logIndex=1182, commits[355864cd-7ac5-4934-b366-9756b15dd90f:c1184, ce4aa411-63c8-4399-99eb-27ce352844f3:c1180, 3eeffb0a-787e-48ec-a2f5-d0c540a89489:c1180]
2019-08-21 15:29:38,781 | INFO  | DNAudit | user=null | ip=null | op=WRITE_CHUNK {blockData=conID: 3 locID: 102655680532775345 bcsId: 0} | ret=SUCCESS |  
2019-08-21 15:29:38,781 [grpc-default-executor-2] INFO  client.GrpcClientProtocolClient (GrpcClientProtocolClient.java:onNext(255)) - client-029E50227556->355864cd-7ac5-4934-b366-9756b15dd90f: receive RaftClientReply:client-029E50227556->355864cd-7ac5-4934-b366-9756b15dd90f@group-785BCF25C267, cid=898, SUCCESS, logIndex=1183, commits[355864cd-7ac5-4934-b366-9756b15dd90f:c1184, ce4aa411-63c8-4399-99eb-27ce352844f3:c1180, 3eeffb0a-787e-48ec-a2f5-d0c540a89489:c1180]
2019-08-21 15:29:38,781 | INFO  | DNAudit | user=null | ip=null | op=PUT_BLOCK {blockData=[blockId=conID: 3 locID: 102655680532775345 bcsId: 0,size=1048576]} | ret=SUCCESS |  
2019-08-21 15:29:38,782 | INFO  | DNAudit | user=null | ip=null | op=WRITE_CHUNK {blockData=conID: 3 locID: 102655680532775345 bcsId: 0} | ret=SUCCESS |  
2019-08-21 15:29:38,781 [grpc-default-executor-4] INFO  client.GrpcClientProtocolClient (GrpcClientProtocolClient.java:onNext(255)) - client-029E50227556->355864cd-7ac5-4934-b366-9756b15dd90f: receive RaftClientReply:client-029E50227556->355864cd-7ac5-4934-b366-9756b15dd90f@group-785BCF25C267, cid=899, SUCCESS, logIndex=1184, commits[355864cd-7ac5-4934-b366-9756b15dd90f:c1185, ce4aa411-63c8-4399-99eb-27ce352844f3:c1180, 3eeffb0a-787e-48ec-a2f5-d0c540a89489:c1181]
2019-08-21 15:29:38,782 | INFO  | DNAudit | user=null | ip=null | op=PUT_BLOCK {blockData=[blockId=conID: 3 locID: 102655680532775345 bcsId: 0,size=2097152]} | ret=SUCCESS |  
2019-08-21 15:29:38,782 | INFO  | DNAudit | user=null | ip=null | op=PUT_BLOCK {blockData=[blockId=conID: 3 locID: 102655680532775345 bcsId: 0,size=1048576]} | ret=SUCCESS |  
2019-08-21 15:29:38,782 | INFO  | DNAudit | user=null | ip=null | op=WRITE_CHUNK {blockData=conID: 3 locID: 102655680532775345 bcsId: 0} | ret=SUCCESS |  
2019-08-21 15:29:38,782 | INFO  | DNAudit | user=null | ip=null | op=PUT_BLOCK {blockData=[blockId=conID: 3 locID: 102655680532775345 bcsId: 0,size=2097152]} | ret=SUCCESS |  
2019-08-21 15:29:38,783 [grpc-default-executor-2] INFO  client.GrpcClientProtocolClient (GrpcClientProtocolClient.java:onNext(255)) - client-029E50227556->355864cd-7ac5-4934-b366-9756b15dd90f: receive RaftClientReply:client-029E50227556->355864cd-7ac5-4934-b366-9756b15dd90f@group-785BCF25C267, cid=900, SUCCESS, logIndex=0, commits[355864cd-7ac5-4934-b366-9756b15dd90f:c1188, ce4aa411-63c8-4399-99eb-27ce352844f3:c1184, 3eeffb0a-787e-48ec-a2f5-d0c540a89489:c1184]
2019-08-21 15:29:38,791 | INFO  | DNAudit | user=null | ip=null | op=WRITE_CHUNK {blockData=conID: 3 locID: 102655680532775345 bcsId: 1184} | ret=SUCCESS |  
2019-08-21 15:29:38,794 | INFO  | DNAudit | user=null | ip=null | op=WRITE_CHUNK {blockData=conID: 3 locID: 102655680532775345 bcsId: 1184} | ret=SUCCESS |  
2019-08-21 15:29:38,794 | INFO  | DNAudit | user=null | ip=null | op=WRITE_CHUNK {blockData=conID: 3 locID: 102655680532775345 bcsId: 1184} | ret=SUCCESS |  
2019-08-21 15:29:38,802 | INFO  | DNAudit | user=null | ip=null | op=WRITE_CHUNK {blockData=conID: 3 locID: 102655680532775345 bcsId: 1184} | ret=SUCCESS |  
2019-08-21 15:29:38,802 | INFO  | DNAudit | user=null | ip=null | op=PUT_BLOCK {blockData=[blockId=conID: 3 locID: 102655680532775345 bcsId: 0,size=3145728]} | ret=SUCCESS |  
2019-08-21 15:29:38,803 [grpc-default-executor-2] INFO  client.GrpcClientProtocolClient (GrpcClientProtocolClient.java:onNext(255)) - client-029E50227556->355864cd-7ac5-4934-b366-9756b15dd90f: receive RaftClientReply:client-029E50227556->355864cd-7ac5-4934-b366-9756b15dd90f@group-785BCF25C267, cid=901, SUCCESS, logIndex=1189, commits[355864cd-7ac5-4934-b366-9756b15dd90f:c1190, ce4aa411-63c8-4399-99eb-27ce352844f3:c1188, 3eeffb0a-787e-48ec-a2f5-d0c540a89489:c1188]
2019-08-21 15:29:38,803 [grpc-default-executor-2] INFO  client.GrpcClientProtocolClient (GrpcClientProtocolClient.java:onNext(255)) - client-029E50227556->355864cd-7ac5-4934-b366-9756b15dd90f: receive RaftClientReply:client-029E50227556->355864cd-7ac5-4934-b366-9756b15dd90f@group-785BCF25C267, cid=902, SUCCESS, logIndex=1190, commits[355864cd-7ac5-4934-b366-9756b15dd90f:c1190, ce4aa411-63c8-4399-99eb-27ce352844f3:c1188, 3eeffb0a-787e-48ec-a2f5-d0c540a89489:c1188]
2019-08-21 15:29:38,810 | INFO  | DNAudit | user=null | ip=null | op=WRITE_CHUNK {blockData=conID: 3 locID: 102655680532775345 bcsId: 1190} | ret=SUCCESS |  
2019-08-21 15:29:38,812 | INFO  | DNAudit | user=null | ip=null | op=WRITE_CHUNK {blockData=conID: 3 locID: 102655680532775345 bcsId: 1184} | ret=SUCCESS |  
2019-08-21 15:29:38,812 | INFO  | DNAudit | user=null | ip=null | op=WRITE_CHUNK {blockData=conID: 3 locID: 102655680532775345 bcsId: 1184} | ret=SUCCESS |  
2019-08-21 15:29:38,813 | INFO  | DNAudit | user=null | ip=null | op=PUT_BLOCK {blockData=[blockId=conID: 3 locID: 102655680532775345 bcsId: 0,size=3145728]} | ret=SUCCESS |  
2019-08-21 15:29:38,813 | INFO  | DNAudit | user=null | ip=null | op=PUT_BLOCK {blockData=[blockId=conID: 3 locID: 102655680532775345 bcsId: 0,size=3145728]} | ret=SUCCESS |  
2019-08-21 15:29:38,813 | INFO  | DNAudit | user=null | ip=null | op=WRITE_CHUNK {blockData=conID: 3 locID: 102655680532775345 bcsId: 1190} | ret=SUCCESS |  
2019-08-21 15:29:38,813 | INFO  | DNAudit | user=null | ip=null | op=WRITE_CHUNK {blockData=conID: 3 locID: 102655680532775345 bcsId: 1190} | ret=SUCCESS |  
2019-08-21 15:29:38,824 | INFO  | DNAudit | user=null | ip=null | op=WRITE_CHUNK {blockData=conID: 3 locID: 102655680532775345 bcsId: 1190} | ret=SUCCESS |  
2019-08-21 15:29:38,825 | INFO  | DNAudit | user=null | ip=null | op=PUT_BLOCK {blockData=[blockId=conID: 3 locID: 102655680532775345 bcsId: 0,size=4194304]} | ret=SUCCESS |  
2019-08-21 15:29:38,825 [grpc-default-executor-4] INFO  client.GrpcClientProtocolClient (GrpcClientProtocolClient.java:onNext(255)) - client-029E50227556->355864cd-7ac5-4934-b366-9756b15dd90f: receive RaftClientReply:client-029E50227556->355864cd-7ac5-4934-b366-9756b15dd90f@group-785BCF25C267, cid=903, SUCCESS, logIndex=1193, commits[355864cd-7ac5-4934-b366-9756b15dd90f:c1194, ce4aa411-63c8-4399-99eb-27ce352844f3:c1190, 3eeffb0a-787e-48ec-a2f5-d0c540a89489:c1190]
2019-08-21 15:29:38,825 [grpc-default-executor-4] INFO  client.GrpcClientProtocolClient (GrpcClientProtocolClient.java:onNext(255)) - client-029E50227556->355864cd-7ac5-4934-b366-9756b15dd90f: receive RaftClientReply:client-029E50227556->355864cd-7ac5-4934-b366-9756b15dd90f@group-785BCF25C267, cid=904, SUCCESS, logIndex=1194, commits[355864cd-7ac5-4934-b366-9756b15dd90f:c1194, ce4aa411-63c8-4399-99eb-27ce352844f3:c1190, 3eeffb0a-787e-48ec-a2f5-d0c540a89489:c1190]
2019-08-21 15:29:38,826 | INFO  | DNAudit | user=null | ip=null | op=WRITE_CHUNK {blockData=conID: 3 locID: 102655680532775345 bcsId: 1190} | ret=SUCCESS |  
2019-08-21 15:29:38,826 | INFO  | DNAudit | user=null | ip=null | op=WRITE_CHUNK {blockData=conID: 3 locID: 102655680532775345 bcsId: 1190} | ret=SUCCESS |  
2019-08-21 15:29:38,826 | INFO  | DNAudit | user=null | ip=null | op=PUT_BLOCK {blockData=[blockId=conID: 3 locID: 102655680532775345 bcsId: 0,size=4194304]} | ret=SUCCESS |  
2019-08-21 15:29:38,826 | INFO  | DNAudit | user=null | ip=null | op=PUT_BLOCK {blockData=[blockId=conID: 3 locID: 102655680532775345 bcsId: 0,size=4194304]} | ret=SUCCESS |  
2019-08-21 15:29:38,827 [grpc-default-executor-4] INFO  client.GrpcClientProtocolClient (GrpcClientProtocolClient.java:onNext(255)) - client-029E50227556->355864cd-7ac5-4934-b366-9756b15dd90f: receive RaftClientReply:client-029E50227556->355864cd-7ac5-4934-b366-9756b15dd90f@group-785BCF25C267, cid=905, SUCCESS, logIndex=0, commits[355864cd-7ac5-4934-b366-9756b15dd90f:c1195, ce4aa411-63c8-4399-99eb-27ce352844f3:c1194, 3eeffb0a-787e-48ec-a2f5-d0c540a89489:c1194]
2019-08-21 15:29:38,834 | INFO  | DNAudit | user=null | ip=null | op=WRITE_CHUNK {blockData=conID: 1 locID: 102655680532775346 bcsId: 0} | ret=SUCCESS |  
2019-08-21 15:29:38,835 | INFO  | DNAudit | user=null | ip=null | op=WRITE_CHUNK {blockData=conID: 1 locID: 102655680532775346 bcsId: 0} | ret=SUCCESS |  
2019-08-21 15:29:38,837 | INFO  | DNAudit | user=null | ip=null | op=WRITE_CHUNK {blockData=conID: 1 locID: 102655680532775346 bcsId: 0} | ret=SUCCESS |  
2019-08-21 15:29:38,837 | INFO  | DNAudit | user=null | ip=null | op=WRITE_CHUNK {blockData=conID: 1 locID: 102655680532775346 bcsId: 0} | ret=SUCCESS |  
2019-08-21 15:29:38,839 | INFO  | DNAudit | user=null | ip=null | op=WRITE_CHUNK {blockData=conID: 1 locID: 102655680532775346 bcsId: 0} | ret=SUCCESS |  
2019-08-21 15:29:38,839 | INFO  | DNAudit | user=null | ip=null | op=WRITE_CHUNK {blockData=conID: 1 locID: 102655680532775346 bcsId: 0} | ret=SUCCESS |  
2019-08-21 15:29:38,863 | INFO  | DNAudit | user=null | ip=null | op=WRITE_CHUNK {blockData=conID: 1 locID: 102655680532775346 bcsId: 0} | ret=SUCCESS |  
2019-08-21 15:29:38,863 | INFO  | DNAudit | user=null | ip=null | op=PUT_BLOCK {blockData=[blockId=conID: 1 locID: 102655680532775346 bcsId: 0,size=1048576]} | ret=SUCCESS |  
2019-08-21 15:29:38,863 | INFO  | DNAudit | user=null | ip=null | op=WRITE_CHUNK {blockData=conID: 1 locID: 102655680532775346 bcsId: 0} | ret=SUCCESS |  
2019-08-21 15:29:38,863 [grpc-default-executor-3] INFO  client.GrpcClientProtocolClient (GrpcClientProtocolClient.java:onNext(255)) - client-029E50227556->355864cd-7ac5-4934-b366-9756b15dd90f: receive RaftClientReply:client-029E50227556->355864cd-7ac5-4934-b366-9756b15dd90f@group-785BCF25C267, cid=906, SUCCESS, logIndex=1197, commits[355864cd-7ac5-4934-b366-9756b15dd90f:c1198, ce4aa411-63c8-4399-99eb-27ce352844f3:c1196, 3eeffb0a-787e-48ec-a2f5-d0c540a89489:c1196]
2019-08-21 15:29:38,864 | INFO  | DNAudit | user=null | ip=null | op=PUT_BLOCK {blockData=[blockId=conID: 1 locID: 102655680532775346 bcsId: 0,size=2097152]} | ret=SUCCESS |  
2019-08-21 15:29:38,864 [grpc-default-executor-3] INFO  client.GrpcClientProtocolClient (GrpcClientProtocolClient.java:onNext(255)) - client-029E50227556->355864cd-7ac5-4934-b366-9756b15dd90f: receive RaftClientReply:client-029E50227556->355864cd-7ac5-4934-b366-9756b15dd90f@group-785BCF25C267, cid=907, SUCCESS, logIndex=1198, commits[355864cd-7ac5-4934-b366-9756b15dd90f:c1200, ce4aa411-63c8-4399-99eb-27ce352844f3:c1196, 3eeffb0a-787e-48ec-a2f5-d0c540a89489:c1196]
2019-08-21 15:29:38,864 | INFO  | DNAudit | user=null | ip=null | op=WRITE_CHUNK {blockData=conID: 1 locID: 102655680532775346 bcsId: 0} | ret=SUCCESS |  
2019-08-21 15:29:38,864 [grpc-default-executor-3] INFO  client.GrpcClientProtocolClient (GrpcClientProtocolClient.java:onNext(255)) - client-029E50227556->355864cd-7ac5-4934-b366-9756b15dd90f: receive RaftClientReply:client-029E50227556->355864cd-7ac5-4934-b366-9756b15dd90f@group-785BCF25C267, cid=908, SUCCESS, logIndex=1199, commits[355864cd-7ac5-4934-b366-9756b15dd90f:c1200, ce4aa411-63c8-4399-99eb-27ce352844f3:c1196, 3eeffb0a-787e-48ec-a2f5-d0c540a89489:c1196]
2019-08-21 15:29:38,865 [grpc-default-executor-3] INFO  client.GrpcClientProtocolClient (GrpcClientProtocolClient.java:onNext(255)) - client-029E50227556->355864cd-7ac5-4934-b366-9756b15dd90f: receive RaftClientReply:client-029E50227556->355864cd-7ac5-4934-b366-9756b15dd90f@group-785BCF25C267, cid=909, SUCCESS, logIndex=1200, commits[355864cd-7ac5-4934-b366-9756b15dd90f:c1200, ce4aa411-63c8-4399-99eb-27ce352844f3:c1196, 3eeffb0a-787e-48ec-a2f5-d0c540a89489:c1196]
2019-08-21 15:29:38,865 | INFO  | DNAudit | user=null | ip=null | op=PUT_BLOCK {blockData=[blockId=conID: 1 locID: 102655680532775346 bcsId: 0,size=1048576]} | ret=SUCCESS |  
2019-08-21 15:29:38,865 | INFO  | DNAudit | user=null | ip=null | op=WRITE_CHUNK {blockData=conID: 1 locID: 102655680532775346 bcsId: 0} | ret=SUCCESS |  
2019-08-21 15:29:38,866 | INFO  | DNAudit | user=null | ip=null | op=PUT_BLOCK {blockData=[blockId=conID: 1 locID: 102655680532775346 bcsId: 0,size=1048576]} | ret=SUCCESS |  
2019-08-21 15:29:38,866 | INFO  | DNAudit | user=null | ip=null | op=WRITE_CHUNK {blockData=conID: 1 locID: 102655680532775346 bcsId: 0} | ret=SUCCESS |  
2019-08-21 15:29:38,866 | INFO  | DNAudit | user=null | ip=null | op=WRITE_CHUNK {blockData=conID: 1 locID: 102655680532775346 bcsId: 0} | ret=SUCCESS |  
2019-08-21 15:29:38,866 | INFO  | DNAudit | user=null | ip=null | op=PUT_BLOCK {blockData=[blockId=conID: 1 locID: 102655680532775346 bcsId: 0,size=2097152]} | ret=SUCCESS |  
2019-08-21 15:29:38,866 | INFO  | DNAudit | user=null | ip=null | op=PUT_BLOCK {blockData=[blockId=conID: 1 locID: 102655680532775346 bcsId: 0,size=2097152]} | ret=SUCCESS |  
2019-08-21 15:29:38,866 [grpc-default-executor-2] INFO  client.GrpcClientProtocolClient (GrpcClientProtocolClient.java:onNext(255)) - client-029E50227556->355864cd-7ac5-4934-b366-9756b15dd90f: receive RaftClientReply:client-029E50227556->355864cd-7ac5-4934-b366-9756b15dd90f@group-785BCF25C267, cid=910, SUCCESS, logIndex=0, commits[355864cd-7ac5-4934-b366-9756b15dd90f:c1202, ce4aa411-63c8-4399-99eb-27ce352844f3:c1198, 3eeffb0a-787e-48ec-a2f5-d0c540a89489:c1198]
2019-08-21 15:29:38,873 | INFO  | DNAudit | user=null | ip=null | op=WRITE_CHUNK {blockData=conID: 1 locID: 102655680532775346 bcsId: 1200} | ret=SUCCESS |  
2019-08-21 15:29:38,876 | INFO  | DNAudit | user=null | ip=null | op=WRITE_CHUNK {blockData=conID: 1 locID: 102655680532775346 bcsId: 1200} | ret=SUCCESS |  
2019-08-21 15:29:38,876 | INFO  | DNAudit | user=null | ip=null | op=WRITE_CHUNK {blockData=conID: 1 locID: 102655680532775346 bcsId: 1200} | ret=SUCCESS |  
2019-08-21 15:29:38,886 | INFO  | DNAudit | user=null | ip=null | op=WRITE_CHUNK {blockData=conID: 1 locID: 102655680532775346 bcsId: 1200} | ret=SUCCESS |  
2019-08-21 15:29:38,886 | INFO  | DNAudit | user=null | ip=null | op=PUT_BLOCK {blockData=[blockId=conID: 1 locID: 102655680532775346 bcsId: 0,size=3145728]} | ret=SUCCESS |  
2019-08-21 15:29:38,887 [grpc-default-executor-3] INFO  client.GrpcClientProtocolClient (GrpcClientProtocolClient.java:onNext(255)) - client-029E50227556->355864cd-7ac5-4934-b366-9756b15dd90f: receive RaftClientReply:client-029E50227556->355864cd-7ac5-4934-b366-9756b15dd90f@group-785BCF25C267, cid=911, SUCCESS, logIndex=1204, commits[355864cd-7ac5-4934-b366-9756b15dd90f:c1205, ce4aa411-63c8-4399-99eb-27ce352844f3:c1203, 3eeffb0a-787e-48ec-a2f5-d0c540a89489:c1203]
2019-08-21 15:29:38,887 [grpc-default-executor-3] INFO  client.GrpcClientProtocolClient (GrpcClientProtocolClient.java:onNext(255)) - client-029E50227556->355864cd-7ac5-4934-b366-9756b15dd90f: receive RaftClientReply:client-029E50227556->355864cd-7ac5-4934-b366-9756b15dd90f@group-785BCF25C267, cid=912, SUCCESS, logIndex=1205, commits[355864cd-7ac5-4934-b366-9756b15dd90f:c1205, ce4aa411-63c8-4399-99eb-27ce352844f3:c1203, 3eeffb0a-787e-48ec-a2f5-d0c540a89489:c1203]
2019-08-21 15:29:38,895 | INFO  | DNAudit | user=null | ip=null | op=WRITE_CHUNK {blockData=conID: 1 locID: 102655680532775346 bcsId: 1205} | ret=SUCCESS |  
2019-08-21 15:29:38,897 | INFO  | DNAudit | user=null | ip=null | op=WRITE_CHUNK {blockData=conID: 1 locID: 102655680532775346 bcsId: 1205} | ret=SUCCESS |  
2019-08-21 15:29:38,897 | INFO  | DNAudit | user=null | ip=null | op=WRITE_CHUNK {blockData=conID: 1 locID: 102655680532775346 bcsId: 1200} | ret=SUCCESS |  
2019-08-21 15:29:38,897 | INFO  | DNAudit | user=null | ip=null | op=WRITE_CHUNK {blockData=conID: 1 locID: 102655680532775346 bcsId: 1200} | ret=SUCCESS |  
2019-08-21 15:29:38,898 | INFO  | DNAudit | user=null | ip=null | op=WRITE_CHUNK {blockData=conID: 1 locID: 102655680532775346 bcsId: 1205} | ret=SUCCESS |  
2019-08-21 15:29:38,898 | INFO  | DNAudit | user=null | ip=null | op=PUT_BLOCK {blockData=[blockId=conID: 1 locID: 102655680532775346 bcsId: 0,size=3145728]} | ret=SUCCESS |  
2019-08-21 15:29:38,898 | INFO  | DNAudit | user=null | ip=null | op=PUT_BLOCK {blockData=[blockId=conID: 1 locID: 102655680532775346 bcsId: 0,size=3145728]} | ret=SUCCESS |  
2019-08-21 15:29:39,044 | INFO  | DNAudit | user=null | ip=null | op=WRITE_CHUNK {blockData=conID: 1 locID: 102655680532775346 bcsId: 1205} | ret=SUCCESS |  
2019-08-21 15:29:39,045 | INFO  | DNAudit | user=null | ip=null | op=PUT_BLOCK {blockData=[blockId=conID: 1 locID: 102655680532775346 bcsId: 0,size=4194304]} | ret=SUCCESS |  
2019-08-21 15:29:39,045 | INFO  | SCMAudit | user=jenkins1000 | ip=192.168.5.153 | op=SEND_HEARTBEAT {datanodeUUID=a38cd7e0-d792-481c-a4c0-f4feaa89ec8f, command=[]} | ret=SUCCESS |  
2019-08-21 15:29:39,045 | INFO  | SCMAudit | user=jenkins1000 | ip=192.168.5.153 | op=SEND_HEARTBEAT {datanodeUUID=a0074e04-2715-4b16-a2b0-10b5043d27ae, command=[]} | ret=SUCCESS |  
2019-08-21 15:29:39,045 [grpc-default-executor-2] INFO  client.GrpcClientProtocolClient (GrpcClientProtocolClient.java:onNext(255)) - client-029E50227556->355864cd-7ac5-4934-b366-9756b15dd90f: receive RaftClientReply:client-029E50227556->355864cd-7ac5-4934-b366-9756b15dd90f@group-785BCF25C267, cid=913, SUCCESS, logIndex=1208, commits[355864cd-7ac5-4934-b366-9756b15dd90f:c1209, ce4aa411-63c8-4399-99eb-27ce352844f3:c1205, 3eeffb0a-787e-48ec-a2f5-d0c540a89489:c1205]
2019-08-21 15:29:39,046 [grpc-default-executor-2] INFO  client.GrpcClientProtocolClient (GrpcClientProtocolClient.java:onNext(255)) - client-029E50227556->355864cd-7ac5-4934-b366-9756b15dd90f: receive RaftClientReply:client-029E50227556->355864cd-7ac5-4934-b366-9756b15dd90f@group-785BCF25C267, cid=914, SUCCESS, logIndex=1209, commits[355864cd-7ac5-4934-b366-9756b15dd90f:c1209, ce4aa411-63c8-4399-99eb-27ce352844f3:c1205, 3eeffb0a-787e-48ec-a2f5-d0c540a89489:c1205]
2019-08-21 15:29:39,055 | INFO  | DNAudit | user=null | ip=null | op=WRITE_CHUNK {blockData=conID: 1 locID: 102655680532775346 bcsId: 1205} | ret=SUCCESS |  
2019-08-21 15:29:39,055 | INFO  | DNAudit | user=null | ip=null | op=WRITE_CHUNK {blockData=conID: 1 locID: 102655680532775346 bcsId: 1205} | ret=SUCCESS |  
2019-08-21 15:29:39,055 | INFO  | DNAudit | user=null | ip=null | op=PUT_BLOCK {blockData=[blockId=conID: 1 locID: 102655680532775346 bcsId: 0,size=4194304]} | ret=SUCCESS |  
2019-08-21 15:29:39,055 | INFO  | DNAudit | user=null | ip=null | op=PUT_BLOCK {blockData=[blockId=conID: 1 locID: 102655680532775346 bcsId: 0,size=4194304]} | ret=SUCCESS |  
2019-08-21 15:29:39,056 [grpc-default-executor-2] INFO  client.GrpcClientProtocolClient (GrpcClientProtocolClient.java:onNext(255)) - client-029E50227556->355864cd-7ac5-4934-b366-9756b15dd90f: receive RaftClientReply:client-029E50227556->355864cd-7ac5-4934-b366-9756b15dd90f@group-785BCF25C267, cid=915, SUCCESS, logIndex=0, commits[355864cd-7ac5-4934-b366-9756b15dd90f:c1210, ce4aa411-63c8-4399-99eb-27ce352844f3:c1209, 3eeffb0a-787e-48ec-a2f5-d0c540a89489:c1209]
2019-08-21 15:29:39,067 | INFO  | DNAudit | user=null | ip=null | op=WRITE_CHUNK {blockData=conID: 2 locID: 102655680532775347 bcsId: 0} | ret=SUCCESS |  
2019-08-21 15:29:39,070 | INFO  | DNAudit | user=null | ip=null | op=WRITE_CHUNK {blockData=conID: 2 locID: 102655680532775347 bcsId: 0} | ret=SUCCESS |  
2019-08-21 15:29:39,071 | INFO  | DNAudit | user=null | ip=null | op=WRITE_CHUNK {blockData=conID: 2 locID: 102655680532775347 bcsId: 0} | ret=SUCCESS |  
2019-08-21 15:29:39,071 | INFO  | DNAudit | user=null | ip=null | op=WRITE_CHUNK {blockData=conID: 2 locID: 102655680532775347 bcsId: 0} | ret=SUCCESS |  
2019-08-21 15:29:39,075 | INFO  | DNAudit | user=null | ip=null | op=WRITE_CHUNK {blockData=conID: 2 locID: 102655680532775347 bcsId: 0} | ret=SUCCESS |  
2019-08-21 15:29:39,075 | INFO  | DNAudit | user=null | ip=null | op=WRITE_CHUNK {blockData=conID: 2 locID: 102655680532775347 bcsId: 0} | ret=SUCCESS |  
2019-08-21 15:29:39,080 | INFO  | DNAudit | user=null | ip=null | op=WRITE_CHUNK {blockData=conID: 2 locID: 102655680532775347 bcsId: 0} | ret=SUCCESS |  
2019-08-21 15:29:39,080 | INFO  | DNAudit | user=null | ip=null | op=PUT_BLOCK {blockData=[blockId=conID: 2 locID: 102655680532775347 bcsId: 0,size=1048576]} | ret=SUCCESS |  
2019-08-21 15:29:39,081 | INFO  | DNAudit | user=null | ip=null | op=WRITE_CHUNK {blockData=conID: 2 locID: 102655680532775347 bcsId: 0} | ret=SUCCESS |  
2019-08-21 15:29:39,081 [grpc-default-executor-4] INFO  client.GrpcClientProtocolClient (GrpcClientProtocolClient.java:onNext(255)) - client-029E50227556->355864cd-7ac5-4934-b366-9756b15dd90f: receive RaftClientReply:client-029E50227556->355864cd-7ac5-4934-b366-9756b15dd90f@group-785BCF25C267, cid=916, SUCCESS, logIndex=1212, commits[355864cd-7ac5-4934-b366-9756b15dd90f:c1213, ce4aa411-63c8-4399-99eb-27ce352844f3:c1211, 3eeffb0a-787e-48ec-a2f5-d0c540a89489:c1211]
2019-08-21 15:29:39,081 | INFO  | DNAudit | user=null | ip=null | op=PUT_BLOCK {blockData=[blockId=conID: 2 locID: 102655680532775347 bcsId: 0,size=2097152]} | ret=SUCCESS |  
2019-08-21 15:29:39,082 | INFO  | DNAudit | user=null | ip=null | op=WRITE_CHUNK {blockData=conID: 2 locID: 102655680532775347 bcsId: 0} | ret=SUCCESS |  
2019-08-21 15:29:39,082 [grpc-default-executor-0] INFO  client.GrpcClientProtocolClient (GrpcClientProtocolClient.java:onNext(255)) - client-029E50227556->355864cd-7ac5-4934-b366-9756b15dd90f: receive RaftClientReply:client-029E50227556->355864cd-7ac5-4934-b366-9756b15dd90f@group-785BCF25C267, cid=917, SUCCESS, logIndex=1213, commits[355864cd-7ac5-4934-b366-9756b15dd90f:c1213, ce4aa411-63c8-4399-99eb-27ce352844f3:c1211, 3eeffb0a-787e-48ec-a2f5-d0c540a89489:c1211]
2019-08-21 15:29:39,082 | INFO  | DNAudit | user=null | ip=null | op=PUT_BLOCK {blockData=[blockId=conID: 2 locID: 102655680532775347 bcsId: 0,size=1048576]} | ret=SUCCESS |  
2019-08-21 15:29:39,083 [grpc-default-executor-0] INFO  client.GrpcClientProtocolClient (GrpcClientProtocolClient.java:onNext(255)) - client-029E50227556->355864cd-7ac5-4934-b366-9756b15dd90f: receive RaftClientReply:client-029E50227556->355864cd-7ac5-4934-b366-9756b15dd90f@group-785BCF25C267, cid=918, SUCCESS, logIndex=1214, commits[355864cd-7ac5-4934-b366-9756b15dd90f:c1215, ce4aa411-63c8-4399-99eb-27ce352844f3:c1211, 3eeffb0a-787e-48ec-a2f5-d0c540a89489:c1211]
2019-08-21 15:29:39,083 | INFO  | DNAudit | user=null | ip=null | op=WRITE_CHUNK {blockData=conID: 2 locID: 102655680532775347 bcsId: 0} | ret=SUCCESS |  
2019-08-21 15:29:39,083 [grpc-default-executor-0] INFO  client.GrpcClientProtocolClient (GrpcClientProtocolClient.java:onNext(255)) - client-029E50227556->355864cd-7ac5-4934-b366-9756b15dd90f: receive RaftClientReply:client-029E50227556->355864cd-7ac5-4934-b366-9756b15dd90f@group-785BCF25C267, cid=919, SUCCESS, logIndex=1215, commits[355864cd-7ac5-4934-b366-9756b15dd90f:c1215, ce4aa411-63c8-4399-99eb-27ce352844f3:c1211, 3eeffb0a-787e-48ec-a2f5-d0c540a89489:c1211]
2019-08-21 15:29:39,083 | INFO  | DNAudit | user=null | ip=null | op=PUT_BLOCK {blockData=[blockId=conID: 2 locID: 102655680532775347 bcsId: 0,size=1048576]} | ret=SUCCESS |  
2019-08-21 15:29:39,084 | INFO  | DNAudit | user=null | ip=null | op=WRITE_CHUNK {blockData=conID: 2 locID: 102655680532775347 bcsId: 0} | ret=SUCCESS |  
2019-08-21 15:29:39,084 | INFO  | DNAudit | user=null | ip=null | op=PUT_BLOCK {blockData=[blockId=conID: 2 locID: 102655680532775347 bcsId: 0,size=2097152]} | ret=SUCCESS |  
2019-08-21 15:29:39,084 | INFO  | DNAudit | user=null | ip=null | op=WRITE_CHUNK {blockData=conID: 2 locID: 102655680532775347 bcsId: 0} | ret=SUCCESS |  
2019-08-21 15:29:39,085 | INFO  | DNAudit | user=null | ip=null | op=PUT_BLOCK {blockData=[blockId=conID: 2 locID: 102655680532775347 bcsId: 0,size=2097152]} | ret=SUCCESS |  
2019-08-21 15:29:39,085 [grpc-default-executor-4] INFO  client.GrpcClientProtocolClient (GrpcClientProtocolClient.java:onNext(255)) - client-029E50227556->355864cd-7ac5-4934-b366-9756b15dd90f: receive RaftClientReply:client-029E50227556->355864cd-7ac5-4934-b366-9756b15dd90f@group-785BCF25C267, cid=920, SUCCESS, logIndex=0, commits[355864cd-7ac5-4934-b366-9756b15dd90f:c1219, ce4aa411-63c8-4399-99eb-27ce352844f3:c1213, 3eeffb0a-787e-48ec-a2f5-d0c540a89489:c1215]
2019-08-21 15:29:39,094 | INFO  | DNAudit | user=null | ip=null | op=WRITE_CHUNK {blockData=conID: 2 locID: 102655680532775347 bcsId: 1215} | ret=SUCCESS |  
2019-08-21 15:29:39,099 | INFO  | DNAudit | user=null | ip=null | op=WRITE_CHUNK {blockData=conID: 2 locID: 102655680532775347 bcsId: 1215} | ret=SUCCESS |  
2019-08-21 15:29:39,099 | INFO  | DNAudit | user=null | ip=null | op=WRITE_CHUNK {blockData=conID: 2 locID: 102655680532775347 bcsId: 1215} | ret=SUCCESS |  
2019-08-21 15:29:39,113 | INFO  | DNAudit | user=null | ip=null | op=WRITE_CHUNK {blockData=conID: 2 locID: 102655680532775347 bcsId: 1215} | ret=SUCCESS |  
2019-08-21 15:29:39,114 | INFO  | DNAudit | user=null | ip=null | op=PUT_BLOCK {blockData=[blockId=conID: 2 locID: 102655680532775347 bcsId: 0,size=3145728]} | ret=SUCCESS |  
2019-08-21 15:29:39,114 [grpc-default-executor-0] INFO  client.GrpcClientProtocolClient (GrpcClientProtocolClient.java:onNext(255)) - client-029E50227556->355864cd-7ac5-4934-b366-9756b15dd90f: receive RaftClientReply:client-029E50227556->355864cd-7ac5-4934-b366-9756b15dd90f@group-785BCF25C267, cid=921, SUCCESS, logIndex=1220, commits[355864cd-7ac5-4934-b366-9756b15dd90f:c1221, ce4aa411-63c8-4399-99eb-27ce352844f3:c1219, 3eeffb0a-787e-48ec-a2f5-d0c540a89489:c1219]
2019-08-21 15:29:39,114 [grpc-default-executor-0] INFO  client.GrpcClientProtocolClient (GrpcClientProtocolClient.java:onNext(255)) - client-029E50227556->355864cd-7ac5-4934-b366-9756b15dd90f: receive RaftClientReply:client-029E50227556->355864cd-7ac5-4934-b366-9756b15dd90f@group-785BCF25C267, cid=922, SUCCESS, logIndex=1221, commits[355864cd-7ac5-4934-b366-9756b15dd90f:c1221, ce4aa411-63c8-4399-99eb-27ce352844f3:c1219, 3eeffb0a-787e-48ec-a2f5-d0c540a89489:c1219]
2019-08-21 15:29:39,122 | INFO  | DNAudit | user=null | ip=null | op=WRITE_CHUNK {blockData=conID: 2 locID: 102655680532775347 bcsId: 1221} | ret=SUCCESS |  
2019-08-21 15:29:39,125 | INFO  | DNAudit | user=null | ip=null | op=WRITE_CHUNK {blockData=conID: 2 locID: 102655680532775347 bcsId: 1221} | ret=SUCCESS |  
2019-08-21 15:29:39,126 | INFO  | DNAudit | user=null | ip=null | op=WRITE_CHUNK {blockData=conID: 2 locID: 102655680532775347 bcsId: 1221} | ret=SUCCESS |  
2019-08-21 15:29:39,130 | INFO  | DNAudit | user=null | ip=null | op=WRITE_CHUNK {blockData=conID: 2 locID: 102655680532775347 bcsId: 1215} | ret=SUCCESS |  
2019-08-21 15:29:39,130 | INFO  | DNAudit | user=null | ip=null | op=WRITE_CHUNK {blockData=conID: 2 locID: 102655680532775347 bcsId: 1215} | ret=SUCCESS |  
2019-08-21 15:29:39,131 | INFO  | DNAudit | user=null | ip=null | op=PUT_BLOCK {blockData=[blockId=conID: 2 locID: 102655680532775347 bcsId: 0,size=3145728]} | ret=SUCCESS |  
2019-08-21 15:29:39,131 | INFO  | DNAudit | user=null | ip=null | op=WRITE_CHUNK {blockData=conID: 2 locID: 102655680532775347 bcsId: 1221} | ret=SUCCESS |  
2019-08-21 15:29:39,132 | INFO  | DNAudit | user=null | ip=null | op=PUT_BLOCK {blockData=[blockId=conID: 2 locID: 102655680532775347 bcsId: 0,size=3145728]} | ret=SUCCESS |  
2019-08-21 15:29:39,132 | INFO  | DNAudit | user=null | ip=null | op=PUT_BLOCK {blockData=[blockId=conID: 2 locID: 102655680532775347 bcsId: 0,size=4194304]} | ret=SUCCESS |  
2019-08-21 15:29:39,132 [grpc-default-executor-3] INFO  client.GrpcClientProtocolClient (GrpcClientProtocolClient.java:onNext(255)) - client-029E50227556->355864cd-7ac5-4934-b366-9756b15dd90f: receive RaftClientReply:client-029E50227556->355864cd-7ac5-4934-b366-9756b15dd90f@group-785BCF25C267, cid=923, SUCCESS, logIndex=1224, commits[355864cd-7ac5-4934-b366-9756b15dd90f:c1225, ce4aa411-63c8-4399-99eb-27ce352844f3:c1220, 3eeffb0a-787e-48ec-a2f5-d0c540a89489:c1221]
2019-08-21 15:29:39,133 [grpc-default-executor-3] INFO  client.GrpcClientProtocolClient (GrpcClientProtocolClient.java:onNext(255)) - client-029E50227556->355864cd-7ac5-4934-b366-9756b15dd90f: receive RaftClientReply:client-029E50227556->355864cd-7ac5-4934-b366-9756b15dd90f@group-785BCF25C267, cid=924, SUCCESS, logIndex=1225, commits[355864cd-7ac5-4934-b366-9756b15dd90f:c1225, ce4aa411-63c8-4399-99eb-27ce352844f3:c1221, 3eeffb0a-787e-48ec-a2f5-d0c540a89489:c1221]
2019-08-21 15:29:39,133 | INFO  | DNAudit | user=null | ip=null | op=WRITE_CHUNK {blockData=conID: 2 locID: 102655680532775347 bcsId: 1221} | ret=SUCCESS |  
2019-08-21 15:29:39,133 | INFO  | DNAudit | user=null | ip=null | op=WRITE_CHUNK {blockData=conID: 2 locID: 102655680532775347 bcsId: 1221} | ret=SUCCESS |  
2019-08-21 15:29:39,135 | INFO  | DNAudit | user=null | ip=null | op=PUT_BLOCK {blockData=[blockId=conID: 2 locID: 102655680532775347 bcsId: 0,size=4194304]} | ret=SUCCESS |  
2019-08-21 15:29:39,135 | INFO  | DNAudit | user=null | ip=null | op=PUT_BLOCK {blockData=[blockId=conID: 2 locID: 102655680532775347 bcsId: 0,size=4194304]} | ret=SUCCESS |  
2019-08-21 15:29:39,135 [grpc-default-executor-4] INFO  client.GrpcClientProtocolClient (GrpcClientProtocolClient.java:onNext(255)) - client-029E50227556->355864cd-7ac5-4934-b366-9756b15dd90f: receive RaftClientReply:client-029E50227556->355864cd-7ac5-4934-b366-9756b15dd90f@group-785BCF25C267, cid=925, SUCCESS, logIndex=0, commits[355864cd-7ac5-4934-b366-9756b15dd90f:c1227, ce4aa411-63c8-4399-99eb-27ce352844f3:c1225, 3eeffb0a-787e-48ec-a2f5-d0c540a89489:c1225]
2019-08-21 15:29:39,144 | INFO  | DNAudit | user=null | ip=null | op=WRITE_CHUNK {blockData=conID: 3 locID: 102655680532775348 bcsId: 0} | ret=SUCCESS |  
2019-08-21 15:29:39,146 | INFO  | DNAudit | user=null | ip=null | op=WRITE_CHUNK {blockData=conID: 3 locID: 102655680532775348 bcsId: 0} | ret=SUCCESS |  
2019-08-21 15:29:39,148 | INFO  | DNAudit | user=null | ip=null | op=WRITE_CHUNK {blockData=conID: 3 locID: 102655680532775348 bcsId: 0} | ret=SUCCESS |  
2019-08-21 15:29:39,148 | INFO  | DNAudit | user=null | ip=null | op=WRITE_CHUNK {blockData=conID: 3 locID: 102655680532775348 bcsId: 0} | ret=SUCCESS |  
2019-08-21 15:29:39,149 | INFO  | DNAudit | user=null | ip=null | op=WRITE_CHUNK {blockData=conID: 3 locID: 102655680532775348 bcsId: 0} | ret=SUCCESS |  
2019-08-21 15:29:39,150 | INFO  | DNAudit | user=null | ip=null | op=WRITE_CHUNK {blockData=conID: 3 locID: 102655680532775348 bcsId: 0} | ret=SUCCESS |  
2019-08-21 15:29:39,156 | INFO  | DNAudit | user=null | ip=null | op=WRITE_CHUNK {blockData=conID: 3 locID: 102655680532775348 bcsId: 0} | ret=SUCCESS |  
2019-08-21 15:29:39,157 | INFO  | DNAudit | user=null | ip=null | op=PUT_BLOCK {blockData=[blockId=conID: 3 locID: 102655680532775348 bcsId: 0,size=1048576]} | ret=SUCCESS |  
2019-08-21 15:29:39,157 [grpc-default-executor-4] INFO  client.GrpcClientProtocolClient (GrpcClientProtocolClient.java:onNext(255)) - client-029E50227556->355864cd-7ac5-4934-b366-9756b15dd90f: receive RaftClientReply:client-029E50227556->355864cd-7ac5-4934-b366-9756b15dd90f@group-785BCF25C267, cid=926, SUCCESS, logIndex=1228, commits[355864cd-7ac5-4934-b366-9756b15dd90f:c1230, ce4aa411-63c8-4399-99eb-27ce352844f3:c1227, 3eeffb0a-787e-48ec-a2f5-d0c540a89489:c1227]
2019-08-21 15:29:39,157 | INFO  | DNAudit | user=null | ip=null | op=WRITE_CHUNK {blockData=conID: 3 locID: 102655680532775348 bcsId: 0} | ret=SUCCESS |  
2019-08-21 15:29:39,158 | INFO  | DNAudit | user=null | ip=null | op=WRITE_CHUNK {blockData=conID: 3 locID: 102655680532775348 bcsId: 0} | ret=SUCCESS |  
2019-08-21 15:29:39,158 | INFO  | DNAudit | user=null | ip=null | op=PUT_BLOCK {blockData=[blockId=conID: 3 locID: 102655680532775348 bcsId: 0,size=2097152]} | ret=SUCCESS |  
2019-08-21 15:29:39,158 | INFO  | DNAudit | user=null | ip=null | op=WRITE_CHUNK {blockData=conID: 3 locID: 102655680532775348 bcsId: 0} | ret=SUCCESS |  
2019-08-21 15:29:39,158 [grpc-default-executor-4] INFO  client.GrpcClientProtocolClient (GrpcClientProtocolClient.java:onNext(255)) - client-029E50227556->355864cd-7ac5-4934-b366-9756b15dd90f: receive RaftClientReply:client-029E50227556->355864cd-7ac5-4934-b366-9756b15dd90f@group-785BCF25C267, cid=927, SUCCESS, logIndex=1229, commits[355864cd-7ac5-4934-b366-9756b15dd90f:c1231, ce4aa411-63c8-4399-99eb-27ce352844f3:c1227, 3eeffb0a-787e-48ec-a2f5-d0c540a89489:c1227]
2019-08-21 15:29:39,159 | INFO  | DNAudit | user=null | ip=null | op=PUT_BLOCK {blockData=[blockId=conID: 3 locID: 102655680532775348 bcsId: 0,size=1048576]} | ret=SUCCESS |  
2019-08-21 15:29:39,159 [grpc-default-executor-4] INFO  client.GrpcClientProtocolClient (GrpcClientProtocolClient.java:onNext(255)) - client-029E50227556->355864cd-7ac5-4934-b366-9756b15dd90f: receive RaftClientReply:client-029E50227556->355864cd-7ac5-4934-b366-9756b15dd90f@group-785BCF25C267, cid=928, SUCCESS, logIndex=1230, commits[355864cd-7ac5-4934-b366-9756b15dd90f:c1231, ce4aa411-63c8-4399-99eb-27ce352844f3:c1227, 3eeffb0a-787e-48ec-a2f5-d0c540a89489:c1227]
2019-08-21 15:29:39,159 | INFO  | DNAudit | user=null | ip=null | op=PUT_BLOCK {blockData=[blockId=conID: 3 locID: 102655680532775348 bcsId: 0,size=1048576]} | ret=SUCCESS |  
2019-08-21 15:29:39,159 [grpc-default-executor-3] INFO  client.GrpcClientProtocolClient (GrpcClientProtocolClient.java:onNext(255)) - client-029E50227556->355864cd-7ac5-4934-b366-9756b15dd90f: receive RaftClientReply:client-029E50227556->355864cd-7ac5-4934-b366-9756b15dd90f@group-785BCF25C267, cid=929, SUCCESS, logIndex=1231, commits[355864cd-7ac5-4934-b366-9756b15dd90f:c1232, ce4aa411-63c8-4399-99eb-27ce352844f3:c1228, 3eeffb0a-787e-48ec-a2f5-d0c540a89489:c1228]
2019-08-21 15:29:39,159 | INFO  | DNAudit | user=null | ip=null | op=WRITE_CHUNK {blockData=conID: 3 locID: 102655680532775348 bcsId: 0} | ret=SUCCESS |  
2019-08-21 15:29:39,160 | INFO  | DNAudit | user=null | ip=null | op=PUT_BLOCK {blockData=[blockId=conID: 3 locID: 102655680532775348 bcsId: 0,size=2097152]} | ret=SUCCESS |  
2019-08-21 15:29:39,160 | INFO  | DNAudit | user=null | ip=null | op=WRITE_CHUNK {blockData=conID: 3 locID: 102655680532775348 bcsId: 0} | ret=SUCCESS |  
2019-08-21 15:29:39,160 | INFO  | DNAudit | user=null | ip=null | op=PUT_BLOCK {blockData=[blockId=conID: 3 locID: 102655680532775348 bcsId: 0,size=2097152]} | ret=SUCCESS |  
2019-08-21 15:29:39,160 [grpc-default-executor-3] INFO  client.GrpcClientProtocolClient (GrpcClientProtocolClient.java:onNext(255)) - client-029E50227556->355864cd-7ac5-4934-b366-9756b15dd90f: receive RaftClientReply:client-029E50227556->355864cd-7ac5-4934-b366-9756b15dd90f@group-785BCF25C267, cid=930, SUCCESS, logIndex=0, commits[355864cd-7ac5-4934-b366-9756b15dd90f:c1235, ce4aa411-63c8-4399-99eb-27ce352844f3:c1231, 3eeffb0a-787e-48ec-a2f5-d0c540a89489:c1231]
2019-08-21 15:29:39,167 | INFO  | DNAudit | user=null | ip=null | op=WRITE_CHUNK {blockData=conID: 3 locID: 102655680532775348 bcsId: 1231} | ret=SUCCESS |  
2019-08-21 15:29:39,170 | INFO  | DNAudit | user=null | ip=null | op=WRITE_CHUNK {blockData=conID: 3 locID: 102655680532775348 bcsId: 1231} | ret=SUCCESS |  
2019-08-21 15:29:39,170 | INFO  | DNAudit | user=null | ip=null | op=WRITE_CHUNK {blockData=conID: 3 locID: 102655680532775348 bcsId: 1231} | ret=SUCCESS |  
2019-08-21 15:29:39,179 | INFO  | DNAudit | user=null | ip=null | op=WRITE_CHUNK {blockData=conID: 3 locID: 102655680532775348 bcsId: 1231} | ret=SUCCESS |  
2019-08-21 15:29:39,180 | INFO  | DNAudit | user=null | ip=null | op=PUT_BLOCK {blockData=[blockId=conID: 3 locID: 102655680532775348 bcsId: 0,size=3145728]} | ret=SUCCESS |  
2019-08-21 15:29:39,180 [grpc-default-executor-4] INFO  client.GrpcClientProtocolClient (GrpcClientProtocolClient.java:onNext(255)) - client-029E50227556->355864cd-7ac5-4934-b366-9756b15dd90f: receive RaftClientReply:client-029E50227556->355864cd-7ac5-4934-b366-9756b15dd90f@group-785BCF25C267, cid=931, SUCCESS, logIndex=1236, commits[355864cd-7ac5-4934-b366-9756b15dd90f:c1237, ce4aa411-63c8-4399-99eb-27ce352844f3:c1235, 3eeffb0a-787e-48ec-a2f5-d0c540a89489:c1235]
2019-08-21 15:29:39,180 [grpc-default-executor-4] INFO  client.GrpcClientProtocolClient (GrpcClientProtocolClient.java:onNext(255)) - client-029E50227556->355864cd-7ac5-4934-b366-9756b15dd90f: receive RaftClientReply:client-029E50227556->355864cd-7ac5-4934-b366-9756b15dd90f@group-785BCF25C267, cid=932, SUCCESS, logIndex=1237, commits[355864cd-7ac5-4934-b366-9756b15dd90f:c1237, ce4aa411-63c8-4399-99eb-27ce352844f3:c1235, 3eeffb0a-787e-48ec-a2f5-d0c540a89489:c1235]
2019-08-21 15:29:39,189 | INFO  | DNAudit | user=null | ip=null | op=WRITE_CHUNK {blockData=conID: 3 locID: 102655680532775348 bcsId: 1237} | ret=SUCCESS |  
2019-08-21 15:29:39,189 | INFO  | DNAudit | user=null | ip=null | op=WRITE_CHUNK {blockData=conID: 3 locID: 102655680532775348 bcsId: 1237} | ret=SUCCESS |  
2019-08-21 15:29:39,190 | INFO  | DNAudit | user=null | ip=null | op=WRITE_CHUNK {blockData=conID: 3 locID: 102655680532775348 bcsId: 1231} | ret=SUCCESS |  
2019-08-21 15:29:39,191 | INFO  | DNAudit | user=null | ip=null | op=WRITE_CHUNK {blockData=conID: 3 locID: 102655680532775348 bcsId: 1231} | ret=SUCCESS |  
2019-08-21 15:29:39,191 | INFO  | DNAudit | user=null | ip=null | op=PUT_BLOCK {blockData=[blockId=conID: 3 locID: 102655680532775348 bcsId: 0,size=3145728]} | ret=SUCCESS |  
2019-08-21 15:29:39,191 | INFO  | DNAudit | user=null | ip=null | op=PUT_BLOCK {blockData=[blockId=conID: 3 locID: 102655680532775348 bcsId: 0,size=3145728]} | ret=SUCCESS |  
2019-08-21 15:29:39,192 | INFO  | DNAudit | user=null | ip=null | op=WRITE_CHUNK {blockData=conID: 3 locID: 102655680532775348 bcsId: 1237} | ret=SUCCESS |  
2019-08-21 15:29:39,192 | INFO  | DNAudit | user=null | ip=null | op=WRITE_CHUNK {blockData=conID: 3 locID: 102655680532775348 bcsId: 1237} | ret=SUCCESS |  
2019-08-21 15:29:39,193 | INFO  | DNAudit | user=null | ip=null | op=PUT_BLOCK {blockData=[blockId=conID: 3 locID: 102655680532775348 bcsId: 0,size=4194304]} | ret=SUCCESS |  
2019-08-21 15:29:39,193 [grpc-default-executor-3] INFO  client.GrpcClientProtocolClient (GrpcClientProtocolClient.java:onNext(255)) - client-029E50227556->355864cd-7ac5-4934-b366-9756b15dd90f: receive RaftClientReply:client-029E50227556->355864cd-7ac5-4934-b366-9756b15dd90f@group-785BCF25C267, cid=933, SUCCESS, logIndex=1240, commits[355864cd-7ac5-4934-b366-9756b15dd90f:c1241, ce4aa411-63c8-4399-99eb-27ce352844f3:c1237, 3eeffb0a-787e-48ec-a2f5-d0c540a89489:c1237]
2019-08-21 15:29:39,193 [grpc-default-executor-3] INFO  client.GrpcClientProtocolClient (GrpcClientProtocolClient.java:onNext(255)) - client-029E50227556->355864cd-7ac5-4934-b366-9756b15dd90f: receive RaftClientReply:client-029E50227556->355864cd-7ac5-4934-b366-9756b15dd90f@group-785BCF25C267, cid=934, SUCCESS, logIndex=1241, commits[355864cd-7ac5-4934-b366-9756b15dd90f:c1241, ce4aa411-63c8-4399-99eb-27ce352844f3:c1237, 3eeffb0a-787e-48ec-a2f5-d0c540a89489:c1237]
2019-08-21 15:29:39,203 | INFO  | DNAudit | user=null | ip=null | op=WRITE_CHUNK {blockData=conID: 3 locID: 102655680532775348 bcsId: 1237} | ret=SUCCESS |  
2019-08-21 15:29:39,204 | INFO  | DNAudit | user=null | ip=null | op=PUT_BLOCK {blockData=[blockId=conID: 3 locID: 102655680532775348 bcsId: 0,size=4194304]} | ret=SUCCESS |  
2019-08-21 15:29:39,204 | INFO  | DNAudit | user=null | ip=null | op=WRITE_CHUNK {blockData=conID: 3 locID: 102655680532775348 bcsId: 1237} | ret=SUCCESS |  
2019-08-21 15:29:39,204 | INFO  | DNAudit | user=null | ip=null | op=PUT_BLOCK {blockData=[blockId=conID: 3 locID: 102655680532775348 bcsId: 0,size=4194304]} | ret=SUCCESS |  
2019-08-21 15:29:39,204 [grpc-default-executor-3] INFO  client.GrpcClientProtocolClient (GrpcClientProtocolClient.java:onNext(255)) - client-029E50227556->355864cd-7ac5-4934-b366-9756b15dd90f: receive RaftClientReply:client-029E50227556->355864cd-7ac5-4934-b366-9756b15dd90f@group-785BCF25C267, cid=935, SUCCESS, logIndex=0, commits[355864cd-7ac5-4934-b366-9756b15dd90f:c1242, ce4aa411-63c8-4399-99eb-27ce352844f3:c1241, 3eeffb0a-787e-48ec-a2f5-d0c540a89489:c1241]
2019-08-21 15:29:39,212 | INFO  | DNAudit | user=null | ip=null | op=WRITE_CHUNK {blockData=conID: 1 locID: 102655680532840885 bcsId: 0} | ret=SUCCESS |  
2019-08-21 15:29:39,215 | INFO  | DNAudit | user=null | ip=null | op=WRITE_CHUNK {blockData=conID: 1 locID: 102655680532840885 bcsId: 0} | ret=SUCCESS |  
2019-08-21 15:29:39,216 | INFO  | DNAudit | user=null | ip=null | op=WRITE_CHUNK {blockData=conID: 1 locID: 102655680532840885 bcsId: 0} | ret=SUCCESS |  
2019-08-21 15:29:39,216 | INFO  | DNAudit | user=null | ip=null | op=WRITE_CHUNK {blockData=conID: 1 locID: 102655680532840885 bcsId: 0} | ret=SUCCESS |  
2019-08-21 15:29:39,217 | INFO  | DNAudit | user=null | ip=null | op=WRITE_CHUNK {blockData=conID: 1 locID: 102655680532840885 bcsId: 0} | ret=SUCCESS |  
2019-08-21 15:29:39,218 | INFO  | DNAudit | user=null | ip=null | op=WRITE_CHUNK {blockData=conID: 1 locID: 102655680532840885 bcsId: 0} | ret=SUCCESS |  
2019-08-21 15:29:39,225 | INFO  | DNAudit | user=null | ip=null | op=WRITE_CHUNK {blockData=conID: 1 locID: 102655680532840885 bcsId: 0} | ret=SUCCESS |  
2019-08-21 15:29:39,225 | INFO  | DNAudit | user=null | ip=null | op=PUT_BLOCK {blockData=[blockId=conID: 1 locID: 102655680532840885 bcsId: 0,size=1048576]} | ret=SUCCESS |  
2019-08-21 15:29:39,225 [grpc-default-executor-3] INFO  client.GrpcClientProtocolClient (GrpcClientProtocolClient.java:onNext(255)) - client-029E50227556->355864cd-7ac5-4934-b366-9756b15dd90f: receive RaftClientReply:client-029E50227556->355864cd-7ac5-4934-b366-9756b15dd90f@group-785BCF25C267, cid=936, SUCCESS, logIndex=1244, commits[355864cd-7ac5-4934-b366-9756b15dd90f:c1245, ce4aa411-63c8-4399-99eb-27ce352844f3:c1243, 3eeffb0a-787e-48ec-a2f5-d0c540a89489:c1243]
2019-08-21 15:29:39,226 | INFO  | DNAudit | user=null | ip=null | op=WRITE_CHUNK {blockData=conID: 1 locID: 102655680532840885 bcsId: 0} | ret=SUCCESS |  
2019-08-21 15:29:39,226 [grpc-default-executor-3] INFO  client.GrpcClientProtocolClient (GrpcClientProtocolClient.java:onNext(255)) - client-029E50227556->355864cd-7ac5-4934-b366-9756b15dd90f: receive RaftClientReply:client-029E50227556->355864cd-7ac5-4934-b366-9756b15dd90f@group-785BCF25C267, cid=937, SUCCESS, logIndex=1245, commits[355864cd-7ac5-4934-b366-9756b15dd90f:c1247, ce4aa411-63c8-4399-99eb-27ce352844f3:c1243, 3eeffb0a-787e-48ec-a2f5-d0c540a89489:c1243]
2019-08-21 15:29:39,226 | INFO  | DNAudit | user=null | ip=null | op=WRITE_CHUNK {blockData=conID: 1 locID: 102655680532840885 bcsId: 0} | ret=SUCCESS |  
2019-08-21 15:29:39,227 | INFO  | DNAudit | user=null | ip=null | op=WRITE_CHUNK {blockData=conID: 1 locID: 102655680532840885 bcsId: 0} | ret=SUCCESS |  
2019-08-21 15:29:39,227 | INFO  | DNAudit | user=null | ip=null | op=PUT_BLOCK {blockData=[blockId=conID: 1 locID: 102655680532840885 bcsId: 0,size=2097152]} | ret=SUCCESS |  
2019-08-21 15:29:39,227 [grpc-default-executor-3] INFO  client.GrpcClientProtocolClient (GrpcClientProtocolClient.java:onNext(255)) - client-029E50227556->355864cd-7ac5-4934-b366-9756b15dd90f: receive RaftClientReply:client-029E50227556->355864cd-7ac5-4934-b366-9756b15dd90f@group-785BCF25C267, cid=938, SUCCESS, logIndex=1246, commits[355864cd-7ac5-4934-b366-9756b15dd90f:c1247, ce4aa411-63c8-4399-99eb-27ce352844f3:c1243, 3eeffb0a-787e-48ec-a2f5-d0c540a89489:c1243]
2019-08-21 15:29:39,227 | INFO  | DNAudit | user=null | ip=null | op=PUT_BLOCK {blockData=[blockId=conID: 1 locID: 102655680532840885 bcsId: 0,size=1048576]} | ret=SUCCESS |  
2019-08-21 15:29:39,227 [grpc-default-executor-4] INFO  client.GrpcClientProtocolClient (GrpcClientProtocolClient.java:onNext(255)) - client-029E50227556->355864cd-7ac5-4934-b366-9756b15dd90f: receive RaftClientReply:client-029E50227556->355864cd-7ac5-4934-b366-9756b15dd90f@group-785BCF25C267, cid=939, SUCCESS, logIndex=1247, commits[355864cd-7ac5-4934-b366-9756b15dd90f:c1248, ce4aa411-63c8-4399-99eb-27ce352844f3:c1244, 3eeffb0a-787e-48ec-a2f5-d0c540a89489:c1244]
2019-08-21 15:29:39,228 | INFO  | DNAudit | user=null | ip=null | op=PUT_BLOCK {blockData=[blockId=conID: 1 locID: 102655680532840885 bcsId: 0,size=1048576]} | ret=SUCCESS |  
2019-08-21 15:29:39,228 | INFO  | DNAudit | user=null | ip=null | op=WRITE_CHUNK {blockData=conID: 1 locID: 102655680532840885 bcsId: 0} | ret=SUCCESS |  
2019-08-21 15:29:39,228 | INFO  | DNAudit | user=null | ip=null | op=WRITE_CHUNK {blockData=conID: 1 locID: 102655680532840885 bcsId: 0} | ret=SUCCESS |  
2019-08-21 15:29:39,228 | INFO  | DNAudit | user=null | ip=null | op=PUT_BLOCK {blockData=[blockId=conID: 1 locID: 102655680532840885 bcsId: 0,size=2097152]} | ret=SUCCESS |  
2019-08-21 15:29:39,228 | INFO  | DNAudit | user=null | ip=null | op=PUT_BLOCK {blockData=[blockId=conID: 1 locID: 102655680532840885 bcsId: 0,size=2097152]} | ret=SUCCESS |  
2019-08-21 15:29:39,229 [grpc-default-executor-3] INFO  client.GrpcClientProtocolClient (GrpcClientProtocolClient.java:onNext(255)) - client-029E50227556->355864cd-7ac5-4934-b366-9756b15dd90f: receive RaftClientReply:client-029E50227556->355864cd-7ac5-4934-b366-9756b15dd90f@group-785BCF25C267, cid=940, SUCCESS, logIndex=0, commits[355864cd-7ac5-4934-b366-9756b15dd90f:c1249, ce4aa411-63c8-4399-99eb-27ce352844f3:c1245, 3eeffb0a-787e-48ec-a2f5-d0c540a89489:c1247]
2019-08-21 15:29:39,235 | INFO  | DNAudit | user=null | ip=null | op=WRITE_CHUNK {blockData=conID: 1 locID: 102655680532840885 bcsId: 1247} | ret=SUCCESS |  
2019-08-21 15:29:39,238 | INFO  | DNAudit | user=null | ip=null | op=WRITE_CHUNK {blockData=conID: 1 locID: 102655680532840885 bcsId: 1247} | ret=SUCCESS |  
2019-08-21 15:29:39,239 | INFO  | DNAudit | user=null | ip=null | op=WRITE_CHUNK {blockData=conID: 1 locID: 102655680532840885 bcsId: 1247} | ret=SUCCESS |  
2019-08-21 15:29:39,248 | INFO  | DNAudit | user=null | ip=null | op=WRITE_CHUNK {blockData=conID: 1 locID: 102655680532840885 bcsId: 1247} | ret=SUCCESS |  
2019-08-21 15:29:39,249 | INFO  | DNAudit | user=null | ip=null | op=PUT_BLOCK {blockData=[blockId=conID: 1 locID: 102655680532840885 bcsId: 0,size=3145728]} | ret=SUCCESS |  
2019-08-21 15:29:39,249 [grpc-default-executor-3] INFO  client.GrpcClientProtocolClient (GrpcClientProtocolClient.java:onNext(255)) - client-029E50227556->355864cd-7ac5-4934-b366-9756b15dd90f: receive RaftClientReply:client-029E50227556->355864cd-7ac5-4934-b366-9756b15dd90f@group-785BCF25C267, cid=941, SUCCESS, logIndex=1251, commits[355864cd-7ac5-4934-b366-9756b15dd90f:c1252, ce4aa411-63c8-4399-99eb-27ce352844f3:c1250, 3eeffb0a-787e-48ec-a2f5-d0c540a89489:c1250]
2019-08-21 15:29:39,249 [grpc-default-executor-3] INFO  client.GrpcClientProtocolClient (GrpcClientProtocolClient.java:onNext(255)) - client-029E50227556->355864cd-7ac5-4934-b366-9756b15dd90f: receive RaftClientReply:client-029E50227556->355864cd-7ac5-4934-b366-9756b15dd90f@group-785BCF25C267, cid=942, SUCCESS, logIndex=1252, commits[355864cd-7ac5-4934-b366-9756b15dd90f:c1252, ce4aa411-63c8-4399-99eb-27ce352844f3:c1250, 3eeffb0a-787e-48ec-a2f5-d0c540a89489:c1250]
2019-08-21 15:29:39,256 | INFO  | DNAudit | user=null | ip=null | op=WRITE_CHUNK {blockData=conID: 1 locID: 102655680532840885 bcsId: 1252} | ret=SUCCESS |  
2019-08-21 15:29:39,259 | INFO  | DNAudit | user=null | ip=null | op=WRITE_CHUNK {blockData=conID: 1 locID: 102655680532840885 bcsId: 1252} | ret=SUCCESS |  
2019-08-21 15:29:39,260 | INFO  | DNAudit | user=null | ip=null | op=WRITE_CHUNK {blockData=conID: 1 locID: 102655680532840885 bcsId: 1252} | ret=SUCCESS |  
2019-08-21 15:29:39,260 | INFO  | DNAudit | user=null | ip=null | op=WRITE_CHUNK {blockData=conID: 1 locID: 102655680532840885 bcsId: 1247} | ret=SUCCESS |  
2019-08-21 15:29:39,260 | INFO  | DNAudit | user=null | ip=null | op=WRITE_CHUNK {blockData=conID: 1 locID: 102655680532840885 bcsId: 1247} | ret=SUCCESS |  
2019-08-21 15:29:39,263 | INFO  | DNAudit | user=null | ip=null | op=PUT_BLOCK {blockData=[blockId=conID: 1 locID: 102655680532840885 bcsId: 0,size=3145728]} | ret=SUCCESS |  
2019-08-21 15:29:39,264 | INFO  | DNAudit | user=null | ip=null | op=WRITE_CHUNK {blockData=conID: 1 locID: 102655680532840885 bcsId: 1252} | ret=SUCCESS |  
2019-08-21 15:29:39,264 | INFO  | DNAudit | user=null | ip=null | op=PUT_BLOCK {blockData=[blockId=conID: 1 locID: 102655680532840885 bcsId: 0,size=4194304]} | ret=SUCCESS |  
2019-08-21 15:29:39,264 [grpc-default-executor-4] INFO  client.GrpcClientProtocolClient (GrpcClientProtocolClient.java:onNext(255)) - client-029E50227556->355864cd-7ac5-4934-b366-9756b15dd90f: receive RaftClientReply:client-029E50227556->355864cd-7ac5-4934-b366-9756b15dd90f@group-785BCF25C267, cid=943, SUCCESS, logIndex=1255, commits[355864cd-7ac5-4934-b366-9756b15dd90f:c1256, ce4aa411-63c8-4399-99eb-27ce352844f3:c1252, 3eeffb0a-787e-48ec-a2f5-d0c540a89489:c1251]
2019-08-21 15:29:39,264 | INFO  | DNAudit | user=null | ip=null | op=PUT_BLOCK {blockData=[blockId=conID: 1 locID: 102655680532840885 bcsId: 0,size=3145728]} | ret=SUCCESS |  
2019-08-21 15:29:39,265 [grpc-default-executor-4] INFO  client.GrpcClientProtocolClient (GrpcClientProtocolClient.java:onNext(255)) - client-029E50227556->355864cd-7ac5-4934-b366-9756b15dd90f: receive RaftClientReply:client-029E50227556->355864cd-7ac5-4934-b366-9756b15dd90f@group-785BCF25C267, cid=944, SUCCESS, logIndex=1256, commits[355864cd-7ac5-4934-b366-9756b15dd90f:c1256, ce4aa411-63c8-4399-99eb-27ce352844f3:c1252, 3eeffb0a-787e-48ec-a2f5-d0c540a89489:c1251]
2019-08-21 15:29:39,265 | INFO  | DNAudit | user=null | ip=null | op=WRITE_CHUNK {blockData=conID: 1 locID: 102655680532840885 bcsId: 1252} | ret=SUCCESS |  
2019-08-21 15:29:39,266 | INFO  | DNAudit | user=null | ip=null | op=WRITE_CHUNK {blockData=conID: 1 locID: 102655680532840885 bcsId: 1252} | ret=SUCCESS |  
2019-08-21 15:29:39,266 | INFO  | DNAudit | user=null | ip=null | op=PUT_BLOCK {blockData=[blockId=conID: 1 locID: 102655680532840885 bcsId: 0,size=4194304]} | ret=SUCCESS |  
2019-08-21 15:29:39,266 [grpc-default-executor-4] INFO  client.GrpcClientProtocolClient (GrpcClientProtocolClient.java:onNext(255)) - client-029E50227556->355864cd-7ac5-4934-b366-9756b15dd90f: receive RaftClientReply:client-029E50227556->355864cd-7ac5-4934-b366-9756b15dd90f@group-785BCF25C267, cid=945, SUCCESS, logIndex=0, commits[355864cd-7ac5-4934-b366-9756b15dd90f:c1257, ce4aa411-63c8-4399-99eb-27ce352844f3:c1255, 3eeffb0a-787e-48ec-a2f5-d0c540a89489:c1252]
2019-08-21 15:29:39,267 | INFO  | DNAudit | user=null | ip=null | op=PUT_BLOCK {blockData=[blockId=conID: 1 locID: 102655680532840885 bcsId: 0,size=4194304]} | ret=SUCCESS |  
2019-08-21 15:29:39,268 [grpc-default-executor-4] INFO  client.GrpcClientProtocolClient (GrpcClientProtocolClient.java:onNext(255)) - client-029E50227556->355864cd-7ac5-4934-b366-9756b15dd90f: receive RaftClientReply:client-029E50227556->355864cd-7ac5-4934-b366-9756b15dd90f@group-785BCF25C267, cid=946, SUCCESS, logIndex=0, commits[355864cd-7ac5-4934-b366-9756b15dd90f:c1258, ce4aa411-63c8-4399-99eb-27ce352844f3:c1256, 3eeffb0a-787e-48ec-a2f5-d0c540a89489:c1256]
2019-08-21 15:29:39,276 | INFO  | DNAudit | user=null | ip=null | op=WRITE_CHUNK {blockData=conID: 2 locID: 102655680532840886 bcsId: 0} | ret=SUCCESS |  
2019-08-21 15:29:39,278 | INFO  | DNAudit | user=null | ip=null | op=WRITE_CHUNK {blockData=conID: 2 locID: 102655680532840886 bcsId: 0} | ret=SUCCESS |  
2019-08-21 15:29:39,278 | INFO  | DNAudit | user=null | ip=null | op=WRITE_CHUNK {blockData=conID: 2 locID: 102655680532840886 bcsId: 0} | ret=SUCCESS |  
2019-08-21 15:29:39,280 | INFO  | DNAudit | user=null | ip=null | op=WRITE_CHUNK {blockData=conID: 2 locID: 102655680532840886 bcsId: 0} | ret=SUCCESS |  
2019-08-21 15:29:39,280 | INFO  | DNAudit | user=null | ip=null | op=WRITE_CHUNK {blockData=conID: 2 locID: 102655680532840886 bcsId: 0} | ret=SUCCESS |  
2019-08-21 15:29:39,281 | INFO  | DNAudit | user=null | ip=null | op=WRITE_CHUNK {blockData=conID: 2 locID: 102655680532840886 bcsId: 0} | ret=SUCCESS |  
2019-08-21 15:29:39,289 | INFO  | DNAudit | user=null | ip=null | op=WRITE_CHUNK {blockData=conID: 2 locID: 102655680532840886 bcsId: 0} | ret=SUCCESS |  
2019-08-21 15:29:39,289 | INFO  | DNAudit | user=null | ip=null | op=PUT_BLOCK {blockData=[blockId=conID: 2 locID: 102655680532840886 bcsId: 0,size=1048576]} | ret=SUCCESS |  
2019-08-21 15:29:39,290 [grpc-default-executor-3] INFO  client.GrpcClientProtocolClient (GrpcClientProtocolClient.java:onNext(255)) - client-029E50227556->355864cd-7ac5-4934-b366-9756b15dd90f: receive RaftClientReply:client-029E50227556->355864cd-7ac5-4934-b366-9756b15dd90f@group-785BCF25C267, cid=947, SUCCESS, logIndex=1259, commits[355864cd-7ac5-4934-b366-9756b15dd90f:c1260, ce4aa411-63c8-4399-99eb-27ce352844f3:c1258, 3eeffb0a-787e-48ec-a2f5-d0c540a89489:c1258]
2019-08-21 15:29:39,290 | INFO  | DNAudit | user=null | ip=null | op=WRITE_CHUNK {blockData=conID: 2 locID: 102655680532840886 bcsId: 0} | ret=SUCCESS |  
2019-08-21 15:29:39,290 | INFO  | DNAudit | user=null | ip=null | op=WRITE_CHUNK {blockData=conID: 2 locID: 102655680532840886 bcsId: 0} | ret=SUCCESS |  
2019-08-21 15:29:39,290 [grpc-default-executor-3] INFO  client.GrpcClientProtocolClient (GrpcClientProtocolClient.java:onNext(255)) - client-029E50227556->355864cd-7ac5-4934-b366-9756b15dd90f: receive RaftClientReply:client-029E50227556->355864cd-7ac5-4934-b366-9756b15dd90f@group-785BCF25C267, cid=948, SUCCESS, logIndex=1260, commits[355864cd-7ac5-4934-b366-9756b15dd90f:c1262, ce4aa411-63c8-4399-99eb-27ce352844f3:c1258, 3eeffb0a-787e-48ec-a2f5-d0c540a89489:c1258]
2019-08-21 15:29:39,290 | INFO  | DNAudit | user=null | ip=null | op=PUT_BLOCK {blockData=[blockId=conID: 2 locID: 102655680532840886 bcsId: 0,size=2097152]} | ret=SUCCESS |  
2019-08-21 15:29:39,291 [grpc-default-executor-3] INFO  client.GrpcClientProtocolClient (GrpcClientProtocolClient.java:onNext(255)) - client-029E50227556->355864cd-7ac5-4934-b366-9756b15dd90f: receive RaftClientReply:client-029E50227556->355864cd-7ac5-4934-b366-9756b15dd90f@group-785BCF25C267, cid=949, SUCCESS, logIndex=1261, commits[355864cd-7ac5-4934-b366-9756b15dd90f:c1262, ce4aa411-63c8-4399-99eb-27ce352844f3:c1258, 3eeffb0a-787e-48ec-a2f5-d0c540a89489:c1258]
2019-08-21 15:29:39,291 | INFO  | DNAudit | user=null | ip=null | op=WRITE_CHUNK {blockData=conID: 2 locID: 102655680532840886 bcsId: 0} | ret=SUCCESS |  
2019-08-21 15:29:39,291 [grpc-default-executor-3] INFO  client.GrpcClientProtocolClient (GrpcClientProtocolClient.java:onNext(255)) - client-029E50227556->355864cd-7ac5-4934-b366-9756b15dd90f: receive RaftClientReply:client-029E50227556->355864cd-7ac5-4934-b366-9756b15dd90f@group-785BCF25C267, cid=950, SUCCESS, logIndex=1262, commits[355864cd-7ac5-4934-b366-9756b15dd90f:c1263, ce4aa411-63c8-4399-99eb-27ce352844f3:c1258, 3eeffb0a-787e-48ec-a2f5-d0c540a89489:c1259]
2019-08-21 15:29:39,292 | INFO  | DNAudit | user=null | ip=null | op=PUT_BLOCK {blockData=[blockId=conID: 2 locID: 102655680532840886 bcsId: 0,size=1048576]} | ret=SUCCESS |  
2019-08-21 15:29:39,292 | INFO  | DNAudit | user=null | ip=null | op=WRITE_CHUNK {blockData=conID: 2 locID: 102655680532840886 bcsId: 0} | ret=SUCCESS |  
2019-08-21 15:29:39,292 | INFO  | DNAudit | user=null | ip=null | op=PUT_BLOCK {blockData=[blockId=conID: 2 locID: 102655680532840886 bcsId: 0,size=2097152]} | ret=SUCCESS |  
2019-08-21 15:29:39,292 | INFO  | DNAudit | user=null | ip=null | op=PUT_BLOCK {blockData=[blockId=conID: 2 locID: 102655680532840886 bcsId: 0,size=1048576]} | ret=SUCCESS |  
2019-08-21 15:29:39,292 | INFO  | DNAudit | user=null | ip=null | op=WRITE_CHUNK {blockData=conID: 2 locID: 102655680532840886 bcsId: 0} | ret=SUCCESS |  
2019-08-21 15:29:39,293 | INFO  | DNAudit | user=null | ip=null | op=PUT_BLOCK {blockData=[blockId=conID: 2 locID: 102655680532840886 bcsId: 0,size=2097152]} | ret=SUCCESS |  
2019-08-21 15:29:39,293 [grpc-default-executor-3] INFO  client.GrpcClientProtocolClient (GrpcClientProtocolClient.java:onNext(255)) - client-029E50227556->355864cd-7ac5-4934-b366-9756b15dd90f: receive RaftClientReply:client-029E50227556->355864cd-7ac5-4934-b366-9756b15dd90f@group-785BCF25C267, cid=951, SUCCESS, logIndex=0, commits[355864cd-7ac5-4934-b366-9756b15dd90f:c1266, ce4aa411-63c8-4399-99eb-27ce352844f3:c1260, 3eeffb0a-787e-48ec-a2f5-d0c540a89489:c1262]
2019-08-21 15:29:39,299 | INFO  | DNAudit | user=null | ip=null | op=WRITE_CHUNK {blockData=conID: 2 locID: 102655680532840886 bcsId: 1262} | ret=SUCCESS |  
2019-08-21 15:29:39,302 | INFO  | DNAudit | user=null | ip=null | op=WRITE_CHUNK {blockData=conID: 2 locID: 102655680532840886 bcsId: 1262} | ret=SUCCESS |  
2019-08-21 15:29:39,303 | INFO  | DNAudit | user=null | ip=null | op=WRITE_CHUNK {blockData=conID: 2 locID: 102655680532840886 bcsId: 1262} | ret=SUCCESS |  
2019-08-21 15:29:39,304 | INFO  | SCMAudit | user=jenkins1000 | ip=192.168.5.153 | op=SEND_HEARTBEAT {datanodeUUID=ce4aa411-63c8-4399-99eb-27ce352844f3, command=[]} | ret=SUCCESS |  
2019-08-21 15:29:39,304 | INFO  | SCMAudit | user=jenkins1000 | ip=192.168.5.153 | op=SEND_HEARTBEAT {datanodeUUID=355864cd-7ac5-4934-b366-9756b15dd90f, command=[]} | ret=SUCCESS |  
2019-08-21 15:29:39,304 | INFO  | SCMAudit | user=jenkins1000 | ip=192.168.5.153 | op=SEND_HEARTBEAT {datanodeUUID=3eeffb0a-787e-48ec-a2f5-d0c540a89489, command=[]} | ret=SUCCESS |  
 0.00% |█                                                                                                    |  0/1 Time: 0:00:042019-08-21 15:29:39,312 | INFO  | DNAudit | user=null | ip=null | op=WRITE_CHUNK {blockData=conID: 2 locID: 102655680532840886 bcsId: 1262} | ret=SUCCESS |  
2019-08-21 15:29:39,313 | INFO  | DNAudit | user=null | ip=null | op=PUT_BLOCK {blockData=[blockId=conID: 2 locID: 102655680532840886 bcsId: 0,size=3145728]} | ret=SUCCESS |  
2019-08-21 15:29:39,313 [grpc-default-executor-3] INFO  client.GrpcClientProtocolClient (GrpcClientProtocolClient.java:onNext(255)) - client-029E50227556->355864cd-7ac5-4934-b366-9756b15dd90f: receive RaftClientReply:client-029E50227556->355864cd-7ac5-4934-b366-9756b15dd90f@group-785BCF25C267, cid=952, SUCCESS, logIndex=1267, commits[355864cd-7ac5-4934-b366-9756b15dd90f:c1268, ce4aa411-63c8-4399-99eb-27ce352844f3:c1266, 3eeffb0a-787e-48ec-a2f5-d0c540a89489:c1266]
2019-08-21 15:29:39,314 [grpc-default-executor-3] INFO  client.GrpcClientProtocolClient (GrpcClientProtocolClient.java:onNext(255)) - client-029E50227556->355864cd-7ac5-4934-b366-9756b15dd90f: receive RaftClientReply:client-029E50227556->355864cd-7ac5-4934-b366-9756b15dd90f@group-785BCF25C267, cid=953, SUCCESS, logIndex=1268, commits[355864cd-7ac5-4934-b366-9756b15dd90f:c1268, ce4aa411-63c8-4399-99eb-27ce352844f3:c1266, 3eeffb0a-787e-48ec-a2f5-d0c540a89489:c1266]
2019-08-21 15:29:39,320 | INFO  | DNAudit | user=null | ip=null | op=WRITE_CHUNK {blockData=conID: 2 locID: 102655680532840886 bcsId: 1268} | ret=SUCCESS |  
2019-08-21 15:29:39,322 | INFO  | DNAudit | user=null | ip=null | op=WRITE_CHUNK {blockData=conID: 2 locID: 102655680532840886 bcsId: 1262} | ret=SUCCESS |  
2019-08-21 15:29:39,322 | INFO  | DNAudit | user=null | ip=null | op=WRITE_CHUNK {blockData=conID: 2 locID: 102655680532840886 bcsId: 1262} | ret=SUCCESS |  
2019-08-21 15:29:39,323 | INFO  | DNAudit | user=null | ip=null | op=WRITE_CHUNK {blockData=conID: 2 locID: 102655680532840886 bcsId: 1268} | ret=SUCCESS |  
2019-08-21 15:29:39,324 | INFO  | DNAudit | user=null | ip=null | op=WRITE_CHUNK {blockData=conID: 2 locID: 102655680532840886 bcsId: 1268} | ret=SUCCESS |  
2019-08-21 15:29:39,333 | INFO  | DNAudit | user=null | ip=null | op=PUT_BLOCK {blockData=[blockId=conID: 2 locID: 102655680532840886 bcsId: 0,size=3145728]} | ret=SUCCESS |  
2019-08-21 15:29:39,334 | INFO  | DNAudit | user=null | ip=null | op=PUT_BLOCK {blockData=[blockId=conID: 2 locID: 102655680532840886 bcsId: 0,size=3145728]} | ret=SUCCESS |  
2019-08-21 15:29:39,334 | INFO  | DNAudit | user=null | ip=null | op=WRITE_CHUNK {blockData=conID: 2 locID: 102655680532840886 bcsId: 1268} | ret=SUCCESS |  
2019-08-21 15:29:39,334 | INFO  | DNAudit | user=null | ip=null | op=PUT_BLOCK {blockData=[blockId=conID: 2 locID: 102655680532840886 bcsId: 0,size=4194304]} | ret=SUCCESS |  
2019-08-21 15:29:39,334 [grpc-default-executor-2] INFO  client.GrpcClientProtocolClient (GrpcClientProtocolClient.java:onNext(255)) - client-029E50227556->355864cd-7ac5-4934-b366-9756b15dd90f: receive RaftClientReply:client-029E50227556->355864cd-7ac5-4934-b366-9756b15dd90f@group-785BCF25C267, cid=954, SUCCESS, logIndex=1271, commits[355864cd-7ac5-4934-b366-9756b15dd90f:c1272, ce4aa411-63c8-4399-99eb-27ce352844f3:c1268, 3eeffb0a-787e-48ec-a2f5-d0c540a89489:c1267]
2019-08-21 15:29:39,335 [grpc-default-executor-2] INFO  client.GrpcClientProtocolClient (GrpcClientProtocolClient.java:onNext(255)) - client-029E50227556->355864cd-7ac5-4934-b366-9756b15dd90f: receive RaftClientReply:client-029E50227556->355864cd-7ac5-4934-b366-9756b15dd90f@group-785BCF25C267, cid=955, SUCCESS, logIndex=1272, commits[355864cd-7ac5-4934-b366-9756b15dd90f:c1272, ce4aa411-63c8-4399-99eb-27ce352844f3:c1268, 3eeffb0a-787e-48ec-a2f5-d0c540a89489:c1268]
2019-08-21 15:29:39,337 | INFO  | DNAudit | user=null | ip=null | op=WRITE_CHUNK {blockData=conID: 2 locID: 102655680532840886 bcsId: 1268} | ret=SUCCESS |  
2019-08-21 15:29:39,337 | INFO  | DNAudit | user=null | ip=null | op=PUT_BLOCK {blockData=[blockId=conID: 2 locID: 102655680532840886 bcsId: 0,size=4194304]} | ret=SUCCESS |  
2019-08-21 15:29:39,337 | INFO  | DNAudit | user=null | ip=null | op=WRITE_CHUNK {blockData=conID: 2 locID: 102655680532840886 bcsId: 1268} | ret=SUCCESS |  
2019-08-21 15:29:39,337 | INFO  | DNAudit | user=null | ip=null | op=PUT_BLOCK {blockData=[blockId=conID: 2 locID: 102655680532840886 bcsId: 0,size=4194304]} | ret=SUCCESS |  
2019-08-21 15:29:39,338 [grpc-default-executor-2] INFO  client.GrpcClientProtocolClient (GrpcClientProtocolClient.java:onNext(255)) - client-029E50227556->355864cd-7ac5-4934-b366-9756b15dd90f: receive RaftClientReply:client-029E50227556->355864cd-7ac5-4934-b366-9756b15dd90f@group-785BCF25C267, cid=956, SUCCESS, logIndex=0, commits[355864cd-7ac5-4934-b366-9756b15dd90f:c1273, ce4aa411-63c8-4399-99eb-27ce352844f3:c1272, 3eeffb0a-787e-48ec-a2f5-d0c540a89489:c1272]
2019-08-21 15:29:39,345 | INFO  | DNAudit | user=null | ip=null | op=WRITE_CHUNK {blockData=conID: 3 locID: 102655680532840887 bcsId: 0} | ret=SUCCESS |  
2019-08-21 15:29:39,347 | INFO  | DNAudit | user=null | ip=null | op=WRITE_CHUNK {blockData=conID: 3 locID: 102655680532840887 bcsId: 0} | ret=SUCCESS |  
2019-08-21 15:29:39,348 | INFO  | DNAudit | user=null | ip=null | op=WRITE_CHUNK {blockData=conID: 3 locID: 102655680532840887 bcsId: 0} | ret=SUCCESS |  
2019-08-21 15:29:39,349 | INFO  | DNAudit | user=null | ip=null | op=WRITE_CHUNK {blockData=conID: 3 locID: 102655680532840887 bcsId: 0} | ret=SUCCESS |  
2019-08-21 15:29:39,350 | INFO  | DNAudit | user=null | ip=null | op=WRITE_CHUNK {blockData=conID: 3 locID: 102655680532840887 bcsId: 0} | ret=SUCCESS |  
2019-08-21 15:29:39,350 | INFO  | DNAudit | user=null | ip=null | op=WRITE_CHUNK {blockData=conID: 3 locID: 102655680532840887 bcsId: 0} | ret=SUCCESS |  
2019-08-21 15:29:39,356 | INFO  | DNAudit | user=null | ip=null | op=WRITE_CHUNK {blockData=conID: 3 locID: 102655680532840887 bcsId: 0} | ret=SUCCESS |  
2019-08-21 15:29:39,357 | INFO  | DNAudit | user=null | ip=null | op=PUT_BLOCK {blockData=[blockId=conID: 3 locID: 102655680532840887 bcsId: 0,size=1048576]} | ret=SUCCESS |  
2019-08-21 15:29:39,357 [grpc-default-executor-0] INFO  client.GrpcClientProtocolClient (GrpcClientProtocolClient.java:onNext(255)) - client-029E50227556->355864cd-7ac5-4934-b366-9756b15dd90f: receive RaftClientReply:client-029E50227556->355864cd-7ac5-4934-b366-9756b15dd90f@group-785BCF25C267, cid=957, SUCCESS, logIndex=1275, commits[355864cd-7ac5-4934-b366-9756b15dd90f:c1276, ce4aa411-63c8-4399-99eb-27ce352844f3:c1274, 3eeffb0a-787e-48ec-a2f5-d0c540a89489:c1274]
2019-08-21 15:29:39,357 | INFO  | DNAudit | user=null | ip=null | op=WRITE_CHUNK {blockData=conID: 3 locID: 102655680532840887 bcsId: 0} | ret=SUCCESS |  
2019-08-21 15:29:39,358 [grpc-default-executor-3] INFO  client.GrpcClientProtocolClient (GrpcClientProtocolClient.java:onNext(255)) - client-029E50227556->355864cd-7ac5-4934-b366-9756b15dd90f: receive RaftClientReply:client-029E50227556->355864cd-7ac5-4934-b366-9756b15dd90f@group-785BCF25C267, cid=958, SUCCESS, logIndex=1276, commits[355864cd-7ac5-4934-b366-9756b15dd90f:c1276, ce4aa411-63c8-4399-99eb-27ce352844f3:c1274, 3eeffb0a-787e-48ec-a2f5-d0c540a89489:c1274]
2019-08-21 15:29:39,358 | INFO  | DNAudit | user=null | ip=null | op=PUT_BLOCK {blockData=[blockId=conID: 3 locID: 102655680532840887 bcsId: 0,size=2097152]} | ret=SUCCESS |  
2019-08-21 15:29:39,358 [grpc-default-executor-3] INFO  client.GrpcClientProtocolClient (GrpcClientProtocolClient.java:onNext(255)) - client-029E50227556->355864cd-7ac5-4934-b366-9756b15dd90f: receive RaftClientReply:client-029E50227556->355864cd-7ac5-4934-b366-9756b15dd90f@group-785BCF25C267, cid=959, SUCCESS, logIndex=1277, commits[355864cd-7ac5-4934-b366-9756b15dd90f:c1278, ce4aa411-63c8-4399-99eb-27ce352844f3:c1274, 3eeffb0a-787e-48ec-a2f5-d0c540a89489:c1274]
2019-08-21 15:29:39,358 [grpc-default-executor-3] INFO  client.GrpcClientProtocolClient (GrpcClientProtocolClient.java:onNext(255)) - client-029E50227556->355864cd-7ac5-4934-b366-9756b15dd90f: receive RaftClientReply:client-029E50227556->355864cd-7ac5-4934-b366-9756b15dd90f@group-785BCF25C267, cid=960, SUCCESS, logIndex=1278, commits[355864cd-7ac5-4934-b366-9756b15dd90f:c1278, ce4aa411-63c8-4399-99eb-27ce352844f3:c1274, 3eeffb0a-787e-48ec-a2f5-d0c540a89489:c1274]
2019-08-21 15:29:39,359 | INFO  | DNAudit | user=null | ip=null | op=WRITE_CHUNK {blockData=conID: 3 locID: 102655680532840887 bcsId: 0} | ret=SUCCESS |  
2019-08-21 15:29:39,359 | INFO  | DNAudit | user=null | ip=null | op=WRITE_CHUNK {blockData=conID: 3 locID: 102655680532840887 bcsId: 0} | ret=SUCCESS |  
2019-08-21 15:29:39,359 | INFO  | DNAudit | user=null | ip=null | op=PUT_BLOCK {blockData=[blockId=conID: 3 locID: 102655680532840887 bcsId: 0,size=1048576]} | ret=SUCCESS |  
2019-08-21 15:29:39,359 | INFO  | DNAudit | user=null | ip=null | op=PUT_BLOCK {blockData=[blockId=conID: 3 locID: 102655680532840887 bcsId: 0,size=1048576]} | ret=SUCCESS |  
2019-08-21 15:29:39,360 [grpc-default-executor-0] INFO  client.GrpcClientProtocolClient (GrpcClientProtocolClient.java:onNext(255)) - client-029E50227556->355864cd-7ac5-4934-b366-9756b15dd90f: receive RaftClientReply:client-029E50227556->355864cd-7ac5-4934-b366-9756b15dd90f@group-785BCF25C267, cid=961, SUCCESS, logIndex=0, commits[355864cd-7ac5-4934-b366-9756b15dd90f:c1280, ce4aa411-63c8-4399-99eb-27ce352844f3:c1276, 3eeffb0a-787e-48ec-a2f5-d0c540a89489:c1276]
2019-08-21 15:29:39,360 | INFO  | DNAudit | user=null | ip=null | op=WRITE_CHUNK {blockData=conID: 3 locID: 102655680532840887 bcsId: 0} | ret=SUCCESS |  
2019-08-21 15:29:39,360 | INFO  | DNAudit | user=null | ip=null | op=WRITE_CHUNK {blockData=conID: 3 locID: 102655680532840887 bcsId: 0} | ret=SUCCESS |  
2019-08-21 15:29:39,360 | INFO  | DNAudit | user=null | ip=null | op=PUT_BLOCK {blockData=[blockId=conID: 3 locID: 102655680532840887 bcsId: 0,size=2097152]} | ret=SUCCESS |  
2019-08-21 15:29:39,360 | INFO  | DNAudit | user=null | ip=null | op=PUT_BLOCK {blockData=[blockId=conID: 3 locID: 102655680532840887 bcsId: 0,size=2097152]} | ret=SUCCESS |  
2019-08-21 15:29:39,366 | INFO  | DNAudit | user=null | ip=null | op=WRITE_CHUNK {blockData=conID: 3 locID: 102655680532840887 bcsId: 1278} | ret=SUCCESS |  
2019-08-21 15:29:39,369 | INFO  | DNAudit | user=null | ip=null | op=WRITE_CHUNK {blockData=conID: 3 locID: 102655680532840887 bcsId: 1278} | ret=SUCCESS |  
2019-08-21 15:29:39,369 | INFO  | DNAudit | user=null | ip=null | op=WRITE_CHUNK {blockData=conID: 3 locID: 102655680532840887 bcsId: 1278} | ret=SUCCESS |  
2019-08-21 15:29:39,379 | INFO  | DNAudit | user=null | ip=null | op=WRITE_CHUNK {blockData=conID: 3 locID: 102655680532840887 bcsId: 1278} | ret=SUCCESS |  
2019-08-21 15:29:39,379 | INFO  | DNAudit | user=null | ip=null | op=PUT_BLOCK {blockData=[blockId=conID: 3 locID: 102655680532840887 bcsId: 0,size=3145728]} | ret=SUCCESS |  
2019-08-21 15:29:39,379 [grpc-default-executor-3] INFO  client.GrpcClientProtocolClient (GrpcClientProtocolClient.java:onNext(255)) - client-029E50227556->355864cd-7ac5-4934-b366-9756b15dd90f: receive RaftClientReply:client-029E50227556->355864cd-7ac5-4934-b366-9756b15dd90f@group-785BCF25C267, cid=962, SUCCESS, logIndex=1283, commits[355864cd-7ac5-4934-b366-9756b15dd90f:c1284, ce4aa411-63c8-4399-99eb-27ce352844f3:c1282, 3eeffb0a-787e-48ec-a2f5-d0c540a89489:c1282]
2019-08-21 15:29:39,380 [grpc-default-executor-3] INFO  client.GrpcClientProtocolClient (GrpcClientProtocolClient.java:onNext(255)) - client-029E50227556->355864cd-7ac5-4934-b366-9756b15dd90f: receive RaftClientReply:client-029E50227556->355864cd-7ac5-4934-b366-9756b15dd90f@group-785BCF25C267, cid=963, SUCCESS, logIndex=1284, commits[355864cd-7ac5-4934-b366-9756b15dd90f:c1284, ce4aa411-63c8-4399-99eb-27ce352844f3:c1282, 3eeffb0a-787e-48ec-a2f5-d0c540a89489:c1282]
2019-08-21 15:29:39,386 | INFO  | DNAudit | user=null | ip=null | op=WRITE_CHUNK {blockData=conID: 3 locID: 102655680532840887 bcsId: 1284} | ret=SUCCESS |  
2019-08-21 15:29:39,388 | INFO  | DNAudit | user=null | ip=null | op=WRITE_CHUNK {blockData=conID: 3 locID: 102655680532840887 bcsId: 1284} | ret=SUCCESS |  
2019-08-21 15:29:39,389 | INFO  | DNAudit | user=null | ip=null | op=WRITE_CHUNK {blockData=conID: 3 locID: 102655680532840887 bcsId: 1284} | ret=SUCCESS |  
2019-08-21 15:29:39,397 | INFO  | DNAudit | user=null | ip=null | op=WRITE_CHUNK {blockData=conID: 3 locID: 102655680532840887 bcsId: 1278} | ret=SUCCESS |  
2019-08-21 15:29:39,397 | INFO  | DNAudit | user=null | ip=null | op=WRITE_CHUNK {blockData=conID: 3 locID: 102655680532840887 bcsId: 1278} | ret=SUCCESS |  
2019-08-21 15:29:39,397 | INFO  | DNAudit | user=null | ip=null | op=PUT_BLOCK {blockData=[blockId=conID: 3 locID: 102655680532840887 bcsId: 0,size=3145728]} | ret=SUCCESS |  
2019-08-21 15:29:39,398 | INFO  | DNAudit | user=null | ip=null | op=PUT_BLOCK {blockData=[blockId=conID: 3 locID: 102655680532840887 bcsId: 0,size=3145728]} | ret=SUCCESS |  
2019-08-21 15:29:39,398 | INFO  | DNAudit | user=null | ip=null | op=WRITE_CHUNK {blockData=conID: 3 locID: 102655680532840887 bcsId: 1284} | ret=SUCCESS |  
2019-08-21 15:29:39,399 | INFO  | DNAudit | user=null | ip=null | op=PUT_BLOCK {blockData=[blockId=conID: 3 locID: 102655680532840887 bcsId: 0,size=4194304]} | ret=SUCCESS |  
2019-08-21 15:29:39,399 [grpc-default-executor-3] INFO  client.GrpcClientProtocolClient (GrpcClientProtocolClient.java:onNext(255)) - client-029E50227556->355864cd-7ac5-4934-b366-9756b15dd90f: receive RaftClientReply:client-029E50227556->355864cd-7ac5-4934-b366-9756b15dd90f@group-785BCF25C267, cid=964, SUCCESS, logIndex=1287, commits[355864cd-7ac5-4934-b366-9756b15dd90f:c1288, ce4aa411-63c8-4399-99eb-27ce352844f3:c1284, 3eeffb0a-787e-48ec-a2f5-d0c540a89489:c1284]
2019-08-21 15:29:39,399 [grpc-default-executor-3] INFO  client.GrpcClientProtocolClient (GrpcClientProtocolClient.java:onNext(255)) - client-029E50227556->355864cd-7ac5-4934-b366-9756b15dd90f: receive RaftClientReply:client-029E50227556->355864cd-7ac5-4934-b366-9756b15dd90f@group-785BCF25C267, cid=965, SUCCESS, logIndex=1288, commits[355864cd-7ac5-4934-b366-9756b15dd90f:c1288, ce4aa411-63c8-4399-99eb-27ce352844f3:c1284, 3eeffb0a-787e-48ec-a2f5-d0c540a89489:c1284]
2019-08-21 15:29:39,400 | INFO  | DNAudit | user=null | ip=null | op=WRITE_CHUNK {blockData=conID: 3 locID: 102655680532840887 bcsId: 1284} | ret=SUCCESS |  
2019-08-21 15:29:39,400 | INFO  | DNAudit | user=null | ip=null | op=WRITE_CHUNK {blockData=conID: 3 locID: 102655680532840887 bcsId: 1284} | ret=SUCCESS |  
2019-08-21 15:29:39,400 | INFO  | DNAudit | user=null | ip=null | op=PUT_BLOCK {blockData=[blockId=conID: 3 locID: 102655680532840887 bcsId: 0,size=4194304]} | ret=SUCCESS |  
2019-08-21 15:29:39,400 | INFO  | DNAudit | user=null | ip=null | op=PUT_BLOCK {blockData=[blockId=conID: 3 locID: 102655680532840887 bcsId: 0,size=4194304]} | ret=SUCCESS |  
2019-08-21 15:29:39,401 [grpc-default-executor-3] INFO  client.GrpcClientProtocolClient (GrpcClientProtocolClient.java:onNext(255)) - client-029E50227556->355864cd-7ac5-4934-b366-9756b15dd90f: receive RaftClientReply:client-029E50227556->355864cd-7ac5-4934-b366-9756b15dd90f@group-785BCF25C267, cid=966, SUCCESS, logIndex=0, commits[355864cd-7ac5-4934-b366-9756b15dd90f:c1289, ce4aa411-63c8-4399-99eb-27ce352844f3:c1288, 3eeffb0a-787e-48ec-a2f5-d0c540a89489:c1288]
2019-08-21 15:29:39,408 | INFO  | DNAudit | user=null | ip=null | op=WRITE_CHUNK {blockData=conID: 1 locID: 102655680532840888 bcsId: 0} | ret=SUCCESS |  
2019-08-21 15:29:39,410 | INFO  | DNAudit | user=null | ip=null | op=WRITE_CHUNK {blockData=conID: 1 locID: 102655680532840888 bcsId: 0} | ret=SUCCESS |  
2019-08-21 15:29:39,411 | INFO  | DNAudit | user=null | ip=null | op=WRITE_CHUNK {blockData=conID: 1 locID: 102655680532840888 bcsId: 0} | ret=SUCCESS |  
2019-08-21 15:29:39,411 | INFO  | DNAudit | user=null | ip=null | op=WRITE_CHUNK {blockData=conID: 1 locID: 102655680532840888 bcsId: 0} | ret=SUCCESS |  
2019-08-21 15:29:39,412 | INFO  | DNAudit | user=null | ip=null | op=WRITE_CHUNK {blockData=conID: 1 locID: 102655680532840888 bcsId: 0} | ret=SUCCESS |  
2019-08-21 15:29:39,413 | INFO  | DNAudit | user=null | ip=null | op=WRITE_CHUNK {blockData=conID: 1 locID: 102655680532840888 bcsId: 0} | ret=SUCCESS |  
2019-08-21 15:29:39,425 | INFO  | DNAudit | user=null | ip=null | op=WRITE_CHUNK {blockData=conID: 1 locID: 102655680532840888 bcsId: 0} | ret=SUCCESS |  
2019-08-21 15:29:39,425 | INFO  | DNAudit | user=null | ip=null | op=PUT_BLOCK {blockData=[blockId=conID: 1 locID: 102655680532840888 bcsId: 0,size=1048576]} | ret=SUCCESS |  
2019-08-21 15:29:39,425 | INFO  | DNAudit | user=null | ip=null | op=WRITE_CHUNK {blockData=conID: 1 locID: 102655680532840888 bcsId: 0} | ret=SUCCESS |  
2019-08-21 15:29:39,425 [grpc-default-executor-3] INFO  client.GrpcClientProtocolClient (GrpcClientProtocolClient.java:onNext(255)) - client-029E50227556->355864cd-7ac5-4934-b366-9756b15dd90f: receive RaftClientReply:client-029E50227556->355864cd-7ac5-4934-b366-9756b15dd90f@group-785BCF25C267, cid=967, SUCCESS, logIndex=1291, commits[355864cd-7ac5-4934-b366-9756b15dd90f:c1293, ce4aa411-63c8-4399-99eb-27ce352844f3:c1290, 3eeffb0a-787e-48ec-a2f5-d0c540a89489:c1288]
2019-08-21 15:29:39,426 | INFO  | DNAudit | user=null | ip=null | op=PUT_BLOCK {blockData=[blockId=conID: 1 locID: 102655680532840888 bcsId: 0,size=2097152]} | ret=SUCCESS |  
2019-08-21 15:29:39,426 [grpc-default-executor-3] INFO  client.GrpcClientProtocolClient (GrpcClientProtocolClient.java:onNext(255)) - client-029E50227556->355864cd-7ac5-4934-b366-9756b15dd90f: receive RaftClientReply:client-029E50227556->355864cd-7ac5-4934-b366-9756b15dd90f@group-785BCF25C267, cid=968, SUCCESS, logIndex=1292, commits[355864cd-7ac5-4934-b366-9756b15dd90f:c1294, ce4aa411-63c8-4399-99eb-27ce352844f3:c1290, 3eeffb0a-787e-48ec-a2f5-d0c540a89489:c1290]
2019-08-21 15:29:39,426 [grpc-default-executor-3] INFO  client.GrpcClientProtocolClient (GrpcClientProtocolClient.java:onNext(255)) - client-029E50227556->355864cd-7ac5-4934-b366-9756b15dd90f: receive RaftClientReply:client-029E50227556->355864cd-7ac5-4934-b366-9756b15dd90f@group-785BCF25C267, cid=969, SUCCESS, logIndex=1293, commits[355864cd-7ac5-4934-b366-9756b15dd90f:c1294, ce4aa411-63c8-4399-99eb-27ce352844f3:c1290, 3eeffb0a-787e-48ec-a2f5-d0c540a89489:c1290]
2019-08-21 15:29:39,426 [grpc-default-executor-3] INFO  client.GrpcClientProtocolClient (GrpcClientProtocolClient.java:onNext(255)) - client-029E50227556->355864cd-7ac5-4934-b366-9756b15dd90f: receive RaftClientReply:client-029E50227556->355864cd-7ac5-4934-b366-9756b15dd90f@group-785BCF25C267, cid=970, SUCCESS, logIndex=1294, commits[355864cd-7ac5-4934-b366-9756b15dd90f:c1294, ce4aa411-63c8-4399-99eb-27ce352844f3:c1290, 3eeffb0a-787e-48ec-a2f5-d0c540a89489:c1290]
2019-08-21 15:29:39,436 | INFO  | DNAudit | user=null | ip=null | op=WRITE_CHUNK {blockData=conID: 1 locID: 102655680532840888 bcsId: 0} | ret=SUCCESS |  
2019-08-21 15:29:39,436 | INFO  | DNAudit | user=null | ip=null | op=PUT_BLOCK {blockData=[blockId=conID: 1 locID: 102655680532840888 bcsId: 0,size=1048576]} | ret=SUCCESS |  
2019-08-21 15:29:39,437 | INFO  | DNAudit | user=null | ip=null | op=WRITE_CHUNK {blockData=conID: 1 locID: 102655680532840888 bcsId: 0} | ret=SUCCESS |  
2019-08-21 15:29:39,437 | INFO  | DNAudit | user=null | ip=null | op=WRITE_CHUNK {blockData=conID: 1 locID: 102655680532840888 bcsId: 0} | ret=SUCCESS |  
2019-08-21 15:29:39,437 | INFO  | DNAudit | user=null | ip=null | op=PUT_BLOCK {blockData=[blockId=conID: 1 locID: 102655680532840888 bcsId: 0,size=1048576]} | ret=SUCCESS |  
2019-08-21 15:29:39,437 | INFO  | DNAudit | user=null | ip=null | op=WRITE_CHUNK {blockData=conID: 1 locID: 102655680532840888 bcsId: 0} | ret=SUCCESS |  
2019-08-21 15:29:39,437 [grpc-default-executor-3] INFO  client.GrpcClientProtocolClient (GrpcClientProtocolClient.java:onNext(255)) - client-029E50227556->355864cd-7ac5-4934-b366-9756b15dd90f: receive RaftClientReply:client-029E50227556->355864cd-7ac5-4934-b366-9756b15dd90f@group-785BCF25C267, cid=971, SUCCESS, logIndex=0, commits[355864cd-7ac5-4934-b366-9756b15dd90f:c1295, ce4aa411-63c8-4399-99eb-27ce352844f3:c1293, 3eeffb0a-787e-48ec-a2f5-d0c540a89489:c1293]
2019-08-21 15:29:39,438 | INFO  | DNAudit | user=null | ip=null | op=PUT_BLOCK {blockData=[blockId=conID: 1 locID: 102655680532840888 bcsId: 0,size=2097152]} | ret=SUCCESS |  
2019-08-21 15:29:39,438 | INFO  | DNAudit | user=null | ip=null | op=PUT_BLOCK {blockData=[blockId=conID: 1 locID: 102655680532840888 bcsId: 0,size=2097152]} | ret=SUCCESS |  
2019-08-21 15:29:39,444 | INFO  | DNAudit | user=null | ip=null | op=WRITE_CHUNK {blockData=conID: 1 locID: 102655680532840888 bcsId: 1294} | ret=SUCCESS |  
2019-08-21 15:29:39,446 | INFO  | DNAudit | user=null | ip=null | op=WRITE_CHUNK {blockData=conID: 1 locID: 102655680532840888 bcsId: 1294} | ret=SUCCESS |  
2019-08-21 15:29:39,447 | INFO  | DNAudit | user=null | ip=null | op=WRITE_CHUNK {blockData=conID: 1 locID: 102655680532840888 bcsId: 1294} | ret=SUCCESS |  
2019-08-21 15:29:39,457 | INFO  | DNAudit | user=null | ip=null | op=WRITE_CHUNK {blockData=conID: 1 locID: 102655680532840888 bcsId: 1294} | ret=SUCCESS |  
2019-08-21 15:29:39,457 | INFO  | DNAudit | user=null | ip=null | op=PUT_BLOCK {blockData=[blockId=conID: 1 locID: 102655680532840888 bcsId: 0,size=3145728]} | ret=SUCCESS |  
2019-08-21 15:29:39,457 [grpc-default-executor-0] INFO  client.GrpcClientProtocolClient (GrpcClientProtocolClient.java:onNext(255)) - client-029E50227556->355864cd-7ac5-4934-b366-9756b15dd90f: receive RaftClientReply:client-029E50227556->355864cd-7ac5-4934-b366-9756b15dd90f@group-785BCF25C267, cid=972, SUCCESS, logIndex=1298, commits[355864cd-7ac5-4934-b366-9756b15dd90f:c1299, ce4aa411-63c8-4399-99eb-27ce352844f3:c1297, 3eeffb0a-787e-48ec-a2f5-d0c540a89489:c1297]
2019-08-21 15:29:39,458 [grpc-default-executor-0] INFO  client.GrpcClientProtocolClient (GrpcClientProtocolClient.java:onNext(255)) - client-029E50227556->355864cd-7ac5-4934-b366-9756b15dd90f: receive RaftClientReply:client-029E50227556->355864cd-7ac5-4934-b366-9756b15dd90f@group-785BCF25C267, cid=973, SUCCESS, logIndex=1299, commits[355864cd-7ac5-4934-b366-9756b15dd90f:c1299, ce4aa411-63c8-4399-99eb-27ce352844f3:c1297, 3eeffb0a-787e-48ec-a2f5-d0c540a89489:c1297]
2019-08-21 15:29:39,464 | INFO  | DNAudit | user=null | ip=null | op=WRITE_CHUNK {blockData=conID: 1 locID: 102655680532840888 bcsId: 1299} | ret=SUCCESS |  
2019-08-21 15:29:39,467 | INFO  | DNAudit | user=null | ip=null | op=WRITE_CHUNK {blockData=conID: 1 locID: 102655680532840888 bcsId: 1299} | ret=SUCCESS |  
2019-08-21 15:29:39,467 | INFO  | DNAudit | user=null | ip=null | op=WRITE_CHUNK {blockData=conID: 1 locID: 102655680532840888 bcsId: 1299} | ret=SUCCESS |  
2019-08-21 15:29:39,469 | INFO  | DNAudit | user=null | ip=null | op=WRITE_CHUNK {blockData=conID: 1 locID: 102655680532840888 bcsId: 1294} | ret=SUCCESS |  
2019-08-21 15:29:39,469 | INFO  | DNAudit | user=null | ip=null | op=WRITE_CHUNK {blockData=conID: 1 locID: 102655680532840888 bcsId: 1294} | ret=SUCCESS |  
2019-08-21 15:29:39,469 | INFO  | DNAudit | user=null | ip=null | op=PUT_BLOCK {blockData=[blockId=conID: 1 locID: 102655680532840888 bcsId: 0,size=3145728]} | ret=SUCCESS |  
2019-08-21 15:29:39,469 | INFO  | DNAudit | user=null | ip=null | op=PUT_BLOCK {blockData=[blockId=conID: 1 locID: 102655680532840888 bcsId: 0,size=3145728]} | ret=SUCCESS |  
2019-08-21 15:29:39,470 | INFO  | DNAudit | user=null | ip=null | op=WRITE_CHUNK {blockData=conID: 1 locID: 102655680532840888 bcsId: 1299} | ret=SUCCESS |  
2019-08-21 15:29:39,471 | INFO  | DNAudit | user=null | ip=null | op=PUT_BLOCK {blockData=[blockId=conID: 1 locID: 102655680532840888 bcsId: 0,size=4194304]} | ret=SUCCESS |  
2019-08-21 15:29:39,471 [grpc-default-executor-0] INFO  client.GrpcClientProtocolClient (GrpcClientProtocolClient.java:onNext(255)) - client-029E50227556->355864cd-7ac5-4934-b366-9756b15dd90f: receive RaftClientReply:client-029E50227556->355864cd-7ac5-4934-b366-9756b15dd90f@group-785BCF25C267, cid=974, SUCCESS, logIndex=1302, commits[355864cd-7ac5-4934-b366-9756b15dd90f:c1303, ce4aa411-63c8-4399-99eb-27ce352844f3:c1299, 3eeffb0a-787e-48ec-a2f5-d0c540a89489:c1299]
2019-08-21 15:29:39,471 [grpc-default-executor-0] INFO  client.GrpcClientProtocolClient (GrpcClientProtocolClient.java:onNext(255)) - client-029E50227556->355864cd-7ac5-4934-b366-9756b15dd90f: receive RaftClientReply:client-029E50227556->355864cd-7ac5-4934-b366-9756b15dd90f@group-785BCF25C267, cid=975, SUCCESS, logIndex=1303, commits[355864cd-7ac5-4934-b366-9756b15dd90f:c1303, ce4aa411-63c8-4399-99eb-27ce352844f3:c1299, 3eeffb0a-787e-48ec-a2f5-d0c540a89489:c1299]
2019-08-21 15:29:39,482 | INFO  | DNAudit | user=null | ip=null | op=WRITE_CHUNK {blockData=conID: 1 locID: 102655680532840888 bcsId: 1299} | ret=SUCCESS |  
2019-08-21 15:29:39,482 | INFO  | DNAudit | user=null | ip=null | op=WRITE_CHUNK {blockData=conID: 1 locID: 102655680532840888 bcsId: 1299} | ret=SUCCESS |  
2019-08-21 15:29:39,482 | INFO  | DNAudit | user=null | ip=null | op=PUT_BLOCK {blockData=[blockId=conID: 1 locID: 102655680532840888 bcsId: 0,size=4194304]} | ret=SUCCESS |  
2019-08-21 15:29:39,482 | INFO  | DNAudit | user=null | ip=null | op=PUT_BLOCK {blockData=[blockId=conID: 1 locID: 102655680532840888 bcsId: 0,size=4194304]} | ret=SUCCESS |  
2019-08-21 15:29:39,482 [grpc-default-executor-0] INFO  client.GrpcClientProtocolClient (GrpcClientProtocolClient.java:onNext(255)) - client-029E50227556->355864cd-7ac5-4934-b366-9756b15dd90f: receive RaftClientReply:client-029E50227556->355864cd-7ac5-4934-b366-9756b15dd90f@group-785BCF25C267, cid=976, SUCCESS, logIndex=0, commits[355864cd-7ac5-4934-b366-9756b15dd90f:c1304, ce4aa411-63c8-4399-99eb-27ce352844f3:c1303, 3eeffb0a-787e-48ec-a2f5-d0c540a89489:c1303]
2019-08-21 15:29:39,489 | INFO  | DNAudit | user=null | ip=null | op=WRITE_CHUNK {blockData=conID: 2 locID: 102655680532840889 bcsId: 0} | ret=SUCCESS |  
2019-08-21 15:29:39,492 | INFO  | DNAudit | user=null | ip=null | op=WRITE_CHUNK {blockData=conID: 2 locID: 102655680532840889 bcsId: 0} | ret=SUCCESS |  
2019-08-21 15:29:39,493 | INFO  | DNAudit | user=null | ip=null | op=WRITE_CHUNK {blockData=conID: 2 locID: 102655680532840889 bcsId: 0} | ret=SUCCESS |  
2019-08-21 15:29:39,494 | INFO  | DNAudit | user=null | ip=null | op=WRITE_CHUNK {blockData=conID: 2 locID: 102655680532840889 bcsId: 0} | ret=SUCCESS |  
2019-08-21 15:29:39,494 | INFO  | DNAudit | user=null | ip=null | op=WRITE_CHUNK {blockData=conID: 2 locID: 102655680532840889 bcsId: 0} | ret=SUCCESS |  
2019-08-21 15:29:39,494 | INFO  | DNAudit | user=null | ip=null | op=WRITE_CHUNK {blockData=conID: 2 locID: 102655680532840889 bcsId: 0} | ret=SUCCESS |  
2019-08-21 15:29:39,502 | INFO  | DNAudit | user=null | ip=null | op=WRITE_CHUNK {blockData=conID: 2 locID: 102655680532840889 bcsId: 0} | ret=SUCCESS |  
2019-08-21 15:29:39,503 | INFO  | DNAudit | user=null | ip=null | op=PUT_BLOCK {blockData=[blockId=conID: 2 locID: 102655680532840889 bcsId: 0,size=1048576]} | ret=SUCCESS |  
2019-08-21 15:29:39,503 [grpc-default-executor-4] INFO  client.GrpcClientProtocolClient (GrpcClientProtocolClient.java:onNext(255)) - client-029E50227556->355864cd-7ac5-4934-b366-9756b15dd90f: receive RaftClientReply:client-029E50227556->355864cd-7ac5-4934-b366-9756b15dd90f@group-785BCF25C267, cid=977, SUCCESS, logIndex=1306, commits[355864cd-7ac5-4934-b366-9756b15dd90f:c1309, ce4aa411-63c8-4399-99eb-27ce352844f3:c1305, 3eeffb0a-787e-48ec-a2f5-d0c540a89489:c1305]
2019-08-21 15:29:39,503 | INFO  | DNAudit | user=null | ip=null | op=WRITE_CHUNK {blockData=conID: 2 locID: 102655680532840889 bcsId: 0} | ret=SUCCESS |  
2019-08-21 15:29:39,503 | INFO  | DNAudit | user=null | ip=null | op=WRITE_CHUNK {blockData=conID: 2 locID: 102655680532840889 bcsId: 0} | ret=SUCCESS |  
2019-08-21 15:29:39,503 [grpc-default-executor-4] INFO  client.GrpcClientProtocolClient (GrpcClientProtocolClient.java:onNext(255)) - client-029E50227556->355864cd-7ac5-4934-b366-9756b15dd90f: receive RaftClientReply:client-029E50227556->355864cd-7ac5-4934-b366-9756b15dd90f@group-785BCF25C267, cid=978, SUCCESS, logIndex=1307, commits[355864cd-7ac5-4934-b366-9756b15dd90f:c1309, ce4aa411-63c8-4399-99eb-27ce352844f3:c1305, 3eeffb0a-787e-48ec-a2f5-d0c540a89489:c1305]
2019-08-21 15:29:39,504 | INFO  | DNAudit | user=null | ip=null | op=PUT_BLOCK {blockData=[blockId=conID: 2 locID: 102655680532840889 bcsId: 0,size=2097152]} | ret=SUCCESS |  
2019-08-21 15:29:39,504 | INFO  | DNAudit | user=null | ip=null | op=WRITE_CHUNK {blockData=conID: 2 locID: 102655680532840889 bcsId: 0} | ret=SUCCESS |  
2019-08-21 15:29:39,504 [grpc-default-executor-4] INFO  client.GrpcClientProtocolClient (GrpcClientProtocolClient.java:onNext(255)) - client-029E50227556->355864cd-7ac5-4934-b366-9756b15dd90f: receive RaftClientReply:client-029E50227556->355864cd-7ac5-4934-b366-9756b15dd90f@group-785BCF25C267, cid=979, SUCCESS, logIndex=1308, commits[355864cd-7ac5-4934-b366-9756b15dd90f:c1310, ce4aa411-63c8-4399-99eb-27ce352844f3:c1306, 3eeffb0a-787e-48ec-a2f5-d0c540a89489:c1305]
2019-08-21 15:29:39,504 | INFO  | DNAudit | user=null | ip=null | op=PUT_BLOCK {blockData=[blockId=conID: 2 locID: 102655680532840889 bcsId: 0,size=1048576]} | ret=SUCCESS |  
2019-08-21 15:29:39,504 | INFO  | DNAudit | user=null | ip=null | op=PUT_BLOCK {blockData=[blockId=conID: 2 locID: 102655680532840889 bcsId: 0,size=1048576]} | ret=SUCCESS |  
2019-08-21 15:29:39,505 | INFO  | DNAudit | user=null | ip=null | op=WRITE_CHUNK {blockData=conID: 2 locID: 102655680532840889 bcsId: 0} | ret=SUCCESS |  
2019-08-21 15:29:39,505 | INFO  | DNAudit | user=null | ip=null | op=WRITE_CHUNK {blockData=conID: 2 locID: 102655680532840889 bcsId: 0} | ret=SUCCESS |  
2019-08-21 15:29:39,505 [grpc-default-executor-4] INFO  client.GrpcClientProtocolClient (GrpcClientProtocolClient.java:onNext(255)) - client-029E50227556->355864cd-7ac5-4934-b366-9756b15dd90f: receive RaftClientReply:client-029E50227556->355864cd-7ac5-4934-b366-9756b15dd90f@group-785BCF25C267, cid=980, SUCCESS, logIndex=1309, commits[355864cd-7ac5-4934-b366-9756b15dd90f:c1310, ce4aa411-63c8-4399-99eb-27ce352844f3:c1306, 3eeffb0a-787e-48ec-a2f5-d0c540a89489:c1306]
2019-08-21 15:29:39,505 | INFO  | DNAudit | user=null | ip=null | op=PUT_BLOCK {blockData=[blockId=conID: 2 locID: 102655680532840889 bcsId: 0,size=2097152]} | ret=SUCCESS |  
2019-08-21 15:29:39,505 | INFO  | DNAudit | user=null | ip=null | op=PUT_BLOCK {blockData=[blockId=conID: 2 locID: 102655680532840889 bcsId: 0,size=2097152]} | ret=SUCCESS |  
2019-08-21 15:29:39,506 [grpc-default-executor-4] INFO  client.GrpcClientProtocolClient (GrpcClientProtocolClient.java:onNext(255)) - client-029E50227556->355864cd-7ac5-4934-b366-9756b15dd90f: receive RaftClientReply:client-029E50227556->355864cd-7ac5-4934-b366-9756b15dd90f@group-785BCF25C267, cid=981, SUCCESS, logIndex=0, commits[355864cd-7ac5-4934-b366-9756b15dd90f:c1313, ce4aa411-63c8-4399-99eb-27ce352844f3:c1309, 3eeffb0a-787e-48ec-a2f5-d0c540a89489:c1309]
2019-08-21 15:29:39,512 | INFO  | DNAudit | user=null | ip=null | op=WRITE_CHUNK {blockData=conID: 2 locID: 102655680532840889 bcsId: 1309} | ret=SUCCESS |  
2019-08-21 15:29:39,515 | INFO  | DNAudit | user=null | ip=null | op=WRITE_CHUNK {blockData=conID: 2 locID: 102655680532840889 bcsId: 1309} | ret=SUCCESS |  
2019-08-21 15:29:39,515 | INFO  | DNAudit | user=null | ip=null | op=WRITE_CHUNK {blockData=conID: 2 locID: 102655680532840889 bcsId: 1309} | ret=SUCCESS |  
2019-08-21 15:29:39,525 | INFO  | DNAudit | user=null | ip=null | op=WRITE_CHUNK {blockData=conID: 2 locID: 102655680532840889 bcsId: 1309} | ret=SUCCESS |  
2019-08-21 15:29:39,525 | INFO  | DNAudit | user=null | ip=null | op=PUT_BLOCK {blockData=[blockId=conID: 2 locID: 102655680532840889 bcsId: 0,size=3145728]} | ret=SUCCESS |  
2019-08-21 15:29:39,525 [grpc-default-executor-3] INFO  client.GrpcClientProtocolClient (GrpcClientProtocolClient.java:onNext(255)) - client-029E50227556->355864cd-7ac5-4934-b366-9756b15dd90f: receive RaftClientReply:client-029E50227556->355864cd-7ac5-4934-b366-9756b15dd90f@group-785BCF25C267, cid=982, SUCCESS, logIndex=1314, commits[355864cd-7ac5-4934-b366-9756b15dd90f:c1315, ce4aa411-63c8-4399-99eb-27ce352844f3:c1313, 3eeffb0a-787e-48ec-a2f5-d0c540a89489:c1313]
2019-08-21 15:29:39,526 [grpc-default-executor-3] INFO  client.GrpcClientProtocolClient (GrpcClientProtocolClient.java:onNext(255)) - client-029E50227556->355864cd-7ac5-4934-b366-9756b15dd90f: receive RaftClientReply:client-029E50227556->355864cd-7ac5-4934-b366-9756b15dd90f@group-785BCF25C267, cid=983, SUCCESS, logIndex=1315, commits[355864cd-7ac5-4934-b366-9756b15dd90f:c1315, ce4aa411-63c8-4399-99eb-27ce352844f3:c1313, 3eeffb0a-787e-48ec-a2f5-d0c540a89489:c1313]
2019-08-21 15:29:39,532 | INFO  | DNAudit | user=null | ip=null | op=WRITE_CHUNK {blockData=conID: 2 locID: 102655680532840889 bcsId: 1315} | ret=SUCCESS |  
2019-08-21 15:29:39,534 | INFO  | DNAudit | user=null | ip=null | op=WRITE_CHUNK {blockData=conID: 2 locID: 102655680532840889 bcsId: 1315} | ret=SUCCESS |  
2019-08-21 15:29:39,534 | INFO  | DNAudit | user=null | ip=null | op=WRITE_CHUNK {blockData=conID: 2 locID: 102655680532840889 bcsId: 1315} | ret=SUCCESS |  
2019-08-21 15:29:39,536 | INFO  | DNAudit | user=null | ip=null | op=WRITE_CHUNK {blockData=conID: 2 locID: 102655680532840889 bcsId: 1309} | ret=SUCCESS |  
2019-08-21 15:29:39,536 | INFO  | DNAudit | user=null | ip=null | op=WRITE_CHUNK {blockData=conID: 2 locID: 102655680532840889 bcsId: 1309} | ret=SUCCESS |  
2019-08-21 15:29:39,536 | INFO  | DNAudit | user=null | ip=null | op=PUT_BLOCK {blockData=[blockId=conID: 2 locID: 102655680532840889 bcsId: 0,size=3145728]} | ret=SUCCESS |  
2019-08-21 15:29:39,537 | INFO  | DNAudit | user=null | ip=null | op=PUT_BLOCK {blockData=[blockId=conID: 2 locID: 102655680532840889 bcsId: 0,size=3145728]} | ret=SUCCESS |  
2019-08-21 15:29:39,538 | INFO  | DNAudit | user=null | ip=null | op=WRITE_CHUNK {blockData=conID: 2 locID: 102655680532840889 bcsId: 1315} | ret=SUCCESS |  
2019-08-21 15:29:39,538 | INFO  | DNAudit | user=null | ip=null | op=PUT_BLOCK {blockData=[blockId=conID: 2 locID: 102655680532840889 bcsId: 0,size=4194304]} | ret=SUCCESS |  
2019-08-21 15:29:39,538 [grpc-default-executor-4] INFO  client.GrpcClientProtocolClient (GrpcClientProtocolClient.java:onNext(255)) - client-029E50227556->355864cd-7ac5-4934-b366-9756b15dd90f: receive RaftClientReply:client-029E50227556->355864cd-7ac5-4934-b366-9756b15dd90f@group-785BCF25C267, cid=984, SUCCESS, logIndex=1318, commits[355864cd-7ac5-4934-b366-9756b15dd90f:c1319, ce4aa411-63c8-4399-99eb-27ce352844f3:c1315, 3eeffb0a-787e-48ec-a2f5-d0c540a89489:c1315]
2019-08-21 15:29:39,688 [grpc-default-executor-4] INFO  client.GrpcClientProtocolClient (GrpcClientProtocolClient.java:onNext(255)) - client-029E50227556->355864cd-7ac5-4934-b366-9756b15dd90f: receive RaftClientReply:client-029E50227556->355864cd-7ac5-4934-b366-9756b15dd90f@group-785BCF25C267, cid=985, SUCCESS, logIndex=1319, commits[355864cd-7ac5-4934-b366-9756b15dd90f:c1319, ce4aa411-63c8-4399-99eb-27ce352844f3:c1315, 3eeffb0a-787e-48ec-a2f5-d0c540a89489:c1315]
2019-08-21 15:29:39,688 | INFO  | DNAudit | user=null | ip=null | op=WRITE_CHUNK {blockData=conID: 2 locID: 102655680532840889 bcsId: 1315} | ret=SUCCESS |  
2019-08-21 15:29:39,688 | INFO  | DNAudit | user=null | ip=null | op=WRITE_CHUNK {blockData=conID: 2 locID: 102655680532840889 bcsId: 1315} | ret=SUCCESS |  
2019-08-21 15:29:39,688 | INFO  | DNAudit | user=null | ip=null | op=PUT_BLOCK {blockData=[blockId=conID: 2 locID: 102655680532840889 bcsId: 0,size=4194304]} | ret=SUCCESS |  
2019-08-21 15:29:39,689 | INFO  | DNAudit | user=null | ip=null | op=PUT_BLOCK {blockData=[blockId=conID: 2 locID: 102655680532840889 bcsId: 0,size=4194304]} | ret=SUCCESS |  
2019-08-21 15:29:39,690 [grpc-default-executor-4] INFO  client.GrpcClientProtocolClient (GrpcClientProtocolClient.java:onNext(255)) - client-029E50227556->355864cd-7ac5-4934-b366-9756b15dd90f: receive RaftClientReply:client-029E50227556->355864cd-7ac5-4934-b366-9756b15dd90f@group-785BCF25C267, cid=986, SUCCESS, logIndex=0, commits[355864cd-7ac5-4934-b366-9756b15dd90f:c1320, ce4aa411-63c8-4399-99eb-27ce352844f3:c1319, 3eeffb0a-787e-48ec-a2f5-d0c540a89489:c1319]
2019-08-21 15:29:39,700 | INFO  | DNAudit | user=null | ip=null | op=WRITE_CHUNK {blockData=conID: 3 locID: 102655680532840890 bcsId: 0} | ret=SUCCESS |  
2019-08-21 15:29:39,705 | INFO  | DNAudit | user=null | ip=null | op=WRITE_CHUNK {blockData=conID: 3 locID: 102655680532840890 bcsId: 0} | ret=SUCCESS |  
2019-08-21 15:29:39,706 | INFO  | DNAudit | user=null | ip=null | op=WRITE_CHUNK {blockData=conID: 3 locID: 102655680532840890 bcsId: 0} | ret=SUCCESS |  
2019-08-21 15:29:39,706 | INFO  | DNAudit | user=null | ip=null | op=WRITE_CHUNK {blockData=conID: 3 locID: 102655680532840890 bcsId: 0} | ret=SUCCESS |  
2019-08-21 15:29:39,709 | INFO  | DNAudit | user=null | ip=null | op=WRITE_CHUNK {blockData=conID: 3 locID: 102655680532840890 bcsId: 0} | ret=SUCCESS |  
2019-08-21 15:29:39,709 | INFO  | DNAudit | user=null | ip=null | op=WRITE_CHUNK {blockData=conID: 3 locID: 102655680532840890 bcsId: 0} | ret=SUCCESS |  
2019-08-21 15:29:39,713 | INFO  | DNAudit | user=null | ip=null | op=WRITE_CHUNK {blockData=conID: 3 locID: 102655680532840890 bcsId: 0} | ret=SUCCESS |  
2019-08-21 15:29:39,714 | INFO  | DNAudit | user=null | ip=null | op=PUT_BLOCK {blockData=[blockId=conID: 3 locID: 102655680532840890 bcsId: 0,size=1048576]} | ret=SUCCESS |  
2019-08-21 15:29:39,714 [grpc-default-executor-0] INFO  client.GrpcClientProtocolClient (GrpcClientProtocolClient.java:onNext(255)) - client-029E50227556->355864cd-7ac5-4934-b366-9756b15dd90f: receive RaftClientReply:client-029E50227556->355864cd-7ac5-4934-b366-9756b15dd90f@group-785BCF25C267, cid=987, SUCCESS, logIndex=1322, commits[355864cd-7ac5-4934-b366-9756b15dd90f:c1323, ce4aa411-63c8-4399-99eb-27ce352844f3:c1320, 3eeffb0a-787e-48ec-a2f5-d0c540a89489:c1320]
2019-08-21 15:29:39,715 | INFO  | DNAudit | user=null | ip=null | op=WRITE_CHUNK {blockData=conID: 3 locID: 102655680532840890 bcsId: 0} | ret=SUCCESS |  
2019-08-21 15:29:39,715 | INFO  | DNAudit | user=null | ip=null | op=WRITE_CHUNK {blockData=conID: 3 locID: 102655680532840890 bcsId: 0} | ret=SUCCESS |  
2019-08-21 15:29:39,716 [grpc-default-executor-0] INFO  client.GrpcClientProtocolClient (GrpcClientProtocolClient.java:onNext(255)) - client-029E50227556->355864cd-7ac5-4934-b366-9756b15dd90f: receive RaftClientReply:client-029E50227556->355864cd-7ac5-4934-b366-9756b15dd90f@group-785BCF25C267, cid=988, SUCCESS, logIndex=1323, commits[355864cd-7ac5-4934-b366-9756b15dd90f:c1325, ce4aa411-63c8-4399-99eb-27ce352844f3:c1320, 3eeffb0a-787e-48ec-a2f5-d0c540a89489:c1321]
2019-08-21 15:29:39,716 | INFO  | DNAudit | user=null | ip=null | op=WRITE_CHUNK {blockData=conID: 3 locID: 102655680532840890 bcsId: 0} | ret=SUCCESS |  
2019-08-21 15:29:39,716 | INFO  | DNAudit | user=null | ip=null | op=PUT_BLOCK {blockData=[blockId=conID: 3 locID: 102655680532840890 bcsId: 0,size=2097152]} | ret=SUCCESS |  
2019-08-21 15:29:39,716 | INFO  | DNAudit | user=null | ip=null | op=PUT_BLOCK {blockData=[blockId=conID: 3 locID: 102655680532840890 bcsId: 0,size=1048576]} | ret=SUCCESS |  
2019-08-21 15:29:39,716 [grpc-default-executor-0] INFO  client.GrpcClientProtocolClient (GrpcClientProtocolClient.java:onNext(255)) - client-029E50227556->355864cd-7ac5-4934-b366-9756b15dd90f: receive RaftClientReply:client-029E50227556->355864cd-7ac5-4934-b366-9756b15dd90f@group-785BCF25C267, cid=989, SUCCESS, logIndex=1324, commits[355864cd-7ac5-4934-b366-9756b15dd90f:c1325, ce4aa411-63c8-4399-99eb-27ce352844f3:c1321, 3eeffb0a-787e-48ec-a2f5-d0c540a89489:c1321]
2019-08-21 15:29:39,717 [grpc-default-executor-0] INFO  client.GrpcClientProtocolClient (GrpcClientProtocolClient.java:onNext(255)) - client-029E50227556->355864cd-7ac5-4934-b366-9756b15dd90f: receive RaftClientReply:client-029E50227556->355864cd-7ac5-4934-b366-9756b15dd90f@group-785BCF25C267, cid=990, SUCCESS, logIndex=1325, commits[355864cd-7ac5-4934-b366-9756b15dd90f:c1327, ce4aa411-63c8-4399-99eb-27ce352844f3:c1323, 3eeffb0a-787e-48ec-a2f5-d0c540a89489:c1322]
2019-08-21 15:29:39,717 | INFO  | DNAudit | user=null | ip=null | op=PUT_BLOCK {blockData=[blockId=conID: 3 locID: 102655680532840890 bcsId: 0,size=1048576]} | ret=SUCCESS |  
2019-08-21 15:29:39,717 | INFO  | DNAudit | user=null | ip=null | op=WRITE_CHUNK {blockData=conID: 3 locID: 102655680532840890 bcsId: 0} | ret=SUCCESS |  
2019-08-21 15:29:39,717 | INFO  | DNAudit | user=null | ip=null | op=WRITE_CHUNK {blockData=conID: 3 locID: 102655680532840890 bcsId: 0} | ret=SUCCESS |  
2019-08-21 15:29:39,717 | INFO  | DNAudit | user=null | ip=null | op=PUT_BLOCK {blockData=[blockId=conID: 3 locID: 102655680532840890 bcsId: 0,size=2097152]} | ret=SUCCESS |  
2019-08-21 15:29:39,718 | INFO  | DNAudit | user=null | ip=null | op=PUT_BLOCK {blockData=[blockId=conID: 3 locID: 102655680532840890 bcsId: 0,size=2097152]} | ret=SUCCESS |  
2019-08-21 15:29:39,718 [grpc-default-executor-0] INFO  client.GrpcClientProtocolClient (GrpcClientProtocolClient.java:onNext(255)) - client-029E50227556->355864cd-7ac5-4934-b366-9756b15dd90f: receive RaftClientReply:client-029E50227556->355864cd-7ac5-4934-b366-9756b15dd90f@group-785BCF25C267, cid=991, SUCCESS, logIndex=0, commits[355864cd-7ac5-4934-b366-9756b15dd90f:c1329, ce4aa411-63c8-4399-99eb-27ce352844f3:c1325, 3eeffb0a-787e-48ec-a2f5-d0c540a89489:c1324]
2019-08-21 15:29:39,727 | INFO  | DNAudit | user=null | ip=null | op=WRITE_CHUNK {blockData=conID: 3 locID: 102655680532840890 bcsId: 1325} | ret=SUCCESS |  
2019-08-21 15:29:39,731 | INFO  | DNAudit | user=null | ip=null | op=WRITE_CHUNK {blockData=conID: 3 locID: 102655680532840890 bcsId: 1325} | ret=SUCCESS |  
2019-08-21 15:29:39,731 | INFO  | DNAudit | user=null | ip=null | op=WRITE_CHUNK {blockData=conID: 3 locID: 102655680532840890 bcsId: 1325} | ret=SUCCESS |  
2019-08-21 15:29:39,740 | INFO  | DNAudit | user=null | ip=null | op=WRITE_CHUNK {blockData=conID: 3 locID: 102655680532840890 bcsId: 1325} | ret=SUCCESS |  
2019-08-21 15:29:39,740 | INFO  | DNAudit | user=null | ip=null | op=PUT_BLOCK {blockData=[blockId=conID: 3 locID: 102655680532840890 bcsId: 0,size=3145728]} | ret=SUCCESS |  
2019-08-21 15:29:39,741 [grpc-default-executor-2] INFO  client.GrpcClientProtocolClient (GrpcClientProtocolClient.java:onNext(255)) - client-029E50227556->355864cd-7ac5-4934-b366-9756b15dd90f: receive RaftClientReply:client-029E50227556->355864cd-7ac5-4934-b366-9756b15dd90f@group-785BCF25C267, cid=992, SUCCESS, logIndex=1330, commits[355864cd-7ac5-4934-b366-9756b15dd90f:c1331, ce4aa411-63c8-4399-99eb-27ce352844f3:c1329, 3eeffb0a-787e-48ec-a2f5-d0c540a89489:c1329]
2019-08-21 15:29:39,741 [grpc-default-executor-2] INFO  client.GrpcClientProtocolClient (GrpcClientProtocolClient.java:onNext(255)) - client-029E50227556->355864cd-7ac5-4934-b366-9756b15dd90f: receive RaftClientReply:client-029E50227556->355864cd-7ac5-4934-b366-9756b15dd90f@group-785BCF25C267, cid=993, SUCCESS, logIndex=1331, commits[355864cd-7ac5-4934-b366-9756b15dd90f:c1331, ce4aa411-63c8-4399-99eb-27ce352844f3:c1329, 3eeffb0a-787e-48ec-a2f5-d0c540a89489:c1329]
2019-08-21 15:29:39,750 | INFO  | DNAudit | user=null | ip=null | op=WRITE_CHUNK {blockData=conID: 3 locID: 102655680532840890 bcsId: 1331} | ret=SUCCESS |  
2019-08-21 15:29:39,751 | INFO  | DNAudit | user=null | ip=null | op=WRITE_CHUNK {blockData=conID: 3 locID: 102655680532840890 bcsId: 1325} | ret=SUCCESS |  
2019-08-21 15:29:39,751 | INFO  | DNAudit | user=null | ip=null | op=WRITE_CHUNK {blockData=conID: 3 locID: 102655680532840890 bcsId: 1325} | ret=SUCCESS |  
2019-08-21 15:29:39,752 | INFO  | DNAudit | user=null | ip=null | op=PUT_BLOCK {blockData=[blockId=conID: 3 locID: 102655680532840890 bcsId: 0,size=3145728]} | ret=SUCCESS |  
2019-08-21 15:29:39,753 | INFO  | DNAudit | user=null | ip=null | op=PUT_BLOCK {blockData=[blockId=conID: 3 locID: 102655680532840890 bcsId: 0,size=3145728]} | ret=SUCCESS |  
2019-08-21 15:29:39,753 | INFO  | DNAudit | user=null | ip=null | op=WRITE_CHUNK {blockData=conID: 3 locID: 102655680532840890 bcsId: 1331} | ret=SUCCESS |  
2019-08-21 15:29:39,753 | INFO  | DNAudit | user=null | ip=null | op=WRITE_CHUNK {blockData=conID: 3 locID: 102655680532840890 bcsId: 1331} | ret=SUCCESS |  
2019-08-21 15:29:39,765 | INFO  | DNAudit | user=null | ip=null | op=WRITE_CHUNK {blockData=conID: 3 locID: 102655680532840890 bcsId: 1331} | ret=SUCCESS |  
2019-08-21 15:29:39,766 | INFO  | DNAudit | user=null | ip=null | op=PUT_BLOCK {blockData=[blockId=conID: 3 locID: 102655680532840890 bcsId: 0,size=4194304]} | ret=SUCCESS |  
2019-08-21 15:29:39,766 [grpc-default-executor-3] INFO  client.GrpcClientProtocolClient (GrpcClientProtocolClient.java:onNext(255)) - client-029E50227556->355864cd-7ac5-4934-b366-9756b15dd90f: receive RaftClientReply:client-029E50227556->355864cd-7ac5-4934-b366-9756b15dd90f@group-785BCF25C267, cid=994, SUCCESS, logIndex=1334, commits[355864cd-7ac5-4934-b366-9756b15dd90f:c1335, ce4aa411-63c8-4399-99eb-27ce352844f3:c1331, 3eeffb0a-787e-48ec-a2f5-d0c540a89489:c1331]
2019-08-21 15:29:39,767 | INFO  | DNAudit | user=null | ip=null | op=WRITE_CHUNK {blockData=conID: 3 locID: 102655680532840890 bcsId: 1331} | ret=SUCCESS |  
2019-08-21 15:29:39,767 [grpc-default-executor-3] INFO  client.GrpcClientProtocolClient (GrpcClientProtocolClient.java:onNext(255)) - client-029E50227556->355864cd-7ac5-4934-b366-9756b15dd90f: receive RaftClientReply:client-029E50227556->355864cd-7ac5-4934-b366-9756b15dd90f@group-785BCF25C267, cid=995, SUCCESS, logIndex=1335, commits[355864cd-7ac5-4934-b366-9756b15dd90f:c1335, ce4aa411-63c8-4399-99eb-27ce352844f3:c1331, 3eeffb0a-787e-48ec-a2f5-d0c540a89489:c1331]
2019-08-21 15:29:39,767 | INFO  | DNAudit | user=null | ip=null | op=PUT_BLOCK {blockData=[blockId=conID: 3 locID: 102655680532840890 bcsId: 0,size=4194304]} | ret=SUCCESS |  
2019-08-21 15:29:39,767 | INFO  | DNAudit | user=null | ip=null | op=WRITE_CHUNK {blockData=conID: 3 locID: 102655680532840890 bcsId: 1331} | ret=SUCCESS |  
2019-08-21 15:29:39,768 | INFO  | DNAudit | user=null | ip=null | op=PUT_BLOCK {blockData=[blockId=conID: 3 locID: 102655680532840890 bcsId: 0,size=4194304]} | ret=SUCCESS |  
2019-08-21 15:29:39,768 [grpc-default-executor-2] INFO  client.GrpcClientProtocolClient (GrpcClientProtocolClient.java:onNext(255)) - client-029E50227556->355864cd-7ac5-4934-b366-9756b15dd90f: receive RaftClientReply:client-029E50227556->355864cd-7ac5-4934-b366-9756b15dd90f@group-785BCF25C267, cid=996, SUCCESS, logIndex=0, commits[355864cd-7ac5-4934-b366-9756b15dd90f:c1336, ce4aa411-63c8-4399-99eb-27ce352844f3:c1335, 3eeffb0a-787e-48ec-a2f5-d0c540a89489:c1335]
2019-08-21 15:29:39,779 | INFO  | DNAudit | user=null | ip=null | op=WRITE_CHUNK {blockData=conID: 1 locID: 102655680532840891 bcsId: 0} | ret=SUCCESS |  
2019-08-21 15:29:39,780 | INFO  | DNAudit | user=null | ip=null | op=WRITE_CHUNK {blockData=conID: 1 locID: 102655680532840891 bcsId: 0} | ret=SUCCESS |  
2019-08-21 15:29:39,781 | INFO  | DNAudit | user=null | ip=null | op=WRITE_CHUNK {blockData=conID: 1 locID: 102655680532840891 bcsId: 0} | ret=SUCCESS |  
2019-08-21 15:29:39,782 | INFO  | DNAudit | user=null | ip=null | op=WRITE_CHUNK {blockData=conID: 1 locID: 102655680532840891 bcsId: 0} | ret=SUCCESS |  
2019-08-21 15:29:39,783 | INFO  | DNAudit | user=null | ip=null | op=WRITE_CHUNK {blockData=conID: 1 locID: 102655680532840891 bcsId: 0} | ret=SUCCESS |  
2019-08-21 15:29:39,784 | INFO  | DNAudit | user=null | ip=null | op=WRITE_CHUNK {blockData=conID: 1 locID: 102655680532840891 bcsId: 0} | ret=SUCCESS |  
2019-08-21 15:29:39,793 | INFO  | DNAudit | user=null | ip=null | op=WRITE_CHUNK {blockData=conID: 1 locID: 102655680532840891 bcsId: 0} | ret=SUCCESS |  
2019-08-21 15:29:39,794 | INFO  | DNAudit | user=null | ip=null | op=PUT_BLOCK {blockData=[blockId=conID: 1 locID: 102655680532840891 bcsId: 0,size=1048576]} | ret=SUCCESS |  
2019-08-21 15:29:39,794 [grpc-default-executor-2] INFO  client.GrpcClientProtocolClient (GrpcClientProtocolClient.java:onNext(255)) - client-029E50227556->355864cd-7ac5-4934-b366-9756b15dd90f: receive RaftClientReply:client-029E50227556->355864cd-7ac5-4934-b366-9756b15dd90f@group-785BCF25C267, cid=997, SUCCESS, logIndex=1338, commits[355864cd-7ac5-4934-b366-9756b15dd90f:c1339, ce4aa411-63c8-4399-99eb-27ce352844f3:c1337, 3eeffb0a-787e-48ec-a2f5-d0c540a89489:c1337]
2019-08-21 15:29:39,795 [grpc-default-executor-2] INFO  client.GrpcClientProtocolClient (GrpcClientProtocolClient.java:onNext(255)) - client-029E50227556->355864cd-7ac5-4934-b366-9756b15dd90f: receive RaftClientReply:client-029E50227556->355864cd-7ac5-4934-b366-9756b15dd90f@group-785BCF25C267, cid=998, SUCCESS, logIndex=1339, commits[355864cd-7ac5-4934-b366-9756b15dd90f:c1339, ce4aa411-63c8-4399-99eb-27ce352844f3:c1337, 3eeffb0a-787e-48ec-a2f5-d0c540a89489:c1337]
2019-08-21 15:29:39,804 | INFO  | DNAudit | user=null | ip=null | op=WRITE_CHUNK {blockData=conID: 1 locID: 102655680532840891 bcsId: 0} | ret=SUCCESS |  
2019-08-21 15:29:39,805 | INFO  | DNAudit | user=null | ip=null | op=PUT_BLOCK {blockData=[blockId=conID: 1 locID: 102655680532840891 bcsId: 0,size=2097152]} | ret=SUCCESS |  
2019-08-21 15:29:39,805 | INFO  | DNAudit | user=null | ip=null | op=WRITE_CHUNK {blockData=conID: 1 locID: 102655680532840891 bcsId: 0} | ret=SUCCESS |  
2019-08-21 15:29:39,805 [grpc-default-executor-3] INFO  client.GrpcClientProtocolClient (GrpcClientProtocolClient.java:onNext(255)) - client-029E50227556->355864cd-7ac5-4934-b366-9756b15dd90f: receive RaftClientReply:client-029E50227556->355864cd-7ac5-4934-b366-9756b15dd90f@group-785BCF25C267, cid=999, SUCCESS, logIndex=1340, commits[355864cd-7ac5-4934-b366-9756b15dd90f:c1341, ce4aa411-63c8-4399-99eb-27ce352844f3:c1337, 3eeffb0a-787e-48ec-a2f5-d0c540a89489:c1337]
2019-08-21 15:29:39,805 | INFO  | DNAudit | user=null | ip=null | op=PUT_BLOCK {blockData=[blockId=conID: 1 locID: 102655680532840891 bcsId: 0,size=1048576]} | ret=SUCCESS |  
2019-08-21 15:29:39,806 | INFO  | DNAudit | user=null | ip=null | op=WRITE_CHUNK {blockData=conID: 1 locID: 102655680532840891 bcsId: 0} | ret=SUCCESS |  
2019-08-21 15:29:39,805 [grpc-default-executor-3] INFO  client.GrpcClientProtocolClient (GrpcClientProtocolClient.java:onNext(255)) - client-029E50227556->355864cd-7ac5-4934-b366-9756b15dd90f: receive RaftClientReply:client-029E50227556->355864cd-7ac5-4934-b366-9756b15dd90f@group-785BCF25C267, cid=1000, SUCCESS, logIndex=1341, commits[355864cd-7ac5-4934-b366-9756b15dd90f:c1342, ce4aa411-63c8-4399-99eb-27ce352844f3:c1337, 3eeffb0a-787e-48ec-a2f5-d0c540a89489:c1339]
2019-08-21 15:29:39,806 | INFO  | DNAudit | user=null | ip=null | op=PUT_BLOCK {blockData=[blockId=conID: 1 locID: 102655680532840891 bcsId: 0,size=1048576]} | ret=SUCCESS |  
2019-08-21 15:29:39,806 | INFO  | DNAudit | user=null | ip=null | op=WRITE_CHUNK {blockData=conID: 1 locID: 102655680532840891 bcsId: 0} | ret=SUCCESS |  
2019-08-21 15:29:39,807 | INFO  | DNAudit | user=null | ip=null | op=PUT_BLOCK {blockData=[blockId=conID: 1 locID: 102655680532840891 bcsId: 0,size=2097152]} | ret=SUCCESS |  
2019-08-21 15:29:39,807 [grpc-default-executor-0] INFO  client.GrpcClientProtocolClient (GrpcClientProtocolClient.java:onNext(255)) - client-029E50227556->355864cd-7ac5-4934-b366-9756b15dd90f: receive RaftClientReply:client-029E50227556->355864cd-7ac5-4934-b366-9756b15dd90f@group-785BCF25C267, cid=1001, SUCCESS, logIndex=0, commits[355864cd-7ac5-4934-b366-9756b15dd90f:c1343, ce4aa411-63c8-4399-99eb-27ce352844f3:c1339, 3eeffb0a-787e-48ec-a2f5-d0c540a89489:c1339]
2019-08-21 15:29:39,807 | INFO  | DNAudit | user=null | ip=null | op=WRITE_CHUNK {blockData=conID: 1 locID: 102655680532840891 bcsId: 0} | ret=SUCCESS |  
2019-08-21 15:29:39,807 | INFO  | DNAudit | user=null | ip=null | op=PUT_BLOCK {blockData=[blockId=conID: 1 locID: 102655680532840891 bcsId: 0,size=2097152]} | ret=SUCCESS |  
2019-08-21 15:29:39,816 | INFO  | DNAudit | user=null | ip=null | op=WRITE_CHUNK {blockData=conID: 1 locID: 102655680532840891 bcsId: 1341} | ret=SUCCESS |  
2019-08-21 15:29:39,819 | INFO  | DNAudit | user=null | ip=null | op=WRITE_CHUNK {blockData=conID: 1 locID: 102655680532840891 bcsId: 1341} | ret=SUCCESS |  
2019-08-21 15:29:39,819 | INFO  | DNAudit | user=null | ip=null | op=WRITE_CHUNK {blockData=conID: 1 locID: 102655680532840891 bcsId: 1341} | ret=SUCCESS |  
2019-08-21 15:29:39,833 | INFO  | DNAudit | user=null | ip=null | op=WRITE_CHUNK {blockData=conID: 1 locID: 102655680532840891 bcsId: 1341} | ret=SUCCESS |  
2019-08-21 15:29:39,833 | INFO  | DNAudit | user=null | ip=null | op=PUT_BLOCK {blockData=[blockId=conID: 1 locID: 102655680532840891 bcsId: 0,size=3145728]} | ret=SUCCESS |  
2019-08-21 15:29:39,833 [grpc-default-executor-2] INFO  client.GrpcClientProtocolClient (GrpcClientProtocolClient.java:onNext(255)) - client-029E50227556->355864cd-7ac5-4934-b366-9756b15dd90f: receive RaftClientReply:client-029E50227556->355864cd-7ac5-4934-b366-9756b15dd90f@group-785BCF25C267, cid=1002, SUCCESS, logIndex=1346, commits[355864cd-7ac5-4934-b366-9756b15dd90f:c1347, ce4aa411-63c8-4399-99eb-27ce352844f3:c1345, 3eeffb0a-787e-48ec-a2f5-d0c540a89489:c1345]
2019-08-21 15:29:39,834 [grpc-default-executor-2] INFO  client.GrpcClientProtocolClient (GrpcClientProtocolClient.java:onNext(255)) - client-029E50227556->355864cd-7ac5-4934-b366-9756b15dd90f: receive RaftClientReply:client-029E50227556->355864cd-7ac5-4934-b366-9756b15dd90f@group-785BCF25C267, cid=1003, SUCCESS, logIndex=1347, commits[355864cd-7ac5-4934-b366-9756b15dd90f:c1347, ce4aa411-63c8-4399-99eb-27ce352844f3:c1345, 3eeffb0a-787e-48ec-a2f5-d0c540a89489:c1345]
2019-08-21 15:29:39,841 | INFO  | DNAudit | user=null | ip=null | op=WRITE_CHUNK {blockData=conID: 1 locID: 102655680532840891 bcsId: 1347} | ret=SUCCESS |  
2019-08-21 15:29:39,844 | INFO  | DNAudit | user=null | ip=null | op=WRITE_CHUNK {blockData=conID: 1 locID: 102655680532840891 bcsId: 1341} | ret=SUCCESS |  
2019-08-21 15:29:39,844 | INFO  | DNAudit | user=null | ip=null | op=WRITE_CHUNK {blockData=conID: 1 locID: 102655680532840891 bcsId: 1341} | ret=SUCCESS |  
2019-08-21 15:29:39,845 | INFO  | DNAudit | user=null | ip=null | op=WRITE_CHUNK {blockData=conID: 1 locID: 102655680532840891 bcsId: 1347} | ret=SUCCESS |  
2019-08-21 15:29:39,845 | INFO  | DNAudit | user=null | ip=null | op=WRITE_CHUNK {blockData=conID: 1 locID: 102655680532840891 bcsId: 1347} | ret=SUCCESS |  
2019-08-21 15:29:39,856 | INFO  | DNAudit | user=null | ip=null | op=PUT_BLOCK {blockData=[blockId=conID: 1 locID: 102655680532840891 bcsId: 0,size=3145728]} | ret=SUCCESS |  
2019-08-21 15:29:39,856 | INFO  | DNAudit | user=null | ip=null | op=PUT_BLOCK {blockData=[blockId=conID: 1 locID: 102655680532840891 bcsId: 0,size=3145728]} | ret=SUCCESS |  
2019-08-21 15:29:39,856 | INFO  | DNAudit | user=null | ip=null | op=WRITE_CHUNK {blockData=conID: 1 locID: 102655680532840891 bcsId: 1347} | ret=SUCCESS |  
2019-08-21 15:29:39,857 | INFO  | DNAudit | user=null | ip=null | op=PUT_BLOCK {blockData=[blockId=conID: 1 locID: 102655680532840891 bcsId: 0,size=4194304]} | ret=SUCCESS |  
2019-08-21 15:29:39,857 [grpc-default-executor-2] INFO  client.GrpcClientProtocolClient (GrpcClientProtocolClient.java:onNext(255)) - client-029E50227556->355864cd-7ac5-4934-b366-9756b15dd90f: receive RaftClientReply:client-029E50227556->355864cd-7ac5-4934-b366-9756b15dd90f@group-785BCF25C267, cid=1004, SUCCESS, logIndex=1350, commits[355864cd-7ac5-4934-b366-9756b15dd90f:c1351, ce4aa411-63c8-4399-99eb-27ce352844f3:c1347, 3eeffb0a-787e-48ec-a2f5-d0c540a89489:c1347]
2019-08-21 15:29:39,858 [grpc-default-executor-2] INFO  client.GrpcClientProtocolClient (GrpcClientProtocolClient.java:onNext(255)) - client-029E50227556->355864cd-7ac5-4934-b366-9756b15dd90f: receive RaftClientReply:client-029E50227556->355864cd-7ac5-4934-b366-9756b15dd90f@group-785BCF25C267, cid=1005, SUCCESS, logIndex=1351, commits[355864cd-7ac5-4934-b366-9756b15dd90f:c1351, ce4aa411-63c8-4399-99eb-27ce352844f3:c1347, 3eeffb0a-787e-48ec-a2f5-d0c540a89489:c1347]
2019-08-21 15:29:39,867 | INFO  | DNAudit | user=null | ip=null | op=WRITE_CHUNK {blockData=conID: 1 locID: 102655680532840891 bcsId: 1347} | ret=SUCCESS |  
2019-08-21 15:29:39,867 | INFO  | DNAudit | user=null | ip=null | op=WRITE_CHUNK {blockData=conID: 1 locID: 102655680532840891 bcsId: 1347} | ret=SUCCESS |  
2019-08-21 15:29:39,868 | INFO  | DNAudit | user=null | ip=null | op=PUT_BLOCK {blockData=[blockId=conID: 1 locID: 102655680532840891 bcsId: 0,size=4194304]} | ret=SUCCESS |  
2019-08-21 15:29:39,868 | INFO  | DNAudit | user=null | ip=null | op=PUT_BLOCK {blockData=[blockId=conID: 1 locID: 102655680532840891 bcsId: 0,size=4194304]} | ret=SUCCESS |  
2019-08-21 15:29:39,869 [grpc-default-executor-2] INFO  client.GrpcClientProtocolClient (GrpcClientProtocolClient.java:onNext(255)) - client-029E50227556->355864cd-7ac5-4934-b366-9756b15dd90f: receive RaftClientReply:client-029E50227556->355864cd-7ac5-4934-b366-9756b15dd90f@group-785BCF25C267, cid=1006, SUCCESS, logIndex=0, commits[355864cd-7ac5-4934-b366-9756b15dd90f:c1353, ce4aa411-63c8-4399-99eb-27ce352844f3:c1351, 3eeffb0a-787e-48ec-a2f5-d0c540a89489:c1351]
2019-08-21 15:29:39,876 | INFO  | DNAudit | user=null | ip=null | op=WRITE_CHUNK {blockData=conID: 2 locID: 102655680532906428 bcsId: 0} | ret=SUCCESS |  
2019-08-21 15:29:39,879 | INFO  | DNAudit | user=null | ip=null | op=WRITE_CHUNK {blockData=conID: 2 locID: 102655680532906428 bcsId: 0} | ret=SUCCESS |  
2019-08-21 15:29:39,879 | INFO  | DNAudit | user=null | ip=null | op=WRITE_CHUNK {blockData=conID: 2 locID: 102655680532906428 bcsId: 0} | ret=SUCCESS |  
2019-08-21 15:29:39,880 | INFO  | DNAudit | user=null | ip=null | op=WRITE_CHUNK {blockData=conID: 2 locID: 102655680532906428 bcsId: 0} | ret=SUCCESS |  
2019-08-21 15:29:39,881 | INFO  | DNAudit | user=null | ip=null | op=WRITE_CHUNK {blockData=conID: 2 locID: 102655680532906428 bcsId: 0} | ret=SUCCESS |  
2019-08-21 15:29:39,881 | INFO  | DNAudit | user=null | ip=null | op=WRITE_CHUNK {blockData=conID: 2 locID: 102655680532906428 bcsId: 0} | ret=SUCCESS |  
2019-08-21 15:29:39,887 | INFO  | DNAudit | user=null | ip=null | op=WRITE_CHUNK {blockData=conID: 2 locID: 102655680532906428 bcsId: 0} | ret=SUCCESS |  
2019-08-21 15:29:39,887 | INFO  | DNAudit | user=null | ip=null | op=PUT_BLOCK {blockData=[blockId=conID: 2 locID: 102655680532906428 bcsId: 0,size=1048576]} | ret=SUCCESS |  
2019-08-21 15:29:39,888 | INFO  | DNAudit | user=null | ip=null | op=WRITE_CHUNK {blockData=conID: 2 locID: 102655680532906428 bcsId: 0} | ret=SUCCESS |  
2019-08-21 15:29:39,888 [grpc-default-executor-2] INFO  client.GrpcClientProtocolClient (GrpcClientProtocolClient.java:onNext(255)) - client-029E50227556->355864cd-7ac5-4934-b366-9756b15dd90f: receive RaftClientReply:client-029E50227556->355864cd-7ac5-4934-b366-9756b15dd90f@group-785BCF25C267, cid=1007, SUCCESS, logIndex=1354, commits[355864cd-7ac5-4934-b366-9756b15dd90f:c1355, ce4aa411-63c8-4399-99eb-27ce352844f3:c1353, 3eeffb0a-787e-48ec-a2f5-d0c540a89489:c1353]
2019-08-21 15:29:39,888 | INFO  | DNAudit | user=null | ip=null | op=PUT_BLOCK {blockData=[blockId=conID: 2 locID: 102655680532906428 bcsId: 0,size=2097152]} | ret=SUCCESS |  
2019-08-21 15:29:39,888 | INFO  | DNAudit | user=null | ip=null | op=WRITE_CHUNK {blockData=conID: 2 locID: 102655680532906428 bcsId: 0} | ret=SUCCESS |  
2019-08-21 15:29:39,889 | INFO  | DNAudit | user=null | ip=null | op=WRITE_CHUNK {blockData=conID: 2 locID: 102655680532906428 bcsId: 0} | ret=SUCCESS |  
2019-08-21 15:29:39,889 [grpc-default-executor-2] INFO  client.GrpcClientProtocolClient (GrpcClientProtocolClient.java:onNext(255)) - client-029E50227556->355864cd-7ac5-4934-b366-9756b15dd90f: receive RaftClientReply:client-029E50227556->355864cd-7ac5-4934-b366-9756b15dd90f@group-785BCF25C267, cid=1008, SUCCESS, logIndex=1355, commits[355864cd-7ac5-4934-b366-9756b15dd90f:c1355, ce4aa411-63c8-4399-99eb-27ce352844f3:c1353, 3eeffb0a-787e-48ec-a2f5-d0c540a89489:c1353]
2019-08-21 15:29:39,889 | INFO  | DNAudit | user=null | ip=null | op=PUT_BLOCK {blockData=[blockId=conID: 2 locID: 102655680532906428 bcsId: 0,size=1048576]} | ret=SUCCESS |  
2019-08-21 15:29:39,889 | INFO  | DNAudit | user=null | ip=null | op=PUT_BLOCK {blockData=[blockId=conID: 2 locID: 102655680532906428 bcsId: 0,size=1048576]} | ret=SUCCESS |  
2019-08-21 15:29:39,889 [grpc-default-executor-2] INFO  client.GrpcClientProtocolClient (GrpcClientProtocolClient.java:onNext(255)) - client-029E50227556->355864cd-7ac5-4934-b366-9756b15dd90f: receive RaftClientReply:client-029E50227556->355864cd-7ac5-4934-b366-9756b15dd90f@group-785BCF25C267, cid=1009, SUCCESS, logIndex=1356, commits[355864cd-7ac5-4934-b366-9756b15dd90f:c1357, ce4aa411-63c8-4399-99eb-27ce352844f3:c1353, 3eeffb0a-787e-48ec-a2f5-d0c540a89489:c1353]
2019-08-21 15:29:39,889 | INFO  | DNAudit | user=null | ip=null | op=WRITE_CHUNK {blockData=conID: 2 locID: 102655680532906428 bcsId: 0} | ret=SUCCESS |  
2019-08-21 15:29:39,889 [grpc-default-executor-4] INFO  client.GrpcClientProtocolClient (GrpcClientProtocolClient.java:onNext(255)) - client-029E50227556->355864cd-7ac5-4934-b366-9756b15dd90f: receive RaftClientReply:client-029E50227556->355864cd-7ac5-4934-b366-9756b15dd90f@group-785BCF25C267, cid=1010, SUCCESS, logIndex=1357, commits[355864cd-7ac5-4934-b366-9756b15dd90f:c1358, ce4aa411-63c8-4399-99eb-27ce352844f3:c1353, 3eeffb0a-787e-48ec-a2f5-d0c540a89489:c1354]
2019-08-21 15:29:39,890 | INFO  | DNAudit | user=null | ip=null | op=WRITE_CHUNK {blockData=conID: 2 locID: 102655680532906428 bcsId: 0} | ret=SUCCESS |  
2019-08-21 15:29:39,890 | INFO  | DNAudit | user=null | ip=null | op=PUT_BLOCK {blockData=[blockId=conID: 2 locID: 102655680532906428 bcsId: 0,size=2097152]} | ret=SUCCESS |  
2019-08-21 15:29:39,890 | INFO  | DNAudit | user=null | ip=null | op=PUT_BLOCK {blockData=[blockId=conID: 2 locID: 102655680532906428 bcsId: 0,size=2097152]} | ret=SUCCESS |  
2019-08-21 15:29:39,891 [grpc-default-executor-2] INFO  client.GrpcClientProtocolClient (GrpcClientProtocolClient.java:onNext(255)) - client-029E50227556->355864cd-7ac5-4934-b366-9756b15dd90f: receive RaftClientReply:client-029E50227556->355864cd-7ac5-4934-b366-9756b15dd90f@group-785BCF25C267, cid=1011, SUCCESS, logIndex=0, commits[355864cd-7ac5-4934-b366-9756b15dd90f:c1361, ce4aa411-63c8-4399-99eb-27ce352844f3:c1357, 3eeffb0a-787e-48ec-a2f5-d0c540a89489:c1356]
2019-08-21 15:29:39,898 | INFO  | DNAudit | user=null | ip=null | op=WRITE_CHUNK {blockData=conID: 2 locID: 102655680532906428 bcsId: 1357} | ret=SUCCESS |  
2019-08-21 15:29:39,900 | INFO  | DNAudit | user=null | ip=null | op=WRITE_CHUNK {blockData=conID: 2 locID: 102655680532906428 bcsId: 1357} | ret=SUCCESS |  
2019-08-21 15:29:39,900 | INFO  | DNAudit | user=null | ip=null | op=WRITE_CHUNK {blockData=conID: 2 locID: 102655680532906428 bcsId: 1357} | ret=SUCCESS |  
2019-08-21 15:29:39,909 | INFO  | DNAudit | user=null | ip=null | op=WRITE_CHUNK {blockData=conID: 2 locID: 102655680532906428 bcsId: 1357} | ret=SUCCESS |  
2019-08-21 15:29:39,909 | INFO  | DNAudit | user=null | ip=null | op=PUT_BLOCK {blockData=[blockId=conID: 2 locID: 102655680532906428 bcsId: 0,size=3145728]} | ret=SUCCESS |  
2019-08-21 15:29:39,909 [grpc-default-executor-4] INFO  client.GrpcClientProtocolClient (GrpcClientProtocolClient.java:onNext(255)) - client-029E50227556->355864cd-7ac5-4934-b366-9756b15dd90f: receive RaftClientReply:client-029E50227556->355864cd-7ac5-4934-b366-9756b15dd90f@group-785BCF25C267, cid=1012, SUCCESS, logIndex=1362, commits[355864cd-7ac5-4934-b366-9756b15dd90f:c1363, ce4aa411-63c8-4399-99eb-27ce352844f3:c1361, 3eeffb0a-787e-48ec-a2f5-d0c540a89489:c1361]
2019-08-21 15:29:39,910 [grpc-default-executor-4] INFO  client.GrpcClientProtocolClient (GrpcClientProtocolClient.java:onNext(255)) - client-029E50227556->355864cd-7ac5-4934-b366-9756b15dd90f: receive RaftClientReply:client-029E50227556->355864cd-7ac5-4934-b366-9756b15dd90f@group-785BCF25C267, cid=1013, SUCCESS, logIndex=1363, commits[355864cd-7ac5-4934-b366-9756b15dd90f:c1363, ce4aa411-63c8-4399-99eb-27ce352844f3:c1361, 3eeffb0a-787e-48ec-a2f5-d0c540a89489:c1361]
2019-08-21 15:29:39,916 | INFO  | DNAudit | user=null | ip=null | op=WRITE_CHUNK {blockData=conID: 2 locID: 102655680532906428 bcsId: 1363} | ret=SUCCESS |  
2019-08-21 15:29:39,919 | INFO  | DNAudit | user=null | ip=null | op=WRITE_CHUNK {blockData=conID: 2 locID: 102655680532906428 bcsId: 1363} | ret=SUCCESS |  
2019-08-21 15:29:39,919 | INFO  | DNAudit | user=null | ip=null | op=WRITE_CHUNK {blockData=conID: 2 locID: 102655680532906428 bcsId: 1363} | ret=SUCCESS |  
2019-08-21 15:29:39,919 | INFO  | DNAudit | user=null | ip=null | op=WRITE_CHUNK {blockData=conID: 2 locID: 102655680532906428 bcsId: 1357} | ret=SUCCESS |  
2019-08-21 15:29:39,919 | INFO  | DNAudit | user=null | ip=null | op=WRITE_CHUNK {blockData=conID: 2 locID: 102655680532906428 bcsId: 1357} | ret=SUCCESS |  
2019-08-21 15:29:39,923 | INFO  | DNAudit | user=null | ip=null | op=PUT_BLOCK {blockData=[blockId=conID: 2 locID: 102655680532906428 bcsId: 0,size=3145728]} | ret=SUCCESS |  
2019-08-21 15:29:39,924 | INFO  | DNAudit | user=null | ip=null | op=PUT_BLOCK {blockData=[blockId=conID: 2 locID: 102655680532906428 bcsId: 0,size=3145728]} | ret=SUCCESS |  
2019-08-21 15:29:39,924 | INFO  | DNAudit | user=null | ip=null | op=WRITE_CHUNK {blockData=conID: 2 locID: 102655680532906428 bcsId: 1363} | ret=SUCCESS |  
2019-08-21 15:29:39,925 | INFO  | DNAudit | user=null | ip=null | op=PUT_BLOCK {blockData=[blockId=conID: 2 locID: 102655680532906428 bcsId: 0,size=4194304]} | ret=SUCCESS |  
2019-08-21 15:29:39,925 [grpc-default-executor-2] INFO  client.GrpcClientProtocolClient (GrpcClientProtocolClient.java:onNext(255)) - client-029E50227556->355864cd-7ac5-4934-b366-9756b15dd90f: receive RaftClientReply:client-029E50227556->355864cd-7ac5-4934-b366-9756b15dd90f@group-785BCF25C267, cid=1014, SUCCESS, logIndex=1366, commits[355864cd-7ac5-4934-b366-9756b15dd90f:c1367, ce4aa411-63c8-4399-99eb-27ce352844f3:c1363, 3eeffb0a-787e-48ec-a2f5-d0c540a89489:c1363]
2019-08-21 15:29:39,926 [grpc-default-executor-2] INFO  client.GrpcClientProtocolClient (GrpcClientProtocolClient.java:onNext(255)) - client-029E50227556->355864cd-7ac5-4934-b366-9756b15dd90f: receive RaftClientReply:client-029E50227556->355864cd-7ac5-4934-b366-9756b15dd90f@group-785BCF25C267, cid=1015, SUCCESS, logIndex=1367, commits[355864cd-7ac5-4934-b366-9756b15dd90f:c1367, ce4aa411-63c8-4399-99eb-27ce352844f3:c1363, 3eeffb0a-787e-48ec-a2f5-d0c540a89489:c1363]
2019-08-21 15:29:39,934 | INFO  | DNAudit | user=null | ip=null | op=WRITE_CHUNK {blockData=conID: 2 locID: 102655680532906428 bcsId: 1363} | ret=SUCCESS |  
2019-08-21 15:29:39,934 | INFO  | DNAudit | user=null | ip=null | op=WRITE_CHUNK {blockData=conID: 2 locID: 102655680532906428 bcsId: 1363} | ret=SUCCESS |  
2019-08-21 15:29:39,935 | INFO  | DNAudit | user=null | ip=null | op=PUT_BLOCK {blockData=[blockId=conID: 2 locID: 102655680532906428 bcsId: 0,size=4194304]} | ret=SUCCESS |  
2019-08-21 15:29:39,935 | INFO  | DNAudit | user=null | ip=null | op=PUT_BLOCK {blockData=[blockId=conID: 2 locID: 102655680532906428 bcsId: 0,size=4194304]} | ret=SUCCESS |  
2019-08-21 15:29:39,935 [grpc-default-executor-4] INFO  client.GrpcClientProtocolClient (GrpcClientProtocolClient.java:onNext(255)) - client-029E50227556->355864cd-7ac5-4934-b366-9756b15dd90f: receive RaftClientReply:client-029E50227556->355864cd-7ac5-4934-b366-9756b15dd90f@group-785BCF25C267, cid=1016, SUCCESS, logIndex=0, commits[355864cd-7ac5-4934-b366-9756b15dd90f:c1368, ce4aa411-63c8-4399-99eb-27ce352844f3:c1367, 3eeffb0a-787e-48ec-a2f5-d0c540a89489:c1367]
2019-08-21 15:29:39,942 | INFO  | DNAudit | user=null | ip=null | op=WRITE_CHUNK {blockData=conID: 3 locID: 102655680532906429 bcsId: 0} | ret=SUCCESS |  
2019-08-21 15:29:39,945 | INFO  | DNAudit | user=null | ip=null | op=WRITE_CHUNK {blockData=conID: 3 locID: 102655680532906429 bcsId: 0} | ret=SUCCESS |  
2019-08-21 15:29:39,945 | INFO  | DNAudit | user=null | ip=null | op=WRITE_CHUNK {blockData=conID: 3 locID: 102655680532906429 bcsId: 0} | ret=SUCCESS |  
2019-08-21 15:29:39,945 | INFO  | DNAudit | user=null | ip=null | op=WRITE_CHUNK {blockData=conID: 3 locID: 102655680532906429 bcsId: 0} | ret=SUCCESS |  
2019-08-21 15:29:39,946 | INFO  | DNAudit | user=null | ip=null | op=WRITE_CHUNK {blockData=conID: 3 locID: 102655680532906429 bcsId: 0} | ret=SUCCESS |  
2019-08-21 15:29:39,947 | INFO  | DNAudit | user=null | ip=null | op=WRITE_CHUNK {blockData=conID: 3 locID: 102655680532906429 bcsId: 0} | ret=SUCCESS |  
2019-08-21 15:29:39,957 | INFO  | DNAudit | user=null | ip=null | op=WRITE_CHUNK {blockData=conID: 3 locID: 102655680532906429 bcsId: 0} | ret=SUCCESS |  
2019-08-21 15:29:39,957 | INFO  | DNAudit | user=null | ip=null | op=PUT_BLOCK {blockData=[blockId=conID: 3 locID: 102655680532906429 bcsId: 0,size=1048576]} | ret=SUCCESS |  
2019-08-21 15:29:39,957 [grpc-default-executor-3] INFO  client.GrpcClientProtocolClient (GrpcClientProtocolClient.java:onNext(255)) - client-029E50227556->355864cd-7ac5-4934-b366-9756b15dd90f: receive RaftClientReply:client-029E50227556->355864cd-7ac5-4934-b366-9756b15dd90f@group-785BCF25C267, cid=1017, SUCCESS, logIndex=1370, commits[355864cd-7ac5-4934-b366-9756b15dd90f:c1372, ce4aa411-63c8-4399-99eb-27ce352844f3:c1369, 3eeffb0a-787e-48ec-a2f5-d0c540a89489:c1369]
2019-08-21 15:29:39,958 | INFO  | DNAudit | user=null | ip=null | op=WRITE_CHUNK {blockData=conID: 3 locID: 102655680532906429 bcsId: 0} | ret=SUCCESS |  
2019-08-21 15:29:39,958 [grpc-default-executor-3] INFO  client.GrpcClientProtocolClient (GrpcClientProtocolClient.java:onNext(255)) - client-029E50227556->355864cd-7ac5-4934-b366-9756b15dd90f: receive RaftClientReply:client-029E50227556->355864cd-7ac5-4934-b366-9756b15dd90f@group-785BCF25C267, cid=1018, SUCCESS, logIndex=1371, commits[355864cd-7ac5-4934-b366-9756b15dd90f:c1373, ce4aa411-63c8-4399-99eb-27ce352844f3:c1369, 3eeffb0a-787e-48ec-a2f5-d0c540a89489:c1369]
2019-08-21 15:29:39,958 | INFO  | DNAudit | user=null | ip=null | op=PUT_BLOCK {blockData=[blockId=conID: 3 locID: 102655680532906429 bcsId: 0,size=2097152]} | ret=SUCCESS |  
2019-08-21 15:29:39,958 [grpc-default-executor-3] INFO  client.GrpcClientProtocolClient (GrpcClientProtocolClient.java:onNext(255)) - client-029E50227556->355864cd-7ac5-4934-b366-9756b15dd90f: receive RaftClientReply:client-029E50227556->355864cd-7ac5-4934-b366-9756b15dd90f@group-785BCF25C267, cid=1019, SUCCESS, logIndex=1372, commits[355864cd-7ac5-4934-b366-9756b15dd90f:c1373, ce4aa411-63c8-4399-99eb-27ce352844f3:c1369, 3eeffb0a-787e-48ec-a2f5-d0c540a89489:c1369]
2019-08-21 15:29:39,959 [grpc-default-executor-3] INFO  client.GrpcClientProtocolClient (GrpcClientProtocolClient.java:onNext(255)) - client-029E50227556->355864cd-7ac5-4934-b366-9756b15dd90f: receive RaftClientReply:client-029E50227556->355864cd-7ac5-4934-b366-9756b15dd90f@group-785BCF25C267, cid=1020, SUCCESS, logIndex=1373, commits[355864cd-7ac5-4934-b366-9756b15dd90f:c1373, ce4aa411-63c8-4399-99eb-27ce352844f3:c1369, 3eeffb0a-787e-48ec-a2f5-d0c540a89489:c1369]
2019-08-21 15:29:39,982 | INFO  | DNAudit | user=null | ip=null | op=WRITE_CHUNK {blockData=conID: 3 locID: 102655680532906429 bcsId: 0} | ret=SUCCESS |  
2019-08-21 15:29:39,982 | INFO  | DNAudit | user=null | ip=null | op=WRITE_CHUNK {blockData=conID: 3 locID: 102655680532906429 bcsId: 0} | ret=SUCCESS |  
2019-08-21 15:29:39,983 | INFO  | DNAudit | user=null | ip=null | op=PUT_BLOCK {blockData=[blockId=conID: 3 locID: 102655680532906429 bcsId: 0,size=1048576]} | ret=SUCCESS |  
2019-08-21 15:29:39,983 | INFO  | DNAudit | user=null | ip=null | op=PUT_BLOCK {blockData=[blockId=conID: 3 locID: 102655680532906429 bcsId: 0,size=1048576]} | ret=SUCCESS |  
2019-08-21 15:29:39,983 [grpc-default-executor-4] INFO  client.GrpcClientProtocolClient (GrpcClientProtocolClient.java:onNext(255)) - client-029E50227556->355864cd-7ac5-4934-b366-9756b15dd90f: receive RaftClientReply:client-029E50227556->355864cd-7ac5-4934-b366-9756b15dd90f@group-785BCF25C267, cid=1021, SUCCESS, logIndex=0, commits[355864cd-7ac5-4934-b366-9756b15dd90f:c1374, ce4aa411-63c8-4399-99eb-27ce352844f3:c1371, 3eeffb0a-787e-48ec-a2f5-d0c540a89489:c1371]
2019-08-21 15:29:39,984 | INFO  | DNAudit | user=null | ip=null | op=WRITE_CHUNK {blockData=conID: 3 locID: 102655680532906429 bcsId: 0} | ret=SUCCESS |  
2019-08-21 15:29:39,984 | INFO  | DNAudit | user=null | ip=null | op=WRITE_CHUNK {blockData=conID: 3 locID: 102655680532906429 bcsId: 0} | ret=SUCCESS |  
2019-08-21 15:29:39,984 | INFO  | DNAudit | user=null | ip=null | op=PUT_BLOCK {blockData=[blockId=conID: 3 locID: 102655680532906429 bcsId: 0,size=2097152]} | ret=SUCCESS |  
2019-08-21 15:29:39,984 | INFO  | DNAudit | user=null | ip=null | op=PUT_BLOCK {blockData=[blockId=conID: 3 locID: 102655680532906429 bcsId: 0,size=2097152]} | ret=SUCCESS |  
2019-08-21 15:29:39,990 | INFO  | DNAudit | user=null | ip=null | op=WRITE_CHUNK {blockData=conID: 3 locID: 102655680532906429 bcsId: 1373} | ret=SUCCESS |  
2019-08-21 15:29:39,992 | INFO  | DNAudit | user=null | ip=null | op=WRITE_CHUNK {blockData=conID: 3 locID: 102655680532906429 bcsId: 1373} | ret=SUCCESS |  
2019-08-21 15:29:39,992 | INFO  | DNAudit | user=null | ip=null | op=WRITE_CHUNK {blockData=conID: 3 locID: 102655680532906429 bcsId: 1373} | ret=SUCCESS |  
2019-08-21 15:29:39,997 | INFO  | DNAudit | user=null | ip=null | op=WRITE_CHUNK {blockData=conID: 3 locID: 102655680532906429 bcsId: 1373} | ret=SUCCESS |  
2019-08-21 15:29:39,997 | INFO  | DNAudit | user=null | ip=null | op=PUT_BLOCK {blockData=[blockId=conID: 3 locID: 102655680532906429 bcsId: 0,size=3145728]} | ret=SUCCESS |  
2019-08-21 15:29:39,998 [grpc-default-executor-3] INFO  client.GrpcClientProtocolClient (GrpcClientProtocolClient.java:onNext(255)) - client-029E50227556->355864cd-7ac5-4934-b366-9756b15dd90f: receive RaftClientReply:client-029E50227556->355864cd-7ac5-4934-b366-9756b15dd90f@group-785BCF25C267, cid=1022, SUCCESS, logIndex=1378, commits[355864cd-7ac5-4934-b366-9756b15dd90f:c1379, ce4aa411-63c8-4399-99eb-27ce352844f3:c1377, 3eeffb0a-787e-48ec-a2f5-d0c540a89489:c1373]
2019-08-21 15:29:39,998 [grpc-default-executor-3] INFO  client.GrpcClientProtocolClient (GrpcClientProtocolClient.java:onNext(255)) - client-029E50227556->355864cd-7ac5-4934-b366-9756b15dd90f: receive RaftClientReply:client-029E50227556->355864cd-7ac5-4934-b366-9756b15dd90f@group-785BCF25C267, cid=1023, SUCCESS, logIndex=1379, commits[355864cd-7ac5-4934-b366-9756b15dd90f:c1379, ce4aa411-63c8-4399-99eb-27ce352844f3:c1377, 3eeffb0a-787e-48ec-a2f5-d0c540a89489:c1377]
2019-08-21 15:29:39,998 | INFO  | DNAudit | user=null | ip=null | op=WRITE_CHUNK {blockData=conID: 3 locID: 102655680532906429 bcsId: 1373} | ret=SUCCESS |  
2019-08-21 15:29:39,998 | INFO  | DNAudit | user=null | ip=null | op=WRITE_CHUNK {blockData=conID: 3 locID: 102655680532906429 bcsId: 1373} | ret=SUCCESS |  
2019-08-21 15:29:39,999 | INFO  | DNAudit | user=null | ip=null | op=PUT_BLOCK {blockData=[blockId=conID: 3 locID: 102655680532906429 bcsId: 0,size=3145728]} | ret=SUCCESS |  
2019-08-21 15:29:40,000 | INFO  | DNAudit | user=null | ip=null | op=PUT_BLOCK {blockData=[blockId=conID: 3 locID: 102655680532906429 bcsId: 0,size=3145728]} | ret=SUCCESS |  
2019-08-21 15:29:40,004 | INFO  | DNAudit | user=null | ip=null | op=WRITE_CHUNK {blockData=conID: 3 locID: 102655680532906429 bcsId: 1379} | ret=SUCCESS |  
2019-08-21 15:29:40,007 | INFO  | DNAudit | user=null | ip=null | op=WRITE_CHUNK {blockData=conID: 3 locID: 102655680532906429 bcsId: 1379} | ret=SUCCESS |  
2019-08-21 15:29:40,007 | INFO  | DNAudit | user=null | ip=null | op=WRITE_CHUNK {blockData=conID: 3 locID: 102655680532906429 bcsId: 1379} | ret=SUCCESS |  
2019-08-21 15:29:40,017 | INFO  | DNAudit | user=null | ip=null | op=WRITE_CHUNK {blockData=conID: 3 locID: 102655680532906429 bcsId: 1379} | ret=SUCCESS |  
2019-08-21 15:29:40,017 | INFO  | DNAudit | user=null | ip=null | op=PUT_BLOCK {blockData=[blockId=conID: 3 locID: 102655680532906429 bcsId: 0,size=4194304]} | ret=SUCCESS |  
2019-08-21 15:29:40,017 [grpc-default-executor-2] INFO  client.GrpcClientProtocolClient (GrpcClientProtocolClient.java:onNext(255)) - client-029E50227556->355864cd-7ac5-4934-b366-9756b15dd90f: receive RaftClientReply:client-029E50227556->355864cd-7ac5-4934-b366-9756b15dd90f@group-785BCF25C267, cid=1024, SUCCESS, logIndex=1382, commits[355864cd-7ac5-4934-b366-9756b15dd90f:c1383, ce4aa411-63c8-4399-99eb-27ce352844f3:c1381, 3eeffb0a-787e-48ec-a2f5-d0c540a89489:c1381]
2019-08-21 15:29:40,018 [grpc-default-executor-2] INFO  client.GrpcClientProtocolClient (GrpcClientProtocolClient.java:onNext(255)) - client-029E50227556->355864cd-7ac5-4934-b366-9756b15dd90f: receive RaftClientReply:client-029E50227556->355864cd-7ac5-4934-b366-9756b15dd90f@group-785BCF25C267, cid=1025, SUCCESS, logIndex=1383, commits[355864cd-7ac5-4934-b366-9756b15dd90f:c1383, ce4aa411-63c8-4399-99eb-27ce352844f3:c1381, 3eeffb0a-787e-48ec-a2f5-d0c540a89489:c1381]
2019-08-21 15:29:40,028 | INFO  | DNAudit | user=null | ip=null | op=WRITE_CHUNK {blockData=conID: 3 locID: 102655680532906429 bcsId: 1379} | ret=SUCCESS |  
2019-08-21 15:29:40,028 | INFO  | DNAudit | user=null | ip=null | op=WRITE_CHUNK {blockData=conID: 3 locID: 102655680532906429 bcsId: 1379} | ret=SUCCESS |  
2019-08-21 15:29:40,029 | INFO  | DNAudit | user=null | ip=null | op=PUT_BLOCK {blockData=[blockId=conID: 3 locID: 102655680532906429 bcsId: 0,size=4194304]} | ret=SUCCESS |  
2019-08-21 15:29:40,029 | INFO  | DNAudit | user=null | ip=null | op=PUT_BLOCK {blockData=[blockId=conID: 3 locID: 102655680532906429 bcsId: 0,size=4194304]} | ret=SUCCESS |  
2019-08-21 15:29:40,030 [grpc-default-executor-3] INFO  client.GrpcClientProtocolClient (GrpcClientProtocolClient.java:onNext(255)) - client-029E50227556->355864cd-7ac5-4934-b366-9756b15dd90f: receive RaftClientReply:client-029E50227556->355864cd-7ac5-4934-b366-9756b15dd90f@group-785BCF25C267, cid=1026, SUCCESS, logIndex=0, commits[355864cd-7ac5-4934-b366-9756b15dd90f:c1385, ce4aa411-63c8-4399-99eb-27ce352844f3:c1383, 3eeffb0a-787e-48ec-a2f5-d0c540a89489:c1383]
2019-08-21 15:29:40,037 | INFO  | DNAudit | user=null | ip=null | op=WRITE_CHUNK {blockData=conID: 1 locID: 102655680532906430 bcsId: 0} | ret=SUCCESS |  
2019-08-21 15:29:40,041 | INFO  | DNAudit | user=null | ip=null | op=WRITE_CHUNK {blockData=conID: 1 locID: 102655680532906430 bcsId: 0} | ret=SUCCESS |  
2019-08-21 15:29:40,041 | INFO  | DNAudit | user=null | ip=null | op=WRITE_CHUNK {blockData=conID: 1 locID: 102655680532906430 bcsId: 0} | ret=SUCCESS |  
2019-08-21 15:29:40,041 | INFO  | DNAudit | user=null | ip=null | op=WRITE_CHUNK {blockData=conID: 1 locID: 102655680532906430 bcsId: 0} | ret=SUCCESS |  
2019-08-21 15:29:40,043 | INFO  | DNAudit | user=null | ip=null | op=WRITE_CHUNK {blockData=conID: 1 locID: 102655680532906430 bcsId: 0} | ret=SUCCESS |  
2019-08-21 15:29:40,044 | INFO  | DNAudit | user=null | ip=null | op=WRITE_CHUNK {blockData=conID: 1 locID: 102655680532906430 bcsId: 0} | ret=SUCCESS |  
2019-08-21 15:29:40,044 | INFO  | SCMAudit | user=jenkins1000 | ip=192.168.5.153 | op=SEND_HEARTBEAT {datanodeUUID=a38cd7e0-d792-481c-a4c0-f4feaa89ec8f, command=[]} | ret=SUCCESS |  
2019-08-21 15:29:40,044 | INFO  | SCMAudit | user=jenkins1000 | ip=192.168.5.153 | op=SEND_HEARTBEAT {datanodeUUID=a0074e04-2715-4b16-a2b0-10b5043d27ae, command=[]} | ret=SUCCESS |  
2019-08-21 15:29:40,050 | INFO  | DNAudit | user=null | ip=null | op=WRITE_CHUNK {blockData=conID: 1 locID: 102655680532906430 bcsId: 0} | ret=SUCCESS |  
2019-08-21 15:29:40,050 | INFO  | DNAudit | user=null | ip=null | op=PUT_BLOCK {blockData=[blockId=conID: 1 locID: 102655680532906430 bcsId: 0,size=1048576]} | ret=SUCCESS |  
2019-08-21 15:29:40,051 [grpc-default-executor-3] INFO  client.GrpcClientProtocolClient (GrpcClientProtocolClient.java:onNext(255)) - client-029E50227556->355864cd-7ac5-4934-b366-9756b15dd90f: receive RaftClientReply:client-029E50227556->355864cd-7ac5-4934-b366-9756b15dd90f@group-785BCF25C267, cid=1027, SUCCESS, logIndex=1386, commits[355864cd-7ac5-4934-b366-9756b15dd90f:c1387, ce4aa411-63c8-4399-99eb-27ce352844f3:c1385, 3eeffb0a-787e-48ec-a2f5-d0c540a89489:c1385]
2019-08-21 15:29:40,051 | INFO  | DNAudit | user=null | ip=null | op=WRITE_CHUNK {blockData=conID: 1 locID: 102655680532906430 bcsId: 0} | ret=SUCCESS |  
2019-08-21 15:29:40,051 | INFO  | DNAudit | user=null | ip=null | op=PUT_BLOCK {blockData=[blockId=conID: 1 locID: 102655680532906430 bcsId: 0,size=2097152]} | ret=SUCCESS |  
2019-08-21 15:29:40,051 [grpc-default-executor-4] INFO  client.GrpcClientProtocolClient (GrpcClientProtocolClient.java:onNext(255)) - client-029E50227556->355864cd-7ac5-4934-b366-9756b15dd90f: receive RaftClientReply:client-029E50227556->355864cd-7ac5-4934-b366-9756b15dd90f@group-785BCF25C267, cid=1028, SUCCESS, logIndex=1387, commits[355864cd-7ac5-4934-b366-9756b15dd90f:c1387, ce4aa411-63c8-4399-99eb-27ce352844f3:c1385, 3eeffb0a-787e-48ec-a2f5-d0c540a89489:c1385]
2019-08-21 15:29:40,052 | INFO  | DNAudit | user=null | ip=null | op=WRITE_CHUNK {blockData=conID: 1 locID: 102655680532906430 bcsId: 0} | ret=SUCCESS |  
2019-08-21 15:29:40,052 | INFO  | DNAudit | user=null | ip=null | op=PUT_BLOCK {blockData=[blockId=conID: 1 locID: 102655680532906430 bcsId: 0,size=1048576]} | ret=SUCCESS |  
2019-08-21 15:29:40,052 [grpc-default-executor-4] INFO  client.GrpcClientProtocolClient (GrpcClientProtocolClient.java:onNext(255)) - client-029E50227556->355864cd-7ac5-4934-b366-9756b15dd90f: receive RaftClientReply:client-029E50227556->355864cd-7ac5-4934-b366-9756b15dd90f@group-785BCF25C267, cid=1029, SUCCESS, logIndex=1388, commits[355864cd-7ac5-4934-b366-9756b15dd90f:c1389, ce4aa411-63c8-4399-99eb-27ce352844f3:c1385, 3eeffb0a-787e-48ec-a2f5-d0c540a89489:c1385]
2019-08-21 15:29:40,052 | INFO  | DNAudit | user=null | ip=null | op=WRITE_CHUNK {blockData=conID: 1 locID: 102655680532906430 bcsId: 0} | ret=SUCCESS |  
2019-08-21 15:29:40,052 [grpc-default-executor-4] INFO  client.GrpcClientProtocolClient (GrpcClientProtocolClient.java:onNext(255)) - client-029E50227556->355864cd-7ac5-4934-b366-9756b15dd90f: receive RaftClientReply:client-029E50227556->355864cd-7ac5-4934-b366-9756b15dd90f@group-785BCF25C267, cid=1030, SUCCESS, logIndex=1389, commits[355864cd-7ac5-4934-b366-9756b15dd90f:c1389, ce4aa411-63c8-4399-99eb-27ce352844f3:c1385, 3eeffb0a-787e-48ec-a2f5-d0c540a89489:c1385]
2019-08-21 15:29:40,052 | INFO  | DNAudit | user=null | ip=null | op=PUT_BLOCK {blockData=[blockId=conID: 1 locID: 102655680532906430 bcsId: 0,size=1048576]} | ret=SUCCESS |  
2019-08-21 15:29:40,053 | INFO  | DNAudit | user=null | ip=null | op=WRITE_CHUNK {blockData=conID: 1 locID: 102655680532906430 bcsId: 0} | ret=SUCCESS |  
2019-08-21 15:29:40,053 | INFO  | DNAudit | user=null | ip=null | op=PUT_BLOCK {blockData=[blockId=conID: 1 locID: 102655680532906430 bcsId: 0,size=2097152]} | ret=SUCCESS |  
2019-08-21 15:29:40,054 [grpc-default-executor-4] INFO  client.GrpcClientProtocolClient (GrpcClientProtocolClient.java:onNext(255)) - client-029E50227556->355864cd-7ac5-4934-b366-9756b15dd90f: receive RaftClientReply:client-029E50227556->355864cd-7ac5-4934-b366-9756b15dd90f@group-785BCF25C267, cid=1031, SUCCESS, logIndex=0, commits[355864cd-7ac5-4934-b366-9756b15dd90f:c1391, ce4aa411-63c8-4399-99eb-27ce352844f3:c1387, 3eeffb0a-787e-48ec-a2f5-d0c540a89489:c1387]
2019-08-21 15:29:40,054 | INFO  | DNAudit | user=null | ip=null | op=WRITE_CHUNK {blockData=conID: 1 locID: 102655680532906430 bcsId: 0} | ret=SUCCESS |  
2019-08-21 15:29:40,054 | INFO  | DNAudit | user=null | ip=null | op=PUT_BLOCK {blockData=[blockId=conID: 1 locID: 102655680532906430 bcsId: 0,size=2097152]} | ret=SUCCESS |  
2019-08-21 15:29:40,061 | INFO  | DNAudit | user=null | ip=null | op=WRITE_CHUNK {blockData=conID: 1 locID: 102655680532906430 bcsId: 1389} | ret=SUCCESS |  
2019-08-21 15:29:40,064 | INFO  | DNAudit | user=null | ip=null | op=WRITE_CHUNK {blockData=conID: 1 locID: 102655680532906430 bcsId: 1389} | ret=SUCCESS |  
2019-08-21 15:29:40,064 | INFO  | DNAudit | user=null | ip=null | op=WRITE_CHUNK {blockData=conID: 1 locID: 102655680532906430 bcsId: 1389} | ret=SUCCESS |  
2019-08-21 15:29:40,073 | INFO  | DNAudit | user=null | ip=null | op=WRITE_CHUNK {blockData=conID: 1 locID: 102655680532906430 bcsId: 1389} | ret=SUCCESS |  
2019-08-21 15:29:40,074 | INFO  | DNAudit | user=null | ip=null | op=PUT_BLOCK {blockData=[blockId=conID: 1 locID: 102655680532906430 bcsId: 0,size=3145728]} | ret=SUCCESS |  
2019-08-21 15:29:40,074 [grpc-default-executor-3] INFO  client.GrpcClientProtocolClient (GrpcClientProtocolClient.java:onNext(255)) - client-029E50227556->355864cd-7ac5-4934-b366-9756b15dd90f: receive RaftClientReply:client-029E50227556->355864cd-7ac5-4934-b366-9756b15dd90f@group-785BCF25C267, cid=1032, SUCCESS, logIndex=1394, commits[355864cd-7ac5-4934-b366-9756b15dd90f:c1394, ce4aa411-63c8-4399-99eb-27ce352844f3:c1393, 3eeffb0a-787e-48ec-a2f5-d0c540a89489:c1393]
2019-08-21 15:29:40,074 [grpc-default-executor-3] INFO  client.GrpcClientProtocolClient (GrpcClientProtocolClient.java:onNext(255)) - client-029E50227556->355864cd-7ac5-4934-b366-9756b15dd90f: receive RaftClientReply:client-029E50227556->355864cd-7ac5-4934-b366-9756b15dd90f@group-785BCF25C267, cid=1033, SUCCESS, logIndex=1395, commits[355864cd-7ac5-4934-b366-9756b15dd90f:c1395, ce4aa411-63c8-4399-99eb-27ce352844f3:c1393, 3eeffb0a-787e-48ec-a2f5-d0c540a89489:c1393]
2019-08-21 15:29:40,081 | INFO  | DNAudit | user=null | ip=null | op=WRITE_CHUNK {blockData=conID: 1 locID: 102655680532906430 bcsId: 1395} | ret=SUCCESS |  
2019-08-21 15:29:40,083 | INFO  | DNAudit | user=null | ip=null | op=WRITE_CHUNK {blockData=conID: 1 locID: 102655680532906430 bcsId: 1395} | ret=SUCCESS |  
2019-08-21 15:29:40,084 | INFO  | DNAudit | user=null | ip=null | op=WRITE_CHUNK {blockData=conID: 1 locID: 102655680532906430 bcsId: 1395} | ret=SUCCESS |  
2019-08-21 15:29:40,085 | INFO  | DNAudit | user=null | ip=null | op=WRITE_CHUNK {blockData=conID: 1 locID: 102655680532906430 bcsId: 1389} | ret=SUCCESS |  
2019-08-21 15:29:40,085 | INFO  | DNAudit | user=null | ip=null | op=WRITE_CHUNK {blockData=conID: 1 locID: 102655680532906430 bcsId: 1389} | ret=SUCCESS |  
2019-08-21 15:29:40,086 | INFO  | DNAudit | user=null | ip=null | op=PUT_BLOCK {blockData=[blockId=conID: 1 locID: 102655680532906430 bcsId: 0,size=3145728]} | ret=SUCCESS |  
2019-08-21 15:29:40,086 | INFO  | DNAudit | user=null | ip=null | op=PUT_BLOCK {blockData=[blockId=conID: 1 locID: 102655680532906430 bcsId: 0,size=3145728]} | ret=SUCCESS |  
2019-08-21 15:29:40,087 | INFO  | DNAudit | user=null | ip=null | op=WRITE_CHUNK {blockData=conID: 1 locID: 102655680532906430 bcsId: 1395} | ret=SUCCESS |  
2019-08-21 15:29:40,087 | INFO  | DNAudit | user=null | ip=null | op=PUT_BLOCK {blockData=[blockId=conID: 1 locID: 102655680532906430 bcsId: 0,size=4194304]} | ret=SUCCESS |  
2019-08-21 15:29:40,088 [grpc-default-executor-4] INFO  client.GrpcClientProtocolClient (GrpcClientProtocolClient.java:onNext(255)) - client-029E50227556->355864cd-7ac5-4934-b366-9756b15dd90f: receive RaftClientReply:client-029E50227556->355864cd-7ac5-4934-b366-9756b15dd90f@group-785BCF25C267, cid=1034, SUCCESS, logIndex=1398, commits[355864cd-7ac5-4934-b366-9756b15dd90f:c1399, ce4aa411-63c8-4399-99eb-27ce352844f3:c1395, 3eeffb0a-787e-48ec-a2f5-d0c540a89489:c1395]
2019-08-21 15:29:40,088 [grpc-default-executor-4] INFO  client.GrpcClientProtocolClient (GrpcClientProtocolClient.java:onNext(255)) - client-029E50227556->355864cd-7ac5-4934-b366-9756b15dd90f: receive RaftClientReply:client-029E50227556->355864cd-7ac5-4934-b366-9756b15dd90f@group-785BCF25C267, cid=1035, SUCCESS, logIndex=1399, commits[355864cd-7ac5-4934-b366-9756b15dd90f:c1399, ce4aa411-63c8-4399-99eb-27ce352844f3:c1395, 3eeffb0a-787e-48ec-a2f5-d0c540a89489:c1395]
2019-08-21 15:29:40,099 | INFO  | DNAudit | user=null | ip=null | op=WRITE_CHUNK {blockData=conID: 1 locID: 102655680532906430 bcsId: 1395} | ret=SUCCESS |  
2019-08-21 15:29:40,099 | INFO  | DNAudit | user=null | ip=null | op=WRITE_CHUNK {blockData=conID: 1 locID: 102655680532906430 bcsId: 1395} | ret=SUCCESS |  
2019-08-21 15:29:40,100 | INFO  | DNAudit | user=null | ip=null | op=PUT_BLOCK {blockData=[blockId=conID: 1 locID: 102655680532906430 bcsId: 0,size=4194304]} | ret=SUCCESS |  
2019-08-21 15:29:40,100 | INFO  | DNAudit | user=null | ip=null | op=PUT_BLOCK {blockData=[blockId=conID: 1 locID: 102655680532906430 bcsId: 0,size=4194304]} | ret=SUCCESS |  
2019-08-21 15:29:40,101 [grpc-default-executor-3] INFO  client.GrpcClientProtocolClient (GrpcClientProtocolClient.java:onNext(255)) - client-029E50227556->355864cd-7ac5-4934-b366-9756b15dd90f: receive RaftClientReply:client-029E50227556->355864cd-7ac5-4934-b366-9756b15dd90f@group-785BCF25C267, cid=1036, SUCCESS, logIndex=0, commits[355864cd-7ac5-4934-b366-9756b15dd90f:c1400, ce4aa411-63c8-4399-99eb-27ce352844f3:c1399, 3eeffb0a-787e-48ec-a2f5-d0c540a89489:c1399]
2019-08-21 15:29:40,108 | INFO  | DNAudit | user=null | ip=null | op=WRITE_CHUNK {blockData=conID: 2 locID: 102655680532906431 bcsId: 0} | ret=SUCCESS |  
2019-08-21 15:29:40,111 | INFO  | DNAudit | user=null | ip=null | op=WRITE_CHUNK {blockData=conID: 2 locID: 102655680532906431 bcsId: 0} | ret=SUCCESS |  
2019-08-21 15:29:40,111 | INFO  | DNAudit | user=null | ip=null | op=WRITE_CHUNK {blockData=conID: 2 locID: 102655680532906431 bcsId: 0} | ret=SUCCESS |  
2019-08-21 15:29:40,111 | INFO  | DNAudit | user=null | ip=null | op=WRITE_CHUNK {blockData=conID: 2 locID: 102655680532906431 bcsId: 0} | ret=SUCCESS |  
2019-08-21 15:29:40,113 | INFO  | DNAudit | user=null | ip=null | op=WRITE_CHUNK {blockData=conID: 2 locID: 102655680532906431 bcsId: 0} | ret=SUCCESS |  
2019-08-21 15:29:40,113 | INFO  | DNAudit | user=null | ip=null | op=WRITE_CHUNK {blockData=conID: 2 locID: 102655680532906431 bcsId: 0} | ret=SUCCESS |  
2019-08-21 15:29:40,121 | INFO  | DNAudit | user=null | ip=null | op=WRITE_CHUNK {blockData=conID: 2 locID: 102655680532906431 bcsId: 0} | ret=SUCCESS |  
2019-08-21 15:29:40,121 | INFO  | DNAudit | user=null | ip=null | op=PUT_BLOCK {blockData=[blockId=conID: 2 locID: 102655680532906431 bcsId: 0,size=1048576]} | ret=SUCCESS |  
2019-08-21 15:29:40,121 [grpc-default-executor-0] INFO  client.GrpcClientProtocolClient (GrpcClientProtocolClient.java:onNext(255)) - client-029E50227556->355864cd-7ac5-4934-b366-9756b15dd90f: receive RaftClientReply:client-029E50227556->355864cd-7ac5-4934-b366-9756b15dd90f@group-785BCF25C267, cid=1037, SUCCESS, logIndex=1402, commits[355864cd-7ac5-4934-b366-9756b15dd90f:c1403, ce4aa411-63c8-4399-99eb-27ce352844f3:c1401, 3eeffb0a-787e-48ec-a2f5-d0c540a89489:c1401]
2019-08-21 15:29:40,122 | INFO  | DNAudit | user=null | ip=null | op=WRITE_CHUNK {blockData=conID: 2 locID: 102655680532906431 bcsId: 0} | ret=SUCCESS |  
2019-08-21 15:29:40,122 | INFO  | DNAudit | user=null | ip=null | op=PUT_BLOCK {blockData=[blockId=conID: 2 locID: 102655680532906431 bcsId: 0,size=2097152]} | ret=SUCCESS |  
2019-08-21 15:29:40,122 [grpc-default-executor-0] INFO  client.GrpcClientProtocolClient (GrpcClientProtocolClient.java:onNext(255)) - client-029E50227556->355864cd-7ac5-4934-b366-9756b15dd90f: receive RaftClientReply:client-029E50227556->355864cd-7ac5-4934-b366-9756b15dd90f@group-785BCF25C267, cid=1038, SUCCESS, logIndex=1403, commits[355864cd-7ac5-4934-b366-9756b15dd90f:c1403, ce4aa411-63c8-4399-99eb-27ce352844f3:c1401, 3eeffb0a-787e-48ec-a2f5-d0c540a89489:c1401]
2019-08-21 15:29:40,122 [grpc-default-executor-0] INFO  client.GrpcClientProtocolClient (GrpcClientProtocolClient.java:onNext(255)) - client-029E50227556->355864cd-7ac5-4934-b366-9756b15dd90f: receive RaftClientReply:client-029E50227556->355864cd-7ac5-4934-b366-9756b15dd90f@group-785BCF25C267, cid=1039, SUCCESS, logIndex=1404, commits[355864cd-7ac5-4934-b366-9756b15dd90f:c1404, ce4aa411-63c8-4399-99eb-27ce352844f3:c1401, 3eeffb0a-787e-48ec-a2f5-d0c540a89489:c1401]
2019-08-21 15:29:40,122 | INFO  | DNAudit | user=null | ip=null | op=WRITE_CHUNK {blockData=conID: 2 locID: 102655680532906431 bcsId: 0} | ret=SUCCESS |  
2019-08-21 15:29:40,123 [grpc-default-executor-0] INFO  client.GrpcClientProtocolClient (GrpcClientProtocolClient.java:onNext(255)) - client-029E50227556->355864cd-7ac5-4934-b366-9756b15dd90f: receive RaftClientReply:client-029E50227556->355864cd-7ac5-4934-b366-9756b15dd90f@group-785BCF25C267, cid=1040, SUCCESS, logIndex=1405, commits[355864cd-7ac5-4934-b366-9756b15dd90f:c1405, ce4aa411-63c8-4399-99eb-27ce352844f3:c1401, 3eeffb0a-787e-48ec-a2f5-d0c540a89489:c1401]
2019-08-21 15:29:40,123 | INFO  | DNAudit | user=null | ip=null | op=PUT_BLOCK {blockData=[blockId=conID: 2 locID: 102655680532906431 bcsId: 0,size=1048576]} | ret=SUCCESS |  
2019-08-21 15:29:40,123 | INFO  | DNAudit | user=null | ip=null | op=WRITE_CHUNK {blockData=conID: 2 locID: 102655680532906431 bcsId: 0} | ret=SUCCESS |  
2019-08-21 15:29:40,123 | INFO  | DNAudit | user=null | ip=null | op=PUT_BLOCK {blockData=[blockId=conID: 2 locID: 102655680532906431 bcsId: 0,size=1048576]} | ret=SUCCESS |  
2019-08-21 15:29:40,124 | INFO  | DNAudit | user=null | ip=null | op=WRITE_CHUNK {blockData=conID: 2 locID: 102655680532906431 bcsId: 0} | ret=SUCCESS |  
2019-08-21 15:29:40,124 | INFO  | DNAudit | user=null | ip=null | op=PUT_BLOCK {blockData=[blockId=conID: 2 locID: 102655680532906431 bcsId: 0,size=2097152]} | ret=SUCCESS |  
2019-08-21 15:29:40,124 [grpc-default-executor-0] INFO  client.GrpcClientProtocolClient (GrpcClientProtocolClient.java:onNext(255)) - client-029E50227556->355864cd-7ac5-4934-b366-9756b15dd90f: receive RaftClientReply:client-029E50227556->355864cd-7ac5-4934-b366-9756b15dd90f@group-785BCF25C267, cid=1041, SUCCESS, logIndex=0, commits[355864cd-7ac5-4934-b366-9756b15dd90f:c1407, ce4aa411-63c8-4399-99eb-27ce352844f3:c1403, 3eeffb0a-787e-48ec-a2f5-d0c540a89489:c1403]
2019-08-21 15:29:40,124 | INFO  | DNAudit | user=null | ip=null | op=WRITE_CHUNK {blockData=conID: 2 locID: 102655680532906431 bcsId: 0} | ret=SUCCESS |  
2019-08-21 15:29:40,125 | INFO  | DNAudit | user=null | ip=null | op=PUT_BLOCK {blockData=[blockId=conID: 2 locID: 102655680532906431 bcsId: 0,size=2097152]} | ret=SUCCESS |  
2019-08-21 15:29:40,133 | INFO  | DNAudit | user=null | ip=null | op=WRITE_CHUNK {blockData=conID: 2 locID: 102655680532906431 bcsId: 1405} | ret=SUCCESS |  
2019-08-21 15:29:40,135 | INFO  | DNAudit | user=null | ip=null | op=WRITE_CHUNK {blockData=conID: 2 locID: 102655680532906431 bcsId: 1405} | ret=SUCCESS |  
2019-08-21 15:29:40,135 | INFO  | DNAudit | user=null | ip=null | op=WRITE_CHUNK {blockData=conID: 2 locID: 102655680532906431 bcsId: 1405} | ret=SUCCESS |  
2019-08-21 15:29:40,146 | INFO  | DNAudit | user=null | ip=null | op=WRITE_CHUNK {blockData=conID: 2 locID: 102655680532906431 bcsId: 1405} | ret=SUCCESS |  
2019-08-21 15:29:40,146 | INFO  | DNAudit | user=null | ip=null | op=PUT_BLOCK {blockData=[blockId=conID: 2 locID: 102655680532906431 bcsId: 0,size=3145728]} | ret=SUCCESS |  
2019-08-21 15:29:40,146 [grpc-default-executor-3] INFO  client.GrpcClientProtocolClient (GrpcClientProtocolClient.java:onNext(255)) - client-029E50227556->355864cd-7ac5-4934-b366-9756b15dd90f: receive RaftClientReply:client-029E50227556->355864cd-7ac5-4934-b366-9756b15dd90f@group-785BCF25C267, cid=1042, SUCCESS, logIndex=1410, commits[355864cd-7ac5-4934-b366-9756b15dd90f:c1411, ce4aa411-63c8-4399-99eb-27ce352844f3:c1409, 3eeffb0a-787e-48ec-a2f5-d0c540a89489:c1409]
2019-08-21 15:29:40,147 [grpc-default-executor-3] INFO  client.GrpcClientProtocolClient (GrpcClientProtocolClient.java:onNext(255)) - client-029E50227556->355864cd-7ac5-4934-b366-9756b15dd90f: receive RaftClientReply:client-029E50227556->355864cd-7ac5-4934-b366-9756b15dd90f@group-785BCF25C267, cid=1043, SUCCESS, logIndex=1411, commits[355864cd-7ac5-4934-b366-9756b15dd90f:c1411, ce4aa411-63c8-4399-99eb-27ce352844f3:c1409, 3eeffb0a-787e-48ec-a2f5-d0c540a89489:c1409]
2019-08-21 15:29:40,154 | INFO  | DNAudit | user=null | ip=null | op=WRITE_CHUNK {blockData=conID: 2 locID: 102655680532906431 bcsId: 1411} | ret=SUCCESS |  
2019-08-21 15:29:40,157 | INFO  | DNAudit | user=null | ip=null | op=WRITE_CHUNK {blockData=conID: 2 locID: 102655680532906431 bcsId: 1411} | ret=SUCCESS |  
2019-08-21 15:29:40,157 | INFO  | DNAudit | user=null | ip=null | op=WRITE_CHUNK {blockData=conID: 2 locID: 102655680532906431 bcsId: 1405} | ret=SUCCESS |  
2019-08-21 15:29:40,157 | INFO  | DNAudit | user=null | ip=null | op=WRITE_CHUNK {blockData=conID: 2 locID: 102655680532906431 bcsId: 1405} | ret=SUCCESS |  
2019-08-21 15:29:40,158 | INFO  | DNAudit | user=null | ip=null | op=WRITE_CHUNK {blockData=conID: 2 locID: 102655680532906431 bcsId: 1411} | ret=SUCCESS |  
2019-08-21 15:29:40,158 | INFO  | DNAudit | user=null | ip=null | op=PUT_BLOCK {blockData=[blockId=conID: 2 locID: 102655680532906431 bcsId: 0,size=3145728]} | ret=SUCCESS |  
2019-08-21 15:29:40,159 | INFO  | DNAudit | user=null | ip=null | op=WRITE_CHUNK {blockData=conID: 2 locID: 102655680532906431 bcsId: 1411} | ret=SUCCESS |  
2019-08-21 15:29:40,159 | INFO  | DNAudit | user=null | ip=null | op=PUT_BLOCK {blockData=[blockId=conID: 2 locID: 102655680532906431 bcsId: 0,size=3145728]} | ret=SUCCESS |  
2019-08-21 15:29:40,159 | INFO  | DNAudit | user=null | ip=null | op=PUT_BLOCK {blockData=[blockId=conID: 2 locID: 102655680532906431 bcsId: 0,size=4194304]} | ret=SUCCESS |  
2019-08-21 15:29:40,159 [grpc-default-executor-0] INFO  client.GrpcClientProtocolClient (GrpcClientProtocolClient.java:onNext(255)) - client-029E50227556->355864cd-7ac5-4934-b366-9756b15dd90f: receive RaftClientReply:client-029E50227556->355864cd-7ac5-4934-b366-9756b15dd90f@group-785BCF25C267, cid=1044, SUCCESS, logIndex=1414, commits[355864cd-7ac5-4934-b366-9756b15dd90f:c1415, ce4aa411-63c8-4399-99eb-27ce352844f3:c1411, 3eeffb0a-787e-48ec-a2f5-d0c540a89489:c1410]
2019-08-21 15:29:40,160 [grpc-default-executor-0] INFO  client.GrpcClientProtocolClient (GrpcClientProtocolClient.java:onNext(255)) - client-029E50227556->355864cd-7ac5-4934-b366-9756b15dd90f: receive RaftClientReply:client-029E50227556->355864cd-7ac5-4934-b366-9756b15dd90f@group-785BCF25C267, cid=1045, SUCCESS, logIndex=1415, commits[355864cd-7ac5-4934-b366-9756b15dd90f:c1415, ce4aa411-63c8-4399-99eb-27ce352844f3:c1411, 3eeffb0a-787e-48ec-a2f5-d0c540a89489:c1411]
2019-08-21 15:29:40,169 | INFO  | DNAudit | user=null | ip=null | op=WRITE_CHUNK {blockData=conID: 2 locID: 102655680532906431 bcsId: 1411} | ret=SUCCESS |  
2019-08-21 15:29:40,169 | INFO  | DNAudit | user=null | ip=null | op=PUT_BLOCK {blockData=[blockId=conID: 2 locID: 102655680532906431 bcsId: 0,size=4194304]} | ret=SUCCESS |  
2019-08-21 15:29:40,169 | INFO  | DNAudit | user=null | ip=null | op=WRITE_CHUNK {blockData=conID: 2 locID: 102655680532906431 bcsId: 1411} | ret=SUCCESS |  
2019-08-21 15:29:40,170 | INFO  | DNAudit | user=null | ip=null | op=PUT_BLOCK {blockData=[blockId=conID: 2 locID: 102655680532906431 bcsId: 0,size=4194304]} | ret=SUCCESS |  
2019-08-21 15:29:40,170 [grpc-default-executor-0] INFO  client.GrpcClientProtocolClient (GrpcClientProtocolClient.java:onNext(255)) - client-029E50227556->355864cd-7ac5-4934-b366-9756b15dd90f: receive RaftClientReply:client-029E50227556->355864cd-7ac5-4934-b366-9756b15dd90f@group-785BCF25C267, cid=1046, SUCCESS, logIndex=0, commits[355864cd-7ac5-4934-b366-9756b15dd90f:c1416, ce4aa411-63c8-4399-99eb-27ce352844f3:c1415, 3eeffb0a-787e-48ec-a2f5-d0c540a89489:c1415]
2019-08-21 15:29:40,178 | INFO  | DNAudit | user=null | ip=null | op=WRITE_CHUNK {blockData=conID: 3 locID: 102655680532906432 bcsId: 0} | ret=SUCCESS |  
2019-08-21 15:29:40,180 | INFO  | DNAudit | user=null | ip=null | op=WRITE_CHUNK {blockData=conID: 3 locID: 102655680532906432 bcsId: 0} | ret=SUCCESS |  
2019-08-21 15:29:40,181 | INFO  | DNAudit | user=null | ip=null | op=WRITE_CHUNK {blockData=conID: 3 locID: 102655680532906432 bcsId: 0} | ret=SUCCESS |  
2019-08-21 15:29:40,182 | INFO  | DNAudit | user=null | ip=null | op=WRITE_CHUNK {blockData=conID: 3 locID: 102655680532906432 bcsId: 0} | ret=SUCCESS |  
2019-08-21 15:29:40,184 | INFO  | DNAudit | user=null | ip=null | op=WRITE_CHUNK {blockData=conID: 3 locID: 102655680532906432 bcsId: 0} | ret=SUCCESS |  
2019-08-21 15:29:40,184 | INFO  | DNAudit | user=null | ip=null | op=WRITE_CHUNK {blockData=conID: 3 locID: 102655680532906432 bcsId: 0} | ret=SUCCESS |  
2019-08-21 15:29:40,188 | INFO  | DNAudit | user=null | ip=null | op=WRITE_CHUNK {blockData=conID: 3 locID: 102655680532906432 bcsId: 0} | ret=SUCCESS |  
2019-08-21 15:29:40,189 | INFO  | DNAudit | user=null | ip=null | op=PUT_BLOCK {blockData=[blockId=conID: 3 locID: 102655680532906432 bcsId: 0,size=1048576]} | ret=SUCCESS |  
2019-08-21 15:29:40,189 [grpc-default-executor-0] INFO  client.GrpcClientProtocolClient (GrpcClientProtocolClient.java:onNext(255)) - client-029E50227556->355864cd-7ac5-4934-b366-9756b15dd90f: receive RaftClientReply:client-029E50227556->355864cd-7ac5-4934-b366-9756b15dd90f@group-785BCF25C267, cid=1047, SUCCESS, logIndex=1418, commits[355864cd-7ac5-4934-b366-9756b15dd90f:c1419, ce4aa411-63c8-4399-99eb-27ce352844f3:c1417, 3eeffb0a-787e-48ec-a2f5-d0c540a89489:c1417]
2019-08-21 15:29:40,189 | INFO  | DNAudit | user=null | ip=null | op=WRITE_CHUNK {blockData=conID: 3 locID: 102655680532906432 bcsId: 0} | ret=SUCCESS |  
2019-08-21 15:29:40,190 | INFO  | DNAudit | user=null | ip=null | op=PUT_BLOCK {blockData=[blockId=conID: 3 locID: 102655680532906432 bcsId: 0,size=2097152]} | ret=SUCCESS |  
2019-08-21 15:29:40,190 [grpc-default-executor-0] INFO  client.GrpcClientProtocolClient (GrpcClientProtocolClient.java:onNext(255)) - client-029E50227556->355864cd-7ac5-4934-b366-9756b15dd90f: receive RaftClientReply:client-029E50227556->355864cd-7ac5-4934-b366-9756b15dd90f@group-785BCF25C267, cid=1048, SUCCESS, logIndex=1419, commits[355864cd-7ac5-4934-b366-9756b15dd90f:c1419, ce4aa411-63c8-4399-99eb-27ce352844f3:c1417, 3eeffb0a-787e-48ec-a2f5-d0c540a89489:c1417]
2019-08-21 15:29:40,190 [grpc-default-executor-0] INFO  client.GrpcClientProtocolClient (GrpcClientProtocolClient.java:onNext(255)) - client-029E50227556->355864cd-7ac5-4934-b366-9756b15dd90f: receive RaftClientReply:client-029E50227556->355864cd-7ac5-4934-b366-9756b15dd90f@group-785BCF25C267, cid=1049, SUCCESS, logIndex=1420, commits[355864cd-7ac5-4934-b366-9756b15dd90f:c1421, ce4aa411-63c8-4399-99eb-27ce352844f3:c1417, 3eeffb0a-787e-48ec-a2f5-d0c540a89489:c1417]
2019-08-21 15:29:40,190 | INFO  | DNAudit | user=null | ip=null | op=WRITE_CHUNK {blockData=conID: 3 locID: 102655680532906432 bcsId: 0} | ret=SUCCESS |  
2019-08-21 15:29:40,190 [grpc-default-executor-0] INFO  client.GrpcClientProtocolClient (GrpcClientProtocolClient.java:onNext(255)) - client-029E50227556->355864cd-7ac5-4934-b366-9756b15dd90f: receive RaftClientReply:client-029E50227556->355864cd-7ac5-4934-b366-9756b15dd90f@group-785BCF25C267, cid=1050, SUCCESS, logIndex=1421, commits[355864cd-7ac5-4934-b366-9756b15dd90f:c1421, ce4aa411-63c8-4399-99eb-27ce352844f3:c1417, 3eeffb0a-787e-48ec-a2f5-d0c540a89489:c1417]
2019-08-21 15:29:40,191 | INFO  | DNAudit | user=null | ip=null | op=PUT_BLOCK {blockData=[blockId=conID: 3 locID: 102655680532906432 bcsId: 0,size=1048576]} | ret=SUCCESS |  
2019-08-21 15:29:40,191 | INFO  | DNAudit | user=null | ip=null | op=WRITE_CHUNK {blockData=conID: 3 locID: 102655680532906432 bcsId: 0} | ret=SUCCESS |  
2019-08-21 15:29:40,191 | INFO  | DNAudit | user=null | ip=null | op=PUT_BLOCK {blockData=[blockId=conID: 3 locID: 102655680532906432 bcsId: 0,size=1048576]} | ret=SUCCESS |  
2019-08-21 15:29:40,191 | INFO  | DNAudit | user=null | ip=null | op=WRITE_CHUNK {blockData=conID: 3 locID: 102655680532906432 bcsId: 0} | ret=SUCCESS |  
2019-08-21 15:29:40,192 [grpc-default-executor-0] INFO  client.GrpcClientProtocolClient (GrpcClientProtocolClient.java:onNext(255)) - client-029E50227556->355864cd-7ac5-4934-b366-9756b15dd90f: receive RaftClientReply:client-029E50227556->355864cd-7ac5-4934-b366-9756b15dd90f@group-785BCF25C267, cid=1051, SUCCESS, logIndex=0, commits[355864cd-7ac5-4934-b366-9756b15dd90f:c1423, ce4aa411-63c8-4399-99eb-27ce352844f3:c1419, 3eeffb0a-787e-48ec-a2f5-d0c540a89489:c1419]
2019-08-21 15:29:40,192 | INFO  | DNAudit | user=null | ip=null | op=PUT_BLOCK {blockData=[blockId=conID: 3 locID: 102655680532906432 bcsId: 0,size=2097152]} | ret=SUCCESS |  
2019-08-21 15:29:40,192 | INFO  | DNAudit | user=null | ip=null | op=WRITE_CHUNK {blockData=conID: 3 locID: 102655680532906432 bcsId: 0} | ret=SUCCESS |  
2019-08-21 15:29:40,192 | INFO  | DNAudit | user=null | ip=null | op=PUT_BLOCK {blockData=[blockId=conID: 3 locID: 102655680532906432 bcsId: 0,size=2097152]} | ret=SUCCESS |  
2019-08-21 15:29:40,199 | INFO  | DNAudit | user=null | ip=null | op=WRITE_CHUNK {blockData=conID: 3 locID: 102655680532906432 bcsId: 1421} | ret=SUCCESS |  
2019-08-21 15:29:40,201 | INFO  | DNAudit | user=null | ip=null | op=WRITE_CHUNK {blockData=conID: 3 locID: 102655680532906432 bcsId: 1421} | ret=SUCCESS |  
2019-08-21 15:29:40,202 | INFO  | DNAudit | user=null | ip=null | op=WRITE_CHUNK {blockData=conID: 3 locID: 102655680532906432 bcsId: 1421} | ret=SUCCESS |  
2019-08-21 15:29:40,210 | INFO  | DNAudit | user=null | ip=null | op=WRITE_CHUNK {blockData=conID: 3 locID: 102655680532906432 bcsId: 1421} | ret=SUCCESS |  
2019-08-21 15:29:40,210 | INFO  | DNAudit | user=null | ip=null | op=PUT_BLOCK {blockData=[blockId=conID: 3 locID: 102655680532906432 bcsId: 0,size=3145728]} | ret=SUCCESS |  
2019-08-21 15:29:40,210 [grpc-default-executor-3] INFO  client.GrpcClientProtocolClient (GrpcClientProtocolClient.java:onNext(255)) - client-029E50227556->355864cd-7ac5-4934-b366-9756b15dd90f: receive RaftClientReply:client-029E50227556->355864cd-7ac5-4934-b366-9756b15dd90f@group-785BCF25C267, cid=1052, SUCCESS, logIndex=1426, commits[355864cd-7ac5-4934-b366-9756b15dd90f:c1427, ce4aa411-63c8-4399-99eb-27ce352844f3:c1425, 3eeffb0a-787e-48ec-a2f5-d0c540a89489:c1425]
2019-08-21 15:29:40,211 [grpc-default-executor-3] INFO  client.GrpcClientProtocolClient (GrpcClientProtocolClient.java:onNext(255)) - client-029E50227556->355864cd-7ac5-4934-b366-9756b15dd90f: receive RaftClientReply:client-029E50227556->355864cd-7ac5-4934-b366-9756b15dd90f@group-785BCF25C267, cid=1053, SUCCESS, logIndex=1427, commits[355864cd-7ac5-4934-b366-9756b15dd90f:c1427, ce4aa411-63c8-4399-99eb-27ce352844f3:c1425, 3eeffb0a-787e-48ec-a2f5-d0c540a89489:c1425]
2019-08-21 15:29:40,218 | INFO  | DNAudit | user=null | ip=null | op=WRITE_CHUNK {blockData=conID: 3 locID: 102655680532906432 bcsId: 1427} | ret=SUCCESS |  
2019-08-21 15:29:40,220 | INFO  | DNAudit | user=null | ip=null | op=WRITE_CHUNK {blockData=conID: 3 locID: 102655680532906432 bcsId: 1427} | ret=SUCCESS |  
2019-08-21 15:29:40,221 | INFO  | DNAudit | user=null | ip=null | op=WRITE_CHUNK {blockData=conID: 3 locID: 102655680532906432 bcsId: 1427} | ret=SUCCESS |  
2019-08-21 15:29:40,230 | INFO  | DNAudit | user=null | ip=null | op=WRITE_CHUNK {blockData=conID: 3 locID: 102655680532906432 bcsId: 1421} | ret=SUCCESS |  
2019-08-21 15:29:40,230 | INFO  | DNAudit | user=null | ip=null | op=WRITE_CHUNK {blockData=conID: 3 locID: 102655680532906432 bcsId: 1421} | ret=SUCCESS |  
2019-08-21 15:29:40,231 | INFO  | DNAudit | user=null | ip=null | op=PUT_BLOCK {blockData=[blockId=conID: 3 locID: 102655680532906432 bcsId: 0,size=3145728]} | ret=SUCCESS |  
2019-08-21 15:29:40,232 | INFO  | DNAudit | user=null | ip=null | op=WRITE_CHUNK {blockData=conID: 3 locID: 102655680532906432 bcsId: 1427} | ret=SUCCESS |  
2019-08-21 15:29:40,232 | INFO  | DNAudit | user=null | ip=null | op=PUT_BLOCK {blockData=[blockId=conID: 3 locID: 102655680532906432 bcsId: 0,size=3145728]} | ret=SUCCESS |  
 0.00% |█                                                                                                    |  0/1 Time: 0:00:052019-08-21 15:29:40,359 | INFO  | SCMAudit | user=jenkins1000 | ip=192.168.5.153 | op=SEND_HEARTBEAT {datanodeUUID=3eeffb0a-787e-48ec-a2f5-d0c540a89489, command=[]} | ret=SUCCESS |  
2019-08-21 15:29:40,359 | INFO  | SCMAudit | user=jenkins1000 | ip=192.168.5.153 | op=SEND_HEARTBEAT {datanodeUUID=355864cd-7ac5-4934-b366-9756b15dd90f, command=[]} | ret=SUCCESS |  
2019-08-21 15:29:40,359 | INFO  | DNAudit | user=null | ip=null | op=PUT_BLOCK {blockData=[blockId=conID: 3 locID: 102655680532906432 bcsId: 0,size=4194304]} | ret=SUCCESS |  
2019-08-21 15:29:40,359 | INFO  | SCMAudit | user=jenkins1000 | ip=192.168.5.153 | op=SEND_HEARTBEAT {datanodeUUID=ce4aa411-63c8-4399-99eb-27ce352844f3, command=[]} | ret=SUCCESS |  
2019-08-21 15:29:40,359 | INFO  | DNAudit | user=null | ip=null | op=WRITE_CHUNK {blockData=conID: 3 locID: 102655680532906432 bcsId: 1427} | ret=SUCCESS |  
2019-08-21 15:29:40,359 | INFO  | DNAudit | user=null | ip=null | op=WRITE_CHUNK {blockData=conID: 3 locID: 102655680532906432 bcsId: 1427} | ret=SUCCESS |  
2019-08-21 15:29:40,359 [grpc-default-executor-3] INFO  client.GrpcClientProtocolClient (GrpcClientProtocolClient.java:onNext(255)) - client-029E50227556->355864cd-7ac5-4934-b366-9756b15dd90f: receive RaftClientReply:client-029E50227556->355864cd-7ac5-4934-b366-9756b15dd90f@group-785BCF25C267, cid=1054, SUCCESS, logIndex=1430, commits[355864cd-7ac5-4934-b366-9756b15dd90f:c1431, ce4aa411-63c8-4399-99eb-27ce352844f3:c1426, 3eeffb0a-787e-48ec-a2f5-d0c540a89489:c1427]
2019-08-21 15:29:40,359 | INFO  | DNAudit | user=null | ip=null | op=PUT_BLOCK {blockData=[blockId=conID: 3 locID: 102655680532906432 bcsId: 0,size=4194304]} | ret=SUCCESS |  
2019-08-21 15:29:40,359 | INFO  | DNAudit | user=null | ip=null | op=PUT_BLOCK {blockData=[blockId=conID: 3 locID: 102655680532906432 bcsId: 0,size=4194304]} | ret=SUCCESS |  
2019-08-21 15:29:40,360 [grpc-default-executor-3] INFO  client.GrpcClientProtocolClient (GrpcClientProtocolClient.java:onNext(255)) - client-029E50227556->355864cd-7ac5-4934-b366-9756b15dd90f: receive RaftClientReply:client-029E50227556->355864cd-7ac5-4934-b366-9756b15dd90f@group-785BCF25C267, cid=1055, SUCCESS, logIndex=1431, commits[355864cd-7ac5-4934-b366-9756b15dd90f:c1431, ce4aa411-63c8-4399-99eb-27ce352844f3:c1427, 3eeffb0a-787e-48ec-a2f5-d0c540a89489:c1427]
2019-08-21 15:29:40,362 [grpc-default-executor-3] INFO  client.GrpcClientProtocolClient (GrpcClientProtocolClient.java:onNext(255)) - client-029E50227556->355864cd-7ac5-4934-b366-9756b15dd90f: receive RaftClientReply:client-029E50227556->355864cd-7ac5-4934-b366-9756b15dd90f@group-785BCF25C267, cid=1056, SUCCESS, logIndex=0, commits[355864cd-7ac5-4934-b366-9756b15dd90f:c1432, ce4aa411-63c8-4399-99eb-27ce352844f3:c1431, 3eeffb0a-787e-48ec-a2f5-d0c540a89489:c1431]
2019-08-21 15:29:40,372 | INFO  | DNAudit | user=null | ip=null | op=WRITE_CHUNK {blockData=conID: 1 locID: 102655680532906433 bcsId: 0} | ret=SUCCESS |  
2019-08-21 15:29:40,375 | INFO  | DNAudit | user=null | ip=null | op=WRITE_CHUNK {blockData=conID: 1 locID: 102655680532906433 bcsId: 0} | ret=SUCCESS |  
2019-08-21 15:29:40,376 | INFO  | DNAudit | user=null | ip=null | op=WRITE_CHUNK {blockData=conID: 1 locID: 102655680532906433 bcsId: 0} | ret=SUCCESS |  
2019-08-21 15:29:40,376 | INFO  | DNAudit | user=null | ip=null | op=WRITE_CHUNK {blockData=conID: 1 locID: 102655680532906433 bcsId: 0} | ret=SUCCESS |  
2019-08-21 15:29:40,379 | INFO  | DNAudit | user=null | ip=null | op=WRITE_CHUNK {blockData=conID: 1 locID: 102655680532906433 bcsId: 0} | ret=SUCCESS |  
2019-08-21 15:29:40,379 | INFO  | DNAudit | user=null | ip=null | op=WRITE_CHUNK {blockData=conID: 1 locID: 102655680532906433 bcsId: 0} | ret=SUCCESS |  
2019-08-21 15:29:40,385 | INFO  | DNAudit | user=null | ip=null | op=WRITE_CHUNK {blockData=conID: 1 locID: 102655680532906433 bcsId: 0} | ret=SUCCESS |  
2019-08-21 15:29:40,385 | INFO  | DNAudit | user=null | ip=null | op=PUT_BLOCK {blockData=[blockId=conID: 1 locID: 102655680532906433 bcsId: 0,size=1048576]} | ret=SUCCESS |  
2019-08-21 15:29:40,386 [grpc-default-executor-3] INFO  client.GrpcClientProtocolClient (GrpcClientProtocolClient.java:onNext(255)) - client-029E50227556->355864cd-7ac5-4934-b366-9756b15dd90f: receive RaftClientReply:client-029E50227556->355864cd-7ac5-4934-b366-9756b15dd90f@group-785BCF25C267, cid=1057, SUCCESS, logIndex=1434, commits[355864cd-7ac5-4934-b366-9756b15dd90f:c1435, ce4aa411-63c8-4399-99eb-27ce352844f3:c1432, 3eeffb0a-787e-48ec-a2f5-d0c540a89489:c1432]
2019-08-21 15:29:40,386 | INFO  | DNAudit | user=null | ip=null | op=WRITE_CHUNK {blockData=conID: 1 locID: 102655680532906433 bcsId: 0} | ret=SUCCESS |  
2019-08-21 15:29:40,387 | INFO  | DNAudit | user=null | ip=null | op=PUT_BLOCK {blockData=[blockId=conID: 1 locID: 102655680532906433 bcsId: 0,size=2097152]} | ret=SUCCESS |  
2019-08-21 15:29:40,387 | INFO  | DNAudit | user=null | ip=null | op=WRITE_CHUNK {blockData=conID: 1 locID: 102655680532906433 bcsId: 0} | ret=SUCCESS |  
2019-08-21 15:29:40,387 [grpc-default-executor-3] INFO  client.GrpcClientProtocolClient (GrpcClientProtocolClient.java:onNext(255)) - client-029E50227556->355864cd-7ac5-4934-b366-9756b15dd90f: receive RaftClientReply:client-029E50227556->355864cd-7ac5-4934-b366-9756b15dd90f@group-785BCF25C267, cid=1058, SUCCESS, logIndex=1435, commits[355864cd-7ac5-4934-b366-9756b15dd90f:c1437, ce4aa411-63c8-4399-99eb-27ce352844f3:c1432, 3eeffb0a-787e-48ec-a2f5-d0c540a89489:c1433]
2019-08-21 15:29:40,387 | INFO  | DNAudit | user=null | ip=null | op=PUT_BLOCK {blockData=[blockId=conID: 1 locID: 102655680532906433 bcsId: 0,size=1048576]} | ret=SUCCESS |  
2019-08-21 15:29:40,387 | INFO  | DNAudit | user=null | ip=null | op=WRITE_CHUNK {blockData=conID: 1 locID: 102655680532906433 bcsId: 0} | ret=SUCCESS |  
2019-08-21 15:29:40,388 | INFO  | DNAudit | user=null | ip=null | op=PUT_BLOCK {blockData=[blockId=conID: 1 locID: 102655680532906433 bcsId: 0,size=1048576]} | ret=SUCCESS |  
2019-08-21 15:29:40,387 [grpc-default-executor-2] INFO  client.GrpcClientProtocolClient (GrpcClientProtocolClient.java:onNext(255)) - client-029E50227556->355864cd-7ac5-4934-b366-9756b15dd90f: receive RaftClientReply:client-029E50227556->355864cd-7ac5-4934-b366-9756b15dd90f@group-785BCF25C267, cid=1059, SUCCESS, logIndex=1436, commits[355864cd-7ac5-4934-b366-9756b15dd90f:c1437, ce4aa411-63c8-4399-99eb-27ce352844f3:c1433, 3eeffb0a-787e-48ec-a2f5-d0c540a89489:c1433]
2019-08-21 15:29:40,388 | INFO  | DNAudit | user=null | ip=null | op=WRITE_CHUNK {blockData=conID: 1 locID: 102655680532906433 bcsId: 0} | ret=SUCCESS |  
2019-08-21 15:29:40,388 | INFO  | DNAudit | user=null | ip=null | op=PUT_BLOCK {blockData=[blockId=conID: 1 locID: 102655680532906433 bcsId: 0,size=2097152]} | ret=SUCCESS |  
2019-08-21 15:29:40,388 [grpc-default-executor-2] INFO  client.GrpcClientProtocolClient (GrpcClientProtocolClient.java:onNext(255)) - client-029E50227556->355864cd-7ac5-4934-b366-9756b15dd90f: receive RaftClientReply:client-029E50227556->355864cd-7ac5-4934-b366-9756b15dd90f@group-785BCF25C267, cid=1060, SUCCESS, logIndex=1437, commits[355864cd-7ac5-4934-b366-9756b15dd90f:c1438, ce4aa411-63c8-4399-99eb-27ce352844f3:c1433, 3eeffb0a-787e-48ec-a2f5-d0c540a89489:c1435]
2019-08-21 15:29:40,389 | INFO  | DNAudit | user=null | ip=null | op=WRITE_CHUNK {blockData=conID: 1 locID: 102655680532906433 bcsId: 0} | ret=SUCCESS |  
2019-08-21 15:29:40,390 | INFO  | DNAudit | user=null | ip=null | op=PUT_BLOCK {blockData=[blockId=conID: 1 locID: 102655680532906433 bcsId: 0,size=2097152]} | ret=SUCCESS |  
2019-08-21 15:29:40,390 [grpc-default-executor-2] INFO  client.GrpcClientProtocolClient (GrpcClientProtocolClient.java:onNext(255)) - client-029E50227556->355864cd-7ac5-4934-b366-9756b15dd90f: receive RaftClientReply:client-029E50227556->355864cd-7ac5-4934-b366-9756b15dd90f@group-785BCF25C267, cid=1061, SUCCESS, logIndex=0, commits[355864cd-7ac5-4934-b366-9756b15dd90f:c1441, ce4aa411-63c8-4399-99eb-27ce352844f3:c1435, 3eeffb0a-787e-48ec-a2f5-d0c540a89489:c1437]
2019-08-21 15:29:40,398 | INFO  | DNAudit | user=null | ip=null | op=WRITE_CHUNK {blockData=conID: 1 locID: 102655680532906433 bcsId: 1437} | ret=SUCCESS |  
2019-08-21 15:29:40,401 | INFO  | DNAudit | user=null | ip=null | op=WRITE_CHUNK {blockData=conID: 1 locID: 102655680532906433 bcsId: 1437} | ret=SUCCESS |  
2019-08-21 15:29:40,401 | INFO  | DNAudit | user=null | ip=null | op=WRITE_CHUNK {blockData=conID: 1 locID: 102655680532906433 bcsId: 1437} | ret=SUCCESS |  
2019-08-21 15:29:40,410 | INFO  | DNAudit | user=null | ip=null | op=WRITE_CHUNK {blockData=conID: 1 locID: 102655680532906433 bcsId: 1437} | ret=SUCCESS |  
2019-08-21 15:29:40,411 | INFO  | DNAudit | user=null | ip=null | op=PUT_BLOCK {blockData=[blockId=conID: 1 locID: 102655680532906433 bcsId: 0,size=3145728]} | ret=SUCCESS |  
2019-08-21 15:29:40,411 [grpc-default-executor-2] INFO  client.GrpcClientProtocolClient (GrpcClientProtocolClient.java:onNext(255)) - client-029E50227556->355864cd-7ac5-4934-b366-9756b15dd90f: receive RaftClientReply:client-029E50227556->355864cd-7ac5-4934-b366-9756b15dd90f@group-785BCF25C267, cid=1062, SUCCESS, logIndex=1442, commits[355864cd-7ac5-4934-b366-9756b15dd90f:c1443, ce4aa411-63c8-4399-99eb-27ce352844f3:c1441, 3eeffb0a-787e-48ec-a2f5-d0c540a89489:c1441]
2019-08-21 15:29:40,412 [grpc-default-executor-2] INFO  client.GrpcClientProtocolClient (GrpcClientProtocolClient.java:onNext(255)) - client-029E50227556->355864cd-7ac5-4934-b366-9756b15dd90f: receive RaftClientReply:client-029E50227556->355864cd-7ac5-4934-b366-9756b15dd90f@group-785BCF25C267, cid=1063, SUCCESS, logIndex=1443, commits[355864cd-7ac5-4934-b366-9756b15dd90f:c1443, ce4aa411-63c8-4399-99eb-27ce352844f3:c1441, 3eeffb0a-787e-48ec-a2f5-d0c540a89489:c1441]
2019-08-21 15:29:40,420 | INFO  | DNAudit | user=null | ip=null | op=WRITE_CHUNK {blockData=conID: 1 locID: 102655680532906433 bcsId: 1443} | ret=SUCCESS |  
2019-08-21 15:29:40,422 | INFO  | DNAudit | user=null | ip=null | op=WRITE_CHUNK {blockData=conID: 1 locID: 102655680532906433 bcsId: 1437} | ret=SUCCESS |  
2019-08-21 15:29:40,422 | INFO  | DNAudit | user=null | ip=null | op=WRITE_CHUNK {blockData=conID: 1 locID: 102655680532906433 bcsId: 1437} | ret=SUCCESS |  
2019-08-21 15:29:40,422 | INFO  | DNAudit | user=null | ip=null | op=PUT_BLOCK {blockData=[blockId=conID: 1 locID: 102655680532906433 bcsId: 0,size=3145728]} | ret=SUCCESS |  
2019-08-21 15:29:40,422 | INFO  | DNAudit | user=null | ip=null | op=PUT_BLOCK {blockData=[blockId=conID: 1 locID: 102655680532906433 bcsId: 0,size=3145728]} | ret=SUCCESS |  
2019-08-21 15:29:40,423 | INFO  | DNAudit | user=null | ip=null | op=WRITE_CHUNK {blockData=conID: 1 locID: 102655680532906433 bcsId: 1443} | ret=SUCCESS |  
2019-08-21 15:29:40,423 | INFO  | DNAudit | user=null | ip=null | op=WRITE_CHUNK {blockData=conID: 1 locID: 102655680532906433 bcsId: 1443} | ret=SUCCESS |  
2019-08-21 15:29:40,435 | INFO  | DNAudit | user=null | ip=null | op=WRITE_CHUNK {blockData=conID: 1 locID: 102655680532906433 bcsId: 1443} | ret=SUCCESS |  
2019-08-21 15:29:40,435 | INFO  | DNAudit | user=null | ip=null | op=PUT_BLOCK {blockData=[blockId=conID: 1 locID: 102655680532906433 bcsId: 0,size=4194304]} | ret=SUCCESS |  
2019-08-21 15:29:40,435 [grpc-default-executor-2] INFO  client.GrpcClientProtocolClient (GrpcClientProtocolClient.java:onNext(255)) - client-029E50227556->355864cd-7ac5-4934-b366-9756b15dd90f: receive RaftClientReply:client-029E50227556->355864cd-7ac5-4934-b366-9756b15dd90f@group-785BCF25C267, cid=1064, SUCCESS, logIndex=1446, commits[355864cd-7ac5-4934-b366-9756b15dd90f:c1447, ce4aa411-63c8-4399-99eb-27ce352844f3:c1443, 3eeffb0a-787e-48ec-a2f5-d0c540a89489:c1443]
2019-08-21 15:29:40,436 [grpc-default-executor-2] INFO  client.GrpcClientProtocolClient (GrpcClientProtocolClient.java:onNext(255)) - client-029E50227556->355864cd-7ac5-4934-b366-9756b15dd90f: receive RaftClientReply:client-029E50227556->355864cd-7ac5-4934-b366-9756b15dd90f@group-785BCF25C267, cid=1065, SUCCESS, logIndex=1447, commits[355864cd-7ac5-4934-b366-9756b15dd90f:c1447, ce4aa411-63c8-4399-99eb-27ce352844f3:c1443, 3eeffb0a-787e-48ec-a2f5-d0c540a89489:c1443]
2019-08-21 15:29:40,436 | INFO  | DNAudit | user=null | ip=null | op=WRITE_CHUNK {blockData=conID: 1 locID: 102655680532906433 bcsId: 1443} | ret=SUCCESS |  
2019-08-21 15:29:40,437 | INFO  | DNAudit | user=null | ip=null | op=WRITE_CHUNK {blockData=conID: 1 locID: 102655680532906433 bcsId: 1443} | ret=SUCCESS |  
2019-08-21 15:29:40,437 | INFO  | DNAudit | user=null | ip=null | op=PUT_BLOCK {blockData=[blockId=conID: 1 locID: 102655680532906433 bcsId: 0,size=4194304]} | ret=SUCCESS |  
2019-08-21 15:29:40,438 | INFO  | DNAudit | user=null | ip=null | op=PUT_BLOCK {blockData=[blockId=conID: 1 locID: 102655680532906433 bcsId: 0,size=4194304]} | ret=SUCCESS |  
2019-08-21 15:29:40,439 [grpc-default-executor-3] INFO  client.GrpcClientProtocolClient (GrpcClientProtocolClient.java:onNext(255)) - client-029E50227556->355864cd-7ac5-4934-b366-9756b15dd90f: receive RaftClientReply:client-029E50227556->355864cd-7ac5-4934-b366-9756b15dd90f@group-785BCF25C267, cid=1066, SUCCESS, logIndex=0, commits[355864cd-7ac5-4934-b366-9756b15dd90f:c1449, ce4aa411-63c8-4399-99eb-27ce352844f3:c1447, 3eeffb0a-787e-48ec-a2f5-d0c540a89489:c1447]
2019-08-21 15:29:40,447 | INFO  | DNAudit | user=null | ip=null | op=WRITE_CHUNK {blockData=conID: 2 locID: 102655680532906434 bcsId: 0} | ret=SUCCESS |  
2019-08-21 15:29:40,450 | INFO  | DNAudit | user=null | ip=null | op=WRITE_CHUNK {blockData=conID: 2 locID: 102655680532906434 bcsId: 0} | ret=SUCCESS |  
2019-08-21 15:29:40,451 | INFO  | DNAudit | user=null | ip=null | op=WRITE_CHUNK {blockData=conID: 2 locID: 102655680532906434 bcsId: 0} | ret=SUCCESS |  
2019-08-21 15:29:40,451 | INFO  | DNAudit | user=null | ip=null | op=WRITE_CHUNK {blockData=conID: 2 locID: 102655680532906434 bcsId: 0} | ret=SUCCESS |  
2019-08-21 15:29:40,453 | INFO  | DNAudit | user=null | ip=null | op=WRITE_CHUNK {blockData=conID: 2 locID: 102655680532906434 bcsId: 0} | ret=SUCCESS |  
2019-08-21 15:29:40,453 | INFO  | DNAudit | user=null | ip=null | op=WRITE_CHUNK {blockData=conID: 2 locID: 102655680532906434 bcsId: 0} | ret=SUCCESS |  
2019-08-21 15:29:40,460 | INFO  | DNAudit | user=null | ip=null | op=WRITE_CHUNK {blockData=conID: 2 locID: 102655680532906434 bcsId: 0} | ret=SUCCESS |  
2019-08-21 15:29:40,461 | INFO  | DNAudit | user=null | ip=null | op=PUT_BLOCK {blockData=[blockId=conID: 2 locID: 102655680532906434 bcsId: 0,size=1048576]} | ret=SUCCESS |  
2019-08-21 15:29:40,461 [grpc-default-executor-0] INFO  client.GrpcClientProtocolClient (GrpcClientProtocolClient.java:onNext(255)) - client-029E50227556->355864cd-7ac5-4934-b366-9756b15dd90f: receive RaftClientReply:client-029E50227556->355864cd-7ac5-4934-b366-9756b15dd90f@group-785BCF25C267, cid=1067, SUCCESS, logIndex=1450, commits[355864cd-7ac5-4934-b366-9756b15dd90f:c1451, ce4aa411-63c8-4399-99eb-27ce352844f3:c1449, 3eeffb0a-787e-48ec-a2f5-d0c540a89489:c1449]
2019-08-21 15:29:40,461 | INFO  | DNAudit | user=null | ip=null | op=WRITE_CHUNK {blockData=conID: 2 locID: 102655680532906434 bcsId: 0} | ret=SUCCESS |  
2019-08-21 15:29:40,462 | INFO  | DNAudit | user=null | ip=null | op=PUT_BLOCK {blockData=[blockId=conID: 2 locID: 102655680532906434 bcsId: 0,size=2097152]} | ret=SUCCESS |  
2019-08-21 15:29:40,462 [grpc-default-executor-0] INFO  client.GrpcClientProtocolClient (GrpcClientProtocolClient.java:onNext(255)) - client-029E50227556->355864cd-7ac5-4934-b366-9756b15dd90f: receive RaftClientReply:client-029E50227556->355864cd-7ac5-4934-b366-9756b15dd90f@group-785BCF25C267, cid=1068, SUCCESS, logIndex=1451, commits[355864cd-7ac5-4934-b366-9756b15dd90f:c1452, ce4aa411-63c8-4399-99eb-27ce352844f3:c1449, 3eeffb0a-787e-48ec-a2f5-d0c540a89489:c1449]
2019-08-21 15:29:40,462 | INFO  | DNAudit | user=null | ip=null | op=WRITE_CHUNK {blockData=conID: 2 locID: 102655680532906434 bcsId: 0} | ret=SUCCESS |  
2019-08-21 15:29:40,462 | INFO  | DNAudit | user=null | ip=null | op=PUT_BLOCK {blockData=[blockId=conID: 2 locID: 102655680532906434 bcsId: 0,size=1048576]} | ret=SUCCESS |  
2019-08-21 15:29:40,462 [grpc-default-executor-0] INFO  client.GrpcClientProtocolClient (GrpcClientProtocolClient.java:onNext(255)) - client-029E50227556->355864cd-7ac5-4934-b366-9756b15dd90f: receive RaftClientReply:client-029E50227556->355864cd-7ac5-4934-b366-9756b15dd90f@group-785BCF25C267, cid=1069, SUCCESS, logIndex=1452, commits[355864cd-7ac5-4934-b366-9756b15dd90f:c1453, ce4aa411-63c8-4399-99eb-27ce352844f3:c1449, 3eeffb0a-787e-48ec-a2f5-d0c540a89489:c1449]
2019-08-21 15:29:40,463 | INFO  | DNAudit | user=null | ip=null | op=WRITE_CHUNK {blockData=conID: 2 locID: 102655680532906434 bcsId: 0} | ret=SUCCESS |  
2019-08-21 15:29:40,463 [grpc-default-executor-2] INFO  client.GrpcClientProtocolClient (GrpcClientProtocolClient.java:onNext(255)) - client-029E50227556->355864cd-7ac5-4934-b366-9756b15dd90f: receive RaftClientReply:client-029E50227556->355864cd-7ac5-4934-b366-9756b15dd90f@group-785BCF25C267, cid=1070, SUCCESS, logIndex=1453, commits[355864cd-7ac5-4934-b366-9756b15dd90f:c1453, ce4aa411-63c8-4399-99eb-27ce352844f3:c1449, 3eeffb0a-787e-48ec-a2f5-d0c540a89489:c1449]
2019-08-21 15:29:40,463 | INFO  | DNAudit | user=null | ip=null | op=PUT_BLOCK {blockData=[blockId=conID: 2 locID: 102655680532906434 bcsId: 0,size=1048576]} | ret=SUCCESS |  
2019-08-21 15:29:40,463 | INFO  | DNAudit | user=null | ip=null | op=WRITE_CHUNK {blockData=conID: 2 locID: 102655680532906434 bcsId: 0} | ret=SUCCESS |  
2019-08-21 15:29:40,463 | INFO  | DNAudit | user=null | ip=null | op=PUT_BLOCK {blockData=[blockId=conID: 2 locID: 102655680532906434 bcsId: 0,size=2097152]} | ret=SUCCESS |  
2019-08-21 15:29:40,464 | INFO  | DNAudit | user=null | ip=null | op=WRITE_CHUNK {blockData=conID: 2 locID: 102655680532906434 bcsId: 0} | ret=SUCCESS |  
2019-08-21 15:29:40,464 | INFO  | DNAudit | user=null | ip=null | op=PUT_BLOCK {blockData=[blockId=conID: 2 locID: 102655680532906434 bcsId: 0,size=2097152]} | ret=SUCCESS |  
2019-08-21 15:29:40,464 [grpc-default-executor-0] INFO  client.GrpcClientProtocolClient (GrpcClientProtocolClient.java:onNext(255)) - client-029E50227556->355864cd-7ac5-4934-b366-9756b15dd90f: receive RaftClientReply:client-029E50227556->355864cd-7ac5-4934-b366-9756b15dd90f@group-785BCF25C267, cid=1071, SUCCESS, logIndex=0, commits[355864cd-7ac5-4934-b366-9756b15dd90f:c1457, ce4aa411-63c8-4399-99eb-27ce352844f3:c1451, 3eeffb0a-787e-48ec-a2f5-d0c540a89489:c1453]
2019-08-21 15:29:40,472 | INFO  | DNAudit | user=null | ip=null | op=WRITE_CHUNK {blockData=conID: 2 locID: 102655680532906434 bcsId: 1453} | ret=SUCCESS |  
2019-08-21 15:29:40,474 | INFO  | DNAudit | user=null | ip=null | op=WRITE_CHUNK {blockData=conID: 2 locID: 102655680532906434 bcsId: 1453} | ret=SUCCESS |  
2019-08-21 15:29:40,475 | INFO  | DNAudit | user=null | ip=null | op=WRITE_CHUNK {blockData=conID: 2 locID: 102655680532906434 bcsId: 1453} | ret=SUCCESS |  
2019-08-21 15:29:40,485 | INFO  | DNAudit | user=null | ip=null | op=WRITE_CHUNK {blockData=conID: 2 locID: 102655680532906434 bcsId: 1453} | ret=SUCCESS |  
2019-08-21 15:29:40,485 | INFO  | DNAudit | user=null | ip=null | op=PUT_BLOCK {blockData=[blockId=conID: 2 locID: 102655680532906434 bcsId: 0,size=3145728]} | ret=SUCCESS |  
2019-08-21 15:29:40,485 [grpc-default-executor-2] INFO  client.GrpcClientProtocolClient (GrpcClientProtocolClient.java:onNext(255)) - client-029E50227556->355864cd-7ac5-4934-b366-9756b15dd90f: receive RaftClientReply:client-029E50227556->355864cd-7ac5-4934-b366-9756b15dd90f@group-785BCF25C267, cid=1072, SUCCESS, logIndex=1458, commits[355864cd-7ac5-4934-b366-9756b15dd90f:c1459, ce4aa411-63c8-4399-99eb-27ce352844f3:c1457, 3eeffb0a-787e-48ec-a2f5-d0c540a89489:c1457]
2019-08-21 15:29:40,486 [grpc-default-executor-2] INFO  client.GrpcClientProtocolClient (GrpcClientProtocolClient.java:onNext(255)) - client-029E50227556->355864cd-7ac5-4934-b366-9756b15dd90f: receive RaftClientReply:client-029E50227556->355864cd-7ac5-4934-b366-9756b15dd90f@group-785BCF25C267, cid=1073, SUCCESS, logIndex=1459, commits[355864cd-7ac5-4934-b366-9756b15dd90f:c1459, ce4aa411-63c8-4399-99eb-27ce352844f3:c1457, 3eeffb0a-787e-48ec-a2f5-d0c540a89489:c1457]
2019-08-21 15:29:40,493 | INFO  | DNAudit | user=null | ip=null | op=WRITE_CHUNK {blockData=conID: 2 locID: 102655680532906434 bcsId: 1459} | ret=SUCCESS |  
2019-08-21 15:29:40,495 | INFO  | DNAudit | user=null | ip=null | op=WRITE_CHUNK {blockData=conID: 2 locID: 102655680532906434 bcsId: 1459} | ret=SUCCESS |  
2019-08-21 15:29:40,496 | INFO  | DNAudit | user=null | ip=null | op=WRITE_CHUNK {blockData=conID: 2 locID: 102655680532906434 bcsId: 1459} | ret=SUCCESS |  
2019-08-21 15:29:40,512 | INFO  | DNAudit | user=null | ip=null | op=WRITE_CHUNK {blockData=conID: 2 locID: 102655680532906434 bcsId: 1453} | ret=SUCCESS |  
2019-08-21 15:29:40,512 | INFO  | DNAudit | user=null | ip=null | op=WRITE_CHUNK {blockData=conID: 2 locID: 102655680532906434 bcsId: 1453} | ret=SUCCESS |  
2019-08-21 15:29:40,513 | INFO  | DNAudit | user=null | ip=null | op=PUT_BLOCK {blockData=[blockId=conID: 2 locID: 102655680532906434 bcsId: 0,size=3145728]} | ret=SUCCESS |  
2019-08-21 15:29:40,513 | INFO  | DNAudit | user=null | ip=null | op=PUT_BLOCK {blockData=[blockId=conID: 2 locID: 102655680532906434 bcsId: 0,size=3145728]} | ret=SUCCESS |  
2019-08-21 15:29:40,514 | INFO  | DNAudit | user=null | ip=null | op=WRITE_CHUNK {blockData=conID: 2 locID: 102655680532906434 bcsId: 1459} | ret=SUCCESS |  
2019-08-21 15:29:40,514 | INFO  | DNAudit | user=null | ip=null | op=PUT_BLOCK {blockData=[blockId=conID: 2 locID: 102655680532906434 bcsId: 0,size=4194304]} | ret=SUCCESS |  
2019-08-21 15:29:40,515 [grpc-default-executor-0] INFO  client.GrpcClientProtocolClient (GrpcClientProtocolClient.java:onNext(255)) - client-029E50227556->355864cd-7ac5-4934-b366-9756b15dd90f: receive RaftClientReply:client-029E50227556->355864cd-7ac5-4934-b366-9756b15dd90f@group-785BCF25C267, cid=1074, SUCCESS, logIndex=1462, commits[355864cd-7ac5-4934-b366-9756b15dd90f:c1463, ce4aa411-63c8-4399-99eb-27ce352844f3:c1459, 3eeffb0a-787e-48ec-a2f5-d0c540a89489:c1459]
2019-08-21 15:29:40,515 [grpc-default-executor-0] INFO  client.GrpcClientProtocolClient (GrpcClientProtocolClient.java:onNext(255)) - client-029E50227556->355864cd-7ac5-4934-b366-9756b15dd90f: receive RaftClientReply:client-029E50227556->355864cd-7ac5-4934-b366-9756b15dd90f@group-785BCF25C267, cid=1075, SUCCESS, logIndex=1463, commits[355864cd-7ac5-4934-b366-9756b15dd90f:c1463, ce4aa411-63c8-4399-99eb-27ce352844f3:c1459, 3eeffb0a-787e-48ec-a2f5-d0c540a89489:c1459]
2019-08-21 15:29:40,516 | INFO  | DNAudit | user=null | ip=null | op=WRITE_CHUNK {blockData=conID: 2 locID: 102655680532906434 bcsId: 1459} | ret=SUCCESS |  
2019-08-21 15:29:40,516 | INFO  | DNAudit | user=null | ip=null | op=PUT_BLOCK {blockData=[blockId=conID: 2 locID: 102655680532906434 bcsId: 0,size=4194304]} | ret=SUCCESS |  
2019-08-21 15:29:40,517 | INFO  | DNAudit | user=null | ip=null | op=WRITE_CHUNK {blockData=conID: 2 locID: 102655680532906434 bcsId: 1459} | ret=SUCCESS |  
2019-08-21 15:29:40,517 | INFO  | DNAudit | user=null | ip=null | op=PUT_BLOCK {blockData=[blockId=conID: 2 locID: 102655680532906434 bcsId: 0,size=4194304]} | ret=SUCCESS |  
2019-08-21 15:29:40,518 [grpc-default-executor-0] INFO  client.GrpcClientProtocolClient (GrpcClientProtocolClient.java:onNext(255)) - client-029E50227556->355864cd-7ac5-4934-b366-9756b15dd90f: receive RaftClientReply:client-029E50227556->355864cd-7ac5-4934-b366-9756b15dd90f@group-785BCF25C267, cid=1076, SUCCESS, logIndex=0, commits[355864cd-7ac5-4934-b366-9756b15dd90f:c1464, ce4aa411-63c8-4399-99eb-27ce352844f3:c1463, 3eeffb0a-787e-48ec-a2f5-d0c540a89489:c1463]
2019-08-21 15:29:40,526 | INFO  | DNAudit | user=null | ip=null | op=WRITE_CHUNK {blockData=conID: 3 locID: 102655680532906435 bcsId: 0} | ret=SUCCESS |  
2019-08-21 15:29:40,529 | INFO  | DNAudit | user=null | ip=null | op=WRITE_CHUNK {blockData=conID: 3 locID: 102655680532906435 bcsId: 0} | ret=SUCCESS |  
2019-08-21 15:29:40,530 | INFO  | DNAudit | user=null | ip=null | op=WRITE_CHUNK {blockData=conID: 3 locID: 102655680532906435 bcsId: 0} | ret=SUCCESS |  
2019-08-21 15:29:40,530 | INFO  | DNAudit | user=null | ip=null | op=WRITE_CHUNK {blockData=conID: 3 locID: 102655680532906435 bcsId: 0} | ret=SUCCESS |  
2019-08-21 15:29:40,532 | INFO  | DNAudit | user=null | ip=null | op=WRITE_CHUNK {blockData=conID: 3 locID: 102655680532906435 bcsId: 0} | ret=SUCCESS |  
2019-08-21 15:29:40,533 | INFO  | DNAudit | user=null | ip=null | op=WRITE_CHUNK {blockData=conID: 3 locID: 102655680532906435 bcsId: 0} | ret=SUCCESS |  
2019-08-21 15:29:40,539 | INFO  | DNAudit | user=null | ip=null | op=WRITE_CHUNK {blockData=conID: 3 locID: 102655680532906435 bcsId: 0} | ret=SUCCESS |  
2019-08-21 15:29:40,539 | INFO  | DNAudit | user=null | ip=null | op=PUT_BLOCK {blockData=[blockId=conID: 3 locID: 102655680532906435 bcsId: 0,size=1048576]} | ret=SUCCESS |  
2019-08-21 15:29:40,540 [grpc-default-executor-0] INFO  client.GrpcClientProtocolClient (GrpcClientProtocolClient.java:onNext(255)) - client-029E50227556->355864cd-7ac5-4934-b366-9756b15dd90f: receive RaftClientReply:client-029E50227556->355864cd-7ac5-4934-b366-9756b15dd90f@group-785BCF25C267, cid=1077, SUCCESS, logIndex=1466, commits[355864cd-7ac5-4934-b366-9756b15dd90f:c1467, ce4aa411-63c8-4399-99eb-27ce352844f3:c1465, 3eeffb0a-787e-48ec-a2f5-d0c540a89489:c1465]
2019-08-21 15:29:40,540 | INFO  | DNAudit | user=null | ip=null | op=WRITE_CHUNK {blockData=conID: 3 locID: 102655680532906435 bcsId: 0} | ret=SUCCESS |  
2019-08-21 15:29:40,540 [grpc-default-executor-2] INFO  client.GrpcClientProtocolClient (GrpcClientProtocolClient.java:onNext(255)) - client-029E50227556->355864cd-7ac5-4934-b366-9756b15dd90f: receive RaftClientReply:client-029E50227556->355864cd-7ac5-4934-b366-9756b15dd90f@group-785BCF25C267, cid=1078, SUCCESS, logIndex=1467, commits[355864cd-7ac5-4934-b366-9756b15dd90f:c1469, ce4aa411-63c8-4399-99eb-27ce352844f3:c1465, 3eeffb0a-787e-48ec-a2f5-d0c540a89489:c1465]
2019-08-21 15:29:40,541 | INFO  | DNAudit | user=null | ip=null | op=PUT_BLOCK {blockData=[blockId=conID: 3 locID: 102655680532906435 bcsId: 0,size=2097152]} | ret=SUCCESS |  
2019-08-21 15:29:40,541 [grpc-default-executor-2] INFO  client.GrpcClientProtocolClient (GrpcClientProtocolClient.java:onNext(255)) - client-029E50227556->355864cd-7ac5-4934-b366-9756b15dd90f: receive RaftClientReply:client-029E50227556->355864cd-7ac5-4934-b366-9756b15dd90f@group-785BCF25C267, cid=1079, SUCCESS, logIndex=1468, commits[355864cd-7ac5-4934-b366-9756b15dd90f:c1469, ce4aa411-63c8-4399-99eb-27ce352844f3:c1465, 3eeffb0a-787e-48ec-a2f5-d0c540a89489:c1465]
2019-08-21 15:29:40,541 [grpc-default-executor-2] INFO  client.GrpcClientProtocolClient (GrpcClientProtocolClient.java:onNext(255)) - client-029E50227556->355864cd-7ac5-4934-b366-9756b15dd90f: receive RaftClientReply:client-029E50227556->355864cd-7ac5-4934-b366-9756b15dd90f@group-785BCF25C267, cid=1080, SUCCESS, logIndex=1469, commits[355864cd-7ac5-4934-b366-9756b15dd90f:c1469, ce4aa411-63c8-4399-99eb-27ce352844f3:c1465, 3eeffb0a-787e-48ec-a2f5-d0c540a89489:c1465]
2019-08-21 15:29:40,541 | INFO  | DNAudit | user=null | ip=null | op=WRITE_CHUNK {blockData=conID: 3 locID: 102655680532906435 bcsId: 0} | ret=SUCCESS |  
2019-08-21 15:29:40,542 | INFO  | DNAudit | user=null | ip=null | op=PUT_BLOCK {blockData=[blockId=conID: 3 locID: 102655680532906435 bcsId: 0,size=1048576]} | ret=SUCCESS |  
2019-08-21 15:29:40,542 | INFO  | DNAudit | user=null | ip=null | op=WRITE_CHUNK {blockData=conID: 3 locID: 102655680532906435 bcsId: 0} | ret=SUCCESS |  
2019-08-21 15:29:40,542 | INFO  | DNAudit | user=null | ip=null | op=PUT_BLOCK {blockData=[blockId=conID: 3 locID: 102655680532906435 bcsId: 0,size=1048576]} | ret=SUCCESS |  
2019-08-21 15:29:40,543 | INFO  | DNAudit | user=null | ip=null | op=WRITE_CHUNK {blockData=conID: 3 locID: 102655680532906435 bcsId: 0} | ret=SUCCESS |  
2019-08-21 15:29:40,543 | INFO  | DNAudit | user=null | ip=null | op=WRITE_CHUNK {blockData=conID: 3 locID: 102655680532906435 bcsId: 0} | ret=SUCCESS |  
2019-08-21 15:29:40,543 | INFO  | DNAudit | user=null | ip=null | op=PUT_BLOCK {blockData=[blockId=conID: 3 locID: 102655680532906435 bcsId: 0,size=2097152]} | ret=SUCCESS |  
2019-08-21 15:29:40,543 | INFO  | DNAudit | user=null | ip=null | op=PUT_BLOCK {blockData=[blockId=conID: 3 locID: 102655680532906435 bcsId: 0,size=2097152]} | ret=SUCCESS |  
2019-08-21 15:29:40,543 [grpc-default-executor-2] INFO  client.GrpcClientProtocolClient (GrpcClientProtocolClient.java:onNext(255)) - client-029E50227556->355864cd-7ac5-4934-b366-9756b15dd90f: receive RaftClientReply:client-029E50227556->355864cd-7ac5-4934-b366-9756b15dd90f@group-785BCF25C267, cid=1081, SUCCESS, logIndex=0, commits[355864cd-7ac5-4934-b366-9756b15dd90f:c1471, ce4aa411-63c8-4399-99eb-27ce352844f3:c1467, 3eeffb0a-787e-48ec-a2f5-d0c540a89489:c1467]
2019-08-21 15:29:40,551 | INFO  | DNAudit | user=null | ip=null | op=WRITE_CHUNK {blockData=conID: 3 locID: 102655680532906435 bcsId: 1469} | ret=SUCCESS |  
2019-08-21 15:29:40,552 | INFO  | DNAudit | user=null | ip=null | op=WRITE_CHUNK {blockData=conID: 3 locID: 102655680532906435 bcsId: 1469} | ret=SUCCESS |  
2019-08-21 15:29:40,553 | INFO  | DNAudit | user=null | ip=null | op=WRITE_CHUNK {blockData=conID: 3 locID: 102655680532906435 bcsId: 1469} | ret=SUCCESS |  
2019-08-21 15:29:40,564 | INFO  | DNAudit | user=null | ip=null | op=WRITE_CHUNK {blockData=conID: 3 locID: 102655680532906435 bcsId: 1469} | ret=SUCCESS |  
2019-08-21 15:29:40,564 | INFO  | DNAudit | user=null | ip=null | op=PUT_BLOCK {blockData=[blockId=conID: 3 locID: 102655680532906435 bcsId: 0,size=3145728]} | ret=SUCCESS |  
2019-08-21 15:29:40,565 [grpc-default-executor-2] INFO  client.GrpcClientProtocolClient (GrpcClientProtocolClient.java:onNext(255)) - client-029E50227556->355864cd-7ac5-4934-b366-9756b15dd90f: receive RaftClientReply:client-029E50227556->355864cd-7ac5-4934-b366-9756b15dd90f@group-785BCF25C267, cid=1082, SUCCESS, logIndex=1474, commits[355864cd-7ac5-4934-b366-9756b15dd90f:c1475, ce4aa411-63c8-4399-99eb-27ce352844f3:c1473, 3eeffb0a-787e-48ec-a2f5-d0c540a89489:c1473]
2019-08-21 15:29:40,565 [grpc-default-executor-2] INFO  client.GrpcClientProtocolClient (GrpcClientProtocolClient.java:onNext(255)) - client-029E50227556->355864cd-7ac5-4934-b366-9756b15dd90f: receive RaftClientReply:client-029E50227556->355864cd-7ac5-4934-b366-9756b15dd90f@group-785BCF25C267, cid=1083, SUCCESS, logIndex=1475, commits[355864cd-7ac5-4934-b366-9756b15dd90f:c1475, ce4aa411-63c8-4399-99eb-27ce352844f3:c1473, 3eeffb0a-787e-48ec-a2f5-d0c540a89489:c1473]
2019-08-21 15:29:40,574 | INFO  | DNAudit | user=null | ip=null | op=WRITE_CHUNK {blockData=conID: 3 locID: 102655680532906435 bcsId: 1475} | ret=SUCCESS |  
2019-08-21 15:29:40,575 | INFO  | DNAudit | user=null | ip=null | op=WRITE_CHUNK {blockData=conID: 3 locID: 102655680532906435 bcsId: 1469} | ret=SUCCESS |  
2019-08-21 15:29:40,576 | INFO  | DNAudit | user=null | ip=null | op=WRITE_CHUNK {blockData=conID: 3 locID: 102655680532906435 bcsId: 1475} | ret=SUCCESS |  
2019-08-21 15:29:40,576 | INFO  | DNAudit | user=null | ip=null | op=WRITE_CHUNK {blockData=conID: 3 locID: 102655680532906435 bcsId: 1475} | ret=SUCCESS |  
2019-08-21 15:29:40,577 | INFO  | DNAudit | user=null | ip=null | op=WRITE_CHUNK {blockData=conID: 3 locID: 102655680532906435 bcsId: 1469} | ret=SUCCESS |  
2019-08-21 15:29:40,577 | INFO  | DNAudit | user=null | ip=null | op=PUT_BLOCK {blockData=[blockId=conID: 3 locID: 102655680532906435 bcsId: 0,size=3145728]} | ret=SUCCESS |  
2019-08-21 15:29:40,577 | INFO  | DNAudit | user=null | ip=null | op=PUT_BLOCK {blockData=[blockId=conID: 3 locID: 102655680532906435 bcsId: 0,size=3145728]} | ret=SUCCESS |  
2019-08-21 15:29:40,582 | INFO  | DNAudit | user=null | ip=null | op=WRITE_CHUNK {blockData=conID: 3 locID: 102655680532906435 bcsId: 1475} | ret=SUCCESS |  
2019-08-21 15:29:40,582 | INFO  | DNAudit | user=null | ip=null | op=PUT_BLOCK {blockData=[blockId=conID: 3 locID: 102655680532906435 bcsId: 0,size=4194304]} | ret=SUCCESS |  
2019-08-21 15:29:40,583 [grpc-default-executor-2] INFO  client.GrpcClientProtocolClient (GrpcClientProtocolClient.java:onNext(255)) - client-029E50227556->355864cd-7ac5-4934-b366-9756b15dd90f: receive RaftClientReply:client-029E50227556->355864cd-7ac5-4934-b366-9756b15dd90f@group-785BCF25C267, cid=1084, SUCCESS, logIndex=1478, commits[355864cd-7ac5-4934-b366-9756b15dd90f:c1479, ce4aa411-63c8-4399-99eb-27ce352844f3:c1475, 3eeffb0a-787e-48ec-a2f5-d0c540a89489:c1475]
2019-08-21 15:29:40,583 [grpc-default-executor-2] INFO  client.GrpcClientProtocolClient (GrpcClientProtocolClient.java:onNext(255)) - client-029E50227556->355864cd-7ac5-4934-b366-9756b15dd90f: receive RaftClientReply:client-029E50227556->355864cd-7ac5-4934-b366-9756b15dd90f@group-785BCF25C267, cid=1085, SUCCESS, logIndex=1479, commits[355864cd-7ac5-4934-b366-9756b15dd90f:c1479, ce4aa411-63c8-4399-99eb-27ce352844f3:c1475, 3eeffb0a-787e-48ec-a2f5-d0c540a89489:c1475]
2019-08-21 15:29:40,593 | INFO  | DNAudit | user=null | ip=null | op=WRITE_CHUNK {blockData=conID: 3 locID: 102655680532906435 bcsId: 1475} | ret=SUCCESS |  
2019-08-21 15:29:40,593 | INFO  | DNAudit | user=null | ip=null | op=WRITE_CHUNK {blockData=conID: 3 locID: 102655680532906435 bcsId: 1475} | ret=SUCCESS |  
2019-08-21 15:29:40,593 | INFO  | DNAudit | user=null | ip=null | op=PUT_BLOCK {blockData=[blockId=conID: 3 locID: 102655680532906435 bcsId: 0,size=4194304]} | ret=SUCCESS |  
2019-08-21 15:29:40,593 | INFO  | DNAudit | user=null | ip=null | op=PUT_BLOCK {blockData=[blockId=conID: 3 locID: 102655680532906435 bcsId: 0,size=4194304]} | ret=SUCCESS |  
2019-08-21 15:29:40,594 [grpc-default-executor-2] INFO  client.GrpcClientProtocolClient (GrpcClientProtocolClient.java:onNext(255)) - client-029E50227556->355864cd-7ac5-4934-b366-9756b15dd90f: receive RaftClientReply:client-029E50227556->355864cd-7ac5-4934-b366-9756b15dd90f@group-785BCF25C267, cid=1086, SUCCESS, logIndex=0, commits[355864cd-7ac5-4934-b366-9756b15dd90f:c1480, ce4aa411-63c8-4399-99eb-27ce352844f3:c1479, 3eeffb0a-787e-48ec-a2f5-d0c540a89489:c1479]
2019-08-21 15:29:40,604 | INFO  | DNAudit | user=null | ip=null | op=WRITE_CHUNK {blockData=conID: 1 locID: 102655680532971972 bcsId: 0} | ret=SUCCESS |  
2019-08-21 15:29:40,607 | INFO  | DNAudit | user=null | ip=null | op=WRITE_CHUNK {blockData=conID: 1 locID: 102655680532971972 bcsId: 0} | ret=SUCCESS |  
2019-08-21 15:29:40,608 | INFO  | DNAudit | user=null | ip=null | op=WRITE_CHUNK {blockData=conID: 1 locID: 102655680532971972 bcsId: 0} | ret=SUCCESS |  
2019-08-21 15:29:40,608 | INFO  | DNAudit | user=null | ip=null | op=WRITE_CHUNK {blockData=conID: 1 locID: 102655680532971972 bcsId: 0} | ret=SUCCESS |  
2019-08-21 15:29:40,609 | INFO  | DNAudit | user=null | ip=null | op=WRITE_CHUNK {blockData=conID: 1 locID: 102655680532971972 bcsId: 0} | ret=SUCCESS |  
2019-08-21 15:29:40,609 | INFO  | DNAudit | user=null | ip=null | op=WRITE_CHUNK {blockData=conID: 1 locID: 102655680532971972 bcsId: 0} | ret=SUCCESS |  
2019-08-21 15:29:40,617 | INFO  | DNAudit | user=null | ip=null | op=WRITE_CHUNK {blockData=conID: 1 locID: 102655680532971972 bcsId: 0} | ret=SUCCESS |  
2019-08-21 15:29:40,617 | INFO  | DNAudit | user=null | ip=null | op=PUT_BLOCK {blockData=[blockId=conID: 1 locID: 102655680532971972 bcsId: 0,size=1048576]} | ret=SUCCESS |  
2019-08-21 15:29:40,618 | INFO  | DNAudit | user=null | ip=null | op=WRITE_CHUNK {blockData=conID: 1 locID: 102655680532971972 bcsId: 0} | ret=SUCCESS |  
2019-08-21 15:29:40,618 [grpc-default-executor-2] INFO  client.GrpcClientProtocolClient (GrpcClientProtocolClient.java:onNext(255)) - client-029E50227556->355864cd-7ac5-4934-b366-9756b15dd90f: receive RaftClientReply:client-029E50227556->355864cd-7ac5-4934-b366-9756b15dd90f@group-785BCF25C267, cid=1087, SUCCESS, logIndex=1481, commits[355864cd-7ac5-4934-b366-9756b15dd90f:c1481, ce4aa411-63c8-4399-99eb-27ce352844f3:c1480, 3eeffb0a-787e-48ec-a2f5-d0c540a89489:c1480]
2019-08-21 15:29:40,618 | INFO  | DNAudit | user=null | ip=null | op=PUT_BLOCK {blockData=[blockId=conID: 1 locID: 102655680532971972 bcsId: 0,size=2097152]} | ret=SUCCESS |  
2019-08-21 15:29:40,618 [grpc-default-executor-2] INFO  client.GrpcClientProtocolClient (GrpcClientProtocolClient.java:onNext(255)) - client-029E50227556->355864cd-7ac5-4934-b366-9756b15dd90f: receive RaftClientReply:client-029E50227556->355864cd-7ac5-4934-b366-9756b15dd90f@group-785BCF25C267, cid=1088, SUCCESS, logIndex=1482, commits[355864cd-7ac5-4934-b366-9756b15dd90f:c1483, ce4aa411-63c8-4399-99eb-27ce352844f3:c1480, 3eeffb0a-787e-48ec-a2f5-d0c540a89489:c1480]
2019-08-21 15:29:40,619 [grpc-default-executor-2] INFO  client.GrpcClientProtocolClient (GrpcClientProtocolClient.java:onNext(255)) - client-029E50227556->355864cd-7ac5-4934-b366-9756b15dd90f: receive RaftClientReply:client-029E50227556->355864cd-7ac5-4934-b366-9756b15dd90f@group-785BCF25C267, cid=1089, SUCCESS, logIndex=1483, commits[355864cd-7ac5-4934-b366-9756b15dd90f:c1484, ce4aa411-63c8-4399-99eb-27ce352844f3:c1480, 3eeffb0a-787e-48ec-a2f5-d0c540a89489:c1480]
2019-08-21 15:29:40,619 | INFO  | DNAudit | user=null | ip=null | op=WRITE_CHUNK {blockData=conID: 1 locID: 102655680532971972 bcsId: 0} | ret=SUCCESS |  
2019-08-21 15:29:40,619 | INFO  | DNAudit | user=null | ip=null | op=WRITE_CHUNK {blockData=conID: 1 locID: 102655680532971972 bcsId: 0} | ret=SUCCESS |  
2019-08-21 15:29:40,619 [grpc-default-executor-2] INFO  client.GrpcClientProtocolClient (GrpcClientProtocolClient.java:onNext(255)) - client-029E50227556->355864cd-7ac5-4934-b366-9756b15dd90f: receive RaftClientReply:client-029E50227556->355864cd-7ac5-4934-b366-9756b15dd90f@group-785BCF25C267, cid=1090, SUCCESS, logIndex=1484, commits[355864cd-7ac5-4934-b366-9756b15dd90f:c1484, ce4aa411-63c8-4399-99eb-27ce352844f3:c1480, 3eeffb0a-787e-48ec-a2f5-d0c540a89489:c1480]
2019-08-21 15:29:40,620 | INFO  | DNAudit | user=null | ip=null | op=PUT_BLOCK {blockData=[blockId=conID: 1 locID: 102655680532971972 bcsId: 0,size=1048576]} | ret=SUCCESS |  
2019-08-21 15:29:40,620 | INFO  | DNAudit | user=null | ip=null | op=PUT_BLOCK {blockData=[blockId=conID: 1 locID: 102655680532971972 bcsId: 0,size=1048576]} | ret=SUCCESS |  
2019-08-21 15:29:40,620 | INFO  | DNAudit | user=null | ip=null | op=WRITE_CHUNK {blockData=conID: 1 locID: 102655680532971972 bcsId: 0} | ret=SUCCESS |  
2019-08-21 15:29:40,620 | INFO  | DNAudit | user=null | ip=null | op=WRITE_CHUNK {blockData=conID: 1 locID: 102655680532971972 bcsId: 0} | ret=SUCCESS |  
2019-08-21 15:29:40,621 | INFO  | DNAudit | user=null | ip=null | op=PUT_BLOCK {blockData=[blockId=conID: 1 locID: 102655680532971972 bcsId: 0,size=2097152]} | ret=SUCCESS |  
2019-08-21 15:29:40,621 | INFO  | DNAudit | user=null | ip=null | op=PUT_BLOCK {blockData=[blockId=conID: 1 locID: 102655680532971972 bcsId: 0,size=2097152]} | ret=SUCCESS |  
2019-08-21 15:29:40,621 [grpc-default-executor-3] INFO  client.GrpcClientProtocolClient (GrpcClientProtocolClient.java:onNext(255)) - client-029E50227556->355864cd-7ac5-4934-b366-9756b15dd90f: receive RaftClientReply:client-029E50227556->355864cd-7ac5-4934-b366-9756b15dd90f@group-785BCF25C267, cid=1091, SUCCESS, logIndex=0, commits[355864cd-7ac5-4934-b366-9756b15dd90f:c1486, ce4aa411-63c8-4399-99eb-27ce352844f3:c1482, 3eeffb0a-787e-48ec-a2f5-d0c540a89489:c1482]
2019-08-21 15:29:40,628 | INFO  | DNAudit | user=null | ip=null | op=WRITE_CHUNK {blockData=conID: 1 locID: 102655680532971972 bcsId: 1484} | ret=SUCCESS |  
2019-08-21 15:29:40,631 | INFO  | DNAudit | user=null | ip=null | op=WRITE_CHUNK {blockData=conID: 1 locID: 102655680532971972 bcsId: 1484} | ret=SUCCESS |  
2019-08-21 15:29:40,631 | INFO  | DNAudit | user=null | ip=null | op=WRITE_CHUNK {blockData=conID: 1 locID: 102655680532971972 bcsId: 1484} | ret=SUCCESS |  
2019-08-21 15:29:40,641 | INFO  | DNAudit | user=null | ip=null | op=WRITE_CHUNK {blockData=conID: 1 locID: 102655680532971972 bcsId: 1484} | ret=SUCCESS |  
2019-08-21 15:29:40,642 | INFO  | DNAudit | user=null | ip=null | op=PUT_BLOCK {blockData=[blockId=conID: 1 locID: 102655680532971972 bcsId: 0,size=3145728]} | ret=SUCCESS |  
2019-08-21 15:29:40,642 [grpc-default-executor-2] INFO  client.GrpcClientProtocolClient (GrpcClientProtocolClient.java:onNext(255)) - client-029E50227556->355864cd-7ac5-4934-b366-9756b15dd90f: receive RaftClientReply:client-029E50227556->355864cd-7ac5-4934-b366-9756b15dd90f@group-785BCF25C267, cid=1092, SUCCESS, logIndex=1489, commits[355864cd-7ac5-4934-b366-9756b15dd90f:c1490, ce4aa411-63c8-4399-99eb-27ce352844f3:c1488, 3eeffb0a-787e-48ec-a2f5-d0c540a89489:c1488]
2019-08-21 15:29:40,643 [grpc-default-executor-2] INFO  client.GrpcClientProtocolClient (GrpcClientProtocolClient.java:onNext(255)) - client-029E50227556->355864cd-7ac5-4934-b366-9756b15dd90f: receive RaftClientReply:client-029E50227556->355864cd-7ac5-4934-b366-9756b15dd90f@group-785BCF25C267, cid=1093, SUCCESS, logIndex=1490, commits[355864cd-7ac5-4934-b366-9756b15dd90f:c1490, ce4aa411-63c8-4399-99eb-27ce352844f3:c1488, 3eeffb0a-787e-48ec-a2f5-d0c540a89489:c1488]
2019-08-21 15:29:40,651 | INFO  | DNAudit | user=null | ip=null | op=WRITE_CHUNK {blockData=conID: 1 locID: 102655680532971972 bcsId: 1490} | ret=SUCCESS |  
2019-08-21 15:29:40,654 | INFO  | DNAudit | user=null | ip=null | op=WRITE_CHUNK {blockData=conID: 1 locID: 102655680532971972 bcsId: 1484} | ret=SUCCESS |  
2019-08-21 15:29:40,654 | INFO  | DNAudit | user=null | ip=null | op=WRITE_CHUNK {blockData=conID: 1 locID: 102655680532971972 bcsId: 1484} | ret=SUCCESS |  
2019-08-21 15:29:40,654 | INFO  | DNAudit | user=null | ip=null | op=WRITE_CHUNK {blockData=conID: 1 locID: 102655680532971972 bcsId: 1490} | ret=SUCCESS |  
2019-08-21 15:29:40,654 | INFO  | DNAudit | user=null | ip=null | op=PUT_BLOCK {blockData=[blockId=conID: 1 locID: 102655680532971972 bcsId: 0,size=3145728]} | ret=SUCCESS |  
2019-08-21 15:29:40,654 | INFO  | DNAudit | user=null | ip=null | op=PUT_BLOCK {blockData=[blockId=conID: 1 locID: 102655680532971972 bcsId: 0,size=3145728]} | ret=SUCCESS |  
2019-08-21 15:29:40,654 | INFO  | DNAudit | user=null | ip=null | op=WRITE_CHUNK {blockData=conID: 1 locID: 102655680532971972 bcsId: 1490} | ret=SUCCESS |  
2019-08-21 15:29:40,655 | INFO  | DNAudit | user=null | ip=null | op=WRITE_CHUNK {blockData=conID: 1 locID: 102655680532971972 bcsId: 1490} | ret=SUCCESS |  
2019-08-21 15:29:40,656 | INFO  | DNAudit | user=null | ip=null | op=PUT_BLOCK {blockData=[blockId=conID: 1 locID: 102655680532971972 bcsId: 0,size=4194304]} | ret=SUCCESS |  
2019-08-21 15:29:40,656 [grpc-default-executor-3] INFO  client.GrpcClientProtocolClient (GrpcClientProtocolClient.java:onNext(255)) - client-029E50227556->355864cd-7ac5-4934-b366-9756b15dd90f: receive RaftClientReply:client-029E50227556->355864cd-7ac5-4934-b366-9756b15dd90f@group-785BCF25C267, cid=1094, SUCCESS, logIndex=1493, commits[355864cd-7ac5-4934-b366-9756b15dd90f:c1494, ce4aa411-63c8-4399-99eb-27ce352844f3:c1490, 3eeffb0a-787e-48ec-a2f5-d0c540a89489:c1490]
2019-08-21 15:29:40,657 [grpc-default-executor-3] INFO  client.GrpcClientProtocolClient (GrpcClientProtocolClient.java:onNext(255)) - client-029E50227556->355864cd-7ac5-4934-b366-9756b15dd90f: receive RaftClientReply:client-029E50227556->355864cd-7ac5-4934-b366-9756b15dd90f@group-785BCF25C267, cid=1095, SUCCESS, logIndex=1494, commits[355864cd-7ac5-4934-b366-9756b15dd90f:c1494, ce4aa411-63c8-4399-99eb-27ce352844f3:c1490, 3eeffb0a-787e-48ec-a2f5-d0c540a89489:c1490]
2019-08-21 15:29:40,657 | INFO  | DNAudit | user=null | ip=null | op=WRITE_CHUNK {blockData=conID: 1 locID: 102655680532971972 bcsId: 1490} | ret=SUCCESS |  
2019-08-21 15:29:40,657 | INFO  | DNAudit | user=null | ip=null | op=WRITE_CHUNK {blockData=conID: 1 locID: 102655680532971972 bcsId: 1490} | ret=SUCCESS |  
2019-08-21 15:29:40,657 | INFO  | DNAudit | user=null | ip=null | op=PUT_BLOCK {blockData=[blockId=conID: 1 locID: 102655680532971972 bcsId: 0,size=4194304]} | ret=SUCCESS |  
2019-08-21 15:29:40,657 | INFO  | DNAudit | user=null | ip=null | op=PUT_BLOCK {blockData=[blockId=conID: 1 locID: 102655680532971972 bcsId: 0,size=4194304]} | ret=SUCCESS |  
2019-08-21 15:29:40,658 [grpc-default-executor-4] INFO  client.GrpcClientProtocolClient (GrpcClientProtocolClient.java:onNext(255)) - client-029E50227556->355864cd-7ac5-4934-b366-9756b15dd90f: receive RaftClientReply:client-029E50227556->355864cd-7ac5-4934-b366-9756b15dd90f@group-785BCF25C267, cid=1096, SUCCESS, logIndex=0, commits[355864cd-7ac5-4934-b366-9756b15dd90f:c1496, ce4aa411-63c8-4399-99eb-27ce352844f3:c1494, 3eeffb0a-787e-48ec-a2f5-d0c540a89489:c1494]
2019-08-21 15:29:40,666 | INFO  | DNAudit | user=null | ip=null | op=WRITE_CHUNK {blockData=conID: 2 locID: 102655680532971973 bcsId: 0} | ret=SUCCESS |  
2019-08-21 15:29:40,669 | INFO  | DNAudit | user=null | ip=null | op=WRITE_CHUNK {blockData=conID: 2 locID: 102655680532971973 bcsId: 0} | ret=SUCCESS |  
2019-08-21 15:29:40,670 | INFO  | DNAudit | user=null | ip=null | op=WRITE_CHUNK {blockData=conID: 2 locID: 102655680532971973 bcsId: 0} | ret=SUCCESS |  
2019-08-21 15:29:40,670 | INFO  | DNAudit | user=null | ip=null | op=WRITE_CHUNK {blockData=conID: 2 locID: 102655680532971973 bcsId: 0} | ret=SUCCESS |  
2019-08-21 15:29:40,672 | INFO  | DNAudit | user=null | ip=null | op=WRITE_CHUNK {blockData=conID: 2 locID: 102655680532971973 bcsId: 0} | ret=SUCCESS |  
2019-08-21 15:29:40,672 | INFO  | DNAudit | user=null | ip=null | op=WRITE_CHUNK {blockData=conID: 2 locID: 102655680532971973 bcsId: 0} | ret=SUCCESS |  
2019-08-21 15:29:40,679 | INFO  | DNAudit | user=null | ip=null | op=WRITE_CHUNK {blockData=conID: 2 locID: 102655680532971973 bcsId: 0} | ret=SUCCESS |  
2019-08-21 15:29:40,679 | INFO  | DNAudit | user=null | ip=null | op=PUT_BLOCK {blockData=[blockId=conID: 2 locID: 102655680532971973 bcsId: 0,size=1048576]} | ret=SUCCESS |  
2019-08-21 15:29:40,680 [grpc-default-executor-2] INFO  client.GrpcClientProtocolClient (GrpcClientProtocolClient.java:onNext(255)) - client-029E50227556->355864cd-7ac5-4934-b366-9756b15dd90f: receive RaftClientReply:client-029E50227556->355864cd-7ac5-4934-b366-9756b15dd90f@group-785BCF25C267, cid=1097, SUCCESS, logIndex=1497, commits[355864cd-7ac5-4934-b366-9756b15dd90f:c1498, ce4aa411-63c8-4399-99eb-27ce352844f3:c1496, 3eeffb0a-787e-48ec-a2f5-d0c540a89489:c1496]
2019-08-21 15:29:40,680 | INFO  | DNAudit | user=null | ip=null | op=WRITE_CHUNK {blockData=conID: 2 locID: 102655680532971973 bcsId: 0} | ret=SUCCESS |  
2019-08-21 15:29:40,680 [grpc-default-executor-3] INFO  client.GrpcClientProtocolClient (GrpcClientProtocolClient.java:onNext(255)) - client-029E50227556->355864cd-7ac5-4934-b366-9756b15dd90f: receive RaftClientReply:client-029E50227556->355864cd-7ac5-4934-b366-9756b15dd90f@group-785BCF25C267, cid=1098, SUCCESS, logIndex=1498, commits[355864cd-7ac5-4934-b366-9756b15dd90f:c1499, ce4aa411-63c8-4399-99eb-27ce352844f3:c1496, 3eeffb0a-787e-48ec-a2f5-d0c540a89489:c1496]
2019-08-21 15:29:40,681 | INFO  | DNAudit | user=null | ip=null | op=WRITE_CHUNK {blockData=conID: 2 locID: 102655680532971973 bcsId: 0} | ret=SUCCESS |  
2019-08-21 15:29:40,681 | INFO  | DNAudit | user=null | ip=null | op=PUT_BLOCK {blockData=[blockId=conID: 2 locID: 102655680532971973 bcsId: 0,size=2097152]} | ret=SUCCESS |  
2019-08-21 15:29:40,681 | INFO  | DNAudit | user=null | ip=null | op=PUT_BLOCK {blockData=[blockId=conID: 2 locID: 102655680532971973 bcsId: 0,size=1048576]} | ret=SUCCESS |  
2019-08-21 15:29:40,681 [grpc-default-executor-4] INFO  client.GrpcClientProtocolClient (GrpcClientProtocolClient.java:onNext(255)) - client-029E50227556->355864cd-7ac5-4934-b366-9756b15dd90f: receive RaftClientReply:client-029E50227556->355864cd-7ac5-4934-b366-9756b15dd90f@group-785BCF25C267, cid=1099, SUCCESS, logIndex=1499, commits[355864cd-7ac5-4934-b366-9756b15dd90f:c1500, ce4aa411-63c8-4399-99eb-27ce352844f3:c1496, 3eeffb0a-787e-48ec-a2f5-d0c540a89489:c1496]
2019-08-21 15:29:40,681 | INFO  | DNAudit | user=null | ip=null | op=WRITE_CHUNK {blockData=conID: 2 locID: 102655680532971973 bcsId: 0} | ret=SUCCESS |  
2019-08-21 15:29:40,682 [grpc-default-executor-4] INFO  client.GrpcClientProtocolClient (GrpcClientProtocolClient.java:onNext(255)) - client-029E50227556->355864cd-7ac5-4934-b366-9756b15dd90f: receive RaftClientReply:client-029E50227556->355864cd-7ac5-4934-b366-9756b15dd90f@group-785BCF25C267, cid=1100, SUCCESS, logIndex=1500, commits[355864cd-7ac5-4934-b366-9756b15dd90f:c1502, ce4aa411-63c8-4399-99eb-27ce352844f3:c1496, 3eeffb0a-787e-48ec-a2f5-d0c540a89489:c1498]
2019-08-21 15:29:40,682 | INFO  | DNAudit | user=null | ip=null | op=PUT_BLOCK {blockData=[blockId=conID: 2 locID: 102655680532971973 bcsId: 0,size=1048576]} | ret=SUCCESS |  
2019-08-21 15:29:40,682 | INFO  | DNAudit | user=null | ip=null | op=WRITE_CHUNK {blockData=conID: 2 locID: 102655680532971973 bcsId: 0} | ret=SUCCESS |  
2019-08-21 15:29:40,682 | INFO  | DNAudit | user=null | ip=null | op=PUT_BLOCK {blockData=[blockId=conID: 2 locID: 102655680532971973 bcsId: 0,size=2097152]} | ret=SUCCESS |  
2019-08-21 15:29:40,683 | INFO  | DNAudit | user=null | ip=null | op=WRITE_CHUNK {blockData=conID: 2 locID: 102655680532971973 bcsId: 0} | ret=SUCCESS |  
2019-08-21 15:29:40,683 | INFO  | DNAudit | user=null | ip=null | op=PUT_BLOCK {blockData=[blockId=conID: 2 locID: 102655680532971973 bcsId: 0,size=2097152]} | ret=SUCCESS |  
2019-08-21 15:29:40,683 [grpc-default-executor-3] INFO  client.GrpcClientProtocolClient (GrpcClientProtocolClient.java:onNext(255)) - client-029E50227556->355864cd-7ac5-4934-b366-9756b15dd90f: receive RaftClientReply:client-029E50227556->355864cd-7ac5-4934-b366-9756b15dd90f@group-785BCF25C267, cid=1101, SUCCESS, logIndex=0, commits[355864cd-7ac5-4934-b366-9756b15dd90f:c1503, ce4aa411-63c8-4399-99eb-27ce352844f3:c1498, 3eeffb0a-787e-48ec-a2f5-d0c540a89489:c1500]
2019-08-21 15:29:40,690 | INFO  | DNAudit | user=null | ip=null | op=WRITE_CHUNK {blockData=conID: 2 locID: 102655680532971973 bcsId: 1500} | ret=SUCCESS |  
2019-08-21 15:29:40,692 | INFO  | DNAudit | user=null | ip=null | op=WRITE_CHUNK {blockData=conID: 2 locID: 102655680532971973 bcsId: 1500} | ret=SUCCESS |  
2019-08-21 15:29:40,693 | INFO  | DNAudit | user=null | ip=null | op=WRITE_CHUNK {blockData=conID: 2 locID: 102655680532971973 bcsId: 1500} | ret=SUCCESS |  
2019-08-21 15:29:40,703 | INFO  | DNAudit | user=null | ip=null | op=WRITE_CHUNK {blockData=conID: 2 locID: 102655680532971973 bcsId: 1500} | ret=SUCCESS |  
2019-08-21 15:29:40,704 | INFO  | DNAudit | user=null | ip=null | op=PUT_BLOCK {blockData=[blockId=conID: 2 locID: 102655680532971973 bcsId: 0,size=3145728]} | ret=SUCCESS |  
2019-08-21 15:29:40,704 [grpc-default-executor-3] INFO  client.GrpcClientProtocolClient (GrpcClientProtocolClient.java:onNext(255)) - client-029E50227556->355864cd-7ac5-4934-b366-9756b15dd90f: receive RaftClientReply:client-029E50227556->355864cd-7ac5-4934-b366-9756b15dd90f@group-785BCF25C267, cid=1102, SUCCESS, logIndex=1505, commits[355864cd-7ac5-4934-b366-9756b15dd90f:c1506, ce4aa411-63c8-4399-99eb-27ce352844f3:c1504, 3eeffb0a-787e-48ec-a2f5-d0c540a89489:c1504]
2019-08-21 15:29:40,704 [grpc-default-executor-3] INFO  client.GrpcClientProtocolClient (GrpcClientProtocolClient.java:onNext(255)) - client-029E50227556->355864cd-7ac5-4934-b366-9756b15dd90f: receive RaftClientReply:client-029E50227556->355864cd-7ac5-4934-b366-9756b15dd90f@group-785BCF25C267, cid=1103, SUCCESS, logIndex=1506, commits[355864cd-7ac5-4934-b366-9756b15dd90f:c1506, ce4aa411-63c8-4399-99eb-27ce352844f3:c1504, 3eeffb0a-787e-48ec-a2f5-d0c540a89489:c1504]
2019-08-21 15:29:40,712 | INFO  | DNAudit | user=null | ip=null | op=WRITE_CHUNK {blockData=conID: 2 locID: 102655680532971973 bcsId: 1506} | ret=SUCCESS |  
2019-08-21 15:29:40,713 | INFO  | DNAudit | user=null | ip=null | op=WRITE_CHUNK {blockData=conID: 2 locID: 102655680532971973 bcsId: 1500} | ret=SUCCESS |  
2019-08-21 15:29:40,713 | INFO  | DNAudit | user=null | ip=null | op=WRITE_CHUNK {blockData=conID: 2 locID: 102655680532971973 bcsId: 1500} | ret=SUCCESS |  
2019-08-21 15:29:40,714 | INFO  | DNAudit | user=null | ip=null | op=WRITE_CHUNK {blockData=conID: 2 locID: 102655680532971973 bcsId: 1506} | ret=SUCCESS |  
2019-08-21 15:29:40,714 | INFO  | DNAudit | user=null | ip=null | op=WRITE_CHUNK {blockData=conID: 2 locID: 102655680532971973 bcsId: 1506} | ret=SUCCESS |  
2019-08-21 15:29:40,724 | INFO  | DNAudit | user=null | ip=null | op=PUT_BLOCK {blockData=[blockId=conID: 2 locID: 102655680532971973 bcsId: 0,size=3145728]} | ret=SUCCESS |  
2019-08-21 15:29:40,724 | INFO  | DNAudit | user=null | ip=null | op=PUT_BLOCK {blockData=[blockId=conID: 2 locID: 102655680532971973 bcsId: 0,size=3145728]} | ret=SUCCESS |  
2019-08-21 15:29:40,724 | INFO  | DNAudit | user=null | ip=null | op=WRITE_CHUNK {blockData=conID: 2 locID: 102655680532971973 bcsId: 1506} | ret=SUCCESS |  
2019-08-21 15:29:40,725 | INFO  | DNAudit | user=null | ip=null | op=PUT_BLOCK {blockData=[blockId=conID: 2 locID: 102655680532971973 bcsId: 0,size=4194304]} | ret=SUCCESS |  
2019-08-21 15:29:40,725 [grpc-default-executor-4] INFO  client.GrpcClientProtocolClient (GrpcClientProtocolClient.java:onNext(255)) - client-029E50227556->355864cd-7ac5-4934-b366-9756b15dd90f: receive RaftClientReply:client-029E50227556->355864cd-7ac5-4934-b366-9756b15dd90f@group-785BCF25C267, cid=1104, SUCCESS, logIndex=1509, commits[355864cd-7ac5-4934-b366-9756b15dd90f:c1510, ce4aa411-63c8-4399-99eb-27ce352844f3:c1506, 3eeffb0a-787e-48ec-a2f5-d0c540a89489:c1506]
2019-08-21 15:29:40,725 [grpc-default-executor-4] INFO  client.GrpcClientProtocolClient (GrpcClientProtocolClient.java:onNext(255)) - client-029E50227556->355864cd-7ac5-4934-b366-9756b15dd90f: receive RaftClientReply:client-029E50227556->355864cd-7ac5-4934-b366-9756b15dd90f@group-785BCF25C267, cid=1105, SUCCESS, logIndex=1510, commits[355864cd-7ac5-4934-b366-9756b15dd90f:c1510, ce4aa411-63c8-4399-99eb-27ce352844f3:c1506, 3eeffb0a-787e-48ec-a2f5-d0c540a89489:c1506]
2019-08-21 15:29:40,726 | INFO  | DNAudit | user=null | ip=null | op=WRITE_CHUNK {blockData=conID: 2 locID: 102655680532971973 bcsId: 1506} | ret=SUCCESS |  
2019-08-21 15:29:40,726 | INFO  | DNAudit | user=null | ip=null | op=WRITE_CHUNK {blockData=conID: 2 locID: 102655680532971973 bcsId: 1506} | ret=SUCCESS |  
2019-08-21 15:29:40,728 | INFO  | DNAudit | user=null | ip=null | op=PUT_BLOCK {blockData=[blockId=conID: 2 locID: 102655680532971973 bcsId: 0,size=4194304]} | ret=SUCCESS |  
2019-08-21 15:29:40,729 | INFO  | DNAudit | user=null | ip=null | op=PUT_BLOCK {blockData=[blockId=conID: 2 locID: 102655680532971973 bcsId: 0,size=4194304]} | ret=SUCCESS |  
2019-08-21 15:29:40,729 [grpc-default-executor-2] INFO  client.GrpcClientProtocolClient (GrpcClientProtocolClient.java:onNext(255)) - client-029E50227556->355864cd-7ac5-4934-b366-9756b15dd90f: receive RaftClientReply:client-029E50227556->355864cd-7ac5-4934-b366-9756b15dd90f@group-785BCF25C267, cid=1106, SUCCESS, logIndex=0, commits[355864cd-7ac5-4934-b366-9756b15dd90f:c1512, ce4aa411-63c8-4399-99eb-27ce352844f3:c1510, 3eeffb0a-787e-48ec-a2f5-d0c540a89489:c1510]
2019-08-21 15:29:40,736 | INFO  | DNAudit | user=null | ip=null | op=WRITE_CHUNK {blockData=conID: 3 locID: 102655680532971974 bcsId: 0} | ret=SUCCESS |  
2019-08-21 15:29:40,739 | INFO  | DNAudit | user=null | ip=null | op=WRITE_CHUNK {blockData=conID: 3 locID: 102655680532971974 bcsId: 0} | ret=SUCCESS |  
2019-08-21 15:29:40,741 | INFO  | DNAudit | user=null | ip=null | op=WRITE_CHUNK {blockData=conID: 3 locID: 102655680532971974 bcsId: 0} | ret=SUCCESS |  
2019-08-21 15:29:40,741 | INFO  | DNAudit | user=null | ip=null | op=WRITE_CHUNK {blockData=conID: 3 locID: 102655680532971974 bcsId: 0} | ret=SUCCESS |  
2019-08-21 15:29:40,743 | INFO  | DNAudit | user=null | ip=null | op=WRITE_CHUNK {blockData=conID: 3 locID: 102655680532971974 bcsId: 0} | ret=SUCCESS |  
2019-08-21 15:29:40,743 | INFO  | DNAudit | user=null | ip=null | op=WRITE_CHUNK {blockData=conID: 3 locID: 102655680532971974 bcsId: 0} | ret=SUCCESS |  
2019-08-21 15:29:40,747 | INFO  | DNAudit | user=null | ip=null | op=WRITE_CHUNK {blockData=conID: 3 locID: 102655680532971974 bcsId: 0} | ret=SUCCESS |  
2019-08-21 15:29:40,748 | INFO  | DNAudit | user=null | ip=null | op=PUT_BLOCK {blockData=[blockId=conID: 3 locID: 102655680532971974 bcsId: 0,size=1048576]} | ret=SUCCESS |  
2019-08-21 15:29:40,748 [grpc-default-executor-2] INFO  client.GrpcClientProtocolClient (GrpcClientProtocolClient.java:onNext(255)) - client-029E50227556->355864cd-7ac5-4934-b366-9756b15dd90f: receive RaftClientReply:client-029E50227556->355864cd-7ac5-4934-b366-9756b15dd90f@group-785BCF25C267, cid=1107, SUCCESS, logIndex=1513, commits[355864cd-7ac5-4934-b366-9756b15dd90f:c1514, ce4aa411-63c8-4399-99eb-27ce352844f3:c1512, 3eeffb0a-787e-48ec-a2f5-d0c540a89489:c1512]
2019-08-21 15:29:40,748 | INFO  | DNAudit | user=null | ip=null | op=WRITE_CHUNK {blockData=conID: 3 locID: 102655680532971974 bcsId: 0} | ret=SUCCESS |  
2019-08-21 15:29:40,749 [grpc-default-executor-3] INFO  client.GrpcClientProtocolClient (GrpcClientProtocolClient.java:onNext(255)) - client-029E50227556->355864cd-7ac5-4934-b366-9756b15dd90f: receive RaftClientReply:client-029E50227556->355864cd-7ac5-4934-b366-9756b15dd90f@group-785BCF25C267, cid=1108, SUCCESS, logIndex=1514, commits[355864cd-7ac5-4934-b366-9756b15dd90f:c1514, ce4aa411-63c8-4399-99eb-27ce352844f3:c1512, 3eeffb0a-787e-48ec-a2f5-d0c540a89489:c1512]
2019-08-21 15:29:40,749 | INFO  | DNAudit | user=null | ip=null | op=PUT_BLOCK {blockData=[blockId=conID: 3 locID: 102655680532971974 bcsId: 0,size=2097152]} | ret=SUCCESS |  
2019-08-21 15:29:40,749 [grpc-default-executor-3] INFO  client.GrpcClientProtocolClient (GrpcClientProtocolClient.java:onNext(255)) - client-029E50227556->355864cd-7ac5-4934-b366-9756b15dd90f: receive RaftClientReply:client-029E50227556->355864cd-7ac5-4934-b366-9756b15dd90f@group-785BCF25C267, cid=1109, SUCCESS, logIndex=1515, commits[355864cd-7ac5-4934-b366-9756b15dd90f:c1516, ce4aa411-63c8-4399-99eb-27ce352844f3:c1512, 3eeffb0a-787e-48ec-a2f5-d0c540a89489:c1512]
2019-08-21 15:29:40,749 | INFO  | DNAudit | user=null | ip=null | op=WRITE_CHUNK {blockData=conID: 3 locID: 102655680532971974 bcsId: 0} | ret=SUCCESS |  
2019-08-21 15:29:40,750 | INFO  | DNAudit | user=null | ip=null | op=WRITE_CHUNK {blockData=conID: 3 locID: 102655680532971974 bcsId: 0} | ret=SUCCESS |  
2019-08-21 15:29:40,750 [grpc-default-executor-3] INFO  client.GrpcClientProtocolClient (GrpcClientProtocolClient.java:onNext(255)) - client-029E50227556->355864cd-7ac5-4934-b366-9756b15dd90f: receive RaftClientReply:client-029E50227556->355864cd-7ac5-4934-b366-9756b15dd90f@group-785BCF25C267, cid=1110, SUCCESS, logIndex=1516, commits[355864cd-7ac5-4934-b366-9756b15dd90f:c1516, ce4aa411-63c8-4399-99eb-27ce352844f3:c1512, 3eeffb0a-787e-48ec-a2f5-d0c540a89489:c1512]
2019-08-21 15:29:40,750 | INFO  | DNAudit | user=null | ip=null | op=PUT_BLOCK {blockData=[blockId=conID: 3 locID: 102655680532971974 bcsId: 0,size=1048576]} | ret=SUCCESS |  
2019-08-21 15:29:40,750 | INFO  | DNAudit | user=null | ip=null | op=PUT_BLOCK {blockData=[blockId=conID: 3 locID: 102655680532971974 bcsId: 0,size=1048576]} | ret=SUCCESS |  
2019-08-21 15:29:40,751 | INFO  | DNAudit | user=null | ip=null | op=WRITE_CHUNK {blockData=conID: 3 locID: 102655680532971974 bcsId: 0} | ret=SUCCESS |  
2019-08-21 15:29:40,751 [grpc-default-executor-2] INFO  client.GrpcClientProtocolClient (GrpcClientProtocolClient.java:onNext(255)) - client-029E50227556->355864cd-7ac5-4934-b366-9756b15dd90f: receive RaftClientReply:client-029E50227556->355864cd-7ac5-4934-b366-9756b15dd90f@group-785BCF25C267, cid=1111, SUCCESS, logIndex=0, commits[355864cd-7ac5-4934-b366-9756b15dd90f:c1518, ce4aa411-63c8-4399-99eb-27ce352844f3:c1514, 3eeffb0a-787e-48ec-a2f5-d0c540a89489:c1514]
2019-08-21 15:29:40,751 | INFO  | DNAudit | user=null | ip=null | op=PUT_BLOCK {blockData=[blockId=conID: 3 locID: 102655680532971974 bcsId: 0,size=2097152]} | ret=SUCCESS |  
2019-08-21 15:29:40,751 | INFO  | DNAudit | user=null | ip=null | op=WRITE_CHUNK {blockData=conID: 3 locID: 102655680532971974 bcsId: 0} | ret=SUCCESS |  
2019-08-21 15:29:40,752 | INFO  | DNAudit | user=null | ip=null | op=PUT_BLOCK {blockData=[blockId=conID: 3 locID: 102655680532971974 bcsId: 0,size=2097152]} | ret=SUCCESS |  
2019-08-21 15:29:40,757 | INFO  | DNAudit | user=null | ip=null | op=WRITE_CHUNK {blockData=conID: 3 locID: 102655680532971974 bcsId: 1516} | ret=SUCCESS |  
2019-08-21 15:29:40,759 | INFO  | DNAudit | user=null | ip=null | op=WRITE_CHUNK {blockData=conID: 3 locID: 102655680532971974 bcsId: 1516} | ret=SUCCESS |  
2019-08-21 15:29:40,759 | INFO  | DNAudit | user=null | ip=null | op=WRITE_CHUNK {blockData=conID: 3 locID: 102655680532971974 bcsId: 1516} | ret=SUCCESS |  
2019-08-21 15:29:40,767 | INFO  | DNAudit | user=null | ip=null | op=WRITE_CHUNK {blockData=conID: 3 locID: 102655680532971974 bcsId: 1516} | ret=SUCCESS |  
2019-08-21 15:29:40,768 | INFO  | DNAudit | user=null | ip=null | op=PUT_BLOCK {blockData=[blockId=conID: 3 locID: 102655680532971974 bcsId: 0,size=3145728]} | ret=SUCCESS |  
2019-08-21 15:29:40,768 [grpc-default-executor-3] INFO  client.GrpcClientProtocolClient (GrpcClientProtocolClient.java:onNext(255)) - client-029E50227556->355864cd-7ac5-4934-b366-9756b15dd90f: receive RaftClientReply:client-029E50227556->355864cd-7ac5-4934-b366-9756b15dd90f@group-785BCF25C267, cid=1112, SUCCESS, logIndex=1521, commits[355864cd-7ac5-4934-b366-9756b15dd90f:c1522, ce4aa411-63c8-4399-99eb-27ce352844f3:c1520, 3eeffb0a-787e-48ec-a2f5-d0c540a89489:c1520]
2019-08-21 15:29:40,768 [grpc-default-executor-3] INFO  client.GrpcClientProtocolClient (GrpcClientProtocolClient.java:onNext(255)) - client-029E50227556->355864cd-7ac5-4934-b366-9756b15dd90f: receive RaftClientReply:client-029E50227556->355864cd-7ac5-4934-b366-9756b15dd90f@group-785BCF25C267, cid=1113, SUCCESS, logIndex=1522, commits[355864cd-7ac5-4934-b366-9756b15dd90f:c1522, ce4aa411-63c8-4399-99eb-27ce352844f3:c1520, 3eeffb0a-787e-48ec-a2f5-d0c540a89489:c1520]
2019-08-21 15:29:40,770 | INFO  | DNAudit | user=null | ip=null | op=WRITE_CHUNK {blockData=conID: 3 locID: 102655680532971974 bcsId: 1516} | ret=SUCCESS |  
2019-08-21 15:29:40,770 | INFO  | DNAudit | user=null | ip=null | op=WRITE_CHUNK {blockData=conID: 3 locID: 102655680532971974 bcsId: 1516} | ret=SUCCESS |  
2019-08-21 15:29:40,772 | INFO  | DNAudit | user=null | ip=null | op=PUT_BLOCK {blockData=[blockId=conID: 3 locID: 102655680532971974 bcsId: 0,size=3145728]} | ret=SUCCESS |  
2019-08-21 15:29:40,772 | INFO  | DNAudit | user=null | ip=null | op=PUT_BLOCK {blockData=[blockId=conID: 3 locID: 102655680532971974 bcsId: 0,size=3145728]} | ret=SUCCESS |  
2019-08-21 15:29:40,775 | INFO  | DNAudit | user=null | ip=null | op=WRITE_CHUNK {blockData=conID: 3 locID: 102655680532971974 bcsId: 1522} | ret=SUCCESS |  
2019-08-21 15:29:40,777 | INFO  | DNAudit | user=null | ip=null | op=WRITE_CHUNK {blockData=conID: 3 locID: 102655680532971974 bcsId: 1522} | ret=SUCCESS |  
2019-08-21 15:29:40,777 | INFO  | DNAudit | user=null | ip=null | op=WRITE_CHUNK {blockData=conID: 3 locID: 102655680532971974 bcsId: 1522} | ret=SUCCESS |  
2019-08-21 15:29:40,793 | INFO  | DNAudit | user=null | ip=null | op=WRITE_CHUNK {blockData=conID: 3 locID: 102655680532971974 bcsId: 1522} | ret=SUCCESS |  
2019-08-21 15:29:40,793 | INFO  | DNAudit | user=null | ip=null | op=PUT_BLOCK {blockData=[blockId=conID: 3 locID: 102655680532971974 bcsId: 0,size=4194304]} | ret=SUCCESS |  
2019-08-21 15:29:40,793 [grpc-default-executor-4] INFO  client.GrpcClientProtocolClient (GrpcClientProtocolClient.java:onNext(255)) - client-029E50227556->355864cd-7ac5-4934-b366-9756b15dd90f: receive RaftClientReply:client-029E50227556->355864cd-7ac5-4934-b366-9756b15dd90f@group-785BCF25C267, cid=1114, SUCCESS, logIndex=1525, commits[355864cd-7ac5-4934-b366-9756b15dd90f:c1526, ce4aa411-63c8-4399-99eb-27ce352844f3:c1524, 3eeffb0a-787e-48ec-a2f5-d0c540a89489:c1524]
2019-08-21 15:29:40,794 [grpc-default-executor-4] INFO  client.GrpcClientProtocolClient (GrpcClientProtocolClient.java:onNext(255)) - client-029E50227556->355864cd-7ac5-4934-b366-9756b15dd90f: receive RaftClientReply:client-029E50227556->355864cd-7ac5-4934-b366-9756b15dd90f@group-785BCF25C267, cid=1115, SUCCESS, logIndex=1526, commits[355864cd-7ac5-4934-b366-9756b15dd90f:c1526, ce4aa411-63c8-4399-99eb-27ce352844f3:c1524, 3eeffb0a-787e-48ec-a2f5-d0c540a89489:c1524]
2019-08-21 15:29:40,805 | INFO  | DNAudit | user=null | ip=null | op=WRITE_CHUNK {blockData=conID: 3 locID: 102655680532971974 bcsId: 1522} | ret=SUCCESS |  
2019-08-21 15:29:40,805 | INFO  | DNAudit | user=null | ip=null | op=WRITE_CHUNK {blockData=conID: 3 locID: 102655680532971974 bcsId: 1522} | ret=SUCCESS |  
2019-08-21 15:29:40,806 | INFO  | DNAudit | user=null | ip=null | op=PUT_BLOCK {blockData=[blockId=conID: 3 locID: 102655680532971974 bcsId: 0,size=4194304]} | ret=SUCCESS |  
2019-08-21 15:29:40,806 | INFO  | DNAudit | user=null | ip=null | op=PUT_BLOCK {blockData=[blockId=conID: 3 locID: 102655680532971974 bcsId: 0,size=4194304]} | ret=SUCCESS |  
2019-08-21 15:29:40,806 [grpc-default-executor-4] INFO  client.GrpcClientProtocolClient (GrpcClientProtocolClient.java:onNext(255)) - client-029E50227556->355864cd-7ac5-4934-b366-9756b15dd90f: receive RaftClientReply:client-029E50227556->355864cd-7ac5-4934-b366-9756b15dd90f@group-785BCF25C267, cid=1116, SUCCESS, logIndex=0, commits[355864cd-7ac5-4934-b366-9756b15dd90f:c1528, ce4aa411-63c8-4399-99eb-27ce352844f3:c1526, 3eeffb0a-787e-48ec-a2f5-d0c540a89489:c1526]
2019-08-21 15:29:40,814 | INFO  | DNAudit | user=null | ip=null | op=WRITE_CHUNK {blockData=conID: 1 locID: 102655680532971975 bcsId: 0} | ret=SUCCESS |  
2019-08-21 15:29:40,814 | INFO  | DNAudit | user=null | ip=null | op=WRITE_CHUNK {blockData=conID: 1 locID: 102655680532971975 bcsId: 0} | ret=SUCCESS |  
2019-08-21 15:29:40,816 | INFO  | DNAudit | user=null | ip=null | op=WRITE_CHUNK {blockData=conID: 1 locID: 102655680532971975 bcsId: 0} | ret=SUCCESS |  
2019-08-21 15:29:40,816 | INFO  | DNAudit | user=null | ip=null | op=WRITE_CHUNK {blockData=conID: 1 locID: 102655680532971975 bcsId: 0} | ret=SUCCESS |  
2019-08-21 15:29:40,818 | INFO  | DNAudit | user=null | ip=null | op=WRITE_CHUNK {blockData=conID: 1 locID: 102655680532971975 bcsId: 0} | ret=SUCCESS |  
2019-08-21 15:29:40,819 | INFO  | DNAudit | user=null | ip=null | op=WRITE_CHUNK {blockData=conID: 1 locID: 102655680532971975 bcsId: 0} | ret=SUCCESS |  
2019-08-21 15:29:40,824 | INFO  | DNAudit | user=null | ip=null | op=WRITE_CHUNK {blockData=conID: 1 locID: 102655680532971975 bcsId: 0} | ret=SUCCESS |  
2019-08-21 15:29:40,825 | INFO  | DNAudit | user=null | ip=null | op=PUT_BLOCK {blockData=[blockId=conID: 1 locID: 102655680532971975 bcsId: 0,size=1048576]} | ret=SUCCESS |  
2019-08-21 15:29:40,825 [grpc-default-executor-4] INFO  client.GrpcClientProtocolClient (GrpcClientProtocolClient.java:onNext(255)) - client-029E50227556->355864cd-7ac5-4934-b366-9756b15dd90f: receive RaftClientReply:client-029E50227556->355864cd-7ac5-4934-b366-9756b15dd90f@group-785BCF25C267, cid=1117, SUCCESS, logIndex=1529, commits[355864cd-7ac5-4934-b366-9756b15dd90f:c1531, ce4aa411-63c8-4399-99eb-27ce352844f3:c1528, 3eeffb0a-787e-48ec-a2f5-d0c540a89489:c1528]
2019-08-21 15:29:40,825 | INFO  | DNAudit | user=null | ip=null | op=WRITE_CHUNK {blockData=conID: 1 locID: 102655680532971975 bcsId: 0} | ret=SUCCESS |  
2019-08-21 15:29:40,826 [grpc-default-executor-4] INFO  client.GrpcClientProtocolClient (GrpcClientProtocolClient.java:onNext(255)) - client-029E50227556->355864cd-7ac5-4934-b366-9756b15dd90f: receive RaftClientReply:client-029E50227556->355864cd-7ac5-4934-b366-9756b15dd90f@group-785BCF25C267, cid=1118, SUCCESS, logIndex=1530, commits[355864cd-7ac5-4934-b366-9756b15dd90f:c1532, ce4aa411-63c8-4399-99eb-27ce352844f3:c1528, 3eeffb0a-787e-48ec-a2f5-d0c540a89489:c1528]
2019-08-21 15:29:40,826 | INFO  | DNAudit | user=null | ip=null | op=PUT_BLOCK {blockData=[blockId=conID: 1 locID: 102655680532971975 bcsId: 0,size=2097152]} | ret=SUCCESS |  
2019-08-21 15:29:40,826 [grpc-default-executor-3] INFO  client.GrpcClientProtocolClient (GrpcClientProtocolClient.java:onNext(255)) - client-029E50227556->355864cd-7ac5-4934-b366-9756b15dd90f: receive RaftClientReply:client-029E50227556->355864cd-7ac5-4934-b366-9756b15dd90f@group-785BCF25C267, cid=1119, SUCCESS, logIndex=1531, commits[355864cd-7ac5-4934-b366-9756b15dd90f:c1532, ce4aa411-63c8-4399-99eb-27ce352844f3:c1528, 3eeffb0a-787e-48ec-a2f5-d0c540a89489:c1528]
2019-08-21 15:29:40,826 [grpc-default-executor-3] INFO  client.GrpcClientProtocolClient (GrpcClientProtocolClient.java:onNext(255)) - client-029E50227556->355864cd-7ac5-4934-b366-9756b15dd90f: receive RaftClientReply:client-029E50227556->355864cd-7ac5-4934-b366-9756b15dd90f@group-785BCF25C267, cid=1120, SUCCESS, logIndex=1532, commits[355864cd-7ac5-4934-b366-9756b15dd90f:c1532, ce4aa411-63c8-4399-99eb-27ce352844f3:c1528, 3eeffb0a-787e-48ec-a2f5-d0c540a89489:c1528]
2019-08-21 15:29:40,835 | INFO  | DNAudit | user=null | ip=null | op=WRITE_CHUNK {blockData=conID: 1 locID: 102655680532971975 bcsId: 0} | ret=SUCCESS |  
2019-08-21 15:29:40,835 | INFO  | DNAudit | user=null | ip=null | op=WRITE_CHUNK {blockData=conID: 1 locID: 102655680532971975 bcsId: 0} | ret=SUCCESS |  
2019-08-21 15:29:40,835 | INFO  | DNAudit | user=null | ip=null | op=PUT_BLOCK {blockData=[blockId=conID: 1 locID: 102655680532971975 bcsId: 0,size=1048576]} | ret=SUCCESS |  
2019-08-21 15:29:40,835 | INFO  | DNAudit | user=null | ip=null | op=PUT_BLOCK {blockData=[blockId=conID: 1 locID: 102655680532971975 bcsId: 0,size=1048576]} | ret=SUCCESS |  
2019-08-21 15:29:40,836 [grpc-default-executor-3] INFO  client.GrpcClientProtocolClient (GrpcClientProtocolClient.java:onNext(255)) - client-029E50227556->355864cd-7ac5-4934-b366-9756b15dd90f: receive RaftClientReply:client-029E50227556->355864cd-7ac5-4934-b366-9756b15dd90f@group-785BCF25C267, cid=1121, SUCCESS, logIndex=0, commits[355864cd-7ac5-4934-b366-9756b15dd90f:c1533, ce4aa411-63c8-4399-99eb-27ce352844f3:c1530, 3eeffb0a-787e-48ec-a2f5-d0c540a89489:c1530]
2019-08-21 15:29:40,837 | INFO  | DNAudit | user=null | ip=null | op=WRITE_CHUNK {blockData=conID: 1 locID: 102655680532971975 bcsId: 0} | ret=SUCCESS |  
2019-08-21 15:29:40,837 | INFO  | DNAudit | user=null | ip=null | op=PUT_BLOCK {blockData=[blockId=conID: 1 locID: 102655680532971975 bcsId: 0,size=2097152]} | ret=SUCCESS |  
2019-08-21 15:29:40,837 | INFO  | DNAudit | user=null | ip=null | op=WRITE_CHUNK {blockData=conID: 1 locID: 102655680532971975 bcsId: 0} | ret=SUCCESS |  
2019-08-21 15:29:40,837 | INFO  | DNAudit | user=null | ip=null | op=PUT_BLOCK {blockData=[blockId=conID: 1 locID: 102655680532971975 bcsId: 0,size=2097152]} | ret=SUCCESS |  
2019-08-21 15:29:40,844 | INFO  | DNAudit | user=null | ip=null | op=WRITE_CHUNK {blockData=conID: 1 locID: 102655680532971975 bcsId: 1532} | ret=SUCCESS |  
2019-08-21 15:29:40,846 | INFO  | DNAudit | user=null | ip=null | op=WRITE_CHUNK {blockData=conID: 1 locID: 102655680532971975 bcsId: 1532} | ret=SUCCESS |  
2019-08-21 15:29:40,847 | INFO  | DNAudit | user=null | ip=null | op=WRITE_CHUNK {blockData=conID: 1 locID: 102655680532971975 bcsId: 1532} | ret=SUCCESS |  
2019-08-21 15:29:40,856 | INFO  | DNAudit | user=null | ip=null | op=WRITE_CHUNK {blockData=conID: 1 locID: 102655680532971975 bcsId: 1532} | ret=SUCCESS |  
2019-08-21 15:29:40,857 | INFO  | DNAudit | user=null | ip=null | op=PUT_BLOCK {blockData=[blockId=conID: 1 locID: 102655680532971975 bcsId: 0,size=3145728]} | ret=SUCCESS |  
2019-08-21 15:29:40,857 [grpc-default-executor-2] INFO  client.GrpcClientProtocolClient (GrpcClientProtocolClient.java:onNext(255)) - client-029E50227556->355864cd-7ac5-4934-b366-9756b15dd90f: receive RaftClientReply:client-029E50227556->355864cd-7ac5-4934-b366-9756b15dd90f@group-785BCF25C267, cid=1122, SUCCESS, logIndex=1537, commits[355864cd-7ac5-4934-b366-9756b15dd90f:c1538, ce4aa411-63c8-4399-99eb-27ce352844f3:c1536, 3eeffb0a-787e-48ec-a2f5-d0c540a89489:c1536]
2019-08-21 15:29:40,857 [grpc-default-executor-2] INFO  client.GrpcClientProtocolClient (GrpcClientProtocolClient.java:onNext(255)) - client-029E50227556->355864cd-7ac5-4934-b366-9756b15dd90f: receive RaftClientReply:client-029E50227556->355864cd-7ac5-4934-b366-9756b15dd90f@group-785BCF25C267, cid=1123, SUCCESS, logIndex=1538, commits[355864cd-7ac5-4934-b366-9756b15dd90f:c1538, ce4aa411-63c8-4399-99eb-27ce352844f3:c1536, 3eeffb0a-787e-48ec-a2f5-d0c540a89489:c1536]
2019-08-21 15:29:40,865 | INFO  | DNAudit | user=null | ip=null | op=WRITE_CHUNK {blockData=conID: 1 locID: 102655680532971975 bcsId: 1538} | ret=SUCCESS |  
2019-08-21 15:29:40,866 | INFO  | DNAudit | user=null | ip=null | op=WRITE_CHUNK {blockData=conID: 1 locID: 102655680532971975 bcsId: 1538} | ret=SUCCESS |  
2019-08-21 15:29:40,867 | INFO  | DNAudit | user=null | ip=null | op=WRITE_CHUNK {blockData=conID: 1 locID: 102655680532971975 bcsId: 1538} | ret=SUCCESS |  
2019-08-21 15:29:40,868 | INFO  | DNAudit | user=null | ip=null | op=WRITE_CHUNK {blockData=conID: 1 locID: 102655680532971975 bcsId: 1532} | ret=SUCCESS |  
2019-08-21 15:29:40,868 | INFO  | DNAudit | user=null | ip=null | op=WRITE_CHUNK {blockData=conID: 1 locID: 102655680532971975 bcsId: 1532} | ret=SUCCESS |  
2019-08-21 15:29:40,869 | INFO  | DNAudit | user=null | ip=null | op=PUT_BLOCK {blockData=[blockId=conID: 1 locID: 102655680532971975 bcsId: 0,size=3145728]} | ret=SUCCESS |  
2019-08-21 15:29:40,869 | INFO  | DNAudit | user=null | ip=null | op=PUT_BLOCK {blockData=[blockId=conID: 1 locID: 102655680532971975 bcsId: 0,size=3145728]} | ret=SUCCESS |  
2019-08-21 15:29:40,870 | INFO  | DNAudit | user=null | ip=null | op=WRITE_CHUNK {blockData=conID: 1 locID: 102655680532971975 bcsId: 1538} | ret=SUCCESS |  
2019-08-21 15:29:40,870 | INFO  | DNAudit | user=null | ip=null | op=PUT_BLOCK {blockData=[blockId=conID: 1 locID: 102655680532971975 bcsId: 0,size=4194304]} | ret=SUCCESS |  
2019-08-21 15:29:40,870 [grpc-default-executor-3] INFO  client.GrpcClientProtocolClient (GrpcClientProtocolClient.java:onNext(255)) - client-029E50227556->355864cd-7ac5-4934-b366-9756b15dd90f: receive RaftClientReply:client-029E50227556->355864cd-7ac5-4934-b366-9756b15dd90f@group-785BCF25C267, cid=1124, SUCCESS, logIndex=1541, commits[355864cd-7ac5-4934-b366-9756b15dd90f:c1542, ce4aa411-63c8-4399-99eb-27ce352844f3:c1538, 3eeffb0a-787e-48ec-a2f5-d0c540a89489:c1538]
2019-08-21 15:29:40,871 [grpc-default-executor-3] INFO  client.GrpcClientProtocolClient (GrpcClientProtocolClient.java:onNext(255)) - client-029E50227556->355864cd-7ac5-4934-b366-9756b15dd90f: receive RaftClientReply:client-029E50227556->355864cd-7ac5-4934-b366-9756b15dd90f@group-785BCF25C267, cid=1125, SUCCESS, logIndex=1542, commits[355864cd-7ac5-4934-b366-9756b15dd90f:c1542, ce4aa411-63c8-4399-99eb-27ce352844f3:c1538, 3eeffb0a-787e-48ec-a2f5-d0c540a89489:c1538]
2019-08-21 15:29:40,881 | INFO  | DNAudit | user=null | ip=null | op=WRITE_CHUNK {blockData=conID: 1 locID: 102655680532971975 bcsId: 1538} | ret=SUCCESS |  
2019-08-21 15:29:40,881 | INFO  | DNAudit | user=null | ip=null | op=WRITE_CHUNK {blockData=conID: 1 locID: 102655680532971975 bcsId: 1538} | ret=SUCCESS |  
2019-08-21 15:29:40,882 | INFO  | DNAudit | user=null | ip=null | op=PUT_BLOCK {blockData=[blockId=conID: 1 locID: 102655680532971975 bcsId: 0,size=4194304]} | ret=SUCCESS |  
2019-08-21 15:29:40,882 | INFO  | DNAudit | user=null | ip=null | op=PUT_BLOCK {blockData=[blockId=conID: 1 locID: 102655680532971975 bcsId: 0,size=4194304]} | ret=SUCCESS |  
2019-08-21 15:29:40,883 [grpc-default-executor-4] INFO  client.GrpcClientProtocolClient (GrpcClientProtocolClient.java:onNext(255)) - client-029E50227556->355864cd-7ac5-4934-b366-9756b15dd90f: receive RaftClientReply:client-029E50227556->355864cd-7ac5-4934-b366-9756b15dd90f@group-785BCF25C267, cid=1126, SUCCESS, logIndex=0, commits[355864cd-7ac5-4934-b366-9756b15dd90f:c1544, ce4aa411-63c8-4399-99eb-27ce352844f3:c1542, 3eeffb0a-787e-48ec-a2f5-d0c540a89489:c1542]
2019-08-21 15:29:41,004 | INFO  | DNAudit | user=null | ip=null | op=WRITE_CHUNK {blockData=conID: 2 locID: 102655680532971976 bcsId: 0} | ret=SUCCESS |  
2019-08-21 15:29:41,008 | INFO  | DNAudit | user=null | ip=null | op=WRITE_CHUNK {blockData=conID: 2 locID: 102655680532971976 bcsId: 0} | ret=SUCCESS |  
2019-08-21 15:29:41,008 | INFO  | DNAudit | user=null | ip=null | op=WRITE_CHUNK {blockData=conID: 2 locID: 102655680532971976 bcsId: 0} | ret=SUCCESS |  
2019-08-21 15:29:41,009 | INFO  | DNAudit | user=null | ip=null | op=WRITE_CHUNK {blockData=conID: 2 locID: 102655680532971976 bcsId: 0} | ret=SUCCESS |  
2019-08-21 15:29:41,013 | INFO  | DNAudit | user=null | ip=null | op=WRITE_CHUNK {blockData=conID: 2 locID: 102655680532971976 bcsId: 0} | ret=SUCCESS |  
2019-08-21 15:29:41,013 | INFO  | DNAudit | user=null | ip=null | op=WRITE_CHUNK {blockData=conID: 2 locID: 102655680532971976 bcsId: 0} | ret=SUCCESS |  
2019-08-21 15:29:41,017 | INFO  | DNAudit | user=null | ip=null | op=WRITE_CHUNK {blockData=conID: 2 locID: 102655680532971976 bcsId: 0} | ret=SUCCESS |  
2019-08-21 15:29:41,018 | INFO  | DNAudit | user=null | ip=null | op=PUT_BLOCK {blockData=[blockId=conID: 2 locID: 102655680532971976 bcsId: 0,size=1048576]} | ret=SUCCESS |  
2019-08-21 15:29:41,019 | INFO  | DNAudit | user=null | ip=null | op=WRITE_CHUNK {blockData=conID: 2 locID: 102655680532971976 bcsId: 0} | ret=SUCCESS |  
2019-08-21 15:29:41,019 [grpc-default-executor-4] INFO  client.GrpcClientProtocolClient (GrpcClientProtocolClient.java:onNext(255)) - client-029E50227556->355864cd-7ac5-4934-b366-9756b15dd90f: receive RaftClientReply:client-029E50227556->355864cd-7ac5-4934-b366-9756b15dd90f@group-785BCF25C267, cid=1127, SUCCESS, logIndex=1545, commits[355864cd-7ac5-4934-b366-9756b15dd90f:c1546, ce4aa411-63c8-4399-99eb-27ce352844f3:c1544, 3eeffb0a-787e-48ec-a2f5-d0c540a89489:c1544]
2019-08-21 15:29:41,020 [grpc-default-executor-4] INFO  client.GrpcClientProtocolClient (GrpcClientProtocolClient.java:onNext(255)) - client-029E50227556->355864cd-7ac5-4934-b366-9756b15dd90f: receive RaftClientReply:client-029E50227556->355864cd-7ac5-4934-b366-9756b15dd90f@group-785BCF25C267, cid=1128, SUCCESS, logIndex=1546, commits[355864cd-7ac5-4934-b366-9756b15dd90f:c1546, ce4aa411-63c8-4399-99eb-27ce352844f3:c1544, 3eeffb0a-787e-48ec-a2f5-d0c540a89489:c1544]
2019-08-21 15:29:41,020 | INFO  | DNAudit | user=null | ip=null | op=WRITE_CHUNK {blockData=conID: 2 locID: 102655680532971976 bcsId: 0} | ret=SUCCESS |  
2019-08-21 15:29:41,020 | INFO  | DNAudit | user=null | ip=null | op=PUT_BLOCK {blockData=[blockId=conID: 2 locID: 102655680532971976 bcsId: 0,size=2097152]} | ret=SUCCESS |  
2019-08-21 15:29:41,020 | INFO  | DNAudit | user=null | ip=null | op=PUT_BLOCK {blockData=[blockId=conID: 2 locID: 102655680532971976 bcsId: 0,size=1048576]} | ret=SUCCESS |  
2019-08-21 15:29:41,020 [grpc-default-executor-4] INFO  client.GrpcClientProtocolClient (GrpcClientProtocolClient.java:onNext(255)) - client-029E50227556->355864cd-7ac5-4934-b366-9756b15dd90f: receive RaftClientReply:client-029E50227556->355864cd-7ac5-4934-b366-9756b15dd90f@group-785BCF25C267, cid=1129, SUCCESS, logIndex=1547, commits[355864cd-7ac5-4934-b366-9756b15dd90f:c1548, ce4aa411-63c8-4399-99eb-27ce352844f3:c1544, 3eeffb0a-787e-48ec-a2f5-d0c540a89489:c1544]
2019-08-21 15:29:41,021 | INFO  | DNAudit | user=null | ip=null | op=WRITE_CHUNK {blockData=conID: 2 locID: 102655680532971976 bcsId: 0} | ret=SUCCESS |  
2019-08-21 15:29:41,021 [grpc-default-executor-4] INFO  client.GrpcClientProtocolClient (GrpcClientProtocolClient.java:onNext(255)) - client-029E50227556->355864cd-7ac5-4934-b366-9756b15dd90f: receive RaftClientReply:client-029E50227556->355864cd-7ac5-4934-b366-9756b15dd90f@group-785BCF25C267, cid=1130, SUCCESS, logIndex=1548, commits[355864cd-7ac5-4934-b366-9756b15dd90f:c1550, ce4aa411-63c8-4399-99eb-27ce352844f3:c1544, 3eeffb0a-787e-48ec-a2f5-d0c540a89489:c1546]
2019-08-21 15:29:41,021 | INFO  | DNAudit | user=null | ip=null | op=WRITE_CHUNK {blockData=conID: 2 locID: 102655680532971976 bcsId: 0} | ret=SUCCESS |  
2019-08-21 15:29:41,021 | INFO  | DNAudit | user=null | ip=null | op=PUT_BLOCK {blockData=[blockId=conID: 2 locID: 102655680532971976 bcsId: 0,size=2097152]} | ret=SUCCESS |  
2019-08-21 15:29:41,021 | INFO  | DNAudit | user=null | ip=null | op=PUT_BLOCK {blockData=[blockId=conID: 2 locID: 102655680532971976 bcsId: 0,size=1048576]} | ret=SUCCESS |  
2019-08-21 15:29:41,022 | INFO  | DNAudit | user=null | ip=null | op=WRITE_CHUNK {blockData=conID: 2 locID: 102655680532971976 bcsId: 0} | ret=SUCCESS |  
2019-08-21 15:29:41,022 | INFO  | DNAudit | user=null | ip=null | op=PUT_BLOCK {blockData=[blockId=conID: 2 locID: 102655680532971976 bcsId: 0,size=2097152]} | ret=SUCCESS |  
2019-08-21 15:29:41,022 [grpc-default-executor-0] INFO  client.GrpcClientProtocolClient (GrpcClientProtocolClient.java:onNext(255)) - client-029E50227556->355864cd-7ac5-4934-b366-9756b15dd90f: receive RaftClientReply:client-029E50227556->355864cd-7ac5-4934-b366-9756b15dd90f@group-785BCF25C267, cid=1131, SUCCESS, logIndex=0, commits[355864cd-7ac5-4934-b366-9756b15dd90f:c1552, ce4aa411-63c8-4399-99eb-27ce352844f3:c1547, 3eeffb0a-787e-48ec-a2f5-d0c540a89489:c1548]
2019-08-21 15:29:41,032 | INFO  | DNAudit | user=null | ip=null | op=WRITE_CHUNK {blockData=conID: 2 locID: 102655680532971976 bcsId: 1548} | ret=SUCCESS |  
2019-08-21 15:29:41,036 | INFO  | DNAudit | user=null | ip=null | op=WRITE_CHUNK {blockData=conID: 2 locID: 102655680532971976 bcsId: 1548} | ret=SUCCESS |  
2019-08-21 15:29:41,036 | INFO  | DNAudit | user=null | ip=null | op=WRITE_CHUNK {blockData=conID: 2 locID: 102655680532971976 bcsId: 1548} | ret=SUCCESS |  
2019-08-21 15:29:41,045 | INFO  | SCMAudit | user=jenkins1000 | ip=192.168.5.153 | op=SEND_HEARTBEAT {datanodeUUID=a0074e04-2715-4b16-a2b0-10b5043d27ae, command=[]} | ret=SUCCESS |  
2019-08-21 15:29:41,045 | INFO  | SCMAudit | user=jenkins1000 | ip=192.168.5.153 | op=SEND_HEARTBEAT {datanodeUUID=a38cd7e0-d792-481c-a4c0-f4feaa89ec8f, command=[]} | ret=SUCCESS |  
2019-08-21 15:29:41,055 | INFO  | DNAudit | user=null | ip=null | op=WRITE_CHUNK {blockData=conID: 2 locID: 102655680532971976 bcsId: 1548} | ret=SUCCESS |  
2019-08-21 15:29:41,055 | INFO  | DNAudit | user=null | ip=null | op=PUT_BLOCK {blockData=[blockId=conID: 2 locID: 102655680532971976 bcsId: 0,size=3145728]} | ret=SUCCESS |  
2019-08-21 15:29:41,056 [grpc-default-executor-4] INFO  client.GrpcClientProtocolClient (GrpcClientProtocolClient.java:onNext(255)) - client-029E50227556->355864cd-7ac5-4934-b366-9756b15dd90f: receive RaftClientReply:client-029E50227556->355864cd-7ac5-4934-b366-9756b15dd90f@group-785BCF25C267, cid=1132, SUCCESS, logIndex=1553, commits[355864cd-7ac5-4934-b366-9756b15dd90f:c1554, ce4aa411-63c8-4399-99eb-27ce352844f3:c1552, 3eeffb0a-787e-48ec-a2f5-d0c540a89489:c1552]
2019-08-21 15:29:41,056 [grpc-default-executor-4] INFO  client.GrpcClientProtocolClient (GrpcClientProtocolClient.java:onNext(255)) - client-029E50227556->355864cd-7ac5-4934-b366-9756b15dd90f: receive RaftClientReply:client-029E50227556->355864cd-7ac5-4934-b366-9756b15dd90f@group-785BCF25C267, cid=1133, SUCCESS, logIndex=1554, commits[355864cd-7ac5-4934-b366-9756b15dd90f:c1554, ce4aa411-63c8-4399-99eb-27ce352844f3:c1552, 3eeffb0a-787e-48ec-a2f5-d0c540a89489:c1552]
2019-08-21 15:29:41,065 | INFO  | DNAudit | user=null | ip=null | op=WRITE_CHUNK {blockData=conID: 2 locID: 102655680532971976 bcsId: 1554} | ret=SUCCESS |  
2019-08-21 15:29:41,067 | INFO  | DNAudit | user=null | ip=null | op=WRITE_CHUNK {blockData=conID: 2 locID: 102655680532971976 bcsId: 1548} | ret=SUCCESS |  
2019-08-21 15:29:41,067 | INFO  | DNAudit | user=null | ip=null | op=WRITE_CHUNK {blockData=conID: 2 locID: 102655680532971976 bcsId: 1548} | ret=SUCCESS |  
2019-08-21 15:29:41,068 | INFO  | DNAudit | user=null | ip=null | op=WRITE_CHUNK {blockData=conID: 2 locID: 102655680532971976 bcsId: 1554} | ret=SUCCESS |  
2019-08-21 15:29:41,068 | INFO  | DNAudit | user=null | ip=null | op=PUT_BLOCK {blockData=[blockId=conID: 2 locID: 102655680532971976 bcsId: 0,size=3145728]} | ret=SUCCESS |  
2019-08-21 15:29:41,068 | INFO  | DNAudit | user=null | ip=null | op=WRITE_CHUNK {blockData=conID: 2 locID: 102655680532971976 bcsId: 1554} | ret=SUCCESS |  
2019-08-21 15:29:41,079 | INFO  | DNAudit | user=null | ip=null | op=PUT_BLOCK {blockData=[blockId=conID: 2 locID: 102655680532971976 bcsId: 0,size=3145728]} | ret=SUCCESS |  
2019-08-21 15:29:41,080 | INFO  | DNAudit | user=null | ip=null | op=WRITE_CHUNK {blockData=conID: 2 locID: 102655680532971976 bcsId: 1554} | ret=SUCCESS |  
2019-08-21 15:29:41,080 | INFO  | DNAudit | user=null | ip=null | op=PUT_BLOCK {blockData=[blockId=conID: 2 locID: 102655680532971976 bcsId: 0,size=4194304]} | ret=SUCCESS |  
2019-08-21 15:29:41,081 [grpc-default-executor-2] INFO  client.GrpcClientProtocolClient (GrpcClientProtocolClient.java:onNext(255)) - client-029E50227556->355864cd-7ac5-4934-b366-9756b15dd90f: receive RaftClientReply:client-029E50227556->355864cd-7ac5-4934-b366-9756b15dd90f@group-785BCF25C267, cid=1134, SUCCESS, logIndex=1557, commits[355864cd-7ac5-4934-b366-9756b15dd90f:c1558, ce4aa411-63c8-4399-99eb-27ce352844f3:c1554, 3eeffb0a-787e-48ec-a2f5-d0c540a89489:c1554]
2019-08-21 15:29:41,081 [grpc-default-executor-2] INFO  client.GrpcClientProtocolClient (GrpcClientProtocolClient.java:onNext(255)) - client-029E50227556->355864cd-7ac5-4934-b366-9756b15dd90f: receive RaftClientReply:client-029E50227556->355864cd-7ac5-4934-b366-9756b15dd90f@group-785BCF25C267, cid=1135, SUCCESS, logIndex=1558, commits[355864cd-7ac5-4934-b366-9756b15dd90f:c1558, ce4aa411-63c8-4399-99eb-27ce352844f3:c1554, 3eeffb0a-787e-48ec-a2f5-d0c540a89489:c1554]
2019-08-21 15:29:41,091 | INFO  | DNAudit | user=null | ip=null | op=WRITE_CHUNK {blockData=conID: 2 locID: 102655680532971976 bcsId: 1554} | ret=SUCCESS |  
2019-08-21 15:29:41,091 | INFO  | DNAudit | user=null | ip=null | op=WRITE_CHUNK {blockData=conID: 2 locID: 102655680532971976 bcsId: 1554} | ret=SUCCESS |  
2019-08-21 15:29:41,091 | INFO  | DNAudit | user=null | ip=null | op=PUT_BLOCK {blockData=[blockId=conID: 2 locID: 102655680532971976 bcsId: 0,size=4194304]} | ret=SUCCESS |  
2019-08-21 15:29:41,092 | INFO  | DNAudit | user=null | ip=null | op=PUT_BLOCK {blockData=[blockId=conID: 2 locID: 102655680532971976 bcsId: 0,size=4194304]} | ret=SUCCESS |  
2019-08-21 15:29:41,092 [grpc-default-executor-2] INFO  client.GrpcClientProtocolClient (GrpcClientProtocolClient.java:onNext(255)) - client-029E50227556->355864cd-7ac5-4934-b366-9756b15dd90f: receive RaftClientReply:client-029E50227556->355864cd-7ac5-4934-b366-9756b15dd90f@group-785BCF25C267, cid=1136, SUCCESS, logIndex=0, commits[355864cd-7ac5-4934-b366-9756b15dd90f:c1559, ce4aa411-63c8-4399-99eb-27ce352844f3:c1558, 3eeffb0a-787e-48ec-a2f5-d0c540a89489:c1558]
2019-08-21 15:29:41,101 | INFO  | DNAudit | user=null | ip=null | op=WRITE_CHUNK {blockData=conID: 3 locID: 102655680532971977 bcsId: 0} | ret=SUCCESS |  
2019-08-21 15:29:41,103 | INFO  | DNAudit | user=null | ip=null | op=WRITE_CHUNK {blockData=conID: 3 locID: 102655680532971977 bcsId: 0} | ret=SUCCESS |  
2019-08-21 15:29:41,105 | INFO  | DNAudit | user=null | ip=null | op=WRITE_CHUNK {blockData=conID: 3 locID: 102655680532971977 bcsId: 0} | ret=SUCCESS |  
2019-08-21 15:29:41,105 | INFO  | DNAudit | user=null | ip=null | op=WRITE_CHUNK {blockData=conID: 3 locID: 102655680532971977 bcsId: 0} | ret=SUCCESS |  
2019-08-21 15:29:41,107 | INFO  | DNAudit | user=null | ip=null | op=WRITE_CHUNK {blockData=conID: 3 locID: 102655680532971977 bcsId: 0} | ret=SUCCESS |  
2019-08-21 15:29:41,108 | INFO  | DNAudit | user=null | ip=null | op=WRITE_CHUNK {blockData=conID: 3 locID: 102655680532971977 bcsId: 0} | ret=SUCCESS |  
2019-08-21 15:29:41,113 | INFO  | DNAudit | user=null | ip=null | op=WRITE_CHUNK {blockData=conID: 3 locID: 102655680532971977 bcsId: 0} | ret=SUCCESS |  
2019-08-21 15:29:41,114 | INFO  | DNAudit | user=null | ip=null | op=PUT_BLOCK {blockData=[blockId=conID: 3 locID: 102655680532971977 bcsId: 0,size=1048576]} | ret=SUCCESS |  
2019-08-21 15:29:41,114 [grpc-default-executor-4] INFO  client.GrpcClientProtocolClient (GrpcClientProtocolClient.java:onNext(255)) - client-029E50227556->355864cd-7ac5-4934-b366-9756b15dd90f: receive RaftClientReply:client-029E50227556->355864cd-7ac5-4934-b366-9756b15dd90f@group-785BCF25C267, cid=1137, SUCCESS, logIndex=1561, commits[355864cd-7ac5-4934-b366-9756b15dd90f:c1562, ce4aa411-63c8-4399-99eb-27ce352844f3:c1560, 3eeffb0a-787e-48ec-a2f5-d0c540a89489:c1560]
2019-08-21 15:29:41,114 | INFO  | DNAudit | user=null | ip=null | op=WRITE_CHUNK {blockData=conID: 3 locID: 102655680532971977 bcsId: 0} | ret=SUCCESS |  
2019-08-21 15:29:41,115 | INFO  | DNAudit | user=null | ip=null | op=PUT_BLOCK {blockData=[blockId=conID: 3 locID: 102655680532971977 bcsId: 0,size=2097152]} | ret=SUCCESS |  
2019-08-21 15:29:41,115 [grpc-default-executor-0] INFO  client.GrpcClientProtocolClient (GrpcClientProtocolClient.java:onNext(255)) - client-029E50227556->355864cd-7ac5-4934-b366-9756b15dd90f: receive RaftClientReply:client-029E50227556->355864cd-7ac5-4934-b366-9756b15dd90f@group-785BCF25C267, cid=1138, SUCCESS, logIndex=1562, commits[355864cd-7ac5-4934-b366-9756b15dd90f:c1563, ce4aa411-63c8-4399-99eb-27ce352844f3:c1560, 3eeffb0a-787e-48ec-a2f5-d0c540a89489:c1560]
2019-08-21 15:29:41,115 [grpc-default-executor-0] INFO  client.GrpcClientProtocolClient (GrpcClientProtocolClient.java:onNext(255)) - client-029E50227556->355864cd-7ac5-4934-b366-9756b15dd90f: receive RaftClientReply:client-029E50227556->355864cd-7ac5-4934-b366-9756b15dd90f@group-785BCF25C267, cid=1139, SUCCESS, logIndex=1563, commits[355864cd-7ac5-4934-b366-9756b15dd90f:c1564, ce4aa411-63c8-4399-99eb-27ce352844f3:c1560, 3eeffb0a-787e-48ec-a2f5-d0c540a89489:c1560]
2019-08-21 15:29:41,115 | INFO  | DNAudit | user=null | ip=null | op=WRITE_CHUNK {blockData=conID: 3 locID: 102655680532971977 bcsId: 0} | ret=SUCCESS |  
2019-08-21 15:29:41,116 [grpc-default-executor-0] INFO  client.GrpcClientProtocolClient (GrpcClientProtocolClient.java:onNext(255)) - client-029E50227556->355864cd-7ac5-4934-b366-9756b15dd90f: receive RaftClientReply:client-029E50227556->355864cd-7ac5-4934-b366-9756b15dd90f@group-785BCF25C267, cid=1140, SUCCESS, logIndex=1564, commits[355864cd-7ac5-4934-b366-9756b15dd90f:c1564, ce4aa411-63c8-4399-99eb-27ce352844f3:c1560, 3eeffb0a-787e-48ec-a2f5-d0c540a89489:c1560]
2019-08-21 15:29:41,116 | INFO  | DNAudit | user=null | ip=null | op=PUT_BLOCK {blockData=[blockId=conID: 3 locID: 102655680532971977 bcsId: 0,size=1048576]} | ret=SUCCESS |  
2019-08-21 15:29:41,117 | INFO  | DNAudit | user=null | ip=null | op=WRITE_CHUNK {blockData=conID: 3 locID: 102655680532971977 bcsId: 0} | ret=SUCCESS |  
2019-08-21 15:29:41,117 | INFO  | DNAudit | user=null | ip=null | op=WRITE_CHUNK {blockData=conID: 3 locID: 102655680532971977 bcsId: 0} | ret=SUCCESS |  
2019-08-21 15:29:41,117 | INFO  | DNAudit | user=null | ip=null | op=PUT_BLOCK {blockData=[blockId=conID: 3 locID: 102655680532971977 bcsId: 0,size=2097152]} | ret=SUCCESS |  
2019-08-21 15:29:41,117 | INFO  | DNAudit | user=null | ip=null | op=PUT_BLOCK {blockData=[blockId=conID: 3 locID: 102655680532971977 bcsId: 0,size=1048576]} | ret=SUCCESS |  
2019-08-21 15:29:41,117 | INFO  | DNAudit | user=null | ip=null | op=WRITE_CHUNK {blockData=conID: 3 locID: 102655680532971977 bcsId: 0} | ret=SUCCESS |  
2019-08-21 15:29:41,118 [grpc-default-executor-0] INFO  client.GrpcClientProtocolClient (GrpcClientProtocolClient.java:onNext(255)) - client-029E50227556->355864cd-7ac5-4934-b366-9756b15dd90f: receive RaftClientReply:client-029E50227556->355864cd-7ac5-4934-b366-9756b15dd90f@group-785BCF25C267, cid=1141, SUCCESS, logIndex=0, commits[355864cd-7ac5-4934-b366-9756b15dd90f:c1568, ce4aa411-63c8-4399-99eb-27ce352844f3:c1562, 3eeffb0a-787e-48ec-a2f5-d0c540a89489:c1564]
2019-08-21 15:29:41,118 | INFO  | DNAudit | user=null | ip=null | op=PUT_BLOCK {blockData=[blockId=conID: 3 locID: 102655680532971977 bcsId: 0,size=2097152]} | ret=SUCCESS |  
2019-08-21 15:29:41,125 | INFO  | DNAudit | user=null | ip=null | op=WRITE_CHUNK {blockData=conID: 3 locID: 102655680532971977 bcsId: 1564} | ret=SUCCESS |  
2019-08-21 15:29:41,127 | INFO  | DNAudit | user=null | ip=null | op=WRITE_CHUNK {blockData=conID: 3 locID: 102655680532971977 bcsId: 1564} | ret=SUCCESS |  
2019-08-21 15:29:41,128 | INFO  | DNAudit | user=null | ip=null | op=WRITE_CHUNK {blockData=conID: 3 locID: 102655680532971977 bcsId: 1564} | ret=SUCCESS |  
2019-08-21 15:29:41,138 | INFO  | DNAudit | user=null | ip=null | op=WRITE_CHUNK {blockData=conID: 3 locID: 102655680532971977 bcsId: 1564} | ret=SUCCESS |  
2019-08-21 15:29:41,139 | INFO  | DNAudit | user=null | ip=null | op=PUT_BLOCK {blockData=[blockId=conID: 3 locID: 102655680532971977 bcsId: 0,size=3145728]} | ret=SUCCESS |  
2019-08-21 15:29:41,139 [grpc-default-executor-4] INFO  client.GrpcClientProtocolClient (GrpcClientProtocolClient.java:onNext(255)) - client-029E50227556->355864cd-7ac5-4934-b366-9756b15dd90f: receive RaftClientReply:client-029E50227556->355864cd-7ac5-4934-b366-9756b15dd90f@group-785BCF25C267, cid=1142, SUCCESS, logIndex=1569, commits[355864cd-7ac5-4934-b366-9756b15dd90f:c1570, ce4aa411-63c8-4399-99eb-27ce352844f3:c1568, 3eeffb0a-787e-48ec-a2f5-d0c540a89489:c1568]
2019-08-21 15:29:41,139 [grpc-default-executor-4] INFO  client.GrpcClientProtocolClient (GrpcClientProtocolClient.java:onNext(255)) - client-029E50227556->355864cd-7ac5-4934-b366-9756b15dd90f: receive RaftClientReply:client-029E50227556->355864cd-7ac5-4934-b366-9756b15dd90f@group-785BCF25C267, cid=1143, SUCCESS, logIndex=1570, commits[355864cd-7ac5-4934-b366-9756b15dd90f:c1570, ce4aa411-63c8-4399-99eb-27ce352844f3:c1568, 3eeffb0a-787e-48ec-a2f5-d0c540a89489:c1568]
2019-08-21 15:29:41,148 | INFO  | DNAudit | user=null | ip=null | op=WRITE_CHUNK {blockData=conID: 3 locID: 102655680532971977 bcsId: 1570} | ret=SUCCESS |  
2019-08-21 15:29:41,150 | INFO  | DNAudit | user=null | ip=null | op=WRITE_CHUNK {blockData=conID: 3 locID: 102655680532971977 bcsId: 1564} | ret=SUCCESS |  
2019-08-21 15:29:41,150 | INFO  | DNAudit | user=null | ip=null | op=WRITE_CHUNK {blockData=conID: 3 locID: 102655680532971977 bcsId: 1564} | ret=SUCCESS |  
2019-08-21 15:29:41,150 | INFO  | DNAudit | user=null | ip=null | op=WRITE_CHUNK {blockData=conID: 3 locID: 102655680532971977 bcsId: 1570} | ret=SUCCESS |  
2019-08-21 15:29:41,151 | INFO  | DNAudit | user=null | ip=null | op=WRITE_CHUNK {blockData=conID: 3 locID: 102655680532971977 bcsId: 1570} | ret=SUCCESS |  
2019-08-21 15:29:41,162 | INFO  | DNAudit | user=null | ip=null | op=PUT_BLOCK {blockData=[blockId=conID: 3 locID: 102655680532971977 bcsId: 0,size=3145728]} | ret=SUCCESS |  
2019-08-21 15:29:41,162 | INFO  | DNAudit | user=null | ip=null | op=PUT_BLOCK {blockData=[blockId=conID: 3 locID: 102655680532971977 bcsId: 0,size=3145728]} | ret=SUCCESS |  
2019-08-21 15:29:41,162 | INFO  | DNAudit | user=null | ip=null | op=WRITE_CHUNK {blockData=conID: 3 locID: 102655680532971977 bcsId: 1570} | ret=SUCCESS |  
2019-08-21 15:29:41,163 | INFO  | DNAudit | user=null | ip=null | op=PUT_BLOCK {blockData=[blockId=conID: 3 locID: 102655680532971977 bcsId: 0,size=4194304]} | ret=SUCCESS |  
2019-08-21 15:29:41,164 | INFO  | DNAudit | user=null | ip=null | op=WRITE_CHUNK {blockData=conID: 3 locID: 102655680532971977 bcsId: 1570} | ret=SUCCESS |  
2019-08-21 15:29:41,164 | INFO  | DNAudit | user=null | ip=null | op=WRITE_CHUNK {blockData=conID: 3 locID: 102655680532971977 bcsId: 1570} | ret=SUCCESS |  
2019-08-21 15:29:41,163 [grpc-default-executor-4] INFO  client.GrpcClientProtocolClient (GrpcClientProtocolClient.java:onNext(255)) - client-029E50227556->355864cd-7ac5-4934-b366-9756b15dd90f: receive RaftClientReply:client-029E50227556->355864cd-7ac5-4934-b366-9756b15dd90f@group-785BCF25C267, cid=1144, SUCCESS, logIndex=1573, commits[355864cd-7ac5-4934-b366-9756b15dd90f:c1574, ce4aa411-63c8-4399-99eb-27ce352844f3:c1570, 3eeffb0a-787e-48ec-a2f5-d0c540a89489:c1570]
2019-08-21 15:29:41,164 [grpc-default-executor-4] INFO  client.GrpcClientProtocolClient (GrpcClientProtocolClient.java:onNext(255)) - client-029E50227556->355864cd-7ac5-4934-b366-9756b15dd90f: receive RaftClientReply:client-029E50227556->355864cd-7ac5-4934-b366-9756b15dd90f@group-785BCF25C267, cid=1145, SUCCESS, logIndex=1574, commits[355864cd-7ac5-4934-b366-9756b15dd90f:c1574, ce4aa411-63c8-4399-99eb-27ce352844f3:c1570, 3eeffb0a-787e-48ec-a2f5-d0c540a89489:c1570]
2019-08-21 15:29:41,165 | INFO  | DNAudit | user=null | ip=null | op=PUT_BLOCK {blockData=[blockId=conID: 3 locID: 102655680532971977 bcsId: 0,size=4194304]} | ret=SUCCESS |  
2019-08-21 15:29:41,165 | INFO  | DNAudit | user=null | ip=null | op=PUT_BLOCK {blockData=[blockId=conID: 3 locID: 102655680532971977 bcsId: 0,size=4194304]} | ret=SUCCESS |  
2019-08-21 15:29:41,166 [grpc-default-executor-4] INFO  client.GrpcClientProtocolClient (GrpcClientProtocolClient.java:onNext(255)) - client-029E50227556->355864cd-7ac5-4934-b366-9756b15dd90f: receive RaftClientReply:client-029E50227556->355864cd-7ac5-4934-b366-9756b15dd90f@group-785BCF25C267, cid=1146, SUCCESS, logIndex=0, commits[355864cd-7ac5-4934-b366-9756b15dd90f:c1576, ce4aa411-63c8-4399-99eb-27ce352844f3:c1574, 3eeffb0a-787e-48ec-a2f5-d0c540a89489:c1574]
2019-08-21 15:29:41,174 | INFO  | DNAudit | user=null | ip=null | op=WRITE_CHUNK {blockData=conID: 1 locID: 102655680532971978 bcsId: 0} | ret=SUCCESS |  
2019-08-21 15:29:41,176 | INFO  | DNAudit | user=null | ip=null | op=WRITE_CHUNK {blockData=conID: 1 locID: 102655680532971978 bcsId: 0} | ret=SUCCESS |  
2019-08-21 15:29:41,177 | INFO  | DNAudit | user=null | ip=null | op=WRITE_CHUNK {blockData=conID: 1 locID: 102655680532971978 bcsId: 0} | ret=SUCCESS |  
2019-08-21 15:29:41,178 | INFO  | DNAudit | user=null | ip=null | op=WRITE_CHUNK {blockData=conID: 1 locID: 102655680532971978 bcsId: 0} | ret=SUCCESS |  
2019-08-21 15:29:41,180 | INFO  | DNAudit | user=null | ip=null | op=WRITE_CHUNK {blockData=conID: 1 locID: 102655680532971978 bcsId: 0} | ret=SUCCESS |  
2019-08-21 15:29:41,181 | INFO  | DNAudit | user=null | ip=null | op=WRITE_CHUNK {blockData=conID: 1 locID: 102655680532971978 bcsId: 0} | ret=SUCCESS |  
2019-08-21 15:29:41,187 | INFO  | DNAudit | user=null | ip=null | op=WRITE_CHUNK {blockData=conID: 1 locID: 102655680532971978 bcsId: 0} | ret=SUCCESS |  
2019-08-21 15:29:41,187 | INFO  | DNAudit | user=null | ip=null | op=PUT_BLOCK {blockData=[blockId=conID: 1 locID: 102655680532971978 bcsId: 0,size=1048576]} | ret=SUCCESS |  
2019-08-21 15:29:41,187 [grpc-default-executor-4] INFO  client.GrpcClientProtocolClient (GrpcClientProtocolClient.java:onNext(255)) - client-029E50227556->355864cd-7ac5-4934-b366-9756b15dd90f: receive RaftClientReply:client-029E50227556->355864cd-7ac5-4934-b366-9756b15dd90f@group-785BCF25C267, cid=1147, SUCCESS, logIndex=1577, commits[355864cd-7ac5-4934-b366-9756b15dd90f:c1578, ce4aa411-63c8-4399-99eb-27ce352844f3:c1576, 3eeffb0a-787e-48ec-a2f5-d0c540a89489:c1576]
2019-08-21 15:29:41,188 | INFO  | DNAudit | user=null | ip=null | op=WRITE_CHUNK {blockData=conID: 1 locID: 102655680532971978 bcsId: 0} | ret=SUCCESS |  
2019-08-21 15:29:41,188 [grpc-default-executor-0] INFO  client.GrpcClientProtocolClient (GrpcClientProtocolClient.java:onNext(255)) - client-029E50227556->355864cd-7ac5-4934-b366-9756b15dd90f: receive RaftClientReply:client-029E50227556->355864cd-7ac5-4934-b366-9756b15dd90f@group-785BCF25C267, cid=1148, SUCCESS, logIndex=1578, commits[355864cd-7ac5-4934-b366-9756b15dd90f:c1579, ce4aa411-63c8-4399-99eb-27ce352844f3:c1576, 3eeffb0a-787e-48ec-a2f5-d0c540a89489:c1576]
2019-08-21 15:29:41,189 | INFO  | DNAudit | user=null | ip=null | op=PUT_BLOCK {blockData=[blockId=conID: 1 locID: 102655680532971978 bcsId: 0,size=2097152]} | ret=SUCCESS |  
2019-08-21 15:29:41,189 | INFO  | DNAudit | user=null | ip=null | op=WRITE_CHUNK {blockData=conID: 1 locID: 102655680532971978 bcsId: 0} | ret=SUCCESS |  
2019-08-21 15:29:41,189 [grpc-default-executor-4] INFO  client.GrpcClientProtocolClient (GrpcClientProtocolClient.java:onNext(255)) - client-029E50227556->355864cd-7ac5-4934-b366-9756b15dd90f: receive RaftClientReply:client-029E50227556->355864cd-7ac5-4934-b366-9756b15dd90f@group-785BCF25C267, cid=1149, SUCCESS, logIndex=1579, commits[355864cd-7ac5-4934-b366-9756b15dd90f:c1580, ce4aa411-63c8-4399-99eb-27ce352844f3:c1576, 3eeffb0a-787e-48ec-a2f5-d0c540a89489:c1576]
2019-08-21 15:29:41,189 | INFO  | DNAudit | user=null | ip=null | op=PUT_BLOCK {blockData=[blockId=conID: 1 locID: 102655680532971978 bcsId: 0,size=1048576]} | ret=SUCCESS |  
2019-08-21 15:29:41,189 [grpc-default-executor-4] INFO  client.GrpcClientProtocolClient (GrpcClientProtocolClient.java:onNext(255)) - client-029E50227556->355864cd-7ac5-4934-b366-9756b15dd90f: receive RaftClientReply:client-029E50227556->355864cd-7ac5-4934-b366-9756b15dd90f@group-785BCF25C267, cid=1150, SUCCESS, logIndex=1580, commits[355864cd-7ac5-4934-b366-9756b15dd90f:c1580, ce4aa411-63c8-4399-99eb-27ce352844f3:c1576, 3eeffb0a-787e-48ec-a2f5-d0c540a89489:c1576]
2019-08-21 15:29:41,190 | INFO  | DNAudit | user=null | ip=null | op=WRITE_CHUNK {blockData=conID: 1 locID: 102655680532971978 bcsId: 0} | ret=SUCCESS |  
2019-08-21 15:29:41,190 | INFO  | DNAudit | user=null | ip=null | op=WRITE_CHUNK {blockData=conID: 1 locID: 102655680532971978 bcsId: 0} | ret=SUCCESS |  
2019-08-21 15:29:41,190 | INFO  | DNAudit | user=null | ip=null | op=PUT_BLOCK {blockData=[blockId=conID: 1 locID: 102655680532971978 bcsId: 0,size=2097152]} | ret=SUCCESS |  
2019-08-21 15:29:41,190 | INFO  | DNAudit | user=null | ip=null | op=PUT_BLOCK {blockData=[blockId=conID: 1 locID: 102655680532971978 bcsId: 0,size=1048576]} | ret=SUCCESS |  
2019-08-21 15:29:41,190 | INFO  | DNAudit | user=null | ip=null | op=WRITE_CHUNK {blockData=conID: 1 locID: 102655680532971978 bcsId: 0} | ret=SUCCESS |  
2019-08-21 15:29:41,190 [grpc-default-executor-0] INFO  client.GrpcClientProtocolClient (GrpcClientProtocolClient.java:onNext(255)) - client-029E50227556->355864cd-7ac5-4934-b366-9756b15dd90f: receive RaftClientReply:client-029E50227556->355864cd-7ac5-4934-b366-9756b15dd90f@group-785BCF25C267, cid=1151, SUCCESS, logIndex=0, commits[355864cd-7ac5-4934-b366-9756b15dd90f:c1584, ce4aa411-63c8-4399-99eb-27ce352844f3:c1578, 3eeffb0a-787e-48ec-a2f5-d0c540a89489:c1580]
2019-08-21 15:29:41,191 | INFO  | DNAudit | user=null | ip=null | op=PUT_BLOCK {blockData=[blockId=conID: 1 locID: 102655680532971978 bcsId: 0,size=2097152]} | ret=SUCCESS |  
2019-08-21 15:29:41,199 | INFO  | DNAudit | user=null | ip=null | op=WRITE_CHUNK {blockData=conID: 1 locID: 102655680532971978 bcsId: 1580} | ret=SUCCESS |  
2019-08-21 15:29:41,200 | INFO  | DNAudit | user=null | ip=null | op=WRITE_CHUNK {blockData=conID: 1 locID: 102655680532971978 bcsId: 1580} | ret=SUCCESS |  
2019-08-21 15:29:41,201 | INFO  | DNAudit | user=null | ip=null | op=WRITE_CHUNK {blockData=conID: 1 locID: 102655680532971978 bcsId: 1580} | ret=SUCCESS |  
2019-08-21 15:29:41,211 | INFO  | DNAudit | user=null | ip=null | op=WRITE_CHUNK {blockData=conID: 1 locID: 102655680532971978 bcsId: 1580} | ret=SUCCESS |  
2019-08-21 15:29:41,211 | INFO  | DNAudit | user=null | ip=null | op=PUT_BLOCK {blockData=[blockId=conID: 1 locID: 102655680532971978 bcsId: 0,size=3145728]} | ret=SUCCESS |  
2019-08-21 15:29:41,212 [grpc-default-executor-4] INFO  client.GrpcClientProtocolClient (GrpcClientProtocolClient.java:onNext(255)) - client-029E50227556->355864cd-7ac5-4934-b366-9756b15dd90f: receive RaftClientReply:client-029E50227556->355864cd-7ac5-4934-b366-9756b15dd90f@group-785BCF25C267, cid=1152, SUCCESS, logIndex=1585, commits[355864cd-7ac5-4934-b366-9756b15dd90f:c1586, ce4aa411-63c8-4399-99eb-27ce352844f3:c1584, 3eeffb0a-787e-48ec-a2f5-d0c540a89489:c1584]
2019-08-21 15:29:41,212 [grpc-default-executor-4] INFO  client.GrpcClientProtocolClient (GrpcClientProtocolClient.java:onNext(255)) - client-029E50227556->355864cd-7ac5-4934-b366-9756b15dd90f: receive RaftClientReply:client-029E50227556->355864cd-7ac5-4934-b366-9756b15dd90f@group-785BCF25C267, cid=1153, SUCCESS, logIndex=1586, commits[355864cd-7ac5-4934-b366-9756b15dd90f:c1586, ce4aa411-63c8-4399-99eb-27ce352844f3:c1584, 3eeffb0a-787e-48ec-a2f5-d0c540a89489:c1584]
2019-08-21 15:29:41,219 | INFO  | DNAudit | user=null | ip=null | op=WRITE_CHUNK {blockData=conID: 1 locID: 102655680532971978 bcsId: 1586} | ret=SUCCESS |  
2019-08-21 15:29:41,221 | INFO  | DNAudit | user=null | ip=null | op=WRITE_CHUNK {blockData=conID: 1 locID: 102655680532971978 bcsId: 1580} | ret=SUCCESS |  
2019-08-21 15:29:41,221 | INFO  | DNAudit | user=null | ip=null | op=WRITE_CHUNK {blockData=conID: 1 locID: 102655680532971978 bcsId: 1580} | ret=SUCCESS |  
2019-08-21 15:29:41,221 | INFO  | DNAudit | user=null | ip=null | op=WRITE_CHUNK {blockData=conID: 1 locID: 102655680532971978 bcsId: 1586} | ret=SUCCESS |  
2019-08-21 15:29:41,222 | INFO  | DNAudit | user=null | ip=null | op=WRITE_CHUNK {blockData=conID: 1 locID: 102655680532971978 bcsId: 1586} | ret=SUCCESS |  
2019-08-21 15:29:41,226 | INFO  | DNAudit | user=null | ip=null | op=PUT_BLOCK {blockData=[blockId=conID: 1 locID: 102655680532971978 bcsId: 0,size=3145728]} | ret=SUCCESS |  
2019-08-21 15:29:41,226 | INFO  | DNAudit | user=null | ip=null | op=PUT_BLOCK {blockData=[blockId=conID: 1 locID: 102655680532971978 bcsId: 0,size=3145728]} | ret=SUCCESS |  
2019-08-21 15:29:41,226 | INFO  | DNAudit | user=null | ip=null | op=WRITE_CHUNK {blockData=conID: 1 locID: 102655680532971978 bcsId: 1586} | ret=SUCCESS |  
2019-08-21 15:29:41,227 | INFO  | DNAudit | user=null | ip=null | op=PUT_BLOCK {blockData=[blockId=conID: 1 locID: 102655680532971978 bcsId: 0,size=4194304]} | ret=SUCCESS |  
2019-08-21 15:29:41,227 [grpc-default-executor-4] INFO  client.GrpcClientProtocolClient (GrpcClientProtocolClient.java:onNext(255)) - client-029E50227556->355864cd-7ac5-4934-b366-9756b15dd90f: receive RaftClientReply:client-029E50227556->355864cd-7ac5-4934-b366-9756b15dd90f@group-785BCF25C267, cid=1154, SUCCESS, logIndex=1589, commits[355864cd-7ac5-4934-b366-9756b15dd90f:c1590, ce4aa411-63c8-4399-99eb-27ce352844f3:c1586, 3eeffb0a-787e-48ec-a2f5-d0c540a89489:c1586]
2019-08-21 15:29:41,228 [grpc-default-executor-4] INFO  client.GrpcClientProtocolClient (GrpcClientProtocolClient.java:onNext(255)) - client-029E50227556->355864cd-7ac5-4934-b366-9756b15dd90f: receive RaftClientReply:client-029E50227556->355864cd-7ac5-4934-b366-9756b15dd90f@group-785BCF25C267, cid=1155, SUCCESS, logIndex=1590, commits[355864cd-7ac5-4934-b366-9756b15dd90f:c1590, ce4aa411-63c8-4399-99eb-27ce352844f3:c1586, 3eeffb0a-787e-48ec-a2f5-d0c540a89489:c1586]
2019-08-21 15:29:41,237 | INFO  | DNAudit | user=null | ip=null | op=WRITE_CHUNK {blockData=conID: 1 locID: 102655680532971978 bcsId: 1586} | ret=SUCCESS |  
2019-08-21 15:29:41,237 | INFO  | DNAudit | user=null | ip=null | op=WRITE_CHUNK {blockData=conID: 1 locID: 102655680532971978 bcsId: 1586} | ret=SUCCESS |  
2019-08-21 15:29:41,238 | INFO  | DNAudit | user=null | ip=null | op=PUT_BLOCK {blockData=[blockId=conID: 1 locID: 102655680532971978 bcsId: 0,size=4194304]} | ret=SUCCESS |  
2019-08-21 15:29:41,238 | INFO  | DNAudit | user=null | ip=null | op=PUT_BLOCK {blockData=[blockId=conID: 1 locID: 102655680532971978 bcsId: 0,size=4194304]} | ret=SUCCESS |  
2019-08-21 15:29:41,238 [grpc-default-executor-4] INFO  client.GrpcClientProtocolClient (GrpcClientProtocolClient.java:onNext(255)) - client-029E50227556->355864cd-7ac5-4934-b366-9756b15dd90f: receive RaftClientReply:client-029E50227556->355864cd-7ac5-4934-b366-9756b15dd90f@group-785BCF25C267, cid=1156, SUCCESS, logIndex=0, commits[355864cd-7ac5-4934-b366-9756b15dd90f:c1592, ce4aa411-63c8-4399-99eb-27ce352844f3:c1590, 3eeffb0a-787e-48ec-a2f5-d0c540a89489:c1590]
2019-08-21 15:29:41,246 | INFO  | DNAudit | user=null | ip=null | op=WRITE_CHUNK {blockData=conID: 2 locID: 102655680533037515 bcsId: 0} | ret=SUCCESS |  
2019-08-21 15:29:41,248 | INFO  | DNAudit | user=null | ip=null | op=WRITE_CHUNK {blockData=conID: 2 locID: 102655680533037515 bcsId: 0} | ret=SUCCESS |  
2019-08-21 15:29:41,250 | INFO  | DNAudit | user=null | ip=null | op=WRITE_CHUNK {blockData=conID: 2 locID: 102655680533037515 bcsId: 0} | ret=SUCCESS |  
2019-08-21 15:29:41,250 | INFO  | DNAudit | user=null | ip=null | op=WRITE_CHUNK {blockData=conID: 2 locID: 102655680533037515 bcsId: 0} | ret=SUCCESS |  
2019-08-21 15:29:41,252 | INFO  | DNAudit | user=null | ip=null | op=WRITE_CHUNK {blockData=conID: 2 locID: 102655680533037515 bcsId: 0} | ret=SUCCESS |  
2019-08-21 15:29:41,252 | INFO  | DNAudit | user=null | ip=null | op=WRITE_CHUNK {blockData=conID: 2 locID: 102655680533037515 bcsId: 0} | ret=SUCCESS |  
2019-08-21 15:29:41,258 | INFO  | DNAudit | user=null | ip=null | op=WRITE_CHUNK {blockData=conID: 2 locID: 102655680533037515 bcsId: 0} | ret=SUCCESS |  
2019-08-21 15:29:41,258 | INFO  | DNAudit | user=null | ip=null | op=PUT_BLOCK {blockData=[blockId=conID: 2 locID: 102655680533037515 bcsId: 0,size=1048576]} | ret=SUCCESS |  
2019-08-21 15:29:41,258 [grpc-default-executor-0] INFO  client.GrpcClientProtocolClient (GrpcClientProtocolClient.java:onNext(255)) - client-029E50227556->355864cd-7ac5-4934-b366-9756b15dd90f: receive RaftClientReply:client-029E50227556->355864cd-7ac5-4934-b366-9756b15dd90f@group-785BCF25C267, cid=1157, SUCCESS, logIndex=1593, commits[355864cd-7ac5-4934-b366-9756b15dd90f:c1594, ce4aa411-63c8-4399-99eb-27ce352844f3:c1592, 3eeffb0a-787e-48ec-a2f5-d0c540a89489:c1592]
2019-08-21 15:29:41,259 | INFO  | DNAudit | user=null | ip=null | op=WRITE_CHUNK {blockData=conID: 2 locID: 102655680533037515 bcsId: 0} | ret=SUCCESS |  
2019-08-21 15:29:41,259 [grpc-default-executor-3] INFO  client.GrpcClientProtocolClient (GrpcClientProtocolClient.java:onNext(255)) - client-029E50227556->355864cd-7ac5-4934-b366-9756b15dd90f: receive RaftClientReply:client-029E50227556->355864cd-7ac5-4934-b366-9756b15dd90f@group-785BCF25C267, cid=1158, SUCCESS, logIndex=1594, commits[355864cd-7ac5-4934-b366-9756b15dd90f:c1594, ce4aa411-63c8-4399-99eb-27ce352844f3:c1592, 3eeffb0a-787e-48ec-a2f5-d0c540a89489:c1592]
2019-08-21 15:29:41,259 | INFO  | DNAudit | user=null | ip=null | op=PUT_BLOCK {blockData=[blockId=conID: 2 locID: 102655680533037515 bcsId: 0,size=2097152]} | ret=SUCCESS |  
2019-08-21 15:29:41,259 [grpc-default-executor-3] INFO  client.GrpcClientProtocolClient (GrpcClientProtocolClient.java:onNext(255)) - client-029E50227556->355864cd-7ac5-4934-b366-9756b15dd90f: receive RaftClientReply:client-029E50227556->355864cd-7ac5-4934-b366-9756b15dd90f@group-785BCF25C267, cid=1159, SUCCESS, logIndex=1595, commits[355864cd-7ac5-4934-b366-9756b15dd90f:c1596, ce4aa411-63c8-4399-99eb-27ce352844f3:c1592, 3eeffb0a-787e-48ec-a2f5-d0c540a89489:c1592]
2019-08-21 15:29:41,260 [grpc-default-executor-3] INFO  client.GrpcClientProtocolClient (GrpcClientProtocolClient.java:onNext(255)) - client-029E50227556->355864cd-7ac5-4934-b366-9756b15dd90f: receive RaftClientReply:client-029E50227556->355864cd-7ac5-4934-b366-9756b15dd90f@group-785BCF25C267, cid=1160, SUCCESS, logIndex=1596, commits[355864cd-7ac5-4934-b366-9756b15dd90f:c1596, ce4aa411-63c8-4399-99eb-27ce352844f3:c1592, 3eeffb0a-787e-48ec-a2f5-d0c540a89489:c1592]
2019-08-21 15:29:41,260 | INFO  | DNAudit | user=null | ip=null | op=WRITE_CHUNK {blockData=conID: 2 locID: 102655680533037515 bcsId: 0} | ret=SUCCESS |  
2019-08-21 15:29:41,260 | INFO  | DNAudit | user=null | ip=null | op=WRITE_CHUNK {blockData=conID: 2 locID: 102655680533037515 bcsId: 0} | ret=SUCCESS |  
2019-08-21 15:29:41,260 | INFO  | DNAudit | user=null | ip=null | op=PUT_BLOCK {blockData=[blockId=conID: 2 locID: 102655680533037515 bcsId: 0,size=1048576]} | ret=SUCCESS |  
2019-08-21 15:29:41,260 | INFO  | DNAudit | user=null | ip=null | op=PUT_BLOCK {blockData=[blockId=conID: 2 locID: 102655680533037515 bcsId: 0,size=1048576]} | ret=SUCCESS |  
2019-08-21 15:29:41,261 [grpc-default-executor-3] INFO  client.GrpcClientProtocolClient (GrpcClientProtocolClient.java:onNext(255)) - client-029E50227556->355864cd-7ac5-4934-b366-9756b15dd90f: receive RaftClientReply:client-029E50227556->355864cd-7ac5-4934-b366-9756b15dd90f@group-785BCF25C267, cid=1161, SUCCESS, logIndex=0, commits[355864cd-7ac5-4934-b366-9756b15dd90f:c1597, ce4aa411-63c8-4399-99eb-27ce352844f3:c1594, 3eeffb0a-787e-48ec-a2f5-d0c540a89489:c1594]
2019-08-21 15:29:41,262 | INFO  | DNAudit | user=null | ip=null | op=WRITE_CHUNK {blockData=conID: 2 locID: 102655680533037515 bcsId: 0} | ret=SUCCESS |  
2019-08-21 15:29:41,262 | INFO  | DNAudit | user=null | ip=null | op=WRITE_CHUNK {blockData=conID: 2 locID: 102655680533037515 bcsId: 0} | ret=SUCCESS |  
2019-08-21 15:29:41,262 | INFO  | DNAudit | user=null | ip=null | op=PUT_BLOCK {blockData=[blockId=conID: 2 locID: 102655680533037515 bcsId: 0,size=2097152]} | ret=SUCCESS |  
2019-08-21 15:29:41,262 | INFO  | DNAudit | user=null | ip=null | op=PUT_BLOCK {blockData=[blockId=conID: 2 locID: 102655680533037515 bcsId: 0,size=2097152]} | ret=SUCCESS |  
2019-08-21 15:29:41,268 | INFO  | DNAudit | user=null | ip=null | op=WRITE_CHUNK {blockData=conID: 2 locID: 102655680533037515 bcsId: 1596} | ret=SUCCESS |  
2019-08-21 15:29:41,270 | INFO  | DNAudit | user=null | ip=null | op=WRITE_CHUNK {blockData=conID: 2 locID: 102655680533037515 bcsId: 1596} | ret=SUCCESS |  
2019-08-21 15:29:41,270 | INFO  | DNAudit | user=null | ip=null | op=WRITE_CHUNK {blockData=conID: 2 locID: 102655680533037515 bcsId: 1596} | ret=SUCCESS |  
2019-08-21 15:29:41,279 | INFO  | DNAudit | user=null | ip=null | op=WRITE_CHUNK {blockData=conID: 2 locID: 102655680533037515 bcsId: 1596} | ret=SUCCESS |  
2019-08-21 15:29:41,280 | INFO  | DNAudit | user=null | ip=null | op=PUT_BLOCK {blockData=[blockId=conID: 2 locID: 102655680533037515 bcsId: 0,size=3145728]} | ret=SUCCESS |  
2019-08-21 15:29:41,280 [grpc-default-executor-4] INFO  client.GrpcClientProtocolClient (GrpcClientProtocolClient.java:onNext(255)) - client-029E50227556->355864cd-7ac5-4934-b366-9756b15dd90f: receive RaftClientReply:client-029E50227556->355864cd-7ac5-4934-b366-9756b15dd90f@group-785BCF25C267, cid=1162, SUCCESS, logIndex=1601, commits[355864cd-7ac5-4934-b366-9756b15dd90f:c1602, ce4aa411-63c8-4399-99eb-27ce352844f3:c1600, 3eeffb0a-787e-48ec-a2f5-d0c540a89489:c1600]
2019-08-21 15:29:41,280 [grpc-default-executor-4] INFO  client.GrpcClientProtocolClient (GrpcClientProtocolClient.java:onNext(255)) - client-029E50227556->355864cd-7ac5-4934-b366-9756b15dd90f: receive RaftClientReply:client-029E50227556->355864cd-7ac5-4934-b366-9756b15dd90f@group-785BCF25C267, cid=1163, SUCCESS, logIndex=1602, commits[355864cd-7ac5-4934-b366-9756b15dd90f:c1602, ce4aa411-63c8-4399-99eb-27ce352844f3:c1600, 3eeffb0a-787e-48ec-a2f5-d0c540a89489:c1600]
2019-08-21 15:29:41,287 | INFO  | DNAudit | user=null | ip=null | op=WRITE_CHUNK {blockData=conID: 2 locID: 102655680533037515 bcsId: 1602} | ret=SUCCESS |  
2019-08-21 15:29:41,289 | INFO  | DNAudit | user=null | ip=null | op=WRITE_CHUNK {blockData=conID: 2 locID: 102655680533037515 bcsId: 1602} | ret=SUCCESS |  
2019-08-21 15:29:41,289 | INFO  | DNAudit | user=null | ip=null | op=WRITE_CHUNK {blockData=conID: 2 locID: 102655680533037515 bcsId: 1602} | ret=SUCCESS |  
2019-08-21 15:29:41,290 | INFO  | DNAudit | user=null | ip=null | op=WRITE_CHUNK {blockData=conID: 2 locID: 102655680533037515 bcsId: 1596} | ret=SUCCESS |  
2019-08-21 15:29:41,290 | INFO  | DNAudit | user=null | ip=null | op=WRITE_CHUNK {blockData=conID: 2 locID: 102655680533037515 bcsId: 1596} | ret=SUCCESS |  
2019-08-21 15:29:41,291 | INFO  | DNAudit | user=null | ip=null | op=PUT_BLOCK {blockData=[blockId=conID: 2 locID: 102655680533037515 bcsId: 0,size=3145728]} | ret=SUCCESS |  
2019-08-21 15:29:41,291 | INFO  | DNAudit | user=null | ip=null | op=PUT_BLOCK {blockData=[blockId=conID: 2 locID: 102655680533037515 bcsId: 0,size=3145728]} | ret=SUCCESS |  
2019-08-21 15:29:41,292 | INFO  | DNAudit | user=null | ip=null | op=WRITE_CHUNK {blockData=conID: 2 locID: 102655680533037515 bcsId: 1602} | ret=SUCCESS |  
2019-08-21 15:29:41,292 | INFO  | DNAudit | user=null | ip=null | op=PUT_BLOCK {blockData=[blockId=conID: 2 locID: 102655680533037515 bcsId: 0,size=4194304]} | ret=SUCCESS |  
2019-08-21 15:29:41,292 [grpc-default-executor-0] INFO  client.GrpcClientProtocolClient (GrpcClientProtocolClient.java:onNext(255)) - client-029E50227556->355864cd-7ac5-4934-b366-9756b15dd90f: receive RaftClientReply:client-029E50227556->355864cd-7ac5-4934-b366-9756b15dd90f@group-785BCF25C267, cid=1164, SUCCESS, logIndex=1605, commits[355864cd-7ac5-4934-b366-9756b15dd90f:c1606, ce4aa411-63c8-4399-99eb-27ce352844f3:c1602, 3eeffb0a-787e-48ec-a2f5-d0c540a89489:c1602]
2019-08-21 15:29:41,292 [grpc-default-executor-3] INFO  client.GrpcClientProtocolClient (GrpcClientProtocolClient.java:onNext(255)) - client-029E50227556->355864cd-7ac5-4934-b366-9756b15dd90f: receive RaftClientReply:client-029E50227556->355864cd-7ac5-4934-b366-9756b15dd90f@group-785BCF25C267, cid=1165, SUCCESS, logIndex=1606, commits[355864cd-7ac5-4934-b366-9756b15dd90f:c1606, ce4aa411-63c8-4399-99eb-27ce352844f3:c1602, 3eeffb0a-787e-48ec-a2f5-d0c540a89489:c1602]
2019-08-21 15:29:41,302 | INFO  | DNAudit | user=null | ip=null | op=WRITE_CHUNK {blockData=conID: 2 locID: 102655680533037515 bcsId: 1602} | ret=SUCCESS |  
2019-08-21 15:29:41,302 | INFO  | DNAudit | user=null | ip=null | op=WRITE_CHUNK {blockData=conID: 2 locID: 102655680533037515 bcsId: 1602} | ret=SUCCESS |  
2019-08-21 15:29:41,304 | INFO  | DNAudit | user=null | ip=null | op=PUT_BLOCK {blockData=[blockId=conID: 2 locID: 102655680533037515 bcsId: 0,size=4194304]} | ret=SUCCESS |  
2019-08-21 15:29:41,304 | INFO  | DNAudit | user=null | ip=null | op=PUT_BLOCK {blockData=[blockId=conID: 2 locID: 102655680533037515 bcsId: 0,size=4194304]} | ret=SUCCESS |  
2019-08-21 15:29:41,304 [grpc-default-executor-3] INFO  client.GrpcClientProtocolClient (GrpcClientProtocolClient.java:onNext(255)) - client-029E50227556->355864cd-7ac5-4934-b366-9756b15dd90f: receive RaftClientReply:client-029E50227556->355864cd-7ac5-4934-b366-9756b15dd90f@group-785BCF25C267, cid=1166, SUCCESS, logIndex=0, commits[355864cd-7ac5-4934-b366-9756b15dd90f:c1608, ce4aa411-63c8-4399-99eb-27ce352844f3:c1606, 3eeffb0a-787e-48ec-a2f5-d0c540a89489:c1606]
2019-08-21 15:29:41,311 | INFO  | DNAudit | user=null | ip=null | op=WRITE_CHUNK {blockData=conID: 3 locID: 102655680533037516 bcsId: 0} | ret=SUCCESS |  
2019-08-21 15:29:41,313 | INFO  | DNAudit | user=null | ip=null | op=WRITE_CHUNK {blockData=conID: 3 locID: 102655680533037516 bcsId: 0} | ret=SUCCESS |  
2019-08-21 15:29:41,314 | INFO  | DNAudit | user=null | ip=null | op=WRITE_CHUNK {blockData=conID: 3 locID: 102655680533037516 bcsId: 0} | ret=SUCCESS |  
2019-08-21 15:29:41,314 | INFO  | DNAudit | user=null | ip=null | op=WRITE_CHUNK {blockData=conID: 3 locID: 102655680533037516 bcsId: 0} | ret=SUCCESS |  
2019-08-21 15:29:41,316 | INFO  | DNAudit | user=null | ip=null | op=WRITE_CHUNK {blockData=conID: 3 locID: 102655680533037516 bcsId: 0} | ret=SUCCESS |  
2019-08-21 15:29:41,316 | INFO  | DNAudit | user=null | ip=null | op=WRITE_CHUNK {blockData=conID: 3 locID: 102655680533037516 bcsId: 0} | ret=SUCCESS |  
2019-08-21 15:29:41,322 | INFO  | DNAudit | user=null | ip=null | op=WRITE_CHUNK {blockData=conID: 3 locID: 102655680533037516 bcsId: 0} | ret=SUCCESS |  
2019-08-21 15:29:41,323 | INFO  | DNAudit | user=null | ip=null | op=PUT_BLOCK {blockData=[blockId=conID: 3 locID: 102655680533037516 bcsId: 0,size=1048576]} | ret=SUCCESS |  
2019-08-21 15:29:41,323 [grpc-default-executor-0] INFO  client.GrpcClientProtocolClient (GrpcClientProtocolClient.java:onNext(255)) - client-029E50227556->355864cd-7ac5-4934-b366-9756b15dd90f: receive RaftClientReply:client-029E50227556->355864cd-7ac5-4934-b366-9756b15dd90f@group-785BCF25C267, cid=1167, SUCCESS, logIndex=1609, commits[355864cd-7ac5-4934-b366-9756b15dd90f:c1610, ce4aa411-63c8-4399-99eb-27ce352844f3:c1608, 3eeffb0a-787e-48ec-a2f5-d0c540a89489:c1608]
2019-08-21 15:29:41,323 [grpc-default-executor-0] INFO  client.GrpcClientProtocolClient (GrpcClientProtocolClient.java:onNext(255)) - client-029E50227556->355864cd-7ac5-4934-b366-9756b15dd90f: receive RaftClientReply:client-029E50227556->355864cd-7ac5-4934-b366-9756b15dd90f@group-785BCF25C267, cid=1168, SUCCESS, logIndex=1610, commits[355864cd-7ac5-4934-b366-9756b15dd90f:c1610, ce4aa411-63c8-4399-99eb-27ce352844f3:c1608, 3eeffb0a-787e-48ec-a2f5-d0c540a89489:c1608]
2019-08-21 15:29:41,325 | INFO  | DNAudit | user=null | ip=null | op=WRITE_CHUNK {blockData=conID: 3 locID: 102655680533037516 bcsId: 0} | ret=SUCCESS |  
2019-08-21 15:29:41,326 | INFO  | DNAudit | user=null | ip=null | op=PUT_BLOCK {blockData=[blockId=conID: 3 locID: 102655680533037516 bcsId: 0,size=2097152]} | ret=SUCCESS |  
2019-08-21 15:29:41,326 [grpc-default-executor-4] INFO  client.GrpcClientProtocolClient (GrpcClientProtocolClient.java:onNext(255)) - client-029E50227556->355864cd-7ac5-4934-b366-9756b15dd90f: receive RaftClientReply:client-029E50227556->355864cd-7ac5-4934-b366-9756b15dd90f@group-785BCF25C267, cid=1169, SUCCESS, logIndex=1611, commits[355864cd-7ac5-4934-b366-9756b15dd90f:c1612, ce4aa411-63c8-4399-99eb-27ce352844f3:c1608, 3eeffb0a-787e-48ec-a2f5-d0c540a89489:c1608]
2019-08-21 15:29:41,326 | INFO  | DNAudit | user=null | ip=null | op=WRITE_CHUNK {blockData=conID: 3 locID: 102655680533037516 bcsId: 0} | ret=SUCCESS |  
2019-08-21 15:29:41,326 [grpc-default-executor-4] INFO  client.GrpcClientProtocolClient (GrpcClientProtocolClient.java:onNext(255)) - client-029E50227556->355864cd-7ac5-4934-b366-9756b15dd90f: receive RaftClientReply:client-029E50227556->355864cd-7ac5-4934-b366-9756b15dd90f@group-785BCF25C267, cid=1170, SUCCESS, logIndex=1612, commits[355864cd-7ac5-4934-b366-9756b15dd90f:c1612, ce4aa411-63c8-4399-99eb-27ce352844f3:c1608, 3eeffb0a-787e-48ec-a2f5-d0c540a89489:c1608]
2019-08-21 15:29:41,327 | INFO  | DNAudit | user=null | ip=null | op=WRITE_CHUNK {blockData=conID: 3 locID: 102655680533037516 bcsId: 0} | ret=SUCCESS |  
2019-08-21 15:29:41,327 | INFO  | DNAudit | user=null | ip=null | op=PUT_BLOCK {blockData=[blockId=conID: 3 locID: 102655680533037516 bcsId: 0,size=1048576]} | ret=SUCCESS |  
2019-08-21 15:29:41,327 | INFO  | DNAudit | user=null | ip=null | op=PUT_BLOCK {blockData=[blockId=conID: 3 locID: 102655680533037516 bcsId: 0,size=1048576]} | ret=SUCCESS |  
2019-08-21 15:29:41,327 [grpc-default-executor-4] INFO  client.GrpcClientProtocolClient (GrpcClientProtocolClient.java:onNext(255)) - client-029E50227556->355864cd-7ac5-4934-b366-9756b15dd90f: receive RaftClientReply:client-029E50227556->355864cd-7ac5-4934-b366-9756b15dd90f@group-785BCF25C267, cid=1171, SUCCESS, logIndex=0, commits[355864cd-7ac5-4934-b366-9756b15dd90f:c1614, ce4aa411-63c8-4399-99eb-27ce352844f3:c1610, 3eeffb0a-787e-48ec-a2f5-d0c540a89489:c1610]
2019-08-21 15:29:41,328 | INFO  | DNAudit | user=null | ip=null | op=WRITE_CHUNK {blockData=conID: 3 locID: 102655680533037516 bcsId: 0} | ret=SUCCESS |  
2019-08-21 15:29:41,328 | INFO  | DNAudit | user=null | ip=null | op=PUT_BLOCK {blockData=[blockId=conID: 3 locID: 102655680533037516 bcsId: 0,size=2097152]} | ret=SUCCESS |  
2019-08-21 15:29:41,328 | INFO  | DNAudit | user=null | ip=null | op=WRITE_CHUNK {blockData=conID: 3 locID: 102655680533037516 bcsId: 0} | ret=SUCCESS |  
2019-08-21 15:29:41,328 | INFO  | DNAudit | user=null | ip=null | op=PUT_BLOCK {blockData=[blockId=conID: 3 locID: 102655680533037516 bcsId: 0,size=2097152]} | ret=SUCCESS |  
2019-08-21 15:29:41,334 | INFO  | DNAudit | user=null | ip=null | op=WRITE_CHUNK {blockData=conID: 3 locID: 102655680533037516 bcsId: 1612} | ret=SUCCESS |  
2019-08-21 15:29:41,336 | INFO  | DNAudit | user=null | ip=null | op=WRITE_CHUNK {blockData=conID: 3 locID: 102655680533037516 bcsId: 1612} | ret=SUCCESS |  
2019-08-21 15:29:41,337 | INFO  | DNAudit | user=null | ip=null | op=WRITE_CHUNK {blockData=conID: 3 locID: 102655680533037516 bcsId: 1612} | ret=SUCCESS |  
 0.00% |█                                                                                                    |  0/1 Time: 0:00:062019-08-21 15:29:41,359 | INFO  | SCMAudit | user=jenkins1000 | ip=192.168.5.153 | op=SEND_HEARTBEAT {datanodeUUID=3eeffb0a-787e-48ec-a2f5-d0c540a89489, command=[]} | ret=SUCCESS |  
2019-08-21 15:29:41,359 | INFO  | SCMAudit | user=jenkins1000 | ip=192.168.5.153 | op=SEND_HEARTBEAT {datanodeUUID=355864cd-7ac5-4934-b366-9756b15dd90f, command=[]} | ret=SUCCESS |  
2019-08-21 15:29:41,359 | INFO  | SCMAudit | user=jenkins1000 | ip=192.168.5.153 | op=SEND_HEARTBEAT {datanodeUUID=ce4aa411-63c8-4399-99eb-27ce352844f3, command=[]} | ret=SUCCESS |  
2019-08-21 15:29:41,361 | INFO  | DNAudit | user=null | ip=null | op=WRITE_CHUNK {blockData=conID: 3 locID: 102655680533037516 bcsId: 1612} | ret=SUCCESS |  
2019-08-21 15:29:41,361 | INFO  | DNAudit | user=null | ip=null | op=PUT_BLOCK {blockData=[blockId=conID: 3 locID: 102655680533037516 bcsId: 0,size=3145728]} | ret=SUCCESS |  
2019-08-21 15:29:41,361 [grpc-default-executor-4] INFO  client.GrpcClientProtocolClient (GrpcClientProtocolClient.java:onNext(255)) - client-029E50227556->355864cd-7ac5-4934-b366-9756b15dd90f: receive RaftClientReply:client-029E50227556->355864cd-7ac5-4934-b366-9756b15dd90f@group-785BCF25C267, cid=1172, SUCCESS, logIndex=1617, commits[355864cd-7ac5-4934-b366-9756b15dd90f:c1618, ce4aa411-63c8-4399-99eb-27ce352844f3:c1616, 3eeffb0a-787e-48ec-a2f5-d0c540a89489:c1616]
2019-08-21 15:29:41,362 [grpc-default-executor-4] INFO  client.GrpcClientProtocolClient (GrpcClientProtocolClient.java:onNext(255)) - client-029E50227556->355864cd-7ac5-4934-b366-9756b15dd90f: receive RaftClientReply:client-029E50227556->355864cd-7ac5-4934-b366-9756b15dd90f@group-785BCF25C267, cid=1173, SUCCESS, logIndex=1618, commits[355864cd-7ac5-4934-b366-9756b15dd90f:c1618, ce4aa411-63c8-4399-99eb-27ce352844f3:c1616, 3eeffb0a-787e-48ec-a2f5-d0c540a89489:c1616]
2019-08-21 15:29:41,362 | INFO  | DNAudit | user=null | ip=null | op=WRITE_CHUNK {blockData=conID: 3 locID: 102655680533037516 bcsId: 1612} | ret=SUCCESS |  
2019-08-21 15:29:41,362 | INFO  | DNAudit | user=null | ip=null | op=WRITE_CHUNK {blockData=conID: 3 locID: 102655680533037516 bcsId: 1612} | ret=SUCCESS |  
2019-08-21 15:29:41,363 | INFO  | DNAudit | user=null | ip=null | op=PUT_BLOCK {blockData=[blockId=conID: 3 locID: 102655680533037516 bcsId: 0,size=3145728]} | ret=SUCCESS |  
2019-08-21 15:29:41,363 | INFO  | DNAudit | user=null | ip=null | op=PUT_BLOCK {blockData=[blockId=conID: 3 locID: 102655680533037516 bcsId: 0,size=3145728]} | ret=SUCCESS |  
2019-08-21 15:29:41,374 | INFO  | DNAudit | user=null | ip=null | op=WRITE_CHUNK {blockData=conID: 3 locID: 102655680533037516 bcsId: 1618} | ret=SUCCESS |  
2019-08-21 15:29:41,375 | INFO  | DNAudit | user=null | ip=null | op=WRITE_CHUNK {blockData=conID: 3 locID: 102655680533037516 bcsId: 1618} | ret=SUCCESS |  
2019-08-21 15:29:41,376 | INFO  | DNAudit | user=null | ip=null | op=WRITE_CHUNK {blockData=conID: 3 locID: 102655680533037516 bcsId: 1618} | ret=SUCCESS |  
2019-08-21 15:29:41,388 | INFO  | DNAudit | user=null | ip=null | op=WRITE_CHUNK {blockData=conID: 3 locID: 102655680533037516 bcsId: 1618} | ret=SUCCESS |  
2019-08-21 15:29:41,390 | INFO  | DNAudit | user=null | ip=null | op=PUT_BLOCK {blockData=[blockId=conID: 3 locID: 102655680533037516 bcsId: 0,size=4194304]} | ret=SUCCESS |  
2019-08-21 15:29:41,390 [grpc-default-executor-4] INFO  client.GrpcClientProtocolClient (GrpcClientProtocolClient.java:onNext(255)) - client-029E50227556->355864cd-7ac5-4934-b366-9756b15dd90f: receive RaftClientReply:client-029E50227556->355864cd-7ac5-4934-b366-9756b15dd90f@group-785BCF25C267, cid=1174, SUCCESS, logIndex=1621, commits[355864cd-7ac5-4934-b366-9756b15dd90f:c1622, ce4aa411-63c8-4399-99eb-27ce352844f3:c1620, 3eeffb0a-787e-48ec-a2f5-d0c540a89489:c1620]
2019-08-21 15:29:41,391 [grpc-default-executor-4] INFO  client.GrpcClientProtocolClient (GrpcClientProtocolClient.java:onNext(255)) - client-029E50227556->355864cd-7ac5-4934-b366-9756b15dd90f: receive RaftClientReply:client-029E50227556->355864cd-7ac5-4934-b366-9756b15dd90f@group-785BCF25C267, cid=1175, SUCCESS, logIndex=1622, commits[355864cd-7ac5-4934-b366-9756b15dd90f:c1622, ce4aa411-63c8-4399-99eb-27ce352844f3:c1620, 3eeffb0a-787e-48ec-a2f5-d0c540a89489:c1620]
2019-08-21 15:29:41,400 | INFO  | DNAudit | user=null | ip=null | op=WRITE_CHUNK {blockData=conID: 3 locID: 102655680533037516 bcsId: 1618} | ret=SUCCESS |  
2019-08-21 15:29:41,400 | INFO  | DNAudit | user=null | ip=null | op=WRITE_CHUNK {blockData=conID: 3 locID: 102655680533037516 bcsId: 1618} | ret=SUCCESS |  
2019-08-21 15:29:41,401 | INFO  | DNAudit | user=null | ip=null | op=PUT_BLOCK {blockData=[blockId=conID: 3 locID: 102655680533037516 bcsId: 0,size=4194304]} | ret=SUCCESS |  
2019-08-21 15:29:41,401 | INFO  | DNAudit | user=null | ip=null | op=PUT_BLOCK {blockData=[blockId=conID: 3 locID: 102655680533037516 bcsId: 0,size=4194304]} | ret=SUCCESS |  
2019-08-21 15:29:41,401 [grpc-default-executor-4] INFO  client.GrpcClientProtocolClient (GrpcClientProtocolClient.java:onNext(255)) - client-029E50227556->355864cd-7ac5-4934-b366-9756b15dd90f: receive RaftClientReply:client-029E50227556->355864cd-7ac5-4934-b366-9756b15dd90f@group-785BCF25C267, cid=1176, SUCCESS, logIndex=0, commits[355864cd-7ac5-4934-b366-9756b15dd90f:c1624, ce4aa411-63c8-4399-99eb-27ce352844f3:c1622, 3eeffb0a-787e-48ec-a2f5-d0c540a89489:c1622]
2019-08-21 15:29:41,413 | INFO  | DNAudit | user=null | ip=null | op=WRITE_CHUNK {blockData=conID: 1 locID: 102655680533037517 bcsId: 0} | ret=SUCCESS |  
2019-08-21 15:29:41,416 | INFO  | DNAudit | user=null | ip=null | op=WRITE_CHUNK {blockData=conID: 1 locID: 102655680533037517 bcsId: 0} | ret=SUCCESS |  
2019-08-21 15:29:41,418 | INFO  | DNAudit | user=null | ip=null | op=WRITE_CHUNK {blockData=conID: 1 locID: 102655680533037517 bcsId: 0} | ret=SUCCESS |  
2019-08-21 15:29:41,418 | INFO  | DNAudit | user=null | ip=null | op=WRITE_CHUNK {blockData=conID: 1 locID: 102655680533037517 bcsId: 0} | ret=SUCCESS |  
2019-08-21 15:29:41,421 | INFO  | DNAudit | user=null | ip=null | op=WRITE_CHUNK {blockData=conID: 1 locID: 102655680533037517 bcsId: 0} | ret=SUCCESS |  
2019-08-21 15:29:41,422 | INFO  | DNAudit | user=null | ip=null | op=WRITE_CHUNK {blockData=conID: 1 locID: 102655680533037517 bcsId: 0} | ret=SUCCESS |  
2019-08-21 15:29:41,426 | INFO  | DNAudit | user=null | ip=null | op=WRITE_CHUNK {blockData=conID: 1 locID: 102655680533037517 bcsId: 0} | ret=SUCCESS |  
2019-08-21 15:29:41,427 | INFO  | DNAudit | user=null | ip=null | op=PUT_BLOCK {blockData=[blockId=conID: 1 locID: 102655680533037517 bcsId: 0,size=1048576]} | ret=SUCCESS |  
2019-08-21 15:29:41,427 [grpc-default-executor-4] INFO  client.GrpcClientProtocolClient (GrpcClientProtocolClient.java:onNext(255)) - client-029E50227556->355864cd-7ac5-4934-b366-9756b15dd90f: receive RaftClientReply:client-029E50227556->355864cd-7ac5-4934-b366-9756b15dd90f@group-785BCF25C267, cid=1177, SUCCESS, logIndex=1625, commits[355864cd-7ac5-4934-b366-9756b15dd90f:c1626, ce4aa411-63c8-4399-99eb-27ce352844f3:c1624, 3eeffb0a-787e-48ec-a2f5-d0c540a89489:c1624]
2019-08-21 15:29:41,428 [grpc-default-executor-4] INFO  client.GrpcClientProtocolClient (GrpcClientProtocolClient.java:onNext(255)) - client-029E50227556->355864cd-7ac5-4934-b366-9756b15dd90f: receive RaftClientReply:client-029E50227556->355864cd-7ac5-4934-b366-9756b15dd90f@group-785BCF25C267, cid=1178, SUCCESS, logIndex=1626, commits[355864cd-7ac5-4934-b366-9756b15dd90f:c1626, ce4aa411-63c8-4399-99eb-27ce352844f3:c1624, 3eeffb0a-787e-48ec-a2f5-d0c540a89489:c1624]
2019-08-21 15:29:41,437 | INFO  | DNAudit | user=null | ip=null | op=WRITE_CHUNK {blockData=conID: 1 locID: 102655680533037517 bcsId: 0} | ret=SUCCESS |  
2019-08-21 15:29:41,437 | INFO  | DNAudit | user=null | ip=null | op=PUT_BLOCK {blockData=[blockId=conID: 1 locID: 102655680533037517 bcsId: 0,size=2097152]} | ret=SUCCESS |  
2019-08-21 15:29:41,438 [grpc-default-executor-0] INFO  client.GrpcClientProtocolClient (GrpcClientProtocolClient.java:onNext(255)) - client-029E50227556->355864cd-7ac5-4934-b366-9756b15dd90f: receive RaftClientReply:client-029E50227556->355864cd-7ac5-4934-b366-9756b15dd90f@group-785BCF25C267, cid=1179, SUCCESS, logIndex=1627, commits[355864cd-7ac5-4934-b366-9756b15dd90f:c1628, ce4aa411-63c8-4399-99eb-27ce352844f3:c1624, 3eeffb0a-787e-48ec-a2f5-d0c540a89489:c1624]
2019-08-21 15:29:41,438 | INFO  | DNAudit | user=null | ip=null | op=WRITE_CHUNK {blockData=conID: 1 locID: 102655680533037517 bcsId: 0} | ret=SUCCESS |  
2019-08-21 15:29:41,438 [grpc-default-executor-0] INFO  client.GrpcClientProtocolClient (GrpcClientProtocolClient.java:onNext(255)) - client-029E50227556->355864cd-7ac5-4934-b366-9756b15dd90f: receive RaftClientReply:client-029E50227556->355864cd-7ac5-4934-b366-9756b15dd90f@group-785BCF25C267, cid=1180, SUCCESS, logIndex=1628, commits[355864cd-7ac5-4934-b366-9756b15dd90f:c1628, ce4aa411-63c8-4399-99eb-27ce352844f3:c1624, 3eeffb0a-787e-48ec-a2f5-d0c540a89489:c1624]
2019-08-21 15:29:41,438 | INFO  | DNAudit | user=null | ip=null | op=PUT_BLOCK {blockData=[blockId=conID: 1 locID: 102655680533037517 bcsId: 0,size=1048576]} | ret=SUCCESS |  
2019-08-21 15:29:41,438 | INFO  | DNAudit | user=null | ip=null | op=WRITE_CHUNK {blockData=conID: 1 locID: 102655680533037517 bcsId: 0} | ret=SUCCESS |  
2019-08-21 15:29:41,439 | INFO  | DNAudit | user=null | ip=null | op=PUT_BLOCK {blockData=[blockId=conID: 1 locID: 102655680533037517 bcsId: 0,size=1048576]} | ret=SUCCESS |  
2019-08-21 15:29:41,439 | INFO  | DNAudit | user=null | ip=null | op=WRITE_CHUNK {blockData=conID: 1 locID: 102655680533037517 bcsId: 0} | ret=SUCCESS |  
2019-08-21 15:29:41,439 | INFO  | DNAudit | user=null | ip=null | op=PUT_BLOCK {blockData=[blockId=conID: 1 locID: 102655680533037517 bcsId: 0,size=2097152]} | ret=SUCCESS |  
2019-08-21 15:29:41,440 | INFO  | DNAudit | user=null | ip=null | op=WRITE_CHUNK {blockData=conID: 1 locID: 102655680533037517 bcsId: 0} | ret=SUCCESS |  
2019-08-21 15:29:41,439 [grpc-default-executor-0] INFO  client.GrpcClientProtocolClient (GrpcClientProtocolClient.java:onNext(255)) - client-029E50227556->355864cd-7ac5-4934-b366-9756b15dd90f: receive RaftClientReply:client-029E50227556->355864cd-7ac5-4934-b366-9756b15dd90f@group-785BCF25C267, cid=1181, SUCCESS, logIndex=0, commits[355864cd-7ac5-4934-b366-9756b15dd90f:c1630, ce4aa411-63c8-4399-99eb-27ce352844f3:c1626, 3eeffb0a-787e-48ec-a2f5-d0c540a89489:c1626]
2019-08-21 15:29:41,440 | INFO  | DNAudit | user=null | ip=null | op=PUT_BLOCK {blockData=[blockId=conID: 1 locID: 102655680533037517 bcsId: 0,size=2097152]} | ret=SUCCESS |  
2019-08-21 15:29:41,447 | INFO  | DNAudit | user=null | ip=null | op=WRITE_CHUNK {blockData=conID: 1 locID: 102655680533037517 bcsId: 1628} | ret=SUCCESS |  
2019-08-21 15:29:41,450 | INFO  | DNAudit | user=null | ip=null | op=WRITE_CHUNK {blockData=conID: 1 locID: 102655680533037517 bcsId: 1628} | ret=SUCCESS |  
2019-08-21 15:29:41,451 | INFO  | DNAudit | user=null | ip=null | op=WRITE_CHUNK {blockData=conID: 1 locID: 102655680533037517 bcsId: 1628} | ret=SUCCESS |  
2019-08-21 15:29:41,460 | INFO  | DNAudit | user=null | ip=null | op=WRITE_CHUNK {blockData=conID: 1 locID: 102655680533037517 bcsId: 1628} | ret=SUCCESS |  
2019-08-21 15:29:41,461 | INFO  | DNAudit | user=null | ip=null | op=PUT_BLOCK {blockData=[blockId=conID: 1 locID: 102655680533037517 bcsId: 0,size=3145728]} | ret=SUCCESS |  
2019-08-21 15:29:41,461 [grpc-default-executor-4] INFO  client.GrpcClientProtocolClient (GrpcClientProtocolClient.java:onNext(255)) - client-029E50227556->355864cd-7ac5-4934-b366-9756b15dd90f: receive RaftClientReply:client-029E50227556->355864cd-7ac5-4934-b366-9756b15dd90f@group-785BCF25C267, cid=1182, SUCCESS, logIndex=1633, commits[355864cd-7ac5-4934-b366-9756b15dd90f:c1634, ce4aa411-63c8-4399-99eb-27ce352844f3:c1632, 3eeffb0a-787e-48ec-a2f5-d0c540a89489:c1632]
2019-08-21 15:29:41,461 [grpc-default-executor-4] INFO  client.GrpcClientProtocolClient (GrpcClientProtocolClient.java:onNext(255)) - client-029E50227556->355864cd-7ac5-4934-b366-9756b15dd90f: receive RaftClientReply:client-029E50227556->355864cd-7ac5-4934-b366-9756b15dd90f@group-785BCF25C267, cid=1183, SUCCESS, logIndex=1634, commits[355864cd-7ac5-4934-b366-9756b15dd90f:c1634, ce4aa411-63c8-4399-99eb-27ce352844f3:c1632, 3eeffb0a-787e-48ec-a2f5-d0c540a89489:c1632]
2019-08-21 15:29:41,469 | INFO  | DNAudit | user=null | ip=null | op=WRITE_CHUNK {blockData=conID: 1 locID: 102655680533037517 bcsId: 1634} | ret=SUCCESS |  
2019-08-21 15:29:41,472 | INFO  | DNAudit | user=null | ip=null | op=WRITE_CHUNK {blockData=conID: 1 locID: 102655680533037517 bcsId: 1628} | ret=SUCCESS |  
2019-08-21 15:29:41,472 | INFO  | DNAudit | user=null | ip=null | op=WRITE_CHUNK {blockData=conID: 1 locID: 102655680533037517 bcsId: 1628} | ret=SUCCESS |  
2019-08-21 15:29:41,472 | INFO  | DNAudit | user=null | ip=null | op=WRITE_CHUNK {blockData=conID: 1 locID: 102655680533037517 bcsId: 1634} | ret=SUCCESS |  
2019-08-21 15:29:41,472 | INFO  | DNAudit | user=null | ip=null | op=WRITE_CHUNK {blockData=conID: 1 locID: 102655680533037517 bcsId: 1634} | ret=SUCCESS |  
2019-08-21 15:29:41,473 | INFO  | DNAudit | user=null | ip=null | op=PUT_BLOCK {blockData=[blockId=conID: 1 locID: 102655680533037517 bcsId: 0,size=3145728]} | ret=SUCCESS |  
2019-08-21 15:29:41,473 | INFO  | DNAudit | user=null | ip=null | op=PUT_BLOCK {blockData=[blockId=conID: 1 locID: 102655680533037517 bcsId: 0,size=3145728]} | ret=SUCCESS |  
2019-08-21 15:29:41,474 | INFO  | DNAudit | user=null | ip=null | op=WRITE_CHUNK {blockData=conID: 1 locID: 102655680533037517 bcsId: 1634} | ret=SUCCESS |  
2019-08-21 15:29:41,474 | INFO  | DNAudit | user=null | ip=null | op=PUT_BLOCK {blockData=[blockId=conID: 1 locID: 102655680533037517 bcsId: 0,size=4194304]} | ret=SUCCESS |  
2019-08-21 15:29:41,474 [grpc-default-executor-4] INFO  client.GrpcClientProtocolClient (GrpcClientProtocolClient.java:onNext(255)) - client-029E50227556->355864cd-7ac5-4934-b366-9756b15dd90f: receive RaftClientReply:client-029E50227556->355864cd-7ac5-4934-b366-9756b15dd90f@group-785BCF25C267, cid=1184, SUCCESS, logIndex=1637, commits[355864cd-7ac5-4934-b366-9756b15dd90f:c1638, ce4aa411-63c8-4399-99eb-27ce352844f3:c1634, 3eeffb0a-787e-48ec-a2f5-d0c540a89489:c1634]
2019-08-21 15:29:41,475 [grpc-default-executor-4] INFO  client.GrpcClientProtocolClient (GrpcClientProtocolClient.java:onNext(255)) - client-029E50227556->355864cd-7ac5-4934-b366-9756b15dd90f: receive RaftClientReply:client-029E50227556->355864cd-7ac5-4934-b366-9756b15dd90f@group-785BCF25C267, cid=1185, SUCCESS, logIndex=1638, commits[355864cd-7ac5-4934-b366-9756b15dd90f:c1638, ce4aa411-63c8-4399-99eb-27ce352844f3:c1634, 3eeffb0a-787e-48ec-a2f5-d0c540a89489:c1634]
2019-08-21 15:29:41,485 | INFO  | DNAudit | user=null | ip=null | op=WRITE_CHUNK {blockData=conID: 1 locID: 102655680533037517 bcsId: 1634} | ret=SUCCESS |  
2019-08-21 15:29:41,485 | INFO  | DNAudit | user=null | ip=null | op=WRITE_CHUNK {blockData=conID: 1 locID: 102655680533037517 bcsId: 1634} | ret=SUCCESS |  
2019-08-21 15:29:41,487 | INFO  | DNAudit | user=null | ip=null | op=PUT_BLOCK {blockData=[blockId=conID: 1 locID: 102655680533037517 bcsId: 0,size=4194304]} | ret=SUCCESS |  
2019-08-21 15:29:41,487 | INFO  | DNAudit | user=null | ip=null | op=PUT_BLOCK {blockData=[blockId=conID: 1 locID: 102655680533037517 bcsId: 0,size=4194304]} | ret=SUCCESS |  
2019-08-21 15:29:41,487 [grpc-default-executor-4] INFO  client.GrpcClientProtocolClient (GrpcClientProtocolClient.java:onNext(255)) - client-029E50227556->355864cd-7ac5-4934-b366-9756b15dd90f: receive RaftClientReply:client-029E50227556->355864cd-7ac5-4934-b366-9756b15dd90f@group-785BCF25C267, cid=1186, SUCCESS, logIndex=0, commits[355864cd-7ac5-4934-b366-9756b15dd90f:c1640, ce4aa411-63c8-4399-99eb-27ce352844f3:c1638, 3eeffb0a-787e-48ec-a2f5-d0c540a89489:c1638]
2019-08-21 15:29:41,495 | INFO  | DNAudit | user=null | ip=null | op=WRITE_CHUNK {blockData=conID: 2 locID: 102655680533037518 bcsId: 0} | ret=SUCCESS |  
2019-08-21 15:29:41,497 | INFO  | DNAudit | user=null | ip=null | op=WRITE_CHUNK {blockData=conID: 2 locID: 102655680533037518 bcsId: 0} | ret=SUCCESS |  
2019-08-21 15:29:41,498 | INFO  | DNAudit | user=null | ip=null | op=WRITE_CHUNK {blockData=conID: 2 locID: 102655680533037518 bcsId: 0} | ret=SUCCESS |  
2019-08-21 15:29:41,500 | INFO  | DNAudit | user=null | ip=null | op=WRITE_CHUNK {blockData=conID: 2 locID: 102655680533037518 bcsId: 0} | ret=SUCCESS |  
2019-08-21 15:29:41,501 | INFO  | DNAudit | user=null | ip=null | op=WRITE_CHUNK {blockData=conID: 2 locID: 102655680533037518 bcsId: 0} | ret=SUCCESS |  
2019-08-21 15:29:41,502 | INFO  | DNAudit | user=null | ip=null | op=WRITE_CHUNK {blockData=conID: 2 locID: 102655680533037518 bcsId: 0} | ret=SUCCESS |  
2019-08-21 15:29:41,508 | INFO  | DNAudit | user=null | ip=null | op=WRITE_CHUNK {blockData=conID: 2 locID: 102655680533037518 bcsId: 0} | ret=SUCCESS |  
2019-08-21 15:29:41,508 | INFO  | DNAudit | user=null | ip=null | op=PUT_BLOCK {blockData=[blockId=conID: 2 locID: 102655680533037518 bcsId: 0,size=1048576]} | ret=SUCCESS |  
2019-08-21 15:29:41,508 [grpc-default-executor-3] INFO  client.GrpcClientProtocolClient (GrpcClientProtocolClient.java:onNext(255)) - client-029E50227556->355864cd-7ac5-4934-b366-9756b15dd90f: receive RaftClientReply:client-029E50227556->355864cd-7ac5-4934-b366-9756b15dd90f@group-785BCF25C267, cid=1187, SUCCESS, logIndex=1641, commits[355864cd-7ac5-4934-b366-9756b15dd90f:c1642, ce4aa411-63c8-4399-99eb-27ce352844f3:c1640, 3eeffb0a-787e-48ec-a2f5-d0c540a89489:c1640]
2019-08-21 15:29:41,509 | INFO  | DNAudit | user=null | ip=null | op=WRITE_CHUNK {blockData=conID: 2 locID: 102655680533037518 bcsId: 0} | ret=SUCCESS |  
2019-08-21 15:29:41,509 | INFO  | DNAudit | user=null | ip=null | op=PUT_BLOCK {blockData=[blockId=conID: 2 locID: 102655680533037518 bcsId: 0,size=2097152]} | ret=SUCCESS |  
2019-08-21 15:29:41,509 [grpc-default-executor-3] INFO  client.GrpcClientProtocolClient (GrpcClientProtocolClient.java:onNext(255)) - client-029E50227556->355864cd-7ac5-4934-b366-9756b15dd90f: receive RaftClientReply:client-029E50227556->355864cd-7ac5-4934-b366-9756b15dd90f@group-785BCF25C267, cid=1188, SUCCESS, logIndex=1642, commits[355864cd-7ac5-4934-b366-9756b15dd90f:c1643, ce4aa411-63c8-4399-99eb-27ce352844f3:c1640, 3eeffb0a-787e-48ec-a2f5-d0c540a89489:c1640]
2019-08-21 15:29:41,509 [grpc-default-executor-3] INFO  client.GrpcClientProtocolClient (GrpcClientProtocolClient.java:onNext(255)) - client-029E50227556->355864cd-7ac5-4934-b366-9756b15dd90f: receive RaftClientReply:client-029E50227556->355864cd-7ac5-4934-b366-9756b15dd90f@group-785BCF25C267, cid=1189, SUCCESS, logIndex=1643, commits[355864cd-7ac5-4934-b366-9756b15dd90f:c1644, ce4aa411-63c8-4399-99eb-27ce352844f3:c1640, 3eeffb0a-787e-48ec-a2f5-d0c540a89489:c1640]
2019-08-21 15:29:41,510 | INFO  | DNAudit | user=null | ip=null | op=WRITE_CHUNK {blockData=conID: 2 locID: 102655680533037518 bcsId: 0} | ret=SUCCESS |  
2019-08-21 15:29:41,510 [grpc-default-executor-4] INFO  client.GrpcClientProtocolClient (GrpcClientProtocolClient.java:onNext(255)) - client-029E50227556->355864cd-7ac5-4934-b366-9756b15dd90f: receive RaftClientReply:client-029E50227556->355864cd-7ac5-4934-b366-9756b15dd90f@group-785BCF25C267, cid=1190, SUCCESS, logIndex=1644, commits[355864cd-7ac5-4934-b366-9756b15dd90f:c1644, ce4aa411-63c8-4399-99eb-27ce352844f3:c1640, 3eeffb0a-787e-48ec-a2f5-d0c540a89489:c1640]
2019-08-21 15:29:41,510 | INFO  | DNAudit | user=null | ip=null | op=PUT_BLOCK {blockData=[blockId=conID: 2 locID: 102655680533037518 bcsId: 0,size=1048576]} | ret=SUCCESS |  
2019-08-21 15:29:41,510 | INFO  | DNAudit | user=null | ip=null | op=WRITE_CHUNK {blockData=conID: 2 locID: 102655680533037518 bcsId: 0} | ret=SUCCESS |  
2019-08-21 15:29:41,510 | INFO  | DNAudit | user=null | ip=null | op=PUT_BLOCK {blockData=[blockId=conID: 2 locID: 102655680533037518 bcsId: 0,size=1048576]} | ret=SUCCESS |  
2019-08-21 15:29:41,511 | INFO  | DNAudit | user=null | ip=null | op=WRITE_CHUNK {blockData=conID: 2 locID: 102655680533037518 bcsId: 0} | ret=SUCCESS |  
2019-08-21 15:29:41,511 | INFO  | DNAudit | user=null | ip=null | op=WRITE_CHUNK {blockData=conID: 2 locID: 102655680533037518 bcsId: 0} | ret=SUCCESS |  
2019-08-21 15:29:41,511 | INFO  | DNAudit | user=null | ip=null | op=PUT_BLOCK {blockData=[blockId=conID: 2 locID: 102655680533037518 bcsId: 0,size=2097152]} | ret=SUCCESS |  
2019-08-21 15:29:41,511 [grpc-default-executor-4] INFO  client.GrpcClientProtocolClient (GrpcClientProtocolClient.java:onNext(255)) - client-029E50227556->355864cd-7ac5-4934-b366-9756b15dd90f: receive RaftClientReply:client-029E50227556->355864cd-7ac5-4934-b366-9756b15dd90f@group-785BCF25C267, cid=1191, SUCCESS, logIndex=0, commits[355864cd-7ac5-4934-b366-9756b15dd90f:c1647, ce4aa411-63c8-4399-99eb-27ce352844f3:c1643, 3eeffb0a-787e-48ec-a2f5-d0c540a89489:c1642]
2019-08-21 15:29:41,511 | INFO  | DNAudit | user=null | ip=null | op=PUT_BLOCK {blockData=[blockId=conID: 2 locID: 102655680533037518 bcsId: 0,size=2097152]} | ret=SUCCESS |  
2019-08-21 15:29:41,518 | INFO  | DNAudit | user=null | ip=null | op=WRITE_CHUNK {blockData=conID: 2 locID: 102655680533037518 bcsId: 1644} | ret=SUCCESS |  
2019-08-21 15:29:41,520 | INFO  | DNAudit | user=null | ip=null | op=WRITE_CHUNK {blockData=conID: 2 locID: 102655680533037518 bcsId: 1644} | ret=SUCCESS |  
2019-08-21 15:29:41,520 | INFO  | DNAudit | user=null | ip=null | op=WRITE_CHUNK {blockData=conID: 2 locID: 102655680533037518 bcsId: 1644} | ret=SUCCESS |  
2019-08-21 15:29:41,531 | INFO  | DNAudit | user=null | ip=null | op=WRITE_CHUNK {blockData=conID: 2 locID: 102655680533037518 bcsId: 1644} | ret=SUCCESS |  
2019-08-21 15:29:41,531 | INFO  | DNAudit | user=null | ip=null | op=PUT_BLOCK {blockData=[blockId=conID: 2 locID: 102655680533037518 bcsId: 0,size=3145728]} | ret=SUCCESS |  
2019-08-21 15:29:41,531 [grpc-default-executor-4] INFO  client.GrpcClientProtocolClient (GrpcClientProtocolClient.java:onNext(255)) - client-029E50227556->355864cd-7ac5-4934-b366-9756b15dd90f: receive RaftClientReply:client-029E50227556->355864cd-7ac5-4934-b366-9756b15dd90f@group-785BCF25C267, cid=1192, SUCCESS, logIndex=1649, commits[355864cd-7ac5-4934-b366-9756b15dd90f:c1650, ce4aa411-63c8-4399-99eb-27ce352844f3:c1648, 3eeffb0a-787e-48ec-a2f5-d0c540a89489:c1648]
2019-08-21 15:29:41,532 [grpc-default-executor-4] INFO  client.GrpcClientProtocolClient (GrpcClientProtocolClient.java:onNext(255)) - client-029E50227556->355864cd-7ac5-4934-b366-9756b15dd90f: receive RaftClientReply:client-029E50227556->355864cd-7ac5-4934-b366-9756b15dd90f@group-785BCF25C267, cid=1193, SUCCESS, logIndex=1650, commits[355864cd-7ac5-4934-b366-9756b15dd90f:c1650, ce4aa411-63c8-4399-99eb-27ce352844f3:c1648, 3eeffb0a-787e-48ec-a2f5-d0c540a89489:c1648]
2019-08-21 15:29:41,538 | INFO  | DNAudit | user=null | ip=null | op=WRITE_CHUNK {blockData=conID: 2 locID: 102655680533037518 bcsId: 1650} | ret=SUCCESS |  
2019-08-21 15:29:41,540 | INFO  | DNAudit | user=null | ip=null | op=WRITE_CHUNK {blockData=conID: 2 locID: 102655680533037518 bcsId: 1650} | ret=SUCCESS |  
2019-08-21 15:29:41,541 | INFO  | DNAudit | user=null | ip=null | op=WRITE_CHUNK {blockData=conID: 2 locID: 102655680533037518 bcsId: 1650} | ret=SUCCESS |  
2019-08-21 15:29:41,542 | INFO  | DNAudit | user=null | ip=null | op=WRITE_CHUNK {blockData=conID: 2 locID: 102655680533037518 bcsId: 1644} | ret=SUCCESS |  
2019-08-21 15:29:41,542 | INFO  | DNAudit | user=null | ip=null | op=WRITE_CHUNK {blockData=conID: 2 locID: 102655680533037518 bcsId: 1644} | ret=SUCCESS |  
2019-08-21 15:29:41,542 | INFO  | DNAudit | user=null | ip=null | op=PUT_BLOCK {blockData=[blockId=conID: 2 locID: 102655680533037518 bcsId: 0,size=3145728]} | ret=SUCCESS |  
2019-08-21 15:29:41,543 | INFO  | DNAudit | user=null | ip=null | op=PUT_BLOCK {blockData=[blockId=conID: 2 locID: 102655680533037518 bcsId: 0,size=3145728]} | ret=SUCCESS |  
2019-08-21 15:29:41,544 | INFO  | DNAudit | user=null | ip=null | op=WRITE_CHUNK {blockData=conID: 2 locID: 102655680533037518 bcsId: 1650} | ret=SUCCESS |  
2019-08-21 15:29:41,544 | INFO  | DNAudit | user=null | ip=null | op=PUT_BLOCK {blockData=[blockId=conID: 2 locID: 102655680533037518 bcsId: 0,size=4194304]} | ret=SUCCESS |  
2019-08-21 15:29:41,544 [grpc-default-executor-0] INFO  client.GrpcClientProtocolClient (GrpcClientProtocolClient.java:onNext(255)) - client-029E50227556->355864cd-7ac5-4934-b366-9756b15dd90f: receive RaftClientReply:client-029E50227556->355864cd-7ac5-4934-b366-9756b15dd90f@group-785BCF25C267, cid=1194, SUCCESS, logIndex=1653, commits[355864cd-7ac5-4934-b366-9756b15dd90f:c1654, ce4aa411-63c8-4399-99eb-27ce352844f3:c1650, 3eeffb0a-787e-48ec-a2f5-d0c540a89489:c1650]
2019-08-21 15:29:41,545 [grpc-default-executor-0] INFO  client.GrpcClientProtocolClient (GrpcClientProtocolClient.java:onNext(255)) - client-029E50227556->355864cd-7ac5-4934-b366-9756b15dd90f: receive RaftClientReply:client-029E50227556->355864cd-7ac5-4934-b366-9756b15dd90f@group-785BCF25C267, cid=1195, SUCCESS, logIndex=1654, commits[355864cd-7ac5-4934-b366-9756b15dd90f:c1654, ce4aa411-63c8-4399-99eb-27ce352844f3:c1650, 3eeffb0a-787e-48ec-a2f5-d0c540a89489:c1650]
2019-08-21 15:29:41,554 | INFO  | DNAudit | user=null | ip=null | op=WRITE_CHUNK {blockData=conID: 2 locID: 102655680533037518 bcsId: 1650} | ret=SUCCESS |  
2019-08-21 15:29:41,554 | INFO  | DNAudit | user=null | ip=null | op=WRITE_CHUNK {blockData=conID: 2 locID: 102655680533037518 bcsId: 1650} | ret=SUCCESS |  
2019-08-21 15:29:41,554 | INFO  | DNAudit | user=null | ip=null | op=PUT_BLOCK {blockData=[blockId=conID: 2 locID: 102655680533037518 bcsId: 0,size=4194304]} | ret=SUCCESS |  
2019-08-21 15:29:41,554 | INFO  | DNAudit | user=null | ip=null | op=PUT_BLOCK {blockData=[blockId=conID: 2 locID: 102655680533037518 bcsId: 0,size=4194304]} | ret=SUCCESS |  
2019-08-21 15:29:41,656 [grpc-default-executor-0] INFO  client.GrpcClientProtocolClient (GrpcClientProtocolClient.java:onNext(255)) - client-029E50227556->355864cd-7ac5-4934-b366-9756b15dd90f: receive RaftClientReply:client-029E50227556->355864cd-7ac5-4934-b366-9756b15dd90f@group-785BCF25C267, cid=1196, SUCCESS, logIndex=0, commits[355864cd-7ac5-4934-b366-9756b15dd90f:c1655, ce4aa411-63c8-4399-99eb-27ce352844f3:c1654, 3eeffb0a-787e-48ec-a2f5-d0c540a89489:c1654]
2019-08-21 15:29:41,665 | INFO  | DNAudit | user=null | ip=null | op=WRITE_CHUNK {blockData=conID: 3 locID: 102655680533037519 bcsId: 0} | ret=SUCCESS |  
2019-08-21 15:29:41,668 | INFO  | DNAudit | user=null | ip=null | op=WRITE_CHUNK {blockData=conID: 3 locID: 102655680533037519 bcsId: 0} | ret=SUCCESS |  
2019-08-21 15:29:41,669 | INFO  | DNAudit | user=null | ip=null | op=WRITE_CHUNK {blockData=conID: 3 locID: 102655680533037519 bcsId: 0} | ret=SUCCESS |  
2019-08-21 15:29:41,669 | INFO  | DNAudit | user=null | ip=null | op=WRITE_CHUNK {blockData=conID: 3 locID: 102655680533037519 bcsId: 0} | ret=SUCCESS |  
2019-08-21 15:29:41,672 | INFO  | DNAudit | user=null | ip=null | op=WRITE_CHUNK {blockData=conID: 3 locID: 102655680533037519 bcsId: 0} | ret=SUCCESS |  
2019-08-21 15:29:41,672 | INFO  | DNAudit | user=null | ip=null | op=WRITE_CHUNK {blockData=conID: 3 locID: 102655680533037519 bcsId: 0} | ret=SUCCESS |  
2019-08-21 15:29:41,679 | INFO  | DNAudit | user=null | ip=null | op=WRITE_CHUNK {blockData=conID: 3 locID: 102655680533037519 bcsId: 0} | ret=SUCCESS |  
2019-08-21 15:29:41,679 | INFO  | DNAudit | user=null | ip=null | op=PUT_BLOCK {blockData=[blockId=conID: 3 locID: 102655680533037519 bcsId: 0,size=1048576]} | ret=SUCCESS |  
2019-08-21 15:29:41,680 | INFO  | DNAudit | user=null | ip=null | op=WRITE_CHUNK {blockData=conID: 3 locID: 102655680533037519 bcsId: 0} | ret=SUCCESS |  
2019-08-21 15:29:41,680 [grpc-default-executor-3] INFO  client.GrpcClientProtocolClient (GrpcClientProtocolClient.java:onNext(255)) - client-029E50227556->355864cd-7ac5-4934-b366-9756b15dd90f: receive RaftClientReply:client-029E50227556->355864cd-7ac5-4934-b366-9756b15dd90f@group-785BCF25C267, cid=1197, SUCCESS, logIndex=1657, commits[355864cd-7ac5-4934-b366-9756b15dd90f:c1658, ce4aa411-63c8-4399-99eb-27ce352844f3:c1656, 3eeffb0a-787e-48ec-a2f5-d0c540a89489:c1656]
2019-08-21 15:29:41,680 | INFO  | DNAudit | user=null | ip=null | op=PUT_BLOCK {blockData=[blockId=conID: 3 locID: 102655680533037519 bcsId: 0,size=2097152]} | ret=SUCCESS |  
2019-08-21 15:29:41,681 | INFO  | DNAudit | user=null | ip=null | op=WRITE_CHUNK {blockData=conID: 3 locID: 102655680533037519 bcsId: 0} | ret=SUCCESS |  
2019-08-21 15:29:41,681 [grpc-default-executor-3] INFO  client.GrpcClientProtocolClient (GrpcClientProtocolClient.java:onNext(255)) - client-029E50227556->355864cd-7ac5-4934-b366-9756b15dd90f: receive RaftClientReply:client-029E50227556->355864cd-7ac5-4934-b366-9756b15dd90f@group-785BCF25C267, cid=1198, SUCCESS, logIndex=1658, commits[355864cd-7ac5-4934-b366-9756b15dd90f:c1660, ce4aa411-63c8-4399-99eb-27ce352844f3:c1656, 3eeffb0a-787e-48ec-a2f5-d0c540a89489:c1656]
2019-08-21 15:29:41,681 | INFO  | DNAudit | user=null | ip=null | op=PUT_BLOCK {blockData=[blockId=conID: 3 locID: 102655680533037519 bcsId: 0,size=1048576]} | ret=SUCCESS |  
2019-08-21 15:29:41,681 | INFO  | DNAudit | user=null | ip=null | op=WRITE_CHUNK {blockData=conID: 3 locID: 102655680533037519 bcsId: 0} | ret=SUCCESS |  
2019-08-21 15:29:41,681 [grpc-default-executor-0] INFO  client.GrpcClientProtocolClient (GrpcClientProtocolClient.java:onNext(255)) - client-029E50227556->355864cd-7ac5-4934-b366-9756b15dd90f: receive RaftClientReply:client-029E50227556->355864cd-7ac5-4934-b366-9756b15dd90f@group-785BCF25C267, cid=1199, SUCCESS, logIndex=1659, commits[355864cd-7ac5-4934-b366-9756b15dd90f:c1660, ce4aa411-63c8-4399-99eb-27ce352844f3:c1656, 3eeffb0a-787e-48ec-a2f5-d0c540a89489:c1656]
2019-08-21 15:29:41,681 | INFO  | DNAudit | user=null | ip=null | op=PUT_BLOCK {blockData=[blockId=conID: 3 locID: 102655680533037519 bcsId: 0,size=1048576]} | ret=SUCCESS |  
2019-08-21 15:29:41,682 [grpc-default-executor-0] INFO  client.GrpcClientProtocolClient (GrpcClientProtocolClient.java:onNext(255)) - client-029E50227556->355864cd-7ac5-4934-b366-9756b15dd90f: receive RaftClientReply:client-029E50227556->355864cd-7ac5-4934-b366-9756b15dd90f@group-785BCF25C267, cid=1200, SUCCESS, logIndex=1660, commits[355864cd-7ac5-4934-b366-9756b15dd90f:c1660, ce4aa411-63c8-4399-99eb-27ce352844f3:c1656, 3eeffb0a-787e-48ec-a2f5-d0c540a89489:c1656]
2019-08-21 15:29:41,682 | INFO  | DNAudit | user=null | ip=null | op=WRITE_CHUNK {blockData=conID: 3 locID: 102655680533037519 bcsId: 0} | ret=SUCCESS |  
2019-08-21 15:29:41,682 | INFO  | DNAudit | user=null | ip=null | op=PUT_BLOCK {blockData=[blockId=conID: 3 locID: 102655680533037519 bcsId: 0,size=2097152]} | ret=SUCCESS |  
2019-08-21 15:29:41,683 | INFO  | DNAudit | user=null | ip=null | op=WRITE_CHUNK {blockData=conID: 3 locID: 102655680533037519 bcsId: 0} | ret=SUCCESS |  
2019-08-21 15:29:41,683 | INFO  | DNAudit | user=null | ip=null | op=PUT_BLOCK {blockData=[blockId=conID: 3 locID: 102655680533037519 bcsId: 0,size=2097152]} | ret=SUCCESS |  
2019-08-21 15:29:41,683 [grpc-default-executor-3] INFO  client.GrpcClientProtocolClient (GrpcClientProtocolClient.java:onNext(255)) - client-029E50227556->355864cd-7ac5-4934-b366-9756b15dd90f: receive RaftClientReply:client-029E50227556->355864cd-7ac5-4934-b366-9756b15dd90f@group-785BCF25C267, cid=1201, SUCCESS, logIndex=0, commits[355864cd-7ac5-4934-b366-9756b15dd90f:c1662, ce4aa411-63c8-4399-99eb-27ce352844f3:c1658, 3eeffb0a-787e-48ec-a2f5-d0c540a89489:c1660]
2019-08-21 15:29:41,692 | INFO  | DNAudit | user=null | ip=null | op=WRITE_CHUNK {blockData=conID: 3 locID: 102655680533037519 bcsId: 1660} | ret=SUCCESS |  
2019-08-21 15:29:41,694 | INFO  | DNAudit | user=null | ip=null | op=WRITE_CHUNK {blockData=conID: 3 locID: 102655680533037519 bcsId: 1660} | ret=SUCCESS |  
2019-08-21 15:29:41,694 | INFO  | DNAudit | user=null | ip=null | op=WRITE_CHUNK {blockData=conID: 3 locID: 102655680533037519 bcsId: 1660} | ret=SUCCESS |  
2019-08-21 15:29:41,705 | INFO  | DNAudit | user=null | ip=null | op=WRITE_CHUNK {blockData=conID: 3 locID: 102655680533037519 bcsId: 1660} | ret=SUCCESS |  
2019-08-21 15:29:41,705 | INFO  | DNAudit | user=null | ip=null | op=PUT_BLOCK {blockData=[blockId=conID: 3 locID: 102655680533037519 bcsId: 0,size=3145728]} | ret=SUCCESS |  
2019-08-21 15:29:41,705 [grpc-default-executor-0] INFO  client.GrpcClientProtocolClient (GrpcClientProtocolClient.java:onNext(255)) - client-029E50227556->355864cd-7ac5-4934-b366-9756b15dd90f: receive RaftClientReply:client-029E50227556->355864cd-7ac5-4934-b366-9756b15dd90f@group-785BCF25C267, cid=1202, SUCCESS, logIndex=1665, commits[355864cd-7ac5-4934-b366-9756b15dd90f:c1666, ce4aa411-63c8-4399-99eb-27ce352844f3:c1664, 3eeffb0a-787e-48ec-a2f5-d0c540a89489:c1664]
2019-08-21 15:29:41,706 [grpc-default-executor-0] INFO  client.GrpcClientProtocolClient (GrpcClientProtocolClient.java:onNext(255)) - client-029E50227556->355864cd-7ac5-4934-b366-9756b15dd90f: receive RaftClientReply:client-029E50227556->355864cd-7ac5-4934-b366-9756b15dd90f@group-785BCF25C267, cid=1203, SUCCESS, logIndex=1666, commits[355864cd-7ac5-4934-b366-9756b15dd90f:c1666, ce4aa411-63c8-4399-99eb-27ce352844f3:c1664, 3eeffb0a-787e-48ec-a2f5-d0c540a89489:c1664]
2019-08-21 15:29:41,714 | INFO  | DNAudit | user=null | ip=null | op=WRITE_CHUNK {blockData=conID: 3 locID: 102655680533037519 bcsId: 1666} | ret=SUCCESS |  
2019-08-21 15:29:41,716 | INFO  | DNAudit | user=null | ip=null | op=WRITE_CHUNK {blockData=conID: 3 locID: 102655680533037519 bcsId: 1666} | ret=SUCCESS |  
2019-08-21 15:29:41,716 | INFO  | DNAudit | user=null | ip=null | op=WRITE_CHUNK {blockData=conID: 3 locID: 102655680533037519 bcsId: 1660} | ret=SUCCESS |  
2019-08-21 15:29:41,716 | INFO  | DNAudit | user=null | ip=null | op=WRITE_CHUNK {blockData=conID: 3 locID: 102655680533037519 bcsId: 1660} | ret=SUCCESS |  
2019-08-21 15:29:41,716 | INFO  | DNAudit | user=null | ip=null | op=WRITE_CHUNK {blockData=conID: 3 locID: 102655680533037519 bcsId: 1666} | ret=SUCCESS |  
2019-08-21 15:29:41,718 | INFO  | DNAudit | user=null | ip=null | op=PUT_BLOCK {blockData=[blockId=conID: 3 locID: 102655680533037519 bcsId: 0,size=3145728]} | ret=SUCCESS |  
2019-08-21 15:29:41,718 | INFO  | DNAudit | user=null | ip=null | op=PUT_BLOCK {blockData=[blockId=conID: 3 locID: 102655680533037519 bcsId: 0,size=3145728]} | ret=SUCCESS |  
2019-08-21 15:29:41,718 | INFO  | DNAudit | user=null | ip=null | op=WRITE_CHUNK {blockData=conID: 3 locID: 102655680533037519 bcsId: 1666} | ret=SUCCESS |  
2019-08-21 15:29:41,719 | INFO  | DNAudit | user=null | ip=null | op=PUT_BLOCK {blockData=[blockId=conID: 3 locID: 102655680533037519 bcsId: 0,size=4194304]} | ret=SUCCESS |  
2019-08-21 15:29:41,719 [grpc-default-executor-0] INFO  client.GrpcClientProtocolClient (GrpcClientProtocolClient.java:onNext(255)) - client-029E50227556->355864cd-7ac5-4934-b366-9756b15dd90f: receive RaftClientReply:client-029E50227556->355864cd-7ac5-4934-b366-9756b15dd90f@group-785BCF25C267, cid=1204, SUCCESS, logIndex=1669, commits[355864cd-7ac5-4934-b366-9756b15dd90f:c1670, ce4aa411-63c8-4399-99eb-27ce352844f3:c1665, 3eeffb0a-787e-48ec-a2f5-d0c540a89489:c1666]
2019-08-21 15:29:41,719 [grpc-default-executor-0] INFO  client.GrpcClientProtocolClient (GrpcClientProtocolClient.java:onNext(255)) - client-029E50227556->355864cd-7ac5-4934-b366-9756b15dd90f: receive RaftClientReply:client-029E50227556->355864cd-7ac5-4934-b366-9756b15dd90f@group-785BCF25C267, cid=1205, SUCCESS, logIndex=1670, commits[355864cd-7ac5-4934-b366-9756b15dd90f:c1670, ce4aa411-63c8-4399-99eb-27ce352844f3:c1666, 3eeffb0a-787e-48ec-a2f5-d0c540a89489:c1666]
2019-08-21 15:29:41,720 | INFO  | DNAudit | user=null | ip=null | op=WRITE_CHUNK {blockData=conID: 3 locID: 102655680533037519 bcsId: 1666} | ret=SUCCESS |  
2019-08-21 15:29:41,720 | INFO  | DNAudit | user=null | ip=null | op=WRITE_CHUNK {blockData=conID: 3 locID: 102655680533037519 bcsId: 1666} | ret=SUCCESS |  
2019-08-21 15:29:41,721 | INFO  | DNAudit | user=null | ip=null | op=PUT_BLOCK {blockData=[blockId=conID: 3 locID: 102655680533037519 bcsId: 0,size=4194304]} | ret=SUCCESS |  
2019-08-21 15:29:41,721 | INFO  | DNAudit | user=null | ip=null | op=PUT_BLOCK {blockData=[blockId=conID: 3 locID: 102655680533037519 bcsId: 0,size=4194304]} | ret=SUCCESS |  
2019-08-21 15:29:41,722 [grpc-default-executor-0] INFO  client.GrpcClientProtocolClient (GrpcClientProtocolClient.java:onNext(255)) - client-029E50227556->355864cd-7ac5-4934-b366-9756b15dd90f: receive RaftClientReply:client-029E50227556->355864cd-7ac5-4934-b366-9756b15dd90f@group-785BCF25C267, cid=1206, SUCCESS, logIndex=0, commits[355864cd-7ac5-4934-b366-9756b15dd90f:c1672, ce4aa411-63c8-4399-99eb-27ce352844f3:c1670, 3eeffb0a-787e-48ec-a2f5-d0c540a89489:c1670]
2019-08-21 15:29:41,730 | INFO  | DNAudit | user=null | ip=null | op=WRITE_CHUNK {blockData=conID: 1 locID: 102655680533037520 bcsId: 0} | ret=SUCCESS |  
2019-08-21 15:29:41,733 | INFO  | DNAudit | user=null | ip=null | op=WRITE_CHUNK {blockData=conID: 1 locID: 102655680533037520 bcsId: 0} | ret=SUCCESS |  
2019-08-21 15:29:41,733 | INFO  | DNAudit | user=null | ip=null | op=WRITE_CHUNK {blockData=conID: 1 locID: 102655680533037520 bcsId: 0} | ret=SUCCESS |  
2019-08-21 15:29:41,733 | INFO  | DNAudit | user=null | ip=null | op=WRITE_CHUNK {blockData=conID: 1 locID: 102655680533037520 bcsId: 0} | ret=SUCCESS |  
2019-08-21 15:29:41,735 | INFO  | DNAudit | user=null | ip=null | op=WRITE_CHUNK {blockData=conID: 1 locID: 102655680533037520 bcsId: 0} | ret=SUCCESS |  
2019-08-21 15:29:41,735 | INFO  | DNAudit | user=null | ip=null | op=WRITE_CHUNK {blockData=conID: 1 locID: 102655680533037520 bcsId: 0} | ret=SUCCESS |  
2019-08-21 15:29:41,743 | INFO  | DNAudit | user=null | ip=null | op=WRITE_CHUNK {blockData=conID: 1 locID: 102655680533037520 bcsId: 0} | ret=SUCCESS |  
2019-08-21 15:29:41,743 | INFO  | DNAudit | user=null | ip=null | op=PUT_BLOCK {blockData=[blockId=conID: 1 locID: 102655680533037520 bcsId: 0,size=1048576]} | ret=SUCCESS |  
2019-08-21 15:29:41,744 [grpc-default-executor-2] INFO  client.GrpcClientProtocolClient (GrpcClientProtocolClient.java:onNext(255)) - client-029E50227556->355864cd-7ac5-4934-b366-9756b15dd90f: receive RaftClientReply:client-029E50227556->355864cd-7ac5-4934-b366-9756b15dd90f@group-785BCF25C267, cid=1207, SUCCESS, logIndex=1673, commits[355864cd-7ac5-4934-b366-9756b15dd90f:c1674, ce4aa411-63c8-4399-99eb-27ce352844f3:c1672, 3eeffb0a-787e-48ec-a2f5-d0c540a89489:c1672]
2019-08-21 15:29:41,744 | INFO  | DNAudit | user=null | ip=null | op=WRITE_CHUNK {blockData=conID: 1 locID: 102655680533037520 bcsId: 0} | ret=SUCCESS |  
2019-08-21 15:29:41,744 [grpc-default-executor-2] INFO  client.GrpcClientProtocolClient (GrpcClientProtocolClient.java:onNext(255)) - client-029E50227556->355864cd-7ac5-4934-b366-9756b15dd90f: receive RaftClientReply:client-029E50227556->355864cd-7ac5-4934-b366-9756b15dd90f@group-785BCF25C267, cid=1208, SUCCESS, logIndex=1674, commits[355864cd-7ac5-4934-b366-9756b15dd90f:c1676, ce4aa411-63c8-4399-99eb-27ce352844f3:c1672, 3eeffb0a-787e-48ec-a2f5-d0c540a89489:c1672]
2019-08-21 15:29:41,744 | INFO  | DNAudit | user=null | ip=null | op=WRITE_CHUNK {blockData=conID: 1 locID: 102655680533037520 bcsId: 0} | ret=SUCCESS |  
2019-08-21 15:29:41,745 | INFO  | DNAudit | user=null | ip=null | op=PUT_BLOCK {blockData=[blockId=conID: 1 locID: 102655680533037520 bcsId: 0,size=2097152]} | ret=SUCCESS |  
2019-08-21 15:29:41,745 | INFO  | DNAudit | user=null | ip=null | op=WRITE_CHUNK {blockData=conID: 1 locID: 102655680533037520 bcsId: 0} | ret=SUCCESS |  
2019-08-21 15:29:41,745 | INFO  | DNAudit | user=null | ip=null | op=PUT_BLOCK {blockData=[blockId=conID: 1 locID: 102655680533037520 bcsId: 0,size=1048576]} | ret=SUCCESS |  
2019-08-21 15:29:41,745 | INFO  | DNAudit | user=null | ip=null | op=PUT_BLOCK {blockData=[blockId=conID: 1 locID: 102655680533037520 bcsId: 0,size=1048576]} | ret=SUCCESS |  
2019-08-21 15:29:41,745 [grpc-default-executor-3] INFO  client.GrpcClientProtocolClient (GrpcClientProtocolClient.java:onNext(255)) - client-029E50227556->355864cd-7ac5-4934-b366-9756b15dd90f: receive RaftClientReply:client-029E50227556->355864cd-7ac5-4934-b366-9756b15dd90f@group-785BCF25C267, cid=1209, SUCCESS, logIndex=1675, commits[355864cd-7ac5-4934-b366-9756b15dd90f:c1676, ce4aa411-63c8-4399-99eb-27ce352844f3:c1672, 3eeffb0a-787e-48ec-a2f5-d0c540a89489:c1672]
2019-08-21 15:29:41,745 [grpc-default-executor-3] INFO  client.GrpcClientProtocolClient (GrpcClientProtocolClient.java:onNext(255)) - client-029E50227556->355864cd-7ac5-4934-b366-9756b15dd90f: receive RaftClientReply:client-029E50227556->355864cd-7ac5-4934-b366-9756b15dd90f@group-785BCF25C267, cid=1210, SUCCESS, logIndex=1676, commits[355864cd-7ac5-4934-b366-9756b15dd90f:c1677, ce4aa411-63c8-4399-99eb-27ce352844f3:c1674, 3eeffb0a-787e-48ec-a2f5-d0c540a89489:c1673]
2019-08-21 15:29:41,746 | INFO  | DNAudit | user=null | ip=null | op=WRITE_CHUNK {blockData=conID: 1 locID: 102655680533037520 bcsId: 0} | ret=SUCCESS |  
2019-08-21 15:29:41,746 | INFO  | DNAudit | user=null | ip=null | op=PUT_BLOCK {blockData=[blockId=conID: 1 locID: 102655680533037520 bcsId: 0,size=2097152]} | ret=SUCCESS |  
2019-08-21 15:29:41,746 | INFO  | DNAudit | user=null | ip=null | op=WRITE_CHUNK {blockData=conID: 1 locID: 102655680533037520 bcsId: 0} | ret=SUCCESS |  
2019-08-21 15:29:41,746 | INFO  | DNAudit | user=null | ip=null | op=PUT_BLOCK {blockData=[blockId=conID: 1 locID: 102655680533037520 bcsId: 0,size=2097152]} | ret=SUCCESS |  
2019-08-21 15:29:41,747 [grpc-default-executor-2] INFO  client.GrpcClientProtocolClient (GrpcClientProtocolClient.java:onNext(255)) - client-029E50227556->355864cd-7ac5-4934-b366-9756b15dd90f: receive RaftClientReply:client-029E50227556->355864cd-7ac5-4934-b366-9756b15dd90f@group-785BCF25C267, cid=1211, SUCCESS, logIndex=0, commits[355864cd-7ac5-4934-b366-9756b15dd90f:c1679, ce4aa411-63c8-4399-99eb-27ce352844f3:c1676, 3eeffb0a-787e-48ec-a2f5-d0c540a89489:c1674]
2019-08-21 15:29:41,753 | INFO  | DNAudit | user=null | ip=null | op=WRITE_CHUNK {blockData=conID: 1 locID: 102655680533037520 bcsId: 1676} | ret=SUCCESS |  
2019-08-21 15:29:41,755 | INFO  | DNAudit | user=null | ip=null | op=WRITE_CHUNK {blockData=conID: 1 locID: 102655680533037520 bcsId: 1676} | ret=SUCCESS |  
2019-08-21 15:29:41,756 | INFO  | DNAudit | user=null | ip=null | op=WRITE_CHUNK {blockData=conID: 1 locID: 102655680533037520 bcsId: 1676} | ret=SUCCESS |  
2019-08-21 15:29:41,766 | INFO  | DNAudit | user=null | ip=null | op=WRITE_CHUNK {blockData=conID: 1 locID: 102655680533037520 bcsId: 1676} | ret=SUCCESS |  
2019-08-21 15:29:41,766 | INFO  | DNAudit | user=null | ip=null | op=PUT_BLOCK {blockData=[blockId=conID: 1 locID: 102655680533037520 bcsId: 0,size=3145728]} | ret=SUCCESS |  
2019-08-21 15:29:41,767 [grpc-default-executor-3] INFO  client.GrpcClientProtocolClient (GrpcClientProtocolClient.java:onNext(255)) - client-029E50227556->355864cd-7ac5-4934-b366-9756b15dd90f: receive RaftClientReply:client-029E50227556->355864cd-7ac5-4934-b366-9756b15dd90f@group-785BCF25C267, cid=1212, SUCCESS, logIndex=1680, commits[355864cd-7ac5-4934-b366-9756b15dd90f:c1681, ce4aa411-63c8-4399-99eb-27ce352844f3:c1679, 3eeffb0a-787e-48ec-a2f5-d0c540a89489:c1679]
2019-08-21 15:29:41,767 [grpc-default-executor-3] INFO  client.GrpcClientProtocolClient (GrpcClientProtocolClient.java:onNext(255)) - client-029E50227556->355864cd-7ac5-4934-b366-9756b15dd90f: receive RaftClientReply:client-029E50227556->355864cd-7ac5-4934-b366-9756b15dd90f@group-785BCF25C267, cid=1213, SUCCESS, logIndex=1681, commits[355864cd-7ac5-4934-b366-9756b15dd90f:c1681, ce4aa411-63c8-4399-99eb-27ce352844f3:c1679, 3eeffb0a-787e-48ec-a2f5-d0c540a89489:c1679]
2019-08-21 15:29:41,774 | INFO  | DNAudit | user=null | ip=null | op=WRITE_CHUNK {blockData=conID: 1 locID: 102655680533037520 bcsId: 1681} | ret=SUCCESS |  
2019-08-21 15:29:41,776 | INFO  | DNAudit | user=null | ip=null | op=WRITE_CHUNK {blockData=conID: 1 locID: 102655680533037520 bcsId: 1681} | ret=SUCCESS |  
2019-08-21 15:29:41,776 | INFO  | DNAudit | user=null | ip=null | op=WRITE_CHUNK {blockData=conID: 1 locID: 102655680533037520 bcsId: 1681} | ret=SUCCESS |  
2019-08-21 15:29:41,778 | INFO  | DNAudit | user=null | ip=null | op=WRITE_CHUNK {blockData=conID: 1 locID: 102655680533037520 bcsId: 1676} | ret=SUCCESS |  
2019-08-21 15:29:41,778 | INFO  | DNAudit | user=null | ip=null | op=WRITE_CHUNK {blockData=conID: 1 locID: 102655680533037520 bcsId: 1676} | ret=SUCCESS |  
2019-08-21 15:29:41,779 | INFO  | DNAudit | user=null | ip=null | op=PUT_BLOCK {blockData=[blockId=conID: 1 locID: 102655680533037520 bcsId: 0,size=3145728]} | ret=SUCCESS |  
2019-08-21 15:29:41,779 | INFO  | DNAudit | user=null | ip=null | op=PUT_BLOCK {blockData=[blockId=conID: 1 locID: 102655680533037520 bcsId: 0,size=3145728]} | ret=SUCCESS |  
2019-08-21 15:29:41,780 | INFO  | DNAudit | user=null | ip=null | op=WRITE_CHUNK {blockData=conID: 1 locID: 102655680533037520 bcsId: 1681} | ret=SUCCESS |  
2019-08-21 15:29:41,780 | INFO  | DNAudit | user=null | ip=null | op=PUT_BLOCK {blockData=[blockId=conID: 1 locID: 102655680533037520 bcsId: 0,size=4194304]} | ret=SUCCESS |  
2019-08-21 15:29:41,780 [grpc-default-executor-2] INFO  client.GrpcClientProtocolClient (GrpcClientProtocolClient.java:onNext(255)) - client-029E50227556->355864cd-7ac5-4934-b366-9756b15dd90f: receive RaftClientReply:client-029E50227556->355864cd-7ac5-4934-b366-9756b15dd90f@group-785BCF25C267, cid=1214, SUCCESS, logIndex=1684, commits[355864cd-7ac5-4934-b366-9756b15dd90f:c1685, ce4aa411-63c8-4399-99eb-27ce352844f3:c1681, 3eeffb0a-787e-48ec-a2f5-d0c540a89489:c1681]
2019-08-21 15:29:41,781 [grpc-default-executor-2] INFO  client.GrpcClientProtocolClient (GrpcClientProtocolClient.java:onNext(255)) - client-029E50227556->355864cd-7ac5-4934-b366-9756b15dd90f: receive RaftClientReply:client-029E50227556->355864cd-7ac5-4934-b366-9756b15dd90f@group-785BCF25C267, cid=1215, SUCCESS, logIndex=1685, commits[355864cd-7ac5-4934-b366-9756b15dd90f:c1685, ce4aa411-63c8-4399-99eb-27ce352844f3:c1681, 3eeffb0a-787e-48ec-a2f5-d0c540a89489:c1681]
2019-08-21 15:29:41,791 | INFO  | DNAudit | user=null | ip=null | op=WRITE_CHUNK {blockData=conID: 1 locID: 102655680533037520 bcsId: 1681} | ret=SUCCESS |  
2019-08-21 15:29:41,791 | INFO  | DNAudit | user=null | ip=null | op=WRITE_CHUNK {blockData=conID: 1 locID: 102655680533037520 bcsId: 1681} | ret=SUCCESS |  
2019-08-21 15:29:41,792 | INFO  | DNAudit | user=null | ip=null | op=PUT_BLOCK {blockData=[blockId=conID: 1 locID: 102655680533037520 bcsId: 0,size=4194304]} | ret=SUCCESS |  
2019-08-21 15:29:41,792 | INFO  | DNAudit | user=null | ip=null | op=PUT_BLOCK {blockData=[blockId=conID: 1 locID: 102655680533037520 bcsId: 0,size=4194304]} | ret=SUCCESS |  
2019-08-21 15:29:41,793 [grpc-default-executor-2] INFO  client.GrpcClientProtocolClient (GrpcClientProtocolClient.java:onNext(255)) - client-029E50227556->355864cd-7ac5-4934-b366-9756b15dd90f: receive RaftClientReply:client-029E50227556->355864cd-7ac5-4934-b366-9756b15dd90f@group-785BCF25C267, cid=1216, SUCCESS, logIndex=0, commits[355864cd-7ac5-4934-b366-9756b15dd90f:c1687, ce4aa411-63c8-4399-99eb-27ce352844f3:c1685, 3eeffb0a-787e-48ec-a2f5-d0c540a89489:c1685]
2019-08-21 15:29:41,799 | INFO  | DNAudit | user=null | ip=null | op=WRITE_CHUNK {blockData=conID: 2 locID: 102655680533103057 bcsId: 0} | ret=SUCCESS |  
2019-08-21 15:29:41,802 | INFO  | DNAudit | user=null | ip=null | op=WRITE_CHUNK {blockData=conID: 2 locID: 102655680533103057 bcsId: 0} | ret=SUCCESS |  
2019-08-21 15:29:41,803 | INFO  | DNAudit | user=null | ip=null | op=WRITE_CHUNK {blockData=conID: 2 locID: 102655680533103057 bcsId: 0} | ret=SUCCESS |  
2019-08-21 15:29:41,803 | INFO  | DNAudit | user=null | ip=null | op=WRITE_CHUNK {blockData=conID: 2 locID: 102655680533103057 bcsId: 0} | ret=SUCCESS |  
2019-08-21 15:29:41,805 | INFO  | DNAudit | user=null | ip=null | op=WRITE_CHUNK {blockData=conID: 2 locID: 102655680533103057 bcsId: 0} | ret=SUCCESS |  
2019-08-21 15:29:41,805 | INFO  | DNAudit | user=null | ip=null | op=WRITE_CHUNK {blockData=conID: 2 locID: 102655680533103057 bcsId: 0} | ret=SUCCESS |  
2019-08-21 15:29:41,812 | INFO  | DNAudit | user=null | ip=null | op=WRITE_CHUNK {blockData=conID: 2 locID: 102655680533103057 bcsId: 0} | ret=SUCCESS |  
2019-08-21 15:29:41,812 | INFO  | DNAudit | user=null | ip=null | op=PUT_BLOCK {blockData=[blockId=conID: 2 locID: 102655680533103057 bcsId: 0,size=1048576]} | ret=SUCCESS |  
2019-08-21 15:29:41,813 [grpc-default-executor-2] INFO  client.GrpcClientProtocolClient (GrpcClientProtocolClient.java:onNext(255)) - client-029E50227556->355864cd-7ac5-4934-b366-9756b15dd90f: receive RaftClientReply:client-029E50227556->355864cd-7ac5-4934-b366-9756b15dd90f@group-785BCF25C267, cid=1217, SUCCESS, logIndex=1688, commits[355864cd-7ac5-4934-b366-9756b15dd90f:c1689, ce4aa411-63c8-4399-99eb-27ce352844f3:c1687, 3eeffb0a-787e-48ec-a2f5-d0c540a89489:c1687]
2019-08-21 15:29:41,813 | INFO  | DNAudit | user=null | ip=null | op=WRITE_CHUNK {blockData=conID: 2 locID: 102655680533103057 bcsId: 0} | ret=SUCCESS |  
2019-08-21 15:29:41,813 [grpc-default-executor-2] INFO  client.GrpcClientProtocolClient (GrpcClientProtocolClient.java:onNext(255)) - client-029E50227556->355864cd-7ac5-4934-b366-9756b15dd90f: receive RaftClientReply:client-029E50227556->355864cd-7ac5-4934-b366-9756b15dd90f@group-785BCF25C267, cid=1218, SUCCESS, logIndex=1689, commits[355864cd-7ac5-4934-b366-9756b15dd90f:c1689, ce4aa411-63c8-4399-99eb-27ce352844f3:c1687, 3eeffb0a-787e-48ec-a2f5-d0c540a89489:c1687]
2019-08-21 15:29:41,813 | INFO  | DNAudit | user=null | ip=null | op=PUT_BLOCK {blockData=[blockId=conID: 2 locID: 102655680533103057 bcsId: 0,size=2097152]} | ret=SUCCESS |  
2019-08-21 15:29:41,814 [grpc-default-executor-2] INFO  client.GrpcClientProtocolClient (GrpcClientProtocolClient.java:onNext(255)) - client-029E50227556->355864cd-7ac5-4934-b366-9756b15dd90f: receive RaftClientReply:client-029E50227556->355864cd-7ac5-4934-b366-9756b15dd90f@group-785BCF25C267, cid=1219, SUCCESS, logIndex=1690, commits[355864cd-7ac5-4934-b366-9756b15dd90f:c1691, ce4aa411-63c8-4399-99eb-27ce352844f3:c1687, 3eeffb0a-787e-48ec-a2f5-d0c540a89489:c1687]
2019-08-21 15:29:41,814 | INFO  | DNAudit | user=null | ip=null | op=WRITE_CHUNK {blockData=conID: 2 locID: 102655680533103057 bcsId: 0} | ret=SUCCESS |  
2019-08-21 15:29:41,814 | INFO  | DNAudit | user=null | ip=null | op=PUT_BLOCK {blockData=[blockId=conID: 2 locID: 102655680533103057 bcsId: 0,size=1048576]} | ret=SUCCESS |  
2019-08-21 15:29:41,814 [grpc-default-executor-2] INFO  client.GrpcClientProtocolClient (GrpcClientProtocolClient.java:onNext(255)) - client-029E50227556->355864cd-7ac5-4934-b366-9756b15dd90f: receive RaftClientReply:client-029E50227556->355864cd-7ac5-4934-b366-9756b15dd90f@group-785BCF25C267, cid=1220, SUCCESS, logIndex=1691, commits[355864cd-7ac5-4934-b366-9756b15dd90f:c1691, ce4aa411-63c8-4399-99eb-27ce352844f3:c1687, 3eeffb0a-787e-48ec-a2f5-d0c540a89489:c1687]
2019-08-21 15:29:41,814 | INFO  | DNAudit | user=null | ip=null | op=WRITE_CHUNK {blockData=conID: 2 locID: 102655680533103057 bcsId: 0} | ret=SUCCESS |  
2019-08-21 15:29:41,815 | INFO  | DNAudit | user=null | ip=null | op=PUT_BLOCK {blockData=[blockId=conID: 2 locID: 102655680533103057 bcsId: 0,size=1048576]} | ret=SUCCESS |  
2019-08-21 15:29:41,815 | INFO  | DNAudit | user=null | ip=null | op=WRITE_CHUNK {blockData=conID: 2 locID: 102655680533103057 bcsId: 0} | ret=SUCCESS |  
2019-08-21 15:29:41,815 | INFO  | DNAudit | user=null | ip=null | op=WRITE_CHUNK {blockData=conID: 2 locID: 102655680533103057 bcsId: 0} | ret=SUCCESS |  
2019-08-21 15:29:41,815 | INFO  | DNAudit | user=null | ip=null | op=PUT_BLOCK {blockData=[blockId=conID: 2 locID: 102655680533103057 bcsId: 0,size=2097152]} | ret=SUCCESS |  
2019-08-21 15:29:41,815 [grpc-default-executor-3] INFO  client.GrpcClientProtocolClient (GrpcClientProtocolClient.java:onNext(255)) - client-029E50227556->355864cd-7ac5-4934-b366-9756b15dd90f: receive RaftClientReply:client-029E50227556->355864cd-7ac5-4934-b366-9756b15dd90f@group-785BCF25C267, cid=1221, SUCCESS, logIndex=0, commits[355864cd-7ac5-4934-b366-9756b15dd90f:c1693, ce4aa411-63c8-4399-99eb-27ce352844f3:c1690, 3eeffb0a-787e-48ec-a2f5-d0c540a89489:c1689]
2019-08-21 15:29:41,816 | INFO  | DNAudit | user=null | ip=null | op=PUT_BLOCK {blockData=[blockId=conID: 2 locID: 102655680533103057 bcsId: 0,size=2097152]} | ret=SUCCESS |  
2019-08-21 15:29:41,822 | INFO  | DNAudit | user=null | ip=null | op=WRITE_CHUNK {blockData=conID: 2 locID: 102655680533103057 bcsId: 1691} | ret=SUCCESS |  
2019-08-21 15:29:41,824 | INFO  | DNAudit | user=null | ip=null | op=WRITE_CHUNK {blockData=conID: 2 locID: 102655680533103057 bcsId: 1691} | ret=SUCCESS |  
2019-08-21 15:29:41,824 | INFO  | DNAudit | user=null | ip=null | op=WRITE_CHUNK {blockData=conID: 2 locID: 102655680533103057 bcsId: 1691} | ret=SUCCESS |  
2019-08-21 15:29:41,834 | INFO  | DNAudit | user=null | ip=null | op=WRITE_CHUNK {blockData=conID: 2 locID: 102655680533103057 bcsId: 1691} | ret=SUCCESS |  
2019-08-21 15:29:41,834 | INFO  | DNAudit | user=null | ip=null | op=PUT_BLOCK {blockData=[blockId=conID: 2 locID: 102655680533103057 bcsId: 0,size=3145728]} | ret=SUCCESS |  
2019-08-21 15:29:41,835 [grpc-default-executor-0] INFO  client.GrpcClientProtocolClient (GrpcClientProtocolClient.java:onNext(255)) - client-029E50227556->355864cd-7ac5-4934-b366-9756b15dd90f: receive RaftClientReply:client-029E50227556->355864cd-7ac5-4934-b366-9756b15dd90f@group-785BCF25C267, cid=1222, SUCCESS, logIndex=1696, commits[355864cd-7ac5-4934-b366-9756b15dd90f:c1697, ce4aa411-63c8-4399-99eb-27ce352844f3:c1695, 3eeffb0a-787e-48ec-a2f5-d0c540a89489:c1695]
2019-08-21 15:29:41,835 [grpc-default-executor-0] INFO  client.GrpcClientProtocolClient (GrpcClientProtocolClient.java:onNext(255)) - client-029E50227556->355864cd-7ac5-4934-b366-9756b15dd90f: receive RaftClientReply:client-029E50227556->355864cd-7ac5-4934-b366-9756b15dd90f@group-785BCF25C267, cid=1223, SUCCESS, logIndex=1697, commits[355864cd-7ac5-4934-b366-9756b15dd90f:c1697, ce4aa411-63c8-4399-99eb-27ce352844f3:c1695, 3eeffb0a-787e-48ec-a2f5-d0c540a89489:c1695]
2019-08-21 15:29:41,842 | INFO  | DNAudit | user=null | ip=null | op=WRITE_CHUNK {blockData=conID: 2 locID: 102655680533103057 bcsId: 1697} | ret=SUCCESS |  
2019-08-21 15:29:41,844 | INFO  | DNAudit | user=null | ip=null | op=WRITE_CHUNK {blockData=conID: 2 locID: 102655680533103057 bcsId: 1697} | ret=SUCCESS |  
2019-08-21 15:29:41,844 | INFO  | DNAudit | user=null | ip=null | op=WRITE_CHUNK {blockData=conID: 2 locID: 102655680533103057 bcsId: 1697} | ret=SUCCESS |  
2019-08-21 15:29:41,845 | INFO  | DNAudit | user=null | ip=null | op=WRITE_CHUNK {blockData=conID: 2 locID: 102655680533103057 bcsId: 1691} | ret=SUCCESS |  
2019-08-21 15:29:41,845 | INFO  | DNAudit | user=null | ip=null | op=WRITE_CHUNK {blockData=conID: 2 locID: 102655680533103057 bcsId: 1691} | ret=SUCCESS |  
2019-08-21 15:29:41,848 | INFO  | DNAudit | user=null | ip=null | op=PUT_BLOCK {blockData=[blockId=conID: 2 locID: 102655680533103057 bcsId: 0,size=3145728]} | ret=SUCCESS |  
2019-08-21 15:29:41,849 | INFO  | DNAudit | user=null | ip=null | op=PUT_BLOCK {blockData=[blockId=conID: 2 locID: 102655680533103057 bcsId: 0,size=3145728]} | ret=SUCCESS |  
2019-08-21 15:29:41,849 | INFO  | DNAudit | user=null | ip=null | op=WRITE_CHUNK {blockData=conID: 2 locID: 102655680533103057 bcsId: 1697} | ret=SUCCESS |  
2019-08-21 15:29:41,850 | INFO  | DNAudit | user=null | ip=null | op=PUT_BLOCK {blockData=[blockId=conID: 2 locID: 102655680533103057 bcsId: 0,size=4194304]} | ret=SUCCESS |  
2019-08-21 15:29:41,850 [grpc-default-executor-0] INFO  client.GrpcClientProtocolClient (GrpcClientProtocolClient.java:onNext(255)) - client-029E50227556->355864cd-7ac5-4934-b366-9756b15dd90f: receive RaftClientReply:client-029E50227556->355864cd-7ac5-4934-b366-9756b15dd90f@group-785BCF25C267, cid=1224, SUCCESS, logIndex=1700, commits[355864cd-7ac5-4934-b366-9756b15dd90f:c1701, ce4aa411-63c8-4399-99eb-27ce352844f3:c1697, 3eeffb0a-787e-48ec-a2f5-d0c540a89489:c1697]
2019-08-21 15:29:41,850 [grpc-default-executor-0] INFO  client.GrpcClientProtocolClient (GrpcClientProtocolClient.java:onNext(255)) - client-029E50227556->355864cd-7ac5-4934-b366-9756b15dd90f: receive RaftClientReply:client-029E50227556->355864cd-7ac5-4934-b366-9756b15dd90f@group-785BCF25C267, cid=1225, SUCCESS, logIndex=1701, commits[355864cd-7ac5-4934-b366-9756b15dd90f:c1701, ce4aa411-63c8-4399-99eb-27ce352844f3:c1697, 3eeffb0a-787e-48ec-a2f5-d0c540a89489:c1697]
2019-08-21 15:29:41,859 | INFO  | DNAudit | user=null | ip=null | op=WRITE_CHUNK {blockData=conID: 2 locID: 102655680533103057 bcsId: 1697} | ret=SUCCESS |  
2019-08-21 15:29:41,859 | INFO  | DNAudit | user=null | ip=null | op=WRITE_CHUNK {blockData=conID: 2 locID: 102655680533103057 bcsId: 1697} | ret=SUCCESS |  
2019-08-21 15:29:41,859 | INFO  | DNAudit | user=null | ip=null | op=PUT_BLOCK {blockData=[blockId=conID: 2 locID: 102655680533103057 bcsId: 0,size=4194304]} | ret=SUCCESS |  
2019-08-21 15:29:41,859 | INFO  | DNAudit | user=null | ip=null | op=PUT_BLOCK {blockData=[blockId=conID: 2 locID: 102655680533103057 bcsId: 0,size=4194304]} | ret=SUCCESS |  
2019-08-21 15:29:41,860 [grpc-default-executor-0] INFO  client.GrpcClientProtocolClient (GrpcClientProtocolClient.java:onNext(255)) - client-029E50227556->355864cd-7ac5-4934-b366-9756b15dd90f: receive RaftClientReply:client-029E50227556->355864cd-7ac5-4934-b366-9756b15dd90f@group-785BCF25C267, cid=1226, SUCCESS, logIndex=0, commits[355864cd-7ac5-4934-b366-9756b15dd90f:c1702, ce4aa411-63c8-4399-99eb-27ce352844f3:c1701, 3eeffb0a-787e-48ec-a2f5-d0c540a89489:c1701]
2019-08-21 15:29:41,866 | INFO  | DNAudit | user=null | ip=null | op=WRITE_CHUNK {blockData=conID: 3 locID: 102655680533103058 bcsId: 0} | ret=SUCCESS |  
2019-08-21 15:29:41,869 | INFO  | DNAudit | user=null | ip=null | op=WRITE_CHUNK {blockData=conID: 3 locID: 102655680533103058 bcsId: 0} | ret=SUCCESS |  
2019-08-21 15:29:41,870 | INFO  | DNAudit | user=null | ip=null | op=WRITE_CHUNK {blockData=conID: 3 locID: 102655680533103058 bcsId: 0} | ret=SUCCESS |  
2019-08-21 15:29:41,870 | INFO  | DNAudit | user=null | ip=null | op=WRITE_CHUNK {blockData=conID: 3 locID: 102655680533103058 bcsId: 0} | ret=SUCCESS |  
2019-08-21 15:29:41,871 | INFO  | DNAudit | user=null | ip=null | op=WRITE_CHUNK {blockData=conID: 3 locID: 102655680533103058 bcsId: 0} | ret=SUCCESS |  
2019-08-21 15:29:41,872 | INFO  | DNAudit | user=null | ip=null | op=WRITE_CHUNK {blockData=conID: 3 locID: 102655680533103058 bcsId: 0} | ret=SUCCESS |  
2019-08-21 15:29:41,878 | INFO  | DNAudit | user=null | ip=null | op=WRITE_CHUNK {blockData=conID: 3 locID: 102655680533103058 bcsId: 0} | ret=SUCCESS |  
2019-08-21 15:29:41,878 | INFO  | DNAudit | user=null | ip=null | op=PUT_BLOCK {blockData=[blockId=conID: 3 locID: 102655680533103058 bcsId: 0,size=1048576]} | ret=SUCCESS |  
2019-08-21 15:29:41,878 [grpc-default-executor-2] INFO  client.GrpcClientProtocolClient (GrpcClientProtocolClient.java:onNext(255)) - client-029E50227556->355864cd-7ac5-4934-b366-9756b15dd90f: receive RaftClientReply:client-029E50227556->355864cd-7ac5-4934-b366-9756b15dd90f@group-785BCF25C267, cid=1227, SUCCESS, logIndex=1704, commits[355864cd-7ac5-4934-b366-9756b15dd90f:c1705, ce4aa411-63c8-4399-99eb-27ce352844f3:c1703, 3eeffb0a-787e-48ec-a2f5-d0c540a89489:c1703]
2019-08-21 15:29:41,879 | INFO  | DNAudit | user=null | ip=null | op=WRITE_CHUNK {blockData=conID: 3 locID: 102655680533103058 bcsId: 0} | ret=SUCCESS |  
2019-08-21 15:29:41,879 [grpc-default-executor-0] INFO  client.GrpcClientProtocolClient (GrpcClientProtocolClient.java:onNext(255)) - client-029E50227556->355864cd-7ac5-4934-b366-9756b15dd90f: receive RaftClientReply:client-029E50227556->355864cd-7ac5-4934-b366-9756b15dd90f@group-785BCF25C267, cid=1228, SUCCESS, logIndex=1705, commits[355864cd-7ac5-4934-b366-9756b15dd90f:c1705, ce4aa411-63c8-4399-99eb-27ce352844f3:c1703, 3eeffb0a-787e-48ec-a2f5-d0c540a89489:c1703]
2019-08-21 15:29:41,879 | INFO  | DNAudit | user=null | ip=null | op=PUT_BLOCK {blockData=[blockId=conID: 3 locID: 102655680533103058 bcsId: 0,size=2097152]} | ret=SUCCESS |  
2019-08-21 15:29:41,879 [grpc-default-executor-0] INFO  client.GrpcClientProtocolClient (GrpcClientProtocolClient.java:onNext(255)) - client-029E50227556->355864cd-7ac5-4934-b366-9756b15dd90f: receive RaftClientReply:client-029E50227556->355864cd-7ac5-4934-b366-9756b15dd90f@group-785BCF25C267, cid=1229, SUCCESS, logIndex=1706, commits[355864cd-7ac5-4934-b366-9756b15dd90f:c1707, ce4aa411-63c8-4399-99eb-27ce352844f3:c1703, 3eeffb0a-787e-48ec-a2f5-d0c540a89489:c1703]
2019-08-21 15:29:41,879 | INFO  | DNAudit | user=null | ip=null | op=WRITE_CHUNK {blockData=conID: 3 locID: 102655680533103058 bcsId: 0} | ret=SUCCESS |  
2019-08-21 15:29:41,880 [grpc-default-executor-0] INFO  client.GrpcClientProtocolClient (GrpcClientProtocolClient.java:onNext(255)) - client-029E50227556->355864cd-7ac5-4934-b366-9756b15dd90f: receive RaftClientReply:client-029E50227556->355864cd-7ac5-4934-b366-9756b15dd90f@group-785BCF25C267, cid=1230, SUCCESS, logIndex=1707, commits[355864cd-7ac5-4934-b366-9756b15dd90f:c1707, ce4aa411-63c8-4399-99eb-27ce352844f3:c1703, 3eeffb0a-787e-48ec-a2f5-d0c540a89489:c1703]
2019-08-21 15:29:41,880 | INFO  | DNAudit | user=null | ip=null | op=PUT_BLOCK {blockData=[blockId=conID: 3 locID: 102655680533103058 bcsId: 0,size=1048576]} | ret=SUCCESS |  
2019-08-21 15:29:41,880 | INFO  | DNAudit | user=null | ip=null | op=WRITE_CHUNK {blockData=conID: 3 locID: 102655680533103058 bcsId: 0} | ret=SUCCESS |  
2019-08-21 15:29:41,880 | INFO  | DNAudit | user=null | ip=null | op=PUT_BLOCK {blockData=[blockId=conID: 3 locID: 102655680533103058 bcsId: 0,size=1048576]} | ret=SUCCESS |  
2019-08-21 15:29:41,881 | INFO  | DNAudit | user=null | ip=null | op=WRITE_CHUNK {blockData=conID: 3 locID: 102655680533103058 bcsId: 0} | ret=SUCCESS |  
2019-08-21 15:29:41,881 [grpc-default-executor-0] INFO  client.GrpcClientProtocolClient (GrpcClientProtocolClient.java:onNext(255)) - client-029E50227556->355864cd-7ac5-4934-b366-9756b15dd90f: receive RaftClientReply:client-029E50227556->355864cd-7ac5-4934-b366-9756b15dd90f@group-785BCF25C267, cid=1231, SUCCESS, logIndex=0, commits[355864cd-7ac5-4934-b366-9756b15dd90f:c1709, ce4aa411-63c8-4399-99eb-27ce352844f3:c1705, 3eeffb0a-787e-48ec-a2f5-d0c540a89489:c1705]
2019-08-21 15:29:41,881 | INFO  | DNAudit | user=null | ip=null | op=PUT_BLOCK {blockData=[blockId=conID: 3 locID: 102655680533103058 bcsId: 0,size=2097152]} | ret=SUCCESS |  
2019-08-21 15:29:41,881 | INFO  | DNAudit | user=null | ip=null | op=WRITE_CHUNK {blockData=conID: 3 locID: 102655680533103058 bcsId: 0} | ret=SUCCESS |  
2019-08-21 15:29:41,881 | INFO  | DNAudit | user=null | ip=null | op=PUT_BLOCK {blockData=[blockId=conID: 3 locID: 102655680533103058 bcsId: 0,size=2097152]} | ret=SUCCESS |  
2019-08-21 15:29:41,887 | INFO  | DNAudit | user=null | ip=null | op=WRITE_CHUNK {blockData=conID: 3 locID: 102655680533103058 bcsId: 1707} | ret=SUCCESS |  
2019-08-21 15:29:41,888 | INFO  | DNAudit | user=null | ip=null | op=WRITE_CHUNK {blockData=conID: 3 locID: 102655680533103058 bcsId: 1707} | ret=SUCCESS |  
2019-08-21 15:29:41,888 | INFO  | DNAudit | user=null | ip=null | op=WRITE_CHUNK {blockData=conID: 3 locID: 102655680533103058 bcsId: 1707} | ret=SUCCESS |  
2019-08-21 15:29:41,891 | INFO  | DNAudit | user=null | ip=null | op=WRITE_CHUNK {blockData=conID: 3 locID: 102655680533103058 bcsId: 1707} | ret=SUCCESS |  
2019-08-21 15:29:41,891 | INFO  | DNAudit | user=null | ip=null | op=PUT_BLOCK {blockData=[blockId=conID: 3 locID: 102655680533103058 bcsId: 0,size=3145728]} | ret=SUCCESS |  
2019-08-21 15:29:41,891 [grpc-default-executor-3] INFO  client.GrpcClientProtocolClient (GrpcClientProtocolClient.java:onNext(255)) - client-029E50227556->355864cd-7ac5-4934-b366-9756b15dd90f: receive RaftClientReply:client-029E50227556->355864cd-7ac5-4934-b366-9756b15dd90f@group-785BCF25C267, cid=1232, SUCCESS, logIndex=1712, commits[355864cd-7ac5-4934-b366-9756b15dd90f:c1713, ce4aa411-63c8-4399-99eb-27ce352844f3:c1707, 3eeffb0a-787e-48ec-a2f5-d0c540a89489:c1711]
2019-08-21 15:29:41,892 [grpc-default-executor-3] INFO  client.GrpcClientProtocolClient (GrpcClientProtocolClient.java:onNext(255)) - client-029E50227556->355864cd-7ac5-4934-b366-9756b15dd90f: receive RaftClientReply:client-029E50227556->355864cd-7ac5-4934-b366-9756b15dd90f@group-785BCF25C267, cid=1233, SUCCESS, logIndex=1713, commits[355864cd-7ac5-4934-b366-9756b15dd90f:c1713, ce4aa411-63c8-4399-99eb-27ce352844f3:c1711, 3eeffb0a-787e-48ec-a2f5-d0c540a89489:c1711]
2019-08-21 15:29:41,898 | INFO  | DNAudit | user=null | ip=null | op=WRITE_CHUNK {blockData=conID: 3 locID: 102655680533103058 bcsId: 1713} | ret=SUCCESS |  
2019-08-21 15:29:41,899 | INFO  | DNAudit | user=null | ip=null | op=WRITE_CHUNK {blockData=conID: 3 locID: 102655680533103058 bcsId: 1713} | ret=SUCCESS |  
2019-08-21 15:29:41,899 | INFO  | DNAudit | user=null | ip=null | op=WRITE_CHUNK {blockData=conID: 3 locID: 102655680533103058 bcsId: 1713} | ret=SUCCESS |  
2019-08-21 15:29:41,901 | INFO  | DNAudit | user=null | ip=null | op=WRITE_CHUNK {blockData=conID: 3 locID: 102655680533103058 bcsId: 1707} | ret=SUCCESS |  
2019-08-21 15:29:41,901 | INFO  | DNAudit | user=null | ip=null | op=WRITE_CHUNK {blockData=conID: 3 locID: 102655680533103058 bcsId: 1707} | ret=SUCCESS |  
2019-08-21 15:29:41,901 | INFO  | DNAudit | user=null | ip=null | op=PUT_BLOCK {blockData=[blockId=conID: 3 locID: 102655680533103058 bcsId: 0,size=3145728]} | ret=SUCCESS |  
2019-08-21 15:29:41,901 | INFO  | DNAudit | user=null | ip=null | op=PUT_BLOCK {blockData=[blockId=conID: 3 locID: 102655680533103058 bcsId: 0,size=3145728]} | ret=SUCCESS |  
2019-08-21 15:29:41,902 | INFO  | DNAudit | user=null | ip=null | op=WRITE_CHUNK {blockData=conID: 3 locID: 102655680533103058 bcsId: 1713} | ret=SUCCESS |  
2019-08-21 15:29:41,903 | INFO  | DNAudit | user=null | ip=null | op=PUT_BLOCK {blockData=[blockId=conID: 3 locID: 102655680533103058 bcsId: 0,size=4194304]} | ret=SUCCESS |  
2019-08-21 15:29:41,903 [grpc-default-executor-3] INFO  client.GrpcClientProtocolClient (GrpcClientProtocolClient.java:onNext(255)) - client-029E50227556->355864cd-7ac5-4934-b366-9756b15dd90f: receive RaftClientReply:client-029E50227556->355864cd-7ac5-4934-b366-9756b15dd90f@group-785BCF25C267, cid=1234, SUCCESS, logIndex=1716, commits[355864cd-7ac5-4934-b366-9756b15dd90f:c1717, ce4aa411-63c8-4399-99eb-27ce352844f3:c1713, 3eeffb0a-787e-48ec-a2f5-d0c540a89489:c1713]
2019-08-21 15:29:41,903 [grpc-default-executor-3] INFO  client.GrpcClientProtocolClient (GrpcClientProtocolClient.java:onNext(255)) - client-029E50227556->355864cd-7ac5-4934-b366-9756b15dd90f: receive RaftClientReply:client-029E50227556->355864cd-7ac5-4934-b366-9756b15dd90f@group-785BCF25C267, cid=1235, SUCCESS, logIndex=1717, commits[355864cd-7ac5-4934-b366-9756b15dd90f:c1717, ce4aa411-63c8-4399-99eb-27ce352844f3:c1713, 3eeffb0a-787e-48ec-a2f5-d0c540a89489:c1713]
2019-08-21 15:29:41,912 | INFO  | DNAudit | user=null | ip=null | op=WRITE_CHUNK {blockData=conID: 3 locID: 102655680533103058 bcsId: 1713} | ret=SUCCESS |  
2019-08-21 15:29:41,912 | INFO  | DNAudit | user=null | ip=null | op=WRITE_CHUNK {blockData=conID: 3 locID: 102655680533103058 bcsId: 1713} | ret=SUCCESS |  
2019-08-21 15:29:41,913 | INFO  | DNAudit | user=null | ip=null | op=PUT_BLOCK {blockData=[blockId=conID: 3 locID: 102655680533103058 bcsId: 0,size=4194304]} | ret=SUCCESS |  
2019-08-21 15:29:41,914 | INFO  | DNAudit | user=null | ip=null | op=PUT_BLOCK {blockData=[blockId=conID: 3 locID: 102655680533103058 bcsId: 0,size=4194304]} | ret=SUCCESS |  
2019-08-21 15:29:41,914 [grpc-default-executor-4] INFO  client.GrpcClientProtocolClient (GrpcClientProtocolClient.java:onNext(255)) - client-029E50227556->355864cd-7ac5-4934-b366-9756b15dd90f: receive RaftClientReply:client-029E50227556->355864cd-7ac5-4934-b366-9756b15dd90f@group-785BCF25C267, cid=1236, SUCCESS, logIndex=0, commits[355864cd-7ac5-4934-b366-9756b15dd90f:c1719, ce4aa411-63c8-4399-99eb-27ce352844f3:c1717, 3eeffb0a-787e-48ec-a2f5-d0c540a89489:c1717]
2019-08-21 15:29:41,930 | INFO  | SCMAudit | user=jenkins1000 | ip=192.168.5.153 | op=ALLOCATE_BLOCK {owner=78849ec2-2b05-45d8-8cb5-e95e2230dbd1, size=4194304, type=RATIS, factor=THREE} | ret=SUCCESS |  
2019-08-21 15:29:41,938 | INFO  | OMAudit | user=jenkins1000 | ip=127.0.0.1 | op=ALLOCATE_BLOCK {volume=vol-0-32358, bucket=bucket-0-01949, key=key-0-56547, dataSize=0, replicationType=null, replicationFactor=null, keyLocationInfo=null, clientID=102655680532119954} | ret=SUCCESS |  
2019-08-21 15:29:41,946 | INFO  | DNAudit | user=null | ip=null | op=WRITE_CHUNK {blockData=conID: 1 locID: 102655680966164947 bcsId: 0} | ret=SUCCESS |  
2019-08-21 15:29:41,948 | INFO  | DNAudit | user=null | ip=null | op=WRITE_CHUNK {blockData=conID: 1 locID: 102655680966164947 bcsId: 0} | ret=SUCCESS |  
2019-08-21 15:29:41,948 | INFO  | DNAudit | user=null | ip=null | op=WRITE_CHUNK {blockData=conID: 1 locID: 102655680966164947 bcsId: 0} | ret=SUCCESS |  
2019-08-21 15:29:41,949 | INFO  | DNAudit | user=null | ip=null | op=WRITE_CHUNK {blockData=conID: 1 locID: 102655680966164947 bcsId: 0} | ret=SUCCESS |  
2019-08-21 15:29:41,950 | INFO  | DNAudit | user=null | ip=null | op=WRITE_CHUNK {blockData=conID: 1 locID: 102655680966164947 bcsId: 0} | ret=SUCCESS |  
2019-08-21 15:29:41,950 | INFO  | DNAudit | user=null | ip=null | op=WRITE_CHUNK {blockData=conID: 1 locID: 102655680966164947 bcsId: 0} | ret=SUCCESS |  
2019-08-21 15:29:41,957 | INFO  | DNAudit | user=null | ip=null | op=WRITE_CHUNK {blockData=conID: 1 locID: 102655680966164947 bcsId: 0} | ret=SUCCESS |  
2019-08-21 15:29:41,957 | INFO  | DNAudit | user=null | ip=null | op=PUT_BLOCK {blockData=[blockId=conID: 1 locID: 102655680966164947 bcsId: 0,size=1048576]} | ret=SUCCESS |  
2019-08-21 15:29:41,958 [grpc-default-executor-4] INFO  client.GrpcClientProtocolClient (GrpcClientProtocolClient.java:onNext(255)) - client-029E50227556->355864cd-7ac5-4934-b366-9756b15dd90f: receive RaftClientReply:client-029E50227556->355864cd-7ac5-4934-b366-9756b15dd90f@group-785BCF25C267, cid=1237, SUCCESS, logIndex=1720, commits[355864cd-7ac5-4934-b366-9756b15dd90f:c1723, ce4aa411-63c8-4399-99eb-27ce352844f3:c1719, 3eeffb0a-787e-48ec-a2f5-d0c540a89489:c1719]
2019-08-21 15:29:41,958 | INFO  | DNAudit | user=null | ip=null | op=WRITE_CHUNK {blockData=conID: 1 locID: 102655680966164947 bcsId: 0} | ret=SUCCESS |  
2019-08-21 15:29:41,958 | INFO  | DNAudit | user=null | ip=null | op=PUT_BLOCK {blockData=[blockId=conID: 1 locID: 102655680966164947 bcsId: 0,size=2097152]} | ret=SUCCESS |  
2019-08-21 15:29:41,958 [grpc-default-executor-4] INFO  client.GrpcClientProtocolClient (GrpcClientProtocolClient.java:onNext(255)) - client-029E50227556->355864cd-7ac5-4934-b366-9756b15dd90f: receive RaftClientReply:client-029E50227556->355864cd-7ac5-4934-b366-9756b15dd90f@group-785BCF25C267, cid=1238, SUCCESS, logIndex=1721, commits[355864cd-7ac5-4934-b366-9756b15dd90f:c1723, ce4aa411-63c8-4399-99eb-27ce352844f3:c1719, 3eeffb0a-787e-48ec-a2f5-d0c540a89489:c1719]
2019-08-21 15:29:41,959 | INFO  | DNAudit | user=null | ip=null | op=WRITE_CHUNK {blockData=conID: 1 locID: 102655680966164947 bcsId: 0} | ret=SUCCESS |  
2019-08-21 15:29:41,959 [grpc-default-executor-4] INFO  client.GrpcClientProtocolClient (GrpcClientProtocolClient.java:onNext(255)) - client-029E50227556->355864cd-7ac5-4934-b366-9756b15dd90f: receive RaftClientReply:client-029E50227556->355864cd-7ac5-4934-b366-9756b15dd90f@group-785BCF25C267, cid=1239, SUCCESS, logIndex=1722, commits[355864cd-7ac5-4934-b366-9756b15dd90f:c1723, ce4aa411-63c8-4399-99eb-27ce352844f3:c1719, 3eeffb0a-787e-48ec-a2f5-d0c540a89489:c1719]
2019-08-21 15:29:41,959 | INFO  | DNAudit | user=null | ip=null | op=WRITE_CHUNK {blockData=conID: 1 locID: 102655680966164947 bcsId: 0} | ret=SUCCESS |  
2019-08-21 15:29:41,959 | INFO  | DNAudit | user=null | ip=null | op=PUT_BLOCK {blockData=[blockId=conID: 1 locID: 102655680966164947 bcsId: 0,size=1048576]} | ret=SUCCESS |  
2019-08-21 15:29:41,959 | INFO  | DNAudit | user=null | ip=null | op=PUT_BLOCK {blockData=[blockId=conID: 1 locID: 102655680966164947 bcsId: 0,size=1048576]} | ret=SUCCESS |  
2019-08-21 15:29:41,959 [grpc-default-executor-4] INFO  client.GrpcClientProtocolClient (GrpcClientProtocolClient.java:onNext(255)) - client-029E50227556->355864cd-7ac5-4934-b366-9756b15dd90f: receive RaftClientReply:client-029E50227556->355864cd-7ac5-4934-b366-9756b15dd90f@group-785BCF25C267, cid=1240, SUCCESS, logIndex=1723, commits[355864cd-7ac5-4934-b366-9756b15dd90f:c1723, ce4aa411-63c8-4399-99eb-27ce352844f3:c1719, 3eeffb0a-787e-48ec-a2f5-d0c540a89489:c1719]
2019-08-21 15:29:41,960 | INFO  | DNAudit | user=null | ip=null | op=WRITE_CHUNK {blockData=conID: 1 locID: 102655680966164947 bcsId: 0} | ret=SUCCESS |  
2019-08-21 15:29:41,960 | INFO  | DNAudit | user=null | ip=null | op=WRITE_CHUNK {blockData=conID: 1 locID: 102655680966164947 bcsId: 0} | ret=SUCCESS |  
2019-08-21 15:29:41,960 | INFO  | DNAudit | user=null | ip=null | op=PUT_BLOCK {blockData=[blockId=conID: 1 locID: 102655680966164947 bcsId: 0,size=2097152]} | ret=SUCCESS |  
2019-08-21 15:29:41,960 [grpc-default-executor-0] INFO  client.GrpcClientProtocolClient (GrpcClientProtocolClient.java:onNext(255)) - client-029E50227556->355864cd-7ac5-4934-b366-9756b15dd90f: receive RaftClientReply:client-029E50227556->355864cd-7ac5-4934-b366-9756b15dd90f@group-785BCF25C267, cid=1241, SUCCESS, logIndex=0, commits[355864cd-7ac5-4934-b366-9756b15dd90f:c1725, ce4aa411-63c8-4399-99eb-27ce352844f3:c1721, 3eeffb0a-787e-48ec-a2f5-d0c540a89489:c1721]
2019-08-21 15:29:41,961 | INFO  | DNAudit | user=null | ip=null | op=PUT_BLOCK {blockData=[blockId=conID: 1 locID: 102655680966164947 bcsId: 0,size=2097152]} | ret=SUCCESS |  
2019-08-21 15:29:41,966 | INFO  | DNAudit | user=null | ip=null | op=WRITE_CHUNK {blockData=conID: 1 locID: 102655680966164947 bcsId: 1723} | ret=SUCCESS |  
2019-08-21 15:29:41,969 | INFO  | DNAudit | user=null | ip=null | op=WRITE_CHUNK {blockData=conID: 1 locID: 102655680966164947 bcsId: 1723} | ret=SUCCESS |  
2019-08-21 15:29:41,969 | INFO  | DNAudit | user=null | ip=null | op=WRITE_CHUNK {blockData=conID: 1 locID: 102655680966164947 bcsId: 1723} | ret=SUCCESS |  
2019-08-21 15:29:41,996 | INFO  | DNAudit | user=null | ip=null | op=WRITE_CHUNK {blockData=conID: 1 locID: 102655680966164947 bcsId: 1723} | ret=SUCCESS |  
2019-08-21 15:29:41,997 | INFO  | DNAudit | user=null | ip=null | op=PUT_BLOCK {blockData=[blockId=conID: 1 locID: 102655680966164947 bcsId: 0,size=3145728]} | ret=SUCCESS |  
2019-08-21 15:29:41,997 [grpc-default-executor-4] INFO  client.GrpcClientProtocolClient (GrpcClientProtocolClient.java:onNext(255)) - client-029E50227556->355864cd-7ac5-4934-b366-9756b15dd90f: receive RaftClientReply:client-029E50227556->355864cd-7ac5-4934-b366-9756b15dd90f@group-785BCF25C267, cid=1242, SUCCESS, logIndex=1728, commits[355864cd-7ac5-4934-b366-9756b15dd90f:c1729, ce4aa411-63c8-4399-99eb-27ce352844f3:c1727, 3eeffb0a-787e-48ec-a2f5-d0c540a89489:c1727]
2019-08-21 15:29:41,998 [grpc-default-executor-4] INFO  client.GrpcClientProtocolClient (GrpcClientProtocolClient.java:onNext(255)) - client-029E50227556->355864cd-7ac5-4934-b366-9756b15dd90f: receive RaftClientReply:client-029E50227556->355864cd-7ac5-4934-b366-9756b15dd90f@group-785BCF25C267, cid=1243, SUCCESS, logIndex=1729, commits[355864cd-7ac5-4934-b366-9756b15dd90f:c1729, ce4aa411-63c8-4399-99eb-27ce352844f3:c1727, 3eeffb0a-787e-48ec-a2f5-d0c540a89489:c1727]
2019-08-21 15:29:41,998 | INFO  | DNAudit | user=null | ip=null | op=WRITE_CHUNK {blockData=conID: 1 locID: 102655680966164947 bcsId: 1723} | ret=SUCCESS |  
2019-08-21 15:29:41,998 | INFO  | DNAudit | user=null | ip=null | op=WRITE_CHUNK {blockData=conID: 1 locID: 102655680966164947 bcsId: 1723} | ret=SUCCESS |  
2019-08-21 15:29:41,999 | INFO  | DNAudit | user=null | ip=null | op=PUT_BLOCK {blockData=[blockId=conID: 1 locID: 102655680966164947 bcsId: 0,size=3145728]} | ret=SUCCESS |  
2019-08-21 15:29:42,000 | INFO  | DNAudit | user=null | ip=null | op=PUT_BLOCK {blockData=[blockId=conID: 1 locID: 102655680966164947 bcsId: 0,size=3145728]} | ret=SUCCESS |  
2019-08-21 15:29:42,005 | INFO  | DNAudit | user=null | ip=null | op=WRITE_CHUNK {blockData=conID: 1 locID: 102655680966164947 bcsId: 1729} | ret=SUCCESS |  
2019-08-21 15:29:42,008 | INFO  | DNAudit | user=null | ip=null | op=WRITE_CHUNK {blockData=conID: 1 locID: 102655680966164947 bcsId: 1729} | ret=SUCCESS |  
2019-08-21 15:29:42,008 | INFO  | DNAudit | user=null | ip=null | op=WRITE_CHUNK {blockData=conID: 1 locID: 102655680966164947 bcsId: 1729} | ret=SUCCESS |  
2019-08-21 15:29:42,018 | INFO  | DNAudit | user=null | ip=null | op=WRITE_CHUNK {blockData=conID: 1 locID: 102655680966164947 bcsId: 1729} | ret=SUCCESS |  
2019-08-21 15:29:42,018 | INFO  | DNAudit | user=null | ip=null | op=PUT_BLOCK {blockData=[blockId=conID: 1 locID: 102655680966164947 bcsId: 0,size=4194304]} | ret=SUCCESS |  
2019-08-21 15:29:42,018 [grpc-default-executor-4] INFO  client.GrpcClientProtocolClient (GrpcClientProtocolClient.java:onNext(255)) - client-029E50227556->355864cd-7ac5-4934-b366-9756b15dd90f: receive RaftClientReply:client-029E50227556->355864cd-7ac5-4934-b366-9756b15dd90f@group-785BCF25C267, cid=1244, SUCCESS, logIndex=1732, commits[355864cd-7ac5-4934-b366-9756b15dd90f:c1733, ce4aa411-63c8-4399-99eb-27ce352844f3:c1731, 3eeffb0a-787e-48ec-a2f5-d0c540a89489:c1731]
2019-08-21 15:29:42,019 [grpc-default-executor-4] INFO  client.GrpcClientProtocolClient (GrpcClientProtocolClient.java:onNext(255)) - client-029E50227556->355864cd-7ac5-4934-b366-9756b15dd90f: receive RaftClientReply:client-029E50227556->355864cd-7ac5-4934-b366-9756b15dd90f@group-785BCF25C267, cid=1245, SUCCESS, logIndex=1733, commits[355864cd-7ac5-4934-b366-9756b15dd90f:c1733, ce4aa411-63c8-4399-99eb-27ce352844f3:c1731, 3eeffb0a-787e-48ec-a2f5-d0c540a89489:c1731]
2019-08-21 15:29:42,029 | INFO  | DNAudit | user=null | ip=null | op=WRITE_CHUNK {blockData=conID: 1 locID: 102655680966164947 bcsId: 1729} | ret=SUCCESS |  
2019-08-21 15:29:42,030 | INFO  | DNAudit | user=null | ip=null | op=WRITE_CHUNK {blockData=conID: 1 locID: 102655680966164947 bcsId: 1729} | ret=SUCCESS |  
2019-08-21 15:29:42,031 | INFO  | DNAudit | user=null | ip=null | op=PUT_BLOCK {blockData=[blockId=conID: 1 locID: 102655680966164947 bcsId: 0,size=4194304]} | ret=SUCCESS |  
2019-08-21 15:29:42,031 | INFO  | DNAudit | user=null | ip=null | op=PUT_BLOCK {blockData=[blockId=conID: 1 locID: 102655680966164947 bcsId: 0,size=4194304]} | ret=SUCCESS |  
2019-08-21 15:29:42,031 [grpc-default-executor-2] INFO  client.GrpcClientProtocolClient (GrpcClientProtocolClient.java:onNext(255)) - client-029E50227556->355864cd-7ac5-4934-b366-9756b15dd90f: receive RaftClientReply:client-029E50227556->355864cd-7ac5-4934-b366-9756b15dd90f@group-785BCF25C267, cid=1246, SUCCESS, logIndex=0, commits[355864cd-7ac5-4934-b366-9756b15dd90f:c1735, ce4aa411-63c8-4399-99eb-27ce352844f3:c1733, 3eeffb0a-787e-48ec-a2f5-d0c540a89489:c1733]
2019-08-21 15:29:42,037 | INFO  | SCMAudit | user=jenkins1000 | ip=192.168.5.153 | op=ALLOCATE_BLOCK {owner=78849ec2-2b05-45d8-8cb5-e95e2230dbd1, size=4194304, type=RATIS, factor=THREE} | ret=SUCCESS |  
2019-08-21 15:29:42,041 | INFO  | OMAudit | user=jenkins1000 | ip=127.0.0.1 | op=ALLOCATE_BLOCK {volume=vol-0-32358, bucket=bucket-0-01949, key=key-0-56547, dataSize=0, replicationType=null, replicationFactor=null, keyLocationInfo=null, clientID=102655680532119954} | ret=SUCCESS |  
2019-08-21 15:29:42,044 | INFO  | SCMAudit | user=jenkins1000 | ip=192.168.5.153 | op=SEND_HEARTBEAT {datanodeUUID=a38cd7e0-d792-481c-a4c0-f4feaa89ec8f, command=[]} | ret=SUCCESS |  
2019-08-21 15:29:42,045 | INFO  | SCMAudit | user=jenkins1000 | ip=192.168.5.153 | op=SEND_HEARTBEAT {datanodeUUID=a0074e04-2715-4b16-a2b0-10b5043d27ae, command=[]} | ret=SUCCESS |  
2019-08-21 15:29:42,047 | INFO  | DNAudit | user=null | ip=null | op=WRITE_CHUNK {blockData=conID: 2 locID: 102655680973177300 bcsId: 0} | ret=SUCCESS |  
2019-08-21 15:29:42,049 | INFO  | DNAudit | user=null | ip=null | op=WRITE_CHUNK {blockData=conID: 2 locID: 102655680973177300 bcsId: 0} | ret=SUCCESS |  
2019-08-21 15:29:42,049 | INFO  | DNAudit | user=null | ip=null | op=WRITE_CHUNK {blockData=conID: 2 locID: 102655680973177300 bcsId: 0} | ret=SUCCESS |  
2019-08-21 15:29:42,052 | INFO  | DNAudit | user=null | ip=null | op=WRITE_CHUNK {blockData=conID: 2 locID: 102655680973177300 bcsId: 0} | ret=SUCCESS |  
2019-08-21 15:29:42,054 | INFO  | DNAudit | user=null | ip=null | op=WRITE_CHUNK {blockData=conID: 2 locID: 102655680973177300 bcsId: 0} | ret=SUCCESS |  
2019-08-21 15:29:42,054 | INFO  | DNAudit | user=null | ip=null | op=WRITE_CHUNK {blockData=conID: 2 locID: 102655680973177300 bcsId: 0} | ret=SUCCESS |  
2019-08-21 15:29:42,060 | INFO  | DNAudit | user=null | ip=null | op=WRITE_CHUNK {blockData=conID: 2 locID: 102655680973177300 bcsId: 0} | ret=SUCCESS |  
2019-08-21 15:29:42,060 | INFO  | DNAudit | user=null | ip=null | op=PUT_BLOCK {blockData=[blockId=conID: 2 locID: 102655680973177300 bcsId: 0,size=1048576]} | ret=SUCCESS |  
2019-08-21 15:29:42,061 [grpc-default-executor-2] INFO  client.GrpcClientProtocolClient (GrpcClientProtocolClient.java:onNext(255)) - client-029E50227556->355864cd-7ac5-4934-b366-9756b15dd90f: receive RaftClientReply:client-029E50227556->355864cd-7ac5-4934-b366-9756b15dd90f@group-785BCF25C267, cid=1247, SUCCESS, logIndex=1736, commits[355864cd-7ac5-4934-b366-9756b15dd90f:c1737, ce4aa411-63c8-4399-99eb-27ce352844f3:c1735, 3eeffb0a-787e-48ec-a2f5-d0c540a89489:c1735]
2019-08-21 15:29:42,061 | INFO  | DNAudit | user=null | ip=null | op=WRITE_CHUNK {blockData=conID: 2 locID: 102655680973177300 bcsId: 0} | ret=SUCCESS |  
2019-08-21 15:29:42,061 [grpc-default-executor-2] INFO  client.GrpcClientProtocolClient (GrpcClientProtocolClient.java:onNext(255)) - client-029E50227556->355864cd-7ac5-4934-b366-9756b15dd90f: receive RaftClientReply:client-029E50227556->355864cd-7ac5-4934-b366-9756b15dd90f@group-785BCF25C267, cid=1248, SUCCESS, logIndex=1737, commits[355864cd-7ac5-4934-b366-9756b15dd90f:c1739, ce4aa411-63c8-4399-99eb-27ce352844f3:c1735, 3eeffb0a-787e-48ec-a2f5-d0c540a89489:c1735]
2019-08-21 15:29:42,062 | INFO  | DNAudit | user=null | ip=null | op=WRITE_CHUNK {blockData=conID: 2 locID: 102655680973177300 bcsId: 0} | ret=SUCCESS |  
2019-08-21 15:29:42,062 | INFO  | DNAudit | user=null | ip=null | op=PUT_BLOCK {blockData=[blockId=conID: 2 locID: 102655680973177300 bcsId: 0,size=2097152]} | ret=SUCCESS |  
2019-08-21 15:29:42,062 [grpc-default-executor-0] INFO  client.GrpcClientProtocolClient (GrpcClientProtocolClient.java:onNext(255)) - client-029E50227556->355864cd-7ac5-4934-b366-9756b15dd90f: receive RaftClientReply:client-029E50227556->355864cd-7ac5-4934-b366-9756b15dd90f@group-785BCF25C267, cid=1249, SUCCESS, logIndex=1738, commits[355864cd-7ac5-4934-b366-9756b15dd90f:c1739, ce4aa411-63c8-4399-99eb-27ce352844f3:c1735, 3eeffb0a-787e-48ec-a2f5-d0c540a89489:c1735]
2019-08-21 15:29:42,062 | INFO  | DNAudit | user=null | ip=null | op=PUT_BLOCK {blockData=[blockId=conID: 2 locID: 102655680973177300 bcsId: 0,size=1048576]} | ret=SUCCESS |  
2019-08-21 15:29:42,062 | INFO  | DNAudit | user=null | ip=null | op=WRITE_CHUNK {blockData=conID: 2 locID: 102655680973177300 bcsId: 0} | ret=SUCCESS |  
2019-08-21 15:29:42,062 | INFO  | DNAudit | user=null | ip=null | op=PUT_BLOCK {blockData=[blockId=conID: 2 locID: 102655680973177300 bcsId: 0,size=1048576]} | ret=SUCCESS |  
2019-08-21 15:29:42,062 [grpc-default-executor-0] INFO  client.GrpcClientProtocolClient (GrpcClientProtocolClient.java:onNext(255)) - client-029E50227556->355864cd-7ac5-4934-b366-9756b15dd90f: receive RaftClientReply:client-029E50227556->355864cd-7ac5-4934-b366-9756b15dd90f@group-785BCF25C267, cid=1250, SUCCESS, logIndex=1739, commits[355864cd-7ac5-4934-b366-9756b15dd90f:c1741, ce4aa411-63c8-4399-99eb-27ce352844f3:c1735, 3eeffb0a-787e-48ec-a2f5-d0c540a89489:c1737]
2019-08-21 15:29:42,063 | INFO  | DNAudit | user=null | ip=null | op=WRITE_CHUNK {blockData=conID: 2 locID: 102655680973177300 bcsId: 0} | ret=SUCCESS |  
2019-08-21 15:29:42,063 | INFO  | DNAudit | user=null | ip=null | op=WRITE_CHUNK {blockData=conID: 2 locID: 102655680973177300 bcsId: 0} | ret=SUCCESS |  
2019-08-21 15:29:42,063 | INFO  | DNAudit | user=null | ip=null | op=PUT_BLOCK {blockData=[blockId=conID: 2 locID: 102655680973177300 bcsId: 0,size=2097152]} | ret=SUCCESS |  
2019-08-21 15:29:42,063 | INFO  | DNAudit | user=null | ip=null | op=PUT_BLOCK {blockData=[blockId=conID: 2 locID: 102655680973177300 bcsId: 0,size=2097152]} | ret=SUCCESS |  
2019-08-21 15:29:42,064 [grpc-default-executor-0] INFO  client.GrpcClientProtocolClient (GrpcClientProtocolClient.java:onNext(255)) - client-029E50227556->355864cd-7ac5-4934-b366-9756b15dd90f: receive RaftClientReply:client-029E50227556->355864cd-7ac5-4934-b366-9756b15dd90f@group-785BCF25C267, cid=1251, SUCCESS, logIndex=0, commits[355864cd-7ac5-4934-b366-9756b15dd90f:c1742, ce4aa411-63c8-4399-99eb-27ce352844f3:c1738, 3eeffb0a-787e-48ec-a2f5-d0c540a89489:c1739]
2019-08-21 15:29:42,071 | INFO  | DNAudit | user=null | ip=null | op=WRITE_CHUNK {blockData=conID: 2 locID: 102655680973177300 bcsId: 1739} | ret=SUCCESS |  
2019-08-21 15:29:42,072 | INFO  | DNAudit | user=null | ip=null | op=WRITE_CHUNK {blockData=conID: 2 locID: 102655680973177300 bcsId: 1739} | ret=SUCCESS |  
2019-08-21 15:29:42,073 | INFO  | DNAudit | user=null | ip=null | op=WRITE_CHUNK {blockData=conID: 2 locID: 102655680973177300 bcsId: 1739} | ret=SUCCESS |  
2019-08-21 15:29:42,083 | INFO  | DNAudit | user=null | ip=null | op=WRITE_CHUNK {blockData=conID: 2 locID: 102655680973177300 bcsId: 1739} | ret=SUCCESS |  
2019-08-21 15:29:42,084 | INFO  | DNAudit | user=null | ip=null | op=PUT_BLOCK {blockData=[blockId=conID: 2 locID: 102655680973177300 bcsId: 0,size=3145728]} | ret=SUCCESS |  
2019-08-21 15:29:42,084 [grpc-default-executor-0] INFO  client.GrpcClientProtocolClient (GrpcClientProtocolClient.java:onNext(255)) - client-029E50227556->355864cd-7ac5-4934-b366-9756b15dd90f: receive RaftClientReply:client-029E50227556->355864cd-7ac5-4934-b366-9756b15dd90f@group-785BCF25C267, cid=1252, SUCCESS, logIndex=1744, commits[355864cd-7ac5-4934-b366-9756b15dd90f:c1745, ce4aa411-63c8-4399-99eb-27ce352844f3:c1743, 3eeffb0a-787e-48ec-a2f5-d0c540a89489:c1743]
2019-08-21 15:29:42,084 [grpc-default-executor-0] INFO  client.GrpcClientProtocolClient (GrpcClientProtocolClient.java:onNext(255)) - client-029E50227556->355864cd-7ac5-4934-b366-9756b15dd90f: receive RaftClientReply:client-029E50227556->355864cd-7ac5-4934-b366-9756b15dd90f@group-785BCF25C267, cid=1253, SUCCESS, logIndex=1745, commits[355864cd-7ac5-4934-b366-9756b15dd90f:c1745, ce4aa411-63c8-4399-99eb-27ce352844f3:c1743, 3eeffb0a-787e-48ec-a2f5-d0c540a89489:c1743]
2019-08-21 15:29:42,091 | INFO  | DNAudit | user=null | ip=null | op=WRITE_CHUNK {blockData=conID: 2 locID: 102655680973177300 bcsId: 1745} | ret=SUCCESS |  
2019-08-21 15:29:42,093 | INFO  | DNAudit | user=null | ip=null | op=WRITE_CHUNK {blockData=conID: 2 locID: 102655680973177300 bcsId: 1745} | ret=SUCCESS |  
2019-08-21 15:29:42,093 | INFO  | DNAudit | user=null | ip=null | op=WRITE_CHUNK {blockData=conID: 2 locID: 102655680973177300 bcsId: 1745} | ret=SUCCESS |  
2019-08-21 15:29:42,095 | INFO  | DNAudit | user=null | ip=null | op=WRITE_CHUNK {blockData=conID: 2 locID: 102655680973177300 bcsId: 1739} | ret=SUCCESS |  
2019-08-21 15:29:42,095 | INFO  | DNAudit | user=null | ip=null | op=WRITE_CHUNK {blockData=conID: 2 locID: 102655680973177300 bcsId: 1739} | ret=SUCCESS |  
2019-08-21 15:29:42,095 | INFO  | DNAudit | user=null | ip=null | op=PUT_BLOCK {blockData=[blockId=conID: 2 locID: 102655680973177300 bcsId: 0,size=3145728]} | ret=SUCCESS |  
2019-08-21 15:29:42,095 | INFO  | DNAudit | user=null | ip=null | op=PUT_BLOCK {blockData=[blockId=conID: 2 locID: 102655680973177300 bcsId: 0,size=3145728]} | ret=SUCCESS |  
2019-08-21 15:29:42,097 | INFO  | DNAudit | user=null | ip=null | op=WRITE_CHUNK {blockData=conID: 2 locID: 102655680973177300 bcsId: 1745} | ret=SUCCESS |  
2019-08-21 15:29:42,097 | INFO  | DNAudit | user=null | ip=null | op=PUT_BLOCK {blockData=[blockId=conID: 2 locID: 102655680973177300 bcsId: 0,size=4194304]} | ret=SUCCESS |  
2019-08-21 15:29:42,097 [grpc-default-executor-2] INFO  client.GrpcClientProtocolClient (GrpcClientProtocolClient.java:onNext(255)) - client-029E50227556->355864cd-7ac5-4934-b366-9756b15dd90f: receive RaftClientReply:client-029E50227556->355864cd-7ac5-4934-b366-9756b15dd90f@group-785BCF25C267, cid=1254, SUCCESS, logIndex=1748, commits[355864cd-7ac5-4934-b366-9756b15dd90f:c1749, ce4aa411-63c8-4399-99eb-27ce352844f3:c1745, 3eeffb0a-787e-48ec-a2f5-d0c540a89489:c1745]
2019-08-21 15:29:42,098 [grpc-default-executor-2] INFO  client.GrpcClientProtocolClient (GrpcClientProtocolClient.java:onNext(255)) - client-029E50227556->355864cd-7ac5-4934-b366-9756b15dd90f: receive RaftClientReply:client-029E50227556->355864cd-7ac5-4934-b366-9756b15dd90f@group-785BCF25C267, cid=1255, SUCCESS, logIndex=1749, commits[355864cd-7ac5-4934-b366-9756b15dd90f:c1749, ce4aa411-63c8-4399-99eb-27ce352844f3:c1745, 3eeffb0a-787e-48ec-a2f5-d0c540a89489:c1745]
2019-08-21 15:29:42,108 | INFO  | DNAudit | user=null | ip=null | op=WRITE_CHUNK {blockData=conID: 2 locID: 102655680973177300 bcsId: 1745} | ret=SUCCESS |  
2019-08-21 15:29:42,108 | INFO  | DNAudit | user=null | ip=null | op=WRITE_CHUNK {blockData=conID: 2 locID: 102655680973177300 bcsId: 1745} | ret=SUCCESS |  
2019-08-21 15:29:42,109 | INFO  | DNAudit | user=null | ip=null | op=PUT_BLOCK {blockData=[blockId=conID: 2 locID: 102655680973177300 bcsId: 0,size=4194304]} | ret=SUCCESS |  
2019-08-21 15:29:42,109 | INFO  | DNAudit | user=null | ip=null | op=PUT_BLOCK {blockData=[blockId=conID: 2 locID: 102655680973177300 bcsId: 0,size=4194304]} | ret=SUCCESS |  
2019-08-21 15:29:42,110 [grpc-default-executor-0] INFO  client.GrpcClientProtocolClient (GrpcClientProtocolClient.java:onNext(255)) - client-029E50227556->355864cd-7ac5-4934-b366-9756b15dd90f: receive RaftClientReply:client-029E50227556->355864cd-7ac5-4934-b366-9756b15dd90f@group-785BCF25C267, cid=1256, SUCCESS, logIndex=0, commits[355864cd-7ac5-4934-b366-9756b15dd90f:c1751, ce4aa411-63c8-4399-99eb-27ce352844f3:c1749, 3eeffb0a-787e-48ec-a2f5-d0c540a89489:c1749]
2019-08-21 15:29:42,115 | INFO  | SCMAudit | user=jenkins1000 | ip=192.168.5.153 | op=ALLOCATE_BLOCK {owner=78849ec2-2b05-45d8-8cb5-e95e2230dbd1, size=4194304, type=RATIS, factor=THREE} | ret=SUCCESS |  
2019-08-21 15:29:42,118 | INFO  | OMAudit | user=jenkins1000 | ip=127.0.0.1 | op=ALLOCATE_BLOCK {volume=vol-0-32358, bucket=bucket-0-01949, key=key-0-56547, dataSize=0, replicationType=null, replicationFactor=null, keyLocationInfo=null, clientID=102655680532119954} | ret=SUCCESS |  
2019-08-21 15:29:42,125 | INFO  | DNAudit | user=null | ip=null | op=WRITE_CHUNK {blockData=conID: 3 locID: 102655680978289109 bcsId: 0} | ret=SUCCESS |  
2019-08-21 15:29:42,127 | INFO  | DNAudit | user=null | ip=null | op=WRITE_CHUNK {blockData=conID: 3 locID: 102655680978289109 bcsId: 0} | ret=SUCCESS |  
2019-08-21 15:29:42,129 | INFO  | DNAudit | user=null | ip=null | op=WRITE_CHUNK {blockData=conID: 3 locID: 102655680978289109 bcsId: 0} | ret=SUCCESS |  
2019-08-21 15:29:42,129 | INFO  | DNAudit | user=null | ip=null | op=WRITE_CHUNK {blockData=conID: 3 locID: 102655680978289109 bcsId: 0} | ret=SUCCESS |  
2019-08-21 15:29:42,130 | INFO  | DNAudit | user=null | ip=null | op=WRITE_CHUNK {blockData=conID: 3 locID: 102655680978289109 bcsId: 0} | ret=SUCCESS |  
2019-08-21 15:29:42,131 | INFO  | DNAudit | user=null | ip=null | op=WRITE_CHUNK {blockData=conID: 3 locID: 102655680978289109 bcsId: 0} | ret=SUCCESS |  
2019-08-21 15:29:42,138 | INFO  | DNAudit | user=null | ip=null | op=WRITE_CHUNK {blockData=conID: 3 locID: 102655680978289109 bcsId: 0} | ret=SUCCESS |  
2019-08-21 15:29:42,138 | INFO  | DNAudit | user=null | ip=null | op=PUT_BLOCK {blockData=[blockId=conID: 3 locID: 102655680978289109 bcsId: 0,size=1048576]} | ret=SUCCESS |  
2019-08-21 15:29:42,138 [grpc-default-executor-2] INFO  client.GrpcClientProtocolClient (GrpcClientProtocolClient.java:onNext(255)) - client-029E50227556->355864cd-7ac5-4934-b366-9756b15dd90f: receive RaftClientReply:client-029E50227556->355864cd-7ac5-4934-b366-9756b15dd90f@group-785BCF25C267, cid=1257, SUCCESS, logIndex=1752, commits[355864cd-7ac5-4934-b366-9756b15dd90f:c1753, ce4aa411-63c8-4399-99eb-27ce352844f3:c1751, 3eeffb0a-787e-48ec-a2f5-d0c540a89489:c1751]
2019-08-21 15:29:42,139 | INFO  | DNAudit | user=null | ip=null | op=WRITE_CHUNK {blockData=conID: 3 locID: 102655680978289109 bcsId: 0} | ret=SUCCESS |  
2019-08-21 15:29:42,139 [grpc-default-executor-2] INFO  client.GrpcClientProtocolClient (GrpcClientProtocolClient.java:onNext(255)) - client-029E50227556->355864cd-7ac5-4934-b366-9756b15dd90f: receive RaftClientReply:client-029E50227556->355864cd-7ac5-4934-b366-9756b15dd90f@group-785BCF25C267, cid=1258, SUCCESS, logIndex=1753, commits[355864cd-7ac5-4934-b366-9756b15dd90f:c1754, ce4aa411-63c8-4399-99eb-27ce352844f3:c1751, 3eeffb0a-787e-48ec-a2f5-d0c540a89489:c1751]
2019-08-21 15:29:42,139 | INFO  | DNAudit | user=null | ip=null | op=PUT_BLOCK {blockData=[blockId=conID: 3 locID: 102655680978289109 bcsId: 0,size=2097152]} | ret=SUCCESS |  
2019-08-21 15:29:42,140 | INFO  | DNAudit | user=null | ip=null | op=WRITE_CHUNK {blockData=conID: 3 locID: 102655680978289109 bcsId: 0} | ret=SUCCESS |  
2019-08-21 15:29:42,140 [grpc-default-executor-2] INFO  client.GrpcClientProtocolClient (GrpcClientProtocolClient.java:onNext(255)) - client-029E50227556->355864cd-7ac5-4934-b366-9756b15dd90f: receive RaftClientReply:client-029E50227556->355864cd-7ac5-4934-b366-9756b15dd90f@group-785BCF25C267, cid=1259, SUCCESS, logIndex=1754, commits[355864cd-7ac5-4934-b366-9756b15dd90f:c1755, ce4aa411-63c8-4399-99eb-27ce352844f3:c1751, 3eeffb0a-787e-48ec-a2f5-d0c540a89489:c1751]
2019-08-21 15:29:42,140 | INFO  | DNAudit | user=null | ip=null | op=PUT_BLOCK {blockData=[blockId=conID: 3 locID: 102655680978289109 bcsId: 0,size=1048576]} | ret=SUCCESS |  
2019-08-21 15:29:42,140 [grpc-default-executor-2] INFO  client.GrpcClientProtocolClient (GrpcClientProtocolClient.java:onNext(255)) - client-029E50227556->355864cd-7ac5-4934-b366-9756b15dd90f: receive RaftClientReply:client-029E50227556->355864cd-7ac5-4934-b366-9756b15dd90f@group-785BCF25C267, cid=1260, SUCCESS, logIndex=1755, commits[355864cd-7ac5-4934-b366-9756b15dd90f:c1755, ce4aa411-63c8-4399-99eb-27ce352844f3:c1751, 3eeffb0a-787e-48ec-a2f5-d0c540a89489:c1751]
2019-08-21 15:29:42,141 | INFO  | DNAudit | user=null | ip=null | op=WRITE_CHUNK {blockData=conID: 3 locID: 102655680978289109 bcsId: 0} | ret=SUCCESS |  
2019-08-21 15:29:42,141 | INFO  | DNAudit | user=null | ip=null | op=WRITE_CHUNK {blockData=conID: 3 locID: 102655680978289109 bcsId: 0} | ret=SUCCESS |  
2019-08-21 15:29:42,141 | INFO  | DNAudit | user=null | ip=null | op=PUT_BLOCK {blockData=[blockId=conID: 3 locID: 102655680978289109 bcsId: 0,size=2097152]} | ret=SUCCESS |  
2019-08-21 15:29:42,141 | INFO  | DNAudit | user=null | ip=null | op=PUT_BLOCK {blockData=[blockId=conID: 3 locID: 102655680978289109 bcsId: 0,size=1048576]} | ret=SUCCESS |  
2019-08-21 15:29:42,141 | INFO  | DNAudit | user=null | ip=null | op=WRITE_CHUNK {blockData=conID: 3 locID: 102655680978289109 bcsId: 0} | ret=SUCCESS |  
2019-08-21 15:29:42,142 | INFO  | DNAudit | user=null | ip=null | op=PUT_BLOCK {blockData=[blockId=conID: 3 locID: 102655680978289109 bcsId: 0,size=2097152]} | ret=SUCCESS |  
2019-08-21 15:29:42,142 [grpc-default-executor-0] INFO  client.GrpcClientProtocolClient (GrpcClientProtocolClient.java:onNext(255)) - client-029E50227556->355864cd-7ac5-4934-b366-9756b15dd90f: receive RaftClientReply:client-029E50227556->355864cd-7ac5-4934-b366-9756b15dd90f@group-785BCF25C267, cid=1261, SUCCESS, logIndex=0, commits[355864cd-7ac5-4934-b366-9756b15dd90f:c1759, ce4aa411-63c8-4399-99eb-27ce352844f3:c1753, 3eeffb0a-787e-48ec-a2f5-d0c540a89489:c1755]
2019-08-21 15:29:42,149 | INFO  | DNAudit | user=null | ip=null | op=WRITE_CHUNK {blockData=conID: 3 locID: 102655680978289109 bcsId: 1755} | ret=SUCCESS |  
2019-08-21 15:29:42,151 | INFO  | DNAudit | user=null | ip=null | op=WRITE_CHUNK {blockData=conID: 3 locID: 102655680978289109 bcsId: 1755} | ret=SUCCESS |  
2019-08-21 15:29:42,151 | INFO  | DNAudit | user=null | ip=null | op=WRITE_CHUNK {blockData=conID: 3 locID: 102655680978289109 bcsId: 1755} | ret=SUCCESS |  
2019-08-21 15:29:42,161 | INFO  | DNAudit | user=null | ip=null | op=WRITE_CHUNK {blockData=conID: 3 locID: 102655680978289109 bcsId: 1755} | ret=SUCCESS |  
2019-08-21 15:29:42,161 | INFO  | DNAudit | user=null | ip=null | op=PUT_BLOCK {blockData=[blockId=conID: 3 locID: 102655680978289109 bcsId: 0,size=3145728]} | ret=SUCCESS |  
2019-08-21 15:29:42,161 [grpc-default-executor-2] INFO  client.GrpcClientProtocolClient (GrpcClientProtocolClient.java:onNext(255)) - client-029E50227556->355864cd-7ac5-4934-b366-9756b15dd90f: receive RaftClientReply:client-029E50227556->355864cd-7ac5-4934-b366-9756b15dd90f@group-785BCF25C267, cid=1262, SUCCESS, logIndex=1760, commits[355864cd-7ac5-4934-b366-9756b15dd90f:c1761, ce4aa411-63c8-4399-99eb-27ce352844f3:c1759, 3eeffb0a-787e-48ec-a2f5-d0c540a89489:c1759]
2019-08-21 15:29:42,162 [grpc-default-executor-2] INFO  client.GrpcClientProtocolClient (GrpcClientProtocolClient.java:onNext(255)) - client-029E50227556->355864cd-7ac5-4934-b366-9756b15dd90f: receive RaftClientReply:client-029E50227556->355864cd-7ac5-4934-b366-9756b15dd90f@group-785BCF25C267, cid=1263, SUCCESS, logIndex=1761, commits[355864cd-7ac5-4934-b366-9756b15dd90f:c1761, ce4aa411-63c8-4399-99eb-27ce352844f3:c1759, 3eeffb0a-787e-48ec-a2f5-d0c540a89489:c1759]
2019-08-21 15:29:42,169 | INFO  | DNAudit | user=null | ip=null | op=WRITE_CHUNK {blockData=conID: 3 locID: 102655680978289109 bcsId: 1761} | ret=SUCCESS |  
2019-08-21 15:29:42,171 | INFO  | DNAudit | user=null | ip=null | op=WRITE_CHUNK {blockData=conID: 3 locID: 102655680978289109 bcsId: 1761} | ret=SUCCESS |  
2019-08-21 15:29:42,171 | INFO  | DNAudit | user=null | ip=null | op=WRITE_CHUNK {blockData=conID: 3 locID: 102655680978289109 bcsId: 1761} | ret=SUCCESS |  
2019-08-21 15:29:42,172 | INFO  | DNAudit | user=null | ip=null | op=WRITE_CHUNK {blockData=conID: 3 locID: 102655680978289109 bcsId: 1755} | ret=SUCCESS |  
2019-08-21 15:29:42,172 | INFO  | DNAudit | user=null | ip=null | op=WRITE_CHUNK {blockData=conID: 3 locID: 102655680978289109 bcsId: 1755} | ret=SUCCESS |  
2019-08-21 15:29:42,174 | INFO  | DNAudit | user=null | ip=null | op=PUT_BLOCK {blockData=[blockId=conID: 3 locID: 102655680978289109 bcsId: 0,size=3145728]} | ret=SUCCESS |  
2019-08-21 15:29:42,174 | INFO  | DNAudit | user=null | ip=null | op=PUT_BLOCK {blockData=[blockId=conID: 3 locID: 102655680978289109 bcsId: 0,size=3145728]} | ret=SUCCESS |  
2019-08-21 15:29:42,174 | INFO  | DNAudit | user=null | ip=null | op=WRITE_CHUNK {blockData=conID: 3 locID: 102655680978289109 bcsId: 1761} | ret=SUCCESS |  
2019-08-21 15:29:42,175 | INFO  | DNAudit | user=null | ip=null | op=PUT_BLOCK {blockData=[blockId=conID: 3 locID: 102655680978289109 bcsId: 0,size=4194304]} | ret=SUCCESS |  
2019-08-21 15:29:42,175 [grpc-default-executor-2] INFO  client.GrpcClientProtocolClient (GrpcClientProtocolClient.java:onNext(255)) - client-029E50227556->355864cd-7ac5-4934-b366-9756b15dd90f: receive RaftClientReply:client-029E50227556->355864cd-7ac5-4934-b366-9756b15dd90f@group-785BCF25C267, cid=1264, SUCCESS, logIndex=1764, commits[355864cd-7ac5-4934-b366-9756b15dd90f:c1764, ce4aa411-63c8-4399-99eb-27ce352844f3:c1761, 3eeffb0a-787e-48ec-a2f5-d0c540a89489:c1761]
2019-08-21 15:29:42,283 | INFO  | DNAudit | user=null | ip=null | op=WRITE_CHUNK {blockData=conID: 3 locID: 102655680978289109 bcsId: 1761} | ret=SUCCESS |  
2019-08-21 15:29:42,283 [grpc-default-executor-2] INFO  client.GrpcClientProtocolClient (GrpcClientProtocolClient.java:onNext(255)) - client-029E50227556->355864cd-7ac5-4934-b366-9756b15dd90f: receive RaftClientReply:client-029E50227556->355864cd-7ac5-4934-b366-9756b15dd90f@group-785BCF25C267, cid=1265, SUCCESS, logIndex=1765, commits[355864cd-7ac5-4934-b366-9756b15dd90f:c1765, ce4aa411-63c8-4399-99eb-27ce352844f3:c1761, 3eeffb0a-787e-48ec-a2f5-d0c540a89489:c1761]
2019-08-21 15:29:42,284 | INFO  | DNAudit | user=null | ip=null | op=WRITE_CHUNK {blockData=conID: 3 locID: 102655680978289109 bcsId: 1761} | ret=SUCCESS |  
2019-08-21 15:29:42,294 | INFO  | DNAudit | user=null | ip=null | op=PUT_BLOCK {blockData=[blockId=conID: 3 locID: 102655680978289109 bcsId: 0,size=4194304]} | ret=SUCCESS |  
2019-08-21 15:29:42,295 | INFO  | DNAudit | user=null | ip=null | op=PUT_BLOCK {blockData=[blockId=conID: 3 locID: 102655680978289109 bcsId: 0,size=4194304]} | ret=SUCCESS |  
2019-08-21 15:29:42,296 [grpc-default-executor-2] INFO  client.GrpcClientProtocolClient (GrpcClientProtocolClient.java:onNext(255)) - client-029E50227556->355864cd-7ac5-4934-b366-9756b15dd90f: receive RaftClientReply:client-029E50227556->355864cd-7ac5-4934-b366-9756b15dd90f@group-785BCF25C267, cid=1266, SUCCESS, logIndex=0, commits[355864cd-7ac5-4934-b366-9756b15dd90f:c1767, ce4aa411-63c8-4399-99eb-27ce352844f3:c1765, 3eeffb0a-787e-48ec-a2f5-d0c540a89489:c1765]
2019-08-21 15:29:42,303 | INFO  | SCMAudit | user=jenkins1000 | ip=192.168.5.153 | op=ALLOCATE_BLOCK {owner=78849ec2-2b05-45d8-8cb5-e95e2230dbd1, size=4194304, type=RATIS, factor=THREE} | ret=SUCCESS |  
2019-08-21 15:29:42,308 | INFO  | OMAudit | user=jenkins1000 | ip=127.0.0.1 | op=ALLOCATE_BLOCK {volume=vol-0-32358, bucket=bucket-0-01949, key=key-0-56547, dataSize=0, replicationType=null, replicationFactor=null, keyLocationInfo=null, clientID=102655680532119954} | ret=SUCCESS |  
2019-08-21 15:29:42,316 | INFO  | DNAudit | user=null | ip=null | op=WRITE_CHUNK {blockData=conID: 1 locID: 102655680990609878 bcsId: 0} | ret=SUCCESS |  
2019-08-21 15:29:42,320 | INFO  | DNAudit | user=null | ip=null | op=WRITE_CHUNK {blockData=conID: 1 locID: 102655680990609878 bcsId: 0} | ret=SUCCESS |  
2019-08-21 15:29:42,320 | INFO  | DNAudit | user=null | ip=null | op=WRITE_CHUNK {blockData=conID: 1 locID: 102655680990609878 bcsId: 0} | ret=SUCCESS |  
2019-08-21 15:29:42,321 | INFO  | DNAudit | user=null | ip=null | op=WRITE_CHUNK {blockData=conID: 1 locID: 102655680990609878 bcsId: 0} | ret=SUCCESS |  
2019-08-21 15:29:42,324 | INFO  | DNAudit | user=null | ip=null | op=WRITE_CHUNK {blockData=conID: 1 locID: 102655680990609878 bcsId: 0} | ret=SUCCESS |  
2019-08-21 15:29:42,324 | INFO  | DNAudit | user=null | ip=null | op=WRITE_CHUNK {blockData=conID: 1 locID: 102655680990609878 bcsId: 0} | ret=SUCCESS |  
2019-08-21 15:29:42,329 | INFO  | DNAudit | user=null | ip=null | op=WRITE_CHUNK {blockData=conID: 1 locID: 102655680990609878 bcsId: 0} | ret=SUCCESS |  
2019-08-21 15:29:42,330 | INFO  | DNAudit | user=null | ip=null | op=PUT_BLOCK {blockData=[blockId=conID: 1 locID: 102655680990609878 bcsId: 0,size=1048576]} | ret=SUCCESS |  
2019-08-21 15:29:42,330 [grpc-default-executor-4] INFO  client.GrpcClientProtocolClient (GrpcClientProtocolClient.java:onNext(255)) - client-029E50227556->355864cd-7ac5-4934-b366-9756b15dd90f: receive RaftClientReply:client-029E50227556->355864cd-7ac5-4934-b366-9756b15dd90f@group-785BCF25C267, cid=1267, SUCCESS, logIndex=1768, commits[355864cd-7ac5-4934-b366-9756b15dd90f:c1769, ce4aa411-63c8-4399-99eb-27ce352844f3:c1767, 3eeffb0a-787e-48ec-a2f5-d0c540a89489:c1767]
2019-08-21 15:29:42,331 | INFO  | DNAudit | user=null | ip=null | op=WRITE_CHUNK {blockData=conID: 1 locID: 102655680990609878 bcsId: 0} | ret=SUCCESS |  
2019-08-21 15:29:42,331 [grpc-default-executor-4] INFO  client.GrpcClientProtocolClient (GrpcClientProtocolClient.java:onNext(255)) - client-029E50227556->355864cd-7ac5-4934-b366-9756b15dd90f: receive RaftClientReply:client-029E50227556->355864cd-7ac5-4934-b366-9756b15dd90f@group-785BCF25C267, cid=1268, SUCCESS, logIndex=1769, commits[355864cd-7ac5-4934-b366-9756b15dd90f:c1771, ce4aa411-63c8-4399-99eb-27ce352844f3:c1767, 3eeffb0a-787e-48ec-a2f5-d0c540a89489:c1767]
2019-08-21 15:29:42,331 | INFO  | DNAudit | user=null | ip=null | op=PUT_BLOCK {blockData=[blockId=conID: 1 locID: 102655680990609878 bcsId: 0,size=2097152]} | ret=SUCCESS |  
2019-08-21 15:29:42,331 | INFO  | DNAudit | user=null | ip=null | op=WRITE_CHUNK {blockData=conID: 1 locID: 102655680990609878 bcsId: 0} | ret=SUCCESS |  
2019-08-21 15:29:42,331 | INFO  | DNAudit | user=null | ip=null | op=PUT_BLOCK {blockData=[blockId=conID: 1 locID: 102655680990609878 bcsId: 0,size=1048576]} | ret=SUCCESS |  
2019-08-21 15:29:42,331 [grpc-default-executor-2] INFO  client.GrpcClientProtocolClient (GrpcClientProtocolClient.java:onNext(255)) - client-029E50227556->355864cd-7ac5-4934-b366-9756b15dd90f: receive RaftClientReply:client-029E50227556->355864cd-7ac5-4934-b366-9756b15dd90f@group-785BCF25C267, cid=1269, SUCCESS, logIndex=1770, commits[355864cd-7ac5-4934-b366-9756b15dd90f:c1771, ce4aa411-63c8-4399-99eb-27ce352844f3:c1767, 3eeffb0a-787e-48ec-a2f5-d0c540a89489:c1767]
2019-08-21 15:29:42,332 | INFO  | DNAudit | user=null | ip=null | op=WRITE_CHUNK {blockData=conID: 1 locID: 102655680990609878 bcsId: 0} | ret=SUCCESS |  
2019-08-21 15:29:42,332 [grpc-default-executor-2] INFO  client.GrpcClientProtocolClient (GrpcClientProtocolClient.java:onNext(255)) - client-029E50227556->355864cd-7ac5-4934-b366-9756b15dd90f: receive RaftClientReply:client-029E50227556->355864cd-7ac5-4934-b366-9756b15dd90f@group-785BCF25C267, cid=1270, SUCCESS, logIndex=1771, commits[355864cd-7ac5-4934-b366-9756b15dd90f:c1771, ce4aa411-63c8-4399-99eb-27ce352844f3:c1767, 3eeffb0a-787e-48ec-a2f5-d0c540a89489:c1767]
2019-08-21 15:29:42,332 | INFO  | DNAudit | user=null | ip=null | op=PUT_BLOCK {blockData=[blockId=conID: 1 locID: 102655680990609878 bcsId: 0,size=1048576]} | ret=SUCCESS |  
2019-08-21 15:29:42,332 | INFO  | DNAudit | user=null | ip=null | op=WRITE_CHUNK {blockData=conID: 1 locID: 102655680990609878 bcsId: 0} | ret=SUCCESS |  
2019-08-21 15:29:42,333 | INFO  | DNAudit | user=null | ip=null | op=WRITE_CHUNK {blockData=conID: 1 locID: 102655680990609878 bcsId: 0} | ret=SUCCESS |  
2019-08-21 15:29:42,333 | INFO  | DNAudit | user=null | ip=null | op=PUT_BLOCK {blockData=[blockId=conID: 1 locID: 102655680990609878 bcsId: 0,size=2097152]} | ret=SUCCESS |  
2019-08-21 15:29:42,333 | INFO  | DNAudit | user=null | ip=null | op=PUT_BLOCK {blockData=[blockId=conID: 1 locID: 102655680990609878 bcsId: 0,size=2097152]} | ret=SUCCESS |  
2019-08-21 15:29:42,333 [grpc-default-executor-4] INFO  client.GrpcClientProtocolClient (GrpcClientProtocolClient.java:onNext(255)) - client-029E50227556->355864cd-7ac5-4934-b366-9756b15dd90f: receive RaftClientReply:client-029E50227556->355864cd-7ac5-4934-b366-9756b15dd90f@group-785BCF25C267, cid=1271, SUCCESS, logIndex=0, commits[355864cd-7ac5-4934-b366-9756b15dd90f:c1773, ce4aa411-63c8-4399-99eb-27ce352844f3:c1769, 3eeffb0a-787e-48ec-a2f5-d0c540a89489:c1771]
2019-08-21 15:29:42,340 | INFO  | DNAudit | user=null | ip=null | op=WRITE_CHUNK {blockData=conID: 1 locID: 102655680990609878 bcsId: 1771} | ret=SUCCESS |  
2019-08-21 15:29:42,344 | INFO  | DNAudit | user=null | ip=null | op=WRITE_CHUNK {blockData=conID: 1 locID: 102655680990609878 bcsId: 1771} | ret=SUCCESS |  
2019-08-21 15:29:42,344 | INFO  | DNAudit | user=null | ip=null | op=WRITE_CHUNK {blockData=conID: 1 locID: 102655680990609878 bcsId: 1771} | ret=SUCCESS |  
2019-08-21 15:29:42,353 | INFO  | DNAudit | user=null | ip=null | op=WRITE_CHUNK {blockData=conID: 1 locID: 102655680990609878 bcsId: 1771} | ret=SUCCESS |  
2019-08-21 15:29:42,354 | INFO  | DNAudit | user=null | ip=null | op=PUT_BLOCK {blockData=[blockId=conID: 1 locID: 102655680990609878 bcsId: 0,size=3145728]} | ret=SUCCESS |  
2019-08-21 15:29:42,354 [grpc-default-executor-4] INFO  client.GrpcClientProtocolClient (GrpcClientProtocolClient.java:onNext(255)) - client-029E50227556->355864cd-7ac5-4934-b366-9756b15dd90f: receive RaftClientReply:client-029E50227556->355864cd-7ac5-4934-b366-9756b15dd90f@group-785BCF25C267, cid=1272, SUCCESS, logIndex=1775, commits[355864cd-7ac5-4934-b366-9756b15dd90f:c1776, ce4aa411-63c8-4399-99eb-27ce352844f3:c1774, 3eeffb0a-787e-48ec-a2f5-d0c540a89489:c1774]
2019-08-21 15:29:42,354 [grpc-default-executor-4] INFO  client.GrpcClientProtocolClient (GrpcClientProtocolClient.java:onNext(255)) - client-029E50227556->355864cd-7ac5-4934-b366-9756b15dd90f: receive RaftClientReply:client-029E50227556->355864cd-7ac5-4934-b366-9756b15dd90f@group-785BCF25C267, cid=1273, SUCCESS, logIndex=1776, commits[355864cd-7ac5-4934-b366-9756b15dd90f:c1776, ce4aa411-63c8-4399-99eb-27ce352844f3:c1774, 3eeffb0a-787e-48ec-a2f5-d0c540a89489:c1774]
2019-08-21 15:29:42,358 | INFO  | SCMAudit | user=jenkins1000 | ip=192.168.5.153 | op=SEND_HEARTBEAT {datanodeUUID=3eeffb0a-787e-48ec-a2f5-d0c540a89489, command=[]} | ret=SUCCESS |  
2019-08-21 15:29:42,358 | INFO  | SCMAudit | user=jenkins1000 | ip=192.168.5.153 | op=SEND_HEARTBEAT {datanodeUUID=355864cd-7ac5-4934-b366-9756b15dd90f, command=[]} | ret=SUCCESS |  
 0.00% |█                                                                                                    |  0/1 Time: 0:00:072019-08-21 15:29:42,359 | INFO  | SCMAudit | user=jenkins1000 | ip=192.168.5.153 | op=SEND_HEARTBEAT {datanodeUUID=ce4aa411-63c8-4399-99eb-27ce352844f3, command=[]} | ret=SUCCESS |  
2019-08-21 15:29:42,361 | INFO  | DNAudit | user=null | ip=null | op=WRITE_CHUNK {blockData=conID: 1 locID: 102655680990609878 bcsId: 1776} | ret=SUCCESS |  
2019-08-21 15:29:42,364 | INFO  | DNAudit | user=null | ip=null | op=WRITE_CHUNK {blockData=conID: 1 locID: 102655680990609878 bcsId: 1771} | ret=SUCCESS |  
2019-08-21 15:29:42,364 | INFO  | DNAudit | user=null | ip=null | op=WRITE_CHUNK {blockData=conID: 1 locID: 102655680990609878 bcsId: 1776} | ret=SUCCESS |  
2019-08-21 15:29:42,365 | INFO  | DNAudit | user=null | ip=null | op=WRITE_CHUNK {blockData=conID: 1 locID: 102655680990609878 bcsId: 1771} | ret=SUCCESS |  
2019-08-21 15:29:42,365 | INFO  | DNAudit | user=null | ip=null | op=PUT_BLOCK {blockData=[blockId=conID: 1 locID: 102655680990609878 bcsId: 0,size=3145728]} | ret=SUCCESS |  
2019-08-21 15:29:42,365 | INFO  | DNAudit | user=null | ip=null | op=WRITE_CHUNK {blockData=conID: 1 locID: 102655680990609878 bcsId: 1776} | ret=SUCCESS |  
2019-08-21 15:29:42,365 | INFO  | DNAudit | user=null | ip=null | op=PUT_BLOCK {blockData=[blockId=conID: 1 locID: 102655680990609878 bcsId: 0,size=3145728]} | ret=SUCCESS |  
2019-08-21 15:29:42,367 | INFO  | DNAudit | user=null | ip=null | op=WRITE_CHUNK {blockData=conID: 1 locID: 102655680990609878 bcsId: 1776} | ret=SUCCESS |  
2019-08-21 15:29:42,367 | INFO  | DNAudit | user=null | ip=null | op=PUT_BLOCK {blockData=[blockId=conID: 1 locID: 102655680990609878 bcsId: 0,size=4194304]} | ret=SUCCESS |  
2019-08-21 15:29:42,368 [grpc-default-executor-3] INFO  client.GrpcClientProtocolClient (GrpcClientProtocolClient.java:onNext(255)) - client-029E50227556->355864cd-7ac5-4934-b366-9756b15dd90f: receive RaftClientReply:client-029E50227556->355864cd-7ac5-4934-b366-9756b15dd90f@group-785BCF25C267, cid=1274, SUCCESS, logIndex=1779, commits[355864cd-7ac5-4934-b366-9756b15dd90f:c1780, ce4aa411-63c8-4399-99eb-27ce352844f3:c1776, 3eeffb0a-787e-48ec-a2f5-d0c540a89489:c1776]
2019-08-21 15:29:42,368 | INFO  | DNAudit | user=null | ip=null | op=WRITE_CHUNK {blockData=conID: 1 locID: 102655680990609878 bcsId: 1776} | ret=SUCCESS |  
2019-08-21 15:29:42,368 [grpc-default-executor-3] INFO  client.GrpcClientProtocolClient (GrpcClientProtocolClient.java:onNext(255)) - client-029E50227556->355864cd-7ac5-4934-b366-9756b15dd90f: receive RaftClientReply:client-029E50227556->355864cd-7ac5-4934-b366-9756b15dd90f@group-785BCF25C267, cid=1275, SUCCESS, logIndex=1780, commits[355864cd-7ac5-4934-b366-9756b15dd90f:c1780, ce4aa411-63c8-4399-99eb-27ce352844f3:c1776, 3eeffb0a-787e-48ec-a2f5-d0c540a89489:c1776]
2019-08-21 15:29:42,368 | INFO  | DNAudit | user=null | ip=null | op=WRITE_CHUNK {blockData=conID: 1 locID: 102655680990609878 bcsId: 1776} | ret=SUCCESS |  
2019-08-21 15:29:42,369 | INFO  | DNAudit | user=null | ip=null | op=PUT_BLOCK {blockData=[blockId=conID: 1 locID: 102655680990609878 bcsId: 0,size=4194304]} | ret=SUCCESS |  
2019-08-21 15:29:42,370 | INFO  | DNAudit | user=null | ip=null | op=PUT_BLOCK {blockData=[blockId=conID: 1 locID: 102655680990609878 bcsId: 0,size=4194304]} | ret=SUCCESS |  
2019-08-21 15:29:42,370 [grpc-default-executor-3] INFO  client.GrpcClientProtocolClient (GrpcClientProtocolClient.java:onNext(255)) - client-029E50227556->355864cd-7ac5-4934-b366-9756b15dd90f: receive RaftClientReply:client-029E50227556->355864cd-7ac5-4934-b366-9756b15dd90f@group-785BCF25C267, cid=1276, SUCCESS, logIndex=0, commits[355864cd-7ac5-4934-b366-9756b15dd90f:c1782, ce4aa411-63c8-4399-99eb-27ce352844f3:c1780, 3eeffb0a-787e-48ec-a2f5-d0c540a89489:c1780]
2019-08-21 15:29:42,376 | INFO  | SCMAudit | user=jenkins1000 | ip=192.168.5.153 | op=ALLOCATE_BLOCK {owner=78849ec2-2b05-45d8-8cb5-e95e2230dbd1, size=4194304, type=RATIS, factor=THREE} | ret=SUCCESS |  
2019-08-21 15:29:42,380 | INFO  | OMAudit | user=jenkins1000 | ip=127.0.0.1 | op=ALLOCATE_BLOCK {volume=vol-0-32358, bucket=bucket-0-01949, key=key-0-56547, dataSize=0, replicationType=null, replicationFactor=null, keyLocationInfo=null, clientID=102655680532119954} | ret=SUCCESS |  
2019-08-21 15:29:42,387 | INFO  | DNAudit | user=null | ip=null | op=WRITE_CHUNK {blockData=conID: 2 locID: 102655680995394007 bcsId: 0} | ret=SUCCESS |  
2019-08-21 15:29:42,390 | INFO  | DNAudit | user=null | ip=null | op=WRITE_CHUNK {blockData=conID: 2 locID: 102655680995394007 bcsId: 0} | ret=SUCCESS |  
2019-08-21 15:29:42,391 | INFO  | DNAudit | user=null | ip=null | op=WRITE_CHUNK {blockData=conID: 2 locID: 102655680995394007 bcsId: 0} | ret=SUCCESS |  
2019-08-21 15:29:42,391 | INFO  | DNAudit | user=null | ip=null | op=WRITE_CHUNK {blockData=conID: 2 locID: 102655680995394007 bcsId: 0} | ret=SUCCESS |  
2019-08-21 15:29:42,392 | INFO  | DNAudit | user=null | ip=null | op=WRITE_CHUNK {blockData=conID: 2 locID: 102655680995394007 bcsId: 0} | ret=SUCCESS |  
2019-08-21 15:29:42,393 | INFO  | DNAudit | user=null | ip=null | op=WRITE_CHUNK {blockData=conID: 2 locID: 102655680995394007 bcsId: 0} | ret=SUCCESS |  
2019-08-21 15:29:42,400 | INFO  | DNAudit | user=null | ip=null | op=WRITE_CHUNK {blockData=conID: 2 locID: 102655680995394007 bcsId: 0} | ret=SUCCESS |  
2019-08-21 15:29:42,400 | INFO  | DNAudit | user=null | ip=null | op=PUT_BLOCK {blockData=[blockId=conID: 2 locID: 102655680995394007 bcsId: 0,size=1048576]} | ret=SUCCESS |  
2019-08-21 15:29:42,401 | INFO  | DNAudit | user=null | ip=null | op=WRITE_CHUNK {blockData=conID: 2 locID: 102655680995394007 bcsId: 0} | ret=SUCCESS |  
2019-08-21 15:29:42,401 [grpc-default-executor-3] INFO  client.GrpcClientProtocolClient (GrpcClientProtocolClient.java:onNext(255)) - client-029E50227556->355864cd-7ac5-4934-b366-9756b15dd90f: receive RaftClientReply:client-029E50227556->355864cd-7ac5-4934-b366-9756b15dd90f@group-785BCF25C267, cid=1277, SUCCESS, logIndex=1783, commits[355864cd-7ac5-4934-b366-9756b15dd90f:c1784, ce4aa411-63c8-4399-99eb-27ce352844f3:c1782, 3eeffb0a-787e-48ec-a2f5-d0c540a89489:c1782]
2019-08-21 15:29:42,401 | INFO  | DNAudit | user=null | ip=null | op=PUT_BLOCK {blockData=[blockId=conID: 2 locID: 102655680995394007 bcsId: 0,size=2097152]} | ret=SUCCESS |  
2019-08-21 15:29:42,401 [grpc-default-executor-3] INFO  client.GrpcClientProtocolClient (GrpcClientProtocolClient.java:onNext(255)) - client-029E50227556->355864cd-7ac5-4934-b366-9756b15dd90f: receive RaftClientReply:client-029E50227556->355864cd-7ac5-4934-b366-9756b15dd90f@group-785BCF25C267, cid=1278, SUCCESS, logIndex=1784, commits[355864cd-7ac5-4934-b366-9756b15dd90f:c1786, ce4aa411-63c8-4399-99eb-27ce352844f3:c1782, 3eeffb0a-787e-48ec-a2f5-d0c540a89489:c1782]
2019-08-21 15:29:42,402 [grpc-default-executor-3] INFO  client.GrpcClientProtocolClient (GrpcClientProtocolClient.java:onNext(255)) - client-029E50227556->355864cd-7ac5-4934-b366-9756b15dd90f: receive RaftClientReply:client-029E50227556->355864cd-7ac5-4934-b366-9756b15dd90f@group-785BCF25C267, cid=1279, SUCCESS, logIndex=1785, commits[355864cd-7ac5-4934-b366-9756b15dd90f:c1786, ce4aa411-63c8-4399-99eb-27ce352844f3:c1782, 3eeffb0a-787e-48ec-a2f5-d0c540a89489:c1782]
2019-08-21 15:29:42,402 [grpc-default-executor-3] INFO  client.GrpcClientProtocolClient (GrpcClientProtocolClient.java:onNext(255)) - client-029E50227556->355864cd-7ac5-4934-b366-9756b15dd90f: receive RaftClientReply:client-029E50227556->355864cd-7ac5-4934-b366-9756b15dd90f@group-785BCF25C267, cid=1280, SUCCESS, logIndex=1786, commits[355864cd-7ac5-4934-b366-9756b15dd90f:c1786, ce4aa411-63c8-4399-99eb-27ce352844f3:c1782, 3eeffb0a-787e-48ec-a2f5-d0c540a89489:c1782]
2019-08-21 15:29:42,402 | INFO  | DNAudit | user=null | ip=null | op=WRITE_CHUNK {blockData=conID: 2 locID: 102655680995394007 bcsId: 0} | ret=SUCCESS |  
2019-08-21 15:29:42,402 | INFO  | DNAudit | user=null | ip=null | op=WRITE_CHUNK {blockData=conID: 2 locID: 102655680995394007 bcsId: 0} | ret=SUCCESS |  
2019-08-21 15:29:42,403 | INFO  | DNAudit | user=null | ip=null | op=PUT_BLOCK {blockData=[blockId=conID: 2 locID: 102655680995394007 bcsId: 0,size=1048576]} | ret=SUCCESS |  
2019-08-21 15:29:42,403 | INFO  | DNAudit | user=null | ip=null | op=WRITE_CHUNK {blockData=conID: 2 locID: 102655680995394007 bcsId: 0} | ret=SUCCESS |  
2019-08-21 15:29:42,404 | INFO  | DNAudit | user=null | ip=null | op=PUT_BLOCK {blockData=[blockId=conID: 2 locID: 102655680995394007 bcsId: 0,size=1048576]} | ret=SUCCESS |  
2019-08-21 15:29:42,404 | INFO  | DNAudit | user=null | ip=null | op=PUT_BLOCK {blockData=[blockId=conID: 2 locID: 102655680995394007 bcsId: 0,size=2097152]} | ret=SUCCESS |  
2019-08-21 15:29:42,404 | INFO  | DNAudit | user=null | ip=null | op=WRITE_CHUNK {blockData=conID: 2 locID: 102655680995394007 bcsId: 0} | ret=SUCCESS |  
2019-08-21 15:29:42,404 | INFO  | DNAudit | user=null | ip=null | op=PUT_BLOCK {blockData=[blockId=conID: 2 locID: 102655680995394007 bcsId: 0,size=2097152]} | ret=SUCCESS |  
2019-08-21 15:29:42,404 [grpc-default-executor-3] INFO  client.GrpcClientProtocolClient (GrpcClientProtocolClient.java:onNext(255)) - client-029E50227556->355864cd-7ac5-4934-b366-9756b15dd90f: receive RaftClientReply:client-029E50227556->355864cd-7ac5-4934-b366-9756b15dd90f@group-785BCF25C267, cid=1281, SUCCESS, logIndex=0, commits[355864cd-7ac5-4934-b366-9756b15dd90f:c1789, ce4aa411-63c8-4399-99eb-27ce352844f3:c1784, 3eeffb0a-787e-48ec-a2f5-d0c540a89489:c1785]
2019-08-21 15:29:42,411 | INFO  | DNAudit | user=null | ip=null | op=WRITE_CHUNK {blockData=conID: 2 locID: 102655680995394007 bcsId: 1786} | ret=SUCCESS |  
2019-08-21 15:29:42,413 | INFO  | DNAudit | user=null | ip=null | op=WRITE_CHUNK {blockData=conID: 2 locID: 102655680995394007 bcsId: 1786} | ret=SUCCESS |  
2019-08-21 15:29:42,413 | INFO  | DNAudit | user=null | ip=null | op=WRITE_CHUNK {blockData=conID: 2 locID: 102655680995394007 bcsId: 1786} | ret=SUCCESS |  
2019-08-21 15:29:42,423 | INFO  | DNAudit | user=null | ip=null | op=WRITE_CHUNK {blockData=conID: 2 locID: 102655680995394007 bcsId: 1786} | ret=SUCCESS |  
2019-08-21 15:29:42,424 | INFO  | DNAudit | user=null | ip=null | op=PUT_BLOCK {blockData=[blockId=conID: 2 locID: 102655680995394007 bcsId: 0,size=3145728]} | ret=SUCCESS |  
2019-08-21 15:29:42,424 [grpc-default-executor-3] INFO  client.GrpcClientProtocolClient (GrpcClientProtocolClient.java:onNext(255)) - client-029E50227556->355864cd-7ac5-4934-b366-9756b15dd90f: receive RaftClientReply:client-029E50227556->355864cd-7ac5-4934-b366-9756b15dd90f@group-785BCF25C267, cid=1282, SUCCESS, logIndex=1791, commits[355864cd-7ac5-4934-b366-9756b15dd90f:c1792, ce4aa411-63c8-4399-99eb-27ce352844f3:c1790, 3eeffb0a-787e-48ec-a2f5-d0c540a89489:c1790]
2019-08-21 15:29:42,424 [grpc-default-executor-3] INFO  client.GrpcClientProtocolClient (GrpcClientProtocolClient.java:onNext(255)) - client-029E50227556->355864cd-7ac5-4934-b366-9756b15dd90f: receive RaftClientReply:client-029E50227556->355864cd-7ac5-4934-b366-9756b15dd90f@group-785BCF25C267, cid=1283, SUCCESS, logIndex=1792, commits[355864cd-7ac5-4934-b366-9756b15dd90f:c1792, ce4aa411-63c8-4399-99eb-27ce352844f3:c1790, 3eeffb0a-787e-48ec-a2f5-d0c540a89489:c1790]
2019-08-21 15:29:42,430 | INFO  | DNAudit | user=null | ip=null | op=WRITE_CHUNK {blockData=conID: 2 locID: 102655680995394007 bcsId: 1792} | ret=SUCCESS |  
2019-08-21 15:29:42,432 | INFO  | DNAudit | user=null | ip=null | op=WRITE_CHUNK {blockData=conID: 2 locID: 102655680995394007 bcsId: 1792} | ret=SUCCESS |  
2019-08-21 15:29:42,432 | INFO  | DNAudit | user=null | ip=null | op=WRITE_CHUNK {blockData=conID: 2 locID: 102655680995394007 bcsId: 1792} | ret=SUCCESS |  
2019-08-21 15:29:42,435 | INFO  | DNAudit | user=null | ip=null | op=WRITE_CHUNK {blockData=conID: 2 locID: 102655680995394007 bcsId: 1786} | ret=SUCCESS |  
2019-08-21 15:29:42,435 | INFO  | DNAudit | user=null | ip=null | op=WRITE_CHUNK {blockData=conID: 2 locID: 102655680995394007 bcsId: 1786} | ret=SUCCESS |  
2019-08-21 15:29:42,436 | INFO  | DNAudit | user=null | ip=null | op=PUT_BLOCK {blockData=[blockId=conID: 2 locID: 102655680995394007 bcsId: 0,size=3145728]} | ret=SUCCESS |  
2019-08-21 15:29:42,436 | INFO  | DNAudit | user=null | ip=null | op=PUT_BLOCK {blockData=[blockId=conID: 2 locID: 102655680995394007 bcsId: 0,size=3145728]} | ret=SUCCESS |  
2019-08-21 15:29:42,437 | INFO  | DNAudit | user=null | ip=null | op=WRITE_CHUNK {blockData=conID: 2 locID: 102655680995394007 bcsId: 1792} | ret=SUCCESS |  
2019-08-21 15:29:42,437 | INFO  | DNAudit | user=null | ip=null | op=PUT_BLOCK {blockData=[blockId=conID: 2 locID: 102655680995394007 bcsId: 0,size=4194304]} | ret=SUCCESS |  
2019-08-21 15:29:42,437 [grpc-default-executor-0] INFO  client.GrpcClientProtocolClient (GrpcClientProtocolClient.java:onNext(255)) - client-029E50227556->355864cd-7ac5-4934-b366-9756b15dd90f: receive RaftClientReply:client-029E50227556->355864cd-7ac5-4934-b366-9756b15dd90f@group-785BCF25C267, cid=1284, SUCCESS, logIndex=1795, commits[355864cd-7ac5-4934-b366-9756b15dd90f:c1796, ce4aa411-63c8-4399-99eb-27ce352844f3:c1792, 3eeffb0a-787e-48ec-a2f5-d0c540a89489:c1792]
2019-08-21 15:29:42,438 [grpc-default-executor-0] INFO  client.GrpcClientProtocolClient (GrpcClientProtocolClient.java:onNext(255)) - client-029E50227556->355864cd-7ac5-4934-b366-9756b15dd90f: receive RaftClientReply:client-029E50227556->355864cd-7ac5-4934-b366-9756b15dd90f@group-785BCF25C267, cid=1285, SUCCESS, logIndex=1796, commits[355864cd-7ac5-4934-b366-9756b15dd90f:c1796, ce4aa411-63c8-4399-99eb-27ce352844f3:c1792, 3eeffb0a-787e-48ec-a2f5-d0c540a89489:c1792]
2019-08-21 15:29:42,448 | INFO  | DNAudit | user=null | ip=null | op=WRITE_CHUNK {blockData=conID: 2 locID: 102655680995394007 bcsId: 1792} | ret=SUCCESS |  
2019-08-21 15:29:42,448 | INFO  | DNAudit | user=null | ip=null | op=WRITE_CHUNK {blockData=conID: 2 locID: 102655680995394007 bcsId: 1792} | ret=SUCCESS |  
2019-08-21 15:29:42,449 | INFO  | DNAudit | user=null | ip=null | op=PUT_BLOCK {blockData=[blockId=conID: 2 locID: 102655680995394007 bcsId: 0,size=4194304]} | ret=SUCCESS |  
2019-08-21 15:29:42,450 | INFO  | DNAudit | user=null | ip=null | op=PUT_BLOCK {blockData=[blockId=conID: 2 locID: 102655680995394007 bcsId: 0,size=4194304]} | ret=SUCCESS |  
2019-08-21 15:29:42,450 [grpc-default-executor-0] INFO  client.GrpcClientProtocolClient (GrpcClientProtocolClient.java:onNext(255)) - client-029E50227556->355864cd-7ac5-4934-b366-9756b15dd90f: receive RaftClientReply:client-029E50227556->355864cd-7ac5-4934-b366-9756b15dd90f@group-785BCF25C267, cid=1286, SUCCESS, logIndex=0, commits[355864cd-7ac5-4934-b366-9756b15dd90f:c1798, ce4aa411-63c8-4399-99eb-27ce352844f3:c1796, 3eeffb0a-787e-48ec-a2f5-d0c540a89489:c1796]
2019-08-21 15:29:42,455 | INFO  | SCMAudit | user=jenkins1000 | ip=192.168.5.153 | op=ALLOCATE_BLOCK {owner=78849ec2-2b05-45d8-8cb5-e95e2230dbd1, size=4194304, type=RATIS, factor=THREE} | ret=SUCCESS |  
2019-08-21 15:29:42,457 | INFO  | OMAudit | user=jenkins1000 | ip=127.0.0.1 | op=ALLOCATE_BLOCK {volume=vol-0-32358, bucket=bucket-0-01949, key=key-0-56547, dataSize=0, replicationType=null, replicationFactor=null, keyLocationInfo=null, clientID=102655680532119954} | ret=SUCCESS |  
2019-08-21 15:29:42,463 | INFO  | DNAudit | user=null | ip=null | op=WRITE_CHUNK {blockData=conID: 3 locID: 102655681000505816 bcsId: 0} | ret=SUCCESS |  
2019-08-21 15:29:42,465 | INFO  | DNAudit | user=null | ip=null | op=WRITE_CHUNK {blockData=conID: 3 locID: 102655681000505816 bcsId: 0} | ret=SUCCESS |  
2019-08-21 15:29:42,466 | INFO  | DNAudit | user=null | ip=null | op=WRITE_CHUNK {blockData=conID: 3 locID: 102655681000505816 bcsId: 0} | ret=SUCCESS |  
2019-08-21 15:29:42,466 | INFO  | DNAudit | user=null | ip=null | op=WRITE_CHUNK {blockData=conID: 3 locID: 102655681000505816 bcsId: 0} | ret=SUCCESS |  
2019-08-21 15:29:42,468 | INFO  | DNAudit | user=null | ip=null | op=WRITE_CHUNK {blockData=conID: 3 locID: 102655681000505816 bcsId: 0} | ret=SUCCESS |  
2019-08-21 15:29:42,468 | INFO  | DNAudit | user=null | ip=null | op=WRITE_CHUNK {blockData=conID: 3 locID: 102655681000505816 bcsId: 0} | ret=SUCCESS |  
2019-08-21 15:29:42,476 | INFO  | DNAudit | user=null | ip=null | op=WRITE_CHUNK {blockData=conID: 3 locID: 102655681000505816 bcsId: 0} | ret=SUCCESS |  
2019-08-21 15:29:42,477 | INFO  | DNAudit | user=null | ip=null | op=PUT_BLOCK {blockData=[blockId=conID: 3 locID: 102655681000505816 bcsId: 0,size=1048576]} | ret=SUCCESS |  
2019-08-21 15:29:42,477 [grpc-default-executor-2] INFO  client.GrpcClientProtocolClient (GrpcClientProtocolClient.java:onNext(255)) - client-029E50227556->355864cd-7ac5-4934-b366-9756b15dd90f: receive RaftClientReply:client-029E50227556->355864cd-7ac5-4934-b366-9756b15dd90f@group-785BCF25C267, cid=1287, SUCCESS, logIndex=1799, commits[355864cd-7ac5-4934-b366-9756b15dd90f:c1802, ce4aa411-63c8-4399-99eb-27ce352844f3:c1798, 3eeffb0a-787e-48ec-a2f5-d0c540a89489:c1798]
2019-08-21 15:29:42,477 | INFO  | DNAudit | user=null | ip=null | op=WRITE_CHUNK {blockData=conID: 3 locID: 102655681000505816 bcsId: 0} | ret=SUCCESS |  
2019-08-21 15:29:42,478 | INFO  | DNAudit | user=null | ip=null | op=PUT_BLOCK {blockData=[blockId=conID: 3 locID: 102655681000505816 bcsId: 0,size=2097152]} | ret=SUCCESS |  
2019-08-21 15:29:42,478 | INFO  | DNAudit | user=null | ip=null | op=WRITE_CHUNK {blockData=conID: 3 locID: 102655681000505816 bcsId: 0} | ret=SUCCESS |  
2019-08-21 15:29:42,478 [grpc-default-executor-2] INFO  client.GrpcClientProtocolClient (GrpcClientProtocolClient.java:onNext(255)) - client-029E50227556->355864cd-7ac5-4934-b366-9756b15dd90f: receive RaftClientReply:client-029E50227556->355864cd-7ac5-4934-b366-9756b15dd90f@group-785BCF25C267, cid=1288, SUCCESS, logIndex=1800, commits[355864cd-7ac5-4934-b366-9756b15dd90f:c1802, ce4aa411-63c8-4399-99eb-27ce352844f3:c1798, 3eeffb0a-787e-48ec-a2f5-d0c540a89489:c1798]
2019-08-21 15:29:42,478 | INFO  | DNAudit | user=null | ip=null | op=WRITE_CHUNK {blockData=conID: 3 locID: 102655681000505816 bcsId: 0} | ret=SUCCESS |  
2019-08-21 15:29:42,478 | INFO  | DNAudit | user=null | ip=null | op=PUT_BLOCK {blockData=[blockId=conID: 3 locID: 102655681000505816 bcsId: 0,size=1048576]} | ret=SUCCESS |  
2019-08-21 15:29:42,478 [grpc-default-executor-2] INFO  client.GrpcClientProtocolClient (GrpcClientProtocolClient.java:onNext(255)) - client-029E50227556->355864cd-7ac5-4934-b366-9756b15dd90f: receive RaftClientReply:client-029E50227556->355864cd-7ac5-4934-b366-9756b15dd90f@group-785BCF25C267, cid=1289, SUCCESS, logIndex=1801, commits[355864cd-7ac5-4934-b366-9756b15dd90f:c1802, ce4aa411-63c8-4399-99eb-27ce352844f3:c1798, 3eeffb0a-787e-48ec-a2f5-d0c540a89489:c1798]
2019-08-21 15:29:42,478 | INFO  | DNAudit | user=null | ip=null | op=PUT_BLOCK {blockData=[blockId=conID: 3 locID: 102655681000505816 bcsId: 0,size=1048576]} | ret=SUCCESS |  
2019-08-21 15:29:42,478 [grpc-default-executor-2] INFO  client.GrpcClientProtocolClient (GrpcClientProtocolClient.java:onNext(255)) - client-029E50227556->355864cd-7ac5-4934-b366-9756b15dd90f: receive RaftClientReply:client-029E50227556->355864cd-7ac5-4934-b366-9756b15dd90f@group-785BCF25C267, cid=1290, SUCCESS, logIndex=1802, commits[355864cd-7ac5-4934-b366-9756b15dd90f:c1803, ce4aa411-63c8-4399-99eb-27ce352844f3:c1800, 3eeffb0a-787e-48ec-a2f5-d0c540a89489:c1800]
2019-08-21 15:29:42,479 | INFO  | DNAudit | user=null | ip=null | op=WRITE_CHUNK {blockData=conID: 3 locID: 102655681000505816 bcsId: 0} | ret=SUCCESS |  
2019-08-21 15:29:42,479 | INFO  | DNAudit | user=null | ip=null | op=PUT_BLOCK {blockData=[blockId=conID: 3 locID: 102655681000505816 bcsId: 0,size=2097152]} | ret=SUCCESS |  
2019-08-21 15:29:42,479 | INFO  | DNAudit | user=null | ip=null | op=WRITE_CHUNK {blockData=conID: 3 locID: 102655681000505816 bcsId: 0} | ret=SUCCESS |  
2019-08-21 15:29:42,480 | INFO  | DNAudit | user=null | ip=null | op=PUT_BLOCK {blockData=[blockId=conID: 3 locID: 102655681000505816 bcsId: 0,size=2097152]} | ret=SUCCESS |  
2019-08-21 15:29:42,484 | INFO  | DNAudit | user=null | ip=null | op=WRITE_CHUNK {blockData=conID: 3 locID: 102655681000505816 bcsId: 1802} | ret=SUCCESS |  
2019-08-21 15:29:42,486 | INFO  | DNAudit | user=null | ip=null | op=WRITE_CHUNK {blockData=conID: 3 locID: 102655681000505816 bcsId: 1802} | ret=SUCCESS |  
2019-08-21 15:29:42,486 | INFO  | DNAudit | user=null | ip=null | op=WRITE_CHUNK {blockData=conID: 3 locID: 102655681000505816 bcsId: 1802} | ret=SUCCESS |  
2019-08-21 15:29:42,496 | INFO  | DNAudit | user=null | ip=null | op=WRITE_CHUNK {blockData=conID: 3 locID: 102655681000505816 bcsId: 1802} | ret=SUCCESS |  
2019-08-21 15:29:42,496 | INFO  | DNAudit | user=null | ip=null | op=PUT_BLOCK {blockData=[blockId=conID: 3 locID: 102655681000505816 bcsId: 0,size=3145728]} | ret=SUCCESS |  
2019-08-21 15:29:42,497 [grpc-default-executor-3] INFO  client.GrpcClientProtocolClient (GrpcClientProtocolClient.java:onNext(255)) - client-029E50227556->355864cd-7ac5-4934-b366-9756b15dd90f: receive RaftClientReply:client-029E50227556->355864cd-7ac5-4934-b366-9756b15dd90f@group-785BCF25C267, cid=1291, SUCCESS, logIndex=1807, commits[355864cd-7ac5-4934-b366-9756b15dd90f:c1808, ce4aa411-63c8-4399-99eb-27ce352844f3:c1806, 3eeffb0a-787e-48ec-a2f5-d0c540a89489:c1806]
2019-08-21 15:29:42,497 [grpc-default-executor-3] INFO  client.GrpcClientProtocolClient (GrpcClientProtocolClient.java:onNext(255)) - client-029E50227556->355864cd-7ac5-4934-b366-9756b15dd90f: receive RaftClientReply:client-029E50227556->355864cd-7ac5-4934-b366-9756b15dd90f@group-785BCF25C267, cid=1292, SUCCESS, logIndex=1808, commits[355864cd-7ac5-4934-b366-9756b15dd90f:c1808, ce4aa411-63c8-4399-99eb-27ce352844f3:c1806, 3eeffb0a-787e-48ec-a2f5-d0c540a89489:c1806]
2019-08-21 15:29:42,503 | INFO  | DNAudit | user=null | ip=null | op=WRITE_CHUNK {blockData=conID: 3 locID: 102655681000505816 bcsId: 1808} | ret=SUCCESS |  
2019-08-21 15:29:42,505 | INFO  | DNAudit | user=null | ip=null | op=WRITE_CHUNK {blockData=conID: 3 locID: 102655681000505816 bcsId: 1808} | ret=SUCCESS |  
2019-08-21 15:29:42,505 | INFO  | DNAudit | user=null | ip=null | op=WRITE_CHUNK {blockData=conID: 3 locID: 102655681000505816 bcsId: 1808} | ret=SUCCESS |  
2019-08-21 15:29:42,506 | INFO  | DNAudit | user=null | ip=null | op=WRITE_CHUNK {blockData=conID: 3 locID: 102655681000505816 bcsId: 1802} | ret=SUCCESS |  
2019-08-21 15:29:42,508 | INFO  | DNAudit | user=null | ip=null | op=WRITE_CHUNK {blockData=conID: 3 locID: 102655681000505816 bcsId: 1802} | ret=SUCCESS |  
2019-08-21 15:29:42,509 | INFO  | DNAudit | user=null | ip=null | op=PUT_BLOCK {blockData=[blockId=conID: 3 locID: 102655681000505816 bcsId: 0,size=3145728]} | ret=SUCCESS |  
2019-08-21 15:29:42,510 | INFO  | DNAudit | user=null | ip=null | op=PUT_BLOCK {blockData=[blockId=conID: 3 locID: 102655681000505816 bcsId: 0,size=3145728]} | ret=SUCCESS |  
2019-08-21 15:29:42,510 | INFO  | DNAudit | user=null | ip=null | op=WRITE_CHUNK {blockData=conID: 3 locID: 102655681000505816 bcsId: 1808} | ret=SUCCESS |  
2019-08-21 15:29:42,510 | INFO  | DNAudit | user=null | ip=null | op=PUT_BLOCK {blockData=[blockId=conID: 3 locID: 102655681000505816 bcsId: 0,size=4194304]} | ret=SUCCESS |  
2019-08-21 15:29:42,511 [grpc-default-executor-4] INFO  client.GrpcClientProtocolClient (GrpcClientProtocolClient.java:onNext(255)) - client-029E50227556->355864cd-7ac5-4934-b366-9756b15dd90f: receive RaftClientReply:client-029E50227556->355864cd-7ac5-4934-b366-9756b15dd90f@group-785BCF25C267, cid=1293, SUCCESS, logIndex=1811, commits[355864cd-7ac5-4934-b366-9756b15dd90f:c1812, ce4aa411-63c8-4399-99eb-27ce352844f3:c1808, 3eeffb0a-787e-48ec-a2f5-d0c540a89489:c1808]
2019-08-21 15:29:42,511 [grpc-default-executor-4] INFO  client.GrpcClientProtocolClient (GrpcClientProtocolClient.java:onNext(255)) - client-029E50227556->355864cd-7ac5-4934-b366-9756b15dd90f: receive RaftClientReply:client-029E50227556->355864cd-7ac5-4934-b366-9756b15dd90f@group-785BCF25C267, cid=1294, SUCCESS, logIndex=1812, commits[355864cd-7ac5-4934-b366-9756b15dd90f:c1812, ce4aa411-63c8-4399-99eb-27ce352844f3:c1808, 3eeffb0a-787e-48ec-a2f5-d0c540a89489:c1808]
2019-08-21 15:29:42,520 | INFO  | DNAudit | user=null | ip=null | op=WRITE_CHUNK {blockData=conID: 3 locID: 102655681000505816 bcsId: 1808} | ret=SUCCESS |  
2019-08-21 15:29:42,520 | INFO  | DNAudit | user=null | ip=null | op=WRITE_CHUNK {blockData=conID: 3 locID: 102655681000505816 bcsId: 1808} | ret=SUCCESS |  
2019-08-21 15:29:42,520 | INFO  | DNAudit | user=null | ip=null | op=PUT_BLOCK {blockData=[blockId=conID: 3 locID: 102655681000505816 bcsId: 0,size=4194304]} | ret=SUCCESS |  
2019-08-21 15:29:42,521 | INFO  | DNAudit | user=null | ip=null | op=PUT_BLOCK {blockData=[blockId=conID: 3 locID: 102655681000505816 bcsId: 0,size=4194304]} | ret=SUCCESS |  
2019-08-21 15:29:42,522 [grpc-default-executor-3] INFO  client.GrpcClientProtocolClient (GrpcClientProtocolClient.java:onNext(255)) - client-029E50227556->355864cd-7ac5-4934-b366-9756b15dd90f: receive RaftClientReply:client-029E50227556->355864cd-7ac5-4934-b366-9756b15dd90f@group-785BCF25C267, cid=1295, SUCCESS, logIndex=0, commits[355864cd-7ac5-4934-b366-9756b15dd90f:c1814, ce4aa411-63c8-4399-99eb-27ce352844f3:c1812, 3eeffb0a-787e-48ec-a2f5-d0c540a89489:c1812]
2019-08-21 15:29:42,526 | INFO  | SCMAudit | user=jenkins1000 | ip=192.168.5.153 | op=ALLOCATE_BLOCK {owner=78849ec2-2b05-45d8-8cb5-e95e2230dbd1, size=4194304, type=RATIS, factor=THREE} | ret=SUCCESS |  
2019-08-21 15:29:42,528 | INFO  | OMAudit | user=jenkins1000 | ip=127.0.0.1 | op=ALLOCATE_BLOCK {volume=vol-0-32358, bucket=bucket-0-01949, key=key-0-56547, dataSize=0, replicationType=null, replicationFactor=null, keyLocationInfo=null, clientID=102655680532119954} | ret=SUCCESS |  
2019-08-21 15:29:42,535 | INFO  | DNAudit | user=null | ip=null | op=WRITE_CHUNK {blockData=conID: 1 locID: 102655681005224409 bcsId: 0} | ret=SUCCESS |  
2019-08-21 15:29:42,536 | INFO  | DNAudit | user=null | ip=null | op=WRITE_CHUNK {blockData=conID: 1 locID: 102655681005224409 bcsId: 0} | ret=SUCCESS |  
2019-08-21 15:29:42,537 | INFO  | DNAudit | user=null | ip=null | op=WRITE_CHUNK {blockData=conID: 1 locID: 102655681005224409 bcsId: 0} | ret=SUCCESS |  
2019-08-21 15:29:42,538 | INFO  | DNAudit | user=null | ip=null | op=WRITE_CHUNK {blockData=conID: 1 locID: 102655681005224409 bcsId: 0} | ret=SUCCESS |  
2019-08-21 15:29:42,538 | INFO  | DNAudit | user=null | ip=null | op=WRITE_CHUNK {blockData=conID: 1 locID: 102655681005224409 bcsId: 0} | ret=SUCCESS |  
2019-08-21 15:29:42,538 | INFO  | DNAudit | user=null | ip=null | op=WRITE_CHUNK {blockData=conID: 1 locID: 102655681005224409 bcsId: 0} | ret=SUCCESS |  
2019-08-21 15:29:42,547 | INFO  | DNAudit | user=null | ip=null | op=WRITE_CHUNK {blockData=conID: 1 locID: 102655681005224409 bcsId: 0} | ret=SUCCESS |  
2019-08-21 15:29:42,548 | INFO  | DNAudit | user=null | ip=null | op=PUT_BLOCK {blockData=[blockId=conID: 1 locID: 102655681005224409 bcsId: 0,size=1048576]} | ret=SUCCESS |  
2019-08-21 15:29:42,548 | INFO  | DNAudit | user=null | ip=null | op=WRITE_CHUNK {blockData=conID: 1 locID: 102655681005224409 bcsId: 0} | ret=SUCCESS |  
2019-08-21 15:29:42,548 [grpc-default-executor-2] INFO  client.GrpcClientProtocolClient (GrpcClientProtocolClient.java:onNext(255)) - client-029E50227556->355864cd-7ac5-4934-b366-9756b15dd90f: receive RaftClientReply:client-029E50227556->355864cd-7ac5-4934-b366-9756b15dd90f@group-785BCF25C267, cid=1296, SUCCESS, logIndex=1815, commits[355864cd-7ac5-4934-b366-9756b15dd90f:c1816, ce4aa411-63c8-4399-99eb-27ce352844f3:c1814, 3eeffb0a-787e-48ec-a2f5-d0c540a89489:c1814]
2019-08-21 15:29:42,549 | INFO  | DNAudit | user=null | ip=null | op=PUT_BLOCK {blockData=[blockId=conID: 1 locID: 102655681005224409 bcsId: 0,size=2097152]} | ret=SUCCESS |  
2019-08-21 15:29:42,549 [grpc-default-executor-2] INFO  client.GrpcClientProtocolClient (GrpcClientProtocolClient.java:onNext(255)) - client-029E50227556->355864cd-7ac5-4934-b366-9756b15dd90f: receive RaftClientReply:client-029E50227556->355864cd-7ac5-4934-b366-9756b15dd90f@group-785BCF25C267, cid=1297, SUCCESS, logIndex=1816, commits[355864cd-7ac5-4934-b366-9756b15dd90f:c1818, ce4aa411-63c8-4399-99eb-27ce352844f3:c1814, 3eeffb0a-787e-48ec-a2f5-d0c540a89489:c1814]
2019-08-21 15:29:42,549 [grpc-default-executor-2] INFO  client.GrpcClientProtocolClient (GrpcClientProtocolClient.java:onNext(255)) - client-029E50227556->355864cd-7ac5-4934-b366-9756b15dd90f: receive RaftClientReply:client-029E50227556->355864cd-7ac5-4934-b366-9756b15dd90f@group-785BCF25C267, cid=1298, SUCCESS, logIndex=1817, commits[355864cd-7ac5-4934-b366-9756b15dd90f:c1818, ce4aa411-63c8-4399-99eb-27ce352844f3:c1814, 3eeffb0a-787e-48ec-a2f5-d0c540a89489:c1814]
2019-08-21 15:29:42,550 [grpc-default-executor-2] INFO  client.GrpcClientProtocolClient (GrpcClientProtocolClient.java:onNext(255)) - client-029E50227556->355864cd-7ac5-4934-b366-9756b15dd90f: receive RaftClientReply:client-029E50227556->355864cd-7ac5-4934-b366-9756b15dd90f@group-785BCF25C267, cid=1299, SUCCESS, logIndex=1818, commits[355864cd-7ac5-4934-b366-9756b15dd90f:c1818, ce4aa411-63c8-4399-99eb-27ce352844f3:c1814, 3eeffb0a-787e-48ec-a2f5-d0c540a89489:c1814]
2019-08-21 15:29:42,573 | INFO  | DNAudit | user=null | ip=null | op=WRITE_CHUNK {blockData=conID: 1 locID: 102655681005224409 bcsId: 0} | ret=SUCCESS |  
2019-08-21 15:29:42,573 | INFO  | DNAudit | user=null | ip=null | op=WRITE_CHUNK {blockData=conID: 1 locID: 102655681005224409 bcsId: 0} | ret=SUCCESS |  
2019-08-21 15:29:42,573 | INFO  | DNAudit | user=null | ip=null | op=PUT_BLOCK {blockData=[blockId=conID: 1 locID: 102655681005224409 bcsId: 0,size=1048576]} | ret=SUCCESS |  
2019-08-21 15:29:42,584 | INFO  | DNAudit | user=null | ip=null | op=PUT_BLOCK {blockData=[blockId=conID: 1 locID: 102655681005224409 bcsId: 0,size=1048576]} | ret=SUCCESS |  
2019-08-21 15:29:42,584 | INFO  | DNAudit | user=null | ip=null | op=WRITE_CHUNK {blockData=conID: 1 locID: 102655681005224409 bcsId: 0} | ret=SUCCESS |  
2019-08-21 15:29:42,584 | INFO  | DNAudit | user=null | ip=null | op=WRITE_CHUNK {blockData=conID: 1 locID: 102655681005224409 bcsId: 0} | ret=SUCCESS |  
2019-08-21 15:29:42,584 | INFO  | DNAudit | user=null | ip=null | op=PUT_BLOCK {blockData=[blockId=conID: 1 locID: 102655681005224409 bcsId: 0,size=2097152]} | ret=SUCCESS |  
2019-08-21 15:29:42,584 [grpc-default-executor-2] INFO  client.GrpcClientProtocolClient (GrpcClientProtocolClient.java:onNext(255)) - client-029E50227556->355864cd-7ac5-4934-b366-9756b15dd90f: receive RaftClientReply:client-029E50227556->355864cd-7ac5-4934-b366-9756b15dd90f@group-785BCF25C267, cid=1300, SUCCESS, logIndex=0, commits[355864cd-7ac5-4934-b366-9756b15dd90f:c1820, ce4aa411-63c8-4399-99eb-27ce352844f3:c1816, 3eeffb0a-787e-48ec-a2f5-d0c540a89489:c1816]
2019-08-21 15:29:42,585 | INFO  | DNAudit | user=null | ip=null | op=PUT_BLOCK {blockData=[blockId=conID: 1 locID: 102655681005224409 bcsId: 0,size=2097152]} | ret=SUCCESS |  
2019-08-21 15:29:42,590 | INFO  | DNAudit | user=null | ip=null | op=WRITE_CHUNK {blockData=conID: 1 locID: 102655681005224409 bcsId: 1818} | ret=SUCCESS |  
2019-08-21 15:29:42,592 | INFO  | DNAudit | user=null | ip=null | op=WRITE_CHUNK {blockData=conID: 1 locID: 102655681005224409 bcsId: 1818} | ret=SUCCESS |  
2019-08-21 15:29:42,593 | INFO  | DNAudit | user=null | ip=null | op=WRITE_CHUNK {blockData=conID: 1 locID: 102655681005224409 bcsId: 1818} | ret=SUCCESS |  
2019-08-21 15:29:42,595 | INFO  | DNAudit | user=null | ip=null | op=WRITE_CHUNK {blockData=conID: 1 locID: 102655681005224409 bcsId: 1818} | ret=SUCCESS |  
2019-08-21 15:29:42,596 | INFO  | DNAudit | user=null | ip=null | op=PUT_BLOCK {blockData=[blockId=conID: 1 locID: 102655681005224409 bcsId: 0,size=3145728]} | ret=SUCCESS |  
2019-08-21 15:29:42,596 [grpc-default-executor-2] INFO  client.GrpcClientProtocolClient (GrpcClientProtocolClient.java:onNext(255)) - client-029E50227556->355864cd-7ac5-4934-b366-9756b15dd90f: receive RaftClientReply:client-029E50227556->355864cd-7ac5-4934-b366-9756b15dd90f@group-785BCF25C267, cid=1301, SUCCESS, logIndex=1822, commits[355864cd-7ac5-4934-b366-9756b15dd90f:c1823, ce4aa411-63c8-4399-99eb-27ce352844f3:c1821, 3eeffb0a-787e-48ec-a2f5-d0c540a89489:c1821]
2019-08-21 15:29:42,596 [grpc-default-executor-2] INFO  client.GrpcClientProtocolClient (GrpcClientProtocolClient.java:onNext(255)) - client-029E50227556->355864cd-7ac5-4934-b366-9756b15dd90f: receive RaftClientReply:client-029E50227556->355864cd-7ac5-4934-b366-9756b15dd90f@group-785BCF25C267, cid=1302, SUCCESS, logIndex=1823, commits[355864cd-7ac5-4934-b366-9756b15dd90f:c1823, ce4aa411-63c8-4399-99eb-27ce352844f3:c1821, 3eeffb0a-787e-48ec-a2f5-d0c540a89489:c1821]
2019-08-21 15:29:42,602 | INFO  | DNAudit | user=null | ip=null | op=WRITE_CHUNK {blockData=conID: 1 locID: 102655681005224409 bcsId: 1823} | ret=SUCCESS |  
2019-08-21 15:29:42,603 | INFO  | DNAudit | user=null | ip=null | op=WRITE_CHUNK {blockData=conID: 1 locID: 102655681005224409 bcsId: 1823} | ret=SUCCESS |  
2019-08-21 15:29:42,604 | INFO  | DNAudit | user=null | ip=null | op=WRITE_CHUNK {blockData=conID: 1 locID: 102655681005224409 bcsId: 1823} | ret=SUCCESS |  
2019-08-21 15:29:42,607 | INFO  | DNAudit | user=null | ip=null | op=WRITE_CHUNK {blockData=conID: 1 locID: 102655681005224409 bcsId: 1818} | ret=SUCCESS |  
2019-08-21 15:29:42,607 | INFO  | DNAudit | user=null | ip=null | op=WRITE_CHUNK {blockData=conID: 1 locID: 102655681005224409 bcsId: 1818} | ret=SUCCESS |  
2019-08-21 15:29:42,609 | INFO  | DNAudit | user=null | ip=null | op=PUT_BLOCK {blockData=[blockId=conID: 1 locID: 102655681005224409 bcsId: 0,size=3145728]} | ret=SUCCESS |  
2019-08-21 15:29:42,609 | INFO  | DNAudit | user=null | ip=null | op=PUT_BLOCK {blockData=[blockId=conID: 1 locID: 102655681005224409 bcsId: 0,size=3145728]} | ret=SUCCESS |  
2019-08-21 15:29:42,610 | INFO  | DNAudit | user=null | ip=null | op=WRITE_CHUNK {blockData=conID: 1 locID: 102655681005224409 bcsId: 1823} | ret=SUCCESS |  
2019-08-21 15:29:42,610 | INFO  | DNAudit | user=null | ip=null | op=PUT_BLOCK {blockData=[blockId=conID: 1 locID: 102655681005224409 bcsId: 0,size=4194304]} | ret=SUCCESS |  
2019-08-21 15:29:42,610 [grpc-default-executor-3] INFO  client.GrpcClientProtocolClient (GrpcClientProtocolClient.java:onNext(255)) - client-029E50227556->355864cd-7ac5-4934-b366-9756b15dd90f: receive RaftClientReply:client-029E50227556->355864cd-7ac5-4934-b366-9756b15dd90f@group-785BCF25C267, cid=1303, SUCCESS, logIndex=1826, commits[355864cd-7ac5-4934-b366-9756b15dd90f:c1827, ce4aa411-63c8-4399-99eb-27ce352844f3:c1823, 3eeffb0a-787e-48ec-a2f5-d0c540a89489:c1823]
2019-08-21 15:29:42,611 [grpc-default-executor-3] INFO  client.GrpcClientProtocolClient (GrpcClientProtocolClient.java:onNext(255)) - client-029E50227556->355864cd-7ac5-4934-b366-9756b15dd90f: receive RaftClientReply:client-029E50227556->355864cd-7ac5-4934-b366-9756b15dd90f@group-785BCF25C267, cid=1304, SUCCESS, logIndex=1827, commits[355864cd-7ac5-4934-b366-9756b15dd90f:c1827, ce4aa411-63c8-4399-99eb-27ce352844f3:c1823, 3eeffb0a-787e-48ec-a2f5-d0c540a89489:c1823]
2019-08-21 15:29:42,621 | INFO  | DNAudit | user=null | ip=null | op=WRITE_CHUNK {blockData=conID: 1 locID: 102655681005224409 bcsId: 1823} | ret=SUCCESS |  
2019-08-21 15:29:42,622 | INFO  | DNAudit | user=null | ip=null | op=WRITE_CHUNK {blockData=conID: 1 locID: 102655681005224409 bcsId: 1823} | ret=SUCCESS |  
2019-08-21 15:29:42,623 | INFO  | DNAudit | user=null | ip=null | op=PUT_BLOCK {blockData=[blockId=conID: 1 locID: 102655681005224409 bcsId: 0,size=4194304]} | ret=SUCCESS |  
2019-08-21 15:29:42,623 | INFO  | DNAudit | user=null | ip=null | op=PUT_BLOCK {blockData=[blockId=conID: 1 locID: 102655681005224409 bcsId: 0,size=4194304]} | ret=SUCCESS |  
2019-08-21 15:29:42,623 [grpc-default-executor-3] INFO  client.GrpcClientProtocolClient (GrpcClientProtocolClient.java:onNext(255)) - client-029E50227556->355864cd-7ac5-4934-b366-9756b15dd90f: receive RaftClientReply:client-029E50227556->355864cd-7ac5-4934-b366-9756b15dd90f@group-785BCF25C267, cid=1305, SUCCESS, logIndex=0, commits[355864cd-7ac5-4934-b366-9756b15dd90f:c1829, ce4aa411-63c8-4399-99eb-27ce352844f3:c1827, 3eeffb0a-787e-48ec-a2f5-d0c540a89489:c1827]
2019-08-21 15:29:42,629 | INFO  | SCMAudit | user=jenkins1000 | ip=192.168.5.153 | op=ALLOCATE_BLOCK {owner=78849ec2-2b05-45d8-8cb5-e95e2230dbd1, size=4194304, type=RATIS, factor=THREE} | ret=SUCCESS |  
2019-08-21 15:29:42,632 | INFO  | OMAudit | user=jenkins1000 | ip=127.0.0.1 | op=ALLOCATE_BLOCK {volume=vol-0-32358, bucket=bucket-0-01949, key=key-0-56547, dataSize=0, replicationType=null, replicationFactor=null, keyLocationInfo=null, clientID=102655680532119954} | ret=SUCCESS |  
2019-08-21 15:29:42,638 | INFO  | DNAudit | user=null | ip=null | op=WRITE_CHUNK {blockData=conID: 2 locID: 102655681011909082 bcsId: 0} | ret=SUCCESS |  
2019-08-21 15:29:42,641 | INFO  | DNAudit | user=null | ip=null | op=WRITE_CHUNK {blockData=conID: 2 locID: 102655681011909082 bcsId: 0} | ret=SUCCESS |  
2019-08-21 15:29:42,641 | INFO  | DNAudit | user=null | ip=null | op=WRITE_CHUNK {blockData=conID: 2 locID: 102655681011909082 bcsId: 0} | ret=SUCCESS |  
2019-08-21 15:29:42,641 | INFO  | DNAudit | user=null | ip=null | op=WRITE_CHUNK {blockData=conID: 2 locID: 102655681011909082 bcsId: 0} | ret=SUCCESS |  
2019-08-21 15:29:42,642 | INFO  | DNAudit | user=null | ip=null | op=WRITE_CHUNK {blockData=conID: 2 locID: 102655681011909082 bcsId: 0} | ret=SUCCESS |  
2019-08-21 15:29:42,643 | INFO  | DNAudit | user=null | ip=null | op=WRITE_CHUNK {blockData=conID: 2 locID: 102655681011909082 bcsId: 0} | ret=SUCCESS |  
2019-08-21 15:29:42,650 | INFO  | DNAudit | user=null | ip=null | op=WRITE_CHUNK {blockData=conID: 2 locID: 102655681011909082 bcsId: 0} | ret=SUCCESS |  
2019-08-21 15:29:42,651 | INFO  | DNAudit | user=null | ip=null | op=PUT_BLOCK {blockData=[blockId=conID: 2 locID: 102655681011909082 bcsId: 0,size=1048576]} | ret=SUCCESS |  
2019-08-21 15:29:42,651 | INFO  | DNAudit | user=null | ip=null | op=WRITE_CHUNK {blockData=conID: 2 locID: 102655681011909082 bcsId: 0} | ret=SUCCESS |  
2019-08-21 15:29:42,651 [grpc-default-executor-3] INFO  client.GrpcClientProtocolClient (GrpcClientProtocolClient.java:onNext(255)) - client-029E50227556->355864cd-7ac5-4934-b366-9756b15dd90f: receive RaftClientReply:client-029E50227556->355864cd-7ac5-4934-b366-9756b15dd90f@group-785BCF25C267, cid=1306, SUCCESS, logIndex=1830, commits[355864cd-7ac5-4934-b366-9756b15dd90f:c1832, ce4aa411-63c8-4399-99eb-27ce352844f3:c1829, 3eeffb0a-787e-48ec-a2f5-d0c540a89489:c1829]
2019-08-21 15:29:42,651 | INFO  | DNAudit | user=null | ip=null | op=PUT_BLOCK {blockData=[blockId=conID: 2 locID: 102655681011909082 bcsId: 0,size=2097152]} | ret=SUCCESS |  
2019-08-21 15:29:42,652 [grpc-default-executor-3] INFO  client.GrpcClientProtocolClient (GrpcClientProtocolClient.java:onNext(255)) - client-029E50227556->355864cd-7ac5-4934-b366-9756b15dd90f: receive RaftClientReply:client-029E50227556->355864cd-7ac5-4934-b366-9756b15dd90f@group-785BCF25C267, cid=1307, SUCCESS, logIndex=1831, commits[355864cd-7ac5-4934-b366-9756b15dd90f:c1833, ce4aa411-63c8-4399-99eb-27ce352844f3:c1829, 3eeffb0a-787e-48ec-a2f5-d0c540a89489:c1829]
2019-08-21 15:29:42,652 [grpc-default-executor-3] INFO  client.GrpcClientProtocolClient (GrpcClientProtocolClient.java:onNext(255)) - client-029E50227556->355864cd-7ac5-4934-b366-9756b15dd90f: receive RaftClientReply:client-029E50227556->355864cd-7ac5-4934-b366-9756b15dd90f@group-785BCF25C267, cid=1308, SUCCESS, logIndex=1832, commits[355864cd-7ac5-4934-b366-9756b15dd90f:c1833, ce4aa411-63c8-4399-99eb-27ce352844f3:c1829, 3eeffb0a-787e-48ec-a2f5-d0c540a89489:c1829]
2019-08-21 15:29:42,652 | INFO  | DNAudit | user=null | ip=null | op=WRITE_CHUNK {blockData=conID: 2 locID: 102655681011909082 bcsId: 0} | ret=SUCCESS |  
2019-08-21 15:29:42,652 | INFO  | DNAudit | user=null | ip=null | op=WRITE_CHUNK {blockData=conID: 2 locID: 102655681011909082 bcsId: 0} | ret=SUCCESS |  
2019-08-21 15:29:42,652 [grpc-default-executor-3] INFO  client.GrpcClientProtocolClient (GrpcClientProtocolClient.java:onNext(255)) - client-029E50227556->355864cd-7ac5-4934-b366-9756b15dd90f: receive RaftClientReply:client-029E50227556->355864cd-7ac5-4934-b366-9756b15dd90f@group-785BCF25C267, cid=1309, SUCCESS, logIndex=1833, commits[355864cd-7ac5-4934-b366-9756b15dd90f:c1833, ce4aa411-63c8-4399-99eb-27ce352844f3:c1829, 3eeffb0a-787e-48ec-a2f5-d0c540a89489:c1829]
2019-08-21 15:29:42,653 | INFO  | DNAudit | user=null | ip=null | op=PUT_BLOCK {blockData=[blockId=conID: 2 locID: 102655681011909082 bcsId: 0,size=1048576]} | ret=SUCCESS |  
2019-08-21 15:29:42,653 | INFO  | DNAudit | user=null | ip=null | op=PUT_BLOCK {blockData=[blockId=conID: 2 locID: 102655681011909082 bcsId: 0,size=1048576]} | ret=SUCCESS |  
2019-08-21 15:29:42,653 | INFO  | DNAudit | user=null | ip=null | op=WRITE_CHUNK {blockData=conID: 2 locID: 102655681011909082 bcsId: 0} | ret=SUCCESS |  
2019-08-21 15:29:42,653 | INFO  | DNAudit | user=null | ip=null | op=PUT_BLOCK {blockData=[blockId=conID: 2 locID: 102655681011909082 bcsId: 0,size=2097152]} | ret=SUCCESS |  
2019-08-21 15:29:42,653 | INFO  | DNAudit | user=null | ip=null | op=WRITE_CHUNK {blockData=conID: 2 locID: 102655681011909082 bcsId: 0} | ret=SUCCESS |  
2019-08-21 15:29:42,654 | INFO  | DNAudit | user=null | ip=null | op=PUT_BLOCK {blockData=[blockId=conID: 2 locID: 102655681011909082 bcsId: 0,size=2097152]} | ret=SUCCESS |  
2019-08-21 15:29:42,654 [grpc-default-executor-0] INFO  client.GrpcClientProtocolClient (GrpcClientProtocolClient.java:onNext(255)) - client-029E50227556->355864cd-7ac5-4934-b366-9756b15dd90f: receive RaftClientReply:client-029E50227556->355864cd-7ac5-4934-b366-9756b15dd90f@group-785BCF25C267, cid=1310, SUCCESS, logIndex=0, commits[355864cd-7ac5-4934-b366-9756b15dd90f:c1834, ce4aa411-63c8-4399-99eb-27ce352844f3:c1831, 3eeffb0a-787e-48ec-a2f5-d0c540a89489:c1831]
2019-08-21 15:29:42,660 | INFO  | DNAudit | user=null | ip=null | op=WRITE_CHUNK {blockData=conID: 2 locID: 102655681011909082 bcsId: 1833} | ret=SUCCESS |  
2019-08-21 15:29:42,662 | INFO  | DNAudit | user=null | ip=null | op=WRITE_CHUNK {blockData=conID: 2 locID: 102655681011909082 bcsId: 1833} | ret=SUCCESS |  
2019-08-21 15:29:42,663 | INFO  | DNAudit | user=null | ip=null | op=WRITE_CHUNK {blockData=conID: 2 locID: 102655681011909082 bcsId: 1833} | ret=SUCCESS |  
2019-08-21 15:29:42,672 | INFO  | DNAudit | user=null | ip=null | op=WRITE_CHUNK {blockData=conID: 2 locID: 102655681011909082 bcsId: 1833} | ret=SUCCESS |  
2019-08-21 15:29:42,673 | INFO  | DNAudit | user=null | ip=null | op=PUT_BLOCK {blockData=[blockId=conID: 2 locID: 102655681011909082 bcsId: 0,size=3145728]} | ret=SUCCESS |  
2019-08-21 15:29:42,673 [grpc-default-executor-0] INFO  client.GrpcClientProtocolClient (GrpcClientProtocolClient.java:onNext(255)) - client-029E50227556->355864cd-7ac5-4934-b366-9756b15dd90f: receive RaftClientReply:client-029E50227556->355864cd-7ac5-4934-b366-9756b15dd90f@group-785BCF25C267, cid=1311, SUCCESS, logIndex=1838, commits[355864cd-7ac5-4934-b366-9756b15dd90f:c1839, ce4aa411-63c8-4399-99eb-27ce352844f3:c1837, 3eeffb0a-787e-48ec-a2f5-d0c540a89489:c1837]
2019-08-21 15:29:42,673 [grpc-default-executor-0] INFO  client.GrpcClientProtocolClient (GrpcClientProtocolClient.java:onNext(255)) - client-029E50227556->355864cd-7ac5-4934-b366-9756b15dd90f: receive RaftClientReply:client-029E50227556->355864cd-7ac5-4934-b366-9756b15dd90f@group-785BCF25C267, cid=1312, SUCCESS, logIndex=1839, commits[355864cd-7ac5-4934-b366-9756b15dd90f:c1839, ce4aa411-63c8-4399-99eb-27ce352844f3:c1837, 3eeffb0a-787e-48ec-a2f5-d0c540a89489:c1837]
2019-08-21 15:29:42,679 | INFO  | DNAudit | user=null | ip=null | op=WRITE_CHUNK {blockData=conID: 2 locID: 102655681011909082 bcsId: 1839} | ret=SUCCESS |  
2019-08-21 15:29:42,681 | INFO  | DNAudit | user=null | ip=null | op=WRITE_CHUNK {blockData=conID: 2 locID: 102655681011909082 bcsId: 1839} | ret=SUCCESS |  
2019-08-21 15:29:42,682 | INFO  | DNAudit | user=null | ip=null | op=WRITE_CHUNK {blockData=conID: 2 locID: 102655681011909082 bcsId: 1839} | ret=SUCCESS |  
2019-08-21 15:29:42,684 | INFO  | DNAudit | user=null | ip=null | op=WRITE_CHUNK {blockData=conID: 2 locID: 102655681011909082 bcsId: 1833} | ret=SUCCESS |  
2019-08-21 15:29:42,684 | INFO  | DNAudit | user=null | ip=null | op=WRITE_CHUNK {blockData=conID: 2 locID: 102655681011909082 bcsId: 1833} | ret=SUCCESS |  
2019-08-21 15:29:42,684 | INFO  | DNAudit | user=null | ip=null | op=PUT_BLOCK {blockData=[blockId=conID: 2 locID: 102655681011909082 bcsId: 0,size=3145728]} | ret=SUCCESS |  
2019-08-21 15:29:42,684 | INFO  | DNAudit | user=null | ip=null | op=PUT_BLOCK {blockData=[blockId=conID: 2 locID: 102655681011909082 bcsId: 0,size=3145728]} | ret=SUCCESS |  
2019-08-21 15:29:42,685 | INFO  | DNAudit | user=null | ip=null | op=WRITE_CHUNK {blockData=conID: 2 locID: 102655681011909082 bcsId: 1839} | ret=SUCCESS |  
2019-08-21 15:29:42,686 | INFO  | DNAudit | user=null | ip=null | op=PUT_BLOCK {blockData=[blockId=conID: 2 locID: 102655681011909082 bcsId: 0,size=4194304]} | ret=SUCCESS |  
2019-08-21 15:29:42,686 [grpc-default-executor-0] INFO  client.GrpcClientProtocolClient (GrpcClientProtocolClient.java:onNext(255)) - client-029E50227556->355864cd-7ac5-4934-b366-9756b15dd90f: receive RaftClientReply:client-029E50227556->355864cd-7ac5-4934-b366-9756b15dd90f@group-785BCF25C267, cid=1313, SUCCESS, logIndex=1842, commits[355864cd-7ac5-4934-b366-9756b15dd90f:c1843, ce4aa411-63c8-4399-99eb-27ce352844f3:c1839, 3eeffb0a-787e-48ec-a2f5-d0c540a89489:c1839]
2019-08-21 15:29:42,686 [grpc-default-executor-0] INFO  client.GrpcClientProtocolClient (GrpcClientProtocolClient.java:onNext(255)) - client-029E50227556->355864cd-7ac5-4934-b366-9756b15dd90f: receive RaftClientReply:client-029E50227556->355864cd-7ac5-4934-b366-9756b15dd90f@group-785BCF25C267, cid=1314, SUCCESS, logIndex=1843, commits[355864cd-7ac5-4934-b366-9756b15dd90f:c1843, ce4aa411-63c8-4399-99eb-27ce352844f3:c1839, 3eeffb0a-787e-48ec-a2f5-d0c540a89489:c1839]
2019-08-21 15:29:42,697 | INFO  | DNAudit | user=null | ip=null | op=WRITE_CHUNK {blockData=conID: 2 locID: 102655681011909082 bcsId: 1839} | ret=SUCCESS |  
2019-08-21 15:29:42,697 | INFO  | DNAudit | user=null | ip=null | op=WRITE_CHUNK {blockData=conID: 2 locID: 102655681011909082 bcsId: 1839} | ret=SUCCESS |  
2019-08-21 15:29:42,700 | INFO  | DNAudit | user=null | ip=null | op=PUT_BLOCK {blockData=[blockId=conID: 2 locID: 102655681011909082 bcsId: 0,size=4194304]} | ret=SUCCESS |  
2019-08-21 15:29:42,700 | INFO  | DNAudit | user=null | ip=null | op=PUT_BLOCK {blockData=[blockId=conID: 2 locID: 102655681011909082 bcsId: 0,size=4194304]} | ret=SUCCESS |  
2019-08-21 15:29:42,700 [grpc-default-executor-3] INFO  client.GrpcClientProtocolClient (GrpcClientProtocolClient.java:onNext(255)) - client-029E50227556->355864cd-7ac5-4934-b366-9756b15dd90f: receive RaftClientReply:client-029E50227556->355864cd-7ac5-4934-b366-9756b15dd90f@group-785BCF25C267, cid=1315, SUCCESS, logIndex=0, commits[355864cd-7ac5-4934-b366-9756b15dd90f:c1845, ce4aa411-63c8-4399-99eb-27ce352844f3:c1843, 3eeffb0a-787e-48ec-a2f5-d0c540a89489:c1843]
2019-08-21 15:29:42,706 | INFO  | SCMAudit | user=jenkins1000 | ip=192.168.5.153 | op=ALLOCATE_BLOCK {owner=78849ec2-2b05-45d8-8cb5-e95e2230dbd1, size=4194304, type=RATIS, factor=THREE} | ret=SUCCESS |  
2019-08-21 15:29:42,709 | INFO  | OMAudit | user=jenkins1000 | ip=127.0.0.1 | op=ALLOCATE_BLOCK {volume=vol-0-32358, bucket=bucket-0-01949, key=key-0-56547, dataSize=0, replicationType=null, replicationFactor=null, keyLocationInfo=null, clientID=102655680532119954} | ret=SUCCESS |  
2019-08-21 15:29:42,714 | INFO  | DNAudit | user=null | ip=null | op=WRITE_CHUNK {blockData=conID: 3 locID: 102655681017020891 bcsId: 0} | ret=SUCCESS |  
2019-08-21 15:29:42,716 | INFO  | DNAudit | user=null | ip=null | op=WRITE_CHUNK {blockData=conID: 3 locID: 102655681017020891 bcsId: 0} | ret=SUCCESS |  
2019-08-21 15:29:42,718 | INFO  | DNAudit | user=null | ip=null | op=WRITE_CHUNK {blockData=conID: 3 locID: 102655681017020891 bcsId: 0} | ret=SUCCESS |  
2019-08-21 15:29:42,718 | INFO  | DNAudit | user=null | ip=null | op=WRITE_CHUNK {blockData=conID: 3 locID: 102655681017020891 bcsId: 0} | ret=SUCCESS |  
2019-08-21 15:29:42,720 | INFO  | DNAudit | user=null | ip=null | op=WRITE_CHUNK {blockData=conID: 3 locID: 102655681017020891 bcsId: 0} | ret=SUCCESS |  
2019-08-21 15:29:42,720 | INFO  | DNAudit | user=null | ip=null | op=WRITE_CHUNK {blockData=conID: 3 locID: 102655681017020891 bcsId: 0} | ret=SUCCESS |  
2019-08-21 15:29:42,727 | INFO  | DNAudit | user=null | ip=null | op=WRITE_CHUNK {blockData=conID: 3 locID: 102655681017020891 bcsId: 0} | ret=SUCCESS |  
2019-08-21 15:29:42,727 | INFO  | DNAudit | user=null | ip=null | op=PUT_BLOCK {blockData=[blockId=conID: 3 locID: 102655681017020891 bcsId: 0,size=1048576]} | ret=SUCCESS |  
2019-08-21 15:29:42,727 [grpc-default-executor-3] INFO  client.GrpcClientProtocolClient (GrpcClientProtocolClient.java:onNext(255)) - client-029E50227556->355864cd-7ac5-4934-b366-9756b15dd90f: receive RaftClientReply:client-029E50227556->355864cd-7ac5-4934-b366-9756b15dd90f@group-785BCF25C267, cid=1316, SUCCESS, logIndex=1846, commits[355864cd-7ac5-4934-b366-9756b15dd90f:c1847, ce4aa411-63c8-4399-99eb-27ce352844f3:c1845, 3eeffb0a-787e-48ec-a2f5-d0c540a89489:c1845]
2019-08-21 15:29:42,728 | INFO  | DNAudit | user=null | ip=null | op=WRITE_CHUNK {blockData=conID: 3 locID: 102655681017020891 bcsId: 0} | ret=SUCCESS |  
2019-08-21 15:29:42,728 [grpc-default-executor-0] INFO  client.GrpcClientProtocolClient (GrpcClientProtocolClient.java:onNext(255)) - client-029E50227556->355864cd-7ac5-4934-b366-9756b15dd90f: receive RaftClientReply:client-029E50227556->355864cd-7ac5-4934-b366-9756b15dd90f@group-785BCF25C267, cid=1317, SUCCESS, logIndex=1847, commits[355864cd-7ac5-4934-b366-9756b15dd90f:c1847, ce4aa411-63c8-4399-99eb-27ce352844f3:c1845, 3eeffb0a-787e-48ec-a2f5-d0c540a89489:c1845]
2019-08-21 15:29:42,728 | INFO  | DNAudit | user=null | ip=null | op=PUT_BLOCK {blockData=[blockId=conID: 3 locID: 102655681017020891 bcsId: 0,size=2097152]} | ret=SUCCESS |  
2019-08-21 15:29:42,728 [grpc-default-executor-0] INFO  client.GrpcClientProtocolClient (GrpcClientProtocolClient.java:onNext(255)) - client-029E50227556->355864cd-7ac5-4934-b366-9756b15dd90f: receive RaftClientReply:client-029E50227556->355864cd-7ac5-4934-b366-9756b15dd90f@group-785BCF25C267, cid=1318, SUCCESS, logIndex=1848, commits[355864cd-7ac5-4934-b366-9756b15dd90f:c1849, ce4aa411-63c8-4399-99eb-27ce352844f3:c1845, 3eeffb0a-787e-48ec-a2f5-d0c540a89489:c1845]
2019-08-21 15:29:42,728 [grpc-default-executor-0] INFO  client.GrpcClientProtocolClient (GrpcClientProtocolClient.java:onNext(255)) - client-029E50227556->355864cd-7ac5-4934-b366-9756b15dd90f: receive RaftClientReply:client-029E50227556->355864cd-7ac5-4934-b366-9756b15dd90f@group-785BCF25C267, cid=1319, SUCCESS, logIndex=1849, commits[355864cd-7ac5-4934-b366-9756b15dd90f:c1849, ce4aa411-63c8-4399-99eb-27ce352844f3:c1845, 3eeffb0a-787e-48ec-a2f5-d0c540a89489:c1845]
2019-08-21 15:29:42,729 | INFO  | DNAudit | user=null | ip=null | op=WRITE_CHUNK {blockData=conID: 3 locID: 102655681017020891 bcsId: 0} | ret=SUCCESS |  
2019-08-21 15:29:42,729 | INFO  | DNAudit | user=null | ip=null | op=WRITE_CHUNK {blockData=conID: 3 locID: 102655681017020891 bcsId: 0} | ret=SUCCESS |  
2019-08-21 15:29:42,729 | INFO  | DNAudit | user=null | ip=null | op=PUT_BLOCK {blockData=[blockId=conID: 3 locID: 102655681017020891 bcsId: 0,size=1048576]} | ret=SUCCESS |  
2019-08-21 15:29:42,730 | INFO  | DNAudit | user=null | ip=null | op=PUT_BLOCK {blockData=[blockId=conID: 3 locID: 102655681017020891 bcsId: 0,size=1048576]} | ret=SUCCESS |  
2019-08-21 15:29:42,729 [grpc-default-executor-0] INFO  client.GrpcClientProtocolClient (GrpcClientProtocolClient.java:onNext(255)) - client-029E50227556->355864cd-7ac5-4934-b366-9756b15dd90f: receive RaftClientReply:client-029E50227556->355864cd-7ac5-4934-b366-9756b15dd90f@group-785BCF25C267, cid=1320, SUCCESS, logIndex=0, commits[355864cd-7ac5-4934-b366-9756b15dd90f:c1851, ce4aa411-63c8-4399-99eb-27ce352844f3:c1847, 3eeffb0a-787e-48ec-a2f5-d0c540a89489:c1847]
2019-08-21 15:29:42,730 | INFO  | DNAudit | user=null | ip=null | op=WRITE_CHUNK {blockData=conID: 3 locID: 102655681017020891 bcsId: 0} | ret=SUCCESS |  
2019-08-21 15:29:42,730 | INFO  | DNAudit | user=null | ip=null | op=PUT_BLOCK {blockData=[blockId=conID: 3 locID: 102655681017020891 bcsId: 0,size=2097152]} | ret=SUCCESS |  
2019-08-21 15:29:42,730 | INFO  | DNAudit | user=null | ip=null | op=WRITE_CHUNK {blockData=conID: 3 locID: 102655681017020891 bcsId: 0} | ret=SUCCESS |  
2019-08-21 15:29:42,731 | INFO  | DNAudit | user=null | ip=null | op=PUT_BLOCK {blockData=[blockId=conID: 3 locID: 102655681017020891 bcsId: 0,size=2097152]} | ret=SUCCESS |  
2019-08-21 15:29:42,735 | INFO  | DNAudit | user=null | ip=null | op=WRITE_CHUNK {blockData=conID: 3 locID: 102655681017020891 bcsId: 1849} | ret=SUCCESS |  
2019-08-21 15:29:42,737 | INFO  | DNAudit | user=null | ip=null | op=WRITE_CHUNK {blockData=conID: 3 locID: 102655681017020891 bcsId: 1849} | ret=SUCCESS |  
2019-08-21 15:29:42,737 | INFO  | DNAudit | user=null | ip=null | op=WRITE_CHUNK {blockData=conID: 3 locID: 102655681017020891 bcsId: 1849} | ret=SUCCESS |  
2019-08-21 15:29:42,748 | INFO  | DNAudit | user=null | ip=null | op=WRITE_CHUNK {blockData=conID: 3 locID: 102655681017020891 bcsId: 1849} | ret=SUCCESS |  
2019-08-21 15:29:42,749 | INFO  | DNAudit | user=null | ip=null | op=PUT_BLOCK {blockData=[blockId=conID: 3 locID: 102655681017020891 bcsId: 0,size=3145728]} | ret=SUCCESS |  
2019-08-21 15:29:42,749 [grpc-default-executor-4] INFO  client.GrpcClientProtocolClient (GrpcClientProtocolClient.java:onNext(255)) - client-029E50227556->355864cd-7ac5-4934-b366-9756b15dd90f: receive RaftClientReply:client-029E50227556->355864cd-7ac5-4934-b366-9756b15dd90f@group-785BCF25C267, cid=1321, SUCCESS, logIndex=1854, commits[355864cd-7ac5-4934-b366-9756b15dd90f:c1855, ce4aa411-63c8-4399-99eb-27ce352844f3:c1853, 3eeffb0a-787e-48ec-a2f5-d0c540a89489:c1853]
2019-08-21 15:29:42,749 [grpc-default-executor-4] INFO  client.GrpcClientProtocolClient (GrpcClientProtocolClient.java:onNext(255)) - client-029E50227556->355864cd-7ac5-4934-b366-9756b15dd90f: receive RaftClientReply:client-029E50227556->355864cd-7ac5-4934-b366-9756b15dd90f@group-785BCF25C267, cid=1322, SUCCESS, logIndex=1855, commits[355864cd-7ac5-4934-b366-9756b15dd90f:c1855, ce4aa411-63c8-4399-99eb-27ce352844f3:c1853, 3eeffb0a-787e-48ec-a2f5-d0c540a89489:c1853]
2019-08-21 15:29:42,755 | INFO  | DNAudit | user=null | ip=null | op=WRITE_CHUNK {blockData=conID: 3 locID: 102655681017020891 bcsId: 1855} | ret=SUCCESS |  
2019-08-21 15:29:42,756 | INFO  | DNAudit | user=null | ip=null | op=WRITE_CHUNK {blockData=conID: 3 locID: 102655681017020891 bcsId: 1855} | ret=SUCCESS |  
2019-08-21 15:29:42,756 | INFO  | DNAudit | user=null | ip=null | op=WRITE_CHUNK {blockData=conID: 3 locID: 102655681017020891 bcsId: 1855} | ret=SUCCESS |  
2019-08-21 15:29:42,760 | INFO  | DNAudit | user=null | ip=null | op=WRITE_CHUNK {blockData=conID: 3 locID: 102655681017020891 bcsId: 1849} | ret=SUCCESS |  
2019-08-21 15:29:42,760 | INFO  | DNAudit | user=null | ip=null | op=WRITE_CHUNK {blockData=conID: 3 locID: 102655681017020891 bcsId: 1849} | ret=SUCCESS |  
2019-08-21 15:29:42,761 | INFO  | DNAudit | user=null | ip=null | op=PUT_BLOCK {blockData=[blockId=conID: 3 locID: 102655681017020891 bcsId: 0,size=3145728]} | ret=SUCCESS |  
2019-08-21 15:29:42,761 | INFO  | DNAudit | user=null | ip=null | op=PUT_BLOCK {blockData=[blockId=conID: 3 locID: 102655681017020891 bcsId: 0,size=3145728]} | ret=SUCCESS |  
2019-08-21 15:29:42,762 | INFO  | DNAudit | user=null | ip=null | op=WRITE_CHUNK {blockData=conID: 3 locID: 102655681017020891 bcsId: 1855} | ret=SUCCESS |  
2019-08-21 15:29:42,762 | INFO  | DNAudit | user=null | ip=null | op=PUT_BLOCK {blockData=[blockId=conID: 3 locID: 102655681017020891 bcsId: 0,size=4194304]} | ret=SUCCESS |  
2019-08-21 15:29:42,762 [grpc-default-executor-3] INFO  client.GrpcClientProtocolClient (GrpcClientProtocolClient.java:onNext(255)) - client-029E50227556->355864cd-7ac5-4934-b366-9756b15dd90f: receive RaftClientReply:client-029E50227556->355864cd-7ac5-4934-b366-9756b15dd90f@group-785BCF25C267, cid=1323, SUCCESS, logIndex=1858, commits[355864cd-7ac5-4934-b366-9756b15dd90f:c1859, ce4aa411-63c8-4399-99eb-27ce352844f3:c1855, 3eeffb0a-787e-48ec-a2f5-d0c540a89489:c1855]
2019-08-21 15:29:42,763 [grpc-default-executor-3] INFO  client.GrpcClientProtocolClient (GrpcClientProtocolClient.java:onNext(255)) - client-029E50227556->355864cd-7ac5-4934-b366-9756b15dd90f: receive RaftClientReply:client-029E50227556->355864cd-7ac5-4934-b366-9756b15dd90f@group-785BCF25C267, cid=1324, SUCCESS, logIndex=1859, commits[355864cd-7ac5-4934-b366-9756b15dd90f:c1859, ce4aa411-63c8-4399-99eb-27ce352844f3:c1855, 3eeffb0a-787e-48ec-a2f5-d0c540a89489:c1855]
2019-08-21 15:29:42,771 | INFO  | DNAudit | user=null | ip=null | op=WRITE_CHUNK {blockData=conID: 3 locID: 102655681017020891 bcsId: 1855} | ret=SUCCESS |  
2019-08-21 15:29:42,772 | INFO  | DNAudit | user=null | ip=null | op=WRITE_CHUNK {blockData=conID: 3 locID: 102655681017020891 bcsId: 1855} | ret=SUCCESS |  
2019-08-21 15:29:42,772 | INFO  | DNAudit | user=null | ip=null | op=PUT_BLOCK {blockData=[blockId=conID: 3 locID: 102655681017020891 bcsId: 0,size=4194304]} | ret=SUCCESS |  
2019-08-21 15:29:42,773 | INFO  | DNAudit | user=null | ip=null | op=PUT_BLOCK {blockData=[blockId=conID: 3 locID: 102655681017020891 bcsId: 0,size=4194304]} | ret=SUCCESS |  
2019-08-21 15:29:42,773 [grpc-default-executor-3] INFO  client.GrpcClientProtocolClient (GrpcClientProtocolClient.java:onNext(255)) - client-029E50227556->355864cd-7ac5-4934-b366-9756b15dd90f: receive RaftClientReply:client-029E50227556->355864cd-7ac5-4934-b366-9756b15dd90f@group-785BCF25C267, cid=1325, SUCCESS, logIndex=0, commits[355864cd-7ac5-4934-b366-9756b15dd90f:c1861, ce4aa411-63c8-4399-99eb-27ce352844f3:c1859, 3eeffb0a-787e-48ec-a2f5-d0c540a89489:c1859]
2019-08-21 15:29:42,777 | INFO  | SCMAudit | user=jenkins1000 | ip=192.168.5.153 | op=ALLOCATE_BLOCK {owner=78849ec2-2b05-45d8-8cb5-e95e2230dbd1, size=4194304, type=RATIS, factor=THREE} | ret=SUCCESS |  
2019-08-21 15:29:42,780 | INFO  | OMAudit | user=jenkins1000 | ip=127.0.0.1 | op=ALLOCATE_BLOCK {volume=vol-0-32358, bucket=bucket-0-01949, key=key-0-56547, dataSize=0, replicationType=null, replicationFactor=null, keyLocationInfo=null, clientID=102655680532119954} | ret=SUCCESS |  
2019-08-21 15:29:42,786 | INFO  | DNAudit | user=null | ip=null | op=WRITE_CHUNK {blockData=conID: 1 locID: 102655681021673948 bcsId: 0} | ret=SUCCESS |  
2019-08-21 15:29:42,788 | INFO  | DNAudit | user=null | ip=null | op=WRITE_CHUNK {blockData=conID: 1 locID: 102655681021673948 bcsId: 0} | ret=SUCCESS |  
2019-08-21 15:29:42,788 | INFO  | DNAudit | user=null | ip=null | op=WRITE_CHUNK {blockData=conID: 1 locID: 102655681021673948 bcsId: 0} | ret=SUCCESS |  
2019-08-21 15:29:42,789 | INFO  | DNAudit | user=null | ip=null | op=WRITE_CHUNK {blockData=conID: 1 locID: 102655681021673948 bcsId: 0} | ret=SUCCESS |  
2019-08-21 15:29:42,790 | INFO  | DNAudit | user=null | ip=null | op=WRITE_CHUNK {blockData=conID: 1 locID: 102655681021673948 bcsId: 0} | ret=SUCCESS |  
2019-08-21 15:29:42,790 | INFO  | DNAudit | user=null | ip=null | op=WRITE_CHUNK {blockData=conID: 1 locID: 102655681021673948 bcsId: 0} | ret=SUCCESS |  
2019-08-21 15:29:42,799 | INFO  | DNAudit | user=null | ip=null | op=WRITE_CHUNK {blockData=conID: 1 locID: 102655681021673948 bcsId: 0} | ret=SUCCESS |  
2019-08-21 15:29:42,799 | INFO  | DNAudit | user=null | ip=null | op=PUT_BLOCK {blockData=[blockId=conID: 1 locID: 102655681021673948 bcsId: 0,size=1048576]} | ret=SUCCESS |  
2019-08-21 15:29:42,799 [grpc-default-executor-3] INFO  client.GrpcClientProtocolClient (GrpcClientProtocolClient.java:onNext(255)) - client-029E50227556->355864cd-7ac5-4934-b366-9756b15dd90f: receive RaftClientReply:client-029E50227556->355864cd-7ac5-4934-b366-9756b15dd90f@group-785BCF25C267, cid=1326, SUCCESS, logIndex=1862, commits[355864cd-7ac5-4934-b366-9756b15dd90f:c1864, ce4aa411-63c8-4399-99eb-27ce352844f3:c1861, 3eeffb0a-787e-48ec-a2f5-d0c540a89489:c1861]
2019-08-21 15:29:42,800 | INFO  | DNAudit | user=null | ip=null | op=WRITE_CHUNK {blockData=conID: 1 locID: 102655681021673948 bcsId: 0} | ret=SUCCESS |  
2019-08-21 15:29:42,800 [grpc-default-executor-3] INFO  client.GrpcClientProtocolClient (GrpcClientProtocolClient.java:onNext(255)) - client-029E50227556->355864cd-7ac5-4934-b366-9756b15dd90f: receive RaftClientReply:client-029E50227556->355864cd-7ac5-4934-b366-9756b15dd90f@group-785BCF25C267, cid=1327, SUCCESS, logIndex=1863, commits[355864cd-7ac5-4934-b366-9756b15dd90f:c1865, ce4aa411-63c8-4399-99eb-27ce352844f3:c1861, 3eeffb0a-787e-48ec-a2f5-d0c540a89489:c1861]
2019-08-21 15:29:42,800 | INFO  | DNAudit | user=null | ip=null | op=PUT_BLOCK {blockData=[blockId=conID: 1 locID: 102655681021673948 bcsId: 0,size=2097152]} | ret=SUCCESS |  
2019-08-21 15:29:42,800 [grpc-default-executor-3] INFO  client.GrpcClientProtocolClient (GrpcClientProtocolClient.java:onNext(255)) - client-029E50227556->355864cd-7ac5-4934-b366-9756b15dd90f: receive RaftClientReply:client-029E50227556->355864cd-7ac5-4934-b366-9756b15dd90f@group-785BCF25C267, cid=1328, SUCCESS, logIndex=1864, commits[355864cd-7ac5-4934-b366-9756b15dd90f:c1865, ce4aa411-63c8-4399-99eb-27ce352844f3:c1861, 3eeffb0a-787e-48ec-a2f5-d0c540a89489:c1861]
2019-08-21 15:29:42,800 [grpc-default-executor-3] INFO  client.GrpcClientProtocolClient (GrpcClientProtocolClient.java:onNext(255)) - client-029E50227556->355864cd-7ac5-4934-b366-9756b15dd90f: receive RaftClientReply:client-029E50227556->355864cd-7ac5-4934-b366-9756b15dd90f@group-785BCF25C267, cid=1329, SUCCESS, logIndex=1865, commits[355864cd-7ac5-4934-b366-9756b15dd90f:c1865, ce4aa411-63c8-4399-99eb-27ce352844f3:c1861, 3eeffb0a-787e-48ec-a2f5-d0c540a89489:c1861]
2019-08-21 15:29:42,823 | INFO  | DNAudit | user=null | ip=null | op=WRITE_CHUNK {blockData=conID: 1 locID: 102655681021673948 bcsId: 0} | ret=SUCCESS |  
2019-08-21 15:29:42,823 | INFO  | DNAudit | user=null | ip=null | op=WRITE_CHUNK {blockData=conID: 1 locID: 102655681021673948 bcsId: 0} | ret=SUCCESS |  
2019-08-21 15:29:42,824 | INFO  | DNAudit | user=null | ip=null | op=PUT_BLOCK {blockData=[blockId=conID: 1 locID: 102655681021673948 bcsId: 0,size=1048576]} | ret=SUCCESS |  
2019-08-21 15:29:42,824 | INFO  | DNAudit | user=null | ip=null | op=PUT_BLOCK {blockData=[blockId=conID: 1 locID: 102655681021673948 bcsId: 0,size=1048576]} | ret=SUCCESS |  
2019-08-21 15:29:42,824 | INFO  | DNAudit | user=null | ip=null | op=WRITE_CHUNK {blockData=conID: 1 locID: 102655681021673948 bcsId: 0} | ret=SUCCESS |  
2019-08-21 15:29:42,824 | INFO  | DNAudit | user=null | ip=null | op=WRITE_CHUNK {blockData=conID: 1 locID: 102655681021673948 bcsId: 0} | ret=SUCCESS |  
2019-08-21 15:29:42,824 | INFO  | DNAudit | user=null | ip=null | op=PUT_BLOCK {blockData=[blockId=conID: 1 locID: 102655681021673948 bcsId: 0,size=2097152]} | ret=SUCCESS |  
2019-08-21 15:29:42,824 | INFO  | DNAudit | user=null | ip=null | op=PUT_BLOCK {blockData=[blockId=conID: 1 locID: 102655681021673948 bcsId: 0,size=2097152]} | ret=SUCCESS |  
2019-08-21 15:29:42,824 [grpc-default-executor-3] INFO  client.GrpcClientProtocolClient (GrpcClientProtocolClient.java:onNext(255)) - client-029E50227556->355864cd-7ac5-4934-b366-9756b15dd90f: receive RaftClientReply:client-029E50227556->355864cd-7ac5-4934-b366-9756b15dd90f@group-785BCF25C267, cid=1330, SUCCESS, logIndex=0, commits[355864cd-7ac5-4934-b366-9756b15dd90f:c1867, ce4aa411-63c8-4399-99eb-27ce352844f3:c1863, 3eeffb0a-787e-48ec-a2f5-d0c540a89489:c1863]
2019-08-21 15:29:42,907 | INFO  | DNAudit | user=null | ip=null | op=WRITE_CHUNK {blockData=conID: 1 locID: 102655681021673948 bcsId: 1865} | ret=SUCCESS |  
2019-08-21 15:29:42,910 | INFO  | DNAudit | user=null | ip=null | op=WRITE_CHUNK {blockData=conID: 1 locID: 102655681021673948 bcsId: 1865} | ret=SUCCESS |  
2019-08-21 15:29:42,910 | INFO  | DNAudit | user=null | ip=null | op=WRITE_CHUNK {blockData=conID: 1 locID: 102655681021673948 bcsId: 1865} | ret=SUCCESS |  
2019-08-21 15:29:42,920 | INFO  | DNAudit | user=null | ip=null | op=WRITE_CHUNK {blockData=conID: 1 locID: 102655681021673948 bcsId: 1865} | ret=SUCCESS |  
2019-08-21 15:29:42,920 | INFO  | DNAudit | user=null | ip=null | op=PUT_BLOCK {blockData=[blockId=conID: 1 locID: 102655681021673948 bcsId: 0,size=3145728]} | ret=SUCCESS |  
2019-08-21 15:29:42,920 [grpc-default-executor-0] INFO  client.GrpcClientProtocolClient (GrpcClientProtocolClient.java:onNext(255)) - client-029E50227556->355864cd-7ac5-4934-b366-9756b15dd90f: receive RaftClientReply:client-029E50227556->355864cd-7ac5-4934-b366-9756b15dd90f@group-785BCF25C267, cid=1331, SUCCESS, logIndex=1870, commits[355864cd-7ac5-4934-b366-9756b15dd90f:c1871, ce4aa411-63c8-4399-99eb-27ce352844f3:c1869, 3eeffb0a-787e-48ec-a2f5-d0c540a89489:c1869]
2019-08-21 15:29:42,921 [grpc-default-executor-0] INFO  client.GrpcClientProtocolClient (GrpcClientProtocolClient.java:onNext(255)) - client-029E50227556->355864cd-7ac5-4934-b366-9756b15dd90f: receive RaftClientReply:client-029E50227556->355864cd-7ac5-4934-b366-9756b15dd90f@group-785BCF25C267, cid=1332, SUCCESS, logIndex=1871, commits[355864cd-7ac5-4934-b366-9756b15dd90f:c1871, ce4aa411-63c8-4399-99eb-27ce352844f3:c1869, 3eeffb0a-787e-48ec-a2f5-d0c540a89489:c1869]
2019-08-21 15:29:42,928 | INFO  | DNAudit | user=null | ip=null | op=WRITE_CHUNK {blockData=conID: 1 locID: 102655681021673948 bcsId: 1871} | ret=SUCCESS |  
2019-08-21 15:29:42,931 | INFO  | DNAudit | user=null | ip=null | op=WRITE_CHUNK {blockData=conID: 1 locID: 102655681021673948 bcsId: 1871} | ret=SUCCESS |  
2019-08-21 15:29:42,931 | INFO  | DNAudit | user=null | ip=null | op=WRITE_CHUNK {blockData=conID: 1 locID: 102655681021673948 bcsId: 1865} | ret=SUCCESS |  
2019-08-21 15:29:42,931 | INFO  | DNAudit | user=null | ip=null | op=WRITE_CHUNK {blockData=conID: 1 locID: 102655681021673948 bcsId: 1871} | ret=SUCCESS |  
2019-08-21 15:29:42,931 | INFO  | DNAudit | user=null | ip=null | op=WRITE_CHUNK {blockData=conID: 1 locID: 102655681021673948 bcsId: 1865} | ret=SUCCESS |  
2019-08-21 15:29:42,933 | INFO  | DNAudit | user=null | ip=null | op=PUT_BLOCK {blockData=[blockId=conID: 1 locID: 102655681021673948 bcsId: 0,size=3145728]} | ret=SUCCESS |  
2019-08-21 15:29:42,933 | INFO  | DNAudit | user=null | ip=null | op=WRITE_CHUNK {blockData=conID: 1 locID: 102655681021673948 bcsId: 1871} | ret=SUCCESS |  
2019-08-21 15:29:42,933 | INFO  | DNAudit | user=null | ip=null | op=PUT_BLOCK {blockData=[blockId=conID: 1 locID: 102655681021673948 bcsId: 0,size=3145728]} | ret=SUCCESS |  
2019-08-21 15:29:42,933 | INFO  | DNAudit | user=null | ip=null | op=PUT_BLOCK {blockData=[blockId=conID: 1 locID: 102655681021673948 bcsId: 0,size=4194304]} | ret=SUCCESS |  
2019-08-21 15:29:42,934 [grpc-default-executor-0] INFO  client.GrpcClientProtocolClient (GrpcClientProtocolClient.java:onNext(255)) - client-029E50227556->355864cd-7ac5-4934-b366-9756b15dd90f: receive RaftClientReply:client-029E50227556->355864cd-7ac5-4934-b366-9756b15dd90f@group-785BCF25C267, cid=1333, SUCCESS, logIndex=1874, commits[355864cd-7ac5-4934-b366-9756b15dd90f:c1875, ce4aa411-63c8-4399-99eb-27ce352844f3:c1870, 3eeffb0a-787e-48ec-a2f5-d0c540a89489:c1871]
2019-08-21 15:29:42,934 [grpc-default-executor-0] INFO  client.GrpcClientProtocolClient (GrpcClientProtocolClient.java:onNext(255)) - client-029E50227556->355864cd-7ac5-4934-b366-9756b15dd90f: receive RaftClientReply:client-029E50227556->355864cd-7ac5-4934-b366-9756b15dd90f@group-785BCF25C267, cid=1334, SUCCESS, logIndex=1875, commits[355864cd-7ac5-4934-b366-9756b15dd90f:c1875, ce4aa411-63c8-4399-99eb-27ce352844f3:c1871, 3eeffb0a-787e-48ec-a2f5-d0c540a89489:c1871]
2019-08-21 15:29:42,934 | INFO  | DNAudit | user=null | ip=null | op=WRITE_CHUNK {blockData=conID: 1 locID: 102655681021673948 bcsId: 1871} | ret=SUCCESS |  
2019-08-21 15:29:42,935 | INFO  | DNAudit | user=null | ip=null | op=WRITE_CHUNK {blockData=conID: 1 locID: 102655681021673948 bcsId: 1871} | ret=SUCCESS |  
2019-08-21 15:29:42,935 | INFO  | DNAudit | user=null | ip=null | op=PUT_BLOCK {blockData=[blockId=conID: 1 locID: 102655681021673948 bcsId: 0,size=4194304]} | ret=SUCCESS |  
2019-08-21 15:29:42,936 | INFO  | DNAudit | user=null | ip=null | op=PUT_BLOCK {blockData=[blockId=conID: 1 locID: 102655681021673948 bcsId: 0,size=4194304]} | ret=SUCCESS |  
2019-08-21 15:29:42,937 [grpc-default-executor-3] INFO  client.GrpcClientProtocolClient (GrpcClientProtocolClient.java:onNext(255)) - client-029E50227556->355864cd-7ac5-4934-b366-9756b15dd90f: receive RaftClientReply:client-029E50227556->355864cd-7ac5-4934-b366-9756b15dd90f@group-785BCF25C267, cid=1335, SUCCESS, logIndex=0, commits[355864cd-7ac5-4934-b366-9756b15dd90f:c1877, ce4aa411-63c8-4399-99eb-27ce352844f3:c1875, 3eeffb0a-787e-48ec-a2f5-d0c540a89489:c1875]
2019-08-21 15:29:42,942 | INFO  | SCMAudit | user=jenkins1000 | ip=192.168.5.153 | op=ALLOCATE_BLOCK {owner=78849ec2-2b05-45d8-8cb5-e95e2230dbd1, size=4194304, type=RATIS, factor=THREE} | ret=SUCCESS |  
2019-08-21 15:29:42,946 | INFO  | OMAudit | user=jenkins1000 | ip=127.0.0.1 | op=ALLOCATE_BLOCK {volume=vol-0-32358, bucket=bucket-0-01949, key=key-0-56547, dataSize=0, replicationType=null, replicationFactor=null, keyLocationInfo=null, clientID=102655680532119954} | ret=SUCCESS |  
2019-08-21 15:29:42,954 | INFO  | DNAudit | user=null | ip=null | op=WRITE_CHUNK {blockData=conID: 2 locID: 102655681032487389 bcsId: 0} | ret=SUCCESS |  
2019-08-21 15:29:42,956 | INFO  | DNAudit | user=null | ip=null | op=WRITE_CHUNK {blockData=conID: 2 locID: 102655681032487389 bcsId: 0} | ret=SUCCESS |  
2019-08-21 15:29:42,956 | INFO  | DNAudit | user=null | ip=null | op=WRITE_CHUNK {blockData=conID: 2 locID: 102655681032487389 bcsId: 0} | ret=SUCCESS |  
2019-08-21 15:29:42,962 | INFO  | DNAudit | user=null | ip=null | op=WRITE_CHUNK {blockData=conID: 2 locID: 102655681032487389 bcsId: 0} | ret=SUCCESS |  
2019-08-21 15:29:42,964 | INFO  | DNAudit | user=null | ip=null | op=WRITE_CHUNK {blockData=conID: 2 locID: 102655681032487389 bcsId: 0} | ret=SUCCESS |  
2019-08-21 15:29:42,964 | INFO  | DNAudit | user=null | ip=null | op=WRITE_CHUNK {blockData=conID: 2 locID: 102655681032487389 bcsId: 0} | ret=SUCCESS |  
2019-08-21 15:29:42,967 | INFO  | DNAudit | user=null | ip=null | op=WRITE_CHUNK {blockData=conID: 2 locID: 102655681032487389 bcsId: 0} | ret=SUCCESS |  
2019-08-21 15:29:42,967 | INFO  | DNAudit | user=null | ip=null | op=PUT_BLOCK {blockData=[blockId=conID: 2 locID: 102655681032487389 bcsId: 0,size=1048576]} | ret=SUCCESS |  
2019-08-21 15:29:42,968 | INFO  | DNAudit | user=null | ip=null | op=WRITE_CHUNK {blockData=conID: 2 locID: 102655681032487389 bcsId: 0} | ret=SUCCESS |  
2019-08-21 15:29:42,967 [grpc-default-executor-4] INFO  client.GrpcClientProtocolClient (GrpcClientProtocolClient.java:onNext(255)) - client-029E50227556->355864cd-7ac5-4934-b366-9756b15dd90f: receive RaftClientReply:client-029E50227556->355864cd-7ac5-4934-b366-9756b15dd90f@group-785BCF25C267, cid=1336, SUCCESS, logIndex=1878, commits[355864cd-7ac5-4934-b366-9756b15dd90f:c1879, ce4aa411-63c8-4399-99eb-27ce352844f3:c1877, 3eeffb0a-787e-48ec-a2f5-d0c540a89489:c1877]
2019-08-21 15:29:42,968 | INFO  | DNAudit | user=null | ip=null | op=PUT_BLOCK {blockData=[blockId=conID: 2 locID: 102655681032487389 bcsId: 0,size=2097152]} | ret=SUCCESS |  
2019-08-21 15:29:42,969 [grpc-default-executor-4] INFO  client.GrpcClientProtocolClient (GrpcClientProtocolClient.java:onNext(255)) - client-029E50227556->355864cd-7ac5-4934-b366-9756b15dd90f: receive RaftClientReply:client-029E50227556->355864cd-7ac5-4934-b366-9756b15dd90f@group-785BCF25C267, cid=1337, SUCCESS, logIndex=1879, commits[355864cd-7ac5-4934-b366-9756b15dd90f:c1879, ce4aa411-63c8-4399-99eb-27ce352844f3:c1877, 3eeffb0a-787e-48ec-a2f5-d0c540a89489:c1877]
2019-08-21 15:29:42,969 | INFO  | DNAudit | user=null | ip=null | op=WRITE_CHUNK {blockData=conID: 2 locID: 102655681032487389 bcsId: 0} | ret=SUCCESS |  
2019-08-21 15:29:42,969 [grpc-default-executor-4] INFO  client.GrpcClientProtocolClient (GrpcClientProtocolClient.java:onNext(255)) - client-029E50227556->355864cd-7ac5-4934-b366-9756b15dd90f: receive RaftClientReply:client-029E50227556->355864cd-7ac5-4934-b366-9756b15dd90f@group-785BCF25C267, cid=1338, SUCCESS, logIndex=1880, commits[355864cd-7ac5-4934-b366-9756b15dd90f:c1880, ce4aa411-63c8-4399-99eb-27ce352844f3:c1877, 3eeffb0a-787e-48ec-a2f5-d0c540a89489:c1877]
2019-08-21 15:29:42,969 | INFO  | DNAudit | user=null | ip=null | op=PUT_BLOCK {blockData=[blockId=conID: 2 locID: 102655681032487389 bcsId: 0,size=1048576]} | ret=SUCCESS |  
2019-08-21 15:29:42,969 [grpc-default-executor-4] INFO  client.GrpcClientProtocolClient (GrpcClientProtocolClient.java:onNext(255)) - client-029E50227556->355864cd-7ac5-4934-b366-9756b15dd90f: receive RaftClientReply:client-029E50227556->355864cd-7ac5-4934-b366-9756b15dd90f@group-785BCF25C267, cid=1339, SUCCESS, logIndex=1881, commits[355864cd-7ac5-4934-b366-9756b15dd90f:c1881, ce4aa411-63c8-4399-99eb-27ce352844f3:c1877, 3eeffb0a-787e-48ec-a2f5-d0c540a89489:c1877]
2019-08-21 15:29:42,971 | INFO  | DNAudit | user=null | ip=null | op=WRITE_CHUNK {blockData=conID: 2 locID: 102655681032487389 bcsId: 0} | ret=SUCCESS |  
2019-08-21 15:29:42,971 | INFO  | DNAudit | user=null | ip=null | op=PUT_BLOCK {blockData=[blockId=conID: 2 locID: 102655681032487389 bcsId: 0,size=1048576]} | ret=SUCCESS |  
2019-08-21 15:29:42,971 [grpc-default-executor-4] INFO  client.GrpcClientProtocolClient (GrpcClientProtocolClient.java:onNext(255)) - client-029E50227556->355864cd-7ac5-4934-b366-9756b15dd90f: receive RaftClientReply:client-029E50227556->355864cd-7ac5-4934-b366-9756b15dd90f@group-785BCF25C267, cid=1340, SUCCESS, logIndex=0, commits[355864cd-7ac5-4934-b366-9756b15dd90f:c1883, ce4aa411-63c8-4399-99eb-27ce352844f3:c1879, 3eeffb0a-787e-48ec-a2f5-d0c540a89489:c1879]
2019-08-21 15:29:42,979 | INFO  | DNAudit | user=null | ip=null | op=WRITE_CHUNK {blockData=conID: 2 locID: 102655681032487389 bcsId: 1881} | ret=SUCCESS |  
2019-08-21 15:29:42,981 | INFO  | DNAudit | user=null | ip=null | op=WRITE_CHUNK {blockData=conID: 2 locID: 102655681032487389 bcsId: 1881} | ret=SUCCESS |  
2019-08-21 15:29:42,981 | INFO  | DNAudit | user=null | ip=null | op=WRITE_CHUNK {blockData=conID: 2 locID: 102655681032487389 bcsId: 1881} | ret=SUCCESS |  
2019-08-21 15:29:42,982 | INFO  | DNAudit | user=null | ip=null | op=WRITE_CHUNK {blockData=conID: 2 locID: 102655681032487389 bcsId: 0} | ret=SUCCESS |  
2019-08-21 15:29:42,982 | INFO  | DNAudit | user=null | ip=null | op=PUT_BLOCK {blockData=[blockId=conID: 2 locID: 102655681032487389 bcsId: 0,size=2097152]} | ret=SUCCESS |  
2019-08-21 15:29:42,982 | INFO  | DNAudit | user=null | ip=null | op=WRITE_CHUNK {blockData=conID: 2 locID: 102655681032487389 bcsId: 0} | ret=SUCCESS |  
2019-08-21 15:29:42,983 | INFO  | DNAudit | user=null | ip=null | op=PUT_BLOCK {blockData=[blockId=conID: 2 locID: 102655681032487389 bcsId: 0,size=2097152]} | ret=SUCCESS |  
2019-08-21 15:29:42,985 | INFO  | DNAudit | user=null | ip=null | op=WRITE_CHUNK {blockData=conID: 2 locID: 102655681032487389 bcsId: 1881} | ret=SUCCESS |  
2019-08-21 15:29:42,986 | INFO  | DNAudit | user=null | ip=null | op=PUT_BLOCK {blockData=[blockId=conID: 2 locID: 102655681032487389 bcsId: 0,size=3145728]} | ret=SUCCESS |  
2019-08-21 15:29:42,986 [grpc-default-executor-3] INFO  client.GrpcClientProtocolClient (GrpcClientProtocolClient.java:onNext(255)) - client-029E50227556->355864cd-7ac5-4934-b366-9756b15dd90f: receive RaftClientReply:client-029E50227556->355864cd-7ac5-4934-b366-9756b15dd90f@group-785BCF25C267, cid=1341, SUCCESS, logIndex=1886, commits[355864cd-7ac5-4934-b366-9756b15dd90f:c1887, ce4aa411-63c8-4399-99eb-27ce352844f3:c1883, 3eeffb0a-787e-48ec-a2f5-d0c540a89489:c1883]
2019-08-21 15:29:42,986 [grpc-default-executor-3] INFO  client.GrpcClientProtocolClient (GrpcClientProtocolClient.java:onNext(255)) - client-029E50227556->355864cd-7ac5-4934-b366-9756b15dd90f: receive RaftClientReply:client-029E50227556->355864cd-7ac5-4934-b366-9756b15dd90f@group-785BCF25C267, cid=1342, SUCCESS, logIndex=1887, commits[355864cd-7ac5-4934-b366-9756b15dd90f:c1887, ce4aa411-63c8-4399-99eb-27ce352844f3:c1883, 3eeffb0a-787e-48ec-a2f5-d0c540a89489:c1883]
2019-08-21 15:29:42,993 | INFO  | DNAudit | user=null | ip=null | op=WRITE_CHUNK {blockData=conID: 2 locID: 102655681032487389 bcsId: 1887} | ret=SUCCESS |  
2019-08-21 15:29:42,995 | INFO  | DNAudit | user=null | ip=null | op=WRITE_CHUNK {blockData=conID: 2 locID: 102655681032487389 bcsId: 1887} | ret=SUCCESS |  
2019-08-21 15:29:42,996 | INFO  | DNAudit | user=null | ip=null | op=WRITE_CHUNK {blockData=conID: 2 locID: 102655681032487389 bcsId: 1887} | ret=SUCCESS |  
2019-08-21 15:29:42,996 | INFO  | DNAudit | user=null | ip=null | op=WRITE_CHUNK {blockData=conID: 2 locID: 102655681032487389 bcsId: 1881} | ret=SUCCESS |  
2019-08-21 15:29:42,996 | INFO  | DNAudit | user=null | ip=null | op=WRITE_CHUNK {blockData=conID: 2 locID: 102655681032487389 bcsId: 1881} | ret=SUCCESS |  
2019-08-21 15:29:42,997 | INFO  | DNAudit | user=null | ip=null | op=PUT_BLOCK {blockData=[blockId=conID: 2 locID: 102655681032487389 bcsId: 0,size=3145728]} | ret=SUCCESS |  
2019-08-21 15:29:42,997 | INFO  | DNAudit | user=null | ip=null | op=PUT_BLOCK {blockData=[blockId=conID: 2 locID: 102655681032487389 bcsId: 0,size=3145728]} | ret=SUCCESS |  
2019-08-21 15:29:43,000 | INFO  | DNAudit | user=null | ip=null | op=WRITE_CHUNK {blockData=conID: 2 locID: 102655681032487389 bcsId: 1887} | ret=SUCCESS |  
2019-08-21 15:29:43,000 | INFO  | DNAudit | user=null | ip=null | op=PUT_BLOCK {blockData=[blockId=conID: 2 locID: 102655681032487389 bcsId: 0,size=4194304]} | ret=SUCCESS |  
2019-08-21 15:29:43,000 [grpc-default-executor-2] INFO  client.GrpcClientProtocolClient (GrpcClientProtocolClient.java:onNext(255)) - client-029E50227556->355864cd-7ac5-4934-b366-9756b15dd90f: receive RaftClientReply:client-029E50227556->355864cd-7ac5-4934-b366-9756b15dd90f@group-785BCF25C267, cid=1343, SUCCESS, logIndex=1889, commits[355864cd-7ac5-4934-b366-9756b15dd90f:c1890, ce4aa411-63c8-4399-99eb-27ce352844f3:c1887, 3eeffb0a-787e-48ec-a2f5-d0c540a89489:c1887]
2019-08-21 15:29:43,001 [grpc-default-executor-2] INFO  client.GrpcClientProtocolClient (GrpcClientProtocolClient.java:onNext(255)) - client-029E50227556->355864cd-7ac5-4934-b366-9756b15dd90f: receive RaftClientReply:client-029E50227556->355864cd-7ac5-4934-b366-9756b15dd90f@group-785BCF25C267, cid=1344, SUCCESS, logIndex=1890, commits[355864cd-7ac5-4934-b366-9756b15dd90f:c1890, ce4aa411-63c8-4399-99eb-27ce352844f3:c1887, 3eeffb0a-787e-48ec-a2f5-d0c540a89489:c1887]
2019-08-21 15:29:43,011 | INFO  | DNAudit | user=null | ip=null | op=WRITE_CHUNK {blockData=conID: 2 locID: 102655681032487389 bcsId: 1887} | ret=SUCCESS |  
2019-08-21 15:29:43,011 | INFO  | DNAudit | user=null | ip=null | op=WRITE_CHUNK {blockData=conID: 2 locID: 102655681032487389 bcsId: 1887} | ret=SUCCESS |  
2019-08-21 15:29:43,014 | INFO  | DNAudit | user=null | ip=null | op=PUT_BLOCK {blockData=[blockId=conID: 2 locID: 102655681032487389 bcsId: 0,size=4194304]} | ret=SUCCESS |  
2019-08-21 15:29:43,014 | INFO  | DNAudit | user=null | ip=null | op=PUT_BLOCK {blockData=[blockId=conID: 2 locID: 102655681032487389 bcsId: 0,size=4194304]} | ret=SUCCESS |  
2019-08-21 15:29:43,015 [grpc-default-executor-2] INFO  client.GrpcClientProtocolClient (GrpcClientProtocolClient.java:onNext(255)) - client-029E50227556->355864cd-7ac5-4934-b366-9756b15dd90f: receive RaftClientReply:client-029E50227556->355864cd-7ac5-4934-b366-9756b15dd90f@group-785BCF25C267, cid=1345, SUCCESS, logIndex=0, commits[355864cd-7ac5-4934-b366-9756b15dd90f:c1892, ce4aa411-63c8-4399-99eb-27ce352844f3:c1890, 3eeffb0a-787e-48ec-a2f5-d0c540a89489:c1890]
2019-08-21 15:29:43,021 | INFO  | SCMAudit | user=jenkins1000 | ip=192.168.5.153 | op=ALLOCATE_BLOCK {owner=78849ec2-2b05-45d8-8cb5-e95e2230dbd1, size=4194304, type=RATIS, factor=THREE} | ret=SUCCESS |  
2019-08-21 15:29:43,024 | INFO  | OMAudit | user=jenkins1000 | ip=127.0.0.1 | op=ALLOCATE_BLOCK {volume=vol-0-32358, bucket=bucket-0-01949, key=key-0-56547, dataSize=0, replicationType=null, replicationFactor=null, keyLocationInfo=null, clientID=102655680532119954} | ret=SUCCESS |  
2019-08-21 15:29:43,031 | INFO  | DNAudit | user=null | ip=null | op=WRITE_CHUNK {blockData=conID: 3 locID: 102655681037664734 bcsId: 0} | ret=SUCCESS |  
2019-08-21 15:29:43,034 | INFO  | DNAudit | user=null | ip=null | op=WRITE_CHUNK {blockData=conID: 3 locID: 102655681037664734 bcsId: 0} | ret=SUCCESS |  
2019-08-21 15:29:43,034 | INFO  | DNAudit | user=null | ip=null | op=WRITE_CHUNK {blockData=conID: 3 locID: 102655681037664734 bcsId: 0} | ret=SUCCESS |  
2019-08-21 15:29:43,035 | INFO  | DNAudit | user=null | ip=null | op=WRITE_CHUNK {blockData=conID: 3 locID: 102655681037664734 bcsId: 0} | ret=SUCCESS |  
2019-08-21 15:29:43,036 | INFO  | DNAudit | user=null | ip=null | op=WRITE_CHUNK {blockData=conID: 3 locID: 102655681037664734 bcsId: 0} | ret=SUCCESS |  
2019-08-21 15:29:43,036 | INFO  | DNAudit | user=null | ip=null | op=WRITE_CHUNK {blockData=conID: 3 locID: 102655681037664734 bcsId: 0} | ret=SUCCESS |  
2019-08-21 15:29:43,044 | INFO  | DNAudit | user=null | ip=null | op=WRITE_CHUNK {blockData=conID: 3 locID: 102655681037664734 bcsId: 0} | ret=SUCCESS |  
2019-08-21 15:29:43,045 | INFO  | DNAudit | user=null | ip=null | op=PUT_BLOCK {blockData=[blockId=conID: 3 locID: 102655681037664734 bcsId: 0,size=1048576]} | ret=SUCCESS |  
2019-08-21 15:29:43,045 | INFO  | SCMAudit | user=jenkins1000 | ip=192.168.5.153 | op=SEND_HEARTBEAT {datanodeUUID=a0074e04-2715-4b16-a2b0-10b5043d27ae, command=[]} | ret=SUCCESS |  
2019-08-21 15:29:43,045 | INFO  | SCMAudit | user=jenkins1000 | ip=192.168.5.153 | op=SEND_HEARTBEAT {datanodeUUID=a38cd7e0-d792-481c-a4c0-f4feaa89ec8f, command=[]} | ret=SUCCESS |  
2019-08-21 15:29:43,045 [grpc-default-executor-2] INFO  client.GrpcClientProtocolClient (GrpcClientProtocolClient.java:onNext(255)) - client-029E50227556->355864cd-7ac5-4934-b366-9756b15dd90f: receive RaftClientReply:client-029E50227556->355864cd-7ac5-4934-b366-9756b15dd90f@group-785BCF25C267, cid=1346, SUCCESS, logIndex=1893, commits[355864cd-7ac5-4934-b366-9756b15dd90f:c1894, ce4aa411-63c8-4399-99eb-27ce352844f3:c1892, 3eeffb0a-787e-48ec-a2f5-d0c540a89489:c1892]
2019-08-21 15:29:43,045 | INFO  | DNAudit | user=null | ip=null | op=WRITE_CHUNK {blockData=conID: 3 locID: 102655681037664734 bcsId: 0} | ret=SUCCESS |  
2019-08-21 15:29:43,046 [grpc-default-executor-2] INFO  client.GrpcClientProtocolClient (GrpcClientProtocolClient.java:onNext(255)) - client-029E50227556->355864cd-7ac5-4934-b366-9756b15dd90f: receive RaftClientReply:client-029E50227556->355864cd-7ac5-4934-b366-9756b15dd90f@group-785BCF25C267, cid=1347, SUCCESS, logIndex=1894, commits[355864cd-7ac5-4934-b366-9756b15dd90f:c1894, ce4aa411-63c8-4399-99eb-27ce352844f3:c1892, 3eeffb0a-787e-48ec-a2f5-d0c540a89489:c1892]
2019-08-21 15:29:43,046 | INFO  | DNAudit | user=null | ip=null | op=PUT_BLOCK {blockData=[blockId=conID: 3 locID: 102655681037664734 bcsId: 0,size=2097152]} | ret=SUCCESS |  
2019-08-21 15:29:43,046 [grpc-default-executor-2] INFO  client.GrpcClientProtocolClient (GrpcClientProtocolClient.java:onNext(255)) - client-029E50227556->355864cd-7ac5-4934-b366-9756b15dd90f: receive RaftClientReply:client-029E50227556->355864cd-7ac5-4934-b366-9756b15dd90f@group-785BCF25C267, cid=1348, SUCCESS, logIndex=1895, commits[355864cd-7ac5-4934-b366-9756b15dd90f:c1896, ce4aa411-63c8-4399-99eb-27ce352844f3:c1892, 3eeffb0a-787e-48ec-a2f5-d0c540a89489:c1892]
2019-08-21 15:29:43,046 [grpc-default-executor-2] INFO  client.GrpcClientProtocolClient (GrpcClientProtocolClient.java:onNext(255)) - client-029E50227556->355864cd-7ac5-4934-b366-9756b15dd90f: receive RaftClientReply:client-029E50227556->355864cd-7ac5-4934-b366-9756b15dd90f@group-785BCF25C267, cid=1349, SUCCESS, logIndex=1896, commits[355864cd-7ac5-4934-b366-9756b15dd90f:c1896, ce4aa411-63c8-4399-99eb-27ce352844f3:c1892, 3eeffb0a-787e-48ec-a2f5-d0c540a89489:c1892]
2019-08-21 15:29:43,058 | INFO  | DNAudit | user=null | ip=null | op=WRITE_CHUNK {blockData=conID: 3 locID: 102655681037664734 bcsId: 0} | ret=SUCCESS |  
2019-08-21 15:29:43,058 | INFO  | DNAudit | user=null | ip=null | op=PUT_BLOCK {blockData=[blockId=conID: 3 locID: 102655681037664734 bcsId: 0,size=1048576]} | ret=SUCCESS |  
2019-08-21 15:29:43,059 | INFO  | DNAudit | user=null | ip=null | op=WRITE_CHUNK {blockData=conID: 3 locID: 102655681037664734 bcsId: 0} | ret=SUCCESS |  
2019-08-21 15:29:43,059 | INFO  | DNAudit | user=null | ip=null | op=PUT_BLOCK {blockData=[blockId=conID: 3 locID: 102655681037664734 bcsId: 0,size=1048576]} | ret=SUCCESS |  
2019-08-21 15:29:43,059 [grpc-default-executor-2] INFO  client.GrpcClientProtocolClient (GrpcClientProtocolClient.java:onNext(255)) - client-029E50227556->355864cd-7ac5-4934-b366-9756b15dd90f: receive RaftClientReply:client-029E50227556->355864cd-7ac5-4934-b366-9756b15dd90f@group-785BCF25C267, cid=1350, SUCCESS, logIndex=0, commits[355864cd-7ac5-4934-b366-9756b15dd90f:c1898, ce4aa411-63c8-4399-99eb-27ce352844f3:c1894, 3eeffb0a-787e-48ec-a2f5-d0c540a89489:c1894]
2019-08-21 15:29:43,059 | INFO  | DNAudit | user=null | ip=null | op=WRITE_CHUNK {blockData=conID: 3 locID: 102655681037664734 bcsId: 0} | ret=SUCCESS |  
2019-08-21 15:29:43,060 | INFO  | DNAudit | user=null | ip=null | op=WRITE_CHUNK {blockData=conID: 3 locID: 102655681037664734 bcsId: 0} | ret=SUCCESS |  
2019-08-21 15:29:43,060 | INFO  | DNAudit | user=null | ip=null | op=PUT_BLOCK {blockData=[blockId=conID: 3 locID: 102655681037664734 bcsId: 0,size=2097152]} | ret=SUCCESS |  
2019-08-21 15:29:43,060 | INFO  | DNAudit | user=null | ip=null | op=PUT_BLOCK {blockData=[blockId=conID: 3 locID: 102655681037664734 bcsId: 0,size=2097152]} | ret=SUCCESS |  
2019-08-21 15:29:43,065 | INFO  | DNAudit | user=null | ip=null | op=WRITE_CHUNK {blockData=conID: 3 locID: 102655681037664734 bcsId: 1896} | ret=SUCCESS |  
2019-08-21 15:29:43,067 | INFO  | DNAudit | user=null | ip=null | op=WRITE_CHUNK {blockData=conID: 3 locID: 102655681037664734 bcsId: 1896} | ret=SUCCESS |  
2019-08-21 15:29:43,067 | INFO  | DNAudit | user=null | ip=null | op=WRITE_CHUNK {blockData=conID: 3 locID: 102655681037664734 bcsId: 1896} | ret=SUCCESS |  
2019-08-21 15:29:43,081 | INFO  | DNAudit | user=null | ip=null | op=WRITE_CHUNK {blockData=conID: 3 locID: 102655681037664734 bcsId: 1896} | ret=SUCCESS |  
2019-08-21 15:29:43,082 | INFO  | DNAudit | user=null | ip=null | op=PUT_BLOCK {blockData=[blockId=conID: 3 locID: 102655681037664734 bcsId: 0,size=3145728]} | ret=SUCCESS |  
2019-08-21 15:29:43,082 [grpc-default-executor-3] INFO  client.GrpcClientProtocolClient (GrpcClientProtocolClient.java:onNext(255)) - client-029E50227556->355864cd-7ac5-4934-b366-9756b15dd90f: receive RaftClientReply:client-029E50227556->355864cd-7ac5-4934-b366-9756b15dd90f@group-785BCF25C267, cid=1351, SUCCESS, logIndex=1901, commits[355864cd-7ac5-4934-b366-9756b15dd90f:c1902, ce4aa411-63c8-4399-99eb-27ce352844f3:c1900, 3eeffb0a-787e-48ec-a2f5-d0c540a89489:c1900]
2019-08-21 15:29:43,082 [grpc-default-executor-3] INFO  client.GrpcClientProtocolClient (GrpcClientProtocolClient.java:onNext(255)) - client-029E50227556->355864cd-7ac5-4934-b366-9756b15dd90f: receive RaftClientReply:client-029E50227556->355864cd-7ac5-4934-b366-9756b15dd90f@group-785BCF25C267, cid=1352, SUCCESS, logIndex=1902, commits[355864cd-7ac5-4934-b366-9756b15dd90f:c1902, ce4aa411-63c8-4399-99eb-27ce352844f3:c1900, 3eeffb0a-787e-48ec-a2f5-d0c540a89489:c1900]
2019-08-21 15:29:43,088 | INFO  | DNAudit | user=null | ip=null | op=WRITE_CHUNK {blockData=conID: 3 locID: 102655681037664734 bcsId: 1902} | ret=SUCCESS |  
2019-08-21 15:29:43,089 | INFO  | DNAudit | user=null | ip=null | op=WRITE_CHUNK {blockData=conID: 3 locID: 102655681037664734 bcsId: 1902} | ret=SUCCESS |  
2019-08-21 15:29:43,090 | INFO  | DNAudit | user=null | ip=null | op=WRITE_CHUNK {blockData=conID: 3 locID: 102655681037664734 bcsId: 1902} | ret=SUCCESS |  
2019-08-21 15:29:43,094 | INFO  | DNAudit | user=null | ip=null | op=WRITE_CHUNK {blockData=conID: 3 locID: 102655681037664734 bcsId: 1896} | ret=SUCCESS |  
2019-08-21 15:29:43,095 | INFO  | DNAudit | user=null | ip=null | op=PUT_BLOCK {blockData=[blockId=conID: 3 locID: 102655681037664734 bcsId: 0,size=3145728]} | ret=SUCCESS |  
2019-08-21 15:29:43,095 | INFO  | DNAudit | user=null | ip=null | op=WRITE_CHUNK {blockData=conID: 3 locID: 102655681037664734 bcsId: 1896} | ret=SUCCESS |  
2019-08-21 15:29:43,095 | INFO  | DNAudit | user=null | ip=null | op=PUT_BLOCK {blockData=[blockId=conID: 3 locID: 102655681037664734 bcsId: 0,size=3145728]} | ret=SUCCESS |  
2019-08-21 15:29:43,097 | INFO  | DNAudit | user=null | ip=null | op=WRITE_CHUNK {blockData=conID: 3 locID: 102655681037664734 bcsId: 1902} | ret=SUCCESS |  
2019-08-21 15:29:43,098 | INFO  | DNAudit | user=null | ip=null | op=PUT_BLOCK {blockData=[blockId=conID: 3 locID: 102655681037664734 bcsId: 0,size=4194304]} | ret=SUCCESS |  
2019-08-21 15:29:43,098 [grpc-default-executor-2] INFO  client.GrpcClientProtocolClient (GrpcClientProtocolClient.java:onNext(255)) - client-029E50227556->355864cd-7ac5-4934-b366-9756b15dd90f: receive RaftClientReply:client-029E50227556->355864cd-7ac5-4934-b366-9756b15dd90f@group-785BCF25C267, cid=1353, SUCCESS, logIndex=1905, commits[355864cd-7ac5-4934-b366-9756b15dd90f:c1906, ce4aa411-63c8-4399-99eb-27ce352844f3:c1902, 3eeffb0a-787e-48ec-a2f5-d0c540a89489:c1902]
2019-08-21 15:29:43,098 [grpc-default-executor-2] INFO  client.GrpcClientProtocolClient (GrpcClientProtocolClient.java:onNext(255)) - client-029E50227556->355864cd-7ac5-4934-b366-9756b15dd90f: receive RaftClientReply:client-029E50227556->355864cd-7ac5-4934-b366-9756b15dd90f@group-785BCF25C267, cid=1354, SUCCESS, logIndex=1906, commits[355864cd-7ac5-4934-b366-9756b15dd90f:c1906, ce4aa411-63c8-4399-99eb-27ce352844f3:c1902, 3eeffb0a-787e-48ec-a2f5-d0c540a89489:c1902]
2019-08-21 15:29:43,109 | INFO  | DNAudit | user=null | ip=null | op=WRITE_CHUNK {blockData=conID: 3 locID: 102655681037664734 bcsId: 1902} | ret=SUCCESS |  
2019-08-21 15:29:43,109 | INFO  | DNAudit | user=null | ip=null | op=WRITE_CHUNK {blockData=conID: 3 locID: 102655681037664734 bcsId: 1902} | ret=SUCCESS |  
2019-08-21 15:29:43,109 | INFO  | DNAudit | user=null | ip=null | op=PUT_BLOCK {blockData=[blockId=conID: 3 locID: 102655681037664734 bcsId: 0,size=4194304]} | ret=SUCCESS |  
2019-08-21 15:29:43,109 | INFO  | DNAudit | user=null | ip=null | op=PUT_BLOCK {blockData=[blockId=conID: 3 locID: 102655681037664734 bcsId: 0,size=4194304]} | ret=SUCCESS |  
2019-08-21 15:29:43,109 [grpc-default-executor-2] INFO  client.GrpcClientProtocolClient (GrpcClientProtocolClient.java:onNext(255)) - client-029E50227556->355864cd-7ac5-4934-b366-9756b15dd90f: receive RaftClientReply:client-029E50227556->355864cd-7ac5-4934-b366-9756b15dd90f@group-785BCF25C267, cid=1355, SUCCESS, logIndex=0, commits[355864cd-7ac5-4934-b366-9756b15dd90f:c1907, ce4aa411-63c8-4399-99eb-27ce352844f3:c1906, 3eeffb0a-787e-48ec-a2f5-d0c540a89489:c1906]
2019-08-21 15:29:43,115 | INFO  | SCMAudit | user=jenkins1000 | ip=192.168.5.153 | op=ALLOCATE_BLOCK {owner=78849ec2-2b05-45d8-8cb5-e95e2230dbd1, size=4194304, type=RATIS, factor=THREE} | ret=SUCCESS |  
2019-08-21 15:29:43,118 | INFO  | OMAudit | user=jenkins1000 | ip=127.0.0.1 | op=ALLOCATE_BLOCK {volume=vol-0-32358, bucket=bucket-0-01949, key=key-0-56547, dataSize=0, replicationType=null, replicationFactor=null, keyLocationInfo=null, clientID=102655680532119954} | ret=SUCCESS |  
2019-08-21 15:29:43,124 | INFO  | DNAudit | user=null | ip=null | op=WRITE_CHUNK {blockData=conID: 1 locID: 102655681043825119 bcsId: 0} | ret=SUCCESS |  
2019-08-21 15:29:43,126 | INFO  | DNAudit | user=null | ip=null | op=WRITE_CHUNK {blockData=conID: 1 locID: 102655681043825119 bcsId: 0} | ret=SUCCESS |  
2019-08-21 15:29:43,126 | INFO  | DNAudit | user=null | ip=null | op=WRITE_CHUNK {blockData=conID: 1 locID: 102655681043825119 bcsId: 0} | ret=SUCCESS |  
2019-08-21 15:29:43,127 | INFO  | DNAudit | user=null | ip=null | op=WRITE_CHUNK {blockData=conID: 1 locID: 102655681043825119 bcsId: 0} | ret=SUCCESS |  
2019-08-21 15:29:43,129 | INFO  | DNAudit | user=null | ip=null | op=WRITE_CHUNK {blockData=conID: 1 locID: 102655681043825119 bcsId: 0} | ret=SUCCESS |  
2019-08-21 15:29:43,129 | INFO  | DNAudit | user=null | ip=null | op=WRITE_CHUNK {blockData=conID: 1 locID: 102655681043825119 bcsId: 0} | ret=SUCCESS |  
2019-08-21 15:29:43,136 | INFO  | DNAudit | user=null | ip=null | op=WRITE_CHUNK {blockData=conID: 1 locID: 102655681043825119 bcsId: 0} | ret=SUCCESS |  
2019-08-21 15:29:43,136 | INFO  | DNAudit | user=null | ip=null | op=PUT_BLOCK {blockData=[blockId=conID: 1 locID: 102655681043825119 bcsId: 0,size=1048576]} | ret=SUCCESS |  
2019-08-21 15:29:43,137 [grpc-default-executor-4] INFO  client.GrpcClientProtocolClient (GrpcClientProtocolClient.java:onNext(255)) - client-029E50227556->355864cd-7ac5-4934-b366-9756b15dd90f: receive RaftClientReply:client-029E50227556->355864cd-7ac5-4934-b366-9756b15dd90f@group-785BCF25C267, cid=1356, SUCCESS, logIndex=1908, commits[355864cd-7ac5-4934-b366-9756b15dd90f:c1909, ce4aa411-63c8-4399-99eb-27ce352844f3:c1907, 3eeffb0a-787e-48ec-a2f5-d0c540a89489:c1907]
2019-08-21 15:29:43,137 | INFO  | DNAudit | user=null | ip=null | op=WRITE_CHUNK {blockData=conID: 1 locID: 102655681043825119 bcsId: 0} | ret=SUCCESS |  
2019-08-21 15:29:43,137 [grpc-default-executor-4] INFO  client.GrpcClientProtocolClient (GrpcClientProtocolClient.java:onNext(255)) - client-029E50227556->355864cd-7ac5-4934-b366-9756b15dd90f: receive RaftClientReply:client-029E50227556->355864cd-7ac5-4934-b366-9756b15dd90f@group-785BCF25C267, cid=1357, SUCCESS, logIndex=1909, commits[355864cd-7ac5-4934-b366-9756b15dd90f:c1909, ce4aa411-63c8-4399-99eb-27ce352844f3:c1907, 3eeffb0a-787e-48ec-a2f5-d0c540a89489:c1907]
2019-08-21 15:29:43,137 | INFO  | DNAudit | user=null | ip=null | op=PUT_BLOCK {blockData=[blockId=conID: 1 locID: 102655681043825119 bcsId: 0,size=2097152]} | ret=SUCCESS |  
2019-08-21 15:29:43,138 [grpc-default-executor-4] INFO  client.GrpcClientProtocolClient (GrpcClientProtocolClient.java:onNext(255)) - client-029E50227556->355864cd-7ac5-4934-b366-9756b15dd90f: receive RaftClientReply:client-029E50227556->355864cd-7ac5-4934-b366-9756b15dd90f@group-785BCF25C267, cid=1358, SUCCESS, logIndex=1910, commits[355864cd-7ac5-4934-b366-9756b15dd90f:c1911, ce4aa411-63c8-4399-99eb-27ce352844f3:c1907, 3eeffb0a-787e-48ec-a2f5-d0c540a89489:c1907]
2019-08-21 15:29:43,138 [grpc-default-executor-4] INFO  client.GrpcClientProtocolClient (GrpcClientProtocolClient.java:onNext(255)) - client-029E50227556->355864cd-7ac5-4934-b366-9756b15dd90f: receive RaftClientReply:client-029E50227556->355864cd-7ac5-4934-b366-9756b15dd90f@group-785BCF25C267, cid=1359, SUCCESS, logIndex=1911, commits[355864cd-7ac5-4934-b366-9756b15dd90f:c1911, ce4aa411-63c8-4399-99eb-27ce352844f3:c1907, 3eeffb0a-787e-48ec-a2f5-d0c540a89489:c1907]
2019-08-21 15:29:43,150 | INFO  | DNAudit | user=null | ip=null | op=WRITE_CHUNK {blockData=conID: 1 locID: 102655681043825119 bcsId: 0} | ret=SUCCESS |  
2019-08-21 15:29:43,150 | INFO  | DNAudit | user=null | ip=null | op=PUT_BLOCK {blockData=[blockId=conID: 1 locID: 102655681043825119 bcsId: 0,size=1048576]} | ret=SUCCESS |  
2019-08-21 15:29:43,150 | INFO  | DNAudit | user=null | ip=null | op=WRITE_CHUNK {blockData=conID: 1 locID: 102655681043825119 bcsId: 0} | ret=SUCCESS |  
2019-08-21 15:29:43,150 | INFO  | DNAudit | user=null | ip=null | op=PUT_BLOCK {blockData=[blockId=conID: 1 locID: 102655681043825119 bcsId: 0,size=1048576]} | ret=SUCCESS |  
2019-08-21 15:29:43,150 | INFO  | DNAudit | user=null | ip=null | op=WRITE_CHUNK {blockData=conID: 1 locID: 102655681043825119 bcsId: 0} | ret=SUCCESS |  
2019-08-21 15:29:43,151 | INFO  | DNAudit | user=null | ip=null | op=WRITE_CHUNK {blockData=conID: 1 locID: 102655681043825119 bcsId: 0} | ret=SUCCESS |  
2019-08-21 15:29:43,151 [grpc-default-executor-4] INFO  client.GrpcClientProtocolClient (GrpcClientProtocolClient.java:onNext(255)) - client-029E50227556->355864cd-7ac5-4934-b366-9756b15dd90f: receive RaftClientReply:client-029E50227556->355864cd-7ac5-4934-b366-9756b15dd90f@group-785BCF25C267, cid=1360, SUCCESS, logIndex=0, commits[355864cd-7ac5-4934-b366-9756b15dd90f:c1913, ce4aa411-63c8-4399-99eb-27ce352844f3:c1909, 3eeffb0a-787e-48ec-a2f5-d0c540a89489:c1909]
2019-08-21 15:29:43,151 | INFO  | DNAudit | user=null | ip=null | op=PUT_BLOCK {blockData=[blockId=conID: 1 locID: 102655681043825119 bcsId: 0,size=2097152]} | ret=SUCCESS |  
2019-08-21 15:29:43,151 | INFO  | DNAudit | user=null | ip=null | op=PUT_BLOCK {blockData=[blockId=conID: 1 locID: 102655681043825119 bcsId: 0,size=2097152]} | ret=SUCCESS |  
2019-08-21 15:29:43,156 | INFO  | DNAudit | user=null | ip=null | op=WRITE_CHUNK {blockData=conID: 1 locID: 102655681043825119 bcsId: 1911} | ret=SUCCESS |  
2019-08-21 15:29:43,158 | INFO  | DNAudit | user=null | ip=null | op=WRITE_CHUNK {blockData=conID: 1 locID: 102655681043825119 bcsId: 1911} | ret=SUCCESS |  
2019-08-21 15:29:43,159 | INFO  | DNAudit | user=null | ip=null | op=WRITE_CHUNK {blockData=conID: 1 locID: 102655681043825119 bcsId: 1911} | ret=SUCCESS |  
2019-08-21 15:29:43,169 | INFO  | DNAudit | user=null | ip=null | op=WRITE_CHUNK {blockData=conID: 1 locID: 102655681043825119 bcsId: 1911} | ret=SUCCESS |  
2019-08-21 15:29:43,170 | INFO  | DNAudit | user=null | ip=null | op=PUT_BLOCK {blockData=[blockId=conID: 1 locID: 102655681043825119 bcsId: 0,size=3145728]} | ret=SUCCESS |  
2019-08-21 15:29:43,170 [grpc-default-executor-2] INFO  client.GrpcClientProtocolClient (GrpcClientProtocolClient.java:onNext(255)) - client-029E50227556->355864cd-7ac5-4934-b366-9756b15dd90f: receive RaftClientReply:client-029E50227556->355864cd-7ac5-4934-b366-9756b15dd90f@group-785BCF25C267, cid=1361, SUCCESS, logIndex=1916, commits[355864cd-7ac5-4934-b366-9756b15dd90f:c1917, ce4aa411-63c8-4399-99eb-27ce352844f3:c1915, 3eeffb0a-787e-48ec-a2f5-d0c540a89489:c1915]
2019-08-21 15:29:43,170 [grpc-default-executor-2] INFO  client.GrpcClientProtocolClient (GrpcClientProtocolClient.java:onNext(255)) - client-029E50227556->355864cd-7ac5-4934-b366-9756b15dd90f: receive RaftClientReply:client-029E50227556->355864cd-7ac5-4934-b366-9756b15dd90f@group-785BCF25C267, cid=1362, SUCCESS, logIndex=1917, commits[355864cd-7ac5-4934-b366-9756b15dd90f:c1917, ce4aa411-63c8-4399-99eb-27ce352844f3:c1915, 3eeffb0a-787e-48ec-a2f5-d0c540a89489:c1915]
2019-08-21 15:29:43,176 | INFO  | DNAudit | user=null | ip=null | op=WRITE_CHUNK {blockData=conID: 1 locID: 102655681043825119 bcsId: 1917} | ret=SUCCESS |  
2019-08-21 15:29:43,178 | INFO  | DNAudit | user=null | ip=null | op=WRITE_CHUNK {blockData=conID: 1 locID: 102655681043825119 bcsId: 1917} | ret=SUCCESS |  
2019-08-21 15:29:43,178 | INFO  | DNAudit | user=null | ip=null | op=WRITE_CHUNK {blockData=conID: 1 locID: 102655681043825119 bcsId: 1917} | ret=SUCCESS |  
2019-08-21 15:29:43,181 | INFO  | DNAudit | user=null | ip=null | op=WRITE_CHUNK {blockData=conID: 1 locID: 102655681043825119 bcsId: 1911} | ret=SUCCESS |  
2019-08-21 15:29:43,181 | INFO  | DNAudit | user=null | ip=null | op=WRITE_CHUNK {blockData=conID: 1 locID: 102655681043825119 bcsId: 1911} | ret=SUCCESS |  
2019-08-21 15:29:43,184 | INFO  | DNAudit | user=null | ip=null | op=PUT_BLOCK {blockData=[blockId=conID: 1 locID: 102655681043825119 bcsId: 0,size=3145728]} | ret=SUCCESS |  
2019-08-21 15:29:43,184 | INFO  | DNAudit | user=null | ip=null | op=PUT_BLOCK {blockData=[blockId=conID: 1 locID: 102655681043825119 bcsId: 0,size=3145728]} | ret=SUCCESS |  
2019-08-21 15:29:43,185 | INFO  | DNAudit | user=null | ip=null | op=WRITE_CHUNK {blockData=conID: 1 locID: 102655681043825119 bcsId: 1917} | ret=SUCCESS |  
2019-08-21 15:29:43,185 | INFO  | DNAudit | user=null | ip=null | op=PUT_BLOCK {blockData=[blockId=conID: 1 locID: 102655681043825119 bcsId: 0,size=4194304]} | ret=SUCCESS |  
2019-08-21 15:29:43,185 [grpc-default-executor-0] INFO  client.GrpcClientProtocolClient (GrpcClientProtocolClient.java:onNext(255)) - client-029E50227556->355864cd-7ac5-4934-b366-9756b15dd90f: receive RaftClientReply:client-029E50227556->355864cd-7ac5-4934-b366-9756b15dd90f@group-785BCF25C267, cid=1363, SUCCESS, logIndex=1920, commits[355864cd-7ac5-4934-b366-9756b15dd90f:c1921, ce4aa411-63c8-4399-99eb-27ce352844f3:c1917, 3eeffb0a-787e-48ec-a2f5-d0c540a89489:c1917]
2019-08-21 15:29:43,185 [grpc-default-executor-0] INFO  client.GrpcClientProtocolClient (GrpcClientProtocolClient.java:onNext(255)) - client-029E50227556->355864cd-7ac5-4934-b366-9756b15dd90f: receive RaftClientReply:client-029E50227556->355864cd-7ac5-4934-b366-9756b15dd90f@group-785BCF25C267, cid=1364, SUCCESS, logIndex=1921, commits[355864cd-7ac5-4934-b366-9756b15dd90f:c1921, ce4aa411-63c8-4399-99eb-27ce352844f3:c1917, 3eeffb0a-787e-48ec-a2f5-d0c540a89489:c1917]
2019-08-21 15:29:43,196 | INFO  | DNAudit | user=null | ip=null | op=WRITE_CHUNK {blockData=conID: 1 locID: 102655681043825119 bcsId: 1917} | ret=SUCCESS |  
2019-08-21 15:29:43,196 | INFO  | DNAudit | user=null | ip=null | op=WRITE_CHUNK {blockData=conID: 1 locID: 102655681043825119 bcsId: 1917} | ret=SUCCESS |  
2019-08-21 15:29:43,196 | INFO  | DNAudit | user=null | ip=null | op=PUT_BLOCK {blockData=[blockId=conID: 1 locID: 102655681043825119 bcsId: 0,size=4194304]} | ret=SUCCESS |  
2019-08-21 15:29:43,196 | INFO  | DNAudit | user=null | ip=null | op=PUT_BLOCK {blockData=[blockId=conID: 1 locID: 102655681043825119 bcsId: 0,size=4194304]} | ret=SUCCESS |  
2019-08-21 15:29:43,197 [grpc-default-executor-0] INFO  client.GrpcClientProtocolClient (GrpcClientProtocolClient.java:onNext(255)) - client-029E50227556->355864cd-7ac5-4934-b366-9756b15dd90f: receive RaftClientReply:client-029E50227556->355864cd-7ac5-4934-b366-9756b15dd90f@group-785BCF25C267, cid=1365, SUCCESS, logIndex=0, commits[355864cd-7ac5-4934-b366-9756b15dd90f:c1922, ce4aa411-63c8-4399-99eb-27ce352844f3:c1921, 3eeffb0a-787e-48ec-a2f5-d0c540a89489:c1921]
2019-08-21 15:29:43,202 | INFO  | SCMAudit | user=jenkins1000 | ip=192.168.5.153 | op=ALLOCATE_BLOCK {owner=78849ec2-2b05-45d8-8cb5-e95e2230dbd1, size=4194304, type=RATIS, factor=THREE} | ret=SUCCESS |  
2019-08-21 15:29:43,204 | INFO  | OMAudit | user=jenkins1000 | ip=127.0.0.1 | op=ALLOCATE_BLOCK {volume=vol-0-32358, bucket=bucket-0-01949, key=key-0-56547, dataSize=0, replicationType=null, replicationFactor=null, keyLocationInfo=null, clientID=102655680532119954} | ret=SUCCESS |  
2019-08-21 15:29:43,215 | INFO  | DNAudit | user=null | ip=null | op=WRITE_CHUNK {blockData=conID: 2 locID: 102655681049526752 bcsId: 0} | ret=SUCCESS |  
2019-08-21 15:29:43,216 | INFO  | DNAudit | user=null | ip=null | op=WRITE_CHUNK {blockData=conID: 2 locID: 102655681049526752 bcsId: 0} | ret=SUCCESS |  
2019-08-21 15:29:43,217 | INFO  | DNAudit | user=null | ip=null | op=WRITE_CHUNK {blockData=conID: 2 locID: 102655681049526752 bcsId: 0} | ret=SUCCESS |  
2019-08-21 15:29:43,217 | INFO  | DNAudit | user=null | ip=null | op=WRITE_CHUNK {blockData=conID: 2 locID: 102655681049526752 bcsId: 0} | ret=SUCCESS |  
2019-08-21 15:29:43,218 | INFO  | DNAudit | user=null | ip=null | op=WRITE_CHUNK {blockData=conID: 2 locID: 102655681049526752 bcsId: 0} | ret=SUCCESS |  
2019-08-21 15:29:43,218 | INFO  | DNAudit | user=null | ip=null | op=WRITE_CHUNK {blockData=conID: 2 locID: 102655681049526752 bcsId: 0} | ret=SUCCESS |  
2019-08-21 15:29:43,229 | INFO  | DNAudit | user=null | ip=null | op=WRITE_CHUNK {blockData=conID: 2 locID: 102655681049526752 bcsId: 0} | ret=SUCCESS |  
2019-08-21 15:29:43,230 | INFO  | DNAudit | user=null | ip=null | op=PUT_BLOCK {blockData=[blockId=conID: 2 locID: 102655681049526752 bcsId: 0,size=1048576]} | ret=SUCCESS |  
2019-08-21 15:29:43,230 | INFO  | DNAudit | user=null | ip=null | op=WRITE_CHUNK {blockData=conID: 2 locID: 102655681049526752 bcsId: 0} | ret=SUCCESS |  
2019-08-21 15:29:43,230 [grpc-default-executor-3] INFO  client.GrpcClientProtocolClient (GrpcClientProtocolClient.java:onNext(255)) - client-029E50227556->355864cd-7ac5-4934-b366-9756b15dd90f: receive RaftClientReply:client-029E50227556->355864cd-7ac5-4934-b366-9756b15dd90f@group-785BCF25C267, cid=1366, SUCCESS, logIndex=1924, commits[355864cd-7ac5-4934-b366-9756b15dd90f:c1926, ce4aa411-63c8-4399-99eb-27ce352844f3:c1923, 3eeffb0a-787e-48ec-a2f5-d0c540a89489:c1923]
2019-08-21 15:29:43,231 | INFO  | DNAudit | user=null | ip=null | op=PUT_BLOCK {blockData=[blockId=conID: 2 locID: 102655681049526752 bcsId: 0,size=2097152]} | ret=SUCCESS |  
2019-08-21 15:29:43,231 [grpc-default-executor-3] INFO  client.GrpcClientProtocolClient (GrpcClientProtocolClient.java:onNext(255)) - client-029E50227556->355864cd-7ac5-4934-b366-9756b15dd90f: receive RaftClientReply:client-029E50227556->355864cd-7ac5-4934-b366-9756b15dd90f@group-785BCF25C267, cid=1367, SUCCESS, logIndex=1925, commits[355864cd-7ac5-4934-b366-9756b15dd90f:c1927, ce4aa411-63c8-4399-99eb-27ce352844f3:c1923, 3eeffb0a-787e-48ec-a2f5-d0c540a89489:c1923]
2019-08-21 15:29:43,231 [grpc-default-executor-3] INFO  client.GrpcClientProtocolClient (GrpcClientProtocolClient.java:onNext(255)) - client-029E50227556->355864cd-7ac5-4934-b366-9756b15dd90f: receive RaftClientReply:client-029E50227556->355864cd-7ac5-4934-b366-9756b15dd90f@group-785BCF25C267, cid=1368, SUCCESS, logIndex=1926, commits[355864cd-7ac5-4934-b366-9756b15dd90f:c1927, ce4aa411-63c8-4399-99eb-27ce352844f3:c1923, 3eeffb0a-787e-48ec-a2f5-d0c540a89489:c1923]
2019-08-21 15:29:43,231 [grpc-default-executor-3] INFO  client.GrpcClientProtocolClient (GrpcClientProtocolClient.java:onNext(255)) - client-029E50227556->355864cd-7ac5-4934-b366-9756b15dd90f: receive RaftClientReply:client-029E50227556->355864cd-7ac5-4934-b366-9756b15dd90f@group-785BCF25C267, cid=1369, SUCCESS, logIndex=1927, commits[355864cd-7ac5-4934-b366-9756b15dd90f:c1927, ce4aa411-63c8-4399-99eb-27ce352844f3:c1923, 3eeffb0a-787e-48ec-a2f5-d0c540a89489:c1923]
2019-08-21 15:29:43,241 | INFO  | DNAudit | user=null | ip=null | op=WRITE_CHUNK {blockData=conID: 2 locID: 102655681049526752 bcsId: 0} | ret=SUCCESS |  
2019-08-21 15:29:43,241 | INFO  | DNAudit | user=null | ip=null | op=WRITE_CHUNK {blockData=conID: 2 locID: 102655681049526752 bcsId: 0} | ret=SUCCESS |  
2019-08-21 15:29:43,241 | INFO  | DNAudit | user=null | ip=null | op=PUT_BLOCK {blockData=[blockId=conID: 2 locID: 102655681049526752 bcsId: 0,size=1048576]} | ret=SUCCESS |  
2019-08-21 15:29:43,241 | INFO  | DNAudit | user=null | ip=null | op=PUT_BLOCK {blockData=[blockId=conID: 2 locID: 102655681049526752 bcsId: 0,size=1048576]} | ret=SUCCESS |  
2019-08-21 15:29:43,241 [grpc-default-executor-3] INFO  client.GrpcClientProtocolClient (GrpcClientProtocolClient.java:onNext(255)) - client-029E50227556->355864cd-7ac5-4934-b366-9756b15dd90f: receive RaftClientReply:client-029E50227556->355864cd-7ac5-4934-b366-9756b15dd90f@group-785BCF25C267, cid=1370, SUCCESS, logIndex=0, commits[355864cd-7ac5-4934-b366-9756b15dd90f:c1928, ce4aa411-63c8-4399-99eb-27ce352844f3:c1925, 3eeffb0a-787e-48ec-a2f5-d0c540a89489:c1925]
2019-08-21 15:29:43,243 | INFO  | DNAudit | user=null | ip=null | op=WRITE_CHUNK {blockData=conID: 2 locID: 102655681049526752 bcsId: 0} | ret=SUCCESS |  
2019-08-21 15:29:43,243 | INFO  | DNAudit | user=null | ip=null | op=WRITE_CHUNK {blockData=conID: 2 locID: 102655681049526752 bcsId: 0} | ret=SUCCESS |  
2019-08-21 15:29:43,244 | INFO  | DNAudit | user=null | ip=null | op=PUT_BLOCK {blockData=[blockId=conID: 2 locID: 102655681049526752 bcsId: 0,size=2097152]} | ret=SUCCESS |  
2019-08-21 15:29:43,244 | INFO  | DNAudit | user=null | ip=null | op=PUT_BLOCK {blockData=[blockId=conID: 2 locID: 102655681049526752 bcsId: 0,size=2097152]} | ret=SUCCESS |  
2019-08-21 15:29:43,246 | INFO  | DNAudit | user=null | ip=null | op=WRITE_CHUNK {blockData=conID: 2 locID: 102655681049526752 bcsId: 1927} | ret=SUCCESS |  
2019-08-21 15:29:43,248 | INFO  | DNAudit | user=null | ip=null | op=WRITE_CHUNK {blockData=conID: 2 locID: 102655681049526752 bcsId: 1927} | ret=SUCCESS |  
2019-08-21 15:29:43,248 | INFO  | DNAudit | user=null | ip=null | op=WRITE_CHUNK {blockData=conID: 2 locID: 102655681049526752 bcsId: 1927} | ret=SUCCESS |  
2019-08-21 15:29:43,257 | INFO  | DNAudit | user=null | ip=null | op=WRITE_CHUNK {blockData=conID: 2 locID: 102655681049526752 bcsId: 1927} | ret=SUCCESS |  
2019-08-21 15:29:43,258 | INFO  | DNAudit | user=null | ip=null | op=PUT_BLOCK {blockData=[blockId=conID: 2 locID: 102655681049526752 bcsId: 0,size=3145728]} | ret=SUCCESS |  
2019-08-21 15:29:43,258 [grpc-default-executor-2] INFO  client.GrpcClientProtocolClient (GrpcClientProtocolClient.java:onNext(255)) - client-029E50227556->355864cd-7ac5-4934-b366-9756b15dd90f: receive RaftClientReply:client-029E50227556->355864cd-7ac5-4934-b366-9756b15dd90f@group-785BCF25C267, cid=1371, SUCCESS, logIndex=1932, commits[355864cd-7ac5-4934-b366-9756b15dd90f:c1933, ce4aa411-63c8-4399-99eb-27ce352844f3:c1931, 3eeffb0a-787e-48ec-a2f5-d0c540a89489:c1931]
2019-08-21 15:29:43,259 [grpc-default-executor-2] INFO  client.GrpcClientProtocolClient (GrpcClientProtocolClient.java:onNext(255)) - client-029E50227556->355864cd-7ac5-4934-b366-9756b15dd90f: receive RaftClientReply:client-029E50227556->355864cd-7ac5-4934-b366-9756b15dd90f@group-785BCF25C267, cid=1372, SUCCESS, logIndex=1933, commits[355864cd-7ac5-4934-b366-9756b15dd90f:c1933, ce4aa411-63c8-4399-99eb-27ce352844f3:c1931, 3eeffb0a-787e-48ec-a2f5-d0c540a89489:c1931]
2019-08-21 15:29:43,264 | INFO  | DNAudit | user=null | ip=null | op=WRITE_CHUNK {blockData=conID: 2 locID: 102655681049526752 bcsId: 1933} | ret=SUCCESS |  
2019-08-21 15:29:43,266 | INFO  | DNAudit | user=null | ip=null | op=WRITE_CHUNK {blockData=conID: 2 locID: 102655681049526752 bcsId: 1933} | ret=SUCCESS |  
2019-08-21 15:29:43,266 | INFO  | DNAudit | user=null | ip=null | op=WRITE_CHUNK {blockData=conID: 2 locID: 102655681049526752 bcsId: 1933} | ret=SUCCESS |  
2019-08-21 15:29:43,268 | INFO  | DNAudit | user=null | ip=null | op=WRITE_CHUNK {blockData=conID: 2 locID: 102655681049526752 bcsId: 1927} | ret=SUCCESS |  
2019-08-21 15:29:43,268 | INFO  | DNAudit | user=null | ip=null | op=WRITE_CHUNK {blockData=conID: 2 locID: 102655681049526752 bcsId: 1927} | ret=SUCCESS |  
2019-08-21 15:29:43,269 | INFO  | DNAudit | user=null | ip=null | op=PUT_BLOCK {blockData=[blockId=conID: 2 locID: 102655681049526752 bcsId: 0,size=3145728]} | ret=SUCCESS |  
2019-08-21 15:29:43,269 | INFO  | DNAudit | user=null | ip=null | op=PUT_BLOCK {blockData=[blockId=conID: 2 locID: 102655681049526752 bcsId: 0,size=3145728]} | ret=SUCCESS |  
2019-08-21 15:29:43,270 | INFO  | DNAudit | user=null | ip=null | op=WRITE_CHUNK {blockData=conID: 2 locID: 102655681049526752 bcsId: 1933} | ret=SUCCESS |  
2019-08-21 15:29:43,270 | INFO  | DNAudit | user=null | ip=null | op=PUT_BLOCK {blockData=[blockId=conID: 2 locID: 102655681049526752 bcsId: 0,size=4194304]} | ret=SUCCESS |  
2019-08-21 15:29:43,270 [grpc-default-executor-3] INFO  client.GrpcClientProtocolClient (GrpcClientProtocolClient.java:onNext(255)) - client-029E50227556->355864cd-7ac5-4934-b366-9756b15dd90f: receive RaftClientReply:client-029E50227556->355864cd-7ac5-4934-b366-9756b15dd90f@group-785BCF25C267, cid=1373, SUCCESS, logIndex=1936, commits[355864cd-7ac5-4934-b366-9756b15dd90f:c1937, ce4aa411-63c8-4399-99eb-27ce352844f3:c1933, 3eeffb0a-787e-48ec-a2f5-d0c540a89489:c1933]
2019-08-21 15:29:43,270 [grpc-default-executor-3] INFO  client.GrpcClientProtocolClient (GrpcClientProtocolClient.java:onNext(255)) - client-029E50227556->355864cd-7ac5-4934-b366-9756b15dd90f: receive RaftClientReply:client-029E50227556->355864cd-7ac5-4934-b366-9756b15dd90f@group-785BCF25C267, cid=1374, SUCCESS, logIndex=1937, commits[355864cd-7ac5-4934-b366-9756b15dd90f:c1937, ce4aa411-63c8-4399-99eb-27ce352844f3:c1933, 3eeffb0a-787e-48ec-a2f5-d0c540a89489:c1933]
2019-08-21 15:29:43,279 | INFO  | DNAudit | user=null | ip=null | op=WRITE_CHUNK {blockData=conID: 2 locID: 102655681049526752 bcsId: 1933} | ret=SUCCESS |  
2019-08-21 15:29:43,280 | INFO  | DNAudit | user=null | ip=null | op=WRITE_CHUNK {blockData=conID: 2 locID: 102655681049526752 bcsId: 1933} | ret=SUCCESS |  
2019-08-21 15:29:43,280 | INFO  | DNAudit | user=null | ip=null | op=PUT_BLOCK {blockData=[blockId=conID: 2 locID: 102655681049526752 bcsId: 0,size=4194304]} | ret=SUCCESS |  
2019-08-21 15:29:43,280 | INFO  | DNAudit | user=null | ip=null | op=PUT_BLOCK {blockData=[blockId=conID: 2 locID: 102655681049526752 bcsId: 0,size=4194304]} | ret=SUCCESS |  
2019-08-21 15:29:43,280 [grpc-default-executor-3] INFO  client.GrpcClientProtocolClient (GrpcClientProtocolClient.java:onNext(255)) - client-029E50227556->355864cd-7ac5-4934-b366-9756b15dd90f: receive RaftClientReply:client-029E50227556->355864cd-7ac5-4934-b366-9756b15dd90f@group-785BCF25C267, cid=1375, SUCCESS, logIndex=0, commits[355864cd-7ac5-4934-b366-9756b15dd90f:c1938, ce4aa411-63c8-4399-99eb-27ce352844f3:c1937, 3eeffb0a-787e-48ec-a2f5-d0c540a89489:c1937]
2019-08-21 15:29:43,285 | INFO  | SCMAudit | user=jenkins1000 | ip=192.168.5.153 | op=ALLOCATE_BLOCK {owner=78849ec2-2b05-45d8-8cb5-e95e2230dbd1, size=4194304, type=RATIS, factor=THREE} | ret=SUCCESS |  
2019-08-21 15:29:43,287 | INFO  | OMAudit | user=jenkins1000 | ip=127.0.0.1 | op=ALLOCATE_BLOCK {volume=vol-0-32358, bucket=bucket-0-01949, key=key-0-56547, dataSize=0, replicationType=null, replicationFactor=null, keyLocationInfo=null, clientID=102655680532119954} | ret=SUCCESS |  
2019-08-21 15:29:43,294 | INFO  | DNAudit | user=null | ip=null | op=WRITE_CHUNK {blockData=conID: 3 locID: 102655681054900705 bcsId: 0} | ret=SUCCESS |  
2019-08-21 15:29:43,296 | INFO  | DNAudit | user=null | ip=null | op=WRITE_CHUNK {blockData=conID: 3 locID: 102655681054900705 bcsId: 0} | ret=SUCCESS |  
2019-08-21 15:29:43,297 | INFO  | DNAudit | user=null | ip=null | op=WRITE_CHUNK {blockData=conID: 3 locID: 102655681054900705 bcsId: 0} | ret=SUCCESS |  
2019-08-21 15:29:43,297 | INFO  | DNAudit | user=null | ip=null | op=WRITE_CHUNK {blockData=conID: 3 locID: 102655681054900705 bcsId: 0} | ret=SUCCESS |  
2019-08-21 15:29:43,299 | INFO  | DNAudit | user=null | ip=null | op=WRITE_CHUNK {blockData=conID: 3 locID: 102655681054900705 bcsId: 0} | ret=SUCCESS |  
2019-08-21 15:29:43,299 | INFO  | DNAudit | user=null | ip=null | op=WRITE_CHUNK {blockData=conID: 3 locID: 102655681054900705 bcsId: 0} | ret=SUCCESS |  
2019-08-21 15:29:43,305 | INFO  | DNAudit | user=null | ip=null | op=WRITE_CHUNK {blockData=conID: 3 locID: 102655681054900705 bcsId: 0} | ret=SUCCESS |  
2019-08-21 15:29:43,305 | INFO  | DNAudit | user=null | ip=null | op=PUT_BLOCK {blockData=[blockId=conID: 3 locID: 102655681054900705 bcsId: 0,size=1048576]} | ret=SUCCESS |  
2019-08-21 15:29:43,305 [grpc-default-executor-2] INFO  client.GrpcClientProtocolClient (GrpcClientProtocolClient.java:onNext(255)) - client-029E50227556->355864cd-7ac5-4934-b366-9756b15dd90f: receive RaftClientReply:client-029E50227556->355864cd-7ac5-4934-b366-9756b15dd90f@group-785BCF25C267, cid=1376, SUCCESS, logIndex=1940, commits[355864cd-7ac5-4934-b366-9756b15dd90f:c1941, ce4aa411-63c8-4399-99eb-27ce352844f3:c1939, 3eeffb0a-787e-48ec-a2f5-d0c540a89489:c1939]
2019-08-21 15:29:43,306 | INFO  | DNAudit | user=null | ip=null | op=WRITE_CHUNK {blockData=conID: 3 locID: 102655681054900705 bcsId: 0} | ret=SUCCESS |  
2019-08-21 15:29:43,306 [grpc-default-executor-2] INFO  client.GrpcClientProtocolClient (GrpcClientProtocolClient.java:onNext(255)) - client-029E50227556->355864cd-7ac5-4934-b366-9756b15dd90f: receive RaftClientReply:client-029E50227556->355864cd-7ac5-4934-b366-9756b15dd90f@group-785BCF25C267, cid=1377, SUCCESS, logIndex=1941, commits[355864cd-7ac5-4934-b366-9756b15dd90f:c1941, ce4aa411-63c8-4399-99eb-27ce352844f3:c1939, 3eeffb0a-787e-48ec-a2f5-d0c540a89489:c1939]
2019-08-21 15:29:43,306 | INFO  | DNAudit | user=null | ip=null | op=PUT_BLOCK {blockData=[blockId=conID: 3 locID: 102655681054900705 bcsId: 0,size=2097152]} | ret=SUCCESS |  
2019-08-21 15:29:43,306 [grpc-default-executor-2] INFO  client.GrpcClientProtocolClient (GrpcClientProtocolClient.java:onNext(255)) - client-029E50227556->355864cd-7ac5-4934-b366-9756b15dd90f: receive RaftClientReply:client-029E50227556->355864cd-7ac5-4934-b366-9756b15dd90f@group-785BCF25C267, cid=1378, SUCCESS, logIndex=1942, commits[355864cd-7ac5-4934-b366-9756b15dd90f:c1943, ce4aa411-63c8-4399-99eb-27ce352844f3:c1939, 3eeffb0a-787e-48ec-a2f5-d0c540a89489:c1939]
2019-08-21 15:29:43,307 [grpc-default-executor-2] INFO  client.GrpcClientProtocolClient (GrpcClientProtocolClient.java:onNext(255)) - client-029E50227556->355864cd-7ac5-4934-b366-9756b15dd90f: receive RaftClientReply:client-029E50227556->355864cd-7ac5-4934-b366-9756b15dd90f@group-785BCF25C267, cid=1379, SUCCESS, logIndex=1943, commits[355864cd-7ac5-4934-b366-9756b15dd90f:c1943, ce4aa411-63c8-4399-99eb-27ce352844f3:c1939, 3eeffb0a-787e-48ec-a2f5-d0c540a89489:c1939]
2019-08-21 15:29:43,309 | INFO  | DNAudit | user=null | ip=null | op=WRITE_CHUNK {blockData=conID: 3 locID: 102655681054900705 bcsId: 0} | ret=SUCCESS |  
2019-08-21 15:29:43,309 | INFO  | DNAudit | user=null | ip=null | op=PUT_BLOCK {blockData=[blockId=conID: 3 locID: 102655681054900705 bcsId: 0,size=1048576]} | ret=SUCCESS |  
2019-08-21 15:29:43,310 | INFO  | DNAudit | user=null | ip=null | op=WRITE_CHUNK {blockData=conID: 3 locID: 102655681054900705 bcsId: 0} | ret=SUCCESS |  
2019-08-21 15:29:43,310 | INFO  | DNAudit | user=null | ip=null | op=PUT_BLOCK {blockData=[blockId=conID: 3 locID: 102655681054900705 bcsId: 0,size=1048576]} | ret=SUCCESS |  
2019-08-21 15:29:43,310 | INFO  | DNAudit | user=null | ip=null | op=WRITE_CHUNK {blockData=conID: 3 locID: 102655681054900705 bcsId: 0} | ret=SUCCESS |  
2019-08-21 15:29:43,310 | INFO  | DNAudit | user=null | ip=null | op=WRITE_CHUNK {blockData=conID: 3 locID: 102655681054900705 bcsId: 0} | ret=SUCCESS |  
2019-08-21 15:29:43,310 | INFO  | DNAudit | user=null | ip=null | op=PUT_BLOCK {blockData=[blockId=conID: 3 locID: 102655681054900705 bcsId: 0,size=2097152]} | ret=SUCCESS |  
2019-08-21 15:29:43,311 | INFO  | DNAudit | user=null | ip=null | op=PUT_BLOCK {blockData=[blockId=conID: 3 locID: 102655681054900705 bcsId: 0,size=2097152]} | ret=SUCCESS |  
2019-08-21 15:29:43,311 [grpc-default-executor-2] INFO  client.GrpcClientProtocolClient (GrpcClientProtocolClient.java:onNext(255)) - client-029E50227556->355864cd-7ac5-4934-b366-9756b15dd90f: receive RaftClientReply:client-029E50227556->355864cd-7ac5-4934-b366-9756b15dd90f@group-785BCF25C267, cid=1380, SUCCESS, logIndex=0, commits[355864cd-7ac5-4934-b366-9756b15dd90f:c1945, ce4aa411-63c8-4399-99eb-27ce352844f3:c1941, 3eeffb0a-787e-48ec-a2f5-d0c540a89489:c1941]
2019-08-21 15:29:43,317 | INFO  | DNAudit | user=null | ip=null | op=WRITE_CHUNK {blockData=conID: 3 locID: 102655681054900705 bcsId: 1943} | ret=SUCCESS |  
2019-08-21 15:29:43,319 | INFO  | DNAudit | user=null | ip=null | op=WRITE_CHUNK {blockData=conID: 3 locID: 102655681054900705 bcsId: 1943} | ret=SUCCESS |  
2019-08-21 15:29:43,319 | INFO  | DNAudit | user=null | ip=null | op=WRITE_CHUNK {blockData=conID: 3 locID: 102655681054900705 bcsId: 1943} | ret=SUCCESS |  
2019-08-21 15:29:43,333 | INFO  | DNAudit | user=null | ip=null | op=WRITE_CHUNK {blockData=conID: 3 locID: 102655681054900705 bcsId: 1943} | ret=SUCCESS |  
2019-08-21 15:29:43,333 | INFO  | DNAudit | user=null | ip=null | op=PUT_BLOCK {blockData=[blockId=conID: 3 locID: 102655681054900705 bcsId: 0,size=3145728]} | ret=SUCCESS |  
2019-08-21 15:29:43,334 [grpc-default-executor-4] INFO  client.GrpcClientProtocolClient (GrpcClientProtocolClient.java:onNext(255)) - client-029E50227556->355864cd-7ac5-4934-b366-9756b15dd90f: receive RaftClientReply:client-029E50227556->355864cd-7ac5-4934-b366-9756b15dd90f@group-785BCF25C267, cid=1381, SUCCESS, logIndex=1948, commits[355864cd-7ac5-4934-b366-9756b15dd90f:c1949, ce4aa411-63c8-4399-99eb-27ce352844f3:c1947, 3eeffb0a-787e-48ec-a2f5-d0c540a89489:c1947]
2019-08-21 15:29:43,334 [grpc-default-executor-4] INFO  client.GrpcClientProtocolClient (GrpcClientProtocolClient.java:onNext(255)) - client-029E50227556->355864cd-7ac5-4934-b366-9756b15dd90f: receive RaftClientReply:client-029E50227556->355864cd-7ac5-4934-b366-9756b15dd90f@group-785BCF25C267, cid=1382, SUCCESS, logIndex=1949, commits[355864cd-7ac5-4934-b366-9756b15dd90f:c1949, ce4aa411-63c8-4399-99eb-27ce352844f3:c1947, 3eeffb0a-787e-48ec-a2f5-d0c540a89489:c1947]
2019-08-21 15:29:43,340 | INFO  | DNAudit | user=null | ip=null | op=WRITE_CHUNK {blockData=conID: 3 locID: 102655681054900705 bcsId: 1949} | ret=SUCCESS |  
2019-08-21 15:29:43,342 | INFO  | DNAudit | user=null | ip=null | op=WRITE_CHUNK {blockData=conID: 3 locID: 102655681054900705 bcsId: 1949} | ret=SUCCESS |  
2019-08-21 15:29:43,343 | INFO  | DNAudit | user=null | ip=null | op=WRITE_CHUNK {blockData=conID: 3 locID: 102655681054900705 bcsId: 1949} | ret=SUCCESS |  
2019-08-21 15:29:43,345 | INFO  | DNAudit | user=null | ip=null | op=WRITE_CHUNK {blockData=conID: 3 locID: 102655681054900705 bcsId: 1943} | ret=SUCCESS |  
2019-08-21 15:29:43,345 | INFO  | DNAudit | user=null | ip=null | op=WRITE_CHUNK {blockData=conID: 3 locID: 102655681054900705 bcsId: 1943} | ret=SUCCESS |  
2019-08-21 15:29:43,346 | INFO  | DNAudit | user=null | ip=null | op=PUT_BLOCK {blockData=[blockId=conID: 3 locID: 102655681054900705 bcsId: 0,size=3145728]} | ret=SUCCESS |  
2019-08-21 15:29:43,346 | INFO  | DNAudit | user=null | ip=null | op=PUT_BLOCK {blockData=[blockId=conID: 3 locID: 102655681054900705 bcsId: 0,size=3145728]} | ret=SUCCESS |  
2019-08-21 15:29:43,346 | INFO  | DNAudit | user=null | ip=null | op=WRITE_CHUNK {blockData=conID: 3 locID: 102655681054900705 bcsId: 1949} | ret=SUCCESS |  
2019-08-21 15:29:43,347 | INFO  | DNAudit | user=null | ip=null | op=PUT_BLOCK {blockData=[blockId=conID: 3 locID: 102655681054900705 bcsId: 0,size=4194304]} | ret=SUCCESS |  
2019-08-21 15:29:43,347 [grpc-default-executor-2] INFO  client.GrpcClientProtocolClient (GrpcClientProtocolClient.java:onNext(255)) - client-029E50227556->355864cd-7ac5-4934-b366-9756b15dd90f: receive RaftClientReply:client-029E50227556->355864cd-7ac5-4934-b366-9756b15dd90f@group-785BCF25C267, cid=1383, SUCCESS, logIndex=1952, commits[355864cd-7ac5-4934-b366-9756b15dd90f:c1953, ce4aa411-63c8-4399-99eb-27ce352844f3:c1949, 3eeffb0a-787e-48ec-a2f5-d0c540a89489:c1949]
2019-08-21 15:29:43,347 [grpc-default-executor-2] INFO  client.GrpcClientProtocolClient (GrpcClientProtocolClient.java:onNext(255)) - client-029E50227556->355864cd-7ac5-4934-b366-9756b15dd90f: receive RaftClientReply:client-029E50227556->355864cd-7ac5-4934-b366-9756b15dd90f@group-785BCF25C267, cid=1384, SUCCESS, logIndex=1953, commits[355864cd-7ac5-4934-b366-9756b15dd90f:c1953, ce4aa411-63c8-4399-99eb-27ce352844f3:c1949, 3eeffb0a-787e-48ec-a2f5-d0c540a89489:c1949]
2019-08-21 15:29:43,358 | INFO  | SCMAudit | user=jenkins1000 | ip=192.168.5.153 | op=SEND_HEARTBEAT {datanodeUUID=3eeffb0a-787e-48ec-a2f5-d0c540a89489, command=[]} | ret=SUCCESS |  
2019-08-21 15:29:43,358 | INFO  | SCMAudit | user=jenkins1000 | ip=192.168.5.153 | op=SEND_HEARTBEAT {datanodeUUID=ce4aa411-63c8-4399-99eb-27ce352844f3, command=[]} | ret=SUCCESS |  
2019-08-21 15:29:43,358 | INFO  | SCMAudit | user=jenkins1000 | ip=192.168.5.153 | op=SEND_HEARTBEAT {datanodeUUID=355864cd-7ac5-4934-b366-9756b15dd90f, command=[]} | ret=SUCCESS |  
2019-08-21 15:29:43,358 | INFO  | DNAudit | user=null | ip=null | op=WRITE_CHUNK {blockData=conID: 3 locID: 102655681054900705 bcsId: 1949} | ret=SUCCESS |  
2019-08-21 15:29:43,358 | INFO  | DNAudit | user=null | ip=null | op=WRITE_CHUNK {blockData=conID: 3 locID: 102655681054900705 bcsId: 1949} | ret=SUCCESS |  
2019-08-21 15:29:43,358 | INFO  | DNAudit | user=null | ip=null | op=PUT_BLOCK {blockData=[blockId=conID: 3 locID: 102655681054900705 bcsId: 0,size=4194304]} | ret=SUCCESS |  
2019-08-21 15:29:43,359 | INFO  | DNAudit | user=null | ip=null | op=PUT_BLOCK {blockData=[blockId=conID: 3 locID: 102655681054900705 bcsId: 0,size=4194304]} | ret=SUCCESS |  
2019-08-21 15:29:43,359 [grpc-default-executor-2] INFO  client.GrpcClientProtocolClient (GrpcClientProtocolClient.java:onNext(255)) - client-029E50227556->355864cd-7ac5-4934-b366-9756b15dd90f: receive RaftClientReply:client-029E50227556->355864cd-7ac5-4934-b366-9756b15dd90f@group-785BCF25C267, cid=1385, SUCCESS, logIndex=0, commits[355864cd-7ac5-4934-b366-9756b15dd90f:c1954, ce4aa411-63c8-4399-99eb-27ce352844f3:c1953, 3eeffb0a-787e-48ec-a2f5-d0c540a89489:c1953]
 0.00% |█                                                                                                    |  0/1 Time: 0:00:082019-08-21 15:29:43,363 | INFO  | SCMAudit | user=jenkins1000 | ip=192.168.5.153 | op=ALLOCATE_BLOCK {owner=78849ec2-2b05-45d8-8cb5-e95e2230dbd1, size=4194304, type=RATIS, factor=THREE} | ret=SUCCESS |  
2019-08-21 15:29:43,365 | INFO  | OMAudit | user=jenkins1000 | ip=127.0.0.1 | op=ALLOCATE_BLOCK {volume=vol-0-32358, bucket=bucket-0-01949, key=key-0-56547, dataSize=0, replicationType=null, replicationFactor=null, keyLocationInfo=null, clientID=102655680532119954} | ret=SUCCESS |  
2019-08-21 15:29:43,372 | INFO  | DNAudit | user=null | ip=null | op=WRITE_CHUNK {blockData=conID: 1 locID: 102655681060078050 bcsId: 0} | ret=SUCCESS |  
2019-08-21 15:29:43,374 | INFO  | DNAudit | user=null | ip=null | op=WRITE_CHUNK {blockData=conID: 1 locID: 102655681060078050 bcsId: 0} | ret=SUCCESS |  
2019-08-21 15:29:43,375 | INFO  | DNAudit | user=null | ip=null | op=WRITE_CHUNK {blockData=conID: 1 locID: 102655681060078050 bcsId: 0} | ret=SUCCESS |  
2019-08-21 15:29:43,375 | INFO  | DNAudit | user=null | ip=null | op=WRITE_CHUNK {blockData=conID: 1 locID: 102655681060078050 bcsId: 0} | ret=SUCCESS |  
2019-08-21 15:29:43,377 | INFO  | DNAudit | user=null | ip=null | op=WRITE_CHUNK {blockData=conID: 1 locID: 102655681060078050 bcsId: 0} | ret=SUCCESS |  
2019-08-21 15:29:43,377 | INFO  | DNAudit | user=null | ip=null | op=WRITE_CHUNK {blockData=conID: 1 locID: 102655681060078050 bcsId: 0} | ret=SUCCESS |  
2019-08-21 15:29:43,396 | INFO  | DNAudit | user=null | ip=null | op=WRITE_CHUNK {blockData=conID: 1 locID: 102655681060078050 bcsId: 0} | ret=SUCCESS |  
2019-08-21 15:29:43,396 | INFO  | DNAudit | user=null | ip=null | op=PUT_BLOCK {blockData=[blockId=conID: 1 locID: 102655681060078050 bcsId: 0,size=1048576]} | ret=SUCCESS |  
2019-08-21 15:29:43,397 [grpc-default-executor-3] INFO  client.GrpcClientProtocolClient (GrpcClientProtocolClient.java:onNext(255)) - client-029E50227556->355864cd-7ac5-4934-b366-9756b15dd90f: receive RaftClientReply:client-029E50227556->355864cd-7ac5-4934-b366-9756b15dd90f@group-785BCF25C267, cid=1386, SUCCESS, logIndex=1956, commits[355864cd-7ac5-4934-b366-9756b15dd90f:c1957, ce4aa411-63c8-4399-99eb-27ce352844f3:c1955, 3eeffb0a-787e-48ec-a2f5-d0c540a89489:c1955]
2019-08-21 15:29:43,397 | INFO  | DNAudit | user=null | ip=null | op=WRITE_CHUNK {blockData=conID: 1 locID: 102655681060078050 bcsId: 0} | ret=SUCCESS |  
2019-08-21 15:29:43,397 [grpc-default-executor-3] INFO  client.GrpcClientProtocolClient (GrpcClientProtocolClient.java:onNext(255)) - client-029E50227556->355864cd-7ac5-4934-b366-9756b15dd90f: receive RaftClientReply:client-029E50227556->355864cd-7ac5-4934-b366-9756b15dd90f@group-785BCF25C267, cid=1387, SUCCESS, logIndex=1957, commits[355864cd-7ac5-4934-b366-9756b15dd90f:c1957, ce4aa411-63c8-4399-99eb-27ce352844f3:c1955, 3eeffb0a-787e-48ec-a2f5-d0c540a89489:c1955]
2019-08-21 15:29:43,398 | INFO  | DNAudit | user=null | ip=null | op=PUT_BLOCK {blockData=[blockId=conID: 1 locID: 102655681060078050 bcsId: 0,size=2097152]} | ret=SUCCESS |  
2019-08-21 15:29:43,398 [grpc-default-executor-3] INFO  client.GrpcClientProtocolClient (GrpcClientProtocolClient.java:onNext(255)) - client-029E50227556->355864cd-7ac5-4934-b366-9756b15dd90f: receive RaftClientReply:client-029E50227556->355864cd-7ac5-4934-b366-9756b15dd90f@group-785BCF25C267, cid=1388, SUCCESS, logIndex=1958, commits[355864cd-7ac5-4934-b366-9756b15dd90f:c1959, ce4aa411-63c8-4399-99eb-27ce352844f3:c1955, 3eeffb0a-787e-48ec-a2f5-d0c540a89489:c1955]
2019-08-21 15:29:43,398 | INFO  | DNAudit | user=null | ip=null | op=WRITE_CHUNK {blockData=conID: 1 locID: 102655681060078050 bcsId: 0} | ret=SUCCESS |  
2019-08-21 15:29:43,398 | INFO  | DNAudit | user=null | ip=null | op=PUT_BLOCK {blockData=[blockId=conID: 1 locID: 102655681060078050 bcsId: 0,size=1048576]} | ret=SUCCESS |  
2019-08-21 15:29:43,398 [grpc-default-executor-4] INFO  client.GrpcClientProtocolClient (GrpcClientProtocolClient.java:onNext(255)) - client-029E50227556->355864cd-7ac5-4934-b366-9756b15dd90f: receive RaftClientReply:client-029E50227556->355864cd-7ac5-4934-b366-9756b15dd90f@group-785BCF25C267, cid=1389, SUCCESS, logIndex=1959, commits[355864cd-7ac5-4934-b366-9756b15dd90f:c1959, ce4aa411-63c8-4399-99eb-27ce352844f3:c1955, 3eeffb0a-787e-48ec-a2f5-d0c540a89489:c1955]
2019-08-21 15:29:43,407 | INFO  | DNAudit | user=null | ip=null | op=WRITE_CHUNK {blockData=conID: 1 locID: 102655681060078050 bcsId: 0} | ret=SUCCESS |  
2019-08-21 15:29:43,408 | INFO  | DNAudit | user=null | ip=null | op=PUT_BLOCK {blockData=[blockId=conID: 1 locID: 102655681060078050 bcsId: 0,size=1048576]} | ret=SUCCESS |  
2019-08-21 15:29:43,408 [grpc-default-executor-4] INFO  client.GrpcClientProtocolClient (GrpcClientProtocolClient.java:onNext(255)) - client-029E50227556->355864cd-7ac5-4934-b366-9756b15dd90f: receive RaftClientReply:client-029E50227556->355864cd-7ac5-4934-b366-9756b15dd90f@group-785BCF25C267, cid=1390, SUCCESS, logIndex=0, commits[355864cd-7ac5-4934-b366-9756b15dd90f:c1961, ce4aa411-63c8-4399-99eb-27ce352844f3:c1957, 3eeffb0a-787e-48ec-a2f5-d0c540a89489:c1957]
2019-08-21 15:29:43,408 | INFO  | DNAudit | user=null | ip=null | op=WRITE_CHUNK {blockData=conID: 1 locID: 102655681060078050 bcsId: 0} | ret=SUCCESS |  
2019-08-21 15:29:43,408 | INFO  | DNAudit | user=null | ip=null | op=PUT_BLOCK {blockData=[blockId=conID: 1 locID: 102655681060078050 bcsId: 0,size=2097152]} | ret=SUCCESS |  
2019-08-21 15:29:43,414 | INFO  | DNAudit | user=null | ip=null | op=WRITE_CHUNK {blockData=conID: 1 locID: 102655681060078050 bcsId: 1959} | ret=SUCCESS |  
2019-08-21 15:29:43,415 | INFO  | DNAudit | user=null | ip=null | op=WRITE_CHUNK {blockData=conID: 1 locID: 102655681060078050 bcsId: 1959} | ret=SUCCESS |  
2019-08-21 15:29:43,416 | INFO  | DNAudit | user=null | ip=null | op=WRITE_CHUNK {blockData=conID: 1 locID: 102655681060078050 bcsId: 1959} | ret=SUCCESS |  
2019-08-21 15:29:43,418 | INFO  | DNAudit | user=null | ip=null | op=WRITE_CHUNK {blockData=conID: 1 locID: 102655681060078050 bcsId: 0} | ret=SUCCESS |  
2019-08-21 15:29:43,418 | INFO  | DNAudit | user=null | ip=null | op=PUT_BLOCK {blockData=[blockId=conID: 1 locID: 102655681060078050 bcsId: 0,size=2097152]} | ret=SUCCESS |  
2019-08-21 15:29:43,420 | INFO  | DNAudit | user=null | ip=null | op=WRITE_CHUNK {blockData=conID: 1 locID: 102655681060078050 bcsId: 1959} | ret=SUCCESS |  
2019-08-21 15:29:43,420 | INFO  | DNAudit | user=null | ip=null | op=PUT_BLOCK {blockData=[blockId=conID: 1 locID: 102655681060078050 bcsId: 0,size=3145728]} | ret=SUCCESS |  
2019-08-21 15:29:43,420 [grpc-default-executor-4] INFO  client.GrpcClientProtocolClient (GrpcClientProtocolClient.java:onNext(255)) - client-029E50227556->355864cd-7ac5-4934-b366-9756b15dd90f: receive RaftClientReply:client-029E50227556->355864cd-7ac5-4934-b366-9756b15dd90f@group-785BCF25C267, cid=1391, SUCCESS, logIndex=1963, commits[355864cd-7ac5-4934-b366-9756b15dd90f:c1964, ce4aa411-63c8-4399-99eb-27ce352844f3:c1961, 3eeffb0a-787e-48ec-a2f5-d0c540a89489:c1961]
2019-08-21 15:29:43,421 [grpc-default-executor-4] INFO  client.GrpcClientProtocolClient (GrpcClientProtocolClient.java:onNext(255)) - client-029E50227556->355864cd-7ac5-4934-b366-9756b15dd90f: receive RaftClientReply:client-029E50227556->355864cd-7ac5-4934-b366-9756b15dd90f@group-785BCF25C267, cid=1392, SUCCESS, logIndex=1964, commits[355864cd-7ac5-4934-b366-9756b15dd90f:c1964, ce4aa411-63c8-4399-99eb-27ce352844f3:c1961, 3eeffb0a-787e-48ec-a2f5-d0c540a89489:c1961]
2019-08-21 15:29:43,422 | INFO  | DNAudit | user=null | ip=null | op=WRITE_CHUNK {blockData=conID: 1 locID: 102655681060078050 bcsId: 1959} | ret=SUCCESS |  
2019-08-21 15:29:43,422 | INFO  | DNAudit | user=null | ip=null | op=PUT_BLOCK {blockData=[blockId=conID: 1 locID: 102655681060078050 bcsId: 0,size=3145728]} | ret=SUCCESS |  
2019-08-21 15:29:43,422 | INFO  | DNAudit | user=null | ip=null | op=WRITE_CHUNK {blockData=conID: 1 locID: 102655681060078050 bcsId: 1959} | ret=SUCCESS |  
2019-08-21 15:29:43,423 | INFO  | DNAudit | user=null | ip=null | op=PUT_BLOCK {blockData=[blockId=conID: 1 locID: 102655681060078050 bcsId: 0,size=3145728]} | ret=SUCCESS |  
2019-08-21 15:29:43,427 | INFO  | DNAudit | user=null | ip=null | op=WRITE_CHUNK {blockData=conID: 1 locID: 102655681060078050 bcsId: 1964} | ret=SUCCESS |  
2019-08-21 15:29:43,429 | INFO  | DNAudit | user=null | ip=null | op=WRITE_CHUNK {blockData=conID: 1 locID: 102655681060078050 bcsId: 1964} | ret=SUCCESS |  
2019-08-21 15:29:43,429 | INFO  | DNAudit | user=null | ip=null | op=WRITE_CHUNK {blockData=conID: 1 locID: 102655681060078050 bcsId: 1964} | ret=SUCCESS |  
2019-08-21 15:29:43,439 | INFO  | DNAudit | user=null | ip=null | op=WRITE_CHUNK {blockData=conID: 1 locID: 102655681060078050 bcsId: 1964} | ret=SUCCESS |  
2019-08-21 15:29:43,440 | INFO  | DNAudit | user=null | ip=null | op=PUT_BLOCK {blockData=[blockId=conID: 1 locID: 102655681060078050 bcsId: 0,size=4194304]} | ret=SUCCESS |  
2019-08-21 15:29:43,440 [grpc-default-executor-3] INFO  client.GrpcClientProtocolClient (GrpcClientProtocolClient.java:onNext(255)) - client-029E50227556->355864cd-7ac5-4934-b366-9756b15dd90f: receive RaftClientReply:client-029E50227556->355864cd-7ac5-4934-b366-9756b15dd90f@group-785BCF25C267, cid=1393, SUCCESS, logIndex=1967, commits[355864cd-7ac5-4934-b366-9756b15dd90f:c1968, ce4aa411-63c8-4399-99eb-27ce352844f3:c1966, 3eeffb0a-787e-48ec-a2f5-d0c540a89489:c1966]
2019-08-21 15:29:43,440 [grpc-default-executor-3] INFO  client.GrpcClientProtocolClient (GrpcClientProtocolClient.java:onNext(255)) - client-029E50227556->355864cd-7ac5-4934-b366-9756b15dd90f: receive RaftClientReply:client-029E50227556->355864cd-7ac5-4934-b366-9756b15dd90f@group-785BCF25C267, cid=1394, SUCCESS, logIndex=1968, commits[355864cd-7ac5-4934-b366-9756b15dd90f:c1968, ce4aa411-63c8-4399-99eb-27ce352844f3:c1966, 3eeffb0a-787e-48ec-a2f5-d0c540a89489:c1966]
2019-08-21 15:29:43,451 | INFO  | DNAudit | user=null | ip=null | op=WRITE_CHUNK {blockData=conID: 1 locID: 102655681060078050 bcsId: 1964} | ret=SUCCESS |  
2019-08-21 15:29:43,451 | INFO  | DNAudit | user=null | ip=null | op=WRITE_CHUNK {blockData=conID: 1 locID: 102655681060078050 bcsId: 1964} | ret=SUCCESS |  
2019-08-21 15:29:43,452 | INFO  | DNAudit | user=null | ip=null | op=PUT_BLOCK {blockData=[blockId=conID: 1 locID: 102655681060078050 bcsId: 0,size=4194304]} | ret=SUCCESS |  
2019-08-21 15:29:43,452 | INFO  | DNAudit | user=null | ip=null | op=PUT_BLOCK {blockData=[blockId=conID: 1 locID: 102655681060078050 bcsId: 0,size=4194304]} | ret=SUCCESS |  
2019-08-21 15:29:43,452 [grpc-default-executor-4] INFO  client.GrpcClientProtocolClient (GrpcClientProtocolClient.java:onNext(255)) - client-029E50227556->355864cd-7ac5-4934-b366-9756b15dd90f: receive RaftClientReply:client-029E50227556->355864cd-7ac5-4934-b366-9756b15dd90f@group-785BCF25C267, cid=1395, SUCCESS, logIndex=0, commits[355864cd-7ac5-4934-b366-9756b15dd90f:c1970, ce4aa411-63c8-4399-99eb-27ce352844f3:c1968, 3eeffb0a-787e-48ec-a2f5-d0c540a89489:c1968]
2019-08-21 15:29:43,458 | INFO  | SCMAudit | user=jenkins1000 | ip=192.168.5.153 | op=ALLOCATE_BLOCK {owner=78849ec2-2b05-45d8-8cb5-e95e2230dbd1, size=4194304, type=RATIS, factor=THREE} | ret=SUCCESS |  
2019-08-21 15:29:43,461 | INFO  | OMAudit | user=jenkins1000 | ip=127.0.0.1 | op=ALLOCATE_BLOCK {volume=vol-0-32358, bucket=bucket-0-01949, key=key-0-56547, dataSize=0, replicationType=null, replicationFactor=null, keyLocationInfo=null, clientID=102655680532119954} | ret=SUCCESS |  
2019-08-21 15:29:43,467 | INFO  | DNAudit | user=null | ip=null | op=WRITE_CHUNK {blockData=conID: 2 locID: 102655681066303971 bcsId: 0} | ret=SUCCESS |  
2019-08-21 15:29:43,579 | INFO  | DNAudit | user=null | ip=null | op=WRITE_CHUNK {blockData=conID: 2 locID: 102655681066303971 bcsId: 0} | ret=SUCCESS |  
2019-08-21 15:29:43,579 | INFO  | DNAudit | user=null | ip=null | op=WRITE_CHUNK {blockData=conID: 2 locID: 102655681066303971 bcsId: 0} | ret=SUCCESS |  
2019-08-21 15:29:43,579 | INFO  | DNAudit | user=null | ip=null | op=WRITE_CHUNK {blockData=conID: 2 locID: 102655681066303971 bcsId: 0} | ret=SUCCESS |  
2019-08-21 15:29:43,582 | INFO  | DNAudit | user=null | ip=null | op=WRITE_CHUNK {blockData=conID: 2 locID: 102655681066303971 bcsId: 0} | ret=SUCCESS |  
2019-08-21 15:29:43,582 | INFO  | DNAudit | user=null | ip=null | op=WRITE_CHUNK {blockData=conID: 2 locID: 102655681066303971 bcsId: 0} | ret=SUCCESS |  
2019-08-21 15:29:43,594 | INFO  | DNAudit | user=null | ip=null | op=WRITE_CHUNK {blockData=conID: 2 locID: 102655681066303971 bcsId: 0} | ret=SUCCESS |  
2019-08-21 15:29:43,595 | INFO  | DNAudit | user=null | ip=null | op=PUT_BLOCK {blockData=[blockId=conID: 2 locID: 102655681066303971 bcsId: 0,size=1048576]} | ret=SUCCESS |  
2019-08-21 15:29:43,595 | INFO  | DNAudit | user=null | ip=null | op=WRITE_CHUNK {blockData=conID: 2 locID: 102655681066303971 bcsId: 0} | ret=SUCCESS |  
2019-08-21 15:29:43,595 [grpc-default-executor-2] INFO  client.GrpcClientProtocolClient (GrpcClientProtocolClient.java:onNext(255)) - client-029E50227556->355864cd-7ac5-4934-b366-9756b15dd90f: receive RaftClientReply:client-029E50227556->355864cd-7ac5-4934-b366-9756b15dd90f@group-785BCF25C267, cid=1396, SUCCESS, logIndex=1971, commits[355864cd-7ac5-4934-b366-9756b15dd90f:c1973, ce4aa411-63c8-4399-99eb-27ce352844f3:c1970, 3eeffb0a-787e-48ec-a2f5-d0c540a89489:c1970]
2019-08-21 15:29:43,596 | INFO  | DNAudit | user=null | ip=null | op=PUT_BLOCK {blockData=[blockId=conID: 2 locID: 102655681066303971 bcsId: 0,size=2097152]} | ret=SUCCESS |  
2019-08-21 15:29:43,596 [grpc-default-executor-2] INFO  client.GrpcClientProtocolClient (GrpcClientProtocolClient.java:onNext(255)) - client-029E50227556->355864cd-7ac5-4934-b366-9756b15dd90f: receive RaftClientReply:client-029E50227556->355864cd-7ac5-4934-b366-9756b15dd90f@group-785BCF25C267, cid=1397, SUCCESS, logIndex=1972, commits[355864cd-7ac5-4934-b366-9756b15dd90f:c1974, ce4aa411-63c8-4399-99eb-27ce352844f3:c1970, 3eeffb0a-787e-48ec-a2f5-d0c540a89489:c1970]
2019-08-21 15:29:43,596 [grpc-default-executor-2] INFO  client.GrpcClientProtocolClient (GrpcClientProtocolClient.java:onNext(255)) - client-029E50227556->355864cd-7ac5-4934-b366-9756b15dd90f: receive RaftClientReply:client-029E50227556->355864cd-7ac5-4934-b366-9756b15dd90f@group-785BCF25C267, cid=1398, SUCCESS, logIndex=1973, commits[355864cd-7ac5-4934-b366-9756b15dd90f:c1974, ce4aa411-63c8-4399-99eb-27ce352844f3:c1970, 3eeffb0a-787e-48ec-a2f5-d0c540a89489:c1970]
2019-08-21 15:29:43,597 [grpc-default-executor-2] INFO  client.GrpcClientProtocolClient (GrpcClientProtocolClient.java:onNext(255)) - client-029E50227556->355864cd-7ac5-4934-b366-9756b15dd90f: receive RaftClientReply:client-029E50227556->355864cd-7ac5-4934-b366-9756b15dd90f@group-785BCF25C267, cid=1399, SUCCESS, logIndex=1974, commits[355864cd-7ac5-4934-b366-9756b15dd90f:c1974, ce4aa411-63c8-4399-99eb-27ce352844f3:c1970, 3eeffb0a-787e-48ec-a2f5-d0c540a89489:c1970]
2019-08-21 15:29:43,606 | INFO  | DNAudit | user=null | ip=null | op=WRITE_CHUNK {blockData=conID: 2 locID: 102655681066303971 bcsId: 0} | ret=SUCCESS |  
2019-08-21 15:29:43,607 | INFO  | DNAudit | user=null | ip=null | op=PUT_BLOCK {blockData=[blockId=conID: 2 locID: 102655681066303971 bcsId: 0,size=1048576]} | ret=SUCCESS |  
2019-08-21 15:29:43,607 | INFO  | DNAudit | user=null | ip=null | op=WRITE_CHUNK {blockData=conID: 2 locID: 102655681066303971 bcsId: 0} | ret=SUCCESS |  
2019-08-21 15:29:43,608 | INFO  | DNAudit | user=null | ip=null | op=WRITE_CHUNK {blockData=conID: 2 locID: 102655681066303971 bcsId: 0} | ret=SUCCESS |  
2019-08-21 15:29:43,608 | INFO  | DNAudit | user=null | ip=null | op=PUT_BLOCK {blockData=[blockId=conID: 2 locID: 102655681066303971 bcsId: 0,size=1048576]} | ret=SUCCESS |  
2019-08-21 15:29:43,608 | INFO  | DNAudit | user=null | ip=null | op=PUT_BLOCK {blockData=[blockId=conID: 2 locID: 102655681066303971 bcsId: 0,size=2097152]} | ret=SUCCESS |  
2019-08-21 15:29:43,608 | INFO  | DNAudit | user=null | ip=null | op=WRITE_CHUNK {blockData=conID: 2 locID: 102655681066303971 bcsId: 0} | ret=SUCCESS |  
2019-08-21 15:29:43,608 | INFO  | DNAudit | user=null | ip=null | op=PUT_BLOCK {blockData=[blockId=conID: 2 locID: 102655681066303971 bcsId: 0,size=2097152]} | ret=SUCCESS |  
2019-08-21 15:29:43,608 [grpc-default-executor-4] INFO  client.GrpcClientProtocolClient (GrpcClientProtocolClient.java:onNext(255)) - client-029E50227556->355864cd-7ac5-4934-b366-9756b15dd90f: receive RaftClientReply:client-029E50227556->355864cd-7ac5-4934-b366-9756b15dd90f@group-785BCF25C267, cid=1400, SUCCESS, logIndex=0, commits[355864cd-7ac5-4934-b366-9756b15dd90f:c1977, ce4aa411-63c8-4399-99eb-27ce352844f3:c1972, 3eeffb0a-787e-48ec-a2f5-d0c540a89489:c1973]
2019-08-21 15:29:43,616 | INFO  | DNAudit | user=null | ip=null | op=WRITE_CHUNK {blockData=conID: 2 locID: 102655681066303971 bcsId: 1974} | ret=SUCCESS |  
2019-08-21 15:29:43,618 | INFO  | DNAudit | user=null | ip=null | op=WRITE_CHUNK {blockData=conID: 2 locID: 102655681066303971 bcsId: 1974} | ret=SUCCESS |  
2019-08-21 15:29:43,619 | INFO  | DNAudit | user=null | ip=null | op=WRITE_CHUNK {blockData=conID: 2 locID: 102655681066303971 bcsId: 1974} | ret=SUCCESS |  
2019-08-21 15:29:43,629 | INFO  | DNAudit | user=null | ip=null | op=WRITE_CHUNK {blockData=conID: 2 locID: 102655681066303971 bcsId: 1974} | ret=SUCCESS |  
2019-08-21 15:29:43,629 | INFO  | DNAudit | user=null | ip=null | op=PUT_BLOCK {blockData=[blockId=conID: 2 locID: 102655681066303971 bcsId: 0,size=3145728]} | ret=SUCCESS |  
2019-08-21 15:29:43,629 [grpc-default-executor-4] INFO  client.GrpcClientProtocolClient (GrpcClientProtocolClient.java:onNext(255)) - client-029E50227556->355864cd-7ac5-4934-b366-9756b15dd90f: receive RaftClientReply:client-029E50227556->355864cd-7ac5-4934-b366-9756b15dd90f@group-785BCF25C267, cid=1401, SUCCESS, logIndex=1979, commits[355864cd-7ac5-4934-b366-9756b15dd90f:c1980, ce4aa411-63c8-4399-99eb-27ce352844f3:c1978, 3eeffb0a-787e-48ec-a2f5-d0c540a89489:c1978]
2019-08-21 15:29:43,630 [grpc-default-executor-4] INFO  client.GrpcClientProtocolClient (GrpcClientProtocolClient.java:onNext(255)) - client-029E50227556->355864cd-7ac5-4934-b366-9756b15dd90f: receive RaftClientReply:client-029E50227556->355864cd-7ac5-4934-b366-9756b15dd90f@group-785BCF25C267, cid=1402, SUCCESS, logIndex=1980, commits[355864cd-7ac5-4934-b366-9756b15dd90f:c1980, ce4aa411-63c8-4399-99eb-27ce352844f3:c1978, 3eeffb0a-787e-48ec-a2f5-d0c540a89489:c1978]
2019-08-21 15:29:43,637 | INFO  | DNAudit | user=null | ip=null | op=WRITE_CHUNK {blockData=conID: 2 locID: 102655681066303971 bcsId: 1980} | ret=SUCCESS |  
2019-08-21 15:29:43,640 | INFO  | DNAudit | user=null | ip=null | op=WRITE_CHUNK {blockData=conID: 2 locID: 102655681066303971 bcsId: 1974} | ret=SUCCESS |  
2019-08-21 15:29:43,640 | INFO  | DNAudit | user=null | ip=null | op=WRITE_CHUNK {blockData=conID: 2 locID: 102655681066303971 bcsId: 1974} | ret=SUCCESS |  
2019-08-21 15:29:43,640 | INFO  | DNAudit | user=null | ip=null | op=WRITE_CHUNK {blockData=conID: 2 locID: 102655681066303971 bcsId: 1980} | ret=SUCCESS |  
2019-08-21 15:29:43,640 | INFO  | DNAudit | user=null | ip=null | op=WRITE_CHUNK {blockData=conID: 2 locID: 102655681066303971 bcsId: 1980} | ret=SUCCESS |  
2019-08-21 15:29:43,641 | INFO  | DNAudit | user=null | ip=null | op=PUT_BLOCK {blockData=[blockId=conID: 2 locID: 102655681066303971 bcsId: 0,size=3145728]} | ret=SUCCESS |  
2019-08-21 15:29:43,641 | INFO  | DNAudit | user=null | ip=null | op=PUT_BLOCK {blockData=[blockId=conID: 2 locID: 102655681066303971 bcsId: 0,size=3145728]} | ret=SUCCESS |  
2019-08-21 15:29:43,642 | INFO  | DNAudit | user=null | ip=null | op=WRITE_CHUNK {blockData=conID: 2 locID: 102655681066303971 bcsId: 1980} | ret=SUCCESS |  
2019-08-21 15:29:43,643 | INFO  | DNAudit | user=null | ip=null | op=PUT_BLOCK {blockData=[blockId=conID: 2 locID: 102655681066303971 bcsId: 0,size=4194304]} | ret=SUCCESS |  
2019-08-21 15:29:43,643 [grpc-default-executor-4] INFO  client.GrpcClientProtocolClient (GrpcClientProtocolClient.java:onNext(255)) - client-029E50227556->355864cd-7ac5-4934-b366-9756b15dd90f: receive RaftClientReply:client-029E50227556->355864cd-7ac5-4934-b366-9756b15dd90f@group-785BCF25C267, cid=1403, SUCCESS, logIndex=1983, commits[355864cd-7ac5-4934-b366-9756b15dd90f:c1984, ce4aa411-63c8-4399-99eb-27ce352844f3:c1980, 3eeffb0a-787e-48ec-a2f5-d0c540a89489:c1980]
2019-08-21 15:29:43,644 [grpc-default-executor-4] INFO  client.GrpcClientProtocolClient (GrpcClientProtocolClient.java:onNext(255)) - client-029E50227556->355864cd-7ac5-4934-b366-9756b15dd90f: receive RaftClientReply:client-029E50227556->355864cd-7ac5-4934-b366-9756b15dd90f@group-785BCF25C267, cid=1404, SUCCESS, logIndex=1984, commits[355864cd-7ac5-4934-b366-9756b15dd90f:c1984, ce4aa411-63c8-4399-99eb-27ce352844f3:c1980, 3eeffb0a-787e-48ec-a2f5-d0c540a89489:c1980]
2019-08-21 15:29:43,644 | INFO  | DNAudit | user=null | ip=null | op=WRITE_CHUNK {blockData=conID: 2 locID: 102655681066303971 bcsId: 1980} | ret=SUCCESS |  
2019-08-21 15:29:43,644 | INFO  | DNAudit | user=null | ip=null | op=WRITE_CHUNK {blockData=conID: 2 locID: 102655681066303971 bcsId: 1980} | ret=SUCCESS |  
2019-08-21 15:29:43,644 | INFO  | DNAudit | user=null | ip=null | op=PUT_BLOCK {blockData=[blockId=conID: 2 locID: 102655681066303971 bcsId: 0,size=4194304]} | ret=SUCCESS |  
2019-08-21 15:29:43,644 | INFO  | DNAudit | user=null | ip=null | op=PUT_BLOCK {blockData=[blockId=conID: 2 locID: 102655681066303971 bcsId: 0,size=4194304]} | ret=SUCCESS |  
2019-08-21 15:29:43,645 [grpc-default-executor-4] INFO  client.GrpcClientProtocolClient (GrpcClientProtocolClient.java:onNext(255)) - client-029E50227556->355864cd-7ac5-4934-b366-9756b15dd90f: receive RaftClientReply:client-029E50227556->355864cd-7ac5-4934-b366-9756b15dd90f@group-785BCF25C267, cid=1405, SUCCESS, logIndex=0, commits[355864cd-7ac5-4934-b366-9756b15dd90f:c1985, ce4aa411-63c8-4399-99eb-27ce352844f3:c1984, 3eeffb0a-787e-48ec-a2f5-d0c540a89489:c1984]
2019-08-21 15:29:43,650 | INFO  | SCMAudit | user=jenkins1000 | ip=192.168.5.153 | op=ALLOCATE_BLOCK {owner=78849ec2-2b05-45d8-8cb5-e95e2230dbd1, size=4194304, type=RATIS, factor=THREE} | ret=SUCCESS |  
2019-08-21 15:29:43,654 | INFO  | OMAudit | user=jenkins1000 | ip=127.0.0.1 | op=ALLOCATE_BLOCK {volume=vol-0-32358, bucket=bucket-0-01949, key=key-0-56547, dataSize=0, replicationType=null, replicationFactor=null, keyLocationInfo=null, clientID=102655680532119954} | ret=SUCCESS |  
2019-08-21 15:29:43,662 | INFO  | DNAudit | user=null | ip=null | op=WRITE_CHUNK {blockData=conID: 3 locID: 102655681078886884 bcsId: 0} | ret=SUCCESS |  
2019-08-21 15:29:43,665 | INFO  | DNAudit | user=null | ip=null | op=WRITE_CHUNK {blockData=conID: 3 locID: 102655681078886884 bcsId: 0} | ret=SUCCESS |  
2019-08-21 15:29:43,665 | INFO  | DNAudit | user=null | ip=null | op=WRITE_CHUNK {blockData=conID: 3 locID: 102655681078886884 bcsId: 0} | ret=SUCCESS |  
2019-08-21 15:29:43,666 | INFO  | DNAudit | user=null | ip=null | op=WRITE_CHUNK {blockData=conID: 3 locID: 102655681078886884 bcsId: 0} | ret=SUCCESS |  
2019-08-21 15:29:43,667 | INFO  | DNAudit | user=null | ip=null | op=WRITE_CHUNK {blockData=conID: 3 locID: 102655681078886884 bcsId: 0} | ret=SUCCESS |  
2019-08-21 15:29:43,668 | INFO  | DNAudit | user=null | ip=null | op=WRITE_CHUNK {blockData=conID: 3 locID: 102655681078886884 bcsId: 0} | ret=SUCCESS |  
2019-08-21 15:29:43,674 | INFO  | DNAudit | user=null | ip=null | op=WRITE_CHUNK {blockData=conID: 3 locID: 102655681078886884 bcsId: 0} | ret=SUCCESS |  
2019-08-21 15:29:43,675 | INFO  | DNAudit | user=null | ip=null | op=PUT_BLOCK {blockData=[blockId=conID: 3 locID: 102655681078886884 bcsId: 0,size=1048576]} | ret=SUCCESS |  
2019-08-21 15:29:43,675 [grpc-default-executor-3] INFO  client.GrpcClientProtocolClient (GrpcClientProtocolClient.java:onNext(255)) - client-029E50227556->355864cd-7ac5-4934-b366-9756b15dd90f: receive RaftClientReply:client-029E50227556->355864cd-7ac5-4934-b366-9756b15dd90f@group-785BCF25C267, cid=1406, SUCCESS, logIndex=1987, commits[355864cd-7ac5-4934-b366-9756b15dd90f:c1989, ce4aa411-63c8-4399-99eb-27ce352844f3:c1986, 3eeffb0a-787e-48ec-a2f5-d0c540a89489:c1986]
2019-08-21 15:29:43,675 | INFO  | DNAudit | user=null | ip=null | op=WRITE_CHUNK {blockData=conID: 3 locID: 102655681078886884 bcsId: 0} | ret=SUCCESS |  
2019-08-21 15:29:43,676 | INFO  | DNAudit | user=null | ip=null | op=PUT_BLOCK {blockData=[blockId=conID: 3 locID: 102655681078886884 bcsId: 0,size=2097152]} | ret=SUCCESS |  
2019-08-21 15:29:43,676 [grpc-default-executor-3] INFO  client.GrpcClientProtocolClient (GrpcClientProtocolClient.java:onNext(255)) - client-029E50227556->355864cd-7ac5-4934-b366-9756b15dd90f: receive RaftClientReply:client-029E50227556->355864cd-7ac5-4934-b366-9756b15dd90f@group-785BCF25C267, cid=1407, SUCCESS, logIndex=1988, commits[355864cd-7ac5-4934-b366-9756b15dd90f:c1990, ce4aa411-63c8-4399-99eb-27ce352844f3:c1986, 3eeffb0a-787e-48ec-a2f5-d0c540a89489:c1986]
2019-08-21 15:29:43,676 | INFO  | DNAudit | user=null | ip=null | op=WRITE_CHUNK {blockData=conID: 3 locID: 102655681078886884 bcsId: 0} | ret=SUCCESS |  
2019-08-21 15:29:43,676 | INFO  | DNAudit | user=null | ip=null | op=WRITE_CHUNK {blockData=conID: 3 locID: 102655681078886884 bcsId: 0} | ret=SUCCESS |  
2019-08-21 15:29:43,676 [grpc-default-executor-3] INFO  client.GrpcClientProtocolClient (GrpcClientProtocolClient.java:onNext(255)) - client-029E50227556->355864cd-7ac5-4934-b366-9756b15dd90f: receive RaftClientReply:client-029E50227556->355864cd-7ac5-4934-b366-9756b15dd90f@group-785BCF25C267, cid=1408, SUCCESS, logIndex=1989, commits[355864cd-7ac5-4934-b366-9756b15dd90f:c1990, ce4aa411-63c8-4399-99eb-27ce352844f3:c1986, 3eeffb0a-787e-48ec-a2f5-d0c540a89489:c1986]
2019-08-21 15:29:43,677 | INFO  | DNAudit | user=null | ip=null | op=PUT_BLOCK {blockData=[blockId=conID: 3 locID: 102655681078886884 bcsId: 0,size=1048576]} | ret=SUCCESS |  
2019-08-21 15:29:43,677 [grpc-default-executor-3] INFO  client.GrpcClientProtocolClient (GrpcClientProtocolClient.java:onNext(255)) - client-029E50227556->355864cd-7ac5-4934-b366-9756b15dd90f: receive RaftClientReply:client-029E50227556->355864cd-7ac5-4934-b366-9756b15dd90f@group-785BCF25C267, cid=1409, SUCCESS, logIndex=1990, commits[355864cd-7ac5-4934-b366-9756b15dd90f:c1990, ce4aa411-63c8-4399-99eb-27ce352844f3:c1986, 3eeffb0a-787e-48ec-a2f5-d0c540a89489:c1986]
2019-08-21 15:29:43,688 | INFO  | DNAudit | user=null | ip=null | op=WRITE_CHUNK {blockData=conID: 3 locID: 102655681078886884 bcsId: 0} | ret=SUCCESS |  
2019-08-21 15:29:43,688 | INFO  | DNAudit | user=null | ip=null | op=PUT_BLOCK {blockData=[blockId=conID: 3 locID: 102655681078886884 bcsId: 0,size=1048576]} | ret=SUCCESS |  
2019-08-21 15:29:43,688 | INFO  | DNAudit | user=null | ip=null | op=PUT_BLOCK {blockData=[blockId=conID: 3 locID: 102655681078886884 bcsId: 0,size=2097152]} | ret=SUCCESS |  
2019-08-21 15:29:43,688 | INFO  | DNAudit | user=null | ip=null | op=WRITE_CHUNK {blockData=conID: 3 locID: 102655681078886884 bcsId: 0} | ret=SUCCESS |  
2019-08-21 15:29:43,688 | INFO  | DNAudit | user=null | ip=null | op=PUT_BLOCK {blockData=[blockId=conID: 3 locID: 102655681078886884 bcsId: 0,size=2097152]} | ret=SUCCESS |  
2019-08-21 15:29:43,688 [grpc-default-executor-3] INFO  client.GrpcClientProtocolClient (GrpcClientProtocolClient.java:onNext(255)) - client-029E50227556->355864cd-7ac5-4934-b366-9756b15dd90f: receive RaftClientReply:client-029E50227556->355864cd-7ac5-4934-b366-9756b15dd90f@group-785BCF25C267, cid=1410, SUCCESS, logIndex=0, commits[355864cd-7ac5-4934-b366-9756b15dd90f:c1993, ce4aa411-63c8-4399-99eb-27ce352844f3:c1988, 3eeffb0a-787e-48ec-a2f5-d0c540a89489:c1989]
2019-08-21 15:29:43,696 | INFO  | DNAudit | user=null | ip=null | op=WRITE_CHUNK {blockData=conID: 3 locID: 102655681078886884 bcsId: 1990} | ret=SUCCESS |  
2019-08-21 15:29:43,699 | INFO  | DNAudit | user=null | ip=null | op=WRITE_CHUNK {blockData=conID: 3 locID: 102655681078886884 bcsId: 1990} | ret=SUCCESS |  
2019-08-21 15:29:43,699 | INFO  | DNAudit | user=null | ip=null | op=WRITE_CHUNK {blockData=conID: 3 locID: 102655681078886884 bcsId: 1990} | ret=SUCCESS |  
2019-08-21 15:29:43,708 | INFO  | DNAudit | user=null | ip=null | op=WRITE_CHUNK {blockData=conID: 3 locID: 102655681078886884 bcsId: 1990} | ret=SUCCESS |  
2019-08-21 15:29:43,709 | INFO  | DNAudit | user=null | ip=null | op=PUT_BLOCK {blockData=[blockId=conID: 3 locID: 102655681078886884 bcsId: 0,size=3145728]} | ret=SUCCESS |  
2019-08-21 15:29:43,709 [grpc-default-executor-2] INFO  client.GrpcClientProtocolClient (GrpcClientProtocolClient.java:onNext(255)) - client-029E50227556->355864cd-7ac5-4934-b366-9756b15dd90f: receive RaftClientReply:client-029E50227556->355864cd-7ac5-4934-b366-9756b15dd90f@group-785BCF25C267, cid=1411, SUCCESS, logIndex=1995, commits[355864cd-7ac5-4934-b366-9756b15dd90f:c1996, ce4aa411-63c8-4399-99eb-27ce352844f3:c1994, 3eeffb0a-787e-48ec-a2f5-d0c540a89489:c1994]
2019-08-21 15:29:43,709 [grpc-default-executor-2] INFO  client.GrpcClientProtocolClient (GrpcClientProtocolClient.java:onNext(255)) - client-029E50227556->355864cd-7ac5-4934-b366-9756b15dd90f: receive RaftClientReply:client-029E50227556->355864cd-7ac5-4934-b366-9756b15dd90f@group-785BCF25C267, cid=1412, SUCCESS, logIndex=1996, commits[355864cd-7ac5-4934-b366-9756b15dd90f:c1996, ce4aa411-63c8-4399-99eb-27ce352844f3:c1994, 3eeffb0a-787e-48ec-a2f5-d0c540a89489:c1994]
2019-08-21 15:29:43,716 | INFO  | DNAudit | user=null | ip=null | op=WRITE_CHUNK {blockData=conID: 3 locID: 102655681078886884 bcsId: 1996} | ret=SUCCESS |  
2019-08-21 15:29:43,718 | INFO  | DNAudit | user=null | ip=null | op=WRITE_CHUNK {blockData=conID: 3 locID: 102655681078886884 bcsId: 1996} | ret=SUCCESS |  
2019-08-21 15:29:43,718 | INFO  | DNAudit | user=null | ip=null | op=WRITE_CHUNK {blockData=conID: 3 locID: 102655681078886884 bcsId: 1996} | ret=SUCCESS |  
2019-08-21 15:29:43,720 | INFO  | DNAudit | user=null | ip=null | op=WRITE_CHUNK {blockData=conID: 3 locID: 102655681078886884 bcsId: 1990} | ret=SUCCESS |  
2019-08-21 15:29:43,720 | INFO  | DNAudit | user=null | ip=null | op=WRITE_CHUNK {blockData=conID: 3 locID: 102655681078886884 bcsId: 1990} | ret=SUCCESS |  
2019-08-21 15:29:43,723 | INFO  | DNAudit | user=null | ip=null | op=PUT_BLOCK {blockData=[blockId=conID: 3 locID: 102655681078886884 bcsId: 0,size=3145728]} | ret=SUCCESS |  
2019-08-21 15:29:43,723 | INFO  | DNAudit | user=null | ip=null | op=PUT_BLOCK {blockData=[blockId=conID: 3 locID: 102655681078886884 bcsId: 0,size=3145728]} | ret=SUCCESS |  
2019-08-21 15:29:43,724 | INFO  | DNAudit | user=null | ip=null | op=WRITE_CHUNK {blockData=conID: 3 locID: 102655681078886884 bcsId: 1996} | ret=SUCCESS |  
2019-08-21 15:29:43,724 | INFO  | DNAudit | user=null | ip=null | op=PUT_BLOCK {blockData=[blockId=conID: 3 locID: 102655681078886884 bcsId: 0,size=4194304]} | ret=SUCCESS |  
2019-08-21 15:29:43,724 [grpc-default-executor-3] INFO  client.GrpcClientProtocolClient (GrpcClientProtocolClient.java:onNext(255)) - client-029E50227556->355864cd-7ac5-4934-b366-9756b15dd90f: receive RaftClientReply:client-029E50227556->355864cd-7ac5-4934-b366-9756b15dd90f@group-785BCF25C267, cid=1413, SUCCESS, logIndex=1999, commits[355864cd-7ac5-4934-b366-9756b15dd90f:c2000, ce4aa411-63c8-4399-99eb-27ce352844f3:c1996, 3eeffb0a-787e-48ec-a2f5-d0c540a89489:c1996]
2019-08-21 15:29:43,725 [grpc-default-executor-3] INFO  client.GrpcClientProtocolClient (GrpcClientProtocolClient.java:onNext(255)) - client-029E50227556->355864cd-7ac5-4934-b366-9756b15dd90f: receive RaftClientReply:client-029E50227556->355864cd-7ac5-4934-b366-9756b15dd90f@group-785BCF25C267, cid=1414, SUCCESS, logIndex=2000, commits[355864cd-7ac5-4934-b366-9756b15dd90f:c2000, ce4aa411-63c8-4399-99eb-27ce352844f3:c1996, 3eeffb0a-787e-48ec-a2f5-d0c540a89489:c1996]
2019-08-21 15:29:43,735 | INFO  | DNAudit | user=null | ip=null | op=WRITE_CHUNK {blockData=conID: 3 locID: 102655681078886884 bcsId: 1996} | ret=SUCCESS |  
2019-08-21 15:29:43,736 | INFO  | DNAudit | user=null | ip=null | op=WRITE_CHUNK {blockData=conID: 3 locID: 102655681078886884 bcsId: 1996} | ret=SUCCESS |  
2019-08-21 15:29:43,739 | INFO  | DNAudit | user=null | ip=null | op=PUT_BLOCK {blockData=[blockId=conID: 3 locID: 102655681078886884 bcsId: 0,size=4194304]} | ret=SUCCESS |  
2019-08-21 15:29:43,739 | INFO  | DNAudit | user=null | ip=null | op=PUT_BLOCK {blockData=[blockId=conID: 3 locID: 102655681078886884 bcsId: 0,size=4194304]} | ret=SUCCESS |  
2019-08-21 15:29:43,740 [grpc-default-executor-3] INFO  client.GrpcClientProtocolClient (GrpcClientProtocolClient.java:onNext(255)) - client-029E50227556->355864cd-7ac5-4934-b366-9756b15dd90f: receive RaftClientReply:client-029E50227556->355864cd-7ac5-4934-b366-9756b15dd90f@group-785BCF25C267, cid=1415, SUCCESS, logIndex=0, commits[355864cd-7ac5-4934-b366-9756b15dd90f:c2002, ce4aa411-63c8-4399-99eb-27ce352844f3:c2000, 3eeffb0a-787e-48ec-a2f5-d0c540a89489:c2000]
2019-08-21 15:29:43,744 | INFO  | SCMAudit | user=jenkins1000 | ip=192.168.5.153 | op=ALLOCATE_BLOCK {owner=78849ec2-2b05-45d8-8cb5-e95e2230dbd1, size=4194304, type=RATIS, factor=THREE} | ret=SUCCESS |  
2019-08-21 15:29:43,746 | INFO  | OMAudit | user=jenkins1000 | ip=127.0.0.1 | op=ALLOCATE_BLOCK {volume=vol-0-32358, bucket=bucket-0-01949, key=key-0-56547, dataSize=0, replicationType=null, replicationFactor=null, keyLocationInfo=null, clientID=102655680532119954} | ret=SUCCESS |  
2019-08-21 15:29:43,752 | INFO  | DNAudit | user=null | ip=null | op=WRITE_CHUNK {blockData=conID: 1 locID: 102655681085047269 bcsId: 0} | ret=SUCCESS |  
2019-08-21 15:29:43,755 | INFO  | DNAudit | user=null | ip=null | op=WRITE_CHUNK {blockData=conID: 1 locID: 102655681085047269 bcsId: 0} | ret=SUCCESS |  
2019-08-21 15:29:43,755 | INFO  | DNAudit | user=null | ip=null | op=WRITE_CHUNK {blockData=conID: 1 locID: 102655681085047269 bcsId: 0} | ret=SUCCESS |  
2019-08-21 15:29:43,756 | INFO  | DNAudit | user=null | ip=null | op=WRITE_CHUNK {blockData=conID: 1 locID: 102655681085047269 bcsId: 0} | ret=SUCCESS |  
2019-08-21 15:29:43,757 | INFO  | DNAudit | user=null | ip=null | op=WRITE_CHUNK {blockData=conID: 1 locID: 102655681085047269 bcsId: 0} | ret=SUCCESS |  
2019-08-21 15:29:43,757 | INFO  | DNAudit | user=null | ip=null | op=WRITE_CHUNK {blockData=conID: 1 locID: 102655681085047269 bcsId: 0} | ret=SUCCESS |  
2019-08-21 15:29:43,765 | INFO  | DNAudit | user=null | ip=null | op=WRITE_CHUNK {blockData=conID: 1 locID: 102655681085047269 bcsId: 0} | ret=SUCCESS |  
2019-08-21 15:29:43,766 | INFO  | DNAudit | user=null | ip=null | op=PUT_BLOCK {blockData=[blockId=conID: 1 locID: 102655681085047269 bcsId: 0,size=1048576]} | ret=SUCCESS |  
2019-08-21 15:29:43,766 | INFO  | DNAudit | user=null | ip=null | op=WRITE_CHUNK {blockData=conID: 1 locID: 102655681085047269 bcsId: 0} | ret=SUCCESS |  
2019-08-21 15:29:43,766 [grpc-default-executor-4] INFO  client.GrpcClientProtocolClient (GrpcClientProtocolClient.java:onNext(255)) - client-029E50227556->355864cd-7ac5-4934-b366-9756b15dd90f: receive RaftClientReply:client-029E50227556->355864cd-7ac5-4934-b366-9756b15dd90f@group-785BCF25C267, cid=1416, SUCCESS, logIndex=2003, commits[355864cd-7ac5-4934-b366-9756b15dd90f:c2004, ce4aa411-63c8-4399-99eb-27ce352844f3:c2002, 3eeffb0a-787e-48ec-a2f5-d0c540a89489:c2002]
2019-08-21 15:29:43,767 | INFO  | DNAudit | user=null | ip=null | op=PUT_BLOCK {blockData=[blockId=conID: 1 locID: 102655681085047269 bcsId: 0,size=2097152]} | ret=SUCCESS |  
2019-08-21 15:29:43,767 [grpc-default-executor-4] INFO  client.GrpcClientProtocolClient (GrpcClientProtocolClient.java:onNext(255)) - client-029E50227556->355864cd-7ac5-4934-b366-9756b15dd90f: receive RaftClientReply:client-029E50227556->355864cd-7ac5-4934-b366-9756b15dd90f@group-785BCF25C267, cid=1417, SUCCESS, logIndex=2004, commits[355864cd-7ac5-4934-b366-9756b15dd90f:c2006, ce4aa411-63c8-4399-99eb-27ce352844f3:c2002, 3eeffb0a-787e-48ec-a2f5-d0c540a89489:c2002]
2019-08-21 15:29:43,767 [grpc-default-executor-4] INFO  client.GrpcClientProtocolClient (GrpcClientProtocolClient.java:onNext(255)) - client-029E50227556->355864cd-7ac5-4934-b366-9756b15dd90f: receive RaftClientReply:client-029E50227556->355864cd-7ac5-4934-b366-9756b15dd90f@group-785BCF25C267, cid=1418, SUCCESS, logIndex=2005, commits[355864cd-7ac5-4934-b366-9756b15dd90f:c2006, ce4aa411-63c8-4399-99eb-27ce352844f3:c2002, 3eeffb0a-787e-48ec-a2f5-d0c540a89489:c2002]
2019-08-21 15:29:43,767 [grpc-default-executor-4] INFO  client.GrpcClientProtocolClient (GrpcClientProtocolClient.java:onNext(255)) - client-029E50227556->355864cd-7ac5-4934-b366-9756b15dd90f: receive RaftClientReply:client-029E50227556->355864cd-7ac5-4934-b366-9756b15dd90f@group-785BCF25C267, cid=1419, SUCCESS, logIndex=2006, commits[355864cd-7ac5-4934-b366-9756b15dd90f:c2006, ce4aa411-63c8-4399-99eb-27ce352844f3:c2002, 3eeffb0a-787e-48ec-a2f5-d0c540a89489:c2002]
2019-08-21 15:29:43,776 | INFO  | DNAudit | user=null | ip=null | op=WRITE_CHUNK {blockData=conID: 1 locID: 102655681085047269 bcsId: 0} | ret=SUCCESS |  
2019-08-21 15:29:43,776 | INFO  | DNAudit | user=null | ip=null | op=WRITE_CHUNK {blockData=conID: 1 locID: 102655681085047269 bcsId: 0} | ret=SUCCESS |  
2019-08-21 15:29:43,778 | INFO  | DNAudit | user=null | ip=null | op=PUT_BLOCK {blockData=[blockId=conID: 1 locID: 102655681085047269 bcsId: 0,size=1048576]} | ret=SUCCESS |  
2019-08-21 15:29:43,778 | INFO  | DNAudit | user=null | ip=null | op=PUT_BLOCK {blockData=[blockId=conID: 1 locID: 102655681085047269 bcsId: 0,size=1048576]} | ret=SUCCESS |  
2019-08-21 15:29:43,779 | INFO  | DNAudit | user=null | ip=null | op=WRITE_CHUNK {blockData=conID: 1 locID: 102655681085047269 bcsId: 0} | ret=SUCCESS |  
2019-08-21 15:29:43,779 | INFO  | DNAudit | user=null | ip=null | op=WRITE_CHUNK {blockData=conID: 1 locID: 102655681085047269 bcsId: 0} | ret=SUCCESS |  
2019-08-21 15:29:43,779 [grpc-default-executor-4] INFO  client.GrpcClientProtocolClient (GrpcClientProtocolClient.java:onNext(255)) - client-029E50227556->355864cd-7ac5-4934-b366-9756b15dd90f: receive RaftClientReply:client-029E50227556->355864cd-7ac5-4934-b366-9756b15dd90f@group-785BCF25C267, cid=1420, SUCCESS, logIndex=0, commits[355864cd-7ac5-4934-b366-9756b15dd90f:c2008, ce4aa411-63c8-4399-99eb-27ce352844f3:c2004, 3eeffb0a-787e-48ec-a2f5-d0c540a89489:c2004]
2019-08-21 15:29:43,779 | INFO  | DNAudit | user=null | ip=null | op=PUT_BLOCK {blockData=[blockId=conID: 1 locID: 102655681085047269 bcsId: 0,size=2097152]} | ret=SUCCESS |  
2019-08-21 15:29:43,779 | INFO  | DNAudit | user=null | ip=null | op=PUT_BLOCK {blockData=[blockId=conID: 1 locID: 102655681085047269 bcsId: 0,size=2097152]} | ret=SUCCESS |  
2019-08-21 15:29:43,785 | INFO  | DNAudit | user=null | ip=null | op=WRITE_CHUNK {blockData=conID: 1 locID: 102655681085047269 bcsId: 2006} | ret=SUCCESS |  
2019-08-21 15:29:43,787 | INFO  | DNAudit | user=null | ip=null | op=WRITE_CHUNK {blockData=conID: 1 locID: 102655681085047269 bcsId: 2006} | ret=SUCCESS |  
2019-08-21 15:29:43,788 | INFO  | DNAudit | user=null | ip=null | op=WRITE_CHUNK {blockData=conID: 1 locID: 102655681085047269 bcsId: 2006} | ret=SUCCESS |  
2019-08-21 15:29:43,798 | INFO  | DNAudit | user=null | ip=null | op=WRITE_CHUNK {blockData=conID: 1 locID: 102655681085047269 bcsId: 2006} | ret=SUCCESS |  
2019-08-21 15:29:43,798 | INFO  | DNAudit | user=null | ip=null | op=PUT_BLOCK {blockData=[blockId=conID: 1 locID: 102655681085047269 bcsId: 0,size=3145728]} | ret=SUCCESS |  
2019-08-21 15:29:43,798 [grpc-default-executor-4] INFO  client.GrpcClientProtocolClient (GrpcClientProtocolClient.java:onNext(255)) - client-029E50227556->355864cd-7ac5-4934-b366-9756b15dd90f: receive RaftClientReply:client-029E50227556->355864cd-7ac5-4934-b366-9756b15dd90f@group-785BCF25C267, cid=1421, SUCCESS, logIndex=2010, commits[355864cd-7ac5-4934-b366-9756b15dd90f:c2011, ce4aa411-63c8-4399-99eb-27ce352844f3:c2009, 3eeffb0a-787e-48ec-a2f5-d0c540a89489:c2009]
2019-08-21 15:29:43,799 [grpc-default-executor-4] INFO  client.GrpcClientProtocolClient (GrpcClientProtocolClient.java:onNext(255)) - client-029E50227556->355864cd-7ac5-4934-b366-9756b15dd90f: receive RaftClientReply:client-029E50227556->355864cd-7ac5-4934-b366-9756b15dd90f@group-785BCF25C267, cid=1422, SUCCESS, logIndex=2011, commits[355864cd-7ac5-4934-b366-9756b15dd90f:c2011, ce4aa411-63c8-4399-99eb-27ce352844f3:c2009, 3eeffb0a-787e-48ec-a2f5-d0c540a89489:c2009]
2019-08-21 15:29:43,805 | INFO  | DNAudit | user=null | ip=null | op=WRITE_CHUNK {blockData=conID: 1 locID: 102655681085047269 bcsId: 2011} | ret=SUCCESS |  
2019-08-21 15:29:43,806 | INFO  | DNAudit | user=null | ip=null | op=WRITE_CHUNK {blockData=conID: 1 locID: 102655681085047269 bcsId: 2011} | ret=SUCCESS |  
2019-08-21 15:29:43,806 | INFO  | DNAudit | user=null | ip=null | op=WRITE_CHUNK {blockData=conID: 1 locID: 102655681085047269 bcsId: 2011} | ret=SUCCESS |  
2019-08-21 15:29:43,808 | INFO  | DNAudit | user=null | ip=null | op=WRITE_CHUNK {blockData=conID: 1 locID: 102655681085047269 bcsId: 2006} | ret=SUCCESS |  
2019-08-21 15:29:43,808 | INFO  | DNAudit | user=null | ip=null | op=WRITE_CHUNK {blockData=conID: 1 locID: 102655681085047269 bcsId: 2006} | ret=SUCCESS |  
2019-08-21 15:29:43,809 | INFO  | DNAudit | user=null | ip=null | op=PUT_BLOCK {blockData=[blockId=conID: 1 locID: 102655681085047269 bcsId: 0,size=3145728]} | ret=SUCCESS |  
2019-08-21 15:29:43,811 | INFO  | DNAudit | user=null | ip=null | op=WRITE_CHUNK {blockData=conID: 1 locID: 102655681085047269 bcsId: 2011} | ret=SUCCESS |  
2019-08-21 15:29:43,811 | INFO  | DNAudit | user=null | ip=null | op=PUT_BLOCK {blockData=[blockId=conID: 1 locID: 102655681085047269 bcsId: 0,size=3145728]} | ret=SUCCESS |  
2019-08-21 15:29:43,811 | INFO  | DNAudit | user=null | ip=null | op=PUT_BLOCK {blockData=[blockId=conID: 1 locID: 102655681085047269 bcsId: 0,size=4194304]} | ret=SUCCESS |  
2019-08-21 15:29:43,811 [grpc-default-executor-0] INFO  client.GrpcClientProtocolClient (GrpcClientProtocolClient.java:onNext(255)) - client-029E50227556->355864cd-7ac5-4934-b366-9756b15dd90f: receive RaftClientReply:client-029E50227556->355864cd-7ac5-4934-b366-9756b15dd90f@group-785BCF25C267, cid=1423, SUCCESS, logIndex=2014, commits[355864cd-7ac5-4934-b366-9756b15dd90f:c2015, ce4aa411-63c8-4399-99eb-27ce352844f3:c2010, 3eeffb0a-787e-48ec-a2f5-d0c540a89489:c2011]
2019-08-21 15:29:43,812 [grpc-default-executor-0] INFO  client.GrpcClientProtocolClient (GrpcClientProtocolClient.java:onNext(255)) - client-029E50227556->355864cd-7ac5-4934-b366-9756b15dd90f: receive RaftClientReply:client-029E50227556->355864cd-7ac5-4934-b366-9756b15dd90f@group-785BCF25C267, cid=1424, SUCCESS, logIndex=2015, commits[355864cd-7ac5-4934-b366-9756b15dd90f:c2015, ce4aa411-63c8-4399-99eb-27ce352844f3:c2011, 3eeffb0a-787e-48ec-a2f5-d0c540a89489:c2011]
2019-08-21 15:29:43,813 | INFO  | DNAudit | user=null | ip=null | op=WRITE_CHUNK {blockData=conID: 1 locID: 102655681085047269 bcsId: 2011} | ret=SUCCESS |  
2019-08-21 15:29:43,813 | INFO  | DNAudit | user=null | ip=null | op=WRITE_CHUNK {blockData=conID: 1 locID: 102655681085047269 bcsId: 2011} | ret=SUCCESS |  
2019-08-21 15:29:43,813 | INFO  | DNAudit | user=null | ip=null | op=PUT_BLOCK {blockData=[blockId=conID: 1 locID: 102655681085047269 bcsId: 0,size=4194304]} | ret=SUCCESS |  
2019-08-21 15:29:43,813 | INFO  | DNAudit | user=null | ip=null | op=PUT_BLOCK {blockData=[blockId=conID: 1 locID: 102655681085047269 bcsId: 0,size=4194304]} | ret=SUCCESS |  
2019-08-21 15:29:43,814 [grpc-default-executor-0] INFO  client.GrpcClientProtocolClient (GrpcClientProtocolClient.java:onNext(255)) - client-029E50227556->355864cd-7ac5-4934-b366-9756b15dd90f: receive RaftClientReply:client-029E50227556->355864cd-7ac5-4934-b366-9756b15dd90f@group-785BCF25C267, cid=1425, SUCCESS, logIndex=0, commits[355864cd-7ac5-4934-b366-9756b15dd90f:c2016, ce4aa411-63c8-4399-99eb-27ce352844f3:c2015, 3eeffb0a-787e-48ec-a2f5-d0c540a89489:c2015]
2019-08-21 15:29:43,817 | INFO  | SCMAudit | user=jenkins1000 | ip=192.168.5.153 | op=ALLOCATE_BLOCK {owner=78849ec2-2b05-45d8-8cb5-e95e2230dbd1, size=4194304, type=RATIS, factor=THREE} | ret=SUCCESS |  
2019-08-21 15:29:43,819 | INFO  | OMAudit | user=jenkins1000 | ip=127.0.0.1 | op=ALLOCATE_BLOCK {volume=vol-0-32358, bucket=bucket-0-01949, key=key-0-56547, dataSize=0, replicationType=null, replicationFactor=null, keyLocationInfo=null, clientID=102655680532119954} | ret=SUCCESS |  
2019-08-21 15:29:43,825 | INFO  | DNAudit | user=null | ip=null | op=WRITE_CHUNK {blockData=conID: 2 locID: 102655681089831398 bcsId: 0} | ret=SUCCESS |  
2019-08-21 15:29:43,827 | INFO  | DNAudit | user=null | ip=null | op=WRITE_CHUNK {blockData=conID: 2 locID: 102655681089831398 bcsId: 0} | ret=SUCCESS |  
2019-08-21 15:29:43,827 | INFO  | DNAudit | user=null | ip=null | op=WRITE_CHUNK {blockData=conID: 2 locID: 102655681089831398 bcsId: 0} | ret=SUCCESS |  
2019-08-21 15:29:43,827 | INFO  | DNAudit | user=null | ip=null | op=WRITE_CHUNK {blockData=conID: 2 locID: 102655681089831398 bcsId: 0} | ret=SUCCESS |  
2019-08-21 15:29:43,829 | INFO  | DNAudit | user=null | ip=null | op=WRITE_CHUNK {blockData=conID: 2 locID: 102655681089831398 bcsId: 0} | ret=SUCCESS |  
2019-08-21 15:29:43,829 | INFO  | DNAudit | user=null | ip=null | op=WRITE_CHUNK {blockData=conID: 2 locID: 102655681089831398 bcsId: 0} | ret=SUCCESS |  
2019-08-21 15:29:43,835 | INFO  | DNAudit | user=null | ip=null | op=WRITE_CHUNK {blockData=conID: 2 locID: 102655681089831398 bcsId: 0} | ret=SUCCESS |  
2019-08-21 15:29:43,836 | INFO  | DNAudit | user=null | ip=null | op=PUT_BLOCK {blockData=[blockId=conID: 2 locID: 102655681089831398 bcsId: 0,size=1048576]} | ret=SUCCESS |  
2019-08-21 15:29:43,836 [grpc-default-executor-3] INFO  client.GrpcClientProtocolClient (GrpcClientProtocolClient.java:onNext(255)) - client-029E50227556->355864cd-7ac5-4934-b366-9756b15dd90f: receive RaftClientReply:client-029E50227556->355864cd-7ac5-4934-b366-9756b15dd90f@group-785BCF25C267, cid=1426, SUCCESS, logIndex=2017, commits[355864cd-7ac5-4934-b366-9756b15dd90f:c2019, ce4aa411-63c8-4399-99eb-27ce352844f3:c2016, 3eeffb0a-787e-48ec-a2f5-d0c540a89489:c2016]
2019-08-21 15:29:43,836 | INFO  | DNAudit | user=null | ip=null | op=WRITE_CHUNK {blockData=conID: 2 locID: 102655681089831398 bcsId: 0} | ret=SUCCESS |  
2019-08-21 15:29:43,836 [grpc-default-executor-3] INFO  client.GrpcClientProtocolClient (GrpcClientProtocolClient.java:onNext(255)) - client-029E50227556->355864cd-7ac5-4934-b366-9756b15dd90f: receive RaftClientReply:client-029E50227556->355864cd-7ac5-4934-b366-9756b15dd90f@group-785BCF25C267, cid=1427, SUCCESS, logIndex=2018, commits[355864cd-7ac5-4934-b366-9756b15dd90f:c2020, ce4aa411-63c8-4399-99eb-27ce352844f3:c2016, 3eeffb0a-787e-48ec-a2f5-d0c540a89489:c2016]
2019-08-21 15:29:43,837 | INFO  | DNAudit | user=null | ip=null | op=PUT_BLOCK {blockData=[blockId=conID: 2 locID: 102655681089831398 bcsId: 0,size=2097152]} | ret=SUCCESS |  
2019-08-21 15:29:43,837 [grpc-default-executor-3] INFO  client.GrpcClientProtocolClient (GrpcClientProtocolClient.java:onNext(255)) - client-029E50227556->355864cd-7ac5-4934-b366-9756b15dd90f: receive RaftClientReply:client-029E50227556->355864cd-7ac5-4934-b366-9756b15dd90f@group-785BCF25C267, cid=1428, SUCCESS, logIndex=2019, commits[355864cd-7ac5-4934-b366-9756b15dd90f:c2020, ce4aa411-63c8-4399-99eb-27ce352844f3:c2016, 3eeffb0a-787e-48ec-a2f5-d0c540a89489:c2016]
2019-08-21 15:29:43,837 [grpc-default-executor-3] INFO  client.GrpcClientProtocolClient (GrpcClientProtocolClient.java:onNext(255)) - client-029E50227556->355864cd-7ac5-4934-b366-9756b15dd90f: receive RaftClientReply:client-029E50227556->355864cd-7ac5-4934-b366-9756b15dd90f@group-785BCF25C267, cid=1429, SUCCESS, logIndex=2020, commits[355864cd-7ac5-4934-b366-9756b15dd90f:c2020, ce4aa411-63c8-4399-99eb-27ce352844f3:c2016, 3eeffb0a-787e-48ec-a2f5-d0c540a89489:c2016]
2019-08-21 15:29:43,838 | INFO  | DNAudit | user=null | ip=null | op=WRITE_CHUNK {blockData=conID: 2 locID: 102655681089831398 bcsId: 0} | ret=SUCCESS |  
2019-08-21 15:29:43,839 | INFO  | DNAudit | user=null | ip=null | op=WRITE_CHUNK {blockData=conID: 2 locID: 102655681089831398 bcsId: 0} | ret=SUCCESS |  
2019-08-21 15:29:43,840 | INFO  | DNAudit | user=null | ip=null | op=PUT_BLOCK {blockData=[blockId=conID: 2 locID: 102655681089831398 bcsId: 0,size=1048576]} | ret=SUCCESS |  
2019-08-21 15:29:43,840 | INFO  | DNAudit | user=null | ip=null | op=WRITE_CHUNK {blockData=conID: 2 locID: 102655681089831398 bcsId: 0} | ret=SUCCESS |  
2019-08-21 15:29:43,840 | INFO  | DNAudit | user=null | ip=null | op=PUT_BLOCK {blockData=[blockId=conID: 2 locID: 102655681089831398 bcsId: 0,size=1048576]} | ret=SUCCESS |  
2019-08-21 15:29:43,840 | INFO  | DNAudit | user=null | ip=null | op=PUT_BLOCK {blockData=[blockId=conID: 2 locID: 102655681089831398 bcsId: 0,size=2097152]} | ret=SUCCESS |  
2019-08-21 15:29:43,840 | INFO  | DNAudit | user=null | ip=null | op=WRITE_CHUNK {blockData=conID: 2 locID: 102655681089831398 bcsId: 0} | ret=SUCCESS |  
2019-08-21 15:29:43,840 | INFO  | DNAudit | user=null | ip=null | op=PUT_BLOCK {blockData=[blockId=conID: 2 locID: 102655681089831398 bcsId: 0,size=2097152]} | ret=SUCCESS |  
2019-08-21 15:29:43,840 [grpc-default-executor-3] INFO  client.GrpcClientProtocolClient (GrpcClientProtocolClient.java:onNext(255)) - client-029E50227556->355864cd-7ac5-4934-b366-9756b15dd90f: receive RaftClientReply:client-029E50227556->355864cd-7ac5-4934-b366-9756b15dd90f@group-785BCF25C267, cid=1430, SUCCESS, logIndex=0, commits[355864cd-7ac5-4934-b366-9756b15dd90f:c2024, ce4aa411-63c8-4399-99eb-27ce352844f3:c2018, 3eeffb0a-787e-48ec-a2f5-d0c540a89489:c2020]
2019-08-21 15:29:43,846 | INFO  | DNAudit | user=null | ip=null | op=WRITE_CHUNK {blockData=conID: 2 locID: 102655681089831398 bcsId: 2020} | ret=SUCCESS |  
2019-08-21 15:29:43,847 | INFO  | DNAudit | user=null | ip=null | op=WRITE_CHUNK {blockData=conID: 2 locID: 102655681089831398 bcsId: 2020} | ret=SUCCESS |  
2019-08-21 15:29:43,848 | INFO  | DNAudit | user=null | ip=null | op=WRITE_CHUNK {blockData=conID: 2 locID: 102655681089831398 bcsId: 2020} | ret=SUCCESS |  
2019-08-21 15:29:43,865 | INFO  | DNAudit | user=null | ip=null | op=WRITE_CHUNK {blockData=conID: 2 locID: 102655681089831398 bcsId: 2020} | ret=SUCCESS |  
2019-08-21 15:29:43,865 | INFO  | DNAudit | user=null | ip=null | op=PUT_BLOCK {blockData=[blockId=conID: 2 locID: 102655681089831398 bcsId: 0,size=3145728]} | ret=SUCCESS |  
2019-08-21 15:29:43,865 [grpc-default-executor-4] INFO  client.GrpcClientProtocolClient (GrpcClientProtocolClient.java:onNext(255)) - client-029E50227556->355864cd-7ac5-4934-b366-9756b15dd90f: receive RaftClientReply:client-029E50227556->355864cd-7ac5-4934-b366-9756b15dd90f@group-785BCF25C267, cid=1431, SUCCESS, logIndex=2025, commits[355864cd-7ac5-4934-b366-9756b15dd90f:c2026, ce4aa411-63c8-4399-99eb-27ce352844f3:c2024, 3eeffb0a-787e-48ec-a2f5-d0c540a89489:c2024]
2019-08-21 15:29:43,866 [grpc-default-executor-4] INFO  client.GrpcClientProtocolClient (GrpcClientProtocolClient.java:onNext(255)) - client-029E50227556->355864cd-7ac5-4934-b366-9756b15dd90f: receive RaftClientReply:client-029E50227556->355864cd-7ac5-4934-b366-9756b15dd90f@group-785BCF25C267, cid=1432, SUCCESS, logIndex=2026, commits[355864cd-7ac5-4934-b366-9756b15dd90f:c2026, ce4aa411-63c8-4399-99eb-27ce352844f3:c2024, 3eeffb0a-787e-48ec-a2f5-d0c540a89489:c2024]
2019-08-21 15:29:43,867 | INFO  | DNAudit | user=null | ip=null | op=WRITE_CHUNK {blockData=conID: 2 locID: 102655681089831398 bcsId: 2020} | ret=SUCCESS |  
2019-08-21 15:29:43,867 | INFO  | DNAudit | user=null | ip=null | op=PUT_BLOCK {blockData=[blockId=conID: 2 locID: 102655681089831398 bcsId: 0,size=3145728]} | ret=SUCCESS |  
2019-08-21 15:29:43,869 | INFO  | DNAudit | user=null | ip=null | op=WRITE_CHUNK {blockData=conID: 2 locID: 102655681089831398 bcsId: 2020} | ret=SUCCESS |  
2019-08-21 15:29:43,869 | INFO  | DNAudit | user=null | ip=null | op=PUT_BLOCK {blockData=[blockId=conID: 2 locID: 102655681089831398 bcsId: 0,size=3145728]} | ret=SUCCESS |  
2019-08-21 15:29:43,872 | INFO  | DNAudit | user=null | ip=null | op=WRITE_CHUNK {blockData=conID: 2 locID: 102655681089831398 bcsId: 2026} | ret=SUCCESS |  
2019-08-21 15:29:43,874 | INFO  | DNAudit | user=null | ip=null | op=WRITE_CHUNK {blockData=conID: 2 locID: 102655681089831398 bcsId: 2026} | ret=SUCCESS |  
2019-08-21 15:29:43,874 | INFO  | DNAudit | user=null | ip=null | op=WRITE_CHUNK {blockData=conID: 2 locID: 102655681089831398 bcsId: 2026} | ret=SUCCESS |  
2019-08-21 15:29:43,881 | INFO  | DNAudit | user=null | ip=null | op=WRITE_CHUNK {blockData=conID: 2 locID: 102655681089831398 bcsId: 2026} | ret=SUCCESS |  
2019-08-21 15:29:43,882 | INFO  | DNAudit | user=null | ip=null | op=PUT_BLOCK {blockData=[blockId=conID: 2 locID: 102655681089831398 bcsId: 0,size=4194304]} | ret=SUCCESS |  
2019-08-21 15:29:43,882 [grpc-default-executor-4] INFO  client.GrpcClientProtocolClient (GrpcClientProtocolClient.java:onNext(255)) - client-029E50227556->355864cd-7ac5-4934-b366-9756b15dd90f: receive RaftClientReply:client-029E50227556->355864cd-7ac5-4934-b366-9756b15dd90f@group-785BCF25C267, cid=1433, SUCCESS, logIndex=2029, commits[355864cd-7ac5-4934-b366-9756b15dd90f:c2030, ce4aa411-63c8-4399-99eb-27ce352844f3:c2027, 3eeffb0a-787e-48ec-a2f5-d0c540a89489:c2026]
2019-08-21 15:29:43,882 [grpc-default-executor-4] INFO  client.GrpcClientProtocolClient (GrpcClientProtocolClient.java:onNext(255)) - client-029E50227556->355864cd-7ac5-4934-b366-9756b15dd90f: receive RaftClientReply:client-029E50227556->355864cd-7ac5-4934-b366-9756b15dd90f@group-785BCF25C267, cid=1434, SUCCESS, logIndex=2030, commits[355864cd-7ac5-4934-b366-9756b15dd90f:c2030, ce4aa411-63c8-4399-99eb-27ce352844f3:c2027, 3eeffb0a-787e-48ec-a2f5-d0c540a89489:c2027]
2019-08-21 15:29:43,884 | INFO  | DNAudit | user=null | ip=null | op=WRITE_CHUNK {blockData=conID: 2 locID: 102655681089831398 bcsId: 2026} | ret=SUCCESS |  
2019-08-21 15:29:43,884 | INFO  | DNAudit | user=null | ip=null | op=WRITE_CHUNK {blockData=conID: 2 locID: 102655681089831398 bcsId: 2026} | ret=SUCCESS |  
2019-08-21 15:29:43,884 | INFO  | DNAudit | user=null | ip=null | op=PUT_BLOCK {blockData=[blockId=conID: 2 locID: 102655681089831398 bcsId: 0,size=4194304]} | ret=SUCCESS |  
2019-08-21 15:29:43,898 | INFO  | DNAudit | user=null | ip=null | op=PUT_BLOCK {blockData=[blockId=conID: 2 locID: 102655681089831398 bcsId: 0,size=4194304]} | ret=SUCCESS |  
2019-08-21 15:29:43,898 [grpc-default-executor-4] INFO  client.GrpcClientProtocolClient (GrpcClientProtocolClient.java:onNext(255)) - client-029E50227556->355864cd-7ac5-4934-b366-9756b15dd90f: receive RaftClientReply:client-029E50227556->355864cd-7ac5-4934-b366-9756b15dd90f@group-785BCF25C267, cid=1435, SUCCESS, logIndex=0, commits[355864cd-7ac5-4934-b366-9756b15dd90f:c2031, ce4aa411-63c8-4399-99eb-27ce352844f3:c2030, 3eeffb0a-787e-48ec-a2f5-d0c540a89489:c2030]
2019-08-21 15:29:43,902 | INFO  | SCMAudit | user=jenkins1000 | ip=192.168.5.153 | op=ALLOCATE_BLOCK {owner=78849ec2-2b05-45d8-8cb5-e95e2230dbd1, size=4194304, type=RATIS, factor=THREE} | ret=SUCCESS |  
2019-08-21 15:29:43,904 | INFO  | OMAudit | user=jenkins1000 | ip=127.0.0.1 | op=ALLOCATE_BLOCK {volume=vol-0-32358, bucket=bucket-0-01949, key=key-0-56547, dataSize=0, replicationType=null, replicationFactor=null, keyLocationInfo=null, clientID=102655680532119954} | ret=SUCCESS |  
2019-08-21 15:29:43,910 | INFO  | DNAudit | user=null | ip=null | op=WRITE_CHUNK {blockData=conID: 3 locID: 102655681095401959 bcsId: 0} | ret=SUCCESS |  
2019-08-21 15:29:43,913 | INFO  | DNAudit | user=null | ip=null | op=WRITE_CHUNK {blockData=conID: 3 locID: 102655681095401959 bcsId: 0} | ret=SUCCESS |  
2019-08-21 15:29:43,913 | INFO  | DNAudit | user=null | ip=null | op=WRITE_CHUNK {blockData=conID: 3 locID: 102655681095401959 bcsId: 0} | ret=SUCCESS |  
2019-08-21 15:29:43,913 | INFO  | DNAudit | user=null | ip=null | op=WRITE_CHUNK {blockData=conID: 3 locID: 102655681095401959 bcsId: 0} | ret=SUCCESS |  
2019-08-21 15:29:43,914 | INFO  | DNAudit | user=null | ip=null | op=WRITE_CHUNK {blockData=conID: 3 locID: 102655681095401959 bcsId: 0} | ret=SUCCESS |  
2019-08-21 15:29:43,914 | INFO  | DNAudit | user=null | ip=null | op=WRITE_CHUNK {blockData=conID: 3 locID: 102655681095401959 bcsId: 0} | ret=SUCCESS |  
2019-08-21 15:29:43,923 | INFO  | DNAudit | user=null | ip=null | op=WRITE_CHUNK {blockData=conID: 3 locID: 102655681095401959 bcsId: 0} | ret=SUCCESS |  
2019-08-21 15:29:43,923 | INFO  | DNAudit | user=null | ip=null | op=PUT_BLOCK {blockData=[blockId=conID: 3 locID: 102655681095401959 bcsId: 0,size=1048576]} | ret=SUCCESS |  
2019-08-21 15:29:43,923 [grpc-default-executor-0] INFO  client.GrpcClientProtocolClient (GrpcClientProtocolClient.java:onNext(255)) - client-029E50227556->355864cd-7ac5-4934-b366-9756b15dd90f: receive RaftClientReply:client-029E50227556->355864cd-7ac5-4934-b366-9756b15dd90f@group-785BCF25C267, cid=1436, SUCCESS, logIndex=2033, commits[355864cd-7ac5-4934-b366-9756b15dd90f:c2035, ce4aa411-63c8-4399-99eb-27ce352844f3:c2032, 3eeffb0a-787e-48ec-a2f5-d0c540a89489:c2032]
2019-08-21 15:29:43,923 | INFO  | DNAudit | user=null | ip=null | op=WRITE_CHUNK {blockData=conID: 3 locID: 102655681095401959 bcsId: 0} | ret=SUCCESS |  
2019-08-21 15:29:43,924 | INFO  | DNAudit | user=null | ip=null | op=PUT_BLOCK {blockData=[blockId=conID: 3 locID: 102655681095401959 bcsId: 0,size=2097152]} | ret=SUCCESS |  
2019-08-21 15:29:43,924 | INFO  | DNAudit | user=null | ip=null | op=WRITE_CHUNK {blockData=conID: 3 locID: 102655681095401959 bcsId: 0} | ret=SUCCESS |  
2019-08-21 15:29:43,924 [grpc-default-executor-0] INFO  client.GrpcClientProtocolClient (GrpcClientProtocolClient.java:onNext(255)) - client-029E50227556->355864cd-7ac5-4934-b366-9756b15dd90f: receive RaftClientReply:client-029E50227556->355864cd-7ac5-4934-b366-9756b15dd90f@group-785BCF25C267, cid=1437, SUCCESS, logIndex=2034, commits[355864cd-7ac5-4934-b366-9756b15dd90f:c2036, ce4aa411-63c8-4399-99eb-27ce352844f3:c2032, 3eeffb0a-787e-48ec-a2f5-d0c540a89489:c2032]
2019-08-21 15:29:43,924 [grpc-default-executor-0] INFO  client.GrpcClientProtocolClient (GrpcClientProtocolClient.java:onNext(255)) - client-029E50227556->355864cd-7ac5-4934-b366-9756b15dd90f: receive RaftClientReply:client-029E50227556->355864cd-7ac5-4934-b366-9756b15dd90f@group-785BCF25C267, cid=1438, SUCCESS, logIndex=2035, commits[355864cd-7ac5-4934-b366-9756b15dd90f:c2036, ce4aa411-63c8-4399-99eb-27ce352844f3:c2032, 3eeffb0a-787e-48ec-a2f5-d0c540a89489:c2032]
2019-08-21 15:29:43,924 [grpc-default-executor-0] INFO  client.GrpcClientProtocolClient (GrpcClientProtocolClient.java:onNext(255)) - client-029E50227556->355864cd-7ac5-4934-b366-9756b15dd90f: receive RaftClientReply:client-029E50227556->355864cd-7ac5-4934-b366-9756b15dd90f@group-785BCF25C267, cid=1439, SUCCESS, logIndex=2036, commits[355864cd-7ac5-4934-b366-9756b15dd90f:c2037, ce4aa411-63c8-4399-99eb-27ce352844f3:c2033, 3eeffb0a-787e-48ec-a2f5-d0c540a89489:c2032]
2019-08-21 15:29:43,926 | INFO  | DNAudit | user=null | ip=null | op=WRITE_CHUNK {blockData=conID: 3 locID: 102655681095401959 bcsId: 0} | ret=SUCCESS |  
2019-08-21 15:29:43,926 | INFO  | DNAudit | user=null | ip=null | op=PUT_BLOCK {blockData=[blockId=conID: 3 locID: 102655681095401959 bcsId: 0,size=1048576]} | ret=SUCCESS |  
2019-08-21 15:29:43,937 | INFO  | DNAudit | user=null | ip=null | op=PUT_BLOCK {blockData=[blockId=conID: 3 locID: 102655681095401959 bcsId: 0,size=1048576]} | ret=SUCCESS |  
2019-08-21 15:29:43,937 | INFO  | DNAudit | user=null | ip=null | op=WRITE_CHUNK {blockData=conID: 3 locID: 102655681095401959 bcsId: 0} | ret=SUCCESS |  
2019-08-21 15:29:43,937 | INFO  | DNAudit | user=null | ip=null | op=PUT_BLOCK {blockData=[blockId=conID: 3 locID: 102655681095401959 bcsId: 0,size=2097152]} | ret=SUCCESS |  
2019-08-21 15:29:43,937 | INFO  | DNAudit | user=null | ip=null | op=WRITE_CHUNK {blockData=conID: 3 locID: 102655681095401959 bcsId: 0} | ret=SUCCESS |  
2019-08-21 15:29:43,937 | INFO  | DNAudit | user=null | ip=null | op=PUT_BLOCK {blockData=[blockId=conID: 3 locID: 102655681095401959 bcsId: 0,size=2097152]} | ret=SUCCESS |  
2019-08-21 15:29:43,937 [grpc-default-executor-4] INFO  client.GrpcClientProtocolClient (GrpcClientProtocolClient.java:onNext(255)) - client-029E50227556->355864cd-7ac5-4934-b366-9756b15dd90f: receive RaftClientReply:client-029E50227556->355864cd-7ac5-4934-b366-9756b15dd90f@group-785BCF25C267, cid=1440, SUCCESS, logIndex=0, commits[355864cd-7ac5-4934-b366-9756b15dd90f:c2038, ce4aa411-63c8-4399-99eb-27ce352844f3:c2034, 3eeffb0a-787e-48ec-a2f5-d0c540a89489:c2034]
2019-08-21 15:29:43,943 | INFO  | DNAudit | user=null | ip=null | op=WRITE_CHUNK {blockData=conID: 3 locID: 102655681095401959 bcsId: 2036} | ret=SUCCESS |  
2019-08-21 15:29:43,945 | INFO  | DNAudit | user=null | ip=null | op=WRITE_CHUNK {blockData=conID: 3 locID: 102655681095401959 bcsId: 2036} | ret=SUCCESS |  
2019-08-21 15:29:43,945 | INFO  | DNAudit | user=null | ip=null | op=WRITE_CHUNK {blockData=conID: 3 locID: 102655681095401959 bcsId: 2036} | ret=SUCCESS |  
2019-08-21 15:29:43,956 | INFO  | DNAudit | user=null | ip=null | op=WRITE_CHUNK {blockData=conID: 3 locID: 102655681095401959 bcsId: 2036} | ret=SUCCESS |  
2019-08-21 15:29:43,956 | INFO  | DNAudit | user=null | ip=null | op=PUT_BLOCK {blockData=[blockId=conID: 3 locID: 102655681095401959 bcsId: 0,size=3145728]} | ret=SUCCESS |  
2019-08-21 15:29:43,956 [grpc-default-executor-2] INFO  client.GrpcClientProtocolClient (GrpcClientProtocolClient.java:onNext(255)) - client-029E50227556->355864cd-7ac5-4934-b366-9756b15dd90f: receive RaftClientReply:client-029E50227556->355864cd-7ac5-4934-b366-9756b15dd90f@group-785BCF25C267, cid=1441, SUCCESS, logIndex=2041, commits[355864cd-7ac5-4934-b366-9756b15dd90f:c2042, ce4aa411-63c8-4399-99eb-27ce352844f3:c2040, 3eeffb0a-787e-48ec-a2f5-d0c540a89489:c2040]
2019-08-21 15:29:43,956 [grpc-default-executor-2] INFO  client.GrpcClientProtocolClient (GrpcClientProtocolClient.java:onNext(255)) - client-029E50227556->355864cd-7ac5-4934-b366-9756b15dd90f: receive RaftClientReply:client-029E50227556->355864cd-7ac5-4934-b366-9756b15dd90f@group-785BCF25C267, cid=1442, SUCCESS, logIndex=2042, commits[355864cd-7ac5-4934-b366-9756b15dd90f:c2042, ce4aa411-63c8-4399-99eb-27ce352844f3:c2040, 3eeffb0a-787e-48ec-a2f5-d0c540a89489:c2040]
2019-08-21 15:29:43,963 | INFO  | DNAudit | user=null | ip=null | op=WRITE_CHUNK {blockData=conID: 3 locID: 102655681095401959 bcsId: 2042} | ret=SUCCESS |  
2019-08-21 15:29:43,964 | INFO  | DNAudit | user=null | ip=null | op=WRITE_CHUNK {blockData=conID: 3 locID: 102655681095401959 bcsId: 2042} | ret=SUCCESS |  
2019-08-21 15:29:43,965 | INFO  | DNAudit | user=null | ip=null | op=WRITE_CHUNK {blockData=conID: 3 locID: 102655681095401959 bcsId: 2042} | ret=SUCCESS |  
2019-08-21 15:29:43,967 | INFO  | DNAudit | user=null | ip=null | op=WRITE_CHUNK {blockData=conID: 3 locID: 102655681095401959 bcsId: 2036} | ret=SUCCESS |  
2019-08-21 15:29:43,967 | INFO  | DNAudit | user=null | ip=null | op=WRITE_CHUNK {blockData=conID: 3 locID: 102655681095401959 bcsId: 2036} | ret=SUCCESS |  
2019-08-21 15:29:43,970 | INFO  | DNAudit | user=null | ip=null | op=PUT_BLOCK {blockData=[blockId=conID: 3 locID: 102655681095401959 bcsId: 0,size=3145728]} | ret=SUCCESS |  
2019-08-21 15:29:43,970 | INFO  | DNAudit | user=null | ip=null | op=PUT_BLOCK {blockData=[blockId=conID: 3 locID: 102655681095401959 bcsId: 0,size=3145728]} | ret=SUCCESS |  
2019-08-21 15:29:43,970 | INFO  | DNAudit | user=null | ip=null | op=WRITE_CHUNK {blockData=conID: 3 locID: 102655681095401959 bcsId: 2042} | ret=SUCCESS |  
2019-08-21 15:29:43,971 | INFO  | DNAudit | user=null | ip=null | op=PUT_BLOCK {blockData=[blockId=conID: 3 locID: 102655681095401959 bcsId: 0,size=4194304]} | ret=SUCCESS |  
2019-08-21 15:29:43,971 [grpc-default-executor-4] INFO  client.GrpcClientProtocolClient (GrpcClientProtocolClient.java:onNext(255)) - client-029E50227556->355864cd-7ac5-4934-b366-9756b15dd90f: receive RaftClientReply:client-029E50227556->355864cd-7ac5-4934-b366-9756b15dd90f@group-785BCF25C267, cid=1443, SUCCESS, logIndex=2045, commits[355864cd-7ac5-4934-b366-9756b15dd90f:c2046, ce4aa411-63c8-4399-99eb-27ce352844f3:c2042, 3eeffb0a-787e-48ec-a2f5-d0c540a89489:c2042]
2019-08-21 15:29:43,971 [grpc-default-executor-4] INFO  client.GrpcClientProtocolClient (GrpcClientProtocolClient.java:onNext(255)) - client-029E50227556->355864cd-7ac5-4934-b366-9756b15dd90f: receive RaftClientReply:client-029E50227556->355864cd-7ac5-4934-b366-9756b15dd90f@group-785BCF25C267, cid=1444, SUCCESS, logIndex=2046, commits[355864cd-7ac5-4934-b366-9756b15dd90f:c2046, ce4aa411-63c8-4399-99eb-27ce352844f3:c2042, 3eeffb0a-787e-48ec-a2f5-d0c540a89489:c2042]
2019-08-21 15:29:43,982 | INFO  | DNAudit | user=null | ip=null | op=WRITE_CHUNK {blockData=conID: 3 locID: 102655681095401959 bcsId: 2042} | ret=SUCCESS |  
2019-08-21 15:29:43,982 | INFO  | DNAudit | user=null | ip=null | op=WRITE_CHUNK {blockData=conID: 3 locID: 102655681095401959 bcsId: 2042} | ret=SUCCESS |  
2019-08-21 15:29:43,982 | INFO  | DNAudit | user=null | ip=null | op=PUT_BLOCK {blockData=[blockId=conID: 3 locID: 102655681095401959 bcsId: 0,size=4194304]} | ret=SUCCESS |  
2019-08-21 15:29:43,982 | INFO  | DNAudit | user=null | ip=null | op=PUT_BLOCK {blockData=[blockId=conID: 3 locID: 102655681095401959 bcsId: 0,size=4194304]} | ret=SUCCESS |  
2019-08-21 15:29:43,982 [grpc-default-executor-2] INFO  client.GrpcClientProtocolClient (GrpcClientProtocolClient.java:onNext(255)) - client-029E50227556->355864cd-7ac5-4934-b366-9756b15dd90f: receive RaftClientReply:client-029E50227556->355864cd-7ac5-4934-b366-9756b15dd90f@group-785BCF25C267, cid=1445, SUCCESS, logIndex=0, commits[355864cd-7ac5-4934-b366-9756b15dd90f:c2047, ce4aa411-63c8-4399-99eb-27ce352844f3:c2046, 3eeffb0a-787e-48ec-a2f5-d0c540a89489:c2046]
2019-08-21 15:29:43,986 | INFO  | SCMAudit | user=jenkins1000 | ip=192.168.5.153 | op=ALLOCATE_BLOCK {owner=78849ec2-2b05-45d8-8cb5-e95e2230dbd1, size=4194304, type=RATIS, factor=THREE} | ret=SUCCESS |  
2019-08-21 15:29:43,988 | INFO  | OMAudit | user=jenkins1000 | ip=127.0.0.1 | op=ALLOCATE_BLOCK {volume=vol-0-32358, bucket=bucket-0-01949, key=key-0-56547, dataSize=0, replicationType=null, replicationFactor=null, keyLocationInfo=null, clientID=102655680532119954} | ret=SUCCESS |  
2019-08-21 15:29:43,994 | INFO  | DNAudit | user=null | ip=null | op=WRITE_CHUNK {blockData=conID: 1 locID: 102655681100906984 bcsId: 0} | ret=SUCCESS |  
2019-08-21 15:29:43,996 | INFO  | DNAudit | user=null | ip=null | op=WRITE_CHUNK {blockData=conID: 1 locID: 102655681100906984 bcsId: 0} | ret=SUCCESS |  
2019-08-21 15:29:43,996 | INFO  | DNAudit | user=null | ip=null | op=WRITE_CHUNK {blockData=conID: 1 locID: 102655681100906984 bcsId: 0} | ret=SUCCESS |  
2019-08-21 15:29:43,997 | INFO  | DNAudit | user=null | ip=null | op=WRITE_CHUNK {blockData=conID: 1 locID: 102655681100906984 bcsId: 0} | ret=SUCCESS |  
2019-08-21 15:29:43,998 | INFO  | DNAudit | user=null | ip=null | op=WRITE_CHUNK {blockData=conID: 1 locID: 102655681100906984 bcsId: 0} | ret=SUCCESS |  
2019-08-21 15:29:43,999 | INFO  | DNAudit | user=null | ip=null | op=WRITE_CHUNK {blockData=conID: 1 locID: 102655681100906984 bcsId: 0} | ret=SUCCESS |  
2019-08-21 15:29:44,007 | INFO  | DNAudit | user=null | ip=null | op=WRITE_CHUNK {blockData=conID: 1 locID: 102655681100906984 bcsId: 0} | ret=SUCCESS |  
2019-08-21 15:29:44,007 | INFO  | DNAudit | user=null | ip=null | op=PUT_BLOCK {blockData=[blockId=conID: 1 locID: 102655681100906984 bcsId: 0,size=1048576]} | ret=SUCCESS |  
2019-08-21 15:29:44,007 [grpc-default-executor-3] INFO  client.GrpcClientProtocolClient (GrpcClientProtocolClient.java:onNext(255)) - client-029E50227556->355864cd-7ac5-4934-b366-9756b15dd90f: receive RaftClientReply:client-029E50227556->355864cd-7ac5-4934-b366-9756b15dd90f@group-785BCF25C267, cid=1446, SUCCESS, logIndex=2049, commits[355864cd-7ac5-4934-b366-9756b15dd90f:c2050, ce4aa411-63c8-4399-99eb-27ce352844f3:c2048, 3eeffb0a-787e-48ec-a2f5-d0c540a89489:c2048]
2019-08-21 15:29:44,008 | INFO  | DNAudit | user=null | ip=null | op=WRITE_CHUNK {blockData=conID: 1 locID: 102655681100906984 bcsId: 0} | ret=SUCCESS |  
2019-08-21 15:29:44,008 [grpc-default-executor-2] INFO  client.GrpcClientProtocolClient (GrpcClientProtocolClient.java:onNext(255)) - client-029E50227556->355864cd-7ac5-4934-b366-9756b15dd90f: receive RaftClientReply:client-029E50227556->355864cd-7ac5-4934-b366-9756b15dd90f@group-785BCF25C267, cid=1447, SUCCESS, logIndex=2050, commits[355864cd-7ac5-4934-b366-9756b15dd90f:c2050, ce4aa411-63c8-4399-99eb-27ce352844f3:c2048, 3eeffb0a-787e-48ec-a2f5-d0c540a89489:c2048]
2019-08-21 15:29:44,008 | INFO  | DNAudit | user=null | ip=null | op=PUT_BLOCK {blockData=[blockId=conID: 1 locID: 102655681100906984 bcsId: 0,size=2097152]} | ret=SUCCESS |  
2019-08-21 15:29:44,008 [grpc-default-executor-2] INFO  client.GrpcClientProtocolClient (GrpcClientProtocolClient.java:onNext(255)) - client-029E50227556->355864cd-7ac5-4934-b366-9756b15dd90f: receive RaftClientReply:client-029E50227556->355864cd-7ac5-4934-b366-9756b15dd90f@group-785BCF25C267, cid=1448, SUCCESS, logIndex=2051, commits[355864cd-7ac5-4934-b366-9756b15dd90f:c2052, ce4aa411-63c8-4399-99eb-27ce352844f3:c2048, 3eeffb0a-787e-48ec-a2f5-d0c540a89489:c2048]
2019-08-21 15:29:44,009 [grpc-default-executor-2] INFO  client.GrpcClientProtocolClient (GrpcClientProtocolClient.java:onNext(255)) - client-029E50227556->355864cd-7ac5-4934-b366-9756b15dd90f: receive RaftClientReply:client-029E50227556->355864cd-7ac5-4934-b366-9756b15dd90f@group-785BCF25C267, cid=1449, SUCCESS, logIndex=2052, commits[355864cd-7ac5-4934-b366-9756b15dd90f:c2052, ce4aa411-63c8-4399-99eb-27ce352844f3:c2048, 3eeffb0a-787e-48ec-a2f5-d0c540a89489:c2048]
2019-08-21 15:29:44,021 | INFO  | DNAudit | user=null | ip=null | op=WRITE_CHUNK {blockData=conID: 1 locID: 102655681100906984 bcsId: 0} | ret=SUCCESS |  
2019-08-21 15:29:44,021 | INFO  | DNAudit | user=null | ip=null | op=WRITE_CHUNK {blockData=conID: 1 locID: 102655681100906984 bcsId: 0} | ret=SUCCESS |  
2019-08-21 15:29:44,021 | INFO  | DNAudit | user=null | ip=null | op=PUT_BLOCK {blockData=[blockId=conID: 1 locID: 102655681100906984 bcsId: 0,size=1048576]} | ret=SUCCESS |  
2019-08-21 15:29:44,021 | INFO  | DNAudit | user=null | ip=null | op=PUT_BLOCK {blockData=[blockId=conID: 1 locID: 102655681100906984 bcsId: 0,size=1048576]} | ret=SUCCESS |  
2019-08-21 15:29:44,021 | INFO  | DNAudit | user=null | ip=null | op=WRITE_CHUNK {blockData=conID: 1 locID: 102655681100906984 bcsId: 0} | ret=SUCCESS |  
2019-08-21 15:29:44,022 | INFO  | DNAudit | user=null | ip=null | op=PUT_BLOCK {blockData=[blockId=conID: 1 locID: 102655681100906984 bcsId: 0,size=2097152]} | ret=SUCCESS |  
2019-08-21 15:29:44,022 [grpc-default-executor-2] INFO  client.GrpcClientProtocolClient (GrpcClientProtocolClient.java:onNext(255)) - client-029E50227556->355864cd-7ac5-4934-b366-9756b15dd90f: receive RaftClientReply:client-029E50227556->355864cd-7ac5-4934-b366-9756b15dd90f@group-785BCF25C267, cid=1450, SUCCESS, logIndex=0, commits[355864cd-7ac5-4934-b366-9756b15dd90f:c2054, ce4aa411-63c8-4399-99eb-27ce352844f3:c2050, 3eeffb0a-787e-48ec-a2f5-d0c540a89489:c2050]
2019-08-21 15:29:44,022 | INFO  | DNAudit | user=null | ip=null | op=WRITE_CHUNK {blockData=conID: 1 locID: 102655681100906984 bcsId: 0} | ret=SUCCESS |  
2019-08-21 15:29:44,022 | INFO  | DNAudit | user=null | ip=null | op=PUT_BLOCK {blockData=[blockId=conID: 1 locID: 102655681100906984 bcsId: 0,size=2097152]} | ret=SUCCESS |  
2019-08-21 15:29:44,027 | INFO  | DNAudit | user=null | ip=null | op=WRITE_CHUNK {blockData=conID: 1 locID: 102655681100906984 bcsId: 2052} | ret=SUCCESS |  
2019-08-21 15:29:44,030 | INFO  | DNAudit | user=null | ip=null | op=WRITE_CHUNK {blockData=conID: 1 locID: 102655681100906984 bcsId: 2052} | ret=SUCCESS |  
2019-08-21 15:29:44,030 | INFO  | DNAudit | user=null | ip=null | op=WRITE_CHUNK {blockData=conID: 1 locID: 102655681100906984 bcsId: 2052} | ret=SUCCESS |  
2019-08-21 15:29:44,038 | INFO  | DNAudit | user=null | ip=null | op=WRITE_CHUNK {blockData=conID: 1 locID: 102655681100906984 bcsId: 2052} | ret=SUCCESS |  
2019-08-21 15:29:44,039 | INFO  | DNAudit | user=null | ip=null | op=PUT_BLOCK {blockData=[blockId=conID: 1 locID: 102655681100906984 bcsId: 0,size=3145728]} | ret=SUCCESS |  
2019-08-21 15:29:44,039 [grpc-default-executor-2] INFO  client.GrpcClientProtocolClient (GrpcClientProtocolClient.java:onNext(255)) - client-029E50227556->355864cd-7ac5-4934-b366-9756b15dd90f: receive RaftClientReply:client-029E50227556->355864cd-7ac5-4934-b366-9756b15dd90f@group-785BCF25C267, cid=1451, SUCCESS, logIndex=2057, commits[355864cd-7ac5-4934-b366-9756b15dd90f:c2058, ce4aa411-63c8-4399-99eb-27ce352844f3:c2056, 3eeffb0a-787e-48ec-a2f5-d0c540a89489:c2056]
2019-08-21 15:29:44,039 [grpc-default-executor-2] INFO  client.GrpcClientProtocolClient (GrpcClientProtocolClient.java:onNext(255)) - client-029E50227556->355864cd-7ac5-4934-b366-9756b15dd90f: receive RaftClientReply:client-029E50227556->355864cd-7ac5-4934-b366-9756b15dd90f@group-785BCF25C267, cid=1452, SUCCESS, logIndex=2058, commits[355864cd-7ac5-4934-b366-9756b15dd90f:c2058, ce4aa411-63c8-4399-99eb-27ce352844f3:c2056, 3eeffb0a-787e-48ec-a2f5-d0c540a89489:c2056]
2019-08-21 15:29:44,045 | INFO  | DNAudit | user=null | ip=null | op=WRITE_CHUNK {blockData=conID: 1 locID: 102655681100906984 bcsId: 2058} | ret=SUCCESS |  
2019-08-21 15:29:44,045 | INFO  | SCMAudit | user=jenkins1000 | ip=192.168.5.153 | op=SEND_HEARTBEAT {datanodeUUID=a0074e04-2715-4b16-a2b0-10b5043d27ae, command=[]} | ret=SUCCESS |  
2019-08-21 15:29:44,045 | INFO  | SCMAudit | user=jenkins1000 | ip=192.168.5.153 | op=SEND_HEARTBEAT {datanodeUUID=a38cd7e0-d792-481c-a4c0-f4feaa89ec8f, command=[]} | ret=SUCCESS |  
2019-08-21 15:29:44,047 | INFO  | DNAudit | user=null | ip=null | op=WRITE_CHUNK {blockData=conID: 1 locID: 102655681100906984 bcsId: 2058} | ret=SUCCESS |  
2019-08-21 15:29:44,047 | INFO  | DNAudit | user=null | ip=null | op=WRITE_CHUNK {blockData=conID: 1 locID: 102655681100906984 bcsId: 2058} | ret=SUCCESS |  
2019-08-21 15:29:44,048 | INFO  | DNAudit | user=null | ip=null | op=WRITE_CHUNK {blockData=conID: 1 locID: 102655681100906984 bcsId: 2052} | ret=SUCCESS |  
2019-08-21 15:29:44,048 | INFO  | DNAudit | user=null | ip=null | op=WRITE_CHUNK {blockData=conID: 1 locID: 102655681100906984 bcsId: 2052} | ret=SUCCESS |  
2019-08-21 15:29:44,049 | INFO  | DNAudit | user=null | ip=null | op=PUT_BLOCK {blockData=[blockId=conID: 1 locID: 102655681100906984 bcsId: 0,size=3145728]} | ret=SUCCESS |  
2019-08-21 15:29:44,049 | INFO  | DNAudit | user=null | ip=null | op=PUT_BLOCK {blockData=[blockId=conID: 1 locID: 102655681100906984 bcsId: 0,size=3145728]} | ret=SUCCESS |  
2019-08-21 15:29:44,050 | INFO  | DNAudit | user=null | ip=null | op=WRITE_CHUNK {blockData=conID: 1 locID: 102655681100906984 bcsId: 2058} | ret=SUCCESS |  
2019-08-21 15:29:44,051 | INFO  | DNAudit | user=null | ip=null | op=PUT_BLOCK {blockData=[blockId=conID: 1 locID: 102655681100906984 bcsId: 0,size=4194304]} | ret=SUCCESS |  
2019-08-21 15:29:44,051 [grpc-default-executor-2] INFO  client.GrpcClientProtocolClient (GrpcClientProtocolClient.java:onNext(255)) - client-029E50227556->355864cd-7ac5-4934-b366-9756b15dd90f: receive RaftClientReply:client-029E50227556->355864cd-7ac5-4934-b366-9756b15dd90f@group-785BCF25C267, cid=1453, SUCCESS, logIndex=2061, commits[355864cd-7ac5-4934-b366-9756b15dd90f:c2062, ce4aa411-63c8-4399-99eb-27ce352844f3:c2058, 3eeffb0a-787e-48ec-a2f5-d0c540a89489:c2058]
2019-08-21 15:29:44,051 [grpc-default-executor-2] INFO  client.GrpcClientProtocolClient (GrpcClientProtocolClient.java:onNext(255)) - client-029E50227556->355864cd-7ac5-4934-b366-9756b15dd90f: receive RaftClientReply:client-029E50227556->355864cd-7ac5-4934-b366-9756b15dd90f@group-785BCF25C267, cid=1454, SUCCESS, logIndex=2062, commits[355864cd-7ac5-4934-b366-9756b15dd90f:c2062, ce4aa411-63c8-4399-99eb-27ce352844f3:c2058, 3eeffb0a-787e-48ec-a2f5-d0c540a89489:c2058]
2019-08-21 15:29:44,052 | INFO  | DNAudit | user=null | ip=null | op=WRITE_CHUNK {blockData=conID: 1 locID: 102655681100906984 bcsId: 2058} | ret=SUCCESS |  
2019-08-21 15:29:44,052 | INFO  | DNAudit | user=null | ip=null | op=WRITE_CHUNK {blockData=conID: 1 locID: 102655681100906984 bcsId: 2058} | ret=SUCCESS |  
2019-08-21 15:29:44,062 | INFO  | DNAudit | user=null | ip=null | op=PUT_BLOCK {blockData=[blockId=conID: 1 locID: 102655681100906984 bcsId: 0,size=4194304]} | ret=SUCCESS |  
2019-08-21 15:29:44,062 | INFO  | DNAudit | user=null | ip=null | op=PUT_BLOCK {blockData=[blockId=conID: 1 locID: 102655681100906984 bcsId: 0,size=4194304]} | ret=SUCCESS |  
2019-08-21 15:29:44,062 [grpc-default-executor-2] INFO  client.GrpcClientProtocolClient (GrpcClientProtocolClient.java:onNext(255)) - client-029E50227556->355864cd-7ac5-4934-b366-9756b15dd90f: receive RaftClientReply:client-029E50227556->355864cd-7ac5-4934-b366-9756b15dd90f@group-785BCF25C267, cid=1455, SUCCESS, logIndex=0, commits[355864cd-7ac5-4934-b366-9756b15dd90f:c2064, ce4aa411-63c8-4399-99eb-27ce352844f3:c2062, 3eeffb0a-787e-48ec-a2f5-d0c540a89489:c2062]
2019-08-21 15:29:44,067 | INFO  | SCMAudit | user=jenkins1000 | ip=192.168.5.153 | op=ALLOCATE_BLOCK {owner=78849ec2-2b05-45d8-8cb5-e95e2230dbd1, size=4194304, type=RATIS, factor=THREE} | ret=SUCCESS |  
2019-08-21 15:29:44,070 | INFO  | OMAudit | user=jenkins1000 | ip=127.0.0.1 | op=ALLOCATE_BLOCK {volume=vol-0-32358, bucket=bucket-0-01949, key=key-0-56547, dataSize=0, replicationType=null, replicationFactor=null, keyLocationInfo=null, clientID=102655680532119954} | ret=SUCCESS |  
2019-08-21 15:29:44,077 | INFO  | DNAudit | user=null | ip=null | op=WRITE_CHUNK {blockData=conID: 2 locID: 102655681106215401 bcsId: 0} | ret=SUCCESS |  
2019-08-21 15:29:44,079 | INFO  | DNAudit | user=null | ip=null | op=WRITE_CHUNK {blockData=conID: 2 locID: 102655681106215401 bcsId: 0} | ret=SUCCESS |  
2019-08-21 15:29:44,079 | INFO  | DNAudit | user=null | ip=null | op=WRITE_CHUNK {blockData=conID: 2 locID: 102655681106215401 bcsId: 0} | ret=SUCCESS |  
2019-08-21 15:29:44,080 | INFO  | DNAudit | user=null | ip=null | op=WRITE_CHUNK {blockData=conID: 2 locID: 102655681106215401 bcsId: 0} | ret=SUCCESS |  
2019-08-21 15:29:44,082 | INFO  | DNAudit | user=null | ip=null | op=WRITE_CHUNK {blockData=conID: 2 locID: 102655681106215401 bcsId: 0} | ret=SUCCESS |  
2019-08-21 15:29:44,082 | INFO  | DNAudit | user=null | ip=null | op=WRITE_CHUNK {blockData=conID: 2 locID: 102655681106215401 bcsId: 0} | ret=SUCCESS |  
2019-08-21 15:29:44,088 | INFO  | DNAudit | user=null | ip=null | op=WRITE_CHUNK {blockData=conID: 2 locID: 102655681106215401 bcsId: 0} | ret=SUCCESS |  
2019-08-21 15:29:44,088 | INFO  | DNAudit | user=null | ip=null | op=PUT_BLOCK {blockData=[blockId=conID: 2 locID: 102655681106215401 bcsId: 0,size=1048576]} | ret=SUCCESS |  
2019-08-21 15:29:44,089 [grpc-default-executor-3] INFO  client.GrpcClientProtocolClient (GrpcClientProtocolClient.java:onNext(255)) - client-029E50227556->355864cd-7ac5-4934-b366-9756b15dd90f: receive RaftClientReply:client-029E50227556->355864cd-7ac5-4934-b366-9756b15dd90f@group-785BCF25C267, cid=1456, SUCCESS, logIndex=2065, commits[355864cd-7ac5-4934-b366-9756b15dd90f:c2066, ce4aa411-63c8-4399-99eb-27ce352844f3:c2064, 3eeffb0a-787e-48ec-a2f5-d0c540a89489:c2064]
2019-08-21 15:29:44,089 [grpc-default-executor-3] INFO  client.GrpcClientProtocolClient (GrpcClientProtocolClient.java:onNext(255)) - client-029E50227556->355864cd-7ac5-4934-b366-9756b15dd90f: receive RaftClientReply:client-029E50227556->355864cd-7ac5-4934-b366-9756b15dd90f@group-785BCF25C267, cid=1457, SUCCESS, logIndex=2066, commits[355864cd-7ac5-4934-b366-9756b15dd90f:c2066, ce4aa411-63c8-4399-99eb-27ce352844f3:c2064, 3eeffb0a-787e-48ec-a2f5-d0c540a89489:c2064]
2019-08-21 15:29:44,090 | INFO  | DNAudit | user=null | ip=null | op=WRITE_CHUNK {blockData=conID: 2 locID: 102655681106215401 bcsId: 0} | ret=SUCCESS |  
2019-08-21 15:29:44,091 | INFO  | DNAudit | user=null | ip=null | op=PUT_BLOCK {blockData=[blockId=conID: 2 locID: 102655681106215401 bcsId: 0,size=2097152]} | ret=SUCCESS |  
2019-08-21 15:29:44,091 [grpc-default-executor-3] INFO  client.GrpcClientProtocolClient (GrpcClientProtocolClient.java:onNext(255)) - client-029E50227556->355864cd-7ac5-4934-b366-9756b15dd90f: receive RaftClientReply:client-029E50227556->355864cd-7ac5-4934-b366-9756b15dd90f@group-785BCF25C267, cid=1458, SUCCESS, logIndex=2067, commits[355864cd-7ac5-4934-b366-9756b15dd90f:c2067, ce4aa411-63c8-4399-99eb-27ce352844f3:c2064, 3eeffb0a-787e-48ec-a2f5-d0c540a89489:c2064]
2019-08-21 15:29:44,092 [grpc-default-executor-3] INFO  client.GrpcClientProtocolClient (GrpcClientProtocolClient.java:onNext(255)) - client-029E50227556->355864cd-7ac5-4934-b366-9756b15dd90f: receive RaftClientReply:client-029E50227556->355864cd-7ac5-4934-b366-9756b15dd90f@group-785BCF25C267, cid=1459, SUCCESS, logIndex=2068, commits[355864cd-7ac5-4934-b366-9756b15dd90f:c2068, ce4aa411-63c8-4399-99eb-27ce352844f3:c2064, 3eeffb0a-787e-48ec-a2f5-d0c540a89489:c2064]
2019-08-21 15:29:44,100 | INFO  | DNAudit | user=null | ip=null | op=WRITE_CHUNK {blockData=conID: 2 locID: 102655681106215401 bcsId: 0} | ret=SUCCESS |  
2019-08-21 15:29:44,100 | INFO  | DNAudit | user=null | ip=null | op=WRITE_CHUNK {blockData=conID: 2 locID: 102655681106215401 bcsId: 0} | ret=SUCCESS |  
2019-08-21 15:29:44,100 | INFO  | DNAudit | user=null | ip=null | op=PUT_BLOCK {blockData=[blockId=conID: 2 locID: 102655681106215401 bcsId: 0,size=1048576]} | ret=SUCCESS |  
2019-08-21 15:29:44,100 | INFO  | DNAudit | user=null | ip=null | op=PUT_BLOCK {blockData=[blockId=conID: 2 locID: 102655681106215401 bcsId: 0,size=1048576]} | ret=SUCCESS |  
2019-08-21 15:29:44,100 | INFO  | DNAudit | user=null | ip=null | op=WRITE_CHUNK {blockData=conID: 2 locID: 102655681106215401 bcsId: 0} | ret=SUCCESS |  
2019-08-21 15:29:44,101 [grpc-default-executor-2] INFO  client.GrpcClientProtocolClient (GrpcClientProtocolClient.java:onNext(255)) - client-029E50227556->355864cd-7ac5-4934-b366-9756b15dd90f: receive RaftClientReply:client-029E50227556->355864cd-7ac5-4934-b366-9756b15dd90f@group-785BCF25C267, cid=1460, SUCCESS, logIndex=0, commits[355864cd-7ac5-4934-b366-9756b15dd90f:c2069, ce4aa411-63c8-4399-99eb-27ce352844f3:c2066, 3eeffb0a-787e-48ec-a2f5-d0c540a89489:c2066]
2019-08-21 15:29:44,103 | INFO  | DNAudit | user=null | ip=null | op=WRITE_CHUNK {blockData=conID: 2 locID: 102655681106215401 bcsId: 0} | ret=SUCCESS |  
2019-08-21 15:29:44,103 | INFO  | DNAudit | user=null | ip=null | op=PUT_BLOCK {blockData=[blockId=conID: 2 locID: 102655681106215401 bcsId: 0,size=2097152]} | ret=SUCCESS |  
2019-08-21 15:29:44,103 | INFO  | DNAudit | user=null | ip=null | op=PUT_BLOCK {blockData=[blockId=conID: 2 locID: 102655681106215401 bcsId: 0,size=2097152]} | ret=SUCCESS |  
2019-08-21 15:29:44,106 | INFO  | DNAudit | user=null | ip=null | op=WRITE_CHUNK {blockData=conID: 2 locID: 102655681106215401 bcsId: 2068} | ret=SUCCESS |  
2019-08-21 15:29:44,108 | INFO  | DNAudit | user=null | ip=null | op=WRITE_CHUNK {blockData=conID: 2 locID: 102655681106215401 bcsId: 2068} | ret=SUCCESS |  
2019-08-21 15:29:44,109 | INFO  | DNAudit | user=null | ip=null | op=WRITE_CHUNK {blockData=conID: 2 locID: 102655681106215401 bcsId: 2068} | ret=SUCCESS |  
2019-08-21 15:29:44,126 | INFO  | DNAudit | user=null | ip=null | op=WRITE_CHUNK {blockData=conID: 2 locID: 102655681106215401 bcsId: 2068} | ret=SUCCESS |  
2019-08-21 15:29:44,126 | INFO  | DNAudit | user=null | ip=null | op=PUT_BLOCK {blockData=[blockId=conID: 2 locID: 102655681106215401 bcsId: 0,size=3145728]} | ret=SUCCESS |  
2019-08-21 15:29:44,127 [grpc-default-executor-4] INFO  client.GrpcClientProtocolClient (GrpcClientProtocolClient.java:onNext(255)) - client-029E50227556->355864cd-7ac5-4934-b366-9756b15dd90f: receive RaftClientReply:client-029E50227556->355864cd-7ac5-4934-b366-9756b15dd90f@group-785BCF25C267, cid=1461, SUCCESS, logIndex=2073, commits[355864cd-7ac5-4934-b366-9756b15dd90f:c2074, ce4aa411-63c8-4399-99eb-27ce352844f3:c2072, 3eeffb0a-787e-48ec-a2f5-d0c540a89489:c2072]
2019-08-21 15:29:44,127 [grpc-default-executor-4] INFO  client.GrpcClientProtocolClient (GrpcClientProtocolClient.java:onNext(255)) - client-029E50227556->355864cd-7ac5-4934-b366-9756b15dd90f: receive RaftClientReply:client-029E50227556->355864cd-7ac5-4934-b366-9756b15dd90f@group-785BCF25C267, cid=1462, SUCCESS, logIndex=2074, commits[355864cd-7ac5-4934-b366-9756b15dd90f:c2074, ce4aa411-63c8-4399-99eb-27ce352844f3:c2072, 3eeffb0a-787e-48ec-a2f5-d0c540a89489:c2072]
2019-08-21 15:29:44,133 | INFO  | DNAudit | user=null | ip=null | op=WRITE_CHUNK {blockData=conID: 2 locID: 102655681106215401 bcsId: 2074} | ret=SUCCESS |  
2019-08-21 15:29:44,134 | INFO  | DNAudit | user=null | ip=null | op=WRITE_CHUNK {blockData=conID: 2 locID: 102655681106215401 bcsId: 2074} | ret=SUCCESS |  
2019-08-21 15:29:44,135 | INFO  | DNAudit | user=null | ip=null | op=WRITE_CHUNK {blockData=conID: 2 locID: 102655681106215401 bcsId: 2074} | ret=SUCCESS |  
2019-08-21 15:29:44,138 | INFO  | DNAudit | user=null | ip=null | op=WRITE_CHUNK {blockData=conID: 2 locID: 102655681106215401 bcsId: 2068} | ret=SUCCESS |  
2019-08-21 15:29:44,138 | INFO  | DNAudit | user=null | ip=null | op=WRITE_CHUNK {blockData=conID: 2 locID: 102655681106215401 bcsId: 2068} | ret=SUCCESS |  
2019-08-21 15:29:44,138 | INFO  | DNAudit | user=null | ip=null | op=PUT_BLOCK {blockData=[blockId=conID: 2 locID: 102655681106215401 bcsId: 0,size=3145728]} | ret=SUCCESS |  
2019-08-21 15:29:44,138 | INFO  | DNAudit | user=null | ip=null | op=PUT_BLOCK {blockData=[blockId=conID: 2 locID: 102655681106215401 bcsId: 0,size=3145728]} | ret=SUCCESS |  
2019-08-21 15:29:44,141 | INFO  | DNAudit | user=null | ip=null | op=WRITE_CHUNK {blockData=conID: 2 locID: 102655681106215401 bcsId: 2074} | ret=SUCCESS |  
2019-08-21 15:29:44,141 | INFO  | DNAudit | user=null | ip=null | op=PUT_BLOCK {blockData=[blockId=conID: 2 locID: 102655681106215401 bcsId: 0,size=4194304]} | ret=SUCCESS |  
2019-08-21 15:29:44,142 [grpc-default-executor-4] INFO  client.GrpcClientProtocolClient (GrpcClientProtocolClient.java:onNext(255)) - client-029E50227556->355864cd-7ac5-4934-b366-9756b15dd90f: receive RaftClientReply:client-029E50227556->355864cd-7ac5-4934-b366-9756b15dd90f@group-785BCF25C267, cid=1463, SUCCESS, logIndex=2077, commits[355864cd-7ac5-4934-b366-9756b15dd90f:c2078, ce4aa411-63c8-4399-99eb-27ce352844f3:c2074, 3eeffb0a-787e-48ec-a2f5-d0c540a89489:c2074]
2019-08-21 15:29:44,142 [grpc-default-executor-4] INFO  client.GrpcClientProtocolClient (GrpcClientProtocolClient.java:onNext(255)) - client-029E50227556->355864cd-7ac5-4934-b366-9756b15dd90f: receive RaftClientReply:client-029E50227556->355864cd-7ac5-4934-b366-9756b15dd90f@group-785BCF25C267, cid=1464, SUCCESS, logIndex=2078, commits[355864cd-7ac5-4934-b366-9756b15dd90f:c2078, ce4aa411-63c8-4399-99eb-27ce352844f3:c2074, 3eeffb0a-787e-48ec-a2f5-d0c540a89489:c2074]
2019-08-21 15:29:44,154 | INFO  | DNAudit | user=null | ip=null | op=WRITE_CHUNK {blockData=conID: 2 locID: 102655681106215401 bcsId: 2074} | ret=SUCCESS |  
2019-08-21 15:29:44,154 | INFO  | DNAudit | user=null | ip=null | op=WRITE_CHUNK {blockData=conID: 2 locID: 102655681106215401 bcsId: 2074} | ret=SUCCESS |  
2019-08-21 15:29:44,155 | INFO  | DNAudit | user=null | ip=null | op=PUT_BLOCK {blockData=[blockId=conID: 2 locID: 102655681106215401 bcsId: 0,size=4194304]} | ret=SUCCESS |  
2019-08-21 15:29:44,157 | INFO  | DNAudit | user=null | ip=null | op=PUT_BLOCK {blockData=[blockId=conID: 2 locID: 102655681106215401 bcsId: 0,size=4194304]} | ret=SUCCESS |  
2019-08-21 15:29:44,157 [grpc-default-executor-4] INFO  client.GrpcClientProtocolClient (GrpcClientProtocolClient.java:onNext(255)) - client-029E50227556->355864cd-7ac5-4934-b366-9756b15dd90f: receive RaftClientReply:client-029E50227556->355864cd-7ac5-4934-b366-9756b15dd90f@group-785BCF25C267, cid=1465, SUCCESS, logIndex=0, commits[355864cd-7ac5-4934-b366-9756b15dd90f:c2080, ce4aa411-63c8-4399-99eb-27ce352844f3:c2078, 3eeffb0a-787e-48ec-a2f5-d0c540a89489:c2078]
2019-08-21 15:29:44,161 | INFO  | SCMAudit | user=jenkins1000 | ip=192.168.5.153 | op=ALLOCATE_BLOCK {owner=78849ec2-2b05-45d8-8cb5-e95e2230dbd1, size=4194304, type=RATIS, factor=THREE} | ret=SUCCESS |  
2019-08-21 15:29:44,163 | INFO  | OMAudit | user=jenkins1000 | ip=127.0.0.1 | op=ALLOCATE_BLOCK {volume=vol-0-32358, bucket=bucket-0-01949, key=key-0-56547, dataSize=0, replicationType=null, replicationFactor=null, keyLocationInfo=null, clientID=102655680532119954} | ret=SUCCESS |  
2019-08-21 15:29:44,255 | INFO  | DNAudit | user=null | ip=null | op=WRITE_CHUNK {blockData=conID: 3 locID: 102655681112375786 bcsId: 0} | ret=SUCCESS |  
2019-08-21 15:29:44,258 | INFO  | DNAudit | user=null | ip=null | op=WRITE_CHUNK {blockData=conID: 3 locID: 102655681112375786 bcsId: 0} | ret=SUCCESS |  
2019-08-21 15:29:44,258 | INFO  | DNAudit | user=null | ip=null | op=WRITE_CHUNK {blockData=conID: 3 locID: 102655681112375786 bcsId: 0} | ret=SUCCESS |  
2019-08-21 15:29:44,259 | INFO  | DNAudit | user=null | ip=null | op=WRITE_CHUNK {blockData=conID: 3 locID: 102655681112375786 bcsId: 0} | ret=SUCCESS |  
2019-08-21 15:29:44,260 | INFO  | DNAudit | user=null | ip=null | op=WRITE_CHUNK {blockData=conID: 3 locID: 102655681112375786 bcsId: 0} | ret=SUCCESS |  
2019-08-21 15:29:44,262 | INFO  | DNAudit | user=null | ip=null | op=WRITE_CHUNK {blockData=conID: 3 locID: 102655681112375786 bcsId: 0} | ret=SUCCESS |  
2019-08-21 15:29:44,268 | INFO  | DNAudit | user=null | ip=null | op=WRITE_CHUNK {blockData=conID: 3 locID: 102655681112375786 bcsId: 0} | ret=SUCCESS |  
2019-08-21 15:29:44,269 | INFO  | DNAudit | user=null | ip=null | op=PUT_BLOCK {blockData=[blockId=conID: 3 locID: 102655681112375786 bcsId: 0,size=1048576]} | ret=SUCCESS |  
2019-08-21 15:29:44,269 [grpc-default-executor-2] INFO  client.GrpcClientProtocolClient (GrpcClientProtocolClient.java:onNext(255)) - client-029E50227556->355864cd-7ac5-4934-b366-9756b15dd90f: receive RaftClientReply:client-029E50227556->355864cd-7ac5-4934-b366-9756b15dd90f@group-785BCF25C267, cid=1466, SUCCESS, logIndex=2081, commits[355864cd-7ac5-4934-b366-9756b15dd90f:c2082, ce4aa411-63c8-4399-99eb-27ce352844f3:c2080, 3eeffb0a-787e-48ec-a2f5-d0c540a89489:c2080]
2019-08-21 15:29:44,269 | INFO  | DNAudit | user=null | ip=null | op=WRITE_CHUNK {blockData=conID: 3 locID: 102655681112375786 bcsId: 0} | ret=SUCCESS |  
2019-08-21 15:29:44,269 [grpc-default-executor-2] INFO  client.GrpcClientProtocolClient (GrpcClientProtocolClient.java:onNext(255)) - client-029E50227556->355864cd-7ac5-4934-b366-9756b15dd90f: receive RaftClientReply:client-029E50227556->355864cd-7ac5-4934-b366-9756b15dd90f@group-785BCF25C267, cid=1467, SUCCESS, logIndex=2082, commits[355864cd-7ac5-4934-b366-9756b15dd90f:c2084, ce4aa411-63c8-4399-99eb-27ce352844f3:c2080, 3eeffb0a-787e-48ec-a2f5-d0c540a89489:c2080]
2019-08-21 15:29:44,270 | INFO  | DNAudit | user=null | ip=null | op=PUT_BLOCK {blockData=[blockId=conID: 3 locID: 102655681112375786 bcsId: 0,size=2097152]} | ret=SUCCESS |  
2019-08-21 15:29:44,270 [grpc-default-executor-2] INFO  client.GrpcClientProtocolClient (GrpcClientProtocolClient.java:onNext(255)) - client-029E50227556->355864cd-7ac5-4934-b366-9756b15dd90f: receive RaftClientReply:client-029E50227556->355864cd-7ac5-4934-b366-9756b15dd90f@group-785BCF25C267, cid=1468, SUCCESS, logIndex=2083, commits[355864cd-7ac5-4934-b366-9756b15dd90f:c2084, ce4aa411-63c8-4399-99eb-27ce352844f3:c2080, 3eeffb0a-787e-48ec-a2f5-d0c540a89489:c2080]
2019-08-21 15:29:44,270 | INFO  | DNAudit | user=null | ip=null | op=WRITE_CHUNK {blockData=conID: 3 locID: 102655681112375786 bcsId: 0} | ret=SUCCESS |  
2019-08-21 15:29:44,270 | INFO  | DNAudit | user=null | ip=null | op=PUT_BLOCK {blockData=[blockId=conID: 3 locID: 102655681112375786 bcsId: 0,size=1048576]} | ret=SUCCESS |  
2019-08-21 15:29:44,270 [grpc-default-executor-4] INFO  client.GrpcClientProtocolClient (GrpcClientProtocolClient.java:onNext(255)) - client-029E50227556->355864cd-7ac5-4934-b366-9756b15dd90f: receive RaftClientReply:client-029E50227556->355864cd-7ac5-4934-b366-9756b15dd90f@group-785BCF25C267, cid=1469, SUCCESS, logIndex=2084, commits[355864cd-7ac5-4934-b366-9756b15dd90f:c2084, ce4aa411-63c8-4399-99eb-27ce352844f3:c2080, 3eeffb0a-787e-48ec-a2f5-d0c540a89489:c2080]
2019-08-21 15:29:44,270 | INFO  | DNAudit | user=null | ip=null | op=WRITE_CHUNK {blockData=conID: 3 locID: 102655681112375786 bcsId: 0} | ret=SUCCESS |  
2019-08-21 15:29:44,271 | INFO  | DNAudit | user=null | ip=null | op=PUT_BLOCK {blockData=[blockId=conID: 3 locID: 102655681112375786 bcsId: 0,size=1048576]} | ret=SUCCESS |  
2019-08-21 15:29:44,271 | INFO  | DNAudit | user=null | ip=null | op=WRITE_CHUNK {blockData=conID: 3 locID: 102655681112375786 bcsId: 0} | ret=SUCCESS |  
2019-08-21 15:29:44,271 | INFO  | DNAudit | user=null | ip=null | op=PUT_BLOCK {blockData=[blockId=conID: 3 locID: 102655681112375786 bcsId: 0,size=2097152]} | ret=SUCCESS |  
2019-08-21 15:29:44,271 | INFO  | DNAudit | user=null | ip=null | op=WRITE_CHUNK {blockData=conID: 3 locID: 102655681112375786 bcsId: 0} | ret=SUCCESS |  
2019-08-21 15:29:44,271 | INFO  | DNAudit | user=null | ip=null | op=PUT_BLOCK {blockData=[blockId=conID: 3 locID: 102655681112375786 bcsId: 0,size=2097152]} | ret=SUCCESS |  
2019-08-21 15:29:44,271 [grpc-default-executor-4] INFO  client.GrpcClientProtocolClient (GrpcClientProtocolClient.java:onNext(255)) - client-029E50227556->355864cd-7ac5-4934-b366-9756b15dd90f: receive RaftClientReply:client-029E50227556->355864cd-7ac5-4934-b366-9756b15dd90f@group-785BCF25C267, cid=1470, SUCCESS, logIndex=0, commits[355864cd-7ac5-4934-b366-9756b15dd90f:c2088, ce4aa411-63c8-4399-99eb-27ce352844f3:c2084, 3eeffb0a-787e-48ec-a2f5-d0c540a89489:c2082]
2019-08-21 15:29:44,278 | INFO  | DNAudit | user=null | ip=null | op=WRITE_CHUNK {blockData=conID: 3 locID: 102655681112375786 bcsId: 2084} | ret=SUCCESS |  
2019-08-21 15:29:44,279 | INFO  | DNAudit | user=null | ip=null | op=WRITE_CHUNK {blockData=conID: 3 locID: 102655681112375786 bcsId: 2084} | ret=SUCCESS |  
2019-08-21 15:29:44,280 | INFO  | DNAudit | user=null | ip=null | op=WRITE_CHUNK {blockData=conID: 3 locID: 102655681112375786 bcsId: 2084} | ret=SUCCESS |  
2019-08-21 15:29:44,290 | INFO  | DNAudit | user=null | ip=null | op=WRITE_CHUNK {blockData=conID: 3 locID: 102655681112375786 bcsId: 2084} | ret=SUCCESS |  
2019-08-21 15:29:44,291 | INFO  | DNAudit | user=null | ip=null | op=PUT_BLOCK {blockData=[blockId=conID: 3 locID: 102655681112375786 bcsId: 0,size=3145728]} | ret=SUCCESS |  
2019-08-21 15:29:44,291 [grpc-default-executor-2] INFO  client.GrpcClientProtocolClient (GrpcClientProtocolClient.java:onNext(255)) - client-029E50227556->355864cd-7ac5-4934-b366-9756b15dd90f: receive RaftClientReply:client-029E50227556->355864cd-7ac5-4934-b366-9756b15dd90f@group-785BCF25C267, cid=1471, SUCCESS, logIndex=2089, commits[355864cd-7ac5-4934-b366-9756b15dd90f:c2090, ce4aa411-63c8-4399-99eb-27ce352844f3:c2088, 3eeffb0a-787e-48ec-a2f5-d0c540a89489:c2088]
2019-08-21 15:29:44,291 [grpc-default-executor-2] INFO  client.GrpcClientProtocolClient (GrpcClientProtocolClient.java:onNext(255)) - client-029E50227556->355864cd-7ac5-4934-b366-9756b15dd90f: receive RaftClientReply:client-029E50227556->355864cd-7ac5-4934-b366-9756b15dd90f@group-785BCF25C267, cid=1472, SUCCESS, logIndex=2090, commits[355864cd-7ac5-4934-b366-9756b15dd90f:c2090, ce4aa411-63c8-4399-99eb-27ce352844f3:c2088, 3eeffb0a-787e-48ec-a2f5-d0c540a89489:c2088]
2019-08-21 15:29:44,298 | INFO  | DNAudit | user=null | ip=null | op=WRITE_CHUNK {blockData=conID: 3 locID: 102655681112375786 bcsId: 2090} | ret=SUCCESS |  
2019-08-21 15:29:44,300 | INFO  | DNAudit | user=null | ip=null | op=WRITE_CHUNK {blockData=conID: 3 locID: 102655681112375786 bcsId: 2090} | ret=SUCCESS |  
2019-08-21 15:29:44,300 | INFO  | DNAudit | user=null | ip=null | op=WRITE_CHUNK {blockData=conID: 3 locID: 102655681112375786 bcsId: 2090} | ret=SUCCESS |  
2019-08-21 15:29:44,302 | INFO  | DNAudit | user=null | ip=null | op=WRITE_CHUNK {blockData=conID: 3 locID: 102655681112375786 bcsId: 2084} | ret=SUCCESS |  
2019-08-21 15:29:44,302 | INFO  | DNAudit | user=null | ip=null | op=WRITE_CHUNK {blockData=conID: 3 locID: 102655681112375786 bcsId: 2084} | ret=SUCCESS |  
2019-08-21 15:29:44,305 | INFO  | DNAudit | user=null | ip=null | op=PUT_BLOCK {blockData=[blockId=conID: 3 locID: 102655681112375786 bcsId: 0,size=3145728]} | ret=SUCCESS |  
2019-08-21 15:29:44,305 | INFO  | DNAudit | user=null | ip=null | op=PUT_BLOCK {blockData=[blockId=conID: 3 locID: 102655681112375786 bcsId: 0,size=3145728]} | ret=SUCCESS |  
2019-08-21 15:29:44,305 | INFO  | DNAudit | user=null | ip=null | op=WRITE_CHUNK {blockData=conID: 3 locID: 102655681112375786 bcsId: 2090} | ret=SUCCESS |  
2019-08-21 15:29:44,306 | INFO  | DNAudit | user=null | ip=null | op=PUT_BLOCK {blockData=[blockId=conID: 3 locID: 102655681112375786 bcsId: 0,size=4194304]} | ret=SUCCESS |  
2019-08-21 15:29:44,306 [grpc-default-executor-3] INFO  client.GrpcClientProtocolClient (GrpcClientProtocolClient.java:onNext(255)) - client-029E50227556->355864cd-7ac5-4934-b366-9756b15dd90f: receive RaftClientReply:client-029E50227556->355864cd-7ac5-4934-b366-9756b15dd90f@group-785BCF25C267, cid=1473, SUCCESS, logIndex=2093, commits[355864cd-7ac5-4934-b366-9756b15dd90f:c2094, ce4aa411-63c8-4399-99eb-27ce352844f3:c2090, 3eeffb0a-787e-48ec-a2f5-d0c540a89489:c2090]
2019-08-21 15:29:44,306 [grpc-default-executor-3] INFO  client.GrpcClientProtocolClient (GrpcClientProtocolClient.java:onNext(255)) - client-029E50227556->355864cd-7ac5-4934-b366-9756b15dd90f: receive RaftClientReply:client-029E50227556->355864cd-7ac5-4934-b366-9756b15dd90f@group-785BCF25C267, cid=1474, SUCCESS, logIndex=2094, commits[355864cd-7ac5-4934-b366-9756b15dd90f:c2094, ce4aa411-63c8-4399-99eb-27ce352844f3:c2090, 3eeffb0a-787e-48ec-a2f5-d0c540a89489:c2090]
2019-08-21 15:29:44,317 | INFO  | DNAudit | user=null | ip=null | op=WRITE_CHUNK {blockData=conID: 3 locID: 102655681112375786 bcsId: 2090} | ret=SUCCESS |  
2019-08-21 15:29:44,317 | INFO  | DNAudit | user=null | ip=null | op=WRITE_CHUNK {blockData=conID: 3 locID: 102655681112375786 bcsId: 2090} | ret=SUCCESS |  
2019-08-21 15:29:44,319 | INFO  | DNAudit | user=null | ip=null | op=PUT_BLOCK {blockData=[blockId=conID: 3 locID: 102655681112375786 bcsId: 0,size=4194304]} | ret=SUCCESS |  
2019-08-21 15:29:44,319 | INFO  | DNAudit | user=null | ip=null | op=PUT_BLOCK {blockData=[blockId=conID: 3 locID: 102655681112375786 bcsId: 0,size=4194304]} | ret=SUCCESS |  
2019-08-21 15:29:44,320 [grpc-default-executor-3] INFO  client.GrpcClientProtocolClient (GrpcClientProtocolClient.java:onNext(255)) - client-029E50227556->355864cd-7ac5-4934-b366-9756b15dd90f: receive RaftClientReply:client-029E50227556->355864cd-7ac5-4934-b366-9756b15dd90f@group-785BCF25C267, cid=1475, SUCCESS, logIndex=0, commits[355864cd-7ac5-4934-b366-9756b15dd90f:c2096, ce4aa411-63c8-4399-99eb-27ce352844f3:c2094, 3eeffb0a-787e-48ec-a2f5-d0c540a89489:c2094]
2019-08-21 15:29:44,325 | INFO  | SCMAudit | user=jenkins1000 | ip=192.168.5.153 | op=ALLOCATE_BLOCK {owner=78849ec2-2b05-45d8-8cb5-e95e2230dbd1, size=4194304, type=RATIS, factor=THREE} | ret=SUCCESS |  
2019-08-21 15:29:44,328 | INFO  | OMAudit | user=jenkins1000 | ip=127.0.0.1 | op=ALLOCATE_BLOCK {volume=vol-0-32358, bucket=bucket-0-01949, key=key-0-56547, dataSize=0, replicationType=null, replicationFactor=null, keyLocationInfo=null, clientID=102655680532119954} | ret=SUCCESS |  
2019-08-21 15:29:44,334 | INFO  | DNAudit | user=null | ip=null | op=WRITE_CHUNK {blockData=conID: 1 locID: 102655681123123691 bcsId: 0} | ret=SUCCESS |  
2019-08-21 15:29:44,337 | INFO  | DNAudit | user=null | ip=null | op=WRITE_CHUNK {blockData=conID: 1 locID: 102655681123123691 bcsId: 0} | ret=SUCCESS |  
2019-08-21 15:29:44,338 | INFO  | DNAudit | user=null | ip=null | op=WRITE_CHUNK {blockData=conID: 1 locID: 102655681123123691 bcsId: 0} | ret=SUCCESS |  
2019-08-21 15:29:44,338 | INFO  | DNAudit | user=null | ip=null | op=WRITE_CHUNK {blockData=conID: 1 locID: 102655681123123691 bcsId: 0} | ret=SUCCESS |  
2019-08-21 15:29:44,339 | INFO  | DNAudit | user=null | ip=null | op=WRITE_CHUNK {blockData=conID: 1 locID: 102655681123123691 bcsId: 0} | ret=SUCCESS |  
2019-08-21 15:29:44,340 | INFO  | DNAudit | user=null | ip=null | op=WRITE_CHUNK {blockData=conID: 1 locID: 102655681123123691 bcsId: 0} | ret=SUCCESS |  
2019-08-21 15:29:44,347 | INFO  | DNAudit | user=null | ip=null | op=WRITE_CHUNK {blockData=conID: 1 locID: 102655681123123691 bcsId: 0} | ret=SUCCESS |  
2019-08-21 15:29:44,348 | INFO  | DNAudit | user=null | ip=null | op=PUT_BLOCK {blockData=[blockId=conID: 1 locID: 102655681123123691 bcsId: 0,size=1048576]} | ret=SUCCESS |  
2019-08-21 15:29:44,348 [grpc-default-executor-0] INFO  client.GrpcClientProtocolClient (GrpcClientProtocolClient.java:onNext(255)) - client-029E50227556->355864cd-7ac5-4934-b366-9756b15dd90f: receive RaftClientReply:client-029E50227556->355864cd-7ac5-4934-b366-9756b15dd90f@group-785BCF25C267, cid=1476, SUCCESS, logIndex=2097, commits[355864cd-7ac5-4934-b366-9756b15dd90f:c2098, ce4aa411-63c8-4399-99eb-27ce352844f3:c2096, 3eeffb0a-787e-48ec-a2f5-d0c540a89489:c2096]
2019-08-21 15:29:44,348 | INFO  | DNAudit | user=null | ip=null | op=WRITE_CHUNK {blockData=conID: 1 locID: 102655681123123691 bcsId: 0} | ret=SUCCESS |  
2019-08-21 15:29:44,349 [grpc-default-executor-0] INFO  client.GrpcClientProtocolClient (GrpcClientProtocolClient.java:onNext(255)) - client-029E50227556->355864cd-7ac5-4934-b366-9756b15dd90f: receive RaftClientReply:client-029E50227556->355864cd-7ac5-4934-b366-9756b15dd90f@group-785BCF25C267, cid=1477, SUCCESS, logIndex=2098, commits[355864cd-7ac5-4934-b366-9756b15dd90f:c2099, ce4aa411-63c8-4399-99eb-27ce352844f3:c2096, 3eeffb0a-787e-48ec-a2f5-d0c540a89489:c2096]
2019-08-21 15:29:44,349 | INFO  | DNAudit | user=null | ip=null | op=PUT_BLOCK {blockData=[blockId=conID: 1 locID: 102655681123123691 bcsId: 0,size=2097152]} | ret=SUCCESS |  
2019-08-21 15:29:44,349 [grpc-default-executor-0] INFO  client.GrpcClientProtocolClient (GrpcClientProtocolClient.java:onNext(255)) - client-029E50227556->355864cd-7ac5-4934-b366-9756b15dd90f: receive RaftClientReply:client-029E50227556->355864cd-7ac5-4934-b366-9756b15dd90f@group-785BCF25C267, cid=1478, SUCCESS, logIndex=2099, commits[355864cd-7ac5-4934-b366-9756b15dd90f:c2100, ce4aa411-63c8-4399-99eb-27ce352844f3:c2096, 3eeffb0a-787e-48ec-a2f5-d0c540a89489:c2096]
2019-08-21 15:29:44,349 [grpc-default-executor-0] INFO  client.GrpcClientProtocolClient (GrpcClientProtocolClient.java:onNext(255)) - client-029E50227556->355864cd-7ac5-4934-b366-9756b15dd90f: receive RaftClientReply:client-029E50227556->355864cd-7ac5-4934-b366-9756b15dd90f@group-785BCF25C267, cid=1479, SUCCESS, logIndex=2100, commits[355864cd-7ac5-4934-b366-9756b15dd90f:c2100, ce4aa411-63c8-4399-99eb-27ce352844f3:c2096, 3eeffb0a-787e-48ec-a2f5-d0c540a89489:c2096]
2019-08-21 15:29:44,358 | INFO  | SCMAudit | user=jenkins1000 | ip=192.168.5.153 | op=SEND_HEARTBEAT {datanodeUUID=3eeffb0a-787e-48ec-a2f5-d0c540a89489, command=[]} | ret=SUCCESS |  
2019-08-21 15:29:44,358 | INFO  | SCMAudit | user=jenkins1000 | ip=192.168.5.153 | op=SEND_HEARTBEAT {datanodeUUID=355864cd-7ac5-4934-b366-9756b15dd90f, command=[]} | ret=SUCCESS |  
2019-08-21 15:29:44,358 | INFO  | SCMAudit | user=jenkins1000 | ip=192.168.5.153 | op=SEND_HEARTBEAT {datanodeUUID=ce4aa411-63c8-4399-99eb-27ce352844f3, command=[]} | ret=SUCCESS |  
 0.00% |█                                                                                                    |  0/1 Time: 0:00:092019-08-21 15:29:44,361 | INFO  | DNAudit | user=null | ip=null | op=WRITE_CHUNK {blockData=conID: 1 locID: 102655681123123691 bcsId: 0} | ret=SUCCESS |  
2019-08-21 15:29:44,361 | INFO  | DNAudit | user=null | ip=null | op=PUT_BLOCK {blockData=[blockId=conID: 1 locID: 102655681123123691 bcsId: 0,size=1048576]} | ret=SUCCESS |  
2019-08-21 15:29:44,361 | INFO  | DNAudit | user=null | ip=null | op=WRITE_CHUNK {blockData=conID: 1 locID: 102655681123123691 bcsId: 0} | ret=SUCCESS |  
2019-08-21 15:29:44,361 | INFO  | DNAudit | user=null | ip=null | op=PUT_BLOCK {blockData=[blockId=conID: 1 locID: 102655681123123691 bcsId: 0,size=1048576]} | ret=SUCCESS |  
2019-08-21 15:29:44,362 | INFO  | DNAudit | user=null | ip=null | op=WRITE_CHUNK {blockData=conID: 1 locID: 102655681123123691 bcsId: 0} | ret=SUCCESS |  
2019-08-21 15:29:44,362 | INFO  | DNAudit | user=null | ip=null | op=WRITE_CHUNK {blockData=conID: 1 locID: 102655681123123691 bcsId: 0} | ret=SUCCESS |  
2019-08-21 15:29:44,362 | INFO  | DNAudit | user=null | ip=null | op=PUT_BLOCK {blockData=[blockId=conID: 1 locID: 102655681123123691 bcsId: 0,size=2097152]} | ret=SUCCESS |  
2019-08-21 15:29:44,362 | INFO  | DNAudit | user=null | ip=null | op=PUT_BLOCK {blockData=[blockId=conID: 1 locID: 102655681123123691 bcsId: 0,size=2097152]} | ret=SUCCESS |  
2019-08-21 15:29:44,362 [grpc-default-executor-4] INFO  client.GrpcClientProtocolClient (GrpcClientProtocolClient.java:onNext(255)) - client-029E50227556->355864cd-7ac5-4934-b366-9756b15dd90f: receive RaftClientReply:client-029E50227556->355864cd-7ac5-4934-b366-9756b15dd90f@group-785BCF25C267, cid=1480, SUCCESS, logIndex=0, commits[355864cd-7ac5-4934-b366-9756b15dd90f:c2102, ce4aa411-63c8-4399-99eb-27ce352844f3:c2098, 3eeffb0a-787e-48ec-a2f5-d0c540a89489:c2098]
2019-08-21 15:29:44,368 | INFO  | DNAudit | user=null | ip=null | op=WRITE_CHUNK {blockData=conID: 1 locID: 102655681123123691 bcsId: 2100} | ret=SUCCESS |  
2019-08-21 15:29:44,370 | INFO  | DNAudit | user=null | ip=null | op=WRITE_CHUNK {blockData=conID: 1 locID: 102655681123123691 bcsId: 2100} | ret=SUCCESS |  
2019-08-21 15:29:44,370 | INFO  | DNAudit | user=null | ip=null | op=WRITE_CHUNK {blockData=conID: 1 locID: 102655681123123691 bcsId: 2100} | ret=SUCCESS |  
2019-08-21 15:29:44,382 | INFO  | DNAudit | user=null | ip=null | op=WRITE_CHUNK {blockData=conID: 1 locID: 102655681123123691 bcsId: 2100} | ret=SUCCESS |  
2019-08-21 15:29:44,382 | INFO  | DNAudit | user=null | ip=null | op=PUT_BLOCK {blockData=[blockId=conID: 1 locID: 102655681123123691 bcsId: 0,size=3145728]} | ret=SUCCESS |  
2019-08-21 15:29:44,382 [grpc-default-executor-0] INFO  client.GrpcClientProtocolClient (GrpcClientProtocolClient.java:onNext(255)) - client-029E50227556->355864cd-7ac5-4934-b366-9756b15dd90f: receive RaftClientReply:client-029E50227556->355864cd-7ac5-4934-b366-9756b15dd90f@group-785BCF25C267, cid=1481, SUCCESS, logIndex=2105, commits[355864cd-7ac5-4934-b366-9756b15dd90f:c2106, ce4aa411-63c8-4399-99eb-27ce352844f3:c2104, 3eeffb0a-787e-48ec-a2f5-d0c540a89489:c2100]
2019-08-21 15:29:44,383 [grpc-default-executor-0] INFO  client.GrpcClientProtocolClient (GrpcClientProtocolClient.java:onNext(255)) - client-029E50227556->355864cd-7ac5-4934-b366-9756b15dd90f: receive RaftClientReply:client-029E50227556->355864cd-7ac5-4934-b366-9756b15dd90f@group-785BCF25C267, cid=1482, SUCCESS, logIndex=2106, commits[355864cd-7ac5-4934-b366-9756b15dd90f:c2106, ce4aa411-63c8-4399-99eb-27ce352844f3:c2104, 3eeffb0a-787e-48ec-a2f5-d0c540a89489:c2104]
2019-08-21 15:29:44,383 | INFO  | DNAudit | user=null | ip=null | op=WRITE_CHUNK {blockData=conID: 1 locID: 102655681123123691 bcsId: 2100} | ret=SUCCESS |  
2019-08-21 15:29:44,383 | INFO  | DNAudit | user=null | ip=null | op=WRITE_CHUNK {blockData=conID: 1 locID: 102655681123123691 bcsId: 2100} | ret=SUCCESS |  
2019-08-21 15:29:44,384 | INFO  | DNAudit | user=null | ip=null | op=PUT_BLOCK {blockData=[blockId=conID: 1 locID: 102655681123123691 bcsId: 0,size=3145728]} | ret=SUCCESS |  
2019-08-21 15:29:44,385 | INFO  | DNAudit | user=null | ip=null | op=PUT_BLOCK {blockData=[blockId=conID: 1 locID: 102655681123123691 bcsId: 0,size=3145728]} | ret=SUCCESS |  
2019-08-21 15:29:44,388 | INFO  | DNAudit | user=null | ip=null | op=WRITE_CHUNK {blockData=conID: 1 locID: 102655681123123691 bcsId: 2106} | ret=SUCCESS |  
2019-08-21 15:29:44,390 | INFO  | DNAudit | user=null | ip=null | op=WRITE_CHUNK {blockData=conID: 1 locID: 102655681123123691 bcsId: 2106} | ret=SUCCESS |  
2019-08-21 15:29:44,390 | INFO  | DNAudit | user=null | ip=null | op=WRITE_CHUNK {blockData=conID: 1 locID: 102655681123123691 bcsId: 2106} | ret=SUCCESS |  
2019-08-21 15:29:44,401 | INFO  | DNAudit | user=null | ip=null | op=WRITE_CHUNK {blockData=conID: 1 locID: 102655681123123691 bcsId: 2106} | ret=SUCCESS |  
2019-08-21 15:29:44,401 | INFO  | DNAudit | user=null | ip=null | op=PUT_BLOCK {blockData=[blockId=conID: 1 locID: 102655681123123691 bcsId: 0,size=4194304]} | ret=SUCCESS |  
2019-08-21 15:29:44,401 [grpc-default-executor-0] INFO  client.GrpcClientProtocolClient (GrpcClientProtocolClient.java:onNext(255)) - client-029E50227556->355864cd-7ac5-4934-b366-9756b15dd90f: receive RaftClientReply:client-029E50227556->355864cd-7ac5-4934-b366-9756b15dd90f@group-785BCF25C267, cid=1483, SUCCESS, logIndex=2109, commits[355864cd-7ac5-4934-b366-9756b15dd90f:c2110, ce4aa411-63c8-4399-99eb-27ce352844f3:c2108, 3eeffb0a-787e-48ec-a2f5-d0c540a89489:c2108]
2019-08-21 15:29:44,402 [grpc-default-executor-0] INFO  client.GrpcClientProtocolClient (GrpcClientProtocolClient.java:onNext(255)) - client-029E50227556->355864cd-7ac5-4934-b366-9756b15dd90f: receive RaftClientReply:client-029E50227556->355864cd-7ac5-4934-b366-9756b15dd90f@group-785BCF25C267, cid=1484, SUCCESS, logIndex=2110, commits[355864cd-7ac5-4934-b366-9756b15dd90f:c2110, ce4aa411-63c8-4399-99eb-27ce352844f3:c2108, 3eeffb0a-787e-48ec-a2f5-d0c540a89489:c2108]
2019-08-21 15:29:44,412 | INFO  | DNAudit | user=null | ip=null | op=WRITE_CHUNK {blockData=conID: 1 locID: 102655681123123691 bcsId: 2106} | ret=SUCCESS |  
2019-08-21 15:29:44,412 | INFO  | DNAudit | user=null | ip=null | op=WRITE_CHUNK {blockData=conID: 1 locID: 102655681123123691 bcsId: 2106} | ret=SUCCESS |  
2019-08-21 15:29:44,412 | INFO  | DNAudit | user=null | ip=null | op=PUT_BLOCK {blockData=[blockId=conID: 1 locID: 102655681123123691 bcsId: 0,size=4194304]} | ret=SUCCESS |  
2019-08-21 15:29:44,414 | INFO  | DNAudit | user=null | ip=null | op=PUT_BLOCK {blockData=[blockId=conID: 1 locID: 102655681123123691 bcsId: 0,size=4194304]} | ret=SUCCESS |  
2019-08-21 15:29:44,414 [grpc-default-executor-0] INFO  client.GrpcClientProtocolClient (GrpcClientProtocolClient.java:onNext(255)) - client-029E50227556->355864cd-7ac5-4934-b366-9756b15dd90f: receive RaftClientReply:client-029E50227556->355864cd-7ac5-4934-b366-9756b15dd90f@group-785BCF25C267, cid=1485, SUCCESS, logIndex=0, commits[355864cd-7ac5-4934-b366-9756b15dd90f:c2112, ce4aa411-63c8-4399-99eb-27ce352844f3:c2110, 3eeffb0a-787e-48ec-a2f5-d0c540a89489:c2110]
2019-08-21 15:29:44,418 | INFO  | SCMAudit | user=jenkins1000 | ip=192.168.5.153 | op=ALLOCATE_BLOCK {owner=78849ec2-2b05-45d8-8cb5-e95e2230dbd1, size=4194304, type=RATIS, factor=THREE} | ret=SUCCESS |  
2019-08-21 15:29:44,421 | INFO  | OMAudit | user=jenkins1000 | ip=127.0.0.1 | op=ALLOCATE_BLOCK {volume=vol-0-32358, bucket=bucket-0-01949, key=key-0-56547, dataSize=0, replicationType=null, replicationFactor=null, keyLocationInfo=null, clientID=102655680532119954} | ret=SUCCESS |  
2019-08-21 15:29:44,427 | INFO  | DNAudit | user=null | ip=null | op=WRITE_CHUNK {blockData=conID: 2 locID: 102655681129218540 bcsId: 0} | ret=SUCCESS |  
2019-08-21 15:29:44,428 | INFO  | DNAudit | user=null | ip=null | op=WRITE_CHUNK {blockData=conID: 2 locID: 102655681129218540 bcsId: 0} | ret=SUCCESS |  
2019-08-21 15:29:44,429 | INFO  | DNAudit | user=null | ip=null | op=WRITE_CHUNK {blockData=conID: 2 locID: 102655681129218540 bcsId: 0} | ret=SUCCESS |  
2019-08-21 15:29:44,429 | INFO  | DNAudit | user=null | ip=null | op=WRITE_CHUNK {blockData=conID: 2 locID: 102655681129218540 bcsId: 0} | ret=SUCCESS |  
2019-08-21 15:29:44,430 | INFO  | DNAudit | user=null | ip=null | op=WRITE_CHUNK {blockData=conID: 2 locID: 102655681129218540 bcsId: 0} | ret=SUCCESS |  
2019-08-21 15:29:44,430 | INFO  | DNAudit | user=null | ip=null | op=WRITE_CHUNK {blockData=conID: 2 locID: 102655681129218540 bcsId: 0} | ret=SUCCESS |  
2019-08-21 15:29:44,439 | INFO  | DNAudit | user=null | ip=null | op=WRITE_CHUNK {blockData=conID: 2 locID: 102655681129218540 bcsId: 0} | ret=SUCCESS |  
2019-08-21 15:29:44,439 | INFO  | DNAudit | user=null | ip=null | op=PUT_BLOCK {blockData=[blockId=conID: 2 locID: 102655681129218540 bcsId: 0,size=1048576]} | ret=SUCCESS |  
2019-08-21 15:29:44,439 | INFO  | DNAudit | user=null | ip=null | op=WRITE_CHUNK {blockData=conID: 2 locID: 102655681129218540 bcsId: 0} | ret=SUCCESS |  
2019-08-21 15:29:44,439 [grpc-default-executor-3] INFO  client.GrpcClientProtocolClient (GrpcClientProtocolClient.java:onNext(255)) - client-029E50227556->355864cd-7ac5-4934-b366-9756b15dd90f: receive RaftClientReply:client-029E50227556->355864cd-7ac5-4934-b366-9756b15dd90f@group-785BCF25C267, cid=1486, SUCCESS, logIndex=2113, commits[355864cd-7ac5-4934-b366-9756b15dd90f:c2115, ce4aa411-63c8-4399-99eb-27ce352844f3:c2112, 3eeffb0a-787e-48ec-a2f5-d0c540a89489:c2112]
2019-08-21 15:29:44,440 | INFO  | DNAudit | user=null | ip=null | op=PUT_BLOCK {blockData=[blockId=conID: 2 locID: 102655681129218540 bcsId: 0,size=2097152]} | ret=SUCCESS |  
2019-08-21 15:29:44,440 [grpc-default-executor-3] INFO  client.GrpcClientProtocolClient (GrpcClientProtocolClient.java:onNext(255)) - client-029E50227556->355864cd-7ac5-4934-b366-9756b15dd90f: receive RaftClientReply:client-029E50227556->355864cd-7ac5-4934-b366-9756b15dd90f@group-785BCF25C267, cid=1487, SUCCESS, logIndex=2114, commits[355864cd-7ac5-4934-b366-9756b15dd90f:c2116, ce4aa411-63c8-4399-99eb-27ce352844f3:c2112, 3eeffb0a-787e-48ec-a2f5-d0c540a89489:c2112]
2019-08-21 15:29:44,440 [grpc-default-executor-3] INFO  client.GrpcClientProtocolClient (GrpcClientProtocolClient.java:onNext(255)) - client-029E50227556->355864cd-7ac5-4934-b366-9756b15dd90f: receive RaftClientReply:client-029E50227556->355864cd-7ac5-4934-b366-9756b15dd90f@group-785BCF25C267, cid=1488, SUCCESS, logIndex=2115, commits[355864cd-7ac5-4934-b366-9756b15dd90f:c2116, ce4aa411-63c8-4399-99eb-27ce352844f3:c2112, 3eeffb0a-787e-48ec-a2f5-d0c540a89489:c2112]
2019-08-21 15:29:44,440 [grpc-default-executor-3] INFO  client.GrpcClientProtocolClient (GrpcClientProtocolClient.java:onNext(255)) - client-029E50227556->355864cd-7ac5-4934-b366-9756b15dd90f: receive RaftClientReply:client-029E50227556->355864cd-7ac5-4934-b366-9756b15dd90f@group-785BCF25C267, cid=1489, SUCCESS, logIndex=2116, commits[355864cd-7ac5-4934-b366-9756b15dd90f:c2116, ce4aa411-63c8-4399-99eb-27ce352844f3:c2112, 3eeffb0a-787e-48ec-a2f5-d0c540a89489:c2112]
2019-08-21 15:29:44,440 | INFO  | DNAudit | user=null | ip=null | op=WRITE_CHUNK {blockData=conID: 2 locID: 102655681129218540 bcsId: 0} | ret=SUCCESS |  
2019-08-21 15:29:44,441 | INFO  | DNAudit | user=null | ip=null | op=WRITE_CHUNK {blockData=conID: 2 locID: 102655681129218540 bcsId: 0} | ret=SUCCESS |  
2019-08-21 15:29:44,441 | INFO  | DNAudit | user=null | ip=null | op=PUT_BLOCK {blockData=[blockId=conID: 2 locID: 102655681129218540 bcsId: 0,size=1048576]} | ret=SUCCESS |  
2019-08-21 15:29:44,441 | INFO  | DNAudit | user=null | ip=null | op=PUT_BLOCK {blockData=[blockId=conID: 2 locID: 102655681129218540 bcsId: 0,size=1048576]} | ret=SUCCESS |  
2019-08-21 15:29:44,442 | INFO  | DNAudit | user=null | ip=null | op=WRITE_CHUNK {blockData=conID: 2 locID: 102655681129218540 bcsId: 0} | ret=SUCCESS |  
2019-08-21 15:29:44,442 | INFO  | DNAudit | user=null | ip=null | op=WRITE_CHUNK {blockData=conID: 2 locID: 102655681129218540 bcsId: 0} | ret=SUCCESS |  
2019-08-21 15:29:44,442 | INFO  | DNAudit | user=null | ip=null | op=PUT_BLOCK {blockData=[blockId=conID: 2 locID: 102655681129218540 bcsId: 0,size=2097152]} | ret=SUCCESS |  
2019-08-21 15:29:44,442 [grpc-default-executor-0] INFO  client.GrpcClientProtocolClient (GrpcClientProtocolClient.java:onNext(255)) - client-029E50227556->355864cd-7ac5-4934-b366-9756b15dd90f: receive RaftClientReply:client-029E50227556->355864cd-7ac5-4934-b366-9756b15dd90f@group-785BCF25C267, cid=1490, SUCCESS, logIndex=0, commits[355864cd-7ac5-4934-b366-9756b15dd90f:c2119, ce4aa411-63c8-4399-99eb-27ce352844f3:c2115, 3eeffb0a-787e-48ec-a2f5-d0c540a89489:c2115]
2019-08-21 15:29:44,442 | INFO  | DNAudit | user=null | ip=null | op=PUT_BLOCK {blockData=[blockId=conID: 2 locID: 102655681129218540 bcsId: 0,size=2097152]} | ret=SUCCESS |  
2019-08-21 15:29:44,447 | INFO  | DNAudit | user=null | ip=null | op=WRITE_CHUNK {blockData=conID: 2 locID: 102655681129218540 bcsId: 2116} | ret=SUCCESS |  
2019-08-21 15:29:44,449 | INFO  | DNAudit | user=null | ip=null | op=WRITE_CHUNK {blockData=conID: 2 locID: 102655681129218540 bcsId: 2116} | ret=SUCCESS |  
2019-08-21 15:29:44,449 | INFO  | DNAudit | user=null | ip=null | op=WRITE_CHUNK {blockData=conID: 2 locID: 102655681129218540 bcsId: 2116} | ret=SUCCESS |  
2019-08-21 15:29:44,459 | INFO  | DNAudit | user=null | ip=null | op=WRITE_CHUNK {blockData=conID: 2 locID: 102655681129218540 bcsId: 2116} | ret=SUCCESS |  
2019-08-21 15:29:44,459 | INFO  | DNAudit | user=null | ip=null | op=PUT_BLOCK {blockData=[blockId=conID: 2 locID: 102655681129218540 bcsId: 0,size=3145728]} | ret=SUCCESS |  
2019-08-21 15:29:44,459 [grpc-default-executor-4] INFO  client.GrpcClientProtocolClient (GrpcClientProtocolClient.java:onNext(255)) - client-029E50227556->355864cd-7ac5-4934-b366-9756b15dd90f: receive RaftClientReply:client-029E50227556->355864cd-7ac5-4934-b366-9756b15dd90f@group-785BCF25C267, cid=1491, SUCCESS, logIndex=2121, commits[355864cd-7ac5-4934-b366-9756b15dd90f:c2122, ce4aa411-63c8-4399-99eb-27ce352844f3:c2120, 3eeffb0a-787e-48ec-a2f5-d0c540a89489:c2120]
2019-08-21 15:29:44,460 [grpc-default-executor-4] INFO  client.GrpcClientProtocolClient (GrpcClientProtocolClient.java:onNext(255)) - client-029E50227556->355864cd-7ac5-4934-b366-9756b15dd90f: receive RaftClientReply:client-029E50227556->355864cd-7ac5-4934-b366-9756b15dd90f@group-785BCF25C267, cid=1492, SUCCESS, logIndex=2122, commits[355864cd-7ac5-4934-b366-9756b15dd90f:c2122, ce4aa411-63c8-4399-99eb-27ce352844f3:c2120, 3eeffb0a-787e-48ec-a2f5-d0c540a89489:c2120]
2019-08-21 15:29:44,465 | INFO  | DNAudit | user=null | ip=null | op=WRITE_CHUNK {blockData=conID: 2 locID: 102655681129218540 bcsId: 2122} | ret=SUCCESS |  
2019-08-21 15:29:44,467 | INFO  | DNAudit | user=null | ip=null | op=WRITE_CHUNK {blockData=conID: 2 locID: 102655681129218540 bcsId: 2122} | ret=SUCCESS |  
2019-08-21 15:29:44,468 | INFO  | DNAudit | user=null | ip=null | op=WRITE_CHUNK {blockData=conID: 2 locID: 102655681129218540 bcsId: 2122} | ret=SUCCESS |  
2019-08-21 15:29:44,471 | INFO  | DNAudit | user=null | ip=null | op=WRITE_CHUNK {blockData=conID: 2 locID: 102655681129218540 bcsId: 2116} | ret=SUCCESS |  
2019-08-21 15:29:44,471 | INFO  | DNAudit | user=null | ip=null | op=WRITE_CHUNK {blockData=conID: 2 locID: 102655681129218540 bcsId: 2116} | ret=SUCCESS |  
2019-08-21 15:29:44,472 | INFO  | DNAudit | user=null | ip=null | op=PUT_BLOCK {blockData=[blockId=conID: 2 locID: 102655681129218540 bcsId: 0,size=3145728]} | ret=SUCCESS |  
2019-08-21 15:29:44,472 | INFO  | DNAudit | user=null | ip=null | op=PUT_BLOCK {blockData=[blockId=conID: 2 locID: 102655681129218540 bcsId: 0,size=3145728]} | ret=SUCCESS |  
2019-08-21 15:29:44,473 | INFO  | DNAudit | user=null | ip=null | op=WRITE_CHUNK {blockData=conID: 2 locID: 102655681129218540 bcsId: 2122} | ret=SUCCESS |  
2019-08-21 15:29:44,473 | INFO  | DNAudit | user=null | ip=null | op=PUT_BLOCK {blockData=[blockId=conID: 2 locID: 102655681129218540 bcsId: 0,size=4194304]} | ret=SUCCESS |  
2019-08-21 15:29:44,473 [grpc-default-executor-0] INFO  client.GrpcClientProtocolClient (GrpcClientProtocolClient.java:onNext(255)) - client-029E50227556->355864cd-7ac5-4934-b366-9756b15dd90f: receive RaftClientReply:client-029E50227556->355864cd-7ac5-4934-b366-9756b15dd90f@group-785BCF25C267, cid=1493, SUCCESS, logIndex=2125, commits[355864cd-7ac5-4934-b366-9756b15dd90f:c2126, ce4aa411-63c8-4399-99eb-27ce352844f3:c2122, 3eeffb0a-787e-48ec-a2f5-d0c540a89489:c2122]
2019-08-21 15:29:44,474 [grpc-default-executor-0] INFO  client.GrpcClientProtocolClient (GrpcClientProtocolClient.java:onNext(255)) - client-029E50227556->355864cd-7ac5-4934-b366-9756b15dd90f: receive RaftClientReply:client-029E50227556->355864cd-7ac5-4934-b366-9756b15dd90f@group-785BCF25C267, cid=1494, SUCCESS, logIndex=2126, commits[355864cd-7ac5-4934-b366-9756b15dd90f:c2126, ce4aa411-63c8-4399-99eb-27ce352844f3:c2122, 3eeffb0a-787e-48ec-a2f5-d0c540a89489:c2122]
2019-08-21 15:29:44,484 | INFO  | DNAudit | user=null | ip=null | op=WRITE_CHUNK {blockData=conID: 2 locID: 102655681129218540 bcsId: 2122} | ret=SUCCESS |  
2019-08-21 15:29:44,484 | INFO  | DNAudit | user=null | ip=null | op=WRITE_CHUNK {blockData=conID: 2 locID: 102655681129218540 bcsId: 2122} | ret=SUCCESS |  
2019-08-21 15:29:44,484 | INFO  | DNAudit | user=null | ip=null | op=PUT_BLOCK {blockData=[blockId=conID: 2 locID: 102655681129218540 bcsId: 0,size=4194304]} | ret=SUCCESS |  
2019-08-21 15:29:44,485 | INFO  | DNAudit | user=null | ip=null | op=PUT_BLOCK {blockData=[blockId=conID: 2 locID: 102655681129218540 bcsId: 0,size=4194304]} | ret=SUCCESS |  
2019-08-21 15:29:44,485 [grpc-default-executor-0] INFO  client.GrpcClientProtocolClient (GrpcClientProtocolClient.java:onNext(255)) - client-029E50227556->355864cd-7ac5-4934-b366-9756b15dd90f: receive RaftClientReply:client-029E50227556->355864cd-7ac5-4934-b366-9756b15dd90f@group-785BCF25C267, cid=1495, SUCCESS, logIndex=0, commits[355864cd-7ac5-4934-b366-9756b15dd90f:c2127, ce4aa411-63c8-4399-99eb-27ce352844f3:c2126, 3eeffb0a-787e-48ec-a2f5-d0c540a89489:c2126]
2019-08-21 15:29:44,488 | INFO  | SCMAudit | user=jenkins1000 | ip=192.168.5.153 | op=ALLOCATE_BLOCK {owner=78849ec2-2b05-45d8-8cb5-e95e2230dbd1, size=4194304, type=RATIS, factor=THREE} | ret=SUCCESS |  
2019-08-21 15:29:44,490 | INFO  | OMAudit | user=jenkins1000 | ip=127.0.0.1 | op=ALLOCATE_BLOCK {volume=vol-0-32358, bucket=bucket-0-01949, key=key-0-56547, dataSize=0, replicationType=null, replicationFactor=null, keyLocationInfo=null, clientID=102655680532119954} | ret=SUCCESS |  
2019-08-21 15:29:44,496 | INFO  | DNAudit | user=null | ip=null | op=WRITE_CHUNK {blockData=conID: 3 locID: 102655681133806061 bcsId: 0} | ret=SUCCESS |  
2019-08-21 15:29:44,498 | INFO  | DNAudit | user=null | ip=null | op=WRITE_CHUNK {blockData=conID: 3 locID: 102655681133806061 bcsId: 0} | ret=SUCCESS |  
2019-08-21 15:29:44,499 | INFO  | DNAudit | user=null | ip=null | op=WRITE_CHUNK {blockData=conID: 3 locID: 102655681133806061 bcsId: 0} | ret=SUCCESS |  
2019-08-21 15:29:44,499 | INFO  | DNAudit | user=null | ip=null | op=WRITE_CHUNK {blockData=conID: 3 locID: 102655681133806061 bcsId: 0} | ret=SUCCESS |  
2019-08-21 15:29:44,500 | INFO  | DNAudit | user=null | ip=null | op=WRITE_CHUNK {blockData=conID: 3 locID: 102655681133806061 bcsId: 0} | ret=SUCCESS |  
2019-08-21 15:29:44,500 | INFO  | DNAudit | user=null | ip=null | op=WRITE_CHUNK {blockData=conID: 3 locID: 102655681133806061 bcsId: 0} | ret=SUCCESS |  
2019-08-21 15:29:44,509 | INFO  | DNAudit | user=null | ip=null | op=WRITE_CHUNK {blockData=conID: 3 locID: 102655681133806061 bcsId: 0} | ret=SUCCESS |  
2019-08-21 15:29:44,509 | INFO  | DNAudit | user=null | ip=null | op=PUT_BLOCK {blockData=[blockId=conID: 3 locID: 102655681133806061 bcsId: 0,size=1048576]} | ret=SUCCESS |  
2019-08-21 15:29:44,510 | INFO  | DNAudit | user=null | ip=null | op=WRITE_CHUNK {blockData=conID: 3 locID: 102655681133806061 bcsId: 0} | ret=SUCCESS |  
2019-08-21 15:29:44,509 [grpc-default-executor-3] INFO  client.GrpcClientProtocolClient (GrpcClientProtocolClient.java:onNext(255)) - client-029E50227556->355864cd-7ac5-4934-b366-9756b15dd90f: receive RaftClientReply:client-029E50227556->355864cd-7ac5-4934-b366-9756b15dd90f@group-785BCF25C267, cid=1496, SUCCESS, logIndex=2129, commits[355864cd-7ac5-4934-b366-9756b15dd90f:c2130, ce4aa411-63c8-4399-99eb-27ce352844f3:c2128, 3eeffb0a-787e-48ec-a2f5-d0c540a89489:c2128]
2019-08-21 15:29:44,510 | INFO  | DNAudit | user=null | ip=null | op=PUT_BLOCK {blockData=[blockId=conID: 3 locID: 102655681133806061 bcsId: 0,size=2097152]} | ret=SUCCESS |  
2019-08-21 15:29:44,510 [grpc-default-executor-3] INFO  client.GrpcClientProtocolClient (GrpcClientProtocolClient.java:onNext(255)) - client-029E50227556->355864cd-7ac5-4934-b366-9756b15dd90f: receive RaftClientReply:client-029E50227556->355864cd-7ac5-4934-b366-9756b15dd90f@group-785BCF25C267, cid=1497, SUCCESS, logIndex=2130, commits[355864cd-7ac5-4934-b366-9756b15dd90f:c2132, ce4aa411-63c8-4399-99eb-27ce352844f3:c2128, 3eeffb0a-787e-48ec-a2f5-d0c540a89489:c2128]
2019-08-21 15:29:44,510 [grpc-default-executor-3] INFO  client.GrpcClientProtocolClient (GrpcClientProtocolClient.java:onNext(255)) - client-029E50227556->355864cd-7ac5-4934-b366-9756b15dd90f: receive RaftClientReply:client-029E50227556->355864cd-7ac5-4934-b366-9756b15dd90f@group-785BCF25C267, cid=1498, SUCCESS, logIndex=2131, commits[355864cd-7ac5-4934-b366-9756b15dd90f:c2132, ce4aa411-63c8-4399-99eb-27ce352844f3:c2128, 3eeffb0a-787e-48ec-a2f5-d0c540a89489:c2128]
2019-08-21 15:29:44,510 [grpc-default-executor-3] INFO  client.GrpcClientProtocolClient (GrpcClientProtocolClient.java:onNext(255)) - client-029E50227556->355864cd-7ac5-4934-b366-9756b15dd90f: receive RaftClientReply:client-029E50227556->355864cd-7ac5-4934-b366-9756b15dd90f@group-785BCF25C267, cid=1499, SUCCESS, logIndex=2132, commits[355864cd-7ac5-4934-b366-9756b15dd90f:c2132, ce4aa411-63c8-4399-99eb-27ce352844f3:c2128, 3eeffb0a-787e-48ec-a2f5-d0c540a89489:c2128]
2019-08-21 15:29:44,511 | INFO  | DNAudit | user=null | ip=null | op=WRITE_CHUNK {blockData=conID: 3 locID: 102655681133806061 bcsId: 0} | ret=SUCCESS |  
2019-08-21 15:29:44,511 | INFO  | DNAudit | user=null | ip=null | op=WRITE_CHUNK {blockData=conID: 3 locID: 102655681133806061 bcsId: 0} | ret=SUCCESS |  
2019-08-21 15:29:44,511 | INFO  | DNAudit | user=null | ip=null | op=PUT_BLOCK {blockData=[blockId=conID: 3 locID: 102655681133806061 bcsId: 0,size=1048576]} | ret=SUCCESS |  
2019-08-21 15:29:44,511 | INFO  | DNAudit | user=null | ip=null | op=WRITE_CHUNK {blockData=conID: 3 locID: 102655681133806061 bcsId: 0} | ret=SUCCESS |  
2019-08-21 15:29:44,512 | INFO  | DNAudit | user=null | ip=null | op=PUT_BLOCK {blockData=[blockId=conID: 3 locID: 102655681133806061 bcsId: 0,size=2097152]} | ret=SUCCESS |  
2019-08-21 15:29:44,512 | INFO  | DNAudit | user=null | ip=null | op=PUT_BLOCK {blockData=[blockId=conID: 3 locID: 102655681133806061 bcsId: 0,size=1048576]} | ret=SUCCESS |  
2019-08-21 15:29:44,513 | INFO  | DNAudit | user=null | ip=null | op=WRITE_CHUNK {blockData=conID: 3 locID: 102655681133806061 bcsId: 0} | ret=SUCCESS |  
2019-08-21 15:29:44,513 | INFO  | DNAudit | user=null | ip=null | op=PUT_BLOCK {blockData=[blockId=conID: 3 locID: 102655681133806061 bcsId: 0,size=2097152]} | ret=SUCCESS |  
2019-08-21 15:29:44,513 [grpc-default-executor-3] INFO  client.GrpcClientProtocolClient (GrpcClientProtocolClient.java:onNext(255)) - client-029E50227556->355864cd-7ac5-4934-b366-9756b15dd90f: receive RaftClientReply:client-029E50227556->355864cd-7ac5-4934-b366-9756b15dd90f@group-785BCF25C267, cid=1500, SUCCESS, logIndex=0, commits[355864cd-7ac5-4934-b366-9756b15dd90f:c2136, ce4aa411-63c8-4399-99eb-27ce352844f3:c2130, 3eeffb0a-787e-48ec-a2f5-d0c540a89489:c2132]
2019-08-21 15:29:44,518 | INFO  | DNAudit | user=null | ip=null | op=WRITE_CHUNK {blockData=conID: 3 locID: 102655681133806061 bcsId: 2132} | ret=SUCCESS |  
2019-08-21 15:29:44,520 | INFO  | DNAudit | user=null | ip=null | op=WRITE_CHUNK {blockData=conID: 3 locID: 102655681133806061 bcsId: 2132} | ret=SUCCESS |  
2019-08-21 15:29:44,520 | INFO  | DNAudit | user=null | ip=null | op=WRITE_CHUNK {blockData=conID: 3 locID: 102655681133806061 bcsId: 2132} | ret=SUCCESS |  
2019-08-21 15:29:44,531 | INFO  | DNAudit | user=null | ip=null | op=WRITE_CHUNK {blockData=conID: 3 locID: 102655681133806061 bcsId: 2132} | ret=SUCCESS |  
2019-08-21 15:29:44,531 | INFO  | DNAudit | user=null | ip=null | op=PUT_BLOCK {blockData=[blockId=conID: 3 locID: 102655681133806061 bcsId: 0,size=3145728]} | ret=SUCCESS |  
2019-08-21 15:29:44,532 [grpc-default-executor-4] INFO  client.GrpcClientProtocolClient (GrpcClientProtocolClient.java:onNext(255)) - client-029E50227556->355864cd-7ac5-4934-b366-9756b15dd90f: receive RaftClientReply:client-029E50227556->355864cd-7ac5-4934-b366-9756b15dd90f@group-785BCF25C267, cid=1501, SUCCESS, logIndex=2137, commits[355864cd-7ac5-4934-b366-9756b15dd90f:c2138, ce4aa411-63c8-4399-99eb-27ce352844f3:c2132, 3eeffb0a-787e-48ec-a2f5-d0c540a89489:c2136]
2019-08-21 15:29:44,532 [grpc-default-executor-4] INFO  client.GrpcClientProtocolClient (GrpcClientProtocolClient.java:onNext(255)) - client-029E50227556->355864cd-7ac5-4934-b366-9756b15dd90f: receive RaftClientReply:client-029E50227556->355864cd-7ac5-4934-b366-9756b15dd90f@group-785BCF25C267, cid=1502, SUCCESS, logIndex=2138, commits[355864cd-7ac5-4934-b366-9756b15dd90f:c2138, ce4aa411-63c8-4399-99eb-27ce352844f3:c2136, 3eeffb0a-787e-48ec-a2f5-d0c540a89489:c2136]
2019-08-21 15:29:44,538 | INFO  | DNAudit | user=null | ip=null | op=WRITE_CHUNK {blockData=conID: 3 locID: 102655681133806061 bcsId: 2138} | ret=SUCCESS |  
2019-08-21 15:29:44,539 | INFO  | DNAudit | user=null | ip=null | op=WRITE_CHUNK {blockData=conID: 3 locID: 102655681133806061 bcsId: 2138} | ret=SUCCESS |  
2019-08-21 15:29:44,539 | INFO  | DNAudit | user=null | ip=null | op=WRITE_CHUNK {blockData=conID: 3 locID: 102655681133806061 bcsId: 2138} | ret=SUCCESS |  
2019-08-21 15:29:44,543 | INFO  | DNAudit | user=null | ip=null | op=WRITE_CHUNK {blockData=conID: 3 locID: 102655681133806061 bcsId: 2132} | ret=SUCCESS |  
2019-08-21 15:29:44,543 | INFO  | DNAudit | user=null | ip=null | op=WRITE_CHUNK {blockData=conID: 3 locID: 102655681133806061 bcsId: 2132} | ret=SUCCESS |  
2019-08-21 15:29:44,543 | INFO  | DNAudit | user=null | ip=null | op=PUT_BLOCK {blockData=[blockId=conID: 3 locID: 102655681133806061 bcsId: 0,size=3145728]} | ret=SUCCESS |  
2019-08-21 15:29:44,543 | INFO  | DNAudit | user=null | ip=null | op=PUT_BLOCK {blockData=[blockId=conID: 3 locID: 102655681133806061 bcsId: 0,size=3145728]} | ret=SUCCESS |  
2019-08-21 15:29:44,544 | INFO  | DNAudit | user=null | ip=null | op=WRITE_CHUNK {blockData=conID: 3 locID: 102655681133806061 bcsId: 2138} | ret=SUCCESS |  
2019-08-21 15:29:44,545 | INFO  | DNAudit | user=null | ip=null | op=PUT_BLOCK {blockData=[blockId=conID: 3 locID: 102655681133806061 bcsId: 0,size=4194304]} | ret=SUCCESS |  
2019-08-21 15:29:44,545 [grpc-default-executor-4] INFO  client.GrpcClientProtocolClient (GrpcClientProtocolClient.java:onNext(255)) - client-029E50227556->355864cd-7ac5-4934-b366-9756b15dd90f: receive RaftClientReply:client-029E50227556->355864cd-7ac5-4934-b366-9756b15dd90f@group-785BCF25C267, cid=1503, SUCCESS, logIndex=2141, commits[355864cd-7ac5-4934-b366-9756b15dd90f:c2142, ce4aa411-63c8-4399-99eb-27ce352844f3:c2138, 3eeffb0a-787e-48ec-a2f5-d0c540a89489:c2138]
2019-08-21 15:29:44,545 [grpc-default-executor-4] INFO  client.GrpcClientProtocolClient (GrpcClientProtocolClient.java:onNext(255)) - client-029E50227556->355864cd-7ac5-4934-b366-9756b15dd90f: receive RaftClientReply:client-029E50227556->355864cd-7ac5-4934-b366-9756b15dd90f@group-785BCF25C267, cid=1504, SUCCESS, logIndex=2142, commits[355864cd-7ac5-4934-b366-9756b15dd90f:c2142, ce4aa411-63c8-4399-99eb-27ce352844f3:c2138, 3eeffb0a-787e-48ec-a2f5-d0c540a89489:c2138]
2019-08-21 15:29:44,546 | INFO  | DNAudit | user=null | ip=null | op=WRITE_CHUNK {blockData=conID: 3 locID: 102655681133806061 bcsId: 2138} | ret=SUCCESS |  
2019-08-21 15:29:44,547 | INFO  | DNAudit | user=null | ip=null | op=WRITE_CHUNK {blockData=conID: 3 locID: 102655681133806061 bcsId: 2138} | ret=SUCCESS |  
2019-08-21 15:29:44,547 | INFO  | DNAudit | user=null | ip=null | op=PUT_BLOCK {blockData=[blockId=conID: 3 locID: 102655681133806061 bcsId: 0,size=4194304]} | ret=SUCCESS |  
2019-08-21 15:29:44,547 | INFO  | DNAudit | user=null | ip=null | op=PUT_BLOCK {blockData=[blockId=conID: 3 locID: 102655681133806061 bcsId: 0,size=4194304]} | ret=SUCCESS |  
2019-08-21 15:29:44,548 [grpc-default-executor-4] INFO  client.GrpcClientProtocolClient (GrpcClientProtocolClient.java:onNext(255)) - client-029E50227556->355864cd-7ac5-4934-b366-9756b15dd90f: receive RaftClientReply:client-029E50227556->355864cd-7ac5-4934-b366-9756b15dd90f@group-785BCF25C267, cid=1505, SUCCESS, logIndex=0, commits[355864cd-7ac5-4934-b366-9756b15dd90f:c2144, ce4aa411-63c8-4399-99eb-27ce352844f3:c2142, 3eeffb0a-787e-48ec-a2f5-d0c540a89489:c2142]
2019-08-21 15:29:44,553 | INFO  | SCMAudit | user=jenkins1000 | ip=192.168.5.153 | op=ALLOCATE_BLOCK {owner=78849ec2-2b05-45d8-8cb5-e95e2230dbd1, size=4194304, type=RATIS, factor=THREE} | ret=SUCCESS |  
2019-08-21 15:29:44,556 | INFO  | OMAudit | user=jenkins1000 | ip=127.0.0.1 | op=ALLOCATE_BLOCK {volume=vol-0-32358, bucket=bucket-0-01949, key=key-0-56547, dataSize=0, replicationType=null, replicationFactor=null, keyLocationInfo=null, clientID=102655680532119954} | ret=SUCCESS |  
2019-08-21 15:29:44,561 | INFO  | DNAudit | user=null | ip=null | op=WRITE_CHUNK {blockData=conID: 1 locID: 102655681138065902 bcsId: 0} | ret=SUCCESS |  
2019-08-21 15:29:44,564 | INFO  | DNAudit | user=null | ip=null | op=WRITE_CHUNK {blockData=conID: 1 locID: 102655681138065902 bcsId: 0} | ret=SUCCESS |  
2019-08-21 15:29:44,564 | INFO  | DNAudit | user=null | ip=null | op=WRITE_CHUNK {blockData=conID: 1 locID: 102655681138065902 bcsId: 0} | ret=SUCCESS |  
2019-08-21 15:29:44,564 | INFO  | DNAudit | user=null | ip=null | op=WRITE_CHUNK {blockData=conID: 1 locID: 102655681138065902 bcsId: 0} | ret=SUCCESS |  
2019-08-21 15:29:44,566 | INFO  | DNAudit | user=null | ip=null | op=WRITE_CHUNK {blockData=conID: 1 locID: 102655681138065902 bcsId: 0} | ret=SUCCESS |  
2019-08-21 15:29:44,566 | INFO  | DNAudit | user=null | ip=null | op=WRITE_CHUNK {blockData=conID: 1 locID: 102655681138065902 bcsId: 0} | ret=SUCCESS |  
2019-08-21 15:29:44,575 | INFO  | DNAudit | user=null | ip=null | op=WRITE_CHUNK {blockData=conID: 1 locID: 102655681138065902 bcsId: 0} | ret=SUCCESS |  
2019-08-21 15:29:44,575 | INFO  | DNAudit | user=null | ip=null | op=PUT_BLOCK {blockData=[blockId=conID: 1 locID: 102655681138065902 bcsId: 0,size=1048576]} | ret=SUCCESS |  
2019-08-21 15:29:44,575 [grpc-default-executor-4] INFO  client.GrpcClientProtocolClient (GrpcClientProtocolClient.java:onNext(255)) - client-029E50227556->355864cd-7ac5-4934-b366-9756b15dd90f: receive RaftClientReply:client-029E50227556->355864cd-7ac5-4934-b366-9756b15dd90f@group-785BCF25C267, cid=1506, SUCCESS, logIndex=2145, commits[355864cd-7ac5-4934-b366-9756b15dd90f:c2146, ce4aa411-63c8-4399-99eb-27ce352844f3:c2144, 3eeffb0a-787e-48ec-a2f5-d0c540a89489:c2144]
2019-08-21 15:29:44,576 | INFO  | DNAudit | user=null | ip=null | op=WRITE_CHUNK {blockData=conID: 1 locID: 102655681138065902 bcsId: 0} | ret=SUCCESS |  
2019-08-21 15:29:44,576 [grpc-default-executor-2] INFO  client.GrpcClientProtocolClient (GrpcClientProtocolClient.java:onNext(255)) - client-029E50227556->355864cd-7ac5-4934-b366-9756b15dd90f: receive RaftClientReply:client-029E50227556->355864cd-7ac5-4934-b366-9756b15dd90f@group-785BCF25C267, cid=1507, SUCCESS, logIndex=2146, commits[355864cd-7ac5-4934-b366-9756b15dd90f:c2146, ce4aa411-63c8-4399-99eb-27ce352844f3:c2144, 3eeffb0a-787e-48ec-a2f5-d0c540a89489:c2144]
2019-08-21 15:29:44,577 | INFO  | DNAudit | user=null | ip=null | op=PUT_BLOCK {blockData=[blockId=conID: 1 locID: 102655681138065902 bcsId: 0,size=2097152]} | ret=SUCCESS |  
2019-08-21 15:29:44,577 [grpc-default-executor-4] INFO  client.GrpcClientProtocolClient (GrpcClientProtocolClient.java:onNext(255)) - client-029E50227556->355864cd-7ac5-4934-b366-9756b15dd90f: receive RaftClientReply:client-029E50227556->355864cd-7ac5-4934-b366-9756b15dd90f@group-785BCF25C267, cid=1508, SUCCESS, logIndex=2147, commits[355864cd-7ac5-4934-b366-9756b15dd90f:c2147, ce4aa411-63c8-4399-99eb-27ce352844f3:c2144, 3eeffb0a-787e-48ec-a2f5-d0c540a89489:c2144]
2019-08-21 15:29:44,577 [grpc-default-executor-4] INFO  client.GrpcClientProtocolClient (GrpcClientProtocolClient.java:onNext(255)) - client-029E50227556->355864cd-7ac5-4934-b366-9756b15dd90f: receive RaftClientReply:client-029E50227556->355864cd-7ac5-4934-b366-9756b15dd90f@group-785BCF25C267, cid=1509, SUCCESS, logIndex=2148, commits[355864cd-7ac5-4934-b366-9756b15dd90f:c2148, ce4aa411-63c8-4399-99eb-27ce352844f3:c2144, 3eeffb0a-787e-48ec-a2f5-d0c540a89489:c2144]
2019-08-21 15:29:44,577 | INFO  | DNAudit | user=null | ip=null | op=WRITE_CHUNK {blockData=conID: 1 locID: 102655681138065902 bcsId: 0} | ret=SUCCESS |  
2019-08-21 15:29:44,578 | INFO  | DNAudit | user=null | ip=null | op=PUT_BLOCK {blockData=[blockId=conID: 1 locID: 102655681138065902 bcsId: 0,size=1048576]} | ret=SUCCESS |  
2019-08-21 15:29:44,578 | INFO  | DNAudit | user=null | ip=null | op=WRITE_CHUNK {blockData=conID: 1 locID: 102655681138065902 bcsId: 0} | ret=SUCCESS |  
2019-08-21 15:29:44,578 | INFO  | DNAudit | user=null | ip=null | op=PUT_BLOCK {blockData=[blockId=conID: 1 locID: 102655681138065902 bcsId: 0,size=1048576]} | ret=SUCCESS |  
2019-08-21 15:29:44,578 [grpc-default-executor-4] INFO  client.GrpcClientProtocolClient (GrpcClientProtocolClient.java:onNext(255)) - client-029E50227556->355864cd-7ac5-4934-b366-9756b15dd90f: receive RaftClientReply:client-029E50227556->355864cd-7ac5-4934-b366-9756b15dd90f@group-785BCF25C267, cid=1510, SUCCESS, logIndex=0, commits[355864cd-7ac5-4934-b366-9756b15dd90f:c2150, ce4aa411-63c8-4399-99eb-27ce352844f3:c2146, 3eeffb0a-787e-48ec-a2f5-d0c540a89489:c2146]
2019-08-21 15:29:44,579 | INFO  | DNAudit | user=null | ip=null | op=WRITE_CHUNK {blockData=conID: 1 locID: 102655681138065902 bcsId: 0} | ret=SUCCESS |  
2019-08-21 15:29:44,579 | INFO  | DNAudit | user=null | ip=null | op=WRITE_CHUNK {blockData=conID: 1 locID: 102655681138065902 bcsId: 0} | ret=SUCCESS |  
2019-08-21 15:29:44,579 | INFO  | DNAudit | user=null | ip=null | op=PUT_BLOCK {blockData=[blockId=conID: 1 locID: 102655681138065902 bcsId: 0,size=2097152]} | ret=SUCCESS |  
2019-08-21 15:29:44,579 | INFO  | DNAudit | user=null | ip=null | op=PUT_BLOCK {blockData=[blockId=conID: 1 locID: 102655681138065902 bcsId: 0,size=2097152]} | ret=SUCCESS |  
2019-08-21 15:29:44,585 | INFO  | DNAudit | user=null | ip=null | op=WRITE_CHUNK {blockData=conID: 1 locID: 102655681138065902 bcsId: 2148} | ret=SUCCESS |  
2019-08-21 15:29:44,587 | INFO  | DNAudit | user=null | ip=null | op=WRITE_CHUNK {blockData=conID: 1 locID: 102655681138065902 bcsId: 2148} | ret=SUCCESS |  
2019-08-21 15:29:44,587 | INFO  | DNAudit | user=null | ip=null | op=WRITE_CHUNK {blockData=conID: 1 locID: 102655681138065902 bcsId: 2148} | ret=SUCCESS |  
2019-08-21 15:29:44,596 | INFO  | DNAudit | user=null | ip=null | op=WRITE_CHUNK {blockData=conID: 1 locID: 102655681138065902 bcsId: 2148} | ret=SUCCESS |  
2019-08-21 15:29:44,596 | INFO  | DNAudit | user=null | ip=null | op=PUT_BLOCK {blockData=[blockId=conID: 1 locID: 102655681138065902 bcsId: 0,size=3145728]} | ret=SUCCESS |  
2019-08-21 15:29:44,596 [grpc-default-executor-4] INFO  client.GrpcClientProtocolClient (GrpcClientProtocolClient.java:onNext(255)) - client-029E50227556->355864cd-7ac5-4934-b366-9756b15dd90f: receive RaftClientReply:client-029E50227556->355864cd-7ac5-4934-b366-9756b15dd90f@group-785BCF25C267, cid=1511, SUCCESS, logIndex=2153, commits[355864cd-7ac5-4934-b366-9756b15dd90f:c2154, ce4aa411-63c8-4399-99eb-27ce352844f3:c2152, 3eeffb0a-787e-48ec-a2f5-d0c540a89489:c2152]
2019-08-21 15:29:44,597 [grpc-default-executor-4] INFO  client.GrpcClientProtocolClient (GrpcClientProtocolClient.java:onNext(255)) - client-029E50227556->355864cd-7ac5-4934-b366-9756b15dd90f: receive RaftClientReply:client-029E50227556->355864cd-7ac5-4934-b366-9756b15dd90f@group-785BCF25C267, cid=1512, SUCCESS, logIndex=2154, commits[355864cd-7ac5-4934-b366-9756b15dd90f:c2154, ce4aa411-63c8-4399-99eb-27ce352844f3:c2152, 3eeffb0a-787e-48ec-a2f5-d0c540a89489:c2152]
2019-08-21 15:29:44,603 | INFO  | DNAudit | user=null | ip=null | op=WRITE_CHUNK {blockData=conID: 1 locID: 102655681138065902 bcsId: 2154} | ret=SUCCESS |  
2019-08-21 15:29:44,605 | INFO  | DNAudit | user=null | ip=null | op=WRITE_CHUNK {blockData=conID: 1 locID: 102655681138065902 bcsId: 2154} | ret=SUCCESS |  
2019-08-21 15:29:44,605 | INFO  | DNAudit | user=null | ip=null | op=WRITE_CHUNK {blockData=conID: 1 locID: 102655681138065902 bcsId: 2154} | ret=SUCCESS |  
2019-08-21 15:29:44,606 | INFO  | DNAudit | user=null | ip=null | op=WRITE_CHUNK {blockData=conID: 1 locID: 102655681138065902 bcsId: 2148} | ret=SUCCESS |  
2019-08-21 15:29:44,606 | INFO  | DNAudit | user=null | ip=null | op=WRITE_CHUNK {blockData=conID: 1 locID: 102655681138065902 bcsId: 2148} | ret=SUCCESS |  
2019-08-21 15:29:44,606 | INFO  | DNAudit | user=null | ip=null | op=PUT_BLOCK {blockData=[blockId=conID: 1 locID: 102655681138065902 bcsId: 0,size=3145728]} | ret=SUCCESS |  
2019-08-21 15:29:44,606 | INFO  | DNAudit | user=null | ip=null | op=PUT_BLOCK {blockData=[blockId=conID: 1 locID: 102655681138065902 bcsId: 0,size=3145728]} | ret=SUCCESS |  
2019-08-21 15:29:44,608 | INFO  | DNAudit | user=null | ip=null | op=WRITE_CHUNK {blockData=conID: 1 locID: 102655681138065902 bcsId: 2154} | ret=SUCCESS |  
2019-08-21 15:29:44,609 | INFO  | DNAudit | user=null | ip=null | op=PUT_BLOCK {blockData=[blockId=conID: 1 locID: 102655681138065902 bcsId: 0,size=4194304]} | ret=SUCCESS |  
2019-08-21 15:29:44,609 [grpc-default-executor-2] INFO  client.GrpcClientProtocolClient (GrpcClientProtocolClient.java:onNext(255)) - client-029E50227556->355864cd-7ac5-4934-b366-9756b15dd90f: receive RaftClientReply:client-029E50227556->355864cd-7ac5-4934-b366-9756b15dd90f@group-785BCF25C267, cid=1513, SUCCESS, logIndex=2156, commits[355864cd-7ac5-4934-b366-9756b15dd90f:c2157, ce4aa411-63c8-4399-99eb-27ce352844f3:c2154, 3eeffb0a-787e-48ec-a2f5-d0c540a89489:c2154]
2019-08-21 15:29:44,609 [grpc-default-executor-2] INFO  client.GrpcClientProtocolClient (GrpcClientProtocolClient.java:onNext(255)) - client-029E50227556->355864cd-7ac5-4934-b366-9756b15dd90f: receive RaftClientReply:client-029E50227556->355864cd-7ac5-4934-b366-9756b15dd90f@group-785BCF25C267, cid=1514, SUCCESS, logIndex=2157, commits[355864cd-7ac5-4934-b366-9756b15dd90f:c2157, ce4aa411-63c8-4399-99eb-27ce352844f3:c2154, 3eeffb0a-787e-48ec-a2f5-d0c540a89489:c2154]
2019-08-21 15:29:44,610 | INFO  | DNAudit | user=null | ip=null | op=WRITE_CHUNK {blockData=conID: 1 locID: 102655681138065902 bcsId: 2154} | ret=SUCCESS |  
2019-08-21 15:29:44,610 | INFO  | DNAudit | user=null | ip=null | op=WRITE_CHUNK {blockData=conID: 1 locID: 102655681138065902 bcsId: 2154} | ret=SUCCESS |  
2019-08-21 15:29:44,612 | INFO  | DNAudit | user=null | ip=null | op=PUT_BLOCK {blockData=[blockId=conID: 1 locID: 102655681138065902 bcsId: 0,size=4194304]} | ret=SUCCESS |  
2019-08-21 15:29:44,612 | INFO  | DNAudit | user=null | ip=null | op=PUT_BLOCK {blockData=[blockId=conID: 1 locID: 102655681138065902 bcsId: 0,size=4194304]} | ret=SUCCESS |  
2019-08-21 15:29:44,612 [grpc-default-executor-4] INFO  client.GrpcClientProtocolClient (GrpcClientProtocolClient.java:onNext(255)) - client-029E50227556->355864cd-7ac5-4934-b366-9756b15dd90f: receive RaftClientReply:client-029E50227556->355864cd-7ac5-4934-b366-9756b15dd90f@group-785BCF25C267, cid=1515, SUCCESS, logIndex=0, commits[355864cd-7ac5-4934-b366-9756b15dd90f:c2159, ce4aa411-63c8-4399-99eb-27ce352844f3:c2157, 3eeffb0a-787e-48ec-a2f5-d0c540a89489:c2157]
2019-08-21 15:29:44,617 | INFO  | SCMAudit | user=jenkins1000 | ip=192.168.5.153 | op=ALLOCATE_BLOCK {owner=78849ec2-2b05-45d8-8cb5-e95e2230dbd1, size=4194304, type=RATIS, factor=THREE} | ret=SUCCESS |  
2019-08-21 15:29:44,620 | INFO  | OMAudit | user=jenkins1000 | ip=127.0.0.1 | op=ALLOCATE_BLOCK {volume=vol-0-32358, bucket=bucket-0-01949, key=key-0-56547, dataSize=0, replicationType=null, replicationFactor=null, keyLocationInfo=null, clientID=102655680532119954} | ret=SUCCESS |  
2019-08-21 15:29:44,627 | INFO  | DNAudit | user=null | ip=null | op=WRITE_CHUNK {blockData=conID: 2 locID: 102655681142260207 bcsId: 0} | ret=SUCCESS |  
2019-08-21 15:29:44,629 | INFO  | DNAudit | user=null | ip=null | op=WRITE_CHUNK {blockData=conID: 2 locID: 102655681142260207 bcsId: 0} | ret=SUCCESS |  
2019-08-21 15:29:44,631 | INFO  | DNAudit | user=null | ip=null | op=WRITE_CHUNK {blockData=conID: 2 locID: 102655681142260207 bcsId: 0} | ret=SUCCESS |  
2019-08-21 15:29:44,631 | INFO  | DNAudit | user=null | ip=null | op=WRITE_CHUNK {blockData=conID: 2 locID: 102655681142260207 bcsId: 0} | ret=SUCCESS |  
2019-08-21 15:29:44,633 | INFO  | DNAudit | user=null | ip=null | op=WRITE_CHUNK {blockData=conID: 2 locID: 102655681142260207 bcsId: 0} | ret=SUCCESS |  
2019-08-21 15:29:44,633 | INFO  | DNAudit | user=null | ip=null | op=WRITE_CHUNK {blockData=conID: 2 locID: 102655681142260207 bcsId: 0} | ret=SUCCESS |  
2019-08-21 15:29:44,633 | INFO  | DNAudit | user=null | ip=null | op=WRITE_CHUNK {blockData=conID: 2 locID: 102655681142260207 bcsId: 0} | ret=SUCCESS |  
2019-08-21 15:29:44,633 | INFO  | DNAudit | user=null | ip=null | op=PUT_BLOCK {blockData=[blockId=conID: 2 locID: 102655681142260207 bcsId: 0,size=1048576]} | ret=SUCCESS |  
2019-08-21 15:29:44,633 [grpc-default-executor-3] INFO  client.GrpcClientProtocolClient (GrpcClientProtocolClient.java:onNext(255)) - client-029E50227556->355864cd-7ac5-4934-b366-9756b15dd90f: receive RaftClientReply:client-029E50227556->355864cd-7ac5-4934-b366-9756b15dd90f@group-785BCF25C267, cid=1516, SUCCESS, logIndex=2160, commits[355864cd-7ac5-4934-b366-9756b15dd90f:c2161, ce4aa411-63c8-4399-99eb-27ce352844f3:c2157, 3eeffb0a-787e-48ec-a2f5-d0c540a89489:c2159]
2019-08-21 15:29:44,634 | INFO  | DNAudit | user=null | ip=null | op=WRITE_CHUNK {blockData=conID: 2 locID: 102655681142260207 bcsId: 0} | ret=SUCCESS |  
2019-08-21 15:29:44,634 | INFO  | DNAudit | user=null | ip=null | op=WRITE_CHUNK {blockData=conID: 2 locID: 102655681142260207 bcsId: 0} | ret=SUCCESS |  
2019-08-21 15:29:44,635 | INFO  | DNAudit | user=null | ip=null | op=PUT_BLOCK {blockData=[blockId=conID: 2 locID: 102655681142260207 bcsId: 0,size=1048576]} | ret=SUCCESS |  
2019-08-21 15:29:44,635 | INFO  | DNAudit | user=null | ip=null | op=PUT_BLOCK {blockData=[blockId=conID: 2 locID: 102655681142260207 bcsId: 0,size=2097152]} | ret=SUCCESS |  
2019-08-21 15:29:44,635 [grpc-default-executor-4] INFO  client.GrpcClientProtocolClient (GrpcClientProtocolClient.java:onNext(255)) - client-029E50227556->355864cd-7ac5-4934-b366-9756b15dd90f: receive RaftClientReply:client-029E50227556->355864cd-7ac5-4934-b366-9756b15dd90f@group-785BCF25C267, cid=1517, SUCCESS, logIndex=2161, commits[355864cd-7ac5-4934-b366-9756b15dd90f:c2161, ce4aa411-63c8-4399-99eb-27ce352844f3:c2157, 3eeffb0a-787e-48ec-a2f5-d0c540a89489:c2159]
2019-08-21 15:29:44,635 | INFO  | DNAudit | user=null | ip=null | op=WRITE_CHUNK {blockData=conID: 2 locID: 102655681142260207 bcsId: 0} | ret=SUCCESS |  
2019-08-21 15:29:44,635 [grpc-default-executor-4] INFO  client.GrpcClientProtocolClient (GrpcClientProtocolClient.java:onNext(255)) - client-029E50227556->355864cd-7ac5-4934-b366-9756b15dd90f: receive RaftClientReply:client-029E50227556->355864cd-7ac5-4934-b366-9756b15dd90f@group-785BCF25C267, cid=1518, SUCCESS, logIndex=2162, commits[355864cd-7ac5-4934-b366-9756b15dd90f:c2165, ce4aa411-63c8-4399-99eb-27ce352844f3:c2159, 3eeffb0a-787e-48ec-a2f5-d0c540a89489:c2161]
2019-08-21 15:29:44,636 | INFO  | DNAudit | user=null | ip=null | op=PUT_BLOCK {blockData=[blockId=conID: 2 locID: 102655681142260207 bcsId: 0,size=1048576]} | ret=SUCCESS |  
2019-08-21 15:29:44,636 [grpc-default-executor-3] INFO  client.GrpcClientProtocolClient (GrpcClientProtocolClient.java:onNext(255)) - client-029E50227556->355864cd-7ac5-4934-b366-9756b15dd90f: receive RaftClientReply:client-029E50227556->355864cd-7ac5-4934-b366-9756b15dd90f@group-785BCF25C267, cid=1519, SUCCESS, logIndex=2163, commits[355864cd-7ac5-4934-b366-9756b15dd90f:c2165, ce4aa411-63c8-4399-99eb-27ce352844f3:c2159, 3eeffb0a-787e-48ec-a2f5-d0c540a89489:c2161]
2019-08-21 15:29:44,636 | INFO  | DNAudit | user=null | ip=null | op=WRITE_CHUNK {blockData=conID: 2 locID: 102655681142260207 bcsId: 0} | ret=SUCCESS |  
2019-08-21 15:29:44,637 | INFO  | DNAudit | user=null | ip=null | op=WRITE_CHUNK {blockData=conID: 2 locID: 102655681142260207 bcsId: 0} | ret=SUCCESS |  
2019-08-21 15:29:44,637 [grpc-default-executor-3] INFO  client.GrpcClientProtocolClient (GrpcClientProtocolClient.java:onNext(255)) - client-029E50227556->355864cd-7ac5-4934-b366-9756b15dd90f: receive RaftClientReply:client-029E50227556->355864cd-7ac5-4934-b366-9756b15dd90f@group-785BCF25C267, cid=1520, SUCCESS, logIndex=0, commits[355864cd-7ac5-4934-b366-9756b15dd90f:c2166, ce4aa411-63c8-4399-99eb-27ce352844f3:c2161, 3eeffb0a-787e-48ec-a2f5-d0c540a89489:c2162]
2019-08-21 15:29:44,637 | INFO  | DNAudit | user=null | ip=null | op=PUT_BLOCK {blockData=[blockId=conID: 2 locID: 102655681142260207 bcsId: 0,size=2097152]} | ret=SUCCESS |  
2019-08-21 15:29:44,637 | INFO  | DNAudit | user=null | ip=null | op=PUT_BLOCK {blockData=[blockId=conID: 2 locID: 102655681142260207 bcsId: 0,size=2097152]} | ret=SUCCESS |  
2019-08-21 15:29:44,643 | INFO  | DNAudit | user=null | ip=null | op=WRITE_CHUNK {blockData=conID: 2 locID: 102655681142260207 bcsId: 2163} | ret=SUCCESS |  
2019-08-21 15:29:44,645 | INFO  | DNAudit | user=null | ip=null | op=WRITE_CHUNK {blockData=conID: 2 locID: 102655681142260207 bcsId: 2163} | ret=SUCCESS |  
2019-08-21 15:29:44,645 | INFO  | DNAudit | user=null | ip=null | op=WRITE_CHUNK {blockData=conID: 2 locID: 102655681142260207 bcsId: 2163} | ret=SUCCESS |  
2019-08-21 15:29:44,656 | INFO  | DNAudit | user=null | ip=null | op=WRITE_CHUNK {blockData=conID: 2 locID: 102655681142260207 bcsId: 2163} | ret=SUCCESS |  
2019-08-21 15:29:44,656 | INFO  | DNAudit | user=null | ip=null | op=PUT_BLOCK {blockData=[blockId=conID: 2 locID: 102655681142260207 bcsId: 0,size=3145728]} | ret=SUCCESS |  
2019-08-21 15:29:44,656 [grpc-default-executor-2] INFO  client.GrpcClientProtocolClient (GrpcClientProtocolClient.java:onNext(255)) - client-029E50227556->355864cd-7ac5-4934-b366-9756b15dd90f: receive RaftClientReply:client-029E50227556->355864cd-7ac5-4934-b366-9756b15dd90f@group-785BCF25C267, cid=1521, SUCCESS, logIndex=2168, commits[355864cd-7ac5-4934-b366-9756b15dd90f:c2169, ce4aa411-63c8-4399-99eb-27ce352844f3:c2167, 3eeffb0a-787e-48ec-a2f5-d0c540a89489:c2167]
2019-08-21 15:29:44,657 [grpc-default-executor-2] INFO  client.GrpcClientProtocolClient (GrpcClientProtocolClient.java:onNext(255)) - client-029E50227556->355864cd-7ac5-4934-b366-9756b15dd90f: receive RaftClientReply:client-029E50227556->355864cd-7ac5-4934-b366-9756b15dd90f@group-785BCF25C267, cid=1522, SUCCESS, logIndex=2169, commits[355864cd-7ac5-4934-b366-9756b15dd90f:c2169, ce4aa411-63c8-4399-99eb-27ce352844f3:c2167, 3eeffb0a-787e-48ec-a2f5-d0c540a89489:c2167]
2019-08-21 15:29:44,662 | INFO  | DNAudit | user=null | ip=null | op=WRITE_CHUNK {blockData=conID: 2 locID: 102655681142260207 bcsId: 2169} | ret=SUCCESS |  
2019-08-21 15:29:44,665 | INFO  | DNAudit | user=null | ip=null | op=WRITE_CHUNK {blockData=conID: 2 locID: 102655681142260207 bcsId: 2169} | ret=SUCCESS |  
2019-08-21 15:29:44,665 | INFO  | DNAudit | user=null | ip=null | op=WRITE_CHUNK {blockData=conID: 2 locID: 102655681142260207 bcsId: 2169} | ret=SUCCESS |  
2019-08-21 15:29:44,667 | INFO  | DNAudit | user=null | ip=null | op=WRITE_CHUNK {blockData=conID: 2 locID: 102655681142260207 bcsId: 2163} | ret=SUCCESS |  
2019-08-21 15:29:44,667 | INFO  | DNAudit | user=null | ip=null | op=WRITE_CHUNK {blockData=conID: 2 locID: 102655681142260207 bcsId: 2163} | ret=SUCCESS |  
2019-08-21 15:29:44,668 | INFO  | DNAudit | user=null | ip=null | op=PUT_BLOCK {blockData=[blockId=conID: 2 locID: 102655681142260207 bcsId: 0,size=3145728]} | ret=SUCCESS |  
2019-08-21 15:29:44,669 | INFO  | DNAudit | user=null | ip=null | op=WRITE_CHUNK {blockData=conID: 2 locID: 102655681142260207 bcsId: 2169} | ret=SUCCESS |  
2019-08-21 15:29:44,669 | INFO  | DNAudit | user=null | ip=null | op=PUT_BLOCK {blockData=[blockId=conID: 2 locID: 102655681142260207 bcsId: 0,size=3145728]} | ret=SUCCESS |  
2019-08-21 15:29:44,669 | INFO  | DNAudit | user=null | ip=null | op=PUT_BLOCK {blockData=[blockId=conID: 2 locID: 102655681142260207 bcsId: 0,size=4194304]} | ret=SUCCESS |  
2019-08-21 15:29:44,669 [grpc-default-executor-4] INFO  client.GrpcClientProtocolClient (GrpcClientProtocolClient.java:onNext(255)) - client-029E50227556->355864cd-7ac5-4934-b366-9756b15dd90f: receive RaftClientReply:client-029E50227556->355864cd-7ac5-4934-b366-9756b15dd90f@group-785BCF25C267, cid=1523, SUCCESS, logIndex=2172, commits[355864cd-7ac5-4934-b366-9756b15dd90f:c2173, ce4aa411-63c8-4399-99eb-27ce352844f3:c2169, 3eeffb0a-787e-48ec-a2f5-d0c540a89489:c2169]
2019-08-21 15:29:44,670 [grpc-default-executor-4] INFO  client.GrpcClientProtocolClient (GrpcClientProtocolClient.java:onNext(255)) - client-029E50227556->355864cd-7ac5-4934-b366-9756b15dd90f: receive RaftClientReply:client-029E50227556->355864cd-7ac5-4934-b366-9756b15dd90f@group-785BCF25C267, cid=1524, SUCCESS, logIndex=2173, commits[355864cd-7ac5-4934-b366-9756b15dd90f:c2173, ce4aa411-63c8-4399-99eb-27ce352844f3:c2169, 3eeffb0a-787e-48ec-a2f5-d0c540a89489:c2169]
2019-08-21 15:29:44,680 | INFO  | DNAudit | user=null | ip=null | op=WRITE_CHUNK {blockData=conID: 2 locID: 102655681142260207 bcsId: 2169} | ret=SUCCESS |  
2019-08-21 15:29:44,680 | INFO  | DNAudit | user=null | ip=null | op=PUT_BLOCK {blockData=[blockId=conID: 2 locID: 102655681142260207 bcsId: 0,size=4194304]} | ret=SUCCESS |  
2019-08-21 15:29:44,680 | INFO  | DNAudit | user=null | ip=null | op=WRITE_CHUNK {blockData=conID: 2 locID: 102655681142260207 bcsId: 2169} | ret=SUCCESS |  
2019-08-21 15:29:44,681 | INFO  | DNAudit | user=null | ip=null | op=PUT_BLOCK {blockData=[blockId=conID: 2 locID: 102655681142260207 bcsId: 0,size=4194304]} | ret=SUCCESS |  
2019-08-21 15:29:44,681 [grpc-default-executor-3] INFO  client.GrpcClientProtocolClient (GrpcClientProtocolClient.java:onNext(255)) - client-029E50227556->355864cd-7ac5-4934-b366-9756b15dd90f: receive RaftClientReply:client-029E50227556->355864cd-7ac5-4934-b366-9756b15dd90f@group-785BCF25C267, cid=1525, SUCCESS, logIndex=0, commits[355864cd-7ac5-4934-b366-9756b15dd90f:c2173, ce4aa411-63c8-4399-99eb-27ce352844f3:c2173, 3eeffb0a-787e-48ec-a2f5-d0c540a89489:c2173]
2019-08-21 15:29:44,684 | INFO  | SCMAudit | user=jenkins1000 | ip=192.168.5.153 | op=ALLOCATE_BLOCK {owner=78849ec2-2b05-45d8-8cb5-e95e2230dbd1, size=4194304, type=RATIS, factor=THREE} | ret=SUCCESS |  
2019-08-21 15:29:44,687 | INFO  | OMAudit | user=jenkins1000 | ip=127.0.0.1 | op=ALLOCATE_BLOCK {volume=vol-0-32358, bucket=bucket-0-01949, key=key-0-56547, dataSize=0, replicationType=null, replicationFactor=null, keyLocationInfo=null, clientID=102655680532119954} | ret=SUCCESS |  
2019-08-21 15:29:44,693 | INFO  | DNAudit | user=null | ip=null | op=WRITE_CHUNK {blockData=conID: 3 locID: 102655681146651120 bcsId: 0} | ret=SUCCESS |  
2019-08-21 15:29:44,694 | INFO  | DNAudit | user=null | ip=null | op=WRITE_CHUNK {blockData=conID: 3 locID: 102655681146651120 bcsId: 0} | ret=SUCCESS |  
2019-08-21 15:29:44,695 | INFO  | DNAudit | user=null | ip=null | op=WRITE_CHUNK {blockData=conID: 3 locID: 102655681146651120 bcsId: 0} | ret=SUCCESS |  
2019-08-21 15:29:44,695 | INFO  | DNAudit | user=null | ip=null | op=WRITE_CHUNK {blockData=conID: 3 locID: 102655681146651120 bcsId: 0} | ret=SUCCESS |  
2019-08-21 15:29:44,697 | INFO  | DNAudit | user=null | ip=null | op=WRITE_CHUNK {blockData=conID: 3 locID: 102655681146651120 bcsId: 0} | ret=SUCCESS |  
2019-08-21 15:29:44,697 | INFO  | DNAudit | user=null | ip=null | op=WRITE_CHUNK {blockData=conID: 3 locID: 102655681146651120 bcsId: 0} | ret=SUCCESS |  
2019-08-21 15:29:44,705 | INFO  | DNAudit | user=null | ip=null | op=WRITE_CHUNK {blockData=conID: 3 locID: 102655681146651120 bcsId: 0} | ret=SUCCESS |  
2019-08-21 15:29:44,705 | INFO  | DNAudit | user=null | ip=null | op=PUT_BLOCK {blockData=[blockId=conID: 3 locID: 102655681146651120 bcsId: 0,size=1048576]} | ret=SUCCESS |  
2019-08-21 15:29:44,706 [grpc-default-executor-4] INFO  client.GrpcClientProtocolClient (GrpcClientProtocolClient.java:onNext(255)) - client-029E50227556->355864cd-7ac5-4934-b366-9756b15dd90f: receive RaftClientReply:client-029E50227556->355864cd-7ac5-4934-b366-9756b15dd90f@group-785BCF25C267, cid=1526, SUCCESS, logIndex=2176, commits[355864cd-7ac5-4934-b366-9756b15dd90f:c2177, ce4aa411-63c8-4399-99eb-27ce352844f3:c2175, 3eeffb0a-787e-48ec-a2f5-d0c540a89489:c2175]
2019-08-21 15:29:44,706 | INFO  | DNAudit | user=null | ip=null | op=WRITE_CHUNK {blockData=conID: 3 locID: 102655681146651120 bcsId: 0} | ret=SUCCESS |  
2019-08-21 15:29:44,706 [grpc-default-executor-4] INFO  client.GrpcClientProtocolClient (GrpcClientProtocolClient.java:onNext(255)) - client-029E50227556->355864cd-7ac5-4934-b366-9756b15dd90f: receive RaftClientReply:client-029E50227556->355864cd-7ac5-4934-b366-9756b15dd90f@group-785BCF25C267, cid=1527, SUCCESS, logIndex=2177, commits[355864cd-7ac5-4934-b366-9756b15dd90f:c2177, ce4aa411-63c8-4399-99eb-27ce352844f3:c2175, 3eeffb0a-787e-48ec-a2f5-d0c540a89489:c2175]
2019-08-21 15:29:44,707 | INFO  | DNAudit | user=null | ip=null | op=PUT_BLOCK {blockData=[blockId=conID: 3 locID: 102655681146651120 bcsId: 0,size=2097152]} | ret=SUCCESS |  
2019-08-21 15:29:44,707 [grpc-default-executor-4] INFO  client.GrpcClientProtocolClient (GrpcClientProtocolClient.java:onNext(255)) - client-029E50227556->355864cd-7ac5-4934-b366-9756b15dd90f: receive RaftClientReply:client-029E50227556->355864cd-7ac5-4934-b366-9756b15dd90f@group-785BCF25C267, cid=1528, SUCCESS, logIndex=2178, commits[355864cd-7ac5-4934-b366-9756b15dd90f:c2179, ce4aa411-63c8-4399-99eb-27ce352844f3:c2175, 3eeffb0a-787e-48ec-a2f5-d0c540a89489:c2175]
2019-08-21 15:29:44,707 | INFO  | DNAudit | user=null | ip=null | op=WRITE_CHUNK {blockData=conID: 3 locID: 102655681146651120 bcsId: 0} | ret=SUCCESS |  
2019-08-21 15:29:44,707 | INFO  | DNAudit | user=null | ip=null | op=PUT_BLOCK {blockData=[blockId=conID: 3 locID: 102655681146651120 bcsId: 0,size=1048576]} | ret=SUCCESS |  
2019-08-21 15:29:44,707 [grpc-default-executor-4] INFO  client.GrpcClientProtocolClient (GrpcClientProtocolClient.java:onNext(255)) - client-029E50227556->355864cd-7ac5-4934-b366-9756b15dd90f: receive RaftClientReply:client-029E50227556->355864cd-7ac5-4934-b366-9756b15dd90f@group-785BCF25C267, cid=1529, SUCCESS, logIndex=2179, commits[355864cd-7ac5-4934-b366-9756b15dd90f:c2179, ce4aa411-63c8-4399-99eb-27ce352844f3:c2175, 3eeffb0a-787e-48ec-a2f5-d0c540a89489:c2175]
2019-08-21 15:29:44,708 | INFO  | DNAudit | user=null | ip=null | op=WRITE_CHUNK {blockData=conID: 3 locID: 102655681146651120 bcsId: 0} | ret=SUCCESS |  
2019-08-21 15:29:44,708 | INFO  | DNAudit | user=null | ip=null | op=WRITE_CHUNK {blockData=conID: 3 locID: 102655681146651120 bcsId: 0} | ret=SUCCESS |  
2019-08-21 15:29:44,709 | INFO  | DNAudit | user=null | ip=null | op=PUT_BLOCK {blockData=[blockId=conID: 3 locID: 102655681146651120 bcsId: 0,size=2097152]} | ret=SUCCESS |  
2019-08-21 15:29:44,709 | INFO  | DNAudit | user=null | ip=null | op=PUT_BLOCK {blockData=[blockId=conID: 3 locID: 102655681146651120 bcsId: 0,size=1048576]} | ret=SUCCESS |  
2019-08-21 15:29:44,709 | INFO  | DNAudit | user=null | ip=null | op=WRITE_CHUNK {blockData=conID: 3 locID: 102655681146651120 bcsId: 0} | ret=SUCCESS |  
2019-08-21 15:29:44,709 | INFO  | DNAudit | user=null | ip=null | op=PUT_BLOCK {blockData=[blockId=conID: 3 locID: 102655681146651120 bcsId: 0,size=2097152]} | ret=SUCCESS |  
2019-08-21 15:29:44,709 [grpc-default-executor-2] INFO  client.GrpcClientProtocolClient (GrpcClientProtocolClient.java:onNext(255)) - client-029E50227556->355864cd-7ac5-4934-b366-9756b15dd90f: receive RaftClientReply:client-029E50227556->355864cd-7ac5-4934-b366-9756b15dd90f@group-785BCF25C267, cid=1530, SUCCESS, logIndex=0, commits[355864cd-7ac5-4934-b366-9756b15dd90f:c2183, ce4aa411-63c8-4399-99eb-27ce352844f3:c2177, 3eeffb0a-787e-48ec-a2f5-d0c540a89489:c2179]
2019-08-21 15:29:44,714 | INFO  | DNAudit | user=null | ip=null | op=WRITE_CHUNK {blockData=conID: 3 locID: 102655681146651120 bcsId: 2179} | ret=SUCCESS |  
2019-08-21 15:29:44,807 | INFO  | DNAudit | user=null | ip=null | op=WRITE_CHUNK {blockData=conID: 3 locID: 102655681146651120 bcsId: 2179} | ret=SUCCESS |  
2019-08-21 15:29:44,807 | INFO  | DNAudit | user=null | ip=null | op=WRITE_CHUNK {blockData=conID: 3 locID: 102655681146651120 bcsId: 2179} | ret=SUCCESS |  
2019-08-21 15:29:44,817 | INFO  | DNAudit | user=null | ip=null | op=WRITE_CHUNK {blockData=conID: 3 locID: 102655681146651120 bcsId: 2179} | ret=SUCCESS |  
2019-08-21 15:29:44,818 | INFO  | DNAudit | user=null | ip=null | op=PUT_BLOCK {blockData=[blockId=conID: 3 locID: 102655681146651120 bcsId: 0,size=3145728]} | ret=SUCCESS |  
2019-08-21 15:29:44,818 [grpc-default-executor-2] INFO  client.GrpcClientProtocolClient (GrpcClientProtocolClient.java:onNext(255)) - client-029E50227556->355864cd-7ac5-4934-b366-9756b15dd90f: receive RaftClientReply:client-029E50227556->355864cd-7ac5-4934-b366-9756b15dd90f@group-785BCF25C267, cid=1531, SUCCESS, logIndex=2184, commits[355864cd-7ac5-4934-b366-9756b15dd90f:c2185, ce4aa411-63c8-4399-99eb-27ce352844f3:c2183, 3eeffb0a-787e-48ec-a2f5-d0c540a89489:c2183]
2019-08-21 15:29:44,818 [grpc-default-executor-2] INFO  client.GrpcClientProtocolClient (GrpcClientProtocolClient.java:onNext(255)) - client-029E50227556->355864cd-7ac5-4934-b366-9756b15dd90f: receive RaftClientReply:client-029E50227556->355864cd-7ac5-4934-b366-9756b15dd90f@group-785BCF25C267, cid=1532, SUCCESS, logIndex=2185, commits[355864cd-7ac5-4934-b366-9756b15dd90f:c2185, ce4aa411-63c8-4399-99eb-27ce352844f3:c2183, 3eeffb0a-787e-48ec-a2f5-d0c540a89489:c2183]
2019-08-21 15:29:44,825 | INFO  | DNAudit | user=null | ip=null | op=WRITE_CHUNK {blockData=conID: 3 locID: 102655681146651120 bcsId: 2185} | ret=SUCCESS |  
2019-08-21 15:29:44,827 | INFO  | DNAudit | user=null | ip=null | op=WRITE_CHUNK {blockData=conID: 3 locID: 102655681146651120 bcsId: 2185} | ret=SUCCESS |  
2019-08-21 15:29:44,827 | INFO  | DNAudit | user=null | ip=null | op=WRITE_CHUNK {blockData=conID: 3 locID: 102655681146651120 bcsId: 2185} | ret=SUCCESS |  
2019-08-21 15:29:44,829 | INFO  | DNAudit | user=null | ip=null | op=WRITE_CHUNK {blockData=conID: 3 locID: 102655681146651120 bcsId: 2179} | ret=SUCCESS |  
2019-08-21 15:29:44,829 | INFO  | DNAudit | user=null | ip=null | op=WRITE_CHUNK {blockData=conID: 3 locID: 102655681146651120 bcsId: 2179} | ret=SUCCESS |  
2019-08-21 15:29:44,829 | INFO  | DNAudit | user=null | ip=null | op=PUT_BLOCK {blockData=[blockId=conID: 3 locID: 102655681146651120 bcsId: 0,size=3145728]} | ret=SUCCESS |  
2019-08-21 15:29:44,829 | INFO  | DNAudit | user=null | ip=null | op=PUT_BLOCK {blockData=[blockId=conID: 3 locID: 102655681146651120 bcsId: 0,size=3145728]} | ret=SUCCESS |  
2019-08-21 15:29:44,830 | INFO  | DNAudit | user=null | ip=null | op=WRITE_CHUNK {blockData=conID: 3 locID: 102655681146651120 bcsId: 2185} | ret=SUCCESS |  
2019-08-21 15:29:44,831 | INFO  | DNAudit | user=null | ip=null | op=PUT_BLOCK {blockData=[blockId=conID: 3 locID: 102655681146651120 bcsId: 0,size=4194304]} | ret=SUCCESS |  
2019-08-21 15:29:44,831 [grpc-default-executor-2] INFO  client.GrpcClientProtocolClient (GrpcClientProtocolClient.java:onNext(255)) - client-029E50227556->355864cd-7ac5-4934-b366-9756b15dd90f: receive RaftClientReply:client-029E50227556->355864cd-7ac5-4934-b366-9756b15dd90f@group-785BCF25C267, cid=1533, SUCCESS, logIndex=2188, commits[355864cd-7ac5-4934-b366-9756b15dd90f:c2189, ce4aa411-63c8-4399-99eb-27ce352844f3:c2185, 3eeffb0a-787e-48ec-a2f5-d0c540a89489:c2185]
2019-08-21 15:29:44,831 [grpc-default-executor-2] INFO  client.GrpcClientProtocolClient (GrpcClientProtocolClient.java:onNext(255)) - client-029E50227556->355864cd-7ac5-4934-b366-9756b15dd90f: receive RaftClientReply:client-029E50227556->355864cd-7ac5-4934-b366-9756b15dd90f@group-785BCF25C267, cid=1534, SUCCESS, logIndex=2189, commits[355864cd-7ac5-4934-b366-9756b15dd90f:c2189, ce4aa411-63c8-4399-99eb-27ce352844f3:c2185, 3eeffb0a-787e-48ec-a2f5-d0c540a89489:c2185]
2019-08-21 15:29:44,842 | INFO  | DNAudit | user=null | ip=null | op=WRITE_CHUNK {blockData=conID: 3 locID: 102655681146651120 bcsId: 2185} | ret=SUCCESS |  
2019-08-21 15:29:44,842 | INFO  | DNAudit | user=null | ip=null | op=WRITE_CHUNK {blockData=conID: 3 locID: 102655681146651120 bcsId: 2185} | ret=SUCCESS |  
2019-08-21 15:29:44,843 | INFO  | DNAudit | user=null | ip=null | op=PUT_BLOCK {blockData=[blockId=conID: 3 locID: 102655681146651120 bcsId: 0,size=4194304]} | ret=SUCCESS |  
2019-08-21 15:29:44,843 | INFO  | DNAudit | user=null | ip=null | op=PUT_BLOCK {blockData=[blockId=conID: 3 locID: 102655681146651120 bcsId: 0,size=4194304]} | ret=SUCCESS |  
2019-08-21 15:29:44,844 [grpc-default-executor-2] INFO  client.GrpcClientProtocolClient (GrpcClientProtocolClient.java:onNext(255)) - client-029E50227556->355864cd-7ac5-4934-b366-9756b15dd90f: receive RaftClientReply:client-029E50227556->355864cd-7ac5-4934-b366-9756b15dd90f@group-785BCF25C267, cid=1535, SUCCESS, logIndex=0, commits[355864cd-7ac5-4934-b366-9756b15dd90f:c2191, ce4aa411-63c8-4399-99eb-27ce352844f3:c2189, 3eeffb0a-787e-48ec-a2f5-d0c540a89489:c2189]
2019-08-21 15:29:44,849 | INFO  | SCMAudit | user=jenkins1000 | ip=192.168.5.153 | op=ALLOCATE_BLOCK {owner=78849ec2-2b05-45d8-8cb5-e95e2230dbd1, size=4194304, type=RATIS, factor=THREE} | ret=SUCCESS |  
2019-08-21 15:29:44,852 | INFO  | OMAudit | user=jenkins1000 | ip=127.0.0.1 | op=ALLOCATE_BLOCK {volume=vol-0-32358, bucket=bucket-0-01949, key=key-0-56547, dataSize=0, replicationType=null, replicationFactor=null, keyLocationInfo=null, clientID=102655680532119954} | ret=SUCCESS |  
2019-08-21 15:29:44,858 | INFO  | DNAudit | user=null | ip=null | op=WRITE_CHUNK {blockData=conID: 1 locID: 102655681157464561 bcsId: 0} | ret=SUCCESS |  
2019-08-21 15:29:44,860 | INFO  | DNAudit | user=null | ip=null | op=WRITE_CHUNK {blockData=conID: 1 locID: 102655681157464561 bcsId: 0} | ret=SUCCESS |  
2019-08-21 15:29:44,863 | INFO  | DNAudit | user=null | ip=null | op=WRITE_CHUNK {blockData=conID: 1 locID: 102655681157464561 bcsId: 0} | ret=SUCCESS |  
2019-08-21 15:29:44,863 | INFO  | DNAudit | user=null | ip=null | op=WRITE_CHUNK {blockData=conID: 1 locID: 102655681157464561 bcsId: 0} | ret=SUCCESS |  
2019-08-21 15:29:44,863 | INFO  | DNAudit | user=null | ip=null | op=WRITE_CHUNK {blockData=conID: 1 locID: 102655681157464561 bcsId: 0} | ret=SUCCESS |  
2019-08-21 15:29:44,863 | INFO  | DNAudit | user=null | ip=null | op=WRITE_CHUNK {blockData=conID: 1 locID: 102655681157464561 bcsId: 0} | ret=SUCCESS |  
2019-08-21 15:29:44,870 | INFO  | DNAudit | user=null | ip=null | op=WRITE_CHUNK {blockData=conID: 1 locID: 102655681157464561 bcsId: 0} | ret=SUCCESS |  
2019-08-21 15:29:44,870 | INFO  | DNAudit | user=null | ip=null | op=PUT_BLOCK {blockData=[blockId=conID: 1 locID: 102655681157464561 bcsId: 0,size=1048576]} | ret=SUCCESS |  
2019-08-21 15:29:44,871 | INFO  | DNAudit | user=null | ip=null | op=WRITE_CHUNK {blockData=conID: 1 locID: 102655681157464561 bcsId: 0} | ret=SUCCESS |  
2019-08-21 15:29:44,870 [grpc-default-executor-5] INFO  client.GrpcClientProtocolClient (GrpcClientProtocolClient.java:onNext(255)) - client-029E50227556->355864cd-7ac5-4934-b366-9756b15dd90f: receive RaftClientReply:client-029E50227556->355864cd-7ac5-4934-b366-9756b15dd90f@group-785BCF25C267, cid=1536, SUCCESS, logIndex=2192, commits[355864cd-7ac5-4934-b366-9756b15dd90f:c2193, ce4aa411-63c8-4399-99eb-27ce352844f3:c2191, 3eeffb0a-787e-48ec-a2f5-d0c540a89489:c2191]
2019-08-21 15:29:44,871 | INFO  | DNAudit | user=null | ip=null | op=PUT_BLOCK {blockData=[blockId=conID: 1 locID: 102655681157464561 bcsId: 0,size=2097152]} | ret=SUCCESS |  
2019-08-21 15:29:44,871 [grpc-default-executor-5] INFO  client.GrpcClientProtocolClient (GrpcClientProtocolClient.java:onNext(255)) - client-029E50227556->355864cd-7ac5-4934-b366-9756b15dd90f: receive RaftClientReply:client-029E50227556->355864cd-7ac5-4934-b366-9756b15dd90f@group-785BCF25C267, cid=1537, SUCCESS, logIndex=2193, commits[355864cd-7ac5-4934-b366-9756b15dd90f:c2195, ce4aa411-63c8-4399-99eb-27ce352844f3:c2191, 3eeffb0a-787e-48ec-a2f5-d0c540a89489:c2191]
2019-08-21 15:29:44,871 [grpc-default-executor-5] INFO  client.GrpcClientProtocolClient (GrpcClientProtocolClient.java:onNext(255)) - client-029E50227556->355864cd-7ac5-4934-b366-9756b15dd90f: receive RaftClientReply:client-029E50227556->355864cd-7ac5-4934-b366-9756b15dd90f@group-785BCF25C267, cid=1538, SUCCESS, logIndex=2194, commits[355864cd-7ac5-4934-b366-9756b15dd90f:c2195, ce4aa411-63c8-4399-99eb-27ce352844f3:c2191, 3eeffb0a-787e-48ec-a2f5-d0c540a89489:c2191]
2019-08-21 15:29:44,871 [grpc-default-executor-5] INFO  client.GrpcClientProtocolClient (GrpcClientProtocolClient.java:onNext(255)) - client-029E50227556->355864cd-7ac5-4934-b366-9756b15dd90f: receive RaftClientReply:client-029E50227556->355864cd-7ac5-4934-b366-9756b15dd90f@group-785BCF25C267, cid=1539, SUCCESS, logIndex=2195, commits[355864cd-7ac5-4934-b366-9756b15dd90f:c2195, ce4aa411-63c8-4399-99eb-27ce352844f3:c2191, 3eeffb0a-787e-48ec-a2f5-d0c540a89489:c2191]
2019-08-21 15:29:44,881 | INFO  | DNAudit | user=null | ip=null | op=WRITE_CHUNK {blockData=conID: 1 locID: 102655681157464561 bcsId: 0} | ret=SUCCESS |  
2019-08-21 15:29:44,881 | INFO  | DNAudit | user=null | ip=null | op=WRITE_CHUNK {blockData=conID: 1 locID: 102655681157464561 bcsId: 0} | ret=SUCCESS |  
2019-08-21 15:29:44,882 | INFO  | DNAudit | user=null | ip=null | op=PUT_BLOCK {blockData=[blockId=conID: 1 locID: 102655681157464561 bcsId: 0,size=1048576]} | ret=SUCCESS |  
2019-08-21 15:29:44,882 | INFO  | DNAudit | user=null | ip=null | op=PUT_BLOCK {blockData=[blockId=conID: 1 locID: 102655681157464561 bcsId: 0,size=1048576]} | ret=SUCCESS |  
2019-08-21 15:29:44,883 | INFO  | DNAudit | user=null | ip=null | op=WRITE_CHUNK {blockData=conID: 1 locID: 102655681157464561 bcsId: 0} | ret=SUCCESS |  
2019-08-21 15:29:44,883 | INFO  | DNAudit | user=null | ip=null | op=PUT_BLOCK {blockData=[blockId=conID: 1 locID: 102655681157464561 bcsId: 0,size=2097152]} | ret=SUCCESS |  
2019-08-21 15:29:44,883 | INFO  | DNAudit | user=null | ip=null | op=WRITE_CHUNK {blockData=conID: 1 locID: 102655681157464561 bcsId: 0} | ret=SUCCESS |  
2019-08-21 15:29:44,883 [grpc-default-executor-5] INFO  client.GrpcClientProtocolClient (GrpcClientProtocolClient.java:onNext(255)) - client-029E50227556->355864cd-7ac5-4934-b366-9756b15dd90f: receive RaftClientReply:client-029E50227556->355864cd-7ac5-4934-b366-9756b15dd90f@group-785BCF25C267, cid=1540, SUCCESS, logIndex=0, commits[355864cd-7ac5-4934-b366-9756b15dd90f:c2197, ce4aa411-63c8-4399-99eb-27ce352844f3:c2193, 3eeffb0a-787e-48ec-a2f5-d0c540a89489:c2193]
2019-08-21 15:29:44,883 | INFO  | DNAudit | user=null | ip=null | op=PUT_BLOCK {blockData=[blockId=conID: 1 locID: 102655681157464561 bcsId: 0,size=2097152]} | ret=SUCCESS |  
2019-08-21 15:29:44,891 | INFO  | DNAudit | user=null | ip=null | op=WRITE_CHUNK {blockData=conID: 1 locID: 102655681157464561 bcsId: 2195} | ret=SUCCESS |  
2019-08-21 15:29:44,893 | INFO  | DNAudit | user=null | ip=null | op=WRITE_CHUNK {blockData=conID: 1 locID: 102655681157464561 bcsId: 2195} | ret=SUCCESS |  
2019-08-21 15:29:44,893 | INFO  | DNAudit | user=null | ip=null | op=WRITE_CHUNK {blockData=conID: 1 locID: 102655681157464561 bcsId: 2195} | ret=SUCCESS |  
2019-08-21 15:29:44,906 | INFO  | DNAudit | user=null | ip=null | op=WRITE_CHUNK {blockData=conID: 1 locID: 102655681157464561 bcsId: 2195} | ret=SUCCESS |  
2019-08-21 15:29:44,907 | INFO  | DNAudit | user=null | ip=null | op=PUT_BLOCK {blockData=[blockId=conID: 1 locID: 102655681157464561 bcsId: 0,size=3145728]} | ret=SUCCESS |  
2019-08-21 15:29:44,907 [grpc-default-executor-2] INFO  client.GrpcClientProtocolClient (GrpcClientProtocolClient.java:onNext(255)) - client-029E50227556->355864cd-7ac5-4934-b366-9756b15dd90f: receive RaftClientReply:client-029E50227556->355864cd-7ac5-4934-b366-9756b15dd90f@group-785BCF25C267, cid=1541, SUCCESS, logIndex=2199, commits[355864cd-7ac5-4934-b366-9756b15dd90f:c2200, ce4aa411-63c8-4399-99eb-27ce352844f3:c2198, 3eeffb0a-787e-48ec-a2f5-d0c540a89489:c2198]
2019-08-21 15:29:44,907 [grpc-default-executor-2] INFO  client.GrpcClientProtocolClient (GrpcClientProtocolClient.java:onNext(255)) - client-029E50227556->355864cd-7ac5-4934-b366-9756b15dd90f: receive RaftClientReply:client-029E50227556->355864cd-7ac5-4934-b366-9756b15dd90f@group-785BCF25C267, cid=1542, SUCCESS, logIndex=2200, commits[355864cd-7ac5-4934-b366-9756b15dd90f:c2200, ce4aa411-63c8-4399-99eb-27ce352844f3:c2198, 3eeffb0a-787e-48ec-a2f5-d0c540a89489:c2198]
2019-08-21 15:29:44,915 | INFO  | DNAudit | user=null | ip=null | op=WRITE_CHUNK {blockData=conID: 1 locID: 102655681157464561 bcsId: 2200} | ret=SUCCESS |  
2019-08-21 15:29:44,917 | INFO  | DNAudit | user=null | ip=null | op=WRITE_CHUNK {blockData=conID: 1 locID: 102655681157464561 bcsId: 2200} | ret=SUCCESS |  
2019-08-21 15:29:44,918 | INFO  | DNAudit | user=null | ip=null | op=WRITE_CHUNK {blockData=conID: 1 locID: 102655681157464561 bcsId: 2200} | ret=SUCCESS |  
2019-08-21 15:29:44,918 | INFO  | DNAudit | user=null | ip=null | op=WRITE_CHUNK {blockData=conID: 1 locID: 102655681157464561 bcsId: 2195} | ret=SUCCESS |  
2019-08-21 15:29:44,918 | INFO  | DNAudit | user=null | ip=null | op=WRITE_CHUNK {blockData=conID: 1 locID: 102655681157464561 bcsId: 2195} | ret=SUCCESS |  
2019-08-21 15:29:44,921 | INFO  | DNAudit | user=null | ip=null | op=PUT_BLOCK {blockData=[blockId=conID: 1 locID: 102655681157464561 bcsId: 0,size=3145728]} | ret=SUCCESS |  
2019-08-21 15:29:44,921 | INFO  | DNAudit | user=null | ip=null | op=PUT_BLOCK {blockData=[blockId=conID: 1 locID: 102655681157464561 bcsId: 0,size=3145728]} | ret=SUCCESS |  
2019-08-21 15:29:44,921 | INFO  | DNAudit | user=null | ip=null | op=WRITE_CHUNK {blockData=conID: 1 locID: 102655681157464561 bcsId: 2200} | ret=SUCCESS |  
2019-08-21 15:29:44,922 | INFO  | DNAudit | user=null | ip=null | op=PUT_BLOCK {blockData=[blockId=conID: 1 locID: 102655681157464561 bcsId: 0,size=4194304]} | ret=SUCCESS |  
2019-08-21 15:29:44,922 [grpc-default-executor-5] INFO  client.GrpcClientProtocolClient (GrpcClientProtocolClient.java:onNext(255)) - client-029E50227556->355864cd-7ac5-4934-b366-9756b15dd90f: receive RaftClientReply:client-029E50227556->355864cd-7ac5-4934-b366-9756b15dd90f@group-785BCF25C267, cid=1543, SUCCESS, logIndex=2203, commits[355864cd-7ac5-4934-b366-9756b15dd90f:c2204, ce4aa411-63c8-4399-99eb-27ce352844f3:c2200, 3eeffb0a-787e-48ec-a2f5-d0c540a89489:c2200]
2019-08-21 15:29:44,923 [grpc-default-executor-5] INFO  client.GrpcClientProtocolClient (GrpcClientProtocolClient.java:onNext(255)) - client-029E50227556->355864cd-7ac5-4934-b366-9756b15dd90f: receive RaftClientReply:client-029E50227556->355864cd-7ac5-4934-b366-9756b15dd90f@group-785BCF25C267, cid=1544, SUCCESS, logIndex=2204, commits[355864cd-7ac5-4934-b366-9756b15dd90f:c2204, ce4aa411-63c8-4399-99eb-27ce352844f3:c2200, 3eeffb0a-787e-48ec-a2f5-d0c540a89489:c2200]
2019-08-21 15:29:44,933 | INFO  | DNAudit | user=null | ip=null | op=WRITE_CHUNK {blockData=conID: 1 locID: 102655681157464561 bcsId: 2200} | ret=SUCCESS |  
2019-08-21 15:29:44,933 | INFO  | DNAudit | user=null | ip=null | op=WRITE_CHUNK {blockData=conID: 1 locID: 102655681157464561 bcsId: 2200} | ret=SUCCESS |  
2019-08-21 15:29:44,933 | INFO  | DNAudit | user=null | ip=null | op=PUT_BLOCK {blockData=[blockId=conID: 1 locID: 102655681157464561 bcsId: 0,size=4194304]} | ret=SUCCESS |  
2019-08-21 15:29:44,933 | INFO  | DNAudit | user=null | ip=null | op=PUT_BLOCK {blockData=[blockId=conID: 1 locID: 102655681157464561 bcsId: 0,size=4194304]} | ret=SUCCESS |  
2019-08-21 15:29:44,933 [grpc-default-executor-5] INFO  client.GrpcClientProtocolClient (GrpcClientProtocolClient.java:onNext(255)) - client-029E50227556->355864cd-7ac5-4934-b366-9756b15dd90f: receive RaftClientReply:client-029E50227556->355864cd-7ac5-4934-b366-9756b15dd90f@group-785BCF25C267, cid=1545, SUCCESS, logIndex=0, commits[355864cd-7ac5-4934-b366-9756b15dd90f:c2204, ce4aa411-63c8-4399-99eb-27ce352844f3:c2204, 3eeffb0a-787e-48ec-a2f5-d0c540a89489:c2204]
2019-08-21 15:29:44,939 | INFO  | SCMAudit | user=jenkins1000 | ip=192.168.5.153 | op=ALLOCATE_BLOCK {owner=78849ec2-2b05-45d8-8cb5-e95e2230dbd1, size=4194304, type=RATIS, factor=THREE} | ret=SUCCESS |  
2019-08-21 15:29:44,942 | INFO  | OMAudit | user=jenkins1000 | ip=127.0.0.1 | op=ALLOCATE_BLOCK {volume=vol-0-32358, bucket=bucket-0-01949, key=key-0-56547, dataSize=0, replicationType=null, replicationFactor=null, keyLocationInfo=null, clientID=102655680532119954} | ret=SUCCESS |  
2019-08-21 15:29:44,949 | INFO  | DNAudit | user=null | ip=null | op=WRITE_CHUNK {blockData=conID: 2 locID: 102655681163297266 bcsId: 0} | ret=SUCCESS |  
2019-08-21 15:29:44,951 | INFO  | DNAudit | user=null | ip=null | op=WRITE_CHUNK {blockData=conID: 2 locID: 102655681163297266 bcsId: 0} | ret=SUCCESS |  
2019-08-21 15:29:44,952 | INFO  | DNAudit | user=null | ip=null | op=WRITE_CHUNK {blockData=conID: 2 locID: 102655681163297266 bcsId: 0} | ret=SUCCESS |  
2019-08-21 15:29:44,952 | INFO  | DNAudit | user=null | ip=null | op=WRITE_CHUNK {blockData=conID: 2 locID: 102655681163297266 bcsId: 0} | ret=SUCCESS |  
2019-08-21 15:29:44,954 | INFO  | DNAudit | user=null | ip=null | op=WRITE_CHUNK {blockData=conID: 2 locID: 102655681163297266 bcsId: 0} | ret=SUCCESS |  
2019-08-21 15:29:44,954 | INFO  | DNAudit | user=null | ip=null | op=WRITE_CHUNK {blockData=conID: 2 locID: 102655681163297266 bcsId: 0} | ret=SUCCESS |  
2019-08-21 15:29:44,961 | INFO  | DNAudit | user=null | ip=null | op=WRITE_CHUNK {blockData=conID: 2 locID: 102655681163297266 bcsId: 0} | ret=SUCCESS |  
2019-08-21 15:29:44,961 | INFO  | DNAudit | user=null | ip=null | op=PUT_BLOCK {blockData=[blockId=conID: 2 locID: 102655681163297266 bcsId: 0,size=1048576]} | ret=SUCCESS |  
2019-08-21 15:29:44,962 [grpc-default-executor-5] INFO  client.GrpcClientProtocolClient (GrpcClientProtocolClient.java:onNext(255)) - client-029E50227556->355864cd-7ac5-4934-b366-9756b15dd90f: receive RaftClientReply:client-029E50227556->355864cd-7ac5-4934-b366-9756b15dd90f@group-785BCF25C267, cid=1546, SUCCESS, logIndex=2207, commits[355864cd-7ac5-4934-b366-9756b15dd90f:c2208, ce4aa411-63c8-4399-99eb-27ce352844f3:c2206, 3eeffb0a-787e-48ec-a2f5-d0c540a89489:c2206]
2019-08-21 15:29:44,962 | INFO  | DNAudit | user=null | ip=null | op=WRITE_CHUNK {blockData=conID: 2 locID: 102655681163297266 bcsId: 0} | ret=SUCCESS |  
2019-08-21 15:29:44,962 [grpc-default-executor-4] INFO  client.GrpcClientProtocolClient (GrpcClientProtocolClient.java:onNext(255)) - client-029E50227556->355864cd-7ac5-4934-b366-9756b15dd90f: receive RaftClientReply:client-029E50227556->355864cd-7ac5-4934-b366-9756b15dd90f@group-785BCF25C267, cid=1547, SUCCESS, logIndex=2208, commits[355864cd-7ac5-4934-b366-9756b15dd90f:c2208, ce4aa411-63c8-4399-99eb-27ce352844f3:c2206, 3eeffb0a-787e-48ec-a2f5-d0c540a89489:c2206]
2019-08-21 15:29:44,962 | INFO  | DNAudit | user=null | ip=null | op=PUT_BLOCK {blockData=[blockId=conID: 2 locID: 102655681163297266 bcsId: 0,size=2097152]} | ret=SUCCESS |  
2019-08-21 15:29:44,963 [grpc-default-executor-4] INFO  client.GrpcClientProtocolClient (GrpcClientProtocolClient.java:onNext(255)) - client-029E50227556->355864cd-7ac5-4934-b366-9756b15dd90f: receive RaftClientReply:client-029E50227556->355864cd-7ac5-4934-b366-9756b15dd90f@group-785BCF25C267, cid=1548, SUCCESS, logIndex=2209, commits[355864cd-7ac5-4934-b366-9756b15dd90f:c2210, ce4aa411-63c8-4399-99eb-27ce352844f3:c2206, 3eeffb0a-787e-48ec-a2f5-d0c540a89489:c2206]
2019-08-21 15:29:44,963 [grpc-default-executor-4] INFO  client.GrpcClientProtocolClient (GrpcClientProtocolClient.java:onNext(255)) - client-029E50227556->355864cd-7ac5-4934-b366-9756b15dd90f: receive RaftClientReply:client-029E50227556->355864cd-7ac5-4934-b366-9756b15dd90f@group-785BCF25C267, cid=1549, SUCCESS, logIndex=2210, commits[355864cd-7ac5-4934-b366-9756b15dd90f:c2210, ce4aa411-63c8-4399-99eb-27ce352844f3:c2206, 3eeffb0a-787e-48ec-a2f5-d0c540a89489:c2206]
2019-08-21 15:29:44,975 | INFO  | DNAudit | user=null | ip=null | op=WRITE_CHUNK {blockData=conID: 2 locID: 102655681163297266 bcsId: 0} | ret=SUCCESS |  
2019-08-21 15:29:44,975 | INFO  | DNAudit | user=null | ip=null | op=PUT_BLOCK {blockData=[blockId=conID: 2 locID: 102655681163297266 bcsId: 0,size=1048576]} | ret=SUCCESS |  
2019-08-21 15:29:44,975 | INFO  | DNAudit | user=null | ip=null | op=WRITE_CHUNK {blockData=conID: 2 locID: 102655681163297266 bcsId: 0} | ret=SUCCESS |  
2019-08-21 15:29:44,976 | INFO  | DNAudit | user=null | ip=null | op=PUT_BLOCK {blockData=[blockId=conID: 2 locID: 102655681163297266 bcsId: 0,size=1048576]} | ret=SUCCESS |  
2019-08-21 15:29:44,976 | INFO  | DNAudit | user=null | ip=null | op=WRITE_CHUNK {blockData=conID: 2 locID: 102655681163297266 bcsId: 0} | ret=SUCCESS |  
2019-08-21 15:29:44,976 [grpc-default-executor-4] INFO  client.GrpcClientProtocolClient (GrpcClientProtocolClient.java:onNext(255)) - client-029E50227556->355864cd-7ac5-4934-b366-9756b15dd90f: receive RaftClientReply:client-029E50227556->355864cd-7ac5-4934-b366-9756b15dd90f@group-785BCF25C267, cid=1550, SUCCESS, logIndex=0, commits[355864cd-7ac5-4934-b366-9756b15dd90f:c2212, ce4aa411-63c8-4399-99eb-27ce352844f3:c2208, 3eeffb0a-787e-48ec-a2f5-d0c540a89489:c2208]
2019-08-21 15:29:44,976 | INFO  | DNAudit | user=null | ip=null | op=WRITE_CHUNK {blockData=conID: 2 locID: 102655681163297266 bcsId: 0} | ret=SUCCESS |  
2019-08-21 15:29:44,976 | INFO  | DNAudit | user=null | ip=null | op=PUT_BLOCK {blockData=[blockId=conID: 2 locID: 102655681163297266 bcsId: 0,size=2097152]} | ret=SUCCESS |  
2019-08-21 15:29:44,976 | INFO  | DNAudit | user=null | ip=null | op=PUT_BLOCK {blockData=[blockId=conID: 2 locID: 102655681163297266 bcsId: 0,size=2097152]} | ret=SUCCESS |  
2019-08-21 15:29:44,985 | INFO  | DNAudit | user=null | ip=null | op=WRITE_CHUNK {blockData=conID: 2 locID: 102655681163297266 bcsId: 2210} | ret=SUCCESS |  
2019-08-21 15:29:44,986 | INFO  | DNAudit | user=null | ip=null | op=WRITE_CHUNK {blockData=conID: 2 locID: 102655681163297266 bcsId: 2210} | ret=SUCCESS |  
2019-08-21 15:29:44,988 | INFO  | DNAudit | user=null | ip=null | op=WRITE_CHUNK {blockData=conID: 2 locID: 102655681163297266 bcsId: 2210} | ret=SUCCESS |  
2019-08-21 15:29:44,997 | INFO  | DNAudit | user=null | ip=null | op=WRITE_CHUNK {blockData=conID: 2 locID: 102655681163297266 bcsId: 2210} | ret=SUCCESS |  
2019-08-21 15:29:44,997 | INFO  | DNAudit | user=null | ip=null | op=PUT_BLOCK {blockData=[blockId=conID: 2 locID: 102655681163297266 bcsId: 0,size=3145728]} | ret=SUCCESS |  
2019-08-21 15:29:44,998 [grpc-default-executor-5] INFO  client.GrpcClientProtocolClient (GrpcClientProtocolClient.java:onNext(255)) - client-029E50227556->355864cd-7ac5-4934-b366-9756b15dd90f: receive RaftClientReply:client-029E50227556->355864cd-7ac5-4934-b366-9756b15dd90f@group-785BCF25C267, cid=1551, SUCCESS, logIndex=2215, commits[355864cd-7ac5-4934-b366-9756b15dd90f:c2216, ce4aa411-63c8-4399-99eb-27ce352844f3:c2214, 3eeffb0a-787e-48ec-a2f5-d0c540a89489:c2214]
2019-08-21 15:29:44,998 [grpc-default-executor-5] INFO  client.GrpcClientProtocolClient (GrpcClientProtocolClient.java:onNext(255)) - client-029E50227556->355864cd-7ac5-4934-b366-9756b15dd90f: receive RaftClientReply:client-029E50227556->355864cd-7ac5-4934-b366-9756b15dd90f@group-785BCF25C267, cid=1552, SUCCESS, logIndex=2216, commits[355864cd-7ac5-4934-b366-9756b15dd90f:c2216, ce4aa411-63c8-4399-99eb-27ce352844f3:c2214, 3eeffb0a-787e-48ec-a2f5-d0c540a89489:c2214]
2019-08-21 15:29:45,006 | INFO  | DNAudit | user=null | ip=null | op=WRITE_CHUNK {blockData=conID: 2 locID: 102655681163297266 bcsId: 2216} | ret=SUCCESS |  
2019-08-21 15:29:45,009 | INFO  | DNAudit | user=null | ip=null | op=WRITE_CHUNK {blockData=conID: 2 locID: 102655681163297266 bcsId: 2210} | ret=SUCCESS |  
2019-08-21 15:29:45,009 | INFO  | DNAudit | user=null | ip=null | op=WRITE_CHUNK {blockData=conID: 2 locID: 102655681163297266 bcsId: 2210} | ret=SUCCESS |  
2019-08-21 15:29:45,010 | INFO  | DNAudit | user=null | ip=null | op=WRITE_CHUNK {blockData=conID: 2 locID: 102655681163297266 bcsId: 2216} | ret=SUCCESS |  
2019-08-21 15:29:45,010 | INFO  | DNAudit | user=null | ip=null | op=WRITE_CHUNK {blockData=conID: 2 locID: 102655681163297266 bcsId: 2216} | ret=SUCCESS |  
2019-08-21 15:29:45,021 | INFO  | DNAudit | user=null | ip=null | op=PUT_BLOCK {blockData=[blockId=conID: 2 locID: 102655681163297266 bcsId: 0,size=3145728]} | ret=SUCCESS |  
2019-08-21 15:29:45,021 | INFO  | DNAudit | user=null | ip=null | op=WRITE_CHUNK {blockData=conID: 2 locID: 102655681163297266 bcsId: 2216} | ret=SUCCESS |  
2019-08-21 15:29:45,022 | INFO  | DNAudit | user=null | ip=null | op=PUT_BLOCK {blockData=[blockId=conID: 2 locID: 102655681163297266 bcsId: 0,size=3145728]} | ret=SUCCESS |  
2019-08-21 15:29:45,022 | INFO  | DNAudit | user=null | ip=null | op=PUT_BLOCK {blockData=[blockId=conID: 2 locID: 102655681163297266 bcsId: 0,size=4194304]} | ret=SUCCESS |  
2019-08-21 15:29:45,022 [grpc-default-executor-4] INFO  client.GrpcClientProtocolClient (GrpcClientProtocolClient.java:onNext(255)) - client-029E50227556->355864cd-7ac5-4934-b366-9756b15dd90f: receive RaftClientReply:client-029E50227556->355864cd-7ac5-4934-b366-9756b15dd90f@group-785BCF25C267, cid=1553, SUCCESS, logIndex=2219, commits[355864cd-7ac5-4934-b366-9756b15dd90f:c2220, ce4aa411-63c8-4399-99eb-27ce352844f3:c2216, 3eeffb0a-787e-48ec-a2f5-d0c540a89489:c2216]
2019-08-21 15:29:45,023 [grpc-default-executor-4] INFO  client.GrpcClientProtocolClient (GrpcClientProtocolClient.java:onNext(255)) - client-029E50227556->355864cd-7ac5-4934-b366-9756b15dd90f: receive RaftClientReply:client-029E50227556->355864cd-7ac5-4934-b366-9756b15dd90f@group-785BCF25C267, cid=1554, SUCCESS, logIndex=2220, commits[355864cd-7ac5-4934-b366-9756b15dd90f:c2220, ce4aa411-63c8-4399-99eb-27ce352844f3:c2216, 3eeffb0a-787e-48ec-a2f5-d0c540a89489:c2216]
2019-08-21 15:29:45,023 | INFO  | DNAudit | user=null | ip=null | op=WRITE_CHUNK {blockData=conID: 2 locID: 102655681163297266 bcsId: 2216} | ret=SUCCESS |  
2019-08-21 15:29:45,023 | INFO  | DNAudit | user=null | ip=null | op=PUT_BLOCK {blockData=[blockId=conID: 2 locID: 102655681163297266 bcsId: 0,size=4194304]} | ret=SUCCESS |  
2019-08-21 15:29:45,025 | INFO  | DNAudit | user=null | ip=null | op=WRITE_CHUNK {blockData=conID: 2 locID: 102655681163297266 bcsId: 2216} | ret=SUCCESS |  
2019-08-21 15:29:45,025 | INFO  | DNAudit | user=null | ip=null | op=PUT_BLOCK {blockData=[blockId=conID: 2 locID: 102655681163297266 bcsId: 0,size=4194304]} | ret=SUCCESS |  
2019-08-21 15:29:45,026 [grpc-default-executor-4] INFO  client.GrpcClientProtocolClient (GrpcClientProtocolClient.java:onNext(255)) - client-029E50227556->355864cd-7ac5-4934-b366-9756b15dd90f: receive RaftClientReply:client-029E50227556->355864cd-7ac5-4934-b366-9756b15dd90f@group-785BCF25C267, cid=1555, SUCCESS, logIndex=0, commits[355864cd-7ac5-4934-b366-9756b15dd90f:c2221, ce4aa411-63c8-4399-99eb-27ce352844f3:c2220, 3eeffb0a-787e-48ec-a2f5-d0c540a89489:c2220]
2019-08-21 15:29:45,032 | INFO  | SCMAudit | user=jenkins1000 | ip=192.168.5.153 | op=ALLOCATE_BLOCK {owner=78849ec2-2b05-45d8-8cb5-e95e2230dbd1, size=4194304, type=RATIS, factor=THREE} | ret=SUCCESS |  
2019-08-21 15:29:45,035 | INFO  | OMAudit | user=jenkins1000 | ip=127.0.0.1 | op=ALLOCATE_BLOCK {volume=vol-0-32358, bucket=bucket-0-01949, key=key-0-56547, dataSize=0, replicationType=null, replicationFactor=null, keyLocationInfo=null, clientID=102655680532119954} | ret=SUCCESS |  
2019-08-21 15:29:45,043 | INFO  | DNAudit | user=null | ip=null | op=WRITE_CHUNK {blockData=conID: 3 locID: 102655681169457651 bcsId: 0} | ret=SUCCESS |  
2019-08-21 15:29:45,046 | INFO  | DNAudit | user=null | ip=null | op=WRITE_CHUNK {blockData=conID: 3 locID: 102655681169457651 bcsId: 0} | ret=SUCCESS |  
2019-08-21 15:29:45,046 | INFO  | DNAudit | user=null | ip=null | op=WRITE_CHUNK {blockData=conID: 3 locID: 102655681169457651 bcsId: 0} | ret=SUCCESS |  
2019-08-21 15:29:45,046 | INFO  | SCMAudit | user=jenkins1000 | ip=192.168.5.153 | op=SEND_HEARTBEAT {datanodeUUID=a0074e04-2715-4b16-a2b0-10b5043d27ae, command=[]} | ret=SUCCESS |  
2019-08-21 15:29:45,046 | INFO  | SCMAudit | user=jenkins1000 | ip=192.168.5.153 | op=SEND_HEARTBEAT {datanodeUUID=a38cd7e0-d792-481c-a4c0-f4feaa89ec8f, command=[]} | ret=SUCCESS |  
2019-08-21 15:29:45,047 | INFO  | DNAudit | user=null | ip=null | op=WRITE_CHUNK {blockData=conID: 3 locID: 102655681169457651 bcsId: 0} | ret=SUCCESS |  
2019-08-21 15:29:45,047 | INFO  | DNAudit | user=null | ip=null | op=WRITE_CHUNK {blockData=conID: 3 locID: 102655681169457651 bcsId: 0} | ret=SUCCESS |  
2019-08-21 15:29:45,048 | INFO  | DNAudit | user=null | ip=null | op=WRITE_CHUNK {blockData=conID: 3 locID: 102655681169457651 bcsId: 0} | ret=SUCCESS |  
2019-08-21 15:29:45,055 | INFO  | DNAudit | user=null | ip=null | op=WRITE_CHUNK {blockData=conID: 3 locID: 102655681169457651 bcsId: 0} | ret=SUCCESS |  
2019-08-21 15:29:45,056 | INFO  | DNAudit | user=null | ip=null | op=PUT_BLOCK {blockData=[blockId=conID: 3 locID: 102655681169457651 bcsId: 0,size=1048576]} | ret=SUCCESS |  
2019-08-21 15:29:45,056 [grpc-default-executor-4] INFO  client.GrpcClientProtocolClient (GrpcClientProtocolClient.java:onNext(255)) - client-029E50227556->355864cd-7ac5-4934-b366-9756b15dd90f: receive RaftClientReply:client-029E50227556->355864cd-7ac5-4934-b366-9756b15dd90f@group-785BCF25C267, cid=1556, SUCCESS, logIndex=2223, commits[355864cd-7ac5-4934-b366-9756b15dd90f:c2225, ce4aa411-63c8-4399-99eb-27ce352844f3:c2222, 3eeffb0a-787e-48ec-a2f5-d0c540a89489:c2222]
2019-08-21 15:29:45,056 | INFO  | DNAudit | user=null | ip=null | op=WRITE_CHUNK {blockData=conID: 3 locID: 102655681169457651 bcsId: 0} | ret=SUCCESS |  
2019-08-21 15:29:45,057 | INFO  | DNAudit | user=null | ip=null | op=WRITE_CHUNK {blockData=conID: 3 locID: 102655681169457651 bcsId: 0} | ret=SUCCESS |  
2019-08-21 15:29:45,057 | INFO  | DNAudit | user=null | ip=null | op=WRITE_CHUNK {blockData=conID: 3 locID: 102655681169457651 bcsId: 0} | ret=SUCCESS |  
2019-08-21 15:29:45,057 | INFO  | DNAudit | user=null | ip=null | op=PUT_BLOCK {blockData=[blockId=conID: 3 locID: 102655681169457651 bcsId: 0,size=1048576]} | ret=SUCCESS |  
2019-08-21 15:29:45,057 | INFO  | DNAudit | user=null | ip=null | op=PUT_BLOCK {blockData=[blockId=conID: 3 locID: 102655681169457651 bcsId: 0,size=1048576]} | ret=SUCCESS |  
2019-08-21 15:29:45,057 | INFO  | DNAudit | user=null | ip=null | op=WRITE_CHUNK {blockData=conID: 3 locID: 102655681169457651 bcsId: 0} | ret=SUCCESS |  
2019-08-21 15:29:45,057 [grpc-default-executor-5] INFO  client.GrpcClientProtocolClient (GrpcClientProtocolClient.java:onNext(255)) - client-029E50227556->355864cd-7ac5-4934-b366-9756b15dd90f: receive RaftClientReply:client-029E50227556->355864cd-7ac5-4934-b366-9756b15dd90f@group-785BCF25C267, cid=1557, SUCCESS, logIndex=2224, commits[355864cd-7ac5-4934-b366-9756b15dd90f:c2226, ce4aa411-63c8-4399-99eb-27ce352844f3:c2222, 3eeffb0a-787e-48ec-a2f5-d0c540a89489:c2222]
2019-08-21 15:29:45,057 | INFO  | DNAudit | user=null | ip=null | op=PUT_BLOCK {blockData=[blockId=conID: 3 locID: 102655681169457651 bcsId: 0,size=2097152]} | ret=SUCCESS |  
2019-08-21 15:29:45,057 | INFO  | DNAudit | user=null | ip=null | op=PUT_BLOCK {blockData=[blockId=conID: 3 locID: 102655681169457651 bcsId: 0,size=2097152]} | ret=SUCCESS |  
2019-08-21 15:29:45,057 [grpc-default-executor-5] INFO  client.GrpcClientProtocolClient (GrpcClientProtocolClient.java:onNext(255)) - client-029E50227556->355864cd-7ac5-4934-b366-9756b15dd90f: receive RaftClientReply:client-029E50227556->355864cd-7ac5-4934-b366-9756b15dd90f@group-785BCF25C267, cid=1558, SUCCESS, logIndex=2225, commits[355864cd-7ac5-4934-b366-9756b15dd90f:c2227, ce4aa411-63c8-4399-99eb-27ce352844f3:c2224, 3eeffb0a-787e-48ec-a2f5-d0c540a89489:c2224]
2019-08-21 15:29:45,058 | INFO  | DNAudit | user=null | ip=null | op=WRITE_CHUNK {blockData=conID: 3 locID: 102655681169457651 bcsId: 0} | ret=SUCCESS |  
2019-08-21 15:29:45,058 [grpc-default-executor-5] INFO  client.GrpcClientProtocolClient (GrpcClientProtocolClient.java:onNext(255)) - client-029E50227556->355864cd-7ac5-4934-b366-9756b15dd90f: receive RaftClientReply:client-029E50227556->355864cd-7ac5-4934-b366-9756b15dd90f@group-785BCF25C267, cid=1559, SUCCESS, logIndex=2226, commits[355864cd-7ac5-4934-b366-9756b15dd90f:c2230, ce4aa411-63c8-4399-99eb-27ce352844f3:c2224, 3eeffb0a-787e-48ec-a2f5-d0c540a89489:c2226]
2019-08-21 15:29:45,058 | INFO  | DNAudit | user=null | ip=null | op=PUT_BLOCK {blockData=[blockId=conID: 3 locID: 102655681169457651 bcsId: 0,size=2097152]} | ret=SUCCESS |  
2019-08-21 15:29:45,064 | INFO  | DNAudit | user=null | ip=null | op=WRITE_CHUNK {blockData=conID: 3 locID: 102655681169457651 bcsId: 2226} | ret=SUCCESS |  
2019-08-21 15:29:45,066 | INFO  | DNAudit | user=null | ip=null | op=WRITE_CHUNK {blockData=conID: 3 locID: 102655681169457651 bcsId: 2226} | ret=SUCCESS |  
2019-08-21 15:29:45,066 | INFO  | DNAudit | user=null | ip=null | op=WRITE_CHUNK {blockData=conID: 3 locID: 102655681169457651 bcsId: 2226} | ret=SUCCESS |  
2019-08-21 15:29:45,075 | INFO  | DNAudit | user=null | ip=null | op=WRITE_CHUNK {blockData=conID: 3 locID: 102655681169457651 bcsId: 2226} | ret=SUCCESS |  
2019-08-21 15:29:45,075 | INFO  | DNAudit | user=null | ip=null | op=PUT_BLOCK {blockData=[blockId=conID: 3 locID: 102655681169457651 bcsId: 0,size=3145728]} | ret=SUCCESS |  
2019-08-21 15:29:45,075 [grpc-default-executor-4] INFO  client.GrpcClientProtocolClient (GrpcClientProtocolClient.java:onNext(255)) - client-029E50227556->355864cd-7ac5-4934-b366-9756b15dd90f: receive RaftClientReply:client-029E50227556->355864cd-7ac5-4934-b366-9756b15dd90f@group-785BCF25C267, cid=1560, SUCCESS, logIndex=2231, commits[355864cd-7ac5-4934-b366-9756b15dd90f:c2232, ce4aa411-63c8-4399-99eb-27ce352844f3:c2230, 3eeffb0a-787e-48ec-a2f5-d0c540a89489:c2230]
2019-08-21 15:29:45,076 [grpc-default-executor-4] INFO  client.GrpcClientProtocolClient (GrpcClientProtocolClient.java:onNext(255)) - client-029E50227556->355864cd-7ac5-4934-b366-9756b15dd90f: receive RaftClientReply:client-029E50227556->355864cd-7ac5-4934-b366-9756b15dd90f@group-785BCF25C267, cid=1561, SUCCESS, logIndex=2232, commits[355864cd-7ac5-4934-b366-9756b15dd90f:c2232, ce4aa411-63c8-4399-99eb-27ce352844f3:c2230, 3eeffb0a-787e-48ec-a2f5-d0c540a89489:c2230]
2019-08-21 15:29:45,081 | INFO  | DNAudit | user=null | ip=null | op=WRITE_CHUNK {blockData=conID: 3 locID: 102655681169457651 bcsId: 2232} | ret=SUCCESS |  
2019-08-21 15:29:45,083 | INFO  | DNAudit | user=null | ip=null | op=WRITE_CHUNK {blockData=conID: 3 locID: 102655681169457651 bcsId: 2232} | ret=SUCCESS |  
2019-08-21 15:29:45,083 | INFO  | DNAudit | user=null | ip=null | op=WRITE_CHUNK {blockData=conID: 3 locID: 102655681169457651 bcsId: 2232} | ret=SUCCESS |  
2019-08-21 15:29:45,084 | INFO  | DNAudit | user=null | ip=null | op=WRITE_CHUNK {blockData=conID: 3 locID: 102655681169457651 bcsId: 2226} | ret=SUCCESS |  
2019-08-21 15:29:45,084 | INFO  | DNAudit | user=null | ip=null | op=WRITE_CHUNK {blockData=conID: 3 locID: 102655681169457651 bcsId: 2226} | ret=SUCCESS |  
2019-08-21 15:29:45,085 | INFO  | DNAudit | user=null | ip=null | op=PUT_BLOCK {blockData=[blockId=conID: 3 locID: 102655681169457651 bcsId: 0,size=3145728]} | ret=SUCCESS |  
2019-08-21 15:29:45,086 | INFO  | DNAudit | user=null | ip=null | op=WRITE_CHUNK {blockData=conID: 3 locID: 102655681169457651 bcsId: 2232} | ret=SUCCESS |  
2019-08-21 15:29:45,086 | INFO  | DNAudit | user=null | ip=null | op=PUT_BLOCK {blockData=[blockId=conID: 3 locID: 102655681169457651 bcsId: 0,size=3145728]} | ret=SUCCESS |  
2019-08-21 15:29:45,086 | INFO  | DNAudit | user=null | ip=null | op=PUT_BLOCK {blockData=[blockId=conID: 3 locID: 102655681169457651 bcsId: 0,size=4194304]} | ret=SUCCESS |  
2019-08-21 15:29:45,086 [grpc-default-executor-5] INFO  client.GrpcClientProtocolClient (GrpcClientProtocolClient.java:onNext(255)) - client-029E50227556->355864cd-7ac5-4934-b366-9756b15dd90f: receive RaftClientReply:client-029E50227556->355864cd-7ac5-4934-b366-9756b15dd90f@group-785BCF25C267, cid=1562, SUCCESS, logIndex=2235, commits[355864cd-7ac5-4934-b366-9756b15dd90f:c2236, ce4aa411-63c8-4399-99eb-27ce352844f3:c2231, 3eeffb0a-787e-48ec-a2f5-d0c540a89489:c2232]
2019-08-21 15:29:45,087 [grpc-default-executor-5] INFO  client.GrpcClientProtocolClient (GrpcClientProtocolClient.java:onNext(255)) - client-029E50227556->355864cd-7ac5-4934-b366-9756b15dd90f: receive RaftClientReply:client-029E50227556->355864cd-7ac5-4934-b366-9756b15dd90f@group-785BCF25C267, cid=1563, SUCCESS, logIndex=2236, commits[355864cd-7ac5-4934-b366-9756b15dd90f:c2236, ce4aa411-63c8-4399-99eb-27ce352844f3:c2232, 3eeffb0a-787e-48ec-a2f5-d0c540a89489:c2232]
2019-08-21 15:29:45,096 | INFO  | DNAudit | user=null | ip=null | op=WRITE_CHUNK {blockData=conID: 3 locID: 102655681169457651 bcsId: 2232} | ret=SUCCESS |  
2019-08-21 15:29:45,096 | INFO  | DNAudit | user=null | ip=null | op=WRITE_CHUNK {blockData=conID: 3 locID: 102655681169457651 bcsId: 2232} | ret=SUCCESS |  
2019-08-21 15:29:45,096 | INFO  | DNAudit | user=null | ip=null | op=PUT_BLOCK {blockData=[blockId=conID: 3 locID: 102655681169457651 bcsId: 0,size=4194304]} | ret=SUCCESS |  
2019-08-21 15:29:45,106 | INFO  | DNAudit | user=null | ip=null | op=PUT_BLOCK {blockData=[blockId=conID: 3 locID: 102655681169457651 bcsId: 0,size=4194304]} | ret=SUCCESS |  
2019-08-21 15:29:45,106 [grpc-default-executor-5] INFO  client.GrpcClientProtocolClient (GrpcClientProtocolClient.java:onNext(255)) - client-029E50227556->355864cd-7ac5-4934-b366-9756b15dd90f: receive RaftClientReply:client-029E50227556->355864cd-7ac5-4934-b366-9756b15dd90f@group-785BCF25C267, cid=1564, SUCCESS, logIndex=0, commits[355864cd-7ac5-4934-b366-9756b15dd90f:c2238, ce4aa411-63c8-4399-99eb-27ce352844f3:c2236, 3eeffb0a-787e-48ec-a2f5-d0c540a89489:c2236]
2019-08-21 15:29:45,111 | INFO  | SCMAudit | user=jenkins1000 | ip=192.168.5.153 | op=ALLOCATE_BLOCK {owner=78849ec2-2b05-45d8-8cb5-e95e2230dbd1, size=4194304, type=RATIS, factor=THREE} | ret=SUCCESS |  
2019-08-21 15:29:45,113 | INFO  | OMAudit | user=jenkins1000 | ip=127.0.0.1 | op=ALLOCATE_BLOCK {volume=vol-0-32358, bucket=bucket-0-01949, key=key-0-56547, dataSize=0, replicationType=null, replicationFactor=null, keyLocationInfo=null, clientID=102655680532119954} | ret=SUCCESS |  
2019-08-21 15:29:45,119 | INFO  | DNAudit | user=null | ip=null | op=WRITE_CHUNK {blockData=conID: 1 locID: 102655681174634996 bcsId: 0} | ret=SUCCESS |  
2019-08-21 15:29:45,121 | INFO  | DNAudit | user=null | ip=null | op=WRITE_CHUNK {blockData=conID: 1 locID: 102655681174634996 bcsId: 0} | ret=SUCCESS |  
2019-08-21 15:29:45,121 | INFO  | DNAudit | user=null | ip=null | op=WRITE_CHUNK {blockData=conID: 1 locID: 102655681174634996 bcsId: 0} | ret=SUCCESS |  
2019-08-21 15:29:45,121 | INFO  | DNAudit | user=null | ip=null | op=WRITE_CHUNK {blockData=conID: 1 locID: 102655681174634996 bcsId: 0} | ret=SUCCESS |  
2019-08-21 15:29:45,123 | INFO  | DNAudit | user=null | ip=null | op=WRITE_CHUNK {blockData=conID: 1 locID: 102655681174634996 bcsId: 0} | ret=SUCCESS |  
2019-08-21 15:29:45,124 | INFO  | DNAudit | user=null | ip=null | op=WRITE_CHUNK {blockData=conID: 1 locID: 102655681174634996 bcsId: 0} | ret=SUCCESS |  
2019-08-21 15:29:45,132 | INFO  | DNAudit | user=null | ip=null | op=WRITE_CHUNK {blockData=conID: 1 locID: 102655681174634996 bcsId: 0} | ret=SUCCESS |  
2019-08-21 15:29:45,133 | INFO  | DNAudit | user=null | ip=null | op=PUT_BLOCK {blockData=[blockId=conID: 1 locID: 102655681174634996 bcsId: 0,size=1048576]} | ret=SUCCESS |  
2019-08-21 15:29:45,133 [grpc-default-executor-3] INFO  client.GrpcClientProtocolClient (GrpcClientProtocolClient.java:onNext(255)) - client-029E50227556->355864cd-7ac5-4934-b366-9756b15dd90f: receive RaftClientReply:client-029E50227556->355864cd-7ac5-4934-b366-9756b15dd90f@group-785BCF25C267, cid=1565, SUCCESS, logIndex=2239, commits[355864cd-7ac5-4934-b366-9756b15dd90f:c2240, ce4aa411-63c8-4399-99eb-27ce352844f3:c2238, 3eeffb0a-787e-48ec-a2f5-d0c540a89489:c2236]
2019-08-21 15:29:45,133 [grpc-default-executor-3] INFO  client.GrpcClientProtocolClient (GrpcClientProtocolClient.java:onNext(255)) - client-029E50227556->355864cd-7ac5-4934-b366-9756b15dd90f: receive RaftClientReply:client-029E50227556->355864cd-7ac5-4934-b366-9756b15dd90f@group-785BCF25C267, cid=1566, SUCCESS, logIndex=2240, commits[355864cd-7ac5-4934-b366-9756b15dd90f:c2240, ce4aa411-63c8-4399-99eb-27ce352844f3:c2238, 3eeffb0a-787e-48ec-a2f5-d0c540a89489:c2238]
2019-08-21 15:29:45,144 | INFO  | DNAudit | user=null | ip=null | op=WRITE_CHUNK {blockData=conID: 1 locID: 102655681174634996 bcsId: 0} | ret=SUCCESS |  
2019-08-21 15:29:45,144 | INFO  | DNAudit | user=null | ip=null | op=PUT_BLOCK {blockData=[blockId=conID: 1 locID: 102655681174634996 bcsId: 0,size=2097152]} | ret=SUCCESS |  
2019-08-21 15:29:45,144 | INFO  | DNAudit | user=null | ip=null | op=WRITE_CHUNK {blockData=conID: 1 locID: 102655681174634996 bcsId: 0} | ret=SUCCESS |  
2019-08-21 15:29:45,144 [grpc-default-executor-2] INFO  client.GrpcClientProtocolClient (GrpcClientProtocolClient.java:onNext(255)) - client-029E50227556->355864cd-7ac5-4934-b366-9756b15dd90f: receive RaftClientReply:client-029E50227556->355864cd-7ac5-4934-b366-9756b15dd90f@group-785BCF25C267, cid=1567, SUCCESS, logIndex=2241, commits[355864cd-7ac5-4934-b366-9756b15dd90f:c2242, ce4aa411-63c8-4399-99eb-27ce352844f3:c2238, 3eeffb0a-787e-48ec-a2f5-d0c540a89489:c2238]
2019-08-21 15:29:45,145 [grpc-default-executor-2] INFO  client.GrpcClientProtocolClient (GrpcClientProtocolClient.java:onNext(255)) - client-029E50227556->355864cd-7ac5-4934-b366-9756b15dd90f: receive RaftClientReply:client-029E50227556->355864cd-7ac5-4934-b366-9756b15dd90f@group-785BCF25C267, cid=1568, SUCCESS, logIndex=2242, commits[355864cd-7ac5-4934-b366-9756b15dd90f:c2242, ce4aa411-63c8-4399-99eb-27ce352844f3:c2238, 3eeffb0a-787e-48ec-a2f5-d0c540a89489:c2239]
2019-08-21 15:29:45,155 | INFO  | DNAudit | user=null | ip=null | op=WRITE_CHUNK {blockData=conID: 1 locID: 102655681174634996 bcsId: 0} | ret=SUCCESS |  
2019-08-21 15:29:45,156 | INFO  | DNAudit | user=null | ip=null | op=PUT_BLOCK {blockData=[blockId=conID: 1 locID: 102655681174634996 bcsId: 0,size=1048576]} | ret=SUCCESS |  
2019-08-21 15:29:45,166 | INFO  | DNAudit | user=null | ip=null | op=PUT_BLOCK {blockData=[blockId=conID: 1 locID: 102655681174634996 bcsId: 0,size=1048576]} | ret=SUCCESS |  
2019-08-21 15:29:45,166 | INFO  | DNAudit | user=null | ip=null | op=WRITE_CHUNK {blockData=conID: 1 locID: 102655681174634996 bcsId: 0} | ret=SUCCESS |  
2019-08-21 15:29:45,166 | INFO  | DNAudit | user=null | ip=null | op=PUT_BLOCK {blockData=[blockId=conID: 1 locID: 102655681174634996 bcsId: 0,size=2097152]} | ret=SUCCESS |  
2019-08-21 15:29:45,167 [grpc-default-executor-2] INFO  client.GrpcClientProtocolClient (GrpcClientProtocolClient.java:onNext(255)) - client-029E50227556->355864cd-7ac5-4934-b366-9756b15dd90f: receive RaftClientReply:client-029E50227556->355864cd-7ac5-4934-b366-9756b15dd90f@group-785BCF25C267, cid=1569, SUCCESS, logIndex=0, commits[355864cd-7ac5-4934-b366-9756b15dd90f:c2244, ce4aa411-63c8-4399-99eb-27ce352844f3:c2240, 3eeffb0a-787e-48ec-a2f5-d0c540a89489:c2240]
2019-08-21 15:29:45,167 | INFO  | DNAudit | user=null | ip=null | op=WRITE_CHUNK {blockData=conID: 1 locID: 102655681174634996 bcsId: 0} | ret=SUCCESS |  
2019-08-21 15:29:45,168 | INFO  | DNAudit | user=null | ip=null | op=PUT_BLOCK {blockData=[blockId=conID: 1 locID: 102655681174634996 bcsId: 0,size=2097152]} | ret=SUCCESS |  
2019-08-21 15:29:45,173 | INFO  | DNAudit | user=null | ip=null | op=WRITE_CHUNK {blockData=conID: 1 locID: 102655681174634996 bcsId: 2242} | ret=SUCCESS |  
2019-08-21 15:29:45,175 | INFO  | DNAudit | user=null | ip=null | op=WRITE_CHUNK {blockData=conID: 1 locID: 102655681174634996 bcsId: 2242} | ret=SUCCESS |  
2019-08-21 15:29:45,175 | INFO  | DNAudit | user=null | ip=null | op=WRITE_CHUNK {blockData=conID: 1 locID: 102655681174634996 bcsId: 2242} | ret=SUCCESS |  
2019-08-21 15:29:45,185 | INFO  | DNAudit | user=null | ip=null | op=WRITE_CHUNK {blockData=conID: 1 locID: 102655681174634996 bcsId: 2242} | ret=SUCCESS |  
2019-08-21 15:29:45,186 | INFO  | DNAudit | user=null | ip=null | op=PUT_BLOCK {blockData=[blockId=conID: 1 locID: 102655681174634996 bcsId: 0,size=3145728]} | ret=SUCCESS |  
2019-08-21 15:29:45,186 [grpc-default-executor-3] INFO  client.GrpcClientProtocolClient (GrpcClientProtocolClient.java:onNext(255)) - client-029E50227556->355864cd-7ac5-4934-b366-9756b15dd90f: receive RaftClientReply:client-029E50227556->355864cd-7ac5-4934-b366-9756b15dd90f@group-785BCF25C267, cid=1570, SUCCESS, logIndex=2246, commits[355864cd-7ac5-4934-b366-9756b15dd90f:c2246, ce4aa411-63c8-4399-99eb-27ce352844f3:c2245, 3eeffb0a-787e-48ec-a2f5-d0c540a89489:c2245]
2019-08-21 15:29:45,186 [grpc-default-executor-3] INFO  client.GrpcClientProtocolClient (GrpcClientProtocolClient.java:onNext(255)) - client-029E50227556->355864cd-7ac5-4934-b366-9756b15dd90f: receive RaftClientReply:client-029E50227556->355864cd-7ac5-4934-b366-9756b15dd90f@group-785BCF25C267, cid=1571, SUCCESS, logIndex=2247, commits[355864cd-7ac5-4934-b366-9756b15dd90f:c2247, ce4aa411-63c8-4399-99eb-27ce352844f3:c2245, 3eeffb0a-787e-48ec-a2f5-d0c540a89489:c2245]
2019-08-21 15:29:45,193 | INFO  | DNAudit | user=null | ip=null | op=WRITE_CHUNK {blockData=conID: 1 locID: 102655681174634996 bcsId: 2247} | ret=SUCCESS |  
2019-08-21 15:29:45,195 | INFO  | DNAudit | user=null | ip=null | op=WRITE_CHUNK {blockData=conID: 1 locID: 102655681174634996 bcsId: 2247} | ret=SUCCESS |  
2019-08-21 15:29:45,195 | INFO  | DNAudit | user=null | ip=null | op=WRITE_CHUNK {blockData=conID: 1 locID: 102655681174634996 bcsId: 2247} | ret=SUCCESS |  
2019-08-21 15:29:45,196 | INFO  | DNAudit | user=null | ip=null | op=WRITE_CHUNK {blockData=conID: 1 locID: 102655681174634996 bcsId: 2242} | ret=SUCCESS |  
2019-08-21 15:29:45,197 | INFO  | DNAudit | user=null | ip=null | op=WRITE_CHUNK {blockData=conID: 1 locID: 102655681174634996 bcsId: 2242} | ret=SUCCESS |  
2019-08-21 15:29:45,199 | INFO  | DNAudit | user=null | ip=null | op=PUT_BLOCK {blockData=[blockId=conID: 1 locID: 102655681174634996 bcsId: 0,size=3145728]} | ret=SUCCESS |  
2019-08-21 15:29:45,200 | INFO  | DNAudit | user=null | ip=null | op=PUT_BLOCK {blockData=[blockId=conID: 1 locID: 102655681174634996 bcsId: 0,size=3145728]} | ret=SUCCESS |  
2019-08-21 15:29:45,200 | INFO  | DNAudit | user=null | ip=null | op=WRITE_CHUNK {blockData=conID: 1 locID: 102655681174634996 bcsId: 2247} | ret=SUCCESS |  
2019-08-21 15:29:45,200 | INFO  | DNAudit | user=null | ip=null | op=PUT_BLOCK {blockData=[blockId=conID: 1 locID: 102655681174634996 bcsId: 0,size=4194304]} | ret=SUCCESS |  
2019-08-21 15:29:45,200 [grpc-default-executor-3] INFO  client.GrpcClientProtocolClient (GrpcClientProtocolClient.java:onNext(255)) - client-029E50227556->355864cd-7ac5-4934-b366-9756b15dd90f: receive RaftClientReply:client-029E50227556->355864cd-7ac5-4934-b366-9756b15dd90f@group-785BCF25C267, cid=1572, SUCCESS, logIndex=2250, commits[355864cd-7ac5-4934-b366-9756b15dd90f:c2251, ce4aa411-63c8-4399-99eb-27ce352844f3:c2247, 3eeffb0a-787e-48ec-a2f5-d0c540a89489:c2247]
2019-08-21 15:29:45,201 [grpc-default-executor-3] INFO  client.GrpcClientProtocolClient (GrpcClientProtocolClient.java:onNext(255)) - client-029E50227556->355864cd-7ac5-4934-b366-9756b15dd90f: receive RaftClientReply:client-029E50227556->355864cd-7ac5-4934-b366-9756b15dd90f@group-785BCF25C267, cid=1573, SUCCESS, logIndex=2251, commits[355864cd-7ac5-4934-b366-9756b15dd90f:c2251, ce4aa411-63c8-4399-99eb-27ce352844f3:c2247, 3eeffb0a-787e-48ec-a2f5-d0c540a89489:c2247]
2019-08-21 15:29:45,211 | INFO  | DNAudit | user=null | ip=null | op=WRITE_CHUNK {blockData=conID: 1 locID: 102655681174634996 bcsId: 2247} | ret=SUCCESS |  
2019-08-21 15:29:45,211 | INFO  | DNAudit | user=null | ip=null | op=PUT_BLOCK {blockData=[blockId=conID: 1 locID: 102655681174634996 bcsId: 0,size=4194304]} | ret=SUCCESS |  
2019-08-21 15:29:45,212 | INFO  | DNAudit | user=null | ip=null | op=WRITE_CHUNK {blockData=conID: 1 locID: 102655681174634996 bcsId: 2247} | ret=SUCCESS |  
2019-08-21 15:29:45,212 | INFO  | DNAudit | user=null | ip=null | op=PUT_BLOCK {blockData=[blockId=conID: 1 locID: 102655681174634996 bcsId: 0,size=4194304]} | ret=SUCCESS |  
2019-08-21 15:29:45,212 [grpc-default-executor-3] INFO  client.GrpcClientProtocolClient (GrpcClientProtocolClient.java:onNext(255)) - client-029E50227556->355864cd-7ac5-4934-b366-9756b15dd90f: receive RaftClientReply:client-029E50227556->355864cd-7ac5-4934-b366-9756b15dd90f@group-785BCF25C267, cid=1574, SUCCESS, logIndex=0, commits[355864cd-7ac5-4934-b366-9756b15dd90f:c2252, ce4aa411-63c8-4399-99eb-27ce352844f3:c2251, 3eeffb0a-787e-48ec-a2f5-d0c540a89489:c2251]
2019-08-21 15:29:45,217 | INFO  | SCMAudit | user=jenkins1000 | ip=192.168.5.153 | op=ALLOCATE_BLOCK {owner=78849ec2-2b05-45d8-8cb5-e95e2230dbd1, size=4194304, type=RATIS, factor=THREE} | ret=SUCCESS |  
2019-08-21 15:29:45,221 | INFO  | OMAudit | user=jenkins1000 | ip=127.0.0.1 | op=ALLOCATE_BLOCK {volume=vol-0-32358, bucket=bucket-0-01949, key=key-0-56547, dataSize=0, replicationType=null, replicationFactor=null, keyLocationInfo=null, clientID=102655680532119954} | ret=SUCCESS |  
2019-08-21 15:29:45,227 | INFO  | DNAudit | user=null | ip=null | op=WRITE_CHUNK {blockData=conID: 2 locID: 102655681181581813 bcsId: 0} | ret=SUCCESS |  
2019-08-21 15:29:45,229 | INFO  | DNAudit | user=null | ip=null | op=WRITE_CHUNK {blockData=conID: 2 locID: 102655681181581813 bcsId: 0} | ret=SUCCESS |  
2019-08-21 15:29:45,230 | INFO  | DNAudit | user=null | ip=null | op=WRITE_CHUNK {blockData=conID: 2 locID: 102655681181581813 bcsId: 0} | ret=SUCCESS |  
2019-08-21 15:29:45,230 | INFO  | DNAudit | user=null | ip=null | op=WRITE_CHUNK {blockData=conID: 2 locID: 102655681181581813 bcsId: 0} | ret=SUCCESS |  
2019-08-21 15:29:45,231 | INFO  | DNAudit | user=null | ip=null | op=WRITE_CHUNK {blockData=conID: 2 locID: 102655681181581813 bcsId: 0} | ret=SUCCESS |  
2019-08-21 15:29:45,232 | INFO  | DNAudit | user=null | ip=null | op=WRITE_CHUNK {blockData=conID: 2 locID: 102655681181581813 bcsId: 0} | ret=SUCCESS |  
2019-08-21 15:29:45,254 | INFO  | DNAudit | user=null | ip=null | op=WRITE_CHUNK {blockData=conID: 2 locID: 102655681181581813 bcsId: 0} | ret=SUCCESS |  
2019-08-21 15:29:45,255 | INFO  | DNAudit | user=null | ip=null | op=PUT_BLOCK {blockData=[blockId=conID: 2 locID: 102655681181581813 bcsId: 0,size=1048576]} | ret=SUCCESS |  
2019-08-21 15:29:45,255 [grpc-default-executor-3] INFO  client.GrpcClientProtocolClient (GrpcClientProtocolClient.java:onNext(255)) - client-029E50227556->355864cd-7ac5-4934-b366-9756b15dd90f: receive RaftClientReply:client-029E50227556->355864cd-7ac5-4934-b366-9756b15dd90f@group-785BCF25C267, cid=1575, SUCCESS, logIndex=2254, commits[355864cd-7ac5-4934-b366-9756b15dd90f:c2255, ce4aa411-63c8-4399-99eb-27ce352844f3:c2253, 3eeffb0a-787e-48ec-a2f5-d0c540a89489:c2253]
2019-08-21 15:29:45,255 [grpc-default-executor-3] INFO  client.GrpcClientProtocolClient (GrpcClientProtocolClient.java:onNext(255)) - client-029E50227556->355864cd-7ac5-4934-b366-9756b15dd90f: receive RaftClientReply:client-029E50227556->355864cd-7ac5-4934-b366-9756b15dd90f@group-785BCF25C267, cid=1576, SUCCESS, logIndex=2255, commits[355864cd-7ac5-4934-b366-9756b15dd90f:c2255, ce4aa411-63c8-4399-99eb-27ce352844f3:c2253, 3eeffb0a-787e-48ec-a2f5-d0c540a89489:c2253]
2019-08-21 15:29:45,265 | INFO  | DNAudit | user=null | ip=null | op=WRITE_CHUNK {blockData=conID: 2 locID: 102655681181581813 bcsId: 0} | ret=SUCCESS |  
2019-08-21 15:29:45,266 | INFO  | DNAudit | user=null | ip=null | op=PUT_BLOCK {blockData=[blockId=conID: 2 locID: 102655681181581813 bcsId: 0,size=2097152]} | ret=SUCCESS |  
2019-08-21 15:29:45,266 [grpc-default-executor-3] INFO  client.GrpcClientProtocolClient (GrpcClientProtocolClient.java:onNext(255)) - client-029E50227556->355864cd-7ac5-4934-b366-9756b15dd90f: receive RaftClientReply:client-029E50227556->355864cd-7ac5-4934-b366-9756b15dd90f@group-785BCF25C267, cid=1577, SUCCESS, logIndex=2256, commits[355864cd-7ac5-4934-b366-9756b15dd90f:c2257, ce4aa411-63c8-4399-99eb-27ce352844f3:c2253, 3eeffb0a-787e-48ec-a2f5-d0c540a89489:c2253]
2019-08-21 15:29:45,266 | INFO  | DNAudit | user=null | ip=null | op=WRITE_CHUNK {blockData=conID: 2 locID: 102655681181581813 bcsId: 0} | ret=SUCCESS |  
2019-08-21 15:29:45,266 [grpc-default-executor-3] INFO  client.GrpcClientProtocolClient (GrpcClientProtocolClient.java:onNext(255)) - client-029E50227556->355864cd-7ac5-4934-b366-9756b15dd90f: receive RaftClientReply:client-029E50227556->355864cd-7ac5-4934-b366-9756b15dd90f@group-785BCF25C267, cid=1578, SUCCESS, logIndex=2257, commits[355864cd-7ac5-4934-b366-9756b15dd90f:c2257, ce4aa411-63c8-4399-99eb-27ce352844f3:c2253, 3eeffb0a-787e-48ec-a2f5-d0c540a89489:c2253]
2019-08-21 15:29:45,267 | INFO  | DNAudit | user=null | ip=null | op=PUT_BLOCK {blockData=[blockId=conID: 2 locID: 102655681181581813 bcsId: 0,size=1048576]} | ret=SUCCESS |  
2019-08-21 15:29:45,268 | INFO  | DNAudit | user=null | ip=null | op=WRITE_CHUNK {blockData=conID: 2 locID: 102655681181581813 bcsId: 0} | ret=SUCCESS |  
2019-08-21 15:29:45,268 | INFO  | DNAudit | user=null | ip=null | op=PUT_BLOCK {blockData=[blockId=conID: 2 locID: 102655681181581813 bcsId: 0,size=1048576]} | ret=SUCCESS |  
2019-08-21 15:29:45,269 [grpc-default-executor-5] INFO  client.GrpcClientProtocolClient (GrpcClientProtocolClient.java:onNext(255)) - client-029E50227556->355864cd-7ac5-4934-b366-9756b15dd90f: receive RaftClientReply:client-029E50227556->355864cd-7ac5-4934-b366-9756b15dd90f@group-785BCF25C267, cid=1579, SUCCESS, logIndex=0, commits[355864cd-7ac5-4934-b366-9756b15dd90f:c2259, ce4aa411-63c8-4399-99eb-27ce352844f3:c2255, 3eeffb0a-787e-48ec-a2f5-d0c540a89489:c2255]
2019-08-21 15:29:45,275 | INFO  | DNAudit | user=null | ip=null | op=WRITE_CHUNK {blockData=conID: 2 locID: 102655681181581813 bcsId: 2257} | ret=SUCCESS |  
2019-08-21 15:29:45,277 | INFO  | DNAudit | user=null | ip=null | op=WRITE_CHUNK {blockData=conID: 2 locID: 102655681181581813 bcsId: 2257} | ret=SUCCESS |  
2019-08-21 15:29:45,277 | INFO  | DNAudit | user=null | ip=null | op=WRITE_CHUNK {blockData=conID: 2 locID: 102655681181581813 bcsId: 2257} | ret=SUCCESS |  
2019-08-21 15:29:45,279 | INFO  | DNAudit | user=null | ip=null | op=WRITE_CHUNK {blockData=conID: 2 locID: 102655681181581813 bcsId: 0} | ret=SUCCESS |  
2019-08-21 15:29:45,280 | INFO  | DNAudit | user=null | ip=null | op=WRITE_CHUNK {blockData=conID: 2 locID: 102655681181581813 bcsId: 0} | ret=SUCCESS |  
2019-08-21 15:29:45,280 | INFO  | DNAudit | user=null | ip=null | op=PUT_BLOCK {blockData=[blockId=conID: 2 locID: 102655681181581813 bcsId: 0,size=2097152]} | ret=SUCCESS |  
2019-08-21 15:29:45,280 | INFO  | DNAudit | user=null | ip=null | op=PUT_BLOCK {blockData=[blockId=conID: 2 locID: 102655681181581813 bcsId: 0,size=2097152]} | ret=SUCCESS |  
2019-08-21 15:29:45,282 | INFO  | DNAudit | user=null | ip=null | op=WRITE_CHUNK {blockData=conID: 2 locID: 102655681181581813 bcsId: 2257} | ret=SUCCESS |  
2019-08-21 15:29:45,283 | INFO  | DNAudit | user=null | ip=null | op=PUT_BLOCK {blockData=[blockId=conID: 2 locID: 102655681181581813 bcsId: 0,size=3145728]} | ret=SUCCESS |  
2019-08-21 15:29:45,283 [grpc-default-executor-4] INFO  client.GrpcClientProtocolClient (GrpcClientProtocolClient.java:onNext(255)) - client-029E50227556->355864cd-7ac5-4934-b366-9756b15dd90f: receive RaftClientReply:client-029E50227556->355864cd-7ac5-4934-b366-9756b15dd90f@group-785BCF25C267, cid=1580, SUCCESS, logIndex=2262, commits[355864cd-7ac5-4934-b366-9756b15dd90f:c2263, ce4aa411-63c8-4399-99eb-27ce352844f3:c2259, 3eeffb0a-787e-48ec-a2f5-d0c540a89489:c2259]
2019-08-21 15:29:45,283 [grpc-default-executor-4] INFO  client.GrpcClientProtocolClient (GrpcClientProtocolClient.java:onNext(255)) - client-029E50227556->355864cd-7ac5-4934-b366-9756b15dd90f: receive RaftClientReply:client-029E50227556->355864cd-7ac5-4934-b366-9756b15dd90f@group-785BCF25C267, cid=1581, SUCCESS, logIndex=2263, commits[355864cd-7ac5-4934-b366-9756b15dd90f:c2263, ce4aa411-63c8-4399-99eb-27ce352844f3:c2259, 3eeffb0a-787e-48ec-a2f5-d0c540a89489:c2259]
2019-08-21 15:29:45,284 | INFO  | DNAudit | user=null | ip=null | op=WRITE_CHUNK {blockData=conID: 2 locID: 102655681181581813 bcsId: 2257} | ret=SUCCESS |  
2019-08-21 15:29:45,284 | INFO  | DNAudit | user=null | ip=null | op=WRITE_CHUNK {blockData=conID: 2 locID: 102655681181581813 bcsId: 2257} | ret=SUCCESS |  
2019-08-21 15:29:45,284 | INFO  | DNAudit | user=null | ip=null | op=PUT_BLOCK {blockData=[blockId=conID: 2 locID: 102655681181581813 bcsId: 0,size=3145728]} | ret=SUCCESS |  
2019-08-21 15:29:45,284 | INFO  | DNAudit | user=null | ip=null | op=PUT_BLOCK {blockData=[blockId=conID: 2 locID: 102655681181581813 bcsId: 0,size=3145728]} | ret=SUCCESS |  
2019-08-21 15:29:45,289 | INFO  | DNAudit | user=null | ip=null | op=WRITE_CHUNK {blockData=conID: 2 locID: 102655681181581813 bcsId: 2263} | ret=SUCCESS |  
2019-08-21 15:29:45,290 | INFO  | DNAudit | user=null | ip=null | op=WRITE_CHUNK {blockData=conID: 2 locID: 102655681181581813 bcsId: 2263} | ret=SUCCESS |  
2019-08-21 15:29:45,291 | INFO  | DNAudit | user=null | ip=null | op=WRITE_CHUNK {blockData=conID: 2 locID: 102655681181581813 bcsId: 2263} | ret=SUCCESS |  
2019-08-21 15:29:45,300 | INFO  | DNAudit | user=null | ip=null | op=WRITE_CHUNK {blockData=conID: 2 locID: 102655681181581813 bcsId: 2263} | ret=SUCCESS |  
2019-08-21 15:29:45,300 | INFO  | DNAudit | user=null | ip=null | op=PUT_BLOCK {blockData=[blockId=conID: 2 locID: 102655681181581813 bcsId: 0,size=4194304]} | ret=SUCCESS |  
2019-08-21 15:29:45,300 [grpc-default-executor-4] INFO  client.GrpcClientProtocolClient (GrpcClientProtocolClient.java:onNext(255)) - client-029E50227556->355864cd-7ac5-4934-b366-9756b15dd90f: receive RaftClientReply:client-029E50227556->355864cd-7ac5-4934-b366-9756b15dd90f@group-785BCF25C267, cid=1582, SUCCESS, logIndex=2265, commits[355864cd-7ac5-4934-b366-9756b15dd90f:c2266, ce4aa411-63c8-4399-99eb-27ce352844f3:c2264, 3eeffb0a-787e-48ec-a2f5-d0c540a89489:c2264]
2019-08-21 15:29:45,301 [grpc-default-executor-4] INFO  client.GrpcClientProtocolClient (GrpcClientProtocolClient.java:onNext(255)) - client-029E50227556->355864cd-7ac5-4934-b366-9756b15dd90f: receive RaftClientReply:client-029E50227556->355864cd-7ac5-4934-b366-9756b15dd90f@group-785BCF25C267, cid=1583, SUCCESS, logIndex=2266, commits[355864cd-7ac5-4934-b366-9756b15dd90f:c2266, ce4aa411-63c8-4399-99eb-27ce352844f3:c2264, 3eeffb0a-787e-48ec-a2f5-d0c540a89489:c2264]
2019-08-21 15:29:45,310 | INFO  | DNAudit | user=null | ip=null | op=WRITE_CHUNK {blockData=conID: 2 locID: 102655681181581813 bcsId: 2263} | ret=SUCCESS |  
2019-08-21 15:29:45,310 | INFO  | DNAudit | user=null | ip=null | op=WRITE_CHUNK {blockData=conID: 2 locID: 102655681181581813 bcsId: 2263} | ret=SUCCESS |  
2019-08-21 15:29:45,311 | INFO  | DNAudit | user=null | ip=null | op=PUT_BLOCK {blockData=[blockId=conID: 2 locID: 102655681181581813 bcsId: 0,size=4194304]} | ret=SUCCESS |  
2019-08-21 15:29:45,311 | INFO  | DNAudit | user=null | ip=null | op=PUT_BLOCK {blockData=[blockId=conID: 2 locID: 102655681181581813 bcsId: 0,size=4194304]} | ret=SUCCESS |  
2019-08-21 15:29:45,312 [grpc-default-executor-4] INFO  client.GrpcClientProtocolClient (GrpcClientProtocolClient.java:onNext(255)) - client-029E50227556->355864cd-7ac5-4934-b366-9756b15dd90f: receive RaftClientReply:client-029E50227556->355864cd-7ac5-4934-b366-9756b15dd90f@group-785BCF25C267, cid=1584, SUCCESS, logIndex=0, commits[355864cd-7ac5-4934-b366-9756b15dd90f:c2268, ce4aa411-63c8-4399-99eb-27ce352844f3:c2266, 3eeffb0a-787e-48ec-a2f5-d0c540a89489:c2266]
2019-08-21 15:29:45,315 | INFO  | SCMAudit | user=jenkins1000 | ip=192.168.5.153 | op=ALLOCATE_BLOCK {owner=78849ec2-2b05-45d8-8cb5-e95e2230dbd1, size=4194304, type=RATIS, factor=THREE} | ret=SUCCESS |  
2019-08-21 15:29:45,318 | INFO  | OMAudit | user=jenkins1000 | ip=127.0.0.1 | op=ALLOCATE_BLOCK {volume=vol-0-32358, bucket=bucket-0-01949, key=key-0-56547, dataSize=0, replicationType=null, replicationFactor=null, keyLocationInfo=null, clientID=102655680532119954} | ret=SUCCESS |  
2019-08-21 15:29:45,324 | INFO  | DNAudit | user=null | ip=null | op=WRITE_CHUNK {blockData=conID: 3 locID: 102655681188004342 bcsId: 0} | ret=SUCCESS |  
2019-08-21 15:29:45,327 | INFO  | DNAudit | user=null | ip=null | op=WRITE_CHUNK {blockData=conID: 3 locID: 102655681188004342 bcsId: 0} | ret=SUCCESS |  
2019-08-21 15:29:45,327 | INFO  | DNAudit | user=null | ip=null | op=WRITE_CHUNK {blockData=conID: 3 locID: 102655681188004342 bcsId: 0} | ret=SUCCESS |  
2019-08-21 15:29:45,327 | INFO  | DNAudit | user=null | ip=null | op=WRITE_CHUNK {blockData=conID: 3 locID: 102655681188004342 bcsId: 0} | ret=SUCCESS |  
2019-08-21 15:29:45,327 | INFO  | DNAudit | user=null | ip=null | op=WRITE_CHUNK {blockData=conID: 3 locID: 102655681188004342 bcsId: 0} | ret=SUCCESS |  
2019-08-21 15:29:45,328 | INFO  | DNAudit | user=null | ip=null | op=WRITE_CHUNK {blockData=conID: 3 locID: 102655681188004342 bcsId: 0} | ret=SUCCESS |  
2019-08-21 15:29:45,338 | INFO  | DNAudit | user=null | ip=null | op=WRITE_CHUNK {blockData=conID: 3 locID: 102655681188004342 bcsId: 0} | ret=SUCCESS |  
2019-08-21 15:29:45,338 | INFO  | DNAudit | user=null | ip=null | op=PUT_BLOCK {blockData=[blockId=conID: 3 locID: 102655681188004342 bcsId: 0,size=1048576]} | ret=SUCCESS |  
2019-08-21 15:29:45,339 | INFO  | DNAudit | user=null | ip=null | op=WRITE_CHUNK {blockData=conID: 3 locID: 102655681188004342 bcsId: 0} | ret=SUCCESS |  
2019-08-21 15:29:45,339 [grpc-default-executor-5] INFO  client.GrpcClientProtocolClient (GrpcClientProtocolClient.java:onNext(255)) - client-029E50227556->355864cd-7ac5-4934-b366-9756b15dd90f: receive RaftClientReply:client-029E50227556->355864cd-7ac5-4934-b366-9756b15dd90f@group-785BCF25C267, cid=1585, SUCCESS, logIndex=2269, commits[355864cd-7ac5-4934-b366-9756b15dd90f:c2271, ce4aa411-63c8-4399-99eb-27ce352844f3:c2268, 3eeffb0a-787e-48ec-a2f5-d0c540a89489:c2268]
2019-08-21 15:29:45,339 | INFO  | DNAudit | user=null | ip=null | op=PUT_BLOCK {blockData=[blockId=conID: 3 locID: 102655681188004342 bcsId: 0,size=2097152]} | ret=SUCCESS |  
2019-08-21 15:29:45,339 [grpc-default-executor-5] INFO  client.GrpcClientProtocolClient (GrpcClientProtocolClient.java:onNext(255)) - client-029E50227556->355864cd-7ac5-4934-b366-9756b15dd90f: receive RaftClientReply:client-029E50227556->355864cd-7ac5-4934-b366-9756b15dd90f@group-785BCF25C267, cid=1586, SUCCESS, logIndex=2270, commits[355864cd-7ac5-4934-b366-9756b15dd90f:c2272, ce4aa411-63c8-4399-99eb-27ce352844f3:c2268, 3eeffb0a-787e-48ec-a2f5-d0c540a89489:c2268]
2019-08-21 15:29:45,339 [grpc-default-executor-5] INFO  client.GrpcClientProtocolClient (GrpcClientProtocolClient.java:onNext(255)) - client-029E50227556->355864cd-7ac5-4934-b366-9756b15dd90f: receive RaftClientReply:client-029E50227556->355864cd-7ac5-4934-b366-9756b15dd90f@group-785BCF25C267, cid=1587, SUCCESS, logIndex=2271, commits[355864cd-7ac5-4934-b366-9756b15dd90f:c2272, ce4aa411-63c8-4399-99eb-27ce352844f3:c2268, 3eeffb0a-787e-48ec-a2f5-d0c540a89489:c2268]
2019-08-21 15:29:45,339 [grpc-default-executor-5] INFO  client.GrpcClientProtocolClient (GrpcClientProtocolClient.java:onNext(255)) - client-029E50227556->355864cd-7ac5-4934-b366-9756b15dd90f: receive RaftClientReply:client-029E50227556->355864cd-7ac5-4934-b366-9756b15dd90f@group-785BCF25C267, cid=1588, SUCCESS, logIndex=2272, commits[355864cd-7ac5-4934-b366-9756b15dd90f:c2272, ce4aa411-63c8-4399-99eb-27ce352844f3:c2268, 3eeffb0a-787e-48ec-a2f5-d0c540a89489:c2268]
2019-08-21 15:29:45,348 | INFO  | DNAudit | user=null | ip=null | op=WRITE_CHUNK {blockData=conID: 3 locID: 102655681188004342 bcsId: 0} | ret=SUCCESS |  
2019-08-21 15:29:45,348 | INFO  | DNAudit | user=null | ip=null | op=WRITE_CHUNK {blockData=conID: 3 locID: 102655681188004342 bcsId: 0} | ret=SUCCESS |  
2019-08-21 15:29:45,348 | INFO  | DNAudit | user=null | ip=null | op=PUT_BLOCK {blockData=[blockId=conID: 3 locID: 102655681188004342 bcsId: 0,size=1048576]} | ret=SUCCESS |  
2019-08-21 15:29:45,348 | INFO  | DNAudit | user=null | ip=null | op=PUT_BLOCK {blockData=[blockId=conID: 3 locID: 102655681188004342 bcsId: 0,size=1048576]} | ret=SUCCESS |  
2019-08-21 15:29:45,348 | INFO  | DNAudit | user=null | ip=null | op=WRITE_CHUNK {blockData=conID: 3 locID: 102655681188004342 bcsId: 0} | ret=SUCCESS |  
2019-08-21 15:29:45,348 | INFO  | DNAudit | user=null | ip=null | op=WRITE_CHUNK {blockData=conID: 3 locID: 102655681188004342 bcsId: 0} | ret=SUCCESS |  
2019-08-21 15:29:45,349 | INFO  | DNAudit | user=null | ip=null | op=PUT_BLOCK {blockData=[blockId=conID: 3 locID: 102655681188004342 bcsId: 0,size=2097152]} | ret=SUCCESS |  
2019-08-21 15:29:45,349 [grpc-default-executor-5] INFO  client.GrpcClientProtocolClient (GrpcClientProtocolClient.java:onNext(255)) - client-029E50227556->355864cd-7ac5-4934-b366-9756b15dd90f: receive RaftClientReply:client-029E50227556->355864cd-7ac5-4934-b366-9756b15dd90f@group-785BCF25C267, cid=1589, SUCCESS, logIndex=0, commits[355864cd-7ac5-4934-b366-9756b15dd90f:c2275, ce4aa411-63c8-4399-99eb-27ce352844f3:c2270, 3eeffb0a-787e-48ec-a2f5-d0c540a89489:c2271]
2019-08-21 15:29:45,350 | INFO  | DNAudit | user=null | ip=null | op=PUT_BLOCK {blockData=[blockId=conID: 3 locID: 102655681188004342 bcsId: 0,size=2097152]} | ret=SUCCESS |  
2019-08-21 15:29:45,355 | INFO  | DNAudit | user=null | ip=null | op=WRITE_CHUNK {blockData=conID: 3 locID: 102655681188004342 bcsId: 2272} | ret=SUCCESS |  
2019-08-21 15:29:45,357 | INFO  | DNAudit | user=null | ip=null | op=WRITE_CHUNK {blockData=conID: 3 locID: 102655681188004342 bcsId: 2272} | ret=SUCCESS |  
2019-08-21 15:29:45,357 | INFO  | DNAudit | user=null | ip=null | op=WRITE_CHUNK {blockData=conID: 3 locID: 102655681188004342 bcsId: 2272} | ret=SUCCESS |  
2019-08-21 15:29:45,358 | INFO  | SCMAudit | user=jenkins1000 | ip=192.168.5.153 | op=SEND_HEARTBEAT {datanodeUUID=355864cd-7ac5-4934-b366-9756b15dd90f, command=[]} | ret=SUCCESS |  
2019-08-21 15:29:45,358 | INFO  | SCMAudit | user=jenkins1000 | ip=192.168.5.153 | op=SEND_HEARTBEAT {datanodeUUID=3eeffb0a-787e-48ec-a2f5-d0c540a89489, command=[]} | ret=SUCCESS |  
2019-08-21 15:29:45,358 | INFO  | SCMAudit | user=jenkins1000 | ip=192.168.5.153 | op=SEND_HEARTBEAT {datanodeUUID=ce4aa411-63c8-4399-99eb-27ce352844f3, command=[]} | ret=SUCCESS |  
 0.00% |█                                                                                                    |  0/1 Time: 0:00:102019-08-21 15:29:45,372 | INFO  | DNAudit | user=null | ip=null | op=WRITE_CHUNK {blockData=conID: 3 locID: 102655681188004342 bcsId: 2272} | ret=SUCCESS |  
2019-08-21 15:29:45,372 | INFO  | DNAudit | user=null | ip=null | op=PUT_BLOCK {blockData=[blockId=conID: 3 locID: 102655681188004342 bcsId: 0,size=3145728]} | ret=SUCCESS |  
2019-08-21 15:29:45,372 [grpc-default-executor-4] INFO  client.GrpcClientProtocolClient (GrpcClientProtocolClient.java:onNext(255)) - client-029E50227556->355864cd-7ac5-4934-b366-9756b15dd90f: receive RaftClientReply:client-029E50227556->355864cd-7ac5-4934-b366-9756b15dd90f@group-785BCF25C267, cid=1590, SUCCESS, logIndex=2277, commits[355864cd-7ac5-4934-b366-9756b15dd90f:c2278, ce4aa411-63c8-4399-99eb-27ce352844f3:c2276, 3eeffb0a-787e-48ec-a2f5-d0c540a89489:c2276]
2019-08-21 15:29:45,373 [grpc-default-executor-4] INFO  client.GrpcClientProtocolClient (GrpcClientProtocolClient.java:onNext(255)) - client-029E50227556->355864cd-7ac5-4934-b366-9756b15dd90f: receive RaftClientReply:client-029E50227556->355864cd-7ac5-4934-b366-9756b15dd90f@group-785BCF25C267, cid=1591, SUCCESS, logIndex=2278, commits[355864cd-7ac5-4934-b366-9756b15dd90f:c2278, ce4aa411-63c8-4399-99eb-27ce352844f3:c2276, 3eeffb0a-787e-48ec-a2f5-d0c540a89489:c2276]
2019-08-21 15:29:45,379 | INFO  | DNAudit | user=null | ip=null | op=WRITE_CHUNK {blockData=conID: 3 locID: 102655681188004342 bcsId: 2278} | ret=SUCCESS |  
2019-08-21 15:29:45,379 | INFO  | DNAudit | user=null | ip=null | op=WRITE_CHUNK {blockData=conID: 3 locID: 102655681188004342 bcsId: 2272} | ret=SUCCESS |  
2019-08-21 15:29:45,380 | INFO  | DNAudit | user=null | ip=null | op=WRITE_CHUNK {blockData=conID: 3 locID: 102655681188004342 bcsId: 2272} | ret=SUCCESS |  
2019-08-21 15:29:45,380 | INFO  | DNAudit | user=null | ip=null | op=PUT_BLOCK {blockData=[blockId=conID: 3 locID: 102655681188004342 bcsId: 0,size=3145728]} | ret=SUCCESS |  
2019-08-21 15:29:45,380 | INFO  | DNAudit | user=null | ip=null | op=WRITE_CHUNK {blockData=conID: 3 locID: 102655681188004342 bcsId: 2278} | ret=SUCCESS |  
2019-08-21 15:29:45,381 | INFO  | DNAudit | user=null | ip=null | op=WRITE_CHUNK {blockData=conID: 3 locID: 102655681188004342 bcsId: 2278} | ret=SUCCESS |  
2019-08-21 15:29:45,383 | INFO  | DNAudit | user=null | ip=null | op=PUT_BLOCK {blockData=[blockId=conID: 3 locID: 102655681188004342 bcsId: 0,size=3145728]} | ret=SUCCESS |  
2019-08-21 15:29:45,394 | INFO  | DNAudit | user=null | ip=null | op=WRITE_CHUNK {blockData=conID: 3 locID: 102655681188004342 bcsId: 2278} | ret=SUCCESS |  
2019-08-21 15:29:45,394 | INFO  | DNAudit | user=null | ip=null | op=PUT_BLOCK {blockData=[blockId=conID: 3 locID: 102655681188004342 bcsId: 0,size=4194304]} | ret=SUCCESS |  
2019-08-21 15:29:45,395 [grpc-default-executor-4] INFO  client.GrpcClientProtocolClient (GrpcClientProtocolClient.java:onNext(255)) - client-029E50227556->355864cd-7ac5-4934-b366-9756b15dd90f: receive RaftClientReply:client-029E50227556->355864cd-7ac5-4934-b366-9756b15dd90f@group-785BCF25C267, cid=1592, SUCCESS, logIndex=2281, commits[355864cd-7ac5-4934-b366-9756b15dd90f:c2282, ce4aa411-63c8-4399-99eb-27ce352844f3:c2278, 3eeffb0a-787e-48ec-a2f5-d0c540a89489:c2278]
2019-08-21 15:29:45,395 [grpc-default-executor-4] INFO  client.GrpcClientProtocolClient (GrpcClientProtocolClient.java:onNext(255)) - client-029E50227556->355864cd-7ac5-4934-b366-9756b15dd90f: receive RaftClientReply:client-029E50227556->355864cd-7ac5-4934-b366-9756b15dd90f@group-785BCF25C267, cid=1593, SUCCESS, logIndex=2282, commits[355864cd-7ac5-4934-b366-9756b15dd90f:c2282, ce4aa411-63c8-4399-99eb-27ce352844f3:c2278, 3eeffb0a-787e-48ec-a2f5-d0c540a89489:c2278]
2019-08-21 15:29:45,395 | INFO  | DNAudit | user=null | ip=null | op=WRITE_CHUNK {blockData=conID: 3 locID: 102655681188004342 bcsId: 2278} | ret=SUCCESS |  
2019-08-21 15:29:45,396 | INFO  | DNAudit | user=null | ip=null | op=WRITE_CHUNK {blockData=conID: 3 locID: 102655681188004342 bcsId: 2278} | ret=SUCCESS |  
2019-08-21 15:29:45,396 | INFO  | DNAudit | user=null | ip=null | op=PUT_BLOCK {blockData=[blockId=conID: 3 locID: 102655681188004342 bcsId: 0,size=4194304]} | ret=SUCCESS |  
2019-08-21 15:29:45,396 | INFO  | DNAudit | user=null | ip=null | op=PUT_BLOCK {blockData=[blockId=conID: 3 locID: 102655681188004342 bcsId: 0,size=4194304]} | ret=SUCCESS |  
2019-08-21 15:29:45,396 [grpc-default-executor-5] INFO  client.GrpcClientProtocolClient (GrpcClientProtocolClient.java:onNext(255)) - client-029E50227556->355864cd-7ac5-4934-b366-9756b15dd90f: receive RaftClientReply:client-029E50227556->355864cd-7ac5-4934-b366-9756b15dd90f@group-785BCF25C267, cid=1594, SUCCESS, logIndex=0, commits[355864cd-7ac5-4934-b366-9756b15dd90f:c2283, ce4aa411-63c8-4399-99eb-27ce352844f3:c2282, 3eeffb0a-787e-48ec-a2f5-d0c540a89489:c2282]
2019-08-21 15:29:45,400 | INFO  | SCMAudit | user=jenkins1000 | ip=192.168.5.153 | op=ALLOCATE_BLOCK {owner=78849ec2-2b05-45d8-8cb5-e95e2230dbd1, size=4194304, type=RATIS, factor=THREE} | ret=SUCCESS |  
2019-08-21 15:29:45,404 | INFO  | OMAudit | user=jenkins1000 | ip=127.0.0.1 | op=ALLOCATE_BLOCK {volume=vol-0-32358, bucket=bucket-0-01949, key=key-0-56547, dataSize=0, replicationType=null, replicationFactor=null, keyLocationInfo=null, clientID=102655680532119954} | ret=SUCCESS |  
2019-08-21 15:29:45,412 | INFO  | DNAudit | user=null | ip=null | op=WRITE_CHUNK {blockData=conID: 1 locID: 102655681193574903 bcsId: 0} | ret=SUCCESS |  
2019-08-21 15:29:45,414 | INFO  | DNAudit | user=null | ip=null | op=WRITE_CHUNK {blockData=conID: 1 locID: 102655681193574903 bcsId: 0} | ret=SUCCESS |  
2019-08-21 15:29:45,414 | INFO  | DNAudit | user=null | ip=null | op=WRITE_CHUNK {blockData=conID: 1 locID: 102655681193574903 bcsId: 0} | ret=SUCCESS |  
2019-08-21 15:29:45,415 | INFO  | DNAudit | user=null | ip=null | op=WRITE_CHUNK {blockData=conID: 1 locID: 102655681193574903 bcsId: 0} | ret=SUCCESS |  
2019-08-21 15:29:45,417 | INFO  | DNAudit | user=null | ip=null | op=WRITE_CHUNK {blockData=conID: 1 locID: 102655681193574903 bcsId: 0} | ret=SUCCESS |  
2019-08-21 15:29:45,417 | INFO  | DNAudit | user=null | ip=null | op=WRITE_CHUNK {blockData=conID: 1 locID: 102655681193574903 bcsId: 0} | ret=SUCCESS |  
2019-08-21 15:29:45,426 | INFO  | DNAudit | user=null | ip=null | op=WRITE_CHUNK {blockData=conID: 1 locID: 102655681193574903 bcsId: 0} | ret=SUCCESS |  
2019-08-21 15:29:45,427 | INFO  | DNAudit | user=null | ip=null | op=PUT_BLOCK {blockData=[blockId=conID: 1 locID: 102655681193574903 bcsId: 0,size=1048576]} | ret=SUCCESS |  
2019-08-21 15:29:45,427 [grpc-default-executor-3] INFO  client.GrpcClientProtocolClient (GrpcClientProtocolClient.java:onNext(255)) - client-029E50227556->355864cd-7ac5-4934-b366-9756b15dd90f: receive RaftClientReply:client-029E50227556->355864cd-7ac5-4934-b366-9756b15dd90f@group-785BCF25C267, cid=1595, SUCCESS, logIndex=2285, commits[355864cd-7ac5-4934-b366-9756b15dd90f:c2286, ce4aa411-63c8-4399-99eb-27ce352844f3:c2284, 3eeffb0a-787e-48ec-a2f5-d0c540a89489:c2284]
2019-08-21 15:29:45,427 | INFO  | DNAudit | user=null | ip=null | op=WRITE_CHUNK {blockData=conID: 1 locID: 102655681193574903 bcsId: 0} | ret=SUCCESS |  
2019-08-21 15:29:45,427 [grpc-default-executor-3] INFO  client.GrpcClientProtocolClient (GrpcClientProtocolClient.java:onNext(255)) - client-029E50227556->355864cd-7ac5-4934-b366-9756b15dd90f: receive RaftClientReply:client-029E50227556->355864cd-7ac5-4934-b366-9756b15dd90f@group-785BCF25C267, cid=1596, SUCCESS, logIndex=2286, commits[355864cd-7ac5-4934-b366-9756b15dd90f:c2288, ce4aa411-63c8-4399-99eb-27ce352844f3:c2284, 3eeffb0a-787e-48ec-a2f5-d0c540a89489:c2284]
2019-08-21 15:29:45,427 | INFO  | DNAudit | user=null | ip=null | op=PUT_BLOCK {blockData=[blockId=conID: 1 locID: 102655681193574903 bcsId: 0,size=2097152]} | ret=SUCCESS |  
2019-08-21 15:29:45,428 [grpc-default-executor-5] INFO  client.GrpcClientProtocolClient (GrpcClientProtocolClient.java:onNext(255)) - client-029E50227556->355864cd-7ac5-4934-b366-9756b15dd90f: receive RaftClientReply:client-029E50227556->355864cd-7ac5-4934-b366-9756b15dd90f@group-785BCF25C267, cid=1597, SUCCESS, logIndex=2287, commits[355864cd-7ac5-4934-b366-9756b15dd90f:c2288, ce4aa411-63c8-4399-99eb-27ce352844f3:c2284, 3eeffb0a-787e-48ec-a2f5-d0c540a89489:c2284]
2019-08-21 15:29:45,428 [grpc-default-executor-3] INFO  client.GrpcClientProtocolClient (GrpcClientProtocolClient.java:onNext(255)) - client-029E50227556->355864cd-7ac5-4934-b366-9756b15dd90f: receive RaftClientReply:client-029E50227556->355864cd-7ac5-4934-b366-9756b15dd90f@group-785BCF25C267, cid=1598, SUCCESS, logIndex=2288, commits[355864cd-7ac5-4934-b366-9756b15dd90f:c2288, ce4aa411-63c8-4399-99eb-27ce352844f3:c2284, 3eeffb0a-787e-48ec-a2f5-d0c540a89489:c2284]
2019-08-21 15:29:45,525 | INFO  | DNAudit | user=null | ip=null | op=WRITE_CHUNK {blockData=conID: 1 locID: 102655681193574903 bcsId: 0} | ret=SUCCESS |  
2019-08-21 15:29:45,525 | INFO  | DNAudit | user=null | ip=null | op=PUT_BLOCK {blockData=[blockId=conID: 1 locID: 102655681193574903 bcsId: 0,size=1048576]} | ret=SUCCESS |  
2019-08-21 15:29:45,526 | INFO  | DNAudit | user=null | ip=null | op=WRITE_CHUNK {blockData=conID: 1 locID: 102655681193574903 bcsId: 0} | ret=SUCCESS |  
2019-08-21 15:29:45,526 | INFO  | DNAudit | user=null | ip=null | op=PUT_BLOCK {blockData=[blockId=conID: 1 locID: 102655681193574903 bcsId: 0,size=1048576]} | ret=SUCCESS |  
2019-08-21 15:29:45,526 | INFO  | DNAudit | user=null | ip=null | op=WRITE_CHUNK {blockData=conID: 1 locID: 102655681193574903 bcsId: 0} | ret=SUCCESS |  
2019-08-21 15:29:45,526 | INFO  | DNAudit | user=null | ip=null | op=WRITE_CHUNK {blockData=conID: 1 locID: 102655681193574903 bcsId: 0} | ret=SUCCESS |  
2019-08-21 15:29:45,527 | INFO  | DNAudit | user=null | ip=null | op=PUT_BLOCK {blockData=[blockId=conID: 1 locID: 102655681193574903 bcsId: 0,size=2097152]} | ret=SUCCESS |  
2019-08-21 15:29:45,527 | INFO  | DNAudit | user=null | ip=null | op=PUT_BLOCK {blockData=[blockId=conID: 1 locID: 102655681193574903 bcsId: 0,size=2097152]} | ret=SUCCESS |  
2019-08-21 15:29:45,527 [grpc-default-executor-3] INFO  client.GrpcClientProtocolClient (GrpcClientProtocolClient.java:onNext(255)) - client-029E50227556->355864cd-7ac5-4934-b366-9756b15dd90f: receive RaftClientReply:client-029E50227556->355864cd-7ac5-4934-b366-9756b15dd90f@group-785BCF25C267, cid=1599, SUCCESS, logIndex=0, commits[355864cd-7ac5-4934-b366-9756b15dd90f:c2291, ce4aa411-63c8-4399-99eb-27ce352844f3:c2288, 3eeffb0a-787e-48ec-a2f5-d0c540a89489:c2286]
2019-08-21 15:29:45,535 | INFO  | DNAudit | user=null | ip=null | op=WRITE_CHUNK {blockData=conID: 1 locID: 102655681193574903 bcsId: 2288} | ret=SUCCESS |  
2019-08-21 15:29:45,538 | INFO  | DNAudit | user=null | ip=null | op=WRITE_CHUNK {blockData=conID: 1 locID: 102655681193574903 bcsId: 2288} | ret=SUCCESS |  
2019-08-21 15:29:45,539 | INFO  | DNAudit | user=null | ip=null | op=WRITE_CHUNK {blockData=conID: 1 locID: 102655681193574903 bcsId: 2288} | ret=SUCCESS |  
2019-08-21 15:29:45,548 | INFO  | DNAudit | user=null | ip=null | op=WRITE_CHUNK {blockData=conID: 1 locID: 102655681193574903 bcsId: 2288} | ret=SUCCESS |  
2019-08-21 15:29:45,548 | INFO  | DNAudit | user=null | ip=null | op=PUT_BLOCK {blockData=[blockId=conID: 1 locID: 102655681193574903 bcsId: 0,size=3145728]} | ret=SUCCESS |  
2019-08-21 15:29:45,548 [grpc-default-executor-5] INFO  client.GrpcClientProtocolClient (GrpcClientProtocolClient.java:onNext(255)) - client-029E50227556->355864cd-7ac5-4934-b366-9756b15dd90f: receive RaftClientReply:client-029E50227556->355864cd-7ac5-4934-b366-9756b15dd90f@group-785BCF25C267, cid=1600, SUCCESS, logIndex=2293, commits[355864cd-7ac5-4934-b366-9756b15dd90f:c2294, ce4aa411-63c8-4399-99eb-27ce352844f3:c2292, 3eeffb0a-787e-48ec-a2f5-d0c540a89489:c2292]
2019-08-21 15:29:45,549 [grpc-default-executor-5] INFO  client.GrpcClientProtocolClient (GrpcClientProtocolClient.java:onNext(255)) - client-029E50227556->355864cd-7ac5-4934-b366-9756b15dd90f: receive RaftClientReply:client-029E50227556->355864cd-7ac5-4934-b366-9756b15dd90f@group-785BCF25C267, cid=1601, SUCCESS, logIndex=2294, commits[355864cd-7ac5-4934-b366-9756b15dd90f:c2294, ce4aa411-63c8-4399-99eb-27ce352844f3:c2292, 3eeffb0a-787e-48ec-a2f5-d0c540a89489:c2292]
2019-08-21 15:29:45,557 | INFO  | DNAudit | user=null | ip=null | op=WRITE_CHUNK {blockData=conID: 1 locID: 102655681193574903 bcsId: 2294} | ret=SUCCESS |  
2019-08-21 15:29:45,559 | INFO  | DNAudit | user=null | ip=null | op=WRITE_CHUNK {blockData=conID: 1 locID: 102655681193574903 bcsId: 2288} | ret=SUCCESS |  
2019-08-21 15:29:45,559 | INFO  | DNAudit | user=null | ip=null | op=WRITE_CHUNK {blockData=conID: 1 locID: 102655681193574903 bcsId: 2294} | ret=SUCCESS |  
2019-08-21 15:29:45,559 | INFO  | DNAudit | user=null | ip=null | op=WRITE_CHUNK {blockData=conID: 1 locID: 102655681193574903 bcsId: 2288} | ret=SUCCESS |  
2019-08-21 15:29:45,560 | INFO  | DNAudit | user=null | ip=null | op=WRITE_CHUNK {blockData=conID: 1 locID: 102655681193574903 bcsId: 2294} | ret=SUCCESS |  
2019-08-21 15:29:45,560 | INFO  | DNAudit | user=null | ip=null | op=PUT_BLOCK {blockData=[blockId=conID: 1 locID: 102655681193574903 bcsId: 0,size=3145728]} | ret=SUCCESS |  
2019-08-21 15:29:45,560 | INFO  | DNAudit | user=null | ip=null | op=PUT_BLOCK {blockData=[blockId=conID: 1 locID: 102655681193574903 bcsId: 0,size=3145728]} | ret=SUCCESS |  
2019-08-21 15:29:45,561 | INFO  | DNAudit | user=null | ip=null | op=WRITE_CHUNK {blockData=conID: 1 locID: 102655681193574903 bcsId: 2294} | ret=SUCCESS |  
2019-08-21 15:29:45,562 | INFO  | DNAudit | user=null | ip=null | op=PUT_BLOCK {blockData=[blockId=conID: 1 locID: 102655681193574903 bcsId: 0,size=4194304]} | ret=SUCCESS |  
2019-08-21 15:29:45,562 [grpc-default-executor-3] INFO  client.GrpcClientProtocolClient (GrpcClientProtocolClient.java:onNext(255)) - client-029E50227556->355864cd-7ac5-4934-b366-9756b15dd90f: receive RaftClientReply:client-029E50227556->355864cd-7ac5-4934-b366-9756b15dd90f@group-785BCF25C267, cid=1602, SUCCESS, logIndex=2297, commits[355864cd-7ac5-4934-b366-9756b15dd90f:c2298, ce4aa411-63c8-4399-99eb-27ce352844f3:c2294, 3eeffb0a-787e-48ec-a2f5-d0c540a89489:c2294]
2019-08-21 15:29:45,562 [grpc-default-executor-3] INFO  client.GrpcClientProtocolClient (GrpcClientProtocolClient.java:onNext(255)) - client-029E50227556->355864cd-7ac5-4934-b366-9756b15dd90f: receive RaftClientReply:client-029E50227556->355864cd-7ac5-4934-b366-9756b15dd90f@group-785BCF25C267, cid=1603, SUCCESS, logIndex=2298, commits[355864cd-7ac5-4934-b366-9756b15dd90f:c2298, ce4aa411-63c8-4399-99eb-27ce352844f3:c2294, 3eeffb0a-787e-48ec-a2f5-d0c540a89489:c2294]
2019-08-21 15:29:45,573 | INFO  | DNAudit | user=null | ip=null | op=WRITE_CHUNK {blockData=conID: 1 locID: 102655681193574903 bcsId: 2294} | ret=SUCCESS |  
2019-08-21 15:29:45,573 | INFO  | DNAudit | user=null | ip=null | op=WRITE_CHUNK {blockData=conID: 1 locID: 102655681193574903 bcsId: 2294} | ret=SUCCESS |  
2019-08-21 15:29:45,574 | INFO  | DNAudit | user=null | ip=null | op=PUT_BLOCK {blockData=[blockId=conID: 1 locID: 102655681193574903 bcsId: 0,size=4194304]} | ret=SUCCESS |  
2019-08-21 15:29:45,575 | INFO  | DNAudit | user=null | ip=null | op=PUT_BLOCK {blockData=[blockId=conID: 1 locID: 102655681193574903 bcsId: 0,size=4194304]} | ret=SUCCESS |  
2019-08-21 15:29:45,575 [grpc-default-executor-3] INFO  client.GrpcClientProtocolClient (GrpcClientProtocolClient.java:onNext(255)) - client-029E50227556->355864cd-7ac5-4934-b366-9756b15dd90f: receive RaftClientReply:client-029E50227556->355864cd-7ac5-4934-b366-9756b15dd90f@group-785BCF25C267, cid=1604, SUCCESS, logIndex=0, commits[355864cd-7ac5-4934-b366-9756b15dd90f:c2300, ce4aa411-63c8-4399-99eb-27ce352844f3:c2298, 3eeffb0a-787e-48ec-a2f5-d0c540a89489:c2298]
2019-08-21 15:29:45,580 | INFO  | SCMAudit | user=jenkins1000 | ip=192.168.5.153 | op=ALLOCATE_BLOCK {owner=78849ec2-2b05-45d8-8cb5-e95e2230dbd1, size=4194304, type=RATIS, factor=THREE} | ret=SUCCESS |  
2019-08-21 15:29:45,584 | INFO  | OMAudit | user=jenkins1000 | ip=127.0.0.1 | op=ALLOCATE_BLOCK {volume=vol-0-32358, bucket=bucket-0-01949, key=key-0-56547, dataSize=0, replicationType=null, replicationFactor=null, keyLocationInfo=null, clientID=102655680532119954} | ret=SUCCESS |  
2019-08-21 15:29:45,593 | INFO  | DNAudit | user=null | ip=null | op=WRITE_CHUNK {blockData=conID: 2 locID: 102655681205371384 bcsId: 0} | ret=SUCCESS |  
2019-08-21 15:29:45,596 | INFO  | DNAudit | user=null | ip=null | op=WRITE_CHUNK {blockData=conID: 2 locID: 102655681205371384 bcsId: 0} | ret=SUCCESS |  
2019-08-21 15:29:45,597 | INFO  | DNAudit | user=null | ip=null | op=WRITE_CHUNK {blockData=conID: 2 locID: 102655681205371384 bcsId: 0} | ret=SUCCESS |  
2019-08-21 15:29:45,598 | INFO  | DNAudit | user=null | ip=null | op=WRITE_CHUNK {blockData=conID: 2 locID: 102655681205371384 bcsId: 0} | ret=SUCCESS |  
2019-08-21 15:29:45,600 | INFO  | DNAudit | user=null | ip=null | op=WRITE_CHUNK {blockData=conID: 2 locID: 102655681205371384 bcsId: 0} | ret=SUCCESS |  
2019-08-21 15:29:45,600 | INFO  | DNAudit | user=null | ip=null | op=WRITE_CHUNK {blockData=conID: 2 locID: 102655681205371384 bcsId: 0} | ret=SUCCESS |  
2019-08-21 15:29:45,606 | INFO  | DNAudit | user=null | ip=null | op=WRITE_CHUNK {blockData=conID: 2 locID: 102655681205371384 bcsId: 0} | ret=SUCCESS |  
2019-08-21 15:29:45,606 | INFO  | DNAudit | user=null | ip=null | op=PUT_BLOCK {blockData=[blockId=conID: 2 locID: 102655681205371384 bcsId: 0,size=1048576]} | ret=SUCCESS |  
2019-08-21 15:29:45,606 [grpc-default-executor-3] INFO  client.GrpcClientProtocolClient (GrpcClientProtocolClient.java:onNext(255)) - client-029E50227556->355864cd-7ac5-4934-b366-9756b15dd90f: receive RaftClientReply:client-029E50227556->355864cd-7ac5-4934-b366-9756b15dd90f@group-785BCF25C267, cid=1605, SUCCESS, logIndex=2301, commits[355864cd-7ac5-4934-b366-9756b15dd90f:c2302, ce4aa411-63c8-4399-99eb-27ce352844f3:c2300, 3eeffb0a-787e-48ec-a2f5-d0c540a89489:c2300]
2019-08-21 15:29:45,607 [grpc-default-executor-3] INFO  client.GrpcClientProtocolClient (GrpcClientProtocolClient.java:onNext(255)) - client-029E50227556->355864cd-7ac5-4934-b366-9756b15dd90f: receive RaftClientReply:client-029E50227556->355864cd-7ac5-4934-b366-9756b15dd90f@group-785BCF25C267, cid=1606, SUCCESS, logIndex=2302, commits[355864cd-7ac5-4934-b366-9756b15dd90f:c2302, ce4aa411-63c8-4399-99eb-27ce352844f3:c2300, 3eeffb0a-787e-48ec-a2f5-d0c540a89489:c2300]
2019-08-21 15:29:45,609 | INFO  | DNAudit | user=null | ip=null | op=WRITE_CHUNK {blockData=conID: 2 locID: 102655681205371384 bcsId: 0} | ret=SUCCESS |  
2019-08-21 15:29:45,609 | INFO  | DNAudit | user=null | ip=null | op=PUT_BLOCK {blockData=[blockId=conID: 2 locID: 102655681205371384 bcsId: 0,size=2097152]} | ret=SUCCESS |  
2019-08-21 15:29:45,609 [grpc-default-executor-4] INFO  client.GrpcClientProtocolClient (GrpcClientProtocolClient.java:onNext(255)) - client-029E50227556->355864cd-7ac5-4934-b366-9756b15dd90f: receive RaftClientReply:client-029E50227556->355864cd-7ac5-4934-b366-9756b15dd90f@group-785BCF25C267, cid=1607, SUCCESS, logIndex=2303, commits[355864cd-7ac5-4934-b366-9756b15dd90f:c2304, ce4aa411-63c8-4399-99eb-27ce352844f3:c2300, 3eeffb0a-787e-48ec-a2f5-d0c540a89489:c2300]
2019-08-21 15:29:45,610 [grpc-default-executor-4] INFO  client.GrpcClientProtocolClient (GrpcClientProtocolClient.java:onNext(255)) - client-029E50227556->355864cd-7ac5-4934-b366-9756b15dd90f: receive RaftClientReply:client-029E50227556->355864cd-7ac5-4934-b366-9756b15dd90f@group-785BCF25C267, cid=1608, SUCCESS, logIndex=2304, commits[355864cd-7ac5-4934-b366-9756b15dd90f:c2304, ce4aa411-63c8-4399-99eb-27ce352844f3:c2300, 3eeffb0a-787e-48ec-a2f5-d0c540a89489:c2300]
2019-08-21 15:29:45,620 | INFO  | DNAudit | user=null | ip=null | op=WRITE_CHUNK {blockData=conID: 2 locID: 102655681205371384 bcsId: 0} | ret=SUCCESS |  
2019-08-21 15:29:45,620 | INFO  | DNAudit | user=null | ip=null | op=WRITE_CHUNK {blockData=conID: 2 locID: 102655681205371384 bcsId: 0} | ret=SUCCESS |  
2019-08-21 15:29:45,621 | INFO  | DNAudit | user=null | ip=null | op=PUT_BLOCK {blockData=[blockId=conID: 2 locID: 102655681205371384 bcsId: 0,size=1048576]} | ret=SUCCESS |  
2019-08-21 15:29:45,621 | INFO  | DNAudit | user=null | ip=null | op=PUT_BLOCK {blockData=[blockId=conID: 2 locID: 102655681205371384 bcsId: 0,size=1048576]} | ret=SUCCESS |  
2019-08-21 15:29:45,621 [grpc-default-executor-3] INFO  client.GrpcClientProtocolClient (GrpcClientProtocolClient.java:onNext(255)) - client-029E50227556->355864cd-7ac5-4934-b366-9756b15dd90f: receive RaftClientReply:client-029E50227556->355864cd-7ac5-4934-b366-9756b15dd90f@group-785BCF25C267, cid=1609, SUCCESS, logIndex=0, commits[355864cd-7ac5-4934-b366-9756b15dd90f:c2306, ce4aa411-63c8-4399-99eb-27ce352844f3:c2302, 3eeffb0a-787e-48ec-a2f5-d0c540a89489:c2302]
2019-08-21 15:29:45,621 | INFO  | DNAudit | user=null | ip=null | op=WRITE_CHUNK {blockData=conID: 2 locID: 102655681205371384 bcsId: 0} | ret=SUCCESS |  
2019-08-21 15:29:45,622 | INFO  | DNAudit | user=null | ip=null | op=PUT_BLOCK {blockData=[blockId=conID: 2 locID: 102655681205371384 bcsId: 0,size=2097152]} | ret=SUCCESS |  
2019-08-21 15:29:45,622 | INFO  | DNAudit | user=null | ip=null | op=WRITE_CHUNK {blockData=conID: 2 locID: 102655681205371384 bcsId: 0} | ret=SUCCESS |  
2019-08-21 15:29:45,622 | INFO  | DNAudit | user=null | ip=null | op=PUT_BLOCK {blockData=[blockId=conID: 2 locID: 102655681205371384 bcsId: 0,size=2097152]} | ret=SUCCESS |  
2019-08-21 15:29:45,628 | INFO  | DNAudit | user=null | ip=null | op=WRITE_CHUNK {blockData=conID: 2 locID: 102655681205371384 bcsId: 2304} | ret=SUCCESS |  
2019-08-21 15:29:45,631 | INFO  | DNAudit | user=null | ip=null | op=WRITE_CHUNK {blockData=conID: 2 locID: 102655681205371384 bcsId: 2304} | ret=SUCCESS |  
2019-08-21 15:29:45,631 | INFO  | DNAudit | user=null | ip=null | op=WRITE_CHUNK {blockData=conID: 2 locID: 102655681205371384 bcsId: 2304} | ret=SUCCESS |  
2019-08-21 15:29:45,641 | INFO  | DNAudit | user=null | ip=null | op=WRITE_CHUNK {blockData=conID: 2 locID: 102655681205371384 bcsId: 2304} | ret=SUCCESS |  
2019-08-21 15:29:45,641 | INFO  | DNAudit | user=null | ip=null | op=PUT_BLOCK {blockData=[blockId=conID: 2 locID: 102655681205371384 bcsId: 0,size=3145728]} | ret=SUCCESS |  
2019-08-21 15:29:45,642 [grpc-default-executor-5] INFO  client.GrpcClientProtocolClient (GrpcClientProtocolClient.java:onNext(255)) - client-029E50227556->355864cd-7ac5-4934-b366-9756b15dd90f: receive RaftClientReply:client-029E50227556->355864cd-7ac5-4934-b366-9756b15dd90f@group-785BCF25C267, cid=1610, SUCCESS, logIndex=2309, commits[355864cd-7ac5-4934-b366-9756b15dd90f:c2310, ce4aa411-63c8-4399-99eb-27ce352844f3:c2308, 3eeffb0a-787e-48ec-a2f5-d0c540a89489:c2308]
2019-08-21 15:29:45,642 [grpc-default-executor-5] INFO  client.GrpcClientProtocolClient (GrpcClientProtocolClient.java:onNext(255)) - client-029E50227556->355864cd-7ac5-4934-b366-9756b15dd90f: receive RaftClientReply:client-029E50227556->355864cd-7ac5-4934-b366-9756b15dd90f@group-785BCF25C267, cid=1611, SUCCESS, logIndex=2310, commits[355864cd-7ac5-4934-b366-9756b15dd90f:c2310, ce4aa411-63c8-4399-99eb-27ce352844f3:c2308, 3eeffb0a-787e-48ec-a2f5-d0c540a89489:c2308]
2019-08-21 15:29:45,649 | INFO  | DNAudit | user=null | ip=null | op=WRITE_CHUNK {blockData=conID: 2 locID: 102655681205371384 bcsId: 2310} | ret=SUCCESS |  
2019-08-21 15:29:45,652 | INFO  | DNAudit | user=null | ip=null | op=WRITE_CHUNK {blockData=conID: 2 locID: 102655681205371384 bcsId: 2310} | ret=SUCCESS |  
2019-08-21 15:29:45,652 | INFO  | DNAudit | user=null | ip=null | op=WRITE_CHUNK {blockData=conID: 2 locID: 102655681205371384 bcsId: 2310} | ret=SUCCESS |  
2019-08-21 15:29:45,653 | INFO  | DNAudit | user=null | ip=null | op=WRITE_CHUNK {blockData=conID: 2 locID: 102655681205371384 bcsId: 2304} | ret=SUCCESS |  
2019-08-21 15:29:45,653 | INFO  | DNAudit | user=null | ip=null | op=WRITE_CHUNK {blockData=conID: 2 locID: 102655681205371384 bcsId: 2304} | ret=SUCCESS |  
2019-08-21 15:29:45,662 | INFO  | DNAudit | user=null | ip=null | op=PUT_BLOCK {blockData=[blockId=conID: 2 locID: 102655681205371384 bcsId: 0,size=3145728]} | ret=SUCCESS |  
2019-08-21 15:29:45,663 | INFO  | DNAudit | user=null | ip=null | op=PUT_BLOCK {blockData=[blockId=conID: 2 locID: 102655681205371384 bcsId: 0,size=3145728]} | ret=SUCCESS |  
2019-08-21 15:29:45,663 | INFO  | DNAudit | user=null | ip=null | op=WRITE_CHUNK {blockData=conID: 2 locID: 102655681205371384 bcsId: 2310} | ret=SUCCESS |  
2019-08-21 15:29:45,663 | INFO  | DNAudit | user=null | ip=null | op=PUT_BLOCK {blockData=[blockId=conID: 2 locID: 102655681205371384 bcsId: 0,size=4194304]} | ret=SUCCESS |  
2019-08-21 15:29:45,664 [grpc-default-executor-3] INFO  client.GrpcClientProtocolClient (GrpcClientProtocolClient.java:onNext(255)) - client-029E50227556->355864cd-7ac5-4934-b366-9756b15dd90f: receive RaftClientReply:client-029E50227556->355864cd-7ac5-4934-b366-9756b15dd90f@group-785BCF25C267, cid=1612, SUCCESS, logIndex=2313, commits[355864cd-7ac5-4934-b366-9756b15dd90f:c2314, ce4aa411-63c8-4399-99eb-27ce352844f3:c2310, 3eeffb0a-787e-48ec-a2f5-d0c540a89489:c2310]
2019-08-21 15:29:45,664 [grpc-default-executor-3] INFO  client.GrpcClientProtocolClient (GrpcClientProtocolClient.java:onNext(255)) - client-029E50227556->355864cd-7ac5-4934-b366-9756b15dd90f: receive RaftClientReply:client-029E50227556->355864cd-7ac5-4934-b366-9756b15dd90f@group-785BCF25C267, cid=1613, SUCCESS, logIndex=2314, commits[355864cd-7ac5-4934-b366-9756b15dd90f:c2314, ce4aa411-63c8-4399-99eb-27ce352844f3:c2310, 3eeffb0a-787e-48ec-a2f5-d0c540a89489:c2310]
2019-08-21 15:29:45,679 | INFO  | DNAudit | user=null | ip=null | op=WRITE_CHUNK {blockData=conID: 2 locID: 102655681205371384 bcsId: 2310} | ret=SUCCESS |  
2019-08-21 15:29:45,680 | INFO  | DNAudit | user=null | ip=null | op=WRITE_CHUNK {blockData=conID: 2 locID: 102655681205371384 bcsId: 2310} | ret=SUCCESS |  
2019-08-21 15:29:45,680 | INFO  | DNAudit | user=null | ip=null | op=PUT_BLOCK {blockData=[blockId=conID: 2 locID: 102655681205371384 bcsId: 0,size=4194304]} | ret=SUCCESS |  
2019-08-21 15:29:45,680 | INFO  | DNAudit | user=null | ip=null | op=PUT_BLOCK {blockData=[blockId=conID: 2 locID: 102655681205371384 bcsId: 0,size=4194304]} | ret=SUCCESS |  
2019-08-21 15:29:45,681 [grpc-default-executor-3] INFO  client.GrpcClientProtocolClient (GrpcClientProtocolClient.java:onNext(255)) - client-029E50227556->355864cd-7ac5-4934-b366-9756b15dd90f: receive RaftClientReply:client-029E50227556->355864cd-7ac5-4934-b366-9756b15dd90f@group-785BCF25C267, cid=1614, SUCCESS, logIndex=0, commits[355864cd-7ac5-4934-b366-9756b15dd90f:c2315, ce4aa411-63c8-4399-99eb-27ce352844f3:c2314, 3eeffb0a-787e-48ec-a2f5-d0c540a89489:c2314]
2019-08-21 15:29:45,685 | INFO  | SCMAudit | user=jenkins1000 | ip=192.168.5.153 | op=ALLOCATE_BLOCK {owner=78849ec2-2b05-45d8-8cb5-e95e2230dbd1, size=4194304, type=RATIS, factor=THREE} | ret=SUCCESS |  
2019-08-21 15:29:45,687 | INFO  | OMAudit | user=jenkins1000 | ip=127.0.0.1 | op=ALLOCATE_BLOCK {volume=vol-0-32358, bucket=bucket-0-01949, key=key-0-56547, dataSize=0, replicationType=null, replicationFactor=null, keyLocationInfo=null, clientID=102655680532119954} | ret=SUCCESS |  
2019-08-21 15:29:45,695 | INFO  | DNAudit | user=null | ip=null | op=WRITE_CHUNK {blockData=conID: 3 locID: 102655681212252665 bcsId: 0} | ret=SUCCESS |  
2019-08-21 15:29:45,697 | INFO  | DNAudit | user=null | ip=null | op=WRITE_CHUNK {blockData=conID: 3 locID: 102655681212252665 bcsId: 0} | ret=SUCCESS |  
2019-08-21 15:29:45,698 | INFO  | DNAudit | user=null | ip=null | op=WRITE_CHUNK {blockData=conID: 3 locID: 102655681212252665 bcsId: 0} | ret=SUCCESS |  
2019-08-21 15:29:45,698 | INFO  | DNAudit | user=null | ip=null | op=WRITE_CHUNK {blockData=conID: 3 locID: 102655681212252665 bcsId: 0} | ret=SUCCESS |  
2019-08-21 15:29:45,700 | INFO  | DNAudit | user=null | ip=null | op=WRITE_CHUNK {blockData=conID: 3 locID: 102655681212252665 bcsId: 0} | ret=SUCCESS |  
2019-08-21 15:29:45,701 | INFO  | DNAudit | user=null | ip=null | op=WRITE_CHUNK {blockData=conID: 3 locID: 102655681212252665 bcsId: 0} | ret=SUCCESS |  
2019-08-21 15:29:45,708 | INFO  | DNAudit | user=null | ip=null | op=WRITE_CHUNK {blockData=conID: 3 locID: 102655681212252665 bcsId: 0} | ret=SUCCESS |  
2019-08-21 15:29:45,708 | INFO  | DNAudit | user=null | ip=null | op=PUT_BLOCK {blockData=[blockId=conID: 3 locID: 102655681212252665 bcsId: 0,size=1048576]} | ret=SUCCESS |  
2019-08-21 15:29:45,708 [grpc-default-executor-4] INFO  client.GrpcClientProtocolClient (GrpcClientProtocolClient.java:onNext(255)) - client-029E50227556->355864cd-7ac5-4934-b366-9756b15dd90f: receive RaftClientReply:client-029E50227556->355864cd-7ac5-4934-b366-9756b15dd90f@group-785BCF25C267, cid=1615, SUCCESS, logIndex=2317, commits[355864cd-7ac5-4934-b366-9756b15dd90f:c2318, ce4aa411-63c8-4399-99eb-27ce352844f3:c2316, 3eeffb0a-787e-48ec-a2f5-d0c540a89489:c2316]
2019-08-21 15:29:45,709 | INFO  | DNAudit | user=null | ip=null | op=WRITE_CHUNK {blockData=conID: 3 locID: 102655681212252665 bcsId: 0} | ret=SUCCESS |  
2019-08-21 15:29:45,709 [grpc-default-executor-4] INFO  client.GrpcClientProtocolClient (GrpcClientProtocolClient.java:onNext(255)) - client-029E50227556->355864cd-7ac5-4934-b366-9756b15dd90f: receive RaftClientReply:client-029E50227556->355864cd-7ac5-4934-b366-9756b15dd90f@group-785BCF25C267, cid=1616, SUCCESS, logIndex=2318, commits[355864cd-7ac5-4934-b366-9756b15dd90f:c2318, ce4aa411-63c8-4399-99eb-27ce352844f3:c2316, 3eeffb0a-787e-48ec-a2f5-d0c540a89489:c2316]
2019-08-21 15:29:45,709 | INFO  | DNAudit | user=null | ip=null | op=PUT_BLOCK {blockData=[blockId=conID: 3 locID: 102655681212252665 bcsId: 0,size=2097152]} | ret=SUCCESS |  
2019-08-21 15:29:45,709 [grpc-default-executor-4] INFO  client.GrpcClientProtocolClient (GrpcClientProtocolClient.java:onNext(255)) - client-029E50227556->355864cd-7ac5-4934-b366-9756b15dd90f: receive RaftClientReply:client-029E50227556->355864cd-7ac5-4934-b366-9756b15dd90f@group-785BCF25C267, cid=1617, SUCCESS, logIndex=2319, commits[355864cd-7ac5-4934-b366-9756b15dd90f:c2319, ce4aa411-63c8-4399-99eb-27ce352844f3:c2316, 3eeffb0a-787e-48ec-a2f5-d0c540a89489:c2316]
2019-08-21 15:29:45,710 [grpc-default-executor-4] INFO  client.GrpcClientProtocolClient (GrpcClientProtocolClient.java:onNext(255)) - client-029E50227556->355864cd-7ac5-4934-b366-9756b15dd90f: receive RaftClientReply:client-029E50227556->355864cd-7ac5-4934-b366-9756b15dd90f@group-785BCF25C267, cid=1618, SUCCESS, logIndex=2320, commits[355864cd-7ac5-4934-b366-9756b15dd90f:c2320, ce4aa411-63c8-4399-99eb-27ce352844f3:c2316, 3eeffb0a-787e-48ec-a2f5-d0c540a89489:c2316]
2019-08-21 15:29:45,728 | INFO  | DNAudit | user=null | ip=null | op=WRITE_CHUNK {blockData=conID: 3 locID: 102655681212252665 bcsId: 0} | ret=SUCCESS |  
2019-08-21 15:29:45,729 | INFO  | DNAudit | user=null | ip=null | op=PUT_BLOCK {blockData=[blockId=conID: 3 locID: 102655681212252665 bcsId: 0,size=1048576]} | ret=SUCCESS |  
2019-08-21 15:29:45,729 | INFO  | DNAudit | user=null | ip=null | op=WRITE_CHUNK {blockData=conID: 3 locID: 102655681212252665 bcsId: 0} | ret=SUCCESS |  
2019-08-21 15:29:45,729 | INFO  | DNAudit | user=null | ip=null | op=PUT_BLOCK {blockData=[blockId=conID: 3 locID: 102655681212252665 bcsId: 0,size=1048576]} | ret=SUCCESS |  
2019-08-21 15:29:45,729 | INFO  | DNAudit | user=null | ip=null | op=WRITE_CHUNK {blockData=conID: 3 locID: 102655681212252665 bcsId: 0} | ret=SUCCESS |  
2019-08-21 15:29:45,729 [grpc-default-executor-4] INFO  client.GrpcClientProtocolClient (GrpcClientProtocolClient.java:onNext(255)) - client-029E50227556->355864cd-7ac5-4934-b366-9756b15dd90f: receive RaftClientReply:client-029E50227556->355864cd-7ac5-4934-b366-9756b15dd90f@group-785BCF25C267, cid=1619, SUCCESS, logIndex=0, commits[355864cd-7ac5-4934-b366-9756b15dd90f:c2322, ce4aa411-63c8-4399-99eb-27ce352844f3:c2318, 3eeffb0a-787e-48ec-a2f5-d0c540a89489:c2318]
2019-08-21 15:29:45,730 | INFO  | DNAudit | user=null | ip=null | op=WRITE_CHUNK {blockData=conID: 3 locID: 102655681212252665 bcsId: 0} | ret=SUCCESS |  
2019-08-21 15:29:45,730 | INFO  | DNAudit | user=null | ip=null | op=PUT_BLOCK {blockData=[blockId=conID: 3 locID: 102655681212252665 bcsId: 0,size=2097152]} | ret=SUCCESS |  
2019-08-21 15:29:45,730 | INFO  | DNAudit | user=null | ip=null | op=PUT_BLOCK {blockData=[blockId=conID: 3 locID: 102655681212252665 bcsId: 0,size=2097152]} | ret=SUCCESS |  
2019-08-21 15:29:45,737 | INFO  | DNAudit | user=null | ip=null | op=WRITE_CHUNK {blockData=conID: 3 locID: 102655681212252665 bcsId: 2320} | ret=SUCCESS |  
2019-08-21 15:29:45,739 | INFO  | DNAudit | user=null | ip=null | op=WRITE_CHUNK {blockData=conID: 3 locID: 102655681212252665 bcsId: 2320} | ret=SUCCESS |  
2019-08-21 15:29:45,740 | INFO  | DNAudit | user=null | ip=null | op=WRITE_CHUNK {blockData=conID: 3 locID: 102655681212252665 bcsId: 2320} | ret=SUCCESS |  
2019-08-21 15:29:45,750 | INFO  | DNAudit | user=null | ip=null | op=WRITE_CHUNK {blockData=conID: 3 locID: 102655681212252665 bcsId: 2320} | ret=SUCCESS |  
2019-08-21 15:29:45,751 | INFO  | DNAudit | user=null | ip=null | op=PUT_BLOCK {blockData=[blockId=conID: 3 locID: 102655681212252665 bcsId: 0,size=3145728]} | ret=SUCCESS |  
2019-08-21 15:29:45,751 [grpc-default-executor-3] INFO  client.GrpcClientProtocolClient (GrpcClientProtocolClient.java:onNext(255)) - client-029E50227556->355864cd-7ac5-4934-b366-9756b15dd90f: receive RaftClientReply:client-029E50227556->355864cd-7ac5-4934-b366-9756b15dd90f@group-785BCF25C267, cid=1620, SUCCESS, logIndex=2325, commits[355864cd-7ac5-4934-b366-9756b15dd90f:c2326, ce4aa411-63c8-4399-99eb-27ce352844f3:c2324, 3eeffb0a-787e-48ec-a2f5-d0c540a89489:c2324]
2019-08-21 15:29:45,752 [grpc-default-executor-3] INFO  client.GrpcClientProtocolClient (GrpcClientProtocolClient.java:onNext(255)) - client-029E50227556->355864cd-7ac5-4934-b366-9756b15dd90f: receive RaftClientReply:client-029E50227556->355864cd-7ac5-4934-b366-9756b15dd90f@group-785BCF25C267, cid=1621, SUCCESS, logIndex=2326, commits[355864cd-7ac5-4934-b366-9756b15dd90f:c2326, ce4aa411-63c8-4399-99eb-27ce352844f3:c2324, 3eeffb0a-787e-48ec-a2f5-d0c540a89489:c2324]
2019-08-21 15:29:45,759 | INFO  | DNAudit | user=null | ip=null | op=WRITE_CHUNK {blockData=conID: 3 locID: 102655681212252665 bcsId: 2326} | ret=SUCCESS |  
2019-08-21 15:29:45,762 | INFO  | DNAudit | user=null | ip=null | op=WRITE_CHUNK {blockData=conID: 3 locID: 102655681212252665 bcsId: 2326} | ret=SUCCESS |  
2019-08-21 15:29:45,762 | INFO  | DNAudit | user=null | ip=null | op=WRITE_CHUNK {blockData=conID: 3 locID: 102655681212252665 bcsId: 2326} | ret=SUCCESS |  
2019-08-21 15:29:45,762 | INFO  | DNAudit | user=null | ip=null | op=WRITE_CHUNK {blockData=conID: 3 locID: 102655681212252665 bcsId: 2320} | ret=SUCCESS |  
2019-08-21 15:29:45,762 | INFO  | DNAudit | user=null | ip=null | op=WRITE_CHUNK {blockData=conID: 3 locID: 102655681212252665 bcsId: 2320} | ret=SUCCESS |  
2019-08-21 15:29:45,765 | INFO  | DNAudit | user=null | ip=null | op=PUT_BLOCK {blockData=[blockId=conID: 3 locID: 102655681212252665 bcsId: 0,size=3145728]} | ret=SUCCESS |  
2019-08-21 15:29:45,765 | INFO  | DNAudit | user=null | ip=null | op=PUT_BLOCK {blockData=[blockId=conID: 3 locID: 102655681212252665 bcsId: 0,size=3145728]} | ret=SUCCESS |  
2019-08-21 15:29:45,765 | INFO  | DNAudit | user=null | ip=null | op=WRITE_CHUNK {blockData=conID: 3 locID: 102655681212252665 bcsId: 2326} | ret=SUCCESS |  
2019-08-21 15:29:45,766 | INFO  | DNAudit | user=null | ip=null | op=PUT_BLOCK {blockData=[blockId=conID: 3 locID: 102655681212252665 bcsId: 0,size=4194304]} | ret=SUCCESS |  
2019-08-21 15:29:45,766 [grpc-default-executor-4] INFO  client.GrpcClientProtocolClient (GrpcClientProtocolClient.java:onNext(255)) - client-029E50227556->355864cd-7ac5-4934-b366-9756b15dd90f: receive RaftClientReply:client-029E50227556->355864cd-7ac5-4934-b366-9756b15dd90f@group-785BCF25C267, cid=1622, SUCCESS, logIndex=2329, commits[355864cd-7ac5-4934-b366-9756b15dd90f:c2330, ce4aa411-63c8-4399-99eb-27ce352844f3:c2326, 3eeffb0a-787e-48ec-a2f5-d0c540a89489:c2326]
2019-08-21 15:29:45,766 [grpc-default-executor-4] INFO  client.GrpcClientProtocolClient (GrpcClientProtocolClient.java:onNext(255)) - client-029E50227556->355864cd-7ac5-4934-b366-9756b15dd90f: receive RaftClientReply:client-029E50227556->355864cd-7ac5-4934-b366-9756b15dd90f@group-785BCF25C267, cid=1623, SUCCESS, logIndex=2330, commits[355864cd-7ac5-4934-b366-9756b15dd90f:c2330, ce4aa411-63c8-4399-99eb-27ce352844f3:c2326, 3eeffb0a-787e-48ec-a2f5-d0c540a89489:c2326]
2019-08-21 15:29:45,777 | INFO  | DNAudit | user=null | ip=null | op=WRITE_CHUNK {blockData=conID: 3 locID: 102655681212252665 bcsId: 2326} | ret=SUCCESS |  
2019-08-21 15:29:45,777 | INFO  | DNAudit | user=null | ip=null | op=WRITE_CHUNK {blockData=conID: 3 locID: 102655681212252665 bcsId: 2326} | ret=SUCCESS |  
2019-08-21 15:29:45,780 | INFO  | DNAudit | user=null | ip=null | op=PUT_BLOCK {blockData=[blockId=conID: 3 locID: 102655681212252665 bcsId: 0,size=4194304]} | ret=SUCCESS |  
2019-08-21 15:29:45,780 | INFO  | DNAudit | user=null | ip=null | op=PUT_BLOCK {blockData=[blockId=conID: 3 locID: 102655681212252665 bcsId: 0,size=4194304]} | ret=SUCCESS |  
2019-08-21 15:29:45,780 [grpc-default-executor-4] INFO  client.GrpcClientProtocolClient (GrpcClientProtocolClient.java:onNext(255)) - client-029E50227556->355864cd-7ac5-4934-b366-9756b15dd90f: receive RaftClientReply:client-029E50227556->355864cd-7ac5-4934-b366-9756b15dd90f@group-785BCF25C267, cid=1624, SUCCESS, logIndex=0, commits[355864cd-7ac5-4934-b366-9756b15dd90f:c2332, ce4aa411-63c8-4399-99eb-27ce352844f3:c2330, 3eeffb0a-787e-48ec-a2f5-d0c540a89489:c2330]
2019-08-21 15:29:45,785 | INFO  | SCMAudit | user=jenkins1000 | ip=192.168.5.153 | op=ALLOCATE_BLOCK {owner=78849ec2-2b05-45d8-8cb5-e95e2230dbd1, size=4194304, type=RATIS, factor=THREE} | ret=SUCCESS |  
2019-08-21 15:29:45,788 | INFO  | OMAudit | user=jenkins1000 | ip=127.0.0.1 | op=ALLOCATE_BLOCK {volume=vol-0-32358, bucket=bucket-0-01949, key=key-0-56547, dataSize=0, replicationType=null, replicationFactor=null, keyLocationInfo=null, clientID=102655680532119954} | ret=SUCCESS |  
2019-08-21 15:29:45,796 | INFO  | DNAudit | user=null | ip=null | op=WRITE_CHUNK {blockData=conID: 1 locID: 102655681218806266 bcsId: 0} | ret=SUCCESS |  
2019-08-21 15:29:45,799 | INFO  | DNAudit | user=null | ip=null | op=WRITE_CHUNK {blockData=conID: 1 locID: 102655681218806266 bcsId: 0} | ret=SUCCESS |  
2019-08-21 15:29:45,799 | INFO  | DNAudit | user=null | ip=null | op=WRITE_CHUNK {blockData=conID: 1 locID: 102655681218806266 bcsId: 0} | ret=SUCCESS |  
2019-08-21 15:29:45,800 | INFO  | DNAudit | user=null | ip=null | op=WRITE_CHUNK {blockData=conID: 1 locID: 102655681218806266 bcsId: 0} | ret=SUCCESS |  
2019-08-21 15:29:45,802 | INFO  | DNAudit | user=null | ip=null | op=WRITE_CHUNK {blockData=conID: 1 locID: 102655681218806266 bcsId: 0} | ret=SUCCESS |  
2019-08-21 15:29:45,803 | INFO  | DNAudit | user=null | ip=null | op=WRITE_CHUNK {blockData=conID: 1 locID: 102655681218806266 bcsId: 0} | ret=SUCCESS |  
2019-08-21 15:29:45,809 | INFO  | DNAudit | user=null | ip=null | op=WRITE_CHUNK {blockData=conID: 1 locID: 102655681218806266 bcsId: 0} | ret=SUCCESS |  
2019-08-21 15:29:45,809 | INFO  | DNAudit | user=null | ip=null | op=PUT_BLOCK {blockData=[blockId=conID: 1 locID: 102655681218806266 bcsId: 0,size=1048576]} | ret=SUCCESS |  
2019-08-21 15:29:45,809 [grpc-default-executor-4] INFO  client.GrpcClientProtocolClient (GrpcClientProtocolClient.java:onNext(255)) - client-029E50227556->355864cd-7ac5-4934-b366-9756b15dd90f: receive RaftClientReply:client-029E50227556->355864cd-7ac5-4934-b366-9756b15dd90f@group-785BCF25C267, cid=1625, SUCCESS, logIndex=2333, commits[355864cd-7ac5-4934-b366-9756b15dd90f:c2334, ce4aa411-63c8-4399-99eb-27ce352844f3:c2332, 3eeffb0a-787e-48ec-a2f5-d0c540a89489:c2332]
2019-08-21 15:29:45,810 | INFO  | DNAudit | user=null | ip=null | op=WRITE_CHUNK {blockData=conID: 1 locID: 102655681218806266 bcsId: 0} | ret=SUCCESS |  
2019-08-21 15:29:45,810 [grpc-default-executor-5] INFO  client.GrpcClientProtocolClient (GrpcClientProtocolClient.java:onNext(255)) - client-029E50227556->355864cd-7ac5-4934-b366-9756b15dd90f: receive RaftClientReply:client-029E50227556->355864cd-7ac5-4934-b366-9756b15dd90f@group-785BCF25C267, cid=1626, SUCCESS, logIndex=2334, commits[355864cd-7ac5-4934-b366-9756b15dd90f:c2334, ce4aa411-63c8-4399-99eb-27ce352844f3:c2332, 3eeffb0a-787e-48ec-a2f5-d0c540a89489:c2332]
2019-08-21 15:29:45,810 | INFO  | DNAudit | user=null | ip=null | op=PUT_BLOCK {blockData=[blockId=conID: 1 locID: 102655681218806266 bcsId: 0,size=2097152]} | ret=SUCCESS |  
2019-08-21 15:29:45,810 [grpc-default-executor-5] INFO  client.GrpcClientProtocolClient (GrpcClientProtocolClient.java:onNext(255)) - client-029E50227556->355864cd-7ac5-4934-b366-9756b15dd90f: receive RaftClientReply:client-029E50227556->355864cd-7ac5-4934-b366-9756b15dd90f@group-785BCF25C267, cid=1627, SUCCESS, logIndex=2335, commits[355864cd-7ac5-4934-b366-9756b15dd90f:c2336, ce4aa411-63c8-4399-99eb-27ce352844f3:c2332, 3eeffb0a-787e-48ec-a2f5-d0c540a89489:c2332]
2019-08-21 15:29:45,811 | INFO  | DNAudit | user=null | ip=null | op=WRITE_CHUNK {blockData=conID: 1 locID: 102655681218806266 bcsId: 0} | ret=SUCCESS |  
2019-08-21 15:29:45,811 [grpc-default-executor-5] INFO  client.GrpcClientProtocolClient (GrpcClientProtocolClient.java:onNext(255)) - client-029E50227556->355864cd-7ac5-4934-b366-9756b15dd90f: receive RaftClientReply:client-029E50227556->355864cd-7ac5-4934-b366-9756b15dd90f@group-785BCF25C267, cid=1628, SUCCESS, logIndex=2336, commits[355864cd-7ac5-4934-b366-9756b15dd90f:c2336, ce4aa411-63c8-4399-99eb-27ce352844f3:c2332, 3eeffb0a-787e-48ec-a2f5-d0c540a89489:c2332]
2019-08-21 15:29:45,811 | INFO  | DNAudit | user=null | ip=null | op=PUT_BLOCK {blockData=[blockId=conID: 1 locID: 102655681218806266 bcsId: 0,size=1048576]} | ret=SUCCESS |  
2019-08-21 15:29:45,820 | INFO  | DNAudit | user=null | ip=null | op=WRITE_CHUNK {blockData=conID: 1 locID: 102655681218806266 bcsId: 0} | ret=SUCCESS |  
2019-08-21 15:29:45,821 | INFO  | DNAudit | user=null | ip=null | op=WRITE_CHUNK {blockData=conID: 1 locID: 102655681218806266 bcsId: 0} | ret=SUCCESS |  
2019-08-21 15:29:45,821 | INFO  | DNAudit | user=null | ip=null | op=PUT_BLOCK {blockData=[blockId=conID: 1 locID: 102655681218806266 bcsId: 0,size=2097152]} | ret=SUCCESS |  
2019-08-21 15:29:45,821 | INFO  | DNAudit | user=null | ip=null | op=PUT_BLOCK {blockData=[blockId=conID: 1 locID: 102655681218806266 bcsId: 0,size=1048576]} | ret=SUCCESS |  
2019-08-21 15:29:45,821 [grpc-default-executor-5] INFO  client.GrpcClientProtocolClient (GrpcClientProtocolClient.java:onNext(255)) - client-029E50227556->355864cd-7ac5-4934-b366-9756b15dd90f: receive RaftClientReply:client-029E50227556->355864cd-7ac5-4934-b366-9756b15dd90f@group-785BCF25C267, cid=1629, SUCCESS, logIndex=0, commits[355864cd-7ac5-4934-b366-9756b15dd90f:c2338, ce4aa411-63c8-4399-99eb-27ce352844f3:c2334, 3eeffb0a-787e-48ec-a2f5-d0c540a89489:c2336]
2019-08-21 15:29:45,821 | INFO  | DNAudit | user=null | ip=null | op=WRITE_CHUNK {blockData=conID: 1 locID: 102655681218806266 bcsId: 0} | ret=SUCCESS |  
2019-08-21 15:29:45,822 | INFO  | DNAudit | user=null | ip=null | op=PUT_BLOCK {blockData=[blockId=conID: 1 locID: 102655681218806266 bcsId: 0,size=2097152]} | ret=SUCCESS |  
2019-08-21 15:29:45,827 | INFO  | DNAudit | user=null | ip=null | op=WRITE_CHUNK {blockData=conID: 1 locID: 102655681218806266 bcsId: 2336} | ret=SUCCESS |  
2019-08-21 15:29:45,829 | INFO  | DNAudit | user=null | ip=null | op=WRITE_CHUNK {blockData=conID: 1 locID: 102655681218806266 bcsId: 2336} | ret=SUCCESS |  
2019-08-21 15:29:45,830 | INFO  | DNAudit | user=null | ip=null | op=WRITE_CHUNK {blockData=conID: 1 locID: 102655681218806266 bcsId: 2336} | ret=SUCCESS |  
2019-08-21 15:29:45,832 | INFO  | DNAudit | user=null | ip=null | op=WRITE_CHUNK {blockData=conID: 1 locID: 102655681218806266 bcsId: 2336} | ret=SUCCESS |  
2019-08-21 15:29:45,832 | INFO  | DNAudit | user=null | ip=null | op=PUT_BLOCK {blockData=[blockId=conID: 1 locID: 102655681218806266 bcsId: 0,size=3145728]} | ret=SUCCESS |  
2019-08-21 15:29:45,833 [grpc-default-executor-4] INFO  client.GrpcClientProtocolClient (GrpcClientProtocolClient.java:onNext(255)) - client-029E50227556->355864cd-7ac5-4934-b366-9756b15dd90f: receive RaftClientReply:client-029E50227556->355864cd-7ac5-4934-b366-9756b15dd90f@group-785BCF25C267, cid=1630, SUCCESS, logIndex=2341, commits[355864cd-7ac5-4934-b366-9756b15dd90f:c2342, ce4aa411-63c8-4399-99eb-27ce352844f3:c2338, 3eeffb0a-787e-48ec-a2f5-d0c540a89489:c2338]
2019-08-21 15:29:45,833 [grpc-default-executor-4] INFO  client.GrpcClientProtocolClient (GrpcClientProtocolClient.java:onNext(255)) - client-029E50227556->355864cd-7ac5-4934-b366-9756b15dd90f: receive RaftClientReply:client-029E50227556->355864cd-7ac5-4934-b366-9756b15dd90f@group-785BCF25C267, cid=1631, SUCCESS, logIndex=2342, commits[355864cd-7ac5-4934-b366-9756b15dd90f:c2342, ce4aa411-63c8-4399-99eb-27ce352844f3:c2338, 3eeffb0a-787e-48ec-a2f5-d0c540a89489:c2338]
2019-08-21 15:29:45,839 | INFO  | DNAudit | user=null | ip=null | op=WRITE_CHUNK {blockData=conID: 1 locID: 102655681218806266 bcsId: 2342} | ret=SUCCESS |  
2019-08-21 15:29:45,840 | INFO  | DNAudit | user=null | ip=null | op=WRITE_CHUNK {blockData=conID: 1 locID: 102655681218806266 bcsId: 2342} | ret=SUCCESS |  
2019-08-21 15:29:45,841 | INFO  | DNAudit | user=null | ip=null | op=WRITE_CHUNK {blockData=conID: 1 locID: 102655681218806266 bcsId: 2342} | ret=SUCCESS |  
2019-08-21 15:29:45,842 | INFO  | DNAudit | user=null | ip=null | op=WRITE_CHUNK {blockData=conID: 1 locID: 102655681218806266 bcsId: 2336} | ret=SUCCESS |  
2019-08-21 15:29:45,842 | INFO  | DNAudit | user=null | ip=null | op=WRITE_CHUNK {blockData=conID: 1 locID: 102655681218806266 bcsId: 2336} | ret=SUCCESS |  
2019-08-21 15:29:45,854 | INFO  | DNAudit | user=null | ip=null | op=PUT_BLOCK {blockData=[blockId=conID: 1 locID: 102655681218806266 bcsId: 0,size=3145728]} | ret=SUCCESS |  
2019-08-21 15:29:45,854 | INFO  | DNAudit | user=null | ip=null | op=PUT_BLOCK {blockData=[blockId=conID: 1 locID: 102655681218806266 bcsId: 0,size=3145728]} | ret=SUCCESS |  
2019-08-21 15:29:45,854 | INFO  | DNAudit | user=null | ip=null | op=WRITE_CHUNK {blockData=conID: 1 locID: 102655681218806266 bcsId: 2342} | ret=SUCCESS |  
2019-08-21 15:29:45,855 | INFO  | DNAudit | user=null | ip=null | op=PUT_BLOCK {blockData=[blockId=conID: 1 locID: 102655681218806266 bcsId: 0,size=4194304]} | ret=SUCCESS |  
2019-08-21 15:29:45,855 [grpc-default-executor-2] INFO  client.GrpcClientProtocolClient (GrpcClientProtocolClient.java:onNext(255)) - client-029E50227556->355864cd-7ac5-4934-b366-9756b15dd90f: receive RaftClientReply:client-029E50227556->355864cd-7ac5-4934-b366-9756b15dd90f@group-785BCF25C267, cid=1632, SUCCESS, logIndex=2345, commits[355864cd-7ac5-4934-b366-9756b15dd90f:c2346, ce4aa411-63c8-4399-99eb-27ce352844f3:c2342, 3eeffb0a-787e-48ec-a2f5-d0c540a89489:c2342]
2019-08-21 15:29:45,855 [grpc-default-executor-2] INFO  client.GrpcClientProtocolClient (GrpcClientProtocolClient.java:onNext(255)) - client-029E50227556->355864cd-7ac5-4934-b366-9756b15dd90f: receive RaftClientReply:client-029E50227556->355864cd-7ac5-4934-b366-9756b15dd90f@group-785BCF25C267, cid=1633, SUCCESS, logIndex=2346, commits[355864cd-7ac5-4934-b366-9756b15dd90f:c2346, ce4aa411-63c8-4399-99eb-27ce352844f3:c2342, 3eeffb0a-787e-48ec-a2f5-d0c540a89489:c2342]
2019-08-21 15:29:45,855 | INFO  | DNAudit | user=null | ip=null | op=WRITE_CHUNK {blockData=conID: 1 locID: 102655681218806266 bcsId: 2342} | ret=SUCCESS |  
2019-08-21 15:29:45,856 | INFO  | DNAudit | user=null | ip=null | op=WRITE_CHUNK {blockData=conID: 1 locID: 102655681218806266 bcsId: 2342} | ret=SUCCESS |  
2019-08-21 15:29:45,856 | INFO  | DNAudit | user=null | ip=null | op=PUT_BLOCK {blockData=[blockId=conID: 1 locID: 102655681218806266 bcsId: 0,size=4194304]} | ret=SUCCESS |  
2019-08-21 15:29:45,856 | INFO  | DNAudit | user=null | ip=null | op=PUT_BLOCK {blockData=[blockId=conID: 1 locID: 102655681218806266 bcsId: 0,size=4194304]} | ret=SUCCESS |  
2019-08-21 15:29:45,856 [grpc-default-executor-2] INFO  client.GrpcClientProtocolClient (GrpcClientProtocolClient.java:onNext(255)) - client-029E50227556->355864cd-7ac5-4934-b366-9756b15dd90f: receive RaftClientReply:client-029E50227556->355864cd-7ac5-4934-b366-9756b15dd90f@group-785BCF25C267, cid=1634, SUCCESS, logIndex=0, commits[355864cd-7ac5-4934-b366-9756b15dd90f:c2347, ce4aa411-63c8-4399-99eb-27ce352844f3:c2346, 3eeffb0a-787e-48ec-a2f5-d0c540a89489:c2346]
2019-08-21 15:29:45,861 | INFO  | SCMAudit | user=jenkins1000 | ip=192.168.5.153 | op=ALLOCATE_BLOCK {owner=78849ec2-2b05-45d8-8cb5-e95e2230dbd1, size=4194304, type=RATIS, factor=THREE} | ret=SUCCESS |  
2019-08-21 15:29:45,864 | INFO  | OMAudit | user=jenkins1000 | ip=127.0.0.1 | op=ALLOCATE_BLOCK {volume=vol-0-32358, bucket=bucket-0-01949, key=key-0-56547, dataSize=0, replicationType=null, replicationFactor=null, keyLocationInfo=null, clientID=102655680532119954} | ret=SUCCESS |  
2019-08-21 15:29:45,871 | INFO  | DNAudit | user=null | ip=null | op=WRITE_CHUNK {blockData=conID: 2 locID: 102655681223787003 bcsId: 0} | ret=SUCCESS |  
2019-08-21 15:29:45,872 | INFO  | DNAudit | user=null | ip=null | op=WRITE_CHUNK {blockData=conID: 2 locID: 102655681223787003 bcsId: 0} | ret=SUCCESS |  
2019-08-21 15:29:45,874 | INFO  | DNAudit | user=null | ip=null | op=WRITE_CHUNK {blockData=conID: 2 locID: 102655681223787003 bcsId: 0} | ret=SUCCESS |  
2019-08-21 15:29:45,874 | INFO  | DNAudit | user=null | ip=null | op=WRITE_CHUNK {blockData=conID: 2 locID: 102655681223787003 bcsId: 0} | ret=SUCCESS |  
2019-08-21 15:29:45,875 | INFO  | DNAudit | user=null | ip=null | op=WRITE_CHUNK {blockData=conID: 2 locID: 102655681223787003 bcsId: 0} | ret=SUCCESS |  
2019-08-21 15:29:45,876 | INFO  | DNAudit | user=null | ip=null | op=WRITE_CHUNK {blockData=conID: 2 locID: 102655681223787003 bcsId: 0} | ret=SUCCESS |  
2019-08-21 15:29:45,899 | INFO  | DNAudit | user=null | ip=null | op=WRITE_CHUNK {blockData=conID: 2 locID: 102655681223787003 bcsId: 0} | ret=SUCCESS |  
2019-08-21 15:29:45,900 | INFO  | DNAudit | user=null | ip=null | op=PUT_BLOCK {blockData=[blockId=conID: 2 locID: 102655681223787003 bcsId: 0,size=1048576]} | ret=SUCCESS |  
2019-08-21 15:29:45,900 [grpc-default-executor-5] INFO  client.GrpcClientProtocolClient (GrpcClientProtocolClient.java:onNext(255)) - client-029E50227556->355864cd-7ac5-4934-b366-9756b15dd90f: receive RaftClientReply:client-029E50227556->355864cd-7ac5-4934-b366-9756b15dd90f@group-785BCF25C267, cid=1635, SUCCESS, logIndex=2349, commits[355864cd-7ac5-4934-b366-9756b15dd90f:c2352, ce4aa411-63c8-4399-99eb-27ce352844f3:c2348, 3eeffb0a-787e-48ec-a2f5-d0c540a89489:c2348]
2019-08-21 15:29:45,900 | INFO  | DNAudit | user=null | ip=null | op=WRITE_CHUNK {blockData=conID: 2 locID: 102655681223787003 bcsId: 0} | ret=SUCCESS |  
2019-08-21 15:29:45,901 [grpc-default-executor-5] INFO  client.GrpcClientProtocolClient (GrpcClientProtocolClient.java:onNext(255)) - client-029E50227556->355864cd-7ac5-4934-b366-9756b15dd90f: receive RaftClientReply:client-029E50227556->355864cd-7ac5-4934-b366-9756b15dd90f@group-785BCF25C267, cid=1636, SUCCESS, logIndex=2350, commits[355864cd-7ac5-4934-b366-9756b15dd90f:c2352, ce4aa411-63c8-4399-99eb-27ce352844f3:c2348, 3eeffb0a-787e-48ec-a2f5-d0c540a89489:c2348]
2019-08-21 15:29:45,901 | INFO  | DNAudit | user=null | ip=null | op=PUT_BLOCK {blockData=[blockId=conID: 2 locID: 102655681223787003 bcsId: 0,size=2097152]} | ret=SUCCESS |  
2019-08-21 15:29:45,901 [grpc-default-executor-5] INFO  client.GrpcClientProtocolClient (GrpcClientProtocolClient.java:onNext(255)) - client-029E50227556->355864cd-7ac5-4934-b366-9756b15dd90f: receive RaftClientReply:client-029E50227556->355864cd-7ac5-4934-b366-9756b15dd90f@group-785BCF25C267, cid=1637, SUCCESS, logIndex=2351, commits[355864cd-7ac5-4934-b366-9756b15dd90f:c2352, ce4aa411-63c8-4399-99eb-27ce352844f3:c2348, 3eeffb0a-787e-48ec-a2f5-d0c540a89489:c2348]
2019-08-21 15:29:45,901 [grpc-default-executor-5] INFO  client.GrpcClientProtocolClient (GrpcClientProtocolClient.java:onNext(255)) - client-029E50227556->355864cd-7ac5-4934-b366-9756b15dd90f: receive RaftClientReply:client-029E50227556->355864cd-7ac5-4934-b366-9756b15dd90f@group-785BCF25C267, cid=1638, SUCCESS, logIndex=2352, commits[355864cd-7ac5-4934-b366-9756b15dd90f:c2352, ce4aa411-63c8-4399-99eb-27ce352844f3:c2348, 3eeffb0a-787e-48ec-a2f5-d0c540a89489:c2348]
2019-08-21 15:29:45,912 | INFO  | DNAudit | user=null | ip=null | op=WRITE_CHUNK {blockData=conID: 2 locID: 102655681223787003 bcsId: 0} | ret=SUCCESS |  
2019-08-21 15:29:45,912 | INFO  | DNAudit | user=null | ip=null | op=WRITE_CHUNK {blockData=conID: 2 locID: 102655681223787003 bcsId: 0} | ret=SUCCESS |  
2019-08-21 15:29:45,912 | INFO  | DNAudit | user=null | ip=null | op=PUT_BLOCK {blockData=[blockId=conID: 2 locID: 102655681223787003 bcsId: 0,size=1048576]} | ret=SUCCESS |  
2019-08-21 15:29:45,912 | INFO  | DNAudit | user=null | ip=null | op=WRITE_CHUNK {blockData=conID: 2 locID: 102655681223787003 bcsId: 0} | ret=SUCCESS |  
2019-08-21 15:29:45,913 | INFO  | DNAudit | user=null | ip=null | op=PUT_BLOCK {blockData=[blockId=conID: 2 locID: 102655681223787003 bcsId: 0,size=1048576]} | ret=SUCCESS |  
2019-08-21 15:29:45,913 | INFO  | DNAudit | user=null | ip=null | op=WRITE_CHUNK {blockData=conID: 2 locID: 102655681223787003 bcsId: 0} | ret=SUCCESS |  
2019-08-21 15:29:45,913 | INFO  | DNAudit | user=null | ip=null | op=PUT_BLOCK {blockData=[blockId=conID: 2 locID: 102655681223787003 bcsId: 0,size=2097152]} | ret=SUCCESS |  
2019-08-21 15:29:45,913 [grpc-default-executor-5] INFO  client.GrpcClientProtocolClient (GrpcClientProtocolClient.java:onNext(255)) - client-029E50227556->355864cd-7ac5-4934-b366-9756b15dd90f: receive RaftClientReply:client-029E50227556->355864cd-7ac5-4934-b366-9756b15dd90f@group-785BCF25C267, cid=1639, SUCCESS, logIndex=0, commits[355864cd-7ac5-4934-b366-9756b15dd90f:c2354, ce4aa411-63c8-4399-99eb-27ce352844f3:c2350, 3eeffb0a-787e-48ec-a2f5-d0c540a89489:c2351]
2019-08-21 15:29:45,914 | INFO  | DNAudit | user=null | ip=null | op=PUT_BLOCK {blockData=[blockId=conID: 2 locID: 102655681223787003 bcsId: 0,size=2097152]} | ret=SUCCESS |  
2019-08-21 15:29:45,921 | INFO  | DNAudit | user=null | ip=null | op=WRITE_CHUNK {blockData=conID: 2 locID: 102655681223787003 bcsId: 2352} | ret=SUCCESS |  
2019-08-21 15:29:45,923 | INFO  | DNAudit | user=null | ip=null | op=WRITE_CHUNK {blockData=conID: 2 locID: 102655681223787003 bcsId: 2352} | ret=SUCCESS |  
2019-08-21 15:29:45,923 | INFO  | DNAudit | user=null | ip=null | op=WRITE_CHUNK {blockData=conID: 2 locID: 102655681223787003 bcsId: 2352} | ret=SUCCESS |  
2019-08-21 15:29:45,933 | INFO  | DNAudit | user=null | ip=null | op=WRITE_CHUNK {blockData=conID: 2 locID: 102655681223787003 bcsId: 2352} | ret=SUCCESS |  
2019-08-21 15:29:45,933 | INFO  | DNAudit | user=null | ip=null | op=PUT_BLOCK {blockData=[blockId=conID: 2 locID: 102655681223787003 bcsId: 0,size=3145728]} | ret=SUCCESS |  
2019-08-21 15:29:45,934 [grpc-default-executor-5] INFO  client.GrpcClientProtocolClient (GrpcClientProtocolClient.java:onNext(255)) - client-029E50227556->355864cd-7ac5-4934-b366-9756b15dd90f: receive RaftClientReply:client-029E50227556->355864cd-7ac5-4934-b366-9756b15dd90f@group-785BCF25C267, cid=1640, SUCCESS, logIndex=2357, commits[355864cd-7ac5-4934-b366-9756b15dd90f:c2358, ce4aa411-63c8-4399-99eb-27ce352844f3:c2356, 3eeffb0a-787e-48ec-a2f5-d0c540a89489:c2356]
2019-08-21 15:29:45,934 [grpc-default-executor-5] INFO  client.GrpcClientProtocolClient (GrpcClientProtocolClient.java:onNext(255)) - client-029E50227556->355864cd-7ac5-4934-b366-9756b15dd90f: receive RaftClientReply:client-029E50227556->355864cd-7ac5-4934-b366-9756b15dd90f@group-785BCF25C267, cid=1641, SUCCESS, logIndex=2358, commits[355864cd-7ac5-4934-b366-9756b15dd90f:c2358, ce4aa411-63c8-4399-99eb-27ce352844f3:c2356, 3eeffb0a-787e-48ec-a2f5-d0c540a89489:c2356]
2019-08-21 15:29:45,941 | INFO  | DNAudit | user=null | ip=null | op=WRITE_CHUNK {blockData=conID: 2 locID: 102655681223787003 bcsId: 2358} | ret=SUCCESS |  
2019-08-21 15:29:45,944 | INFO  | DNAudit | user=null | ip=null | op=WRITE_CHUNK {blockData=conID: 2 locID: 102655681223787003 bcsId: 2358} | ret=SUCCESS |  
2019-08-21 15:29:45,944 | INFO  | DNAudit | user=null | ip=null | op=WRITE_CHUNK {blockData=conID: 2 locID: 102655681223787003 bcsId: 2358} | ret=SUCCESS |  
2019-08-21 15:29:45,944 | INFO  | DNAudit | user=null | ip=null | op=WRITE_CHUNK {blockData=conID: 2 locID: 102655681223787003 bcsId: 2352} | ret=SUCCESS |  
2019-08-21 15:29:45,944 | INFO  | DNAudit | user=null | ip=null | op=WRITE_CHUNK {blockData=conID: 2 locID: 102655681223787003 bcsId: 2352} | ret=SUCCESS |  
2019-08-21 15:29:45,954 | INFO  | DNAudit | user=null | ip=null | op=PUT_BLOCK {blockData=[blockId=conID: 2 locID: 102655681223787003 bcsId: 0,size=3145728]} | ret=SUCCESS |  
2019-08-21 15:29:45,954 | INFO  | DNAudit | user=null | ip=null | op=PUT_BLOCK {blockData=[blockId=conID: 2 locID: 102655681223787003 bcsId: 0,size=3145728]} | ret=SUCCESS |  
2019-08-21 15:29:45,955 | INFO  | DNAudit | user=null | ip=null | op=WRITE_CHUNK {blockData=conID: 2 locID: 102655681223787003 bcsId: 2358} | ret=SUCCESS |  
2019-08-21 15:29:45,955 | INFO  | DNAudit | user=null | ip=null | op=PUT_BLOCK {blockData=[blockId=conID: 2 locID: 102655681223787003 bcsId: 0,size=4194304]} | ret=SUCCESS |  
2019-08-21 15:29:45,956 [grpc-default-executor-2] INFO  client.GrpcClientProtocolClient (GrpcClientProtocolClient.java:onNext(255)) - client-029E50227556->355864cd-7ac5-4934-b366-9756b15dd90f: receive RaftClientReply:client-029E50227556->355864cd-7ac5-4934-b366-9756b15dd90f@group-785BCF25C267, cid=1642, SUCCESS, logIndex=2361, commits[355864cd-7ac5-4934-b366-9756b15dd90f:c2362, ce4aa411-63c8-4399-99eb-27ce352844f3:c2358, 3eeffb0a-787e-48ec-a2f5-d0c540a89489:c2358]
2019-08-21 15:29:45,956 [grpc-default-executor-2] INFO  client.GrpcClientProtocolClient (GrpcClientProtocolClient.java:onNext(255)) - client-029E50227556->355864cd-7ac5-4934-b366-9756b15dd90f: receive RaftClientReply:client-029E50227556->355864cd-7ac5-4934-b366-9756b15dd90f@group-785BCF25C267, cid=1643, SUCCESS, logIndex=2362, commits[355864cd-7ac5-4934-b366-9756b15dd90f:c2362, ce4aa411-63c8-4399-99eb-27ce352844f3:c2358, 3eeffb0a-787e-48ec-a2f5-d0c540a89489:c2358]
2019-08-21 15:29:45,966 | INFO  | DNAudit | user=null | ip=null | op=WRITE_CHUNK {blockData=conID: 2 locID: 102655681223787003 bcsId: 2358} | ret=SUCCESS |  
2019-08-21 15:29:45,966 | INFO  | DNAudit | user=null | ip=null | op=WRITE_CHUNK {blockData=conID: 2 locID: 102655681223787003 bcsId: 2358} | ret=SUCCESS |  
2019-08-21 15:29:45,966 | INFO  | DNAudit | user=null | ip=null | op=PUT_BLOCK {blockData=[blockId=conID: 2 locID: 102655681223787003 bcsId: 0,size=4194304]} | ret=SUCCESS |  
2019-08-21 15:29:45,966 | INFO  | DNAudit | user=null | ip=null | op=PUT_BLOCK {blockData=[blockId=conID: 2 locID: 102655681223787003 bcsId: 0,size=4194304]} | ret=SUCCESS |  
2019-08-21 15:29:45,967 [grpc-default-executor-2] INFO  client.GrpcClientProtocolClient (GrpcClientProtocolClient.java:onNext(255)) - client-029E50227556->355864cd-7ac5-4934-b366-9756b15dd90f: receive RaftClientReply:client-029E50227556->355864cd-7ac5-4934-b366-9756b15dd90f@group-785BCF25C267, cid=1644, SUCCESS, logIndex=0, commits[355864cd-7ac5-4934-b366-9756b15dd90f:c2363, ce4aa411-63c8-4399-99eb-27ce352844f3:c2362, 3eeffb0a-787e-48ec-a2f5-d0c540a89489:c2362]
2019-08-21 15:29:45,972 | INFO  | SCMAudit | user=jenkins1000 | ip=192.168.5.153 | op=ALLOCATE_BLOCK {owner=78849ec2-2b05-45d8-8cb5-e95e2230dbd1, size=4194304, type=RATIS, factor=THREE} | ret=SUCCESS |  
2019-08-21 15:29:45,975 | INFO  | OMAudit | user=jenkins1000 | ip=127.0.0.1 | op=ALLOCATE_BLOCK {volume=vol-0-32358, bucket=bucket-0-01949, key=key-0-56547, dataSize=0, replicationType=null, replicationFactor=null, keyLocationInfo=null, clientID=102655680532119954} | ret=SUCCESS |  
2019-08-21 15:29:45,983 | INFO  | DNAudit | user=null | ip=null | op=WRITE_CHUNK {blockData=conID: 3 locID: 102655681231061500 bcsId: 0} | ret=SUCCESS |  
2019-08-21 15:29:45,986 | INFO  | DNAudit | user=null | ip=null | op=WRITE_CHUNK {blockData=conID: 3 locID: 102655681231061500 bcsId: 0} | ret=SUCCESS |  
2019-08-21 15:29:45,986 | INFO  | DNAudit | user=null | ip=null | op=WRITE_CHUNK {blockData=conID: 3 locID: 102655681231061500 bcsId: 0} | ret=SUCCESS |  
2019-08-21 15:29:45,986 | INFO  | DNAudit | user=null | ip=null | op=WRITE_CHUNK {blockData=conID: 3 locID: 102655681231061500 bcsId: 0} | ret=SUCCESS |  
2019-08-21 15:29:45,988 | INFO  | DNAudit | user=null | ip=null | op=WRITE_CHUNK {blockData=conID: 3 locID: 102655681231061500 bcsId: 0} | ret=SUCCESS |  
2019-08-21 15:29:45,989 | INFO  | DNAudit | user=null | ip=null | op=WRITE_CHUNK {blockData=conID: 3 locID: 102655681231061500 bcsId: 0} | ret=SUCCESS |  
2019-08-21 15:29:45,998 | INFO  | DNAudit | user=null | ip=null | op=WRITE_CHUNK {blockData=conID: 3 locID: 102655681231061500 bcsId: 0} | ret=SUCCESS |  
2019-08-21 15:29:45,999 | INFO  | DNAudit | user=null | ip=null | op=PUT_BLOCK {blockData=[blockId=conID: 3 locID: 102655681231061500 bcsId: 0,size=1048576]} | ret=SUCCESS |  
2019-08-21 15:29:45,999 | INFO  | DNAudit | user=null | ip=null | op=WRITE_CHUNK {blockData=conID: 3 locID: 102655681231061500 bcsId: 0} | ret=SUCCESS |  
2019-08-21 15:29:45,999 [grpc-default-executor-5] INFO  client.GrpcClientProtocolClient (GrpcClientProtocolClient.java:onNext(255)) - client-029E50227556->355864cd-7ac5-4934-b366-9756b15dd90f: receive RaftClientReply:client-029E50227556->355864cd-7ac5-4934-b366-9756b15dd90f@group-785BCF25C267, cid=1645, SUCCESS, logIndex=2365, commits[355864cd-7ac5-4934-b366-9756b15dd90f:c2366, ce4aa411-63c8-4399-99eb-27ce352844f3:c2364, 3eeffb0a-787e-48ec-a2f5-d0c540a89489:c2364]
2019-08-21 15:29:45,999 | INFO  | DNAudit | user=null | ip=null | op=PUT_BLOCK {blockData=[blockId=conID: 3 locID: 102655681231061500 bcsId: 0,size=2097152]} | ret=SUCCESS |  
2019-08-21 15:29:46,000 [grpc-default-executor-5] INFO  client.GrpcClientProtocolClient (GrpcClientProtocolClient.java:onNext(255)) - client-029E50227556->355864cd-7ac5-4934-b366-9756b15dd90f: receive RaftClientReply:client-029E50227556->355864cd-7ac5-4934-b366-9756b15dd90f@group-785BCF25C267, cid=1646, SUCCESS, logIndex=2366, commits[355864cd-7ac5-4934-b366-9756b15dd90f:c2367, ce4aa411-63c8-4399-99eb-27ce352844f3:c2364, 3eeffb0a-787e-48ec-a2f5-d0c540a89489:c2364]
2019-08-21 15:29:46,000 [grpc-default-executor-5] INFO  client.GrpcClientProtocolClient (GrpcClientProtocolClient.java:onNext(255)) - client-029E50227556->355864cd-7ac5-4934-b366-9756b15dd90f: receive RaftClientReply:client-029E50227556->355864cd-7ac5-4934-b366-9756b15dd90f@group-785BCF25C267, cid=1647, SUCCESS, logIndex=2367, commits[355864cd-7ac5-4934-b366-9756b15dd90f:c2368, ce4aa411-63c8-4399-99eb-27ce352844f3:c2364, 3eeffb0a-787e-48ec-a2f5-d0c540a89489:c2364]
2019-08-21 15:29:46,000 [grpc-default-executor-5] INFO  client.GrpcClientProtocolClient (GrpcClientProtocolClient.java:onNext(255)) - client-029E50227556->355864cd-7ac5-4934-b366-9756b15dd90f: receive RaftClientReply:client-029E50227556->355864cd-7ac5-4934-b366-9756b15dd90f@group-785BCF25C267, cid=1648, SUCCESS, logIndex=2368, commits[355864cd-7ac5-4934-b366-9756b15dd90f:c2368, ce4aa411-63c8-4399-99eb-27ce352844f3:c2364, 3eeffb0a-787e-48ec-a2f5-d0c540a89489:c2364]
2019-08-21 15:29:46,019 | INFO  | DNAudit | user=null | ip=null | op=WRITE_CHUNK {blockData=conID: 3 locID: 102655681231061500 bcsId: 0} | ret=SUCCESS |  
2019-08-21 15:29:46,019 | INFO  | DNAudit | user=null | ip=null | op=PUT_BLOCK {blockData=[blockId=conID: 3 locID: 102655681231061500 bcsId: 0,size=1048576]} | ret=SUCCESS |  
2019-08-21 15:29:46,019 | INFO  | DNAudit | user=null | ip=null | op=WRITE_CHUNK {blockData=conID: 3 locID: 102655681231061500 bcsId: 0} | ret=SUCCESS |  
2019-08-21 15:29:46,020 | INFO  | DNAudit | user=null | ip=null | op=PUT_BLOCK {blockData=[blockId=conID: 3 locID: 102655681231061500 bcsId: 0,size=1048576]} | ret=SUCCESS |  
2019-08-21 15:29:46,020 | INFO  | DNAudit | user=null | ip=null | op=WRITE_CHUNK {blockData=conID: 3 locID: 102655681231061500 bcsId: 0} | ret=SUCCESS |  
2019-08-21 15:29:46,020 | INFO  | DNAudit | user=null | ip=null | op=WRITE_CHUNK {blockData=conID: 3 locID: 102655681231061500 bcsId: 0} | ret=SUCCESS |  
2019-08-21 15:29:46,020 [grpc-default-executor-4] INFO  client.GrpcClientProtocolClient (GrpcClientProtocolClient.java:onNext(255)) - client-029E50227556->355864cd-7ac5-4934-b366-9756b15dd90f: receive RaftClientReply:client-029E50227556->355864cd-7ac5-4934-b366-9756b15dd90f@group-785BCF25C267, cid=1649, SUCCESS, logIndex=0, commits[355864cd-7ac5-4934-b366-9756b15dd90f:c2370, ce4aa411-63c8-4399-99eb-27ce352844f3:c2366, 3eeffb0a-787e-48ec-a2f5-d0c540a89489:c2366]
2019-08-21 15:29:46,020 | INFO  | DNAudit | user=null | ip=null | op=PUT_BLOCK {blockData=[blockId=conID: 3 locID: 102655681231061500 bcsId: 0,size=2097152]} | ret=SUCCESS |  
2019-08-21 15:29:46,021 | INFO  | DNAudit | user=null | ip=null | op=PUT_BLOCK {blockData=[blockId=conID: 3 locID: 102655681231061500 bcsId: 0,size=2097152]} | ret=SUCCESS |  
2019-08-21 15:29:46,028 | INFO  | DNAudit | user=null | ip=null | op=WRITE_CHUNK {blockData=conID: 3 locID: 102655681231061500 bcsId: 2368} | ret=SUCCESS |  
2019-08-21 15:29:46,030 | INFO  | DNAudit | user=null | ip=null | op=WRITE_CHUNK {blockData=conID: 3 locID: 102655681231061500 bcsId: 2368} | ret=SUCCESS |  
2019-08-21 15:29:46,031 | INFO  | DNAudit | user=null | ip=null | op=WRITE_CHUNK {blockData=conID: 3 locID: 102655681231061500 bcsId: 2368} | ret=SUCCESS |  
2019-08-21 15:29:46,041 | INFO  | DNAudit | user=null | ip=null | op=WRITE_CHUNK {blockData=conID: 3 locID: 102655681231061500 bcsId: 2368} | ret=SUCCESS |  
2019-08-21 15:29:46,041 | INFO  | DNAudit | user=null | ip=null | op=PUT_BLOCK {blockData=[blockId=conID: 3 locID: 102655681231061500 bcsId: 0,size=3145728]} | ret=SUCCESS |  
2019-08-21 15:29:46,041 [grpc-default-executor-4] INFO  client.GrpcClientProtocolClient (GrpcClientProtocolClient.java:onNext(255)) - client-029E50227556->355864cd-7ac5-4934-b366-9756b15dd90f: receive RaftClientReply:client-029E50227556->355864cd-7ac5-4934-b366-9756b15dd90f@group-785BCF25C267, cid=1650, SUCCESS, logIndex=2373, commits[355864cd-7ac5-4934-b366-9756b15dd90f:c2374, ce4aa411-63c8-4399-99eb-27ce352844f3:c2372, 3eeffb0a-787e-48ec-a2f5-d0c540a89489:c2372]
2019-08-21 15:29:46,042 [grpc-default-executor-4] INFO  client.GrpcClientProtocolClient (GrpcClientProtocolClient.java:onNext(255)) - client-029E50227556->355864cd-7ac5-4934-b366-9756b15dd90f: receive RaftClientReply:client-029E50227556->355864cd-7ac5-4934-b366-9756b15dd90f@group-785BCF25C267, cid=1651, SUCCESS, logIndex=2374, commits[355864cd-7ac5-4934-b366-9756b15dd90f:c2374, ce4aa411-63c8-4399-99eb-27ce352844f3:c2372, 3eeffb0a-787e-48ec-a2f5-d0c540a89489:c2372]
2019-08-21 15:29:46,047 | INFO  | SCMAudit | user=jenkins1000 | ip=192.168.5.153 | op=SEND_HEARTBEAT {datanodeUUID=a0074e04-2715-4b16-a2b0-10b5043d27ae, command=[]} | ret=SUCCESS |  
2019-08-21 15:29:46,047 | INFO  | SCMAudit | user=jenkins1000 | ip=192.168.5.153 | op=SEND_HEARTBEAT {datanodeUUID=a38cd7e0-d792-481c-a4c0-f4feaa89ec8f, command=[]} | ret=SUCCESS |  
2019-08-21 15:29:46,049 | INFO  | DNAudit | user=null | ip=null | op=WRITE_CHUNK {blockData=conID: 3 locID: 102655681231061500 bcsId: 2374} | ret=SUCCESS |  
2019-08-21 15:29:46,051 | INFO  | DNAudit | user=null | ip=null | op=WRITE_CHUNK {blockData=conID: 3 locID: 102655681231061500 bcsId: 2374} | ret=SUCCESS |  
2019-08-21 15:29:46,052 | INFO  | DNAudit | user=null | ip=null | op=WRITE_CHUNK {blockData=conID: 3 locID: 102655681231061500 bcsId: 2374} | ret=SUCCESS |  
2019-08-21 15:29:46,052 | INFO  | DNAudit | user=null | ip=null | op=WRITE_CHUNK {blockData=conID: 3 locID: 102655681231061500 bcsId: 2368} | ret=SUCCESS |  
2019-08-21 15:29:46,053 | INFO  | DNAudit | user=null | ip=null | op=WRITE_CHUNK {blockData=conID: 3 locID: 102655681231061500 bcsId: 2368} | ret=SUCCESS |  
2019-08-21 15:29:46,056 | INFO  | DNAudit | user=null | ip=null | op=PUT_BLOCK {blockData=[blockId=conID: 3 locID: 102655681231061500 bcsId: 0,size=3145728]} | ret=SUCCESS |  
2019-08-21 15:29:46,056 | INFO  | DNAudit | user=null | ip=null | op=PUT_BLOCK {blockData=[blockId=conID: 3 locID: 102655681231061500 bcsId: 0,size=3145728]} | ret=SUCCESS |  
2019-08-21 15:29:46,056 | INFO  | DNAudit | user=null | ip=null | op=WRITE_CHUNK {blockData=conID: 3 locID: 102655681231061500 bcsId: 2374} | ret=SUCCESS |  
2019-08-21 15:29:46,057 | INFO  | DNAudit | user=null | ip=null | op=PUT_BLOCK {blockData=[blockId=conID: 3 locID: 102655681231061500 bcsId: 0,size=4194304]} | ret=SUCCESS |  
2019-08-21 15:29:46,057 [grpc-default-executor-4] INFO  client.GrpcClientProtocolClient (GrpcClientProtocolClient.java:onNext(255)) - client-029E50227556->355864cd-7ac5-4934-b366-9756b15dd90f: receive RaftClientReply:client-029E50227556->355864cd-7ac5-4934-b366-9756b15dd90f@group-785BCF25C267, cid=1652, SUCCESS, logIndex=2377, commits[355864cd-7ac5-4934-b366-9756b15dd90f:c2378, ce4aa411-63c8-4399-99eb-27ce352844f3:c2374, 3eeffb0a-787e-48ec-a2f5-d0c540a89489:c2374]
2019-08-21 15:29:46,057 [grpc-default-executor-4] INFO  client.GrpcClientProtocolClient (GrpcClientProtocolClient.java:onNext(255)) - client-029E50227556->355864cd-7ac5-4934-b366-9756b15dd90f: receive RaftClientReply:client-029E50227556->355864cd-7ac5-4934-b366-9756b15dd90f@group-785BCF25C267, cid=1653, SUCCESS, logIndex=2378, commits[355864cd-7ac5-4934-b366-9756b15dd90f:c2378, ce4aa411-63c8-4399-99eb-27ce352844f3:c2374, 3eeffb0a-787e-48ec-a2f5-d0c540a89489:c2374]
2019-08-21 15:29:46,068 | INFO  | DNAudit | user=null | ip=null | op=WRITE_CHUNK {blockData=conID: 3 locID: 102655681231061500 bcsId: 2374} | ret=SUCCESS |  
2019-08-21 15:29:46,068 | INFO  | DNAudit | user=null | ip=null | op=WRITE_CHUNK {blockData=conID: 3 locID: 102655681231061500 bcsId: 2374} | ret=SUCCESS |  
2019-08-21 15:29:46,068 | INFO  | DNAudit | user=null | ip=null | op=PUT_BLOCK {blockData=[blockId=conID: 3 locID: 102655681231061500 bcsId: 0,size=4194304]} | ret=SUCCESS |  
2019-08-21 15:29:46,069 | INFO  | DNAudit | user=null | ip=null | op=PUT_BLOCK {blockData=[blockId=conID: 3 locID: 102655681231061500 bcsId: 0,size=4194304]} | ret=SUCCESS |  
2019-08-21 15:29:46,069 [grpc-default-executor-4] INFO  client.GrpcClientProtocolClient (GrpcClientProtocolClient.java:onNext(255)) - client-029E50227556->355864cd-7ac5-4934-b366-9756b15dd90f: receive RaftClientReply:client-029E50227556->355864cd-7ac5-4934-b366-9756b15dd90f@group-785BCF25C267, cid=1654, SUCCESS, logIndex=0, commits[355864cd-7ac5-4934-b366-9756b15dd90f:c2379, ce4aa411-63c8-4399-99eb-27ce352844f3:c2378, 3eeffb0a-787e-48ec-a2f5-d0c540a89489:c2378]
2019-08-21 15:29:46,073 | INFO  | SCMAudit | user=jenkins1000 | ip=192.168.5.153 | op=ALLOCATE_BLOCK {owner=78849ec2-2b05-45d8-8cb5-e95e2230dbd1, size=4194304, type=RATIS, factor=THREE} | ret=SUCCESS |  
2019-08-21 15:29:46,077 | INFO  | OMAudit | user=jenkins1000 | ip=127.0.0.1 | op=ALLOCATE_BLOCK {volume=vol-0-32358, bucket=bucket-0-01949, key=key-0-56547, dataSize=0, replicationType=null, replicationFactor=null, keyLocationInfo=null, clientID=102655680532119954} | ret=SUCCESS |  
2019-08-21 15:29:46,083 | INFO  | DNAudit | user=null | ip=null | op=WRITE_CHUNK {blockData=conID: 1 locID: 102655681237680637 bcsId: 0} | ret=SUCCESS |  
2019-08-21 15:29:46,086 | INFO  | DNAudit | user=null | ip=null | op=WRITE_CHUNK {blockData=conID: 1 locID: 102655681237680637 bcsId: 0} | ret=SUCCESS |  
2019-08-21 15:29:46,086 | INFO  | DNAudit | user=null | ip=null | op=WRITE_CHUNK {blockData=conID: 1 locID: 102655681237680637 bcsId: 0} | ret=SUCCESS |  
2019-08-21 15:29:46,087 | INFO  | DNAudit | user=null | ip=null | op=WRITE_CHUNK {blockData=conID: 1 locID: 102655681237680637 bcsId: 0} | ret=SUCCESS |  
2019-08-21 15:29:46,089 | INFO  | DNAudit | user=null | ip=null | op=WRITE_CHUNK {blockData=conID: 1 locID: 102655681237680637 bcsId: 0} | ret=SUCCESS |  
2019-08-21 15:29:46,089 | INFO  | DNAudit | user=null | ip=null | op=WRITE_CHUNK {blockData=conID: 1 locID: 102655681237680637 bcsId: 0} | ret=SUCCESS |  
2019-08-21 15:29:46,094 | INFO  | DNAudit | user=null | ip=null | op=WRITE_CHUNK {blockData=conID: 1 locID: 102655681237680637 bcsId: 0} | ret=SUCCESS |  
2019-08-21 15:29:46,095 | INFO  | DNAudit | user=null | ip=null | op=PUT_BLOCK {blockData=[blockId=conID: 1 locID: 102655681237680637 bcsId: 0,size=1048576]} | ret=SUCCESS |  
2019-08-21 15:29:46,095 [grpc-default-executor-4] INFO  client.GrpcClientProtocolClient (GrpcClientProtocolClient.java:onNext(255)) - client-029E50227556->355864cd-7ac5-4934-b366-9756b15dd90f: receive RaftClientReply:client-029E50227556->355864cd-7ac5-4934-b366-9756b15dd90f@group-785BCF25C267, cid=1655, SUCCESS, logIndex=2381, commits[355864cd-7ac5-4934-b366-9756b15dd90f:c2382, ce4aa411-63c8-4399-99eb-27ce352844f3:c2380, 3eeffb0a-787e-48ec-a2f5-d0c540a89489:c2380]
2019-08-21 15:29:46,095 | INFO  | DNAudit | user=null | ip=null | op=WRITE_CHUNK {blockData=conID: 1 locID: 102655681237680637 bcsId: 0} | ret=SUCCESS |  
2019-08-21 15:29:46,096 [grpc-default-executor-4] INFO  client.GrpcClientProtocolClient (GrpcClientProtocolClient.java:onNext(255)) - client-029E50227556->355864cd-7ac5-4934-b366-9756b15dd90f: receive RaftClientReply:client-029E50227556->355864cd-7ac5-4934-b366-9756b15dd90f@group-785BCF25C267, cid=1656, SUCCESS, logIndex=2382, commits[355864cd-7ac5-4934-b366-9756b15dd90f:c2384, ce4aa411-63c8-4399-99eb-27ce352844f3:c2380, 3eeffb0a-787e-48ec-a2f5-d0c540a89489:c2380]
2019-08-21 15:29:46,096 | INFO  | DNAudit | user=null | ip=null | op=PUT_BLOCK {blockData=[blockId=conID: 1 locID: 102655681237680637 bcsId: 0,size=2097152]} | ret=SUCCESS |  
2019-08-21 15:29:46,096 [grpc-default-executor-4] INFO  client.GrpcClientProtocolClient (GrpcClientProtocolClient.java:onNext(255)) - client-029E50227556->355864cd-7ac5-4934-b366-9756b15dd90f: receive RaftClientReply:client-029E50227556->355864cd-7ac5-4934-b366-9756b15dd90f@group-785BCF25C267, cid=1657, SUCCESS, logIndex=2383, commits[355864cd-7ac5-4934-b366-9756b15dd90f:c2384, ce4aa411-63c8-4399-99eb-27ce352844f3:c2380, 3eeffb0a-787e-48ec-a2f5-d0c540a89489:c2380]
2019-08-21 15:29:46,096 | INFO  | DNAudit | user=null | ip=null | op=WRITE_CHUNK {blockData=conID: 1 locID: 102655681237680637 bcsId: 0} | ret=SUCCESS |  
2019-08-21 15:29:46,097 | INFO  | DNAudit | user=null | ip=null | op=PUT_BLOCK {blockData=[blockId=conID: 1 locID: 102655681237680637 bcsId: 0,size=1048576]} | ret=SUCCESS |  
2019-08-21 15:29:46,097 | INFO  | DNAudit | user=null | ip=null | op=WRITE_CHUNK {blockData=conID: 1 locID: 102655681237680637 bcsId: 0} | ret=SUCCESS |  
2019-08-21 15:29:46,097 | INFO  | DNAudit | user=null | ip=null | op=PUT_BLOCK {blockData=[blockId=conID: 1 locID: 102655681237680637 bcsId: 0,size=1048576]} | ret=SUCCESS |  
2019-08-21 15:29:46,097 [grpc-default-executor-4] INFO  client.GrpcClientProtocolClient (GrpcClientProtocolClient.java:onNext(255)) - client-029E50227556->355864cd-7ac5-4934-b366-9756b15dd90f: receive RaftClientReply:client-029E50227556->355864cd-7ac5-4934-b366-9756b15dd90f@group-785BCF25C267, cid=1658, SUCCESS, logIndex=2384, commits[355864cd-7ac5-4934-b366-9756b15dd90f:c2384, ce4aa411-63c8-4399-99eb-27ce352844f3:c2380, 3eeffb0a-787e-48ec-a2f5-d0c540a89489:c2380]
2019-08-21 15:29:46,097 | INFO  | DNAudit | user=null | ip=null | op=WRITE_CHUNK {blockData=conID: 1 locID: 102655681237680637 bcsId: 0} | ret=SUCCESS |  
2019-08-21 15:29:46,098 | INFO  | DNAudit | user=null | ip=null | op=PUT_BLOCK {blockData=[blockId=conID: 1 locID: 102655681237680637 bcsId: 0,size=2097152]} | ret=SUCCESS |  
2019-08-21 15:29:46,098 [grpc-default-executor-4] INFO  client.GrpcClientProtocolClient (GrpcClientProtocolClient.java:onNext(255)) - client-029E50227556->355864cd-7ac5-4934-b366-9756b15dd90f: receive RaftClientReply:client-029E50227556->355864cd-7ac5-4934-b366-9756b15dd90f@group-785BCF25C267, cid=1659, SUCCESS, logIndex=0, commits[355864cd-7ac5-4934-b366-9756b15dd90f:c2388, ce4aa411-63c8-4399-99eb-27ce352844f3:c2382, 3eeffb0a-787e-48ec-a2f5-d0c540a89489:c2384]
2019-08-21 15:29:46,098 | INFO  | DNAudit | user=null | ip=null | op=WRITE_CHUNK {blockData=conID: 1 locID: 102655681237680637 bcsId: 0} | ret=SUCCESS |  
2019-08-21 15:29:46,098 | INFO  | DNAudit | user=null | ip=null | op=PUT_BLOCK {blockData=[blockId=conID: 1 locID: 102655681237680637 bcsId: 0,size=2097152]} | ret=SUCCESS |  
2019-08-21 15:29:46,104 | INFO  | DNAudit | user=null | ip=null | op=WRITE_CHUNK {blockData=conID: 1 locID: 102655681237680637 bcsId: 2384} | ret=SUCCESS |  
2019-08-21 15:29:46,106 | INFO  | DNAudit | user=null | ip=null | op=WRITE_CHUNK {blockData=conID: 1 locID: 102655681237680637 bcsId: 2384} | ret=SUCCESS |  
2019-08-21 15:29:46,106 | INFO  | DNAudit | user=null | ip=null | op=WRITE_CHUNK {blockData=conID: 1 locID: 102655681237680637 bcsId: 2384} | ret=SUCCESS |  
2019-08-21 15:29:46,115 | INFO  | DNAudit | user=null | ip=null | op=WRITE_CHUNK {blockData=conID: 1 locID: 102655681237680637 bcsId: 2384} | ret=SUCCESS |  
2019-08-21 15:29:46,115 | INFO  | DNAudit | user=null | ip=null | op=PUT_BLOCK {blockData=[blockId=conID: 1 locID: 102655681237680637 bcsId: 0,size=3145728]} | ret=SUCCESS |  
2019-08-21 15:29:46,116 [grpc-default-executor-2] INFO  client.GrpcClientProtocolClient (GrpcClientProtocolClient.java:onNext(255)) - client-029E50227556->355864cd-7ac5-4934-b366-9756b15dd90f: receive RaftClientReply:client-029E50227556->355864cd-7ac5-4934-b366-9756b15dd90f@group-785BCF25C267, cid=1660, SUCCESS, logIndex=2389, commits[355864cd-7ac5-4934-b366-9756b15dd90f:c2390, ce4aa411-63c8-4399-99eb-27ce352844f3:c2388, 3eeffb0a-787e-48ec-a2f5-d0c540a89489:c2388]
2019-08-21 15:29:46,116 [grpc-default-executor-2] INFO  client.GrpcClientProtocolClient (GrpcClientProtocolClient.java:onNext(255)) - client-029E50227556->355864cd-7ac5-4934-b366-9756b15dd90f: receive RaftClientReply:client-029E50227556->355864cd-7ac5-4934-b366-9756b15dd90f@group-785BCF25C267, cid=1661, SUCCESS, logIndex=2390, commits[355864cd-7ac5-4934-b366-9756b15dd90f:c2390, ce4aa411-63c8-4399-99eb-27ce352844f3:c2388, 3eeffb0a-787e-48ec-a2f5-d0c540a89489:c2388]
2019-08-21 15:29:46,122 | INFO  | DNAudit | user=null | ip=null | op=WRITE_CHUNK {blockData=conID: 1 locID: 102655681237680637 bcsId: 2390} | ret=SUCCESS |  
2019-08-21 15:29:46,123 | INFO  | DNAudit | user=null | ip=null | op=WRITE_CHUNK {blockData=conID: 1 locID: 102655681237680637 bcsId: 2390} | ret=SUCCESS |  
2019-08-21 15:29:46,124 | INFO  | DNAudit | user=null | ip=null | op=WRITE_CHUNK {blockData=conID: 1 locID: 102655681237680637 bcsId: 2390} | ret=SUCCESS |  
2019-08-21 15:29:46,125 | INFO  | DNAudit | user=null | ip=null | op=WRITE_CHUNK {blockData=conID: 1 locID: 102655681237680637 bcsId: 2384} | ret=SUCCESS |  
2019-08-21 15:29:46,125 | INFO  | DNAudit | user=null | ip=null | op=WRITE_CHUNK {blockData=conID: 1 locID: 102655681237680637 bcsId: 2384} | ret=SUCCESS |  
2019-08-21 15:29:46,127 | INFO  | DNAudit | user=null | ip=null | op=PUT_BLOCK {blockData=[blockId=conID: 1 locID: 102655681237680637 bcsId: 0,size=3145728]} | ret=SUCCESS |  
2019-08-21 15:29:46,128 | INFO  | DNAudit | user=null | ip=null | op=PUT_BLOCK {blockData=[blockId=conID: 1 locID: 102655681237680637 bcsId: 0,size=3145728]} | ret=SUCCESS |  
2019-08-21 15:29:46,128 | INFO  | DNAudit | user=null | ip=null | op=WRITE_CHUNK {blockData=conID: 1 locID: 102655681237680637 bcsId: 2390} | ret=SUCCESS |  
2019-08-21 15:29:46,128 | INFO  | DNAudit | user=null | ip=null | op=PUT_BLOCK {blockData=[blockId=conID: 1 locID: 102655681237680637 bcsId: 0,size=4194304]} | ret=SUCCESS |  
2019-08-21 15:29:46,129 [grpc-default-executor-5] INFO  client.GrpcClientProtocolClient (GrpcClientProtocolClient.java:onNext(255)) - client-029E50227556->355864cd-7ac5-4934-b366-9756b15dd90f: receive RaftClientReply:client-029E50227556->355864cd-7ac5-4934-b366-9756b15dd90f@group-785BCF25C267, cid=1662, SUCCESS, logIndex=2393, commits[355864cd-7ac5-4934-b366-9756b15dd90f:c2394, ce4aa411-63c8-4399-99eb-27ce352844f3:c2390, 3eeffb0a-787e-48ec-a2f5-d0c540a89489:c2390]
2019-08-21 15:29:46,129 [grpc-default-executor-5] INFO  client.GrpcClientProtocolClient (GrpcClientProtocolClient.java:onNext(255)) - client-029E50227556->355864cd-7ac5-4934-b366-9756b15dd90f: receive RaftClientReply:client-029E50227556->355864cd-7ac5-4934-b366-9756b15dd90f@group-785BCF25C267, cid=1663, SUCCESS, logIndex=2394, commits[355864cd-7ac5-4934-b366-9756b15dd90f:c2394, ce4aa411-63c8-4399-99eb-27ce352844f3:c2390, 3eeffb0a-787e-48ec-a2f5-d0c540a89489:c2390]
2019-08-21 15:29:46,148 | INFO  | DNAudit | user=null | ip=null | op=WRITE_CHUNK {blockData=conID: 1 locID: 102655681237680637 bcsId: 2390} | ret=SUCCESS |  
2019-08-21 15:29:46,148 | INFO  | DNAudit | user=null | ip=null | op=WRITE_CHUNK {blockData=conID: 1 locID: 102655681237680637 bcsId: 2390} | ret=SUCCESS |  
2019-08-21 15:29:46,148 | INFO  | DNAudit | user=null | ip=null | op=PUT_BLOCK {blockData=[blockId=conID: 1 locID: 102655681237680637 bcsId: 0,size=4194304]} | ret=SUCCESS |  
2019-08-21 15:29:46,149 | INFO  | DNAudit | user=null | ip=null | op=PUT_BLOCK {blockData=[blockId=conID: 1 locID: 102655681237680637 bcsId: 0,size=4194304]} | ret=SUCCESS |  
2019-08-21 15:29:46,149 [grpc-default-executor-5] INFO  client.GrpcClientProtocolClient (GrpcClientProtocolClient.java:onNext(255)) - client-029E50227556->355864cd-7ac5-4934-b366-9756b15dd90f: receive RaftClientReply:client-029E50227556->355864cd-7ac5-4934-b366-9756b15dd90f@group-785BCF25C267, cid=1664, SUCCESS, logIndex=0, commits[355864cd-7ac5-4934-b366-9756b15dd90f:c2395, ce4aa411-63c8-4399-99eb-27ce352844f3:c2394, 3eeffb0a-787e-48ec-a2f5-d0c540a89489:c2394]
2019-08-21 15:29:46,154 | INFO  | SCMAudit | user=jenkins1000 | ip=192.168.5.153 | op=ALLOCATE_BLOCK {owner=78849ec2-2b05-45d8-8cb5-e95e2230dbd1, size=4194304, type=RATIS, factor=THREE} | ret=SUCCESS |  
2019-08-21 15:29:46,157 | INFO  | OMAudit | user=jenkins1000 | ip=127.0.0.1 | op=ALLOCATE_BLOCK {volume=vol-0-32358, bucket=bucket-0-01949, key=key-0-56547, dataSize=0, replicationType=null, replicationFactor=null, keyLocationInfo=null, clientID=102655680532119954} | ret=SUCCESS |  
2019-08-21 15:29:46,260 | INFO  | DNAudit | user=null | ip=null | op=WRITE_CHUNK {blockData=conID: 2 locID: 102655681242989054 bcsId: 0} | ret=SUCCESS |  
2019-08-21 15:29:46,263 | INFO  | DNAudit | user=null | ip=null | op=WRITE_CHUNK {blockData=conID: 2 locID: 102655681242989054 bcsId: 0} | ret=SUCCESS |  
2019-08-21 15:29:46,264 | INFO  | DNAudit | user=null | ip=null | op=WRITE_CHUNK {blockData=conID: 2 locID: 102655681242989054 bcsId: 0} | ret=SUCCESS |  
2019-08-21 15:29:46,264 | INFO  | DNAudit | user=null | ip=null | op=WRITE_CHUNK {blockData=conID: 2 locID: 102655681242989054 bcsId: 0} | ret=SUCCESS |  
2019-08-21 15:29:46,266 | INFO  | DNAudit | user=null | ip=null | op=WRITE_CHUNK {blockData=conID: 2 locID: 102655681242989054 bcsId: 0} | ret=SUCCESS |  
2019-08-21 15:29:46,266 | INFO  | DNAudit | user=null | ip=null | op=WRITE_CHUNK {blockData=conID: 2 locID: 102655681242989054 bcsId: 0} | ret=SUCCESS |  
2019-08-21 15:29:46,273 | INFO  | DNAudit | user=null | ip=null | op=WRITE_CHUNK {blockData=conID: 2 locID: 102655681242989054 bcsId: 0} | ret=SUCCESS |  
2019-08-21 15:29:46,274 | INFO  | DNAudit | user=null | ip=null | op=PUT_BLOCK {blockData=[blockId=conID: 2 locID: 102655681242989054 bcsId: 0,size=1048576]} | ret=SUCCESS |  
2019-08-21 15:29:46,274 [grpc-default-executor-4] INFO  client.GrpcClientProtocolClient (GrpcClientProtocolClient.java:onNext(255)) - client-029E50227556->355864cd-7ac5-4934-b366-9756b15dd90f: receive RaftClientReply:client-029E50227556->355864cd-7ac5-4934-b366-9756b15dd90f@group-785BCF25C267, cid=1665, SUCCESS, logIndex=2397, commits[355864cd-7ac5-4934-b366-9756b15dd90f:c2400, ce4aa411-63c8-4399-99eb-27ce352844f3:c2396, 3eeffb0a-787e-48ec-a2f5-d0c540a89489:c2396]
2019-08-21 15:29:46,274 | INFO  | DNAudit | user=null | ip=null | op=WRITE_CHUNK {blockData=conID: 2 locID: 102655681242989054 bcsId: 0} | ret=SUCCESS |  
2019-08-21 15:29:46,275 | INFO  | DNAudit | user=null | ip=null | op=WRITE_CHUNK {blockData=conID: 2 locID: 102655681242989054 bcsId: 0} | ret=SUCCESS |  
2019-08-21 15:29:46,275 [grpc-default-executor-2] INFO  client.GrpcClientProtocolClient (GrpcClientProtocolClient.java:onNext(255)) - client-029E50227556->355864cd-7ac5-4934-b366-9756b15dd90f: receive RaftClientReply:client-029E50227556->355864cd-7ac5-4934-b366-9756b15dd90f@group-785BCF25C267, cid=1666, SUCCESS, logIndex=2398, commits[355864cd-7ac5-4934-b366-9756b15dd90f:c2400, ce4aa411-63c8-4399-99eb-27ce352844f3:c2396, 3eeffb0a-787e-48ec-a2f5-d0c540a89489:c2396]
2019-08-21 15:29:46,275 | INFO  | DNAudit | user=null | ip=null | op=PUT_BLOCK {blockData=[blockId=conID: 2 locID: 102655681242989054 bcsId: 0,size=2097152]} | ret=SUCCESS |  
2019-08-21 15:29:46,275 [grpc-default-executor-2] INFO  client.GrpcClientProtocolClient (GrpcClientProtocolClient.java:onNext(255)) - client-029E50227556->355864cd-7ac5-4934-b366-9756b15dd90f: receive RaftClientReply:client-029E50227556->355864cd-7ac5-4934-b366-9756b15dd90f@group-785BCF25C267, cid=1667, SUCCESS, logIndex=2399, commits[355864cd-7ac5-4934-b366-9756b15dd90f:c2400, ce4aa411-63c8-4399-99eb-27ce352844f3:c2396, 3eeffb0a-787e-48ec-a2f5-d0c540a89489:c2396]
2019-08-21 15:29:46,276 | INFO  | DNAudit | user=null | ip=null | op=PUT_BLOCK {blockData=[blockId=conID: 2 locID: 102655681242989054 bcsId: 0,size=1048576]} | ret=SUCCESS |  
2019-08-21 15:29:46,276 [grpc-default-executor-2] INFO  client.GrpcClientProtocolClient (GrpcClientProtocolClient.java:onNext(255)) - client-029E50227556->355864cd-7ac5-4934-b366-9756b15dd90f: receive RaftClientReply:client-029E50227556->355864cd-7ac5-4934-b366-9756b15dd90f@group-785BCF25C267, cid=1668, SUCCESS, logIndex=2400, commits[355864cd-7ac5-4934-b366-9756b15dd90f:c2401, ce4aa411-63c8-4399-99eb-27ce352844f3:c2397, 3eeffb0a-787e-48ec-a2f5-d0c540a89489:c2396]
2019-08-21 15:29:46,276 | INFO  | DNAudit | user=null | ip=null | op=WRITE_CHUNK {blockData=conID: 2 locID: 102655681242989054 bcsId: 0} | ret=SUCCESS |  
2019-08-21 15:29:46,276 | INFO  | DNAudit | user=null | ip=null | op=PUT_BLOCK {blockData=[blockId=conID: 2 locID: 102655681242989054 bcsId: 0,size=2097152]} | ret=SUCCESS |  
2019-08-21 15:29:46,277 | INFO  | DNAudit | user=null | ip=null | op=WRITE_CHUNK {blockData=conID: 2 locID: 102655681242989054 bcsId: 0} | ret=SUCCESS |  
2019-08-21 15:29:46,277 | INFO  | DNAudit | user=null | ip=null | op=PUT_BLOCK {blockData=[blockId=conID: 2 locID: 102655681242989054 bcsId: 0,size=1048576]} | ret=SUCCESS |  
2019-08-21 15:29:46,277 [grpc-default-executor-2] INFO  client.GrpcClientProtocolClient (GrpcClientProtocolClient.java:onNext(255)) - client-029E50227556->355864cd-7ac5-4934-b366-9756b15dd90f: receive RaftClientReply:client-029E50227556->355864cd-7ac5-4934-b366-9756b15dd90f@group-785BCF25C267, cid=1669, SUCCESS, logIndex=0, commits[355864cd-7ac5-4934-b366-9756b15dd90f:c2404, ce4aa411-63c8-4399-99eb-27ce352844f3:c2400, 3eeffb0a-787e-48ec-a2f5-d0c540a89489:c2398]
2019-08-21 15:29:46,277 | INFO  | DNAudit | user=null | ip=null | op=WRITE_CHUNK {blockData=conID: 2 locID: 102655681242989054 bcsId: 0} | ret=SUCCESS |  
2019-08-21 15:29:46,278 | INFO  | DNAudit | user=null | ip=null | op=PUT_BLOCK {blockData=[blockId=conID: 2 locID: 102655681242989054 bcsId: 0,size=2097152]} | ret=SUCCESS |  
2019-08-21 15:29:46,284 | INFO  | DNAudit | user=null | ip=null | op=WRITE_CHUNK {blockData=conID: 2 locID: 102655681242989054 bcsId: 2400} | ret=SUCCESS |  
2019-08-21 15:29:46,287 | INFO  | DNAudit | user=null | ip=null | op=WRITE_CHUNK {blockData=conID: 2 locID: 102655681242989054 bcsId: 2400} | ret=SUCCESS |  
2019-08-21 15:29:46,287 | INFO  | DNAudit | user=null | ip=null | op=WRITE_CHUNK {blockData=conID: 2 locID: 102655681242989054 bcsId: 2400} | ret=SUCCESS |  
2019-08-21 15:29:46,297 | INFO  | DNAudit | user=null | ip=null | op=WRITE_CHUNK {blockData=conID: 2 locID: 102655681242989054 bcsId: 2400} | ret=SUCCESS |  
2019-08-21 15:29:46,298 | INFO  | DNAudit | user=null | ip=null | op=PUT_BLOCK {blockData=[blockId=conID: 2 locID: 102655681242989054 bcsId: 0,size=3145728]} | ret=SUCCESS |  
2019-08-21 15:29:46,298 [grpc-default-executor-2] INFO  client.GrpcClientProtocolClient (GrpcClientProtocolClient.java:onNext(255)) - client-029E50227556->355864cd-7ac5-4934-b366-9756b15dd90f: receive RaftClientReply:client-029E50227556->355864cd-7ac5-4934-b366-9756b15dd90f@group-785BCF25C267, cid=1670, SUCCESS, logIndex=2405, commits[355864cd-7ac5-4934-b366-9756b15dd90f:c2406, ce4aa411-63c8-4399-99eb-27ce352844f3:c2404, 3eeffb0a-787e-48ec-a2f5-d0c540a89489:c2404]
2019-08-21 15:29:46,298 [grpc-default-executor-2] INFO  client.GrpcClientProtocolClient (GrpcClientProtocolClient.java:onNext(255)) - client-029E50227556->355864cd-7ac5-4934-b366-9756b15dd90f: receive RaftClientReply:client-029E50227556->355864cd-7ac5-4934-b366-9756b15dd90f@group-785BCF25C267, cid=1671, SUCCESS, logIndex=2406, commits[355864cd-7ac5-4934-b366-9756b15dd90f:c2406, ce4aa411-63c8-4399-99eb-27ce352844f3:c2404, 3eeffb0a-787e-48ec-a2f5-d0c540a89489:c2404]
2019-08-21 15:29:46,305 | INFO  | DNAudit | user=null | ip=null | op=WRITE_CHUNK {blockData=conID: 2 locID: 102655681242989054 bcsId: 2406} | ret=SUCCESS |  
2019-08-21 15:29:46,307 | INFO  | DNAudit | user=null | ip=null | op=WRITE_CHUNK {blockData=conID: 2 locID: 102655681242989054 bcsId: 2406} | ret=SUCCESS |  
2019-08-21 15:29:46,308 | INFO  | DNAudit | user=null | ip=null | op=WRITE_CHUNK {blockData=conID: 2 locID: 102655681242989054 bcsId: 2406} | ret=SUCCESS |  
2019-08-21 15:29:46,309 | INFO  | DNAudit | user=null | ip=null | op=WRITE_CHUNK {blockData=conID: 2 locID: 102655681242989054 bcsId: 2400} | ret=SUCCESS |  
2019-08-21 15:29:46,309 | INFO  | DNAudit | user=null | ip=null | op=WRITE_CHUNK {blockData=conID: 2 locID: 102655681242989054 bcsId: 2400} | ret=SUCCESS |  
2019-08-21 15:29:46,311 | INFO  | DNAudit | user=null | ip=null | op=PUT_BLOCK {blockData=[blockId=conID: 2 locID: 102655681242989054 bcsId: 0,size=3145728]} | ret=SUCCESS |  
2019-08-21 15:29:46,311 | INFO  | DNAudit | user=null | ip=null | op=PUT_BLOCK {blockData=[blockId=conID: 2 locID: 102655681242989054 bcsId: 0,size=3145728]} | ret=SUCCESS |  
2019-08-21 15:29:46,312 | INFO  | DNAudit | user=null | ip=null | op=WRITE_CHUNK {blockData=conID: 2 locID: 102655681242989054 bcsId: 2406} | ret=SUCCESS |  
2019-08-21 15:29:46,313 | INFO  | DNAudit | user=null | ip=null | op=PUT_BLOCK {blockData=[blockId=conID: 2 locID: 102655681242989054 bcsId: 0,size=4194304]} | ret=SUCCESS |  
2019-08-21 15:29:46,313 [grpc-default-executor-2] INFO  client.GrpcClientProtocolClient (GrpcClientProtocolClient.java:onNext(255)) - client-029E50227556->355864cd-7ac5-4934-b366-9756b15dd90f: receive RaftClientReply:client-029E50227556->355864cd-7ac5-4934-b366-9756b15dd90f@group-785BCF25C267, cid=1672, SUCCESS, logIndex=2409, commits[355864cd-7ac5-4934-b366-9756b15dd90f:c2410, ce4aa411-63c8-4399-99eb-27ce352844f3:c2406, 3eeffb0a-787e-48ec-a2f5-d0c540a89489:c2406]
2019-08-21 15:29:46,313 [grpc-default-executor-2] INFO  client.GrpcClientProtocolClient (GrpcClientProtocolClient.java:onNext(255)) - client-029E50227556->355864cd-7ac5-4934-b366-9756b15dd90f: receive RaftClientReply:client-029E50227556->355864cd-7ac5-4934-b366-9756b15dd90f@group-785BCF25C267, cid=1673, SUCCESS, logIndex=2410, commits[355864cd-7ac5-4934-b366-9756b15dd90f:c2410, ce4aa411-63c8-4399-99eb-27ce352844f3:c2406, 3eeffb0a-787e-48ec-a2f5-d0c540a89489:c2406]
2019-08-21 15:29:46,323 | INFO  | DNAudit | user=null | ip=null | op=WRITE_CHUNK {blockData=conID: 2 locID: 102655681242989054 bcsId: 2406} | ret=SUCCESS |  
2019-08-21 15:29:46,323 | INFO  | DNAudit | user=null | ip=null | op=WRITE_CHUNK {blockData=conID: 2 locID: 102655681242989054 bcsId: 2406} | ret=SUCCESS |  
2019-08-21 15:29:46,326 | INFO  | DNAudit | user=null | ip=null | op=PUT_BLOCK {blockData=[blockId=conID: 2 locID: 102655681242989054 bcsId: 0,size=4194304]} | ret=SUCCESS |  
2019-08-21 15:29:46,326 | INFO  | DNAudit | user=null | ip=null | op=PUT_BLOCK {blockData=[blockId=conID: 2 locID: 102655681242989054 bcsId: 0,size=4194304]} | ret=SUCCESS |  
2019-08-21 15:29:46,327 [grpc-default-executor-4] INFO  client.GrpcClientProtocolClient (GrpcClientProtocolClient.java:onNext(255)) - client-029E50227556->355864cd-7ac5-4934-b366-9756b15dd90f: receive RaftClientReply:client-029E50227556->355864cd-7ac5-4934-b366-9756b15dd90f@group-785BCF25C267, cid=1674, SUCCESS, logIndex=0, commits[355864cd-7ac5-4934-b366-9756b15dd90f:c2411, ce4aa411-63c8-4399-99eb-27ce352844f3:c2410, 3eeffb0a-787e-48ec-a2f5-d0c540a89489:c2410]
2019-08-21 15:29:46,332 | INFO  | SCMAudit | user=jenkins1000 | ip=192.168.5.153 | op=ALLOCATE_BLOCK {owner=78849ec2-2b05-45d8-8cb5-e95e2230dbd1, size=4194304, type=RATIS, factor=THREE} | ret=SUCCESS |  
2019-08-21 15:29:46,336 | INFO  | OMAudit | user=jenkins1000 | ip=127.0.0.1 | op=ALLOCATE_BLOCK {volume=vol-0-32358, bucket=bucket-0-01949, key=key-0-56547, dataSize=0, replicationType=null, replicationFactor=null, keyLocationInfo=null, clientID=102655680532119954} | ret=SUCCESS |  
2019-08-21 15:29:46,344 | INFO  | DNAudit | user=null | ip=null | op=WRITE_CHUNK {blockData=conID: 3 locID: 102655681254654463 bcsId: 0} | ret=SUCCESS |  
2019-08-21 15:29:46,347 | INFO  | DNAudit | user=null | ip=null | op=WRITE_CHUNK {blockData=conID: 3 locID: 102655681254654463 bcsId: 0} | ret=SUCCESS |  
2019-08-21 15:29:46,347 | INFO  | DNAudit | user=null | ip=null | op=WRITE_CHUNK {blockData=conID: 3 locID: 102655681254654463 bcsId: 0} | ret=SUCCESS |  
2019-08-21 15:29:46,347 | INFO  | DNAudit | user=null | ip=null | op=WRITE_CHUNK {blockData=conID: 3 locID: 102655681254654463 bcsId: 0} | ret=SUCCESS |  
2019-08-21 15:29:46,350 | INFO  | DNAudit | user=null | ip=null | op=WRITE_CHUNK {blockData=conID: 3 locID: 102655681254654463 bcsId: 0} | ret=SUCCESS |  
2019-08-21 15:29:46,350 | INFO  | DNAudit | user=null | ip=null | op=WRITE_CHUNK {blockData=conID: 3 locID: 102655681254654463 bcsId: 0} | ret=SUCCESS |  
2019-08-21 15:29:46,357 | INFO  | DNAudit | user=null | ip=null | op=WRITE_CHUNK {blockData=conID: 3 locID: 102655681254654463 bcsId: 0} | ret=SUCCESS |  
2019-08-21 15:29:46,357 | INFO  | DNAudit | user=null | ip=null | op=PUT_BLOCK {blockData=[blockId=conID: 3 locID: 102655681254654463 bcsId: 0,size=1048576]} | ret=SUCCESS |  
2019-08-21 15:29:46,358 [grpc-default-executor-2] INFO  client.GrpcClientProtocolClient (GrpcClientProtocolClient.java:onNext(255)) - client-029E50227556->355864cd-7ac5-4934-b366-9756b15dd90f: receive RaftClientReply:client-029E50227556->355864cd-7ac5-4934-b366-9756b15dd90f@group-785BCF25C267, cid=1675, SUCCESS, logIndex=2413, commits[355864cd-7ac5-4934-b366-9756b15dd90f:c2414, ce4aa411-63c8-4399-99eb-27ce352844f3:c2412, 3eeffb0a-787e-48ec-a2f5-d0c540a89489:c2412]
2019-08-21 15:29:46,358 | INFO  | DNAudit | user=null | ip=null | op=WRITE_CHUNK {blockData=conID: 3 locID: 102655681254654463 bcsId: 0} | ret=SUCCESS |  
2019-08-21 15:29:46,358 [grpc-default-executor-5] INFO  client.GrpcClientProtocolClient (GrpcClientProtocolClient.java:onNext(255)) - client-029E50227556->355864cd-7ac5-4934-b366-9756b15dd90f: receive RaftClientReply:client-029E50227556->355864cd-7ac5-4934-b366-9756b15dd90f@group-785BCF25C267, cid=1676, SUCCESS, logIndex=2414, commits[355864cd-7ac5-4934-b366-9756b15dd90f:c2414, ce4aa411-63c8-4399-99eb-27ce352844f3:c2412, 3eeffb0a-787e-48ec-a2f5-d0c540a89489:c2412]
2019-08-21 15:29:46,358 | INFO  | DNAudit | user=null | ip=null | op=PUT_BLOCK {blockData=[blockId=conID: 3 locID: 102655681254654463 bcsId: 0,size=2097152]} | ret=SUCCESS |  
2019-08-21 15:29:46,358 | INFO  | SCMAudit | user=jenkins1000 | ip=192.168.5.153 | op=SEND_HEARTBEAT {datanodeUUID=355864cd-7ac5-4934-b366-9756b15dd90f, command=[]} | ret=SUCCESS |  
2019-08-21 15:29:46,358 | INFO  | SCMAudit | user=jenkins1000 | ip=192.168.5.153 | op=SEND_HEARTBEAT {datanodeUUID=ce4aa411-63c8-4399-99eb-27ce352844f3, command=[]} | ret=SUCCESS |  
2019-08-21 15:29:46,358 | INFO  | SCMAudit | user=jenkins1000 | ip=192.168.5.153 | op=SEND_HEARTBEAT {datanodeUUID=3eeffb0a-787e-48ec-a2f5-d0c540a89489, command=[]} | ret=SUCCESS |  
2019-08-21 15:29:46,359 [grpc-default-executor-4] INFO  client.GrpcClientProtocolClient (GrpcClientProtocolClient.java:onNext(255)) - client-029E50227556->355864cd-7ac5-4934-b366-9756b15dd90f: receive RaftClientReply:client-029E50227556->355864cd-7ac5-4934-b366-9756b15dd90f@group-785BCF25C267, cid=1677, SUCCESS, logIndex=2415, commits[355864cd-7ac5-4934-b366-9756b15dd90f:c2416, ce4aa411-63c8-4399-99eb-27ce352844f3:c2412, 3eeffb0a-787e-48ec-a2f5-d0c540a89489:c2412]
2019-08-21 15:29:46,359 [grpc-default-executor-4] INFO  client.GrpcClientProtocolClient (GrpcClientProtocolClient.java:onNext(255)) - client-029E50227556->355864cd-7ac5-4934-b366-9756b15dd90f: receive RaftClientReply:client-029E50227556->355864cd-7ac5-4934-b366-9756b15dd90f@group-785BCF25C267, cid=1678, SUCCESS, logIndex=2416, commits[355864cd-7ac5-4934-b366-9756b15dd90f:c2416, ce4aa411-63c8-4399-99eb-27ce352844f3:c2412, 3eeffb0a-787e-48ec-a2f5-d0c540a89489:c2412]
 0.00% |█                                                                                                    |  0/1 Time: 0:00:112019-08-21 15:29:46,371 | INFO  | DNAudit | user=null | ip=null | op=WRITE_CHUNK {blockData=conID: 3 locID: 102655681254654463 bcsId: 0} | ret=SUCCESS |  
2019-08-21 15:29:46,371 | INFO  | DNAudit | user=null | ip=null | op=PUT_BLOCK {blockData=[blockId=conID: 3 locID: 102655681254654463 bcsId: 0,size=1048576]} | ret=SUCCESS |  
2019-08-21 15:29:46,372 | INFO  | DNAudit | user=null | ip=null | op=WRITE_CHUNK {blockData=conID: 3 locID: 102655681254654463 bcsId: 0} | ret=SUCCESS |  
2019-08-21 15:29:46,372 | INFO  | DNAudit | user=null | ip=null | op=PUT_BLOCK {blockData=[blockId=conID: 3 locID: 102655681254654463 bcsId: 0,size=1048576]} | ret=SUCCESS |  
2019-08-21 15:29:46,372 | INFO  | DNAudit | user=null | ip=null | op=WRITE_CHUNK {blockData=conID: 3 locID: 102655681254654463 bcsId: 0} | ret=SUCCESS |  
2019-08-21 15:29:46,372 [grpc-default-executor-5] INFO  client.GrpcClientProtocolClient (GrpcClientProtocolClient.java:onNext(255)) - client-029E50227556->355864cd-7ac5-4934-b366-9756b15dd90f: receive RaftClientReply:client-029E50227556->355864cd-7ac5-4934-b366-9756b15dd90f@group-785BCF25C267, cid=1679, SUCCESS, logIndex=0, commits[355864cd-7ac5-4934-b366-9756b15dd90f:c2418, ce4aa411-63c8-4399-99eb-27ce352844f3:c2414, 3eeffb0a-787e-48ec-a2f5-d0c540a89489:c2414]
2019-08-21 15:29:46,372 | INFO  | DNAudit | user=null | ip=null | op=WRITE_CHUNK {blockData=conID: 3 locID: 102655681254654463 bcsId: 0} | ret=SUCCESS |  
2019-08-21 15:29:46,372 | INFO  | DNAudit | user=null | ip=null | op=PUT_BLOCK {blockData=[blockId=conID: 3 locID: 102655681254654463 bcsId: 0,size=2097152]} | ret=SUCCESS |  
2019-08-21 15:29:46,373 | INFO  | DNAudit | user=null | ip=null | op=PUT_BLOCK {blockData=[blockId=conID: 3 locID: 102655681254654463 bcsId: 0,size=2097152]} | ret=SUCCESS |  
2019-08-21 15:29:46,379 | INFO  | DNAudit | user=null | ip=null | op=WRITE_CHUNK {blockData=conID: 3 locID: 102655681254654463 bcsId: 2416} | ret=SUCCESS |  
2019-08-21 15:29:46,381 | INFO  | DNAudit | user=null | ip=null | op=WRITE_CHUNK {blockData=conID: 3 locID: 102655681254654463 bcsId: 2416} | ret=SUCCESS |  
2019-08-21 15:29:46,381 | INFO  | DNAudit | user=null | ip=null | op=WRITE_CHUNK {blockData=conID: 3 locID: 102655681254654463 bcsId: 2416} | ret=SUCCESS |  
2019-08-21 15:29:46,392 | INFO  | DNAudit | user=null | ip=null | op=WRITE_CHUNK {blockData=conID: 3 locID: 102655681254654463 bcsId: 2416} | ret=SUCCESS |  
2019-08-21 15:29:46,392 | INFO  | DNAudit | user=null | ip=null | op=PUT_BLOCK {blockData=[blockId=conID: 3 locID: 102655681254654463 bcsId: 0,size=3145728]} | ret=SUCCESS |  
2019-08-21 15:29:46,392 [grpc-default-executor-3] INFO  client.GrpcClientProtocolClient (GrpcClientProtocolClient.java:onNext(255)) - client-029E50227556->355864cd-7ac5-4934-b366-9756b15dd90f: receive RaftClientReply:client-029E50227556->355864cd-7ac5-4934-b366-9756b15dd90f@group-785BCF25C267, cid=1680, SUCCESS, logIndex=2421, commits[355864cd-7ac5-4934-b366-9756b15dd90f:c2422, ce4aa411-63c8-4399-99eb-27ce352844f3:c2420, 3eeffb0a-787e-48ec-a2f5-d0c540a89489:c2420]
2019-08-21 15:29:46,393 [grpc-default-executor-3] INFO  client.GrpcClientProtocolClient (GrpcClientProtocolClient.java:onNext(255)) - client-029E50227556->355864cd-7ac5-4934-b366-9756b15dd90f: receive RaftClientReply:client-029E50227556->355864cd-7ac5-4934-b366-9756b15dd90f@group-785BCF25C267, cid=1681, SUCCESS, logIndex=2422, commits[355864cd-7ac5-4934-b366-9756b15dd90f:c2422, ce4aa411-63c8-4399-99eb-27ce352844f3:c2420, 3eeffb0a-787e-48ec-a2f5-d0c540a89489:c2420]
2019-08-21 15:29:46,399 | INFO  | DNAudit | user=null | ip=null | op=WRITE_CHUNK {blockData=conID: 3 locID: 102655681254654463 bcsId: 2422} | ret=SUCCESS |  
2019-08-21 15:29:46,401 | INFO  | DNAudit | user=null | ip=null | op=WRITE_CHUNK {blockData=conID: 3 locID: 102655681254654463 bcsId: 2422} | ret=SUCCESS |  
2019-08-21 15:29:46,401 | INFO  | DNAudit | user=null | ip=null | op=WRITE_CHUNK {blockData=conID: 3 locID: 102655681254654463 bcsId: 2422} | ret=SUCCESS |  
2019-08-21 15:29:46,403 | INFO  | DNAudit | user=null | ip=null | op=WRITE_CHUNK {blockData=conID: 3 locID: 102655681254654463 bcsId: 2416} | ret=SUCCESS |  
2019-08-21 15:29:46,403 | INFO  | DNAudit | user=null | ip=null | op=WRITE_CHUNK {blockData=conID: 3 locID: 102655681254654463 bcsId: 2416} | ret=SUCCESS |  
2019-08-21 15:29:46,406 | INFO  | DNAudit | user=null | ip=null | op=PUT_BLOCK {blockData=[blockId=conID: 3 locID: 102655681254654463 bcsId: 0,size=3145728]} | ret=SUCCESS |  
2019-08-21 15:29:46,406 | INFO  | DNAudit | user=null | ip=null | op=PUT_BLOCK {blockData=[blockId=conID: 3 locID: 102655681254654463 bcsId: 0,size=3145728]} | ret=SUCCESS |  
2019-08-21 15:29:46,406 | INFO  | DNAudit | user=null | ip=null | op=WRITE_CHUNK {blockData=conID: 3 locID: 102655681254654463 bcsId: 2422} | ret=SUCCESS |  
2019-08-21 15:29:46,407 | INFO  | DNAudit | user=null | ip=null | op=PUT_BLOCK {blockData=[blockId=conID: 3 locID: 102655681254654463 bcsId: 0,size=4194304]} | ret=SUCCESS |  
2019-08-21 15:29:46,407 [grpc-default-executor-4] INFO  client.GrpcClientProtocolClient (GrpcClientProtocolClient.java:onNext(255)) - client-029E50227556->355864cd-7ac5-4934-b366-9756b15dd90f: receive RaftClientReply:client-029E50227556->355864cd-7ac5-4934-b366-9756b15dd90f@group-785BCF25C267, cid=1682, SUCCESS, logIndex=2425, commits[355864cd-7ac5-4934-b366-9756b15dd90f:c2426, ce4aa411-63c8-4399-99eb-27ce352844f3:c2422, 3eeffb0a-787e-48ec-a2f5-d0c540a89489:c2422]
2019-08-21 15:29:46,407 [grpc-default-executor-4] INFO  client.GrpcClientProtocolClient (GrpcClientProtocolClient.java:onNext(255)) - client-029E50227556->355864cd-7ac5-4934-b366-9756b15dd90f: receive RaftClientReply:client-029E50227556->355864cd-7ac5-4934-b366-9756b15dd90f@group-785BCF25C267, cid=1683, SUCCESS, logIndex=2426, commits[355864cd-7ac5-4934-b366-9756b15dd90f:c2426, ce4aa411-63c8-4399-99eb-27ce352844f3:c2422, 3eeffb0a-787e-48ec-a2f5-d0c540a89489:c2422]
2019-08-21 15:29:46,424 | INFO  | DNAudit | user=null | ip=null | op=WRITE_CHUNK {blockData=conID: 3 locID: 102655681254654463 bcsId: 2422} | ret=SUCCESS |  
2019-08-21 15:29:46,424 | INFO  | DNAudit | user=null | ip=null | op=WRITE_CHUNK {blockData=conID: 3 locID: 102655681254654463 bcsId: 2422} | ret=SUCCESS |  
2019-08-21 15:29:46,426 | INFO  | DNAudit | user=null | ip=null | op=PUT_BLOCK {blockData=[blockId=conID: 3 locID: 102655681254654463 bcsId: 0,size=4194304]} | ret=SUCCESS |  
2019-08-21 15:29:46,427 | INFO  | DNAudit | user=null | ip=null | op=PUT_BLOCK {blockData=[blockId=conID: 3 locID: 102655681254654463 bcsId: 0,size=4194304]} | ret=SUCCESS |  
2019-08-21 15:29:46,427 [grpc-default-executor-4] INFO  client.GrpcClientProtocolClient (GrpcClientProtocolClient.java:onNext(255)) - client-029E50227556->355864cd-7ac5-4934-b366-9756b15dd90f: receive RaftClientReply:client-029E50227556->355864cd-7ac5-4934-b366-9756b15dd90f@group-785BCF25C267, cid=1684, SUCCESS, logIndex=0, commits[355864cd-7ac5-4934-b366-9756b15dd90f:c2428, ce4aa411-63c8-4399-99eb-27ce352844f3:c2426, 3eeffb0a-787e-48ec-a2f5-d0c540a89489:c2426]
2019-08-21 15:29:46,431 | INFO  | SCMAudit | user=jenkins1000 | ip=192.168.5.153 | op=ALLOCATE_BLOCK {owner=78849ec2-2b05-45d8-8cb5-e95e2230dbd1, size=4194304, type=RATIS, factor=THREE} | ret=SUCCESS |  
2019-08-21 15:29:46,433 | INFO  | OMAudit | user=jenkins1000 | ip=127.0.0.1 | op=ALLOCATE_BLOCK {volume=vol-0-32358, bucket=bucket-0-01949, key=key-0-56547, dataSize=0, replicationType=null, replicationFactor=null, keyLocationInfo=null, clientID=102655680532119954} | ret=SUCCESS |  
2019-08-21 15:29:46,441 | INFO  | DNAudit | user=null | ip=null | op=WRITE_CHUNK {blockData=conID: 1 locID: 102655681261142528 bcsId: 0} | ret=SUCCESS |  
2019-08-21 15:29:46,443 | INFO  | DNAudit | user=null | ip=null | op=WRITE_CHUNK {blockData=conID: 1 locID: 102655681261142528 bcsId: 0} | ret=SUCCESS |  
2019-08-21 15:29:46,443 | INFO  | DNAudit | user=null | ip=null | op=WRITE_CHUNK {blockData=conID: 1 locID: 102655681261142528 bcsId: 0} | ret=SUCCESS |  
2019-08-21 15:29:46,444 | INFO  | DNAudit | user=null | ip=null | op=WRITE_CHUNK {blockData=conID: 1 locID: 102655681261142528 bcsId: 0} | ret=SUCCESS |  
2019-08-21 15:29:46,445 | INFO  | DNAudit | user=null | ip=null | op=WRITE_CHUNK {blockData=conID: 1 locID: 102655681261142528 bcsId: 0} | ret=SUCCESS |  
2019-08-21 15:29:46,446 | INFO  | DNAudit | user=null | ip=null | op=WRITE_CHUNK {blockData=conID: 1 locID: 102655681261142528 bcsId: 0} | ret=SUCCESS |  
2019-08-21 15:29:46,453 | INFO  | DNAudit | user=null | ip=null | op=WRITE_CHUNK {blockData=conID: 1 locID: 102655681261142528 bcsId: 0} | ret=SUCCESS |  
2019-08-21 15:29:46,454 | INFO  | DNAudit | user=null | ip=null | op=PUT_BLOCK {blockData=[blockId=conID: 1 locID: 102655681261142528 bcsId: 0,size=1048576]} | ret=SUCCESS |  
2019-08-21 15:29:46,454 [grpc-default-executor-4] INFO  client.GrpcClientProtocolClient (GrpcClientProtocolClient.java:onNext(255)) - client-029E50227556->355864cd-7ac5-4934-b366-9756b15dd90f: receive RaftClientReply:client-029E50227556->355864cd-7ac5-4934-b366-9756b15dd90f@group-785BCF25C267, cid=1685, SUCCESS, logIndex=2429, commits[355864cd-7ac5-4934-b366-9756b15dd90f:c2430, ce4aa411-63c8-4399-99eb-27ce352844f3:c2428, 3eeffb0a-787e-48ec-a2f5-d0c540a89489:c2428]
2019-08-21 15:29:46,454 | INFO  | DNAudit | user=null | ip=null | op=WRITE_CHUNK {blockData=conID: 1 locID: 102655681261142528 bcsId: 0} | ret=SUCCESS |  
2019-08-21 15:29:46,454 [grpc-default-executor-4] INFO  client.GrpcClientProtocolClient (GrpcClientProtocolClient.java:onNext(255)) - client-029E50227556->355864cd-7ac5-4934-b366-9756b15dd90f: receive RaftClientReply:client-029E50227556->355864cd-7ac5-4934-b366-9756b15dd90f@group-785BCF25C267, cid=1686, SUCCESS, logIndex=2430, commits[355864cd-7ac5-4934-b366-9756b15dd90f:c2430, ce4aa411-63c8-4399-99eb-27ce352844f3:c2428, 3eeffb0a-787e-48ec-a2f5-d0c540a89489:c2428]
2019-08-21 15:29:46,455 | INFO  | DNAudit | user=null | ip=null | op=PUT_BLOCK {blockData=[blockId=conID: 1 locID: 102655681261142528 bcsId: 0,size=2097152]} | ret=SUCCESS |  
2019-08-21 15:29:46,455 [grpc-default-executor-4] INFO  client.GrpcClientProtocolClient (GrpcClientProtocolClient.java:onNext(255)) - client-029E50227556->355864cd-7ac5-4934-b366-9756b15dd90f: receive RaftClientReply:client-029E50227556->355864cd-7ac5-4934-b366-9756b15dd90f@group-785BCF25C267, cid=1687, SUCCESS, logIndex=2431, commits[355864cd-7ac5-4934-b366-9756b15dd90f:c2432, ce4aa411-63c8-4399-99eb-27ce352844f3:c2428, 3eeffb0a-787e-48ec-a2f5-d0c540a89489:c2428]
2019-08-21 15:29:46,455 [grpc-default-executor-4] INFO  client.GrpcClientProtocolClient (GrpcClientProtocolClient.java:onNext(255)) - client-029E50227556->355864cd-7ac5-4934-b366-9756b15dd90f: receive RaftClientReply:client-029E50227556->355864cd-7ac5-4934-b366-9756b15dd90f@group-785BCF25C267, cid=1688, SUCCESS, logIndex=2432, commits[355864cd-7ac5-4934-b366-9756b15dd90f:c2432, ce4aa411-63c8-4399-99eb-27ce352844f3:c2428, 3eeffb0a-787e-48ec-a2f5-d0c540a89489:c2428]
2019-08-21 15:29:46,467 | INFO  | DNAudit | user=null | ip=null | op=WRITE_CHUNK {blockData=conID: 1 locID: 102655681261142528 bcsId: 0} | ret=SUCCESS |  
2019-08-21 15:29:46,467 | INFO  | DNAudit | user=null | ip=null | op=PUT_BLOCK {blockData=[blockId=conID: 1 locID: 102655681261142528 bcsId: 0,size=1048576]} | ret=SUCCESS |  
2019-08-21 15:29:46,467 | INFO  | DNAudit | user=null | ip=null | op=WRITE_CHUNK {blockData=conID: 1 locID: 102655681261142528 bcsId: 0} | ret=SUCCESS |  
2019-08-21 15:29:46,468 | INFO  | DNAudit | user=null | ip=null | op=PUT_BLOCK {blockData=[blockId=conID: 1 locID: 102655681261142528 bcsId: 0,size=1048576]} | ret=SUCCESS |  
2019-08-21 15:29:46,468 | INFO  | DNAudit | user=null | ip=null | op=WRITE_CHUNK {blockData=conID: 1 locID: 102655681261142528 bcsId: 0} | ret=SUCCESS |  
2019-08-21 15:29:46,468 | INFO  | DNAudit | user=null | ip=null | op=PUT_BLOCK {blockData=[blockId=conID: 1 locID: 102655681261142528 bcsId: 0,size=2097152]} | ret=SUCCESS |  
2019-08-21 15:29:46,468 | INFO  | DNAudit | user=null | ip=null | op=WRITE_CHUNK {blockData=conID: 1 locID: 102655681261142528 bcsId: 0} | ret=SUCCESS |  
2019-08-21 15:29:46,468 [grpc-default-executor-4] INFO  client.GrpcClientProtocolClient (GrpcClientProtocolClient.java:onNext(255)) - client-029E50227556->355864cd-7ac5-4934-b366-9756b15dd90f: receive RaftClientReply:client-029E50227556->355864cd-7ac5-4934-b366-9756b15dd90f@group-785BCF25C267, cid=1689, SUCCESS, logIndex=0, commits[355864cd-7ac5-4934-b366-9756b15dd90f:c2434, ce4aa411-63c8-4399-99eb-27ce352844f3:c2430, 3eeffb0a-787e-48ec-a2f5-d0c540a89489:c2430]
2019-08-21 15:29:46,468 | INFO  | DNAudit | user=null | ip=null | op=PUT_BLOCK {blockData=[blockId=conID: 1 locID: 102655681261142528 bcsId: 0,size=2097152]} | ret=SUCCESS |  
2019-08-21 15:29:46,474 | INFO  | DNAudit | user=null | ip=null | op=WRITE_CHUNK {blockData=conID: 1 locID: 102655681261142528 bcsId: 2432} | ret=SUCCESS |  
2019-08-21 15:29:46,476 | INFO  | DNAudit | user=null | ip=null | op=WRITE_CHUNK {blockData=conID: 1 locID: 102655681261142528 bcsId: 2432} | ret=SUCCESS |  
2019-08-21 15:29:46,476 | INFO  | DNAudit | user=null | ip=null | op=WRITE_CHUNK {blockData=conID: 1 locID: 102655681261142528 bcsId: 2432} | ret=SUCCESS |  
2019-08-21 15:29:46,487 | INFO  | DNAudit | user=null | ip=null | op=WRITE_CHUNK {blockData=conID: 1 locID: 102655681261142528 bcsId: 2432} | ret=SUCCESS |  
2019-08-21 15:29:46,487 | INFO  | DNAudit | user=null | ip=null | op=PUT_BLOCK {blockData=[blockId=conID: 1 locID: 102655681261142528 bcsId: 0,size=3145728]} | ret=SUCCESS |  
2019-08-21 15:29:46,487 [grpc-default-executor-3] INFO  client.GrpcClientProtocolClient (GrpcClientProtocolClient.java:onNext(255)) - client-029E50227556->355864cd-7ac5-4934-b366-9756b15dd90f: receive RaftClientReply:client-029E50227556->355864cd-7ac5-4934-b366-9756b15dd90f@group-785BCF25C267, cid=1690, SUCCESS, logIndex=2437, commits[355864cd-7ac5-4934-b366-9756b15dd90f:c2438, ce4aa411-63c8-4399-99eb-27ce352844f3:c2436, 3eeffb0a-787e-48ec-a2f5-d0c540a89489:c2436]
2019-08-21 15:29:46,488 [grpc-default-executor-3] INFO  client.GrpcClientProtocolClient (GrpcClientProtocolClient.java:onNext(255)) - client-029E50227556->355864cd-7ac5-4934-b366-9756b15dd90f: receive RaftClientReply:client-029E50227556->355864cd-7ac5-4934-b366-9756b15dd90f@group-785BCF25C267, cid=1691, SUCCESS, logIndex=2438, commits[355864cd-7ac5-4934-b366-9756b15dd90f:c2438, ce4aa411-63c8-4399-99eb-27ce352844f3:c2436, 3eeffb0a-787e-48ec-a2f5-d0c540a89489:c2436]
2019-08-21 15:29:46,494 | INFO  | DNAudit | user=null | ip=null | op=WRITE_CHUNK {blockData=conID: 1 locID: 102655681261142528 bcsId: 2438} | ret=SUCCESS |  
2019-08-21 15:29:46,496 | INFO  | DNAudit | user=null | ip=null | op=WRITE_CHUNK {blockData=conID: 1 locID: 102655681261142528 bcsId: 2438} | ret=SUCCESS |  
2019-08-21 15:29:46,496 | INFO  | DNAudit | user=null | ip=null | op=WRITE_CHUNK {blockData=conID: 1 locID: 102655681261142528 bcsId: 2438} | ret=SUCCESS |  
2019-08-21 15:29:46,498 | INFO  | DNAudit | user=null | ip=null | op=WRITE_CHUNK {blockData=conID: 1 locID: 102655681261142528 bcsId: 2432} | ret=SUCCESS |  
2019-08-21 15:29:46,498 | INFO  | DNAudit | user=null | ip=null | op=WRITE_CHUNK {blockData=conID: 1 locID: 102655681261142528 bcsId: 2432} | ret=SUCCESS |  
2019-08-21 15:29:46,501 | INFO  | DNAudit | user=null | ip=null | op=PUT_BLOCK {blockData=[blockId=conID: 1 locID: 102655681261142528 bcsId: 0,size=3145728]} | ret=SUCCESS |  
2019-08-21 15:29:46,501 | INFO  | DNAudit | user=null | ip=null | op=PUT_BLOCK {blockData=[blockId=conID: 1 locID: 102655681261142528 bcsId: 0,size=3145728]} | ret=SUCCESS |  
2019-08-21 15:29:46,501 | INFO  | DNAudit | user=null | ip=null | op=WRITE_CHUNK {blockData=conID: 1 locID: 102655681261142528 bcsId: 2438} | ret=SUCCESS |  
2019-08-21 15:29:46,502 | INFO  | DNAudit | user=null | ip=null | op=PUT_BLOCK {blockData=[blockId=conID: 1 locID: 102655681261142528 bcsId: 0,size=4194304]} | ret=SUCCESS |  
2019-08-21 15:29:46,502 [grpc-default-executor-4] INFO  client.GrpcClientProtocolClient (GrpcClientProtocolClient.java:onNext(255)) - client-029E50227556->355864cd-7ac5-4934-b366-9756b15dd90f: receive RaftClientReply:client-029E50227556->355864cd-7ac5-4934-b366-9756b15dd90f@group-785BCF25C267, cid=1692, SUCCESS, logIndex=2441, commits[355864cd-7ac5-4934-b366-9756b15dd90f:c2442, ce4aa411-63c8-4399-99eb-27ce352844f3:c2438, 3eeffb0a-787e-48ec-a2f5-d0c540a89489:c2438]
2019-08-21 15:29:46,502 [grpc-default-executor-4] INFO  client.GrpcClientProtocolClient (GrpcClientProtocolClient.java:onNext(255)) - client-029E50227556->355864cd-7ac5-4934-b366-9756b15dd90f: receive RaftClientReply:client-029E50227556->355864cd-7ac5-4934-b366-9756b15dd90f@group-785BCF25C267, cid=1693, SUCCESS, logIndex=2442, commits[355864cd-7ac5-4934-b366-9756b15dd90f:c2442, ce4aa411-63c8-4399-99eb-27ce352844f3:c2438, 3eeffb0a-787e-48ec-a2f5-d0c540a89489:c2438]
2019-08-21 15:29:46,512 | INFO  | DNAudit | user=null | ip=null | op=WRITE_CHUNK {blockData=conID: 1 locID: 102655681261142528 bcsId: 2438} | ret=SUCCESS |  
2019-08-21 15:29:46,513 | INFO  | DNAudit | user=null | ip=null | op=WRITE_CHUNK {blockData=conID: 1 locID: 102655681261142528 bcsId: 2438} | ret=SUCCESS |  
2019-08-21 15:29:46,515 | INFO  | DNAudit | user=null | ip=null | op=PUT_BLOCK {blockData=[blockId=conID: 1 locID: 102655681261142528 bcsId: 0,size=4194304]} | ret=SUCCESS |  
2019-08-21 15:29:46,516 | INFO  | DNAudit | user=null | ip=null | op=PUT_BLOCK {blockData=[blockId=conID: 1 locID: 102655681261142528 bcsId: 0,size=4194304]} | ret=SUCCESS |  
2019-08-21 15:29:46,516 [grpc-default-executor-2] INFO  client.GrpcClientProtocolClient (GrpcClientProtocolClient.java:onNext(255)) - client-029E50227556->355864cd-7ac5-4934-b366-9756b15dd90f: receive RaftClientReply:client-029E50227556->355864cd-7ac5-4934-b366-9756b15dd90f@group-785BCF25C267, cid=1694, SUCCESS, logIndex=0, commits[355864cd-7ac5-4934-b366-9756b15dd90f:c2444, ce4aa411-63c8-4399-99eb-27ce352844f3:c2442, 3eeffb0a-787e-48ec-a2f5-d0c540a89489:c2442]
2019-08-21 15:29:46,519 | INFO  | SCMAudit | user=jenkins1000 | ip=192.168.5.153 | op=ALLOCATE_BLOCK {owner=78849ec2-2b05-45d8-8cb5-e95e2230dbd1, size=4194304, type=RATIS, factor=THREE} | ret=SUCCESS |  
2019-08-21 15:29:46,522 | INFO  | OMAudit | user=jenkins1000 | ip=127.0.0.1 | op=ALLOCATE_BLOCK {volume=vol-0-32358, bucket=bucket-0-01949, key=key-0-56547, dataSize=0, replicationType=null, replicationFactor=null, keyLocationInfo=null, clientID=102655680532119954} | ret=SUCCESS |  
2019-08-21 15:29:46,528 | INFO  | DNAudit | user=null | ip=null | op=WRITE_CHUNK {blockData=conID: 2 locID: 102655681266909697 bcsId: 0} | ret=SUCCESS |  
2019-08-21 15:29:46,530 | INFO  | DNAudit | user=null | ip=null | op=WRITE_CHUNK {blockData=conID: 2 locID: 102655681266909697 bcsId: 0} | ret=SUCCESS |  
2019-08-21 15:29:46,531 | INFO  | DNAudit | user=null | ip=null | op=WRITE_CHUNK {blockData=conID: 2 locID: 102655681266909697 bcsId: 0} | ret=SUCCESS |  
2019-08-21 15:29:46,531 | INFO  | DNAudit | user=null | ip=null | op=WRITE_CHUNK {blockData=conID: 2 locID: 102655681266909697 bcsId: 0} | ret=SUCCESS |  
2019-08-21 15:29:46,533 | INFO  | DNAudit | user=null | ip=null | op=WRITE_CHUNK {blockData=conID: 2 locID: 102655681266909697 bcsId: 0} | ret=SUCCESS |  
2019-08-21 15:29:46,534 | INFO  | DNAudit | user=null | ip=null | op=WRITE_CHUNK {blockData=conID: 2 locID: 102655681266909697 bcsId: 0} | ret=SUCCESS |  
2019-08-21 15:29:46,541 | INFO  | DNAudit | user=null | ip=null | op=WRITE_CHUNK {blockData=conID: 2 locID: 102655681266909697 bcsId: 0} | ret=SUCCESS |  
2019-08-21 15:29:46,542 | INFO  | DNAudit | user=null | ip=null | op=PUT_BLOCK {blockData=[blockId=conID: 2 locID: 102655681266909697 bcsId: 0,size=1048576]} | ret=SUCCESS |  
2019-08-21 15:29:46,542 [grpc-default-executor-2] INFO  client.GrpcClientProtocolClient (GrpcClientProtocolClient.java:onNext(255)) - client-029E50227556->355864cd-7ac5-4934-b366-9756b15dd90f: receive RaftClientReply:client-029E50227556->355864cd-7ac5-4934-b366-9756b15dd90f@group-785BCF25C267, cid=1695, SUCCESS, logIndex=2445, commits[355864cd-7ac5-4934-b366-9756b15dd90f:c2446, ce4aa411-63c8-4399-99eb-27ce352844f3:c2444, 3eeffb0a-787e-48ec-a2f5-d0c540a89489:c2444]
2019-08-21 15:29:46,542 | INFO  | DNAudit | user=null | ip=null | op=WRITE_CHUNK {blockData=conID: 2 locID: 102655681266909697 bcsId: 0} | ret=SUCCESS |  
2019-08-21 15:29:46,542 [grpc-default-executor-2] INFO  client.GrpcClientProtocolClient (GrpcClientProtocolClient.java:onNext(255)) - client-029E50227556->355864cd-7ac5-4934-b366-9756b15dd90f: receive RaftClientReply:client-029E50227556->355864cd-7ac5-4934-b366-9756b15dd90f@group-785BCF25C267, cid=1696, SUCCESS, logIndex=2446, commits[355864cd-7ac5-4934-b366-9756b15dd90f:c2448, ce4aa411-63c8-4399-99eb-27ce352844f3:c2444, 3eeffb0a-787e-48ec-a2f5-d0c540a89489:c2444]
2019-08-21 15:29:46,543 | INFO  | DNAudit | user=null | ip=null | op=PUT_BLOCK {blockData=[blockId=conID: 2 locID: 102655681266909697 bcsId: 0,size=2097152]} | ret=SUCCESS |  
2019-08-21 15:29:46,543 [grpc-default-executor-2] INFO  client.GrpcClientProtocolClient (GrpcClientProtocolClient.java:onNext(255)) - client-029E50227556->355864cd-7ac5-4934-b366-9756b15dd90f: receive RaftClientReply:client-029E50227556->355864cd-7ac5-4934-b366-9756b15dd90f@group-785BCF25C267, cid=1697, SUCCESS, logIndex=2447, commits[355864cd-7ac5-4934-b366-9756b15dd90f:c2448, ce4aa411-63c8-4399-99eb-27ce352844f3:c2444, 3eeffb0a-787e-48ec-a2f5-d0c540a89489:c2444]
2019-08-21 15:29:46,543 | INFO  | DNAudit | user=null | ip=null | op=WRITE_CHUNK {blockData=conID: 2 locID: 102655681266909697 bcsId: 0} | ret=SUCCESS |  
2019-08-21 15:29:46,543 [grpc-default-executor-2] INFO  client.GrpcClientProtocolClient (GrpcClientProtocolClient.java:onNext(255)) - client-029E50227556->355864cd-7ac5-4934-b366-9756b15dd90f: receive RaftClientReply:client-029E50227556->355864cd-7ac5-4934-b366-9756b15dd90f@group-785BCF25C267, cid=1698, SUCCESS, logIndex=2448, commits[355864cd-7ac5-4934-b366-9756b15dd90f:c2448, ce4aa411-63c8-4399-99eb-27ce352844f3:c2444, 3eeffb0a-787e-48ec-a2f5-d0c540a89489:c2444]
2019-08-21 15:29:46,543 | INFO  | DNAudit | user=null | ip=null | op=PUT_BLOCK {blockData=[blockId=conID: 2 locID: 102655681266909697 bcsId: 0,size=1048576]} | ret=SUCCESS |  
2019-08-21 15:29:46,545 | INFO  | DNAudit | user=null | ip=null | op=WRITE_CHUNK {blockData=conID: 2 locID: 102655681266909697 bcsId: 0} | ret=SUCCESS |  
2019-08-21 15:29:46,545 | INFO  | DNAudit | user=null | ip=null | op=PUT_BLOCK {blockData=[blockId=conID: 2 locID: 102655681266909697 bcsId: 0,size=1048576]} | ret=SUCCESS |  
2019-08-21 15:29:46,546 | INFO  | DNAudit | user=null | ip=null | op=WRITE_CHUNK {blockData=conID: 2 locID: 102655681266909697 bcsId: 0} | ret=SUCCESS |  
2019-08-21 15:29:46,546 | INFO  | DNAudit | user=null | ip=null | op=PUT_BLOCK {blockData=[blockId=conID: 2 locID: 102655681266909697 bcsId: 0,size=2097152]} | ret=SUCCESS |  
2019-08-21 15:29:46,546 [grpc-default-executor-2] INFO  client.GrpcClientProtocolClient (GrpcClientProtocolClient.java:onNext(255)) - client-029E50227556->355864cd-7ac5-4934-b366-9756b15dd90f: receive RaftClientReply:client-029E50227556->355864cd-7ac5-4934-b366-9756b15dd90f@group-785BCF25C267, cid=1699, SUCCESS, logIndex=0, commits[355864cd-7ac5-4934-b366-9756b15dd90f:c2450, ce4aa411-63c8-4399-99eb-27ce352844f3:c2446, 3eeffb0a-787e-48ec-a2f5-d0c540a89489:c2446]
2019-08-21 15:29:46,553 | INFO  | DNAudit | user=null | ip=null | op=WRITE_CHUNK {blockData=conID: 2 locID: 102655681266909697 bcsId: 2448} | ret=SUCCESS |  
2019-08-21 15:29:46,554 | INFO  | DNAudit | user=null | ip=null | op=WRITE_CHUNK {blockData=conID: 2 locID: 102655681266909697 bcsId: 2448} | ret=SUCCESS |  
2019-08-21 15:29:46,554 | INFO  | DNAudit | user=null | ip=null | op=WRITE_CHUNK {blockData=conID: 2 locID: 102655681266909697 bcsId: 2448} | ret=SUCCESS |  
2019-08-21 15:29:46,556 | INFO  | DNAudit | user=null | ip=null | op=WRITE_CHUNK {blockData=conID: 2 locID: 102655681266909697 bcsId: 0} | ret=SUCCESS |  
2019-08-21 15:29:46,557 | INFO  | DNAudit | user=null | ip=null | op=PUT_BLOCK {blockData=[blockId=conID: 2 locID: 102655681266909697 bcsId: 0,size=2097152]} | ret=SUCCESS |  
2019-08-21 15:29:46,557 | INFO  | DNAudit | user=null | ip=null | op=WRITE_CHUNK {blockData=conID: 2 locID: 102655681266909697 bcsId: 2448} | ret=SUCCESS |  
2019-08-21 15:29:46,558 | INFO  | DNAudit | user=null | ip=null | op=PUT_BLOCK {blockData=[blockId=conID: 2 locID: 102655681266909697 bcsId: 0,size=3145728]} | ret=SUCCESS |  
2019-08-21 15:29:46,558 [grpc-default-executor-4] INFO  client.GrpcClientProtocolClient (GrpcClientProtocolClient.java:onNext(255)) - client-029E50227556->355864cd-7ac5-4934-b366-9756b15dd90f: receive RaftClientReply:client-029E50227556->355864cd-7ac5-4934-b366-9756b15dd90f@group-785BCF25C267, cid=1700, SUCCESS, logIndex=2453, commits[355864cd-7ac5-4934-b366-9756b15dd90f:c2454, ce4aa411-63c8-4399-99eb-27ce352844f3:c2452, 3eeffb0a-787e-48ec-a2f5-d0c540a89489:c2448]
2019-08-21 15:29:46,558 [grpc-default-executor-4] INFO  client.GrpcClientProtocolClient (GrpcClientProtocolClient.java:onNext(255)) - client-029E50227556->355864cd-7ac5-4934-b366-9756b15dd90f: receive RaftClientReply:client-029E50227556->355864cd-7ac5-4934-b366-9756b15dd90f@group-785BCF25C267, cid=1701, SUCCESS, logIndex=2454, commits[355864cd-7ac5-4934-b366-9756b15dd90f:c2454, ce4aa411-63c8-4399-99eb-27ce352844f3:c2452, 3eeffb0a-787e-48ec-a2f5-d0c540a89489:c2452]
2019-08-21 15:29:46,564 | INFO  | DNAudit | user=null | ip=null | op=WRITE_CHUNK {blockData=conID: 2 locID: 102655681266909697 bcsId: 2454} | ret=SUCCESS |  
2019-08-21 15:29:46,566 | INFO  | DNAudit | user=null | ip=null | op=WRITE_CHUNK {blockData=conID: 2 locID: 102655681266909697 bcsId: 2454} | ret=SUCCESS |  
2019-08-21 15:29:46,566 | INFO  | DNAudit | user=null | ip=null | op=WRITE_CHUNK {blockData=conID: 2 locID: 102655681266909697 bcsId: 2454} | ret=SUCCESS |  
2019-08-21 15:29:46,567 | INFO  | DNAudit | user=null | ip=null | op=WRITE_CHUNK {blockData=conID: 2 locID: 102655681266909697 bcsId: 2448} | ret=SUCCESS |  
2019-08-21 15:29:46,567 | INFO  | DNAudit | user=null | ip=null | op=WRITE_CHUNK {blockData=conID: 2 locID: 102655681266909697 bcsId: 2448} | ret=SUCCESS |  
2019-08-21 15:29:46,568 | INFO  | DNAudit | user=null | ip=null | op=PUT_BLOCK {blockData=[blockId=conID: 2 locID: 102655681266909697 bcsId: 0,size=3145728]} | ret=SUCCESS |  
2019-08-21 15:29:46,568 | INFO  | DNAudit | user=null | ip=null | op=PUT_BLOCK {blockData=[blockId=conID: 2 locID: 102655681266909697 bcsId: 0,size=3145728]} | ret=SUCCESS |  
2019-08-21 15:29:46,579 | INFO  | DNAudit | user=null | ip=null | op=WRITE_CHUNK {blockData=conID: 2 locID: 102655681266909697 bcsId: 2454} | ret=SUCCESS |  
2019-08-21 15:29:46,580 | INFO  | DNAudit | user=null | ip=null | op=PUT_BLOCK {blockData=[blockId=conID: 2 locID: 102655681266909697 bcsId: 0,size=4194304]} | ret=SUCCESS |  
2019-08-21 15:29:46,580 [grpc-default-executor-4] INFO  client.GrpcClientProtocolClient (GrpcClientProtocolClient.java:onNext(255)) - client-029E50227556->355864cd-7ac5-4934-b366-9756b15dd90f: receive RaftClientReply:client-029E50227556->355864cd-7ac5-4934-b366-9756b15dd90f@group-785BCF25C267, cid=1702, SUCCESS, logIndex=2457, commits[355864cd-7ac5-4934-b366-9756b15dd90f:c2458, ce4aa411-63c8-4399-99eb-27ce352844f3:c2454, 3eeffb0a-787e-48ec-a2f5-d0c540a89489:c2454]
2019-08-21 15:29:46,580 [grpc-default-executor-4] INFO  client.GrpcClientProtocolClient (GrpcClientProtocolClient.java:onNext(255)) - client-029E50227556->355864cd-7ac5-4934-b366-9756b15dd90f: receive RaftClientReply:client-029E50227556->355864cd-7ac5-4934-b366-9756b15dd90f@group-785BCF25C267, cid=1703, SUCCESS, logIndex=2458, commits[355864cd-7ac5-4934-b366-9756b15dd90f:c2458, ce4aa411-63c8-4399-99eb-27ce352844f3:c2454, 3eeffb0a-787e-48ec-a2f5-d0c540a89489:c2454]
2019-08-21 15:29:46,591 | INFO  | DNAudit | user=null | ip=null | op=WRITE_CHUNK {blockData=conID: 2 locID: 102655681266909697 bcsId: 2454} | ret=SUCCESS |  
2019-08-21 15:29:46,591 | INFO  | DNAudit | user=null | ip=null | op=WRITE_CHUNK {blockData=conID: 2 locID: 102655681266909697 bcsId: 2454} | ret=SUCCESS |  
2019-08-21 15:29:46,593 | INFO  | DNAudit | user=null | ip=null | op=PUT_BLOCK {blockData=[blockId=conID: 2 locID: 102655681266909697 bcsId: 0,size=4194304]} | ret=SUCCESS |  
2019-08-21 15:29:46,594 | INFO  | DNAudit | user=null | ip=null | op=PUT_BLOCK {blockData=[blockId=conID: 2 locID: 102655681266909697 bcsId: 0,size=4194304]} | ret=SUCCESS |  
2019-08-21 15:29:46,594 [grpc-default-executor-2] INFO  client.GrpcClientProtocolClient (GrpcClientProtocolClient.java:onNext(255)) - client-029E50227556->355864cd-7ac5-4934-b366-9756b15dd90f: receive RaftClientReply:client-029E50227556->355864cd-7ac5-4934-b366-9756b15dd90f@group-785BCF25C267, cid=1704, SUCCESS, logIndex=0, commits[355864cd-7ac5-4934-b366-9756b15dd90f:c2459, ce4aa411-63c8-4399-99eb-27ce352844f3:c2458, 3eeffb0a-787e-48ec-a2f5-d0c540a89489:c2458]
2019-08-21 15:29:46,598 | INFO  | SCMAudit | user=jenkins1000 | ip=192.168.5.153 | op=ALLOCATE_BLOCK {owner=78849ec2-2b05-45d8-8cb5-e95e2230dbd1, size=4194304, type=RATIS, factor=THREE} | ret=SUCCESS |  
2019-08-21 15:29:46,601 | INFO  | OMAudit | user=jenkins1000 | ip=127.0.0.1 | op=ALLOCATE_BLOCK {volume=vol-0-32358, bucket=bucket-0-01949, key=key-0-56547, dataSize=0, replicationType=null, replicationFactor=null, keyLocationInfo=null, clientID=102655680532119954} | ret=SUCCESS |  
2019-08-21 15:29:46,607 | INFO  | DNAudit | user=null | ip=null | op=WRITE_CHUNK {blockData=conID: 3 locID: 102655681272087042 bcsId: 0} | ret=SUCCESS |  
2019-08-21 15:29:46,611 | INFO  | DNAudit | user=null | ip=null | op=WRITE_CHUNK {blockData=conID: 3 locID: 102655681272087042 bcsId: 0} | ret=SUCCESS |  
2019-08-21 15:29:46,611 | INFO  | DNAudit | user=null | ip=null | op=WRITE_CHUNK {blockData=conID: 3 locID: 102655681272087042 bcsId: 0} | ret=SUCCESS |  
2019-08-21 15:29:46,611 | INFO  | DNAudit | user=null | ip=null | op=WRITE_CHUNK {blockData=conID: 3 locID: 102655681272087042 bcsId: 0} | ret=SUCCESS |  
2019-08-21 15:29:46,613 | INFO  | DNAudit | user=null | ip=null | op=WRITE_CHUNK {blockData=conID: 3 locID: 102655681272087042 bcsId: 0} | ret=SUCCESS |  
2019-08-21 15:29:46,613 | INFO  | DNAudit | user=null | ip=null | op=WRITE_CHUNK {blockData=conID: 3 locID: 102655681272087042 bcsId: 0} | ret=SUCCESS |  
2019-08-21 15:29:46,620 | INFO  | DNAudit | user=null | ip=null | op=WRITE_CHUNK {blockData=conID: 3 locID: 102655681272087042 bcsId: 0} | ret=SUCCESS |  
2019-08-21 15:29:46,620 | INFO  | DNAudit | user=null | ip=null | op=PUT_BLOCK {blockData=[blockId=conID: 3 locID: 102655681272087042 bcsId: 0,size=1048576]} | ret=SUCCESS |  
2019-08-21 15:29:46,621 [grpc-default-executor-5] INFO  client.GrpcClientProtocolClient (GrpcClientProtocolClient.java:onNext(255)) - client-029E50227556->355864cd-7ac5-4934-b366-9756b15dd90f: receive RaftClientReply:client-029E50227556->355864cd-7ac5-4934-b366-9756b15dd90f@group-785BCF25C267, cid=1705, SUCCESS, logIndex=2461, commits[355864cd-7ac5-4934-b366-9756b15dd90f:c2463, ce4aa411-63c8-4399-99eb-27ce352844f3:c2460, 3eeffb0a-787e-48ec-a2f5-d0c540a89489:c2460]
2019-08-21 15:29:46,621 | INFO  | DNAudit | user=null | ip=null | op=WRITE_CHUNK {blockData=conID: 3 locID: 102655681272087042 bcsId: 0} | ret=SUCCESS |  
2019-08-21 15:29:46,621 [grpc-default-executor-5] INFO  client.GrpcClientProtocolClient (GrpcClientProtocolClient.java:onNext(255)) - client-029E50227556->355864cd-7ac5-4934-b366-9756b15dd90f: receive RaftClientReply:client-029E50227556->355864cd-7ac5-4934-b366-9756b15dd90f@group-785BCF25C267, cid=1706, SUCCESS, logIndex=2462, commits[355864cd-7ac5-4934-b366-9756b15dd90f:c2464, ce4aa411-63c8-4399-99eb-27ce352844f3:c2460, 3eeffb0a-787e-48ec-a2f5-d0c540a89489:c2460]
2019-08-21 15:29:46,621 | INFO  | DNAudit | user=null | ip=null | op=PUT_BLOCK {blockData=[blockId=conID: 3 locID: 102655681272087042 bcsId: 0,size=2097152]} | ret=SUCCESS |  
2019-08-21 15:29:46,621 [grpc-default-executor-5] INFO  client.GrpcClientProtocolClient (GrpcClientProtocolClient.java:onNext(255)) - client-029E50227556->355864cd-7ac5-4934-b366-9756b15dd90f: receive RaftClientReply:client-029E50227556->355864cd-7ac5-4934-b366-9756b15dd90f@group-785BCF25C267, cid=1707, SUCCESS, logIndex=2463, commits[355864cd-7ac5-4934-b366-9756b15dd90f:c2464, ce4aa411-63c8-4399-99eb-27ce352844f3:c2460, 3eeffb0a-787e-48ec-a2f5-d0c540a89489:c2460]
2019-08-21 15:29:46,622 [grpc-default-executor-5] INFO  client.GrpcClientProtocolClient (GrpcClientProtocolClient.java:onNext(255)) - client-029E50227556->355864cd-7ac5-4934-b366-9756b15dd90f: receive RaftClientReply:client-029E50227556->355864cd-7ac5-4934-b366-9756b15dd90f@group-785BCF25C267, cid=1708, SUCCESS, logIndex=2464, commits[355864cd-7ac5-4934-b366-9756b15dd90f:c2464, ce4aa411-63c8-4399-99eb-27ce352844f3:c2460, 3eeffb0a-787e-48ec-a2f5-d0c540a89489:c2460]
2019-08-21 15:29:46,623 | INFO  | DNAudit | user=null | ip=null | op=WRITE_CHUNK {blockData=conID: 3 locID: 102655681272087042 bcsId: 0} | ret=SUCCESS |  
2019-08-21 15:29:46,623 | INFO  | DNAudit | user=null | ip=null | op=WRITE_CHUNK {blockData=conID: 3 locID: 102655681272087042 bcsId: 0} | ret=SUCCESS |  
2019-08-21 15:29:46,623 | INFO  | DNAudit | user=null | ip=null | op=PUT_BLOCK {blockData=[blockId=conID: 3 locID: 102655681272087042 bcsId: 0,size=1048576]} | ret=SUCCESS |  
2019-08-21 15:29:46,633 | INFO  | DNAudit | user=null | ip=null | op=PUT_BLOCK {blockData=[blockId=conID: 3 locID: 102655681272087042 bcsId: 0,size=1048576]} | ret=SUCCESS |  
2019-08-21 15:29:46,633 | INFO  | DNAudit | user=null | ip=null | op=WRITE_CHUNK {blockData=conID: 3 locID: 102655681272087042 bcsId: 0} | ret=SUCCESS |  
2019-08-21 15:29:46,633 | INFO  | DNAudit | user=null | ip=null | op=WRITE_CHUNK {blockData=conID: 3 locID: 102655681272087042 bcsId: 0} | ret=SUCCESS |  
2019-08-21 15:29:46,633 | INFO  | DNAudit | user=null | ip=null | op=PUT_BLOCK {blockData=[blockId=conID: 3 locID: 102655681272087042 bcsId: 0,size=2097152]} | ret=SUCCESS |  
2019-08-21 15:29:46,633 [grpc-default-executor-5] INFO  client.GrpcClientProtocolClient (GrpcClientProtocolClient.java:onNext(255)) - client-029E50227556->355864cd-7ac5-4934-b366-9756b15dd90f: receive RaftClientReply:client-029E50227556->355864cd-7ac5-4934-b366-9756b15dd90f@group-785BCF25C267, cid=1709, SUCCESS, logIndex=0, commits[355864cd-7ac5-4934-b366-9756b15dd90f:c2466, ce4aa411-63c8-4399-99eb-27ce352844f3:c2462, 3eeffb0a-787e-48ec-a2f5-d0c540a89489:c2462]
2019-08-21 15:29:46,633 | INFO  | DNAudit | user=null | ip=null | op=PUT_BLOCK {blockData=[blockId=conID: 3 locID: 102655681272087042 bcsId: 0,size=2097152]} | ret=SUCCESS |  
2019-08-21 15:29:46,639 | INFO  | DNAudit | user=null | ip=null | op=WRITE_CHUNK {blockData=conID: 3 locID: 102655681272087042 bcsId: 2464} | ret=SUCCESS |  
2019-08-21 15:29:46,641 | INFO  | DNAudit | user=null | ip=null | op=WRITE_CHUNK {blockData=conID: 3 locID: 102655681272087042 bcsId: 2464} | ret=SUCCESS |  
2019-08-21 15:29:46,641 | INFO  | DNAudit | user=null | ip=null | op=WRITE_CHUNK {blockData=conID: 3 locID: 102655681272087042 bcsId: 2464} | ret=SUCCESS |  
2019-08-21 15:29:46,657 | INFO  | DNAudit | user=null | ip=null | op=WRITE_CHUNK {blockData=conID: 3 locID: 102655681272087042 bcsId: 2464} | ret=SUCCESS |  
2019-08-21 15:29:46,658 | INFO  | DNAudit | user=null | ip=null | op=PUT_BLOCK {blockData=[blockId=conID: 3 locID: 102655681272087042 bcsId: 0,size=3145728]} | ret=SUCCESS |  
2019-08-21 15:29:46,658 [grpc-default-executor-2] INFO  client.GrpcClientProtocolClient (GrpcClientProtocolClient.java:onNext(255)) - client-029E50227556->355864cd-7ac5-4934-b366-9756b15dd90f: receive RaftClientReply:client-029E50227556->355864cd-7ac5-4934-b366-9756b15dd90f@group-785BCF25C267, cid=1710, SUCCESS, logIndex=2469, commits[355864cd-7ac5-4934-b366-9756b15dd90f:c2470, ce4aa411-63c8-4399-99eb-27ce352844f3:c2468, 3eeffb0a-787e-48ec-a2f5-d0c540a89489:c2464]
2019-08-21 15:29:46,658 [grpc-default-executor-2] INFO  client.GrpcClientProtocolClient (GrpcClientProtocolClient.java:onNext(255)) - client-029E50227556->355864cd-7ac5-4934-b366-9756b15dd90f: receive RaftClientReply:client-029E50227556->355864cd-7ac5-4934-b366-9756b15dd90f@group-785BCF25C267, cid=1711, SUCCESS, logIndex=2470, commits[355864cd-7ac5-4934-b366-9756b15dd90f:c2470, ce4aa411-63c8-4399-99eb-27ce352844f3:c2468, 3eeffb0a-787e-48ec-a2f5-d0c540a89489:c2468]
2019-08-21 15:29:46,659 | INFO  | DNAudit | user=null | ip=null | op=WRITE_CHUNK {blockData=conID: 3 locID: 102655681272087042 bcsId: 2464} | ret=SUCCESS |  
2019-08-21 15:29:46,659 | INFO  | DNAudit | user=null | ip=null | op=WRITE_CHUNK {blockData=conID: 3 locID: 102655681272087042 bcsId: 2464} | ret=SUCCESS |  
2019-08-21 15:29:46,659 | INFO  | DNAudit | user=null | ip=null | op=PUT_BLOCK {blockData=[blockId=conID: 3 locID: 102655681272087042 bcsId: 0,size=3145728]} | ret=SUCCESS |  
2019-08-21 15:29:46,660 | INFO  | DNAudit | user=null | ip=null | op=PUT_BLOCK {blockData=[blockId=conID: 3 locID: 102655681272087042 bcsId: 0,size=3145728]} | ret=SUCCESS |  
2019-08-21 15:29:46,664 | INFO  | DNAudit | user=null | ip=null | op=WRITE_CHUNK {blockData=conID: 3 locID: 102655681272087042 bcsId: 2470} | ret=SUCCESS |  
2019-08-21 15:29:46,666 | INFO  | DNAudit | user=null | ip=null | op=WRITE_CHUNK {blockData=conID: 3 locID: 102655681272087042 bcsId: 2470} | ret=SUCCESS |  
2019-08-21 15:29:46,666 | INFO  | DNAudit | user=null | ip=null | op=WRITE_CHUNK {blockData=conID: 3 locID: 102655681272087042 bcsId: 2470} | ret=SUCCESS |  
2019-08-21 15:29:46,683 | INFO  | DNAudit | user=null | ip=null | op=WRITE_CHUNK {blockData=conID: 3 locID: 102655681272087042 bcsId: 2470} | ret=SUCCESS |  
2019-08-21 15:29:46,683 | INFO  | DNAudit | user=null | ip=null | op=PUT_BLOCK {blockData=[blockId=conID: 3 locID: 102655681272087042 bcsId: 0,size=4194304]} | ret=SUCCESS |  
2019-08-21 15:29:46,683 [grpc-default-executor-5] INFO  client.GrpcClientProtocolClient (GrpcClientProtocolClient.java:onNext(255)) - client-029E50227556->355864cd-7ac5-4934-b366-9756b15dd90f: receive RaftClientReply:client-029E50227556->355864cd-7ac5-4934-b366-9756b15dd90f@group-785BCF25C267, cid=1712, SUCCESS, logIndex=2473, commits[355864cd-7ac5-4934-b366-9756b15dd90f:c2474, ce4aa411-63c8-4399-99eb-27ce352844f3:c2471, 3eeffb0a-787e-48ec-a2f5-d0c540a89489:c2471]
2019-08-21 15:29:46,684 [grpc-default-executor-5] INFO  client.GrpcClientProtocolClient (GrpcClientProtocolClient.java:onNext(255)) - client-029E50227556->355864cd-7ac5-4934-b366-9756b15dd90f: receive RaftClientReply:client-029E50227556->355864cd-7ac5-4934-b366-9756b15dd90f@group-785BCF25C267, cid=1713, SUCCESS, logIndex=2474, commits[355864cd-7ac5-4934-b366-9756b15dd90f:c2474, ce4aa411-63c8-4399-99eb-27ce352844f3:c2471, 3eeffb0a-787e-48ec-a2f5-d0c540a89489:c2471]
2019-08-21 15:29:46,684 | INFO  | DNAudit | user=null | ip=null | op=WRITE_CHUNK {blockData=conID: 3 locID: 102655681272087042 bcsId: 2470} | ret=SUCCESS |  
2019-08-21 15:29:46,684 | INFO  | DNAudit | user=null | ip=null | op=WRITE_CHUNK {blockData=conID: 3 locID: 102655681272087042 bcsId: 2470} | ret=SUCCESS |  
2019-08-21 15:29:46,684 | INFO  | DNAudit | user=null | ip=null | op=PUT_BLOCK {blockData=[blockId=conID: 3 locID: 102655681272087042 bcsId: 0,size=4194304]} | ret=SUCCESS |  
2019-08-21 15:29:46,685 | INFO  | DNAudit | user=null | ip=null | op=PUT_BLOCK {blockData=[blockId=conID: 3 locID: 102655681272087042 bcsId: 0,size=4194304]} | ret=SUCCESS |  
2019-08-21 15:29:46,685 [grpc-default-executor-5] INFO  client.GrpcClientProtocolClient (GrpcClientProtocolClient.java:onNext(255)) - client-029E50227556->355864cd-7ac5-4934-b366-9756b15dd90f: receive RaftClientReply:client-029E50227556->355864cd-7ac5-4934-b366-9756b15dd90f@group-785BCF25C267, cid=1714, SUCCESS, logIndex=0, commits[355864cd-7ac5-4934-b366-9756b15dd90f:c2475, ce4aa411-63c8-4399-99eb-27ce352844f3:c2474, 3eeffb0a-787e-48ec-a2f5-d0c540a89489:c2474]
2019-08-21 15:29:46,689 | INFO  | SCMAudit | user=jenkins1000 | ip=192.168.5.153 | op=ALLOCATE_BLOCK {owner=78849ec2-2b05-45d8-8cb5-e95e2230dbd1, size=4194304, type=RATIS, factor=THREE} | ret=SUCCESS |  
2019-08-21 15:29:46,693 | INFO  | OMAudit | user=jenkins1000 | ip=127.0.0.1 | op=ALLOCATE_BLOCK {volume=vol-0-32358, bucket=bucket-0-01949, key=key-0-56547, dataSize=0, replicationType=null, replicationFactor=null, keyLocationInfo=null, clientID=102655680532119954} | ret=SUCCESS |  
2019-08-21 15:29:46,699 | INFO  | DNAudit | user=null | ip=null | op=WRITE_CHUNK {blockData=conID: 1 locID: 102655681278050819 bcsId: 0} | ret=SUCCESS |  
2019-08-21 15:29:46,701 | INFO  | DNAudit | user=null | ip=null | op=WRITE_CHUNK {blockData=conID: 1 locID: 102655681278050819 bcsId: 0} | ret=SUCCESS |  
2019-08-21 15:29:46,701 | INFO  | DNAudit | user=null | ip=null | op=WRITE_CHUNK {blockData=conID: 1 locID: 102655681278050819 bcsId: 0} | ret=SUCCESS |  
2019-08-21 15:29:46,701 | INFO  | DNAudit | user=null | ip=null | op=WRITE_CHUNK {blockData=conID: 1 locID: 102655681278050819 bcsId: 0} | ret=SUCCESS |  
2019-08-21 15:29:46,702 | INFO  | DNAudit | user=null | ip=null | op=WRITE_CHUNK {blockData=conID: 1 locID: 102655681278050819 bcsId: 0} | ret=SUCCESS |  
2019-08-21 15:29:46,703 | INFO  | DNAudit | user=null | ip=null | op=WRITE_CHUNK {blockData=conID: 1 locID: 102655681278050819 bcsId: 0} | ret=SUCCESS |  
2019-08-21 15:29:46,714 | INFO  | DNAudit | user=null | ip=null | op=WRITE_CHUNK {blockData=conID: 1 locID: 102655681278050819 bcsId: 0} | ret=SUCCESS |  
2019-08-21 15:29:46,715 | INFO  | DNAudit | user=null | ip=null | op=PUT_BLOCK {blockData=[blockId=conID: 1 locID: 102655681278050819 bcsId: 0,size=1048576]} | ret=SUCCESS |  
2019-08-21 15:29:46,715 [grpc-default-executor-2] INFO  client.GrpcClientProtocolClient (GrpcClientProtocolClient.java:onNext(255)) - client-029E50227556->355864cd-7ac5-4934-b366-9756b15dd90f: receive RaftClientReply:client-029E50227556->355864cd-7ac5-4934-b366-9756b15dd90f@group-785BCF25C267, cid=1715, SUCCESS, logIndex=2477, commits[355864cd-7ac5-4934-b366-9756b15dd90f:c2478, ce4aa411-63c8-4399-99eb-27ce352844f3:c2476, 3eeffb0a-787e-48ec-a2f5-d0c540a89489:c2476]
2019-08-21 15:29:46,715 | INFO  | DNAudit | user=null | ip=null | op=WRITE_CHUNK {blockData=conID: 1 locID: 102655681278050819 bcsId: 0} | ret=SUCCESS |  
2019-08-21 15:29:46,716 [grpc-default-executor-2] INFO  client.GrpcClientProtocolClient (GrpcClientProtocolClient.java:onNext(255)) - client-029E50227556->355864cd-7ac5-4934-b366-9756b15dd90f: receive RaftClientReply:client-029E50227556->355864cd-7ac5-4934-b366-9756b15dd90f@group-785BCF25C267, cid=1716, SUCCESS, logIndex=2478, commits[355864cd-7ac5-4934-b366-9756b15dd90f:c2479, ce4aa411-63c8-4399-99eb-27ce352844f3:c2476, 3eeffb0a-787e-48ec-a2f5-d0c540a89489:c2476]
2019-08-21 15:29:46,716 | INFO  | DNAudit | user=null | ip=null | op=PUT_BLOCK {blockData=[blockId=conID: 1 locID: 102655681278050819 bcsId: 0,size=2097152]} | ret=SUCCESS |  
2019-08-21 15:29:46,716 | INFO  | DNAudit | user=null | ip=null | op=WRITE_CHUNK {blockData=conID: 1 locID: 102655681278050819 bcsId: 0} | ret=SUCCESS |  
2019-08-21 15:29:46,716 [grpc-default-executor-4] INFO  client.GrpcClientProtocolClient (GrpcClientProtocolClient.java:onNext(255)) - client-029E50227556->355864cd-7ac5-4934-b366-9756b15dd90f: receive RaftClientReply:client-029E50227556->355864cd-7ac5-4934-b366-9756b15dd90f@group-785BCF25C267, cid=1717, SUCCESS, logIndex=2479, commits[355864cd-7ac5-4934-b366-9756b15dd90f:c2480, ce4aa411-63c8-4399-99eb-27ce352844f3:c2476, 3eeffb0a-787e-48ec-a2f5-d0c540a89489:c2476]
2019-08-21 15:29:46,716 [grpc-default-executor-4] INFO  client.GrpcClientProtocolClient (GrpcClientProtocolClient.java:onNext(255)) - client-029E50227556->355864cd-7ac5-4934-b366-9756b15dd90f: receive RaftClientReply:client-029E50227556->355864cd-7ac5-4934-b366-9756b15dd90f@group-785BCF25C267, cid=1718, SUCCESS, logIndex=2480, commits[355864cd-7ac5-4934-b366-9756b15dd90f:c2481, ce4aa411-63c8-4399-99eb-27ce352844f3:c2476, 3eeffb0a-787e-48ec-a2f5-d0c540a89489:c2477]
2019-08-21 15:29:46,725 | INFO  | DNAudit | user=null | ip=null | op=WRITE_CHUNK {blockData=conID: 1 locID: 102655681278050819 bcsId: 0} | ret=SUCCESS |  
2019-08-21 15:29:46,725 | INFO  | DNAudit | user=null | ip=null | op=PUT_BLOCK {blockData=[blockId=conID: 1 locID: 102655681278050819 bcsId: 0,size=1048576]} | ret=SUCCESS |  
2019-08-21 15:29:46,736 | INFO  | DNAudit | user=null | ip=null | op=PUT_BLOCK {blockData=[blockId=conID: 1 locID: 102655681278050819 bcsId: 0,size=1048576]} | ret=SUCCESS |  
2019-08-21 15:29:46,736 | INFO  | DNAudit | user=null | ip=null | op=WRITE_CHUNK {blockData=conID: 1 locID: 102655681278050819 bcsId: 0} | ret=SUCCESS |  
2019-08-21 15:29:46,736 [grpc-default-executor-2] INFO  client.GrpcClientProtocolClient (GrpcClientProtocolClient.java:onNext(255)) - client-029E50227556->355864cd-7ac5-4934-b366-9756b15dd90f: receive RaftClientReply:client-029E50227556->355864cd-7ac5-4934-b366-9756b15dd90f@group-785BCF25C267, cid=1719, SUCCESS, logIndex=0, commits[355864cd-7ac5-4934-b366-9756b15dd90f:c2482, ce4aa411-63c8-4399-99eb-27ce352844f3:c2478, 3eeffb0a-787e-48ec-a2f5-d0c540a89489:c2478]
2019-08-21 15:29:46,736 | INFO  | DNAudit | user=null | ip=null | op=WRITE_CHUNK {blockData=conID: 1 locID: 102655681278050819 bcsId: 0} | ret=SUCCESS |  
2019-08-21 15:29:46,736 | INFO  | DNAudit | user=null | ip=null | op=PUT_BLOCK {blockData=[blockId=conID: 1 locID: 102655681278050819 bcsId: 0,size=2097152]} | ret=SUCCESS |  
2019-08-21 15:29:46,737 | INFO  | DNAudit | user=null | ip=null | op=PUT_BLOCK {blockData=[blockId=conID: 1 locID: 102655681278050819 bcsId: 0,size=2097152]} | ret=SUCCESS |  
2019-08-21 15:29:46,742 | INFO  | DNAudit | user=null | ip=null | op=WRITE_CHUNK {blockData=conID: 1 locID: 102655681278050819 bcsId: 2480} | ret=SUCCESS |  
2019-08-21 15:29:46,744 | INFO  | DNAudit | user=null | ip=null | op=WRITE_CHUNK {blockData=conID: 1 locID: 102655681278050819 bcsId: 2480} | ret=SUCCESS |  
2019-08-21 15:29:46,745 | INFO  | DNAudit | user=null | ip=null | op=WRITE_CHUNK {blockData=conID: 1 locID: 102655681278050819 bcsId: 2480} | ret=SUCCESS |  
2019-08-21 15:29:46,754 | INFO  | DNAudit | user=null | ip=null | op=WRITE_CHUNK {blockData=conID: 1 locID: 102655681278050819 bcsId: 2480} | ret=SUCCESS |  
2019-08-21 15:29:46,754 | INFO  | DNAudit | user=null | ip=null | op=PUT_BLOCK {blockData=[blockId=conID: 1 locID: 102655681278050819 bcsId: 0,size=3145728]} | ret=SUCCESS |  
2019-08-21 15:29:46,755 [grpc-default-executor-2] INFO  client.GrpcClientProtocolClient (GrpcClientProtocolClient.java:onNext(255)) - client-029E50227556->355864cd-7ac5-4934-b366-9756b15dd90f: receive RaftClientReply:client-029E50227556->355864cd-7ac5-4934-b366-9756b15dd90f@group-785BCF25C267, cid=1720, SUCCESS, logIndex=2485, commits[355864cd-7ac5-4934-b366-9756b15dd90f:c2486, ce4aa411-63c8-4399-99eb-27ce352844f3:c2484, 3eeffb0a-787e-48ec-a2f5-d0c540a89489:c2484]
2019-08-21 15:29:46,755 [grpc-default-executor-2] INFO  client.GrpcClientProtocolClient (GrpcClientProtocolClient.java:onNext(255)) - client-029E50227556->355864cd-7ac5-4934-b366-9756b15dd90f: receive RaftClientReply:client-029E50227556->355864cd-7ac5-4934-b366-9756b15dd90f@group-785BCF25C267, cid=1721, SUCCESS, logIndex=2486, commits[355864cd-7ac5-4934-b366-9756b15dd90f:c2486, ce4aa411-63c8-4399-99eb-27ce352844f3:c2484, 3eeffb0a-787e-48ec-a2f5-d0c540a89489:c2484]
2019-08-21 15:29:46,761 | INFO  | DNAudit | user=null | ip=null | op=WRITE_CHUNK {blockData=conID: 1 locID: 102655681278050819 bcsId: 2486} | ret=SUCCESS |  
2019-08-21 15:29:46,763 | INFO  | DNAudit | user=null | ip=null | op=WRITE_CHUNK {blockData=conID: 1 locID: 102655681278050819 bcsId: 2486} | ret=SUCCESS |  
2019-08-21 15:29:46,763 | INFO  | DNAudit | user=null | ip=null | op=WRITE_CHUNK {blockData=conID: 1 locID: 102655681278050819 bcsId: 2486} | ret=SUCCESS |  
2019-08-21 15:29:46,766 | INFO  | DNAudit | user=null | ip=null | op=WRITE_CHUNK {blockData=conID: 1 locID: 102655681278050819 bcsId: 2480} | ret=SUCCESS |  
2019-08-21 15:29:46,766 | INFO  | DNAudit | user=null | ip=null | op=WRITE_CHUNK {blockData=conID: 1 locID: 102655681278050819 bcsId: 2480} | ret=SUCCESS |  
2019-08-21 15:29:46,768 | INFO  | DNAudit | user=null | ip=null | op=PUT_BLOCK {blockData=[blockId=conID: 1 locID: 102655681278050819 bcsId: 0,size=3145728]} | ret=SUCCESS |  
2019-08-21 15:29:46,769 | INFO  | DNAudit | user=null | ip=null | op=PUT_BLOCK {blockData=[blockId=conID: 1 locID: 102655681278050819 bcsId: 0,size=3145728]} | ret=SUCCESS |  
2019-08-21 15:29:46,769 | INFO  | DNAudit | user=null | ip=null | op=WRITE_CHUNK {blockData=conID: 1 locID: 102655681278050819 bcsId: 2486} | ret=SUCCESS |  
2019-08-21 15:29:46,769 | INFO  | DNAudit | user=null | ip=null | op=PUT_BLOCK {blockData=[blockId=conID: 1 locID: 102655681278050819 bcsId: 0,size=4194304]} | ret=SUCCESS |  
2019-08-21 15:29:46,770 [grpc-default-executor-3] INFO  client.GrpcClientProtocolClient (GrpcClientProtocolClient.java:onNext(255)) - client-029E50227556->355864cd-7ac5-4934-b366-9756b15dd90f: receive RaftClientReply:client-029E50227556->355864cd-7ac5-4934-b366-9756b15dd90f@group-785BCF25C267, cid=1722, SUCCESS, logIndex=2489, commits[355864cd-7ac5-4934-b366-9756b15dd90f:c2490, ce4aa411-63c8-4399-99eb-27ce352844f3:c2486, 3eeffb0a-787e-48ec-a2f5-d0c540a89489:c2486]
2019-08-21 15:29:46,770 [grpc-default-executor-3] INFO  client.GrpcClientProtocolClient (GrpcClientProtocolClient.java:onNext(255)) - client-029E50227556->355864cd-7ac5-4934-b366-9756b15dd90f: receive RaftClientReply:client-029E50227556->355864cd-7ac5-4934-b366-9756b15dd90f@group-785BCF25C267, cid=1723, SUCCESS, logIndex=2490, commits[355864cd-7ac5-4934-b366-9756b15dd90f:c2490, ce4aa411-63c8-4399-99eb-27ce352844f3:c2486, 3eeffb0a-787e-48ec-a2f5-d0c540a89489:c2486]
2019-08-21 15:29:46,781 | INFO  | DNAudit | user=null | ip=null | op=WRITE_CHUNK {blockData=conID: 1 locID: 102655681278050819 bcsId: 2486} | ret=SUCCESS |  
2019-08-21 15:29:46,781 | INFO  | DNAudit | user=null | ip=null | op=WRITE_CHUNK {blockData=conID: 1 locID: 102655681278050819 bcsId: 2486} | ret=SUCCESS |  
2019-08-21 15:29:46,781 | INFO  | DNAudit | user=null | ip=null | op=PUT_BLOCK {blockData=[blockId=conID: 1 locID: 102655681278050819 bcsId: 0,size=4194304]} | ret=SUCCESS |  
2019-08-21 15:29:46,781 | INFO  | DNAudit | user=null | ip=null | op=PUT_BLOCK {blockData=[blockId=conID: 1 locID: 102655681278050819 bcsId: 0,size=4194304]} | ret=SUCCESS |  
2019-08-21 15:29:46,782 [grpc-default-executor-3] INFO  client.GrpcClientProtocolClient (GrpcClientProtocolClient.java:onNext(255)) - client-029E50227556->355864cd-7ac5-4934-b366-9756b15dd90f: receive RaftClientReply:client-029E50227556->355864cd-7ac5-4934-b366-9756b15dd90f@group-785BCF25C267, cid=1724, SUCCESS, logIndex=0, commits[355864cd-7ac5-4934-b366-9756b15dd90f:c2491, ce4aa411-63c8-4399-99eb-27ce352844f3:c2490, 3eeffb0a-787e-48ec-a2f5-d0c540a89489:c2490]
2019-08-21 15:29:46,788 | INFO  | SCMAudit | user=jenkins1000 | ip=192.168.5.153 | op=ALLOCATE_BLOCK {owner=78849ec2-2b05-45d8-8cb5-e95e2230dbd1, size=4194304, type=RATIS, factor=THREE} | ret=SUCCESS |  
2019-08-21 15:29:46,793 | INFO  | OMAudit | user=jenkins1000 | ip=127.0.0.1 | op=ALLOCATE_BLOCK {volume=vol-0-32358, bucket=bucket-0-01949, key=key-0-56547, dataSize=0, replicationType=null, replicationFactor=null, keyLocationInfo=null, clientID=102655680532119954} | ret=SUCCESS |  
2019-08-21 15:29:46,801 | INFO  | DNAudit | user=null | ip=null | op=WRITE_CHUNK {blockData=conID: 2 locID: 102655681284538884 bcsId: 0} | ret=SUCCESS |  
2019-08-21 15:29:46,802 | INFO  | DNAudit | user=null | ip=null | op=WRITE_CHUNK {blockData=conID: 2 locID: 102655681284538884 bcsId: 0} | ret=SUCCESS |  
2019-08-21 15:29:46,803 | INFO  | DNAudit | user=null | ip=null | op=WRITE_CHUNK {blockData=conID: 2 locID: 102655681284538884 bcsId: 0} | ret=SUCCESS |  
2019-08-21 15:29:46,803 | INFO  | DNAudit | user=null | ip=null | op=WRITE_CHUNK {blockData=conID: 2 locID: 102655681284538884 bcsId: 0} | ret=SUCCESS |  
2019-08-21 15:29:46,804 | INFO  | DNAudit | user=null | ip=null | op=WRITE_CHUNK {blockData=conID: 2 locID: 102655681284538884 bcsId: 0} | ret=SUCCESS |  
2019-08-21 15:29:46,805 | INFO  | DNAudit | user=null | ip=null | op=WRITE_CHUNK {blockData=conID: 2 locID: 102655681284538884 bcsId: 0} | ret=SUCCESS |  
2019-08-21 15:29:46,813 | INFO  | DNAudit | user=null | ip=null | op=WRITE_CHUNK {blockData=conID: 2 locID: 102655681284538884 bcsId: 0} | ret=SUCCESS |  
2019-08-21 15:29:46,814 | INFO  | DNAudit | user=null | ip=null | op=PUT_BLOCK {blockData=[blockId=conID: 2 locID: 102655681284538884 bcsId: 0,size=1048576]} | ret=SUCCESS |  
2019-08-21 15:29:46,814 [grpc-default-executor-5] INFO  client.GrpcClientProtocolClient (GrpcClientProtocolClient.java:onNext(255)) - client-029E50227556->355864cd-7ac5-4934-b366-9756b15dd90f: receive RaftClientReply:client-029E50227556->355864cd-7ac5-4934-b366-9756b15dd90f@group-785BCF25C267, cid=1725, SUCCESS, logIndex=2493, commits[355864cd-7ac5-4934-b366-9756b15dd90f:c2496, ce4aa411-63c8-4399-99eb-27ce352844f3:c2492, 3eeffb0a-787e-48ec-a2f5-d0c540a89489:c2492]
2019-08-21 15:29:46,814 | INFO  | DNAudit | user=null | ip=null | op=WRITE_CHUNK {blockData=conID: 2 locID: 102655681284538884 bcsId: 0} | ret=SUCCESS |  
2019-08-21 15:29:46,815 | INFO  | DNAudit | user=null | ip=null | op=PUT_BLOCK {blockData=[blockId=conID: 2 locID: 102655681284538884 bcsId: 0,size=2097152]} | ret=SUCCESS |  
2019-08-21 15:29:46,815 [grpc-default-executor-5] INFO  client.GrpcClientProtocolClient (GrpcClientProtocolClient.java:onNext(255)) - client-029E50227556->355864cd-7ac5-4934-b366-9756b15dd90f: receive RaftClientReply:client-029E50227556->355864cd-7ac5-4934-b366-9756b15dd90f@group-785BCF25C267, cid=1726, SUCCESS, logIndex=2494, commits[355864cd-7ac5-4934-b366-9756b15dd90f:c2496, ce4aa411-63c8-4399-99eb-27ce352844f3:c2492, 3eeffb0a-787e-48ec-a2f5-d0c540a89489:c2492]
2019-08-21 15:29:46,815 [grpc-default-executor-5] INFO  client.GrpcClientProtocolClient (GrpcClientProtocolClient.java:onNext(255)) - client-029E50227556->355864cd-7ac5-4934-b366-9756b15dd90f: receive RaftClientReply:client-029E50227556->355864cd-7ac5-4934-b366-9756b15dd90f@group-785BCF25C267, cid=1727, SUCCESS, logIndex=2495, commits[355864cd-7ac5-4934-b366-9756b15dd90f:c2496, ce4aa411-63c8-4399-99eb-27ce352844f3:c2492, 3eeffb0a-787e-48ec-a2f5-d0c540a89489:c2492]
2019-08-21 15:29:46,815 [grpc-default-executor-5] INFO  client.GrpcClientProtocolClient (GrpcClientProtocolClient.java:onNext(255)) - client-029E50227556->355864cd-7ac5-4934-b366-9756b15dd90f: receive RaftClientReply:client-029E50227556->355864cd-7ac5-4934-b366-9756b15dd90f@group-785BCF25C267, cid=1728, SUCCESS, logIndex=2496, commits[355864cd-7ac5-4934-b366-9756b15dd90f:c2496, ce4aa411-63c8-4399-99eb-27ce352844f3:c2492, 3eeffb0a-787e-48ec-a2f5-d0c540a89489:c2492]
2019-08-21 15:29:46,816 | INFO  | DNAudit | user=null | ip=null | op=WRITE_CHUNK {blockData=conID: 2 locID: 102655681284538884 bcsId: 0} | ret=SUCCESS |  
2019-08-21 15:29:46,827 | INFO  | DNAudit | user=null | ip=null | op=WRITE_CHUNK {blockData=conID: 2 locID: 102655681284538884 bcsId: 0} | ret=SUCCESS |  
2019-08-21 15:29:46,828 | INFO  | DNAudit | user=null | ip=null | op=PUT_BLOCK {blockData=[blockId=conID: 2 locID: 102655681284538884 bcsId: 0,size=1048576]} | ret=SUCCESS |  
2019-08-21 15:29:46,828 | INFO  | DNAudit | user=null | ip=null | op=WRITE_CHUNK {blockData=conID: 2 locID: 102655681284538884 bcsId: 0} | ret=SUCCESS |  
2019-08-21 15:29:46,828 | INFO  | DNAudit | user=null | ip=null | op=PUT_BLOCK {blockData=[blockId=conID: 2 locID: 102655681284538884 bcsId: 0,size=1048576]} | ret=SUCCESS |  
2019-08-21 15:29:46,828 | INFO  | DNAudit | user=null | ip=null | op=PUT_BLOCK {blockData=[blockId=conID: 2 locID: 102655681284538884 bcsId: 0,size=2097152]} | ret=SUCCESS |  
2019-08-21 15:29:46,828 | INFO  | DNAudit | user=null | ip=null | op=WRITE_CHUNK {blockData=conID: 2 locID: 102655681284538884 bcsId: 0} | ret=SUCCESS |  
2019-08-21 15:29:46,829 | INFO  | DNAudit | user=null | ip=null | op=PUT_BLOCK {blockData=[blockId=conID: 2 locID: 102655681284538884 bcsId: 0,size=2097152]} | ret=SUCCESS |  
2019-08-21 15:29:46,829 [grpc-default-executor-5] INFO  client.GrpcClientProtocolClient (GrpcClientProtocolClient.java:onNext(255)) - client-029E50227556->355864cd-7ac5-4934-b366-9756b15dd90f: receive RaftClientReply:client-029E50227556->355864cd-7ac5-4934-b366-9756b15dd90f@group-785BCF25C267, cid=1729, SUCCESS, logIndex=0, commits[355864cd-7ac5-4934-b366-9756b15dd90f:c2500, ce4aa411-63c8-4399-99eb-27ce352844f3:c2494, 3eeffb0a-787e-48ec-a2f5-d0c540a89489:c2496]
2019-08-21 15:29:46,835 | INFO  | DNAudit | user=null | ip=null | op=WRITE_CHUNK {blockData=conID: 2 locID: 102655681284538884 bcsId: 2496} | ret=SUCCESS |  
2019-08-21 15:29:46,837 | INFO  | DNAudit | user=null | ip=null | op=WRITE_CHUNK {blockData=conID: 2 locID: 102655681284538884 bcsId: 2496} | ret=SUCCESS |  
2019-08-21 15:29:46,837 | INFO  | DNAudit | user=null | ip=null | op=WRITE_CHUNK {blockData=conID: 2 locID: 102655681284538884 bcsId: 2496} | ret=SUCCESS |  
2019-08-21 15:29:46,848 | INFO  | DNAudit | user=null | ip=null | op=WRITE_CHUNK {blockData=conID: 2 locID: 102655681284538884 bcsId: 2496} | ret=SUCCESS |  
2019-08-21 15:29:46,849 | INFO  | DNAudit | user=null | ip=null | op=PUT_BLOCK {blockData=[blockId=conID: 2 locID: 102655681284538884 bcsId: 0,size=3145728]} | ret=SUCCESS |  
2019-08-21 15:29:46,849 [grpc-default-executor-5] INFO  client.GrpcClientProtocolClient (GrpcClientProtocolClient.java:onNext(255)) - client-029E50227556->355864cd-7ac5-4934-b366-9756b15dd90f: receive RaftClientReply:client-029E50227556->355864cd-7ac5-4934-b366-9756b15dd90f@group-785BCF25C267, cid=1730, SUCCESS, logIndex=2501, commits[355864cd-7ac5-4934-b366-9756b15dd90f:c2502, ce4aa411-63c8-4399-99eb-27ce352844f3:c2500, 3eeffb0a-787e-48ec-a2f5-d0c540a89489:c2500]
2019-08-21 15:29:46,849 [grpc-default-executor-5] INFO  client.GrpcClientProtocolClient (GrpcClientProtocolClient.java:onNext(255)) - client-029E50227556->355864cd-7ac5-4934-b366-9756b15dd90f: receive RaftClientReply:client-029E50227556->355864cd-7ac5-4934-b366-9756b15dd90f@group-785BCF25C267, cid=1731, SUCCESS, logIndex=2502, commits[355864cd-7ac5-4934-b366-9756b15dd90f:c2502, ce4aa411-63c8-4399-99eb-27ce352844f3:c2500, 3eeffb0a-787e-48ec-a2f5-d0c540a89489:c2500]
2019-08-21 15:29:46,856 | INFO  | DNAudit | user=null | ip=null | op=WRITE_CHUNK {blockData=conID: 2 locID: 102655681284538884 bcsId: 2502} | ret=SUCCESS |  
2019-08-21 15:29:46,857 | INFO  | DNAudit | user=null | ip=null | op=WRITE_CHUNK {blockData=conID: 2 locID: 102655681284538884 bcsId: 2502} | ret=SUCCESS |  
2019-08-21 15:29:46,858 | INFO  | DNAudit | user=null | ip=null | op=WRITE_CHUNK {blockData=conID: 2 locID: 102655681284538884 bcsId: 2502} | ret=SUCCESS |  
2019-08-21 15:29:46,858 | INFO  | DNAudit | user=null | ip=null | op=WRITE_CHUNK {blockData=conID: 2 locID: 102655681284538884 bcsId: 2496} | ret=SUCCESS |  
2019-08-21 15:29:46,859 | INFO  | DNAudit | user=null | ip=null | op=WRITE_CHUNK {blockData=conID: 2 locID: 102655681284538884 bcsId: 2496} | ret=SUCCESS |  
2019-08-21 15:29:46,859 | INFO  | DNAudit | user=null | ip=null | op=PUT_BLOCK {blockData=[blockId=conID: 2 locID: 102655681284538884 bcsId: 0,size=3145728]} | ret=SUCCESS |  
2019-08-21 15:29:46,860 | INFO  | DNAudit | user=null | ip=null | op=WRITE_CHUNK {blockData=conID: 2 locID: 102655681284538884 bcsId: 2502} | ret=SUCCESS |  
2019-08-21 15:29:46,860 | INFO  | DNAudit | user=null | ip=null | op=PUT_BLOCK {blockData=[blockId=conID: 2 locID: 102655681284538884 bcsId: 0,size=3145728]} | ret=SUCCESS |  
2019-08-21 15:29:46,860 | INFO  | DNAudit | user=null | ip=null | op=PUT_BLOCK {blockData=[blockId=conID: 2 locID: 102655681284538884 bcsId: 0,size=4194304]} | ret=SUCCESS |  
2019-08-21 15:29:46,860 [grpc-default-executor-4] INFO  client.GrpcClientProtocolClient (GrpcClientProtocolClient.java:onNext(255)) - client-029E50227556->355864cd-7ac5-4934-b366-9756b15dd90f: receive RaftClientReply:client-029E50227556->355864cd-7ac5-4934-b366-9756b15dd90f@group-785BCF25C267, cid=1732, SUCCESS, logIndex=2505, commits[355864cd-7ac5-4934-b366-9756b15dd90f:c2506, ce4aa411-63c8-4399-99eb-27ce352844f3:c2501, 3eeffb0a-787e-48ec-a2f5-d0c540a89489:c2502]
2019-08-21 15:29:46,861 [grpc-default-executor-4] INFO  client.GrpcClientProtocolClient (GrpcClientProtocolClient.java:onNext(255)) - client-029E50227556->355864cd-7ac5-4934-b366-9756b15dd90f: receive RaftClientReply:client-029E50227556->355864cd-7ac5-4934-b366-9756b15dd90f@group-785BCF25C267, cid=1733, SUCCESS, logIndex=2506, commits[355864cd-7ac5-4934-b366-9756b15dd90f:c2506, ce4aa411-63c8-4399-99eb-27ce352844f3:c2502, 3eeffb0a-787e-48ec-a2f5-d0c540a89489:c2502]
2019-08-21 15:29:46,861 | INFO  | DNAudit | user=null | ip=null | op=WRITE_CHUNK {blockData=conID: 2 locID: 102655681284538884 bcsId: 2502} | ret=SUCCESS |  
2019-08-21 15:29:46,861 | INFO  | DNAudit | user=null | ip=null | op=WRITE_CHUNK {blockData=conID: 2 locID: 102655681284538884 bcsId: 2502} | ret=SUCCESS |  
2019-08-21 15:29:46,861 | INFO  | DNAudit | user=null | ip=null | op=PUT_BLOCK {blockData=[blockId=conID: 2 locID: 102655681284538884 bcsId: 0,size=4194304]} | ret=SUCCESS |  
2019-08-21 15:29:46,862 | INFO  | DNAudit | user=null | ip=null | op=PUT_BLOCK {blockData=[blockId=conID: 2 locID: 102655681284538884 bcsId: 0,size=4194304]} | ret=SUCCESS |  
2019-08-21 15:29:46,862 [grpc-default-executor-3] INFO  client.GrpcClientProtocolClient (GrpcClientProtocolClient.java:onNext(255)) - client-029E50227556->355864cd-7ac5-4934-b366-9756b15dd90f: receive RaftClientReply:client-029E50227556->355864cd-7ac5-4934-b366-9756b15dd90f@group-785BCF25C267, cid=1734, SUCCESS, logIndex=0, commits[355864cd-7ac5-4934-b366-9756b15dd90f:c2507, ce4aa411-63c8-4399-99eb-27ce352844f3:c2506, 3eeffb0a-787e-48ec-a2f5-d0c540a89489:c2506]
2019-08-21 15:29:46,865 | INFO  | SCMAudit | user=jenkins1000 | ip=192.168.5.153 | op=ALLOCATE_BLOCK {owner=78849ec2-2b05-45d8-8cb5-e95e2230dbd1, size=4194304, type=RATIS, factor=THREE} | ret=SUCCESS |  
2019-08-21 15:29:46,867 | INFO  | OMAudit | user=jenkins1000 | ip=127.0.0.1 | op=ALLOCATE_BLOCK {volume=vol-0-32358, bucket=bucket-0-01949, key=key-0-56547, dataSize=0, replicationType=null, replicationFactor=null, keyLocationInfo=null, clientID=102655680532119954} | ret=SUCCESS |  
2019-08-21 15:29:46,873 | INFO  | DNAudit | user=null | ip=null | op=WRITE_CHUNK {blockData=conID: 3 locID: 102655681289585157 bcsId: 0} | ret=SUCCESS |  
2019-08-21 15:29:46,875 | INFO  | DNAudit | user=null | ip=null | op=WRITE_CHUNK {blockData=conID: 3 locID: 102655681289585157 bcsId: 0} | ret=SUCCESS |  
2019-08-21 15:29:46,876 | INFO  | DNAudit | user=null | ip=null | op=WRITE_CHUNK {blockData=conID: 3 locID: 102655681289585157 bcsId: 0} | ret=SUCCESS |  
2019-08-21 15:29:46,877 | INFO  | DNAudit | user=null | ip=null | op=WRITE_CHUNK {blockData=conID: 3 locID: 102655681289585157 bcsId: 0} | ret=SUCCESS |  
2019-08-21 15:29:46,972 | INFO  | DNAudit | user=null | ip=null | op=WRITE_CHUNK {blockData=conID: 3 locID: 102655681289585157 bcsId: 0} | ret=SUCCESS |  
2019-08-21 15:29:46,973 | INFO  | DNAudit | user=null | ip=null | op=PUT_BLOCK {blockData=[blockId=conID: 3 locID: 102655681289585157 bcsId: 0,size=1048576]} | ret=SUCCESS |  
2019-08-21 15:29:46,973 [grpc-default-executor-5] INFO  client.GrpcClientProtocolClient (GrpcClientProtocolClient.java:onNext(255)) - client-029E50227556->355864cd-7ac5-4934-b366-9756b15dd90f: receive RaftClientReply:client-029E50227556->355864cd-7ac5-4934-b366-9756b15dd90f@group-785BCF25C267, cid=1735, SUCCESS, logIndex=2509, commits[355864cd-7ac5-4934-b366-9756b15dd90f:c2510, ce4aa411-63c8-4399-99eb-27ce352844f3:c2508, 3eeffb0a-787e-48ec-a2f5-d0c540a89489:c2508]
2019-08-21 15:29:46,973 | INFO  | DNAudit | user=null | ip=null | op=WRITE_CHUNK {blockData=conID: 3 locID: 102655681289585157 bcsId: 0} | ret=SUCCESS |  
2019-08-21 15:29:46,973 [grpc-default-executor-5] INFO  client.GrpcClientProtocolClient (GrpcClientProtocolClient.java:onNext(255)) - client-029E50227556->355864cd-7ac5-4934-b366-9756b15dd90f: receive RaftClientReply:client-029E50227556->355864cd-7ac5-4934-b366-9756b15dd90f@group-785BCF25C267, cid=1736, SUCCESS, logIndex=2510, commits[355864cd-7ac5-4934-b366-9756b15dd90f:c2510, ce4aa411-63c8-4399-99eb-27ce352844f3:c2508, 3eeffb0a-787e-48ec-a2f5-d0c540a89489:c2508]
2019-08-21 15:29:46,974 | INFO  | DNAudit | user=null | ip=null | op=WRITE_CHUNK {blockData=conID: 3 locID: 102655681289585157 bcsId: 0} | ret=SUCCESS |  
2019-08-21 15:29:46,983 | INFO  | DNAudit | user=null | ip=null | op=WRITE_CHUNK {blockData=conID: 3 locID: 102655681289585157 bcsId: 0} | ret=SUCCESS |  
2019-08-21 15:29:46,984 | INFO  | DNAudit | user=null | ip=null | op=WRITE_CHUNK {blockData=conID: 3 locID: 102655681289585157 bcsId: 0} | ret=SUCCESS |  
2019-08-21 15:29:46,984 | INFO  | DNAudit | user=null | ip=null | op=WRITE_CHUNK {blockData=conID: 3 locID: 102655681289585157 bcsId: 0} | ret=SUCCESS |  
2019-08-21 15:29:46,984 | INFO  | DNAudit | user=null | ip=null | op=PUT_BLOCK {blockData=[blockId=conID: 3 locID: 102655681289585157 bcsId: 0,size=1048576]} | ret=SUCCESS |  
2019-08-21 15:29:46,984 | INFO  | DNAudit | user=null | ip=null | op=PUT_BLOCK {blockData=[blockId=conID: 3 locID: 102655681289585157 bcsId: 0,size=1048576]} | ret=SUCCESS |  
2019-08-21 15:29:46,984 | INFO  | DNAudit | user=null | ip=null | op=PUT_BLOCK {blockData=[blockId=conID: 3 locID: 102655681289585157 bcsId: 0,size=2097152]} | ret=SUCCESS |  
2019-08-21 15:29:46,984 [grpc-default-executor-3] INFO  client.GrpcClientProtocolClient (GrpcClientProtocolClient.java:onNext(255)) - client-029E50227556->355864cd-7ac5-4934-b366-9756b15dd90f: receive RaftClientReply:client-029E50227556->355864cd-7ac5-4934-b366-9756b15dd90f@group-785BCF25C267, cid=1737, SUCCESS, logIndex=2511, commits[355864cd-7ac5-4934-b366-9756b15dd90f:c2512, ce4aa411-63c8-4399-99eb-27ce352844f3:c2508, 3eeffb0a-787e-48ec-a2f5-d0c540a89489:c2508]
2019-08-21 15:29:46,985 | INFO  | DNAudit | user=null | ip=null | op=WRITE_CHUNK {blockData=conID: 3 locID: 102655681289585157 bcsId: 0} | ret=SUCCESS |  
2019-08-21 15:29:46,985 | INFO  | DNAudit | user=null | ip=null | op=WRITE_CHUNK {blockData=conID: 3 locID: 102655681289585157 bcsId: 0} | ret=SUCCESS |  
2019-08-21 15:29:46,985 [grpc-default-executor-3] INFO  client.GrpcClientProtocolClient (GrpcClientProtocolClient.java:onNext(255)) - client-029E50227556->355864cd-7ac5-4934-b366-9756b15dd90f: receive RaftClientReply:client-029E50227556->355864cd-7ac5-4934-b366-9756b15dd90f@group-785BCF25C267, cid=1738, SUCCESS, logIndex=2512, commits[355864cd-7ac5-4934-b366-9756b15dd90f:c2514, ce4aa411-63c8-4399-99eb-27ce352844f3:c2510, 3eeffb0a-787e-48ec-a2f5-d0c540a89489:c2510]
2019-08-21 15:29:46,985 | INFO  | DNAudit | user=null | ip=null | op=PUT_BLOCK {blockData=[blockId=conID: 3 locID: 102655681289585157 bcsId: 0,size=2097152]} | ret=SUCCESS |  
2019-08-21 15:29:46,986 | INFO  | DNAudit | user=null | ip=null | op=PUT_BLOCK {blockData=[blockId=conID: 3 locID: 102655681289585157 bcsId: 0,size=2097152]} | ret=SUCCESS |  
2019-08-21 15:29:46,992 | INFO  | DNAudit | user=null | ip=null | op=WRITE_CHUNK {blockData=conID: 3 locID: 102655681289585157 bcsId: 2512} | ret=SUCCESS |  
2019-08-21 15:29:46,994 | INFO  | DNAudit | user=null | ip=null | op=WRITE_CHUNK {blockData=conID: 3 locID: 102655681289585157 bcsId: 2512} | ret=SUCCESS |  
2019-08-21 15:29:46,994 | INFO  | DNAudit | user=null | ip=null | op=WRITE_CHUNK {blockData=conID: 3 locID: 102655681289585157 bcsId: 2512} | ret=SUCCESS |  
2019-08-21 15:29:47,004 | INFO  | DNAudit | user=null | ip=null | op=WRITE_CHUNK {blockData=conID: 3 locID: 102655681289585157 bcsId: 2512} | ret=SUCCESS |  
2019-08-21 15:29:47,005 | INFO  | DNAudit | user=null | ip=null | op=PUT_BLOCK {blockData=[blockId=conID: 3 locID: 102655681289585157 bcsId: 0,size=3145728]} | ret=SUCCESS |  
2019-08-21 15:29:47,005 [grpc-default-executor-4] INFO  client.GrpcClientProtocolClient (GrpcClientProtocolClient.java:onNext(255)) - client-029E50227556->355864cd-7ac5-4934-b366-9756b15dd90f: receive RaftClientReply:client-029E50227556->355864cd-7ac5-4934-b366-9756b15dd90f@group-785BCF25C267, cid=1739, SUCCESS, logIndex=2517, commits[355864cd-7ac5-4934-b366-9756b15dd90f:c2518, ce4aa411-63c8-4399-99eb-27ce352844f3:c2516, 3eeffb0a-787e-48ec-a2f5-d0c540a89489:c2516]
2019-08-21 15:29:47,006 [grpc-default-executor-4] INFO  client.GrpcClientProtocolClient (GrpcClientProtocolClient.java:onNext(255)) - client-029E50227556->355864cd-7ac5-4934-b366-9756b15dd90f: receive RaftClientReply:client-029E50227556->355864cd-7ac5-4934-b366-9756b15dd90f@group-785BCF25C267, cid=1740, SUCCESS, logIndex=2518, commits[355864cd-7ac5-4934-b366-9756b15dd90f:c2518, ce4aa411-63c8-4399-99eb-27ce352844f3:c2516, 3eeffb0a-787e-48ec-a2f5-d0c540a89489:c2516]
2019-08-21 15:29:47,013 | INFO  | DNAudit | user=null | ip=null | op=WRITE_CHUNK {blockData=conID: 3 locID: 102655681289585157 bcsId: 2518} | ret=SUCCESS |  
2019-08-21 15:29:47,015 | INFO  | DNAudit | user=null | ip=null | op=WRITE_CHUNK {blockData=conID: 3 locID: 102655681289585157 bcsId: 2518} | ret=SUCCESS |  
2019-08-21 15:29:47,015 | INFO  | DNAudit | user=null | ip=null | op=WRITE_CHUNK {blockData=conID: 3 locID: 102655681289585157 bcsId: 2518} | ret=SUCCESS |  
2019-08-21 15:29:47,016 | INFO  | DNAudit | user=null | ip=null | op=WRITE_CHUNK {blockData=conID: 3 locID: 102655681289585157 bcsId: 2512} | ret=SUCCESS |  
2019-08-21 15:29:47,016 | INFO  | DNAudit | user=null | ip=null | op=WRITE_CHUNK {blockData=conID: 3 locID: 102655681289585157 bcsId: 2512} | ret=SUCCESS |  
2019-08-21 15:29:47,016 | INFO  | DNAudit | user=null | ip=null | op=PUT_BLOCK {blockData=[blockId=conID: 3 locID: 102655681289585157 bcsId: 0,size=3145728]} | ret=SUCCESS |  
2019-08-21 15:29:47,017 | INFO  | DNAudit | user=null | ip=null | op=PUT_BLOCK {blockData=[blockId=conID: 3 locID: 102655681289585157 bcsId: 0,size=3145728]} | ret=SUCCESS |  
2019-08-21 15:29:47,017 | INFO  | DNAudit | user=null | ip=null | op=WRITE_CHUNK {blockData=conID: 3 locID: 102655681289585157 bcsId: 2518} | ret=SUCCESS |  
2019-08-21 15:29:47,018 | INFO  | DNAudit | user=null | ip=null | op=PUT_BLOCK {blockData=[blockId=conID: 3 locID: 102655681289585157 bcsId: 0,size=4194304]} | ret=SUCCESS |  
2019-08-21 15:29:47,018 [grpc-default-executor-5] INFO  client.GrpcClientProtocolClient (GrpcClientProtocolClient.java:onNext(255)) - client-029E50227556->355864cd-7ac5-4934-b366-9756b15dd90f: receive RaftClientReply:client-029E50227556->355864cd-7ac5-4934-b366-9756b15dd90f@group-785BCF25C267, cid=1741, SUCCESS, logIndex=2521, commits[355864cd-7ac5-4934-b366-9756b15dd90f:c2522, ce4aa411-63c8-4399-99eb-27ce352844f3:c2518, 3eeffb0a-787e-48ec-a2f5-d0c540a89489:c2518]
2019-08-21 15:29:47,019 [grpc-default-executor-5] INFO  client.GrpcClientProtocolClient (GrpcClientProtocolClient.java:onNext(255)) - client-029E50227556->355864cd-7ac5-4934-b366-9756b15dd90f: receive RaftClientReply:client-029E50227556->355864cd-7ac5-4934-b366-9756b15dd90f@group-785BCF25C267, cid=1742, SUCCESS, logIndex=2522, commits[355864cd-7ac5-4934-b366-9756b15dd90f:c2522, ce4aa411-63c8-4399-99eb-27ce352844f3:c2518, 3eeffb0a-787e-48ec-a2f5-d0c540a89489:c2518]
2019-08-21 15:29:47,029 | INFO  | DNAudit | user=null | ip=null | op=WRITE_CHUNK {blockData=conID: 3 locID: 102655681289585157 bcsId: 2518} | ret=SUCCESS |  
2019-08-21 15:29:47,029 | INFO  | DNAudit | user=null | ip=null | op=WRITE_CHUNK {blockData=conID: 3 locID: 102655681289585157 bcsId: 2518} | ret=SUCCESS |  
2019-08-21 15:29:47,029 | INFO  | DNAudit | user=null | ip=null | op=PUT_BLOCK {blockData=[blockId=conID: 3 locID: 102655681289585157 bcsId: 0,size=4194304]} | ret=SUCCESS |  
2019-08-21 15:29:47,029 | INFO  | DNAudit | user=null | ip=null | op=PUT_BLOCK {blockData=[blockId=conID: 3 locID: 102655681289585157 bcsId: 0,size=4194304]} | ret=SUCCESS |  
2019-08-21 15:29:47,029 [grpc-default-executor-5] INFO  client.GrpcClientProtocolClient (GrpcClientProtocolClient.java:onNext(255)) - client-029E50227556->355864cd-7ac5-4934-b366-9756b15dd90f: receive RaftClientReply:client-029E50227556->355864cd-7ac5-4934-b366-9756b15dd90f@group-785BCF25C267, cid=1743, SUCCESS, logIndex=0, commits[355864cd-7ac5-4934-b366-9756b15dd90f:c2523, ce4aa411-63c8-4399-99eb-27ce352844f3:c2522, 3eeffb0a-787e-48ec-a2f5-d0c540a89489:c2522]
2019-08-21 15:29:47,035 | INFO  | SCMAudit | user=jenkins1000 | ip=192.168.5.153 | op=ALLOCATE_BLOCK {owner=78849ec2-2b05-45d8-8cb5-e95e2230dbd1, size=4194304, type=RATIS, factor=THREE} | ret=SUCCESS |  
2019-08-21 15:29:47,039 | INFO  | OMAudit | user=jenkins1000 | ip=127.0.0.1 | op=ALLOCATE_BLOCK {volume=vol-0-32358, bucket=bucket-0-01949, key=key-0-56547, dataSize=0, replicationType=null, replicationFactor=null, keyLocationInfo=null, clientID=102655680532119954} | ret=SUCCESS |  
2019-08-21 15:29:47,046 | INFO  | DNAudit | user=null | ip=null | op=WRITE_CHUNK {blockData=conID: 1 locID: 102655681300726278 bcsId: 0} | ret=SUCCESS |  
2019-08-21 15:29:47,047 | INFO  | SCMAudit | user=jenkins1000 | ip=192.168.5.153 | op=SEND_HEARTBEAT {datanodeUUID=a0074e04-2715-4b16-a2b0-10b5043d27ae, command=[]} | ret=SUCCESS |  
2019-08-21 15:29:47,047 | INFO  | SCMAudit | user=jenkins1000 | ip=192.168.5.153 | op=SEND_HEARTBEAT {datanodeUUID=a38cd7e0-d792-481c-a4c0-f4feaa89ec8f, command=[]} | ret=SUCCESS |  
2019-08-21 15:29:47,049 | INFO  | DNAudit | user=null | ip=null | op=WRITE_CHUNK {blockData=conID: 1 locID: 102655681300726278 bcsId: 0} | ret=SUCCESS |  
2019-08-21 15:29:47,050 | INFO  | DNAudit | user=null | ip=null | op=WRITE_CHUNK {blockData=conID: 1 locID: 102655681300726278 bcsId: 0} | ret=SUCCESS |  
2019-08-21 15:29:47,050 | INFO  | DNAudit | user=null | ip=null | op=WRITE_CHUNK {blockData=conID: 1 locID: 102655681300726278 bcsId: 0} | ret=SUCCESS |  
2019-08-21 15:29:47,052 | INFO  | DNAudit | user=null | ip=null | op=WRITE_CHUNK {blockData=conID: 1 locID: 102655681300726278 bcsId: 0} | ret=SUCCESS |  
2019-08-21 15:29:47,052 | INFO  | DNAudit | user=null | ip=null | op=WRITE_CHUNK {blockData=conID: 1 locID: 102655681300726278 bcsId: 0} | ret=SUCCESS |  
2019-08-21 15:29:47,059 | INFO  | DNAudit | user=null | ip=null | op=WRITE_CHUNK {blockData=conID: 1 locID: 102655681300726278 bcsId: 0} | ret=SUCCESS |  
2019-08-21 15:29:47,059 | INFO  | DNAudit | user=null | ip=null | op=PUT_BLOCK {blockData=[blockId=conID: 1 locID: 102655681300726278 bcsId: 0,size=1048576]} | ret=SUCCESS |  
2019-08-21 15:29:47,060 [grpc-default-executor-5] INFO  client.GrpcClientProtocolClient (GrpcClientProtocolClient.java:onNext(255)) - client-029E50227556->355864cd-7ac5-4934-b366-9756b15dd90f: receive RaftClientReply:client-029E50227556->355864cd-7ac5-4934-b366-9756b15dd90f@group-785BCF25C267, cid=1744, SUCCESS, logIndex=2525, commits[355864cd-7ac5-4934-b366-9756b15dd90f:c2527, ce4aa411-63c8-4399-99eb-27ce352844f3:c2524, 3eeffb0a-787e-48ec-a2f5-d0c540a89489:c2524]
2019-08-21 15:29:47,060 | INFO  | DNAudit | user=null | ip=null | op=WRITE_CHUNK {blockData=conID: 1 locID: 102655681300726278 bcsId: 0} | ret=SUCCESS |  
2019-08-21 15:29:47,060 [grpc-default-executor-5] INFO  client.GrpcClientProtocolClient (GrpcClientProtocolClient.java:onNext(255)) - client-029E50227556->355864cd-7ac5-4934-b366-9756b15dd90f: receive RaftClientReply:client-029E50227556->355864cd-7ac5-4934-b366-9756b15dd90f@group-785BCF25C267, cid=1745, SUCCESS, logIndex=2526, commits[355864cd-7ac5-4934-b366-9756b15dd90f:c2528, ce4aa411-63c8-4399-99eb-27ce352844f3:c2524, 3eeffb0a-787e-48ec-a2f5-d0c540a89489:c2524]
2019-08-21 15:29:47,060 | INFO  | DNAudit | user=null | ip=null | op=PUT_BLOCK {blockData=[blockId=conID: 1 locID: 102655681300726278 bcsId: 0,size=2097152]} | ret=SUCCESS |  
2019-08-21 15:29:47,061 [grpc-default-executor-5] INFO  client.GrpcClientProtocolClient (GrpcClientProtocolClient.java:onNext(255)) - client-029E50227556->355864cd-7ac5-4934-b366-9756b15dd90f: receive RaftClientReply:client-029E50227556->355864cd-7ac5-4934-b366-9756b15dd90f@group-785BCF25C267, cid=1746, SUCCESS, logIndex=2527, commits[355864cd-7ac5-4934-b366-9756b15dd90f:c2528, ce4aa411-63c8-4399-99eb-27ce352844f3:c2524, 3eeffb0a-787e-48ec-a2f5-d0c540a89489:c2524]
2019-08-21 15:29:47,061 | INFO  | DNAudit | user=null | ip=null | op=WRITE_CHUNK {blockData=conID: 1 locID: 102655681300726278 bcsId: 0} | ret=SUCCESS |  
2019-08-21 15:29:47,061 | INFO  | DNAudit | user=null | ip=null | op=WRITE_CHUNK {blockData=conID: 1 locID: 102655681300726278 bcsId: 0} | ret=SUCCESS |  
2019-08-21 15:29:47,061 [grpc-default-executor-5] INFO  client.GrpcClientProtocolClient (GrpcClientProtocolClient.java:onNext(255)) - client-029E50227556->355864cd-7ac5-4934-b366-9756b15dd90f: receive RaftClientReply:client-029E50227556->355864cd-7ac5-4934-b366-9756b15dd90f@group-785BCF25C267, cid=1747, SUCCESS, logIndex=2528, commits[355864cd-7ac5-4934-b366-9756b15dd90f:c2528, ce4aa411-63c8-4399-99eb-27ce352844f3:c2524, 3eeffb0a-787e-48ec-a2f5-d0c540a89489:c2524]
2019-08-21 15:29:47,061 | INFO  | DNAudit | user=null | ip=null | op=PUT_BLOCK {blockData=[blockId=conID: 1 locID: 102655681300726278 bcsId: 0,size=1048576]} | ret=SUCCESS |  
2019-08-21 15:29:47,061 | INFO  | DNAudit | user=null | ip=null | op=PUT_BLOCK {blockData=[blockId=conID: 1 locID: 102655681300726278 bcsId: 0,size=1048576]} | ret=SUCCESS |  
2019-08-21 15:29:47,062 [grpc-default-executor-5] INFO  client.GrpcClientProtocolClient (GrpcClientProtocolClient.java:onNext(255)) - client-029E50227556->355864cd-7ac5-4934-b366-9756b15dd90f: receive RaftClientReply:client-029E50227556->355864cd-7ac5-4934-b366-9756b15dd90f@group-785BCF25C267, cid=1748, SUCCESS, logIndex=0, commits[355864cd-7ac5-4934-b366-9756b15dd90f:c2529, ce4aa411-63c8-4399-99eb-27ce352844f3:c2526, 3eeffb0a-787e-48ec-a2f5-d0c540a89489:c2526]
2019-08-21 15:29:47,064 | INFO  | DNAudit | user=null | ip=null | op=WRITE_CHUNK {blockData=conID: 1 locID: 102655681300726278 bcsId: 0} | ret=SUCCESS |  
2019-08-21 15:29:47,064 | INFO  | DNAudit | user=null | ip=null | op=PUT_BLOCK {blockData=[blockId=conID: 1 locID: 102655681300726278 bcsId: 0,size=2097152]} | ret=SUCCESS |  
2019-08-21 15:29:47,064 | INFO  | DNAudit | user=null | ip=null | op=WRITE_CHUNK {blockData=conID: 1 locID: 102655681300726278 bcsId: 0} | ret=SUCCESS |  
2019-08-21 15:29:47,064 | INFO  | DNAudit | user=null | ip=null | op=PUT_BLOCK {blockData=[blockId=conID: 1 locID: 102655681300726278 bcsId: 0,size=2097152]} | ret=SUCCESS |  
2019-08-21 15:29:47,069 | INFO  | DNAudit | user=null | ip=null | op=WRITE_CHUNK {blockData=conID: 1 locID: 102655681300726278 bcsId: 2528} | ret=SUCCESS |  
2019-08-21 15:29:47,071 | INFO  | DNAudit | user=null | ip=null | op=WRITE_CHUNK {blockData=conID: 1 locID: 102655681300726278 bcsId: 2528} | ret=SUCCESS |  
2019-08-21 15:29:47,072 | INFO  | DNAudit | user=null | ip=null | op=WRITE_CHUNK {blockData=conID: 1 locID: 102655681300726278 bcsId: 2528} | ret=SUCCESS |  
2019-08-21 15:29:47,081 | INFO  | DNAudit | user=null | ip=null | op=WRITE_CHUNK {blockData=conID: 1 locID: 102655681300726278 bcsId: 2528} | ret=SUCCESS |  
2019-08-21 15:29:47,082 | INFO  | DNAudit | user=null | ip=null | op=PUT_BLOCK {blockData=[blockId=conID: 1 locID: 102655681300726278 bcsId: 0,size=3145728]} | ret=SUCCESS |  
2019-08-21 15:29:47,082 [grpc-default-executor-5] INFO  client.GrpcClientProtocolClient (GrpcClientProtocolClient.java:onNext(255)) - client-029E50227556->355864cd-7ac5-4934-b366-9756b15dd90f: receive RaftClientReply:client-029E50227556->355864cd-7ac5-4934-b366-9756b15dd90f@group-785BCF25C267, cid=1749, SUCCESS, logIndex=2533, commits[355864cd-7ac5-4934-b366-9756b15dd90f:c2533, ce4aa411-63c8-4399-99eb-27ce352844f3:c2532, 3eeffb0a-787e-48ec-a2f5-d0c540a89489:c2532]
2019-08-21 15:29:47,083 [grpc-default-executor-5] INFO  client.GrpcClientProtocolClient (GrpcClientProtocolClient.java:onNext(255)) - client-029E50227556->355864cd-7ac5-4934-b366-9756b15dd90f: receive RaftClientReply:client-029E50227556->355864cd-7ac5-4934-b366-9756b15dd90f@group-785BCF25C267, cid=1750, SUCCESS, logIndex=2534, commits[355864cd-7ac5-4934-b366-9756b15dd90f:c2534, ce4aa411-63c8-4399-99eb-27ce352844f3:c2532, 3eeffb0a-787e-48ec-a2f5-d0c540a89489:c2532]
2019-08-21 15:29:47,090 | INFO  | DNAudit | user=null | ip=null | op=WRITE_CHUNK {blockData=conID: 1 locID: 102655681300726278 bcsId: 2534} | ret=SUCCESS |  
2019-08-21 15:29:47,092 | INFO  | DNAudit | user=null | ip=null | op=WRITE_CHUNK {blockData=conID: 1 locID: 102655681300726278 bcsId: 2534} | ret=SUCCESS |  
2019-08-21 15:29:47,092 | INFO  | DNAudit | user=null | ip=null | op=WRITE_CHUNK {blockData=conID: 1 locID: 102655681300726278 bcsId: 2534} | ret=SUCCESS |  
2019-08-21 15:29:47,093 | INFO  | DNAudit | user=null | ip=null | op=WRITE_CHUNK {blockData=conID: 1 locID: 102655681300726278 bcsId: 2528} | ret=SUCCESS |  
2019-08-21 15:29:47,093 | INFO  | DNAudit | user=null | ip=null | op=WRITE_CHUNK {blockData=conID: 1 locID: 102655681300726278 bcsId: 2528} | ret=SUCCESS |  
2019-08-21 15:29:47,093 | INFO  | DNAudit | user=null | ip=null | op=PUT_BLOCK {blockData=[blockId=conID: 1 locID: 102655681300726278 bcsId: 0,size=3145728]} | ret=SUCCESS |  
2019-08-21 15:29:47,093 | INFO  | DNAudit | user=null | ip=null | op=PUT_BLOCK {blockData=[blockId=conID: 1 locID: 102655681300726278 bcsId: 0,size=3145728]} | ret=SUCCESS |  
2019-08-21 15:29:47,097 | INFO  | DNAudit | user=null | ip=null | op=WRITE_CHUNK {blockData=conID: 1 locID: 102655681300726278 bcsId: 2534} | ret=SUCCESS |  
2019-08-21 15:29:47,098 | INFO  | DNAudit | user=null | ip=null | op=PUT_BLOCK {blockData=[blockId=conID: 1 locID: 102655681300726278 bcsId: 0,size=4194304]} | ret=SUCCESS |  
2019-08-21 15:29:47,098 [grpc-default-executor-2] INFO  client.GrpcClientProtocolClient (GrpcClientProtocolClient.java:onNext(255)) - client-029E50227556->355864cd-7ac5-4934-b366-9756b15dd90f: receive RaftClientReply:client-029E50227556->355864cd-7ac5-4934-b366-9756b15dd90f@group-785BCF25C267, cid=1751, SUCCESS, logIndex=2537, commits[355864cd-7ac5-4934-b366-9756b15dd90f:c2538, ce4aa411-63c8-4399-99eb-27ce352844f3:c2534, 3eeffb0a-787e-48ec-a2f5-d0c540a89489:c2534]
2019-08-21 15:29:47,098 [grpc-default-executor-2] INFO  client.GrpcClientProtocolClient (GrpcClientProtocolClient.java:onNext(255)) - client-029E50227556->355864cd-7ac5-4934-b366-9756b15dd90f: receive RaftClientReply:client-029E50227556->355864cd-7ac5-4934-b366-9756b15dd90f@group-785BCF25C267, cid=1752, SUCCESS, logIndex=2538, commits[355864cd-7ac5-4934-b366-9756b15dd90f:c2538, ce4aa411-63c8-4399-99eb-27ce352844f3:c2534, 3eeffb0a-787e-48ec-a2f5-d0c540a89489:c2534]
2019-08-21 15:29:47,108 | INFO  | DNAudit | user=null | ip=null | op=WRITE_CHUNK {blockData=conID: 1 locID: 102655681300726278 bcsId: 2534} | ret=SUCCESS |  
2019-08-21 15:29:47,108 | INFO  | DNAudit | user=null | ip=null | op=WRITE_CHUNK {blockData=conID: 1 locID: 102655681300726278 bcsId: 2534} | ret=SUCCESS |  
2019-08-21 15:29:47,109 | INFO  | DNAudit | user=null | ip=null | op=PUT_BLOCK {blockData=[blockId=conID: 1 locID: 102655681300726278 bcsId: 0,size=4194304]} | ret=SUCCESS |  
2019-08-21 15:29:47,109 | INFO  | DNAudit | user=null | ip=null | op=PUT_BLOCK {blockData=[blockId=conID: 1 locID: 102655681300726278 bcsId: 0,size=4194304]} | ret=SUCCESS |  
2019-08-21 15:29:47,109 [grpc-default-executor-2] INFO  client.GrpcClientProtocolClient (GrpcClientProtocolClient.java:onNext(255)) - client-029E50227556->355864cd-7ac5-4934-b366-9756b15dd90f: receive RaftClientReply:client-029E50227556->355864cd-7ac5-4934-b366-9756b15dd90f@group-785BCF25C267, cid=1753, SUCCESS, logIndex=0, commits[355864cd-7ac5-4934-b366-9756b15dd90f:c2539, ce4aa411-63c8-4399-99eb-27ce352844f3:c2538, 3eeffb0a-787e-48ec-a2f5-d0c540a89489:c2538]
2019-08-21 15:29:47,115 | INFO  | SCMAudit | user=jenkins1000 | ip=192.168.5.153 | op=ALLOCATE_BLOCK {owner=78849ec2-2b05-45d8-8cb5-e95e2230dbd1, size=4194304, type=RATIS, factor=THREE} | ret=SUCCESS |  
2019-08-21 15:29:47,118 | INFO  | OMAudit | user=jenkins1000 | ip=127.0.0.1 | op=ALLOCATE_BLOCK {volume=vol-0-32358, bucket=bucket-0-01949, key=key-0-56547, dataSize=0, replicationType=null, replicationFactor=null, keyLocationInfo=null, clientID=102655680532119954} | ret=SUCCESS |  
2019-08-21 15:29:47,125 | INFO  | DNAudit | user=null | ip=null | op=WRITE_CHUNK {blockData=conID: 2 locID: 102655681305903623 bcsId: 0} | ret=SUCCESS |  
2019-08-21 15:29:47,129 | INFO  | DNAudit | user=null | ip=null | op=WRITE_CHUNK {blockData=conID: 2 locID: 102655681305903623 bcsId: 0} | ret=SUCCESS |  
2019-08-21 15:29:47,129 | INFO  | DNAudit | user=null | ip=null | op=WRITE_CHUNK {blockData=conID: 2 locID: 102655681305903623 bcsId: 0} | ret=SUCCESS |  
2019-08-21 15:29:47,129 | INFO  | DNAudit | user=null | ip=null | op=WRITE_CHUNK {blockData=conID: 2 locID: 102655681305903623 bcsId: 0} | ret=SUCCESS |  
2019-08-21 15:29:47,130 | INFO  | DNAudit | user=null | ip=null | op=WRITE_CHUNK {blockData=conID: 2 locID: 102655681305903623 bcsId: 0} | ret=SUCCESS |  
2019-08-21 15:29:47,130 | INFO  | DNAudit | user=null | ip=null | op=WRITE_CHUNK {blockData=conID: 2 locID: 102655681305903623 bcsId: 0} | ret=SUCCESS |  
2019-08-21 15:29:47,137 | INFO  | DNAudit | user=null | ip=null | op=WRITE_CHUNK {blockData=conID: 2 locID: 102655681305903623 bcsId: 0} | ret=SUCCESS |  
2019-08-21 15:29:47,138 | INFO  | DNAudit | user=null | ip=null | op=PUT_BLOCK {blockData=[blockId=conID: 2 locID: 102655681305903623 bcsId: 0,size=1048576]} | ret=SUCCESS |  
2019-08-21 15:29:47,138 | INFO  | DNAudit | user=null | ip=null | op=WRITE_CHUNK {blockData=conID: 2 locID: 102655681305903623 bcsId: 0} | ret=SUCCESS |  
2019-08-21 15:29:47,138 [grpc-default-executor-2] INFO  client.GrpcClientProtocolClient (GrpcClientProtocolClient.java:onNext(255)) - client-029E50227556->355864cd-7ac5-4934-b366-9756b15dd90f: receive RaftClientReply:client-029E50227556->355864cd-7ac5-4934-b366-9756b15dd90f@group-785BCF25C267, cid=1754, SUCCESS, logIndex=2541, commits[355864cd-7ac5-4934-b366-9756b15dd90f:c2542, ce4aa411-63c8-4399-99eb-27ce352844f3:c2540, 3eeffb0a-787e-48ec-a2f5-d0c540a89489:c2540]
2019-08-21 15:29:47,138 | INFO  | DNAudit | user=null | ip=null | op=PUT_BLOCK {blockData=[blockId=conID: 2 locID: 102655681305903623 bcsId: 0,size=2097152]} | ret=SUCCESS |  
2019-08-21 15:29:47,139 | INFO  | DNAudit | user=null | ip=null | op=WRITE_CHUNK {blockData=conID: 2 locID: 102655681305903623 bcsId: 0} | ret=SUCCESS |  
2019-08-21 15:29:47,139 | INFO  | DNAudit | user=null | ip=null | op=WRITE_CHUNK {blockData=conID: 2 locID: 102655681305903623 bcsId: 0} | ret=SUCCESS |  
2019-08-21 15:29:47,139 [grpc-default-executor-2] INFO  client.GrpcClientProtocolClient (GrpcClientProtocolClient.java:onNext(255)) - client-029E50227556->355864cd-7ac5-4934-b366-9756b15dd90f: receive RaftClientReply:client-029E50227556->355864cd-7ac5-4934-b366-9756b15dd90f@group-785BCF25C267, cid=1755, SUCCESS, logIndex=2542, commits[355864cd-7ac5-4934-b366-9756b15dd90f:c2544, ce4aa411-63c8-4399-99eb-27ce352844f3:c2540, 3eeffb0a-787e-48ec-a2f5-d0c540a89489:c2540]
2019-08-21 15:29:47,139 | INFO  | DNAudit | user=null | ip=null | op=PUT_BLOCK {blockData=[blockId=conID: 2 locID: 102655681305903623 bcsId: 0,size=1048576]} | ret=SUCCESS |  
2019-08-21 15:29:47,139 [grpc-default-executor-2] INFO  client.GrpcClientProtocolClient (GrpcClientProtocolClient.java:onNext(255)) - client-029E50227556->355864cd-7ac5-4934-b366-9756b15dd90f: receive RaftClientReply:client-029E50227556->355864cd-7ac5-4934-b366-9756b15dd90f@group-785BCF25C267, cid=1756, SUCCESS, logIndex=2543, commits[355864cd-7ac5-4934-b366-9756b15dd90f:c2544, ce4aa411-63c8-4399-99eb-27ce352844f3:c2540, 3eeffb0a-787e-48ec-a2f5-d0c540a89489:c2540]
2019-08-21 15:29:47,139 [grpc-default-executor-2] INFO  client.GrpcClientProtocolClient (GrpcClientProtocolClient.java:onNext(255)) - client-029E50227556->355864cd-7ac5-4934-b366-9756b15dd90f: receive RaftClientReply:client-029E50227556->355864cd-7ac5-4934-b366-9756b15dd90f@group-785BCF25C267, cid=1757, SUCCESS, logIndex=2544, commits[355864cd-7ac5-4934-b366-9756b15dd90f:c2545, ce4aa411-63c8-4399-99eb-27ce352844f3:c2541, 3eeffb0a-787e-48ec-a2f5-d0c540a89489:c2541]
2019-08-21 15:29:47,140 | INFO  | DNAudit | user=null | ip=null | op=PUT_BLOCK {blockData=[blockId=conID: 2 locID: 102655681305903623 bcsId: 0,size=1048576]} | ret=SUCCESS |  
2019-08-21 15:29:47,140 | INFO  | DNAudit | user=null | ip=null | op=WRITE_CHUNK {blockData=conID: 2 locID: 102655681305903623 bcsId: 0} | ret=SUCCESS |  
2019-08-21 15:29:47,140 | INFO  | DNAudit | user=null | ip=null | op=WRITE_CHUNK {blockData=conID: 2 locID: 102655681305903623 bcsId: 0} | ret=SUCCESS |  
2019-08-21 15:29:47,140 | INFO  | DNAudit | user=null | ip=null | op=PUT_BLOCK {blockData=[blockId=conID: 2 locID: 102655681305903623 bcsId: 0,size=2097152]} | ret=SUCCESS |  
2019-08-21 15:29:47,140 [grpc-default-executor-3] INFO  client.GrpcClientProtocolClient (GrpcClientProtocolClient.java:onNext(255)) - client-029E50227556->355864cd-7ac5-4934-b366-9756b15dd90f: receive RaftClientReply:client-029E50227556->355864cd-7ac5-4934-b366-9756b15dd90f@group-785BCF25C267, cid=1758, SUCCESS, logIndex=0, commits[355864cd-7ac5-4934-b366-9756b15dd90f:c2547, ce4aa411-63c8-4399-99eb-27ce352844f3:c2544, 3eeffb0a-787e-48ec-a2f5-d0c540a89489:c2542]
2019-08-21 15:29:47,141 | INFO  | DNAudit | user=null | ip=null | op=PUT_BLOCK {blockData=[blockId=conID: 2 locID: 102655681305903623 bcsId: 0,size=2097152]} | ret=SUCCESS |  
2019-08-21 15:29:47,147 | INFO  | DNAudit | user=null | ip=null | op=WRITE_CHUNK {blockData=conID: 2 locID: 102655681305903623 bcsId: 2544} | ret=SUCCESS |  
2019-08-21 15:29:47,149 | INFO  | DNAudit | user=null | ip=null | op=WRITE_CHUNK {blockData=conID: 2 locID: 102655681305903623 bcsId: 2544} | ret=SUCCESS |  
2019-08-21 15:29:47,149 | INFO  | DNAudit | user=null | ip=null | op=WRITE_CHUNK {blockData=conID: 2 locID: 102655681305903623 bcsId: 2544} | ret=SUCCESS |  
2019-08-21 15:29:47,166 | INFO  | DNAudit | user=null | ip=null | op=WRITE_CHUNK {blockData=conID: 2 locID: 102655681305903623 bcsId: 2544} | ret=SUCCESS |  
2019-08-21 15:29:47,166 | INFO  | DNAudit | user=null | ip=null | op=PUT_BLOCK {blockData=[blockId=conID: 2 locID: 102655681305903623 bcsId: 0,size=3145728]} | ret=SUCCESS |  
2019-08-21 15:29:47,166 [grpc-default-executor-3] INFO  client.GrpcClientProtocolClient (GrpcClientProtocolClient.java:onNext(255)) - client-029E50227556->355864cd-7ac5-4934-b366-9756b15dd90f: receive RaftClientReply:client-029E50227556->355864cd-7ac5-4934-b366-9756b15dd90f@group-785BCF25C267, cid=1759, SUCCESS, logIndex=2549, commits[355864cd-7ac5-4934-b366-9756b15dd90f:c2550, ce4aa411-63c8-4399-99eb-27ce352844f3:c2548, 3eeffb0a-787e-48ec-a2f5-d0c540a89489:c2548]
2019-08-21 15:29:47,167 [grpc-default-executor-3] INFO  client.GrpcClientProtocolClient (GrpcClientProtocolClient.java:onNext(255)) - client-029E50227556->355864cd-7ac5-4934-b366-9756b15dd90f: receive RaftClientReply:client-029E50227556->355864cd-7ac5-4934-b366-9756b15dd90f@group-785BCF25C267, cid=1760, SUCCESS, logIndex=2550, commits[355864cd-7ac5-4934-b366-9756b15dd90f:c2550, ce4aa411-63c8-4399-99eb-27ce352844f3:c2548, 3eeffb0a-787e-48ec-a2f5-d0c540a89489:c2548]
2019-08-21 15:29:47,173 | INFO  | DNAudit | user=null | ip=null | op=WRITE_CHUNK {blockData=conID: 2 locID: 102655681305903623 bcsId: 2550} | ret=SUCCESS |  
2019-08-21 15:29:47,176 | INFO  | DNAudit | user=null | ip=null | op=WRITE_CHUNK {blockData=conID: 2 locID: 102655681305903623 bcsId: 2544} | ret=SUCCESS |  
2019-08-21 15:29:47,176 | INFO  | DNAudit | user=null | ip=null | op=WRITE_CHUNK {blockData=conID: 2 locID: 102655681305903623 bcsId: 2544} | ret=SUCCESS |  
2019-08-21 15:29:47,176 | INFO  | DNAudit | user=null | ip=null | op=WRITE_CHUNK {blockData=conID: 2 locID: 102655681305903623 bcsId: 2550} | ret=SUCCESS |  
2019-08-21 15:29:47,176 | INFO  | DNAudit | user=null | ip=null | op=PUT_BLOCK {blockData=[blockId=conID: 2 locID: 102655681305903623 bcsId: 0,size=3145728]} | ret=SUCCESS |  
2019-08-21 15:29:47,176 | INFO  | DNAudit | user=null | ip=null | op=WRITE_CHUNK {blockData=conID: 2 locID: 102655681305903623 bcsId: 2550} | ret=SUCCESS |  
2019-08-21 15:29:47,187 | INFO  | DNAudit | user=null | ip=null | op=PUT_BLOCK {blockData=[blockId=conID: 2 locID: 102655681305903623 bcsId: 0,size=3145728]} | ret=SUCCESS |  
2019-08-21 15:29:47,188 | INFO  | DNAudit | user=null | ip=null | op=WRITE_CHUNK {blockData=conID: 2 locID: 102655681305903623 bcsId: 2550} | ret=SUCCESS |  
2019-08-21 15:29:47,188 | INFO  | DNAudit | user=null | ip=null | op=PUT_BLOCK {blockData=[blockId=conID: 2 locID: 102655681305903623 bcsId: 0,size=4194304]} | ret=SUCCESS |  
2019-08-21 15:29:47,188 [grpc-default-executor-2] INFO  client.GrpcClientProtocolClient (GrpcClientProtocolClient.java:onNext(255)) - client-029E50227556->355864cd-7ac5-4934-b366-9756b15dd90f: receive RaftClientReply:client-029E50227556->355864cd-7ac5-4934-b366-9756b15dd90f@group-785BCF25C267, cid=1761, SUCCESS, logIndex=2553, commits[355864cd-7ac5-4934-b366-9756b15dd90f:c2554, ce4aa411-63c8-4399-99eb-27ce352844f3:c2550, 3eeffb0a-787e-48ec-a2f5-d0c540a89489:c2550]
2019-08-21 15:29:47,189 [grpc-default-executor-2] INFO  client.GrpcClientProtocolClient (GrpcClientProtocolClient.java:onNext(255)) - client-029E50227556->355864cd-7ac5-4934-b366-9756b15dd90f: receive RaftClientReply:client-029E50227556->355864cd-7ac5-4934-b366-9756b15dd90f@group-785BCF25C267, cid=1762, SUCCESS, logIndex=2554, commits[355864cd-7ac5-4934-b366-9756b15dd90f:c2554, ce4aa411-63c8-4399-99eb-27ce352844f3:c2550, 3eeffb0a-787e-48ec-a2f5-d0c540a89489:c2550]
2019-08-21 15:29:47,190 | INFO  | DNAudit | user=null | ip=null | op=WRITE_CHUNK {blockData=conID: 2 locID: 102655681305903623 bcsId: 2550} | ret=SUCCESS |  
2019-08-21 15:29:47,190 | INFO  | DNAudit | user=null | ip=null | op=WRITE_CHUNK {blockData=conID: 2 locID: 102655681305903623 bcsId: 2550} | ret=SUCCESS |  
2019-08-21 15:29:47,191 | INFO  | DNAudit | user=null | ip=null | op=PUT_BLOCK {blockData=[blockId=conID: 2 locID: 102655681305903623 bcsId: 0,size=4194304]} | ret=SUCCESS |  
2019-08-21 15:29:47,191 | INFO  | DNAudit | user=null | ip=null | op=PUT_BLOCK {blockData=[blockId=conID: 2 locID: 102655681305903623 bcsId: 0,size=4194304]} | ret=SUCCESS |  
2019-08-21 15:29:47,191 [grpc-default-executor-3] INFO  client.GrpcClientProtocolClient (GrpcClientProtocolClient.java:onNext(255)) - client-029E50227556->355864cd-7ac5-4934-b366-9756b15dd90f: receive RaftClientReply:client-029E50227556->355864cd-7ac5-4934-b366-9756b15dd90f@group-785BCF25C267, cid=1763, SUCCESS, logIndex=0, commits[355864cd-7ac5-4934-b366-9756b15dd90f:c2556, ce4aa411-63c8-4399-99eb-27ce352844f3:c2554, 3eeffb0a-787e-48ec-a2f5-d0c540a89489:c2554]
2019-08-21 15:29:47,196 | INFO  | SCMAudit | user=jenkins1000 | ip=192.168.5.153 | op=ALLOCATE_BLOCK {owner=78849ec2-2b05-45d8-8cb5-e95e2230dbd1, size=4194304, type=RATIS, factor=THREE} | ret=SUCCESS |  
2019-08-21 15:29:47,200 | INFO  | OMAudit | user=jenkins1000 | ip=127.0.0.1 | op=ALLOCATE_BLOCK {volume=vol-0-32358, bucket=bucket-0-01949, key=key-0-56547, dataSize=0, replicationType=null, replicationFactor=null, keyLocationInfo=null, clientID=102655680532119954} | ret=SUCCESS |  
2019-08-21 15:29:47,206 | INFO  | DNAudit | user=null | ip=null | op=WRITE_CHUNK {blockData=conID: 3 locID: 102655681311277576 bcsId: 0} | ret=SUCCESS |  
2019-08-21 15:29:47,209 | INFO  | DNAudit | user=null | ip=null | op=WRITE_CHUNK {blockData=conID: 3 locID: 102655681311277576 bcsId: 0} | ret=SUCCESS |  
2019-08-21 15:29:47,209 | INFO  | DNAudit | user=null | ip=null | op=WRITE_CHUNK {blockData=conID: 3 locID: 102655681311277576 bcsId: 0} | ret=SUCCESS |  
2019-08-21 15:29:47,210 | INFO  | DNAudit | user=null | ip=null | op=WRITE_CHUNK {blockData=conID: 3 locID: 102655681311277576 bcsId: 0} | ret=SUCCESS |  
2019-08-21 15:29:47,211 | INFO  | DNAudit | user=null | ip=null | op=WRITE_CHUNK {blockData=conID: 3 locID: 102655681311277576 bcsId: 0} | ret=SUCCESS |  
2019-08-21 15:29:47,211 | INFO  | DNAudit | user=null | ip=null | op=WRITE_CHUNK {blockData=conID: 3 locID: 102655681311277576 bcsId: 0} | ret=SUCCESS |  
2019-08-21 15:29:47,218 | INFO  | DNAudit | user=null | ip=null | op=WRITE_CHUNK {blockData=conID: 3 locID: 102655681311277576 bcsId: 0} | ret=SUCCESS |  
2019-08-21 15:29:47,219 | INFO  | DNAudit | user=null | ip=null | op=PUT_BLOCK {blockData=[blockId=conID: 3 locID: 102655681311277576 bcsId: 0,size=1048576]} | ret=SUCCESS |  
2019-08-21 15:29:47,219 [grpc-default-executor-4] INFO  client.GrpcClientProtocolClient (GrpcClientProtocolClient.java:onNext(255)) - client-029E50227556->355864cd-7ac5-4934-b366-9756b15dd90f: receive RaftClientReply:client-029E50227556->355864cd-7ac5-4934-b366-9756b15dd90f@group-785BCF25C267, cid=1764, SUCCESS, logIndex=2557, commits[355864cd-7ac5-4934-b366-9756b15dd90f:c2558, ce4aa411-63c8-4399-99eb-27ce352844f3:c2556, 3eeffb0a-787e-48ec-a2f5-d0c540a89489:c2556]
2019-08-21 15:29:47,219 | INFO  | DNAudit | user=null | ip=null | op=WRITE_CHUNK {blockData=conID: 3 locID: 102655681311277576 bcsId: 0} | ret=SUCCESS |  
2019-08-21 15:29:47,219 [grpc-default-executor-4] INFO  client.GrpcClientProtocolClient (GrpcClientProtocolClient.java:onNext(255)) - client-029E50227556->355864cd-7ac5-4934-b366-9756b15dd90f: receive RaftClientReply:client-029E50227556->355864cd-7ac5-4934-b366-9756b15dd90f@group-785BCF25C267, cid=1765, SUCCESS, logIndex=2558, commits[355864cd-7ac5-4934-b366-9756b15dd90f:c2560, ce4aa411-63c8-4399-99eb-27ce352844f3:c2556, 3eeffb0a-787e-48ec-a2f5-d0c540a89489:c2556]
2019-08-21 15:29:47,220 | INFO  | DNAudit | user=null | ip=null | op=PUT_BLOCK {blockData=[blockId=conID: 3 locID: 102655681311277576 bcsId: 0,size=2097152]} | ret=SUCCESS |  
2019-08-21 15:29:47,220 [grpc-default-executor-4] INFO  client.GrpcClientProtocolClient (GrpcClientProtocolClient.java:onNext(255)) - client-029E50227556->355864cd-7ac5-4934-b366-9756b15dd90f: receive RaftClientReply:client-029E50227556->355864cd-7ac5-4934-b366-9756b15dd90f@group-785BCF25C267, cid=1766, SUCCESS, logIndex=2559, commits[355864cd-7ac5-4934-b366-9756b15dd90f:c2560, ce4aa411-63c8-4399-99eb-27ce352844f3:c2556, 3eeffb0a-787e-48ec-a2f5-d0c540a89489:c2556]
2019-08-21 15:29:47,220 | INFO  | DNAudit | user=null | ip=null | op=WRITE_CHUNK {blockData=conID: 3 locID: 102655681311277576 bcsId: 0} | ret=SUCCESS |  
2019-08-21 15:29:47,220 | INFO  | DNAudit | user=null | ip=null | op=WRITE_CHUNK {blockData=conID: 3 locID: 102655681311277576 bcsId: 0} | ret=SUCCESS |  
2019-08-21 15:29:47,220 [grpc-default-executor-3] INFO  client.GrpcClientProtocolClient (GrpcClientProtocolClient.java:onNext(255)) - client-029E50227556->355864cd-7ac5-4934-b366-9756b15dd90f: receive RaftClientReply:client-029E50227556->355864cd-7ac5-4934-b366-9756b15dd90f@group-785BCF25C267, cid=1767, SUCCESS, logIndex=2560, commits[355864cd-7ac5-4934-b366-9756b15dd90f:c2560, ce4aa411-63c8-4399-99eb-27ce352844f3:c2556, 3eeffb0a-787e-48ec-a2f5-d0c540a89489:c2556]
2019-08-21 15:29:47,221 | INFO  | DNAudit | user=null | ip=null | op=PUT_BLOCK {blockData=[blockId=conID: 3 locID: 102655681311277576 bcsId: 0,size=1048576]} | ret=SUCCESS |  
2019-08-21 15:29:47,221 | INFO  | DNAudit | user=null | ip=null | op=WRITE_CHUNK {blockData=conID: 3 locID: 102655681311277576 bcsId: 0} | ret=SUCCESS |  
2019-08-21 15:29:47,221 | INFO  | DNAudit | user=null | ip=null | op=PUT_BLOCK {blockData=[blockId=conID: 3 locID: 102655681311277576 bcsId: 0,size=2097152]} | ret=SUCCESS |  
2019-08-21 15:29:47,221 | INFO  | DNAudit | user=null | ip=null | op=PUT_BLOCK {blockData=[blockId=conID: 3 locID: 102655681311277576 bcsId: 0,size=1048576]} | ret=SUCCESS |  
2019-08-21 15:29:47,221 | INFO  | DNAudit | user=null | ip=null | op=WRITE_CHUNK {blockData=conID: 3 locID: 102655681311277576 bcsId: 0} | ret=SUCCESS |  
2019-08-21 15:29:47,222 | INFO  | DNAudit | user=null | ip=null | op=PUT_BLOCK {blockData=[blockId=conID: 3 locID: 102655681311277576 bcsId: 0,size=2097152]} | ret=SUCCESS |  
2019-08-21 15:29:47,222 [grpc-default-executor-3] INFO  client.GrpcClientProtocolClient (GrpcClientProtocolClient.java:onNext(255)) - client-029E50227556->355864cd-7ac5-4934-b366-9756b15dd90f: receive RaftClientReply:client-029E50227556->355864cd-7ac5-4934-b366-9756b15dd90f@group-785BCF25C267, cid=1768, SUCCESS, logIndex=0, commits[355864cd-7ac5-4934-b366-9756b15dd90f:c2564, ce4aa411-63c8-4399-99eb-27ce352844f3:c2558, 3eeffb0a-787e-48ec-a2f5-d0c540a89489:c2560]
2019-08-21 15:29:47,228 | INFO  | DNAudit | user=null | ip=null | op=WRITE_CHUNK {blockData=conID: 3 locID: 102655681311277576 bcsId: 2560} | ret=SUCCESS |  
2019-08-21 15:29:47,230 | INFO  | DNAudit | user=null | ip=null | op=WRITE_CHUNK {blockData=conID: 3 locID: 102655681311277576 bcsId: 2560} | ret=SUCCESS |  
2019-08-21 15:29:47,230 | INFO  | DNAudit | user=null | ip=null | op=WRITE_CHUNK {blockData=conID: 3 locID: 102655681311277576 bcsId: 2560} | ret=SUCCESS |  
2019-08-21 15:29:47,240 | INFO  | DNAudit | user=null | ip=null | op=WRITE_CHUNK {blockData=conID: 3 locID: 102655681311277576 bcsId: 2560} | ret=SUCCESS |  
2019-08-21 15:29:47,241 | INFO  | DNAudit | user=null | ip=null | op=PUT_BLOCK {blockData=[blockId=conID: 3 locID: 102655681311277576 bcsId: 0,size=3145728]} | ret=SUCCESS |  
2019-08-21 15:29:47,241 [grpc-default-executor-2] INFO  client.GrpcClientProtocolClient (GrpcClientProtocolClient.java:onNext(255)) - client-029E50227556->355864cd-7ac5-4934-b366-9756b15dd90f: receive RaftClientReply:client-029E50227556->355864cd-7ac5-4934-b366-9756b15dd90f@group-785BCF25C267, cid=1769, SUCCESS, logIndex=2565, commits[355864cd-7ac5-4934-b366-9756b15dd90f:c2566, ce4aa411-63c8-4399-99eb-27ce352844f3:c2564, 3eeffb0a-787e-48ec-a2f5-d0c540a89489:c2564]
2019-08-21 15:29:47,241 [grpc-default-executor-2] INFO  client.GrpcClientProtocolClient (GrpcClientProtocolClient.java:onNext(255)) - client-029E50227556->355864cd-7ac5-4934-b366-9756b15dd90f: receive RaftClientReply:client-029E50227556->355864cd-7ac5-4934-b366-9756b15dd90f@group-785BCF25C267, cid=1770, SUCCESS, logIndex=2566, commits[355864cd-7ac5-4934-b366-9756b15dd90f:c2566, ce4aa411-63c8-4399-99eb-27ce352844f3:c2564, 3eeffb0a-787e-48ec-a2f5-d0c540a89489:c2564]
2019-08-21 15:29:47,248 | INFO  | DNAudit | user=null | ip=null | op=WRITE_CHUNK {blockData=conID: 3 locID: 102655681311277576 bcsId: 2566} | ret=SUCCESS |  
2019-08-21 15:29:47,249 | INFO  | DNAudit | user=null | ip=null | op=WRITE_CHUNK {blockData=conID: 3 locID: 102655681311277576 bcsId: 2566} | ret=SUCCESS |  
2019-08-21 15:29:47,249 | INFO  | DNAudit | user=null | ip=null | op=WRITE_CHUNK {blockData=conID: 3 locID: 102655681311277576 bcsId: 2566} | ret=SUCCESS |  
2019-08-21 15:29:47,252 | INFO  | DNAudit | user=null | ip=null | op=WRITE_CHUNK {blockData=conID: 3 locID: 102655681311277576 bcsId: 2560} | ret=SUCCESS |  
2019-08-21 15:29:47,252 | INFO  | DNAudit | user=null | ip=null | op=WRITE_CHUNK {blockData=conID: 3 locID: 102655681311277576 bcsId: 2560} | ret=SUCCESS |  
2019-08-21 15:29:47,254 | INFO  | DNAudit | user=null | ip=null | op=PUT_BLOCK {blockData=[blockId=conID: 3 locID: 102655681311277576 bcsId: 0,size=3145728]} | ret=SUCCESS |  
2019-08-21 15:29:47,255 | INFO  | DNAudit | user=null | ip=null | op=PUT_BLOCK {blockData=[blockId=conID: 3 locID: 102655681311277576 bcsId: 0,size=3145728]} | ret=SUCCESS |  
2019-08-21 15:29:47,255 | INFO  | DNAudit | user=null | ip=null | op=WRITE_CHUNK {blockData=conID: 3 locID: 102655681311277576 bcsId: 2566} | ret=SUCCESS |  
2019-08-21 15:29:47,255 | INFO  | DNAudit | user=null | ip=null | op=PUT_BLOCK {blockData=[blockId=conID: 3 locID: 102655681311277576 bcsId: 0,size=4194304]} | ret=SUCCESS |  
2019-08-21 15:29:47,255 [grpc-default-executor-4] INFO  client.GrpcClientProtocolClient (GrpcClientProtocolClient.java:onNext(255)) - client-029E50227556->355864cd-7ac5-4934-b366-9756b15dd90f: receive RaftClientReply:client-029E50227556->355864cd-7ac5-4934-b366-9756b15dd90f@group-785BCF25C267, cid=1771, SUCCESS, logIndex=2569, commits[355864cd-7ac5-4934-b366-9756b15dd90f:c2570, ce4aa411-63c8-4399-99eb-27ce352844f3:c2566, 3eeffb0a-787e-48ec-a2f5-d0c540a89489:c2566]
2019-08-21 15:29:47,256 [grpc-default-executor-4] INFO  client.GrpcClientProtocolClient (GrpcClientProtocolClient.java:onNext(255)) - client-029E50227556->355864cd-7ac5-4934-b366-9756b15dd90f: receive RaftClientReply:client-029E50227556->355864cd-7ac5-4934-b366-9756b15dd90f@group-785BCF25C267, cid=1772, SUCCESS, logIndex=2570, commits[355864cd-7ac5-4934-b366-9756b15dd90f:c2570, ce4aa411-63c8-4399-99eb-27ce352844f3:c2566, 3eeffb0a-787e-48ec-a2f5-d0c540a89489:c2566]
2019-08-21 15:29:47,266 | INFO  | DNAudit | user=null | ip=null | op=WRITE_CHUNK {blockData=conID: 3 locID: 102655681311277576 bcsId: 2566} | ret=SUCCESS |  
2019-08-21 15:29:47,267 | INFO  | DNAudit | user=null | ip=null | op=WRITE_CHUNK {blockData=conID: 3 locID: 102655681311277576 bcsId: 2566} | ret=SUCCESS |  
2019-08-21 15:29:47,267 | INFO  | DNAudit | user=null | ip=null | op=PUT_BLOCK {blockData=[blockId=conID: 3 locID: 102655681311277576 bcsId: 0,size=4194304]} | ret=SUCCESS |  
2019-08-21 15:29:47,267 | INFO  | DNAudit | user=null | ip=null | op=PUT_BLOCK {blockData=[blockId=conID: 3 locID: 102655681311277576 bcsId: 0,size=4194304]} | ret=SUCCESS |  
2019-08-21 15:29:47,267 [grpc-default-executor-4] INFO  client.GrpcClientProtocolClient (GrpcClientProtocolClient.java:onNext(255)) - client-029E50227556->355864cd-7ac5-4934-b366-9756b15dd90f: receive RaftClientReply:client-029E50227556->355864cd-7ac5-4934-b366-9756b15dd90f@group-785BCF25C267, cid=1773, SUCCESS, logIndex=0, commits[355864cd-7ac5-4934-b366-9756b15dd90f:c2571, ce4aa411-63c8-4399-99eb-27ce352844f3:c2570, 3eeffb0a-787e-48ec-a2f5-d0c540a89489:c2570]
2019-08-21 15:29:47,273 | INFO  | SCMAudit | user=jenkins1000 | ip=192.168.5.153 | op=ALLOCATE_BLOCK {owner=78849ec2-2b05-45d8-8cb5-e95e2230dbd1, size=4194304, type=RATIS, factor=THREE} | ret=SUCCESS |  
2019-08-21 15:29:47,275 | INFO  | OMAudit | user=jenkins1000 | ip=127.0.0.1 | op=ALLOCATE_BLOCK {volume=vol-0-32358, bucket=bucket-0-01949, key=key-0-56547, dataSize=0, replicationType=null, replicationFactor=null, keyLocationInfo=null, clientID=102655680532119954} | ret=SUCCESS |  
2019-08-21 15:29:47,282 | INFO  | DNAudit | user=null | ip=null | op=WRITE_CHUNK {blockData=conID: 1 locID: 102655681316323849 bcsId: 0} | ret=SUCCESS |  
2019-08-21 15:29:47,284 | INFO  | DNAudit | user=null | ip=null | op=WRITE_CHUNK {blockData=conID: 1 locID: 102655681316323849 bcsId: 0} | ret=SUCCESS |  
2019-08-21 15:29:47,285 | INFO  | DNAudit | user=null | ip=null | op=WRITE_CHUNK {blockData=conID: 1 locID: 102655681316323849 bcsId: 0} | ret=SUCCESS |  
2019-08-21 15:29:47,285 | INFO  | DNAudit | user=null | ip=null | op=WRITE_CHUNK {blockData=conID: 1 locID: 102655681316323849 bcsId: 0} | ret=SUCCESS |  
2019-08-21 15:29:47,286 | INFO  | DNAudit | user=null | ip=null | op=WRITE_CHUNK {blockData=conID: 1 locID: 102655681316323849 bcsId: 0} | ret=SUCCESS |  
2019-08-21 15:29:47,287 | INFO  | DNAudit | user=null | ip=null | op=WRITE_CHUNK {blockData=conID: 1 locID: 102655681316323849 bcsId: 0} | ret=SUCCESS |  
2019-08-21 15:29:47,296 | INFO  | DNAudit | user=null | ip=null | op=WRITE_CHUNK {blockData=conID: 1 locID: 102655681316323849 bcsId: 0} | ret=SUCCESS |  
2019-08-21 15:29:47,297 | INFO  | DNAudit | user=null | ip=null | op=PUT_BLOCK {blockData=[blockId=conID: 1 locID: 102655681316323849 bcsId: 0,size=1048576]} | ret=SUCCESS |  
2019-08-21 15:29:47,297 [grpc-default-executor-4] INFO  client.GrpcClientProtocolClient (GrpcClientProtocolClient.java:onNext(255)) - client-029E50227556->355864cd-7ac5-4934-b366-9756b15dd90f: receive RaftClientReply:client-029E50227556->355864cd-7ac5-4934-b366-9756b15dd90f@group-785BCF25C267, cid=1774, SUCCESS, logIndex=2573, commits[355864cd-7ac5-4934-b366-9756b15dd90f:c2576, ce4aa411-63c8-4399-99eb-27ce352844f3:c2572, 3eeffb0a-787e-48ec-a2f5-d0c540a89489:c2572]
2019-08-21 15:29:47,297 | INFO  | DNAudit | user=null | ip=null | op=WRITE_CHUNK {blockData=conID: 1 locID: 102655681316323849 bcsId: 0} | ret=SUCCESS |  
2019-08-21 15:29:47,297 [grpc-default-executor-4] INFO  client.GrpcClientProtocolClient (GrpcClientProtocolClient.java:onNext(255)) - client-029E50227556->355864cd-7ac5-4934-b366-9756b15dd90f: receive RaftClientReply:client-029E50227556->355864cd-7ac5-4934-b366-9756b15dd90f@group-785BCF25C267, cid=1775, SUCCESS, logIndex=2574, commits[355864cd-7ac5-4934-b366-9756b15dd90f:c2576, ce4aa411-63c8-4399-99eb-27ce352844f3:c2572, 3eeffb0a-787e-48ec-a2f5-d0c540a89489:c2572]
2019-08-21 15:29:47,298 | INFO  | DNAudit | user=null | ip=null | op=PUT_BLOCK {blockData=[blockId=conID: 1 locID: 102655681316323849 bcsId: 0,size=2097152]} | ret=SUCCESS |  
2019-08-21 15:29:47,298 [grpc-default-executor-4] INFO  client.GrpcClientProtocolClient (GrpcClientProtocolClient.java:onNext(255)) - client-029E50227556->355864cd-7ac5-4934-b366-9756b15dd90f: receive RaftClientReply:client-029E50227556->355864cd-7ac5-4934-b366-9756b15dd90f@group-785BCF25C267, cid=1776, SUCCESS, logIndex=2575, commits[355864cd-7ac5-4934-b366-9756b15dd90f:c2576, ce4aa411-63c8-4399-99eb-27ce352844f3:c2572, 3eeffb0a-787e-48ec-a2f5-d0c540a89489:c2572]
2019-08-21 15:29:47,298 [grpc-default-executor-4] INFO  client.GrpcClientProtocolClient (GrpcClientProtocolClient.java:onNext(255)) - client-029E50227556->355864cd-7ac5-4934-b366-9756b15dd90f: receive RaftClientReply:client-029E50227556->355864cd-7ac5-4934-b366-9756b15dd90f@group-785BCF25C267, cid=1777, SUCCESS, logIndex=2576, commits[355864cd-7ac5-4934-b366-9756b15dd90f:c2576, ce4aa411-63c8-4399-99eb-27ce352844f3:c2572, 3eeffb0a-787e-48ec-a2f5-d0c540a89489:c2572]
2019-08-21 15:29:47,308 | INFO  | DNAudit | user=null | ip=null | op=WRITE_CHUNK {blockData=conID: 1 locID: 102655681316323849 bcsId: 0} | ret=SUCCESS |  
2019-08-21 15:29:47,308 | INFO  | DNAudit | user=null | ip=null | op=WRITE_CHUNK {blockData=conID: 1 locID: 102655681316323849 bcsId: 0} | ret=SUCCESS |  
2019-08-21 15:29:47,308 | INFO  | DNAudit | user=null | ip=null | op=PUT_BLOCK {blockData=[blockId=conID: 1 locID: 102655681316323849 bcsId: 0,size=1048576]} | ret=SUCCESS |  
2019-08-21 15:29:47,308 | INFO  | DNAudit | user=null | ip=null | op=PUT_BLOCK {blockData=[blockId=conID: 1 locID: 102655681316323849 bcsId: 0,size=1048576]} | ret=SUCCESS |  
2019-08-21 15:29:47,308 [grpc-default-executor-4] INFO  client.GrpcClientProtocolClient (GrpcClientProtocolClient.java:onNext(255)) - client-029E50227556->355864cd-7ac5-4934-b366-9756b15dd90f: receive RaftClientReply:client-029E50227556->355864cd-7ac5-4934-b366-9756b15dd90f@group-785BCF25C267, cid=1778, SUCCESS, logIndex=0, commits[355864cd-7ac5-4934-b366-9756b15dd90f:c2577, ce4aa411-63c8-4399-99eb-27ce352844f3:c2574, 3eeffb0a-787e-48ec-a2f5-d0c540a89489:c2574]
2019-08-21 15:29:47,311 | INFO  | DNAudit | user=null | ip=null | op=WRITE_CHUNK {blockData=conID: 1 locID: 102655681316323849 bcsId: 0} | ret=SUCCESS |  
2019-08-21 15:29:47,311 | INFO  | DNAudit | user=null | ip=null | op=WRITE_CHUNK {blockData=conID: 1 locID: 102655681316323849 bcsId: 0} | ret=SUCCESS |  
2019-08-21 15:29:47,311 | INFO  | DNAudit | user=null | ip=null | op=PUT_BLOCK {blockData=[blockId=conID: 1 locID: 102655681316323849 bcsId: 0,size=2097152]} | ret=SUCCESS |  
2019-08-21 15:29:47,311 | INFO  | DNAudit | user=null | ip=null | op=PUT_BLOCK {blockData=[blockId=conID: 1 locID: 102655681316323849 bcsId: 0,size=2097152]} | ret=SUCCESS |  
2019-08-21 15:29:47,314 | INFO  | DNAudit | user=null | ip=null | op=WRITE_CHUNK {blockData=conID: 1 locID: 102655681316323849 bcsId: 2576} | ret=SUCCESS |  
2019-08-21 15:29:47,317 | INFO  | DNAudit | user=null | ip=null | op=WRITE_CHUNK {blockData=conID: 1 locID: 102655681316323849 bcsId: 2576} | ret=SUCCESS |  
2019-08-21 15:29:47,317 | INFO  | DNAudit | user=null | ip=null | op=WRITE_CHUNK {blockData=conID: 1 locID: 102655681316323849 bcsId: 2576} | ret=SUCCESS |  
2019-08-21 15:29:47,327 | INFO  | DNAudit | user=null | ip=null | op=WRITE_CHUNK {blockData=conID: 1 locID: 102655681316323849 bcsId: 2576} | ret=SUCCESS |  
2019-08-21 15:29:47,328 | INFO  | DNAudit | user=null | ip=null | op=PUT_BLOCK {blockData=[blockId=conID: 1 locID: 102655681316323849 bcsId: 0,size=3145728]} | ret=SUCCESS |  
2019-08-21 15:29:47,328 [grpc-default-executor-2] INFO  client.GrpcClientProtocolClient (GrpcClientProtocolClient.java:onNext(255)) - client-029E50227556->355864cd-7ac5-4934-b366-9756b15dd90f: receive RaftClientReply:client-029E50227556->355864cd-7ac5-4934-b366-9756b15dd90f@group-785BCF25C267, cid=1779, SUCCESS, logIndex=2581, commits[355864cd-7ac5-4934-b366-9756b15dd90f:c2582, ce4aa411-63c8-4399-99eb-27ce352844f3:c2580, 3eeffb0a-787e-48ec-a2f5-d0c540a89489:c2580]
2019-08-21 15:29:47,328 [grpc-default-executor-2] INFO  client.GrpcClientProtocolClient (GrpcClientProtocolClient.java:onNext(255)) - client-029E50227556->355864cd-7ac5-4934-b366-9756b15dd90f: receive RaftClientReply:client-029E50227556->355864cd-7ac5-4934-b366-9756b15dd90f@group-785BCF25C267, cid=1780, SUCCESS, logIndex=2582, commits[355864cd-7ac5-4934-b366-9756b15dd90f:c2582, ce4aa411-63c8-4399-99eb-27ce352844f3:c2580, 3eeffb0a-787e-48ec-a2f5-d0c540a89489:c2580]
2019-08-21 15:29:47,335 | INFO  | DNAudit | user=null | ip=null | op=WRITE_CHUNK {blockData=conID: 1 locID: 102655681316323849 bcsId: 2582} | ret=SUCCESS |  
2019-08-21 15:29:47,337 | INFO  | DNAudit | user=null | ip=null | op=WRITE_CHUNK {blockData=conID: 1 locID: 102655681316323849 bcsId: 2582} | ret=SUCCESS |  
2019-08-21 15:29:47,337 | INFO  | DNAudit | user=null | ip=null | op=WRITE_CHUNK {blockData=conID: 1 locID: 102655681316323849 bcsId: 2582} | ret=SUCCESS |  
2019-08-21 15:29:47,339 | INFO  | DNAudit | user=null | ip=null | op=WRITE_CHUNK {blockData=conID: 1 locID: 102655681316323849 bcsId: 2576} | ret=SUCCESS |  
2019-08-21 15:29:47,339 | INFO  | DNAudit | user=null | ip=null | op=WRITE_CHUNK {blockData=conID: 1 locID: 102655681316323849 bcsId: 2576} | ret=SUCCESS |  
2019-08-21 15:29:47,340 | INFO  | DNAudit | user=null | ip=null | op=PUT_BLOCK {blockData=[blockId=conID: 1 locID: 102655681316323849 bcsId: 0,size=3145728]} | ret=SUCCESS |  
2019-08-21 15:29:47,342 | INFO  | DNAudit | user=null | ip=null | op=PUT_BLOCK {blockData=[blockId=conID: 1 locID: 102655681316323849 bcsId: 0,size=3145728]} | ret=SUCCESS |  
2019-08-21 15:29:47,343 | INFO  | DNAudit | user=null | ip=null | op=WRITE_CHUNK {blockData=conID: 1 locID: 102655681316323849 bcsId: 2582} | ret=SUCCESS |  
2019-08-21 15:29:47,343 | INFO  | DNAudit | user=null | ip=null | op=PUT_BLOCK {blockData=[blockId=conID: 1 locID: 102655681316323849 bcsId: 0,size=4194304]} | ret=SUCCESS |  
2019-08-21 15:29:47,343 [grpc-default-executor-4] INFO  client.GrpcClientProtocolClient (GrpcClientProtocolClient.java:onNext(255)) - client-029E50227556->355864cd-7ac5-4934-b366-9756b15dd90f: receive RaftClientReply:client-029E50227556->355864cd-7ac5-4934-b366-9756b15dd90f@group-785BCF25C267, cid=1781, SUCCESS, logIndex=2585, commits[355864cd-7ac5-4934-b366-9756b15dd90f:c2586, ce4aa411-63c8-4399-99eb-27ce352844f3:c2582, 3eeffb0a-787e-48ec-a2f5-d0c540a89489:c2582]
2019-08-21 15:29:47,344 [grpc-default-executor-4] INFO  client.GrpcClientProtocolClient (GrpcClientProtocolClient.java:onNext(255)) - client-029E50227556->355864cd-7ac5-4934-b366-9756b15dd90f: receive RaftClientReply:client-029E50227556->355864cd-7ac5-4934-b366-9756b15dd90f@group-785BCF25C267, cid=1782, SUCCESS, logIndex=2586, commits[355864cd-7ac5-4934-b366-9756b15dd90f:c2586, ce4aa411-63c8-4399-99eb-27ce352844f3:c2582, 3eeffb0a-787e-48ec-a2f5-d0c540a89489:c2582]
2019-08-21 15:29:47,353 | INFO  | DNAudit | user=null | ip=null | op=WRITE_CHUNK {blockData=conID: 1 locID: 102655681316323849 bcsId: 2582} | ret=SUCCESS |  
2019-08-21 15:29:47,353 | INFO  | DNAudit | user=null | ip=null | op=WRITE_CHUNK {blockData=conID: 1 locID: 102655681316323849 bcsId: 2582} | ret=SUCCESS |  
2019-08-21 15:29:47,353 | INFO  | DNAudit | user=null | ip=null | op=PUT_BLOCK {blockData=[blockId=conID: 1 locID: 102655681316323849 bcsId: 0,size=4194304]} | ret=SUCCESS |  
2019-08-21 15:29:47,353 | INFO  | DNAudit | user=null | ip=null | op=PUT_BLOCK {blockData=[blockId=conID: 1 locID: 102655681316323849 bcsId: 0,size=4194304]} | ret=SUCCESS |  
2019-08-21 15:29:47,353 [grpc-default-executor-4] INFO  client.GrpcClientProtocolClient (GrpcClientProtocolClient.java:onNext(255)) - client-029E50227556->355864cd-7ac5-4934-b366-9756b15dd90f: receive RaftClientReply:client-029E50227556->355864cd-7ac5-4934-b366-9756b15dd90f@group-785BCF25C267, cid=1783, SUCCESS, logIndex=0, commits[355864cd-7ac5-4934-b366-9756b15dd90f:c2587, ce4aa411-63c8-4399-99eb-27ce352844f3:c2586, 3eeffb0a-787e-48ec-a2f5-d0c540a89489:c2586]
2019-08-21 15:29:47,358 | INFO  | SCMAudit | user=jenkins1000 | ip=192.168.5.153 | op=SEND_HEARTBEAT {datanodeUUID=3eeffb0a-787e-48ec-a2f5-d0c540a89489, command=[]} | ret=SUCCESS |  
2019-08-21 15:29:47,358 | INFO  | SCMAudit | user=jenkins1000 | ip=192.168.5.153 | op=SEND_HEARTBEAT {datanodeUUID=355864cd-7ac5-4934-b366-9756b15dd90f, command=[]} | ret=SUCCESS |  
2019-08-21 15:29:47,358 | INFO  | SCMAudit | user=jenkins1000 | ip=192.168.5.153 | op=SEND_HEARTBEAT {datanodeUUID=ce4aa411-63c8-4399-99eb-27ce352844f3, command=[]} | ret=SUCCESS |  
 0.00% |█                                                                                                    |  0/1 Time: 0:00:122019-08-21 15:29:47,361 | INFO  | SCMAudit | user=jenkins1000 | ip=192.168.5.153 | op=ALLOCATE_BLOCK {owner=78849ec2-2b05-45d8-8cb5-e95e2230dbd1, size=4194304, type=RATIS, factor=THREE} | ret=SUCCESS |  
2019-08-21 15:29:47,364 | INFO  | OMAudit | user=jenkins1000 | ip=127.0.0.1 | op=ALLOCATE_BLOCK {volume=vol-0-32358, bucket=bucket-0-01949, key=key-0-56547, dataSize=0, replicationType=null, replicationFactor=null, keyLocationInfo=null, clientID=102655680532119954} | ret=SUCCESS |  
2019-08-21 15:29:47,371 | INFO  | DNAudit | user=null | ip=null | op=WRITE_CHUNK {blockData=conID: 2 locID: 102655681322091018 bcsId: 0} | ret=SUCCESS |  
2019-08-21 15:29:47,373 | INFO  | DNAudit | user=null | ip=null | op=WRITE_CHUNK {blockData=conID: 2 locID: 102655681322091018 bcsId: 0} | ret=SUCCESS |  
2019-08-21 15:29:47,373 | INFO  | DNAudit | user=null | ip=null | op=WRITE_CHUNK {blockData=conID: 2 locID: 102655681322091018 bcsId: 0} | ret=SUCCESS |  
2019-08-21 15:29:47,374 | INFO  | DNAudit | user=null | ip=null | op=WRITE_CHUNK {blockData=conID: 2 locID: 102655681322091018 bcsId: 0} | ret=SUCCESS |  
2019-08-21 15:29:47,375 | INFO  | DNAudit | user=null | ip=null | op=WRITE_CHUNK {blockData=conID: 2 locID: 102655681322091018 bcsId: 0} | ret=SUCCESS |  
2019-08-21 15:29:47,375 | INFO  | DNAudit | user=null | ip=null | op=WRITE_CHUNK {blockData=conID: 2 locID: 102655681322091018 bcsId: 0} | ret=SUCCESS |  
2019-08-21 15:29:47,385 | INFO  | DNAudit | user=null | ip=null | op=WRITE_CHUNK {blockData=conID: 2 locID: 102655681322091018 bcsId: 0} | ret=SUCCESS |  
2019-08-21 15:29:47,385 | INFO  | DNAudit | user=null | ip=null | op=PUT_BLOCK {blockData=[blockId=conID: 2 locID: 102655681322091018 bcsId: 0,size=1048576]} | ret=SUCCESS |  
2019-08-21 15:29:47,386 | INFO  | DNAudit | user=null | ip=null | op=WRITE_CHUNK {blockData=conID: 2 locID: 102655681322091018 bcsId: 0} | ret=SUCCESS |  
2019-08-21 15:29:47,386 [grpc-default-executor-5] INFO  client.GrpcClientProtocolClient (GrpcClientProtocolClient.java:onNext(255)) - client-029E50227556->355864cd-7ac5-4934-b366-9756b15dd90f: receive RaftClientReply:client-029E50227556->355864cd-7ac5-4934-b366-9756b15dd90f@group-785BCF25C267, cid=1784, SUCCESS, logIndex=2589, commits[355864cd-7ac5-4934-b366-9756b15dd90f:c2591, ce4aa411-63c8-4399-99eb-27ce352844f3:c2588, 3eeffb0a-787e-48ec-a2f5-d0c540a89489:c2588]
2019-08-21 15:29:47,386 | INFO  | DNAudit | user=null | ip=null | op=WRITE_CHUNK {blockData=conID: 2 locID: 102655681322091018 bcsId: 0} | ret=SUCCESS |  
2019-08-21 15:29:47,386 | INFO  | DNAudit | user=null | ip=null | op=PUT_BLOCK {blockData=[blockId=conID: 2 locID: 102655681322091018 bcsId: 0,size=2097152]} | ret=SUCCESS |  
2019-08-21 15:29:47,386 | INFO  | DNAudit | user=null | ip=null | op=WRITE_CHUNK {blockData=conID: 2 locID: 102655681322091018 bcsId: 0} | ret=SUCCESS |  
2019-08-21 15:29:47,386 | INFO  | DNAudit | user=null | ip=null | op=PUT_BLOCK {blockData=[blockId=conID: 2 locID: 102655681322091018 bcsId: 0,size=1048576]} | ret=SUCCESS |  
2019-08-21 15:29:47,387 [grpc-default-executor-5] INFO  client.GrpcClientProtocolClient (GrpcClientProtocolClient.java:onNext(255)) - client-029E50227556->355864cd-7ac5-4934-b366-9756b15dd90f: receive RaftClientReply:client-029E50227556->355864cd-7ac5-4934-b366-9756b15dd90f@group-785BCF25C267, cid=1785, SUCCESS, logIndex=2590, commits[355864cd-7ac5-4934-b366-9756b15dd90f:c2592, ce4aa411-63c8-4399-99eb-27ce352844f3:c2588, 3eeffb0a-787e-48ec-a2f5-d0c540a89489:c2588]
2019-08-21 15:29:47,387 | INFO  | DNAudit | user=null | ip=null | op=PUT_BLOCK {blockData=[blockId=conID: 2 locID: 102655681322091018 bcsId: 0,size=1048576]} | ret=SUCCESS |  
2019-08-21 15:29:47,387 [grpc-default-executor-5] INFO  client.GrpcClientProtocolClient (GrpcClientProtocolClient.java:onNext(255)) - client-029E50227556->355864cd-7ac5-4934-b366-9756b15dd90f: receive RaftClientReply:client-029E50227556->355864cd-7ac5-4934-b366-9756b15dd90f@group-785BCF25C267, cid=1786, SUCCESS, logIndex=2591, commits[355864cd-7ac5-4934-b366-9756b15dd90f:c2592, ce4aa411-63c8-4399-99eb-27ce352844f3:c2588, 3eeffb0a-787e-48ec-a2f5-d0c540a89489:c2588]
2019-08-21 15:29:47,387 [grpc-default-executor-5] INFO  client.GrpcClientProtocolClient (GrpcClientProtocolClient.java:onNext(255)) - client-029E50227556->355864cd-7ac5-4934-b366-9756b15dd90f: receive RaftClientReply:client-029E50227556->355864cd-7ac5-4934-b366-9756b15dd90f@group-785BCF25C267, cid=1787, SUCCESS, logIndex=2592, commits[355864cd-7ac5-4934-b366-9756b15dd90f:c2593, ce4aa411-63c8-4399-99eb-27ce352844f3:c2588, 3eeffb0a-787e-48ec-a2f5-d0c540a89489:c2590]
2019-08-21 15:29:47,387 | INFO  | DNAudit | user=null | ip=null | op=WRITE_CHUNK {blockData=conID: 2 locID: 102655681322091018 bcsId: 0} | ret=SUCCESS |  
2019-08-21 15:29:47,388 | INFO  | DNAudit | user=null | ip=null | op=WRITE_CHUNK {blockData=conID: 2 locID: 102655681322091018 bcsId: 0} | ret=SUCCESS |  
2019-08-21 15:29:47,388 | INFO  | DNAudit | user=null | ip=null | op=PUT_BLOCK {blockData=[blockId=conID: 2 locID: 102655681322091018 bcsId: 0,size=2097152]} | ret=SUCCESS |  
2019-08-21 15:29:47,388 | INFO  | DNAudit | user=null | ip=null | op=PUT_BLOCK {blockData=[blockId=conID: 2 locID: 102655681322091018 bcsId: 0,size=2097152]} | ret=SUCCESS |  
2019-08-21 15:29:47,388 [grpc-default-executor-4] INFO  client.GrpcClientProtocolClient (GrpcClientProtocolClient.java:onNext(255)) - client-029E50227556->355864cd-7ac5-4934-b366-9756b15dd90f: receive RaftClientReply:client-029E50227556->355864cd-7ac5-4934-b366-9756b15dd90f@group-785BCF25C267, cid=1788, SUCCESS, logIndex=0, commits[355864cd-7ac5-4934-b366-9756b15dd90f:c2595, ce4aa411-63c8-4399-99eb-27ce352844f3:c2590, 3eeffb0a-787e-48ec-a2f5-d0c540a89489:c2591]
2019-08-21 15:29:47,395 | INFO  | DNAudit | user=null | ip=null | op=WRITE_CHUNK {blockData=conID: 2 locID: 102655681322091018 bcsId: 2592} | ret=SUCCESS |  
2019-08-21 15:29:47,397 | INFO  | DNAudit | user=null | ip=null | op=WRITE_CHUNK {blockData=conID: 2 locID: 102655681322091018 bcsId: 2592} | ret=SUCCESS |  
2019-08-21 15:29:47,397 | INFO  | DNAudit | user=null | ip=null | op=WRITE_CHUNK {blockData=conID: 2 locID: 102655681322091018 bcsId: 2592} | ret=SUCCESS |  
2019-08-21 15:29:47,406 | INFO  | DNAudit | user=null | ip=null | op=WRITE_CHUNK {blockData=conID: 2 locID: 102655681322091018 bcsId: 2592} | ret=SUCCESS |  
2019-08-21 15:29:47,406 | INFO  | DNAudit | user=null | ip=null | op=PUT_BLOCK {blockData=[blockId=conID: 2 locID: 102655681322091018 bcsId: 0,size=3145728]} | ret=SUCCESS |  
2019-08-21 15:29:47,406 [grpc-default-executor-4] INFO  client.GrpcClientProtocolClient (GrpcClientProtocolClient.java:onNext(255)) - client-029E50227556->355864cd-7ac5-4934-b366-9756b15dd90f: receive RaftClientReply:client-029E50227556->355864cd-7ac5-4934-b366-9756b15dd90f@group-785BCF25C267, cid=1789, SUCCESS, logIndex=2597, commits[355864cd-7ac5-4934-b366-9756b15dd90f:c2598, ce4aa411-63c8-4399-99eb-27ce352844f3:c2596, 3eeffb0a-787e-48ec-a2f5-d0c540a89489:c2596]
2019-08-21 15:29:47,407 [grpc-default-executor-4] INFO  client.GrpcClientProtocolClient (GrpcClientProtocolClient.java:onNext(255)) - client-029E50227556->355864cd-7ac5-4934-b366-9756b15dd90f: receive RaftClientReply:client-029E50227556->355864cd-7ac5-4934-b366-9756b15dd90f@group-785BCF25C267, cid=1790, SUCCESS, logIndex=2598, commits[355864cd-7ac5-4934-b366-9756b15dd90f:c2598, ce4aa411-63c8-4399-99eb-27ce352844f3:c2596, 3eeffb0a-787e-48ec-a2f5-d0c540a89489:c2596]
2019-08-21 15:29:47,414 | INFO  | DNAudit | user=null | ip=null | op=WRITE_CHUNK {blockData=conID: 2 locID: 102655681322091018 bcsId: 2598} | ret=SUCCESS |  
2019-08-21 15:29:47,416 | INFO  | DNAudit | user=null | ip=null | op=WRITE_CHUNK {blockData=conID: 2 locID: 102655681322091018 bcsId: 2598} | ret=SUCCESS |  
2019-08-21 15:29:47,416 | INFO  | DNAudit | user=null | ip=null | op=WRITE_CHUNK {blockData=conID: 2 locID: 102655681322091018 bcsId: 2598} | ret=SUCCESS |  
2019-08-21 15:29:47,425 | INFO  | DNAudit | user=null | ip=null | op=WRITE_CHUNK {blockData=conID: 2 locID: 102655681322091018 bcsId: 2592} | ret=SUCCESS |  
2019-08-21 15:29:47,425 | INFO  | DNAudit | user=null | ip=null | op=WRITE_CHUNK {blockData=conID: 2 locID: 102655681322091018 bcsId: 2592} | ret=SUCCESS |  
2019-08-21 15:29:47,435 | INFO  | DNAudit | user=null | ip=null | op=PUT_BLOCK {blockData=[blockId=conID: 2 locID: 102655681322091018 bcsId: 0,size=3145728]} | ret=SUCCESS |  
2019-08-21 15:29:47,435 | INFO  | DNAudit | user=null | ip=null | op=PUT_BLOCK {blockData=[blockId=conID: 2 locID: 102655681322091018 bcsId: 0,size=3145728]} | ret=SUCCESS |  
2019-08-21 15:29:47,436 | INFO  | DNAudit | user=null | ip=null | op=WRITE_CHUNK {blockData=conID: 2 locID: 102655681322091018 bcsId: 2598} | ret=SUCCESS |  
2019-08-21 15:29:47,436 | INFO  | DNAudit | user=null | ip=null | op=PUT_BLOCK {blockData=[blockId=conID: 2 locID: 102655681322091018 bcsId: 0,size=4194304]} | ret=SUCCESS |  
2019-08-21 15:29:47,437 [grpc-default-executor-2] INFO  client.GrpcClientProtocolClient (GrpcClientProtocolClient.java:onNext(255)) - client-029E50227556->355864cd-7ac5-4934-b366-9756b15dd90f: receive RaftClientReply:client-029E50227556->355864cd-7ac5-4934-b366-9756b15dd90f@group-785BCF25C267, cid=1791, SUCCESS, logIndex=2601, commits[355864cd-7ac5-4934-b366-9756b15dd90f:c2602, ce4aa411-63c8-4399-99eb-27ce352844f3:c2598, 3eeffb0a-787e-48ec-a2f5-d0c540a89489:c2598]
2019-08-21 15:29:47,437 [grpc-default-executor-2] INFO  client.GrpcClientProtocolClient (GrpcClientProtocolClient.java:onNext(255)) - client-029E50227556->355864cd-7ac5-4934-b366-9756b15dd90f: receive RaftClientReply:client-029E50227556->355864cd-7ac5-4934-b366-9756b15dd90f@group-785BCF25C267, cid=1792, SUCCESS, logIndex=2602, commits[355864cd-7ac5-4934-b366-9756b15dd90f:c2602, ce4aa411-63c8-4399-99eb-27ce352844f3:c2598, 3eeffb0a-787e-48ec-a2f5-d0c540a89489:c2598]
2019-08-21 15:29:47,446 | INFO  | DNAudit | user=null | ip=null | op=WRITE_CHUNK {blockData=conID: 2 locID: 102655681322091018 bcsId: 2598} | ret=SUCCESS |  
2019-08-21 15:29:47,447 | INFO  | DNAudit | user=null | ip=null | op=WRITE_CHUNK {blockData=conID: 2 locID: 102655681322091018 bcsId: 2598} | ret=SUCCESS |  
2019-08-21 15:29:47,447 | INFO  | DNAudit | user=null | ip=null | op=PUT_BLOCK {blockData=[blockId=conID: 2 locID: 102655681322091018 bcsId: 0,size=4194304]} | ret=SUCCESS |  
2019-08-21 15:29:47,450 | INFO  | DNAudit | user=null | ip=null | op=PUT_BLOCK {blockData=[blockId=conID: 2 locID: 102655681322091018 bcsId: 0,size=4194304]} | ret=SUCCESS |  
2019-08-21 15:29:47,451 [grpc-default-executor-2] INFO  client.GrpcClientProtocolClient (GrpcClientProtocolClient.java:onNext(255)) - client-029E50227556->355864cd-7ac5-4934-b366-9756b15dd90f: receive RaftClientReply:client-029E50227556->355864cd-7ac5-4934-b366-9756b15dd90f@group-785BCF25C267, cid=1793, SUCCESS, logIndex=0, commits[355864cd-7ac5-4934-b366-9756b15dd90f:c2604, ce4aa411-63c8-4399-99eb-27ce352844f3:c2602, 3eeffb0a-787e-48ec-a2f5-d0c540a89489:c2602]
2019-08-21 15:29:47,455 | INFO  | SCMAudit | user=jenkins1000 | ip=192.168.5.153 | op=ALLOCATE_BLOCK {owner=78849ec2-2b05-45d8-8cb5-e95e2230dbd1, size=4194304, type=RATIS, factor=THREE} | ret=SUCCESS |  
2019-08-21 15:29:47,458 | INFO  | OMAudit | user=jenkins1000 | ip=127.0.0.1 | op=ALLOCATE_BLOCK {volume=vol-0-32358, bucket=bucket-0-01949, key=key-0-56547, dataSize=0, replicationType=null, replicationFactor=null, keyLocationInfo=null, clientID=102655680532119954} | ret=SUCCESS |  
2019-08-21 15:29:47,465 | INFO  | DNAudit | user=null | ip=null | op=WRITE_CHUNK {blockData=conID: 3 locID: 102655681328251403 bcsId: 0} | ret=SUCCESS |  
2019-08-21 15:29:47,468 | INFO  | DNAudit | user=null | ip=null | op=WRITE_CHUNK {blockData=conID: 3 locID: 102655681328251403 bcsId: 0} | ret=SUCCESS |  
2019-08-21 15:29:47,469 | INFO  | DNAudit | user=null | ip=null | op=WRITE_CHUNK {blockData=conID: 3 locID: 102655681328251403 bcsId: 0} | ret=SUCCESS |  
2019-08-21 15:29:47,469 | INFO  | DNAudit | user=null | ip=null | op=WRITE_CHUNK {blockData=conID: 3 locID: 102655681328251403 bcsId: 0} | ret=SUCCESS |  
2019-08-21 15:29:47,471 | INFO  | DNAudit | user=null | ip=null | op=WRITE_CHUNK {blockData=conID: 3 locID: 102655681328251403 bcsId: 0} | ret=SUCCESS |  
2019-08-21 15:29:47,471 | INFO  | DNAudit | user=null | ip=null | op=WRITE_CHUNK {blockData=conID: 3 locID: 102655681328251403 bcsId: 0} | ret=SUCCESS |  
2019-08-21 15:29:47,477 | INFO  | DNAudit | user=null | ip=null | op=WRITE_CHUNK {blockData=conID: 3 locID: 102655681328251403 bcsId: 0} | ret=SUCCESS |  
2019-08-21 15:29:47,478 | INFO  | DNAudit | user=null | ip=null | op=PUT_BLOCK {blockData=[blockId=conID: 3 locID: 102655681328251403 bcsId: 0,size=1048576]} | ret=SUCCESS |  
2019-08-21 15:29:47,478 [grpc-default-executor-4] INFO  client.GrpcClientProtocolClient (GrpcClientProtocolClient.java:onNext(255)) - client-029E50227556->355864cd-7ac5-4934-b366-9756b15dd90f: receive RaftClientReply:client-029E50227556->355864cd-7ac5-4934-b366-9756b15dd90f@group-785BCF25C267, cid=1794, SUCCESS, logIndex=2605, commits[355864cd-7ac5-4934-b366-9756b15dd90f:c2606, ce4aa411-63c8-4399-99eb-27ce352844f3:c2604, 3eeffb0a-787e-48ec-a2f5-d0c540a89489:c2604]
2019-08-21 15:29:47,479 | INFO  | DNAudit | user=null | ip=null | op=WRITE_CHUNK {blockData=conID: 3 locID: 102655681328251403 bcsId: 0} | ret=SUCCESS |  
2019-08-21 15:29:47,479 [grpc-default-executor-2] INFO  client.GrpcClientProtocolClient (GrpcClientProtocolClient.java:onNext(255)) - client-029E50227556->355864cd-7ac5-4934-b366-9756b15dd90f: receive RaftClientReply:client-029E50227556->355864cd-7ac5-4934-b366-9756b15dd90f@group-785BCF25C267, cid=1795, SUCCESS, logIndex=2606, commits[355864cd-7ac5-4934-b366-9756b15dd90f:c2608, ce4aa411-63c8-4399-99eb-27ce352844f3:c2604, 3eeffb0a-787e-48ec-a2f5-d0c540a89489:c2604]
2019-08-21 15:29:47,479 | INFO  | DNAudit | user=null | ip=null | op=PUT_BLOCK {blockData=[blockId=conID: 3 locID: 102655681328251403 bcsId: 0,size=2097152]} | ret=SUCCESS |  
2019-08-21 15:29:47,479 | INFO  | DNAudit | user=null | ip=null | op=WRITE_CHUNK {blockData=conID: 3 locID: 102655681328251403 bcsId: 0} | ret=SUCCESS |  
2019-08-21 15:29:47,479 [grpc-default-executor-2] INFO  client.GrpcClientProtocolClient (GrpcClientProtocolClient.java:onNext(255)) - client-029E50227556->355864cd-7ac5-4934-b366-9756b15dd90f: receive RaftClientReply:client-029E50227556->355864cd-7ac5-4934-b366-9756b15dd90f@group-785BCF25C267, cid=1796, SUCCESS, logIndex=2607, commits[355864cd-7ac5-4934-b366-9756b15dd90f:c2608, ce4aa411-63c8-4399-99eb-27ce352844f3:c2604, 3eeffb0a-787e-48ec-a2f5-d0c540a89489:c2604]
2019-08-21 15:29:47,480 | INFO  | DNAudit | user=null | ip=null | op=WRITE_CHUNK {blockData=conID: 3 locID: 102655681328251403 bcsId: 0} | ret=SUCCESS |  
2019-08-21 15:29:47,480 | INFO  | DNAudit | user=null | ip=null | op=PUT_BLOCK {blockData=[blockId=conID: 3 locID: 102655681328251403 bcsId: 0,size=1048576]} | ret=SUCCESS |  
2019-08-21 15:29:47,480 | INFO  | DNAudit | user=null | ip=null | op=WRITE_CHUNK {blockData=conID: 3 locID: 102655681328251403 bcsId: 0} | ret=SUCCESS |  
2019-08-21 15:29:47,480 [grpc-default-executor-2] INFO  client.GrpcClientProtocolClient (GrpcClientProtocolClient.java:onNext(255)) - client-029E50227556->355864cd-7ac5-4934-b366-9756b15dd90f: receive RaftClientReply:client-029E50227556->355864cd-7ac5-4934-b366-9756b15dd90f@group-785BCF25C267, cid=1797, SUCCESS, logIndex=2608, commits[355864cd-7ac5-4934-b366-9756b15dd90f:c2609, ce4aa411-63c8-4399-99eb-27ce352844f3:c2605, 3eeffb0a-787e-48ec-a2f5-d0c540a89489:c2604]
2019-08-21 15:29:47,480 | INFO  | DNAudit | user=null | ip=null | op=PUT_BLOCK {blockData=[blockId=conID: 3 locID: 102655681328251403 bcsId: 0,size=2097152]} | ret=SUCCESS |  
2019-08-21 15:29:47,481 | INFO  | DNAudit | user=null | ip=null | op=PUT_BLOCK {blockData=[blockId=conID: 3 locID: 102655681328251403 bcsId: 0,size=1048576]} | ret=SUCCESS |  
2019-08-21 15:29:47,481 | INFO  | DNAudit | user=null | ip=null | op=WRITE_CHUNK {blockData=conID: 3 locID: 102655681328251403 bcsId: 0} | ret=SUCCESS |  
2019-08-21 15:29:47,481 | INFO  | DNAudit | user=null | ip=null | op=PUT_BLOCK {blockData=[blockId=conID: 3 locID: 102655681328251403 bcsId: 0,size=2097152]} | ret=SUCCESS |  
2019-08-21 15:29:47,481 [grpc-default-executor-2] INFO  client.GrpcClientProtocolClient (GrpcClientProtocolClient.java:onNext(255)) - client-029E50227556->355864cd-7ac5-4934-b366-9756b15dd90f: receive RaftClientReply:client-029E50227556->355864cd-7ac5-4934-b366-9756b15dd90f@group-785BCF25C267, cid=1798, SUCCESS, logIndex=0, commits[355864cd-7ac5-4934-b366-9756b15dd90f:c2612, ce4aa411-63c8-4399-99eb-27ce352844f3:c2606, 3eeffb0a-787e-48ec-a2f5-d0c540a89489:c2608]
2019-08-21 15:29:47,488 | INFO  | DNAudit | user=null | ip=null | op=WRITE_CHUNK {blockData=conID: 3 locID: 102655681328251403 bcsId: 2608} | ret=SUCCESS |  
2019-08-21 15:29:47,491 | INFO  | DNAudit | user=null | ip=null | op=WRITE_CHUNK {blockData=conID: 3 locID: 102655681328251403 bcsId: 2608} | ret=SUCCESS |  
2019-08-21 15:29:47,491 | INFO  | DNAudit | user=null | ip=null | op=WRITE_CHUNK {blockData=conID: 3 locID: 102655681328251403 bcsId: 2608} | ret=SUCCESS |  
2019-08-21 15:29:47,501 | INFO  | DNAudit | user=null | ip=null | op=WRITE_CHUNK {blockData=conID: 3 locID: 102655681328251403 bcsId: 2608} | ret=SUCCESS |  
2019-08-21 15:29:47,501 | INFO  | DNAudit | user=null | ip=null | op=PUT_BLOCK {blockData=[blockId=conID: 3 locID: 102655681328251403 bcsId: 0,size=3145728]} | ret=SUCCESS |  
2019-08-21 15:29:47,502 [grpc-default-executor-4] INFO  client.GrpcClientProtocolClient (GrpcClientProtocolClient.java:onNext(255)) - client-029E50227556->355864cd-7ac5-4934-b366-9756b15dd90f: receive RaftClientReply:client-029E50227556->355864cd-7ac5-4934-b366-9756b15dd90f@group-785BCF25C267, cid=1799, SUCCESS, logIndex=2613, commits[355864cd-7ac5-4934-b366-9756b15dd90f:c2614, ce4aa411-63c8-4399-99eb-27ce352844f3:c2612, 3eeffb0a-787e-48ec-a2f5-d0c540a89489:c2612]
2019-08-21 15:29:47,502 [grpc-default-executor-4] INFO  client.GrpcClientProtocolClient (GrpcClientProtocolClient.java:onNext(255)) - client-029E50227556->355864cd-7ac5-4934-b366-9756b15dd90f: receive RaftClientReply:client-029E50227556->355864cd-7ac5-4934-b366-9756b15dd90f@group-785BCF25C267, cid=1800, SUCCESS, logIndex=2614, commits[355864cd-7ac5-4934-b366-9756b15dd90f:c2614, ce4aa411-63c8-4399-99eb-27ce352844f3:c2612, 3eeffb0a-787e-48ec-a2f5-d0c540a89489:c2612]
2019-08-21 15:29:47,508 | INFO  | DNAudit | user=null | ip=null | op=WRITE_CHUNK {blockData=conID: 3 locID: 102655681328251403 bcsId: 2614} | ret=SUCCESS |  
2019-08-21 15:29:47,511 | INFO  | DNAudit | user=null | ip=null | op=WRITE_CHUNK {blockData=conID: 3 locID: 102655681328251403 bcsId: 2614} | ret=SUCCESS |  
2019-08-21 15:29:47,511 | INFO  | DNAudit | user=null | ip=null | op=WRITE_CHUNK {blockData=conID: 3 locID: 102655681328251403 bcsId: 2614} | ret=SUCCESS |  
2019-08-21 15:29:47,512 | INFO  | DNAudit | user=null | ip=null | op=WRITE_CHUNK {blockData=conID: 3 locID: 102655681328251403 bcsId: 2608} | ret=SUCCESS |  
2019-08-21 15:29:47,512 | INFO  | DNAudit | user=null | ip=null | op=WRITE_CHUNK {blockData=conID: 3 locID: 102655681328251403 bcsId: 2608} | ret=SUCCESS |  
2019-08-21 15:29:47,512 | INFO  | DNAudit | user=null | ip=null | op=PUT_BLOCK {blockData=[blockId=conID: 3 locID: 102655681328251403 bcsId: 0,size=3145728]} | ret=SUCCESS |  
2019-08-21 15:29:47,512 | INFO  | DNAudit | user=null | ip=null | op=PUT_BLOCK {blockData=[blockId=conID: 3 locID: 102655681328251403 bcsId: 0,size=3145728]} | ret=SUCCESS |  
2019-08-21 15:29:47,514 | INFO  | DNAudit | user=null | ip=null | op=WRITE_CHUNK {blockData=conID: 3 locID: 102655681328251403 bcsId: 2614} | ret=SUCCESS |  
2019-08-21 15:29:47,514 | INFO  | DNAudit | user=null | ip=null | op=PUT_BLOCK {blockData=[blockId=conID: 3 locID: 102655681328251403 bcsId: 0,size=4194304]} | ret=SUCCESS |  
2019-08-21 15:29:47,514 [grpc-default-executor-3] INFO  client.GrpcClientProtocolClient (GrpcClientProtocolClient.java:onNext(255)) - client-029E50227556->355864cd-7ac5-4934-b366-9756b15dd90f: receive RaftClientReply:client-029E50227556->355864cd-7ac5-4934-b366-9756b15dd90f@group-785BCF25C267, cid=1801, SUCCESS, logIndex=2617, commits[355864cd-7ac5-4934-b366-9756b15dd90f:c2618, ce4aa411-63c8-4399-99eb-27ce352844f3:c2614, 3eeffb0a-787e-48ec-a2f5-d0c540a89489:c2614]
2019-08-21 15:29:47,515 [grpc-default-executor-3] INFO  client.GrpcClientProtocolClient (GrpcClientProtocolClient.java:onNext(255)) - client-029E50227556->355864cd-7ac5-4934-b366-9756b15dd90f: receive RaftClientReply:client-029E50227556->355864cd-7ac5-4934-b366-9756b15dd90f@group-785BCF25C267, cid=1802, SUCCESS, logIndex=2618, commits[355864cd-7ac5-4934-b366-9756b15dd90f:c2618, ce4aa411-63c8-4399-99eb-27ce352844f3:c2614, 3eeffb0a-787e-48ec-a2f5-d0c540a89489:c2614]
2019-08-21 15:29:47,525 | INFO  | DNAudit | user=null | ip=null | op=WRITE_CHUNK {blockData=conID: 3 locID: 102655681328251403 bcsId: 2614} | ret=SUCCESS |  
2019-08-21 15:29:47,525 | INFO  | DNAudit | user=null | ip=null | op=WRITE_CHUNK {blockData=conID: 3 locID: 102655681328251403 bcsId: 2614} | ret=SUCCESS |  
2019-08-21 15:29:47,526 | INFO  | DNAudit | user=null | ip=null | op=PUT_BLOCK {blockData=[blockId=conID: 3 locID: 102655681328251403 bcsId: 0,size=4194304]} | ret=SUCCESS |  
2019-08-21 15:29:47,526 | INFO  | DNAudit | user=null | ip=null | op=PUT_BLOCK {blockData=[blockId=conID: 3 locID: 102655681328251403 bcsId: 0,size=4194304]} | ret=SUCCESS |  
2019-08-21 15:29:47,527 [grpc-default-executor-3] INFO  client.GrpcClientProtocolClient (GrpcClientProtocolClient.java:onNext(255)) - client-029E50227556->355864cd-7ac5-4934-b366-9756b15dd90f: receive RaftClientReply:client-029E50227556->355864cd-7ac5-4934-b366-9756b15dd90f@group-785BCF25C267, cid=1803, SUCCESS, logIndex=0, commits[355864cd-7ac5-4934-b366-9756b15dd90f:c2620, ce4aa411-63c8-4399-99eb-27ce352844f3:c2618, 3eeffb0a-787e-48ec-a2f5-d0c540a89489:c2618]
2019-08-21 15:29:47,532 | INFO  | SCMAudit | user=jenkins1000 | ip=192.168.5.153 | op=ALLOCATE_BLOCK {owner=78849ec2-2b05-45d8-8cb5-e95e2230dbd1, size=4194304, type=RATIS, factor=THREE} | ret=SUCCESS |  
2019-08-21 15:29:47,535 | INFO  | OMAudit | user=jenkins1000 | ip=127.0.0.1 | op=ALLOCATE_BLOCK {volume=vol-0-32358, bucket=bucket-0-01949, key=key-0-56547, dataSize=0, replicationType=null, replicationFactor=null, keyLocationInfo=null, clientID=102655680532119954} | ret=SUCCESS |  
2019-08-21 15:29:47,542 | INFO  | DNAudit | user=null | ip=null | op=WRITE_CHUNK {blockData=conID: 1 locID: 102655681333297676 bcsId: 0} | ret=SUCCESS |  
2019-08-21 15:29:47,544 | INFO  | DNAudit | user=null | ip=null | op=WRITE_CHUNK {blockData=conID: 1 locID: 102655681333297676 bcsId: 0} | ret=SUCCESS |  
2019-08-21 15:29:47,545 | INFO  | DNAudit | user=null | ip=null | op=WRITE_CHUNK {blockData=conID: 1 locID: 102655681333297676 bcsId: 0} | ret=SUCCESS |  
2019-08-21 15:29:47,545 | INFO  | DNAudit | user=null | ip=null | op=WRITE_CHUNK {blockData=conID: 1 locID: 102655681333297676 bcsId: 0} | ret=SUCCESS |  
2019-08-21 15:29:47,547 | INFO  | DNAudit | user=null | ip=null | op=WRITE_CHUNK {blockData=conID: 1 locID: 102655681333297676 bcsId: 0} | ret=SUCCESS |  
2019-08-21 15:29:47,547 | INFO  | DNAudit | user=null | ip=null | op=WRITE_CHUNK {blockData=conID: 1 locID: 102655681333297676 bcsId: 0} | ret=SUCCESS |  
2019-08-21 15:29:47,555 | INFO  | DNAudit | user=null | ip=null | op=WRITE_CHUNK {blockData=conID: 1 locID: 102655681333297676 bcsId: 0} | ret=SUCCESS |  
2019-08-21 15:29:47,556 | INFO  | DNAudit | user=null | ip=null | op=PUT_BLOCK {blockData=[blockId=conID: 1 locID: 102655681333297676 bcsId: 0,size=1048576]} | ret=SUCCESS |  
2019-08-21 15:29:47,556 [grpc-default-executor-4] INFO  client.GrpcClientProtocolClient (GrpcClientProtocolClient.java:onNext(255)) - client-029E50227556->355864cd-7ac5-4934-b366-9756b15dd90f: receive RaftClientReply:client-029E50227556->355864cd-7ac5-4934-b366-9756b15dd90f@group-785BCF25C267, cid=1804, SUCCESS, logIndex=2621, commits[355864cd-7ac5-4934-b366-9756b15dd90f:c2622, ce4aa411-63c8-4399-99eb-27ce352844f3:c2620, 3eeffb0a-787e-48ec-a2f5-d0c540a89489:c2620]
2019-08-21 15:29:47,556 | INFO  | DNAudit | user=null | ip=null | op=WRITE_CHUNK {blockData=conID: 1 locID: 102655681333297676 bcsId: 0} | ret=SUCCESS |  
2019-08-21 15:29:47,556 [grpc-default-executor-4] INFO  client.GrpcClientProtocolClient (GrpcClientProtocolClient.java:onNext(255)) - client-029E50227556->355864cd-7ac5-4934-b366-9756b15dd90f: receive RaftClientReply:client-029E50227556->355864cd-7ac5-4934-b366-9756b15dd90f@group-785BCF25C267, cid=1805, SUCCESS, logIndex=2622, commits[355864cd-7ac5-4934-b366-9756b15dd90f:c2623, ce4aa411-63c8-4399-99eb-27ce352844f3:c2620, 3eeffb0a-787e-48ec-a2f5-d0c540a89489:c2620]
2019-08-21 15:29:47,557 | INFO  | DNAudit | user=null | ip=null | op=PUT_BLOCK {blockData=[blockId=conID: 1 locID: 102655681333297676 bcsId: 0,size=2097152]} | ret=SUCCESS |  
2019-08-21 15:29:47,557 [grpc-default-executor-4] INFO  client.GrpcClientProtocolClient (GrpcClientProtocolClient.java:onNext(255)) - client-029E50227556->355864cd-7ac5-4934-b366-9756b15dd90f: receive RaftClientReply:client-029E50227556->355864cd-7ac5-4934-b366-9756b15dd90f@group-785BCF25C267, cid=1806, SUCCESS, logIndex=2623, commits[355864cd-7ac5-4934-b366-9756b15dd90f:c2624, ce4aa411-63c8-4399-99eb-27ce352844f3:c2620, 3eeffb0a-787e-48ec-a2f5-d0c540a89489:c2620]
2019-08-21 15:29:47,557 [grpc-default-executor-4] INFO  client.GrpcClientProtocolClient (GrpcClientProtocolClient.java:onNext(255)) - client-029E50227556->355864cd-7ac5-4934-b366-9756b15dd90f: receive RaftClientReply:client-029E50227556->355864cd-7ac5-4934-b366-9756b15dd90f@group-785BCF25C267, cid=1807, SUCCESS, logIndex=2624, commits[355864cd-7ac5-4934-b366-9756b15dd90f:c2624, ce4aa411-63c8-4399-99eb-27ce352844f3:c2620, 3eeffb0a-787e-48ec-a2f5-d0c540a89489:c2620]
2019-08-21 15:29:47,567 | INFO  | DNAudit | user=null | ip=null | op=WRITE_CHUNK {blockData=conID: 1 locID: 102655681333297676 bcsId: 0} | ret=SUCCESS |  
2019-08-21 15:29:47,568 | INFO  | DNAudit | user=null | ip=null | op=PUT_BLOCK {blockData=[blockId=conID: 1 locID: 102655681333297676 bcsId: 0,size=1048576]} | ret=SUCCESS |  
2019-08-21 15:29:47,568 | INFO  | DNAudit | user=null | ip=null | op=WRITE_CHUNK {blockData=conID: 1 locID: 102655681333297676 bcsId: 0} | ret=SUCCESS |  
2019-08-21 15:29:47,568 | INFO  | DNAudit | user=null | ip=null | op=PUT_BLOCK {blockData=[blockId=conID: 1 locID: 102655681333297676 bcsId: 0,size=1048576]} | ret=SUCCESS |  
2019-08-21 15:29:47,568 [grpc-default-executor-4] INFO  client.GrpcClientProtocolClient (GrpcClientProtocolClient.java:onNext(255)) - client-029E50227556->355864cd-7ac5-4934-b366-9756b15dd90f: receive RaftClientReply:client-029E50227556->355864cd-7ac5-4934-b366-9756b15dd90f@group-785BCF25C267, cid=1808, SUCCESS, logIndex=0, commits[355864cd-7ac5-4934-b366-9756b15dd90f:c2626, ce4aa411-63c8-4399-99eb-27ce352844f3:c2622, 3eeffb0a-787e-48ec-a2f5-d0c540a89489:c2622]
2019-08-21 15:29:47,569 | INFO  | DNAudit | user=null | ip=null | op=WRITE_CHUNK {blockData=conID: 1 locID: 102655681333297676 bcsId: 0} | ret=SUCCESS |  
2019-08-21 15:29:47,569 | INFO  | DNAudit | user=null | ip=null | op=PUT_BLOCK {blockData=[blockId=conID: 1 locID: 102655681333297676 bcsId: 0,size=2097152]} | ret=SUCCESS |  
2019-08-21 15:29:47,681 | INFO  | DNAudit | user=null | ip=null | op=WRITE_CHUNK {blockData=conID: 1 locID: 102655681333297676 bcsId: 0} | ret=SUCCESS |  
2019-08-21 15:29:47,682 | INFO  | DNAudit | user=null | ip=null | op=PUT_BLOCK {blockData=[blockId=conID: 1 locID: 102655681333297676 bcsId: 0,size=2097152]} | ret=SUCCESS |  
2019-08-21 15:29:47,683 | INFO  | DNAudit | user=null | ip=null | op=WRITE_CHUNK {blockData=conID: 1 locID: 102655681333297676 bcsId: 2624} | ret=SUCCESS |  
2019-08-21 15:29:47,686 | INFO  | DNAudit | user=null | ip=null | op=WRITE_CHUNK {blockData=conID: 1 locID: 102655681333297676 bcsId: 2624} | ret=SUCCESS |  
2019-08-21 15:29:47,687 | INFO  | DNAudit | user=null | ip=null | op=WRITE_CHUNK {blockData=conID: 1 locID: 102655681333297676 bcsId: 2624} | ret=SUCCESS |  
2019-08-21 15:29:47,705 | INFO  | DNAudit | user=null | ip=null | op=WRITE_CHUNK {blockData=conID: 1 locID: 102655681333297676 bcsId: 2624} | ret=SUCCESS |  
2019-08-21 15:29:47,706 | INFO  | DNAudit | user=null | ip=null | op=PUT_BLOCK {blockData=[blockId=conID: 1 locID: 102655681333297676 bcsId: 0,size=3145728]} | ret=SUCCESS |  
2019-08-21 15:29:47,706 [grpc-default-executor-4] INFO  client.GrpcClientProtocolClient (GrpcClientProtocolClient.java:onNext(255)) - client-029E50227556->355864cd-7ac5-4934-b366-9756b15dd90f: receive RaftClientReply:client-029E50227556->355864cd-7ac5-4934-b366-9756b15dd90f@group-785BCF25C267, cid=1809, SUCCESS, logIndex=2629, commits[355864cd-7ac5-4934-b366-9756b15dd90f:c2630, ce4aa411-63c8-4399-99eb-27ce352844f3:c2628, 3eeffb0a-787e-48ec-a2f5-d0c540a89489:c2628]
2019-08-21 15:29:47,706 [grpc-default-executor-4] INFO  client.GrpcClientProtocolClient (GrpcClientProtocolClient.java:onNext(255)) - client-029E50227556->355864cd-7ac5-4934-b366-9756b15dd90f: receive RaftClientReply:client-029E50227556->355864cd-7ac5-4934-b366-9756b15dd90f@group-785BCF25C267, cid=1810, SUCCESS, logIndex=2630, commits[355864cd-7ac5-4934-b366-9756b15dd90f:c2630, ce4aa411-63c8-4399-99eb-27ce352844f3:c2628, 3eeffb0a-787e-48ec-a2f5-d0c540a89489:c2628]
2019-08-21 15:29:47,708 | INFO  | DNAudit | user=null | ip=null | op=WRITE_CHUNK {blockData=conID: 1 locID: 102655681333297676 bcsId: 2624} | ret=SUCCESS |  
2019-08-21 15:29:47,708 | INFO  | DNAudit | user=null | ip=null | op=WRITE_CHUNK {blockData=conID: 1 locID: 102655681333297676 bcsId: 2624} | ret=SUCCESS |  
2019-08-21 15:29:47,714 | INFO  | DNAudit | user=null | ip=null | op=WRITE_CHUNK {blockData=conID: 1 locID: 102655681333297676 bcsId: 2630} | ret=SUCCESS |  
2019-08-21 15:29:47,716 | INFO  | DNAudit | user=null | ip=null | op=WRITE_CHUNK {blockData=conID: 1 locID: 102655681333297676 bcsId: 2630} | ret=SUCCESS |  
2019-08-21 15:29:47,716 | INFO  | DNAudit | user=null | ip=null | op=WRITE_CHUNK {blockData=conID: 1 locID: 102655681333297676 bcsId: 2630} | ret=SUCCESS |  
2019-08-21 15:29:47,718 | INFO  | DNAudit | user=null | ip=null | op=PUT_BLOCK {blockData=[blockId=conID: 1 locID: 102655681333297676 bcsId: 0,size=3145728]} | ret=SUCCESS |  
2019-08-21 15:29:47,718 | INFO  | DNAudit | user=null | ip=null | op=PUT_BLOCK {blockData=[blockId=conID: 1 locID: 102655681333297676 bcsId: 0,size=3145728]} | ret=SUCCESS |  
2019-08-21 15:29:47,729 | INFO  | DNAudit | user=null | ip=null | op=WRITE_CHUNK {blockData=conID: 1 locID: 102655681333297676 bcsId: 2630} | ret=SUCCESS |  
2019-08-21 15:29:47,730 | INFO  | DNAudit | user=null | ip=null | op=PUT_BLOCK {blockData=[blockId=conID: 1 locID: 102655681333297676 bcsId: 0,size=4194304]} | ret=SUCCESS |  
2019-08-21 15:29:47,730 [grpc-default-executor-4] INFO  client.GrpcClientProtocolClient (GrpcClientProtocolClient.java:onNext(255)) - client-029E50227556->355864cd-7ac5-4934-b366-9756b15dd90f: receive RaftClientReply:client-029E50227556->355864cd-7ac5-4934-b366-9756b15dd90f@group-785BCF25C267, cid=1811, SUCCESS, logIndex=2633, commits[355864cd-7ac5-4934-b366-9756b15dd90f:c2634, ce4aa411-63c8-4399-99eb-27ce352844f3:c2631, 3eeffb0a-787e-48ec-a2f5-d0c540a89489:c2631]
2019-08-21 15:29:47,730 [grpc-default-executor-4] INFO  client.GrpcClientProtocolClient (GrpcClientProtocolClient.java:onNext(255)) - client-029E50227556->355864cd-7ac5-4934-b366-9756b15dd90f: receive RaftClientReply:client-029E50227556->355864cd-7ac5-4934-b366-9756b15dd90f@group-785BCF25C267, cid=1812, SUCCESS, logIndex=2634, commits[355864cd-7ac5-4934-b366-9756b15dd90f:c2634, ce4aa411-63c8-4399-99eb-27ce352844f3:c2631, 3eeffb0a-787e-48ec-a2f5-d0c540a89489:c2631]
2019-08-21 15:29:47,741 | INFO  | DNAudit | user=null | ip=null | op=WRITE_CHUNK {blockData=conID: 1 locID: 102655681333297676 bcsId: 2630} | ret=SUCCESS |  
2019-08-21 15:29:47,741 | INFO  | DNAudit | user=null | ip=null | op=WRITE_CHUNK {blockData=conID: 1 locID: 102655681333297676 bcsId: 2630} | ret=SUCCESS |  
2019-08-21 15:29:47,743 | INFO  | DNAudit | user=null | ip=null | op=PUT_BLOCK {blockData=[blockId=conID: 1 locID: 102655681333297676 bcsId: 0,size=4194304]} | ret=SUCCESS |  
2019-08-21 15:29:47,743 | INFO  | DNAudit | user=null | ip=null | op=PUT_BLOCK {blockData=[blockId=conID: 1 locID: 102655681333297676 bcsId: 0,size=4194304]} | ret=SUCCESS |  
2019-08-21 15:29:47,744 [grpc-default-executor-4] INFO  client.GrpcClientProtocolClient (GrpcClientProtocolClient.java:onNext(255)) - client-029E50227556->355864cd-7ac5-4934-b366-9756b15dd90f: receive RaftClientReply:client-029E50227556->355864cd-7ac5-4934-b366-9756b15dd90f@group-785BCF25C267, cid=1813, SUCCESS, logIndex=0, commits[355864cd-7ac5-4934-b366-9756b15dd90f:c2636, ce4aa411-63c8-4399-99eb-27ce352844f3:c2634, 3eeffb0a-787e-48ec-a2f5-d0c540a89489:c2634]
2019-08-21 15:29:47,749 | INFO  | SCMAudit | user=jenkins1000 | ip=192.168.5.153 | op=ALLOCATE_BLOCK {owner=78849ec2-2b05-45d8-8cb5-e95e2230dbd1, size=4194304, type=RATIS, factor=THREE} | ret=SUCCESS |  
2019-08-21 15:29:47,751 | INFO  | OMAudit | user=jenkins1000 | ip=127.0.0.1 | op=ALLOCATE_BLOCK {volume=vol-0-32358, bucket=bucket-0-01949, key=key-0-56547, dataSize=0, replicationType=null, replicationFactor=null, keyLocationInfo=null, clientID=102655680532119954} | ret=SUCCESS |  
2019-08-21 15:29:47,759 | INFO  | DNAudit | user=null | ip=null | op=WRITE_CHUNK {blockData=conID: 2 locID: 102655681347453453 bcsId: 0} | ret=SUCCESS |  
2019-08-21 15:29:47,761 | INFO  | DNAudit | user=null | ip=null | op=WRITE_CHUNK {blockData=conID: 2 locID: 102655681347453453 bcsId: 0} | ret=SUCCESS |  
2019-08-21 15:29:47,762 | INFO  | DNAudit | user=null | ip=null | op=WRITE_CHUNK {blockData=conID: 2 locID: 102655681347453453 bcsId: 0} | ret=SUCCESS |  
2019-08-21 15:29:47,762 | INFO  | DNAudit | user=null | ip=null | op=WRITE_CHUNK {blockData=conID: 2 locID: 102655681347453453 bcsId: 0} | ret=SUCCESS |  
2019-08-21 15:29:47,764 | INFO  | DNAudit | user=null | ip=null | op=WRITE_CHUNK {blockData=conID: 2 locID: 102655681347453453 bcsId: 0} | ret=SUCCESS |  
2019-08-21 15:29:47,764 | INFO  | DNAudit | user=null | ip=null | op=WRITE_CHUNK {blockData=conID: 2 locID: 102655681347453453 bcsId: 0} | ret=SUCCESS |  
2019-08-21 15:29:47,772 | INFO  | DNAudit | user=null | ip=null | op=WRITE_CHUNK {blockData=conID: 2 locID: 102655681347453453 bcsId: 0} | ret=SUCCESS |  
2019-08-21 15:29:47,772 | INFO  | DNAudit | user=null | ip=null | op=PUT_BLOCK {blockData=[blockId=conID: 2 locID: 102655681347453453 bcsId: 0,size=1048576]} | ret=SUCCESS |  
2019-08-21 15:29:47,772 [grpc-default-executor-4] INFO  client.GrpcClientProtocolClient (GrpcClientProtocolClient.java:onNext(255)) - client-029E50227556->355864cd-7ac5-4934-b366-9756b15dd90f: receive RaftClientReply:client-029E50227556->355864cd-7ac5-4934-b366-9756b15dd90f@group-785BCF25C267, cid=1814, SUCCESS, logIndex=2637, commits[355864cd-7ac5-4934-b366-9756b15dd90f:c2638, ce4aa411-63c8-4399-99eb-27ce352844f3:c2636, 3eeffb0a-787e-48ec-a2f5-d0c540a89489:c2636]
2019-08-21 15:29:47,773 | INFO  | DNAudit | user=null | ip=null | op=WRITE_CHUNK {blockData=conID: 2 locID: 102655681347453453 bcsId: 0} | ret=SUCCESS |  
2019-08-21 15:29:47,773 [grpc-default-executor-3] INFO  client.GrpcClientProtocolClient (GrpcClientProtocolClient.java:onNext(255)) - client-029E50227556->355864cd-7ac5-4934-b366-9756b15dd90f: receive RaftClientReply:client-029E50227556->355864cd-7ac5-4934-b366-9756b15dd90f@group-785BCF25C267, cid=1815, SUCCESS, logIndex=2638, commits[355864cd-7ac5-4934-b366-9756b15dd90f:c2638, ce4aa411-63c8-4399-99eb-27ce352844f3:c2636, 3eeffb0a-787e-48ec-a2f5-d0c540a89489:c2636]
2019-08-21 15:29:47,773 | INFO  | DNAudit | user=null | ip=null | op=PUT_BLOCK {blockData=[blockId=conID: 2 locID: 102655681347453453 bcsId: 0,size=2097152]} | ret=SUCCESS |  
2019-08-21 15:29:47,773 [grpc-default-executor-3] INFO  client.GrpcClientProtocolClient (GrpcClientProtocolClient.java:onNext(255)) - client-029E50227556->355864cd-7ac5-4934-b366-9756b15dd90f: receive RaftClientReply:client-029E50227556->355864cd-7ac5-4934-b366-9756b15dd90f@group-785BCF25C267, cid=1816, SUCCESS, logIndex=2639, commits[355864cd-7ac5-4934-b366-9756b15dd90f:c2640, ce4aa411-63c8-4399-99eb-27ce352844f3:c2636, 3eeffb0a-787e-48ec-a2f5-d0c540a89489:c2636]
2019-08-21 15:29:47,774 [grpc-default-executor-3] INFO  client.GrpcClientProtocolClient (GrpcClientProtocolClient.java:onNext(255)) - client-029E50227556->355864cd-7ac5-4934-b366-9756b15dd90f: receive RaftClientReply:client-029E50227556->355864cd-7ac5-4934-b366-9756b15dd90f@group-785BCF25C267, cid=1817, SUCCESS, logIndex=2640, commits[355864cd-7ac5-4934-b366-9756b15dd90f:c2640, ce4aa411-63c8-4399-99eb-27ce352844f3:c2636, 3eeffb0a-787e-48ec-a2f5-d0c540a89489:c2636]
2019-08-21 15:29:47,782 | INFO  | DNAudit | user=null | ip=null | op=WRITE_CHUNK {blockData=conID: 2 locID: 102655681347453453 bcsId: 0} | ret=SUCCESS |  
2019-08-21 15:29:47,783 | INFO  | DNAudit | user=null | ip=null | op=WRITE_CHUNK {blockData=conID: 2 locID: 102655681347453453 bcsId: 0} | ret=SUCCESS |  
2019-08-21 15:29:47,783 | INFO  | DNAudit | user=null | ip=null | op=PUT_BLOCK {blockData=[blockId=conID: 2 locID: 102655681347453453 bcsId: 0,size=1048576]} | ret=SUCCESS |  
2019-08-21 15:29:47,783 | INFO  | DNAudit | user=null | ip=null | op=PUT_BLOCK {blockData=[blockId=conID: 2 locID: 102655681347453453 bcsId: 0,size=1048576]} | ret=SUCCESS |  
2019-08-21 15:29:47,783 [grpc-default-executor-3] INFO  client.GrpcClientProtocolClient (GrpcClientProtocolClient.java:onNext(255)) - client-029E50227556->355864cd-7ac5-4934-b366-9756b15dd90f: receive RaftClientReply:client-029E50227556->355864cd-7ac5-4934-b366-9756b15dd90f@group-785BCF25C267, cid=1818, SUCCESS, logIndex=0, commits[355864cd-7ac5-4934-b366-9756b15dd90f:c2642, ce4aa411-63c8-4399-99eb-27ce352844f3:c2638, 3eeffb0a-787e-48ec-a2f5-d0c540a89489:c2638]
2019-08-21 15:29:47,791 | INFO  | DNAudit | user=null | ip=null | op=WRITE_CHUNK {blockData=conID: 2 locID: 102655681347453453 bcsId: 2640} | ret=SUCCESS |  
2019-08-21 15:29:47,793 | INFO  | DNAudit | user=null | ip=null | op=WRITE_CHUNK {blockData=conID: 2 locID: 102655681347453453 bcsId: 2640} | ret=SUCCESS |  
2019-08-21 15:29:47,793 | INFO  | DNAudit | user=null | ip=null | op=WRITE_CHUNK {blockData=conID: 2 locID: 102655681347453453 bcsId: 2640} | ret=SUCCESS |  
2019-08-21 15:29:47,795 | INFO  | DNAudit | user=null | ip=null | op=WRITE_CHUNK {blockData=conID: 2 locID: 102655681347453453 bcsId: 0} | ret=SUCCESS |  
2019-08-21 15:29:47,795 | INFO  | DNAudit | user=null | ip=null | op=WRITE_CHUNK {blockData=conID: 2 locID: 102655681347453453 bcsId: 0} | ret=SUCCESS |  
2019-08-21 15:29:47,795 | INFO  | DNAudit | user=null | ip=null | op=PUT_BLOCK {blockData=[blockId=conID: 2 locID: 102655681347453453 bcsId: 0,size=2097152]} | ret=SUCCESS |  
2019-08-21 15:29:47,795 | INFO  | DNAudit | user=null | ip=null | op=PUT_BLOCK {blockData=[blockId=conID: 2 locID: 102655681347453453 bcsId: 0,size=2097152]} | ret=SUCCESS |  
2019-08-21 15:29:47,807 | INFO  | DNAudit | user=null | ip=null | op=WRITE_CHUNK {blockData=conID: 2 locID: 102655681347453453 bcsId: 2640} | ret=SUCCESS |  
2019-08-21 15:29:47,807 | INFO  | DNAudit | user=null | ip=null | op=PUT_BLOCK {blockData=[blockId=conID: 2 locID: 102655681347453453 bcsId: 0,size=3145728]} | ret=SUCCESS |  
2019-08-21 15:29:47,807 [grpc-default-executor-4] INFO  client.GrpcClientProtocolClient (GrpcClientProtocolClient.java:onNext(255)) - client-029E50227556->355864cd-7ac5-4934-b366-9756b15dd90f: receive RaftClientReply:client-029E50227556->355864cd-7ac5-4934-b366-9756b15dd90f@group-785BCF25C267, cid=1819, SUCCESS, logIndex=2645, commits[355864cd-7ac5-4934-b366-9756b15dd90f:c2646, ce4aa411-63c8-4399-99eb-27ce352844f3:c2642, 3eeffb0a-787e-48ec-a2f5-d0c540a89489:c2642]
2019-08-21 15:29:47,808 [grpc-default-executor-4] INFO  client.GrpcClientProtocolClient (GrpcClientProtocolClient.java:onNext(255)) - client-029E50227556->355864cd-7ac5-4934-b366-9756b15dd90f: receive RaftClientReply:client-029E50227556->355864cd-7ac5-4934-b366-9756b15dd90f@group-785BCF25C267, cid=1820, SUCCESS, logIndex=2646, commits[355864cd-7ac5-4934-b366-9756b15dd90f:c2646, ce4aa411-63c8-4399-99eb-27ce352844f3:c2642, 3eeffb0a-787e-48ec-a2f5-d0c540a89489:c2642]
2019-08-21 15:29:47,814 | INFO  | DNAudit | user=null | ip=null | op=WRITE_CHUNK {blockData=conID: 2 locID: 102655681347453453 bcsId: 2646} | ret=SUCCESS |  
2019-08-21 15:29:47,816 | INFO  | DNAudit | user=null | ip=null | op=WRITE_CHUNK {blockData=conID: 2 locID: 102655681347453453 bcsId: 2646} | ret=SUCCESS |  
2019-08-21 15:29:47,816 | INFO  | DNAudit | user=null | ip=null | op=WRITE_CHUNK {blockData=conID: 2 locID: 102655681347453453 bcsId: 2646} | ret=SUCCESS |  
2019-08-21 15:29:47,819 | INFO  | DNAudit | user=null | ip=null | op=WRITE_CHUNK {blockData=conID: 2 locID: 102655681347453453 bcsId: 2640} | ret=SUCCESS |  
2019-08-21 15:29:47,819 | INFO  | DNAudit | user=null | ip=null | op=WRITE_CHUNK {blockData=conID: 2 locID: 102655681347453453 bcsId: 2640} | ret=SUCCESS |  
2019-08-21 15:29:47,829 | INFO  | DNAudit | user=null | ip=null | op=PUT_BLOCK {blockData=[blockId=conID: 2 locID: 102655681347453453 bcsId: 0,size=3145728]} | ret=SUCCESS |  
2019-08-21 15:29:47,829 | INFO  | DNAudit | user=null | ip=null | op=PUT_BLOCK {blockData=[blockId=conID: 2 locID: 102655681347453453 bcsId: 0,size=3145728]} | ret=SUCCESS |  
2019-08-21 15:29:47,829 | INFO  | DNAudit | user=null | ip=null | op=WRITE_CHUNK {blockData=conID: 2 locID: 102655681347453453 bcsId: 2646} | ret=SUCCESS |  
2019-08-21 15:29:47,830 | INFO  | DNAudit | user=null | ip=null | op=PUT_BLOCK {blockData=[blockId=conID: 2 locID: 102655681347453453 bcsId: 0,size=4194304]} | ret=SUCCESS |  
2019-08-21 15:29:47,830 [grpc-default-executor-4] INFO  client.GrpcClientProtocolClient (GrpcClientProtocolClient.java:onNext(255)) - client-029E50227556->355864cd-7ac5-4934-b366-9756b15dd90f: receive RaftClientReply:client-029E50227556->355864cd-7ac5-4934-b366-9756b15dd90f@group-785BCF25C267, cid=1821, SUCCESS, logIndex=2649, commits[355864cd-7ac5-4934-b366-9756b15dd90f:c2650, ce4aa411-63c8-4399-99eb-27ce352844f3:c2646, 3eeffb0a-787e-48ec-a2f5-d0c540a89489:c2646]
2019-08-21 15:29:47,830 [grpc-default-executor-4] INFO  client.GrpcClientProtocolClient (GrpcClientProtocolClient.java:onNext(255)) - client-029E50227556->355864cd-7ac5-4934-b366-9756b15dd90f: receive RaftClientReply:client-029E50227556->355864cd-7ac5-4934-b366-9756b15dd90f@group-785BCF25C267, cid=1822, SUCCESS, logIndex=2650, commits[355864cd-7ac5-4934-b366-9756b15dd90f:c2650, ce4aa411-63c8-4399-99eb-27ce352844f3:c2646, 3eeffb0a-787e-48ec-a2f5-d0c540a89489:c2646]
2019-08-21 15:29:47,841 | INFO  | DNAudit | user=null | ip=null | op=WRITE_CHUNK {blockData=conID: 2 locID: 102655681347453453 bcsId: 2646} | ret=SUCCESS |  
2019-08-21 15:29:47,841 | INFO  | DNAudit | user=null | ip=null | op=WRITE_CHUNK {blockData=conID: 2 locID: 102655681347453453 bcsId: 2646} | ret=SUCCESS |  
2019-08-21 15:29:47,842 | INFO  | DNAudit | user=null | ip=null | op=PUT_BLOCK {blockData=[blockId=conID: 2 locID: 102655681347453453 bcsId: 0,size=4194304]} | ret=SUCCESS |  
2019-08-21 15:29:47,842 [grpc-default-executor-4] INFO  client.GrpcClientProtocolClient (GrpcClientProtocolClient.java:onNext(255)) - client-029E50227556->355864cd-7ac5-4934-b366-9756b15dd90f: receive RaftClientReply:client-029E50227556->355864cd-7ac5-4934-b366-9756b15dd90f@group-785BCF25C267, cid=1823, SUCCESS, logIndex=0, commits[355864cd-7ac5-4934-b366-9756b15dd90f:c2650, ce4aa411-63c8-4399-99eb-27ce352844f3:c2650, 3eeffb0a-787e-48ec-a2f5-d0c540a89489:c2650]
2019-08-21 15:29:47,842 | INFO  | DNAudit | user=null | ip=null | op=PUT_BLOCK {blockData=[blockId=conID: 2 locID: 102655681347453453 bcsId: 0,size=4194304]} | ret=SUCCESS |  
2019-08-21 15:29:47,845 | INFO  | SCMAudit | user=jenkins1000 | ip=192.168.5.153 | op=ALLOCATE_BLOCK {owner=78849ec2-2b05-45d8-8cb5-e95e2230dbd1, size=4194304, type=RATIS, factor=THREE} | ret=SUCCESS |  
2019-08-21 15:29:47,847 | INFO  | OMAudit | user=jenkins1000 | ip=127.0.0.1 | op=ALLOCATE_BLOCK {volume=vol-0-32358, bucket=bucket-0-01949, key=key-0-56547, dataSize=0, replicationType=null, replicationFactor=null, keyLocationInfo=null, clientID=102655680532119954} | ret=SUCCESS |  
2019-08-21 15:29:47,854 | INFO  | DNAudit | user=null | ip=null | op=WRITE_CHUNK {blockData=conID: 3 locID: 102655681353810446 bcsId: 0} | ret=SUCCESS |  
2019-08-21 15:29:47,856 | INFO  | DNAudit | user=null | ip=null | op=WRITE_CHUNK {blockData=conID: 3 locID: 102655681353810446 bcsId: 0} | ret=SUCCESS |  
2019-08-21 15:29:47,856 | INFO  | DNAudit | user=null | ip=null | op=WRITE_CHUNK {blockData=conID: 3 locID: 102655681353810446 bcsId: 0} | ret=SUCCESS |  
2019-08-21 15:29:47,857 | INFO  | DNAudit | user=null | ip=null | op=WRITE_CHUNK {blockData=conID: 3 locID: 102655681353810446 bcsId: 0} | ret=SUCCESS |  
2019-08-21 15:29:47,858 | INFO  | DNAudit | user=null | ip=null | op=WRITE_CHUNK {blockData=conID: 3 locID: 102655681353810446 bcsId: 0} | ret=SUCCESS |  
2019-08-21 15:29:47,858 | INFO  | DNAudit | user=null | ip=null | op=WRITE_CHUNK {blockData=conID: 3 locID: 102655681353810446 bcsId: 0} | ret=SUCCESS |  
2019-08-21 15:29:47,867 | INFO  | DNAudit | user=null | ip=null | op=WRITE_CHUNK {blockData=conID: 3 locID: 102655681353810446 bcsId: 0} | ret=SUCCESS |  
2019-08-21 15:29:47,867 | INFO  | DNAudit | user=null | ip=null | op=PUT_BLOCK {blockData=[blockId=conID: 3 locID: 102655681353810446 bcsId: 0,size=1048576]} | ret=SUCCESS |  
2019-08-21 15:29:47,867 [grpc-default-executor-4] INFO  client.GrpcClientProtocolClient (GrpcClientProtocolClient.java:onNext(255)) - client-029E50227556->355864cd-7ac5-4934-b366-9756b15dd90f: receive RaftClientReply:client-029E50227556->355864cd-7ac5-4934-b366-9756b15dd90f@group-785BCF25C267, cid=1824, SUCCESS, logIndex=2653, commits[355864cd-7ac5-4934-b366-9756b15dd90f:c2655, ce4aa411-63c8-4399-99eb-27ce352844f3:c2652, 3eeffb0a-787e-48ec-a2f5-d0c540a89489:c2652]
2019-08-21 15:29:47,868 | INFO  | DNAudit | user=null | ip=null | op=WRITE_CHUNK {blockData=conID: 3 locID: 102655681353810446 bcsId: 0} | ret=SUCCESS |  
2019-08-21 15:29:47,868 [grpc-default-executor-4] INFO  client.GrpcClientProtocolClient (GrpcClientProtocolClient.java:onNext(255)) - client-029E50227556->355864cd-7ac5-4934-b366-9756b15dd90f: receive RaftClientReply:client-029E50227556->355864cd-7ac5-4934-b366-9756b15dd90f@group-785BCF25C267, cid=1825, SUCCESS, logIndex=2654, commits[355864cd-7ac5-4934-b366-9756b15dd90f:c2656, ce4aa411-63c8-4399-99eb-27ce352844f3:c2652, 3eeffb0a-787e-48ec-a2f5-d0c540a89489:c2652]
2019-08-21 15:29:47,868 | INFO  | DNAudit | user=null | ip=null | op=WRITE_CHUNK {blockData=conID: 3 locID: 102655681353810446 bcsId: 0} | ret=SUCCESS |  
2019-08-21 15:29:47,868 | INFO  | DNAudit | user=null | ip=null | op=PUT_BLOCK {blockData=[blockId=conID: 3 locID: 102655681353810446 bcsId: 0,size=2097152]} | ret=SUCCESS |  
2019-08-21 15:29:47,868 | INFO  | DNAudit | user=null | ip=null | op=WRITE_CHUNK {blockData=conID: 3 locID: 102655681353810446 bcsId: 0} | ret=SUCCESS |  
2019-08-21 15:29:47,868 [grpc-default-executor-4] INFO  client.GrpcClientProtocolClient (GrpcClientProtocolClient.java:onNext(255)) - client-029E50227556->355864cd-7ac5-4934-b366-9756b15dd90f: receive RaftClientReply:client-029E50227556->355864cd-7ac5-4934-b366-9756b15dd90f@group-785BCF25C267, cid=1826, SUCCESS, logIndex=2655, commits[355864cd-7ac5-4934-b366-9756b15dd90f:c2656, ce4aa411-63c8-4399-99eb-27ce352844f3:c2652, 3eeffb0a-787e-48ec-a2f5-d0c540a89489:c2652]
2019-08-21 15:29:47,869 [grpc-default-executor-4] INFO  client.GrpcClientProtocolClient (GrpcClientProtocolClient.java:onNext(255)) - client-029E50227556->355864cd-7ac5-4934-b366-9756b15dd90f: receive RaftClientReply:client-029E50227556->355864cd-7ac5-4934-b366-9756b15dd90f@group-785BCF25C267, cid=1827, SUCCESS, logIndex=2656, commits[355864cd-7ac5-4934-b366-9756b15dd90f:c2657, ce4aa411-63c8-4399-99eb-27ce352844f3:c2653, 3eeffb0a-787e-48ec-a2f5-d0c540a89489:c2653]
2019-08-21 15:29:47,870 | INFO  | DNAudit | user=null | ip=null | op=PUT_BLOCK {blockData=[blockId=conID: 3 locID: 102655681353810446 bcsId: 0,size=1048576]} | ret=SUCCESS |  
2019-08-21 15:29:47,870 | INFO  | DNAudit | user=null | ip=null | op=PUT_BLOCK {blockData=[blockId=conID: 3 locID: 102655681353810446 bcsId: 0,size=1048576]} | ret=SUCCESS |  
2019-08-21 15:29:47,870 | INFO  | DNAudit | user=null | ip=null | op=WRITE_CHUNK {blockData=conID: 3 locID: 102655681353810446 bcsId: 0} | ret=SUCCESS |  
2019-08-21 15:29:47,870 | INFO  | DNAudit | user=null | ip=null | op=PUT_BLOCK {blockData=[blockId=conID: 3 locID: 102655681353810446 bcsId: 0,size=2097152]} | ret=SUCCESS |  
2019-08-21 15:29:47,870 | INFO  | DNAudit | user=null | ip=null | op=WRITE_CHUNK {blockData=conID: 3 locID: 102655681353810446 bcsId: 0} | ret=SUCCESS |  
2019-08-21 15:29:47,870 [grpc-default-executor-4] INFO  client.GrpcClientProtocolClient (GrpcClientProtocolClient.java:onNext(255)) - client-029E50227556->355864cd-7ac5-4934-b366-9756b15dd90f: receive RaftClientReply:client-029E50227556->355864cd-7ac5-4934-b366-9756b15dd90f@group-785BCF25C267, cid=1828, SUCCESS, logIndex=0, commits[355864cd-7ac5-4934-b366-9756b15dd90f:c2658, ce4aa411-63c8-4399-99eb-27ce352844f3:c2654, 3eeffb0a-787e-48ec-a2f5-d0c540a89489:c2654]
2019-08-21 15:29:47,870 | INFO  | DNAudit | user=null | ip=null | op=PUT_BLOCK {blockData=[blockId=conID: 3 locID: 102655681353810446 bcsId: 0,size=2097152]} | ret=SUCCESS |  
2019-08-21 15:29:47,876 | INFO  | DNAudit | user=null | ip=null | op=WRITE_CHUNK {blockData=conID: 3 locID: 102655681353810446 bcsId: 2656} | ret=SUCCESS |  
2019-08-21 15:29:47,878 | INFO  | DNAudit | user=null | ip=null | op=WRITE_CHUNK {blockData=conID: 3 locID: 102655681353810446 bcsId: 2656} | ret=SUCCESS |  
2019-08-21 15:29:47,878 | INFO  | DNAudit | user=null | ip=null | op=WRITE_CHUNK {blockData=conID: 3 locID: 102655681353810446 bcsId: 2656} | ret=SUCCESS |  
2019-08-21 15:29:47,888 | INFO  | DNAudit | user=null | ip=null | op=WRITE_CHUNK {blockData=conID: 3 locID: 102655681353810446 bcsId: 2656} | ret=SUCCESS |  
2019-08-21 15:29:47,889 | INFO  | DNAudit | user=null | ip=null | op=PUT_BLOCK {blockData=[blockId=conID: 3 locID: 102655681353810446 bcsId: 0,size=3145728]} | ret=SUCCESS |  
2019-08-21 15:29:47,889 [grpc-default-executor-4] INFO  client.GrpcClientProtocolClient (GrpcClientProtocolClient.java:onNext(255)) - client-029E50227556->355864cd-7ac5-4934-b366-9756b15dd90f: receive RaftClientReply:client-029E50227556->355864cd-7ac5-4934-b366-9756b15dd90f@group-785BCF25C267, cid=1829, SUCCESS, logIndex=2661, commits[355864cd-7ac5-4934-b366-9756b15dd90f:c2662, ce4aa411-63c8-4399-99eb-27ce352844f3:c2660, 3eeffb0a-787e-48ec-a2f5-d0c540a89489:c2660]
2019-08-21 15:29:47,889 [grpc-default-executor-4] INFO  client.GrpcClientProtocolClient (GrpcClientProtocolClient.java:onNext(255)) - client-029E50227556->355864cd-7ac5-4934-b366-9756b15dd90f: receive RaftClientReply:client-029E50227556->355864cd-7ac5-4934-b366-9756b15dd90f@group-785BCF25C267, cid=1830, SUCCESS, logIndex=2662, commits[355864cd-7ac5-4934-b366-9756b15dd90f:c2662, ce4aa411-63c8-4399-99eb-27ce352844f3:c2660, 3eeffb0a-787e-48ec-a2f5-d0c540a89489:c2660]
2019-08-21 15:29:47,895 | INFO  | DNAudit | user=null | ip=null | op=WRITE_CHUNK {blockData=conID: 3 locID: 102655681353810446 bcsId: 2662} | ret=SUCCESS |  
2019-08-21 15:29:47,897 | INFO  | DNAudit | user=null | ip=null | op=WRITE_CHUNK {blockData=conID: 3 locID: 102655681353810446 bcsId: 2662} | ret=SUCCESS |  
2019-08-21 15:29:47,897 | INFO  | DNAudit | user=null | ip=null | op=WRITE_CHUNK {blockData=conID: 3 locID: 102655681353810446 bcsId: 2662} | ret=SUCCESS |  
2019-08-21 15:29:47,898 | INFO  | DNAudit | user=null | ip=null | op=WRITE_CHUNK {blockData=conID: 3 locID: 102655681353810446 bcsId: 2656} | ret=SUCCESS |  
2019-08-21 15:29:47,898 | INFO  | DNAudit | user=null | ip=null | op=WRITE_CHUNK {blockData=conID: 3 locID: 102655681353810446 bcsId: 2656} | ret=SUCCESS |  
2019-08-21 15:29:47,901 | INFO  | DNAudit | user=null | ip=null | op=PUT_BLOCK {blockData=[blockId=conID: 3 locID: 102655681353810446 bcsId: 0,size=3145728]} | ret=SUCCESS |  
2019-08-21 15:29:47,901 | INFO  | DNAudit | user=null | ip=null | op=PUT_BLOCK {blockData=[blockId=conID: 3 locID: 102655681353810446 bcsId: 0,size=3145728]} | ret=SUCCESS |  
2019-08-21 15:29:47,901 | INFO  | DNAudit | user=null | ip=null | op=WRITE_CHUNK {blockData=conID: 3 locID: 102655681353810446 bcsId: 2662} | ret=SUCCESS |  
2019-08-21 15:29:47,902 | INFO  | DNAudit | user=null | ip=null | op=PUT_BLOCK {blockData=[blockId=conID: 3 locID: 102655681353810446 bcsId: 0,size=4194304]} | ret=SUCCESS |  
2019-08-21 15:29:47,902 [grpc-default-executor-4] INFO  client.GrpcClientProtocolClient (GrpcClientProtocolClient.java:onNext(255)) - client-029E50227556->355864cd-7ac5-4934-b366-9756b15dd90f: receive RaftClientReply:client-029E50227556->355864cd-7ac5-4934-b366-9756b15dd90f@group-785BCF25C267, cid=1831, SUCCESS, logIndex=2665, commits[355864cd-7ac5-4934-b366-9756b15dd90f:c2666, ce4aa411-63c8-4399-99eb-27ce352844f3:c2662, 3eeffb0a-787e-48ec-a2f5-d0c540a89489:c2662]
2019-08-21 15:29:47,902 [grpc-default-executor-4] INFO  client.GrpcClientProtocolClient (GrpcClientProtocolClient.java:onNext(255)) - client-029E50227556->355864cd-7ac5-4934-b366-9756b15dd90f: receive RaftClientReply:client-029E50227556->355864cd-7ac5-4934-b366-9756b15dd90f@group-785BCF25C267, cid=1832, SUCCESS, logIndex=2666, commits[355864cd-7ac5-4934-b366-9756b15dd90f:c2666, ce4aa411-63c8-4399-99eb-27ce352844f3:c2662, 3eeffb0a-787e-48ec-a2f5-d0c540a89489:c2662]
2019-08-21 15:29:47,912 | INFO  | DNAudit | user=null | ip=null | op=WRITE_CHUNK {blockData=conID: 3 locID: 102655681353810446 bcsId: 2662} | ret=SUCCESS |  
2019-08-21 15:29:47,912 | INFO  | DNAudit | user=null | ip=null | op=PUT_BLOCK {blockData=[blockId=conID: 3 locID: 102655681353810446 bcsId: 0,size=4194304]} | ret=SUCCESS |  
2019-08-21 15:29:47,912 | INFO  | DNAudit | user=null | ip=null | op=WRITE_CHUNK {blockData=conID: 3 locID: 102655681353810446 bcsId: 2662} | ret=SUCCESS |  
2019-08-21 15:29:47,912 | INFO  | DNAudit | user=null | ip=null | op=PUT_BLOCK {blockData=[blockId=conID: 3 locID: 102655681353810446 bcsId: 0,size=4194304]} | ret=SUCCESS |  
2019-08-21 15:29:47,913 [grpc-default-executor-4] INFO  client.GrpcClientProtocolClient (GrpcClientProtocolClient.java:onNext(255)) - client-029E50227556->355864cd-7ac5-4934-b366-9756b15dd90f: receive RaftClientReply:client-029E50227556->355864cd-7ac5-4934-b366-9756b15dd90f@group-785BCF25C267, cid=1833, SUCCESS, logIndex=0, commits[355864cd-7ac5-4934-b366-9756b15dd90f:c2667, ce4aa411-63c8-4399-99eb-27ce352844f3:c2666, 3eeffb0a-787e-48ec-a2f5-d0c540a89489:c2666]
2019-08-21 15:29:47,917 | INFO  | SCMAudit | user=jenkins1000 | ip=192.168.5.153 | op=ALLOCATE_BLOCK {owner=78849ec2-2b05-45d8-8cb5-e95e2230dbd1, size=4194304, type=RATIS, factor=THREE} | ret=SUCCESS |  
2019-08-21 15:29:47,919 | INFO  | OMAudit | user=jenkins1000 | ip=127.0.0.1 | op=ALLOCATE_BLOCK {volume=vol-0-32358, bucket=bucket-0-01949, key=key-0-56547, dataSize=0, replicationType=null, replicationFactor=null, keyLocationInfo=null, clientID=102655680532119954} | ret=SUCCESS |  
2019-08-21 15:29:47,925 | INFO  | DNAudit | user=null | ip=null | op=WRITE_CHUNK {blockData=conID: 1 locID: 102655681358529039 bcsId: 0} | ret=SUCCESS |  
2019-08-21 15:29:47,927 | INFO  | DNAudit | user=null | ip=null | op=WRITE_CHUNK {blockData=conID: 1 locID: 102655681358529039 bcsId: 0} | ret=SUCCESS |  
2019-08-21 15:29:47,927 | INFO  | DNAudit | user=null | ip=null | op=WRITE_CHUNK {blockData=conID: 1 locID: 102655681358529039 bcsId: 0} | ret=SUCCESS |  
2019-08-21 15:29:47,928 | INFO  | DNAudit | user=null | ip=null | op=WRITE_CHUNK {blockData=conID: 1 locID: 102655681358529039 bcsId: 0} | ret=SUCCESS |  
2019-08-21 15:29:47,929 | INFO  | DNAudit | user=null | ip=null | op=WRITE_CHUNK {blockData=conID: 1 locID: 102655681358529039 bcsId: 0} | ret=SUCCESS |  
2019-08-21 15:29:47,929 | INFO  | DNAudit | user=null | ip=null | op=WRITE_CHUNK {blockData=conID: 1 locID: 102655681358529039 bcsId: 0} | ret=SUCCESS |  
2019-08-21 15:29:47,936 | INFO  | DNAudit | user=null | ip=null | op=WRITE_CHUNK {blockData=conID: 1 locID: 102655681358529039 bcsId: 0} | ret=SUCCESS |  
2019-08-21 15:29:47,936 | INFO  | DNAudit | user=null | ip=null | op=PUT_BLOCK {blockData=[blockId=conID: 1 locID: 102655681358529039 bcsId: 0,size=1048576]} | ret=SUCCESS |  
2019-08-21 15:29:47,936 [grpc-default-executor-5] INFO  client.GrpcClientProtocolClient (GrpcClientProtocolClient.java:onNext(255)) - client-029E50227556->355864cd-7ac5-4934-b366-9756b15dd90f: receive RaftClientReply:client-029E50227556->355864cd-7ac5-4934-b366-9756b15dd90f@group-785BCF25C267, cid=1834, SUCCESS, logIndex=2669, commits[355864cd-7ac5-4934-b366-9756b15dd90f:c2670, ce4aa411-63c8-4399-99eb-27ce352844f3:c2668, 3eeffb0a-787e-48ec-a2f5-d0c540a89489:c2668]
2019-08-21 15:29:47,936 | INFO  | DNAudit | user=null | ip=null | op=WRITE_CHUNK {blockData=conID: 1 locID: 102655681358529039 bcsId: 0} | ret=SUCCESS |  
2019-08-21 15:29:47,937 [grpc-default-executor-5] INFO  client.GrpcClientProtocolClient (GrpcClientProtocolClient.java:onNext(255)) - client-029E50227556->355864cd-7ac5-4934-b366-9756b15dd90f: receive RaftClientReply:client-029E50227556->355864cd-7ac5-4934-b366-9756b15dd90f@group-785BCF25C267, cid=1835, SUCCESS, logIndex=2670, commits[355864cd-7ac5-4934-b366-9756b15dd90f:c2672, ce4aa411-63c8-4399-99eb-27ce352844f3:c2668, 3eeffb0a-787e-48ec-a2f5-d0c540a89489:c2668]
2019-08-21 15:29:47,937 | INFO  | DNAudit | user=null | ip=null | op=PUT_BLOCK {blockData=[blockId=conID: 1 locID: 102655681358529039 bcsId: 0,size=2097152]} | ret=SUCCESS |  
2019-08-21 15:29:47,937 [grpc-default-executor-5] INFO  client.GrpcClientProtocolClient (GrpcClientProtocolClient.java:onNext(255)) - client-029E50227556->355864cd-7ac5-4934-b366-9756b15dd90f: receive RaftClientReply:client-029E50227556->355864cd-7ac5-4934-b366-9756b15dd90f@group-785BCF25C267, cid=1836, SUCCESS, logIndex=2671, commits[355864cd-7ac5-4934-b366-9756b15dd90f:c2672, ce4aa411-63c8-4399-99eb-27ce352844f3:c2668, 3eeffb0a-787e-48ec-a2f5-d0c540a89489:c2668]
2019-08-21 15:29:47,937 [grpc-default-executor-4] INFO  client.GrpcClientProtocolClient (GrpcClientProtocolClient.java:onNext(255)) - client-029E50227556->355864cd-7ac5-4934-b366-9756b15dd90f: receive RaftClientReply:client-029E50227556->355864cd-7ac5-4934-b366-9756b15dd90f@group-785BCF25C267, cid=1837, SUCCESS, logIndex=2672, commits[355864cd-7ac5-4934-b366-9756b15dd90f:c2672, ce4aa411-63c8-4399-99eb-27ce352844f3:c2668, 3eeffb0a-787e-48ec-a2f5-d0c540a89489:c2668]
2019-08-21 15:29:47,938 | INFO  | DNAudit | user=null | ip=null | op=WRITE_CHUNK {blockData=conID: 1 locID: 102655681358529039 bcsId: 0} | ret=SUCCESS |  
2019-08-21 15:29:47,939 | INFO  | DNAudit | user=null | ip=null | op=WRITE_CHUNK {blockData=conID: 1 locID: 102655681358529039 bcsId: 0} | ret=SUCCESS |  
2019-08-21 15:29:47,939 | INFO  | DNAudit | user=null | ip=null | op=PUT_BLOCK {blockData=[blockId=conID: 1 locID: 102655681358529039 bcsId: 0,size=1048576]} | ret=SUCCESS |  
2019-08-21 15:29:47,939 | INFO  | DNAudit | user=null | ip=null | op=WRITE_CHUNK {blockData=conID: 1 locID: 102655681358529039 bcsId: 0} | ret=SUCCESS |  
2019-08-21 15:29:47,939 | INFO  | DNAudit | user=null | ip=null | op=PUT_BLOCK {blockData=[blockId=conID: 1 locID: 102655681358529039 bcsId: 0,size=2097152]} | ret=SUCCESS |  
2019-08-21 15:29:47,941 | INFO  | DNAudit | user=null | ip=null | op=PUT_BLOCK {blockData=[blockId=conID: 1 locID: 102655681358529039 bcsId: 0,size=1048576]} | ret=SUCCESS |  
2019-08-21 15:29:47,941 | INFO  | DNAudit | user=null | ip=null | op=WRITE_CHUNK {blockData=conID: 1 locID: 102655681358529039 bcsId: 0} | ret=SUCCESS |  
2019-08-21 15:29:47,941 | INFO  | DNAudit | user=null | ip=null | op=PUT_BLOCK {blockData=[blockId=conID: 1 locID: 102655681358529039 bcsId: 0,size=2097152]} | ret=SUCCESS |  
2019-08-21 15:29:47,941 [grpc-default-executor-4] INFO  client.GrpcClientProtocolClient (GrpcClientProtocolClient.java:onNext(255)) - client-029E50227556->355864cd-7ac5-4934-b366-9756b15dd90f: receive RaftClientReply:client-029E50227556->355864cd-7ac5-4934-b366-9756b15dd90f@group-785BCF25C267, cid=1838, SUCCESS, logIndex=0, commits[355864cd-7ac5-4934-b366-9756b15dd90f:c2675, ce4aa411-63c8-4399-99eb-27ce352844f3:c2670, 3eeffb0a-787e-48ec-a2f5-d0c540a89489:c2672]
2019-08-21 15:29:47,947 | INFO  | DNAudit | user=null | ip=null | op=WRITE_CHUNK {blockData=conID: 1 locID: 102655681358529039 bcsId: 2672} | ret=SUCCESS |  
2019-08-21 15:29:47,948 | INFO  | DNAudit | user=null | ip=null | op=WRITE_CHUNK {blockData=conID: 1 locID: 102655681358529039 bcsId: 2672} | ret=SUCCESS |  
2019-08-21 15:29:47,948 | INFO  | DNAudit | user=null | ip=null | op=WRITE_CHUNK {blockData=conID: 1 locID: 102655681358529039 bcsId: 2672} | ret=SUCCESS |  
2019-08-21 15:29:47,965 | INFO  | DNAudit | user=null | ip=null | op=WRITE_CHUNK {blockData=conID: 1 locID: 102655681358529039 bcsId: 2672} | ret=SUCCESS |  
2019-08-21 15:29:47,966 | INFO  | DNAudit | user=null | ip=null | op=PUT_BLOCK {blockData=[blockId=conID: 1 locID: 102655681358529039 bcsId: 0,size=3145728]} | ret=SUCCESS |  
2019-08-21 15:29:47,966 [grpc-default-executor-4] INFO  client.GrpcClientProtocolClient (GrpcClientProtocolClient.java:onNext(255)) - client-029E50227556->355864cd-7ac5-4934-b366-9756b15dd90f: receive RaftClientReply:client-029E50227556->355864cd-7ac5-4934-b366-9756b15dd90f@group-785BCF25C267, cid=1839, SUCCESS, logIndex=2676, commits[355864cd-7ac5-4934-b366-9756b15dd90f:c2677, ce4aa411-63c8-4399-99eb-27ce352844f3:c2675, 3eeffb0a-787e-48ec-a2f5-d0c540a89489:c2672]
2019-08-21 15:29:47,966 [grpc-default-executor-4] INFO  client.GrpcClientProtocolClient (GrpcClientProtocolClient.java:onNext(255)) - client-029E50227556->355864cd-7ac5-4934-b366-9756b15dd90f: receive RaftClientReply:client-029E50227556->355864cd-7ac5-4934-b366-9756b15dd90f@group-785BCF25C267, cid=1840, SUCCESS, logIndex=2677, commits[355864cd-7ac5-4934-b366-9756b15dd90f:c2677, ce4aa411-63c8-4399-99eb-27ce352844f3:c2675, 3eeffb0a-787e-48ec-a2f5-d0c540a89489:c2675]
2019-08-21 15:29:47,972 | INFO  | DNAudit | user=null | ip=null | op=WRITE_CHUNK {blockData=conID: 1 locID: 102655681358529039 bcsId: 2677} | ret=SUCCESS |  
2019-08-21 15:29:47,974 | INFO  | DNAudit | user=null | ip=null | op=WRITE_CHUNK {blockData=conID: 1 locID: 102655681358529039 bcsId: 2677} | ret=SUCCESS |  
2019-08-21 15:29:47,975 | INFO  | DNAudit | user=null | ip=null | op=WRITE_CHUNK {blockData=conID: 1 locID: 102655681358529039 bcsId: 2677} | ret=SUCCESS |  
2019-08-21 15:29:47,978 | INFO  | DNAudit | user=null | ip=null | op=WRITE_CHUNK {blockData=conID: 1 locID: 102655681358529039 bcsId: 2672} | ret=SUCCESS |  
2019-08-21 15:29:47,979 | INFO  | DNAudit | user=null | ip=null | op=PUT_BLOCK {blockData=[blockId=conID: 1 locID: 102655681358529039 bcsId: 0,size=3145728]} | ret=SUCCESS |  
2019-08-21 15:29:47,979 | INFO  | DNAudit | user=null | ip=null | op=WRITE_CHUNK {blockData=conID: 1 locID: 102655681358529039 bcsId: 2672} | ret=SUCCESS |  
2019-08-21 15:29:47,979 | INFO  | DNAudit | user=null | ip=null | op=PUT_BLOCK {blockData=[blockId=conID: 1 locID: 102655681358529039 bcsId: 0,size=3145728]} | ret=SUCCESS |  
2019-08-21 15:29:47,981 | INFO  | DNAudit | user=null | ip=null | op=WRITE_CHUNK {blockData=conID: 1 locID: 102655681358529039 bcsId: 2677} | ret=SUCCESS |  
2019-08-21 15:29:47,982 | INFO  | DNAudit | user=null | ip=null | op=PUT_BLOCK {blockData=[blockId=conID: 1 locID: 102655681358529039 bcsId: 0,size=4194304]} | ret=SUCCESS |  
2019-08-21 15:29:47,982 [grpc-default-executor-3] INFO  client.GrpcClientProtocolClient (GrpcClientProtocolClient.java:onNext(255)) - client-029E50227556->355864cd-7ac5-4934-b366-9756b15dd90f: receive RaftClientReply:client-029E50227556->355864cd-7ac5-4934-b366-9756b15dd90f@group-785BCF25C267, cid=1841, SUCCESS, logIndex=2680, commits[355864cd-7ac5-4934-b366-9756b15dd90f:c2681, ce4aa411-63c8-4399-99eb-27ce352844f3:c2677, 3eeffb0a-787e-48ec-a2f5-d0c540a89489:c2677]
2019-08-21 15:29:47,982 [grpc-default-executor-3] INFO  client.GrpcClientProtocolClient (GrpcClientProtocolClient.java:onNext(255)) - client-029E50227556->355864cd-7ac5-4934-b366-9756b15dd90f: receive RaftClientReply:client-029E50227556->355864cd-7ac5-4934-b366-9756b15dd90f@group-785BCF25C267, cid=1842, SUCCESS, logIndex=2681, commits[355864cd-7ac5-4934-b366-9756b15dd90f:c2681, ce4aa411-63c8-4399-99eb-27ce352844f3:c2677, 3eeffb0a-787e-48ec-a2f5-d0c540a89489:c2677]
2019-08-21 15:29:47,993 | INFO  | DNAudit | user=null | ip=null | op=WRITE_CHUNK {blockData=conID: 1 locID: 102655681358529039 bcsId: 2677} | ret=SUCCESS |  
2019-08-21 15:29:47,993 | INFO  | DNAudit | user=null | ip=null | op=WRITE_CHUNK {blockData=conID: 1 locID: 102655681358529039 bcsId: 2677} | ret=SUCCESS |  
2019-08-21 15:29:47,993 | INFO  | DNAudit | user=null | ip=null | op=PUT_BLOCK {blockData=[blockId=conID: 1 locID: 102655681358529039 bcsId: 0,size=4194304]} | ret=SUCCESS |  
2019-08-21 15:29:47,993 [grpc-default-executor-3] INFO  client.GrpcClientProtocolClient (GrpcClientProtocolClient.java:onNext(255)) - client-029E50227556->355864cd-7ac5-4934-b366-9756b15dd90f: receive RaftClientReply:client-029E50227556->355864cd-7ac5-4934-b366-9756b15dd90f@group-785BCF25C267, cid=1843, SUCCESS, logIndex=0, commits[355864cd-7ac5-4934-b366-9756b15dd90f:c2682, ce4aa411-63c8-4399-99eb-27ce352844f3:c2681, 3eeffb0a-787e-48ec-a2f5-d0c540a89489:c2681]
2019-08-21 15:29:47,993 | INFO  | DNAudit | user=null | ip=null | op=PUT_BLOCK {blockData=[blockId=conID: 1 locID: 102655681358529039 bcsId: 0,size=4194304]} | ret=SUCCESS |  
2019-08-21 15:29:47,997 | INFO  | SCMAudit | user=jenkins1000 | ip=192.168.5.153 | op=ALLOCATE_BLOCK {owner=78849ec2-2b05-45d8-8cb5-e95e2230dbd1, size=4194304, type=RATIS, factor=THREE} | ret=SUCCESS |  
2019-08-21 15:29:47,999 | INFO  | OMAudit | user=jenkins1000 | ip=127.0.0.1 | op=ALLOCATE_BLOCK {volume=vol-0-32358, bucket=bucket-0-01949, key=key-0-56547, dataSize=0, replicationType=null, replicationFactor=null, keyLocationInfo=null, clientID=102655680532119954} | ret=SUCCESS |  
2019-08-21 15:29:48,004 | INFO  | DNAudit | user=null | ip=null | op=WRITE_CHUNK {blockData=conID: 2 locID: 102655681363771920 bcsId: 0} | ret=SUCCESS |  
2019-08-21 15:29:48,006 | INFO  | DNAudit | user=null | ip=null | op=WRITE_CHUNK {blockData=conID: 2 locID: 102655681363771920 bcsId: 0} | ret=SUCCESS |  
2019-08-21 15:29:48,006 | INFO  | DNAudit | user=null | ip=null | op=WRITE_CHUNK {blockData=conID: 2 locID: 102655681363771920 bcsId: 0} | ret=SUCCESS |  
2019-08-21 15:29:48,007 | INFO  | DNAudit | user=null | ip=null | op=WRITE_CHUNK {blockData=conID: 2 locID: 102655681363771920 bcsId: 0} | ret=SUCCESS |  
2019-08-21 15:29:48,008 | INFO  | DNAudit | user=null | ip=null | op=WRITE_CHUNK {blockData=conID: 2 locID: 102655681363771920 bcsId: 0} | ret=SUCCESS |  
2019-08-21 15:29:48,008 | INFO  | DNAudit | user=null | ip=null | op=WRITE_CHUNK {blockData=conID: 2 locID: 102655681363771920 bcsId: 0} | ret=SUCCESS |  
2019-08-21 15:29:48,018 | INFO  | DNAudit | user=null | ip=null | op=WRITE_CHUNK {blockData=conID: 2 locID: 102655681363771920 bcsId: 0} | ret=SUCCESS |  
2019-08-21 15:29:48,018 | INFO  | DNAudit | user=null | ip=null | op=PUT_BLOCK {blockData=[blockId=conID: 2 locID: 102655681363771920 bcsId: 0,size=1048576]} | ret=SUCCESS |  
2019-08-21 15:29:48,019 [grpc-default-executor-5] INFO  client.GrpcClientProtocolClient (GrpcClientProtocolClient.java:onNext(255)) - client-029E50227556->355864cd-7ac5-4934-b366-9756b15dd90f: receive RaftClientReply:client-029E50227556->355864cd-7ac5-4934-b366-9756b15dd90f@group-785BCF25C267, cid=1844, SUCCESS, logIndex=2683, commits[355864cd-7ac5-4934-b366-9756b15dd90f:c2685, ce4aa411-63c8-4399-99eb-27ce352844f3:c2682, 3eeffb0a-787e-48ec-a2f5-d0c540a89489:c2682]
2019-08-21 15:29:48,019 | INFO  | DNAudit | user=null | ip=null | op=WRITE_CHUNK {blockData=conID: 2 locID: 102655681363771920 bcsId: 0} | ret=SUCCESS |  
2019-08-21 15:29:48,019 [grpc-default-executor-5] INFO  client.GrpcClientProtocolClient (GrpcClientProtocolClient.java:onNext(255)) - client-029E50227556->355864cd-7ac5-4934-b366-9756b15dd90f: receive RaftClientReply:client-029E50227556->355864cd-7ac5-4934-b366-9756b15dd90f@group-785BCF25C267, cid=1845, SUCCESS, logIndex=2684, commits[355864cd-7ac5-4934-b366-9756b15dd90f:c2686, ce4aa411-63c8-4399-99eb-27ce352844f3:c2682, 3eeffb0a-787e-48ec-a2f5-d0c540a89489:c2682]
2019-08-21 15:29:48,019 | INFO  | DNAudit | user=null | ip=null | op=PUT_BLOCK {blockData=[blockId=conID: 2 locID: 102655681363771920 bcsId: 0,size=2097152]} | ret=SUCCESS |  
2019-08-21 15:29:48,019 [grpc-default-executor-5] INFO  client.GrpcClientProtocolClient (GrpcClientProtocolClient.java:onNext(255)) - client-029E50227556->355864cd-7ac5-4934-b366-9756b15dd90f: receive RaftClientReply:client-029E50227556->355864cd-7ac5-4934-b366-9756b15dd90f@group-785BCF25C267, cid=1846, SUCCESS, logIndex=2685, commits[355864cd-7ac5-4934-b366-9756b15dd90f:c2686, ce4aa411-63c8-4399-99eb-27ce352844f3:c2682, 3eeffb0a-787e-48ec-a2f5-d0c540a89489:c2682]
2019-08-21 15:29:48,020 [grpc-default-executor-5] INFO  client.GrpcClientProtocolClient (GrpcClientProtocolClient.java:onNext(255)) - client-029E50227556->355864cd-7ac5-4934-b366-9756b15dd90f: receive RaftClientReply:client-029E50227556->355864cd-7ac5-4934-b366-9756b15dd90f@group-785BCF25C267, cid=1847, SUCCESS, logIndex=2686, commits[355864cd-7ac5-4934-b366-9756b15dd90f:c2686, ce4aa411-63c8-4399-99eb-27ce352844f3:c2682, 3eeffb0a-787e-48ec-a2f5-d0c540a89489:c2682]
2019-08-21 15:29:48,029 | INFO  | DNAudit | user=null | ip=null | op=WRITE_CHUNK {blockData=conID: 2 locID: 102655681363771920 bcsId: 0} | ret=SUCCESS |  
2019-08-21 15:29:48,029 | INFO  | DNAudit | user=null | ip=null | op=WRITE_CHUNK {blockData=conID: 2 locID: 102655681363771920 bcsId: 0} | ret=SUCCESS |  
2019-08-21 15:29:48,039 | INFO  | DNAudit | user=null | ip=null | op=PUT_BLOCK {blockData=[blockId=conID: 2 locID: 102655681363771920 bcsId: 0,size=1048576]} | ret=SUCCESS |  
2019-08-21 15:29:48,039 | INFO  | DNAudit | user=null | ip=null | op=PUT_BLOCK {blockData=[blockId=conID: 2 locID: 102655681363771920 bcsId: 0,size=1048576]} | ret=SUCCESS |  
2019-08-21 15:29:48,039 | INFO  | DNAudit | user=null | ip=null | op=WRITE_CHUNK {blockData=conID: 2 locID: 102655681363771920 bcsId: 0} | ret=SUCCESS |  
2019-08-21 15:29:48,039 | INFO  | DNAudit | user=null | ip=null | op=WRITE_CHUNK {blockData=conID: 2 locID: 102655681363771920 bcsId: 0} | ret=SUCCESS |  
2019-08-21 15:29:48,039 | INFO  | DNAudit | user=null | ip=null | op=PUT_BLOCK {blockData=[blockId=conID: 2 locID: 102655681363771920 bcsId: 0,size=2097152]} | ret=SUCCESS |  
2019-08-21 15:29:48,039 [grpc-default-executor-5] INFO  client.GrpcClientProtocolClient (GrpcClientProtocolClient.java:onNext(255)) - client-029E50227556->355864cd-7ac5-4934-b366-9756b15dd90f: receive RaftClientReply:client-029E50227556->355864cd-7ac5-4934-b366-9756b15dd90f@group-785BCF25C267, cid=1848, SUCCESS, logIndex=0, commits[355864cd-7ac5-4934-b366-9756b15dd90f:c2688, ce4aa411-63c8-4399-99eb-27ce352844f3:c2684, 3eeffb0a-787e-48ec-a2f5-d0c540a89489:c2684]
2019-08-21 15:29:48,039 | INFO  | DNAudit | user=null | ip=null | op=PUT_BLOCK {blockData=[blockId=conID: 2 locID: 102655681363771920 bcsId: 0,size=2097152]} | ret=SUCCESS |  
2019-08-21 15:29:48,044 | INFO  | DNAudit | user=null | ip=null | op=WRITE_CHUNK {blockData=conID: 2 locID: 102655681363771920 bcsId: 2686} | ret=SUCCESS |  
2019-08-21 15:29:48,047 | INFO  | SCMAudit | user=jenkins1000 | ip=192.168.5.153 | op=SEND_HEARTBEAT {datanodeUUID=a38cd7e0-d792-481c-a4c0-f4feaa89ec8f, command=[]} | ret=SUCCESS |  
2019-08-21 15:29:48,047 | INFO  | SCMAudit | user=jenkins1000 | ip=192.168.5.153 | op=SEND_HEARTBEAT {datanodeUUID=a0074e04-2715-4b16-a2b0-10b5043d27ae, command=[]} | ret=SUCCESS |  
2019-08-21 15:29:48,100 | INFO  | DNAudit | user=null | ip=null | op=WRITE_CHUNK {blockData=conID: 2 locID: 102655681363771920 bcsId: 2686} | ret=SUCCESS |  
2019-08-21 15:29:48,100 | INFO  | DNAudit | user=null | ip=null | op=WRITE_CHUNK {blockData=conID: 2 locID: 102655681363771920 bcsId: 2686} | ret=SUCCESS |  
2019-08-21 15:29:48,358 | INFO  | SCMAudit | user=jenkins1000 | ip=192.168.5.153 | op=SEND_HEARTBEAT {datanodeUUID=355864cd-7ac5-4934-b366-9756b15dd90f, command=[]} | ret=SUCCESS |  
2019-08-21 15:29:48,358 | INFO  | SCMAudit | user=jenkins1000 | ip=192.168.5.153 | op=SEND_HEARTBEAT {datanodeUUID=3eeffb0a-787e-48ec-a2f5-d0c540a89489, command=[]} | ret=SUCCESS |  
2019-08-21 15:29:48,359 | INFO  | SCMAudit | user=jenkins1000 | ip=192.168.5.153 | op=SEND_HEARTBEAT {datanodeUUID=ce4aa411-63c8-4399-99eb-27ce352844f3, command=[]} | ret=SUCCESS |  
 0.00% |█                                                                                                    |  0/1 Time: 0:00:132019-08-21 15:29:48,557 | INFO  | DNAudit | user=null | ip=null | op=WRITE_CHUNK {blockData=conID: 2 locID: 102655681363771920 bcsId: 2686} | ret=SUCCESS |  
2019-08-21 15:29:48,557 | INFO  | DNAudit | user=null | ip=null | op=WRITE_CHUNK {blockData=conID: 2 locID: 102655681363771920 bcsId: 2686} | ret=SUCCESS |  
2019-08-21 15:29:48,557 | INFO  | DNAudit | user=null | ip=null | op=WRITE_CHUNK {blockData=conID: 2 locID: 102655681363771920 bcsId: 2686} | ret=SUCCESS |  
2019-08-21 15:29:48,557 | INFO  | DNAudit | user=null | ip=null | op=PUT_BLOCK {blockData=[blockId=conID: 2 locID: 102655681363771920 bcsId: 0,size=3145728]} | ret=SUCCESS |  
2019-08-21 15:29:48,557 | INFO  | DNAudit | user=null | ip=null | op=PUT_BLOCK {blockData=[blockId=conID: 2 locID: 102655681363771920 bcsId: 0,size=3145728]} | ret=SUCCESS |  
2019-08-21 15:29:48,557 | INFO  | DNAudit | user=null | ip=null | op=PUT_BLOCK {blockData=[blockId=conID: 2 locID: 102655681363771920 bcsId: 0,size=3145728]} | ret=SUCCESS |  
2019-08-21 15:29:48,558 [grpc-default-executor-5] INFO  client.GrpcClientProtocolClient (GrpcClientProtocolClient.java:onNext(255)) - client-029E50227556->355864cd-7ac5-4934-b366-9756b15dd90f: receive RaftClientReply:client-029E50227556->355864cd-7ac5-4934-b366-9756b15dd90f@group-785BCF25C267, cid=1849, SUCCESS, logIndex=2691, commits[355864cd-7ac5-4934-b366-9756b15dd90f:c2694, ce4aa411-63c8-4399-99eb-27ce352844f3:c2692, 3eeffb0a-787e-48ec-a2f5-d0c540a89489:c2692]
2019-08-21 15:29:48,558 [grpc-default-executor-5] INFO  client.GrpcClientProtocolClient (GrpcClientProtocolClient.java:onNext(255)) - client-029E50227556->355864cd-7ac5-4934-b366-9756b15dd90f: receive RaftClientReply:client-029E50227556->355864cd-7ac5-4934-b366-9756b15dd90f@group-785BCF25C267, cid=1850, SUCCESS, logIndex=2692, commits[355864cd-7ac5-4934-b366-9756b15dd90f:c2694, ce4aa411-63c8-4399-99eb-27ce352844f3:c2692, 3eeffb0a-787e-48ec-a2f5-d0c540a89489:c2692]
2019-08-21 15:29:49,046 | INFO  | SCMAudit | user=jenkins1000 | ip=192.168.5.153 | op=SEND_HEARTBEAT {datanodeUUID=a38cd7e0-d792-481c-a4c0-f4feaa89ec8f, command=[]} | ret=SUCCESS |  
2019-08-21 15:29:49,046 | INFO  | SCMAudit | user=jenkins1000 | ip=192.168.5.153 | op=SEND_HEARTBEAT {datanodeUUID=a0074e04-2715-4b16-a2b0-10b5043d27ae, command=[]} | ret=SUCCESS |  
2019-08-21 15:29:49,135 | INFO  | DNAudit | user=null | ip=null | op=WRITE_CHUNK {blockData=conID: 2 locID: 102655681363771920 bcsId: 2692} | ret=SUCCESS |  
2019-08-21 15:29:49,135 | INFO  | DNAudit | user=null | ip=null | op=WRITE_CHUNK {blockData=conID: 2 locID: 102655681363771920 bcsId: 2692} | ret=SUCCESS |  
2019-08-21 15:29:49,135 | INFO  | DNAudit | user=null | ip=null | op=WRITE_CHUNK {blockData=conID: 2 locID: 102655681363771920 bcsId: 2692} | ret=SUCCESS |  
2019-08-21 15:29:49,148 | INFO  | DNAudit | user=null | ip=null | op=WRITE_CHUNK {blockData=conID: 2 locID: 102655681363771920 bcsId: 2692} | ret=SUCCESS |  
2019-08-21 15:29:49,148 | INFO  | DNAudit | user=null | ip=null | op=PUT_BLOCK {blockData=[blockId=conID: 2 locID: 102655681363771920 bcsId: 0,size=4194304]} | ret=SUCCESS |  
2019-08-21 15:29:49,148 [grpc-default-executor-4] INFO  client.GrpcClientProtocolClient (GrpcClientProtocolClient.java:onNext(255)) - client-029E50227556->355864cd-7ac5-4934-b366-9756b15dd90f: receive RaftClientReply:client-029E50227556->355864cd-7ac5-4934-b366-9756b15dd90f@group-785BCF25C267, cid=1851, SUCCESS, logIndex=2695, commits[355864cd-7ac5-4934-b366-9756b15dd90f:c2696, ce4aa411-63c8-4399-99eb-27ce352844f3:c2694, 3eeffb0a-787e-48ec-a2f5-d0c540a89489:c2694]
2019-08-21 15:29:49,149 [grpc-default-executor-4] INFO  client.GrpcClientProtocolClient (GrpcClientProtocolClient.java:onNext(255)) - client-029E50227556->355864cd-7ac5-4934-b366-9756b15dd90f: receive RaftClientReply:client-029E50227556->355864cd-7ac5-4934-b366-9756b15dd90f@group-785BCF25C267, cid=1852, SUCCESS, logIndex=2696, commits[355864cd-7ac5-4934-b366-9756b15dd90f:c2696, ce4aa411-63c8-4399-99eb-27ce352844f3:c2694, 3eeffb0a-787e-48ec-a2f5-d0c540a89489:c2694]
2019-08-21 15:29:49,160 | INFO  | DNAudit | user=null | ip=null | op=WRITE_CHUNK {blockData=conID: 2 locID: 102655681363771920 bcsId: 2692} | ret=SUCCESS |  
2019-08-21 15:29:49,160 | INFO  | DNAudit | user=null | ip=null | op=WRITE_CHUNK {blockData=conID: 2 locID: 102655681363771920 bcsId: 2692} | ret=SUCCESS |  
2019-08-21 15:29:49,160 | INFO  | DNAudit | user=null | ip=null | op=PUT_BLOCK {blockData=[blockId=conID: 2 locID: 102655681363771920 bcsId: 0,size=4194304]} | ret=SUCCESS |  
2019-08-21 15:29:49,160 [grpc-default-executor-5] INFO  client.GrpcClientProtocolClient (GrpcClientProtocolClient.java:onNext(255)) - client-029E50227556->355864cd-7ac5-4934-b366-9756b15dd90f: receive RaftClientReply:client-029E50227556->355864cd-7ac5-4934-b366-9756b15dd90f@group-785BCF25C267, cid=1853, SUCCESS, logIndex=0, commits[355864cd-7ac5-4934-b366-9756b15dd90f:c2696, ce4aa411-63c8-4399-99eb-27ce352844f3:c2696, 3eeffb0a-787e-48ec-a2f5-d0c540a89489:c2696]
2019-08-21 15:29:49,162 | INFO  | DNAudit | user=null | ip=null | op=PUT_BLOCK {blockData=[blockId=conID: 2 locID: 102655681363771920 bcsId: 0,size=4194304]} | ret=SUCCESS |  
2019-08-21 15:29:49,165 | INFO  | SCMAudit | user=jenkins1000 | ip=192.168.5.153 | op=ALLOCATE_BLOCK {owner=78849ec2-2b05-45d8-8cb5-e95e2230dbd1, size=4194304, type=RATIS, factor=THREE} | ret=SUCCESS |  
2019-08-21 15:29:49,167 | INFO  | OMAudit | user=jenkins1000 | ip=127.0.0.1 | op=ALLOCATE_BLOCK {volume=vol-0-32358, bucket=bucket-0-01949, key=key-0-56547, dataSize=0, replicationType=null, replicationFactor=null, keyLocationInfo=null, clientID=102655680532119954} | ret=SUCCESS |  
2019-08-21 15:29:49,172 | INFO  | DNAudit | user=null | ip=null | op=WRITE_CHUNK {blockData=conID: 3 locID: 102655681440317969 bcsId: 0} | ret=SUCCESS |  
2019-08-21 15:29:49,174 | INFO  | DNAudit | user=null | ip=null | op=WRITE_CHUNK {blockData=conID: 3 locID: 102655681440317969 bcsId: 0} | ret=SUCCESS |  
2019-08-21 15:29:49,174 | INFO  | DNAudit | user=null | ip=null | op=WRITE_CHUNK {blockData=conID: 3 locID: 102655681440317969 bcsId: 0} | ret=SUCCESS |  
2019-08-21 15:29:49,175 | INFO  | DNAudit | user=null | ip=null | op=WRITE_CHUNK {blockData=conID: 3 locID: 102655681440317969 bcsId: 0} | ret=SUCCESS |  
2019-08-21 15:29:49,176 | INFO  | DNAudit | user=null | ip=null | op=WRITE_CHUNK {blockData=conID: 3 locID: 102655681440317969 bcsId: 0} | ret=SUCCESS |  
2019-08-21 15:29:49,176 | INFO  | DNAudit | user=null | ip=null | op=WRITE_CHUNK {blockData=conID: 3 locID: 102655681440317969 bcsId: 0} | ret=SUCCESS |  
2019-08-21 15:29:49,196 | INFO  | DNAudit | user=null | ip=null | op=WRITE_CHUNK {blockData=conID: 3 locID: 102655681440317969 bcsId: 0} | ret=SUCCESS |  
2019-08-21 15:29:49,196 | INFO  | DNAudit | user=null | ip=null | op=PUT_BLOCK {blockData=[blockId=conID: 3 locID: 102655681440317969 bcsId: 0,size=1048576]} | ret=SUCCESS |  
2019-08-21 15:29:49,197 [grpc-default-executor-2] INFO  client.GrpcClientProtocolClient (GrpcClientProtocolClient.java:onNext(255)) - client-029E50227556->355864cd-7ac5-4934-b366-9756b15dd90f: receive RaftClientReply:client-029E50227556->355864cd-7ac5-4934-b366-9756b15dd90f@group-785BCF25C267, cid=1854, SUCCESS, logIndex=2699, commits[355864cd-7ac5-4934-b366-9756b15dd90f:c2702, ce4aa411-63c8-4399-99eb-27ce352844f3:c2698, 3eeffb0a-787e-48ec-a2f5-d0c540a89489:c2698]
2019-08-21 15:29:49,197 | INFO  | DNAudit | user=null | ip=null | op=WRITE_CHUNK {blockData=conID: 3 locID: 102655681440317969 bcsId: 0} | ret=SUCCESS |  
2019-08-21 15:29:49,197 | INFO  | DNAudit | user=null | ip=null | op=WRITE_CHUNK {blockData=conID: 3 locID: 102655681440317969 bcsId: 0} | ret=SUCCESS |  
2019-08-21 15:29:49,197 [grpc-default-executor-2] INFO  client.GrpcClientProtocolClient (GrpcClientProtocolClient.java:onNext(255)) - client-029E50227556->355864cd-7ac5-4934-b366-9756b15dd90f: receive RaftClientReply:client-029E50227556->355864cd-7ac5-4934-b366-9756b15dd90f@group-785BCF25C267, cid=1855, SUCCESS, logIndex=2700, commits[355864cd-7ac5-4934-b366-9756b15dd90f:c2702, ce4aa411-63c8-4399-99eb-27ce352844f3:c2698, 3eeffb0a-787e-48ec-a2f5-d0c540a89489:c2698]
2019-08-21 15:29:49,198 | INFO  | DNAudit | user=null | ip=null | op=PUT_BLOCK {blockData=[blockId=conID: 3 locID: 102655681440317969 bcsId: 0,size=2097152]} | ret=SUCCESS |  
2019-08-21 15:29:49,198 [grpc-default-executor-2] INFO  client.GrpcClientProtocolClient (GrpcClientProtocolClient.java:onNext(255)) - client-029E50227556->355864cd-7ac5-4934-b366-9756b15dd90f: receive RaftClientReply:client-029E50227556->355864cd-7ac5-4934-b366-9756b15dd90f@group-785BCF25C267, cid=1856, SUCCESS, logIndex=2701, commits[355864cd-7ac5-4934-b366-9756b15dd90f:c2703, ce4aa411-63c8-4399-99eb-27ce352844f3:c2698, 3eeffb0a-787e-48ec-a2f5-d0c540a89489:c2699]
2019-08-21 15:29:49,198 [grpc-default-executor-2] INFO  client.GrpcClientProtocolClient (GrpcClientProtocolClient.java:onNext(255)) - client-029E50227556->355864cd-7ac5-4934-b366-9756b15dd90f: receive RaftClientReply:client-029E50227556->355864cd-7ac5-4934-b366-9756b15dd90f@group-785BCF25C267, cid=1857, SUCCESS, logIndex=2702, commits[355864cd-7ac5-4934-b366-9756b15dd90f:c2703, ce4aa411-63c8-4399-99eb-27ce352844f3:c2698, 3eeffb0a-787e-48ec-a2f5-d0c540a89489:c2699]
2019-08-21 15:29:49,206 | INFO  | DNAudit | user=null | ip=null | op=WRITE_CHUNK {blockData=conID: 3 locID: 102655681440317969 bcsId: 0} | ret=SUCCESS |  
2019-08-21 15:29:49,207 | INFO  | DNAudit | user=null | ip=null | op=PUT_BLOCK {blockData=[blockId=conID: 3 locID: 102655681440317969 bcsId: 0,size=1048576]} | ret=SUCCESS |  
2019-08-21 15:29:49,217 | INFO  | DNAudit | user=null | ip=null | op=PUT_BLOCK {blockData=[blockId=conID: 3 locID: 102655681440317969 bcsId: 0,size=1048576]} | ret=SUCCESS |  
2019-08-21 15:29:49,217 | INFO  | DNAudit | user=null | ip=null | op=WRITE_CHUNK {blockData=conID: 3 locID: 102655681440317969 bcsId: 0} | ret=SUCCESS |  
2019-08-21 15:29:49,218 | INFO  | DNAudit | user=null | ip=null | op=WRITE_CHUNK {blockData=conID: 3 locID: 102655681440317969 bcsId: 0} | ret=SUCCESS |  
2019-08-21 15:29:49,218 | INFO  | DNAudit | user=null | ip=null | op=PUT_BLOCK {blockData=[blockId=conID: 3 locID: 102655681440317969 bcsId: 0,size=2097152]} | ret=SUCCESS |  
2019-08-21 15:29:49,218 [grpc-default-executor-3] INFO  client.GrpcClientProtocolClient (GrpcClientProtocolClient.java:onNext(255)) - client-029E50227556->355864cd-7ac5-4934-b366-9756b15dd90f: receive RaftClientReply:client-029E50227556->355864cd-7ac5-4934-b366-9756b15dd90f@group-785BCF25C267, cid=1858, SUCCESS, logIndex=0, commits[355864cd-7ac5-4934-b366-9756b15dd90f:c2704, ce4aa411-63c8-4399-99eb-27ce352844f3:c2700, 3eeffb0a-787e-48ec-a2f5-d0c540a89489:c2700]
2019-08-21 15:29:49,218 | INFO  | DNAudit | user=null | ip=null | op=PUT_BLOCK {blockData=[blockId=conID: 3 locID: 102655681440317969 bcsId: 0,size=2097152]} | ret=SUCCESS |  
2019-08-21 15:29:49,225 | INFO  | DNAudit | user=null | ip=null | op=WRITE_CHUNK {blockData=conID: 3 locID: 102655681440317969 bcsId: 2702} | ret=SUCCESS |  
2019-08-21 15:29:49,226 | INFO  | DNAudit | user=null | ip=null | op=WRITE_CHUNK {blockData=conID: 3 locID: 102655681440317969 bcsId: 2702} | ret=SUCCESS |  
2019-08-21 15:29:49,226 | INFO  | DNAudit | user=null | ip=null | op=WRITE_CHUNK {blockData=conID: 3 locID: 102655681440317969 bcsId: 2702} | ret=SUCCESS |  
2019-08-21 15:29:49,237 | INFO  | DNAudit | user=null | ip=null | op=WRITE_CHUNK {blockData=conID: 3 locID: 102655681440317969 bcsId: 2702} | ret=SUCCESS |  
2019-08-21 15:29:49,237 | INFO  | DNAudit | user=null | ip=null | op=PUT_BLOCK {blockData=[blockId=conID: 3 locID: 102655681440317969 bcsId: 0,size=3145728]} | ret=SUCCESS |  
2019-08-21 15:29:49,237 [grpc-default-executor-2] INFO  client.GrpcClientProtocolClient (GrpcClientProtocolClient.java:onNext(255)) - client-029E50227556->355864cd-7ac5-4934-b366-9756b15dd90f: receive RaftClientReply:client-029E50227556->355864cd-7ac5-4934-b366-9756b15dd90f@group-785BCF25C267, cid=1859, SUCCESS, logIndex=2707, commits[355864cd-7ac5-4934-b366-9756b15dd90f:c2708, ce4aa411-63c8-4399-99eb-27ce352844f3:c2706, 3eeffb0a-787e-48ec-a2f5-d0c540a89489:c2706]
2019-08-21 15:29:49,237 [grpc-default-executor-2] INFO  client.GrpcClientProtocolClient (GrpcClientProtocolClient.java:onNext(255)) - client-029E50227556->355864cd-7ac5-4934-b366-9756b15dd90f: receive RaftClientReply:client-029E50227556->355864cd-7ac5-4934-b366-9756b15dd90f@group-785BCF25C267, cid=1860, SUCCESS, logIndex=2708, commits[355864cd-7ac5-4934-b366-9756b15dd90f:c2708, ce4aa411-63c8-4399-99eb-27ce352844f3:c2706, 3eeffb0a-787e-48ec-a2f5-d0c540a89489:c2706]
2019-08-21 15:29:49,243 | INFO  | DNAudit | user=null | ip=null | op=WRITE_CHUNK {blockData=conID: 3 locID: 102655681440317969 bcsId: 2708} | ret=SUCCESS |  
2019-08-21 15:29:49,245 | INFO  | DNAudit | user=null | ip=null | op=WRITE_CHUNK {blockData=conID: 3 locID: 102655681440317969 bcsId: 2708} | ret=SUCCESS |  
2019-08-21 15:29:49,245 | INFO  | DNAudit | user=null | ip=null | op=WRITE_CHUNK {blockData=conID: 3 locID: 102655681440317969 bcsId: 2708} | ret=SUCCESS |  
2019-08-21 15:29:49,248 | INFO  | DNAudit | user=null | ip=null | op=WRITE_CHUNK {blockData=conID: 3 locID: 102655681440317969 bcsId: 2702} | ret=SUCCESS |  
2019-08-21 15:29:49,248 | INFO  | DNAudit | user=null | ip=null | op=WRITE_CHUNK {blockData=conID: 3 locID: 102655681440317969 bcsId: 2702} | ret=SUCCESS |  
2019-08-21 15:29:49,248 | INFO  | DNAudit | user=null | ip=null | op=PUT_BLOCK {blockData=[blockId=conID: 3 locID: 102655681440317969 bcsId: 0,size=3145728]} | ret=SUCCESS |  
2019-08-21 15:29:49,249 | INFO  | DNAudit | user=null | ip=null | op=PUT_BLOCK {blockData=[blockId=conID: 3 locID: 102655681440317969 bcsId: 0,size=3145728]} | ret=SUCCESS |  
2019-08-21 15:29:49,251 | INFO  | DNAudit | user=null | ip=null | op=WRITE_CHUNK {blockData=conID: 3 locID: 102655681440317969 bcsId: 2708} | ret=SUCCESS |  
2019-08-21 15:29:49,252 | INFO  | DNAudit | user=null | ip=null | op=PUT_BLOCK {blockData=[blockId=conID: 3 locID: 102655681440317969 bcsId: 0,size=4194304]} | ret=SUCCESS |  
2019-08-21 15:29:49,252 [grpc-default-executor-2] INFO  client.GrpcClientProtocolClient (GrpcClientProtocolClient.java:onNext(255)) - client-029E50227556->355864cd-7ac5-4934-b366-9756b15dd90f: receive RaftClientReply:client-029E50227556->355864cd-7ac5-4934-b366-9756b15dd90f@group-785BCF25C267, cid=1861, SUCCESS, logIndex=2711, commits[355864cd-7ac5-4934-b366-9756b15dd90f:c2712, ce4aa411-63c8-4399-99eb-27ce352844f3:c2708, 3eeffb0a-787e-48ec-a2f5-d0c540a89489:c2708]
2019-08-21 15:29:49,252 [grpc-default-executor-2] INFO  client.GrpcClientProtocolClient (GrpcClientProtocolClient.java:onNext(255)) - client-029E50227556->355864cd-7ac5-4934-b366-9756b15dd90f: receive RaftClientReply:client-029E50227556->355864cd-7ac5-4934-b366-9756b15dd90f@group-785BCF25C267, cid=1862, SUCCESS, logIndex=2712, commits[355864cd-7ac5-4934-b366-9756b15dd90f:c2712, ce4aa411-63c8-4399-99eb-27ce352844f3:c2708, 3eeffb0a-787e-48ec-a2f5-d0c540a89489:c2708]
2019-08-21 15:29:49,263 | INFO  | DNAudit | user=null | ip=null | op=WRITE_CHUNK {blockData=conID: 3 locID: 102655681440317969 bcsId: 2708} | ret=SUCCESS |  
2019-08-21 15:29:49,263 | INFO  | DNAudit | user=null | ip=null | op=WRITE_CHUNK {blockData=conID: 3 locID: 102655681440317969 bcsId: 2708} | ret=SUCCESS |  
2019-08-21 15:29:49,266 | INFO  | DNAudit | user=null | ip=null | op=PUT_BLOCK {blockData=[blockId=conID: 3 locID: 102655681440317969 bcsId: 0,size=4194304]} | ret=SUCCESS |  
2019-08-21 15:29:49,266 | INFO  | DNAudit | user=null | ip=null | op=PUT_BLOCK {blockData=[blockId=conID: 3 locID: 102655681440317969 bcsId: 0,size=4194304]} | ret=SUCCESS |  
2019-08-21 15:29:49,266 [grpc-default-executor-5] INFO  client.GrpcClientProtocolClient (GrpcClientProtocolClient.java:onNext(255)) - client-029E50227556->355864cd-7ac5-4934-b366-9756b15dd90f: receive RaftClientReply:client-029E50227556->355864cd-7ac5-4934-b366-9756b15dd90f@group-785BCF25C267, cid=1863, SUCCESS, logIndex=0, commits[355864cd-7ac5-4934-b366-9756b15dd90f:c2714, ce4aa411-63c8-4399-99eb-27ce352844f3:c2712, 3eeffb0a-787e-48ec-a2f5-d0c540a89489:c2712]
2019-08-21 15:29:49,271 | INFO  | SCMAudit | user=jenkins1000 | ip=192.168.5.153 | op=ALLOCATE_BLOCK {owner=78849ec2-2b05-45d8-8cb5-e95e2230dbd1, size=4194304, type=RATIS, factor=THREE} | ret=SUCCESS |  
2019-08-21 15:29:49,273 | INFO  | OMAudit | user=jenkins1000 | ip=127.0.0.1 | op=ALLOCATE_BLOCK {volume=vol-0-32358, bucket=bucket-0-01949, key=key-0-56547, dataSize=0, replicationType=null, replicationFactor=null, keyLocationInfo=null, clientID=102655680532119954} | ret=SUCCESS |  
2019-08-21 15:29:49,280 | INFO  | DNAudit | user=null | ip=null | op=WRITE_CHUNK {blockData=conID: 1 locID: 102655681447264786 bcsId: 0} | ret=SUCCESS |  
2019-08-21 15:29:49,281 | INFO  | DNAudit | user=null | ip=null | op=WRITE_CHUNK {blockData=conID: 1 locID: 102655681447264786 bcsId: 0} | ret=SUCCESS |  
2019-08-21 15:29:49,283 | INFO  | DNAudit | user=null | ip=null | op=WRITE_CHUNK {blockData=conID: 1 locID: 102655681447264786 bcsId: 0} | ret=SUCCESS |  
2019-08-21 15:29:49,283 | INFO  | DNAudit | user=null | ip=null | op=WRITE_CHUNK {blockData=conID: 1 locID: 102655681447264786 bcsId: 0} | ret=SUCCESS |  
2019-08-21 15:29:49,284 | INFO  | DNAudit | user=null | ip=null | op=WRITE_CHUNK {blockData=conID: 1 locID: 102655681447264786 bcsId: 0} | ret=SUCCESS |  
2019-08-21 15:29:49,284 | INFO  | DNAudit | user=null | ip=null | op=WRITE_CHUNK {blockData=conID: 1 locID: 102655681447264786 bcsId: 0} | ret=SUCCESS |  
2019-08-21 15:29:49,292 | INFO  | DNAudit | user=null | ip=null | op=WRITE_CHUNK {blockData=conID: 1 locID: 102655681447264786 bcsId: 0} | ret=SUCCESS |  
2019-08-21 15:29:49,293 | INFO  | DNAudit | user=null | ip=null | op=PUT_BLOCK {blockData=[blockId=conID: 1 locID: 102655681447264786 bcsId: 0,size=1048576]} | ret=SUCCESS |  
2019-08-21 15:29:49,293 [grpc-default-executor-5] INFO  client.GrpcClientProtocolClient (GrpcClientProtocolClient.java:onNext(255)) - client-029E50227556->355864cd-7ac5-4934-b366-9756b15dd90f: receive RaftClientReply:client-029E50227556->355864cd-7ac5-4934-b366-9756b15dd90f@group-785BCF25C267, cid=1864, SUCCESS, logIndex=2715, commits[355864cd-7ac5-4934-b366-9756b15dd90f:c2717, ce4aa411-63c8-4399-99eb-27ce352844f3:c2714, 3eeffb0a-787e-48ec-a2f5-d0c540a89489:c2714]
2019-08-21 15:29:49,293 | INFO  | DNAudit | user=null | ip=null | op=WRITE_CHUNK {blockData=conID: 1 locID: 102655681447264786 bcsId: 0} | ret=SUCCESS |  
2019-08-21 15:29:49,293 | INFO  | DNAudit | user=null | ip=null | op=WRITE_CHUNK {blockData=conID: 1 locID: 102655681447264786 bcsId: 0} | ret=SUCCESS |  
2019-08-21 15:29:49,293 [grpc-default-executor-5] INFO  client.GrpcClientProtocolClient (GrpcClientProtocolClient.java:onNext(255)) - client-029E50227556->355864cd-7ac5-4934-b366-9756b15dd90f: receive RaftClientReply:client-029E50227556->355864cd-7ac5-4934-b366-9756b15dd90f@group-785BCF25C267, cid=1865, SUCCESS, logIndex=2716, commits[355864cd-7ac5-4934-b366-9756b15dd90f:c2718, ce4aa411-63c8-4399-99eb-27ce352844f3:c2714, 3eeffb0a-787e-48ec-a2f5-d0c540a89489:c2714]
2019-08-21 15:29:49,293 | INFO  | DNAudit | user=null | ip=null | op=PUT_BLOCK {blockData=[blockId=conID: 1 locID: 102655681447264786 bcsId: 0,size=2097152]} | ret=SUCCESS |  
2019-08-21 15:29:49,294 [grpc-default-executor-5] INFO  client.GrpcClientProtocolClient (GrpcClientProtocolClient.java:onNext(255)) - client-029E50227556->355864cd-7ac5-4934-b366-9756b15dd90f: receive RaftClientReply:client-029E50227556->355864cd-7ac5-4934-b366-9756b15dd90f@group-785BCF25C267, cid=1866, SUCCESS, logIndex=2717, commits[355864cd-7ac5-4934-b366-9756b15dd90f:c2718, ce4aa411-63c8-4399-99eb-27ce352844f3:c2714, 3eeffb0a-787e-48ec-a2f5-d0c540a89489:c2714]
2019-08-21 15:29:49,294 [grpc-default-executor-5] INFO  client.GrpcClientProtocolClient (GrpcClientProtocolClient.java:onNext(255)) - client-029E50227556->355864cd-7ac5-4934-b366-9756b15dd90f: receive RaftClientReply:client-029E50227556->355864cd-7ac5-4934-b366-9756b15dd90f@group-785BCF25C267, cid=1867, SUCCESS, logIndex=2718, commits[355864cd-7ac5-4934-b366-9756b15dd90f:c2719, ce4aa411-63c8-4399-99eb-27ce352844f3:c2714, 3eeffb0a-787e-48ec-a2f5-d0c540a89489:c2715]
2019-08-21 15:29:49,294 | INFO  | DNAudit | user=null | ip=null | op=PUT_BLOCK {blockData=[blockId=conID: 1 locID: 102655681447264786 bcsId: 0,size=1048576]} | ret=SUCCESS |  
2019-08-21 15:29:49,295 | INFO  | DNAudit | user=null | ip=null | op=WRITE_CHUNK {blockData=conID: 1 locID: 102655681447264786 bcsId: 0} | ret=SUCCESS |  
2019-08-21 15:29:49,295 | INFO  | DNAudit | user=null | ip=null | op=WRITE_CHUNK {blockData=conID: 1 locID: 102655681447264786 bcsId: 0} | ret=SUCCESS |  
2019-08-21 15:29:49,295 | INFO  | DNAudit | user=null | ip=null | op=PUT_BLOCK {blockData=[blockId=conID: 1 locID: 102655681447264786 bcsId: 0,size=1048576]} | ret=SUCCESS |  
2019-08-21 15:29:49,295 | INFO  | DNAudit | user=null | ip=null | op=PUT_BLOCK {blockData=[blockId=conID: 1 locID: 102655681447264786 bcsId: 0,size=2097152]} | ret=SUCCESS |  
2019-08-21 15:29:49,295 | INFO  | DNAudit | user=null | ip=null | op=WRITE_CHUNK {blockData=conID: 1 locID: 102655681447264786 bcsId: 0} | ret=SUCCESS |  
2019-08-21 15:29:49,295 [grpc-default-executor-4] INFO  client.GrpcClientProtocolClient (GrpcClientProtocolClient.java:onNext(255)) - client-029E50227556->355864cd-7ac5-4934-b366-9756b15dd90f: receive RaftClientReply:client-029E50227556->355864cd-7ac5-4934-b366-9756b15dd90f@group-785BCF25C267, cid=1868, SUCCESS, logIndex=0, commits[355864cd-7ac5-4934-b366-9756b15dd90f:c2721, ce4aa411-63c8-4399-99eb-27ce352844f3:c2717, 3eeffb0a-787e-48ec-a2f5-d0c540a89489:c2717]
2019-08-21 15:29:49,296 | INFO  | DNAudit | user=null | ip=null | op=PUT_BLOCK {blockData=[blockId=conID: 1 locID: 102655681447264786 bcsId: 0,size=2097152]} | ret=SUCCESS |  
2019-08-21 15:29:49,302 | INFO  | DNAudit | user=null | ip=null | op=WRITE_CHUNK {blockData=conID: 1 locID: 102655681447264786 bcsId: 2718} | ret=SUCCESS |  
2019-08-21 15:29:49,304 | INFO  | DNAudit | user=null | ip=null | op=WRITE_CHUNK {blockData=conID: 1 locID: 102655681447264786 bcsId: 2718} | ret=SUCCESS |  
2019-08-21 15:29:49,304 | INFO  | DNAudit | user=null | ip=null | op=WRITE_CHUNK {blockData=conID: 1 locID: 102655681447264786 bcsId: 2718} | ret=SUCCESS |  
2019-08-21 15:29:49,315 | INFO  | DNAudit | user=null | ip=null | op=WRITE_CHUNK {blockData=conID: 1 locID: 102655681447264786 bcsId: 2718} | ret=SUCCESS |  
2019-08-21 15:29:49,315 | INFO  | DNAudit | user=null | ip=null | op=PUT_BLOCK {blockData=[blockId=conID: 1 locID: 102655681447264786 bcsId: 0,size=3145728]} | ret=SUCCESS |  
2019-08-21 15:29:49,316 [grpc-default-executor-2] INFO  client.GrpcClientProtocolClient (GrpcClientProtocolClient.java:onNext(255)) - client-029E50227556->355864cd-7ac5-4934-b366-9756b15dd90f: receive RaftClientReply:client-029E50227556->355864cd-7ac5-4934-b366-9756b15dd90f@group-785BCF25C267, cid=1869, SUCCESS, logIndex=2723, commits[355864cd-7ac5-4934-b366-9756b15dd90f:c2724, ce4aa411-63c8-4399-99eb-27ce352844f3:c2722, 3eeffb0a-787e-48ec-a2f5-d0c540a89489:c2722]
2019-08-21 15:29:49,316 [grpc-default-executor-2] INFO  client.GrpcClientProtocolClient (GrpcClientProtocolClient.java:onNext(255)) - client-029E50227556->355864cd-7ac5-4934-b366-9756b15dd90f: receive RaftClientReply:client-029E50227556->355864cd-7ac5-4934-b366-9756b15dd90f@group-785BCF25C267, cid=1870, SUCCESS, logIndex=2724, commits[355864cd-7ac5-4934-b366-9756b15dd90f:c2724, ce4aa411-63c8-4399-99eb-27ce352844f3:c2722, 3eeffb0a-787e-48ec-a2f5-d0c540a89489:c2722]
2019-08-21 15:29:49,322 | INFO  | DNAudit | user=null | ip=null | op=WRITE_CHUNK {blockData=conID: 1 locID: 102655681447264786 bcsId: 2724} | ret=SUCCESS |  
2019-08-21 15:29:49,324 | INFO  | DNAudit | user=null | ip=null | op=WRITE_CHUNK {blockData=conID: 1 locID: 102655681447264786 bcsId: 2724} | ret=SUCCESS |  
2019-08-21 15:29:49,325 | INFO  | DNAudit | user=null | ip=null | op=WRITE_CHUNK {blockData=conID: 1 locID: 102655681447264786 bcsId: 2724} | ret=SUCCESS |  
2019-08-21 15:29:49,326 | INFO  | DNAudit | user=null | ip=null | op=WRITE_CHUNK {blockData=conID: 1 locID: 102655681447264786 bcsId: 2718} | ret=SUCCESS |  
2019-08-21 15:29:49,326 | INFO  | DNAudit | user=null | ip=null | op=WRITE_CHUNK {blockData=conID: 1 locID: 102655681447264786 bcsId: 2718} | ret=SUCCESS |  
2019-08-21 15:29:49,327 | INFO  | DNAudit | user=null | ip=null | op=PUT_BLOCK {blockData=[blockId=conID: 1 locID: 102655681447264786 bcsId: 0,size=3145728]} | ret=SUCCESS |  
2019-08-21 15:29:49,328 | INFO  | DNAudit | user=null | ip=null | op=WRITE_CHUNK {blockData=conID: 1 locID: 102655681447264786 bcsId: 2724} | ret=SUCCESS |  
2019-08-21 15:29:49,328 | INFO  | DNAudit | user=null | ip=null | op=PUT_BLOCK {blockData=[blockId=conID: 1 locID: 102655681447264786 bcsId: 0,size=3145728]} | ret=SUCCESS |  
2019-08-21 15:29:49,328 | INFO  | DNAudit | user=null | ip=null | op=PUT_BLOCK {blockData=[blockId=conID: 1 locID: 102655681447264786 bcsId: 0,size=4194304]} | ret=SUCCESS |  
2019-08-21 15:29:49,328 [grpc-default-executor-4] INFO  client.GrpcClientProtocolClient (GrpcClientProtocolClient.java:onNext(255)) - client-029E50227556->355864cd-7ac5-4934-b366-9756b15dd90f: receive RaftClientReply:client-029E50227556->355864cd-7ac5-4934-b366-9756b15dd90f@group-785BCF25C267, cid=1871, SUCCESS, logIndex=2727, commits[355864cd-7ac5-4934-b366-9756b15dd90f:c2728, ce4aa411-63c8-4399-99eb-27ce352844f3:c2724, 3eeffb0a-787e-48ec-a2f5-d0c540a89489:c2724]
2019-08-21 15:29:49,329 [grpc-default-executor-4] INFO  client.GrpcClientProtocolClient (GrpcClientProtocolClient.java:onNext(255)) - client-029E50227556->355864cd-7ac5-4934-b366-9756b15dd90f: receive RaftClientReply:client-029E50227556->355864cd-7ac5-4934-b366-9756b15dd90f@group-785BCF25C267, cid=1872, SUCCESS, logIndex=2728, commits[355864cd-7ac5-4934-b366-9756b15dd90f:c2728, ce4aa411-63c8-4399-99eb-27ce352844f3:c2724, 3eeffb0a-787e-48ec-a2f5-d0c540a89489:c2724]
2019-08-21 15:29:49,329 | INFO  | DNAudit | user=null | ip=null | op=WRITE_CHUNK {blockData=conID: 1 locID: 102655681447264786 bcsId: 2724} | ret=SUCCESS |  
2019-08-21 15:29:49,329 | INFO  | DNAudit | user=null | ip=null | op=WRITE_CHUNK {blockData=conID: 1 locID: 102655681447264786 bcsId: 2724} | ret=SUCCESS |  
2019-08-21 15:29:49,329 | INFO  | DNAudit | user=null | ip=null | op=PUT_BLOCK {blockData=[blockId=conID: 1 locID: 102655681447264786 bcsId: 0,size=4194304]} | ret=SUCCESS |  
2019-08-21 15:29:49,329 | INFO  | DNAudit | user=null | ip=null | op=PUT_BLOCK {blockData=[blockId=conID: 1 locID: 102655681447264786 bcsId: 0,size=4194304]} | ret=SUCCESS |  
2019-08-21 15:29:49,330 [grpc-default-executor-4] INFO  client.GrpcClientProtocolClient (GrpcClientProtocolClient.java:onNext(255)) - client-029E50227556->355864cd-7ac5-4934-b366-9756b15dd90f: receive RaftClientReply:client-029E50227556->355864cd-7ac5-4934-b366-9756b15dd90f@group-785BCF25C267, cid=1873, SUCCESS, logIndex=0, commits[355864cd-7ac5-4934-b366-9756b15dd90f:c2730, ce4aa411-63c8-4399-99eb-27ce352844f3:c2728, 3eeffb0a-787e-48ec-a2f5-d0c540a89489:c2728]
2019-08-21 15:29:49,333 | INFO  | SCMAudit | user=jenkins1000 | ip=192.168.5.153 | op=ALLOCATE_BLOCK {owner=78849ec2-2b05-45d8-8cb5-e95e2230dbd1, size=4194304, type=RATIS, factor=THREE} | ret=SUCCESS |  
2019-08-21 15:29:49,335 | INFO  | OMAudit | user=jenkins1000 | ip=127.0.0.1 | op=ALLOCATE_BLOCK {volume=vol-0-32358, bucket=bucket-0-01949, key=key-0-56547, dataSize=0, replicationType=null, replicationFactor=null, keyLocationInfo=null, clientID=102655680532119954} | ret=SUCCESS |  
2019-08-21 15:29:49,342 | INFO  | DNAudit | user=null | ip=null | op=WRITE_CHUNK {blockData=conID: 2 locID: 102655681451328019 bcsId: 0} | ret=SUCCESS |  
2019-08-21 15:29:49,344 | INFO  | DNAudit | user=null | ip=null | op=WRITE_CHUNK {blockData=conID: 2 locID: 102655681451328019 bcsId: 0} | ret=SUCCESS |  
2019-08-21 15:29:49,345 | INFO  | DNAudit | user=null | ip=null | op=WRITE_CHUNK {blockData=conID: 2 locID: 102655681451328019 bcsId: 0} | ret=SUCCESS |  
2019-08-21 15:29:49,345 | INFO  | DNAudit | user=null | ip=null | op=WRITE_CHUNK {blockData=conID: 2 locID: 102655681451328019 bcsId: 0} | ret=SUCCESS |  
2019-08-21 15:29:49,347 | INFO  | DNAudit | user=null | ip=null | op=WRITE_CHUNK {blockData=conID: 2 locID: 102655681451328019 bcsId: 0} | ret=SUCCESS |  
2019-08-21 15:29:49,347 | INFO  | DNAudit | user=null | ip=null | op=WRITE_CHUNK {blockData=conID: 2 locID: 102655681451328019 bcsId: 0} | ret=SUCCESS |  
2019-08-21 15:29:49,353 | INFO  | DNAudit | user=null | ip=null | op=WRITE_CHUNK {blockData=conID: 2 locID: 102655681451328019 bcsId: 0} | ret=SUCCESS |  
2019-08-21 15:29:49,354 | INFO  | DNAudit | user=null | ip=null | op=PUT_BLOCK {blockData=[blockId=conID: 2 locID: 102655681451328019 bcsId: 0,size=1048576]} | ret=SUCCESS |  
2019-08-21 15:29:49,354 [grpc-default-executor-4] INFO  client.GrpcClientProtocolClient (GrpcClientProtocolClient.java:onNext(255)) - client-029E50227556->355864cd-7ac5-4934-b366-9756b15dd90f: receive RaftClientReply:client-029E50227556->355864cd-7ac5-4934-b366-9756b15dd90f@group-785BCF25C267, cid=1874, SUCCESS, logIndex=2731, commits[355864cd-7ac5-4934-b366-9756b15dd90f:c2732, ce4aa411-63c8-4399-99eb-27ce352844f3:c2730, 3eeffb0a-787e-48ec-a2f5-d0c540a89489:c2730]
2019-08-21 15:29:49,354 | INFO  | DNAudit | user=null | ip=null | op=WRITE_CHUNK {blockData=conID: 2 locID: 102655681451328019 bcsId: 0} | ret=SUCCESS |  
2019-08-21 15:29:49,354 [grpc-default-executor-4] INFO  client.GrpcClientProtocolClient (GrpcClientProtocolClient.java:onNext(255)) - client-029E50227556->355864cd-7ac5-4934-b366-9756b15dd90f: receive RaftClientReply:client-029E50227556->355864cd-7ac5-4934-b366-9756b15dd90f@group-785BCF25C267, cid=1875, SUCCESS, logIndex=2732, commits[355864cd-7ac5-4934-b366-9756b15dd90f:c2732, ce4aa411-63c8-4399-99eb-27ce352844f3:c2730, 3eeffb0a-787e-48ec-a2f5-d0c540a89489:c2730]
2019-08-21 15:29:49,355 | INFO  | DNAudit | user=null | ip=null | op=PUT_BLOCK {blockData=[blockId=conID: 2 locID: 102655681451328019 bcsId: 0,size=2097152]} | ret=SUCCESS |  
2019-08-21 15:29:49,355 [grpc-default-executor-4] INFO  client.GrpcClientProtocolClient (GrpcClientProtocolClient.java:onNext(255)) - client-029E50227556->355864cd-7ac5-4934-b366-9756b15dd90f: receive RaftClientReply:client-029E50227556->355864cd-7ac5-4934-b366-9756b15dd90f@group-785BCF25C267, cid=1876, SUCCESS, logIndex=2733, commits[355864cd-7ac5-4934-b366-9756b15dd90f:c2734, ce4aa411-63c8-4399-99eb-27ce352844f3:c2730, 3eeffb0a-787e-48ec-a2f5-d0c540a89489:c2730]
2019-08-21 15:29:49,355 [grpc-default-executor-4] INFO  client.GrpcClientProtocolClient (GrpcClientProtocolClient.java:onNext(255)) - client-029E50227556->355864cd-7ac5-4934-b366-9756b15dd90f: receive RaftClientReply:client-029E50227556->355864cd-7ac5-4934-b366-9756b15dd90f@group-785BCF25C267, cid=1877, SUCCESS, logIndex=2734, commits[355864cd-7ac5-4934-b366-9756b15dd90f:c2734, ce4aa411-63c8-4399-99eb-27ce352844f3:c2730, 3eeffb0a-787e-48ec-a2f5-d0c540a89489:c2730]
2019-08-21 15:29:49,358 | INFO  | SCMAudit | user=jenkins1000 | ip=192.168.5.153 | op=SEND_HEARTBEAT {datanodeUUID=355864cd-7ac5-4934-b366-9756b15dd90f, command=[]} | ret=SUCCESS |  
2019-08-21 15:29:49,358 | INFO  | SCMAudit | user=jenkins1000 | ip=192.168.5.153 | op=SEND_HEARTBEAT {datanodeUUID=3eeffb0a-787e-48ec-a2f5-d0c540a89489, command=[]} | ret=SUCCESS |  
2019-08-21 15:29:49,359 | INFO  | SCMAudit | user=jenkins1000 | ip=192.168.5.153 | op=SEND_HEARTBEAT {datanodeUUID=ce4aa411-63c8-4399-99eb-27ce352844f3, command=[]} | ret=SUCCESS |  
 0.00% |█                                                                                                    |  0/1 Time: 0:00:142019-08-21 15:29:49,373 | INFO  | DNAudit | user=null | ip=null | op=WRITE_CHUNK {blockData=conID: 2 locID: 102655681451328019 bcsId: 0} | ret=SUCCESS |  
2019-08-21 15:29:49,373 | INFO  | DNAudit | user=null | ip=null | op=WRITE_CHUNK {blockData=conID: 2 locID: 102655681451328019 bcsId: 0} | ret=SUCCESS |  
2019-08-21 15:29:49,373 | INFO  | DNAudit | user=null | ip=null | op=PUT_BLOCK {blockData=[blockId=conID: 2 locID: 102655681451328019 bcsId: 0,size=1048576]} | ret=SUCCESS |  
2019-08-21 15:29:49,373 | INFO  | DNAudit | user=null | ip=null | op=PUT_BLOCK {blockData=[blockId=conID: 2 locID: 102655681451328019 bcsId: 0,size=1048576]} | ret=SUCCESS |  
2019-08-21 15:29:49,373 | INFO  | DNAudit | user=null | ip=null | op=WRITE_CHUNK {blockData=conID: 2 locID: 102655681451328019 bcsId: 0} | ret=SUCCESS |  
2019-08-21 15:29:49,373 [grpc-default-executor-4] INFO  client.GrpcClientProtocolClient (GrpcClientProtocolClient.java:onNext(255)) - client-029E50227556->355864cd-7ac5-4934-b366-9756b15dd90f: receive RaftClientReply:client-029E50227556->355864cd-7ac5-4934-b366-9756b15dd90f@group-785BCF25C267, cid=1878, SUCCESS, logIndex=0, commits[355864cd-7ac5-4934-b366-9756b15dd90f:c2736, ce4aa411-63c8-4399-99eb-27ce352844f3:c2732, 3eeffb0a-787e-48ec-a2f5-d0c540a89489:c2732]
2019-08-21 15:29:49,374 | INFO  | DNAudit | user=null | ip=null | op=PUT_BLOCK {blockData=[blockId=conID: 2 locID: 102655681451328019 bcsId: 0,size=2097152]} | ret=SUCCESS |  
2019-08-21 15:29:49,374 | INFO  | DNAudit | user=null | ip=null | op=WRITE_CHUNK {blockData=conID: 2 locID: 102655681451328019 bcsId: 0} | ret=SUCCESS |  
2019-08-21 15:29:49,374 | INFO  | DNAudit | user=null | ip=null | op=PUT_BLOCK {blockData=[blockId=conID: 2 locID: 102655681451328019 bcsId: 0,size=2097152]} | ret=SUCCESS |  
2019-08-21 15:29:49,379 | INFO  | DNAudit | user=null | ip=null | op=WRITE_CHUNK {blockData=conID: 2 locID: 102655681451328019 bcsId: 2734} | ret=SUCCESS |  
2019-08-21 15:29:49,380 | INFO  | DNAudit | user=null | ip=null | op=WRITE_CHUNK {blockData=conID: 2 locID: 102655681451328019 bcsId: 2734} | ret=SUCCESS |  
2019-08-21 15:29:49,381 | INFO  | DNAudit | user=null | ip=null | op=WRITE_CHUNK {blockData=conID: 2 locID: 102655681451328019 bcsId: 2734} | ret=SUCCESS |  
2019-08-21 15:29:49,390 | INFO  | DNAudit | user=null | ip=null | op=WRITE_CHUNK {blockData=conID: 2 locID: 102655681451328019 bcsId: 2734} | ret=SUCCESS |  
2019-08-21 15:29:49,391 | INFO  | DNAudit | user=null | ip=null | op=PUT_BLOCK {blockData=[blockId=conID: 2 locID: 102655681451328019 bcsId: 0,size=3145728]} | ret=SUCCESS |  
2019-08-21 15:29:49,391 [grpc-default-executor-2] INFO  client.GrpcClientProtocolClient (GrpcClientProtocolClient.java:onNext(255)) - client-029E50227556->355864cd-7ac5-4934-b366-9756b15dd90f: receive RaftClientReply:client-029E50227556->355864cd-7ac5-4934-b366-9756b15dd90f@group-785BCF25C267, cid=1879, SUCCESS, logIndex=2739, commits[355864cd-7ac5-4934-b366-9756b15dd90f:c2740, ce4aa411-63c8-4399-99eb-27ce352844f3:c2738, 3eeffb0a-787e-48ec-a2f5-d0c540a89489:c2738]
2019-08-21 15:29:49,391 [grpc-default-executor-2] INFO  client.GrpcClientProtocolClient (GrpcClientProtocolClient.java:onNext(255)) - client-029E50227556->355864cd-7ac5-4934-b366-9756b15dd90f: receive RaftClientReply:client-029E50227556->355864cd-7ac5-4934-b366-9756b15dd90f@group-785BCF25C267, cid=1880, SUCCESS, logIndex=2740, commits[355864cd-7ac5-4934-b366-9756b15dd90f:c2740, ce4aa411-63c8-4399-99eb-27ce352844f3:c2738, 3eeffb0a-787e-48ec-a2f5-d0c540a89489:c2738]
2019-08-21 15:29:49,397 | INFO  | DNAudit | user=null | ip=null | op=WRITE_CHUNK {blockData=conID: 2 locID: 102655681451328019 bcsId: 2740} | ret=SUCCESS |  
2019-08-21 15:29:49,398 | INFO  | DNAudit | user=null | ip=null | op=WRITE_CHUNK {blockData=conID: 2 locID: 102655681451328019 bcsId: 2740} | ret=SUCCESS |  
2019-08-21 15:29:49,398 | INFO  | DNAudit | user=null | ip=null | op=WRITE_CHUNK {blockData=conID: 2 locID: 102655681451328019 bcsId: 2740} | ret=SUCCESS |  
2019-08-21 15:29:49,400 | INFO  | DNAudit | user=null | ip=null | op=WRITE_CHUNK {blockData=conID: 2 locID: 102655681451328019 bcsId: 2734} | ret=SUCCESS |  
2019-08-21 15:29:49,400 | INFO  | DNAudit | user=null | ip=null | op=WRITE_CHUNK {blockData=conID: 2 locID: 102655681451328019 bcsId: 2734} | ret=SUCCESS |  
2019-08-21 15:29:49,410 | INFO  | DNAudit | user=null | ip=null | op=PUT_BLOCK {blockData=[blockId=conID: 2 locID: 102655681451328019 bcsId: 0,size=3145728]} | ret=SUCCESS |  
2019-08-21 15:29:49,410 | INFO  | DNAudit | user=null | ip=null | op=WRITE_CHUNK {blockData=conID: 2 locID: 102655681451328019 bcsId: 2740} | ret=SUCCESS |  
2019-08-21 15:29:49,410 | INFO  | DNAudit | user=null | ip=null | op=PUT_BLOCK {blockData=[blockId=conID: 2 locID: 102655681451328019 bcsId: 0,size=3145728]} | ret=SUCCESS |  
2019-08-21 15:29:49,411 | INFO  | DNAudit | user=null | ip=null | op=PUT_BLOCK {blockData=[blockId=conID: 2 locID: 102655681451328019 bcsId: 0,size=4194304]} | ret=SUCCESS |  
2019-08-21 15:29:49,411 [grpc-default-executor-5] INFO  client.GrpcClientProtocolClient (GrpcClientProtocolClient.java:onNext(255)) - client-029E50227556->355864cd-7ac5-4934-b366-9756b15dd90f: receive RaftClientReply:client-029E50227556->355864cd-7ac5-4934-b366-9756b15dd90f@group-785BCF25C267, cid=1881, SUCCESS, logIndex=2743, commits[355864cd-7ac5-4934-b366-9756b15dd90f:c2744, ce4aa411-63c8-4399-99eb-27ce352844f3:c2740, 3eeffb0a-787e-48ec-a2f5-d0c540a89489:c2740]
2019-08-21 15:29:49,411 [grpc-default-executor-5] INFO  client.GrpcClientProtocolClient (GrpcClientProtocolClient.java:onNext(255)) - client-029E50227556->355864cd-7ac5-4934-b366-9756b15dd90f: receive RaftClientReply:client-029E50227556->355864cd-7ac5-4934-b366-9756b15dd90f@group-785BCF25C267, cid=1882, SUCCESS, logIndex=2744, commits[355864cd-7ac5-4934-b366-9756b15dd90f:c2744, ce4aa411-63c8-4399-99eb-27ce352844f3:c2740, 3eeffb0a-787e-48ec-a2f5-d0c540a89489:c2740]
2019-08-21 15:29:49,412 | INFO  | DNAudit | user=null | ip=null | op=WRITE_CHUNK {blockData=conID: 2 locID: 102655681451328019 bcsId: 2740} | ret=SUCCESS |  
2019-08-21 15:29:49,412 | INFO  | DNAudit | user=null | ip=null | op=PUT_BLOCK {blockData=[blockId=conID: 2 locID: 102655681451328019 bcsId: 0,size=4194304]} | ret=SUCCESS |  
2019-08-21 15:29:49,412 | INFO  | DNAudit | user=null | ip=null | op=WRITE_CHUNK {blockData=conID: 2 locID: 102655681451328019 bcsId: 2740} | ret=SUCCESS |  
2019-08-21 15:29:49,412 | INFO  | DNAudit | user=null | ip=null | op=PUT_BLOCK {blockData=[blockId=conID: 2 locID: 102655681451328019 bcsId: 0,size=4194304]} | ret=SUCCESS |  
2019-08-21 15:29:49,412 [grpc-default-executor-5] INFO  client.GrpcClientProtocolClient (GrpcClientProtocolClient.java:onNext(255)) - client-029E50227556->355864cd-7ac5-4934-b366-9756b15dd90f: receive RaftClientReply:client-029E50227556->355864cd-7ac5-4934-b366-9756b15dd90f@group-785BCF25C267, cid=1883, SUCCESS, logIndex=0, commits[355864cd-7ac5-4934-b366-9756b15dd90f:c2745, ce4aa411-63c8-4399-99eb-27ce352844f3:c2744, 3eeffb0a-787e-48ec-a2f5-d0c540a89489:c2744]
2019-08-21 15:29:49,416 | INFO  | SCMAudit | user=jenkins1000 | ip=192.168.5.153 | op=ALLOCATE_BLOCK {owner=78849ec2-2b05-45d8-8cb5-e95e2230dbd1, size=4194304, type=RATIS, factor=THREE} | ret=SUCCESS |  
2019-08-21 15:29:49,418 | INFO  | OMAudit | user=jenkins1000 | ip=127.0.0.1 | op=ALLOCATE_BLOCK {volume=vol-0-32358, bucket=bucket-0-01949, key=key-0-56547, dataSize=0, replicationType=null, replicationFactor=null, keyLocationInfo=null, clientID=102655680532119954} | ret=SUCCESS |  
2019-08-21 15:29:49,423 | INFO  | DNAudit | user=null | ip=null | op=WRITE_CHUNK {blockData=conID: 3 locID: 102655681456767508 bcsId: 0} | ret=SUCCESS |  
2019-08-21 15:29:49,426 | INFO  | DNAudit | user=null | ip=null | op=WRITE_CHUNK {blockData=conID: 3 locID: 102655681456767508 bcsId: 0} | ret=SUCCESS |  
2019-08-21 15:29:49,426 | INFO  | DNAudit | user=null | ip=null | op=WRITE_CHUNK {blockData=conID: 3 locID: 102655681456767508 bcsId: 0} | ret=SUCCESS |  
2019-08-21 15:29:49,426 | INFO  | DNAudit | user=null | ip=null | op=WRITE_CHUNK {blockData=conID: 3 locID: 102655681456767508 bcsId: 0} | ret=SUCCESS |  
2019-08-21 15:29:49,428 | INFO  | DNAudit | user=null | ip=null | op=WRITE_CHUNK {blockData=conID: 3 locID: 102655681456767508 bcsId: 0} | ret=SUCCESS |  
2019-08-21 15:29:49,428 | INFO  | DNAudit | user=null | ip=null | op=WRITE_CHUNK {blockData=conID: 3 locID: 102655681456767508 bcsId: 0} | ret=SUCCESS |  
2019-08-21 15:29:49,438 | INFO  | DNAudit | user=null | ip=null | op=WRITE_CHUNK {blockData=conID: 3 locID: 102655681456767508 bcsId: 0} | ret=SUCCESS |  
2019-08-21 15:29:49,439 | INFO  | DNAudit | user=null | ip=null | op=PUT_BLOCK {blockData=[blockId=conID: 3 locID: 102655681456767508 bcsId: 0,size=1048576]} | ret=SUCCESS |  
2019-08-21 15:29:49,439 [grpc-default-executor-5] INFO  client.GrpcClientProtocolClient (GrpcClientProtocolClient.java:onNext(255)) - client-029E50227556->355864cd-7ac5-4934-b366-9756b15dd90f: receive RaftClientReply:client-029E50227556->355864cd-7ac5-4934-b366-9756b15dd90f@group-785BCF25C267, cid=1884, SUCCESS, logIndex=2747, commits[355864cd-7ac5-4934-b366-9756b15dd90f:c2749, ce4aa411-63c8-4399-99eb-27ce352844f3:c2746, 3eeffb0a-787e-48ec-a2f5-d0c540a89489:c2746]
2019-08-21 15:29:49,439 | INFO  | DNAudit | user=null | ip=null | op=WRITE_CHUNK {blockData=conID: 3 locID: 102655681456767508 bcsId: 0} | ret=SUCCESS |  
2019-08-21 15:29:49,439 [grpc-default-executor-5] INFO  client.GrpcClientProtocolClient (GrpcClientProtocolClient.java:onNext(255)) - client-029E50227556->355864cd-7ac5-4934-b366-9756b15dd90f: receive RaftClientReply:client-029E50227556->355864cd-7ac5-4934-b366-9756b15dd90f@group-785BCF25C267, cid=1885, SUCCESS, logIndex=2748, commits[355864cd-7ac5-4934-b366-9756b15dd90f:c2750, ce4aa411-63c8-4399-99eb-27ce352844f3:c2746, 3eeffb0a-787e-48ec-a2f5-d0c540a89489:c2746]
2019-08-21 15:29:49,440 | INFO  | DNAudit | user=null | ip=null | op=PUT_BLOCK {blockData=[blockId=conID: 3 locID: 102655681456767508 bcsId: 0,size=2097152]} | ret=SUCCESS |  
2019-08-21 15:29:49,440 [grpc-default-executor-2] INFO  client.GrpcClientProtocolClient (GrpcClientProtocolClient.java:onNext(255)) - client-029E50227556->355864cd-7ac5-4934-b366-9756b15dd90f: receive RaftClientReply:client-029E50227556->355864cd-7ac5-4934-b366-9756b15dd90f@group-785BCF25C267, cid=1886, SUCCESS, logIndex=2749, commits[355864cd-7ac5-4934-b366-9756b15dd90f:c2750, ce4aa411-63c8-4399-99eb-27ce352844f3:c2746, 3eeffb0a-787e-48ec-a2f5-d0c540a89489:c2746]
2019-08-21 15:29:49,440 | INFO  | DNAudit | user=null | ip=null | op=WRITE_CHUNK {blockData=conID: 3 locID: 102655681456767508 bcsId: 0} | ret=SUCCESS |  
2019-08-21 15:29:49,440 | INFO  | DNAudit | user=null | ip=null | op=PUT_BLOCK {blockData=[blockId=conID: 3 locID: 102655681456767508 bcsId: 0,size=1048576]} | ret=SUCCESS |  
2019-08-21 15:29:49,440 [grpc-default-executor-2] INFO  client.GrpcClientProtocolClient (GrpcClientProtocolClient.java:onNext(255)) - client-029E50227556->355864cd-7ac5-4934-b366-9756b15dd90f: receive RaftClientReply:client-029E50227556->355864cd-7ac5-4934-b366-9756b15dd90f@group-785BCF25C267, cid=1887, SUCCESS, logIndex=2750, commits[355864cd-7ac5-4934-b366-9756b15dd90f:c2750, ce4aa411-63c8-4399-99eb-27ce352844f3:c2746, 3eeffb0a-787e-48ec-a2f5-d0c540a89489:c2746]
2019-08-21 15:29:49,440 | INFO  | DNAudit | user=null | ip=null | op=WRITE_CHUNK {blockData=conID: 3 locID: 102655681456767508 bcsId: 0} | ret=SUCCESS |  
2019-08-21 15:29:49,441 | INFO  | DNAudit | user=null | ip=null | op=PUT_BLOCK {blockData=[blockId=conID: 3 locID: 102655681456767508 bcsId: 0,size=1048576]} | ret=SUCCESS |  
2019-08-21 15:29:49,441 | INFO  | DNAudit | user=null | ip=null | op=WRITE_CHUNK {blockData=conID: 3 locID: 102655681456767508 bcsId: 0} | ret=SUCCESS |  
2019-08-21 15:29:49,441 | INFO  | DNAudit | user=null | ip=null | op=WRITE_CHUNK {blockData=conID: 3 locID: 102655681456767508 bcsId: 0} | ret=SUCCESS |  
2019-08-21 15:29:49,441 [grpc-default-executor-2] INFO  client.GrpcClientProtocolClient (GrpcClientProtocolClient.java:onNext(255)) - client-029E50227556->355864cd-7ac5-4934-b366-9756b15dd90f: receive RaftClientReply:client-029E50227556->355864cd-7ac5-4934-b366-9756b15dd90f@group-785BCF25C267, cid=1888, SUCCESS, logIndex=0, commits[355864cd-7ac5-4934-b366-9756b15dd90f:c2754, ce4aa411-63c8-4399-99eb-27ce352844f3:c2750, 3eeffb0a-787e-48ec-a2f5-d0c540a89489:c2748]
2019-08-21 15:29:49,441 | INFO  | DNAudit | user=null | ip=null | op=PUT_BLOCK {blockData=[blockId=conID: 3 locID: 102655681456767508 bcsId: 0,size=2097152]} | ret=SUCCESS |  
2019-08-21 15:29:49,441 | INFO  | DNAudit | user=null | ip=null | op=PUT_BLOCK {blockData=[blockId=conID: 3 locID: 102655681456767508 bcsId: 0,size=2097152]} | ret=SUCCESS |  
2019-08-21 15:29:49,446 | INFO  | DNAudit | user=null | ip=null | op=WRITE_CHUNK {blockData=conID: 3 locID: 102655681456767508 bcsId: 2750} | ret=SUCCESS |  
2019-08-21 15:29:49,448 | INFO  | DNAudit | user=null | ip=null | op=WRITE_CHUNK {blockData=conID: 3 locID: 102655681456767508 bcsId: 2750} | ret=SUCCESS |  
2019-08-21 15:29:49,448 | INFO  | DNAudit | user=null | ip=null | op=WRITE_CHUNK {blockData=conID: 3 locID: 102655681456767508 bcsId: 2750} | ret=SUCCESS |  
2019-08-21 15:29:49,455 | INFO  | DNAudit | user=null | ip=null | op=WRITE_CHUNK {blockData=conID: 3 locID: 102655681456767508 bcsId: 2750} | ret=SUCCESS |  
2019-08-21 15:29:49,456 | INFO  | DNAudit | user=null | ip=null | op=PUT_BLOCK {blockData=[blockId=conID: 3 locID: 102655681456767508 bcsId: 0,size=3145728]} | ret=SUCCESS |  
2019-08-21 15:29:49,456 [grpc-default-executor-4] INFO  client.GrpcClientProtocolClient (GrpcClientProtocolClient.java:onNext(255)) - client-029E50227556->355864cd-7ac5-4934-b366-9756b15dd90f: receive RaftClientReply:client-029E50227556->355864cd-7ac5-4934-b366-9756b15dd90f@group-785BCF25C267, cid=1889, SUCCESS, logIndex=2755, commits[355864cd-7ac5-4934-b366-9756b15dd90f:c2756, ce4aa411-63c8-4399-99eb-27ce352844f3:c2750, 3eeffb0a-787e-48ec-a2f5-d0c540a89489:c2754]
2019-08-21 15:29:49,603 [grpc-default-executor-4] INFO  client.GrpcClientProtocolClient (GrpcClientProtocolClient.java:onNext(255)) - client-029E50227556->355864cd-7ac5-4934-b366-9756b15dd90f: receive RaftClientReply:client-029E50227556->355864cd-7ac5-4934-b366-9756b15dd90f@group-785BCF25C267, cid=1890, SUCCESS, logIndex=2756, commits[355864cd-7ac5-4934-b366-9756b15dd90f:c2756, ce4aa411-63c8-4399-99eb-27ce352844f3:c2754, 3eeffb0a-787e-48ec-a2f5-d0c540a89489:c2754]
2019-08-21 15:29:49,604 | INFO  | DNAudit | user=null | ip=null | op=WRITE_CHUNK {blockData=conID: 3 locID: 102655681456767508 bcsId: 2750} | ret=SUCCESS |  
2019-08-21 15:29:49,604 | INFO  | DNAudit | user=null | ip=null | op=WRITE_CHUNK {blockData=conID: 3 locID: 102655681456767508 bcsId: 2750} | ret=SUCCESS |  
2019-08-21 15:29:49,604 | INFO  | DNAudit | user=null | ip=null | op=PUT_BLOCK {blockData=[blockId=conID: 3 locID: 102655681456767508 bcsId: 0,size=3145728]} | ret=SUCCESS |  
2019-08-21 15:29:49,604 | INFO  | DNAudit | user=null | ip=null | op=PUT_BLOCK {blockData=[blockId=conID: 3 locID: 102655681456767508 bcsId: 0,size=3145728]} | ret=SUCCESS |  
2019-08-21 15:29:49,612 | INFO  | DNAudit | user=null | ip=null | op=WRITE_CHUNK {blockData=conID: 3 locID: 102655681456767508 bcsId: 2756} | ret=SUCCESS |  
2019-08-21 15:29:49,614 | INFO  | DNAudit | user=null | ip=null | op=WRITE_CHUNK {blockData=conID: 3 locID: 102655681456767508 bcsId: 2756} | ret=SUCCESS |  
2019-08-21 15:29:49,615 | INFO  | DNAudit | user=null | ip=null | op=WRITE_CHUNK {blockData=conID: 3 locID: 102655681456767508 bcsId: 2756} | ret=SUCCESS |  
2019-08-21 15:29:49,616 | INFO  | DNAudit | user=null | ip=null | op=WRITE_CHUNK {blockData=conID: 3 locID: 102655681456767508 bcsId: 2756} | ret=SUCCESS |  
2019-08-21 15:29:49,616 | INFO  | DNAudit | user=null | ip=null | op=PUT_BLOCK {blockData=[blockId=conID: 3 locID: 102655681456767508 bcsId: 0,size=4194304]} | ret=SUCCESS |  
2019-08-21 15:29:49,617 [grpc-default-executor-4] INFO  client.GrpcClientProtocolClient (GrpcClientProtocolClient.java:onNext(255)) - client-029E50227556->355864cd-7ac5-4934-b366-9756b15dd90f: receive RaftClientReply:client-029E50227556->355864cd-7ac5-4934-b366-9756b15dd90f@group-785BCF25C267, cid=1891, SUCCESS, logIndex=2759, commits[355864cd-7ac5-4934-b366-9756b15dd90f:c2760, ce4aa411-63c8-4399-99eb-27ce352844f3:c2757, 3eeffb0a-787e-48ec-a2f5-d0c540a89489:c2756]
2019-08-21 15:29:49,617 [grpc-default-executor-4] INFO  client.GrpcClientProtocolClient (GrpcClientProtocolClient.java:onNext(255)) - client-029E50227556->355864cd-7ac5-4934-b366-9756b15dd90f: receive RaftClientReply:client-029E50227556->355864cd-7ac5-4934-b366-9756b15dd90f@group-785BCF25C267, cid=1892, SUCCESS, logIndex=2760, commits[355864cd-7ac5-4934-b366-9756b15dd90f:c2760, ce4aa411-63c8-4399-99eb-27ce352844f3:c2757, 3eeffb0a-787e-48ec-a2f5-d0c540a89489:c2756]
2019-08-21 15:29:49,627 | INFO  | DNAudit | user=null | ip=null | op=WRITE_CHUNK {blockData=conID: 3 locID: 102655681456767508 bcsId: 2756} | ret=SUCCESS |  
2019-08-21 15:29:49,628 | INFO  | DNAudit | user=null | ip=null | op=WRITE_CHUNK {blockData=conID: 3 locID: 102655681456767508 bcsId: 2756} | ret=SUCCESS |  
2019-08-21 15:29:49,628 | INFO  | DNAudit | user=null | ip=null | op=PUT_BLOCK {blockData=[blockId=conID: 3 locID: 102655681456767508 bcsId: 0,size=4194304]} | ret=SUCCESS |  
2019-08-21 15:29:49,628 | INFO  | DNAudit | user=null | ip=null | op=PUT_BLOCK {blockData=[blockId=conID: 3 locID: 102655681456767508 bcsId: 0,size=4194304]} | ret=SUCCESS |  
2019-08-21 15:29:49,629 [grpc-default-executor-4] INFO  client.GrpcClientProtocolClient (GrpcClientProtocolClient.java:onNext(255)) - client-029E50227556->355864cd-7ac5-4934-b366-9756b15dd90f: receive RaftClientReply:client-029E50227556->355864cd-7ac5-4934-b366-9756b15dd90f@group-785BCF25C267, cid=1893, SUCCESS, logIndex=0, commits[355864cd-7ac5-4934-b366-9756b15dd90f:c2762, ce4aa411-63c8-4399-99eb-27ce352844f3:c2760, 3eeffb0a-787e-48ec-a2f5-d0c540a89489:c2760]
2019-08-21 15:29:49,635 | INFO  | SCMAudit | user=jenkins1000 | ip=192.168.5.153 | op=ALLOCATE_BLOCK {owner=78849ec2-2b05-45d8-8cb5-e95e2230dbd1, size=4194304, type=RATIS, factor=THREE} | ret=SUCCESS |  
2019-08-21 15:29:49,638 | INFO  | OMAudit | user=jenkins1000 | ip=127.0.0.1 | op=ALLOCATE_BLOCK {volume=vol-0-32358, bucket=bucket-0-01949, key=key-0-56547, dataSize=0, replicationType=null, replicationFactor=null, keyLocationInfo=null, clientID=102655680532119954} | ret=SUCCESS |  
2019-08-21 15:29:49,645 | INFO  | DNAudit | user=null | ip=null | op=WRITE_CHUNK {blockData=conID: 1 locID: 102655681471119893 bcsId: 0} | ret=SUCCESS |  
2019-08-21 15:29:49,648 | INFO  | DNAudit | user=null | ip=null | op=WRITE_CHUNK {blockData=conID: 1 locID: 102655681471119893 bcsId: 0} | ret=SUCCESS |  
2019-08-21 15:29:49,648 | INFO  | DNAudit | user=null | ip=null | op=WRITE_CHUNK {blockData=conID: 1 locID: 102655681471119893 bcsId: 0} | ret=SUCCESS |  
2019-08-21 15:29:49,648 | INFO  | DNAudit | user=null | ip=null | op=WRITE_CHUNK {blockData=conID: 1 locID: 102655681471119893 bcsId: 0} | ret=SUCCESS |  
2019-08-21 15:29:49,650 | INFO  | DNAudit | user=null | ip=null | op=WRITE_CHUNK {blockData=conID: 1 locID: 102655681471119893 bcsId: 0} | ret=SUCCESS |  
2019-08-21 15:29:49,650 | INFO  | DNAudit | user=null | ip=null | op=WRITE_CHUNK {blockData=conID: 1 locID: 102655681471119893 bcsId: 0} | ret=SUCCESS |  
2019-08-21 15:29:49,660 | INFO  | DNAudit | user=null | ip=null | op=WRITE_CHUNK {blockData=conID: 1 locID: 102655681471119893 bcsId: 0} | ret=SUCCESS |  
2019-08-21 15:29:49,661 | INFO  | DNAudit | user=null | ip=null | op=PUT_BLOCK {blockData=[blockId=conID: 1 locID: 102655681471119893 bcsId: 0,size=1048576]} | ret=SUCCESS |  
2019-08-21 15:29:49,661 [grpc-default-executor-5] INFO  client.GrpcClientProtocolClient (GrpcClientProtocolClient.java:onNext(255)) - client-029E50227556->355864cd-7ac5-4934-b366-9756b15dd90f: receive RaftClientReply:client-029E50227556->355864cd-7ac5-4934-b366-9756b15dd90f@group-785BCF25C267, cid=1894, SUCCESS, logIndex=2763, commits[355864cd-7ac5-4934-b366-9756b15dd90f:c2763, ce4aa411-63c8-4399-99eb-27ce352844f3:c2762, 3eeffb0a-787e-48ec-a2f5-d0c540a89489:c2762]
2019-08-21 15:29:49,662 [grpc-default-executor-5] INFO  client.GrpcClientProtocolClient (GrpcClientProtocolClient.java:onNext(255)) - client-029E50227556->355864cd-7ac5-4934-b366-9756b15dd90f: receive RaftClientReply:client-029E50227556->355864cd-7ac5-4934-b366-9756b15dd90f@group-785BCF25C267, cid=1895, SUCCESS, logIndex=2764, commits[355864cd-7ac5-4934-b366-9756b15dd90f:c2764, ce4aa411-63c8-4399-99eb-27ce352844f3:c2762, 3eeffb0a-787e-48ec-a2f5-d0c540a89489:c2762]
2019-08-21 15:29:49,680 | INFO  | DNAudit | user=null | ip=null | op=WRITE_CHUNK {blockData=conID: 1 locID: 102655681471119893 bcsId: 0} | ret=SUCCESS |  
2019-08-21 15:29:49,681 | INFO  | DNAudit | user=null | ip=null | op=PUT_BLOCK {blockData=[blockId=conID: 1 locID: 102655681471119893 bcsId: 0,size=2097152]} | ret=SUCCESS |  
2019-08-21 15:29:49,681 [grpc-default-executor-3] INFO  client.GrpcClientProtocolClient (GrpcClientProtocolClient.java:onNext(255)) - client-029E50227556->355864cd-7ac5-4934-b366-9756b15dd90f: receive RaftClientReply:client-029E50227556->355864cd-7ac5-4934-b366-9756b15dd90f@group-785BCF25C267, cid=1896, SUCCESS, logIndex=2765, commits[355864cd-7ac5-4934-b366-9756b15dd90f:c2766, ce4aa411-63c8-4399-99eb-27ce352844f3:c2762, 3eeffb0a-787e-48ec-a2f5-d0c540a89489:c2762]
2019-08-21 15:29:49,681 | INFO  | DNAudit | user=null | ip=null | op=WRITE_CHUNK {blockData=conID: 1 locID: 102655681471119893 bcsId: 0} | ret=SUCCESS |  
2019-08-21 15:29:49,682 | INFO  | DNAudit | user=null | ip=null | op=PUT_BLOCK {blockData=[blockId=conID: 1 locID: 102655681471119893 bcsId: 0,size=1048576]} | ret=SUCCESS |  
2019-08-21 15:29:49,682 | INFO  | DNAudit | user=null | ip=null | op=WRITE_CHUNK {blockData=conID: 1 locID: 102655681471119893 bcsId: 0} | ret=SUCCESS |  
2019-08-21 15:29:49,682 | INFO  | DNAudit | user=null | ip=null | op=PUT_BLOCK {blockData=[blockId=conID: 1 locID: 102655681471119893 bcsId: 0,size=1048576]} | ret=SUCCESS |  
2019-08-21 15:29:49,683 | INFO  | DNAudit | user=null | ip=null | op=WRITE_CHUNK {blockData=conID: 1 locID: 102655681471119893 bcsId: 0} | ret=SUCCESS |  
2019-08-21 15:29:49,683 [grpc-default-executor-3] INFO  client.GrpcClientProtocolClient (GrpcClientProtocolClient.java:onNext(255)) - client-029E50227556->355864cd-7ac5-4934-b366-9756b15dd90f: receive RaftClientReply:client-029E50227556->355864cd-7ac5-4934-b366-9756b15dd90f@group-785BCF25C267, cid=1897, SUCCESS, logIndex=2766, commits[355864cd-7ac5-4934-b366-9756b15dd90f:c2766, ce4aa411-63c8-4399-99eb-27ce352844f3:c2762, 3eeffb0a-787e-48ec-a2f5-d0c540a89489:c2762]
2019-08-21 15:29:49,683 | INFO  | DNAudit | user=null | ip=null | op=PUT_BLOCK {blockData=[blockId=conID: 1 locID: 102655681471119893 bcsId: 0,size=2097152]} | ret=SUCCESS |  
2019-08-21 15:29:49,684 | INFO  | DNAudit | user=null | ip=null | op=WRITE_CHUNK {blockData=conID: 1 locID: 102655681471119893 bcsId: 0} | ret=SUCCESS |  
2019-08-21 15:29:49,684 | INFO  | DNAudit | user=null | ip=null | op=PUT_BLOCK {blockData=[blockId=conID: 1 locID: 102655681471119893 bcsId: 0,size=2097152]} | ret=SUCCESS |  
2019-08-21 15:29:49,685 [grpc-default-executor-5] INFO  client.GrpcClientProtocolClient (GrpcClientProtocolClient.java:onNext(255)) - client-029E50227556->355864cd-7ac5-4934-b366-9756b15dd90f: receive RaftClientReply:client-029E50227556->355864cd-7ac5-4934-b366-9756b15dd90f@group-785BCF25C267, cid=1898, SUCCESS, logIndex=0, commits[355864cd-7ac5-4934-b366-9756b15dd90f:c2770, ce4aa411-63c8-4399-99eb-27ce352844f3:c2764, 3eeffb0a-787e-48ec-a2f5-d0c540a89489:c2766]
2019-08-21 15:29:49,691 | INFO  | DNAudit | user=null | ip=null | op=WRITE_CHUNK {blockData=conID: 1 locID: 102655681471119893 bcsId: 2766} | ret=SUCCESS |  
2019-08-21 15:29:49,693 | INFO  | DNAudit | user=null | ip=null | op=WRITE_CHUNK {blockData=conID: 1 locID: 102655681471119893 bcsId: 2766} | ret=SUCCESS |  
2019-08-21 15:29:49,694 | INFO  | DNAudit | user=null | ip=null | op=WRITE_CHUNK {blockData=conID: 1 locID: 102655681471119893 bcsId: 2766} | ret=SUCCESS |  
2019-08-21 15:29:49,704 | INFO  | DNAudit | user=null | ip=null | op=WRITE_CHUNK {blockData=conID: 1 locID: 102655681471119893 bcsId: 2766} | ret=SUCCESS |  
2019-08-21 15:29:49,705 | INFO  | DNAudit | user=null | ip=null | op=PUT_BLOCK {blockData=[blockId=conID: 1 locID: 102655681471119893 bcsId: 0,size=3145728]} | ret=SUCCESS |  
2019-08-21 15:29:49,705 [grpc-default-executor-4] INFO  client.GrpcClientProtocolClient (GrpcClientProtocolClient.java:onNext(255)) - client-029E50227556->355864cd-7ac5-4934-b366-9756b15dd90f: receive RaftClientReply:client-029E50227556->355864cd-7ac5-4934-b366-9756b15dd90f@group-785BCF25C267, cid=1899, SUCCESS, logIndex=2771, commits[355864cd-7ac5-4934-b366-9756b15dd90f:c2771, ce4aa411-63c8-4399-99eb-27ce352844f3:c2770, 3eeffb0a-787e-48ec-a2f5-d0c540a89489:c2770]
2019-08-21 15:29:49,705 [grpc-default-executor-4] INFO  client.GrpcClientProtocolClient (GrpcClientProtocolClient.java:onNext(255)) - client-029E50227556->355864cd-7ac5-4934-b366-9756b15dd90f: receive RaftClientReply:client-029E50227556->355864cd-7ac5-4934-b366-9756b15dd90f@group-785BCF25C267, cid=1900, SUCCESS, logIndex=2772, commits[355864cd-7ac5-4934-b366-9756b15dd90f:c2772, ce4aa411-63c8-4399-99eb-27ce352844f3:c2770, 3eeffb0a-787e-48ec-a2f5-d0c540a89489:c2770]
2019-08-21 15:29:49,712 | INFO  | DNAudit | user=null | ip=null | op=WRITE_CHUNK {blockData=conID: 1 locID: 102655681471119893 bcsId: 2772} | ret=SUCCESS |  
2019-08-21 15:29:49,714 | INFO  | DNAudit | user=null | ip=null | op=WRITE_CHUNK {blockData=conID: 1 locID: 102655681471119893 bcsId: 2772} | ret=SUCCESS |  
2019-08-21 15:29:49,714 | INFO  | DNAudit | user=null | ip=null | op=WRITE_CHUNK {blockData=conID: 1 locID: 102655681471119893 bcsId: 2772} | ret=SUCCESS |  
2019-08-21 15:29:49,715 | INFO  | DNAudit | user=null | ip=null | op=WRITE_CHUNK {blockData=conID: 1 locID: 102655681471119893 bcsId: 2766} | ret=SUCCESS |  
2019-08-21 15:29:49,715 | INFO  | DNAudit | user=null | ip=null | op=WRITE_CHUNK {blockData=conID: 1 locID: 102655681471119893 bcsId: 2766} | ret=SUCCESS |  
2019-08-21 15:29:49,718 | INFO  | DNAudit | user=null | ip=null | op=PUT_BLOCK {blockData=[blockId=conID: 1 locID: 102655681471119893 bcsId: 0,size=3145728]} | ret=SUCCESS |  
2019-08-21 15:29:49,718 | INFO  | DNAudit | user=null | ip=null | op=PUT_BLOCK {blockData=[blockId=conID: 1 locID: 102655681471119893 bcsId: 0,size=3145728]} | ret=SUCCESS |  
2019-08-21 15:29:49,719 | INFO  | DNAudit | user=null | ip=null | op=WRITE_CHUNK {blockData=conID: 1 locID: 102655681471119893 bcsId: 2772} | ret=SUCCESS |  
2019-08-21 15:29:49,719 | INFO  | DNAudit | user=null | ip=null | op=PUT_BLOCK {blockData=[blockId=conID: 1 locID: 102655681471119893 bcsId: 0,size=4194304]} | ret=SUCCESS |  
2019-08-21 15:29:49,719 [grpc-default-executor-3] INFO  client.GrpcClientProtocolClient (GrpcClientProtocolClient.java:onNext(255)) - client-029E50227556->355864cd-7ac5-4934-b366-9756b15dd90f: receive RaftClientReply:client-029E50227556->355864cd-7ac5-4934-b366-9756b15dd90f@group-785BCF25C267, cid=1901, SUCCESS, logIndex=2775, commits[355864cd-7ac5-4934-b366-9756b15dd90f:c2776, ce4aa411-63c8-4399-99eb-27ce352844f3:c2772, 3eeffb0a-787e-48ec-a2f5-d0c540a89489:c2772]
2019-08-21 15:29:49,720 [grpc-default-executor-3] INFO  client.GrpcClientProtocolClient (GrpcClientProtocolClient.java:onNext(255)) - client-029E50227556->355864cd-7ac5-4934-b366-9756b15dd90f: receive RaftClientReply:client-029E50227556->355864cd-7ac5-4934-b366-9756b15dd90f@group-785BCF25C267, cid=1902, SUCCESS, logIndex=2776, commits[355864cd-7ac5-4934-b366-9756b15dd90f:c2776, ce4aa411-63c8-4399-99eb-27ce352844f3:c2772, 3eeffb0a-787e-48ec-a2f5-d0c540a89489:c2772]
2019-08-21 15:29:49,730 | INFO  | DNAudit | user=null | ip=null | op=WRITE_CHUNK {blockData=conID: 1 locID: 102655681471119893 bcsId: 2772} | ret=SUCCESS |  
2019-08-21 15:29:49,730 | INFO  | DNAudit | user=null | ip=null | op=WRITE_CHUNK {blockData=conID: 1 locID: 102655681471119893 bcsId: 2772} | ret=SUCCESS |  
2019-08-21 15:29:49,730 | INFO  | DNAudit | user=null | ip=null | op=PUT_BLOCK {blockData=[blockId=conID: 1 locID: 102655681471119893 bcsId: 0,size=4194304]} | ret=SUCCESS |  
2019-08-21 15:29:49,730 | INFO  | DNAudit | user=null | ip=null | op=PUT_BLOCK {blockData=[blockId=conID: 1 locID: 102655681471119893 bcsId: 0,size=4194304]} | ret=SUCCESS |  
2019-08-21 15:29:49,731 [grpc-default-executor-3] INFO  client.GrpcClientProtocolClient (GrpcClientProtocolClient.java:onNext(255)) - client-029E50227556->355864cd-7ac5-4934-b366-9756b15dd90f: receive RaftClientReply:client-029E50227556->355864cd-7ac5-4934-b366-9756b15dd90f@group-785BCF25C267, cid=1903, SUCCESS, logIndex=0, commits[355864cd-7ac5-4934-b366-9756b15dd90f:c2777, ce4aa411-63c8-4399-99eb-27ce352844f3:c2776, 3eeffb0a-787e-48ec-a2f5-d0c540a89489:c2776]
2019-08-21 15:29:49,736 | INFO  | SCMAudit | user=jenkins1000 | ip=192.168.5.153 | op=ALLOCATE_BLOCK {owner=78849ec2-2b05-45d8-8cb5-e95e2230dbd1, size=4194304, type=RATIS, factor=THREE} | ret=SUCCESS |  
2019-08-21 15:29:49,740 | INFO  | OMAudit | user=jenkins1000 | ip=127.0.0.1 | op=ALLOCATE_BLOCK {volume=vol-0-32358, bucket=bucket-0-01949, key=key-0-56547, dataSize=0, replicationType=null, replicationFactor=null, keyLocationInfo=null, clientID=102655680532119954} | ret=SUCCESS |  
2019-08-21 15:29:49,746 | INFO  | DNAudit | user=null | ip=null | op=WRITE_CHUNK {blockData=conID: 2 locID: 102655681477739030 bcsId: 0} | ret=SUCCESS |  
2019-08-21 15:29:49,749 | INFO  | DNAudit | user=null | ip=null | op=WRITE_CHUNK {blockData=conID: 2 locID: 102655681477739030 bcsId: 0} | ret=SUCCESS |  
2019-08-21 15:29:49,749 | INFO  | DNAudit | user=null | ip=null | op=WRITE_CHUNK {blockData=conID: 2 locID: 102655681477739030 bcsId: 0} | ret=SUCCESS |  
2019-08-21 15:29:49,750 | INFO  | DNAudit | user=null | ip=null | op=WRITE_CHUNK {blockData=conID: 2 locID: 102655681477739030 bcsId: 0} | ret=SUCCESS |  
2019-08-21 15:29:49,750 | INFO  | DNAudit | user=null | ip=null | op=WRITE_CHUNK {blockData=conID: 2 locID: 102655681477739030 bcsId: 0} | ret=SUCCESS |  
2019-08-21 15:29:49,751 | INFO  | DNAudit | user=null | ip=null | op=WRITE_CHUNK {blockData=conID: 2 locID: 102655681477739030 bcsId: 0} | ret=SUCCESS |  
2019-08-21 15:29:49,759 | INFO  | DNAudit | user=null | ip=null | op=WRITE_CHUNK {blockData=conID: 2 locID: 102655681477739030 bcsId: 0} | ret=SUCCESS |  
2019-08-21 15:29:49,759 | INFO  | DNAudit | user=null | ip=null | op=PUT_BLOCK {blockData=[blockId=conID: 2 locID: 102655681477739030 bcsId: 0,size=1048576]} | ret=SUCCESS |  
2019-08-21 15:29:49,760 | INFO  | DNAudit | user=null | ip=null | op=WRITE_CHUNK {blockData=conID: 2 locID: 102655681477739030 bcsId: 0} | ret=SUCCESS |  
2019-08-21 15:29:49,760 [grpc-default-executor-3] INFO  client.GrpcClientProtocolClient (GrpcClientProtocolClient.java:onNext(255)) - client-029E50227556->355864cd-7ac5-4934-b366-9756b15dd90f: receive RaftClientReply:client-029E50227556->355864cd-7ac5-4934-b366-9756b15dd90f@group-785BCF25C267, cid=1904, SUCCESS, logIndex=2779, commits[355864cd-7ac5-4934-b366-9756b15dd90f:c2780, ce4aa411-63c8-4399-99eb-27ce352844f3:c2778, 3eeffb0a-787e-48ec-a2f5-d0c540a89489:c2778]
2019-08-21 15:29:49,760 | INFO  | DNAudit | user=null | ip=null | op=PUT_BLOCK {blockData=[blockId=conID: 2 locID: 102655681477739030 bcsId: 0,size=2097152]} | ret=SUCCESS |  
2019-08-21 15:29:49,761 | INFO  | DNAudit | user=null | ip=null | op=WRITE_CHUNK {blockData=conID: 2 locID: 102655681477739030 bcsId: 0} | ret=SUCCESS |  
2019-08-21 15:29:49,761 [grpc-default-executor-3] INFO  client.GrpcClientProtocolClient (GrpcClientProtocolClient.java:onNext(255)) - client-029E50227556->355864cd-7ac5-4934-b366-9756b15dd90f: receive RaftClientReply:client-029E50227556->355864cd-7ac5-4934-b366-9756b15dd90f@group-785BCF25C267, cid=1905, SUCCESS, logIndex=2780, commits[355864cd-7ac5-4934-b366-9756b15dd90f:c2782, ce4aa411-63c8-4399-99eb-27ce352844f3:c2778, 3eeffb0a-787e-48ec-a2f5-d0c540a89489:c2778]
2019-08-21 15:29:49,761 | INFO  | DNAudit | user=null | ip=null | op=WRITE_CHUNK {blockData=conID: 2 locID: 102655681477739030 bcsId: 0} | ret=SUCCESS |  
2019-08-21 15:29:49,761 | INFO  | DNAudit | user=null | ip=null | op=PUT_BLOCK {blockData=[blockId=conID: 2 locID: 102655681477739030 bcsId: 0,size=1048576]} | ret=SUCCESS |  
2019-08-21 15:29:49,762 [grpc-default-executor-3] INFO  client.GrpcClientProtocolClient (GrpcClientProtocolClient.java:onNext(255)) - client-029E50227556->355864cd-7ac5-4934-b366-9756b15dd90f: receive RaftClientReply:client-029E50227556->355864cd-7ac5-4934-b366-9756b15dd90f@group-785BCF25C267, cid=1906, SUCCESS, logIndex=2781, commits[355864cd-7ac5-4934-b366-9756b15dd90f:c2782, ce4aa411-63c8-4399-99eb-27ce352844f3:c2778, 3eeffb0a-787e-48ec-a2f5-d0c540a89489:c2778]
2019-08-21 15:29:49,762 [grpc-default-executor-3] INFO  client.GrpcClientProtocolClient (GrpcClientProtocolClient.java:onNext(255)) - client-029E50227556->355864cd-7ac5-4934-b366-9756b15dd90f: receive RaftClientReply:client-029E50227556->355864cd-7ac5-4934-b366-9756b15dd90f@group-785BCF25C267, cid=1907, SUCCESS, logIndex=2782, commits[355864cd-7ac5-4934-b366-9756b15dd90f:c2782, ce4aa411-63c8-4399-99eb-27ce352844f3:c2778, 3eeffb0a-787e-48ec-a2f5-d0c540a89489:c2778]
2019-08-21 15:29:49,772 | INFO  | DNAudit | user=null | ip=null | op=PUT_BLOCK {blockData=[blockId=conID: 2 locID: 102655681477739030 bcsId: 0,size=1048576]} | ret=SUCCESS |  
2019-08-21 15:29:49,772 | INFO  | DNAudit | user=null | ip=null | op=WRITE_CHUNK {blockData=conID: 2 locID: 102655681477739030 bcsId: 0} | ret=SUCCESS |  
2019-08-21 15:29:49,773 | INFO  | DNAudit | user=null | ip=null | op=WRITE_CHUNK {blockData=conID: 2 locID: 102655681477739030 bcsId: 0} | ret=SUCCESS |  
2019-08-21 15:29:49,773 | INFO  | DNAudit | user=null | ip=null | op=PUT_BLOCK {blockData=[blockId=conID: 2 locID: 102655681477739030 bcsId: 0,size=2097152]} | ret=SUCCESS |  
2019-08-21 15:29:49,773 | INFO  | DNAudit | user=null | ip=null | op=PUT_BLOCK {blockData=[blockId=conID: 2 locID: 102655681477739030 bcsId: 0,size=2097152]} | ret=SUCCESS |  
2019-08-21 15:29:49,773 [grpc-default-executor-3] INFO  client.GrpcClientProtocolClient (GrpcClientProtocolClient.java:onNext(255)) - client-029E50227556->355864cd-7ac5-4934-b366-9756b15dd90f: receive RaftClientReply:client-029E50227556->355864cd-7ac5-4934-b366-9756b15dd90f@group-785BCF25C267, cid=1908, SUCCESS, logIndex=0, commits[355864cd-7ac5-4934-b366-9756b15dd90f:c2784, ce4aa411-63c8-4399-99eb-27ce352844f3:c2780, 3eeffb0a-787e-48ec-a2f5-d0c540a89489:c2780]
2019-08-21 15:29:49,780 | INFO  | DNAudit | user=null | ip=null | op=WRITE_CHUNK {blockData=conID: 2 locID: 102655681477739030 bcsId: 2782} | ret=SUCCESS |  
2019-08-21 15:29:49,781 | INFO  | DNAudit | user=null | ip=null | op=WRITE_CHUNK {blockData=conID: 2 locID: 102655681477739030 bcsId: 2782} | ret=SUCCESS |  
2019-08-21 15:29:49,782 | INFO  | DNAudit | user=null | ip=null | op=WRITE_CHUNK {blockData=conID: 2 locID: 102655681477739030 bcsId: 2782} | ret=SUCCESS |  
2019-08-21 15:29:49,792 | INFO  | DNAudit | user=null | ip=null | op=WRITE_CHUNK {blockData=conID: 2 locID: 102655681477739030 bcsId: 2782} | ret=SUCCESS |  
2019-08-21 15:29:49,792 [grpc-default-executor-4] INFO  client.GrpcClientProtocolClient (GrpcClientProtocolClient.java:onNext(255)) - client-029E50227556->355864cd-7ac5-4934-b366-9756b15dd90f: receive RaftClientReply:client-029E50227556->355864cd-7ac5-4934-b366-9756b15dd90f@group-785BCF25C267, cid=1909, SUCCESS, logIndex=2787, commits[355864cd-7ac5-4934-b366-9756b15dd90f:c2788, ce4aa411-63c8-4399-99eb-27ce352844f3:c2786, 3eeffb0a-787e-48ec-a2f5-d0c540a89489:c2786]
2019-08-21 15:29:49,793 | INFO  | DNAudit | user=null | ip=null | op=PUT_BLOCK {blockData=[blockId=conID: 2 locID: 102655681477739030 bcsId: 0,size=3145728]} | ret=SUCCESS |  
2019-08-21 15:29:49,793 | INFO  | DNAudit | user=null | ip=null | op=WRITE_CHUNK {blockData=conID: 2 locID: 102655681477739030 bcsId: 2782} | ret=SUCCESS |  
2019-08-21 15:29:49,794 [grpc-default-executor-4] INFO  client.GrpcClientProtocolClient (GrpcClientProtocolClient.java:onNext(255)) - client-029E50227556->355864cd-7ac5-4934-b366-9756b15dd90f: receive RaftClientReply:client-029E50227556->355864cd-7ac5-4934-b366-9756b15dd90f@group-785BCF25C267, cid=1910, SUCCESS, logIndex=2788, commits[355864cd-7ac5-4934-b366-9756b15dd90f:c2788, ce4aa411-63c8-4399-99eb-27ce352844f3:c2786, 3eeffb0a-787e-48ec-a2f5-d0c540a89489:c2786]
2019-08-21 15:29:49,796 | INFO  | DNAudit | user=null | ip=null | op=WRITE_CHUNK {blockData=conID: 2 locID: 102655681477739030 bcsId: 2782} | ret=SUCCESS |  
2019-08-21 15:29:49,800 | INFO  | DNAudit | user=null | ip=null | op=WRITE_CHUNK {blockData=conID: 2 locID: 102655681477739030 bcsId: 2788} | ret=SUCCESS |  
2019-08-21 15:29:49,802 | INFO  | DNAudit | user=null | ip=null | op=WRITE_CHUNK {blockData=conID: 2 locID: 102655681477739030 bcsId: 2788} | ret=SUCCESS |  
2019-08-21 15:29:49,803 | INFO  | DNAudit | user=null | ip=null | op=WRITE_CHUNK {blockData=conID: 2 locID: 102655681477739030 bcsId: 2788} | ret=SUCCESS |  
2019-08-21 15:29:49,806 | INFO  | DNAudit | user=null | ip=null | op=PUT_BLOCK {blockData=[blockId=conID: 2 locID: 102655681477739030 bcsId: 0,size=3145728]} | ret=SUCCESS |  
2019-08-21 15:29:49,807 | INFO  | DNAudit | user=null | ip=null | op=PUT_BLOCK {blockData=[blockId=conID: 2 locID: 102655681477739030 bcsId: 0,size=3145728]} | ret=SUCCESS |  
2019-08-21 15:29:49,808 | INFO  | DNAudit | user=null | ip=null | op=WRITE_CHUNK {blockData=conID: 2 locID: 102655681477739030 bcsId: 2788} | ret=SUCCESS |  
2019-08-21 15:29:49,809 | INFO  | DNAudit | user=null | ip=null | op=PUT_BLOCK {blockData=[blockId=conID: 2 locID: 102655681477739030 bcsId: 0,size=4194304]} | ret=SUCCESS |  
2019-08-21 15:29:49,809 [grpc-default-executor-4] INFO  client.GrpcClientProtocolClient (GrpcClientProtocolClient.java:onNext(255)) - client-029E50227556->355864cd-7ac5-4934-b366-9756b15dd90f: receive RaftClientReply:client-029E50227556->355864cd-7ac5-4934-b366-9756b15dd90f@group-785BCF25C267, cid=1911, SUCCESS, logIndex=2791, commits[355864cd-7ac5-4934-b366-9756b15dd90f:c2792, ce4aa411-63c8-4399-99eb-27ce352844f3:c2788, 3eeffb0a-787e-48ec-a2f5-d0c540a89489:c2789]
2019-08-21 15:29:49,810 | INFO  | DNAudit | user=null | ip=null | op=WRITE_CHUNK {blockData=conID: 2 locID: 102655681477739030 bcsId: 2788} | ret=SUCCESS |  
2019-08-21 15:29:49,810 [grpc-default-executor-4] INFO  client.GrpcClientProtocolClient (GrpcClientProtocolClient.java:onNext(255)) - client-029E50227556->355864cd-7ac5-4934-b366-9756b15dd90f: receive RaftClientReply:client-029E50227556->355864cd-7ac5-4934-b366-9756b15dd90f@group-785BCF25C267, cid=1912, SUCCESS, logIndex=2792, commits[355864cd-7ac5-4934-b366-9756b15dd90f:c2792, ce4aa411-63c8-4399-99eb-27ce352844f3:c2789, 3eeffb0a-787e-48ec-a2f5-d0c540a89489:c2789]
2019-08-21 15:29:49,810 | INFO  | DNAudit | user=null | ip=null | op=PUT_BLOCK {blockData=[blockId=conID: 2 locID: 102655681477739030 bcsId: 0,size=4194304]} | ret=SUCCESS |  
2019-08-21 15:29:49,812 | INFO  | DNAudit | user=null | ip=null | op=WRITE_CHUNK {blockData=conID: 2 locID: 102655681477739030 bcsId: 2788} | ret=SUCCESS |  
2019-08-21 15:29:49,812 | INFO  | DNAudit | user=null | ip=null | op=PUT_BLOCK {blockData=[blockId=conID: 2 locID: 102655681477739030 bcsId: 0,size=4194304]} | ret=SUCCESS |  
2019-08-21 15:29:49,812 [grpc-default-executor-4] INFO  client.GrpcClientProtocolClient (GrpcClientProtocolClient.java:onNext(255)) - client-029E50227556->355864cd-7ac5-4934-b366-9756b15dd90f: receive RaftClientReply:client-029E50227556->355864cd-7ac5-4934-b366-9756b15dd90f@group-785BCF25C267, cid=1913, SUCCESS, logIndex=0, commits[355864cd-7ac5-4934-b366-9756b15dd90f:c2793, ce4aa411-63c8-4399-99eb-27ce352844f3:c2792, 3eeffb0a-787e-48ec-a2f5-d0c540a89489:c2792]
2019-08-21 15:29:49,818 | INFO  | SCMAudit | user=jenkins1000 | ip=192.168.5.153 | op=ALLOCATE_BLOCK {owner=78849ec2-2b05-45d8-8cb5-e95e2230dbd1, size=4194304, type=RATIS, factor=THREE} | ret=SUCCESS |  
2019-08-21 15:29:49,822 | INFO  | OMAudit | user=jenkins1000 | ip=127.0.0.1 | op=ALLOCATE_BLOCK {volume=vol-0-32358, bucket=bucket-0-01949, key=key-0-56547, dataSize=0, replicationType=null, replicationFactor=null, keyLocationInfo=null, clientID=102655680532119954} | ret=SUCCESS |  
2019-08-21 15:29:49,829 | INFO  | DNAudit | user=null | ip=null | op=WRITE_CHUNK {blockData=conID: 3 locID: 102655681483112983 bcsId: 0} | ret=SUCCESS |  
2019-08-21 15:29:49,831 | INFO  | DNAudit | user=null | ip=null | op=WRITE_CHUNK {blockData=conID: 3 locID: 102655681483112983 bcsId: 0} | ret=SUCCESS |  
2019-08-21 15:29:49,831 | INFO  | DNAudit | user=null | ip=null | op=WRITE_CHUNK {blockData=conID: 3 locID: 102655681483112983 bcsId: 0} | ret=SUCCESS |  
2019-08-21 15:29:49,832 | INFO  | DNAudit | user=null | ip=null | op=WRITE_CHUNK {blockData=conID: 3 locID: 102655681483112983 bcsId: 0} | ret=SUCCESS |  
2019-08-21 15:29:49,833 | INFO  | DNAudit | user=null | ip=null | op=WRITE_CHUNK {blockData=conID: 3 locID: 102655681483112983 bcsId: 0} | ret=SUCCESS |  
2019-08-21 15:29:49,833 | INFO  | DNAudit | user=null | ip=null | op=WRITE_CHUNK {blockData=conID: 3 locID: 102655681483112983 bcsId: 0} | ret=SUCCESS |  
2019-08-21 15:29:49,842 | INFO  | DNAudit | user=null | ip=null | op=WRITE_CHUNK {blockData=conID: 3 locID: 102655681483112983 bcsId: 0} | ret=SUCCESS |  
2019-08-21 15:29:49,843 | INFO  | DNAudit | user=null | ip=null | op=PUT_BLOCK {blockData=[blockId=conID: 3 locID: 102655681483112983 bcsId: 0,size=1048576]} | ret=SUCCESS |  
2019-08-21 15:29:49,843 | INFO  | DNAudit | user=null | ip=null | op=WRITE_CHUNK {blockData=conID: 3 locID: 102655681483112983 bcsId: 0} | ret=SUCCESS |  
2019-08-21 15:29:49,843 | INFO  | DNAudit | user=null | ip=null | op=WRITE_CHUNK {blockData=conID: 3 locID: 102655681483112983 bcsId: 0} | ret=SUCCESS |  
2019-08-21 15:29:49,843 | INFO  | DNAudit | user=null | ip=null | op=PUT_BLOCK {blockData=[blockId=conID: 3 locID: 102655681483112983 bcsId: 0,size=2097152]} | ret=SUCCESS |  
2019-08-21 15:29:49,843 [grpc-default-executor-5] INFO  client.GrpcClientProtocolClient (GrpcClientProtocolClient.java:onNext(255)) - client-029E50227556->355864cd-7ac5-4934-b366-9756b15dd90f: receive RaftClientReply:client-029E50227556->355864cd-7ac5-4934-b366-9756b15dd90f@group-785BCF25C267, cid=1914, SUCCESS, logIndex=2795, commits[355864cd-7ac5-4934-b366-9756b15dd90f:c2796, ce4aa411-63c8-4399-99eb-27ce352844f3:c2794, 3eeffb0a-787e-48ec-a2f5-d0c540a89489:c2794]
2019-08-21 15:29:49,844 | INFO  | DNAudit | user=null | ip=null | op=WRITE_CHUNK {blockData=conID: 3 locID: 102655681483112983 bcsId: 0} | ret=SUCCESS |  
2019-08-21 15:29:49,844 [grpc-default-executor-5] INFO  client.GrpcClientProtocolClient (GrpcClientProtocolClient.java:onNext(255)) - client-029E50227556->355864cd-7ac5-4934-b366-9756b15dd90f: receive RaftClientReply:client-029E50227556->355864cd-7ac5-4934-b366-9756b15dd90f@group-785BCF25C267, cid=1915, SUCCESS, logIndex=2796, commits[355864cd-7ac5-4934-b366-9756b15dd90f:c2798, ce4aa411-63c8-4399-99eb-27ce352844f3:c2794, 3eeffb0a-787e-48ec-a2f5-d0c540a89489:c2794]
2019-08-21 15:29:49,845 | INFO  | DNAudit | user=null | ip=null | op=PUT_BLOCK {blockData=[blockId=conID: 3 locID: 102655681483112983 bcsId: 0,size=1048576]} | ret=SUCCESS |  
2019-08-21 15:29:49,845 | INFO  | DNAudit | user=null | ip=null | op=WRITE_CHUNK {blockData=conID: 3 locID: 102655681483112983 bcsId: 0} | ret=SUCCESS |  
2019-08-21 15:29:49,845 | INFO  | DNAudit | user=null | ip=null | op=PUT_BLOCK {blockData=[blockId=conID: 3 locID: 102655681483112983 bcsId: 0,size=2097152]} | ret=SUCCESS |  
2019-08-21 15:29:49,845 [grpc-default-executor-5] INFO  client.GrpcClientProtocolClient (GrpcClientProtocolClient.java:onNext(255)) - client-029E50227556->355864cd-7ac5-4934-b366-9756b15dd90f: receive RaftClientReply:client-029E50227556->355864cd-7ac5-4934-b366-9756b15dd90f@group-785BCF25C267, cid=1916, SUCCESS, logIndex=2797, commits[355864cd-7ac5-4934-b366-9756b15dd90f:c2798, ce4aa411-63c8-4399-99eb-27ce352844f3:c2794, 3eeffb0a-787e-48ec-a2f5-d0c540a89489:c2794]
2019-08-21 15:29:49,845 | INFO  | DNAudit | user=null | ip=null | op=PUT_BLOCK {blockData=[blockId=conID: 3 locID: 102655681483112983 bcsId: 0,size=1048576]} | ret=SUCCESS |  
2019-08-21 15:29:49,845 [grpc-default-executor-2] INFO  client.GrpcClientProtocolClient (GrpcClientProtocolClient.java:onNext(255)) - client-029E50227556->355864cd-7ac5-4934-b366-9756b15dd90f: receive RaftClientReply:client-029E50227556->355864cd-7ac5-4934-b366-9756b15dd90f@group-785BCF25C267, cid=1917, SUCCESS, logIndex=2798, commits[355864cd-7ac5-4934-b366-9756b15dd90f:c2798, ce4aa411-63c8-4399-99eb-27ce352844f3:c2794, 3eeffb0a-787e-48ec-a2f5-d0c540a89489:c2794]
2019-08-21 15:29:49,845 | INFO  | DNAudit | user=null | ip=null | op=WRITE_CHUNK {blockData=conID: 3 locID: 102655681483112983 bcsId: 0} | ret=SUCCESS |  
2019-08-21 15:29:49,846 | INFO  | DNAudit | user=null | ip=null | op=PUT_BLOCK {blockData=[blockId=conID: 3 locID: 102655681483112983 bcsId: 0,size=2097152]} | ret=SUCCESS |  
2019-08-21 15:29:49,846 [grpc-default-executor-3] INFO  client.GrpcClientProtocolClient (GrpcClientProtocolClient.java:onNext(255)) - client-029E50227556->355864cd-7ac5-4934-b366-9756b15dd90f: receive RaftClientReply:client-029E50227556->355864cd-7ac5-4934-b366-9756b15dd90f@group-785BCF25C267, cid=1918, SUCCESS, logIndex=0, commits[355864cd-7ac5-4934-b366-9756b15dd90f:c2802, ce4aa411-63c8-4399-99eb-27ce352844f3:c2798, 3eeffb0a-787e-48ec-a2f5-d0c540a89489:c2798]
2019-08-21 15:29:49,852 | INFO  | DNAudit | user=null | ip=null | op=WRITE_CHUNK {blockData=conID: 3 locID: 102655681483112983 bcsId: 2798} | ret=SUCCESS |  
2019-08-21 15:29:49,855 | INFO  | DNAudit | user=null | ip=null | op=WRITE_CHUNK {blockData=conID: 3 locID: 102655681483112983 bcsId: 2798} | ret=SUCCESS |  
2019-08-21 15:29:49,855 | INFO  | DNAudit | user=null | ip=null | op=WRITE_CHUNK {blockData=conID: 3 locID: 102655681483112983 bcsId: 2798} | ret=SUCCESS |  
2019-08-21 15:29:49,868 | INFO  | DNAudit | user=null | ip=null | op=WRITE_CHUNK {blockData=conID: 3 locID: 102655681483112983 bcsId: 2798} | ret=SUCCESS |  
2019-08-21 15:29:49,869 | INFO  | DNAudit | user=null | ip=null | op=PUT_BLOCK {blockData=[blockId=conID: 3 locID: 102655681483112983 bcsId: 0,size=3145728]} | ret=SUCCESS |  
2019-08-21 15:29:49,869 [grpc-default-executor-5] INFO  client.GrpcClientProtocolClient (GrpcClientProtocolClient.java:onNext(255)) - client-029E50227556->355864cd-7ac5-4934-b366-9756b15dd90f: receive RaftClientReply:client-029E50227556->355864cd-7ac5-4934-b366-9756b15dd90f@group-785BCF25C267, cid=1919, SUCCESS, logIndex=2803, commits[355864cd-7ac5-4934-b366-9756b15dd90f:c2804, ce4aa411-63c8-4399-99eb-27ce352844f3:c2802, 3eeffb0a-787e-48ec-a2f5-d0c540a89489:c2802]
2019-08-21 15:29:49,869 [grpc-default-executor-5] INFO  client.GrpcClientProtocolClient (GrpcClientProtocolClient.java:onNext(255)) - client-029E50227556->355864cd-7ac5-4934-b366-9756b15dd90f: receive RaftClientReply:client-029E50227556->355864cd-7ac5-4934-b366-9756b15dd90f@group-785BCF25C267, cid=1920, SUCCESS, logIndex=2804, commits[355864cd-7ac5-4934-b366-9756b15dd90f:c2804, ce4aa411-63c8-4399-99eb-27ce352844f3:c2802, 3eeffb0a-787e-48ec-a2f5-d0c540a89489:c2802]
2019-08-21 15:29:49,870 | INFO  | DNAudit | user=null | ip=null | op=WRITE_CHUNK {blockData=conID: 3 locID: 102655681483112983 bcsId: 2798} | ret=SUCCESS |  
2019-08-21 15:29:49,870 | INFO  | DNAudit | user=null | ip=null | op=PUT_BLOCK {blockData=[blockId=conID: 3 locID: 102655681483112983 bcsId: 0,size=3145728]} | ret=SUCCESS |  
2019-08-21 15:29:49,871 | INFO  | DNAudit | user=null | ip=null | op=WRITE_CHUNK {blockData=conID: 3 locID: 102655681483112983 bcsId: 2798} | ret=SUCCESS |  
2019-08-21 15:29:49,871 | INFO  | DNAudit | user=null | ip=null | op=PUT_BLOCK {blockData=[blockId=conID: 3 locID: 102655681483112983 bcsId: 0,size=3145728]} | ret=SUCCESS |  
2019-08-21 15:29:49,876 | INFO  | DNAudit | user=null | ip=null | op=WRITE_CHUNK {blockData=conID: 3 locID: 102655681483112983 bcsId: 2804} | ret=SUCCESS |  
2019-08-21 15:29:49,877 | INFO  | DNAudit | user=null | ip=null | op=WRITE_CHUNK {blockData=conID: 3 locID: 102655681483112983 bcsId: 2804} | ret=SUCCESS |  
2019-08-21 15:29:49,877 | INFO  | DNAudit | user=null | ip=null | op=WRITE_CHUNK {blockData=conID: 3 locID: 102655681483112983 bcsId: 2804} | ret=SUCCESS |  
2019-08-21 15:29:49,890 | INFO  | DNAudit | user=null | ip=null | op=WRITE_CHUNK {blockData=conID: 3 locID: 102655681483112983 bcsId: 2804} | ret=SUCCESS |  
2019-08-21 15:29:49,891 | INFO  | DNAudit | user=null | ip=null | op=PUT_BLOCK {blockData=[blockId=conID: 3 locID: 102655681483112983 bcsId: 0,size=4194304]} | ret=SUCCESS |  
2019-08-21 15:29:49,891 [grpc-default-executor-3] INFO  client.GrpcClientProtocolClient (GrpcClientProtocolClient.java:onNext(255)) - client-029E50227556->355864cd-7ac5-4934-b366-9756b15dd90f: receive RaftClientReply:client-029E50227556->355864cd-7ac5-4934-b366-9756b15dd90f@group-785BCF25C267, cid=1921, SUCCESS, logIndex=2807, commits[355864cd-7ac5-4934-b366-9756b15dd90f:c2808, ce4aa411-63c8-4399-99eb-27ce352844f3:c2804, 3eeffb0a-787e-48ec-a2f5-d0c540a89489:c2805]
2019-08-21 15:29:49,891 [grpc-default-executor-3] INFO  client.GrpcClientProtocolClient (GrpcClientProtocolClient.java:onNext(255)) - client-029E50227556->355864cd-7ac5-4934-b366-9756b15dd90f: receive RaftClientReply:client-029E50227556->355864cd-7ac5-4934-b366-9756b15dd90f@group-785BCF25C267, cid=1922, SUCCESS, logIndex=2808, commits[355864cd-7ac5-4934-b366-9756b15dd90f:c2808, ce4aa411-63c8-4399-99eb-27ce352844f3:c2805, 3eeffb0a-787e-48ec-a2f5-d0c540a89489:c2805]
2019-08-21 15:29:49,900 | INFO  | DNAudit | user=null | ip=null | op=WRITE_CHUNK {blockData=conID: 3 locID: 102655681483112983 bcsId: 2804} | ret=SUCCESS |  
2019-08-21 15:29:49,901 | INFO  | DNAudit | user=null | ip=null | op=PUT_BLOCK {blockData=[blockId=conID: 3 locID: 102655681483112983 bcsId: 0,size=4194304]} | ret=SUCCESS |  
2019-08-21 15:29:49,901 | INFO  | DNAudit | user=null | ip=null | op=WRITE_CHUNK {blockData=conID: 3 locID: 102655681483112983 bcsId: 2804} | ret=SUCCESS |  
2019-08-21 15:29:49,901 | INFO  | DNAudit | user=null | ip=null | op=PUT_BLOCK {blockData=[blockId=conID: 3 locID: 102655681483112983 bcsId: 0,size=4194304]} | ret=SUCCESS |  
2019-08-21 15:29:49,901 [grpc-default-executor-3] INFO  client.GrpcClientProtocolClient (GrpcClientProtocolClient.java:onNext(255)) - client-029E50227556->355864cd-7ac5-4934-b366-9756b15dd90f: receive RaftClientReply:client-029E50227556->355864cd-7ac5-4934-b366-9756b15dd90f@group-785BCF25C267, cid=1923, SUCCESS, logIndex=0, commits[355864cd-7ac5-4934-b366-9756b15dd90f:c2809, ce4aa411-63c8-4399-99eb-27ce352844f3:c2808, 3eeffb0a-787e-48ec-a2f5-d0c540a89489:c2808]
2019-08-21 15:29:49,908 | INFO  | SCMAudit | user=jenkins1000 | ip=192.168.5.153 | op=ALLOCATE_BLOCK {owner=78849ec2-2b05-45d8-8cb5-e95e2230dbd1, size=4194304, type=RATIS, factor=THREE} | ret=SUCCESS |  
2019-08-21 15:29:49,911 | INFO  | OMAudit | user=jenkins1000 | ip=127.0.0.1 | op=ALLOCATE_BLOCK {volume=vol-0-32358, bucket=bucket-0-01949, key=key-0-56547, dataSize=0, replicationType=null, replicationFactor=null, keyLocationInfo=null, clientID=102655680532119954} | ret=SUCCESS |  
2019-08-21 15:29:49,917 | INFO  | DNAudit | user=null | ip=null | op=WRITE_CHUNK {blockData=conID: 1 locID: 102655681488945688 bcsId: 0} | ret=SUCCESS |  
2019-08-21 15:29:49,919 | INFO  | DNAudit | user=null | ip=null | op=WRITE_CHUNK {blockData=conID: 1 locID: 102655681488945688 bcsId: 0} | ret=SUCCESS |  
2019-08-21 15:29:49,919 | INFO  | DNAudit | user=null | ip=null | op=WRITE_CHUNK {blockData=conID: 1 locID: 102655681488945688 bcsId: 0} | ret=SUCCESS |  
2019-08-21 15:29:49,921 | INFO  | DNAudit | user=null | ip=null | op=WRITE_CHUNK {blockData=conID: 1 locID: 102655681488945688 bcsId: 0} | ret=SUCCESS |  
2019-08-21 15:29:49,921 | INFO  | DNAudit | user=null | ip=null | op=WRITE_CHUNK {blockData=conID: 1 locID: 102655681488945688 bcsId: 0} | ret=SUCCESS |  
2019-08-21 15:29:49,923 | INFO  | DNAudit | user=null | ip=null | op=WRITE_CHUNK {blockData=conID: 1 locID: 102655681488945688 bcsId: 0} | ret=SUCCESS |  
2019-08-21 15:29:49,931 | INFO  | DNAudit | user=null | ip=null | op=WRITE_CHUNK {blockData=conID: 1 locID: 102655681488945688 bcsId: 0} | ret=SUCCESS |  
2019-08-21 15:29:49,931 | INFO  | DNAudit | user=null | ip=null | op=PUT_BLOCK {blockData=[blockId=conID: 1 locID: 102655681488945688 bcsId: 0,size=1048576]} | ret=SUCCESS |  
2019-08-21 15:29:49,932 | INFO  | DNAudit | user=null | ip=null | op=WRITE_CHUNK {blockData=conID: 1 locID: 102655681488945688 bcsId: 0} | ret=SUCCESS |  
2019-08-21 15:29:49,931 [grpc-default-executor-2] INFO  client.GrpcClientProtocolClient (GrpcClientProtocolClient.java:onNext(255)) - client-029E50227556->355864cd-7ac5-4934-b366-9756b15dd90f: receive RaftClientReply:client-029E50227556->355864cd-7ac5-4934-b366-9756b15dd90f@group-785BCF25C267, cid=1924, SUCCESS, logIndex=2811, commits[355864cd-7ac5-4934-b366-9756b15dd90f:c2814, ce4aa411-63c8-4399-99eb-27ce352844f3:c2808, 3eeffb0a-787e-48ec-a2f5-d0c540a89489:c2810]
2019-08-21 15:29:49,932 | INFO  | DNAudit | user=null | ip=null | op=WRITE_CHUNK {blockData=conID: 1 locID: 102655681488945688 bcsId: 0} | ret=SUCCESS |  
2019-08-21 15:29:49,932 [grpc-default-executor-2] INFO  client.GrpcClientProtocolClient (GrpcClientProtocolClient.java:onNext(255)) - client-029E50227556->355864cd-7ac5-4934-b366-9756b15dd90f: receive RaftClientReply:client-029E50227556->355864cd-7ac5-4934-b366-9756b15dd90f@group-785BCF25C267, cid=1925, SUCCESS, logIndex=2812, commits[355864cd-7ac5-4934-b366-9756b15dd90f:c2814, ce4aa411-63c8-4399-99eb-27ce352844f3:c2810, 3eeffb0a-787e-48ec-a2f5-d0c540a89489:c2810]
2019-08-21 15:29:49,932 | INFO  | DNAudit | user=null | ip=null | op=PUT_BLOCK {blockData=[blockId=conID: 1 locID: 102655681488945688 bcsId: 0,size=2097152]} | ret=SUCCESS |  
2019-08-21 15:29:49,933 [grpc-default-executor-4] INFO  client.GrpcClientProtocolClient (GrpcClientProtocolClient.java:onNext(255)) - client-029E50227556->355864cd-7ac5-4934-b366-9756b15dd90f: receive RaftClientReply:client-029E50227556->355864cd-7ac5-4934-b366-9756b15dd90f@group-785BCF25C267, cid=1926, SUCCESS, logIndex=2813, commits[355864cd-7ac5-4934-b366-9756b15dd90f:c2814, ce4aa411-63c8-4399-99eb-27ce352844f3:c2810, 3eeffb0a-787e-48ec-a2f5-d0c540a89489:c2810]
2019-08-21 15:29:49,933 | INFO  | DNAudit | user=null | ip=null | op=PUT_BLOCK {blockData=[blockId=conID: 1 locID: 102655681488945688 bcsId: 0,size=1048576]} | ret=SUCCESS |  
2019-08-21 15:29:49,934 [grpc-default-executor-4] INFO  client.GrpcClientProtocolClient (GrpcClientProtocolClient.java:onNext(255)) - client-029E50227556->355864cd-7ac5-4934-b366-9756b15dd90f: receive RaftClientReply:client-029E50227556->355864cd-7ac5-4934-b366-9756b15dd90f@group-785BCF25C267, cid=1927, SUCCESS, logIndex=2814, commits[355864cd-7ac5-4934-b366-9756b15dd90f:c2814, ce4aa411-63c8-4399-99eb-27ce352844f3:c2810, 3eeffb0a-787e-48ec-a2f5-d0c540a89489:c2810]
2019-08-21 15:29:49,934 | INFO  | DNAudit | user=null | ip=null | op=WRITE_CHUNK {blockData=conID: 1 locID: 102655681488945688 bcsId: 0} | ret=SUCCESS |  
2019-08-21 15:29:49,934 | INFO  | DNAudit | user=null | ip=null | op=WRITE_CHUNK {blockData=conID: 1 locID: 102655681488945688 bcsId: 0} | ret=SUCCESS |  
2019-08-21 15:29:49,934 | INFO  | DNAudit | user=null | ip=null | op=PUT_BLOCK {blockData=[blockId=conID: 1 locID: 102655681488945688 bcsId: 0,size=2097152]} | ret=SUCCESS |  
2019-08-21 15:29:49,934 | INFO  | DNAudit | user=null | ip=null | op=PUT_BLOCK {blockData=[blockId=conID: 1 locID: 102655681488945688 bcsId: 0,size=1048576]} | ret=SUCCESS |  
2019-08-21 15:29:49,935 | INFO  | DNAudit | user=null | ip=null | op=WRITE_CHUNK {blockData=conID: 1 locID: 102655681488945688 bcsId: 0} | ret=SUCCESS |  
2019-08-21 15:29:49,935 | INFO  | DNAudit | user=null | ip=null | op=PUT_BLOCK {blockData=[blockId=conID: 1 locID: 102655681488945688 bcsId: 0,size=2097152]} | ret=SUCCESS |  
2019-08-21 15:29:49,935 [grpc-default-executor-4] INFO  client.GrpcClientProtocolClient (GrpcClientProtocolClient.java:onNext(255)) - client-029E50227556->355864cd-7ac5-4934-b366-9756b15dd90f: receive RaftClientReply:client-029E50227556->355864cd-7ac5-4934-b366-9756b15dd90f@group-785BCF25C267, cid=1928, SUCCESS, logIndex=0, commits[355864cd-7ac5-4934-b366-9756b15dd90f:c2817, ce4aa411-63c8-4399-99eb-27ce352844f3:c2812, 3eeffb0a-787e-48ec-a2f5-d0c540a89489:c2814]
2019-08-21 15:29:49,941 | INFO  | DNAudit | user=null | ip=null | op=WRITE_CHUNK {blockData=conID: 1 locID: 102655681488945688 bcsId: 2814} | ret=SUCCESS |  
2019-08-21 15:29:49,943 | INFO  | DNAudit | user=null | ip=null | op=WRITE_CHUNK {blockData=conID: 1 locID: 102655681488945688 bcsId: 2814} | ret=SUCCESS |  
2019-08-21 15:29:49,943 | INFO  | DNAudit | user=null | ip=null | op=WRITE_CHUNK {blockData=conID: 1 locID: 102655681488945688 bcsId: 2814} | ret=SUCCESS |  
2019-08-21 15:29:49,957 | INFO  | DNAudit | user=null | ip=null | op=WRITE_CHUNK {blockData=conID: 1 locID: 102655681488945688 bcsId: 2814} | ret=SUCCESS |  
2019-08-21 15:29:49,957 | INFO  | DNAudit | user=null | ip=null | op=PUT_BLOCK {blockData=[blockId=conID: 1 locID: 102655681488945688 bcsId: 0,size=3145728]} | ret=SUCCESS |  
2019-08-21 15:29:49,958 [grpc-default-executor-4] INFO  client.GrpcClientProtocolClient (GrpcClientProtocolClient.java:onNext(255)) - client-029E50227556->355864cd-7ac5-4934-b366-9756b15dd90f: receive RaftClientReply:client-029E50227556->355864cd-7ac5-4934-b366-9756b15dd90f@group-785BCF25C267, cid=1929, SUCCESS, logIndex=2818, commits[355864cd-7ac5-4934-b366-9756b15dd90f:c2819, ce4aa411-63c8-4399-99eb-27ce352844f3:c2817, 3eeffb0a-787e-48ec-a2f5-d0c540a89489:c2814]
2019-08-21 15:29:49,958 [grpc-default-executor-4] INFO  client.GrpcClientProtocolClient (GrpcClientProtocolClient.java:onNext(255)) - client-029E50227556->355864cd-7ac5-4934-b366-9756b15dd90f: receive RaftClientReply:client-029E50227556->355864cd-7ac5-4934-b366-9756b15dd90f@group-785BCF25C267, cid=1930, SUCCESS, logIndex=2819, commits[355864cd-7ac5-4934-b366-9756b15dd90f:c2819, ce4aa411-63c8-4399-99eb-27ce352844f3:c2817, 3eeffb0a-787e-48ec-a2f5-d0c540a89489:c2817]
2019-08-21 15:29:49,965 | INFO  | DNAudit | user=null | ip=null | op=WRITE_CHUNK {blockData=conID: 1 locID: 102655681488945688 bcsId: 2819} | ret=SUCCESS |  
2019-08-21 15:29:49,965 | INFO  | DNAudit | user=null | ip=null | op=WRITE_CHUNK {blockData=conID: 1 locID: 102655681488945688 bcsId: 2819} | ret=SUCCESS |  
2019-08-21 15:29:49,966 | INFO  | DNAudit | user=null | ip=null | op=WRITE_CHUNK {blockData=conID: 1 locID: 102655681488945688 bcsId: 2819} | ret=SUCCESS |  
2019-08-21 15:29:49,968 | INFO  | DNAudit | user=null | ip=null | op=WRITE_CHUNK {blockData=conID: 1 locID: 102655681488945688 bcsId: 2814} | ret=SUCCESS |  
2019-08-21 15:29:49,968 | INFO  | DNAudit | user=null | ip=null | op=WRITE_CHUNK {blockData=conID: 1 locID: 102655681488945688 bcsId: 2814} | ret=SUCCESS |  
2019-08-21 15:29:49,979 | INFO  | DNAudit | user=null | ip=null | op=PUT_BLOCK {blockData=[blockId=conID: 1 locID: 102655681488945688 bcsId: 0,size=3145728]} | ret=SUCCESS |  
2019-08-21 15:29:49,979 | INFO  | DNAudit | user=null | ip=null | op=PUT_BLOCK {blockData=[blockId=conID: 1 locID: 102655681488945688 bcsId: 0,size=3145728]} | ret=SUCCESS |  
2019-08-21 15:29:49,979 | INFO  | DNAudit | user=null | ip=null | op=WRITE_CHUNK {blockData=conID: 1 locID: 102655681488945688 bcsId: 2819} | ret=SUCCESS |  
2019-08-21 15:29:49,980 | INFO  | DNAudit | user=null | ip=null | op=PUT_BLOCK {blockData=[blockId=conID: 1 locID: 102655681488945688 bcsId: 0,size=4194304]} | ret=SUCCESS |  
2019-08-21 15:29:49,980 [grpc-default-executor-4] INFO  client.GrpcClientProtocolClient (GrpcClientProtocolClient.java:onNext(255)) - client-029E50227556->355864cd-7ac5-4934-b366-9756b15dd90f: receive RaftClientReply:client-029E50227556->355864cd-7ac5-4934-b366-9756b15dd90f@group-785BCF25C267, cid=1931, SUCCESS, logIndex=2822, commits[355864cd-7ac5-4934-b366-9756b15dd90f:c2822, ce4aa411-63c8-4399-99eb-27ce352844f3:c2818, 3eeffb0a-787e-48ec-a2f5-d0c540a89489:c2819]
2019-08-21 15:29:49,980 [grpc-default-executor-4] INFO  client.GrpcClientProtocolClient (GrpcClientProtocolClient.java:onNext(255)) - client-029E50227556->355864cd-7ac5-4934-b366-9756b15dd90f: receive RaftClientReply:client-029E50227556->355864cd-7ac5-4934-b366-9756b15dd90f@group-785BCF25C267, cid=1932, SUCCESS, logIndex=2823, commits[355864cd-7ac5-4934-b366-9756b15dd90f:c2823, ce4aa411-63c8-4399-99eb-27ce352844f3:c2819, 3eeffb0a-787e-48ec-a2f5-d0c540a89489:c2819]
2019-08-21 15:29:49,981 | INFO  | DNAudit | user=null | ip=null | op=WRITE_CHUNK {blockData=conID: 1 locID: 102655681488945688 bcsId: 2819} | ret=SUCCESS |  
2019-08-21 15:29:49,981 | INFO  | DNAudit | user=null | ip=null | op=WRITE_CHUNK {blockData=conID: 1 locID: 102655681488945688 bcsId: 2819} | ret=SUCCESS |  
2019-08-21 15:29:49,983 | INFO  | DNAudit | user=null | ip=null | op=PUT_BLOCK {blockData=[blockId=conID: 1 locID: 102655681488945688 bcsId: 0,size=4194304]} | ret=SUCCESS |  
2019-08-21 15:29:49,983 | INFO  | DNAudit | user=null | ip=null | op=PUT_BLOCK {blockData=[blockId=conID: 1 locID: 102655681488945688 bcsId: 0,size=4194304]} | ret=SUCCESS |  
2019-08-21 15:29:49,983 [grpc-default-executor-5] INFO  client.GrpcClientProtocolClient (GrpcClientProtocolClient.java:onNext(255)) - client-029E50227556->355864cd-7ac5-4934-b366-9756b15dd90f: receive RaftClientReply:client-029E50227556->355864cd-7ac5-4934-b366-9756b15dd90f@group-785BCF25C267, cid=1933, SUCCESS, logIndex=0, commits[355864cd-7ac5-4934-b366-9756b15dd90f:c2825, ce4aa411-63c8-4399-99eb-27ce352844f3:c2823, 3eeffb0a-787e-48ec-a2f5-d0c540a89489:c2823]
2019-08-21 15:29:49,987 | INFO  | SCMAudit | user=jenkins1000 | ip=192.168.5.153 | op=ALLOCATE_BLOCK {owner=78849ec2-2b05-45d8-8cb5-e95e2230dbd1, size=4194304, type=RATIS, factor=THREE} | ret=SUCCESS |  
2019-08-21 15:29:49,989 | INFO  | OMAudit | user=jenkins1000 | ip=127.0.0.1 | op=ALLOCATE_BLOCK {volume=vol-0-32358, bucket=bucket-0-01949, key=key-0-56547, dataSize=0, replicationType=null, replicationFactor=null, keyLocationInfo=null, clientID=102655680532119954} | ret=SUCCESS |  
2019-08-21 15:29:49,996 | INFO  | DNAudit | user=null | ip=null | op=WRITE_CHUNK {blockData=conID: 2 locID: 102655681494188569 bcsId: 0} | ret=SUCCESS |  
2019-08-21 15:29:49,997 | INFO  | DNAudit | user=null | ip=null | op=WRITE_CHUNK {blockData=conID: 2 locID: 102655681494188569 bcsId: 0} | ret=SUCCESS |  
2019-08-21 15:29:49,998 | INFO  | DNAudit | user=null | ip=null | op=WRITE_CHUNK {blockData=conID: 2 locID: 102655681494188569 bcsId: 0} | ret=SUCCESS |  
2019-08-21 15:29:49,998 | INFO  | DNAudit | user=null | ip=null | op=WRITE_CHUNK {blockData=conID: 2 locID: 102655681494188569 bcsId: 0} | ret=SUCCESS |  
2019-08-21 15:29:49,999 | INFO  | DNAudit | user=null | ip=null | op=WRITE_CHUNK {blockData=conID: 2 locID: 102655681494188569 bcsId: 0} | ret=SUCCESS |  
2019-08-21 15:29:49,999 | INFO  | DNAudit | user=null | ip=null | op=WRITE_CHUNK {blockData=conID: 2 locID: 102655681494188569 bcsId: 0} | ret=SUCCESS |  
2019-08-21 15:29:50,009 | INFO  | DNAudit | user=null | ip=null | op=WRITE_CHUNK {blockData=conID: 2 locID: 102655681494188569 bcsId: 0} | ret=SUCCESS |  
2019-08-21 15:29:50,010 | INFO  | DNAudit | user=null | ip=null | op=PUT_BLOCK {blockData=[blockId=conID: 2 locID: 102655681494188569 bcsId: 0,size=1048576]} | ret=SUCCESS |  
2019-08-21 15:29:50,010 [grpc-default-executor-5] INFO  client.GrpcClientProtocolClient (GrpcClientProtocolClient.java:onNext(255)) - client-029E50227556->355864cd-7ac5-4934-b366-9756b15dd90f: receive RaftClientReply:client-029E50227556->355864cd-7ac5-4934-b366-9756b15dd90f@group-785BCF25C267, cid=1934, SUCCESS, logIndex=2826, commits[355864cd-7ac5-4934-b366-9756b15dd90f:c2827, ce4aa411-63c8-4399-99eb-27ce352844f3:c2825, 3eeffb0a-787e-48ec-a2f5-d0c540a89489:c2825]
2019-08-21 15:29:50,011 [grpc-default-executor-2] INFO  client.GrpcClientProtocolClient (GrpcClientProtocolClient.java:onNext(255)) - client-029E50227556->355864cd-7ac5-4934-b366-9756b15dd90f: receive RaftClientReply:client-029E50227556->355864cd-7ac5-4934-b366-9756b15dd90f@group-785BCF25C267, cid=1935, SUCCESS, logIndex=2827, commits[355864cd-7ac5-4934-b366-9756b15dd90f:c2827, ce4aa411-63c8-4399-99eb-27ce352844f3:c2825, 3eeffb0a-787e-48ec-a2f5-d0c540a89489:c2825]
2019-08-21 15:29:50,011 | INFO  | DNAudit | user=null | ip=null | op=WRITE_CHUNK {blockData=conID: 2 locID: 102655681494188569 bcsId: 0} | ret=SUCCESS |  
2019-08-21 15:29:50,011 | INFO  | DNAudit | user=null | ip=null | op=PUT_BLOCK {blockData=[blockId=conID: 2 locID: 102655681494188569 bcsId: 0,size=2097152]} | ret=SUCCESS |  
2019-08-21 15:29:50,012 | INFO  | DNAudit | user=null | ip=null | op=WRITE_CHUNK {blockData=conID: 2 locID: 102655681494188569 bcsId: 0} | ret=SUCCESS |  
2019-08-21 15:29:50,012 [grpc-default-executor-2] INFO  client.GrpcClientProtocolClient (GrpcClientProtocolClient.java:onNext(255)) - client-029E50227556->355864cd-7ac5-4934-b366-9756b15dd90f: receive RaftClientReply:client-029E50227556->355864cd-7ac5-4934-b366-9756b15dd90f@group-785BCF25C267, cid=1936, SUCCESS, logIndex=2828, commits[355864cd-7ac5-4934-b366-9756b15dd90f:c2829, ce4aa411-63c8-4399-99eb-27ce352844f3:c2825, 3eeffb0a-787e-48ec-a2f5-d0c540a89489:c2825]
2019-08-21 15:29:50,012 | INFO  | DNAudit | user=null | ip=null | op=PUT_BLOCK {blockData=[blockId=conID: 2 locID: 102655681494188569 bcsId: 0,size=1048576]} | ret=SUCCESS |  
2019-08-21 15:29:50,012 [grpc-default-executor-2] INFO  client.GrpcClientProtocolClient (GrpcClientProtocolClient.java:onNext(255)) - client-029E50227556->355864cd-7ac5-4934-b366-9756b15dd90f: receive RaftClientReply:client-029E50227556->355864cd-7ac5-4934-b366-9756b15dd90f@group-785BCF25C267, cid=1937, SUCCESS, logIndex=2829, commits[355864cd-7ac5-4934-b366-9756b15dd90f:c2829, ce4aa411-63c8-4399-99eb-27ce352844f3:c2825, 3eeffb0a-787e-48ec-a2f5-d0c540a89489:c2825]
2019-08-21 15:29:50,012 | INFO  | DNAudit | user=null | ip=null | op=WRITE_CHUNK {blockData=conID: 2 locID: 102655681494188569 bcsId: 0} | ret=SUCCESS |  
2019-08-21 15:29:50,012 | INFO  | DNAudit | user=null | ip=null | op=PUT_BLOCK {blockData=[blockId=conID: 2 locID: 102655681494188569 bcsId: 0,size=1048576]} | ret=SUCCESS |  
2019-08-21 15:29:50,013 | INFO  | DNAudit | user=null | ip=null | op=WRITE_CHUNK {blockData=conID: 2 locID: 102655681494188569 bcsId: 0} | ret=SUCCESS |  
2019-08-21 15:29:50,013 | INFO  | DNAudit | user=null | ip=null | op=PUT_BLOCK {blockData=[blockId=conID: 2 locID: 102655681494188569 bcsId: 0,size=2097152]} | ret=SUCCESS |  
2019-08-21 15:29:50,013 | INFO  | DNAudit | user=null | ip=null | op=WRITE_CHUNK {blockData=conID: 2 locID: 102655681494188569 bcsId: 0} | ret=SUCCESS |  
2019-08-21 15:29:50,013 [grpc-default-executor-2] INFO  client.GrpcClientProtocolClient (GrpcClientProtocolClient.java:onNext(255)) - client-029E50227556->355864cd-7ac5-4934-b366-9756b15dd90f: receive RaftClientReply:client-029E50227556->355864cd-7ac5-4934-b366-9756b15dd90f@group-785BCF25C267, cid=1938, SUCCESS, logIndex=0, commits[355864cd-7ac5-4934-b366-9756b15dd90f:c2831, ce4aa411-63c8-4399-99eb-27ce352844f3:c2827, 3eeffb0a-787e-48ec-a2f5-d0c540a89489:c2827]
2019-08-21 15:29:50,013 | INFO  | DNAudit | user=null | ip=null | op=PUT_BLOCK {blockData=[blockId=conID: 2 locID: 102655681494188569 bcsId: 0,size=2097152]} | ret=SUCCESS |  
2019-08-21 15:29:50,020 | INFO  | DNAudit | user=null | ip=null | op=WRITE_CHUNK {blockData=conID: 2 locID: 102655681494188569 bcsId: 2829} | ret=SUCCESS |  
2019-08-21 15:29:50,022 | INFO  | DNAudit | user=null | ip=null | op=WRITE_CHUNK {blockData=conID: 2 locID: 102655681494188569 bcsId: 2829} | ret=SUCCESS |  
2019-08-21 15:29:50,022 | INFO  | DNAudit | user=null | ip=null | op=WRITE_CHUNK {blockData=conID: 2 locID: 102655681494188569 bcsId: 2829} | ret=SUCCESS |  
2019-08-21 15:29:50,032 | INFO  | DNAudit | user=null | ip=null | op=WRITE_CHUNK {blockData=conID: 2 locID: 102655681494188569 bcsId: 2829} | ret=SUCCESS |  
2019-08-21 15:29:50,033 | INFO  | DNAudit | user=null | ip=null | op=PUT_BLOCK {blockData=[blockId=conID: 2 locID: 102655681494188569 bcsId: 0,size=3145728]} | ret=SUCCESS |  
2019-08-21 15:29:50,033 [grpc-default-executor-5] INFO  client.GrpcClientProtocolClient (GrpcClientProtocolClient.java:onNext(255)) - client-029E50227556->355864cd-7ac5-4934-b366-9756b15dd90f: receive RaftClientReply:client-029E50227556->355864cd-7ac5-4934-b366-9756b15dd90f@group-785BCF25C267, cid=1939, SUCCESS, logIndex=2834, commits[355864cd-7ac5-4934-b366-9756b15dd90f:c2835, ce4aa411-63c8-4399-99eb-27ce352844f3:c2833, 3eeffb0a-787e-48ec-a2f5-d0c540a89489:c2833]
2019-08-21 15:29:50,033 [grpc-default-executor-5] INFO  client.GrpcClientProtocolClient (GrpcClientProtocolClient.java:onNext(255)) - client-029E50227556->355864cd-7ac5-4934-b366-9756b15dd90f: receive RaftClientReply:client-029E50227556->355864cd-7ac5-4934-b366-9756b15dd90f@group-785BCF25C267, cid=1940, SUCCESS, logIndex=2835, commits[355864cd-7ac5-4934-b366-9756b15dd90f:c2835, ce4aa411-63c8-4399-99eb-27ce352844f3:c2833, 3eeffb0a-787e-48ec-a2f5-d0c540a89489:c2833]
2019-08-21 15:29:50,039 | INFO  | DNAudit | user=null | ip=null | op=WRITE_CHUNK {blockData=conID: 2 locID: 102655681494188569 bcsId: 2835} | ret=SUCCESS |  
2019-08-21 15:29:50,041 | INFO  | DNAudit | user=null | ip=null | op=WRITE_CHUNK {blockData=conID: 2 locID: 102655681494188569 bcsId: 2835} | ret=SUCCESS |  
2019-08-21 15:29:50,041 | INFO  | DNAudit | user=null | ip=null | op=WRITE_CHUNK {blockData=conID: 2 locID: 102655681494188569 bcsId: 2835} | ret=SUCCESS |  
2019-08-21 15:29:50,043 | INFO  | DNAudit | user=null | ip=null | op=WRITE_CHUNK {blockData=conID: 2 locID: 102655681494188569 bcsId: 2829} | ret=SUCCESS |  
2019-08-21 15:29:50,043 | INFO  | DNAudit | user=null | ip=null | op=WRITE_CHUNK {blockData=conID: 2 locID: 102655681494188569 bcsId: 2829} | ret=SUCCESS |  
2019-08-21 15:29:50,044 | INFO  | DNAudit | user=null | ip=null | op=PUT_BLOCK {blockData=[blockId=conID: 2 locID: 102655681494188569 bcsId: 0,size=3145728]} | ret=SUCCESS |  
2019-08-21 15:29:50,044 | INFO  | DNAudit | user=null | ip=null | op=PUT_BLOCK {blockData=[blockId=conID: 2 locID: 102655681494188569 bcsId: 0,size=3145728]} | ret=SUCCESS |  
2019-08-21 15:29:50,045 | INFO  | DNAudit | user=null | ip=null | op=WRITE_CHUNK {blockData=conID: 2 locID: 102655681494188569 bcsId: 2835} | ret=SUCCESS |  
2019-08-21 15:29:50,046 | INFO  | DNAudit | user=null | ip=null | op=PUT_BLOCK {blockData=[blockId=conID: 2 locID: 102655681494188569 bcsId: 0,size=4194304]} | ret=SUCCESS |  
2019-08-21 15:29:50,046 [grpc-default-executor-5] INFO  client.GrpcClientProtocolClient (GrpcClientProtocolClient.java:onNext(255)) - client-029E50227556->355864cd-7ac5-4934-b366-9756b15dd90f: receive RaftClientReply:client-029E50227556->355864cd-7ac5-4934-b366-9756b15dd90f@group-785BCF25C267, cid=1941, SUCCESS, logIndex=2838, commits[355864cd-7ac5-4934-b366-9756b15dd90f:c2838, ce4aa411-63c8-4399-99eb-27ce352844f3:c2835, 3eeffb0a-787e-48ec-a2f5-d0c540a89489:c2835]
2019-08-21 15:29:50,046 | INFO  | SCMAudit | user=jenkins1000 | ip=192.168.5.153 | op=SEND_HEARTBEAT {datanodeUUID=a38cd7e0-d792-481c-a4c0-f4feaa89ec8f, command=[]} | ret=SUCCESS |  
2019-08-21 15:29:50,046 [grpc-default-executor-5] INFO  client.GrpcClientProtocolClient (GrpcClientProtocolClient.java:onNext(255)) - client-029E50227556->355864cd-7ac5-4934-b366-9756b15dd90f: receive RaftClientReply:client-029E50227556->355864cd-7ac5-4934-b366-9756b15dd90f@group-785BCF25C267, cid=1942, SUCCESS, logIndex=2839, commits[355864cd-7ac5-4934-b366-9756b15dd90f:c2839, ce4aa411-63c8-4399-99eb-27ce352844f3:c2835, 3eeffb0a-787e-48ec-a2f5-d0c540a89489:c2835]
2019-08-21 15:29:50,046 | INFO  | SCMAudit | user=jenkins1000 | ip=192.168.5.153 | op=SEND_HEARTBEAT {datanodeUUID=a0074e04-2715-4b16-a2b0-10b5043d27ae, command=[]} | ret=SUCCESS |  
2019-08-21 15:29:50,057 | INFO  | DNAudit | user=null | ip=null | op=WRITE_CHUNK {blockData=conID: 2 locID: 102655681494188569 bcsId: 2835} | ret=SUCCESS |  
2019-08-21 15:29:50,057 | INFO  | DNAudit | user=null | ip=null | op=WRITE_CHUNK {blockData=conID: 2 locID: 102655681494188569 bcsId: 2835} | ret=SUCCESS |  
2019-08-21 15:29:50,060 | INFO  | DNAudit | user=null | ip=null | op=PUT_BLOCK {blockData=[blockId=conID: 2 locID: 102655681494188569 bcsId: 0,size=4194304]} | ret=SUCCESS |  
2019-08-21 15:29:50,060 | INFO  | DNAudit | user=null | ip=null | op=PUT_BLOCK {blockData=[blockId=conID: 2 locID: 102655681494188569 bcsId: 0,size=4194304]} | ret=SUCCESS |  
2019-08-21 15:29:50,061 [grpc-default-executor-5] INFO  client.GrpcClientProtocolClient (GrpcClientProtocolClient.java:onNext(255)) - client-029E50227556->355864cd-7ac5-4934-b366-9756b15dd90f: receive RaftClientReply:client-029E50227556->355864cd-7ac5-4934-b366-9756b15dd90f@group-785BCF25C267, cid=1943, SUCCESS, logIndex=0, commits[355864cd-7ac5-4934-b366-9756b15dd90f:c2841, ce4aa411-63c8-4399-99eb-27ce352844f3:c2839, 3eeffb0a-787e-48ec-a2f5-d0c540a89489:c2839]
2019-08-21 15:29:50,067 | INFO  | SCMAudit | user=jenkins1000 | ip=192.168.5.153 | op=ALLOCATE_BLOCK {owner=78849ec2-2b05-45d8-8cb5-e95e2230dbd1, size=4194304, type=RATIS, factor=THREE} | ret=SUCCESS |  
2019-08-21 15:29:50,071 | INFO  | OMAudit | user=jenkins1000 | ip=127.0.0.1 | op=ALLOCATE_BLOCK {volume=vol-0-32358, bucket=bucket-0-01949, key=key-0-56547, dataSize=0, replicationType=null, replicationFactor=null, keyLocationInfo=null, clientID=102655680532119954} | ret=SUCCESS |  
2019-08-21 15:29:50,077 | INFO  | DNAudit | user=null | ip=null | op=WRITE_CHUNK {blockData=conID: 3 locID: 102655681499431450 bcsId: 0} | ret=SUCCESS |  
2019-08-21 15:29:50,079 | INFO  | DNAudit | user=null | ip=null | op=WRITE_CHUNK {blockData=conID: 3 locID: 102655681499431450 bcsId: 0} | ret=SUCCESS |  
2019-08-21 15:29:50,079 | INFO  | DNAudit | user=null | ip=null | op=WRITE_CHUNK {blockData=conID: 3 locID: 102655681499431450 bcsId: 0} | ret=SUCCESS |  
2019-08-21 15:29:50,080 | INFO  | DNAudit | user=null | ip=null | op=WRITE_CHUNK {blockData=conID: 3 locID: 102655681499431450 bcsId: 0} | ret=SUCCESS |  
2019-08-21 15:29:50,082 | INFO  | DNAudit | user=null | ip=null | op=WRITE_CHUNK {blockData=conID: 3 locID: 102655681499431450 bcsId: 0} | ret=SUCCESS |  
2019-08-21 15:29:50,082 | INFO  | DNAudit | user=null | ip=null | op=WRITE_CHUNK {blockData=conID: 3 locID: 102655681499431450 bcsId: 0} | ret=SUCCESS |  
2019-08-21 15:29:50,089 | INFO  | DNAudit | user=null | ip=null | op=WRITE_CHUNK {blockData=conID: 3 locID: 102655681499431450 bcsId: 0} | ret=SUCCESS |  
2019-08-21 15:29:50,090 | INFO  | DNAudit | user=null | ip=null | op=PUT_BLOCK {blockData=[blockId=conID: 3 locID: 102655681499431450 bcsId: 0,size=1048576]} | ret=SUCCESS |  
2019-08-21 15:29:50,090 | INFO  | DNAudit | user=null | ip=null | op=WRITE_CHUNK {blockData=conID: 3 locID: 102655681499431450 bcsId: 0} | ret=SUCCESS |  
2019-08-21 15:29:50,091 [grpc-default-executor-2] INFO  client.GrpcClientProtocolClient (GrpcClientProtocolClient.java:onNext(255)) - client-029E50227556->355864cd-7ac5-4934-b366-9756b15dd90f: receive RaftClientReply:client-029E50227556->355864cd-7ac5-4934-b366-9756b15dd90f@group-785BCF25C267, cid=1944, SUCCESS, logIndex=2842, commits[355864cd-7ac5-4934-b366-9756b15dd90f:c2843, ce4aa411-63c8-4399-99eb-27ce352844f3:c2841, 3eeffb0a-787e-48ec-a2f5-d0c540a89489:c2841]
2019-08-21 15:29:50,091 | INFO  | DNAudit | user=null | ip=null | op=PUT_BLOCK {blockData=[blockId=conID: 3 locID: 102655681499431450 bcsId: 0,size=2097152]} | ret=SUCCESS |  
2019-08-21 15:29:50,091 | INFO  | DNAudit | user=null | ip=null | op=WRITE_CHUNK {blockData=conID: 3 locID: 102655681499431450 bcsId: 0} | ret=SUCCESS |  
2019-08-21 15:29:50,091 | INFO  | DNAudit | user=null | ip=null | op=PUT_BLOCK {blockData=[blockId=conID: 3 locID: 102655681499431450 bcsId: 0,size=1048576]} | ret=SUCCESS |  
2019-08-21 15:29:50,092 | INFO  | DNAudit | user=null | ip=null | op=WRITE_CHUNK {blockData=conID: 3 locID: 102655681499431450 bcsId: 0} | ret=SUCCESS |  
2019-08-21 15:29:50,092 [grpc-default-executor-2] INFO  client.GrpcClientProtocolClient (GrpcClientProtocolClient.java:onNext(255)) - client-029E50227556->355864cd-7ac5-4934-b366-9756b15dd90f: receive RaftClientReply:client-029E50227556->355864cd-7ac5-4934-b366-9756b15dd90f@group-785BCF25C267, cid=1945, SUCCESS, logIndex=2843, commits[355864cd-7ac5-4934-b366-9756b15dd90f:c2843, ce4aa411-63c8-4399-99eb-27ce352844f3:c2841, 3eeffb0a-787e-48ec-a2f5-d0c540a89489:c2841]
2019-08-21 15:29:50,092 | INFO  | DNAudit | user=null | ip=null | op=PUT_BLOCK {blockData=[blockId=conID: 3 locID: 102655681499431450 bcsId: 0,size=1048576]} | ret=SUCCESS |  
2019-08-21 15:29:50,093 | INFO  | DNAudit | user=null | ip=null | op=WRITE_CHUNK {blockData=conID: 3 locID: 102655681499431450 bcsId: 0} | ret=SUCCESS |  
2019-08-21 15:29:50,093 | INFO  | DNAudit | user=null | ip=null | op=PUT_BLOCK {blockData=[blockId=conID: 3 locID: 102655681499431450 bcsId: 0,size=2097152]} | ret=SUCCESS |  
2019-08-21 15:29:50,093 | INFO  | DNAudit | user=null | ip=null | op=WRITE_CHUNK {blockData=conID: 3 locID: 102655681499431450 bcsId: 0} | ret=SUCCESS |  
2019-08-21 15:29:50,093 [grpc-default-executor-2] INFO  client.GrpcClientProtocolClient (GrpcClientProtocolClient.java:onNext(255)) - client-029E50227556->355864cd-7ac5-4934-b366-9756b15dd90f: receive RaftClientReply:client-029E50227556->355864cd-7ac5-4934-b366-9756b15dd90f@group-785BCF25C267, cid=1946, SUCCESS, logIndex=2844, commits[355864cd-7ac5-4934-b366-9756b15dd90f:c2845, ce4aa411-63c8-4399-99eb-27ce352844f3:c2841, 3eeffb0a-787e-48ec-a2f5-d0c540a89489:c2841]
2019-08-21 15:29:50,093 | INFO  | DNAudit | user=null | ip=null | op=PUT_BLOCK {blockData=[blockId=conID: 3 locID: 102655681499431450 bcsId: 0,size=2097152]} | ret=SUCCESS |  
2019-08-21 15:29:50,093 [grpc-default-executor-2] INFO  client.GrpcClientProtocolClient (GrpcClientProtocolClient.java:onNext(255)) - client-029E50227556->355864cd-7ac5-4934-b366-9756b15dd90f: receive RaftClientReply:client-029E50227556->355864cd-7ac5-4934-b366-9756b15dd90f@group-785BCF25C267, cid=1947, SUCCESS, logIndex=2845, commits[355864cd-7ac5-4934-b366-9756b15dd90f:c2845, ce4aa411-63c8-4399-99eb-27ce352844f3:c2841, 3eeffb0a-787e-48ec-a2f5-d0c540a89489:c2841]
2019-08-21 15:29:50,094 [grpc-default-executor-2] INFO  client.GrpcClientProtocolClient (GrpcClientProtocolClient.java:onNext(255)) - client-029E50227556->355864cd-7ac5-4934-b366-9756b15dd90f: receive RaftClientReply:client-029E50227556->355864cd-7ac5-4934-b366-9756b15dd90f@group-785BCF25C267, cid=1948, SUCCESS, logIndex=0, commits[355864cd-7ac5-4934-b366-9756b15dd90f:c2848, ce4aa411-63c8-4399-99eb-27ce352844f3:c2845, 3eeffb0a-787e-48ec-a2f5-d0c540a89489:c2845]
2019-08-21 15:29:50,100 | INFO  | DNAudit | user=null | ip=null | op=WRITE_CHUNK {blockData=conID: 3 locID: 102655681499431450 bcsId: 2845} | ret=SUCCESS |  
2019-08-21 15:29:50,102 | INFO  | DNAudit | user=null | ip=null | op=WRITE_CHUNK {blockData=conID: 3 locID: 102655681499431450 bcsId: 2845} | ret=SUCCESS |  
2019-08-21 15:29:50,103 | INFO  | DNAudit | user=null | ip=null | op=WRITE_CHUNK {blockData=conID: 3 locID: 102655681499431450 bcsId: 2845} | ret=SUCCESS |  
2019-08-21 15:29:50,113 | INFO  | DNAudit | user=null | ip=null | op=WRITE_CHUNK {blockData=conID: 3 locID: 102655681499431450 bcsId: 2845} | ret=SUCCESS |  
2019-08-21 15:29:50,114 | INFO  | DNAudit | user=null | ip=null | op=PUT_BLOCK {blockData=[blockId=conID: 3 locID: 102655681499431450 bcsId: 0,size=3145728]} | ret=SUCCESS |  
2019-08-21 15:29:50,114 [grpc-default-executor-4] INFO  client.GrpcClientProtocolClient (GrpcClientProtocolClient.java:onNext(255)) - client-029E50227556->355864cd-7ac5-4934-b366-9756b15dd90f: receive RaftClientReply:client-029E50227556->355864cd-7ac5-4934-b366-9756b15dd90f@group-785BCF25C267, cid=1949, SUCCESS, logIndex=2849, commits[355864cd-7ac5-4934-b366-9756b15dd90f:c2850, ce4aa411-63c8-4399-99eb-27ce352844f3:c2848, 3eeffb0a-787e-48ec-a2f5-d0c540a89489:c2848]
2019-08-21 15:29:50,115 [grpc-default-executor-4] INFO  client.GrpcClientProtocolClient (GrpcClientProtocolClient.java:onNext(255)) - client-029E50227556->355864cd-7ac5-4934-b366-9756b15dd90f: receive RaftClientReply:client-029E50227556->355864cd-7ac5-4934-b366-9756b15dd90f@group-785BCF25C267, cid=1950, SUCCESS, logIndex=2850, commits[355864cd-7ac5-4934-b366-9756b15dd90f:c2850, ce4aa411-63c8-4399-99eb-27ce352844f3:c2848, 3eeffb0a-787e-48ec-a2f5-d0c540a89489:c2848]
2019-08-21 15:29:50,121 | INFO  | DNAudit | user=null | ip=null | op=WRITE_CHUNK {blockData=conID: 3 locID: 102655681499431450 bcsId: 2850} | ret=SUCCESS |  
2019-08-21 15:29:50,123 | INFO  | DNAudit | user=null | ip=null | op=WRITE_CHUNK {blockData=conID: 3 locID: 102655681499431450 bcsId: 2850} | ret=SUCCESS |  
2019-08-21 15:29:50,123 | INFO  | DNAudit | user=null | ip=null | op=WRITE_CHUNK {blockData=conID: 3 locID: 102655681499431450 bcsId: 2850} | ret=SUCCESS |  
2019-08-21 15:29:50,125 | INFO  | DNAudit | user=null | ip=null | op=WRITE_CHUNK {blockData=conID: 3 locID: 102655681499431450 bcsId: 2845} | ret=SUCCESS |  
2019-08-21 15:29:50,125 | INFO  | DNAudit | user=null | ip=null | op=WRITE_CHUNK {blockData=conID: 3 locID: 102655681499431450 bcsId: 2845} | ret=SUCCESS |  
2019-08-21 15:29:50,125 | INFO  | DNAudit | user=null | ip=null | op=PUT_BLOCK {blockData=[blockId=conID: 3 locID: 102655681499431450 bcsId: 0,size=3145728]} | ret=SUCCESS |  
2019-08-21 15:29:50,125 | INFO  | DNAudit | user=null | ip=null | op=PUT_BLOCK {blockData=[blockId=conID: 3 locID: 102655681499431450 bcsId: 0,size=3145728]} | ret=SUCCESS |  
2019-08-21 15:29:50,131 | INFO  | DNAudit | user=null | ip=null | op=WRITE_CHUNK {blockData=conID: 3 locID: 102655681499431450 bcsId: 2850} | ret=SUCCESS |  
2019-08-21 15:29:50,131 | INFO  | DNAudit | user=null | ip=null | op=PUT_BLOCK {blockData=[blockId=conID: 3 locID: 102655681499431450 bcsId: 0,size=4194304]} | ret=SUCCESS |  
2019-08-21 15:29:50,132 [grpc-default-executor-4] INFO  client.GrpcClientProtocolClient (GrpcClientProtocolClient.java:onNext(255)) - client-029E50227556->355864cd-7ac5-4934-b366-9756b15dd90f: receive RaftClientReply:client-029E50227556->355864cd-7ac5-4934-b366-9756b15dd90f@group-785BCF25C267, cid=1951, SUCCESS, logIndex=2853, commits[355864cd-7ac5-4934-b366-9756b15dd90f:c2853, ce4aa411-63c8-4399-99eb-27ce352844f3:c2850, 3eeffb0a-787e-48ec-a2f5-d0c540a89489:c2850]
2019-08-21 15:29:50,132 [grpc-default-executor-4] INFO  client.GrpcClientProtocolClient (GrpcClientProtocolClient.java:onNext(255)) - client-029E50227556->355864cd-7ac5-4934-b366-9756b15dd90f: receive RaftClientReply:client-029E50227556->355864cd-7ac5-4934-b366-9756b15dd90f@group-785BCF25C267, cid=1952, SUCCESS, logIndex=2854, commits[355864cd-7ac5-4934-b366-9756b15dd90f:c2854, ce4aa411-63c8-4399-99eb-27ce352844f3:c2850, 3eeffb0a-787e-48ec-a2f5-d0c540a89489:c2850]
2019-08-21 15:29:50,142 | INFO  | DNAudit | user=null | ip=null | op=WRITE_CHUNK {blockData=conID: 3 locID: 102655681499431450 bcsId: 2850} | ret=SUCCESS |  
2019-08-21 15:29:50,142 | INFO  | DNAudit | user=null | ip=null | op=WRITE_CHUNK {blockData=conID: 3 locID: 102655681499431450 bcsId: 2850} | ret=SUCCESS |  
2019-08-21 15:29:50,143 | INFO  | DNAudit | user=null | ip=null | op=PUT_BLOCK {blockData=[blockId=conID: 3 locID: 102655681499431450 bcsId: 0,size=4194304]} | ret=SUCCESS |  
2019-08-21 15:29:50,143 | INFO  | DNAudit | user=null | ip=null | op=PUT_BLOCK {blockData=[blockId=conID: 3 locID: 102655681499431450 bcsId: 0,size=4194304]} | ret=SUCCESS |  
2019-08-21 15:29:50,144 [grpc-default-executor-4] INFO  client.GrpcClientProtocolClient (GrpcClientProtocolClient.java:onNext(255)) - client-029E50227556->355864cd-7ac5-4934-b366-9756b15dd90f: receive RaftClientReply:client-029E50227556->355864cd-7ac5-4934-b366-9756b15dd90f@group-785BCF25C267, cid=1953, SUCCESS, logIndex=0, commits[355864cd-7ac5-4934-b366-9756b15dd90f:c2856, ce4aa411-63c8-4399-99eb-27ce352844f3:c2854, 3eeffb0a-787e-48ec-a2f5-d0c540a89489:c2854]
2019-08-21 15:29:50,150 | INFO  | SCMAudit | user=jenkins1000 | ip=192.168.5.153 | op=ALLOCATE_BLOCK {owner=78849ec2-2b05-45d8-8cb5-e95e2230dbd1, size=4194304, type=RATIS, factor=THREE} | ret=SUCCESS |  
2019-08-21 15:29:50,155 | INFO  | OMAudit | user=jenkins1000 | ip=127.0.0.1 | op=ALLOCATE_BLOCK {volume=vol-0-32358, bucket=bucket-0-01949, key=key-0-56547, dataSize=0, replicationType=null, replicationFactor=null, keyLocationInfo=null, clientID=102655680532119954} | ret=SUCCESS |  
2019-08-21 15:29:50,162 | INFO  | DNAudit | user=null | ip=null | op=WRITE_CHUNK {blockData=conID: 1 locID: 102655681504870939 bcsId: 0} | ret=SUCCESS |  
2019-08-21 15:29:50,164 | INFO  | DNAudit | user=null | ip=null | op=WRITE_CHUNK {blockData=conID: 1 locID: 102655681504870939 bcsId: 0} | ret=SUCCESS |  
2019-08-21 15:29:50,165 | INFO  | DNAudit | user=null | ip=null | op=WRITE_CHUNK {blockData=conID: 1 locID: 102655681504870939 bcsId: 0} | ret=SUCCESS |  
2019-08-21 15:29:50,166 | INFO  | DNAudit | user=null | ip=null | op=WRITE_CHUNK {blockData=conID: 1 locID: 102655681504870939 bcsId: 0} | ret=SUCCESS |  
2019-08-21 15:29:50,168 | INFO  | DNAudit | user=null | ip=null | op=WRITE_CHUNK {blockData=conID: 1 locID: 102655681504870939 bcsId: 0} | ret=SUCCESS |  
2019-08-21 15:29:50,168 | INFO  | DNAudit | user=null | ip=null | op=WRITE_CHUNK {blockData=conID: 1 locID: 102655681504870939 bcsId: 0} | ret=SUCCESS |  
2019-08-21 15:29:50,174 | INFO  | DNAudit | user=null | ip=null | op=WRITE_CHUNK {blockData=conID: 1 locID: 102655681504870939 bcsId: 0} | ret=SUCCESS |  
2019-08-21 15:29:50,174 | INFO  | DNAudit | user=null | ip=null | op=PUT_BLOCK {blockData=[blockId=conID: 1 locID: 102655681504870939 bcsId: 0,size=1048576]} | ret=SUCCESS |  
2019-08-21 15:29:50,174 [grpc-default-executor-3] INFO  client.GrpcClientProtocolClient (GrpcClientProtocolClient.java:onNext(255)) - client-029E50227556->355864cd-7ac5-4934-b366-9756b15dd90f: receive RaftClientReply:client-029E50227556->355864cd-7ac5-4934-b366-9756b15dd90f@group-785BCF25C267, cid=1954, SUCCESS, logIndex=2857, commits[355864cd-7ac5-4934-b366-9756b15dd90f:c2858, ce4aa411-63c8-4399-99eb-27ce352844f3:c2856, 3eeffb0a-787e-48ec-a2f5-d0c540a89489:c2856]
2019-08-21 15:29:50,174 | INFO  | DNAudit | user=null | ip=null | op=WRITE_CHUNK {blockData=conID: 1 locID: 102655681504870939 bcsId: 0} | ret=SUCCESS |  
2019-08-21 15:29:50,175 [grpc-default-executor-3] INFO  client.GrpcClientProtocolClient (GrpcClientProtocolClient.java:onNext(255)) - client-029E50227556->355864cd-7ac5-4934-b366-9756b15dd90f: receive RaftClientReply:client-029E50227556->355864cd-7ac5-4934-b366-9756b15dd90f@group-785BCF25C267, cid=1955, SUCCESS, logIndex=2858, commits[355864cd-7ac5-4934-b366-9756b15dd90f:c2860, ce4aa411-63c8-4399-99eb-27ce352844f3:c2856, 3eeffb0a-787e-48ec-a2f5-d0c540a89489:c2856]
2019-08-21 15:29:50,175 | INFO  | DNAudit | user=null | ip=null | op=PUT_BLOCK {blockData=[blockId=conID: 1 locID: 102655681504870939 bcsId: 0,size=2097152]} | ret=SUCCESS |  
2019-08-21 15:29:50,176 | INFO  | DNAudit | user=null | ip=null | op=WRITE_CHUNK {blockData=conID: 1 locID: 102655681504870939 bcsId: 0} | ret=SUCCESS |  
2019-08-21 15:29:50,176 [grpc-default-executor-3] INFO  client.GrpcClientProtocolClient (GrpcClientProtocolClient.java:onNext(255)) - client-029E50227556->355864cd-7ac5-4934-b366-9756b15dd90f: receive RaftClientReply:client-029E50227556->355864cd-7ac5-4934-b366-9756b15dd90f@group-785BCF25C267, cid=1956, SUCCESS, logIndex=2859, commits[355864cd-7ac5-4934-b366-9756b15dd90f:c2860, ce4aa411-63c8-4399-99eb-27ce352844f3:c2856, 3eeffb0a-787e-48ec-a2f5-d0c540a89489:c2856]
2019-08-21 15:29:50,176 | INFO  | DNAudit | user=null | ip=null | op=WRITE_CHUNK {blockData=conID: 1 locID: 102655681504870939 bcsId: 0} | ret=SUCCESS |  
2019-08-21 15:29:50,176 | INFO  | DNAudit | user=null | ip=null | op=PUT_BLOCK {blockData=[blockId=conID: 1 locID: 102655681504870939 bcsId: 0,size=1048576]} | ret=SUCCESS |  
2019-08-21 15:29:50,177 | INFO  | DNAudit | user=null | ip=null | op=PUT_BLOCK {blockData=[blockId=conID: 1 locID: 102655681504870939 bcsId: 0,size=1048576]} | ret=SUCCESS |  
2019-08-21 15:29:50,177 | INFO  | DNAudit | user=null | ip=null | op=WRITE_CHUNK {blockData=conID: 1 locID: 102655681504870939 bcsId: 0} | ret=SUCCESS |  
2019-08-21 15:29:50,177 | INFO  | DNAudit | user=null | ip=null | op=WRITE_CHUNK {blockData=conID: 1 locID: 102655681504870939 bcsId: 0} | ret=SUCCESS |  
2019-08-21 15:29:50,177 | INFO  | DNAudit | user=null | ip=null | op=PUT_BLOCK {blockData=[blockId=conID: 1 locID: 102655681504870939 bcsId: 0,size=2097152]} | ret=SUCCESS |  
2019-08-21 15:29:50,178 [grpc-default-executor-3] INFO  client.GrpcClientProtocolClient (GrpcClientProtocolClient.java:onNext(255)) - client-029E50227556->355864cd-7ac5-4934-b366-9756b15dd90f: receive RaftClientReply:client-029E50227556->355864cd-7ac5-4934-b366-9756b15dd90f@group-785BCF25C267, cid=1957, SUCCESS, logIndex=2860, commits[355864cd-7ac5-4934-b366-9756b15dd90f:c2860, ce4aa411-63c8-4399-99eb-27ce352844f3:c2856, 3eeffb0a-787e-48ec-a2f5-d0c540a89489:c2856]
2019-08-21 15:29:50,178 | INFO  | DNAudit | user=null | ip=null | op=PUT_BLOCK {blockData=[blockId=conID: 1 locID: 102655681504870939 bcsId: 0,size=2097152]} | ret=SUCCESS |  
2019-08-21 15:29:50,178 [grpc-default-executor-3] INFO  client.GrpcClientProtocolClient (GrpcClientProtocolClient.java:onNext(255)) - client-029E50227556->355864cd-7ac5-4934-b366-9756b15dd90f: receive RaftClientReply:client-029E50227556->355864cd-7ac5-4934-b366-9756b15dd90f@group-785BCF25C267, cid=1958, SUCCESS, logIndex=0, commits[355864cd-7ac5-4934-b366-9756b15dd90f:c2864, ce4aa411-63c8-4399-99eb-27ce352844f3:c2860, 3eeffb0a-787e-48ec-a2f5-d0c540a89489:c2860]
2019-08-21 15:29:50,185 | INFO  | DNAudit | user=null | ip=null | op=WRITE_CHUNK {blockData=conID: 1 locID: 102655681504870939 bcsId: 2860} | ret=SUCCESS |  
2019-08-21 15:29:50,186 | INFO  | DNAudit | user=null | ip=null | op=WRITE_CHUNK {blockData=conID: 1 locID: 102655681504870939 bcsId: 2860} | ret=SUCCESS |  
2019-08-21 15:29:50,187 | INFO  | DNAudit | user=null | ip=null | op=WRITE_CHUNK {blockData=conID: 1 locID: 102655681504870939 bcsId: 2860} | ret=SUCCESS |  
2019-08-21 15:29:50,200 | INFO  | DNAudit | user=null | ip=null | op=WRITE_CHUNK {blockData=conID: 1 locID: 102655681504870939 bcsId: 2860} | ret=SUCCESS |  
2019-08-21 15:29:50,200 | INFO  | DNAudit | user=null | ip=null | op=PUT_BLOCK {blockData=[blockId=conID: 1 locID: 102655681504870939 bcsId: 0,size=3145728]} | ret=SUCCESS |  
2019-08-21 15:29:50,200 [grpc-default-executor-5] INFO  client.GrpcClientProtocolClient (GrpcClientProtocolClient.java:onNext(255)) - client-029E50227556->355864cd-7ac5-4934-b366-9756b15dd90f: receive RaftClientReply:client-029E50227556->355864cd-7ac5-4934-b366-9756b15dd90f@group-785BCF25C267, cid=1959, SUCCESS, logIndex=2865, commits[355864cd-7ac5-4934-b366-9756b15dd90f:c2866, ce4aa411-63c8-4399-99eb-27ce352844f3:c2864, 3eeffb0a-787e-48ec-a2f5-d0c540a89489:c2864]
2019-08-21 15:29:50,201 [grpc-default-executor-5] INFO  client.GrpcClientProtocolClient (GrpcClientProtocolClient.java:onNext(255)) - client-029E50227556->355864cd-7ac5-4934-b366-9756b15dd90f: receive RaftClientReply:client-029E50227556->355864cd-7ac5-4934-b366-9756b15dd90f@group-785BCF25C267, cid=1960, SUCCESS, logIndex=2866, commits[355864cd-7ac5-4934-b366-9756b15dd90f:c2866, ce4aa411-63c8-4399-99eb-27ce352844f3:c2864, 3eeffb0a-787e-48ec-a2f5-d0c540a89489:c2864]
2019-08-21 15:29:50,207 | INFO  | DNAudit | user=null | ip=null | op=WRITE_CHUNK {blockData=conID: 1 locID: 102655681504870939 bcsId: 2866} | ret=SUCCESS |  
2019-08-21 15:29:50,209 | INFO  | DNAudit | user=null | ip=null | op=WRITE_CHUNK {blockData=conID: 1 locID: 102655681504870939 bcsId: 2866} | ret=SUCCESS |  
2019-08-21 15:29:50,210 | INFO  | DNAudit | user=null | ip=null | op=WRITE_CHUNK {blockData=conID: 1 locID: 102655681504870939 bcsId: 2866} | ret=SUCCESS |  
2019-08-21 15:29:50,212 | INFO  | DNAudit | user=null | ip=null | op=WRITE_CHUNK {blockData=conID: 1 locID: 102655681504870939 bcsId: 2860} | ret=SUCCESS |  
2019-08-21 15:29:50,212 | INFO  | DNAudit | user=null | ip=null | op=WRITE_CHUNK {blockData=conID: 1 locID: 102655681504870939 bcsId: 2860} | ret=SUCCESS |  
2019-08-21 15:29:50,212 | INFO  | DNAudit | user=null | ip=null | op=PUT_BLOCK {blockData=[blockId=conID: 1 locID: 102655681504870939 bcsId: 0,size=3145728]} | ret=SUCCESS |  
2019-08-21 15:29:50,212 | INFO  | DNAudit | user=null | ip=null | op=PUT_BLOCK {blockData=[blockId=conID: 1 locID: 102655681504870939 bcsId: 0,size=3145728]} | ret=SUCCESS |  
2019-08-21 15:29:50,213 | INFO  | DNAudit | user=null | ip=null | op=WRITE_CHUNK {blockData=conID: 1 locID: 102655681504870939 bcsId: 2866} | ret=SUCCESS |  
2019-08-21 15:29:50,214 | INFO  | DNAudit | user=null | ip=null | op=PUT_BLOCK {blockData=[blockId=conID: 1 locID: 102655681504870939 bcsId: 0,size=4194304]} | ret=SUCCESS |  
2019-08-21 15:29:50,215 [grpc-default-executor-3] INFO  client.GrpcClientProtocolClient (GrpcClientProtocolClient.java:onNext(255)) - client-029E50227556->355864cd-7ac5-4934-b366-9756b15dd90f: receive RaftClientReply:client-029E50227556->355864cd-7ac5-4934-b366-9756b15dd90f@group-785BCF25C267, cid=1961, SUCCESS, logIndex=2869, commits[355864cd-7ac5-4934-b366-9756b15dd90f:c2869, ce4aa411-63c8-4399-99eb-27ce352844f3:c2866, 3eeffb0a-787e-48ec-a2f5-d0c540a89489:c2866]
2019-08-21 15:29:50,215 [grpc-default-executor-3] INFO  client.GrpcClientProtocolClient (GrpcClientProtocolClient.java:onNext(255)) - client-029E50227556->355864cd-7ac5-4934-b366-9756b15dd90f: receive RaftClientReply:client-029E50227556->355864cd-7ac5-4934-b366-9756b15dd90f@group-785BCF25C267, cid=1962, SUCCESS, logIndex=2870, commits[355864cd-7ac5-4934-b366-9756b15dd90f:c2870, ce4aa411-63c8-4399-99eb-27ce352844f3:c2866, 3eeffb0a-787e-48ec-a2f5-d0c540a89489:c2866]
2019-08-21 15:29:50,230 | INFO  | DNAudit | user=null | ip=null | op=WRITE_CHUNK {blockData=conID: 1 locID: 102655681504870939 bcsId: 2866} | ret=SUCCESS |  
2019-08-21 15:29:50,230 | INFO  | DNAudit | user=null | ip=null | op=WRITE_CHUNK {blockData=conID: 1 locID: 102655681504870939 bcsId: 2866} | ret=SUCCESS |  
2019-08-21 15:29:50,231 | INFO  | DNAudit | user=null | ip=null | op=PUT_BLOCK {blockData=[blockId=conID: 1 locID: 102655681504870939 bcsId: 0,size=4194304]} | ret=SUCCESS |  
2019-08-21 15:29:50,233 | INFO  | DNAudit | user=null | ip=null | op=PUT_BLOCK {blockData=[blockId=conID: 1 locID: 102655681504870939 bcsId: 0,size=4194304]} | ret=SUCCESS |  
2019-08-21 15:29:50,234 [grpc-default-executor-3] INFO  client.GrpcClientProtocolClient (GrpcClientProtocolClient.java:onNext(255)) - client-029E50227556->355864cd-7ac5-4934-b366-9756b15dd90f: receive RaftClientReply:client-029E50227556->355864cd-7ac5-4934-b366-9756b15dd90f@group-785BCF25C267, cid=1963, SUCCESS, logIndex=0, commits[355864cd-7ac5-4934-b366-9756b15dd90f:c2872, ce4aa411-63c8-4399-99eb-27ce352844f3:c2870, 3eeffb0a-787e-48ec-a2f5-d0c540a89489:c2870]
2019-08-21 15:29:50,241 | INFO  | SCMAudit | user=jenkins1000 | ip=192.168.5.153 | op=ALLOCATE_BLOCK {owner=78849ec2-2b05-45d8-8cb5-e95e2230dbd1, size=4194304, type=RATIS, factor=THREE} | ret=SUCCESS |  
2019-08-21 15:29:50,247 | INFO  | OMAudit | user=jenkins1000 | ip=127.0.0.1 | op=ALLOCATE_BLOCK {volume=vol-0-32358, bucket=bucket-0-01949, key=key-0-56547, dataSize=0, replicationType=null, replicationFactor=null, keyLocationInfo=null, clientID=102655680532119954} | ret=SUCCESS |  
2019-08-21 15:29:50,255 | INFO  | DNAudit | user=null | ip=null | op=WRITE_CHUNK {blockData=conID: 2 locID: 102655681510769180 bcsId: 0} | ret=SUCCESS |  
2019-08-21 15:29:50,258 | INFO  | DNAudit | user=null | ip=null | op=WRITE_CHUNK {blockData=conID: 2 locID: 102655681510769180 bcsId: 0} | ret=SUCCESS |  
2019-08-21 15:29:50,258 | INFO  | DNAudit | user=null | ip=null | op=WRITE_CHUNK {blockData=conID: 2 locID: 102655681510769180 bcsId: 0} | ret=SUCCESS |  
2019-08-21 15:29:50,259 | INFO  | DNAudit | user=null | ip=null | op=WRITE_CHUNK {blockData=conID: 2 locID: 102655681510769180 bcsId: 0} | ret=SUCCESS |  
2019-08-21 15:29:50,260 | INFO  | DNAudit | user=null | ip=null | op=WRITE_CHUNK {blockData=conID: 2 locID: 102655681510769180 bcsId: 0} | ret=SUCCESS |  
2019-08-21 15:29:50,260 | INFO  | DNAudit | user=null | ip=null | op=WRITE_CHUNK {blockData=conID: 2 locID: 102655681510769180 bcsId: 0} | ret=SUCCESS |  
2019-08-21 15:29:50,269 | INFO  | DNAudit | user=null | ip=null | op=WRITE_CHUNK {blockData=conID: 2 locID: 102655681510769180 bcsId: 0} | ret=SUCCESS |  
2019-08-21 15:29:50,269 | INFO  | DNAudit | user=null | ip=null | op=PUT_BLOCK {blockData=[blockId=conID: 2 locID: 102655681510769180 bcsId: 0,size=1048576]} | ret=SUCCESS |  
2019-08-21 15:29:50,270 | INFO  | DNAudit | user=null | ip=null | op=WRITE_CHUNK {blockData=conID: 2 locID: 102655681510769180 bcsId: 0} | ret=SUCCESS |  
2019-08-21 15:29:50,270 [grpc-default-executor-5] INFO  client.GrpcClientProtocolClient (GrpcClientProtocolClient.java:onNext(255)) - client-029E50227556->355864cd-7ac5-4934-b366-9756b15dd90f: receive RaftClientReply:client-029E50227556->355864cd-7ac5-4934-b366-9756b15dd90f@group-785BCF25C267, cid=1964, SUCCESS, logIndex=2873, commits[355864cd-7ac5-4934-b366-9756b15dd90f:c2876, ce4aa411-63c8-4399-99eb-27ce352844f3:c2872, 3eeffb0a-787e-48ec-a2f5-d0c540a89489:c2872]
2019-08-21 15:29:50,271 | INFO  | DNAudit | user=null | ip=null | op=PUT_BLOCK {blockData=[blockId=conID: 2 locID: 102655681510769180 bcsId: 0,size=2097152]} | ret=SUCCESS |  
2019-08-21 15:29:50,271 [grpc-default-executor-5] INFO  client.GrpcClientProtocolClient (GrpcClientProtocolClient.java:onNext(255)) - client-029E50227556->355864cd-7ac5-4934-b366-9756b15dd90f: receive RaftClientReply:client-029E50227556->355864cd-7ac5-4934-b366-9756b15dd90f@group-785BCF25C267, cid=1965, SUCCESS, logIndex=2874, commits[355864cd-7ac5-4934-b366-9756b15dd90f:c2876, ce4aa411-63c8-4399-99eb-27ce352844f3:c2872, 3eeffb0a-787e-48ec-a2f5-d0c540a89489:c2872]
2019-08-21 15:29:50,271 [grpc-default-executor-5] INFO  client.GrpcClientProtocolClient (GrpcClientProtocolClient.java:onNext(255)) - client-029E50227556->355864cd-7ac5-4934-b366-9756b15dd90f: receive RaftClientReply:client-029E50227556->355864cd-7ac5-4934-b366-9756b15dd90f@group-785BCF25C267, cid=1966, SUCCESS, logIndex=2875, commits[355864cd-7ac5-4934-b366-9756b15dd90f:c2876, ce4aa411-63c8-4399-99eb-27ce352844f3:c2872, 3eeffb0a-787e-48ec-a2f5-d0c540a89489:c2872]
2019-08-21 15:29:50,271 [grpc-default-executor-5] INFO  client.GrpcClientProtocolClient (GrpcClientProtocolClient.java:onNext(255)) - client-029E50227556->355864cd-7ac5-4934-b366-9756b15dd90f: receive RaftClientReply:client-029E50227556->355864cd-7ac5-4934-b366-9756b15dd90f@group-785BCF25C267, cid=1967, SUCCESS, logIndex=2876, commits[355864cd-7ac5-4934-b366-9756b15dd90f:c2876, ce4aa411-63c8-4399-99eb-27ce352844f3:c2872, 3eeffb0a-787e-48ec-a2f5-d0c540a89489:c2872]
2019-08-21 15:29:50,280 | INFO  | DNAudit | user=null | ip=null | op=WRITE_CHUNK {blockData=conID: 2 locID: 102655681510769180 bcsId: 0} | ret=SUCCESS |  
2019-08-21 15:29:50,281 | INFO  | DNAudit | user=null | ip=null | op=WRITE_CHUNK {blockData=conID: 2 locID: 102655681510769180 bcsId: 0} | ret=SUCCESS |  
2019-08-21 15:29:50,281 | INFO  | DNAudit | user=null | ip=null | op=PUT_BLOCK {blockData=[blockId=conID: 2 locID: 102655681510769180 bcsId: 0,size=1048576]} | ret=SUCCESS |  
2019-08-21 15:29:50,281 | INFO  | DNAudit | user=null | ip=null | op=PUT_BLOCK {blockData=[blockId=conID: 2 locID: 102655681510769180 bcsId: 0,size=1048576]} | ret=SUCCESS |  
2019-08-21 15:29:50,281 [grpc-default-executor-5] INFO  client.GrpcClientProtocolClient (GrpcClientProtocolClient.java:onNext(255)) - client-029E50227556->355864cd-7ac5-4934-b366-9756b15dd90f: receive RaftClientReply:client-029E50227556->355864cd-7ac5-4934-b366-9756b15dd90f@group-785BCF25C267, cid=1968, SUCCESS, logIndex=0, commits[355864cd-7ac5-4934-b366-9756b15dd90f:c2877, ce4aa411-63c8-4399-99eb-27ce352844f3:c2874, 3eeffb0a-787e-48ec-a2f5-d0c540a89489:c2874]
2019-08-21 15:29:50,283 | INFO  | DNAudit | user=null | ip=null | op=WRITE_CHUNK {blockData=conID: 2 locID: 102655681510769180 bcsId: 0} | ret=SUCCESS |  
2019-08-21 15:29:50,283 | INFO  | DNAudit | user=null | ip=null | op=PUT_BLOCK {blockData=[blockId=conID: 2 locID: 102655681510769180 bcsId: 0,size=2097152]} | ret=SUCCESS |  
2019-08-21 15:29:50,284 | INFO  | DNAudit | user=null | ip=null | op=WRITE_CHUNK {blockData=conID: 2 locID: 102655681510769180 bcsId: 0} | ret=SUCCESS |  
2019-08-21 15:29:50,284 | INFO  | DNAudit | user=null | ip=null | op=PUT_BLOCK {blockData=[blockId=conID: 2 locID: 102655681510769180 bcsId: 0,size=2097152]} | ret=SUCCESS |  
2019-08-21 15:29:50,289 | INFO  | DNAudit | user=null | ip=null | op=WRITE_CHUNK {blockData=conID: 2 locID: 102655681510769180 bcsId: 2876} | ret=SUCCESS |  
2019-08-21 15:29:50,291 | INFO  | DNAudit | user=null | ip=null | op=WRITE_CHUNK {blockData=conID: 2 locID: 102655681510769180 bcsId: 2876} | ret=SUCCESS |  
2019-08-21 15:29:50,291 | INFO  | DNAudit | user=null | ip=null | op=WRITE_CHUNK {blockData=conID: 2 locID: 102655681510769180 bcsId: 2876} | ret=SUCCESS |  
2019-08-21 15:29:50,302 | INFO  | DNAudit | user=null | ip=null | op=WRITE_CHUNK {blockData=conID: 2 locID: 102655681510769180 bcsId: 2876} | ret=SUCCESS |  
2019-08-21 15:29:50,303 | INFO  | DNAudit | user=null | ip=null | op=PUT_BLOCK {blockData=[blockId=conID: 2 locID: 102655681510769180 bcsId: 0,size=3145728]} | ret=SUCCESS |  
2019-08-21 15:29:50,304 [grpc-default-executor-5] INFO  client.GrpcClientProtocolClient (GrpcClientProtocolClient.java:onNext(255)) - client-029E50227556->355864cd-7ac5-4934-b366-9756b15dd90f: receive RaftClientReply:client-029E50227556->355864cd-7ac5-4934-b366-9756b15dd90f@group-785BCF25C267, cid=1969, SUCCESS, logIndex=2881, commits[355864cd-7ac5-4934-b366-9756b15dd90f:c2882, ce4aa411-63c8-4399-99eb-27ce352844f3:c2880, 3eeffb0a-787e-48ec-a2f5-d0c540a89489:c2880]
2019-08-21 15:29:50,304 [grpc-default-executor-5] INFO  client.GrpcClientProtocolClient (GrpcClientProtocolClient.java:onNext(255)) - client-029E50227556->355864cd-7ac5-4934-b366-9756b15dd90f: receive RaftClientReply:client-029E50227556->355864cd-7ac5-4934-b366-9756b15dd90f@group-785BCF25C267, cid=1970, SUCCESS, logIndex=2882, commits[355864cd-7ac5-4934-b366-9756b15dd90f:c2882, ce4aa411-63c8-4399-99eb-27ce352844f3:c2880, 3eeffb0a-787e-48ec-a2f5-d0c540a89489:c2880]
2019-08-21 15:29:50,311 | INFO  | DNAudit | user=null | ip=null | op=WRITE_CHUNK {blockData=conID: 2 locID: 102655681510769180 bcsId: 2882} | ret=SUCCESS |  
2019-08-21 15:29:50,313 | INFO  | DNAudit | user=null | ip=null | op=WRITE_CHUNK {blockData=conID: 2 locID: 102655681510769180 bcsId: 2882} | ret=SUCCESS |  
2019-08-21 15:29:50,313 | INFO  | DNAudit | user=null | ip=null | op=WRITE_CHUNK {blockData=conID: 2 locID: 102655681510769180 bcsId: 2882} | ret=SUCCESS |  
2019-08-21 15:29:50,313 | INFO  | DNAudit | user=null | ip=null | op=WRITE_CHUNK {blockData=conID: 2 locID: 102655681510769180 bcsId: 2876} | ret=SUCCESS |  
2019-08-21 15:29:50,314 | INFO  | DNAudit | user=null | ip=null | op=PUT_BLOCK {blockData=[blockId=conID: 2 locID: 102655681510769180 bcsId: 0,size=3145728]} | ret=SUCCESS |  
2019-08-21 15:29:50,314 | INFO  | DNAudit | user=null | ip=null | op=WRITE_CHUNK {blockData=conID: 2 locID: 102655681510769180 bcsId: 2876} | ret=SUCCESS |  
2019-08-21 15:29:50,314 | INFO  | DNAudit | user=null | ip=null | op=PUT_BLOCK {blockData=[blockId=conID: 2 locID: 102655681510769180 bcsId: 0,size=3145728]} | ret=SUCCESS |  
2019-08-21 15:29:50,317 | INFO  | DNAudit | user=null | ip=null | op=WRITE_CHUNK {blockData=conID: 2 locID: 102655681510769180 bcsId: 2882} | ret=SUCCESS |  
2019-08-21 15:29:50,318 | INFO  | DNAudit | user=null | ip=null | op=PUT_BLOCK {blockData=[blockId=conID: 2 locID: 102655681510769180 bcsId: 0,size=4194304]} | ret=SUCCESS |  
2019-08-21 15:29:50,318 [grpc-default-executor-3] INFO  client.GrpcClientProtocolClient (GrpcClientProtocolClient.java:onNext(255)) - client-029E50227556->355864cd-7ac5-4934-b366-9756b15dd90f: receive RaftClientReply:client-029E50227556->355864cd-7ac5-4934-b366-9756b15dd90f@group-785BCF25C267, cid=1971, SUCCESS, logIndex=2885, commits[355864cd-7ac5-4934-b366-9756b15dd90f:c2885, ce4aa411-63c8-4399-99eb-27ce352844f3:c2882, 3eeffb0a-787e-48ec-a2f5-d0c540a89489:c2882]
2019-08-21 15:29:50,319 [grpc-default-executor-3] INFO  client.GrpcClientProtocolClient (GrpcClientProtocolClient.java:onNext(255)) - client-029E50227556->355864cd-7ac5-4934-b366-9756b15dd90f: receive RaftClientReply:client-029E50227556->355864cd-7ac5-4934-b366-9756b15dd90f@group-785BCF25C267, cid=1972, SUCCESS, logIndex=2886, commits[355864cd-7ac5-4934-b366-9756b15dd90f:c2886, ce4aa411-63c8-4399-99eb-27ce352844f3:c2882, 3eeffb0a-787e-48ec-a2f5-d0c540a89489:c2882]
2019-08-21 15:29:50,328 | INFO  | DNAudit | user=null | ip=null | op=WRITE_CHUNK {blockData=conID: 2 locID: 102655681510769180 bcsId: 2882} | ret=SUCCESS |  
2019-08-21 15:29:50,329 | INFO  | DNAudit | user=null | ip=null | op=WRITE_CHUNK {blockData=conID: 2 locID: 102655681510769180 bcsId: 2882} | ret=SUCCESS |  
2019-08-21 15:29:50,331 | INFO  | DNAudit | user=null | ip=null | op=PUT_BLOCK {blockData=[blockId=conID: 2 locID: 102655681510769180 bcsId: 0,size=4194304]} | ret=SUCCESS |  
2019-08-21 15:29:50,331 | INFO  | DNAudit | user=null | ip=null | op=PUT_BLOCK {blockData=[blockId=conID: 2 locID: 102655681510769180 bcsId: 0,size=4194304]} | ret=SUCCESS |  
2019-08-21 15:29:50,332 [grpc-default-executor-3] INFO  client.GrpcClientProtocolClient (GrpcClientProtocolClient.java:onNext(255)) - client-029E50227556->355864cd-7ac5-4934-b366-9756b15dd90f: receive RaftClientReply:client-029E50227556->355864cd-7ac5-4934-b366-9756b15dd90f@group-785BCF25C267, cid=1973, SUCCESS, logIndex=0, commits[355864cd-7ac5-4934-b366-9756b15dd90f:c2888, ce4aa411-63c8-4399-99eb-27ce352844f3:c2886, 3eeffb0a-787e-48ec-a2f5-d0c540a89489:c2886]
2019-08-21 15:29:50,337 | INFO  | SCMAudit | user=jenkins1000 | ip=192.168.5.153 | op=ALLOCATE_BLOCK {owner=78849ec2-2b05-45d8-8cb5-e95e2230dbd1, size=4194304, type=RATIS, factor=THREE} | ret=SUCCESS |  
2019-08-21 15:29:50,341 | INFO  | OMAudit | user=jenkins1000 | ip=127.0.0.1 | op=ALLOCATE_BLOCK {volume=vol-0-32358, bucket=bucket-0-01949, key=key-0-56547, dataSize=0, replicationType=null, replicationFactor=null, keyLocationInfo=null, clientID=102655680532119954} | ret=SUCCESS |  
 0.00% |█                                                                                                    |  0/1 Time: 0:00:152019-08-21 15:29:51,061 | INFO  | SCMAudit | user=jenkins1000 | ip=192.168.5.153 | op=SEND_HEARTBEAT {datanodeUUID=3eeffb0a-787e-48ec-a2f5-d0c540a89489, command=[]} | ret=SUCCESS |  
2019-08-21 15:29:51,061 | INFO  | SCMAudit | user=jenkins1000 | ip=192.168.5.153 | op=SEND_HEARTBEAT {datanodeUUID=355864cd-7ac5-4934-b366-9756b15dd90f, command=[]} | ret=SUCCESS |  
2019-08-21 15:29:51,061 | INFO  | SCMAudit | user=jenkins1000 | ip=192.168.5.153 | op=SEND_HEARTBEAT {datanodeUUID=a38cd7e0-d792-481c-a4c0-f4feaa89ec8f, command=[]} | ret=SUCCESS |  
2019-08-21 15:29:51,061 | INFO  | SCMAudit | user=jenkins1000 | ip=192.168.5.153 | op=SEND_HEARTBEAT {datanodeUUID=ce4aa411-63c8-4399-99eb-27ce352844f3, command=[]} | ret=SUCCESS |  
2019-08-21 15:29:51,061 | INFO  | SCMAudit | user=jenkins1000 | ip=192.168.5.153 | op=SEND_HEARTBEAT {datanodeUUID=a0074e04-2715-4b16-a2b0-10b5043d27ae, command=[]} | ret=SUCCESS |  
2019-08-21 15:29:51,069 | INFO  | DNAudit | user=null | ip=null | op=WRITE_CHUNK {blockData=conID: 3 locID: 102655681517126173 bcsId: 0} | ret=SUCCESS |  
2019-08-21 15:29:51,072 | INFO  | DNAudit | user=null | ip=null | op=WRITE_CHUNK {blockData=conID: 3 locID: 102655681517126173 bcsId: 0} | ret=SUCCESS |  
2019-08-21 15:29:51,075 | INFO  | DNAudit | user=null | ip=null | op=WRITE_CHUNK {blockData=conID: 3 locID: 102655681517126173 bcsId: 0} | ret=SUCCESS |  
2019-08-21 15:29:51,075 | INFO  | DNAudit | user=null | ip=null | op=WRITE_CHUNK {blockData=conID: 3 locID: 102655681517126173 bcsId: 0} | ret=SUCCESS |  
2019-08-21 15:29:51,076 | INFO  | DNAudit | user=null | ip=null | op=WRITE_CHUNK {blockData=conID: 3 locID: 102655681517126173 bcsId: 0} | ret=SUCCESS |  
2019-08-21 15:29:51,077 | INFO  | DNAudit | user=null | ip=null | op=WRITE_CHUNK {blockData=conID: 3 locID: 102655681517126173 bcsId: 0} | ret=SUCCESS |  
2019-08-21 15:29:51,086 | INFO  | DNAudit | user=null | ip=null | op=WRITE_CHUNK {blockData=conID: 3 locID: 102655681517126173 bcsId: 0} | ret=SUCCESS |  
2019-08-21 15:29:51,087 | INFO  | DNAudit | user=null | ip=null | op=PUT_BLOCK {blockData=[blockId=conID: 3 locID: 102655681517126173 bcsId: 0,size=1048576]} | ret=SUCCESS |  
2019-08-21 15:29:51,087 | INFO  | DNAudit | user=null | ip=null | op=WRITE_CHUNK {blockData=conID: 3 locID: 102655681517126173 bcsId: 0} | ret=SUCCESS |  
2019-08-21 15:29:51,087 [grpc-default-executor-2] INFO  client.GrpcClientProtocolClient (GrpcClientProtocolClient.java:onNext(255)) - client-029E50227556->355864cd-7ac5-4934-b366-9756b15dd90f: receive RaftClientReply:client-029E50227556->355864cd-7ac5-4934-b366-9756b15dd90f@group-785BCF25C267, cid=1974, SUCCESS, logIndex=2889, commits[355864cd-7ac5-4934-b366-9756b15dd90f:c2892, ce4aa411-63c8-4399-99eb-27ce352844f3:c2888, 3eeffb0a-787e-48ec-a2f5-d0c540a89489:c2888]
2019-08-21 15:29:51,088 | INFO  | DNAudit | user=null | ip=null | op=PUT_BLOCK {blockData=[blockId=conID: 3 locID: 102655681517126173 bcsId: 0,size=2097152]} | ret=SUCCESS |  
2019-08-21 15:29:51,088 [grpc-default-executor-2] INFO  client.GrpcClientProtocolClient (GrpcClientProtocolClient.java:onNext(255)) - client-029E50227556->355864cd-7ac5-4934-b366-9756b15dd90f: receive RaftClientReply:client-029E50227556->355864cd-7ac5-4934-b366-9756b15dd90f@group-785BCF25C267, cid=1975, SUCCESS, logIndex=2890, commits[355864cd-7ac5-4934-b366-9756b15dd90f:c2892, ce4aa411-63c8-4399-99eb-27ce352844f3:c2888, 3eeffb0a-787e-48ec-a2f5-d0c540a89489:c2888]
2019-08-21 15:29:51,088 [grpc-default-executor-2] INFO  client.GrpcClientProtocolClient (GrpcClientProtocolClient.java:onNext(255)) - client-029E50227556->355864cd-7ac5-4934-b366-9756b15dd90f: receive RaftClientReply:client-029E50227556->355864cd-7ac5-4934-b366-9756b15dd90f@group-785BCF25C267, cid=1976, SUCCESS, logIndex=2891, commits[355864cd-7ac5-4934-b366-9756b15dd90f:c2892, ce4aa411-63c8-4399-99eb-27ce352844f3:c2888, 3eeffb0a-787e-48ec-a2f5-d0c540a89489:c2888]
2019-08-21 15:29:51,089 [grpc-default-executor-2] INFO  client.GrpcClientProtocolClient (GrpcClientProtocolClient.java:onNext(255)) - client-029E50227556->355864cd-7ac5-4934-b366-9756b15dd90f: receive RaftClientReply:client-029E50227556->355864cd-7ac5-4934-b366-9756b15dd90f@group-785BCF25C267, cid=1977, SUCCESS, logIndex=2892, commits[355864cd-7ac5-4934-b366-9756b15dd90f:c2892, ce4aa411-63c8-4399-99eb-27ce352844f3:c2888, 3eeffb0a-787e-48ec-a2f5-d0c540a89489:c2888]
2019-08-21 15:29:51,098 | INFO  | DNAudit | user=null | ip=null | op=WRITE_CHUNK {blockData=conID: 3 locID: 102655681517126173 bcsId: 0} | ret=SUCCESS |  
2019-08-21 15:29:51,098 | INFO  | DNAudit | user=null | ip=null | op=WRITE_CHUNK {blockData=conID: 3 locID: 102655681517126173 bcsId: 0} | ret=SUCCESS |  
2019-08-21 15:29:51,099 | INFO  | DNAudit | user=null | ip=null | op=PUT_BLOCK {blockData=[blockId=conID: 3 locID: 102655681517126173 bcsId: 0,size=1048576]} | ret=SUCCESS |  
2019-08-21 15:29:51,101 | INFO  | DNAudit | user=null | ip=null | op=PUT_BLOCK {blockData=[blockId=conID: 3 locID: 102655681517126173 bcsId: 0,size=1048576]} | ret=SUCCESS |  
2019-08-21 15:29:51,101 | INFO  | DNAudit | user=null | ip=null | op=WRITE_CHUNK {blockData=conID: 3 locID: 102655681517126173 bcsId: 0} | ret=SUCCESS |  
2019-08-21 15:29:51,101 | INFO  | DNAudit | user=null | ip=null | op=WRITE_CHUNK {blockData=conID: 3 locID: 102655681517126173 bcsId: 0} | ret=SUCCESS |  
2019-08-21 15:29:51,101 [grpc-default-executor-2] INFO  client.GrpcClientProtocolClient (GrpcClientProtocolClient.java:onNext(255)) - client-029E50227556->355864cd-7ac5-4934-b366-9756b15dd90f: receive RaftClientReply:client-029E50227556->355864cd-7ac5-4934-b366-9756b15dd90f@group-785BCF25C267, cid=1978, SUCCESS, logIndex=0, commits[355864cd-7ac5-4934-b366-9756b15dd90f:c2893, ce4aa411-63c8-4399-99eb-27ce352844f3:c2890, 3eeffb0a-787e-48ec-a2f5-d0c540a89489:c2890]
2019-08-21 15:29:51,101 | INFO  | DNAudit | user=null | ip=null | op=PUT_BLOCK {blockData=[blockId=conID: 3 locID: 102655681517126173 bcsId: 0,size=2097152]} | ret=SUCCESS |  
2019-08-21 15:29:51,101 | INFO  | DNAudit | user=null | ip=null | op=PUT_BLOCK {blockData=[blockId=conID: 3 locID: 102655681517126173 bcsId: 0,size=2097152]} | ret=SUCCESS |  
2019-08-21 15:29:51,108 | INFO  | DNAudit | user=null | ip=null | op=WRITE_CHUNK {blockData=conID: 3 locID: 102655681517126173 bcsId: 2892} | ret=SUCCESS |  
2019-08-21 15:29:51,111 | INFO  | DNAudit | user=null | ip=null | op=WRITE_CHUNK {blockData=conID: 3 locID: 102655681517126173 bcsId: 2892} | ret=SUCCESS |  
2019-08-21 15:29:51,111 | INFO  | DNAudit | user=null | ip=null | op=WRITE_CHUNK {blockData=conID: 3 locID: 102655681517126173 bcsId: 2892} | ret=SUCCESS |  
2019-08-21 15:29:51,120 | INFO  | DNAudit | user=null | ip=null | op=WRITE_CHUNK {blockData=conID: 3 locID: 102655681517126173 bcsId: 2892} | ret=SUCCESS |  
2019-08-21 15:29:51,121 | INFO  | DNAudit | user=null | ip=null | op=PUT_BLOCK {blockData=[blockId=conID: 3 locID: 102655681517126173 bcsId: 0,size=3145728]} | ret=SUCCESS |  
2019-08-21 15:29:51,121 [grpc-default-executor-0] INFO  client.GrpcClientProtocolClient (GrpcClientProtocolClient.java:onNext(255)) - client-029E50227556->355864cd-7ac5-4934-b366-9756b15dd90f: receive RaftClientReply:client-029E50227556->355864cd-7ac5-4934-b366-9756b15dd90f@group-785BCF25C267, cid=1979, SUCCESS, logIndex=2897, commits[355864cd-7ac5-4934-b366-9756b15dd90f:c2898, ce4aa411-63c8-4399-99eb-27ce352844f3:c2896, 3eeffb0a-787e-48ec-a2f5-d0c540a89489:c2896]
2019-08-21 15:29:51,121 [grpc-default-executor-0] INFO  client.GrpcClientProtocolClient (GrpcClientProtocolClient.java:onNext(255)) - client-029E50227556->355864cd-7ac5-4934-b366-9756b15dd90f: receive RaftClientReply:client-029E50227556->355864cd-7ac5-4934-b366-9756b15dd90f@group-785BCF25C267, cid=1980, SUCCESS, logIndex=2898, commits[355864cd-7ac5-4934-b366-9756b15dd90f:c2898, ce4aa411-63c8-4399-99eb-27ce352844f3:c2896, 3eeffb0a-787e-48ec-a2f5-d0c540a89489:c2896]
2019-08-21 15:29:51,130 | INFO  | DNAudit | user=null | ip=null | op=WRITE_CHUNK {blockData=conID: 3 locID: 102655681517126173 bcsId: 2898} | ret=SUCCESS |  
2019-08-21 15:29:51,132 | INFO  | DNAudit | user=null | ip=null | op=WRITE_CHUNK {blockData=conID: 3 locID: 102655681517126173 bcsId: 2892} | ret=SUCCESS |  
2019-08-21 15:29:51,132 | INFO  | DNAudit | user=null | ip=null | op=WRITE_CHUNK {blockData=conID: 3 locID: 102655681517126173 bcsId: 2898} | ret=SUCCESS |  
2019-08-21 15:29:51,132 | INFO  | DNAudit | user=null | ip=null | op=WRITE_CHUNK {blockData=conID: 3 locID: 102655681517126173 bcsId: 2892} | ret=SUCCESS |  
2019-08-21 15:29:51,132 | INFO  | DNAudit | user=null | ip=null | op=WRITE_CHUNK {blockData=conID: 3 locID: 102655681517126173 bcsId: 2898} | ret=SUCCESS |  
2019-08-21 15:29:51,132 | INFO  | DNAudit | user=null | ip=null | op=PUT_BLOCK {blockData=[blockId=conID: 3 locID: 102655681517126173 bcsId: 0,size=3145728]} | ret=SUCCESS |  
2019-08-21 15:29:51,132 | INFO  | DNAudit | user=null | ip=null | op=PUT_BLOCK {blockData=[blockId=conID: 3 locID: 102655681517126173 bcsId: 0,size=3145728]} | ret=SUCCESS |  
2019-08-21 15:29:51,133 | INFO  | DNAudit | user=null | ip=null | op=WRITE_CHUNK {blockData=conID: 3 locID: 102655681517126173 bcsId: 2898} | ret=SUCCESS |  
2019-08-21 15:29:51,134 | INFO  | DNAudit | user=null | ip=null | op=PUT_BLOCK {blockData=[blockId=conID: 3 locID: 102655681517126173 bcsId: 0,size=4194304]} | ret=SUCCESS |  
2019-08-21 15:29:51,134 [grpc-default-executor-3] INFO  client.GrpcClientProtocolClient (GrpcClientProtocolClient.java:onNext(255)) - client-029E50227556->355864cd-7ac5-4934-b366-9756b15dd90f: receive RaftClientReply:client-029E50227556->355864cd-7ac5-4934-b366-9756b15dd90f@group-785BCF25C267, cid=1981, SUCCESS, logIndex=2901, commits[355864cd-7ac5-4934-b366-9756b15dd90f:c2902, ce4aa411-63c8-4399-99eb-27ce352844f3:c2898, 3eeffb0a-787e-48ec-a2f5-d0c540a89489:c2898]
2019-08-21 15:29:51,134 [grpc-default-executor-3] INFO  client.GrpcClientProtocolClient (GrpcClientProtocolClient.java:onNext(255)) - client-029E50227556->355864cd-7ac5-4934-b366-9756b15dd90f: receive RaftClientReply:client-029E50227556->355864cd-7ac5-4934-b366-9756b15dd90f@group-785BCF25C267, cid=1982, SUCCESS, logIndex=2902, commits[355864cd-7ac5-4934-b366-9756b15dd90f:c2902, ce4aa411-63c8-4399-99eb-27ce352844f3:c2898, 3eeffb0a-787e-48ec-a2f5-d0c540a89489:c2898]
2019-08-21 15:29:51,135 | INFO  | DNAudit | user=null | ip=null | op=WRITE_CHUNK {blockData=conID: 3 locID: 102655681517126173 bcsId: 2898} | ret=SUCCESS |  
2019-08-21 15:29:51,135 | INFO  | DNAudit | user=null | ip=null | op=WRITE_CHUNK {blockData=conID: 3 locID: 102655681517126173 bcsId: 2898} | ret=SUCCESS |  
2019-08-21 15:29:51,136 | INFO  | DNAudit | user=null | ip=null | op=PUT_BLOCK {blockData=[blockId=conID: 3 locID: 102655681517126173 bcsId: 0,size=4194304]} | ret=SUCCESS |  
2019-08-21 15:29:51,136 | INFO  | DNAudit | user=null | ip=null | op=PUT_BLOCK {blockData=[blockId=conID: 3 locID: 102655681517126173 bcsId: 0,size=4194304]} | ret=SUCCESS |  
2019-08-21 15:29:51,137 [grpc-default-executor-2] INFO  client.GrpcClientProtocolClient (GrpcClientProtocolClient.java:onNext(255)) - client-029E50227556->355864cd-7ac5-4934-b366-9756b15dd90f: receive RaftClientReply:client-029E50227556->355864cd-7ac5-4934-b366-9756b15dd90f@group-785BCF25C267, cid=1983, SUCCESS, logIndex=0, commits[355864cd-7ac5-4934-b366-9756b15dd90f:c2904, ce4aa411-63c8-4399-99eb-27ce352844f3:c2902, 3eeffb0a-787e-48ec-a2f5-d0c540a89489:c2902]
2019-08-21 15:29:51,142 | INFO  | SCMAudit | user=jenkins1000 | ip=192.168.5.153 | op=ALLOCATE_BLOCK {owner=78849ec2-2b05-45d8-8cb5-e95e2230dbd1, size=4194304, type=RATIS, factor=THREE} | ret=SUCCESS |  
2019-08-21 15:29:51,144 | INFO  | OMAudit | user=jenkins1000 | ip=127.0.0.1 | op=ALLOCATE_BLOCK {volume=vol-0-32358, bucket=bucket-0-01949, key=key-0-56547, dataSize=0, replicationType=null, replicationFactor=null, keyLocationInfo=null, clientID=102655680532119954} | ret=SUCCESS |  
2019-08-21 15:29:51,151 | INFO  | DNAudit | user=null | ip=null | op=WRITE_CHUNK {blockData=conID: 1 locID: 102655681569882654 bcsId: 0} | ret=SUCCESS |  
2019-08-21 15:29:51,153 | INFO  | DNAudit | user=null | ip=null | op=WRITE_CHUNK {blockData=conID: 1 locID: 102655681569882654 bcsId: 0} | ret=SUCCESS |  
2019-08-21 15:29:51,154 | INFO  | DNAudit | user=null | ip=null | op=WRITE_CHUNK {blockData=conID: 1 locID: 102655681569882654 bcsId: 0} | ret=SUCCESS |  
2019-08-21 15:29:51,154 | INFO  | DNAudit | user=null | ip=null | op=WRITE_CHUNK {blockData=conID: 1 locID: 102655681569882654 bcsId: 0} | ret=SUCCESS |  
2019-08-21 15:29:51,156 | INFO  | DNAudit | user=null | ip=null | op=WRITE_CHUNK {blockData=conID: 1 locID: 102655681569882654 bcsId: 0} | ret=SUCCESS |  
2019-08-21 15:29:51,156 | INFO  | DNAudit | user=null | ip=null | op=WRITE_CHUNK {blockData=conID: 1 locID: 102655681569882654 bcsId: 0} | ret=SUCCESS |  
2019-08-21 15:29:51,163 | INFO  | DNAudit | user=null | ip=null | op=WRITE_CHUNK {blockData=conID: 1 locID: 102655681569882654 bcsId: 0} | ret=SUCCESS |  
2019-08-21 15:29:51,164 | INFO  | DNAudit | user=null | ip=null | op=PUT_BLOCK {blockData=[blockId=conID: 1 locID: 102655681569882654 bcsId: 0,size=1048576]} | ret=SUCCESS |  
2019-08-21 15:29:51,164 [grpc-default-executor-5] INFO  client.GrpcClientProtocolClient (GrpcClientProtocolClient.java:onNext(255)) - client-029E50227556->355864cd-7ac5-4934-b366-9756b15dd90f: receive RaftClientReply:client-029E50227556->355864cd-7ac5-4934-b366-9756b15dd90f@group-785BCF25C267, cid=1984, SUCCESS, logIndex=2905, commits[355864cd-7ac5-4934-b366-9756b15dd90f:c2906, ce4aa411-63c8-4399-99eb-27ce352844f3:c2904, 3eeffb0a-787e-48ec-a2f5-d0c540a89489:c2904]
2019-08-21 15:29:51,164 | INFO  | DNAudit | user=null | ip=null | op=WRITE_CHUNK {blockData=conID: 1 locID: 102655681569882654 bcsId: 0} | ret=SUCCESS |  
2019-08-21 15:29:51,165 [grpc-default-executor-0] INFO  client.GrpcClientProtocolClient (GrpcClientProtocolClient.java:onNext(255)) - client-029E50227556->355864cd-7ac5-4934-b366-9756b15dd90f: receive RaftClientReply:client-029E50227556->355864cd-7ac5-4934-b366-9756b15dd90f@group-785BCF25C267, cid=1985, SUCCESS, logIndex=2906, commits[355864cd-7ac5-4934-b366-9756b15dd90f:c2908, ce4aa411-63c8-4399-99eb-27ce352844f3:c2904, 3eeffb0a-787e-48ec-a2f5-d0c540a89489:c2904]
2019-08-21 15:29:51,165 | INFO  | DNAudit | user=null | ip=null | op=PUT_BLOCK {blockData=[blockId=conID: 1 locID: 102655681569882654 bcsId: 0,size=2097152]} | ret=SUCCESS |  
2019-08-21 15:29:51,165 [grpc-default-executor-0] INFO  client.GrpcClientProtocolClient (GrpcClientProtocolClient.java:onNext(255)) - client-029E50227556->355864cd-7ac5-4934-b366-9756b15dd90f: receive RaftClientReply:client-029E50227556->355864cd-7ac5-4934-b366-9756b15dd90f@group-785BCF25C267, cid=1986, SUCCESS, logIndex=2907, commits[355864cd-7ac5-4934-b366-9756b15dd90f:c2908, ce4aa411-63c8-4399-99eb-27ce352844f3:c2904, 3eeffb0a-787e-48ec-a2f5-d0c540a89489:c2904]
2019-08-21 15:29:51,165 [grpc-default-executor-0] INFO  client.GrpcClientProtocolClient (GrpcClientProtocolClient.java:onNext(255)) - client-029E50227556->355864cd-7ac5-4934-b366-9756b15dd90f: receive RaftClientReply:client-029E50227556->355864cd-7ac5-4934-b366-9756b15dd90f@group-785BCF25C267, cid=1987, SUCCESS, logIndex=2908, commits[355864cd-7ac5-4934-b366-9756b15dd90f:c2908, ce4aa411-63c8-4399-99eb-27ce352844f3:c2904, 3eeffb0a-787e-48ec-a2f5-d0c540a89489:c2904]
2019-08-21 15:29:51,174 | INFO  | DNAudit | user=null | ip=null | op=WRITE_CHUNK {blockData=conID: 1 locID: 102655681569882654 bcsId: 0} | ret=SUCCESS |  
2019-08-21 15:29:51,185 | INFO  | DNAudit | user=null | ip=null | op=WRITE_CHUNK {blockData=conID: 1 locID: 102655681569882654 bcsId: 0} | ret=SUCCESS |  
2019-08-21 15:29:51,185 | INFO  | DNAudit | user=null | ip=null | op=PUT_BLOCK {blockData=[blockId=conID: 1 locID: 102655681569882654 bcsId: 0,size=1048576]} | ret=SUCCESS |  
2019-08-21 15:29:51,185 | INFO  | DNAudit | user=null | ip=null | op=PUT_BLOCK {blockData=[blockId=conID: 1 locID: 102655681569882654 bcsId: 0,size=1048576]} | ret=SUCCESS |  
2019-08-21 15:29:51,185 | INFO  | DNAudit | user=null | ip=null | op=WRITE_CHUNK {blockData=conID: 1 locID: 102655681569882654 bcsId: 0} | ret=SUCCESS |  
2019-08-21 15:29:51,185 | INFO  | DNAudit | user=null | ip=null | op=WRITE_CHUNK {blockData=conID: 1 locID: 102655681569882654 bcsId: 0} | ret=SUCCESS |  
2019-08-21 15:29:51,185 [grpc-default-executor-0] INFO  client.GrpcClientProtocolClient (GrpcClientProtocolClient.java:onNext(255)) - client-029E50227556->355864cd-7ac5-4934-b366-9756b15dd90f: receive RaftClientReply:client-029E50227556->355864cd-7ac5-4934-b366-9756b15dd90f@group-785BCF25C267, cid=1988, SUCCESS, logIndex=0, commits[355864cd-7ac5-4934-b366-9756b15dd90f:c2911, ce4aa411-63c8-4399-99eb-27ce352844f3:c2906, 3eeffb0a-787e-48ec-a2f5-d0c540a89489:c2907]
2019-08-21 15:29:51,186 | INFO  | DNAudit | user=null | ip=null | op=PUT_BLOCK {blockData=[blockId=conID: 1 locID: 102655681569882654 bcsId: 0,size=2097152]} | ret=SUCCESS |  
2019-08-21 15:29:51,191 | INFO  | DNAudit | user=null | ip=null | op=WRITE_CHUNK {blockData=conID: 1 locID: 102655681569882654 bcsId: 2908} | ret=SUCCESS |  
2019-08-21 15:29:51,193 | INFO  | DNAudit | user=null | ip=null | op=WRITE_CHUNK {blockData=conID: 1 locID: 102655681569882654 bcsId: 2908} | ret=SUCCESS |  
2019-08-21 15:29:51,193 | INFO  | DNAudit | user=null | ip=null | op=WRITE_CHUNK {blockData=conID: 1 locID: 102655681569882654 bcsId: 2908} | ret=SUCCESS |  
2019-08-21 15:29:51,196 | INFO  | DNAudit | user=null | ip=null | op=PUT_BLOCK {blockData=[blockId=conID: 1 locID: 102655681569882654 bcsId: 0,size=2097152]} | ret=SUCCESS |  
2019-08-21 15:29:51,197 | INFO  | DNAudit | user=null | ip=null | op=WRITE_CHUNK {blockData=conID: 1 locID: 102655681569882654 bcsId: 2908} | ret=SUCCESS |  
2019-08-21 15:29:51,197 | INFO  | DNAudit | user=null | ip=null | op=PUT_BLOCK {blockData=[blockId=conID: 1 locID: 102655681569882654 bcsId: 0,size=3145728]} | ret=SUCCESS |  
2019-08-21 15:29:51,197 [grpc-default-executor-5] INFO  client.GrpcClientProtocolClient (GrpcClientProtocolClient.java:onNext(255)) - client-029E50227556->355864cd-7ac5-4934-b366-9756b15dd90f: receive RaftClientReply:client-029E50227556->355864cd-7ac5-4934-b366-9756b15dd90f@group-785BCF25C267, cid=1989, SUCCESS, logIndex=2913, commits[355864cd-7ac5-4934-b366-9756b15dd90f:c2914, ce4aa411-63c8-4399-99eb-27ce352844f3:c2912, 3eeffb0a-787e-48ec-a2f5-d0c540a89489:c2908]
2019-08-21 15:29:51,198 [grpc-default-executor-5] INFO  client.GrpcClientProtocolClient (GrpcClientProtocolClient.java:onNext(255)) - client-029E50227556->355864cd-7ac5-4934-b366-9756b15dd90f: receive RaftClientReply:client-029E50227556->355864cd-7ac5-4934-b366-9756b15dd90f@group-785BCF25C267, cid=1990, SUCCESS, logIndex=2914, commits[355864cd-7ac5-4934-b366-9756b15dd90f:c2914, ce4aa411-63c8-4399-99eb-27ce352844f3:c2912, 3eeffb0a-787e-48ec-a2f5-d0c540a89489:c2912]
2019-08-21 15:29:51,198 | INFO  | DNAudit | user=null | ip=null | op=WRITE_CHUNK {blockData=conID: 1 locID: 102655681569882654 bcsId: 2908} | ret=SUCCESS |  
2019-08-21 15:29:51,198 | INFO  | DNAudit | user=null | ip=null | op=PUT_BLOCK {blockData=[blockId=conID: 1 locID: 102655681569882654 bcsId: 0,size=3145728]} | ret=SUCCESS |  
2019-08-21 15:29:51,198 | INFO  | DNAudit | user=null | ip=null | op=WRITE_CHUNK {blockData=conID: 1 locID: 102655681569882654 bcsId: 2908} | ret=SUCCESS |  
2019-08-21 15:29:51,199 | INFO  | DNAudit | user=null | ip=null | op=PUT_BLOCK {blockData=[blockId=conID: 1 locID: 102655681569882654 bcsId: 0,size=3145728]} | ret=SUCCESS |  
2019-08-21 15:29:51,203 | INFO  | DNAudit | user=null | ip=null | op=WRITE_CHUNK {blockData=conID: 1 locID: 102655681569882654 bcsId: 2914} | ret=SUCCESS |  
2019-08-21 15:29:51,205 | INFO  | DNAudit | user=null | ip=null | op=WRITE_CHUNK {blockData=conID: 1 locID: 102655681569882654 bcsId: 2914} | ret=SUCCESS |  
2019-08-21 15:29:51,206 | INFO  | DNAudit | user=null | ip=null | op=WRITE_CHUNK {blockData=conID: 1 locID: 102655681569882654 bcsId: 2914} | ret=SUCCESS |  
2019-08-21 15:29:51,216 | INFO  | DNAudit | user=null | ip=null | op=WRITE_CHUNK {blockData=conID: 1 locID: 102655681569882654 bcsId: 2914} | ret=SUCCESS |  
2019-08-21 15:29:51,216 | INFO  | DNAudit | user=null | ip=null | op=PUT_BLOCK {blockData=[blockId=conID: 1 locID: 102655681569882654 bcsId: 0,size=4194304]} | ret=SUCCESS |  
2019-08-21 15:29:51,216 [grpc-default-executor-0] INFO  client.GrpcClientProtocolClient (GrpcClientProtocolClient.java:onNext(255)) - client-029E50227556->355864cd-7ac5-4934-b366-9756b15dd90f: receive RaftClientReply:client-029E50227556->355864cd-7ac5-4934-b366-9756b15dd90f@group-785BCF25C267, cid=1991, SUCCESS, logIndex=2917, commits[355864cd-7ac5-4934-b366-9756b15dd90f:c2918, ce4aa411-63c8-4399-99eb-27ce352844f3:c2916, 3eeffb0a-787e-48ec-a2f5-d0c540a89489:c2916]
2019-08-21 15:29:51,217 [grpc-default-executor-0] INFO  client.GrpcClientProtocolClient (GrpcClientProtocolClient.java:onNext(255)) - client-029E50227556->355864cd-7ac5-4934-b366-9756b15dd90f: receive RaftClientReply:client-029E50227556->355864cd-7ac5-4934-b366-9756b15dd90f@group-785BCF25C267, cid=1992, SUCCESS, logIndex=2918, commits[355864cd-7ac5-4934-b366-9756b15dd90f:c2918, ce4aa411-63c8-4399-99eb-27ce352844f3:c2916, 3eeffb0a-787e-48ec-a2f5-d0c540a89489:c2916]
2019-08-21 15:29:51,227 | INFO  | DNAudit | user=null | ip=null | op=WRITE_CHUNK {blockData=conID: 1 locID: 102655681569882654 bcsId: 2914} | ret=SUCCESS |  
2019-08-21 15:29:51,227 | INFO  | DNAudit | user=null | ip=null | op=WRITE_CHUNK {blockData=conID: 1 locID: 102655681569882654 bcsId: 2914} | ret=SUCCESS |  
2019-08-21 15:29:51,228 | INFO  | DNAudit | user=null | ip=null | op=PUT_BLOCK {blockData=[blockId=conID: 1 locID: 102655681569882654 bcsId: 0,size=4194304]} | ret=SUCCESS |  
2019-08-21 15:29:51,228 | INFO  | DNAudit | user=null | ip=null | op=PUT_BLOCK {blockData=[blockId=conID: 1 locID: 102655681569882654 bcsId: 0,size=4194304]} | ret=SUCCESS |  
2019-08-21 15:29:51,228 [grpc-default-executor-0] INFO  client.GrpcClientProtocolClient (GrpcClientProtocolClient.java:onNext(255)) - client-029E50227556->355864cd-7ac5-4934-b366-9756b15dd90f: receive RaftClientReply:client-029E50227556->355864cd-7ac5-4934-b366-9756b15dd90f@group-785BCF25C267, cid=1993, SUCCESS, logIndex=0, commits[355864cd-7ac5-4934-b366-9756b15dd90f:c2919, ce4aa411-63c8-4399-99eb-27ce352844f3:c2918, 3eeffb0a-787e-48ec-a2f5-d0c540a89489:c2918]
2019-08-21 15:29:51,231 | INFO  | SCMAudit | user=jenkins1000 | ip=192.168.5.153 | op=ALLOCATE_BLOCK {owner=78849ec2-2b05-45d8-8cb5-e95e2230dbd1, size=4194304, type=RATIS, factor=THREE} | ret=SUCCESS |  
2019-08-21 15:29:51,234 | INFO  | OMAudit | user=jenkins1000 | ip=127.0.0.1 | op=ALLOCATE_BLOCK {volume=vol-0-32358, bucket=bucket-0-01949, key=key-0-56547, dataSize=0, replicationType=null, replicationFactor=null, keyLocationInfo=null, clientID=102655680532119954} | ret=SUCCESS |  
2019-08-21 15:29:51,240 | INFO  | DNAudit | user=null | ip=null | op=WRITE_CHUNK {blockData=conID: 2 locID: 102655681575715359 bcsId: 0} | ret=SUCCESS |  
2019-08-21 15:29:51,242 | INFO  | DNAudit | user=null | ip=null | op=WRITE_CHUNK {blockData=conID: 2 locID: 102655681575715359 bcsId: 0} | ret=SUCCESS |  
2019-08-21 15:29:51,242 | INFO  | DNAudit | user=null | ip=null | op=WRITE_CHUNK {blockData=conID: 2 locID: 102655681575715359 bcsId: 0} | ret=SUCCESS |  
2019-08-21 15:29:51,242 | INFO  | DNAudit | user=null | ip=null | op=WRITE_CHUNK {blockData=conID: 2 locID: 102655681575715359 bcsId: 0} | ret=SUCCESS |  
2019-08-21 15:29:51,244 | INFO  | DNAudit | user=null | ip=null | op=WRITE_CHUNK {blockData=conID: 2 locID: 102655681575715359 bcsId: 0} | ret=SUCCESS |  
2019-08-21 15:29:51,244 | INFO  | DNAudit | user=null | ip=null | op=WRITE_CHUNK {blockData=conID: 2 locID: 102655681575715359 bcsId: 0} | ret=SUCCESS |  
2019-08-21 15:29:51,255 | INFO  | DNAudit | user=null | ip=null | op=WRITE_CHUNK {blockData=conID: 2 locID: 102655681575715359 bcsId: 0} | ret=SUCCESS |  
2019-08-21 15:29:51,255 | INFO  | DNAudit | user=null | ip=null | op=PUT_BLOCK {blockData=[blockId=conID: 2 locID: 102655681575715359 bcsId: 0,size=1048576]} | ret=SUCCESS |  
2019-08-21 15:29:51,255 [grpc-default-executor-0] INFO  client.GrpcClientProtocolClient (GrpcClientProtocolClient.java:onNext(255)) - client-029E50227556->355864cd-7ac5-4934-b366-9756b15dd90f: receive RaftClientReply:client-029E50227556->355864cd-7ac5-4934-b366-9756b15dd90f@group-785BCF25C267, cid=1994, SUCCESS, logIndex=2921, commits[355864cd-7ac5-4934-b366-9756b15dd90f:c2922, ce4aa411-63c8-4399-99eb-27ce352844f3:c2920, 3eeffb0a-787e-48ec-a2f5-d0c540a89489:c2920]
2019-08-21 15:29:51,256 | INFO  | DNAudit | user=null | ip=null | op=WRITE_CHUNK {blockData=conID: 2 locID: 102655681575715359 bcsId: 0} | ret=SUCCESS |  
2019-08-21 15:29:51,256 [grpc-default-executor-0] INFO  client.GrpcClientProtocolClient (GrpcClientProtocolClient.java:onNext(255)) - client-029E50227556->355864cd-7ac5-4934-b366-9756b15dd90f: receive RaftClientReply:client-029E50227556->355864cd-7ac5-4934-b366-9756b15dd90f@group-785BCF25C267, cid=1995, SUCCESS, logIndex=2922, commits[355864cd-7ac5-4934-b366-9756b15dd90f:c2922, ce4aa411-63c8-4399-99eb-27ce352844f3:c2920, 3eeffb0a-787e-48ec-a2f5-d0c540a89489:c2920]
2019-08-21 15:29:51,256 | INFO  | DNAudit | user=null | ip=null | op=PUT_BLOCK {blockData=[blockId=conID: 2 locID: 102655681575715359 bcsId: 0,size=2097152]} | ret=SUCCESS |  
2019-08-21 15:29:51,256 [grpc-default-executor-5] INFO  client.GrpcClientProtocolClient (GrpcClientProtocolClient.java:onNext(255)) - client-029E50227556->355864cd-7ac5-4934-b366-9756b15dd90f: receive RaftClientReply:client-029E50227556->355864cd-7ac5-4934-b366-9756b15dd90f@group-785BCF25C267, cid=1996, SUCCESS, logIndex=2923, commits[355864cd-7ac5-4934-b366-9756b15dd90f:c2923, ce4aa411-63c8-4399-99eb-27ce352844f3:c2920, 3eeffb0a-787e-48ec-a2f5-d0c540a89489:c2920]
2019-08-21 15:29:51,257 [grpc-default-executor-5] INFO  client.GrpcClientProtocolClient (GrpcClientProtocolClient.java:onNext(255)) - client-029E50227556->355864cd-7ac5-4934-b366-9756b15dd90f: receive RaftClientReply:client-029E50227556->355864cd-7ac5-4934-b366-9756b15dd90f@group-785BCF25C267, cid=1997, SUCCESS, logIndex=2924, commits[355864cd-7ac5-4934-b366-9756b15dd90f:c2924, ce4aa411-63c8-4399-99eb-27ce352844f3:c2920, 3eeffb0a-787e-48ec-a2f5-d0c540a89489:c2920]
2019-08-21 15:29:51,257 | INFO  | DNAudit | user=null | ip=null | op=WRITE_CHUNK {blockData=conID: 2 locID: 102655681575715359 bcsId: 0} | ret=SUCCESS |  
2019-08-21 15:29:51,257 | INFO  | DNAudit | user=null | ip=null | op=PUT_BLOCK {blockData=[blockId=conID: 2 locID: 102655681575715359 bcsId: 0,size=1048576]} | ret=SUCCESS |  
2019-08-21 15:29:51,257 | INFO  | DNAudit | user=null | ip=null | op=WRITE_CHUNK {blockData=conID: 2 locID: 102655681575715359 bcsId: 0} | ret=SUCCESS |  
2019-08-21 15:29:51,258 | INFO  | DNAudit | user=null | ip=null | op=PUT_BLOCK {blockData=[blockId=conID: 2 locID: 102655681575715359 bcsId: 0,size=1048576]} | ret=SUCCESS |  
2019-08-21 15:29:51,258 | INFO  | DNAudit | user=null | ip=null | op=WRITE_CHUNK {blockData=conID: 2 locID: 102655681575715359 bcsId: 0} | ret=SUCCESS |  
2019-08-21 15:29:51,258 [grpc-default-executor-0] INFO  client.GrpcClientProtocolClient (GrpcClientProtocolClient.java:onNext(255)) - client-029E50227556->355864cd-7ac5-4934-b366-9756b15dd90f: receive RaftClientReply:client-029E50227556->355864cd-7ac5-4934-b366-9756b15dd90f@group-785BCF25C267, cid=1998, SUCCESS, logIndex=0, commits[355864cd-7ac5-4934-b366-9756b15dd90f:c2926, ce4aa411-63c8-4399-99eb-27ce352844f3:c2922, 3eeffb0a-787e-48ec-a2f5-d0c540a89489:c2922]
2019-08-21 15:29:51,258 | INFO  | DNAudit | user=null | ip=null | op=WRITE_CHUNK {blockData=conID: 2 locID: 102655681575715359 bcsId: 0} | ret=SUCCESS |  
2019-08-21 15:29:51,258 | INFO  | DNAudit | user=null | ip=null | op=PUT_BLOCK {blockData=[blockId=conID: 2 locID: 102655681575715359 bcsId: 0,size=2097152]} | ret=SUCCESS |  
2019-08-21 15:29:51,259 | INFO  | DNAudit | user=null | ip=null | op=PUT_BLOCK {blockData=[blockId=conID: 2 locID: 102655681575715359 bcsId: 0,size=2097152]} | ret=SUCCESS |  
2019-08-21 15:29:51,264 | INFO  | DNAudit | user=null | ip=null | op=WRITE_CHUNK {blockData=conID: 2 locID: 102655681575715359 bcsId: 2924} | ret=SUCCESS |  
2019-08-21 15:29:51,265 | INFO  | DNAudit | user=null | ip=null | op=WRITE_CHUNK {blockData=conID: 2 locID: 102655681575715359 bcsId: 2924} | ret=SUCCESS |  
2019-08-21 15:29:51,265 | INFO  | DNAudit | user=null | ip=null | op=WRITE_CHUNK {blockData=conID: 2 locID: 102655681575715359 bcsId: 2924} | ret=SUCCESS |  
2019-08-21 15:29:51,274 | INFO  | DNAudit | user=null | ip=null | op=WRITE_CHUNK {blockData=conID: 2 locID: 102655681575715359 bcsId: 2924} | ret=SUCCESS |  
2019-08-21 15:29:51,275 | INFO  | DNAudit | user=null | ip=null | op=PUT_BLOCK {blockData=[blockId=conID: 2 locID: 102655681575715359 bcsId: 0,size=3145728]} | ret=SUCCESS |  
2019-08-21 15:29:51,275 [grpc-default-executor-5] INFO  client.GrpcClientProtocolClient (GrpcClientProtocolClient.java:onNext(255)) - client-029E50227556->355864cd-7ac5-4934-b366-9756b15dd90f: receive RaftClientReply:client-029E50227556->355864cd-7ac5-4934-b366-9756b15dd90f@group-785BCF25C267, cid=1999, SUCCESS, logIndex=2929, commits[355864cd-7ac5-4934-b366-9756b15dd90f:c2930, ce4aa411-63c8-4399-99eb-27ce352844f3:c2928, 3eeffb0a-787e-48ec-a2f5-d0c540a89489:c2928]
2019-08-21 15:29:51,275 [grpc-default-executor-5] INFO  client.GrpcClientProtocolClient (GrpcClientProtocolClient.java:onNext(255)) - client-029E50227556->355864cd-7ac5-4934-b366-9756b15dd90f: receive RaftClientReply:client-029E50227556->355864cd-7ac5-4934-b366-9756b15dd90f@group-785BCF25C267, cid=2000, SUCCESS, logIndex=2930, commits[355864cd-7ac5-4934-b366-9756b15dd90f:c2930, ce4aa411-63c8-4399-99eb-27ce352844f3:c2928, 3eeffb0a-787e-48ec-a2f5-d0c540a89489:c2928]
2019-08-21 15:29:51,281 | INFO  | DNAudit | user=null | ip=null | op=WRITE_CHUNK {blockData=conID: 2 locID: 102655681575715359 bcsId: 2930} | ret=SUCCESS |  
2019-08-21 15:29:51,283 | INFO  | DNAudit | user=null | ip=null | op=WRITE_CHUNK {blockData=conID: 2 locID: 102655681575715359 bcsId: 2930} | ret=SUCCESS |  
2019-08-21 15:29:51,284 | INFO  | DNAudit | user=null | ip=null | op=WRITE_CHUNK {blockData=conID: 2 locID: 102655681575715359 bcsId: 2930} | ret=SUCCESS |  
2019-08-21 15:29:51,284 | INFO  | DNAudit | user=null | ip=null | op=WRITE_CHUNK {blockData=conID: 2 locID: 102655681575715359 bcsId: 2924} | ret=SUCCESS |  
2019-08-21 15:29:51,284 | INFO  | DNAudit | user=null | ip=null | op=WRITE_CHUNK {blockData=conID: 2 locID: 102655681575715359 bcsId: 2924} | ret=SUCCESS |  
2019-08-21 15:29:51,285 | INFO  | DNAudit | user=null | ip=null | op=PUT_BLOCK {blockData=[blockId=conID: 2 locID: 102655681575715359 bcsId: 0,size=3145728]} | ret=SUCCESS |  
2019-08-21 15:29:51,285 | INFO  | DNAudit | user=null | ip=null | op=PUT_BLOCK {blockData=[blockId=conID: 2 locID: 102655681575715359 bcsId: 0,size=3145728]} | ret=SUCCESS |  
2019-08-21 15:29:51,286 | INFO  | DNAudit | user=null | ip=null | op=WRITE_CHUNK {blockData=conID: 2 locID: 102655681575715359 bcsId: 2930} | ret=SUCCESS |  
2019-08-21 15:29:51,286 | INFO  | DNAudit | user=null | ip=null | op=PUT_BLOCK {blockData=[blockId=conID: 2 locID: 102655681575715359 bcsId: 0,size=4194304]} | ret=SUCCESS |  
2019-08-21 15:29:51,287 [grpc-default-executor-5] INFO  client.GrpcClientProtocolClient (GrpcClientProtocolClient.java:onNext(255)) - client-029E50227556->355864cd-7ac5-4934-b366-9756b15dd90f: receive RaftClientReply:client-029E50227556->355864cd-7ac5-4934-b366-9756b15dd90f@group-785BCF25C267, cid=2001, SUCCESS, logIndex=2933, commits[355864cd-7ac5-4934-b366-9756b15dd90f:c2934, ce4aa411-63c8-4399-99eb-27ce352844f3:c2930, 3eeffb0a-787e-48ec-a2f5-d0c540a89489:c2930]
2019-08-21 15:29:51,287 [grpc-default-executor-5] INFO  client.GrpcClientProtocolClient (GrpcClientProtocolClient.java:onNext(255)) - client-029E50227556->355864cd-7ac5-4934-b366-9756b15dd90f: receive RaftClientReply:client-029E50227556->355864cd-7ac5-4934-b366-9756b15dd90f@group-785BCF25C267, cid=2002, SUCCESS, logIndex=2934, commits[355864cd-7ac5-4934-b366-9756b15dd90f:c2934, ce4aa411-63c8-4399-99eb-27ce352844f3:c2930, 3eeffb0a-787e-48ec-a2f5-d0c540a89489:c2930]
2019-08-21 15:29:51,296 | INFO  | DNAudit | user=null | ip=null | op=WRITE_CHUNK {blockData=conID: 2 locID: 102655681575715359 bcsId: 2930} | ret=SUCCESS |  
2019-08-21 15:29:51,296 | INFO  | DNAudit | user=null | ip=null | op=WRITE_CHUNK {blockData=conID: 2 locID: 102655681575715359 bcsId: 2930} | ret=SUCCESS |  
2019-08-21 15:29:51,296 | INFO  | DNAudit | user=null | ip=null | op=PUT_BLOCK {blockData=[blockId=conID: 2 locID: 102655681575715359 bcsId: 0,size=4194304]} | ret=SUCCESS |  
2019-08-21 15:29:51,296 | INFO  | DNAudit | user=null | ip=null | op=PUT_BLOCK {blockData=[blockId=conID: 2 locID: 102655681575715359 bcsId: 0,size=4194304]} | ret=SUCCESS |  
2019-08-21 15:29:51,297 [grpc-default-executor-5] INFO  client.GrpcClientProtocolClient (GrpcClientProtocolClient.java:onNext(255)) - client-029E50227556->355864cd-7ac5-4934-b366-9756b15dd90f: receive RaftClientReply:client-029E50227556->355864cd-7ac5-4934-b366-9756b15dd90f@group-785BCF25C267, cid=2003, SUCCESS, logIndex=0, commits[355864cd-7ac5-4934-b366-9756b15dd90f:c2935, ce4aa411-63c8-4399-99eb-27ce352844f3:c2934, 3eeffb0a-787e-48ec-a2f5-d0c540a89489:c2934]
2019-08-21 15:29:51,300 | INFO  | SCMAudit | user=jenkins1000 | ip=192.168.5.153 | op=ALLOCATE_BLOCK {owner=78849ec2-2b05-45d8-8cb5-e95e2230dbd1, size=4194304, type=RATIS, factor=THREE} | ret=SUCCESS |  
2019-08-21 15:29:51,303 | INFO  | OMAudit | user=jenkins1000 | ip=127.0.0.1 | op=ALLOCATE_BLOCK {volume=vol-0-32358, bucket=bucket-0-01949, key=key-0-56547, dataSize=0, replicationType=null, replicationFactor=null, keyLocationInfo=null, clientID=102655680532119954} | ret=SUCCESS |  
2019-08-21 15:29:51,309 | INFO  | DNAudit | user=null | ip=null | op=WRITE_CHUNK {blockData=conID: 3 locID: 102655681580237344 bcsId: 0} | ret=SUCCESS |  
2019-08-21 15:29:51,312 | INFO  | DNAudit | user=null | ip=null | op=WRITE_CHUNK {blockData=conID: 3 locID: 102655681580237344 bcsId: 0} | ret=SUCCESS |  
2019-08-21 15:29:51,312 | INFO  | DNAudit | user=null | ip=null | op=WRITE_CHUNK {blockData=conID: 3 locID: 102655681580237344 bcsId: 0} | ret=SUCCESS |  
2019-08-21 15:29:51,312 | INFO  | DNAudit | user=null | ip=null | op=WRITE_CHUNK {blockData=conID: 3 locID: 102655681580237344 bcsId: 0} | ret=SUCCESS |  
2019-08-21 15:29:51,313 | INFO  | DNAudit | user=null | ip=null | op=WRITE_CHUNK {blockData=conID: 3 locID: 102655681580237344 bcsId: 0} | ret=SUCCESS |  
2019-08-21 15:29:51,314 | INFO  | DNAudit | user=null | ip=null | op=WRITE_CHUNK {blockData=conID: 3 locID: 102655681580237344 bcsId: 0} | ret=SUCCESS |  
2019-08-21 15:29:51,319 | INFO  | DNAudit | user=null | ip=null | op=WRITE_CHUNK {blockData=conID: 3 locID: 102655681580237344 bcsId: 0} | ret=SUCCESS |  
2019-08-21 15:29:51,320 | INFO  | DNAudit | user=null | ip=null | op=PUT_BLOCK {blockData=[blockId=conID: 3 locID: 102655681580237344 bcsId: 0,size=1048576]} | ret=SUCCESS |  
2019-08-21 15:29:51,320 [grpc-default-executor-0] INFO  client.GrpcClientProtocolClient (GrpcClientProtocolClient.java:onNext(255)) - client-029E50227556->355864cd-7ac5-4934-b366-9756b15dd90f: receive RaftClientReply:client-029E50227556->355864cd-7ac5-4934-b366-9756b15dd90f@group-785BCF25C267, cid=2004, SUCCESS, logIndex=2937, commits[355864cd-7ac5-4934-b366-9756b15dd90f:c2939, ce4aa411-63c8-4399-99eb-27ce352844f3:c2936, 3eeffb0a-787e-48ec-a2f5-d0c540a89489:c2936]
2019-08-21 15:29:51,320 | INFO  | DNAudit | user=null | ip=null | op=WRITE_CHUNK {blockData=conID: 3 locID: 102655681580237344 bcsId: 0} | ret=SUCCESS |  
2019-08-21 15:29:51,320 [grpc-default-executor-0] INFO  client.GrpcClientProtocolClient (GrpcClientProtocolClient.java:onNext(255)) - client-029E50227556->355864cd-7ac5-4934-b366-9756b15dd90f: receive RaftClientReply:client-029E50227556->355864cd-7ac5-4934-b366-9756b15dd90f@group-785BCF25C267, cid=2005, SUCCESS, logIndex=2938, commits[355864cd-7ac5-4934-b366-9756b15dd90f:c2940, ce4aa411-63c8-4399-99eb-27ce352844f3:c2936, 3eeffb0a-787e-48ec-a2f5-d0c540a89489:c2936]
2019-08-21 15:29:51,321 | INFO  | DNAudit | user=null | ip=null | op=WRITE_CHUNK {blockData=conID: 3 locID: 102655681580237344 bcsId: 0} | ret=SUCCESS |  
2019-08-21 15:29:51,321 | INFO  | DNAudit | user=null | ip=null | op=WRITE_CHUNK {blockData=conID: 3 locID: 102655681580237344 bcsId: 0} | ret=SUCCESS |  
2019-08-21 15:29:51,321 | INFO  | DNAudit | user=null | ip=null | op=PUT_BLOCK {blockData=[blockId=conID: 3 locID: 102655681580237344 bcsId: 0,size=2097152]} | ret=SUCCESS |  
2019-08-21 15:29:51,321 | INFO  | DNAudit | user=null | ip=null | op=PUT_BLOCK {blockData=[blockId=conID: 3 locID: 102655681580237344 bcsId: 0,size=1048576]} | ret=SUCCESS |  
2019-08-21 15:29:51,321 [grpc-default-executor-0] INFO  client.GrpcClientProtocolClient (GrpcClientProtocolClient.java:onNext(255)) - client-029E50227556->355864cd-7ac5-4934-b366-9756b15dd90f: receive RaftClientReply:client-029E50227556->355864cd-7ac5-4934-b366-9756b15dd90f@group-785BCF25C267, cid=2006, SUCCESS, logIndex=2939, commits[355864cd-7ac5-4934-b366-9756b15dd90f:c2940, ce4aa411-63c8-4399-99eb-27ce352844f3:c2936, 3eeffb0a-787e-48ec-a2f5-d0c540a89489:c2936]
2019-08-21 15:29:51,322 [grpc-default-executor-0] INFO  client.GrpcClientProtocolClient (GrpcClientProtocolClient.java:onNext(255)) - client-029E50227556->355864cd-7ac5-4934-b366-9756b15dd90f: receive RaftClientReply:client-029E50227556->355864cd-7ac5-4934-b366-9756b15dd90f@group-785BCF25C267, cid=2007, SUCCESS, logIndex=2940, commits[355864cd-7ac5-4934-b366-9756b15dd90f:c2941, ce4aa411-63c8-4399-99eb-27ce352844f3:c2937, 3eeffb0a-787e-48ec-a2f5-d0c540a89489:c2937]
2019-08-21 15:29:51,322 | INFO  | DNAudit | user=null | ip=null | op=PUT_BLOCK {blockData=[blockId=conID: 3 locID: 102655681580237344 bcsId: 0,size=1048576]} | ret=SUCCESS |  
2019-08-21 15:29:51,322 | INFO  | DNAudit | user=null | ip=null | op=WRITE_CHUNK {blockData=conID: 3 locID: 102655681580237344 bcsId: 0} | ret=SUCCESS |  
2019-08-21 15:29:51,322 | INFO  | DNAudit | user=null | ip=null | op=WRITE_CHUNK {blockData=conID: 3 locID: 102655681580237344 bcsId: 0} | ret=SUCCESS |  
2019-08-21 15:29:51,323 | INFO  | DNAudit | user=null | ip=null | op=PUT_BLOCK {blockData=[blockId=conID: 3 locID: 102655681580237344 bcsId: 0,size=2097152]} | ret=SUCCESS |  
2019-08-21 15:29:51,323 | INFO  | DNAudit | user=null | ip=null | op=PUT_BLOCK {blockData=[blockId=conID: 3 locID: 102655681580237344 bcsId: 0,size=2097152]} | ret=SUCCESS |  
2019-08-21 15:29:51,323 [grpc-default-executor-0] INFO  client.GrpcClientProtocolClient (GrpcClientProtocolClient.java:onNext(255)) - client-029E50227556->355864cd-7ac5-4934-b366-9756b15dd90f: receive RaftClientReply:client-029E50227556->355864cd-7ac5-4934-b366-9756b15dd90f@group-785BCF25C267, cid=2008, SUCCESS, logIndex=0, commits[355864cd-7ac5-4934-b366-9756b15dd90f:c2942, ce4aa411-63c8-4399-99eb-27ce352844f3:c2938, 3eeffb0a-787e-48ec-a2f5-d0c540a89489:c2938]
2019-08-21 15:29:51,328 | INFO  | DNAudit | user=null | ip=null | op=WRITE_CHUNK {blockData=conID: 3 locID: 102655681580237344 bcsId: 2940} | ret=SUCCESS |  
2019-08-21 15:29:51,330 | INFO  | DNAudit | user=null | ip=null | op=WRITE_CHUNK {blockData=conID: 3 locID: 102655681580237344 bcsId: 2940} | ret=SUCCESS |  
2019-08-21 15:29:51,331 | INFO  | DNAudit | user=null | ip=null | op=WRITE_CHUNK {blockData=conID: 3 locID: 102655681580237344 bcsId: 2940} | ret=SUCCESS |  
2019-08-21 15:29:51,339 | INFO  | DNAudit | user=null | ip=null | op=WRITE_CHUNK {blockData=conID: 3 locID: 102655681580237344 bcsId: 2940} | ret=SUCCESS |  
2019-08-21 15:29:51,339 | INFO  | DNAudit | user=null | ip=null | op=PUT_BLOCK {blockData=[blockId=conID: 3 locID: 102655681580237344 bcsId: 0,size=3145728]} | ret=SUCCESS |  
2019-08-21 15:29:51,339 [grpc-default-executor-3] INFO  client.GrpcClientProtocolClient (GrpcClientProtocolClient.java:onNext(255)) - client-029E50227556->355864cd-7ac5-4934-b366-9756b15dd90f: receive RaftClientReply:client-029E50227556->355864cd-7ac5-4934-b366-9756b15dd90f@group-785BCF25C267, cid=2009, SUCCESS, logIndex=2945, commits[355864cd-7ac5-4934-b366-9756b15dd90f:c2946, ce4aa411-63c8-4399-99eb-27ce352844f3:c2944, 3eeffb0a-787e-48ec-a2f5-d0c540a89489:c2944]
2019-08-21 15:29:51,340 [grpc-default-executor-3] INFO  client.GrpcClientProtocolClient (GrpcClientProtocolClient.java:onNext(255)) - client-029E50227556->355864cd-7ac5-4934-b366-9756b15dd90f: receive RaftClientReply:client-029E50227556->355864cd-7ac5-4934-b366-9756b15dd90f@group-785BCF25C267, cid=2010, SUCCESS, logIndex=2946, commits[355864cd-7ac5-4934-b366-9756b15dd90f:c2946, ce4aa411-63c8-4399-99eb-27ce352844f3:c2944, 3eeffb0a-787e-48ec-a2f5-d0c540a89489:c2944]
2019-08-21 15:29:51,345 | INFO  | DNAudit | user=null | ip=null | op=WRITE_CHUNK {blockData=conID: 3 locID: 102655681580237344 bcsId: 2946} | ret=SUCCESS |  
2019-08-21 15:29:51,347 | INFO  | DNAudit | user=null | ip=null | op=WRITE_CHUNK {blockData=conID: 3 locID: 102655681580237344 bcsId: 2946} | ret=SUCCESS |  
2019-08-21 15:29:51,348 | INFO  | DNAudit | user=null | ip=null | op=WRITE_CHUNK {blockData=conID: 3 locID: 102655681580237344 bcsId: 2946} | ret=SUCCESS |  
2019-08-21 15:29:51,349 | INFO  | DNAudit | user=null | ip=null | op=WRITE_CHUNK {blockData=conID: 3 locID: 102655681580237344 bcsId: 2940} | ret=SUCCESS |  
2019-08-21 15:29:51,349 | INFO  | DNAudit | user=null | ip=null | op=WRITE_CHUNK {blockData=conID: 3 locID: 102655681580237344 bcsId: 2940} | ret=SUCCESS |  
2019-08-21 15:29:51,350 | INFO  | DNAudit | user=null | ip=null | op=PUT_BLOCK {blockData=[blockId=conID: 3 locID: 102655681580237344 bcsId: 0,size=3145728]} | ret=SUCCESS |  
2019-08-21 15:29:51,350 | INFO  | DNAudit | user=null | ip=null | op=PUT_BLOCK {blockData=[blockId=conID: 3 locID: 102655681580237344 bcsId: 0,size=3145728]} | ret=SUCCESS |  
2019-08-21 15:29:51,350 | INFO  | DNAudit | user=null | ip=null | op=WRITE_CHUNK {blockData=conID: 3 locID: 102655681580237344 bcsId: 2946} | ret=SUCCESS |  
2019-08-21 15:29:51,351 | INFO  | DNAudit | user=null | ip=null | op=PUT_BLOCK {blockData=[blockId=conID: 3 locID: 102655681580237344 bcsId: 0,size=4194304]} | ret=SUCCESS |  
2019-08-21 15:29:51,351 [grpc-default-executor-3] INFO  client.GrpcClientProtocolClient (GrpcClientProtocolClient.java:onNext(255)) - client-029E50227556->355864cd-7ac5-4934-b366-9756b15dd90f: receive RaftClientReply:client-029E50227556->355864cd-7ac5-4934-b366-9756b15dd90f@group-785BCF25C267, cid=2011, SUCCESS, logIndex=2949, commits[355864cd-7ac5-4934-b366-9756b15dd90f:c2950, ce4aa411-63c8-4399-99eb-27ce352844f3:c2946, 3eeffb0a-787e-48ec-a2f5-d0c540a89489:c2946]
2019-08-21 15:29:51,351 [grpc-default-executor-3] INFO  client.GrpcClientProtocolClient (GrpcClientProtocolClient.java:onNext(255)) - client-029E50227556->355864cd-7ac5-4934-b366-9756b15dd90f: receive RaftClientReply:client-029E50227556->355864cd-7ac5-4934-b366-9756b15dd90f@group-785BCF25C267, cid=2012, SUCCESS, logIndex=2950, commits[355864cd-7ac5-4934-b366-9756b15dd90f:c2950, ce4aa411-63c8-4399-99eb-27ce352844f3:c2946, 3eeffb0a-787e-48ec-a2f5-d0c540a89489:c2946]
2019-08-21 15:29:51,360 | INFO  | DNAudit | user=null | ip=null | op=WRITE_CHUNK {blockData=conID: 3 locID: 102655681580237344 bcsId: 2946} | ret=SUCCESS |  
2019-08-21 15:29:51,360 | INFO  | DNAudit | user=null | ip=null | op=WRITE_CHUNK {blockData=conID: 3 locID: 102655681580237344 bcsId: 2946} | ret=SUCCESS |  
2019-08-21 15:29:51,363 | INFO  | DNAudit | user=null | ip=null | op=PUT_BLOCK {blockData=[blockId=conID: 3 locID: 102655681580237344 bcsId: 0,size=4194304]} | ret=SUCCESS |  
2019-08-21 15:29:51,363 | INFO  | DNAudit | user=null | ip=null | op=PUT_BLOCK {blockData=[blockId=conID: 3 locID: 102655681580237344 bcsId: 0,size=4194304]} | ret=SUCCESS |  
2019-08-21 15:29:51,363 [grpc-default-executor-3] INFO  client.GrpcClientProtocolClient (GrpcClientProtocolClient.java:onNext(255)) - client-029E50227556->355864cd-7ac5-4934-b366-9756b15dd90f: receive RaftClientReply:client-029E50227556->355864cd-7ac5-4934-b366-9756b15dd90f@group-785BCF25C267, cid=2013, SUCCESS, logIndex=0, commits[355864cd-7ac5-4934-b366-9756b15dd90f:c2952, ce4aa411-63c8-4399-99eb-27ce352844f3:c2950, 3eeffb0a-787e-48ec-a2f5-d0c540a89489:c2950]
2019-08-21 15:29:51,368 | INFO  | SCMAudit | user=jenkins1000 | ip=192.168.5.153 | op=ALLOCATE_BLOCK {owner=78849ec2-2b05-45d8-8cb5-e95e2230dbd1, size=4194304, type=RATIS, factor=THREE} | ret=SUCCESS |  
2019-08-21 15:29:51,370 | INFO  | OMAudit | user=jenkins1000 | ip=127.0.0.1 | op=ALLOCATE_BLOCK {volume=vol-0-32358, bucket=bucket-0-01949, key=key-0-56547, dataSize=0, replicationType=null, replicationFactor=null, keyLocationInfo=null, clientID=102655680532119954} | ret=SUCCESS |  
2019-08-21 15:29:51,376 | INFO  | DNAudit | user=null | ip=null | op=WRITE_CHUNK {blockData=conID: 1 locID: 102655681584693793 bcsId: 0} | ret=SUCCESS |  
2019-08-21 15:29:51,379 | INFO  | DNAudit | user=null | ip=null | op=WRITE_CHUNK {blockData=conID: 1 locID: 102655681584693793 bcsId: 0} | ret=SUCCESS |  
2019-08-21 15:29:51,379 | INFO  | DNAudit | user=null | ip=null | op=WRITE_CHUNK {blockData=conID: 1 locID: 102655681584693793 bcsId: 0} | ret=SUCCESS |  
2019-08-21 15:29:51,379 | INFO  | DNAudit | user=null | ip=null | op=WRITE_CHUNK {blockData=conID: 1 locID: 102655681584693793 bcsId: 0} | ret=SUCCESS |  
2019-08-21 15:29:51,381 | INFO  | DNAudit | user=null | ip=null | op=WRITE_CHUNK {blockData=conID: 1 locID: 102655681584693793 bcsId: 0} | ret=SUCCESS |  
2019-08-21 15:29:51,381 | INFO  | DNAudit | user=null | ip=null | op=WRITE_CHUNK {blockData=conID: 1 locID: 102655681584693793 bcsId: 0} | ret=SUCCESS |  
2019-08-21 15:29:51,385 | INFO  | DNAudit | user=null | ip=null | op=WRITE_CHUNK {blockData=conID: 1 locID: 102655681584693793 bcsId: 0} | ret=SUCCESS |  
2019-08-21 15:29:51,386 | INFO  | DNAudit | user=null | ip=null | op=PUT_BLOCK {blockData=[blockId=conID: 1 locID: 102655681584693793 bcsId: 0,size=1048576]} | ret=SUCCESS |  
2019-08-21 15:29:51,386 | INFO  | DNAudit | user=null | ip=null | op=WRITE_CHUNK {blockData=conID: 1 locID: 102655681584693793 bcsId: 0} | ret=SUCCESS |  
2019-08-21 15:29:51,386 [grpc-default-executor-2] INFO  client.GrpcClientProtocolClient (GrpcClientProtocolClient.java:onNext(255)) - client-029E50227556->355864cd-7ac5-4934-b366-9756b15dd90f: receive RaftClientReply:client-029E50227556->355864cd-7ac5-4934-b366-9756b15dd90f@group-785BCF25C267, cid=2014, SUCCESS, logIndex=2953, commits[355864cd-7ac5-4934-b366-9756b15dd90f:c2955, ce4aa411-63c8-4399-99eb-27ce352844f3:c2952, 3eeffb0a-787e-48ec-a2f5-d0c540a89489:c2952]
2019-08-21 15:29:51,386 | INFO  | DNAudit | user=null | ip=null | op=PUT_BLOCK {blockData=[blockId=conID: 1 locID: 102655681584693793 bcsId: 0,size=2097152]} | ret=SUCCESS |  
2019-08-21 15:29:51,387 | INFO  | DNAudit | user=null | ip=null | op=WRITE_CHUNK {blockData=conID: 1 locID: 102655681584693793 bcsId: 0} | ret=SUCCESS |  
2019-08-21 15:29:51,387 | INFO  | DNAudit | user=null | ip=null | op=WRITE_CHUNK {blockData=conID: 1 locID: 102655681584693793 bcsId: 0} | ret=SUCCESS |  
2019-08-21 15:29:51,387 [grpc-default-executor-3] INFO  client.GrpcClientProtocolClient (GrpcClientProtocolClient.java:onNext(255)) - client-029E50227556->355864cd-7ac5-4934-b366-9756b15dd90f: receive RaftClientReply:client-029E50227556->355864cd-7ac5-4934-b366-9756b15dd90f@group-785BCF25C267, cid=2015, SUCCESS, logIndex=2954, commits[355864cd-7ac5-4934-b366-9756b15dd90f:c2956, ce4aa411-63c8-4399-99eb-27ce352844f3:c2952, 3eeffb0a-787e-48ec-a2f5-d0c540a89489:c2952]
2019-08-21 15:29:51,387 [grpc-default-executor-3] INFO  client.GrpcClientProtocolClient (GrpcClientProtocolClient.java:onNext(255)) - client-029E50227556->355864cd-7ac5-4934-b366-9756b15dd90f: receive RaftClientReply:client-029E50227556->355864cd-7ac5-4934-b366-9756b15dd90f@group-785BCF25C267, cid=2016, SUCCESS, logIndex=2955, commits[355864cd-7ac5-4934-b366-9756b15dd90f:c2956, ce4aa411-63c8-4399-99eb-27ce352844f3:c2952, 3eeffb0a-787e-48ec-a2f5-d0c540a89489:c2952]
2019-08-21 15:29:51,387 [grpc-default-executor-3] INFO  client.GrpcClientProtocolClient (GrpcClientProtocolClient.java:onNext(255)) - client-029E50227556->355864cd-7ac5-4934-b366-9756b15dd90f: receive RaftClientReply:client-029E50227556->355864cd-7ac5-4934-b366-9756b15dd90f@group-785BCF25C267, cid=2017, SUCCESS, logIndex=2956, commits[355864cd-7ac5-4934-b366-9756b15dd90f:c2956, ce4aa411-63c8-4399-99eb-27ce352844f3:c2952, 3eeffb0a-787e-48ec-a2f5-d0c540a89489:c2952]
2019-08-21 15:29:51,388 | INFO  | DNAudit | user=null | ip=null | op=PUT_BLOCK {blockData=[blockId=conID: 1 locID: 102655681584693793 bcsId: 0,size=1048576]} | ret=SUCCESS |  
2019-08-21 15:29:51,388 | INFO  | DNAudit | user=null | ip=null | op=PUT_BLOCK {blockData=[blockId=conID: 1 locID: 102655681584693793 bcsId: 0,size=1048576]} | ret=SUCCESS |  
2019-08-21 15:29:51,388 | INFO  | DNAudit | user=null | ip=null | op=WRITE_CHUNK {blockData=conID: 1 locID: 102655681584693793 bcsId: 0} | ret=SUCCESS |  
2019-08-21 15:29:51,388 | INFO  | DNAudit | user=null | ip=null | op=WRITE_CHUNK {blockData=conID: 1 locID: 102655681584693793 bcsId: 0} | ret=SUCCESS |  
2019-08-21 15:29:51,388 | INFO  | DNAudit | user=null | ip=null | op=PUT_BLOCK {blockData=[blockId=conID: 1 locID: 102655681584693793 bcsId: 0,size=2097152]} | ret=SUCCESS |  
2019-08-21 15:29:51,388 | INFO  | DNAudit | user=null | ip=null | op=PUT_BLOCK {blockData=[blockId=conID: 1 locID: 102655681584693793 bcsId: 0,size=2097152]} | ret=SUCCESS |  
2019-08-21 15:29:51,388 [grpc-default-executor-3] INFO  client.GrpcClientProtocolClient (GrpcClientProtocolClient.java:onNext(255)) - client-029E50227556->355864cd-7ac5-4934-b366-9756b15dd90f: receive RaftClientReply:client-029E50227556->355864cd-7ac5-4934-b366-9756b15dd90f@group-785BCF25C267, cid=2018, SUCCESS, logIndex=0, commits[355864cd-7ac5-4934-b366-9756b15dd90f:c2958, ce4aa411-63c8-4399-99eb-27ce352844f3:c2955, 3eeffb0a-787e-48ec-a2f5-d0c540a89489:c2954]
2019-08-21 15:29:51,395 | INFO  | DNAudit | user=null | ip=null | op=WRITE_CHUNK {blockData=conID: 1 locID: 102655681584693793 bcsId: 2956} | ret=SUCCESS |  
2019-08-21 15:29:51,397 | INFO  | DNAudit | user=null | ip=null | op=WRITE_CHUNK {blockData=conID: 1 locID: 102655681584693793 bcsId: 2956} | ret=SUCCESS |  
2019-08-21 15:29:51,397 | INFO  | DNAudit | user=null | ip=null | op=WRITE_CHUNK {blockData=conID: 1 locID: 102655681584693793 bcsId: 2956} | ret=SUCCESS |  
2019-08-21 15:29:51,407 | INFO  | DNAudit | user=null | ip=null | op=WRITE_CHUNK {blockData=conID: 1 locID: 102655681584693793 bcsId: 2956} | ret=SUCCESS |  
2019-08-21 15:29:51,407 | INFO  | DNAudit | user=null | ip=null | op=PUT_BLOCK {blockData=[blockId=conID: 1 locID: 102655681584693793 bcsId: 0,size=3145728]} | ret=SUCCESS |  
2019-08-21 15:29:51,407 [grpc-default-executor-3] INFO  client.GrpcClientProtocolClient (GrpcClientProtocolClient.java:onNext(255)) - client-029E50227556->355864cd-7ac5-4934-b366-9756b15dd90f: receive RaftClientReply:client-029E50227556->355864cd-7ac5-4934-b366-9756b15dd90f@group-785BCF25C267, cid=2019, SUCCESS, logIndex=2961, commits[355864cd-7ac5-4934-b366-9756b15dd90f:c2962, ce4aa411-63c8-4399-99eb-27ce352844f3:c2960, 3eeffb0a-787e-48ec-a2f5-d0c540a89489:c2960]
2019-08-21 15:29:51,408 [grpc-default-executor-3] INFO  client.GrpcClientProtocolClient (GrpcClientProtocolClient.java:onNext(255)) - client-029E50227556->355864cd-7ac5-4934-b366-9756b15dd90f: receive RaftClientReply:client-029E50227556->355864cd-7ac5-4934-b366-9756b15dd90f@group-785BCF25C267, cid=2020, SUCCESS, logIndex=2962, commits[355864cd-7ac5-4934-b366-9756b15dd90f:c2962, ce4aa411-63c8-4399-99eb-27ce352844f3:c2960, 3eeffb0a-787e-48ec-a2f5-d0c540a89489:c2960]
2019-08-21 15:29:51,414 | INFO  | DNAudit | user=null | ip=null | op=WRITE_CHUNK {blockData=conID: 1 locID: 102655681584693793 bcsId: 2962} | ret=SUCCESS |  
2019-08-21 15:29:51,416 | INFO  | DNAudit | user=null | ip=null | op=WRITE_CHUNK {blockData=conID: 1 locID: 102655681584693793 bcsId: 2962} | ret=SUCCESS |  
2019-08-21 15:29:51,416 | INFO  | DNAudit | user=null | ip=null | op=WRITE_CHUNK {blockData=conID: 1 locID: 102655681584693793 bcsId: 2962} | ret=SUCCESS |  
2019-08-21 15:29:51,419 | INFO  | DNAudit | user=null | ip=null | op=WRITE_CHUNK {blockData=conID: 1 locID: 102655681584693793 bcsId: 2956} | ret=SUCCESS |  
2019-08-21 15:29:51,419 | INFO  | DNAudit | user=null | ip=null | op=WRITE_CHUNK {blockData=conID: 1 locID: 102655681584693793 bcsId: 2956} | ret=SUCCESS |  
2019-08-21 15:29:51,421 | INFO  | DNAudit | user=null | ip=null | op=PUT_BLOCK {blockData=[blockId=conID: 1 locID: 102655681584693793 bcsId: 0,size=3145728]} | ret=SUCCESS |  
2019-08-21 15:29:51,421 | INFO  | DNAudit | user=null | ip=null | op=PUT_BLOCK {blockData=[blockId=conID: 1 locID: 102655681584693793 bcsId: 0,size=3145728]} | ret=SUCCESS |  
2019-08-21 15:29:51,422 | INFO  | DNAudit | user=null | ip=null | op=WRITE_CHUNK {blockData=conID: 1 locID: 102655681584693793 bcsId: 2962} | ret=SUCCESS |  
2019-08-21 15:29:51,422 | INFO  | DNAudit | user=null | ip=null | op=PUT_BLOCK {blockData=[blockId=conID: 1 locID: 102655681584693793 bcsId: 0,size=4194304]} | ret=SUCCESS |  
2019-08-21 15:29:51,422 [grpc-default-executor-0] INFO  client.GrpcClientProtocolClient (GrpcClientProtocolClient.java:onNext(255)) - client-029E50227556->355864cd-7ac5-4934-b366-9756b15dd90f: receive RaftClientReply:client-029E50227556->355864cd-7ac5-4934-b366-9756b15dd90f@group-785BCF25C267, cid=2021, SUCCESS, logIndex=2965, commits[355864cd-7ac5-4934-b366-9756b15dd90f:c2966, ce4aa411-63c8-4399-99eb-27ce352844f3:c2962, 3eeffb0a-787e-48ec-a2f5-d0c540a89489:c2962]
2019-08-21 15:29:51,423 [grpc-default-executor-0] INFO  client.GrpcClientProtocolClient (GrpcClientProtocolClient.java:onNext(255)) - client-029E50227556->355864cd-7ac5-4934-b366-9756b15dd90f: receive RaftClientReply:client-029E50227556->355864cd-7ac5-4934-b366-9756b15dd90f@group-785BCF25C267, cid=2022, SUCCESS, logIndex=2966, commits[355864cd-7ac5-4934-b366-9756b15dd90f:c2966, ce4aa411-63c8-4399-99eb-27ce352844f3:c2962, 3eeffb0a-787e-48ec-a2f5-d0c540a89489:c2962]
2019-08-21 15:29:51,433 | INFO  | DNAudit | user=null | ip=null | op=WRITE_CHUNK {blockData=conID: 1 locID: 102655681584693793 bcsId: 2962} | ret=SUCCESS |  
2019-08-21 15:29:51,433 | INFO  | DNAudit | user=null | ip=null | op=WRITE_CHUNK {blockData=conID: 1 locID: 102655681584693793 bcsId: 2962} | ret=SUCCESS |  
2019-08-21 15:29:51,434 | INFO  | DNAudit | user=null | ip=null | op=PUT_BLOCK {blockData=[blockId=conID: 1 locID: 102655681584693793 bcsId: 0,size=4194304]} | ret=SUCCESS |  
2019-08-21 15:29:51,434 | INFO  | DNAudit | user=null | ip=null | op=PUT_BLOCK {blockData=[blockId=conID: 1 locID: 102655681584693793 bcsId: 0,size=4194304]} | ret=SUCCESS |  
2019-08-21 15:29:51,434 [grpc-default-executor-0] INFO  client.GrpcClientProtocolClient (GrpcClientProtocolClient.java:onNext(255)) - client-029E50227556->355864cd-7ac5-4934-b366-9756b15dd90f: receive RaftClientReply:client-029E50227556->355864cd-7ac5-4934-b366-9756b15dd90f@group-785BCF25C267, cid=2023, SUCCESS, logIndex=0, commits[355864cd-7ac5-4934-b366-9756b15dd90f:c2967, ce4aa411-63c8-4399-99eb-27ce352844f3:c2966, 3eeffb0a-787e-48ec-a2f5-d0c540a89489:c2966]
2019-08-21 15:29:51,439 | INFO  | SCMAudit | user=jenkins1000 | ip=192.168.5.153 | op=ALLOCATE_BLOCK {owner=78849ec2-2b05-45d8-8cb5-e95e2230dbd1, size=4194304, type=RATIS, factor=THREE} | ret=SUCCESS |  
2019-08-21 15:29:51,442 | INFO  | OMAudit | user=jenkins1000 | ip=127.0.0.1 | op=ALLOCATE_BLOCK {volume=vol-0-32358, bucket=bucket-0-01949, key=key-0-56547, dataSize=0, replicationType=null, replicationFactor=null, keyLocationInfo=null, clientID=102655680532119954} | ret=SUCCESS |  
2019-08-21 15:29:51,449 | INFO  | DNAudit | user=null | ip=null | op=WRITE_CHUNK {blockData=conID: 2 locID: 102655681589346850 bcsId: 0} | ret=SUCCESS |  
2019-08-21 15:29:51,451 | INFO  | DNAudit | user=null | ip=null | op=WRITE_CHUNK {blockData=conID: 2 locID: 102655681589346850 bcsId: 0} | ret=SUCCESS |  
2019-08-21 15:29:51,452 | INFO  | DNAudit | user=null | ip=null | op=WRITE_CHUNK {blockData=conID: 2 locID: 102655681589346850 bcsId: 0} | ret=SUCCESS |  
2019-08-21 15:29:51,452 | INFO  | DNAudit | user=null | ip=null | op=WRITE_CHUNK {blockData=conID: 2 locID: 102655681589346850 bcsId: 0} | ret=SUCCESS |  
2019-08-21 15:29:51,453 | INFO  | DNAudit | user=null | ip=null | op=WRITE_CHUNK {blockData=conID: 2 locID: 102655681589346850 bcsId: 0} | ret=SUCCESS |  
2019-08-21 15:29:51,454 | INFO  | DNAudit | user=null | ip=null | op=WRITE_CHUNK {blockData=conID: 2 locID: 102655681589346850 bcsId: 0} | ret=SUCCESS |  
2019-08-21 15:29:51,461 | INFO  | DNAudit | user=null | ip=null | op=WRITE_CHUNK {blockData=conID: 2 locID: 102655681589346850 bcsId: 0} | ret=SUCCESS |  
2019-08-21 15:29:51,462 | INFO  | DNAudit | user=null | ip=null | op=PUT_BLOCK {blockData=[blockId=conID: 2 locID: 102655681589346850 bcsId: 0,size=1048576]} | ret=SUCCESS |  
2019-08-21 15:29:51,462 | INFO  | DNAudit | user=null | ip=null | op=WRITE_CHUNK {blockData=conID: 2 locID: 102655681589346850 bcsId: 0} | ret=SUCCESS |  
2019-08-21 15:29:51,462 [grpc-default-executor-2] INFO  client.GrpcClientProtocolClient (GrpcClientProtocolClient.java:onNext(255)) - client-029E50227556->355864cd-7ac5-4934-b366-9756b15dd90f: receive RaftClientReply:client-029E50227556->355864cd-7ac5-4934-b366-9756b15dd90f@group-785BCF25C267, cid=2024, SUCCESS, logIndex=2969, commits[355864cd-7ac5-4934-b366-9756b15dd90f:c2970, ce4aa411-63c8-4399-99eb-27ce352844f3:c2968, 3eeffb0a-787e-48ec-a2f5-d0c540a89489:c2968]
2019-08-21 15:29:51,462 | INFO  | DNAudit | user=null | ip=null | op=PUT_BLOCK {blockData=[blockId=conID: 2 locID: 102655681589346850 bcsId: 0,size=2097152]} | ret=SUCCESS |  
2019-08-21 15:29:51,462 [grpc-default-executor-2] INFO  client.GrpcClientProtocolClient (GrpcClientProtocolClient.java:onNext(255)) - client-029E50227556->355864cd-7ac5-4934-b366-9756b15dd90f: receive RaftClientReply:client-029E50227556->355864cd-7ac5-4934-b366-9756b15dd90f@group-785BCF25C267, cid=2025, SUCCESS, logIndex=2970, commits[355864cd-7ac5-4934-b366-9756b15dd90f:c2971, ce4aa411-63c8-4399-99eb-27ce352844f3:c2968, 3eeffb0a-787e-48ec-a2f5-d0c540a89489:c2968]
2019-08-21 15:29:51,463 [grpc-default-executor-2] INFO  client.GrpcClientProtocolClient (GrpcClientProtocolClient.java:onNext(255)) - client-029E50227556->355864cd-7ac5-4934-b366-9756b15dd90f: receive RaftClientReply:client-029E50227556->355864cd-7ac5-4934-b366-9756b15dd90f@group-785BCF25C267, cid=2026, SUCCESS, logIndex=2971, commits[355864cd-7ac5-4934-b366-9756b15dd90f:c2972, ce4aa411-63c8-4399-99eb-27ce352844f3:c2968, 3eeffb0a-787e-48ec-a2f5-d0c540a89489:c2968]
2019-08-21 15:29:51,463 [grpc-default-executor-2] INFO  client.GrpcClientProtocolClient (GrpcClientProtocolClient.java:onNext(255)) - client-029E50227556->355864cd-7ac5-4934-b366-9756b15dd90f: receive RaftClientReply:client-029E50227556->355864cd-7ac5-4934-b366-9756b15dd90f@group-785BCF25C267, cid=2027, SUCCESS, logIndex=2972, commits[355864cd-7ac5-4934-b366-9756b15dd90f:c2972, ce4aa411-63c8-4399-99eb-27ce352844f3:c2968, 3eeffb0a-787e-48ec-a2f5-d0c540a89489:c2968]
2019-08-21 15:29:51,475 | INFO  | DNAudit | user=null | ip=null | op=WRITE_CHUNK {blockData=conID: 2 locID: 102655681589346850 bcsId: 0} | ret=SUCCESS |  
2019-08-21 15:29:51,475 | INFO  | DNAudit | user=null | ip=null | op=PUT_BLOCK {blockData=[blockId=conID: 2 locID: 102655681589346850 bcsId: 0,size=1048576]} | ret=SUCCESS |  
2019-08-21 15:29:51,475 | INFO  | DNAudit | user=null | ip=null | op=WRITE_CHUNK {blockData=conID: 2 locID: 102655681589346850 bcsId: 0} | ret=SUCCESS |  
2019-08-21 15:29:51,475 | INFO  | DNAudit | user=null | ip=null | op=PUT_BLOCK {blockData=[blockId=conID: 2 locID: 102655681589346850 bcsId: 0,size=1048576]} | ret=SUCCESS |  
2019-08-21 15:29:51,476 | INFO  | DNAudit | user=null | ip=null | op=WRITE_CHUNK {blockData=conID: 2 locID: 102655681589346850 bcsId: 0} | ret=SUCCESS |  
2019-08-21 15:29:51,476 | INFO  | DNAudit | user=null | ip=null | op=PUT_BLOCK {blockData=[blockId=conID: 2 locID: 102655681589346850 bcsId: 0,size=2097152]} | ret=SUCCESS |  
2019-08-21 15:29:51,476 [grpc-default-executor-2] INFO  client.GrpcClientProtocolClient (GrpcClientProtocolClient.java:onNext(255)) - client-029E50227556->355864cd-7ac5-4934-b366-9756b15dd90f: receive RaftClientReply:client-029E50227556->355864cd-7ac5-4934-b366-9756b15dd90f@group-785BCF25C267, cid=2028, SUCCESS, logIndex=0, commits[355864cd-7ac5-4934-b366-9756b15dd90f:c2974, ce4aa411-63c8-4399-99eb-27ce352844f3:c2970, 3eeffb0a-787e-48ec-a2f5-d0c540a89489:c2970]
2019-08-21 15:29:51,476 | INFO  | DNAudit | user=null | ip=null | op=WRITE_CHUNK {blockData=conID: 2 locID: 102655681589346850 bcsId: 0} | ret=SUCCESS |  
2019-08-21 15:29:51,476 | INFO  | DNAudit | user=null | ip=null | op=PUT_BLOCK {blockData=[blockId=conID: 2 locID: 102655681589346850 bcsId: 0,size=2097152]} | ret=SUCCESS |  
2019-08-21 15:29:51,482 | INFO  | DNAudit | user=null | ip=null | op=WRITE_CHUNK {blockData=conID: 2 locID: 102655681589346850 bcsId: 2972} | ret=SUCCESS |  
2019-08-21 15:29:51,484 | INFO  | DNAudit | user=null | ip=null | op=WRITE_CHUNK {blockData=conID: 2 locID: 102655681589346850 bcsId: 2972} | ret=SUCCESS |  
2019-08-21 15:29:51,484 | INFO  | DNAudit | user=null | ip=null | op=WRITE_CHUNK {blockData=conID: 2 locID: 102655681589346850 bcsId: 2972} | ret=SUCCESS |  
2019-08-21 15:29:51,494 | INFO  | DNAudit | user=null | ip=null | op=WRITE_CHUNK {blockData=conID: 2 locID: 102655681589346850 bcsId: 2972} | ret=SUCCESS |  
2019-08-21 15:29:51,495 | INFO  | DNAudit | user=null | ip=null | op=PUT_BLOCK {blockData=[blockId=conID: 2 locID: 102655681589346850 bcsId: 0,size=3145728]} | ret=SUCCESS |  
2019-08-21 15:29:51,495 [grpc-default-executor-0] INFO  client.GrpcClientProtocolClient (GrpcClientProtocolClient.java:onNext(255)) - client-029E50227556->355864cd-7ac5-4934-b366-9756b15dd90f: receive RaftClientReply:client-029E50227556->355864cd-7ac5-4934-b366-9756b15dd90f@group-785BCF25C267, cid=2029, SUCCESS, logIndex=2977, commits[355864cd-7ac5-4934-b366-9756b15dd90f:c2978, ce4aa411-63c8-4399-99eb-27ce352844f3:c2976, 3eeffb0a-787e-48ec-a2f5-d0c540a89489:c2976]
2019-08-21 15:29:51,495 [grpc-default-executor-0] INFO  client.GrpcClientProtocolClient (GrpcClientProtocolClient.java:onNext(255)) - client-029E50227556->355864cd-7ac5-4934-b366-9756b15dd90f: receive RaftClientReply:client-029E50227556->355864cd-7ac5-4934-b366-9756b15dd90f@group-785BCF25C267, cid=2030, SUCCESS, logIndex=2978, commits[355864cd-7ac5-4934-b366-9756b15dd90f:c2978, ce4aa411-63c8-4399-99eb-27ce352844f3:c2976, 3eeffb0a-787e-48ec-a2f5-d0c540a89489:c2976]
2019-08-21 15:29:51,502 | INFO  | DNAudit | user=null | ip=null | op=WRITE_CHUNK {blockData=conID: 2 locID: 102655681589346850 bcsId: 2978} | ret=SUCCESS |  
2019-08-21 15:29:51,504 | INFO  | DNAudit | user=null | ip=null | op=WRITE_CHUNK {blockData=conID: 2 locID: 102655681589346850 bcsId: 2978} | ret=SUCCESS |  
2019-08-21 15:29:51,504 | INFO  | DNAudit | user=null | ip=null | op=WRITE_CHUNK {blockData=conID: 2 locID: 102655681589346850 bcsId: 2978} | ret=SUCCESS |  
2019-08-21 15:29:51,506 | INFO  | DNAudit | user=null | ip=null | op=WRITE_CHUNK {blockData=conID: 2 locID: 102655681589346850 bcsId: 2972} | ret=SUCCESS |  
2019-08-21 15:29:51,506 | INFO  | DNAudit | user=null | ip=null | op=WRITE_CHUNK {blockData=conID: 2 locID: 102655681589346850 bcsId: 2972} | ret=SUCCESS |  
2019-08-21 15:29:51,507 | INFO  | DNAudit | user=null | ip=null | op=PUT_BLOCK {blockData=[blockId=conID: 2 locID: 102655681589346850 bcsId: 0,size=3145728]} | ret=SUCCESS |  
2019-08-21 15:29:51,507 | INFO  | DNAudit | user=null | ip=null | op=PUT_BLOCK {blockData=[blockId=conID: 2 locID: 102655681589346850 bcsId: 0,size=3145728]} | ret=SUCCESS |  
2019-08-21 15:29:51,508 | INFO  | DNAudit | user=null | ip=null | op=WRITE_CHUNK {blockData=conID: 2 locID: 102655681589346850 bcsId: 2978} | ret=SUCCESS |  
2019-08-21 15:29:51,508 | INFO  | DNAudit | user=null | ip=null | op=PUT_BLOCK {blockData=[blockId=conID: 2 locID: 102655681589346850 bcsId: 0,size=4194304]} | ret=SUCCESS |  
2019-08-21 15:29:51,508 [grpc-default-executor-2] INFO  client.GrpcClientProtocolClient (GrpcClientProtocolClient.java:onNext(255)) - client-029E50227556->355864cd-7ac5-4934-b366-9756b15dd90f: receive RaftClientReply:client-029E50227556->355864cd-7ac5-4934-b366-9756b15dd90f@group-785BCF25C267, cid=2031, SUCCESS, logIndex=2981, commits[355864cd-7ac5-4934-b366-9756b15dd90f:c2982, ce4aa411-63c8-4399-99eb-27ce352844f3:c2978, 3eeffb0a-787e-48ec-a2f5-d0c540a89489:c2978]
2019-08-21 15:29:51,509 [grpc-default-executor-2] INFO  client.GrpcClientProtocolClient (GrpcClientProtocolClient.java:onNext(255)) - client-029E50227556->355864cd-7ac5-4934-b366-9756b15dd90f: receive RaftClientReply:client-029E50227556->355864cd-7ac5-4934-b366-9756b15dd90f@group-785BCF25C267, cid=2032, SUCCESS, logIndex=2982, commits[355864cd-7ac5-4934-b366-9756b15dd90f:c2982, ce4aa411-63c8-4399-99eb-27ce352844f3:c2978, 3eeffb0a-787e-48ec-a2f5-d0c540a89489:c2978]
2019-08-21 15:29:51,519 | INFO  | DNAudit | user=null | ip=null | op=WRITE_CHUNK {blockData=conID: 2 locID: 102655681589346850 bcsId: 2978} | ret=SUCCESS |  
2019-08-21 15:29:51,519 | INFO  | DNAudit | user=null | ip=null | op=WRITE_CHUNK {blockData=conID: 2 locID: 102655681589346850 bcsId: 2978} | ret=SUCCESS |  
2019-08-21 15:29:51,519 | INFO  | DNAudit | user=null | ip=null | op=PUT_BLOCK {blockData=[blockId=conID: 2 locID: 102655681589346850 bcsId: 0,size=4194304]} | ret=SUCCESS |  
2019-08-21 15:29:51,519 | INFO  | DNAudit | user=null | ip=null | op=PUT_BLOCK {blockData=[blockId=conID: 2 locID: 102655681589346850 bcsId: 0,size=4194304]} | ret=SUCCESS |  
2019-08-21 15:29:51,519 [grpc-default-executor-2] INFO  client.GrpcClientProtocolClient (GrpcClientProtocolClient.java:onNext(255)) - client-029E50227556->355864cd-7ac5-4934-b366-9756b15dd90f: receive RaftClientReply:client-029E50227556->355864cd-7ac5-4934-b366-9756b15dd90f@group-785BCF25C267, cid=2033, SUCCESS, logIndex=0, commits[355864cd-7ac5-4934-b366-9756b15dd90f:c2983, ce4aa411-63c8-4399-99eb-27ce352844f3:c2982, 3eeffb0a-787e-48ec-a2f5-d0c540a89489:c2982]
2019-08-21 15:29:51,524 | INFO  | SCMAudit | user=jenkins1000 | ip=192.168.5.153 | op=ALLOCATE_BLOCK {owner=78849ec2-2b05-45d8-8cb5-e95e2230dbd1, size=4194304, type=RATIS, factor=THREE} | ret=SUCCESS |  
2019-08-21 15:29:51,526 | INFO  | OMAudit | user=jenkins1000 | ip=127.0.0.1 | op=ALLOCATE_BLOCK {volume=vol-0-32358, bucket=bucket-0-01949, key=key-0-56547, dataSize=0, replicationType=null, replicationFactor=null, keyLocationInfo=null, clientID=102655680532119954} | ret=SUCCESS |  
2019-08-21 15:29:51,532 | INFO  | DNAudit | user=null | ip=null | op=WRITE_CHUNK {blockData=conID: 3 locID: 102655681594851875 bcsId: 0} | ret=SUCCESS |  
2019-08-21 15:29:51,535 | INFO  | DNAudit | user=null | ip=null | op=WRITE_CHUNK {blockData=conID: 3 locID: 102655681594851875 bcsId: 0} | ret=SUCCESS |  
2019-08-21 15:29:51,535 | INFO  | DNAudit | user=null | ip=null | op=WRITE_CHUNK {blockData=conID: 3 locID: 102655681594851875 bcsId: 0} | ret=SUCCESS |  
2019-08-21 15:29:51,535 | INFO  | DNAudit | user=null | ip=null | op=WRITE_CHUNK {blockData=conID: 3 locID: 102655681594851875 bcsId: 0} | ret=SUCCESS |  
2019-08-21 15:29:51,536 | INFO  | DNAudit | user=null | ip=null | op=WRITE_CHUNK {blockData=conID: 3 locID: 102655681594851875 bcsId: 0} | ret=SUCCESS |  
2019-08-21 15:29:51,537 | INFO  | DNAudit | user=null | ip=null | op=WRITE_CHUNK {blockData=conID: 3 locID: 102655681594851875 bcsId: 0} | ret=SUCCESS |  
2019-08-21 15:29:51,544 | INFO  | DNAudit | user=null | ip=null | op=WRITE_CHUNK {blockData=conID: 3 locID: 102655681594851875 bcsId: 0} | ret=SUCCESS |  
2019-08-21 15:29:51,545 | INFO  | DNAudit | user=null | ip=null | op=PUT_BLOCK {blockData=[blockId=conID: 3 locID: 102655681594851875 bcsId: 0,size=1048576]} | ret=SUCCESS |  
2019-08-21 15:29:51,545 [grpc-default-executor-3] INFO  client.GrpcClientProtocolClient (GrpcClientProtocolClient.java:onNext(255)) - client-029E50227556->355864cd-7ac5-4934-b366-9756b15dd90f: receive RaftClientReply:client-029E50227556->355864cd-7ac5-4934-b366-9756b15dd90f@group-785BCF25C267, cid=2034, SUCCESS, logIndex=2985, commits[355864cd-7ac5-4934-b366-9756b15dd90f:c2987, ce4aa411-63c8-4399-99eb-27ce352844f3:c2984, 3eeffb0a-787e-48ec-a2f5-d0c540a89489:c2984]
2019-08-21 15:29:51,545 | INFO  | DNAudit | user=null | ip=null | op=WRITE_CHUNK {blockData=conID: 3 locID: 102655681594851875 bcsId: 0} | ret=SUCCESS |  
2019-08-21 15:29:51,546 [grpc-default-executor-3] INFO  client.GrpcClientProtocolClient (GrpcClientProtocolClient.java:onNext(255)) - client-029E50227556->355864cd-7ac5-4934-b366-9756b15dd90f: receive RaftClientReply:client-029E50227556->355864cd-7ac5-4934-b366-9756b15dd90f@group-785BCF25C267, cid=2035, SUCCESS, logIndex=2986, commits[355864cd-7ac5-4934-b366-9756b15dd90f:c2988, ce4aa411-63c8-4399-99eb-27ce352844f3:c2984, 3eeffb0a-787e-48ec-a2f5-d0c540a89489:c2984]
2019-08-21 15:29:51,546 | INFO  | DNAudit | user=null | ip=null | op=WRITE_CHUNK {blockData=conID: 3 locID: 102655681594851875 bcsId: 0} | ret=SUCCESS |  
2019-08-21 15:29:51,546 | INFO  | DNAudit | user=null | ip=null | op=PUT_BLOCK {blockData=[blockId=conID: 3 locID: 102655681594851875 bcsId: 0,size=2097152]} | ret=SUCCESS |  
2019-08-21 15:29:51,546 | INFO  | DNAudit | user=null | ip=null | op=PUT_BLOCK {blockData=[blockId=conID: 3 locID: 102655681594851875 bcsId: 0,size=1048576]} | ret=SUCCESS |  
2019-08-21 15:29:51,546 [grpc-default-executor-3] INFO  client.GrpcClientProtocolClient (GrpcClientProtocolClient.java:onNext(255)) - client-029E50227556->355864cd-7ac5-4934-b366-9756b15dd90f: receive RaftClientReply:client-029E50227556->355864cd-7ac5-4934-b366-9756b15dd90f@group-785BCF25C267, cid=2036, SUCCESS, logIndex=2987, commits[355864cd-7ac5-4934-b366-9756b15dd90f:c2988, ce4aa411-63c8-4399-99eb-27ce352844f3:c2984, 3eeffb0a-787e-48ec-a2f5-d0c540a89489:c2984]
2019-08-21 15:29:51,547 | INFO  | DNAudit | user=null | ip=null | op=WRITE_CHUNK {blockData=conID: 3 locID: 102655681594851875 bcsId: 0} | ret=SUCCESS |  
2019-08-21 15:29:51,547 [grpc-default-executor-3] INFO  client.GrpcClientProtocolClient (GrpcClientProtocolClient.java:onNext(255)) - client-029E50227556->355864cd-7ac5-4934-b366-9756b15dd90f: receive RaftClientReply:client-029E50227556->355864cd-7ac5-4934-b366-9756b15dd90f@group-785BCF25C267, cid=2037, SUCCESS, logIndex=2988, commits[355864cd-7ac5-4934-b366-9756b15dd90f:c2989, ce4aa411-63c8-4399-99eb-27ce352844f3:c2984, 3eeffb0a-787e-48ec-a2f5-d0c540a89489:c2985]
2019-08-21 15:29:51,547 | INFO  | DNAudit | user=null | ip=null | op=PUT_BLOCK {blockData=[blockId=conID: 3 locID: 102655681594851875 bcsId: 0,size=1048576]} | ret=SUCCESS |  
2019-08-21 15:29:51,547 | INFO  | DNAudit | user=null | ip=null | op=WRITE_CHUNK {blockData=conID: 3 locID: 102655681594851875 bcsId: 0} | ret=SUCCESS |  
2019-08-21 15:29:51,547 | INFO  | DNAudit | user=null | ip=null | op=WRITE_CHUNK {blockData=conID: 3 locID: 102655681594851875 bcsId: 0} | ret=SUCCESS |  
2019-08-21 15:29:51,547 | INFO  | DNAudit | user=null | ip=null | op=PUT_BLOCK {blockData=[blockId=conID: 3 locID: 102655681594851875 bcsId: 0,size=2097152]} | ret=SUCCESS |  
2019-08-21 15:29:51,548 | INFO  | DNAudit | user=null | ip=null | op=PUT_BLOCK {blockData=[blockId=conID: 3 locID: 102655681594851875 bcsId: 0,size=2097152]} | ret=SUCCESS |  
2019-08-21 15:29:51,548 [grpc-default-executor-3] INFO  client.GrpcClientProtocolClient (GrpcClientProtocolClient.java:onNext(255)) - client-029E50227556->355864cd-7ac5-4934-b366-9756b15dd90f: receive RaftClientReply:client-029E50227556->355864cd-7ac5-4934-b366-9756b15dd90f@group-785BCF25C267, cid=2038, SUCCESS, logIndex=0, commits[355864cd-7ac5-4934-b366-9756b15dd90f:c2991, ce4aa411-63c8-4399-99eb-27ce352844f3:c2987, 3eeffb0a-787e-48ec-a2f5-d0c540a89489:c2987]
2019-08-21 15:29:51,553 | INFO  | DNAudit | user=null | ip=null | op=WRITE_CHUNK {blockData=conID: 3 locID: 102655681594851875 bcsId: 2988} | ret=SUCCESS |  
2019-08-21 15:29:51,555 | INFO  | DNAudit | user=null | ip=null | op=WRITE_CHUNK {blockData=conID: 3 locID: 102655681594851875 bcsId: 2988} | ret=SUCCESS |  
2019-08-21 15:29:51,555 | INFO  | DNAudit | user=null | ip=null | op=WRITE_CHUNK {blockData=conID: 3 locID: 102655681594851875 bcsId: 2988} | ret=SUCCESS |  
2019-08-21 15:29:51,566 | INFO  | DNAudit | user=null | ip=null | op=WRITE_CHUNK {blockData=conID: 3 locID: 102655681594851875 bcsId: 2988} | ret=SUCCESS |  
2019-08-21 15:29:51,566 | INFO  | DNAudit | user=null | ip=null | op=PUT_BLOCK {blockData=[blockId=conID: 3 locID: 102655681594851875 bcsId: 0,size=3145728]} | ret=SUCCESS |  
2019-08-21 15:29:51,566 [grpc-default-executor-3] INFO  client.GrpcClientProtocolClient (GrpcClientProtocolClient.java:onNext(255)) - client-029E50227556->355864cd-7ac5-4934-b366-9756b15dd90f: receive RaftClientReply:client-029E50227556->355864cd-7ac5-4934-b366-9756b15dd90f@group-785BCF25C267, cid=2039, SUCCESS, logIndex=2993, commits[355864cd-7ac5-4934-b366-9756b15dd90f:c2994, ce4aa411-63c8-4399-99eb-27ce352844f3:c2992, 3eeffb0a-787e-48ec-a2f5-d0c540a89489:c2992]
2019-08-21 15:29:51,567 [grpc-default-executor-3] INFO  client.GrpcClientProtocolClient (GrpcClientProtocolClient.java:onNext(255)) - client-029E50227556->355864cd-7ac5-4934-b366-9756b15dd90f: receive RaftClientReply:client-029E50227556->355864cd-7ac5-4934-b366-9756b15dd90f@group-785BCF25C267, cid=2040, SUCCESS, logIndex=2994, commits[355864cd-7ac5-4934-b366-9756b15dd90f:c2994, ce4aa411-63c8-4399-99eb-27ce352844f3:c2992, 3eeffb0a-787e-48ec-a2f5-d0c540a89489:c2992]
2019-08-21 15:29:51,573 | INFO  | DNAudit | user=null | ip=null | op=WRITE_CHUNK {blockData=conID: 3 locID: 102655681594851875 bcsId: 2994} | ret=SUCCESS |  
2019-08-21 15:29:51,575 | INFO  | DNAudit | user=null | ip=null | op=WRITE_CHUNK {blockData=conID: 3 locID: 102655681594851875 bcsId: 2994} | ret=SUCCESS |  
2019-08-21 15:29:51,575 | INFO  | DNAudit | user=null | ip=null | op=WRITE_CHUNK {blockData=conID: 3 locID: 102655681594851875 bcsId: 2994} | ret=SUCCESS |  
2019-08-21 15:29:51,575 | INFO  | DNAudit | user=null | ip=null | op=WRITE_CHUNK {blockData=conID: 3 locID: 102655681594851875 bcsId: 2988} | ret=SUCCESS |  
2019-08-21 15:29:51,575 | INFO  | DNAudit | user=null | ip=null | op=WRITE_CHUNK {blockData=conID: 3 locID: 102655681594851875 bcsId: 2988} | ret=SUCCESS |  
2019-08-21 15:29:51,577 | INFO  | DNAudit | user=null | ip=null | op=PUT_BLOCK {blockData=[blockId=conID: 3 locID: 102655681594851875 bcsId: 0,size=3145728]} | ret=SUCCESS |  
2019-08-21 15:29:51,577 | INFO  | DNAudit | user=null | ip=null | op=PUT_BLOCK {blockData=[blockId=conID: 3 locID: 102655681594851875 bcsId: 0,size=3145728]} | ret=SUCCESS |  
2019-08-21 15:29:51,577 | INFO  | DNAudit | user=null | ip=null | op=WRITE_CHUNK {blockData=conID: 3 locID: 102655681594851875 bcsId: 2994} | ret=SUCCESS |  
2019-08-21 15:29:51,578 | INFO  | DNAudit | user=null | ip=null | op=PUT_BLOCK {blockData=[blockId=conID: 3 locID: 102655681594851875 bcsId: 0,size=4194304]} | ret=SUCCESS |  
2019-08-21 15:29:51,578 [grpc-default-executor-0] INFO  client.GrpcClientProtocolClient (GrpcClientProtocolClient.java:onNext(255)) - client-029E50227556->355864cd-7ac5-4934-b366-9756b15dd90f: receive RaftClientReply:client-029E50227556->355864cd-7ac5-4934-b366-9756b15dd90f@group-785BCF25C267, cid=2041, SUCCESS, logIndex=2997, commits[355864cd-7ac5-4934-b366-9756b15dd90f:c2997, ce4aa411-63c8-4399-99eb-27ce352844f3:c2994, 3eeffb0a-787e-48ec-a2f5-d0c540a89489:c2994]
2019-08-21 15:29:51,578 [grpc-default-executor-0] INFO  client.GrpcClientProtocolClient (GrpcClientProtocolClient.java:onNext(255)) - client-029E50227556->355864cd-7ac5-4934-b366-9756b15dd90f: receive RaftClientReply:client-029E50227556->355864cd-7ac5-4934-b366-9756b15dd90f@group-785BCF25C267, cid=2042, SUCCESS, logIndex=2998, commits[355864cd-7ac5-4934-b366-9756b15dd90f:c2998, ce4aa411-63c8-4399-99eb-27ce352844f3:c2994, 3eeffb0a-787e-48ec-a2f5-d0c540a89489:c2994]
2019-08-21 15:29:51,587 | INFO  | DNAudit | user=null | ip=null | op=WRITE_CHUNK {blockData=conID: 3 locID: 102655681594851875 bcsId: 2994} | ret=SUCCESS |  
2019-08-21 15:29:51,587 | INFO  | DNAudit | user=null | ip=null | op=WRITE_CHUNK {blockData=conID: 3 locID: 102655681594851875 bcsId: 2994} | ret=SUCCESS |  
2019-08-21 15:29:51,590 | INFO  | DNAudit | user=null | ip=null | op=PUT_BLOCK {blockData=[blockId=conID: 3 locID: 102655681594851875 bcsId: 0,size=4194304]} | ret=SUCCESS |  
2019-08-21 15:29:51,590 | INFO  | DNAudit | user=null | ip=null | op=PUT_BLOCK {blockData=[blockId=conID: 3 locID: 102655681594851875 bcsId: 0,size=4194304]} | ret=SUCCESS |  
2019-08-21 15:29:51,590 [grpc-default-executor-0] INFO  client.GrpcClientProtocolClient (GrpcClientProtocolClient.java:onNext(255)) - client-029E50227556->355864cd-7ac5-4934-b366-9756b15dd90f: receive RaftClientReply:client-029E50227556->355864cd-7ac5-4934-b366-9756b15dd90f@group-785BCF25C267, cid=2043, SUCCESS, logIndex=0, commits[355864cd-7ac5-4934-b366-9756b15dd90f:c3000, ce4aa411-63c8-4399-99eb-27ce352844f3:c2998, 3eeffb0a-787e-48ec-a2f5-d0c540a89489:c2998]
2019-08-21 15:29:51,594 | INFO  | SCMAudit | user=jenkins1000 | ip=192.168.5.153 | op=ALLOCATE_BLOCK {owner=78849ec2-2b05-45d8-8cb5-e95e2230dbd1, size=4194304, type=RATIS, factor=THREE} | ret=SUCCESS |  
2019-08-21 15:29:51,596 | INFO  | OMAudit | user=jenkins1000 | ip=127.0.0.1 | op=ALLOCATE_BLOCK {volume=vol-0-32358, bucket=bucket-0-01949, key=key-0-56547, dataSize=0, replicationType=null, replicationFactor=null, keyLocationInfo=null, clientID=102655680532119954} | ret=SUCCESS |  
2019-08-21 15:29:51,602 | INFO  | DNAudit | user=null | ip=null | op=WRITE_CHUNK {blockData=conID: 1 locID: 102655681599504932 bcsId: 0} | ret=SUCCESS |  
2019-08-21 15:29:51,604 | INFO  | DNAudit | user=null | ip=null | op=WRITE_CHUNK {blockData=conID: 1 locID: 102655681599504932 bcsId: 0} | ret=SUCCESS |  
2019-08-21 15:29:51,604 | INFO  | DNAudit | user=null | ip=null | op=WRITE_CHUNK {blockData=conID: 1 locID: 102655681599504932 bcsId: 0} | ret=SUCCESS |  
2019-08-21 15:29:51,605 | INFO  | DNAudit | user=null | ip=null | op=WRITE_CHUNK {blockData=conID: 1 locID: 102655681599504932 bcsId: 0} | ret=SUCCESS |  
2019-08-21 15:29:51,607 | INFO  | DNAudit | user=null | ip=null | op=WRITE_CHUNK {blockData=conID: 1 locID: 102655681599504932 bcsId: 0} | ret=SUCCESS |  
2019-08-21 15:29:51,607 | INFO  | DNAudit | user=null | ip=null | op=WRITE_CHUNK {blockData=conID: 1 locID: 102655681599504932 bcsId: 0} | ret=SUCCESS |  
2019-08-21 15:29:51,616 | INFO  | DNAudit | user=null | ip=null | op=WRITE_CHUNK {blockData=conID: 1 locID: 102655681599504932 bcsId: 0} | ret=SUCCESS |  
2019-08-21 15:29:51,617 | INFO  | DNAudit | user=null | ip=null | op=PUT_BLOCK {blockData=[blockId=conID: 1 locID: 102655681599504932 bcsId: 0,size=1048576]} | ret=SUCCESS |  
2019-08-21 15:29:51,617 [grpc-default-executor-5] INFO  client.GrpcClientProtocolClient (GrpcClientProtocolClient.java:onNext(255)) - client-029E50227556->355864cd-7ac5-4934-b366-9756b15dd90f: receive RaftClientReply:client-029E50227556->355864cd-7ac5-4934-b366-9756b15dd90f@group-785BCF25C267, cid=2044, SUCCESS, logIndex=3001, commits[355864cd-7ac5-4934-b366-9756b15dd90f:c3002, ce4aa411-63c8-4399-99eb-27ce352844f3:c3000, 3eeffb0a-787e-48ec-a2f5-d0c540a89489:c3000]
2019-08-21 15:29:51,618 | INFO  | DNAudit | user=null | ip=null | op=WRITE_CHUNK {blockData=conID: 1 locID: 102655681599504932 bcsId: 0} | ret=SUCCESS |  
2019-08-21 15:29:51,618 [grpc-default-executor-3] INFO  client.GrpcClientProtocolClient (GrpcClientProtocolClient.java:onNext(255)) - client-029E50227556->355864cd-7ac5-4934-b366-9756b15dd90f: receive RaftClientReply:client-029E50227556->355864cd-7ac5-4934-b366-9756b15dd90f@group-785BCF25C267, cid=2045, SUCCESS, logIndex=3002, commits[355864cd-7ac5-4934-b366-9756b15dd90f:c3002, ce4aa411-63c8-4399-99eb-27ce352844f3:c3000, 3eeffb0a-787e-48ec-a2f5-d0c540a89489:c3000]
2019-08-21 15:29:51,618 | INFO  | DNAudit | user=null | ip=null | op=PUT_BLOCK {blockData=[blockId=conID: 1 locID: 102655681599504932 bcsId: 0,size=2097152]} | ret=SUCCESS |  
2019-08-21 15:29:51,618 [grpc-default-executor-3] INFO  client.GrpcClientProtocolClient (GrpcClientProtocolClient.java:onNext(255)) - client-029E50227556->355864cd-7ac5-4934-b366-9756b15dd90f: receive RaftClientReply:client-029E50227556->355864cd-7ac5-4934-b366-9756b15dd90f@group-785BCF25C267, cid=2046, SUCCESS, logIndex=3003, commits[355864cd-7ac5-4934-b366-9756b15dd90f:c3003, ce4aa411-63c8-4399-99eb-27ce352844f3:c3000, 3eeffb0a-787e-48ec-a2f5-d0c540a89489:c3000]
2019-08-21 15:29:51,618 [grpc-default-executor-3] INFO  client.GrpcClientProtocolClient (GrpcClientProtocolClient.java:onNext(255)) - client-029E50227556->355864cd-7ac5-4934-b366-9756b15dd90f: receive RaftClientReply:client-029E50227556->355864cd-7ac5-4934-b366-9756b15dd90f@group-785BCF25C267, cid=2047, SUCCESS, logIndex=3004, commits[355864cd-7ac5-4934-b366-9756b15dd90f:c3004, ce4aa411-63c8-4399-99eb-27ce352844f3:c3000, 3eeffb0a-787e-48ec-a2f5-d0c540a89489:c3000]
2019-08-21 15:29:51,619 | INFO  | DNAudit | user=null | ip=null | op=WRITE_CHUNK {blockData=conID: 1 locID: 102655681599504932 bcsId: 0} | ret=SUCCESS |  
2019-08-21 15:29:51,619 | INFO  | DNAudit | user=null | ip=null | op=WRITE_CHUNK {blockData=conID: 1 locID: 102655681599504932 bcsId: 0} | ret=SUCCESS |  
2019-08-21 15:29:51,619 | INFO  | DNAudit | user=null | ip=null | op=PUT_BLOCK {blockData=[blockId=conID: 1 locID: 102655681599504932 bcsId: 0,size=1048576]} | ret=SUCCESS |  
2019-08-21 15:29:51,619 | INFO  | DNAudit | user=null | ip=null | op=PUT_BLOCK {blockData=[blockId=conID: 1 locID: 102655681599504932 bcsId: 0,size=1048576]} | ret=SUCCESS |  
2019-08-21 15:29:51,619 [grpc-default-executor-4] INFO  client.GrpcClientProtocolClient (GrpcClientProtocolClient.java:onNext(255)) - client-029E50227556->355864cd-7ac5-4934-b366-9756b15dd90f: receive RaftClientReply:client-029E50227556->355864cd-7ac5-4934-b366-9756b15dd90f@group-785BCF25C267, cid=2048, SUCCESS, logIndex=0, commits[355864cd-7ac5-4934-b366-9756b15dd90f:c3006, ce4aa411-63c8-4399-99eb-27ce352844f3:c3002, 3eeffb0a-787e-48ec-a2f5-d0c540a89489:c3002]
2019-08-21 15:29:51,620 | INFO  | DNAudit | user=null | ip=null | op=WRITE_CHUNK {blockData=conID: 1 locID: 102655681599504932 bcsId: 0} | ret=SUCCESS |  
2019-08-21 15:29:51,620 | INFO  | DNAudit | user=null | ip=null | op=WRITE_CHUNK {blockData=conID: 1 locID: 102655681599504932 bcsId: 0} | ret=SUCCESS |  
2019-08-21 15:29:51,620 | INFO  | DNAudit | user=null | ip=null | op=PUT_BLOCK {blockData=[blockId=conID: 1 locID: 102655681599504932 bcsId: 0,size=2097152]} | ret=SUCCESS |  
2019-08-21 15:29:51,621 | INFO  | DNAudit | user=null | ip=null | op=PUT_BLOCK {blockData=[blockId=conID: 1 locID: 102655681599504932 bcsId: 0,size=2097152]} | ret=SUCCESS |  
2019-08-21 15:29:51,625 | INFO  | DNAudit | user=null | ip=null | op=WRITE_CHUNK {blockData=conID: 1 locID: 102655681599504932 bcsId: 3004} | ret=SUCCESS |  
2019-08-21 15:29:51,628 | INFO  | DNAudit | user=null | ip=null | op=WRITE_CHUNK {blockData=conID: 1 locID: 102655681599504932 bcsId: 3004} | ret=SUCCESS |  
2019-08-21 15:29:51,629 | INFO  | DNAudit | user=null | ip=null | op=WRITE_CHUNK {blockData=conID: 1 locID: 102655681599504932 bcsId: 3004} | ret=SUCCESS |  
2019-08-21 15:29:51,638 | INFO  | DNAudit | user=null | ip=null | op=WRITE_CHUNK {blockData=conID: 1 locID: 102655681599504932 bcsId: 3004} | ret=SUCCESS |  
2019-08-21 15:29:51,638 | INFO  | DNAudit | user=null | ip=null | op=PUT_BLOCK {blockData=[blockId=conID: 1 locID: 102655681599504932 bcsId: 0,size=3145728]} | ret=SUCCESS |  
2019-08-21 15:29:51,638 [grpc-default-executor-3] INFO  client.GrpcClientProtocolClient (GrpcClientProtocolClient.java:onNext(255)) - client-029E50227556->355864cd-7ac5-4934-b366-9756b15dd90f: receive RaftClientReply:client-029E50227556->355864cd-7ac5-4934-b366-9756b15dd90f@group-785BCF25C267, cid=2049, SUCCESS, logIndex=3009, commits[355864cd-7ac5-4934-b366-9756b15dd90f:c3010, ce4aa411-63c8-4399-99eb-27ce352844f3:c3008, 3eeffb0a-787e-48ec-a2f5-d0c540a89489:c3008]
2019-08-21 15:29:51,639 [grpc-default-executor-3] INFO  client.GrpcClientProtocolClient (GrpcClientProtocolClient.java:onNext(255)) - client-029E50227556->355864cd-7ac5-4934-b366-9756b15dd90f: receive RaftClientReply:client-029E50227556->355864cd-7ac5-4934-b366-9756b15dd90f@group-785BCF25C267, cid=2050, SUCCESS, logIndex=3010, commits[355864cd-7ac5-4934-b366-9756b15dd90f:c3010, ce4aa411-63c8-4399-99eb-27ce352844f3:c3008, 3eeffb0a-787e-48ec-a2f5-d0c540a89489:c3008]
2019-08-21 15:29:51,644 | INFO  | DNAudit | user=null | ip=null | op=WRITE_CHUNK {blockData=conID: 1 locID: 102655681599504932 bcsId: 3010} | ret=SUCCESS |  
2019-08-21 15:29:51,646 | INFO  | DNAudit | user=null | ip=null | op=WRITE_CHUNK {blockData=conID: 1 locID: 102655681599504932 bcsId: 3010} | ret=SUCCESS |  
2019-08-21 15:29:51,646 | INFO  | DNAudit | user=null | ip=null | op=WRITE_CHUNK {blockData=conID: 1 locID: 102655681599504932 bcsId: 3010} | ret=SUCCESS |  
2019-08-21 15:29:51,649 | INFO  | DNAudit | user=null | ip=null | op=WRITE_CHUNK {blockData=conID: 1 locID: 102655681599504932 bcsId: 3004} | ret=SUCCESS |  
2019-08-21 15:29:51,649 | INFO  | DNAudit | user=null | ip=null | op=WRITE_CHUNK {blockData=conID: 1 locID: 102655681599504932 bcsId: 3004} | ret=SUCCESS |  
2019-08-21 15:29:51,651 | INFO  | DNAudit | user=null | ip=null | op=PUT_BLOCK {blockData=[blockId=conID: 1 locID: 102655681599504932 bcsId: 0,size=3145728]} | ret=SUCCESS |  
2019-08-21 15:29:51,651 | INFO  | DNAudit | user=null | ip=null | op=PUT_BLOCK {blockData=[blockId=conID: 1 locID: 102655681599504932 bcsId: 0,size=3145728]} | ret=SUCCESS |  
2019-08-21 15:29:51,652 | INFO  | DNAudit | user=null | ip=null | op=WRITE_CHUNK {blockData=conID: 1 locID: 102655681599504932 bcsId: 3010} | ret=SUCCESS |  
2019-08-21 15:29:51,652 | INFO  | DNAudit | user=null | ip=null | op=PUT_BLOCK {blockData=[blockId=conID: 1 locID: 102655681599504932 bcsId: 0,size=4194304]} | ret=SUCCESS |  
2019-08-21 15:29:51,652 [grpc-default-executor-2] INFO  client.GrpcClientProtocolClient (GrpcClientProtocolClient.java:onNext(255)) - client-029E50227556->355864cd-7ac5-4934-b366-9756b15dd90f: receive RaftClientReply:client-029E50227556->355864cd-7ac5-4934-b366-9756b15dd90f@group-785BCF25C267, cid=2051, SUCCESS, logIndex=3013, commits[355864cd-7ac5-4934-b366-9756b15dd90f:c3014, ce4aa411-63c8-4399-99eb-27ce352844f3:c3010, 3eeffb0a-787e-48ec-a2f5-d0c540a89489:c3010]
2019-08-21 15:29:51,653 [grpc-default-executor-2] INFO  client.GrpcClientProtocolClient (GrpcClientProtocolClient.java:onNext(255)) - client-029E50227556->355864cd-7ac5-4934-b366-9756b15dd90f: receive RaftClientReply:client-029E50227556->355864cd-7ac5-4934-b366-9756b15dd90f@group-785BCF25C267, cid=2052, SUCCESS, logIndex=3014, commits[355864cd-7ac5-4934-b366-9756b15dd90f:c3014, ce4aa411-63c8-4399-99eb-27ce352844f3:c3010, 3eeffb0a-787e-48ec-a2f5-d0c540a89489:c3010]
2019-08-21 15:29:51,663 | INFO  | DNAudit | user=null | ip=null | op=WRITE_CHUNK {blockData=conID: 1 locID: 102655681599504932 bcsId: 3010} | ret=SUCCESS |  
2019-08-21 15:29:51,663 | INFO  | DNAudit | user=null | ip=null | op=WRITE_CHUNK {blockData=conID: 1 locID: 102655681599504932 bcsId: 3010} | ret=SUCCESS |  
2019-08-21 15:29:51,666 | INFO  | DNAudit | user=null | ip=null | op=PUT_BLOCK {blockData=[blockId=conID: 1 locID: 102655681599504932 bcsId: 0,size=4194304]} | ret=SUCCESS |  
2019-08-21 15:29:51,666 | INFO  | DNAudit | user=null | ip=null | op=PUT_BLOCK {blockData=[blockId=conID: 1 locID: 102655681599504932 bcsId: 0,size=4194304]} | ret=SUCCESS |  
2019-08-21 15:29:51,666 [grpc-default-executor-2] INFO  client.GrpcClientProtocolClient (GrpcClientProtocolClient.java:onNext(255)) - client-029E50227556->355864cd-7ac5-4934-b366-9756b15dd90f: receive RaftClientReply:client-029E50227556->355864cd-7ac5-4934-b366-9756b15dd90f@group-785BCF25C267, cid=2053, SUCCESS, logIndex=0, commits[355864cd-7ac5-4934-b366-9756b15dd90f:c3016, ce4aa411-63c8-4399-99eb-27ce352844f3:c3014, 3eeffb0a-787e-48ec-a2f5-d0c540a89489:c3014]
2019-08-21 15:29:51,670 | INFO  | SCMAudit | user=jenkins1000 | ip=192.168.5.153 | op=ALLOCATE_BLOCK {owner=78849ec2-2b05-45d8-8cb5-e95e2230dbd1, size=4194304, type=RATIS, factor=THREE} | ret=SUCCESS |  
2019-08-21 15:29:51,673 | INFO  | OMAudit | user=jenkins1000 | ip=127.0.0.1 | op=ALLOCATE_BLOCK {volume=vol-0-32358, bucket=bucket-0-01949, key=key-0-56547, dataSize=0, replicationType=null, replicationFactor=null, keyLocationInfo=null, clientID=102655680532119954} | ret=SUCCESS |  
2019-08-21 15:29:51,680 | INFO  | DNAudit | user=null | ip=null | op=WRITE_CHUNK {blockData=conID: 2 locID: 102655681604485669 bcsId: 0} | ret=SUCCESS |  
2019-08-21 15:29:51,682 | INFO  | DNAudit | user=null | ip=null | op=WRITE_CHUNK {blockData=conID: 2 locID: 102655681604485669 bcsId: 0} | ret=SUCCESS |  
2019-08-21 15:29:51,683 | INFO  | DNAudit | user=null | ip=null | op=WRITE_CHUNK {blockData=conID: 2 locID: 102655681604485669 bcsId: 0} | ret=SUCCESS |  
2019-08-21 15:29:51,683 | INFO  | DNAudit | user=null | ip=null | op=WRITE_CHUNK {blockData=conID: 2 locID: 102655681604485669 bcsId: 0} | ret=SUCCESS |  
2019-08-21 15:29:51,684 | INFO  | DNAudit | user=null | ip=null | op=WRITE_CHUNK {blockData=conID: 2 locID: 102655681604485669 bcsId: 0} | ret=SUCCESS |  
2019-08-21 15:29:51,685 | INFO  | DNAudit | user=null | ip=null | op=WRITE_CHUNK {blockData=conID: 2 locID: 102655681604485669 bcsId: 0} | ret=SUCCESS |  
2019-08-21 15:29:51,696 | INFO  | DNAudit | user=null | ip=null | op=WRITE_CHUNK {blockData=conID: 2 locID: 102655681604485669 bcsId: 0} | ret=SUCCESS |  
2019-08-21 15:29:51,696 | INFO  | DNAudit | user=null | ip=null | op=PUT_BLOCK {blockData=[blockId=conID: 2 locID: 102655681604485669 bcsId: 0,size=1048576]} | ret=SUCCESS |  
2019-08-21 15:29:51,696 [grpc-default-executor-3] INFO  client.GrpcClientProtocolClient (GrpcClientProtocolClient.java:onNext(255)) - client-029E50227556->355864cd-7ac5-4934-b366-9756b15dd90f: receive RaftClientReply:client-029E50227556->355864cd-7ac5-4934-b366-9756b15dd90f@group-785BCF25C267, cid=2054, SUCCESS, logIndex=3017, commits[355864cd-7ac5-4934-b366-9756b15dd90f:c3018, ce4aa411-63c8-4399-99eb-27ce352844f3:c3016, 3eeffb0a-787e-48ec-a2f5-d0c540a89489:c3016]
2019-08-21 15:29:51,697 [grpc-default-executor-3] INFO  client.GrpcClientProtocolClient (GrpcClientProtocolClient.java:onNext(255)) - client-029E50227556->355864cd-7ac5-4934-b366-9756b15dd90f: receive RaftClientReply:client-029E50227556->355864cd-7ac5-4934-b366-9756b15dd90f@group-785BCF25C267, cid=2055, SUCCESS, logIndex=3018, commits[355864cd-7ac5-4934-b366-9756b15dd90f:c3018, ce4aa411-63c8-4399-99eb-27ce352844f3:c3016, 3eeffb0a-787e-48ec-a2f5-d0c540a89489:c3016]
2019-08-21 15:29:51,705 | INFO  | DNAudit | user=null | ip=null | op=WRITE_CHUNK {blockData=conID: 2 locID: 102655681604485669 bcsId: 0} | ret=SUCCESS |  
2019-08-21 15:29:51,705 | INFO  | DNAudit | user=null | ip=null | op=PUT_BLOCK {blockData=[blockId=conID: 2 locID: 102655681604485669 bcsId: 0,size=2097152]} | ret=SUCCESS |  
2019-08-21 15:29:51,705 [grpc-default-executor-2] INFO  client.GrpcClientProtocolClient (GrpcClientProtocolClient.java:onNext(255)) - client-029E50227556->355864cd-7ac5-4934-b366-9756b15dd90f: receive RaftClientReply:client-029E50227556->355864cd-7ac5-4934-b366-9756b15dd90f@group-785BCF25C267, cid=2056, SUCCESS, logIndex=3019, commits[355864cd-7ac5-4934-b366-9756b15dd90f:c3020, ce4aa411-63c8-4399-99eb-27ce352844f3:c3016, 3eeffb0a-787e-48ec-a2f5-d0c540a89489:c3016]
2019-08-21 15:29:51,705 [grpc-default-executor-2] INFO  client.GrpcClientProtocolClient (GrpcClientProtocolClient.java:onNext(255)) - client-029E50227556->355864cd-7ac5-4934-b366-9756b15dd90f: receive RaftClientReply:client-029E50227556->355864cd-7ac5-4934-b366-9756b15dd90f@group-785BCF25C267, cid=2057, SUCCESS, logIndex=3020, commits[355864cd-7ac5-4934-b366-9756b15dd90f:c3020, ce4aa411-63c8-4399-99eb-27ce352844f3:c3016, 3eeffb0a-787e-48ec-a2f5-d0c540a89489:c3016]
2019-08-21 15:29:51,706 | INFO  | DNAudit | user=null | ip=null | op=WRITE_CHUNK {blockData=conID: 2 locID: 102655681604485669 bcsId: 0} | ret=SUCCESS |  
2019-08-21 15:29:51,706 | INFO  | DNAudit | user=null | ip=null | op=PUT_BLOCK {blockData=[blockId=conID: 2 locID: 102655681604485669 bcsId: 0,size=1048576]} | ret=SUCCESS |  
2019-08-21 15:29:51,708 | INFO  | DNAudit | user=null | ip=null | op=WRITE_CHUNK {blockData=conID: 2 locID: 102655681604485669 bcsId: 0} | ret=SUCCESS |  
2019-08-21 15:29:51,708 | INFO  | DNAudit | user=null | ip=null | op=PUT_BLOCK {blockData=[blockId=conID: 2 locID: 102655681604485669 bcsId: 0,size=1048576]} | ret=SUCCESS |  
2019-08-21 15:29:51,708 [grpc-default-executor-2] INFO  client.GrpcClientProtocolClient (GrpcClientProtocolClient.java:onNext(255)) - client-029E50227556->355864cd-7ac5-4934-b366-9756b15dd90f: receive RaftClientReply:client-029E50227556->355864cd-7ac5-4934-b366-9756b15dd90f@group-785BCF25C267, cid=2058, SUCCESS, logIndex=0, commits[355864cd-7ac5-4934-b366-9756b15dd90f:c3022, ce4aa411-63c8-4399-99eb-27ce352844f3:c3018, 3eeffb0a-787e-48ec-a2f5-d0c540a89489:c3018]
2019-08-21 15:29:51,829 | INFO  | DNAudit | user=null | ip=null | op=WRITE_CHUNK {blockData=conID: 2 locID: 102655681604485669 bcsId: 0} | ret=SUCCESS |  
2019-08-21 15:29:51,829 | INFO  | DNAudit | user=null | ip=null | op=WRITE_CHUNK {blockData=conID: 2 locID: 102655681604485669 bcsId: 0} | ret=SUCCESS |  
2019-08-21 15:29:51,829 | INFO  | DNAudit | user=null | ip=null | op=PUT_BLOCK {blockData=[blockId=conID: 2 locID: 102655681604485669 bcsId: 0,size=2097152]} | ret=SUCCESS |  
2019-08-21 15:29:51,829 | INFO  | DNAudit | user=null | ip=null | op=PUT_BLOCK {blockData=[blockId=conID: 2 locID: 102655681604485669 bcsId: 0,size=2097152]} | ret=SUCCESS |  
2019-08-21 15:29:51,830 | INFO  | DNAudit | user=null | ip=null | op=WRITE_CHUNK {blockData=conID: 2 locID: 102655681604485669 bcsId: 3020} | ret=SUCCESS |  
2019-08-21 15:29:51,833 | INFO  | DNAudit | user=null | ip=null | op=WRITE_CHUNK {blockData=conID: 2 locID: 102655681604485669 bcsId: 3020} | ret=SUCCESS |  
2019-08-21 15:29:51,833 | INFO  | DNAudit | user=null | ip=null | op=WRITE_CHUNK {blockData=conID: 2 locID: 102655681604485669 bcsId: 3020} | ret=SUCCESS |  
2019-08-21 15:29:51,843 | INFO  | DNAudit | user=null | ip=null | op=WRITE_CHUNK {blockData=conID: 2 locID: 102655681604485669 bcsId: 3020} | ret=SUCCESS |  
2019-08-21 15:29:51,844 | INFO  | DNAudit | user=null | ip=null | op=PUT_BLOCK {blockData=[blockId=conID: 2 locID: 102655681604485669 bcsId: 0,size=3145728]} | ret=SUCCESS |  
2019-08-21 15:29:51,844 [grpc-default-executor-3] INFO  client.GrpcClientProtocolClient (GrpcClientProtocolClient.java:onNext(255)) - client-029E50227556->355864cd-7ac5-4934-b366-9756b15dd90f: receive RaftClientReply:client-029E50227556->355864cd-7ac5-4934-b366-9756b15dd90f@group-785BCF25C267, cid=2059, SUCCESS, logIndex=3025, commits[355864cd-7ac5-4934-b366-9756b15dd90f:c3026, ce4aa411-63c8-4399-99eb-27ce352844f3:c3024, 3eeffb0a-787e-48ec-a2f5-d0c540a89489:c3024]
2019-08-21 15:29:51,844 [grpc-default-executor-3] INFO  client.GrpcClientProtocolClient (GrpcClientProtocolClient.java:onNext(255)) - client-029E50227556->355864cd-7ac5-4934-b366-9756b15dd90f: receive RaftClientReply:client-029E50227556->355864cd-7ac5-4934-b366-9756b15dd90f@group-785BCF25C267, cid=2060, SUCCESS, logIndex=3026, commits[355864cd-7ac5-4934-b366-9756b15dd90f:c3026, ce4aa411-63c8-4399-99eb-27ce352844f3:c3024, 3eeffb0a-787e-48ec-a2f5-d0c540a89489:c3024]
2019-08-21 15:29:51,850 | INFO  | DNAudit | user=null | ip=null | op=WRITE_CHUNK {blockData=conID: 2 locID: 102655681604485669 bcsId: 3026} | ret=SUCCESS |  
2019-08-21 15:29:51,853 | INFO  | DNAudit | user=null | ip=null | op=WRITE_CHUNK {blockData=conID: 2 locID: 102655681604485669 bcsId: 3026} | ret=SUCCESS |  
2019-08-21 15:29:51,853 | INFO  | DNAudit | user=null | ip=null | op=WRITE_CHUNK {blockData=conID: 2 locID: 102655681604485669 bcsId: 3026} | ret=SUCCESS |  
2019-08-21 15:29:51,863 | INFO  | DNAudit | user=null | ip=null | op=WRITE_CHUNK {blockData=conID: 2 locID: 102655681604485669 bcsId: 3020} | ret=SUCCESS |  
2019-08-21 15:29:51,864 | INFO  | DNAudit | user=null | ip=null | op=WRITE_CHUNK {blockData=conID: 2 locID: 102655681604485669 bcsId: 3020} | ret=SUCCESS |  
2019-08-21 15:29:51,865 | INFO  | DNAudit | user=null | ip=null | op=PUT_BLOCK {blockData=[blockId=conID: 2 locID: 102655681604485669 bcsId: 0,size=3145728]} | ret=SUCCESS |  
2019-08-21 15:29:51,874 | INFO  | DNAudit | user=null | ip=null | op=WRITE_CHUNK {blockData=conID: 2 locID: 102655681604485669 bcsId: 3026} | ret=SUCCESS |  
2019-08-21 15:29:51,874 | INFO  | DNAudit | user=null | ip=null | op=PUT_BLOCK {blockData=[blockId=conID: 2 locID: 102655681604485669 bcsId: 0,size=3145728]} | ret=SUCCESS |  
2019-08-21 15:29:51,874 | INFO  | DNAudit | user=null | ip=null | op=PUT_BLOCK {blockData=[blockId=conID: 2 locID: 102655681604485669 bcsId: 0,size=4194304]} | ret=SUCCESS |  
2019-08-21 15:29:51,874 [grpc-default-executor-4] INFO  client.GrpcClientProtocolClient (GrpcClientProtocolClient.java:onNext(255)) - client-029E50227556->355864cd-7ac5-4934-b366-9756b15dd90f: receive RaftClientReply:client-029E50227556->355864cd-7ac5-4934-b366-9756b15dd90f@group-785BCF25C267, cid=2061, SUCCESS, logIndex=3029, commits[355864cd-7ac5-4934-b366-9756b15dd90f:c3030, ce4aa411-63c8-4399-99eb-27ce352844f3:c3026, 3eeffb0a-787e-48ec-a2f5-d0c540a89489:c3025]
2019-08-21 15:29:51,875 [grpc-default-executor-4] INFO  client.GrpcClientProtocolClient (GrpcClientProtocolClient.java:onNext(255)) - client-029E50227556->355864cd-7ac5-4934-b366-9756b15dd90f: receive RaftClientReply:client-029E50227556->355864cd-7ac5-4934-b366-9756b15dd90f@group-785BCF25C267, cid=2062, SUCCESS, logIndex=3030, commits[355864cd-7ac5-4934-b366-9756b15dd90f:c3030, ce4aa411-63c8-4399-99eb-27ce352844f3:c3026, 3eeffb0a-787e-48ec-a2f5-d0c540a89489:c3026]
2019-08-21 15:29:51,885 | INFO  | DNAudit | user=null | ip=null | op=WRITE_CHUNK {blockData=conID: 2 locID: 102655681604485669 bcsId: 3026} | ret=SUCCESS |  
2019-08-21 15:29:51,885 | INFO  | DNAudit | user=null | ip=null | op=WRITE_CHUNK {blockData=conID: 2 locID: 102655681604485669 bcsId: 3026} | ret=SUCCESS |  
2019-08-21 15:29:51,885 | INFO  | DNAudit | user=null | ip=null | op=PUT_BLOCK {blockData=[blockId=conID: 2 locID: 102655681604485669 bcsId: 0,size=4194304]} | ret=SUCCESS |  
2019-08-21 15:29:51,885 | INFO  | DNAudit | user=null | ip=null | op=PUT_BLOCK {blockData=[blockId=conID: 2 locID: 102655681604485669 bcsId: 0,size=4194304]} | ret=SUCCESS |  
2019-08-21 15:29:51,886 [grpc-default-executor-3] INFO  client.GrpcClientProtocolClient (GrpcClientProtocolClient.java:onNext(255)) - client-029E50227556->355864cd-7ac5-4934-b366-9756b15dd90f: receive RaftClientReply:client-029E50227556->355864cd-7ac5-4934-b366-9756b15dd90f@group-785BCF25C267, cid=2063, SUCCESS, logIndex=0, commits[355864cd-7ac5-4934-b366-9756b15dd90f:c3030, ce4aa411-63c8-4399-99eb-27ce352844f3:c3030, 3eeffb0a-787e-48ec-a2f5-d0c540a89489:c3030]
2019-08-21 15:29:51,891 | INFO  | SCMAudit | user=jenkins1000 | ip=192.168.5.153 | op=ALLOCATE_BLOCK {owner=78849ec2-2b05-45d8-8cb5-e95e2230dbd1, size=4194304, type=RATIS, factor=THREE} | ret=SUCCESS |  
2019-08-21 15:29:51,894 | INFO  | OMAudit | user=jenkins1000 | ip=127.0.0.1 | op=ALLOCATE_BLOCK {volume=vol-0-32358, bucket=bucket-0-01949, key=key-0-56547, dataSize=0, replicationType=null, replicationFactor=null, keyLocationInfo=null, clientID=102655680532119954} | ret=SUCCESS |  
2019-08-21 15:29:51,900 | INFO  | DNAudit | user=null | ip=null | op=WRITE_CHUNK {blockData=conID: 3 locID: 102655681618903590 bcsId: 0} | ret=SUCCESS |  
2019-08-21 15:29:51,903 | INFO  | DNAudit | user=null | ip=null | op=WRITE_CHUNK {blockData=conID: 3 locID: 102655681618903590 bcsId: 0} | ret=SUCCESS |  
2019-08-21 15:29:51,904 | INFO  | DNAudit | user=null | ip=null | op=WRITE_CHUNK {blockData=conID: 3 locID: 102655681618903590 bcsId: 0} | ret=SUCCESS |  
2019-08-21 15:29:51,905 | INFO  | DNAudit | user=null | ip=null | op=WRITE_CHUNK {blockData=conID: 3 locID: 102655681618903590 bcsId: 0} | ret=SUCCESS |  
2019-08-21 15:29:51,907 | INFO  | DNAudit | user=null | ip=null | op=WRITE_CHUNK {blockData=conID: 3 locID: 102655681618903590 bcsId: 0} | ret=SUCCESS |  
2019-08-21 15:29:51,909 | INFO  | DNAudit | user=null | ip=null | op=WRITE_CHUNK {blockData=conID: 3 locID: 102655681618903590 bcsId: 0} | ret=SUCCESS |  
2019-08-21 15:29:51,929 | INFO  | DNAudit | user=null | ip=null | op=WRITE_CHUNK {blockData=conID: 3 locID: 102655681618903590 bcsId: 0} | ret=SUCCESS |  
2019-08-21 15:29:51,930 | INFO  | DNAudit | user=null | ip=null | op=PUT_BLOCK {blockData=[blockId=conID: 3 locID: 102655681618903590 bcsId: 0,size=1048576]} | ret=SUCCESS |  
2019-08-21 15:29:51,930 | INFO  | DNAudit | user=null | ip=null | op=WRITE_CHUNK {blockData=conID: 3 locID: 102655681618903590 bcsId: 0} | ret=SUCCESS |  
2019-08-21 15:29:51,931 | INFO  | DNAudit | user=null | ip=null | op=PUT_BLOCK {blockData=[blockId=conID: 3 locID: 102655681618903590 bcsId: 0,size=2097152]} | ret=SUCCESS |  
2019-08-21 15:29:51,930 [grpc-default-executor-4] INFO  client.GrpcClientProtocolClient (GrpcClientProtocolClient.java:onNext(255)) - client-029E50227556->355864cd-7ac5-4934-b366-9756b15dd90f: receive RaftClientReply:client-029E50227556->355864cd-7ac5-4934-b366-9756b15dd90f@group-785BCF25C267, cid=2064, SUCCESS, logIndex=3032, commits[355864cd-7ac5-4934-b366-9756b15dd90f:c3035, ce4aa411-63c8-4399-99eb-27ce352844f3:c3031, 3eeffb0a-787e-48ec-a2f5-d0c540a89489:c3031]
2019-08-21 15:29:51,931 | INFO  | DNAudit | user=null | ip=null | op=WRITE_CHUNK {blockData=conID: 3 locID: 102655681618903590 bcsId: 0} | ret=SUCCESS |  
2019-08-21 15:29:51,931 | INFO  | DNAudit | user=null | ip=null | op=WRITE_CHUNK {blockData=conID: 3 locID: 102655681618903590 bcsId: 0} | ret=SUCCESS |  
2019-08-21 15:29:51,931 [grpc-default-executor-4] INFO  client.GrpcClientProtocolClient (GrpcClientProtocolClient.java:onNext(255)) - client-029E50227556->355864cd-7ac5-4934-b366-9756b15dd90f: receive RaftClientReply:client-029E50227556->355864cd-7ac5-4934-b366-9756b15dd90f@group-785BCF25C267, cid=2065, SUCCESS, logIndex=3033, commits[355864cd-7ac5-4934-b366-9756b15dd90f:c3035, ce4aa411-63c8-4399-99eb-27ce352844f3:c3031, 3eeffb0a-787e-48ec-a2f5-d0c540a89489:c3031]
2019-08-21 15:29:51,931 | INFO  | DNAudit | user=null | ip=null | op=PUT_BLOCK {blockData=[blockId=conID: 3 locID: 102655681618903590 bcsId: 0,size=1048576]} | ret=SUCCESS |  
2019-08-21 15:29:51,931 [grpc-default-executor-4] INFO  client.GrpcClientProtocolClient (GrpcClientProtocolClient.java:onNext(255)) - client-029E50227556->355864cd-7ac5-4934-b366-9756b15dd90f: receive RaftClientReply:client-029E50227556->355864cd-7ac5-4934-b366-9756b15dd90f@group-785BCF25C267, cid=2066, SUCCESS, logIndex=3034, commits[355864cd-7ac5-4934-b366-9756b15dd90f:c3035, ce4aa411-63c8-4399-99eb-27ce352844f3:c3031, 3eeffb0a-787e-48ec-a2f5-d0c540a89489:c3031]
2019-08-21 15:29:51,932 | INFO  | DNAudit | user=null | ip=null | op=WRITE_CHUNK {blockData=conID: 3 locID: 102655681618903590 bcsId: 0} | ret=SUCCESS |  
2019-08-21 15:29:51,932 [grpc-default-executor-4] INFO  client.GrpcClientProtocolClient (GrpcClientProtocolClient.java:onNext(255)) - client-029E50227556->355864cd-7ac5-4934-b366-9756b15dd90f: receive RaftClientReply:client-029E50227556->355864cd-7ac5-4934-b366-9756b15dd90f@group-785BCF25C267, cid=2067, SUCCESS, logIndex=3035, commits[355864cd-7ac5-4934-b366-9756b15dd90f:c3036, ce4aa411-63c8-4399-99eb-27ce352844f3:c3032, 3eeffb0a-787e-48ec-a2f5-d0c540a89489:c3031]
2019-08-21 15:29:51,932 | INFO  | DNAudit | user=null | ip=null | op=PUT_BLOCK {blockData=[blockId=conID: 3 locID: 102655681618903590 bcsId: 0,size=1048576]} | ret=SUCCESS |  
2019-08-21 15:29:51,932 | INFO  | DNAudit | user=null | ip=null | op=PUT_BLOCK {blockData=[blockId=conID: 3 locID: 102655681618903590 bcsId: 0,size=2097152]} | ret=SUCCESS |  
2019-08-21 15:29:51,932 | INFO  | DNAudit | user=null | ip=null | op=WRITE_CHUNK {blockData=conID: 3 locID: 102655681618903590 bcsId: 0} | ret=SUCCESS |  
2019-08-21 15:29:51,933 | INFO  | DNAudit | user=null | ip=null | op=PUT_BLOCK {blockData=[blockId=conID: 3 locID: 102655681618903590 bcsId: 0,size=2097152]} | ret=SUCCESS |  
2019-08-21 15:29:51,933 [grpc-default-executor-4] INFO  client.GrpcClientProtocolClient (GrpcClientProtocolClient.java:onNext(255)) - client-029E50227556->355864cd-7ac5-4934-b366-9756b15dd90f: receive RaftClientReply:client-029E50227556->355864cd-7ac5-4934-b366-9756b15dd90f@group-785BCF25C267, cid=2068, SUCCESS, logIndex=0, commits[355864cd-7ac5-4934-b366-9756b15dd90f:c3039, ce4aa411-63c8-4399-99eb-27ce352844f3:c3035, 3eeffb0a-787e-48ec-a2f5-d0c540a89489:c3035]
2019-08-21 15:29:51,940 | INFO  | DNAudit | user=null | ip=null | op=WRITE_CHUNK {blockData=conID: 3 locID: 102655681618903590 bcsId: 3035} | ret=SUCCESS |  
2019-08-21 15:29:51,943 | INFO  | DNAudit | user=null | ip=null | op=WRITE_CHUNK {blockData=conID: 3 locID: 102655681618903590 bcsId: 3035} | ret=SUCCESS |  
2019-08-21 15:29:51,943 | INFO  | DNAudit | user=null | ip=null | op=WRITE_CHUNK {blockData=conID: 3 locID: 102655681618903590 bcsId: 3035} | ret=SUCCESS |  
2019-08-21 15:29:51,952 | INFO  | DNAudit | user=null | ip=null | op=WRITE_CHUNK {blockData=conID: 3 locID: 102655681618903590 bcsId: 3035} | ret=SUCCESS |  
2019-08-21 15:29:51,953 | INFO  | DNAudit | user=null | ip=null | op=PUT_BLOCK {blockData=[blockId=conID: 3 locID: 102655681618903590 bcsId: 0,size=3145728]} | ret=SUCCESS |  
2019-08-21 15:29:51,953 [grpc-default-executor-4] INFO  client.GrpcClientProtocolClient (GrpcClientProtocolClient.java:onNext(255)) - client-029E50227556->355864cd-7ac5-4934-b366-9756b15dd90f: receive RaftClientReply:client-029E50227556->355864cd-7ac5-4934-b366-9756b15dd90f@group-785BCF25C267, cid=2069, SUCCESS, logIndex=3040, commits[355864cd-7ac5-4934-b366-9756b15dd90f:c3041, ce4aa411-63c8-4399-99eb-27ce352844f3:c3039, 3eeffb0a-787e-48ec-a2f5-d0c540a89489:c3039]
2019-08-21 15:29:51,953 [grpc-default-executor-4] INFO  client.GrpcClientProtocolClient (GrpcClientProtocolClient.java:onNext(255)) - client-029E50227556->355864cd-7ac5-4934-b366-9756b15dd90f: receive RaftClientReply:client-029E50227556->355864cd-7ac5-4934-b366-9756b15dd90f@group-785BCF25C267, cid=2070, SUCCESS, logIndex=3041, commits[355864cd-7ac5-4934-b366-9756b15dd90f:c3041, ce4aa411-63c8-4399-99eb-27ce352844f3:c3039, 3eeffb0a-787e-48ec-a2f5-d0c540a89489:c3039]
2019-08-21 15:29:51,960 | INFO  | DNAudit | user=null | ip=null | op=WRITE_CHUNK {blockData=conID: 3 locID: 102655681618903590 bcsId: 3041} | ret=SUCCESS |  
2019-08-21 15:29:51,962 | INFO  | DNAudit | user=null | ip=null | op=WRITE_CHUNK {blockData=conID: 3 locID: 102655681618903590 bcsId: 3041} | ret=SUCCESS |  
2019-08-21 15:29:51,963 | INFO  | DNAudit | user=null | ip=null | op=WRITE_CHUNK {blockData=conID: 3 locID: 102655681618903590 bcsId: 3041} | ret=SUCCESS |  
2019-08-21 15:29:51,964 | INFO  | DNAudit | user=null | ip=null | op=WRITE_CHUNK {blockData=conID: 3 locID: 102655681618903590 bcsId: 3035} | ret=SUCCESS |  
2019-08-21 15:29:51,964 | INFO  | DNAudit | user=null | ip=null | op=WRITE_CHUNK {blockData=conID: 3 locID: 102655681618903590 bcsId: 3035} | ret=SUCCESS |  
2019-08-21 15:29:51,967 | INFO  | DNAudit | user=null | ip=null | op=PUT_BLOCK {blockData=[blockId=conID: 3 locID: 102655681618903590 bcsId: 0,size=3145728]} | ret=SUCCESS |  
2019-08-21 15:29:51,967 | INFO  | DNAudit | user=null | ip=null | op=PUT_BLOCK {blockData=[blockId=conID: 3 locID: 102655681618903590 bcsId: 0,size=3145728]} | ret=SUCCESS |  
2019-08-21 15:29:51,967 | INFO  | DNAudit | user=null | ip=null | op=WRITE_CHUNK {blockData=conID: 3 locID: 102655681618903590 bcsId: 3041} | ret=SUCCESS |  
2019-08-21 15:29:51,968 | INFO  | DNAudit | user=null | ip=null | op=PUT_BLOCK {blockData=[blockId=conID: 3 locID: 102655681618903590 bcsId: 0,size=4194304]} | ret=SUCCESS |  
2019-08-21 15:29:51,968 [grpc-default-executor-4] INFO  client.GrpcClientProtocolClient (GrpcClientProtocolClient.java:onNext(255)) - client-029E50227556->355864cd-7ac5-4934-b366-9756b15dd90f: receive RaftClientReply:client-029E50227556->355864cd-7ac5-4934-b366-9756b15dd90f@group-785BCF25C267, cid=2071, SUCCESS, logIndex=3044, commits[355864cd-7ac5-4934-b366-9756b15dd90f:c3045, ce4aa411-63c8-4399-99eb-27ce352844f3:c3041, 3eeffb0a-787e-48ec-a2f5-d0c540a89489:c3041]
2019-08-21 15:29:51,968 [grpc-default-executor-4] INFO  client.GrpcClientProtocolClient (GrpcClientProtocolClient.java:onNext(255)) - client-029E50227556->355864cd-7ac5-4934-b366-9756b15dd90f: receive RaftClientReply:client-029E50227556->355864cd-7ac5-4934-b366-9756b15dd90f@group-785BCF25C267, cid=2072, SUCCESS, logIndex=3045, commits[355864cd-7ac5-4934-b366-9756b15dd90f:c3045, ce4aa411-63c8-4399-99eb-27ce352844f3:c3041, 3eeffb0a-787e-48ec-a2f5-d0c540a89489:c3041]
2019-08-21 15:29:51,978 | INFO  | DNAudit | user=null | ip=null | op=WRITE_CHUNK {blockData=conID: 3 locID: 102655681618903590 bcsId: 3041} | ret=SUCCESS |  
2019-08-21 15:29:51,979 | INFO  | DNAudit | user=null | ip=null | op=WRITE_CHUNK {blockData=conID: 3 locID: 102655681618903590 bcsId: 3041} | ret=SUCCESS |  
2019-08-21 15:29:51,981 | INFO  | DNAudit | user=null | ip=null | op=PUT_BLOCK {blockData=[blockId=conID: 3 locID: 102655681618903590 bcsId: 0,size=4194304]} | ret=SUCCESS |  
2019-08-21 15:29:51,982 | INFO  | DNAudit | user=null | ip=null | op=PUT_BLOCK {blockData=[blockId=conID: 3 locID: 102655681618903590 bcsId: 0,size=4194304]} | ret=SUCCESS |  
2019-08-21 15:29:51,982 [grpc-default-executor-4] INFO  client.GrpcClientProtocolClient (GrpcClientProtocolClient.java:onNext(255)) - client-029E50227556->355864cd-7ac5-4934-b366-9756b15dd90f: receive RaftClientReply:client-029E50227556->355864cd-7ac5-4934-b366-9756b15dd90f@group-785BCF25C267, cid=2073, SUCCESS, logIndex=0, commits[355864cd-7ac5-4934-b366-9756b15dd90f:c3047, ce4aa411-63c8-4399-99eb-27ce352844f3:c3045, 3eeffb0a-787e-48ec-a2f5-d0c540a89489:c3045]
2019-08-21 15:29:51,987 | INFO  | SCMAudit | user=jenkins1000 | ip=192.168.5.153 | op=ALLOCATE_BLOCK {owner=78849ec2-2b05-45d8-8cb5-e95e2230dbd1, size=4194304, type=RATIS, factor=THREE} | ret=SUCCESS |  
2019-08-21 15:29:51,990 | INFO  | OMAudit | user=jenkins1000 | ip=127.0.0.1 | op=ALLOCATE_BLOCK {volume=vol-0-32358, bucket=bucket-0-01949, key=key-0-56547, dataSize=0, replicationType=null, replicationFactor=null, keyLocationInfo=null, clientID=102655680532119954} | ret=SUCCESS |  
2019-08-21 15:29:51,997 | INFO  | DNAudit | user=null | ip=null | op=WRITE_CHUNK {blockData=conID: 1 locID: 102655681625260583 bcsId: 0} | ret=SUCCESS |  
2019-08-21 15:29:52,000 | INFO  | DNAudit | user=null | ip=null | op=WRITE_CHUNK {blockData=conID: 1 locID: 102655681625260583 bcsId: 0} | ret=SUCCESS |  
2019-08-21 15:29:52,000 | INFO  | DNAudit | user=null | ip=null | op=WRITE_CHUNK {blockData=conID: 1 locID: 102655681625260583 bcsId: 0} | ret=SUCCESS |  
2019-08-21 15:29:52,000 | INFO  | DNAudit | user=null | ip=null | op=WRITE_CHUNK {blockData=conID: 1 locID: 102655681625260583 bcsId: 0} | ret=SUCCESS |  
2019-08-21 15:29:52,002 | INFO  | DNAudit | user=null | ip=null | op=WRITE_CHUNK {blockData=conID: 1 locID: 102655681625260583 bcsId: 0} | ret=SUCCESS |  
2019-08-21 15:29:52,002 | INFO  | DNAudit | user=null | ip=null | op=WRITE_CHUNK {blockData=conID: 1 locID: 102655681625260583 bcsId: 0} | ret=SUCCESS |  
2019-08-21 15:29:52,012 | INFO  | DNAudit | user=null | ip=null | op=WRITE_CHUNK {blockData=conID: 1 locID: 102655681625260583 bcsId: 0} | ret=SUCCESS |  
2019-08-21 15:29:52,012 | INFO  | DNAudit | user=null | ip=null | op=WRITE_CHUNK {blockData=conID: 1 locID: 102655681625260583 bcsId: 0} | ret=SUCCESS |  
2019-08-21 15:29:52,013 | INFO  | DNAudit | user=null | ip=null | op=WRITE_CHUNK {blockData=conID: 1 locID: 102655681625260583 bcsId: 0} | ret=SUCCESS |  
2019-08-21 15:29:52,013 | INFO  | DNAudit | user=null | ip=null | op=PUT_BLOCK {blockData=[blockId=conID: 1 locID: 102655681625260583 bcsId: 0,size=1048576]} | ret=SUCCESS |  
2019-08-21 15:29:52,014 | INFO  | DNAudit | user=null | ip=null | op=PUT_BLOCK {blockData=[blockId=conID: 1 locID: 102655681625260583 bcsId: 0,size=1048576]} | ret=SUCCESS |  
2019-08-21 15:29:52,013 [grpc-default-executor-0] INFO  client.GrpcClientProtocolClient (GrpcClientProtocolClient.java:onNext(255)) - client-029E50227556->355864cd-7ac5-4934-b366-9756b15dd90f: receive RaftClientReply:client-029E50227556->355864cd-7ac5-4934-b366-9756b15dd90f@group-785BCF25C267, cid=2074, SUCCESS, logIndex=3048, commits[355864cd-7ac5-4934-b366-9756b15dd90f:c3051, ce4aa411-63c8-4399-99eb-27ce352844f3:c3047, 3eeffb0a-787e-48ec-a2f5-d0c540a89489:c3048]
2019-08-21 15:29:52,014 | INFO  | DNAudit | user=null | ip=null | op=WRITE_CHUNK {blockData=conID: 1 locID: 102655681625260583 bcsId: 0} | ret=SUCCESS |  
2019-08-21 15:29:52,014 | INFO  | DNAudit | user=null | ip=null | op=PUT_BLOCK {blockData=[blockId=conID: 1 locID: 102655681625260583 bcsId: 0,size=2097152]} | ret=SUCCESS |  
2019-08-21 15:29:52,014 [grpc-default-executor-0] INFO  client.GrpcClientProtocolClient (GrpcClientProtocolClient.java:onNext(255)) - client-029E50227556->355864cd-7ac5-4934-b366-9756b15dd90f: receive RaftClientReply:client-029E50227556->355864cd-7ac5-4934-b366-9756b15dd90f@group-785BCF25C267, cid=2075, SUCCESS, logIndex=3049, commits[355864cd-7ac5-4934-b366-9756b15dd90f:c3053, ce4aa411-63c8-4399-99eb-27ce352844f3:c3049, 3eeffb0a-787e-48ec-a2f5-d0c540a89489:c3048]
2019-08-21 15:29:52,014 [grpc-default-executor-0] INFO  client.GrpcClientProtocolClient (GrpcClientProtocolClient.java:onNext(255)) - client-029E50227556->355864cd-7ac5-4934-b366-9756b15dd90f: receive RaftClientReply:client-029E50227556->355864cd-7ac5-4934-b366-9756b15dd90f@group-785BCF25C267, cid=2076, SUCCESS, logIndex=3050, commits[355864cd-7ac5-4934-b366-9756b15dd90f:c3053, ce4aa411-63c8-4399-99eb-27ce352844f3:c3049, 3eeffb0a-787e-48ec-a2f5-d0c540a89489:c3048]
2019-08-21 15:29:52,015 [grpc-default-executor-0] INFO  client.GrpcClientProtocolClient (GrpcClientProtocolClient.java:onNext(255)) - client-029E50227556->355864cd-7ac5-4934-b366-9756b15dd90f: receive RaftClientReply:client-029E50227556->355864cd-7ac5-4934-b366-9756b15dd90f@group-785BCF25C267, cid=2077, SUCCESS, logIndex=3051, commits[355864cd-7ac5-4934-b366-9756b15dd90f:c3053, ce4aa411-63c8-4399-99eb-27ce352844f3:c3049, 3eeffb0a-787e-48ec-a2f5-d0c540a89489:c3048]
2019-08-21 15:29:52,024 | INFO  | DNAudit | user=null | ip=null | op=PUT_BLOCK {blockData=[blockId=conID: 1 locID: 102655681625260583 bcsId: 0,size=1048576]} | ret=SUCCESS |  
2019-08-21 15:29:52,024 | INFO  | DNAudit | user=null | ip=null | op=WRITE_CHUNK {blockData=conID: 1 locID: 102655681625260583 bcsId: 0} | ret=SUCCESS |  
2019-08-21 15:29:52,024 | INFO  | DNAudit | user=null | ip=null | op=PUT_BLOCK {blockData=[blockId=conID: 1 locID: 102655681625260583 bcsId: 0,size=2097152]} | ret=SUCCESS |  
2019-08-21 15:29:52,025 | INFO  | DNAudit | user=null | ip=null | op=WRITE_CHUNK {blockData=conID: 1 locID: 102655681625260583 bcsId: 0} | ret=SUCCESS |  
2019-08-21 15:29:52,025 [grpc-default-executor-3] INFO  client.GrpcClientProtocolClient (GrpcClientProtocolClient.java:onNext(255)) - client-029E50227556->355864cd-7ac5-4934-b366-9756b15dd90f: receive RaftClientReply:client-029E50227556->355864cd-7ac5-4934-b366-9756b15dd90f@group-785BCF25C267, cid=2078, SUCCESS, logIndex=0, commits[355864cd-7ac5-4934-b366-9756b15dd90f:c3053, ce4aa411-63c8-4399-99eb-27ce352844f3:c3049, 3eeffb0a-787e-48ec-a2f5-d0c540a89489:c3049]
2019-08-21 15:29:52,025 | INFO  | DNAudit | user=null | ip=null | op=PUT_BLOCK {blockData=[blockId=conID: 1 locID: 102655681625260583 bcsId: 0,size=2097152]} | ret=SUCCESS |  
2019-08-21 15:29:52,032 | INFO  | DNAudit | user=null | ip=null | op=WRITE_CHUNK {blockData=conID: 1 locID: 102655681625260583 bcsId: 3051} | ret=SUCCESS |  
2019-08-21 15:29:52,034 | INFO  | DNAudit | user=null | ip=null | op=WRITE_CHUNK {blockData=conID: 1 locID: 102655681625260583 bcsId: 3051} | ret=SUCCESS |  
2019-08-21 15:29:52,035 | INFO  | DNAudit | user=null | ip=null | op=WRITE_CHUNK {blockData=conID: 1 locID: 102655681625260583 bcsId: 3051} | ret=SUCCESS |  
2019-08-21 15:29:52,044 | INFO  | DNAudit | user=null | ip=null | op=WRITE_CHUNK {blockData=conID: 1 locID: 102655681625260583 bcsId: 3051} | ret=SUCCESS |  
2019-08-21 15:29:52,044 | INFO  | DNAudit | user=null | ip=null | op=PUT_BLOCK {blockData=[blockId=conID: 1 locID: 102655681625260583 bcsId: 0,size=3145728]} | ret=SUCCESS |  
2019-08-21 15:29:52,045 [grpc-default-executor-3] INFO  client.GrpcClientProtocolClient (GrpcClientProtocolClient.java:onNext(255)) - client-029E50227556->355864cd-7ac5-4934-b366-9756b15dd90f: receive RaftClientReply:client-029E50227556->355864cd-7ac5-4934-b366-9756b15dd90f@group-785BCF25C267, cid=2079, SUCCESS, logIndex=3056, commits[355864cd-7ac5-4934-b366-9756b15dd90f:c3057, ce4aa411-63c8-4399-99eb-27ce352844f3:c3055, 3eeffb0a-787e-48ec-a2f5-d0c540a89489:c3055]
2019-08-21 15:29:52,045 [grpc-default-executor-3] INFO  client.GrpcClientProtocolClient (GrpcClientProtocolClient.java:onNext(255)) - client-029E50227556->355864cd-7ac5-4934-b366-9756b15dd90f: receive RaftClientReply:client-029E50227556->355864cd-7ac5-4934-b366-9756b15dd90f@group-785BCF25C267, cid=2080, SUCCESS, logIndex=3057, commits[355864cd-7ac5-4934-b366-9756b15dd90f:c3057, ce4aa411-63c8-4399-99eb-27ce352844f3:c3055, 3eeffb0a-787e-48ec-a2f5-d0c540a89489:c3055]
2019-08-21 15:29:52,051 | INFO  | DNAudit | user=null | ip=null | op=WRITE_CHUNK {blockData=conID: 1 locID: 102655681625260583 bcsId: 3057} | ret=SUCCESS |  
2019-08-21 15:29:52,055 | INFO  | SCMAudit | user=jenkins1000 | ip=192.168.5.153 | op=SEND_HEARTBEAT {datanodeUUID=a0074e04-2715-4b16-a2b0-10b5043d27ae, command=[]} | ret=SUCCESS |  
2019-08-21 15:29:52,056 | INFO  | DNAudit | user=null | ip=null | op=WRITE_CHUNK {blockData=conID: 1 locID: 102655681625260583 bcsId: 3057} | ret=SUCCESS |  
2019-08-21 15:29:52,056 | INFO  | SCMAudit | user=jenkins1000 | ip=192.168.5.153 | op=SEND_HEARTBEAT {datanodeUUID=a38cd7e0-d792-481c-a4c0-f4feaa89ec8f, command=[]} | ret=SUCCESS |  
2019-08-21 15:29:52,056 | INFO  | DNAudit | user=null | ip=null | op=WRITE_CHUNK {blockData=conID: 1 locID: 102655681625260583 bcsId: 3051} | ret=SUCCESS |  
2019-08-21 15:29:52,056 | INFO  | DNAudit | user=null | ip=null | op=WRITE_CHUNK {blockData=conID: 1 locID: 102655681625260583 bcsId: 3051} | ret=SUCCESS |  
2019-08-21 15:29:52,057 | INFO  | DNAudit | user=null | ip=null | op=WRITE_CHUNK {blockData=conID: 1 locID: 102655681625260583 bcsId: 3057} | ret=SUCCESS |  
2019-08-21 15:29:52,060 | INFO  | SCMAudit | user=jenkins1000 | ip=192.168.5.153 | op=SEND_HEARTBEAT {datanodeUUID=3eeffb0a-787e-48ec-a2f5-d0c540a89489, command=[]} | ret=SUCCESS |  
2019-08-21 15:29:52,060 | INFO  | SCMAudit | user=jenkins1000 | ip=192.168.5.153 | op=SEND_HEARTBEAT {datanodeUUID=355864cd-7ac5-4934-b366-9756b15dd90f, command=[]} | ret=SUCCESS |  
2019-08-21 15:29:52,060 | INFO  | SCMAudit | user=jenkins1000 | ip=192.168.5.153 | op=SEND_HEARTBEAT {datanodeUUID=ce4aa411-63c8-4399-99eb-27ce352844f3, command=[]} | ret=SUCCESS |  
 0.00% |█                                                                                                    |  0/1 Time: 0:00:162019-08-21 15:29:52,067 | INFO  | DNAudit | user=null | ip=null | op=PUT_BLOCK {blockData=[blockId=conID: 1 locID: 102655681625260583 bcsId: 0,size=3145728]} | ret=SUCCESS |  
2019-08-21 15:29:52,068 | INFO  | DNAudit | user=null | ip=null | op=WRITE_CHUNK {blockData=conID: 1 locID: 102655681625260583 bcsId: 3057} | ret=SUCCESS |  
2019-08-21 15:29:52,068 | INFO  | DNAudit | user=null | ip=null | op=PUT_BLOCK {blockData=[blockId=conID: 1 locID: 102655681625260583 bcsId: 0,size=3145728]} | ret=SUCCESS |  
2019-08-21 15:29:52,068 | INFO  | DNAudit | user=null | ip=null | op=PUT_BLOCK {blockData=[blockId=conID: 1 locID: 102655681625260583 bcsId: 0,size=4194304]} | ret=SUCCESS |  
2019-08-21 15:29:52,068 [grpc-default-executor-3] INFO  client.GrpcClientProtocolClient (GrpcClientProtocolClient.java:onNext(255)) - client-029E50227556->355864cd-7ac5-4934-b366-9756b15dd90f: receive RaftClientReply:client-029E50227556->355864cd-7ac5-4934-b366-9756b15dd90f@group-785BCF25C267, cid=2081, SUCCESS, logIndex=3060, commits[355864cd-7ac5-4934-b366-9756b15dd90f:c3061, ce4aa411-63c8-4399-99eb-27ce352844f3:c3057, 3eeffb0a-787e-48ec-a2f5-d0c540a89489:c3056]
2019-08-21 15:29:52,068 [grpc-default-executor-3] INFO  client.GrpcClientProtocolClient (GrpcClientProtocolClient.java:onNext(255)) - client-029E50227556->355864cd-7ac5-4934-b366-9756b15dd90f: receive RaftClientReply:client-029E50227556->355864cd-7ac5-4934-b366-9756b15dd90f@group-785BCF25C267, cid=2082, SUCCESS, logIndex=3061, commits[355864cd-7ac5-4934-b366-9756b15dd90f:c3061, ce4aa411-63c8-4399-99eb-27ce352844f3:c3057, 3eeffb0a-787e-48ec-a2f5-d0c540a89489:c3057]
2019-08-21 15:29:52,069 | INFO  | DNAudit | user=null | ip=null | op=WRITE_CHUNK {blockData=conID: 1 locID: 102655681625260583 bcsId: 3057} | ret=SUCCESS |  
2019-08-21 15:29:52,069 | INFO  | DNAudit | user=null | ip=null | op=PUT_BLOCK {blockData=[blockId=conID: 1 locID: 102655681625260583 bcsId: 0,size=4194304]} | ret=SUCCESS |  
2019-08-21 15:29:52,070 | INFO  | DNAudit | user=null | ip=null | op=WRITE_CHUNK {blockData=conID: 1 locID: 102655681625260583 bcsId: 3057} | ret=SUCCESS |  
2019-08-21 15:29:52,070 | INFO  | DNAudit | user=null | ip=null | op=PUT_BLOCK {blockData=[blockId=conID: 1 locID: 102655681625260583 bcsId: 0,size=4194304]} | ret=SUCCESS |  
2019-08-21 15:29:52,070 [grpc-default-executor-3] INFO  client.GrpcClientProtocolClient (GrpcClientProtocolClient.java:onNext(255)) - client-029E50227556->355864cd-7ac5-4934-b366-9756b15dd90f: receive RaftClientReply:client-029E50227556->355864cd-7ac5-4934-b366-9756b15dd90f@group-785BCF25C267, cid=2083, SUCCESS, logIndex=0, commits[355864cd-7ac5-4934-b366-9756b15dd90f:c3062, ce4aa411-63c8-4399-99eb-27ce352844f3:c3061, 3eeffb0a-787e-48ec-a2f5-d0c540a89489:c3061]
2019-08-21 15:29:52,075 | INFO  | SCMAudit | user=jenkins1000 | ip=192.168.5.153 | op=ALLOCATE_BLOCK {owner=78849ec2-2b05-45d8-8cb5-e95e2230dbd1, size=4194304, type=RATIS, factor=THREE} | ret=SUCCESS |  
2019-08-21 15:29:52,077 | INFO  | OMAudit | user=jenkins1000 | ip=127.0.0.1 | op=ALLOCATE_BLOCK {volume=vol-0-32358, bucket=bucket-0-01949, key=key-0-56547, dataSize=0, replicationType=null, replicationFactor=null, keyLocationInfo=null, clientID=102655680532119954} | ret=SUCCESS |  
2019-08-21 15:29:52,083 | INFO  | DNAudit | user=null | ip=null | op=WRITE_CHUNK {blockData=conID: 2 locID: 102655681631027752 bcsId: 0} | ret=SUCCESS |  
2019-08-21 15:29:52,085 | INFO  | DNAudit | user=null | ip=null | op=WRITE_CHUNK {blockData=conID: 2 locID: 102655681631027752 bcsId: 0} | ret=SUCCESS |  
2019-08-21 15:29:52,086 | INFO  | DNAudit | user=null | ip=null | op=WRITE_CHUNK {blockData=conID: 2 locID: 102655681631027752 bcsId: 0} | ret=SUCCESS |  
2019-08-21 15:29:52,086 | INFO  | DNAudit | user=null | ip=null | op=WRITE_CHUNK {blockData=conID: 2 locID: 102655681631027752 bcsId: 0} | ret=SUCCESS |  
2019-08-21 15:29:52,087 | INFO  | DNAudit | user=null | ip=null | op=WRITE_CHUNK {blockData=conID: 2 locID: 102655681631027752 bcsId: 0} | ret=SUCCESS |  
2019-08-21 15:29:52,087 | INFO  | DNAudit | user=null | ip=null | op=WRITE_CHUNK {blockData=conID: 2 locID: 102655681631027752 bcsId: 0} | ret=SUCCESS |  
2019-08-21 15:29:52,096 | INFO  | DNAudit | user=null | ip=null | op=WRITE_CHUNK {blockData=conID: 2 locID: 102655681631027752 bcsId: 0} | ret=SUCCESS |  
2019-08-21 15:29:52,096 | INFO  | DNAudit | user=null | ip=null | op=PUT_BLOCK {blockData=[blockId=conID: 2 locID: 102655681631027752 bcsId: 0,size=1048576]} | ret=SUCCESS |  
2019-08-21 15:29:52,097 [grpc-default-executor-3] INFO  client.GrpcClientProtocolClient (GrpcClientProtocolClient.java:onNext(255)) - client-029E50227556->355864cd-7ac5-4934-b366-9756b15dd90f: receive RaftClientReply:client-029E50227556->355864cd-7ac5-4934-b366-9756b15dd90f@group-785BCF25C267, cid=2084, SUCCESS, logIndex=3064, commits[355864cd-7ac5-4934-b366-9756b15dd90f:c3065, ce4aa411-63c8-4399-99eb-27ce352844f3:c3063, 3eeffb0a-787e-48ec-a2f5-d0c540a89489:c3061]
2019-08-21 15:29:52,097 | INFO  | DNAudit | user=null | ip=null | op=WRITE_CHUNK {blockData=conID: 2 locID: 102655681631027752 bcsId: 0} | ret=SUCCESS |  
2019-08-21 15:29:52,097 [grpc-default-executor-3] INFO  client.GrpcClientProtocolClient (GrpcClientProtocolClient.java:onNext(255)) - client-029E50227556->355864cd-7ac5-4934-b366-9756b15dd90f: receive RaftClientReply:client-029E50227556->355864cd-7ac5-4934-b366-9756b15dd90f@group-785BCF25C267, cid=2085, SUCCESS, logIndex=3065, commits[355864cd-7ac5-4934-b366-9756b15dd90f:c3065, ce4aa411-63c8-4399-99eb-27ce352844f3:c3063, 3eeffb0a-787e-48ec-a2f5-d0c540a89489:c3063]
2019-08-21 15:29:52,098 | INFO  | DNAudit | user=null | ip=null | op=PUT_BLOCK {blockData=[blockId=conID: 2 locID: 102655681631027752 bcsId: 0,size=2097152]} | ret=SUCCESS |  
2019-08-21 15:29:52,099 [grpc-default-executor-0] INFO  client.GrpcClientProtocolClient (GrpcClientProtocolClient.java:onNext(255)) - client-029E50227556->355864cd-7ac5-4934-b366-9756b15dd90f: receive RaftClientReply:client-029E50227556->355864cd-7ac5-4934-b366-9756b15dd90f@group-785BCF25C267, cid=2086, SUCCESS, logIndex=3066, commits[355864cd-7ac5-4934-b366-9756b15dd90f:c3067, ce4aa411-63c8-4399-99eb-27ce352844f3:c3063, 3eeffb0a-787e-48ec-a2f5-d0c540a89489:c3063]
2019-08-21 15:29:52,099 [grpc-default-executor-0] INFO  client.GrpcClientProtocolClient (GrpcClientProtocolClient.java:onNext(255)) - client-029E50227556->355864cd-7ac5-4934-b366-9756b15dd90f: receive RaftClientReply:client-029E50227556->355864cd-7ac5-4934-b366-9756b15dd90f@group-785BCF25C267, cid=2087, SUCCESS, logIndex=3067, commits[355864cd-7ac5-4934-b366-9756b15dd90f:c3067, ce4aa411-63c8-4399-99eb-27ce352844f3:c3063, 3eeffb0a-787e-48ec-a2f5-d0c540a89489:c3063]
2019-08-21 15:29:52,108 | INFO  | DNAudit | user=null | ip=null | op=WRITE_CHUNK {blockData=conID: 2 locID: 102655681631027752 bcsId: 0} | ret=SUCCESS |  
2019-08-21 15:29:52,108 | INFO  | DNAudit | user=null | ip=null | op=PUT_BLOCK {blockData=[blockId=conID: 2 locID: 102655681631027752 bcsId: 0,size=1048576]} | ret=SUCCESS |  
2019-08-21 15:29:52,108 | INFO  | DNAudit | user=null | ip=null | op=WRITE_CHUNK {blockData=conID: 2 locID: 102655681631027752 bcsId: 0} | ret=SUCCESS |  
2019-08-21 15:29:52,109 | INFO  | DNAudit | user=null | ip=null | op=PUT_BLOCK {blockData=[blockId=conID: 2 locID: 102655681631027752 bcsId: 0,size=1048576]} | ret=SUCCESS |  
2019-08-21 15:29:52,109 | INFO  | DNAudit | user=null | ip=null | op=WRITE_CHUNK {blockData=conID: 2 locID: 102655681631027752 bcsId: 0} | ret=SUCCESS |  
2019-08-21 15:29:52,109 | INFO  | DNAudit | user=null | ip=null | op=WRITE_CHUNK {blockData=conID: 2 locID: 102655681631027752 bcsId: 0} | ret=SUCCESS |  
2019-08-21 15:29:52,109 [grpc-default-executor-3] INFO  client.GrpcClientProtocolClient (GrpcClientProtocolClient.java:onNext(255)) - client-029E50227556->355864cd-7ac5-4934-b366-9756b15dd90f: receive RaftClientReply:client-029E50227556->355864cd-7ac5-4934-b366-9756b15dd90f@group-785BCF25C267, cid=2088, SUCCESS, logIndex=0, commits[355864cd-7ac5-4934-b366-9756b15dd90f:c3069, ce4aa411-63c8-4399-99eb-27ce352844f3:c3065, 3eeffb0a-787e-48ec-a2f5-d0c540a89489:c3065]
2019-08-21 15:29:52,109 | INFO  | DNAudit | user=null | ip=null | op=PUT_BLOCK {blockData=[blockId=conID: 2 locID: 102655681631027752 bcsId: 0,size=2097152]} | ret=SUCCESS |  
2019-08-21 15:29:52,109 | INFO  | DNAudit | user=null | ip=null | op=PUT_BLOCK {blockData=[blockId=conID: 2 locID: 102655681631027752 bcsId: 0,size=2097152]} | ret=SUCCESS |  
2019-08-21 15:29:52,115 | INFO  | DNAudit | user=null | ip=null | op=WRITE_CHUNK {blockData=conID: 2 locID: 102655681631027752 bcsId: 3067} | ret=SUCCESS |  
2019-08-21 15:29:52,117 | INFO  | DNAudit | user=null | ip=null | op=WRITE_CHUNK {blockData=conID: 2 locID: 102655681631027752 bcsId: 3067} | ret=SUCCESS |  
2019-08-21 15:29:52,117 | INFO  | DNAudit | user=null | ip=null | op=WRITE_CHUNK {blockData=conID: 2 locID: 102655681631027752 bcsId: 3067} | ret=SUCCESS |  
2019-08-21 15:29:52,145 | INFO  | DNAudit | user=null | ip=null | op=WRITE_CHUNK {blockData=conID: 2 locID: 102655681631027752 bcsId: 3067} | ret=SUCCESS |  
2019-08-21 15:29:52,146 | INFO  | DNAudit | user=null | ip=null | op=PUT_BLOCK {blockData=[blockId=conID: 2 locID: 102655681631027752 bcsId: 0,size=3145728]} | ret=SUCCESS |  
2019-08-21 15:29:52,146 [grpc-default-executor-3] INFO  client.GrpcClientProtocolClient (GrpcClientProtocolClient.java:onNext(255)) - client-029E50227556->355864cd-7ac5-4934-b366-9756b15dd90f: receive RaftClientReply:client-029E50227556->355864cd-7ac5-4934-b366-9756b15dd90f@group-785BCF25C267, cid=2089, SUCCESS, logIndex=3072, commits[355864cd-7ac5-4934-b366-9756b15dd90f:c3073, ce4aa411-63c8-4399-99eb-27ce352844f3:c3071, 3eeffb0a-787e-48ec-a2f5-d0c540a89489:c3071]
2019-08-21 15:29:52,147 | INFO  | DNAudit | user=null | ip=null | op=WRITE_CHUNK {blockData=conID: 2 locID: 102655681631027752 bcsId: 3067} | ret=SUCCESS |  
2019-08-21 15:29:52,147 [grpc-default-executor-2] INFO  client.GrpcClientProtocolClient (GrpcClientProtocolClient.java:onNext(255)) - client-029E50227556->355864cd-7ac5-4934-b366-9756b15dd90f: receive RaftClientReply:client-029E50227556->355864cd-7ac5-4934-b366-9756b15dd90f@group-785BCF25C267, cid=2090, SUCCESS, logIndex=3073, commits[355864cd-7ac5-4934-b366-9756b15dd90f:c3073, ce4aa411-63c8-4399-99eb-27ce352844f3:c3071, 3eeffb0a-787e-48ec-a2f5-d0c540a89489:c3071]
2019-08-21 15:29:52,149 | INFO  | DNAudit | user=null | ip=null | op=WRITE_CHUNK {blockData=conID: 2 locID: 102655681631027752 bcsId: 3067} | ret=SUCCESS |  
2019-08-21 15:29:52,149 | INFO  | DNAudit | user=null | ip=null | op=PUT_BLOCK {blockData=[blockId=conID: 2 locID: 102655681631027752 bcsId: 0,size=3145728]} | ret=SUCCESS |  
2019-08-21 15:29:52,153 | INFO  | DNAudit | user=null | ip=null | op=WRITE_CHUNK {blockData=conID: 2 locID: 102655681631027752 bcsId: 3073} | ret=SUCCESS |  
2019-08-21 15:29:52,156 | INFO  | DNAudit | user=null | ip=null | op=WRITE_CHUNK {blockData=conID: 2 locID: 102655681631027752 bcsId: 3073} | ret=SUCCESS |  
2019-08-21 15:29:52,156 | INFO  | DNAudit | user=null | ip=null | op=WRITE_CHUNK {blockData=conID: 2 locID: 102655681631027752 bcsId: 3073} | ret=SUCCESS |  
2019-08-21 15:29:52,160 | INFO  | DNAudit | user=null | ip=null | op=PUT_BLOCK {blockData=[blockId=conID: 2 locID: 102655681631027752 bcsId: 0,size=3145728]} | ret=SUCCESS |  
2019-08-21 15:29:52,161 | INFO  | DNAudit | user=null | ip=null | op=WRITE_CHUNK {blockData=conID: 2 locID: 102655681631027752 bcsId: 3073} | ret=SUCCESS |  
2019-08-21 15:29:52,162 | INFO  | DNAudit | user=null | ip=null | op=PUT_BLOCK {blockData=[blockId=conID: 2 locID: 102655681631027752 bcsId: 0,size=4194304]} | ret=SUCCESS |  
2019-08-21 15:29:52,162 [grpc-default-executor-2] INFO  client.GrpcClientProtocolClient (GrpcClientProtocolClient.java:onNext(255)) - client-029E50227556->355864cd-7ac5-4934-b366-9756b15dd90f: receive RaftClientReply:client-029E50227556->355864cd-7ac5-4934-b366-9756b15dd90f@group-785BCF25C267, cid=2091, SUCCESS, logIndex=3076, commits[355864cd-7ac5-4934-b366-9756b15dd90f:c3077, ce4aa411-63c8-4399-99eb-27ce352844f3:c3073, 3eeffb0a-787e-48ec-a2f5-d0c540a89489:c3074]
2019-08-21 15:29:52,162 [grpc-default-executor-2] INFO  client.GrpcClientProtocolClient (GrpcClientProtocolClient.java:onNext(255)) - client-029E50227556->355864cd-7ac5-4934-b366-9756b15dd90f: receive RaftClientReply:client-029E50227556->355864cd-7ac5-4934-b366-9756b15dd90f@group-785BCF25C267, cid=2092, SUCCESS, logIndex=3077, commits[355864cd-7ac5-4934-b366-9756b15dd90f:c3077, ce4aa411-63c8-4399-99eb-27ce352844f3:c3074, 3eeffb0a-787e-48ec-a2f5-d0c540a89489:c3074]
2019-08-21 15:29:52,163 | INFO  | DNAudit | user=null | ip=null | op=WRITE_CHUNK {blockData=conID: 2 locID: 102655681631027752 bcsId: 3073} | ret=SUCCESS |  
2019-08-21 15:29:52,163 | INFO  | DNAudit | user=null | ip=null | op=WRITE_CHUNK {blockData=conID: 2 locID: 102655681631027752 bcsId: 3073} | ret=SUCCESS |  
2019-08-21 15:29:52,163 | INFO  | DNAudit | user=null | ip=null | op=PUT_BLOCK {blockData=[blockId=conID: 2 locID: 102655681631027752 bcsId: 0,size=4194304]} | ret=SUCCESS |  
2019-08-21 15:29:52,163 | INFO  | DNAudit | user=null | ip=null | op=PUT_BLOCK {blockData=[blockId=conID: 2 locID: 102655681631027752 bcsId: 0,size=4194304]} | ret=SUCCESS |  
2019-08-21 15:29:52,163 [grpc-default-executor-2] INFO  client.GrpcClientProtocolClient (GrpcClientProtocolClient.java:onNext(255)) - client-029E50227556->355864cd-7ac5-4934-b366-9756b15dd90f: receive RaftClientReply:client-029E50227556->355864cd-7ac5-4934-b366-9756b15dd90f@group-785BCF25C267, cid=2093, SUCCESS, logIndex=0, commits[355864cd-7ac5-4934-b366-9756b15dd90f:c3078, ce4aa411-63c8-4399-99eb-27ce352844f3:c3077, 3eeffb0a-787e-48ec-a2f5-d0c540a89489:c3077]
2019-08-21 15:29:52,168 | INFO  | SCMAudit | user=jenkins1000 | ip=192.168.5.153 | op=ALLOCATE_BLOCK {owner=78849ec2-2b05-45d8-8cb5-e95e2230dbd1, size=4194304, type=RATIS, factor=THREE} | ret=SUCCESS |  
2019-08-21 15:29:52,172 | INFO  | OMAudit | user=jenkins1000 | ip=127.0.0.1 | op=ALLOCATE_BLOCK {volume=vol-0-32358, bucket=bucket-0-01949, key=key-0-56547, dataSize=0, replicationType=null, replicationFactor=null, keyLocationInfo=null, clientID=102655680532119954} | ret=SUCCESS |  
2019-08-21 15:29:52,178 | INFO  | DNAudit | user=null | ip=null | op=WRITE_CHUNK {blockData=conID: 3 locID: 102655681637122601 bcsId: 0} | ret=SUCCESS |  
2019-08-21 15:29:52,181 | INFO  | DNAudit | user=null | ip=null | op=WRITE_CHUNK {blockData=conID: 3 locID: 102655681637122601 bcsId: 0} | ret=SUCCESS |  
2019-08-21 15:29:52,181 | INFO  | DNAudit | user=null | ip=null | op=WRITE_CHUNK {blockData=conID: 3 locID: 102655681637122601 bcsId: 0} | ret=SUCCESS |  
2019-08-21 15:29:52,182 | INFO  | DNAudit | user=null | ip=null | op=WRITE_CHUNK {blockData=conID: 3 locID: 102655681637122601 bcsId: 0} | ret=SUCCESS |  
2019-08-21 15:29:52,183 | INFO  | DNAudit | user=null | ip=null | op=WRITE_CHUNK {blockData=conID: 3 locID: 102655681637122601 bcsId: 0} | ret=SUCCESS |  
2019-08-21 15:29:52,183 | INFO  | DNAudit | user=null | ip=null | op=WRITE_CHUNK {blockData=conID: 3 locID: 102655681637122601 bcsId: 0} | ret=SUCCESS |  
2019-08-21 15:29:52,191 | INFO  | DNAudit | user=null | ip=null | op=WRITE_CHUNK {blockData=conID: 3 locID: 102655681637122601 bcsId: 0} | ret=SUCCESS |  
2019-08-21 15:29:52,191 | INFO  | DNAudit | user=null | ip=null | op=PUT_BLOCK {blockData=[blockId=conID: 3 locID: 102655681637122601 bcsId: 0,size=1048576]} | ret=SUCCESS |  
2019-08-21 15:29:52,191 [grpc-default-executor-0] INFO  client.GrpcClientProtocolClient (GrpcClientProtocolClient.java:onNext(255)) - client-029E50227556->355864cd-7ac5-4934-b366-9756b15dd90f: receive RaftClientReply:client-029E50227556->355864cd-7ac5-4934-b366-9756b15dd90f@group-785BCF25C267, cid=2094, SUCCESS, logIndex=3080, commits[355864cd-7ac5-4934-b366-9756b15dd90f:c3081, ce4aa411-63c8-4399-99eb-27ce352844f3:c3079, 3eeffb0a-787e-48ec-a2f5-d0c540a89489:c3079]
2019-08-21 15:29:52,192 | INFO  | DNAudit | user=null | ip=null | op=WRITE_CHUNK {blockData=conID: 3 locID: 102655681637122601 bcsId: 0} | ret=SUCCESS |  
2019-08-21 15:29:52,192 [grpc-default-executor-0] INFO  client.GrpcClientProtocolClient (GrpcClientProtocolClient.java:onNext(255)) - client-029E50227556->355864cd-7ac5-4934-b366-9756b15dd90f: receive RaftClientReply:client-029E50227556->355864cd-7ac5-4934-b366-9756b15dd90f@group-785BCF25C267, cid=2095, SUCCESS, logIndex=3081, commits[355864cd-7ac5-4934-b366-9756b15dd90f:c3083, ce4aa411-63c8-4399-99eb-27ce352844f3:c3079, 3eeffb0a-787e-48ec-a2f5-d0c540a89489:c3079]
2019-08-21 15:29:52,192 | INFO  | DNAudit | user=null | ip=null | op=PUT_BLOCK {blockData=[blockId=conID: 3 locID: 102655681637122601 bcsId: 0,size=2097152]} | ret=SUCCESS |  
2019-08-21 15:29:52,192 [grpc-default-executor-0] INFO  client.GrpcClientProtocolClient (GrpcClientProtocolClient.java:onNext(255)) - client-029E50227556->355864cd-7ac5-4934-b366-9756b15dd90f: receive RaftClientReply:client-029E50227556->355864cd-7ac5-4934-b366-9756b15dd90f@group-785BCF25C267, cid=2096, SUCCESS, logIndex=3082, commits[355864cd-7ac5-4934-b366-9756b15dd90f:c3083, ce4aa411-63c8-4399-99eb-27ce352844f3:c3079, 3eeffb0a-787e-48ec-a2f5-d0c540a89489:c3079]
2019-08-21 15:29:52,192 [grpc-default-executor-0] INFO  client.GrpcClientProtocolClient (GrpcClientProtocolClient.java:onNext(255)) - client-029E50227556->355864cd-7ac5-4934-b366-9756b15dd90f: receive RaftClientReply:client-029E50227556->355864cd-7ac5-4934-b366-9756b15dd90f@group-785BCF25C267, cid=2097, SUCCESS, logIndex=3083, commits[355864cd-7ac5-4934-b366-9756b15dd90f:c3083, ce4aa411-63c8-4399-99eb-27ce352844f3:c3079, 3eeffb0a-787e-48ec-a2f5-d0c540a89489:c3079]
2019-08-21 15:29:52,193 | INFO  | DNAudit | user=null | ip=null | op=WRITE_CHUNK {blockData=conID: 3 locID: 102655681637122601 bcsId: 0} | ret=SUCCESS |  
2019-08-21 15:29:52,193 | INFO  | DNAudit | user=null | ip=null | op=WRITE_CHUNK {blockData=conID: 3 locID: 102655681637122601 bcsId: 0} | ret=SUCCESS |  
2019-08-21 15:29:52,193 | INFO  | DNAudit | user=null | ip=null | op=PUT_BLOCK {blockData=[blockId=conID: 3 locID: 102655681637122601 bcsId: 0,size=1048576]} | ret=SUCCESS |  
2019-08-21 15:29:52,193 | INFO  | DNAudit | user=null | ip=null | op=PUT_BLOCK {blockData=[blockId=conID: 3 locID: 102655681637122601 bcsId: 0,size=1048576]} | ret=SUCCESS |  
2019-08-21 15:29:52,194 [grpc-default-executor-2] INFO  client.GrpcClientProtocolClient (GrpcClientProtocolClient.java:onNext(255)) - client-029E50227556->355864cd-7ac5-4934-b366-9756b15dd90f: receive RaftClientReply:client-029E50227556->355864cd-7ac5-4934-b366-9756b15dd90f@group-785BCF25C267, cid=2098, SUCCESS, logIndex=0, commits[355864cd-7ac5-4934-b366-9756b15dd90f:c3084, ce4aa411-63c8-4399-99eb-27ce352844f3:c3081, 3eeffb0a-787e-48ec-a2f5-d0c540a89489:c3081]
2019-08-21 15:29:52,196 | INFO  | DNAudit | user=null | ip=null | op=WRITE_CHUNK {blockData=conID: 3 locID: 102655681637122601 bcsId: 0} | ret=SUCCESS |  
2019-08-21 15:29:52,196 | INFO  | DNAudit | user=null | ip=null | op=PUT_BLOCK {blockData=[blockId=conID: 3 locID: 102655681637122601 bcsId: 0,size=2097152]} | ret=SUCCESS |  
2019-08-21 15:29:52,196 | INFO  | DNAudit | user=null | ip=null | op=WRITE_CHUNK {blockData=conID: 3 locID: 102655681637122601 bcsId: 0} | ret=SUCCESS |  
2019-08-21 15:29:52,196 | INFO  | DNAudit | user=null | ip=null | op=PUT_BLOCK {blockData=[blockId=conID: 3 locID: 102655681637122601 bcsId: 0,size=2097152]} | ret=SUCCESS |  
2019-08-21 15:29:52,201 | INFO  | DNAudit | user=null | ip=null | op=WRITE_CHUNK {blockData=conID: 3 locID: 102655681637122601 bcsId: 3083} | ret=SUCCESS |  
2019-08-21 15:29:52,202 | INFO  | DNAudit | user=null | ip=null | op=WRITE_CHUNK {blockData=conID: 3 locID: 102655681637122601 bcsId: 3083} | ret=SUCCESS |  
2019-08-21 15:29:52,202 | INFO  | DNAudit | user=null | ip=null | op=WRITE_CHUNK {blockData=conID: 3 locID: 102655681637122601 bcsId: 3083} | ret=SUCCESS |  
2019-08-21 15:29:52,213 | INFO  | DNAudit | user=null | ip=null | op=WRITE_CHUNK {blockData=conID: 3 locID: 102655681637122601 bcsId: 3083} | ret=SUCCESS |  
2019-08-21 15:29:52,213 | INFO  | DNAudit | user=null | ip=null | op=PUT_BLOCK {blockData=[blockId=conID: 3 locID: 102655681637122601 bcsId: 0,size=3145728]} | ret=SUCCESS |  
2019-08-21 15:29:52,213 [grpc-default-executor-0] INFO  client.GrpcClientProtocolClient (GrpcClientProtocolClient.java:onNext(255)) - client-029E50227556->355864cd-7ac5-4934-b366-9756b15dd90f: receive RaftClientReply:client-029E50227556->355864cd-7ac5-4934-b366-9756b15dd90f@group-785BCF25C267, cid=2099, SUCCESS, logIndex=3087, commits[355864cd-7ac5-4934-b366-9756b15dd90f:c3088, ce4aa411-63c8-4399-99eb-27ce352844f3:c3086, 3eeffb0a-787e-48ec-a2f5-d0c540a89489:c3086]
2019-08-21 15:29:52,214 [grpc-default-executor-0] INFO  client.GrpcClientProtocolClient (GrpcClientProtocolClient.java:onNext(255)) - client-029E50227556->355864cd-7ac5-4934-b366-9756b15dd90f: receive RaftClientReply:client-029E50227556->355864cd-7ac5-4934-b366-9756b15dd90f@group-785BCF25C267, cid=2100, SUCCESS, logIndex=3088, commits[355864cd-7ac5-4934-b366-9756b15dd90f:c3088, ce4aa411-63c8-4399-99eb-27ce352844f3:c3086, 3eeffb0a-787e-48ec-a2f5-d0c540a89489:c3086]
2019-08-21 15:29:52,219 | INFO  | DNAudit | user=null | ip=null | op=WRITE_CHUNK {blockData=conID: 3 locID: 102655681637122601 bcsId: 3088} | ret=SUCCESS |  
2019-08-21 15:29:52,222 | INFO  | DNAudit | user=null | ip=null | op=WRITE_CHUNK {blockData=conID: 3 locID: 102655681637122601 bcsId: 3088} | ret=SUCCESS |  
2019-08-21 15:29:52,222 | INFO  | DNAudit | user=null | ip=null | op=WRITE_CHUNK {blockData=conID: 3 locID: 102655681637122601 bcsId: 3088} | ret=SUCCESS |  
2019-08-21 15:29:52,224 | INFO  | DNAudit | user=null | ip=null | op=WRITE_CHUNK {blockData=conID: 3 locID: 102655681637122601 bcsId: 3083} | ret=SUCCESS |  
2019-08-21 15:29:52,224 | INFO  | DNAudit | user=null | ip=null | op=WRITE_CHUNK {blockData=conID: 3 locID: 102655681637122601 bcsId: 3083} | ret=SUCCESS |  
2019-08-21 15:29:52,227 | INFO  | DNAudit | user=null | ip=null | op=PUT_BLOCK {blockData=[blockId=conID: 3 locID: 102655681637122601 bcsId: 0,size=3145728]} | ret=SUCCESS |  
2019-08-21 15:29:52,227 | INFO  | DNAudit | user=null | ip=null | op=PUT_BLOCK {blockData=[blockId=conID: 3 locID: 102655681637122601 bcsId: 0,size=3145728]} | ret=SUCCESS |  
2019-08-21 15:29:52,228 | INFO  | DNAudit | user=null | ip=null | op=WRITE_CHUNK {blockData=conID: 3 locID: 102655681637122601 bcsId: 3088} | ret=SUCCESS |  
2019-08-21 15:29:52,228 | INFO  | DNAudit | user=null | ip=null | op=PUT_BLOCK {blockData=[blockId=conID: 3 locID: 102655681637122601 bcsId: 0,size=4194304]} | ret=SUCCESS |  
2019-08-21 15:29:52,228 [grpc-default-executor-0] INFO  client.GrpcClientProtocolClient (GrpcClientProtocolClient.java:onNext(255)) - client-029E50227556->355864cd-7ac5-4934-b366-9756b15dd90f: receive RaftClientReply:client-029E50227556->355864cd-7ac5-4934-b366-9756b15dd90f@group-785BCF25C267, cid=2101, SUCCESS, logIndex=3091, commits[355864cd-7ac5-4934-b366-9756b15dd90f:c3092, ce4aa411-63c8-4399-99eb-27ce352844f3:c3088, 3eeffb0a-787e-48ec-a2f5-d0c540a89489:c3088]
2019-08-21 15:29:52,229 [grpc-default-executor-0] INFO  client.GrpcClientProtocolClient (GrpcClientProtocolClient.java:onNext(255)) - client-029E50227556->355864cd-7ac5-4934-b366-9756b15dd90f: receive RaftClientReply:client-029E50227556->355864cd-7ac5-4934-b366-9756b15dd90f@group-785BCF25C267, cid=2102, SUCCESS, logIndex=3092, commits[355864cd-7ac5-4934-b366-9756b15dd90f:c3092, ce4aa411-63c8-4399-99eb-27ce352844f3:c3088, 3eeffb0a-787e-48ec-a2f5-d0c540a89489:c3088]
2019-08-21 15:29:52,239 | INFO  | DNAudit | user=null | ip=null | op=WRITE_CHUNK {blockData=conID: 3 locID: 102655681637122601 bcsId: 3088} | ret=SUCCESS |  
2019-08-21 15:29:52,239 | INFO  | DNAudit | user=null | ip=null | op=WRITE_CHUNK {blockData=conID: 3 locID: 102655681637122601 bcsId: 3088} | ret=SUCCESS |  
2019-08-21 15:29:52,242 | INFO  | DNAudit | user=null | ip=null | op=PUT_BLOCK {blockData=[blockId=conID: 3 locID: 102655681637122601 bcsId: 0,size=4194304]} | ret=SUCCESS |  
2019-08-21 15:29:52,242 | INFO  | DNAudit | user=null | ip=null | op=PUT_BLOCK {blockData=[blockId=conID: 3 locID: 102655681637122601 bcsId: 0,size=4194304]} | ret=SUCCESS |  
2019-08-21 15:29:52,242 [grpc-default-executor-0] INFO  client.GrpcClientProtocolClient (GrpcClientProtocolClient.java:onNext(255)) - client-029E50227556->355864cd-7ac5-4934-b366-9756b15dd90f: receive RaftClientReply:client-029E50227556->355864cd-7ac5-4934-b366-9756b15dd90f@group-785BCF25C267, cid=2103, SUCCESS, logIndex=0, commits[355864cd-7ac5-4934-b366-9756b15dd90f:c3094, ce4aa411-63c8-4399-99eb-27ce352844f3:c3092, 3eeffb0a-787e-48ec-a2f5-d0c540a89489:c3092]
2019-08-21 15:29:52,247 | INFO  | SCMAudit | user=jenkins1000 | ip=192.168.5.153 | op=ALLOCATE_BLOCK {owner=78849ec2-2b05-45d8-8cb5-e95e2230dbd1, size=4194304, type=RATIS, factor=THREE} | ret=SUCCESS |  
2019-08-21 15:29:52,250 | INFO  | OMAudit | user=jenkins1000 | ip=127.0.0.1 | op=ALLOCATE_BLOCK {volume=vol-0-32358, bucket=bucket-0-01949, key=key-0-56547, dataSize=0, replicationType=null, replicationFactor=null, keyLocationInfo=null, clientID=102655680532119954} | ret=SUCCESS |  
2019-08-21 15:29:52,256 | INFO  | DNAudit | user=null | ip=null | op=WRITE_CHUNK {blockData=conID: 1 locID: 102655681642299946 bcsId: 0} | ret=SUCCESS |  
2019-08-21 15:29:52,259 | INFO  | DNAudit | user=null | ip=null | op=WRITE_CHUNK {blockData=conID: 1 locID: 102655681642299946 bcsId: 0} | ret=SUCCESS |  
2019-08-21 15:29:52,259 | INFO  | DNAudit | user=null | ip=null | op=WRITE_CHUNK {blockData=conID: 1 locID: 102655681642299946 bcsId: 0} | ret=SUCCESS |  
2019-08-21 15:29:52,259 | INFO  | DNAudit | user=null | ip=null | op=WRITE_CHUNK {blockData=conID: 1 locID: 102655681642299946 bcsId: 0} | ret=SUCCESS |  
2019-08-21 15:29:52,261 | INFO  | DNAudit | user=null | ip=null | op=WRITE_CHUNK {blockData=conID: 1 locID: 102655681642299946 bcsId: 0} | ret=SUCCESS |  
2019-08-21 15:29:52,261 | INFO  | DNAudit | user=null | ip=null | op=WRITE_CHUNK {blockData=conID: 1 locID: 102655681642299946 bcsId: 0} | ret=SUCCESS |  
2019-08-21 15:29:52,269 | INFO  | DNAudit | user=null | ip=null | op=WRITE_CHUNK {blockData=conID: 1 locID: 102655681642299946 bcsId: 0} | ret=SUCCESS |  
2019-08-21 15:29:52,269 | INFO  | DNAudit | user=null | ip=null | op=PUT_BLOCK {blockData=[blockId=conID: 1 locID: 102655681642299946 bcsId: 0,size=1048576]} | ret=SUCCESS |  
2019-08-21 15:29:52,269 [grpc-default-executor-4] INFO  client.GrpcClientProtocolClient (GrpcClientProtocolClient.java:onNext(255)) - client-029E50227556->355864cd-7ac5-4934-b366-9756b15dd90f: receive RaftClientReply:client-029E50227556->355864cd-7ac5-4934-b366-9756b15dd90f@group-785BCF25C267, cid=2104, SUCCESS, logIndex=3095, commits[355864cd-7ac5-4934-b366-9756b15dd90f:c3096, ce4aa411-63c8-4399-99eb-27ce352844f3:c3094, 3eeffb0a-787e-48ec-a2f5-d0c540a89489:c3094]
2019-08-21 15:29:52,270 | INFO  | DNAudit | user=null | ip=null | op=WRITE_CHUNK {blockData=conID: 1 locID: 102655681642299946 bcsId: 0} | ret=SUCCESS |  
2019-08-21 15:29:52,270 | INFO  | DNAudit | user=null | ip=null | op=PUT_BLOCK {blockData=[blockId=conID: 1 locID: 102655681642299946 bcsId: 0,size=2097152]} | ret=SUCCESS |  
2019-08-21 15:29:52,270 [grpc-default-executor-0] INFO  client.GrpcClientProtocolClient (GrpcClientProtocolClient.java:onNext(255)) - client-029E50227556->355864cd-7ac5-4934-b366-9756b15dd90f: receive RaftClientReply:client-029E50227556->355864cd-7ac5-4934-b366-9756b15dd90f@group-785BCF25C267, cid=2105, SUCCESS, logIndex=3096, commits[355864cd-7ac5-4934-b366-9756b15dd90f:c3096, ce4aa411-63c8-4399-99eb-27ce352844f3:c3094, 3eeffb0a-787e-48ec-a2f5-d0c540a89489:c3094]
2019-08-21 15:29:52,270 [grpc-default-executor-0] INFO  client.GrpcClientProtocolClient (GrpcClientProtocolClient.java:onNext(255)) - client-029E50227556->355864cd-7ac5-4934-b366-9756b15dd90f: receive RaftClientReply:client-029E50227556->355864cd-7ac5-4934-b366-9756b15dd90f@group-785BCF25C267, cid=2106, SUCCESS, logIndex=3097, commits[355864cd-7ac5-4934-b366-9756b15dd90f:c3098, ce4aa411-63c8-4399-99eb-27ce352844f3:c3094, 3eeffb0a-787e-48ec-a2f5-d0c540a89489:c3094]
2019-08-21 15:29:52,271 | INFO  | DNAudit | user=null | ip=null | op=WRITE_CHUNK {blockData=conID: 1 locID: 102655681642299946 bcsId: 0} | ret=SUCCESS |  
2019-08-21 15:29:52,271 | INFO  | DNAudit | user=null | ip=null | op=PUT_BLOCK {blockData=[blockId=conID: 1 locID: 102655681642299946 bcsId: 0,size=1048576]} | ret=SUCCESS |  
2019-08-21 15:29:52,271 [grpc-default-executor-3] INFO  client.GrpcClientProtocolClient (GrpcClientProtocolClient.java:onNext(255)) - client-029E50227556->355864cd-7ac5-4934-b366-9756b15dd90f: receive RaftClientReply:client-029E50227556->355864cd-7ac5-4934-b366-9756b15dd90f@group-785BCF25C267, cid=2107, SUCCESS, logIndex=3098, commits[355864cd-7ac5-4934-b366-9756b15dd90f:c3098, ce4aa411-63c8-4399-99eb-27ce352844f3:c3094, 3eeffb0a-787e-48ec-a2f5-d0c540a89489:c3094]
2019-08-21 15:29:52,271 | INFO  | DNAudit | user=null | ip=null | op=WRITE_CHUNK {blockData=conID: 1 locID: 102655681642299946 bcsId: 0} | ret=SUCCESS |  
2019-08-21 15:29:52,271 | INFO  | DNAudit | user=null | ip=null | op=PUT_BLOCK {blockData=[blockId=conID: 1 locID: 102655681642299946 bcsId: 0,size=1048576]} | ret=SUCCESS |  
2019-08-21 15:29:52,272 [grpc-default-executor-3] INFO  client.GrpcClientProtocolClient (GrpcClientProtocolClient.java:onNext(255)) - client-029E50227556->355864cd-7ac5-4934-b366-9756b15dd90f: receive RaftClientReply:client-029E50227556->355864cd-7ac5-4934-b366-9756b15dd90f@group-785BCF25C267, cid=2108, SUCCESS, logIndex=0, commits[355864cd-7ac5-4934-b366-9756b15dd90f:c3100, ce4aa411-63c8-4399-99eb-27ce352844f3:c3096, 3eeffb0a-787e-48ec-a2f5-d0c540a89489:c3096]
2019-08-21 15:29:52,273 | INFO  | DNAudit | user=null | ip=null | op=WRITE_CHUNK {blockData=conID: 1 locID: 102655681642299946 bcsId: 0} | ret=SUCCESS |  
2019-08-21 15:29:52,274 | INFO  | DNAudit | user=null | ip=null | op=PUT_BLOCK {blockData=[blockId=conID: 1 locID: 102655681642299946 bcsId: 0,size=2097152]} | ret=SUCCESS |  
2019-08-21 15:29:52,278 | INFO  | DNAudit | user=null | ip=null | op=WRITE_CHUNK {blockData=conID: 1 locID: 102655681642299946 bcsId: 3098} | ret=SUCCESS |  
2019-08-21 15:29:52,281 | INFO  | DNAudit | user=null | ip=null | op=WRITE_CHUNK {blockData=conID: 1 locID: 102655681642299946 bcsId: 3098} | ret=SUCCESS |  
2019-08-21 15:29:52,281 | INFO  | DNAudit | user=null | ip=null | op=WRITE_CHUNK {blockData=conID: 1 locID: 102655681642299946 bcsId: 3098} | ret=SUCCESS |  
2019-08-21 15:29:52,285 | INFO  | DNAudit | user=null | ip=null | op=WRITE_CHUNK {blockData=conID: 1 locID: 102655681642299946 bcsId: 0} | ret=SUCCESS |  
2019-08-21 15:29:52,285 | INFO  | DNAudit | user=null | ip=null | op=PUT_BLOCK {blockData=[blockId=conID: 1 locID: 102655681642299946 bcsId: 0,size=2097152]} | ret=SUCCESS |  
2019-08-21 15:29:52,286 | INFO  | DNAudit | user=null | ip=null | op=WRITE_CHUNK {blockData=conID: 1 locID: 102655681642299946 bcsId: 3098} | ret=SUCCESS |  
2019-08-21 15:29:52,286 | INFO  | DNAudit | user=null | ip=null | op=PUT_BLOCK {blockData=[blockId=conID: 1 locID: 102655681642299946 bcsId: 0,size=3145728]} | ret=SUCCESS |  
2019-08-21 15:29:52,286 [grpc-default-executor-0] INFO  client.GrpcClientProtocolClient (GrpcClientProtocolClient.java:onNext(255)) - client-029E50227556->355864cd-7ac5-4934-b366-9756b15dd90f: receive RaftClientReply:client-029E50227556->355864cd-7ac5-4934-b366-9756b15dd90f@group-785BCF25C267, cid=2109, SUCCESS, logIndex=3103, commits[355864cd-7ac5-4934-b366-9756b15dd90f:c3104, ce4aa411-63c8-4399-99eb-27ce352844f3:c3102, 3eeffb0a-787e-48ec-a2f5-d0c540a89489:c3102]
2019-08-21 15:29:52,286 [grpc-default-executor-0] INFO  client.GrpcClientProtocolClient (GrpcClientProtocolClient.java:onNext(255)) - client-029E50227556->355864cd-7ac5-4934-b366-9756b15dd90f: receive RaftClientReply:client-029E50227556->355864cd-7ac5-4934-b366-9756b15dd90f@group-785BCF25C267, cid=2110, SUCCESS, logIndex=3104, commits[355864cd-7ac5-4934-b366-9756b15dd90f:c3104, ce4aa411-63c8-4399-99eb-27ce352844f3:c3102, 3eeffb0a-787e-48ec-a2f5-d0c540a89489:c3102]
2019-08-21 15:29:52,287 | INFO  | DNAudit | user=null | ip=null | op=WRITE_CHUNK {blockData=conID: 1 locID: 102655681642299946 bcsId: 3098} | ret=SUCCESS |  
2019-08-21 15:29:52,287 | INFO  | DNAudit | user=null | ip=null | op=PUT_BLOCK {blockData=[blockId=conID: 1 locID: 102655681642299946 bcsId: 0,size=3145728]} | ret=SUCCESS |  
2019-08-21 15:29:52,289 | INFO  | DNAudit | user=null | ip=null | op=WRITE_CHUNK {blockData=conID: 1 locID: 102655681642299946 bcsId: 3098} | ret=SUCCESS |  
2019-08-21 15:29:52,289 | INFO  | DNAudit | user=null | ip=null | op=PUT_BLOCK {blockData=[blockId=conID: 1 locID: 102655681642299946 bcsId: 0,size=3145728]} | ret=SUCCESS |  
2019-08-21 15:29:52,292 | INFO  | DNAudit | user=null | ip=null | op=WRITE_CHUNK {blockData=conID: 1 locID: 102655681642299946 bcsId: 3104} | ret=SUCCESS |  
2019-08-21 15:29:52,294 | INFO  | DNAudit | user=null | ip=null | op=WRITE_CHUNK {blockData=conID: 1 locID: 102655681642299946 bcsId: 3104} | ret=SUCCESS |  
2019-08-21 15:29:52,295 | INFO  | DNAudit | user=null | ip=null | op=WRITE_CHUNK {blockData=conID: 1 locID: 102655681642299946 bcsId: 3104} | ret=SUCCESS |  
2019-08-21 15:29:52,301 | INFO  | DNAudit | user=null | ip=null | op=WRITE_CHUNK {blockData=conID: 1 locID: 102655681642299946 bcsId: 3104} | ret=SUCCESS |  
2019-08-21 15:29:52,302 | INFO  | DNAudit | user=null | ip=null | op=PUT_BLOCK {blockData=[blockId=conID: 1 locID: 102655681642299946 bcsId: 0,size=4194304]} | ret=SUCCESS |  
2019-08-21 15:29:52,302 [grpc-default-executor-4] INFO  client.GrpcClientProtocolClient (GrpcClientProtocolClient.java:onNext(255)) - client-029E50227556->355864cd-7ac5-4934-b366-9756b15dd90f: receive RaftClientReply:client-029E50227556->355864cd-7ac5-4934-b366-9756b15dd90f@group-785BCF25C267, cid=2111, SUCCESS, logIndex=3107, commits[355864cd-7ac5-4934-b366-9756b15dd90f:c3108, ce4aa411-63c8-4399-99eb-27ce352844f3:c3105, 3eeffb0a-787e-48ec-a2f5-d0c540a89489:c3104]
2019-08-21 15:29:52,302 [grpc-default-executor-4] INFO  client.GrpcClientProtocolClient (GrpcClientProtocolClient.java:onNext(255)) - client-029E50227556->355864cd-7ac5-4934-b366-9756b15dd90f: receive RaftClientReply:client-029E50227556->355864cd-7ac5-4934-b366-9756b15dd90f@group-785BCF25C267, cid=2112, SUCCESS, logIndex=3108, commits[355864cd-7ac5-4934-b366-9756b15dd90f:c3108, ce4aa411-63c8-4399-99eb-27ce352844f3:c3105, 3eeffb0a-787e-48ec-a2f5-d0c540a89489:c3105]
2019-08-21 15:29:52,303 | INFO  | DNAudit | user=null | ip=null | op=WRITE_CHUNK {blockData=conID: 1 locID: 102655681642299946 bcsId: 3104} | ret=SUCCESS |  
2019-08-21 15:29:52,303 | INFO  | DNAudit | user=null | ip=null | op=WRITE_CHUNK {blockData=conID: 1 locID: 102655681642299946 bcsId: 3104} | ret=SUCCESS |  
2019-08-21 15:29:52,303 | INFO  | DNAudit | user=null | ip=null | op=PUT_BLOCK {blockData=[blockId=conID: 1 locID: 102655681642299946 bcsId: 0,size=4194304]} | ret=SUCCESS |  
2019-08-21 15:29:52,306 | INFO  | DNAudit | user=null | ip=null | op=PUT_BLOCK {blockData=[blockId=conID: 1 locID: 102655681642299946 bcsId: 0,size=4194304]} | ret=SUCCESS |  
2019-08-21 15:29:52,306 [grpc-default-executor-0] INFO  client.GrpcClientProtocolClient (GrpcClientProtocolClient.java:onNext(255)) - client-029E50227556->355864cd-7ac5-4934-b366-9756b15dd90f: receive RaftClientReply:client-029E50227556->355864cd-7ac5-4934-b366-9756b15dd90f@group-785BCF25C267, cid=2113, SUCCESS, logIndex=0, commits[355864cd-7ac5-4934-b366-9756b15dd90f:c3110, ce4aa411-63c8-4399-99eb-27ce352844f3:c3108, 3eeffb0a-787e-48ec-a2f5-d0c540a89489:c3108]
2019-08-21 15:29:52,310 | INFO  | SCMAudit | user=jenkins1000 | ip=192.168.5.153 | op=ALLOCATE_BLOCK {owner=78849ec2-2b05-45d8-8cb5-e95e2230dbd1, size=4194304, type=RATIS, factor=THREE} | ret=SUCCESS |  
2019-08-21 15:29:52,312 | INFO  | OMAudit | user=jenkins1000 | ip=127.0.0.1 | op=ALLOCATE_BLOCK {volume=vol-0-32358, bucket=bucket-0-01949, key=key-0-56547, dataSize=0, replicationType=null, replicationFactor=null, keyLocationInfo=null, clientID=102655680532119954} | ret=SUCCESS |  
2019-08-21 15:29:52,318 | INFO  | DNAudit | user=null | ip=null | op=WRITE_CHUNK {blockData=conID: 2 locID: 102655681646428715 bcsId: 0} | ret=SUCCESS |  
2019-08-21 15:29:52,321 | INFO  | DNAudit | user=null | ip=null | op=WRITE_CHUNK {blockData=conID: 2 locID: 102655681646428715 bcsId: 0} | ret=SUCCESS |  
2019-08-21 15:29:52,321 | INFO  | DNAudit | user=null | ip=null | op=WRITE_CHUNK {blockData=conID: 2 locID: 102655681646428715 bcsId: 0} | ret=SUCCESS |  
2019-08-21 15:29:52,321 | INFO  | DNAudit | user=null | ip=null | op=WRITE_CHUNK {blockData=conID: 2 locID: 102655681646428715 bcsId: 0} | ret=SUCCESS |  
2019-08-21 15:29:52,322 | INFO  | DNAudit | user=null | ip=null | op=WRITE_CHUNK {blockData=conID: 2 locID: 102655681646428715 bcsId: 0} | ret=SUCCESS |  
2019-08-21 15:29:52,323 | INFO  | DNAudit | user=null | ip=null | op=WRITE_CHUNK {blockData=conID: 2 locID: 102655681646428715 bcsId: 0} | ret=SUCCESS |  
2019-08-21 15:29:52,330 | INFO  | DNAudit | user=null | ip=null | op=WRITE_CHUNK {blockData=conID: 2 locID: 102655681646428715 bcsId: 0} | ret=SUCCESS |  
2019-08-21 15:29:52,331 | INFO  | DNAudit | user=null | ip=null | op=PUT_BLOCK {blockData=[blockId=conID: 2 locID: 102655681646428715 bcsId: 0,size=1048576]} | ret=SUCCESS |  
2019-08-21 15:29:52,331 [grpc-default-executor-0] INFO  client.GrpcClientProtocolClient (GrpcClientProtocolClient.java:onNext(255)) - client-029E50227556->355864cd-7ac5-4934-b366-9756b15dd90f: receive RaftClientReply:client-029E50227556->355864cd-7ac5-4934-b366-9756b15dd90f@group-785BCF25C267, cid=2114, SUCCESS, logIndex=3111, commits[355864cd-7ac5-4934-b366-9756b15dd90f:c3114, ce4aa411-63c8-4399-99eb-27ce352844f3:c3110, 3eeffb0a-787e-48ec-a2f5-d0c540a89489:c3110]
2019-08-21 15:29:52,331 | INFO  | DNAudit | user=null | ip=null | op=WRITE_CHUNK {blockData=conID: 2 locID: 102655681646428715 bcsId: 0} | ret=SUCCESS |  
2019-08-21 15:29:52,332 [grpc-default-executor-0] INFO  client.GrpcClientProtocolClient (GrpcClientProtocolClient.java:onNext(255)) - client-029E50227556->355864cd-7ac5-4934-b366-9756b15dd90f: receive RaftClientReply:client-029E50227556->355864cd-7ac5-4934-b366-9756b15dd90f@group-785BCF25C267, cid=2115, SUCCESS, logIndex=3112, commits[355864cd-7ac5-4934-b366-9756b15dd90f:c3114, ce4aa411-63c8-4399-99eb-27ce352844f3:c3110, 3eeffb0a-787e-48ec-a2f5-d0c540a89489:c3110]
2019-08-21 15:29:52,332 | INFO  | DNAudit | user=null | ip=null | op=WRITE_CHUNK {blockData=conID: 2 locID: 102655681646428715 bcsId: 0} | ret=SUCCESS |  
2019-08-21 15:29:52,332 | INFO  | DNAudit | user=null | ip=null | op=PUT_BLOCK {blockData=[blockId=conID: 2 locID: 102655681646428715 bcsId: 0,size=2097152]} | ret=SUCCESS |  
2019-08-21 15:29:52,332 [grpc-default-executor-0] INFO  client.GrpcClientProtocolClient (GrpcClientProtocolClient.java:onNext(255)) - client-029E50227556->355864cd-7ac5-4934-b366-9756b15dd90f: receive RaftClientReply:client-029E50227556->355864cd-7ac5-4934-b366-9756b15dd90f@group-785BCF25C267, cid=2116, SUCCESS, logIndex=3113, commits[355864cd-7ac5-4934-b366-9756b15dd90f:c3114, ce4aa411-63c8-4399-99eb-27ce352844f3:c3110, 3eeffb0a-787e-48ec-a2f5-d0c540a89489:c3110]
2019-08-21 15:29:52,332 | INFO  | DNAudit | user=null | ip=null | op=WRITE_CHUNK {blockData=conID: 2 locID: 102655681646428715 bcsId: 0} | ret=SUCCESS |  
2019-08-21 15:29:52,332 [grpc-default-executor-0] INFO  client.GrpcClientProtocolClient (GrpcClientProtocolClient.java:onNext(255)) - client-029E50227556->355864cd-7ac5-4934-b366-9756b15dd90f: receive RaftClientReply:client-029E50227556->355864cd-7ac5-4934-b366-9756b15dd90f@group-785BCF25C267, cid=2117, SUCCESS, logIndex=3114, commits[355864cd-7ac5-4934-b366-9756b15dd90f:c3115, ce4aa411-63c8-4399-99eb-27ce352844f3:c3111, 3eeffb0a-787e-48ec-a2f5-d0c540a89489:c3110]
2019-08-21 15:29:52,333 | INFO  | DNAudit | user=null | ip=null | op=PUT_BLOCK {blockData=[blockId=conID: 2 locID: 102655681646428715 bcsId: 0,size=1048576]} | ret=SUCCESS |  
2019-08-21 15:29:52,333 | INFO  | DNAudit | user=null | ip=null | op=WRITE_CHUNK {blockData=conID: 2 locID: 102655681646428715 bcsId: 0} | ret=SUCCESS |  
2019-08-21 15:29:52,333 | INFO  | DNAudit | user=null | ip=null | op=PUT_BLOCK {blockData=[blockId=conID: 2 locID: 102655681646428715 bcsId: 0,size=2097152]} | ret=SUCCESS |  
2019-08-21 15:29:52,334 | INFO  | DNAudit | user=null | ip=null | op=PUT_BLOCK {blockData=[blockId=conID: 2 locID: 102655681646428715 bcsId: 0,size=1048576]} | ret=SUCCESS |  
2019-08-21 15:29:52,335 | INFO  | DNAudit | user=null | ip=null | op=WRITE_CHUNK {blockData=conID: 2 locID: 102655681646428715 bcsId: 0} | ret=SUCCESS |  
2019-08-21 15:29:52,335 | INFO  | DNAudit | user=null | ip=null | op=PUT_BLOCK {blockData=[blockId=conID: 2 locID: 102655681646428715 bcsId: 0,size=2097152]} | ret=SUCCESS |  
2019-08-21 15:29:52,335 [grpc-default-executor-0] INFO  client.GrpcClientProtocolClient (GrpcClientProtocolClient.java:onNext(255)) - client-029E50227556->355864cd-7ac5-4934-b366-9756b15dd90f: receive RaftClientReply:client-029E50227556->355864cd-7ac5-4934-b366-9756b15dd90f@group-785BCF25C267, cid=2118, SUCCESS, logIndex=0, commits[355864cd-7ac5-4934-b366-9756b15dd90f:c3118, ce4aa411-63c8-4399-99eb-27ce352844f3:c3112, 3eeffb0a-787e-48ec-a2f5-d0c540a89489:c3114]
2019-08-21 15:29:52,340 | INFO  | DNAudit | user=null | ip=null | op=WRITE_CHUNK {blockData=conID: 2 locID: 102655681646428715 bcsId: 3114} | ret=SUCCESS |  
2019-08-21 15:29:52,343 | INFO  | DNAudit | user=null | ip=null | op=WRITE_CHUNK {blockData=conID: 2 locID: 102655681646428715 bcsId: 3114} | ret=SUCCESS |  
2019-08-21 15:29:52,343 | INFO  | DNAudit | user=null | ip=null | op=WRITE_CHUNK {blockData=conID: 2 locID: 102655681646428715 bcsId: 3114} | ret=SUCCESS |  
2019-08-21 15:29:52,352 | INFO  | DNAudit | user=null | ip=null | op=WRITE_CHUNK {blockData=conID: 2 locID: 102655681646428715 bcsId: 3114} | ret=SUCCESS |  
2019-08-21 15:29:52,353 | INFO  | DNAudit | user=null | ip=null | op=PUT_BLOCK {blockData=[blockId=conID: 2 locID: 102655681646428715 bcsId: 0,size=3145728]} | ret=SUCCESS |  
2019-08-21 15:29:52,353 [grpc-default-executor-0] INFO  client.GrpcClientProtocolClient (GrpcClientProtocolClient.java:onNext(255)) - client-029E50227556->355864cd-7ac5-4934-b366-9756b15dd90f: receive RaftClientReply:client-029E50227556->355864cd-7ac5-4934-b366-9756b15dd90f@group-785BCF25C267, cid=2119, SUCCESS, logIndex=3119, commits[355864cd-7ac5-4934-b366-9756b15dd90f:c3120, ce4aa411-63c8-4399-99eb-27ce352844f3:c3118, 3eeffb0a-787e-48ec-a2f5-d0c540a89489:c3118]
2019-08-21 15:29:52,353 [grpc-default-executor-0] INFO  client.GrpcClientProtocolClient (GrpcClientProtocolClient.java:onNext(255)) - client-029E50227556->355864cd-7ac5-4934-b366-9756b15dd90f: receive RaftClientReply:client-029E50227556->355864cd-7ac5-4934-b366-9756b15dd90f@group-785BCF25C267, cid=2120, SUCCESS, logIndex=3120, commits[355864cd-7ac5-4934-b366-9756b15dd90f:c3120, ce4aa411-63c8-4399-99eb-27ce352844f3:c3118, 3eeffb0a-787e-48ec-a2f5-d0c540a89489:c3118]
2019-08-21 15:29:52,358 | INFO  | DNAudit | user=null | ip=null | op=WRITE_CHUNK {blockData=conID: 2 locID: 102655681646428715 bcsId: 3120} | ret=SUCCESS |  
2019-08-21 15:29:52,361 | INFO  | DNAudit | user=null | ip=null | op=WRITE_CHUNK {blockData=conID: 2 locID: 102655681646428715 bcsId: 3120} | ret=SUCCESS |  
2019-08-21 15:29:52,361 | INFO  | DNAudit | user=null | ip=null | op=WRITE_CHUNK {blockData=conID: 2 locID: 102655681646428715 bcsId: 3120} | ret=SUCCESS |  
2019-08-21 15:29:52,372 | INFO  | DNAudit | user=null | ip=null | op=WRITE_CHUNK {blockData=conID: 2 locID: 102655681646428715 bcsId: 3114} | ret=SUCCESS |  
2019-08-21 15:29:52,373 | INFO  | DNAudit | user=null | ip=null | op=WRITE_CHUNK {blockData=conID: 2 locID: 102655681646428715 bcsId: 3114} | ret=SUCCESS |  
2019-08-21 15:29:52,373 | INFO  | DNAudit | user=null | ip=null | op=PUT_BLOCK {blockData=[blockId=conID: 2 locID: 102655681646428715 bcsId: 0,size=3145728]} | ret=SUCCESS |  
2019-08-21 15:29:52,374 | INFO  | DNAudit | user=null | ip=null | op=WRITE_CHUNK {blockData=conID: 2 locID: 102655681646428715 bcsId: 3120} | ret=SUCCESS |  
2019-08-21 15:29:52,374 | INFO  | DNAudit | user=null | ip=null | op=PUT_BLOCK {blockData=[blockId=conID: 2 locID: 102655681646428715 bcsId: 0,size=3145728]} | ret=SUCCESS |  
2019-08-21 15:29:52,374 | INFO  | DNAudit | user=null | ip=null | op=PUT_BLOCK {blockData=[blockId=conID: 2 locID: 102655681646428715 bcsId: 0,size=4194304]} | ret=SUCCESS |  
2019-08-21 15:29:52,374 [grpc-default-executor-0] INFO  client.GrpcClientProtocolClient (GrpcClientProtocolClient.java:onNext(255)) - client-029E50227556->355864cd-7ac5-4934-b366-9756b15dd90f: receive RaftClientReply:client-029E50227556->355864cd-7ac5-4934-b366-9756b15dd90f@group-785BCF25C267, cid=2121, SUCCESS, logIndex=3123, commits[355864cd-7ac5-4934-b366-9756b15dd90f:c3124, ce4aa411-63c8-4399-99eb-27ce352844f3:c3120, 3eeffb0a-787e-48ec-a2f5-d0c540a89489:c3119]
2019-08-21 15:29:52,375 [grpc-default-executor-0] INFO  client.GrpcClientProtocolClient (GrpcClientProtocolClient.java:onNext(255)) - client-029E50227556->355864cd-7ac5-4934-b366-9756b15dd90f: receive RaftClientReply:client-029E50227556->355864cd-7ac5-4934-b366-9756b15dd90f@group-785BCF25C267, cid=2122, SUCCESS, logIndex=3124, commits[355864cd-7ac5-4934-b366-9756b15dd90f:c3124, ce4aa411-63c8-4399-99eb-27ce352844f3:c3120, 3eeffb0a-787e-48ec-a2f5-d0c540a89489:c3120]
2019-08-21 15:29:52,384 | INFO  | DNAudit | user=null | ip=null | op=WRITE_CHUNK {blockData=conID: 2 locID: 102655681646428715 bcsId: 3120} | ret=SUCCESS |  
2019-08-21 15:29:52,384 | INFO  | DNAudit | user=null | ip=null | op=WRITE_CHUNK {blockData=conID: 2 locID: 102655681646428715 bcsId: 3120} | ret=SUCCESS |  
2019-08-21 15:29:52,384 | INFO  | DNAudit | user=null | ip=null | op=PUT_BLOCK {blockData=[blockId=conID: 2 locID: 102655681646428715 bcsId: 0,size=4194304]} | ret=SUCCESS |  
2019-08-21 15:29:52,384 | INFO  | DNAudit | user=null | ip=null | op=PUT_BLOCK {blockData=[blockId=conID: 2 locID: 102655681646428715 bcsId: 0,size=4194304]} | ret=SUCCESS |  
2019-08-21 15:29:52,385 [grpc-default-executor-0] INFO  client.GrpcClientProtocolClient (GrpcClientProtocolClient.java:onNext(255)) - client-029E50227556->355864cd-7ac5-4934-b366-9756b15dd90f: receive RaftClientReply:client-029E50227556->355864cd-7ac5-4934-b366-9756b15dd90f@group-785BCF25C267, cid=2123, SUCCESS, logIndex=0, commits[355864cd-7ac5-4934-b366-9756b15dd90f:c3125, ce4aa411-63c8-4399-99eb-27ce352844f3:c3124, 3eeffb0a-787e-48ec-a2f5-d0c540a89489:c3124]
2019-08-21 15:29:52,390 | INFO  | SCMAudit | user=jenkins1000 | ip=192.168.5.153 | op=ALLOCATE_BLOCK {owner=78849ec2-2b05-45d8-8cb5-e95e2230dbd1, size=4194304, type=RATIS, factor=THREE} | ret=SUCCESS |  
2019-08-21 15:29:52,393 | INFO  | OMAudit | user=jenkins1000 | ip=127.0.0.1 | op=ALLOCATE_BLOCK {volume=vol-0-32358, bucket=bucket-0-01949, key=key-0-56547, dataSize=0, replicationType=null, replicationFactor=null, keyLocationInfo=null, clientID=102655680532119954} | ret=SUCCESS |  
2019-08-21 15:29:52,399 | INFO  | DNAudit | user=null | ip=null | op=WRITE_CHUNK {blockData=conID: 3 locID: 102655681651671596 bcsId: 0} | ret=SUCCESS |  
2019-08-21 15:29:52,401 | INFO  | DNAudit | user=null | ip=null | op=WRITE_CHUNK {blockData=conID: 3 locID: 102655681651671596 bcsId: 0} | ret=SUCCESS |  
2019-08-21 15:29:52,401 | INFO  | DNAudit | user=null | ip=null | op=WRITE_CHUNK {blockData=conID: 3 locID: 102655681651671596 bcsId: 0} | ret=SUCCESS |  
2019-08-21 15:29:52,402 | INFO  | DNAudit | user=null | ip=null | op=WRITE_CHUNK {blockData=conID: 3 locID: 102655681651671596 bcsId: 0} | ret=SUCCESS |  
2019-08-21 15:29:52,403 | INFO  | DNAudit | user=null | ip=null | op=WRITE_CHUNK {blockData=conID: 3 locID: 102655681651671596 bcsId: 0} | ret=SUCCESS |  
2019-08-21 15:29:52,403 | INFO  | DNAudit | user=null | ip=null | op=WRITE_CHUNK {blockData=conID: 3 locID: 102655681651671596 bcsId: 0} | ret=SUCCESS |  
2019-08-21 15:29:52,413 | INFO  | DNAudit | user=null | ip=null | op=WRITE_CHUNK {blockData=conID: 3 locID: 102655681651671596 bcsId: 0} | ret=SUCCESS |  
2019-08-21 15:29:52,414 | INFO  | DNAudit | user=null | ip=null | op=PUT_BLOCK {blockData=[blockId=conID: 3 locID: 102655681651671596 bcsId: 0,size=1048576]} | ret=SUCCESS |  
2019-08-21 15:29:52,414 [grpc-default-executor-0] INFO  client.GrpcClientProtocolClient (GrpcClientProtocolClient.java:onNext(255)) - client-029E50227556->355864cd-7ac5-4934-b366-9756b15dd90f: receive RaftClientReply:client-029E50227556->355864cd-7ac5-4934-b366-9756b15dd90f@group-785BCF25C267, cid=2124, SUCCESS, logIndex=3126, commits[355864cd-7ac5-4934-b366-9756b15dd90f:c3129, ce4aa411-63c8-4399-99eb-27ce352844f3:c3125, 3eeffb0a-787e-48ec-a2f5-d0c540a89489:c3125]
2019-08-21 15:29:52,414 | INFO  | DNAudit | user=null | ip=null | op=WRITE_CHUNK {blockData=conID: 3 locID: 102655681651671596 bcsId: 0} | ret=SUCCESS |  
2019-08-21 15:29:52,414 | INFO  | DNAudit | user=null | ip=null | op=PUT_BLOCK {blockData=[blockId=conID: 3 locID: 102655681651671596 bcsId: 0,size=2097152]} | ret=SUCCESS |  
2019-08-21 15:29:52,414 [grpc-default-executor-0] INFO  client.GrpcClientProtocolClient (GrpcClientProtocolClient.java:onNext(255)) - client-029E50227556->355864cd-7ac5-4934-b366-9756b15dd90f: receive RaftClientReply:client-029E50227556->355864cd-7ac5-4934-b366-9756b15dd90f@group-785BCF25C267, cid=2125, SUCCESS, logIndex=3127, commits[355864cd-7ac5-4934-b366-9756b15dd90f:c3129, ce4aa411-63c8-4399-99eb-27ce352844f3:c3125, 3eeffb0a-787e-48ec-a2f5-d0c540a89489:c3125]
2019-08-21 15:29:52,415 [grpc-default-executor-0] INFO  client.GrpcClientProtocolClient (GrpcClientProtocolClient.java:onNext(255)) - client-029E50227556->355864cd-7ac5-4934-b366-9756b15dd90f: receive RaftClientReply:client-029E50227556->355864cd-7ac5-4934-b366-9756b15dd90f@group-785BCF25C267, cid=2126, SUCCESS, logIndex=3128, commits[355864cd-7ac5-4934-b366-9756b15dd90f:c3129, ce4aa411-63c8-4399-99eb-27ce352844f3:c3125, 3eeffb0a-787e-48ec-a2f5-d0c540a89489:c3125]
2019-08-21 15:29:52,415 [grpc-default-executor-0] INFO  client.GrpcClientProtocolClient (GrpcClientProtocolClient.java:onNext(255)) - client-029E50227556->355864cd-7ac5-4934-b366-9756b15dd90f: receive RaftClientReply:client-029E50227556->355864cd-7ac5-4934-b366-9756b15dd90f@group-785BCF25C267, cid=2127, SUCCESS, logIndex=3129, commits[355864cd-7ac5-4934-b366-9756b15dd90f:c3129, ce4aa411-63c8-4399-99eb-27ce352844f3:c3125, 3eeffb0a-787e-48ec-a2f5-d0c540a89489:c3125]
2019-08-21 15:29:52,425 | INFO  | DNAudit | user=null | ip=null | op=WRITE_CHUNK {blockData=conID: 3 locID: 102655681651671596 bcsId: 0} | ret=SUCCESS |  
2019-08-21 15:29:52,425 | INFO  | DNAudit | user=null | ip=null | op=WRITE_CHUNK {blockData=conID: 3 locID: 102655681651671596 bcsId: 0} | ret=SUCCESS |  
2019-08-21 15:29:52,426 | INFO  | DNAudit | user=null | ip=null | op=PUT_BLOCK {blockData=[blockId=conID: 3 locID: 102655681651671596 bcsId: 0,size=1048576]} | ret=SUCCESS |  
2019-08-21 15:29:52,426 | INFO  | DNAudit | user=null | ip=null | op=WRITE_CHUNK {blockData=conID: 3 locID: 102655681651671596 bcsId: 0} | ret=SUCCESS |  
2019-08-21 15:29:52,426 | INFO  | DNAudit | user=null | ip=null | op=PUT_BLOCK {blockData=[blockId=conID: 3 locID: 102655681651671596 bcsId: 0,size=2097152]} | ret=SUCCESS |  
2019-08-21 15:29:52,434 | INFO  | DNAudit | user=null | ip=null | op=PUT_BLOCK {blockData=[blockId=conID: 3 locID: 102655681651671596 bcsId: 0,size=1048576]} | ret=SUCCESS |  
2019-08-21 15:29:52,435 | INFO  | DNAudit | user=null | ip=null | op=WRITE_CHUNK {blockData=conID: 3 locID: 102655681651671596 bcsId: 0} | ret=SUCCESS |  
2019-08-21 15:29:52,435 | INFO  | DNAudit | user=null | ip=null | op=PUT_BLOCK {blockData=[blockId=conID: 3 locID: 102655681651671596 bcsId: 0,size=2097152]} | ret=SUCCESS |  
2019-08-21 15:29:52,435 [grpc-default-executor-0] INFO  client.GrpcClientProtocolClient (GrpcClientProtocolClient.java:onNext(255)) - client-029E50227556->355864cd-7ac5-4934-b366-9756b15dd90f: receive RaftClientReply:client-029E50227556->355864cd-7ac5-4934-b366-9756b15dd90f@group-785BCF25C267, cid=2128, SUCCESS, logIndex=0, commits[355864cd-7ac5-4934-b366-9756b15dd90f:c3133, ce4aa411-63c8-4399-99eb-27ce352844f3:c3129, 3eeffb0a-787e-48ec-a2f5-d0c540a89489:c3127]
2019-08-21 15:29:52,441 | INFO  | DNAudit | user=null | ip=null | op=WRITE_CHUNK {blockData=conID: 3 locID: 102655681651671596 bcsId: 3129} | ret=SUCCESS |  
2019-08-21 15:29:52,443 | INFO  | DNAudit | user=null | ip=null | op=WRITE_CHUNK {blockData=conID: 3 locID: 102655681651671596 bcsId: 3129} | ret=SUCCESS |  
2019-08-21 15:29:52,443 | INFO  | DNAudit | user=null | ip=null | op=WRITE_CHUNK {blockData=conID: 3 locID: 102655681651671596 bcsId: 3129} | ret=SUCCESS |  
2019-08-21 15:29:52,453 | INFO  | DNAudit | user=null | ip=null | op=WRITE_CHUNK {blockData=conID: 3 locID: 102655681651671596 bcsId: 3129} | ret=SUCCESS |  
2019-08-21 15:29:52,453 | INFO  | DNAudit | user=null | ip=null | op=PUT_BLOCK {blockData=[blockId=conID: 3 locID: 102655681651671596 bcsId: 0,size=3145728]} | ret=SUCCESS |  
2019-08-21 15:29:52,453 [grpc-default-executor-4] INFO  client.GrpcClientProtocolClient (GrpcClientProtocolClient.java:onNext(255)) - client-029E50227556->355864cd-7ac5-4934-b366-9756b15dd90f: receive RaftClientReply:client-029E50227556->355864cd-7ac5-4934-b366-9756b15dd90f@group-785BCF25C267, cid=2129, SUCCESS, logIndex=3134, commits[355864cd-7ac5-4934-b366-9756b15dd90f:c3135, ce4aa411-63c8-4399-99eb-27ce352844f3:c3133, 3eeffb0a-787e-48ec-a2f5-d0c540a89489:c3133]
2019-08-21 15:29:52,454 [grpc-default-executor-4] INFO  client.GrpcClientProtocolClient (GrpcClientProtocolClient.java:onNext(255)) - client-029E50227556->355864cd-7ac5-4934-b366-9756b15dd90f: receive RaftClientReply:client-029E50227556->355864cd-7ac5-4934-b366-9756b15dd90f@group-785BCF25C267, cid=2130, SUCCESS, logIndex=3135, commits[355864cd-7ac5-4934-b366-9756b15dd90f:c3135, ce4aa411-63c8-4399-99eb-27ce352844f3:c3133, 3eeffb0a-787e-48ec-a2f5-d0c540a89489:c3133]
2019-08-21 15:29:52,460 | INFO  | DNAudit | user=null | ip=null | op=WRITE_CHUNK {blockData=conID: 3 locID: 102655681651671596 bcsId: 3135} | ret=SUCCESS |  
2019-08-21 15:29:52,462 | INFO  | DNAudit | user=null | ip=null | op=WRITE_CHUNK {blockData=conID: 3 locID: 102655681651671596 bcsId: 3135} | ret=SUCCESS |  
2019-08-21 15:29:52,462 | INFO  | DNAudit | user=null | ip=null | op=WRITE_CHUNK {blockData=conID: 3 locID: 102655681651671596 bcsId: 3135} | ret=SUCCESS |  
2019-08-21 15:29:52,464 | INFO  | DNAudit | user=null | ip=null | op=WRITE_CHUNK {blockData=conID: 3 locID: 102655681651671596 bcsId: 3129} | ret=SUCCESS |  
2019-08-21 15:29:52,464 | INFO  | DNAudit | user=null | ip=null | op=WRITE_CHUNK {blockData=conID: 3 locID: 102655681651671596 bcsId: 3129} | ret=SUCCESS |  
2019-08-21 15:29:52,467 | INFO  | DNAudit | user=null | ip=null | op=PUT_BLOCK {blockData=[blockId=conID: 3 locID: 102655681651671596 bcsId: 0,size=3145728]} | ret=SUCCESS |  
2019-08-21 15:29:52,467 | INFO  | DNAudit | user=null | ip=null | op=PUT_BLOCK {blockData=[blockId=conID: 3 locID: 102655681651671596 bcsId: 0,size=3145728]} | ret=SUCCESS |  
2019-08-21 15:29:52,467 | INFO  | DNAudit | user=null | ip=null | op=WRITE_CHUNK {blockData=conID: 3 locID: 102655681651671596 bcsId: 3135} | ret=SUCCESS |  
2019-08-21 15:29:52,468 | INFO  | DNAudit | user=null | ip=null | op=PUT_BLOCK {blockData=[blockId=conID: 3 locID: 102655681651671596 bcsId: 0,size=4194304]} | ret=SUCCESS |  
2019-08-21 15:29:52,468 [grpc-default-executor-3] INFO  client.GrpcClientProtocolClient (GrpcClientProtocolClient.java:onNext(255)) - client-029E50227556->355864cd-7ac5-4934-b366-9756b15dd90f: receive RaftClientReply:client-029E50227556->355864cd-7ac5-4934-b366-9756b15dd90f@group-785BCF25C267, cid=2131, SUCCESS, logIndex=3138, commits[355864cd-7ac5-4934-b366-9756b15dd90f:c3139, ce4aa411-63c8-4399-99eb-27ce352844f3:c3135, 3eeffb0a-787e-48ec-a2f5-d0c540a89489:c3135]
2019-08-21 15:29:52,468 [grpc-default-executor-3] INFO  client.GrpcClientProtocolClient (GrpcClientProtocolClient.java:onNext(255)) - client-029E50227556->355864cd-7ac5-4934-b366-9756b15dd90f: receive RaftClientReply:client-029E50227556->355864cd-7ac5-4934-b366-9756b15dd90f@group-785BCF25C267, cid=2132, SUCCESS, logIndex=3139, commits[355864cd-7ac5-4934-b366-9756b15dd90f:c3139, ce4aa411-63c8-4399-99eb-27ce352844f3:c3135, 3eeffb0a-787e-48ec-a2f5-d0c540a89489:c3135]
2019-08-21 15:29:52,479 | INFO  | DNAudit | user=null | ip=null | op=WRITE_CHUNK {blockData=conID: 3 locID: 102655681651671596 bcsId: 3135} | ret=SUCCESS |  
2019-08-21 15:29:52,479 | INFO  | DNAudit | user=null | ip=null | op=WRITE_CHUNK {blockData=conID: 3 locID: 102655681651671596 bcsId: 3135} | ret=SUCCESS |  
2019-08-21 15:29:52,479 | INFO  | DNAudit | user=null | ip=null | op=PUT_BLOCK {blockData=[blockId=conID: 3 locID: 102655681651671596 bcsId: 0,size=4194304]} | ret=SUCCESS |  
2019-08-21 15:29:52,479 | INFO  | DNAudit | user=null | ip=null | op=PUT_BLOCK {blockData=[blockId=conID: 3 locID: 102655681651671596 bcsId: 0,size=4194304]} | ret=SUCCESS |  
2019-08-21 15:29:52,479 [grpc-default-executor-0] INFO  client.GrpcClientProtocolClient (GrpcClientProtocolClient.java:onNext(255)) - client-029E50227556->355864cd-7ac5-4934-b366-9756b15dd90f: receive RaftClientReply:client-029E50227556->355864cd-7ac5-4934-b366-9756b15dd90f@group-785BCF25C267, cid=2133, SUCCESS, logIndex=0, commits[355864cd-7ac5-4934-b366-9756b15dd90f:c3139, ce4aa411-63c8-4399-99eb-27ce352844f3:c3139, 3eeffb0a-787e-48ec-a2f5-d0c540a89489:c3139]
2019-08-21 15:29:52,484 | INFO  | SCMAudit | user=jenkins1000 | ip=192.168.5.153 | op=ALLOCATE_BLOCK {owner=78849ec2-2b05-45d8-8cb5-e95e2230dbd1, size=4194304, type=RATIS, factor=THREE} | ret=SUCCESS |  
2019-08-21 15:29:52,486 | INFO  | OMAudit | user=jenkins1000 | ip=127.0.0.1 | op=ALLOCATE_BLOCK {volume=vol-0-32358, bucket=bucket-0-01949, key=key-0-56547, dataSize=0, replicationType=null, replicationFactor=null, keyLocationInfo=null, clientID=102655680532119954} | ret=SUCCESS |  
2019-08-21 15:29:52,492 | INFO  | DNAudit | user=null | ip=null | op=WRITE_CHUNK {blockData=conID: 1 locID: 102655681657831981 bcsId: 0} | ret=SUCCESS |  
2019-08-21 15:29:52,494 | INFO  | DNAudit | user=null | ip=null | op=WRITE_CHUNK {blockData=conID: 1 locID: 102655681657831981 bcsId: 0} | ret=SUCCESS |  
2019-08-21 15:29:52,494 | INFO  | DNAudit | user=null | ip=null | op=WRITE_CHUNK {blockData=conID: 1 locID: 102655681657831981 bcsId: 0} | ret=SUCCESS |  
2019-08-21 15:29:52,495 | INFO  | DNAudit | user=null | ip=null | op=WRITE_CHUNK {blockData=conID: 1 locID: 102655681657831981 bcsId: 0} | ret=SUCCESS |  
2019-08-21 15:29:52,497 | INFO  | DNAudit | user=null | ip=null | op=WRITE_CHUNK {blockData=conID: 1 locID: 102655681657831981 bcsId: 0} | ret=SUCCESS |  
2019-08-21 15:29:52,497 | INFO  | DNAudit | user=null | ip=null | op=WRITE_CHUNK {blockData=conID: 1 locID: 102655681657831981 bcsId: 0} | ret=SUCCESS |  
2019-08-21 15:29:52,507 | INFO  | DNAudit | user=null | ip=null | op=WRITE_CHUNK {blockData=conID: 1 locID: 102655681657831981 bcsId: 0} | ret=SUCCESS |  
2019-08-21 15:29:52,507 | INFO  | DNAudit | user=null | ip=null | op=PUT_BLOCK {blockData=[blockId=conID: 1 locID: 102655681657831981 bcsId: 0,size=1048576]} | ret=SUCCESS |  
2019-08-21 15:29:52,508 [grpc-default-executor-0] INFO  client.GrpcClientProtocolClient (GrpcClientProtocolClient.java:onNext(255)) - client-029E50227556->355864cd-7ac5-4934-b366-9756b15dd90f: receive RaftClientReply:client-029E50227556->355864cd-7ac5-4934-b366-9756b15dd90f@group-785BCF25C267, cid=2134, SUCCESS, logIndex=3142, commits[355864cd-7ac5-4934-b366-9756b15dd90f:c3143, ce4aa411-63c8-4399-99eb-27ce352844f3:c3141, 3eeffb0a-787e-48ec-a2f5-d0c540a89489:c3141]
2019-08-21 15:29:52,508 | INFO  | DNAudit | user=null | ip=null | op=WRITE_CHUNK {blockData=conID: 1 locID: 102655681657831981 bcsId: 0} | ret=SUCCESS |  
2019-08-21 15:29:52,508 | INFO  | DNAudit | user=null | ip=null | op=PUT_BLOCK {blockData=[blockId=conID: 1 locID: 102655681657831981 bcsId: 0,size=2097152]} | ret=SUCCESS |  
2019-08-21 15:29:52,508 [grpc-default-executor-4] INFO  client.GrpcClientProtocolClient (GrpcClientProtocolClient.java:onNext(255)) - client-029E50227556->355864cd-7ac5-4934-b366-9756b15dd90f: receive RaftClientReply:client-029E50227556->355864cd-7ac5-4934-b366-9756b15dd90f@group-785BCF25C267, cid=2135, SUCCESS, logIndex=3143, commits[355864cd-7ac5-4934-b366-9756b15dd90f:c3143, ce4aa411-63c8-4399-99eb-27ce352844f3:c3141, 3eeffb0a-787e-48ec-a2f5-d0c540a89489:c3141]
2019-08-21 15:29:52,508 [grpc-default-executor-4] INFO  client.GrpcClientProtocolClient (GrpcClientProtocolClient.java:onNext(255)) - client-029E50227556->355864cd-7ac5-4934-b366-9756b15dd90f: receive RaftClientReply:client-029E50227556->355864cd-7ac5-4934-b366-9756b15dd90f@group-785BCF25C267, cid=2136, SUCCESS, logIndex=3144, commits[355864cd-7ac5-4934-b366-9756b15dd90f:c3145, ce4aa411-63c8-4399-99eb-27ce352844f3:c3141, 3eeffb0a-787e-48ec-a2f5-d0c540a89489:c3141]
2019-08-21 15:29:52,509 [grpc-default-executor-3] INFO  client.GrpcClientProtocolClient (GrpcClientProtocolClient.java:onNext(255)) - client-029E50227556->355864cd-7ac5-4934-b366-9756b15dd90f: receive RaftClientReply:client-029E50227556->355864cd-7ac5-4934-b366-9756b15dd90f@group-785BCF25C267, cid=2137, SUCCESS, logIndex=3145, commits[355864cd-7ac5-4934-b366-9756b15dd90f:c3145, ce4aa411-63c8-4399-99eb-27ce352844f3:c3141, 3eeffb0a-787e-48ec-a2f5-d0c540a89489:c3141]
2019-08-21 15:29:52,528 | INFO  | DNAudit | user=null | ip=null | op=WRITE_CHUNK {blockData=conID: 1 locID: 102655681657831981 bcsId: 0} | ret=SUCCESS |  
2019-08-21 15:29:52,528 | INFO  | DNAudit | user=null | ip=null | op=WRITE_CHUNK {blockData=conID: 1 locID: 102655681657831981 bcsId: 0} | ret=SUCCESS |  
2019-08-21 15:29:52,529 | INFO  | DNAudit | user=null | ip=null | op=PUT_BLOCK {blockData=[blockId=conID: 1 locID: 102655681657831981 bcsId: 0,size=1048576]} | ret=SUCCESS |  
2019-08-21 15:29:52,529 | INFO  | DNAudit | user=null | ip=null | op=WRITE_CHUNK {blockData=conID: 1 locID: 102655681657831981 bcsId: 0} | ret=SUCCESS |  
2019-08-21 15:29:52,529 | INFO  | DNAudit | user=null | ip=null | op=PUT_BLOCK {blockData=[blockId=conID: 1 locID: 102655681657831981 bcsId: 0,size=1048576]} | ret=SUCCESS |  
2019-08-21 15:29:52,529 | INFO  | DNAudit | user=null | ip=null | op=PUT_BLOCK {blockData=[blockId=conID: 1 locID: 102655681657831981 bcsId: 0,size=2097152]} | ret=SUCCESS |  
2019-08-21 15:29:52,529 | INFO  | DNAudit | user=null | ip=null | op=WRITE_CHUNK {blockData=conID: 1 locID: 102655681657831981 bcsId: 0} | ret=SUCCESS |  
2019-08-21 15:29:52,529 | INFO  | DNAudit | user=null | ip=null | op=PUT_BLOCK {blockData=[blockId=conID: 1 locID: 102655681657831981 bcsId: 0,size=2097152]} | ret=SUCCESS |  
2019-08-21 15:29:52,529 [grpc-default-executor-3] INFO  client.GrpcClientProtocolClient (GrpcClientProtocolClient.java:onNext(255)) - client-029E50227556->355864cd-7ac5-4934-b366-9756b15dd90f: receive RaftClientReply:client-029E50227556->355864cd-7ac5-4934-b366-9756b15dd90f@group-785BCF25C267, cid=2138, SUCCESS, logIndex=0, commits[355864cd-7ac5-4934-b366-9756b15dd90f:c3149, ce4aa411-63c8-4399-99eb-27ce352844f3:c3145, 3eeffb0a-787e-48ec-a2f5-d0c540a89489:c3143]
2019-08-21 15:29:52,537 | INFO  | DNAudit | user=null | ip=null | op=WRITE_CHUNK {blockData=conID: 1 locID: 102655681657831981 bcsId: 3145} | ret=SUCCESS |  
2019-08-21 15:29:52,539 | INFO  | DNAudit | user=null | ip=null | op=WRITE_CHUNK {blockData=conID: 1 locID: 102655681657831981 bcsId: 3145} | ret=SUCCESS |  
2019-08-21 15:29:52,539 | INFO  | DNAudit | user=null | ip=null | op=WRITE_CHUNK {blockData=conID: 1 locID: 102655681657831981 bcsId: 3145} | ret=SUCCESS |  
2019-08-21 15:29:52,549 | INFO  | DNAudit | user=null | ip=null | op=WRITE_CHUNK {blockData=conID: 1 locID: 102655681657831981 bcsId: 3145} | ret=SUCCESS |  
2019-08-21 15:29:52,549 | INFO  | DNAudit | user=null | ip=null | op=PUT_BLOCK {blockData=[blockId=conID: 1 locID: 102655681657831981 bcsId: 0,size=3145728]} | ret=SUCCESS |  
2019-08-21 15:29:52,549 [grpc-default-executor-0] INFO  client.GrpcClientProtocolClient (GrpcClientProtocolClient.java:onNext(255)) - client-029E50227556->355864cd-7ac5-4934-b366-9756b15dd90f: receive RaftClientReply:client-029E50227556->355864cd-7ac5-4934-b366-9756b15dd90f@group-785BCF25C267, cid=2139, SUCCESS, logIndex=3150, commits[355864cd-7ac5-4934-b366-9756b15dd90f:c3151, ce4aa411-63c8-4399-99eb-27ce352844f3:c3149, 3eeffb0a-787e-48ec-a2f5-d0c540a89489:c3149]
2019-08-21 15:29:52,550 [grpc-default-executor-0] INFO  client.GrpcClientProtocolClient (GrpcClientProtocolClient.java:onNext(255)) - client-029E50227556->355864cd-7ac5-4934-b366-9756b15dd90f: receive RaftClientReply:client-029E50227556->355864cd-7ac5-4934-b366-9756b15dd90f@group-785BCF25C267, cid=2140, SUCCESS, logIndex=3151, commits[355864cd-7ac5-4934-b366-9756b15dd90f:c3151, ce4aa411-63c8-4399-99eb-27ce352844f3:c3149, 3eeffb0a-787e-48ec-a2f5-d0c540a89489:c3149]
2019-08-21 15:29:52,555 | INFO  | DNAudit | user=null | ip=null | op=WRITE_CHUNK {blockData=conID: 1 locID: 102655681657831981 bcsId: 3151} | ret=SUCCESS |  
2019-08-21 15:29:52,558 | INFO  | DNAudit | user=null | ip=null | op=WRITE_CHUNK {blockData=conID: 1 locID: 102655681657831981 bcsId: 3151} | ret=SUCCESS |  
2019-08-21 15:29:52,558 | INFO  | DNAudit | user=null | ip=null | op=WRITE_CHUNK {blockData=conID: 1 locID: 102655681657831981 bcsId: 3151} | ret=SUCCESS |  
2019-08-21 15:29:52,561 | INFO  | DNAudit | user=null | ip=null | op=WRITE_CHUNK {blockData=conID: 1 locID: 102655681657831981 bcsId: 3145} | ret=SUCCESS |  
2019-08-21 15:29:52,561 | INFO  | DNAudit | user=null | ip=null | op=WRITE_CHUNK {blockData=conID: 1 locID: 102655681657831981 bcsId: 3145} | ret=SUCCESS |  
2019-08-21 15:29:52,564 | INFO  | DNAudit | user=null | ip=null | op=PUT_BLOCK {blockData=[blockId=conID: 1 locID: 102655681657831981 bcsId: 0,size=3145728]} | ret=SUCCESS |  
2019-08-21 15:29:52,564 | INFO  | DNAudit | user=null | ip=null | op=PUT_BLOCK {blockData=[blockId=conID: 1 locID: 102655681657831981 bcsId: 0,size=3145728]} | ret=SUCCESS |  
2019-08-21 15:29:52,564 | INFO  | DNAudit | user=null | ip=null | op=WRITE_CHUNK {blockData=conID: 1 locID: 102655681657831981 bcsId: 3151} | ret=SUCCESS |  
2019-08-21 15:29:52,564 | INFO  | DNAudit | user=null | ip=null | op=PUT_BLOCK {blockData=[blockId=conID: 1 locID: 102655681657831981 bcsId: 0,size=4194304]} | ret=SUCCESS |  
2019-08-21 15:29:52,564 [grpc-default-executor-0] INFO  client.GrpcClientProtocolClient (GrpcClientProtocolClient.java:onNext(255)) - client-029E50227556->355864cd-7ac5-4934-b366-9756b15dd90f: receive RaftClientReply:client-029E50227556->355864cd-7ac5-4934-b366-9756b15dd90f@group-785BCF25C267, cid=2141, SUCCESS, logIndex=3154, commits[355864cd-7ac5-4934-b366-9756b15dd90f:c3155, ce4aa411-63c8-4399-99eb-27ce352844f3:c3151, 3eeffb0a-787e-48ec-a2f5-d0c540a89489:c3151]
2019-08-21 15:29:52,565 [grpc-default-executor-0] INFO  client.GrpcClientProtocolClient (GrpcClientProtocolClient.java:onNext(255)) - client-029E50227556->355864cd-7ac5-4934-b366-9756b15dd90f: receive RaftClientReply:client-029E50227556->355864cd-7ac5-4934-b366-9756b15dd90f@group-785BCF25C267, cid=2142, SUCCESS, logIndex=3155, commits[355864cd-7ac5-4934-b366-9756b15dd90f:c3155, ce4aa411-63c8-4399-99eb-27ce352844f3:c3151, 3eeffb0a-787e-48ec-a2f5-d0c540a89489:c3151]
2019-08-21 15:29:52,576 | INFO  | DNAudit | user=null | ip=null | op=WRITE_CHUNK {blockData=conID: 1 locID: 102655681657831981 bcsId: 3151} | ret=SUCCESS |  
2019-08-21 15:29:52,576 | INFO  | DNAudit | user=null | ip=null | op=WRITE_CHUNK {blockData=conID: 1 locID: 102655681657831981 bcsId: 3151} | ret=SUCCESS |  
2019-08-21 15:29:52,576 | INFO  | DNAudit | user=null | ip=null | op=PUT_BLOCK {blockData=[blockId=conID: 1 locID: 102655681657831981 bcsId: 0,size=4194304]} | ret=SUCCESS |  
2019-08-21 15:29:52,576 | INFO  | DNAudit | user=null | ip=null | op=PUT_BLOCK {blockData=[blockId=conID: 1 locID: 102655681657831981 bcsId: 0,size=4194304]} | ret=SUCCESS |  
2019-08-21 15:29:52,576 [grpc-default-executor-0] INFO  client.GrpcClientProtocolClient (GrpcClientProtocolClient.java:onNext(255)) - client-029E50227556->355864cd-7ac5-4934-b366-9756b15dd90f: receive RaftClientReply:client-029E50227556->355864cd-7ac5-4934-b366-9756b15dd90f@group-785BCF25C267, cid=2143, SUCCESS, logIndex=0, commits[355864cd-7ac5-4934-b366-9756b15dd90f:c3156, ce4aa411-63c8-4399-99eb-27ce352844f3:c3155, 3eeffb0a-787e-48ec-a2f5-d0c540a89489:c3155]
2019-08-21 15:29:52,582 | INFO  | SCMAudit | user=jenkins1000 | ip=192.168.5.153 | op=ALLOCATE_BLOCK {owner=78849ec2-2b05-45d8-8cb5-e95e2230dbd1, size=4194304, type=RATIS, factor=THREE} | ret=SUCCESS |  
2019-08-21 15:29:52,585 | INFO  | OMAudit | user=jenkins1000 | ip=127.0.0.1 | op=ALLOCATE_BLOCK {volume=vol-0-32358, bucket=bucket-0-01949, key=key-0-56547, dataSize=0, replicationType=null, replicationFactor=null, keyLocationInfo=null, clientID=102655680532119954} | ret=SUCCESS |  
2019-08-21 15:29:52,591 | INFO  | DNAudit | user=null | ip=null | op=WRITE_CHUNK {blockData=conID: 2 locID: 102655681664254510 bcsId: 0} | ret=SUCCESS |  
2019-08-21 15:29:52,724 | INFO  | DNAudit | user=null | ip=null | op=WRITE_CHUNK {blockData=conID: 2 locID: 102655681664254510 bcsId: 0} | ret=SUCCESS |  
2019-08-21 15:29:52,725 | INFO  | DNAudit | user=null | ip=null | op=WRITE_CHUNK {blockData=conID: 2 locID: 102655681664254510 bcsId: 0} | ret=SUCCESS |  
2019-08-21 15:29:52,725 | INFO  | DNAudit | user=null | ip=null | op=WRITE_CHUNK {blockData=conID: 2 locID: 102655681664254510 bcsId: 0} | ret=SUCCESS |  
2019-08-21 15:29:52,728 | INFO  | DNAudit | user=null | ip=null | op=WRITE_CHUNK {blockData=conID: 2 locID: 102655681664254510 bcsId: 0} | ret=SUCCESS |  
2019-08-21 15:29:52,728 | INFO  | DNAudit | user=null | ip=null | op=WRITE_CHUNK {blockData=conID: 2 locID: 102655681664254510 bcsId: 0} | ret=SUCCESS |  
2019-08-21 15:29:52,737 | INFO  | DNAudit | user=null | ip=null | op=WRITE_CHUNK {blockData=conID: 2 locID: 102655681664254510 bcsId: 0} | ret=SUCCESS |  
2019-08-21 15:29:52,738 | INFO  | DNAudit | user=null | ip=null | op=PUT_BLOCK {blockData=[blockId=conID: 2 locID: 102655681664254510 bcsId: 0,size=1048576]} | ret=SUCCESS |  
2019-08-21 15:29:52,738 | INFO  | DNAudit | user=null | ip=null | op=WRITE_CHUNK {blockData=conID: 2 locID: 102655681664254510 bcsId: 0} | ret=SUCCESS |  
2019-08-21 15:29:52,738 [grpc-default-executor-3] INFO  client.GrpcClientProtocolClient (GrpcClientProtocolClient.java:onNext(255)) - client-029E50227556->355864cd-7ac5-4934-b366-9756b15dd90f: receive RaftClientReply:client-029E50227556->355864cd-7ac5-4934-b366-9756b15dd90f@group-785BCF25C267, cid=2144, SUCCESS, logIndex=3158, commits[355864cd-7ac5-4934-b366-9756b15dd90f:c3159, ce4aa411-63c8-4399-99eb-27ce352844f3:c3157, 3eeffb0a-787e-48ec-a2f5-d0c540a89489:c3157]
2019-08-21 15:29:52,739 | INFO  | DNAudit | user=null | ip=null | op=PUT_BLOCK {blockData=[blockId=conID: 2 locID: 102655681664254510 bcsId: 0,size=2097152]} | ret=SUCCESS |  
2019-08-21 15:29:52,739 [grpc-default-executor-3] INFO  client.GrpcClientProtocolClient (GrpcClientProtocolClient.java:onNext(255)) - client-029E50227556->355864cd-7ac5-4934-b366-9756b15dd90f: receive RaftClientReply:client-029E50227556->355864cd-7ac5-4934-b366-9756b15dd90f@group-785BCF25C267, cid=2145, SUCCESS, logIndex=3159, commits[355864cd-7ac5-4934-b366-9756b15dd90f:c3161, ce4aa411-63c8-4399-99eb-27ce352844f3:c3157, 3eeffb0a-787e-48ec-a2f5-d0c540a89489:c3157]
2019-08-21 15:29:52,739 [grpc-default-executor-3] INFO  client.GrpcClientProtocolClient (GrpcClientProtocolClient.java:onNext(255)) - client-029E50227556->355864cd-7ac5-4934-b366-9756b15dd90f: receive RaftClientReply:client-029E50227556->355864cd-7ac5-4934-b366-9756b15dd90f@group-785BCF25C267, cid=2146, SUCCESS, logIndex=3160, commits[355864cd-7ac5-4934-b366-9756b15dd90f:c3161, ce4aa411-63c8-4399-99eb-27ce352844f3:c3157, 3eeffb0a-787e-48ec-a2f5-d0c540a89489:c3157]
2019-08-21 15:29:52,739 [grpc-default-executor-3] INFO  client.GrpcClientProtocolClient (GrpcClientProtocolClient.java:onNext(255)) - client-029E50227556->355864cd-7ac5-4934-b366-9756b15dd90f: receive RaftClientReply:client-029E50227556->355864cd-7ac5-4934-b366-9756b15dd90f@group-785BCF25C267, cid=2147, SUCCESS, logIndex=3161, commits[355864cd-7ac5-4934-b366-9756b15dd90f:c3161, ce4aa411-63c8-4399-99eb-27ce352844f3:c3157, 3eeffb0a-787e-48ec-a2f5-d0c540a89489:c3157]
2019-08-21 15:29:52,751 | INFO  | DNAudit | user=null | ip=null | op=WRITE_CHUNK {blockData=conID: 2 locID: 102655681664254510 bcsId: 0} | ret=SUCCESS |  
2019-08-21 15:29:52,751 | INFO  | DNAudit | user=null | ip=null | op=PUT_BLOCK {blockData=[blockId=conID: 2 locID: 102655681664254510 bcsId: 0,size=1048576]} | ret=SUCCESS |  
2019-08-21 15:29:52,751 | INFO  | DNAudit | user=null | ip=null | op=WRITE_CHUNK {blockData=conID: 2 locID: 102655681664254510 bcsId: 0} | ret=SUCCESS |  
2019-08-21 15:29:52,751 | INFO  | DNAudit | user=null | ip=null | op=PUT_BLOCK {blockData=[blockId=conID: 2 locID: 102655681664254510 bcsId: 0,size=1048576]} | ret=SUCCESS |  
2019-08-21 15:29:52,752 | INFO  | DNAudit | user=null | ip=null | op=WRITE_CHUNK {blockData=conID: 2 locID: 102655681664254510 bcsId: 0} | ret=SUCCESS |  
2019-08-21 15:29:52,752 | INFO  | DNAudit | user=null | ip=null | op=WRITE_CHUNK {blockData=conID: 2 locID: 102655681664254510 bcsId: 0} | ret=SUCCESS |  
2019-08-21 15:29:52,752 | INFO  | DNAudit | user=null | ip=null | op=PUT_BLOCK {blockData=[blockId=conID: 2 locID: 102655681664254510 bcsId: 0,size=2097152]} | ret=SUCCESS |  
2019-08-21 15:29:52,752 | INFO  | DNAudit | user=null | ip=null | op=PUT_BLOCK {blockData=[blockId=conID: 2 locID: 102655681664254510 bcsId: 0,size=2097152]} | ret=SUCCESS |  
2019-08-21 15:29:52,752 [grpc-default-executor-2] INFO  client.GrpcClientProtocolClient (GrpcClientProtocolClient.java:onNext(255)) - client-029E50227556->355864cd-7ac5-4934-b366-9756b15dd90f: receive RaftClientReply:client-029E50227556->355864cd-7ac5-4934-b366-9756b15dd90f@group-785BCF25C267, cid=2148, SUCCESS, logIndex=0, commits[355864cd-7ac5-4934-b366-9756b15dd90f:c3163, ce4aa411-63c8-4399-99eb-27ce352844f3:c3159, 3eeffb0a-787e-48ec-a2f5-d0c540a89489:c3159]
2019-08-21 15:29:52,759 | INFO  | DNAudit | user=null | ip=null | op=WRITE_CHUNK {blockData=conID: 2 locID: 102655681664254510 bcsId: 3161} | ret=SUCCESS |  
2019-08-21 15:29:52,761 | INFO  | DNAudit | user=null | ip=null | op=WRITE_CHUNK {blockData=conID: 2 locID: 102655681664254510 bcsId: 3161} | ret=SUCCESS |  
2019-08-21 15:29:52,762 | INFO  | DNAudit | user=null | ip=null | op=WRITE_CHUNK {blockData=conID: 2 locID: 102655681664254510 bcsId: 3161} | ret=SUCCESS |  
2019-08-21 15:29:52,771 | INFO  | DNAudit | user=null | ip=null | op=WRITE_CHUNK {blockData=conID: 2 locID: 102655681664254510 bcsId: 3161} | ret=SUCCESS |  
2019-08-21 15:29:52,772 | INFO  | DNAudit | user=null | ip=null | op=PUT_BLOCK {blockData=[blockId=conID: 2 locID: 102655681664254510 bcsId: 0,size=3145728]} | ret=SUCCESS |  
2019-08-21 15:29:52,772 [grpc-default-executor-2] INFO  client.GrpcClientProtocolClient (GrpcClientProtocolClient.java:onNext(255)) - client-029E50227556->355864cd-7ac5-4934-b366-9756b15dd90f: receive RaftClientReply:client-029E50227556->355864cd-7ac5-4934-b366-9756b15dd90f@group-785BCF25C267, cid=2149, SUCCESS, logIndex=3166, commits[355864cd-7ac5-4934-b366-9756b15dd90f:c3167, ce4aa411-63c8-4399-99eb-27ce352844f3:c3165, 3eeffb0a-787e-48ec-a2f5-d0c540a89489:c3165]
2019-08-21 15:29:52,772 [grpc-default-executor-2] INFO  client.GrpcClientProtocolClient (GrpcClientProtocolClient.java:onNext(255)) - client-029E50227556->355864cd-7ac5-4934-b366-9756b15dd90f: receive RaftClientReply:client-029E50227556->355864cd-7ac5-4934-b366-9756b15dd90f@group-785BCF25C267, cid=2150, SUCCESS, logIndex=3167, commits[355864cd-7ac5-4934-b366-9756b15dd90f:c3167, ce4aa411-63c8-4399-99eb-27ce352844f3:c3165, 3eeffb0a-787e-48ec-a2f5-d0c540a89489:c3165]
2019-08-21 15:29:52,779 | INFO  | DNAudit | user=null | ip=null | op=WRITE_CHUNK {blockData=conID: 2 locID: 102655681664254510 bcsId: 3167} | ret=SUCCESS |  
2019-08-21 15:29:52,781 | INFO  | DNAudit | user=null | ip=null | op=WRITE_CHUNK {blockData=conID: 2 locID: 102655681664254510 bcsId: 3167} | ret=SUCCESS |  
2019-08-21 15:29:52,782 | INFO  | DNAudit | user=null | ip=null | op=WRITE_CHUNK {blockData=conID: 2 locID: 102655681664254510 bcsId: 3167} | ret=SUCCESS |  
2019-08-21 15:29:52,783 | INFO  | DNAudit | user=null | ip=null | op=WRITE_CHUNK {blockData=conID: 2 locID: 102655681664254510 bcsId: 3161} | ret=SUCCESS |  
2019-08-21 15:29:52,783 | INFO  | DNAudit | user=null | ip=null | op=WRITE_CHUNK {blockData=conID: 2 locID: 102655681664254510 bcsId: 3161} | ret=SUCCESS |  
2019-08-21 15:29:52,784 | INFO  | DNAudit | user=null | ip=null | op=PUT_BLOCK {blockData=[blockId=conID: 2 locID: 102655681664254510 bcsId: 0,size=3145728]} | ret=SUCCESS |  
2019-08-21 15:29:52,784 | INFO  | DNAudit | user=null | ip=null | op=PUT_BLOCK {blockData=[blockId=conID: 2 locID: 102655681664254510 bcsId: 0,size=3145728]} | ret=SUCCESS |  
2019-08-21 15:29:52,785 | INFO  | DNAudit | user=null | ip=null | op=WRITE_CHUNK {blockData=conID: 2 locID: 102655681664254510 bcsId: 3167} | ret=SUCCESS |  
2019-08-21 15:29:52,786 | INFO  | DNAudit | user=null | ip=null | op=PUT_BLOCK {blockData=[blockId=conID: 2 locID: 102655681664254510 bcsId: 0,size=4194304]} | ret=SUCCESS |  
2019-08-21 15:29:52,786 [grpc-default-executor-2] INFO  client.GrpcClientProtocolClient (GrpcClientProtocolClient.java:onNext(255)) - client-029E50227556->355864cd-7ac5-4934-b366-9756b15dd90f: receive RaftClientReply:client-029E50227556->355864cd-7ac5-4934-b366-9756b15dd90f@group-785BCF25C267, cid=2151, SUCCESS, logIndex=3170, commits[355864cd-7ac5-4934-b366-9756b15dd90f:c3171, ce4aa411-63c8-4399-99eb-27ce352844f3:c3167, 3eeffb0a-787e-48ec-a2f5-d0c540a89489:c3167]
2019-08-21 15:29:52,786 [grpc-default-executor-2] INFO  client.GrpcClientProtocolClient (GrpcClientProtocolClient.java:onNext(255)) - client-029E50227556->355864cd-7ac5-4934-b366-9756b15dd90f: receive RaftClientReply:client-029E50227556->355864cd-7ac5-4934-b366-9756b15dd90f@group-785BCF25C267, cid=2152, SUCCESS, logIndex=3171, commits[355864cd-7ac5-4934-b366-9756b15dd90f:c3171, ce4aa411-63c8-4399-99eb-27ce352844f3:c3167, 3eeffb0a-787e-48ec-a2f5-d0c540a89489:c3167]
2019-08-21 15:29:52,796 | INFO  | DNAudit | user=null | ip=null | op=WRITE_CHUNK {blockData=conID: 2 locID: 102655681664254510 bcsId: 3167} | ret=SUCCESS |  
2019-08-21 15:29:52,796 | INFO  | DNAudit | user=null | ip=null | op=WRITE_CHUNK {blockData=conID: 2 locID: 102655681664254510 bcsId: 3167} | ret=SUCCESS |  
2019-08-21 15:29:52,797 | INFO  | DNAudit | user=null | ip=null | op=PUT_BLOCK {blockData=[blockId=conID: 2 locID: 102655681664254510 bcsId: 0,size=4194304]} | ret=SUCCESS |  
2019-08-21 15:29:52,797 | INFO  | DNAudit | user=null | ip=null | op=PUT_BLOCK {blockData=[blockId=conID: 2 locID: 102655681664254510 bcsId: 0,size=4194304]} | ret=SUCCESS |  
2019-08-21 15:29:52,797 [grpc-default-executor-0] INFO  client.GrpcClientProtocolClient (GrpcClientProtocolClient.java:onNext(255)) - client-029E50227556->355864cd-7ac5-4934-b366-9756b15dd90f: receive RaftClientReply:client-029E50227556->355864cd-7ac5-4934-b366-9756b15dd90f@group-785BCF25C267, cid=2153, SUCCESS, logIndex=0, commits[355864cd-7ac5-4934-b366-9756b15dd90f:c3171, ce4aa411-63c8-4399-99eb-27ce352844f3:c3171, 3eeffb0a-787e-48ec-a2f5-d0c540a89489:c3171]
2019-08-21 15:29:52,802 | INFO  | SCMAudit | user=jenkins1000 | ip=192.168.5.153 | op=ALLOCATE_BLOCK {owner=78849ec2-2b05-45d8-8cb5-e95e2230dbd1, size=4194304, type=RATIS, factor=THREE} | ret=SUCCESS |  
2019-08-21 15:29:52,805 | INFO  | OMAudit | user=jenkins1000 | ip=127.0.0.1 | op=ALLOCATE_BLOCK {volume=vol-0-32358, bucket=bucket-0-01949, key=key-0-56547, dataSize=0, replicationType=null, replicationFactor=null, keyLocationInfo=null, clientID=102655680532119954} | ret=SUCCESS |  
2019-08-21 15:29:52,811 | INFO  | DNAudit | user=null | ip=null | op=WRITE_CHUNK {blockData=conID: 3 locID: 102655681678672431 bcsId: 0} | ret=SUCCESS |  
2019-08-21 15:29:52,814 | INFO  | DNAudit | user=null | ip=null | op=WRITE_CHUNK {blockData=conID: 3 locID: 102655681678672431 bcsId: 0} | ret=SUCCESS |  
2019-08-21 15:29:52,815 | INFO  | DNAudit | user=null | ip=null | op=WRITE_CHUNK {blockData=conID: 3 locID: 102655681678672431 bcsId: 0} | ret=SUCCESS |  
2019-08-21 15:29:52,815 | INFO  | DNAudit | user=null | ip=null | op=WRITE_CHUNK {blockData=conID: 3 locID: 102655681678672431 bcsId: 0} | ret=SUCCESS |  
2019-08-21 15:29:52,816 | INFO  | DNAudit | user=null | ip=null | op=WRITE_CHUNK {blockData=conID: 3 locID: 102655681678672431 bcsId: 0} | ret=SUCCESS |  
2019-08-21 15:29:52,816 | INFO  | DNAudit | user=null | ip=null | op=WRITE_CHUNK {blockData=conID: 3 locID: 102655681678672431 bcsId: 0} | ret=SUCCESS |  
2019-08-21 15:29:52,827 | INFO  | DNAudit | user=null | ip=null | op=WRITE_CHUNK {blockData=conID: 3 locID: 102655681678672431 bcsId: 0} | ret=SUCCESS |  
2019-08-21 15:29:52,827 | INFO  | DNAudit | user=null | ip=null | op=WRITE_CHUNK {blockData=conID: 3 locID: 102655681678672431 bcsId: 0} | ret=SUCCESS |  
2019-08-21 15:29:52,828 | INFO  | DNAudit | user=null | ip=null | op=PUT_BLOCK {blockData=[blockId=conID: 3 locID: 102655681678672431 bcsId: 0,size=1048576]} | ret=SUCCESS |  
2019-08-21 15:29:52,828 | INFO  | DNAudit | user=null | ip=null | op=PUT_BLOCK {blockData=[blockId=conID: 3 locID: 102655681678672431 bcsId: 0,size=1048576]} | ret=SUCCESS |  
2019-08-21 15:29:52,828 | INFO  | DNAudit | user=null | ip=null | op=WRITE_CHUNK {blockData=conID: 3 locID: 102655681678672431 bcsId: 0} | ret=SUCCESS |  
2019-08-21 15:29:52,828 | INFO  | DNAudit | user=null | ip=null | op=WRITE_CHUNK {blockData=conID: 3 locID: 102655681678672431 bcsId: 0} | ret=SUCCESS |  
2019-08-21 15:29:52,829 | INFO  | DNAudit | user=null | ip=null | op=PUT_BLOCK {blockData=[blockId=conID: 3 locID: 102655681678672431 bcsId: 0,size=2097152]} | ret=SUCCESS |  
2019-08-21 15:29:52,829 [grpc-default-executor-2] INFO  client.GrpcClientProtocolClient (GrpcClientProtocolClient.java:onNext(255)) - client-029E50227556->355864cd-7ac5-4934-b366-9756b15dd90f: receive RaftClientReply:client-029E50227556->355864cd-7ac5-4934-b366-9756b15dd90f@group-785BCF25C267, cid=2154, SUCCESS, logIndex=3174, commits[355864cd-7ac5-4934-b366-9756b15dd90f:c3178, ce4aa411-63c8-4399-99eb-27ce352844f3:c3175, 3eeffb0a-787e-48ec-a2f5-d0c540a89489:c3173]
2019-08-21 15:29:52,829 | INFO  | DNAudit | user=null | ip=null | op=PUT_BLOCK {blockData=[blockId=conID: 3 locID: 102655681678672431 bcsId: 0,size=2097152]} | ret=SUCCESS |  
2019-08-21 15:29:52,830 [grpc-default-executor-2] INFO  client.GrpcClientProtocolClient (GrpcClientProtocolClient.java:onNext(255)) - client-029E50227556->355864cd-7ac5-4934-b366-9756b15dd90f: receive RaftClientReply:client-029E50227556->355864cd-7ac5-4934-b366-9756b15dd90f@group-785BCF25C267, cid=2155, SUCCESS, logIndex=3175, commits[355864cd-7ac5-4934-b366-9756b15dd90f:c3179, ce4aa411-63c8-4399-99eb-27ce352844f3:c3176, 3eeffb0a-787e-48ec-a2f5-d0c540a89489:c3173]
2019-08-21 15:29:52,830 [grpc-default-executor-2] INFO  client.GrpcClientProtocolClient (GrpcClientProtocolClient.java:onNext(255)) - client-029E50227556->355864cd-7ac5-4934-b366-9756b15dd90f: receive RaftClientReply:client-029E50227556->355864cd-7ac5-4934-b366-9756b15dd90f@group-785BCF25C267, cid=2156, SUCCESS, logIndex=3176, commits[355864cd-7ac5-4934-b366-9756b15dd90f:c3180, ce4aa411-63c8-4399-99eb-27ce352844f3:c3176, 3eeffb0a-787e-48ec-a2f5-d0c540a89489:c3173]
2019-08-21 15:29:52,830 [grpc-default-executor-2] INFO  client.GrpcClientProtocolClient (GrpcClientProtocolClient.java:onNext(255)) - client-029E50227556->355864cd-7ac5-4934-b366-9756b15dd90f: receive RaftClientReply:client-029E50227556->355864cd-7ac5-4934-b366-9756b15dd90f@group-785BCF25C267, cid=2157, SUCCESS, logIndex=3177, commits[355864cd-7ac5-4934-b366-9756b15dd90f:c3180, ce4aa411-63c8-4399-99eb-27ce352844f3:c3177, 3eeffb0a-787e-48ec-a2f5-d0c540a89489:c3173]
2019-08-21 15:29:52,841 | INFO  | DNAudit | user=null | ip=null | op=WRITE_CHUNK {blockData=conID: 3 locID: 102655681678672431 bcsId: 0} | ret=SUCCESS |  
2019-08-21 15:29:52,841 | INFO  | DNAudit | user=null | ip=null | op=PUT_BLOCK {blockData=[blockId=conID: 3 locID: 102655681678672431 bcsId: 0,size=1048576]} | ret=SUCCESS |  
2019-08-21 15:29:52,841 | INFO  | DNAudit | user=null | ip=null | op=WRITE_CHUNK {blockData=conID: 3 locID: 102655681678672431 bcsId: 0} | ret=SUCCESS |  
2019-08-21 15:29:52,841 [grpc-default-executor-2] INFO  client.GrpcClientProtocolClient (GrpcClientProtocolClient.java:onNext(255)) - client-029E50227556->355864cd-7ac5-4934-b366-9756b15dd90f: receive RaftClientReply:client-029E50227556->355864cd-7ac5-4934-b366-9756b15dd90f@group-785BCF25C267, cid=2158, SUCCESS, logIndex=0, commits[355864cd-7ac5-4934-b366-9756b15dd90f:c3181, ce4aa411-63c8-4399-99eb-27ce352844f3:c3177, 3eeffb0a-787e-48ec-a2f5-d0c540a89489:c3175]
2019-08-21 15:29:52,842 | INFO  | DNAudit | user=null | ip=null | op=PUT_BLOCK {blockData=[blockId=conID: 3 locID: 102655681678672431 bcsId: 0,size=2097152]} | ret=SUCCESS |  
2019-08-21 15:29:52,847 | INFO  | DNAudit | user=null | ip=null | op=WRITE_CHUNK {blockData=conID: 3 locID: 102655681678672431 bcsId: 3177} | ret=SUCCESS |  
2019-08-21 15:29:52,850 | INFO  | DNAudit | user=null | ip=null | op=WRITE_CHUNK {blockData=conID: 3 locID: 102655681678672431 bcsId: 3177} | ret=SUCCESS |  
2019-08-21 15:29:52,851 | INFO  | DNAudit | user=null | ip=null | op=WRITE_CHUNK {blockData=conID: 3 locID: 102655681678672431 bcsId: 3177} | ret=SUCCESS |  
2019-08-21 15:29:52,860 | INFO  | DNAudit | user=null | ip=null | op=WRITE_CHUNK {blockData=conID: 3 locID: 102655681678672431 bcsId: 3177} | ret=SUCCESS |  
2019-08-21 15:29:52,860 | INFO  | DNAudit | user=null | ip=null | op=PUT_BLOCK {blockData=[blockId=conID: 3 locID: 102655681678672431 bcsId: 0,size=3145728]} | ret=SUCCESS |  
2019-08-21 15:29:52,860 [grpc-default-executor-3] INFO  client.GrpcClientProtocolClient (GrpcClientProtocolClient.java:onNext(255)) - client-029E50227556->355864cd-7ac5-4934-b366-9756b15dd90f: receive RaftClientReply:client-029E50227556->355864cd-7ac5-4934-b366-9756b15dd90f@group-785BCF25C267, cid=2159, SUCCESS, logIndex=3182, commits[355864cd-7ac5-4934-b366-9756b15dd90f:c3183, ce4aa411-63c8-4399-99eb-27ce352844f3:c3181, 3eeffb0a-787e-48ec-a2f5-d0c540a89489:c3181]
2019-08-21 15:29:52,861 [grpc-default-executor-3] INFO  client.GrpcClientProtocolClient (GrpcClientProtocolClient.java:onNext(255)) - client-029E50227556->355864cd-7ac5-4934-b366-9756b15dd90f: receive RaftClientReply:client-029E50227556->355864cd-7ac5-4934-b366-9756b15dd90f@group-785BCF25C267, cid=2160, SUCCESS, logIndex=3183, commits[355864cd-7ac5-4934-b366-9756b15dd90f:c3183, ce4aa411-63c8-4399-99eb-27ce352844f3:c3181, 3eeffb0a-787e-48ec-a2f5-d0c540a89489:c3181]
2019-08-21 15:29:52,867 | INFO  | DNAudit | user=null | ip=null | op=WRITE_CHUNK {blockData=conID: 3 locID: 102655681678672431 bcsId: 3183} | ret=SUCCESS |  
2019-08-21 15:29:52,869 | INFO  | DNAudit | user=null | ip=null | op=WRITE_CHUNK {blockData=conID: 3 locID: 102655681678672431 bcsId: 3183} | ret=SUCCESS |  
2019-08-21 15:29:52,870 | INFO  | DNAudit | user=null | ip=null | op=WRITE_CHUNK {blockData=conID: 3 locID: 102655681678672431 bcsId: 3183} | ret=SUCCESS |  
2019-08-21 15:29:52,871 | INFO  | DNAudit | user=null | ip=null | op=WRITE_CHUNK {blockData=conID: 3 locID: 102655681678672431 bcsId: 3177} | ret=SUCCESS |  
2019-08-21 15:29:52,871 | INFO  | DNAudit | user=null | ip=null | op=WRITE_CHUNK {blockData=conID: 3 locID: 102655681678672431 bcsId: 3177} | ret=SUCCESS |  
2019-08-21 15:29:52,874 | INFO  | DNAudit | user=null | ip=null | op=PUT_BLOCK {blockData=[blockId=conID: 3 locID: 102655681678672431 bcsId: 0,size=3145728]} | ret=SUCCESS |  
2019-08-21 15:29:52,874 | INFO  | DNAudit | user=null | ip=null | op=PUT_BLOCK {blockData=[blockId=conID: 3 locID: 102655681678672431 bcsId: 0,size=3145728]} | ret=SUCCESS |  
2019-08-21 15:29:52,875 | INFO  | DNAudit | user=null | ip=null | op=WRITE_CHUNK {blockData=conID: 3 locID: 102655681678672431 bcsId: 3183} | ret=SUCCESS |  
2019-08-21 15:29:52,875 | INFO  | DNAudit | user=null | ip=null | op=PUT_BLOCK {blockData=[blockId=conID: 3 locID: 102655681678672431 bcsId: 0,size=4194304]} | ret=SUCCESS |  
2019-08-21 15:29:52,875 [grpc-default-executor-2] INFO  client.GrpcClientProtocolClient (GrpcClientProtocolClient.java:onNext(255)) - client-029E50227556->355864cd-7ac5-4934-b366-9756b15dd90f: receive RaftClientReply:client-029E50227556->355864cd-7ac5-4934-b366-9756b15dd90f@group-785BCF25C267, cid=2161, SUCCESS, logIndex=3186, commits[355864cd-7ac5-4934-b366-9756b15dd90f:c3187, ce4aa411-63c8-4399-99eb-27ce352844f3:c3183, 3eeffb0a-787e-48ec-a2f5-d0c540a89489:c3183]
2019-08-21 15:29:52,875 [grpc-default-executor-2] INFO  client.GrpcClientProtocolClient (GrpcClientProtocolClient.java:onNext(255)) - client-029E50227556->355864cd-7ac5-4934-b366-9756b15dd90f: receive RaftClientReply:client-029E50227556->355864cd-7ac5-4934-b366-9756b15dd90f@group-785BCF25C267, cid=2162, SUCCESS, logIndex=3187, commits[355864cd-7ac5-4934-b366-9756b15dd90f:c3187, ce4aa411-63c8-4399-99eb-27ce352844f3:c3183, 3eeffb0a-787e-48ec-a2f5-d0c540a89489:c3183]
2019-08-21 15:29:52,900 | INFO  | DNAudit | user=null | ip=null | op=WRITE_CHUNK {blockData=conID: 3 locID: 102655681678672431 bcsId: 3183} | ret=SUCCESS |  
2019-08-21 15:29:52,900 | INFO  | DNAudit | user=null | ip=null | op=WRITE_CHUNK {blockData=conID: 3 locID: 102655681678672431 bcsId: 3183} | ret=SUCCESS |  
2019-08-21 15:29:52,900 | INFO  | DNAudit | user=null | ip=null | op=PUT_BLOCK {blockData=[blockId=conID: 3 locID: 102655681678672431 bcsId: 0,size=4194304]} | ret=SUCCESS |  
2019-08-21 15:29:52,900 | INFO  | DNAudit | user=null | ip=null | op=PUT_BLOCK {blockData=[blockId=conID: 3 locID: 102655681678672431 bcsId: 0,size=4194304]} | ret=SUCCESS |  
2019-08-21 15:29:52,901 [grpc-default-executor-0] INFO  client.GrpcClientProtocolClient (GrpcClientProtocolClient.java:onNext(255)) - client-029E50227556->355864cd-7ac5-4934-b366-9756b15dd90f: receive RaftClientReply:client-029E50227556->355864cd-7ac5-4934-b366-9756b15dd90f@group-785BCF25C267, cid=2163, SUCCESS, logIndex=0, commits[355864cd-7ac5-4934-b366-9756b15dd90f:c3187, ce4aa411-63c8-4399-99eb-27ce352844f3:c3187, 3eeffb0a-787e-48ec-a2f5-d0c540a89489:c3187]
2019-08-21 15:29:52,905 | INFO  | SCMAudit | user=jenkins1000 | ip=192.168.5.153 | op=ALLOCATE_BLOCK {owner=78849ec2-2b05-45d8-8cb5-e95e2230dbd1, size=4194304, type=RATIS, factor=THREE} | ret=SUCCESS |  
2019-08-21 15:29:52,907 | INFO  | OMAudit | user=jenkins1000 | ip=127.0.0.1 | op=ALLOCATE_BLOCK {volume=vol-0-32358, bucket=bucket-0-01949, key=key-0-56547, dataSize=0, replicationType=null, replicationFactor=null, keyLocationInfo=null, clientID=102655680532119954} | ret=SUCCESS |  
2019-08-21 15:29:52,913 | INFO  | DNAudit | user=null | ip=null | op=WRITE_CHUNK {blockData=conID: 1 locID: 102655681685422640 bcsId: 0} | ret=SUCCESS |  
2019-08-21 15:29:52,916 | INFO  | DNAudit | user=null | ip=null | op=WRITE_CHUNK {blockData=conID: 1 locID: 102655681685422640 bcsId: 0} | ret=SUCCESS |  
2019-08-21 15:29:52,916 | INFO  | DNAudit | user=null | ip=null | op=WRITE_CHUNK {blockData=conID: 1 locID: 102655681685422640 bcsId: 0} | ret=SUCCESS |  
2019-08-21 15:29:52,917 | INFO  | DNAudit | user=null | ip=null | op=WRITE_CHUNK {blockData=conID: 1 locID: 102655681685422640 bcsId: 0} | ret=SUCCESS |  
2019-08-21 15:29:52,918 | INFO  | DNAudit | user=null | ip=null | op=WRITE_CHUNK {blockData=conID: 1 locID: 102655681685422640 bcsId: 0} | ret=SUCCESS |  
2019-08-21 15:29:52,918 | INFO  | DNAudit | user=null | ip=null | op=WRITE_CHUNK {blockData=conID: 1 locID: 102655681685422640 bcsId: 0} | ret=SUCCESS |  
2019-08-21 15:29:52,926 | INFO  | DNAudit | user=null | ip=null | op=WRITE_CHUNK {blockData=conID: 1 locID: 102655681685422640 bcsId: 0} | ret=SUCCESS |  
2019-08-21 15:29:52,926 | INFO  | DNAudit | user=null | ip=null | op=PUT_BLOCK {blockData=[blockId=conID: 1 locID: 102655681685422640 bcsId: 0,size=1048576]} | ret=SUCCESS |  
2019-08-21 15:29:52,926 | INFO  | DNAudit | user=null | ip=null | op=WRITE_CHUNK {blockData=conID: 1 locID: 102655681685422640 bcsId: 0} | ret=SUCCESS |  
2019-08-21 15:29:52,926 [grpc-default-executor-3] INFO  client.GrpcClientProtocolClient (GrpcClientProtocolClient.java:onNext(255)) - client-029E50227556->355864cd-7ac5-4934-b366-9756b15dd90f: receive RaftClientReply:client-029E50227556->355864cd-7ac5-4934-b366-9756b15dd90f@group-785BCF25C267, cid=2164, SUCCESS, logIndex=3190, commits[355864cd-7ac5-4934-b366-9756b15dd90f:c3191, ce4aa411-63c8-4399-99eb-27ce352844f3:c3189, 3eeffb0a-787e-48ec-a2f5-d0c540a89489:c3189]
2019-08-21 15:29:52,927 | INFO  | DNAudit | user=null | ip=null | op=PUT_BLOCK {blockData=[blockId=conID: 1 locID: 102655681685422640 bcsId: 0,size=2097152]} | ret=SUCCESS |  
2019-08-21 15:29:52,927 [grpc-default-executor-3] INFO  client.GrpcClientProtocolClient (GrpcClientProtocolClient.java:onNext(255)) - client-029E50227556->355864cd-7ac5-4934-b366-9756b15dd90f: receive RaftClientReply:client-029E50227556->355864cd-7ac5-4934-b366-9756b15dd90f@group-785BCF25C267, cid=2165, SUCCESS, logIndex=3191, commits[355864cd-7ac5-4934-b366-9756b15dd90f:c3193, ce4aa411-63c8-4399-99eb-27ce352844f3:c3189, 3eeffb0a-787e-48ec-a2f5-d0c540a89489:c3189]
2019-08-21 15:29:52,927 [grpc-default-executor-3] INFO  client.GrpcClientProtocolClient (GrpcClientProtocolClient.java:onNext(255)) - client-029E50227556->355864cd-7ac5-4934-b366-9756b15dd90f: receive RaftClientReply:client-029E50227556->355864cd-7ac5-4934-b366-9756b15dd90f@group-785BCF25C267, cid=2166, SUCCESS, logIndex=3192, commits[355864cd-7ac5-4934-b366-9756b15dd90f:c3193, ce4aa411-63c8-4399-99eb-27ce352844f3:c3189, 3eeffb0a-787e-48ec-a2f5-d0c540a89489:c3189]
2019-08-21 15:29:52,927 [grpc-default-executor-3] INFO  client.GrpcClientProtocolClient (GrpcClientProtocolClient.java:onNext(255)) - client-029E50227556->355864cd-7ac5-4934-b366-9756b15dd90f: receive RaftClientReply:client-029E50227556->355864cd-7ac5-4934-b366-9756b15dd90f@group-785BCF25C267, cid=2167, SUCCESS, logIndex=3193, commits[355864cd-7ac5-4934-b366-9756b15dd90f:c3193, ce4aa411-63c8-4399-99eb-27ce352844f3:c3189, 3eeffb0a-787e-48ec-a2f5-d0c540a89489:c3189]
2019-08-21 15:29:52,927 | INFO  | DNAudit | user=null | ip=null | op=WRITE_CHUNK {blockData=conID: 1 locID: 102655681685422640 bcsId: 0} | ret=SUCCESS |  
2019-08-21 15:29:52,928 | INFO  | DNAudit | user=null | ip=null | op=WRITE_CHUNK {blockData=conID: 1 locID: 102655681685422640 bcsId: 0} | ret=SUCCESS |  
2019-08-21 15:29:52,928 | INFO  | DNAudit | user=null | ip=null | op=PUT_BLOCK {blockData=[blockId=conID: 1 locID: 102655681685422640 bcsId: 0,size=1048576]} | ret=SUCCESS |  
2019-08-21 15:29:52,928 | INFO  | DNAudit | user=null | ip=null | op=PUT_BLOCK {blockData=[blockId=conID: 1 locID: 102655681685422640 bcsId: 0,size=1048576]} | ret=SUCCESS |  
2019-08-21 15:29:52,928 [grpc-default-executor-2] INFO  client.GrpcClientProtocolClient (GrpcClientProtocolClient.java:onNext(255)) - client-029E50227556->355864cd-7ac5-4934-b366-9756b15dd90f: receive RaftClientReply:client-029E50227556->355864cd-7ac5-4934-b366-9756b15dd90f@group-785BCF25C267, cid=2168, SUCCESS, logIndex=0, commits[355864cd-7ac5-4934-b366-9756b15dd90f:c3195, ce4aa411-63c8-4399-99eb-27ce352844f3:c3191, 3eeffb0a-787e-48ec-a2f5-d0c540a89489:c3191]
2019-08-21 15:29:52,929 | INFO  | DNAudit | user=null | ip=null | op=WRITE_CHUNK {blockData=conID: 1 locID: 102655681685422640 bcsId: 0} | ret=SUCCESS |  
2019-08-21 15:29:52,929 | INFO  | DNAudit | user=null | ip=null | op=PUT_BLOCK {blockData=[blockId=conID: 1 locID: 102655681685422640 bcsId: 0,size=2097152]} | ret=SUCCESS |  
2019-08-21 15:29:52,929 | INFO  | DNAudit | user=null | ip=null | op=WRITE_CHUNK {blockData=conID: 1 locID: 102655681685422640 bcsId: 0} | ret=SUCCESS |  
2019-08-21 15:29:52,929 | INFO  | DNAudit | user=null | ip=null | op=PUT_BLOCK {blockData=[blockId=conID: 1 locID: 102655681685422640 bcsId: 0,size=2097152]} | ret=SUCCESS |  
2019-08-21 15:29:52,934 | INFO  | DNAudit | user=null | ip=null | op=WRITE_CHUNK {blockData=conID: 1 locID: 102655681685422640 bcsId: 3193} | ret=SUCCESS |  
2019-08-21 15:29:52,936 | INFO  | DNAudit | user=null | ip=null | op=WRITE_CHUNK {blockData=conID: 1 locID: 102655681685422640 bcsId: 3193} | ret=SUCCESS |  
2019-08-21 15:29:52,936 | INFO  | DNAudit | user=null | ip=null | op=WRITE_CHUNK {blockData=conID: 1 locID: 102655681685422640 bcsId: 3193} | ret=SUCCESS |  
2019-08-21 15:29:52,947 | INFO  | DNAudit | user=null | ip=null | op=WRITE_CHUNK {blockData=conID: 1 locID: 102655681685422640 bcsId: 3193} | ret=SUCCESS |  
2019-08-21 15:29:52,947 | INFO  | DNAudit | user=null | ip=null | op=PUT_BLOCK {blockData=[blockId=conID: 1 locID: 102655681685422640 bcsId: 0,size=3145728]} | ret=SUCCESS |  
2019-08-21 15:29:52,947 [grpc-default-executor-0] INFO  client.GrpcClientProtocolClient (GrpcClientProtocolClient.java:onNext(255)) - client-029E50227556->355864cd-7ac5-4934-b366-9756b15dd90f: receive RaftClientReply:client-029E50227556->355864cd-7ac5-4934-b366-9756b15dd90f@group-785BCF25C267, cid=2169, SUCCESS, logIndex=3197, commits[355864cd-7ac5-4934-b366-9756b15dd90f:c3198, ce4aa411-63c8-4399-99eb-27ce352844f3:c3196, 3eeffb0a-787e-48ec-a2f5-d0c540a89489:c3196]
2019-08-21 15:29:52,948 [grpc-default-executor-0] INFO  client.GrpcClientProtocolClient (GrpcClientProtocolClient.java:onNext(255)) - client-029E50227556->355864cd-7ac5-4934-b366-9756b15dd90f: receive RaftClientReply:client-029E50227556->355864cd-7ac5-4934-b366-9756b15dd90f@group-785BCF25C267, cid=2170, SUCCESS, logIndex=3198, commits[355864cd-7ac5-4934-b366-9756b15dd90f:c3198, ce4aa411-63c8-4399-99eb-27ce352844f3:c3196, 3eeffb0a-787e-48ec-a2f5-d0c540a89489:c3196]
2019-08-21 15:29:52,954 | INFO  | DNAudit | user=null | ip=null | op=WRITE_CHUNK {blockData=conID: 1 locID: 102655681685422640 bcsId: 3198} | ret=SUCCESS |  
2019-08-21 15:29:52,956 | INFO  | DNAudit | user=null | ip=null | op=WRITE_CHUNK {blockData=conID: 1 locID: 102655681685422640 bcsId: 3198} | ret=SUCCESS |  
2019-08-21 15:29:52,956 | INFO  | DNAudit | user=null | ip=null | op=WRITE_CHUNK {blockData=conID: 1 locID: 102655681685422640 bcsId: 3198} | ret=SUCCESS |  
2019-08-21 15:29:52,958 | INFO  | DNAudit | user=null | ip=null | op=WRITE_CHUNK {blockData=conID: 1 locID: 102655681685422640 bcsId: 3193} | ret=SUCCESS |  
2019-08-21 15:29:52,958 | INFO  | DNAudit | user=null | ip=null | op=WRITE_CHUNK {blockData=conID: 1 locID: 102655681685422640 bcsId: 3193} | ret=SUCCESS |  
2019-08-21 15:29:52,961 | INFO  | DNAudit | user=null | ip=null | op=PUT_BLOCK {blockData=[blockId=conID: 1 locID: 102655681685422640 bcsId: 0,size=3145728]} | ret=SUCCESS |  
2019-08-21 15:29:52,961 | INFO  | DNAudit | user=null | ip=null | op=PUT_BLOCK {blockData=[blockId=conID: 1 locID: 102655681685422640 bcsId: 0,size=3145728]} | ret=SUCCESS |  
2019-08-21 15:29:52,962 | INFO  | DNAudit | user=null | ip=null | op=WRITE_CHUNK {blockData=conID: 1 locID: 102655681685422640 bcsId: 3198} | ret=SUCCESS |  
2019-08-21 15:29:52,962 | INFO  | DNAudit | user=null | ip=null | op=PUT_BLOCK {blockData=[blockId=conID: 1 locID: 102655681685422640 bcsId: 0,size=4194304]} | ret=SUCCESS |  
2019-08-21 15:29:52,962 [grpc-default-executor-2] INFO  client.GrpcClientProtocolClient (GrpcClientProtocolClient.java:onNext(255)) - client-029E50227556->355864cd-7ac5-4934-b366-9756b15dd90f: receive RaftClientReply:client-029E50227556->355864cd-7ac5-4934-b366-9756b15dd90f@group-785BCF25C267, cid=2171, SUCCESS, logIndex=3201, commits[355864cd-7ac5-4934-b366-9756b15dd90f:c3202, ce4aa411-63c8-4399-99eb-27ce352844f3:c3198, 3eeffb0a-787e-48ec-a2f5-d0c540a89489:c3198]
2019-08-21 15:29:52,962 [grpc-default-executor-2] INFO  client.GrpcClientProtocolClient (GrpcClientProtocolClient.java:onNext(255)) - client-029E50227556->355864cd-7ac5-4934-b366-9756b15dd90f: receive RaftClientReply:client-029E50227556->355864cd-7ac5-4934-b366-9756b15dd90f@group-785BCF25C267, cid=2172, SUCCESS, logIndex=3202, commits[355864cd-7ac5-4934-b366-9756b15dd90f:c3202, ce4aa411-63c8-4399-99eb-27ce352844f3:c3198, 3eeffb0a-787e-48ec-a2f5-d0c540a89489:c3198]
2019-08-21 15:29:52,973 | INFO  | DNAudit | user=null | ip=null | op=WRITE_CHUNK {blockData=conID: 1 locID: 102655681685422640 bcsId: 3198} | ret=SUCCESS |  
2019-08-21 15:29:52,973 | INFO  | DNAudit | user=null | ip=null | op=WRITE_CHUNK {blockData=conID: 1 locID: 102655681685422640 bcsId: 3198} | ret=SUCCESS |  
2019-08-21 15:29:52,973 | INFO  | DNAudit | user=null | ip=null | op=PUT_BLOCK {blockData=[blockId=conID: 1 locID: 102655681685422640 bcsId: 0,size=4194304]} | ret=SUCCESS |  
2019-08-21 15:29:52,973 | INFO  | DNAudit | user=null | ip=null | op=PUT_BLOCK {blockData=[blockId=conID: 1 locID: 102655681685422640 bcsId: 0,size=4194304]} | ret=SUCCESS |  
2019-08-21 15:29:52,973 [grpc-default-executor-2] INFO  client.GrpcClientProtocolClient (GrpcClientProtocolClient.java:onNext(255)) - client-029E50227556->355864cd-7ac5-4934-b366-9756b15dd90f: receive RaftClientReply:client-029E50227556->355864cd-7ac5-4934-b366-9756b15dd90f@group-785BCF25C267, cid=2173, SUCCESS, logIndex=0, commits[355864cd-7ac5-4934-b366-9756b15dd90f:c3203, ce4aa411-63c8-4399-99eb-27ce352844f3:c3202, 3eeffb0a-787e-48ec-a2f5-d0c540a89489:c3202]
2019-08-21 15:29:52,977 | INFO  | SCMAudit | user=jenkins1000 | ip=192.168.5.153 | op=ALLOCATE_BLOCK {owner=78849ec2-2b05-45d8-8cb5-e95e2230dbd1, size=4194304, type=RATIS, factor=THREE} | ret=SUCCESS |  
2019-08-21 15:29:52,979 | INFO  | OMAudit | user=jenkins1000 | ip=127.0.0.1 | op=ALLOCATE_BLOCK {volume=vol-0-32358, bucket=bucket-0-01949, key=key-0-56547, dataSize=0, replicationType=null, replicationFactor=null, keyLocationInfo=null, clientID=102655680532119954} | ret=SUCCESS |  
2019-08-21 15:29:52,985 | INFO  | DNAudit | user=null | ip=null | op=WRITE_CHUNK {blockData=conID: 2 locID: 102655681690141233 bcsId: 0} | ret=SUCCESS |  
2019-08-21 15:29:52,986 | INFO  | DNAudit | user=null | ip=null | op=WRITE_CHUNK {blockData=conID: 2 locID: 102655681690141233 bcsId: 0} | ret=SUCCESS |  
2019-08-21 15:29:52,987 | INFO  | DNAudit | user=null | ip=null | op=WRITE_CHUNK {blockData=conID: 2 locID: 102655681690141233 bcsId: 0} | ret=SUCCESS |  
2019-08-21 15:29:52,988 | INFO  | DNAudit | user=null | ip=null | op=WRITE_CHUNK {blockData=conID: 2 locID: 102655681690141233 bcsId: 0} | ret=SUCCESS |  
2019-08-21 15:29:52,989 | INFO  | DNAudit | user=null | ip=null | op=WRITE_CHUNK {blockData=conID: 2 locID: 102655681690141233 bcsId: 0} | ret=SUCCESS |  
2019-08-21 15:29:52,989 | INFO  | DNAudit | user=null | ip=null | op=WRITE_CHUNK {blockData=conID: 2 locID: 102655681690141233 bcsId: 0} | ret=SUCCESS |  
2019-08-21 15:29:52,997 | INFO  | DNAudit | user=null | ip=null | op=WRITE_CHUNK {blockData=conID: 2 locID: 102655681690141233 bcsId: 0} | ret=SUCCESS |  
2019-08-21 15:29:52,998 | INFO  | DNAudit | user=null | ip=null | op=PUT_BLOCK {blockData=[blockId=conID: 2 locID: 102655681690141233 bcsId: 0,size=1048576]} | ret=SUCCESS |  
2019-08-21 15:29:52,998 [grpc-default-executor-0] INFO  client.GrpcClientProtocolClient (GrpcClientProtocolClient.java:onNext(255)) - client-029E50227556->355864cd-7ac5-4934-b366-9756b15dd90f: receive RaftClientReply:client-029E50227556->355864cd-7ac5-4934-b366-9756b15dd90f@group-785BCF25C267, cid=2174, SUCCESS, logIndex=3205, commits[355864cd-7ac5-4934-b366-9756b15dd90f:c3207, ce4aa411-63c8-4399-99eb-27ce352844f3:c3204, 3eeffb0a-787e-48ec-a2f5-d0c540a89489:c3204]
2019-08-21 15:29:52,998 | INFO  | DNAudit | user=null | ip=null | op=WRITE_CHUNK {blockData=conID: 2 locID: 102655681690141233 bcsId: 0} | ret=SUCCESS |  
2019-08-21 15:29:52,998 [grpc-default-executor-0] INFO  client.GrpcClientProtocolClient (GrpcClientProtocolClient.java:onNext(255)) - client-029E50227556->355864cd-7ac5-4934-b366-9756b15dd90f: receive RaftClientReply:client-029E50227556->355864cd-7ac5-4934-b366-9756b15dd90f@group-785BCF25C267, cid=2175, SUCCESS, logIndex=3206, commits[355864cd-7ac5-4934-b366-9756b15dd90f:c3208, ce4aa411-63c8-4399-99eb-27ce352844f3:c3204, 3eeffb0a-787e-48ec-a2f5-d0c540a89489:c3204]
2019-08-21 15:29:52,998 | INFO  | DNAudit | user=null | ip=null | op=WRITE_CHUNK {blockData=conID: 2 locID: 102655681690141233 bcsId: 0} | ret=SUCCESS |  
2019-08-21 15:29:52,998 | INFO  | DNAudit | user=null | ip=null | op=PUT_BLOCK {blockData=[blockId=conID: 2 locID: 102655681690141233 bcsId: 0,size=2097152]} | ret=SUCCESS |  
2019-08-21 15:29:52,999 [grpc-default-executor-0] INFO  client.GrpcClientProtocolClient (GrpcClientProtocolClient.java:onNext(255)) - client-029E50227556->355864cd-7ac5-4934-b366-9756b15dd90f: receive RaftClientReply:client-029E50227556->355864cd-7ac5-4934-b366-9756b15dd90f@group-785BCF25C267, cid=2176, SUCCESS, logIndex=3207, commits[355864cd-7ac5-4934-b366-9756b15dd90f:c3208, ce4aa411-63c8-4399-99eb-27ce352844f3:c3204, 3eeffb0a-787e-48ec-a2f5-d0c540a89489:c3204]
2019-08-21 15:29:52,999 [grpc-default-executor-0] INFO  client.GrpcClientProtocolClient (GrpcClientProtocolClient.java:onNext(255)) - client-029E50227556->355864cd-7ac5-4934-b366-9756b15dd90f: receive RaftClientReply:client-029E50227556->355864cd-7ac5-4934-b366-9756b15dd90f@group-785BCF25C267, cid=2177, SUCCESS, logIndex=3208, commits[355864cd-7ac5-4934-b366-9756b15dd90f:c3209, ce4aa411-63c8-4399-99eb-27ce352844f3:c3205, 3eeffb0a-787e-48ec-a2f5-d0c540a89489:c3204]
2019-08-21 15:29:53,009 | INFO  | DNAudit | user=null | ip=null | op=WRITE_CHUNK {blockData=conID: 2 locID: 102655681690141233 bcsId: 0} | ret=SUCCESS |  
2019-08-21 15:29:53,009 | INFO  | DNAudit | user=null | ip=null | op=PUT_BLOCK {blockData=[blockId=conID: 2 locID: 102655681690141233 bcsId: 0,size=1048576]} | ret=SUCCESS |  
2019-08-21 15:29:53,009 | INFO  | DNAudit | user=null | ip=null | op=WRITE_CHUNK {blockData=conID: 2 locID: 102655681690141233 bcsId: 0} | ret=SUCCESS |  
2019-08-21 15:29:53,010 | INFO  | DNAudit | user=null | ip=null | op=PUT_BLOCK {blockData=[blockId=conID: 2 locID: 102655681690141233 bcsId: 0,size=1048576]} | ret=SUCCESS |  
2019-08-21 15:29:53,010 | INFO  | DNAudit | user=null | ip=null | op=WRITE_CHUNK {blockData=conID: 2 locID: 102655681690141233 bcsId: 0} | ret=SUCCESS |  
2019-08-21 15:29:53,010 | INFO  | DNAudit | user=null | ip=null | op=PUT_BLOCK {blockData=[blockId=conID: 2 locID: 102655681690141233 bcsId: 0,size=2097152]} | ret=SUCCESS |  
2019-08-21 15:29:53,010 | INFO  | DNAudit | user=null | ip=null | op=PUT_BLOCK {blockData=[blockId=conID: 2 locID: 102655681690141233 bcsId: 0,size=2097152]} | ret=SUCCESS |  
2019-08-21 15:29:53,010 [grpc-default-executor-0] INFO  client.GrpcClientProtocolClient (GrpcClientProtocolClient.java:onNext(255)) - client-029E50227556->355864cd-7ac5-4934-b366-9756b15dd90f: receive RaftClientReply:client-029E50227556->355864cd-7ac5-4934-b366-9756b15dd90f@group-785BCF25C267, cid=2178, SUCCESS, logIndex=0, commits[355864cd-7ac5-4934-b366-9756b15dd90f:c3211, ce4aa411-63c8-4399-99eb-27ce352844f3:c3206, 3eeffb0a-787e-48ec-a2f5-d0c540a89489:c3207]
2019-08-21 15:29:53,016 | INFO  | DNAudit | user=null | ip=null | op=WRITE_CHUNK {blockData=conID: 2 locID: 102655681690141233 bcsId: 3208} | ret=SUCCESS |  
2019-08-21 15:29:53,017 | INFO  | DNAudit | user=null | ip=null | op=WRITE_CHUNK {blockData=conID: 2 locID: 102655681690141233 bcsId: 3208} | ret=SUCCESS |  
2019-08-21 15:29:53,018 | INFO  | DNAudit | user=null | ip=null | op=WRITE_CHUNK {blockData=conID: 2 locID: 102655681690141233 bcsId: 3208} | ret=SUCCESS |  
2019-08-21 15:29:53,028 | INFO  | DNAudit | user=null | ip=null | op=WRITE_CHUNK {blockData=conID: 2 locID: 102655681690141233 bcsId: 3208} | ret=SUCCESS |  
2019-08-21 15:29:53,028 | INFO  | DNAudit | user=null | ip=null | op=PUT_BLOCK {blockData=[blockId=conID: 2 locID: 102655681690141233 bcsId: 0,size=3145728]} | ret=SUCCESS |  
2019-08-21 15:29:53,028 [grpc-default-executor-3] INFO  client.GrpcClientProtocolClient (GrpcClientProtocolClient.java:onNext(255)) - client-029E50227556->355864cd-7ac5-4934-b366-9756b15dd90f: receive RaftClientReply:client-029E50227556->355864cd-7ac5-4934-b366-9756b15dd90f@group-785BCF25C267, cid=2179, SUCCESS, logIndex=3213, commits[355864cd-7ac5-4934-b366-9756b15dd90f:c3214, ce4aa411-63c8-4399-99eb-27ce352844f3:c3212, 3eeffb0a-787e-48ec-a2f5-d0c540a89489:c3212]
2019-08-21 15:29:53,029 [grpc-default-executor-3] INFO  client.GrpcClientProtocolClient (GrpcClientProtocolClient.java:onNext(255)) - client-029E50227556->355864cd-7ac5-4934-b366-9756b15dd90f: receive RaftClientReply:client-029E50227556->355864cd-7ac5-4934-b366-9756b15dd90f@group-785BCF25C267, cid=2180, SUCCESS, logIndex=3214, commits[355864cd-7ac5-4934-b366-9756b15dd90f:c3214, ce4aa411-63c8-4399-99eb-27ce352844f3:c3212, 3eeffb0a-787e-48ec-a2f5-d0c540a89489:c3212]
2019-08-21 15:29:53,034 | INFO  | DNAudit | user=null | ip=null | op=WRITE_CHUNK {blockData=conID: 2 locID: 102655681690141233 bcsId: 3214} | ret=SUCCESS |  
2019-08-21 15:29:53,036 | INFO  | DNAudit | user=null | ip=null | op=WRITE_CHUNK {blockData=conID: 2 locID: 102655681690141233 bcsId: 3214} | ret=SUCCESS |  
2019-08-21 15:29:53,036 | INFO  | DNAudit | user=null | ip=null | op=WRITE_CHUNK {blockData=conID: 2 locID: 102655681690141233 bcsId: 3214} | ret=SUCCESS |  
2019-08-21 15:29:53,040 | INFO  | DNAudit | user=null | ip=null | op=WRITE_CHUNK {blockData=conID: 2 locID: 102655681690141233 bcsId: 3208} | ret=SUCCESS |  
2019-08-21 15:29:53,040 | INFO  | DNAudit | user=null | ip=null | op=WRITE_CHUNK {blockData=conID: 2 locID: 102655681690141233 bcsId: 3208} | ret=SUCCESS |  
2019-08-21 15:29:53,042 | INFO  | DNAudit | user=null | ip=null | op=PUT_BLOCK {blockData=[blockId=conID: 2 locID: 102655681690141233 bcsId: 0,size=3145728]} | ret=SUCCESS |  
2019-08-21 15:29:53,042 | INFO  | DNAudit | user=null | ip=null | op=PUT_BLOCK {blockData=[blockId=conID: 2 locID: 102655681690141233 bcsId: 0,size=3145728]} | ret=SUCCESS |  
2019-08-21 15:29:53,043 | INFO  | DNAudit | user=null | ip=null | op=WRITE_CHUNK {blockData=conID: 2 locID: 102655681690141233 bcsId: 3214} | ret=SUCCESS |  
2019-08-21 15:29:53,043 | INFO  | DNAudit | user=null | ip=null | op=PUT_BLOCK {blockData=[blockId=conID: 2 locID: 102655681690141233 bcsId: 0,size=4194304]} | ret=SUCCESS |  
2019-08-21 15:29:53,043 [grpc-default-executor-3] INFO  client.GrpcClientProtocolClient (GrpcClientProtocolClient.java:onNext(255)) - client-029E50227556->355864cd-7ac5-4934-b366-9756b15dd90f: receive RaftClientReply:client-029E50227556->355864cd-7ac5-4934-b366-9756b15dd90f@group-785BCF25C267, cid=2181, SUCCESS, logIndex=3217, commits[355864cd-7ac5-4934-b366-9756b15dd90f:c3218, ce4aa411-63c8-4399-99eb-27ce352844f3:c3214, 3eeffb0a-787e-48ec-a2f5-d0c540a89489:c3214]
2019-08-21 15:29:53,044 [grpc-default-executor-3] INFO  client.GrpcClientProtocolClient (GrpcClientProtocolClient.java:onNext(255)) - client-029E50227556->355864cd-7ac5-4934-b366-9756b15dd90f: receive RaftClientReply:client-029E50227556->355864cd-7ac5-4934-b366-9756b15dd90f@group-785BCF25C267, cid=2182, SUCCESS, logIndex=3218, commits[355864cd-7ac5-4934-b366-9756b15dd90f:c3218, ce4aa411-63c8-4399-99eb-27ce352844f3:c3214, 3eeffb0a-787e-48ec-a2f5-d0c540a89489:c3214]
2019-08-21 15:29:53,053 | INFO  | SCMAudit | user=jenkins1000 | ip=192.168.5.153 | op=SEND_HEARTBEAT {datanodeUUID=a38cd7e0-d792-481c-a4c0-f4feaa89ec8f, command=[]} | ret=SUCCESS |  
2019-08-21 15:29:53,054 | INFO  | SCMAudit | user=jenkins1000 | ip=192.168.5.153 | op=SEND_HEARTBEAT {datanodeUUID=a0074e04-2715-4b16-a2b0-10b5043d27ae, command=[]} | ret=SUCCESS |  
2019-08-21 15:29:53,054 | INFO  | DNAudit | user=null | ip=null | op=WRITE_CHUNK {blockData=conID: 2 locID: 102655681690141233 bcsId: 3214} | ret=SUCCESS |  
2019-08-21 15:29:53,054 | INFO  | DNAudit | user=null | ip=null | op=WRITE_CHUNK {blockData=conID: 2 locID: 102655681690141233 bcsId: 3214} | ret=SUCCESS |  
2019-08-21 15:29:53,057 | INFO  | DNAudit | user=null | ip=null | op=PUT_BLOCK {blockData=[blockId=conID: 2 locID: 102655681690141233 bcsId: 0,size=4194304]} | ret=SUCCESS |  
2019-08-21 15:29:53,057 | INFO  | DNAudit | user=null | ip=null | op=PUT_BLOCK {blockData=[blockId=conID: 2 locID: 102655681690141233 bcsId: 0,size=4194304]} | ret=SUCCESS |  
2019-08-21 15:29:53,058 [grpc-default-executor-3] INFO  client.GrpcClientProtocolClient (GrpcClientProtocolClient.java:onNext(255)) - client-029E50227556->355864cd-7ac5-4934-b366-9756b15dd90f: receive RaftClientReply:client-029E50227556->355864cd-7ac5-4934-b366-9756b15dd90f@group-785BCF25C267, cid=2183, SUCCESS, logIndex=0, commits[355864cd-7ac5-4934-b366-9756b15dd90f:c3220, ce4aa411-63c8-4399-99eb-27ce352844f3:c3218, 3eeffb0a-787e-48ec-a2f5-d0c540a89489:c3218]
 0.00% |█                                                                                                    |  0/1 Time: 0:00:172019-08-21 15:29:53,062 | INFO  | SCMAudit | user=jenkins1000 | ip=192.168.5.153 | op=SEND_HEARTBEAT {datanodeUUID=355864cd-7ac5-4934-b366-9756b15dd90f, command=[]} | ret=SUCCESS |  
2019-08-21 15:29:53,062 | INFO  | SCMAudit | user=jenkins1000 | ip=192.168.5.153 | op=SEND_HEARTBEAT {datanodeUUID=ce4aa411-63c8-4399-99eb-27ce352844f3, command=[]} | ret=SUCCESS |  
2019-08-21 15:29:53,062 | INFO  | SCMAudit | user=jenkins1000 | ip=192.168.5.153 | op=SEND_HEARTBEAT {datanodeUUID=3eeffb0a-787e-48ec-a2f5-d0c540a89489, command=[]} | ret=SUCCESS |  
2019-08-21 15:29:53,064 | INFO  | SCMAudit | user=jenkins1000 | ip=192.168.5.153 | op=ALLOCATE_BLOCK {owner=78849ec2-2b05-45d8-8cb5-e95e2230dbd1, size=4194304, type=RATIS, factor=THREE} | ret=SUCCESS |  
2019-08-21 15:29:53,066 | INFO  | OMAudit | user=jenkins1000 | ip=127.0.0.1 | op=ALLOCATE_BLOCK {volume=vol-0-32358, bucket=bucket-0-01949, key=key-0-56547, dataSize=0, replicationType=null, replicationFactor=null, keyLocationInfo=null, clientID=102655680532119954} | ret=SUCCESS |  
2019-08-21 15:29:53,072 | INFO  | DNAudit | user=null | ip=null | op=WRITE_CHUNK {blockData=conID: 3 locID: 102655681695842866 bcsId: 0} | ret=SUCCESS |  
2019-08-21 15:29:53,074 | INFO  | DNAudit | user=null | ip=null | op=WRITE_CHUNK {blockData=conID: 3 locID: 102655681695842866 bcsId: 0} | ret=SUCCESS |  
2019-08-21 15:29:53,075 | INFO  | DNAudit | user=null | ip=null | op=WRITE_CHUNK {blockData=conID: 3 locID: 102655681695842866 bcsId: 0} | ret=SUCCESS |  
2019-08-21 15:29:53,075 | INFO  | DNAudit | user=null | ip=null | op=WRITE_CHUNK {blockData=conID: 3 locID: 102655681695842866 bcsId: 0} | ret=SUCCESS |  
2019-08-21 15:29:53,076 | INFO  | DNAudit | user=null | ip=null | op=WRITE_CHUNK {blockData=conID: 3 locID: 102655681695842866 bcsId: 0} | ret=SUCCESS |  
2019-08-21 15:29:53,076 | INFO  | DNAudit | user=null | ip=null | op=WRITE_CHUNK {blockData=conID: 3 locID: 102655681695842866 bcsId: 0} | ret=SUCCESS |  
2019-08-21 15:29:53,083 | INFO  | DNAudit | user=null | ip=null | op=WRITE_CHUNK {blockData=conID: 3 locID: 102655681695842866 bcsId: 0} | ret=SUCCESS |  
2019-08-21 15:29:53,083 | INFO  | DNAudit | user=null | ip=null | op=PUT_BLOCK {blockData=[blockId=conID: 3 locID: 102655681695842866 bcsId: 0,size=1048576]} | ret=SUCCESS |  
2019-08-21 15:29:53,083 | INFO  | DNAudit | user=null | ip=null | op=WRITE_CHUNK {blockData=conID: 3 locID: 102655681695842866 bcsId: 0} | ret=SUCCESS |  
2019-08-21 15:29:53,083 [grpc-default-executor-0] INFO  client.GrpcClientProtocolClient (GrpcClientProtocolClient.java:onNext(255)) - client-029E50227556->355864cd-7ac5-4934-b366-9756b15dd90f: receive RaftClientReply:client-029E50227556->355864cd-7ac5-4934-b366-9756b15dd90f@group-785BCF25C267, cid=2184, SUCCESS, logIndex=3221, commits[355864cd-7ac5-4934-b366-9756b15dd90f:c3222, ce4aa411-63c8-4399-99eb-27ce352844f3:c3220, 3eeffb0a-787e-48ec-a2f5-d0c540a89489:c3220]
2019-08-21 15:29:53,084 | INFO  | DNAudit | user=null | ip=null | op=PUT_BLOCK {blockData=[blockId=conID: 3 locID: 102655681695842866 bcsId: 0,size=2097152]} | ret=SUCCESS |  
2019-08-21 15:29:53,084 [grpc-default-executor-0] INFO  client.GrpcClientProtocolClient (GrpcClientProtocolClient.java:onNext(255)) - client-029E50227556->355864cd-7ac5-4934-b366-9756b15dd90f: receive RaftClientReply:client-029E50227556->355864cd-7ac5-4934-b366-9756b15dd90f@group-785BCF25C267, cid=2185, SUCCESS, logIndex=3222, commits[355864cd-7ac5-4934-b366-9756b15dd90f:c3224, ce4aa411-63c8-4399-99eb-27ce352844f3:c3220, 3eeffb0a-787e-48ec-a2f5-d0c540a89489:c3220]
2019-08-21 15:29:53,084 [grpc-default-executor-0] INFO  client.GrpcClientProtocolClient (GrpcClientProtocolClient.java:onNext(255)) - client-029E50227556->355864cd-7ac5-4934-b366-9756b15dd90f: receive RaftClientReply:client-029E50227556->355864cd-7ac5-4934-b366-9756b15dd90f@group-785BCF25C267, cid=2186, SUCCESS, logIndex=3223, commits[355864cd-7ac5-4934-b366-9756b15dd90f:c3224, ce4aa411-63c8-4399-99eb-27ce352844f3:c3220, 3eeffb0a-787e-48ec-a2f5-d0c540a89489:c3220]
2019-08-21 15:29:53,084 [grpc-default-executor-0] INFO  client.GrpcClientProtocolClient (GrpcClientProtocolClient.java:onNext(255)) - client-029E50227556->355864cd-7ac5-4934-b366-9756b15dd90f: receive RaftClientReply:client-029E50227556->355864cd-7ac5-4934-b366-9756b15dd90f@group-785BCF25C267, cid=2187, SUCCESS, logIndex=3224, commits[355864cd-7ac5-4934-b366-9756b15dd90f:c3224, ce4aa411-63c8-4399-99eb-27ce352844f3:c3220, 3eeffb0a-787e-48ec-a2f5-d0c540a89489:c3220]
2019-08-21 15:29:53,084 | INFO  | DNAudit | user=null | ip=null | op=WRITE_CHUNK {blockData=conID: 3 locID: 102655681695842866 bcsId: 0} | ret=SUCCESS |  
2019-08-21 15:29:53,085 | INFO  | DNAudit | user=null | ip=null | op=WRITE_CHUNK {blockData=conID: 3 locID: 102655681695842866 bcsId: 0} | ret=SUCCESS |  
2019-08-21 15:29:53,085 | INFO  | DNAudit | user=null | ip=null | op=PUT_BLOCK {blockData=[blockId=conID: 3 locID: 102655681695842866 bcsId: 0,size=1048576]} | ret=SUCCESS |  
2019-08-21 15:29:53,085 | INFO  | DNAudit | user=null | ip=null | op=WRITE_CHUNK {blockData=conID: 3 locID: 102655681695842866 bcsId: 0} | ret=SUCCESS |  
2019-08-21 15:29:53,085 | INFO  | DNAudit | user=null | ip=null | op=PUT_BLOCK {blockData=[blockId=conID: 3 locID: 102655681695842866 bcsId: 0,size=2097152]} | ret=SUCCESS |  
2019-08-21 15:29:53,086 | INFO  | DNAudit | user=null | ip=null | op=PUT_BLOCK {blockData=[blockId=conID: 3 locID: 102655681695842866 bcsId: 0,size=1048576]} | ret=SUCCESS |  
2019-08-21 15:29:53,086 | INFO  | DNAudit | user=null | ip=null | op=WRITE_CHUNK {blockData=conID: 3 locID: 102655681695842866 bcsId: 0} | ret=SUCCESS |  
2019-08-21 15:29:53,086 [grpc-default-executor-0] INFO  client.GrpcClientProtocolClient (GrpcClientProtocolClient.java:onNext(255)) - client-029E50227556->355864cd-7ac5-4934-b366-9756b15dd90f: receive RaftClientReply:client-029E50227556->355864cd-7ac5-4934-b366-9756b15dd90f@group-785BCF25C267, cid=2188, SUCCESS, logIndex=0, commits[355864cd-7ac5-4934-b366-9756b15dd90f:c3228, ce4aa411-63c8-4399-99eb-27ce352844f3:c3222, 3eeffb0a-787e-48ec-a2f5-d0c540a89489:c3224]
2019-08-21 15:29:53,086 | INFO  | DNAudit | user=null | ip=null | op=PUT_BLOCK {blockData=[blockId=conID: 3 locID: 102655681695842866 bcsId: 0,size=2097152]} | ret=SUCCESS |  
2019-08-21 15:29:53,091 | INFO  | DNAudit | user=null | ip=null | op=WRITE_CHUNK {blockData=conID: 3 locID: 102655681695842866 bcsId: 3224} | ret=SUCCESS |  
2019-08-21 15:29:53,093 | INFO  | DNAudit | user=null | ip=null | op=WRITE_CHUNK {blockData=conID: 3 locID: 102655681695842866 bcsId: 3224} | ret=SUCCESS |  
2019-08-21 15:29:53,093 | INFO  | DNAudit | user=null | ip=null | op=WRITE_CHUNK {blockData=conID: 3 locID: 102655681695842866 bcsId: 3224} | ret=SUCCESS |  
2019-08-21 15:29:53,102 | INFO  | DNAudit | user=null | ip=null | op=WRITE_CHUNK {blockData=conID: 3 locID: 102655681695842866 bcsId: 3224} | ret=SUCCESS |  
2019-08-21 15:29:53,102 | INFO  | DNAudit | user=null | ip=null | op=PUT_BLOCK {blockData=[blockId=conID: 3 locID: 102655681695842866 bcsId: 0,size=3145728]} | ret=SUCCESS |  
2019-08-21 15:29:53,102 [grpc-default-executor-0] INFO  client.GrpcClientProtocolClient (GrpcClientProtocolClient.java:onNext(255)) - client-029E50227556->355864cd-7ac5-4934-b366-9756b15dd90f: receive RaftClientReply:client-029E50227556->355864cd-7ac5-4934-b366-9756b15dd90f@group-785BCF25C267, cid=2189, SUCCESS, logIndex=3229, commits[355864cd-7ac5-4934-b366-9756b15dd90f:c3230, ce4aa411-63c8-4399-99eb-27ce352844f3:c3228, 3eeffb0a-787e-48ec-a2f5-d0c540a89489:c3228]
2019-08-21 15:29:53,102 [grpc-default-executor-0] INFO  client.GrpcClientProtocolClient (GrpcClientProtocolClient.java:onNext(255)) - client-029E50227556->355864cd-7ac5-4934-b366-9756b15dd90f: receive RaftClientReply:client-029E50227556->355864cd-7ac5-4934-b366-9756b15dd90f@group-785BCF25C267, cid=2190, SUCCESS, logIndex=3230, commits[355864cd-7ac5-4934-b366-9756b15dd90f:c3230, ce4aa411-63c8-4399-99eb-27ce352844f3:c3228, 3eeffb0a-787e-48ec-a2f5-d0c540a89489:c3228]
2019-08-21 15:29:53,108 | INFO  | DNAudit | user=null | ip=null | op=WRITE_CHUNK {blockData=conID: 3 locID: 102655681695842866 bcsId: 3230} | ret=SUCCESS |  
2019-08-21 15:29:53,109 | INFO  | DNAudit | user=null | ip=null | op=WRITE_CHUNK {blockData=conID: 3 locID: 102655681695842866 bcsId: 3230} | ret=SUCCESS |  
2019-08-21 15:29:53,110 | INFO  | DNAudit | user=null | ip=null | op=WRITE_CHUNK {blockData=conID: 3 locID: 102655681695842866 bcsId: 3230} | ret=SUCCESS |  
2019-08-21 15:29:53,112 | INFO  | DNAudit | user=null | ip=null | op=WRITE_CHUNK {blockData=conID: 3 locID: 102655681695842866 bcsId: 3224} | ret=SUCCESS |  
2019-08-21 15:29:53,112 | INFO  | DNAudit | user=null | ip=null | op=WRITE_CHUNK {blockData=conID: 3 locID: 102655681695842866 bcsId: 3224} | ret=SUCCESS |  
2019-08-21 15:29:53,112 | INFO  | DNAudit | user=null | ip=null | op=PUT_BLOCK {blockData=[blockId=conID: 3 locID: 102655681695842866 bcsId: 0,size=3145728]} | ret=SUCCESS |  
2019-08-21 15:29:53,112 | INFO  | DNAudit | user=null | ip=null | op=PUT_BLOCK {blockData=[blockId=conID: 3 locID: 102655681695842866 bcsId: 0,size=3145728]} | ret=SUCCESS |  
2019-08-21 15:29:53,122 | INFO  | DNAudit | user=null | ip=null | op=WRITE_CHUNK {blockData=conID: 3 locID: 102655681695842866 bcsId: 3230} | ret=SUCCESS |  
2019-08-21 15:29:53,122 | INFO  | DNAudit | user=null | ip=null | op=PUT_BLOCK {blockData=[blockId=conID: 3 locID: 102655681695842866 bcsId: 0,size=4194304]} | ret=SUCCESS |  
2019-08-21 15:29:53,122 [grpc-default-executor-0] INFO  client.GrpcClientProtocolClient (GrpcClientProtocolClient.java:onNext(255)) - client-029E50227556->355864cd-7ac5-4934-b366-9756b15dd90f: receive RaftClientReply:client-029E50227556->355864cd-7ac5-4934-b366-9756b15dd90f@group-785BCF25C267, cid=2191, SUCCESS, logIndex=3233, commits[355864cd-7ac5-4934-b366-9756b15dd90f:c3233, ce4aa411-63c8-4399-99eb-27ce352844f3:c3230, 3eeffb0a-787e-48ec-a2f5-d0c540a89489:c3230]
2019-08-21 15:29:53,123 [grpc-default-executor-0] INFO  client.GrpcClientProtocolClient (GrpcClientProtocolClient.java:onNext(255)) - client-029E50227556->355864cd-7ac5-4934-b366-9756b15dd90f: receive RaftClientReply:client-029E50227556->355864cd-7ac5-4934-b366-9756b15dd90f@group-785BCF25C267, cid=2192, SUCCESS, logIndex=3234, commits[355864cd-7ac5-4934-b366-9756b15dd90f:c3234, ce4aa411-63c8-4399-99eb-27ce352844f3:c3230, 3eeffb0a-787e-48ec-a2f5-d0c540a89489:c3230]
2019-08-21 15:29:53,132 | INFO  | DNAudit | user=null | ip=null | op=WRITE_CHUNK {blockData=conID: 3 locID: 102655681695842866 bcsId: 3230} | ret=SUCCESS |  
2019-08-21 15:29:53,132 | INFO  | DNAudit | user=null | ip=null | op=WRITE_CHUNK {blockData=conID: 3 locID: 102655681695842866 bcsId: 3230} | ret=SUCCESS |  
2019-08-21 15:29:53,134 | INFO  | DNAudit | user=null | ip=null | op=PUT_BLOCK {blockData=[blockId=conID: 3 locID: 102655681695842866 bcsId: 0,size=4194304]} | ret=SUCCESS |  
2019-08-21 15:29:53,135 | INFO  | DNAudit | user=null | ip=null | op=PUT_BLOCK {blockData=[blockId=conID: 3 locID: 102655681695842866 bcsId: 0,size=4194304]} | ret=SUCCESS |  
2019-08-21 15:29:53,135 [grpc-default-executor-0] INFO  client.GrpcClientProtocolClient (GrpcClientProtocolClient.java:onNext(255)) - client-029E50227556->355864cd-7ac5-4934-b366-9756b15dd90f: receive RaftClientReply:client-029E50227556->355864cd-7ac5-4934-b366-9756b15dd90f@group-785BCF25C267, cid=2193, SUCCESS, logIndex=0, commits[355864cd-7ac5-4934-b366-9756b15dd90f:c3236, ce4aa411-63c8-4399-99eb-27ce352844f3:c3234, 3eeffb0a-787e-48ec-a2f5-d0c540a89489:c3234]
2019-08-21 15:29:53,139 | INFO  | SCMAudit | user=jenkins1000 | ip=192.168.5.153 | op=ALLOCATE_BLOCK {owner=78849ec2-2b05-45d8-8cb5-e95e2230dbd1, size=4194304, type=RATIS, factor=THREE} | ret=SUCCESS |  
2019-08-21 15:29:53,141 | INFO  | OMAudit | user=jenkins1000 | ip=127.0.0.1 | op=ALLOCATE_BLOCK {volume=vol-0-32358, bucket=bucket-0-01949, key=key-0-56547, dataSize=0, replicationType=null, replicationFactor=null, keyLocationInfo=null, clientID=102655680532119954} | ret=SUCCESS |  
2019-08-21 15:29:53,146 | INFO  | DNAudit | user=null | ip=null | op=WRITE_CHUNK {blockData=conID: 1 locID: 102655681700692531 bcsId: 0} | ret=SUCCESS |  
2019-08-21 15:29:53,148 | INFO  | DNAudit | user=null | ip=null | op=WRITE_CHUNK {blockData=conID: 1 locID: 102655681700692531 bcsId: 0} | ret=SUCCESS |  
2019-08-21 15:29:53,148 | INFO  | DNAudit | user=null | ip=null | op=WRITE_CHUNK {blockData=conID: 1 locID: 102655681700692531 bcsId: 0} | ret=SUCCESS |  
2019-08-21 15:29:53,148 | INFO  | DNAudit | user=null | ip=null | op=WRITE_CHUNK {blockData=conID: 1 locID: 102655681700692531 bcsId: 0} | ret=SUCCESS |  
2019-08-21 15:29:53,150 | INFO  | DNAudit | user=null | ip=null | op=WRITE_CHUNK {blockData=conID: 1 locID: 102655681700692531 bcsId: 0} | ret=SUCCESS |  
2019-08-21 15:29:53,150 | INFO  | DNAudit | user=null | ip=null | op=WRITE_CHUNK {blockData=conID: 1 locID: 102655681700692531 bcsId: 0} | ret=SUCCESS |  
2019-08-21 15:29:53,159 | INFO  | DNAudit | user=null | ip=null | op=WRITE_CHUNK {blockData=conID: 1 locID: 102655681700692531 bcsId: 0} | ret=SUCCESS |  
2019-08-21 15:29:53,159 | INFO  | DNAudit | user=null | ip=null | op=PUT_BLOCK {blockData=[blockId=conID: 1 locID: 102655681700692531 bcsId: 0,size=1048576]} | ret=SUCCESS |  
2019-08-21 15:29:53,159 [grpc-default-executor-0] INFO  client.GrpcClientProtocolClient (GrpcClientProtocolClient.java:onNext(255)) - client-029E50227556->355864cd-7ac5-4934-b366-9756b15dd90f: receive RaftClientReply:client-029E50227556->355864cd-7ac5-4934-b366-9756b15dd90f@group-785BCF25C267, cid=2194, SUCCESS, logIndex=3237, commits[355864cd-7ac5-4934-b366-9756b15dd90f:c3238, ce4aa411-63c8-4399-99eb-27ce352844f3:c3236, 3eeffb0a-787e-48ec-a2f5-d0c540a89489:c3236]
2019-08-21 15:29:53,160 [grpc-default-executor-4] INFO  client.GrpcClientProtocolClient (GrpcClientProtocolClient.java:onNext(255)) - client-029E50227556->355864cd-7ac5-4934-b366-9756b15dd90f: receive RaftClientReply:client-029E50227556->355864cd-7ac5-4934-b366-9756b15dd90f@group-785BCF25C267, cid=2195, SUCCESS, logIndex=3238, commits[355864cd-7ac5-4934-b366-9756b15dd90f:c3238, ce4aa411-63c8-4399-99eb-27ce352844f3:c3236, 3eeffb0a-787e-48ec-a2f5-d0c540a89489:c3236]
2019-08-21 15:29:53,160 | INFO  | DNAudit | user=null | ip=null | op=WRITE_CHUNK {blockData=conID: 1 locID: 102655681700692531 bcsId: 0} | ret=SUCCESS |  
2019-08-21 15:29:53,160 | INFO  | DNAudit | user=null | ip=null | op=PUT_BLOCK {blockData=[blockId=conID: 1 locID: 102655681700692531 bcsId: 0,size=2097152]} | ret=SUCCESS |  
2019-08-21 15:29:53,160 [grpc-default-executor-3] INFO  client.GrpcClientProtocolClient (GrpcClientProtocolClient.java:onNext(255)) - client-029E50227556->355864cd-7ac5-4934-b366-9756b15dd90f: receive RaftClientReply:client-029E50227556->355864cd-7ac5-4934-b366-9756b15dd90f@group-785BCF25C267, cid=2196, SUCCESS, logIndex=3239, commits[355864cd-7ac5-4934-b366-9756b15dd90f:c3240, ce4aa411-63c8-4399-99eb-27ce352844f3:c3236, 3eeffb0a-787e-48ec-a2f5-d0c540a89489:c3236]
2019-08-21 15:29:53,161 [grpc-default-executor-3] INFO  client.GrpcClientProtocolClient (GrpcClientProtocolClient.java:onNext(255)) - client-029E50227556->355864cd-7ac5-4934-b366-9756b15dd90f: receive RaftClientReply:client-029E50227556->355864cd-7ac5-4934-b366-9756b15dd90f@group-785BCF25C267, cid=2197, SUCCESS, logIndex=3240, commits[355864cd-7ac5-4934-b366-9756b15dd90f:c3240, ce4aa411-63c8-4399-99eb-27ce352844f3:c3236, 3eeffb0a-787e-48ec-a2f5-d0c540a89489:c3236]
2019-08-21 15:29:53,161 | INFO  | DNAudit | user=null | ip=null | op=WRITE_CHUNK {blockData=conID: 1 locID: 102655681700692531 bcsId: 0} | ret=SUCCESS |  
2019-08-21 15:29:53,161 | INFO  | DNAudit | user=null | ip=null | op=WRITE_CHUNK {blockData=conID: 1 locID: 102655681700692531 bcsId: 0} | ret=SUCCESS |  
2019-08-21 15:29:53,161 | INFO  | DNAudit | user=null | ip=null | op=PUT_BLOCK {blockData=[blockId=conID: 1 locID: 102655681700692531 bcsId: 0,size=1048576]} | ret=SUCCESS |  
2019-08-21 15:29:53,162 | INFO  | DNAudit | user=null | ip=null | op=PUT_BLOCK {blockData=[blockId=conID: 1 locID: 102655681700692531 bcsId: 0,size=1048576]} | ret=SUCCESS |  
2019-08-21 15:29:53,162 [grpc-default-executor-3] INFO  client.GrpcClientProtocolClient (GrpcClientProtocolClient.java:onNext(255)) - client-029E50227556->355864cd-7ac5-4934-b366-9756b15dd90f: receive RaftClientReply:client-029E50227556->355864cd-7ac5-4934-b366-9756b15dd90f@group-785BCF25C267, cid=2198, SUCCESS, logIndex=0, commits[355864cd-7ac5-4934-b366-9756b15dd90f:c3242, ce4aa411-63c8-4399-99eb-27ce352844f3:c3238, 3eeffb0a-787e-48ec-a2f5-d0c540a89489:c3238]
2019-08-21 15:29:53,162 | INFO  | DNAudit | user=null | ip=null | op=WRITE_CHUNK {blockData=conID: 1 locID: 102655681700692531 bcsId: 0} | ret=SUCCESS |  
2019-08-21 15:29:53,163 | INFO  | DNAudit | user=null | ip=null | op=PUT_BLOCK {blockData=[blockId=conID: 1 locID: 102655681700692531 bcsId: 0,size=2097152]} | ret=SUCCESS |  
2019-08-21 15:29:53,163 | INFO  | DNAudit | user=null | ip=null | op=WRITE_CHUNK {blockData=conID: 1 locID: 102655681700692531 bcsId: 0} | ret=SUCCESS |  
2019-08-21 15:29:53,163 | INFO  | DNAudit | user=null | ip=null | op=PUT_BLOCK {blockData=[blockId=conID: 1 locID: 102655681700692531 bcsId: 0,size=2097152]} | ret=SUCCESS |  
2019-08-21 15:29:53,168 | INFO  | DNAudit | user=null | ip=null | op=WRITE_CHUNK {blockData=conID: 1 locID: 102655681700692531 bcsId: 3240} | ret=SUCCESS |  
2019-08-21 15:29:53,169 | INFO  | DNAudit | user=null | ip=null | op=WRITE_CHUNK {blockData=conID: 1 locID: 102655681700692531 bcsId: 3240} | ret=SUCCESS |  
2019-08-21 15:29:53,169 | INFO  | DNAudit | user=null | ip=null | op=WRITE_CHUNK {blockData=conID: 1 locID: 102655681700692531 bcsId: 3240} | ret=SUCCESS |  
2019-08-21 15:29:53,180 | INFO  | DNAudit | user=null | ip=null | op=WRITE_CHUNK {blockData=conID: 1 locID: 102655681700692531 bcsId: 3240} | ret=SUCCESS |  
2019-08-21 15:29:53,180 | INFO  | DNAudit | user=null | ip=null | op=PUT_BLOCK {blockData=[blockId=conID: 1 locID: 102655681700692531 bcsId: 0,size=3145728]} | ret=SUCCESS |  
2019-08-21 15:29:53,180 [grpc-default-executor-2] INFO  client.GrpcClientProtocolClient (GrpcClientProtocolClient.java:onNext(255)) - client-029E50227556->355864cd-7ac5-4934-b366-9756b15dd90f: receive RaftClientReply:client-029E50227556->355864cd-7ac5-4934-b366-9756b15dd90f@group-785BCF25C267, cid=2199, SUCCESS, logIndex=3245, commits[355864cd-7ac5-4934-b366-9756b15dd90f:c3246, ce4aa411-63c8-4399-99eb-27ce352844f3:c3244, 3eeffb0a-787e-48ec-a2f5-d0c540a89489:c3244]
2019-08-21 15:29:53,181 [grpc-default-executor-2] INFO  client.GrpcClientProtocolClient (GrpcClientProtocolClient.java:onNext(255)) - client-029E50227556->355864cd-7ac5-4934-b366-9756b15dd90f: receive RaftClientReply:client-029E50227556->355864cd-7ac5-4934-b366-9756b15dd90f@group-785BCF25C267, cid=2200, SUCCESS, logIndex=3246, commits[355864cd-7ac5-4934-b366-9756b15dd90f:c3246, ce4aa411-63c8-4399-99eb-27ce352844f3:c3244, 3eeffb0a-787e-48ec-a2f5-d0c540a89489:c3244]
2019-08-21 15:29:53,186 | INFO  | DNAudit | user=null | ip=null | op=WRITE_CHUNK {blockData=conID: 1 locID: 102655681700692531 bcsId: 3246} | ret=SUCCESS |  
2019-08-21 15:29:53,188 | INFO  | DNAudit | user=null | ip=null | op=WRITE_CHUNK {blockData=conID: 1 locID: 102655681700692531 bcsId: 3246} | ret=SUCCESS |  
2019-08-21 15:29:53,188 | INFO  | DNAudit | user=null | ip=null | op=WRITE_CHUNK {blockData=conID: 1 locID: 102655681700692531 bcsId: 3246} | ret=SUCCESS |  
2019-08-21 15:29:53,191 | INFO  | DNAudit | user=null | ip=null | op=WRITE_CHUNK {blockData=conID: 1 locID: 102655681700692531 bcsId: 3240} | ret=SUCCESS |  
2019-08-21 15:29:53,191 | INFO  | DNAudit | user=null | ip=null | op=WRITE_CHUNK {blockData=conID: 1 locID: 102655681700692531 bcsId: 3240} | ret=SUCCESS |  
2019-08-21 15:29:53,194 | INFO  | DNAudit | user=null | ip=null | op=PUT_BLOCK {blockData=[blockId=conID: 1 locID: 102655681700692531 bcsId: 0,size=3145728]} | ret=SUCCESS |  
2019-08-21 15:29:53,194 | INFO  | DNAudit | user=null | ip=null | op=PUT_BLOCK {blockData=[blockId=conID: 1 locID: 102655681700692531 bcsId: 0,size=3145728]} | ret=SUCCESS |  
2019-08-21 15:29:53,194 | INFO  | DNAudit | user=null | ip=null | op=WRITE_CHUNK {blockData=conID: 1 locID: 102655681700692531 bcsId: 3246} | ret=SUCCESS |  
2019-08-21 15:29:53,195 | INFO  | DNAudit | user=null | ip=null | op=PUT_BLOCK {blockData=[blockId=conID: 1 locID: 102655681700692531 bcsId: 0,size=4194304]} | ret=SUCCESS |  
2019-08-21 15:29:53,195 [grpc-default-executor-0] INFO  client.GrpcClientProtocolClient (GrpcClientProtocolClient.java:onNext(255)) - client-029E50227556->355864cd-7ac5-4934-b366-9756b15dd90f: receive RaftClientReply:client-029E50227556->355864cd-7ac5-4934-b366-9756b15dd90f@group-785BCF25C267, cid=2201, SUCCESS, logIndex=3249, commits[355864cd-7ac5-4934-b366-9756b15dd90f:c3250, ce4aa411-63c8-4399-99eb-27ce352844f3:c3246, 3eeffb0a-787e-48ec-a2f5-d0c540a89489:c3246]
2019-08-21 15:29:53,195 [grpc-default-executor-0] INFO  client.GrpcClientProtocolClient (GrpcClientProtocolClient.java:onNext(255)) - client-029E50227556->355864cd-7ac5-4934-b366-9756b15dd90f: receive RaftClientReply:client-029E50227556->355864cd-7ac5-4934-b366-9756b15dd90f@group-785BCF25C267, cid=2202, SUCCESS, logIndex=3250, commits[355864cd-7ac5-4934-b366-9756b15dd90f:c3250, ce4aa411-63c8-4399-99eb-27ce352844f3:c3246, 3eeffb0a-787e-48ec-a2f5-d0c540a89489:c3246]
2019-08-21 15:29:53,206 | INFO  | DNAudit | user=null | ip=null | op=WRITE_CHUNK {blockData=conID: 1 locID: 102655681700692531 bcsId: 3246} | ret=SUCCESS |  
2019-08-21 15:29:53,206 | INFO  | DNAudit | user=null | ip=null | op=WRITE_CHUNK {blockData=conID: 1 locID: 102655681700692531 bcsId: 3246} | ret=SUCCESS |  
2019-08-21 15:29:53,208 | INFO  | DNAudit | user=null | ip=null | op=PUT_BLOCK {blockData=[blockId=conID: 1 locID: 102655681700692531 bcsId: 0,size=4194304]} | ret=SUCCESS |  
2019-08-21 15:29:53,208 | INFO  | DNAudit | user=null | ip=null | op=PUT_BLOCK {blockData=[blockId=conID: 1 locID: 102655681700692531 bcsId: 0,size=4194304]} | ret=SUCCESS |  
2019-08-21 15:29:53,209 [grpc-default-executor-0] INFO  client.GrpcClientProtocolClient (GrpcClientProtocolClient.java:onNext(255)) - client-029E50227556->355864cd-7ac5-4934-b366-9756b15dd90f: receive RaftClientReply:client-029E50227556->355864cd-7ac5-4934-b366-9756b15dd90f@group-785BCF25C267, cid=2203, SUCCESS, logIndex=0, commits[355864cd-7ac5-4934-b366-9756b15dd90f:c3252, ce4aa411-63c8-4399-99eb-27ce352844f3:c3250, 3eeffb0a-787e-48ec-a2f5-d0c540a89489:c3250]
2019-08-21 15:29:53,212 | INFO  | SCMAudit | user=jenkins1000 | ip=192.168.5.153 | op=ALLOCATE_BLOCK {owner=78849ec2-2b05-45d8-8cb5-e95e2230dbd1, size=4194304, type=RATIS, factor=THREE} | ret=SUCCESS |  
2019-08-21 15:29:53,215 | INFO  | OMAudit | user=jenkins1000 | ip=127.0.0.1 | op=ALLOCATE_BLOCK {volume=vol-0-32358, bucket=bucket-0-01949, key=key-0-56547, dataSize=0, replicationType=null, replicationFactor=null, keyLocationInfo=null, clientID=102655680532119954} | ret=SUCCESS |  
2019-08-21 15:29:53,221 | INFO  | DNAudit | user=null | ip=null | op=WRITE_CHUNK {blockData=conID: 2 locID: 102655681705542196 bcsId: 0} | ret=SUCCESS |  
2019-08-21 15:29:53,223 | INFO  | DNAudit | user=null | ip=null | op=WRITE_CHUNK {blockData=conID: 2 locID: 102655681705542196 bcsId: 0} | ret=SUCCESS |  
2019-08-21 15:29:53,223 | INFO  | DNAudit | user=null | ip=null | op=WRITE_CHUNK {blockData=conID: 2 locID: 102655681705542196 bcsId: 0} | ret=SUCCESS |  
2019-08-21 15:29:53,224 | INFO  | DNAudit | user=null | ip=null | op=WRITE_CHUNK {blockData=conID: 2 locID: 102655681705542196 bcsId: 0} | ret=SUCCESS |  
2019-08-21 15:29:53,225 | INFO  | DNAudit | user=null | ip=null | op=WRITE_CHUNK {blockData=conID: 2 locID: 102655681705542196 bcsId: 0} | ret=SUCCESS |  
2019-08-21 15:29:53,225 | INFO  | DNAudit | user=null | ip=null | op=WRITE_CHUNK {blockData=conID: 2 locID: 102655681705542196 bcsId: 0} | ret=SUCCESS |  
2019-08-21 15:29:53,235 | INFO  | DNAudit | user=null | ip=null | op=WRITE_CHUNK {blockData=conID: 2 locID: 102655681705542196 bcsId: 0} | ret=SUCCESS |  
2019-08-21 15:29:53,235 | INFO  | DNAudit | user=null | ip=null | op=PUT_BLOCK {blockData=[blockId=conID: 2 locID: 102655681705542196 bcsId: 0,size=1048576]} | ret=SUCCESS |  
2019-08-21 15:29:53,236 | INFO  | DNAudit | user=null | ip=null | op=WRITE_CHUNK {blockData=conID: 2 locID: 102655681705542196 bcsId: 0} | ret=SUCCESS |  
2019-08-21 15:29:53,235 [grpc-default-executor-0] INFO  client.GrpcClientProtocolClient (GrpcClientProtocolClient.java:onNext(255)) - client-029E50227556->355864cd-7ac5-4934-b366-9756b15dd90f: receive RaftClientReply:client-029E50227556->355864cd-7ac5-4934-b366-9756b15dd90f@group-785BCF25C267, cid=2204, SUCCESS, logIndex=3253, commits[355864cd-7ac5-4934-b366-9756b15dd90f:c3254, ce4aa411-63c8-4399-99eb-27ce352844f3:c3252, 3eeffb0a-787e-48ec-a2f5-d0c540a89489:c3252]
2019-08-21 15:29:53,236 | INFO  | DNAudit | user=null | ip=null | op=PUT_BLOCK {blockData=[blockId=conID: 2 locID: 102655681705542196 bcsId: 0,size=2097152]} | ret=SUCCESS |  
2019-08-21 15:29:53,236 [grpc-default-executor-0] INFO  client.GrpcClientProtocolClient (GrpcClientProtocolClient.java:onNext(255)) - client-029E50227556->355864cd-7ac5-4934-b366-9756b15dd90f: receive RaftClientReply:client-029E50227556->355864cd-7ac5-4934-b366-9756b15dd90f@group-785BCF25C267, cid=2205, SUCCESS, logIndex=3254, commits[355864cd-7ac5-4934-b366-9756b15dd90f:c3256, ce4aa411-63c8-4399-99eb-27ce352844f3:c3252, 3eeffb0a-787e-48ec-a2f5-d0c540a89489:c3252]
2019-08-21 15:29:53,236 [grpc-default-executor-0] INFO  client.GrpcClientProtocolClient (GrpcClientProtocolClient.java:onNext(255)) - client-029E50227556->355864cd-7ac5-4934-b366-9756b15dd90f: receive RaftClientReply:client-029E50227556->355864cd-7ac5-4934-b366-9756b15dd90f@group-785BCF25C267, cid=2206, SUCCESS, logIndex=3255, commits[355864cd-7ac5-4934-b366-9756b15dd90f:c3256, ce4aa411-63c8-4399-99eb-27ce352844f3:c3252, 3eeffb0a-787e-48ec-a2f5-d0c540a89489:c3252]
2019-08-21 15:29:53,236 [grpc-default-executor-0] INFO  client.GrpcClientProtocolClient (GrpcClientProtocolClient.java:onNext(255)) - client-029E50227556->355864cd-7ac5-4934-b366-9756b15dd90f: receive RaftClientReply:client-029E50227556->355864cd-7ac5-4934-b366-9756b15dd90f@group-785BCF25C267, cid=2207, SUCCESS, logIndex=3256, commits[355864cd-7ac5-4934-b366-9756b15dd90f:c3256, ce4aa411-63c8-4399-99eb-27ce352844f3:c3252, 3eeffb0a-787e-48ec-a2f5-d0c540a89489:c3252]
2019-08-21 15:29:53,247 | INFO  | DNAudit | user=null | ip=null | op=WRITE_CHUNK {blockData=conID: 2 locID: 102655681705542196 bcsId: 0} | ret=SUCCESS |  
2019-08-21 15:29:53,247 | INFO  | DNAudit | user=null | ip=null | op=PUT_BLOCK {blockData=[blockId=conID: 2 locID: 102655681705542196 bcsId: 0,size=1048576]} | ret=SUCCESS |  
2019-08-21 15:29:53,247 | INFO  | DNAudit | user=null | ip=null | op=WRITE_CHUNK {blockData=conID: 2 locID: 102655681705542196 bcsId: 0} | ret=SUCCESS |  
2019-08-21 15:29:53,248 | INFO  | DNAudit | user=null | ip=null | op=PUT_BLOCK {blockData=[blockId=conID: 2 locID: 102655681705542196 bcsId: 0,size=1048576]} | ret=SUCCESS |  
2019-08-21 15:29:53,248 | INFO  | DNAudit | user=null | ip=null | op=WRITE_CHUNK {blockData=conID: 2 locID: 102655681705542196 bcsId: 0} | ret=SUCCESS |  
2019-08-21 15:29:53,248 [grpc-default-executor-0] INFO  client.GrpcClientProtocolClient (GrpcClientProtocolClient.java:onNext(255)) - client-029E50227556->355864cd-7ac5-4934-b366-9756b15dd90f: receive RaftClientReply:client-029E50227556->355864cd-7ac5-4934-b366-9756b15dd90f@group-785BCF25C267, cid=2208, SUCCESS, logIndex=0, commits[355864cd-7ac5-4934-b366-9756b15dd90f:c3258, ce4aa411-63c8-4399-99eb-27ce352844f3:c3254, 3eeffb0a-787e-48ec-a2f5-d0c540a89489:c3254]
2019-08-21 15:29:53,248 | INFO  | DNAudit | user=null | ip=null | op=PUT_BLOCK {blockData=[blockId=conID: 2 locID: 102655681705542196 bcsId: 0,size=2097152]} | ret=SUCCESS |  
2019-08-21 15:29:53,249 | INFO  | DNAudit | user=null | ip=null | op=WRITE_CHUNK {blockData=conID: 2 locID: 102655681705542196 bcsId: 0} | ret=SUCCESS |  
2019-08-21 15:29:53,250 | INFO  | DNAudit | user=null | ip=null | op=PUT_BLOCK {blockData=[blockId=conID: 2 locID: 102655681705542196 bcsId: 0,size=2097152]} | ret=SUCCESS |  
2019-08-21 15:29:53,253 | INFO  | DNAudit | user=null | ip=null | op=WRITE_CHUNK {blockData=conID: 2 locID: 102655681705542196 bcsId: 3256} | ret=SUCCESS |  
2019-08-21 15:29:53,254 | INFO  | DNAudit | user=null | ip=null | op=WRITE_CHUNK {blockData=conID: 2 locID: 102655681705542196 bcsId: 3256} | ret=SUCCESS |  
2019-08-21 15:29:53,254 | INFO  | DNAudit | user=null | ip=null | op=WRITE_CHUNK {blockData=conID: 2 locID: 102655681705542196 bcsId: 3256} | ret=SUCCESS |  
2019-08-21 15:29:53,265 | INFO  | DNAudit | user=null | ip=null | op=WRITE_CHUNK {blockData=conID: 2 locID: 102655681705542196 bcsId: 3256} | ret=SUCCESS |  
2019-08-21 15:29:53,265 | INFO  | DNAudit | user=null | ip=null | op=PUT_BLOCK {blockData=[blockId=conID: 2 locID: 102655681705542196 bcsId: 0,size=3145728]} | ret=SUCCESS |  
2019-08-21 15:29:53,265 [grpc-default-executor-2] INFO  client.GrpcClientProtocolClient (GrpcClientProtocolClient.java:onNext(255)) - client-029E50227556->355864cd-7ac5-4934-b366-9756b15dd90f: receive RaftClientReply:client-029E50227556->355864cd-7ac5-4934-b366-9756b15dd90f@group-785BCF25C267, cid=2209, SUCCESS, logIndex=3261, commits[355864cd-7ac5-4934-b366-9756b15dd90f:c3262, ce4aa411-63c8-4399-99eb-27ce352844f3:c3260, 3eeffb0a-787e-48ec-a2f5-d0c540a89489:c3260]
2019-08-21 15:29:53,266 [grpc-default-executor-2] INFO  client.GrpcClientProtocolClient (GrpcClientProtocolClient.java:onNext(255)) - client-029E50227556->355864cd-7ac5-4934-b366-9756b15dd90f: receive RaftClientReply:client-029E50227556->355864cd-7ac5-4934-b366-9756b15dd90f@group-785BCF25C267, cid=2210, SUCCESS, logIndex=3262, commits[355864cd-7ac5-4934-b366-9756b15dd90f:c3262, ce4aa411-63c8-4399-99eb-27ce352844f3:c3260, 3eeffb0a-787e-48ec-a2f5-d0c540a89489:c3260]
2019-08-21 15:29:53,271 | INFO  | DNAudit | user=null | ip=null | op=WRITE_CHUNK {blockData=conID: 2 locID: 102655681705542196 bcsId: 3262} | ret=SUCCESS |  
2019-08-21 15:29:53,272 | INFO  | DNAudit | user=null | ip=null | op=WRITE_CHUNK {blockData=conID: 2 locID: 102655681705542196 bcsId: 3262} | ret=SUCCESS |  
2019-08-21 15:29:53,272 | INFO  | DNAudit | user=null | ip=null | op=WRITE_CHUNK {blockData=conID: 2 locID: 102655681705542196 bcsId: 3262} | ret=SUCCESS |  
2019-08-21 15:29:53,277 | INFO  | DNAudit | user=null | ip=null | op=WRITE_CHUNK {blockData=conID: 2 locID: 102655681705542196 bcsId: 3256} | ret=SUCCESS |  
2019-08-21 15:29:53,277 | INFO  | DNAudit | user=null | ip=null | op=WRITE_CHUNK {blockData=conID: 2 locID: 102655681705542196 bcsId: 3256} | ret=SUCCESS |  
2019-08-21 15:29:53,278 | INFO  | DNAudit | user=null | ip=null | op=PUT_BLOCK {blockData=[blockId=conID: 2 locID: 102655681705542196 bcsId: 0,size=3145728]} | ret=SUCCESS |  
2019-08-21 15:29:53,278 | INFO  | DNAudit | user=null | ip=null | op=PUT_BLOCK {blockData=[blockId=conID: 2 locID: 102655681705542196 bcsId: 0,size=3145728]} | ret=SUCCESS |  
2019-08-21 15:29:53,278 | INFO  | DNAudit | user=null | ip=null | op=WRITE_CHUNK {blockData=conID: 2 locID: 102655681705542196 bcsId: 3262} | ret=SUCCESS |  
2019-08-21 15:29:53,278 | INFO  | DNAudit | user=null | ip=null | op=PUT_BLOCK {blockData=[blockId=conID: 2 locID: 102655681705542196 bcsId: 0,size=4194304]} | ret=SUCCESS |  
2019-08-21 15:29:53,278 [grpc-default-executor-2] INFO  client.GrpcClientProtocolClient (GrpcClientProtocolClient.java:onNext(255)) - client-029E50227556->355864cd-7ac5-4934-b366-9756b15dd90f: receive RaftClientReply:client-029E50227556->355864cd-7ac5-4934-b366-9756b15dd90f@group-785BCF25C267, cid=2211, SUCCESS, logIndex=3265, commits[355864cd-7ac5-4934-b366-9756b15dd90f:c3266, ce4aa411-63c8-4399-99eb-27ce352844f3:c3262, 3eeffb0a-787e-48ec-a2f5-d0c540a89489:c3262]
2019-08-21 15:29:53,279 [grpc-default-executor-2] INFO  client.GrpcClientProtocolClient (GrpcClientProtocolClient.java:onNext(255)) - client-029E50227556->355864cd-7ac5-4934-b366-9756b15dd90f: receive RaftClientReply:client-029E50227556->355864cd-7ac5-4934-b366-9756b15dd90f@group-785BCF25C267, cid=2212, SUCCESS, logIndex=3266, commits[355864cd-7ac5-4934-b366-9756b15dd90f:c3266, ce4aa411-63c8-4399-99eb-27ce352844f3:c3262, 3eeffb0a-787e-48ec-a2f5-d0c540a89489:c3262]
2019-08-21 15:29:53,290 | INFO  | DNAudit | user=null | ip=null | op=WRITE_CHUNK {blockData=conID: 2 locID: 102655681705542196 bcsId: 3262} | ret=SUCCESS |  
2019-08-21 15:29:53,290 | INFO  | DNAudit | user=null | ip=null | op=WRITE_CHUNK {blockData=conID: 2 locID: 102655681705542196 bcsId: 3262} | ret=SUCCESS |  
2019-08-21 15:29:53,291 | INFO  | DNAudit | user=null | ip=null | op=PUT_BLOCK {blockData=[blockId=conID: 2 locID: 102655681705542196 bcsId: 0,size=4194304]} | ret=SUCCESS |  
2019-08-21 15:29:53,291 | INFO  | DNAudit | user=null | ip=null | op=PUT_BLOCK {blockData=[blockId=conID: 2 locID: 102655681705542196 bcsId: 0,size=4194304]} | ret=SUCCESS |  
2019-08-21 15:29:53,292 [grpc-default-executor-3] INFO  client.GrpcClientProtocolClient (GrpcClientProtocolClient.java:onNext(255)) - client-029E50227556->355864cd-7ac5-4934-b366-9756b15dd90f: receive RaftClientReply:client-029E50227556->355864cd-7ac5-4934-b366-9756b15dd90f@group-785BCF25C267, cid=2213, SUCCESS, logIndex=0, commits[355864cd-7ac5-4934-b366-9756b15dd90f:c3268, ce4aa411-63c8-4399-99eb-27ce352844f3:c3266, 3eeffb0a-787e-48ec-a2f5-d0c540a89489:c3266]
2019-08-21 15:29:53,295 | INFO  | SCMAudit | user=jenkins1000 | ip=192.168.5.153 | op=ALLOCATE_BLOCK {owner=78849ec2-2b05-45d8-8cb5-e95e2230dbd1, size=4194304, type=RATIS, factor=THREE} | ret=SUCCESS |  
2019-08-21 15:29:53,298 | INFO  | OMAudit | user=jenkins1000 | ip=127.0.0.1 | op=ALLOCATE_BLOCK {volume=vol-0-32358, bucket=bucket-0-01949, key=key-0-56547, dataSize=0, replicationType=null, replicationFactor=null, keyLocationInfo=null, clientID=102655680532119954} | ret=SUCCESS |  
2019-08-21 15:29:53,303 | INFO  | DNAudit | user=null | ip=null | op=WRITE_CHUNK {blockData=conID: 3 locID: 102655681710981685 bcsId: 0} | ret=SUCCESS |  
2019-08-21 15:29:53,304 | INFO  | DNAudit | user=null | ip=null | op=WRITE_CHUNK {blockData=conID: 3 locID: 102655681710981685 bcsId: 0} | ret=SUCCESS |  
2019-08-21 15:29:53,305 | INFO  | DNAudit | user=null | ip=null | op=WRITE_CHUNK {blockData=conID: 3 locID: 102655681710981685 bcsId: 0} | ret=SUCCESS |  
2019-08-21 15:29:53,305 | INFO  | DNAudit | user=null | ip=null | op=WRITE_CHUNK {blockData=conID: 3 locID: 102655681710981685 bcsId: 0} | ret=SUCCESS |  
2019-08-21 15:29:53,307 | INFO  | DNAudit | user=null | ip=null | op=WRITE_CHUNK {blockData=conID: 3 locID: 102655681710981685 bcsId: 0} | ret=SUCCESS |  
2019-08-21 15:29:53,307 | INFO  | DNAudit | user=null | ip=null | op=WRITE_CHUNK {blockData=conID: 3 locID: 102655681710981685 bcsId: 0} | ret=SUCCESS |  
2019-08-21 15:29:53,315 | INFO  | DNAudit | user=null | ip=null | op=WRITE_CHUNK {blockData=conID: 3 locID: 102655681710981685 bcsId: 0} | ret=SUCCESS |  
2019-08-21 15:29:53,316 | INFO  | DNAudit | user=null | ip=null | op=PUT_BLOCK {blockData=[blockId=conID: 3 locID: 102655681710981685 bcsId: 0,size=1048576]} | ret=SUCCESS |  
2019-08-21 15:29:53,316 [grpc-default-executor-0] INFO  client.GrpcClientProtocolClient (GrpcClientProtocolClient.java:onNext(255)) - client-029E50227556->355864cd-7ac5-4934-b366-9756b15dd90f: receive RaftClientReply:client-029E50227556->355864cd-7ac5-4934-b366-9756b15dd90f@group-785BCF25C267, cid=2214, SUCCESS, logIndex=3269, commits[355864cd-7ac5-4934-b366-9756b15dd90f:c3270, ce4aa411-63c8-4399-99eb-27ce352844f3:c3268, 3eeffb0a-787e-48ec-a2f5-d0c540a89489:c3268]
2019-08-21 15:29:53,316 | INFO  | DNAudit | user=null | ip=null | op=WRITE_CHUNK {blockData=conID: 3 locID: 102655681710981685 bcsId: 0} | ret=SUCCESS |  
2019-08-21 15:29:53,316 [grpc-default-executor-0] INFO  client.GrpcClientProtocolClient (GrpcClientProtocolClient.java:onNext(255)) - client-029E50227556->355864cd-7ac5-4934-b366-9756b15dd90f: receive RaftClientReply:client-029E50227556->355864cd-7ac5-4934-b366-9756b15dd90f@group-785BCF25C267, cid=2215, SUCCESS, logIndex=3270, commits[355864cd-7ac5-4934-b366-9756b15dd90f:c3270, ce4aa411-63c8-4399-99eb-27ce352844f3:c3268, 3eeffb0a-787e-48ec-a2f5-d0c540a89489:c3268]
2019-08-21 15:29:53,317 | INFO  | DNAudit | user=null | ip=null | op=PUT_BLOCK {blockData=[blockId=conID: 3 locID: 102655681710981685 bcsId: 0,size=2097152]} | ret=SUCCESS |  
2019-08-21 15:29:53,317 [grpc-default-executor-0] INFO  client.GrpcClientProtocolClient (GrpcClientProtocolClient.java:onNext(255)) - client-029E50227556->355864cd-7ac5-4934-b366-9756b15dd90f: receive RaftClientReply:client-029E50227556->355864cd-7ac5-4934-b366-9756b15dd90f@group-785BCF25C267, cid=2216, SUCCESS, logIndex=3271, commits[355864cd-7ac5-4934-b366-9756b15dd90f:c3272, ce4aa411-63c8-4399-99eb-27ce352844f3:c3268, 3eeffb0a-787e-48ec-a2f5-d0c540a89489:c3268]
2019-08-21 15:29:53,317 [grpc-default-executor-0] INFO  client.GrpcClientProtocolClient (GrpcClientProtocolClient.java:onNext(255)) - client-029E50227556->355864cd-7ac5-4934-b366-9756b15dd90f: receive RaftClientReply:client-029E50227556->355864cd-7ac5-4934-b366-9756b15dd90f@group-785BCF25C267, cid=2217, SUCCESS, logIndex=3272, commits[355864cd-7ac5-4934-b366-9756b15dd90f:c3272, ce4aa411-63c8-4399-99eb-27ce352844f3:c3268, 3eeffb0a-787e-48ec-a2f5-d0c540a89489:c3268]
2019-08-21 15:29:53,318 | INFO  | DNAudit | user=null | ip=null | op=WRITE_CHUNK {blockData=conID: 3 locID: 102655681710981685 bcsId: 0} | ret=SUCCESS |  
2019-08-21 15:29:53,318 | INFO  | DNAudit | user=null | ip=null | op=PUT_BLOCK {blockData=[blockId=conID: 3 locID: 102655681710981685 bcsId: 0,size=1048576]} | ret=SUCCESS |  
2019-08-21 15:29:53,327 | INFO  | DNAudit | user=null | ip=null | op=WRITE_CHUNK {blockData=conID: 3 locID: 102655681710981685 bcsId: 0} | ret=SUCCESS |  
2019-08-21 15:29:53,327 | INFO  | DNAudit | user=null | ip=null | op=PUT_BLOCK {blockData=[blockId=conID: 3 locID: 102655681710981685 bcsId: 0,size=1048576]} | ret=SUCCESS |  
2019-08-21 15:29:53,327 [grpc-default-executor-0] INFO  client.GrpcClientProtocolClient (GrpcClientProtocolClient.java:onNext(255)) - client-029E50227556->355864cd-7ac5-4934-b366-9756b15dd90f: receive RaftClientReply:client-029E50227556->355864cd-7ac5-4934-b366-9756b15dd90f@group-785BCF25C267, cid=2218, SUCCESS, logIndex=0, commits[355864cd-7ac5-4934-b366-9756b15dd90f:c3274, ce4aa411-63c8-4399-99eb-27ce352844f3:c3270, 3eeffb0a-787e-48ec-a2f5-d0c540a89489:c3270]
2019-08-21 15:29:53,333 | INFO  | DNAudit | user=null | ip=null | op=WRITE_CHUNK {blockData=conID: 3 locID: 102655681710981685 bcsId: 3272} | ret=SUCCESS |  
2019-08-21 15:29:53,335 | INFO  | DNAudit | user=null | ip=null | op=WRITE_CHUNK {blockData=conID: 3 locID: 102655681710981685 bcsId: 3272} | ret=SUCCESS |  
2019-08-21 15:29:53,335 | INFO  | DNAudit | user=null | ip=null | op=WRITE_CHUNK {blockData=conID: 3 locID: 102655681710981685 bcsId: 3272} | ret=SUCCESS |  
2019-08-21 15:29:53,336 | INFO  | DNAudit | user=null | ip=null | op=WRITE_CHUNK {blockData=conID: 3 locID: 102655681710981685 bcsId: 0} | ret=SUCCESS |  
2019-08-21 15:29:53,336 | INFO  | DNAudit | user=null | ip=null | op=PUT_BLOCK {blockData=[blockId=conID: 3 locID: 102655681710981685 bcsId: 0,size=2097152]} | ret=SUCCESS |  
2019-08-21 15:29:53,337 | INFO  | DNAudit | user=null | ip=null | op=WRITE_CHUNK {blockData=conID: 3 locID: 102655681710981685 bcsId: 0} | ret=SUCCESS |  
2019-08-21 15:29:53,337 | INFO  | DNAudit | user=null | ip=null | op=PUT_BLOCK {blockData=[blockId=conID: 3 locID: 102655681710981685 bcsId: 0,size=2097152]} | ret=SUCCESS |  
2019-08-21 15:29:53,337 | INFO  | DNAudit | user=null | ip=null | op=WRITE_CHUNK {blockData=conID: 3 locID: 102655681710981685 bcsId: 3272} | ret=SUCCESS |  
2019-08-21 15:29:53,338 | INFO  | DNAudit | user=null | ip=null | op=PUT_BLOCK {blockData=[blockId=conID: 3 locID: 102655681710981685 bcsId: 0,size=3145728]} | ret=SUCCESS |  
2019-08-21 15:29:53,338 [grpc-default-executor-0] INFO  client.GrpcClientProtocolClient (GrpcClientProtocolClient.java:onNext(255)) - client-029E50227556->355864cd-7ac5-4934-b366-9756b15dd90f: receive RaftClientReply:client-029E50227556->355864cd-7ac5-4934-b366-9756b15dd90f@group-785BCF25C267, cid=2219, SUCCESS, logIndex=3277, commits[355864cd-7ac5-4934-b366-9756b15dd90f:c3278, ce4aa411-63c8-4399-99eb-27ce352844f3:c3272, 3eeffb0a-787e-48ec-a2f5-d0c540a89489:c3274]
2019-08-21 15:29:53,338 [grpc-default-executor-0] INFO  client.GrpcClientProtocolClient (GrpcClientProtocolClient.java:onNext(255)) - client-029E50227556->355864cd-7ac5-4934-b366-9756b15dd90f: receive RaftClientReply:client-029E50227556->355864cd-7ac5-4934-b366-9756b15dd90f@group-785BCF25C267, cid=2220, SUCCESS, logIndex=3278, commits[355864cd-7ac5-4934-b366-9756b15dd90f:c3278, ce4aa411-63c8-4399-99eb-27ce352844f3:c3274, 3eeffb0a-787e-48ec-a2f5-d0c540a89489:c3274]
2019-08-21 15:29:53,339 | INFO  | DNAudit | user=null | ip=null | op=WRITE_CHUNK {blockData=conID: 3 locID: 102655681710981685 bcsId: 3272} | ret=SUCCESS |  
2019-08-21 15:29:53,339 | INFO  | DNAudit | user=null | ip=null | op=WRITE_CHUNK {blockData=conID: 3 locID: 102655681710981685 bcsId: 3272} | ret=SUCCESS |  
2019-08-21 15:29:53,339 | INFO  | DNAudit | user=null | ip=null | op=PUT_BLOCK {blockData=[blockId=conID: 3 locID: 102655681710981685 bcsId: 0,size=3145728]} | ret=SUCCESS |  
2019-08-21 15:29:53,339 | INFO  | DNAudit | user=null | ip=null | op=PUT_BLOCK {blockData=[blockId=conID: 3 locID: 102655681710981685 bcsId: 0,size=3145728]} | ret=SUCCESS |  
2019-08-21 15:29:53,344 | INFO  | DNAudit | user=null | ip=null | op=WRITE_CHUNK {blockData=conID: 3 locID: 102655681710981685 bcsId: 3278} | ret=SUCCESS |  
2019-08-21 15:29:53,345 | INFO  | DNAudit | user=null | ip=null | op=WRITE_CHUNK {blockData=conID: 3 locID: 102655681710981685 bcsId: 3278} | ret=SUCCESS |  
2019-08-21 15:29:53,346 | INFO  | DNAudit | user=null | ip=null | op=WRITE_CHUNK {blockData=conID: 3 locID: 102655681710981685 bcsId: 3278} | ret=SUCCESS |  
2019-08-21 15:29:53,355 | INFO  | DNAudit | user=null | ip=null | op=WRITE_CHUNK {blockData=conID: 3 locID: 102655681710981685 bcsId: 3278} | ret=SUCCESS |  
2019-08-21 15:29:53,355 | INFO  | DNAudit | user=null | ip=null | op=PUT_BLOCK {blockData=[blockId=conID: 3 locID: 102655681710981685 bcsId: 0,size=4194304]} | ret=SUCCESS |  
2019-08-21 15:29:53,355 [grpc-default-executor-3] INFO  client.GrpcClientProtocolClient (GrpcClientProtocolClient.java:onNext(255)) - client-029E50227556->355864cd-7ac5-4934-b366-9756b15dd90f: receive RaftClientReply:client-029E50227556->355864cd-7ac5-4934-b366-9756b15dd90f@group-785BCF25C267, cid=2221, SUCCESS, logIndex=3281, commits[355864cd-7ac5-4934-b366-9756b15dd90f:c3282, ce4aa411-63c8-4399-99eb-27ce352844f3:c3280, 3eeffb0a-787e-48ec-a2f5-d0c540a89489:c3280]
2019-08-21 15:29:53,355 [grpc-default-executor-3] INFO  client.GrpcClientProtocolClient (GrpcClientProtocolClient.java:onNext(255)) - client-029E50227556->355864cd-7ac5-4934-b366-9756b15dd90f: receive RaftClientReply:client-029E50227556->355864cd-7ac5-4934-b366-9756b15dd90f@group-785BCF25C267, cid=2222, SUCCESS, logIndex=3282, commits[355864cd-7ac5-4934-b366-9756b15dd90f:c3282, ce4aa411-63c8-4399-99eb-27ce352844f3:c3280, 3eeffb0a-787e-48ec-a2f5-d0c540a89489:c3280]
2019-08-21 15:29:53,356 | INFO  | DNAudit | user=null | ip=null | op=WRITE_CHUNK {blockData=conID: 3 locID: 102655681710981685 bcsId: 3278} | ret=SUCCESS |  
2019-08-21 15:29:53,356 | INFO  | DNAudit | user=null | ip=null | op=WRITE_CHUNK {blockData=conID: 3 locID: 102655681710981685 bcsId: 3278} | ret=SUCCESS |  
2019-08-21 15:29:53,358 | INFO  | DNAudit | user=null | ip=null | op=PUT_BLOCK {blockData=[blockId=conID: 3 locID: 102655681710981685 bcsId: 0,size=4194304]} | ret=SUCCESS |  
2019-08-21 15:29:53,358 | INFO  | DNAudit | user=null | ip=null | op=PUT_BLOCK {blockData=[blockId=conID: 3 locID: 102655681710981685 bcsId: 0,size=4194304]} | ret=SUCCESS |  
2019-08-21 15:29:53,358 [grpc-default-executor-3] INFO  client.GrpcClientProtocolClient (GrpcClientProtocolClient.java:onNext(255)) - client-029E50227556->355864cd-7ac5-4934-b366-9756b15dd90f: receive RaftClientReply:client-029E50227556->355864cd-7ac5-4934-b366-9756b15dd90f@group-785BCF25C267, cid=2223, SUCCESS, logIndex=0, commits[355864cd-7ac5-4934-b366-9756b15dd90f:c3284, ce4aa411-63c8-4399-99eb-27ce352844f3:c3282, 3eeffb0a-787e-48ec-a2f5-d0c540a89489:c3282]
2019-08-21 15:29:53,364 | INFO  | SCMAudit | user=jenkins1000 | ip=192.168.5.153 | op=ALLOCATE_BLOCK {owner=78849ec2-2b05-45d8-8cb5-e95e2230dbd1, size=4194304, type=RATIS, factor=THREE} | ret=SUCCESS |  
2019-08-21 15:29:53,368 | INFO  | OMAudit | user=jenkins1000 | ip=127.0.0.1 | op=ALLOCATE_BLOCK {volume=vol-0-32358, bucket=bucket-0-01949, key=key-0-56547, dataSize=0, replicationType=null, replicationFactor=null, keyLocationInfo=null, clientID=102655680532119954} | ret=SUCCESS |  
2019-08-21 15:29:53,373 | INFO  | DNAudit | user=null | ip=null | op=WRITE_CHUNK {blockData=conID: 1 locID: 102655681715503670 bcsId: 0} | ret=SUCCESS |  
2019-08-21 15:29:53,375 | INFO  | DNAudit | user=null | ip=null | op=WRITE_CHUNK {blockData=conID: 1 locID: 102655681715503670 bcsId: 0} | ret=SUCCESS |  
2019-08-21 15:29:53,376 | INFO  | DNAudit | user=null | ip=null | op=WRITE_CHUNK {blockData=conID: 1 locID: 102655681715503670 bcsId: 0} | ret=SUCCESS |  
2019-08-21 15:29:53,376 | INFO  | DNAudit | user=null | ip=null | op=WRITE_CHUNK {blockData=conID: 1 locID: 102655681715503670 bcsId: 0} | ret=SUCCESS |  
2019-08-21 15:29:53,377 | INFO  | DNAudit | user=null | ip=null | op=WRITE_CHUNK {blockData=conID: 1 locID: 102655681715503670 bcsId: 0} | ret=SUCCESS |  
2019-08-21 15:29:53,377 | INFO  | DNAudit | user=null | ip=null | op=WRITE_CHUNK {blockData=conID: 1 locID: 102655681715503670 bcsId: 0} | ret=SUCCESS |  
2019-08-21 15:29:53,394 | INFO  | DNAudit | user=null | ip=null | op=WRITE_CHUNK {blockData=conID: 1 locID: 102655681715503670 bcsId: 0} | ret=SUCCESS |  
2019-08-21 15:29:53,394 | INFO  | DNAudit | user=null | ip=null | op=PUT_BLOCK {blockData=[blockId=conID: 1 locID: 102655681715503670 bcsId: 0,size=1048576]} | ret=SUCCESS |  
2019-08-21 15:29:53,394 [grpc-default-executor-0] INFO  client.GrpcClientProtocolClient (GrpcClientProtocolClient.java:onNext(255)) - client-029E50227556->355864cd-7ac5-4934-b366-9756b15dd90f: receive RaftClientReply:client-029E50227556->355864cd-7ac5-4934-b366-9756b15dd90f@group-785BCF25C267, cid=2224, SUCCESS, logIndex=3285, commits[355864cd-7ac5-4934-b366-9756b15dd90f:c3287, ce4aa411-63c8-4399-99eb-27ce352844f3:c3284, 3eeffb0a-787e-48ec-a2f5-d0c540a89489:c3284]
2019-08-21 15:29:53,394 | INFO  | DNAudit | user=null | ip=null | op=WRITE_CHUNK {blockData=conID: 1 locID: 102655681715503670 bcsId: 0} | ret=SUCCESS |  
2019-08-21 15:29:53,395 [grpc-default-executor-0] INFO  client.GrpcClientProtocolClient (GrpcClientProtocolClient.java:onNext(255)) - client-029E50227556->355864cd-7ac5-4934-b366-9756b15dd90f: receive RaftClientReply:client-029E50227556->355864cd-7ac5-4934-b366-9756b15dd90f@group-785BCF25C267, cid=2225, SUCCESS, logIndex=3286, commits[355864cd-7ac5-4934-b366-9756b15dd90f:c3288, ce4aa411-63c8-4399-99eb-27ce352844f3:c3284, 3eeffb0a-787e-48ec-a2f5-d0c540a89489:c3284]
2019-08-21 15:29:53,395 | INFO  | DNAudit | user=null | ip=null | op=PUT_BLOCK {blockData=[blockId=conID: 1 locID: 102655681715503670 bcsId: 0,size=2097152]} | ret=SUCCESS |  
2019-08-21 15:29:53,395 | INFO  | DNAudit | user=null | ip=null | op=WRITE_CHUNK {blockData=conID: 1 locID: 102655681715503670 bcsId: 0} | ret=SUCCESS |  
2019-08-21 15:29:53,395 [grpc-default-executor-3] INFO  client.GrpcClientProtocolClient (GrpcClientProtocolClient.java:onNext(255)) - client-029E50227556->355864cd-7ac5-4934-b366-9756b15dd90f: receive RaftClientReply:client-029E50227556->355864cd-7ac5-4934-b366-9756b15dd90f@group-785BCF25C267, cid=2226, SUCCESS, logIndex=3287, commits[355864cd-7ac5-4934-b366-9756b15dd90f:c3288, ce4aa411-63c8-4399-99eb-27ce352844f3:c3284, 3eeffb0a-787e-48ec-a2f5-d0c540a89489:c3284]
2019-08-21 15:29:53,395 | INFO  | DNAudit | user=null | ip=null | op=WRITE_CHUNK {blockData=conID: 1 locID: 102655681715503670 bcsId: 0} | ret=SUCCESS |  
2019-08-21 15:29:53,395 | INFO  | DNAudit | user=null | ip=null | op=PUT_BLOCK {blockData=[blockId=conID: 1 locID: 102655681715503670 bcsId: 0,size=1048576]} | ret=SUCCESS |  
2019-08-21 15:29:53,395 [grpc-default-executor-3] INFO  client.GrpcClientProtocolClient (GrpcClientProtocolClient.java:onNext(255)) - client-029E50227556->355864cd-7ac5-4934-b366-9756b15dd90f: receive RaftClientReply:client-029E50227556->355864cd-7ac5-4934-b366-9756b15dd90f@group-785BCF25C267, cid=2227, SUCCESS, logIndex=3288, commits[355864cd-7ac5-4934-b366-9756b15dd90f:c3288, ce4aa411-63c8-4399-99eb-27ce352844f3:c3284, 3eeffb0a-787e-48ec-a2f5-d0c540a89489:c3284]
2019-08-21 15:29:53,396 | INFO  | DNAudit | user=null | ip=null | op=PUT_BLOCK {blockData=[blockId=conID: 1 locID: 102655681715503670 bcsId: 0,size=1048576]} | ret=SUCCESS |  
2019-08-21 15:29:53,396 | INFO  | DNAudit | user=null | ip=null | op=WRITE_CHUNK {blockData=conID: 1 locID: 102655681715503670 bcsId: 0} | ret=SUCCESS |  
2019-08-21 15:29:53,396 | INFO  | DNAudit | user=null | ip=null | op=PUT_BLOCK {blockData=[blockId=conID: 1 locID: 102655681715503670 bcsId: 0,size=2097152]} | ret=SUCCESS |  
2019-08-21 15:29:53,397 | INFO  | DNAudit | user=null | ip=null | op=WRITE_CHUNK {blockData=conID: 1 locID: 102655681715503670 bcsId: 0} | ret=SUCCESS |  
2019-08-21 15:29:53,397 [grpc-default-executor-3] INFO  client.GrpcClientProtocolClient (GrpcClientProtocolClient.java:onNext(255)) - client-029E50227556->355864cd-7ac5-4934-b366-9756b15dd90f: receive RaftClientReply:client-029E50227556->355864cd-7ac5-4934-b366-9756b15dd90f@group-785BCF25C267, cid=2228, SUCCESS, logIndex=0, commits[355864cd-7ac5-4934-b366-9756b15dd90f:c3289, ce4aa411-63c8-4399-99eb-27ce352844f3:c3286, 3eeffb0a-787e-48ec-a2f5-d0c540a89489:c3286]
2019-08-21 15:29:53,397 | INFO  | DNAudit | user=null | ip=null | op=PUT_BLOCK {blockData=[blockId=conID: 1 locID: 102655681715503670 bcsId: 0,size=2097152]} | ret=SUCCESS |  
2019-08-21 15:29:53,402 | INFO  | DNAudit | user=null | ip=null | op=WRITE_CHUNK {blockData=conID: 1 locID: 102655681715503670 bcsId: 3288} | ret=SUCCESS |  
2019-08-21 15:29:53,404 | INFO  | DNAudit | user=null | ip=null | op=WRITE_CHUNK {blockData=conID: 1 locID: 102655681715503670 bcsId: 3288} | ret=SUCCESS |  
2019-08-21 15:29:53,404 | INFO  | DNAudit | user=null | ip=null | op=WRITE_CHUNK {blockData=conID: 1 locID: 102655681715503670 bcsId: 3288} | ret=SUCCESS |  
2019-08-21 15:29:53,417 | INFO  | DNAudit | user=null | ip=null | op=WRITE_CHUNK {blockData=conID: 1 locID: 102655681715503670 bcsId: 3288} | ret=SUCCESS |  
2019-08-21 15:29:53,417 | INFO  | DNAudit | user=null | ip=null | op=PUT_BLOCK {blockData=[blockId=conID: 1 locID: 102655681715503670 bcsId: 0,size=3145728]} | ret=SUCCESS |  
2019-08-21 15:29:53,417 [grpc-default-executor-3] INFO  client.GrpcClientProtocolClient (GrpcClientProtocolClient.java:onNext(255)) - client-029E50227556->355864cd-7ac5-4934-b366-9756b15dd90f: receive RaftClientReply:client-029E50227556->355864cd-7ac5-4934-b366-9756b15dd90f@group-785BCF25C267, cid=2229, SUCCESS, logIndex=3293, commits[355864cd-7ac5-4934-b366-9756b15dd90f:c3294, ce4aa411-63c8-4399-99eb-27ce352844f3:c3292, 3eeffb0a-787e-48ec-a2f5-d0c540a89489:c3292]
2019-08-21 15:29:53,418 [grpc-default-executor-3] INFO  client.GrpcClientProtocolClient (GrpcClientProtocolClient.java:onNext(255)) - client-029E50227556->355864cd-7ac5-4934-b366-9756b15dd90f: receive RaftClientReply:client-029E50227556->355864cd-7ac5-4934-b366-9756b15dd90f@group-785BCF25C267, cid=2230, SUCCESS, logIndex=3294, commits[355864cd-7ac5-4934-b366-9756b15dd90f:c3294, ce4aa411-63c8-4399-99eb-27ce352844f3:c3292, 3eeffb0a-787e-48ec-a2f5-d0c540a89489:c3292]
2019-08-21 15:29:53,423 | INFO  | DNAudit | user=null | ip=null | op=WRITE_CHUNK {blockData=conID: 1 locID: 102655681715503670 bcsId: 3294} | ret=SUCCESS |  
2019-08-21 15:29:53,425 | INFO  | DNAudit | user=null | ip=null | op=WRITE_CHUNK {blockData=conID: 1 locID: 102655681715503670 bcsId: 3294} | ret=SUCCESS |  
2019-08-21 15:29:53,425 | INFO  | DNAudit | user=null | ip=null | op=WRITE_CHUNK {blockData=conID: 1 locID: 102655681715503670 bcsId: 3294} | ret=SUCCESS |  
2019-08-21 15:29:53,429 | INFO  | DNAudit | user=null | ip=null | op=WRITE_CHUNK {blockData=conID: 1 locID: 102655681715503670 bcsId: 3288} | ret=SUCCESS |  
2019-08-21 15:29:53,429 | INFO  | DNAudit | user=null | ip=null | op=WRITE_CHUNK {blockData=conID: 1 locID: 102655681715503670 bcsId: 3288} | ret=SUCCESS |  
2019-08-21 15:29:53,431 | INFO  | DNAudit | user=null | ip=null | op=PUT_BLOCK {blockData=[blockId=conID: 1 locID: 102655681715503670 bcsId: 0,size=3145728]} | ret=SUCCESS |  
2019-08-21 15:29:53,431 | INFO  | DNAudit | user=null | ip=null | op=PUT_BLOCK {blockData=[blockId=conID: 1 locID: 102655681715503670 bcsId: 0,size=3145728]} | ret=SUCCESS |  
2019-08-21 15:29:53,432 | INFO  | DNAudit | user=null | ip=null | op=WRITE_CHUNK {blockData=conID: 1 locID: 102655681715503670 bcsId: 3294} | ret=SUCCESS |  
2019-08-21 15:29:53,432 | INFO  | DNAudit | user=null | ip=null | op=PUT_BLOCK {blockData=[blockId=conID: 1 locID: 102655681715503670 bcsId: 0,size=4194304]} | ret=SUCCESS |  
2019-08-21 15:29:53,432 [grpc-default-executor-0] INFO  client.GrpcClientProtocolClient (GrpcClientProtocolClient.java:onNext(255)) - client-029E50227556->355864cd-7ac5-4934-b366-9756b15dd90f: receive RaftClientReply:client-029E50227556->355864cd-7ac5-4934-b366-9756b15dd90f@group-785BCF25C267, cid=2231, SUCCESS, logIndex=3297, commits[355864cd-7ac5-4934-b366-9756b15dd90f:c3298, ce4aa411-63c8-4399-99eb-27ce352844f3:c3294, 3eeffb0a-787e-48ec-a2f5-d0c540a89489:c3294]
2019-08-21 15:29:53,433 [grpc-default-executor-0] INFO  client.GrpcClientProtocolClient (GrpcClientProtocolClient.java:onNext(255)) - client-029E50227556->355864cd-7ac5-4934-b366-9756b15dd90f: receive RaftClientReply:client-029E50227556->355864cd-7ac5-4934-b366-9756b15dd90f@group-785BCF25C267, cid=2232, SUCCESS, logIndex=3298, commits[355864cd-7ac5-4934-b366-9756b15dd90f:c3298, ce4aa411-63c8-4399-99eb-27ce352844f3:c3294, 3eeffb0a-787e-48ec-a2f5-d0c540a89489:c3294]
2019-08-21 15:29:53,447 | INFO  | DNAudit | user=null | ip=null | op=WRITE_CHUNK {blockData=conID: 1 locID: 102655681715503670 bcsId: 3294} | ret=SUCCESS |  
2019-08-21 15:29:53,447 | INFO  | DNAudit | user=null | ip=null | op=PUT_BLOCK {blockData=[blockId=conID: 1 locID: 102655681715503670 bcsId: 0,size=4194304]} | ret=SUCCESS |  
2019-08-21 15:29:53,447 | INFO  | DNAudit | user=null | ip=null | op=WRITE_CHUNK {blockData=conID: 1 locID: 102655681715503670 bcsId: 3294} | ret=SUCCESS |  
2019-08-21 15:29:53,448 | INFO  | DNAudit | user=null | ip=null | op=PUT_BLOCK {blockData=[blockId=conID: 1 locID: 102655681715503670 bcsId: 0,size=4194304]} | ret=SUCCESS |  
2019-08-21 15:29:53,448 [grpc-default-executor-0] INFO  client.GrpcClientProtocolClient (GrpcClientProtocolClient.java:onNext(255)) - client-029E50227556->355864cd-7ac5-4934-b366-9756b15dd90f: receive RaftClientReply:client-029E50227556->355864cd-7ac5-4934-b366-9756b15dd90f@group-785BCF25C267, cid=2233, SUCCESS, logIndex=0, commits[355864cd-7ac5-4934-b366-9756b15dd90f:c3299, ce4aa411-63c8-4399-99eb-27ce352844f3:c3298, 3eeffb0a-787e-48ec-a2f5-d0c540a89489:c3298]
2019-08-21 15:29:53,452 | INFO  | SCMAudit | user=jenkins1000 | ip=192.168.5.153 | op=ALLOCATE_BLOCK {owner=78849ec2-2b05-45d8-8cb5-e95e2230dbd1, size=4194304, type=RATIS, factor=THREE} | ret=SUCCESS |  
2019-08-21 15:29:53,454 | INFO  | OMAudit | user=jenkins1000 | ip=127.0.0.1 | op=ALLOCATE_BLOCK {volume=vol-0-32358, bucket=bucket-0-01949, key=key-0-56547, dataSize=0, replicationType=null, replicationFactor=null, keyLocationInfo=null, clientID=102655680532119954} | ret=SUCCESS |  
2019-08-21 15:29:53,562 | INFO  | DNAudit | user=null | ip=null | op=WRITE_CHUNK {blockData=conID: 2 locID: 102655681721270839 bcsId: 0} | ret=SUCCESS |  
2019-08-21 15:29:53,565 | INFO  | DNAudit | user=null | ip=null | op=WRITE_CHUNK {blockData=conID: 2 locID: 102655681721270839 bcsId: 0} | ret=SUCCESS |  
2019-08-21 15:29:53,566 | INFO  | DNAudit | user=null | ip=null | op=WRITE_CHUNK {blockData=conID: 2 locID: 102655681721270839 bcsId: 0} | ret=SUCCESS |  
2019-08-21 15:29:53,566 | INFO  | DNAudit | user=null | ip=null | op=WRITE_CHUNK {blockData=conID: 2 locID: 102655681721270839 bcsId: 0} | ret=SUCCESS |  
2019-08-21 15:29:53,568 | INFO  | DNAudit | user=null | ip=null | op=WRITE_CHUNK {blockData=conID: 2 locID: 102655681721270839 bcsId: 0} | ret=SUCCESS |  
2019-08-21 15:29:53,568 | INFO  | DNAudit | user=null | ip=null | op=WRITE_CHUNK {blockData=conID: 2 locID: 102655681721270839 bcsId: 0} | ret=SUCCESS |  
2019-08-21 15:29:53,575 | INFO  | DNAudit | user=null | ip=null | op=WRITE_CHUNK {blockData=conID: 2 locID: 102655681721270839 bcsId: 0} | ret=SUCCESS |  
2019-08-21 15:29:53,576 | INFO  | DNAudit | user=null | ip=null | op=PUT_BLOCK {blockData=[blockId=conID: 2 locID: 102655681721270839 bcsId: 0,size=1048576]} | ret=SUCCESS |  
2019-08-21 15:29:53,576 [grpc-default-executor-4] INFO  client.GrpcClientProtocolClient (GrpcClientProtocolClient.java:onNext(255)) - client-029E50227556->355864cd-7ac5-4934-b366-9756b15dd90f: receive RaftClientReply:client-029E50227556->355864cd-7ac5-4934-b366-9756b15dd90f@group-785BCF25C267, cid=2234, SUCCESS, logIndex=3301, commits[355864cd-7ac5-4934-b366-9756b15dd90f:c3302, ce4aa411-63c8-4399-99eb-27ce352844f3:c3300, 3eeffb0a-787e-48ec-a2f5-d0c540a89489:c3300]
2019-08-21 15:29:53,576 | INFO  | DNAudit | user=null | ip=null | op=WRITE_CHUNK {blockData=conID: 2 locID: 102655681721270839 bcsId: 0} | ret=SUCCESS |  
2019-08-21 15:29:53,576 [grpc-default-executor-0] INFO  client.GrpcClientProtocolClient (GrpcClientProtocolClient.java:onNext(255)) - client-029E50227556->355864cd-7ac5-4934-b366-9756b15dd90f: receive RaftClientReply:client-029E50227556->355864cd-7ac5-4934-b366-9756b15dd90f@group-785BCF25C267, cid=2235, SUCCESS, logIndex=3302, commits[355864cd-7ac5-4934-b366-9756b15dd90f:c3302, ce4aa411-63c8-4399-99eb-27ce352844f3:c3300, 3eeffb0a-787e-48ec-a2f5-d0c540a89489:c3300]
2019-08-21 15:29:53,577 | INFO  | DNAudit | user=null | ip=null | op=PUT_BLOCK {blockData=[blockId=conID: 2 locID: 102655681721270839 bcsId: 0,size=2097152]} | ret=SUCCESS |  
2019-08-21 15:29:53,577 [grpc-default-executor-3] INFO  client.GrpcClientProtocolClient (GrpcClientProtocolClient.java:onNext(255)) - client-029E50227556->355864cd-7ac5-4934-b366-9756b15dd90f: receive RaftClientReply:client-029E50227556->355864cd-7ac5-4934-b366-9756b15dd90f@group-785BCF25C267, cid=2236, SUCCESS, logIndex=3303, commits[355864cd-7ac5-4934-b366-9756b15dd90f:c3304, ce4aa411-63c8-4399-99eb-27ce352844f3:c3300, 3eeffb0a-787e-48ec-a2f5-d0c540a89489:c3300]
2019-08-21 15:29:53,577 [grpc-default-executor-3] INFO  client.GrpcClientProtocolClient (GrpcClientProtocolClient.java:onNext(255)) - client-029E50227556->355864cd-7ac5-4934-b366-9756b15dd90f: receive RaftClientReply:client-029E50227556->355864cd-7ac5-4934-b366-9756b15dd90f@group-785BCF25C267, cid=2237, SUCCESS, logIndex=3304, commits[355864cd-7ac5-4934-b366-9756b15dd90f:c3304, ce4aa411-63c8-4399-99eb-27ce352844f3:c3300, 3eeffb0a-787e-48ec-a2f5-d0c540a89489:c3300]
2019-08-21 15:29:53,577 | INFO  | DNAudit | user=null | ip=null | op=WRITE_CHUNK {blockData=conID: 2 locID: 102655681721270839 bcsId: 0} | ret=SUCCESS |  
2019-08-21 15:29:53,577 | INFO  | DNAudit | user=null | ip=null | op=PUT_BLOCK {blockData=[blockId=conID: 2 locID: 102655681721270839 bcsId: 0,size=1048576]} | ret=SUCCESS |  
2019-08-21 15:29:53,578 | INFO  | DNAudit | user=null | ip=null | op=WRITE_CHUNK {blockData=conID: 2 locID: 102655681721270839 bcsId: 0} | ret=SUCCESS |  
2019-08-21 15:29:53,578 | INFO  | DNAudit | user=null | ip=null | op=PUT_BLOCK {blockData=[blockId=conID: 2 locID: 102655681721270839 bcsId: 0,size=1048576]} | ret=SUCCESS |  
2019-08-21 15:29:53,578 [grpc-default-executor-0] INFO  client.GrpcClientProtocolClient (GrpcClientProtocolClient.java:onNext(255)) - client-029E50227556->355864cd-7ac5-4934-b366-9756b15dd90f: receive RaftClientReply:client-029E50227556->355864cd-7ac5-4934-b366-9756b15dd90f@group-785BCF25C267, cid=2238, SUCCESS, logIndex=0, commits[355864cd-7ac5-4934-b366-9756b15dd90f:c3306, ce4aa411-63c8-4399-99eb-27ce352844f3:c3302, 3eeffb0a-787e-48ec-a2f5-d0c540a89489:c3302]
2019-08-21 15:29:53,578 | INFO  | DNAudit | user=null | ip=null | op=WRITE_CHUNK {blockData=conID: 2 locID: 102655681721270839 bcsId: 0} | ret=SUCCESS |  
2019-08-21 15:29:53,578 | INFO  | DNAudit | user=null | ip=null | op=PUT_BLOCK {blockData=[blockId=conID: 2 locID: 102655681721270839 bcsId: 0,size=2097152]} | ret=SUCCESS |  
2019-08-21 15:29:53,578 | INFO  | DNAudit | user=null | ip=null | op=WRITE_CHUNK {blockData=conID: 2 locID: 102655681721270839 bcsId: 0} | ret=SUCCESS |  
2019-08-21 15:29:53,578 | INFO  | DNAudit | user=null | ip=null | op=PUT_BLOCK {blockData=[blockId=conID: 2 locID: 102655681721270839 bcsId: 0,size=2097152]} | ret=SUCCESS |  
2019-08-21 15:29:53,584 | INFO  | DNAudit | user=null | ip=null | op=WRITE_CHUNK {blockData=conID: 2 locID: 102655681721270839 bcsId: 3304} | ret=SUCCESS |  
2019-08-21 15:29:53,585 | INFO  | DNAudit | user=null | ip=null | op=WRITE_CHUNK {blockData=conID: 2 locID: 102655681721270839 bcsId: 3304} | ret=SUCCESS |  
2019-08-21 15:29:53,585 | INFO  | DNAudit | user=null | ip=null | op=WRITE_CHUNK {blockData=conID: 2 locID: 102655681721270839 bcsId: 3304} | ret=SUCCESS |  
2019-08-21 15:29:53,596 | INFO  | DNAudit | user=null | ip=null | op=WRITE_CHUNK {blockData=conID: 2 locID: 102655681721270839 bcsId: 3304} | ret=SUCCESS |  
2019-08-21 15:29:53,596 | INFO  | DNAudit | user=null | ip=null | op=PUT_BLOCK {blockData=[blockId=conID: 2 locID: 102655681721270839 bcsId: 0,size=3145728]} | ret=SUCCESS |  
2019-08-21 15:29:53,596 [grpc-default-executor-0] INFO  client.GrpcClientProtocolClient (GrpcClientProtocolClient.java:onNext(255)) - client-029E50227556->355864cd-7ac5-4934-b366-9756b15dd90f: receive RaftClientReply:client-029E50227556->355864cd-7ac5-4934-b366-9756b15dd90f@group-785BCF25C267, cid=2239, SUCCESS, logIndex=3308, commits[355864cd-7ac5-4934-b366-9756b15dd90f:c3309, ce4aa411-63c8-4399-99eb-27ce352844f3:c3307, 3eeffb0a-787e-48ec-a2f5-d0c540a89489:c3307]
2019-08-21 15:29:53,597 [grpc-default-executor-0] INFO  client.GrpcClientProtocolClient (GrpcClientProtocolClient.java:onNext(255)) - client-029E50227556->355864cd-7ac5-4934-b366-9756b15dd90f: receive RaftClientReply:client-029E50227556->355864cd-7ac5-4934-b366-9756b15dd90f@group-785BCF25C267, cid=2240, SUCCESS, logIndex=3309, commits[355864cd-7ac5-4934-b366-9756b15dd90f:c3309, ce4aa411-63c8-4399-99eb-27ce352844f3:c3307, 3eeffb0a-787e-48ec-a2f5-d0c540a89489:c3307]
2019-08-21 15:29:53,602 | INFO  | DNAudit | user=null | ip=null | op=WRITE_CHUNK {blockData=conID: 2 locID: 102655681721270839 bcsId: 3309} | ret=SUCCESS |  
2019-08-21 15:29:53,603 | INFO  | DNAudit | user=null | ip=null | op=WRITE_CHUNK {blockData=conID: 2 locID: 102655681721270839 bcsId: 3309} | ret=SUCCESS |  
2019-08-21 15:29:53,603 | INFO  | DNAudit | user=null | ip=null | op=WRITE_CHUNK {blockData=conID: 2 locID: 102655681721270839 bcsId: 3309} | ret=SUCCESS |  
2019-08-21 15:29:53,607 | INFO  | DNAudit | user=null | ip=null | op=WRITE_CHUNK {blockData=conID: 2 locID: 102655681721270839 bcsId: 3304} | ret=SUCCESS |  
2019-08-21 15:29:53,607 | INFO  | DNAudit | user=null | ip=null | op=WRITE_CHUNK {blockData=conID: 2 locID: 102655681721270839 bcsId: 3304} | ret=SUCCESS |  
2019-08-21 15:29:53,609 | INFO  | DNAudit | user=null | ip=null | op=PUT_BLOCK {blockData=[blockId=conID: 2 locID: 102655681721270839 bcsId: 0,size=3145728]} | ret=SUCCESS |  
2019-08-21 15:29:53,609 | INFO  | DNAudit | user=null | ip=null | op=PUT_BLOCK {blockData=[blockId=conID: 2 locID: 102655681721270839 bcsId: 0,size=3145728]} | ret=SUCCESS |  
2019-08-21 15:29:53,609 | INFO  | DNAudit | user=null | ip=null | op=WRITE_CHUNK {blockData=conID: 2 locID: 102655681721270839 bcsId: 3309} | ret=SUCCESS |  
2019-08-21 15:29:53,609 | INFO  | DNAudit | user=null | ip=null | op=PUT_BLOCK {blockData=[blockId=conID: 2 locID: 102655681721270839 bcsId: 0,size=4194304]} | ret=SUCCESS |  
2019-08-21 15:29:53,610 [grpc-default-executor-4] INFO  client.GrpcClientProtocolClient (GrpcClientProtocolClient.java:onNext(255)) - client-029E50227556->355864cd-7ac5-4934-b366-9756b15dd90f: receive RaftClientReply:client-029E50227556->355864cd-7ac5-4934-b366-9756b15dd90f@group-785BCF25C267, cid=2241, SUCCESS, logIndex=3312, commits[355864cd-7ac5-4934-b366-9756b15dd90f:c3313, ce4aa411-63c8-4399-99eb-27ce352844f3:c3309, 3eeffb0a-787e-48ec-a2f5-d0c540a89489:c3309]
2019-08-21 15:29:53,610 [grpc-default-executor-4] INFO  client.GrpcClientProtocolClient (GrpcClientProtocolClient.java:onNext(255)) - client-029E50227556->355864cd-7ac5-4934-b366-9756b15dd90f: receive RaftClientReply:client-029E50227556->355864cd-7ac5-4934-b366-9756b15dd90f@group-785BCF25C267, cid=2242, SUCCESS, logIndex=3313, commits[355864cd-7ac5-4934-b366-9756b15dd90f:c3313, ce4aa411-63c8-4399-99eb-27ce352844f3:c3309, 3eeffb0a-787e-48ec-a2f5-d0c540a89489:c3309]
2019-08-21 15:29:53,620 | INFO  | DNAudit | user=null | ip=null | op=WRITE_CHUNK {blockData=conID: 2 locID: 102655681721270839 bcsId: 3309} | ret=SUCCESS |  
2019-08-21 15:29:53,620 | INFO  | DNAudit | user=null | ip=null | op=WRITE_CHUNK {blockData=conID: 2 locID: 102655681721270839 bcsId: 3309} | ret=SUCCESS |  
2019-08-21 15:29:53,623 | INFO  | DNAudit | user=null | ip=null | op=PUT_BLOCK {blockData=[blockId=conID: 2 locID: 102655681721270839 bcsId: 0,size=4194304]} | ret=SUCCESS |  
2019-08-21 15:29:53,623 | INFO  | DNAudit | user=null | ip=null | op=PUT_BLOCK {blockData=[blockId=conID: 2 locID: 102655681721270839 bcsId: 0,size=4194304]} | ret=SUCCESS |  
2019-08-21 15:29:53,623 [grpc-default-executor-3] INFO  client.GrpcClientProtocolClient (GrpcClientProtocolClient.java:onNext(255)) - client-029E50227556->355864cd-7ac5-4934-b366-9756b15dd90f: receive RaftClientReply:client-029E50227556->355864cd-7ac5-4934-b366-9756b15dd90f@group-785BCF25C267, cid=2243, SUCCESS, logIndex=0, commits[355864cd-7ac5-4934-b366-9756b15dd90f:c3315, ce4aa411-63c8-4399-99eb-27ce352844f3:c3313, 3eeffb0a-787e-48ec-a2f5-d0c540a89489:c3313]
2019-08-21 15:29:53,629 | INFO  | SCMAudit | user=jenkins1000 | ip=192.168.5.153 | op=ALLOCATE_BLOCK {owner=78849ec2-2b05-45d8-8cb5-e95e2230dbd1, size=4194304, type=RATIS, factor=THREE} | ret=SUCCESS |  
2019-08-21 15:29:53,632 | INFO  | OMAudit | user=jenkins1000 | ip=127.0.0.1 | op=ALLOCATE_BLOCK {volume=vol-0-32358, bucket=bucket-0-01949, key=key-0-56547, dataSize=0, replicationType=null, replicationFactor=null, keyLocationInfo=null, clientID=102655680532119954} | ret=SUCCESS |  
2019-08-21 15:29:53,637 | INFO  | DNAudit | user=null | ip=null | op=WRITE_CHUNK {blockData=conID: 3 locID: 102655681732870712 bcsId: 0} | ret=SUCCESS |  
2019-08-21 15:29:53,639 | INFO  | DNAudit | user=null | ip=null | op=WRITE_CHUNK {blockData=conID: 3 locID: 102655681732870712 bcsId: 0} | ret=SUCCESS |  
2019-08-21 15:29:53,640 | INFO  | DNAudit | user=null | ip=null | op=WRITE_CHUNK {blockData=conID: 3 locID: 102655681732870712 bcsId: 0} | ret=SUCCESS |  
2019-08-21 15:29:53,640 | INFO  | DNAudit | user=null | ip=null | op=WRITE_CHUNK {blockData=conID: 3 locID: 102655681732870712 bcsId: 0} | ret=SUCCESS |  
2019-08-21 15:29:53,642 | INFO  | DNAudit | user=null | ip=null | op=WRITE_CHUNK {blockData=conID: 3 locID: 102655681732870712 bcsId: 0} | ret=SUCCESS |  
2019-08-21 15:29:53,642 | INFO  | DNAudit | user=null | ip=null | op=WRITE_CHUNK {blockData=conID: 3 locID: 102655681732870712 bcsId: 0} | ret=SUCCESS |  
2019-08-21 15:29:53,650 | INFO  | DNAudit | user=null | ip=null | op=WRITE_CHUNK {blockData=conID: 3 locID: 102655681732870712 bcsId: 0} | ret=SUCCESS |  
2019-08-21 15:29:53,650 | INFO  | DNAudit | user=null | ip=null | op=PUT_BLOCK {blockData=[blockId=conID: 3 locID: 102655681732870712 bcsId: 0,size=1048576]} | ret=SUCCESS |  
2019-08-21 15:29:53,650 [grpc-default-executor-2] INFO  client.GrpcClientProtocolClient (GrpcClientProtocolClient.java:onNext(255)) - client-029E50227556->355864cd-7ac5-4934-b366-9756b15dd90f: receive RaftClientReply:client-029E50227556->355864cd-7ac5-4934-b366-9756b15dd90f@group-785BCF25C267, cid=2244, SUCCESS, logIndex=3316, commits[355864cd-7ac5-4934-b366-9756b15dd90f:c3317, ce4aa411-63c8-4399-99eb-27ce352844f3:c3315, 3eeffb0a-787e-48ec-a2f5-d0c540a89489:c3315]
2019-08-21 15:29:53,651 | INFO  | DNAudit | user=null | ip=null | op=WRITE_CHUNK {blockData=conID: 3 locID: 102655681732870712 bcsId: 0} | ret=SUCCESS |  
2019-08-21 15:29:53,651 [grpc-default-executor-4] INFO  client.GrpcClientProtocolClient (GrpcClientProtocolClient.java:onNext(255)) - client-029E50227556->355864cd-7ac5-4934-b366-9756b15dd90f: receive RaftClientReply:client-029E50227556->355864cd-7ac5-4934-b366-9756b15dd90f@group-785BCF25C267, cid=2245, SUCCESS, logIndex=3317, commits[355864cd-7ac5-4934-b366-9756b15dd90f:c3317, ce4aa411-63c8-4399-99eb-27ce352844f3:c3315, 3eeffb0a-787e-48ec-a2f5-d0c540a89489:c3315]
2019-08-21 15:29:53,651 | INFO  | DNAudit | user=null | ip=null | op=PUT_BLOCK {blockData=[blockId=conID: 3 locID: 102655681732870712 bcsId: 0,size=2097152]} | ret=SUCCESS |  
2019-08-21 15:29:53,651 [grpc-default-executor-0] INFO  client.GrpcClientProtocolClient (GrpcClientProtocolClient.java:onNext(255)) - client-029E50227556->355864cd-7ac5-4934-b366-9756b15dd90f: receive RaftClientReply:client-029E50227556->355864cd-7ac5-4934-b366-9756b15dd90f@group-785BCF25C267, cid=2246, SUCCESS, logIndex=3318, commits[355864cd-7ac5-4934-b366-9756b15dd90f:c3319, ce4aa411-63c8-4399-99eb-27ce352844f3:c3315, 3eeffb0a-787e-48ec-a2f5-d0c540a89489:c3315]
2019-08-21 15:29:53,651 [grpc-default-executor-0] INFO  client.GrpcClientProtocolClient (GrpcClientProtocolClient.java:onNext(255)) - client-029E50227556->355864cd-7ac5-4934-b366-9756b15dd90f: receive RaftClientReply:client-029E50227556->355864cd-7ac5-4934-b366-9756b15dd90f@group-785BCF25C267, cid=2247, SUCCESS, logIndex=3319, commits[355864cd-7ac5-4934-b366-9756b15dd90f:c3319, ce4aa411-63c8-4399-99eb-27ce352844f3:c3315, 3eeffb0a-787e-48ec-a2f5-d0c540a89489:c3315]
2019-08-21 15:29:53,664 | INFO  | DNAudit | user=null | ip=null | op=WRITE_CHUNK {blockData=conID: 3 locID: 102655681732870712 bcsId: 0} | ret=SUCCESS |  
2019-08-21 15:29:53,664 | INFO  | DNAudit | user=null | ip=null | op=PUT_BLOCK {blockData=[blockId=conID: 3 locID: 102655681732870712 bcsId: 0,size=1048576]} | ret=SUCCESS |  
2019-08-21 15:29:53,664 | INFO  | DNAudit | user=null | ip=null | op=WRITE_CHUNK {blockData=conID: 3 locID: 102655681732870712 bcsId: 0} | ret=SUCCESS |  
2019-08-21 15:29:53,665 | INFO  | DNAudit | user=null | ip=null | op=PUT_BLOCK {blockData=[blockId=conID: 3 locID: 102655681732870712 bcsId: 0,size=1048576]} | ret=SUCCESS |  
2019-08-21 15:29:53,665 | INFO  | DNAudit | user=null | ip=null | op=WRITE_CHUNK {blockData=conID: 3 locID: 102655681732870712 bcsId: 0} | ret=SUCCESS |  
2019-08-21 15:29:53,665 [grpc-default-executor-0] INFO  client.GrpcClientProtocolClient (GrpcClientProtocolClient.java:onNext(255)) - client-029E50227556->355864cd-7ac5-4934-b366-9756b15dd90f: receive RaftClientReply:client-029E50227556->355864cd-7ac5-4934-b366-9756b15dd90f@group-785BCF25C267, cid=2248, SUCCESS, logIndex=0, commits[355864cd-7ac5-4934-b366-9756b15dd90f:c3321, ce4aa411-63c8-4399-99eb-27ce352844f3:c3317, 3eeffb0a-787e-48ec-a2f5-d0c540a89489:c3317]
2019-08-21 15:29:53,665 | INFO  | DNAudit | user=null | ip=null | op=PUT_BLOCK {blockData=[blockId=conID: 3 locID: 102655681732870712 bcsId: 0,size=2097152]} | ret=SUCCESS |  
2019-08-21 15:29:53,665 | INFO  | DNAudit | user=null | ip=null | op=WRITE_CHUNK {blockData=conID: 3 locID: 102655681732870712 bcsId: 0} | ret=SUCCESS |  
2019-08-21 15:29:53,665 | INFO  | DNAudit | user=null | ip=null | op=PUT_BLOCK {blockData=[blockId=conID: 3 locID: 102655681732870712 bcsId: 0,size=2097152]} | ret=SUCCESS |  
2019-08-21 15:29:53,670 | INFO  | DNAudit | user=null | ip=null | op=WRITE_CHUNK {blockData=conID: 3 locID: 102655681732870712 bcsId: 3319} | ret=SUCCESS |  
2019-08-21 15:29:53,672 | INFO  | DNAudit | user=null | ip=null | op=WRITE_CHUNK {blockData=conID: 3 locID: 102655681732870712 bcsId: 3319} | ret=SUCCESS |  
2019-08-21 15:29:53,672 | INFO  | DNAudit | user=null | ip=null | op=WRITE_CHUNK {blockData=conID: 3 locID: 102655681732870712 bcsId: 3319} | ret=SUCCESS |  
2019-08-21 15:29:53,683 | INFO  | DNAudit | user=null | ip=null | op=WRITE_CHUNK {blockData=conID: 3 locID: 102655681732870712 bcsId: 3319} | ret=SUCCESS |  
2019-08-21 15:29:53,684 | INFO  | DNAudit | user=null | ip=null | op=PUT_BLOCK {blockData=[blockId=conID: 3 locID: 102655681732870712 bcsId: 0,size=3145728]} | ret=SUCCESS |  
2019-08-21 15:29:53,684 [grpc-default-executor-4] INFO  client.GrpcClientProtocolClient (GrpcClientProtocolClient.java:onNext(255)) - client-029E50227556->355864cd-7ac5-4934-b366-9756b15dd90f: receive RaftClientReply:client-029E50227556->355864cd-7ac5-4934-b366-9756b15dd90f@group-785BCF25C267, cid=2249, SUCCESS, logIndex=3324, commits[355864cd-7ac5-4934-b366-9756b15dd90f:c3325, ce4aa411-63c8-4399-99eb-27ce352844f3:c3323, 3eeffb0a-787e-48ec-a2f5-d0c540a89489:c3323]
2019-08-21 15:29:53,684 [grpc-default-executor-4] INFO  client.GrpcClientProtocolClient (GrpcClientProtocolClient.java:onNext(255)) - client-029E50227556->355864cd-7ac5-4934-b366-9756b15dd90f: receive RaftClientReply:client-029E50227556->355864cd-7ac5-4934-b366-9756b15dd90f@group-785BCF25C267, cid=2250, SUCCESS, logIndex=3325, commits[355864cd-7ac5-4934-b366-9756b15dd90f:c3325, ce4aa411-63c8-4399-99eb-27ce352844f3:c3323, 3eeffb0a-787e-48ec-a2f5-d0c540a89489:c3323]
2019-08-21 15:29:53,690 | INFO  | DNAudit | user=null | ip=null | op=WRITE_CHUNK {blockData=conID: 3 locID: 102655681732870712 bcsId: 3325} | ret=SUCCESS |  
2019-08-21 15:29:53,691 | INFO  | DNAudit | user=null | ip=null | op=WRITE_CHUNK {blockData=conID: 3 locID: 102655681732870712 bcsId: 3325} | ret=SUCCESS |  
2019-08-21 15:29:53,691 | INFO  | DNAudit | user=null | ip=null | op=WRITE_CHUNK {blockData=conID: 3 locID: 102655681732870712 bcsId: 3325} | ret=SUCCESS |  
2019-08-21 15:29:53,695 | INFO  | DNAudit | user=null | ip=null | op=WRITE_CHUNK {blockData=conID: 3 locID: 102655681732870712 bcsId: 3319} | ret=SUCCESS |  
2019-08-21 15:29:53,695 | INFO  | DNAudit | user=null | ip=null | op=WRITE_CHUNK {blockData=conID: 3 locID: 102655681732870712 bcsId: 3319} | ret=SUCCESS |  
2019-08-21 15:29:53,696 | INFO  | DNAudit | user=null | ip=null | op=PUT_BLOCK {blockData=[blockId=conID: 3 locID: 102655681732870712 bcsId: 0,size=3145728]} | ret=SUCCESS |  
2019-08-21 15:29:53,696 | INFO  | DNAudit | user=null | ip=null | op=PUT_BLOCK {blockData=[blockId=conID: 3 locID: 102655681732870712 bcsId: 0,size=3145728]} | ret=SUCCESS |  
2019-08-21 15:29:53,696 | INFO  | DNAudit | user=null | ip=null | op=WRITE_CHUNK {blockData=conID: 3 locID: 102655681732870712 bcsId: 3325} | ret=SUCCESS |  
2019-08-21 15:29:53,697 | INFO  | DNAudit | user=null | ip=null | op=PUT_BLOCK {blockData=[blockId=conID: 3 locID: 102655681732870712 bcsId: 0,size=4194304]} | ret=SUCCESS |  
2019-08-21 15:29:53,697 [grpc-default-executor-4] INFO  client.GrpcClientProtocolClient (GrpcClientProtocolClient.java:onNext(255)) - client-029E50227556->355864cd-7ac5-4934-b366-9756b15dd90f: receive RaftClientReply:client-029E50227556->355864cd-7ac5-4934-b366-9756b15dd90f@group-785BCF25C267, cid=2251, SUCCESS, logIndex=3328, commits[355864cd-7ac5-4934-b366-9756b15dd90f:c3329, ce4aa411-63c8-4399-99eb-27ce352844f3:c3325, 3eeffb0a-787e-48ec-a2f5-d0c540a89489:c3325]
2019-08-21 15:29:53,697 [grpc-default-executor-4] INFO  client.GrpcClientProtocolClient (GrpcClientProtocolClient.java:onNext(255)) - client-029E50227556->355864cd-7ac5-4934-b366-9756b15dd90f: receive RaftClientReply:client-029E50227556->355864cd-7ac5-4934-b366-9756b15dd90f@group-785BCF25C267, cid=2252, SUCCESS, logIndex=3329, commits[355864cd-7ac5-4934-b366-9756b15dd90f:c3329, ce4aa411-63c8-4399-99eb-27ce352844f3:c3325, 3eeffb0a-787e-48ec-a2f5-d0c540a89489:c3325]
2019-08-21 15:29:53,708 | INFO  | DNAudit | user=null | ip=null | op=WRITE_CHUNK {blockData=conID: 3 locID: 102655681732870712 bcsId: 3325} | ret=SUCCESS |  
2019-08-21 15:29:53,708 | INFO  | DNAudit | user=null | ip=null | op=WRITE_CHUNK {blockData=conID: 3 locID: 102655681732870712 bcsId: 3325} | ret=SUCCESS |  
2019-08-21 15:29:53,709 | INFO  | DNAudit | user=null | ip=null | op=PUT_BLOCK {blockData=[blockId=conID: 3 locID: 102655681732870712 bcsId: 0,size=4194304]} | ret=SUCCESS |  
2019-08-21 15:29:53,709 | INFO  | DNAudit | user=null | ip=null | op=PUT_BLOCK {blockData=[blockId=conID: 3 locID: 102655681732870712 bcsId: 0,size=4194304]} | ret=SUCCESS |  
2019-08-21 15:29:53,709 [grpc-default-executor-4] INFO  client.GrpcClientProtocolClient (GrpcClientProtocolClient.java:onNext(255)) - client-029E50227556->355864cd-7ac5-4934-b366-9756b15dd90f: receive RaftClientReply:client-029E50227556->355864cd-7ac5-4934-b366-9756b15dd90f@group-785BCF25C267, cid=2253, SUCCESS, logIndex=0, commits[355864cd-7ac5-4934-b366-9756b15dd90f:c3331, ce4aa411-63c8-4399-99eb-27ce352844f3:c3329, 3eeffb0a-787e-48ec-a2f5-d0c540a89489:c3329]
2019-08-21 15:29:53,714 | INFO  | SCMAudit | user=jenkins1000 | ip=192.168.5.153 | op=ALLOCATE_BLOCK {owner=78849ec2-2b05-45d8-8cb5-e95e2230dbd1, size=4194304, type=RATIS, factor=THREE} | ret=SUCCESS |  
2019-08-21 15:29:53,717 | INFO  | OMAudit | user=jenkins1000 | ip=127.0.0.1 | op=ALLOCATE_BLOCK {volume=vol-0-32358, bucket=bucket-0-01949, key=key-0-56547, dataSize=0, replicationType=null, replicationFactor=null, keyLocationInfo=null, clientID=102655680532119954} | ret=SUCCESS |  
2019-08-21 15:29:53,723 | INFO  | DNAudit | user=null | ip=null | op=WRITE_CHUNK {blockData=conID: 1 locID: 102655681738441273 bcsId: 0} | ret=SUCCESS |  
2019-08-21 15:29:53,724 | INFO  | DNAudit | user=null | ip=null | op=WRITE_CHUNK {blockData=conID: 1 locID: 102655681738441273 bcsId: 0} | ret=SUCCESS |  
2019-08-21 15:29:53,725 | INFO  | DNAudit | user=null | ip=null | op=WRITE_CHUNK {blockData=conID: 1 locID: 102655681738441273 bcsId: 0} | ret=SUCCESS |  
2019-08-21 15:29:53,726 | INFO  | DNAudit | user=null | ip=null | op=WRITE_CHUNK {blockData=conID: 1 locID: 102655681738441273 bcsId: 0} | ret=SUCCESS |  
2019-08-21 15:29:53,727 | INFO  | DNAudit | user=null | ip=null | op=WRITE_CHUNK {blockData=conID: 1 locID: 102655681738441273 bcsId: 0} | ret=SUCCESS |  
2019-08-21 15:29:53,727 | INFO  | DNAudit | user=null | ip=null | op=WRITE_CHUNK {blockData=conID: 1 locID: 102655681738441273 bcsId: 0} | ret=SUCCESS |  
2019-08-21 15:29:53,735 | INFO  | DNAudit | user=null | ip=null | op=WRITE_CHUNK {blockData=conID: 1 locID: 102655681738441273 bcsId: 0} | ret=SUCCESS |  
2019-08-21 15:29:53,736 | INFO  | DNAudit | user=null | ip=null | op=PUT_BLOCK {blockData=[blockId=conID: 1 locID: 102655681738441273 bcsId: 0,size=1048576]} | ret=SUCCESS |  
2019-08-21 15:29:53,736 [grpc-default-executor-2] INFO  client.GrpcClientProtocolClient (GrpcClientProtocolClient.java:onNext(255)) - client-029E50227556->355864cd-7ac5-4934-b366-9756b15dd90f: receive RaftClientReply:client-029E50227556->355864cd-7ac5-4934-b366-9756b15dd90f@group-785BCF25C267, cid=2254, SUCCESS, logIndex=3332, commits[355864cd-7ac5-4934-b366-9756b15dd90f:c3333, ce4aa411-63c8-4399-99eb-27ce352844f3:c3331, 3eeffb0a-787e-48ec-a2f5-d0c540a89489:c3331]
2019-08-21 15:29:53,736 | INFO  | DNAudit | user=null | ip=null | op=WRITE_CHUNK {blockData=conID: 1 locID: 102655681738441273 bcsId: 0} | ret=SUCCESS |  
2019-08-21 15:29:53,737 [grpc-default-executor-4] INFO  client.GrpcClientProtocolClient (GrpcClientProtocolClient.java:onNext(255)) - client-029E50227556->355864cd-7ac5-4934-b366-9756b15dd90f: receive RaftClientReply:client-029E50227556->355864cd-7ac5-4934-b366-9756b15dd90f@group-785BCF25C267, cid=2255, SUCCESS, logIndex=3333, commits[355864cd-7ac5-4934-b366-9756b15dd90f:c3333, ce4aa411-63c8-4399-99eb-27ce352844f3:c3331, 3eeffb0a-787e-48ec-a2f5-d0c540a89489:c3331]
2019-08-21 15:29:53,737 | INFO  | DNAudit | user=null | ip=null | op=PUT_BLOCK {blockData=[blockId=conID: 1 locID: 102655681738441273 bcsId: 0,size=2097152]} | ret=SUCCESS |  
2019-08-21 15:29:53,737 [grpc-default-executor-3] INFO  client.GrpcClientProtocolClient (GrpcClientProtocolClient.java:onNext(255)) - client-029E50227556->355864cd-7ac5-4934-b366-9756b15dd90f: receive RaftClientReply:client-029E50227556->355864cd-7ac5-4934-b366-9756b15dd90f@group-785BCF25C267, cid=2256, SUCCESS, logIndex=3334, commits[355864cd-7ac5-4934-b366-9756b15dd90f:c3335, ce4aa411-63c8-4399-99eb-27ce352844f3:c3331, 3eeffb0a-787e-48ec-a2f5-d0c540a89489:c3331]
2019-08-21 15:29:53,737 [grpc-default-executor-3] INFO  client.GrpcClientProtocolClient (GrpcClientProtocolClient.java:onNext(255)) - client-029E50227556->355864cd-7ac5-4934-b366-9756b15dd90f: receive RaftClientReply:client-029E50227556->355864cd-7ac5-4934-b366-9756b15dd90f@group-785BCF25C267, cid=2257, SUCCESS, logIndex=3335, commits[355864cd-7ac5-4934-b366-9756b15dd90f:c3335, ce4aa411-63c8-4399-99eb-27ce352844f3:c3331, 3eeffb0a-787e-48ec-a2f5-d0c540a89489:c3331]
2019-08-21 15:29:53,738 | INFO  | DNAudit | user=null | ip=null | op=WRITE_CHUNK {blockData=conID: 1 locID: 102655681738441273 bcsId: 0} | ret=SUCCESS |  
2019-08-21 15:29:53,738 | INFO  | DNAudit | user=null | ip=null | op=WRITE_CHUNK {blockData=conID: 1 locID: 102655681738441273 bcsId: 0} | ret=SUCCESS |  
2019-08-21 15:29:53,738 | INFO  | DNAudit | user=null | ip=null | op=PUT_BLOCK {blockData=[blockId=conID: 1 locID: 102655681738441273 bcsId: 0,size=1048576]} | ret=SUCCESS |  
2019-08-21 15:29:53,738 | INFO  | DNAudit | user=null | ip=null | op=PUT_BLOCK {blockData=[blockId=conID: 1 locID: 102655681738441273 bcsId: 0,size=1048576]} | ret=SUCCESS |  
2019-08-21 15:29:53,738 [grpc-default-executor-3] INFO  client.GrpcClientProtocolClient (GrpcClientProtocolClient.java:onNext(255)) - client-029E50227556->355864cd-7ac5-4934-b366-9756b15dd90f: receive RaftClientReply:client-029E50227556->355864cd-7ac5-4934-b366-9756b15dd90f@group-785BCF25C267, cid=2258, SUCCESS, logIndex=0, commits[355864cd-7ac5-4934-b366-9756b15dd90f:c3336, ce4aa411-63c8-4399-99eb-27ce352844f3:c3333, 3eeffb0a-787e-48ec-a2f5-d0c540a89489:c3333]
2019-08-21 15:29:53,739 | INFO  | DNAudit | user=null | ip=null | op=WRITE_CHUNK {blockData=conID: 1 locID: 102655681738441273 bcsId: 0} | ret=SUCCESS |  
2019-08-21 15:29:53,739 | INFO  | DNAudit | user=null | ip=null | op=WRITE_CHUNK {blockData=conID: 1 locID: 102655681738441273 bcsId: 0} | ret=SUCCESS |  
2019-08-21 15:29:53,739 | INFO  | DNAudit | user=null | ip=null | op=PUT_BLOCK {blockData=[blockId=conID: 1 locID: 102655681738441273 bcsId: 0,size=2097152]} | ret=SUCCESS |  
2019-08-21 15:29:53,739 | INFO  | DNAudit | user=null | ip=null | op=PUT_BLOCK {blockData=[blockId=conID: 1 locID: 102655681738441273 bcsId: 0,size=2097152]} | ret=SUCCESS |  
2019-08-21 15:29:53,743 | INFO  | DNAudit | user=null | ip=null | op=WRITE_CHUNK {blockData=conID: 1 locID: 102655681738441273 bcsId: 3335} | ret=SUCCESS |  
2019-08-21 15:29:53,745 | INFO  | DNAudit | user=null | ip=null | op=WRITE_CHUNK {blockData=conID: 1 locID: 102655681738441273 bcsId: 3335} | ret=SUCCESS |  
2019-08-21 15:29:53,745 | INFO  | DNAudit | user=null | ip=null | op=WRITE_CHUNK {blockData=conID: 1 locID: 102655681738441273 bcsId: 3335} | ret=SUCCESS |  
2019-08-21 15:29:53,756 | INFO  | DNAudit | user=null | ip=null | op=WRITE_CHUNK {blockData=conID: 1 locID: 102655681738441273 bcsId: 3335} | ret=SUCCESS |  
2019-08-21 15:29:53,756 | INFO  | DNAudit | user=null | ip=null | op=PUT_BLOCK {blockData=[blockId=conID: 1 locID: 102655681738441273 bcsId: 0,size=3145728]} | ret=SUCCESS |  
2019-08-21 15:29:53,756 [grpc-default-executor-3] INFO  client.GrpcClientProtocolClient (GrpcClientProtocolClient.java:onNext(255)) - client-029E50227556->355864cd-7ac5-4934-b366-9756b15dd90f: receive RaftClientReply:client-029E50227556->355864cd-7ac5-4934-b366-9756b15dd90f@group-785BCF25C267, cid=2259, SUCCESS, logIndex=3340, commits[355864cd-7ac5-4934-b366-9756b15dd90f:c3341, ce4aa411-63c8-4399-99eb-27ce352844f3:c3339, 3eeffb0a-787e-48ec-a2f5-d0c540a89489:c3339]
2019-08-21 15:29:53,756 [grpc-default-executor-3] INFO  client.GrpcClientProtocolClient (GrpcClientProtocolClient.java:onNext(255)) - client-029E50227556->355864cd-7ac5-4934-b366-9756b15dd90f: receive RaftClientReply:client-029E50227556->355864cd-7ac5-4934-b366-9756b15dd90f@group-785BCF25C267, cid=2260, SUCCESS, logIndex=3341, commits[355864cd-7ac5-4934-b366-9756b15dd90f:c3341, ce4aa411-63c8-4399-99eb-27ce352844f3:c3339, 3eeffb0a-787e-48ec-a2f5-d0c540a89489:c3339]
2019-08-21 15:29:53,761 | INFO  | DNAudit | user=null | ip=null | op=WRITE_CHUNK {blockData=conID: 1 locID: 102655681738441273 bcsId: 3341} | ret=SUCCESS |  
2019-08-21 15:29:53,763 | INFO  | DNAudit | user=null | ip=null | op=WRITE_CHUNK {blockData=conID: 1 locID: 102655681738441273 bcsId: 3341} | ret=SUCCESS |  
2019-08-21 15:29:53,763 | INFO  | DNAudit | user=null | ip=null | op=WRITE_CHUNK {blockData=conID: 1 locID: 102655681738441273 bcsId: 3341} | ret=SUCCESS |  
2019-08-21 15:29:53,767 | INFO  | DNAudit | user=null | ip=null | op=WRITE_CHUNK {blockData=conID: 1 locID: 102655681738441273 bcsId: 3335} | ret=SUCCESS |  
2019-08-21 15:29:53,767 | INFO  | DNAudit | user=null | ip=null | op=WRITE_CHUNK {blockData=conID: 1 locID: 102655681738441273 bcsId: 3335} | ret=SUCCESS |  
2019-08-21 15:29:53,768 | INFO  | DNAudit | user=null | ip=null | op=PUT_BLOCK {blockData=[blockId=conID: 1 locID: 102655681738441273 bcsId: 0,size=3145728]} | ret=SUCCESS |  
2019-08-21 15:29:53,768 | INFO  | DNAudit | user=null | ip=null | op=PUT_BLOCK {blockData=[blockId=conID: 1 locID: 102655681738441273 bcsId: 0,size=3145728]} | ret=SUCCESS |  
2019-08-21 15:29:53,769 | INFO  | DNAudit | user=null | ip=null | op=WRITE_CHUNK {blockData=conID: 1 locID: 102655681738441273 bcsId: 3341} | ret=SUCCESS |  
2019-08-21 15:29:53,769 | INFO  | DNAudit | user=null | ip=null | op=PUT_BLOCK {blockData=[blockId=conID: 1 locID: 102655681738441273 bcsId: 0,size=4194304]} | ret=SUCCESS |  
2019-08-21 15:29:53,769 [grpc-default-executor-4] INFO  client.GrpcClientProtocolClient (GrpcClientProtocolClient.java:onNext(255)) - client-029E50227556->355864cd-7ac5-4934-b366-9756b15dd90f: receive RaftClientReply:client-029E50227556->355864cd-7ac5-4934-b366-9756b15dd90f@group-785BCF25C267, cid=2261, SUCCESS, logIndex=3344, commits[355864cd-7ac5-4934-b366-9756b15dd90f:c3345, ce4aa411-63c8-4399-99eb-27ce352844f3:c3341, 3eeffb0a-787e-48ec-a2f5-d0c540a89489:c3341]
2019-08-21 15:29:53,769 [grpc-default-executor-4] INFO  client.GrpcClientProtocolClient (GrpcClientProtocolClient.java:onNext(255)) - client-029E50227556->355864cd-7ac5-4934-b366-9756b15dd90f: receive RaftClientReply:client-029E50227556->355864cd-7ac5-4934-b366-9756b15dd90f@group-785BCF25C267, cid=2262, SUCCESS, logIndex=3345, commits[355864cd-7ac5-4934-b366-9756b15dd90f:c3345, ce4aa411-63c8-4399-99eb-27ce352844f3:c3341, 3eeffb0a-787e-48ec-a2f5-d0c540a89489:c3341]
2019-08-21 15:29:53,780 | INFO  | DNAudit | user=null | ip=null | op=WRITE_CHUNK {blockData=conID: 1 locID: 102655681738441273 bcsId: 3341} | ret=SUCCESS |  
2019-08-21 15:29:53,780 | INFO  | DNAudit | user=null | ip=null | op=WRITE_CHUNK {blockData=conID: 1 locID: 102655681738441273 bcsId: 3341} | ret=SUCCESS |  
2019-08-21 15:29:53,780 | INFO  | DNAudit | user=null | ip=null | op=PUT_BLOCK {blockData=[blockId=conID: 1 locID: 102655681738441273 bcsId: 0,size=4194304]} | ret=SUCCESS |  
2019-08-21 15:29:53,780 | INFO  | DNAudit | user=null | ip=null | op=PUT_BLOCK {blockData=[blockId=conID: 1 locID: 102655681738441273 bcsId: 0,size=4194304]} | ret=SUCCESS |  
2019-08-21 15:29:53,780 [grpc-default-executor-4] INFO  client.GrpcClientProtocolClient (GrpcClientProtocolClient.java:onNext(255)) - client-029E50227556->355864cd-7ac5-4934-b366-9756b15dd90f: receive RaftClientReply:client-029E50227556->355864cd-7ac5-4934-b366-9756b15dd90f@group-785BCF25C267, cid=2263, SUCCESS, logIndex=0, commits[355864cd-7ac5-4934-b366-9756b15dd90f:c3346, ce4aa411-63c8-4399-99eb-27ce352844f3:c3345, 3eeffb0a-787e-48ec-a2f5-d0c540a89489:c3345]
2019-08-21 15:29:53,784 | INFO  | SCMAudit | user=jenkins1000 | ip=192.168.5.153 | op=ALLOCATE_BLOCK {owner=78849ec2-2b05-45d8-8cb5-e95e2230dbd1, size=4194304, type=RATIS, factor=THREE} | ret=SUCCESS |  
2019-08-21 15:29:53,786 | INFO  | OMAudit | user=jenkins1000 | ip=127.0.0.1 | op=ALLOCATE_BLOCK {volume=vol-0-32358, bucket=bucket-0-01949, key=key-0-56547, dataSize=0, replicationType=null, replicationFactor=null, keyLocationInfo=null, clientID=102655680532119954} | ret=SUCCESS |  
2019-08-21 15:29:53,792 | INFO  | DNAudit | user=null | ip=null | op=WRITE_CHUNK {blockData=conID: 2 locID: 102655681743028794 bcsId: 0} | ret=SUCCESS |  
2019-08-21 15:29:53,793 | INFO  | DNAudit | user=null | ip=null | op=WRITE_CHUNK {blockData=conID: 2 locID: 102655681743028794 bcsId: 0} | ret=SUCCESS |  
2019-08-21 15:29:53,794 | INFO  | DNAudit | user=null | ip=null | op=WRITE_CHUNK {blockData=conID: 2 locID: 102655681743028794 bcsId: 0} | ret=SUCCESS |  
2019-08-21 15:29:53,794 | INFO  | DNAudit | user=null | ip=null | op=WRITE_CHUNK {blockData=conID: 2 locID: 102655681743028794 bcsId: 0} | ret=SUCCESS |  
2019-08-21 15:29:53,795 | INFO  | DNAudit | user=null | ip=null | op=WRITE_CHUNK {blockData=conID: 2 locID: 102655681743028794 bcsId: 0} | ret=SUCCESS |  
2019-08-21 15:29:53,796 | INFO  | DNAudit | user=null | ip=null | op=WRITE_CHUNK {blockData=conID: 2 locID: 102655681743028794 bcsId: 0} | ret=SUCCESS |  
2019-08-21 15:29:53,803 | INFO  | DNAudit | user=null | ip=null | op=WRITE_CHUNK {blockData=conID: 2 locID: 102655681743028794 bcsId: 0} | ret=SUCCESS |  
2019-08-21 15:29:53,804 | INFO  | DNAudit | user=null | ip=null | op=PUT_BLOCK {blockData=[blockId=conID: 2 locID: 102655681743028794 bcsId: 0,size=1048576]} | ret=SUCCESS |  
2019-08-21 15:29:53,804 [grpc-default-executor-0] INFO  client.GrpcClientProtocolClient (GrpcClientProtocolClient.java:onNext(255)) - client-029E50227556->355864cd-7ac5-4934-b366-9756b15dd90f: receive RaftClientReply:client-029E50227556->355864cd-7ac5-4934-b366-9756b15dd90f@group-785BCF25C267, cid=2264, SUCCESS, logIndex=3348, commits[355864cd-7ac5-4934-b366-9756b15dd90f:c3349, ce4aa411-63c8-4399-99eb-27ce352844f3:c3347, 3eeffb0a-787e-48ec-a2f5-d0c540a89489:c3347]
2019-08-21 15:29:53,804 [grpc-default-executor-0] INFO  client.GrpcClientProtocolClient (GrpcClientProtocolClient.java:onNext(255)) - client-029E50227556->355864cd-7ac5-4934-b366-9756b15dd90f: receive RaftClientReply:client-029E50227556->355864cd-7ac5-4934-b366-9756b15dd90f@group-785BCF25C267, cid=2265, SUCCESS, logIndex=3349, commits[355864cd-7ac5-4934-b366-9756b15dd90f:c3349, ce4aa411-63c8-4399-99eb-27ce352844f3:c3347, 3eeffb0a-787e-48ec-a2f5-d0c540a89489:c3347]
2019-08-21 15:29:53,805 | INFO  | DNAudit | user=null | ip=null | op=WRITE_CHUNK {blockData=conID: 2 locID: 102655681743028794 bcsId: 0} | ret=SUCCESS |  
2019-08-21 15:29:53,805 | INFO  | DNAudit | user=null | ip=null | op=PUT_BLOCK {blockData=[blockId=conID: 2 locID: 102655681743028794 bcsId: 0,size=2097152]} | ret=SUCCESS |  
2019-08-21 15:29:53,805 [grpc-default-executor-2] INFO  client.GrpcClientProtocolClient (GrpcClientProtocolClient.java:onNext(255)) - client-029E50227556->355864cd-7ac5-4934-b366-9756b15dd90f: receive RaftClientReply:client-029E50227556->355864cd-7ac5-4934-b366-9756b15dd90f@group-785BCF25C267, cid=2266, SUCCESS, logIndex=3350, commits[355864cd-7ac5-4934-b366-9756b15dd90f:c3351, ce4aa411-63c8-4399-99eb-27ce352844f3:c3347, 3eeffb0a-787e-48ec-a2f5-d0c540a89489:c3347]
2019-08-21 15:29:53,805 [grpc-default-executor-2] INFO  client.GrpcClientProtocolClient (GrpcClientProtocolClient.java:onNext(255)) - client-029E50227556->355864cd-7ac5-4934-b366-9756b15dd90f: receive RaftClientReply:client-029E50227556->355864cd-7ac5-4934-b366-9756b15dd90f@group-785BCF25C267, cid=2267, SUCCESS, logIndex=3351, commits[355864cd-7ac5-4934-b366-9756b15dd90f:c3351, ce4aa411-63c8-4399-99eb-27ce352844f3:c3347, 3eeffb0a-787e-48ec-a2f5-d0c540a89489:c3347]
2019-08-21 15:29:53,806 | INFO  | DNAudit | user=null | ip=null | op=WRITE_CHUNK {blockData=conID: 2 locID: 102655681743028794 bcsId: 0} | ret=SUCCESS |  
2019-08-21 15:29:53,806 | INFO  | DNAudit | user=null | ip=null | op=WRITE_CHUNK {blockData=conID: 2 locID: 102655681743028794 bcsId: 0} | ret=SUCCESS |  
2019-08-21 15:29:53,806 | INFO  | DNAudit | user=null | ip=null | op=PUT_BLOCK {blockData=[blockId=conID: 2 locID: 102655681743028794 bcsId: 0,size=1048576]} | ret=SUCCESS |  
2019-08-21 15:29:53,806 | INFO  | DNAudit | user=null | ip=null | op=PUT_BLOCK {blockData=[blockId=conID: 2 locID: 102655681743028794 bcsId: 0,size=1048576]} | ret=SUCCESS |  
2019-08-21 15:29:53,806 [grpc-default-executor-2] INFO  client.GrpcClientProtocolClient (GrpcClientProtocolClient.java:onNext(255)) - client-029E50227556->355864cd-7ac5-4934-b366-9756b15dd90f: receive RaftClientReply:client-029E50227556->355864cd-7ac5-4934-b366-9756b15dd90f@group-785BCF25C267, cid=2268, SUCCESS, logIndex=0, commits[355864cd-7ac5-4934-b366-9756b15dd90f:c3353, ce4aa411-63c8-4399-99eb-27ce352844f3:c3349, 3eeffb0a-787e-48ec-a2f5-d0c540a89489:c3349]
2019-08-21 15:29:53,807 | INFO  | DNAudit | user=null | ip=null | op=WRITE_CHUNK {blockData=conID: 2 locID: 102655681743028794 bcsId: 0} | ret=SUCCESS |  
2019-08-21 15:29:53,808 | INFO  | DNAudit | user=null | ip=null | op=WRITE_CHUNK {blockData=conID: 2 locID: 102655681743028794 bcsId: 0} | ret=SUCCESS |  
2019-08-21 15:29:53,808 | INFO  | DNAudit | user=null | ip=null | op=PUT_BLOCK {blockData=[blockId=conID: 2 locID: 102655681743028794 bcsId: 0,size=2097152]} | ret=SUCCESS |  
2019-08-21 15:29:53,808 | INFO  | DNAudit | user=null | ip=null | op=PUT_BLOCK {blockData=[blockId=conID: 2 locID: 102655681743028794 bcsId: 0,size=2097152]} | ret=SUCCESS |  
2019-08-21 15:29:53,811 | INFO  | DNAudit | user=null | ip=null | op=WRITE_CHUNK {blockData=conID: 2 locID: 102655681743028794 bcsId: 3351} | ret=SUCCESS |  
2019-08-21 15:29:53,813 | INFO  | DNAudit | user=null | ip=null | op=WRITE_CHUNK {blockData=conID: 2 locID: 102655681743028794 bcsId: 3351} | ret=SUCCESS |  
2019-08-21 15:29:53,814 | INFO  | DNAudit | user=null | ip=null | op=WRITE_CHUNK {blockData=conID: 2 locID: 102655681743028794 bcsId: 3351} | ret=SUCCESS |  
2019-08-21 15:29:53,824 | INFO  | DNAudit | user=null | ip=null | op=WRITE_CHUNK {blockData=conID: 2 locID: 102655681743028794 bcsId: 3351} | ret=SUCCESS |  
2019-08-21 15:29:53,824 | INFO  | DNAudit | user=null | ip=null | op=PUT_BLOCK {blockData=[blockId=conID: 2 locID: 102655681743028794 bcsId: 0,size=3145728]} | ret=SUCCESS |  
2019-08-21 15:29:53,824 [grpc-default-executor-0] INFO  client.GrpcClientProtocolClient (GrpcClientProtocolClient.java:onNext(255)) - client-029E50227556->355864cd-7ac5-4934-b366-9756b15dd90f: receive RaftClientReply:client-029E50227556->355864cd-7ac5-4934-b366-9756b15dd90f@group-785BCF25C267, cid=2269, SUCCESS, logIndex=3356, commits[355864cd-7ac5-4934-b366-9756b15dd90f:c3357, ce4aa411-63c8-4399-99eb-27ce352844f3:c3355, 3eeffb0a-787e-48ec-a2f5-d0c540a89489:c3355]
2019-08-21 15:29:53,825 [grpc-default-executor-0] INFO  client.GrpcClientProtocolClient (GrpcClientProtocolClient.java:onNext(255)) - client-029E50227556->355864cd-7ac5-4934-b366-9756b15dd90f: receive RaftClientReply:client-029E50227556->355864cd-7ac5-4934-b366-9756b15dd90f@group-785BCF25C267, cid=2270, SUCCESS, logIndex=3357, commits[355864cd-7ac5-4934-b366-9756b15dd90f:c3357, ce4aa411-63c8-4399-99eb-27ce352844f3:c3355, 3eeffb0a-787e-48ec-a2f5-d0c540a89489:c3355]
2019-08-21 15:29:53,830 | INFO  | DNAudit | user=null | ip=null | op=WRITE_CHUNK {blockData=conID: 2 locID: 102655681743028794 bcsId: 3357} | ret=SUCCESS |  
2019-08-21 15:29:53,831 | INFO  | DNAudit | user=null | ip=null | op=WRITE_CHUNK {blockData=conID: 2 locID: 102655681743028794 bcsId: 3357} | ret=SUCCESS |  
2019-08-21 15:29:53,832 | INFO  | DNAudit | user=null | ip=null | op=WRITE_CHUNK {blockData=conID: 2 locID: 102655681743028794 bcsId: 3357} | ret=SUCCESS |  
2019-08-21 15:29:53,835 | INFO  | DNAudit | user=null | ip=null | op=WRITE_CHUNK {blockData=conID: 2 locID: 102655681743028794 bcsId: 3351} | ret=SUCCESS |  
2019-08-21 15:29:53,835 | INFO  | DNAudit | user=null | ip=null | op=WRITE_CHUNK {blockData=conID: 2 locID: 102655681743028794 bcsId: 3351} | ret=SUCCESS |  
2019-08-21 15:29:53,836 | INFO  | DNAudit | user=null | ip=null | op=PUT_BLOCK {blockData=[blockId=conID: 2 locID: 102655681743028794 bcsId: 0,size=3145728]} | ret=SUCCESS |  
2019-08-21 15:29:53,836 | INFO  | DNAudit | user=null | ip=null | op=PUT_BLOCK {blockData=[blockId=conID: 2 locID: 102655681743028794 bcsId: 0,size=3145728]} | ret=SUCCESS |  
2019-08-21 15:29:53,839 | INFO  | DNAudit | user=null | ip=null | op=WRITE_CHUNK {blockData=conID: 2 locID: 102655681743028794 bcsId: 3357} | ret=SUCCESS |  
2019-08-21 15:29:53,839 | INFO  | DNAudit | user=null | ip=null | op=PUT_BLOCK {blockData=[blockId=conID: 2 locID: 102655681743028794 bcsId: 0,size=4194304]} | ret=SUCCESS |  
2019-08-21 15:29:53,839 [grpc-default-executor-2] INFO  client.GrpcClientProtocolClient (GrpcClientProtocolClient.java:onNext(255)) - client-029E50227556->355864cd-7ac5-4934-b366-9756b15dd90f: receive RaftClientReply:client-029E50227556->355864cd-7ac5-4934-b366-9756b15dd90f@group-785BCF25C267, cid=2271, SUCCESS, logIndex=3360, commits[355864cd-7ac5-4934-b366-9756b15dd90f:c3360, ce4aa411-63c8-4399-99eb-27ce352844f3:c3357, 3eeffb0a-787e-48ec-a2f5-d0c540a89489:c3357]
2019-08-21 15:29:53,839 [grpc-default-executor-2] INFO  client.GrpcClientProtocolClient (GrpcClientProtocolClient.java:onNext(255)) - client-029E50227556->355864cd-7ac5-4934-b366-9756b15dd90f: receive RaftClientReply:client-029E50227556->355864cd-7ac5-4934-b366-9756b15dd90f@group-785BCF25C267, cid=2272, SUCCESS, logIndex=3361, commits[355864cd-7ac5-4934-b366-9756b15dd90f:c3361, ce4aa411-63c8-4399-99eb-27ce352844f3:c3357, 3eeffb0a-787e-48ec-a2f5-d0c540a89489:c3357]
2019-08-21 15:29:53,850 | INFO  | DNAudit | user=null | ip=null | op=WRITE_CHUNK {blockData=conID: 2 locID: 102655681743028794 bcsId: 3357} | ret=SUCCESS |  
2019-08-21 15:29:53,850 | INFO  | DNAudit | user=null | ip=null | op=WRITE_CHUNK {blockData=conID: 2 locID: 102655681743028794 bcsId: 3357} | ret=SUCCESS |  
2019-08-21 15:29:53,851 | INFO  | DNAudit | user=null | ip=null | op=PUT_BLOCK {blockData=[blockId=conID: 2 locID: 102655681743028794 bcsId: 0,size=4194304]} | ret=SUCCESS |  
2019-08-21 15:29:53,851 | INFO  | DNAudit | user=null | ip=null | op=PUT_BLOCK {blockData=[blockId=conID: 2 locID: 102655681743028794 bcsId: 0,size=4194304]} | ret=SUCCESS |  
2019-08-21 15:29:53,851 [grpc-default-executor-2] INFO  client.GrpcClientProtocolClient (GrpcClientProtocolClient.java:onNext(255)) - client-029E50227556->355864cd-7ac5-4934-b366-9756b15dd90f: receive RaftClientReply:client-029E50227556->355864cd-7ac5-4934-b366-9756b15dd90f@group-785BCF25C267, cid=2273, SUCCESS, logIndex=0, commits[355864cd-7ac5-4934-b366-9756b15dd90f:c3363, ce4aa411-63c8-4399-99eb-27ce352844f3:c3361, 3eeffb0a-787e-48ec-a2f5-d0c540a89489:c3361]
2019-08-21 15:29:53,855 | INFO  | SCMAudit | user=jenkins1000 | ip=192.168.5.153 | op=ALLOCATE_BLOCK {owner=78849ec2-2b05-45d8-8cb5-e95e2230dbd1, size=4194304, type=RATIS, factor=THREE} | ret=SUCCESS |  
2019-08-21 15:29:53,857 | INFO  | OMAudit | user=jenkins1000 | ip=127.0.0.1 | op=ALLOCATE_BLOCK {volume=vol-0-32358, bucket=bucket-0-01949, key=key-0-56547, dataSize=0, replicationType=null, replicationFactor=null, keyLocationInfo=null, clientID=102655680532119954} | ret=SUCCESS |  
2019-08-21 15:29:53,863 | INFO  | DNAudit | user=null | ip=null | op=WRITE_CHUNK {blockData=conID: 3 locID: 102655681747681851 bcsId: 0} | ret=SUCCESS |  
2019-08-21 15:29:53,865 | INFO  | DNAudit | user=null | ip=null | op=WRITE_CHUNK {blockData=conID: 3 locID: 102655681747681851 bcsId: 0} | ret=SUCCESS |  
2019-08-21 15:29:53,865 | INFO  | DNAudit | user=null | ip=null | op=WRITE_CHUNK {blockData=conID: 3 locID: 102655681747681851 bcsId: 0} | ret=SUCCESS |  
2019-08-21 15:29:53,865 | INFO  | DNAudit | user=null | ip=null | op=WRITE_CHUNK {blockData=conID: 3 locID: 102655681747681851 bcsId: 0} | ret=SUCCESS |  
2019-08-21 15:29:53,866 | INFO  | DNAudit | user=null | ip=null | op=WRITE_CHUNK {blockData=conID: 3 locID: 102655681747681851 bcsId: 0} | ret=SUCCESS |  
2019-08-21 15:29:53,866 | INFO  | DNAudit | user=null | ip=null | op=WRITE_CHUNK {blockData=conID: 3 locID: 102655681747681851 bcsId: 0} | ret=SUCCESS |  
2019-08-21 15:29:53,877 | INFO  | DNAudit | user=null | ip=null | op=WRITE_CHUNK {blockData=conID: 3 locID: 102655681747681851 bcsId: 0} | ret=SUCCESS |  
2019-08-21 15:29:53,878 | INFO  | DNAudit | user=null | ip=null | op=PUT_BLOCK {blockData=[blockId=conID: 3 locID: 102655681747681851 bcsId: 0,size=1048576]} | ret=SUCCESS |  
2019-08-21 15:29:53,878 | INFO  | DNAudit | user=null | ip=null | op=WRITE_CHUNK {blockData=conID: 3 locID: 102655681747681851 bcsId: 0} | ret=SUCCESS |  
2019-08-21 15:29:53,878 [grpc-default-executor-2] INFO  client.GrpcClientProtocolClient (GrpcClientProtocolClient.java:onNext(255)) - client-029E50227556->355864cd-7ac5-4934-b366-9756b15dd90f: receive RaftClientReply:client-029E50227556->355864cd-7ac5-4934-b366-9756b15dd90f@group-785BCF25C267, cid=2274, SUCCESS, logIndex=3364, commits[355864cd-7ac5-4934-b366-9756b15dd90f:c3366, ce4aa411-63c8-4399-99eb-27ce352844f3:c3363, 3eeffb0a-787e-48ec-a2f5-d0c540a89489:c3363]
2019-08-21 15:29:53,878 | INFO  | DNAudit | user=null | ip=null | op=PUT_BLOCK {blockData=[blockId=conID: 3 locID: 102655681747681851 bcsId: 0,size=2097152]} | ret=SUCCESS |  
2019-08-21 15:29:53,878 [grpc-default-executor-2] INFO  client.GrpcClientProtocolClient (GrpcClientProtocolClient.java:onNext(255)) - client-029E50227556->355864cd-7ac5-4934-b366-9756b15dd90f: receive RaftClientReply:client-029E50227556->355864cd-7ac5-4934-b366-9756b15dd90f@group-785BCF25C267, cid=2275, SUCCESS, logIndex=3365, commits[355864cd-7ac5-4934-b366-9756b15dd90f:c3367, ce4aa411-63c8-4399-99eb-27ce352844f3:c3363, 3eeffb0a-787e-48ec-a2f5-d0c540a89489:c3363]
2019-08-21 15:29:53,878 | INFO  | DNAudit | user=null | ip=null | op=WRITE_CHUNK {blockData=conID: 3 locID: 102655681747681851 bcsId: 0} | ret=SUCCESS |  
2019-08-21 15:29:53,879 [grpc-default-executor-2] INFO  client.GrpcClientProtocolClient (GrpcClientProtocolClient.java:onNext(255)) - client-029E50227556->355864cd-7ac5-4934-b366-9756b15dd90f: receive RaftClientReply:client-029E50227556->355864cd-7ac5-4934-b366-9756b15dd90f@group-785BCF25C267, cid=2276, SUCCESS, logIndex=3366, commits[355864cd-7ac5-4934-b366-9756b15dd90f:c3367, ce4aa411-63c8-4399-99eb-27ce352844f3:c3363, 3eeffb0a-787e-48ec-a2f5-d0c540a89489:c3363]
2019-08-21 15:29:53,879 | INFO  | DNAudit | user=null | ip=null | op=WRITE_CHUNK {blockData=conID: 3 locID: 102655681747681851 bcsId: 0} | ret=SUCCESS |  
2019-08-21 15:29:53,879 [grpc-default-executor-2] INFO  client.GrpcClientProtocolClient (GrpcClientProtocolClient.java:onNext(255)) - client-029E50227556->355864cd-7ac5-4934-b366-9756b15dd90f: receive RaftClientReply:client-029E50227556->355864cd-7ac5-4934-b366-9756b15dd90f@group-785BCF25C267, cid=2277, SUCCESS, logIndex=3367, commits[355864cd-7ac5-4934-b366-9756b15dd90f:c3367, ce4aa411-63c8-4399-99eb-27ce352844f3:c3363, 3eeffb0a-787e-48ec-a2f5-d0c540a89489:c3363]
2019-08-21 15:29:53,880 | INFO  | DNAudit | user=null | ip=null | op=PUT_BLOCK {blockData=[blockId=conID: 3 locID: 102655681747681851 bcsId: 0,size=1048576]} | ret=SUCCESS |  
2019-08-21 15:29:53,880 | INFO  | DNAudit | user=null | ip=null | op=PUT_BLOCK {blockData=[blockId=conID: 3 locID: 102655681747681851 bcsId: 0,size=1048576]} | ret=SUCCESS |  
2019-08-21 15:29:53,880 | INFO  | DNAudit | user=null | ip=null | op=WRITE_CHUNK {blockData=conID: 3 locID: 102655681747681851 bcsId: 0} | ret=SUCCESS |  
2019-08-21 15:29:53,880 | INFO  | DNAudit | user=null | ip=null | op=PUT_BLOCK {blockData=[blockId=conID: 3 locID: 102655681747681851 bcsId: 0,size=2097152]} | ret=SUCCESS |  
2019-08-21 15:29:53,880 | INFO  | DNAudit | user=null | ip=null | op=WRITE_CHUNK {blockData=conID: 3 locID: 102655681747681851 bcsId: 0} | ret=SUCCESS |  
2019-08-21 15:29:53,880 | INFO  | DNAudit | user=null | ip=null | op=PUT_BLOCK {blockData=[blockId=conID: 3 locID: 102655681747681851 bcsId: 0,size=2097152]} | ret=SUCCESS |  
2019-08-21 15:29:53,880 [grpc-default-executor-2] INFO  client.GrpcClientProtocolClient (GrpcClientProtocolClient.java:onNext(255)) - client-029E50227556->355864cd-7ac5-4934-b366-9756b15dd90f: receive RaftClientReply:client-029E50227556->355864cd-7ac5-4934-b366-9756b15dd90f@group-785BCF25C267, cid=2278, SUCCESS, logIndex=0, commits[355864cd-7ac5-4934-b366-9756b15dd90f:c3369, ce4aa411-63c8-4399-99eb-27ce352844f3:c3365, 3eeffb0a-787e-48ec-a2f5-d0c540a89489:c3365]
2019-08-21 15:29:53,885 | INFO  | DNAudit | user=null | ip=null | op=WRITE_CHUNK {blockData=conID: 3 locID: 102655681747681851 bcsId: 3367} | ret=SUCCESS |  
2019-08-21 15:29:53,887 | INFO  | DNAudit | user=null | ip=null | op=WRITE_CHUNK {blockData=conID: 3 locID: 102655681747681851 bcsId: 3367} | ret=SUCCESS |  
2019-08-21 15:29:53,887 | INFO  | DNAudit | user=null | ip=null | op=WRITE_CHUNK {blockData=conID: 3 locID: 102655681747681851 bcsId: 3367} | ret=SUCCESS |  
2019-08-21 15:29:53,897 | INFO  | DNAudit | user=null | ip=null | op=WRITE_CHUNK {blockData=conID: 3 locID: 102655681747681851 bcsId: 3367} | ret=SUCCESS |  
2019-08-21 15:29:53,897 | INFO  | DNAudit | user=null | ip=null | op=PUT_BLOCK {blockData=[blockId=conID: 3 locID: 102655681747681851 bcsId: 0,size=3145728]} | ret=SUCCESS |  
2019-08-21 15:29:53,897 [grpc-default-executor-2] INFO  client.GrpcClientProtocolClient (GrpcClientProtocolClient.java:onNext(255)) - client-029E50227556->355864cd-7ac5-4934-b366-9756b15dd90f: receive RaftClientReply:client-029E50227556->355864cd-7ac5-4934-b366-9756b15dd90f@group-785BCF25C267, cid=2279, SUCCESS, logIndex=3372, commits[355864cd-7ac5-4934-b366-9756b15dd90f:c3373, ce4aa411-63c8-4399-99eb-27ce352844f3:c3371, 3eeffb0a-787e-48ec-a2f5-d0c540a89489:c3371]
2019-08-21 15:29:53,898 [grpc-default-executor-2] INFO  client.GrpcClientProtocolClient (GrpcClientProtocolClient.java:onNext(255)) - client-029E50227556->355864cd-7ac5-4934-b366-9756b15dd90f: receive RaftClientReply:client-029E50227556->355864cd-7ac5-4934-b366-9756b15dd90f@group-785BCF25C267, cid=2280, SUCCESS, logIndex=3373, commits[355864cd-7ac5-4934-b366-9756b15dd90f:c3373, ce4aa411-63c8-4399-99eb-27ce352844f3:c3371, 3eeffb0a-787e-48ec-a2f5-d0c540a89489:c3371]
2019-08-21 15:29:53,903 | INFO  | DNAudit | user=null | ip=null | op=WRITE_CHUNK {blockData=conID: 3 locID: 102655681747681851 bcsId: 3373} | ret=SUCCESS |  
2019-08-21 15:29:53,904 | INFO  | DNAudit | user=null | ip=null | op=WRITE_CHUNK {blockData=conID: 3 locID: 102655681747681851 bcsId: 3373} | ret=SUCCESS |  
2019-08-21 15:29:53,904 | INFO  | DNAudit | user=null | ip=null | op=WRITE_CHUNK {blockData=conID: 3 locID: 102655681747681851 bcsId: 3373} | ret=SUCCESS |  
2019-08-21 15:29:53,907 | INFO  | DNAudit | user=null | ip=null | op=WRITE_CHUNK {blockData=conID: 3 locID: 102655681747681851 bcsId: 3367} | ret=SUCCESS |  
2019-08-21 15:29:53,907 | INFO  | DNAudit | user=null | ip=null | op=WRITE_CHUNK {blockData=conID: 3 locID: 102655681747681851 bcsId: 3367} | ret=SUCCESS |  
2019-08-21 15:29:53,907 | INFO  | DNAudit | user=null | ip=null | op=PUT_BLOCK {blockData=[blockId=conID: 3 locID: 102655681747681851 bcsId: 0,size=3145728]} | ret=SUCCESS |  
2019-08-21 15:29:53,908 | INFO  | DNAudit | user=null | ip=null | op=PUT_BLOCK {blockData=[blockId=conID: 3 locID: 102655681747681851 bcsId: 0,size=3145728]} | ret=SUCCESS |  
2019-08-21 15:29:53,908 | INFO  | DNAudit | user=null | ip=null | op=WRITE_CHUNK {blockData=conID: 3 locID: 102655681747681851 bcsId: 3373} | ret=SUCCESS |  
2019-08-21 15:29:53,909 | INFO  | DNAudit | user=null | ip=null | op=PUT_BLOCK {blockData=[blockId=conID: 3 locID: 102655681747681851 bcsId: 0,size=4194304]} | ret=SUCCESS |  
2019-08-21 15:29:53,909 [grpc-default-executor-3] INFO  client.GrpcClientProtocolClient (GrpcClientProtocolClient.java:onNext(255)) - client-029E50227556->355864cd-7ac5-4934-b366-9756b15dd90f: receive RaftClientReply:client-029E50227556->355864cd-7ac5-4934-b366-9756b15dd90f@group-785BCF25C267, cid=2281, SUCCESS, logIndex=3376, commits[355864cd-7ac5-4934-b366-9756b15dd90f:c3377, ce4aa411-63c8-4399-99eb-27ce352844f3:c3373, 3eeffb0a-787e-48ec-a2f5-d0c540a89489:c3373]
2019-08-21 15:29:53,909 [grpc-default-executor-3] INFO  client.GrpcClientProtocolClient (GrpcClientProtocolClient.java:onNext(255)) - client-029E50227556->355864cd-7ac5-4934-b366-9756b15dd90f: receive RaftClientReply:client-029E50227556->355864cd-7ac5-4934-b366-9756b15dd90f@group-785BCF25C267, cid=2282, SUCCESS, logIndex=3377, commits[355864cd-7ac5-4934-b366-9756b15dd90f:c3377, ce4aa411-63c8-4399-99eb-27ce352844f3:c3373, 3eeffb0a-787e-48ec-a2f5-d0c540a89489:c3373]
2019-08-21 15:29:53,918 | INFO  | DNAudit | user=null | ip=null | op=WRITE_CHUNK {blockData=conID: 3 locID: 102655681747681851 bcsId: 3373} | ret=SUCCESS |  
2019-08-21 15:29:53,918 | INFO  | DNAudit | user=null | ip=null | op=WRITE_CHUNK {blockData=conID: 3 locID: 102655681747681851 bcsId: 3373} | ret=SUCCESS |  
2019-08-21 15:29:53,920 | INFO  | DNAudit | user=null | ip=null | op=PUT_BLOCK {blockData=[blockId=conID: 3 locID: 102655681747681851 bcsId: 0,size=4194304]} | ret=SUCCESS |  
2019-08-21 15:29:53,920 | INFO  | DNAudit | user=null | ip=null | op=PUT_BLOCK {blockData=[blockId=conID: 3 locID: 102655681747681851 bcsId: 0,size=4194304]} | ret=SUCCESS |  
2019-08-21 15:29:53,920 [grpc-default-executor-3] INFO  client.GrpcClientProtocolClient (GrpcClientProtocolClient.java:onNext(255)) - client-029E50227556->355864cd-7ac5-4934-b366-9756b15dd90f: receive RaftClientReply:client-029E50227556->355864cd-7ac5-4934-b366-9756b15dd90f@group-785BCF25C267, cid=2283, SUCCESS, logIndex=0, commits[355864cd-7ac5-4934-b366-9756b15dd90f:c3379, ce4aa411-63c8-4399-99eb-27ce352844f3:c3377, 3eeffb0a-787e-48ec-a2f5-d0c540a89489:c3377]
2019-08-21 15:29:53,924 | INFO  | SCMAudit | user=jenkins1000 | ip=192.168.5.153 | op=ALLOCATE_BLOCK {owner=78849ec2-2b05-45d8-8cb5-e95e2230dbd1, size=4194304, type=RATIS, factor=THREE} | ret=SUCCESS |  
2019-08-21 15:29:53,926 | INFO  | OMAudit | user=jenkins1000 | ip=127.0.0.1 | op=ALLOCATE_BLOCK {volume=vol-0-32358, bucket=bucket-0-01949, key=key-0-56547, dataSize=0, replicationType=null, replicationFactor=null, keyLocationInfo=null, clientID=102655680532119954} | ret=SUCCESS |  
2019-08-21 15:29:53,932 | INFO  | DNAudit | user=null | ip=null | op=WRITE_CHUNK {blockData=conID: 1 locID: 102655681752203836 bcsId: 0} | ret=SUCCESS |  
2019-08-21 15:29:53,934 | INFO  | DNAudit | user=null | ip=null | op=WRITE_CHUNK {blockData=conID: 1 locID: 102655681752203836 bcsId: 0} | ret=SUCCESS |  
2019-08-21 15:29:53,934 | INFO  | DNAudit | user=null | ip=null | op=WRITE_CHUNK {blockData=conID: 1 locID: 102655681752203836 bcsId: 0} | ret=SUCCESS |  
2019-08-21 15:29:53,934 | INFO  | DNAudit | user=null | ip=null | op=WRITE_CHUNK {blockData=conID: 1 locID: 102655681752203836 bcsId: 0} | ret=SUCCESS |  
2019-08-21 15:29:53,935 | INFO  | DNAudit | user=null | ip=null | op=WRITE_CHUNK {blockData=conID: 1 locID: 102655681752203836 bcsId: 0} | ret=SUCCESS |  
2019-08-21 15:29:53,936 | INFO  | DNAudit | user=null | ip=null | op=WRITE_CHUNK {blockData=conID: 1 locID: 102655681752203836 bcsId: 0} | ret=SUCCESS |  
2019-08-21 15:29:53,952 | INFO  | DNAudit | user=null | ip=null | op=WRITE_CHUNK {blockData=conID: 1 locID: 102655681752203836 bcsId: 0} | ret=SUCCESS |  
2019-08-21 15:29:53,952 | INFO  | DNAudit | user=null | ip=null | op=PUT_BLOCK {blockData=[blockId=conID: 1 locID: 102655681752203836 bcsId: 0,size=1048576]} | ret=SUCCESS |  
2019-08-21 15:29:53,952 [grpc-default-executor-2] INFO  client.GrpcClientProtocolClient (GrpcClientProtocolClient.java:onNext(255)) - client-029E50227556->355864cd-7ac5-4934-b366-9756b15dd90f: receive RaftClientReply:client-029E50227556->355864cd-7ac5-4934-b366-9756b15dd90f@group-785BCF25C267, cid=2284, SUCCESS, logIndex=3380, commits[355864cd-7ac5-4934-b366-9756b15dd90f:c3381, ce4aa411-63c8-4399-99eb-27ce352844f3:c3379, 3eeffb0a-787e-48ec-a2f5-d0c540a89489:c3379]
2019-08-21 15:29:53,953 [grpc-default-executor-2] INFO  client.GrpcClientProtocolClient (GrpcClientProtocolClient.java:onNext(255)) - client-029E50227556->355864cd-7ac5-4934-b366-9756b15dd90f: receive RaftClientReply:client-029E50227556->355864cd-7ac5-4934-b366-9756b15dd90f@group-785BCF25C267, cid=2285, SUCCESS, logIndex=3381, commits[355864cd-7ac5-4934-b366-9756b15dd90f:c3381, ce4aa411-63c8-4399-99eb-27ce352844f3:c3379, 3eeffb0a-787e-48ec-a2f5-d0c540a89489:c3379]
2019-08-21 15:29:53,954 | INFO  | DNAudit | user=null | ip=null | op=WRITE_CHUNK {blockData=conID: 1 locID: 102655681752203836 bcsId: 0} | ret=SUCCESS |  
2019-08-21 15:29:53,955 | INFO  | DNAudit | user=null | ip=null | op=PUT_BLOCK {blockData=[blockId=conID: 1 locID: 102655681752203836 bcsId: 0,size=2097152]} | ret=SUCCESS |  
2019-08-21 15:29:53,955 | INFO  | DNAudit | user=null | ip=null | op=WRITE_CHUNK {blockData=conID: 1 locID: 102655681752203836 bcsId: 0} | ret=SUCCESS |  
2019-08-21 15:29:53,955 [grpc-default-executor-2] INFO  client.GrpcClientProtocolClient (GrpcClientProtocolClient.java:onNext(255)) - client-029E50227556->355864cd-7ac5-4934-b366-9756b15dd90f: receive RaftClientReply:client-029E50227556->355864cd-7ac5-4934-b366-9756b15dd90f@group-785BCF25C267, cid=2286, SUCCESS, logIndex=3382, commits[355864cd-7ac5-4934-b366-9756b15dd90f:c3383, ce4aa411-63c8-4399-99eb-27ce352844f3:c3379, 3eeffb0a-787e-48ec-a2f5-d0c540a89489:c3379]
2019-08-21 15:29:53,955 | INFO  | DNAudit | user=null | ip=null | op=PUT_BLOCK {blockData=[blockId=conID: 1 locID: 102655681752203836 bcsId: 0,size=1048576]} | ret=SUCCESS |  
2019-08-21 15:29:53,955 [grpc-default-executor-2] INFO  client.GrpcClientProtocolClient (GrpcClientProtocolClient.java:onNext(255)) - client-029E50227556->355864cd-7ac5-4934-b366-9756b15dd90f: receive RaftClientReply:client-029E50227556->355864cd-7ac5-4934-b366-9756b15dd90f@group-785BCF25C267, cid=2287, SUCCESS, logIndex=3383, commits[355864cd-7ac5-4934-b366-9756b15dd90f:c3383, ce4aa411-63c8-4399-99eb-27ce352844f3:c3381, 3eeffb0a-787e-48ec-a2f5-d0c540a89489:c3379]
2019-08-21 15:29:53,966 | INFO  | DNAudit | user=null | ip=null | op=WRITE_CHUNK {blockData=conID: 1 locID: 102655681752203836 bcsId: 0} | ret=SUCCESS |  
2019-08-21 15:29:53,966 | INFO  | DNAudit | user=null | ip=null | op=PUT_BLOCK {blockData=[blockId=conID: 1 locID: 102655681752203836 bcsId: 0,size=1048576]} | ret=SUCCESS |  
2019-08-21 15:29:53,966 [grpc-default-executor-2] INFO  client.GrpcClientProtocolClient (GrpcClientProtocolClient.java:onNext(255)) - client-029E50227556->355864cd-7ac5-4934-b366-9756b15dd90f: receive RaftClientReply:client-029E50227556->355864cd-7ac5-4934-b366-9756b15dd90f@group-785BCF25C267, cid=2288, SUCCESS, logIndex=0, commits[355864cd-7ac5-4934-b366-9756b15dd90f:c3383, ce4aa411-63c8-4399-99eb-27ce352844f3:c3381, 3eeffb0a-787e-48ec-a2f5-d0c540a89489:c3381]
2019-08-21 15:29:53,972 | INFO  | DNAudit | user=null | ip=null | op=WRITE_CHUNK {blockData=conID: 1 locID: 102655681752203836 bcsId: 3383} | ret=SUCCESS |  
2019-08-21 15:29:53,973 | INFO  | DNAudit | user=null | ip=null | op=WRITE_CHUNK {blockData=conID: 1 locID: 102655681752203836 bcsId: 3383} | ret=SUCCESS |  
2019-08-21 15:29:53,973 | INFO  | DNAudit | user=null | ip=null | op=WRITE_CHUNK {blockData=conID: 1 locID: 102655681752203836 bcsId: 3383} | ret=SUCCESS |  
2019-08-21 15:29:53,984 | INFO  | DNAudit | user=null | ip=null | op=WRITE_CHUNK {blockData=conID: 1 locID: 102655681752203836 bcsId: 0} | ret=SUCCESS |  
2019-08-21 15:29:53,984 | INFO  | DNAudit | user=null | ip=null | op=WRITE_CHUNK {blockData=conID: 1 locID: 102655681752203836 bcsId: 0} | ret=SUCCESS |  
2019-08-21 15:29:53,984 | INFO  | DNAudit | user=null | ip=null | op=WRITE_CHUNK {blockData=conID: 1 locID: 102655681752203836 bcsId: 3383} | ret=SUCCESS |  
2019-08-21 15:29:53,984 | INFO  | DNAudit | user=null | ip=null | op=PUT_BLOCK {blockData=[blockId=conID: 1 locID: 102655681752203836 bcsId: 0,size=2097152]} | ret=SUCCESS |  
2019-08-21 15:29:53,984 | INFO  | DNAudit | user=null | ip=null | op=PUT_BLOCK {blockData=[blockId=conID: 1 locID: 102655681752203836 bcsId: 0,size=2097152]} | ret=SUCCESS |  
2019-08-21 15:29:53,984 | INFO  | DNAudit | user=null | ip=null | op=PUT_BLOCK {blockData=[blockId=conID: 1 locID: 102655681752203836 bcsId: 0,size=3145728]} | ret=SUCCESS |  
2019-08-21 15:29:53,984 [grpc-default-executor-4] INFO  client.GrpcClientProtocolClient (GrpcClientProtocolClient.java:onNext(255)) - client-029E50227556->355864cd-7ac5-4934-b366-9756b15dd90f: receive RaftClientReply:client-029E50227556->355864cd-7ac5-4934-b366-9756b15dd90f@group-785BCF25C267, cid=2289, SUCCESS, logIndex=3388, commits[355864cd-7ac5-4934-b366-9756b15dd90f:c3389, ce4aa411-63c8-4399-99eb-27ce352844f3:c3387, 3eeffb0a-787e-48ec-a2f5-d0c540a89489:c3387]
2019-08-21 15:29:53,985 [grpc-default-executor-4] INFO  client.GrpcClientProtocolClient (GrpcClientProtocolClient.java:onNext(255)) - client-029E50227556->355864cd-7ac5-4934-b366-9756b15dd90f: receive RaftClientReply:client-029E50227556->355864cd-7ac5-4934-b366-9756b15dd90f@group-785BCF25C267, cid=2290, SUCCESS, logIndex=3389, commits[355864cd-7ac5-4934-b366-9756b15dd90f:c3389, ce4aa411-63c8-4399-99eb-27ce352844f3:c3387, 3eeffb0a-787e-48ec-a2f5-d0c540a89489:c3387]
2019-08-21 15:29:53,990 | INFO  | DNAudit | user=null | ip=null | op=WRITE_CHUNK {blockData=conID: 1 locID: 102655681752203836 bcsId: 3389} | ret=SUCCESS |  
2019-08-21 15:29:53,992 | INFO  | DNAudit | user=null | ip=null | op=WRITE_CHUNK {blockData=conID: 1 locID: 102655681752203836 bcsId: 3389} | ret=SUCCESS |  
2019-08-21 15:29:53,992 | INFO  | DNAudit | user=null | ip=null | op=WRITE_CHUNK {blockData=conID: 1 locID: 102655681752203836 bcsId: 3389} | ret=SUCCESS |  
2019-08-21 15:29:53,999 | INFO  | DNAudit | user=null | ip=null | op=WRITE_CHUNK {blockData=conID: 1 locID: 102655681752203836 bcsId: 3383} | ret=SUCCESS |  
2019-08-21 15:29:53,999 | INFO  | DNAudit | user=null | ip=null | op=WRITE_CHUNK {blockData=conID: 1 locID: 102655681752203836 bcsId: 3383} | ret=SUCCESS |  
2019-08-21 15:29:54,010 | INFO  | DNAudit | user=null | ip=null | op=PUT_BLOCK {blockData=[blockId=conID: 1 locID: 102655681752203836 bcsId: 0,size=3145728]} | ret=SUCCESS |  
2019-08-21 15:29:54,010 | INFO  | DNAudit | user=null | ip=null | op=PUT_BLOCK {blockData=[blockId=conID: 1 locID: 102655681752203836 bcsId: 0,size=3145728]} | ret=SUCCESS |  
2019-08-21 15:29:54,011 | INFO  | DNAudit | user=null | ip=null | op=WRITE_CHUNK {blockData=conID: 1 locID: 102655681752203836 bcsId: 3389} | ret=SUCCESS |  
2019-08-21 15:29:54,011 | INFO  | DNAudit | user=null | ip=null | op=PUT_BLOCK {blockData=[blockId=conID: 1 locID: 102655681752203836 bcsId: 0,size=4194304]} | ret=SUCCESS |  
2019-08-21 15:29:54,011 [grpc-default-executor-4] INFO  client.GrpcClientProtocolClient (GrpcClientProtocolClient.java:onNext(255)) - client-029E50227556->355864cd-7ac5-4934-b366-9756b15dd90f: receive RaftClientReply:client-029E50227556->355864cd-7ac5-4934-b366-9756b15dd90f@group-785BCF25C267, cid=2291, SUCCESS, logIndex=3392, commits[355864cd-7ac5-4934-b366-9756b15dd90f:c3393, ce4aa411-63c8-4399-99eb-27ce352844f3:c3389, 3eeffb0a-787e-48ec-a2f5-d0c540a89489:c3389]
2019-08-21 15:29:54,012 [grpc-default-executor-4] INFO  client.GrpcClientProtocolClient (GrpcClientProtocolClient.java:onNext(255)) - client-029E50227556->355864cd-7ac5-4934-b366-9756b15dd90f: receive RaftClientReply:client-029E50227556->355864cd-7ac5-4934-b366-9756b15dd90f@group-785BCF25C267, cid=2292, SUCCESS, logIndex=3393, commits[355864cd-7ac5-4934-b366-9756b15dd90f:c3393, ce4aa411-63c8-4399-99eb-27ce352844f3:c3389, 3eeffb0a-787e-48ec-a2f5-d0c540a89489:c3389]
2019-08-21 15:29:54,022 | INFO  | DNAudit | user=null | ip=null | op=WRITE_CHUNK {blockData=conID: 1 locID: 102655681752203836 bcsId: 3389} | ret=SUCCESS |  
2019-08-21 15:29:54,022 | INFO  | DNAudit | user=null | ip=null | op=WRITE_CHUNK {blockData=conID: 1 locID: 102655681752203836 bcsId: 3389} | ret=SUCCESS |  
2019-08-21 15:29:54,023 | INFO  | DNAudit | user=null | ip=null | op=PUT_BLOCK {blockData=[blockId=conID: 1 locID: 102655681752203836 bcsId: 0,size=4194304]} | ret=SUCCESS |  
2019-08-21 15:29:54,023 | INFO  | DNAudit | user=null | ip=null | op=PUT_BLOCK {blockData=[blockId=conID: 1 locID: 102655681752203836 bcsId: 0,size=4194304]} | ret=SUCCESS |  
2019-08-21 15:29:54,024 [grpc-default-executor-3] INFO  client.GrpcClientProtocolClient (GrpcClientProtocolClient.java:onNext(255)) - client-029E50227556->355864cd-7ac5-4934-b366-9756b15dd90f: receive RaftClientReply:client-029E50227556->355864cd-7ac5-4934-b366-9756b15dd90f@group-785BCF25C267, cid=2293, SUCCESS, logIndex=0, commits[355864cd-7ac5-4934-b366-9756b15dd90f:c3395, ce4aa411-63c8-4399-99eb-27ce352844f3:c3393, 3eeffb0a-787e-48ec-a2f5-d0c540a89489:c3393]
2019-08-21 15:29:54,028 | INFO  | SCMAudit | user=jenkins1000 | ip=192.168.5.153 | op=ALLOCATE_BLOCK {owner=78849ec2-2b05-45d8-8cb5-e95e2230dbd1, size=4194304, type=RATIS, factor=THREE} | ret=SUCCESS |  
2019-08-21 15:29:54,030 | INFO  | OMAudit | user=jenkins1000 | ip=127.0.0.1 | op=ALLOCATE_BLOCK {volume=vol-0-32358, bucket=bucket-0-01949, key=key-0-56547, dataSize=0, replicationType=null, replicationFactor=null, keyLocationInfo=null, clientID=102655680532119954} | ret=SUCCESS |  
2019-08-21 15:29:54,036 | INFO  | DNAudit | user=null | ip=null | op=WRITE_CHUNK {blockData=conID: 2 locID: 102655681759019581 bcsId: 0} | ret=SUCCESS |  
2019-08-21 15:29:54,038 | INFO  | DNAudit | user=null | ip=null | op=WRITE_CHUNK {blockData=conID: 2 locID: 102655681759019581 bcsId: 0} | ret=SUCCESS |  
2019-08-21 15:29:54,039 | INFO  | DNAudit | user=null | ip=null | op=WRITE_CHUNK {blockData=conID: 2 locID: 102655681759019581 bcsId: 0} | ret=SUCCESS |  
2019-08-21 15:29:54,039 | INFO  | DNAudit | user=null | ip=null | op=WRITE_CHUNK {blockData=conID: 2 locID: 102655681759019581 bcsId: 0} | ret=SUCCESS |  
2019-08-21 15:29:54,040 | INFO  | DNAudit | user=null | ip=null | op=WRITE_CHUNK {blockData=conID: 2 locID: 102655681759019581 bcsId: 0} | ret=SUCCESS |  
2019-08-21 15:29:54,040 | INFO  | DNAudit | user=null | ip=null | op=WRITE_CHUNK {blockData=conID: 2 locID: 102655681759019581 bcsId: 0} | ret=SUCCESS |  
2019-08-21 15:29:54,048 | INFO  | DNAudit | user=null | ip=null | op=WRITE_CHUNK {blockData=conID: 2 locID: 102655681759019581 bcsId: 0} | ret=SUCCESS |  
2019-08-21 15:29:54,048 | INFO  | DNAudit | user=null | ip=null | op=PUT_BLOCK {blockData=[blockId=conID: 2 locID: 102655681759019581 bcsId: 0,size=1048576]} | ret=SUCCESS |  
2019-08-21 15:29:54,048 [grpc-default-executor-4] INFO  client.GrpcClientProtocolClient (GrpcClientProtocolClient.java:onNext(255)) - client-029E50227556->355864cd-7ac5-4934-b366-9756b15dd90f: receive RaftClientReply:client-029E50227556->355864cd-7ac5-4934-b366-9756b15dd90f@group-785BCF25C267, cid=2294, SUCCESS, logIndex=3396, commits[355864cd-7ac5-4934-b366-9756b15dd90f:c3398, ce4aa411-63c8-4399-99eb-27ce352844f3:c3395, 3eeffb0a-787e-48ec-a2f5-d0c540a89489:c3395]
2019-08-21 15:29:54,049 | INFO  | DNAudit | user=null | ip=null | op=WRITE_CHUNK {blockData=conID: 2 locID: 102655681759019581 bcsId: 0} | ret=SUCCESS |  
2019-08-21 15:29:54,049 [grpc-default-executor-4] INFO  client.GrpcClientProtocolClient (GrpcClientProtocolClient.java:onNext(255)) - client-029E50227556->355864cd-7ac5-4934-b366-9756b15dd90f: receive RaftClientReply:client-029E50227556->355864cd-7ac5-4934-b366-9756b15dd90f@group-785BCF25C267, cid=2295, SUCCESS, logIndex=3397, commits[355864cd-7ac5-4934-b366-9756b15dd90f:c3399, ce4aa411-63c8-4399-99eb-27ce352844f3:c3395, 3eeffb0a-787e-48ec-a2f5-d0c540a89489:c3395]
2019-08-21 15:29:54,049 | INFO  | DNAudit | user=null | ip=null | op=PUT_BLOCK {blockData=[blockId=conID: 2 locID: 102655681759019581 bcsId: 0,size=2097152]} | ret=SUCCESS |  
2019-08-21 15:29:54,049 [grpc-default-executor-4] INFO  client.GrpcClientProtocolClient (GrpcClientProtocolClient.java:onNext(255)) - client-029E50227556->355864cd-7ac5-4934-b366-9756b15dd90f: receive RaftClientReply:client-029E50227556->355864cd-7ac5-4934-b366-9756b15dd90f@group-785BCF25C267, cid=2296, SUCCESS, logIndex=3398, commits[355864cd-7ac5-4934-b366-9756b15dd90f:c3399, ce4aa411-63c8-4399-99eb-27ce352844f3:c3395, 3eeffb0a-787e-48ec-a2f5-d0c540a89489:c3395]
2019-08-21 15:29:54,049 [grpc-default-executor-4] INFO  client.GrpcClientProtocolClient (GrpcClientProtocolClient.java:onNext(255)) - client-029E50227556->355864cd-7ac5-4934-b366-9756b15dd90f: receive RaftClientReply:client-029E50227556->355864cd-7ac5-4934-b366-9756b15dd90f@group-785BCF25C267, cid=2297, SUCCESS, logIndex=3399, commits[355864cd-7ac5-4934-b366-9756b15dd90f:c3399, ce4aa411-63c8-4399-99eb-27ce352844f3:c3395, 3eeffb0a-787e-48ec-a2f5-d0c540a89489:c3395]
2019-08-21 15:29:54,051 | INFO  | DNAudit | user=null | ip=null | op=WRITE_CHUNK {blockData=conID: 2 locID: 102655681759019581 bcsId: 0} | ret=SUCCESS |  
2019-08-21 15:29:54,051 | INFO  | DNAudit | user=null | ip=null | op=PUT_BLOCK {blockData=[blockId=conID: 2 locID: 102655681759019581 bcsId: 0,size=1048576]} | ret=SUCCESS |  
2019-08-21 15:29:54,053 | INFO  | SCMAudit | user=jenkins1000 | ip=192.168.5.153 | op=SEND_HEARTBEAT {datanodeUUID=a38cd7e0-d792-481c-a4c0-f4feaa89ec8f, command=[]} | ret=SUCCESS |  
2019-08-21 15:29:54,053 | INFO  | SCMAudit | user=jenkins1000 | ip=192.168.5.153 | op=SEND_HEARTBEAT {datanodeUUID=a0074e04-2715-4b16-a2b0-10b5043d27ae, command=[]} | ret=SUCCESS |  
2019-08-21 15:29:54,060 | INFO  | SCMAudit | user=jenkins1000 | ip=192.168.5.153 | op=SEND_HEARTBEAT {datanodeUUID=355864cd-7ac5-4934-b366-9756b15dd90f, command=[]} | ret=SUCCESS |  
2019-08-21 15:29:54,060 | INFO  | SCMAudit | user=jenkins1000 | ip=192.168.5.153 | op=SEND_HEARTBEAT {datanodeUUID=ce4aa411-63c8-4399-99eb-27ce352844f3, command=[]} | ret=SUCCESS |  
2019-08-21 15:29:54,060 | INFO  | SCMAudit | user=jenkins1000 | ip=192.168.5.153 | op=SEND_HEARTBEAT {datanodeUUID=3eeffb0a-787e-48ec-a2f5-d0c540a89489, command=[]} | ret=SUCCESS |  
 0.00% |█                                                                                                    |  0/1 Time: 0:00:182019-08-21 15:29:54,062 | INFO  | DNAudit | user=null | ip=null | op=WRITE_CHUNK {blockData=conID: 2 locID: 102655681759019581 bcsId: 0} | ret=SUCCESS |  
2019-08-21 15:29:54,062 [grpc-default-executor-4] INFO  client.GrpcClientProtocolClient (GrpcClientProtocolClient.java:onNext(255)) - client-029E50227556->355864cd-7ac5-4934-b366-9756b15dd90f: receive RaftClientReply:client-029E50227556->355864cd-7ac5-4934-b366-9756b15dd90f@group-785BCF25C267, cid=2298, SUCCESS, logIndex=0, commits[355864cd-7ac5-4934-b366-9756b15dd90f:c3400, ce4aa411-63c8-4399-99eb-27ce352844f3:c3397, 3eeffb0a-787e-48ec-a2f5-d0c540a89489:c3397]
2019-08-21 15:29:54,062 | INFO  | DNAudit | user=null | ip=null | op=PUT_BLOCK {blockData=[blockId=conID: 2 locID: 102655681759019581 bcsId: 0,size=1048576]} | ret=SUCCESS |  
2019-08-21 15:29:54,063 | INFO  | DNAudit | user=null | ip=null | op=WRITE_CHUNK {blockData=conID: 2 locID: 102655681759019581 bcsId: 0} | ret=SUCCESS |  
2019-08-21 15:29:54,063 | INFO  | DNAudit | user=null | ip=null | op=PUT_BLOCK {blockData=[blockId=conID: 2 locID: 102655681759019581 bcsId: 0,size=2097152]} | ret=SUCCESS |  
2019-08-21 15:29:54,063 | INFO  | DNAudit | user=null | ip=null | op=WRITE_CHUNK {blockData=conID: 2 locID: 102655681759019581 bcsId: 0} | ret=SUCCESS |  
2019-08-21 15:29:54,063 | INFO  | DNAudit | user=null | ip=null | op=PUT_BLOCK {blockData=[blockId=conID: 2 locID: 102655681759019581 bcsId: 0,size=2097152]} | ret=SUCCESS |  
2019-08-21 15:29:54,068 | INFO  | DNAudit | user=null | ip=null | op=WRITE_CHUNK {blockData=conID: 2 locID: 102655681759019581 bcsId: 3399} | ret=SUCCESS |  
2019-08-21 15:29:54,069 | INFO  | DNAudit | user=null | ip=null | op=WRITE_CHUNK {blockData=conID: 2 locID: 102655681759019581 bcsId: 3399} | ret=SUCCESS |  
2019-08-21 15:29:54,070 | INFO  | DNAudit | user=null | ip=null | op=WRITE_CHUNK {blockData=conID: 2 locID: 102655681759019581 bcsId: 3399} | ret=SUCCESS |  
2019-08-21 15:29:54,080 | INFO  | DNAudit | user=null | ip=null | op=WRITE_CHUNK {blockData=conID: 2 locID: 102655681759019581 bcsId: 3399} | ret=SUCCESS |  
2019-08-21 15:29:54,080 | INFO  | DNAudit | user=null | ip=null | op=PUT_BLOCK {blockData=[blockId=conID: 2 locID: 102655681759019581 bcsId: 0,size=3145728]} | ret=SUCCESS |  
2019-08-21 15:29:54,081 [grpc-default-executor-3] INFO  client.GrpcClientProtocolClient (GrpcClientProtocolClient.java:onNext(255)) - client-029E50227556->355864cd-7ac5-4934-b366-9756b15dd90f: receive RaftClientReply:client-029E50227556->355864cd-7ac5-4934-b366-9756b15dd90f@group-785BCF25C267, cid=2299, SUCCESS, logIndex=3404, commits[355864cd-7ac5-4934-b366-9756b15dd90f:c3405, ce4aa411-63c8-4399-99eb-27ce352844f3:c3403, 3eeffb0a-787e-48ec-a2f5-d0c540a89489:c3403]
2019-08-21 15:29:54,081 [grpc-default-executor-3] INFO  client.GrpcClientProtocolClient (GrpcClientProtocolClient.java:onNext(255)) - client-029E50227556->355864cd-7ac5-4934-b366-9756b15dd90f: receive RaftClientReply:client-029E50227556->355864cd-7ac5-4934-b366-9756b15dd90f@group-785BCF25C267, cid=2300, SUCCESS, logIndex=3405, commits[355864cd-7ac5-4934-b366-9756b15dd90f:c3405, ce4aa411-63c8-4399-99eb-27ce352844f3:c3403, 3eeffb0a-787e-48ec-a2f5-d0c540a89489:c3403]
2019-08-21 15:29:54,086 | INFO  | DNAudit | user=null | ip=null | op=WRITE_CHUNK {blockData=conID: 2 locID: 102655681759019581 bcsId: 3405} | ret=SUCCESS |  
2019-08-21 15:29:54,089 | INFO  | DNAudit | user=null | ip=null | op=WRITE_CHUNK {blockData=conID: 2 locID: 102655681759019581 bcsId: 3405} | ret=SUCCESS |  
2019-08-21 15:29:54,089 | INFO  | DNAudit | user=null | ip=null | op=WRITE_CHUNK {blockData=conID: 2 locID: 102655681759019581 bcsId: 3405} | ret=SUCCESS |  
2019-08-21 15:29:54,092 | INFO  | DNAudit | user=null | ip=null | op=WRITE_CHUNK {blockData=conID: 2 locID: 102655681759019581 bcsId: 3399} | ret=SUCCESS |  
2019-08-21 15:29:54,092 | INFO  | DNAudit | user=null | ip=null | op=WRITE_CHUNK {blockData=conID: 2 locID: 102655681759019581 bcsId: 3399} | ret=SUCCESS |  
2019-08-21 15:29:54,093 | INFO  | DNAudit | user=null | ip=null | op=PUT_BLOCK {blockData=[blockId=conID: 2 locID: 102655681759019581 bcsId: 0,size=3145728]} | ret=SUCCESS |  
2019-08-21 15:29:54,093 | INFO  | DNAudit | user=null | ip=null | op=PUT_BLOCK {blockData=[blockId=conID: 2 locID: 102655681759019581 bcsId: 0,size=3145728]} | ret=SUCCESS |  
2019-08-21 15:29:54,093 | INFO  | DNAudit | user=null | ip=null | op=WRITE_CHUNK {blockData=conID: 2 locID: 102655681759019581 bcsId: 3405} | ret=SUCCESS |  
2019-08-21 15:29:54,094 | INFO  | DNAudit | user=null | ip=null | op=PUT_BLOCK {blockData=[blockId=conID: 2 locID: 102655681759019581 bcsId: 0,size=4194304]} | ret=SUCCESS |  
2019-08-21 15:29:54,094 [grpc-default-executor-4] INFO  client.GrpcClientProtocolClient (GrpcClientProtocolClient.java:onNext(255)) - client-029E50227556->355864cd-7ac5-4934-b366-9756b15dd90f: receive RaftClientReply:client-029E50227556->355864cd-7ac5-4934-b366-9756b15dd90f@group-785BCF25C267, cid=2301, SUCCESS, logIndex=3408, commits[355864cd-7ac5-4934-b366-9756b15dd90f:c3409, ce4aa411-63c8-4399-99eb-27ce352844f3:c3405, 3eeffb0a-787e-48ec-a2f5-d0c540a89489:c3405]
2019-08-21 15:29:54,094 [grpc-default-executor-4] INFO  client.GrpcClientProtocolClient (GrpcClientProtocolClient.java:onNext(255)) - client-029E50227556->355864cd-7ac5-4934-b366-9756b15dd90f: receive RaftClientReply:client-029E50227556->355864cd-7ac5-4934-b366-9756b15dd90f@group-785BCF25C267, cid=2302, SUCCESS, logIndex=3409, commits[355864cd-7ac5-4934-b366-9756b15dd90f:c3409, ce4aa411-63c8-4399-99eb-27ce352844f3:c3405, 3eeffb0a-787e-48ec-a2f5-d0c540a89489:c3405]
2019-08-21 15:29:54,105 | INFO  | DNAudit | user=null | ip=null | op=WRITE_CHUNK {blockData=conID: 2 locID: 102655681759019581 bcsId: 3405} | ret=SUCCESS |  
2019-08-21 15:29:54,105 | INFO  | DNAudit | user=null | ip=null | op=WRITE_CHUNK {blockData=conID: 2 locID: 102655681759019581 bcsId: 3405} | ret=SUCCESS |  
2019-08-21 15:29:54,106 | INFO  | DNAudit | user=null | ip=null | op=PUT_BLOCK {blockData=[blockId=conID: 2 locID: 102655681759019581 bcsId: 0,size=4194304]} | ret=SUCCESS |  
2019-08-21 15:29:54,106 | INFO  | DNAudit | user=null | ip=null | op=PUT_BLOCK {blockData=[blockId=conID: 2 locID: 102655681759019581 bcsId: 0,size=4194304]} | ret=SUCCESS |  
2019-08-21 15:29:54,106 [grpc-default-executor-4] INFO  client.GrpcClientProtocolClient (GrpcClientProtocolClient.java:onNext(255)) - client-029E50227556->355864cd-7ac5-4934-b366-9756b15dd90f: receive RaftClientReply:client-029E50227556->355864cd-7ac5-4934-b366-9756b15dd90f@group-785BCF25C267, cid=2303, SUCCESS, logIndex=0, commits[355864cd-7ac5-4934-b366-9756b15dd90f:c3411, ce4aa411-63c8-4399-99eb-27ce352844f3:c3409, 3eeffb0a-787e-48ec-a2f5-d0c540a89489:c3409]
2019-08-21 15:29:54,110 | INFO  | SCMAudit | user=jenkins1000 | ip=192.168.5.153 | op=ALLOCATE_BLOCK {owner=78849ec2-2b05-45d8-8cb5-e95e2230dbd1, size=4194304, type=RATIS, factor=THREE} | ret=SUCCESS |  
2019-08-21 15:29:54,113 | INFO  | OMAudit | user=jenkins1000 | ip=127.0.0.1 | op=ALLOCATE_BLOCK {volume=vol-0-32358, bucket=bucket-0-01949, key=key-0-56547, dataSize=0, replicationType=null, replicationFactor=null, keyLocationInfo=null, clientID=102655680532119954} | ret=SUCCESS |  
2019-08-21 15:29:54,118 | INFO  | DNAudit | user=null | ip=null | op=WRITE_CHUNK {blockData=conID: 3 locID: 102655681764393534 bcsId: 0} | ret=SUCCESS |  
2019-08-21 15:29:54,121 | INFO  | DNAudit | user=null | ip=null | op=WRITE_CHUNK {blockData=conID: 3 locID: 102655681764393534 bcsId: 0} | ret=SUCCESS |  
2019-08-21 15:29:54,121 | INFO  | DNAudit | user=null | ip=null | op=WRITE_CHUNK {blockData=conID: 3 locID: 102655681764393534 bcsId: 0} | ret=SUCCESS |  
2019-08-21 15:29:54,121 | INFO  | DNAudit | user=null | ip=null | op=WRITE_CHUNK {blockData=conID: 3 locID: 102655681764393534 bcsId: 0} | ret=SUCCESS |  
2019-08-21 15:29:54,122 | INFO  | DNAudit | user=null | ip=null | op=WRITE_CHUNK {blockData=conID: 3 locID: 102655681764393534 bcsId: 0} | ret=SUCCESS |  
2019-08-21 15:29:54,122 | INFO  | DNAudit | user=null | ip=null | op=WRITE_CHUNK {blockData=conID: 3 locID: 102655681764393534 bcsId: 0} | ret=SUCCESS |  
2019-08-21 15:29:54,131 | INFO  | DNAudit | user=null | ip=null | op=WRITE_CHUNK {blockData=conID: 3 locID: 102655681764393534 bcsId: 0} | ret=SUCCESS |  
2019-08-21 15:29:54,131 | INFO  | DNAudit | user=null | ip=null | op=PUT_BLOCK {blockData=[blockId=conID: 3 locID: 102655681764393534 bcsId: 0,size=1048576]} | ret=SUCCESS |  
2019-08-21 15:29:54,131 [grpc-default-executor-3] INFO  client.GrpcClientProtocolClient (GrpcClientProtocolClient.java:onNext(255)) - client-029E50227556->355864cd-7ac5-4934-b366-9756b15dd90f: receive RaftClientReply:client-029E50227556->355864cd-7ac5-4934-b366-9756b15dd90f@group-785BCF25C267, cid=2304, SUCCESS, logIndex=3412, commits[355864cd-7ac5-4934-b366-9756b15dd90f:c3413, ce4aa411-63c8-4399-99eb-27ce352844f3:c3409, 3eeffb0a-787e-48ec-a2f5-d0c540a89489:c3411]
2019-08-21 15:29:54,132 [grpc-default-executor-4] INFO  client.GrpcClientProtocolClient (GrpcClientProtocolClient.java:onNext(255)) - client-029E50227556->355864cd-7ac5-4934-b366-9756b15dd90f: receive RaftClientReply:client-029E50227556->355864cd-7ac5-4934-b366-9756b15dd90f@group-785BCF25C267, cid=2305, SUCCESS, logIndex=3413, commits[355864cd-7ac5-4934-b366-9756b15dd90f:c3413, ce4aa411-63c8-4399-99eb-27ce352844f3:c3411, 3eeffb0a-787e-48ec-a2f5-d0c540a89489:c3411]
2019-08-21 15:29:54,132 | INFO  | DNAudit | user=null | ip=null | op=WRITE_CHUNK {blockData=conID: 3 locID: 102655681764393534 bcsId: 0} | ret=SUCCESS |  
2019-08-21 15:29:54,133 | INFO  | DNAudit | user=null | ip=null | op=PUT_BLOCK {blockData=[blockId=conID: 3 locID: 102655681764393534 bcsId: 0,size=2097152]} | ret=SUCCESS |  
2019-08-21 15:29:54,133 [grpc-default-executor-3] INFO  client.GrpcClientProtocolClient (GrpcClientProtocolClient.java:onNext(255)) - client-029E50227556->355864cd-7ac5-4934-b366-9756b15dd90f: receive RaftClientReply:client-029E50227556->355864cd-7ac5-4934-b366-9756b15dd90f@group-785BCF25C267, cid=2306, SUCCESS, logIndex=3414, commits[355864cd-7ac5-4934-b366-9756b15dd90f:c3415, ce4aa411-63c8-4399-99eb-27ce352844f3:c3411, 3eeffb0a-787e-48ec-a2f5-d0c540a89489:c3411]
2019-08-21 15:29:54,133 | INFO  | DNAudit | user=null | ip=null | op=WRITE_CHUNK {blockData=conID: 3 locID: 102655681764393534 bcsId: 0} | ret=SUCCESS |  
2019-08-21 15:29:54,133 | INFO  | DNAudit | user=null | ip=null | op=PUT_BLOCK {blockData=[blockId=conID: 3 locID: 102655681764393534 bcsId: 0,size=1048576]} | ret=SUCCESS |  
2019-08-21 15:29:54,133 | INFO  | DNAudit | user=null | ip=null | op=WRITE_CHUNK {blockData=conID: 3 locID: 102655681764393534 bcsId: 0} | ret=SUCCESS |  
2019-08-21 15:29:54,133 [grpc-default-executor-3] INFO  client.GrpcClientProtocolClient (GrpcClientProtocolClient.java:onNext(255)) - client-029E50227556->355864cd-7ac5-4934-b366-9756b15dd90f: receive RaftClientReply:client-029E50227556->355864cd-7ac5-4934-b366-9756b15dd90f@group-785BCF25C267, cid=2307, SUCCESS, logIndex=3415, commits[355864cd-7ac5-4934-b366-9756b15dd90f:c3415, ce4aa411-63c8-4399-99eb-27ce352844f3:c3411, 3eeffb0a-787e-48ec-a2f5-d0c540a89489:c3411]
2019-08-21 15:29:54,133 | INFO  | DNAudit | user=null | ip=null | op=PUT_BLOCK {blockData=[blockId=conID: 3 locID: 102655681764393534 bcsId: 0,size=1048576]} | ret=SUCCESS |  
2019-08-21 15:29:54,134 [grpc-default-executor-3] INFO  client.GrpcClientProtocolClient (GrpcClientProtocolClient.java:onNext(255)) - client-029E50227556->355864cd-7ac5-4934-b366-9756b15dd90f: receive RaftClientReply:client-029E50227556->355864cd-7ac5-4934-b366-9756b15dd90f@group-785BCF25C267, cid=2308, SUCCESS, logIndex=0, commits[355864cd-7ac5-4934-b366-9756b15dd90f:c3417, ce4aa411-63c8-4399-99eb-27ce352844f3:c3413, 3eeffb0a-787e-48ec-a2f5-d0c540a89489:c3413]
2019-08-21 15:29:54,134 | INFO  | DNAudit | user=null | ip=null | op=WRITE_CHUNK {blockData=conID: 3 locID: 102655681764393534 bcsId: 0} | ret=SUCCESS |  
2019-08-21 15:29:54,134 | INFO  | DNAudit | user=null | ip=null | op=WRITE_CHUNK {blockData=conID: 3 locID: 102655681764393534 bcsId: 0} | ret=SUCCESS |  
2019-08-21 15:29:54,134 | INFO  | DNAudit | user=null | ip=null | op=PUT_BLOCK {blockData=[blockId=conID: 3 locID: 102655681764393534 bcsId: 0,size=2097152]} | ret=SUCCESS |  
2019-08-21 15:29:54,134 | INFO  | DNAudit | user=null | ip=null | op=PUT_BLOCK {blockData=[blockId=conID: 3 locID: 102655681764393534 bcsId: 0,size=2097152]} | ret=SUCCESS |  
2019-08-21 15:29:54,139 | INFO  | DNAudit | user=null | ip=null | op=WRITE_CHUNK {blockData=conID: 3 locID: 102655681764393534 bcsId: 3415} | ret=SUCCESS |  
2019-08-21 15:29:54,141 | INFO  | DNAudit | user=null | ip=null | op=WRITE_CHUNK {blockData=conID: 3 locID: 102655681764393534 bcsId: 3415} | ret=SUCCESS |  
2019-08-21 15:29:54,141 | INFO  | DNAudit | user=null | ip=null | op=WRITE_CHUNK {blockData=conID: 3 locID: 102655681764393534 bcsId: 3415} | ret=SUCCESS |  
2019-08-21 15:29:54,150 | INFO  | DNAudit | user=null | ip=null | op=WRITE_CHUNK {blockData=conID: 3 locID: 102655681764393534 bcsId: 3415} | ret=SUCCESS |  
2019-08-21 15:29:54,150 | INFO  | DNAudit | user=null | ip=null | op=PUT_BLOCK {blockData=[blockId=conID: 3 locID: 102655681764393534 bcsId: 0,size=3145728]} | ret=SUCCESS |  
2019-08-21 15:29:54,150 [grpc-default-executor-0] INFO  client.GrpcClientProtocolClient (GrpcClientProtocolClient.java:onNext(255)) - client-029E50227556->355864cd-7ac5-4934-b366-9756b15dd90f: receive RaftClientReply:client-029E50227556->355864cd-7ac5-4934-b366-9756b15dd90f@group-785BCF25C267, cid=2309, SUCCESS, logIndex=3420, commits[355864cd-7ac5-4934-b366-9756b15dd90f:c3421, ce4aa411-63c8-4399-99eb-27ce352844f3:c3419, 3eeffb0a-787e-48ec-a2f5-d0c540a89489:c3419]
2019-08-21 15:29:54,150 [grpc-default-executor-0] INFO  client.GrpcClientProtocolClient (GrpcClientProtocolClient.java:onNext(255)) - client-029E50227556->355864cd-7ac5-4934-b366-9756b15dd90f: receive RaftClientReply:client-029E50227556->355864cd-7ac5-4934-b366-9756b15dd90f@group-785BCF25C267, cid=2310, SUCCESS, logIndex=3421, commits[355864cd-7ac5-4934-b366-9756b15dd90f:c3421, ce4aa411-63c8-4399-99eb-27ce352844f3:c3419, 3eeffb0a-787e-48ec-a2f5-d0c540a89489:c3419]
2019-08-21 15:29:54,156 | INFO  | DNAudit | user=null | ip=null | op=WRITE_CHUNK {blockData=conID: 3 locID: 102655681764393534 bcsId: 3421} | ret=SUCCESS |  
2019-08-21 15:29:54,157 | INFO  | DNAudit | user=null | ip=null | op=WRITE_CHUNK {blockData=conID: 3 locID: 102655681764393534 bcsId: 3421} | ret=SUCCESS |  
2019-08-21 15:29:54,158 | INFO  | DNAudit | user=null | ip=null | op=WRITE_CHUNK {blockData=conID: 3 locID: 102655681764393534 bcsId: 3421} | ret=SUCCESS |  
2019-08-21 15:29:54,172 | INFO  | DNAudit | user=null | ip=null | op=WRITE_CHUNK {blockData=conID: 3 locID: 102655681764393534 bcsId: 3415} | ret=SUCCESS |  
2019-08-21 15:29:54,172 | INFO  | DNAudit | user=null | ip=null | op=PUT_BLOCK {blockData=[blockId=conID: 3 locID: 102655681764393534 bcsId: 0,size=3145728]} | ret=SUCCESS |  
2019-08-21 15:29:54,173 | INFO  | DNAudit | user=null | ip=null | op=WRITE_CHUNK {blockData=conID: 3 locID: 102655681764393534 bcsId: 3415} | ret=SUCCESS |  
2019-08-21 15:29:54,173 | INFO  | DNAudit | user=null | ip=null | op=PUT_BLOCK {blockData=[blockId=conID: 3 locID: 102655681764393534 bcsId: 0,size=3145728]} | ret=SUCCESS |  
2019-08-21 15:29:54,174 | INFO  | DNAudit | user=null | ip=null | op=WRITE_CHUNK {blockData=conID: 3 locID: 102655681764393534 bcsId: 3421} | ret=SUCCESS |  
2019-08-21 15:29:54,174 | INFO  | DNAudit | user=null | ip=null | op=PUT_BLOCK {blockData=[blockId=conID: 3 locID: 102655681764393534 bcsId: 0,size=4194304]} | ret=SUCCESS |  
2019-08-21 15:29:54,174 [grpc-default-executor-4] INFO  client.GrpcClientProtocolClient (GrpcClientProtocolClient.java:onNext(255)) - client-029E50227556->355864cd-7ac5-4934-b366-9756b15dd90f: receive RaftClientReply:client-029E50227556->355864cd-7ac5-4934-b366-9756b15dd90f@group-785BCF25C267, cid=2311, SUCCESS, logIndex=3424, commits[355864cd-7ac5-4934-b366-9756b15dd90f:c3425, ce4aa411-63c8-4399-99eb-27ce352844f3:c3421, 3eeffb0a-787e-48ec-a2f5-d0c540a89489:c3421]
2019-08-21 15:29:54,175 [grpc-default-executor-4] INFO  client.GrpcClientProtocolClient (GrpcClientProtocolClient.java:onNext(255)) - client-029E50227556->355864cd-7ac5-4934-b366-9756b15dd90f: receive RaftClientReply:client-029E50227556->355864cd-7ac5-4934-b366-9756b15dd90f@group-785BCF25C267, cid=2312, SUCCESS, logIndex=3425, commits[355864cd-7ac5-4934-b366-9756b15dd90f:c3425, ce4aa411-63c8-4399-99eb-27ce352844f3:c3421, 3eeffb0a-787e-48ec-a2f5-d0c540a89489:c3421]
2019-08-21 15:29:54,176 | INFO  | DNAudit | user=null | ip=null | op=WRITE_CHUNK {blockData=conID: 3 locID: 102655681764393534 bcsId: 3421} | ret=SUCCESS |  
2019-08-21 15:29:54,176 | INFO  | DNAudit | user=null | ip=null | op=WRITE_CHUNK {blockData=conID: 3 locID: 102655681764393534 bcsId: 3421} | ret=SUCCESS |  
2019-08-21 15:29:54,176 | INFO  | DNAudit | user=null | ip=null | op=PUT_BLOCK {blockData=[blockId=conID: 3 locID: 102655681764393534 bcsId: 0,size=4194304]} | ret=SUCCESS |  
2019-08-21 15:29:54,176 | INFO  | DNAudit | user=null | ip=null | op=PUT_BLOCK {blockData=[blockId=conID: 3 locID: 102655681764393534 bcsId: 0,size=4194304]} | ret=SUCCESS |  
2019-08-21 15:29:54,176 [grpc-default-executor-4] INFO  client.GrpcClientProtocolClient (GrpcClientProtocolClient.java:onNext(255)) - client-029E50227556->355864cd-7ac5-4934-b366-9756b15dd90f: receive RaftClientReply:client-029E50227556->355864cd-7ac5-4934-b366-9756b15dd90f@group-785BCF25C267, cid=2313, SUCCESS, logIndex=0, commits[355864cd-7ac5-4934-b366-9756b15dd90f:c3426, ce4aa411-63c8-4399-99eb-27ce352844f3:c3425, 3eeffb0a-787e-48ec-a2f5-d0c540a89489:c3425]
2019-08-21 15:29:54,180 | INFO  | SCMAudit | user=jenkins1000 | ip=192.168.5.153 | op=ALLOCATE_BLOCK {owner=78849ec2-2b05-45d8-8cb5-e95e2230dbd1, size=4194304, type=RATIS, factor=THREE} | ret=SUCCESS |  
2019-08-21 15:29:54,183 | INFO  | OMAudit | user=jenkins1000 | ip=127.0.0.1 | op=ALLOCATE_BLOCK {volume=vol-0-32358, bucket=bucket-0-01949, key=key-0-56547, dataSize=0, replicationType=null, replicationFactor=null, keyLocationInfo=null, clientID=102655680532119954} | ret=SUCCESS |  
2019-08-21 15:29:54,188 | INFO  | DNAudit | user=null | ip=null | op=WRITE_CHUNK {blockData=conID: 1 locID: 102655681768981055 bcsId: 0} | ret=SUCCESS |  
2019-08-21 15:29:54,190 | INFO  | DNAudit | user=null | ip=null | op=WRITE_CHUNK {blockData=conID: 1 locID: 102655681768981055 bcsId: 0} | ret=SUCCESS |  
2019-08-21 15:29:54,190 | INFO  | DNAudit | user=null | ip=null | op=WRITE_CHUNK {blockData=conID: 1 locID: 102655681768981055 bcsId: 0} | ret=SUCCESS |  
2019-08-21 15:29:54,193 | INFO  | DNAudit | user=null | ip=null | op=WRITE_CHUNK {blockData=conID: 1 locID: 102655681768981055 bcsId: 0} | ret=SUCCESS |  
2019-08-21 15:29:54,195 | INFO  | DNAudit | user=null | ip=null | op=WRITE_CHUNK {blockData=conID: 1 locID: 102655681768981055 bcsId: 0} | ret=SUCCESS |  
2019-08-21 15:29:54,195 | INFO  | DNAudit | user=null | ip=null | op=WRITE_CHUNK {blockData=conID: 1 locID: 102655681768981055 bcsId: 0} | ret=SUCCESS |  
2019-08-21 15:29:54,217 | INFO  | DNAudit | user=null | ip=null | op=WRITE_CHUNK {blockData=conID: 1 locID: 102655681768981055 bcsId: 0} | ret=SUCCESS |  
2019-08-21 15:29:54,217 | INFO  | DNAudit | user=null | ip=null | op=PUT_BLOCK {blockData=[blockId=conID: 1 locID: 102655681768981055 bcsId: 0,size=1048576]} | ret=SUCCESS |  
2019-08-21 15:29:54,217 [grpc-default-executor-0] INFO  client.GrpcClientProtocolClient (GrpcClientProtocolClient.java:onNext(255)) - client-029E50227556->355864cd-7ac5-4934-b366-9756b15dd90f: receive RaftClientReply:client-029E50227556->355864cd-7ac5-4934-b366-9756b15dd90f@group-785BCF25C267, cid=2314, SUCCESS, logIndex=3427, commits[355864cd-7ac5-4934-b366-9756b15dd90f:c3428, ce4aa411-63c8-4399-99eb-27ce352844f3:c3426, 3eeffb0a-787e-48ec-a2f5-d0c540a89489:c3426]
2019-08-21 15:29:54,218 | INFO  | DNAudit | user=null | ip=null | op=WRITE_CHUNK {blockData=conID: 1 locID: 102655681768981055 bcsId: 0} | ret=SUCCESS |  
2019-08-21 15:29:54,218 [grpc-default-executor-3] INFO  client.GrpcClientProtocolClient (GrpcClientProtocolClient.java:onNext(255)) - client-029E50227556->355864cd-7ac5-4934-b366-9756b15dd90f: receive RaftClientReply:client-029E50227556->355864cd-7ac5-4934-b366-9756b15dd90f@group-785BCF25C267, cid=2315, SUCCESS, logIndex=3428, commits[355864cd-7ac5-4934-b366-9756b15dd90f:c3428, ce4aa411-63c8-4399-99eb-27ce352844f3:c3426, 3eeffb0a-787e-48ec-a2f5-d0c540a89489:c3426]
2019-08-21 15:29:54,218 | INFO  | DNAudit | user=null | ip=null | op=PUT_BLOCK {blockData=[blockId=conID: 1 locID: 102655681768981055 bcsId: 0,size=2097152]} | ret=SUCCESS |  
2019-08-21 15:29:54,218 [grpc-default-executor-3] INFO  client.GrpcClientProtocolClient (GrpcClientProtocolClient.java:onNext(255)) - client-029E50227556->355864cd-7ac5-4934-b366-9756b15dd90f: receive RaftClientReply:client-029E50227556->355864cd-7ac5-4934-b366-9756b15dd90f@group-785BCF25C267, cid=2316, SUCCESS, logIndex=3429, commits[355864cd-7ac5-4934-b366-9756b15dd90f:c3429, ce4aa411-63c8-4399-99eb-27ce352844f3:c3426, 3eeffb0a-787e-48ec-a2f5-d0c540a89489:c3426]
2019-08-21 15:29:54,218 [grpc-default-executor-3] INFO  client.GrpcClientProtocolClient (GrpcClientProtocolClient.java:onNext(255)) - client-029E50227556->355864cd-7ac5-4934-b366-9756b15dd90f: receive RaftClientReply:client-029E50227556->355864cd-7ac5-4934-b366-9756b15dd90f@group-785BCF25C267, cid=2317, SUCCESS, logIndex=3430, commits[355864cd-7ac5-4934-b366-9756b15dd90f:c3430, ce4aa411-63c8-4399-99eb-27ce352844f3:c3426, 3eeffb0a-787e-48ec-a2f5-d0c540a89489:c3426]
2019-08-21 15:29:54,219 | INFO  | DNAudit | user=null | ip=null | op=WRITE_CHUNK {blockData=conID: 1 locID: 102655681768981055 bcsId: 0} | ret=SUCCESS |  
2019-08-21 15:29:54,219 | INFO  | DNAudit | user=null | ip=null | op=WRITE_CHUNK {blockData=conID: 1 locID: 102655681768981055 bcsId: 0} | ret=SUCCESS |  
2019-08-21 15:29:54,219 | INFO  | DNAudit | user=null | ip=null | op=PUT_BLOCK {blockData=[blockId=conID: 1 locID: 102655681768981055 bcsId: 0,size=1048576]} | ret=SUCCESS |  
2019-08-21 15:29:54,219 | INFO  | DNAudit | user=null | ip=null | op=PUT_BLOCK {blockData=[blockId=conID: 1 locID: 102655681768981055 bcsId: 0,size=1048576]} | ret=SUCCESS |  
2019-08-21 15:29:54,219 [grpc-default-executor-4] INFO  client.GrpcClientProtocolClient (GrpcClientProtocolClient.java:onNext(255)) - client-029E50227556->355864cd-7ac5-4934-b366-9756b15dd90f: receive RaftClientReply:client-029E50227556->355864cd-7ac5-4934-b366-9756b15dd90f@group-785BCF25C267, cid=2318, SUCCESS, logIndex=0, commits[355864cd-7ac5-4934-b366-9756b15dd90f:c3431, ce4aa411-63c8-4399-99eb-27ce352844f3:c3428, 3eeffb0a-787e-48ec-a2f5-d0c540a89489:c3428]
2019-08-21 15:29:54,220 | INFO  | DNAudit | user=null | ip=null | op=WRITE_CHUNK {blockData=conID: 1 locID: 102655681768981055 bcsId: 0} | ret=SUCCESS |  
2019-08-21 15:29:54,220 | INFO  | DNAudit | user=null | ip=null | op=WRITE_CHUNK {blockData=conID: 1 locID: 102655681768981055 bcsId: 0} | ret=SUCCESS |  
2019-08-21 15:29:54,221 | INFO  | DNAudit | user=null | ip=null | op=PUT_BLOCK {blockData=[blockId=conID: 1 locID: 102655681768981055 bcsId: 0,size=2097152]} | ret=SUCCESS |  
2019-08-21 15:29:54,221 | INFO  | DNAudit | user=null | ip=null | op=PUT_BLOCK {blockData=[blockId=conID: 1 locID: 102655681768981055 bcsId: 0,size=2097152]} | ret=SUCCESS |  
2019-08-21 15:29:54,225 | INFO  | DNAudit | user=null | ip=null | op=WRITE_CHUNK {blockData=conID: 1 locID: 102655681768981055 bcsId: 3430} | ret=SUCCESS |  
2019-08-21 15:29:54,226 | INFO  | DNAudit | user=null | ip=null | op=WRITE_CHUNK {blockData=conID: 1 locID: 102655681768981055 bcsId: 3430} | ret=SUCCESS |  
2019-08-21 15:29:54,227 | INFO  | DNAudit | user=null | ip=null | op=WRITE_CHUNK {blockData=conID: 1 locID: 102655681768981055 bcsId: 3430} | ret=SUCCESS |  
2019-08-21 15:29:54,237 | INFO  | DNAudit | user=null | ip=null | op=WRITE_CHUNK {blockData=conID: 1 locID: 102655681768981055 bcsId: 3430} | ret=SUCCESS |  
2019-08-21 15:29:54,238 | INFO  | DNAudit | user=null | ip=null | op=PUT_BLOCK {blockData=[blockId=conID: 1 locID: 102655681768981055 bcsId: 0,size=3145728]} | ret=SUCCESS |  
2019-08-21 15:29:54,238 [grpc-default-executor-0] INFO  client.GrpcClientProtocolClient (GrpcClientProtocolClient.java:onNext(255)) - client-029E50227556->355864cd-7ac5-4934-b366-9756b15dd90f: receive RaftClientReply:client-029E50227556->355864cd-7ac5-4934-b366-9756b15dd90f@group-785BCF25C267, cid=2319, SUCCESS, logIndex=3435, commits[355864cd-7ac5-4934-b366-9756b15dd90f:c3436, ce4aa411-63c8-4399-99eb-27ce352844f3:c3434, 3eeffb0a-787e-48ec-a2f5-d0c540a89489:c3434]
2019-08-21 15:29:54,238 [grpc-default-executor-0] INFO  client.GrpcClientProtocolClient (GrpcClientProtocolClient.java:onNext(255)) - client-029E50227556->355864cd-7ac5-4934-b366-9756b15dd90f: receive RaftClientReply:client-029E50227556->355864cd-7ac5-4934-b366-9756b15dd90f@group-785BCF25C267, cid=2320, SUCCESS, logIndex=3436, commits[355864cd-7ac5-4934-b366-9756b15dd90f:c3436, ce4aa411-63c8-4399-99eb-27ce352844f3:c3434, 3eeffb0a-787e-48ec-a2f5-d0c540a89489:c3434]
2019-08-21 15:29:54,244 | INFO  | DNAudit | user=null | ip=null | op=WRITE_CHUNK {blockData=conID: 1 locID: 102655681768981055 bcsId: 3436} | ret=SUCCESS |  
2019-08-21 15:29:54,246 | INFO  | DNAudit | user=null | ip=null | op=WRITE_CHUNK {blockData=conID: 1 locID: 102655681768981055 bcsId: 3436} | ret=SUCCESS |  
2019-08-21 15:29:54,246 | INFO  | DNAudit | user=null | ip=null | op=WRITE_CHUNK {blockData=conID: 1 locID: 102655681768981055 bcsId: 3436} | ret=SUCCESS |  
2019-08-21 15:29:54,249 | INFO  | DNAudit | user=null | ip=null | op=WRITE_CHUNK {blockData=conID: 1 locID: 102655681768981055 bcsId: 3430} | ret=SUCCESS |  
2019-08-21 15:29:54,249 | INFO  | DNAudit | user=null | ip=null | op=WRITE_CHUNK {blockData=conID: 1 locID: 102655681768981055 bcsId: 3430} | ret=SUCCESS |  
2019-08-21 15:29:54,249 | INFO  | DNAudit | user=null | ip=null | op=PUT_BLOCK {blockData=[blockId=conID: 1 locID: 102655681768981055 bcsId: 0,size=3145728]} | ret=SUCCESS |  
2019-08-21 15:29:54,250 | INFO  | DNAudit | user=null | ip=null | op=PUT_BLOCK {blockData=[blockId=conID: 1 locID: 102655681768981055 bcsId: 0,size=3145728]} | ret=SUCCESS |  
2019-08-21 15:29:54,250 | INFO  | DNAudit | user=null | ip=null | op=WRITE_CHUNK {blockData=conID: 1 locID: 102655681768981055 bcsId: 3436} | ret=SUCCESS |  
2019-08-21 15:29:54,250 | INFO  | DNAudit | user=null | ip=null | op=PUT_BLOCK {blockData=[blockId=conID: 1 locID: 102655681768981055 bcsId: 0,size=4194304]} | ret=SUCCESS |  
2019-08-21 15:29:54,250 [grpc-default-executor-0] INFO  client.GrpcClientProtocolClient (GrpcClientProtocolClient.java:onNext(255)) - client-029E50227556->355864cd-7ac5-4934-b366-9756b15dd90f: receive RaftClientReply:client-029E50227556->355864cd-7ac5-4934-b366-9756b15dd90f@group-785BCF25C267, cid=2321, SUCCESS, logIndex=3439, commits[355864cd-7ac5-4934-b366-9756b15dd90f:c3440, ce4aa411-63c8-4399-99eb-27ce352844f3:c3436, 3eeffb0a-787e-48ec-a2f5-d0c540a89489:c3436]
2019-08-21 15:29:54,251 [grpc-default-executor-0] INFO  client.GrpcClientProtocolClient (GrpcClientProtocolClient.java:onNext(255)) - client-029E50227556->355864cd-7ac5-4934-b366-9756b15dd90f: receive RaftClientReply:client-029E50227556->355864cd-7ac5-4934-b366-9756b15dd90f@group-785BCF25C267, cid=2322, SUCCESS, logIndex=3440, commits[355864cd-7ac5-4934-b366-9756b15dd90f:c3440, ce4aa411-63c8-4399-99eb-27ce352844f3:c3436, 3eeffb0a-787e-48ec-a2f5-d0c540a89489:c3436]
2019-08-21 15:29:54,251 | INFO  | DNAudit | user=null | ip=null | op=WRITE_CHUNK {blockData=conID: 1 locID: 102655681768981055 bcsId: 3436} | ret=SUCCESS |  
2019-08-21 15:29:54,251 | INFO  | DNAudit | user=null | ip=null | op=WRITE_CHUNK {blockData=conID: 1 locID: 102655681768981055 bcsId: 3436} | ret=SUCCESS |  
2019-08-21 15:29:54,252 | INFO  | DNAudit | user=null | ip=null | op=PUT_BLOCK {blockData=[blockId=conID: 1 locID: 102655681768981055 bcsId: 0,size=4194304]} | ret=SUCCESS |  
2019-08-21 15:29:54,253 | INFO  | DNAudit | user=null | ip=null | op=PUT_BLOCK {blockData=[blockId=conID: 1 locID: 102655681768981055 bcsId: 0,size=4194304]} | ret=SUCCESS |  
2019-08-21 15:29:54,253 [grpc-default-executor-0] INFO  client.GrpcClientProtocolClient (GrpcClientProtocolClient.java:onNext(255)) - client-029E50227556->355864cd-7ac5-4934-b366-9756b15dd90f: receive RaftClientReply:client-029E50227556->355864cd-7ac5-4934-b366-9756b15dd90f@group-785BCF25C267, cid=2323, SUCCESS, logIndex=0, commits[355864cd-7ac5-4934-b366-9756b15dd90f:c3442, ce4aa411-63c8-4399-99eb-27ce352844f3:c3440, 3eeffb0a-787e-48ec-a2f5-d0c540a89489:c3440]
2019-08-21 15:29:54,374 | INFO  | SCMAudit | user=jenkins1000 | ip=192.168.5.153 | op=ALLOCATE_BLOCK {owner=78849ec2-2b05-45d8-8cb5-e95e2230dbd1, size=4194304, type=RATIS, factor=THREE} | ret=SUCCESS |  
2019-08-21 15:29:54,376 | INFO  | OMAudit | user=jenkins1000 | ip=127.0.0.1 | op=ALLOCATE_BLOCK {volume=vol-0-32358, bucket=bucket-0-01949, key=key-0-56547, dataSize=0, replicationType=null, replicationFactor=null, keyLocationInfo=null, clientID=102655680532119954} | ret=SUCCESS |  
2019-08-21 15:29:54,382 | INFO  | DNAudit | user=null | ip=null | op=WRITE_CHUNK {blockData=conID: 2 locID: 102655681781629504 bcsId: 0} | ret=SUCCESS |  
2019-08-21 15:29:54,384 | INFO  | DNAudit | user=null | ip=null | op=WRITE_CHUNK {blockData=conID: 2 locID: 102655681781629504 bcsId: 0} | ret=SUCCESS |  
2019-08-21 15:29:54,384 | INFO  | DNAudit | user=null | ip=null | op=WRITE_CHUNK {blockData=conID: 2 locID: 102655681781629504 bcsId: 0} | ret=SUCCESS |  
2019-08-21 15:29:54,385 | INFO  | DNAudit | user=null | ip=null | op=WRITE_CHUNK {blockData=conID: 2 locID: 102655681781629504 bcsId: 0} | ret=SUCCESS |  
2019-08-21 15:29:54,386 | INFO  | DNAudit | user=null | ip=null | op=WRITE_CHUNK {blockData=conID: 2 locID: 102655681781629504 bcsId: 0} | ret=SUCCESS |  
2019-08-21 15:29:54,386 | INFO  | DNAudit | user=null | ip=null | op=WRITE_CHUNK {blockData=conID: 2 locID: 102655681781629504 bcsId: 0} | ret=SUCCESS |  
2019-08-21 15:29:54,394 | INFO  | DNAudit | user=null | ip=null | op=WRITE_CHUNK {blockData=conID: 2 locID: 102655681781629504 bcsId: 0} | ret=SUCCESS |  
2019-08-21 15:29:54,395 | INFO  | DNAudit | user=null | ip=null | op=PUT_BLOCK {blockData=[blockId=conID: 2 locID: 102655681781629504 bcsId: 0,size=1048576]} | ret=SUCCESS |  
2019-08-21 15:29:54,395 [grpc-default-executor-0] INFO  client.GrpcClientProtocolClient (GrpcClientProtocolClient.java:onNext(255)) - client-029E50227556->355864cd-7ac5-4934-b366-9756b15dd90f: receive RaftClientReply:client-029E50227556->355864cd-7ac5-4934-b366-9756b15dd90f@group-785BCF25C267, cid=2324, SUCCESS, logIndex=3443, commits[355864cd-7ac5-4934-b366-9756b15dd90f:c3444, ce4aa411-63c8-4399-99eb-27ce352844f3:c3442, 3eeffb0a-787e-48ec-a2f5-d0c540a89489:c3442]
2019-08-21 15:29:54,395 | INFO  | DNAudit | user=null | ip=null | op=WRITE_CHUNK {blockData=conID: 2 locID: 102655681781629504 bcsId: 0} | ret=SUCCESS |  
2019-08-21 15:29:54,395 [grpc-default-executor-2] INFO  client.GrpcClientProtocolClient (GrpcClientProtocolClient.java:onNext(255)) - client-029E50227556->355864cd-7ac5-4934-b366-9756b15dd90f: receive RaftClientReply:client-029E50227556->355864cd-7ac5-4934-b366-9756b15dd90f@group-785BCF25C267, cid=2325, SUCCESS, logIndex=3444, commits[355864cd-7ac5-4934-b366-9756b15dd90f:c3444, ce4aa411-63c8-4399-99eb-27ce352844f3:c3442, 3eeffb0a-787e-48ec-a2f5-d0c540a89489:c3442]
2019-08-21 15:29:54,396 | INFO  | DNAudit | user=null | ip=null | op=PUT_BLOCK {blockData=[blockId=conID: 2 locID: 102655681781629504 bcsId: 0,size=2097152]} | ret=SUCCESS |  
2019-08-21 15:29:54,396 [grpc-default-executor-2] INFO  client.GrpcClientProtocolClient (GrpcClientProtocolClient.java:onNext(255)) - client-029E50227556->355864cd-7ac5-4934-b366-9756b15dd90f: receive RaftClientReply:client-029E50227556->355864cd-7ac5-4934-b366-9756b15dd90f@group-785BCF25C267, cid=2326, SUCCESS, logIndex=3445, commits[355864cd-7ac5-4934-b366-9756b15dd90f:c3446, ce4aa411-63c8-4399-99eb-27ce352844f3:c3442, 3eeffb0a-787e-48ec-a2f5-d0c540a89489:c3442]
2019-08-21 15:29:54,396 [grpc-default-executor-2] INFO  client.GrpcClientProtocolClient (GrpcClientProtocolClient.java:onNext(255)) - client-029E50227556->355864cd-7ac5-4934-b366-9756b15dd90f: receive RaftClientReply:client-029E50227556->355864cd-7ac5-4934-b366-9756b15dd90f@group-785BCF25C267, cid=2327, SUCCESS, logIndex=3446, commits[355864cd-7ac5-4934-b366-9756b15dd90f:c3446, ce4aa411-63c8-4399-99eb-27ce352844f3:c3442, 3eeffb0a-787e-48ec-a2f5-d0c540a89489:c3442]
2019-08-21 15:29:54,396 | INFO  | DNAudit | user=null | ip=null | op=WRITE_CHUNK {blockData=conID: 2 locID: 102655681781629504 bcsId: 0} | ret=SUCCESS |  
2019-08-21 15:29:54,396 | INFO  | DNAudit | user=null | ip=null | op=WRITE_CHUNK {blockData=conID: 2 locID: 102655681781629504 bcsId: 0} | ret=SUCCESS |  
2019-08-21 15:29:54,396 | INFO  | DNAudit | user=null | ip=null | op=PUT_BLOCK {blockData=[blockId=conID: 2 locID: 102655681781629504 bcsId: 0,size=1048576]} | ret=SUCCESS |  
2019-08-21 15:29:54,396 | INFO  | DNAudit | user=null | ip=null | op=PUT_BLOCK {blockData=[blockId=conID: 2 locID: 102655681781629504 bcsId: 0,size=1048576]} | ret=SUCCESS |  
2019-08-21 15:29:54,397 [grpc-default-executor-2] INFO  client.GrpcClientProtocolClient (GrpcClientProtocolClient.java:onNext(255)) - client-029E50227556->355864cd-7ac5-4934-b366-9756b15dd90f: receive RaftClientReply:client-029E50227556->355864cd-7ac5-4934-b366-9756b15dd90f@group-785BCF25C267, cid=2328, SUCCESS, logIndex=0, commits[355864cd-7ac5-4934-b366-9756b15dd90f:c3447, ce4aa411-63c8-4399-99eb-27ce352844f3:c3444, 3eeffb0a-787e-48ec-a2f5-d0c540a89489:c3444]
2019-08-21 15:29:54,397 | INFO  | DNAudit | user=null | ip=null | op=WRITE_CHUNK {blockData=conID: 2 locID: 102655681781629504 bcsId: 0} | ret=SUCCESS |  
2019-08-21 15:29:54,397 | INFO  | DNAudit | user=null | ip=null | op=WRITE_CHUNK {blockData=conID: 2 locID: 102655681781629504 bcsId: 0} | ret=SUCCESS |  
2019-08-21 15:29:54,398 | INFO  | DNAudit | user=null | ip=null | op=PUT_BLOCK {blockData=[blockId=conID: 2 locID: 102655681781629504 bcsId: 0,size=2097152]} | ret=SUCCESS |  
2019-08-21 15:29:54,398 | INFO  | DNAudit | user=null | ip=null | op=PUT_BLOCK {blockData=[blockId=conID: 2 locID: 102655681781629504 bcsId: 0,size=2097152]} | ret=SUCCESS |  
2019-08-21 15:29:54,403 | INFO  | DNAudit | user=null | ip=null | op=WRITE_CHUNK {blockData=conID: 2 locID: 102655681781629504 bcsId: 3446} | ret=SUCCESS |  
2019-08-21 15:29:54,404 | INFO  | DNAudit | user=null | ip=null | op=WRITE_CHUNK {blockData=conID: 2 locID: 102655681781629504 bcsId: 3446} | ret=SUCCESS |  
2019-08-21 15:29:54,404 | INFO  | DNAudit | user=null | ip=null | op=WRITE_CHUNK {blockData=conID: 2 locID: 102655681781629504 bcsId: 3446} | ret=SUCCESS |  
2019-08-21 15:29:54,414 | INFO  | DNAudit | user=null | ip=null | op=WRITE_CHUNK {blockData=conID: 2 locID: 102655681781629504 bcsId: 3446} | ret=SUCCESS |  
2019-08-21 15:29:54,415 | INFO  | DNAudit | user=null | ip=null | op=PUT_BLOCK {blockData=[blockId=conID: 2 locID: 102655681781629504 bcsId: 0,size=3145728]} | ret=SUCCESS |  
2019-08-21 15:29:54,415 [grpc-default-executor-0] INFO  client.GrpcClientProtocolClient (GrpcClientProtocolClient.java:onNext(255)) - client-029E50227556->355864cd-7ac5-4934-b366-9756b15dd90f: receive RaftClientReply:client-029E50227556->355864cd-7ac5-4934-b366-9756b15dd90f@group-785BCF25C267, cid=2329, SUCCESS, logIndex=3451, commits[355864cd-7ac5-4934-b366-9756b15dd90f:c3452, ce4aa411-63c8-4399-99eb-27ce352844f3:c3450, 3eeffb0a-787e-48ec-a2f5-d0c540a89489:c3450]
2019-08-21 15:29:54,415 [grpc-default-executor-0] INFO  client.GrpcClientProtocolClient (GrpcClientProtocolClient.java:onNext(255)) - client-029E50227556->355864cd-7ac5-4934-b366-9756b15dd90f: receive RaftClientReply:client-029E50227556->355864cd-7ac5-4934-b366-9756b15dd90f@group-785BCF25C267, cid=2330, SUCCESS, logIndex=3452, commits[355864cd-7ac5-4934-b366-9756b15dd90f:c3452, ce4aa411-63c8-4399-99eb-27ce352844f3:c3450, 3eeffb0a-787e-48ec-a2f5-d0c540a89489:c3450]
2019-08-21 15:29:54,421 | INFO  | DNAudit | user=null | ip=null | op=WRITE_CHUNK {blockData=conID: 2 locID: 102655681781629504 bcsId: 3452} | ret=SUCCESS |  
2019-08-21 15:29:54,422 | INFO  | DNAudit | user=null | ip=null | op=WRITE_CHUNK {blockData=conID: 2 locID: 102655681781629504 bcsId: 3452} | ret=SUCCESS |  
2019-08-21 15:29:54,422 | INFO  | DNAudit | user=null | ip=null | op=WRITE_CHUNK {blockData=conID: 2 locID: 102655681781629504 bcsId: 3452} | ret=SUCCESS |  
2019-08-21 15:29:54,426 | INFO  | DNAudit | user=null | ip=null | op=WRITE_CHUNK {blockData=conID: 2 locID: 102655681781629504 bcsId: 3446} | ret=SUCCESS |  
2019-08-21 15:29:54,426 | INFO  | DNAudit | user=null | ip=null | op=WRITE_CHUNK {blockData=conID: 2 locID: 102655681781629504 bcsId: 3446} | ret=SUCCESS |  
2019-08-21 15:29:54,427 | INFO  | DNAudit | user=null | ip=null | op=PUT_BLOCK {blockData=[blockId=conID: 2 locID: 102655681781629504 bcsId: 0,size=3145728]} | ret=SUCCESS |  
2019-08-21 15:29:54,427 | INFO  | DNAudit | user=null | ip=null | op=PUT_BLOCK {blockData=[blockId=conID: 2 locID: 102655681781629504 bcsId: 0,size=3145728]} | ret=SUCCESS |  
2019-08-21 15:29:54,428 | INFO  | DNAudit | user=null | ip=null | op=WRITE_CHUNK {blockData=conID: 2 locID: 102655681781629504 bcsId: 3452} | ret=SUCCESS |  
2019-08-21 15:29:54,428 | INFO  | DNAudit | user=null | ip=null | op=PUT_BLOCK {blockData=[blockId=conID: 2 locID: 102655681781629504 bcsId: 0,size=4194304]} | ret=SUCCESS |  
2019-08-21 15:29:54,428 [grpc-default-executor-2] INFO  client.GrpcClientProtocolClient (GrpcClientProtocolClient.java:onNext(255)) - client-029E50227556->355864cd-7ac5-4934-b366-9756b15dd90f: receive RaftClientReply:client-029E50227556->355864cd-7ac5-4934-b366-9756b15dd90f@group-785BCF25C267, cid=2331, SUCCESS, logIndex=3455, commits[355864cd-7ac5-4934-b366-9756b15dd90f:c3456, ce4aa411-63c8-4399-99eb-27ce352844f3:c3452, 3eeffb0a-787e-48ec-a2f5-d0c540a89489:c3452]
2019-08-21 15:29:54,428 [grpc-default-executor-2] INFO  client.GrpcClientProtocolClient (GrpcClientProtocolClient.java:onNext(255)) - client-029E50227556->355864cd-7ac5-4934-b366-9756b15dd90f: receive RaftClientReply:client-029E50227556->355864cd-7ac5-4934-b366-9756b15dd90f@group-785BCF25C267, cid=2332, SUCCESS, logIndex=3456, commits[355864cd-7ac5-4934-b366-9756b15dd90f:c3456, ce4aa411-63c8-4399-99eb-27ce352844f3:c3452, 3eeffb0a-787e-48ec-a2f5-d0c540a89489:c3452]
2019-08-21 15:29:54,439 | INFO  | DNAudit | user=null | ip=null | op=WRITE_CHUNK {blockData=conID: 2 locID: 102655681781629504 bcsId: 3452} | ret=SUCCESS |  
2019-08-21 15:29:54,439 | INFO  | DNAudit | user=null | ip=null | op=WRITE_CHUNK {blockData=conID: 2 locID: 102655681781629504 bcsId: 3452} | ret=SUCCESS |  
2019-08-21 15:29:54,440 | INFO  | DNAudit | user=null | ip=null | op=PUT_BLOCK {blockData=[blockId=conID: 2 locID: 102655681781629504 bcsId: 0,size=4194304]} | ret=SUCCESS |  
2019-08-21 15:29:54,440 | INFO  | DNAudit | user=null | ip=null | op=PUT_BLOCK {blockData=[blockId=conID: 2 locID: 102655681781629504 bcsId: 0,size=4194304]} | ret=SUCCESS |  
2019-08-21 15:29:54,441 [grpc-default-executor-3] INFO  client.GrpcClientProtocolClient (GrpcClientProtocolClient.java:onNext(255)) - client-029E50227556->355864cd-7ac5-4934-b366-9756b15dd90f: receive RaftClientReply:client-029E50227556->355864cd-7ac5-4934-b366-9756b15dd90f@group-785BCF25C267, cid=2333, SUCCESS, logIndex=0, commits[355864cd-7ac5-4934-b366-9756b15dd90f:c3458, ce4aa411-63c8-4399-99eb-27ce352844f3:c3456, 3eeffb0a-787e-48ec-a2f5-d0c540a89489:c3456]
2019-08-21 15:29:54,445 | INFO  | SCMAudit | user=jenkins1000 | ip=192.168.5.153 | op=ALLOCATE_BLOCK {owner=78849ec2-2b05-45d8-8cb5-e95e2230dbd1, size=4194304, type=RATIS, factor=THREE} | ret=SUCCESS |  
2019-08-21 15:29:54,447 | INFO  | OMAudit | user=jenkins1000 | ip=127.0.0.1 | op=ALLOCATE_BLOCK {volume=vol-0-32358, bucket=bucket-0-01949, key=key-0-56547, dataSize=0, replicationType=null, replicationFactor=null, keyLocationInfo=null, clientID=102655680532119954} | ret=SUCCESS |  
2019-08-21 15:29:54,452 | INFO  | DNAudit | user=null | ip=null | op=WRITE_CHUNK {blockData=conID: 3 locID: 102655681786348097 bcsId: 0} | ret=SUCCESS |  
2019-08-21 15:29:54,454 | INFO  | DNAudit | user=null | ip=null | op=WRITE_CHUNK {blockData=conID: 3 locID: 102655681786348097 bcsId: 0} | ret=SUCCESS |  
2019-08-21 15:29:54,454 | INFO  | DNAudit | user=null | ip=null | op=WRITE_CHUNK {blockData=conID: 3 locID: 102655681786348097 bcsId: 0} | ret=SUCCESS |  
2019-08-21 15:29:54,455 | INFO  | DNAudit | user=null | ip=null | op=WRITE_CHUNK {blockData=conID: 3 locID: 102655681786348097 bcsId: 0} | ret=SUCCESS |  
2019-08-21 15:29:54,456 | INFO  | DNAudit | user=null | ip=null | op=WRITE_CHUNK {blockData=conID: 3 locID: 102655681786348097 bcsId: 0} | ret=SUCCESS |  
2019-08-21 15:29:54,457 | INFO  | DNAudit | user=null | ip=null | op=WRITE_CHUNK {blockData=conID: 3 locID: 102655681786348097 bcsId: 0} | ret=SUCCESS |  
2019-08-21 15:29:54,459 | INFO  | DNAudit | user=null | ip=null | op=WRITE_CHUNK {blockData=conID: 3 locID: 102655681786348097 bcsId: 0} | ret=SUCCESS |  
2019-08-21 15:29:54,459 | INFO  | DNAudit | user=null | ip=null | op=PUT_BLOCK {blockData=[blockId=conID: 3 locID: 102655681786348097 bcsId: 0,size=1048576]} | ret=SUCCESS |  
2019-08-21 15:29:54,459 [grpc-default-executor-3] INFO  client.GrpcClientProtocolClient (GrpcClientProtocolClient.java:onNext(255)) - client-029E50227556->355864cd-7ac5-4934-b366-9756b15dd90f: receive RaftClientReply:client-029E50227556->355864cd-7ac5-4934-b366-9756b15dd90f@group-785BCF25C267, cid=2334, SUCCESS, logIndex=3459, commits[355864cd-7ac5-4934-b366-9756b15dd90f:c3460, ce4aa411-63c8-4399-99eb-27ce352844f3:c3458, 3eeffb0a-787e-48ec-a2f5-d0c540a89489:c3458]
2019-08-21 15:29:54,460 [grpc-default-executor-3] INFO  client.GrpcClientProtocolClient (GrpcClientProtocolClient.java:onNext(255)) - client-029E50227556->355864cd-7ac5-4934-b366-9756b15dd90f: receive RaftClientReply:client-029E50227556->355864cd-7ac5-4934-b366-9756b15dd90f@group-785BCF25C267, cid=2335, SUCCESS, logIndex=3460, commits[355864cd-7ac5-4934-b366-9756b15dd90f:c3460, ce4aa411-63c8-4399-99eb-27ce352844f3:c3458, 3eeffb0a-787e-48ec-a2f5-d0c540a89489:c3458]
2019-08-21 15:29:54,460 | INFO  | DNAudit | user=null | ip=null | op=WRITE_CHUNK {blockData=conID: 3 locID: 102655681786348097 bcsId: 0} | ret=SUCCESS |  
2019-08-21 15:29:54,460 | INFO  | DNAudit | user=null | ip=null | op=PUT_BLOCK {blockData=[blockId=conID: 3 locID: 102655681786348097 bcsId: 0,size=2097152]} | ret=SUCCESS |  
2019-08-21 15:29:54,460 [grpc-default-executor-0] INFO  client.GrpcClientProtocolClient (GrpcClientProtocolClient.java:onNext(255)) - client-029E50227556->355864cd-7ac5-4934-b366-9756b15dd90f: receive RaftClientReply:client-029E50227556->355864cd-7ac5-4934-b366-9756b15dd90f@group-785BCF25C267, cid=2336, SUCCESS, logIndex=3461, commits[355864cd-7ac5-4934-b366-9756b15dd90f:c3462, ce4aa411-63c8-4399-99eb-27ce352844f3:c3458, 3eeffb0a-787e-48ec-a2f5-d0c540a89489:c3458]
2019-08-21 15:29:54,461 [grpc-default-executor-0] INFO  client.GrpcClientProtocolClient (GrpcClientProtocolClient.java:onNext(255)) - client-029E50227556->355864cd-7ac5-4934-b366-9756b15dd90f: receive RaftClientReply:client-029E50227556->355864cd-7ac5-4934-b366-9756b15dd90f@group-785BCF25C267, cid=2337, SUCCESS, logIndex=3462, commits[355864cd-7ac5-4934-b366-9756b15dd90f:c3462, ce4aa411-63c8-4399-99eb-27ce352844f3:c3458, 3eeffb0a-787e-48ec-a2f5-d0c540a89489:c3458]
2019-08-21 15:29:54,461 | INFO  | DNAudit | user=null | ip=null | op=WRITE_CHUNK {blockData=conID: 3 locID: 102655681786348097 bcsId: 0} | ret=SUCCESS |  
2019-08-21 15:29:54,461 | INFO  | DNAudit | user=null | ip=null | op=PUT_BLOCK {blockData=[blockId=conID: 3 locID: 102655681786348097 bcsId: 0,size=1048576]} | ret=SUCCESS |  
2019-08-21 15:29:54,461 | INFO  | DNAudit | user=null | ip=null | op=WRITE_CHUNK {blockData=conID: 3 locID: 102655681786348097 bcsId: 0} | ret=SUCCESS |  
2019-08-21 15:29:54,462 | INFO  | DNAudit | user=null | ip=null | op=PUT_BLOCK {blockData=[blockId=conID: 3 locID: 102655681786348097 bcsId: 0,size=1048576]} | ret=SUCCESS |  
2019-08-21 15:29:54,462 [grpc-default-executor-0] INFO  client.GrpcClientProtocolClient (GrpcClientProtocolClient.java:onNext(255)) - client-029E50227556->355864cd-7ac5-4934-b366-9756b15dd90f: receive RaftClientReply:client-029E50227556->355864cd-7ac5-4934-b366-9756b15dd90f@group-785BCF25C267, cid=2338, SUCCESS, logIndex=0, commits[355864cd-7ac5-4934-b366-9756b15dd90f:c3464, ce4aa411-63c8-4399-99eb-27ce352844f3:c3460, 3eeffb0a-787e-48ec-a2f5-d0c540a89489:c3460]
2019-08-21 15:29:54,462 | INFO  | DNAudit | user=null | ip=null | op=WRITE_CHUNK {blockData=conID: 3 locID: 102655681786348097 bcsId: 0} | ret=SUCCESS |  
2019-08-21 15:29:54,462 | INFO  | DNAudit | user=null | ip=null | op=WRITE_CHUNK {blockData=conID: 3 locID: 102655681786348097 bcsId: 0} | ret=SUCCESS |  
2019-08-21 15:29:54,463 | INFO  | DNAudit | user=null | ip=null | op=PUT_BLOCK {blockData=[blockId=conID: 3 locID: 102655681786348097 bcsId: 0,size=2097152]} | ret=SUCCESS |  
2019-08-21 15:29:54,463 | INFO  | DNAudit | user=null | ip=null | op=PUT_BLOCK {blockData=[blockId=conID: 3 locID: 102655681786348097 bcsId: 0,size=2097152]} | ret=SUCCESS |  
2019-08-21 15:29:54,466 | INFO  | DNAudit | user=null | ip=null | op=WRITE_CHUNK {blockData=conID: 3 locID: 102655681786348097 bcsId: 3462} | ret=SUCCESS |  
2019-08-21 15:29:54,468 | INFO  | DNAudit | user=null | ip=null | op=WRITE_CHUNK {blockData=conID: 3 locID: 102655681786348097 bcsId: 3462} | ret=SUCCESS |  
2019-08-21 15:29:54,468 | INFO  | DNAudit | user=null | ip=null | op=WRITE_CHUNK {blockData=conID: 3 locID: 102655681786348097 bcsId: 3462} | ret=SUCCESS |  
2019-08-21 15:29:54,473 | INFO  | DNAudit | user=null | ip=null | op=WRITE_CHUNK {blockData=conID: 3 locID: 102655681786348097 bcsId: 3462} | ret=SUCCESS |  
2019-08-21 15:29:54,473 | INFO  | DNAudit | user=null | ip=null | op=PUT_BLOCK {blockData=[blockId=conID: 3 locID: 102655681786348097 bcsId: 0,size=3145728]} | ret=SUCCESS |  
2019-08-21 15:29:54,473 [grpc-default-executor-0] INFO  client.GrpcClientProtocolClient (GrpcClientProtocolClient.java:onNext(255)) - client-029E50227556->355864cd-7ac5-4934-b366-9756b15dd90f: receive RaftClientReply:client-029E50227556->355864cd-7ac5-4934-b366-9756b15dd90f@group-785BCF25C267, cid=2339, SUCCESS, logIndex=3467, commits[355864cd-7ac5-4934-b366-9756b15dd90f:c3468, ce4aa411-63c8-4399-99eb-27ce352844f3:c3466, 3eeffb0a-787e-48ec-a2f5-d0c540a89489:c3466]
2019-08-21 15:29:54,473 [grpc-default-executor-0] INFO  client.GrpcClientProtocolClient (GrpcClientProtocolClient.java:onNext(255)) - client-029E50227556->355864cd-7ac5-4934-b366-9756b15dd90f: receive RaftClientReply:client-029E50227556->355864cd-7ac5-4934-b366-9756b15dd90f@group-785BCF25C267, cid=2340, SUCCESS, logIndex=3468, commits[355864cd-7ac5-4934-b366-9756b15dd90f:c3468, ce4aa411-63c8-4399-99eb-27ce352844f3:c3466, 3eeffb0a-787e-48ec-a2f5-d0c540a89489:c3466]
2019-08-21 15:29:54,474 | INFO  | DNAudit | user=null | ip=null | op=WRITE_CHUNK {blockData=conID: 3 locID: 102655681786348097 bcsId: 3462} | ret=SUCCESS |  
2019-08-21 15:29:54,474 | INFO  | DNAudit | user=null | ip=null | op=WRITE_CHUNK {blockData=conID: 3 locID: 102655681786348097 bcsId: 3462} | ret=SUCCESS |  
2019-08-21 15:29:54,474 | INFO  | DNAudit | user=null | ip=null | op=PUT_BLOCK {blockData=[blockId=conID: 3 locID: 102655681786348097 bcsId: 0,size=3145728]} | ret=SUCCESS |  
2019-08-21 15:29:54,474 | INFO  | DNAudit | user=null | ip=null | op=PUT_BLOCK {blockData=[blockId=conID: 3 locID: 102655681786348097 bcsId: 0,size=3145728]} | ret=SUCCESS |  
2019-08-21 15:29:54,478 | INFO  | DNAudit | user=null | ip=null | op=WRITE_CHUNK {blockData=conID: 3 locID: 102655681786348097 bcsId: 3468} | ret=SUCCESS |  
2019-08-21 15:29:54,480 | INFO  | DNAudit | user=null | ip=null | op=WRITE_CHUNK {blockData=conID: 3 locID: 102655681786348097 bcsId: 3468} | ret=SUCCESS |  
2019-08-21 15:29:54,480 | INFO  | DNAudit | user=null | ip=null | op=WRITE_CHUNK {blockData=conID: 3 locID: 102655681786348097 bcsId: 3468} | ret=SUCCESS |  
2019-08-21 15:29:54,490 | INFO  | DNAudit | user=null | ip=null | op=WRITE_CHUNK {blockData=conID: 3 locID: 102655681786348097 bcsId: 3468} | ret=SUCCESS |  
2019-08-21 15:29:54,490 | INFO  | DNAudit | user=null | ip=null | op=PUT_BLOCK {blockData=[blockId=conID: 3 locID: 102655681786348097 bcsId: 0,size=4194304]} | ret=SUCCESS |  
2019-08-21 15:29:54,490 [grpc-default-executor-0] INFO  client.GrpcClientProtocolClient (GrpcClientProtocolClient.java:onNext(255)) - client-029E50227556->355864cd-7ac5-4934-b366-9756b15dd90f: receive RaftClientReply:client-029E50227556->355864cd-7ac5-4934-b366-9756b15dd90f@group-785BCF25C267, cid=2341, SUCCESS, logIndex=3471, commits[355864cd-7ac5-4934-b366-9756b15dd90f:c3472, ce4aa411-63c8-4399-99eb-27ce352844f3:c3470, 3eeffb0a-787e-48ec-a2f5-d0c540a89489:c3470]
2019-08-21 15:29:54,491 [grpc-default-executor-0] INFO  client.GrpcClientProtocolClient (GrpcClientProtocolClient.java:onNext(255)) - client-029E50227556->355864cd-7ac5-4934-b366-9756b15dd90f: receive RaftClientReply:client-029E50227556->355864cd-7ac5-4934-b366-9756b15dd90f@group-785BCF25C267, cid=2342, SUCCESS, logIndex=3472, commits[355864cd-7ac5-4934-b366-9756b15dd90f:c3472, ce4aa411-63c8-4399-99eb-27ce352844f3:c3470, 3eeffb0a-787e-48ec-a2f5-d0c540a89489:c3470]
2019-08-21 15:29:54,491 | INFO  | DNAudit | user=null | ip=null | op=WRITE_CHUNK {blockData=conID: 3 locID: 102655681786348097 bcsId: 3468} | ret=SUCCESS |  
2019-08-21 15:29:54,491 | INFO  | DNAudit | user=null | ip=null | op=WRITE_CHUNK {blockData=conID: 3 locID: 102655681786348097 bcsId: 3468} | ret=SUCCESS |  
2019-08-21 15:29:54,493 | INFO  | DNAudit | user=null | ip=null | op=PUT_BLOCK {blockData=[blockId=conID: 3 locID: 102655681786348097 bcsId: 0,size=4194304]} | ret=SUCCESS |  
2019-08-21 15:29:54,493 | INFO  | DNAudit | user=null | ip=null | op=PUT_BLOCK {blockData=[blockId=conID: 3 locID: 102655681786348097 bcsId: 0,size=4194304]} | ret=SUCCESS |  
2019-08-21 15:29:54,493 [grpc-default-executor-0] INFO  client.GrpcClientProtocolClient (GrpcClientProtocolClient.java:onNext(255)) - client-029E50227556->355864cd-7ac5-4934-b366-9756b15dd90f: receive RaftClientReply:client-029E50227556->355864cd-7ac5-4934-b366-9756b15dd90f@group-785BCF25C267, cid=2343, SUCCESS, logIndex=0, commits[355864cd-7ac5-4934-b366-9756b15dd90f:c3474, ce4aa411-63c8-4399-99eb-27ce352844f3:c3472, 3eeffb0a-787e-48ec-a2f5-d0c540a89489:c3472]
2019-08-21 15:29:54,497 | INFO  | SCMAudit | user=jenkins1000 | ip=192.168.5.153 | op=ALLOCATE_BLOCK {owner=78849ec2-2b05-45d8-8cb5-e95e2230dbd1, size=4194304, type=RATIS, factor=THREE} | ret=SUCCESS |  
2019-08-21 15:29:54,499 | INFO  | OMAudit | user=jenkins1000 | ip=127.0.0.1 | op=ALLOCATE_BLOCK {volume=vol-0-32358, bucket=bucket-0-01949, key=key-0-56547, dataSize=0, replicationType=null, replicationFactor=null, keyLocationInfo=null, clientID=102655680532119954} | ret=SUCCESS |  
2019-08-21 15:29:54,505 | INFO  | DNAudit | user=null | ip=null | op=WRITE_CHUNK {blockData=conID: 1 locID: 102655681789755970 bcsId: 0} | ret=SUCCESS |  
2019-08-21 15:29:54,507 | INFO  | DNAudit | user=null | ip=null | op=WRITE_CHUNK {blockData=conID: 1 locID: 102655681789755970 bcsId: 0} | ret=SUCCESS |  
2019-08-21 15:29:54,507 | INFO  | DNAudit | user=null | ip=null | op=WRITE_CHUNK {blockData=conID: 1 locID: 102655681789755970 bcsId: 0} | ret=SUCCESS |  
2019-08-21 15:29:54,507 | INFO  | DNAudit | user=null | ip=null | op=WRITE_CHUNK {blockData=conID: 1 locID: 102655681789755970 bcsId: 0} | ret=SUCCESS |  
2019-08-21 15:29:54,509 | INFO  | DNAudit | user=null | ip=null | op=WRITE_CHUNK {blockData=conID: 1 locID: 102655681789755970 bcsId: 0} | ret=SUCCESS |  
2019-08-21 15:29:54,509 | INFO  | DNAudit | user=null | ip=null | op=WRITE_CHUNK {blockData=conID: 1 locID: 102655681789755970 bcsId: 0} | ret=SUCCESS |  
2019-08-21 15:29:54,520 | INFO  | DNAudit | user=null | ip=null | op=WRITE_CHUNK {blockData=conID: 1 locID: 102655681789755970 bcsId: 0} | ret=SUCCESS |  
2019-08-21 15:29:54,520 | INFO  | DNAudit | user=null | ip=null | op=PUT_BLOCK {blockData=[blockId=conID: 1 locID: 102655681789755970 bcsId: 0,size=1048576]} | ret=SUCCESS |  
2019-08-21 15:29:54,520 | INFO  | DNAudit | user=null | ip=null | op=WRITE_CHUNK {blockData=conID: 1 locID: 102655681789755970 bcsId: 0} | ret=SUCCESS |  
2019-08-21 15:29:54,520 [grpc-default-executor-0] INFO  client.GrpcClientProtocolClient (GrpcClientProtocolClient.java:onNext(255)) - client-029E50227556->355864cd-7ac5-4934-b366-9756b15dd90f: receive RaftClientReply:client-029E50227556->355864cd-7ac5-4934-b366-9756b15dd90f@group-785BCF25C267, cid=2344, SUCCESS, logIndex=3475, commits[355864cd-7ac5-4934-b366-9756b15dd90f:c3478, ce4aa411-63c8-4399-99eb-27ce352844f3:c3474, 3eeffb0a-787e-48ec-a2f5-d0c540a89489:c3474]
2019-08-21 15:29:54,521 | INFO  | DNAudit | user=null | ip=null | op=PUT_BLOCK {blockData=[blockId=conID: 1 locID: 102655681789755970 bcsId: 0,size=2097152]} | ret=SUCCESS |  
2019-08-21 15:29:54,521 [grpc-default-executor-0] INFO  client.GrpcClientProtocolClient (GrpcClientProtocolClient.java:onNext(255)) - client-029E50227556->355864cd-7ac5-4934-b366-9756b15dd90f: receive RaftClientReply:client-029E50227556->355864cd-7ac5-4934-b366-9756b15dd90f@group-785BCF25C267, cid=2345, SUCCESS, logIndex=3476, commits[355864cd-7ac5-4934-b366-9756b15dd90f:c3478, ce4aa411-63c8-4399-99eb-27ce352844f3:c3474, 3eeffb0a-787e-48ec-a2f5-d0c540a89489:c3474]
2019-08-21 15:29:54,521 [grpc-default-executor-0] INFO  client.GrpcClientProtocolClient (GrpcClientProtocolClient.java:onNext(255)) - client-029E50227556->355864cd-7ac5-4934-b366-9756b15dd90f: receive RaftClientReply:client-029E50227556->355864cd-7ac5-4934-b366-9756b15dd90f@group-785BCF25C267, cid=2346, SUCCESS, logIndex=3477, commits[355864cd-7ac5-4934-b366-9756b15dd90f:c3478, ce4aa411-63c8-4399-99eb-27ce352844f3:c3474, 3eeffb0a-787e-48ec-a2f5-d0c540a89489:c3474]
2019-08-21 15:29:54,521 [grpc-default-executor-0] INFO  client.GrpcClientProtocolClient (GrpcClientProtocolClient.java:onNext(255)) - client-029E50227556->355864cd-7ac5-4934-b366-9756b15dd90f: receive RaftClientReply:client-029E50227556->355864cd-7ac5-4934-b366-9756b15dd90f@group-785BCF25C267, cid=2347, SUCCESS, logIndex=3478, commits[355864cd-7ac5-4934-b366-9756b15dd90f:c3478, ce4aa411-63c8-4399-99eb-27ce352844f3:c3474, 3eeffb0a-787e-48ec-a2f5-d0c540a89489:c3474]
2019-08-21 15:29:54,522 | INFO  | DNAudit | user=null | ip=null | op=WRITE_CHUNK {blockData=conID: 1 locID: 102655681789755970 bcsId: 0} | ret=SUCCESS |  
2019-08-21 15:29:54,522 | INFO  | DNAudit | user=null | ip=null | op=PUT_BLOCK {blockData=[blockId=conID: 1 locID: 102655681789755970 bcsId: 0,size=1048576]} | ret=SUCCESS |  
2019-08-21 15:29:54,523 | INFO  | DNAudit | user=null | ip=null | op=WRITE_CHUNK {blockData=conID: 1 locID: 102655681789755970 bcsId: 0} | ret=SUCCESS |  
2019-08-21 15:29:54,523 | INFO  | DNAudit | user=null | ip=null | op=PUT_BLOCK {blockData=[blockId=conID: 1 locID: 102655681789755970 bcsId: 0,size=1048576]} | ret=SUCCESS |  
2019-08-21 15:29:54,523 [grpc-default-executor-0] INFO  client.GrpcClientProtocolClient (GrpcClientProtocolClient.java:onNext(255)) - client-029E50227556->355864cd-7ac5-4934-b366-9756b15dd90f: receive RaftClientReply:client-029E50227556->355864cd-7ac5-4934-b366-9756b15dd90f@group-785BCF25C267, cid=2348, SUCCESS, logIndex=0, commits[355864cd-7ac5-4934-b366-9756b15dd90f:c3479, ce4aa411-63c8-4399-99eb-27ce352844f3:c3476, 3eeffb0a-787e-48ec-a2f5-d0c540a89489:c3476]
2019-08-21 15:29:54,524 | INFO  | DNAudit | user=null | ip=null | op=WRITE_CHUNK {blockData=conID: 1 locID: 102655681789755970 bcsId: 0} | ret=SUCCESS |  
2019-08-21 15:29:54,524 | INFO  | DNAudit | user=null | ip=null | op=WRITE_CHUNK {blockData=conID: 1 locID: 102655681789755970 bcsId: 0} | ret=SUCCESS |  
2019-08-21 15:29:54,524 | INFO  | DNAudit | user=null | ip=null | op=PUT_BLOCK {blockData=[blockId=conID: 1 locID: 102655681789755970 bcsId: 0,size=2097152]} | ret=SUCCESS |  
2019-08-21 15:29:54,524 | INFO  | DNAudit | user=null | ip=null | op=PUT_BLOCK {blockData=[blockId=conID: 1 locID: 102655681789755970 bcsId: 0,size=2097152]} | ret=SUCCESS |  
2019-08-21 15:29:54,529 | INFO  | DNAudit | user=null | ip=null | op=WRITE_CHUNK {blockData=conID: 1 locID: 102655681789755970 bcsId: 3478} | ret=SUCCESS |  
2019-08-21 15:29:54,531 | INFO  | DNAudit | user=null | ip=null | op=WRITE_CHUNK {blockData=conID: 1 locID: 102655681789755970 bcsId: 3478} | ret=SUCCESS |  
2019-08-21 15:29:54,531 | INFO  | DNAudit | user=null | ip=null | op=WRITE_CHUNK {blockData=conID: 1 locID: 102655681789755970 bcsId: 3478} | ret=SUCCESS |  
2019-08-21 15:29:54,541 | INFO  | DNAudit | user=null | ip=null | op=WRITE_CHUNK {blockData=conID: 1 locID: 102655681789755970 bcsId: 3478} | ret=SUCCESS |  
2019-08-21 15:29:54,541 | INFO  | DNAudit | user=null | ip=null | op=PUT_BLOCK {blockData=[blockId=conID: 1 locID: 102655681789755970 bcsId: 0,size=3145728]} | ret=SUCCESS |  
2019-08-21 15:29:54,541 [grpc-default-executor-2] INFO  client.GrpcClientProtocolClient (GrpcClientProtocolClient.java:onNext(255)) - client-029E50227556->355864cd-7ac5-4934-b366-9756b15dd90f: receive RaftClientReply:client-029E50227556->355864cd-7ac5-4934-b366-9756b15dd90f@group-785BCF25C267, cid=2349, SUCCESS, logIndex=3483, commits[355864cd-7ac5-4934-b366-9756b15dd90f:c3484, ce4aa411-63c8-4399-99eb-27ce352844f3:c3482, 3eeffb0a-787e-48ec-a2f5-d0c540a89489:c3482]
2019-08-21 15:29:54,541 [grpc-default-executor-2] INFO  client.GrpcClientProtocolClient (GrpcClientProtocolClient.java:onNext(255)) - client-029E50227556->355864cd-7ac5-4934-b366-9756b15dd90f: receive RaftClientReply:client-029E50227556->355864cd-7ac5-4934-b366-9756b15dd90f@group-785BCF25C267, cid=2350, SUCCESS, logIndex=3484, commits[355864cd-7ac5-4934-b366-9756b15dd90f:c3484, ce4aa411-63c8-4399-99eb-27ce352844f3:c3482, 3eeffb0a-787e-48ec-a2f5-d0c540a89489:c3482]
2019-08-21 15:29:54,546 | INFO  | DNAudit | user=null | ip=null | op=WRITE_CHUNK {blockData=conID: 1 locID: 102655681789755970 bcsId: 3484} | ret=SUCCESS |  
2019-08-21 15:29:54,548 | INFO  | DNAudit | user=null | ip=null | op=WRITE_CHUNK {blockData=conID: 1 locID: 102655681789755970 bcsId: 3484} | ret=SUCCESS |  
2019-08-21 15:29:54,548 | INFO  | DNAudit | user=null | ip=null | op=WRITE_CHUNK {blockData=conID: 1 locID: 102655681789755970 bcsId: 3484} | ret=SUCCESS |  
2019-08-21 15:29:54,553 | INFO  | DNAudit | user=null | ip=null | op=WRITE_CHUNK {blockData=conID: 1 locID: 102655681789755970 bcsId: 3478} | ret=SUCCESS |  
2019-08-21 15:29:54,553 | INFO  | DNAudit | user=null | ip=null | op=WRITE_CHUNK {blockData=conID: 1 locID: 102655681789755970 bcsId: 3478} | ret=SUCCESS |  
2019-08-21 15:29:54,565 | INFO  | DNAudit | user=null | ip=null | op=PUT_BLOCK {blockData=[blockId=conID: 1 locID: 102655681789755970 bcsId: 0,size=3145728]} | ret=SUCCESS |  
2019-08-21 15:29:54,565 | INFO  | DNAudit | user=null | ip=null | op=PUT_BLOCK {blockData=[blockId=conID: 1 locID: 102655681789755970 bcsId: 0,size=3145728]} | ret=SUCCESS |  
2019-08-21 15:29:54,565 | INFO  | DNAudit | user=null | ip=null | op=WRITE_CHUNK {blockData=conID: 1 locID: 102655681789755970 bcsId: 3484} | ret=SUCCESS |  
2019-08-21 15:29:54,566 | INFO  | DNAudit | user=null | ip=null | op=PUT_BLOCK {blockData=[blockId=conID: 1 locID: 102655681789755970 bcsId: 0,size=4194304]} | ret=SUCCESS |  
2019-08-21 15:29:54,566 [grpc-default-executor-3] INFO  client.GrpcClientProtocolClient (GrpcClientProtocolClient.java:onNext(255)) - client-029E50227556->355864cd-7ac5-4934-b366-9756b15dd90f: receive RaftClientReply:client-029E50227556->355864cd-7ac5-4934-b366-9756b15dd90f@group-785BCF25C267, cid=2351, SUCCESS, logIndex=3487, commits[355864cd-7ac5-4934-b366-9756b15dd90f:c3488, ce4aa411-63c8-4399-99eb-27ce352844f3:c3484, 3eeffb0a-787e-48ec-a2f5-d0c540a89489:c3484]
2019-08-21 15:29:54,566 [grpc-default-executor-3] INFO  client.GrpcClientProtocolClient (GrpcClientProtocolClient.java:onNext(255)) - client-029E50227556->355864cd-7ac5-4934-b366-9756b15dd90f: receive RaftClientReply:client-029E50227556->355864cd-7ac5-4934-b366-9756b15dd90f@group-785BCF25C267, cid=2352, SUCCESS, logIndex=3488, commits[355864cd-7ac5-4934-b366-9756b15dd90f:c3488, ce4aa411-63c8-4399-99eb-27ce352844f3:c3484, 3eeffb0a-787e-48ec-a2f5-d0c540a89489:c3484]
2019-08-21 15:29:54,577 | INFO  | DNAudit | user=null | ip=null | op=WRITE_CHUNK {blockData=conID: 1 locID: 102655681789755970 bcsId: 3484} | ret=SUCCESS |  
2019-08-21 15:29:54,577 | INFO  | DNAudit | user=null | ip=null | op=WRITE_CHUNK {blockData=conID: 1 locID: 102655681789755970 bcsId: 3484} | ret=SUCCESS |  
2019-08-21 15:29:54,578 | INFO  | DNAudit | user=null | ip=null | op=PUT_BLOCK {blockData=[blockId=conID: 1 locID: 102655681789755970 bcsId: 0,size=4194304]} | ret=SUCCESS |  
2019-08-21 15:29:54,578 | INFO  | DNAudit | user=null | ip=null | op=PUT_BLOCK {blockData=[blockId=conID: 1 locID: 102655681789755970 bcsId: 0,size=4194304]} | ret=SUCCESS |  
2019-08-21 15:29:54,579 [grpc-default-executor-3] INFO  client.GrpcClientProtocolClient (GrpcClientProtocolClient.java:onNext(255)) - client-029E50227556->355864cd-7ac5-4934-b366-9756b15dd90f: receive RaftClientReply:client-029E50227556->355864cd-7ac5-4934-b366-9756b15dd90f@group-785BCF25C267, cid=2353, SUCCESS, logIndex=0, commits[355864cd-7ac5-4934-b366-9756b15dd90f:c3490, ce4aa411-63c8-4399-99eb-27ce352844f3:c3488, 3eeffb0a-787e-48ec-a2f5-d0c540a89489:c3488]
2019-08-21 15:29:54,584 | INFO  | SCMAudit | user=jenkins1000 | ip=192.168.5.153 | op=ALLOCATE_BLOCK {owner=78849ec2-2b05-45d8-8cb5-e95e2230dbd1, size=4194304, type=RATIS, factor=THREE} | ret=SUCCESS |  
2019-08-21 15:29:54,587 | INFO  | OMAudit | user=jenkins1000 | ip=127.0.0.1 | op=ALLOCATE_BLOCK {volume=vol-0-32358, bucket=bucket-0-01949, key=key-0-56547, dataSize=0, replicationType=null, replicationFactor=null, keyLocationInfo=null, clientID=102655680532119954} | ret=SUCCESS |  
2019-08-21 15:29:54,592 | INFO  | DNAudit | user=null | ip=null | op=WRITE_CHUNK {blockData=conID: 2 locID: 102655681795457603 bcsId: 0} | ret=SUCCESS |  
2019-08-21 15:29:54,595 | INFO  | DNAudit | user=null | ip=null | op=WRITE_CHUNK {blockData=conID: 2 locID: 102655681795457603 bcsId: 0} | ret=SUCCESS |  
2019-08-21 15:29:54,595 | INFO  | DNAudit | user=null | ip=null | op=WRITE_CHUNK {blockData=conID: 2 locID: 102655681795457603 bcsId: 0} | ret=SUCCESS |  
2019-08-21 15:29:54,596 | INFO  | DNAudit | user=null | ip=null | op=WRITE_CHUNK {blockData=conID: 2 locID: 102655681795457603 bcsId: 0} | ret=SUCCESS |  
2019-08-21 15:29:54,597 | INFO  | DNAudit | user=null | ip=null | op=WRITE_CHUNK {blockData=conID: 2 locID: 102655681795457603 bcsId: 0} | ret=SUCCESS |  
2019-08-21 15:29:54,597 | INFO  | DNAudit | user=null | ip=null | op=WRITE_CHUNK {blockData=conID: 2 locID: 102655681795457603 bcsId: 0} | ret=SUCCESS |  
2019-08-21 15:29:54,605 | INFO  | DNAudit | user=null | ip=null | op=WRITE_CHUNK {blockData=conID: 2 locID: 102655681795457603 bcsId: 0} | ret=SUCCESS |  
2019-08-21 15:29:54,605 | INFO  | DNAudit | user=null | ip=null | op=PUT_BLOCK {blockData=[blockId=conID: 2 locID: 102655681795457603 bcsId: 0,size=1048576]} | ret=SUCCESS |  
2019-08-21 15:29:54,605 [grpc-default-executor-4] INFO  client.GrpcClientProtocolClient (GrpcClientProtocolClient.java:onNext(255)) - client-029E50227556->355864cd-7ac5-4934-b366-9756b15dd90f: receive RaftClientReply:client-029E50227556->355864cd-7ac5-4934-b366-9756b15dd90f@group-785BCF25C267, cid=2354, SUCCESS, logIndex=3491, commits[355864cd-7ac5-4934-b366-9756b15dd90f:c3494, ce4aa411-63c8-4399-99eb-27ce352844f3:c3490, 3eeffb0a-787e-48ec-a2f5-d0c540a89489:c3490]
2019-08-21 15:29:54,606 | INFO  | DNAudit | user=null | ip=null | op=WRITE_CHUNK {blockData=conID: 2 locID: 102655681795457603 bcsId: 0} | ret=SUCCESS |  
2019-08-21 15:29:54,606 [grpc-default-executor-4] INFO  client.GrpcClientProtocolClient (GrpcClientProtocolClient.java:onNext(255)) - client-029E50227556->355864cd-7ac5-4934-b366-9756b15dd90f: receive RaftClientReply:client-029E50227556->355864cd-7ac5-4934-b366-9756b15dd90f@group-785BCF25C267, cid=2355, SUCCESS, logIndex=3492, commits[355864cd-7ac5-4934-b366-9756b15dd90f:c3494, ce4aa411-63c8-4399-99eb-27ce352844f3:c3490, 3eeffb0a-787e-48ec-a2f5-d0c540a89489:c3490]
2019-08-21 15:29:54,606 | INFO  | DNAudit | user=null | ip=null | op=PUT_BLOCK {blockData=[blockId=conID: 2 locID: 102655681795457603 bcsId: 0,size=2097152]} | ret=SUCCESS |  
2019-08-21 15:29:54,606 [grpc-default-executor-4] INFO  client.GrpcClientProtocolClient (GrpcClientProtocolClient.java:onNext(255)) - client-029E50227556->355864cd-7ac5-4934-b366-9756b15dd90f: receive RaftClientReply:client-029E50227556->355864cd-7ac5-4934-b366-9756b15dd90f@group-785BCF25C267, cid=2356, SUCCESS, logIndex=3493, commits[355864cd-7ac5-4934-b366-9756b15dd90f:c3494, ce4aa411-63c8-4399-99eb-27ce352844f3:c3490, 3eeffb0a-787e-48ec-a2f5-d0c540a89489:c3490]
2019-08-21 15:29:54,606 | INFO  | DNAudit | user=null | ip=null | op=WRITE_CHUNK {blockData=conID: 2 locID: 102655681795457603 bcsId: 0} | ret=SUCCESS |  
2019-08-21 15:29:54,606 [grpc-default-executor-4] INFO  client.GrpcClientProtocolClient (GrpcClientProtocolClient.java:onNext(255)) - client-029E50227556->355864cd-7ac5-4934-b366-9756b15dd90f: receive RaftClientReply:client-029E50227556->355864cd-7ac5-4934-b366-9756b15dd90f@group-785BCF25C267, cid=2357, SUCCESS, logIndex=3494, commits[355864cd-7ac5-4934-b366-9756b15dd90f:c3494, ce4aa411-63c8-4399-99eb-27ce352844f3:c3490, 3eeffb0a-787e-48ec-a2f5-d0c540a89489:c3490]
2019-08-21 15:29:54,606 | INFO  | DNAudit | user=null | ip=null | op=PUT_BLOCK {blockData=[blockId=conID: 2 locID: 102655681795457603 bcsId: 0,size=1048576]} | ret=SUCCESS |  
2019-08-21 15:29:54,607 | INFO  | DNAudit | user=null | ip=null | op=WRITE_CHUNK {blockData=conID: 2 locID: 102655681795457603 bcsId: 0} | ret=SUCCESS |  
2019-08-21 15:29:54,607 | INFO  | DNAudit | user=null | ip=null | op=PUT_BLOCK {blockData=[blockId=conID: 2 locID: 102655681795457603 bcsId: 0,size=1048576]} | ret=SUCCESS |  
2019-08-21 15:29:54,607 | INFO  | DNAudit | user=null | ip=null | op=WRITE_CHUNK {blockData=conID: 2 locID: 102655681795457603 bcsId: 0} | ret=SUCCESS |  
2019-08-21 15:29:54,607 | INFO  | DNAudit | user=null | ip=null | op=PUT_BLOCK {blockData=[blockId=conID: 2 locID: 102655681795457603 bcsId: 0,size=2097152]} | ret=SUCCESS |  
2019-08-21 15:29:54,607 [grpc-default-executor-4] INFO  client.GrpcClientProtocolClient (GrpcClientProtocolClient.java:onNext(255)) - client-029E50227556->355864cd-7ac5-4934-b366-9756b15dd90f: receive RaftClientReply:client-029E50227556->355864cd-7ac5-4934-b366-9756b15dd90f@group-785BCF25C267, cid=2358, SUCCESS, logIndex=0, commits[355864cd-7ac5-4934-b366-9756b15dd90f:c3495, ce4aa411-63c8-4399-99eb-27ce352844f3:c3492, 3eeffb0a-787e-48ec-a2f5-d0c540a89489:c3492]
2019-08-21 15:29:54,607 | INFO  | DNAudit | user=null | ip=null | op=WRITE_CHUNK {blockData=conID: 2 locID: 102655681795457603 bcsId: 0} | ret=SUCCESS |  
2019-08-21 15:29:54,607 | INFO  | DNAudit | user=null | ip=null | op=PUT_BLOCK {blockData=[blockId=conID: 2 locID: 102655681795457603 bcsId: 0,size=2097152]} | ret=SUCCESS |  
2019-08-21 15:29:54,612 | INFO  | DNAudit | user=null | ip=null | op=WRITE_CHUNK {blockData=conID: 2 locID: 102655681795457603 bcsId: 3494} | ret=SUCCESS |  
2019-08-21 15:29:54,613 | INFO  | DNAudit | user=null | ip=null | op=WRITE_CHUNK {blockData=conID: 2 locID: 102655681795457603 bcsId: 3494} | ret=SUCCESS |  
2019-08-21 15:29:54,614 | INFO  | DNAudit | user=null | ip=null | op=WRITE_CHUNK {blockData=conID: 2 locID: 102655681795457603 bcsId: 3494} | ret=SUCCESS |  
2019-08-21 15:29:54,624 | INFO  | DNAudit | user=null | ip=null | op=WRITE_CHUNK {blockData=conID: 2 locID: 102655681795457603 bcsId: 3494} | ret=SUCCESS |  
2019-08-21 15:29:54,624 | INFO  | DNAudit | user=null | ip=null | op=PUT_BLOCK {blockData=[blockId=conID: 2 locID: 102655681795457603 bcsId: 0,size=3145728]} | ret=SUCCESS |  
2019-08-21 15:29:54,624 [grpc-default-executor-4] INFO  client.GrpcClientProtocolClient (GrpcClientProtocolClient.java:onNext(255)) - client-029E50227556->355864cd-7ac5-4934-b366-9756b15dd90f: receive RaftClientReply:client-029E50227556->355864cd-7ac5-4934-b366-9756b15dd90f@group-785BCF25C267, cid=2359, SUCCESS, logIndex=3499, commits[355864cd-7ac5-4934-b366-9756b15dd90f:c3500, ce4aa411-63c8-4399-99eb-27ce352844f3:c3498, 3eeffb0a-787e-48ec-a2f5-d0c540a89489:c3498]
2019-08-21 15:29:54,625 [grpc-default-executor-4] INFO  client.GrpcClientProtocolClient (GrpcClientProtocolClient.java:onNext(255)) - client-029E50227556->355864cd-7ac5-4934-b366-9756b15dd90f: receive RaftClientReply:client-029E50227556->355864cd-7ac5-4934-b366-9756b15dd90f@group-785BCF25C267, cid=2360, SUCCESS, logIndex=3500, commits[355864cd-7ac5-4934-b366-9756b15dd90f:c3500, ce4aa411-63c8-4399-99eb-27ce352844f3:c3498, 3eeffb0a-787e-48ec-a2f5-d0c540a89489:c3498]
2019-08-21 15:29:54,630 | INFO  | DNAudit | user=null | ip=null | op=WRITE_CHUNK {blockData=conID: 2 locID: 102655681795457603 bcsId: 3500} | ret=SUCCESS |  
2019-08-21 15:29:54,632 | INFO  | DNAudit | user=null | ip=null | op=WRITE_CHUNK {blockData=conID: 2 locID: 102655681795457603 bcsId: 3500} | ret=SUCCESS |  
2019-08-21 15:29:54,632 | INFO  | DNAudit | user=null | ip=null | op=WRITE_CHUNK {blockData=conID: 2 locID: 102655681795457603 bcsId: 3500} | ret=SUCCESS |  
2019-08-21 15:29:54,636 | INFO  | DNAudit | user=null | ip=null | op=WRITE_CHUNK {blockData=conID: 2 locID: 102655681795457603 bcsId: 3494} | ret=SUCCESS |  
2019-08-21 15:29:54,636 | INFO  | DNAudit | user=null | ip=null | op=WRITE_CHUNK {blockData=conID: 2 locID: 102655681795457603 bcsId: 3494} | ret=SUCCESS |  
2019-08-21 15:29:54,637 | INFO  | DNAudit | user=null | ip=null | op=PUT_BLOCK {blockData=[blockId=conID: 2 locID: 102655681795457603 bcsId: 0,size=3145728]} | ret=SUCCESS |  
2019-08-21 15:29:54,637 | INFO  | DNAudit | user=null | ip=null | op=PUT_BLOCK {blockData=[blockId=conID: 2 locID: 102655681795457603 bcsId: 0,size=3145728]} | ret=SUCCESS |  
2019-08-21 15:29:54,637 | INFO  | DNAudit | user=null | ip=null | op=WRITE_CHUNK {blockData=conID: 2 locID: 102655681795457603 bcsId: 3500} | ret=SUCCESS |  
2019-08-21 15:29:54,638 | INFO  | DNAudit | user=null | ip=null | op=PUT_BLOCK {blockData=[blockId=conID: 2 locID: 102655681795457603 bcsId: 0,size=4194304]} | ret=SUCCESS |  
2019-08-21 15:29:54,638 [grpc-default-executor-2] INFO  client.GrpcClientProtocolClient (GrpcClientProtocolClient.java:onNext(255)) - client-029E50227556->355864cd-7ac5-4934-b366-9756b15dd90f: receive RaftClientReply:client-029E50227556->355864cd-7ac5-4934-b366-9756b15dd90f@group-785BCF25C267, cid=2361, SUCCESS, logIndex=3503, commits[355864cd-7ac5-4934-b366-9756b15dd90f:c3504, ce4aa411-63c8-4399-99eb-27ce352844f3:c3500, 3eeffb0a-787e-48ec-a2f5-d0c540a89489:c3500]
2019-08-21 15:29:54,638 [grpc-default-executor-2] INFO  client.GrpcClientProtocolClient (GrpcClientProtocolClient.java:onNext(255)) - client-029E50227556->355864cd-7ac5-4934-b366-9756b15dd90f: receive RaftClientReply:client-029E50227556->355864cd-7ac5-4934-b366-9756b15dd90f@group-785BCF25C267, cid=2362, SUCCESS, logIndex=3504, commits[355864cd-7ac5-4934-b366-9756b15dd90f:c3504, ce4aa411-63c8-4399-99eb-27ce352844f3:c3500, 3eeffb0a-787e-48ec-a2f5-d0c540a89489:c3500]
2019-08-21 15:29:54,647 | INFO  | DNAudit | user=null | ip=null | op=WRITE_CHUNK {blockData=conID: 2 locID: 102655681795457603 bcsId: 3500} | ret=SUCCESS |  
2019-08-21 15:29:54,648 | INFO  | DNAudit | user=null | ip=null | op=WRITE_CHUNK {blockData=conID: 2 locID: 102655681795457603 bcsId: 3500} | ret=SUCCESS |  
2019-08-21 15:29:54,648 | INFO  | DNAudit | user=null | ip=null | op=PUT_BLOCK {blockData=[blockId=conID: 2 locID: 102655681795457603 bcsId: 0,size=4194304]} | ret=SUCCESS |  
2019-08-21 15:29:54,649 | INFO  | DNAudit | user=null | ip=null | op=PUT_BLOCK {blockData=[blockId=conID: 2 locID: 102655681795457603 bcsId: 0,size=4194304]} | ret=SUCCESS |  
2019-08-21 15:29:54,649 [grpc-default-executor-2] INFO  client.GrpcClientProtocolClient (GrpcClientProtocolClient.java:onNext(255)) - client-029E50227556->355864cd-7ac5-4934-b366-9756b15dd90f: receive RaftClientReply:client-029E50227556->355864cd-7ac5-4934-b366-9756b15dd90f@group-785BCF25C267, cid=2363, SUCCESS, logIndex=0, commits[355864cd-7ac5-4934-b366-9756b15dd90f:c3506, ce4aa411-63c8-4399-99eb-27ce352844f3:c3504, 3eeffb0a-787e-48ec-a2f5-d0c540a89489:c3504]
2019-08-21 15:29:54,655 | INFO  | SCMAudit | user=jenkins1000 | ip=192.168.5.153 | op=ALLOCATE_BLOCK {owner=78849ec2-2b05-45d8-8cb5-e95e2230dbd1, size=4194304, type=RATIS, factor=THREE} | ret=SUCCESS |  
2019-08-21 15:29:54,658 | INFO  | OMAudit | user=jenkins1000 | ip=127.0.0.1 | op=ALLOCATE_BLOCK {volume=vol-0-32358, bucket=bucket-0-01949, key=key-0-56547, dataSize=0, replicationType=null, replicationFactor=null, keyLocationInfo=null, clientID=102655680532119954} | ret=SUCCESS |  
2019-08-21 15:29:54,663 | INFO  | DNAudit | user=null | ip=null | op=WRITE_CHUNK {blockData=conID: 3 locID: 102655681800110660 bcsId: 0} | ret=SUCCESS |  
2019-08-21 15:29:54,665 | INFO  | DNAudit | user=null | ip=null | op=WRITE_CHUNK {blockData=conID: 3 locID: 102655681800110660 bcsId: 0} | ret=SUCCESS |  
2019-08-21 15:29:54,666 | INFO  | DNAudit | user=null | ip=null | op=WRITE_CHUNK {blockData=conID: 3 locID: 102655681800110660 bcsId: 0} | ret=SUCCESS |  
2019-08-21 15:29:54,666 | INFO  | DNAudit | user=null | ip=null | op=WRITE_CHUNK {blockData=conID: 3 locID: 102655681800110660 bcsId: 0} | ret=SUCCESS |  
2019-08-21 15:29:54,667 | INFO  | DNAudit | user=null | ip=null | op=PUT_BLOCK {blockData=[blockId=conID: 3 locID: 102655681800110660 bcsId: 0,size=1048576]} | ret=SUCCESS |  
2019-08-21 15:29:54,667 | INFO  | DNAudit | user=null | ip=null | op=WRITE_CHUNK {blockData=conID: 3 locID: 102655681800110660 bcsId: 0} | ret=SUCCESS |  
2019-08-21 15:29:54,667 [grpc-default-executor-2] INFO  client.GrpcClientProtocolClient (GrpcClientProtocolClient.java:onNext(255)) - client-029E50227556->355864cd-7ac5-4934-b366-9756b15dd90f: receive RaftClientReply:client-029E50227556->355864cd-7ac5-4934-b366-9756b15dd90f@group-785BCF25C267, cid=2364, SUCCESS, logIndex=3507, commits[355864cd-7ac5-4934-b366-9756b15dd90f:c3508, ce4aa411-63c8-4399-99eb-27ce352844f3:c3504, 3eeffb0a-787e-48ec-a2f5-d0c540a89489:c3506]
2019-08-21 15:29:54,667 [grpc-default-executor-2] INFO  client.GrpcClientProtocolClient (GrpcClientProtocolClient.java:onNext(255)) - client-029E50227556->355864cd-7ac5-4934-b366-9756b15dd90f: receive RaftClientReply:client-029E50227556->355864cd-7ac5-4934-b366-9756b15dd90f@group-785BCF25C267, cid=2365, SUCCESS, logIndex=3508, commits[355864cd-7ac5-4934-b366-9756b15dd90f:c3508, ce4aa411-63c8-4399-99eb-27ce352844f3:c3504, 3eeffb0a-787e-48ec-a2f5-d0c540a89489:c3506]
2019-08-21 15:29:54,668 | INFO  | DNAudit | user=null | ip=null | op=WRITE_CHUNK {blockData=conID: 3 locID: 102655681800110660 bcsId: 0} | ret=SUCCESS |  
2019-08-21 15:29:54,668 | INFO  | DNAudit | user=null | ip=null | op=WRITE_CHUNK {blockData=conID: 3 locID: 102655681800110660 bcsId: 0} | ret=SUCCESS |  
2019-08-21 15:29:54,688 | INFO  | DNAudit | user=null | ip=null | op=WRITE_CHUNK {blockData=conID: 3 locID: 102655681800110660 bcsId: 0} | ret=SUCCESS |  
2019-08-21 15:29:54,688 | INFO  | DNAudit | user=null | ip=null | op=WRITE_CHUNK {blockData=conID: 3 locID: 102655681800110660 bcsId: 0} | ret=SUCCESS |  
2019-08-21 15:29:54,688 | INFO  | DNAudit | user=null | ip=null | op=PUT_BLOCK {blockData=[blockId=conID: 3 locID: 102655681800110660 bcsId: 0,size=1048576]} | ret=SUCCESS |  
2019-08-21 15:29:54,688 | INFO  | DNAudit | user=null | ip=null | op=PUT_BLOCK {blockData=[blockId=conID: 3 locID: 102655681800110660 bcsId: 0,size=2097152]} | ret=SUCCESS |  
2019-08-21 15:29:54,688 | INFO  | DNAudit | user=null | ip=null | op=WRITE_CHUNK {blockData=conID: 3 locID: 102655681800110660 bcsId: 0} | ret=SUCCESS |  
2019-08-21 15:29:54,688 [grpc-default-executor-2] INFO  client.GrpcClientProtocolClient (GrpcClientProtocolClient.java:onNext(255)) - client-029E50227556->355864cd-7ac5-4934-b366-9756b15dd90f: receive RaftClientReply:client-029E50227556->355864cd-7ac5-4934-b366-9756b15dd90f@group-785BCF25C267, cid=2366, SUCCESS, logIndex=3509, commits[355864cd-7ac5-4934-b366-9756b15dd90f:c3511, ce4aa411-63c8-4399-99eb-27ce352844f3:c3506, 3eeffb0a-787e-48ec-a2f5-d0c540a89489:c3507]
2019-08-21 15:29:54,689 | INFO  | DNAudit | user=null | ip=null | op=PUT_BLOCK {blockData=[blockId=conID: 3 locID: 102655681800110660 bcsId: 0,size=1048576]} | ret=SUCCESS |  
2019-08-21 15:29:54,689 [grpc-default-executor-2] INFO  client.GrpcClientProtocolClient (GrpcClientProtocolClient.java:onNext(255)) - client-029E50227556->355864cd-7ac5-4934-b366-9756b15dd90f: receive RaftClientReply:client-029E50227556->355864cd-7ac5-4934-b366-9756b15dd90f@group-785BCF25C267, cid=2367, SUCCESS, logIndex=3510, commits[355864cd-7ac5-4934-b366-9756b15dd90f:c3512, ce4aa411-63c8-4399-99eb-27ce352844f3:c3506, 3eeffb0a-787e-48ec-a2f5-d0c540a89489:c3508]
2019-08-21 15:29:54,689 [grpc-default-executor-2] INFO  client.GrpcClientProtocolClient (GrpcClientProtocolClient.java:onNext(255)) - client-029E50227556->355864cd-7ac5-4934-b366-9756b15dd90f: receive RaftClientReply:client-029E50227556->355864cd-7ac5-4934-b366-9756b15dd90f@group-785BCF25C267, cid=2368, SUCCESS, logIndex=0, commits[355864cd-7ac5-4934-b366-9756b15dd90f:c3512, ce4aa411-63c8-4399-99eb-27ce352844f3:c3508, 3eeffb0a-787e-48ec-a2f5-d0c540a89489:c3508]
2019-08-21 15:29:54,695 | INFO  | DNAudit | user=null | ip=null | op=WRITE_CHUNK {blockData=conID: 3 locID: 102655681800110660 bcsId: 3510} | ret=SUCCESS |  
2019-08-21 15:29:54,697 | INFO  | DNAudit | user=null | ip=null | op=WRITE_CHUNK {blockData=conID: 3 locID: 102655681800110660 bcsId: 3510} | ret=SUCCESS |  
2019-08-21 15:29:54,697 | INFO  | DNAudit | user=null | ip=null | op=WRITE_CHUNK {blockData=conID: 3 locID: 102655681800110660 bcsId: 3510} | ret=SUCCESS |  
2019-08-21 15:29:54,700 | INFO  | DNAudit | user=null | ip=null | op=WRITE_CHUNK {blockData=conID: 3 locID: 102655681800110660 bcsId: 0} | ret=SUCCESS |  
2019-08-21 15:29:54,700 | INFO  | DNAudit | user=null | ip=null | op=WRITE_CHUNK {blockData=conID: 3 locID: 102655681800110660 bcsId: 0} | ret=SUCCESS |  
2019-08-21 15:29:54,700 | INFO  | DNAudit | user=null | ip=null | op=PUT_BLOCK {blockData=[blockId=conID: 3 locID: 102655681800110660 bcsId: 0,size=2097152]} | ret=SUCCESS |  
2019-08-21 15:29:54,700 | INFO  | DNAudit | user=null | ip=null | op=PUT_BLOCK {blockData=[blockId=conID: 3 locID: 102655681800110660 bcsId: 0,size=2097152]} | ret=SUCCESS |  
2019-08-21 15:29:54,701 | INFO  | DNAudit | user=null | ip=null | op=WRITE_CHUNK {blockData=conID: 3 locID: 102655681800110660 bcsId: 3510} | ret=SUCCESS |  
2019-08-21 15:29:54,701 | INFO  | DNAudit | user=null | ip=null | op=PUT_BLOCK {blockData=[blockId=conID: 3 locID: 102655681800110660 bcsId: 0,size=3145728]} | ret=SUCCESS |  
2019-08-21 15:29:54,701 [grpc-default-executor-2] INFO  client.GrpcClientProtocolClient (GrpcClientProtocolClient.java:onNext(255)) - client-029E50227556->355864cd-7ac5-4934-b366-9756b15dd90f: receive RaftClientReply:client-029E50227556->355864cd-7ac5-4934-b366-9756b15dd90f@group-785BCF25C267, cid=2369, SUCCESS, logIndex=3515, commits[355864cd-7ac5-4934-b366-9756b15dd90f:c3516, ce4aa411-63c8-4399-99eb-27ce352844f3:c3510, 3eeffb0a-787e-48ec-a2f5-d0c540a89489:c3512]
2019-08-21 15:29:54,702 [grpc-default-executor-2] INFO  client.GrpcClientProtocolClient (GrpcClientProtocolClient.java:onNext(255)) - client-029E50227556->355864cd-7ac5-4934-b366-9756b15dd90f: receive RaftClientReply:client-029E50227556->355864cd-7ac5-4934-b366-9756b15dd90f@group-785BCF25C267, cid=2370, SUCCESS, logIndex=3516, commits[355864cd-7ac5-4934-b366-9756b15dd90f:c3516, ce4aa411-63c8-4399-99eb-27ce352844f3:c3510, 3eeffb0a-787e-48ec-a2f5-d0c540a89489:c3512]
2019-08-21 15:29:54,702 | INFO  | DNAudit | user=null | ip=null | op=WRITE_CHUNK {blockData=conID: 3 locID: 102655681800110660 bcsId: 3510} | ret=SUCCESS |  
2019-08-21 15:29:54,703 | INFO  | DNAudit | user=null | ip=null | op=WRITE_CHUNK {blockData=conID: 3 locID: 102655681800110660 bcsId: 3510} | ret=SUCCESS |  
2019-08-21 15:29:54,703 | INFO  | DNAudit | user=null | ip=null | op=PUT_BLOCK {blockData=[blockId=conID: 3 locID: 102655681800110660 bcsId: 0,size=3145728]} | ret=SUCCESS |  
2019-08-21 15:29:54,704 | INFO  | DNAudit | user=null | ip=null | op=PUT_BLOCK {blockData=[blockId=conID: 3 locID: 102655681800110660 bcsId: 0,size=3145728]} | ret=SUCCESS |  
2019-08-21 15:29:54,707 | INFO  | DNAudit | user=null | ip=null | op=WRITE_CHUNK {blockData=conID: 3 locID: 102655681800110660 bcsId: 3516} | ret=SUCCESS |  
2019-08-21 15:29:54,709 | INFO  | DNAudit | user=null | ip=null | op=WRITE_CHUNK {blockData=conID: 3 locID: 102655681800110660 bcsId: 3516} | ret=SUCCESS |  
2019-08-21 15:29:54,709 | INFO  | DNAudit | user=null | ip=null | op=WRITE_CHUNK {blockData=conID: 3 locID: 102655681800110660 bcsId: 3516} | ret=SUCCESS |  
2019-08-21 15:29:54,723 | INFO  | DNAudit | user=null | ip=null | op=WRITE_CHUNK {blockData=conID: 3 locID: 102655681800110660 bcsId: 3516} | ret=SUCCESS |  
2019-08-21 15:29:54,723 | INFO  | DNAudit | user=null | ip=null | op=PUT_BLOCK {blockData=[blockId=conID: 3 locID: 102655681800110660 bcsId: 0,size=4194304]} | ret=SUCCESS |  
2019-08-21 15:29:54,723 [grpc-default-executor-4] INFO  client.GrpcClientProtocolClient (GrpcClientProtocolClient.java:onNext(255)) - client-029E50227556->355864cd-7ac5-4934-b366-9756b15dd90f: receive RaftClientReply:client-029E50227556->355864cd-7ac5-4934-b366-9756b15dd90f@group-785BCF25C267, cid=2371, SUCCESS, logIndex=3519, commits[355864cd-7ac5-4934-b366-9756b15dd90f:c3520, ce4aa411-63c8-4399-99eb-27ce352844f3:c3516, 3eeffb0a-787e-48ec-a2f5-d0c540a89489:c3518]
2019-08-21 15:29:54,723 [grpc-default-executor-4] INFO  client.GrpcClientProtocolClient (GrpcClientProtocolClient.java:onNext(255)) - client-029E50227556->355864cd-7ac5-4934-b366-9756b15dd90f: receive RaftClientReply:client-029E50227556->355864cd-7ac5-4934-b366-9756b15dd90f@group-785BCF25C267, cid=2372, SUCCESS, logIndex=3520, commits[355864cd-7ac5-4934-b366-9756b15dd90f:c3520, ce4aa411-63c8-4399-99eb-27ce352844f3:c3518, 3eeffb0a-787e-48ec-a2f5-d0c540a89489:c3518]
2019-08-21 15:29:54,725 | INFO  | DNAudit | user=null | ip=null | op=WRITE_CHUNK {blockData=conID: 3 locID: 102655681800110660 bcsId: 3516} | ret=SUCCESS |  
2019-08-21 15:29:54,725 | INFO  | DNAudit | user=null | ip=null | op=WRITE_CHUNK {blockData=conID: 3 locID: 102655681800110660 bcsId: 3516} | ret=SUCCESS |  
2019-08-21 15:29:54,725 | INFO  | DNAudit | user=null | ip=null | op=PUT_BLOCK {blockData=[blockId=conID: 3 locID: 102655681800110660 bcsId: 0,size=4194304]} | ret=SUCCESS |  
2019-08-21 15:29:54,725 | INFO  | DNAudit | user=null | ip=null | op=PUT_BLOCK {blockData=[blockId=conID: 3 locID: 102655681800110660 bcsId: 0,size=4194304]} | ret=SUCCESS |  
2019-08-21 15:29:54,725 [grpc-default-executor-4] INFO  client.GrpcClientProtocolClient (GrpcClientProtocolClient.java:onNext(255)) - client-029E50227556->355864cd-7ac5-4934-b366-9756b15dd90f: receive RaftClientReply:client-029E50227556->355864cd-7ac5-4934-b366-9756b15dd90f@group-785BCF25C267, cid=2373, SUCCESS, logIndex=0, commits[355864cd-7ac5-4934-b366-9756b15dd90f:c3521, ce4aa411-63c8-4399-99eb-27ce352844f3:c3520, 3eeffb0a-787e-48ec-a2f5-d0c540a89489:c3520]
2019-08-21 15:29:54,729 | INFO  | SCMAudit | user=jenkins1000 | ip=192.168.5.153 | op=ALLOCATE_BLOCK {owner=78849ec2-2b05-45d8-8cb5-e95e2230dbd1, size=4194304, type=RATIS, factor=THREE} | ret=SUCCESS |  
2019-08-21 15:29:54,732 | INFO  | OMAudit | user=jenkins1000 | ip=127.0.0.1 | op=ALLOCATE_BLOCK {volume=vol-0-32358, bucket=bucket-0-01949, key=key-0-56547, dataSize=0, replicationType=null, replicationFactor=null, keyLocationInfo=null, clientID=102655680532119954} | ret=SUCCESS |  
2019-08-21 15:29:54,738 | INFO  | DNAudit | user=null | ip=null | op=WRITE_CHUNK {blockData=conID: 1 locID: 102655681804960325 bcsId: 0} | ret=SUCCESS |  
2019-08-21 15:29:54,740 | INFO  | DNAudit | user=null | ip=null | op=WRITE_CHUNK {blockData=conID: 1 locID: 102655681804960325 bcsId: 0} | ret=SUCCESS |  
2019-08-21 15:29:54,740 | INFO  | DNAudit | user=null | ip=null | op=WRITE_CHUNK {blockData=conID: 1 locID: 102655681804960325 bcsId: 0} | ret=SUCCESS |  
2019-08-21 15:29:54,741 | INFO  | DNAudit | user=null | ip=null | op=WRITE_CHUNK {blockData=conID: 1 locID: 102655681804960325 bcsId: 0} | ret=SUCCESS |  
2019-08-21 15:29:54,743 | INFO  | DNAudit | user=null | ip=null | op=WRITE_CHUNK {blockData=conID: 1 locID: 102655681804960325 bcsId: 0} | ret=SUCCESS |  
2019-08-21 15:29:54,743 | INFO  | DNAudit | user=null | ip=null | op=WRITE_CHUNK {blockData=conID: 1 locID: 102655681804960325 bcsId: 0} | ret=SUCCESS |  
2019-08-21 15:29:54,750 | INFO  | DNAudit | user=null | ip=null | op=WRITE_CHUNK {blockData=conID: 1 locID: 102655681804960325 bcsId: 0} | ret=SUCCESS |  
2019-08-21 15:29:54,751 | INFO  | DNAudit | user=null | ip=null | op=PUT_BLOCK {blockData=[blockId=conID: 1 locID: 102655681804960325 bcsId: 0,size=1048576]} | ret=SUCCESS |  
2019-08-21 15:29:54,751 [grpc-default-executor-2] INFO  client.GrpcClientProtocolClient (GrpcClientProtocolClient.java:onNext(255)) - client-029E50227556->355864cd-7ac5-4934-b366-9756b15dd90f: receive RaftClientReply:client-029E50227556->355864cd-7ac5-4934-b366-9756b15dd90f@group-785BCF25C267, cid=2374, SUCCESS, logIndex=3522, commits[355864cd-7ac5-4934-b366-9756b15dd90f:c3523, ce4aa411-63c8-4399-99eb-27ce352844f3:c3521, 3eeffb0a-787e-48ec-a2f5-d0c540a89489:c3521]
2019-08-21 15:29:54,751 | INFO  | DNAudit | user=null | ip=null | op=WRITE_CHUNK {blockData=conID: 1 locID: 102655681804960325 bcsId: 0} | ret=SUCCESS |  
2019-08-21 15:29:54,752 | INFO  | DNAudit | user=null | ip=null | op=PUT_BLOCK {blockData=[blockId=conID: 1 locID: 102655681804960325 bcsId: 0,size=2097152]} | ret=SUCCESS |  
2019-08-21 15:29:54,752 [grpc-default-executor-0] INFO  client.GrpcClientProtocolClient (GrpcClientProtocolClient.java:onNext(255)) - client-029E50227556->355864cd-7ac5-4934-b366-9756b15dd90f: receive RaftClientReply:client-029E50227556->355864cd-7ac5-4934-b366-9756b15dd90f@group-785BCF25C267, cid=2375, SUCCESS, logIndex=3523, commits[355864cd-7ac5-4934-b366-9756b15dd90f:c3523, ce4aa411-63c8-4399-99eb-27ce352844f3:c3521, 3eeffb0a-787e-48ec-a2f5-d0c540a89489:c3521]
2019-08-21 15:29:54,752 [grpc-default-executor-0] INFO  client.GrpcClientProtocolClient (GrpcClientProtocolClient.java:onNext(255)) - client-029E50227556->355864cd-7ac5-4934-b366-9756b15dd90f: receive RaftClientReply:client-029E50227556->355864cd-7ac5-4934-b366-9756b15dd90f@group-785BCF25C267, cid=2376, SUCCESS, logIndex=3524, commits[355864cd-7ac5-4934-b366-9756b15dd90f:c3525, ce4aa411-63c8-4399-99eb-27ce352844f3:c3521, 3eeffb0a-787e-48ec-a2f5-d0c540a89489:c3521]
2019-08-21 15:29:54,752 | INFO  | DNAudit | user=null | ip=null | op=WRITE_CHUNK {blockData=conID: 1 locID: 102655681804960325 bcsId: 0} | ret=SUCCESS |  
2019-08-21 15:29:54,752 [grpc-default-executor-2] INFO  client.GrpcClientProtocolClient (GrpcClientProtocolClient.java:onNext(255)) - client-029E50227556->355864cd-7ac5-4934-b366-9756b15dd90f: receive RaftClientReply:client-029E50227556->355864cd-7ac5-4934-b366-9756b15dd90f@group-785BCF25C267, cid=2377, SUCCESS, logIndex=3525, commits[355864cd-7ac5-4934-b366-9756b15dd90f:c3525, ce4aa411-63c8-4399-99eb-27ce352844f3:c3521, 3eeffb0a-787e-48ec-a2f5-d0c540a89489:c3521]
2019-08-21 15:29:54,752 | INFO  | DNAudit | user=null | ip=null | op=PUT_BLOCK {blockData=[blockId=conID: 1 locID: 102655681804960325 bcsId: 0,size=1048576]} | ret=SUCCESS |  
2019-08-21 15:29:54,753 | INFO  | DNAudit | user=null | ip=null | op=WRITE_CHUNK {blockData=conID: 1 locID: 102655681804960325 bcsId: 0} | ret=SUCCESS |  
2019-08-21 15:29:54,754 | INFO  | DNAudit | user=null | ip=null | op=PUT_BLOCK {blockData=[blockId=conID: 1 locID: 102655681804960325 bcsId: 0,size=2097152]} | ret=SUCCESS |  
2019-08-21 15:29:54,754 | INFO  | DNAudit | user=null | ip=null | op=WRITE_CHUNK {blockData=conID: 1 locID: 102655681804960325 bcsId: 0} | ret=SUCCESS |  
2019-08-21 15:29:54,754 | INFO  | DNAudit | user=null | ip=null | op=PUT_BLOCK {blockData=[blockId=conID: 1 locID: 102655681804960325 bcsId: 0,size=1048576]} | ret=SUCCESS |  
2019-08-21 15:29:54,754 | INFO  | DNAudit | user=null | ip=null | op=WRITE_CHUNK {blockData=conID: 1 locID: 102655681804960325 bcsId: 0} | ret=SUCCESS |  
2019-08-21 15:29:54,754 | INFO  | DNAudit | user=null | ip=null | op=PUT_BLOCK {blockData=[blockId=conID: 1 locID: 102655681804960325 bcsId: 0,size=2097152]} | ret=SUCCESS |  
2019-08-21 15:29:54,754 [grpc-default-executor-2] INFO  client.GrpcClientProtocolClient (GrpcClientProtocolClient.java:onNext(255)) - client-029E50227556->355864cd-7ac5-4934-b366-9756b15dd90f: receive RaftClientReply:client-029E50227556->355864cd-7ac5-4934-b366-9756b15dd90f@group-785BCF25C267, cid=2378, SUCCESS, logIndex=0, commits[355864cd-7ac5-4934-b366-9756b15dd90f:c3529, ce4aa411-63c8-4399-99eb-27ce352844f3:c3523, 3eeffb0a-787e-48ec-a2f5-d0c540a89489:c3525]
2019-08-21 15:29:54,760 | INFO  | DNAudit | user=null | ip=null | op=WRITE_CHUNK {blockData=conID: 1 locID: 102655681804960325 bcsId: 3525} | ret=SUCCESS |  
2019-08-21 15:29:54,762 | INFO  | DNAudit | user=null | ip=null | op=WRITE_CHUNK {blockData=conID: 1 locID: 102655681804960325 bcsId: 3525} | ret=SUCCESS |  
2019-08-21 15:29:54,762 | INFO  | DNAudit | user=null | ip=null | op=WRITE_CHUNK {blockData=conID: 1 locID: 102655681804960325 bcsId: 3525} | ret=SUCCESS |  
2019-08-21 15:29:54,773 | INFO  | DNAudit | user=null | ip=null | op=WRITE_CHUNK {blockData=conID: 1 locID: 102655681804960325 bcsId: 3525} | ret=SUCCESS |  
2019-08-21 15:29:54,773 | INFO  | DNAudit | user=null | ip=null | op=PUT_BLOCK {blockData=[blockId=conID: 1 locID: 102655681804960325 bcsId: 0,size=3145728]} | ret=SUCCESS |  
2019-08-21 15:29:54,773 [grpc-default-executor-2] INFO  client.GrpcClientProtocolClient (GrpcClientProtocolClient.java:onNext(255)) - client-029E50227556->355864cd-7ac5-4934-b366-9756b15dd90f: receive RaftClientReply:client-029E50227556->355864cd-7ac5-4934-b366-9756b15dd90f@group-785BCF25C267, cid=2379, SUCCESS, logIndex=3530, commits[355864cd-7ac5-4934-b366-9756b15dd90f:c3531, ce4aa411-63c8-4399-99eb-27ce352844f3:c3529, 3eeffb0a-787e-48ec-a2f5-d0c540a89489:c3529]
2019-08-21 15:29:54,773 [grpc-default-executor-2] INFO  client.GrpcClientProtocolClient (GrpcClientProtocolClient.java:onNext(255)) - client-029E50227556->355864cd-7ac5-4934-b366-9756b15dd90f: receive RaftClientReply:client-029E50227556->355864cd-7ac5-4934-b366-9756b15dd90f@group-785BCF25C267, cid=2380, SUCCESS, logIndex=3531, commits[355864cd-7ac5-4934-b366-9756b15dd90f:c3531, ce4aa411-63c8-4399-99eb-27ce352844f3:c3529, 3eeffb0a-787e-48ec-a2f5-d0c540a89489:c3529]
2019-08-21 15:29:54,774 | INFO  | DNAudit | user=null | ip=null | op=WRITE_CHUNK {blockData=conID: 1 locID: 102655681804960325 bcsId: 3525} | ret=SUCCESS |  
2019-08-21 15:29:54,774 | INFO  | DNAudit | user=null | ip=null | op=WRITE_CHUNK {blockData=conID: 1 locID: 102655681804960325 bcsId: 3525} | ret=SUCCESS |  
2019-08-21 15:29:54,775 | INFO  | DNAudit | user=null | ip=null | op=PUT_BLOCK {blockData=[blockId=conID: 1 locID: 102655681804960325 bcsId: 0,size=3145728]} | ret=SUCCESS |  
2019-08-21 15:29:54,776 | INFO  | DNAudit | user=null | ip=null | op=PUT_BLOCK {blockData=[blockId=conID: 1 locID: 102655681804960325 bcsId: 0,size=3145728]} | ret=SUCCESS |  
2019-08-21 15:29:54,779 | INFO  | DNAudit | user=null | ip=null | op=WRITE_CHUNK {blockData=conID: 1 locID: 102655681804960325 bcsId: 3531} | ret=SUCCESS |  
2019-08-21 15:29:54,781 | INFO  | DNAudit | user=null | ip=null | op=WRITE_CHUNK {blockData=conID: 1 locID: 102655681804960325 bcsId: 3531} | ret=SUCCESS |  
2019-08-21 15:29:54,781 | INFO  | DNAudit | user=null | ip=null | op=WRITE_CHUNK {blockData=conID: 1 locID: 102655681804960325 bcsId: 3531} | ret=SUCCESS |  
2019-08-21 15:29:54,793 | INFO  | DNAudit | user=null | ip=null | op=WRITE_CHUNK {blockData=conID: 1 locID: 102655681804960325 bcsId: 3531} | ret=SUCCESS |  
2019-08-21 15:29:54,794 | INFO  | DNAudit | user=null | ip=null | op=PUT_BLOCK {blockData=[blockId=conID: 1 locID: 102655681804960325 bcsId: 0,size=4194304]} | ret=SUCCESS |  
2019-08-21 15:29:54,794 [grpc-default-executor-2] INFO  client.GrpcClientProtocolClient (GrpcClientProtocolClient.java:onNext(255)) - client-029E50227556->355864cd-7ac5-4934-b366-9756b15dd90f: receive RaftClientReply:client-029E50227556->355864cd-7ac5-4934-b366-9756b15dd90f@group-785BCF25C267, cid=2381, SUCCESS, logIndex=3534, commits[355864cd-7ac5-4934-b366-9756b15dd90f:c3535, ce4aa411-63c8-4399-99eb-27ce352844f3:c3531, 3eeffb0a-787e-48ec-a2f5-d0c540a89489:c3533]
2019-08-21 15:29:54,794 [grpc-default-executor-2] INFO  client.GrpcClientProtocolClient (GrpcClientProtocolClient.java:onNext(255)) - client-029E50227556->355864cd-7ac5-4934-b366-9756b15dd90f: receive RaftClientReply:client-029E50227556->355864cd-7ac5-4934-b366-9756b15dd90f@group-785BCF25C267, cid=2382, SUCCESS, logIndex=3535, commits[355864cd-7ac5-4934-b366-9756b15dd90f:c3535, ce4aa411-63c8-4399-99eb-27ce352844f3:c3533, 3eeffb0a-787e-48ec-a2f5-d0c540a89489:c3533]
2019-08-21 15:29:54,805 | INFO  | DNAudit | user=null | ip=null | op=WRITE_CHUNK {blockData=conID: 1 locID: 102655681804960325 bcsId: 3531} | ret=SUCCESS |  
2019-08-21 15:29:54,805 | INFO  | DNAudit | user=null | ip=null | op=WRITE_CHUNK {blockData=conID: 1 locID: 102655681804960325 bcsId: 3531} | ret=SUCCESS |  
2019-08-21 15:29:54,806 | INFO  | DNAudit | user=null | ip=null | op=PUT_BLOCK {blockData=[blockId=conID: 1 locID: 102655681804960325 bcsId: 0,size=4194304]} | ret=SUCCESS |  
2019-08-21 15:29:54,806 | INFO  | DNAudit | user=null | ip=null | op=PUT_BLOCK {blockData=[blockId=conID: 1 locID: 102655681804960325 bcsId: 0,size=4194304]} | ret=SUCCESS |  
2019-08-21 15:29:54,806 [grpc-default-executor-2] INFO  client.GrpcClientProtocolClient (GrpcClientProtocolClient.java:onNext(255)) - client-029E50227556->355864cd-7ac5-4934-b366-9756b15dd90f: receive RaftClientReply:client-029E50227556->355864cd-7ac5-4934-b366-9756b15dd90f@group-785BCF25C267, cid=2383, SUCCESS, logIndex=0, commits[355864cd-7ac5-4934-b366-9756b15dd90f:c3537, ce4aa411-63c8-4399-99eb-27ce352844f3:c3535, 3eeffb0a-787e-48ec-a2f5-d0c540a89489:c3535]
2019-08-21 15:29:54,810 | INFO  | SCMAudit | user=jenkins1000 | ip=192.168.5.153 | op=ALLOCATE_BLOCK {owner=78849ec2-2b05-45d8-8cb5-e95e2230dbd1, size=4194304, type=RATIS, factor=THREE} | ret=SUCCESS |  
2019-08-21 15:29:54,813 | INFO  | OMAudit | user=jenkins1000 | ip=127.0.0.1 | op=ALLOCATE_BLOCK {volume=vol-0-32358, bucket=bucket-0-01949, key=key-0-56547, dataSize=0, replicationType=null, replicationFactor=null, keyLocationInfo=null, clientID=102655680532119954} | ret=SUCCESS |  
2019-08-21 15:29:54,819 | INFO  | DNAudit | user=null | ip=null | op=WRITE_CHUNK {blockData=conID: 2 locID: 102655681810268742 bcsId: 0} | ret=SUCCESS |  
2019-08-21 15:29:54,820 | INFO  | DNAudit | user=null | ip=null | op=WRITE_CHUNK {blockData=conID: 2 locID: 102655681810268742 bcsId: 0} | ret=SUCCESS |  
2019-08-21 15:29:54,821 | INFO  | DNAudit | user=null | ip=null | op=WRITE_CHUNK {blockData=conID: 2 locID: 102655681810268742 bcsId: 0} | ret=SUCCESS |  
2019-08-21 15:29:54,821 | INFO  | DNAudit | user=null | ip=null | op=WRITE_CHUNK {blockData=conID: 2 locID: 102655681810268742 bcsId: 0} | ret=SUCCESS |  
2019-08-21 15:29:54,821 | INFO  | DNAudit | user=null | ip=null | op=WRITE_CHUNK {blockData=conID: 2 locID: 102655681810268742 bcsId: 0} | ret=SUCCESS |  
2019-08-21 15:29:54,822 | INFO  | DNAudit | user=null | ip=null | op=WRITE_CHUNK {blockData=conID: 2 locID: 102655681810268742 bcsId: 0} | ret=SUCCESS |  
2019-08-21 15:29:54,833 | INFO  | DNAudit | user=null | ip=null | op=WRITE_CHUNK {blockData=conID: 2 locID: 102655681810268742 bcsId: 0} | ret=SUCCESS |  
2019-08-21 15:29:54,833 | INFO  | DNAudit | user=null | ip=null | op=PUT_BLOCK {blockData=[blockId=conID: 2 locID: 102655681810268742 bcsId: 0,size=1048576]} | ret=SUCCESS |  
2019-08-21 15:29:54,833 | INFO  | DNAudit | user=null | ip=null | op=WRITE_CHUNK {blockData=conID: 2 locID: 102655681810268742 bcsId: 0} | ret=SUCCESS |  
2019-08-21 15:29:54,833 [grpc-default-executor-2] INFO  client.GrpcClientProtocolClient (GrpcClientProtocolClient.java:onNext(255)) - client-029E50227556->355864cd-7ac5-4934-b366-9756b15dd90f: receive RaftClientReply:client-029E50227556->355864cd-7ac5-4934-b366-9756b15dd90f@group-785BCF25C267, cid=2384, SUCCESS, logIndex=3538, commits[355864cd-7ac5-4934-b366-9756b15dd90f:c3540, ce4aa411-63c8-4399-99eb-27ce352844f3:c3537, 3eeffb0a-787e-48ec-a2f5-d0c540a89489:c3537]
2019-08-21 15:29:54,834 | INFO  | DNAudit | user=null | ip=null | op=PUT_BLOCK {blockData=[blockId=conID: 2 locID: 102655681810268742 bcsId: 0,size=2097152]} | ret=SUCCESS |  
2019-08-21 15:29:54,834 [grpc-default-executor-2] INFO  client.GrpcClientProtocolClient (GrpcClientProtocolClient.java:onNext(255)) - client-029E50227556->355864cd-7ac5-4934-b366-9756b15dd90f: receive RaftClientReply:client-029E50227556->355864cd-7ac5-4934-b366-9756b15dd90f@group-785BCF25C267, cid=2385, SUCCESS, logIndex=3539, commits[355864cd-7ac5-4934-b366-9756b15dd90f:c3541, ce4aa411-63c8-4399-99eb-27ce352844f3:c3537, 3eeffb0a-787e-48ec-a2f5-d0c540a89489:c3537]
2019-08-21 15:29:54,834 [grpc-default-executor-2] INFO  client.GrpcClientProtocolClient (GrpcClientProtocolClient.java:onNext(255)) - client-029E50227556->355864cd-7ac5-4934-b366-9756b15dd90f: receive RaftClientReply:client-029E50227556->355864cd-7ac5-4934-b366-9756b15dd90f@group-785BCF25C267, cid=2386, SUCCESS, logIndex=3540, commits[355864cd-7ac5-4934-b366-9756b15dd90f:c3541, ce4aa411-63c8-4399-99eb-27ce352844f3:c3537, 3eeffb0a-787e-48ec-a2f5-d0c540a89489:c3537]
2019-08-21 15:29:54,834 [grpc-default-executor-2] INFO  client.GrpcClientProtocolClient (GrpcClientProtocolClient.java:onNext(255)) - client-029E50227556->355864cd-7ac5-4934-b366-9756b15dd90f: receive RaftClientReply:client-029E50227556->355864cd-7ac5-4934-b366-9756b15dd90f@group-785BCF25C267, cid=2387, SUCCESS, logIndex=3541, commits[355864cd-7ac5-4934-b366-9756b15dd90f:c3541, ce4aa411-63c8-4399-99eb-27ce352844f3:c3537, 3eeffb0a-787e-48ec-a2f5-d0c540a89489:c3537]
2019-08-21 15:29:54,844 | INFO  | DNAudit | user=null | ip=null | op=WRITE_CHUNK {blockData=conID: 2 locID: 102655681810268742 bcsId: 0} | ret=SUCCESS |  
2019-08-21 15:29:54,844 | INFO  | DNAudit | user=null | ip=null | op=WRITE_CHUNK {blockData=conID: 2 locID: 102655681810268742 bcsId: 0} | ret=SUCCESS |  
2019-08-21 15:29:54,844 | INFO  | DNAudit | user=null | ip=null | op=PUT_BLOCK {blockData=[blockId=conID: 2 locID: 102655681810268742 bcsId: 0,size=1048576]} | ret=SUCCESS |  
2019-08-21 15:29:54,845 | INFO  | DNAudit | user=null | ip=null | op=PUT_BLOCK {blockData=[blockId=conID: 2 locID: 102655681810268742 bcsId: 0,size=1048576]} | ret=SUCCESS |  
2019-08-21 15:29:54,845 [grpc-default-executor-2] INFO  client.GrpcClientProtocolClient (GrpcClientProtocolClient.java:onNext(255)) - client-029E50227556->355864cd-7ac5-4934-b366-9756b15dd90f: receive RaftClientReply:client-029E50227556->355864cd-7ac5-4934-b366-9756b15dd90f@group-785BCF25C267, cid=2388, SUCCESS, logIndex=0, commits[355864cd-7ac5-4934-b366-9756b15dd90f:c3542, ce4aa411-63c8-4399-99eb-27ce352844f3:c3539, 3eeffb0a-787e-48ec-a2f5-d0c540a89489:c3539]
2019-08-21 15:29:54,845 | INFO  | DNAudit | user=null | ip=null | op=WRITE_CHUNK {blockData=conID: 2 locID: 102655681810268742 bcsId: 0} | ret=SUCCESS |  
2019-08-21 15:29:54,846 | INFO  | DNAudit | user=null | ip=null | op=WRITE_CHUNK {blockData=conID: 2 locID: 102655681810268742 bcsId: 0} | ret=SUCCESS |  
2019-08-21 15:29:54,846 | INFO  | DNAudit | user=null | ip=null | op=PUT_BLOCK {blockData=[blockId=conID: 2 locID: 102655681810268742 bcsId: 0,size=2097152]} | ret=SUCCESS |  
2019-08-21 15:29:54,850 | INFO  | DNAudit | user=null | ip=null | op=PUT_BLOCK {blockData=[blockId=conID: 2 locID: 102655681810268742 bcsId: 0,size=2097152]} | ret=SUCCESS |  
2019-08-21 15:29:54,850 | INFO  | DNAudit | user=null | ip=null | op=WRITE_CHUNK {blockData=conID: 2 locID: 102655681810268742 bcsId: 3541} | ret=SUCCESS |  
2019-08-21 15:29:54,852 | INFO  | DNAudit | user=null | ip=null | op=WRITE_CHUNK {blockData=conID: 2 locID: 102655681810268742 bcsId: 3541} | ret=SUCCESS |  
2019-08-21 15:29:54,853 | INFO  | DNAudit | user=null | ip=null | op=WRITE_CHUNK {blockData=conID: 2 locID: 102655681810268742 bcsId: 3541} | ret=SUCCESS |  
2019-08-21 15:29:54,863 | INFO  | DNAudit | user=null | ip=null | op=WRITE_CHUNK {blockData=conID: 2 locID: 102655681810268742 bcsId: 3541} | ret=SUCCESS |  
2019-08-21 15:29:54,863 | INFO  | DNAudit | user=null | ip=null | op=PUT_BLOCK {blockData=[blockId=conID: 2 locID: 102655681810268742 bcsId: 0,size=3145728]} | ret=SUCCESS |  
2019-08-21 15:29:54,863 [grpc-default-executor-3] INFO  client.GrpcClientProtocolClient (GrpcClientProtocolClient.java:onNext(255)) - client-029E50227556->355864cd-7ac5-4934-b366-9756b15dd90f: receive RaftClientReply:client-029E50227556->355864cd-7ac5-4934-b366-9756b15dd90f@group-785BCF25C267, cid=2389, SUCCESS, logIndex=3546, commits[355864cd-7ac5-4934-b366-9756b15dd90f:c3547, ce4aa411-63c8-4399-99eb-27ce352844f3:c3545, 3eeffb0a-787e-48ec-a2f5-d0c540a89489:c3545]
2019-08-21 15:29:54,864 [grpc-default-executor-3] INFO  client.GrpcClientProtocolClient (GrpcClientProtocolClient.java:onNext(255)) - client-029E50227556->355864cd-7ac5-4934-b366-9756b15dd90f: receive RaftClientReply:client-029E50227556->355864cd-7ac5-4934-b366-9756b15dd90f@group-785BCF25C267, cid=2390, SUCCESS, logIndex=3547, commits[355864cd-7ac5-4934-b366-9756b15dd90f:c3547, ce4aa411-63c8-4399-99eb-27ce352844f3:c3545, 3eeffb0a-787e-48ec-a2f5-d0c540a89489:c3545]
2019-08-21 15:29:54,868 | INFO  | DNAudit | user=null | ip=null | op=WRITE_CHUNK {blockData=conID: 2 locID: 102655681810268742 bcsId: 3547} | ret=SUCCESS |  
2019-08-21 15:29:54,870 | INFO  | DNAudit | user=null | ip=null | op=WRITE_CHUNK {blockData=conID: 2 locID: 102655681810268742 bcsId: 3547} | ret=SUCCESS |  
2019-08-21 15:29:54,870 | INFO  | DNAudit | user=null | ip=null | op=WRITE_CHUNK {blockData=conID: 2 locID: 102655681810268742 bcsId: 3547} | ret=SUCCESS |  
2019-08-21 15:29:54,875 | INFO  | DNAudit | user=null | ip=null | op=WRITE_CHUNK {blockData=conID: 2 locID: 102655681810268742 bcsId: 3541} | ret=SUCCESS |  
2019-08-21 15:29:54,875 | INFO  | DNAudit | user=null | ip=null | op=WRITE_CHUNK {blockData=conID: 2 locID: 102655681810268742 bcsId: 3541} | ret=SUCCESS |  
2019-08-21 15:29:54,875 | INFO  | DNAudit | user=null | ip=null | op=PUT_BLOCK {blockData=[blockId=conID: 2 locID: 102655681810268742 bcsId: 0,size=3145728]} | ret=SUCCESS |  
2019-08-21 15:29:54,875 | INFO  | DNAudit | user=null | ip=null | op=PUT_BLOCK {blockData=[blockId=conID: 2 locID: 102655681810268742 bcsId: 0,size=3145728]} | ret=SUCCESS |  
2019-08-21 15:29:54,876 | INFO  | DNAudit | user=null | ip=null | op=WRITE_CHUNK {blockData=conID: 2 locID: 102655681810268742 bcsId: 3547} | ret=SUCCESS |  
2019-08-21 15:29:54,876 | INFO  | DNAudit | user=null | ip=null | op=PUT_BLOCK {blockData=[blockId=conID: 2 locID: 102655681810268742 bcsId: 0,size=4194304]} | ret=SUCCESS |  
2019-08-21 15:29:54,877 [grpc-default-executor-2] INFO  client.GrpcClientProtocolClient (GrpcClientProtocolClient.java:onNext(255)) - client-029E50227556->355864cd-7ac5-4934-b366-9756b15dd90f: receive RaftClientReply:client-029E50227556->355864cd-7ac5-4934-b366-9756b15dd90f@group-785BCF25C267, cid=2391, SUCCESS, logIndex=3550, commits[355864cd-7ac5-4934-b366-9756b15dd90f:c3551, ce4aa411-63c8-4399-99eb-27ce352844f3:c3547, 3eeffb0a-787e-48ec-a2f5-d0c540a89489:c3547]
2019-08-21 15:29:54,877 [grpc-default-executor-2] INFO  client.GrpcClientProtocolClient (GrpcClientProtocolClient.java:onNext(255)) - client-029E50227556->355864cd-7ac5-4934-b366-9756b15dd90f: receive RaftClientReply:client-029E50227556->355864cd-7ac5-4934-b366-9756b15dd90f@group-785BCF25C267, cid=2392, SUCCESS, logIndex=3551, commits[355864cd-7ac5-4934-b366-9756b15dd90f:c3551, ce4aa411-63c8-4399-99eb-27ce352844f3:c3547, 3eeffb0a-787e-48ec-a2f5-d0c540a89489:c3547]
2019-08-21 15:29:54,888 | INFO  | DNAudit | user=null | ip=null | op=WRITE_CHUNK {blockData=conID: 2 locID: 102655681810268742 bcsId: 3547} | ret=SUCCESS |  
2019-08-21 15:29:54,888 | INFO  | DNAudit | user=null | ip=null | op=WRITE_CHUNK {blockData=conID: 2 locID: 102655681810268742 bcsId: 3547} | ret=SUCCESS |  
2019-08-21 15:29:54,888 | INFO  | DNAudit | user=null | ip=null | op=PUT_BLOCK {blockData=[blockId=conID: 2 locID: 102655681810268742 bcsId: 0,size=4194304]} | ret=SUCCESS |  
2019-08-21 15:29:54,888 | INFO  | DNAudit | user=null | ip=null | op=PUT_BLOCK {blockData=[blockId=conID: 2 locID: 102655681810268742 bcsId: 0,size=4194304]} | ret=SUCCESS |  
2019-08-21 15:29:54,888 [grpc-default-executor-2] INFO  client.GrpcClientProtocolClient (GrpcClientProtocolClient.java:onNext(255)) - client-029E50227556->355864cd-7ac5-4934-b366-9756b15dd90f: receive RaftClientReply:client-029E50227556->355864cd-7ac5-4934-b366-9756b15dd90f@group-785BCF25C267, cid=2393, SUCCESS, logIndex=0, commits[355864cd-7ac5-4934-b366-9756b15dd90f:c3552, ce4aa411-63c8-4399-99eb-27ce352844f3:c3551, 3eeffb0a-787e-48ec-a2f5-d0c540a89489:c3551]
2019-08-21 15:29:54,892 | INFO  | SCMAudit | user=jenkins1000 | ip=192.168.5.153 | op=ALLOCATE_BLOCK {owner=78849ec2-2b05-45d8-8cb5-e95e2230dbd1, size=4194304, type=RATIS, factor=THREE} | ret=SUCCESS |  
2019-08-21 15:29:54,894 | INFO  | OMAudit | user=jenkins1000 | ip=127.0.0.1 | op=ALLOCATE_BLOCK {volume=vol-0-32358, bucket=bucket-0-01949, key=key-0-56547, dataSize=0, replicationType=null, replicationFactor=null, keyLocationInfo=null, clientID=102655680532119954} | ret=SUCCESS |  
2019-08-21 15:29:54,899 | INFO  | DNAudit | user=null | ip=null | op=WRITE_CHUNK {blockData=conID: 3 locID: 102655681815642695 bcsId: 0} | ret=SUCCESS |  
2019-08-21 15:29:54,901 | INFO  | DNAudit | user=null | ip=null | op=WRITE_CHUNK {blockData=conID: 3 locID: 102655681815642695 bcsId: 0} | ret=SUCCESS |  
2019-08-21 15:29:54,901 | INFO  | DNAudit | user=null | ip=null | op=WRITE_CHUNK {blockData=conID: 3 locID: 102655681815642695 bcsId: 0} | ret=SUCCESS |  
2019-08-21 15:29:54,901 | INFO  | DNAudit | user=null | ip=null | op=WRITE_CHUNK {blockData=conID: 3 locID: 102655681815642695 bcsId: 0} | ret=SUCCESS |  
2019-08-21 15:29:54,902 | INFO  | DNAudit | user=null | ip=null | op=WRITE_CHUNK {blockData=conID: 3 locID: 102655681815642695 bcsId: 0} | ret=SUCCESS |  
2019-08-21 15:29:54,903 | INFO  | DNAudit | user=null | ip=null | op=WRITE_CHUNK {blockData=conID: 3 locID: 102655681815642695 bcsId: 0} | ret=SUCCESS |  
2019-08-21 15:29:54,910 | INFO  | DNAudit | user=null | ip=null | op=WRITE_CHUNK {blockData=conID: 3 locID: 102655681815642695 bcsId: 0} | ret=SUCCESS |  
2019-08-21 15:29:54,910 | INFO  | DNAudit | user=null | ip=null | op=PUT_BLOCK {blockData=[blockId=conID: 3 locID: 102655681815642695 bcsId: 0,size=1048576]} | ret=SUCCESS |  
2019-08-21 15:29:54,910 [grpc-default-executor-2] INFO  client.GrpcClientProtocolClient (GrpcClientProtocolClient.java:onNext(255)) - client-029E50227556->355864cd-7ac5-4934-b366-9756b15dd90f: receive RaftClientReply:client-029E50227556->355864cd-7ac5-4934-b366-9756b15dd90f@group-785BCF25C267, cid=2394, SUCCESS, logIndex=3554, commits[355864cd-7ac5-4934-b366-9756b15dd90f:c3555, ce4aa411-63c8-4399-99eb-27ce352844f3:c3553, 3eeffb0a-787e-48ec-a2f5-d0c540a89489:c3553]
2019-08-21 15:29:54,911 | INFO  | DNAudit | user=null | ip=null | op=WRITE_CHUNK {blockData=conID: 3 locID: 102655681815642695 bcsId: 0} | ret=SUCCESS |  
2019-08-21 15:29:54,911 | INFO  | DNAudit | user=null | ip=null | op=PUT_BLOCK {blockData=[blockId=conID: 3 locID: 102655681815642695 bcsId: 0,size=2097152]} | ret=SUCCESS |  
2019-08-21 15:29:54,911 [grpc-default-executor-2] INFO  client.GrpcClientProtocolClient (GrpcClientProtocolClient.java:onNext(255)) - client-029E50227556->355864cd-7ac5-4934-b366-9756b15dd90f: receive RaftClientReply:client-029E50227556->355864cd-7ac5-4934-b366-9756b15dd90f@group-785BCF25C267, cid=2395, SUCCESS, logIndex=3555, commits[355864cd-7ac5-4934-b366-9756b15dd90f:c3557, ce4aa411-63c8-4399-99eb-27ce352844f3:c3553, 3eeffb0a-787e-48ec-a2f5-d0c540a89489:c3553]
2019-08-21 15:29:54,911 | INFO  | DNAudit | user=null | ip=null | op=WRITE_CHUNK {blockData=conID: 3 locID: 102655681815642695 bcsId: 0} | ret=SUCCESS |  
2019-08-21 15:29:54,911 [grpc-default-executor-3] INFO  client.GrpcClientProtocolClient (GrpcClientProtocolClient.java:onNext(255)) - client-029E50227556->355864cd-7ac5-4934-b366-9756b15dd90f: receive RaftClientReply:client-029E50227556->355864cd-7ac5-4934-b366-9756b15dd90f@group-785BCF25C267, cid=2396, SUCCESS, logIndex=3556, commits[355864cd-7ac5-4934-b366-9756b15dd90f:c3557, ce4aa411-63c8-4399-99eb-27ce352844f3:c3553, 3eeffb0a-787e-48ec-a2f5-d0c540a89489:c3553]
2019-08-21 15:29:54,911 | INFO  | DNAudit | user=null | ip=null | op=WRITE_CHUNK {blockData=conID: 3 locID: 102655681815642695 bcsId: 0} | ret=SUCCESS |  
2019-08-21 15:29:54,911 [grpc-default-executor-2] INFO  client.GrpcClientProtocolClient (GrpcClientProtocolClient.java:onNext(255)) - client-029E50227556->355864cd-7ac5-4934-b366-9756b15dd90f: receive RaftClientReply:client-029E50227556->355864cd-7ac5-4934-b366-9756b15dd90f@group-785BCF25C267, cid=2397, SUCCESS, logIndex=3557, commits[355864cd-7ac5-4934-b366-9756b15dd90f:c3557, ce4aa411-63c8-4399-99eb-27ce352844f3:c3553, 3eeffb0a-787e-48ec-a2f5-d0c540a89489:c3553]
2019-08-21 15:29:54,912 | INFO  | DNAudit | user=null | ip=null | op=PUT_BLOCK {blockData=[blockId=conID: 3 locID: 102655681815642695 bcsId: 0,size=1048576]} | ret=SUCCESS |  
2019-08-21 15:29:54,913 | INFO  | DNAudit | user=null | ip=null | op=PUT_BLOCK {blockData=[blockId=conID: 3 locID: 102655681815642695 bcsId: 0,size=1048576]} | ret=SUCCESS |  
2019-08-21 15:29:54,913 | INFO  | DNAudit | user=null | ip=null | op=WRITE_CHUNK {blockData=conID: 3 locID: 102655681815642695 bcsId: 0} | ret=SUCCESS |  
2019-08-21 15:29:54,913 | INFO  | DNAudit | user=null | ip=null | op=WRITE_CHUNK {blockData=conID: 3 locID: 102655681815642695 bcsId: 0} | ret=SUCCESS |  
2019-08-21 15:29:54,913 | INFO  | DNAudit | user=null | ip=null | op=PUT_BLOCK {blockData=[blockId=conID: 3 locID: 102655681815642695 bcsId: 0,size=2097152]} | ret=SUCCESS |  
2019-08-21 15:29:54,913 [grpc-default-executor-2] INFO  client.GrpcClientProtocolClient (GrpcClientProtocolClient.java:onNext(255)) - client-029E50227556->355864cd-7ac5-4934-b366-9756b15dd90f: receive RaftClientReply:client-029E50227556->355864cd-7ac5-4934-b366-9756b15dd90f@group-785BCF25C267, cid=2398, SUCCESS, logIndex=0, commits[355864cd-7ac5-4934-b366-9756b15dd90f:c3559, ce4aa411-63c8-4399-99eb-27ce352844f3:c3555, 3eeffb0a-787e-48ec-a2f5-d0c540a89489:c3555]
2019-08-21 15:29:54,913 | INFO  | DNAudit | user=null | ip=null | op=PUT_BLOCK {blockData=[blockId=conID: 3 locID: 102655681815642695 bcsId: 0,size=2097152]} | ret=SUCCESS |  
2019-08-21 15:29:54,918 | INFO  | DNAudit | user=null | ip=null | op=WRITE_CHUNK {blockData=conID: 3 locID: 102655681815642695 bcsId: 3557} | ret=SUCCESS |  
2019-08-21 15:29:54,920 | INFO  | DNAudit | user=null | ip=null | op=WRITE_CHUNK {blockData=conID: 3 locID: 102655681815642695 bcsId: 3557} | ret=SUCCESS |  
2019-08-21 15:29:54,920 | INFO  | DNAudit | user=null | ip=null | op=WRITE_CHUNK {blockData=conID: 3 locID: 102655681815642695 bcsId: 3557} | ret=SUCCESS |  
2019-08-21 15:29:54,941 | INFO  | DNAudit | user=null | ip=null | op=WRITE_CHUNK {blockData=conID: 3 locID: 102655681815642695 bcsId: 3557} | ret=SUCCESS |  
2019-08-21 15:29:54,942 | INFO  | DNAudit | user=null | ip=null | op=PUT_BLOCK {blockData=[blockId=conID: 3 locID: 102655681815642695 bcsId: 0,size=3145728]} | ret=SUCCESS |  
2019-08-21 15:29:54,942 [grpc-default-executor-0] INFO  client.GrpcClientProtocolClient (GrpcClientProtocolClient.java:onNext(255)) - client-029E50227556->355864cd-7ac5-4934-b366-9756b15dd90f: receive RaftClientReply:client-029E50227556->355864cd-7ac5-4934-b366-9756b15dd90f@group-785BCF25C267, cid=2399, SUCCESS, logIndex=3562, commits[355864cd-7ac5-4934-b366-9756b15dd90f:c3563, ce4aa411-63c8-4399-99eb-27ce352844f3:c3561, 3eeffb0a-787e-48ec-a2f5-d0c540a89489:c3557]
2019-08-21 15:29:54,942 [grpc-default-executor-0] INFO  client.GrpcClientProtocolClient (GrpcClientProtocolClient.java:onNext(255)) - client-029E50227556->355864cd-7ac5-4934-b366-9756b15dd90f: receive RaftClientReply:client-029E50227556->355864cd-7ac5-4934-b366-9756b15dd90f@group-785BCF25C267, cid=2400, SUCCESS, logIndex=3563, commits[355864cd-7ac5-4934-b366-9756b15dd90f:c3563, ce4aa411-63c8-4399-99eb-27ce352844f3:c3561, 3eeffb0a-787e-48ec-a2f5-d0c540a89489:c3561]
2019-08-21 15:29:54,943 | INFO  | DNAudit | user=null | ip=null | op=WRITE_CHUNK {blockData=conID: 3 locID: 102655681815642695 bcsId: 3557} | ret=SUCCESS |  
2019-08-21 15:29:54,943 | INFO  | DNAudit | user=null | ip=null | op=WRITE_CHUNK {blockData=conID: 3 locID: 102655681815642695 bcsId: 3557} | ret=SUCCESS |  
2019-08-21 15:29:54,943 | INFO  | DNAudit | user=null | ip=null | op=PUT_BLOCK {blockData=[blockId=conID: 3 locID: 102655681815642695 bcsId: 0,size=3145728]} | ret=SUCCESS |  
2019-08-21 15:29:54,943 | INFO  | DNAudit | user=null | ip=null | op=PUT_BLOCK {blockData=[blockId=conID: 3 locID: 102655681815642695 bcsId: 0,size=3145728]} | ret=SUCCESS |  
2019-08-21 15:29:54,947 | INFO  | DNAudit | user=null | ip=null | op=WRITE_CHUNK {blockData=conID: 3 locID: 102655681815642695 bcsId: 3563} | ret=SUCCESS |  
2019-08-21 15:29:54,948 | INFO  | DNAudit | user=null | ip=null | op=WRITE_CHUNK {blockData=conID: 3 locID: 102655681815642695 bcsId: 3563} | ret=SUCCESS |  
2019-08-21 15:29:54,948 | INFO  | DNAudit | user=null | ip=null | op=WRITE_CHUNK {blockData=conID: 3 locID: 102655681815642695 bcsId: 3563} | ret=SUCCESS |  
2019-08-21 15:29:54,959 | INFO  | DNAudit | user=null | ip=null | op=WRITE_CHUNK {blockData=conID: 3 locID: 102655681815642695 bcsId: 3563} | ret=SUCCESS |  
2019-08-21 15:29:54,959 | INFO  | DNAudit | user=null | ip=null | op=PUT_BLOCK {blockData=[blockId=conID: 3 locID: 102655681815642695 bcsId: 0,size=4194304]} | ret=SUCCESS |  
2019-08-21 15:29:54,959 [grpc-default-executor-0] INFO  client.GrpcClientProtocolClient (GrpcClientProtocolClient.java:onNext(255)) - client-029E50227556->355864cd-7ac5-4934-b366-9756b15dd90f: receive RaftClientReply:client-029E50227556->355864cd-7ac5-4934-b366-9756b15dd90f@group-785BCF25C267, cid=2401, SUCCESS, logIndex=3565, commits[355864cd-7ac5-4934-b366-9756b15dd90f:c3566, ce4aa411-63c8-4399-99eb-27ce352844f3:c3564, 3eeffb0a-787e-48ec-a2f5-d0c540a89489:c3564]
2019-08-21 15:29:54,960 [grpc-default-executor-0] INFO  client.GrpcClientProtocolClient (GrpcClientProtocolClient.java:onNext(255)) - client-029E50227556->355864cd-7ac5-4934-b366-9756b15dd90f: receive RaftClientReply:client-029E50227556->355864cd-7ac5-4934-b366-9756b15dd90f@group-785BCF25C267, cid=2402, SUCCESS, logIndex=3566, commits[355864cd-7ac5-4934-b366-9756b15dd90f:c3566, ce4aa411-63c8-4399-99eb-27ce352844f3:c3564, 3eeffb0a-787e-48ec-a2f5-d0c540a89489:c3564]
2019-08-21 15:29:54,970 | INFO  | DNAudit | user=null | ip=null | op=WRITE_CHUNK {blockData=conID: 3 locID: 102655681815642695 bcsId: 3563} | ret=SUCCESS |  
2019-08-21 15:29:54,970 | INFO  | DNAudit | user=null | ip=null | op=WRITE_CHUNK {blockData=conID: 3 locID: 102655681815642695 bcsId: 3563} | ret=SUCCESS |  
2019-08-21 15:29:54,970 | INFO  | DNAudit | user=null | ip=null | op=PUT_BLOCK {blockData=[blockId=conID: 3 locID: 102655681815642695 bcsId: 0,size=4194304]} | ret=SUCCESS |  
2019-08-21 15:29:54,970 | INFO  | DNAudit | user=null | ip=null | op=PUT_BLOCK {blockData=[blockId=conID: 3 locID: 102655681815642695 bcsId: 0,size=4194304]} | ret=SUCCESS |  
2019-08-21 15:29:54,970 [grpc-default-executor-0] INFO  client.GrpcClientProtocolClient (GrpcClientProtocolClient.java:onNext(255)) - client-029E50227556->355864cd-7ac5-4934-b366-9756b15dd90f: receive RaftClientReply:client-029E50227556->355864cd-7ac5-4934-b366-9756b15dd90f@group-785BCF25C267, cid=2403, SUCCESS, logIndex=0, commits[355864cd-7ac5-4934-b366-9756b15dd90f:c3567, ce4aa411-63c8-4399-99eb-27ce352844f3:c3566, 3eeffb0a-787e-48ec-a2f5-d0c540a89489:c3566]
2019-08-21 15:29:54,976 | INFO  | SCMAudit | user=jenkins1000 | ip=192.168.5.153 | op=ALLOCATE_BLOCK {owner=78849ec2-2b05-45d8-8cb5-e95e2230dbd1, size=4194304, type=RATIS, factor=THREE} | ret=SUCCESS |  
2019-08-21 15:29:54,980 | INFO  | OMAudit | user=jenkins1000 | ip=127.0.0.1 | op=ALLOCATE_BLOCK {volume=vol-0-32358, bucket=bucket-0-01949, key=key-0-56547, dataSize=0, replicationType=null, replicationFactor=null, keyLocationInfo=null, clientID=102655680532119954} | ret=SUCCESS |  
2019-08-21 15:29:54,984 | INFO  | DNAudit | user=null | ip=null | op=WRITE_CHUNK {blockData=conID: 1 locID: 102655681821147720 bcsId: 0} | ret=SUCCESS |  
2019-08-21 15:29:54,986 | INFO  | DNAudit | user=null | ip=null | op=WRITE_CHUNK {blockData=conID: 1 locID: 102655681821147720 bcsId: 0} | ret=SUCCESS |  
2019-08-21 15:29:54,987 | INFO  | DNAudit | user=null | ip=null | op=WRITE_CHUNK {blockData=conID: 1 locID: 102655681821147720 bcsId: 0} | ret=SUCCESS |  
2019-08-21 15:29:54,987 | INFO  | DNAudit | user=null | ip=null | op=WRITE_CHUNK {blockData=conID: 1 locID: 102655681821147720 bcsId: 0} | ret=SUCCESS |  
2019-08-21 15:29:54,988 | INFO  | DNAudit | user=null | ip=null | op=WRITE_CHUNK {blockData=conID: 1 locID: 102655681821147720 bcsId: 0} | ret=SUCCESS |  
2019-08-21 15:29:54,988 | INFO  | DNAudit | user=null | ip=null | op=WRITE_CHUNK {blockData=conID: 1 locID: 102655681821147720 bcsId: 0} | ret=SUCCESS |  
2019-08-21 15:29:54,996 | INFO  | DNAudit | user=null | ip=null | op=WRITE_CHUNK {blockData=conID: 1 locID: 102655681821147720 bcsId: 0} | ret=SUCCESS |  
2019-08-21 15:29:54,997 | INFO  | DNAudit | user=null | ip=null | op=PUT_BLOCK {blockData=[blockId=conID: 1 locID: 102655681821147720 bcsId: 0,size=1048576]} | ret=SUCCESS |  
2019-08-21 15:29:54,997 [grpc-default-executor-2] INFO  client.GrpcClientProtocolClient (GrpcClientProtocolClient.java:onNext(255)) - client-029E50227556->355864cd-7ac5-4934-b366-9756b15dd90f: receive RaftClientReply:client-029E50227556->355864cd-7ac5-4934-b366-9756b15dd90f@group-785BCF25C267, cid=2404, SUCCESS, logIndex=3569, commits[355864cd-7ac5-4934-b366-9756b15dd90f:c3570, ce4aa411-63c8-4399-99eb-27ce352844f3:c3568, 3eeffb0a-787e-48ec-a2f5-d0c540a89489:c3568]
2019-08-21 15:29:54,997 | INFO  | DNAudit | user=null | ip=null | op=WRITE_CHUNK {blockData=conID: 1 locID: 102655681821147720 bcsId: 0} | ret=SUCCESS |  
2019-08-21 15:29:54,997 [grpc-default-executor-2] INFO  client.GrpcClientProtocolClient (GrpcClientProtocolClient.java:onNext(255)) - client-029E50227556->355864cd-7ac5-4934-b366-9756b15dd90f: receive RaftClientReply:client-029E50227556->355864cd-7ac5-4934-b366-9756b15dd90f@group-785BCF25C267, cid=2405, SUCCESS, logIndex=3570, commits[355864cd-7ac5-4934-b366-9756b15dd90f:c3570, ce4aa411-63c8-4399-99eb-27ce352844f3:c3568, 3eeffb0a-787e-48ec-a2f5-d0c540a89489:c3568]
2019-08-21 15:29:54,998 | INFO  | DNAudit | user=null | ip=null | op=PUT_BLOCK {blockData=[blockId=conID: 1 locID: 102655681821147720 bcsId: 0,size=2097152]} | ret=SUCCESS |  
2019-08-21 15:29:54,998 [grpc-default-executor-2] INFO  client.GrpcClientProtocolClient (GrpcClientProtocolClient.java:onNext(255)) - client-029E50227556->355864cd-7ac5-4934-b366-9756b15dd90f: receive RaftClientReply:client-029E50227556->355864cd-7ac5-4934-b366-9756b15dd90f@group-785BCF25C267, cid=2406, SUCCESS, logIndex=3571, commits[355864cd-7ac5-4934-b366-9756b15dd90f:c3571, ce4aa411-63c8-4399-99eb-27ce352844f3:c3568, 3eeffb0a-787e-48ec-a2f5-d0c540a89489:c3568]
2019-08-21 15:29:54,998 [grpc-default-executor-2] INFO  client.GrpcClientProtocolClient (GrpcClientProtocolClient.java:onNext(255)) - client-029E50227556->355864cd-7ac5-4934-b366-9756b15dd90f: receive RaftClientReply:client-029E50227556->355864cd-7ac5-4934-b366-9756b15dd90f@group-785BCF25C267, cid=2407, SUCCESS, logIndex=3572, commits[355864cd-7ac5-4934-b366-9756b15dd90f:c3572, ce4aa411-63c8-4399-99eb-27ce352844f3:c3568, 3eeffb0a-787e-48ec-a2f5-d0c540a89489:c3568]
2019-08-21 15:29:54,999 | INFO  | DNAudit | user=null | ip=null | op=WRITE_CHUNK {blockData=conID: 1 locID: 102655681821147720 bcsId: 0} | ret=SUCCESS |  
2019-08-21 15:29:54,999 | INFO  | DNAudit | user=null | ip=null | op=WRITE_CHUNK {blockData=conID: 1 locID: 102655681821147720 bcsId: 0} | ret=SUCCESS |  
2019-08-21 15:29:54,999 | INFO  | DNAudit | user=null | ip=null | op=PUT_BLOCK {blockData=[blockId=conID: 1 locID: 102655681821147720 bcsId: 0,size=1048576]} | ret=SUCCESS |  
2019-08-21 15:29:54,999 | INFO  | DNAudit | user=null | ip=null | op=PUT_BLOCK {blockData=[blockId=conID: 1 locID: 102655681821147720 bcsId: 0,size=1048576]} | ret=SUCCESS |  
2019-08-21 15:29:54,999 | INFO  | DNAudit | user=null | ip=null | op=WRITE_CHUNK {blockData=conID: 1 locID: 102655681821147720 bcsId: 0} | ret=SUCCESS |  
2019-08-21 15:29:55,000 [grpc-default-executor-2] INFO  client.GrpcClientProtocolClient (GrpcClientProtocolClient.java:onNext(255)) - client-029E50227556->355864cd-7ac5-4934-b366-9756b15dd90f: receive RaftClientReply:client-029E50227556->355864cd-7ac5-4934-b366-9756b15dd90f@group-785BCF25C267, cid=2408, SUCCESS, logIndex=0, commits[355864cd-7ac5-4934-b366-9756b15dd90f:c3573, ce4aa411-63c8-4399-99eb-27ce352844f3:c3570, 3eeffb0a-787e-48ec-a2f5-d0c540a89489:c3570]
2019-08-21 15:29:55,000 | INFO  | DNAudit | user=null | ip=null | op=WRITE_CHUNK {blockData=conID: 1 locID: 102655681821147720 bcsId: 0} | ret=SUCCESS |  
2019-08-21 15:29:55,000 | INFO  | DNAudit | user=null | ip=null | op=PUT_BLOCK {blockData=[blockId=conID: 1 locID: 102655681821147720 bcsId: 0,size=2097152]} | ret=SUCCESS |  
2019-08-21 15:29:55,001 | INFO  | DNAudit | user=null | ip=null | op=PUT_BLOCK {blockData=[blockId=conID: 1 locID: 102655681821147720 bcsId: 0,size=2097152]} | ret=SUCCESS |  
2019-08-21 15:29:55,005 | INFO  | DNAudit | user=null | ip=null | op=WRITE_CHUNK {blockData=conID: 1 locID: 102655681821147720 bcsId: 3572} | ret=SUCCESS |  
2019-08-21 15:29:55,007 | INFO  | DNAudit | user=null | ip=null | op=WRITE_CHUNK {blockData=conID: 1 locID: 102655681821147720 bcsId: 3572} | ret=SUCCESS |  
2019-08-21 15:29:55,007 | INFO  | DNAudit | user=null | ip=null | op=WRITE_CHUNK {blockData=conID: 1 locID: 102655681821147720 bcsId: 3572} | ret=SUCCESS |  
2019-08-21 15:29:55,017 | INFO  | DNAudit | user=null | ip=null | op=WRITE_CHUNK {blockData=conID: 1 locID: 102655681821147720 bcsId: 3572} | ret=SUCCESS |  
2019-08-21 15:29:55,017 | INFO  | DNAudit | user=null | ip=null | op=PUT_BLOCK {blockData=[blockId=conID: 1 locID: 102655681821147720 bcsId: 0,size=3145728]} | ret=SUCCESS |  
2019-08-21 15:29:55,017 [grpc-default-executor-0] INFO  client.GrpcClientProtocolClient (GrpcClientProtocolClient.java:onNext(255)) - client-029E50227556->355864cd-7ac5-4934-b366-9756b15dd90f: receive RaftClientReply:client-029E50227556->355864cd-7ac5-4934-b366-9756b15dd90f@group-785BCF25C267, cid=2409, SUCCESS, logIndex=3577, commits[355864cd-7ac5-4934-b366-9756b15dd90f:c3578, ce4aa411-63c8-4399-99eb-27ce352844f3:c3576, 3eeffb0a-787e-48ec-a2f5-d0c540a89489:c3576]
2019-08-21 15:29:55,018 [grpc-default-executor-0] INFO  client.GrpcClientProtocolClient (GrpcClientProtocolClient.java:onNext(255)) - client-029E50227556->355864cd-7ac5-4934-b366-9756b15dd90f: receive RaftClientReply:client-029E50227556->355864cd-7ac5-4934-b366-9756b15dd90f@group-785BCF25C267, cid=2410, SUCCESS, logIndex=3578, commits[355864cd-7ac5-4934-b366-9756b15dd90f:c3578, ce4aa411-63c8-4399-99eb-27ce352844f3:c3576, 3eeffb0a-787e-48ec-a2f5-d0c540a89489:c3576]
2019-08-21 15:29:55,018 | INFO  | DNAudit | user=null | ip=null | op=WRITE_CHUNK {blockData=conID: 1 locID: 102655681821147720 bcsId: 3572} | ret=SUCCESS |  
2019-08-21 15:29:55,018 | INFO  | DNAudit | user=null | ip=null | op=WRITE_CHUNK {blockData=conID: 1 locID: 102655681821147720 bcsId: 3572} | ret=SUCCESS |  
2019-08-21 15:29:55,019 | INFO  | DNAudit | user=null | ip=null | op=PUT_BLOCK {blockData=[blockId=conID: 1 locID: 102655681821147720 bcsId: 0,size=3145728]} | ret=SUCCESS |  
2019-08-21 15:29:55,019 | INFO  | DNAudit | user=null | ip=null | op=PUT_BLOCK {blockData=[blockId=conID: 1 locID: 102655681821147720 bcsId: 0,size=3145728]} | ret=SUCCESS |  
2019-08-21 15:29:55,022 | INFO  | DNAudit | user=null | ip=null | op=WRITE_CHUNK {blockData=conID: 1 locID: 102655681821147720 bcsId: 3578} | ret=SUCCESS |  
 0.00% |█                                                                                                    |  0/1 Time: 0:00:192019-08-21 15:29:55,118 | INFO  | SCMAudit | user=jenkins1000 | ip=192.168.5.153 | op=SEND_HEARTBEAT {datanodeUUID=ce4aa411-63c8-4399-99eb-27ce352844f3, command=[]} | ret=SUCCESS |  
2019-08-21 15:29:55,118 | INFO  | DNAudit | user=null | ip=null | op=WRITE_CHUNK {blockData=conID: 1 locID: 102655681821147720 bcsId: 3578} | ret=SUCCESS |  
2019-08-21 15:29:55,118 | INFO  | SCMAudit | user=jenkins1000 | ip=192.168.5.153 | op=SEND_HEARTBEAT {datanodeUUID=355864cd-7ac5-4934-b366-9756b15dd90f, command=[]} | ret=SUCCESS |  
2019-08-21 15:29:55,118 | INFO  | SCMAudit | user=jenkins1000 | ip=192.168.5.153 | op=SEND_HEARTBEAT {datanodeUUID=3eeffb0a-787e-48ec-a2f5-d0c540a89489, command=[]} | ret=SUCCESS |  
2019-08-21 15:29:55,118 | INFO  | SCMAudit | user=jenkins1000 | ip=192.168.5.153 | op=SEND_HEARTBEAT {datanodeUUID=a38cd7e0-d792-481c-a4c0-f4feaa89ec8f, command=[]} | ret=SUCCESS |  
2019-08-21 15:29:55,118 | INFO  | SCMAudit | user=jenkins1000 | ip=192.168.5.153 | op=SEND_HEARTBEAT {datanodeUUID=a0074e04-2715-4b16-a2b0-10b5043d27ae, command=[]} | ret=SUCCESS |  
2019-08-21 15:29:55,119 | INFO  | DNAudit | user=null | ip=null | op=WRITE_CHUNK {blockData=conID: 1 locID: 102655681821147720 bcsId: 3578} | ret=SUCCESS |  
2019-08-21 15:29:55,130 | INFO  | DNAudit | user=null | ip=null | op=WRITE_CHUNK {blockData=conID: 1 locID: 102655681821147720 bcsId: 3578} | ret=SUCCESS |  
2019-08-21 15:29:55,131 | INFO  | DNAudit | user=null | ip=null | op=PUT_BLOCK {blockData=[blockId=conID: 1 locID: 102655681821147720 bcsId: 0,size=4194304]} | ret=SUCCESS |  
2019-08-21 15:29:55,131 [grpc-default-executor-4] INFO  client.GrpcClientProtocolClient (GrpcClientProtocolClient.java:onNext(255)) - client-029E50227556->355864cd-7ac5-4934-b366-9756b15dd90f: receive RaftClientReply:client-029E50227556->355864cd-7ac5-4934-b366-9756b15dd90f@group-785BCF25C267, cid=2411, SUCCESS, logIndex=3581, commits[355864cd-7ac5-4934-b366-9756b15dd90f:c3582, ce4aa411-63c8-4399-99eb-27ce352844f3:c3580, 3eeffb0a-787e-48ec-a2f5-d0c540a89489:c3580]
2019-08-21 15:29:55,131 [grpc-default-executor-4] INFO  client.GrpcClientProtocolClient (GrpcClientProtocolClient.java:onNext(255)) - client-029E50227556->355864cd-7ac5-4934-b366-9756b15dd90f: receive RaftClientReply:client-029E50227556->355864cd-7ac5-4934-b366-9756b15dd90f@group-785BCF25C267, cid=2412, SUCCESS, logIndex=3582, commits[355864cd-7ac5-4934-b366-9756b15dd90f:c3582, ce4aa411-63c8-4399-99eb-27ce352844f3:c3580, 3eeffb0a-787e-48ec-a2f5-d0c540a89489:c3580]
2019-08-21 15:29:55,132 | INFO  | DNAudit | user=null | ip=null | op=WRITE_CHUNK {blockData=conID: 1 locID: 102655681821147720 bcsId: 3578} | ret=SUCCESS |  
2019-08-21 15:29:55,132 | INFO  | DNAudit | user=null | ip=null | op=WRITE_CHUNK {blockData=conID: 1 locID: 102655681821147720 bcsId: 3578} | ret=SUCCESS |  
2019-08-21 15:29:55,132 | INFO  | DNAudit | user=null | ip=null | op=PUT_BLOCK {blockData=[blockId=conID: 1 locID: 102655681821147720 bcsId: 0,size=4194304]} | ret=SUCCESS |  
2019-08-21 15:29:55,132 | INFO  | DNAudit | user=null | ip=null | op=PUT_BLOCK {blockData=[blockId=conID: 1 locID: 102655681821147720 bcsId: 0,size=4194304]} | ret=SUCCESS |  
2019-08-21 15:29:55,132 [grpc-default-executor-4] INFO  client.GrpcClientProtocolClient (GrpcClientProtocolClient.java:onNext(255)) - client-029E50227556->355864cd-7ac5-4934-b366-9756b15dd90f: receive RaftClientReply:client-029E50227556->355864cd-7ac5-4934-b366-9756b15dd90f@group-785BCF25C267, cid=2413, SUCCESS, logIndex=0, commits[355864cd-7ac5-4934-b366-9756b15dd90f:c3583, ce4aa411-63c8-4399-99eb-27ce352844f3:c3582, 3eeffb0a-787e-48ec-a2f5-d0c540a89489:c3582]
2019-08-21 15:29:55,136 | INFO  | SCMAudit | user=jenkins1000 | ip=192.168.5.153 | op=ALLOCATE_BLOCK {owner=78849ec2-2b05-45d8-8cb5-e95e2230dbd1, size=4194304, type=RATIS, factor=THREE} | ret=SUCCESS |  
2019-08-21 15:29:55,138 | INFO  | OMAudit | user=jenkins1000 | ip=127.0.0.1 | op=ALLOCATE_BLOCK {volume=vol-0-32358, bucket=bucket-0-01949, key=key-0-56547, dataSize=0, replicationType=null, replicationFactor=null, keyLocationInfo=null, clientID=102655680532119954} | ret=SUCCESS |  
2019-08-21 15:29:55,143 | INFO  | DNAudit | user=null | ip=null | op=WRITE_CHUNK {blockData=conID: 2 locID: 102655681831633481 bcsId: 0} | ret=SUCCESS |  
2019-08-21 15:29:55,145 | INFO  | DNAudit | user=null | ip=null | op=WRITE_CHUNK {blockData=conID: 2 locID: 102655681831633481 bcsId: 0} | ret=SUCCESS |  
2019-08-21 15:29:55,146 | INFO  | DNAudit | user=null | ip=null | op=WRITE_CHUNK {blockData=conID: 2 locID: 102655681831633481 bcsId: 0} | ret=SUCCESS |  
2019-08-21 15:29:55,146 | INFO  | DNAudit | user=null | ip=null | op=WRITE_CHUNK {blockData=conID: 2 locID: 102655681831633481 bcsId: 0} | ret=SUCCESS |  
2019-08-21 15:29:55,147 | INFO  | DNAudit | user=null | ip=null | op=WRITE_CHUNK {blockData=conID: 2 locID: 102655681831633481 bcsId: 0} | ret=SUCCESS |  
2019-08-21 15:29:55,147 | INFO  | DNAudit | user=null | ip=null | op=WRITE_CHUNK {blockData=conID: 2 locID: 102655681831633481 bcsId: 0} | ret=SUCCESS |  
2019-08-21 15:29:55,158 | INFO  | DNAudit | user=null | ip=null | op=WRITE_CHUNK {blockData=conID: 2 locID: 102655681831633481 bcsId: 0} | ret=SUCCESS |  
2019-08-21 15:29:55,159 | INFO  | DNAudit | user=null | ip=null | op=PUT_BLOCK {blockData=[blockId=conID: 2 locID: 102655681831633481 bcsId: 0,size=1048576]} | ret=SUCCESS |  
2019-08-21 15:29:55,159 [grpc-default-executor-4] INFO  client.GrpcClientProtocolClient (GrpcClientProtocolClient.java:onNext(255)) - client-029E50227556->355864cd-7ac5-4934-b366-9756b15dd90f: receive RaftClientReply:client-029E50227556->355864cd-7ac5-4934-b366-9756b15dd90f@group-785BCF25C267, cid=2414, SUCCESS, logIndex=3585, commits[355864cd-7ac5-4934-b366-9756b15dd90f:c3586, ce4aa411-63c8-4399-99eb-27ce352844f3:c3584, 3eeffb0a-787e-48ec-a2f5-d0c540a89489:c3584]
2019-08-21 15:29:55,159 | INFO  | DNAudit | user=null | ip=null | op=WRITE_CHUNK {blockData=conID: 2 locID: 102655681831633481 bcsId: 0} | ret=SUCCESS |  
2019-08-21 15:29:55,159 [grpc-default-executor-4] INFO  client.GrpcClientProtocolClient (GrpcClientProtocolClient.java:onNext(255)) - client-029E50227556->355864cd-7ac5-4934-b366-9756b15dd90f: receive RaftClientReply:client-029E50227556->355864cd-7ac5-4934-b366-9756b15dd90f@group-785BCF25C267, cid=2415, SUCCESS, logIndex=3586, commits[355864cd-7ac5-4934-b366-9756b15dd90f:c3587, ce4aa411-63c8-4399-99eb-27ce352844f3:c3584, 3eeffb0a-787e-48ec-a2f5-d0c540a89489:c3584]
2019-08-21 15:29:55,160 | INFO  | DNAudit | user=null | ip=null | op=PUT_BLOCK {blockData=[blockId=conID: 2 locID: 102655681831633481 bcsId: 0,size=2097152]} | ret=SUCCESS |  
2019-08-21 15:29:55,160 | INFO  | DNAudit | user=null | ip=null | op=WRITE_CHUNK {blockData=conID: 2 locID: 102655681831633481 bcsId: 0} | ret=SUCCESS |  
2019-08-21 15:29:55,160 [grpc-default-executor-4] INFO  client.GrpcClientProtocolClient (GrpcClientProtocolClient.java:onNext(255)) - client-029E50227556->355864cd-7ac5-4934-b366-9756b15dd90f: receive RaftClientReply:client-029E50227556->355864cd-7ac5-4934-b366-9756b15dd90f@group-785BCF25C267, cid=2416, SUCCESS, logIndex=3587, commits[355864cd-7ac5-4934-b366-9756b15dd90f:c3588, ce4aa411-63c8-4399-99eb-27ce352844f3:c3584, 3eeffb0a-787e-48ec-a2f5-d0c540a89489:c3584]
2019-08-21 15:29:55,160 | INFO  | DNAudit | user=null | ip=null | op=PUT_BLOCK {blockData=[blockId=conID: 2 locID: 102655681831633481 bcsId: 0,size=1048576]} | ret=SUCCESS |  
2019-08-21 15:29:55,160 | INFO  | DNAudit | user=null | ip=null | op=WRITE_CHUNK {blockData=conID: 2 locID: 102655681831633481 bcsId: 0} | ret=SUCCESS |  
2019-08-21 15:29:55,160 | INFO  | DNAudit | user=null | ip=null | op=PUT_BLOCK {blockData=[blockId=conID: 2 locID: 102655681831633481 bcsId: 0,size=1048576]} | ret=SUCCESS |  
2019-08-21 15:29:55,163 [grpc-default-executor-4] INFO  client.GrpcClientProtocolClient (GrpcClientProtocolClient.java:onNext(255)) - client-029E50227556->355864cd-7ac5-4934-b366-9756b15dd90f: receive RaftClientReply:client-029E50227556->355864cd-7ac5-4934-b366-9756b15dd90f@group-785BCF25C267, cid=2417, SUCCESS, logIndex=3588, commits[355864cd-7ac5-4934-b366-9756b15dd90f:c3588, ce4aa411-63c8-4399-99eb-27ce352844f3:c3584, 3eeffb0a-787e-48ec-a2f5-d0c540a89489:c3584]
2019-08-21 15:29:55,163 | INFO  | DNAudit | user=null | ip=null | op=WRITE_CHUNK {blockData=conID: 2 locID: 102655681831633481 bcsId: 0} | ret=SUCCESS |  
2019-08-21 15:29:55,163 | INFO  | DNAudit | user=null | ip=null | op=WRITE_CHUNK {blockData=conID: 2 locID: 102655681831633481 bcsId: 0} | ret=SUCCESS |  
2019-08-21 15:29:55,163 | INFO  | DNAudit | user=null | ip=null | op=PUT_BLOCK {blockData=[blockId=conID: 2 locID: 102655681831633481 bcsId: 0,size=2097152]} | ret=SUCCESS |  
2019-08-21 15:29:55,164 | INFO  | DNAudit | user=null | ip=null | op=PUT_BLOCK {blockData=[blockId=conID: 2 locID: 102655681831633481 bcsId: 0,size=2097152]} | ret=SUCCESS |  
2019-08-21 15:29:55,164 [grpc-default-executor-4] INFO  client.GrpcClientProtocolClient (GrpcClientProtocolClient.java:onNext(255)) - client-029E50227556->355864cd-7ac5-4934-b366-9756b15dd90f: receive RaftClientReply:client-029E50227556->355864cd-7ac5-4934-b366-9756b15dd90f@group-785BCF25C267, cid=2418, SUCCESS, logIndex=0, commits[355864cd-7ac5-4934-b366-9756b15dd90f:c3592, ce4aa411-63c8-4399-99eb-27ce352844f3:c3588, 3eeffb0a-787e-48ec-a2f5-d0c540a89489:c3588]
2019-08-21 15:29:55,169 | INFO  | DNAudit | user=null | ip=null | op=WRITE_CHUNK {blockData=conID: 2 locID: 102655681831633481 bcsId: 3588} | ret=SUCCESS |  
2019-08-21 15:29:55,172 | INFO  | DNAudit | user=null | ip=null | op=WRITE_CHUNK {blockData=conID: 2 locID: 102655681831633481 bcsId: 3588} | ret=SUCCESS |  
2019-08-21 15:29:55,172 | INFO  | DNAudit | user=null | ip=null | op=WRITE_CHUNK {blockData=conID: 2 locID: 102655681831633481 bcsId: 3588} | ret=SUCCESS |  
2019-08-21 15:29:55,181 | INFO  | DNAudit | user=null | ip=null | op=WRITE_CHUNK {blockData=conID: 2 locID: 102655681831633481 bcsId: 3588} | ret=SUCCESS |  
2019-08-21 15:29:55,182 | INFO  | DNAudit | user=null | ip=null | op=PUT_BLOCK {blockData=[blockId=conID: 2 locID: 102655681831633481 bcsId: 0,size=3145728]} | ret=SUCCESS |  
2019-08-21 15:29:55,182 [grpc-default-executor-0] INFO  client.GrpcClientProtocolClient (GrpcClientProtocolClient.java:onNext(255)) - client-029E50227556->355864cd-7ac5-4934-b366-9756b15dd90f: receive RaftClientReply:client-029E50227556->355864cd-7ac5-4934-b366-9756b15dd90f@group-785BCF25C267, cid=2419, SUCCESS, logIndex=3593, commits[355864cd-7ac5-4934-b366-9756b15dd90f:c3594, ce4aa411-63c8-4399-99eb-27ce352844f3:c3592, 3eeffb0a-787e-48ec-a2f5-d0c540a89489:c3592]
2019-08-21 15:29:55,182 [grpc-default-executor-0] INFO  client.GrpcClientProtocolClient (GrpcClientProtocolClient.java:onNext(255)) - client-029E50227556->355864cd-7ac5-4934-b366-9756b15dd90f: receive RaftClientReply:client-029E50227556->355864cd-7ac5-4934-b366-9756b15dd90f@group-785BCF25C267, cid=2420, SUCCESS, logIndex=3594, commits[355864cd-7ac5-4934-b366-9756b15dd90f:c3594, ce4aa411-63c8-4399-99eb-27ce352844f3:c3592, 3eeffb0a-787e-48ec-a2f5-d0c540a89489:c3592]
2019-08-21 15:29:55,187 | INFO  | DNAudit | user=null | ip=null | op=WRITE_CHUNK {blockData=conID: 2 locID: 102655681831633481 bcsId: 3594} | ret=SUCCESS |  
2019-08-21 15:29:55,189 | INFO  | DNAudit | user=null | ip=null | op=WRITE_CHUNK {blockData=conID: 2 locID: 102655681831633481 bcsId: 3594} | ret=SUCCESS |  
2019-08-21 15:29:55,189 | INFO  | DNAudit | user=null | ip=null | op=WRITE_CHUNK {blockData=conID: 2 locID: 102655681831633481 bcsId: 3594} | ret=SUCCESS |  
2019-08-21 15:29:55,193 | INFO  | DNAudit | user=null | ip=null | op=WRITE_CHUNK {blockData=conID: 2 locID: 102655681831633481 bcsId: 3588} | ret=SUCCESS |  
2019-08-21 15:29:55,194 | INFO  | DNAudit | user=null | ip=null | op=WRITE_CHUNK {blockData=conID: 2 locID: 102655681831633481 bcsId: 3588} | ret=SUCCESS |  
2019-08-21 15:29:55,195 | INFO  | DNAudit | user=null | ip=null | op=PUT_BLOCK {blockData=[blockId=conID: 2 locID: 102655681831633481 bcsId: 0,size=3145728]} | ret=SUCCESS |  
2019-08-21 15:29:55,195 | INFO  | DNAudit | user=null | ip=null | op=PUT_BLOCK {blockData=[blockId=conID: 2 locID: 102655681831633481 bcsId: 0,size=3145728]} | ret=SUCCESS |  
2019-08-21 15:29:55,195 | INFO  | DNAudit | user=null | ip=null | op=WRITE_CHUNK {blockData=conID: 2 locID: 102655681831633481 bcsId: 3594} | ret=SUCCESS |  
2019-08-21 15:29:55,195 | INFO  | DNAudit | user=null | ip=null | op=PUT_BLOCK {blockData=[blockId=conID: 2 locID: 102655681831633481 bcsId: 0,size=4194304]} | ret=SUCCESS |  
2019-08-21 15:29:55,195 [grpc-default-executor-0] INFO  client.GrpcClientProtocolClient (GrpcClientProtocolClient.java:onNext(255)) - client-029E50227556->355864cd-7ac5-4934-b366-9756b15dd90f: receive RaftClientReply:client-029E50227556->355864cd-7ac5-4934-b366-9756b15dd90f@group-785BCF25C267, cid=2421, SUCCESS, logIndex=3597, commits[355864cd-7ac5-4934-b366-9756b15dd90f:c3598, ce4aa411-63c8-4399-99eb-27ce352844f3:c3594, 3eeffb0a-787e-48ec-a2f5-d0c540a89489:c3594]
2019-08-21 15:29:55,196 [grpc-default-executor-0] INFO  client.GrpcClientProtocolClient (GrpcClientProtocolClient.java:onNext(255)) - client-029E50227556->355864cd-7ac5-4934-b366-9756b15dd90f: receive RaftClientReply:client-029E50227556->355864cd-7ac5-4934-b366-9756b15dd90f@group-785BCF25C267, cid=2422, SUCCESS, logIndex=3598, commits[355864cd-7ac5-4934-b366-9756b15dd90f:c3598, ce4aa411-63c8-4399-99eb-27ce352844f3:c3594, 3eeffb0a-787e-48ec-a2f5-d0c540a89489:c3594]
2019-08-21 15:29:55,197 | INFO  | DNAudit | user=null | ip=null | op=WRITE_CHUNK {blockData=conID: 2 locID: 102655681831633481 bcsId: 3594} | ret=SUCCESS |  
2019-08-21 15:29:55,197 | INFO  | DNAudit | user=null | ip=null | op=PUT_BLOCK {blockData=[blockId=conID: 2 locID: 102655681831633481 bcsId: 0,size=4194304]} | ret=SUCCESS |  
2019-08-21 15:29:55,197 | INFO  | DNAudit | user=null | ip=null | op=WRITE_CHUNK {blockData=conID: 2 locID: 102655681831633481 bcsId: 3594} | ret=SUCCESS |  
2019-08-21 15:29:55,197 [grpc-default-executor-0] INFO  client.GrpcClientProtocolClient (GrpcClientProtocolClient.java:onNext(255)) - client-029E50227556->355864cd-7ac5-4934-b366-9756b15dd90f: receive RaftClientReply:client-029E50227556->355864cd-7ac5-4934-b366-9756b15dd90f@group-785BCF25C267, cid=2423, SUCCESS, logIndex=0, commits[355864cd-7ac5-4934-b366-9756b15dd90f:c3599, ce4aa411-63c8-4399-99eb-27ce352844f3:c3598, 3eeffb0a-787e-48ec-a2f5-d0c540a89489:c3598]
2019-08-21 15:29:55,197 | INFO  | DNAudit | user=null | ip=null | op=PUT_BLOCK {blockData=[blockId=conID: 2 locID: 102655681831633481 bcsId: 0,size=4194304]} | ret=SUCCESS |  
2019-08-21 15:29:55,201 | INFO  | SCMAudit | user=jenkins1000 | ip=192.168.5.153 | op=ALLOCATE_BLOCK {owner=78849ec2-2b05-45d8-8cb5-e95e2230dbd1, size=4194304, type=RATIS, factor=THREE} | ret=SUCCESS |  
2019-08-21 15:29:55,203 | INFO  | OMAudit | user=jenkins1000 | ip=127.0.0.1 | op=ALLOCATE_BLOCK {volume=vol-0-32358, bucket=bucket-0-01949, key=key-0-56547, dataSize=0, replicationType=null, replicationFactor=null, keyLocationInfo=null, clientID=102655680532119954} | ret=SUCCESS |  
2019-08-21 15:29:55,208 | INFO  | DNAudit | user=null | ip=null | op=WRITE_CHUNK {blockData=conID: 3 locID: 102655681835893322 bcsId: 0} | ret=SUCCESS |  
2019-08-21 15:29:55,210 | INFO  | DNAudit | user=null | ip=null | op=WRITE_CHUNK {blockData=conID: 3 locID: 102655681835893322 bcsId: 0} | ret=SUCCESS |  
2019-08-21 15:29:55,211 | INFO  | DNAudit | user=null | ip=null | op=WRITE_CHUNK {blockData=conID: 3 locID: 102655681835893322 bcsId: 0} | ret=SUCCESS |  
2019-08-21 15:29:55,211 | INFO  | DNAudit | user=null | ip=null | op=WRITE_CHUNK {blockData=conID: 3 locID: 102655681835893322 bcsId: 0} | ret=SUCCESS |  
2019-08-21 15:29:55,212 | INFO  | DNAudit | user=null | ip=null | op=WRITE_CHUNK {blockData=conID: 3 locID: 102655681835893322 bcsId: 0} | ret=SUCCESS |  
2019-08-21 15:29:55,212 | INFO  | DNAudit | user=null | ip=null | op=WRITE_CHUNK {blockData=conID: 3 locID: 102655681835893322 bcsId: 0} | ret=SUCCESS |  
2019-08-21 15:29:55,218 | INFO  | DNAudit | user=null | ip=null | op=WRITE_CHUNK {blockData=conID: 3 locID: 102655681835893322 bcsId: 0} | ret=SUCCESS |  
2019-08-21 15:29:55,218 | INFO  | DNAudit | user=null | ip=null | op=PUT_BLOCK {blockData=[blockId=conID: 3 locID: 102655681835893322 bcsId: 0,size=1048576]} | ret=SUCCESS |  
2019-08-21 15:29:55,218 [grpc-default-executor-0] INFO  client.GrpcClientProtocolClient (GrpcClientProtocolClient.java:onNext(255)) - client-029E50227556->355864cd-7ac5-4934-b366-9756b15dd90f: receive RaftClientReply:client-029E50227556->355864cd-7ac5-4934-b366-9756b15dd90f@group-785BCF25C267, cid=2424, SUCCESS, logIndex=3601, commits[355864cd-7ac5-4934-b366-9756b15dd90f:c3602, ce4aa411-63c8-4399-99eb-27ce352844f3:c3600, 3eeffb0a-787e-48ec-a2f5-d0c540a89489:c3600]
2019-08-21 15:29:55,219 | INFO  | DNAudit | user=null | ip=null | op=WRITE_CHUNK {blockData=conID: 3 locID: 102655681835893322 bcsId: 0} | ret=SUCCESS |  
2019-08-21 15:29:55,219 [grpc-default-executor-0] INFO  client.GrpcClientProtocolClient (GrpcClientProtocolClient.java:onNext(255)) - client-029E50227556->355864cd-7ac5-4934-b366-9756b15dd90f: receive RaftClientReply:client-029E50227556->355864cd-7ac5-4934-b366-9756b15dd90f@group-785BCF25C267, cid=2425, SUCCESS, logIndex=3602, commits[355864cd-7ac5-4934-b366-9756b15dd90f:c3602, ce4aa411-63c8-4399-99eb-27ce352844f3:c3600, 3eeffb0a-787e-48ec-a2f5-d0c540a89489:c3600]
2019-08-21 15:29:55,219 | INFO  | DNAudit | user=null | ip=null | op=PUT_BLOCK {blockData=[blockId=conID: 3 locID: 102655681835893322 bcsId: 0,size=2097152]} | ret=SUCCESS |  
2019-08-21 15:29:55,219 [grpc-default-executor-4] INFO  client.GrpcClientProtocolClient (GrpcClientProtocolClient.java:onNext(255)) - client-029E50227556->355864cd-7ac5-4934-b366-9756b15dd90f: receive RaftClientReply:client-029E50227556->355864cd-7ac5-4934-b366-9756b15dd90f@group-785BCF25C267, cid=2426, SUCCESS, logIndex=3603, commits[355864cd-7ac5-4934-b366-9756b15dd90f:c3604, ce4aa411-63c8-4399-99eb-27ce352844f3:c3600, 3eeffb0a-787e-48ec-a2f5-d0c540a89489:c3600]
2019-08-21 15:29:55,219 [grpc-default-executor-4] INFO  client.GrpcClientProtocolClient (GrpcClientProtocolClient.java:onNext(255)) - client-029E50227556->355864cd-7ac5-4934-b366-9756b15dd90f: receive RaftClientReply:client-029E50227556->355864cd-7ac5-4934-b366-9756b15dd90f@group-785BCF25C267, cid=2427, SUCCESS, logIndex=3604, commits[355864cd-7ac5-4934-b366-9756b15dd90f:c3604, ce4aa411-63c8-4399-99eb-27ce352844f3:c3600, 3eeffb0a-787e-48ec-a2f5-d0c540a89489:c3600]
2019-08-21 15:29:55,220 | INFO  | DNAudit | user=null | ip=null | op=WRITE_CHUNK {blockData=conID: 3 locID: 102655681835893322 bcsId: 0} | ret=SUCCESS |  
2019-08-21 15:29:55,220 | INFO  | DNAudit | user=null | ip=null | op=WRITE_CHUNK {blockData=conID: 3 locID: 102655681835893322 bcsId: 0} | ret=SUCCESS |  
2019-08-21 15:29:55,220 | INFO  | DNAudit | user=null | ip=null | op=PUT_BLOCK {blockData=[blockId=conID: 3 locID: 102655681835893322 bcsId: 0,size=1048576]} | ret=SUCCESS |  
2019-08-21 15:29:55,220 | INFO  | DNAudit | user=null | ip=null | op=PUT_BLOCK {blockData=[blockId=conID: 3 locID: 102655681835893322 bcsId: 0,size=1048576]} | ret=SUCCESS |  
2019-08-21 15:29:55,220 [grpc-default-executor-0] INFO  client.GrpcClientProtocolClient (GrpcClientProtocolClient.java:onNext(255)) - client-029E50227556->355864cd-7ac5-4934-b366-9756b15dd90f: receive RaftClientReply:client-029E50227556->355864cd-7ac5-4934-b366-9756b15dd90f@group-785BCF25C267, cid=2428, SUCCESS, logIndex=0, commits[355864cd-7ac5-4934-b366-9756b15dd90f:c3605, ce4aa411-63c8-4399-99eb-27ce352844f3:c3602, 3eeffb0a-787e-48ec-a2f5-d0c540a89489:c3602]
2019-08-21 15:29:55,221 | INFO  | DNAudit | user=null | ip=null | op=WRITE_CHUNK {blockData=conID: 3 locID: 102655681835893322 bcsId: 0} | ret=SUCCESS |  
2019-08-21 15:29:55,221 | INFO  | DNAudit | user=null | ip=null | op=WRITE_CHUNK {blockData=conID: 3 locID: 102655681835893322 bcsId: 0} | ret=SUCCESS |  
2019-08-21 15:29:55,221 | INFO  | DNAudit | user=null | ip=null | op=PUT_BLOCK {blockData=[blockId=conID: 3 locID: 102655681835893322 bcsId: 0,size=2097152]} | ret=SUCCESS |  
2019-08-21 15:29:55,221 | INFO  | DNAudit | user=null | ip=null | op=PUT_BLOCK {blockData=[blockId=conID: 3 locID: 102655681835893322 bcsId: 0,size=2097152]} | ret=SUCCESS |  
2019-08-21 15:29:55,225 | INFO  | DNAudit | user=null | ip=null | op=WRITE_CHUNK {blockData=conID: 3 locID: 102655681835893322 bcsId: 3604} | ret=SUCCESS |  
2019-08-21 15:29:55,227 | INFO  | DNAudit | user=null | ip=null | op=WRITE_CHUNK {blockData=conID: 3 locID: 102655681835893322 bcsId: 3604} | ret=SUCCESS |  
2019-08-21 15:29:55,227 | INFO  | DNAudit | user=null | ip=null | op=WRITE_CHUNK {blockData=conID: 3 locID: 102655681835893322 bcsId: 3604} | ret=SUCCESS |  
2019-08-21 15:29:55,231 | INFO  | DNAudit | user=null | ip=null | op=WRITE_CHUNK {blockData=conID: 3 locID: 102655681835893322 bcsId: 3604} | ret=SUCCESS |  
2019-08-21 15:29:55,232 | INFO  | DNAudit | user=null | ip=null | op=PUT_BLOCK {blockData=[blockId=conID: 3 locID: 102655681835893322 bcsId: 0,size=3145728]} | ret=SUCCESS |  
2019-08-21 15:29:55,232 [grpc-default-executor-0] INFO  client.GrpcClientProtocolClient (GrpcClientProtocolClient.java:onNext(255)) - client-029E50227556->355864cd-7ac5-4934-b366-9756b15dd90f: receive RaftClientReply:client-029E50227556->355864cd-7ac5-4934-b366-9756b15dd90f@group-785BCF25C267, cid=2429, SUCCESS, logIndex=3609, commits[355864cd-7ac5-4934-b366-9756b15dd90f:c3610, ce4aa411-63c8-4399-99eb-27ce352844f3:c3608, 3eeffb0a-787e-48ec-a2f5-d0c540a89489:c3608]
2019-08-21 15:29:55,232 [grpc-default-executor-0] INFO  client.GrpcClientProtocolClient (GrpcClientProtocolClient.java:onNext(255)) - client-029E50227556->355864cd-7ac5-4934-b366-9756b15dd90f: receive RaftClientReply:client-029E50227556->355864cd-7ac5-4934-b366-9756b15dd90f@group-785BCF25C267, cid=2430, SUCCESS, logIndex=3610, commits[355864cd-7ac5-4934-b366-9756b15dd90f:c3610, ce4aa411-63c8-4399-99eb-27ce352844f3:c3608, 3eeffb0a-787e-48ec-a2f5-d0c540a89489:c3608]
2019-08-21 15:29:55,237 | INFO  | DNAudit | user=null | ip=null | op=WRITE_CHUNK {blockData=conID: 3 locID: 102655681835893322 bcsId: 3610} | ret=SUCCESS |  
2019-08-21 15:29:55,239 | INFO  | DNAudit | user=null | ip=null | op=WRITE_CHUNK {blockData=conID: 3 locID: 102655681835893322 bcsId: 3610} | ret=SUCCESS |  
2019-08-21 15:29:55,239 | INFO  | DNAudit | user=null | ip=null | op=WRITE_CHUNK {blockData=conID: 3 locID: 102655681835893322 bcsId: 3610} | ret=SUCCESS |  
2019-08-21 15:29:55,243 | INFO  | DNAudit | user=null | ip=null | op=WRITE_CHUNK {blockData=conID: 3 locID: 102655681835893322 bcsId: 3604} | ret=SUCCESS |  
2019-08-21 15:29:55,243 | INFO  | DNAudit | user=null | ip=null | op=WRITE_CHUNK {blockData=conID: 3 locID: 102655681835893322 bcsId: 3604} | ret=SUCCESS |  
2019-08-21 15:29:55,244 | INFO  | DNAudit | user=null | ip=null | op=PUT_BLOCK {blockData=[blockId=conID: 3 locID: 102655681835893322 bcsId: 0,size=3145728]} | ret=SUCCESS |  
2019-08-21 15:29:55,244 | INFO  | DNAudit | user=null | ip=null | op=PUT_BLOCK {blockData=[blockId=conID: 3 locID: 102655681835893322 bcsId: 0,size=3145728]} | ret=SUCCESS |  
2019-08-21 15:29:55,244 | INFO  | DNAudit | user=null | ip=null | op=WRITE_CHUNK {blockData=conID: 3 locID: 102655681835893322 bcsId: 3610} | ret=SUCCESS |  
2019-08-21 15:29:55,245 | INFO  | DNAudit | user=null | ip=null | op=PUT_BLOCK {blockData=[blockId=conID: 3 locID: 102655681835893322 bcsId: 0,size=4194304]} | ret=SUCCESS |  
2019-08-21 15:29:55,245 [grpc-default-executor-4] INFO  client.GrpcClientProtocolClient (GrpcClientProtocolClient.java:onNext(255)) - client-029E50227556->355864cd-7ac5-4934-b366-9756b15dd90f: receive RaftClientReply:client-029E50227556->355864cd-7ac5-4934-b366-9756b15dd90f@group-785BCF25C267, cid=2431, SUCCESS, logIndex=3613, commits[355864cd-7ac5-4934-b366-9756b15dd90f:c3614, ce4aa411-63c8-4399-99eb-27ce352844f3:c3609, 3eeffb0a-787e-48ec-a2f5-d0c540a89489:c3610]
2019-08-21 15:29:55,245 [grpc-default-executor-4] INFO  client.GrpcClientProtocolClient (GrpcClientProtocolClient.java:onNext(255)) - client-029E50227556->355864cd-7ac5-4934-b366-9756b15dd90f: receive RaftClientReply:client-029E50227556->355864cd-7ac5-4934-b366-9756b15dd90f@group-785BCF25C267, cid=2432, SUCCESS, logIndex=3614, commits[355864cd-7ac5-4934-b366-9756b15dd90f:c3614, ce4aa411-63c8-4399-99eb-27ce352844f3:c3610, 3eeffb0a-787e-48ec-a2f5-d0c540a89489:c3610]
2019-08-21 15:29:55,256 | INFO  | DNAudit | user=null | ip=null | op=WRITE_CHUNK {blockData=conID: 3 locID: 102655681835893322 bcsId: 3610} | ret=SUCCESS |  
2019-08-21 15:29:55,256 | INFO  | DNAudit | user=null | ip=null | op=WRITE_CHUNK {blockData=conID: 3 locID: 102655681835893322 bcsId: 3610} | ret=SUCCESS |  
2019-08-21 15:29:55,256 | INFO  | DNAudit | user=null | ip=null | op=PUT_BLOCK {blockData=[blockId=conID: 3 locID: 102655681835893322 bcsId: 0,size=4194304]} | ret=SUCCESS |  
2019-08-21 15:29:55,257 | INFO  | DNAudit | user=null | ip=null | op=PUT_BLOCK {blockData=[blockId=conID: 3 locID: 102655681835893322 bcsId: 0,size=4194304]} | ret=SUCCESS |  
2019-08-21 15:29:55,257 [grpc-default-executor-4] INFO  client.GrpcClientProtocolClient (GrpcClientProtocolClient.java:onNext(255)) - client-029E50227556->355864cd-7ac5-4934-b366-9756b15dd90f: receive RaftClientReply:client-029E50227556->355864cd-7ac5-4934-b366-9756b15dd90f@group-785BCF25C267, cid=2433, SUCCESS, logIndex=0, commits[355864cd-7ac5-4934-b366-9756b15dd90f:c3615, ce4aa411-63c8-4399-99eb-27ce352844f3:c3614, 3eeffb0a-787e-48ec-a2f5-d0c540a89489:c3614]
2019-08-21 15:29:55,263 | INFO  | SCMAudit | user=jenkins1000 | ip=192.168.5.153 | op=ALLOCATE_BLOCK {owner=78849ec2-2b05-45d8-8cb5-e95e2230dbd1, size=4194304, type=RATIS, factor=THREE} | ret=SUCCESS |  
2019-08-21 15:29:55,267 | INFO  | OMAudit | user=jenkins1000 | ip=127.0.0.1 | op=ALLOCATE_BLOCK {volume=vol-0-32358, bucket=bucket-0-01949, key=key-0-56547, dataSize=0, replicationType=null, replicationFactor=null, keyLocationInfo=null, clientID=102655680532119954} | ret=SUCCESS |  
2019-08-21 15:29:55,273 | INFO  | DNAudit | user=null | ip=null | op=WRITE_CHUNK {blockData=conID: 1 locID: 102655681839956555 bcsId: 0} | ret=SUCCESS |  
2019-08-21 15:29:55,274 | INFO  | DNAudit | user=null | ip=null | op=WRITE_CHUNK {blockData=conID: 1 locID: 102655681839956555 bcsId: 0} | ret=SUCCESS |  
2019-08-21 15:29:55,274 | INFO  | DNAudit | user=null | ip=null | op=WRITE_CHUNK {blockData=conID: 1 locID: 102655681839956555 bcsId: 0} | ret=SUCCESS |  
2019-08-21 15:29:55,275 | INFO  | DNAudit | user=null | ip=null | op=WRITE_CHUNK {blockData=conID: 1 locID: 102655681839956555 bcsId: 0} | ret=SUCCESS |  
2019-08-21 15:29:55,276 | INFO  | DNAudit | user=null | ip=null | op=WRITE_CHUNK {blockData=conID: 1 locID: 102655681839956555 bcsId: 0} | ret=SUCCESS |  
2019-08-21 15:29:55,277 | INFO  | DNAudit | user=null | ip=null | op=WRITE_CHUNK {blockData=conID: 1 locID: 102655681839956555 bcsId: 0} | ret=SUCCESS |  
2019-08-21 15:29:55,285 | INFO  | DNAudit | user=null | ip=null | op=WRITE_CHUNK {blockData=conID: 1 locID: 102655681839956555 bcsId: 0} | ret=SUCCESS |  
2019-08-21 15:29:55,285 | INFO  | DNAudit | user=null | ip=null | op=PUT_BLOCK {blockData=[blockId=conID: 1 locID: 102655681839956555 bcsId: 0,size=1048576]} | ret=SUCCESS |  
2019-08-21 15:29:55,286 | INFO  | DNAudit | user=null | ip=null | op=WRITE_CHUNK {blockData=conID: 1 locID: 102655681839956555 bcsId: 0} | ret=SUCCESS |  
2019-08-21 15:29:55,286 | INFO  | DNAudit | user=null | ip=null | op=PUT_BLOCK {blockData=[blockId=conID: 1 locID: 102655681839956555 bcsId: 0,size=2097152]} | ret=SUCCESS |  
2019-08-21 15:29:55,286 [grpc-default-executor-3] INFO  client.GrpcClientProtocolClient (GrpcClientProtocolClient.java:onNext(255)) - client-029E50227556->355864cd-7ac5-4934-b366-9756b15dd90f: receive RaftClientReply:client-029E50227556->355864cd-7ac5-4934-b366-9756b15dd90f@group-785BCF25C267, cid=2434, SUCCESS, logIndex=3617, commits[355864cd-7ac5-4934-b366-9756b15dd90f:c3620, ce4aa411-63c8-4399-99eb-27ce352844f3:c3616, 3eeffb0a-787e-48ec-a2f5-d0c540a89489:c3616]
2019-08-21 15:29:55,286 [grpc-default-executor-3] INFO  client.GrpcClientProtocolClient (GrpcClientProtocolClient.java:onNext(255)) - client-029E50227556->355864cd-7ac5-4934-b366-9756b15dd90f: receive RaftClientReply:client-029E50227556->355864cd-7ac5-4934-b366-9756b15dd90f@group-785BCF25C267, cid=2435, SUCCESS, logIndex=3618, commits[355864cd-7ac5-4934-b366-9756b15dd90f:c3620, ce4aa411-63c8-4399-99eb-27ce352844f3:c3616, 3eeffb0a-787e-48ec-a2f5-d0c540a89489:c3616]
2019-08-21 15:29:55,286 [grpc-default-executor-3] INFO  client.GrpcClientProtocolClient (GrpcClientProtocolClient.java:onNext(255)) - client-029E50227556->355864cd-7ac5-4934-b366-9756b15dd90f: receive RaftClientReply:client-029E50227556->355864cd-7ac5-4934-b366-9756b15dd90f@group-785BCF25C267, cid=2436, SUCCESS, logIndex=3619, commits[355864cd-7ac5-4934-b366-9756b15dd90f:c3620, ce4aa411-63c8-4399-99eb-27ce352844f3:c3616, 3eeffb0a-787e-48ec-a2f5-d0c540a89489:c3616]
2019-08-21 15:29:55,287 [grpc-default-executor-3] INFO  client.GrpcClientProtocolClient (GrpcClientProtocolClient.java:onNext(255)) - client-029E50227556->355864cd-7ac5-4934-b366-9756b15dd90f: receive RaftClientReply:client-029E50227556->355864cd-7ac5-4934-b366-9756b15dd90f@group-785BCF25C267, cid=2437, SUCCESS, logIndex=3620, commits[355864cd-7ac5-4934-b366-9756b15dd90f:c3620, ce4aa411-63c8-4399-99eb-27ce352844f3:c3616, 3eeffb0a-787e-48ec-a2f5-d0c540a89489:c3616]
2019-08-21 15:29:55,287 | INFO  | DNAudit | user=null | ip=null | op=WRITE_CHUNK {blockData=conID: 1 locID: 102655681839956555 bcsId: 0} | ret=SUCCESS |  
2019-08-21 15:29:55,287 | INFO  | DNAudit | user=null | ip=null | op=WRITE_CHUNK {blockData=conID: 1 locID: 102655681839956555 bcsId: 0} | ret=SUCCESS |  
2019-08-21 15:29:55,287 | INFO  | DNAudit | user=null | ip=null | op=PUT_BLOCK {blockData=[blockId=conID: 1 locID: 102655681839956555 bcsId: 0,size=1048576]} | ret=SUCCESS |  
2019-08-21 15:29:55,287 | INFO  | DNAudit | user=null | ip=null | op=PUT_BLOCK {blockData=[blockId=conID: 1 locID: 102655681839956555 bcsId: 0,size=1048576]} | ret=SUCCESS |  
2019-08-21 15:29:55,287 | INFO  | DNAudit | user=null | ip=null | op=WRITE_CHUNK {blockData=conID: 1 locID: 102655681839956555 bcsId: 0} | ret=SUCCESS |  
2019-08-21 15:29:55,287 | INFO  | DNAudit | user=null | ip=null | op=PUT_BLOCK {blockData=[blockId=conID: 1 locID: 102655681839956555 bcsId: 0,size=2097152]} | ret=SUCCESS |  
2019-08-21 15:29:55,288 [grpc-default-executor-3] INFO  client.GrpcClientProtocolClient (GrpcClientProtocolClient.java:onNext(255)) - client-029E50227556->355864cd-7ac5-4934-b366-9756b15dd90f: receive RaftClientReply:client-029E50227556->355864cd-7ac5-4934-b366-9756b15dd90f@group-785BCF25C267, cid=2438, SUCCESS, logIndex=0, commits[355864cd-7ac5-4934-b366-9756b15dd90f:c3623, ce4aa411-63c8-4399-99eb-27ce352844f3:c3618, 3eeffb0a-787e-48ec-a2f5-d0c540a89489:c3619]
2019-08-21 15:29:55,288 | INFO  | DNAudit | user=null | ip=null | op=WRITE_CHUNK {blockData=conID: 1 locID: 102655681839956555 bcsId: 0} | ret=SUCCESS |  
2019-08-21 15:29:55,288 | INFO  | DNAudit | user=null | ip=null | op=PUT_BLOCK {blockData=[blockId=conID: 1 locID: 102655681839956555 bcsId: 0,size=2097152]} | ret=SUCCESS |  
2019-08-21 15:29:55,293 | INFO  | DNAudit | user=null | ip=null | op=WRITE_CHUNK {blockData=conID: 1 locID: 102655681839956555 bcsId: 3620} | ret=SUCCESS |  
2019-08-21 15:29:55,295 | INFO  | DNAudit | user=null | ip=null | op=WRITE_CHUNK {blockData=conID: 1 locID: 102655681839956555 bcsId: 3620} | ret=SUCCESS |  
2019-08-21 15:29:55,295 | INFO  | DNAudit | user=null | ip=null | op=WRITE_CHUNK {blockData=conID: 1 locID: 102655681839956555 bcsId: 3620} | ret=SUCCESS |  
2019-08-21 15:29:55,305 | INFO  | DNAudit | user=null | ip=null | op=WRITE_CHUNK {blockData=conID: 1 locID: 102655681839956555 bcsId: 3620} | ret=SUCCESS |  
2019-08-21 15:29:55,306 | INFO  | DNAudit | user=null | ip=null | op=PUT_BLOCK {blockData=[blockId=conID: 1 locID: 102655681839956555 bcsId: 0,size=3145728]} | ret=SUCCESS |  
2019-08-21 15:29:55,306 [grpc-default-executor-0] INFO  client.GrpcClientProtocolClient (GrpcClientProtocolClient.java:onNext(255)) - client-029E50227556->355864cd-7ac5-4934-b366-9756b15dd90f: receive RaftClientReply:client-029E50227556->355864cd-7ac5-4934-b366-9756b15dd90f@group-785BCF25C267, cid=2439, SUCCESS, logIndex=3625, commits[355864cd-7ac5-4934-b366-9756b15dd90f:c3626, ce4aa411-63c8-4399-99eb-27ce352844f3:c3624, 3eeffb0a-787e-48ec-a2f5-d0c540a89489:c3624]
2019-08-21 15:29:55,306 [grpc-default-executor-0] INFO  client.GrpcClientProtocolClient (GrpcClientProtocolClient.java:onNext(255)) - client-029E50227556->355864cd-7ac5-4934-b366-9756b15dd90f: receive RaftClientReply:client-029E50227556->355864cd-7ac5-4934-b366-9756b15dd90f@group-785BCF25C267, cid=2440, SUCCESS, logIndex=3626, commits[355864cd-7ac5-4934-b366-9756b15dd90f:c3626, ce4aa411-63c8-4399-99eb-27ce352844f3:c3624, 3eeffb0a-787e-48ec-a2f5-d0c540a89489:c3624]
2019-08-21 15:29:55,312 | INFO  | DNAudit | user=null | ip=null | op=WRITE_CHUNK {blockData=conID: 1 locID: 102655681839956555 bcsId: 3626} | ret=SUCCESS |  
2019-08-21 15:29:55,314 | INFO  | DNAudit | user=null | ip=null | op=WRITE_CHUNK {blockData=conID: 1 locID: 102655681839956555 bcsId: 3626} | ret=SUCCESS |  
2019-08-21 15:29:55,314 | INFO  | DNAudit | user=null | ip=null | op=WRITE_CHUNK {blockData=conID: 1 locID: 102655681839956555 bcsId: 3626} | ret=SUCCESS |  
2019-08-21 15:29:55,317 | INFO  | DNAudit | user=null | ip=null | op=WRITE_CHUNK {blockData=conID: 1 locID: 102655681839956555 bcsId: 3620} | ret=SUCCESS |  
2019-08-21 15:29:55,317 | INFO  | DNAudit | user=null | ip=null | op=WRITE_CHUNK {blockData=conID: 1 locID: 102655681839956555 bcsId: 3620} | ret=SUCCESS |  
2019-08-21 15:29:55,317 | INFO  | DNAudit | user=null | ip=null | op=PUT_BLOCK {blockData=[blockId=conID: 1 locID: 102655681839956555 bcsId: 0,size=3145728]} | ret=SUCCESS |  
2019-08-21 15:29:55,317 | INFO  | DNAudit | user=null | ip=null | op=PUT_BLOCK {blockData=[blockId=conID: 1 locID: 102655681839956555 bcsId: 0,size=3145728]} | ret=SUCCESS |  
2019-08-21 15:29:55,318 | INFO  | DNAudit | user=null | ip=null | op=WRITE_CHUNK {blockData=conID: 1 locID: 102655681839956555 bcsId: 3626} | ret=SUCCESS |  
2019-08-21 15:29:55,319 | INFO  | DNAudit | user=null | ip=null | op=PUT_BLOCK {blockData=[blockId=conID: 1 locID: 102655681839956555 bcsId: 0,size=4194304]} | ret=SUCCESS |  
2019-08-21 15:29:55,319 [grpc-default-executor-0] INFO  client.GrpcClientProtocolClient (GrpcClientProtocolClient.java:onNext(255)) - client-029E50227556->355864cd-7ac5-4934-b366-9756b15dd90f: receive RaftClientReply:client-029E50227556->355864cd-7ac5-4934-b366-9756b15dd90f@group-785BCF25C267, cid=2441, SUCCESS, logIndex=3629, commits[355864cd-7ac5-4934-b366-9756b15dd90f:c3630, ce4aa411-63c8-4399-99eb-27ce352844f3:c3626, 3eeffb0a-787e-48ec-a2f5-d0c540a89489:c3626]
2019-08-21 15:29:55,319 [grpc-default-executor-0] INFO  client.GrpcClientProtocolClient (GrpcClientProtocolClient.java:onNext(255)) - client-029E50227556->355864cd-7ac5-4934-b366-9756b15dd90f: receive RaftClientReply:client-029E50227556->355864cd-7ac5-4934-b366-9756b15dd90f@group-785BCF25C267, cid=2442, SUCCESS, logIndex=3630, commits[355864cd-7ac5-4934-b366-9756b15dd90f:c3630, ce4aa411-63c8-4399-99eb-27ce352844f3:c3626, 3eeffb0a-787e-48ec-a2f5-d0c540a89489:c3626]
2019-08-21 15:29:55,330 | INFO  | DNAudit | user=null | ip=null | op=WRITE_CHUNK {blockData=conID: 1 locID: 102655681839956555 bcsId: 3626} | ret=SUCCESS |  
2019-08-21 15:29:55,330 | INFO  | DNAudit | user=null | ip=null | op=WRITE_CHUNK {blockData=conID: 1 locID: 102655681839956555 bcsId: 3626} | ret=SUCCESS |  
2019-08-21 15:29:55,330 | INFO  | DNAudit | user=null | ip=null | op=PUT_BLOCK {blockData=[blockId=conID: 1 locID: 102655681839956555 bcsId: 0,size=4194304]} | ret=SUCCESS |  
2019-08-21 15:29:55,330 | INFO  | DNAudit | user=null | ip=null | op=PUT_BLOCK {blockData=[blockId=conID: 1 locID: 102655681839956555 bcsId: 0,size=4194304]} | ret=SUCCESS |  
2019-08-21 15:29:55,330 [grpc-default-executor-0] INFO  client.GrpcClientProtocolClient (GrpcClientProtocolClient.java:onNext(255)) - client-029E50227556->355864cd-7ac5-4934-b366-9756b15dd90f: receive RaftClientReply:client-029E50227556->355864cd-7ac5-4934-b366-9756b15dd90f@group-785BCF25C267, cid=2443, SUCCESS, logIndex=0, commits[355864cd-7ac5-4934-b366-9756b15dd90f:c3631, ce4aa411-63c8-4399-99eb-27ce352844f3:c3630, 3eeffb0a-787e-48ec-a2f5-d0c540a89489:c3630]
2019-08-21 15:29:55,334 | INFO  | SCMAudit | user=jenkins1000 | ip=192.168.5.153 | op=ALLOCATE_BLOCK {owner=78849ec2-2b05-45d8-8cb5-e95e2230dbd1, size=4194304, type=RATIS, factor=THREE} | ret=SUCCESS |  
2019-08-21 15:29:55,337 | INFO  | OMAudit | user=jenkins1000 | ip=127.0.0.1 | op=ALLOCATE_BLOCK {volume=vol-0-32358, bucket=bucket-0-01949, key=key-0-56547, dataSize=0, replicationType=null, replicationFactor=null, keyLocationInfo=null, clientID=102655680532119954} | ret=SUCCESS |  
2019-08-21 15:29:55,343 | INFO  | DNAudit | user=null | ip=null | op=WRITE_CHUNK {blockData=conID: 2 locID: 102655681844609612 bcsId: 0} | ret=SUCCESS |  
2019-08-21 15:29:55,345 | INFO  | DNAudit | user=null | ip=null | op=WRITE_CHUNK {blockData=conID: 2 locID: 102655681844609612 bcsId: 0} | ret=SUCCESS |  
2019-08-21 15:29:55,345 | INFO  | DNAudit | user=null | ip=null | op=WRITE_CHUNK {blockData=conID: 2 locID: 102655681844609612 bcsId: 0} | ret=SUCCESS |  
2019-08-21 15:29:55,346 | INFO  | DNAudit | user=null | ip=null | op=WRITE_CHUNK {blockData=conID: 2 locID: 102655681844609612 bcsId: 0} | ret=SUCCESS |  
2019-08-21 15:29:55,347 | INFO  | DNAudit | user=null | ip=null | op=WRITE_CHUNK {blockData=conID: 2 locID: 102655681844609612 bcsId: 0} | ret=SUCCESS |  
2019-08-21 15:29:55,347 | INFO  | DNAudit | user=null | ip=null | op=WRITE_CHUNK {blockData=conID: 2 locID: 102655681844609612 bcsId: 0} | ret=SUCCESS |  
2019-08-21 15:29:55,355 | INFO  | DNAudit | user=null | ip=null | op=WRITE_CHUNK {blockData=conID: 2 locID: 102655681844609612 bcsId: 0} | ret=SUCCESS |  
2019-08-21 15:29:55,355 | INFO  | DNAudit | user=null | ip=null | op=PUT_BLOCK {blockData=[blockId=conID: 2 locID: 102655681844609612 bcsId: 0,size=1048576]} | ret=SUCCESS |  
2019-08-21 15:29:55,355 [grpc-default-executor-3] INFO  client.GrpcClientProtocolClient (GrpcClientProtocolClient.java:onNext(255)) - client-029E50227556->355864cd-7ac5-4934-b366-9756b15dd90f: receive RaftClientReply:client-029E50227556->355864cd-7ac5-4934-b366-9756b15dd90f@group-785BCF25C267, cid=2444, SUCCESS, logIndex=3633, commits[355864cd-7ac5-4934-b366-9756b15dd90f:c3634, ce4aa411-63c8-4399-99eb-27ce352844f3:c3632, 3eeffb0a-787e-48ec-a2f5-d0c540a89489:c3632]
2019-08-21 15:29:55,356 [grpc-default-executor-3] INFO  client.GrpcClientProtocolClient (GrpcClientProtocolClient.java:onNext(255)) - client-029E50227556->355864cd-7ac5-4934-b366-9756b15dd90f: receive RaftClientReply:client-029E50227556->355864cd-7ac5-4934-b366-9756b15dd90f@group-785BCF25C267, cid=2445, SUCCESS, logIndex=3634, commits[355864cd-7ac5-4934-b366-9756b15dd90f:c3634, ce4aa411-63c8-4399-99eb-27ce352844f3:c3632, 3eeffb0a-787e-48ec-a2f5-d0c540a89489:c3632]
2019-08-21 15:29:55,358 | INFO  | DNAudit | user=null | ip=null | op=WRITE_CHUNK {blockData=conID: 2 locID: 102655681844609612 bcsId: 0} | ret=SUCCESS |  
2019-08-21 15:29:55,358 | INFO  | DNAudit | user=null | ip=null | op=PUT_BLOCK {blockData=[blockId=conID: 2 locID: 102655681844609612 bcsId: 0,size=2097152]} | ret=SUCCESS |  
2019-08-21 15:29:55,358 [grpc-default-executor-3] INFO  client.GrpcClientProtocolClient (GrpcClientProtocolClient.java:onNext(255)) - client-029E50227556->355864cd-7ac5-4934-b366-9756b15dd90f: receive RaftClientReply:client-029E50227556->355864cd-7ac5-4934-b366-9756b15dd90f@group-785BCF25C267, cid=2446, SUCCESS, logIndex=3635, commits[355864cd-7ac5-4934-b366-9756b15dd90f:c3636, ce4aa411-63c8-4399-99eb-27ce352844f3:c3632, 3eeffb0a-787e-48ec-a2f5-d0c540a89489:c3632]
2019-08-21 15:29:55,358 [grpc-default-executor-3] INFO  client.GrpcClientProtocolClient (GrpcClientProtocolClient.java:onNext(255)) - client-029E50227556->355864cd-7ac5-4934-b366-9756b15dd90f: receive RaftClientReply:client-029E50227556->355864cd-7ac5-4934-b366-9756b15dd90f@group-785BCF25C267, cid=2447, SUCCESS, logIndex=3636, commits[355864cd-7ac5-4934-b366-9756b15dd90f:c3636, ce4aa411-63c8-4399-99eb-27ce352844f3:c3632, 3eeffb0a-787e-48ec-a2f5-d0c540a89489:c3632]
2019-08-21 15:29:55,358 | INFO  | DNAudit | user=null | ip=null | op=WRITE_CHUNK {blockData=conID: 2 locID: 102655681844609612 bcsId: 0} | ret=SUCCESS |  
2019-08-21 15:29:55,359 | INFO  | DNAudit | user=null | ip=null | op=PUT_BLOCK {blockData=[blockId=conID: 2 locID: 102655681844609612 bcsId: 0,size=1048576]} | ret=SUCCESS |  
2019-08-21 15:29:55,359 | INFO  | DNAudit | user=null | ip=null | op=WRITE_CHUNK {blockData=conID: 2 locID: 102655681844609612 bcsId: 0} | ret=SUCCESS |  
2019-08-21 15:29:55,359 | INFO  | DNAudit | user=null | ip=null | op=PUT_BLOCK {blockData=[blockId=conID: 2 locID: 102655681844609612 bcsId: 0,size=1048576]} | ret=SUCCESS |  
2019-08-21 15:29:55,360 | INFO  | DNAudit | user=null | ip=null | op=WRITE_CHUNK {blockData=conID: 2 locID: 102655681844609612 bcsId: 0} | ret=SUCCESS |  
2019-08-21 15:29:55,360 [grpc-default-executor-3] INFO  client.GrpcClientProtocolClient (GrpcClientProtocolClient.java:onNext(255)) - client-029E50227556->355864cd-7ac5-4934-b366-9756b15dd90f: receive RaftClientReply:client-029E50227556->355864cd-7ac5-4934-b366-9756b15dd90f@group-785BCF25C267, cid=2448, SUCCESS, logIndex=0, commits[355864cd-7ac5-4934-b366-9756b15dd90f:c3638, ce4aa411-63c8-4399-99eb-27ce352844f3:c3634, 3eeffb0a-787e-48ec-a2f5-d0c540a89489:c3634]
2019-08-21 15:29:55,360 | INFO  | DNAudit | user=null | ip=null | op=PUT_BLOCK {blockData=[blockId=conID: 2 locID: 102655681844609612 bcsId: 0,size=2097152]} | ret=SUCCESS |  
2019-08-21 15:29:55,361 | INFO  | DNAudit | user=null | ip=null | op=WRITE_CHUNK {blockData=conID: 2 locID: 102655681844609612 bcsId: 0} | ret=SUCCESS |  
2019-08-21 15:29:55,361 | INFO  | DNAudit | user=null | ip=null | op=PUT_BLOCK {blockData=[blockId=conID: 2 locID: 102655681844609612 bcsId: 0,size=2097152]} | ret=SUCCESS |  
2019-08-21 15:29:55,365 | INFO  | DNAudit | user=null | ip=null | op=WRITE_CHUNK {blockData=conID: 2 locID: 102655681844609612 bcsId: 3636} | ret=SUCCESS |  
2019-08-21 15:29:55,367 | INFO  | DNAudit | user=null | ip=null | op=WRITE_CHUNK {blockData=conID: 2 locID: 102655681844609612 bcsId: 3636} | ret=SUCCESS |  
2019-08-21 15:29:55,367 | INFO  | DNAudit | user=null | ip=null | op=WRITE_CHUNK {blockData=conID: 2 locID: 102655681844609612 bcsId: 3636} | ret=SUCCESS |  
2019-08-21 15:29:55,378 | INFO  | DNAudit | user=null | ip=null | op=WRITE_CHUNK {blockData=conID: 2 locID: 102655681844609612 bcsId: 3636} | ret=SUCCESS |  
2019-08-21 15:29:55,378 | INFO  | DNAudit | user=null | ip=null | op=PUT_BLOCK {blockData=[blockId=conID: 2 locID: 102655681844609612 bcsId: 0,size=3145728]} | ret=SUCCESS |  
2019-08-21 15:29:55,378 [grpc-default-executor-0] INFO  client.GrpcClientProtocolClient (GrpcClientProtocolClient.java:onNext(255)) - client-029E50227556->355864cd-7ac5-4934-b366-9756b15dd90f: receive RaftClientReply:client-029E50227556->355864cd-7ac5-4934-b366-9756b15dd90f@group-785BCF25C267, cid=2449, SUCCESS, logIndex=3641, commits[355864cd-7ac5-4934-b366-9756b15dd90f:c3642, ce4aa411-63c8-4399-99eb-27ce352844f3:c3640, 3eeffb0a-787e-48ec-a2f5-d0c540a89489:c3640]
2019-08-21 15:29:55,378 [grpc-default-executor-0] INFO  client.GrpcClientProtocolClient (GrpcClientProtocolClient.java:onNext(255)) - client-029E50227556->355864cd-7ac5-4934-b366-9756b15dd90f: receive RaftClientReply:client-029E50227556->355864cd-7ac5-4934-b366-9756b15dd90f@group-785BCF25C267, cid=2450, SUCCESS, logIndex=3642, commits[355864cd-7ac5-4934-b366-9756b15dd90f:c3642, ce4aa411-63c8-4399-99eb-27ce352844f3:c3640, 3eeffb0a-787e-48ec-a2f5-d0c540a89489:c3640]
2019-08-21 15:29:55,379 | INFO  | DNAudit | user=null | ip=null | op=WRITE_CHUNK {blockData=conID: 2 locID: 102655681844609612 bcsId: 3636} | ret=SUCCESS |  
2019-08-21 15:29:55,379 | INFO  | DNAudit | user=null | ip=null | op=PUT_BLOCK {blockData=[blockId=conID: 2 locID: 102655681844609612 bcsId: 0,size=3145728]} | ret=SUCCESS |  
2019-08-21 15:29:55,379 | INFO  | DNAudit | user=null | ip=null | op=WRITE_CHUNK {blockData=conID: 2 locID: 102655681844609612 bcsId: 3636} | ret=SUCCESS |  
2019-08-21 15:29:55,380 | INFO  | DNAudit | user=null | ip=null | op=PUT_BLOCK {blockData=[blockId=conID: 2 locID: 102655681844609612 bcsId: 0,size=3145728]} | ret=SUCCESS |  
2019-08-21 15:29:55,383 | INFO  | DNAudit | user=null | ip=null | op=WRITE_CHUNK {blockData=conID: 2 locID: 102655681844609612 bcsId: 3642} | ret=SUCCESS |  
2019-08-21 15:29:55,385 | INFO  | DNAudit | user=null | ip=null | op=WRITE_CHUNK {blockData=conID: 2 locID: 102655681844609612 bcsId: 3642} | ret=SUCCESS |  
2019-08-21 15:29:55,385 | INFO  | DNAudit | user=null | ip=null | op=WRITE_CHUNK {blockData=conID: 2 locID: 102655681844609612 bcsId: 3642} | ret=SUCCESS |  
2019-08-21 15:29:55,395 | INFO  | DNAudit | user=null | ip=null | op=WRITE_CHUNK {blockData=conID: 2 locID: 102655681844609612 bcsId: 3642} | ret=SUCCESS |  
2019-08-21 15:29:55,396 | INFO  | DNAudit | user=null | ip=null | op=PUT_BLOCK {blockData=[blockId=conID: 2 locID: 102655681844609612 bcsId: 0,size=4194304]} | ret=SUCCESS |  
2019-08-21 15:29:55,396 [grpc-default-executor-0] INFO  client.GrpcClientProtocolClient (GrpcClientProtocolClient.java:onNext(255)) - client-029E50227556->355864cd-7ac5-4934-b366-9756b15dd90f: receive RaftClientReply:client-029E50227556->355864cd-7ac5-4934-b366-9756b15dd90f@group-785BCF25C267, cid=2451, SUCCESS, logIndex=3645, commits[355864cd-7ac5-4934-b366-9756b15dd90f:c3646, ce4aa411-63c8-4399-99eb-27ce352844f3:c3644, 3eeffb0a-787e-48ec-a2f5-d0c540a89489:c3644]
2019-08-21 15:29:55,396 [grpc-default-executor-0] INFO  client.GrpcClientProtocolClient (GrpcClientProtocolClient.java:onNext(255)) - client-029E50227556->355864cd-7ac5-4934-b366-9756b15dd90f: receive RaftClientReply:client-029E50227556->355864cd-7ac5-4934-b366-9756b15dd90f@group-785BCF25C267, cid=2452, SUCCESS, logIndex=3646, commits[355864cd-7ac5-4934-b366-9756b15dd90f:c3646, ce4aa411-63c8-4399-99eb-27ce352844f3:c3644, 3eeffb0a-787e-48ec-a2f5-d0c540a89489:c3644]
2019-08-21 15:29:55,405 | INFO  | DNAudit | user=null | ip=null | op=WRITE_CHUNK {blockData=conID: 2 locID: 102655681844609612 bcsId: 3642} | ret=SUCCESS |  
2019-08-21 15:29:55,405 | INFO  | DNAudit | user=null | ip=null | op=WRITE_CHUNK {blockData=conID: 2 locID: 102655681844609612 bcsId: 3642} | ret=SUCCESS |  
2019-08-21 15:29:55,405 | INFO  | DNAudit | user=null | ip=null | op=PUT_BLOCK {blockData=[blockId=conID: 2 locID: 102655681844609612 bcsId: 0,size=4194304]} | ret=SUCCESS |  
2019-08-21 15:29:55,407 | INFO  | DNAudit | user=null | ip=null | op=PUT_BLOCK {blockData=[blockId=conID: 2 locID: 102655681844609612 bcsId: 0,size=4194304]} | ret=SUCCESS |  
2019-08-21 15:29:55,407 [grpc-default-executor-0] INFO  client.GrpcClientProtocolClient (GrpcClientProtocolClient.java:onNext(255)) - client-029E50227556->355864cd-7ac5-4934-b366-9756b15dd90f: receive RaftClientReply:client-029E50227556->355864cd-7ac5-4934-b366-9756b15dd90f@group-785BCF25C267, cid=2453, SUCCESS, logIndex=0, commits[355864cd-7ac5-4934-b366-9756b15dd90f:c3647, ce4aa411-63c8-4399-99eb-27ce352844f3:c3646, 3eeffb0a-787e-48ec-a2f5-d0c540a89489:c3646]
2019-08-21 15:29:55,412 | INFO  | SCMAudit | user=jenkins1000 | ip=192.168.5.153 | op=ALLOCATE_BLOCK {owner=78849ec2-2b05-45d8-8cb5-e95e2230dbd1, size=4194304, type=RATIS, factor=THREE} | ret=SUCCESS |  
2019-08-21 15:29:55,415 | INFO  | OMAudit | user=jenkins1000 | ip=127.0.0.1 | op=ALLOCATE_BLOCK {volume=vol-0-32358, bucket=bucket-0-01949, key=key-0-56547, dataSize=0, replicationType=null, replicationFactor=null, keyLocationInfo=null, clientID=102655680532119954} | ret=SUCCESS |  
2019-08-21 15:29:55,420 | INFO  | DNAudit | user=null | ip=null | op=WRITE_CHUNK {blockData=conID: 3 locID: 102655681849721421 bcsId: 0} | ret=SUCCESS |  
2019-08-21 15:29:55,422 | INFO  | DNAudit | user=null | ip=null | op=WRITE_CHUNK {blockData=conID: 3 locID: 102655681849721421 bcsId: 0} | ret=SUCCESS |  
2019-08-21 15:29:55,422 | INFO  | DNAudit | user=null | ip=null | op=WRITE_CHUNK {blockData=conID: 3 locID: 102655681849721421 bcsId: 0} | ret=SUCCESS |  
2019-08-21 15:29:55,423 | INFO  | DNAudit | user=null | ip=null | op=WRITE_CHUNK {blockData=conID: 3 locID: 102655681849721421 bcsId: 0} | ret=SUCCESS |  
2019-08-21 15:29:55,424 | INFO  | DNAudit | user=null | ip=null | op=WRITE_CHUNK {blockData=conID: 3 locID: 102655681849721421 bcsId: 0} | ret=SUCCESS |  
2019-08-21 15:29:55,424 | INFO  | DNAudit | user=null | ip=null | op=WRITE_CHUNK {blockData=conID: 3 locID: 102655681849721421 bcsId: 0} | ret=SUCCESS |  
2019-08-21 15:29:55,455 | INFO  | DNAudit | user=null | ip=null | op=WRITE_CHUNK {blockData=conID: 3 locID: 102655681849721421 bcsId: 0} | ret=SUCCESS |  
2019-08-21 15:29:55,455 | INFO  | DNAudit | user=null | ip=null | op=PUT_BLOCK {blockData=[blockId=conID: 3 locID: 102655681849721421 bcsId: 0,size=1048576]} | ret=SUCCESS |  
2019-08-21 15:29:55,456 | INFO  | DNAudit | user=null | ip=null | op=WRITE_CHUNK {blockData=conID: 3 locID: 102655681849721421 bcsId: 0} | ret=SUCCESS |  
2019-08-21 15:29:55,455 [grpc-default-executor-0] INFO  client.GrpcClientProtocolClient (GrpcClientProtocolClient.java:onNext(255)) - client-029E50227556->355864cd-7ac5-4934-b366-9756b15dd90f: receive RaftClientReply:client-029E50227556->355864cd-7ac5-4934-b366-9756b15dd90f@group-785BCF25C267, cid=2454, SUCCESS, logIndex=3649, commits[355864cd-7ac5-4934-b366-9756b15dd90f:c3650, ce4aa411-63c8-4399-99eb-27ce352844f3:c3648, 3eeffb0a-787e-48ec-a2f5-d0c540a89489:c3648]
2019-08-21 15:29:55,456 | INFO  | DNAudit | user=null | ip=null | op=PUT_BLOCK {blockData=[blockId=conID: 3 locID: 102655681849721421 bcsId: 0,size=2097152]} | ret=SUCCESS |  
2019-08-21 15:29:55,456 [grpc-default-executor-0] INFO  client.GrpcClientProtocolClient (GrpcClientProtocolClient.java:onNext(255)) - client-029E50227556->355864cd-7ac5-4934-b366-9756b15dd90f: receive RaftClientReply:client-029E50227556->355864cd-7ac5-4934-b366-9756b15dd90f@group-785BCF25C267, cid=2455, SUCCESS, logIndex=3650, commits[355864cd-7ac5-4934-b366-9756b15dd90f:c3652, ce4aa411-63c8-4399-99eb-27ce352844f3:c3648, 3eeffb0a-787e-48ec-a2f5-d0c540a89489:c3648]
2019-08-21 15:29:55,456 [grpc-default-executor-0] INFO  client.GrpcClientProtocolClient (GrpcClientProtocolClient.java:onNext(255)) - client-029E50227556->355864cd-7ac5-4934-b366-9756b15dd90f: receive RaftClientReply:client-029E50227556->355864cd-7ac5-4934-b366-9756b15dd90f@group-785BCF25C267, cid=2456, SUCCESS, logIndex=3651, commits[355864cd-7ac5-4934-b366-9756b15dd90f:c3652, ce4aa411-63c8-4399-99eb-27ce352844f3:c3648, 3eeffb0a-787e-48ec-a2f5-d0c540a89489:c3648]
2019-08-21 15:29:55,456 | INFO  | DNAudit | user=null | ip=null | op=WRITE_CHUNK {blockData=conID: 3 locID: 102655681849721421 bcsId: 0} | ret=SUCCESS |  
2019-08-21 15:29:55,456 [grpc-default-executor-0] INFO  client.GrpcClientProtocolClient (GrpcClientProtocolClient.java:onNext(255)) - client-029E50227556->355864cd-7ac5-4934-b366-9756b15dd90f: receive RaftClientReply:client-029E50227556->355864cd-7ac5-4934-b366-9756b15dd90f@group-785BCF25C267, cid=2457, SUCCESS, logIndex=3652, commits[355864cd-7ac5-4934-b366-9756b15dd90f:c3652, ce4aa411-63c8-4399-99eb-27ce352844f3:c3648, 3eeffb0a-787e-48ec-a2f5-d0c540a89489:c3648]
2019-08-21 15:29:55,456 | INFO  | DNAudit | user=null | ip=null | op=PUT_BLOCK {blockData=[blockId=conID: 3 locID: 102655681849721421 bcsId: 0,size=1048576]} | ret=SUCCESS |  
2019-08-21 15:29:55,457 | INFO  | DNAudit | user=null | ip=null | op=WRITE_CHUNK {blockData=conID: 3 locID: 102655681849721421 bcsId: 0} | ret=SUCCESS |  
2019-08-21 15:29:55,457 | INFO  | DNAudit | user=null | ip=null | op=PUT_BLOCK {blockData=[blockId=conID: 3 locID: 102655681849721421 bcsId: 0,size=1048576]} | ret=SUCCESS |  
2019-08-21 15:29:55,457 [grpc-default-executor-0] INFO  client.GrpcClientProtocolClient (GrpcClientProtocolClient.java:onNext(255)) - client-029E50227556->355864cd-7ac5-4934-b366-9756b15dd90f: receive RaftClientReply:client-029E50227556->355864cd-7ac5-4934-b366-9756b15dd90f@group-785BCF25C267, cid=2458, SUCCESS, logIndex=0, commits[355864cd-7ac5-4934-b366-9756b15dd90f:c3653, ce4aa411-63c8-4399-99eb-27ce352844f3:c3650, 3eeffb0a-787e-48ec-a2f5-d0c540a89489:c3650]
2019-08-21 15:29:55,459 | INFO  | DNAudit | user=null | ip=null | op=WRITE_CHUNK {blockData=conID: 3 locID: 102655681849721421 bcsId: 0} | ret=SUCCESS |  
2019-08-21 15:29:55,459 | INFO  | DNAudit | user=null | ip=null | op=PUT_BLOCK {blockData=[blockId=conID: 3 locID: 102655681849721421 bcsId: 0,size=2097152]} | ret=SUCCESS |  
2019-08-21 15:29:55,459 | INFO  | DNAudit | user=null | ip=null | op=WRITE_CHUNK {blockData=conID: 3 locID: 102655681849721421 bcsId: 0} | ret=SUCCESS |  
2019-08-21 15:29:55,460 | INFO  | DNAudit | user=null | ip=null | op=PUT_BLOCK {blockData=[blockId=conID: 3 locID: 102655681849721421 bcsId: 0,size=2097152]} | ret=SUCCESS |  
2019-08-21 15:29:55,462 | INFO  | DNAudit | user=null | ip=null | op=WRITE_CHUNK {blockData=conID: 3 locID: 102655681849721421 bcsId: 3652} | ret=SUCCESS |  
2019-08-21 15:29:55,464 | INFO  | DNAudit | user=null | ip=null | op=WRITE_CHUNK {blockData=conID: 3 locID: 102655681849721421 bcsId: 3652} | ret=SUCCESS |  
2019-08-21 15:29:55,465 | INFO  | DNAudit | user=null | ip=null | op=WRITE_CHUNK {blockData=conID: 3 locID: 102655681849721421 bcsId: 3652} | ret=SUCCESS |  
2019-08-21 15:29:55,473 | INFO  | DNAudit | user=null | ip=null | op=WRITE_CHUNK {blockData=conID: 3 locID: 102655681849721421 bcsId: 3652} | ret=SUCCESS |  
2019-08-21 15:29:55,474 | INFO  | DNAudit | user=null | ip=null | op=PUT_BLOCK {blockData=[blockId=conID: 3 locID: 102655681849721421 bcsId: 0,size=3145728]} | ret=SUCCESS |  
2019-08-21 15:29:55,474 [grpc-default-executor-0] INFO  client.GrpcClientProtocolClient (GrpcClientProtocolClient.java:onNext(255)) - client-029E50227556->355864cd-7ac5-4934-b366-9756b15dd90f: receive RaftClientReply:client-029E50227556->355864cd-7ac5-4934-b366-9756b15dd90f@group-785BCF25C267, cid=2459, SUCCESS, logIndex=3656, commits[355864cd-7ac5-4934-b366-9756b15dd90f:c3657, ce4aa411-63c8-4399-99eb-27ce352844f3:c3655, 3eeffb0a-787e-48ec-a2f5-d0c540a89489:c3655]
2019-08-21 15:29:55,474 [grpc-default-executor-0] INFO  client.GrpcClientProtocolClient (GrpcClientProtocolClient.java:onNext(255)) - client-029E50227556->355864cd-7ac5-4934-b366-9756b15dd90f: receive RaftClientReply:client-029E50227556->355864cd-7ac5-4934-b366-9756b15dd90f@group-785BCF25C267, cid=2460, SUCCESS, logIndex=3657, commits[355864cd-7ac5-4934-b366-9756b15dd90f:c3657, ce4aa411-63c8-4399-99eb-27ce352844f3:c3655, 3eeffb0a-787e-48ec-a2f5-d0c540a89489:c3655]
2019-08-21 15:29:55,480 | INFO  | DNAudit | user=null | ip=null | op=WRITE_CHUNK {blockData=conID: 3 locID: 102655681849721421 bcsId: 3657} | ret=SUCCESS |  
2019-08-21 15:29:55,481 | INFO  | DNAudit | user=null | ip=null | op=WRITE_CHUNK {blockData=conID: 3 locID: 102655681849721421 bcsId: 3657} | ret=SUCCESS |  
2019-08-21 15:29:55,482 | INFO  | DNAudit | user=null | ip=null | op=WRITE_CHUNK {blockData=conID: 3 locID: 102655681849721421 bcsId: 3657} | ret=SUCCESS |  
2019-08-21 15:29:55,485 | INFO  | DNAudit | user=null | ip=null | op=WRITE_CHUNK {blockData=conID: 3 locID: 102655681849721421 bcsId: 3652} | ret=SUCCESS |  
2019-08-21 15:29:55,485 | INFO  | DNAudit | user=null | ip=null | op=WRITE_CHUNK {blockData=conID: 3 locID: 102655681849721421 bcsId: 3652} | ret=SUCCESS |  
2019-08-21 15:29:55,485 | INFO  | DNAudit | user=null | ip=null | op=PUT_BLOCK {blockData=[blockId=conID: 3 locID: 102655681849721421 bcsId: 0,size=3145728]} | ret=SUCCESS |  
2019-08-21 15:29:55,485 | INFO  | DNAudit | user=null | ip=null | op=PUT_BLOCK {blockData=[blockId=conID: 3 locID: 102655681849721421 bcsId: 0,size=3145728]} | ret=SUCCESS |  
2019-08-21 15:29:55,489 | INFO  | DNAudit | user=null | ip=null | op=WRITE_CHUNK {blockData=conID: 3 locID: 102655681849721421 bcsId: 3657} | ret=SUCCESS |  
2019-08-21 15:29:55,489 | INFO  | DNAudit | user=null | ip=null | op=PUT_BLOCK {blockData=[blockId=conID: 3 locID: 102655681849721421 bcsId: 0,size=4194304]} | ret=SUCCESS |  
2019-08-21 15:29:55,489 [grpc-default-executor-3] INFO  client.GrpcClientProtocolClient (GrpcClientProtocolClient.java:onNext(255)) - client-029E50227556->355864cd-7ac5-4934-b366-9756b15dd90f: receive RaftClientReply:client-029E50227556->355864cd-7ac5-4934-b366-9756b15dd90f@group-785BCF25C267, cid=2461, SUCCESS, logIndex=3660, commits[355864cd-7ac5-4934-b366-9756b15dd90f:c3661, ce4aa411-63c8-4399-99eb-27ce352844f3:c3657, 3eeffb0a-787e-48ec-a2f5-d0c540a89489:c3657]
2019-08-21 15:29:55,490 [grpc-default-executor-3] INFO  client.GrpcClientProtocolClient (GrpcClientProtocolClient.java:onNext(255)) - client-029E50227556->355864cd-7ac5-4934-b366-9756b15dd90f: receive RaftClientReply:client-029E50227556->355864cd-7ac5-4934-b366-9756b15dd90f@group-785BCF25C267, cid=2462, SUCCESS, logIndex=3661, commits[355864cd-7ac5-4934-b366-9756b15dd90f:c3661, ce4aa411-63c8-4399-99eb-27ce352844f3:c3657, 3eeffb0a-787e-48ec-a2f5-d0c540a89489:c3657]
2019-08-21 15:29:55,500 | INFO  | DNAudit | user=null | ip=null | op=WRITE_CHUNK {blockData=conID: 3 locID: 102655681849721421 bcsId: 3657} | ret=SUCCESS |  
2019-08-21 15:29:55,501 | INFO  | DNAudit | user=null | ip=null | op=WRITE_CHUNK {blockData=conID: 3 locID: 102655681849721421 bcsId: 3657} | ret=SUCCESS |  
2019-08-21 15:29:55,502 | INFO  | DNAudit | user=null | ip=null | op=PUT_BLOCK {blockData=[blockId=conID: 3 locID: 102655681849721421 bcsId: 0,size=4194304]} | ret=SUCCESS |  
2019-08-21 15:29:55,502 | INFO  | DNAudit | user=null | ip=null | op=PUT_BLOCK {blockData=[blockId=conID: 3 locID: 102655681849721421 bcsId: 0,size=4194304]} | ret=SUCCESS |  
2019-08-21 15:29:55,502 [grpc-default-executor-3] INFO  client.GrpcClientProtocolClient (GrpcClientProtocolClient.java:onNext(255)) - client-029E50227556->355864cd-7ac5-4934-b366-9756b15dd90f: receive RaftClientReply:client-029E50227556->355864cd-7ac5-4934-b366-9756b15dd90f@group-785BCF25C267, cid=2463, SUCCESS, logIndex=0, commits[355864cd-7ac5-4934-b366-9756b15dd90f:c3663, ce4aa411-63c8-4399-99eb-27ce352844f3:c3661, 3eeffb0a-787e-48ec-a2f5-d0c540a89489:c3661]
2019-08-21 15:29:55,507 | INFO  | SCMAudit | user=jenkins1000 | ip=192.168.5.153 | op=ALLOCATE_BLOCK {owner=78849ec2-2b05-45d8-8cb5-e95e2230dbd1, size=4194304, type=RATIS, factor=THREE} | ret=SUCCESS |  
2019-08-21 15:29:55,510 | INFO  | OMAudit | user=jenkins1000 | ip=127.0.0.1 | op=ALLOCATE_BLOCK {volume=vol-0-32358, bucket=bucket-0-01949, key=key-0-56547, dataSize=0, replicationType=null, replicationFactor=null, keyLocationInfo=null, clientID=102655680532119954} | ret=SUCCESS |  
2019-08-21 15:29:55,516 | INFO  | DNAudit | user=null | ip=null | op=WRITE_CHUNK {blockData=conID: 1 locID: 102655681855947342 bcsId: 0} | ret=SUCCESS |  
2019-08-21 15:29:55,518 | INFO  | DNAudit | user=null | ip=null | op=WRITE_CHUNK {blockData=conID: 1 locID: 102655681855947342 bcsId: 0} | ret=SUCCESS |  
2019-08-21 15:29:55,519 | INFO  | DNAudit | user=null | ip=null | op=WRITE_CHUNK {blockData=conID: 1 locID: 102655681855947342 bcsId: 0} | ret=SUCCESS |  
2019-08-21 15:29:55,519 | INFO  | DNAudit | user=null | ip=null | op=WRITE_CHUNK {blockData=conID: 1 locID: 102655681855947342 bcsId: 0} | ret=SUCCESS |  
2019-08-21 15:29:55,521 | INFO  | DNAudit | user=null | ip=null | op=WRITE_CHUNK {blockData=conID: 1 locID: 102655681855947342 bcsId: 0} | ret=SUCCESS |  
2019-08-21 15:29:55,522 | INFO  | DNAudit | user=null | ip=null | op=WRITE_CHUNK {blockData=conID: 1 locID: 102655681855947342 bcsId: 0} | ret=SUCCESS |  
2019-08-21 15:29:55,529 | INFO  | DNAudit | user=null | ip=null | op=WRITE_CHUNK {blockData=conID: 1 locID: 102655681855947342 bcsId: 0} | ret=SUCCESS |  
2019-08-21 15:29:55,529 | INFO  | DNAudit | user=null | ip=null | op=PUT_BLOCK {blockData=[blockId=conID: 1 locID: 102655681855947342 bcsId: 0,size=1048576]} | ret=SUCCESS |  
2019-08-21 15:29:55,529 [grpc-default-executor-3] INFO  client.GrpcClientProtocolClient (GrpcClientProtocolClient.java:onNext(255)) - client-029E50227556->355864cd-7ac5-4934-b366-9756b15dd90f: receive RaftClientReply:client-029E50227556->355864cd-7ac5-4934-b366-9756b15dd90f@group-785BCF25C267, cid=2464, SUCCESS, logIndex=3664, commits[355864cd-7ac5-4934-b366-9756b15dd90f:c3665, ce4aa411-63c8-4399-99eb-27ce352844f3:c3663, 3eeffb0a-787e-48ec-a2f5-d0c540a89489:c3663]
2019-08-21 15:29:55,529 [grpc-default-executor-3] INFO  client.GrpcClientProtocolClient (GrpcClientProtocolClient.java:onNext(255)) - client-029E50227556->355864cd-7ac5-4934-b366-9756b15dd90f: receive RaftClientReply:client-029E50227556->355864cd-7ac5-4934-b366-9756b15dd90f@group-785BCF25C267, cid=2465, SUCCESS, logIndex=3665, commits[355864cd-7ac5-4934-b366-9756b15dd90f:c3665, ce4aa411-63c8-4399-99eb-27ce352844f3:c3663, 3eeffb0a-787e-48ec-a2f5-d0c540a89489:c3663]
2019-08-21 15:29:55,530 | INFO  | DNAudit | user=null | ip=null | op=WRITE_CHUNK {blockData=conID: 1 locID: 102655681855947342 bcsId: 0} | ret=SUCCESS |  
2019-08-21 15:29:55,530 | INFO  | DNAudit | user=null | ip=null | op=PUT_BLOCK {blockData=[blockId=conID: 1 locID: 102655681855947342 bcsId: 0,size=2097152]} | ret=SUCCESS |  
2019-08-21 15:29:55,530 [grpc-default-executor-4] INFO  client.GrpcClientProtocolClient (GrpcClientProtocolClient.java:onNext(255)) - client-029E50227556->355864cd-7ac5-4934-b366-9756b15dd90f: receive RaftClientReply:client-029E50227556->355864cd-7ac5-4934-b366-9756b15dd90f@group-785BCF25C267, cid=2466, SUCCESS, logIndex=3666, commits[355864cd-7ac5-4934-b366-9756b15dd90f:c3666, ce4aa411-63c8-4399-99eb-27ce352844f3:c3663, 3eeffb0a-787e-48ec-a2f5-d0c540a89489:c3663]
2019-08-21 15:29:55,530 [grpc-default-executor-4] INFO  client.GrpcClientProtocolClient (GrpcClientProtocolClient.java:onNext(255)) - client-029E50227556->355864cd-7ac5-4934-b366-9756b15dd90f: receive RaftClientReply:client-029E50227556->355864cd-7ac5-4934-b366-9756b15dd90f@group-785BCF25C267, cid=2467, SUCCESS, logIndex=3667, commits[355864cd-7ac5-4934-b366-9756b15dd90f:c3667, ce4aa411-63c8-4399-99eb-27ce352844f3:c3663, 3eeffb0a-787e-48ec-a2f5-d0c540a89489:c3663]
2019-08-21 15:29:55,531 | INFO  | DNAudit | user=null | ip=null | op=WRITE_CHUNK {blockData=conID: 1 locID: 102655681855947342 bcsId: 0} | ret=SUCCESS |  
2019-08-21 15:29:55,531 | INFO  | DNAudit | user=null | ip=null | op=PUT_BLOCK {blockData=[blockId=conID: 1 locID: 102655681855947342 bcsId: 0,size=1048576]} | ret=SUCCESS |  
2019-08-21 15:29:55,533 | INFO  | DNAudit | user=null | ip=null | op=WRITE_CHUNK {blockData=conID: 1 locID: 102655681855947342 bcsId: 0} | ret=SUCCESS |  
2019-08-21 15:29:55,533 | INFO  | DNAudit | user=null | ip=null | op=PUT_BLOCK {blockData=[blockId=conID: 1 locID: 102655681855947342 bcsId: 0,size=1048576]} | ret=SUCCESS |  
2019-08-21 15:29:55,533 [grpc-default-executor-3] INFO  client.GrpcClientProtocolClient (GrpcClientProtocolClient.java:onNext(255)) - client-029E50227556->355864cd-7ac5-4934-b366-9756b15dd90f: receive RaftClientReply:client-029E50227556->355864cd-7ac5-4934-b366-9756b15dd90f@group-785BCF25C267, cid=2468, SUCCESS, logIndex=0, commits[355864cd-7ac5-4934-b366-9756b15dd90f:c3669, ce4aa411-63c8-4399-99eb-27ce352844f3:c3665, 3eeffb0a-787e-48ec-a2f5-d0c540a89489:c3665]
2019-08-21 15:29:55,533 | INFO  | DNAudit | user=null | ip=null | op=WRITE_CHUNK {blockData=conID: 1 locID: 102655681855947342 bcsId: 0} | ret=SUCCESS |  
2019-08-21 15:29:55,540 | INFO  | DNAudit | user=null | ip=null | op=WRITE_CHUNK {blockData=conID: 1 locID: 102655681855947342 bcsId: 3667} | ret=SUCCESS |  
2019-08-21 15:29:55,542 | INFO  | DNAudit | user=null | ip=null | op=WRITE_CHUNK {blockData=conID: 1 locID: 102655681855947342 bcsId: 3667} | ret=SUCCESS |  
2019-08-21 15:29:55,544 | INFO  | DNAudit | user=null | ip=null | op=WRITE_CHUNK {blockData=conID: 1 locID: 102655681855947342 bcsId: 0} | ret=SUCCESS |  
2019-08-21 15:29:55,544 | INFO  | DNAudit | user=null | ip=null | op=WRITE_CHUNK {blockData=conID: 1 locID: 102655681855947342 bcsId: 3667} | ret=SUCCESS |  
2019-08-21 15:29:55,544 | INFO  | DNAudit | user=null | ip=null | op=PUT_BLOCK {blockData=[blockId=conID: 1 locID: 102655681855947342 bcsId: 0,size=2097152]} | ret=SUCCESS |  
2019-08-21 15:29:55,544 | INFO  | DNAudit | user=null | ip=null | op=PUT_BLOCK {blockData=[blockId=conID: 1 locID: 102655681855947342 bcsId: 0,size=2097152]} | ret=SUCCESS |  
2019-08-21 15:29:55,547 | INFO  | DNAudit | user=null | ip=null | op=WRITE_CHUNK {blockData=conID: 1 locID: 102655681855947342 bcsId: 3667} | ret=SUCCESS |  
2019-08-21 15:29:55,548 | INFO  | DNAudit | user=null | ip=null | op=PUT_BLOCK {blockData=[blockId=conID: 1 locID: 102655681855947342 bcsId: 0,size=3145728]} | ret=SUCCESS |  
2019-08-21 15:29:55,548 [grpc-default-executor-2] INFO  client.GrpcClientProtocolClient (GrpcClientProtocolClient.java:onNext(255)) - client-029E50227556->355864cd-7ac5-4934-b366-9756b15dd90f: receive RaftClientReply:client-029E50227556->355864cd-7ac5-4934-b366-9756b15dd90f@group-785BCF25C267, cid=2469, SUCCESS, logIndex=3672, commits[355864cd-7ac5-4934-b366-9756b15dd90f:c3673, ce4aa411-63c8-4399-99eb-27ce352844f3:c3670, 3eeffb0a-787e-48ec-a2f5-d0c540a89489:c3670]
2019-08-21 15:29:55,548 [grpc-default-executor-2] INFO  client.GrpcClientProtocolClient (GrpcClientProtocolClient.java:onNext(255)) - client-029E50227556->355864cd-7ac5-4934-b366-9756b15dd90f: receive RaftClientReply:client-029E50227556->355864cd-7ac5-4934-b366-9756b15dd90f@group-785BCF25C267, cid=2470, SUCCESS, logIndex=3673, commits[355864cd-7ac5-4934-b366-9756b15dd90f:c3673, ce4aa411-63c8-4399-99eb-27ce352844f3:c3670, 3eeffb0a-787e-48ec-a2f5-d0c540a89489:c3670]
2019-08-21 15:29:55,554 | INFO  | DNAudit | user=null | ip=null | op=WRITE_CHUNK {blockData=conID: 1 locID: 102655681855947342 bcsId: 3673} | ret=SUCCESS |  
2019-08-21 15:29:55,555 | INFO  | DNAudit | user=null | ip=null | op=WRITE_CHUNK {blockData=conID: 1 locID: 102655681855947342 bcsId: 3673} | ret=SUCCESS |  
2019-08-21 15:29:55,555 | INFO  | DNAudit | user=null | ip=null | op=WRITE_CHUNK {blockData=conID: 1 locID: 102655681855947342 bcsId: 3673} | ret=SUCCESS |  
2019-08-21 15:29:55,559 | INFO  | DNAudit | user=null | ip=null | op=WRITE_CHUNK {blockData=conID: 1 locID: 102655681855947342 bcsId: 3667} | ret=SUCCESS |  
2019-08-21 15:29:55,559 | INFO  | DNAudit | user=null | ip=null | op=WRITE_CHUNK {blockData=conID: 1 locID: 102655681855947342 bcsId: 3667} | ret=SUCCESS |  
2019-08-21 15:29:55,559 | INFO  | DNAudit | user=null | ip=null | op=PUT_BLOCK {blockData=[blockId=conID: 1 locID: 102655681855947342 bcsId: 0,size=3145728]} | ret=SUCCESS |  
2019-08-21 15:29:55,559 | INFO  | DNAudit | user=null | ip=null | op=PUT_BLOCK {blockData=[blockId=conID: 1 locID: 102655681855947342 bcsId: 0,size=3145728]} | ret=SUCCESS |  
2019-08-21 15:29:55,562 | INFO  | DNAudit | user=null | ip=null | op=WRITE_CHUNK {blockData=conID: 1 locID: 102655681855947342 bcsId: 3673} | ret=SUCCESS |  
2019-08-21 15:29:55,562 | INFO  | DNAudit | user=null | ip=null | op=PUT_BLOCK {blockData=[blockId=conID: 1 locID: 102655681855947342 bcsId: 0,size=4194304]} | ret=SUCCESS |  
2019-08-21 15:29:55,562 [grpc-default-executor-2] INFO  client.GrpcClientProtocolClient (GrpcClientProtocolClient.java:onNext(255)) - client-029E50227556->355864cd-7ac5-4934-b366-9756b15dd90f: receive RaftClientReply:client-029E50227556->355864cd-7ac5-4934-b366-9756b15dd90f@group-785BCF25C267, cid=2471, SUCCESS, logIndex=3675, commits[355864cd-7ac5-4934-b366-9756b15dd90f:c3676, ce4aa411-63c8-4399-99eb-27ce352844f3:c3673, 3eeffb0a-787e-48ec-a2f5-d0c540a89489:c3673]
2019-08-21 15:29:55,562 [grpc-default-executor-2] INFO  client.GrpcClientProtocolClient (GrpcClientProtocolClient.java:onNext(255)) - client-029E50227556->355864cd-7ac5-4934-b366-9756b15dd90f: receive RaftClientReply:client-029E50227556->355864cd-7ac5-4934-b366-9756b15dd90f@group-785BCF25C267, cid=2472, SUCCESS, logIndex=3676, commits[355864cd-7ac5-4934-b366-9756b15dd90f:c3676, ce4aa411-63c8-4399-99eb-27ce352844f3:c3673, 3eeffb0a-787e-48ec-a2f5-d0c540a89489:c3673]
2019-08-21 15:29:55,573 | INFO  | DNAudit | user=null | ip=null | op=WRITE_CHUNK {blockData=conID: 1 locID: 102655681855947342 bcsId: 3673} | ret=SUCCESS |  
2019-08-21 15:29:55,575 | INFO  | DNAudit | user=null | ip=null | op=WRITE_CHUNK {blockData=conID: 1 locID: 102655681855947342 bcsId: 3673} | ret=SUCCESS |  
2019-08-21 15:29:55,576 | INFO  | DNAudit | user=null | ip=null | op=PUT_BLOCK {blockData=[blockId=conID: 1 locID: 102655681855947342 bcsId: 0,size=4194304]} | ret=SUCCESS |  
2019-08-21 15:29:55,576 | INFO  | DNAudit | user=null | ip=null | op=PUT_BLOCK {blockData=[blockId=conID: 1 locID: 102655681855947342 bcsId: 0,size=4194304]} | ret=SUCCESS |  
2019-08-21 15:29:55,576 [grpc-default-executor-2] INFO  client.GrpcClientProtocolClient (GrpcClientProtocolClient.java:onNext(255)) - client-029E50227556->355864cd-7ac5-4934-b366-9756b15dd90f: receive RaftClientReply:client-029E50227556->355864cd-7ac5-4934-b366-9756b15dd90f@group-785BCF25C267, cid=2473, SUCCESS, logIndex=0, commits[355864cd-7ac5-4934-b366-9756b15dd90f:c3678, ce4aa411-63c8-4399-99eb-27ce352844f3:c3676, 3eeffb0a-787e-48ec-a2f5-d0c540a89489:c3676]
2019-08-21 15:29:55,580 | INFO  | SCMAudit | user=jenkins1000 | ip=192.168.5.153 | op=ALLOCATE_BLOCK {owner=78849ec2-2b05-45d8-8cb5-e95e2230dbd1, size=4194304, type=RATIS, factor=THREE} | ret=SUCCESS |  
2019-08-21 15:29:55,582 | INFO  | OMAudit | user=jenkins1000 | ip=127.0.0.1 | op=ALLOCATE_BLOCK {volume=vol-0-32358, bucket=bucket-0-01949, key=key-0-56547, dataSize=0, replicationType=null, replicationFactor=null, keyLocationInfo=null, clientID=102655680532119954} | ret=SUCCESS |  
2019-08-21 15:29:55,587 | INFO  | DNAudit | user=null | ip=null | op=WRITE_CHUNK {blockData=conID: 2 locID: 102655681860731471 bcsId: 0} | ret=SUCCESS |  
2019-08-21 15:29:55,589 | INFO  | DNAudit | user=null | ip=null | op=WRITE_CHUNK {blockData=conID: 2 locID: 102655681860731471 bcsId: 0} | ret=SUCCESS |  
2019-08-21 15:29:55,590 | INFO  | DNAudit | user=null | ip=null | op=WRITE_CHUNK {blockData=conID: 2 locID: 102655681860731471 bcsId: 0} | ret=SUCCESS |  
2019-08-21 15:29:55,590 | INFO  | DNAudit | user=null | ip=null | op=WRITE_CHUNK {blockData=conID: 2 locID: 102655681860731471 bcsId: 0} | ret=SUCCESS |  
2019-08-21 15:29:55,591 | INFO  | DNAudit | user=null | ip=null | op=WRITE_CHUNK {blockData=conID: 2 locID: 102655681860731471 bcsId: 0} | ret=SUCCESS |  
2019-08-21 15:29:55,591 | INFO  | DNAudit | user=null | ip=null | op=WRITE_CHUNK {blockData=conID: 2 locID: 102655681860731471 bcsId: 0} | ret=SUCCESS |  
2019-08-21 15:29:55,600 | INFO  | DNAudit | user=null | ip=null | op=WRITE_CHUNK {blockData=conID: 2 locID: 102655681860731471 bcsId: 0} | ret=SUCCESS |  
2019-08-21 15:29:55,600 | INFO  | DNAudit | user=null | ip=null | op=PUT_BLOCK {blockData=[blockId=conID: 2 locID: 102655681860731471 bcsId: 0,size=1048576]} | ret=SUCCESS |  
2019-08-21 15:29:55,600 [grpc-default-executor-4] INFO  client.GrpcClientProtocolClient (GrpcClientProtocolClient.java:onNext(255)) - client-029E50227556->355864cd-7ac5-4934-b366-9756b15dd90f: receive RaftClientReply:client-029E50227556->355864cd-7ac5-4934-b366-9756b15dd90f@group-785BCF25C267, cid=2474, SUCCESS, logIndex=3679, commits[355864cd-7ac5-4934-b366-9756b15dd90f:c3680, ce4aa411-63c8-4399-99eb-27ce352844f3:c3678, 3eeffb0a-787e-48ec-a2f5-d0c540a89489:c3678]
2019-08-21 15:29:55,601 | INFO  | DNAudit | user=null | ip=null | op=WRITE_CHUNK {blockData=conID: 2 locID: 102655681860731471 bcsId: 0} | ret=SUCCESS |  
2019-08-21 15:29:55,601 | INFO  | DNAudit | user=null | ip=null | op=PUT_BLOCK {blockData=[blockId=conID: 2 locID: 102655681860731471 bcsId: 0,size=2097152]} | ret=SUCCESS |  
2019-08-21 15:29:55,601 [grpc-default-executor-4] INFO  client.GrpcClientProtocolClient (GrpcClientProtocolClient.java:onNext(255)) - client-029E50227556->355864cd-7ac5-4934-b366-9756b15dd90f: receive RaftClientReply:client-029E50227556->355864cd-7ac5-4934-b366-9756b15dd90f@group-785BCF25C267, cid=2475, SUCCESS, logIndex=3680, commits[355864cd-7ac5-4934-b366-9756b15dd90f:c3682, ce4aa411-63c8-4399-99eb-27ce352844f3:c3678, 3eeffb0a-787e-48ec-a2f5-d0c540a89489:c3678]
2019-08-21 15:29:55,601 [grpc-default-executor-4] INFO  client.GrpcClientProtocolClient (GrpcClientProtocolClient.java:onNext(255)) - client-029E50227556->355864cd-7ac5-4934-b366-9756b15dd90f: receive RaftClientReply:client-029E50227556->355864cd-7ac5-4934-b366-9756b15dd90f@group-785BCF25C267, cid=2476, SUCCESS, logIndex=3681, commits[355864cd-7ac5-4934-b366-9756b15dd90f:c3682, ce4aa411-63c8-4399-99eb-27ce352844f3:c3678, 3eeffb0a-787e-48ec-a2f5-d0c540a89489:c3678]
2019-08-21 15:29:55,601 [grpc-default-executor-4] INFO  client.GrpcClientProtocolClient (GrpcClientProtocolClient.java:onNext(255)) - client-029E50227556->355864cd-7ac5-4934-b366-9756b15dd90f: receive RaftClientReply:client-029E50227556->355864cd-7ac5-4934-b366-9756b15dd90f@group-785BCF25C267, cid=2477, SUCCESS, logIndex=3682, commits[355864cd-7ac5-4934-b366-9756b15dd90f:c3682, ce4aa411-63c8-4399-99eb-27ce352844f3:c3678, 3eeffb0a-787e-48ec-a2f5-d0c540a89489:c3678]
2019-08-21 15:29:55,603 | INFO  | DNAudit | user=null | ip=null | op=WRITE_CHUNK {blockData=conID: 2 locID: 102655681860731471 bcsId: 0} | ret=SUCCESS |  
2019-08-21 15:29:55,613 | INFO  | DNAudit | user=null | ip=null | op=WRITE_CHUNK {blockData=conID: 2 locID: 102655681860731471 bcsId: 0} | ret=SUCCESS |  
2019-08-21 15:29:55,614 | INFO  | DNAudit | user=null | ip=null | op=PUT_BLOCK {blockData=[blockId=conID: 2 locID: 102655681860731471 bcsId: 0,size=1048576]} | ret=SUCCESS |  
2019-08-21 15:29:55,614 | INFO  | DNAudit | user=null | ip=null | op=WRITE_CHUNK {blockData=conID: 2 locID: 102655681860731471 bcsId: 0} | ret=SUCCESS |  
2019-08-21 15:29:55,614 | INFO  | DNAudit | user=null | ip=null | op=PUT_BLOCK {blockData=[blockId=conID: 2 locID: 102655681860731471 bcsId: 0,size=1048576]} | ret=SUCCESS |  
2019-08-21 15:29:55,614 | INFO  | DNAudit | user=null | ip=null | op=PUT_BLOCK {blockData=[blockId=conID: 2 locID: 102655681860731471 bcsId: 0,size=2097152]} | ret=SUCCESS |  
2019-08-21 15:29:55,614 | INFO  | DNAudit | user=null | ip=null | op=WRITE_CHUNK {blockData=conID: 2 locID: 102655681860731471 bcsId: 0} | ret=SUCCESS |  
2019-08-21 15:29:55,614 | INFO  | DNAudit | user=null | ip=null | op=PUT_BLOCK {blockData=[blockId=conID: 2 locID: 102655681860731471 bcsId: 0,size=2097152]} | ret=SUCCESS |  
2019-08-21 15:29:55,614 [grpc-default-executor-4] INFO  client.GrpcClientProtocolClient (GrpcClientProtocolClient.java:onNext(255)) - client-029E50227556->355864cd-7ac5-4934-b366-9756b15dd90f: receive RaftClientReply:client-029E50227556->355864cd-7ac5-4934-b366-9756b15dd90f@group-785BCF25C267, cid=2478, SUCCESS, logIndex=0, commits[355864cd-7ac5-4934-b366-9756b15dd90f:c3686, ce4aa411-63c8-4399-99eb-27ce352844f3:c3680, 3eeffb0a-787e-48ec-a2f5-d0c540a89489:c3682]
2019-08-21 15:29:55,619 | INFO  | DNAudit | user=null | ip=null | op=WRITE_CHUNK {blockData=conID: 2 locID: 102655681860731471 bcsId: 3682} | ret=SUCCESS |  
2019-08-21 15:29:55,621 | INFO  | DNAudit | user=null | ip=null | op=WRITE_CHUNK {blockData=conID: 2 locID: 102655681860731471 bcsId: 3682} | ret=SUCCESS |  
2019-08-21 15:29:55,621 | INFO  | DNAudit | user=null | ip=null | op=WRITE_CHUNK {blockData=conID: 2 locID: 102655681860731471 bcsId: 3682} | ret=SUCCESS |  
2019-08-21 15:29:55,631 | INFO  | DNAudit | user=null | ip=null | op=WRITE_CHUNK {blockData=conID: 2 locID: 102655681860731471 bcsId: 3682} | ret=SUCCESS |  
2019-08-21 15:29:55,632 | INFO  | DNAudit | user=null | ip=null | op=PUT_BLOCK {blockData=[blockId=conID: 2 locID: 102655681860731471 bcsId: 0,size=3145728]} | ret=SUCCESS |  
2019-08-21 15:29:55,632 [grpc-default-executor-4] INFO  client.GrpcClientProtocolClient (GrpcClientProtocolClient.java:onNext(255)) - client-029E50227556->355864cd-7ac5-4934-b366-9756b15dd90f: receive RaftClientReply:client-029E50227556->355864cd-7ac5-4934-b366-9756b15dd90f@group-785BCF25C267, cid=2479, SUCCESS, logIndex=3687, commits[355864cd-7ac5-4934-b366-9756b15dd90f:c3688, ce4aa411-63c8-4399-99eb-27ce352844f3:c3686, 3eeffb0a-787e-48ec-a2f5-d0c540a89489:c3686]
2019-08-21 15:29:55,632 [grpc-default-executor-4] INFO  client.GrpcClientProtocolClient (GrpcClientProtocolClient.java:onNext(255)) - client-029E50227556->355864cd-7ac5-4934-b366-9756b15dd90f: receive RaftClientReply:client-029E50227556->355864cd-7ac5-4934-b366-9756b15dd90f@group-785BCF25C267, cid=2480, SUCCESS, logIndex=3688, commits[355864cd-7ac5-4934-b366-9756b15dd90f:c3688, ce4aa411-63c8-4399-99eb-27ce352844f3:c3686, 3eeffb0a-787e-48ec-a2f5-d0c540a89489:c3686]
2019-08-21 15:29:55,638 | INFO  | DNAudit | user=null | ip=null | op=WRITE_CHUNK {blockData=conID: 2 locID: 102655681860731471 bcsId: 3688} | ret=SUCCESS |  
2019-08-21 15:29:55,639 | INFO  | DNAudit | user=null | ip=null | op=WRITE_CHUNK {blockData=conID: 2 locID: 102655681860731471 bcsId: 3688} | ret=SUCCESS |  
2019-08-21 15:29:55,639 | INFO  | DNAudit | user=null | ip=null | op=WRITE_CHUNK {blockData=conID: 2 locID: 102655681860731471 bcsId: 3688} | ret=SUCCESS |  
2019-08-21 15:29:55,643 | INFO  | DNAudit | user=null | ip=null | op=WRITE_CHUNK {blockData=conID: 2 locID: 102655681860731471 bcsId: 3682} | ret=SUCCESS |  
2019-08-21 15:29:55,643 | INFO  | DNAudit | user=null | ip=null | op=WRITE_CHUNK {blockData=conID: 2 locID: 102655681860731471 bcsId: 3682} | ret=SUCCESS |  
2019-08-21 15:29:55,646 | INFO  | DNAudit | user=null | ip=null | op=PUT_BLOCK {blockData=[blockId=conID: 2 locID: 102655681860731471 bcsId: 0,size=3145728]} | ret=SUCCESS |  
2019-08-21 15:29:55,646 | INFO  | DNAudit | user=null | ip=null | op=PUT_BLOCK {blockData=[blockId=conID: 2 locID: 102655681860731471 bcsId: 0,size=3145728]} | ret=SUCCESS |  
2019-08-21 15:29:55,646 | INFO  | DNAudit | user=null | ip=null | op=WRITE_CHUNK {blockData=conID: 2 locID: 102655681860731471 bcsId: 3688} | ret=SUCCESS |  
2019-08-21 15:29:55,647 | INFO  | DNAudit | user=null | ip=null | op=PUT_BLOCK {blockData=[blockId=conID: 2 locID: 102655681860731471 bcsId: 0,size=4194304]} | ret=SUCCESS |  
2019-08-21 15:29:55,647 [grpc-default-executor-3] INFO  client.GrpcClientProtocolClient (GrpcClientProtocolClient.java:onNext(255)) - client-029E50227556->355864cd-7ac5-4934-b366-9756b15dd90f: receive RaftClientReply:client-029E50227556->355864cd-7ac5-4934-b366-9756b15dd90f@group-785BCF25C267, cid=2481, SUCCESS, logIndex=3691, commits[355864cd-7ac5-4934-b366-9756b15dd90f:c3692, ce4aa411-63c8-4399-99eb-27ce352844f3:c3688, 3eeffb0a-787e-48ec-a2f5-d0c540a89489:c3688]
2019-08-21 15:29:55,647 [grpc-default-executor-3] INFO  client.GrpcClientProtocolClient (GrpcClientProtocolClient.java:onNext(255)) - client-029E50227556->355864cd-7ac5-4934-b366-9756b15dd90f: receive RaftClientReply:client-029E50227556->355864cd-7ac5-4934-b366-9756b15dd90f@group-785BCF25C267, cid=2482, SUCCESS, logIndex=3692, commits[355864cd-7ac5-4934-b366-9756b15dd90f:c3692, ce4aa411-63c8-4399-99eb-27ce352844f3:c3688, 3eeffb0a-787e-48ec-a2f5-d0c540a89489:c3688]
2019-08-21 15:29:55,648 | INFO  | DNAudit | user=null | ip=null | op=WRITE_CHUNK {blockData=conID: 2 locID: 102655681860731471 bcsId: 3688} | ret=SUCCESS |  
2019-08-21 15:29:55,648 | INFO  | DNAudit | user=null | ip=null | op=WRITE_CHUNK {blockData=conID: 2 locID: 102655681860731471 bcsId: 3688} | ret=SUCCESS |  
2019-08-21 15:29:55,651 | INFO  | DNAudit | user=null | ip=null | op=PUT_BLOCK {blockData=[blockId=conID: 2 locID: 102655681860731471 bcsId: 0,size=4194304]} | ret=SUCCESS |  
2019-08-21 15:29:55,651 | INFO  | DNAudit | user=null | ip=null | op=PUT_BLOCK {blockData=[blockId=conID: 2 locID: 102655681860731471 bcsId: 0,size=4194304]} | ret=SUCCESS |  
2019-08-21 15:29:55,651 [grpc-default-executor-3] INFO  client.GrpcClientProtocolClient (GrpcClientProtocolClient.java:onNext(255)) - client-029E50227556->355864cd-7ac5-4934-b366-9756b15dd90f: receive RaftClientReply:client-029E50227556->355864cd-7ac5-4934-b366-9756b15dd90f@group-785BCF25C267, cid=2483, SUCCESS, logIndex=0, commits[355864cd-7ac5-4934-b366-9756b15dd90f:c3694, ce4aa411-63c8-4399-99eb-27ce352844f3:c3692, 3eeffb0a-787e-48ec-a2f5-d0c540a89489:c3692]
2019-08-21 15:29:55,655 | INFO  | SCMAudit | user=jenkins1000 | ip=192.168.5.153 | op=ALLOCATE_BLOCK {owner=78849ec2-2b05-45d8-8cb5-e95e2230dbd1, size=4194304, type=RATIS, factor=THREE} | ret=SUCCESS |  
2019-08-21 15:29:55,657 | INFO  | OMAudit | user=jenkins1000 | ip=127.0.0.1 | op=ALLOCATE_BLOCK {volume=vol-0-32358, bucket=bucket-0-01949, key=key-0-56547, dataSize=0, replicationType=null, replicationFactor=null, keyLocationInfo=null, clientID=102655680532119954} | ret=SUCCESS |  
2019-08-21 15:29:55,663 | INFO  | DNAudit | user=null | ip=null | op=WRITE_CHUNK {blockData=conID: 3 locID: 102655681865646672 bcsId: 0} | ret=SUCCESS |  
2019-08-21 15:29:55,664 | INFO  | DNAudit | user=null | ip=null | op=WRITE_CHUNK {blockData=conID: 3 locID: 102655681865646672 bcsId: 0} | ret=SUCCESS |  
2019-08-21 15:29:55,666 | INFO  | DNAudit | user=null | ip=null | op=WRITE_CHUNK {blockData=conID: 3 locID: 102655681865646672 bcsId: 0} | ret=SUCCESS |  
2019-08-21 15:29:55,666 | INFO  | DNAudit | user=null | ip=null | op=WRITE_CHUNK {blockData=conID: 3 locID: 102655681865646672 bcsId: 0} | ret=SUCCESS |  
2019-08-21 15:29:55,668 | INFO  | DNAudit | user=null | ip=null | op=WRITE_CHUNK {blockData=conID: 3 locID: 102655681865646672 bcsId: 0} | ret=SUCCESS |  
2019-08-21 15:29:55,668 | INFO  | DNAudit | user=null | ip=null | op=WRITE_CHUNK {blockData=conID: 3 locID: 102655681865646672 bcsId: 0} | ret=SUCCESS |  
2019-08-21 15:29:55,676 | INFO  | DNAudit | user=null | ip=null | op=WRITE_CHUNK {blockData=conID: 3 locID: 102655681865646672 bcsId: 0} | ret=SUCCESS |  
2019-08-21 15:29:55,676 | INFO  | DNAudit | user=null | ip=null | op=PUT_BLOCK {blockData=[blockId=conID: 3 locID: 102655681865646672 bcsId: 0,size=1048576]} | ret=SUCCESS |  
2019-08-21 15:29:55,676 [grpc-default-executor-4] INFO  client.GrpcClientProtocolClient (GrpcClientProtocolClient.java:onNext(255)) - client-029E50227556->355864cd-7ac5-4934-b366-9756b15dd90f: receive RaftClientReply:client-029E50227556->355864cd-7ac5-4934-b366-9756b15dd90f@group-785BCF25C267, cid=2484, SUCCESS, logIndex=3695, commits[355864cd-7ac5-4934-b366-9756b15dd90f:c3696, ce4aa411-63c8-4399-99eb-27ce352844f3:c3694, 3eeffb0a-787e-48ec-a2f5-d0c540a89489:c3694]
2019-08-21 15:29:55,677 | INFO  | DNAudit | user=null | ip=null | op=WRITE_CHUNK {blockData=conID: 3 locID: 102655681865646672 bcsId: 0} | ret=SUCCESS |  
2019-08-21 15:29:55,677 [grpc-default-executor-3] INFO  client.GrpcClientProtocolClient (GrpcClientProtocolClient.java:onNext(255)) - client-029E50227556->355864cd-7ac5-4934-b366-9756b15dd90f: receive RaftClientReply:client-029E50227556->355864cd-7ac5-4934-b366-9756b15dd90f@group-785BCF25C267, cid=2485, SUCCESS, logIndex=3696, commits[355864cd-7ac5-4934-b366-9756b15dd90f:c3696, ce4aa411-63c8-4399-99eb-27ce352844f3:c3694, 3eeffb0a-787e-48ec-a2f5-d0c540a89489:c3694]
2019-08-21 15:29:55,677 | INFO  | DNAudit | user=null | ip=null | op=PUT_BLOCK {blockData=[blockId=conID: 3 locID: 102655681865646672 bcsId: 0,size=2097152]} | ret=SUCCESS |  
2019-08-21 15:29:55,677 [grpc-default-executor-3] INFO  client.GrpcClientProtocolClient (GrpcClientProtocolClient.java:onNext(255)) - client-029E50227556->355864cd-7ac5-4934-b366-9756b15dd90f: receive RaftClientReply:client-029E50227556->355864cd-7ac5-4934-b366-9756b15dd90f@group-785BCF25C267, cid=2486, SUCCESS, logIndex=3697, commits[355864cd-7ac5-4934-b366-9756b15dd90f:c3698, ce4aa411-63c8-4399-99eb-27ce352844f3:c3694, 3eeffb0a-787e-48ec-a2f5-d0c540a89489:c3694]
2019-08-21 15:29:55,677 [grpc-default-executor-3] INFO  client.GrpcClientProtocolClient (GrpcClientProtocolClient.java:onNext(255)) - client-029E50227556->355864cd-7ac5-4934-b366-9756b15dd90f: receive RaftClientReply:client-029E50227556->355864cd-7ac5-4934-b366-9756b15dd90f@group-785BCF25C267, cid=2487, SUCCESS, logIndex=3698, commits[355864cd-7ac5-4934-b366-9756b15dd90f:c3698, ce4aa411-63c8-4399-99eb-27ce352844f3:c3694, 3eeffb0a-787e-48ec-a2f5-d0c540a89489:c3694]
2019-08-21 15:29:55,678 | INFO  | DNAudit | user=null | ip=null | op=WRITE_CHUNK {blockData=conID: 3 locID: 102655681865646672 bcsId: 0} | ret=SUCCESS |  
2019-08-21 15:29:55,678 | INFO  | DNAudit | user=null | ip=null | op=PUT_BLOCK {blockData=[blockId=conID: 3 locID: 102655681865646672 bcsId: 0,size=1048576]} | ret=SUCCESS |  
2019-08-21 15:29:55,679 | INFO  | DNAudit | user=null | ip=null | op=WRITE_CHUNK {blockData=conID: 3 locID: 102655681865646672 bcsId: 0} | ret=SUCCESS |  
2019-08-21 15:29:55,679 [grpc-default-executor-4] INFO  client.GrpcClientProtocolClient (GrpcClientProtocolClient.java:onNext(255)) - client-029E50227556->355864cd-7ac5-4934-b366-9756b15dd90f: receive RaftClientReply:client-029E50227556->355864cd-7ac5-4934-b366-9756b15dd90f@group-785BCF25C267, cid=2488, SUCCESS, logIndex=0, commits[355864cd-7ac5-4934-b366-9756b15dd90f:c3700, ce4aa411-63c8-4399-99eb-27ce352844f3:c3696, 3eeffb0a-787e-48ec-a2f5-d0c540a89489:c3696]
2019-08-21 15:29:55,679 | INFO  | DNAudit | user=null | ip=null | op=PUT_BLOCK {blockData=[blockId=conID: 3 locID: 102655681865646672 bcsId: 0,size=1048576]} | ret=SUCCESS |  
2019-08-21 15:29:55,679 | INFO  | DNAudit | user=null | ip=null | op=WRITE_CHUNK {blockData=conID: 3 locID: 102655681865646672 bcsId: 0} | ret=SUCCESS |  
2019-08-21 15:29:55,679 | INFO  | DNAudit | user=null | ip=null | op=WRITE_CHUNK {blockData=conID: 3 locID: 102655681865646672 bcsId: 0} | ret=SUCCESS |  
2019-08-21 15:29:55,679 | INFO  | DNAudit | user=null | ip=null | op=PUT_BLOCK {blockData=[blockId=conID: 3 locID: 102655681865646672 bcsId: 0,size=2097152]} | ret=SUCCESS |  
2019-08-21 15:29:55,680 | INFO  | DNAudit | user=null | ip=null | op=PUT_BLOCK {blockData=[blockId=conID: 3 locID: 102655681865646672 bcsId: 0,size=2097152]} | ret=SUCCESS |  
2019-08-21 15:29:55,683 | INFO  | DNAudit | user=null | ip=null | op=WRITE_CHUNK {blockData=conID: 3 locID: 102655681865646672 bcsId: 3698} | ret=SUCCESS |  
2019-08-21 15:29:55,685 | INFO  | DNAudit | user=null | ip=null | op=WRITE_CHUNK {blockData=conID: 3 locID: 102655681865646672 bcsId: 3698} | ret=SUCCESS |  
2019-08-21 15:29:55,685 | INFO  | DNAudit | user=null | ip=null | op=WRITE_CHUNK {blockData=conID: 3 locID: 102655681865646672 bcsId: 3698} | ret=SUCCESS |  
2019-08-21 15:29:55,702 | INFO  | DNAudit | user=null | ip=null | op=WRITE_CHUNK {blockData=conID: 3 locID: 102655681865646672 bcsId: 3698} | ret=SUCCESS |  
2019-08-21 15:29:55,703 | INFO  | DNAudit | user=null | ip=null | op=PUT_BLOCK {blockData=[blockId=conID: 3 locID: 102655681865646672 bcsId: 0,size=3145728]} | ret=SUCCESS |  
2019-08-21 15:29:55,703 [grpc-default-executor-3] INFO  client.GrpcClientProtocolClient (GrpcClientProtocolClient.java:onNext(255)) - client-029E50227556->355864cd-7ac5-4934-b366-9756b15dd90f: receive RaftClientReply:client-029E50227556->355864cd-7ac5-4934-b366-9756b15dd90f@group-785BCF25C267, cid=2489, SUCCESS, logIndex=3703, commits[355864cd-7ac5-4934-b366-9756b15dd90f:c3704, ce4aa411-63c8-4399-99eb-27ce352844f3:c3702, 3eeffb0a-787e-48ec-a2f5-d0c540a89489:c3698]
2019-08-21 15:29:55,703 [grpc-default-executor-3] INFO  client.GrpcClientProtocolClient (GrpcClientProtocolClient.java:onNext(255)) - client-029E50227556->355864cd-7ac5-4934-b366-9756b15dd90f: receive RaftClientReply:client-029E50227556->355864cd-7ac5-4934-b366-9756b15dd90f@group-785BCF25C267, cid=2490, SUCCESS, logIndex=3704, commits[355864cd-7ac5-4934-b366-9756b15dd90f:c3704, ce4aa411-63c8-4399-99eb-27ce352844f3:c3702, 3eeffb0a-787e-48ec-a2f5-d0c540a89489:c3702]
2019-08-21 15:29:55,705 | INFO  | DNAudit | user=null | ip=null | op=WRITE_CHUNK {blockData=conID: 3 locID: 102655681865646672 bcsId: 3698} | ret=SUCCESS |  
2019-08-21 15:29:55,706 | INFO  | DNAudit | user=null | ip=null | op=PUT_BLOCK {blockData=[blockId=conID: 3 locID: 102655681865646672 bcsId: 0,size=3145728]} | ret=SUCCESS |  
2019-08-21 15:29:55,706 | INFO  | DNAudit | user=null | ip=null | op=WRITE_CHUNK {blockData=conID: 3 locID: 102655681865646672 bcsId: 3698} | ret=SUCCESS |  
2019-08-21 15:29:55,706 | INFO  | DNAudit | user=null | ip=null | op=PUT_BLOCK {blockData=[blockId=conID: 3 locID: 102655681865646672 bcsId: 0,size=3145728]} | ret=SUCCESS |  
2019-08-21 15:29:55,708 | INFO  | DNAudit | user=null | ip=null | op=WRITE_CHUNK {blockData=conID: 3 locID: 102655681865646672 bcsId: 3704} | ret=SUCCESS |  
2019-08-21 15:29:55,710 | INFO  | DNAudit | user=null | ip=null | op=WRITE_CHUNK {blockData=conID: 3 locID: 102655681865646672 bcsId: 3704} | ret=SUCCESS |  
2019-08-21 15:29:55,710 | INFO  | DNAudit | user=null | ip=null | op=WRITE_CHUNK {blockData=conID: 3 locID: 102655681865646672 bcsId: 3704} | ret=SUCCESS |  
2019-08-21 15:29:55,720 | INFO  | DNAudit | user=null | ip=null | op=WRITE_CHUNK {blockData=conID: 3 locID: 102655681865646672 bcsId: 3704} | ret=SUCCESS |  
2019-08-21 15:29:55,720 | INFO  | DNAudit | user=null | ip=null | op=PUT_BLOCK {blockData=[blockId=conID: 3 locID: 102655681865646672 bcsId: 0,size=4194304]} | ret=SUCCESS |  
2019-08-21 15:29:55,720 [grpc-default-executor-3] INFO  client.GrpcClientProtocolClient (GrpcClientProtocolClient.java:onNext(255)) - client-029E50227556->355864cd-7ac5-4934-b366-9756b15dd90f: receive RaftClientReply:client-029E50227556->355864cd-7ac5-4934-b366-9756b15dd90f@group-785BCF25C267, cid=2491, SUCCESS, logIndex=3707, commits[355864cd-7ac5-4934-b366-9756b15dd90f:c3708, ce4aa411-63c8-4399-99eb-27ce352844f3:c3705, 3eeffb0a-787e-48ec-a2f5-d0c540a89489:c3705]
2019-08-21 15:29:55,721 [grpc-default-executor-3] INFO  client.GrpcClientProtocolClient (GrpcClientProtocolClient.java:onNext(255)) - client-029E50227556->355864cd-7ac5-4934-b366-9756b15dd90f: receive RaftClientReply:client-029E50227556->355864cd-7ac5-4934-b366-9756b15dd90f@group-785BCF25C267, cid=2492, SUCCESS, logIndex=3708, commits[355864cd-7ac5-4934-b366-9756b15dd90f:c3708, ce4aa411-63c8-4399-99eb-27ce352844f3:c3705, 3eeffb0a-787e-48ec-a2f5-d0c540a89489:c3705]
2019-08-21 15:29:55,731 | INFO  | DNAudit | user=null | ip=null | op=WRITE_CHUNK {blockData=conID: 3 locID: 102655681865646672 bcsId: 3704} | ret=SUCCESS |  
2019-08-21 15:29:55,731 | INFO  | DNAudit | user=null | ip=null | op=WRITE_CHUNK {blockData=conID: 3 locID: 102655681865646672 bcsId: 3704} | ret=SUCCESS |  
2019-08-21 15:29:55,733 | INFO  | DNAudit | user=null | ip=null | op=PUT_BLOCK {blockData=[blockId=conID: 3 locID: 102655681865646672 bcsId: 0,size=4194304]} | ret=SUCCESS |  
2019-08-21 15:29:55,734 | INFO  | DNAudit | user=null | ip=null | op=PUT_BLOCK {blockData=[blockId=conID: 3 locID: 102655681865646672 bcsId: 0,size=4194304]} | ret=SUCCESS |  
2019-08-21 15:29:55,734 [grpc-default-executor-3] INFO  client.GrpcClientProtocolClient (GrpcClientProtocolClient.java:onNext(255)) - client-029E50227556->355864cd-7ac5-4934-b366-9756b15dd90f: receive RaftClientReply:client-029E50227556->355864cd-7ac5-4934-b366-9756b15dd90f@group-785BCF25C267, cid=2493, SUCCESS, logIndex=0, commits[355864cd-7ac5-4934-b366-9756b15dd90f:c3710, ce4aa411-63c8-4399-99eb-27ce352844f3:c3708, 3eeffb0a-787e-48ec-a2f5-d0c540a89489:c3708]
2019-08-21 15:29:55,738 | INFO  | SCMAudit | user=jenkins1000 | ip=192.168.5.153 | op=ALLOCATE_BLOCK {owner=78849ec2-2b05-45d8-8cb5-e95e2230dbd1, size=4194304, type=RATIS, factor=THREE} | ret=SUCCESS |  
2019-08-21 15:29:55,741 | INFO  | OMAudit | user=jenkins1000 | ip=127.0.0.1 | op=ALLOCATE_BLOCK {volume=vol-0-32358, bucket=bucket-0-01949, key=key-0-56547, dataSize=0, replicationType=null, replicationFactor=null, keyLocationInfo=null, clientID=102655680532119954} | ret=SUCCESS |  
2019-08-21 15:29:55,746 | INFO  | DNAudit | user=null | ip=null | op=WRITE_CHUNK {blockData=conID: 1 locID: 102655681871086161 bcsId: 0} | ret=SUCCESS |  
2019-08-21 15:29:55,747 | INFO  | DNAudit | user=null | ip=null | op=WRITE_CHUNK {blockData=conID: 1 locID: 102655681871086161 bcsId: 0} | ret=SUCCESS |  
2019-08-21 15:29:55,748 | INFO  | DNAudit | user=null | ip=null | op=WRITE_CHUNK {blockData=conID: 1 locID: 102655681871086161 bcsId: 0} | ret=SUCCESS |  
2019-08-21 15:29:55,748 | INFO  | DNAudit | user=null | ip=null | op=WRITE_CHUNK {blockData=conID: 1 locID: 102655681871086161 bcsId: 0} | ret=SUCCESS |  
2019-08-21 15:29:55,749 | INFO  | DNAudit | user=null | ip=null | op=WRITE_CHUNK {blockData=conID: 1 locID: 102655681871086161 bcsId: 0} | ret=SUCCESS |  
2019-08-21 15:29:55,750 | INFO  | DNAudit | user=null | ip=null | op=WRITE_CHUNK {blockData=conID: 1 locID: 102655681871086161 bcsId: 0} | ret=SUCCESS |  
2019-08-21 15:29:55,758 | INFO  | DNAudit | user=null | ip=null | op=WRITE_CHUNK {blockData=conID: 1 locID: 102655681871086161 bcsId: 0} | ret=SUCCESS |  
2019-08-21 15:29:55,758 | INFO  | DNAudit | user=null | ip=null | op=PUT_BLOCK {blockData=[blockId=conID: 1 locID: 102655681871086161 bcsId: 0,size=1048576]} | ret=SUCCESS |  
2019-08-21 15:29:55,758 [grpc-default-executor-2] INFO  client.GrpcClientProtocolClient (GrpcClientProtocolClient.java:onNext(255)) - client-029E50227556->355864cd-7ac5-4934-b366-9756b15dd90f: receive RaftClientReply:client-029E50227556->355864cd-7ac5-4934-b366-9756b15dd90f@group-785BCF25C267, cid=2494, SUCCESS, logIndex=3711, commits[355864cd-7ac5-4934-b366-9756b15dd90f:c3712, ce4aa411-63c8-4399-99eb-27ce352844f3:c3710, 3eeffb0a-787e-48ec-a2f5-d0c540a89489:c3710]
2019-08-21 15:29:55,759 [grpc-default-executor-2] INFO  client.GrpcClientProtocolClient (GrpcClientProtocolClient.java:onNext(255)) - client-029E50227556->355864cd-7ac5-4934-b366-9756b15dd90f: receive RaftClientReply:client-029E50227556->355864cd-7ac5-4934-b366-9756b15dd90f@group-785BCF25C267, cid=2495, SUCCESS, logIndex=3712, commits[355864cd-7ac5-4934-b366-9756b15dd90f:c3712, ce4aa411-63c8-4399-99eb-27ce352844f3:c3710, 3eeffb0a-787e-48ec-a2f5-d0c540a89489:c3710]
2019-08-21 15:29:55,759 | INFO  | DNAudit | user=null | ip=null | op=WRITE_CHUNK {blockData=conID: 1 locID: 102655681871086161 bcsId: 0} | ret=SUCCESS |  
2019-08-21 15:29:55,759 | INFO  | DNAudit | user=null | ip=null | op=PUT_BLOCK {blockData=[blockId=conID: 1 locID: 102655681871086161 bcsId: 0,size=2097152]} | ret=SUCCESS |  
2019-08-21 15:29:55,759 [grpc-default-executor-0] INFO  client.GrpcClientProtocolClient (GrpcClientProtocolClient.java:onNext(255)) - client-029E50227556->355864cd-7ac5-4934-b366-9756b15dd90f: receive RaftClientReply:client-029E50227556->355864cd-7ac5-4934-b366-9756b15dd90f@group-785BCF25C267, cid=2496, SUCCESS, logIndex=3713, commits[355864cd-7ac5-4934-b366-9756b15dd90f:c3714, ce4aa411-63c8-4399-99eb-27ce352844f3:c3710, 3eeffb0a-787e-48ec-a2f5-d0c540a89489:c3710]
2019-08-21 15:29:55,760 [grpc-default-executor-0] INFO  client.GrpcClientProtocolClient (GrpcClientProtocolClient.java:onNext(255)) - client-029E50227556->355864cd-7ac5-4934-b366-9756b15dd90f: receive RaftClientReply:client-029E50227556->355864cd-7ac5-4934-b366-9756b15dd90f@group-785BCF25C267, cid=2497, SUCCESS, logIndex=3714, commits[355864cd-7ac5-4934-b366-9756b15dd90f:c3714, ce4aa411-63c8-4399-99eb-27ce352844f3:c3710, 3eeffb0a-787e-48ec-a2f5-d0c540a89489:c3710]
2019-08-21 15:29:55,771 | INFO  | DNAudit | user=null | ip=null | op=WRITE_CHUNK {blockData=conID: 1 locID: 102655681871086161 bcsId: 0} | ret=SUCCESS |  
2019-08-21 15:29:55,772 | INFO  | DNAudit | user=null | ip=null | op=PUT_BLOCK {blockData=[blockId=conID: 1 locID: 102655681871086161 bcsId: 0,size=1048576]} | ret=SUCCESS |  
2019-08-21 15:29:55,772 | INFO  | DNAudit | user=null | ip=null | op=WRITE_CHUNK {blockData=conID: 1 locID: 102655681871086161 bcsId: 0} | ret=SUCCESS |  
2019-08-21 15:29:55,772 | INFO  | DNAudit | user=null | ip=null | op=PUT_BLOCK {blockData=[blockId=conID: 1 locID: 102655681871086161 bcsId: 0,size=1048576]} | ret=SUCCESS |  
2019-08-21 15:29:55,772 [grpc-default-executor-0] INFO  client.GrpcClientProtocolClient (GrpcClientProtocolClient.java:onNext(255)) - client-029E50227556->355864cd-7ac5-4934-b366-9756b15dd90f: receive RaftClientReply:client-029E50227556->355864cd-7ac5-4934-b366-9756b15dd90f@group-785BCF25C267, cid=2498, SUCCESS, logIndex=0, commits[355864cd-7ac5-4934-b366-9756b15dd90f:c3716, ce4aa411-63c8-4399-99eb-27ce352844f3:c3712, 3eeffb0a-787e-48ec-a2f5-d0c540a89489:c3712]
2019-08-21 15:29:55,772 | INFO  | DNAudit | user=null | ip=null | op=WRITE_CHUNK {blockData=conID: 1 locID: 102655681871086161 bcsId: 0} | ret=SUCCESS |  
2019-08-21 15:29:55,772 | INFO  | DNAudit | user=null | ip=null | op=WRITE_CHUNK {blockData=conID: 1 locID: 102655681871086161 bcsId: 0} | ret=SUCCESS |  
2019-08-21 15:29:55,772 | INFO  | DNAudit | user=null | ip=null | op=PUT_BLOCK {blockData=[blockId=conID: 1 locID: 102655681871086161 bcsId: 0,size=2097152]} | ret=SUCCESS |  
2019-08-21 15:29:55,773 | INFO  | DNAudit | user=null | ip=null | op=PUT_BLOCK {blockData=[blockId=conID: 1 locID: 102655681871086161 bcsId: 0,size=2097152]} | ret=SUCCESS |  
2019-08-21 15:29:55,778 | INFO  | DNAudit | user=null | ip=null | op=WRITE_CHUNK {blockData=conID: 1 locID: 102655681871086161 bcsId: 3714} | ret=SUCCESS |  
2019-08-21 15:29:55,780 | INFO  | DNAudit | user=null | ip=null | op=WRITE_CHUNK {blockData=conID: 1 locID: 102655681871086161 bcsId: 3714} | ret=SUCCESS |  
2019-08-21 15:29:55,780 | INFO  | DNAudit | user=null | ip=null | op=WRITE_CHUNK {blockData=conID: 1 locID: 102655681871086161 bcsId: 3714} | ret=SUCCESS |  
2019-08-21 15:29:55,790 | INFO  | DNAudit | user=null | ip=null | op=WRITE_CHUNK {blockData=conID: 1 locID: 102655681871086161 bcsId: 3714} | ret=SUCCESS |  
2019-08-21 15:29:55,791 | INFO  | DNAudit | user=null | ip=null | op=PUT_BLOCK {blockData=[blockId=conID: 1 locID: 102655681871086161 bcsId: 0,size=3145728]} | ret=SUCCESS |  
2019-08-21 15:29:55,791 [grpc-default-executor-4] INFO  client.GrpcClientProtocolClient (GrpcClientProtocolClient.java:onNext(255)) - client-029E50227556->355864cd-7ac5-4934-b366-9756b15dd90f: receive RaftClientReply:client-029E50227556->355864cd-7ac5-4934-b366-9756b15dd90f@group-785BCF25C267, cid=2499, SUCCESS, logIndex=3719, commits[355864cd-7ac5-4934-b366-9756b15dd90f:c3720, ce4aa411-63c8-4399-99eb-27ce352844f3:c3718, 3eeffb0a-787e-48ec-a2f5-d0c540a89489:c3718]
2019-08-21 15:29:55,791 [grpc-default-executor-4] INFO  client.GrpcClientProtocolClient (GrpcClientProtocolClient.java:onNext(255)) - client-029E50227556->355864cd-7ac5-4934-b366-9756b15dd90f: receive RaftClientReply:client-029E50227556->355864cd-7ac5-4934-b366-9756b15dd90f@group-785BCF25C267, cid=2500, SUCCESS, logIndex=3720, commits[355864cd-7ac5-4934-b366-9756b15dd90f:c3720, ce4aa411-63c8-4399-99eb-27ce352844f3:c3718, 3eeffb0a-787e-48ec-a2f5-d0c540a89489:c3718]
2019-08-21 15:29:55,931 | INFO  | DNAudit | user=null | ip=null | op=WRITE_CHUNK {blockData=conID: 1 locID: 102655681871086161 bcsId: 3714} | ret=SUCCESS |  
2019-08-21 15:29:55,931 | INFO  | DNAudit | user=null | ip=null | op=WRITE_CHUNK {blockData=conID: 1 locID: 102655681871086161 bcsId: 3714} | ret=SUCCESS |  
2019-08-21 15:29:55,936 | INFO  | DNAudit | user=null | ip=null | op=WRITE_CHUNK {blockData=conID: 1 locID: 102655681871086161 bcsId: 3720} | ret=SUCCESS |  
2019-08-21 15:29:55,938 | INFO  | DNAudit | user=null | ip=null | op=WRITE_CHUNK {blockData=conID: 1 locID: 102655681871086161 bcsId: 3720} | ret=SUCCESS |  
2019-08-21 15:29:55,938 | INFO  | DNAudit | user=null | ip=null | op=WRITE_CHUNK {blockData=conID: 1 locID: 102655681871086161 bcsId: 3720} | ret=SUCCESS |  
2019-08-21 15:29:55,942 | INFO  | DNAudit | user=null | ip=null | op=PUT_BLOCK {blockData=[blockId=conID: 1 locID: 102655681871086161 bcsId: 0,size=3145728]} | ret=SUCCESS |  
2019-08-21 15:29:55,942 | INFO  | DNAudit | user=null | ip=null | op=PUT_BLOCK {blockData=[blockId=conID: 1 locID: 102655681871086161 bcsId: 0,size=3145728]} | ret=SUCCESS |  
2019-08-21 15:29:55,944 | INFO  | DNAudit | user=null | ip=null | op=WRITE_CHUNK {blockData=conID: 1 locID: 102655681871086161 bcsId: 3720} | ret=SUCCESS |  
2019-08-21 15:29:55,944 | INFO  | DNAudit | user=null | ip=null | op=PUT_BLOCK {blockData=[blockId=conID: 1 locID: 102655681871086161 bcsId: 0,size=4194304]} | ret=SUCCESS |  
2019-08-21 15:29:55,945 [grpc-default-executor-0] INFO  client.GrpcClientProtocolClient (GrpcClientProtocolClient.java:onNext(255)) - client-029E50227556->355864cd-7ac5-4934-b366-9756b15dd90f: receive RaftClientReply:client-029E50227556->355864cd-7ac5-4934-b366-9756b15dd90f@group-785BCF25C267, cid=2501, SUCCESS, logIndex=3723, commits[355864cd-7ac5-4934-b366-9756b15dd90f:c3724, ce4aa411-63c8-4399-99eb-27ce352844f3:c3721, 3eeffb0a-787e-48ec-a2f5-d0c540a89489:c3721]
2019-08-21 15:29:55,945 [grpc-default-executor-0] INFO  client.GrpcClientProtocolClient (GrpcClientProtocolClient.java:onNext(255)) - client-029E50227556->355864cd-7ac5-4934-b366-9756b15dd90f: receive RaftClientReply:client-029E50227556->355864cd-7ac5-4934-b366-9756b15dd90f@group-785BCF25C267, cid=2502, SUCCESS, logIndex=3724, commits[355864cd-7ac5-4934-b366-9756b15dd90f:c3724, ce4aa411-63c8-4399-99eb-27ce352844f3:c3721, 3eeffb0a-787e-48ec-a2f5-d0c540a89489:c3721]
2019-08-21 15:29:55,956 | INFO  | DNAudit | user=null | ip=null | op=WRITE_CHUNK {blockData=conID: 1 locID: 102655681871086161 bcsId: 3720} | ret=SUCCESS |  
2019-08-21 15:29:55,956 | INFO  | DNAudit | user=null | ip=null | op=WRITE_CHUNK {blockData=conID: 1 locID: 102655681871086161 bcsId: 3720} | ret=SUCCESS |  
2019-08-21 15:29:55,956 | INFO  | DNAudit | user=null | ip=null | op=PUT_BLOCK {blockData=[blockId=conID: 1 locID: 102655681871086161 bcsId: 0,size=4194304]} | ret=SUCCESS |  
2019-08-21 15:29:55,958 | INFO  | DNAudit | user=null | ip=null | op=PUT_BLOCK {blockData=[blockId=conID: 1 locID: 102655681871086161 bcsId: 0,size=4194304]} | ret=SUCCESS |  
2019-08-21 15:29:55,959 [grpc-default-executor-0] INFO  client.GrpcClientProtocolClient (GrpcClientProtocolClient.java:onNext(255)) - client-029E50227556->355864cd-7ac5-4934-b366-9756b15dd90f: receive RaftClientReply:client-029E50227556->355864cd-7ac5-4934-b366-9756b15dd90f@group-785BCF25C267, cid=2503, SUCCESS, logIndex=0, commits[355864cd-7ac5-4934-b366-9756b15dd90f:c3725, ce4aa411-63c8-4399-99eb-27ce352844f3:c3724, 3eeffb0a-787e-48ec-a2f5-d0c540a89489:c3724]
2019-08-21 15:29:55,965 | INFO  | SCMAudit | user=jenkins1000 | ip=192.168.5.153 | op=ALLOCATE_BLOCK {owner=78849ec2-2b05-45d8-8cb5-e95e2230dbd1, size=4194304, type=RATIS, factor=THREE} | ret=SUCCESS |  
2019-08-21 15:29:55,968 | INFO  | OMAudit | user=jenkins1000 | ip=127.0.0.1 | op=ALLOCATE_BLOCK {volume=vol-0-32358, bucket=bucket-0-01949, key=key-0-56547, dataSize=0, replicationType=null, replicationFactor=null, keyLocationInfo=null, clientID=102655680532119954} | ret=SUCCESS |  
2019-08-21 15:29:55,977 | INFO  | DNAudit | user=null | ip=null | op=WRITE_CHUNK {blockData=conID: 2 locID: 102655681885962834 bcsId: 0} | ret=SUCCESS |  
2019-08-21 15:29:55,978 | INFO  | DNAudit | user=null | ip=null | op=WRITE_CHUNK {blockData=conID: 2 locID: 102655681885962834 bcsId: 0} | ret=SUCCESS |  
2019-08-21 15:29:55,981 | INFO  | DNAudit | user=null | ip=null | op=WRITE_CHUNK {blockData=conID: 2 locID: 102655681885962834 bcsId: 0} | ret=SUCCESS |  
2019-08-21 15:29:55,981 | INFO  | DNAudit | user=null | ip=null | op=WRITE_CHUNK {blockData=conID: 2 locID: 102655681885962834 bcsId: 0} | ret=SUCCESS |  
2019-08-21 15:29:55,984 | INFO  | DNAudit | user=null | ip=null | op=WRITE_CHUNK {blockData=conID: 2 locID: 102655681885962834 bcsId: 0} | ret=SUCCESS |  
2019-08-21 15:29:55,985 | INFO  | DNAudit | user=null | ip=null | op=WRITE_CHUNK {blockData=conID: 2 locID: 102655681885962834 bcsId: 0} | ret=SUCCESS |  
2019-08-21 15:29:55,988 | INFO  | DNAudit | user=null | ip=null | op=WRITE_CHUNK {blockData=conID: 2 locID: 102655681885962834 bcsId: 0} | ret=SUCCESS |  
2019-08-21 15:29:55,988 | INFO  | DNAudit | user=null | ip=null | op=PUT_BLOCK {blockData=[blockId=conID: 2 locID: 102655681885962834 bcsId: 0,size=1048576]} | ret=SUCCESS |  
2019-08-21 15:29:55,989 [grpc-default-executor-4] INFO  client.GrpcClientProtocolClient (GrpcClientProtocolClient.java:onNext(255)) - client-029E50227556->355864cd-7ac5-4934-b366-9756b15dd90f: receive RaftClientReply:client-029E50227556->355864cd-7ac5-4934-b366-9756b15dd90f@group-785BCF25C267, cid=2504, SUCCESS, logIndex=3727, commits[355864cd-7ac5-4934-b366-9756b15dd90f:c3728, ce4aa411-63c8-4399-99eb-27ce352844f3:c3726, 3eeffb0a-787e-48ec-a2f5-d0c540a89489:c3726]
2019-08-21 15:29:55,989 [grpc-default-executor-4] INFO  client.GrpcClientProtocolClient (GrpcClientProtocolClient.java:onNext(255)) - client-029E50227556->355864cd-7ac5-4934-b366-9756b15dd90f: receive RaftClientReply:client-029E50227556->355864cd-7ac5-4934-b366-9756b15dd90f@group-785BCF25C267, cid=2505, SUCCESS, logIndex=3728, commits[355864cd-7ac5-4934-b366-9756b15dd90f:c3728, ce4aa411-63c8-4399-99eb-27ce352844f3:c3726, 3eeffb0a-787e-48ec-a2f5-d0c540a89489:c3726]
2019-08-21 15:29:55,998 | INFO  | DNAudit | user=null | ip=null | op=WRITE_CHUNK {blockData=conID: 2 locID: 102655681885962834 bcsId: 0} | ret=SUCCESS |  
2019-08-21 15:29:55,999 | INFO  | DNAudit | user=null | ip=null | op=PUT_BLOCK {blockData=[blockId=conID: 2 locID: 102655681885962834 bcsId: 0,size=2097152]} | ret=SUCCESS |  
2019-08-21 15:29:55,999 [grpc-default-executor-0] INFO  client.GrpcClientProtocolClient (GrpcClientProtocolClient.java:onNext(255)) - client-029E50227556->355864cd-7ac5-4934-b366-9756b15dd90f: receive RaftClientReply:client-029E50227556->355864cd-7ac5-4934-b366-9756b15dd90f@group-785BCF25C267, cid=2506, SUCCESS, logIndex=3729, commits[355864cd-7ac5-4934-b366-9756b15dd90f:c3730, ce4aa411-63c8-4399-99eb-27ce352844f3:c3726, 3eeffb0a-787e-48ec-a2f5-d0c540a89489:c3726]
2019-08-21 15:29:55,999 | INFO  | DNAudit | user=null | ip=null | op=WRITE_CHUNK {blockData=conID: 2 locID: 102655681885962834 bcsId: 0} | ret=SUCCESS |  
2019-08-21 15:29:55,999 | INFO  | DNAudit | user=null | ip=null | op=PUT_BLOCK {blockData=[blockId=conID: 2 locID: 102655681885962834 bcsId: 0,size=1048576]} | ret=SUCCESS |  
2019-08-21 15:29:55,999 [grpc-default-executor-0] INFO  client.GrpcClientProtocolClient (GrpcClientProtocolClient.java:onNext(255)) - client-029E50227556->355864cd-7ac5-4934-b366-9756b15dd90f: receive RaftClientReply:client-029E50227556->355864cd-7ac5-4934-b366-9756b15dd90f@group-785BCF25C267, cid=2507, SUCCESS, logIndex=3730, commits[355864cd-7ac5-4934-b366-9756b15dd90f:c3730, ce4aa411-63c8-4399-99eb-27ce352844f3:c3726, 3eeffb0a-787e-48ec-a2f5-d0c540a89489:c3726]
2019-08-21 15:29:56,000 | INFO  | DNAudit | user=null | ip=null | op=WRITE_CHUNK {blockData=conID: 2 locID: 102655681885962834 bcsId: 0} | ret=SUCCESS |  
2019-08-21 15:29:56,000 | INFO  | DNAudit | user=null | ip=null | op=PUT_BLOCK {blockData=[blockId=conID: 2 locID: 102655681885962834 bcsId: 0,size=1048576]} | ret=SUCCESS |  
2019-08-21 15:29:56,001 | INFO  | DNAudit | user=null | ip=null | op=WRITE_CHUNK {blockData=conID: 2 locID: 102655681885962834 bcsId: 0} | ret=SUCCESS |  
2019-08-21 15:29:56,001 | INFO  | DNAudit | user=null | ip=null | op=PUT_BLOCK {blockData=[blockId=conID: 2 locID: 102655681885962834 bcsId: 0,size=2097152]} | ret=SUCCESS |  
2019-08-21 15:29:56,001 [grpc-default-executor-0] INFO  client.GrpcClientProtocolClient (GrpcClientProtocolClient.java:onNext(255)) - client-029E50227556->355864cd-7ac5-4934-b366-9756b15dd90f: receive RaftClientReply:client-029E50227556->355864cd-7ac5-4934-b366-9756b15dd90f@group-785BCF25C267, cid=2508, SUCCESS, logIndex=0, commits[355864cd-7ac5-4934-b366-9756b15dd90f:c3732, ce4aa411-63c8-4399-99eb-27ce352844f3:c3728, 3eeffb0a-787e-48ec-a2f5-d0c540a89489:c3728]
2019-08-21 15:29:56,008 | INFO  | DNAudit | user=null | ip=null | op=WRITE_CHUNK {blockData=conID: 2 locID: 102655681885962834 bcsId: 3730} | ret=SUCCESS |  
2019-08-21 15:29:56,010 | INFO  | DNAudit | user=null | ip=null | op=WRITE_CHUNK {blockData=conID: 2 locID: 102655681885962834 bcsId: 0} | ret=SUCCESS |  
2019-08-21 15:29:56,010 | INFO  | DNAudit | user=null | ip=null | op=PUT_BLOCK {blockData=[blockId=conID: 2 locID: 102655681885962834 bcsId: 0,size=2097152]} | ret=SUCCESS |  
2019-08-21 15:29:56,011 | INFO  | DNAudit | user=null | ip=null | op=WRITE_CHUNK {blockData=conID: 2 locID: 102655681885962834 bcsId: 3730} | ret=SUCCESS |  
2019-08-21 15:29:56,011 | INFO  | DNAudit | user=null | ip=null | op=WRITE_CHUNK {blockData=conID: 2 locID: 102655681885962834 bcsId: 3730} | ret=SUCCESS |  
2019-08-21 15:29:56,022 | INFO  | DNAudit | user=null | ip=null | op=WRITE_CHUNK {blockData=conID: 2 locID: 102655681885962834 bcsId: 3730} | ret=SUCCESS |  
2019-08-21 15:29:56,022 | INFO  | DNAudit | user=null | ip=null | op=PUT_BLOCK {blockData=[blockId=conID: 2 locID: 102655681885962834 bcsId: 0,size=3145728]} | ret=SUCCESS |  
2019-08-21 15:29:56,022 [grpc-default-executor-4] INFO  client.GrpcClientProtocolClient (GrpcClientProtocolClient.java:onNext(255)) - client-029E50227556->355864cd-7ac5-4934-b366-9756b15dd90f: receive RaftClientReply:client-029E50227556->355864cd-7ac5-4934-b366-9756b15dd90f@group-785BCF25C267, cid=2509, SUCCESS, logIndex=3735, commits[355864cd-7ac5-4934-b366-9756b15dd90f:c3736, ce4aa411-63c8-4399-99eb-27ce352844f3:c3732, 3eeffb0a-787e-48ec-a2f5-d0c540a89489:c3732]
2019-08-21 15:29:56,023 [grpc-default-executor-4] INFO  client.GrpcClientProtocolClient (GrpcClientProtocolClient.java:onNext(255)) - client-029E50227556->355864cd-7ac5-4934-b366-9756b15dd90f: receive RaftClientReply:client-029E50227556->355864cd-7ac5-4934-b366-9756b15dd90f@group-785BCF25C267, cid=2510, SUCCESS, logIndex=3736, commits[355864cd-7ac5-4934-b366-9756b15dd90f:c3736, ce4aa411-63c8-4399-99eb-27ce352844f3:c3732, 3eeffb0a-787e-48ec-a2f5-d0c540a89489:c3732]
2019-08-21 15:29:56,030 | INFO  | DNAudit | user=null | ip=null | op=WRITE_CHUNK {blockData=conID: 2 locID: 102655681885962834 bcsId: 3736} | ret=SUCCESS |  
2019-08-21 15:29:56,032 | INFO  | DNAudit | user=null | ip=null | op=WRITE_CHUNK {blockData=conID: 2 locID: 102655681885962834 bcsId: 3736} | ret=SUCCESS |  
2019-08-21 15:29:56,033 | INFO  | DNAudit | user=null | ip=null | op=WRITE_CHUNK {blockData=conID: 2 locID: 102655681885962834 bcsId: 3736} | ret=SUCCESS |  
2019-08-21 15:29:56,033 | INFO  | DNAudit | user=null | ip=null | op=WRITE_CHUNK {blockData=conID: 2 locID: 102655681885962834 bcsId: 3730} | ret=SUCCESS |  
2019-08-21 15:29:56,033 | INFO  | DNAudit | user=null | ip=null | op=WRITE_CHUNK {blockData=conID: 2 locID: 102655681885962834 bcsId: 3730} | ret=SUCCESS |  
2019-08-21 15:29:56,034 | INFO  | DNAudit | user=null | ip=null | op=PUT_BLOCK {blockData=[blockId=conID: 2 locID: 102655681885962834 bcsId: 0,size=3145728]} | ret=SUCCESS |  
2019-08-21 15:29:56,034 | INFO  | DNAudit | user=null | ip=null | op=PUT_BLOCK {blockData=[blockId=conID: 2 locID: 102655681885962834 bcsId: 0,size=3145728]} | ret=SUCCESS |  
2019-08-21 15:29:56,037 | INFO  | DNAudit | user=null | ip=null | op=WRITE_CHUNK {blockData=conID: 2 locID: 102655681885962834 bcsId: 3736} | ret=SUCCESS |  
2019-08-21 15:29:56,037 | INFO  | DNAudit | user=null | ip=null | op=PUT_BLOCK {blockData=[blockId=conID: 2 locID: 102655681885962834 bcsId: 0,size=4194304]} | ret=SUCCESS |  
2019-08-21 15:29:56,037 [grpc-default-executor-4] INFO  client.GrpcClientProtocolClient (GrpcClientProtocolClient.java:onNext(255)) - client-029E50227556->355864cd-7ac5-4934-b366-9756b15dd90f: receive RaftClientReply:client-029E50227556->355864cd-7ac5-4934-b366-9756b15dd90f@group-785BCF25C267, cid=2511, SUCCESS, logIndex=3739, commits[355864cd-7ac5-4934-b366-9756b15dd90f:c3740, ce4aa411-63c8-4399-99eb-27ce352844f3:c3736, 3eeffb0a-787e-48ec-a2f5-d0c540a89489:c3736]
2019-08-21 15:29:56,038 [grpc-default-executor-4] INFO  client.GrpcClientProtocolClient (GrpcClientProtocolClient.java:onNext(255)) - client-029E50227556->355864cd-7ac5-4934-b366-9756b15dd90f: receive RaftClientReply:client-029E50227556->355864cd-7ac5-4934-b366-9756b15dd90f@group-785BCF25C267, cid=2512, SUCCESS, logIndex=3740, commits[355864cd-7ac5-4934-b366-9756b15dd90f:c3740, ce4aa411-63c8-4399-99eb-27ce352844f3:c3736, 3eeffb0a-787e-48ec-a2f5-d0c540a89489:c3736]
2019-08-21 15:29:56,049 | INFO  | DNAudit | user=null | ip=null | op=WRITE_CHUNK {blockData=conID: 2 locID: 102655681885962834 bcsId: 3736} | ret=SUCCESS |  
2019-08-21 15:29:56,049 | INFO  | DNAudit | user=null | ip=null | op=WRITE_CHUNK {blockData=conID: 2 locID: 102655681885962834 bcsId: 3736} | ret=SUCCESS |  
2019-08-21 15:29:56,051 | INFO  | DNAudit | user=null | ip=null | op=PUT_BLOCK {blockData=[blockId=conID: 2 locID: 102655681885962834 bcsId: 0,size=4194304]} | ret=SUCCESS |  
2019-08-21 15:29:56,052 | INFO  | DNAudit | user=null | ip=null | op=PUT_BLOCK {blockData=[blockId=conID: 2 locID: 102655681885962834 bcsId: 0,size=4194304]} | ret=SUCCESS |  
2019-08-21 15:29:56,052 [grpc-default-executor-4] INFO  client.GrpcClientProtocolClient (GrpcClientProtocolClient.java:onNext(255)) - client-029E50227556->355864cd-7ac5-4934-b366-9756b15dd90f: receive RaftClientReply:client-029E50227556->355864cd-7ac5-4934-b366-9756b15dd90f@group-785BCF25C267, cid=2513, SUCCESS, logIndex=0, commits[355864cd-7ac5-4934-b366-9756b15dd90f:c3741, ce4aa411-63c8-4399-99eb-27ce352844f3:c3740, 3eeffb0a-787e-48ec-a2f5-d0c540a89489:c3740]
2019-08-21 15:29:56,059 | INFO  | SCMAudit | user=jenkins1000 | ip=192.168.5.153 | op=ALLOCATE_BLOCK {owner=78849ec2-2b05-45d8-8cb5-e95e2230dbd1, size=4194304, type=RATIS, factor=THREE} | ret=SUCCESS |  
2019-08-21 15:29:56,063 | INFO  | OMAudit | user=jenkins1000 | ip=127.0.0.1 | op=ALLOCATE_BLOCK {volume=vol-0-32358, bucket=bucket-0-01949, key=key-0-56547, dataSize=0, replicationType=null, replicationFactor=null, keyLocationInfo=null, clientID=102655680532119954} | ret=SUCCESS |  
2019-08-21 15:29:56,069 | INFO  | DNAudit | user=null | ip=null | op=WRITE_CHUNK {blockData=conID: 3 locID: 102655681892123219 bcsId: 0} | ret=SUCCESS |  
2019-08-21 15:29:56,071 | INFO  | DNAudit | user=null | ip=null | op=WRITE_CHUNK {blockData=conID: 3 locID: 102655681892123219 bcsId: 0} | ret=SUCCESS |  
2019-08-21 15:29:56,073 | INFO  | DNAudit | user=null | ip=null | op=WRITE_CHUNK {blockData=conID: 3 locID: 102655681892123219 bcsId: 0} | ret=SUCCESS |  
2019-08-21 15:29:56,073 | INFO  | DNAudit | user=null | ip=null | op=WRITE_CHUNK {blockData=conID: 3 locID: 102655681892123219 bcsId: 0} | ret=SUCCESS |  
2019-08-21 15:29:56,075 | INFO  | DNAudit | user=null | ip=null | op=WRITE_CHUNK {blockData=conID: 3 locID: 102655681892123219 bcsId: 0} | ret=SUCCESS |  
2019-08-21 15:29:56,076 | INFO  | DNAudit | user=null | ip=null | op=WRITE_CHUNK {blockData=conID: 3 locID: 102655681892123219 bcsId: 0} | ret=SUCCESS |  
2019-08-21 15:29:56,081 | INFO  | DNAudit | user=null | ip=null | op=WRITE_CHUNK {blockData=conID: 3 locID: 102655681892123219 bcsId: 0} | ret=SUCCESS |  
2019-08-21 15:29:56,081 | INFO  | DNAudit | user=null | ip=null | op=PUT_BLOCK {blockData=[blockId=conID: 3 locID: 102655681892123219 bcsId: 0,size=1048576]} | ret=SUCCESS |  
2019-08-21 15:29:56,081 [grpc-default-executor-2] INFO  client.GrpcClientProtocolClient (GrpcClientProtocolClient.java:onNext(255)) - client-029E50227556->355864cd-7ac5-4934-b366-9756b15dd90f: receive RaftClientReply:client-029E50227556->355864cd-7ac5-4934-b366-9756b15dd90f@group-785BCF25C267, cid=2514, SUCCESS, logIndex=3743, commits[355864cd-7ac5-4934-b366-9756b15dd90f:c3744, ce4aa411-63c8-4399-99eb-27ce352844f3:c3742, 3eeffb0a-787e-48ec-a2f5-d0c540a89489:c3742]
2019-08-21 15:29:56,082 [grpc-default-executor-2] INFO  client.GrpcClientProtocolClient (GrpcClientProtocolClient.java:onNext(255)) - client-029E50227556->355864cd-7ac5-4934-b366-9756b15dd90f: receive RaftClientReply:client-029E50227556->355864cd-7ac5-4934-b366-9756b15dd90f@group-785BCF25C267, cid=2515, SUCCESS, logIndex=3744, commits[355864cd-7ac5-4934-b366-9756b15dd90f:c3744, ce4aa411-63c8-4399-99eb-27ce352844f3:c3742, 3eeffb0a-787e-48ec-a2f5-d0c540a89489:c3742]
2019-08-21 15:29:56,083 | INFO  | DNAudit | user=null | ip=null | op=WRITE_CHUNK {blockData=conID: 3 locID: 102655681892123219 bcsId: 0} | ret=SUCCESS |  
2019-08-21 15:29:56,084 | INFO  | DNAudit | user=null | ip=null | op=PUT_BLOCK {blockData=[blockId=conID: 3 locID: 102655681892123219 bcsId: 0,size=2097152]} | ret=SUCCESS |  
2019-08-21 15:29:56,084 [grpc-default-executor-4] INFO  client.GrpcClientProtocolClient (GrpcClientProtocolClient.java:onNext(255)) - client-029E50227556->355864cd-7ac5-4934-b366-9756b15dd90f: receive RaftClientReply:client-029E50227556->355864cd-7ac5-4934-b366-9756b15dd90f@group-785BCF25C267, cid=2516, SUCCESS, logIndex=3745, commits[355864cd-7ac5-4934-b366-9756b15dd90f:c3745, ce4aa411-63c8-4399-99eb-27ce352844f3:c3742, 3eeffb0a-787e-48ec-a2f5-d0c540a89489:c3742]
2019-08-21 15:29:56,084 [grpc-default-executor-4] INFO  client.GrpcClientProtocolClient (GrpcClientProtocolClient.java:onNext(255)) - client-029E50227556->355864cd-7ac5-4934-b366-9756b15dd90f: receive RaftClientReply:client-029E50227556->355864cd-7ac5-4934-b366-9756b15dd90f@group-785BCF25C267, cid=2517, SUCCESS, logIndex=3746, commits[355864cd-7ac5-4934-b366-9756b15dd90f:c3746, ce4aa411-63c8-4399-99eb-27ce352844f3:c3742, 3eeffb0a-787e-48ec-a2f5-d0c540a89489:c3742]
2019-08-21 15:29:56,095 | INFO  | DNAudit | user=null | ip=null | op=WRITE_CHUNK {blockData=conID: 3 locID: 102655681892123219 bcsId: 0} | ret=SUCCESS |  
2019-08-21 15:29:56,095 | INFO  | DNAudit | user=null | ip=null | op=WRITE_CHUNK {blockData=conID: 3 locID: 102655681892123219 bcsId: 0} | ret=SUCCESS |  
2019-08-21 15:29:56,095 | INFO  | DNAudit | user=null | ip=null | op=PUT_BLOCK {blockData=[blockId=conID: 3 locID: 102655681892123219 bcsId: 0,size=1048576]} | ret=SUCCESS |  
2019-08-21 15:29:56,095 | INFO  | DNAudit | user=null | ip=null | op=PUT_BLOCK {blockData=[blockId=conID: 3 locID: 102655681892123219 bcsId: 0,size=1048576]} | ret=SUCCESS |  
2019-08-21 15:29:56,095 [grpc-default-executor-4] INFO  client.GrpcClientProtocolClient (GrpcClientProtocolClient.java:onNext(255)) - client-029E50227556->355864cd-7ac5-4934-b366-9756b15dd90f: receive RaftClientReply:client-029E50227556->355864cd-7ac5-4934-b366-9756b15dd90f@group-785BCF25C267, cid=2518, SUCCESS, logIndex=0, commits[355864cd-7ac5-4934-b366-9756b15dd90f:c3747, ce4aa411-63c8-4399-99eb-27ce352844f3:c3744, 3eeffb0a-787e-48ec-a2f5-d0c540a89489:c3744]
2019-08-21 15:29:56,098 | INFO  | DNAudit | user=null | ip=null | op=WRITE_CHUNK {blockData=conID: 3 locID: 102655681892123219 bcsId: 0} | ret=SUCCESS |  
2019-08-21 15:29:56,098 | INFO  | DNAudit | user=null | ip=null | op=WRITE_CHUNK {blockData=conID: 3 locID: 102655681892123219 bcsId: 0} | ret=SUCCESS |  
2019-08-21 15:29:56,098 | INFO  | DNAudit | user=null | ip=null | op=PUT_BLOCK {blockData=[blockId=conID: 3 locID: 102655681892123219 bcsId: 0,size=2097152]} | ret=SUCCESS |  
2019-08-21 15:29:56,098 | INFO  | DNAudit | user=null | ip=null | op=PUT_BLOCK {blockData=[blockId=conID: 3 locID: 102655681892123219 bcsId: 0,size=2097152]} | ret=SUCCESS |  
2019-08-21 15:29:56,101 | INFO  | DNAudit | user=null | ip=null | op=WRITE_CHUNK {blockData=conID: 3 locID: 102655681892123219 bcsId: 3746} | ret=SUCCESS |  
2019-08-21 15:29:56,104 | INFO  | DNAudit | user=null | ip=null | op=WRITE_CHUNK {blockData=conID: 3 locID: 102655681892123219 bcsId: 3746} | ret=SUCCESS |  
2019-08-21 15:29:56,105 | INFO  | DNAudit | user=null | ip=null | op=WRITE_CHUNK {blockData=conID: 3 locID: 102655681892123219 bcsId: 3746} | ret=SUCCESS |  
2019-08-21 15:29:56,113 | INFO  | DNAudit | user=null | ip=null | op=WRITE_CHUNK {blockData=conID: 3 locID: 102655681892123219 bcsId: 3746} | ret=SUCCESS |  
2019-08-21 15:29:56,114 | INFO  | DNAudit | user=null | ip=null | op=PUT_BLOCK {blockData=[blockId=conID: 3 locID: 102655681892123219 bcsId: 0,size=3145728]} | ret=SUCCESS |  
2019-08-21 15:29:56,114 [grpc-default-executor-0] INFO  client.GrpcClientProtocolClient (GrpcClientProtocolClient.java:onNext(255)) - client-029E50227556->355864cd-7ac5-4934-b366-9756b15dd90f: receive RaftClientReply:client-029E50227556->355864cd-7ac5-4934-b366-9756b15dd90f@group-785BCF25C267, cid=2519, SUCCESS, logIndex=3750, commits[355864cd-7ac5-4934-b366-9756b15dd90f:c3751, ce4aa411-63c8-4399-99eb-27ce352844f3:c3749, 3eeffb0a-787e-48ec-a2f5-d0c540a89489:c3749]
2019-08-21 15:29:56,114 [grpc-default-executor-0] INFO  client.GrpcClientProtocolClient (GrpcClientProtocolClient.java:onNext(255)) - client-029E50227556->355864cd-7ac5-4934-b366-9756b15dd90f: receive RaftClientReply:client-029E50227556->355864cd-7ac5-4934-b366-9756b15dd90f@group-785BCF25C267, cid=2520, SUCCESS, logIndex=3751, commits[355864cd-7ac5-4934-b366-9756b15dd90f:c3751, ce4aa411-63c8-4399-99eb-27ce352844f3:c3749, 3eeffb0a-787e-48ec-a2f5-d0c540a89489:c3749]
 0.00% |█                                                                                                    |  0/1 Time: 0:00:202019-08-21 15:29:56,118 | INFO  | SCMAudit | user=jenkins1000 | ip=192.168.5.153 | op=SEND_HEARTBEAT {datanodeUUID=ce4aa411-63c8-4399-99eb-27ce352844f3, command=[]} | ret=SUCCESS |  
2019-08-21 15:29:56,118 | INFO  | SCMAudit | user=jenkins1000 | ip=192.168.5.153 | op=SEND_HEARTBEAT {datanodeUUID=3eeffb0a-787e-48ec-a2f5-d0c540a89489, command=[]} | ret=SUCCESS |  
2019-08-21 15:29:56,118 | INFO  | SCMAudit | user=jenkins1000 | ip=192.168.5.153 | op=SEND_HEARTBEAT {datanodeUUID=355864cd-7ac5-4934-b366-9756b15dd90f, command=[]} | ret=SUCCESS |  
2019-08-21 15:29:56,119 | INFO  | SCMAudit | user=jenkins1000 | ip=192.168.5.153 | op=SEND_HEARTBEAT {datanodeUUID=a38cd7e0-d792-481c-a4c0-f4feaa89ec8f, command=[]} | ret=SUCCESS |  
2019-08-21 15:29:56,119 | INFO  | SCMAudit | user=jenkins1000 | ip=192.168.5.153 | op=SEND_HEARTBEAT {datanodeUUID=a0074e04-2715-4b16-a2b0-10b5043d27ae, command=[]} | ret=SUCCESS |  
2019-08-21 15:29:56,121 | INFO  | DNAudit | user=null | ip=null | op=WRITE_CHUNK {blockData=conID: 3 locID: 102655681892123219 bcsId: 3751} | ret=SUCCESS |  
2019-08-21 15:29:56,123 | INFO  | DNAudit | user=null | ip=null | op=WRITE_CHUNK {blockData=conID: 3 locID: 102655681892123219 bcsId: 3751} | ret=SUCCESS |  
2019-08-21 15:29:56,123 | INFO  | DNAudit | user=null | ip=null | op=WRITE_CHUNK {blockData=conID: 3 locID: 102655681892123219 bcsId: 3751} | ret=SUCCESS |  
2019-08-21 15:29:56,125 | INFO  | DNAudit | user=null | ip=null | op=WRITE_CHUNK {blockData=conID: 3 locID: 102655681892123219 bcsId: 3746} | ret=SUCCESS |  
2019-08-21 15:29:56,125 | INFO  | DNAudit | user=null | ip=null | op=WRITE_CHUNK {blockData=conID: 3 locID: 102655681892123219 bcsId: 3746} | ret=SUCCESS |  
2019-08-21 15:29:56,126 | INFO  | DNAudit | user=null | ip=null | op=PUT_BLOCK {blockData=[blockId=conID: 3 locID: 102655681892123219 bcsId: 0,size=3145728]} | ret=SUCCESS |  
2019-08-21 15:29:56,126 | INFO  | DNAudit | user=null | ip=null | op=PUT_BLOCK {blockData=[blockId=conID: 3 locID: 102655681892123219 bcsId: 0,size=3145728]} | ret=SUCCESS |  
2019-08-21 15:29:56,127 | INFO  | DNAudit | user=null | ip=null | op=WRITE_CHUNK {blockData=conID: 3 locID: 102655681892123219 bcsId: 3751} | ret=SUCCESS |  
2019-08-21 15:29:56,127 | INFO  | DNAudit | user=null | ip=null | op=PUT_BLOCK {blockData=[blockId=conID: 3 locID: 102655681892123219 bcsId: 0,size=4194304]} | ret=SUCCESS |  
2019-08-21 15:29:56,127 [grpc-default-executor-0] INFO  client.GrpcClientProtocolClient (GrpcClientProtocolClient.java:onNext(255)) - client-029E50227556->355864cd-7ac5-4934-b366-9756b15dd90f: receive RaftClientReply:client-029E50227556->355864cd-7ac5-4934-b366-9756b15dd90f@group-785BCF25C267, cid=2521, SUCCESS, logIndex=3754, commits[355864cd-7ac5-4934-b366-9756b15dd90f:c3755, ce4aa411-63c8-4399-99eb-27ce352844f3:c3751, 3eeffb0a-787e-48ec-a2f5-d0c540a89489:c3751]
2019-08-21 15:29:56,128 [grpc-default-executor-0] INFO  client.GrpcClientProtocolClient (GrpcClientProtocolClient.java:onNext(255)) - client-029E50227556->355864cd-7ac5-4934-b366-9756b15dd90f: receive RaftClientReply:client-029E50227556->355864cd-7ac5-4934-b366-9756b15dd90f@group-785BCF25C267, cid=2522, SUCCESS, logIndex=3755, commits[355864cd-7ac5-4934-b366-9756b15dd90f:c3755, ce4aa411-63c8-4399-99eb-27ce352844f3:c3751, 3eeffb0a-787e-48ec-a2f5-d0c540a89489:c3751]
2019-08-21 15:29:56,138 | INFO  | DNAudit | user=null | ip=null | op=WRITE_CHUNK {blockData=conID: 3 locID: 102655681892123219 bcsId: 3751} | ret=SUCCESS |  
2019-08-21 15:29:56,139 | INFO  | DNAudit | user=null | ip=null | op=PUT_BLOCK {blockData=[blockId=conID: 3 locID: 102655681892123219 bcsId: 0,size=4194304]} | ret=SUCCESS |  
2019-08-21 15:29:56,139 | INFO  | DNAudit | user=null | ip=null | op=WRITE_CHUNK {blockData=conID: 3 locID: 102655681892123219 bcsId: 3751} | ret=SUCCESS |  
2019-08-21 15:29:56,139 | INFO  | DNAudit | user=null | ip=null | op=PUT_BLOCK {blockData=[blockId=conID: 3 locID: 102655681892123219 bcsId: 0,size=4194304]} | ret=SUCCESS |  
2019-08-21 15:29:56,139 [grpc-default-executor-0] INFO  client.GrpcClientProtocolClient (GrpcClientProtocolClient.java:onNext(255)) - client-029E50227556->355864cd-7ac5-4934-b366-9756b15dd90f: receive RaftClientReply:client-029E50227556->355864cd-7ac5-4934-b366-9756b15dd90f@group-785BCF25C267, cid=2523, SUCCESS, logIndex=0, commits[355864cd-7ac5-4934-b366-9756b15dd90f:c3756, ce4aa411-63c8-4399-99eb-27ce352844f3:c3755, 3eeffb0a-787e-48ec-a2f5-d0c540a89489:c3755]
2019-08-21 15:29:56,146 | INFO  | SCMAudit | user=jenkins1000 | ip=192.168.5.153 | op=ALLOCATE_BLOCK {owner=78849ec2-2b05-45d8-8cb5-e95e2230dbd1, size=4194304, type=RATIS, factor=THREE} | ret=SUCCESS |  
2019-08-21 15:29:56,149 | INFO  | OMAudit | user=jenkins1000 | ip=127.0.0.1 | op=ALLOCATE_BLOCK {volume=vol-0-32358, bucket=bucket-0-01949, key=key-0-56547, dataSize=0, replicationType=null, replicationFactor=null, keyLocationInfo=null, clientID=102655680532119954} | ret=SUCCESS |  
2019-08-21 15:29:56,156 | INFO  | DNAudit | user=null | ip=null | op=WRITE_CHUNK {blockData=conID: 1 locID: 102655681897824852 bcsId: 0} | ret=SUCCESS |  
2019-08-21 15:29:56,158 | INFO  | DNAudit | user=null | ip=null | op=WRITE_CHUNK {blockData=conID: 1 locID: 102655681897824852 bcsId: 0} | ret=SUCCESS |  
2019-08-21 15:29:56,159 | INFO  | DNAudit | user=null | ip=null | op=WRITE_CHUNK {blockData=conID: 1 locID: 102655681897824852 bcsId: 0} | ret=SUCCESS |  
2019-08-21 15:29:56,161 | INFO  | DNAudit | user=null | ip=null | op=WRITE_CHUNK {blockData=conID: 1 locID: 102655681897824852 bcsId: 0} | ret=SUCCESS |  
2019-08-21 15:29:56,162 | INFO  | DNAudit | user=null | ip=null | op=WRITE_CHUNK {blockData=conID: 1 locID: 102655681897824852 bcsId: 0} | ret=SUCCESS |  
2019-08-21 15:29:56,163 | INFO  | DNAudit | user=null | ip=null | op=WRITE_CHUNK {blockData=conID: 1 locID: 102655681897824852 bcsId: 0} | ret=SUCCESS |  
2019-08-21 15:29:56,169 | INFO  | DNAudit | user=null | ip=null | op=WRITE_CHUNK {blockData=conID: 1 locID: 102655681897824852 bcsId: 0} | ret=SUCCESS |  
2019-08-21 15:29:56,169 | INFO  | DNAudit | user=null | ip=null | op=PUT_BLOCK {blockData=[blockId=conID: 1 locID: 102655681897824852 bcsId: 0,size=1048576]} | ret=SUCCESS |  
2019-08-21 15:29:56,169 | INFO  | DNAudit | user=null | ip=null | op=WRITE_CHUNK {blockData=conID: 1 locID: 102655681897824852 bcsId: 0} | ret=SUCCESS |  
2019-08-21 15:29:56,169 [grpc-default-executor-3] INFO  client.GrpcClientProtocolClient (GrpcClientProtocolClient.java:onNext(255)) - client-029E50227556->355864cd-7ac5-4934-b366-9756b15dd90f: receive RaftClientReply:client-029E50227556->355864cd-7ac5-4934-b366-9756b15dd90f@group-785BCF25C267, cid=2524, SUCCESS, logIndex=3758, commits[355864cd-7ac5-4934-b366-9756b15dd90f:c3759, ce4aa411-63c8-4399-99eb-27ce352844f3:c3757, 3eeffb0a-787e-48ec-a2f5-d0c540a89489:c3757]
2019-08-21 15:29:56,170 | INFO  | DNAudit | user=null | ip=null | op=PUT_BLOCK {blockData=[blockId=conID: 1 locID: 102655681897824852 bcsId: 0,size=2097152]} | ret=SUCCESS |  
2019-08-21 15:29:56,170 [grpc-default-executor-3] INFO  client.GrpcClientProtocolClient (GrpcClientProtocolClient.java:onNext(255)) - client-029E50227556->355864cd-7ac5-4934-b366-9756b15dd90f: receive RaftClientReply:client-029E50227556->355864cd-7ac5-4934-b366-9756b15dd90f@group-785BCF25C267, cid=2525, SUCCESS, logIndex=3759, commits[355864cd-7ac5-4934-b366-9756b15dd90f:c3761, ce4aa411-63c8-4399-99eb-27ce352844f3:c3757, 3eeffb0a-787e-48ec-a2f5-d0c540a89489:c3757]
2019-08-21 15:29:56,170 | INFO  | DNAudit | user=null | ip=null | op=WRITE_CHUNK {blockData=conID: 1 locID: 102655681897824852 bcsId: 0} | ret=SUCCESS |  
2019-08-21 15:29:56,170 [grpc-default-executor-3] INFO  client.GrpcClientProtocolClient (GrpcClientProtocolClient.java:onNext(255)) - client-029E50227556->355864cd-7ac5-4934-b366-9756b15dd90f: receive RaftClientReply:client-029E50227556->355864cd-7ac5-4934-b366-9756b15dd90f@group-785BCF25C267, cid=2526, SUCCESS, logIndex=3760, commits[355864cd-7ac5-4934-b366-9756b15dd90f:c3761, ce4aa411-63c8-4399-99eb-27ce352844f3:c3757, 3eeffb0a-787e-48ec-a2f5-d0c540a89489:c3757]
2019-08-21 15:29:56,171 | INFO  | DNAudit | user=null | ip=null | op=WRITE_CHUNK {blockData=conID: 1 locID: 102655681897824852 bcsId: 0} | ret=SUCCESS |  
2019-08-21 15:29:56,171 [grpc-default-executor-3] INFO  client.GrpcClientProtocolClient (GrpcClientProtocolClient.java:onNext(255)) - client-029E50227556->355864cd-7ac5-4934-b366-9756b15dd90f: receive RaftClientReply:client-029E50227556->355864cd-7ac5-4934-b366-9756b15dd90f@group-785BCF25C267, cid=2527, SUCCESS, logIndex=3761, commits[355864cd-7ac5-4934-b366-9756b15dd90f:c3761, ce4aa411-63c8-4399-99eb-27ce352844f3:c3757, 3eeffb0a-787e-48ec-a2f5-d0c540a89489:c3757]
2019-08-21 15:29:56,171 | INFO  | DNAudit | user=null | ip=null | op=PUT_BLOCK {blockData=[blockId=conID: 1 locID: 102655681897824852 bcsId: 0,size=1048576]} | ret=SUCCESS |  
2019-08-21 15:29:56,171 | INFO  | DNAudit | user=null | ip=null | op=WRITE_CHUNK {blockData=conID: 1 locID: 102655681897824852 bcsId: 0} | ret=SUCCESS |  
2019-08-21 15:29:56,171 | INFO  | DNAudit | user=null | ip=null | op=PUT_BLOCK {blockData=[blockId=conID: 1 locID: 102655681897824852 bcsId: 0,size=2097152]} | ret=SUCCESS |  
2019-08-21 15:29:56,172 | INFO  | DNAudit | user=null | ip=null | op=PUT_BLOCK {blockData=[blockId=conID: 1 locID: 102655681897824852 bcsId: 0,size=1048576]} | ret=SUCCESS |  
2019-08-21 15:29:56,172 | INFO  | DNAudit | user=null | ip=null | op=WRITE_CHUNK {blockData=conID: 1 locID: 102655681897824852 bcsId: 0} | ret=SUCCESS |  
2019-08-21 15:29:56,172 | INFO  | DNAudit | user=null | ip=null | op=PUT_BLOCK {blockData=[blockId=conID: 1 locID: 102655681897824852 bcsId: 0,size=2097152]} | ret=SUCCESS |  
2019-08-21 15:29:56,172 [grpc-default-executor-3] INFO  client.GrpcClientProtocolClient (GrpcClientProtocolClient.java:onNext(255)) - client-029E50227556->355864cd-7ac5-4934-b366-9756b15dd90f: receive RaftClientReply:client-029E50227556->355864cd-7ac5-4934-b366-9756b15dd90f@group-785BCF25C267, cid=2528, SUCCESS, logIndex=0, commits[355864cd-7ac5-4934-b366-9756b15dd90f:c3764, ce4aa411-63c8-4399-99eb-27ce352844f3:c3759, 3eeffb0a-787e-48ec-a2f5-d0c540a89489:c3761]
2019-08-21 15:29:56,178 | INFO  | DNAudit | user=null | ip=null | op=WRITE_CHUNK {blockData=conID: 1 locID: 102655681897824852 bcsId: 3761} | ret=SUCCESS |  
2019-08-21 15:29:56,181 | INFO  | DNAudit | user=null | ip=null | op=WRITE_CHUNK {blockData=conID: 1 locID: 102655681897824852 bcsId: 3761} | ret=SUCCESS |  
2019-08-21 15:29:56,181 | INFO  | DNAudit | user=null | ip=null | op=WRITE_CHUNK {blockData=conID: 1 locID: 102655681897824852 bcsId: 3761} | ret=SUCCESS |  
2019-08-21 15:29:56,191 | INFO  | DNAudit | user=null | ip=null | op=WRITE_CHUNK {blockData=conID: 1 locID: 102655681897824852 bcsId: 3761} | ret=SUCCESS |  
2019-08-21 15:29:56,192 | INFO  | DNAudit | user=null | ip=null | op=PUT_BLOCK {blockData=[blockId=conID: 1 locID: 102655681897824852 bcsId: 0,size=3145728]} | ret=SUCCESS |  
2019-08-21 15:29:56,192 [grpc-default-executor-2] INFO  client.GrpcClientProtocolClient (GrpcClientProtocolClient.java:onNext(255)) - client-029E50227556->355864cd-7ac5-4934-b366-9756b15dd90f: receive RaftClientReply:client-029E50227556->355864cd-7ac5-4934-b366-9756b15dd90f@group-785BCF25C267, cid=2529, SUCCESS, logIndex=3765, commits[355864cd-7ac5-4934-b366-9756b15dd90f:c3766, ce4aa411-63c8-4399-99eb-27ce352844f3:c3761, 3eeffb0a-787e-48ec-a2f5-d0c540a89489:c3764]
2019-08-21 15:29:56,193 [grpc-default-executor-2] INFO  client.GrpcClientProtocolClient (GrpcClientProtocolClient.java:onNext(255)) - client-029E50227556->355864cd-7ac5-4934-b366-9756b15dd90f: receive RaftClientReply:client-029E50227556->355864cd-7ac5-4934-b366-9756b15dd90f@group-785BCF25C267, cid=2530, SUCCESS, logIndex=3766, commits[355864cd-7ac5-4934-b366-9756b15dd90f:c3766, ce4aa411-63c8-4399-99eb-27ce352844f3:c3764, 3eeffb0a-787e-48ec-a2f5-d0c540a89489:c3764]
2019-08-21 15:29:56,198 | INFO  | DNAudit | user=null | ip=null | op=WRITE_CHUNK {blockData=conID: 1 locID: 102655681897824852 bcsId: 3766} | ret=SUCCESS |  
2019-08-21 15:29:56,201 | INFO  | DNAudit | user=null | ip=null | op=WRITE_CHUNK {blockData=conID: 1 locID: 102655681897824852 bcsId: 3766} | ret=SUCCESS |  
2019-08-21 15:29:56,201 | INFO  | DNAudit | user=null | ip=null | op=WRITE_CHUNK {blockData=conID: 1 locID: 102655681897824852 bcsId: 3766} | ret=SUCCESS |  
2019-08-21 15:29:56,202 | INFO  | DNAudit | user=null | ip=null | op=WRITE_CHUNK {blockData=conID: 1 locID: 102655681897824852 bcsId: 3761} | ret=SUCCESS |  
2019-08-21 15:29:56,202 | INFO  | DNAudit | user=null | ip=null | op=WRITE_CHUNK {blockData=conID: 1 locID: 102655681897824852 bcsId: 3761} | ret=SUCCESS |  
2019-08-21 15:29:56,202 | INFO  | DNAudit | user=null | ip=null | op=PUT_BLOCK {blockData=[blockId=conID: 1 locID: 102655681897824852 bcsId: 0,size=3145728]} | ret=SUCCESS |  
2019-08-21 15:29:56,202 | INFO  | DNAudit | user=null | ip=null | op=PUT_BLOCK {blockData=[blockId=conID: 1 locID: 102655681897824852 bcsId: 0,size=3145728]} | ret=SUCCESS |  
2019-08-21 15:29:56,221 | INFO  | DNAudit | user=null | ip=null | op=WRITE_CHUNK {blockData=conID: 1 locID: 102655681897824852 bcsId: 3766} | ret=SUCCESS |  
2019-08-21 15:29:56,222 | INFO  | DNAudit | user=null | ip=null | op=PUT_BLOCK {blockData=[blockId=conID: 1 locID: 102655681897824852 bcsId: 0,size=4194304]} | ret=SUCCESS |  
2019-08-21 15:29:56,222 [grpc-default-executor-3] INFO  client.GrpcClientProtocolClient (GrpcClientProtocolClient.java:onNext(255)) - client-029E50227556->355864cd-7ac5-4934-b366-9756b15dd90f: receive RaftClientReply:client-029E50227556->355864cd-7ac5-4934-b366-9756b15dd90f@group-785BCF25C267, cid=2531, SUCCESS, logIndex=3769, commits[355864cd-7ac5-4934-b366-9756b15dd90f:c3770, ce4aa411-63c8-4399-99eb-27ce352844f3:c3766, 3eeffb0a-787e-48ec-a2f5-d0c540a89489:c3766]
2019-08-21 15:29:56,223 [grpc-default-executor-3] INFO  client.GrpcClientProtocolClient (GrpcClientProtocolClient.java:onNext(255)) - client-029E50227556->355864cd-7ac5-4934-b366-9756b15dd90f: receive RaftClientReply:client-029E50227556->355864cd-7ac5-4934-b366-9756b15dd90f@group-785BCF25C267, cid=2532, SUCCESS, logIndex=3770, commits[355864cd-7ac5-4934-b366-9756b15dd90f:c3770, ce4aa411-63c8-4399-99eb-27ce352844f3:c3766, 3eeffb0a-787e-48ec-a2f5-d0c540a89489:c3766]
2019-08-21 15:29:56,233 | INFO  | DNAudit | user=null | ip=null | op=WRITE_CHUNK {blockData=conID: 1 locID: 102655681897824852 bcsId: 3766} | ret=SUCCESS |  
2019-08-21 15:29:56,234 | INFO  | DNAudit | user=null | ip=null | op=WRITE_CHUNK {blockData=conID: 1 locID: 102655681897824852 bcsId: 3766} | ret=SUCCESS |  
2019-08-21 15:29:56,234 | INFO  | DNAudit | user=null | ip=null | op=PUT_BLOCK {blockData=[blockId=conID: 1 locID: 102655681897824852 bcsId: 0,size=4194304]} | ret=SUCCESS |  
2019-08-21 15:29:56,234 | INFO  | DNAudit | user=null | ip=null | op=PUT_BLOCK {blockData=[blockId=conID: 1 locID: 102655681897824852 bcsId: 0,size=4194304]} | ret=SUCCESS |  
2019-08-21 15:29:56,234 [grpc-default-executor-3] INFO  client.GrpcClientProtocolClient (GrpcClientProtocolClient.java:onNext(255)) - client-029E50227556->355864cd-7ac5-4934-b366-9756b15dd90f: receive RaftClientReply:client-029E50227556->355864cd-7ac5-4934-b366-9756b15dd90f@group-785BCF25C267, cid=2533, SUCCESS, logIndex=0, commits[355864cd-7ac5-4934-b366-9756b15dd90f:c3771, ce4aa411-63c8-4399-99eb-27ce352844f3:c3770, 3eeffb0a-787e-48ec-a2f5-d0c540a89489:c3770]
2019-08-21 15:29:56,239 | INFO  | SCMAudit | user=jenkins1000 | ip=192.168.5.153 | op=ALLOCATE_BLOCK {owner=78849ec2-2b05-45d8-8cb5-e95e2230dbd1, size=4194304, type=RATIS, factor=THREE} | ret=SUCCESS |  
2019-08-21 15:29:56,243 | INFO  | OMAudit | user=jenkins1000 | ip=127.0.0.1 | op=ALLOCATE_BLOCK {volume=vol-0-32358, bucket=bucket-0-01949, key=key-0-56547, dataSize=0, replicationType=null, replicationFactor=null, keyLocationInfo=null, clientID=102655680532119954} | ret=SUCCESS |  
2019-08-21 15:29:56,249 | INFO  | DNAudit | user=null | ip=null | op=WRITE_CHUNK {blockData=conID: 2 locID: 102655681903919701 bcsId: 0} | ret=SUCCESS |  
2019-08-21 15:29:56,252 | INFO  | DNAudit | user=null | ip=null | op=WRITE_CHUNK {blockData=conID: 2 locID: 102655681903919701 bcsId: 0} | ret=SUCCESS |  
2019-08-21 15:29:56,253 | INFO  | DNAudit | user=null | ip=null | op=WRITE_CHUNK {blockData=conID: 2 locID: 102655681903919701 bcsId: 0} | ret=SUCCESS |  
2019-08-21 15:29:56,253 | INFO  | DNAudit | user=null | ip=null | op=WRITE_CHUNK {blockData=conID: 2 locID: 102655681903919701 bcsId: 0} | ret=SUCCESS |  
2019-08-21 15:29:56,254 | INFO  | DNAudit | user=null | ip=null | op=WRITE_CHUNK {blockData=conID: 2 locID: 102655681903919701 bcsId: 0} | ret=SUCCESS |  
2019-08-21 15:29:56,254 | INFO  | DNAudit | user=null | ip=null | op=WRITE_CHUNK {blockData=conID: 2 locID: 102655681903919701 bcsId: 0} | ret=SUCCESS |  
2019-08-21 15:29:56,254 | INFO  | DNAudit | user=null | ip=null | op=WRITE_CHUNK {blockData=conID: 2 locID: 102655681903919701 bcsId: 0} | ret=SUCCESS |  
2019-08-21 15:29:56,254 | INFO  | DNAudit | user=null | ip=null | op=PUT_BLOCK {blockData=[blockId=conID: 2 locID: 102655681903919701 bcsId: 0,size=1048576]} | ret=SUCCESS |  
2019-08-21 15:29:56,255 [grpc-default-executor-3] INFO  client.GrpcClientProtocolClient (GrpcClientProtocolClient.java:onNext(255)) - client-029E50227556->355864cd-7ac5-4934-b366-9756b15dd90f: receive RaftClientReply:client-029E50227556->355864cd-7ac5-4934-b366-9756b15dd90f@group-785BCF25C267, cid=2534, SUCCESS, logIndex=3773, commits[355864cd-7ac5-4934-b366-9756b15dd90f:c3774, ce4aa411-63c8-4399-99eb-27ce352844f3:c3772, 3eeffb0a-787e-48ec-a2f5-d0c540a89489:c3770]
2019-08-21 15:29:56,255 [grpc-default-executor-3] INFO  client.GrpcClientProtocolClient (GrpcClientProtocolClient.java:onNext(255)) - client-029E50227556->355864cd-7ac5-4934-b366-9756b15dd90f: receive RaftClientReply:client-029E50227556->355864cd-7ac5-4934-b366-9756b15dd90f@group-785BCF25C267, cid=2535, SUCCESS, logIndex=3774, commits[355864cd-7ac5-4934-b366-9756b15dd90f:c3774, ce4aa411-63c8-4399-99eb-27ce352844f3:c3772, 3eeffb0a-787e-48ec-a2f5-d0c540a89489:c3770]
2019-08-21 15:29:56,265 | INFO  | DNAudit | user=null | ip=null | op=WRITE_CHUNK {blockData=conID: 2 locID: 102655681903919701 bcsId: 0} | ret=SUCCESS |  
2019-08-21 15:29:56,266 | INFO  | DNAudit | user=null | ip=null | op=PUT_BLOCK {blockData=[blockId=conID: 2 locID: 102655681903919701 bcsId: 0,size=2097152]} | ret=SUCCESS |  
2019-08-21 15:29:56,266 | INFO  | DNAudit | user=null | ip=null | op=WRITE_CHUNK {blockData=conID: 2 locID: 102655681903919701 bcsId: 0} | ret=SUCCESS |  
2019-08-21 15:29:56,266 [grpc-default-executor-2] INFO  client.GrpcClientProtocolClient (GrpcClientProtocolClient.java:onNext(255)) - client-029E50227556->355864cd-7ac5-4934-b366-9756b15dd90f: receive RaftClientReply:client-029E50227556->355864cd-7ac5-4934-b366-9756b15dd90f@group-785BCF25C267, cid=2536, SUCCESS, logIndex=3775, commits[355864cd-7ac5-4934-b366-9756b15dd90f:c3776, ce4aa411-63c8-4399-99eb-27ce352844f3:c3772, 3eeffb0a-787e-48ec-a2f5-d0c540a89489:c3772]
2019-08-21 15:29:56,266 | INFO  | DNAudit | user=null | ip=null | op=PUT_BLOCK {blockData=[blockId=conID: 2 locID: 102655681903919701 bcsId: 0,size=1048576]} | ret=SUCCESS |  
2019-08-21 15:29:56,267 | INFO  | DNAudit | user=null | ip=null | op=WRITE_CHUNK {blockData=conID: 2 locID: 102655681903919701 bcsId: 0} | ret=SUCCESS |  
2019-08-21 15:29:56,267 [grpc-default-executor-2] INFO  client.GrpcClientProtocolClient (GrpcClientProtocolClient.java:onNext(255)) - client-029E50227556->355864cd-7ac5-4934-b366-9756b15dd90f: receive RaftClientReply:client-029E50227556->355864cd-7ac5-4934-b366-9756b15dd90f@group-785BCF25C267, cid=2537, SUCCESS, logIndex=3776, commits[355864cd-7ac5-4934-b366-9756b15dd90f:c3777, ce4aa411-63c8-4399-99eb-27ce352844f3:c3773, 3eeffb0a-787e-48ec-a2f5-d0c540a89489:c3772]
2019-08-21 15:29:56,267 | INFO  | DNAudit | user=null | ip=null | op=PUT_BLOCK {blockData=[blockId=conID: 2 locID: 102655681903919701 bcsId: 0,size=1048576]} | ret=SUCCESS |  
2019-08-21 15:29:56,267 | INFO  | DNAudit | user=null | ip=null | op=WRITE_CHUNK {blockData=conID: 2 locID: 102655681903919701 bcsId: 0} | ret=SUCCESS |  
2019-08-21 15:29:56,267 | INFO  | DNAudit | user=null | ip=null | op=PUT_BLOCK {blockData=[blockId=conID: 2 locID: 102655681903919701 bcsId: 0,size=2097152]} | ret=SUCCESS |  
2019-08-21 15:29:56,268 | INFO  | DNAudit | user=null | ip=null | op=WRITE_CHUNK {blockData=conID: 2 locID: 102655681903919701 bcsId: 0} | ret=SUCCESS |  
2019-08-21 15:29:56,268 [grpc-default-executor-0] INFO  client.GrpcClientProtocolClient (GrpcClientProtocolClient.java:onNext(255)) - client-029E50227556->355864cd-7ac5-4934-b366-9756b15dd90f: receive RaftClientReply:client-029E50227556->355864cd-7ac5-4934-b366-9756b15dd90f@group-785BCF25C267, cid=2538, SUCCESS, logIndex=0, commits[355864cd-7ac5-4934-b366-9756b15dd90f:c3778, ce4aa411-63c8-4399-99eb-27ce352844f3:c3774, 3eeffb0a-787e-48ec-a2f5-d0c540a89489:c3774]
2019-08-21 15:29:56,268 | INFO  | DNAudit | user=null | ip=null | op=PUT_BLOCK {blockData=[blockId=conID: 2 locID: 102655681903919701 bcsId: 0,size=2097152]} | ret=SUCCESS |  
2019-08-21 15:29:56,274 | INFO  | DNAudit | user=null | ip=null | op=WRITE_CHUNK {blockData=conID: 2 locID: 102655681903919701 bcsId: 3776} | ret=SUCCESS |  
2019-08-21 15:29:56,276 | INFO  | DNAudit | user=null | ip=null | op=WRITE_CHUNK {blockData=conID: 2 locID: 102655681903919701 bcsId: 3776} | ret=SUCCESS |  
2019-08-21 15:29:56,276 | INFO  | DNAudit | user=null | ip=null | op=WRITE_CHUNK {blockData=conID: 2 locID: 102655681903919701 bcsId: 3776} | ret=SUCCESS |  
2019-08-21 15:29:56,287 | INFO  | DNAudit | user=null | ip=null | op=WRITE_CHUNK {blockData=conID: 2 locID: 102655681903919701 bcsId: 3776} | ret=SUCCESS |  
2019-08-21 15:29:56,287 | INFO  | DNAudit | user=null | ip=null | op=PUT_BLOCK {blockData=[blockId=conID: 2 locID: 102655681903919701 bcsId: 0,size=3145728]} | ret=SUCCESS |  
2019-08-21 15:29:56,287 [grpc-default-executor-2] INFO  client.GrpcClientProtocolClient (GrpcClientProtocolClient.java:onNext(255)) - client-029E50227556->355864cd-7ac5-4934-b366-9756b15dd90f: receive RaftClientReply:client-029E50227556->355864cd-7ac5-4934-b366-9756b15dd90f@group-785BCF25C267, cid=2539, SUCCESS, logIndex=3781, commits[355864cd-7ac5-4934-b366-9756b15dd90f:c3782, ce4aa411-63c8-4399-99eb-27ce352844f3:c3780, 3eeffb0a-787e-48ec-a2f5-d0c540a89489:c3780]
2019-08-21 15:29:56,288 [grpc-default-executor-2] INFO  client.GrpcClientProtocolClient (GrpcClientProtocolClient.java:onNext(255)) - client-029E50227556->355864cd-7ac5-4934-b366-9756b15dd90f: receive RaftClientReply:client-029E50227556->355864cd-7ac5-4934-b366-9756b15dd90f@group-785BCF25C267, cid=2540, SUCCESS, logIndex=3782, commits[355864cd-7ac5-4934-b366-9756b15dd90f:c3782, ce4aa411-63c8-4399-99eb-27ce352844f3:c3780, 3eeffb0a-787e-48ec-a2f5-d0c540a89489:c3780]
2019-08-21 15:29:56,293 | INFO  | DNAudit | user=null | ip=null | op=WRITE_CHUNK {blockData=conID: 2 locID: 102655681903919701 bcsId: 3782} | ret=SUCCESS |  
2019-08-21 15:29:56,295 | INFO  | DNAudit | user=null | ip=null | op=WRITE_CHUNK {blockData=conID: 2 locID: 102655681903919701 bcsId: 3782} | ret=SUCCESS |  
2019-08-21 15:29:56,296 | INFO  | DNAudit | user=null | ip=null | op=WRITE_CHUNK {blockData=conID: 2 locID: 102655681903919701 bcsId: 3782} | ret=SUCCESS |  
2019-08-21 15:29:56,298 | INFO  | DNAudit | user=null | ip=null | op=WRITE_CHUNK {blockData=conID: 2 locID: 102655681903919701 bcsId: 3776} | ret=SUCCESS |  
2019-08-21 15:29:56,298 | INFO  | DNAudit | user=null | ip=null | op=WRITE_CHUNK {blockData=conID: 2 locID: 102655681903919701 bcsId: 3776} | ret=SUCCESS |  
2019-08-21 15:29:56,308 | INFO  | DNAudit | user=null | ip=null | op=PUT_BLOCK {blockData=[blockId=conID: 2 locID: 102655681903919701 bcsId: 0,size=3145728]} | ret=SUCCESS |  
2019-08-21 15:29:56,308 | INFO  | DNAudit | user=null | ip=null | op=PUT_BLOCK {blockData=[blockId=conID: 2 locID: 102655681903919701 bcsId: 0,size=3145728]} | ret=SUCCESS |  
2019-08-21 15:29:56,309 | INFO  | DNAudit | user=null | ip=null | op=WRITE_CHUNK {blockData=conID: 2 locID: 102655681903919701 bcsId: 3782} | ret=SUCCESS |  
2019-08-21 15:29:56,309 | INFO  | DNAudit | user=null | ip=null | op=PUT_BLOCK {blockData=[blockId=conID: 2 locID: 102655681903919701 bcsId: 0,size=4194304]} | ret=SUCCESS |  
2019-08-21 15:29:56,310 [grpc-default-executor-2] INFO  client.GrpcClientProtocolClient (GrpcClientProtocolClient.java:onNext(255)) - client-029E50227556->355864cd-7ac5-4934-b366-9756b15dd90f: receive RaftClientReply:client-029E50227556->355864cd-7ac5-4934-b366-9756b15dd90f@group-785BCF25C267, cid=2541, SUCCESS, logIndex=3785, commits[355864cd-7ac5-4934-b366-9756b15dd90f:c3786, ce4aa411-63c8-4399-99eb-27ce352844f3:c3782, 3eeffb0a-787e-48ec-a2f5-d0c540a89489:c3782]
2019-08-21 15:29:56,310 [grpc-default-executor-2] INFO  client.GrpcClientProtocolClient (GrpcClientProtocolClient.java:onNext(255)) - client-029E50227556->355864cd-7ac5-4934-b366-9756b15dd90f: receive RaftClientReply:client-029E50227556->355864cd-7ac5-4934-b366-9756b15dd90f@group-785BCF25C267, cid=2542, SUCCESS, logIndex=3786, commits[355864cd-7ac5-4934-b366-9756b15dd90f:c3786, ce4aa411-63c8-4399-99eb-27ce352844f3:c3782, 3eeffb0a-787e-48ec-a2f5-d0c540a89489:c3782]
2019-08-21 15:29:56,320 | INFO  | DNAudit | user=null | ip=null | op=WRITE_CHUNK {blockData=conID: 2 locID: 102655681903919701 bcsId: 3782} | ret=SUCCESS |  
2019-08-21 15:29:56,321 | INFO  | DNAudit | user=null | ip=null | op=PUT_BLOCK {blockData=[blockId=conID: 2 locID: 102655681903919701 bcsId: 0,size=4194304]} | ret=SUCCESS |  
2019-08-21 15:29:56,321 | INFO  | DNAudit | user=null | ip=null | op=WRITE_CHUNK {blockData=conID: 2 locID: 102655681903919701 bcsId: 3782} | ret=SUCCESS |  
2019-08-21 15:29:56,322 | INFO  | DNAudit | user=null | ip=null | op=PUT_BLOCK {blockData=[blockId=conID: 2 locID: 102655681903919701 bcsId: 0,size=4194304]} | ret=SUCCESS |  
2019-08-21 15:29:56,323 [grpc-default-executor-2] INFO  client.GrpcClientProtocolClient (GrpcClientProtocolClient.java:onNext(255)) - client-029E50227556->355864cd-7ac5-4934-b366-9756b15dd90f: receive RaftClientReply:client-029E50227556->355864cd-7ac5-4934-b366-9756b15dd90f@group-785BCF25C267, cid=2543, SUCCESS, logIndex=0, commits[355864cd-7ac5-4934-b366-9756b15dd90f:c3787, ce4aa411-63c8-4399-99eb-27ce352844f3:c3786, 3eeffb0a-787e-48ec-a2f5-d0c540a89489:c3786]
2019-08-21 15:29:56,329 | INFO  | SCMAudit | user=jenkins1000 | ip=192.168.5.153 | op=ALLOCATE_BLOCK {owner=78849ec2-2b05-45d8-8cb5-e95e2230dbd1, size=4194304, type=RATIS, factor=THREE} | ret=SUCCESS |  
2019-08-21 15:29:56,331 | INFO  | OMAudit | user=jenkins1000 | ip=127.0.0.1 | op=ALLOCATE_BLOCK {volume=vol-0-32358, bucket=bucket-0-01949, key=key-0-56547, dataSize=0, replicationType=null, replicationFactor=null, keyLocationInfo=null, clientID=102655680532119954} | ret=SUCCESS |  
2019-08-21 15:29:56,337 | INFO  | DNAudit | user=null | ip=null | op=WRITE_CHUNK {blockData=conID: 3 locID: 102655681909752406 bcsId: 0} | ret=SUCCESS |  
2019-08-21 15:29:56,341 | INFO  | DNAudit | user=null | ip=null | op=WRITE_CHUNK {blockData=conID: 3 locID: 102655681909752406 bcsId: 0} | ret=SUCCESS |  
2019-08-21 15:29:56,341 | INFO  | DNAudit | user=null | ip=null | op=WRITE_CHUNK {blockData=conID: 3 locID: 102655681909752406 bcsId: 0} | ret=SUCCESS |  
2019-08-21 15:29:56,341 | INFO  | DNAudit | user=null | ip=null | op=WRITE_CHUNK {blockData=conID: 3 locID: 102655681909752406 bcsId: 0} | ret=SUCCESS |  
2019-08-21 15:29:56,343 | INFO  | DNAudit | user=null | ip=null | op=WRITE_CHUNK {blockData=conID: 3 locID: 102655681909752406 bcsId: 0} | ret=SUCCESS |  
2019-08-21 15:29:56,343 | INFO  | DNAudit | user=null | ip=null | op=WRITE_CHUNK {blockData=conID: 3 locID: 102655681909752406 bcsId: 0} | ret=SUCCESS |  
2019-08-21 15:29:56,350 | INFO  | DNAudit | user=null | ip=null | op=WRITE_CHUNK {blockData=conID: 3 locID: 102655681909752406 bcsId: 0} | ret=SUCCESS |  
2019-08-21 15:29:56,350 | INFO  | DNAudit | user=null | ip=null | op=PUT_BLOCK {blockData=[blockId=conID: 3 locID: 102655681909752406 bcsId: 0,size=1048576]} | ret=SUCCESS |  
2019-08-21 15:29:56,350 [grpc-default-executor-3] INFO  client.GrpcClientProtocolClient (GrpcClientProtocolClient.java:onNext(255)) - client-029E50227556->355864cd-7ac5-4934-b366-9756b15dd90f: receive RaftClientReply:client-029E50227556->355864cd-7ac5-4934-b366-9756b15dd90f@group-785BCF25C267, cid=2544, SUCCESS, logIndex=3789, commits[355864cd-7ac5-4934-b366-9756b15dd90f:c3790, ce4aa411-63c8-4399-99eb-27ce352844f3:c3788, 3eeffb0a-787e-48ec-a2f5-d0c540a89489:c3788]
2019-08-21 15:29:56,351 | INFO  | DNAudit | user=null | ip=null | op=WRITE_CHUNK {blockData=conID: 3 locID: 102655681909752406 bcsId: 0} | ret=SUCCESS |  
2019-08-21 15:29:56,351 [grpc-default-executor-3] INFO  client.GrpcClientProtocolClient (GrpcClientProtocolClient.java:onNext(255)) - client-029E50227556->355864cd-7ac5-4934-b366-9756b15dd90f: receive RaftClientReply:client-029E50227556->355864cd-7ac5-4934-b366-9756b15dd90f@group-785BCF25C267, cid=2545, SUCCESS, logIndex=3790, commits[355864cd-7ac5-4934-b366-9756b15dd90f:c3790, ce4aa411-63c8-4399-99eb-27ce352844f3:c3788, 3eeffb0a-787e-48ec-a2f5-d0c540a89489:c3788]
2019-08-21 15:29:56,351 | INFO  | DNAudit | user=null | ip=null | op=PUT_BLOCK {blockData=[blockId=conID: 3 locID: 102655681909752406 bcsId: 0,size=2097152]} | ret=SUCCESS |  
2019-08-21 15:29:56,351 [grpc-default-executor-2] INFO  client.GrpcClientProtocolClient (GrpcClientProtocolClient.java:onNext(255)) - client-029E50227556->355864cd-7ac5-4934-b366-9756b15dd90f: receive RaftClientReply:client-029E50227556->355864cd-7ac5-4934-b366-9756b15dd90f@group-785BCF25C267, cid=2546, SUCCESS, logIndex=3791, commits[355864cd-7ac5-4934-b366-9756b15dd90f:c3792, ce4aa411-63c8-4399-99eb-27ce352844f3:c3788, 3eeffb0a-787e-48ec-a2f5-d0c540a89489:c3788]
2019-08-21 15:29:56,351 [grpc-default-executor-2] INFO  client.GrpcClientProtocolClient (GrpcClientProtocolClient.java:onNext(255)) - client-029E50227556->355864cd-7ac5-4934-b366-9756b15dd90f: receive RaftClientReply:client-029E50227556->355864cd-7ac5-4934-b366-9756b15dd90f@group-785BCF25C267, cid=2547, SUCCESS, logIndex=3792, commits[355864cd-7ac5-4934-b366-9756b15dd90f:c3792, ce4aa411-63c8-4399-99eb-27ce352844f3:c3788, 3eeffb0a-787e-48ec-a2f5-d0c540a89489:c3788]
2019-08-21 15:29:56,371 | INFO  | DNAudit | user=null | ip=null | op=WRITE_CHUNK {blockData=conID: 3 locID: 102655681909752406 bcsId: 0} | ret=SUCCESS |  
2019-08-21 15:29:56,371 | INFO  | DNAudit | user=null | ip=null | op=PUT_BLOCK {blockData=[blockId=conID: 3 locID: 102655681909752406 bcsId: 0,size=1048576]} | ret=SUCCESS |  
2019-08-21 15:29:56,371 | INFO  | DNAudit | user=null | ip=null | op=WRITE_CHUNK {blockData=conID: 3 locID: 102655681909752406 bcsId: 0} | ret=SUCCESS |  
2019-08-21 15:29:56,372 | INFO  | DNAudit | user=null | ip=null | op=PUT_BLOCK {blockData=[blockId=conID: 3 locID: 102655681909752406 bcsId: 0,size=1048576]} | ret=SUCCESS |  
2019-08-21 15:29:56,372 | INFO  | DNAudit | user=null | ip=null | op=WRITE_CHUNK {blockData=conID: 3 locID: 102655681909752406 bcsId: 0} | ret=SUCCESS |  
2019-08-21 15:29:56,372 | INFO  | DNAudit | user=null | ip=null | op=WRITE_CHUNK {blockData=conID: 3 locID: 102655681909752406 bcsId: 0} | ret=SUCCESS |  
2019-08-21 15:29:56,372 | INFO  | DNAudit | user=null | ip=null | op=PUT_BLOCK {blockData=[blockId=conID: 3 locID: 102655681909752406 bcsId: 0,size=2097152]} | ret=SUCCESS |  
2019-08-21 15:29:56,373 | INFO  | DNAudit | user=null | ip=null | op=PUT_BLOCK {blockData=[blockId=conID: 3 locID: 102655681909752406 bcsId: 0,size=2097152]} | ret=SUCCESS |  
2019-08-21 15:29:56,373 [grpc-default-executor-2] INFO  client.GrpcClientProtocolClient (GrpcClientProtocolClient.java:onNext(255)) - client-029E50227556->355864cd-7ac5-4934-b366-9756b15dd90f: receive RaftClientReply:client-029E50227556->355864cd-7ac5-4934-b366-9756b15dd90f@group-785BCF25C267, cid=2548, SUCCESS, logIndex=0, commits[355864cd-7ac5-4934-b366-9756b15dd90f:c3794, ce4aa411-63c8-4399-99eb-27ce352844f3:c3790, 3eeffb0a-787e-48ec-a2f5-d0c540a89489:c3790]
2019-08-21 15:29:56,382 | INFO  | DNAudit | user=null | ip=null | op=WRITE_CHUNK {blockData=conID: 3 locID: 102655681909752406 bcsId: 3792} | ret=SUCCESS |  
2019-08-21 15:29:56,384 | INFO  | DNAudit | user=null | ip=null | op=WRITE_CHUNK {blockData=conID: 3 locID: 102655681909752406 bcsId: 3792} | ret=SUCCESS |  
2019-08-21 15:29:56,385 | INFO  | DNAudit | user=null | ip=null | op=WRITE_CHUNK {blockData=conID: 3 locID: 102655681909752406 bcsId: 3792} | ret=SUCCESS |  
2019-08-21 15:29:56,395 | INFO  | DNAudit | user=null | ip=null | op=WRITE_CHUNK {blockData=conID: 3 locID: 102655681909752406 bcsId: 3792} | ret=SUCCESS |  
2019-08-21 15:29:56,395 | INFO  | DNAudit | user=null | ip=null | op=PUT_BLOCK {blockData=[blockId=conID: 3 locID: 102655681909752406 bcsId: 0,size=3145728]} | ret=SUCCESS |  
2019-08-21 15:29:56,396 [grpc-default-executor-0] INFO  client.GrpcClientProtocolClient (GrpcClientProtocolClient.java:onNext(255)) - client-029E50227556->355864cd-7ac5-4934-b366-9756b15dd90f: receive RaftClientReply:client-029E50227556->355864cd-7ac5-4934-b366-9756b15dd90f@group-785BCF25C267, cid=2549, SUCCESS, logIndex=3797, commits[355864cd-7ac5-4934-b366-9756b15dd90f:c3798, ce4aa411-63c8-4399-99eb-27ce352844f3:c3796, 3eeffb0a-787e-48ec-a2f5-d0c540a89489:c3796]
2019-08-21 15:29:56,396 [grpc-default-executor-0] INFO  client.GrpcClientProtocolClient (GrpcClientProtocolClient.java:onNext(255)) - client-029E50227556->355864cd-7ac5-4934-b366-9756b15dd90f: receive RaftClientReply:client-029E50227556->355864cd-7ac5-4934-b366-9756b15dd90f@group-785BCF25C267, cid=2550, SUCCESS, logIndex=3798, commits[355864cd-7ac5-4934-b366-9756b15dd90f:c3798, ce4aa411-63c8-4399-99eb-27ce352844f3:c3796, 3eeffb0a-787e-48ec-a2f5-d0c540a89489:c3796]
2019-08-21 15:29:56,402 | INFO  | DNAudit | user=null | ip=null | op=WRITE_CHUNK {blockData=conID: 3 locID: 102655681909752406 bcsId: 3798} | ret=SUCCESS |  
2019-08-21 15:29:56,404 | INFO  | DNAudit | user=null | ip=null | op=WRITE_CHUNK {blockData=conID: 3 locID: 102655681909752406 bcsId: 3798} | ret=SUCCESS |  
2019-08-21 15:29:56,405 | INFO  | DNAudit | user=null | ip=null | op=WRITE_CHUNK {blockData=conID: 3 locID: 102655681909752406 bcsId: 3798} | ret=SUCCESS |  
2019-08-21 15:29:56,406 | INFO  | DNAudit | user=null | ip=null | op=WRITE_CHUNK {blockData=conID: 3 locID: 102655681909752406 bcsId: 3792} | ret=SUCCESS |  
2019-08-21 15:29:56,407 | INFO  | DNAudit | user=null | ip=null | op=WRITE_CHUNK {blockData=conID: 3 locID: 102655681909752406 bcsId: 3792} | ret=SUCCESS |  
2019-08-21 15:29:56,407 | INFO  | DNAudit | user=null | ip=null | op=PUT_BLOCK {blockData=[blockId=conID: 3 locID: 102655681909752406 bcsId: 0,size=3145728]} | ret=SUCCESS |  
2019-08-21 15:29:56,407 | INFO  | DNAudit | user=null | ip=null | op=PUT_BLOCK {blockData=[blockId=conID: 3 locID: 102655681909752406 bcsId: 0,size=3145728]} | ret=SUCCESS |  
2019-08-21 15:29:56,415 | INFO  | DNAudit | user=null | ip=null | op=WRITE_CHUNK {blockData=conID: 3 locID: 102655681909752406 bcsId: 3798} | ret=SUCCESS |  
2019-08-21 15:29:56,416 | INFO  | DNAudit | user=null | ip=null | op=PUT_BLOCK {blockData=[blockId=conID: 3 locID: 102655681909752406 bcsId: 0,size=4194304]} | ret=SUCCESS |  
2019-08-21 15:29:56,416 [grpc-default-executor-3] INFO  client.GrpcClientProtocolClient (GrpcClientProtocolClient.java:onNext(255)) - client-029E50227556->355864cd-7ac5-4934-b366-9756b15dd90f: receive RaftClientReply:client-029E50227556->355864cd-7ac5-4934-b366-9756b15dd90f@group-785BCF25C267, cid=2551, SUCCESS, logIndex=3801, commits[355864cd-7ac5-4934-b366-9756b15dd90f:c3802, ce4aa411-63c8-4399-99eb-27ce352844f3:c3798, 3eeffb0a-787e-48ec-a2f5-d0c540a89489:c3798]
2019-08-21 15:29:56,417 [grpc-default-executor-3] INFO  client.GrpcClientProtocolClient (GrpcClientProtocolClient.java:onNext(255)) - client-029E50227556->355864cd-7ac5-4934-b366-9756b15dd90f: receive RaftClientReply:client-029E50227556->355864cd-7ac5-4934-b366-9756b15dd90f@group-785BCF25C267, cid=2552, SUCCESS, logIndex=3802, commits[355864cd-7ac5-4934-b366-9756b15dd90f:c3802, ce4aa411-63c8-4399-99eb-27ce352844f3:c3798, 3eeffb0a-787e-48ec-a2f5-d0c540a89489:c3798]
2019-08-21 15:29:56,426 | INFO  | DNAudit | user=null | ip=null | op=WRITE_CHUNK {blockData=conID: 3 locID: 102655681909752406 bcsId: 3798} | ret=SUCCESS |  
2019-08-21 15:29:56,427 | INFO  | DNAudit | user=null | ip=null | op=WRITE_CHUNK {blockData=conID: 3 locID: 102655681909752406 bcsId: 3798} | ret=SUCCESS |  
2019-08-21 15:29:56,427 | INFO  | DNAudit | user=null | ip=null | op=PUT_BLOCK {blockData=[blockId=conID: 3 locID: 102655681909752406 bcsId: 0,size=4194304]} | ret=SUCCESS |  
2019-08-21 15:29:56,427 | INFO  | DNAudit | user=null | ip=null | op=PUT_BLOCK {blockData=[blockId=conID: 3 locID: 102655681909752406 bcsId: 0,size=4194304]} | ret=SUCCESS |  
2019-08-21 15:29:56,427 [grpc-default-executor-3] INFO  client.GrpcClientProtocolClient (GrpcClientProtocolClient.java:onNext(255)) - client-029E50227556->355864cd-7ac5-4934-b366-9756b15dd90f: receive RaftClientReply:client-029E50227556->355864cd-7ac5-4934-b366-9756b15dd90f@group-785BCF25C267, cid=2553, SUCCESS, logIndex=0, commits[355864cd-7ac5-4934-b366-9756b15dd90f:c3803, ce4aa411-63c8-4399-99eb-27ce352844f3:c3802, 3eeffb0a-787e-48ec-a2f5-d0c540a89489:c3802]
2019-08-21 15:29:56,435 | INFO  | SCMAudit | user=jenkins1000 | ip=192.168.5.153 | op=ALLOCATE_BLOCK {owner=78849ec2-2b05-45d8-8cb5-e95e2230dbd1, size=4194304, type=RATIS, factor=THREE} | ret=SUCCESS |  
2019-08-21 15:29:56,439 | INFO  | OMAudit | user=jenkins1000 | ip=127.0.0.1 | op=ALLOCATE_BLOCK {volume=vol-0-32358, bucket=bucket-0-01949, key=key-0-56547, dataSize=0, replicationType=null, replicationFactor=null, keyLocationInfo=null, clientID=102655680532119954} | ret=SUCCESS |  
2019-08-21 15:29:56,446 | INFO  | DNAudit | user=null | ip=null | op=WRITE_CHUNK {blockData=conID: 1 locID: 102655681916764759 bcsId: 0} | ret=SUCCESS |  
2019-08-21 15:29:56,448 | INFO  | DNAudit | user=null | ip=null | op=WRITE_CHUNK {blockData=conID: 1 locID: 102655681916764759 bcsId: 0} | ret=SUCCESS |  
2019-08-21 15:29:56,449 | INFO  | DNAudit | user=null | ip=null | op=WRITE_CHUNK {blockData=conID: 1 locID: 102655681916764759 bcsId: 0} | ret=SUCCESS |  
2019-08-21 15:29:56,450 | INFO  | DNAudit | user=null | ip=null | op=WRITE_CHUNK {blockData=conID: 1 locID: 102655681916764759 bcsId: 0} | ret=SUCCESS |  
2019-08-21 15:29:56,452 | INFO  | DNAudit | user=null | ip=null | op=WRITE_CHUNK {blockData=conID: 1 locID: 102655681916764759 bcsId: 0} | ret=SUCCESS |  
2019-08-21 15:29:56,452 | INFO  | DNAudit | user=null | ip=null | op=WRITE_CHUNK {blockData=conID: 1 locID: 102655681916764759 bcsId: 0} | ret=SUCCESS |  
2019-08-21 15:29:56,460 | INFO  | DNAudit | user=null | ip=null | op=WRITE_CHUNK {blockData=conID: 1 locID: 102655681916764759 bcsId: 0} | ret=SUCCESS |  
2019-08-21 15:29:56,460 | INFO  | DNAudit | user=null | ip=null | op=PUT_BLOCK {blockData=[blockId=conID: 1 locID: 102655681916764759 bcsId: 0,size=1048576]} | ret=SUCCESS |  
2019-08-21 15:29:56,461 | INFO  | DNAudit | user=null | ip=null | op=WRITE_CHUNK {blockData=conID: 1 locID: 102655681916764759 bcsId: 0} | ret=SUCCESS |  
2019-08-21 15:29:56,461 [grpc-default-executor-2] INFO  client.GrpcClientProtocolClient (GrpcClientProtocolClient.java:onNext(255)) - client-029E50227556->355864cd-7ac5-4934-b366-9756b15dd90f: receive RaftClientReply:client-029E50227556->355864cd-7ac5-4934-b366-9756b15dd90f@group-785BCF25C267, cid=2554, SUCCESS, logIndex=3805, commits[355864cd-7ac5-4934-b366-9756b15dd90f:c3806, ce4aa411-63c8-4399-99eb-27ce352844f3:c3804, 3eeffb0a-787e-48ec-a2f5-d0c540a89489:c3804]
2019-08-21 15:29:56,462 | INFO  | DNAudit | user=null | ip=null | op=PUT_BLOCK {blockData=[blockId=conID: 1 locID: 102655681916764759 bcsId: 0,size=2097152]} | ret=SUCCESS |  
2019-08-21 15:29:56,462 [grpc-default-executor-3] INFO  client.GrpcClientProtocolClient (GrpcClientProtocolClient.java:onNext(255)) - client-029E50227556->355864cd-7ac5-4934-b366-9756b15dd90f: receive RaftClientReply:client-029E50227556->355864cd-7ac5-4934-b366-9756b15dd90f@group-785BCF25C267, cid=2555, SUCCESS, logIndex=3806, commits[355864cd-7ac5-4934-b366-9756b15dd90f:c3806, ce4aa411-63c8-4399-99eb-27ce352844f3:c3804, 3eeffb0a-787e-48ec-a2f5-d0c540a89489:c3804]
2019-08-21 15:29:56,462 | INFO  | DNAudit | user=null | ip=null | op=WRITE_CHUNK {blockData=conID: 1 locID: 102655681916764759 bcsId: 0} | ret=SUCCESS |  
2019-08-21 15:29:56,462 | INFO  | DNAudit | user=null | ip=null | op=PUT_BLOCK {blockData=[blockId=conID: 1 locID: 102655681916764759 bcsId: 0,size=1048576]} | ret=SUCCESS |  
2019-08-21 15:29:56,462 [grpc-default-executor-0] INFO  client.GrpcClientProtocolClient (GrpcClientProtocolClient.java:onNext(255)) - client-029E50227556->355864cd-7ac5-4934-b366-9756b15dd90f: receive RaftClientReply:client-029E50227556->355864cd-7ac5-4934-b366-9756b15dd90f@group-785BCF25C267, cid=2556, SUCCESS, logIndex=3807, commits[355864cd-7ac5-4934-b366-9756b15dd90f:c3807, ce4aa411-63c8-4399-99eb-27ce352844f3:c3804, 3eeffb0a-787e-48ec-a2f5-d0c540a89489:c3804]
2019-08-21 15:29:56,463 [grpc-default-executor-0] INFO  client.GrpcClientProtocolClient (GrpcClientProtocolClient.java:onNext(255)) - client-029E50227556->355864cd-7ac5-4934-b366-9756b15dd90f: receive RaftClientReply:client-029E50227556->355864cd-7ac5-4934-b366-9756b15dd90f@group-785BCF25C267, cid=2557, SUCCESS, logIndex=3808, commits[355864cd-7ac5-4934-b366-9756b15dd90f:c3808, ce4aa411-63c8-4399-99eb-27ce352844f3:c3804, 3eeffb0a-787e-48ec-a2f5-d0c540a89489:c3804]
2019-08-21 15:29:56,464 | INFO  | DNAudit | user=null | ip=null | op=WRITE_CHUNK {blockData=conID: 1 locID: 102655681916764759 bcsId: 0} | ret=SUCCESS |  
2019-08-21 15:29:56,464 | INFO  | DNAudit | user=null | ip=null | op=PUT_BLOCK {blockData=[blockId=conID: 1 locID: 102655681916764759 bcsId: 0,size=1048576]} | ret=SUCCESS |  
2019-08-21 15:29:56,464 [grpc-default-executor-0] INFO  client.GrpcClientProtocolClient (GrpcClientProtocolClient.java:onNext(255)) - client-029E50227556->355864cd-7ac5-4934-b366-9756b15dd90f: receive RaftClientReply:client-029E50227556->355864cd-7ac5-4934-b366-9756b15dd90f@group-785BCF25C267, cid=2558, SUCCESS, logIndex=0, commits[355864cd-7ac5-4934-b366-9756b15dd90f:c3810, ce4aa411-63c8-4399-99eb-27ce352844f3:c3806, 3eeffb0a-787e-48ec-a2f5-d0c540a89489:c3806]
2019-08-21 15:29:56,473 | INFO  | DNAudit | user=null | ip=null | op=WRITE_CHUNK {blockData=conID: 1 locID: 102655681916764759 bcsId: 0} | ret=SUCCESS |  
2019-08-21 15:29:56,473 | INFO  | DNAudit | user=null | ip=null | op=WRITE_CHUNK {blockData=conID: 1 locID: 102655681916764759 bcsId: 3808} | ret=SUCCESS |  
2019-08-21 15:29:56,474 | INFO  | DNAudit | user=null | ip=null | op=WRITE_CHUNK {blockData=conID: 1 locID: 102655681916764759 bcsId: 0} | ret=SUCCESS |  
2019-08-21 15:29:56,474 | INFO  | DNAudit | user=null | ip=null | op=PUT_BLOCK {blockData=[blockId=conID: 1 locID: 102655681916764759 bcsId: 0,size=2097152]} | ret=SUCCESS |  
2019-08-21 15:29:56,474 | INFO  | DNAudit | user=null | ip=null | op=PUT_BLOCK {blockData=[blockId=conID: 1 locID: 102655681916764759 bcsId: 0,size=2097152]} | ret=SUCCESS |  
2019-08-21 15:29:56,476 | INFO  | DNAudit | user=null | ip=null | op=WRITE_CHUNK {blockData=conID: 1 locID: 102655681916764759 bcsId: 3808} | ret=SUCCESS |  
2019-08-21 15:29:56,478 | INFO  | DNAudit | user=null | ip=null | op=WRITE_CHUNK {blockData=conID: 1 locID: 102655681916764759 bcsId: 3808} | ret=SUCCESS |  
2019-08-21 15:29:56,499 | INFO  | DNAudit | user=null | ip=null | op=WRITE_CHUNK {blockData=conID: 1 locID: 102655681916764759 bcsId: 3808} | ret=SUCCESS |  
2019-08-21 15:29:56,500 | INFO  | DNAudit | user=null | ip=null | op=PUT_BLOCK {blockData=[blockId=conID: 1 locID: 102655681916764759 bcsId: 0,size=3145728]} | ret=SUCCESS |  
2019-08-21 15:29:56,500 [grpc-default-executor-3] INFO  client.GrpcClientProtocolClient (GrpcClientProtocolClient.java:onNext(255)) - client-029E50227556->355864cd-7ac5-4934-b366-9756b15dd90f: receive RaftClientReply:client-029E50227556->355864cd-7ac5-4934-b366-9756b15dd90f@group-785BCF25C267, cid=2559, SUCCESS, logIndex=3813, commits[355864cd-7ac5-4934-b366-9756b15dd90f:c3814, ce4aa411-63c8-4399-99eb-27ce352844f3:c3810, 3eeffb0a-787e-48ec-a2f5-d0c540a89489:c3808]
2019-08-21 15:29:56,501 [grpc-default-executor-3] INFO  client.GrpcClientProtocolClient (GrpcClientProtocolClient.java:onNext(255)) - client-029E50227556->355864cd-7ac5-4934-b366-9756b15dd90f: receive RaftClientReply:client-029E50227556->355864cd-7ac5-4934-b366-9756b15dd90f@group-785BCF25C267, cid=2560, SUCCESS, logIndex=3814, commits[355864cd-7ac5-4934-b366-9756b15dd90f:c3814, ce4aa411-63c8-4399-99eb-27ce352844f3:c3810, 3eeffb0a-787e-48ec-a2f5-d0c540a89489:c3810]
2019-08-21 15:29:56,511 | INFO  | DNAudit | user=null | ip=null | op=WRITE_CHUNK {blockData=conID: 1 locID: 102655681916764759 bcsId: 3808} | ret=SUCCESS |  
2019-08-21 15:29:56,511 | INFO  | DNAudit | user=null | ip=null | op=WRITE_CHUNK {blockData=conID: 1 locID: 102655681916764759 bcsId: 3808} | ret=SUCCESS |  
2019-08-21 15:29:56,511 | INFO  | DNAudit | user=null | ip=null | op=WRITE_CHUNK {blockData=conID: 1 locID: 102655681916764759 bcsId: 3814} | ret=SUCCESS |  
2019-08-21 15:29:56,511 | INFO  | DNAudit | user=null | ip=null | op=PUT_BLOCK {blockData=[blockId=conID: 1 locID: 102655681916764759 bcsId: 0,size=3145728]} | ret=SUCCESS |  
2019-08-21 15:29:56,511 | INFO  | DNAudit | user=null | ip=null | op=PUT_BLOCK {blockData=[blockId=conID: 1 locID: 102655681916764759 bcsId: 0,size=3145728]} | ret=SUCCESS |  
2019-08-21 15:29:56,514 | INFO  | DNAudit | user=null | ip=null | op=WRITE_CHUNK {blockData=conID: 1 locID: 102655681916764759 bcsId: 3814} | ret=SUCCESS |  
2019-08-21 15:29:56,515 | INFO  | DNAudit | user=null | ip=null | op=WRITE_CHUNK {blockData=conID: 1 locID: 102655681916764759 bcsId: 3814} | ret=SUCCESS |  
2019-08-21 15:29:56,526 | INFO  | DNAudit | user=null | ip=null | op=WRITE_CHUNK {blockData=conID: 1 locID: 102655681916764759 bcsId: 3814} | ret=SUCCESS |  
2019-08-21 15:29:56,526 | INFO  | DNAudit | user=null | ip=null | op=PUT_BLOCK {blockData=[blockId=conID: 1 locID: 102655681916764759 bcsId: 0,size=4194304]} | ret=SUCCESS |  
2019-08-21 15:29:56,527 [grpc-default-executor-3] INFO  client.GrpcClientProtocolClient (GrpcClientProtocolClient.java:onNext(255)) - client-029E50227556->355864cd-7ac5-4934-b366-9756b15dd90f: receive RaftClientReply:client-029E50227556->355864cd-7ac5-4934-b366-9756b15dd90f@group-785BCF25C267, cid=2561, SUCCESS, logIndex=3817, commits[355864cd-7ac5-4934-b366-9756b15dd90f:c3818, ce4aa411-63c8-4399-99eb-27ce352844f3:c3814, 3eeffb0a-787e-48ec-a2f5-d0c540a89489:c3814]
2019-08-21 15:29:56,527 [grpc-default-executor-3] INFO  client.GrpcClientProtocolClient (GrpcClientProtocolClient.java:onNext(255)) - client-029E50227556->355864cd-7ac5-4934-b366-9756b15dd90f: receive RaftClientReply:client-029E50227556->355864cd-7ac5-4934-b366-9756b15dd90f@group-785BCF25C267, cid=2562, SUCCESS, logIndex=3818, commits[355864cd-7ac5-4934-b366-9756b15dd90f:c3818, ce4aa411-63c8-4399-99eb-27ce352844f3:c3814, 3eeffb0a-787e-48ec-a2f5-d0c540a89489:c3814]
2019-08-21 15:29:56,537 | INFO  | DNAudit | user=null | ip=null | op=WRITE_CHUNK {blockData=conID: 1 locID: 102655681916764759 bcsId: 3814} | ret=SUCCESS |  
2019-08-21 15:29:56,537 | INFO  | DNAudit | user=null | ip=null | op=WRITE_CHUNK {blockData=conID: 1 locID: 102655681916764759 bcsId: 3814} | ret=SUCCESS |  
2019-08-21 15:29:56,538 | INFO  | DNAudit | user=null | ip=null | op=PUT_BLOCK {blockData=[blockId=conID: 1 locID: 102655681916764759 bcsId: 0,size=4194304]} | ret=SUCCESS |  
2019-08-21 15:29:56,538 | INFO  | DNAudit | user=null | ip=null | op=PUT_BLOCK {blockData=[blockId=conID: 1 locID: 102655681916764759 bcsId: 0,size=4194304]} | ret=SUCCESS |  
2019-08-21 15:29:56,538 [grpc-default-executor-3] INFO  client.GrpcClientProtocolClient (GrpcClientProtocolClient.java:onNext(255)) - client-029E50227556->355864cd-7ac5-4934-b366-9756b15dd90f: receive RaftClientReply:client-029E50227556->355864cd-7ac5-4934-b366-9756b15dd90f@group-785BCF25C267, cid=2563, SUCCESS, logIndex=0, commits[355864cd-7ac5-4934-b366-9756b15dd90f:c3819, ce4aa411-63c8-4399-99eb-27ce352844f3:c3818, 3eeffb0a-787e-48ec-a2f5-d0c540a89489:c3818]
2019-08-21 15:29:56,544 | INFO  | SCMAudit | user=jenkins1000 | ip=192.168.5.153 | op=ALLOCATE_BLOCK {owner=78849ec2-2b05-45d8-8cb5-e95e2230dbd1, size=4194304, type=RATIS, factor=THREE} | ret=SUCCESS |  
2019-08-21 15:29:56,548 | INFO  | OMAudit | user=jenkins1000 | ip=127.0.0.1 | op=ALLOCATE_BLOCK {volume=vol-0-32358, bucket=bucket-0-01949, key=key-0-56547, dataSize=0, replicationType=null, replicationFactor=null, keyLocationInfo=null, clientID=102655680532119954} | ret=SUCCESS |  
2019-08-21 15:29:56,556 | INFO  | DNAudit | user=null | ip=null | op=WRITE_CHUNK {blockData=conID: 2 locID: 102655681923908184 bcsId: 0} | ret=SUCCESS |  
2019-08-21 15:29:56,557 | INFO  | DNAudit | user=null | ip=null | op=WRITE_CHUNK {blockData=conID: 2 locID: 102655681923908184 bcsId: 0} | ret=SUCCESS |  
2019-08-21 15:29:56,557 | INFO  | DNAudit | user=null | ip=null | op=WRITE_CHUNK {blockData=conID: 2 locID: 102655681923908184 bcsId: 0} | ret=SUCCESS |  
2019-08-21 15:29:56,558 | INFO  | DNAudit | user=null | ip=null | op=WRITE_CHUNK {blockData=conID: 2 locID: 102655681923908184 bcsId: 0} | ret=SUCCESS |  
2019-08-21 15:29:56,559 | INFO  | DNAudit | user=null | ip=null | op=WRITE_CHUNK {blockData=conID: 2 locID: 102655681923908184 bcsId: 0} | ret=SUCCESS |  
2019-08-21 15:29:56,560 | INFO  | DNAudit | user=null | ip=null | op=WRITE_CHUNK {blockData=conID: 2 locID: 102655681923908184 bcsId: 0} | ret=SUCCESS |  
2019-08-21 15:29:56,570 | INFO  | DNAudit | user=null | ip=null | op=WRITE_CHUNK {blockData=conID: 2 locID: 102655681923908184 bcsId: 0} | ret=SUCCESS |  
2019-08-21 15:29:56,570 | INFO  | DNAudit | user=null | ip=null | op=PUT_BLOCK {blockData=[blockId=conID: 2 locID: 102655681923908184 bcsId: 0,size=1048576]} | ret=SUCCESS |  
2019-08-21 15:29:56,571 | INFO  | DNAudit | user=null | ip=null | op=WRITE_CHUNK {blockData=conID: 2 locID: 102655681923908184 bcsId: 0} | ret=SUCCESS |  
2019-08-21 15:29:56,571 [grpc-default-executor-3] INFO  client.GrpcClientProtocolClient (GrpcClientProtocolClient.java:onNext(255)) - client-029E50227556->355864cd-7ac5-4934-b366-9756b15dd90f: receive RaftClientReply:client-029E50227556->355864cd-7ac5-4934-b366-9756b15dd90f@group-785BCF25C267, cid=2564, SUCCESS, logIndex=3821, commits[355864cd-7ac5-4934-b366-9756b15dd90f:c3822, ce4aa411-63c8-4399-99eb-27ce352844f3:c3820, 3eeffb0a-787e-48ec-a2f5-d0c540a89489:c3820]
2019-08-21 15:29:56,571 | INFO  | DNAudit | user=null | ip=null | op=PUT_BLOCK {blockData=[blockId=conID: 2 locID: 102655681923908184 bcsId: 0,size=2097152]} | ret=SUCCESS |  
2019-08-21 15:29:56,571 [grpc-default-executor-3] INFO  client.GrpcClientProtocolClient (GrpcClientProtocolClient.java:onNext(255)) - client-029E50227556->355864cd-7ac5-4934-b366-9756b15dd90f: receive RaftClientReply:client-029E50227556->355864cd-7ac5-4934-b366-9756b15dd90f@group-785BCF25C267, cid=2565, SUCCESS, logIndex=3822, commits[355864cd-7ac5-4934-b366-9756b15dd90f:c3822, ce4aa411-63c8-4399-99eb-27ce352844f3:c3820, 3eeffb0a-787e-48ec-a2f5-d0c540a89489:c3820]
2019-08-21 15:29:56,572 [grpc-default-executor-3] INFO  client.GrpcClientProtocolClient (GrpcClientProtocolClient.java:onNext(255)) - client-029E50227556->355864cd-7ac5-4934-b366-9756b15dd90f: receive RaftClientReply:client-029E50227556->355864cd-7ac5-4934-b366-9756b15dd90f@group-785BCF25C267, cid=2566, SUCCESS, logIndex=3823, commits[355864cd-7ac5-4934-b366-9756b15dd90f:c3824, ce4aa411-63c8-4399-99eb-27ce352844f3:c3820, 3eeffb0a-787e-48ec-a2f5-d0c540a89489:c3820]
2019-08-21 15:29:56,572 [grpc-default-executor-3] INFO  client.GrpcClientProtocolClient (GrpcClientProtocolClient.java:onNext(255)) - client-029E50227556->355864cd-7ac5-4934-b366-9756b15dd90f: receive RaftClientReply:client-029E50227556->355864cd-7ac5-4934-b366-9756b15dd90f@group-785BCF25C267, cid=2567, SUCCESS, logIndex=3824, commits[355864cd-7ac5-4934-b366-9756b15dd90f:c3824, ce4aa411-63c8-4399-99eb-27ce352844f3:c3820, 3eeffb0a-787e-48ec-a2f5-d0c540a89489:c3820]
2019-08-21 15:29:56,590 | INFO  | DNAudit | user=null | ip=null | op=WRITE_CHUNK {blockData=conID: 2 locID: 102655681923908184 bcsId: 0} | ret=SUCCESS |  
2019-08-21 15:29:56,591 | INFO  | DNAudit | user=null | ip=null | op=PUT_BLOCK {blockData=[blockId=conID: 2 locID: 102655681923908184 bcsId: 0,size=1048576]} | ret=SUCCESS |  
2019-08-21 15:29:56,591 | INFO  | DNAudit | user=null | ip=null | op=WRITE_CHUNK {blockData=conID: 2 locID: 102655681923908184 bcsId: 0} | ret=SUCCESS |  
2019-08-21 15:29:56,591 | INFO  | DNAudit | user=null | ip=null | op=PUT_BLOCK {blockData=[blockId=conID: 2 locID: 102655681923908184 bcsId: 0,size=1048576]} | ret=SUCCESS |  
2019-08-21 15:29:56,591 | INFO  | DNAudit | user=null | ip=null | op=WRITE_CHUNK {blockData=conID: 2 locID: 102655681923908184 bcsId: 0} | ret=SUCCESS |  
2019-08-21 15:29:56,591 | INFO  | DNAudit | user=null | ip=null | op=PUT_BLOCK {blockData=[blockId=conID: 2 locID: 102655681923908184 bcsId: 0,size=2097152]} | ret=SUCCESS |  
2019-08-21 15:29:56,592 | INFO  | DNAudit | user=null | ip=null | op=WRITE_CHUNK {blockData=conID: 2 locID: 102655681923908184 bcsId: 0} | ret=SUCCESS |  
2019-08-21 15:29:56,592 | INFO  | DNAudit | user=null | ip=null | op=PUT_BLOCK {blockData=[blockId=conID: 2 locID: 102655681923908184 bcsId: 0,size=2097152]} | ret=SUCCESS |  
2019-08-21 15:29:56,592 [grpc-default-executor-3] INFO  client.GrpcClientProtocolClient (GrpcClientProtocolClient.java:onNext(255)) - client-029E50227556->355864cd-7ac5-4934-b366-9756b15dd90f: receive RaftClientReply:client-029E50227556->355864cd-7ac5-4934-b366-9756b15dd90f@group-785BCF25C267, cid=2568, SUCCESS, logIndex=0, commits[355864cd-7ac5-4934-b366-9756b15dd90f:c3825, ce4aa411-63c8-4399-99eb-27ce352844f3:c3822, 3eeffb0a-787e-48ec-a2f5-d0c540a89489:c3822]
2019-08-21 15:29:56,601 | INFO  | DNAudit | user=null | ip=null | op=WRITE_CHUNK {blockData=conID: 2 locID: 102655681923908184 bcsId: 3824} | ret=SUCCESS |  
2019-08-21 15:29:56,603 | INFO  | DNAudit | user=null | ip=null | op=WRITE_CHUNK {blockData=conID: 2 locID: 102655681923908184 bcsId: 3824} | ret=SUCCESS |  
2019-08-21 15:29:56,604 | INFO  | DNAudit | user=null | ip=null | op=WRITE_CHUNK {blockData=conID: 2 locID: 102655681923908184 bcsId: 3824} | ret=SUCCESS |  
2019-08-21 15:29:56,614 | INFO  | DNAudit | user=null | ip=null | op=WRITE_CHUNK {blockData=conID: 2 locID: 102655681923908184 bcsId: 3824} | ret=SUCCESS |  
2019-08-21 15:29:56,615 | INFO  | DNAudit | user=null | ip=null | op=PUT_BLOCK {blockData=[blockId=conID: 2 locID: 102655681923908184 bcsId: 0,size=3145728]} | ret=SUCCESS |  
2019-08-21 15:29:56,615 [grpc-default-executor-0] INFO  client.GrpcClientProtocolClient (GrpcClientProtocolClient.java:onNext(255)) - client-029E50227556->355864cd-7ac5-4934-b366-9756b15dd90f: receive RaftClientReply:client-029E50227556->355864cd-7ac5-4934-b366-9756b15dd90f@group-785BCF25C267, cid=2569, SUCCESS, logIndex=3829, commits[355864cd-7ac5-4934-b366-9756b15dd90f:c3830, ce4aa411-63c8-4399-99eb-27ce352844f3:c3828, 3eeffb0a-787e-48ec-a2f5-d0c540a89489:c3828]
2019-08-21 15:29:56,615 [grpc-default-executor-0] INFO  client.GrpcClientProtocolClient (GrpcClientProtocolClient.java:onNext(255)) - client-029E50227556->355864cd-7ac5-4934-b366-9756b15dd90f: receive RaftClientReply:client-029E50227556->355864cd-7ac5-4934-b366-9756b15dd90f@group-785BCF25C267, cid=2570, SUCCESS, logIndex=3830, commits[355864cd-7ac5-4934-b366-9756b15dd90f:c3830, ce4aa411-63c8-4399-99eb-27ce352844f3:c3828, 3eeffb0a-787e-48ec-a2f5-d0c540a89489:c3828]
2019-08-21 15:29:56,622 | INFO  | DNAudit | user=null | ip=null | op=WRITE_CHUNK {blockData=conID: 2 locID: 102655681923908184 bcsId: 3830} | ret=SUCCESS |  
2019-08-21 15:29:56,625 | INFO  | DNAudit | user=null | ip=null | op=WRITE_CHUNK {blockData=conID: 2 locID: 102655681923908184 bcsId: 3830} | ret=SUCCESS |  
2019-08-21 15:29:56,626 | INFO  | DNAudit | user=null | ip=null | op=WRITE_CHUNK {blockData=conID: 2 locID: 102655681923908184 bcsId: 3830} | ret=SUCCESS |  
2019-08-21 15:29:56,626 | INFO  | DNAudit | user=null | ip=null | op=WRITE_CHUNK {blockData=conID: 2 locID: 102655681923908184 bcsId: 3824} | ret=SUCCESS |  
2019-08-21 15:29:56,626 | INFO  | DNAudit | user=null | ip=null | op=WRITE_CHUNK {blockData=conID: 2 locID: 102655681923908184 bcsId: 3824} | ret=SUCCESS |  
2019-08-21 15:29:56,626 | INFO  | DNAudit | user=null | ip=null | op=PUT_BLOCK {blockData=[blockId=conID: 2 locID: 102655681923908184 bcsId: 0,size=3145728]} | ret=SUCCESS |  
2019-08-21 15:29:56,626 | INFO  | DNAudit | user=null | ip=null | op=PUT_BLOCK {blockData=[blockId=conID: 2 locID: 102655681923908184 bcsId: 0,size=3145728]} | ret=SUCCESS |  
2019-08-21 15:29:56,628 | INFO  | DNAudit | user=null | ip=null | op=WRITE_CHUNK {blockData=conID: 2 locID: 102655681923908184 bcsId: 3830} | ret=SUCCESS |  
2019-08-21 15:29:56,628 | INFO  | DNAudit | user=null | ip=null | op=PUT_BLOCK {blockData=[blockId=conID: 2 locID: 102655681923908184 bcsId: 0,size=4194304]} | ret=SUCCESS |  
2019-08-21 15:29:56,629 [grpc-default-executor-0] INFO  client.GrpcClientProtocolClient (GrpcClientProtocolClient.java:onNext(255)) - client-029E50227556->355864cd-7ac5-4934-b366-9756b15dd90f: receive RaftClientReply:client-029E50227556->355864cd-7ac5-4934-b366-9756b15dd90f@group-785BCF25C267, cid=2571, SUCCESS, logIndex=3833, commits[355864cd-7ac5-4934-b366-9756b15dd90f:c3834, ce4aa411-63c8-4399-99eb-27ce352844f3:c3830, 3eeffb0a-787e-48ec-a2f5-d0c540a89489:c3830]
2019-08-21 15:29:56,629 [grpc-default-executor-0] INFO  client.GrpcClientProtocolClient (GrpcClientProtocolClient.java:onNext(255)) - client-029E50227556->355864cd-7ac5-4934-b366-9756b15dd90f: receive RaftClientReply:client-029E50227556->355864cd-7ac5-4934-b366-9756b15dd90f@group-785BCF25C267, cid=2572, SUCCESS, logIndex=3834, commits[355864cd-7ac5-4934-b366-9756b15dd90f:c3834, ce4aa411-63c8-4399-99eb-27ce352844f3:c3830, 3eeffb0a-787e-48ec-a2f5-d0c540a89489:c3830]
2019-08-21 15:29:56,630 | INFO  | DNAudit | user=null | ip=null | op=WRITE_CHUNK {blockData=conID: 2 locID: 102655681923908184 bcsId: 3830} | ret=SUCCESS |  
2019-08-21 15:29:56,630 | INFO  | DNAudit | user=null | ip=null | op=WRITE_CHUNK {blockData=conID: 2 locID: 102655681923908184 bcsId: 3830} | ret=SUCCESS |  
2019-08-21 15:29:56,632 | INFO  | DNAudit | user=null | ip=null | op=PUT_BLOCK {blockData=[blockId=conID: 2 locID: 102655681923908184 bcsId: 0,size=4194304]} | ret=SUCCESS |  
2019-08-21 15:29:56,633 | INFO  | DNAudit | user=null | ip=null | op=PUT_BLOCK {blockData=[blockId=conID: 2 locID: 102655681923908184 bcsId: 0,size=4194304]} | ret=SUCCESS |  
2019-08-21 15:29:56,634 [grpc-default-executor-0] INFO  client.GrpcClientProtocolClient (GrpcClientProtocolClient.java:onNext(255)) - client-029E50227556->355864cd-7ac5-4934-b366-9756b15dd90f: receive RaftClientReply:client-029E50227556->355864cd-7ac5-4934-b366-9756b15dd90f@group-785BCF25C267, cid=2573, SUCCESS, logIndex=0, commits[355864cd-7ac5-4934-b366-9756b15dd90f:c3836, ce4aa411-63c8-4399-99eb-27ce352844f3:c3834, 3eeffb0a-787e-48ec-a2f5-d0c540a89489:c3834]
2019-08-21 15:29:56,641 | INFO  | SCMAudit | user=jenkins1000 | ip=192.168.5.153 | op=ALLOCATE_BLOCK {owner=78849ec2-2b05-45d8-8cb5-e95e2230dbd1, size=4194304, type=RATIS, factor=THREE} | ret=SUCCESS |  
2019-08-21 15:29:56,645 | INFO  | OMAudit | user=jenkins1000 | ip=127.0.0.1 | op=ALLOCATE_BLOCK {volume=vol-0-32358, bucket=bucket-0-01949, key=key-0-56547, dataSize=0, replicationType=null, replicationFactor=null, keyLocationInfo=null, clientID=102655680532119954} | ret=SUCCESS |  
2019-08-21 15:29:56,653 | INFO  | DNAudit | user=null | ip=null | op=WRITE_CHUNK {blockData=conID: 3 locID: 102655681930265177 bcsId: 0} | ret=SUCCESS |  
2019-08-21 15:29:56,656 | INFO  | DNAudit | user=null | ip=null | op=WRITE_CHUNK {blockData=conID: 3 locID: 102655681930265177 bcsId: 0} | ret=SUCCESS |  
2019-08-21 15:29:56,657 | INFO  | DNAudit | user=null | ip=null | op=WRITE_CHUNK {blockData=conID: 3 locID: 102655681930265177 bcsId: 0} | ret=SUCCESS |  
2019-08-21 15:29:56,658 | INFO  | DNAudit | user=null | ip=null | op=WRITE_CHUNK {blockData=conID: 3 locID: 102655681930265177 bcsId: 0} | ret=SUCCESS |  
2019-08-21 15:29:56,659 | INFO  | DNAudit | user=null | ip=null | op=WRITE_CHUNK {blockData=conID: 3 locID: 102655681930265177 bcsId: 0} | ret=SUCCESS |  
2019-08-21 15:29:56,661 | INFO  | DNAudit | user=null | ip=null | op=WRITE_CHUNK {blockData=conID: 3 locID: 102655681930265177 bcsId: 0} | ret=SUCCESS |  
2019-08-21 15:29:56,666 | INFO  | DNAudit | user=null | ip=null | op=WRITE_CHUNK {blockData=conID: 3 locID: 102655681930265177 bcsId: 0} | ret=SUCCESS |  
2019-08-21 15:29:56,667 | INFO  | DNAudit | user=null | ip=null | op=PUT_BLOCK {blockData=[blockId=conID: 3 locID: 102655681930265177 bcsId: 0,size=1048576]} | ret=SUCCESS |  
2019-08-21 15:29:56,667 [grpc-default-executor-5] INFO  client.GrpcClientProtocolClient (GrpcClientProtocolClient.java:onNext(255)) - client-029E50227556->355864cd-7ac5-4934-b366-9756b15dd90f: receive RaftClientReply:client-029E50227556->355864cd-7ac5-4934-b366-9756b15dd90f@group-785BCF25C267, cid=2574, SUCCESS, logIndex=3837, commits[355864cd-7ac5-4934-b366-9756b15dd90f:c3838, ce4aa411-63c8-4399-99eb-27ce352844f3:c3836, 3eeffb0a-787e-48ec-a2f5-d0c540a89489:c3836]
2019-08-21 15:29:56,667 [grpc-default-executor-5] INFO  client.GrpcClientProtocolClient (GrpcClientProtocolClient.java:onNext(255)) - client-029E50227556->355864cd-7ac5-4934-b366-9756b15dd90f: receive RaftClientReply:client-029E50227556->355864cd-7ac5-4934-b366-9756b15dd90f@group-785BCF25C267, cid=2575, SUCCESS, logIndex=3838, commits[355864cd-7ac5-4934-b366-9756b15dd90f:c3838, ce4aa411-63c8-4399-99eb-27ce352844f3:c3836, 3eeffb0a-787e-48ec-a2f5-d0c540a89489:c3836]
2019-08-21 15:29:56,677 | INFO  | DNAudit | user=null | ip=null | op=WRITE_CHUNK {blockData=conID: 3 locID: 102655681930265177 bcsId: 0} | ret=SUCCESS |  
2019-08-21 15:29:56,677 | INFO  | DNAudit | user=null | ip=null | op=PUT_BLOCK {blockData=[blockId=conID: 3 locID: 102655681930265177 bcsId: 0,size=2097152]} | ret=SUCCESS |  
2019-08-21 15:29:56,678 [grpc-default-executor-5] INFO  client.GrpcClientProtocolClient (GrpcClientProtocolClient.java:onNext(255)) - client-029E50227556->355864cd-7ac5-4934-b366-9756b15dd90f: receive RaftClientReply:client-029E50227556->355864cd-7ac5-4934-b366-9756b15dd90f@group-785BCF25C267, cid=2576, SUCCESS, logIndex=3839, commits[355864cd-7ac5-4934-b366-9756b15dd90f:c3840, ce4aa411-63c8-4399-99eb-27ce352844f3:c3836, 3eeffb0a-787e-48ec-a2f5-d0c540a89489:c3836]
2019-08-21 15:29:56,678 | INFO  | DNAudit | user=null | ip=null | op=WRITE_CHUNK {blockData=conID: 3 locID: 102655681930265177 bcsId: 0} | ret=SUCCESS |  
2019-08-21 15:29:56,679 | INFO  | DNAudit | user=null | ip=null | op=WRITE_CHUNK {blockData=conID: 3 locID: 102655681930265177 bcsId: 0} | ret=SUCCESS |  
2019-08-21 15:29:56,679 | INFO  | DNAudit | user=null | ip=null | op=PUT_BLOCK {blockData=[blockId=conID: 3 locID: 102655681930265177 bcsId: 0,size=1048576]} | ret=SUCCESS |  
2019-08-21 15:29:56,679 | INFO  | DNAudit | user=null | ip=null | op=PUT_BLOCK {blockData=[blockId=conID: 3 locID: 102655681930265177 bcsId: 0,size=1048576]} | ret=SUCCESS |  
2019-08-21 15:29:56,679 | INFO  | DNAudit | user=null | ip=null | op=WRITE_CHUNK {blockData=conID: 3 locID: 102655681930265177 bcsId: 0} | ret=SUCCESS |  
2019-08-21 15:29:56,679 | INFO  | DNAudit | user=null | ip=null | op=WRITE_CHUNK {blockData=conID: 3 locID: 102655681930265177 bcsId: 0} | ret=SUCCESS |  
2019-08-21 15:29:56,679 [grpc-default-executor-5] INFO  client.GrpcClientProtocolClient (GrpcClientProtocolClient.java:onNext(255)) - client-029E50227556->355864cd-7ac5-4934-b366-9756b15dd90f: receive RaftClientReply:client-029E50227556->355864cd-7ac5-4934-b366-9756b15dd90f@group-785BCF25C267, cid=2577, SUCCESS, logIndex=3840, commits[355864cd-7ac5-4934-b366-9756b15dd90f:c3840, ce4aa411-63c8-4399-99eb-27ce352844f3:c3836, 3eeffb0a-787e-48ec-a2f5-d0c540a89489:c3836]
2019-08-21 15:29:56,680 | INFO  | DNAudit | user=null | ip=null | op=PUT_BLOCK {blockData=[blockId=conID: 3 locID: 102655681930265177 bcsId: 0,size=2097152]} | ret=SUCCESS |  
2019-08-21 15:29:56,680 | INFO  | DNAudit | user=null | ip=null | op=PUT_BLOCK {blockData=[blockId=conID: 3 locID: 102655681930265177 bcsId: 0,size=2097152]} | ret=SUCCESS |  
2019-08-21 15:29:56,680 [grpc-default-executor-5] INFO  client.GrpcClientProtocolClient (GrpcClientProtocolClient.java:onNext(255)) - client-029E50227556->355864cd-7ac5-4934-b366-9756b15dd90f: receive RaftClientReply:client-029E50227556->355864cd-7ac5-4934-b366-9756b15dd90f@group-785BCF25C267, cid=2578, SUCCESS, logIndex=0, commits[355864cd-7ac5-4934-b366-9756b15dd90f:c3844, ce4aa411-63c8-4399-99eb-27ce352844f3:c3840, 3eeffb0a-787e-48ec-a2f5-d0c540a89489:c3840]
2019-08-21 15:29:56,687 | INFO  | DNAudit | user=null | ip=null | op=WRITE_CHUNK {blockData=conID: 3 locID: 102655681930265177 bcsId: 3840} | ret=SUCCESS |  
2019-08-21 15:29:56,691 | INFO  | DNAudit | user=null | ip=null | op=WRITE_CHUNK {blockData=conID: 3 locID: 102655681930265177 bcsId: 3840} | ret=SUCCESS |  
2019-08-21 15:29:56,692 | INFO  | DNAudit | user=null | ip=null | op=WRITE_CHUNK {blockData=conID: 3 locID: 102655681930265177 bcsId: 3840} | ret=SUCCESS |  
2019-08-21 15:29:56,699 | INFO  | DNAudit | user=null | ip=null | op=WRITE_CHUNK {blockData=conID: 3 locID: 102655681930265177 bcsId: 3840} | ret=SUCCESS |  
2019-08-21 15:29:56,699 | INFO  | DNAudit | user=null | ip=null | op=PUT_BLOCK {blockData=[blockId=conID: 3 locID: 102655681930265177 bcsId: 0,size=3145728]} | ret=SUCCESS |  
2019-08-21 15:29:56,700 [grpc-default-executor-5] INFO  client.GrpcClientProtocolClient (GrpcClientProtocolClient.java:onNext(255)) - client-029E50227556->355864cd-7ac5-4934-b366-9756b15dd90f: receive RaftClientReply:client-029E50227556->355864cd-7ac5-4934-b366-9756b15dd90f@group-785BCF25C267, cid=2579, SUCCESS, logIndex=3845, commits[355864cd-7ac5-4934-b366-9756b15dd90f:c3846, ce4aa411-63c8-4399-99eb-27ce352844f3:c3844, 3eeffb0a-787e-48ec-a2f5-d0c540a89489:c3844]
2019-08-21 15:29:56,700 [grpc-default-executor-5] INFO  client.GrpcClientProtocolClient (GrpcClientProtocolClient.java:onNext(255)) - client-029E50227556->355864cd-7ac5-4934-b366-9756b15dd90f: receive RaftClientReply:client-029E50227556->355864cd-7ac5-4934-b366-9756b15dd90f@group-785BCF25C267, cid=2580, SUCCESS, logIndex=3846, commits[355864cd-7ac5-4934-b366-9756b15dd90f:c3846, ce4aa411-63c8-4399-99eb-27ce352844f3:c3844, 3eeffb0a-787e-48ec-a2f5-d0c540a89489:c3844]
2019-08-21 15:29:56,710 | INFO  | DNAudit | user=null | ip=null | op=WRITE_CHUNK {blockData=conID: 3 locID: 102655681930265177 bcsId: 3846} | ret=SUCCESS |  
2019-08-21 15:29:56,712 | INFO  | DNAudit | user=null | ip=null | op=WRITE_CHUNK {blockData=conID: 3 locID: 102655681930265177 bcsId: 3846} | ret=SUCCESS |  
2019-08-21 15:29:56,712 | INFO  | DNAudit | user=null | ip=null | op=WRITE_CHUNK {blockData=conID: 3 locID: 102655681930265177 bcsId: 3846} | ret=SUCCESS |  
2019-08-21 15:29:56,720 | INFO  | DNAudit | user=null | ip=null | op=WRITE_CHUNK {blockData=conID: 3 locID: 102655681930265177 bcsId: 3840} | ret=SUCCESS |  
2019-08-21 15:29:56,720 | INFO  | DNAudit | user=null | ip=null | op=WRITE_CHUNK {blockData=conID: 3 locID: 102655681930265177 bcsId: 3840} | ret=SUCCESS |  
2019-08-21 15:29:56,720 | INFO  | DNAudit | user=null | ip=null | op=PUT_BLOCK {blockData=[blockId=conID: 3 locID: 102655681930265177 bcsId: 0,size=3145728]} | ret=SUCCESS |  
2019-08-21 15:29:56,720 | INFO  | DNAudit | user=null | ip=null | op=PUT_BLOCK {blockData=[blockId=conID: 3 locID: 102655681930265177 bcsId: 0,size=3145728]} | ret=SUCCESS |  
2019-08-21 15:29:56,723 | INFO  | DNAudit | user=null | ip=null | op=WRITE_CHUNK {blockData=conID: 3 locID: 102655681930265177 bcsId: 3846} | ret=SUCCESS |  
2019-08-21 15:29:56,724 | INFO  | DNAudit | user=null | ip=null | op=PUT_BLOCK {blockData=[blockId=conID: 3 locID: 102655681930265177 bcsId: 0,size=4194304]} | ret=SUCCESS |  
2019-08-21 15:29:56,724 [grpc-default-executor-5] INFO  client.GrpcClientProtocolClient (GrpcClientProtocolClient.java:onNext(255)) - client-029E50227556->355864cd-7ac5-4934-b366-9756b15dd90f: receive RaftClientReply:client-029E50227556->355864cd-7ac5-4934-b366-9756b15dd90f@group-785BCF25C267, cid=2581, SUCCESS, logIndex=3849, commits[355864cd-7ac5-4934-b366-9756b15dd90f:c3850, ce4aa411-63c8-4399-99eb-27ce352844f3:c3846, 3eeffb0a-787e-48ec-a2f5-d0c540a89489:c3846]
2019-08-21 15:29:56,724 [grpc-default-executor-5] INFO  client.GrpcClientProtocolClient (GrpcClientProtocolClient.java:onNext(255)) - client-029E50227556->355864cd-7ac5-4934-b366-9756b15dd90f: receive RaftClientReply:client-029E50227556->355864cd-7ac5-4934-b366-9756b15dd90f@group-785BCF25C267, cid=2582, SUCCESS, logIndex=3850, commits[355864cd-7ac5-4934-b366-9756b15dd90f:c3850, ce4aa411-63c8-4399-99eb-27ce352844f3:c3846, 3eeffb0a-787e-48ec-a2f5-d0c540a89489:c3846]
2019-08-21 15:29:56,732 | INFO  | DNAudit | user=null | ip=null | op=WRITE_CHUNK {blockData=conID: 3 locID: 102655681930265177 bcsId: 3846} | ret=SUCCESS |  
2019-08-21 15:29:56,732 | INFO  | DNAudit | user=null | ip=null | op=PUT_BLOCK {blockData=[blockId=conID: 3 locID: 102655681930265177 bcsId: 0,size=4194304]} | ret=SUCCESS |  
2019-08-21 15:29:56,732 | INFO  | DNAudit | user=null | ip=null | op=WRITE_CHUNK {blockData=conID: 3 locID: 102655681930265177 bcsId: 3846} | ret=SUCCESS |  
2019-08-21 15:29:56,732 | INFO  | DNAudit | user=null | ip=null | op=PUT_BLOCK {blockData=[blockId=conID: 3 locID: 102655681930265177 bcsId: 0,size=4194304]} | ret=SUCCESS |  
2019-08-21 15:29:56,733 [grpc-default-executor-5] INFO  client.GrpcClientProtocolClient (GrpcClientProtocolClient.java:onNext(255)) - client-029E50227556->355864cd-7ac5-4934-b366-9756b15dd90f: receive RaftClientReply:client-029E50227556->355864cd-7ac5-4934-b366-9756b15dd90f@group-785BCF25C267, cid=2583, SUCCESS, logIndex=0, commits[355864cd-7ac5-4934-b366-9756b15dd90f:c3851, ce4aa411-63c8-4399-99eb-27ce352844f3:c3850, 3eeffb0a-787e-48ec-a2f5-d0c540a89489:c3850]
2019-08-21 15:29:56,740 | INFO  | SCMAudit | user=jenkins1000 | ip=192.168.5.153 | op=ALLOCATE_BLOCK {owner=78849ec2-2b05-45d8-8cb5-e95e2230dbd1, size=4194304, type=RATIS, factor=THREE} | ret=SUCCESS |  
2019-08-21 15:29:56,745 | INFO  | OMAudit | user=jenkins1000 | ip=127.0.0.1 | op=ALLOCATE_BLOCK {volume=vol-0-32358, bucket=bucket-0-01949, key=key-0-56547, dataSize=0, replicationType=null, replicationFactor=null, keyLocationInfo=null, clientID=102655680532119954} | ret=SUCCESS |  
2019-08-21 15:29:56,752 | INFO  | DNAudit | user=null | ip=null | op=WRITE_CHUNK {blockData=conID: 1 locID: 102655681936753242 bcsId: 0} | ret=SUCCESS |  
2019-08-21 15:29:56,755 | INFO  | DNAudit | user=null | ip=null | op=WRITE_CHUNK {blockData=conID: 1 locID: 102655681936753242 bcsId: 0} | ret=SUCCESS |  
2019-08-21 15:29:56,755 | INFO  | DNAudit | user=null | ip=null | op=WRITE_CHUNK {blockData=conID: 1 locID: 102655681936753242 bcsId: 0} | ret=SUCCESS |  
2019-08-21 15:29:56,755 | INFO  | DNAudit | user=null | ip=null | op=WRITE_CHUNK {blockData=conID: 1 locID: 102655681936753242 bcsId: 0} | ret=SUCCESS |  
2019-08-21 15:29:56,756 | INFO  | DNAudit | user=null | ip=null | op=WRITE_CHUNK {blockData=conID: 1 locID: 102655681936753242 bcsId: 0} | ret=SUCCESS |  
2019-08-21 15:29:56,757 | INFO  | DNAudit | user=null | ip=null | op=WRITE_CHUNK {blockData=conID: 1 locID: 102655681936753242 bcsId: 0} | ret=SUCCESS |  
2019-08-21 15:29:56,765 | INFO  | DNAudit | user=null | ip=null | op=WRITE_CHUNK {blockData=conID: 1 locID: 102655681936753242 bcsId: 0} | ret=SUCCESS |  
2019-08-21 15:29:56,766 | INFO  | DNAudit | user=null | ip=null | op=PUT_BLOCK {blockData=[blockId=conID: 1 locID: 102655681936753242 bcsId: 0,size=1048576]} | ret=SUCCESS |  
2019-08-21 15:29:56,766 [grpc-default-executor-0] INFO  client.GrpcClientProtocolClient (GrpcClientProtocolClient.java:onNext(255)) - client-029E50227556->355864cd-7ac5-4934-b366-9756b15dd90f: receive RaftClientReply:client-029E50227556->355864cd-7ac5-4934-b366-9756b15dd90f@group-785BCF25C267, cid=2584, SUCCESS, logIndex=3853, commits[355864cd-7ac5-4934-b366-9756b15dd90f:c3856, ce4aa411-63c8-4399-99eb-27ce352844f3:c3852, 3eeffb0a-787e-48ec-a2f5-d0c540a89489:c3852]
2019-08-21 15:29:56,766 | INFO  | DNAudit | user=null | ip=null | op=WRITE_CHUNK {blockData=conID: 1 locID: 102655681936753242 bcsId: 0} | ret=SUCCESS |  
2019-08-21 15:29:56,766 [grpc-default-executor-0] INFO  client.GrpcClientProtocolClient (GrpcClientProtocolClient.java:onNext(255)) - client-029E50227556->355864cd-7ac5-4934-b366-9756b15dd90f: receive RaftClientReply:client-029E50227556->355864cd-7ac5-4934-b366-9756b15dd90f@group-785BCF25C267, cid=2585, SUCCESS, logIndex=3854, commits[355864cd-7ac5-4934-b366-9756b15dd90f:c3856, ce4aa411-63c8-4399-99eb-27ce352844f3:c3852, 3eeffb0a-787e-48ec-a2f5-d0c540a89489:c3852]
2019-08-21 15:29:56,767 | INFO  | DNAudit | user=null | ip=null | op=PUT_BLOCK {blockData=[blockId=conID: 1 locID: 102655681936753242 bcsId: 0,size=2097152]} | ret=SUCCESS |  
2019-08-21 15:29:56,767 [grpc-default-executor-0] INFO  client.GrpcClientProtocolClient (GrpcClientProtocolClient.java:onNext(255)) - client-029E50227556->355864cd-7ac5-4934-b366-9756b15dd90f: receive RaftClientReply:client-029E50227556->355864cd-7ac5-4934-b366-9756b15dd90f@group-785BCF25C267, cid=2586, SUCCESS, logIndex=3855, commits[355864cd-7ac5-4934-b366-9756b15dd90f:c3856, ce4aa411-63c8-4399-99eb-27ce352844f3:c3852, 3eeffb0a-787e-48ec-a2f5-d0c540a89489:c3852]
2019-08-21 15:29:56,767 [grpc-default-executor-0] INFO  client.GrpcClientProtocolClient (GrpcClientProtocolClient.java:onNext(255)) - client-029E50227556->355864cd-7ac5-4934-b366-9756b15dd90f: receive RaftClientReply:client-029E50227556->355864cd-7ac5-4934-b366-9756b15dd90f@group-785BCF25C267, cid=2587, SUCCESS, logIndex=3856, commits[355864cd-7ac5-4934-b366-9756b15dd90f:c3856, ce4aa411-63c8-4399-99eb-27ce352844f3:c3852, 3eeffb0a-787e-48ec-a2f5-d0c540a89489:c3852]
2019-08-21 15:29:56,776 | INFO  | DNAudit | user=null | ip=null | op=WRITE_CHUNK {blockData=conID: 1 locID: 102655681936753242 bcsId: 0} | ret=SUCCESS |  
2019-08-21 15:29:56,776 | INFO  | DNAudit | user=null | ip=null | op=PUT_BLOCK {blockData=[blockId=conID: 1 locID: 102655681936753242 bcsId: 0,size=1048576]} | ret=SUCCESS |  
2019-08-21 15:29:56,787 | INFO  | DNAudit | user=null | ip=null | op=WRITE_CHUNK {blockData=conID: 1 locID: 102655681936753242 bcsId: 0} | ret=SUCCESS |  
2019-08-21 15:29:56,787 | INFO  | DNAudit | user=null | ip=null | op=PUT_BLOCK {blockData=[blockId=conID: 1 locID: 102655681936753242 bcsId: 0,size=1048576]} | ret=SUCCESS |  
2019-08-21 15:29:56,787 | INFO  | DNAudit | user=null | ip=null | op=WRITE_CHUNK {blockData=conID: 1 locID: 102655681936753242 bcsId: 0} | ret=SUCCESS |  
2019-08-21 15:29:56,787 | INFO  | DNAudit | user=null | ip=null | op=PUT_BLOCK {blockData=[blockId=conID: 1 locID: 102655681936753242 bcsId: 0,size=2097152]} | ret=SUCCESS |  
2019-08-21 15:29:56,787 | INFO  | DNAudit | user=null | ip=null | op=WRITE_CHUNK {blockData=conID: 1 locID: 102655681936753242 bcsId: 0} | ret=SUCCESS |  
2019-08-21 15:29:56,788 | INFO  | DNAudit | user=null | ip=null | op=PUT_BLOCK {blockData=[blockId=conID: 1 locID: 102655681936753242 bcsId: 0,size=2097152]} | ret=SUCCESS |  
2019-08-21 15:29:56,788 [grpc-default-executor-4] INFO  client.GrpcClientProtocolClient (GrpcClientProtocolClient.java:onNext(255)) - client-029E50227556->355864cd-7ac5-4934-b366-9756b15dd90f: receive RaftClientReply:client-029E50227556->355864cd-7ac5-4934-b366-9756b15dd90f@group-785BCF25C267, cid=2588, SUCCESS, logIndex=0, commits[355864cd-7ac5-4934-b366-9756b15dd90f:c3857, ce4aa411-63c8-4399-99eb-27ce352844f3:c3854, 3eeffb0a-787e-48ec-a2f5-d0c540a89489:c3854]
2019-08-21 15:29:56,795 | INFO  | DNAudit | user=null | ip=null | op=WRITE_CHUNK {blockData=conID: 1 locID: 102655681936753242 bcsId: 3856} | ret=SUCCESS |  
2019-08-21 15:29:56,797 | INFO  | DNAudit | user=null | ip=null | op=WRITE_CHUNK {blockData=conID: 1 locID: 102655681936753242 bcsId: 3856} | ret=SUCCESS |  
2019-08-21 15:29:56,797 | INFO  | DNAudit | user=null | ip=null | op=WRITE_CHUNK {blockData=conID: 1 locID: 102655681936753242 bcsId: 3856} | ret=SUCCESS |  
2019-08-21 15:29:56,807 | INFO  | DNAudit | user=null | ip=null | op=WRITE_CHUNK {blockData=conID: 1 locID: 102655681936753242 bcsId: 3856} | ret=SUCCESS |  
2019-08-21 15:29:56,807 | INFO  | DNAudit | user=null | ip=null | op=PUT_BLOCK {blockData=[blockId=conID: 1 locID: 102655681936753242 bcsId: 0,size=3145728]} | ret=SUCCESS |  
2019-08-21 15:29:56,808 [grpc-default-executor-4] INFO  client.GrpcClientProtocolClient (GrpcClientProtocolClient.java:onNext(255)) - client-029E50227556->355864cd-7ac5-4934-b366-9756b15dd90f: receive RaftClientReply:client-029E50227556->355864cd-7ac5-4934-b366-9756b15dd90f@group-785BCF25C267, cid=2589, SUCCESS, logIndex=3861, commits[355864cd-7ac5-4934-b366-9756b15dd90f:c3862, ce4aa411-63c8-4399-99eb-27ce352844f3:c3860, 3eeffb0a-787e-48ec-a2f5-d0c540a89489:c3860]
2019-08-21 15:29:56,808 [grpc-default-executor-4] INFO  client.GrpcClientProtocolClient (GrpcClientProtocolClient.java:onNext(255)) - client-029E50227556->355864cd-7ac5-4934-b366-9756b15dd90f: receive RaftClientReply:client-029E50227556->355864cd-7ac5-4934-b366-9756b15dd90f@group-785BCF25C267, cid=2590, SUCCESS, logIndex=3862, commits[355864cd-7ac5-4934-b366-9756b15dd90f:c3862, ce4aa411-63c8-4399-99eb-27ce352844f3:c3860, 3eeffb0a-787e-48ec-a2f5-d0c540a89489:c3860]
2019-08-21 15:29:57,008 | INFO  | DNAudit | user=null | ip=null | op=WRITE_CHUNK {blockData=conID: 1 locID: 102655681936753242 bcsId: 3856} | ret=SUCCESS |  
2019-08-21 15:29:57,008 | INFO  | DNAudit | user=null | ip=null | op=WRITE_CHUNK {blockData=conID: 1 locID: 102655681936753242 bcsId: 3856} | ret=SUCCESS |  
2019-08-21 15:29:57,008 | INFO  | DNAudit | user=null | ip=null | op=WRITE_CHUNK {blockData=conID: 1 locID: 102655681936753242 bcsId: 3862} | ret=SUCCESS |  
2019-08-21 15:29:57,009 | INFO  | DNAudit | user=null | ip=null | op=PUT_BLOCK {blockData=[blockId=conID: 1 locID: 102655681936753242 bcsId: 0,size=3145728]} | ret=SUCCESS |  
2019-08-21 15:29:57,009 | INFO  | DNAudit | user=null | ip=null | op=PUT_BLOCK {blockData=[blockId=conID: 1 locID: 102655681936753242 bcsId: 0,size=3145728]} | ret=SUCCESS |  
2019-08-21 15:29:57,012 | INFO  | DNAudit | user=null | ip=null | op=WRITE_CHUNK {blockData=conID: 1 locID: 102655681936753242 bcsId: 3862} | ret=SUCCESS |  
2019-08-21 15:29:57,014 | INFO  | DNAudit | user=null | ip=null | op=WRITE_CHUNK {blockData=conID: 1 locID: 102655681936753242 bcsId: 3862} | ret=SUCCESS |  
2019-08-21 15:29:57,020 | INFO  | DNAudit | user=null | ip=null | op=WRITE_CHUNK {blockData=conID: 1 locID: 102655681936753242 bcsId: 3862} | ret=SUCCESS |  
2019-08-21 15:29:57,021 | INFO  | DNAudit | user=null | ip=null | op=PUT_BLOCK {blockData=[blockId=conID: 1 locID: 102655681936753242 bcsId: 0,size=4194304]} | ret=SUCCESS |  
2019-08-21 15:29:57,021 [grpc-default-executor-0] INFO  client.GrpcClientProtocolClient (GrpcClientProtocolClient.java:onNext(255)) - client-029E50227556->355864cd-7ac5-4934-b366-9756b15dd90f: receive RaftClientReply:client-029E50227556->355864cd-7ac5-4934-b366-9756b15dd90f@group-785BCF25C267, cid=2591, SUCCESS, logIndex=3865, commits[355864cd-7ac5-4934-b366-9756b15dd90f:c3866, ce4aa411-63c8-4399-99eb-27ce352844f3:c3862, 3eeffb0a-787e-48ec-a2f5-d0c540a89489:c3862]
2019-08-21 15:29:57,021 [grpc-default-executor-0] INFO  client.GrpcClientProtocolClient (GrpcClientProtocolClient.java:onNext(255)) - client-029E50227556->355864cd-7ac5-4934-b366-9756b15dd90f: receive RaftClientReply:client-029E50227556->355864cd-7ac5-4934-b366-9756b15dd90f@group-785BCF25C267, cid=2592, SUCCESS, logIndex=3866, commits[355864cd-7ac5-4934-b366-9756b15dd90f:c3866, ce4aa411-63c8-4399-99eb-27ce352844f3:c3862, 3eeffb0a-787e-48ec-a2f5-d0c540a89489:c3862]
2019-08-21 15:29:57,023 | INFO  | DNAudit | user=null | ip=null | op=WRITE_CHUNK {blockData=conID: 1 locID: 102655681936753242 bcsId: 3862} | ret=SUCCESS |  
2019-08-21 15:29:57,023 | INFO  | DNAudit | user=null | ip=null | op=WRITE_CHUNK {blockData=conID: 1 locID: 102655681936753242 bcsId: 3862} | ret=SUCCESS |  
2019-08-21 15:29:57,024 | INFO  | DNAudit | user=null | ip=null | op=PUT_BLOCK {blockData=[blockId=conID: 1 locID: 102655681936753242 bcsId: 0,size=4194304]} | ret=SUCCESS |  
2019-08-21 15:29:57,024 | INFO  | DNAudit | user=null | ip=null | op=PUT_BLOCK {blockData=[blockId=conID: 1 locID: 102655681936753242 bcsId: 0,size=4194304]} | ret=SUCCESS |  
2019-08-21 15:29:57,024 [grpc-default-executor-0] INFO  client.GrpcClientProtocolClient (GrpcClientProtocolClient.java:onNext(255)) - client-029E50227556->355864cd-7ac5-4934-b366-9756b15dd90f: receive RaftClientReply:client-029E50227556->355864cd-7ac5-4934-b366-9756b15dd90f@group-785BCF25C267, cid=2593, SUCCESS, logIndex=0, commits[355864cd-7ac5-4934-b366-9756b15dd90f:c3867, ce4aa411-63c8-4399-99eb-27ce352844f3:c3866, 3eeffb0a-787e-48ec-a2f5-d0c540a89489:c3866]
2019-08-21 15:29:57,030 | INFO  | SCMAudit | user=jenkins1000 | ip=192.168.5.153 | op=ALLOCATE_BLOCK {owner=78849ec2-2b05-45d8-8cb5-e95e2230dbd1, size=4194304, type=RATIS, factor=THREE} | ret=SUCCESS |  
2019-08-21 15:29:57,034 | INFO  | OMAudit | user=jenkins1000 | ip=127.0.0.1 | op=ALLOCATE_BLOCK {volume=vol-0-32358, bucket=bucket-0-01949, key=key-0-56547, dataSize=0, replicationType=null, replicationFactor=null, keyLocationInfo=null, clientID=102655680532119954} | ret=SUCCESS |  
2019-08-21 15:29:57,041 | INFO  | DNAudit | user=null | ip=null | op=WRITE_CHUNK {blockData=conID: 2 locID: 102655681955758683 bcsId: 0} | ret=SUCCESS |  
2019-08-21 15:29:57,043 | INFO  | DNAudit | user=null | ip=null | op=WRITE_CHUNK {blockData=conID: 2 locID: 102655681955758683 bcsId: 0} | ret=SUCCESS |  
2019-08-21 15:29:57,045 | INFO  | DNAudit | user=null | ip=null | op=WRITE_CHUNK {blockData=conID: 2 locID: 102655681955758683 bcsId: 0} | ret=SUCCESS |  
2019-08-21 15:29:57,045 | INFO  | DNAudit | user=null | ip=null | op=WRITE_CHUNK {blockData=conID: 2 locID: 102655681955758683 bcsId: 0} | ret=SUCCESS |  
2019-08-21 15:29:57,046 | INFO  | DNAudit | user=null | ip=null | op=WRITE_CHUNK {blockData=conID: 2 locID: 102655681955758683 bcsId: 0} | ret=SUCCESS |  
2019-08-21 15:29:57,047 | INFO  | DNAudit | user=null | ip=null | op=WRITE_CHUNK {blockData=conID: 2 locID: 102655681955758683 bcsId: 0} | ret=SUCCESS |  
2019-08-21 15:29:57,053 | INFO  | DNAudit | user=null | ip=null | op=WRITE_CHUNK {blockData=conID: 2 locID: 102655681955758683 bcsId: 0} | ret=SUCCESS |  
2019-08-21 15:29:57,054 | INFO  | DNAudit | user=null | ip=null | op=PUT_BLOCK {blockData=[blockId=conID: 2 locID: 102655681955758683 bcsId: 0,size=1048576]} | ret=SUCCESS |  
2019-08-21 15:29:57,054 [grpc-default-executor-4] INFO  client.GrpcClientProtocolClient (GrpcClientProtocolClient.java:onNext(255)) - client-029E50227556->355864cd-7ac5-4934-b366-9756b15dd90f: receive RaftClientReply:client-029E50227556->355864cd-7ac5-4934-b366-9756b15dd90f@group-785BCF25C267, cid=2594, SUCCESS, logIndex=3869, commits[355864cd-7ac5-4934-b366-9756b15dd90f:c3869, ce4aa411-63c8-4399-99eb-27ce352844f3:c3866, 3eeffb0a-787e-48ec-a2f5-d0c540a89489:c3868]
2019-08-21 15:29:57,054 | INFO  | DNAudit | user=null | ip=null | op=WRITE_CHUNK {blockData=conID: 2 locID: 102655681955758683 bcsId: 0} | ret=SUCCESS |  
2019-08-21 15:29:57,055 [grpc-default-executor-4] INFO  client.GrpcClientProtocolClient (GrpcClientProtocolClient.java:onNext(255)) - client-029E50227556->355864cd-7ac5-4934-b366-9756b15dd90f: receive RaftClientReply:client-029E50227556->355864cd-7ac5-4934-b366-9756b15dd90f@group-785BCF25C267, cid=2595, SUCCESS, logIndex=3870, commits[355864cd-7ac5-4934-b366-9756b15dd90f:c3872, ce4aa411-63c8-4399-99eb-27ce352844f3:c3868, 3eeffb0a-787e-48ec-a2f5-d0c540a89489:c3868]
2019-08-21 15:29:57,055 | INFO  | DNAudit | user=null | ip=null | op=PUT_BLOCK {blockData=[blockId=conID: 2 locID: 102655681955758683 bcsId: 0,size=2097152]} | ret=SUCCESS |  
2019-08-21 15:29:57,055 | INFO  | DNAudit | user=null | ip=null | op=WRITE_CHUNK {blockData=conID: 2 locID: 102655681955758683 bcsId: 0} | ret=SUCCESS |  
2019-08-21 15:29:57,055 [grpc-default-executor-4] INFO  client.GrpcClientProtocolClient (GrpcClientProtocolClient.java:onNext(255)) - client-029E50227556->355864cd-7ac5-4934-b366-9756b15dd90f: receive RaftClientReply:client-029E50227556->355864cd-7ac5-4934-b366-9756b15dd90f@group-785BCF25C267, cid=2596, SUCCESS, logIndex=3871, commits[355864cd-7ac5-4934-b366-9756b15dd90f:c3872, ce4aa411-63c8-4399-99eb-27ce352844f3:c3868, 3eeffb0a-787e-48ec-a2f5-d0c540a89489:c3868]
2019-08-21 15:29:57,055 [grpc-default-executor-4] INFO  client.GrpcClientProtocolClient (GrpcClientProtocolClient.java:onNext(255)) - client-029E50227556->355864cd-7ac5-4934-b366-9756b15dd90f: receive RaftClientReply:client-029E50227556->355864cd-7ac5-4934-b366-9756b15dd90f@group-785BCF25C267, cid=2597, SUCCESS, logIndex=3872, commits[355864cd-7ac5-4934-b366-9756b15dd90f:c3873, ce4aa411-63c8-4399-99eb-27ce352844f3:c3869, 3eeffb0a-787e-48ec-a2f5-d0c540a89489:c3868]
2019-08-21 15:29:57,057 | INFO  | DNAudit | user=null | ip=null | op=WRITE_CHUNK {blockData=conID: 2 locID: 102655681955758683 bcsId: 0} | ret=SUCCESS |  
2019-08-21 15:29:57,057 | INFO  | DNAudit | user=null | ip=null | op=PUT_BLOCK {blockData=[blockId=conID: 2 locID: 102655681955758683 bcsId: 0,size=1048576]} | ret=SUCCESS |  
2019-08-21 15:29:57,057 | INFO  | DNAudit | user=null | ip=null | op=WRITE_CHUNK {blockData=conID: 2 locID: 102655681955758683 bcsId: 0} | ret=SUCCESS |  
2019-08-21 15:29:57,068 | INFO  | DNAudit | user=null | ip=null | op=PUT_BLOCK {blockData=[blockId=conID: 2 locID: 102655681955758683 bcsId: 0,size=1048576]} | ret=SUCCESS |  
2019-08-21 15:29:57,068 | INFO  | DNAudit | user=null | ip=null | op=WRITE_CHUNK {blockData=conID: 2 locID: 102655681955758683 bcsId: 0} | ret=SUCCESS |  
2019-08-21 15:29:57,068 | INFO  | DNAudit | user=null | ip=null | op=PUT_BLOCK {blockData=[blockId=conID: 2 locID: 102655681955758683 bcsId: 0,size=2097152]} | ret=SUCCESS |  
2019-08-21 15:29:57,068 | INFO  | DNAudit | user=null | ip=null | op=PUT_BLOCK {blockData=[blockId=conID: 2 locID: 102655681955758683 bcsId: 0,size=2097152]} | ret=SUCCESS |  
2019-08-21 15:29:57,068 [grpc-default-executor-4] INFO  client.GrpcClientProtocolClient (GrpcClientProtocolClient.java:onNext(255)) - client-029E50227556->355864cd-7ac5-4934-b366-9756b15dd90f: receive RaftClientReply:client-029E50227556->355864cd-7ac5-4934-b366-9756b15dd90f@group-785BCF25C267, cid=2598, SUCCESS, logIndex=0, commits[355864cd-7ac5-4934-b366-9756b15dd90f:c3875, ce4aa411-63c8-4399-99eb-27ce352844f3:c3870, 3eeffb0a-787e-48ec-a2f5-d0c540a89489:c3871]
2019-08-21 15:29:57,075 | INFO  | DNAudit | user=null | ip=null | op=WRITE_CHUNK {blockData=conID: 2 locID: 102655681955758683 bcsId: 3872} | ret=SUCCESS |  
2019-08-21 15:29:57,077 | INFO  | DNAudit | user=null | ip=null | op=WRITE_CHUNK {blockData=conID: 2 locID: 102655681955758683 bcsId: 3872} | ret=SUCCESS |  
2019-08-21 15:29:57,077 | INFO  | DNAudit | user=null | ip=null | op=WRITE_CHUNK {blockData=conID: 2 locID: 102655681955758683 bcsId: 3872} | ret=SUCCESS |  
2019-08-21 15:29:57,087 | INFO  | DNAudit | user=null | ip=null | op=WRITE_CHUNK {blockData=conID: 2 locID: 102655681955758683 bcsId: 3872} | ret=SUCCESS |  
2019-08-21 15:29:57,087 | INFO  | DNAudit | user=null | ip=null | op=PUT_BLOCK {blockData=[blockId=conID: 2 locID: 102655681955758683 bcsId: 0,size=3145728]} | ret=SUCCESS |  
2019-08-21 15:29:57,088 [grpc-default-executor-5] INFO  client.GrpcClientProtocolClient (GrpcClientProtocolClient.java:onNext(255)) - client-029E50227556->355864cd-7ac5-4934-b366-9756b15dd90f: receive RaftClientReply:client-029E50227556->355864cd-7ac5-4934-b366-9756b15dd90f@group-785BCF25C267, cid=2599, SUCCESS, logIndex=3877, commits[355864cd-7ac5-4934-b366-9756b15dd90f:c3878, ce4aa411-63c8-4399-99eb-27ce352844f3:c3876, 3eeffb0a-787e-48ec-a2f5-d0c540a89489:c3876]
2019-08-21 15:29:57,088 [grpc-default-executor-5] INFO  client.GrpcClientProtocolClient (GrpcClientProtocolClient.java:onNext(255)) - client-029E50227556->355864cd-7ac5-4934-b366-9756b15dd90f: receive RaftClientReply:client-029E50227556->355864cd-7ac5-4934-b366-9756b15dd90f@group-785BCF25C267, cid=2600, SUCCESS, logIndex=3878, commits[355864cd-7ac5-4934-b366-9756b15dd90f:c3878, ce4aa411-63c8-4399-99eb-27ce352844f3:c3876, 3eeffb0a-787e-48ec-a2f5-d0c540a89489:c3876]
2019-08-21 15:29:57,094 | INFO  | DNAudit | user=null | ip=null | op=WRITE_CHUNK {blockData=conID: 2 locID: 102655681955758683 bcsId: 3878} | ret=SUCCESS |  
2019-08-21 15:29:57,096 | INFO  | DNAudit | user=null | ip=null | op=WRITE_CHUNK {blockData=conID: 2 locID: 102655681955758683 bcsId: 3878} | ret=SUCCESS |  
2019-08-21 15:29:57,096 | INFO  | DNAudit | user=null | ip=null | op=WRITE_CHUNK {blockData=conID: 2 locID: 102655681955758683 bcsId: 3878} | ret=SUCCESS |  
2019-08-21 15:29:57,099 | INFO  | DNAudit | user=null | ip=null | op=WRITE_CHUNK {blockData=conID: 2 locID: 102655681955758683 bcsId: 3872} | ret=SUCCESS |  
2019-08-21 15:29:57,099 | INFO  | DNAudit | user=null | ip=null | op=WRITE_CHUNK {blockData=conID: 2 locID: 102655681955758683 bcsId: 3872} | ret=SUCCESS |  
2019-08-21 15:29:57,102 | INFO  | DNAudit | user=null | ip=null | op=PUT_BLOCK {blockData=[blockId=conID: 2 locID: 102655681955758683 bcsId: 0,size=3145728]} | ret=SUCCESS |  
2019-08-21 15:29:57,102 | INFO  | DNAudit | user=null | ip=null | op=PUT_BLOCK {blockData=[blockId=conID: 2 locID: 102655681955758683 bcsId: 0,size=3145728]} | ret=SUCCESS |  
2019-08-21 15:29:57,102 | INFO  | DNAudit | user=null | ip=null | op=WRITE_CHUNK {blockData=conID: 2 locID: 102655681955758683 bcsId: 3878} | ret=SUCCESS |  
2019-08-21 15:29:57,102 | INFO  | DNAudit | user=null | ip=null | op=PUT_BLOCK {blockData=[blockId=conID: 2 locID: 102655681955758683 bcsId: 0,size=4194304]} | ret=SUCCESS |  
2019-08-21 15:29:57,103 [grpc-default-executor-0] INFO  client.GrpcClientProtocolClient (GrpcClientProtocolClient.java:onNext(255)) - client-029E50227556->355864cd-7ac5-4934-b366-9756b15dd90f: receive RaftClientReply:client-029E50227556->355864cd-7ac5-4934-b366-9756b15dd90f@group-785BCF25C267, cid=2601, SUCCESS, logIndex=3881, commits[355864cd-7ac5-4934-b366-9756b15dd90f:c3882, ce4aa411-63c8-4399-99eb-27ce352844f3:c3878, 3eeffb0a-787e-48ec-a2f5-d0c540a89489:c3878]
2019-08-21 15:29:57,103 [grpc-default-executor-0] INFO  client.GrpcClientProtocolClient (GrpcClientProtocolClient.java:onNext(255)) - client-029E50227556->355864cd-7ac5-4934-b366-9756b15dd90f: receive RaftClientReply:client-029E50227556->355864cd-7ac5-4934-b366-9756b15dd90f@group-785BCF25C267, cid=2602, SUCCESS, logIndex=3882, commits[355864cd-7ac5-4934-b366-9756b15dd90f:c3882, ce4aa411-63c8-4399-99eb-27ce352844f3:c3878, 3eeffb0a-787e-48ec-a2f5-d0c540a89489:c3878]
2019-08-21 15:29:57,114 | INFO  | DNAudit | user=null | ip=null | op=WRITE_CHUNK {blockData=conID: 2 locID: 102655681955758683 bcsId: 3878} | ret=SUCCESS |  
2019-08-21 15:29:57,114 | INFO  | DNAudit | user=null | ip=null | op=WRITE_CHUNK {blockData=conID: 2 locID: 102655681955758683 bcsId: 3878} | ret=SUCCESS |  
2019-08-21 15:29:57,116 | INFO  | DNAudit | user=null | ip=null | op=PUT_BLOCK {blockData=[blockId=conID: 2 locID: 102655681955758683 bcsId: 0,size=4194304]} | ret=SUCCESS |  
2019-08-21 15:29:57,116 | INFO  | DNAudit | user=null | ip=null | op=PUT_BLOCK {blockData=[blockId=conID: 2 locID: 102655681955758683 bcsId: 0,size=4194304]} | ret=SUCCESS |  
2019-08-21 15:29:57,117 [grpc-default-executor-0] INFO  client.GrpcClientProtocolClient (GrpcClientProtocolClient.java:onNext(255)) - client-029E50227556->355864cd-7ac5-4934-b366-9756b15dd90f: receive RaftClientReply:client-029E50227556->355864cd-7ac5-4934-b366-9756b15dd90f@group-785BCF25C267, cid=2603, SUCCESS, logIndex=0, commits[355864cd-7ac5-4934-b366-9756b15dd90f:c3884, ce4aa411-63c8-4399-99eb-27ce352844f3:c3882, 3eeffb0a-787e-48ec-a2f5-d0c540a89489:c3882]
 0.00% |█                                                                                                    |  0/1 Time: 0:00:212019-08-21 15:29:57,118 | INFO  | SCMAudit | user=jenkins1000 | ip=192.168.5.153 | op=SEND_HEARTBEAT {datanodeUUID=355864cd-7ac5-4934-b366-9756b15dd90f, command=[]} | ret=SUCCESS |  
2019-08-21 15:29:57,118 | INFO  | SCMAudit | user=jenkins1000 | ip=192.168.5.153 | op=SEND_HEARTBEAT {datanodeUUID=3eeffb0a-787e-48ec-a2f5-d0c540a89489, command=[]} | ret=SUCCESS |  
2019-08-21 15:29:57,118 | INFO  | SCMAudit | user=jenkins1000 | ip=192.168.5.153 | op=SEND_HEARTBEAT {datanodeUUID=ce4aa411-63c8-4399-99eb-27ce352844f3, command=[]} | ret=SUCCESS |  
2019-08-21 15:29:57,119 | INFO  | SCMAudit | user=jenkins1000 | ip=192.168.5.153 | op=SEND_HEARTBEAT {datanodeUUID=a0074e04-2715-4b16-a2b0-10b5043d27ae, command=[]} | ret=SUCCESS |  
2019-08-21 15:29:57,119 | INFO  | SCMAudit | user=jenkins1000 | ip=192.168.5.153 | op=SEND_HEARTBEAT {datanodeUUID=a38cd7e0-d792-481c-a4c0-f4feaa89ec8f, command=[]} | ret=SUCCESS |  
2019-08-21 15:29:57,122 | INFO  | SCMAudit | user=jenkins1000 | ip=192.168.5.153 | op=ALLOCATE_BLOCK {owner=78849ec2-2b05-45d8-8cb5-e95e2230dbd1, size=4194304, type=RATIS, factor=THREE} | ret=SUCCESS |  
2019-08-21 15:29:57,125 | INFO  | OMAudit | user=jenkins1000 | ip=127.0.0.1 | op=ALLOCATE_BLOCK {volume=vol-0-32358, bucket=bucket-0-01949, key=key-0-56547, dataSize=0, replicationType=null, replicationFactor=null, keyLocationInfo=null, clientID=102655680532119954} | ret=SUCCESS |  
2019-08-21 15:29:57,131 | INFO  | DNAudit | user=null | ip=null | op=WRITE_CHUNK {blockData=conID: 3 locID: 102655681961787996 bcsId: 0} | ret=SUCCESS |  
2019-08-21 15:29:57,133 | INFO  | DNAudit | user=null | ip=null | op=WRITE_CHUNK {blockData=conID: 3 locID: 102655681961787996 bcsId: 0} | ret=SUCCESS |  
2019-08-21 15:29:57,133 | INFO  | DNAudit | user=null | ip=null | op=WRITE_CHUNK {blockData=conID: 3 locID: 102655681961787996 bcsId: 0} | ret=SUCCESS |  
2019-08-21 15:29:57,133 | INFO  | DNAudit | user=null | ip=null | op=WRITE_CHUNK {blockData=conID: 3 locID: 102655681961787996 bcsId: 0} | ret=SUCCESS |  
2019-08-21 15:29:57,135 | INFO  | DNAudit | user=null | ip=null | op=WRITE_CHUNK {blockData=conID: 3 locID: 102655681961787996 bcsId: 0} | ret=SUCCESS |  
2019-08-21 15:29:57,135 | INFO  | DNAudit | user=null | ip=null | op=WRITE_CHUNK {blockData=conID: 3 locID: 102655681961787996 bcsId: 0} | ret=SUCCESS |  
2019-08-21 15:29:57,145 | INFO  | DNAudit | user=null | ip=null | op=WRITE_CHUNK {blockData=conID: 3 locID: 102655681961787996 bcsId: 0} | ret=SUCCESS |  
2019-08-21 15:29:57,146 | INFO  | DNAudit | user=null | ip=null | op=PUT_BLOCK {blockData=[blockId=conID: 3 locID: 102655681961787996 bcsId: 0,size=1048576]} | ret=SUCCESS |  
2019-08-21 15:29:57,146 [grpc-default-executor-4] INFO  client.GrpcClientProtocolClient (GrpcClientProtocolClient.java:onNext(255)) - client-029E50227556->355864cd-7ac5-4934-b366-9756b15dd90f: receive RaftClientReply:client-029E50227556->355864cd-7ac5-4934-b366-9756b15dd90f@group-785BCF25C267, cid=2604, SUCCESS, logIndex=3885, commits[355864cd-7ac5-4934-b366-9756b15dd90f:c3888, ce4aa411-63c8-4399-99eb-27ce352844f3:c3884, 3eeffb0a-787e-48ec-a2f5-d0c540a89489:c3884]
2019-08-21 15:29:57,146 | INFO  | DNAudit | user=null | ip=null | op=WRITE_CHUNK {blockData=conID: 3 locID: 102655681961787996 bcsId: 0} | ret=SUCCESS |  
2019-08-21 15:29:57,146 [grpc-default-executor-4] INFO  client.GrpcClientProtocolClient (GrpcClientProtocolClient.java:onNext(255)) - client-029E50227556->355864cd-7ac5-4934-b366-9756b15dd90f: receive RaftClientReply:client-029E50227556->355864cd-7ac5-4934-b366-9756b15dd90f@group-785BCF25C267, cid=2605, SUCCESS, logIndex=3886, commits[355864cd-7ac5-4934-b366-9756b15dd90f:c3888, ce4aa411-63c8-4399-99eb-27ce352844f3:c3884, 3eeffb0a-787e-48ec-a2f5-d0c540a89489:c3884]
2019-08-21 15:29:57,147 | INFO  | DNAudit | user=null | ip=null | op=PUT_BLOCK {blockData=[blockId=conID: 3 locID: 102655681961787996 bcsId: 0,size=2097152]} | ret=SUCCESS |  
2019-08-21 15:29:57,147 [grpc-default-executor-4] INFO  client.GrpcClientProtocolClient (GrpcClientProtocolClient.java:onNext(255)) - client-029E50227556->355864cd-7ac5-4934-b366-9756b15dd90f: receive RaftClientReply:client-029E50227556->355864cd-7ac5-4934-b366-9756b15dd90f@group-785BCF25C267, cid=2606, SUCCESS, logIndex=3887, commits[355864cd-7ac5-4934-b366-9756b15dd90f:c3888, ce4aa411-63c8-4399-99eb-27ce352844f3:c3884, 3eeffb0a-787e-48ec-a2f5-d0c540a89489:c3884]
2019-08-21 15:29:57,147 [grpc-default-executor-4] INFO  client.GrpcClientProtocolClient (GrpcClientProtocolClient.java:onNext(255)) - client-029E50227556->355864cd-7ac5-4934-b366-9756b15dd90f: receive RaftClientReply:client-029E50227556->355864cd-7ac5-4934-b366-9756b15dd90f@group-785BCF25C267, cid=2607, SUCCESS, logIndex=3888, commits[355864cd-7ac5-4934-b366-9756b15dd90f:c3888, ce4aa411-63c8-4399-99eb-27ce352844f3:c3884, 3eeffb0a-787e-48ec-a2f5-d0c540a89489:c3884]
2019-08-21 15:29:57,156 | INFO  | DNAudit | user=null | ip=null | op=WRITE_CHUNK {blockData=conID: 3 locID: 102655681961787996 bcsId: 0} | ret=SUCCESS |  
2019-08-21 15:29:57,156 | INFO  | DNAudit | user=null | ip=null | op=WRITE_CHUNK {blockData=conID: 3 locID: 102655681961787996 bcsId: 0} | ret=SUCCESS |  
2019-08-21 15:29:57,157 | INFO  | DNAudit | user=null | ip=null | op=PUT_BLOCK {blockData=[blockId=conID: 3 locID: 102655681961787996 bcsId: 0,size=1048576]} | ret=SUCCESS |  
2019-08-21 15:29:57,157 | INFO  | DNAudit | user=null | ip=null | op=WRITE_CHUNK {blockData=conID: 3 locID: 102655681961787996 bcsId: 0} | ret=SUCCESS |  
2019-08-21 15:29:57,157 | INFO  | DNAudit | user=null | ip=null | op=PUT_BLOCK {blockData=[blockId=conID: 3 locID: 102655681961787996 bcsId: 0,size=1048576]} | ret=SUCCESS |  
2019-08-21 15:29:57,158 | INFO  | DNAudit | user=null | ip=null | op=WRITE_CHUNK {blockData=conID: 3 locID: 102655681961787996 bcsId: 0} | ret=SUCCESS |  
2019-08-21 15:29:57,158 | INFO  | DNAudit | user=null | ip=null | op=PUT_BLOCK {blockData=[blockId=conID: 3 locID: 102655681961787996 bcsId: 0,size=2097152]} | ret=SUCCESS |  
2019-08-21 15:29:57,158 | INFO  | DNAudit | user=null | ip=null | op=PUT_BLOCK {blockData=[blockId=conID: 3 locID: 102655681961787996 bcsId: 0,size=2097152]} | ret=SUCCESS |  
2019-08-21 15:29:57,158 [grpc-default-executor-4] INFO  client.GrpcClientProtocolClient (GrpcClientProtocolClient.java:onNext(255)) - client-029E50227556->355864cd-7ac5-4934-b366-9756b15dd90f: receive RaftClientReply:client-029E50227556->355864cd-7ac5-4934-b366-9756b15dd90f@group-785BCF25C267, cid=2608, SUCCESS, logIndex=0, commits[355864cd-7ac5-4934-b366-9756b15dd90f:c3891, ce4aa411-63c8-4399-99eb-27ce352844f3:c3886, 3eeffb0a-787e-48ec-a2f5-d0c540a89489:c3888]
2019-08-21 15:29:57,165 | INFO  | DNAudit | user=null | ip=null | op=WRITE_CHUNK {blockData=conID: 3 locID: 102655681961787996 bcsId: 3888} | ret=SUCCESS |  
2019-08-21 15:29:57,167 | INFO  | DNAudit | user=null | ip=null | op=WRITE_CHUNK {blockData=conID: 3 locID: 102655681961787996 bcsId: 3888} | ret=SUCCESS |  
2019-08-21 15:29:57,167 | INFO  | DNAudit | user=null | ip=null | op=WRITE_CHUNK {blockData=conID: 3 locID: 102655681961787996 bcsId: 3888} | ret=SUCCESS |  
2019-08-21 15:29:57,177 | INFO  | DNAudit | user=null | ip=null | op=WRITE_CHUNK {blockData=conID: 3 locID: 102655681961787996 bcsId: 3888} | ret=SUCCESS |  
2019-08-21 15:29:57,177 | INFO  | DNAudit | user=null | ip=null | op=PUT_BLOCK {blockData=[blockId=conID: 3 locID: 102655681961787996 bcsId: 0,size=3145728]} | ret=SUCCESS |  
2019-08-21 15:29:57,177 [grpc-default-executor-0] INFO  client.GrpcClientProtocolClient (GrpcClientProtocolClient.java:onNext(255)) - client-029E50227556->355864cd-7ac5-4934-b366-9756b15dd90f: receive RaftClientReply:client-029E50227556->355864cd-7ac5-4934-b366-9756b15dd90f@group-785BCF25C267, cid=2609, SUCCESS, logIndex=3893, commits[355864cd-7ac5-4934-b366-9756b15dd90f:c3894, ce4aa411-63c8-4399-99eb-27ce352844f3:c3892, 3eeffb0a-787e-48ec-a2f5-d0c540a89489:c3892]
2019-08-21 15:29:57,178 [grpc-default-executor-0] INFO  client.GrpcClientProtocolClient (GrpcClientProtocolClient.java:onNext(255)) - client-029E50227556->355864cd-7ac5-4934-b366-9756b15dd90f: receive RaftClientReply:client-029E50227556->355864cd-7ac5-4934-b366-9756b15dd90f@group-785BCF25C267, cid=2610, SUCCESS, logIndex=3894, commits[355864cd-7ac5-4934-b366-9756b15dd90f:c3894, ce4aa411-63c8-4399-99eb-27ce352844f3:c3892, 3eeffb0a-787e-48ec-a2f5-d0c540a89489:c3892]
2019-08-21 15:29:57,183 | INFO  | DNAudit | user=null | ip=null | op=WRITE_CHUNK {blockData=conID: 3 locID: 102655681961787996 bcsId: 3894} | ret=SUCCESS |  
2019-08-21 15:29:57,185 | INFO  | DNAudit | user=null | ip=null | op=WRITE_CHUNK {blockData=conID: 3 locID: 102655681961787996 bcsId: 3894} | ret=SUCCESS |  
2019-08-21 15:29:57,185 | INFO  | DNAudit | user=null | ip=null | op=WRITE_CHUNK {blockData=conID: 3 locID: 102655681961787996 bcsId: 3894} | ret=SUCCESS |  
2019-08-21 15:29:57,186 | INFO  | DNAudit | user=null | ip=null | op=WRITE_CHUNK {blockData=conID: 3 locID: 102655681961787996 bcsId: 3888} | ret=SUCCESS |  
2019-08-21 15:29:57,186 | INFO  | DNAudit | user=null | ip=null | op=WRITE_CHUNK {blockData=conID: 3 locID: 102655681961787996 bcsId: 3888} | ret=SUCCESS |  
2019-08-21 15:29:57,187 | INFO  | DNAudit | user=null | ip=null | op=PUT_BLOCK {blockData=[blockId=conID: 3 locID: 102655681961787996 bcsId: 0,size=3145728]} | ret=SUCCESS |  
2019-08-21 15:29:57,187 | INFO  | DNAudit | user=null | ip=null | op=PUT_BLOCK {blockData=[blockId=conID: 3 locID: 102655681961787996 bcsId: 0,size=3145728]} | ret=SUCCESS |  
2019-08-21 15:29:57,190 | INFO  | DNAudit | user=null | ip=null | op=WRITE_CHUNK {blockData=conID: 3 locID: 102655681961787996 bcsId: 3894} | ret=SUCCESS |  
2019-08-21 15:29:57,190 | INFO  | DNAudit | user=null | ip=null | op=PUT_BLOCK {blockData=[blockId=conID: 3 locID: 102655681961787996 bcsId: 0,size=4194304]} | ret=SUCCESS |  
2019-08-21 15:29:57,194 [grpc-default-executor-0] INFO  client.GrpcClientProtocolClient (GrpcClientProtocolClient.java:onNext(255)) - client-029E50227556->355864cd-7ac5-4934-b366-9756b15dd90f: receive RaftClientReply:client-029E50227556->355864cd-7ac5-4934-b366-9756b15dd90f@group-785BCF25C267, cid=2611, SUCCESS, logIndex=3897, commits[355864cd-7ac5-4934-b366-9756b15dd90f:c3898, ce4aa411-63c8-4399-99eb-27ce352844f3:c3894, 3eeffb0a-787e-48ec-a2f5-d0c540a89489:c3894]
2019-08-21 15:29:57,194 [grpc-default-executor-0] INFO  client.GrpcClientProtocolClient (GrpcClientProtocolClient.java:onNext(255)) - client-029E50227556->355864cd-7ac5-4934-b366-9756b15dd90f: receive RaftClientReply:client-029E50227556->355864cd-7ac5-4934-b366-9756b15dd90f@group-785BCF25C267, cid=2612, SUCCESS, logIndex=3898, commits[355864cd-7ac5-4934-b366-9756b15dd90f:c3898, ce4aa411-63c8-4399-99eb-27ce352844f3:c3894, 3eeffb0a-787e-48ec-a2f5-d0c540a89489:c3894]
2019-08-21 15:29:57,199 | INFO  | DNAudit | user=null | ip=null | op=WRITE_CHUNK {blockData=conID: 3 locID: 102655681961787996 bcsId: 3894} | ret=SUCCESS |  
2019-08-21 15:29:57,200 | INFO  | DNAudit | user=null | ip=null | op=WRITE_CHUNK {blockData=conID: 3 locID: 102655681961787996 bcsId: 3894} | ret=SUCCESS |  
2019-08-21 15:29:57,200 | INFO  | DNAudit | user=null | ip=null | op=PUT_BLOCK {blockData=[blockId=conID: 3 locID: 102655681961787996 bcsId: 0,size=4194304]} | ret=SUCCESS |  
2019-08-21 15:29:57,201 | INFO  | DNAudit | user=null | ip=null | op=PUT_BLOCK {blockData=[blockId=conID: 3 locID: 102655681961787996 bcsId: 0,size=4194304]} | ret=SUCCESS |  
2019-08-21 15:29:57,201 [grpc-default-executor-0] INFO  client.GrpcClientProtocolClient (GrpcClientProtocolClient.java:onNext(255)) - client-029E50227556->355864cd-7ac5-4934-b366-9756b15dd90f: receive RaftClientReply:client-029E50227556->355864cd-7ac5-4934-b366-9756b15dd90f@group-785BCF25C267, cid=2613, SUCCESS, logIndex=0, commits[355864cd-7ac5-4934-b366-9756b15dd90f:c3900, ce4aa411-63c8-4399-99eb-27ce352844f3:c3898, 3eeffb0a-787e-48ec-a2f5-d0c540a89489:c3898]
2019-08-21 15:29:57,206 | INFO  | SCMAudit | user=jenkins1000 | ip=192.168.5.153 | op=ALLOCATE_BLOCK {owner=78849ec2-2b05-45d8-8cb5-e95e2230dbd1, size=4194304, type=RATIS, factor=THREE} | ret=SUCCESS |  
2019-08-21 15:29:57,209 | INFO  | OMAudit | user=jenkins1000 | ip=127.0.0.1 | op=ALLOCATE_BLOCK {volume=vol-0-32358, bucket=bucket-0-01949, key=key-0-56547, dataSize=0, replicationType=null, replicationFactor=null, keyLocationInfo=null, clientID=102655680532119954} | ret=SUCCESS |  
2019-08-21 15:29:57,215 | INFO  | DNAudit | user=null | ip=null | op=WRITE_CHUNK {blockData=conID: 1 locID: 102655681967293021 bcsId: 0} | ret=SUCCESS |  
2019-08-21 15:29:57,217 | INFO  | DNAudit | user=null | ip=null | op=WRITE_CHUNK {blockData=conID: 1 locID: 102655681967293021 bcsId: 0} | ret=SUCCESS |  
2019-08-21 15:29:57,217 | INFO  | DNAudit | user=null | ip=null | op=WRITE_CHUNK {blockData=conID: 1 locID: 102655681967293021 bcsId: 0} | ret=SUCCESS |  
2019-08-21 15:29:57,218 | INFO  | DNAudit | user=null | ip=null | op=WRITE_CHUNK {blockData=conID: 1 locID: 102655681967293021 bcsId: 0} | ret=SUCCESS |  
2019-08-21 15:29:57,219 | INFO  | DNAudit | user=null | ip=null | op=WRITE_CHUNK {blockData=conID: 1 locID: 102655681967293021 bcsId: 0} | ret=SUCCESS |  
2019-08-21 15:29:57,220 | INFO  | DNAudit | user=null | ip=null | op=WRITE_CHUNK {blockData=conID: 1 locID: 102655681967293021 bcsId: 0} | ret=SUCCESS |  
2019-08-21 15:29:57,225 | INFO  | DNAudit | user=null | ip=null | op=WRITE_CHUNK {blockData=conID: 1 locID: 102655681967293021 bcsId: 0} | ret=SUCCESS |  
2019-08-21 15:29:57,226 | INFO  | DNAudit | user=null | ip=null | op=PUT_BLOCK {blockData=[blockId=conID: 1 locID: 102655681967293021 bcsId: 0,size=1048576]} | ret=SUCCESS |  
2019-08-21 15:29:57,226 [grpc-default-executor-0] INFO  client.GrpcClientProtocolClient (GrpcClientProtocolClient.java:onNext(255)) - client-029E50227556->355864cd-7ac5-4934-b366-9756b15dd90f: receive RaftClientReply:client-029E50227556->355864cd-7ac5-4934-b366-9756b15dd90f@group-785BCF25C267, cid=2614, SUCCESS, logIndex=3901, commits[355864cd-7ac5-4934-b366-9756b15dd90f:c3902, ce4aa411-63c8-4399-99eb-27ce352844f3:c3900, 3eeffb0a-787e-48ec-a2f5-d0c540a89489:c3900]
2019-08-21 15:29:57,226 | INFO  | DNAudit | user=null | ip=null | op=WRITE_CHUNK {blockData=conID: 1 locID: 102655681967293021 bcsId: 0} | ret=SUCCESS |  
2019-08-21 15:29:57,226 | INFO  | DNAudit | user=null | ip=null | op=PUT_BLOCK {blockData=[blockId=conID: 1 locID: 102655681967293021 bcsId: 0,size=2097152]} | ret=SUCCESS |  
2019-08-21 15:29:57,226 [grpc-default-executor-0] INFO  client.GrpcClientProtocolClient (GrpcClientProtocolClient.java:onNext(255)) - client-029E50227556->355864cd-7ac5-4934-b366-9756b15dd90f: receive RaftClientReply:client-029E50227556->355864cd-7ac5-4934-b366-9756b15dd90f@group-785BCF25C267, cid=2615, SUCCESS, logIndex=3902, commits[355864cd-7ac5-4934-b366-9756b15dd90f:c3904, ce4aa411-63c8-4399-99eb-27ce352844f3:c3900, 3eeffb0a-787e-48ec-a2f5-d0c540a89489:c3900]
2019-08-21 15:29:57,226 [grpc-default-executor-0] INFO  client.GrpcClientProtocolClient (GrpcClientProtocolClient.java:onNext(255)) - client-029E50227556->355864cd-7ac5-4934-b366-9756b15dd90f: receive RaftClientReply:client-029E50227556->355864cd-7ac5-4934-b366-9756b15dd90f@group-785BCF25C267, cid=2616, SUCCESS, logIndex=3903, commits[355864cd-7ac5-4934-b366-9756b15dd90f:c3904, ce4aa411-63c8-4399-99eb-27ce352844f3:c3900, 3eeffb0a-787e-48ec-a2f5-d0c540a89489:c3900]
2019-08-21 15:29:57,227 [grpc-default-executor-4] INFO  client.GrpcClientProtocolClient (GrpcClientProtocolClient.java:onNext(255)) - client-029E50227556->355864cd-7ac5-4934-b366-9756b15dd90f: receive RaftClientReply:client-029E50227556->355864cd-7ac5-4934-b366-9756b15dd90f@group-785BCF25C267, cid=2617, SUCCESS, logIndex=3904, commits[355864cd-7ac5-4934-b366-9756b15dd90f:c3904, ce4aa411-63c8-4399-99eb-27ce352844f3:c3900, 3eeffb0a-787e-48ec-a2f5-d0c540a89489:c3900]
2019-08-21 15:29:57,236 | INFO  | DNAudit | user=null | ip=null | op=WRITE_CHUNK {blockData=conID: 1 locID: 102655681967293021 bcsId: 0} | ret=SUCCESS |  
2019-08-21 15:29:57,245 | INFO  | DNAudit | user=null | ip=null | op=WRITE_CHUNK {blockData=conID: 1 locID: 102655681967293021 bcsId: 0} | ret=SUCCESS |  
2019-08-21 15:29:57,245 | INFO  | DNAudit | user=null | ip=null | op=PUT_BLOCK {blockData=[blockId=conID: 1 locID: 102655681967293021 bcsId: 0,size=1048576]} | ret=SUCCESS |  
2019-08-21 15:29:57,245 | INFO  | DNAudit | user=null | ip=null | op=WRITE_CHUNK {blockData=conID: 1 locID: 102655681967293021 bcsId: 0} | ret=SUCCESS |  
2019-08-21 15:29:57,245 | INFO  | DNAudit | user=null | ip=null | op=PUT_BLOCK {blockData=[blockId=conID: 1 locID: 102655681967293021 bcsId: 0,size=1048576]} | ret=SUCCESS |  
2019-08-21 15:29:57,246 | INFO  | DNAudit | user=null | ip=null | op=PUT_BLOCK {blockData=[blockId=conID: 1 locID: 102655681967293021 bcsId: 0,size=2097152]} | ret=SUCCESS |  
2019-08-21 15:29:57,246 | INFO  | DNAudit | user=null | ip=null | op=WRITE_CHUNK {blockData=conID: 1 locID: 102655681967293021 bcsId: 0} | ret=SUCCESS |  
2019-08-21 15:29:57,246 | INFO  | DNAudit | user=null | ip=null | op=PUT_BLOCK {blockData=[blockId=conID: 1 locID: 102655681967293021 bcsId: 0,size=2097152]} | ret=SUCCESS |  
2019-08-21 15:29:57,246 [grpc-default-executor-4] INFO  client.GrpcClientProtocolClient (GrpcClientProtocolClient.java:onNext(255)) - client-029E50227556->355864cd-7ac5-4934-b366-9756b15dd90f: receive RaftClientReply:client-029E50227556->355864cd-7ac5-4934-b366-9756b15dd90f@group-785BCF25C267, cid=2618, SUCCESS, logIndex=0, commits[355864cd-7ac5-4934-b366-9756b15dd90f:c3907, ce4aa411-63c8-4399-99eb-27ce352844f3:c3904, 3eeffb0a-787e-48ec-a2f5-d0c540a89489:c3902]
2019-08-21 15:29:57,252 | INFO  | DNAudit | user=null | ip=null | op=WRITE_CHUNK {blockData=conID: 1 locID: 102655681967293021 bcsId: 3904} | ret=SUCCESS |  
2019-08-21 15:29:57,253 | INFO  | DNAudit | user=null | ip=null | op=WRITE_CHUNK {blockData=conID: 1 locID: 102655681967293021 bcsId: 3904} | ret=SUCCESS |  
2019-08-21 15:29:57,254 | INFO  | DNAudit | user=null | ip=null | op=WRITE_CHUNK {blockData=conID: 1 locID: 102655681967293021 bcsId: 3904} | ret=SUCCESS |  
2019-08-21 15:29:57,269 | INFO  | DNAudit | user=null | ip=null | op=WRITE_CHUNK {blockData=conID: 1 locID: 102655681967293021 bcsId: 3904} | ret=SUCCESS |  
2019-08-21 15:29:57,270 | INFO  | DNAudit | user=null | ip=null | op=PUT_BLOCK {blockData=[blockId=conID: 1 locID: 102655681967293021 bcsId: 0,size=3145728]} | ret=SUCCESS |  
2019-08-21 15:29:57,270 [grpc-default-executor-4] INFO  client.GrpcClientProtocolClient (GrpcClientProtocolClient.java:onNext(255)) - client-029E50227556->355864cd-7ac5-4934-b366-9756b15dd90f: receive RaftClientReply:client-029E50227556->355864cd-7ac5-4934-b366-9756b15dd90f@group-785BCF25C267, cid=2619, SUCCESS, logIndex=3908, commits[355864cd-7ac5-4934-b366-9756b15dd90f:c3909, ce4aa411-63c8-4399-99eb-27ce352844f3:c3907, 3eeffb0a-787e-48ec-a2f5-d0c540a89489:c3907]
2019-08-21 15:29:57,270 [grpc-default-executor-4] INFO  client.GrpcClientProtocolClient (GrpcClientProtocolClient.java:onNext(255)) - client-029E50227556->355864cd-7ac5-4934-b366-9756b15dd90f: receive RaftClientReply:client-029E50227556->355864cd-7ac5-4934-b366-9756b15dd90f@group-785BCF25C267, cid=2620, SUCCESS, logIndex=3909, commits[355864cd-7ac5-4934-b366-9756b15dd90f:c3909, ce4aa411-63c8-4399-99eb-27ce352844f3:c3907, 3eeffb0a-787e-48ec-a2f5-d0c540a89489:c3907]
2019-08-21 15:29:57,276 | INFO  | DNAudit | user=null | ip=null | op=WRITE_CHUNK {blockData=conID: 1 locID: 102655681967293021 bcsId: 3909} | ret=SUCCESS |  
2019-08-21 15:29:57,278 | INFO  | DNAudit | user=null | ip=null | op=WRITE_CHUNK {blockData=conID: 1 locID: 102655681967293021 bcsId: 3909} | ret=SUCCESS |  
2019-08-21 15:29:57,278 | INFO  | DNAudit | user=null | ip=null | op=WRITE_CHUNK {blockData=conID: 1 locID: 102655681967293021 bcsId: 3909} | ret=SUCCESS |  
2019-08-21 15:29:57,279 | INFO  | DNAudit | user=null | ip=null | op=WRITE_CHUNK {blockData=conID: 1 locID: 102655681967293021 bcsId: 3904} | ret=SUCCESS |  
2019-08-21 15:29:57,279 | INFO  | DNAudit | user=null | ip=null | op=WRITE_CHUNK {blockData=conID: 1 locID: 102655681967293021 bcsId: 3904} | ret=SUCCESS |  
2019-08-21 15:29:57,280 | INFO  | DNAudit | user=null | ip=null | op=PUT_BLOCK {blockData=[blockId=conID: 1 locID: 102655681967293021 bcsId: 0,size=3145728]} | ret=SUCCESS |  
2019-08-21 15:29:57,280 | INFO  | DNAudit | user=null | ip=null | op=PUT_BLOCK {blockData=[blockId=conID: 1 locID: 102655681967293021 bcsId: 0,size=3145728]} | ret=SUCCESS |  
2019-08-21 15:29:57,292 | INFO  | DNAudit | user=null | ip=null | op=WRITE_CHUNK {blockData=conID: 1 locID: 102655681967293021 bcsId: 3909} | ret=SUCCESS |  
2019-08-21 15:29:57,292 | INFO  | DNAudit | user=null | ip=null | op=PUT_BLOCK {blockData=[blockId=conID: 1 locID: 102655681967293021 bcsId: 0,size=4194304]} | ret=SUCCESS |  
2019-08-21 15:29:57,292 [grpc-default-executor-4] INFO  client.GrpcClientProtocolClient (GrpcClientProtocolClient.java:onNext(255)) - client-029E50227556->355864cd-7ac5-4934-b366-9756b15dd90f: receive RaftClientReply:client-029E50227556->355864cd-7ac5-4934-b366-9756b15dd90f@group-785BCF25C267, cid=2621, SUCCESS, logIndex=3911, commits[355864cd-7ac5-4934-b366-9756b15dd90f:c3911, ce4aa411-63c8-4399-99eb-27ce352844f3:c3909, 3eeffb0a-787e-48ec-a2f5-d0c540a89489:c3909]
2019-08-21 15:29:57,292 [grpc-default-executor-4] INFO  client.GrpcClientProtocolClient (GrpcClientProtocolClient.java:onNext(255)) - client-029E50227556->355864cd-7ac5-4934-b366-9756b15dd90f: receive RaftClientReply:client-029E50227556->355864cd-7ac5-4934-b366-9756b15dd90f@group-785BCF25C267, cid=2622, SUCCESS, logIndex=3912, commits[355864cd-7ac5-4934-b366-9756b15dd90f:c3912, ce4aa411-63c8-4399-99eb-27ce352844f3:c3909, 3eeffb0a-787e-48ec-a2f5-d0c540a89489:c3909]
2019-08-21 15:29:57,293 | INFO  | DNAudit | user=null | ip=null | op=WRITE_CHUNK {blockData=conID: 1 locID: 102655681967293021 bcsId: 3909} | ret=SUCCESS |  
2019-08-21 15:29:57,293 | INFO  | DNAudit | user=null | ip=null | op=WRITE_CHUNK {blockData=conID: 1 locID: 102655681967293021 bcsId: 3909} | ret=SUCCESS |  
2019-08-21 15:29:57,294 | INFO  | DNAudit | user=null | ip=null | op=PUT_BLOCK {blockData=[blockId=conID: 1 locID: 102655681967293021 bcsId: 0,size=4194304]} | ret=SUCCESS |  
2019-08-21 15:29:57,294 | INFO  | DNAudit | user=null | ip=null | op=PUT_BLOCK {blockData=[blockId=conID: 1 locID: 102655681967293021 bcsId: 0,size=4194304]} | ret=SUCCESS |  
2019-08-21 15:29:57,294 [grpc-default-executor-0] INFO  client.GrpcClientProtocolClient (GrpcClientProtocolClient.java:onNext(255)) - client-029E50227556->355864cd-7ac5-4934-b366-9756b15dd90f: receive RaftClientReply:client-029E50227556->355864cd-7ac5-4934-b366-9756b15dd90f@group-785BCF25C267, cid=2623, SUCCESS, logIndex=0, commits[355864cd-7ac5-4934-b366-9756b15dd90f:c3914, ce4aa411-63c8-4399-99eb-27ce352844f3:c3912, 3eeffb0a-787e-48ec-a2f5-d0c540a89489:c3912]
2019-08-21 15:29:57,299 | INFO  | SCMAudit | user=jenkins1000 | ip=192.168.5.153 | op=ALLOCATE_BLOCK {owner=78849ec2-2b05-45d8-8cb5-e95e2230dbd1, size=4194304, type=RATIS, factor=THREE} | ret=SUCCESS |  
2019-08-21 15:29:57,302 | INFO  | OMAudit | user=jenkins1000 | ip=127.0.0.1 | op=ALLOCATE_BLOCK {volume=vol-0-32358, bucket=bucket-0-01949, key=key-0-56547, dataSize=0, replicationType=null, replicationFactor=null, keyLocationInfo=null, clientID=102655680532119954} | ret=SUCCESS |  
2019-08-21 15:29:57,309 | INFO  | DNAudit | user=null | ip=null | op=WRITE_CHUNK {blockData=conID: 2 locID: 102655681973387870 bcsId: 0} | ret=SUCCESS |  
2019-08-21 15:29:57,310 | INFO  | DNAudit | user=null | ip=null | op=WRITE_CHUNK {blockData=conID: 2 locID: 102655681973387870 bcsId: 0} | ret=SUCCESS |  
2019-08-21 15:29:57,310 | INFO  | DNAudit | user=null | ip=null | op=WRITE_CHUNK {blockData=conID: 2 locID: 102655681973387870 bcsId: 0} | ret=SUCCESS |  
2019-08-21 15:29:57,311 | INFO  | DNAudit | user=null | ip=null | op=WRITE_CHUNK {blockData=conID: 2 locID: 102655681973387870 bcsId: 0} | ret=SUCCESS |  
2019-08-21 15:29:57,313 | INFO  | DNAudit | user=null | ip=null | op=WRITE_CHUNK {blockData=conID: 2 locID: 102655681973387870 bcsId: 0} | ret=SUCCESS |  
2019-08-21 15:29:57,313 | INFO  | DNAudit | user=null | ip=null | op=WRITE_CHUNK {blockData=conID: 2 locID: 102655681973387870 bcsId: 0} | ret=SUCCESS |  
2019-08-21 15:29:57,324 | INFO  | DNAudit | user=null | ip=null | op=WRITE_CHUNK {blockData=conID: 2 locID: 102655681973387870 bcsId: 0} | ret=SUCCESS |  
2019-08-21 15:29:57,324 | INFO  | DNAudit | user=null | ip=null | op=PUT_BLOCK {blockData=[blockId=conID: 2 locID: 102655681973387870 bcsId: 0,size=1048576]} | ret=SUCCESS |  
2019-08-21 15:29:57,324 | INFO  | DNAudit | user=null | ip=null | op=WRITE_CHUNK {blockData=conID: 2 locID: 102655681973387870 bcsId: 0} | ret=SUCCESS |  
2019-08-21 15:29:57,324 [grpc-default-executor-5] INFO  client.GrpcClientProtocolClient (GrpcClientProtocolClient.java:onNext(255)) - client-029E50227556->355864cd-7ac5-4934-b366-9756b15dd90f: receive RaftClientReply:client-029E50227556->355864cd-7ac5-4934-b366-9756b15dd90f@group-785BCF25C267, cid=2624, SUCCESS, logIndex=3915, commits[355864cd-7ac5-4934-b366-9756b15dd90f:c3916, ce4aa411-63c8-4399-99eb-27ce352844f3:c3914, 3eeffb0a-787e-48ec-a2f5-d0c540a89489:c3914]
2019-08-21 15:29:57,325 | INFO  | DNAudit | user=null | ip=null | op=PUT_BLOCK {blockData=[blockId=conID: 2 locID: 102655681973387870 bcsId: 0,size=2097152]} | ret=SUCCESS |  
2019-08-21 15:29:57,325 [grpc-default-executor-5] INFO  client.GrpcClientProtocolClient (GrpcClientProtocolClient.java:onNext(255)) - client-029E50227556->355864cd-7ac5-4934-b366-9756b15dd90f: receive RaftClientReply:client-029E50227556->355864cd-7ac5-4934-b366-9756b15dd90f@group-785BCF25C267, cid=2625, SUCCESS, logIndex=3916, commits[355864cd-7ac5-4934-b366-9756b15dd90f:c3916, ce4aa411-63c8-4399-99eb-27ce352844f3:c3914, 3eeffb0a-787e-48ec-a2f5-d0c540a89489:c3914]
2019-08-21 15:29:57,325 [grpc-default-executor-5] INFO  client.GrpcClientProtocolClient (GrpcClientProtocolClient.java:onNext(255)) - client-029E50227556->355864cd-7ac5-4934-b366-9756b15dd90f: receive RaftClientReply:client-029E50227556->355864cd-7ac5-4934-b366-9756b15dd90f@group-785BCF25C267, cid=2626, SUCCESS, logIndex=3917, commits[355864cd-7ac5-4934-b366-9756b15dd90f:c3918, ce4aa411-63c8-4399-99eb-27ce352844f3:c3914, 3eeffb0a-787e-48ec-a2f5-d0c540a89489:c3914]
2019-08-21 15:29:57,325 [grpc-default-executor-5] INFO  client.GrpcClientProtocolClient (GrpcClientProtocolClient.java:onNext(255)) - client-029E50227556->355864cd-7ac5-4934-b366-9756b15dd90f: receive RaftClientReply:client-029E50227556->355864cd-7ac5-4934-b366-9756b15dd90f@group-785BCF25C267, cid=2627, SUCCESS, logIndex=3918, commits[355864cd-7ac5-4934-b366-9756b15dd90f:c3918, ce4aa411-63c8-4399-99eb-27ce352844f3:c3914, 3eeffb0a-787e-48ec-a2f5-d0c540a89489:c3914]
2019-08-21 15:29:57,326 | INFO  | DNAudit | user=null | ip=null | op=WRITE_CHUNK {blockData=conID: 2 locID: 102655681973387870 bcsId: 0} | ret=SUCCESS |  
2019-08-21 15:29:57,326 | INFO  | DNAudit | user=null | ip=null | op=PUT_BLOCK {blockData=[blockId=conID: 2 locID: 102655681973387870 bcsId: 0,size=1048576]} | ret=SUCCESS |  
2019-08-21 15:29:57,326 | INFO  | DNAudit | user=null | ip=null | op=WRITE_CHUNK {blockData=conID: 2 locID: 102655681973387870 bcsId: 0} | ret=SUCCESS |  
2019-08-21 15:29:57,326 | INFO  | DNAudit | user=null | ip=null | op=PUT_BLOCK {blockData=[blockId=conID: 2 locID: 102655681973387870 bcsId: 0,size=1048576]} | ret=SUCCESS |  
2019-08-21 15:29:57,326 [grpc-default-executor-0] INFO  client.GrpcClientProtocolClient (GrpcClientProtocolClient.java:onNext(255)) - client-029E50227556->355864cd-7ac5-4934-b366-9756b15dd90f: receive RaftClientReply:client-029E50227556->355864cd-7ac5-4934-b366-9756b15dd90f@group-785BCF25C267, cid=2628, SUCCESS, logIndex=0, commits[355864cd-7ac5-4934-b366-9756b15dd90f:c3920, ce4aa411-63c8-4399-99eb-27ce352844f3:c3916, 3eeffb0a-787e-48ec-a2f5-d0c540a89489:c3916]
2019-08-21 15:29:57,327 | INFO  | DNAudit | user=null | ip=null | op=WRITE_CHUNK {blockData=conID: 2 locID: 102655681973387870 bcsId: 0} | ret=SUCCESS |  
2019-08-21 15:29:57,327 | INFO  | DNAudit | user=null | ip=null | op=WRITE_CHUNK {blockData=conID: 2 locID: 102655681973387870 bcsId: 0} | ret=SUCCESS |  
2019-08-21 15:29:57,327 | INFO  | DNAudit | user=null | ip=null | op=PUT_BLOCK {blockData=[blockId=conID: 2 locID: 102655681973387870 bcsId: 0,size=2097152]} | ret=SUCCESS |  
2019-08-21 15:29:57,327 | INFO  | DNAudit | user=null | ip=null | op=PUT_BLOCK {blockData=[blockId=conID: 2 locID: 102655681973387870 bcsId: 0,size=2097152]} | ret=SUCCESS |  
2019-08-21 15:29:57,332 | INFO  | DNAudit | user=null | ip=null | op=WRITE_CHUNK {blockData=conID: 2 locID: 102655681973387870 bcsId: 3918} | ret=SUCCESS |  
2019-08-21 15:29:57,333 | INFO  | DNAudit | user=null | ip=null | op=WRITE_CHUNK {blockData=conID: 2 locID: 102655681973387870 bcsId: 3918} | ret=SUCCESS |  
2019-08-21 15:29:57,333 | INFO  | DNAudit | user=null | ip=null | op=WRITE_CHUNK {blockData=conID: 2 locID: 102655681973387870 bcsId: 3918} | ret=SUCCESS |  
2019-08-21 15:29:57,344 | INFO  | DNAudit | user=null | ip=null | op=WRITE_CHUNK {blockData=conID: 2 locID: 102655681973387870 bcsId: 3918} | ret=SUCCESS |  
2019-08-21 15:29:57,344 | INFO  | DNAudit | user=null | ip=null | op=PUT_BLOCK {blockData=[blockId=conID: 2 locID: 102655681973387870 bcsId: 0,size=3145728]} | ret=SUCCESS |  
2019-08-21 15:29:57,344 [grpc-default-executor-0] INFO  client.GrpcClientProtocolClient (GrpcClientProtocolClient.java:onNext(255)) - client-029E50227556->355864cd-7ac5-4934-b366-9756b15dd90f: receive RaftClientReply:client-029E50227556->355864cd-7ac5-4934-b366-9756b15dd90f@group-785BCF25C267, cid=2629, SUCCESS, logIndex=3923, commits[355864cd-7ac5-4934-b366-9756b15dd90f:c3924, ce4aa411-63c8-4399-99eb-27ce352844f3:c3922, 3eeffb0a-787e-48ec-a2f5-d0c540a89489:c3922]
2019-08-21 15:29:57,344 [grpc-default-executor-0] INFO  client.GrpcClientProtocolClient (GrpcClientProtocolClient.java:onNext(255)) - client-029E50227556->355864cd-7ac5-4934-b366-9756b15dd90f: receive RaftClientReply:client-029E50227556->355864cd-7ac5-4934-b366-9756b15dd90f@group-785BCF25C267, cid=2630, SUCCESS, logIndex=3924, commits[355864cd-7ac5-4934-b366-9756b15dd90f:c3924, ce4aa411-63c8-4399-99eb-27ce352844f3:c3922, 3eeffb0a-787e-48ec-a2f5-d0c540a89489:c3922]
2019-08-21 15:29:57,350 | INFO  | DNAudit | user=null | ip=null | op=WRITE_CHUNK {blockData=conID: 2 locID: 102655681973387870 bcsId: 3924} | ret=SUCCESS |  
2019-08-21 15:29:57,351 | INFO  | DNAudit | user=null | ip=null | op=WRITE_CHUNK {blockData=conID: 2 locID: 102655681973387870 bcsId: 3924} | ret=SUCCESS |  
2019-08-21 15:29:57,351 | INFO  | DNAudit | user=null | ip=null | op=WRITE_CHUNK {blockData=conID: 2 locID: 102655681973387870 bcsId: 3924} | ret=SUCCESS |  
2019-08-21 15:29:57,355 | INFO  | DNAudit | user=null | ip=null | op=WRITE_CHUNK {blockData=conID: 2 locID: 102655681973387870 bcsId: 3918} | ret=SUCCESS |  
2019-08-21 15:29:57,355 | INFO  | DNAudit | user=null | ip=null | op=WRITE_CHUNK {blockData=conID: 2 locID: 102655681973387870 bcsId: 3918} | ret=SUCCESS |  
2019-08-21 15:29:57,358 | INFO  | DNAudit | user=null | ip=null | op=PUT_BLOCK {blockData=[blockId=conID: 2 locID: 102655681973387870 bcsId: 0,size=3145728]} | ret=SUCCESS |  
2019-08-21 15:29:57,358 | INFO  | DNAudit | user=null | ip=null | op=PUT_BLOCK {blockData=[blockId=conID: 2 locID: 102655681973387870 bcsId: 0,size=3145728]} | ret=SUCCESS |  
2019-08-21 15:29:57,358 | INFO  | DNAudit | user=null | ip=null | op=WRITE_CHUNK {blockData=conID: 2 locID: 102655681973387870 bcsId: 3924} | ret=SUCCESS |  
2019-08-21 15:29:57,359 | INFO  | DNAudit | user=null | ip=null | op=PUT_BLOCK {blockData=[blockId=conID: 2 locID: 102655681973387870 bcsId: 0,size=4194304]} | ret=SUCCESS |  
2019-08-21 15:29:57,359 [grpc-default-executor-5] INFO  client.GrpcClientProtocolClient (GrpcClientProtocolClient.java:onNext(255)) - client-029E50227556->355864cd-7ac5-4934-b366-9756b15dd90f: receive RaftClientReply:client-029E50227556->355864cd-7ac5-4934-b366-9756b15dd90f@group-785BCF25C267, cid=2631, SUCCESS, logIndex=3927, commits[355864cd-7ac5-4934-b366-9756b15dd90f:c3928, ce4aa411-63c8-4399-99eb-27ce352844f3:c3924, 3eeffb0a-787e-48ec-a2f5-d0c540a89489:c3924]
2019-08-21 15:29:57,359 [grpc-default-executor-5] INFO  client.GrpcClientProtocolClient (GrpcClientProtocolClient.java:onNext(255)) - client-029E50227556->355864cd-7ac5-4934-b366-9756b15dd90f: receive RaftClientReply:client-029E50227556->355864cd-7ac5-4934-b366-9756b15dd90f@group-785BCF25C267, cid=2632, SUCCESS, logIndex=3928, commits[355864cd-7ac5-4934-b366-9756b15dd90f:c3928, ce4aa411-63c8-4399-99eb-27ce352844f3:c3924, 3eeffb0a-787e-48ec-a2f5-d0c540a89489:c3924]
2019-08-21 15:29:57,370 | INFO  | DNAudit | user=null | ip=null | op=WRITE_CHUNK {blockData=conID: 2 locID: 102655681973387870 bcsId: 3924} | ret=SUCCESS |  
2019-08-21 15:29:57,370 | INFO  | DNAudit | user=null | ip=null | op=WRITE_CHUNK {blockData=conID: 2 locID: 102655681973387870 bcsId: 3924} | ret=SUCCESS |  
2019-08-21 15:29:57,373 | INFO  | DNAudit | user=null | ip=null | op=PUT_BLOCK {blockData=[blockId=conID: 2 locID: 102655681973387870 bcsId: 0,size=4194304]} | ret=SUCCESS |  
2019-08-21 15:29:57,373 | INFO  | DNAudit | user=null | ip=null | op=PUT_BLOCK {blockData=[blockId=conID: 2 locID: 102655681973387870 bcsId: 0,size=4194304]} | ret=SUCCESS |  
2019-08-21 15:29:57,373 [grpc-default-executor-5] INFO  client.GrpcClientProtocolClient (GrpcClientProtocolClient.java:onNext(255)) - client-029E50227556->355864cd-7ac5-4934-b366-9756b15dd90f: receive RaftClientReply:client-029E50227556->355864cd-7ac5-4934-b366-9756b15dd90f@group-785BCF25C267, cid=2633, SUCCESS, logIndex=0, commits[355864cd-7ac5-4934-b366-9756b15dd90f:c3930, ce4aa411-63c8-4399-99eb-27ce352844f3:c3928, 3eeffb0a-787e-48ec-a2f5-d0c540a89489:c3928]
2019-08-21 15:29:57,377 | INFO  | SCMAudit | user=jenkins1000 | ip=192.168.5.153 | op=ALLOCATE_BLOCK {owner=78849ec2-2b05-45d8-8cb5-e95e2230dbd1, size=4194304, type=RATIS, factor=THREE} | ret=SUCCESS |  
2019-08-21 15:29:57,380 | INFO  | OMAudit | user=jenkins1000 | ip=127.0.0.1 | op=ALLOCATE_BLOCK {volume=vol-0-32358, bucket=bucket-0-01949, key=key-0-56547, dataSize=0, replicationType=null, replicationFactor=null, keyLocationInfo=null, clientID=102655680532119954} | ret=SUCCESS |  
2019-08-21 15:29:57,386 | INFO  | DNAudit | user=null | ip=null | op=WRITE_CHUNK {blockData=conID: 3 locID: 102655681978499679 bcsId: 0} | ret=SUCCESS |  
2019-08-21 15:29:57,388 | INFO  | DNAudit | user=null | ip=null | op=WRITE_CHUNK {blockData=conID: 3 locID: 102655681978499679 bcsId: 0} | ret=SUCCESS |  
2019-08-21 15:29:57,388 | INFO  | DNAudit | user=null | ip=null | op=WRITE_CHUNK {blockData=conID: 3 locID: 102655681978499679 bcsId: 0} | ret=SUCCESS |  
2019-08-21 15:29:57,389 | INFO  | DNAudit | user=null | ip=null | op=WRITE_CHUNK {blockData=conID: 3 locID: 102655681978499679 bcsId: 0} | ret=SUCCESS |  
2019-08-21 15:29:57,390 | INFO  | DNAudit | user=null | ip=null | op=WRITE_CHUNK {blockData=conID: 3 locID: 102655681978499679 bcsId: 0} | ret=SUCCESS |  
2019-08-21 15:29:57,390 | INFO  | DNAudit | user=null | ip=null | op=WRITE_CHUNK {blockData=conID: 3 locID: 102655681978499679 bcsId: 0} | ret=SUCCESS |  
2019-08-21 15:29:57,398 | INFO  | DNAudit | user=null | ip=null | op=WRITE_CHUNK {blockData=conID: 3 locID: 102655681978499679 bcsId: 0} | ret=SUCCESS |  
2019-08-21 15:29:57,399 | INFO  | DNAudit | user=null | ip=null | op=PUT_BLOCK {blockData=[blockId=conID: 3 locID: 102655681978499679 bcsId: 0,size=1048576]} | ret=SUCCESS |  
2019-08-21 15:29:57,399 [grpc-default-executor-0] INFO  client.GrpcClientProtocolClient (GrpcClientProtocolClient.java:onNext(255)) - client-029E50227556->355864cd-7ac5-4934-b366-9756b15dd90f: receive RaftClientReply:client-029E50227556->355864cd-7ac5-4934-b366-9756b15dd90f@group-785BCF25C267, cid=2634, SUCCESS, logIndex=3931, commits[355864cd-7ac5-4934-b366-9756b15dd90f:c3933, ce4aa411-63c8-4399-99eb-27ce352844f3:c3930, 3eeffb0a-787e-48ec-a2f5-d0c540a89489:c3930]
2019-08-21 15:29:57,399 | INFO  | DNAudit | user=null | ip=null | op=WRITE_CHUNK {blockData=conID: 3 locID: 102655681978499679 bcsId: 0} | ret=SUCCESS |  
2019-08-21 15:29:57,399 [grpc-default-executor-0] INFO  client.GrpcClientProtocolClient (GrpcClientProtocolClient.java:onNext(255)) - client-029E50227556->355864cd-7ac5-4934-b366-9756b15dd90f: receive RaftClientReply:client-029E50227556->355864cd-7ac5-4934-b366-9756b15dd90f@group-785BCF25C267, cid=2635, SUCCESS, logIndex=3932, commits[355864cd-7ac5-4934-b366-9756b15dd90f:c3934, ce4aa411-63c8-4399-99eb-27ce352844f3:c3930, 3eeffb0a-787e-48ec-a2f5-d0c540a89489:c3930]
2019-08-21 15:29:57,400 | INFO  | DNAudit | user=null | ip=null | op=PUT_BLOCK {blockData=[blockId=conID: 3 locID: 102655681978499679 bcsId: 0,size=2097152]} | ret=SUCCESS |  
2019-08-21 15:29:57,400 [grpc-default-executor-0] INFO  client.GrpcClientProtocolClient (GrpcClientProtocolClient.java:onNext(255)) - client-029E50227556->355864cd-7ac5-4934-b366-9756b15dd90f: receive RaftClientReply:client-029E50227556->355864cd-7ac5-4934-b366-9756b15dd90f@group-785BCF25C267, cid=2636, SUCCESS, logIndex=3933, commits[355864cd-7ac5-4934-b366-9756b15dd90f:c3934, ce4aa411-63c8-4399-99eb-27ce352844f3:c3930, 3eeffb0a-787e-48ec-a2f5-d0c540a89489:c3930]
2019-08-21 15:29:57,400 [grpc-default-executor-0] INFO  client.GrpcClientProtocolClient (GrpcClientProtocolClient.java:onNext(255)) - client-029E50227556->355864cd-7ac5-4934-b366-9756b15dd90f: receive RaftClientReply:client-029E50227556->355864cd-7ac5-4934-b366-9756b15dd90f@group-785BCF25C267, cid=2637, SUCCESS, logIndex=3934, commits[355864cd-7ac5-4934-b366-9756b15dd90f:c3934, ce4aa411-63c8-4399-99eb-27ce352844f3:c3930, 3eeffb0a-787e-48ec-a2f5-d0c540a89489:c3930]
2019-08-21 15:29:57,401 | INFO  | DNAudit | user=null | ip=null | op=WRITE_CHUNK {blockData=conID: 3 locID: 102655681978499679 bcsId: 0} | ret=SUCCESS |  
2019-08-21 15:29:57,412 | INFO  | DNAudit | user=null | ip=null | op=WRITE_CHUNK {blockData=conID: 3 locID: 102655681978499679 bcsId: 0} | ret=SUCCESS |  
2019-08-21 15:29:57,413 | INFO  | DNAudit | user=null | ip=null | op=PUT_BLOCK {blockData=[blockId=conID: 3 locID: 102655681978499679 bcsId: 0,size=1048576]} | ret=SUCCESS |  
2019-08-21 15:29:57,413 | INFO  | DNAudit | user=null | ip=null | op=WRITE_CHUNK {blockData=conID: 3 locID: 102655681978499679 bcsId: 0} | ret=SUCCESS |  
2019-08-21 15:29:57,413 | INFO  | DNAudit | user=null | ip=null | op=PUT_BLOCK {blockData=[blockId=conID: 3 locID: 102655681978499679 bcsId: 0,size=2097152]} | ret=SUCCESS |  
2019-08-21 15:29:57,413 | INFO  | DNAudit | user=null | ip=null | op=PUT_BLOCK {blockData=[blockId=conID: 3 locID: 102655681978499679 bcsId: 0,size=1048576]} | ret=SUCCESS |  
2019-08-21 15:29:57,413 | INFO  | DNAudit | user=null | ip=null | op=WRITE_CHUNK {blockData=conID: 3 locID: 102655681978499679 bcsId: 0} | ret=SUCCESS |  
2019-08-21 15:29:57,413 | INFO  | DNAudit | user=null | ip=null | op=PUT_BLOCK {blockData=[blockId=conID: 3 locID: 102655681978499679 bcsId: 0,size=2097152]} | ret=SUCCESS |  
2019-08-21 15:29:57,413 [grpc-default-executor-0] INFO  client.GrpcClientProtocolClient (GrpcClientProtocolClient.java:onNext(255)) - client-029E50227556->355864cd-7ac5-4934-b366-9756b15dd90f: receive RaftClientReply:client-029E50227556->355864cd-7ac5-4934-b366-9756b15dd90f@group-785BCF25C267, cid=2638, SUCCESS, logIndex=0, commits[355864cd-7ac5-4934-b366-9756b15dd90f:c3938, ce4aa411-63c8-4399-99eb-27ce352844f3:c3932, 3eeffb0a-787e-48ec-a2f5-d0c540a89489:c3934]
2019-08-21 15:29:57,418 | INFO  | DNAudit | user=null | ip=null | op=WRITE_CHUNK {blockData=conID: 3 locID: 102655681978499679 bcsId: 3934} | ret=SUCCESS |  
2019-08-21 15:29:57,420 | INFO  | DNAudit | user=null | ip=null | op=WRITE_CHUNK {blockData=conID: 3 locID: 102655681978499679 bcsId: 3934} | ret=SUCCESS |  
2019-08-21 15:29:57,421 | INFO  | DNAudit | user=null | ip=null | op=WRITE_CHUNK {blockData=conID: 3 locID: 102655681978499679 bcsId: 3934} | ret=SUCCESS |  
2019-08-21 15:29:57,431 | INFO  | DNAudit | user=null | ip=null | op=WRITE_CHUNK {blockData=conID: 3 locID: 102655681978499679 bcsId: 3934} | ret=SUCCESS |  
2019-08-21 15:29:57,431 | INFO  | DNAudit | user=null | ip=null | op=PUT_BLOCK {blockData=[blockId=conID: 3 locID: 102655681978499679 bcsId: 0,size=3145728]} | ret=SUCCESS |  
2019-08-21 15:29:57,431 [grpc-default-executor-0] INFO  client.GrpcClientProtocolClient (GrpcClientProtocolClient.java:onNext(255)) - client-029E50227556->355864cd-7ac5-4934-b366-9756b15dd90f: receive RaftClientReply:client-029E50227556->355864cd-7ac5-4934-b366-9756b15dd90f@group-785BCF25C267, cid=2639, SUCCESS, logIndex=3939, commits[355864cd-7ac5-4934-b366-9756b15dd90f:c3940, ce4aa411-63c8-4399-99eb-27ce352844f3:c3938, 3eeffb0a-787e-48ec-a2f5-d0c540a89489:c3938]
2019-08-21 15:29:57,432 [grpc-default-executor-0] INFO  client.GrpcClientProtocolClient (GrpcClientProtocolClient.java:onNext(255)) - client-029E50227556->355864cd-7ac5-4934-b366-9756b15dd90f: receive RaftClientReply:client-029E50227556->355864cd-7ac5-4934-b366-9756b15dd90f@group-785BCF25C267, cid=2640, SUCCESS, logIndex=3940, commits[355864cd-7ac5-4934-b366-9756b15dd90f:c3940, ce4aa411-63c8-4399-99eb-27ce352844f3:c3938, 3eeffb0a-787e-48ec-a2f5-d0c540a89489:c3938]
2019-08-21 15:29:57,437 | INFO  | DNAudit | user=null | ip=null | op=WRITE_CHUNK {blockData=conID: 3 locID: 102655681978499679 bcsId: 3940} | ret=SUCCESS |  
2019-08-21 15:29:57,439 | INFO  | DNAudit | user=null | ip=null | op=WRITE_CHUNK {blockData=conID: 3 locID: 102655681978499679 bcsId: 3940} | ret=SUCCESS |  
2019-08-21 15:29:57,439 | INFO  | DNAudit | user=null | ip=null | op=WRITE_CHUNK {blockData=conID: 3 locID: 102655681978499679 bcsId: 3940} | ret=SUCCESS |  
2019-08-21 15:29:57,442 | INFO  | DNAudit | user=null | ip=null | op=WRITE_CHUNK {blockData=conID: 3 locID: 102655681978499679 bcsId: 3934} | ret=SUCCESS |  
2019-08-21 15:29:57,443 | INFO  | DNAudit | user=null | ip=null | op=WRITE_CHUNK {blockData=conID: 3 locID: 102655681978499679 bcsId: 3934} | ret=SUCCESS |  
2019-08-21 15:29:57,444 | INFO  | DNAudit | user=null | ip=null | op=PUT_BLOCK {blockData=[blockId=conID: 3 locID: 102655681978499679 bcsId: 0,size=3145728]} | ret=SUCCESS |  
2019-08-21 15:29:57,444 | INFO  | DNAudit | user=null | ip=null | op=PUT_BLOCK {blockData=[blockId=conID: 3 locID: 102655681978499679 bcsId: 0,size=3145728]} | ret=SUCCESS |  
2019-08-21 15:29:57,445 | INFO  | DNAudit | user=null | ip=null | op=WRITE_CHUNK {blockData=conID: 3 locID: 102655681978499679 bcsId: 3940} | ret=SUCCESS |  
2019-08-21 15:29:57,445 | INFO  | DNAudit | user=null | ip=null | op=PUT_BLOCK {blockData=[blockId=conID: 3 locID: 102655681978499679 bcsId: 0,size=4194304]} | ret=SUCCESS |  
2019-08-21 15:29:57,445 [grpc-default-executor-4] INFO  client.GrpcClientProtocolClient (GrpcClientProtocolClient.java:onNext(255)) - client-029E50227556->355864cd-7ac5-4934-b366-9756b15dd90f: receive RaftClientReply:client-029E50227556->355864cd-7ac5-4934-b366-9756b15dd90f@group-785BCF25C267, cid=2641, SUCCESS, logIndex=3943, commits[355864cd-7ac5-4934-b366-9756b15dd90f:c3944, ce4aa411-63c8-4399-99eb-27ce352844f3:c3940, 3eeffb0a-787e-48ec-a2f5-d0c540a89489:c3940]
2019-08-21 15:29:57,445 [grpc-default-executor-4] INFO  client.GrpcClientProtocolClient (GrpcClientProtocolClient.java:onNext(255)) - client-029E50227556->355864cd-7ac5-4934-b366-9756b15dd90f: receive RaftClientReply:client-029E50227556->355864cd-7ac5-4934-b366-9756b15dd90f@group-785BCF25C267, cid=2642, SUCCESS, logIndex=3944, commits[355864cd-7ac5-4934-b366-9756b15dd90f:c3944, ce4aa411-63c8-4399-99eb-27ce352844f3:c3940, 3eeffb0a-787e-48ec-a2f5-d0c540a89489:c3940]
2019-08-21 15:29:57,455 | INFO  | DNAudit | user=null | ip=null | op=WRITE_CHUNK {blockData=conID: 3 locID: 102655681978499679 bcsId: 3940} | ret=SUCCESS |  
2019-08-21 15:29:57,456 | INFO  | DNAudit | user=null | ip=null | op=WRITE_CHUNK {blockData=conID: 3 locID: 102655681978499679 bcsId: 3940} | ret=SUCCESS |  
2019-08-21 15:29:57,456 | INFO  | DNAudit | user=null | ip=null | op=PUT_BLOCK {blockData=[blockId=conID: 3 locID: 102655681978499679 bcsId: 0,size=4194304]} | ret=SUCCESS |  
2019-08-21 15:29:57,457 | INFO  | DNAudit | user=null | ip=null | op=PUT_BLOCK {blockData=[blockId=conID: 3 locID: 102655681978499679 bcsId: 0,size=4194304]} | ret=SUCCESS |  
2019-08-21 15:29:57,457 [grpc-default-executor-4] INFO  client.GrpcClientProtocolClient (GrpcClientProtocolClient.java:onNext(255)) - client-029E50227556->355864cd-7ac5-4934-b366-9756b15dd90f: receive RaftClientReply:client-029E50227556->355864cd-7ac5-4934-b366-9756b15dd90f@group-785BCF25C267, cid=2643, SUCCESS, logIndex=0, commits[355864cd-7ac5-4934-b366-9756b15dd90f:c3946, ce4aa411-63c8-4399-99eb-27ce352844f3:c3944, 3eeffb0a-787e-48ec-a2f5-d0c540a89489:c3944]
2019-08-21 15:29:57,461 | INFO  | SCMAudit | user=jenkins1000 | ip=192.168.5.153 | op=ALLOCATE_BLOCK {owner=78849ec2-2b05-45d8-8cb5-e95e2230dbd1, size=4194304, type=RATIS, factor=THREE} | ret=SUCCESS |  
2019-08-21 15:29:57,464 | INFO  | OMAudit | user=jenkins1000 | ip=127.0.0.1 | op=ALLOCATE_BLOCK {volume=vol-0-32358, bucket=bucket-0-01949, key=key-0-56547, dataSize=0, replicationType=null, replicationFactor=null, keyLocationInfo=null, clientID=102655680532119954} | ret=SUCCESS |  
2019-08-21 15:29:57,469 | INFO  | DNAudit | user=null | ip=null | op=WRITE_CHUNK {blockData=conID: 1 locID: 102655681984004704 bcsId: 0} | ret=SUCCESS |  
2019-08-21 15:29:57,472 | INFO  | DNAudit | user=null | ip=null | op=WRITE_CHUNK {blockData=conID: 1 locID: 102655681984004704 bcsId: 0} | ret=SUCCESS |  
2019-08-21 15:29:57,472 | INFO  | DNAudit | user=null | ip=null | op=WRITE_CHUNK {blockData=conID: 1 locID: 102655681984004704 bcsId: 0} | ret=SUCCESS |  
2019-08-21 15:29:57,472 | INFO  | DNAudit | user=null | ip=null | op=WRITE_CHUNK {blockData=conID: 1 locID: 102655681984004704 bcsId: 0} | ret=SUCCESS |  
2019-08-21 15:29:57,473 | INFO  | DNAudit | user=null | ip=null | op=WRITE_CHUNK {blockData=conID: 1 locID: 102655681984004704 bcsId: 0} | ret=SUCCESS |  
2019-08-21 15:29:57,473 | INFO  | DNAudit | user=null | ip=null | op=WRITE_CHUNK {blockData=conID: 1 locID: 102655681984004704 bcsId: 0} | ret=SUCCESS |  
2019-08-21 15:29:57,483 | INFO  | DNAudit | user=null | ip=null | op=WRITE_CHUNK {blockData=conID: 1 locID: 102655681984004704 bcsId: 0} | ret=SUCCESS |  
2019-08-21 15:29:57,483 | INFO  | DNAudit | user=null | ip=null | op=PUT_BLOCK {blockData=[blockId=conID: 1 locID: 102655681984004704 bcsId: 0,size=1048576]} | ret=SUCCESS |  
2019-08-21 15:29:57,484 | INFO  | DNAudit | user=null | ip=null | op=WRITE_CHUNK {blockData=conID: 1 locID: 102655681984004704 bcsId: 0} | ret=SUCCESS |  
2019-08-21 15:29:57,484 [grpc-default-executor-4] INFO  client.GrpcClientProtocolClient (GrpcClientProtocolClient.java:onNext(255)) - client-029E50227556->355864cd-7ac5-4934-b366-9756b15dd90f: receive RaftClientReply:client-029E50227556->355864cd-7ac5-4934-b366-9756b15dd90f@group-785BCF25C267, cid=2644, SUCCESS, logIndex=3947, commits[355864cd-7ac5-4934-b366-9756b15dd90f:c3948, ce4aa411-63c8-4399-99eb-27ce352844f3:c3946, 3eeffb0a-787e-48ec-a2f5-d0c540a89489:c3946]
2019-08-21 15:29:57,484 | INFO  | DNAudit | user=null | ip=null | op=PUT_BLOCK {blockData=[blockId=conID: 1 locID: 102655681984004704 bcsId: 0,size=2097152]} | ret=SUCCESS |  
2019-08-21 15:29:57,484 [grpc-default-executor-4] INFO  client.GrpcClientProtocolClient (GrpcClientProtocolClient.java:onNext(255)) - client-029E50227556->355864cd-7ac5-4934-b366-9756b15dd90f: receive RaftClientReply:client-029E50227556->355864cd-7ac5-4934-b366-9756b15dd90f@group-785BCF25C267, cid=2645, SUCCESS, logIndex=3948, commits[355864cd-7ac5-4934-b366-9756b15dd90f:c3950, ce4aa411-63c8-4399-99eb-27ce352844f3:c3946, 3eeffb0a-787e-48ec-a2f5-d0c540a89489:c3946]
2019-08-21 15:29:57,484 [grpc-default-executor-4] INFO  client.GrpcClientProtocolClient (GrpcClientProtocolClient.java:onNext(255)) - client-029E50227556->355864cd-7ac5-4934-b366-9756b15dd90f: receive RaftClientReply:client-029E50227556->355864cd-7ac5-4934-b366-9756b15dd90f@group-785BCF25C267, cid=2646, SUCCESS, logIndex=3949, commits[355864cd-7ac5-4934-b366-9756b15dd90f:c3950, ce4aa411-63c8-4399-99eb-27ce352844f3:c3946, 3eeffb0a-787e-48ec-a2f5-d0c540a89489:c3946]
2019-08-21 15:29:57,485 [grpc-default-executor-4] INFO  client.GrpcClientProtocolClient (GrpcClientProtocolClient.java:onNext(255)) - client-029E50227556->355864cd-7ac5-4934-b366-9756b15dd90f: receive RaftClientReply:client-029E50227556->355864cd-7ac5-4934-b366-9756b15dd90f@group-785BCF25C267, cid=2647, SUCCESS, logIndex=3950, commits[355864cd-7ac5-4934-b366-9756b15dd90f:c3950, ce4aa411-63c8-4399-99eb-27ce352844f3:c3946, 3eeffb0a-787e-48ec-a2f5-d0c540a89489:c3946]
2019-08-21 15:29:57,493 | INFO  | DNAudit | user=null | ip=null | op=WRITE_CHUNK {blockData=conID: 1 locID: 102655681984004704 bcsId: 0} | ret=SUCCESS |  
2019-08-21 15:29:57,493 | INFO  | DNAudit | user=null | ip=null | op=WRITE_CHUNK {blockData=conID: 1 locID: 102655681984004704 bcsId: 0} | ret=SUCCESS |  
2019-08-21 15:29:57,493 | INFO  | DNAudit | user=null | ip=null | op=PUT_BLOCK {blockData=[blockId=conID: 1 locID: 102655681984004704 bcsId: 0,size=1048576]} | ret=SUCCESS |  
2019-08-21 15:29:57,503 | INFO  | DNAudit | user=null | ip=null | op=PUT_BLOCK {blockData=[blockId=conID: 1 locID: 102655681984004704 bcsId: 0,size=1048576]} | ret=SUCCESS |  
2019-08-21 15:29:57,503 | INFO  | DNAudit | user=null | ip=null | op=WRITE_CHUNK {blockData=conID: 1 locID: 102655681984004704 bcsId: 0} | ret=SUCCESS |  
2019-08-21 15:29:57,504 | INFO  | DNAudit | user=null | ip=null | op=WRITE_CHUNK {blockData=conID: 1 locID: 102655681984004704 bcsId: 0} | ret=SUCCESS |  
2019-08-21 15:29:57,504 | INFO  | DNAudit | user=null | ip=null | op=PUT_BLOCK {blockData=[blockId=conID: 1 locID: 102655681984004704 bcsId: 0,size=2097152]} | ret=SUCCESS |  
2019-08-21 15:29:57,504 [grpc-default-executor-4] INFO  client.GrpcClientProtocolClient (GrpcClientProtocolClient.java:onNext(255)) - client-029E50227556->355864cd-7ac5-4934-b366-9756b15dd90f: receive RaftClientReply:client-029E50227556->355864cd-7ac5-4934-b366-9756b15dd90f@group-785BCF25C267, cid=2648, SUCCESS, logIndex=0, commits[355864cd-7ac5-4934-b366-9756b15dd90f:c3952, ce4aa411-63c8-4399-99eb-27ce352844f3:c3948, 3eeffb0a-787e-48ec-a2f5-d0c540a89489:c3948]
2019-08-21 15:29:57,504 | INFO  | DNAudit | user=null | ip=null | op=PUT_BLOCK {blockData=[blockId=conID: 1 locID: 102655681984004704 bcsId: 0,size=2097152]} | ret=SUCCESS |  
2019-08-21 15:29:57,510 | INFO  | DNAudit | user=null | ip=null | op=WRITE_CHUNK {blockData=conID: 1 locID: 102655681984004704 bcsId: 3950} | ret=SUCCESS |  
2019-08-21 15:29:57,512 | INFO  | DNAudit | user=null | ip=null | op=WRITE_CHUNK {blockData=conID: 1 locID: 102655681984004704 bcsId: 3950} | ret=SUCCESS |  
2019-08-21 15:29:57,512 | INFO  | DNAudit | user=null | ip=null | op=WRITE_CHUNK {blockData=conID: 1 locID: 102655681984004704 bcsId: 3950} | ret=SUCCESS |  
2019-08-21 15:29:57,530 | INFO  | DNAudit | user=null | ip=null | op=WRITE_CHUNK {blockData=conID: 1 locID: 102655681984004704 bcsId: 3950} | ret=SUCCESS |  
2019-08-21 15:29:57,531 | INFO  | DNAudit | user=null | ip=null | op=PUT_BLOCK {blockData=[blockId=conID: 1 locID: 102655681984004704 bcsId: 0,size=3145728]} | ret=SUCCESS |  
2019-08-21 15:29:57,531 [grpc-default-executor-5] INFO  client.GrpcClientProtocolClient (GrpcClientProtocolClient.java:onNext(255)) - client-029E50227556->355864cd-7ac5-4934-b366-9756b15dd90f: receive RaftClientReply:client-029E50227556->355864cd-7ac5-4934-b366-9756b15dd90f@group-785BCF25C267, cid=2649, SUCCESS, logIndex=3954, commits[355864cd-7ac5-4934-b366-9756b15dd90f:c3955, ce4aa411-63c8-4399-99eb-27ce352844f3:c3953, 3eeffb0a-787e-48ec-a2f5-d0c540a89489:c3953]
2019-08-21 15:29:57,531 [grpc-default-executor-5] INFO  client.GrpcClientProtocolClient (GrpcClientProtocolClient.java:onNext(255)) - client-029E50227556->355864cd-7ac5-4934-b366-9756b15dd90f: receive RaftClientReply:client-029E50227556->355864cd-7ac5-4934-b366-9756b15dd90f@group-785BCF25C267, cid=2650, SUCCESS, logIndex=3955, commits[355864cd-7ac5-4934-b366-9756b15dd90f:c3955, ce4aa411-63c8-4399-99eb-27ce352844f3:c3953, 3eeffb0a-787e-48ec-a2f5-d0c540a89489:c3953]
2019-08-21 15:29:57,537 | INFO  | DNAudit | user=null | ip=null | op=WRITE_CHUNK {blockData=conID: 1 locID: 102655681984004704 bcsId: 3955} | ret=SUCCESS |  
2019-08-21 15:29:57,539 | INFO  | DNAudit | user=null | ip=null | op=WRITE_CHUNK {blockData=conID: 1 locID: 102655681984004704 bcsId: 3955} | ret=SUCCESS |  
2019-08-21 15:29:57,539 | INFO  | DNAudit | user=null | ip=null | op=WRITE_CHUNK {blockData=conID: 1 locID: 102655681984004704 bcsId: 3955} | ret=SUCCESS |  
2019-08-21 15:29:57,544 | INFO  | DNAudit | user=null | ip=null | op=WRITE_CHUNK {blockData=conID: 1 locID: 102655681984004704 bcsId: 3950} | ret=SUCCESS |  
2019-08-21 15:29:57,544 | INFO  | DNAudit | user=null | ip=null | op=WRITE_CHUNK {blockData=conID: 1 locID: 102655681984004704 bcsId: 3950} | ret=SUCCESS |  
2019-08-21 15:29:57,545 | INFO  | DNAudit | user=null | ip=null | op=PUT_BLOCK {blockData=[blockId=conID: 1 locID: 102655681984004704 bcsId: 0,size=3145728]} | ret=SUCCESS |  
2019-08-21 15:29:57,545 | INFO  | DNAudit | user=null | ip=null | op=PUT_BLOCK {blockData=[blockId=conID: 1 locID: 102655681984004704 bcsId: 0,size=3145728]} | ret=SUCCESS |  
2019-08-21 15:29:57,545 | INFO  | DNAudit | user=null | ip=null | op=WRITE_CHUNK {blockData=conID: 1 locID: 102655681984004704 bcsId: 3955} | ret=SUCCESS |  
2019-08-21 15:29:57,546 | INFO  | DNAudit | user=null | ip=null | op=PUT_BLOCK {blockData=[blockId=conID: 1 locID: 102655681984004704 bcsId: 0,size=4194304]} | ret=SUCCESS |  
2019-08-21 15:29:57,546 [grpc-default-executor-5] INFO  client.GrpcClientProtocolClient (GrpcClientProtocolClient.java:onNext(255)) - client-029E50227556->355864cd-7ac5-4934-b366-9756b15dd90f: receive RaftClientReply:client-029E50227556->355864cd-7ac5-4934-b366-9756b15dd90f@group-785BCF25C267, cid=2651, SUCCESS, logIndex=3958, commits[355864cd-7ac5-4934-b366-9756b15dd90f:c3959, ce4aa411-63c8-4399-99eb-27ce352844f3:c3955, 3eeffb0a-787e-48ec-a2f5-d0c540a89489:c3955]
2019-08-21 15:29:57,546 [grpc-default-executor-5] INFO  client.GrpcClientProtocolClient (GrpcClientProtocolClient.java:onNext(255)) - client-029E50227556->355864cd-7ac5-4934-b366-9756b15dd90f: receive RaftClientReply:client-029E50227556->355864cd-7ac5-4934-b366-9756b15dd90f@group-785BCF25C267, cid=2652, SUCCESS, logIndex=3959, commits[355864cd-7ac5-4934-b366-9756b15dd90f:c3959, ce4aa411-63c8-4399-99eb-27ce352844f3:c3955, 3eeffb0a-787e-48ec-a2f5-d0c540a89489:c3955]
2019-08-21 15:29:57,557 | INFO  | DNAudit | user=null | ip=null | op=WRITE_CHUNK {blockData=conID: 1 locID: 102655681984004704 bcsId: 3955} | ret=SUCCESS |  
2019-08-21 15:29:57,557 | INFO  | DNAudit | user=null | ip=null | op=PUT_BLOCK {blockData=[blockId=conID: 1 locID: 102655681984004704 bcsId: 0,size=4194304]} | ret=SUCCESS |  
2019-08-21 15:29:57,557 | INFO  | DNAudit | user=null | ip=null | op=WRITE_CHUNK {blockData=conID: 1 locID: 102655681984004704 bcsId: 3955} | ret=SUCCESS |  
2019-08-21 15:29:57,558 | INFO  | DNAudit | user=null | ip=null | op=PUT_BLOCK {blockData=[blockId=conID: 1 locID: 102655681984004704 bcsId: 0,size=4194304]} | ret=SUCCESS |  
2019-08-21 15:29:57,558 [grpc-default-executor-5] INFO  client.GrpcClientProtocolClient (GrpcClientProtocolClient.java:onNext(255)) - client-029E50227556->355864cd-7ac5-4934-b366-9756b15dd90f: receive RaftClientReply:client-029E50227556->355864cd-7ac5-4934-b366-9756b15dd90f@group-785BCF25C267, cid=2653, SUCCESS, logIndex=0, commits[355864cd-7ac5-4934-b366-9756b15dd90f:c3960, ce4aa411-63c8-4399-99eb-27ce352844f3:c3959, 3eeffb0a-787e-48ec-a2f5-d0c540a89489:c3959]
2019-08-21 15:29:57,563 | INFO  | SCMAudit | user=jenkins1000 | ip=192.168.5.153 | op=ALLOCATE_BLOCK {owner=78849ec2-2b05-45d8-8cb5-e95e2230dbd1, size=4194304, type=RATIS, factor=THREE} | ret=SUCCESS |  
2019-08-21 15:29:57,566 | INFO  | OMAudit | user=jenkins1000 | ip=127.0.0.1 | op=ALLOCATE_BLOCK {volume=vol-0-32358, bucket=bucket-0-01949, key=key-0-56547, dataSize=0, replicationType=null, replicationFactor=null, keyLocationInfo=null, clientID=102655680532119954} | ret=SUCCESS |  
2019-08-21 15:29:57,572 | INFO  | DNAudit | user=null | ip=null | op=WRITE_CHUNK {blockData=conID: 2 locID: 102655681990689377 bcsId: 0} | ret=SUCCESS |  
2019-08-21 15:29:57,573 | INFO  | DNAudit | user=null | ip=null | op=WRITE_CHUNK {blockData=conID: 2 locID: 102655681990689377 bcsId: 0} | ret=SUCCESS |  
2019-08-21 15:29:57,574 | INFO  | DNAudit | user=null | ip=null | op=WRITE_CHUNK {blockData=conID: 2 locID: 102655681990689377 bcsId: 0} | ret=SUCCESS |  
2019-08-21 15:29:57,575 | INFO  | DNAudit | user=null | ip=null | op=WRITE_CHUNK {blockData=conID: 2 locID: 102655681990689377 bcsId: 0} | ret=SUCCESS |  
2019-08-21 15:29:57,576 | INFO  | DNAudit | user=null | ip=null | op=WRITE_CHUNK {blockData=conID: 2 locID: 102655681990689377 bcsId: 0} | ret=SUCCESS |  
2019-08-21 15:29:57,576 | INFO  | DNAudit | user=null | ip=null | op=WRITE_CHUNK {blockData=conID: 2 locID: 102655681990689377 bcsId: 0} | ret=SUCCESS |  
2019-08-21 15:29:57,584 | INFO  | DNAudit | user=null | ip=null | op=WRITE_CHUNK {blockData=conID: 2 locID: 102655681990689377 bcsId: 0} | ret=SUCCESS |  
2019-08-21 15:29:57,584 | INFO  | DNAudit | user=null | ip=null | op=PUT_BLOCK {blockData=[blockId=conID: 2 locID: 102655681990689377 bcsId: 0,size=1048576]} | ret=SUCCESS |  
2019-08-21 15:29:57,585 [grpc-default-executor-4] INFO  client.GrpcClientProtocolClient (GrpcClientProtocolClient.java:onNext(255)) - client-029E50227556->355864cd-7ac5-4934-b366-9756b15dd90f: receive RaftClientReply:client-029E50227556->355864cd-7ac5-4934-b366-9756b15dd90f@group-785BCF25C267, cid=2654, SUCCESS, logIndex=3962, commits[355864cd-7ac5-4934-b366-9756b15dd90f:c3963, ce4aa411-63c8-4399-99eb-27ce352844f3:c3961, 3eeffb0a-787e-48ec-a2f5-d0c540a89489:c3961]
2019-08-21 15:29:57,585 | INFO  | DNAudit | user=null | ip=null | op=WRITE_CHUNK {blockData=conID: 2 locID: 102655681990689377 bcsId: 0} | ret=SUCCESS |  
2019-08-21 15:29:57,585 [grpc-default-executor-4] INFO  client.GrpcClientProtocolClient (GrpcClientProtocolClient.java:onNext(255)) - client-029E50227556->355864cd-7ac5-4934-b366-9756b15dd90f: receive RaftClientReply:client-029E50227556->355864cd-7ac5-4934-b366-9756b15dd90f@group-785BCF25C267, cid=2655, SUCCESS, logIndex=3963, commits[355864cd-7ac5-4934-b366-9756b15dd90f:c3963, ce4aa411-63c8-4399-99eb-27ce352844f3:c3961, 3eeffb0a-787e-48ec-a2f5-d0c540a89489:c3961]
2019-08-21 15:29:57,585 | INFO  | DNAudit | user=null | ip=null | op=PUT_BLOCK {blockData=[blockId=conID: 2 locID: 102655681990689377 bcsId: 0,size=2097152]} | ret=SUCCESS |  
2019-08-21 15:29:57,585 [grpc-default-executor-4] INFO  client.GrpcClientProtocolClient (GrpcClientProtocolClient.java:onNext(255)) - client-029E50227556->355864cd-7ac5-4934-b366-9756b15dd90f: receive RaftClientReply:client-029E50227556->355864cd-7ac5-4934-b366-9756b15dd90f@group-785BCF25C267, cid=2656, SUCCESS, logIndex=3964, commits[355864cd-7ac5-4934-b366-9756b15dd90f:c3965, ce4aa411-63c8-4399-99eb-27ce352844f3:c3961, 3eeffb0a-787e-48ec-a2f5-d0c540a89489:c3961]
2019-08-21 15:29:57,586 [grpc-default-executor-4] INFO  client.GrpcClientProtocolClient (GrpcClientProtocolClient.java:onNext(255)) - client-029E50227556->355864cd-7ac5-4934-b366-9756b15dd90f: receive RaftClientReply:client-029E50227556->355864cd-7ac5-4934-b366-9756b15dd90f@group-785BCF25C267, cid=2657, SUCCESS, logIndex=3965, commits[355864cd-7ac5-4934-b366-9756b15dd90f:c3965, ce4aa411-63c8-4399-99eb-27ce352844f3:c3961, 3eeffb0a-787e-48ec-a2f5-d0c540a89489:c3961]
2019-08-21 15:29:57,605 | INFO  | DNAudit | user=null | ip=null | op=WRITE_CHUNK {blockData=conID: 2 locID: 102655681990689377 bcsId: 0} | ret=SUCCESS |  
2019-08-21 15:29:57,605 | INFO  | DNAudit | user=null | ip=null | op=PUT_BLOCK {blockData=[blockId=conID: 2 locID: 102655681990689377 bcsId: 0,size=1048576]} | ret=SUCCESS |  
2019-08-21 15:29:57,605 | INFO  | DNAudit | user=null | ip=null | op=WRITE_CHUNK {blockData=conID: 2 locID: 102655681990689377 bcsId: 0} | ret=SUCCESS |  
2019-08-21 15:29:57,605 | INFO  | DNAudit | user=null | ip=null | op=PUT_BLOCK {blockData=[blockId=conID: 2 locID: 102655681990689377 bcsId: 0,size=1048576]} | ret=SUCCESS |  
2019-08-21 15:29:57,606 | INFO  | DNAudit | user=null | ip=null | op=WRITE_CHUNK {blockData=conID: 2 locID: 102655681990689377 bcsId: 0} | ret=SUCCESS |  
2019-08-21 15:29:57,606 | INFO  | DNAudit | user=null | ip=null | op=WRITE_CHUNK {blockData=conID: 2 locID: 102655681990689377 bcsId: 0} | ret=SUCCESS |  
2019-08-21 15:29:57,606 | INFO  | DNAudit | user=null | ip=null | op=PUT_BLOCK {blockData=[blockId=conID: 2 locID: 102655681990689377 bcsId: 0,size=2097152]} | ret=SUCCESS |  
2019-08-21 15:29:57,606 [grpc-default-executor-4] INFO  client.GrpcClientProtocolClient (GrpcClientProtocolClient.java:onNext(255)) - client-029E50227556->355864cd-7ac5-4934-b366-9756b15dd90f: receive RaftClientReply:client-029E50227556->355864cd-7ac5-4934-b366-9756b15dd90f@group-785BCF25C267, cid=2658, SUCCESS, logIndex=0, commits[355864cd-7ac5-4934-b366-9756b15dd90f:c3967, ce4aa411-63c8-4399-99eb-27ce352844f3:c3963, 3eeffb0a-787e-48ec-a2f5-d0c540a89489:c3963]
2019-08-21 15:29:57,606 | INFO  | DNAudit | user=null | ip=null | op=PUT_BLOCK {blockData=[blockId=conID: 2 locID: 102655681990689377 bcsId: 0,size=2097152]} | ret=SUCCESS |  
2019-08-21 15:29:57,611 | INFO  | DNAudit | user=null | ip=null | op=WRITE_CHUNK {blockData=conID: 2 locID: 102655681990689377 bcsId: 3965} | ret=SUCCESS |  
2019-08-21 15:29:57,613 | INFO  | DNAudit | user=null | ip=null | op=WRITE_CHUNK {blockData=conID: 2 locID: 102655681990689377 bcsId: 3965} | ret=SUCCESS |  
2019-08-21 15:29:57,613 | INFO  | DNAudit | user=null | ip=null | op=WRITE_CHUNK {blockData=conID: 2 locID: 102655681990689377 bcsId: 3965} | ret=SUCCESS |  
2019-08-21 15:29:57,624 | INFO  | DNAudit | user=null | ip=null | op=WRITE_CHUNK {blockData=conID: 2 locID: 102655681990689377 bcsId: 3965} | ret=SUCCESS |  
2019-08-21 15:29:57,624 | INFO  | DNAudit | user=null | ip=null | op=PUT_BLOCK {blockData=[blockId=conID: 2 locID: 102655681990689377 bcsId: 0,size=3145728]} | ret=SUCCESS |  
2019-08-21 15:29:57,624 [grpc-default-executor-4] INFO  client.GrpcClientProtocolClient (GrpcClientProtocolClient.java:onNext(255)) - client-029E50227556->355864cd-7ac5-4934-b366-9756b15dd90f: receive RaftClientReply:client-029E50227556->355864cd-7ac5-4934-b366-9756b15dd90f@group-785BCF25C267, cid=2659, SUCCESS, logIndex=3970, commits[355864cd-7ac5-4934-b366-9756b15dd90f:c3971, ce4aa411-63c8-4399-99eb-27ce352844f3:c3969, 3eeffb0a-787e-48ec-a2f5-d0c540a89489:c3969]
2019-08-21 15:29:57,624 [grpc-default-executor-4] INFO  client.GrpcClientProtocolClient (GrpcClientProtocolClient.java:onNext(255)) - client-029E50227556->355864cd-7ac5-4934-b366-9756b15dd90f: receive RaftClientReply:client-029E50227556->355864cd-7ac5-4934-b366-9756b15dd90f@group-785BCF25C267, cid=2660, SUCCESS, logIndex=3971, commits[355864cd-7ac5-4934-b366-9756b15dd90f:c3971, ce4aa411-63c8-4399-99eb-27ce352844f3:c3969, 3eeffb0a-787e-48ec-a2f5-d0c540a89489:c3969]
2019-08-21 15:29:57,630 | INFO  | DNAudit | user=null | ip=null | op=WRITE_CHUNK {blockData=conID: 2 locID: 102655681990689377 bcsId: 3971} | ret=SUCCESS |  
2019-08-21 15:29:57,632 | INFO  | DNAudit | user=null | ip=null | op=WRITE_CHUNK {blockData=conID: 2 locID: 102655681990689377 bcsId: 3971} | ret=SUCCESS |  
2019-08-21 15:29:57,632 | INFO  | DNAudit | user=null | ip=null | op=WRITE_CHUNK {blockData=conID: 2 locID: 102655681990689377 bcsId: 3971} | ret=SUCCESS |  
2019-08-21 15:29:57,635 | INFO  | DNAudit | user=null | ip=null | op=WRITE_CHUNK {blockData=conID: 2 locID: 102655681990689377 bcsId: 3965} | ret=SUCCESS |  
2019-08-21 15:29:57,635 | INFO  | DNAudit | user=null | ip=null | op=WRITE_CHUNK {blockData=conID: 2 locID: 102655681990689377 bcsId: 3965} | ret=SUCCESS |  
2019-08-21 15:29:57,638 | INFO  | DNAudit | user=null | ip=null | op=PUT_BLOCK {blockData=[blockId=conID: 2 locID: 102655681990689377 bcsId: 0,size=3145728]} | ret=SUCCESS |  
2019-08-21 15:29:57,638 | INFO  | DNAudit | user=null | ip=null | op=PUT_BLOCK {blockData=[blockId=conID: 2 locID: 102655681990689377 bcsId: 0,size=3145728]} | ret=SUCCESS |  
2019-08-21 15:29:57,638 | INFO  | DNAudit | user=null | ip=null | op=WRITE_CHUNK {blockData=conID: 2 locID: 102655681990689377 bcsId: 3971} | ret=SUCCESS |  
2019-08-21 15:29:57,639 | INFO  | DNAudit | user=null | ip=null | op=PUT_BLOCK {blockData=[blockId=conID: 2 locID: 102655681990689377 bcsId: 0,size=4194304]} | ret=SUCCESS |  
2019-08-21 15:29:57,639 [grpc-default-executor-0] INFO  client.GrpcClientProtocolClient (GrpcClientProtocolClient.java:onNext(255)) - client-029E50227556->355864cd-7ac5-4934-b366-9756b15dd90f: receive RaftClientReply:client-029E50227556->355864cd-7ac5-4934-b366-9756b15dd90f@group-785BCF25C267, cid=2661, SUCCESS, logIndex=3974, commits[355864cd-7ac5-4934-b366-9756b15dd90f:c3975, ce4aa411-63c8-4399-99eb-27ce352844f3:c3971, 3eeffb0a-787e-48ec-a2f5-d0c540a89489:c3971]
2019-08-21 15:29:57,639 [grpc-default-executor-0] INFO  client.GrpcClientProtocolClient (GrpcClientProtocolClient.java:onNext(255)) - client-029E50227556->355864cd-7ac5-4934-b366-9756b15dd90f: receive RaftClientReply:client-029E50227556->355864cd-7ac5-4934-b366-9756b15dd90f@group-785BCF25C267, cid=2662, SUCCESS, logIndex=3975, commits[355864cd-7ac5-4934-b366-9756b15dd90f:c3975, ce4aa411-63c8-4399-99eb-27ce352844f3:c3971, 3eeffb0a-787e-48ec-a2f5-d0c540a89489:c3971]
2019-08-21 15:29:57,650 | INFO  | DNAudit | user=null | ip=null | op=WRITE_CHUNK {blockData=conID: 2 locID: 102655681990689377 bcsId: 3971} | ret=SUCCESS |  
2019-08-21 15:29:57,650 | INFO  | DNAudit | user=null | ip=null | op=WRITE_CHUNK {blockData=conID: 2 locID: 102655681990689377 bcsId: 3971} | ret=SUCCESS |  
2019-08-21 15:29:57,650 | INFO  | DNAudit | user=null | ip=null | op=PUT_BLOCK {blockData=[blockId=conID: 2 locID: 102655681990689377 bcsId: 0,size=4194304]} | ret=SUCCESS |  
2019-08-21 15:29:57,651 | INFO  | DNAudit | user=null | ip=null | op=PUT_BLOCK {blockData=[blockId=conID: 2 locID: 102655681990689377 bcsId: 0,size=4194304]} | ret=SUCCESS |  
2019-08-21 15:29:57,650 [grpc-default-executor-0] INFO  client.GrpcClientProtocolClient (GrpcClientProtocolClient.java:onNext(255)) - client-029E50227556->355864cd-7ac5-4934-b366-9756b15dd90f: receive RaftClientReply:client-029E50227556->355864cd-7ac5-4934-b366-9756b15dd90f@group-785BCF25C267, cid=2663, SUCCESS, logIndex=0, commits[355864cd-7ac5-4934-b366-9756b15dd90f:c3976, ce4aa411-63c8-4399-99eb-27ce352844f3:c3975, 3eeffb0a-787e-48ec-a2f5-d0c540a89489:c3975]
2019-08-21 15:29:57,655 | INFO  | SCMAudit | user=jenkins1000 | ip=192.168.5.153 | op=ALLOCATE_BLOCK {owner=78849ec2-2b05-45d8-8cb5-e95e2230dbd1, size=4194304, type=RATIS, factor=THREE} | ret=SUCCESS |  
2019-08-21 15:29:57,659 | INFO  | OMAudit | user=jenkins1000 | ip=127.0.0.1 | op=ALLOCATE_BLOCK {volume=vol-0-32358, bucket=bucket-0-01949, key=key-0-56547, dataSize=0, replicationType=null, replicationFactor=null, keyLocationInfo=null, clientID=102655680532119954} | ret=SUCCESS |  
2019-08-21 15:29:57,665 | INFO  | DNAudit | user=null | ip=null | op=WRITE_CHUNK {blockData=conID: 3 locID: 102655681996718690 bcsId: 0} | ret=SUCCESS |  
2019-08-21 15:29:57,667 | INFO  | DNAudit | user=null | ip=null | op=WRITE_CHUNK {blockData=conID: 3 locID: 102655681996718690 bcsId: 0} | ret=SUCCESS |  
2019-08-21 15:29:57,667 | INFO  | DNAudit | user=null | ip=null | op=WRITE_CHUNK {blockData=conID: 3 locID: 102655681996718690 bcsId: 0} | ret=SUCCESS |  
2019-08-21 15:29:57,667 | INFO  | DNAudit | user=null | ip=null | op=WRITE_CHUNK {blockData=conID: 3 locID: 102655681996718690 bcsId: 0} | ret=SUCCESS |  
2019-08-21 15:29:57,668 | INFO  | DNAudit | user=null | ip=null | op=WRITE_CHUNK {blockData=conID: 3 locID: 102655681996718690 bcsId: 0} | ret=SUCCESS |  
2019-08-21 15:29:57,669 | INFO  | DNAudit | user=null | ip=null | op=WRITE_CHUNK {blockData=conID: 3 locID: 102655681996718690 bcsId: 0} | ret=SUCCESS |  
2019-08-21 15:29:57,680 | INFO  | DNAudit | user=null | ip=null | op=WRITE_CHUNK {blockData=conID: 3 locID: 102655681996718690 bcsId: 0} | ret=SUCCESS |  
2019-08-21 15:29:57,680 | INFO  | DNAudit | user=null | ip=null | op=PUT_BLOCK {blockData=[blockId=conID: 3 locID: 102655681996718690 bcsId: 0,size=1048576]} | ret=SUCCESS |  
2019-08-21 15:29:57,680 [grpc-default-executor-5] INFO  client.GrpcClientProtocolClient (GrpcClientProtocolClient.java:onNext(255)) - client-029E50227556->355864cd-7ac5-4934-b366-9756b15dd90f: receive RaftClientReply:client-029E50227556->355864cd-7ac5-4934-b366-9756b15dd90f@group-785BCF25C267, cid=2664, SUCCESS, logIndex=3978, commits[355864cd-7ac5-4934-b366-9756b15dd90f:c3980, ce4aa411-63c8-4399-99eb-27ce352844f3:c3977, 3eeffb0a-787e-48ec-a2f5-d0c540a89489:c3977]
2019-08-21 15:29:57,681 | INFO  | DNAudit | user=null | ip=null | op=WRITE_CHUNK {blockData=conID: 3 locID: 102655681996718690 bcsId: 0} | ret=SUCCESS |  
2019-08-21 15:29:57,681 [grpc-default-executor-5] INFO  client.GrpcClientProtocolClient (GrpcClientProtocolClient.java:onNext(255)) - client-029E50227556->355864cd-7ac5-4934-b366-9756b15dd90f: receive RaftClientReply:client-029E50227556->355864cd-7ac5-4934-b366-9756b15dd90f@group-785BCF25C267, cid=2665, SUCCESS, logIndex=3979, commits[355864cd-7ac5-4934-b366-9756b15dd90f:c3981, ce4aa411-63c8-4399-99eb-27ce352844f3:c3977, 3eeffb0a-787e-48ec-a2f5-d0c540a89489:c3977]
2019-08-21 15:29:57,681 | INFO  | DNAudit | user=null | ip=null | op=PUT_BLOCK {blockData=[blockId=conID: 3 locID: 102655681996718690 bcsId: 0,size=2097152]} | ret=SUCCESS |  
2019-08-21 15:29:57,681 [grpc-default-executor-5] INFO  client.GrpcClientProtocolClient (GrpcClientProtocolClient.java:onNext(255)) - client-029E50227556->355864cd-7ac5-4934-b366-9756b15dd90f: receive RaftClientReply:client-029E50227556->355864cd-7ac5-4934-b366-9756b15dd90f@group-785BCF25C267, cid=2666, SUCCESS, logIndex=3980, commits[355864cd-7ac5-4934-b366-9756b15dd90f:c3981, ce4aa411-63c8-4399-99eb-27ce352844f3:c3977, 3eeffb0a-787e-48ec-a2f5-d0c540a89489:c3977]
2019-08-21 15:29:57,681 [grpc-default-executor-5] INFO  client.GrpcClientProtocolClient (GrpcClientProtocolClient.java:onNext(255)) - client-029E50227556->355864cd-7ac5-4934-b366-9756b15dd90f: receive RaftClientReply:client-029E50227556->355864cd-7ac5-4934-b366-9756b15dd90f@group-785BCF25C267, cid=2667, SUCCESS, logIndex=3981, commits[355864cd-7ac5-4934-b366-9756b15dd90f:c3981, ce4aa411-63c8-4399-99eb-27ce352844f3:c3977, 3eeffb0a-787e-48ec-a2f5-d0c540a89489:c3977]
2019-08-21 15:29:57,691 | INFO  | DNAudit | user=null | ip=null | op=WRITE_CHUNK {blockData=conID: 3 locID: 102655681996718690 bcsId: 0} | ret=SUCCESS |  
2019-08-21 15:29:57,691 | INFO  | DNAudit | user=null | ip=null | op=WRITE_CHUNK {blockData=conID: 3 locID: 102655681996718690 bcsId: 0} | ret=SUCCESS |  
2019-08-21 15:29:57,691 | INFO  | DNAudit | user=null | ip=null | op=PUT_BLOCK {blockData=[blockId=conID: 3 locID: 102655681996718690 bcsId: 0,size=1048576]} | ret=SUCCESS |  
2019-08-21 15:29:57,694 | INFO  | DNAudit | user=null | ip=null | op=PUT_BLOCK {blockData=[blockId=conID: 3 locID: 102655681996718690 bcsId: 0,size=1048576]} | ret=SUCCESS |  
2019-08-21 15:29:57,694 | INFO  | DNAudit | user=null | ip=null | op=WRITE_CHUNK {blockData=conID: 3 locID: 102655681996718690 bcsId: 0} | ret=SUCCESS |  
2019-08-21 15:29:57,694 | INFO  | DNAudit | user=null | ip=null | op=WRITE_CHUNK {blockData=conID: 3 locID: 102655681996718690 bcsId: 0} | ret=SUCCESS |  
2019-08-21 15:29:57,695 | INFO  | DNAudit | user=null | ip=null | op=PUT_BLOCK {blockData=[blockId=conID: 3 locID: 102655681996718690 bcsId: 0,size=2097152]} | ret=SUCCESS |  
2019-08-21 15:29:57,695 | INFO  | DNAudit | user=null | ip=null | op=PUT_BLOCK {blockData=[blockId=conID: 3 locID: 102655681996718690 bcsId: 0,size=2097152]} | ret=SUCCESS |  
2019-08-21 15:29:57,695 [grpc-default-executor-4] INFO  client.GrpcClientProtocolClient (GrpcClientProtocolClient.java:onNext(255)) - client-029E50227556->355864cd-7ac5-4934-b366-9756b15dd90f: receive RaftClientReply:client-029E50227556->355864cd-7ac5-4934-b366-9756b15dd90f@group-785BCF25C267, cid=2668, SUCCESS, logIndex=0, commits[355864cd-7ac5-4934-b366-9756b15dd90f:c3983, ce4aa411-63c8-4399-99eb-27ce352844f3:c3979, 3eeffb0a-787e-48ec-a2f5-d0c540a89489:c3979]
2019-08-21 15:29:57,701 | INFO  | DNAudit | user=null | ip=null | op=WRITE_CHUNK {blockData=conID: 3 locID: 102655681996718690 bcsId: 3981} | ret=SUCCESS |  
2019-08-21 15:29:57,703 | INFO  | DNAudit | user=null | ip=null | op=WRITE_CHUNK {blockData=conID: 3 locID: 102655681996718690 bcsId: 3981} | ret=SUCCESS |  
2019-08-21 15:29:57,703 | INFO  | DNAudit | user=null | ip=null | op=WRITE_CHUNK {blockData=conID: 3 locID: 102655681996718690 bcsId: 3981} | ret=SUCCESS |  
2019-08-21 15:29:57,713 | INFO  | DNAudit | user=null | ip=null | op=WRITE_CHUNK {blockData=conID: 3 locID: 102655681996718690 bcsId: 3981} | ret=SUCCESS |  
2019-08-21 15:29:57,713 | INFO  | DNAudit | user=null | ip=null | op=PUT_BLOCK {blockData=[blockId=conID: 3 locID: 102655681996718690 bcsId: 0,size=3145728]} | ret=SUCCESS |  
2019-08-21 15:29:57,714 [grpc-default-executor-0] INFO  client.GrpcClientProtocolClient (GrpcClientProtocolClient.java:onNext(255)) - client-029E50227556->355864cd-7ac5-4934-b366-9756b15dd90f: receive RaftClientReply:client-029E50227556->355864cd-7ac5-4934-b366-9756b15dd90f@group-785BCF25C267, cid=2669, SUCCESS, logIndex=3986, commits[355864cd-7ac5-4934-b366-9756b15dd90f:c3987, ce4aa411-63c8-4399-99eb-27ce352844f3:c3985, 3eeffb0a-787e-48ec-a2f5-d0c540a89489:c3985]
2019-08-21 15:29:57,714 [grpc-default-executor-0] INFO  client.GrpcClientProtocolClient (GrpcClientProtocolClient.java:onNext(255)) - client-029E50227556->355864cd-7ac5-4934-b366-9756b15dd90f: receive RaftClientReply:client-029E50227556->355864cd-7ac5-4934-b366-9756b15dd90f@group-785BCF25C267, cid=2670, SUCCESS, logIndex=3987, commits[355864cd-7ac5-4934-b366-9756b15dd90f:c3987, ce4aa411-63c8-4399-99eb-27ce352844f3:c3985, 3eeffb0a-787e-48ec-a2f5-d0c540a89489:c3985]
2019-08-21 15:29:57,715 | INFO  | DNAudit | user=null | ip=null | op=WRITE_CHUNK {blockData=conID: 3 locID: 102655681996718690 bcsId: 3981} | ret=SUCCESS |  
2019-08-21 15:29:57,717 | INFO  | DNAudit | user=null | ip=null | op=WRITE_CHUNK {blockData=conID: 3 locID: 102655681996718690 bcsId: 3981} | ret=SUCCESS |  
2019-08-21 15:29:57,719 | INFO  | DNAudit | user=null | ip=null | op=WRITE_CHUNK {blockData=conID: 3 locID: 102655681996718690 bcsId: 3987} | ret=SUCCESS |  
2019-08-21 15:29:57,721 | INFO  | DNAudit | user=null | ip=null | op=WRITE_CHUNK {blockData=conID: 3 locID: 102655681996718690 bcsId: 3987} | ret=SUCCESS |  
2019-08-21 15:29:57,721 | INFO  | DNAudit | user=null | ip=null | op=WRITE_CHUNK {blockData=conID: 3 locID: 102655681996718690 bcsId: 3987} | ret=SUCCESS |  
2019-08-21 15:29:57,728 | INFO  | DNAudit | user=null | ip=null | op=PUT_BLOCK {blockData=[blockId=conID: 3 locID: 102655681996718690 bcsId: 0,size=3145728]} | ret=SUCCESS |  
2019-08-21 15:29:57,728 | INFO  | DNAudit | user=null | ip=null | op=PUT_BLOCK {blockData=[blockId=conID: 3 locID: 102655681996718690 bcsId: 0,size=3145728]} | ret=SUCCESS |  
2019-08-21 15:29:57,729 | INFO  | DNAudit | user=null | ip=null | op=WRITE_CHUNK {blockData=conID: 3 locID: 102655681996718690 bcsId: 3987} | ret=SUCCESS |  
2019-08-21 15:29:57,729 | INFO  | DNAudit | user=null | ip=null | op=PUT_BLOCK {blockData=[blockId=conID: 3 locID: 102655681996718690 bcsId: 0,size=4194304]} | ret=SUCCESS |  
2019-08-21 15:29:57,730 [grpc-default-executor-0] INFO  client.GrpcClientProtocolClient (GrpcClientProtocolClient.java:onNext(255)) - client-029E50227556->355864cd-7ac5-4934-b366-9756b15dd90f: receive RaftClientReply:client-029E50227556->355864cd-7ac5-4934-b366-9756b15dd90f@group-785BCF25C267, cid=2671, SUCCESS, logIndex=3990, commits[355864cd-7ac5-4934-b366-9756b15dd90f:c3991, ce4aa411-63c8-4399-99eb-27ce352844f3:c3987, 3eeffb0a-787e-48ec-a2f5-d0c540a89489:c3988]
2019-08-21 15:29:57,730 [grpc-default-executor-0] INFO  client.GrpcClientProtocolClient (GrpcClientProtocolClient.java:onNext(255)) - client-029E50227556->355864cd-7ac5-4934-b366-9756b15dd90f: receive RaftClientReply:client-029E50227556->355864cd-7ac5-4934-b366-9756b15dd90f@group-785BCF25C267, cid=2672, SUCCESS, logIndex=3991, commits[355864cd-7ac5-4934-b366-9756b15dd90f:c3991, ce4aa411-63c8-4399-99eb-27ce352844f3:c3988, 3eeffb0a-787e-48ec-a2f5-d0c540a89489:c3988]
2019-08-21 15:29:57,731 | INFO  | DNAudit | user=null | ip=null | op=WRITE_CHUNK {blockData=conID: 3 locID: 102655681996718690 bcsId: 3987} | ret=SUCCESS |  
2019-08-21 15:29:57,731 | INFO  | DNAudit | user=null | ip=null | op=WRITE_CHUNK {blockData=conID: 3 locID: 102655681996718690 bcsId: 3987} | ret=SUCCESS |  
2019-08-21 15:29:57,731 | INFO  | DNAudit | user=null | ip=null | op=PUT_BLOCK {blockData=[blockId=conID: 3 locID: 102655681996718690 bcsId: 0,size=4194304]} | ret=SUCCESS |  
2019-08-21 15:29:57,732 | INFO  | DNAudit | user=null | ip=null | op=PUT_BLOCK {blockData=[blockId=conID: 3 locID: 102655681996718690 bcsId: 0,size=4194304]} | ret=SUCCESS |  
2019-08-21 15:29:57,733 [grpc-default-executor-4] INFO  client.GrpcClientProtocolClient (GrpcClientProtocolClient.java:onNext(255)) - client-029E50227556->355864cd-7ac5-4934-b366-9756b15dd90f: receive RaftClientReply:client-029E50227556->355864cd-7ac5-4934-b366-9756b15dd90f@group-785BCF25C267, cid=2673, SUCCESS, logIndex=0, commits[355864cd-7ac5-4934-b366-9756b15dd90f:c3993, ce4aa411-63c8-4399-99eb-27ce352844f3:c3991, 3eeffb0a-787e-48ec-a2f5-d0c540a89489:c3991]
2019-08-21 15:29:57,737 | INFO  | SCMAudit | user=jenkins1000 | ip=192.168.5.153 | op=ALLOCATE_BLOCK {owner=78849ec2-2b05-45d8-8cb5-e95e2230dbd1, size=4194304, type=RATIS, factor=THREE} | ret=SUCCESS |  
2019-08-21 15:29:57,740 | INFO  | OMAudit | user=jenkins1000 | ip=127.0.0.1 | op=ALLOCATE_BLOCK {volume=vol-0-32358, bucket=bucket-0-01949, key=key-0-56547, dataSize=0, replicationType=null, replicationFactor=null, keyLocationInfo=null, clientID=102655680532119954} | ret=SUCCESS |  
2019-08-21 15:29:57,747 | INFO  | DNAudit | user=null | ip=null | op=WRITE_CHUNK {blockData=conID: 1 locID: 102655682002092643 bcsId: 0} | ret=SUCCESS |  
2019-08-21 15:29:57,749 | INFO  | DNAudit | user=null | ip=null | op=WRITE_CHUNK {blockData=conID: 1 locID: 102655682002092643 bcsId: 0} | ret=SUCCESS |  
2019-08-21 15:29:57,749 | INFO  | DNAudit | user=null | ip=null | op=WRITE_CHUNK {blockData=conID: 1 locID: 102655682002092643 bcsId: 0} | ret=SUCCESS |  
2019-08-21 15:29:57,750 | INFO  | DNAudit | user=null | ip=null | op=WRITE_CHUNK {blockData=conID: 1 locID: 102655682002092643 bcsId: 0} | ret=SUCCESS |  
2019-08-21 15:29:57,751 | INFO  | DNAudit | user=null | ip=null | op=WRITE_CHUNK {blockData=conID: 1 locID: 102655682002092643 bcsId: 0} | ret=SUCCESS |  
2019-08-21 15:29:57,751 | INFO  | DNAudit | user=null | ip=null | op=WRITE_CHUNK {blockData=conID: 1 locID: 102655682002092643 bcsId: 0} | ret=SUCCESS |  
2019-08-21 15:29:57,759 | INFO  | DNAudit | user=null | ip=null | op=WRITE_CHUNK {blockData=conID: 1 locID: 102655682002092643 bcsId: 0} | ret=SUCCESS |  
2019-08-21 15:29:57,760 | INFO  | DNAudit | user=null | ip=null | op=PUT_BLOCK {blockData=[blockId=conID: 1 locID: 102655682002092643 bcsId: 0,size=1048576]} | ret=SUCCESS |  
2019-08-21 15:29:57,760 [grpc-default-executor-0] INFO  client.GrpcClientProtocolClient (GrpcClientProtocolClient.java:onNext(255)) - client-029E50227556->355864cd-7ac5-4934-b366-9756b15dd90f: receive RaftClientReply:client-029E50227556->355864cd-7ac5-4934-b366-9756b15dd90f@group-785BCF25C267, cid=2674, SUCCESS, logIndex=3994, commits[355864cd-7ac5-4934-b366-9756b15dd90f:c3995, ce4aa411-63c8-4399-99eb-27ce352844f3:c3993, 3eeffb0a-787e-48ec-a2f5-d0c540a89489:c3991]
2019-08-21 15:29:57,886 | INFO  | DNAudit | user=null | ip=null | op=WRITE_CHUNK {blockData=conID: 1 locID: 102655682002092643 bcsId: 0} | ret=SUCCESS |  
2019-08-21 15:29:57,886 | INFO  | DNAudit | user=null | ip=null | op=WRITE_CHUNK {blockData=conID: 1 locID: 102655682002092643 bcsId: 0} | ret=SUCCESS |  
2019-08-21 15:29:57,887 [grpc-default-executor-0] INFO  client.GrpcClientProtocolClient (GrpcClientProtocolClient.java:onNext(255)) - client-029E50227556->355864cd-7ac5-4934-b366-9756b15dd90f: receive RaftClientReply:client-029E50227556->355864cd-7ac5-4934-b366-9756b15dd90f@group-785BCF25C267, cid=2675, SUCCESS, logIndex=3995, commits[355864cd-7ac5-4934-b366-9756b15dd90f:c3995, ce4aa411-63c8-4399-99eb-27ce352844f3:c3993, 3eeffb0a-787e-48ec-a2f5-d0c540a89489:c3993]
2019-08-21 15:29:57,887 | INFO  | DNAudit | user=null | ip=null | op=PUT_BLOCK {blockData=[blockId=conID: 1 locID: 102655682002092643 bcsId: 0,size=1048576]} | ret=SUCCESS |  
2019-08-21 15:29:57,887 | INFO  | DNAudit | user=null | ip=null | op=PUT_BLOCK {blockData=[blockId=conID: 1 locID: 102655682002092643 bcsId: 0,size=2097152]} | ret=SUCCESS |  
2019-08-21 15:29:57,887 [grpc-default-executor-0] INFO  client.GrpcClientProtocolClient (GrpcClientProtocolClient.java:onNext(255)) - client-029E50227556->355864cd-7ac5-4934-b366-9756b15dd90f: receive RaftClientReply:client-029E50227556->355864cd-7ac5-4934-b366-9756b15dd90f@group-785BCF25C267, cid=2676, SUCCESS, logIndex=3996, commits[355864cd-7ac5-4934-b366-9756b15dd90f:c3997, ce4aa411-63c8-4399-99eb-27ce352844f3:c3993, 3eeffb0a-787e-48ec-a2f5-d0c540a89489:c3993]
2019-08-21 15:29:57,888 [grpc-default-executor-0] INFO  client.GrpcClientProtocolClient (GrpcClientProtocolClient.java:onNext(255)) - client-029E50227556->355864cd-7ac5-4934-b366-9756b15dd90f: receive RaftClientReply:client-029E50227556->355864cd-7ac5-4934-b366-9756b15dd90f@group-785BCF25C267, cid=2677, SUCCESS, logIndex=3997, commits[355864cd-7ac5-4934-b366-9756b15dd90f:c3999, ce4aa411-63c8-4399-99eb-27ce352844f3:c3993, 3eeffb0a-787e-48ec-a2f5-d0c540a89489:c3995]
2019-08-21 15:29:57,895 | INFO  | DNAudit | user=null | ip=null | op=WRITE_CHUNK {blockData=conID: 1 locID: 102655682002092643 bcsId: 0} | ret=SUCCESS |  
2019-08-21 15:29:57,895 | INFO  | DNAudit | user=null | ip=null | op=PUT_BLOCK {blockData=[blockId=conID: 1 locID: 102655682002092643 bcsId: 0,size=1048576]} | ret=SUCCESS |  
2019-08-21 15:29:57,895 | INFO  | DNAudit | user=null | ip=null | op=WRITE_CHUNK {blockData=conID: 1 locID: 102655682002092643 bcsId: 0} | ret=SUCCESS |  
2019-08-21 15:29:57,895 [grpc-default-executor-0] INFO  client.GrpcClientProtocolClient (GrpcClientProtocolClient.java:onNext(255)) - client-029E50227556->355864cd-7ac5-4934-b366-9756b15dd90f: receive RaftClientReply:client-029E50227556->355864cd-7ac5-4934-b366-9756b15dd90f@group-785BCF25C267, cid=2678, SUCCESS, logIndex=0, commits[355864cd-7ac5-4934-b366-9756b15dd90f:c3999, ce4aa411-63c8-4399-99eb-27ce352844f3:c3995, 3eeffb0a-787e-48ec-a2f5-d0c540a89489:c3995]
2019-08-21 15:29:57,895 | INFO  | DNAudit | user=null | ip=null | op=PUT_BLOCK {blockData=[blockId=conID: 1 locID: 102655682002092643 bcsId: 0,size=2097152]} | ret=SUCCESS |  
2019-08-21 15:29:57,896 | INFO  | DNAudit | user=null | ip=null | op=WRITE_CHUNK {blockData=conID: 1 locID: 102655682002092643 bcsId: 0} | ret=SUCCESS |  
2019-08-21 15:29:57,896 | INFO  | DNAudit | user=null | ip=null | op=PUT_BLOCK {blockData=[blockId=conID: 1 locID: 102655682002092643 bcsId: 0,size=2097152]} | ret=SUCCESS |  
2019-08-21 15:29:57,903 | INFO  | DNAudit | user=null | ip=null | op=WRITE_CHUNK {blockData=conID: 1 locID: 102655682002092643 bcsId: 3997} | ret=SUCCESS |  
2019-08-21 15:29:57,906 | INFO  | DNAudit | user=null | ip=null | op=WRITE_CHUNK {blockData=conID: 1 locID: 102655682002092643 bcsId: 3997} | ret=SUCCESS |  
2019-08-21 15:29:57,906 | INFO  | DNAudit | user=null | ip=null | op=WRITE_CHUNK {blockData=conID: 1 locID: 102655682002092643 bcsId: 3997} | ret=SUCCESS |  
2019-08-21 15:29:57,916 | INFO  | DNAudit | user=null | ip=null | op=WRITE_CHUNK {blockData=conID: 1 locID: 102655682002092643 bcsId: 3997} | ret=SUCCESS |  
2019-08-21 15:29:57,916 | INFO  | DNAudit | user=null | ip=null | op=PUT_BLOCK {blockData=[blockId=conID: 1 locID: 102655682002092643 bcsId: 0,size=3145728]} | ret=SUCCESS |  
2019-08-21 15:29:57,916 [grpc-default-executor-4] INFO  client.GrpcClientProtocolClient (GrpcClientProtocolClient.java:onNext(255)) - client-029E50227556->355864cd-7ac5-4934-b366-9756b15dd90f: receive RaftClientReply:client-029E50227556->355864cd-7ac5-4934-b366-9756b15dd90f@group-785BCF25C267, cid=2679, SUCCESS, logIndex=4002, commits[355864cd-7ac5-4934-b366-9756b15dd90f:c4003, ce4aa411-63c8-4399-99eb-27ce352844f3:c4001, 3eeffb0a-787e-48ec-a2f5-d0c540a89489:c4001]
2019-08-21 15:29:57,917 [grpc-default-executor-4] INFO  client.GrpcClientProtocolClient (GrpcClientProtocolClient.java:onNext(255)) - client-029E50227556->355864cd-7ac5-4934-b366-9756b15dd90f: receive RaftClientReply:client-029E50227556->355864cd-7ac5-4934-b366-9756b15dd90f@group-785BCF25C267, cid=2680, SUCCESS, logIndex=4003, commits[355864cd-7ac5-4934-b366-9756b15dd90f:c4003, ce4aa411-63c8-4399-99eb-27ce352844f3:c4001, 3eeffb0a-787e-48ec-a2f5-d0c540a89489:c4001]
2019-08-21 15:29:57,923 | INFO  | DNAudit | user=null | ip=null | op=WRITE_CHUNK {blockData=conID: 1 locID: 102655682002092643 bcsId: 4003} | ret=SUCCESS |  
2019-08-21 15:29:57,925 | INFO  | DNAudit | user=null | ip=null | op=WRITE_CHUNK {blockData=conID: 1 locID: 102655682002092643 bcsId: 4003} | ret=SUCCESS |  
2019-08-21 15:29:57,925 | INFO  | DNAudit | user=null | ip=null | op=WRITE_CHUNK {blockData=conID: 1 locID: 102655682002092643 bcsId: 4003} | ret=SUCCESS |  
2019-08-21 15:29:57,927 | INFO  | DNAudit | user=null | ip=null | op=WRITE_CHUNK {blockData=conID: 1 locID: 102655682002092643 bcsId: 3997} | ret=SUCCESS |  
2019-08-21 15:29:57,927 | INFO  | DNAudit | user=null | ip=null | op=WRITE_CHUNK {blockData=conID: 1 locID: 102655682002092643 bcsId: 3997} | ret=SUCCESS |  
2019-08-21 15:29:57,927 | INFO  | DNAudit | user=null | ip=null | op=PUT_BLOCK {blockData=[blockId=conID: 1 locID: 102655682002092643 bcsId: 0,size=3145728]} | ret=SUCCESS |  
2019-08-21 15:29:57,927 | INFO  | DNAudit | user=null | ip=null | op=PUT_BLOCK {blockData=[blockId=conID: 1 locID: 102655682002092643 bcsId: 0,size=3145728]} | ret=SUCCESS |  
2019-08-21 15:29:57,930 | INFO  | DNAudit | user=null | ip=null | op=WRITE_CHUNK {blockData=conID: 1 locID: 102655682002092643 bcsId: 4003} | ret=SUCCESS |  
2019-08-21 15:29:57,931 | INFO  | DNAudit | user=null | ip=null | op=PUT_BLOCK {blockData=[blockId=conID: 1 locID: 102655682002092643 bcsId: 0,size=4194304]} | ret=SUCCESS |  
2019-08-21 15:29:57,931 [grpc-default-executor-4] INFO  client.GrpcClientProtocolClient (GrpcClientProtocolClient.java:onNext(255)) - client-029E50227556->355864cd-7ac5-4934-b366-9756b15dd90f: receive RaftClientReply:client-029E50227556->355864cd-7ac5-4934-b366-9756b15dd90f@group-785BCF25C267, cid=2681, SUCCESS, logIndex=4006, commits[355864cd-7ac5-4934-b366-9756b15dd90f:c4007, ce4aa411-63c8-4399-99eb-27ce352844f3:c4003, 3eeffb0a-787e-48ec-a2f5-d0c540a89489:c4003]
2019-08-21 15:29:57,931 [grpc-default-executor-4] INFO  client.GrpcClientProtocolClient (GrpcClientProtocolClient.java:onNext(255)) - client-029E50227556->355864cd-7ac5-4934-b366-9756b15dd90f: receive RaftClientReply:client-029E50227556->355864cd-7ac5-4934-b366-9756b15dd90f@group-785BCF25C267, cid=2682, SUCCESS, logIndex=4007, commits[355864cd-7ac5-4934-b366-9756b15dd90f:c4007, ce4aa411-63c8-4399-99eb-27ce352844f3:c4003, 3eeffb0a-787e-48ec-a2f5-d0c540a89489:c4003]
2019-08-21 15:29:57,942 | INFO  | DNAudit | user=null | ip=null | op=WRITE_CHUNK {blockData=conID: 1 locID: 102655682002092643 bcsId: 4003} | ret=SUCCESS |  
2019-08-21 15:29:57,942 | INFO  | DNAudit | user=null | ip=null | op=WRITE_CHUNK {blockData=conID: 1 locID: 102655682002092643 bcsId: 4003} | ret=SUCCESS |  
2019-08-21 15:29:57,945 | INFO  | DNAudit | user=null | ip=null | op=PUT_BLOCK {blockData=[blockId=conID: 1 locID: 102655682002092643 bcsId: 0,size=4194304]} | ret=SUCCESS |  
2019-08-21 15:29:57,945 | INFO  | DNAudit | user=null | ip=null | op=PUT_BLOCK {blockData=[blockId=conID: 1 locID: 102655682002092643 bcsId: 0,size=4194304]} | ret=SUCCESS |  
2019-08-21 15:29:57,945 [grpc-default-executor-4] INFO  client.GrpcClientProtocolClient (GrpcClientProtocolClient.java:onNext(255)) - client-029E50227556->355864cd-7ac5-4934-b366-9756b15dd90f: receive RaftClientReply:client-029E50227556->355864cd-7ac5-4934-b366-9756b15dd90f@group-785BCF25C267, cid=2683, SUCCESS, logIndex=0, commits[355864cd-7ac5-4934-b366-9756b15dd90f:c4009, ce4aa411-63c8-4399-99eb-27ce352844f3:c4007, 3eeffb0a-787e-48ec-a2f5-d0c540a89489:c4007]
2019-08-21 15:29:57,953 | INFO  | SCMAudit | user=jenkins1000 | ip=192.168.5.153 | op=ALLOCATE_BLOCK {owner=78849ec2-2b05-45d8-8cb5-e95e2230dbd1, size=4194304, type=RATIS, factor=THREE} | ret=SUCCESS |  
2019-08-21 15:29:57,958 | INFO  | OMAudit | user=jenkins1000 | ip=127.0.0.1 | op=ALLOCATE_BLOCK {volume=vol-0-32358, bucket=bucket-0-01949, key=key-0-56547, dataSize=0, replicationType=null, replicationFactor=null, keyLocationInfo=null, clientID=102655680532119954} | ret=SUCCESS |  
2019-08-21 15:29:57,964 | INFO  | DNAudit | user=null | ip=null | op=WRITE_CHUNK {blockData=conID: 2 locID: 102655682016248420 bcsId: 0} | ret=SUCCESS |  
2019-08-21 15:29:57,966 | INFO  | DNAudit | user=null | ip=null | op=WRITE_CHUNK {blockData=conID: 2 locID: 102655682016248420 bcsId: 0} | ret=SUCCESS |  
2019-08-21 15:29:57,967 | INFO  | DNAudit | user=null | ip=null | op=WRITE_CHUNK {blockData=conID: 2 locID: 102655682016248420 bcsId: 0} | ret=SUCCESS |  
2019-08-21 15:29:57,968 | INFO  | DNAudit | user=null | ip=null | op=WRITE_CHUNK {blockData=conID: 2 locID: 102655682016248420 bcsId: 0} | ret=SUCCESS |  
2019-08-21 15:29:57,971 | INFO  | DNAudit | user=null | ip=null | op=WRITE_CHUNK {blockData=conID: 2 locID: 102655682016248420 bcsId: 0} | ret=SUCCESS |  
2019-08-21 15:29:57,971 | INFO  | DNAudit | user=null | ip=null | op=WRITE_CHUNK {blockData=conID: 2 locID: 102655682016248420 bcsId: 0} | ret=SUCCESS |  
2019-08-21 15:29:57,977 | INFO  | DNAudit | user=null | ip=null | op=WRITE_CHUNK {blockData=conID: 2 locID: 102655682016248420 bcsId: 0} | ret=SUCCESS |  
2019-08-21 15:29:57,977 | INFO  | DNAudit | user=null | ip=null | op=PUT_BLOCK {blockData=[blockId=conID: 2 locID: 102655682016248420 bcsId: 0,size=1048576]} | ret=SUCCESS |  
2019-08-21 15:29:57,977 [grpc-default-executor-4] INFO  client.GrpcClientProtocolClient (GrpcClientProtocolClient.java:onNext(255)) - client-029E50227556->355864cd-7ac5-4934-b366-9756b15dd90f: receive RaftClientReply:client-029E50227556->355864cd-7ac5-4934-b366-9756b15dd90f@group-785BCF25C267, cid=2684, SUCCESS, logIndex=4010, commits[355864cd-7ac5-4934-b366-9756b15dd90f:c4011, ce4aa411-63c8-4399-99eb-27ce352844f3:c4009, 3eeffb0a-787e-48ec-a2f5-d0c540a89489:c4009]
2019-08-21 15:29:57,978 | INFO  | DNAudit | user=null | ip=null | op=WRITE_CHUNK {blockData=conID: 2 locID: 102655682016248420 bcsId: 0} | ret=SUCCESS |  
2019-08-21 15:29:57,978 [grpc-default-executor-3] INFO  client.GrpcClientProtocolClient (GrpcClientProtocolClient.java:onNext(255)) - client-029E50227556->355864cd-7ac5-4934-b366-9756b15dd90f: receive RaftClientReply:client-029E50227556->355864cd-7ac5-4934-b366-9756b15dd90f@group-785BCF25C267, cid=2685, SUCCESS, logIndex=4011, commits[355864cd-7ac5-4934-b366-9756b15dd90f:c4011, ce4aa411-63c8-4399-99eb-27ce352844f3:c4009, 3eeffb0a-787e-48ec-a2f5-d0c540a89489:c4009]
2019-08-21 15:29:57,979 | INFO  | DNAudit | user=null | ip=null | op=PUT_BLOCK {blockData=[blockId=conID: 2 locID: 102655682016248420 bcsId: 0,size=2097152]} | ret=SUCCESS |  
2019-08-21 15:29:57,979 [grpc-default-executor-3] INFO  client.GrpcClientProtocolClient (GrpcClientProtocolClient.java:onNext(255)) - client-029E50227556->355864cd-7ac5-4934-b366-9756b15dd90f: receive RaftClientReply:client-029E50227556->355864cd-7ac5-4934-b366-9756b15dd90f@group-785BCF25C267, cid=2686, SUCCESS, logIndex=4012, commits[355864cd-7ac5-4934-b366-9756b15dd90f:c4013, ce4aa411-63c8-4399-99eb-27ce352844f3:c4009, 3eeffb0a-787e-48ec-a2f5-d0c540a89489:c4009]
2019-08-21 15:29:57,979 [grpc-default-executor-3] INFO  client.GrpcClientProtocolClient (GrpcClientProtocolClient.java:onNext(255)) - client-029E50227556->355864cd-7ac5-4934-b366-9756b15dd90f: receive RaftClientReply:client-029E50227556->355864cd-7ac5-4934-b366-9756b15dd90f@group-785BCF25C267, cid=2687, SUCCESS, logIndex=4013, commits[355864cd-7ac5-4934-b366-9756b15dd90f:c4013, ce4aa411-63c8-4399-99eb-27ce352844f3:c4009, 3eeffb0a-787e-48ec-a2f5-d0c540a89489:c4009]
2019-08-21 15:29:57,979 | INFO  | DNAudit | user=null | ip=null | op=WRITE_CHUNK {blockData=conID: 2 locID: 102655682016248420 bcsId: 0} | ret=SUCCESS |  
2019-08-21 15:29:57,980 | INFO  | DNAudit | user=null | ip=null | op=PUT_BLOCK {blockData=[blockId=conID: 2 locID: 102655682016248420 bcsId: 0,size=1048576]} | ret=SUCCESS |  
2019-08-21 15:29:57,988 | INFO  | DNAudit | user=null | ip=null | op=WRITE_CHUNK {blockData=conID: 2 locID: 102655682016248420 bcsId: 0} | ret=SUCCESS |  
2019-08-21 15:29:57,989 | INFO  | DNAudit | user=null | ip=null | op=PUT_BLOCK {blockData=[blockId=conID: 2 locID: 102655682016248420 bcsId: 0,size=1048576]} | ret=SUCCESS |  
2019-08-21 15:29:57,989 [grpc-default-executor-3] INFO  client.GrpcClientProtocolClient (GrpcClientProtocolClient.java:onNext(255)) - client-029E50227556->355864cd-7ac5-4934-b366-9756b15dd90f: receive RaftClientReply:client-029E50227556->355864cd-7ac5-4934-b366-9756b15dd90f@group-785BCF25C267, cid=2688, SUCCESS, logIndex=0, commits[355864cd-7ac5-4934-b366-9756b15dd90f:c4015, ce4aa411-63c8-4399-99eb-27ce352844f3:c4011, 3eeffb0a-787e-48ec-a2f5-d0c540a89489:c4011]
2019-08-21 15:29:57,994 | INFO  | DNAudit | user=null | ip=null | op=WRITE_CHUNK {blockData=conID: 2 locID: 102655682016248420 bcsId: 4013} | ret=SUCCESS |  
2019-08-21 15:29:57,996 | INFO  | DNAudit | user=null | ip=null | op=WRITE_CHUNK {blockData=conID: 2 locID: 102655682016248420 bcsId: 4013} | ret=SUCCESS |  
2019-08-21 15:29:57,997 | INFO  | DNAudit | user=null | ip=null | op=WRITE_CHUNK {blockData=conID: 2 locID: 102655682016248420 bcsId: 4013} | ret=SUCCESS |  
2019-08-21 15:29:57,999 | INFO  | DNAudit | user=null | ip=null | op=WRITE_CHUNK {blockData=conID: 2 locID: 102655682016248420 bcsId: 0} | ret=SUCCESS |  
2019-08-21 15:29:57,999 | INFO  | DNAudit | user=null | ip=null | op=PUT_BLOCK {blockData=[blockId=conID: 2 locID: 102655682016248420 bcsId: 0,size=2097152]} | ret=SUCCESS |  
2019-08-21 15:29:58,000 | INFO  | DNAudit | user=null | ip=null | op=WRITE_CHUNK {blockData=conID: 2 locID: 102655682016248420 bcsId: 0} | ret=SUCCESS |  
2019-08-21 15:29:58,000 | INFO  | DNAudit | user=null | ip=null | op=PUT_BLOCK {blockData=[blockId=conID: 2 locID: 102655682016248420 bcsId: 0,size=2097152]} | ret=SUCCESS |  
2019-08-21 15:29:58,002 | INFO  | DNAudit | user=null | ip=null | op=WRITE_CHUNK {blockData=conID: 2 locID: 102655682016248420 bcsId: 4013} | ret=SUCCESS |  
2019-08-21 15:29:58,003 | INFO  | DNAudit | user=null | ip=null | op=PUT_BLOCK {blockData=[blockId=conID: 2 locID: 102655682016248420 bcsId: 0,size=3145728]} | ret=SUCCESS |  
2019-08-21 15:29:58,003 [grpc-default-executor-0] INFO  client.GrpcClientProtocolClient (GrpcClientProtocolClient.java:onNext(255)) - client-029E50227556->355864cd-7ac5-4934-b366-9756b15dd90f: receive RaftClientReply:client-029E50227556->355864cd-7ac5-4934-b366-9756b15dd90f@group-785BCF25C267, cid=2689, SUCCESS, logIndex=4018, commits[355864cd-7ac5-4934-b366-9756b15dd90f:c4019, ce4aa411-63c8-4399-99eb-27ce352844f3:c4013, 3eeffb0a-787e-48ec-a2f5-d0c540a89489:c4015]
2019-08-21 15:29:58,003 [grpc-default-executor-0] INFO  client.GrpcClientProtocolClient (GrpcClientProtocolClient.java:onNext(255)) - client-029E50227556->355864cd-7ac5-4934-b366-9756b15dd90f: receive RaftClientReply:client-029E50227556->355864cd-7ac5-4934-b366-9756b15dd90f@group-785BCF25C267, cid=2690, SUCCESS, logIndex=4019, commits[355864cd-7ac5-4934-b366-9756b15dd90f:c4019, ce4aa411-63c8-4399-99eb-27ce352844f3:c4015, 3eeffb0a-787e-48ec-a2f5-d0c540a89489:c4015]
2019-08-21 15:29:58,008 | INFO  | DNAudit | user=null | ip=null | op=WRITE_CHUNK {blockData=conID: 2 locID: 102655682016248420 bcsId: 4019} | ret=SUCCESS |  
2019-08-21 15:29:58,010 | INFO  | DNAudit | user=null | ip=null | op=WRITE_CHUNK {blockData=conID: 2 locID: 102655682016248420 bcsId: 4019} | ret=SUCCESS |  
2019-08-21 15:29:58,011 | INFO  | DNAudit | user=null | ip=null | op=WRITE_CHUNK {blockData=conID: 2 locID: 102655682016248420 bcsId: 4019} | ret=SUCCESS |  
2019-08-21 15:29:58,014 | INFO  | DNAudit | user=null | ip=null | op=WRITE_CHUNK {blockData=conID: 2 locID: 102655682016248420 bcsId: 4013} | ret=SUCCESS |  
2019-08-21 15:29:58,014 | INFO  | DNAudit | user=null | ip=null | op=WRITE_CHUNK {blockData=conID: 2 locID: 102655682016248420 bcsId: 4013} | ret=SUCCESS |  
2019-08-21 15:29:58,014 | INFO  | DNAudit | user=null | ip=null | op=PUT_BLOCK {blockData=[blockId=conID: 2 locID: 102655682016248420 bcsId: 0,size=3145728]} | ret=SUCCESS |  
2019-08-21 15:29:58,014 | INFO  | DNAudit | user=null | ip=null | op=PUT_BLOCK {blockData=[blockId=conID: 2 locID: 102655682016248420 bcsId: 0,size=3145728]} | ret=SUCCESS |  
2019-08-21 15:29:58,017 | INFO  | DNAudit | user=null | ip=null | op=WRITE_CHUNK {blockData=conID: 2 locID: 102655682016248420 bcsId: 4019} | ret=SUCCESS |  
2019-08-21 15:29:58,017 | INFO  | DNAudit | user=null | ip=null | op=PUT_BLOCK {blockData=[blockId=conID: 2 locID: 102655682016248420 bcsId: 0,size=4194304]} | ret=SUCCESS |  
2019-08-21 15:29:58,017 [grpc-default-executor-4] INFO  client.GrpcClientProtocolClient (GrpcClientProtocolClient.java:onNext(255)) - client-029E50227556->355864cd-7ac5-4934-b366-9756b15dd90f: receive RaftClientReply:client-029E50227556->355864cd-7ac5-4934-b366-9756b15dd90f@group-785BCF25C267, cid=2691, SUCCESS, logIndex=4021, commits[355864cd-7ac5-4934-b366-9756b15dd90f:c4022, ce4aa411-63c8-4399-99eb-27ce352844f3:c4019, 3eeffb0a-787e-48ec-a2f5-d0c540a89489:c4019]
2019-08-21 15:29:58,018 [grpc-default-executor-4] INFO  client.GrpcClientProtocolClient (GrpcClientProtocolClient.java:onNext(255)) - client-029E50227556->355864cd-7ac5-4934-b366-9756b15dd90f: receive RaftClientReply:client-029E50227556->355864cd-7ac5-4934-b366-9756b15dd90f@group-785BCF25C267, cid=2692, SUCCESS, logIndex=4022, commits[355864cd-7ac5-4934-b366-9756b15dd90f:c4022, ce4aa411-63c8-4399-99eb-27ce352844f3:c4019, 3eeffb0a-787e-48ec-a2f5-d0c540a89489:c4019]
2019-08-21 15:29:58,041 | INFO  | DNAudit | user=null | ip=null | op=WRITE_CHUNK {blockData=conID: 2 locID: 102655682016248420 bcsId: 4019} | ret=SUCCESS |  
2019-08-21 15:29:58,042 | INFO  | DNAudit | user=null | ip=null | op=WRITE_CHUNK {blockData=conID: 2 locID: 102655682016248420 bcsId: 4019} | ret=SUCCESS |  
2019-08-21 15:29:58,042 | INFO  | DNAudit | user=null | ip=null | op=PUT_BLOCK {blockData=[blockId=conID: 2 locID: 102655682016248420 bcsId: 0,size=4194304]} | ret=SUCCESS |  
2019-08-21 15:29:58,052 | INFO  | DNAudit | user=null | ip=null | op=PUT_BLOCK {blockData=[blockId=conID: 2 locID: 102655682016248420 bcsId: 0,size=4194304]} | ret=SUCCESS |  
2019-08-21 15:29:58,052 [grpc-default-executor-4] INFO  client.GrpcClientProtocolClient (GrpcClientProtocolClient.java:onNext(255)) - client-029E50227556->355864cd-7ac5-4934-b366-9756b15dd90f: receive RaftClientReply:client-029E50227556->355864cd-7ac5-4934-b366-9756b15dd90f@group-785BCF25C267, cid=2693, SUCCESS, logIndex=0, commits[355864cd-7ac5-4934-b366-9756b15dd90f:c4024, ce4aa411-63c8-4399-99eb-27ce352844f3:c4022, 3eeffb0a-787e-48ec-a2f5-d0c540a89489:c4022]
2019-08-21 15:29:58,059 | INFO  | SCMAudit | user=jenkins1000 | ip=192.168.5.153 | op=ALLOCATE_BLOCK {owner=78849ec2-2b05-45d8-8cb5-e95e2230dbd1, size=4194304, type=RATIS, factor=THREE} | ret=SUCCESS |  
2019-08-21 15:29:58,064 | INFO  | OMAudit | user=jenkins1000 | ip=127.0.0.1 | op=ALLOCATE_BLOCK {volume=vol-0-32358, bucket=bucket-0-01949, key=key-0-56547, dataSize=0, replicationType=null, replicationFactor=null, keyLocationInfo=null, clientID=102655680532119954} | ret=SUCCESS |  
2019-08-21 15:29:58,069 | INFO  | DNAudit | user=null | ip=null | op=WRITE_CHUNK {blockData=conID: 3 locID: 102655682023195237 bcsId: 0} | ret=SUCCESS |  
2019-08-21 15:29:58,072 | INFO  | DNAudit | user=null | ip=null | op=WRITE_CHUNK {blockData=conID: 3 locID: 102655682023195237 bcsId: 0} | ret=SUCCESS |  
2019-08-21 15:29:58,072 | INFO  | DNAudit | user=null | ip=null | op=WRITE_CHUNK {blockData=conID: 3 locID: 102655682023195237 bcsId: 0} | ret=SUCCESS |  
2019-08-21 15:29:58,072 | INFO  | DNAudit | user=null | ip=null | op=WRITE_CHUNK {blockData=conID: 3 locID: 102655682023195237 bcsId: 0} | ret=SUCCESS |  
2019-08-21 15:29:58,073 | INFO  | DNAudit | user=null | ip=null | op=WRITE_CHUNK {blockData=conID: 3 locID: 102655682023195237 bcsId: 0} | ret=SUCCESS |  
2019-08-21 15:29:58,073 | INFO  | DNAudit | user=null | ip=null | op=WRITE_CHUNK {blockData=conID: 3 locID: 102655682023195237 bcsId: 0} | ret=SUCCESS |  
2019-08-21 15:29:58,085 | INFO  | DNAudit | user=null | ip=null | op=WRITE_CHUNK {blockData=conID: 3 locID: 102655682023195237 bcsId: 0} | ret=SUCCESS |  
2019-08-21 15:29:58,086 | INFO  | DNAudit | user=null | ip=null | op=PUT_BLOCK {blockData=[blockId=conID: 3 locID: 102655682023195237 bcsId: 0,size=1048576]} | ret=SUCCESS |  
2019-08-21 15:29:58,086 | INFO  | DNAudit | user=null | ip=null | op=WRITE_CHUNK {blockData=conID: 3 locID: 102655682023195237 bcsId: 0} | ret=SUCCESS |  
2019-08-21 15:29:58,086 [grpc-default-executor-0] INFO  client.GrpcClientProtocolClient (GrpcClientProtocolClient.java:onNext(255)) - client-029E50227556->355864cd-7ac5-4934-b366-9756b15dd90f: receive RaftClientReply:client-029E50227556->355864cd-7ac5-4934-b366-9756b15dd90f@group-785BCF25C267, cid=2694, SUCCESS, logIndex=4025, commits[355864cd-7ac5-4934-b366-9756b15dd90f:c4027, ce4aa411-63c8-4399-99eb-27ce352844f3:c4024, 3eeffb0a-787e-48ec-a2f5-d0c540a89489:c4024]
2019-08-21 15:29:58,086 | INFO  | DNAudit | user=null | ip=null | op=PUT_BLOCK {blockData=[blockId=conID: 3 locID: 102655682023195237 bcsId: 0,size=2097152]} | ret=SUCCESS |  
2019-08-21 15:29:58,086 [grpc-default-executor-0] INFO  client.GrpcClientProtocolClient (GrpcClientProtocolClient.java:onNext(255)) - client-029E50227556->355864cd-7ac5-4934-b366-9756b15dd90f: receive RaftClientReply:client-029E50227556->355864cd-7ac5-4934-b366-9756b15dd90f@group-785BCF25C267, cid=2695, SUCCESS, logIndex=4026, commits[355864cd-7ac5-4934-b366-9756b15dd90f:c4028, ce4aa411-63c8-4399-99eb-27ce352844f3:c4024, 3eeffb0a-787e-48ec-a2f5-d0c540a89489:c4024]
2019-08-21 15:29:58,087 [grpc-default-executor-0] INFO  client.GrpcClientProtocolClient (GrpcClientProtocolClient.java:onNext(255)) - client-029E50227556->355864cd-7ac5-4934-b366-9756b15dd90f: receive RaftClientReply:client-029E50227556->355864cd-7ac5-4934-b366-9756b15dd90f@group-785BCF25C267, cid=2696, SUCCESS, logIndex=4027, commits[355864cd-7ac5-4934-b366-9756b15dd90f:c4028, ce4aa411-63c8-4399-99eb-27ce352844f3:c4024, 3eeffb0a-787e-48ec-a2f5-d0c540a89489:c4024]
2019-08-21 15:29:58,087 [grpc-default-executor-0] INFO  client.GrpcClientProtocolClient (GrpcClientProtocolClient.java:onNext(255)) - client-029E50227556->355864cd-7ac5-4934-b366-9756b15dd90f: receive RaftClientReply:client-029E50227556->355864cd-7ac5-4934-b366-9756b15dd90f@group-785BCF25C267, cid=2697, SUCCESS, logIndex=4028, commits[355864cd-7ac5-4934-b366-9756b15dd90f:c4028, ce4aa411-63c8-4399-99eb-27ce352844f3:c4024, 3eeffb0a-787e-48ec-a2f5-d0c540a89489:c4024]
2019-08-21 15:29:58,097 | INFO  | DNAudit | user=null | ip=null | op=WRITE_CHUNK {blockData=conID: 3 locID: 102655682023195237 bcsId: 0} | ret=SUCCESS |  
2019-08-21 15:29:58,097 | INFO  | DNAudit | user=null | ip=null | op=WRITE_CHUNK {blockData=conID: 3 locID: 102655682023195237 bcsId: 0} | ret=SUCCESS |  
2019-08-21 15:29:58,098 | INFO  | DNAudit | user=null | ip=null | op=PUT_BLOCK {blockData=[blockId=conID: 3 locID: 102655682023195237 bcsId: 0,size=1048576]} | ret=SUCCESS |  
2019-08-21 15:29:58,098 | INFO  | DNAudit | user=null | ip=null | op=WRITE_CHUNK {blockData=conID: 3 locID: 102655682023195237 bcsId: 0} | ret=SUCCESS |  
2019-08-21 15:29:58,098 | INFO  | DNAudit | user=null | ip=null | op=PUT_BLOCK {blockData=[blockId=conID: 3 locID: 102655682023195237 bcsId: 0,size=1048576]} | ret=SUCCESS |  
2019-08-21 15:29:58,098 | INFO  | DNAudit | user=null | ip=null | op=PUT_BLOCK {blockData=[blockId=conID: 3 locID: 102655682023195237 bcsId: 0,size=2097152]} | ret=SUCCESS |  
2019-08-21 15:29:58,099 | INFO  | DNAudit | user=null | ip=null | op=WRITE_CHUNK {blockData=conID: 3 locID: 102655682023195237 bcsId: 0} | ret=SUCCESS |  
2019-08-21 15:29:58,099 | INFO  | DNAudit | user=null | ip=null | op=PUT_BLOCK {blockData=[blockId=conID: 3 locID: 102655682023195237 bcsId: 0,size=2097152]} | ret=SUCCESS |  
2019-08-21 15:29:58,099 [grpc-default-executor-0] INFO  client.GrpcClientProtocolClient (GrpcClientProtocolClient.java:onNext(255)) - client-029E50227556->355864cd-7ac5-4934-b366-9756b15dd90f: receive RaftClientReply:client-029E50227556->355864cd-7ac5-4934-b366-9756b15dd90f@group-785BCF25C267, cid=2698, SUCCESS, logIndex=0, commits[355864cd-7ac5-4934-b366-9756b15dd90f:c4030, ce4aa411-63c8-4399-99eb-27ce352844f3:c4027, 3eeffb0a-787e-48ec-a2f5-d0c540a89489:c4027]
2019-08-21 15:29:58,104 | INFO  | DNAudit | user=null | ip=null | op=WRITE_CHUNK {blockData=conID: 3 locID: 102655682023195237 bcsId: 4028} | ret=SUCCESS |  
2019-08-21 15:29:58,107 | INFO  | DNAudit | user=null | ip=null | op=WRITE_CHUNK {blockData=conID: 3 locID: 102655682023195237 bcsId: 4028} | ret=SUCCESS |  
2019-08-21 15:29:58,107 | INFO  | DNAudit | user=null | ip=null | op=WRITE_CHUNK {blockData=conID: 3 locID: 102655682023195237 bcsId: 4028} | ret=SUCCESS |  
2019-08-21 15:29:58,116 | INFO  | DNAudit | user=null | ip=null | op=WRITE_CHUNK {blockData=conID: 3 locID: 102655682023195237 bcsId: 4028} | ret=SUCCESS |  
2019-08-21 15:29:58,117 | INFO  | DNAudit | user=null | ip=null | op=PUT_BLOCK {blockData=[blockId=conID: 3 locID: 102655682023195237 bcsId: 0,size=3145728]} | ret=SUCCESS |  
2019-08-21 15:29:58,117 [grpc-default-executor-4] INFO  client.GrpcClientProtocolClient (GrpcClientProtocolClient.java:onNext(255)) - client-029E50227556->355864cd-7ac5-4934-b366-9756b15dd90f: receive RaftClientReply:client-029E50227556->355864cd-7ac5-4934-b366-9756b15dd90f@group-785BCF25C267, cid=2699, SUCCESS, logIndex=4033, commits[355864cd-7ac5-4934-b366-9756b15dd90f:c4034, ce4aa411-63c8-4399-99eb-27ce352844f3:c4032, 3eeffb0a-787e-48ec-a2f5-d0c540a89489:c4032]
2019-08-21 15:29:58,117 [grpc-default-executor-4] INFO  client.GrpcClientProtocolClient (GrpcClientProtocolClient.java:onNext(255)) - client-029E50227556->355864cd-7ac5-4934-b366-9756b15dd90f: receive RaftClientReply:client-029E50227556->355864cd-7ac5-4934-b366-9756b15dd90f@group-785BCF25C267, cid=2700, SUCCESS, logIndex=4034, commits[355864cd-7ac5-4934-b366-9756b15dd90f:c4034, ce4aa411-63c8-4399-99eb-27ce352844f3:c4032, 3eeffb0a-787e-48ec-a2f5-d0c540a89489:c4032]
 0.00% |█                                                                                                    |  0/1 Time: 0:00:222019-08-21 15:29:58,119 | INFO  | SCMAudit | user=jenkins1000 | ip=192.168.5.153 | op=SEND_HEARTBEAT {datanodeUUID=a0074e04-2715-4b16-a2b0-10b5043d27ae, command=[]} | ret=SUCCESS |  
2019-08-21 15:29:58,119 | INFO  | SCMAudit | user=jenkins1000 | ip=192.168.5.153 | op=SEND_HEARTBEAT {datanodeUUID=3eeffb0a-787e-48ec-a2f5-d0c540a89489, command=[]} | ret=SUCCESS |  
2019-08-21 15:29:58,119 | INFO  | SCMAudit | user=jenkins1000 | ip=192.168.5.153 | op=SEND_HEARTBEAT {datanodeUUID=355864cd-7ac5-4934-b366-9756b15dd90f, command=[]} | ret=SUCCESS |  
2019-08-21 15:29:58,119 | INFO  | SCMAudit | user=jenkins1000 | ip=192.168.5.153 | op=SEND_HEARTBEAT {datanodeUUID=ce4aa411-63c8-4399-99eb-27ce352844f3, command=[]} | ret=SUCCESS |  
2019-08-21 15:29:58,119 | INFO  | SCMAudit | user=jenkins1000 | ip=192.168.5.153 | op=SEND_HEARTBEAT {datanodeUUID=a38cd7e0-d792-481c-a4c0-f4feaa89ec8f, command=[]} | ret=SUCCESS |  
2019-08-21 15:29:58,123 | INFO  | DNAudit | user=null | ip=null | op=WRITE_CHUNK {blockData=conID: 3 locID: 102655682023195237 bcsId: 4034} | ret=SUCCESS |  
2019-08-21 15:29:58,125 | INFO  | DNAudit | user=null | ip=null | op=WRITE_CHUNK {blockData=conID: 3 locID: 102655682023195237 bcsId: 4034} | ret=SUCCESS |  
2019-08-21 15:29:58,125 | INFO  | DNAudit | user=null | ip=null | op=WRITE_CHUNK {blockData=conID: 3 locID: 102655682023195237 bcsId: 4034} | ret=SUCCESS |  
2019-08-21 15:29:58,128 | INFO  | DNAudit | user=null | ip=null | op=WRITE_CHUNK {blockData=conID: 3 locID: 102655682023195237 bcsId: 4028} | ret=SUCCESS |  
2019-08-21 15:29:58,128 | INFO  | DNAudit | user=null | ip=null | op=WRITE_CHUNK {blockData=conID: 3 locID: 102655682023195237 bcsId: 4028} | ret=SUCCESS |  
2019-08-21 15:29:58,131 | INFO  | DNAudit | user=null | ip=null | op=PUT_BLOCK {blockData=[blockId=conID: 3 locID: 102655682023195237 bcsId: 0,size=3145728]} | ret=SUCCESS |  
2019-08-21 15:29:58,131 | INFO  | DNAudit | user=null | ip=null | op=PUT_BLOCK {blockData=[blockId=conID: 3 locID: 102655682023195237 bcsId: 0,size=3145728]} | ret=SUCCESS |  
2019-08-21 15:29:58,131 | INFO  | DNAudit | user=null | ip=null | op=WRITE_CHUNK {blockData=conID: 3 locID: 102655682023195237 bcsId: 4034} | ret=SUCCESS |  
2019-08-21 15:29:58,132 | INFO  | DNAudit | user=null | ip=null | op=PUT_BLOCK {blockData=[blockId=conID: 3 locID: 102655682023195237 bcsId: 0,size=4194304]} | ret=SUCCESS |  
2019-08-21 15:29:58,132 [grpc-default-executor-5] INFO  client.GrpcClientProtocolClient (GrpcClientProtocolClient.java:onNext(255)) - client-029E50227556->355864cd-7ac5-4934-b366-9756b15dd90f: receive RaftClientReply:client-029E50227556->355864cd-7ac5-4934-b366-9756b15dd90f@group-785BCF25C267, cid=2701, SUCCESS, logIndex=4037, commits[355864cd-7ac5-4934-b366-9756b15dd90f:c4038, ce4aa411-63c8-4399-99eb-27ce352844f3:c4034, 3eeffb0a-787e-48ec-a2f5-d0c540a89489:c4034]
2019-08-21 15:29:58,132 [grpc-default-executor-5] INFO  client.GrpcClientProtocolClient (GrpcClientProtocolClient.java:onNext(255)) - client-029E50227556->355864cd-7ac5-4934-b366-9756b15dd90f: receive RaftClientReply:client-029E50227556->355864cd-7ac5-4934-b366-9756b15dd90f@group-785BCF25C267, cid=2702, SUCCESS, logIndex=4038, commits[355864cd-7ac5-4934-b366-9756b15dd90f:c4038, ce4aa411-63c8-4399-99eb-27ce352844f3:c4034, 3eeffb0a-787e-48ec-a2f5-d0c540a89489:c4034]
2019-08-21 15:29:58,143 | INFO  | DNAudit | user=null | ip=null | op=WRITE_CHUNK {blockData=conID: 3 locID: 102655682023195237 bcsId: 4034} | ret=SUCCESS |  
2019-08-21 15:29:58,143 | INFO  | DNAudit | user=null | ip=null | op=WRITE_CHUNK {blockData=conID: 3 locID: 102655682023195237 bcsId: 4034} | ret=SUCCESS |  
2019-08-21 15:29:58,144 | INFO  | DNAudit | user=null | ip=null | op=PUT_BLOCK {blockData=[blockId=conID: 3 locID: 102655682023195237 bcsId: 0,size=4194304]} | ret=SUCCESS |  
2019-08-21 15:29:58,144 | INFO  | DNAudit | user=null | ip=null | op=PUT_BLOCK {blockData=[blockId=conID: 3 locID: 102655682023195237 bcsId: 0,size=4194304]} | ret=SUCCESS |  
2019-08-21 15:29:58,145 [grpc-default-executor-5] INFO  client.GrpcClientProtocolClient (GrpcClientProtocolClient.java:onNext(255)) - client-029E50227556->355864cd-7ac5-4934-b366-9756b15dd90f: receive RaftClientReply:client-029E50227556->355864cd-7ac5-4934-b366-9756b15dd90f@group-785BCF25C267, cid=2703, SUCCESS, logIndex=0, commits[355864cd-7ac5-4934-b366-9756b15dd90f:c4040, ce4aa411-63c8-4399-99eb-27ce352844f3:c4038, 3eeffb0a-787e-48ec-a2f5-d0c540a89489:c4038]
2019-08-21 15:29:58,150 | INFO  | SCMAudit | user=jenkins1000 | ip=192.168.5.153 | op=ALLOCATE_BLOCK {owner=78849ec2-2b05-45d8-8cb5-e95e2230dbd1, size=4194304, type=RATIS, factor=THREE} | ret=SUCCESS |  
2019-08-21 15:29:58,153 | INFO  | OMAudit | user=jenkins1000 | ip=127.0.0.1 | op=ALLOCATE_BLOCK {volume=vol-0-32358, bucket=bucket-0-01949, key=key-0-56547, dataSize=0, replicationType=null, replicationFactor=null, keyLocationInfo=null, clientID=102655680532119954} | ret=SUCCESS |  
2019-08-21 15:29:58,158 | INFO  | DNAudit | user=null | ip=null | op=WRITE_CHUNK {blockData=conID: 1 locID: 102655682029159014 bcsId: 0} | ret=SUCCESS |  
2019-08-21 15:29:58,161 | INFO  | DNAudit | user=null | ip=null | op=WRITE_CHUNK {blockData=conID: 1 locID: 102655682029159014 bcsId: 0} | ret=SUCCESS |  
2019-08-21 15:29:58,161 | INFO  | DNAudit | user=null | ip=null | op=WRITE_CHUNK {blockData=conID: 1 locID: 102655682029159014 bcsId: 0} | ret=SUCCESS |  
2019-08-21 15:29:58,162 | INFO  | DNAudit | user=null | ip=null | op=WRITE_CHUNK {blockData=conID: 1 locID: 102655682029159014 bcsId: 0} | ret=SUCCESS |  
2019-08-21 15:29:58,163 | INFO  | DNAudit | user=null | ip=null | op=WRITE_CHUNK {blockData=conID: 1 locID: 102655682029159014 bcsId: 0} | ret=SUCCESS |  
2019-08-21 15:29:58,163 | INFO  | DNAudit | user=null | ip=null | op=WRITE_CHUNK {blockData=conID: 1 locID: 102655682029159014 bcsId: 0} | ret=SUCCESS |  
2019-08-21 15:29:58,171 | INFO  | DNAudit | user=null | ip=null | op=WRITE_CHUNK {blockData=conID: 1 locID: 102655682029159014 bcsId: 0} | ret=SUCCESS |  
2019-08-21 15:29:58,171 | INFO  | DNAudit | user=null | ip=null | op=PUT_BLOCK {blockData=[blockId=conID: 1 locID: 102655682029159014 bcsId: 0,size=1048576]} | ret=SUCCESS |  
2019-08-21 15:29:58,171 [grpc-default-executor-0] INFO  client.GrpcClientProtocolClient (GrpcClientProtocolClient.java:onNext(255)) - client-029E50227556->355864cd-7ac5-4934-b366-9756b15dd90f: receive RaftClientReply:client-029E50227556->355864cd-7ac5-4934-b366-9756b15dd90f@group-785BCF25C267, cid=2704, SUCCESS, logIndex=4041, commits[355864cd-7ac5-4934-b366-9756b15dd90f:c4042, ce4aa411-63c8-4399-99eb-27ce352844f3:c4040, 3eeffb0a-787e-48ec-a2f5-d0c540a89489:c4040]
2019-08-21 15:29:58,172 | INFO  | DNAudit | user=null | ip=null | op=WRITE_CHUNK {blockData=conID: 1 locID: 102655682029159014 bcsId: 0} | ret=SUCCESS |  
2019-08-21 15:29:58,172 [grpc-default-executor-5] INFO  client.GrpcClientProtocolClient (GrpcClientProtocolClient.java:onNext(255)) - client-029E50227556->355864cd-7ac5-4934-b366-9756b15dd90f: receive RaftClientReply:client-029E50227556->355864cd-7ac5-4934-b366-9756b15dd90f@group-785BCF25C267, cid=2705, SUCCESS, logIndex=4042, commits[355864cd-7ac5-4934-b366-9756b15dd90f:c4042, ce4aa411-63c8-4399-99eb-27ce352844f3:c4040, 3eeffb0a-787e-48ec-a2f5-d0c540a89489:c4040]
2019-08-21 15:29:58,172 | INFO  | DNAudit | user=null | ip=null | op=PUT_BLOCK {blockData=[blockId=conID: 1 locID: 102655682029159014 bcsId: 0,size=2097152]} | ret=SUCCESS |  
2019-08-21 15:29:58,172 [grpc-default-executor-5] INFO  client.GrpcClientProtocolClient (GrpcClientProtocolClient.java:onNext(255)) - client-029E50227556->355864cd-7ac5-4934-b366-9756b15dd90f: receive RaftClientReply:client-029E50227556->355864cd-7ac5-4934-b366-9756b15dd90f@group-785BCF25C267, cid=2706, SUCCESS, logIndex=4043, commits[355864cd-7ac5-4934-b366-9756b15dd90f:c4044, ce4aa411-63c8-4399-99eb-27ce352844f3:c4040, 3eeffb0a-787e-48ec-a2f5-d0c540a89489:c4040]
2019-08-21 15:29:58,173 [grpc-default-executor-5] INFO  client.GrpcClientProtocolClient (GrpcClientProtocolClient.java:onNext(255)) - client-029E50227556->355864cd-7ac5-4934-b366-9756b15dd90f: receive RaftClientReply:client-029E50227556->355864cd-7ac5-4934-b366-9756b15dd90f@group-785BCF25C267, cid=2707, SUCCESS, logIndex=4044, commits[355864cd-7ac5-4934-b366-9756b15dd90f:c4044, ce4aa411-63c8-4399-99eb-27ce352844f3:c4040, 3eeffb0a-787e-48ec-a2f5-d0c540a89489:c4040]
2019-08-21 15:29:58,185 | INFO  | DNAudit | user=null | ip=null | op=WRITE_CHUNK {blockData=conID: 1 locID: 102655682029159014 bcsId: 0} | ret=SUCCESS |  
2019-08-21 15:29:58,185 | INFO  | DNAudit | user=null | ip=null | op=PUT_BLOCK {blockData=[blockId=conID: 1 locID: 102655682029159014 bcsId: 0,size=1048576]} | ret=SUCCESS |  
2019-08-21 15:29:58,185 | INFO  | DNAudit | user=null | ip=null | op=WRITE_CHUNK {blockData=conID: 1 locID: 102655682029159014 bcsId: 0} | ret=SUCCESS |  
2019-08-21 15:29:58,186 | INFO  | DNAudit | user=null | ip=null | op=PUT_BLOCK {blockData=[blockId=conID: 1 locID: 102655682029159014 bcsId: 0,size=1048576]} | ret=SUCCESS |  
2019-08-21 15:29:58,186 | INFO  | DNAudit | user=null | ip=null | op=WRITE_CHUNK {blockData=conID: 1 locID: 102655682029159014 bcsId: 0} | ret=SUCCESS |  
2019-08-21 15:29:58,186 | INFO  | DNAudit | user=null | ip=null | op=PUT_BLOCK {blockData=[blockId=conID: 1 locID: 102655682029159014 bcsId: 0,size=2097152]} | ret=SUCCESS |  
2019-08-21 15:29:58,186 | INFO  | DNAudit | user=null | ip=null | op=WRITE_CHUNK {blockData=conID: 1 locID: 102655682029159014 bcsId: 0} | ret=SUCCESS |  
2019-08-21 15:29:58,186 [grpc-default-executor-5] INFO  client.GrpcClientProtocolClient (GrpcClientProtocolClient.java:onNext(255)) - client-029E50227556->355864cd-7ac5-4934-b366-9756b15dd90f: receive RaftClientReply:client-029E50227556->355864cd-7ac5-4934-b366-9756b15dd90f@group-785BCF25C267, cid=2708, SUCCESS, logIndex=0, commits[355864cd-7ac5-4934-b366-9756b15dd90f:c4046, ce4aa411-63c8-4399-99eb-27ce352844f3:c4042, 3eeffb0a-787e-48ec-a2f5-d0c540a89489:c4042]
2019-08-21 15:29:58,186 | INFO  | DNAudit | user=null | ip=null | op=PUT_BLOCK {blockData=[blockId=conID: 1 locID: 102655682029159014 bcsId: 0,size=2097152]} | ret=SUCCESS |  
2019-08-21 15:29:58,191 | INFO  | DNAudit | user=null | ip=null | op=WRITE_CHUNK {blockData=conID: 1 locID: 102655682029159014 bcsId: 4044} | ret=SUCCESS |  
2019-08-21 15:29:58,195 | INFO  | DNAudit | user=null | ip=null | op=WRITE_CHUNK {blockData=conID: 1 locID: 102655682029159014 bcsId: 4044} | ret=SUCCESS |  
2019-08-21 15:29:58,195 | INFO  | DNAudit | user=null | ip=null | op=WRITE_CHUNK {blockData=conID: 1 locID: 102655682029159014 bcsId: 4044} | ret=SUCCESS |  
2019-08-21 15:29:58,203 | INFO  | DNAudit | user=null | ip=null | op=WRITE_CHUNK {blockData=conID: 1 locID: 102655682029159014 bcsId: 4044} | ret=SUCCESS |  
2019-08-21 15:29:58,204 | INFO  | DNAudit | user=null | ip=null | op=PUT_BLOCK {blockData=[blockId=conID: 1 locID: 102655682029159014 bcsId: 0,size=3145728]} | ret=SUCCESS |  
2019-08-21 15:29:58,204 [grpc-default-executor-5] INFO  client.GrpcClientProtocolClient (GrpcClientProtocolClient.java:onNext(255)) - client-029E50227556->355864cd-7ac5-4934-b366-9756b15dd90f: receive RaftClientReply:client-029E50227556->355864cd-7ac5-4934-b366-9756b15dd90f@group-785BCF25C267, cid=2709, SUCCESS, logIndex=4049, commits[355864cd-7ac5-4934-b366-9756b15dd90f:c4050, ce4aa411-63c8-4399-99eb-27ce352844f3:c4048, 3eeffb0a-787e-48ec-a2f5-d0c540a89489:c4048]
2019-08-21 15:29:58,204 [grpc-default-executor-5] INFO  client.GrpcClientProtocolClient (GrpcClientProtocolClient.java:onNext(255)) - client-029E50227556->355864cd-7ac5-4934-b366-9756b15dd90f: receive RaftClientReply:client-029E50227556->355864cd-7ac5-4934-b366-9756b15dd90f@group-785BCF25C267, cid=2710, SUCCESS, logIndex=4050, commits[355864cd-7ac5-4934-b366-9756b15dd90f:c4050, ce4aa411-63c8-4399-99eb-27ce352844f3:c4048, 3eeffb0a-787e-48ec-a2f5-d0c540a89489:c4048]
2019-08-21 15:29:58,209 | INFO  | DNAudit | user=null | ip=null | op=WRITE_CHUNK {blockData=conID: 1 locID: 102655682029159014 bcsId: 4050} | ret=SUCCESS |  
2019-08-21 15:29:58,212 | INFO  | DNAudit | user=null | ip=null | op=WRITE_CHUNK {blockData=conID: 1 locID: 102655682029159014 bcsId: 4050} | ret=SUCCESS |  
2019-08-21 15:29:58,212 | INFO  | DNAudit | user=null | ip=null | op=WRITE_CHUNK {blockData=conID: 1 locID: 102655682029159014 bcsId: 4050} | ret=SUCCESS |  
2019-08-21 15:29:58,215 | INFO  | DNAudit | user=null | ip=null | op=WRITE_CHUNK {blockData=conID: 1 locID: 102655682029159014 bcsId: 4044} | ret=SUCCESS |  
2019-08-21 15:29:58,215 | INFO  | DNAudit | user=null | ip=null | op=WRITE_CHUNK {blockData=conID: 1 locID: 102655682029159014 bcsId: 4044} | ret=SUCCESS |  
2019-08-21 15:29:58,216 | INFO  | DNAudit | user=null | ip=null | op=PUT_BLOCK {blockData=[blockId=conID: 1 locID: 102655682029159014 bcsId: 0,size=3145728]} | ret=SUCCESS |  
2019-08-21 15:29:58,217 | INFO  | DNAudit | user=null | ip=null | op=PUT_BLOCK {blockData=[blockId=conID: 1 locID: 102655682029159014 bcsId: 0,size=3145728]} | ret=SUCCESS |  
2019-08-21 15:29:58,217 | INFO  | DNAudit | user=null | ip=null | op=WRITE_CHUNK {blockData=conID: 1 locID: 102655682029159014 bcsId: 4050} | ret=SUCCESS |  
2019-08-21 15:29:58,217 | INFO  | DNAudit | user=null | ip=null | op=PUT_BLOCK {blockData=[blockId=conID: 1 locID: 102655682029159014 bcsId: 0,size=4194304]} | ret=SUCCESS |  
2019-08-21 15:29:58,217 [grpc-default-executor-5] INFO  client.GrpcClientProtocolClient (GrpcClientProtocolClient.java:onNext(255)) - client-029E50227556->355864cd-7ac5-4934-b366-9756b15dd90f: receive RaftClientReply:client-029E50227556->355864cd-7ac5-4934-b366-9756b15dd90f@group-785BCF25C267, cid=2711, SUCCESS, logIndex=4053, commits[355864cd-7ac5-4934-b366-9756b15dd90f:c4053, ce4aa411-63c8-4399-99eb-27ce352844f3:c4050, 3eeffb0a-787e-48ec-a2f5-d0c540a89489:c4050]
2019-08-21 15:29:58,218 [grpc-default-executor-5] INFO  client.GrpcClientProtocolClient (GrpcClientProtocolClient.java:onNext(255)) - client-029E50227556->355864cd-7ac5-4934-b366-9756b15dd90f: receive RaftClientReply:client-029E50227556->355864cd-7ac5-4934-b366-9756b15dd90f@group-785BCF25C267, cid=2712, SUCCESS, logIndex=4054, commits[355864cd-7ac5-4934-b366-9756b15dd90f:c4054, ce4aa411-63c8-4399-99eb-27ce352844f3:c4050, 3eeffb0a-787e-48ec-a2f5-d0c540a89489:c4050]
2019-08-21 15:29:58,229 | INFO  | DNAudit | user=null | ip=null | op=WRITE_CHUNK {blockData=conID: 1 locID: 102655682029159014 bcsId: 4050} | ret=SUCCESS |  
2019-08-21 15:29:58,229 | INFO  | DNAudit | user=null | ip=null | op=WRITE_CHUNK {blockData=conID: 1 locID: 102655682029159014 bcsId: 4050} | ret=SUCCESS |  
2019-08-21 15:29:58,238 | INFO  | DNAudit | user=null | ip=null | op=PUT_BLOCK {blockData=[blockId=conID: 1 locID: 102655682029159014 bcsId: 0,size=4194304]} | ret=SUCCESS |  
2019-08-21 15:29:58,238 | INFO  | DNAudit | user=null | ip=null | op=PUT_BLOCK {blockData=[blockId=conID: 1 locID: 102655682029159014 bcsId: 0,size=4194304]} | ret=SUCCESS |  
2019-08-21 15:29:58,239 [grpc-default-executor-0] INFO  client.GrpcClientProtocolClient (GrpcClientProtocolClient.java:onNext(255)) - client-029E50227556->355864cd-7ac5-4934-b366-9756b15dd90f: receive RaftClientReply:client-029E50227556->355864cd-7ac5-4934-b366-9756b15dd90f@group-785BCF25C267, cid=2713, SUCCESS, logIndex=0, commits[355864cd-7ac5-4934-b366-9756b15dd90f:c4055, ce4aa411-63c8-4399-99eb-27ce352844f3:c4054, 3eeffb0a-787e-48ec-a2f5-d0c540a89489:c4054]
2019-08-21 15:29:58,246 | INFO  | SCMAudit | user=jenkins1000 | ip=192.168.5.153 | op=ALLOCATE_BLOCK {owner=78849ec2-2b05-45d8-8cb5-e95e2230dbd1, size=4194304, type=RATIS, factor=THREE} | ret=SUCCESS |  
2019-08-21 15:29:58,250 | INFO  | OMAudit | user=jenkins1000 | ip=127.0.0.1 | op=ALLOCATE_BLOCK {volume=vol-0-32358, bucket=bucket-0-01949, key=key-0-56547, dataSize=0, replicationType=null, replicationFactor=null, keyLocationInfo=null, clientID=102655680532119954} | ret=SUCCESS |  
2019-08-21 15:29:58,257 | INFO  | DNAudit | user=null | ip=null | op=WRITE_CHUNK {blockData=conID: 2 locID: 102655682035450471 bcsId: 0} | ret=SUCCESS |  
2019-08-21 15:29:58,260 | INFO  | DNAudit | user=null | ip=null | op=WRITE_CHUNK {blockData=conID: 2 locID: 102655682035450471 bcsId: 0} | ret=SUCCESS |  
2019-08-21 15:29:58,261 | INFO  | DNAudit | user=null | ip=null | op=WRITE_CHUNK {blockData=conID: 2 locID: 102655682035450471 bcsId: 0} | ret=SUCCESS |  
2019-08-21 15:29:58,261 | INFO  | DNAudit | user=null | ip=null | op=WRITE_CHUNK {blockData=conID: 2 locID: 102655682035450471 bcsId: 0} | ret=SUCCESS |  
2019-08-21 15:29:58,263 | INFO  | DNAudit | user=null | ip=null | op=WRITE_CHUNK {blockData=conID: 2 locID: 102655682035450471 bcsId: 0} | ret=SUCCESS |  
2019-08-21 15:29:58,264 | INFO  | DNAudit | user=null | ip=null | op=WRITE_CHUNK {blockData=conID: 2 locID: 102655682035450471 bcsId: 0} | ret=SUCCESS |  
2019-08-21 15:29:58,268 | INFO  | DNAudit | user=null | ip=null | op=WRITE_CHUNK {blockData=conID: 2 locID: 102655682035450471 bcsId: 0} | ret=SUCCESS |  
2019-08-21 15:29:58,269 | INFO  | DNAudit | user=null | ip=null | op=PUT_BLOCK {blockData=[blockId=conID: 2 locID: 102655682035450471 bcsId: 0,size=1048576]} | ret=SUCCESS |  
2019-08-21 15:29:58,269 [grpc-default-executor-5] INFO  client.GrpcClientProtocolClient (GrpcClientProtocolClient.java:onNext(255)) - client-029E50227556->355864cd-7ac5-4934-b366-9756b15dd90f: receive RaftClientReply:client-029E50227556->355864cd-7ac5-4934-b366-9756b15dd90f@group-785BCF25C267, cid=2714, SUCCESS, logIndex=4057, commits[355864cd-7ac5-4934-b366-9756b15dd90f:c4058, ce4aa411-63c8-4399-99eb-27ce352844f3:c4056, 3eeffb0a-787e-48ec-a2f5-d0c540a89489:c4056]
2019-08-21 15:29:58,269 [grpc-default-executor-4] INFO  client.GrpcClientProtocolClient (GrpcClientProtocolClient.java:onNext(255)) - client-029E50227556->355864cd-7ac5-4934-b366-9756b15dd90f: receive RaftClientReply:client-029E50227556->355864cd-7ac5-4934-b366-9756b15dd90f@group-785BCF25C267, cid=2715, SUCCESS, logIndex=4058, commits[355864cd-7ac5-4934-b366-9756b15dd90f:c4058, ce4aa411-63c8-4399-99eb-27ce352844f3:c4056, 3eeffb0a-787e-48ec-a2f5-d0c540a89489:c4056]
2019-08-21 15:29:58,270 | INFO  | DNAudit | user=null | ip=null | op=WRITE_CHUNK {blockData=conID: 2 locID: 102655682035450471 bcsId: 0} | ret=SUCCESS |  
2019-08-21 15:29:58,270 | INFO  | DNAudit | user=null | ip=null | op=PUT_BLOCK {blockData=[blockId=conID: 2 locID: 102655682035450471 bcsId: 0,size=2097152]} | ret=SUCCESS |  
2019-08-21 15:29:58,270 | INFO  | DNAudit | user=null | ip=null | op=WRITE_CHUNK {blockData=conID: 2 locID: 102655682035450471 bcsId: 0} | ret=SUCCESS |  
2019-08-21 15:29:58,270 [grpc-default-executor-4] INFO  client.GrpcClientProtocolClient (GrpcClientProtocolClient.java:onNext(255)) - client-029E50227556->355864cd-7ac5-4934-b366-9756b15dd90f: receive RaftClientReply:client-029E50227556->355864cd-7ac5-4934-b366-9756b15dd90f@group-785BCF25C267, cid=2716, SUCCESS, logIndex=4059, commits[355864cd-7ac5-4934-b366-9756b15dd90f:c4060, ce4aa411-63c8-4399-99eb-27ce352844f3:c4056, 3eeffb0a-787e-48ec-a2f5-d0c540a89489:c4056]
2019-08-21 15:29:58,271 | INFO  | DNAudit | user=null | ip=null | op=PUT_BLOCK {blockData=[blockId=conID: 2 locID: 102655682035450471 bcsId: 0,size=1048576]} | ret=SUCCESS |  
2019-08-21 15:29:58,271 [grpc-default-executor-4] INFO  client.GrpcClientProtocolClient (GrpcClientProtocolClient.java:onNext(255)) - client-029E50227556->355864cd-7ac5-4934-b366-9756b15dd90f: receive RaftClientReply:client-029E50227556->355864cd-7ac5-4934-b366-9756b15dd90f@group-785BCF25C267, cid=2717, SUCCESS, logIndex=4060, commits[355864cd-7ac5-4934-b366-9756b15dd90f:c4060, ce4aa411-63c8-4399-99eb-27ce352844f3:c4056, 3eeffb0a-787e-48ec-a2f5-d0c540a89489:c4056]
2019-08-21 15:29:58,273 | INFO  | DNAudit | user=null | ip=null | op=WRITE_CHUNK {blockData=conID: 2 locID: 102655682035450471 bcsId: 0} | ret=SUCCESS |  
2019-08-21 15:29:58,273 | INFO  | DNAudit | user=null | ip=null | op=PUT_BLOCK {blockData=[blockId=conID: 2 locID: 102655682035450471 bcsId: 0,size=1048576]} | ret=SUCCESS |  
2019-08-21 15:29:58,273 | INFO  | DNAudit | user=null | ip=null | op=WRITE_CHUNK {blockData=conID: 2 locID: 102655682035450471 bcsId: 0} | ret=SUCCESS |  
2019-08-21 15:29:58,273 [grpc-default-executor-4] INFO  client.GrpcClientProtocolClient (GrpcClientProtocolClient.java:onNext(255)) - client-029E50227556->355864cd-7ac5-4934-b366-9756b15dd90f: receive RaftClientReply:client-029E50227556->355864cd-7ac5-4934-b366-9756b15dd90f@group-785BCF25C267, cid=2718, SUCCESS, logIndex=0, commits[355864cd-7ac5-4934-b366-9756b15dd90f:c4062, ce4aa411-63c8-4399-99eb-27ce352844f3:c4058, 3eeffb0a-787e-48ec-a2f5-d0c540a89489:c4058]
2019-08-21 15:29:58,280 | INFO  | DNAudit | user=null | ip=null | op=WRITE_CHUNK {blockData=conID: 2 locID: 102655682035450471 bcsId: 4060} | ret=SUCCESS |  
2019-08-21 15:29:58,282 | INFO  | DNAudit | user=null | ip=null | op=WRITE_CHUNK {blockData=conID: 2 locID: 102655682035450471 bcsId: 0} | ret=SUCCESS |  
2019-08-21 15:29:58,282 | INFO  | DNAudit | user=null | ip=null | op=PUT_BLOCK {blockData=[blockId=conID: 2 locID: 102655682035450471 bcsId: 0,size=2097152]} | ret=SUCCESS |  
2019-08-21 15:29:58,282 | INFO  | DNAudit | user=null | ip=null | op=WRITE_CHUNK {blockData=conID: 2 locID: 102655682035450471 bcsId: 4060} | ret=SUCCESS |  
2019-08-21 15:29:58,282 | INFO  | DNAudit | user=null | ip=null | op=WRITE_CHUNK {blockData=conID: 2 locID: 102655682035450471 bcsId: 4060} | ret=SUCCESS |  
2019-08-21 15:29:58,283 | INFO  | DNAudit | user=null | ip=null | op=PUT_BLOCK {blockData=[blockId=conID: 2 locID: 102655682035450471 bcsId: 0,size=2097152]} | ret=SUCCESS |  
2019-08-21 15:29:58,284 | INFO  | DNAudit | user=null | ip=null | op=WRITE_CHUNK {blockData=conID: 2 locID: 102655682035450471 bcsId: 4060} | ret=SUCCESS |  
2019-08-21 15:29:58,285 | INFO  | DNAudit | user=null | ip=null | op=PUT_BLOCK {blockData=[blockId=conID: 2 locID: 102655682035450471 bcsId: 0,size=3145728]} | ret=SUCCESS |  
2019-08-21 15:29:58,285 [grpc-default-executor-4] INFO  client.GrpcClientProtocolClient (GrpcClientProtocolClient.java:onNext(255)) - client-029E50227556->355864cd-7ac5-4934-b366-9756b15dd90f: receive RaftClientReply:client-029E50227556->355864cd-7ac5-4934-b366-9756b15dd90f@group-785BCF25C267, cid=2719, SUCCESS, logIndex=4065, commits[355864cd-7ac5-4934-b366-9756b15dd90f:c4066, ce4aa411-63c8-4399-99eb-27ce352844f3:c4063, 3eeffb0a-787e-48ec-a2f5-d0c540a89489:c4063]
2019-08-21 15:29:58,285 [grpc-default-executor-4] INFO  client.GrpcClientProtocolClient (GrpcClientProtocolClient.java:onNext(255)) - client-029E50227556->355864cd-7ac5-4934-b366-9756b15dd90f: receive RaftClientReply:client-029E50227556->355864cd-7ac5-4934-b366-9756b15dd90f@group-785BCF25C267, cid=2720, SUCCESS, logIndex=4066, commits[355864cd-7ac5-4934-b366-9756b15dd90f:c4066, ce4aa411-63c8-4399-99eb-27ce352844f3:c4063, 3eeffb0a-787e-48ec-a2f5-d0c540a89489:c4063]
2019-08-21 15:29:58,291 | INFO  | DNAudit | user=null | ip=null | op=WRITE_CHUNK {blockData=conID: 2 locID: 102655682035450471 bcsId: 4066} | ret=SUCCESS |  
2019-08-21 15:29:58,293 | INFO  | DNAudit | user=null | ip=null | op=WRITE_CHUNK {blockData=conID: 2 locID: 102655682035450471 bcsId: 4066} | ret=SUCCESS |  
2019-08-21 15:29:58,294 | INFO  | DNAudit | user=null | ip=null | op=WRITE_CHUNK {blockData=conID: 2 locID: 102655682035450471 bcsId: 4066} | ret=SUCCESS |  
2019-08-21 15:29:58,294 | INFO  | DNAudit | user=null | ip=null | op=WRITE_CHUNK {blockData=conID: 2 locID: 102655682035450471 bcsId: 4060} | ret=SUCCESS |  
2019-08-21 15:29:58,294 | INFO  | DNAudit | user=null | ip=null | op=WRITE_CHUNK {blockData=conID: 2 locID: 102655682035450471 bcsId: 4060} | ret=SUCCESS |  
2019-08-21 15:29:58,297 | INFO  | DNAudit | user=null | ip=null | op=PUT_BLOCK {blockData=[blockId=conID: 2 locID: 102655682035450471 bcsId: 0,size=3145728]} | ret=SUCCESS |  
2019-08-21 15:29:58,297 | INFO  | DNAudit | user=null | ip=null | op=PUT_BLOCK {blockData=[blockId=conID: 2 locID: 102655682035450471 bcsId: 0,size=3145728]} | ret=SUCCESS |  
2019-08-21 15:29:58,298 | INFO  | DNAudit | user=null | ip=null | op=WRITE_CHUNK {blockData=conID: 2 locID: 102655682035450471 bcsId: 4066} | ret=SUCCESS |  
2019-08-21 15:29:58,298 | INFO  | DNAudit | user=null | ip=null | op=PUT_BLOCK {blockData=[blockId=conID: 2 locID: 102655682035450471 bcsId: 0,size=4194304]} | ret=SUCCESS |  
2019-08-21 15:29:58,298 [grpc-default-executor-4] INFO  client.GrpcClientProtocolClient (GrpcClientProtocolClient.java:onNext(255)) - client-029E50227556->355864cd-7ac5-4934-b366-9756b15dd90f: receive RaftClientReply:client-029E50227556->355864cd-7ac5-4934-b366-9756b15dd90f@group-785BCF25C267, cid=2721, SUCCESS, logIndex=4069, commits[355864cd-7ac5-4934-b366-9756b15dd90f:c4070, ce4aa411-63c8-4399-99eb-27ce352844f3:c4066, 3eeffb0a-787e-48ec-a2f5-d0c540a89489:c4066]
2019-08-21 15:29:58,299 [grpc-default-executor-4] INFO  client.GrpcClientProtocolClient (GrpcClientProtocolClient.java:onNext(255)) - client-029E50227556->355864cd-7ac5-4934-b366-9756b15dd90f: receive RaftClientReply:client-029E50227556->355864cd-7ac5-4934-b366-9756b15dd90f@group-785BCF25C267, cid=2722, SUCCESS, logIndex=4070, commits[355864cd-7ac5-4934-b366-9756b15dd90f:c4070, ce4aa411-63c8-4399-99eb-27ce352844f3:c4066, 3eeffb0a-787e-48ec-a2f5-d0c540a89489:c4066]
2019-08-21 15:29:58,324 | INFO  | DNAudit | user=null | ip=null | op=WRITE_CHUNK {blockData=conID: 2 locID: 102655682035450471 bcsId: 4066} | ret=SUCCESS |  
2019-08-21 15:29:58,324 | INFO  | DNAudit | user=null | ip=null | op=WRITE_CHUNK {blockData=conID: 2 locID: 102655682035450471 bcsId: 4066} | ret=SUCCESS |  
2019-08-21 15:29:58,324 | INFO  | DNAudit | user=null | ip=null | op=PUT_BLOCK {blockData=[blockId=conID: 2 locID: 102655682035450471 bcsId: 0,size=4194304]} | ret=SUCCESS |  
2019-08-21 15:29:58,324 | INFO  | DNAudit | user=null | ip=null | op=PUT_BLOCK {blockData=[blockId=conID: 2 locID: 102655682035450471 bcsId: 0,size=4194304]} | ret=SUCCESS |  
2019-08-21 15:29:58,324 [grpc-default-executor-4] INFO  client.GrpcClientProtocolClient (GrpcClientProtocolClient.java:onNext(255)) - client-029E50227556->355864cd-7ac5-4934-b366-9756b15dd90f: receive RaftClientReply:client-029E50227556->355864cd-7ac5-4934-b366-9756b15dd90f@group-785BCF25C267, cid=2723, SUCCESS, logIndex=0, commits[355864cd-7ac5-4934-b366-9756b15dd90f:c4071, ce4aa411-63c8-4399-99eb-27ce352844f3:c4070, 3eeffb0a-787e-48ec-a2f5-d0c540a89489:c4070]
2019-08-21 15:29:58,332 | INFO  | SCMAudit | user=jenkins1000 | ip=192.168.5.153 | op=ALLOCATE_BLOCK {owner=78849ec2-2b05-45d8-8cb5-e95e2230dbd1, size=4194304, type=RATIS, factor=THREE} | ret=SUCCESS |  
2019-08-21 15:29:58,337 | INFO  | OMAudit | user=jenkins1000 | ip=127.0.0.1 | op=ALLOCATE_BLOCK {volume=vol-0-32358, bucket=bucket-0-01949, key=key-0-56547, dataSize=0, replicationType=null, replicationFactor=null, keyLocationInfo=null, clientID=102655680532119954} | ret=SUCCESS |  
2019-08-21 15:29:58,345 | INFO  | DNAudit | user=null | ip=null | op=WRITE_CHUNK {blockData=conID: 3 locID: 102655682041086568 bcsId: 0} | ret=SUCCESS |  
2019-08-21 15:29:58,348 | INFO  | DNAudit | user=null | ip=null | op=WRITE_CHUNK {blockData=conID: 3 locID: 102655682041086568 bcsId: 0} | ret=SUCCESS |  
2019-08-21 15:29:58,348 | INFO  | DNAudit | user=null | ip=null | op=WRITE_CHUNK {blockData=conID: 3 locID: 102655682041086568 bcsId: 0} | ret=SUCCESS |  
2019-08-21 15:29:58,349 | INFO  | DNAudit | user=null | ip=null | op=WRITE_CHUNK {blockData=conID: 3 locID: 102655682041086568 bcsId: 0} | ret=SUCCESS |  
2019-08-21 15:29:58,350 | INFO  | DNAudit | user=null | ip=null | op=WRITE_CHUNK {blockData=conID: 3 locID: 102655682041086568 bcsId: 0} | ret=SUCCESS |  
2019-08-21 15:29:58,351 | INFO  | DNAudit | user=null | ip=null | op=WRITE_CHUNK {blockData=conID: 3 locID: 102655682041086568 bcsId: 0} | ret=SUCCESS |  
2019-08-21 15:29:58,358 | INFO  | DNAudit | user=null | ip=null | op=WRITE_CHUNK {blockData=conID: 3 locID: 102655682041086568 bcsId: 0} | ret=SUCCESS |  
2019-08-21 15:29:58,358 | INFO  | DNAudit | user=null | ip=null | op=PUT_BLOCK {blockData=[blockId=conID: 3 locID: 102655682041086568 bcsId: 0,size=1048576]} | ret=SUCCESS |  
2019-08-21 15:29:58,359 [grpc-default-executor-0] INFO  client.GrpcClientProtocolClient (GrpcClientProtocolClient.java:onNext(255)) - client-029E50227556->355864cd-7ac5-4934-b366-9756b15dd90f: receive RaftClientReply:client-029E50227556->355864cd-7ac5-4934-b366-9756b15dd90f@group-785BCF25C267, cid=2724, SUCCESS, logIndex=4073, commits[355864cd-7ac5-4934-b366-9756b15dd90f:c4074, ce4aa411-63c8-4399-99eb-27ce352844f3:c4072, 3eeffb0a-787e-48ec-a2f5-d0c540a89489:c4072]
2019-08-21 15:29:58,359 | INFO  | DNAudit | user=null | ip=null | op=WRITE_CHUNK {blockData=conID: 3 locID: 102655682041086568 bcsId: 0} | ret=SUCCESS |  
2019-08-21 15:29:58,359 [grpc-default-executor-0] INFO  client.GrpcClientProtocolClient (GrpcClientProtocolClient.java:onNext(255)) - client-029E50227556->355864cd-7ac5-4934-b366-9756b15dd90f: receive RaftClientReply:client-029E50227556->355864cd-7ac5-4934-b366-9756b15dd90f@group-785BCF25C267, cid=2725, SUCCESS, logIndex=4074, commits[355864cd-7ac5-4934-b366-9756b15dd90f:c4074, ce4aa411-63c8-4399-99eb-27ce352844f3:c4072, 3eeffb0a-787e-48ec-a2f5-d0c540a89489:c4072]
2019-08-21 15:29:58,359 | INFO  | DNAudit | user=null | ip=null | op=PUT_BLOCK {blockData=[blockId=conID: 3 locID: 102655682041086568 bcsId: 0,size=2097152]} | ret=SUCCESS |  
2019-08-21 15:29:58,360 [grpc-default-executor-0] INFO  client.GrpcClientProtocolClient (GrpcClientProtocolClient.java:onNext(255)) - client-029E50227556->355864cd-7ac5-4934-b366-9756b15dd90f: receive RaftClientReply:client-029E50227556->355864cd-7ac5-4934-b366-9756b15dd90f@group-785BCF25C267, cid=2726, SUCCESS, logIndex=4075, commits[355864cd-7ac5-4934-b366-9756b15dd90f:c4076, ce4aa411-63c8-4399-99eb-27ce352844f3:c4072, 3eeffb0a-787e-48ec-a2f5-d0c540a89489:c4072]
2019-08-21 15:29:58,360 [grpc-default-executor-0] INFO  client.GrpcClientProtocolClient (GrpcClientProtocolClient.java:onNext(255)) - client-029E50227556->355864cd-7ac5-4934-b366-9756b15dd90f: receive RaftClientReply:client-029E50227556->355864cd-7ac5-4934-b366-9756b15dd90f@group-785BCF25C267, cid=2727, SUCCESS, logIndex=4076, commits[355864cd-7ac5-4934-b366-9756b15dd90f:c4076, ce4aa411-63c8-4399-99eb-27ce352844f3:c4072, 3eeffb0a-787e-48ec-a2f5-d0c540a89489:c4072]
2019-08-21 15:29:58,372 | INFO  | DNAudit | user=null | ip=null | op=WRITE_CHUNK {blockData=conID: 3 locID: 102655682041086568 bcsId: 0} | ret=SUCCESS |  
2019-08-21 15:29:58,372 | INFO  | DNAudit | user=null | ip=null | op=PUT_BLOCK {blockData=[blockId=conID: 3 locID: 102655682041086568 bcsId: 0,size=1048576]} | ret=SUCCESS |  
2019-08-21 15:29:58,372 | INFO  | DNAudit | user=null | ip=null | op=WRITE_CHUNK {blockData=conID: 3 locID: 102655682041086568 bcsId: 0} | ret=SUCCESS |  
2019-08-21 15:29:58,373 | INFO  | DNAudit | user=null | ip=null | op=PUT_BLOCK {blockData=[blockId=conID: 3 locID: 102655682041086568 bcsId: 0,size=1048576]} | ret=SUCCESS |  
2019-08-21 15:29:58,373 | INFO  | DNAudit | user=null | ip=null | op=WRITE_CHUNK {blockData=conID: 3 locID: 102655682041086568 bcsId: 0} | ret=SUCCESS |  
2019-08-21 15:29:58,373 | INFO  | DNAudit | user=null | ip=null | op=WRITE_CHUNK {blockData=conID: 3 locID: 102655682041086568 bcsId: 0} | ret=SUCCESS |  
2019-08-21 15:29:58,373 | INFO  | DNAudit | user=null | ip=null | op=PUT_BLOCK {blockData=[blockId=conID: 3 locID: 102655682041086568 bcsId: 0,size=2097152]} | ret=SUCCESS |  
2019-08-21 15:29:58,373 [grpc-default-executor-5] INFO  client.GrpcClientProtocolClient (GrpcClientProtocolClient.java:onNext(255)) - client-029E50227556->355864cd-7ac5-4934-b366-9756b15dd90f: receive RaftClientReply:client-029E50227556->355864cd-7ac5-4934-b366-9756b15dd90f@group-785BCF25C267, cid=2728, SUCCESS, logIndex=0, commits[355864cd-7ac5-4934-b366-9756b15dd90f:c4078, ce4aa411-63c8-4399-99eb-27ce352844f3:c4074, 3eeffb0a-787e-48ec-a2f5-d0c540a89489:c4074]
2019-08-21 15:29:58,373 | INFO  | DNAudit | user=null | ip=null | op=PUT_BLOCK {blockData=[blockId=conID: 3 locID: 102655682041086568 bcsId: 0,size=2097152]} | ret=SUCCESS |  
2019-08-21 15:29:58,381 | INFO  | DNAudit | user=null | ip=null | op=WRITE_CHUNK {blockData=conID: 3 locID: 102655682041086568 bcsId: 4076} | ret=SUCCESS |  
2019-08-21 15:29:58,383 | INFO  | DNAudit | user=null | ip=null | op=WRITE_CHUNK {blockData=conID: 3 locID: 102655682041086568 bcsId: 4076} | ret=SUCCESS |  
2019-08-21 15:29:58,383 | INFO  | DNAudit | user=null | ip=null | op=WRITE_CHUNK {blockData=conID: 3 locID: 102655682041086568 bcsId: 4076} | ret=SUCCESS |  
2019-08-21 15:29:58,394 | INFO  | DNAudit | user=null | ip=null | op=WRITE_CHUNK {blockData=conID: 3 locID: 102655682041086568 bcsId: 4076} | ret=SUCCESS |  
2019-08-21 15:29:58,394 | INFO  | DNAudit | user=null | ip=null | op=PUT_BLOCK {blockData=[blockId=conID: 3 locID: 102655682041086568 bcsId: 0,size=3145728]} | ret=SUCCESS |  
2019-08-21 15:29:58,395 [grpc-default-executor-5] INFO  client.GrpcClientProtocolClient (GrpcClientProtocolClient.java:onNext(255)) - client-029E50227556->355864cd-7ac5-4934-b366-9756b15dd90f: receive RaftClientReply:client-029E50227556->355864cd-7ac5-4934-b366-9756b15dd90f@group-785BCF25C267, cid=2729, SUCCESS, logIndex=4081, commits[355864cd-7ac5-4934-b366-9756b15dd90f:c4082, ce4aa411-63c8-4399-99eb-27ce352844f3:c4080, 3eeffb0a-787e-48ec-a2f5-d0c540a89489:c4080]
2019-08-21 15:29:58,395 [grpc-default-executor-5] INFO  client.GrpcClientProtocolClient (GrpcClientProtocolClient.java:onNext(255)) - client-029E50227556->355864cd-7ac5-4934-b366-9756b15dd90f: receive RaftClientReply:client-029E50227556->355864cd-7ac5-4934-b366-9756b15dd90f@group-785BCF25C267, cid=2730, SUCCESS, logIndex=4082, commits[355864cd-7ac5-4934-b366-9756b15dd90f:c4082, ce4aa411-63c8-4399-99eb-27ce352844f3:c4080, 3eeffb0a-787e-48ec-a2f5-d0c540a89489:c4080]
2019-08-21 15:29:58,403 | INFO  | DNAudit | user=null | ip=null | op=WRITE_CHUNK {blockData=conID: 3 locID: 102655682041086568 bcsId: 4082} | ret=SUCCESS |  
2019-08-21 15:29:58,405 | INFO  | DNAudit | user=null | ip=null | op=WRITE_CHUNK {blockData=conID: 3 locID: 102655682041086568 bcsId: 4082} | ret=SUCCESS |  
2019-08-21 15:29:58,405 | INFO  | DNAudit | user=null | ip=null | op=WRITE_CHUNK {blockData=conID: 3 locID: 102655682041086568 bcsId: 4082} | ret=SUCCESS |  
2019-08-21 15:29:58,406 | INFO  | DNAudit | user=null | ip=null | op=WRITE_CHUNK {blockData=conID: 3 locID: 102655682041086568 bcsId: 4076} | ret=SUCCESS |  
2019-08-21 15:29:58,406 | INFO  | DNAudit | user=null | ip=null | op=WRITE_CHUNK {blockData=conID: 3 locID: 102655682041086568 bcsId: 4076} | ret=SUCCESS |  
2019-08-21 15:29:58,417 | INFO  | DNAudit | user=null | ip=null | op=PUT_BLOCK {blockData=[blockId=conID: 3 locID: 102655682041086568 bcsId: 0,size=3145728]} | ret=SUCCESS |  
2019-08-21 15:29:58,418 | INFO  | DNAudit | user=null | ip=null | op=PUT_BLOCK {blockData=[blockId=conID: 3 locID: 102655682041086568 bcsId: 0,size=3145728]} | ret=SUCCESS |  
2019-08-21 15:29:58,418 | INFO  | DNAudit | user=null | ip=null | op=WRITE_CHUNK {blockData=conID: 3 locID: 102655682041086568 bcsId: 4082} | ret=SUCCESS |  
2019-08-21 15:29:58,418 | INFO  | DNAudit | user=null | ip=null | op=PUT_BLOCK {blockData=[blockId=conID: 3 locID: 102655682041086568 bcsId: 0,size=4194304]} | ret=SUCCESS |  
2019-08-21 15:29:58,418 [grpc-default-executor-0] INFO  client.GrpcClientProtocolClient (GrpcClientProtocolClient.java:onNext(255)) - client-029E50227556->355864cd-7ac5-4934-b366-9756b15dd90f: receive RaftClientReply:client-029E50227556->355864cd-7ac5-4934-b366-9756b15dd90f@group-785BCF25C267, cid=2731, SUCCESS, logIndex=4085, commits[355864cd-7ac5-4934-b366-9756b15dd90f:c4086, ce4aa411-63c8-4399-99eb-27ce352844f3:c4082, 3eeffb0a-787e-48ec-a2f5-d0c540a89489:c4082]
2019-08-21 15:29:58,419 [grpc-default-executor-0] INFO  client.GrpcClientProtocolClient (GrpcClientProtocolClient.java:onNext(255)) - client-029E50227556->355864cd-7ac5-4934-b366-9756b15dd90f: receive RaftClientReply:client-029E50227556->355864cd-7ac5-4934-b366-9756b15dd90f@group-785BCF25C267, cid=2732, SUCCESS, logIndex=4086, commits[355864cd-7ac5-4934-b366-9756b15dd90f:c4086, ce4aa411-63c8-4399-99eb-27ce352844f3:c4082, 3eeffb0a-787e-48ec-a2f5-d0c540a89489:c4082]
2019-08-21 15:29:58,429 | INFO  | DNAudit | user=null | ip=null | op=WRITE_CHUNK {blockData=conID: 3 locID: 102655682041086568 bcsId: 4082} | ret=SUCCESS |  
2019-08-21 15:29:58,430 | INFO  | DNAudit | user=null | ip=null | op=WRITE_CHUNK {blockData=conID: 3 locID: 102655682041086568 bcsId: 4082} | ret=SUCCESS |  
2019-08-21 15:29:58,432 | INFO  | DNAudit | user=null | ip=null | op=PUT_BLOCK {blockData=[blockId=conID: 3 locID: 102655682041086568 bcsId: 0,size=4194304]} | ret=SUCCESS |  
2019-08-21 15:29:58,432 | INFO  | DNAudit | user=null | ip=null | op=PUT_BLOCK {blockData=[blockId=conID: 3 locID: 102655682041086568 bcsId: 0,size=4194304]} | ret=SUCCESS |  
2019-08-21 15:29:58,433 [grpc-default-executor-0] INFO  client.GrpcClientProtocolClient (GrpcClientProtocolClient.java:onNext(255)) - client-029E50227556->355864cd-7ac5-4934-b366-9756b15dd90f: receive RaftClientReply:client-029E50227556->355864cd-7ac5-4934-b366-9756b15dd90f@group-785BCF25C267, cid=2733, SUCCESS, logIndex=0, commits[355864cd-7ac5-4934-b366-9756b15dd90f:c4088, ce4aa411-63c8-4399-99eb-27ce352844f3:c4086, 3eeffb0a-787e-48ec-a2f5-d0c540a89489:c4086]
2019-08-21 15:29:58,440 | INFO  | SCMAudit | user=jenkins1000 | ip=192.168.5.153 | op=ALLOCATE_BLOCK {owner=78849ec2-2b05-45d8-8cb5-e95e2230dbd1, size=4194304, type=RATIS, factor=THREE} | ret=SUCCESS |  
2019-08-21 15:29:58,444 | INFO  | OMAudit | user=jenkins1000 | ip=127.0.0.1 | op=ALLOCATE_BLOCK {volume=vol-0-32358, bucket=bucket-0-01949, key=key-0-56547, dataSize=0, replicationType=null, replicationFactor=null, keyLocationInfo=null, clientID=102655680532119954} | ret=SUCCESS |  
2019-08-21 15:29:58,452 | INFO  | DNAudit | user=null | ip=null | op=WRITE_CHUNK {blockData=conID: 1 locID: 102655682048164457 bcsId: 0} | ret=SUCCESS |  
2019-08-21 15:29:58,455 | INFO  | DNAudit | user=null | ip=null | op=WRITE_CHUNK {blockData=conID: 1 locID: 102655682048164457 bcsId: 0} | ret=SUCCESS |  
2019-08-21 15:29:58,456 | INFO  | DNAudit | user=null | ip=null | op=WRITE_CHUNK {blockData=conID: 1 locID: 102655682048164457 bcsId: 0} | ret=SUCCESS |  
2019-08-21 15:29:58,456 | INFO  | DNAudit | user=null | ip=null | op=WRITE_CHUNK {blockData=conID: 1 locID: 102655682048164457 bcsId: 0} | ret=SUCCESS |  
2019-08-21 15:29:58,458 | INFO  | DNAudit | user=null | ip=null | op=WRITE_CHUNK {blockData=conID: 1 locID: 102655682048164457 bcsId: 0} | ret=SUCCESS |  
2019-08-21 15:29:58,458 | INFO  | DNAudit | user=null | ip=null | op=WRITE_CHUNK {blockData=conID: 1 locID: 102655682048164457 bcsId: 0} | ret=SUCCESS |  
2019-08-21 15:29:58,465 | INFO  | DNAudit | user=null | ip=null | op=WRITE_CHUNK {blockData=conID: 1 locID: 102655682048164457 bcsId: 0} | ret=SUCCESS |  
2019-08-21 15:29:58,466 | INFO  | DNAudit | user=null | ip=null | op=PUT_BLOCK {blockData=[blockId=conID: 1 locID: 102655682048164457 bcsId: 0,size=1048576]} | ret=SUCCESS |  
2019-08-21 15:29:58,466 | INFO  | DNAudit | user=null | ip=null | op=WRITE_CHUNK {blockData=conID: 1 locID: 102655682048164457 bcsId: 0} | ret=SUCCESS |  
2019-08-21 15:29:58,466 [grpc-default-executor-3] INFO  client.GrpcClientProtocolClient (GrpcClientProtocolClient.java:onNext(255)) - client-029E50227556->355864cd-7ac5-4934-b366-9756b15dd90f: receive RaftClientReply:client-029E50227556->355864cd-7ac5-4934-b366-9756b15dd90f@group-785BCF25C267, cid=2734, SUCCESS, logIndex=4089, commits[355864cd-7ac5-4934-b366-9756b15dd90f:c4090, ce4aa411-63c8-4399-99eb-27ce352844f3:c4088, 3eeffb0a-787e-48ec-a2f5-d0c540a89489:c4088]
2019-08-21 15:29:58,467 | INFO  | DNAudit | user=null | ip=null | op=PUT_BLOCK {blockData=[blockId=conID: 1 locID: 102655682048164457 bcsId: 0,size=2097152]} | ret=SUCCESS |  
2019-08-21 15:29:58,467 [grpc-default-executor-3] INFO  client.GrpcClientProtocolClient (GrpcClientProtocolClient.java:onNext(255)) - client-029E50227556->355864cd-7ac5-4934-b366-9756b15dd90f: receive RaftClientReply:client-029E50227556->355864cd-7ac5-4934-b366-9756b15dd90f@group-785BCF25C267, cid=2735, SUCCESS, logIndex=4090, commits[355864cd-7ac5-4934-b366-9756b15dd90f:c4091, ce4aa411-63c8-4399-99eb-27ce352844f3:c4088, 3eeffb0a-787e-48ec-a2f5-d0c540a89489:c4088]
2019-08-21 15:29:58,467 [grpc-default-executor-3] INFO  client.GrpcClientProtocolClient (GrpcClientProtocolClient.java:onNext(255)) - client-029E50227556->355864cd-7ac5-4934-b366-9756b15dd90f: receive RaftClientReply:client-029E50227556->355864cd-7ac5-4934-b366-9756b15dd90f@group-785BCF25C267, cid=2736, SUCCESS, logIndex=4091, commits[355864cd-7ac5-4934-b366-9756b15dd90f:c4092, ce4aa411-63c8-4399-99eb-27ce352844f3:c4088, 3eeffb0a-787e-48ec-a2f5-d0c540a89489:c4088]
2019-08-21 15:29:58,467 [grpc-default-executor-3] INFO  client.GrpcClientProtocolClient (GrpcClientProtocolClient.java:onNext(255)) - client-029E50227556->355864cd-7ac5-4934-b366-9756b15dd90f: receive RaftClientReply:client-029E50227556->355864cd-7ac5-4934-b366-9756b15dd90f@group-785BCF25C267, cid=2737, SUCCESS, logIndex=4092, commits[355864cd-7ac5-4934-b366-9756b15dd90f:c4092, ce4aa411-63c8-4399-99eb-27ce352844f3:c4088, 3eeffb0a-787e-48ec-a2f5-d0c540a89489:c4088]
2019-08-21 15:29:58,479 | INFO  | DNAudit | user=null | ip=null | op=WRITE_CHUNK {blockData=conID: 1 locID: 102655682048164457 bcsId: 0} | ret=SUCCESS |  
2019-08-21 15:29:58,479 | INFO  | DNAudit | user=null | ip=null | op=PUT_BLOCK {blockData=[blockId=conID: 1 locID: 102655682048164457 bcsId: 0,size=1048576]} | ret=SUCCESS |  
2019-08-21 15:29:58,480 | INFO  | DNAudit | user=null | ip=null | op=WRITE_CHUNK {blockData=conID: 1 locID: 102655682048164457 bcsId: 0} | ret=SUCCESS |  
2019-08-21 15:29:58,480 | INFO  | DNAudit | user=null | ip=null | op=PUT_BLOCK {blockData=[blockId=conID: 1 locID: 102655682048164457 bcsId: 0,size=1048576]} | ret=SUCCESS |  
2019-08-21 15:29:58,480 | INFO  | DNAudit | user=null | ip=null | op=WRITE_CHUNK {blockData=conID: 1 locID: 102655682048164457 bcsId: 0} | ret=SUCCESS |  
2019-08-21 15:29:58,480 | INFO  | DNAudit | user=null | ip=null | op=WRITE_CHUNK {blockData=conID: 1 locID: 102655682048164457 bcsId: 0} | ret=SUCCESS |  
2019-08-21 15:29:58,480 [grpc-default-executor-5] INFO  client.GrpcClientProtocolClient (GrpcClientProtocolClient.java:onNext(255)) - client-029E50227556->355864cd-7ac5-4934-b366-9756b15dd90f: receive RaftClientReply:client-029E50227556->355864cd-7ac5-4934-b366-9756b15dd90f@group-785BCF25C267, cid=2738, SUCCESS, logIndex=0, commits[355864cd-7ac5-4934-b366-9756b15dd90f:c4094, ce4aa411-63c8-4399-99eb-27ce352844f3:c4090, 3eeffb0a-787e-48ec-a2f5-d0c540a89489:c4090]
2019-08-21 15:29:58,480 | INFO  | DNAudit | user=null | ip=null | op=PUT_BLOCK {blockData=[blockId=conID: 1 locID: 102655682048164457 bcsId: 0,size=2097152]} | ret=SUCCESS |  
2019-08-21 15:29:58,481 | INFO  | DNAudit | user=null | ip=null | op=PUT_BLOCK {blockData=[blockId=conID: 1 locID: 102655682048164457 bcsId: 0,size=2097152]} | ret=SUCCESS |  
2019-08-21 15:29:58,487 | INFO  | DNAudit | user=null | ip=null | op=WRITE_CHUNK {blockData=conID: 1 locID: 102655682048164457 bcsId: 4092} | ret=SUCCESS |  
2019-08-21 15:29:58,489 | INFO  | DNAudit | user=null | ip=null | op=WRITE_CHUNK {blockData=conID: 1 locID: 102655682048164457 bcsId: 4092} | ret=SUCCESS |  
2019-08-21 15:29:58,490 | INFO  | DNAudit | user=null | ip=null | op=WRITE_CHUNK {blockData=conID: 1 locID: 102655682048164457 bcsId: 4092} | ret=SUCCESS |  
2019-08-21 15:29:58,500 | INFO  | DNAudit | user=null | ip=null | op=WRITE_CHUNK {blockData=conID: 1 locID: 102655682048164457 bcsId: 4092} | ret=SUCCESS |  
2019-08-21 15:29:58,500 | INFO  | DNAudit | user=null | ip=null | op=PUT_BLOCK {blockData=[blockId=conID: 1 locID: 102655682048164457 bcsId: 0,size=3145728]} | ret=SUCCESS |  
2019-08-21 15:29:58,500 [grpc-default-executor-5] INFO  client.GrpcClientProtocolClient (GrpcClientProtocolClient.java:onNext(255)) - client-029E50227556->355864cd-7ac5-4934-b366-9756b15dd90f: receive RaftClientReply:client-029E50227556->355864cd-7ac5-4934-b366-9756b15dd90f@group-785BCF25C267, cid=2739, SUCCESS, logIndex=4097, commits[355864cd-7ac5-4934-b366-9756b15dd90f:c4098, ce4aa411-63c8-4399-99eb-27ce352844f3:c4092, 3eeffb0a-787e-48ec-a2f5-d0c540a89489:c4096]
2019-08-21 15:29:58,501 [grpc-default-executor-5] INFO  client.GrpcClientProtocolClient (GrpcClientProtocolClient.java:onNext(255)) - client-029E50227556->355864cd-7ac5-4934-b366-9756b15dd90f: receive RaftClientReply:client-029E50227556->355864cd-7ac5-4934-b366-9756b15dd90f@group-785BCF25C267, cid=2740, SUCCESS, logIndex=4098, commits[355864cd-7ac5-4934-b366-9756b15dd90f:c4098, ce4aa411-63c8-4399-99eb-27ce352844f3:c4096, 3eeffb0a-787e-48ec-a2f5-d0c540a89489:c4096]
2019-08-21 15:29:58,507 | INFO  | DNAudit | user=null | ip=null | op=WRITE_CHUNK {blockData=conID: 1 locID: 102655682048164457 bcsId: 4098} | ret=SUCCESS |  
2019-08-21 15:29:58,509 | INFO  | DNAudit | user=null | ip=null | op=WRITE_CHUNK {blockData=conID: 1 locID: 102655682048164457 bcsId: 4098} | ret=SUCCESS |  
2019-08-21 15:29:58,510 | INFO  | DNAudit | user=null | ip=null | op=WRITE_CHUNK {blockData=conID: 1 locID: 102655682048164457 bcsId: 4092} | ret=SUCCESS |  
2019-08-21 15:29:58,510 | INFO  | DNAudit | user=null | ip=null | op=WRITE_CHUNK {blockData=conID: 1 locID: 102655682048164457 bcsId: 4098} | ret=SUCCESS |  
2019-08-21 15:29:58,510 | INFO  | DNAudit | user=null | ip=null | op=WRITE_CHUNK {blockData=conID: 1 locID: 102655682048164457 bcsId: 4092} | ret=SUCCESS |  
2019-08-21 15:29:58,511 | INFO  | DNAudit | user=null | ip=null | op=PUT_BLOCK {blockData=[blockId=conID: 1 locID: 102655682048164457 bcsId: 0,size=3145728]} | ret=SUCCESS |  
2019-08-21 15:29:58,511 | INFO  | DNAudit | user=null | ip=null | op=WRITE_CHUNK {blockData=conID: 1 locID: 102655682048164457 bcsId: 4098} | ret=SUCCESS |  
2019-08-21 15:29:58,511 | INFO  | DNAudit | user=null | ip=null | op=PUT_BLOCK {blockData=[blockId=conID: 1 locID: 102655682048164457 bcsId: 0,size=3145728]} | ret=SUCCESS |  
2019-08-21 15:29:58,512 | INFO  | DNAudit | user=null | ip=null | op=PUT_BLOCK {blockData=[blockId=conID: 1 locID: 102655682048164457 bcsId: 0,size=4194304]} | ret=SUCCESS |  
2019-08-21 15:29:58,512 [grpc-default-executor-3] INFO  client.GrpcClientProtocolClient (GrpcClientProtocolClient.java:onNext(255)) - client-029E50227556->355864cd-7ac5-4934-b366-9756b15dd90f: receive RaftClientReply:client-029E50227556->355864cd-7ac5-4934-b366-9756b15dd90f@group-785BCF25C267, cid=2741, SUCCESS, logIndex=4101, commits[355864cd-7ac5-4934-b366-9756b15dd90f:c4102, ce4aa411-63c8-4399-99eb-27ce352844f3:c4098, 3eeffb0a-787e-48ec-a2f5-d0c540a89489:c4097]
2019-08-21 15:29:58,512 [grpc-default-executor-3] INFO  client.GrpcClientProtocolClient (GrpcClientProtocolClient.java:onNext(255)) - client-029E50227556->355864cd-7ac5-4934-b366-9756b15dd90f: receive RaftClientReply:client-029E50227556->355864cd-7ac5-4934-b366-9756b15dd90f@group-785BCF25C267, cid=2742, SUCCESS, logIndex=4102, commits[355864cd-7ac5-4934-b366-9756b15dd90f:c4102, ce4aa411-63c8-4399-99eb-27ce352844f3:c4098, 3eeffb0a-787e-48ec-a2f5-d0c540a89489:c4098]
2019-08-21 15:29:58,514 | INFO  | DNAudit | user=null | ip=null | op=WRITE_CHUNK {blockData=conID: 1 locID: 102655682048164457 bcsId: 4098} | ret=SUCCESS |  
2019-08-21 15:29:58,514 | INFO  | DNAudit | user=null | ip=null | op=WRITE_CHUNK {blockData=conID: 1 locID: 102655682048164457 bcsId: 4098} | ret=SUCCESS |  
2019-08-21 15:29:58,516 | INFO  | DNAudit | user=null | ip=null | op=PUT_BLOCK {blockData=[blockId=conID: 1 locID: 102655682048164457 bcsId: 0,size=4194304]} | ret=SUCCESS |  
2019-08-21 15:29:58,516 | INFO  | DNAudit | user=null | ip=null | op=PUT_BLOCK {blockData=[blockId=conID: 1 locID: 102655682048164457 bcsId: 0,size=4194304]} | ret=SUCCESS |  
2019-08-21 15:29:58,517 [grpc-default-executor-3] INFO  client.GrpcClientProtocolClient (GrpcClientProtocolClient.java:onNext(255)) - client-029E50227556->355864cd-7ac5-4934-b366-9756b15dd90f: receive RaftClientReply:client-029E50227556->355864cd-7ac5-4934-b366-9756b15dd90f@group-785BCF25C267, cid=2743, SUCCESS, logIndex=0, commits[355864cd-7ac5-4934-b366-9756b15dd90f:c4104, ce4aa411-63c8-4399-99eb-27ce352844f3:c4102, 3eeffb0a-787e-48ec-a2f5-d0c540a89489:c4102]
2019-08-21 15:29:58,521 | INFO  | SCMAudit | user=jenkins1000 | ip=192.168.5.153 | op=ALLOCATE_BLOCK {owner=78849ec2-2b05-45d8-8cb5-e95e2230dbd1, size=4194304, type=RATIS, factor=THREE} | ret=SUCCESS |  
2019-08-21 15:29:58,524 | INFO  | OMAudit | user=jenkins1000 | ip=127.0.0.1 | op=ALLOCATE_BLOCK {volume=vol-0-32358, bucket=bucket-0-01949, key=key-0-56547, dataSize=0, replicationType=null, replicationFactor=null, keyLocationInfo=null, clientID=102655680532119954} | ret=SUCCESS |  
2019-08-21 15:29:58,530 | INFO  | DNAudit | user=null | ip=null | op=WRITE_CHUNK {blockData=conID: 2 locID: 102655682053472874 bcsId: 0} | ret=SUCCESS |  
2019-08-21 15:29:58,533 | INFO  | DNAudit | user=null | ip=null | op=WRITE_CHUNK {blockData=conID: 2 locID: 102655682053472874 bcsId: 0} | ret=SUCCESS |  
2019-08-21 15:29:58,534 | INFO  | DNAudit | user=null | ip=null | op=WRITE_CHUNK {blockData=conID: 2 locID: 102655682053472874 bcsId: 0} | ret=SUCCESS |  
2019-08-21 15:29:58,534 | INFO  | DNAudit | user=null | ip=null | op=WRITE_CHUNK {blockData=conID: 2 locID: 102655682053472874 bcsId: 0} | ret=SUCCESS |  
2019-08-21 15:29:58,535 | INFO  | DNAudit | user=null | ip=null | op=WRITE_CHUNK {blockData=conID: 2 locID: 102655682053472874 bcsId: 0} | ret=SUCCESS |  
2019-08-21 15:29:58,535 | INFO  | DNAudit | user=null | ip=null | op=WRITE_CHUNK {blockData=conID: 2 locID: 102655682053472874 bcsId: 0} | ret=SUCCESS |  
2019-08-21 15:29:58,541 | INFO  | DNAudit | user=null | ip=null | op=WRITE_CHUNK {blockData=conID: 2 locID: 102655682053472874 bcsId: 0} | ret=SUCCESS |  
2019-08-21 15:29:58,542 | INFO  | DNAudit | user=null | ip=null | op=PUT_BLOCK {blockData=[blockId=conID: 2 locID: 102655682053472874 bcsId: 0,size=1048576]} | ret=SUCCESS |  
2019-08-21 15:29:58,542 [grpc-default-executor-4] INFO  client.GrpcClientProtocolClient (GrpcClientProtocolClient.java:onNext(255)) - client-029E50227556->355864cd-7ac5-4934-b366-9756b15dd90f: receive RaftClientReply:client-029E50227556->355864cd-7ac5-4934-b366-9756b15dd90f@group-785BCF25C267, cid=2744, SUCCESS, logIndex=4105, commits[355864cd-7ac5-4934-b366-9756b15dd90f:c4106, ce4aa411-63c8-4399-99eb-27ce352844f3:c4104, 3eeffb0a-787e-48ec-a2f5-d0c540a89489:c4104]
2019-08-21 15:29:58,542 | INFO  | DNAudit | user=null | ip=null | op=WRITE_CHUNK {blockData=conID: 2 locID: 102655682053472874 bcsId: 0} | ret=SUCCESS |  
2019-08-21 15:29:58,542 [grpc-default-executor-4] INFO  client.GrpcClientProtocolClient (GrpcClientProtocolClient.java:onNext(255)) - client-029E50227556->355864cd-7ac5-4934-b366-9756b15dd90f: receive RaftClientReply:client-029E50227556->355864cd-7ac5-4934-b366-9756b15dd90f@group-785BCF25C267, cid=2745, SUCCESS, logIndex=4106, commits[355864cd-7ac5-4934-b366-9756b15dd90f:c4107, ce4aa411-63c8-4399-99eb-27ce352844f3:c4104, 3eeffb0a-787e-48ec-a2f5-d0c540a89489:c4104]
2019-08-21 15:29:58,543 | INFO  | DNAudit | user=null | ip=null | op=PUT_BLOCK {blockData=[blockId=conID: 2 locID: 102655682053472874 bcsId: 0,size=2097152]} | ret=SUCCESS |  
2019-08-21 15:29:58,543 | INFO  | DNAudit | user=null | ip=null | op=WRITE_CHUNK {blockData=conID: 2 locID: 102655682053472874 bcsId: 0} | ret=SUCCESS |  
2019-08-21 15:29:58,543 [grpc-default-executor-3] INFO  client.GrpcClientProtocolClient (GrpcClientProtocolClient.java:onNext(255)) - client-029E50227556->355864cd-7ac5-4934-b366-9756b15dd90f: receive RaftClientReply:client-029E50227556->355864cd-7ac5-4934-b366-9756b15dd90f@group-785BCF25C267, cid=2746, SUCCESS, logIndex=4107, commits[355864cd-7ac5-4934-b366-9756b15dd90f:c4108, ce4aa411-63c8-4399-99eb-27ce352844f3:c4104, 3eeffb0a-787e-48ec-a2f5-d0c540a89489:c4104]
2019-08-21 15:29:58,543 | INFO  | DNAudit | user=null | ip=null | op=WRITE_CHUNK {blockData=conID: 2 locID: 102655682053472874 bcsId: 0} | ret=SUCCESS |  
2019-08-21 15:29:58,543 [grpc-default-executor-3] INFO  client.GrpcClientProtocolClient (GrpcClientProtocolClient.java:onNext(255)) - client-029E50227556->355864cd-7ac5-4934-b366-9756b15dd90f: receive RaftClientReply:client-029E50227556->355864cd-7ac5-4934-b366-9756b15dd90f@group-785BCF25C267, cid=2747, SUCCESS, logIndex=4108, commits[355864cd-7ac5-4934-b366-9756b15dd90f:c4109, ce4aa411-63c8-4399-99eb-27ce352844f3:c4105, 3eeffb0a-787e-48ec-a2f5-d0c540a89489:c4104]
2019-08-21 15:29:58,543 | INFO  | DNAudit | user=null | ip=null | op=PUT_BLOCK {blockData=[blockId=conID: 2 locID: 102655682053472874 bcsId: 0,size=1048576]} | ret=SUCCESS |  
2019-08-21 15:29:58,544 | INFO  | DNAudit | user=null | ip=null | op=WRITE_CHUNK {blockData=conID: 2 locID: 102655682053472874 bcsId: 0} | ret=SUCCESS |  
2019-08-21 15:29:58,546 | INFO  | DNAudit | user=null | ip=null | op=PUT_BLOCK {blockData=[blockId=conID: 2 locID: 102655682053472874 bcsId: 0,size=1048576]} | ret=SUCCESS |  
2019-08-21 15:29:58,546 | INFO  | DNAudit | user=null | ip=null | op=WRITE_CHUNK {blockData=conID: 2 locID: 102655682053472874 bcsId: 0} | ret=SUCCESS |  
2019-08-21 15:29:58,546 | INFO  | DNAudit | user=null | ip=null | op=PUT_BLOCK {blockData=[blockId=conID: 2 locID: 102655682053472874 bcsId: 0,size=2097152]} | ret=SUCCESS |  
2019-08-21 15:29:58,546 [grpc-default-executor-3] INFO  client.GrpcClientProtocolClient (GrpcClientProtocolClient.java:onNext(255)) - client-029E50227556->355864cd-7ac5-4934-b366-9756b15dd90f: receive RaftClientReply:client-029E50227556->355864cd-7ac5-4934-b366-9756b15dd90f@group-785BCF25C267, cid=2748, SUCCESS, logIndex=0, commits[355864cd-7ac5-4934-b366-9756b15dd90f:c4111, ce4aa411-63c8-4399-99eb-27ce352844f3:c4106, 3eeffb0a-787e-48ec-a2f5-d0c540a89489:c4107]
2019-08-21 15:29:58,552 | INFO  | DNAudit | user=null | ip=null | op=WRITE_CHUNK {blockData=conID: 2 locID: 102655682053472874 bcsId: 4108} | ret=SUCCESS |  
2019-08-21 15:29:58,555 | INFO  | DNAudit | user=null | ip=null | op=WRITE_CHUNK {blockData=conID: 2 locID: 102655682053472874 bcsId: 4108} | ret=SUCCESS |  
2019-08-21 15:29:58,555 | INFO  | DNAudit | user=null | ip=null | op=PUT_BLOCK {blockData=[blockId=conID: 2 locID: 102655682053472874 bcsId: 0,size=2097152]} | ret=SUCCESS |  
2019-08-21 15:29:58,555 | INFO  | DNAudit | user=null | ip=null | op=WRITE_CHUNK {blockData=conID: 2 locID: 102655682053472874 bcsId: 4108} | ret=SUCCESS |  
2019-08-21 15:29:58,556 | INFO  | DNAudit | user=null | ip=null | op=WRITE_CHUNK {blockData=conID: 2 locID: 102655682053472874 bcsId: 4108} | ret=SUCCESS |  
2019-08-21 15:29:58,557 | INFO  | DNAudit | user=null | ip=null | op=PUT_BLOCK {blockData=[blockId=conID: 2 locID: 102655682053472874 bcsId: 0,size=3145728]} | ret=SUCCESS |  
2019-08-21 15:29:58,557 [grpc-default-executor-3] INFO  client.GrpcClientProtocolClient (GrpcClientProtocolClient.java:onNext(255)) - client-029E50227556->355864cd-7ac5-4934-b366-9756b15dd90f: receive RaftClientReply:client-029E50227556->355864cd-7ac5-4934-b366-9756b15dd90f@group-785BCF25C267, cid=2749, SUCCESS, logIndex=4113, commits[355864cd-7ac5-4934-b366-9756b15dd90f:c4114, ce4aa411-63c8-4399-99eb-27ce352844f3:c4112, 3eeffb0a-787e-48ec-a2f5-d0c540a89489:c4108]
2019-08-21 15:29:58,557 [grpc-default-executor-3] INFO  client.GrpcClientProtocolClient (GrpcClientProtocolClient.java:onNext(255)) - client-029E50227556->355864cd-7ac5-4934-b366-9756b15dd90f: receive RaftClientReply:client-029E50227556->355864cd-7ac5-4934-b366-9756b15dd90f@group-785BCF25C267, cid=2750, SUCCESS, logIndex=4114, commits[355864cd-7ac5-4934-b366-9756b15dd90f:c4114, ce4aa411-63c8-4399-99eb-27ce352844f3:c4112, 3eeffb0a-787e-48ec-a2f5-d0c540a89489:c4108]
2019-08-21 15:29:58,558 | INFO  | DNAudit | user=null | ip=null | op=WRITE_CHUNK {blockData=conID: 2 locID: 102655682053472874 bcsId: 4108} | ret=SUCCESS |  
2019-08-21 15:29:58,558 | INFO  | DNAudit | user=null | ip=null | op=PUT_BLOCK {blockData=[blockId=conID: 2 locID: 102655682053472874 bcsId: 0,size=3145728]} | ret=SUCCESS |  
2019-08-21 15:29:58,559 | INFO  | DNAudit | user=null | ip=null | op=WRITE_CHUNK {blockData=conID: 2 locID: 102655682053472874 bcsId: 4108} | ret=SUCCESS |  
2019-08-21 15:29:58,559 | INFO  | DNAudit | user=null | ip=null | op=PUT_BLOCK {blockData=[blockId=conID: 2 locID: 102655682053472874 bcsId: 0,size=3145728]} | ret=SUCCESS |  
2019-08-21 15:29:58,563 | INFO  | DNAudit | user=null | ip=null | op=WRITE_CHUNK {blockData=conID: 2 locID: 102655682053472874 bcsId: 4114} | ret=SUCCESS |  
2019-08-21 15:29:58,565 | INFO  | DNAudit | user=null | ip=null | op=WRITE_CHUNK {blockData=conID: 2 locID: 102655682053472874 bcsId: 4114} | ret=SUCCESS |  
2019-08-21 15:29:58,566 | INFO  | DNAudit | user=null | ip=null | op=WRITE_CHUNK {blockData=conID: 2 locID: 102655682053472874 bcsId: 4114} | ret=SUCCESS |  
2019-08-21 15:29:58,579 | INFO  | DNAudit | user=null | ip=null | op=WRITE_CHUNK {blockData=conID: 2 locID: 102655682053472874 bcsId: 4114} | ret=SUCCESS |  
2019-08-21 15:29:58,580 | INFO  | DNAudit | user=null | ip=null | op=PUT_BLOCK {blockData=[blockId=conID: 2 locID: 102655682053472874 bcsId: 0,size=4194304]} | ret=SUCCESS |  
2019-08-21 15:29:58,580 [grpc-default-executor-3] INFO  client.GrpcClientProtocolClient (GrpcClientProtocolClient.java:onNext(255)) - client-029E50227556->355864cd-7ac5-4934-b366-9756b15dd90f: receive RaftClientReply:client-029E50227556->355864cd-7ac5-4934-b366-9756b15dd90f@group-785BCF25C267, cid=2751, SUCCESS, logIndex=4117, commits[355864cd-7ac5-4934-b366-9756b15dd90f:c4118, ce4aa411-63c8-4399-99eb-27ce352844f3:c4116, 3eeffb0a-787e-48ec-a2f5-d0c540a89489:c4116]
2019-08-21 15:29:58,580 [grpc-default-executor-3] INFO  client.GrpcClientProtocolClient (GrpcClientProtocolClient.java:onNext(255)) - client-029E50227556->355864cd-7ac5-4934-b366-9756b15dd90f: receive RaftClientReply:client-029E50227556->355864cd-7ac5-4934-b366-9756b15dd90f@group-785BCF25C267, cid=2752, SUCCESS, logIndex=4118, commits[355864cd-7ac5-4934-b366-9756b15dd90f:c4118, ce4aa411-63c8-4399-99eb-27ce352844f3:c4116, 3eeffb0a-787e-48ec-a2f5-d0c540a89489:c4116]
2019-08-21 15:29:58,592 | INFO  | DNAudit | user=null | ip=null | op=WRITE_CHUNK {blockData=conID: 2 locID: 102655682053472874 bcsId: 4114} | ret=SUCCESS |  
2019-08-21 15:29:58,592 | INFO  | DNAudit | user=null | ip=null | op=WRITE_CHUNK {blockData=conID: 2 locID: 102655682053472874 bcsId: 4114} | ret=SUCCESS |  
2019-08-21 15:29:58,592 | INFO  | DNAudit | user=null | ip=null | op=PUT_BLOCK {blockData=[blockId=conID: 2 locID: 102655682053472874 bcsId: 0,size=4194304]} | ret=SUCCESS |  
2019-08-21 15:29:58,592 | INFO  | DNAudit | user=null | ip=null | op=PUT_BLOCK {blockData=[blockId=conID: 2 locID: 102655682053472874 bcsId: 0,size=4194304]} | ret=SUCCESS |  
2019-08-21 15:29:58,592 [grpc-default-executor-4] INFO  client.GrpcClientProtocolClient (GrpcClientProtocolClient.java:onNext(255)) - client-029E50227556->355864cd-7ac5-4934-b366-9756b15dd90f: receive RaftClientReply:client-029E50227556->355864cd-7ac5-4934-b366-9756b15dd90f@group-785BCF25C267, cid=2753, SUCCESS, logIndex=0, commits[355864cd-7ac5-4934-b366-9756b15dd90f:c4119, ce4aa411-63c8-4399-99eb-27ce352844f3:c4118, 3eeffb0a-787e-48ec-a2f5-d0c540a89489:c4118]
2019-08-21 15:29:58,597 | INFO  | SCMAudit | user=jenkins1000 | ip=192.168.5.153 | op=ALLOCATE_BLOCK {owner=78849ec2-2b05-45d8-8cb5-e95e2230dbd1, size=4194304, type=RATIS, factor=THREE} | ret=SUCCESS |  
2019-08-21 15:29:58,600 | INFO  | OMAudit | user=jenkins1000 | ip=127.0.0.1 | op=ALLOCATE_BLOCK {volume=vol-0-32358, bucket=bucket-0-01949, key=key-0-56547, dataSize=0, replicationType=null, replicationFactor=null, keyLocationInfo=null, clientID=102655680532119954} | ret=SUCCESS |  
2019-08-21 15:29:58,606 | INFO  | DNAudit | user=null | ip=null | op=WRITE_CHUNK {blockData=conID: 3 locID: 102655682058453611 bcsId: 0} | ret=SUCCESS |  
2019-08-21 15:29:58,609 | INFO  | DNAudit | user=null | ip=null | op=WRITE_CHUNK {blockData=conID: 3 locID: 102655682058453611 bcsId: 0} | ret=SUCCESS |  
2019-08-21 15:29:58,609 | INFO  | DNAudit | user=null | ip=null | op=WRITE_CHUNK {blockData=conID: 3 locID: 102655682058453611 bcsId: 0} | ret=SUCCESS |  
2019-08-21 15:29:58,609 | INFO  | DNAudit | user=null | ip=null | op=WRITE_CHUNK {blockData=conID: 3 locID: 102655682058453611 bcsId: 0} | ret=SUCCESS |  
2019-08-21 15:29:58,611 | INFO  | DNAudit | user=null | ip=null | op=WRITE_CHUNK {blockData=conID: 3 locID: 102655682058453611 bcsId: 0} | ret=SUCCESS |  
2019-08-21 15:29:58,611 | INFO  | DNAudit | user=null | ip=null | op=WRITE_CHUNK {blockData=conID: 3 locID: 102655682058453611 bcsId: 0} | ret=SUCCESS |  
2019-08-21 15:29:58,619 | INFO  | DNAudit | user=null | ip=null | op=WRITE_CHUNK {blockData=conID: 3 locID: 102655682058453611 bcsId: 0} | ret=SUCCESS |  
2019-08-21 15:29:58,619 | INFO  | DNAudit | user=null | ip=null | op=PUT_BLOCK {blockData=[blockId=conID: 3 locID: 102655682058453611 bcsId: 0,size=1048576]} | ret=SUCCESS |  
2019-08-21 15:29:58,619 [grpc-default-executor-3] INFO  client.GrpcClientProtocolClient (GrpcClientProtocolClient.java:onNext(255)) - client-029E50227556->355864cd-7ac5-4934-b366-9756b15dd90f: receive RaftClientReply:client-029E50227556->355864cd-7ac5-4934-b366-9756b15dd90f@group-785BCF25C267, cid=2754, SUCCESS, logIndex=4121, commits[355864cd-7ac5-4934-b366-9756b15dd90f:c4122, ce4aa411-63c8-4399-99eb-27ce352844f3:c4120, 3eeffb0a-787e-48ec-a2f5-d0c540a89489:c4120]
2019-08-21 15:29:58,619 | INFO  | DNAudit | user=null | ip=null | op=WRITE_CHUNK {blockData=conID: 3 locID: 102655682058453611 bcsId: 0} | ret=SUCCESS |  
2019-08-21 15:29:58,620 | INFO  | DNAudit | user=null | ip=null | op=PUT_BLOCK {blockData=[blockId=conID: 3 locID: 102655682058453611 bcsId: 0,size=2097152]} | ret=SUCCESS |  
2019-08-21 15:29:58,620 | INFO  | DNAudit | user=null | ip=null | op=WRITE_CHUNK {blockData=conID: 3 locID: 102655682058453611 bcsId: 0} | ret=SUCCESS |  
2019-08-21 15:29:58,620 [grpc-default-executor-3] INFO  client.GrpcClientProtocolClient (GrpcClientProtocolClient.java:onNext(255)) - client-029E50227556->355864cd-7ac5-4934-b366-9756b15dd90f: receive RaftClientReply:client-029E50227556->355864cd-7ac5-4934-b366-9756b15dd90f@group-785BCF25C267, cid=2755, SUCCESS, logIndex=4122, commits[355864cd-7ac5-4934-b366-9756b15dd90f:c4124, ce4aa411-63c8-4399-99eb-27ce352844f3:c4120, 3eeffb0a-787e-48ec-a2f5-d0c540a89489:c4120]
2019-08-21 15:29:58,620 | INFO  | DNAudit | user=null | ip=null | op=WRITE_CHUNK {blockData=conID: 3 locID: 102655682058453611 bcsId: 0} | ret=SUCCESS |  
2019-08-21 15:29:58,620 [grpc-default-executor-3] INFO  client.GrpcClientProtocolClient (GrpcClientProtocolClient.java:onNext(255)) - client-029E50227556->355864cd-7ac5-4934-b366-9756b15dd90f: receive RaftClientReply:client-029E50227556->355864cd-7ac5-4934-b366-9756b15dd90f@group-785BCF25C267, cid=2756, SUCCESS, logIndex=4123, commits[355864cd-7ac5-4934-b366-9756b15dd90f:c4124, ce4aa411-63c8-4399-99eb-27ce352844f3:c4120, 3eeffb0a-787e-48ec-a2f5-d0c540a89489:c4120]
2019-08-21 15:29:58,620 [grpc-default-executor-3] INFO  client.GrpcClientProtocolClient (GrpcClientProtocolClient.java:onNext(255)) - client-029E50227556->355864cd-7ac5-4934-b366-9756b15dd90f: receive RaftClientReply:client-029E50227556->355864cd-7ac5-4934-b366-9756b15dd90f@group-785BCF25C267, cid=2757, SUCCESS, logIndex=4124, commits[355864cd-7ac5-4934-b366-9756b15dd90f:c4124, ce4aa411-63c8-4399-99eb-27ce352844f3:c4120, 3eeffb0a-787e-48ec-a2f5-d0c540a89489:c4120]
2019-08-21 15:29:58,623 | INFO  | DNAudit | user=null | ip=null | op=PUT_BLOCK {blockData=[blockId=conID: 3 locID: 102655682058453611 bcsId: 0,size=1048576]} | ret=SUCCESS |  
2019-08-21 15:29:58,623 | INFO  | DNAudit | user=null | ip=null | op=PUT_BLOCK {blockData=[blockId=conID: 3 locID: 102655682058453611 bcsId: 0,size=1048576]} | ret=SUCCESS |  
2019-08-21 15:29:58,623 | INFO  | DNAudit | user=null | ip=null | op=WRITE_CHUNK {blockData=conID: 3 locID: 102655682058453611 bcsId: 0} | ret=SUCCESS |  
2019-08-21 15:29:58,623 | INFO  | DNAudit | user=null | ip=null | op=WRITE_CHUNK {blockData=conID: 3 locID: 102655682058453611 bcsId: 0} | ret=SUCCESS |  
2019-08-21 15:29:58,623 | INFO  | DNAudit | user=null | ip=null | op=PUT_BLOCK {blockData=[blockId=conID: 3 locID: 102655682058453611 bcsId: 0,size=2097152]} | ret=SUCCESS |  
2019-08-21 15:29:58,623 | INFO  | DNAudit | user=null | ip=null | op=PUT_BLOCK {blockData=[blockId=conID: 3 locID: 102655682058453611 bcsId: 0,size=2097152]} | ret=SUCCESS |  
2019-08-21 15:29:58,623 [grpc-default-executor-3] INFO  client.GrpcClientProtocolClient (GrpcClientProtocolClient.java:onNext(255)) - client-029E50227556->355864cd-7ac5-4934-b366-9756b15dd90f: receive RaftClientReply:client-029E50227556->355864cd-7ac5-4934-b366-9756b15dd90f@group-785BCF25C267, cid=2758, SUCCESS, logIndex=0, commits[355864cd-7ac5-4934-b366-9756b15dd90f:c4126, ce4aa411-63c8-4399-99eb-27ce352844f3:c4122, 3eeffb0a-787e-48ec-a2f5-d0c540a89489:c4122]
2019-08-21 15:29:58,628 | INFO  | DNAudit | user=null | ip=null | op=WRITE_CHUNK {blockData=conID: 3 locID: 102655682058453611 bcsId: 4124} | ret=SUCCESS |  
2019-08-21 15:29:58,630 | INFO  | DNAudit | user=null | ip=null | op=WRITE_CHUNK {blockData=conID: 3 locID: 102655682058453611 bcsId: 4124} | ret=SUCCESS |  
2019-08-21 15:29:58,631 | INFO  | DNAudit | user=null | ip=null | op=WRITE_CHUNK {blockData=conID: 3 locID: 102655682058453611 bcsId: 4124} | ret=SUCCESS |  
2019-08-21 15:29:58,634 | INFO  | DNAudit | user=null | ip=null | op=WRITE_CHUNK {blockData=conID: 3 locID: 102655682058453611 bcsId: 4124} | ret=SUCCESS |  
2019-08-21 15:29:58,635 | INFO  | DNAudit | user=null | ip=null | op=PUT_BLOCK {blockData=[blockId=conID: 3 locID: 102655682058453611 bcsId: 0,size=3145728]} | ret=SUCCESS |  
2019-08-21 15:29:58,635 [grpc-default-executor-4] INFO  client.GrpcClientProtocolClient (GrpcClientProtocolClient.java:onNext(255)) - client-029E50227556->355864cd-7ac5-4934-b366-9756b15dd90f: receive RaftClientReply:client-029E50227556->355864cd-7ac5-4934-b366-9756b15dd90f@group-785BCF25C267, cid=2759, SUCCESS, logIndex=4128, commits[355864cd-7ac5-4934-b366-9756b15dd90f:c4129, ce4aa411-63c8-4399-99eb-27ce352844f3:c4126, 3eeffb0a-787e-48ec-a2f5-d0c540a89489:c4126]
2019-08-21 15:29:58,635 [grpc-default-executor-4] INFO  client.GrpcClientProtocolClient (GrpcClientProtocolClient.java:onNext(255)) - client-029E50227556->355864cd-7ac5-4934-b366-9756b15dd90f: receive RaftClientReply:client-029E50227556->355864cd-7ac5-4934-b366-9756b15dd90f@group-785BCF25C267, cid=2760, SUCCESS, logIndex=4129, commits[355864cd-7ac5-4934-b366-9756b15dd90f:c4129, ce4aa411-63c8-4399-99eb-27ce352844f3:c4126, 3eeffb0a-787e-48ec-a2f5-d0c540a89489:c4126]
2019-08-21 15:29:58,636 | INFO  | DNAudit | user=null | ip=null | op=WRITE_CHUNK {blockData=conID: 3 locID: 102655682058453611 bcsId: 4124} | ret=SUCCESS |  
2019-08-21 15:29:58,636 | INFO  | DNAudit | user=null | ip=null | op=WRITE_CHUNK {blockData=conID: 3 locID: 102655682058453611 bcsId: 4124} | ret=SUCCESS |  
2019-08-21 15:29:58,636 | INFO  | DNAudit | user=null | ip=null | op=PUT_BLOCK {blockData=[blockId=conID: 3 locID: 102655682058453611 bcsId: 0,size=3145728]} | ret=SUCCESS |  
2019-08-21 15:29:58,636 | INFO  | DNAudit | user=null | ip=null | op=PUT_BLOCK {blockData=[blockId=conID: 3 locID: 102655682058453611 bcsId: 0,size=3145728]} | ret=SUCCESS |  
2019-08-21 15:29:58,766 | INFO  | DNAudit | user=null | ip=null | op=WRITE_CHUNK {blockData=conID: 3 locID: 102655682058453611 bcsId: 4129} | ret=SUCCESS |  
2019-08-21 15:29:58,768 | INFO  | DNAudit | user=null | ip=null | op=WRITE_CHUNK {blockData=conID: 3 locID: 102655682058453611 bcsId: 4129} | ret=SUCCESS |  
2019-08-21 15:29:58,769 | INFO  | DNAudit | user=null | ip=null | op=WRITE_CHUNK {blockData=conID: 3 locID: 102655682058453611 bcsId: 4129} | ret=SUCCESS |  
2019-08-21 15:29:58,779 | INFO  | DNAudit | user=null | ip=null | op=WRITE_CHUNK {blockData=conID: 3 locID: 102655682058453611 bcsId: 4129} | ret=SUCCESS |  
2019-08-21 15:29:58,779 | INFO  | DNAudit | user=null | ip=null | op=PUT_BLOCK {blockData=[blockId=conID: 3 locID: 102655682058453611 bcsId: 0,size=4194304]} | ret=SUCCESS |  
2019-08-21 15:29:58,780 [grpc-default-executor-3] INFO  client.GrpcClientProtocolClient (GrpcClientProtocolClient.java:onNext(255)) - client-029E50227556->355864cd-7ac5-4934-b366-9756b15dd90f: receive RaftClientReply:client-029E50227556->355864cd-7ac5-4934-b366-9756b15dd90f@group-785BCF25C267, cid=2761, SUCCESS, logIndex=4132, commits[355864cd-7ac5-4934-b366-9756b15dd90f:c4133, ce4aa411-63c8-4399-99eb-27ce352844f3:c4131, 3eeffb0a-787e-48ec-a2f5-d0c540a89489:c4131]
2019-08-21 15:29:58,780 [grpc-default-executor-3] INFO  client.GrpcClientProtocolClient (GrpcClientProtocolClient.java:onNext(255)) - client-029E50227556->355864cd-7ac5-4934-b366-9756b15dd90f: receive RaftClientReply:client-029E50227556->355864cd-7ac5-4934-b366-9756b15dd90f@group-785BCF25C267, cid=2762, SUCCESS, logIndex=4133, commits[355864cd-7ac5-4934-b366-9756b15dd90f:c4133, ce4aa411-63c8-4399-99eb-27ce352844f3:c4131, 3eeffb0a-787e-48ec-a2f5-d0c540a89489:c4131]
2019-08-21 15:29:58,790 | INFO  | DNAudit | user=null | ip=null | op=WRITE_CHUNK {blockData=conID: 3 locID: 102655682058453611 bcsId: 4129} | ret=SUCCESS |  
2019-08-21 15:29:58,790 | INFO  | DNAudit | user=null | ip=null | op=WRITE_CHUNK {blockData=conID: 3 locID: 102655682058453611 bcsId: 4129} | ret=SUCCESS |  
2019-08-21 15:29:58,791 | INFO  | DNAudit | user=null | ip=null | op=PUT_BLOCK {blockData=[blockId=conID: 3 locID: 102655682058453611 bcsId: 0,size=4194304]} | ret=SUCCESS |  
2019-08-21 15:29:58,791 | INFO  | DNAudit | user=null | ip=null | op=PUT_BLOCK {blockData=[blockId=conID: 3 locID: 102655682058453611 bcsId: 0,size=4194304]} | ret=SUCCESS |  
2019-08-21 15:29:58,791 [grpc-default-executor-4] INFO  client.GrpcClientProtocolClient (GrpcClientProtocolClient.java:onNext(255)) - client-029E50227556->355864cd-7ac5-4934-b366-9756b15dd90f: receive RaftClientReply:client-029E50227556->355864cd-7ac5-4934-b366-9756b15dd90f@group-785BCF25C267, cid=2763, SUCCESS, logIndex=0, commits[355864cd-7ac5-4934-b366-9756b15dd90f:c4134, ce4aa411-63c8-4399-99eb-27ce352844f3:c4133, 3eeffb0a-787e-48ec-a2f5-d0c540a89489:c4133]
2019-08-21 15:29:58,797 | INFO  | SCMAudit | user=jenkins1000 | ip=192.168.5.153 | op=ALLOCATE_BLOCK {owner=78849ec2-2b05-45d8-8cb5-e95e2230dbd1, size=4194304, type=RATIS, factor=THREE} | ret=SUCCESS |  
2019-08-21 15:29:58,802 | INFO  | OMAudit | user=jenkins1000 | ip=127.0.0.1 | op=ALLOCATE_BLOCK {volume=vol-0-32358, bucket=bucket-0-01949, key=key-0-56547, dataSize=0, replicationType=null, replicationFactor=null, keyLocationInfo=null, clientID=102655680532119954} | ret=SUCCESS |  
2019-08-21 15:29:58,809 | INFO  | DNAudit | user=null | ip=null | op=WRITE_CHUNK {blockData=conID: 1 locID: 102655682071560812 bcsId: 0} | ret=SUCCESS |  
2019-08-21 15:29:58,810 | INFO  | DNAudit | user=null | ip=null | op=WRITE_CHUNK {blockData=conID: 1 locID: 102655682071560812 bcsId: 0} | ret=SUCCESS |  
2019-08-21 15:29:58,810 | INFO  | DNAudit | user=null | ip=null | op=WRITE_CHUNK {blockData=conID: 1 locID: 102655682071560812 bcsId: 0} | ret=SUCCESS |  
2019-08-21 15:29:58,811 | INFO  | DNAudit | user=null | ip=null | op=WRITE_CHUNK {blockData=conID: 1 locID: 102655682071560812 bcsId: 0} | ret=SUCCESS |  
2019-08-21 15:29:58,813 | INFO  | DNAudit | user=null | ip=null | op=WRITE_CHUNK {blockData=conID: 1 locID: 102655682071560812 bcsId: 0} | ret=SUCCESS |  
2019-08-21 15:29:58,813 | INFO  | DNAudit | user=null | ip=null | op=WRITE_CHUNK {blockData=conID: 1 locID: 102655682071560812 bcsId: 0} | ret=SUCCESS |  
2019-08-21 15:29:58,824 | INFO  | DNAudit | user=null | ip=null | op=WRITE_CHUNK {blockData=conID: 1 locID: 102655682071560812 bcsId: 0} | ret=SUCCESS |  
2019-08-21 15:29:58,824 | INFO  | DNAudit | user=null | ip=null | op=PUT_BLOCK {blockData=[blockId=conID: 1 locID: 102655682071560812 bcsId: 0,size=1048576]} | ret=SUCCESS |  
2019-08-21 15:29:58,825 [grpc-default-executor-4] INFO  client.GrpcClientProtocolClient (GrpcClientProtocolClient.java:onNext(255)) - client-029E50227556->355864cd-7ac5-4934-b366-9756b15dd90f: receive RaftClientReply:client-029E50227556->355864cd-7ac5-4934-b366-9756b15dd90f@group-785BCF25C267, cid=2764, SUCCESS, logIndex=4136, commits[355864cd-7ac5-4934-b366-9756b15dd90f:c4137, ce4aa411-63c8-4399-99eb-27ce352844f3:c4135, 3eeffb0a-787e-48ec-a2f5-d0c540a89489:c4135]
2019-08-21 15:29:58,825 [grpc-default-executor-4] INFO  client.GrpcClientProtocolClient (GrpcClientProtocolClient.java:onNext(255)) - client-029E50227556->355864cd-7ac5-4934-b366-9756b15dd90f: receive RaftClientReply:client-029E50227556->355864cd-7ac5-4934-b366-9756b15dd90f@group-785BCF25C267, cid=2765, SUCCESS, logIndex=4137, commits[355864cd-7ac5-4934-b366-9756b15dd90f:c4137, ce4aa411-63c8-4399-99eb-27ce352844f3:c4135, 3eeffb0a-787e-48ec-a2f5-d0c540a89489:c4135]
2019-08-21 15:29:58,825 | INFO  | DNAudit | user=null | ip=null | op=WRITE_CHUNK {blockData=conID: 1 locID: 102655682071560812 bcsId: 0} | ret=SUCCESS |  
2019-08-21 15:29:58,826 | INFO  | DNAudit | user=null | ip=null | op=PUT_BLOCK {blockData=[blockId=conID: 1 locID: 102655682071560812 bcsId: 0,size=2097152]} | ret=SUCCESS |  
2019-08-21 15:29:58,826 [grpc-default-executor-4] INFO  client.GrpcClientProtocolClient (GrpcClientProtocolClient.java:onNext(255)) - client-029E50227556->355864cd-7ac5-4934-b366-9756b15dd90f: receive RaftClientReply:client-029E50227556->355864cd-7ac5-4934-b366-9756b15dd90f@group-785BCF25C267, cid=2766, SUCCESS, logIndex=4138, commits[355864cd-7ac5-4934-b366-9756b15dd90f:c4139, ce4aa411-63c8-4399-99eb-27ce352844f3:c4135, 3eeffb0a-787e-48ec-a2f5-d0c540a89489:c4135]
2019-08-21 15:29:58,826 [grpc-default-executor-4] INFO  client.GrpcClientProtocolClient (GrpcClientProtocolClient.java:onNext(255)) - client-029E50227556->355864cd-7ac5-4934-b366-9756b15dd90f: receive RaftClientReply:client-029E50227556->355864cd-7ac5-4934-b366-9756b15dd90f@group-785BCF25C267, cid=2767, SUCCESS, logIndex=4139, commits[355864cd-7ac5-4934-b366-9756b15dd90f:c4139, ce4aa411-63c8-4399-99eb-27ce352844f3:c4135, 3eeffb0a-787e-48ec-a2f5-d0c540a89489:c4135]
2019-08-21 15:29:58,826 | INFO  | DNAudit | user=null | ip=null | op=WRITE_CHUNK {blockData=conID: 1 locID: 102655682071560812 bcsId: 0} | ret=SUCCESS |  
2019-08-21 15:29:58,826 | INFO  | DNAudit | user=null | ip=null | op=WRITE_CHUNK {blockData=conID: 1 locID: 102655682071560812 bcsId: 0} | ret=SUCCESS |  
2019-08-21 15:29:58,826 | INFO  | DNAudit | user=null | ip=null | op=PUT_BLOCK {blockData=[blockId=conID: 1 locID: 102655682071560812 bcsId: 0,size=1048576]} | ret=SUCCESS |  
2019-08-21 15:29:58,827 | INFO  | DNAudit | user=null | ip=null | op=PUT_BLOCK {blockData=[blockId=conID: 1 locID: 102655682071560812 bcsId: 0,size=1048576]} | ret=SUCCESS |  
2019-08-21 15:29:58,827 [grpc-default-executor-5] INFO  client.GrpcClientProtocolClient (GrpcClientProtocolClient.java:onNext(255)) - client-029E50227556->355864cd-7ac5-4934-b366-9756b15dd90f: receive RaftClientReply:client-029E50227556->355864cd-7ac5-4934-b366-9756b15dd90f@group-785BCF25C267, cid=2768, SUCCESS, logIndex=0, commits[355864cd-7ac5-4934-b366-9756b15dd90f:c4141, ce4aa411-63c8-4399-99eb-27ce352844f3:c4137, 3eeffb0a-787e-48ec-a2f5-d0c540a89489:c4137]
2019-08-21 15:29:58,827 | INFO  | DNAudit | user=null | ip=null | op=WRITE_CHUNK {blockData=conID: 1 locID: 102655682071560812 bcsId: 0} | ret=SUCCESS |  
2019-08-21 15:29:58,827 | INFO  | DNAudit | user=null | ip=null | op=WRITE_CHUNK {blockData=conID: 1 locID: 102655682071560812 bcsId: 0} | ret=SUCCESS |  
2019-08-21 15:29:58,828 | INFO  | DNAudit | user=null | ip=null | op=PUT_BLOCK {blockData=[blockId=conID: 1 locID: 102655682071560812 bcsId: 0,size=2097152]} | ret=SUCCESS |  
2019-08-21 15:29:58,828 | INFO  | DNAudit | user=null | ip=null | op=PUT_BLOCK {blockData=[blockId=conID: 1 locID: 102655682071560812 bcsId: 0,size=2097152]} | ret=SUCCESS |  
2019-08-21 15:29:58,834 | INFO  | DNAudit | user=null | ip=null | op=WRITE_CHUNK {blockData=conID: 1 locID: 102655682071560812 bcsId: 4139} | ret=SUCCESS |  
2019-08-21 15:29:58,835 | INFO  | DNAudit | user=null | ip=null | op=WRITE_CHUNK {blockData=conID: 1 locID: 102655682071560812 bcsId: 4139} | ret=SUCCESS |  
2019-08-21 15:29:58,836 | INFO  | DNAudit | user=null | ip=null | op=WRITE_CHUNK {blockData=conID: 1 locID: 102655682071560812 bcsId: 4139} | ret=SUCCESS |  
2019-08-21 15:29:58,847 | INFO  | DNAudit | user=null | ip=null | op=WRITE_CHUNK {blockData=conID: 1 locID: 102655682071560812 bcsId: 4139} | ret=SUCCESS |  
2019-08-21 15:29:58,848 | INFO  | DNAudit | user=null | ip=null | op=PUT_BLOCK {blockData=[blockId=conID: 1 locID: 102655682071560812 bcsId: 0,size=3145728]} | ret=SUCCESS |  
2019-08-21 15:29:58,848 [grpc-default-executor-4] INFO  client.GrpcClientProtocolClient (GrpcClientProtocolClient.java:onNext(255)) - client-029E50227556->355864cd-7ac5-4934-b366-9756b15dd90f: receive RaftClientReply:client-029E50227556->355864cd-7ac5-4934-b366-9756b15dd90f@group-785BCF25C267, cid=2769, SUCCESS, logIndex=4144, commits[355864cd-7ac5-4934-b366-9756b15dd90f:c4145, ce4aa411-63c8-4399-99eb-27ce352844f3:c4143, 3eeffb0a-787e-48ec-a2f5-d0c540a89489:c4143]
2019-08-21 15:29:58,848 [grpc-default-executor-4] INFO  client.GrpcClientProtocolClient (GrpcClientProtocolClient.java:onNext(255)) - client-029E50227556->355864cd-7ac5-4934-b366-9756b15dd90f: receive RaftClientReply:client-029E50227556->355864cd-7ac5-4934-b366-9756b15dd90f@group-785BCF25C267, cid=2770, SUCCESS, logIndex=4145, commits[355864cd-7ac5-4934-b366-9756b15dd90f:c4145, ce4aa411-63c8-4399-99eb-27ce352844f3:c4143, 3eeffb0a-787e-48ec-a2f5-d0c540a89489:c4143]
2019-08-21 15:29:58,856 | INFO  | DNAudit | user=null | ip=null | op=WRITE_CHUNK {blockData=conID: 1 locID: 102655682071560812 bcsId: 4145} | ret=SUCCESS |  
2019-08-21 15:29:58,857 | INFO  | DNAudit | user=null | ip=null | op=WRITE_CHUNK {blockData=conID: 1 locID: 102655682071560812 bcsId: 4145} | ret=SUCCESS |  
2019-08-21 15:29:58,858 | INFO  | DNAudit | user=null | ip=null | op=WRITE_CHUNK {blockData=conID: 1 locID: 102655682071560812 bcsId: 4145} | ret=SUCCESS |  
2019-08-21 15:29:58,859 | INFO  | DNAudit | user=null | ip=null | op=WRITE_CHUNK {blockData=conID: 1 locID: 102655682071560812 bcsId: 4139} | ret=SUCCESS |  
2019-08-21 15:29:58,859 | INFO  | DNAudit | user=null | ip=null | op=WRITE_CHUNK {blockData=conID: 1 locID: 102655682071560812 bcsId: 4139} | ret=SUCCESS |  
2019-08-21 15:29:58,859 | INFO  | DNAudit | user=null | ip=null | op=PUT_BLOCK {blockData=[blockId=conID: 1 locID: 102655682071560812 bcsId: 0,size=3145728]} | ret=SUCCESS |  
2019-08-21 15:29:58,859 | INFO  | DNAudit | user=null | ip=null | op=PUT_BLOCK {blockData=[blockId=conID: 1 locID: 102655682071560812 bcsId: 0,size=3145728]} | ret=SUCCESS |  
2019-08-21 15:29:58,862 | INFO  | DNAudit | user=null | ip=null | op=WRITE_CHUNK {blockData=conID: 1 locID: 102655682071560812 bcsId: 4145} | ret=SUCCESS |  
2019-08-21 15:29:58,862 | INFO  | DNAudit | user=null | ip=null | op=PUT_BLOCK {blockData=[blockId=conID: 1 locID: 102655682071560812 bcsId: 0,size=4194304]} | ret=SUCCESS |  
2019-08-21 15:29:58,862 [grpc-default-executor-5] INFO  client.GrpcClientProtocolClient (GrpcClientProtocolClient.java:onNext(255)) - client-029E50227556->355864cd-7ac5-4934-b366-9756b15dd90f: receive RaftClientReply:client-029E50227556->355864cd-7ac5-4934-b366-9756b15dd90f@group-785BCF25C267, cid=2771, SUCCESS, logIndex=4147, commits[355864cd-7ac5-4934-b366-9756b15dd90f:c4147, ce4aa411-63c8-4399-99eb-27ce352844f3:c4145, 3eeffb0a-787e-48ec-a2f5-d0c540a89489:c4145]
2019-08-21 15:29:58,862 [grpc-default-executor-5] INFO  client.GrpcClientProtocolClient (GrpcClientProtocolClient.java:onNext(255)) - client-029E50227556->355864cd-7ac5-4934-b366-9756b15dd90f: receive RaftClientReply:client-029E50227556->355864cd-7ac5-4934-b366-9756b15dd90f@group-785BCF25C267, cid=2772, SUCCESS, logIndex=4148, commits[355864cd-7ac5-4934-b366-9756b15dd90f:c4148, ce4aa411-63c8-4399-99eb-27ce352844f3:c4145, 3eeffb0a-787e-48ec-a2f5-d0c540a89489:c4145]
2019-08-21 15:29:58,873 | INFO  | DNAudit | user=null | ip=null | op=WRITE_CHUNK {blockData=conID: 1 locID: 102655682071560812 bcsId: 4145} | ret=SUCCESS |  
2019-08-21 15:29:58,873 | INFO  | DNAudit | user=null | ip=null | op=WRITE_CHUNK {blockData=conID: 1 locID: 102655682071560812 bcsId: 4145} | ret=SUCCESS |  
2019-08-21 15:29:58,876 | INFO  | DNAudit | user=null | ip=null | op=PUT_BLOCK {blockData=[blockId=conID: 1 locID: 102655682071560812 bcsId: 0,size=4194304]} | ret=SUCCESS |  
2019-08-21 15:29:58,876 | INFO  | DNAudit | user=null | ip=null | op=PUT_BLOCK {blockData=[blockId=conID: 1 locID: 102655682071560812 bcsId: 0,size=4194304]} | ret=SUCCESS |  
2019-08-21 15:29:58,877 [grpc-default-executor-5] INFO  client.GrpcClientProtocolClient (GrpcClientProtocolClient.java:onNext(255)) - client-029E50227556->355864cd-7ac5-4934-b366-9756b15dd90f: receive RaftClientReply:client-029E50227556->355864cd-7ac5-4934-b366-9756b15dd90f@group-785BCF25C267, cid=2773, SUCCESS, logIndex=0, commits[355864cd-7ac5-4934-b366-9756b15dd90f:c4150, ce4aa411-63c8-4399-99eb-27ce352844f3:c4148, 3eeffb0a-787e-48ec-a2f5-d0c540a89489:c4148]
2019-08-21 15:29:58,883 | INFO  | SCMAudit | user=jenkins1000 | ip=192.168.5.153 | op=ALLOCATE_BLOCK {owner=78849ec2-2b05-45d8-8cb5-e95e2230dbd1, size=4194304, type=RATIS, factor=THREE} | ret=SUCCESS |  
2019-08-21 15:29:58,888 | INFO  | OMAudit | user=jenkins1000 | ip=127.0.0.1 | op=ALLOCATE_BLOCK {volume=vol-0-32358, bucket=bucket-0-01949, key=key-0-56547, dataSize=0, replicationType=null, replicationFactor=null, keyLocationInfo=null, clientID=102655680532119954} | ret=SUCCESS |  
2019-08-21 15:29:58,893 | INFO  | DNAudit | user=null | ip=null | op=WRITE_CHUNK {blockData=conID: 2 locID: 102655682077196909 bcsId: 0} | ret=SUCCESS |  
2019-08-21 15:29:58,895 | INFO  | DNAudit | user=null | ip=null | op=WRITE_CHUNK {blockData=conID: 2 locID: 102655682077196909 bcsId: 0} | ret=SUCCESS |  
2019-08-21 15:29:58,895 | INFO  | DNAudit | user=null | ip=null | op=WRITE_CHUNK {blockData=conID: 2 locID: 102655682077196909 bcsId: 0} | ret=SUCCESS |  
2019-08-21 15:29:58,895 | INFO  | DNAudit | user=null | ip=null | op=WRITE_CHUNK {blockData=conID: 2 locID: 102655682077196909 bcsId: 0} | ret=SUCCESS |  
2019-08-21 15:29:58,897 | INFO  | DNAudit | user=null | ip=null | op=WRITE_CHUNK {blockData=conID: 2 locID: 102655682077196909 bcsId: 0} | ret=SUCCESS |  
2019-08-21 15:29:58,897 | INFO  | DNAudit | user=null | ip=null | op=WRITE_CHUNK {blockData=conID: 2 locID: 102655682077196909 bcsId: 0} | ret=SUCCESS |  
2019-08-21 15:29:58,905 | INFO  | DNAudit | user=null | ip=null | op=WRITE_CHUNK {blockData=conID: 2 locID: 102655682077196909 bcsId: 0} | ret=SUCCESS |  
2019-08-21 15:29:58,905 | INFO  | DNAudit | user=null | ip=null | op=PUT_BLOCK {blockData=[blockId=conID: 2 locID: 102655682077196909 bcsId: 0,size=1048576]} | ret=SUCCESS |  
2019-08-21 15:29:58,905 [grpc-default-executor-3] INFO  client.GrpcClientProtocolClient (GrpcClientProtocolClient.java:onNext(255)) - client-029E50227556->355864cd-7ac5-4934-b366-9756b15dd90f: receive RaftClientReply:client-029E50227556->355864cd-7ac5-4934-b366-9756b15dd90f@group-785BCF25C267, cid=2774, SUCCESS, logIndex=4151, commits[355864cd-7ac5-4934-b366-9756b15dd90f:c4152, ce4aa411-63c8-4399-99eb-27ce352844f3:c4150, 3eeffb0a-787e-48ec-a2f5-d0c540a89489:c4150]
2019-08-21 15:29:58,906 [grpc-default-executor-3] INFO  client.GrpcClientProtocolClient (GrpcClientProtocolClient.java:onNext(255)) - client-029E50227556->355864cd-7ac5-4934-b366-9756b15dd90f: receive RaftClientReply:client-029E50227556->355864cd-7ac5-4934-b366-9756b15dd90f@group-785BCF25C267, cid=2775, SUCCESS, logIndex=4152, commits[355864cd-7ac5-4934-b366-9756b15dd90f:c4152, ce4aa411-63c8-4399-99eb-27ce352844f3:c4150, 3eeffb0a-787e-48ec-a2f5-d0c540a89489:c4150]
2019-08-21 15:29:58,906 | INFO  | DNAudit | user=null | ip=null | op=WRITE_CHUNK {blockData=conID: 2 locID: 102655682077196909 bcsId: 0} | ret=SUCCESS |  
2019-08-21 15:29:58,906 | INFO  | DNAudit | user=null | ip=null | op=PUT_BLOCK {blockData=[blockId=conID: 2 locID: 102655682077196909 bcsId: 0,size=2097152]} | ret=SUCCESS |  
2019-08-21 15:29:58,906 [grpc-default-executor-4] INFO  client.GrpcClientProtocolClient (GrpcClientProtocolClient.java:onNext(255)) - client-029E50227556->355864cd-7ac5-4934-b366-9756b15dd90f: receive RaftClientReply:client-029E50227556->355864cd-7ac5-4934-b366-9756b15dd90f@group-785BCF25C267, cid=2776, SUCCESS, logIndex=4153, commits[355864cd-7ac5-4934-b366-9756b15dd90f:c4154, ce4aa411-63c8-4399-99eb-27ce352844f3:c4150, 3eeffb0a-787e-48ec-a2f5-d0c540a89489:c4150]
2019-08-21 15:29:58,907 [grpc-default-executor-4] INFO  client.GrpcClientProtocolClient (GrpcClientProtocolClient.java:onNext(255)) - client-029E50227556->355864cd-7ac5-4934-b366-9756b15dd90f: receive RaftClientReply:client-029E50227556->355864cd-7ac5-4934-b366-9756b15dd90f@group-785BCF25C267, cid=2777, SUCCESS, logIndex=4154, commits[355864cd-7ac5-4934-b366-9756b15dd90f:c4154, ce4aa411-63c8-4399-99eb-27ce352844f3:c4150, 3eeffb0a-787e-48ec-a2f5-d0c540a89489:c4150]
2019-08-21 15:29:58,919 | INFO  | DNAudit | user=null | ip=null | op=WRITE_CHUNK {blockData=conID: 2 locID: 102655682077196909 bcsId: 0} | ret=SUCCESS |  
2019-08-21 15:29:58,919 | INFO  | DNAudit | user=null | ip=null | op=PUT_BLOCK {blockData=[blockId=conID: 2 locID: 102655682077196909 bcsId: 0,size=1048576]} | ret=SUCCESS |  
2019-08-21 15:29:58,919 | INFO  | DNAudit | user=null | ip=null | op=WRITE_CHUNK {blockData=conID: 2 locID: 102655682077196909 bcsId: 0} | ret=SUCCESS |  
2019-08-21 15:29:58,919 | INFO  | DNAudit | user=null | ip=null | op=PUT_BLOCK {blockData=[blockId=conID: 2 locID: 102655682077196909 bcsId: 0,size=1048576]} | ret=SUCCESS |  
2019-08-21 15:29:58,920 | INFO  | DNAudit | user=null | ip=null | op=WRITE_CHUNK {blockData=conID: 2 locID: 102655682077196909 bcsId: 0} | ret=SUCCESS |  
2019-08-21 15:29:58,920 [grpc-default-executor-4] INFO  client.GrpcClientProtocolClient (GrpcClientProtocolClient.java:onNext(255)) - client-029E50227556->355864cd-7ac5-4934-b366-9756b15dd90f: receive RaftClientReply:client-029E50227556->355864cd-7ac5-4934-b366-9756b15dd90f@group-785BCF25C267, cid=2778, SUCCESS, logIndex=0, commits[355864cd-7ac5-4934-b366-9756b15dd90f:c4156, ce4aa411-63c8-4399-99eb-27ce352844f3:c4152, 3eeffb0a-787e-48ec-a2f5-d0c540a89489:c4152]
2019-08-21 15:29:58,920 | INFO  | DNAudit | user=null | ip=null | op=PUT_BLOCK {blockData=[blockId=conID: 2 locID: 102655682077196909 bcsId: 0,size=2097152]} | ret=SUCCESS |  
2019-08-21 15:29:58,920 | INFO  | DNAudit | user=null | ip=null | op=WRITE_CHUNK {blockData=conID: 2 locID: 102655682077196909 bcsId: 0} | ret=SUCCESS |  
2019-08-21 15:29:58,920 | INFO  | DNAudit | user=null | ip=null | op=PUT_BLOCK {blockData=[blockId=conID: 2 locID: 102655682077196909 bcsId: 0,size=2097152]} | ret=SUCCESS |  
2019-08-21 15:29:58,926 | INFO  | DNAudit | user=null | ip=null | op=WRITE_CHUNK {blockData=conID: 2 locID: 102655682077196909 bcsId: 4154} | ret=SUCCESS |  
2019-08-21 15:29:58,927 | INFO  | DNAudit | user=null | ip=null | op=WRITE_CHUNK {blockData=conID: 2 locID: 102655682077196909 bcsId: 4154} | ret=SUCCESS |  
2019-08-21 15:29:58,928 | INFO  | DNAudit | user=null | ip=null | op=WRITE_CHUNK {blockData=conID: 2 locID: 102655682077196909 bcsId: 4154} | ret=SUCCESS |  
2019-08-21 15:29:58,939 | INFO  | DNAudit | user=null | ip=null | op=WRITE_CHUNK {blockData=conID: 2 locID: 102655682077196909 bcsId: 4154} | ret=SUCCESS |  
2019-08-21 15:29:58,939 | INFO  | DNAudit | user=null | ip=null | op=PUT_BLOCK {blockData=[blockId=conID: 2 locID: 102655682077196909 bcsId: 0,size=3145728]} | ret=SUCCESS |  
2019-08-21 15:29:58,939 [grpc-default-executor-3] INFO  client.GrpcClientProtocolClient (GrpcClientProtocolClient.java:onNext(255)) - client-029E50227556->355864cd-7ac5-4934-b366-9756b15dd90f: receive RaftClientReply:client-029E50227556->355864cd-7ac5-4934-b366-9756b15dd90f@group-785BCF25C267, cid=2779, SUCCESS, logIndex=4159, commits[355864cd-7ac5-4934-b366-9756b15dd90f:c4160, ce4aa411-63c8-4399-99eb-27ce352844f3:c4158, 3eeffb0a-787e-48ec-a2f5-d0c540a89489:c4158]
2019-08-21 15:29:58,939 [grpc-default-executor-3] INFO  client.GrpcClientProtocolClient (GrpcClientProtocolClient.java:onNext(255)) - client-029E50227556->355864cd-7ac5-4934-b366-9756b15dd90f: receive RaftClientReply:client-029E50227556->355864cd-7ac5-4934-b366-9756b15dd90f@group-785BCF25C267, cid=2780, SUCCESS, logIndex=4160, commits[355864cd-7ac5-4934-b366-9756b15dd90f:c4160, ce4aa411-63c8-4399-99eb-27ce352844f3:c4158, 3eeffb0a-787e-48ec-a2f5-d0c540a89489:c4158]
2019-08-21 15:29:58,945 | INFO  | DNAudit | user=null | ip=null | op=WRITE_CHUNK {blockData=conID: 2 locID: 102655682077196909 bcsId: 4160} | ret=SUCCESS |  
2019-08-21 15:29:58,947 | INFO  | DNAudit | user=null | ip=null | op=WRITE_CHUNK {blockData=conID: 2 locID: 102655682077196909 bcsId: 4160} | ret=SUCCESS |  
2019-08-21 15:29:58,947 | INFO  | DNAudit | user=null | ip=null | op=WRITE_CHUNK {blockData=conID: 2 locID: 102655682077196909 bcsId: 4160} | ret=SUCCESS |  
2019-08-21 15:29:58,950 | INFO  | DNAudit | user=null | ip=null | op=WRITE_CHUNK {blockData=conID: 2 locID: 102655682077196909 bcsId: 4154} | ret=SUCCESS |  
2019-08-21 15:29:58,950 | INFO  | DNAudit | user=null | ip=null | op=WRITE_CHUNK {blockData=conID: 2 locID: 102655682077196909 bcsId: 4154} | ret=SUCCESS |  
2019-08-21 15:29:58,950 | INFO  | DNAudit | user=null | ip=null | op=PUT_BLOCK {blockData=[blockId=conID: 2 locID: 102655682077196909 bcsId: 0,size=3145728]} | ret=SUCCESS |  
2019-08-21 15:29:58,950 | INFO  | DNAudit | user=null | ip=null | op=PUT_BLOCK {blockData=[blockId=conID: 2 locID: 102655682077196909 bcsId: 0,size=3145728]} | ret=SUCCESS |  
2019-08-21 15:29:58,952 | INFO  | DNAudit | user=null | ip=null | op=WRITE_CHUNK {blockData=conID: 2 locID: 102655682077196909 bcsId: 4160} | ret=SUCCESS |  
2019-08-21 15:29:58,952 | INFO  | DNAudit | user=null | ip=null | op=PUT_BLOCK {blockData=[blockId=conID: 2 locID: 102655682077196909 bcsId: 0,size=4194304]} | ret=SUCCESS |  
2019-08-21 15:29:58,952 [grpc-default-executor-0] INFO  client.GrpcClientProtocolClient (GrpcClientProtocolClient.java:onNext(255)) - client-029E50227556->355864cd-7ac5-4934-b366-9756b15dd90f: receive RaftClientReply:client-029E50227556->355864cd-7ac5-4934-b366-9756b15dd90f@group-785BCF25C267, cid=2781, SUCCESS, logIndex=4163, commits[355864cd-7ac5-4934-b366-9756b15dd90f:c4164, ce4aa411-63c8-4399-99eb-27ce352844f3:c4160, 3eeffb0a-787e-48ec-a2f5-d0c540a89489:c4160]
2019-08-21 15:29:58,952 [grpc-default-executor-0] INFO  client.GrpcClientProtocolClient (GrpcClientProtocolClient.java:onNext(255)) - client-029E50227556->355864cd-7ac5-4934-b366-9756b15dd90f: receive RaftClientReply:client-029E50227556->355864cd-7ac5-4934-b366-9756b15dd90f@group-785BCF25C267, cid=2782, SUCCESS, logIndex=4164, commits[355864cd-7ac5-4934-b366-9756b15dd90f:c4164, ce4aa411-63c8-4399-99eb-27ce352844f3:c4160, 3eeffb0a-787e-48ec-a2f5-d0c540a89489:c4160]
2019-08-21 15:29:58,963 | INFO  | DNAudit | user=null | ip=null | op=WRITE_CHUNK {blockData=conID: 2 locID: 102655682077196909 bcsId: 4160} | ret=SUCCESS |  
2019-08-21 15:29:58,963 | INFO  | DNAudit | user=null | ip=null | op=WRITE_CHUNK {blockData=conID: 2 locID: 102655682077196909 bcsId: 4160} | ret=SUCCESS |  
2019-08-21 15:29:58,967 | INFO  | DNAudit | user=null | ip=null | op=PUT_BLOCK {blockData=[blockId=conID: 2 locID: 102655682077196909 bcsId: 0,size=4194304]} | ret=SUCCESS |  
2019-08-21 15:29:58,967 | INFO  | DNAudit | user=null | ip=null | op=PUT_BLOCK {blockData=[blockId=conID: 2 locID: 102655682077196909 bcsId: 0,size=4194304]} | ret=SUCCESS |  
2019-08-21 15:29:58,967 [grpc-default-executor-4] INFO  client.GrpcClientProtocolClient (GrpcClientProtocolClient.java:onNext(255)) - client-029E50227556->355864cd-7ac5-4934-b366-9756b15dd90f: receive RaftClientReply:client-029E50227556->355864cd-7ac5-4934-b366-9756b15dd90f@group-785BCF25C267, cid=2783, SUCCESS, logIndex=0, commits[355864cd-7ac5-4934-b366-9756b15dd90f:c4165, ce4aa411-63c8-4399-99eb-27ce352844f3:c4164, 3eeffb0a-787e-48ec-a2f5-d0c540a89489:c4164]
2019-08-21 15:29:58,973 | INFO  | SCMAudit | user=jenkins1000 | ip=192.168.5.153 | op=ALLOCATE_BLOCK {owner=78849ec2-2b05-45d8-8cb5-e95e2230dbd1, size=4194304, type=RATIS, factor=THREE} | ret=SUCCESS |  
2019-08-21 15:29:58,976 | INFO  | OMAudit | user=jenkins1000 | ip=127.0.0.1 | op=ALLOCATE_BLOCK {volume=vol-0-32358, bucket=bucket-0-01949, key=key-0-56547, dataSize=0, replicationType=null, replicationFactor=null, keyLocationInfo=null, clientID=102655680532119954} | ret=SUCCESS |  
2019-08-21 15:29:58,983 | INFO  | DNAudit | user=null | ip=null | op=WRITE_CHUNK {blockData=conID: 3 locID: 102655682083095150 bcsId: 0} | ret=SUCCESS |  
2019-08-21 15:29:58,984 | INFO  | DNAudit | user=null | ip=null | op=WRITE_CHUNK {blockData=conID: 3 locID: 102655682083095150 bcsId: 0} | ret=SUCCESS |  
2019-08-21 15:29:58,985 | INFO  | DNAudit | user=null | ip=null | op=WRITE_CHUNK {blockData=conID: 3 locID: 102655682083095150 bcsId: 0} | ret=SUCCESS |  
2019-08-21 15:29:58,986 | INFO  | DNAudit | user=null | ip=null | op=WRITE_CHUNK {blockData=conID: 3 locID: 102655682083095150 bcsId: 0} | ret=SUCCESS |  
2019-08-21 15:29:58,987 | INFO  | DNAudit | user=null | ip=null | op=WRITE_CHUNK {blockData=conID: 3 locID: 102655682083095150 bcsId: 0} | ret=SUCCESS |  
2019-08-21 15:29:58,987 | INFO  | DNAudit | user=null | ip=null | op=WRITE_CHUNK {blockData=conID: 3 locID: 102655682083095150 bcsId: 0} | ret=SUCCESS |  
2019-08-21 15:29:58,995 | INFO  | DNAudit | user=null | ip=null | op=WRITE_CHUNK {blockData=conID: 3 locID: 102655682083095150 bcsId: 0} | ret=SUCCESS |  
2019-08-21 15:29:58,995 | INFO  | DNAudit | user=null | ip=null | op=PUT_BLOCK {blockData=[blockId=conID: 3 locID: 102655682083095150 bcsId: 0,size=1048576]} | ret=SUCCESS |  
2019-08-21 15:29:58,995 [grpc-default-executor-4] INFO  client.GrpcClientProtocolClient (GrpcClientProtocolClient.java:onNext(255)) - client-029E50227556->355864cd-7ac5-4934-b366-9756b15dd90f: receive RaftClientReply:client-029E50227556->355864cd-7ac5-4934-b366-9756b15dd90f@group-785BCF25C267, cid=2784, SUCCESS, logIndex=4167, commits[355864cd-7ac5-4934-b366-9756b15dd90f:c4168, ce4aa411-63c8-4399-99eb-27ce352844f3:c4166, 3eeffb0a-787e-48ec-a2f5-d0c540a89489:c4166]
2019-08-21 15:29:58,996 | INFO  | DNAudit | user=null | ip=null | op=WRITE_CHUNK {blockData=conID: 3 locID: 102655682083095150 bcsId: 0} | ret=SUCCESS |  
2019-08-21 15:29:58,996 [grpc-default-executor-3] INFO  client.GrpcClientProtocolClient (GrpcClientProtocolClient.java:onNext(255)) - client-029E50227556->355864cd-7ac5-4934-b366-9756b15dd90f: receive RaftClientReply:client-029E50227556->355864cd-7ac5-4934-b366-9756b15dd90f@group-785BCF25C267, cid=2785, SUCCESS, logIndex=4168, commits[355864cd-7ac5-4934-b366-9756b15dd90f:c4168, ce4aa411-63c8-4399-99eb-27ce352844f3:c4166, 3eeffb0a-787e-48ec-a2f5-d0c540a89489:c4166]
2019-08-21 15:29:58,996 | INFO  | DNAudit | user=null | ip=null | op=PUT_BLOCK {blockData=[blockId=conID: 3 locID: 102655682083095150 bcsId: 0,size=2097152]} | ret=SUCCESS |  
2019-08-21 15:29:58,996 [grpc-default-executor-3] INFO  client.GrpcClientProtocolClient (GrpcClientProtocolClient.java:onNext(255)) - client-029E50227556->355864cd-7ac5-4934-b366-9756b15dd90f: receive RaftClientReply:client-029E50227556->355864cd-7ac5-4934-b366-9756b15dd90f@group-785BCF25C267, cid=2786, SUCCESS, logIndex=4169, commits[355864cd-7ac5-4934-b366-9756b15dd90f:c4170, ce4aa411-63c8-4399-99eb-27ce352844f3:c4166, 3eeffb0a-787e-48ec-a2f5-d0c540a89489:c4166]
2019-08-21 15:29:58,997 [grpc-default-executor-3] INFO  client.GrpcClientProtocolClient (GrpcClientProtocolClient.java:onNext(255)) - client-029E50227556->355864cd-7ac5-4934-b366-9756b15dd90f: receive RaftClientReply:client-029E50227556->355864cd-7ac5-4934-b366-9756b15dd90f@group-785BCF25C267, cid=2787, SUCCESS, logIndex=4170, commits[355864cd-7ac5-4934-b366-9756b15dd90f:c4170, ce4aa411-63c8-4399-99eb-27ce352844f3:c4166, 3eeffb0a-787e-48ec-a2f5-d0c540a89489:c4166]
2019-08-21 15:29:59,014 | INFO  | DNAudit | user=null | ip=null | op=WRITE_CHUNK {blockData=conID: 3 locID: 102655682083095150 bcsId: 0} | ret=SUCCESS |  
2019-08-21 15:29:59,015 | INFO  | DNAudit | user=null | ip=null | op=PUT_BLOCK {blockData=[blockId=conID: 3 locID: 102655682083095150 bcsId: 0,size=1048576]} | ret=SUCCESS |  
2019-08-21 15:29:59,016 | INFO  | DNAudit | user=null | ip=null | op=WRITE_CHUNK {blockData=conID: 3 locID: 102655682083095150 bcsId: 0} | ret=SUCCESS |  
2019-08-21 15:29:59,016 | INFO  | DNAudit | user=null | ip=null | op=PUT_BLOCK {blockData=[blockId=conID: 3 locID: 102655682083095150 bcsId: 0,size=1048576]} | ret=SUCCESS |  
2019-08-21 15:29:59,017 | INFO  | DNAudit | user=null | ip=null | op=WRITE_CHUNK {blockData=conID: 3 locID: 102655682083095150 bcsId: 0} | ret=SUCCESS |  
2019-08-21 15:29:59,017 [grpc-default-executor-3] INFO  client.GrpcClientProtocolClient (GrpcClientProtocolClient.java:onNext(255)) - client-029E50227556->355864cd-7ac5-4934-b366-9756b15dd90f: receive RaftClientReply:client-029E50227556->355864cd-7ac5-4934-b366-9756b15dd90f@group-785BCF25C267, cid=2788, SUCCESS, logIndex=0, commits[355864cd-7ac5-4934-b366-9756b15dd90f:c4172, ce4aa411-63c8-4399-99eb-27ce352844f3:c4168, 3eeffb0a-787e-48ec-a2f5-d0c540a89489:c4168]
2019-08-21 15:29:59,017 | INFO  | DNAudit | user=null | ip=null | op=PUT_BLOCK {blockData=[blockId=conID: 3 locID: 102655682083095150 bcsId: 0,size=2097152]} | ret=SUCCESS |  
2019-08-21 15:29:59,023 | INFO  | DNAudit | user=null | ip=null | op=WRITE_CHUNK {blockData=conID: 3 locID: 102655682083095150 bcsId: 4170} | ret=SUCCESS |  
2019-08-21 15:29:59,024 | INFO  | DNAudit | user=null | ip=null | op=WRITE_CHUNK {blockData=conID: 3 locID: 102655682083095150 bcsId: 4170} | ret=SUCCESS |  
2019-08-21 15:29:59,025 | INFO  | DNAudit | user=null | ip=null | op=WRITE_CHUNK {blockData=conID: 3 locID: 102655682083095150 bcsId: 4170} | ret=SUCCESS |  
2019-08-21 15:29:59,026 | INFO  | DNAudit | user=null | ip=null | op=WRITE_CHUNK {blockData=conID: 3 locID: 102655682083095150 bcsId: 0} | ret=SUCCESS |  
2019-08-21 15:29:59,026 | INFO  | DNAudit | user=null | ip=null | op=PUT_BLOCK {blockData=[blockId=conID: 3 locID: 102655682083095150 bcsId: 0,size=2097152]} | ret=SUCCESS |  
2019-08-21 15:29:59,028 | INFO  | DNAudit | user=null | ip=null | op=WRITE_CHUNK {blockData=conID: 3 locID: 102655682083095150 bcsId: 4170} | ret=SUCCESS |  
2019-08-21 15:29:59,028 | INFO  | DNAudit | user=null | ip=null | op=PUT_BLOCK {blockData=[blockId=conID: 3 locID: 102655682083095150 bcsId: 0,size=3145728]} | ret=SUCCESS |  
2019-08-21 15:29:59,028 [grpc-default-executor-3] INFO  client.GrpcClientProtocolClient (GrpcClientProtocolClient.java:onNext(255)) - client-029E50227556->355864cd-7ac5-4934-b366-9756b15dd90f: receive RaftClientReply:client-029E50227556->355864cd-7ac5-4934-b366-9756b15dd90f@group-785BCF25C267, cid=2789, SUCCESS, logIndex=4175, commits[355864cd-7ac5-4934-b366-9756b15dd90f:c4176, ce4aa411-63c8-4399-99eb-27ce352844f3:c4174, 3eeffb0a-787e-48ec-a2f5-d0c540a89489:c4170]
2019-08-21 15:29:59,029 [grpc-default-executor-3] INFO  client.GrpcClientProtocolClient (GrpcClientProtocolClient.java:onNext(255)) - client-029E50227556->355864cd-7ac5-4934-b366-9756b15dd90f: receive RaftClientReply:client-029E50227556->355864cd-7ac5-4934-b366-9756b15dd90f@group-785BCF25C267, cid=2790, SUCCESS, logIndex=4176, commits[355864cd-7ac5-4934-b366-9756b15dd90f:c4176, ce4aa411-63c8-4399-99eb-27ce352844f3:c4174, 3eeffb0a-787e-48ec-a2f5-d0c540a89489:c4170]
2019-08-21 15:29:59,035 | INFO  | DNAudit | user=null | ip=null | op=WRITE_CHUNK {blockData=conID: 3 locID: 102655682083095150 bcsId: 4176} | ret=SUCCESS |  
2019-08-21 15:29:59,036 | INFO  | DNAudit | user=null | ip=null | op=WRITE_CHUNK {blockData=conID: 3 locID: 102655682083095150 bcsId: 4176} | ret=SUCCESS |  
2019-08-21 15:29:59,037 | INFO  | DNAudit | user=null | ip=null | op=WRITE_CHUNK {blockData=conID: 3 locID: 102655682083095150 bcsId: 4176} | ret=SUCCESS |  
2019-08-21 15:29:59,046 | INFO  | DNAudit | user=null | ip=null | op=WRITE_CHUNK {blockData=conID: 3 locID: 102655682083095150 bcsId: 4170} | ret=SUCCESS |  
2019-08-21 15:29:59,055 | INFO  | DNAudit | user=null | ip=null | op=WRITE_CHUNK {blockData=conID: 3 locID: 102655682083095150 bcsId: 4170} | ret=SUCCESS |  
2019-08-21 15:29:59,056 | INFO  | DNAudit | user=null | ip=null | op=PUT_BLOCK {blockData=[blockId=conID: 3 locID: 102655682083095150 bcsId: 0,size=3145728]} | ret=SUCCESS |  
2019-08-21 15:29:59,057 | INFO  | DNAudit | user=null | ip=null | op=PUT_BLOCK {blockData=[blockId=conID: 3 locID: 102655682083095150 bcsId: 0,size=3145728]} | ret=SUCCESS |  
2019-08-21 15:29:59,057 | INFO  | DNAudit | user=null | ip=null | op=WRITE_CHUNK {blockData=conID: 3 locID: 102655682083095150 bcsId: 4176} | ret=SUCCESS |  
2019-08-21 15:29:59,057 | INFO  | DNAudit | user=null | ip=null | op=PUT_BLOCK {blockData=[blockId=conID: 3 locID: 102655682083095150 bcsId: 0,size=4194304]} | ret=SUCCESS |  
2019-08-21 15:29:59,058 [grpc-default-executor-4] INFO  client.GrpcClientProtocolClient (GrpcClientProtocolClient.java:onNext(255)) - client-029E50227556->355864cd-7ac5-4934-b366-9756b15dd90f: receive RaftClientReply:client-029E50227556->355864cd-7ac5-4934-b366-9756b15dd90f@group-785BCF25C267, cid=2791, SUCCESS, logIndex=4179, commits[355864cd-7ac5-4934-b366-9756b15dd90f:c4180, ce4aa411-63c8-4399-99eb-27ce352844f3:c4176, 3eeffb0a-787e-48ec-a2f5-d0c540a89489:c4176]
2019-08-21 15:29:59,058 [grpc-default-executor-4] INFO  client.GrpcClientProtocolClient (GrpcClientProtocolClient.java:onNext(255)) - client-029E50227556->355864cd-7ac5-4934-b366-9756b15dd90f: receive RaftClientReply:client-029E50227556->355864cd-7ac5-4934-b366-9756b15dd90f@group-785BCF25C267, cid=2792, SUCCESS, logIndex=4180, commits[355864cd-7ac5-4934-b366-9756b15dd90f:c4180, ce4aa411-63c8-4399-99eb-27ce352844f3:c4176, 3eeffb0a-787e-48ec-a2f5-d0c540a89489:c4176]
2019-08-21 15:29:59,068 | INFO  | DNAudit | user=null | ip=null | op=WRITE_CHUNK {blockData=conID: 3 locID: 102655682083095150 bcsId: 4176} | ret=SUCCESS |  
2019-08-21 15:29:59,068 | INFO  | DNAudit | user=null | ip=null | op=WRITE_CHUNK {blockData=conID: 3 locID: 102655682083095150 bcsId: 4176} | ret=SUCCESS |  
2019-08-21 15:29:59,068 | INFO  | DNAudit | user=null | ip=null | op=PUT_BLOCK {blockData=[blockId=conID: 3 locID: 102655682083095150 bcsId: 0,size=4194304]} | ret=SUCCESS |  
2019-08-21 15:29:59,068 | INFO  | DNAudit | user=null | ip=null | op=PUT_BLOCK {blockData=[blockId=conID: 3 locID: 102655682083095150 bcsId: 0,size=4194304]} | ret=SUCCESS |  
2019-08-21 15:29:59,068 [grpc-default-executor-0] INFO  client.GrpcClientProtocolClient (GrpcClientProtocolClient.java:onNext(255)) - client-029E50227556->355864cd-7ac5-4934-b366-9756b15dd90f: receive RaftClientReply:client-029E50227556->355864cd-7ac5-4934-b366-9756b15dd90f@group-785BCF25C267, cid=2793, SUCCESS, logIndex=0, commits[355864cd-7ac5-4934-b366-9756b15dd90f:c4181, ce4aa411-63c8-4399-99eb-27ce352844f3:c4180, 3eeffb0a-787e-48ec-a2f5-d0c540a89489:c4180]
2019-08-21 15:29:59,074 | INFO  | SCMAudit | user=jenkins1000 | ip=192.168.5.153 | op=ALLOCATE_BLOCK {owner=78849ec2-2b05-45d8-8cb5-e95e2230dbd1, size=4194304, type=RATIS, factor=THREE} | ret=SUCCESS |  
2019-08-21 15:29:59,078 | INFO  | OMAudit | user=jenkins1000 | ip=127.0.0.1 | op=ALLOCATE_BLOCK {volume=vol-0-32358, bucket=bucket-0-01949, key=key-0-56547, dataSize=0, replicationType=null, replicationFactor=null, keyLocationInfo=null, clientID=102655680532119954} | ret=SUCCESS |  
2019-08-21 15:29:59,085 | INFO  | DNAudit | user=null | ip=null | op=WRITE_CHUNK {blockData=conID: 1 locID: 102655682089714287 bcsId: 0} | ret=SUCCESS |  
2019-08-21 15:29:59,087 | INFO  | DNAudit | user=null | ip=null | op=WRITE_CHUNK {blockData=conID: 1 locID: 102655682089714287 bcsId: 0} | ret=SUCCESS |  
2019-08-21 15:29:59,087 | INFO  | DNAudit | user=null | ip=null | op=WRITE_CHUNK {blockData=conID: 1 locID: 102655682089714287 bcsId: 0} | ret=SUCCESS |  
2019-08-21 15:29:59,087 | INFO  | DNAudit | user=null | ip=null | op=WRITE_CHUNK {blockData=conID: 1 locID: 102655682089714287 bcsId: 0} | ret=SUCCESS |  
2019-08-21 15:29:59,089 | INFO  | DNAudit | user=null | ip=null | op=WRITE_CHUNK {blockData=conID: 1 locID: 102655682089714287 bcsId: 0} | ret=SUCCESS |  
2019-08-21 15:29:59,089 | INFO  | DNAudit | user=null | ip=null | op=WRITE_CHUNK {blockData=conID: 1 locID: 102655682089714287 bcsId: 0} | ret=SUCCESS |  
2019-08-21 15:29:59,094 | INFO  | DNAudit | user=null | ip=null | op=WRITE_CHUNK {blockData=conID: 1 locID: 102655682089714287 bcsId: 0} | ret=SUCCESS |  
2019-08-21 15:29:59,094 | INFO  | DNAudit | user=null | ip=null | op=PUT_BLOCK {blockData=[blockId=conID: 1 locID: 102655682089714287 bcsId: 0,size=1048576]} | ret=SUCCESS |  
2019-08-21 15:29:59,094 [grpc-default-executor-4] INFO  client.GrpcClientProtocolClient (GrpcClientProtocolClient.java:onNext(255)) - client-029E50227556->355864cd-7ac5-4934-b366-9756b15dd90f: receive RaftClientReply:client-029E50227556->355864cd-7ac5-4934-b366-9756b15dd90f@group-785BCF25C267, cid=2794, SUCCESS, logIndex=4182, commits[355864cd-7ac5-4934-b366-9756b15dd90f:c4183, ce4aa411-63c8-4399-99eb-27ce352844f3:c4181, 3eeffb0a-787e-48ec-a2f5-d0c540a89489:c4181]
2019-08-21 15:29:59,095 | INFO  | DNAudit | user=null | ip=null | op=WRITE_CHUNK {blockData=conID: 1 locID: 102655682089714287 bcsId: 0} | ret=SUCCESS |  
2019-08-21 15:29:59,095 [grpc-default-executor-4] INFO  client.GrpcClientProtocolClient (GrpcClientProtocolClient.java:onNext(255)) - client-029E50227556->355864cd-7ac5-4934-b366-9756b15dd90f: receive RaftClientReply:client-029E50227556->355864cd-7ac5-4934-b366-9756b15dd90f@group-785BCF25C267, cid=2795, SUCCESS, logIndex=4183, commits[355864cd-7ac5-4934-b366-9756b15dd90f:c4183, ce4aa411-63c8-4399-99eb-27ce352844f3:c4181, 3eeffb0a-787e-48ec-a2f5-d0c540a89489:c4181]
2019-08-21 15:29:59,095 | INFO  | DNAudit | user=null | ip=null | op=PUT_BLOCK {blockData=[blockId=conID: 1 locID: 102655682089714287 bcsId: 0,size=2097152]} | ret=SUCCESS |  
2019-08-21 15:29:59,095 [grpc-default-executor-4] INFO  client.GrpcClientProtocolClient (GrpcClientProtocolClient.java:onNext(255)) - client-029E50227556->355864cd-7ac5-4934-b366-9756b15dd90f: receive RaftClientReply:client-029E50227556->355864cd-7ac5-4934-b366-9756b15dd90f@group-785BCF25C267, cid=2796, SUCCESS, logIndex=4184, commits[355864cd-7ac5-4934-b366-9756b15dd90f:c4185, ce4aa411-63c8-4399-99eb-27ce352844f3:c4181, 3eeffb0a-787e-48ec-a2f5-d0c540a89489:c4181]
2019-08-21 15:29:59,095 [grpc-default-executor-4] INFO  client.GrpcClientProtocolClient (GrpcClientProtocolClient.java:onNext(255)) - client-029E50227556->355864cd-7ac5-4934-b366-9756b15dd90f: receive RaftClientReply:client-029E50227556->355864cd-7ac5-4934-b366-9756b15dd90f@group-785BCF25C267, cid=2797, SUCCESS, logIndex=4185, commits[355864cd-7ac5-4934-b366-9756b15dd90f:c4185, ce4aa411-63c8-4399-99eb-27ce352844f3:c4181, 3eeffb0a-787e-48ec-a2f5-d0c540a89489:c4181]
2019-08-21 15:29:59,108 | INFO  | DNAudit | user=null | ip=null | op=WRITE_CHUNK {blockData=conID: 1 locID: 102655682089714287 bcsId: 0} | ret=SUCCESS |  
2019-08-21 15:29:59,108 | INFO  | DNAudit | user=null | ip=null | op=PUT_BLOCK {blockData=[blockId=conID: 1 locID: 102655682089714287 bcsId: 0,size=1048576]} | ret=SUCCESS |  
2019-08-21 15:29:59,108 | INFO  | DNAudit | user=null | ip=null | op=WRITE_CHUNK {blockData=conID: 1 locID: 102655682089714287 bcsId: 0} | ret=SUCCESS |  
2019-08-21 15:29:59,108 | INFO  | DNAudit | user=null | ip=null | op=PUT_BLOCK {blockData=[blockId=conID: 1 locID: 102655682089714287 bcsId: 0,size=1048576]} | ret=SUCCESS |  
2019-08-21 15:29:59,109 | INFO  | DNAudit | user=null | ip=null | op=WRITE_CHUNK {blockData=conID: 1 locID: 102655682089714287 bcsId: 0} | ret=SUCCESS |  
2019-08-21 15:29:59,108 [grpc-default-executor-4] INFO  client.GrpcClientProtocolClient (GrpcClientProtocolClient.java:onNext(255)) - client-029E50227556->355864cd-7ac5-4934-b366-9756b15dd90f: receive RaftClientReply:client-029E50227556->355864cd-7ac5-4934-b366-9756b15dd90f@group-785BCF25C267, cid=2798, SUCCESS, logIndex=0, commits[355864cd-7ac5-4934-b366-9756b15dd90f:c4187, ce4aa411-63c8-4399-99eb-27ce352844f3:c4183, 3eeffb0a-787e-48ec-a2f5-d0c540a89489:c4183]
2019-08-21 15:29:59,109 | INFO  | DNAudit | user=null | ip=null | op=WRITE_CHUNK {blockData=conID: 1 locID: 102655682089714287 bcsId: 0} | ret=SUCCESS |  
2019-08-21 15:29:59,109 | INFO  | DNAudit | user=null | ip=null | op=PUT_BLOCK {blockData=[blockId=conID: 1 locID: 102655682089714287 bcsId: 0,size=2097152]} | ret=SUCCESS |  
2019-08-21 15:29:59,109 | INFO  | DNAudit | user=null | ip=null | op=PUT_BLOCK {blockData=[blockId=conID: 1 locID: 102655682089714287 bcsId: 0,size=2097152]} | ret=SUCCESS |  
2019-08-21 15:29:59,114 | INFO  | DNAudit | user=null | ip=null | op=WRITE_CHUNK {blockData=conID: 1 locID: 102655682089714287 bcsId: 4185} | ret=SUCCESS |  
2019-08-21 15:29:59,116 | INFO  | DNAudit | user=null | ip=null | op=WRITE_CHUNK {blockData=conID: 1 locID: 102655682089714287 bcsId: 4185} | ret=SUCCESS |  
2019-08-21 15:29:59,117 | INFO  | DNAudit | user=null | ip=null | op=WRITE_CHUNK {blockData=conID: 1 locID: 102655682089714287 bcsId: 4185} | ret=SUCCESS |  
2019-08-21 15:29:59,118 | INFO  | SCMAudit | user=jenkins1000 | ip=192.168.5.153 | op=SEND_HEARTBEAT {datanodeUUID=355864cd-7ac5-4934-b366-9756b15dd90f, command=[]} | ret=SUCCESS |  
2019-08-21 15:29:59,118 | INFO  | SCMAudit | user=jenkins1000 | ip=192.168.5.153 | op=SEND_HEARTBEAT {datanodeUUID=ce4aa411-63c8-4399-99eb-27ce352844f3, command=[]} | ret=SUCCESS |  
2019-08-21 15:29:59,118 | INFO  | SCMAudit | user=jenkins1000 | ip=192.168.5.153 | op=SEND_HEARTBEAT {datanodeUUID=3eeffb0a-787e-48ec-a2f5-d0c540a89489, command=[]} | ret=SUCCESS |  
 0.00% |█                                                                                                    |  0/1 Time: 0:00:232019-08-21 15:29:59,119 | INFO  | SCMAudit | user=jenkins1000 | ip=192.168.5.153 | op=SEND_HEARTBEAT {datanodeUUID=a38cd7e0-d792-481c-a4c0-f4feaa89ec8f, command=[]} | ret=SUCCESS |  
2019-08-21 15:29:59,119 | INFO  | SCMAudit | user=jenkins1000 | ip=192.168.5.153 | op=SEND_HEARTBEAT {datanodeUUID=a0074e04-2715-4b16-a2b0-10b5043d27ae, command=[]} | ret=SUCCESS |  
2019-08-21 15:29:59,124 | INFO  | DNAudit | user=null | ip=null | op=WRITE_CHUNK {blockData=conID: 1 locID: 102655682089714287 bcsId: 4185} | ret=SUCCESS |  
2019-08-21 15:29:59,125 | INFO  | DNAudit | user=null | ip=null | op=PUT_BLOCK {blockData=[blockId=conID: 1 locID: 102655682089714287 bcsId: 0,size=3145728]} | ret=SUCCESS |  
2019-08-21 15:29:59,125 [grpc-default-executor-4] INFO  client.GrpcClientProtocolClient (GrpcClientProtocolClient.java:onNext(255)) - client-029E50227556->355864cd-7ac5-4934-b366-9756b15dd90f: receive RaftClientReply:client-029E50227556->355864cd-7ac5-4934-b366-9756b15dd90f@group-785BCF25C267, cid=2799, SUCCESS, logIndex=4190, commits[355864cd-7ac5-4934-b366-9756b15dd90f:c4191, ce4aa411-63c8-4399-99eb-27ce352844f3:c4189, 3eeffb0a-787e-48ec-a2f5-d0c540a89489:c4189]
2019-08-21 15:29:59,125 [grpc-default-executor-4] INFO  client.GrpcClientProtocolClient (GrpcClientProtocolClient.java:onNext(255)) - client-029E50227556->355864cd-7ac5-4934-b366-9756b15dd90f: receive RaftClientReply:client-029E50227556->355864cd-7ac5-4934-b366-9756b15dd90f@group-785BCF25C267, cid=2800, SUCCESS, logIndex=4191, commits[355864cd-7ac5-4934-b366-9756b15dd90f:c4191, ce4aa411-63c8-4399-99eb-27ce352844f3:c4189, 3eeffb0a-787e-48ec-a2f5-d0c540a89489:c4189]
2019-08-21 15:29:59,126 | INFO  | DNAudit | user=null | ip=null | op=WRITE_CHUNK {blockData=conID: 1 locID: 102655682089714287 bcsId: 4185} | ret=SUCCESS |  
2019-08-21 15:29:59,126 | INFO  | DNAudit | user=null | ip=null | op=WRITE_CHUNK {blockData=conID: 1 locID: 102655682089714287 bcsId: 4185} | ret=SUCCESS |  
2019-08-21 15:29:59,131 | INFO  | DNAudit | user=null | ip=null | op=WRITE_CHUNK {blockData=conID: 1 locID: 102655682089714287 bcsId: 4191} | ret=SUCCESS |  
2019-08-21 15:29:59,132 | INFO  | DNAudit | user=null | ip=null | op=WRITE_CHUNK {blockData=conID: 1 locID: 102655682089714287 bcsId: 4191} | ret=SUCCESS |  
2019-08-21 15:29:59,133 | INFO  | DNAudit | user=null | ip=null | op=WRITE_CHUNK {blockData=conID: 1 locID: 102655682089714287 bcsId: 4191} | ret=SUCCESS |  
2019-08-21 15:29:59,136 | INFO  | DNAudit | user=null | ip=null | op=PUT_BLOCK {blockData=[blockId=conID: 1 locID: 102655682089714287 bcsId: 0,size=3145728]} | ret=SUCCESS |  
2019-08-21 15:29:59,136 | INFO  | DNAudit | user=null | ip=null | op=PUT_BLOCK {blockData=[blockId=conID: 1 locID: 102655682089714287 bcsId: 0,size=3145728]} | ret=SUCCESS |  
2019-08-21 15:29:59,148 | INFO  | DNAudit | user=null | ip=null | op=WRITE_CHUNK {blockData=conID: 1 locID: 102655682089714287 bcsId: 4191} | ret=SUCCESS |  
2019-08-21 15:29:59,148 | INFO  | DNAudit | user=null | ip=null | op=PUT_BLOCK {blockData=[blockId=conID: 1 locID: 102655682089714287 bcsId: 0,size=4194304]} | ret=SUCCESS |  
2019-08-21 15:29:59,148 [grpc-default-executor-4] INFO  client.GrpcClientProtocolClient (GrpcClientProtocolClient.java:onNext(255)) - client-029E50227556->355864cd-7ac5-4934-b366-9756b15dd90f: receive RaftClientReply:client-029E50227556->355864cd-7ac5-4934-b366-9756b15dd90f@group-785BCF25C267, cid=2801, SUCCESS, logIndex=4194, commits[355864cd-7ac5-4934-b366-9756b15dd90f:c4195, ce4aa411-63c8-4399-99eb-27ce352844f3:c4192, 3eeffb0a-787e-48ec-a2f5-d0c540a89489:c4192]
2019-08-21 15:29:59,148 [grpc-default-executor-4] INFO  client.GrpcClientProtocolClient (GrpcClientProtocolClient.java:onNext(255)) - client-029E50227556->355864cd-7ac5-4934-b366-9756b15dd90f: receive RaftClientReply:client-029E50227556->355864cd-7ac5-4934-b366-9756b15dd90f@group-785BCF25C267, cid=2802, SUCCESS, logIndex=4195, commits[355864cd-7ac5-4934-b366-9756b15dd90f:c4195, ce4aa411-63c8-4399-99eb-27ce352844f3:c4192, 3eeffb0a-787e-48ec-a2f5-d0c540a89489:c4192]
2019-08-21 15:29:59,159 | INFO  | DNAudit | user=null | ip=null | op=WRITE_CHUNK {blockData=conID: 1 locID: 102655682089714287 bcsId: 4191} | ret=SUCCESS |  
2019-08-21 15:29:59,159 | INFO  | DNAudit | user=null | ip=null | op=WRITE_CHUNK {blockData=conID: 1 locID: 102655682089714287 bcsId: 4191} | ret=SUCCESS |  
2019-08-21 15:29:59,170 | INFO  | DNAudit | user=null | ip=null | op=PUT_BLOCK {blockData=[blockId=conID: 1 locID: 102655682089714287 bcsId: 0,size=4194304]} | ret=SUCCESS |  
2019-08-21 15:29:59,170 | INFO  | DNAudit | user=null | ip=null | op=PUT_BLOCK {blockData=[blockId=conID: 1 locID: 102655682089714287 bcsId: 0,size=4194304]} | ret=SUCCESS |  
2019-08-21 15:29:59,170 [grpc-default-executor-4] INFO  client.GrpcClientProtocolClient (GrpcClientProtocolClient.java:onNext(255)) - client-029E50227556->355864cd-7ac5-4934-b366-9756b15dd90f: receive RaftClientReply:client-029E50227556->355864cd-7ac5-4934-b366-9756b15dd90f@group-785BCF25C267, cid=2803, SUCCESS, logIndex=0, commits[355864cd-7ac5-4934-b366-9756b15dd90f:c4196, ce4aa411-63c8-4399-99eb-27ce352844f3:c4195, 3eeffb0a-787e-48ec-a2f5-d0c540a89489:c4195]
2019-08-21 15:29:59,177 | INFO  | SCMAudit | user=jenkins1000 | ip=192.168.5.153 | op=ALLOCATE_BLOCK {owner=78849ec2-2b05-45d8-8cb5-e95e2230dbd1, size=4194304, type=RATIS, factor=THREE} | ret=SUCCESS |  
2019-08-21 15:29:59,181 | INFO  | OMAudit | user=jenkins1000 | ip=127.0.0.1 | op=ALLOCATE_BLOCK {volume=vol-0-32358, bucket=bucket-0-01949, key=key-0-56547, dataSize=0, replicationType=null, replicationFactor=null, keyLocationInfo=null, clientID=102655680532119954} | ret=SUCCESS |  
2019-08-21 15:29:59,188 | INFO  | DNAudit | user=null | ip=null | op=WRITE_CHUNK {blockData=conID: 2 locID: 102655682096398960 bcsId: 0} | ret=SUCCESS |  
2019-08-21 15:29:59,190 | INFO  | DNAudit | user=null | ip=null | op=WRITE_CHUNK {blockData=conID: 2 locID: 102655682096398960 bcsId: 0} | ret=SUCCESS |  
2019-08-21 15:29:59,190 | INFO  | DNAudit | user=null | ip=null | op=WRITE_CHUNK {blockData=conID: 2 locID: 102655682096398960 bcsId: 0} | ret=SUCCESS |  
2019-08-21 15:29:59,190 | INFO  | DNAudit | user=null | ip=null | op=WRITE_CHUNK {blockData=conID: 2 locID: 102655682096398960 bcsId: 0} | ret=SUCCESS |  
2019-08-21 15:29:59,191 | INFO  | DNAudit | user=null | ip=null | op=WRITE_CHUNK {blockData=conID: 2 locID: 102655682096398960 bcsId: 0} | ret=SUCCESS |  
2019-08-21 15:29:59,192 | INFO  | DNAudit | user=null | ip=null | op=WRITE_CHUNK {blockData=conID: 2 locID: 102655682096398960 bcsId: 0} | ret=SUCCESS |  
2019-08-21 15:29:59,200 | INFO  | DNAudit | user=null | ip=null | op=WRITE_CHUNK {blockData=conID: 2 locID: 102655682096398960 bcsId: 0} | ret=SUCCESS |  
2019-08-21 15:29:59,200 | INFO  | DNAudit | user=null | ip=null | op=PUT_BLOCK {blockData=[blockId=conID: 2 locID: 102655682096398960 bcsId: 0,size=1048576]} | ret=SUCCESS |  
2019-08-21 15:29:59,200 | INFO  | DNAudit | user=null | ip=null | op=WRITE_CHUNK {blockData=conID: 2 locID: 102655682096398960 bcsId: 0} | ret=SUCCESS |  
2019-08-21 15:29:59,201 | INFO  | DNAudit | user=null | ip=null | op=PUT_BLOCK {blockData=[blockId=conID: 2 locID: 102655682096398960 bcsId: 0,size=2097152]} | ret=SUCCESS |  
2019-08-21 15:29:59,200 [grpc-default-executor-3] INFO  client.GrpcClientProtocolClient (GrpcClientProtocolClient.java:onNext(255)) - client-029E50227556->355864cd-7ac5-4934-b366-9756b15dd90f: receive RaftClientReply:client-029E50227556->355864cd-7ac5-4934-b366-9756b15dd90f@group-785BCF25C267, cid=2804, SUCCESS, logIndex=4198, commits[355864cd-7ac5-4934-b366-9756b15dd90f:c4199, ce4aa411-63c8-4399-99eb-27ce352844f3:c4197, 3eeffb0a-787e-48ec-a2f5-d0c540a89489:c4197]
2019-08-21 15:29:59,201 [grpc-default-executor-3] INFO  client.GrpcClientProtocolClient (GrpcClientProtocolClient.java:onNext(255)) - client-029E50227556->355864cd-7ac5-4934-b366-9756b15dd90f: receive RaftClientReply:client-029E50227556->355864cd-7ac5-4934-b366-9756b15dd90f@group-785BCF25C267, cid=2805, SUCCESS, logIndex=4199, commits[355864cd-7ac5-4934-b366-9756b15dd90f:c4201, ce4aa411-63c8-4399-99eb-27ce352844f3:c4197, 3eeffb0a-787e-48ec-a2f5-d0c540a89489:c4197]
2019-08-21 15:29:59,201 | INFO  | DNAudit | user=null | ip=null | op=WRITE_CHUNK {blockData=conID: 2 locID: 102655682096398960 bcsId: 0} | ret=SUCCESS |  
2019-08-21 15:29:59,201 [grpc-default-executor-4] INFO  client.GrpcClientProtocolClient (GrpcClientProtocolClient.java:onNext(255)) - client-029E50227556->355864cd-7ac5-4934-b366-9756b15dd90f: receive RaftClientReply:client-029E50227556->355864cd-7ac5-4934-b366-9756b15dd90f@group-785BCF25C267, cid=2806, SUCCESS, logIndex=4200, commits[355864cd-7ac5-4934-b366-9756b15dd90f:c4201, ce4aa411-63c8-4399-99eb-27ce352844f3:c4197, 3eeffb0a-787e-48ec-a2f5-d0c540a89489:c4197]
2019-08-21 15:29:59,202 [grpc-default-executor-4] INFO  client.GrpcClientProtocolClient (GrpcClientProtocolClient.java:onNext(255)) - client-029E50227556->355864cd-7ac5-4934-b366-9756b15dd90f: receive RaftClientReply:client-029E50227556->355864cd-7ac5-4934-b366-9756b15dd90f@group-785BCF25C267, cid=2807, SUCCESS, logIndex=4201, commits[355864cd-7ac5-4934-b366-9756b15dd90f:c4201, ce4aa411-63c8-4399-99eb-27ce352844f3:c4197, 3eeffb0a-787e-48ec-a2f5-d0c540a89489:c4197]
2019-08-21 15:29:59,203 | INFO  | DNAudit | user=null | ip=null | op=WRITE_CHUNK {blockData=conID: 2 locID: 102655682096398960 bcsId: 0} | ret=SUCCESS |  
2019-08-21 15:29:59,204 | INFO  | DNAudit | user=null | ip=null | op=PUT_BLOCK {blockData=[blockId=conID: 2 locID: 102655682096398960 bcsId: 0,size=1048576]} | ret=SUCCESS |  
2019-08-21 15:29:59,204 | INFO  | DNAudit | user=null | ip=null | op=WRITE_CHUNK {blockData=conID: 2 locID: 102655682096398960 bcsId: 0} | ret=SUCCESS |  
2019-08-21 15:29:59,204 | INFO  | DNAudit | user=null | ip=null | op=PUT_BLOCK {blockData=[blockId=conID: 2 locID: 102655682096398960 bcsId: 0,size=2097152]} | ret=SUCCESS |  
2019-08-21 15:29:59,214 | INFO  | DNAudit | user=null | ip=null | op=PUT_BLOCK {blockData=[blockId=conID: 2 locID: 102655682096398960 bcsId: 0,size=1048576]} | ret=SUCCESS |  
2019-08-21 15:29:59,214 | INFO  | DNAudit | user=null | ip=null | op=WRITE_CHUNK {blockData=conID: 2 locID: 102655682096398960 bcsId: 0} | ret=SUCCESS |  
2019-08-21 15:29:59,214 | INFO  | DNAudit | user=null | ip=null | op=PUT_BLOCK {blockData=[blockId=conID: 2 locID: 102655682096398960 bcsId: 0,size=2097152]} | ret=SUCCESS |  
2019-08-21 15:29:59,214 [grpc-default-executor-4] INFO  client.GrpcClientProtocolClient (GrpcClientProtocolClient.java:onNext(255)) - client-029E50227556->355864cd-7ac5-4934-b366-9756b15dd90f: receive RaftClientReply:client-029E50227556->355864cd-7ac5-4934-b366-9756b15dd90f@group-785BCF25C267, cid=2808, SUCCESS, logIndex=0, commits[355864cd-7ac5-4934-b366-9756b15dd90f:c4204, ce4aa411-63c8-4399-99eb-27ce352844f3:c4201, 3eeffb0a-787e-48ec-a2f5-d0c540a89489:c4199]
2019-08-21 15:29:59,220 | INFO  | DNAudit | user=null | ip=null | op=WRITE_CHUNK {blockData=conID: 2 locID: 102655682096398960 bcsId: 4201} | ret=SUCCESS |  
2019-08-21 15:29:59,222 | INFO  | DNAudit | user=null | ip=null | op=WRITE_CHUNK {blockData=conID: 2 locID: 102655682096398960 bcsId: 4201} | ret=SUCCESS |  
2019-08-21 15:29:59,222 | INFO  | DNAudit | user=null | ip=null | op=WRITE_CHUNK {blockData=conID: 2 locID: 102655682096398960 bcsId: 4201} | ret=SUCCESS |  
2019-08-21 15:29:59,233 | INFO  | DNAudit | user=null | ip=null | op=WRITE_CHUNK {blockData=conID: 2 locID: 102655682096398960 bcsId: 4201} | ret=SUCCESS |  
2019-08-21 15:29:59,233 | INFO  | DNAudit | user=null | ip=null | op=PUT_BLOCK {blockData=[blockId=conID: 2 locID: 102655682096398960 bcsId: 0,size=3145728]} | ret=SUCCESS |  
2019-08-21 15:29:59,233 [grpc-default-executor-4] INFO  client.GrpcClientProtocolClient (GrpcClientProtocolClient.java:onNext(255)) - client-029E50227556->355864cd-7ac5-4934-b366-9756b15dd90f: receive RaftClientReply:client-029E50227556->355864cd-7ac5-4934-b366-9756b15dd90f@group-785BCF25C267, cid=2809, SUCCESS, logIndex=4205, commits[355864cd-7ac5-4934-b366-9756b15dd90f:c4206, ce4aa411-63c8-4399-99eb-27ce352844f3:c4204, 3eeffb0a-787e-48ec-a2f5-d0c540a89489:c4204]
2019-08-21 15:29:59,234 [grpc-default-executor-4] INFO  client.GrpcClientProtocolClient (GrpcClientProtocolClient.java:onNext(255)) - client-029E50227556->355864cd-7ac5-4934-b366-9756b15dd90f: receive RaftClientReply:client-029E50227556->355864cd-7ac5-4934-b366-9756b15dd90f@group-785BCF25C267, cid=2810, SUCCESS, logIndex=4206, commits[355864cd-7ac5-4934-b366-9756b15dd90f:c4206, ce4aa411-63c8-4399-99eb-27ce352844f3:c4204, 3eeffb0a-787e-48ec-a2f5-d0c540a89489:c4204]
2019-08-21 15:29:59,234 | INFO  | DNAudit | user=null | ip=null | op=WRITE_CHUNK {blockData=conID: 2 locID: 102655682096398960 bcsId: 4201} | ret=SUCCESS |  
2019-08-21 15:29:59,236 | INFO  | DNAudit | user=null | ip=null | op=WRITE_CHUNK {blockData=conID: 2 locID: 102655682096398960 bcsId: 4201} | ret=SUCCESS |  
2019-08-21 15:29:59,240 | INFO  | DNAudit | user=null | ip=null | op=WRITE_CHUNK {blockData=conID: 2 locID: 102655682096398960 bcsId: 4206} | ret=SUCCESS |  
2019-08-21 15:29:59,241 | INFO  | DNAudit | user=null | ip=null | op=WRITE_CHUNK {blockData=conID: 2 locID: 102655682096398960 bcsId: 4206} | ret=SUCCESS |  
2019-08-21 15:29:59,241 | INFO  | DNAudit | user=null | ip=null | op=WRITE_CHUNK {blockData=conID: 2 locID: 102655682096398960 bcsId: 4206} | ret=SUCCESS |  
2019-08-21 15:29:59,247 | INFO  | DNAudit | user=null | ip=null | op=PUT_BLOCK {blockData=[blockId=conID: 2 locID: 102655682096398960 bcsId: 0,size=3145728]} | ret=SUCCESS |  
2019-08-21 15:29:59,247 | INFO  | DNAudit | user=null | ip=null | op=PUT_BLOCK {blockData=[blockId=conID: 2 locID: 102655682096398960 bcsId: 0,size=3145728]} | ret=SUCCESS |  
2019-08-21 15:29:59,248 | INFO  | DNAudit | user=null | ip=null | op=WRITE_CHUNK {blockData=conID: 2 locID: 102655682096398960 bcsId: 4206} | ret=SUCCESS |  
2019-08-21 15:29:59,249 | INFO  | DNAudit | user=null | ip=null | op=PUT_BLOCK {blockData=[blockId=conID: 2 locID: 102655682096398960 bcsId: 0,size=4194304]} | ret=SUCCESS |  
2019-08-21 15:29:59,249 [grpc-default-executor-3] INFO  client.GrpcClientProtocolClient (GrpcClientProtocolClient.java:onNext(255)) - client-029E50227556->355864cd-7ac5-4934-b366-9756b15dd90f: receive RaftClientReply:client-029E50227556->355864cd-7ac5-4934-b366-9756b15dd90f@group-785BCF25C267, cid=2811, SUCCESS, logIndex=4209, commits[355864cd-7ac5-4934-b366-9756b15dd90f:c4210, ce4aa411-63c8-4399-99eb-27ce352844f3:c4207, 3eeffb0a-787e-48ec-a2f5-d0c540a89489:c4206]
2019-08-21 15:29:59,249 [grpc-default-executor-3] INFO  client.GrpcClientProtocolClient (GrpcClientProtocolClient.java:onNext(255)) - client-029E50227556->355864cd-7ac5-4934-b366-9756b15dd90f: receive RaftClientReply:client-029E50227556->355864cd-7ac5-4934-b366-9756b15dd90f@group-785BCF25C267, cid=2812, SUCCESS, logIndex=4210, commits[355864cd-7ac5-4934-b366-9756b15dd90f:c4210, ce4aa411-63c8-4399-99eb-27ce352844f3:c4207, 3eeffb0a-787e-48ec-a2f5-d0c540a89489:c4207]
2019-08-21 15:29:59,251 | INFO  | DNAudit | user=null | ip=null | op=WRITE_CHUNK {blockData=conID: 2 locID: 102655682096398960 bcsId: 4206} | ret=SUCCESS |  
2019-08-21 15:29:59,252 | INFO  | DNAudit | user=null | ip=null | op=WRITE_CHUNK {blockData=conID: 2 locID: 102655682096398960 bcsId: 4206} | ret=SUCCESS |  
2019-08-21 15:29:59,252 | INFO  | DNAudit | user=null | ip=null | op=PUT_BLOCK {blockData=[blockId=conID: 2 locID: 102655682096398960 bcsId: 0,size=4194304]} | ret=SUCCESS |  
2019-08-21 15:29:59,263 | INFO  | DNAudit | user=null | ip=null | op=PUT_BLOCK {blockData=[blockId=conID: 2 locID: 102655682096398960 bcsId: 0,size=4194304]} | ret=SUCCESS |  
2019-08-21 15:29:59,263 [grpc-default-executor-3] INFO  client.GrpcClientProtocolClient (GrpcClientProtocolClient.java:onNext(255)) - client-029E50227556->355864cd-7ac5-4934-b366-9756b15dd90f: receive RaftClientReply:client-029E50227556->355864cd-7ac5-4934-b366-9756b15dd90f@group-785BCF25C267, cid=2813, SUCCESS, logIndex=0, commits[355864cd-7ac5-4934-b366-9756b15dd90f:c4212, ce4aa411-63c8-4399-99eb-27ce352844f3:c4210, 3eeffb0a-787e-48ec-a2f5-d0c540a89489:c4210]
2019-08-21 15:29:59,268 | INFO  | SCMAudit | user=jenkins1000 | ip=192.168.5.153 | op=ALLOCATE_BLOCK {owner=78849ec2-2b05-45d8-8cb5-e95e2230dbd1, size=4194304, type=RATIS, factor=THREE} | ret=SUCCESS |  
2019-08-21 15:29:59,271 | INFO  | OMAudit | user=jenkins1000 | ip=127.0.0.1 | op=ALLOCATE_BLOCK {volume=vol-0-32358, bucket=bucket-0-01949, key=key-0-56547, dataSize=0, replicationType=null, replicationFactor=null, keyLocationInfo=null, clientID=102655680532119954} | ret=SUCCESS |  
2019-08-21 15:29:59,278 | INFO  | DNAudit | user=null | ip=null | op=WRITE_CHUNK {blockData=conID: 3 locID: 102655682102428273 bcsId: 0} | ret=SUCCESS |  
2019-08-21 15:29:59,280 | INFO  | DNAudit | user=null | ip=null | op=WRITE_CHUNK {blockData=conID: 3 locID: 102655682102428273 bcsId: 0} | ret=SUCCESS |  
2019-08-21 15:29:59,281 | INFO  | DNAudit | user=null | ip=null | op=WRITE_CHUNK {blockData=conID: 3 locID: 102655682102428273 bcsId: 0} | ret=SUCCESS |  
2019-08-21 15:29:59,281 | INFO  | DNAudit | user=null | ip=null | op=WRITE_CHUNK {blockData=conID: 3 locID: 102655682102428273 bcsId: 0} | ret=SUCCESS |  
2019-08-21 15:29:59,282 | INFO  | DNAudit | user=null | ip=null | op=WRITE_CHUNK {blockData=conID: 3 locID: 102655682102428273 bcsId: 0} | ret=SUCCESS |  
2019-08-21 15:29:59,282 | INFO  | DNAudit | user=null | ip=null | op=WRITE_CHUNK {blockData=conID: 3 locID: 102655682102428273 bcsId: 0} | ret=SUCCESS |  
2019-08-21 15:29:59,291 | INFO  | DNAudit | user=null | ip=null | op=WRITE_CHUNK {blockData=conID: 3 locID: 102655682102428273 bcsId: 0} | ret=SUCCESS |  
2019-08-21 15:29:59,291 | INFO  | DNAudit | user=null | ip=null | op=PUT_BLOCK {blockData=[blockId=conID: 3 locID: 102655682102428273 bcsId: 0,size=1048576]} | ret=SUCCESS |  
2019-08-21 15:29:59,291 | INFO  | DNAudit | user=null | ip=null | op=WRITE_CHUNK {blockData=conID: 3 locID: 102655682102428273 bcsId: 0} | ret=SUCCESS |  
2019-08-21 15:29:59,291 [grpc-default-executor-3] INFO  client.GrpcClientProtocolClient (GrpcClientProtocolClient.java:onNext(255)) - client-029E50227556->355864cd-7ac5-4934-b366-9756b15dd90f: receive RaftClientReply:client-029E50227556->355864cd-7ac5-4934-b366-9756b15dd90f@group-785BCF25C267, cid=2814, SUCCESS, logIndex=4213, commits[355864cd-7ac5-4934-b366-9756b15dd90f:c4216, ce4aa411-63c8-4399-99eb-27ce352844f3:c4212, 3eeffb0a-787e-48ec-a2f5-d0c540a89489:c4212]
2019-08-21 15:29:59,292 | INFO  | DNAudit | user=null | ip=null | op=PUT_BLOCK {blockData=[blockId=conID: 3 locID: 102655682102428273 bcsId: 0,size=2097152]} | ret=SUCCESS |  
2019-08-21 15:29:59,292 [grpc-default-executor-3] INFO  client.GrpcClientProtocolClient (GrpcClientProtocolClient.java:onNext(255)) - client-029E50227556->355864cd-7ac5-4934-b366-9756b15dd90f: receive RaftClientReply:client-029E50227556->355864cd-7ac5-4934-b366-9756b15dd90f@group-785BCF25C267, cid=2815, SUCCESS, logIndex=4214, commits[355864cd-7ac5-4934-b366-9756b15dd90f:c4216, ce4aa411-63c8-4399-99eb-27ce352844f3:c4212, 3eeffb0a-787e-48ec-a2f5-d0c540a89489:c4212]
2019-08-21 15:29:59,292 | INFO  | DNAudit | user=null | ip=null | op=WRITE_CHUNK {blockData=conID: 3 locID: 102655682102428273 bcsId: 0} | ret=SUCCESS |  
2019-08-21 15:29:59,292 | INFO  | DNAudit | user=null | ip=null | op=WRITE_CHUNK {blockData=conID: 3 locID: 102655682102428273 bcsId: 0} | ret=SUCCESS |  
2019-08-21 15:29:59,292 [grpc-default-executor-0] INFO  client.GrpcClientProtocolClient (GrpcClientProtocolClient.java:onNext(255)) - client-029E50227556->355864cd-7ac5-4934-b366-9756b15dd90f: receive RaftClientReply:client-029E50227556->355864cd-7ac5-4934-b366-9756b15dd90f@group-785BCF25C267, cid=2816, SUCCESS, logIndex=4215, commits[355864cd-7ac5-4934-b366-9756b15dd90f:c4216, ce4aa411-63c8-4399-99eb-27ce352844f3:c4212, 3eeffb0a-787e-48ec-a2f5-d0c540a89489:c4212]
2019-08-21 15:29:59,293 | INFO  | DNAudit | user=null | ip=null | op=PUT_BLOCK {blockData=[blockId=conID: 3 locID: 102655682102428273 bcsId: 0,size=1048576]} | ret=SUCCESS |  
2019-08-21 15:29:59,293 | INFO  | DNAudit | user=null | ip=null | op=PUT_BLOCK {blockData=[blockId=conID: 3 locID: 102655682102428273 bcsId: 0,size=1048576]} | ret=SUCCESS |  
2019-08-21 15:29:59,293 | INFO  | DNAudit | user=null | ip=null | op=WRITE_CHUNK {blockData=conID: 3 locID: 102655682102428273 bcsId: 0} | ret=SUCCESS |  
2019-08-21 15:29:59,293 [grpc-default-executor-0] INFO  client.GrpcClientProtocolClient (GrpcClientProtocolClient.java:onNext(255)) - client-029E50227556->355864cd-7ac5-4934-b366-9756b15dd90f: receive RaftClientReply:client-029E50227556->355864cd-7ac5-4934-b366-9756b15dd90f@group-785BCF25C267, cid=2817, SUCCESS, logIndex=4216, commits[355864cd-7ac5-4934-b366-9756b15dd90f:c4216, ce4aa411-63c8-4399-99eb-27ce352844f3:c4212, 3eeffb0a-787e-48ec-a2f5-d0c540a89489:c4212]
2019-08-21 15:29:59,293 | INFO  | DNAudit | user=null | ip=null | op=PUT_BLOCK {blockData=[blockId=conID: 3 locID: 102655682102428273 bcsId: 0,size=2097152]} | ret=SUCCESS |  
2019-08-21 15:29:59,293 [grpc-default-executor-0] INFO  client.GrpcClientProtocolClient (GrpcClientProtocolClient.java:onNext(255)) - client-029E50227556->355864cd-7ac5-4934-b366-9756b15dd90f: receive RaftClientReply:client-029E50227556->355864cd-7ac5-4934-b366-9756b15dd90f@group-785BCF25C267, cid=2818, SUCCESS, logIndex=0, commits[355864cd-7ac5-4934-b366-9756b15dd90f:c4220, ce4aa411-63c8-4399-99eb-27ce352844f3:c4214, 3eeffb0a-787e-48ec-a2f5-d0c540a89489:c4216]
2019-08-21 15:29:59,294 | INFO  | DNAudit | user=null | ip=null | op=WRITE_CHUNK {blockData=conID: 3 locID: 102655682102428273 bcsId: 0} | ret=SUCCESS |  
2019-08-21 15:29:59,294 | INFO  | DNAudit | user=null | ip=null | op=PUT_BLOCK {blockData=[blockId=conID: 3 locID: 102655682102428273 bcsId: 0,size=2097152]} | ret=SUCCESS |  
2019-08-21 15:29:59,299 | INFO  | DNAudit | user=null | ip=null | op=WRITE_CHUNK {blockData=conID: 3 locID: 102655682102428273 bcsId: 4216} | ret=SUCCESS |  
2019-08-21 15:29:59,301 | INFO  | DNAudit | user=null | ip=null | op=WRITE_CHUNK {blockData=conID: 3 locID: 102655682102428273 bcsId: 4216} | ret=SUCCESS |  
2019-08-21 15:29:59,301 | INFO  | DNAudit | user=null | ip=null | op=WRITE_CHUNK {blockData=conID: 3 locID: 102655682102428273 bcsId: 4216} | ret=SUCCESS |  
2019-08-21 15:29:59,312 | INFO  | DNAudit | user=null | ip=null | op=WRITE_CHUNK {blockData=conID: 3 locID: 102655682102428273 bcsId: 4216} | ret=SUCCESS |  
2019-08-21 15:29:59,312 | INFO  | DNAudit | user=null | ip=null | op=PUT_BLOCK {blockData=[blockId=conID: 3 locID: 102655682102428273 bcsId: 0,size=3145728]} | ret=SUCCESS |  
2019-08-21 15:29:59,312 [grpc-default-executor-3] INFO  client.GrpcClientProtocolClient (GrpcClientProtocolClient.java:onNext(255)) - client-029E50227556->355864cd-7ac5-4934-b366-9756b15dd90f: receive RaftClientReply:client-029E50227556->355864cd-7ac5-4934-b366-9756b15dd90f@group-785BCF25C267, cid=2819, SUCCESS, logIndex=4221, commits[355864cd-7ac5-4934-b366-9756b15dd90f:c4222, ce4aa411-63c8-4399-99eb-27ce352844f3:c4220, 3eeffb0a-787e-48ec-a2f5-d0c540a89489:c4220]
2019-08-21 15:29:59,313 [grpc-default-executor-3] INFO  client.GrpcClientProtocolClient (GrpcClientProtocolClient.java:onNext(255)) - client-029E50227556->355864cd-7ac5-4934-b366-9756b15dd90f: receive RaftClientReply:client-029E50227556->355864cd-7ac5-4934-b366-9756b15dd90f@group-785BCF25C267, cid=2820, SUCCESS, logIndex=4222, commits[355864cd-7ac5-4934-b366-9756b15dd90f:c4222, ce4aa411-63c8-4399-99eb-27ce352844f3:c4220, 3eeffb0a-787e-48ec-a2f5-d0c540a89489:c4220]
2019-08-21 15:29:59,313 | INFO  | DNAudit | user=null | ip=null | op=WRITE_CHUNK {blockData=conID: 3 locID: 102655682102428273 bcsId: 4216} | ret=SUCCESS |  
2019-08-21 15:29:59,314 | INFO  | DNAudit | user=null | ip=null | op=WRITE_CHUNK {blockData=conID: 3 locID: 102655682102428273 bcsId: 4216} | ret=SUCCESS |  
2019-08-21 15:29:59,315 | INFO  | DNAudit | user=null | ip=null | op=PUT_BLOCK {blockData=[blockId=conID: 3 locID: 102655682102428273 bcsId: 0,size=3145728]} | ret=SUCCESS |  
2019-08-21 15:29:59,315 | INFO  | DNAudit | user=null | ip=null | op=PUT_BLOCK {blockData=[blockId=conID: 3 locID: 102655682102428273 bcsId: 0,size=3145728]} | ret=SUCCESS |  
2019-08-21 15:29:59,318 | INFO  | DNAudit | user=null | ip=null | op=WRITE_CHUNK {blockData=conID: 3 locID: 102655682102428273 bcsId: 4222} | ret=SUCCESS |  
2019-08-21 15:29:59,320 | INFO  | DNAudit | user=null | ip=null | op=WRITE_CHUNK {blockData=conID: 3 locID: 102655682102428273 bcsId: 4222} | ret=SUCCESS |  
2019-08-21 15:29:59,320 | INFO  | DNAudit | user=null | ip=null | op=WRITE_CHUNK {blockData=conID: 3 locID: 102655682102428273 bcsId: 4222} | ret=SUCCESS |  
2019-08-21 15:29:59,337 | INFO  | DNAudit | user=null | ip=null | op=WRITE_CHUNK {blockData=conID: 3 locID: 102655682102428273 bcsId: 4222} | ret=SUCCESS |  
2019-08-21 15:29:59,338 | INFO  | DNAudit | user=null | ip=null | op=PUT_BLOCK {blockData=[blockId=conID: 3 locID: 102655682102428273 bcsId: 0,size=4194304]} | ret=SUCCESS |  
2019-08-21 15:29:59,338 [grpc-default-executor-0] INFO  client.GrpcClientProtocolClient (GrpcClientProtocolClient.java:onNext(255)) - client-029E50227556->355864cd-7ac5-4934-b366-9756b15dd90f: receive RaftClientReply:client-029E50227556->355864cd-7ac5-4934-b366-9756b15dd90f@group-785BCF25C267, cid=2821, SUCCESS, logIndex=4225, commits[355864cd-7ac5-4934-b366-9756b15dd90f:c4226, ce4aa411-63c8-4399-99eb-27ce352844f3:c4224, 3eeffb0a-787e-48ec-a2f5-d0c540a89489:c4224]
2019-08-21 15:29:59,338 [grpc-default-executor-0] INFO  client.GrpcClientProtocolClient (GrpcClientProtocolClient.java:onNext(255)) - client-029E50227556->355864cd-7ac5-4934-b366-9756b15dd90f: receive RaftClientReply:client-029E50227556->355864cd-7ac5-4934-b366-9756b15dd90f@group-785BCF25C267, cid=2822, SUCCESS, logIndex=4226, commits[355864cd-7ac5-4934-b366-9756b15dd90f:c4226, ce4aa411-63c8-4399-99eb-27ce352844f3:c4224, 3eeffb0a-787e-48ec-a2f5-d0c540a89489:c4224]
2019-08-21 15:29:59,349 | INFO  | DNAudit | user=null | ip=null | op=WRITE_CHUNK {blockData=conID: 3 locID: 102655682102428273 bcsId: 4222} | ret=SUCCESS |  
2019-08-21 15:29:59,350 | INFO  | DNAudit | user=null | ip=null | op=WRITE_CHUNK {blockData=conID: 3 locID: 102655682102428273 bcsId: 4222} | ret=SUCCESS |  
2019-08-21 15:29:59,359 | INFO  | DNAudit | user=null | ip=null | op=PUT_BLOCK {blockData=[blockId=conID: 3 locID: 102655682102428273 bcsId: 0,size=4194304]} | ret=SUCCESS |  
2019-08-21 15:29:59,359 | INFO  | DNAudit | user=null | ip=null | op=PUT_BLOCK {blockData=[blockId=conID: 3 locID: 102655682102428273 bcsId: 0,size=4194304]} | ret=SUCCESS |  
2019-08-21 15:29:59,360 [grpc-default-executor-5] INFO  client.GrpcClientProtocolClient (GrpcClientProtocolClient.java:onNext(255)) - client-029E50227556->355864cd-7ac5-4934-b366-9756b15dd90f: receive RaftClientReply:client-029E50227556->355864cd-7ac5-4934-b366-9756b15dd90f@group-785BCF25C267, cid=2823, SUCCESS, logIndex=0, commits[355864cd-7ac5-4934-b366-9756b15dd90f:c4228, ce4aa411-63c8-4399-99eb-27ce352844f3:c4226, 3eeffb0a-787e-48ec-a2f5-d0c540a89489:c4226]
2019-08-21 15:29:59,364 | INFO  | SCMAudit | user=jenkins1000 | ip=192.168.5.153 | op=ALLOCATE_BLOCK {owner=78849ec2-2b05-45d8-8cb5-e95e2230dbd1, size=4194304, type=RATIS, factor=THREE} | ret=SUCCESS |  
2019-08-21 15:29:59,367 | INFO  | OMAudit | user=jenkins1000 | ip=127.0.0.1 | op=ALLOCATE_BLOCK {volume=vol-0-32358, bucket=bucket-0-01949, key=key-0-56547, dataSize=0, replicationType=null, replicationFactor=null, keyLocationInfo=null, clientID=102655680532119954} | ret=SUCCESS |  
2019-08-21 15:29:59,373 | INFO  | DNAudit | user=null | ip=null | op=WRITE_CHUNK {blockData=conID: 1 locID: 102655682108719730 bcsId: 0} | ret=SUCCESS |  
2019-08-21 15:29:59,375 | INFO  | DNAudit | user=null | ip=null | op=WRITE_CHUNK {blockData=conID: 1 locID: 102655682108719730 bcsId: 0} | ret=SUCCESS |  
2019-08-21 15:29:59,375 | INFO  | DNAudit | user=null | ip=null | op=WRITE_CHUNK {blockData=conID: 1 locID: 102655682108719730 bcsId: 0} | ret=SUCCESS |  
2019-08-21 15:29:59,376 | INFO  | DNAudit | user=null | ip=null | op=WRITE_CHUNK {blockData=conID: 1 locID: 102655682108719730 bcsId: 0} | ret=SUCCESS |  
2019-08-21 15:29:59,377 | INFO  | DNAudit | user=null | ip=null | op=WRITE_CHUNK {blockData=conID: 1 locID: 102655682108719730 bcsId: 0} | ret=SUCCESS |  
2019-08-21 15:29:59,377 | INFO  | DNAudit | user=null | ip=null | op=WRITE_CHUNK {blockData=conID: 1 locID: 102655682108719730 bcsId: 0} | ret=SUCCESS |  
2019-08-21 15:29:59,386 | INFO  | DNAudit | user=null | ip=null | op=WRITE_CHUNK {blockData=conID: 1 locID: 102655682108719730 bcsId: 0} | ret=SUCCESS |  
2019-08-21 15:29:59,386 | INFO  | DNAudit | user=null | ip=null | op=PUT_BLOCK {blockData=[blockId=conID: 1 locID: 102655682108719730 bcsId: 0,size=1048576]} | ret=SUCCESS |  
2019-08-21 15:29:59,386 [grpc-default-executor-4] INFO  client.GrpcClientProtocolClient (GrpcClientProtocolClient.java:onNext(255)) - client-029E50227556->355864cd-7ac5-4934-b366-9756b15dd90f: receive RaftClientReply:client-029E50227556->355864cd-7ac5-4934-b366-9756b15dd90f@group-785BCF25C267, cid=2824, SUCCESS, logIndex=4229, commits[355864cd-7ac5-4934-b366-9756b15dd90f:c4230, ce4aa411-63c8-4399-99eb-27ce352844f3:c4228, 3eeffb0a-787e-48ec-a2f5-d0c540a89489:c4228]
2019-08-21 15:29:59,386 [grpc-default-executor-4] INFO  client.GrpcClientProtocolClient (GrpcClientProtocolClient.java:onNext(255)) - client-029E50227556->355864cd-7ac5-4934-b366-9756b15dd90f: receive RaftClientReply:client-029E50227556->355864cd-7ac5-4934-b366-9756b15dd90f@group-785BCF25C267, cid=2825, SUCCESS, logIndex=4230, commits[355864cd-7ac5-4934-b366-9756b15dd90f:c4230, ce4aa411-63c8-4399-99eb-27ce352844f3:c4228, 3eeffb0a-787e-48ec-a2f5-d0c540a89489:c4228]
2019-08-21 15:29:59,388 | INFO  | DNAudit | user=null | ip=null | op=WRITE_CHUNK {blockData=conID: 1 locID: 102655682108719730 bcsId: 0} | ret=SUCCESS |  
2019-08-21 15:29:59,388 | INFO  | DNAudit | user=null | ip=null | op=PUT_BLOCK {blockData=[blockId=conID: 1 locID: 102655682108719730 bcsId: 0,size=2097152]} | ret=SUCCESS |  
2019-08-21 15:29:59,388 [grpc-default-executor-4] INFO  client.GrpcClientProtocolClient (GrpcClientProtocolClient.java:onNext(255)) - client-029E50227556->355864cd-7ac5-4934-b366-9756b15dd90f: receive RaftClientReply:client-029E50227556->355864cd-7ac5-4934-b366-9756b15dd90f@group-785BCF25C267, cid=2826, SUCCESS, logIndex=4231, commits[355864cd-7ac5-4934-b366-9756b15dd90f:c4232, ce4aa411-63c8-4399-99eb-27ce352844f3:c4228, 3eeffb0a-787e-48ec-a2f5-d0c540a89489:c4228]
2019-08-21 15:29:59,389 [grpc-default-executor-4] INFO  client.GrpcClientProtocolClient (GrpcClientProtocolClient.java:onNext(255)) - client-029E50227556->355864cd-7ac5-4934-b366-9756b15dd90f: receive RaftClientReply:client-029E50227556->355864cd-7ac5-4934-b366-9756b15dd90f@group-785BCF25C267, cid=2827, SUCCESS, logIndex=4232, commits[355864cd-7ac5-4934-b366-9756b15dd90f:c4232, ce4aa411-63c8-4399-99eb-27ce352844f3:c4228, 3eeffb0a-787e-48ec-a2f5-d0c540a89489:c4228]
2019-08-21 15:29:59,399 | INFO  | DNAudit | user=null | ip=null | op=WRITE_CHUNK {blockData=conID: 1 locID: 102655682108719730 bcsId: 0} | ret=SUCCESS |  
2019-08-21 15:29:59,400 | INFO  | DNAudit | user=null | ip=null | op=WRITE_CHUNK {blockData=conID: 1 locID: 102655682108719730 bcsId: 0} | ret=SUCCESS |  
2019-08-21 15:29:59,400 | INFO  | DNAudit | user=null | ip=null | op=PUT_BLOCK {blockData=[blockId=conID: 1 locID: 102655682108719730 bcsId: 0,size=1048576]} | ret=SUCCESS |  
2019-08-21 15:29:59,400 | INFO  | DNAudit | user=null | ip=null | op=PUT_BLOCK {blockData=[blockId=conID: 1 locID: 102655682108719730 bcsId: 0,size=1048576]} | ret=SUCCESS |  
2019-08-21 15:29:59,400 [grpc-default-executor-5] INFO  client.GrpcClientProtocolClient (GrpcClientProtocolClient.java:onNext(255)) - client-029E50227556->355864cd-7ac5-4934-b366-9756b15dd90f: receive RaftClientReply:client-029E50227556->355864cd-7ac5-4934-b366-9756b15dd90f@group-785BCF25C267, cid=2828, SUCCESS, logIndex=0, commits[355864cd-7ac5-4934-b366-9756b15dd90f:c4232, ce4aa411-63c8-4399-99eb-27ce352844f3:c4230, 3eeffb0a-787e-48ec-a2f5-d0c540a89489:c4230]
2019-08-21 15:29:59,406 | INFO  | DNAudit | user=null | ip=null | op=WRITE_CHUNK {blockData=conID: 1 locID: 102655682108719730 bcsId: 4232} | ret=SUCCESS |  
2019-08-21 15:29:59,407 | INFO  | DNAudit | user=null | ip=null | op=WRITE_CHUNK {blockData=conID: 1 locID: 102655682108719730 bcsId: 4232} | ret=SUCCESS |  
2019-08-21 15:29:59,407 | INFO  | DNAudit | user=null | ip=null | op=WRITE_CHUNK {blockData=conID: 1 locID: 102655682108719730 bcsId: 4232} | ret=SUCCESS |  
2019-08-21 15:29:59,410 | INFO  | DNAudit | user=null | ip=null | op=WRITE_CHUNK {blockData=conID: 1 locID: 102655682108719730 bcsId: 0} | ret=SUCCESS |  
2019-08-21 15:29:59,410 | INFO  | DNAudit | user=null | ip=null | op=WRITE_CHUNK {blockData=conID: 1 locID: 102655682108719730 bcsId: 0} | ret=SUCCESS |  
2019-08-21 15:29:59,410 | INFO  | DNAudit | user=null | ip=null | op=PUT_BLOCK {blockData=[blockId=conID: 1 locID: 102655682108719730 bcsId: 0,size=2097152]} | ret=SUCCESS |  
2019-08-21 15:29:59,410 | INFO  | DNAudit | user=null | ip=null | op=PUT_BLOCK {blockData=[blockId=conID: 1 locID: 102655682108719730 bcsId: 0,size=2097152]} | ret=SUCCESS |  
2019-08-21 15:29:59,421 | INFO  | DNAudit | user=null | ip=null | op=WRITE_CHUNK {blockData=conID: 1 locID: 102655682108719730 bcsId: 4232} | ret=SUCCESS |  
2019-08-21 15:29:59,421 | INFO  | DNAudit | user=null | ip=null | op=PUT_BLOCK {blockData=[blockId=conID: 1 locID: 102655682108719730 bcsId: 0,size=3145728]} | ret=SUCCESS |  
2019-08-21 15:29:59,421 [grpc-default-executor-3] INFO  client.GrpcClientProtocolClient (GrpcClientProtocolClient.java:onNext(255)) - client-029E50227556->355864cd-7ac5-4934-b366-9756b15dd90f: receive RaftClientReply:client-029E50227556->355864cd-7ac5-4934-b366-9756b15dd90f@group-785BCF25C267, cid=2829, SUCCESS, logIndex=4236, commits[355864cd-7ac5-4934-b366-9756b15dd90f:c4237, ce4aa411-63c8-4399-99eb-27ce352844f3:c4233, 3eeffb0a-787e-48ec-a2f5-d0c540a89489:c4233]
2019-08-21 15:29:59,421 [grpc-default-executor-3] INFO  client.GrpcClientProtocolClient (GrpcClientProtocolClient.java:onNext(255)) - client-029E50227556->355864cd-7ac5-4934-b366-9756b15dd90f: receive RaftClientReply:client-029E50227556->355864cd-7ac5-4934-b366-9756b15dd90f@group-785BCF25C267, cid=2830, SUCCESS, logIndex=4237, commits[355864cd-7ac5-4934-b366-9756b15dd90f:c4237, ce4aa411-63c8-4399-99eb-27ce352844f3:c4233, 3eeffb0a-787e-48ec-a2f5-d0c540a89489:c4233]
2019-08-21 15:29:59,427 | INFO  | DNAudit | user=null | ip=null | op=WRITE_CHUNK {blockData=conID: 1 locID: 102655682108719730 bcsId: 4237} | ret=SUCCESS |  
2019-08-21 15:29:59,428 | INFO  | DNAudit | user=null | ip=null | op=WRITE_CHUNK {blockData=conID: 1 locID: 102655682108719730 bcsId: 4237} | ret=SUCCESS |  
2019-08-21 15:29:59,429 | INFO  | DNAudit | user=null | ip=null | op=WRITE_CHUNK {blockData=conID: 1 locID: 102655682108719730 bcsId: 4237} | ret=SUCCESS |  
2019-08-21 15:29:59,432 | INFO  | DNAudit | user=null | ip=null | op=WRITE_CHUNK {blockData=conID: 1 locID: 102655682108719730 bcsId: 4232} | ret=SUCCESS |  
2019-08-21 15:29:59,432 | INFO  | DNAudit | user=null | ip=null | op=WRITE_CHUNK {blockData=conID: 1 locID: 102655682108719730 bcsId: 4232} | ret=SUCCESS |  
2019-08-21 15:29:59,435 | INFO  | DNAudit | user=null | ip=null | op=PUT_BLOCK {blockData=[blockId=conID: 1 locID: 102655682108719730 bcsId: 0,size=3145728]} | ret=SUCCESS |  
2019-08-21 15:29:59,435 | INFO  | DNAudit | user=null | ip=null | op=PUT_BLOCK {blockData=[blockId=conID: 1 locID: 102655682108719730 bcsId: 0,size=3145728]} | ret=SUCCESS |  
2019-08-21 15:29:59,436 | INFO  | DNAudit | user=null | ip=null | op=WRITE_CHUNK {blockData=conID: 1 locID: 102655682108719730 bcsId: 4237} | ret=SUCCESS |  
2019-08-21 15:29:59,436 | INFO  | DNAudit | user=null | ip=null | op=PUT_BLOCK {blockData=[blockId=conID: 1 locID: 102655682108719730 bcsId: 0,size=4194304]} | ret=SUCCESS |  
2019-08-21 15:29:59,436 [grpc-default-executor-5] INFO  client.GrpcClientProtocolClient (GrpcClientProtocolClient.java:onNext(255)) - client-029E50227556->355864cd-7ac5-4934-b366-9756b15dd90f: receive RaftClientReply:client-029E50227556->355864cd-7ac5-4934-b366-9756b15dd90f@group-785BCF25C267, cid=2831, SUCCESS, logIndex=4240, commits[355864cd-7ac5-4934-b366-9756b15dd90f:c4241, ce4aa411-63c8-4399-99eb-27ce352844f3:c4237, 3eeffb0a-787e-48ec-a2f5-d0c540a89489:c4237]
2019-08-21 15:29:59,436 [grpc-default-executor-5] INFO  client.GrpcClientProtocolClient (GrpcClientProtocolClient.java:onNext(255)) - client-029E50227556->355864cd-7ac5-4934-b366-9756b15dd90f: receive RaftClientReply:client-029E50227556->355864cd-7ac5-4934-b366-9756b15dd90f@group-785BCF25C267, cid=2832, SUCCESS, logIndex=4241, commits[355864cd-7ac5-4934-b366-9756b15dd90f:c4241, ce4aa411-63c8-4399-99eb-27ce352844f3:c4237, 3eeffb0a-787e-48ec-a2f5-d0c540a89489:c4237]
2019-08-21 15:29:59,447 | INFO  | DNAudit | user=null | ip=null | op=WRITE_CHUNK {blockData=conID: 1 locID: 102655682108719730 bcsId: 4237} | ret=SUCCESS |  
2019-08-21 15:29:59,447 | INFO  | DNAudit | user=null | ip=null | op=WRITE_CHUNK {blockData=conID: 1 locID: 102655682108719730 bcsId: 4237} | ret=SUCCESS |  
2019-08-21 15:29:59,449 | INFO  | DNAudit | user=null | ip=null | op=PUT_BLOCK {blockData=[blockId=conID: 1 locID: 102655682108719730 bcsId: 0,size=4194304]} | ret=SUCCESS |  
2019-08-21 15:29:59,449 | INFO  | DNAudit | user=null | ip=null | op=PUT_BLOCK {blockData=[blockId=conID: 1 locID: 102655682108719730 bcsId: 0,size=4194304]} | ret=SUCCESS |  
2019-08-21 15:29:59,450 [grpc-default-executor-5] INFO  client.GrpcClientProtocolClient (GrpcClientProtocolClient.java:onNext(255)) - client-029E50227556->355864cd-7ac5-4934-b366-9756b15dd90f: receive RaftClientReply:client-029E50227556->355864cd-7ac5-4934-b366-9756b15dd90f@group-785BCF25C267, cid=2833, SUCCESS, logIndex=0, commits[355864cd-7ac5-4934-b366-9756b15dd90f:c4242, ce4aa411-63c8-4399-99eb-27ce352844f3:c4241, 3eeffb0a-787e-48ec-a2f5-d0c540a89489:c4241]
2019-08-21 15:29:59,454 | INFO  | SCMAudit | user=jenkins1000 | ip=192.168.5.153 | op=ALLOCATE_BLOCK {owner=78849ec2-2b05-45d8-8cb5-e95e2230dbd1, size=4194304, type=RATIS, factor=THREE} | ret=SUCCESS |  
2019-08-21 15:29:59,459 | INFO  | OMAudit | user=jenkins1000 | ip=127.0.0.1 | op=ALLOCATE_BLOCK {volume=vol-0-32358, bucket=bucket-0-01949, key=key-0-56547, dataSize=0, replicationType=null, replicationFactor=null, keyLocationInfo=null, clientID=102655680532119954} | ret=SUCCESS |  
2019-08-21 15:29:59,466 | INFO  | DNAudit | user=null | ip=null | op=WRITE_CHUNK {blockData=conID: 2 locID: 102655682114617971 bcsId: 0} | ret=SUCCESS |  
2019-08-21 15:29:59,468 | INFO  | DNAudit | user=null | ip=null | op=WRITE_CHUNK {blockData=conID: 2 locID: 102655682114617971 bcsId: 0} | ret=SUCCESS |  
2019-08-21 15:29:59,468 | INFO  | DNAudit | user=null | ip=null | op=WRITE_CHUNK {blockData=conID: 2 locID: 102655682114617971 bcsId: 0} | ret=SUCCESS |  
2019-08-21 15:29:59,469 | INFO  | DNAudit | user=null | ip=null | op=WRITE_CHUNK {blockData=conID: 2 locID: 102655682114617971 bcsId: 0} | ret=SUCCESS |  
2019-08-21 15:29:59,471 | INFO  | DNAudit | user=null | ip=null | op=WRITE_CHUNK {blockData=conID: 2 locID: 102655682114617971 bcsId: 0} | ret=SUCCESS |  
2019-08-21 15:29:59,471 | INFO  | DNAudit | user=null | ip=null | op=WRITE_CHUNK {blockData=conID: 2 locID: 102655682114617971 bcsId: 0} | ret=SUCCESS |  
2019-08-21 15:29:59,480 | INFO  | DNAudit | user=null | ip=null | op=WRITE_CHUNK {blockData=conID: 2 locID: 102655682114617971 bcsId: 0} | ret=SUCCESS |  
2019-08-21 15:29:59,480 | INFO  | DNAudit | user=null | ip=null | op=PUT_BLOCK {blockData=[blockId=conID: 2 locID: 102655682114617971 bcsId: 0,size=1048576]} | ret=SUCCESS |  
2019-08-21 15:29:59,481 [grpc-default-executor-5] INFO  client.GrpcClientProtocolClient (GrpcClientProtocolClient.java:onNext(255)) - client-029E50227556->355864cd-7ac5-4934-b366-9756b15dd90f: receive RaftClientReply:client-029E50227556->355864cd-7ac5-4934-b366-9756b15dd90f@group-785BCF25C267, cid=2834, SUCCESS, logIndex=4244, commits[355864cd-7ac5-4934-b366-9756b15dd90f:c4245, ce4aa411-63c8-4399-99eb-27ce352844f3:c4243, 3eeffb0a-787e-48ec-a2f5-d0c540a89489:c4243]
2019-08-21 15:29:59,481 [grpc-default-executor-5] INFO  client.GrpcClientProtocolClient (GrpcClientProtocolClient.java:onNext(255)) - client-029E50227556->355864cd-7ac5-4934-b366-9756b15dd90f: receive RaftClientReply:client-029E50227556->355864cd-7ac5-4934-b366-9756b15dd90f@group-785BCF25C267, cid=2835, SUCCESS, logIndex=4245, commits[355864cd-7ac5-4934-b366-9756b15dd90f:c4245, ce4aa411-63c8-4399-99eb-27ce352844f3:c4243, 3eeffb0a-787e-48ec-a2f5-d0c540a89489:c4243]
2019-08-21 15:29:59,494 | INFO  | DNAudit | user=null | ip=null | op=WRITE_CHUNK {blockData=conID: 2 locID: 102655682114617971 bcsId: 0} | ret=SUCCESS |  
2019-08-21 15:29:59,494 | INFO  | DNAudit | user=null | ip=null | op=PUT_BLOCK {blockData=[blockId=conID: 2 locID: 102655682114617971 bcsId: 0,size=2097152]} | ret=SUCCESS |  
2019-08-21 15:29:59,494 [grpc-default-executor-4] INFO  client.GrpcClientProtocolClient (GrpcClientProtocolClient.java:onNext(255)) - client-029E50227556->355864cd-7ac5-4934-b366-9756b15dd90f: receive RaftClientReply:client-029E50227556->355864cd-7ac5-4934-b366-9756b15dd90f@group-785BCF25C267, cid=2836, SUCCESS, logIndex=4246, commits[355864cd-7ac5-4934-b366-9756b15dd90f:c4247, ce4aa411-63c8-4399-99eb-27ce352844f3:c4243, 3eeffb0a-787e-48ec-a2f5-d0c540a89489:c4243]
2019-08-21 15:29:59,494 [grpc-default-executor-4] INFO  client.GrpcClientProtocolClient (GrpcClientProtocolClient.java:onNext(255)) - client-029E50227556->355864cd-7ac5-4934-b366-9756b15dd90f: receive RaftClientReply:client-029E50227556->355864cd-7ac5-4934-b366-9756b15dd90f@group-785BCF25C267, cid=2837, SUCCESS, logIndex=4247, commits[355864cd-7ac5-4934-b366-9756b15dd90f:c4247, ce4aa411-63c8-4399-99eb-27ce352844f3:c4243, 3eeffb0a-787e-48ec-a2f5-d0c540a89489:c4243]
2019-08-21 15:29:59,495 | INFO  | DNAudit | user=null | ip=null | op=WRITE_CHUNK {blockData=conID: 2 locID: 102655682114617971 bcsId: 0} | ret=SUCCESS |  
2019-08-21 15:29:59,495 | INFO  | DNAudit | user=null | ip=null | op=WRITE_CHUNK {blockData=conID: 2 locID: 102655682114617971 bcsId: 0} | ret=SUCCESS |  
2019-08-21 15:29:59,495 | INFO  | DNAudit | user=null | ip=null | op=PUT_BLOCK {blockData=[blockId=conID: 2 locID: 102655682114617971 bcsId: 0,size=1048576]} | ret=SUCCESS |  
2019-08-21 15:29:59,495 | INFO  | DNAudit | user=null | ip=null | op=PUT_BLOCK {blockData=[blockId=conID: 2 locID: 102655682114617971 bcsId: 0,size=1048576]} | ret=SUCCESS |  
2019-08-21 15:29:59,495 [grpc-default-executor-4] INFO  client.GrpcClientProtocolClient (GrpcClientProtocolClient.java:onNext(255)) - client-029E50227556->355864cd-7ac5-4934-b366-9756b15dd90f: receive RaftClientReply:client-029E50227556->355864cd-7ac5-4934-b366-9756b15dd90f@group-785BCF25C267, cid=2838, SUCCESS, logIndex=0, commits[355864cd-7ac5-4934-b366-9756b15dd90f:c4248, ce4aa411-63c8-4399-99eb-27ce352844f3:c4245, 3eeffb0a-787e-48ec-a2f5-d0c540a89489:c4245]
2019-08-21 15:29:59,496 | INFO  | DNAudit | user=null | ip=null | op=WRITE_CHUNK {blockData=conID: 2 locID: 102655682114617971 bcsId: 0} | ret=SUCCESS |  
2019-08-21 15:29:59,496 | INFO  | DNAudit | user=null | ip=null | op=PUT_BLOCK {blockData=[blockId=conID: 2 locID: 102655682114617971 bcsId: 0,size=2097152]} | ret=SUCCESS |  
2019-08-21 15:29:59,496 | INFO  | DNAudit | user=null | ip=null | op=WRITE_CHUNK {blockData=conID: 2 locID: 102655682114617971 bcsId: 0} | ret=SUCCESS |  
2019-08-21 15:29:59,496 | INFO  | DNAudit | user=null | ip=null | op=PUT_BLOCK {blockData=[blockId=conID: 2 locID: 102655682114617971 bcsId: 0,size=2097152]} | ret=SUCCESS |  
2019-08-21 15:29:59,502 | INFO  | DNAudit | user=null | ip=null | op=WRITE_CHUNK {blockData=conID: 2 locID: 102655682114617971 bcsId: 4247} | ret=SUCCESS |  
2019-08-21 15:29:59,503 | INFO  | DNAudit | user=null | ip=null | op=WRITE_CHUNK {blockData=conID: 2 locID: 102655682114617971 bcsId: 4247} | ret=SUCCESS |  
2019-08-21 15:29:59,504 | INFO  | DNAudit | user=null | ip=null | op=WRITE_CHUNK {blockData=conID: 2 locID: 102655682114617971 bcsId: 4247} | ret=SUCCESS |  
2019-08-21 15:29:59,515 | INFO  | DNAudit | user=null | ip=null | op=WRITE_CHUNK {blockData=conID: 2 locID: 102655682114617971 bcsId: 4247} | ret=SUCCESS |  
2019-08-21 15:29:59,515 | INFO  | DNAudit | user=null | ip=null | op=PUT_BLOCK {blockData=[blockId=conID: 2 locID: 102655682114617971 bcsId: 0,size=3145728]} | ret=SUCCESS |  
2019-08-21 15:29:59,516 [grpc-default-executor-4] INFO  client.GrpcClientProtocolClient (GrpcClientProtocolClient.java:onNext(255)) - client-029E50227556->355864cd-7ac5-4934-b366-9756b15dd90f: receive RaftClientReply:client-029E50227556->355864cd-7ac5-4934-b366-9756b15dd90f@group-785BCF25C267, cid=2839, SUCCESS, logIndex=4252, commits[355864cd-7ac5-4934-b366-9756b15dd90f:c4253, ce4aa411-63c8-4399-99eb-27ce352844f3:c4251, 3eeffb0a-787e-48ec-a2f5-d0c540a89489:c4251]
2019-08-21 15:29:59,516 [grpc-default-executor-4] INFO  client.GrpcClientProtocolClient (GrpcClientProtocolClient.java:onNext(255)) - client-029E50227556->355864cd-7ac5-4934-b366-9756b15dd90f: receive RaftClientReply:client-029E50227556->355864cd-7ac5-4934-b366-9756b15dd90f@group-785BCF25C267, cid=2840, SUCCESS, logIndex=4253, commits[355864cd-7ac5-4934-b366-9756b15dd90f:c4253, ce4aa411-63c8-4399-99eb-27ce352844f3:c4251, 3eeffb0a-787e-48ec-a2f5-d0c540a89489:c4251]
2019-08-21 15:29:59,522 | INFO  | DNAudit | user=null | ip=null | op=WRITE_CHUNK {blockData=conID: 2 locID: 102655682114617971 bcsId: 4253} | ret=SUCCESS |  
2019-08-21 15:29:59,524 | INFO  | DNAudit | user=null | ip=null | op=WRITE_CHUNK {blockData=conID: 2 locID: 102655682114617971 bcsId: 4253} | ret=SUCCESS |  
2019-08-21 15:29:59,524 | INFO  | DNAudit | user=null | ip=null | op=WRITE_CHUNK {blockData=conID: 2 locID: 102655682114617971 bcsId: 4253} | ret=SUCCESS |  
2019-08-21 15:29:59,528 | INFO  | DNAudit | user=null | ip=null | op=WRITE_CHUNK {blockData=conID: 2 locID: 102655682114617971 bcsId: 4247} | ret=SUCCESS |  
2019-08-21 15:29:59,528 | INFO  | DNAudit | user=null | ip=null | op=WRITE_CHUNK {blockData=conID: 2 locID: 102655682114617971 bcsId: 4247} | ret=SUCCESS |  
2019-08-21 15:29:59,542 | INFO  | DNAudit | user=null | ip=null | op=PUT_BLOCK {blockData=[blockId=conID: 2 locID: 102655682114617971 bcsId: 0,size=3145728]} | ret=SUCCESS |  
2019-08-21 15:29:59,542 | INFO  | DNAudit | user=null | ip=null | op=PUT_BLOCK {blockData=[blockId=conID: 2 locID: 102655682114617971 bcsId: 0,size=3145728]} | ret=SUCCESS |  
2019-08-21 15:29:59,542 | INFO  | DNAudit | user=null | ip=null | op=WRITE_CHUNK {blockData=conID: 2 locID: 102655682114617971 bcsId: 4253} | ret=SUCCESS |  
2019-08-21 15:29:59,542 | INFO  | DNAudit | user=null | ip=null | op=PUT_BLOCK {blockData=[blockId=conID: 2 locID: 102655682114617971 bcsId: 0,size=4194304]} | ret=SUCCESS |  
2019-08-21 15:29:59,543 [grpc-default-executor-0] INFO  client.GrpcClientProtocolClient (GrpcClientProtocolClient.java:onNext(255)) - client-029E50227556->355864cd-7ac5-4934-b366-9756b15dd90f: receive RaftClientReply:client-029E50227556->355864cd-7ac5-4934-b366-9756b15dd90f@group-785BCF25C267, cid=2841, SUCCESS, logIndex=4256, commits[355864cd-7ac5-4934-b366-9756b15dd90f:c4257, ce4aa411-63c8-4399-99eb-27ce352844f3:c4253, 3eeffb0a-787e-48ec-a2f5-d0c540a89489:c4253]
2019-08-21 15:29:59,543 [grpc-default-executor-0] INFO  client.GrpcClientProtocolClient (GrpcClientProtocolClient.java:onNext(255)) - client-029E50227556->355864cd-7ac5-4934-b366-9756b15dd90f: receive RaftClientReply:client-029E50227556->355864cd-7ac5-4934-b366-9756b15dd90f@group-785BCF25C267, cid=2842, SUCCESS, logIndex=4257, commits[355864cd-7ac5-4934-b366-9756b15dd90f:c4257, ce4aa411-63c8-4399-99eb-27ce352844f3:c4253, 3eeffb0a-787e-48ec-a2f5-d0c540a89489:c4253]
2019-08-21 15:29:59,554 | INFO  | DNAudit | user=null | ip=null | op=WRITE_CHUNK {blockData=conID: 2 locID: 102655682114617971 bcsId: 4253} | ret=SUCCESS |  
2019-08-21 15:29:59,554 | INFO  | DNAudit | user=null | ip=null | op=WRITE_CHUNK {blockData=conID: 2 locID: 102655682114617971 bcsId: 4253} | ret=SUCCESS |  
2019-08-21 15:29:59,555 | INFO  | DNAudit | user=null | ip=null | op=PUT_BLOCK {blockData=[blockId=conID: 2 locID: 102655682114617971 bcsId: 0,size=4194304]} | ret=SUCCESS |  
2019-08-21 15:29:59,555 | INFO  | DNAudit | user=null | ip=null | op=PUT_BLOCK {blockData=[blockId=conID: 2 locID: 102655682114617971 bcsId: 0,size=4194304]} | ret=SUCCESS |  
2019-08-21 15:29:59,556 [grpc-default-executor-0] INFO  client.GrpcClientProtocolClient (GrpcClientProtocolClient.java:onNext(255)) - client-029E50227556->355864cd-7ac5-4934-b366-9756b15dd90f: receive RaftClientReply:client-029E50227556->355864cd-7ac5-4934-b366-9756b15dd90f@group-785BCF25C267, cid=2843, SUCCESS, logIndex=0, commits[355864cd-7ac5-4934-b366-9756b15dd90f:c4259, ce4aa411-63c8-4399-99eb-27ce352844f3:c4257, 3eeffb0a-787e-48ec-a2f5-d0c540a89489:c4257]
2019-08-21 15:29:59,561 | INFO  | SCMAudit | user=jenkins1000 | ip=192.168.5.153 | op=ALLOCATE_BLOCK {owner=78849ec2-2b05-45d8-8cb5-e95e2230dbd1, size=4194304, type=RATIS, factor=THREE} | ret=SUCCESS |  
2019-08-21 15:29:59,564 | INFO  | OMAudit | user=jenkins1000 | ip=127.0.0.1 | op=ALLOCATE_BLOCK {volume=vol-0-32358, bucket=bucket-0-01949, key=key-0-56547, dataSize=0, replicationType=null, replicationFactor=null, keyLocationInfo=null, clientID=102655680532119954} | ret=SUCCESS |  
2019-08-21 15:29:59,570 | INFO  | DNAudit | user=null | ip=null | op=WRITE_CHUNK {blockData=conID: 3 locID: 102655682121630324 bcsId: 0} | ret=SUCCESS |  
2019-08-21 15:29:59,572 | INFO  | DNAudit | user=null | ip=null | op=WRITE_CHUNK {blockData=conID: 3 locID: 102655682121630324 bcsId: 0} | ret=SUCCESS |  
2019-08-21 15:29:59,572 | INFO  | DNAudit | user=null | ip=null | op=WRITE_CHUNK {blockData=conID: 3 locID: 102655682121630324 bcsId: 0} | ret=SUCCESS |  
2019-08-21 15:29:59,573 | INFO  | DNAudit | user=null | ip=null | op=WRITE_CHUNK {blockData=conID: 3 locID: 102655682121630324 bcsId: 0} | ret=SUCCESS |  
2019-08-21 15:29:59,573 | INFO  | DNAudit | user=null | ip=null | op=WRITE_CHUNK {blockData=conID: 3 locID: 102655682121630324 bcsId: 0} | ret=SUCCESS |  
2019-08-21 15:29:59,574 | INFO  | DNAudit | user=null | ip=null | op=WRITE_CHUNK {blockData=conID: 3 locID: 102655682121630324 bcsId: 0} | ret=SUCCESS |  
2019-08-21 15:29:59,651 | INFO  | DNAudit | user=null | ip=null | op=WRITE_CHUNK {blockData=conID: 3 locID: 102655682121630324 bcsId: 0} | ret=SUCCESS |  
2019-08-21 15:29:59,652 | INFO  | DNAudit | user=null | ip=null | op=PUT_BLOCK {blockData=[blockId=conID: 3 locID: 102655682121630324 bcsId: 0,size=1048576]} | ret=SUCCESS |  
2019-08-21 15:29:59,652 [grpc-default-executor-5] INFO  client.GrpcClientProtocolClient (GrpcClientProtocolClient.java:onNext(255)) - client-029E50227556->355864cd-7ac5-4934-b366-9756b15dd90f: receive RaftClientReply:client-029E50227556->355864cd-7ac5-4934-b366-9756b15dd90f@group-785BCF25C267, cid=2844, SUCCESS, logIndex=4260, commits[355864cd-7ac5-4934-b366-9756b15dd90f:c4261, ce4aa411-63c8-4399-99eb-27ce352844f3:c4259, 3eeffb0a-787e-48ec-a2f5-d0c540a89489:c4259]
2019-08-21 15:29:59,653 | INFO  | DNAudit | user=null | ip=null | op=WRITE_CHUNK {blockData=conID: 3 locID: 102655682121630324 bcsId: 0} | ret=SUCCESS |  
2019-08-21 15:29:59,653 | INFO  | DNAudit | user=null | ip=null | op=WRITE_CHUNK {blockData=conID: 3 locID: 102655682121630324 bcsId: 0} | ret=SUCCESS |  
2019-08-21 15:29:59,653 | INFO  | DNAudit | user=null | ip=null | op=PUT_BLOCK {blockData=[blockId=conID: 3 locID: 102655682121630324 bcsId: 0,size=1048576]} | ret=SUCCESS |  
2019-08-21 15:29:59,653 [grpc-default-executor-4] INFO  client.GrpcClientProtocolClient (GrpcClientProtocolClient.java:onNext(255)) - client-029E50227556->355864cd-7ac5-4934-b366-9756b15dd90f: receive RaftClientReply:client-029E50227556->355864cd-7ac5-4934-b366-9756b15dd90f@group-785BCF25C267, cid=2845, SUCCESS, logIndex=4261, commits[355864cd-7ac5-4934-b366-9756b15dd90f:c4263, ce4aa411-63c8-4399-99eb-27ce352844f3:c4259, 3eeffb0a-787e-48ec-a2f5-d0c540a89489:c4259]
2019-08-21 15:29:59,653 | INFO  | DNAudit | user=null | ip=null | op=PUT_BLOCK {blockData=[blockId=conID: 3 locID: 102655682121630324 bcsId: 0,size=2097152]} | ret=SUCCESS |  
2019-08-21 15:29:59,653 [grpc-default-executor-4] INFO  client.GrpcClientProtocolClient (GrpcClientProtocolClient.java:onNext(255)) - client-029E50227556->355864cd-7ac5-4934-b366-9756b15dd90f: receive RaftClientReply:client-029E50227556->355864cd-7ac5-4934-b366-9756b15dd90f@group-785BCF25C267, cid=2846, SUCCESS, logIndex=4262, commits[355864cd-7ac5-4934-b366-9756b15dd90f:c4263, ce4aa411-63c8-4399-99eb-27ce352844f3:c4261, 3eeffb0a-787e-48ec-a2f5-d0c540a89489:c4259]
2019-08-21 15:29:59,653 [grpc-default-executor-4] INFO  client.GrpcClientProtocolClient (GrpcClientProtocolClient.java:onNext(255)) - client-029E50227556->355864cd-7ac5-4934-b366-9756b15dd90f: receive RaftClientReply:client-029E50227556->355864cd-7ac5-4934-b366-9756b15dd90f@group-785BCF25C267, cid=2847, SUCCESS, logIndex=4263, commits[355864cd-7ac5-4934-b366-9756b15dd90f:c4263, ce4aa411-63c8-4399-99eb-27ce352844f3:c4261, 3eeffb0a-787e-48ec-a2f5-d0c540a89489:c4259]
2019-08-21 15:29:59,663 | INFO  | DNAudit | user=null | ip=null | op=WRITE_CHUNK {blockData=conID: 3 locID: 102655682121630324 bcsId: 0} | ret=SUCCESS |  
2019-08-21 15:29:59,663 | INFO  | DNAudit | user=null | ip=null | op=PUT_BLOCK {blockData=[blockId=conID: 3 locID: 102655682121630324 bcsId: 0,size=1048576]} | ret=SUCCESS |  
2019-08-21 15:29:59,664 | INFO  | DNAudit | user=null | ip=null | op=WRITE_CHUNK {blockData=conID: 3 locID: 102655682121630324 bcsId: 0} | ret=SUCCESS |  
2019-08-21 15:29:59,664 [grpc-default-executor-4] INFO  client.GrpcClientProtocolClient (GrpcClientProtocolClient.java:onNext(255)) - client-029E50227556->355864cd-7ac5-4934-b366-9756b15dd90f: receive RaftClientReply:client-029E50227556->355864cd-7ac5-4934-b366-9756b15dd90f@group-785BCF25C267, cid=2848, SUCCESS, logIndex=0, commits[355864cd-7ac5-4934-b366-9756b15dd90f:c4264, ce4aa411-63c8-4399-99eb-27ce352844f3:c4261, 3eeffb0a-787e-48ec-a2f5-d0c540a89489:c4261]
2019-08-21 15:29:59,664 | INFO  | DNAudit | user=null | ip=null | op=PUT_BLOCK {blockData=[blockId=conID: 3 locID: 102655682121630324 bcsId: 0,size=2097152]} | ret=SUCCESS |  
2019-08-21 15:29:59,666 | INFO  | DNAudit | user=null | ip=null | op=WRITE_CHUNK {blockData=conID: 3 locID: 102655682121630324 bcsId: 0} | ret=SUCCESS |  
2019-08-21 15:29:59,666 | INFO  | DNAudit | user=null | ip=null | op=PUT_BLOCK {blockData=[blockId=conID: 3 locID: 102655682121630324 bcsId: 0,size=2097152]} | ret=SUCCESS |  
2019-08-21 15:29:59,827 | INFO  | DNAudit | user=null | ip=null | op=WRITE_CHUNK {blockData=conID: 3 locID: 102655682121630324 bcsId: 4263} | ret=SUCCESS |  
2019-08-21 15:29:59,828 | INFO  | DNAudit | user=null | ip=null | op=WRITE_CHUNK {blockData=conID: 3 locID: 102655682121630324 bcsId: 4263} | ret=SUCCESS |  
2019-08-21 15:29:59,828 | INFO  | DNAudit | user=null | ip=null | op=WRITE_CHUNK {blockData=conID: 3 locID: 102655682121630324 bcsId: 4263} | ret=SUCCESS |  
2019-08-21 15:29:59,840 | INFO  | DNAudit | user=null | ip=null | op=WRITE_CHUNK {blockData=conID: 3 locID: 102655682121630324 bcsId: 4263} | ret=SUCCESS |  
2019-08-21 15:29:59,840 | INFO  | DNAudit | user=null | ip=null | op=PUT_BLOCK {blockData=[blockId=conID: 3 locID: 102655682121630324 bcsId: 0,size=3145728]} | ret=SUCCESS |  
2019-08-21 15:29:59,841 [grpc-default-executor-0] INFO  client.GrpcClientProtocolClient (GrpcClientProtocolClient.java:onNext(255)) - client-029E50227556->355864cd-7ac5-4934-b366-9756b15dd90f: receive RaftClientReply:client-029E50227556->355864cd-7ac5-4934-b366-9756b15dd90f@group-785BCF25C267, cid=2849, SUCCESS, logIndex=4267, commits[355864cd-7ac5-4934-b366-9756b15dd90f:c4268, ce4aa411-63c8-4399-99eb-27ce352844f3:c4266, 3eeffb0a-787e-48ec-a2f5-d0c540a89489:c4266]
2019-08-21 15:29:59,841 [grpc-default-executor-0] INFO  client.GrpcClientProtocolClient (GrpcClientProtocolClient.java:onNext(255)) - client-029E50227556->355864cd-7ac5-4934-b366-9756b15dd90f: receive RaftClientReply:client-029E50227556->355864cd-7ac5-4934-b366-9756b15dd90f@group-785BCF25C267, cid=2850, SUCCESS, logIndex=4268, commits[355864cd-7ac5-4934-b366-9756b15dd90f:c4268, ce4aa411-63c8-4399-99eb-27ce352844f3:c4266, 3eeffb0a-787e-48ec-a2f5-d0c540a89489:c4266]
2019-08-21 15:29:59,847 | INFO  | DNAudit | user=null | ip=null | op=WRITE_CHUNK {blockData=conID: 3 locID: 102655682121630324 bcsId: 4268} | ret=SUCCESS |  
2019-08-21 15:29:59,849 | INFO  | DNAudit | user=null | ip=null | op=WRITE_CHUNK {blockData=conID: 3 locID: 102655682121630324 bcsId: 4268} | ret=SUCCESS |  
2019-08-21 15:29:59,850 | INFO  | DNAudit | user=null | ip=null | op=WRITE_CHUNK {blockData=conID: 3 locID: 102655682121630324 bcsId: 4268} | ret=SUCCESS |  
2019-08-21 15:29:59,851 | INFO  | DNAudit | user=null | ip=null | op=WRITE_CHUNK {blockData=conID: 3 locID: 102655682121630324 bcsId: 4263} | ret=SUCCESS |  
2019-08-21 15:29:59,851 | INFO  | DNAudit | user=null | ip=null | op=WRITE_CHUNK {blockData=conID: 3 locID: 102655682121630324 bcsId: 4263} | ret=SUCCESS |  
2019-08-21 15:29:59,851 | INFO  | DNAudit | user=null | ip=null | op=PUT_BLOCK {blockData=[blockId=conID: 3 locID: 102655682121630324 bcsId: 0,size=3145728]} | ret=SUCCESS |  
2019-08-21 15:29:59,852 | INFO  | DNAudit | user=null | ip=null | op=PUT_BLOCK {blockData=[blockId=conID: 3 locID: 102655682121630324 bcsId: 0,size=3145728]} | ret=SUCCESS |  
2019-08-21 15:29:59,854 | INFO  | DNAudit | user=null | ip=null | op=WRITE_CHUNK {blockData=conID: 3 locID: 102655682121630324 bcsId: 4268} | ret=SUCCESS |  
2019-08-21 15:29:59,855 | INFO  | DNAudit | user=null | ip=null | op=PUT_BLOCK {blockData=[blockId=conID: 3 locID: 102655682121630324 bcsId: 0,size=4194304]} | ret=SUCCESS |  
2019-08-21 15:29:59,855 [grpc-default-executor-4] INFO  client.GrpcClientProtocolClient (GrpcClientProtocolClient.java:onNext(255)) - client-029E50227556->355864cd-7ac5-4934-b366-9756b15dd90f: receive RaftClientReply:client-029E50227556->355864cd-7ac5-4934-b366-9756b15dd90f@group-785BCF25C267, cid=2851, SUCCESS, logIndex=4271, commits[355864cd-7ac5-4934-b366-9756b15dd90f:c4272, ce4aa411-63c8-4399-99eb-27ce352844f3:c4268, 3eeffb0a-787e-48ec-a2f5-d0c540a89489:c4268]
2019-08-21 15:29:59,855 [grpc-default-executor-4] INFO  client.GrpcClientProtocolClient (GrpcClientProtocolClient.java:onNext(255)) - client-029E50227556->355864cd-7ac5-4934-b366-9756b15dd90f: receive RaftClientReply:client-029E50227556->355864cd-7ac5-4934-b366-9756b15dd90f@group-785BCF25C267, cid=2852, SUCCESS, logIndex=4272, commits[355864cd-7ac5-4934-b366-9756b15dd90f:c4272, ce4aa411-63c8-4399-99eb-27ce352844f3:c4268, 3eeffb0a-787e-48ec-a2f5-d0c540a89489:c4268]
2019-08-21 15:29:59,866 | INFO  | DNAudit | user=null | ip=null | op=WRITE_CHUNK {blockData=conID: 3 locID: 102655682121630324 bcsId: 4268} | ret=SUCCESS |  
2019-08-21 15:29:59,866 | INFO  | DNAudit | user=null | ip=null | op=WRITE_CHUNK {blockData=conID: 3 locID: 102655682121630324 bcsId: 4268} | ret=SUCCESS |  
2019-08-21 15:29:59,869 | INFO  | DNAudit | user=null | ip=null | op=PUT_BLOCK {blockData=[blockId=conID: 3 locID: 102655682121630324 bcsId: 0,size=4194304]} | ret=SUCCESS |  
2019-08-21 15:29:59,869 | INFO  | DNAudit | user=null | ip=null | op=PUT_BLOCK {blockData=[blockId=conID: 3 locID: 102655682121630324 bcsId: 0,size=4194304]} | ret=SUCCESS |  
2019-08-21 15:29:59,869 [grpc-default-executor-0] INFO  client.GrpcClientProtocolClient (GrpcClientProtocolClient.java:onNext(255)) - client-029E50227556->355864cd-7ac5-4934-b366-9756b15dd90f: receive RaftClientReply:client-029E50227556->355864cd-7ac5-4934-b366-9756b15dd90f@group-785BCF25C267, cid=2853, SUCCESS, logIndex=0, commits[355864cd-7ac5-4934-b366-9756b15dd90f:c4274, ce4aa411-63c8-4399-99eb-27ce352844f3:c4272, 3eeffb0a-787e-48ec-a2f5-d0c540a89489:c4272]
2019-08-21 15:29:59,876 | INFO  | SCMAudit | user=jenkins1000 | ip=192.168.5.153 | op=ALLOCATE_BLOCK {owner=78849ec2-2b05-45d8-8cb5-e95e2230dbd1, size=4194304, type=RATIS, factor=THREE} | ret=SUCCESS |  
2019-08-21 15:29:59,881 | INFO  | OMAudit | user=jenkins1000 | ip=127.0.0.1 | op=ALLOCATE_BLOCK {volume=vol-0-32358, bucket=bucket-0-01949, key=key-0-56547, dataSize=0, replicationType=null, replicationFactor=null, keyLocationInfo=null, clientID=102655680532119954} | ret=SUCCESS |  
2019-08-21 15:29:59,887 | INFO  | DNAudit | user=null | ip=null | op=WRITE_CHUNK {blockData=conID: 1 locID: 102655682142274165 bcsId: 0} | ret=SUCCESS |  
2019-08-21 15:29:59,889 | INFO  | DNAudit | user=null | ip=null | op=WRITE_CHUNK {blockData=conID: 1 locID: 102655682142274165 bcsId: 0} | ret=SUCCESS |  
2019-08-21 15:29:59,889 | INFO  | DNAudit | user=null | ip=null | op=WRITE_CHUNK {blockData=conID: 1 locID: 102655682142274165 bcsId: 0} | ret=SUCCESS |  
2019-08-21 15:29:59,890 | INFO  | DNAudit | user=null | ip=null | op=WRITE_CHUNK {blockData=conID: 1 locID: 102655682142274165 bcsId: 0} | ret=SUCCESS |  
2019-08-21 15:29:59,892 | INFO  | DNAudit | user=null | ip=null | op=WRITE_CHUNK {blockData=conID: 1 locID: 102655682142274165 bcsId: 0} | ret=SUCCESS |  
2019-08-21 15:29:59,892 | INFO  | DNAudit | user=null | ip=null | op=WRITE_CHUNK {blockData=conID: 1 locID: 102655682142274165 bcsId: 0} | ret=SUCCESS |  
2019-08-21 15:29:59,899 | INFO  | DNAudit | user=null | ip=null | op=WRITE_CHUNK {blockData=conID: 1 locID: 102655682142274165 bcsId: 0} | ret=SUCCESS |  
2019-08-21 15:29:59,900 | INFO  | DNAudit | user=null | ip=null | op=PUT_BLOCK {blockData=[blockId=conID: 1 locID: 102655682142274165 bcsId: 0,size=1048576]} | ret=SUCCESS |  
2019-08-21 15:29:59,900 [grpc-default-executor-4] INFO  client.GrpcClientProtocolClient (GrpcClientProtocolClient.java:onNext(255)) - client-029E50227556->355864cd-7ac5-4934-b366-9756b15dd90f: receive RaftClientReply:client-029E50227556->355864cd-7ac5-4934-b366-9756b15dd90f@group-785BCF25C267, cid=2854, SUCCESS, logIndex=4275, commits[355864cd-7ac5-4934-b366-9756b15dd90f:c4276, ce4aa411-63c8-4399-99eb-27ce352844f3:c4274, 3eeffb0a-787e-48ec-a2f5-d0c540a89489:c4274]
2019-08-21 15:29:59,900 | INFO  | DNAudit | user=null | ip=null | op=WRITE_CHUNK {blockData=conID: 1 locID: 102655682142274165 bcsId: 0} | ret=SUCCESS |  
2019-08-21 15:29:59,901 [grpc-default-executor-4] INFO  client.GrpcClientProtocolClient (GrpcClientProtocolClient.java:onNext(255)) - client-029E50227556->355864cd-7ac5-4934-b366-9756b15dd90f: receive RaftClientReply:client-029E50227556->355864cd-7ac5-4934-b366-9756b15dd90f@group-785BCF25C267, cid=2855, SUCCESS, logIndex=4276, commits[355864cd-7ac5-4934-b366-9756b15dd90f:c4276, ce4aa411-63c8-4399-99eb-27ce352844f3:c4274, 3eeffb0a-787e-48ec-a2f5-d0c540a89489:c4274]
2019-08-21 15:29:59,901 | INFO  | DNAudit | user=null | ip=null | op=PUT_BLOCK {blockData=[blockId=conID: 1 locID: 102655682142274165 bcsId: 0,size=2097152]} | ret=SUCCESS |  
2019-08-21 15:29:59,901 [grpc-default-executor-4] INFO  client.GrpcClientProtocolClient (GrpcClientProtocolClient.java:onNext(255)) - client-029E50227556->355864cd-7ac5-4934-b366-9756b15dd90f: receive RaftClientReply:client-029E50227556->355864cd-7ac5-4934-b366-9756b15dd90f@group-785BCF25C267, cid=2856, SUCCESS, logIndex=4277, commits[355864cd-7ac5-4934-b366-9756b15dd90f:c4278, ce4aa411-63c8-4399-99eb-27ce352844f3:c4274, 3eeffb0a-787e-48ec-a2f5-d0c540a89489:c4274]
2019-08-21 15:29:59,901 [grpc-default-executor-4] INFO  client.GrpcClientProtocolClient (GrpcClientProtocolClient.java:onNext(255)) - client-029E50227556->355864cd-7ac5-4934-b366-9756b15dd90f: receive RaftClientReply:client-029E50227556->355864cd-7ac5-4934-b366-9756b15dd90f@group-785BCF25C267, cid=2857, SUCCESS, logIndex=4278, commits[355864cd-7ac5-4934-b366-9756b15dd90f:c4278, ce4aa411-63c8-4399-99eb-27ce352844f3:c4274, 3eeffb0a-787e-48ec-a2f5-d0c540a89489:c4274]
2019-08-21 15:29:59,901 | INFO  | DNAudit | user=null | ip=null | op=WRITE_CHUNK {blockData=conID: 1 locID: 102655682142274165 bcsId: 0} | ret=SUCCESS |  
2019-08-21 15:29:59,902 | INFO  | DNAudit | user=null | ip=null | op=PUT_BLOCK {blockData=[blockId=conID: 1 locID: 102655682142274165 bcsId: 0,size=1048576]} | ret=SUCCESS |  
2019-08-21 15:29:59,903 | INFO  | DNAudit | user=null | ip=null | op=WRITE_CHUNK {blockData=conID: 1 locID: 102655682142274165 bcsId: 0} | ret=SUCCESS |  
2019-08-21 15:29:59,904 | INFO  | DNAudit | user=null | ip=null | op=PUT_BLOCK {blockData=[blockId=conID: 1 locID: 102655682142274165 bcsId: 0,size=1048576]} | ret=SUCCESS |  
2019-08-21 15:29:59,904 [grpc-default-executor-4] INFO  client.GrpcClientProtocolClient (GrpcClientProtocolClient.java:onNext(255)) - client-029E50227556->355864cd-7ac5-4934-b366-9756b15dd90f: receive RaftClientReply:client-029E50227556->355864cd-7ac5-4934-b366-9756b15dd90f@group-785BCF25C267, cid=2858, SUCCESS, logIndex=0, commits[355864cd-7ac5-4934-b366-9756b15dd90f:c4280, ce4aa411-63c8-4399-99eb-27ce352844f3:c4276, 3eeffb0a-787e-48ec-a2f5-d0c540a89489:c4276]
2019-08-21 15:29:59,910 | INFO  | DNAudit | user=null | ip=null | op=WRITE_CHUNK {blockData=conID: 1 locID: 102655682142274165 bcsId: 4278} | ret=SUCCESS |  
2019-08-21 15:29:59,913 | INFO  | DNAudit | user=null | ip=null | op=WRITE_CHUNK {blockData=conID: 1 locID: 102655682142274165 bcsId: 4278} | ret=SUCCESS |  
2019-08-21 15:29:59,913 | INFO  | DNAudit | user=null | ip=null | op=WRITE_CHUNK {blockData=conID: 1 locID: 102655682142274165 bcsId: 4278} | ret=SUCCESS |  
2019-08-21 15:29:59,915 | INFO  | DNAudit | user=null | ip=null | op=WRITE_CHUNK {blockData=conID: 1 locID: 102655682142274165 bcsId: 0} | ret=SUCCESS |  
2019-08-21 15:29:59,915 | INFO  | DNAudit | user=null | ip=null | op=PUT_BLOCK {blockData=[blockId=conID: 1 locID: 102655682142274165 bcsId: 0,size=2097152]} | ret=SUCCESS |  
2019-08-21 15:29:59,915 | INFO  | DNAudit | user=null | ip=null | op=WRITE_CHUNK {blockData=conID: 1 locID: 102655682142274165 bcsId: 0} | ret=SUCCESS |  
2019-08-21 15:29:59,915 | INFO  | DNAudit | user=null | ip=null | op=PUT_BLOCK {blockData=[blockId=conID: 1 locID: 102655682142274165 bcsId: 0,size=2097152]} | ret=SUCCESS |  
2019-08-21 15:29:59,918 | INFO  | DNAudit | user=null | ip=null | op=WRITE_CHUNK {blockData=conID: 1 locID: 102655682142274165 bcsId: 4278} | ret=SUCCESS |  
2019-08-21 15:29:59,918 | INFO  | DNAudit | user=null | ip=null | op=PUT_BLOCK {blockData=[blockId=conID: 1 locID: 102655682142274165 bcsId: 0,size=3145728]} | ret=SUCCESS |  
2019-08-21 15:29:59,918 [grpc-default-executor-4] INFO  client.GrpcClientProtocolClient (GrpcClientProtocolClient.java:onNext(255)) - client-029E50227556->355864cd-7ac5-4934-b366-9756b15dd90f: receive RaftClientReply:client-029E50227556->355864cd-7ac5-4934-b366-9756b15dd90f@group-785BCF25C267, cid=2859, SUCCESS, logIndex=4283, commits[355864cd-7ac5-4934-b366-9756b15dd90f:c4284, ce4aa411-63c8-4399-99eb-27ce352844f3:c4278, 3eeffb0a-787e-48ec-a2f5-d0c540a89489:c4280]
2019-08-21 15:29:59,919 [grpc-default-executor-4] INFO  client.GrpcClientProtocolClient (GrpcClientProtocolClient.java:onNext(255)) - client-029E50227556->355864cd-7ac5-4934-b366-9756b15dd90f: receive RaftClientReply:client-029E50227556->355864cd-7ac5-4934-b366-9756b15dd90f@group-785BCF25C267, cid=2860, SUCCESS, logIndex=4284, commits[355864cd-7ac5-4934-b366-9756b15dd90f:c4284, ce4aa411-63c8-4399-99eb-27ce352844f3:c4280, 3eeffb0a-787e-48ec-a2f5-d0c540a89489:c4280]
2019-08-21 15:29:59,925 | INFO  | DNAudit | user=null | ip=null | op=WRITE_CHUNK {blockData=conID: 1 locID: 102655682142274165 bcsId: 4284} | ret=SUCCESS |  
2019-08-21 15:29:59,927 | INFO  | DNAudit | user=null | ip=null | op=WRITE_CHUNK {blockData=conID: 1 locID: 102655682142274165 bcsId: 4284} | ret=SUCCESS |  
2019-08-21 15:29:59,927 | INFO  | DNAudit | user=null | ip=null | op=WRITE_CHUNK {blockData=conID: 1 locID: 102655682142274165 bcsId: 4284} | ret=SUCCESS |  
2019-08-21 15:29:59,929 | INFO  | DNAudit | user=null | ip=null | op=WRITE_CHUNK {blockData=conID: 1 locID: 102655682142274165 bcsId: 4278} | ret=SUCCESS |  
2019-08-21 15:29:59,929 | INFO  | DNAudit | user=null | ip=null | op=WRITE_CHUNK {blockData=conID: 1 locID: 102655682142274165 bcsId: 4278} | ret=SUCCESS |  
2019-08-21 15:29:59,929 | INFO  | DNAudit | user=null | ip=null | op=PUT_BLOCK {blockData=[blockId=conID: 1 locID: 102655682142274165 bcsId: 0,size=3145728]} | ret=SUCCESS |  
2019-08-21 15:29:59,929 | INFO  | DNAudit | user=null | ip=null | op=PUT_BLOCK {blockData=[blockId=conID: 1 locID: 102655682142274165 bcsId: 0,size=3145728]} | ret=SUCCESS |  
2019-08-21 15:29:59,932 | INFO  | DNAudit | user=null | ip=null | op=WRITE_CHUNK {blockData=conID: 1 locID: 102655682142274165 bcsId: 4284} | ret=SUCCESS |  
2019-08-21 15:29:59,932 | INFO  | DNAudit | user=null | ip=null | op=PUT_BLOCK {blockData=[blockId=conID: 1 locID: 102655682142274165 bcsId: 0,size=4194304]} | ret=SUCCESS |  
2019-08-21 15:29:59,933 [grpc-default-executor-4] INFO  client.GrpcClientProtocolClient (GrpcClientProtocolClient.java:onNext(255)) - client-029E50227556->355864cd-7ac5-4934-b366-9756b15dd90f: receive RaftClientReply:client-029E50227556->355864cd-7ac5-4934-b366-9756b15dd90f@group-785BCF25C267, cid=2861, SUCCESS, logIndex=4286, commits[355864cd-7ac5-4934-b366-9756b15dd90f:c4287, ce4aa411-63c8-4399-99eb-27ce352844f3:c4284, 3eeffb0a-787e-48ec-a2f5-d0c540a89489:c4284]
2019-08-21 15:29:59,933 [grpc-default-executor-4] INFO  client.GrpcClientProtocolClient (GrpcClientProtocolClient.java:onNext(255)) - client-029E50227556->355864cd-7ac5-4934-b366-9756b15dd90f: receive RaftClientReply:client-029E50227556->355864cd-7ac5-4934-b366-9756b15dd90f@group-785BCF25C267, cid=2862, SUCCESS, logIndex=4287, commits[355864cd-7ac5-4934-b366-9756b15dd90f:c4287, ce4aa411-63c8-4399-99eb-27ce352844f3:c4284, 3eeffb0a-787e-48ec-a2f5-d0c540a89489:c4284]
2019-08-21 15:29:59,952 | INFO  | DNAudit | user=null | ip=null | op=WRITE_CHUNK {blockData=conID: 1 locID: 102655682142274165 bcsId: 4284} | ret=SUCCESS |  
2019-08-21 15:29:59,952 | INFO  | DNAudit | user=null | ip=null | op=WRITE_CHUNK {blockData=conID: 1 locID: 102655682142274165 bcsId: 4284} | ret=SUCCESS |  
2019-08-21 15:29:59,955 | INFO  | DNAudit | user=null | ip=null | op=PUT_BLOCK {blockData=[blockId=conID: 1 locID: 102655682142274165 bcsId: 0,size=4194304]} | ret=SUCCESS |  
2019-08-21 15:29:59,955 | INFO  | DNAudit | user=null | ip=null | op=PUT_BLOCK {blockData=[blockId=conID: 1 locID: 102655682142274165 bcsId: 0,size=4194304]} | ret=SUCCESS |  
2019-08-21 15:29:59,955 [grpc-default-executor-4] INFO  client.GrpcClientProtocolClient (GrpcClientProtocolClient.java:onNext(255)) - client-029E50227556->355864cd-7ac5-4934-b366-9756b15dd90f: receive RaftClientReply:client-029E50227556->355864cd-7ac5-4934-b366-9756b15dd90f@group-785BCF25C267, cid=2863, SUCCESS, logIndex=0, commits[355864cd-7ac5-4934-b366-9756b15dd90f:c4288, ce4aa411-63c8-4399-99eb-27ce352844f3:c4287, 3eeffb0a-787e-48ec-a2f5-d0c540a89489:c4287]
2019-08-21 15:29:59,959 | INFO  | SCMAudit | user=jenkins1000 | ip=192.168.5.153 | op=ALLOCATE_BLOCK {owner=78849ec2-2b05-45d8-8cb5-e95e2230dbd1, size=4194304, type=RATIS, factor=THREE} | ret=SUCCESS |  
2019-08-21 15:29:59,962 | INFO  | OMAudit | user=jenkins1000 | ip=127.0.0.1 | op=ALLOCATE_BLOCK {volume=vol-0-32358, bucket=bucket-0-01949, key=key-0-56547, dataSize=0, replicationType=null, replicationFactor=null, keyLocationInfo=null, clientID=102655680532119954} | ret=SUCCESS |  
2019-08-21 15:29:59,968 | INFO  | DNAudit | user=null | ip=null | op=WRITE_CHUNK {blockData=conID: 2 locID: 102655682147713654 bcsId: 0} | ret=SUCCESS |  
2019-08-21 15:29:59,971 | INFO  | DNAudit | user=null | ip=null | op=WRITE_CHUNK {blockData=conID: 2 locID: 102655682147713654 bcsId: 0} | ret=SUCCESS |  
2019-08-21 15:29:59,973 | INFO  | DNAudit | user=null | ip=null | op=WRITE_CHUNK {blockData=conID: 2 locID: 102655682147713654 bcsId: 0} | ret=SUCCESS |  
2019-08-21 15:29:59,973 | INFO  | DNAudit | user=null | ip=null | op=WRITE_CHUNK {blockData=conID: 2 locID: 102655682147713654 bcsId: 0} | ret=SUCCESS |  
2019-08-21 15:29:59,973 | INFO  | DNAudit | user=null | ip=null | op=WRITE_CHUNK {blockData=conID: 2 locID: 102655682147713654 bcsId: 0} | ret=SUCCESS |  
2019-08-21 15:29:59,974 | INFO  | DNAudit | user=null | ip=null | op=WRITE_CHUNK {blockData=conID: 2 locID: 102655682147713654 bcsId: 0} | ret=SUCCESS |  
2019-08-21 15:29:59,981 | INFO  | DNAudit | user=null | ip=null | op=WRITE_CHUNK {blockData=conID: 2 locID: 102655682147713654 bcsId: 0} | ret=SUCCESS |  
2019-08-21 15:29:59,981 | INFO  | DNAudit | user=null | ip=null | op=PUT_BLOCK {blockData=[blockId=conID: 2 locID: 102655682147713654 bcsId: 0,size=1048576]} | ret=SUCCESS |  
2019-08-21 15:29:59,981 | INFO  | DNAudit | user=null | ip=null | op=WRITE_CHUNK {blockData=conID: 2 locID: 102655682147713654 bcsId: 0} | ret=SUCCESS |  
2019-08-21 15:29:59,981 [grpc-default-executor-4] INFO  client.GrpcClientProtocolClient (GrpcClientProtocolClient.java:onNext(255)) - client-029E50227556->355864cd-7ac5-4934-b366-9756b15dd90f: receive RaftClientReply:client-029E50227556->355864cd-7ac5-4934-b366-9756b15dd90f@group-785BCF25C267, cid=2864, SUCCESS, logIndex=4290, commits[355864cd-7ac5-4934-b366-9756b15dd90f:c4291, ce4aa411-63c8-4399-99eb-27ce352844f3:c4289, 3eeffb0a-787e-48ec-a2f5-d0c540a89489:c4289]
2019-08-21 15:29:59,982 | INFO  | DNAudit | user=null | ip=null | op=PUT_BLOCK {blockData=[blockId=conID: 2 locID: 102655682147713654 bcsId: 0,size=2097152]} | ret=SUCCESS |  
2019-08-21 15:29:59,982 [grpc-default-executor-4] INFO  client.GrpcClientProtocolClient (GrpcClientProtocolClient.java:onNext(255)) - client-029E50227556->355864cd-7ac5-4934-b366-9756b15dd90f: receive RaftClientReply:client-029E50227556->355864cd-7ac5-4934-b366-9756b15dd90f@group-785BCF25C267, cid=2865, SUCCESS, logIndex=4291, commits[355864cd-7ac5-4934-b366-9756b15dd90f:c4293, ce4aa411-63c8-4399-99eb-27ce352844f3:c4289, 3eeffb0a-787e-48ec-a2f5-d0c540a89489:c4289]
2019-08-21 15:29:59,982 [grpc-default-executor-4] INFO  client.GrpcClientProtocolClient (GrpcClientProtocolClient.java:onNext(255)) - client-029E50227556->355864cd-7ac5-4934-b366-9756b15dd90f: receive RaftClientReply:client-029E50227556->355864cd-7ac5-4934-b366-9756b15dd90f@group-785BCF25C267, cid=2866, SUCCESS, logIndex=4292, commits[355864cd-7ac5-4934-b366-9756b15dd90f:c4293, ce4aa411-63c8-4399-99eb-27ce352844f3:c4289, 3eeffb0a-787e-48ec-a2f5-d0c540a89489:c4289]
2019-08-21 15:29:59,982 [grpc-default-executor-4] INFO  client.GrpcClientProtocolClient (GrpcClientProtocolClient.java:onNext(255)) - client-029E50227556->355864cd-7ac5-4934-b366-9756b15dd90f: receive RaftClientReply:client-029E50227556->355864cd-7ac5-4934-b366-9756b15dd90f@group-785BCF25C267, cid=2867, SUCCESS, logIndex=4293, commits[355864cd-7ac5-4934-b366-9756b15dd90f:c4293, ce4aa411-63c8-4399-99eb-27ce352844f3:c4289, 3eeffb0a-787e-48ec-a2f5-d0c540a89489:c4289]
2019-08-21 15:29:59,984 | INFO  | DNAudit | user=null | ip=null | op=WRITE_CHUNK {blockData=conID: 2 locID: 102655682147713654 bcsId: 0} | ret=SUCCESS |  
2019-08-21 15:29:59,984 | INFO  | DNAudit | user=null | ip=null | op=WRITE_CHUNK {blockData=conID: 2 locID: 102655682147713654 bcsId: 0} | ret=SUCCESS |  
2019-08-21 15:29:59,984 | INFO  | DNAudit | user=null | ip=null | op=PUT_BLOCK {blockData=[blockId=conID: 2 locID: 102655682147713654 bcsId: 0,size=1048576]} | ret=SUCCESS |  
2019-08-21 15:29:59,985 | INFO  | DNAudit | user=null | ip=null | op=PUT_BLOCK {blockData=[blockId=conID: 2 locID: 102655682147713654 bcsId: 0,size=1048576]} | ret=SUCCESS |  
2019-08-21 15:29:59,985 [grpc-default-executor-0] INFO  client.GrpcClientProtocolClient (GrpcClientProtocolClient.java:onNext(255)) - client-029E50227556->355864cd-7ac5-4934-b366-9756b15dd90f: receive RaftClientReply:client-029E50227556->355864cd-7ac5-4934-b366-9756b15dd90f@group-785BCF25C267, cid=2868, SUCCESS, logIndex=0, commits[355864cd-7ac5-4934-b366-9756b15dd90f:c4294, ce4aa411-63c8-4399-99eb-27ce352844f3:c4291, 3eeffb0a-787e-48ec-a2f5-d0c540a89489:c4291]
2019-08-21 15:29:59,991 | INFO  | DNAudit | user=null | ip=null | op=WRITE_CHUNK {blockData=conID: 2 locID: 102655682147713654 bcsId: 4293} | ret=SUCCESS |  
2019-08-21 15:29:59,995 | INFO  | DNAudit | user=null | ip=null | op=WRITE_CHUNK {blockData=conID: 2 locID: 102655682147713654 bcsId: 4293} | ret=SUCCESS |  
2019-08-21 15:29:59,995 | INFO  | DNAudit | user=null | ip=null | op=WRITE_CHUNK {blockData=conID: 2 locID: 102655682147713654 bcsId: 4293} | ret=SUCCESS |  
2019-08-21 15:29:59,996 | INFO  | DNAudit | user=null | ip=null | op=WRITE_CHUNK {blockData=conID: 2 locID: 102655682147713654 bcsId: 0} | ret=SUCCESS |  
2019-08-21 15:29:59,996 | INFO  | DNAudit | user=null | ip=null | op=WRITE_CHUNK {blockData=conID: 2 locID: 102655682147713654 bcsId: 0} | ret=SUCCESS |  
2019-08-21 15:29:59,996 | INFO  | DNAudit | user=null | ip=null | op=PUT_BLOCK {blockData=[blockId=conID: 2 locID: 102655682147713654 bcsId: 0,size=2097152]} | ret=SUCCESS |  
2019-08-21 15:29:59,996 | INFO  | DNAudit | user=null | ip=null | op=PUT_BLOCK {blockData=[blockId=conID: 2 locID: 102655682147713654 bcsId: 0,size=2097152]} | ret=SUCCESS |  
2019-08-21 15:29:59,998 | INFO  | DNAudit | user=null | ip=null | op=WRITE_CHUNK {blockData=conID: 2 locID: 102655682147713654 bcsId: 4293} | ret=SUCCESS |  
2019-08-21 15:29:59,999 | INFO  | DNAudit | user=null | ip=null | op=PUT_BLOCK {blockData=[blockId=conID: 2 locID: 102655682147713654 bcsId: 0,size=3145728]} | ret=SUCCESS |  
2019-08-21 15:29:59,999 [grpc-default-executor-0] INFO  client.GrpcClientProtocolClient (GrpcClientProtocolClient.java:onNext(255)) - client-029E50227556->355864cd-7ac5-4934-b366-9756b15dd90f: receive RaftClientReply:client-029E50227556->355864cd-7ac5-4934-b366-9756b15dd90f@group-785BCF25C267, cid=2869, SUCCESS, logIndex=4297, commits[355864cd-7ac5-4934-b366-9756b15dd90f:c4298, ce4aa411-63c8-4399-99eb-27ce352844f3:c4294, 3eeffb0a-787e-48ec-a2f5-d0c540a89489:c4294]
2019-08-21 15:29:59,999 [grpc-default-executor-0] INFO  client.GrpcClientProtocolClient (GrpcClientProtocolClient.java:onNext(255)) - client-029E50227556->355864cd-7ac5-4934-b366-9756b15dd90f: receive RaftClientReply:client-029E50227556->355864cd-7ac5-4934-b366-9756b15dd90f@group-785BCF25C267, cid=2870, SUCCESS, logIndex=4298, commits[355864cd-7ac5-4934-b366-9756b15dd90f:c4298, ce4aa411-63c8-4399-99eb-27ce352844f3:c4294, 3eeffb0a-787e-48ec-a2f5-d0c540a89489:c4294]
2019-08-21 15:30:00,006 | INFO  | DNAudit | user=null | ip=null | op=WRITE_CHUNK {blockData=conID: 2 locID: 102655682147713654 bcsId: 4298} | ret=SUCCESS |  
2019-08-21 15:30:00,008 | INFO  | DNAudit | user=null | ip=null | op=WRITE_CHUNK {blockData=conID: 2 locID: 102655682147713654 bcsId: 4298} | ret=SUCCESS |  
2019-08-21 15:30:00,008 | INFO  | DNAudit | user=null | ip=null | op=WRITE_CHUNK {blockData=conID: 2 locID: 102655682147713654 bcsId: 4298} | ret=SUCCESS |  
2019-08-21 15:30:00,010 | INFO  | DNAudit | user=null | ip=null | op=WRITE_CHUNK {blockData=conID: 2 locID: 102655682147713654 bcsId: 4293} | ret=SUCCESS |  
2019-08-21 15:30:00,010 | INFO  | DNAudit | user=null | ip=null | op=WRITE_CHUNK {blockData=conID: 2 locID: 102655682147713654 bcsId: 4293} | ret=SUCCESS |  
2019-08-21 15:30:00,013 | INFO  | DNAudit | user=null | ip=null | op=PUT_BLOCK {blockData=[blockId=conID: 2 locID: 102655682147713654 bcsId: 0,size=3145728]} | ret=SUCCESS |  
2019-08-21 15:30:00,013 | INFO  | DNAudit | user=null | ip=null | op=PUT_BLOCK {blockData=[blockId=conID: 2 locID: 102655682147713654 bcsId: 0,size=3145728]} | ret=SUCCESS |  
2019-08-21 15:30:00,013 | INFO  | DNAudit | user=null | ip=null | op=WRITE_CHUNK {blockData=conID: 2 locID: 102655682147713654 bcsId: 4298} | ret=SUCCESS |  
2019-08-21 15:30:00,014 | INFO  | DNAudit | user=null | ip=null | op=PUT_BLOCK {blockData=[blockId=conID: 2 locID: 102655682147713654 bcsId: 0,size=4194304]} | ret=SUCCESS |  
2019-08-21 15:30:00,014 [grpc-default-executor-4] INFO  client.GrpcClientProtocolClient (GrpcClientProtocolClient.java:onNext(255)) - client-029E50227556->355864cd-7ac5-4934-b366-9756b15dd90f: receive RaftClientReply:client-029E50227556->355864cd-7ac5-4934-b366-9756b15dd90f@group-785BCF25C267, cid=2871, SUCCESS, logIndex=4301, commits[355864cd-7ac5-4934-b366-9756b15dd90f:c4301, ce4aa411-63c8-4399-99eb-27ce352844f3:c4298, 3eeffb0a-787e-48ec-a2f5-d0c540a89489:c4298]
2019-08-21 15:30:00,014 [grpc-default-executor-4] INFO  client.GrpcClientProtocolClient (GrpcClientProtocolClient.java:onNext(255)) - client-029E50227556->355864cd-7ac5-4934-b366-9756b15dd90f: receive RaftClientReply:client-029E50227556->355864cd-7ac5-4934-b366-9756b15dd90f@group-785BCF25C267, cid=2872, SUCCESS, logIndex=4302, commits[355864cd-7ac5-4934-b366-9756b15dd90f:c4302, ce4aa411-63c8-4399-99eb-27ce352844f3:c4298, 3eeffb0a-787e-48ec-a2f5-d0c540a89489:c4298]
2019-08-21 15:30:00,025 | INFO  | DNAudit | user=null | ip=null | op=WRITE_CHUNK {blockData=conID: 2 locID: 102655682147713654 bcsId: 4298} | ret=SUCCESS |  
2019-08-21 15:30:00,025 | INFO  | DNAudit | user=null | ip=null | op=WRITE_CHUNK {blockData=conID: 2 locID: 102655682147713654 bcsId: 4298} | ret=SUCCESS |  
2019-08-21 15:30:00,028 | INFO  | DNAudit | user=null | ip=null | op=PUT_BLOCK {blockData=[blockId=conID: 2 locID: 102655682147713654 bcsId: 0,size=4194304]} | ret=SUCCESS |  
2019-08-21 15:30:00,028 | INFO  | DNAudit | user=null | ip=null | op=PUT_BLOCK {blockData=[blockId=conID: 2 locID: 102655682147713654 bcsId: 0,size=4194304]} | ret=SUCCESS |  
2019-08-21 15:30:00,028 [grpc-default-executor-4] INFO  client.GrpcClientProtocolClient (GrpcClientProtocolClient.java:onNext(255)) - client-029E50227556->355864cd-7ac5-4934-b366-9756b15dd90f: receive RaftClientReply:client-029E50227556->355864cd-7ac5-4934-b366-9756b15dd90f@group-785BCF25C267, cid=2873, SUCCESS, logIndex=0, commits[355864cd-7ac5-4934-b366-9756b15dd90f:c4304, ce4aa411-63c8-4399-99eb-27ce352844f3:c4302, 3eeffb0a-787e-48ec-a2f5-d0c540a89489:c4302]
2019-08-21 15:30:00,034 | INFO  | SCMAudit | user=jenkins1000 | ip=192.168.5.153 | op=ALLOCATE_BLOCK {owner=78849ec2-2b05-45d8-8cb5-e95e2230dbd1, size=4194304, type=RATIS, factor=THREE} | ret=SUCCESS |  
2019-08-21 15:30:00,037 | INFO  | OMAudit | user=jenkins1000 | ip=127.0.0.1 | op=ALLOCATE_BLOCK {volume=vol-0-32358, bucket=bucket-0-01949, key=key-0-56547, dataSize=0, replicationType=null, replicationFactor=null, keyLocationInfo=null, clientID=102655680532119954} | ret=SUCCESS |  
2019-08-21 15:30:00,044 | INFO  | DNAudit | user=null | ip=null | op=WRITE_CHUNK {blockData=conID: 3 locID: 102655682152628855 bcsId: 0} | ret=SUCCESS |  
2019-08-21 15:30:00,047 | INFO  | DNAudit | user=null | ip=null | op=WRITE_CHUNK {blockData=conID: 3 locID: 102655682152628855 bcsId: 0} | ret=SUCCESS |  
2019-08-21 15:30:00,047 | INFO  | DNAudit | user=null | ip=null | op=WRITE_CHUNK {blockData=conID: 3 locID: 102655682152628855 bcsId: 0} | ret=SUCCESS |  
2019-08-21 15:30:00,048 | INFO  | DNAudit | user=null | ip=null | op=WRITE_CHUNK {blockData=conID: 3 locID: 102655682152628855 bcsId: 0} | ret=SUCCESS |  
2019-08-21 15:30:00,049 | INFO  | DNAudit | user=null | ip=null | op=WRITE_CHUNK {blockData=conID: 3 locID: 102655682152628855 bcsId: 0} | ret=SUCCESS |  
2019-08-21 15:30:00,049 | INFO  | DNAudit | user=null | ip=null | op=WRITE_CHUNK {blockData=conID: 3 locID: 102655682152628855 bcsId: 0} | ret=SUCCESS |  
2019-08-21 15:30:00,057 | INFO  | DNAudit | user=null | ip=null | op=WRITE_CHUNK {blockData=conID: 3 locID: 102655682152628855 bcsId: 0} | ret=SUCCESS |  
2019-08-21 15:30:00,057 | INFO  | DNAudit | user=null | ip=null | op=PUT_BLOCK {blockData=[blockId=conID: 3 locID: 102655682152628855 bcsId: 0,size=1048576]} | ret=SUCCESS |  
2019-08-21 15:30:00,057 [grpc-default-executor-0] INFO  client.GrpcClientProtocolClient (GrpcClientProtocolClient.java:onNext(255)) - client-029E50227556->355864cd-7ac5-4934-b366-9756b15dd90f: receive RaftClientReply:client-029E50227556->355864cd-7ac5-4934-b366-9756b15dd90f@group-785BCF25C267, cid=2874, SUCCESS, logIndex=4305, commits[355864cd-7ac5-4934-b366-9756b15dd90f:c4306, ce4aa411-63c8-4399-99eb-27ce352844f3:c4304, 3eeffb0a-787e-48ec-a2f5-d0c540a89489:c4304]
2019-08-21 15:30:00,058 [grpc-default-executor-0] INFO  client.GrpcClientProtocolClient (GrpcClientProtocolClient.java:onNext(255)) - client-029E50227556->355864cd-7ac5-4934-b366-9756b15dd90f: receive RaftClientReply:client-029E50227556->355864cd-7ac5-4934-b366-9756b15dd90f@group-785BCF25C267, cid=2875, SUCCESS, logIndex=4306, commits[355864cd-7ac5-4934-b366-9756b15dd90f:c4306, ce4aa411-63c8-4399-99eb-27ce352844f3:c4304, 3eeffb0a-787e-48ec-a2f5-d0c540a89489:c4304]
2019-08-21 15:30:00,059 | INFO  | DNAudit | user=null | ip=null | op=WRITE_CHUNK {blockData=conID: 3 locID: 102655682152628855 bcsId: 0} | ret=SUCCESS |  
2019-08-21 15:30:00,060 | INFO  | DNAudit | user=null | ip=null | op=PUT_BLOCK {blockData=[blockId=conID: 3 locID: 102655682152628855 bcsId: 0,size=2097152]} | ret=SUCCESS |  
2019-08-21 15:30:00,060 [grpc-default-executor-5] INFO  client.GrpcClientProtocolClient (GrpcClientProtocolClient.java:onNext(255)) - client-029E50227556->355864cd-7ac5-4934-b366-9756b15dd90f: receive RaftClientReply:client-029E50227556->355864cd-7ac5-4934-b366-9756b15dd90f@group-785BCF25C267, cid=2876, SUCCESS, logIndex=4307, commits[355864cd-7ac5-4934-b366-9756b15dd90f:c4308, ce4aa411-63c8-4399-99eb-27ce352844f3:c4304, 3eeffb0a-787e-48ec-a2f5-d0c540a89489:c4304]
2019-08-21 15:30:00,060 [grpc-default-executor-5] INFO  client.GrpcClientProtocolClient (GrpcClientProtocolClient.java:onNext(255)) - client-029E50227556->355864cd-7ac5-4934-b366-9756b15dd90f: receive RaftClientReply:client-029E50227556->355864cd-7ac5-4934-b366-9756b15dd90f@group-785BCF25C267, cid=2877, SUCCESS, logIndex=4308, commits[355864cd-7ac5-4934-b366-9756b15dd90f:c4308, ce4aa411-63c8-4399-99eb-27ce352844f3:c4304, 3eeffb0a-787e-48ec-a2f5-d0c540a89489:c4304]
2019-08-21 15:30:00,071 | INFO  | DNAudit | user=null | ip=null | op=WRITE_CHUNK {blockData=conID: 3 locID: 102655682152628855 bcsId: 0} | ret=SUCCESS |  
2019-08-21 15:30:00,071 | INFO  | DNAudit | user=null | ip=null | op=WRITE_CHUNK {blockData=conID: 3 locID: 102655682152628855 bcsId: 0} | ret=SUCCESS |  
2019-08-21 15:30:00,071 | INFO  | DNAudit | user=null | ip=null | op=PUT_BLOCK {blockData=[blockId=conID: 3 locID: 102655682152628855 bcsId: 0,size=1048576]} | ret=SUCCESS |  
2019-08-21 15:30:00,071 | INFO  | DNAudit | user=null | ip=null | op=PUT_BLOCK {blockData=[blockId=conID: 3 locID: 102655682152628855 bcsId: 0,size=1048576]} | ret=SUCCESS |  
2019-08-21 15:30:00,071 [grpc-default-executor-0] INFO  client.GrpcClientProtocolClient (GrpcClientProtocolClient.java:onNext(255)) - client-029E50227556->355864cd-7ac5-4934-b366-9756b15dd90f: receive RaftClientReply:client-029E50227556->355864cd-7ac5-4934-b366-9756b15dd90f@group-785BCF25C267, cid=2878, SUCCESS, logIndex=0, commits[355864cd-7ac5-4934-b366-9756b15dd90f:c4310, ce4aa411-63c8-4399-99eb-27ce352844f3:c4306, 3eeffb0a-787e-48ec-a2f5-d0c540a89489:c4306]
2019-08-21 15:30:00,073 | INFO  | DNAudit | user=null | ip=null | op=WRITE_CHUNK {blockData=conID: 3 locID: 102655682152628855 bcsId: 0} | ret=SUCCESS |  
2019-08-21 15:30:00,073 | INFO  | DNAudit | user=null | ip=null | op=WRITE_CHUNK {blockData=conID: 3 locID: 102655682152628855 bcsId: 0} | ret=SUCCESS |  
2019-08-21 15:30:00,073 | INFO  | DNAudit | user=null | ip=null | op=PUT_BLOCK {blockData=[blockId=conID: 3 locID: 102655682152628855 bcsId: 0,size=2097152]} | ret=SUCCESS |  
2019-08-21 15:30:00,074 | INFO  | DNAudit | user=null | ip=null | op=PUT_BLOCK {blockData=[blockId=conID: 3 locID: 102655682152628855 bcsId: 0,size=2097152]} | ret=SUCCESS |  
2019-08-21 15:30:00,078 | INFO  | DNAudit | user=null | ip=null | op=WRITE_CHUNK {blockData=conID: 3 locID: 102655682152628855 bcsId: 4308} | ret=SUCCESS |  
2019-08-21 15:30:00,079 | INFO  | DNAudit | user=null | ip=null | op=WRITE_CHUNK {blockData=conID: 3 locID: 102655682152628855 bcsId: 4308} | ret=SUCCESS |  
2019-08-21 15:30:00,079 | INFO  | DNAudit | user=null | ip=null | op=WRITE_CHUNK {blockData=conID: 3 locID: 102655682152628855 bcsId: 4308} | ret=SUCCESS |  
2019-08-21 15:30:00,090 | INFO  | DNAudit | user=null | ip=null | op=WRITE_CHUNK {blockData=conID: 3 locID: 102655682152628855 bcsId: 4308} | ret=SUCCESS |  
2019-08-21 15:30:00,090 | INFO  | DNAudit | user=null | ip=null | op=PUT_BLOCK {blockData=[blockId=conID: 3 locID: 102655682152628855 bcsId: 0,size=3145728]} | ret=SUCCESS |  
2019-08-21 15:30:00,090 [grpc-default-executor-0] INFO  client.GrpcClientProtocolClient (GrpcClientProtocolClient.java:onNext(255)) - client-029E50227556->355864cd-7ac5-4934-b366-9756b15dd90f: receive RaftClientReply:client-029E50227556->355864cd-7ac5-4934-b366-9756b15dd90f@group-785BCF25C267, cid=2879, SUCCESS, logIndex=4313, commits[355864cd-7ac5-4934-b366-9756b15dd90f:c4314, ce4aa411-63c8-4399-99eb-27ce352844f3:c4312, 3eeffb0a-787e-48ec-a2f5-d0c540a89489:c4312]
2019-08-21 15:30:00,090 [grpc-default-executor-4] INFO  client.GrpcClientProtocolClient (GrpcClientProtocolClient.java:onNext(255)) - client-029E50227556->355864cd-7ac5-4934-b366-9756b15dd90f: receive RaftClientReply:client-029E50227556->355864cd-7ac5-4934-b366-9756b15dd90f@group-785BCF25C267, cid=2880, SUCCESS, logIndex=4314, commits[355864cd-7ac5-4934-b366-9756b15dd90f:c4314, ce4aa411-63c8-4399-99eb-27ce352844f3:c4312, 3eeffb0a-787e-48ec-a2f5-d0c540a89489:c4312]
2019-08-21 15:30:00,096 | INFO  | DNAudit | user=null | ip=null | op=WRITE_CHUNK {blockData=conID: 3 locID: 102655682152628855 bcsId: 4314} | ret=SUCCESS |  
2019-08-21 15:30:00,098 | INFO  | DNAudit | user=null | ip=null | op=WRITE_CHUNK {blockData=conID: 3 locID: 102655682152628855 bcsId: 4314} | ret=SUCCESS |  
2019-08-21 15:30:00,098 | INFO  | DNAudit | user=null | ip=null | op=WRITE_CHUNK {blockData=conID: 3 locID: 102655682152628855 bcsId: 4314} | ret=SUCCESS |  
2019-08-21 15:30:00,101 | INFO  | DNAudit | user=null | ip=null | op=WRITE_CHUNK {blockData=conID: 3 locID: 102655682152628855 bcsId: 4308} | ret=SUCCESS |  
2019-08-21 15:30:00,102 | INFO  | DNAudit | user=null | ip=null | op=WRITE_CHUNK {blockData=conID: 3 locID: 102655682152628855 bcsId: 4308} | ret=SUCCESS |  
2019-08-21 15:30:00,104 | INFO  | DNAudit | user=null | ip=null | op=PUT_BLOCK {blockData=[blockId=conID: 3 locID: 102655682152628855 bcsId: 0,size=3145728]} | ret=SUCCESS |  
2019-08-21 15:30:00,104 | INFO  | DNAudit | user=null | ip=null | op=PUT_BLOCK {blockData=[blockId=conID: 3 locID: 102655682152628855 bcsId: 0,size=3145728]} | ret=SUCCESS |  
2019-08-21 15:30:00,105 | INFO  | DNAudit | user=null | ip=null | op=WRITE_CHUNK {blockData=conID: 3 locID: 102655682152628855 bcsId: 4314} | ret=SUCCESS |  
2019-08-21 15:30:00,105 | INFO  | DNAudit | user=null | ip=null | op=PUT_BLOCK {blockData=[blockId=conID: 3 locID: 102655682152628855 bcsId: 0,size=4194304]} | ret=SUCCESS |  
2019-08-21 15:30:00,105 [grpc-default-executor-5] INFO  client.GrpcClientProtocolClient (GrpcClientProtocolClient.java:onNext(255)) - client-029E50227556->355864cd-7ac5-4934-b366-9756b15dd90f: receive RaftClientReply:client-029E50227556->355864cd-7ac5-4934-b366-9756b15dd90f@group-785BCF25C267, cid=2881, SUCCESS, logIndex=4317, commits[355864cd-7ac5-4934-b366-9756b15dd90f:c4318, ce4aa411-63c8-4399-99eb-27ce352844f3:c4314, 3eeffb0a-787e-48ec-a2f5-d0c540a89489:c4314]
2019-08-21 15:30:00,105 [grpc-default-executor-5] INFO  client.GrpcClientProtocolClient (GrpcClientProtocolClient.java:onNext(255)) - client-029E50227556->355864cd-7ac5-4934-b366-9756b15dd90f: receive RaftClientReply:client-029E50227556->355864cd-7ac5-4934-b366-9756b15dd90f@group-785BCF25C267, cid=2882, SUCCESS, logIndex=4318, commits[355864cd-7ac5-4934-b366-9756b15dd90f:c4318, ce4aa411-63c8-4399-99eb-27ce352844f3:c4314, 3eeffb0a-787e-48ec-a2f5-d0c540a89489:c4314]
2019-08-21 15:30:00,118 | INFO  | DNAudit | user=null | ip=null | op=WRITE_CHUNK {blockData=conID: 3 locID: 102655682152628855 bcsId: 4314} | ret=SUCCESS |  
2019-08-21 15:30:00,118 | INFO  | DNAudit | user=null | ip=null | op=WRITE_CHUNK {blockData=conID: 3 locID: 102655682152628855 bcsId: 4314} | ret=SUCCESS |  
2019-08-21 15:30:00,118 | INFO  | SCMAudit | user=jenkins1000 | ip=192.168.5.153 | op=SEND_HEARTBEAT {datanodeUUID=ce4aa411-63c8-4399-99eb-27ce352844f3, command=[]} | ret=SUCCESS |  
2019-08-21 15:30:00,118 | INFO  | SCMAudit | user=jenkins1000 | ip=192.168.5.153 | op=SEND_HEARTBEAT {datanodeUUID=3eeffb0a-787e-48ec-a2f5-d0c540a89489, command=[]} | ret=SUCCESS |  
2019-08-21 15:30:00,118 | INFO  | SCMAudit | user=jenkins1000 | ip=192.168.5.153 | op=SEND_HEARTBEAT {datanodeUUID=355864cd-7ac5-4934-b366-9756b15dd90f, command=[]} | ret=SUCCESS |  
2019-08-21 15:30:00,118 | INFO  | SCMAudit | user=jenkins1000 | ip=192.168.5.153 | op=SEND_HEARTBEAT {datanodeUUID=a38cd7e0-d792-481c-a4c0-f4feaa89ec8f, command=[]} | ret=SUCCESS |  
2019-08-21 15:30:00,118 | INFO  | SCMAudit | user=jenkins1000 | ip=192.168.5.153 | op=SEND_HEARTBEAT {datanodeUUID=a0074e04-2715-4b16-a2b0-10b5043d27ae, command=[]} | ret=SUCCESS |  
 0.00% |█                                                                                                    |  0/1 Time: 0:00:242019-08-21 15:30:00,129 | INFO  | DNAudit | user=null | ip=null | op=PUT_BLOCK {blockData=[blockId=conID: 3 locID: 102655682152628855 bcsId: 0,size=4194304]} | ret=SUCCESS |  
2019-08-21 15:30:00,129 | INFO  | DNAudit | user=null | ip=null | op=PUT_BLOCK {blockData=[blockId=conID: 3 locID: 102655682152628855 bcsId: 0,size=4194304]} | ret=SUCCESS |  
2019-08-21 15:30:00,129 [grpc-default-executor-4] INFO  client.GrpcClientProtocolClient (GrpcClientProtocolClient.java:onNext(255)) - client-029E50227556->355864cd-7ac5-4934-b366-9756b15dd90f: receive RaftClientReply:client-029E50227556->355864cd-7ac5-4934-b366-9756b15dd90f@group-785BCF25C267, cid=2883, SUCCESS, logIndex=0, commits[355864cd-7ac5-4934-b366-9756b15dd90f:c4319, ce4aa411-63c8-4399-99eb-27ce352844f3:c4318, 3eeffb0a-787e-48ec-a2f5-d0c540a89489:c4318]
2019-08-21 15:30:00,135 | INFO  | SCMAudit | user=jenkins1000 | ip=192.168.5.153 | op=ALLOCATE_BLOCK {owner=78849ec2-2b05-45d8-8cb5-e95e2230dbd1, size=4194304, type=RATIS, factor=THREE} | ret=SUCCESS |  
2019-08-21 15:30:00,139 | INFO  | OMAudit | user=jenkins1000 | ip=127.0.0.1 | op=ALLOCATE_BLOCK {volume=vol-0-32358, bucket=bucket-0-01949, key=key-0-56547, dataSize=0, replicationType=null, replicationFactor=null, keyLocationInfo=null, clientID=102655680532119954} | ret=SUCCESS |  
2019-08-21 15:30:00,145 | INFO  | DNAudit | user=null | ip=null | op=WRITE_CHUNK {blockData=conID: 1 locID: 102655682159247992 bcsId: 0} | ret=SUCCESS |  
2019-08-21 15:30:00,147 | INFO  | DNAudit | user=null | ip=null | op=WRITE_CHUNK {blockData=conID: 1 locID: 102655682159247992 bcsId: 0} | ret=SUCCESS |  
2019-08-21 15:30:00,147 | INFO  | DNAudit | user=null | ip=null | op=WRITE_CHUNK {blockData=conID: 1 locID: 102655682159247992 bcsId: 0} | ret=SUCCESS |  
2019-08-21 15:30:00,148 | INFO  | DNAudit | user=null | ip=null | op=WRITE_CHUNK {blockData=conID: 1 locID: 102655682159247992 bcsId: 0} | ret=SUCCESS |  
2019-08-21 15:30:00,149 | INFO  | DNAudit | user=null | ip=null | op=WRITE_CHUNK {blockData=conID: 1 locID: 102655682159247992 bcsId: 0} | ret=SUCCESS |  
2019-08-21 15:30:00,149 | INFO  | DNAudit | user=null | ip=null | op=WRITE_CHUNK {blockData=conID: 1 locID: 102655682159247992 bcsId: 0} | ret=SUCCESS |  
2019-08-21 15:30:00,157 | INFO  | DNAudit | user=null | ip=null | op=WRITE_CHUNK {blockData=conID: 1 locID: 102655682159247992 bcsId: 0} | ret=SUCCESS |  
2019-08-21 15:30:00,158 | INFO  | DNAudit | user=null | ip=null | op=PUT_BLOCK {blockData=[blockId=conID: 1 locID: 102655682159247992 bcsId: 0,size=1048576]} | ret=SUCCESS |  
2019-08-21 15:30:00,158 [grpc-default-executor-5] INFO  client.GrpcClientProtocolClient (GrpcClientProtocolClient.java:onNext(255)) - client-029E50227556->355864cd-7ac5-4934-b366-9756b15dd90f: receive RaftClientReply:client-029E50227556->355864cd-7ac5-4934-b366-9756b15dd90f@group-785BCF25C267, cid=2884, SUCCESS, logIndex=4321, commits[355864cd-7ac5-4934-b366-9756b15dd90f:c4322, ce4aa411-63c8-4399-99eb-27ce352844f3:c4320, 3eeffb0a-787e-48ec-a2f5-d0c540a89489:c4320]
2019-08-21 15:30:00,158 [grpc-default-executor-5] INFO  client.GrpcClientProtocolClient (GrpcClientProtocolClient.java:onNext(255)) - client-029E50227556->355864cd-7ac5-4934-b366-9756b15dd90f: receive RaftClientReply:client-029E50227556->355864cd-7ac5-4934-b366-9756b15dd90f@group-785BCF25C267, cid=2885, SUCCESS, logIndex=4322, commits[355864cd-7ac5-4934-b366-9756b15dd90f:c4322, ce4aa411-63c8-4399-99eb-27ce352844f3:c4320, 3eeffb0a-787e-48ec-a2f5-d0c540a89489:c4320]
2019-08-21 15:30:00,169 | INFO  | DNAudit | user=null | ip=null | op=WRITE_CHUNK {blockData=conID: 1 locID: 102655682159247992 bcsId: 0} | ret=SUCCESS |  
2019-08-21 15:30:00,169 | INFO  | DNAudit | user=null | ip=null | op=PUT_BLOCK {blockData=[blockId=conID: 1 locID: 102655682159247992 bcsId: 0,size=2097152]} | ret=SUCCESS |  
2019-08-21 15:30:00,169 [grpc-default-executor-5] INFO  client.GrpcClientProtocolClient (GrpcClientProtocolClient.java:onNext(255)) - client-029E50227556->355864cd-7ac5-4934-b366-9756b15dd90f: receive RaftClientReply:client-029E50227556->355864cd-7ac5-4934-b366-9756b15dd90f@group-785BCF25C267, cid=2886, SUCCESS, logIndex=4323, commits[355864cd-7ac5-4934-b366-9756b15dd90f:c4324, ce4aa411-63c8-4399-99eb-27ce352844f3:c4320, 3eeffb0a-787e-48ec-a2f5-d0c540a89489:c4320]
2019-08-21 15:30:00,169 [grpc-default-executor-5] INFO  client.GrpcClientProtocolClient (GrpcClientProtocolClient.java:onNext(255)) - client-029E50227556->355864cd-7ac5-4934-b366-9756b15dd90f: receive RaftClientReply:client-029E50227556->355864cd-7ac5-4934-b366-9756b15dd90f@group-785BCF25C267, cid=2887, SUCCESS, logIndex=4324, commits[355864cd-7ac5-4934-b366-9756b15dd90f:c4324, ce4aa411-63c8-4399-99eb-27ce352844f3:c4320, 3eeffb0a-787e-48ec-a2f5-d0c540a89489:c4320]
2019-08-21 15:30:00,180 | INFO  | DNAudit | user=null | ip=null | op=WRITE_CHUNK {blockData=conID: 1 locID: 102655682159247992 bcsId: 0} | ret=SUCCESS |  
2019-08-21 15:30:00,180 | INFO  | DNAudit | user=null | ip=null | op=WRITE_CHUNK {blockData=conID: 1 locID: 102655682159247992 bcsId: 0} | ret=SUCCESS |  
2019-08-21 15:30:00,180 | INFO  | DNAudit | user=null | ip=null | op=PUT_BLOCK {blockData=[blockId=conID: 1 locID: 102655682159247992 bcsId: 0,size=1048576]} | ret=SUCCESS |  
2019-08-21 15:30:00,180 | INFO  | DNAudit | user=null | ip=null | op=PUT_BLOCK {blockData=[blockId=conID: 1 locID: 102655682159247992 bcsId: 0,size=1048576]} | ret=SUCCESS |  
2019-08-21 15:30:00,180 [grpc-default-executor-5] INFO  client.GrpcClientProtocolClient (GrpcClientProtocolClient.java:onNext(255)) - client-029E50227556->355864cd-7ac5-4934-b366-9756b15dd90f: receive RaftClientReply:client-029E50227556->355864cd-7ac5-4934-b366-9756b15dd90f@group-785BCF25C267, cid=2888, SUCCESS, logIndex=0, commits[355864cd-7ac5-4934-b366-9756b15dd90f:c4325, ce4aa411-63c8-4399-99eb-27ce352844f3:c4322, 3eeffb0a-787e-48ec-a2f5-d0c540a89489:c4322]
2019-08-21 15:30:00,187 | INFO  | DNAudit | user=null | ip=null | op=WRITE_CHUNK {blockData=conID: 1 locID: 102655682159247992 bcsId: 4324} | ret=SUCCESS |  
2019-08-21 15:30:00,189 | INFO  | DNAudit | user=null | ip=null | op=WRITE_CHUNK {blockData=conID: 1 locID: 102655682159247992 bcsId: 4324} | ret=SUCCESS |  
2019-08-21 15:30:00,189 | INFO  | DNAudit | user=null | ip=null | op=WRITE_CHUNK {blockData=conID: 1 locID: 102655682159247992 bcsId: 4324} | ret=SUCCESS |  
2019-08-21 15:30:00,190 | INFO  | DNAudit | user=null | ip=null | op=WRITE_CHUNK {blockData=conID: 1 locID: 102655682159247992 bcsId: 0} | ret=SUCCESS |  
2019-08-21 15:30:00,190 | INFO  | DNAudit | user=null | ip=null | op=WRITE_CHUNK {blockData=conID: 1 locID: 102655682159247992 bcsId: 0} | ret=SUCCESS |  
2019-08-21 15:30:00,190 | INFO  | DNAudit | user=null | ip=null | op=PUT_BLOCK {blockData=[blockId=conID: 1 locID: 102655682159247992 bcsId: 0,size=2097152]} | ret=SUCCESS |  
2019-08-21 15:30:00,190 | INFO  | DNAudit | user=null | ip=null | op=PUT_BLOCK {blockData=[blockId=conID: 1 locID: 102655682159247992 bcsId: 0,size=2097152]} | ret=SUCCESS |  
2019-08-21 15:30:00,200 | INFO  | DNAudit | user=null | ip=null | op=WRITE_CHUNK {blockData=conID: 1 locID: 102655682159247992 bcsId: 4324} | ret=SUCCESS |  
2019-08-21 15:30:00,200 | INFO  | DNAudit | user=null | ip=null | op=PUT_BLOCK {blockData=[blockId=conID: 1 locID: 102655682159247992 bcsId: 0,size=3145728]} | ret=SUCCESS |  
2019-08-21 15:30:00,200 [grpc-default-executor-5] INFO  client.GrpcClientProtocolClient (GrpcClientProtocolClient.java:onNext(255)) - client-029E50227556->355864cd-7ac5-4934-b366-9756b15dd90f: receive RaftClientReply:client-029E50227556->355864cd-7ac5-4934-b366-9756b15dd90f@group-785BCF25C267, cid=2889, SUCCESS, logIndex=4329, commits[355864cd-7ac5-4934-b366-9756b15dd90f:c4330, ce4aa411-63c8-4399-99eb-27ce352844f3:c4326, 3eeffb0a-787e-48ec-a2f5-d0c540a89489:c4326]
2019-08-21 15:30:00,200 [grpc-default-executor-5] INFO  client.GrpcClientProtocolClient (GrpcClientProtocolClient.java:onNext(255)) - client-029E50227556->355864cd-7ac5-4934-b366-9756b15dd90f: receive RaftClientReply:client-029E50227556->355864cd-7ac5-4934-b366-9756b15dd90f@group-785BCF25C267, cid=2890, SUCCESS, logIndex=4330, commits[355864cd-7ac5-4934-b366-9756b15dd90f:c4330, ce4aa411-63c8-4399-99eb-27ce352844f3:c4326, 3eeffb0a-787e-48ec-a2f5-d0c540a89489:c4326]
2019-08-21 15:30:00,207 | INFO  | DNAudit | user=null | ip=null | op=WRITE_CHUNK {blockData=conID: 1 locID: 102655682159247992 bcsId: 4330} | ret=SUCCESS |  
2019-08-21 15:30:00,209 | INFO  | DNAudit | user=null | ip=null | op=WRITE_CHUNK {blockData=conID: 1 locID: 102655682159247992 bcsId: 4330} | ret=SUCCESS |  
2019-08-21 15:30:00,209 | INFO  | DNAudit | user=null | ip=null | op=WRITE_CHUNK {blockData=conID: 1 locID: 102655682159247992 bcsId: 4330} | ret=SUCCESS |  
2019-08-21 15:30:00,224 | INFO  | DNAudit | user=null | ip=null | op=WRITE_CHUNK {blockData=conID: 1 locID: 102655682159247992 bcsId: 4324} | ret=SUCCESS |  
2019-08-21 15:30:00,224 | INFO  | DNAudit | user=null | ip=null | op=WRITE_CHUNK {blockData=conID: 1 locID: 102655682159247992 bcsId: 4324} | ret=SUCCESS |  
2019-08-21 15:30:00,226 | INFO  | DNAudit | user=null | ip=null | op=PUT_BLOCK {blockData=[blockId=conID: 1 locID: 102655682159247992 bcsId: 0,size=3145728]} | ret=SUCCESS |  
2019-08-21 15:30:00,226 | INFO  | DNAudit | user=null | ip=null | op=PUT_BLOCK {blockData=[blockId=conID: 1 locID: 102655682159247992 bcsId: 0,size=3145728]} | ret=SUCCESS |  
2019-08-21 15:30:00,227 | INFO  | DNAudit | user=null | ip=null | op=WRITE_CHUNK {blockData=conID: 1 locID: 102655682159247992 bcsId: 4330} | ret=SUCCESS |  
2019-08-21 15:30:00,227 | INFO  | DNAudit | user=null | ip=null | op=PUT_BLOCK {blockData=[blockId=conID: 1 locID: 102655682159247992 bcsId: 0,size=4194304]} | ret=SUCCESS |  
2019-08-21 15:30:00,228 [grpc-default-executor-4] INFO  client.GrpcClientProtocolClient (GrpcClientProtocolClient.java:onNext(255)) - client-029E50227556->355864cd-7ac5-4934-b366-9756b15dd90f: receive RaftClientReply:client-029E50227556->355864cd-7ac5-4934-b366-9756b15dd90f@group-785BCF25C267, cid=2891, SUCCESS, logIndex=4333, commits[355864cd-7ac5-4934-b366-9756b15dd90f:c4334, ce4aa411-63c8-4399-99eb-27ce352844f3:c4330, 3eeffb0a-787e-48ec-a2f5-d0c540a89489:c4330]
2019-08-21 15:30:00,228 [grpc-default-executor-4] INFO  client.GrpcClientProtocolClient (GrpcClientProtocolClient.java:onNext(255)) - client-029E50227556->355864cd-7ac5-4934-b366-9756b15dd90f: receive RaftClientReply:client-029E50227556->355864cd-7ac5-4934-b366-9756b15dd90f@group-785BCF25C267, cid=2892, SUCCESS, logIndex=4334, commits[355864cd-7ac5-4934-b366-9756b15dd90f:c4334, ce4aa411-63c8-4399-99eb-27ce352844f3:c4330, 3eeffb0a-787e-48ec-a2f5-d0c540a89489:c4330]
2019-08-21 15:30:00,234 | INFO  | DNAudit | user=null | ip=null | op=WRITE_CHUNK {blockData=conID: 1 locID: 102655682159247992 bcsId: 4330} | ret=SUCCESS |  
2019-08-21 15:30:00,235 | INFO  | DNAudit | user=null | ip=null | op=WRITE_CHUNK {blockData=conID: 1 locID: 102655682159247992 bcsId: 4330} | ret=SUCCESS |  
2019-08-21 15:30:00,235 | INFO  | DNAudit | user=null | ip=null | op=PUT_BLOCK {blockData=[blockId=conID: 1 locID: 102655682159247992 bcsId: 0,size=4194304]} | ret=SUCCESS |  
2019-08-21 15:30:00,235 | INFO  | DNAudit | user=null | ip=null | op=PUT_BLOCK {blockData=[blockId=conID: 1 locID: 102655682159247992 bcsId: 0,size=4194304]} | ret=SUCCESS |  
2019-08-21 15:30:00,235 [grpc-default-executor-4] INFO  client.GrpcClientProtocolClient (GrpcClientProtocolClient.java:onNext(255)) - client-029E50227556->355864cd-7ac5-4934-b366-9756b15dd90f: receive RaftClientReply:client-029E50227556->355864cd-7ac5-4934-b366-9756b15dd90f@group-785BCF25C267, cid=2893, SUCCESS, logIndex=0, commits[355864cd-7ac5-4934-b366-9756b15dd90f:c4335, ce4aa411-63c8-4399-99eb-27ce352844f3:c4334, 3eeffb0a-787e-48ec-a2f5-d0c540a89489:c4334]
2019-08-21 15:30:00,242 | INFO  | SCMAudit | user=jenkins1000 | ip=192.168.5.153 | op=ALLOCATE_BLOCK {owner=78849ec2-2b05-45d8-8cb5-e95e2230dbd1, size=4194304, type=RATIS, factor=THREE} | ret=SUCCESS |  
2019-08-21 15:30:00,247 | INFO  | OMAudit | user=jenkins1000 | ip=127.0.0.1 | op=ALLOCATE_BLOCK {volume=vol-0-32358, bucket=bucket-0-01949, key=key-0-56547, dataSize=0, replicationType=null, replicationFactor=null, keyLocationInfo=null, clientID=102655680532119954} | ret=SUCCESS |  
2019-08-21 15:30:00,253 | INFO  | DNAudit | user=null | ip=null | op=WRITE_CHUNK {blockData=conID: 2 locID: 102655682166260345 bcsId: 0} | ret=SUCCESS |  
2019-08-21 15:30:00,256 | INFO  | DNAudit | user=null | ip=null | op=WRITE_CHUNK {blockData=conID: 2 locID: 102655682166260345 bcsId: 0} | ret=SUCCESS |  
2019-08-21 15:30:00,257 | INFO  | DNAudit | user=null | ip=null | op=WRITE_CHUNK {blockData=conID: 2 locID: 102655682166260345 bcsId: 0} | ret=SUCCESS |  
2019-08-21 15:30:00,257 | INFO  | DNAudit | user=null | ip=null | op=WRITE_CHUNK {blockData=conID: 2 locID: 102655682166260345 bcsId: 0} | ret=SUCCESS |  
2019-08-21 15:30:00,258 | INFO  | DNAudit | user=null | ip=null | op=WRITE_CHUNK {blockData=conID: 2 locID: 102655682166260345 bcsId: 0} | ret=SUCCESS |  
2019-08-21 15:30:00,258 | INFO  | DNAudit | user=null | ip=null | op=WRITE_CHUNK {blockData=conID: 2 locID: 102655682166260345 bcsId: 0} | ret=SUCCESS |  
2019-08-21 15:30:00,266 | INFO  | DNAudit | user=null | ip=null | op=WRITE_CHUNK {blockData=conID: 2 locID: 102655682166260345 bcsId: 0} | ret=SUCCESS |  
2019-08-21 15:30:00,267 | INFO  | DNAudit | user=null | ip=null | op=PUT_BLOCK {blockData=[blockId=conID: 2 locID: 102655682166260345 bcsId: 0,size=1048576]} | ret=SUCCESS |  
2019-08-21 15:30:00,267 | INFO  | DNAudit | user=null | ip=null | op=WRITE_CHUNK {blockData=conID: 2 locID: 102655682166260345 bcsId: 0} | ret=SUCCESS |  
2019-08-21 15:30:00,267 [grpc-default-executor-4] INFO  client.GrpcClientProtocolClient (GrpcClientProtocolClient.java:onNext(255)) - client-029E50227556->355864cd-7ac5-4934-b366-9756b15dd90f: receive RaftClientReply:client-029E50227556->355864cd-7ac5-4934-b366-9756b15dd90f@group-785BCF25C267, cid=2894, SUCCESS, logIndex=4337, commits[355864cd-7ac5-4934-b366-9756b15dd90f:c4338, ce4aa411-63c8-4399-99eb-27ce352844f3:c4336, 3eeffb0a-787e-48ec-a2f5-d0c540a89489:c4336]
2019-08-21 15:30:00,267 | INFO  | DNAudit | user=null | ip=null | op=PUT_BLOCK {blockData=[blockId=conID: 2 locID: 102655682166260345 bcsId: 0,size=2097152]} | ret=SUCCESS |  
2019-08-21 15:30:00,268 [grpc-default-executor-4] INFO  client.GrpcClientProtocolClient (GrpcClientProtocolClient.java:onNext(255)) - client-029E50227556->355864cd-7ac5-4934-b366-9756b15dd90f: receive RaftClientReply:client-029E50227556->355864cd-7ac5-4934-b366-9756b15dd90f@group-785BCF25C267, cid=2895, SUCCESS, logIndex=4338, commits[355864cd-7ac5-4934-b366-9756b15dd90f:c4339, ce4aa411-63c8-4399-99eb-27ce352844f3:c4336, 3eeffb0a-787e-48ec-a2f5-d0c540a89489:c4336]
2019-08-21 15:30:00,268 [grpc-default-executor-4] INFO  client.GrpcClientProtocolClient (GrpcClientProtocolClient.java:onNext(255)) - client-029E50227556->355864cd-7ac5-4934-b366-9756b15dd90f: receive RaftClientReply:client-029E50227556->355864cd-7ac5-4934-b366-9756b15dd90f@group-785BCF25C267, cid=2896, SUCCESS, logIndex=4339, commits[355864cd-7ac5-4934-b366-9756b15dd90f:c4340, ce4aa411-63c8-4399-99eb-27ce352844f3:c4336, 3eeffb0a-787e-48ec-a2f5-d0c540a89489:c4336]
2019-08-21 15:30:00,268 [grpc-default-executor-4] INFO  client.GrpcClientProtocolClient (GrpcClientProtocolClient.java:onNext(255)) - client-029E50227556->355864cd-7ac5-4934-b366-9756b15dd90f: receive RaftClientReply:client-029E50227556->355864cd-7ac5-4934-b366-9756b15dd90f@group-785BCF25C267, cid=2897, SUCCESS, logIndex=4340, commits[355864cd-7ac5-4934-b366-9756b15dd90f:c4340, ce4aa411-63c8-4399-99eb-27ce352844f3:c4336, 3eeffb0a-787e-48ec-a2f5-d0c540a89489:c4336]
2019-08-21 15:30:00,280 | INFO  | DNAudit | user=null | ip=null | op=WRITE_CHUNK {blockData=conID: 2 locID: 102655682166260345 bcsId: 0} | ret=SUCCESS |  
2019-08-21 15:30:00,280 | INFO  | DNAudit | user=null | ip=null | op=PUT_BLOCK {blockData=[blockId=conID: 2 locID: 102655682166260345 bcsId: 0,size=1048576]} | ret=SUCCESS |  
2019-08-21 15:30:00,280 | INFO  | DNAudit | user=null | ip=null | op=WRITE_CHUNK {blockData=conID: 2 locID: 102655682166260345 bcsId: 0} | ret=SUCCESS |  
2019-08-21 15:30:00,281 | INFO  | DNAudit | user=null | ip=null | op=PUT_BLOCK {blockData=[blockId=conID: 2 locID: 102655682166260345 bcsId: 0,size=1048576]} | ret=SUCCESS |  
2019-08-21 15:30:00,281 | INFO  | DNAudit | user=null | ip=null | op=WRITE_CHUNK {blockData=conID: 2 locID: 102655682166260345 bcsId: 0} | ret=SUCCESS |  
2019-08-21 15:30:00,281 [grpc-default-executor-4] INFO  client.GrpcClientProtocolClient (GrpcClientProtocolClient.java:onNext(255)) - client-029E50227556->355864cd-7ac5-4934-b366-9756b15dd90f: receive RaftClientReply:client-029E50227556->355864cd-7ac5-4934-b366-9756b15dd90f@group-785BCF25C267, cid=2898, SUCCESS, logIndex=0, commits[355864cd-7ac5-4934-b366-9756b15dd90f:c4342, ce4aa411-63c8-4399-99eb-27ce352844f3:c4338, 3eeffb0a-787e-48ec-a2f5-d0c540a89489:c4338]
2019-08-21 15:30:00,281 | INFO  | DNAudit | user=null | ip=null | op=WRITE_CHUNK {blockData=conID: 2 locID: 102655682166260345 bcsId: 0} | ret=SUCCESS |  
2019-08-21 15:30:00,281 | INFO  | DNAudit | user=null | ip=null | op=PUT_BLOCK {blockData=[blockId=conID: 2 locID: 102655682166260345 bcsId: 0,size=2097152]} | ret=SUCCESS |  
2019-08-21 15:30:00,281 | INFO  | DNAudit | user=null | ip=null | op=PUT_BLOCK {blockData=[blockId=conID: 2 locID: 102655682166260345 bcsId: 0,size=2097152]} | ret=SUCCESS |  
2019-08-21 15:30:00,287 | INFO  | DNAudit | user=null | ip=null | op=WRITE_CHUNK {blockData=conID: 2 locID: 102655682166260345 bcsId: 4340} | ret=SUCCESS |  
2019-08-21 15:30:00,290 | INFO  | DNAudit | user=null | ip=null | op=WRITE_CHUNK {blockData=conID: 2 locID: 102655682166260345 bcsId: 4340} | ret=SUCCESS |  
2019-08-21 15:30:00,290 | INFO  | DNAudit | user=null | ip=null | op=WRITE_CHUNK {blockData=conID: 2 locID: 102655682166260345 bcsId: 4340} | ret=SUCCESS |  
2019-08-21 15:30:00,299 | INFO  | DNAudit | user=null | ip=null | op=WRITE_CHUNK {blockData=conID: 2 locID: 102655682166260345 bcsId: 4340} | ret=SUCCESS |  
2019-08-21 15:30:00,300 | INFO  | DNAudit | user=null | ip=null | op=PUT_BLOCK {blockData=[blockId=conID: 2 locID: 102655682166260345 bcsId: 0,size=3145728]} | ret=SUCCESS |  
2019-08-21 15:30:00,300 [grpc-default-executor-0] INFO  client.GrpcClientProtocolClient (GrpcClientProtocolClient.java:onNext(255)) - client-029E50227556->355864cd-7ac5-4934-b366-9756b15dd90f: receive RaftClientReply:client-029E50227556->355864cd-7ac5-4934-b366-9756b15dd90f@group-785BCF25C267, cid=2899, SUCCESS, logIndex=4345, commits[355864cd-7ac5-4934-b366-9756b15dd90f:c4346, ce4aa411-63c8-4399-99eb-27ce352844f3:c4344, 3eeffb0a-787e-48ec-a2f5-d0c540a89489:c4344]
2019-08-21 15:30:00,300 [grpc-default-executor-0] INFO  client.GrpcClientProtocolClient (GrpcClientProtocolClient.java:onNext(255)) - client-029E50227556->355864cd-7ac5-4934-b366-9756b15dd90f: receive RaftClientReply:client-029E50227556->355864cd-7ac5-4934-b366-9756b15dd90f@group-785BCF25C267, cid=2900, SUCCESS, logIndex=4346, commits[355864cd-7ac5-4934-b366-9756b15dd90f:c4346, ce4aa411-63c8-4399-99eb-27ce352844f3:c4344, 3eeffb0a-787e-48ec-a2f5-d0c540a89489:c4344]
2019-08-21 15:30:00,307 | INFO  | DNAudit | user=null | ip=null | op=WRITE_CHUNK {blockData=conID: 2 locID: 102655682166260345 bcsId: 4346} | ret=SUCCESS |  
2019-08-21 15:30:00,309 | INFO  | DNAudit | user=null | ip=null | op=WRITE_CHUNK {blockData=conID: 2 locID: 102655682166260345 bcsId: 4346} | ret=SUCCESS |  
2019-08-21 15:30:00,310 | INFO  | DNAudit | user=null | ip=null | op=WRITE_CHUNK {blockData=conID: 2 locID: 102655682166260345 bcsId: 4346} | ret=SUCCESS |  
2019-08-21 15:30:00,311 | INFO  | DNAudit | user=null | ip=null | op=WRITE_CHUNK {blockData=conID: 2 locID: 102655682166260345 bcsId: 4340} | ret=SUCCESS |  
2019-08-21 15:30:00,311 | INFO  | DNAudit | user=null | ip=null | op=WRITE_CHUNK {blockData=conID: 2 locID: 102655682166260345 bcsId: 4340} | ret=SUCCESS |  
2019-08-21 15:30:00,312 | INFO  | DNAudit | user=null | ip=null | op=PUT_BLOCK {blockData=[blockId=conID: 2 locID: 102655682166260345 bcsId: 0,size=3145728]} | ret=SUCCESS |  
2019-08-21 15:30:00,312 | INFO  | DNAudit | user=null | ip=null | op=WRITE_CHUNK {blockData=conID: 2 locID: 102655682166260345 bcsId: 4346} | ret=SUCCESS |  
2019-08-21 15:30:00,312 | INFO  | DNAudit | user=null | ip=null | op=PUT_BLOCK {blockData=[blockId=conID: 2 locID: 102655682166260345 bcsId: 0,size=3145728]} | ret=SUCCESS |  
2019-08-21 15:30:00,313 | INFO  | DNAudit | user=null | ip=null | op=PUT_BLOCK {blockData=[blockId=conID: 2 locID: 102655682166260345 bcsId: 0,size=4194304]} | ret=SUCCESS |  
2019-08-21 15:30:00,313 [grpc-default-executor-4] INFO  client.GrpcClientProtocolClient (GrpcClientProtocolClient.java:onNext(255)) - client-029E50227556->355864cd-7ac5-4934-b366-9756b15dd90f: receive RaftClientReply:client-029E50227556->355864cd-7ac5-4934-b366-9756b15dd90f@group-785BCF25C267, cid=2901, SUCCESS, logIndex=4349, commits[355864cd-7ac5-4934-b366-9756b15dd90f:c4350, ce4aa411-63c8-4399-99eb-27ce352844f3:c4345, 3eeffb0a-787e-48ec-a2f5-d0c540a89489:c4346]
2019-08-21 15:30:00,313 [grpc-default-executor-4] INFO  client.GrpcClientProtocolClient (GrpcClientProtocolClient.java:onNext(255)) - client-029E50227556->355864cd-7ac5-4934-b366-9756b15dd90f: receive RaftClientReply:client-029E50227556->355864cd-7ac5-4934-b366-9756b15dd90f@group-785BCF25C267, cid=2902, SUCCESS, logIndex=4350, commits[355864cd-7ac5-4934-b366-9756b15dd90f:c4350, ce4aa411-63c8-4399-99eb-27ce352844f3:c4346, 3eeffb0a-787e-48ec-a2f5-d0c540a89489:c4346]
2019-08-21 15:30:00,315 | INFO  | DNAudit | user=null | ip=null | op=WRITE_CHUNK {blockData=conID: 2 locID: 102655682166260345 bcsId: 4346} | ret=SUCCESS |  
2019-08-21 15:30:00,315 | INFO  | DNAudit | user=null | ip=null | op=WRITE_CHUNK {blockData=conID: 2 locID: 102655682166260345 bcsId: 4346} | ret=SUCCESS |  
2019-08-21 15:30:00,316 | INFO  | DNAudit | user=null | ip=null | op=PUT_BLOCK {blockData=[blockId=conID: 2 locID: 102655682166260345 bcsId: 0,size=4194304]} | ret=SUCCESS |  
2019-08-21 15:30:00,326 | INFO  | DNAudit | user=null | ip=null | op=PUT_BLOCK {blockData=[blockId=conID: 2 locID: 102655682166260345 bcsId: 0,size=4194304]} | ret=SUCCESS |  
2019-08-21 15:30:00,327 [grpc-default-executor-5] INFO  client.GrpcClientProtocolClient (GrpcClientProtocolClient.java:onNext(255)) - client-029E50227556->355864cd-7ac5-4934-b366-9756b15dd90f: receive RaftClientReply:client-029E50227556->355864cd-7ac5-4934-b366-9756b15dd90f@group-785BCF25C267, cid=2903, SUCCESS, logIndex=0, commits[355864cd-7ac5-4934-b366-9756b15dd90f:c4352, ce4aa411-63c8-4399-99eb-27ce352844f3:c4350, 3eeffb0a-787e-48ec-a2f5-d0c540a89489:c4350]
2019-08-21 15:30:00,334 | INFO  | SCMAudit | user=jenkins1000 | ip=192.168.5.153 | op=ALLOCATE_BLOCK {owner=78849ec2-2b05-45d8-8cb5-e95e2230dbd1, size=4194304, type=RATIS, factor=THREE} | ret=SUCCESS |  
2019-08-21 15:30:00,339 | INFO  | OMAudit | user=jenkins1000 | ip=127.0.0.1 | op=ALLOCATE_BLOCK {volume=vol-0-32358, bucket=bucket-0-01949, key=key-0-56547, dataSize=0, replicationType=null, replicationFactor=null, keyLocationInfo=null, clientID=102655680532119954} | ret=SUCCESS |  
2019-08-21 15:30:00,346 | INFO  | DNAudit | user=null | ip=null | op=WRITE_CHUNK {blockData=conID: 3 locID: 102655682172289658 bcsId: 0} | ret=SUCCESS |  
2019-08-21 15:30:00,349 | INFO  | DNAudit | user=null | ip=null | op=WRITE_CHUNK {blockData=conID: 3 locID: 102655682172289658 bcsId: 0} | ret=SUCCESS |  
2019-08-21 15:30:00,349 | INFO  | DNAudit | user=null | ip=null | op=WRITE_CHUNK {blockData=conID: 3 locID: 102655682172289658 bcsId: 0} | ret=SUCCESS |  
2019-08-21 15:30:00,349 | INFO  | DNAudit | user=null | ip=null | op=WRITE_CHUNK {blockData=conID: 3 locID: 102655682172289658 bcsId: 0} | ret=SUCCESS |  
2019-08-21 15:30:00,350 | INFO  | DNAudit | user=null | ip=null | op=WRITE_CHUNK {blockData=conID: 3 locID: 102655682172289658 bcsId: 0} | ret=SUCCESS |  
2019-08-21 15:30:00,351 | INFO  | DNAudit | user=null | ip=null | op=WRITE_CHUNK {blockData=conID: 3 locID: 102655682172289658 bcsId: 0} | ret=SUCCESS |  
2019-08-21 15:30:00,362 | INFO  | DNAudit | user=null | ip=null | op=WRITE_CHUNK {blockData=conID: 3 locID: 102655682172289658 bcsId: 0} | ret=SUCCESS |  
2019-08-21 15:30:00,362 | INFO  | DNAudit | user=null | ip=null | op=PUT_BLOCK {blockData=[blockId=conID: 3 locID: 102655682172289658 bcsId: 0,size=1048576]} | ret=SUCCESS |  
2019-08-21 15:30:00,363 | INFO  | DNAudit | user=null | ip=null | op=WRITE_CHUNK {blockData=conID: 3 locID: 102655682172289658 bcsId: 0} | ret=SUCCESS |  
2019-08-21 15:30:00,363 [grpc-default-executor-5] INFO  client.GrpcClientProtocolClient (GrpcClientProtocolClient.java:onNext(255)) - client-029E50227556->355864cd-7ac5-4934-b366-9756b15dd90f: receive RaftClientReply:client-029E50227556->355864cd-7ac5-4934-b366-9756b15dd90f@group-785BCF25C267, cid=2904, SUCCESS, logIndex=4353, commits[355864cd-7ac5-4934-b366-9756b15dd90f:c4355, ce4aa411-63c8-4399-99eb-27ce352844f3:c4352, 3eeffb0a-787e-48ec-a2f5-d0c540a89489:c4352]
2019-08-21 15:30:00,363 | INFO  | DNAudit | user=null | ip=null | op=PUT_BLOCK {blockData=[blockId=conID: 3 locID: 102655682172289658 bcsId: 0,size=2097152]} | ret=SUCCESS |  
2019-08-21 15:30:00,363 [grpc-default-executor-5] INFO  client.GrpcClientProtocolClient (GrpcClientProtocolClient.java:onNext(255)) - client-029E50227556->355864cd-7ac5-4934-b366-9756b15dd90f: receive RaftClientReply:client-029E50227556->355864cd-7ac5-4934-b366-9756b15dd90f@group-785BCF25C267, cid=2905, SUCCESS, logIndex=4354, commits[355864cd-7ac5-4934-b366-9756b15dd90f:c4356, ce4aa411-63c8-4399-99eb-27ce352844f3:c4352, 3eeffb0a-787e-48ec-a2f5-d0c540a89489:c4352]
2019-08-21 15:30:00,363 [grpc-default-executor-5] INFO  client.GrpcClientProtocolClient (GrpcClientProtocolClient.java:onNext(255)) - client-029E50227556->355864cd-7ac5-4934-b366-9756b15dd90f: receive RaftClientReply:client-029E50227556->355864cd-7ac5-4934-b366-9756b15dd90f@group-785BCF25C267, cid=2906, SUCCESS, logIndex=4355, commits[355864cd-7ac5-4934-b366-9756b15dd90f:c4356, ce4aa411-63c8-4399-99eb-27ce352844f3:c4352, 3eeffb0a-787e-48ec-a2f5-d0c540a89489:c4352]
2019-08-21 15:30:00,364 [grpc-default-executor-5] INFO  client.GrpcClientProtocolClient (GrpcClientProtocolClient.java:onNext(255)) - client-029E50227556->355864cd-7ac5-4934-b366-9756b15dd90f: receive RaftClientReply:client-029E50227556->355864cd-7ac5-4934-b366-9756b15dd90f@group-785BCF25C267, cid=2907, SUCCESS, logIndex=4356, commits[355864cd-7ac5-4934-b366-9756b15dd90f:c4356, ce4aa411-63c8-4399-99eb-27ce352844f3:c4352, 3eeffb0a-787e-48ec-a2f5-d0c540a89489:c4352]
2019-08-21 15:30:00,373 | INFO  | DNAudit | user=null | ip=null | op=WRITE_CHUNK {blockData=conID: 3 locID: 102655682172289658 bcsId: 0} | ret=SUCCESS |  
2019-08-21 15:30:00,373 | INFO  | DNAudit | user=null | ip=null | op=WRITE_CHUNK {blockData=conID: 3 locID: 102655682172289658 bcsId: 0} | ret=SUCCESS |  
2019-08-21 15:30:00,374 | INFO  | DNAudit | user=null | ip=null | op=PUT_BLOCK {blockData=[blockId=conID: 3 locID: 102655682172289658 bcsId: 0,size=1048576]} | ret=SUCCESS |  
2019-08-21 15:30:00,374 | INFO  | DNAudit | user=null | ip=null | op=PUT_BLOCK {blockData=[blockId=conID: 3 locID: 102655682172289658 bcsId: 0,size=1048576]} | ret=SUCCESS |  
2019-08-21 15:30:00,374 | INFO  | DNAudit | user=null | ip=null | op=WRITE_CHUNK {blockData=conID: 3 locID: 102655682172289658 bcsId: 0} | ret=SUCCESS |  
2019-08-21 15:30:00,374 [grpc-default-executor-0] INFO  client.GrpcClientProtocolClient (GrpcClientProtocolClient.java:onNext(255)) - client-029E50227556->355864cd-7ac5-4934-b366-9756b15dd90f: receive RaftClientReply:client-029E50227556->355864cd-7ac5-4934-b366-9756b15dd90f@group-785BCF25C267, cid=2908, SUCCESS, logIndex=0, commits[355864cd-7ac5-4934-b366-9756b15dd90f:c4358, ce4aa411-63c8-4399-99eb-27ce352844f3:c4354, 3eeffb0a-787e-48ec-a2f5-d0c540a89489:c4354]
2019-08-21 15:30:00,375 | INFO  | DNAudit | user=null | ip=null | op=WRITE_CHUNK {blockData=conID: 3 locID: 102655682172289658 bcsId: 0} | ret=SUCCESS |  
2019-08-21 15:30:00,375 | INFO  | DNAudit | user=null | ip=null | op=PUT_BLOCK {blockData=[blockId=conID: 3 locID: 102655682172289658 bcsId: 0,size=2097152]} | ret=SUCCESS |  
2019-08-21 15:30:00,375 | INFO  | DNAudit | user=null | ip=null | op=PUT_BLOCK {blockData=[blockId=conID: 3 locID: 102655682172289658 bcsId: 0,size=2097152]} | ret=SUCCESS |  
2019-08-21 15:30:00,382 | INFO  | DNAudit | user=null | ip=null | op=WRITE_CHUNK {blockData=conID: 3 locID: 102655682172289658 bcsId: 4356} | ret=SUCCESS |  
2019-08-21 15:30:00,384 | INFO  | DNAudit | user=null | ip=null | op=WRITE_CHUNK {blockData=conID: 3 locID: 102655682172289658 bcsId: 4356} | ret=SUCCESS |  
2019-08-21 15:30:00,384 | INFO  | DNAudit | user=null | ip=null | op=WRITE_CHUNK {blockData=conID: 3 locID: 102655682172289658 bcsId: 4356} | ret=SUCCESS |  
2019-08-21 15:30:00,396 | INFO  | DNAudit | user=null | ip=null | op=WRITE_CHUNK {blockData=conID: 3 locID: 102655682172289658 bcsId: 4356} | ret=SUCCESS |  
2019-08-21 15:30:00,396 | INFO  | DNAudit | user=null | ip=null | op=PUT_BLOCK {blockData=[blockId=conID: 3 locID: 102655682172289658 bcsId: 0,size=3145728]} | ret=SUCCESS |  
2019-08-21 15:30:00,396 [grpc-default-executor-4] INFO  client.GrpcClientProtocolClient (GrpcClientProtocolClient.java:onNext(255)) - client-029E50227556->355864cd-7ac5-4934-b366-9756b15dd90f: receive RaftClientReply:client-029E50227556->355864cd-7ac5-4934-b366-9756b15dd90f@group-785BCF25C267, cid=2909, SUCCESS, logIndex=4361, commits[355864cd-7ac5-4934-b366-9756b15dd90f:c4362, ce4aa411-63c8-4399-99eb-27ce352844f3:c4360, 3eeffb0a-787e-48ec-a2f5-d0c540a89489:c4360]
2019-08-21 15:30:00,397 [grpc-default-executor-4] INFO  client.GrpcClientProtocolClient (GrpcClientProtocolClient.java:onNext(255)) - client-029E50227556->355864cd-7ac5-4934-b366-9756b15dd90f: receive RaftClientReply:client-029E50227556->355864cd-7ac5-4934-b366-9756b15dd90f@group-785BCF25C267, cid=2910, SUCCESS, logIndex=4362, commits[355864cd-7ac5-4934-b366-9756b15dd90f:c4362, ce4aa411-63c8-4399-99eb-27ce352844f3:c4360, 3eeffb0a-787e-48ec-a2f5-d0c540a89489:c4360]
2019-08-21 15:30:00,404 | INFO  | DNAudit | user=null | ip=null | op=WRITE_CHUNK {blockData=conID: 3 locID: 102655682172289658 bcsId: 4362} | ret=SUCCESS |  
2019-08-21 15:30:00,406 | INFO  | DNAudit | user=null | ip=null | op=WRITE_CHUNK {blockData=conID: 3 locID: 102655682172289658 bcsId: 4362} | ret=SUCCESS |  
2019-08-21 15:30:00,407 | INFO  | DNAudit | user=null | ip=null | op=WRITE_CHUNK {blockData=conID: 3 locID: 102655682172289658 bcsId: 4362} | ret=SUCCESS |  
2019-08-21 15:30:00,408 | INFO  | DNAudit | user=null | ip=null | op=WRITE_CHUNK {blockData=conID: 3 locID: 102655682172289658 bcsId: 4356} | ret=SUCCESS |  
2019-08-21 15:30:00,408 | INFO  | DNAudit | user=null | ip=null | op=WRITE_CHUNK {blockData=conID: 3 locID: 102655682172289658 bcsId: 4356} | ret=SUCCESS |  
2019-08-21 15:30:00,411 | INFO  | DNAudit | user=null | ip=null | op=PUT_BLOCK {blockData=[blockId=conID: 3 locID: 102655682172289658 bcsId: 0,size=3145728]} | ret=SUCCESS |  
2019-08-21 15:30:00,411 | INFO  | DNAudit | user=null | ip=null | op=PUT_BLOCK {blockData=[blockId=conID: 3 locID: 102655682172289658 bcsId: 0,size=3145728]} | ret=SUCCESS |  
2019-08-21 15:30:00,412 | INFO  | DNAudit | user=null | ip=null | op=WRITE_CHUNK {blockData=conID: 3 locID: 102655682172289658 bcsId: 4362} | ret=SUCCESS |  
2019-08-21 15:30:00,412 | INFO  | DNAudit | user=null | ip=null | op=PUT_BLOCK {blockData=[blockId=conID: 3 locID: 102655682172289658 bcsId: 0,size=4194304]} | ret=SUCCESS |  
2019-08-21 15:30:00,412 [grpc-default-executor-4] INFO  client.GrpcClientProtocolClient (GrpcClientProtocolClient.java:onNext(255)) - client-029E50227556->355864cd-7ac5-4934-b366-9756b15dd90f: receive RaftClientReply:client-029E50227556->355864cd-7ac5-4934-b366-9756b15dd90f@group-785BCF25C267, cid=2911, SUCCESS, logIndex=4365, commits[355864cd-7ac5-4934-b366-9756b15dd90f:c4366, ce4aa411-63c8-4399-99eb-27ce352844f3:c4362, 3eeffb0a-787e-48ec-a2f5-d0c540a89489:c4362]
2019-08-21 15:30:00,412 [grpc-default-executor-4] INFO  client.GrpcClientProtocolClient (GrpcClientProtocolClient.java:onNext(255)) - client-029E50227556->355864cd-7ac5-4934-b366-9756b15dd90f: receive RaftClientReply:client-029E50227556->355864cd-7ac5-4934-b366-9756b15dd90f@group-785BCF25C267, cid=2912, SUCCESS, logIndex=4366, commits[355864cd-7ac5-4934-b366-9756b15dd90f:c4366, ce4aa411-63c8-4399-99eb-27ce352844f3:c4362, 3eeffb0a-787e-48ec-a2f5-d0c540a89489:c4362]
2019-08-21 15:30:00,423 | INFO  | DNAudit | user=null | ip=null | op=WRITE_CHUNK {blockData=conID: 3 locID: 102655682172289658 bcsId: 4362} | ret=SUCCESS |  
2019-08-21 15:30:00,423 | INFO  | DNAudit | user=null | ip=null | op=PUT_BLOCK {blockData=[blockId=conID: 3 locID: 102655682172289658 bcsId: 0,size=4194304]} | ret=SUCCESS |  
2019-08-21 15:30:00,423 | INFO  | DNAudit | user=null | ip=null | op=WRITE_CHUNK {blockData=conID: 3 locID: 102655682172289658 bcsId: 4362} | ret=SUCCESS |  
2019-08-21 15:30:00,426 | INFO  | DNAudit | user=null | ip=null | op=PUT_BLOCK {blockData=[blockId=conID: 3 locID: 102655682172289658 bcsId: 0,size=4194304]} | ret=SUCCESS |  
2019-08-21 15:30:00,426 [grpc-default-executor-4] INFO  client.GrpcClientProtocolClient (GrpcClientProtocolClient.java:onNext(255)) - client-029E50227556->355864cd-7ac5-4934-b366-9756b15dd90f: receive RaftClientReply:client-029E50227556->355864cd-7ac5-4934-b366-9756b15dd90f@group-785BCF25C267, cid=2913, SUCCESS, logIndex=0, commits[355864cd-7ac5-4934-b366-9756b15dd90f:c4368, ce4aa411-63c8-4399-99eb-27ce352844f3:c4366, 3eeffb0a-787e-48ec-a2f5-d0c540a89489:c4366]
2019-08-21 15:30:00,433 | INFO  | SCMAudit | user=jenkins1000 | ip=192.168.5.153 | op=ALLOCATE_BLOCK {owner=78849ec2-2b05-45d8-8cb5-e95e2230dbd1, size=4194304, type=RATIS, factor=THREE} | ret=SUCCESS |  
2019-08-21 15:30:00,436 | INFO  | OMAudit | user=jenkins1000 | ip=127.0.0.1 | op=ALLOCATE_BLOCK {volume=vol-0-32358, bucket=bucket-0-01949, key=key-0-56547, dataSize=0, replicationType=null, replicationFactor=null, keyLocationInfo=null, clientID=102655680532119954} | ret=SUCCESS |  
2019-08-21 15:30:00,443 | INFO  | DNAudit | user=null | ip=null | op=WRITE_CHUNK {blockData=conID: 1 locID: 102655682178777723 bcsId: 0} | ret=SUCCESS |  
2019-08-21 15:30:00,445 | INFO  | DNAudit | user=null | ip=null | op=WRITE_CHUNK {blockData=conID: 1 locID: 102655682178777723 bcsId: 0} | ret=SUCCESS |  
2019-08-21 15:30:00,446 | INFO  | DNAudit | user=null | ip=null | op=WRITE_CHUNK {blockData=conID: 1 locID: 102655682178777723 bcsId: 0} | ret=SUCCESS |  
2019-08-21 15:30:00,446 | INFO  | DNAudit | user=null | ip=null | op=WRITE_CHUNK {blockData=conID: 1 locID: 102655682178777723 bcsId: 0} | ret=SUCCESS |  
2019-08-21 15:30:00,448 | INFO  | DNAudit | user=null | ip=null | op=WRITE_CHUNK {blockData=conID: 1 locID: 102655682178777723 bcsId: 0} | ret=SUCCESS |  
2019-08-21 15:30:00,449 | INFO  | DNAudit | user=null | ip=null | op=WRITE_CHUNK {blockData=conID: 1 locID: 102655682178777723 bcsId: 0} | ret=SUCCESS |  
2019-08-21 15:30:00,455 | INFO  | DNAudit | user=null | ip=null | op=WRITE_CHUNK {blockData=conID: 1 locID: 102655682178777723 bcsId: 0} | ret=SUCCESS |  
2019-08-21 15:30:00,456 | INFO  | DNAudit | user=null | ip=null | op=PUT_BLOCK {blockData=[blockId=conID: 1 locID: 102655682178777723 bcsId: 0,size=1048576]} | ret=SUCCESS |  
2019-08-21 15:30:00,456 [grpc-default-executor-5] INFO  client.GrpcClientProtocolClient (GrpcClientProtocolClient.java:onNext(255)) - client-029E50227556->355864cd-7ac5-4934-b366-9756b15dd90f: receive RaftClientReply:client-029E50227556->355864cd-7ac5-4934-b366-9756b15dd90f@group-785BCF25C267, cid=2914, SUCCESS, logIndex=4369, commits[355864cd-7ac5-4934-b366-9756b15dd90f:c4370, ce4aa411-63c8-4399-99eb-27ce352844f3:c4368, 3eeffb0a-787e-48ec-a2f5-d0c540a89489:c4368]
2019-08-21 15:30:00,456 [grpc-default-executor-5] INFO  client.GrpcClientProtocolClient (GrpcClientProtocolClient.java:onNext(255)) - client-029E50227556->355864cd-7ac5-4934-b366-9756b15dd90f: receive RaftClientReply:client-029E50227556->355864cd-7ac5-4934-b366-9756b15dd90f@group-785BCF25C267, cid=2915, SUCCESS, logIndex=4370, commits[355864cd-7ac5-4934-b366-9756b15dd90f:c4370, ce4aa411-63c8-4399-99eb-27ce352844f3:c4368, 3eeffb0a-787e-48ec-a2f5-d0c540a89489:c4368]
2019-08-21 15:30:00,457 | INFO  | DNAudit | user=null | ip=null | op=WRITE_CHUNK {blockData=conID: 1 locID: 102655682178777723 bcsId: 0} | ret=SUCCESS |  
2019-08-21 15:30:00,457 | INFO  | DNAudit | user=null | ip=null | op=PUT_BLOCK {blockData=[blockId=conID: 1 locID: 102655682178777723 bcsId: 0,size=2097152]} | ret=SUCCESS |  
2019-08-21 15:30:00,457 [grpc-default-executor-0] INFO  client.GrpcClientProtocolClient (GrpcClientProtocolClient.java:onNext(255)) - client-029E50227556->355864cd-7ac5-4934-b366-9756b15dd90f: receive RaftClientReply:client-029E50227556->355864cd-7ac5-4934-b366-9756b15dd90f@group-785BCF25C267, cid=2916, SUCCESS, logIndex=4371, commits[355864cd-7ac5-4934-b366-9756b15dd90f:c4372, ce4aa411-63c8-4399-99eb-27ce352844f3:c4368, 3eeffb0a-787e-48ec-a2f5-d0c540a89489:c4368]
2019-08-21 15:30:00,458 [grpc-default-executor-0] INFO  client.GrpcClientProtocolClient (GrpcClientProtocolClient.java:onNext(255)) - client-029E50227556->355864cd-7ac5-4934-b366-9756b15dd90f: receive RaftClientReply:client-029E50227556->355864cd-7ac5-4934-b366-9756b15dd90f@group-785BCF25C267, cid=2917, SUCCESS, logIndex=4372, commits[355864cd-7ac5-4934-b366-9756b15dd90f:c4372, ce4aa411-63c8-4399-99eb-27ce352844f3:c4368, 3eeffb0a-787e-48ec-a2f5-d0c540a89489:c4368]
2019-08-21 15:30:00,460 | INFO  | DNAudit | user=null | ip=null | op=WRITE_CHUNK {blockData=conID: 1 locID: 102655682178777723 bcsId: 0} | ret=SUCCESS |  
2019-08-21 15:30:00,460 | INFO  | DNAudit | user=null | ip=null | op=WRITE_CHUNK {blockData=conID: 1 locID: 102655682178777723 bcsId: 0} | ret=SUCCESS |  
2019-08-21 15:30:00,460 | INFO  | DNAudit | user=null | ip=null | op=PUT_BLOCK {blockData=[blockId=conID: 1 locID: 102655682178777723 bcsId: 0,size=1048576]} | ret=SUCCESS |  
2019-08-21 15:30:00,460 | INFO  | DNAudit | user=null | ip=null | op=PUT_BLOCK {blockData=[blockId=conID: 1 locID: 102655682178777723 bcsId: 0,size=1048576]} | ret=SUCCESS |  
2019-08-21 15:30:00,460 [grpc-default-executor-5] INFO  client.GrpcClientProtocolClient (GrpcClientProtocolClient.java:onNext(255)) - client-029E50227556->355864cd-7ac5-4934-b366-9756b15dd90f: receive RaftClientReply:client-029E50227556->355864cd-7ac5-4934-b366-9756b15dd90f@group-785BCF25C267, cid=2918, SUCCESS, logIndex=0, commits[355864cd-7ac5-4934-b366-9756b15dd90f:c4374, ce4aa411-63c8-4399-99eb-27ce352844f3:c4370, 3eeffb0a-787e-48ec-a2f5-d0c540a89489:c4370]
2019-08-21 15:30:00,463 | INFO  | DNAudit | user=null | ip=null | op=WRITE_CHUNK {blockData=conID: 1 locID: 102655682178777723 bcsId: 0} | ret=SUCCESS |  
2019-08-21 15:30:00,463 | INFO  | DNAudit | user=null | ip=null | op=WRITE_CHUNK {blockData=conID: 1 locID: 102655682178777723 bcsId: 0} | ret=SUCCESS |  
2019-08-21 15:30:00,464 | INFO  | DNAudit | user=null | ip=null | op=PUT_BLOCK {blockData=[blockId=conID: 1 locID: 102655682178777723 bcsId: 0,size=2097152]} | ret=SUCCESS |  
2019-08-21 15:30:00,464 | INFO  | DNAudit | user=null | ip=null | op=PUT_BLOCK {blockData=[blockId=conID: 1 locID: 102655682178777723 bcsId: 0,size=2097152]} | ret=SUCCESS |  
2019-08-21 15:30:00,466 | INFO  | DNAudit | user=null | ip=null | op=WRITE_CHUNK {blockData=conID: 1 locID: 102655682178777723 bcsId: 4372} | ret=SUCCESS |  
2019-08-21 15:30:00,468 | INFO  | DNAudit | user=null | ip=null | op=WRITE_CHUNK {blockData=conID: 1 locID: 102655682178777723 bcsId: 4372} | ret=SUCCESS |  
2019-08-21 15:30:00,468 | INFO  | DNAudit | user=null | ip=null | op=WRITE_CHUNK {blockData=conID: 1 locID: 102655682178777723 bcsId: 4372} | ret=SUCCESS |  
2019-08-21 15:30:00,488 | INFO  | DNAudit | user=null | ip=null | op=WRITE_CHUNK {blockData=conID: 1 locID: 102655682178777723 bcsId: 4372} | ret=SUCCESS |  
2019-08-21 15:30:00,489 | INFO  | DNAudit | user=null | ip=null | op=PUT_BLOCK {blockData=[blockId=conID: 1 locID: 102655682178777723 bcsId: 0,size=3145728]} | ret=SUCCESS |  
2019-08-21 15:30:00,489 [grpc-default-executor-5] INFO  client.GrpcClientProtocolClient (GrpcClientProtocolClient.java:onNext(255)) - client-029E50227556->355864cd-7ac5-4934-b366-9756b15dd90f: receive RaftClientReply:client-029E50227556->355864cd-7ac5-4934-b366-9756b15dd90f@group-785BCF25C267, cid=2919, SUCCESS, logIndex=4377, commits[355864cd-7ac5-4934-b366-9756b15dd90f:c4378, ce4aa411-63c8-4399-99eb-27ce352844f3:c4376, 3eeffb0a-787e-48ec-a2f5-d0c540a89489:c4376]
2019-08-21 15:30:00,489 [grpc-default-executor-5] INFO  client.GrpcClientProtocolClient (GrpcClientProtocolClient.java:onNext(255)) - client-029E50227556->355864cd-7ac5-4934-b366-9756b15dd90f: receive RaftClientReply:client-029E50227556->355864cd-7ac5-4934-b366-9756b15dd90f@group-785BCF25C267, cid=2920, SUCCESS, logIndex=4378, commits[355864cd-7ac5-4934-b366-9756b15dd90f:c4378, ce4aa411-63c8-4399-99eb-27ce352844f3:c4376, 3eeffb0a-787e-48ec-a2f5-d0c540a89489:c4376]
2019-08-21 15:30:00,495 | INFO  | DNAudit | user=null | ip=null | op=WRITE_CHUNK {blockData=conID: 1 locID: 102655682178777723 bcsId: 4378} | ret=SUCCESS |  
2019-08-21 15:30:00,496 | INFO  | DNAudit | user=null | ip=null | op=WRITE_CHUNK {blockData=conID: 1 locID: 102655682178777723 bcsId: 4378} | ret=SUCCESS |  
2019-08-21 15:30:00,496 | INFO  | DNAudit | user=null | ip=null | op=WRITE_CHUNK {blockData=conID: 1 locID: 102655682178777723 bcsId: 4378} | ret=SUCCESS |  
2019-08-21 15:30:00,500 | INFO  | DNAudit | user=null | ip=null | op=WRITE_CHUNK {blockData=conID: 1 locID: 102655682178777723 bcsId: 4372} | ret=SUCCESS |  
2019-08-21 15:30:00,500 | INFO  | DNAudit | user=null | ip=null | op=WRITE_CHUNK {blockData=conID: 1 locID: 102655682178777723 bcsId: 4372} | ret=SUCCESS |  
2019-08-21 15:30:00,502 | INFO  | DNAudit | user=null | ip=null | op=PUT_BLOCK {blockData=[blockId=conID: 1 locID: 102655682178777723 bcsId: 0,size=3145728]} | ret=SUCCESS |  
2019-08-21 15:30:00,502 | INFO  | DNAudit | user=null | ip=null | op=PUT_BLOCK {blockData=[blockId=conID: 1 locID: 102655682178777723 bcsId: 0,size=3145728]} | ret=SUCCESS |  
2019-08-21 15:30:00,503 | INFO  | DNAudit | user=null | ip=null | op=WRITE_CHUNK {blockData=conID: 1 locID: 102655682178777723 bcsId: 4378} | ret=SUCCESS |  
2019-08-21 15:30:00,503 | INFO  | DNAudit | user=null | ip=null | op=PUT_BLOCK {blockData=[blockId=conID: 1 locID: 102655682178777723 bcsId: 0,size=4194304]} | ret=SUCCESS |  
2019-08-21 15:30:00,503 [grpc-default-executor-5] INFO  client.GrpcClientProtocolClient (GrpcClientProtocolClient.java:onNext(255)) - client-029E50227556->355864cd-7ac5-4934-b366-9756b15dd90f: receive RaftClientReply:client-029E50227556->355864cd-7ac5-4934-b366-9756b15dd90f@group-785BCF25C267, cid=2921, SUCCESS, logIndex=4381, commits[355864cd-7ac5-4934-b366-9756b15dd90f:c4382, ce4aa411-63c8-4399-99eb-27ce352844f3:c4378, 3eeffb0a-787e-48ec-a2f5-d0c540a89489:c4378]
2019-08-21 15:30:00,503 [grpc-default-executor-5] INFO  client.GrpcClientProtocolClient (GrpcClientProtocolClient.java:onNext(255)) - client-029E50227556->355864cd-7ac5-4934-b366-9756b15dd90f: receive RaftClientReply:client-029E50227556->355864cd-7ac5-4934-b366-9756b15dd90f@group-785BCF25C267, cid=2922, SUCCESS, logIndex=4382, commits[355864cd-7ac5-4934-b366-9756b15dd90f:c4382, ce4aa411-63c8-4399-99eb-27ce352844f3:c4378, 3eeffb0a-787e-48ec-a2f5-d0c540a89489:c4378]
2019-08-21 15:30:00,515 | INFO  | DNAudit | user=null | ip=null | op=WRITE_CHUNK {blockData=conID: 1 locID: 102655682178777723 bcsId: 4378} | ret=SUCCESS |  
2019-08-21 15:30:00,515 | INFO  | DNAudit | user=null | ip=null | op=WRITE_CHUNK {blockData=conID: 1 locID: 102655682178777723 bcsId: 4378} | ret=SUCCESS |  
2019-08-21 15:30:00,518 | INFO  | DNAudit | user=null | ip=null | op=PUT_BLOCK {blockData=[blockId=conID: 1 locID: 102655682178777723 bcsId: 0,size=4194304]} | ret=SUCCESS |  
2019-08-21 15:30:00,518 | INFO  | DNAudit | user=null | ip=null | op=PUT_BLOCK {blockData=[blockId=conID: 1 locID: 102655682178777723 bcsId: 0,size=4194304]} | ret=SUCCESS |  
2019-08-21 15:30:00,518 [grpc-default-executor-0] INFO  client.GrpcClientProtocolClient (GrpcClientProtocolClient.java:onNext(255)) - client-029E50227556->355864cd-7ac5-4934-b366-9756b15dd90f: receive RaftClientReply:client-029E50227556->355864cd-7ac5-4934-b366-9756b15dd90f@group-785BCF25C267, cid=2923, SUCCESS, logIndex=0, commits[355864cd-7ac5-4934-b366-9756b15dd90f:c4384, ce4aa411-63c8-4399-99eb-27ce352844f3:c4382, 3eeffb0a-787e-48ec-a2f5-d0c540a89489:c4382]
2019-08-21 15:30:00,522 | INFO  | SCMAudit | user=jenkins1000 | ip=192.168.5.153 | op=ALLOCATE_BLOCK {owner=78849ec2-2b05-45d8-8cb5-e95e2230dbd1, size=4194304, type=RATIS, factor=THREE} | ret=SUCCESS |  
2019-08-21 15:30:00,525 | INFO  | OMAudit | user=jenkins1000 | ip=127.0.0.1 | op=ALLOCATE_BLOCK {volume=vol-0-32358, bucket=bucket-0-01949, key=key-0-56547, dataSize=0, replicationType=null, replicationFactor=null, keyLocationInfo=null, clientID=102655680532119954} | ret=SUCCESS |  
2019-08-21 15:30:00,531 | INFO  | DNAudit | user=null | ip=null | op=WRITE_CHUNK {blockData=conID: 2 locID: 102655682184610428 bcsId: 0} | ret=SUCCESS |  
2019-08-21 15:30:00,533 | INFO  | DNAudit | user=null | ip=null | op=WRITE_CHUNK {blockData=conID: 2 locID: 102655682184610428 bcsId: 0} | ret=SUCCESS |  
2019-08-21 15:30:00,533 | INFO  | DNAudit | user=null | ip=null | op=WRITE_CHUNK {blockData=conID: 2 locID: 102655682184610428 bcsId: 0} | ret=SUCCESS |  
2019-08-21 15:30:00,534 | INFO  | DNAudit | user=null | ip=null | op=WRITE_CHUNK {blockData=conID: 2 locID: 102655682184610428 bcsId: 0} | ret=SUCCESS |  
2019-08-21 15:30:00,535 | INFO  | DNAudit | user=null | ip=null | op=WRITE_CHUNK {blockData=conID: 2 locID: 102655682184610428 bcsId: 0} | ret=SUCCESS |  
2019-08-21 15:30:00,535 | INFO  | DNAudit | user=null | ip=null | op=WRITE_CHUNK {blockData=conID: 2 locID: 102655682184610428 bcsId: 0} | ret=SUCCESS |  
2019-08-21 15:30:00,543 | INFO  | DNAudit | user=null | ip=null | op=WRITE_CHUNK {blockData=conID: 2 locID: 102655682184610428 bcsId: 0} | ret=SUCCESS |  
2019-08-21 15:30:00,544 | INFO  | DNAudit | user=null | ip=null | op=PUT_BLOCK {blockData=[blockId=conID: 2 locID: 102655682184610428 bcsId: 0,size=1048576]} | ret=SUCCESS |  
2019-08-21 15:30:00,544 [grpc-default-executor-5] INFO  client.GrpcClientProtocolClient (GrpcClientProtocolClient.java:onNext(255)) - client-029E50227556->355864cd-7ac5-4934-b366-9756b15dd90f: receive RaftClientReply:client-029E50227556->355864cd-7ac5-4934-b366-9756b15dd90f@group-785BCF25C267, cid=2924, SUCCESS, logIndex=4385, commits[355864cd-7ac5-4934-b366-9756b15dd90f:c4387, ce4aa411-63c8-4399-99eb-27ce352844f3:c4384, 3eeffb0a-787e-48ec-a2f5-d0c540a89489:c4384]
2019-08-21 15:30:00,544 | INFO  | DNAudit | user=null | ip=null | op=WRITE_CHUNK {blockData=conID: 2 locID: 102655682184610428 bcsId: 0} | ret=SUCCESS |  
2019-08-21 15:30:00,544 | INFO  | DNAudit | user=null | ip=null | op=PUT_BLOCK {blockData=[blockId=conID: 2 locID: 102655682184610428 bcsId: 0,size=2097152]} | ret=SUCCESS |  
2019-08-21 15:30:00,544 [grpc-default-executor-5] INFO  client.GrpcClientProtocolClient (GrpcClientProtocolClient.java:onNext(255)) - client-029E50227556->355864cd-7ac5-4934-b366-9756b15dd90f: receive RaftClientReply:client-029E50227556->355864cd-7ac5-4934-b366-9756b15dd90f@group-785BCF25C267, cid=2925, SUCCESS, logIndex=4386, commits[355864cd-7ac5-4934-b366-9756b15dd90f:c4388, ce4aa411-63c8-4399-99eb-27ce352844f3:c4384, 3eeffb0a-787e-48ec-a2f5-d0c540a89489:c4384]
2019-08-21 15:30:00,545 [grpc-default-executor-5] INFO  client.GrpcClientProtocolClient (GrpcClientProtocolClient.java:onNext(255)) - client-029E50227556->355864cd-7ac5-4934-b366-9756b15dd90f: receive RaftClientReply:client-029E50227556->355864cd-7ac5-4934-b366-9756b15dd90f@group-785BCF25C267, cid=2926, SUCCESS, logIndex=4387, commits[355864cd-7ac5-4934-b366-9756b15dd90f:c4388, ce4aa411-63c8-4399-99eb-27ce352844f3:c4384, 3eeffb0a-787e-48ec-a2f5-d0c540a89489:c4384]
2019-08-21 15:30:00,545 [grpc-default-executor-5] INFO  client.GrpcClientProtocolClient (GrpcClientProtocolClient.java:onNext(255)) - client-029E50227556->355864cd-7ac5-4934-b366-9756b15dd90f: receive RaftClientReply:client-029E50227556->355864cd-7ac5-4934-b366-9756b15dd90f@group-785BCF25C267, cid=2927, SUCCESS, logIndex=4388, commits[355864cd-7ac5-4934-b366-9756b15dd90f:c4388, ce4aa411-63c8-4399-99eb-27ce352844f3:c4384, 3eeffb0a-787e-48ec-a2f5-d0c540a89489:c4384]
2019-08-21 15:30:00,546 | INFO  | DNAudit | user=null | ip=null | op=WRITE_CHUNK {blockData=conID: 2 locID: 102655682184610428 bcsId: 0} | ret=SUCCESS |  
2019-08-21 15:30:00,557 | INFO  | DNAudit | user=null | ip=null | op=WRITE_CHUNK {blockData=conID: 2 locID: 102655682184610428 bcsId: 0} | ret=SUCCESS |  
2019-08-21 15:30:00,557 | INFO  | DNAudit | user=null | ip=null | op=PUT_BLOCK {blockData=[blockId=conID: 2 locID: 102655682184610428 bcsId: 0,size=1048576]} | ret=SUCCESS |  
2019-08-21 15:30:00,557 | INFO  | DNAudit | user=null | ip=null | op=WRITE_CHUNK {blockData=conID: 2 locID: 102655682184610428 bcsId: 0} | ret=SUCCESS |  
2019-08-21 15:30:00,558 | INFO  | DNAudit | user=null | ip=null | op=PUT_BLOCK {blockData=[blockId=conID: 2 locID: 102655682184610428 bcsId: 0,size=1048576]} | ret=SUCCESS |  
2019-08-21 15:30:00,558 | INFO  | DNAudit | user=null | ip=null | op=PUT_BLOCK {blockData=[blockId=conID: 2 locID: 102655682184610428 bcsId: 0,size=2097152]} | ret=SUCCESS |  
2019-08-21 15:30:00,558 | INFO  | DNAudit | user=null | ip=null | op=WRITE_CHUNK {blockData=conID: 2 locID: 102655682184610428 bcsId: 0} | ret=SUCCESS |  
2019-08-21 15:30:00,558 [grpc-default-executor-5] INFO  client.GrpcClientProtocolClient (GrpcClientProtocolClient.java:onNext(255)) - client-029E50227556->355864cd-7ac5-4934-b366-9756b15dd90f: receive RaftClientReply:client-029E50227556->355864cd-7ac5-4934-b366-9756b15dd90f@group-785BCF25C267, cid=2928, SUCCESS, logIndex=0, commits[355864cd-7ac5-4934-b366-9756b15dd90f:c4392, ce4aa411-63c8-4399-99eb-27ce352844f3:c4386, 3eeffb0a-787e-48ec-a2f5-d0c540a89489:c4388]
2019-08-21 15:30:00,558 | INFO  | DNAudit | user=null | ip=null | op=PUT_BLOCK {blockData=[blockId=conID: 2 locID: 102655682184610428 bcsId: 0,size=2097152]} | ret=SUCCESS |  
2019-08-21 15:30:00,563 | INFO  | DNAudit | user=null | ip=null | op=WRITE_CHUNK {blockData=conID: 2 locID: 102655682184610428 bcsId: 4388} | ret=SUCCESS |  
2019-08-21 15:30:00,564 | INFO  | DNAudit | user=null | ip=null | op=WRITE_CHUNK {blockData=conID: 2 locID: 102655682184610428 bcsId: 4388} | ret=SUCCESS |  
2019-08-21 15:30:00,565 | INFO  | DNAudit | user=null | ip=null | op=WRITE_CHUNK {blockData=conID: 2 locID: 102655682184610428 bcsId: 4388} | ret=SUCCESS |  
2019-08-21 15:30:00,577 | INFO  | DNAudit | user=null | ip=null | op=WRITE_CHUNK {blockData=conID: 2 locID: 102655682184610428 bcsId: 4388} | ret=SUCCESS |  
2019-08-21 15:30:00,577 | INFO  | DNAudit | user=null | ip=null | op=PUT_BLOCK {blockData=[blockId=conID: 2 locID: 102655682184610428 bcsId: 0,size=3145728]} | ret=SUCCESS |  
2019-08-21 15:30:00,577 [grpc-default-executor-5] INFO  client.GrpcClientProtocolClient (GrpcClientProtocolClient.java:onNext(255)) - client-029E50227556->355864cd-7ac5-4934-b366-9756b15dd90f: receive RaftClientReply:client-029E50227556->355864cd-7ac5-4934-b366-9756b15dd90f@group-785BCF25C267, cid=2929, SUCCESS, logIndex=4393, commits[355864cd-7ac5-4934-b366-9756b15dd90f:c4394, ce4aa411-63c8-4399-99eb-27ce352844f3:c4392, 3eeffb0a-787e-48ec-a2f5-d0c540a89489:c4392]
2019-08-21 15:30:00,578 [grpc-default-executor-5] INFO  client.GrpcClientProtocolClient (GrpcClientProtocolClient.java:onNext(255)) - client-029E50227556->355864cd-7ac5-4934-b366-9756b15dd90f: receive RaftClientReply:client-029E50227556->355864cd-7ac5-4934-b366-9756b15dd90f@group-785BCF25C267, cid=2930, SUCCESS, logIndex=4394, commits[355864cd-7ac5-4934-b366-9756b15dd90f:c4394, ce4aa411-63c8-4399-99eb-27ce352844f3:c4392, 3eeffb0a-787e-48ec-a2f5-d0c540a89489:c4392]
2019-08-21 15:30:00,583 | INFO  | DNAudit | user=null | ip=null | op=WRITE_CHUNK {blockData=conID: 2 locID: 102655682184610428 bcsId: 4394} | ret=SUCCESS |  
2019-08-21 15:30:00,584 | INFO  | DNAudit | user=null | ip=null | op=WRITE_CHUNK {blockData=conID: 2 locID: 102655682184610428 bcsId: 4394} | ret=SUCCESS |  
2019-08-21 15:30:00,584 | INFO  | DNAudit | user=null | ip=null | op=WRITE_CHUNK {blockData=conID: 2 locID: 102655682184610428 bcsId: 4394} | ret=SUCCESS |  
2019-08-21 15:30:00,588 | INFO  | DNAudit | user=null | ip=null | op=WRITE_CHUNK {blockData=conID: 2 locID: 102655682184610428 bcsId: 4388} | ret=SUCCESS |  
2019-08-21 15:30:00,588 | INFO  | DNAudit | user=null | ip=null | op=WRITE_CHUNK {blockData=conID: 2 locID: 102655682184610428 bcsId: 4388} | ret=SUCCESS |  
2019-08-21 15:30:00,591 | INFO  | DNAudit | user=null | ip=null | op=PUT_BLOCK {blockData=[blockId=conID: 2 locID: 102655682184610428 bcsId: 0,size=3145728]} | ret=SUCCESS |  
2019-08-21 15:30:00,591 | INFO  | DNAudit | user=null | ip=null | op=PUT_BLOCK {blockData=[blockId=conID: 2 locID: 102655682184610428 bcsId: 0,size=3145728]} | ret=SUCCESS |  
2019-08-21 15:30:00,591 | INFO  | DNAudit | user=null | ip=null | op=WRITE_CHUNK {blockData=conID: 2 locID: 102655682184610428 bcsId: 4394} | ret=SUCCESS |  
2019-08-21 15:30:00,592 | INFO  | DNAudit | user=null | ip=null | op=PUT_BLOCK {blockData=[blockId=conID: 2 locID: 102655682184610428 bcsId: 0,size=4194304]} | ret=SUCCESS |  
2019-08-21 15:30:00,592 [grpc-default-executor-5] INFO  client.GrpcClientProtocolClient (GrpcClientProtocolClient.java:onNext(255)) - client-029E50227556->355864cd-7ac5-4934-b366-9756b15dd90f: receive RaftClientReply:client-029E50227556->355864cd-7ac5-4934-b366-9756b15dd90f@group-785BCF25C267, cid=2931, SUCCESS, logIndex=4397, commits[355864cd-7ac5-4934-b366-9756b15dd90f:c4398, ce4aa411-63c8-4399-99eb-27ce352844f3:c4394, 3eeffb0a-787e-48ec-a2f5-d0c540a89489:c4394]
2019-08-21 15:30:00,592 [grpc-default-executor-5] INFO  client.GrpcClientProtocolClient (GrpcClientProtocolClient.java:onNext(255)) - client-029E50227556->355864cd-7ac5-4934-b366-9756b15dd90f: receive RaftClientReply:client-029E50227556->355864cd-7ac5-4934-b366-9756b15dd90f@group-785BCF25C267, cid=2932, SUCCESS, logIndex=4398, commits[355864cd-7ac5-4934-b366-9756b15dd90f:c4398, ce4aa411-63c8-4399-99eb-27ce352844f3:c4394, 3eeffb0a-787e-48ec-a2f5-d0c540a89489:c4394]
2019-08-21 15:30:00,603 | INFO  | DNAudit | user=null | ip=null | op=WRITE_CHUNK {blockData=conID: 2 locID: 102655682184610428 bcsId: 4394} | ret=SUCCESS |  
2019-08-21 15:30:00,603 | INFO  | DNAudit | user=null | ip=null | op=WRITE_CHUNK {blockData=conID: 2 locID: 102655682184610428 bcsId: 4394} | ret=SUCCESS |  
2019-08-21 15:30:00,606 | INFO  | DNAudit | user=null | ip=null | op=PUT_BLOCK {blockData=[blockId=conID: 2 locID: 102655682184610428 bcsId: 0,size=4194304]} | ret=SUCCESS |  
2019-08-21 15:30:00,606 | INFO  | DNAudit | user=null | ip=null | op=PUT_BLOCK {blockData=[blockId=conID: 2 locID: 102655682184610428 bcsId: 0,size=4194304]} | ret=SUCCESS |  
2019-08-21 15:30:00,606 [grpc-default-executor-5] INFO  client.GrpcClientProtocolClient (GrpcClientProtocolClient.java:onNext(255)) - client-029E50227556->355864cd-7ac5-4934-b366-9756b15dd90f: receive RaftClientReply:client-029E50227556->355864cd-7ac5-4934-b366-9756b15dd90f@group-785BCF25C267, cid=2933, SUCCESS, logIndex=0, commits[355864cd-7ac5-4934-b366-9756b15dd90f:c4400, ce4aa411-63c8-4399-99eb-27ce352844f3:c4398, 3eeffb0a-787e-48ec-a2f5-d0c540a89489:c4398]
2019-08-21 15:30:00,611 | INFO  | SCMAudit | user=jenkins1000 | ip=192.168.5.153 | op=ALLOCATE_BLOCK {owner=78849ec2-2b05-45d8-8cb5-e95e2230dbd1, size=4194304, type=RATIS, factor=THREE} | ret=SUCCESS |  
2019-08-21 15:30:00,614 | INFO  | OMAudit | user=jenkins1000 | ip=127.0.0.1 | op=ALLOCATE_BLOCK {volume=vol-0-32358, bucket=bucket-0-01949, key=key-0-56547, dataSize=0, replicationType=null, replicationFactor=null, keyLocationInfo=null, clientID=102655680532119954} | ret=SUCCESS |  
2019-08-21 15:30:00,619 | INFO  | DNAudit | user=null | ip=null | op=WRITE_CHUNK {blockData=conID: 3 locID: 102655682190443133 bcsId: 0} | ret=SUCCESS |  
2019-08-21 15:30:00,621 | INFO  | DNAudit | user=null | ip=null | op=WRITE_CHUNK {blockData=conID: 3 locID: 102655682190443133 bcsId: 0} | ret=SUCCESS |  
2019-08-21 15:30:00,621 | INFO  | DNAudit | user=null | ip=null | op=WRITE_CHUNK {blockData=conID: 3 locID: 102655682190443133 bcsId: 0} | ret=SUCCESS |  
2019-08-21 15:30:00,622 | INFO  | DNAudit | user=null | ip=null | op=WRITE_CHUNK {blockData=conID: 3 locID: 102655682190443133 bcsId: 0} | ret=SUCCESS |  
2019-08-21 15:30:00,623 | INFO  | DNAudit | user=null | ip=null | op=WRITE_CHUNK {blockData=conID: 3 locID: 102655682190443133 bcsId: 0} | ret=SUCCESS |  
2019-08-21 15:30:00,623 | INFO  | DNAudit | user=null | ip=null | op=WRITE_CHUNK {blockData=conID: 3 locID: 102655682190443133 bcsId: 0} | ret=SUCCESS |  
2019-08-21 15:30:00,633 | INFO  | DNAudit | user=null | ip=null | op=WRITE_CHUNK {blockData=conID: 3 locID: 102655682190443133 bcsId: 0} | ret=SUCCESS |  
2019-08-21 15:30:00,633 | INFO  | DNAudit | user=null | ip=null | op=PUT_BLOCK {blockData=[blockId=conID: 3 locID: 102655682190443133 bcsId: 0,size=1048576]} | ret=SUCCESS |  
2019-08-21 15:30:00,633 [grpc-default-executor-3] INFO  client.GrpcClientProtocolClient (GrpcClientProtocolClient.java:onNext(255)) - client-029E50227556->355864cd-7ac5-4934-b366-9756b15dd90f: receive RaftClientReply:client-029E50227556->355864cd-7ac5-4934-b366-9756b15dd90f@group-785BCF25C267, cid=2934, SUCCESS, logIndex=4401, commits[355864cd-7ac5-4934-b366-9756b15dd90f:c4402, ce4aa411-63c8-4399-99eb-27ce352844f3:c4400, 3eeffb0a-787e-48ec-a2f5-d0c540a89489:c4400]
2019-08-21 15:30:00,634 [grpc-default-executor-3] INFO  client.GrpcClientProtocolClient (GrpcClientProtocolClient.java:onNext(255)) - client-029E50227556->355864cd-7ac5-4934-b366-9756b15dd90f: receive RaftClientReply:client-029E50227556->355864cd-7ac5-4934-b366-9756b15dd90f@group-785BCF25C267, cid=2935, SUCCESS, logIndex=4402, commits[355864cd-7ac5-4934-b366-9756b15dd90f:c4402, ce4aa411-63c8-4399-99eb-27ce352844f3:c4400, 3eeffb0a-787e-48ec-a2f5-d0c540a89489:c4400]
2019-08-21 15:30:00,644 | INFO  | DNAudit | user=null | ip=null | op=WRITE_CHUNK {blockData=conID: 3 locID: 102655682190443133 bcsId: 0} | ret=SUCCESS |  
2019-08-21 15:30:00,645 | INFO  | DNAudit | user=null | ip=null | op=PUT_BLOCK {blockData=[blockId=conID: 3 locID: 102655682190443133 bcsId: 0,size=2097152]} | ret=SUCCESS |  
2019-08-21 15:30:00,645 [grpc-default-executor-0] INFO  client.GrpcClientProtocolClient (GrpcClientProtocolClient.java:onNext(255)) - client-029E50227556->355864cd-7ac5-4934-b366-9756b15dd90f: receive RaftClientReply:client-029E50227556->355864cd-7ac5-4934-b366-9756b15dd90f@group-785BCF25C267, cid=2936, SUCCESS, logIndex=4403, commits[355864cd-7ac5-4934-b366-9756b15dd90f:c4404, ce4aa411-63c8-4399-99eb-27ce352844f3:c4400, 3eeffb0a-787e-48ec-a2f5-d0c540a89489:c4400]
2019-08-21 15:30:00,645 [grpc-default-executor-0] INFO  client.GrpcClientProtocolClient (GrpcClientProtocolClient.java:onNext(255)) - client-029E50227556->355864cd-7ac5-4934-b366-9756b15dd90f: receive RaftClientReply:client-029E50227556->355864cd-7ac5-4934-b366-9756b15dd90f@group-785BCF25C267, cid=2937, SUCCESS, logIndex=4404, commits[355864cd-7ac5-4934-b366-9756b15dd90f:c4404, ce4aa411-63c8-4399-99eb-27ce352844f3:c4400, 3eeffb0a-787e-48ec-a2f5-d0c540a89489:c4400]
2019-08-21 15:30:00,647 | INFO  | DNAudit | user=null | ip=null | op=WRITE_CHUNK {blockData=conID: 3 locID: 102655682190443133 bcsId: 0} | ret=SUCCESS |  
2019-08-21 15:30:00,647 | INFO  | DNAudit | user=null | ip=null | op=WRITE_CHUNK {blockData=conID: 3 locID: 102655682190443133 bcsId: 0} | ret=SUCCESS |  
2019-08-21 15:30:00,647 | INFO  | DNAudit | user=null | ip=null | op=PUT_BLOCK {blockData=[blockId=conID: 3 locID: 102655682190443133 bcsId: 0,size=1048576]} | ret=SUCCESS |  
2019-08-21 15:30:00,647 | INFO  | DNAudit | user=null | ip=null | op=PUT_BLOCK {blockData=[blockId=conID: 3 locID: 102655682190443133 bcsId: 0,size=1048576]} | ret=SUCCESS |  
2019-08-21 15:30:00,648 [grpc-default-executor-0] INFO  client.GrpcClientProtocolClient (GrpcClientProtocolClient.java:onNext(255)) - client-029E50227556->355864cd-7ac5-4934-b366-9756b15dd90f: receive RaftClientReply:client-029E50227556->355864cd-7ac5-4934-b366-9756b15dd90f@group-785BCF25C267, cid=2938, SUCCESS, logIndex=0, commits[355864cd-7ac5-4934-b366-9756b15dd90f:c4406, ce4aa411-63c8-4399-99eb-27ce352844f3:c4402, 3eeffb0a-787e-48ec-a2f5-d0c540a89489:c4402]
2019-08-21 15:30:00,654 | INFO  | DNAudit | user=null | ip=null | op=WRITE_CHUNK {blockData=conID: 3 locID: 102655682190443133 bcsId: 4404} | ret=SUCCESS |  
2019-08-21 15:30:00,656 | INFO  | DNAudit | user=null | ip=null | op=WRITE_CHUNK {blockData=conID: 3 locID: 102655682190443133 bcsId: 4404} | ret=SUCCESS |  
2019-08-21 15:30:00,656 | INFO  | DNAudit | user=null | ip=null | op=WRITE_CHUNK {blockData=conID: 3 locID: 102655682190443133 bcsId: 4404} | ret=SUCCESS |  
2019-08-21 15:30:00,838 | INFO  | DNAudit | user=null | ip=null | op=WRITE_CHUNK {blockData=conID: 3 locID: 102655682190443133 bcsId: 0} | ret=SUCCESS |  
2019-08-21 15:30:00,838 | INFO  | DNAudit | user=null | ip=null | op=WRITE_CHUNK {blockData=conID: 3 locID: 102655682190443133 bcsId: 0} | ret=SUCCESS |  
2019-08-21 15:30:00,839 | INFO  | DNAudit | user=null | ip=null | op=PUT_BLOCK {blockData=[blockId=conID: 3 locID: 102655682190443133 bcsId: 0,size=2097152]} | ret=SUCCESS |  
2019-08-21 15:30:00,839 | INFO  | DNAudit | user=null | ip=null | op=PUT_BLOCK {blockData=[blockId=conID: 3 locID: 102655682190443133 bcsId: 0,size=2097152]} | ret=SUCCESS |  
2019-08-21 15:30:00,839 | INFO  | DNAudit | user=null | ip=null | op=WRITE_CHUNK {blockData=conID: 3 locID: 102655682190443133 bcsId: 4404} | ret=SUCCESS |  
2019-08-21 15:30:00,839 | INFO  | DNAudit | user=null | ip=null | op=PUT_BLOCK {blockData=[blockId=conID: 3 locID: 102655682190443133 bcsId: 0,size=3145728]} | ret=SUCCESS |  
2019-08-21 15:30:00,839 [grpc-default-executor-3] INFO  client.GrpcClientProtocolClient (GrpcClientProtocolClient.java:onNext(255)) - client-029E50227556->355864cd-7ac5-4934-b366-9756b15dd90f: receive RaftClientReply:client-029E50227556->355864cd-7ac5-4934-b366-9756b15dd90f@group-785BCF25C267, cid=2939, SUCCESS, logIndex=4409, commits[355864cd-7ac5-4934-b366-9756b15dd90f:c4410, ce4aa411-63c8-4399-99eb-27ce352844f3:c4404, 3eeffb0a-787e-48ec-a2f5-d0c540a89489:c4406]
2019-08-21 15:30:00,840 [grpc-default-executor-3] INFO  client.GrpcClientProtocolClient (GrpcClientProtocolClient.java:onNext(255)) - client-029E50227556->355864cd-7ac5-4934-b366-9756b15dd90f: receive RaftClientReply:client-029E50227556->355864cd-7ac5-4934-b366-9756b15dd90f@group-785BCF25C267, cid=2940, SUCCESS, logIndex=4410, commits[355864cd-7ac5-4934-b366-9756b15dd90f:c4410, ce4aa411-63c8-4399-99eb-27ce352844f3:c4404, 3eeffb0a-787e-48ec-a2f5-d0c540a89489:c4406]
2019-08-21 15:30:00,845 | INFO  | DNAudit | user=null | ip=null | op=WRITE_CHUNK {blockData=conID: 3 locID: 102655682190443133 bcsId: 4410} | ret=SUCCESS |  
2019-08-21 15:30:00,847 | INFO  | DNAudit | user=null | ip=null | op=WRITE_CHUNK {blockData=conID: 3 locID: 102655682190443133 bcsId: 4410} | ret=SUCCESS |  
2019-08-21 15:30:00,847 | INFO  | DNAudit | user=null | ip=null | op=WRITE_CHUNK {blockData=conID: 3 locID: 102655682190443133 bcsId: 4410} | ret=SUCCESS |  
2019-08-21 15:30:00,850 | INFO  | DNAudit | user=null | ip=null | op=WRITE_CHUNK {blockData=conID: 3 locID: 102655682190443133 bcsId: 4404} | ret=SUCCESS |  
2019-08-21 15:30:00,850 | INFO  | DNAudit | user=null | ip=null | op=PUT_BLOCK {blockData=[blockId=conID: 3 locID: 102655682190443133 bcsId: 0,size=3145728]} | ret=SUCCESS |  
2019-08-21 15:30:00,851 | INFO  | DNAudit | user=null | ip=null | op=WRITE_CHUNK {blockData=conID: 3 locID: 102655682190443133 bcsId: 4404} | ret=SUCCESS |  
2019-08-21 15:30:00,851 | INFO  | DNAudit | user=null | ip=null | op=PUT_BLOCK {blockData=[blockId=conID: 3 locID: 102655682190443133 bcsId: 0,size=3145728]} | ret=SUCCESS |  
2019-08-21 15:30:00,851 | INFO  | DNAudit | user=null | ip=null | op=WRITE_CHUNK {blockData=conID: 3 locID: 102655682190443133 bcsId: 4410} | ret=SUCCESS |  
2019-08-21 15:30:00,851 | INFO  | DNAudit | user=null | ip=null | op=PUT_BLOCK {blockData=[blockId=conID: 3 locID: 102655682190443133 bcsId: 0,size=4194304]} | ret=SUCCESS |  
2019-08-21 15:30:00,852 [grpc-default-executor-3] INFO  client.GrpcClientProtocolClient (GrpcClientProtocolClient.java:onNext(255)) - client-029E50227556->355864cd-7ac5-4934-b366-9756b15dd90f: receive RaftClientReply:client-029E50227556->355864cd-7ac5-4934-b366-9756b15dd90f@group-785BCF25C267, cid=2941, SUCCESS, logIndex=4413, commits[355864cd-7ac5-4934-b366-9756b15dd90f:c4414, ce4aa411-63c8-4399-99eb-27ce352844f3:c4410, 3eeffb0a-787e-48ec-a2f5-d0c540a89489:c4410]
2019-08-21 15:30:00,852 [grpc-default-executor-3] INFO  client.GrpcClientProtocolClient (GrpcClientProtocolClient.java:onNext(255)) - client-029E50227556->355864cd-7ac5-4934-b366-9756b15dd90f: receive RaftClientReply:client-029E50227556->355864cd-7ac5-4934-b366-9756b15dd90f@group-785BCF25C267, cid=2942, SUCCESS, logIndex=4414, commits[355864cd-7ac5-4934-b366-9756b15dd90f:c4414, ce4aa411-63c8-4399-99eb-27ce352844f3:c4410, 3eeffb0a-787e-48ec-a2f5-d0c540a89489:c4410]
2019-08-21 15:30:00,852 | INFO  | DNAudit | user=null | ip=null | op=WRITE_CHUNK {blockData=conID: 3 locID: 102655682190443133 bcsId: 4410} | ret=SUCCESS |  
2019-08-21 15:30:00,852 | INFO  | DNAudit | user=null | ip=null | op=WRITE_CHUNK {blockData=conID: 3 locID: 102655682190443133 bcsId: 4410} | ret=SUCCESS |  
2019-08-21 15:30:00,852 | INFO  | DNAudit | user=null | ip=null | op=PUT_BLOCK {blockData=[blockId=conID: 3 locID: 102655682190443133 bcsId: 0,size=4194304]} | ret=SUCCESS |  
2019-08-21 15:30:00,853 | INFO  | DNAudit | user=null | ip=null | op=PUT_BLOCK {blockData=[blockId=conID: 3 locID: 102655682190443133 bcsId: 0,size=4194304]} | ret=SUCCESS |  
2019-08-21 15:30:00,853 [grpc-default-executor-5] INFO  client.GrpcClientProtocolClient (GrpcClientProtocolClient.java:onNext(255)) - client-029E50227556->355864cd-7ac5-4934-b366-9756b15dd90f: receive RaftClientReply:client-029E50227556->355864cd-7ac5-4934-b366-9756b15dd90f@group-785BCF25C267, cid=2943, SUCCESS, logIndex=0, commits[355864cd-7ac5-4934-b366-9756b15dd90f:c4415, ce4aa411-63c8-4399-99eb-27ce352844f3:c4414, 3eeffb0a-787e-48ec-a2f5-d0c540a89489:c4414]
2019-08-21 15:30:00,858 | INFO  | SCMAudit | user=jenkins1000 | ip=192.168.5.153 | op=ALLOCATE_BLOCK {owner=78849ec2-2b05-45d8-8cb5-e95e2230dbd1, size=4194304, type=RATIS, factor=THREE} | ret=SUCCESS |  
2019-08-21 15:30:00,862 | INFO  | OMAudit | user=jenkins1000 | ip=127.0.0.1 | op=ALLOCATE_BLOCK {volume=vol-0-32358, bucket=bucket-0-01949, key=key-0-56547, dataSize=0, replicationType=null, replicationFactor=null, keyLocationInfo=null, clientID=102655680532119954} | ret=SUCCESS |  
2019-08-21 15:30:00,867 | INFO  | DNAudit | user=null | ip=null | op=WRITE_CHUNK {blockData=conID: 1 locID: 102655682206630526 bcsId: 0} | ret=SUCCESS |  
2019-08-21 15:30:00,869 | INFO  | DNAudit | user=null | ip=null | op=WRITE_CHUNK {blockData=conID: 1 locID: 102655682206630526 bcsId: 0} | ret=SUCCESS |  
2019-08-21 15:30:00,870 | INFO  | DNAudit | user=null | ip=null | op=WRITE_CHUNK {blockData=conID: 1 locID: 102655682206630526 bcsId: 0} | ret=SUCCESS |  
2019-08-21 15:30:00,871 | INFO  | DNAudit | user=null | ip=null | op=WRITE_CHUNK {blockData=conID: 1 locID: 102655682206630526 bcsId: 0} | ret=SUCCESS |  
2019-08-21 15:30:00,872 | INFO  | DNAudit | user=null | ip=null | op=WRITE_CHUNK {blockData=conID: 1 locID: 102655682206630526 bcsId: 0} | ret=SUCCESS |  
2019-08-21 15:30:00,872 | INFO  | DNAudit | user=null | ip=null | op=WRITE_CHUNK {blockData=conID: 1 locID: 102655682206630526 bcsId: 0} | ret=SUCCESS |  
2019-08-21 15:30:00,880 | INFO  | DNAudit | user=null | ip=null | op=WRITE_CHUNK {blockData=conID: 1 locID: 102655682206630526 bcsId: 0} | ret=SUCCESS |  
2019-08-21 15:30:00,880 | INFO  | DNAudit | user=null | ip=null | op=PUT_BLOCK {blockData=[blockId=conID: 1 locID: 102655682206630526 bcsId: 0,size=1048576]} | ret=SUCCESS |  
2019-08-21 15:30:00,880 [grpc-default-executor-3] INFO  client.GrpcClientProtocolClient (GrpcClientProtocolClient.java:onNext(255)) - client-029E50227556->355864cd-7ac5-4934-b366-9756b15dd90f: receive RaftClientReply:client-029E50227556->355864cd-7ac5-4934-b366-9756b15dd90f@group-785BCF25C267, cid=2944, SUCCESS, logIndex=4417, commits[355864cd-7ac5-4934-b366-9756b15dd90f:c4418, ce4aa411-63c8-4399-99eb-27ce352844f3:c4416, 3eeffb0a-787e-48ec-a2f5-d0c540a89489:c4416]
2019-08-21 15:30:00,881 [grpc-default-executor-3] INFO  client.GrpcClientProtocolClient (GrpcClientProtocolClient.java:onNext(255)) - client-029E50227556->355864cd-7ac5-4934-b366-9756b15dd90f: receive RaftClientReply:client-029E50227556->355864cd-7ac5-4934-b366-9756b15dd90f@group-785BCF25C267, cid=2945, SUCCESS, logIndex=4418, commits[355864cd-7ac5-4934-b366-9756b15dd90f:c4418, ce4aa411-63c8-4399-99eb-27ce352844f3:c4416, 3eeffb0a-787e-48ec-a2f5-d0c540a89489:c4416]
2019-08-21 15:30:00,881 | INFO  | DNAudit | user=null | ip=null | op=WRITE_CHUNK {blockData=conID: 1 locID: 102655682206630526 bcsId: 0} | ret=SUCCESS |  
2019-08-21 15:30:00,881 | INFO  | DNAudit | user=null | ip=null | op=PUT_BLOCK {blockData=[blockId=conID: 1 locID: 102655682206630526 bcsId: 0,size=2097152]} | ret=SUCCESS |  
2019-08-21 15:30:00,882 [grpc-default-executor-3] INFO  client.GrpcClientProtocolClient (GrpcClientProtocolClient.java:onNext(255)) - client-029E50227556->355864cd-7ac5-4934-b366-9756b15dd90f: receive RaftClientReply:client-029E50227556->355864cd-7ac5-4934-b366-9756b15dd90f@group-785BCF25C267, cid=2946, SUCCESS, logIndex=4419, commits[355864cd-7ac5-4934-b366-9756b15dd90f:c4420, ce4aa411-63c8-4399-99eb-27ce352844f3:c4416, 3eeffb0a-787e-48ec-a2f5-d0c540a89489:c4416]
2019-08-21 15:30:00,882 [grpc-default-executor-3] INFO  client.GrpcClientProtocolClient (GrpcClientProtocolClient.java:onNext(255)) - client-029E50227556->355864cd-7ac5-4934-b366-9756b15dd90f: receive RaftClientReply:client-029E50227556->355864cd-7ac5-4934-b366-9756b15dd90f@group-785BCF25C267, cid=2947, SUCCESS, logIndex=4420, commits[355864cd-7ac5-4934-b366-9756b15dd90f:c4420, ce4aa411-63c8-4399-99eb-27ce352844f3:c4416, 3eeffb0a-787e-48ec-a2f5-d0c540a89489:c4416]
2019-08-21 15:30:00,894 | INFO  | DNAudit | user=null | ip=null | op=WRITE_CHUNK {blockData=conID: 1 locID: 102655682206630526 bcsId: 0} | ret=SUCCESS |  
2019-08-21 15:30:00,894 | INFO  | DNAudit | user=null | ip=null | op=PUT_BLOCK {blockData=[blockId=conID: 1 locID: 102655682206630526 bcsId: 0,size=1048576]} | ret=SUCCESS |  
2019-08-21 15:30:00,894 | INFO  | DNAudit | user=null | ip=null | op=WRITE_CHUNK {blockData=conID: 1 locID: 102655682206630526 bcsId: 0} | ret=SUCCESS |  
2019-08-21 15:30:00,895 | INFO  | DNAudit | user=null | ip=null | op=PUT_BLOCK {blockData=[blockId=conID: 1 locID: 102655682206630526 bcsId: 0,size=1048576]} | ret=SUCCESS |  
2019-08-21 15:30:00,895 | INFO  | DNAudit | user=null | ip=null | op=WRITE_CHUNK {blockData=conID: 1 locID: 102655682206630526 bcsId: 0} | ret=SUCCESS |  
2019-08-21 15:30:00,895 | INFO  | DNAudit | user=null | ip=null | op=PUT_BLOCK {blockData=[blockId=conID: 1 locID: 102655682206630526 bcsId: 0,size=2097152]} | ret=SUCCESS |  
2019-08-21 15:30:00,895 | INFO  | DNAudit | user=null | ip=null | op=WRITE_CHUNK {blockData=conID: 1 locID: 102655682206630526 bcsId: 0} | ret=SUCCESS |  
2019-08-21 15:30:00,895 | INFO  | DNAudit | user=null | ip=null | op=PUT_BLOCK {blockData=[blockId=conID: 1 locID: 102655682206630526 bcsId: 0,size=2097152]} | ret=SUCCESS |  
2019-08-21 15:30:00,895 [grpc-default-executor-3] INFO  client.GrpcClientProtocolClient (GrpcClientProtocolClient.java:onNext(255)) - client-029E50227556->355864cd-7ac5-4934-b366-9756b15dd90f: receive RaftClientReply:client-029E50227556->355864cd-7ac5-4934-b366-9756b15dd90f@group-785BCF25C267, cid=2948, SUCCESS, logIndex=0, commits[355864cd-7ac5-4934-b366-9756b15dd90f:c4422, ce4aa411-63c8-4399-99eb-27ce352844f3:c4418, 3eeffb0a-787e-48ec-a2f5-d0c540a89489:c4418]
2019-08-21 15:30:00,901 | INFO  | DNAudit | user=null | ip=null | op=WRITE_CHUNK {blockData=conID: 1 locID: 102655682206630526 bcsId: 4420} | ret=SUCCESS |  
2019-08-21 15:30:00,902 | INFO  | DNAudit | user=null | ip=null | op=WRITE_CHUNK {blockData=conID: 1 locID: 102655682206630526 bcsId: 4420} | ret=SUCCESS |  
2019-08-21 15:30:00,903 | INFO  | DNAudit | user=null | ip=null | op=WRITE_CHUNK {blockData=conID: 1 locID: 102655682206630526 bcsId: 4420} | ret=SUCCESS |  
2019-08-21 15:30:00,913 | INFO  | DNAudit | user=null | ip=null | op=WRITE_CHUNK {blockData=conID: 1 locID: 102655682206630526 bcsId: 4420} | ret=SUCCESS |  
2019-08-21 15:30:00,913 | INFO  | DNAudit | user=null | ip=null | op=PUT_BLOCK {blockData=[blockId=conID: 1 locID: 102655682206630526 bcsId: 0,size=3145728]} | ret=SUCCESS |  
2019-08-21 15:30:00,913 [grpc-default-executor-3] INFO  client.GrpcClientProtocolClient (GrpcClientProtocolClient.java:onNext(255)) - client-029E50227556->355864cd-7ac5-4934-b366-9756b15dd90f: receive RaftClientReply:client-029E50227556->355864cd-7ac5-4934-b366-9756b15dd90f@group-785BCF25C267, cid=2949, SUCCESS, logIndex=4425, commits[355864cd-7ac5-4934-b366-9756b15dd90f:c4426, ce4aa411-63c8-4399-99eb-27ce352844f3:c4424, 3eeffb0a-787e-48ec-a2f5-d0c540a89489:c4424]
2019-08-21 15:30:00,914 [grpc-default-executor-3] INFO  client.GrpcClientProtocolClient (GrpcClientProtocolClient.java:onNext(255)) - client-029E50227556->355864cd-7ac5-4934-b366-9756b15dd90f: receive RaftClientReply:client-029E50227556->355864cd-7ac5-4934-b366-9756b15dd90f@group-785BCF25C267, cid=2950, SUCCESS, logIndex=4426, commits[355864cd-7ac5-4934-b366-9756b15dd90f:c4426, ce4aa411-63c8-4399-99eb-27ce352844f3:c4424, 3eeffb0a-787e-48ec-a2f5-d0c540a89489:c4424]
2019-08-21 15:30:00,918 | INFO  | DNAudit | user=null | ip=null | op=WRITE_CHUNK {blockData=conID: 1 locID: 102655682206630526 bcsId: 4426} | ret=SUCCESS |  
2019-08-21 15:30:00,921 | INFO  | DNAudit | user=null | ip=null | op=WRITE_CHUNK {blockData=conID: 1 locID: 102655682206630526 bcsId: 4426} | ret=SUCCESS |  
2019-08-21 15:30:00,921 | INFO  | DNAudit | user=null | ip=null | op=WRITE_CHUNK {blockData=conID: 1 locID: 102655682206630526 bcsId: 4426} | ret=SUCCESS |  
2019-08-21 15:30:00,925 | INFO  | DNAudit | user=null | ip=null | op=WRITE_CHUNK {blockData=conID: 1 locID: 102655682206630526 bcsId: 4420} | ret=SUCCESS |  
2019-08-21 15:30:00,925 | INFO  | DNAudit | user=null | ip=null | op=WRITE_CHUNK {blockData=conID: 1 locID: 102655682206630526 bcsId: 4420} | ret=SUCCESS |  
2019-08-21 15:30:00,925 | INFO  | DNAudit | user=null | ip=null | op=PUT_BLOCK {blockData=[blockId=conID: 1 locID: 102655682206630526 bcsId: 0,size=3145728]} | ret=SUCCESS |  
2019-08-21 15:30:00,925 | INFO  | DNAudit | user=null | ip=null | op=PUT_BLOCK {blockData=[blockId=conID: 1 locID: 102655682206630526 bcsId: 0,size=3145728]} | ret=SUCCESS |  
2019-08-21 15:30:00,928 | INFO  | DNAudit | user=null | ip=null | op=WRITE_CHUNK {blockData=conID: 1 locID: 102655682206630526 bcsId: 4426} | ret=SUCCESS |  
2019-08-21 15:30:00,928 | INFO  | DNAudit | user=null | ip=null | op=PUT_BLOCK {blockData=[blockId=conID: 1 locID: 102655682206630526 bcsId: 0,size=4194304]} | ret=SUCCESS |  
2019-08-21 15:30:00,928 [grpc-default-executor-0] INFO  client.GrpcClientProtocolClient (GrpcClientProtocolClient.java:onNext(255)) - client-029E50227556->355864cd-7ac5-4934-b366-9756b15dd90f: receive RaftClientReply:client-029E50227556->355864cd-7ac5-4934-b366-9756b15dd90f@group-785BCF25C267, cid=2951, SUCCESS, logIndex=4429, commits[355864cd-7ac5-4934-b366-9756b15dd90f:c4430, ce4aa411-63c8-4399-99eb-27ce352844f3:c4426, 3eeffb0a-787e-48ec-a2f5-d0c540a89489:c4426]
2019-08-21 15:30:00,928 [grpc-default-executor-0] INFO  client.GrpcClientProtocolClient (GrpcClientProtocolClient.java:onNext(255)) - client-029E50227556->355864cd-7ac5-4934-b366-9756b15dd90f: receive RaftClientReply:client-029E50227556->355864cd-7ac5-4934-b366-9756b15dd90f@group-785BCF25C267, cid=2952, SUCCESS, logIndex=4430, commits[355864cd-7ac5-4934-b366-9756b15dd90f:c4430, ce4aa411-63c8-4399-99eb-27ce352844f3:c4426, 3eeffb0a-787e-48ec-a2f5-d0c540a89489:c4426]
2019-08-21 15:30:00,939 | INFO  | DNAudit | user=null | ip=null | op=WRITE_CHUNK {blockData=conID: 1 locID: 102655682206630526 bcsId: 4426} | ret=SUCCESS |  
2019-08-21 15:30:00,939 | INFO  | DNAudit | user=null | ip=null | op=WRITE_CHUNK {blockData=conID: 1 locID: 102655682206630526 bcsId: 4426} | ret=SUCCESS |  
2019-08-21 15:30:00,939 | INFO  | DNAudit | user=null | ip=null | op=PUT_BLOCK {blockData=[blockId=conID: 1 locID: 102655682206630526 bcsId: 0,size=4194304]} | ret=SUCCESS |  
2019-08-21 15:30:00,939 | INFO  | DNAudit | user=null | ip=null | op=PUT_BLOCK {blockData=[blockId=conID: 1 locID: 102655682206630526 bcsId: 0,size=4194304]} | ret=SUCCESS |  
2019-08-21 15:30:00,940 [grpc-default-executor-0] INFO  client.GrpcClientProtocolClient (GrpcClientProtocolClient.java:onNext(255)) - client-029E50227556->355864cd-7ac5-4934-b366-9756b15dd90f: receive RaftClientReply:client-029E50227556->355864cd-7ac5-4934-b366-9756b15dd90f@group-785BCF25C267, cid=2953, SUCCESS, logIndex=0, commits[355864cd-7ac5-4934-b366-9756b15dd90f:c4431, ce4aa411-63c8-4399-99eb-27ce352844f3:c4430, 3eeffb0a-787e-48ec-a2f5-d0c540a89489:c4430]
2019-08-21 15:30:00,944 | INFO  | SCMAudit | user=jenkins1000 | ip=192.168.5.153 | op=ALLOCATE_BLOCK {owner=78849ec2-2b05-45d8-8cb5-e95e2230dbd1, size=4194304, type=RATIS, factor=THREE} | ret=SUCCESS |  
2019-08-21 15:30:00,947 | INFO  | OMAudit | user=jenkins1000 | ip=127.0.0.1 | op=ALLOCATE_BLOCK {volume=vol-0-32358, bucket=bucket-0-01949, key=key-0-56547, dataSize=0, replicationType=null, replicationFactor=null, keyLocationInfo=null, clientID=102655680532119954} | ret=SUCCESS |  
2019-08-21 15:30:00,953 | INFO  | DNAudit | user=null | ip=null | op=WRITE_CHUNK {blockData=conID: 2 locID: 102655682212266623 bcsId: 0} | ret=SUCCESS |  
2019-08-21 15:30:00,955 | INFO  | DNAudit | user=null | ip=null | op=WRITE_CHUNK {blockData=conID: 2 locID: 102655682212266623 bcsId: 0} | ret=SUCCESS |  
2019-08-21 15:30:00,956 | INFO  | DNAudit | user=null | ip=null | op=WRITE_CHUNK {blockData=conID: 2 locID: 102655682212266623 bcsId: 0} | ret=SUCCESS |  
2019-08-21 15:30:00,956 | INFO  | DNAudit | user=null | ip=null | op=WRITE_CHUNK {blockData=conID: 2 locID: 102655682212266623 bcsId: 0} | ret=SUCCESS |  
2019-08-21 15:30:00,957 | INFO  | DNAudit | user=null | ip=null | op=WRITE_CHUNK {blockData=conID: 2 locID: 102655682212266623 bcsId: 0} | ret=SUCCESS |  
2019-08-21 15:30:00,958 | INFO  | DNAudit | user=null | ip=null | op=WRITE_CHUNK {blockData=conID: 2 locID: 102655682212266623 bcsId: 0} | ret=SUCCESS |  
2019-08-21 15:30:00,965 | INFO  | DNAudit | user=null | ip=null | op=WRITE_CHUNK {blockData=conID: 2 locID: 102655682212266623 bcsId: 0} | ret=SUCCESS |  
2019-08-21 15:30:00,966 | INFO  | DNAudit | user=null | ip=null | op=PUT_BLOCK {blockData=[blockId=conID: 2 locID: 102655682212266623 bcsId: 0,size=1048576]} | ret=SUCCESS |  
2019-08-21 15:30:00,966 [grpc-default-executor-4] INFO  client.GrpcClientProtocolClient (GrpcClientProtocolClient.java:onNext(255)) - client-029E50227556->355864cd-7ac5-4934-b366-9756b15dd90f: receive RaftClientReply:client-029E50227556->355864cd-7ac5-4934-b366-9756b15dd90f@group-785BCF25C267, cid=2954, SUCCESS, logIndex=4433, commits[355864cd-7ac5-4934-b366-9756b15dd90f:c4434, ce4aa411-63c8-4399-99eb-27ce352844f3:c4432, 3eeffb0a-787e-48ec-a2f5-d0c540a89489:c4432]
2019-08-21 15:30:00,966 [grpc-default-executor-4] INFO  client.GrpcClientProtocolClient (GrpcClientProtocolClient.java:onNext(255)) - client-029E50227556->355864cd-7ac5-4934-b366-9756b15dd90f: receive RaftClientReply:client-029E50227556->355864cd-7ac5-4934-b366-9756b15dd90f@group-785BCF25C267, cid=2955, SUCCESS, logIndex=4434, commits[355864cd-7ac5-4934-b366-9756b15dd90f:c4434, ce4aa411-63c8-4399-99eb-27ce352844f3:c4432, 3eeffb0a-787e-48ec-a2f5-d0c540a89489:c4432]
2019-08-21 15:30:00,966 | INFO  | DNAudit | user=null | ip=null | op=WRITE_CHUNK {blockData=conID: 2 locID: 102655682212266623 bcsId: 0} | ret=SUCCESS |  
2019-08-21 15:30:00,967 | INFO  | DNAudit | user=null | ip=null | op=PUT_BLOCK {blockData=[blockId=conID: 2 locID: 102655682212266623 bcsId: 0,size=2097152]} | ret=SUCCESS |  
2019-08-21 15:30:00,967 [grpc-default-executor-4] INFO  client.GrpcClientProtocolClient (GrpcClientProtocolClient.java:onNext(255)) - client-029E50227556->355864cd-7ac5-4934-b366-9756b15dd90f: receive RaftClientReply:client-029E50227556->355864cd-7ac5-4934-b366-9756b15dd90f@group-785BCF25C267, cid=2956, SUCCESS, logIndex=4435, commits[355864cd-7ac5-4934-b366-9756b15dd90f:c4436, ce4aa411-63c8-4399-99eb-27ce352844f3:c4432, 3eeffb0a-787e-48ec-a2f5-d0c540a89489:c4432]
2019-08-21 15:30:00,967 [grpc-default-executor-4] INFO  client.GrpcClientProtocolClient (GrpcClientProtocolClient.java:onNext(255)) - client-029E50227556->355864cd-7ac5-4934-b366-9756b15dd90f: receive RaftClientReply:client-029E50227556->355864cd-7ac5-4934-b366-9756b15dd90f@group-785BCF25C267, cid=2957, SUCCESS, logIndex=4436, commits[355864cd-7ac5-4934-b366-9756b15dd90f:c4436, ce4aa411-63c8-4399-99eb-27ce352844f3:c4432, 3eeffb0a-787e-48ec-a2f5-d0c540a89489:c4432]
2019-08-21 15:30:00,979 | INFO  | DNAudit | user=null | ip=null | op=WRITE_CHUNK {blockData=conID: 2 locID: 102655682212266623 bcsId: 0} | ret=SUCCESS |  
2019-08-21 15:30:00,979 | INFO  | DNAudit | user=null | ip=null | op=PUT_BLOCK {blockData=[blockId=conID: 2 locID: 102655682212266623 bcsId: 0,size=1048576]} | ret=SUCCESS |  
2019-08-21 15:30:00,980 | INFO  | DNAudit | user=null | ip=null | op=WRITE_CHUNK {blockData=conID: 2 locID: 102655682212266623 bcsId: 0} | ret=SUCCESS |  
2019-08-21 15:30:00,980 | INFO  | DNAudit | user=null | ip=null | op=PUT_BLOCK {blockData=[blockId=conID: 2 locID: 102655682212266623 bcsId: 0,size=1048576]} | ret=SUCCESS |  
2019-08-21 15:30:00,980 [grpc-default-executor-4] INFO  client.GrpcClientProtocolClient (GrpcClientProtocolClient.java:onNext(255)) - client-029E50227556->355864cd-7ac5-4934-b366-9756b15dd90f: receive RaftClientReply:client-029E50227556->355864cd-7ac5-4934-b366-9756b15dd90f@group-785BCF25C267, cid=2958, SUCCESS, logIndex=0, commits[355864cd-7ac5-4934-b366-9756b15dd90f:c4438, ce4aa411-63c8-4399-99eb-27ce352844f3:c4434, 3eeffb0a-787e-48ec-a2f5-d0c540a89489:c4434]
2019-08-21 15:30:00,980 | INFO  | DNAudit | user=null | ip=null | op=WRITE_CHUNK {blockData=conID: 2 locID: 102655682212266623 bcsId: 0} | ret=SUCCESS |  
2019-08-21 15:30:00,981 | INFO  | DNAudit | user=null | ip=null | op=WRITE_CHUNK {blockData=conID: 2 locID: 102655682212266623 bcsId: 0} | ret=SUCCESS |  
2019-08-21 15:30:00,981 | INFO  | DNAudit | user=null | ip=null | op=PUT_BLOCK {blockData=[blockId=conID: 2 locID: 102655682212266623 bcsId: 0,size=2097152]} | ret=SUCCESS |  
2019-08-21 15:30:00,981 | INFO  | DNAudit | user=null | ip=null | op=PUT_BLOCK {blockData=[blockId=conID: 2 locID: 102655682212266623 bcsId: 0,size=2097152]} | ret=SUCCESS |  
2019-08-21 15:30:00,986 | INFO  | DNAudit | user=null | ip=null | op=WRITE_CHUNK {blockData=conID: 2 locID: 102655682212266623 bcsId: 4436} | ret=SUCCESS |  
2019-08-21 15:30:00,988 | INFO  | DNAudit | user=null | ip=null | op=WRITE_CHUNK {blockData=conID: 2 locID: 102655682212266623 bcsId: 4436} | ret=SUCCESS |  
2019-08-21 15:30:00,988 | INFO  | DNAudit | user=null | ip=null | op=WRITE_CHUNK {blockData=conID: 2 locID: 102655682212266623 bcsId: 4436} | ret=SUCCESS |  
2019-08-21 15:30:00,998 | INFO  | DNAudit | user=null | ip=null | op=WRITE_CHUNK {blockData=conID: 2 locID: 102655682212266623 bcsId: 4436} | ret=SUCCESS |  
2019-08-21 15:30:00,999 | INFO  | DNAudit | user=null | ip=null | op=PUT_BLOCK {blockData=[blockId=conID: 2 locID: 102655682212266623 bcsId: 0,size=3145728]} | ret=SUCCESS |  
2019-08-21 15:30:00,999 [grpc-default-executor-0] INFO  client.GrpcClientProtocolClient (GrpcClientProtocolClient.java:onNext(255)) - client-029E50227556->355864cd-7ac5-4934-b366-9756b15dd90f: receive RaftClientReply:client-029E50227556->355864cd-7ac5-4934-b366-9756b15dd90f@group-785BCF25C267, cid=2959, SUCCESS, logIndex=4441, commits[355864cd-7ac5-4934-b366-9756b15dd90f:c4442, ce4aa411-63c8-4399-99eb-27ce352844f3:c4440, 3eeffb0a-787e-48ec-a2f5-d0c540a89489:c4440]
2019-08-21 15:30:00,999 [grpc-default-executor-0] INFO  client.GrpcClientProtocolClient (GrpcClientProtocolClient.java:onNext(255)) - client-029E50227556->355864cd-7ac5-4934-b366-9756b15dd90f: receive RaftClientReply:client-029E50227556->355864cd-7ac5-4934-b366-9756b15dd90f@group-785BCF25C267, cid=2960, SUCCESS, logIndex=4442, commits[355864cd-7ac5-4934-b366-9756b15dd90f:c4442, ce4aa411-63c8-4399-99eb-27ce352844f3:c4440, 3eeffb0a-787e-48ec-a2f5-d0c540a89489:c4440]
2019-08-21 15:30:01,005 | INFO  | DNAudit | user=null | ip=null | op=WRITE_CHUNK {blockData=conID: 2 locID: 102655682212266623 bcsId: 4442} | ret=SUCCESS |  
2019-08-21 15:30:01,007 | INFO  | DNAudit | user=null | ip=null | op=WRITE_CHUNK {blockData=conID: 2 locID: 102655682212266623 bcsId: 4442} | ret=SUCCESS |  
2019-08-21 15:30:01,007 | INFO  | DNAudit | user=null | ip=null | op=WRITE_CHUNK {blockData=conID: 2 locID: 102655682212266623 bcsId: 4442} | ret=SUCCESS |  
2019-08-21 15:30:01,010 | INFO  | DNAudit | user=null | ip=null | op=WRITE_CHUNK {blockData=conID: 2 locID: 102655682212266623 bcsId: 4436} | ret=SUCCESS |  
2019-08-21 15:30:01,010 | INFO  | DNAudit | user=null | ip=null | op=WRITE_CHUNK {blockData=conID: 2 locID: 102655682212266623 bcsId: 4436} | ret=SUCCESS |  
2019-08-21 15:30:01,011 | INFO  | DNAudit | user=null | ip=null | op=PUT_BLOCK {blockData=[blockId=conID: 2 locID: 102655682212266623 bcsId: 0,size=3145728]} | ret=SUCCESS |  
2019-08-21 15:30:01,011 | INFO  | DNAudit | user=null | ip=null | op=PUT_BLOCK {blockData=[blockId=conID: 2 locID: 102655682212266623 bcsId: 0,size=3145728]} | ret=SUCCESS |  
2019-08-21 15:30:01,014 | INFO  | DNAudit | user=null | ip=null | op=WRITE_CHUNK {blockData=conID: 2 locID: 102655682212266623 bcsId: 4442} | ret=SUCCESS |  
2019-08-21 15:30:01,014 | INFO  | DNAudit | user=null | ip=null | op=PUT_BLOCK {blockData=[blockId=conID: 2 locID: 102655682212266623 bcsId: 0,size=4194304]} | ret=SUCCESS |  
2019-08-21 15:30:01,014 [grpc-default-executor-3] INFO  client.GrpcClientProtocolClient (GrpcClientProtocolClient.java:onNext(255)) - client-029E50227556->355864cd-7ac5-4934-b366-9756b15dd90f: receive RaftClientReply:client-029E50227556->355864cd-7ac5-4934-b366-9756b15dd90f@group-785BCF25C267, cid=2961, SUCCESS, logIndex=4445, commits[355864cd-7ac5-4934-b366-9756b15dd90f:c4446, ce4aa411-63c8-4399-99eb-27ce352844f3:c4442, 3eeffb0a-787e-48ec-a2f5-d0c540a89489:c4442]
2019-08-21 15:30:01,015 [grpc-default-executor-3] INFO  client.GrpcClientProtocolClient (GrpcClientProtocolClient.java:onNext(255)) - client-029E50227556->355864cd-7ac5-4934-b366-9756b15dd90f: receive RaftClientReply:client-029E50227556->355864cd-7ac5-4934-b366-9756b15dd90f@group-785BCF25C267, cid=2962, SUCCESS, logIndex=4446, commits[355864cd-7ac5-4934-b366-9756b15dd90f:c4446, ce4aa411-63c8-4399-99eb-27ce352844f3:c4442, 3eeffb0a-787e-48ec-a2f5-d0c540a89489:c4442]
2019-08-21 15:30:01,026 | INFO  | DNAudit | user=null | ip=null | op=WRITE_CHUNK {blockData=conID: 2 locID: 102655682212266623 bcsId: 4442} | ret=SUCCESS |  
2019-08-21 15:30:01,026 | INFO  | DNAudit | user=null | ip=null | op=WRITE_CHUNK {blockData=conID: 2 locID: 102655682212266623 bcsId: 4442} | ret=SUCCESS |  
2019-08-21 15:30:01,029 | INFO  | DNAudit | user=null | ip=null | op=PUT_BLOCK {blockData=[blockId=conID: 2 locID: 102655682212266623 bcsId: 0,size=4194304]} | ret=SUCCESS |  
2019-08-21 15:30:01,029 | INFO  | DNAudit | user=null | ip=null | op=PUT_BLOCK {blockData=[blockId=conID: 2 locID: 102655682212266623 bcsId: 0,size=4194304]} | ret=SUCCESS |  
2019-08-21 15:30:01,029 [grpc-default-executor-3] INFO  client.GrpcClientProtocolClient (GrpcClientProtocolClient.java:onNext(255)) - client-029E50227556->355864cd-7ac5-4934-b366-9756b15dd90f: receive RaftClientReply:client-029E50227556->355864cd-7ac5-4934-b366-9756b15dd90f@group-785BCF25C267, cid=2963, SUCCESS, logIndex=0, commits[355864cd-7ac5-4934-b366-9756b15dd90f:c4448, ce4aa411-63c8-4399-99eb-27ce352844f3:c4446, 3eeffb0a-787e-48ec-a2f5-d0c540a89489:c4446]
2019-08-21 15:30:01,034 | INFO  | SCMAudit | user=jenkins1000 | ip=192.168.5.153 | op=ALLOCATE_BLOCK {owner=78849ec2-2b05-45d8-8cb5-e95e2230dbd1, size=4194304, type=RATIS, factor=THREE} | ret=SUCCESS |  
2019-08-21 15:30:01,037 | INFO  | OMAudit | user=jenkins1000 | ip=127.0.0.1 | op=ALLOCATE_BLOCK {volume=vol-0-32358, bucket=bucket-0-01949, key=key-0-56547, dataSize=0, replicationType=null, replicationFactor=null, keyLocationInfo=null, clientID=102655680532119954} | ret=SUCCESS |  
2019-08-21 15:30:01,042 | INFO  | DNAudit | user=null | ip=null | op=WRITE_CHUNK {blockData=conID: 3 locID: 102655682218099328 bcsId: 0} | ret=SUCCESS |  
2019-08-21 15:30:01,044 | INFO  | DNAudit | user=null | ip=null | op=WRITE_CHUNK {blockData=conID: 3 locID: 102655682218099328 bcsId: 0} | ret=SUCCESS |  
2019-08-21 15:30:01,045 | INFO  | DNAudit | user=null | ip=null | op=WRITE_CHUNK {blockData=conID: 3 locID: 102655682218099328 bcsId: 0} | ret=SUCCESS |  
2019-08-21 15:30:01,045 | INFO  | DNAudit | user=null | ip=null | op=WRITE_CHUNK {blockData=conID: 3 locID: 102655682218099328 bcsId: 0} | ret=SUCCESS |  
2019-08-21 15:30:01,047 | INFO  | DNAudit | user=null | ip=null | op=WRITE_CHUNK {blockData=conID: 3 locID: 102655682218099328 bcsId: 0} | ret=SUCCESS |  
2019-08-21 15:30:01,047 | INFO  | DNAudit | user=null | ip=null | op=WRITE_CHUNK {blockData=conID: 3 locID: 102655682218099328 bcsId: 0} | ret=SUCCESS |  
2019-08-21 15:30:01,055 | INFO  | DNAudit | user=null | ip=null | op=WRITE_CHUNK {blockData=conID: 3 locID: 102655682218099328 bcsId: 0} | ret=SUCCESS |  
2019-08-21 15:30:01,055 | INFO  | DNAudit | user=null | ip=null | op=PUT_BLOCK {blockData=[blockId=conID: 3 locID: 102655682218099328 bcsId: 0,size=1048576]} | ret=SUCCESS |  
2019-08-21 15:30:01,055 [grpc-default-executor-3] INFO  client.GrpcClientProtocolClient (GrpcClientProtocolClient.java:onNext(255)) - client-029E50227556->355864cd-7ac5-4934-b366-9756b15dd90f: receive RaftClientReply:client-029E50227556->355864cd-7ac5-4934-b366-9756b15dd90f@group-785BCF25C267, cid=2964, SUCCESS, logIndex=4449, commits[355864cd-7ac5-4934-b366-9756b15dd90f:c4450, ce4aa411-63c8-4399-99eb-27ce352844f3:c4448, 3eeffb0a-787e-48ec-a2f5-d0c540a89489:c4448]
2019-08-21 15:30:01,056 [grpc-default-executor-3] INFO  client.GrpcClientProtocolClient (GrpcClientProtocolClient.java:onNext(255)) - client-029E50227556->355864cd-7ac5-4934-b366-9756b15dd90f: receive RaftClientReply:client-029E50227556->355864cd-7ac5-4934-b366-9756b15dd90f@group-785BCF25C267, cid=2965, SUCCESS, logIndex=4450, commits[355864cd-7ac5-4934-b366-9756b15dd90f:c4450, ce4aa411-63c8-4399-99eb-27ce352844f3:c4448, 3eeffb0a-787e-48ec-a2f5-d0c540a89489:c4448]
2019-08-21 15:30:01,057 | INFO  | DNAudit | user=null | ip=null | op=WRITE_CHUNK {blockData=conID: 3 locID: 102655682218099328 bcsId: 0} | ret=SUCCESS |  
2019-08-21 15:30:01,058 | INFO  | DNAudit | user=null | ip=null | op=PUT_BLOCK {blockData=[blockId=conID: 3 locID: 102655682218099328 bcsId: 0,size=2097152]} | ret=SUCCESS |  
2019-08-21 15:30:01,058 [grpc-default-executor-3] INFO  client.GrpcClientProtocolClient (GrpcClientProtocolClient.java:onNext(255)) - client-029E50227556->355864cd-7ac5-4934-b366-9756b15dd90f: receive RaftClientReply:client-029E50227556->355864cd-7ac5-4934-b366-9756b15dd90f@group-785BCF25C267, cid=2966, SUCCESS, logIndex=4451, commits[355864cd-7ac5-4934-b366-9756b15dd90f:c4452, ce4aa411-63c8-4399-99eb-27ce352844f3:c4448, 3eeffb0a-787e-48ec-a2f5-d0c540a89489:c4448]
2019-08-21 15:30:01,058 [grpc-default-executor-3] INFO  client.GrpcClientProtocolClient (GrpcClientProtocolClient.java:onNext(255)) - client-029E50227556->355864cd-7ac5-4934-b366-9756b15dd90f: receive RaftClientReply:client-029E50227556->355864cd-7ac5-4934-b366-9756b15dd90f@group-785BCF25C267, cid=2967, SUCCESS, logIndex=4452, commits[355864cd-7ac5-4934-b366-9756b15dd90f:c4452, ce4aa411-63c8-4399-99eb-27ce352844f3:c4448, 3eeffb0a-787e-48ec-a2f5-d0c540a89489:c4448]
2019-08-21 15:30:01,068 | INFO  | DNAudit | user=null | ip=null | op=WRITE_CHUNK {blockData=conID: 3 locID: 102655682218099328 bcsId: 0} | ret=SUCCESS |  
2019-08-21 15:30:01,069 | INFO  | DNAudit | user=null | ip=null | op=WRITE_CHUNK {blockData=conID: 3 locID: 102655682218099328 bcsId: 0} | ret=SUCCESS |  
2019-08-21 15:30:01,069 | INFO  | DNAudit | user=null | ip=null | op=PUT_BLOCK {blockData=[blockId=conID: 3 locID: 102655682218099328 bcsId: 0,size=1048576]} | ret=SUCCESS |  
2019-08-21 15:30:01,069 | INFO  | DNAudit | user=null | ip=null | op=PUT_BLOCK {blockData=[blockId=conID: 3 locID: 102655682218099328 bcsId: 0,size=1048576]} | ret=SUCCESS |  
2019-08-21 15:30:01,069 [grpc-default-executor-3] INFO  client.GrpcClientProtocolClient (GrpcClientProtocolClient.java:onNext(255)) - client-029E50227556->355864cd-7ac5-4934-b366-9756b15dd90f: receive RaftClientReply:client-029E50227556->355864cd-7ac5-4934-b366-9756b15dd90f@group-785BCF25C267, cid=2968, SUCCESS, logIndex=0, commits[355864cd-7ac5-4934-b366-9756b15dd90f:c4453, ce4aa411-63c8-4399-99eb-27ce352844f3:c4450, 3eeffb0a-787e-48ec-a2f5-d0c540a89489:c4450]
2019-08-21 15:30:01,072 | INFO  | DNAudit | user=null | ip=null | op=WRITE_CHUNK {blockData=conID: 3 locID: 102655682218099328 bcsId: 0} | ret=SUCCESS |  
2019-08-21 15:30:01,072 | INFO  | DNAudit | user=null | ip=null | op=WRITE_CHUNK {blockData=conID: 3 locID: 102655682218099328 bcsId: 0} | ret=SUCCESS |  
2019-08-21 15:30:01,072 | INFO  | DNAudit | user=null | ip=null | op=PUT_BLOCK {blockData=[blockId=conID: 3 locID: 102655682218099328 bcsId: 0,size=2097152]} | ret=SUCCESS |  
2019-08-21 15:30:01,072 | INFO  | DNAudit | user=null | ip=null | op=PUT_BLOCK {blockData=[blockId=conID: 3 locID: 102655682218099328 bcsId: 0,size=2097152]} | ret=SUCCESS |  
2019-08-21 15:30:01,074 | INFO  | DNAudit | user=null | ip=null | op=WRITE_CHUNK {blockData=conID: 3 locID: 102655682218099328 bcsId: 4452} | ret=SUCCESS |  
2019-08-21 15:30:01,076 | INFO  | DNAudit | user=null | ip=null | op=WRITE_CHUNK {blockData=conID: 3 locID: 102655682218099328 bcsId: 4452} | ret=SUCCESS |  
2019-08-21 15:30:01,077 | INFO  | DNAudit | user=null | ip=null | op=WRITE_CHUNK {blockData=conID: 3 locID: 102655682218099328 bcsId: 4452} | ret=SUCCESS |  
2019-08-21 15:30:01,086 | INFO  | DNAudit | user=null | ip=null | op=WRITE_CHUNK {blockData=conID: 3 locID: 102655682218099328 bcsId: 4452} | ret=SUCCESS |  
2019-08-21 15:30:01,087 | INFO  | DNAudit | user=null | ip=null | op=PUT_BLOCK {blockData=[blockId=conID: 3 locID: 102655682218099328 bcsId: 0,size=3145728]} | ret=SUCCESS |  
2019-08-21 15:30:01,087 [grpc-default-executor-5] INFO  client.GrpcClientProtocolClient (GrpcClientProtocolClient.java:onNext(255)) - client-029E50227556->355864cd-7ac5-4934-b366-9756b15dd90f: receive RaftClientReply:client-029E50227556->355864cd-7ac5-4934-b366-9756b15dd90f@group-785BCF25C267, cid=2969, SUCCESS, logIndex=4457, commits[355864cd-7ac5-4934-b366-9756b15dd90f:c4458, ce4aa411-63c8-4399-99eb-27ce352844f3:c4456, 3eeffb0a-787e-48ec-a2f5-d0c540a89489:c4456]
2019-08-21 15:30:01,087 [grpc-default-executor-5] INFO  client.GrpcClientProtocolClient (GrpcClientProtocolClient.java:onNext(255)) - client-029E50227556->355864cd-7ac5-4934-b366-9756b15dd90f: receive RaftClientReply:client-029E50227556->355864cd-7ac5-4934-b366-9756b15dd90f@group-785BCF25C267, cid=2970, SUCCESS, logIndex=4458, commits[355864cd-7ac5-4934-b366-9756b15dd90f:c4458, ce4aa411-63c8-4399-99eb-27ce352844f3:c4456, 3eeffb0a-787e-48ec-a2f5-d0c540a89489:c4456]
2019-08-21 15:30:01,092 | INFO  | DNAudit | user=null | ip=null | op=WRITE_CHUNK {blockData=conID: 3 locID: 102655682218099328 bcsId: 4458} | ret=SUCCESS |  
2019-08-21 15:30:01,094 | INFO  | DNAudit | user=null | ip=null | op=WRITE_CHUNK {blockData=conID: 3 locID: 102655682218099328 bcsId: 4458} | ret=SUCCESS |  
2019-08-21 15:30:01,095 | INFO  | DNAudit | user=null | ip=null | op=WRITE_CHUNK {blockData=conID: 3 locID: 102655682218099328 bcsId: 4458} | ret=SUCCESS |  
2019-08-21 15:30:01,098 | INFO  | DNAudit | user=null | ip=null | op=WRITE_CHUNK {blockData=conID: 3 locID: 102655682218099328 bcsId: 4452} | ret=SUCCESS |  
2019-08-21 15:30:01,098 | INFO  | DNAudit | user=null | ip=null | op=WRITE_CHUNK {blockData=conID: 3 locID: 102655682218099328 bcsId: 4452} | ret=SUCCESS |  
2019-08-21 15:30:01,100 | INFO  | DNAudit | user=null | ip=null | op=PUT_BLOCK {blockData=[blockId=conID: 3 locID: 102655682218099328 bcsId: 0,size=3145728]} | ret=SUCCESS |  
2019-08-21 15:30:01,101 | INFO  | DNAudit | user=null | ip=null | op=PUT_BLOCK {blockData=[blockId=conID: 3 locID: 102655682218099328 bcsId: 0,size=3145728]} | ret=SUCCESS |  
2019-08-21 15:30:01,101 | INFO  | DNAudit | user=null | ip=null | op=WRITE_CHUNK {blockData=conID: 3 locID: 102655682218099328 bcsId: 4458} | ret=SUCCESS |  
2019-08-21 15:30:01,101 | INFO  | DNAudit | user=null | ip=null | op=PUT_BLOCK {blockData=[blockId=conID: 3 locID: 102655682218099328 bcsId: 0,size=4194304]} | ret=SUCCESS |  
2019-08-21 15:30:01,101 [grpc-default-executor-0] INFO  client.GrpcClientProtocolClient (GrpcClientProtocolClient.java:onNext(255)) - client-029E50227556->355864cd-7ac5-4934-b366-9756b15dd90f: receive RaftClientReply:client-029E50227556->355864cd-7ac5-4934-b366-9756b15dd90f@group-785BCF25C267, cid=2971, SUCCESS, logIndex=4461, commits[355864cd-7ac5-4934-b366-9756b15dd90f:c4462, ce4aa411-63c8-4399-99eb-27ce352844f3:c4458, 3eeffb0a-787e-48ec-a2f5-d0c540a89489:c4458]
2019-08-21 15:30:01,102 [grpc-default-executor-0] INFO  client.GrpcClientProtocolClient (GrpcClientProtocolClient.java:onNext(255)) - client-029E50227556->355864cd-7ac5-4934-b366-9756b15dd90f: receive RaftClientReply:client-029E50227556->355864cd-7ac5-4934-b366-9756b15dd90f@group-785BCF25C267, cid=2972, SUCCESS, logIndex=4462, commits[355864cd-7ac5-4934-b366-9756b15dd90f:c4462, ce4aa411-63c8-4399-99eb-27ce352844f3:c4458, 3eeffb0a-787e-48ec-a2f5-d0c540a89489:c4458]
2019-08-21 15:30:01,114 | INFO  | DNAudit | user=null | ip=null | op=WRITE_CHUNK {blockData=conID: 3 locID: 102655682218099328 bcsId: 4458} | ret=SUCCESS |  
2019-08-21 15:30:01,114 | INFO  | DNAudit | user=null | ip=null | op=WRITE_CHUNK {blockData=conID: 3 locID: 102655682218099328 bcsId: 4458} | ret=SUCCESS |  
2019-08-21 15:30:01,114 | INFO  | DNAudit | user=null | ip=null | op=PUT_BLOCK {blockData=[blockId=conID: 3 locID: 102655682218099328 bcsId: 0,size=4194304]} | ret=SUCCESS |  
2019-08-21 15:30:01,114 | INFO  | DNAudit | user=null | ip=null | op=PUT_BLOCK {blockData=[blockId=conID: 3 locID: 102655682218099328 bcsId: 0,size=4194304]} | ret=SUCCESS |  
2019-08-21 15:30:01,114 [grpc-default-executor-0] INFO  client.GrpcClientProtocolClient (GrpcClientProtocolClient.java:onNext(255)) - client-029E50227556->355864cd-7ac5-4934-b366-9756b15dd90f: receive RaftClientReply:client-029E50227556->355864cd-7ac5-4934-b366-9756b15dd90f@group-785BCF25C267, cid=2973, SUCCESS, logIndex=0, commits[355864cd-7ac5-4934-b366-9756b15dd90f:c4463, ce4aa411-63c8-4399-99eb-27ce352844f3:c4462, 3eeffb0a-787e-48ec-a2f5-d0c540a89489:c4462]
2019-08-21 15:30:01,118 | INFO  | SCMAudit | user=jenkins1000 | ip=192.168.5.153 | op=SEND_HEARTBEAT {datanodeUUID=3eeffb0a-787e-48ec-a2f5-d0c540a89489, command=[]} | ret=SUCCESS |  
2019-08-21 15:30:01,118 | INFO  | SCMAudit | user=jenkins1000 | ip=192.168.5.153 | op=SEND_HEARTBEAT {datanodeUUID=ce4aa411-63c8-4399-99eb-27ce352844f3, command=[]} | ret=SUCCESS |  
2019-08-21 15:30:01,118 | INFO  | SCMAudit | user=jenkins1000 | ip=192.168.5.153 | op=SEND_HEARTBEAT {datanodeUUID=355864cd-7ac5-4934-b366-9756b15dd90f, command=[]} | ret=SUCCESS |  
 0.00% |█                                                                                                    |  0/1 Time: 0:00:252019-08-21 15:30:01,119 | INFO  | SCMAudit | user=jenkins1000 | ip=192.168.5.153 | op=SEND_HEARTBEAT {datanodeUUID=a38cd7e0-d792-481c-a4c0-f4feaa89ec8f, command=[]} | ret=SUCCESS |  
2019-08-21 15:30:01,119 | INFO  | SCMAudit | user=jenkins1000 | ip=192.168.5.153 | op=SEND_HEARTBEAT {datanodeUUID=a0074e04-2715-4b16-a2b0-10b5043d27ae, command=[]} | ret=SUCCESS |  
2019-08-21 15:30:01,120 | INFO  | SCMAudit | user=jenkins1000 | ip=192.168.5.153 | op=ALLOCATE_BLOCK {owner=78849ec2-2b05-45d8-8cb5-e95e2230dbd1, size=4194304, type=RATIS, factor=THREE} | ret=SUCCESS |  
2019-08-21 15:30:01,124 | INFO  | OMAudit | user=jenkins1000 | ip=127.0.0.1 | op=ALLOCATE_BLOCK {volume=vol-0-32358, bucket=bucket-0-01949, key=key-0-56547, dataSize=0, replicationType=null, replicationFactor=null, keyLocationInfo=null, clientID=102655680532119954} | ret=SUCCESS |  
2019-08-21 15:30:01,129 | INFO  | DNAudit | user=null | ip=null | op=WRITE_CHUNK {blockData=conID: 1 locID: 102655682223800961 bcsId: 0} | ret=SUCCESS |  
2019-08-21 15:30:01,131 | INFO  | DNAudit | user=null | ip=null | op=WRITE_CHUNK {blockData=conID: 1 locID: 102655682223800961 bcsId: 0} | ret=SUCCESS |  
2019-08-21 15:30:01,131 | INFO  | DNAudit | user=null | ip=null | op=WRITE_CHUNK {blockData=conID: 1 locID: 102655682223800961 bcsId: 0} | ret=SUCCESS |  
2019-08-21 15:30:01,132 | INFO  | DNAudit | user=null | ip=null | op=WRITE_CHUNK {blockData=conID: 1 locID: 102655682223800961 bcsId: 0} | ret=SUCCESS |  
2019-08-21 15:30:01,133 | INFO  | DNAudit | user=null | ip=null | op=WRITE_CHUNK {blockData=conID: 1 locID: 102655682223800961 bcsId: 0} | ret=SUCCESS |  
2019-08-21 15:30:01,133 | INFO  | DNAudit | user=null | ip=null | op=WRITE_CHUNK {blockData=conID: 1 locID: 102655682223800961 bcsId: 0} | ret=SUCCESS |  
2019-08-21 15:30:01,143 | INFO  | DNAudit | user=null | ip=null | op=WRITE_CHUNK {blockData=conID: 1 locID: 102655682223800961 bcsId: 0} | ret=SUCCESS |  
2019-08-21 15:30:01,144 | INFO  | DNAudit | user=null | ip=null | op=PUT_BLOCK {blockData=[blockId=conID: 1 locID: 102655682223800961 bcsId: 0,size=1048576]} | ret=SUCCESS |  
2019-08-21 15:30:01,144 [grpc-default-executor-5] INFO  client.GrpcClientProtocolClient (GrpcClientProtocolClient.java:onNext(255)) - client-029E50227556->355864cd-7ac5-4934-b366-9756b15dd90f: receive RaftClientReply:client-029E50227556->355864cd-7ac5-4934-b366-9756b15dd90f@group-785BCF25C267, cid=2974, SUCCESS, logIndex=4465, commits[355864cd-7ac5-4934-b366-9756b15dd90f:c4466, ce4aa411-63c8-4399-99eb-27ce352844f3:c4462, 3eeffb0a-787e-48ec-a2f5-d0c540a89489:c4464]
2019-08-21 15:30:01,144 [grpc-default-executor-5] INFO  client.GrpcClientProtocolClient (GrpcClientProtocolClient.java:onNext(255)) - client-029E50227556->355864cd-7ac5-4934-b366-9756b15dd90f: receive RaftClientReply:client-029E50227556->355864cd-7ac5-4934-b366-9756b15dd90f@group-785BCF25C267, cid=2975, SUCCESS, logIndex=4466, commits[355864cd-7ac5-4934-b366-9756b15dd90f:c4466, ce4aa411-63c8-4399-99eb-27ce352844f3:c4462, 3eeffb0a-787e-48ec-a2f5-d0c540a89489:c4464]
2019-08-21 15:30:01,154 | INFO  | DNAudit | user=null | ip=null | op=WRITE_CHUNK {blockData=conID: 1 locID: 102655682223800961 bcsId: 0} | ret=SUCCESS |  
2019-08-21 15:30:01,154 | INFO  | DNAudit | user=null | ip=null | op=PUT_BLOCK {blockData=[blockId=conID: 1 locID: 102655682223800961 bcsId: 0,size=2097152]} | ret=SUCCESS |  
2019-08-21 15:30:01,154 [grpc-default-executor-5] INFO  client.GrpcClientProtocolClient (GrpcClientProtocolClient.java:onNext(255)) - client-029E50227556->355864cd-7ac5-4934-b366-9756b15dd90f: receive RaftClientReply:client-029E50227556->355864cd-7ac5-4934-b366-9756b15dd90f@group-785BCF25C267, cid=2976, SUCCESS, logIndex=4467, commits[355864cd-7ac5-4934-b366-9756b15dd90f:c4468, ce4aa411-63c8-4399-99eb-27ce352844f3:c4464, 3eeffb0a-787e-48ec-a2f5-d0c540a89489:c4464]
2019-08-21 15:30:01,155 [grpc-default-executor-5] INFO  client.GrpcClientProtocolClient (GrpcClientProtocolClient.java:onNext(255)) - client-029E50227556->355864cd-7ac5-4934-b366-9756b15dd90f: receive RaftClientReply:client-029E50227556->355864cd-7ac5-4934-b366-9756b15dd90f@group-785BCF25C267, cid=2977, SUCCESS, logIndex=4468, commits[355864cd-7ac5-4934-b366-9756b15dd90f:c4468, ce4aa411-63c8-4399-99eb-27ce352844f3:c4464, 3eeffb0a-787e-48ec-a2f5-d0c540a89489:c4464]
2019-08-21 15:30:01,165 | INFO  | DNAudit | user=null | ip=null | op=WRITE_CHUNK {blockData=conID: 1 locID: 102655682223800961 bcsId: 0} | ret=SUCCESS |  
2019-08-21 15:30:01,165 | INFO  | DNAudit | user=null | ip=null | op=PUT_BLOCK {blockData=[blockId=conID: 1 locID: 102655682223800961 bcsId: 0,size=1048576]} | ret=SUCCESS |  
2019-08-21 15:30:01,168 | INFO  | DNAudit | user=null | ip=null | op=WRITE_CHUNK {blockData=conID: 1 locID: 102655682223800961 bcsId: 0} | ret=SUCCESS |  
2019-08-21 15:30:01,168 | INFO  | DNAudit | user=null | ip=null | op=WRITE_CHUNK {blockData=conID: 1 locID: 102655682223800961 bcsId: 0} | ret=SUCCESS |  
2019-08-21 15:30:01,168 | INFO  | DNAudit | user=null | ip=null | op=PUT_BLOCK {blockData=[blockId=conID: 1 locID: 102655682223800961 bcsId: 0,size=2097152]} | ret=SUCCESS |  
2019-08-21 15:30:01,169 | INFO  | DNAudit | user=null | ip=null | op=PUT_BLOCK {blockData=[blockId=conID: 1 locID: 102655682223800961 bcsId: 0,size=1048576]} | ret=SUCCESS |  
2019-08-21 15:30:01,169 [grpc-default-executor-5] INFO  client.GrpcClientProtocolClient (GrpcClientProtocolClient.java:onNext(255)) - client-029E50227556->355864cd-7ac5-4934-b366-9756b15dd90f: receive RaftClientReply:client-029E50227556->355864cd-7ac5-4934-b366-9756b15dd90f@group-785BCF25C267, cid=2978, SUCCESS, logIndex=0, commits[355864cd-7ac5-4934-b366-9756b15dd90f:c4472, ce4aa411-63c8-4399-99eb-27ce352844f3:c4468, 3eeffb0a-787e-48ec-a2f5-d0c540a89489:c4466]
2019-08-21 15:30:01,176 | INFO  | DNAudit | user=null | ip=null | op=WRITE_CHUNK {blockData=conID: 1 locID: 102655682223800961 bcsId: 4468} | ret=SUCCESS |  
2019-08-21 15:30:01,177 | INFO  | DNAudit | user=null | ip=null | op=WRITE_CHUNK {blockData=conID: 1 locID: 102655682223800961 bcsId: 4468} | ret=SUCCESS |  
2019-08-21 15:30:01,177 | INFO  | DNAudit | user=null | ip=null | op=WRITE_CHUNK {blockData=conID: 1 locID: 102655682223800961 bcsId: 4468} | ret=SUCCESS |  
2019-08-21 15:30:01,180 | INFO  | DNAudit | user=null | ip=null | op=WRITE_CHUNK {blockData=conID: 1 locID: 102655682223800961 bcsId: 0} | ret=SUCCESS |  
2019-08-21 15:30:01,180 | INFO  | DNAudit | user=null | ip=null | op=PUT_BLOCK {blockData=[blockId=conID: 1 locID: 102655682223800961 bcsId: 0,size=2097152]} | ret=SUCCESS |  
2019-08-21 15:30:01,181 | INFO  | DNAudit | user=null | ip=null | op=WRITE_CHUNK {blockData=conID: 1 locID: 102655682223800961 bcsId: 4468} | ret=SUCCESS |  
2019-08-21 15:30:01,181 | INFO  | DNAudit | user=null | ip=null | op=PUT_BLOCK {blockData=[blockId=conID: 1 locID: 102655682223800961 bcsId: 0,size=3145728]} | ret=SUCCESS |  
2019-08-21 15:30:01,181 [grpc-default-executor-3] INFO  client.GrpcClientProtocolClient (GrpcClientProtocolClient.java:onNext(255)) - client-029E50227556->355864cd-7ac5-4934-b366-9756b15dd90f: receive RaftClientReply:client-029E50227556->355864cd-7ac5-4934-b366-9756b15dd90f@group-785BCF25C267, cid=2979, SUCCESS, logIndex=4473, commits[355864cd-7ac5-4934-b366-9756b15dd90f:c4474, ce4aa411-63c8-4399-99eb-27ce352844f3:c4472, 3eeffb0a-787e-48ec-a2f5-d0c540a89489:c4468]
2019-08-21 15:30:01,181 [grpc-default-executor-3] INFO  client.GrpcClientProtocolClient (GrpcClientProtocolClient.java:onNext(255)) - client-029E50227556->355864cd-7ac5-4934-b366-9756b15dd90f: receive RaftClientReply:client-029E50227556->355864cd-7ac5-4934-b366-9756b15dd90f@group-785BCF25C267, cid=2980, SUCCESS, logIndex=4474, commits[355864cd-7ac5-4934-b366-9756b15dd90f:c4474, ce4aa411-63c8-4399-99eb-27ce352844f3:c4472, 3eeffb0a-787e-48ec-a2f5-d0c540a89489:c4472]
2019-08-21 15:30:01,183 | INFO  | DNAudit | user=null | ip=null | op=WRITE_CHUNK {blockData=conID: 1 locID: 102655682223800961 bcsId: 4468} | ret=SUCCESS |  
2019-08-21 15:30:01,184 | INFO  | DNAudit | user=null | ip=null | op=PUT_BLOCK {blockData=[blockId=conID: 1 locID: 102655682223800961 bcsId: 0,size=3145728]} | ret=SUCCESS |  
2019-08-21 15:30:01,184 | INFO  | DNAudit | user=null | ip=null | op=WRITE_CHUNK {blockData=conID: 1 locID: 102655682223800961 bcsId: 4468} | ret=SUCCESS |  
2019-08-21 15:30:01,184 | INFO  | DNAudit | user=null | ip=null | op=PUT_BLOCK {blockData=[blockId=conID: 1 locID: 102655682223800961 bcsId: 0,size=3145728]} | ret=SUCCESS |  
2019-08-21 15:30:01,186 | INFO  | DNAudit | user=null | ip=null | op=WRITE_CHUNK {blockData=conID: 1 locID: 102655682223800961 bcsId: 4474} | ret=SUCCESS |  
2019-08-21 15:30:01,189 | INFO  | DNAudit | user=null | ip=null | op=WRITE_CHUNK {blockData=conID: 1 locID: 102655682223800961 bcsId: 4474} | ret=SUCCESS |  
2019-08-21 15:30:01,189 | INFO  | DNAudit | user=null | ip=null | op=WRITE_CHUNK {blockData=conID: 1 locID: 102655682223800961 bcsId: 4474} | ret=SUCCESS |  
2019-08-21 15:30:01,206 | INFO  | DNAudit | user=null | ip=null | op=WRITE_CHUNK {blockData=conID: 1 locID: 102655682223800961 bcsId: 4474} | ret=SUCCESS |  
2019-08-21 15:30:01,207 | INFO  | DNAudit | user=null | ip=null | op=PUT_BLOCK {blockData=[blockId=conID: 1 locID: 102655682223800961 bcsId: 0,size=4194304]} | ret=SUCCESS |  
2019-08-21 15:30:01,207 [grpc-default-executor-0] INFO  client.GrpcClientProtocolClient (GrpcClientProtocolClient.java:onNext(255)) - client-029E50227556->355864cd-7ac5-4934-b366-9756b15dd90f: receive RaftClientReply:client-029E50227556->355864cd-7ac5-4934-b366-9756b15dd90f@group-785BCF25C267, cid=2981, SUCCESS, logIndex=4477, commits[355864cd-7ac5-4934-b366-9756b15dd90f:c4478, ce4aa411-63c8-4399-99eb-27ce352844f3:c4475, 3eeffb0a-787e-48ec-a2f5-d0c540a89489:c4475]
2019-08-21 15:30:01,207 [grpc-default-executor-0] INFO  client.GrpcClientProtocolClient (GrpcClientProtocolClient.java:onNext(255)) - client-029E50227556->355864cd-7ac5-4934-b366-9756b15dd90f: receive RaftClientReply:client-029E50227556->355864cd-7ac5-4934-b366-9756b15dd90f@group-785BCF25C267, cid=2982, SUCCESS, logIndex=4478, commits[355864cd-7ac5-4934-b366-9756b15dd90f:c4478, ce4aa411-63c8-4399-99eb-27ce352844f3:c4475, 3eeffb0a-787e-48ec-a2f5-d0c540a89489:c4475]
2019-08-21 15:30:01,209 | INFO  | DNAudit | user=null | ip=null | op=WRITE_CHUNK {blockData=conID: 1 locID: 102655682223800961 bcsId: 4474} | ret=SUCCESS |  
2019-08-21 15:30:01,209 | INFO  | DNAudit | user=null | ip=null | op=WRITE_CHUNK {blockData=conID: 1 locID: 102655682223800961 bcsId: 4474} | ret=SUCCESS |  
2019-08-21 15:30:01,220 | INFO  | DNAudit | user=null | ip=null | op=PUT_BLOCK {blockData=[blockId=conID: 1 locID: 102655682223800961 bcsId: 0,size=4194304]} | ret=SUCCESS |  
2019-08-21 15:30:01,220 | INFO  | DNAudit | user=null | ip=null | op=PUT_BLOCK {blockData=[blockId=conID: 1 locID: 102655682223800961 bcsId: 0,size=4194304]} | ret=SUCCESS |  
2019-08-21 15:30:01,220 [grpc-default-executor-0] INFO  client.GrpcClientProtocolClient (GrpcClientProtocolClient.java:onNext(255)) - client-029E50227556->355864cd-7ac5-4934-b366-9756b15dd90f: receive RaftClientReply:client-029E50227556->355864cd-7ac5-4934-b366-9756b15dd90f@group-785BCF25C267, cid=2983, SUCCESS, logIndex=0, commits[355864cd-7ac5-4934-b366-9756b15dd90f:c4480, ce4aa411-63c8-4399-99eb-27ce352844f3:c4478, 3eeffb0a-787e-48ec-a2f5-d0c540a89489:c4478]
2019-08-21 15:30:01,226 | INFO  | SCMAudit | user=jenkins1000 | ip=192.168.5.153 | op=ALLOCATE_BLOCK {owner=78849ec2-2b05-45d8-8cb5-e95e2230dbd1, size=4194304, type=RATIS, factor=THREE} | ret=SUCCESS |  
2019-08-21 15:30:01,230 | INFO  | OMAudit | user=jenkins1000 | ip=127.0.0.1 | op=ALLOCATE_BLOCK {volume=vol-0-32358, bucket=bucket-0-01949, key=key-0-56547, dataSize=0, replicationType=null, replicationFactor=null, keyLocationInfo=null, clientID=102655680532119954} | ret=SUCCESS |  
2019-08-21 15:30:01,236 | INFO  | DNAudit | user=null | ip=null | op=WRITE_CHUNK {blockData=conID: 2 locID: 102655682230747778 bcsId: 0} | ret=SUCCESS |  
2019-08-21 15:30:01,239 | INFO  | DNAudit | user=null | ip=null | op=WRITE_CHUNK {blockData=conID: 2 locID: 102655682230747778 bcsId: 0} | ret=SUCCESS |  
2019-08-21 15:30:01,239 | INFO  | DNAudit | user=null | ip=null | op=WRITE_CHUNK {blockData=conID: 2 locID: 102655682230747778 bcsId: 0} | ret=SUCCESS |  
2019-08-21 15:30:01,239 | INFO  | DNAudit | user=null | ip=null | op=WRITE_CHUNK {blockData=conID: 2 locID: 102655682230747778 bcsId: 0} | ret=SUCCESS |  
2019-08-21 15:30:01,240 | INFO  | DNAudit | user=null | ip=null | op=WRITE_CHUNK {blockData=conID: 2 locID: 102655682230747778 bcsId: 0} | ret=SUCCESS |  
2019-08-21 15:30:01,240 | INFO  | DNAudit | user=null | ip=null | op=WRITE_CHUNK {blockData=conID: 2 locID: 102655682230747778 bcsId: 0} | ret=SUCCESS |  
2019-08-21 15:30:01,243 | INFO  | DNAudit | user=null | ip=null | op=WRITE_CHUNK {blockData=conID: 2 locID: 102655682230747778 bcsId: 0} | ret=SUCCESS |  
2019-08-21 15:30:01,243 | INFO  | DNAudit | user=null | ip=null | op=PUT_BLOCK {blockData=[blockId=conID: 2 locID: 102655682230747778 bcsId: 0,size=1048576]} | ret=SUCCESS |  
2019-08-21 15:30:01,244 | INFO  | DNAudit | user=null | ip=null | op=WRITE_CHUNK {blockData=conID: 2 locID: 102655682230747778 bcsId: 0} | ret=SUCCESS |  
2019-08-21 15:30:01,244 [grpc-default-executor-5] INFO  client.GrpcClientProtocolClient (GrpcClientProtocolClient.java:onNext(255)) - client-029E50227556->355864cd-7ac5-4934-b366-9756b15dd90f: receive RaftClientReply:client-029E50227556->355864cd-7ac5-4934-b366-9756b15dd90f@group-785BCF25C267, cid=2984, SUCCESS, logIndex=4481, commits[355864cd-7ac5-4934-b366-9756b15dd90f:c4483, ce4aa411-63c8-4399-99eb-27ce352844f3:c4480, 3eeffb0a-787e-48ec-a2f5-d0c540a89489:c4480]
2019-08-21 15:30:01,244 | INFO  | DNAudit | user=null | ip=null | op=PUT_BLOCK {blockData=[blockId=conID: 2 locID: 102655682230747778 bcsId: 0,size=2097152]} | ret=SUCCESS |  
2019-08-21 15:30:01,244 [grpc-default-executor-5] INFO  client.GrpcClientProtocolClient (GrpcClientProtocolClient.java:onNext(255)) - client-029E50227556->355864cd-7ac5-4934-b366-9756b15dd90f: receive RaftClientReply:client-029E50227556->355864cd-7ac5-4934-b366-9756b15dd90f@group-785BCF25C267, cid=2985, SUCCESS, logIndex=4482, commits[355864cd-7ac5-4934-b366-9756b15dd90f:c4484, ce4aa411-63c8-4399-99eb-27ce352844f3:c4480, 3eeffb0a-787e-48ec-a2f5-d0c540a89489:c4480]
2019-08-21 15:30:01,244 | INFO  | DNAudit | user=null | ip=null | op=WRITE_CHUNK {blockData=conID: 2 locID: 102655682230747778 bcsId: 0} | ret=SUCCESS |  
2019-08-21 15:30:01,244 | INFO  | DNAudit | user=null | ip=null | op=WRITE_CHUNK {blockData=conID: 2 locID: 102655682230747778 bcsId: 0} | ret=SUCCESS |  
2019-08-21 15:30:01,245 [grpc-default-executor-4] INFO  client.GrpcClientProtocolClient (GrpcClientProtocolClient.java:onNext(255)) - client-029E50227556->355864cd-7ac5-4934-b366-9756b15dd90f: receive RaftClientReply:client-029E50227556->355864cd-7ac5-4934-b366-9756b15dd90f@group-785BCF25C267, cid=2986, SUCCESS, logIndex=4483, commits[355864cd-7ac5-4934-b366-9756b15dd90f:c4484, ce4aa411-63c8-4399-99eb-27ce352844f3:c4480, 3eeffb0a-787e-48ec-a2f5-d0c540a89489:c4480]
2019-08-21 15:30:01,245 | INFO  | DNAudit | user=null | ip=null | op=PUT_BLOCK {blockData=[blockId=conID: 2 locID: 102655682230747778 bcsId: 0,size=1048576]} | ret=SUCCESS |  
2019-08-21 15:30:01,245 [grpc-default-executor-4] INFO  client.GrpcClientProtocolClient (GrpcClientProtocolClient.java:onNext(255)) - client-029E50227556->355864cd-7ac5-4934-b366-9756b15dd90f: receive RaftClientReply:client-029E50227556->355864cd-7ac5-4934-b366-9756b15dd90f@group-785BCF25C267, cid=2987, SUCCESS, logIndex=4484, commits[355864cd-7ac5-4934-b366-9756b15dd90f:c4484, ce4aa411-63c8-4399-99eb-27ce352844f3:c4480, 3eeffb0a-787e-48ec-a2f5-d0c540a89489:c4480]
2019-08-21 15:30:01,246 | INFO  | DNAudit | user=null | ip=null | op=PUT_BLOCK {blockData=[blockId=conID: 2 locID: 102655682230747778 bcsId: 0,size=1048576]} | ret=SUCCESS |  
2019-08-21 15:30:01,246 | INFO  | DNAudit | user=null | ip=null | op=WRITE_CHUNK {blockData=conID: 2 locID: 102655682230747778 bcsId: 0} | ret=SUCCESS |  
2019-08-21 15:30:01,246 | INFO  | DNAudit | user=null | ip=null | op=PUT_BLOCK {blockData=[blockId=conID: 2 locID: 102655682230747778 bcsId: 0,size=2097152]} | ret=SUCCESS |  
2019-08-21 15:30:01,246 [grpc-default-executor-4] INFO  client.GrpcClientProtocolClient (GrpcClientProtocolClient.java:onNext(255)) - client-029E50227556->355864cd-7ac5-4934-b366-9756b15dd90f: receive RaftClientReply:client-029E50227556->355864cd-7ac5-4934-b366-9756b15dd90f@group-785BCF25C267, cid=2988, SUCCESS, logIndex=0, commits[355864cd-7ac5-4934-b366-9756b15dd90f:c4486, ce4aa411-63c8-4399-99eb-27ce352844f3:c4482, 3eeffb0a-787e-48ec-a2f5-d0c540a89489:c4482]
2019-08-21 15:30:01,246 | INFO  | DNAudit | user=null | ip=null | op=WRITE_CHUNK {blockData=conID: 2 locID: 102655682230747778 bcsId: 0} | ret=SUCCESS |  
2019-08-21 15:30:01,246 | INFO  | DNAudit | user=null | ip=null | op=PUT_BLOCK {blockData=[blockId=conID: 2 locID: 102655682230747778 bcsId: 0,size=2097152]} | ret=SUCCESS |  
2019-08-21 15:30:01,251 | INFO  | DNAudit | user=null | ip=null | op=WRITE_CHUNK {blockData=conID: 2 locID: 102655682230747778 bcsId: 4484} | ret=SUCCESS |  
2019-08-21 15:30:01,254 | INFO  | DNAudit | user=null | ip=null | op=WRITE_CHUNK {blockData=conID: 2 locID: 102655682230747778 bcsId: 4484} | ret=SUCCESS |  
2019-08-21 15:30:01,254 | INFO  | DNAudit | user=null | ip=null | op=WRITE_CHUNK {blockData=conID: 2 locID: 102655682230747778 bcsId: 4484} | ret=SUCCESS |  
2019-08-21 15:30:01,265 | INFO  | DNAudit | user=null | ip=null | op=WRITE_CHUNK {blockData=conID: 2 locID: 102655682230747778 bcsId: 4484} | ret=SUCCESS |  
2019-08-21 15:30:01,266 | INFO  | DNAudit | user=null | ip=null | op=PUT_BLOCK {blockData=[blockId=conID: 2 locID: 102655682230747778 bcsId: 0,size=3145728]} | ret=SUCCESS |  
2019-08-21 15:30:01,266 [grpc-default-executor-0] INFO  client.GrpcClientProtocolClient (GrpcClientProtocolClient.java:onNext(255)) - client-029E50227556->355864cd-7ac5-4934-b366-9756b15dd90f: receive RaftClientReply:client-029E50227556->355864cd-7ac5-4934-b366-9756b15dd90f@group-785BCF25C267, cid=2989, SUCCESS, logIndex=4489, commits[355864cd-7ac5-4934-b366-9756b15dd90f:c4490, ce4aa411-63c8-4399-99eb-27ce352844f3:c4488, 3eeffb0a-787e-48ec-a2f5-d0c540a89489:c4488]
2019-08-21 15:30:01,266 [grpc-default-executor-0] INFO  client.GrpcClientProtocolClient (GrpcClientProtocolClient.java:onNext(255)) - client-029E50227556->355864cd-7ac5-4934-b366-9756b15dd90f: receive RaftClientReply:client-029E50227556->355864cd-7ac5-4934-b366-9756b15dd90f@group-785BCF25C267, cid=2990, SUCCESS, logIndex=4490, commits[355864cd-7ac5-4934-b366-9756b15dd90f:c4490, ce4aa411-63c8-4399-99eb-27ce352844f3:c4488, 3eeffb0a-787e-48ec-a2f5-d0c540a89489:c4488]
2019-08-21 15:30:01,272 | INFO  | DNAudit | user=null | ip=null | op=WRITE_CHUNK {blockData=conID: 2 locID: 102655682230747778 bcsId: 4490} | ret=SUCCESS |  
2019-08-21 15:30:01,274 | INFO  | DNAudit | user=null | ip=null | op=WRITE_CHUNK {blockData=conID: 2 locID: 102655682230747778 bcsId: 4490} | ret=SUCCESS |  
2019-08-21 15:30:01,274 | INFO  | DNAudit | user=null | ip=null | op=WRITE_CHUNK {blockData=conID: 2 locID: 102655682230747778 bcsId: 4490} | ret=SUCCESS |  
2019-08-21 15:30:01,277 | INFO  | DNAudit | user=null | ip=null | op=WRITE_CHUNK {blockData=conID: 2 locID: 102655682230747778 bcsId: 4484} | ret=SUCCESS |  
2019-08-21 15:30:01,277 | INFO  | DNAudit | user=null | ip=null | op=WRITE_CHUNK {blockData=conID: 2 locID: 102655682230747778 bcsId: 4484} | ret=SUCCESS |  
2019-08-21 15:30:01,277 | INFO  | DNAudit | user=null | ip=null | op=PUT_BLOCK {blockData=[blockId=conID: 2 locID: 102655682230747778 bcsId: 0,size=3145728]} | ret=SUCCESS |  
2019-08-21 15:30:01,277 | INFO  | DNAudit | user=null | ip=null | op=PUT_BLOCK {blockData=[blockId=conID: 2 locID: 102655682230747778 bcsId: 0,size=3145728]} | ret=SUCCESS |  
2019-08-21 15:30:01,280 | INFO  | DNAudit | user=null | ip=null | op=WRITE_CHUNK {blockData=conID: 2 locID: 102655682230747778 bcsId: 4490} | ret=SUCCESS |  
2019-08-21 15:30:01,281 | INFO  | DNAudit | user=null | ip=null | op=PUT_BLOCK {blockData=[blockId=conID: 2 locID: 102655682230747778 bcsId: 0,size=4194304]} | ret=SUCCESS |  
2019-08-21 15:30:01,281 [grpc-default-executor-5] INFO  client.GrpcClientProtocolClient (GrpcClientProtocolClient.java:onNext(255)) - client-029E50227556->355864cd-7ac5-4934-b366-9756b15dd90f: receive RaftClientReply:client-029E50227556->355864cd-7ac5-4934-b366-9756b15dd90f@group-785BCF25C267, cid=2991, SUCCESS, logIndex=4493, commits[355864cd-7ac5-4934-b366-9756b15dd90f:c4494, ce4aa411-63c8-4399-99eb-27ce352844f3:c4490, 3eeffb0a-787e-48ec-a2f5-d0c540a89489:c4490]
2019-08-21 15:30:01,281 [grpc-default-executor-5] INFO  client.GrpcClientProtocolClient (GrpcClientProtocolClient.java:onNext(255)) - client-029E50227556->355864cd-7ac5-4934-b366-9756b15dd90f: receive RaftClientReply:client-029E50227556->355864cd-7ac5-4934-b366-9756b15dd90f@group-785BCF25C267, cid=2992, SUCCESS, logIndex=4494, commits[355864cd-7ac5-4934-b366-9756b15dd90f:c4494, ce4aa411-63c8-4399-99eb-27ce352844f3:c4490, 3eeffb0a-787e-48ec-a2f5-d0c540a89489:c4490]
2019-08-21 15:30:01,301 | INFO  | DNAudit | user=null | ip=null | op=WRITE_CHUNK {blockData=conID: 2 locID: 102655682230747778 bcsId: 4490} | ret=SUCCESS |  
2019-08-21 15:30:01,301 | INFO  | DNAudit | user=null | ip=null | op=WRITE_CHUNK {blockData=conID: 2 locID: 102655682230747778 bcsId: 4490} | ret=SUCCESS |  
2019-08-21 15:30:01,301 | INFO  | DNAudit | user=null | ip=null | op=PUT_BLOCK {blockData=[blockId=conID: 2 locID: 102655682230747778 bcsId: 0,size=4194304]} | ret=SUCCESS |  
2019-08-21 15:30:01,301 | INFO  | DNAudit | user=null | ip=null | op=PUT_BLOCK {blockData=[blockId=conID: 2 locID: 102655682230747778 bcsId: 0,size=4194304]} | ret=SUCCESS |  
2019-08-21 15:30:01,301 [grpc-default-executor-5] INFO  client.GrpcClientProtocolClient (GrpcClientProtocolClient.java:onNext(255)) - client-029E50227556->355864cd-7ac5-4934-b366-9756b15dd90f: receive RaftClientReply:client-029E50227556->355864cd-7ac5-4934-b366-9756b15dd90f@group-785BCF25C267, cid=2993, SUCCESS, logIndex=0, commits[355864cd-7ac5-4934-b366-9756b15dd90f:c4494, ce4aa411-63c8-4399-99eb-27ce352844f3:c4494, 3eeffb0a-787e-48ec-a2f5-d0c540a89489:c4494]
2019-08-21 15:30:01,306 | INFO  | SCMAudit | user=jenkins1000 | ip=192.168.5.153 | op=ALLOCATE_BLOCK {owner=78849ec2-2b05-45d8-8cb5-e95e2230dbd1, size=4194304, type=RATIS, factor=THREE} | ret=SUCCESS |  
2019-08-21 15:30:01,309 | INFO  | OMAudit | user=jenkins1000 | ip=127.0.0.1 | op=ALLOCATE_BLOCK {volume=vol-0-32358, bucket=bucket-0-01949, key=key-0-56547, dataSize=0, replicationType=null, replicationFactor=null, keyLocationInfo=null, clientID=102655680532119954} | ret=SUCCESS |  
2019-08-21 15:30:01,315 | INFO  | DNAudit | user=null | ip=null | op=WRITE_CHUNK {blockData=conID: 3 locID: 102655682235990659 bcsId: 0} | ret=SUCCESS |  
2019-08-21 15:30:01,318 | INFO  | DNAudit | user=null | ip=null | op=WRITE_CHUNK {blockData=conID: 3 locID: 102655682235990659 bcsId: 0} | ret=SUCCESS |  
2019-08-21 15:30:01,318 | INFO  | DNAudit | user=null | ip=null | op=WRITE_CHUNK {blockData=conID: 3 locID: 102655682235990659 bcsId: 0} | ret=SUCCESS |  
2019-08-21 15:30:01,318 | INFO  | DNAudit | user=null | ip=null | op=WRITE_CHUNK {blockData=conID: 3 locID: 102655682235990659 bcsId: 0} | ret=SUCCESS |  
2019-08-21 15:30:01,319 | INFO  | DNAudit | user=null | ip=null | op=WRITE_CHUNK {blockData=conID: 3 locID: 102655682235990659 bcsId: 0} | ret=SUCCESS |  
2019-08-21 15:30:01,319 | INFO  | DNAudit | user=null | ip=null | op=WRITE_CHUNK {blockData=conID: 3 locID: 102655682235990659 bcsId: 0} | ret=SUCCESS |  
2019-08-21 15:30:01,328 | INFO  | DNAudit | user=null | ip=null | op=WRITE_CHUNK {blockData=conID: 3 locID: 102655682235990659 bcsId: 0} | ret=SUCCESS |  
2019-08-21 15:30:01,328 | INFO  | DNAudit | user=null | ip=null | op=PUT_BLOCK {blockData=[blockId=conID: 3 locID: 102655682235990659 bcsId: 0,size=1048576]} | ret=SUCCESS |  
2019-08-21 15:30:01,329 | INFO  | DNAudit | user=null | ip=null | op=WRITE_CHUNK {blockData=conID: 3 locID: 102655682235990659 bcsId: 0} | ret=SUCCESS |  
2019-08-21 15:30:01,328 [grpc-default-executor-3] INFO  client.GrpcClientProtocolClient (GrpcClientProtocolClient.java:onNext(255)) - client-029E50227556->355864cd-7ac5-4934-b366-9756b15dd90f: receive RaftClientReply:client-029E50227556->355864cd-7ac5-4934-b366-9756b15dd90f@group-785BCF25C267, cid=2994, SUCCESS, logIndex=4497, commits[355864cd-7ac5-4934-b366-9756b15dd90f:c4499, ce4aa411-63c8-4399-99eb-27ce352844f3:c4496, 3eeffb0a-787e-48ec-a2f5-d0c540a89489:c4496]
2019-08-21 15:30:01,329 | INFO  | DNAudit | user=null | ip=null | op=PUT_BLOCK {blockData=[blockId=conID: 3 locID: 102655682235990659 bcsId: 0,size=2097152]} | ret=SUCCESS |  
2019-08-21 15:30:01,329 [grpc-default-executor-3] INFO  client.GrpcClientProtocolClient (GrpcClientProtocolClient.java:onNext(255)) - client-029E50227556->355864cd-7ac5-4934-b366-9756b15dd90f: receive RaftClientReply:client-029E50227556->355864cd-7ac5-4934-b366-9756b15dd90f@group-785BCF25C267, cid=2995, SUCCESS, logIndex=4498, commits[355864cd-7ac5-4934-b366-9756b15dd90f:c4500, ce4aa411-63c8-4399-99eb-27ce352844f3:c4496, 3eeffb0a-787e-48ec-a2f5-d0c540a89489:c4496]
2019-08-21 15:30:01,329 [grpc-default-executor-3] INFO  client.GrpcClientProtocolClient (GrpcClientProtocolClient.java:onNext(255)) - client-029E50227556->355864cd-7ac5-4934-b366-9756b15dd90f: receive RaftClientReply:client-029E50227556->355864cd-7ac5-4934-b366-9756b15dd90f@group-785BCF25C267, cid=2996, SUCCESS, logIndex=4499, commits[355864cd-7ac5-4934-b366-9756b15dd90f:c4500, ce4aa411-63c8-4399-99eb-27ce352844f3:c4496, 3eeffb0a-787e-48ec-a2f5-d0c540a89489:c4496]
2019-08-21 15:30:01,329 [grpc-default-executor-3] INFO  client.GrpcClientProtocolClient (GrpcClientProtocolClient.java:onNext(255)) - client-029E50227556->355864cd-7ac5-4934-b366-9756b15dd90f: receive RaftClientReply:client-029E50227556->355864cd-7ac5-4934-b366-9756b15dd90f@group-785BCF25C267, cid=2997, SUCCESS, logIndex=4500, commits[355864cd-7ac5-4934-b366-9756b15dd90f:c4500, ce4aa411-63c8-4399-99eb-27ce352844f3:c4496, 3eeffb0a-787e-48ec-a2f5-d0c540a89489:c4496]
2019-08-21 15:30:01,331 | INFO  | DNAudit | user=null | ip=null | op=WRITE_CHUNK {blockData=conID: 3 locID: 102655682235990659 bcsId: 0} | ret=SUCCESS |  
2019-08-21 15:30:01,331 | INFO  | DNAudit | user=null | ip=null | op=PUT_BLOCK {blockData=[blockId=conID: 3 locID: 102655682235990659 bcsId: 0,size=1048576]} | ret=SUCCESS |  
2019-08-21 15:30:01,342 | INFO  | DNAudit | user=null | ip=null | op=WRITE_CHUNK {blockData=conID: 3 locID: 102655682235990659 bcsId: 0} | ret=SUCCESS |  
2019-08-21 15:30:01,342 | INFO  | DNAudit | user=null | ip=null | op=PUT_BLOCK {blockData=[blockId=conID: 3 locID: 102655682235990659 bcsId: 0,size=1048576]} | ret=SUCCESS |  
2019-08-21 15:30:01,342 | INFO  | DNAudit | user=null | ip=null | op=WRITE_CHUNK {blockData=conID: 3 locID: 102655682235990659 bcsId: 0} | ret=SUCCESS |  
2019-08-21 15:30:01,342 | INFO  | DNAudit | user=null | ip=null | op=WRITE_CHUNK {blockData=conID: 3 locID: 102655682235990659 bcsId: 0} | ret=SUCCESS |  
2019-08-21 15:30:01,342 [grpc-default-executor-5] INFO  client.GrpcClientProtocolClient (GrpcClientProtocolClient.java:onNext(255)) - client-029E50227556->355864cd-7ac5-4934-b366-9756b15dd90f: receive RaftClientReply:client-029E50227556->355864cd-7ac5-4934-b366-9756b15dd90f@group-785BCF25C267, cid=2998, SUCCESS, logIndex=0, commits[355864cd-7ac5-4934-b366-9756b15dd90f:c4501, ce4aa411-63c8-4399-99eb-27ce352844f3:c4498, 3eeffb0a-787e-48ec-a2f5-d0c540a89489:c4498]
2019-08-21 15:30:01,342 | INFO  | DNAudit | user=null | ip=null | op=PUT_BLOCK {blockData=[blockId=conID: 3 locID: 102655682235990659 bcsId: 0,size=2097152]} | ret=SUCCESS |  
2019-08-21 15:30:01,343 | INFO  | DNAudit | user=null | ip=null | op=PUT_BLOCK {blockData=[blockId=conID: 3 locID: 102655682235990659 bcsId: 0,size=2097152]} | ret=SUCCESS |  
2019-08-21 15:30:01,348 | INFO  | DNAudit | user=null | ip=null | op=WRITE_CHUNK {blockData=conID: 3 locID: 102655682235990659 bcsId: 4500} | ret=SUCCESS |  
2019-08-21 15:30:01,350 | INFO  | DNAudit | user=null | ip=null | op=WRITE_CHUNK {blockData=conID: 3 locID: 102655682235990659 bcsId: 4500} | ret=SUCCESS |  
2019-08-21 15:30:01,350 | INFO  | DNAudit | user=null | ip=null | op=WRITE_CHUNK {blockData=conID: 3 locID: 102655682235990659 bcsId: 4500} | ret=SUCCESS |  
2019-08-21 15:30:01,360 | INFO  | DNAudit | user=null | ip=null | op=WRITE_CHUNK {blockData=conID: 3 locID: 102655682235990659 bcsId: 4500} | ret=SUCCESS |  
2019-08-21 15:30:01,361 | INFO  | DNAudit | user=null | ip=null | op=PUT_BLOCK {blockData=[blockId=conID: 3 locID: 102655682235990659 bcsId: 0,size=3145728]} | ret=SUCCESS |  
2019-08-21 15:30:01,361 [grpc-default-executor-3] INFO  client.GrpcClientProtocolClient (GrpcClientProtocolClient.java:onNext(255)) - client-029E50227556->355864cd-7ac5-4934-b366-9756b15dd90f: receive RaftClientReply:client-029E50227556->355864cd-7ac5-4934-b366-9756b15dd90f@group-785BCF25C267, cid=2999, SUCCESS, logIndex=4505, commits[355864cd-7ac5-4934-b366-9756b15dd90f:c4506, ce4aa411-63c8-4399-99eb-27ce352844f3:c4504, 3eeffb0a-787e-48ec-a2f5-d0c540a89489:c4504]
2019-08-21 15:30:01,361 [grpc-default-executor-3] INFO  client.GrpcClientProtocolClient (GrpcClientProtocolClient.java:onNext(255)) - client-029E50227556->355864cd-7ac5-4934-b366-9756b15dd90f: receive RaftClientReply:client-029E50227556->355864cd-7ac5-4934-b366-9756b15dd90f@group-785BCF25C267, cid=3000, SUCCESS, logIndex=4506, commits[355864cd-7ac5-4934-b366-9756b15dd90f:c4506, ce4aa411-63c8-4399-99eb-27ce352844f3:c4504, 3eeffb0a-787e-48ec-a2f5-d0c540a89489:c4504]
2019-08-21 15:30:01,367 | INFO  | DNAudit | user=null | ip=null | op=WRITE_CHUNK {blockData=conID: 3 locID: 102655682235990659 bcsId: 4506} | ret=SUCCESS |  
2019-08-21 15:30:01,370 | INFO  | DNAudit | user=null | ip=null | op=WRITE_CHUNK {blockData=conID: 3 locID: 102655682235990659 bcsId: 4506} | ret=SUCCESS |  
2019-08-21 15:30:01,370 | INFO  | DNAudit | user=null | ip=null | op=WRITE_CHUNK {blockData=conID: 3 locID: 102655682235990659 bcsId: 4506} | ret=SUCCESS |  
2019-08-21 15:30:01,372 | INFO  | DNAudit | user=null | ip=null | op=WRITE_CHUNK {blockData=conID: 3 locID: 102655682235990659 bcsId: 4500} | ret=SUCCESS |  
2019-08-21 15:30:01,372 | INFO  | DNAudit | user=null | ip=null | op=WRITE_CHUNK {blockData=conID: 3 locID: 102655682235990659 bcsId: 4500} | ret=SUCCESS |  
2019-08-21 15:30:01,374 | INFO  | DNAudit | user=null | ip=null | op=PUT_BLOCK {blockData=[blockId=conID: 3 locID: 102655682235990659 bcsId: 0,size=3145728]} | ret=SUCCESS |  
2019-08-21 15:30:01,374 | INFO  | DNAudit | user=null | ip=null | op=PUT_BLOCK {blockData=[blockId=conID: 3 locID: 102655682235990659 bcsId: 0,size=3145728]} | ret=SUCCESS |  
2019-08-21 15:30:01,375 | INFO  | DNAudit | user=null | ip=null | op=WRITE_CHUNK {blockData=conID: 3 locID: 102655682235990659 bcsId: 4506} | ret=SUCCESS |  
2019-08-21 15:30:01,375 | INFO  | DNAudit | user=null | ip=null | op=PUT_BLOCK {blockData=[blockId=conID: 3 locID: 102655682235990659 bcsId: 0,size=4194304]} | ret=SUCCESS |  
2019-08-21 15:30:01,375 [grpc-default-executor-4] INFO  client.GrpcClientProtocolClient (GrpcClientProtocolClient.java:onNext(255)) - client-029E50227556->355864cd-7ac5-4934-b366-9756b15dd90f: receive RaftClientReply:client-029E50227556->355864cd-7ac5-4934-b366-9756b15dd90f@group-785BCF25C267, cid=3001, SUCCESS, logIndex=4509, commits[355864cd-7ac5-4934-b366-9756b15dd90f:c4509, ce4aa411-63c8-4399-99eb-27ce352844f3:c4506, 3eeffb0a-787e-48ec-a2f5-d0c540a89489:c4506]
2019-08-21 15:30:01,376 [grpc-default-executor-4] INFO  client.GrpcClientProtocolClient (GrpcClientProtocolClient.java:onNext(255)) - client-029E50227556->355864cd-7ac5-4934-b366-9756b15dd90f: receive RaftClientReply:client-029E50227556->355864cd-7ac5-4934-b366-9756b15dd90f@group-785BCF25C267, cid=3002, SUCCESS, logIndex=4510, commits[355864cd-7ac5-4934-b366-9756b15dd90f:c4510, ce4aa411-63c8-4399-99eb-27ce352844f3:c4506, 3eeffb0a-787e-48ec-a2f5-d0c540a89489:c4506]
2019-08-21 15:30:01,388 | INFO  | DNAudit | user=null | ip=null | op=WRITE_CHUNK {blockData=conID: 3 locID: 102655682235990659 bcsId: 4506} | ret=SUCCESS |  
2019-08-21 15:30:01,388 | INFO  | DNAudit | user=null | ip=null | op=WRITE_CHUNK {blockData=conID: 3 locID: 102655682235990659 bcsId: 4506} | ret=SUCCESS |  
2019-08-21 15:30:01,399 | INFO  | DNAudit | user=null | ip=null | op=PUT_BLOCK {blockData=[blockId=conID: 3 locID: 102655682235990659 bcsId: 0,size=4194304]} | ret=SUCCESS |  
2019-08-21 15:30:01,399 | INFO  | DNAudit | user=null | ip=null | op=PUT_BLOCK {blockData=[blockId=conID: 3 locID: 102655682235990659 bcsId: 0,size=4194304]} | ret=SUCCESS |  
2019-08-21 15:30:01,400 [grpc-default-executor-4] INFO  client.GrpcClientProtocolClient (GrpcClientProtocolClient.java:onNext(255)) - client-029E50227556->355864cd-7ac5-4934-b366-9756b15dd90f: receive RaftClientReply:client-029E50227556->355864cd-7ac5-4934-b366-9756b15dd90f@group-785BCF25C267, cid=3003, SUCCESS, logIndex=0, commits[355864cd-7ac5-4934-b366-9756b15dd90f:c4512, ce4aa411-63c8-4399-99eb-27ce352844f3:c4510, 3eeffb0a-787e-48ec-a2f5-d0c540a89489:c4510]
2019-08-21 15:30:01,404 | INFO  | SCMAudit | user=jenkins1000 | ip=192.168.5.153 | op=ALLOCATE_BLOCK {owner=78849ec2-2b05-45d8-8cb5-e95e2230dbd1, size=4194304, type=RATIS, factor=THREE} | ret=SUCCESS |  
2019-08-21 15:30:01,408 | INFO  | OMAudit | user=jenkins1000 | ip=127.0.0.1 | op=ALLOCATE_BLOCK {volume=vol-0-32358, bucket=bucket-0-01949, key=key-0-56547, dataSize=0, replicationType=null, replicationFactor=null, keyLocationInfo=null, clientID=102655680532119954} | ret=SUCCESS |  
2019-08-21 15:30:01,414 | INFO  | DNAudit | user=null | ip=null | op=WRITE_CHUNK {blockData=conID: 1 locID: 102655682242413188 bcsId: 0} | ret=SUCCESS |  
2019-08-21 15:30:01,416 | INFO  | DNAudit | user=null | ip=null | op=WRITE_CHUNK {blockData=conID: 1 locID: 102655682242413188 bcsId: 0} | ret=SUCCESS |  
2019-08-21 15:30:01,416 | INFO  | DNAudit | user=null | ip=null | op=WRITE_CHUNK {blockData=conID: 1 locID: 102655682242413188 bcsId: 0} | ret=SUCCESS |  
2019-08-21 15:30:01,416 | INFO  | DNAudit | user=null | ip=null | op=WRITE_CHUNK {blockData=conID: 1 locID: 102655682242413188 bcsId: 0} | ret=SUCCESS |  
2019-08-21 15:30:01,418 | INFO  | DNAudit | user=null | ip=null | op=WRITE_CHUNK {blockData=conID: 1 locID: 102655682242413188 bcsId: 0} | ret=SUCCESS |  
2019-08-21 15:30:01,418 | INFO  | DNAudit | user=null | ip=null | op=WRITE_CHUNK {blockData=conID: 1 locID: 102655682242413188 bcsId: 0} | ret=SUCCESS |  
2019-08-21 15:30:01,426 | INFO  | DNAudit | user=null | ip=null | op=WRITE_CHUNK {blockData=conID: 1 locID: 102655682242413188 bcsId: 0} | ret=SUCCESS |  
2019-08-21 15:30:01,426 | INFO  | DNAudit | user=null | ip=null | op=PUT_BLOCK {blockData=[blockId=conID: 1 locID: 102655682242413188 bcsId: 0,size=1048576]} | ret=SUCCESS |  
2019-08-21 15:30:01,427 [grpc-default-executor-3] INFO  client.GrpcClientProtocolClient (GrpcClientProtocolClient.java:onNext(255)) - client-029E50227556->355864cd-7ac5-4934-b366-9756b15dd90f: receive RaftClientReply:client-029E50227556->355864cd-7ac5-4934-b366-9756b15dd90f@group-785BCF25C267, cid=3004, SUCCESS, logIndex=4513, commits[355864cd-7ac5-4934-b366-9756b15dd90f:c4514, ce4aa411-63c8-4399-99eb-27ce352844f3:c4512, 3eeffb0a-787e-48ec-a2f5-d0c540a89489:c4512]
2019-08-21 15:30:01,427 | INFO  | DNAudit | user=null | ip=null | op=WRITE_CHUNK {blockData=conID: 1 locID: 102655682242413188 bcsId: 0} | ret=SUCCESS |  
2019-08-21 15:30:01,427 | INFO  | DNAudit | user=null | ip=null | op=PUT_BLOCK {blockData=[blockId=conID: 1 locID: 102655682242413188 bcsId: 0,size=2097152]} | ret=SUCCESS |  
2019-08-21 15:30:01,427 [grpc-default-executor-3] INFO  client.GrpcClientProtocolClient (GrpcClientProtocolClient.java:onNext(255)) - client-029E50227556->355864cd-7ac5-4934-b366-9756b15dd90f: receive RaftClientReply:client-029E50227556->355864cd-7ac5-4934-b366-9756b15dd90f@group-785BCF25C267, cid=3005, SUCCESS, logIndex=4514, commits[355864cd-7ac5-4934-b366-9756b15dd90f:c4514, ce4aa411-63c8-4399-99eb-27ce352844f3:c4512, 3eeffb0a-787e-48ec-a2f5-d0c540a89489:c4512]
2019-08-21 15:30:01,427 [grpc-default-executor-3] INFO  client.GrpcClientProtocolClient (GrpcClientProtocolClient.java:onNext(255)) - client-029E50227556->355864cd-7ac5-4934-b366-9756b15dd90f: receive RaftClientReply:client-029E50227556->355864cd-7ac5-4934-b366-9756b15dd90f@group-785BCF25C267, cid=3006, SUCCESS, logIndex=4515, commits[355864cd-7ac5-4934-b366-9756b15dd90f:c4516, ce4aa411-63c8-4399-99eb-27ce352844f3:c4512, 3eeffb0a-787e-48ec-a2f5-d0c540a89489:c4512]
2019-08-21 15:30:01,428 [grpc-default-executor-3] INFO  client.GrpcClientProtocolClient (GrpcClientProtocolClient.java:onNext(255)) - client-029E50227556->355864cd-7ac5-4934-b366-9756b15dd90f: receive RaftClientReply:client-029E50227556->355864cd-7ac5-4934-b366-9756b15dd90f@group-785BCF25C267, cid=3007, SUCCESS, logIndex=4516, commits[355864cd-7ac5-4934-b366-9756b15dd90f:c4516, ce4aa411-63c8-4399-99eb-27ce352844f3:c4512, 3eeffb0a-787e-48ec-a2f5-d0c540a89489:c4512]
2019-08-21 15:30:01,428 | INFO  | DNAudit | user=null | ip=null | op=WRITE_CHUNK {blockData=conID: 1 locID: 102655682242413188 bcsId: 0} | ret=SUCCESS |  
2019-08-21 15:30:01,428 | INFO  | DNAudit | user=null | ip=null | op=PUT_BLOCK {blockData=[blockId=conID: 1 locID: 102655682242413188 bcsId: 0,size=1048576]} | ret=SUCCESS |  
2019-08-21 15:30:01,429 | INFO  | DNAudit | user=null | ip=null | op=WRITE_CHUNK {blockData=conID: 1 locID: 102655682242413188 bcsId: 0} | ret=SUCCESS |  
2019-08-21 15:30:01,429 | INFO  | DNAudit | user=null | ip=null | op=PUT_BLOCK {blockData=[blockId=conID: 1 locID: 102655682242413188 bcsId: 0,size=1048576]} | ret=SUCCESS |  
2019-08-21 15:30:01,429 | INFO  | DNAudit | user=null | ip=null | op=WRITE_CHUNK {blockData=conID: 1 locID: 102655682242413188 bcsId: 0} | ret=SUCCESS |  
2019-08-21 15:30:01,429 [grpc-default-executor-3] INFO  client.GrpcClientProtocolClient (GrpcClientProtocolClient.java:onNext(255)) - client-029E50227556->355864cd-7ac5-4934-b366-9756b15dd90f: receive RaftClientReply:client-029E50227556->355864cd-7ac5-4934-b366-9756b15dd90f@group-785BCF25C267, cid=3008, SUCCESS, logIndex=0, commits[355864cd-7ac5-4934-b366-9756b15dd90f:c4518, ce4aa411-63c8-4399-99eb-27ce352844f3:c4514, 3eeffb0a-787e-48ec-a2f5-d0c540a89489:c4514]
2019-08-21 15:30:01,430 | INFO  | DNAudit | user=null | ip=null | op=PUT_BLOCK {blockData=[blockId=conID: 1 locID: 102655682242413188 bcsId: 0,size=2097152]} | ret=SUCCESS |  
2019-08-21 15:30:01,430 | INFO  | DNAudit | user=null | ip=null | op=WRITE_CHUNK {blockData=conID: 1 locID: 102655682242413188 bcsId: 0} | ret=SUCCESS |  
2019-08-21 15:30:01,430 | INFO  | DNAudit | user=null | ip=null | op=PUT_BLOCK {blockData=[blockId=conID: 1 locID: 102655682242413188 bcsId: 0,size=2097152]} | ret=SUCCESS |  
2019-08-21 15:30:01,435 | INFO  | DNAudit | user=null | ip=null | op=WRITE_CHUNK {blockData=conID: 1 locID: 102655682242413188 bcsId: 4516} | ret=SUCCESS |  
2019-08-21 15:30:01,437 | INFO  | DNAudit | user=null | ip=null | op=WRITE_CHUNK {blockData=conID: 1 locID: 102655682242413188 bcsId: 4516} | ret=SUCCESS |  
2019-08-21 15:30:01,437 | INFO  | DNAudit | user=null | ip=null | op=WRITE_CHUNK {blockData=conID: 1 locID: 102655682242413188 bcsId: 4516} | ret=SUCCESS |  
2019-08-21 15:30:01,447 | INFO  | DNAudit | user=null | ip=null | op=WRITE_CHUNK {blockData=conID: 1 locID: 102655682242413188 bcsId: 4516} | ret=SUCCESS |  
2019-08-21 15:30:01,447 | INFO  | DNAudit | user=null | ip=null | op=PUT_BLOCK {blockData=[blockId=conID: 1 locID: 102655682242413188 bcsId: 0,size=3145728]} | ret=SUCCESS |  
2019-08-21 15:30:01,447 [grpc-default-executor-4] INFO  client.GrpcClientProtocolClient (GrpcClientProtocolClient.java:onNext(255)) - client-029E50227556->355864cd-7ac5-4934-b366-9756b15dd90f: receive RaftClientReply:client-029E50227556->355864cd-7ac5-4934-b366-9756b15dd90f@group-785BCF25C267, cid=3009, SUCCESS, logIndex=4521, commits[355864cd-7ac5-4934-b366-9756b15dd90f:c4522, ce4aa411-63c8-4399-99eb-27ce352844f3:c4520, 3eeffb0a-787e-48ec-a2f5-d0c540a89489:c4520]
2019-08-21 15:30:01,448 [grpc-default-executor-4] INFO  client.GrpcClientProtocolClient (GrpcClientProtocolClient.java:onNext(255)) - client-029E50227556->355864cd-7ac5-4934-b366-9756b15dd90f: receive RaftClientReply:client-029E50227556->355864cd-7ac5-4934-b366-9756b15dd90f@group-785BCF25C267, cid=3010, SUCCESS, logIndex=4522, commits[355864cd-7ac5-4934-b366-9756b15dd90f:c4522, ce4aa411-63c8-4399-99eb-27ce352844f3:c4520, 3eeffb0a-787e-48ec-a2f5-d0c540a89489:c4520]
2019-08-21 15:30:01,454 | INFO  | DNAudit | user=null | ip=null | op=WRITE_CHUNK {blockData=conID: 1 locID: 102655682242413188 bcsId: 4522} | ret=SUCCESS |  
2019-08-21 15:30:01,455 | INFO  | DNAudit | user=null | ip=null | op=WRITE_CHUNK {blockData=conID: 1 locID: 102655682242413188 bcsId: 4522} | ret=SUCCESS |  
2019-08-21 15:30:01,455 | INFO  | DNAudit | user=null | ip=null | op=WRITE_CHUNK {blockData=conID: 1 locID: 102655682242413188 bcsId: 4522} | ret=SUCCESS |  
2019-08-21 15:30:01,459 | INFO  | DNAudit | user=null | ip=null | op=WRITE_CHUNK {blockData=conID: 1 locID: 102655682242413188 bcsId: 4516} | ret=SUCCESS |  
2019-08-21 15:30:01,459 | INFO  | DNAudit | user=null | ip=null | op=WRITE_CHUNK {blockData=conID: 1 locID: 102655682242413188 bcsId: 4516} | ret=SUCCESS |  
2019-08-21 15:30:01,462 | INFO  | DNAudit | user=null | ip=null | op=PUT_BLOCK {blockData=[blockId=conID: 1 locID: 102655682242413188 bcsId: 0,size=3145728]} | ret=SUCCESS |  
2019-08-21 15:30:01,462 | INFO  | DNAudit | user=null | ip=null | op=PUT_BLOCK {blockData=[blockId=conID: 1 locID: 102655682242413188 bcsId: 0,size=3145728]} | ret=SUCCESS |  
2019-08-21 15:30:01,462 | INFO  | DNAudit | user=null | ip=null | op=WRITE_CHUNK {blockData=conID: 1 locID: 102655682242413188 bcsId: 4522} | ret=SUCCESS |  
2019-08-21 15:30:01,462 | INFO  | DNAudit | user=null | ip=null | op=PUT_BLOCK {blockData=[blockId=conID: 1 locID: 102655682242413188 bcsId: 0,size=4194304]} | ret=SUCCESS |  
2019-08-21 15:30:01,462 [grpc-default-executor-0] INFO  client.GrpcClientProtocolClient (GrpcClientProtocolClient.java:onNext(255)) - client-029E50227556->355864cd-7ac5-4934-b366-9756b15dd90f: receive RaftClientReply:client-029E50227556->355864cd-7ac5-4934-b366-9756b15dd90f@group-785BCF25C267, cid=3011, SUCCESS, logIndex=4525, commits[355864cd-7ac5-4934-b366-9756b15dd90f:c4526, ce4aa411-63c8-4399-99eb-27ce352844f3:c4522, 3eeffb0a-787e-48ec-a2f5-d0c540a89489:c4522]
2019-08-21 15:30:01,463 [grpc-default-executor-0] INFO  client.GrpcClientProtocolClient (GrpcClientProtocolClient.java:onNext(255)) - client-029E50227556->355864cd-7ac5-4934-b366-9756b15dd90f: receive RaftClientReply:client-029E50227556->355864cd-7ac5-4934-b366-9756b15dd90f@group-785BCF25C267, cid=3012, SUCCESS, logIndex=4526, commits[355864cd-7ac5-4934-b366-9756b15dd90f:c4526, ce4aa411-63c8-4399-99eb-27ce352844f3:c4522, 3eeffb0a-787e-48ec-a2f5-d0c540a89489:c4522]
2019-08-21 15:30:01,473 | INFO  | DNAudit | user=null | ip=null | op=WRITE_CHUNK {blockData=conID: 1 locID: 102655682242413188 bcsId: 4522} | ret=SUCCESS |  
2019-08-21 15:30:01,474 | INFO  | DNAudit | user=null | ip=null | op=WRITE_CHUNK {blockData=conID: 1 locID: 102655682242413188 bcsId: 4522} | ret=SUCCESS |  
2019-08-21 15:30:01,483 | INFO  | DNAudit | user=null | ip=null | op=PUT_BLOCK {blockData=[blockId=conID: 1 locID: 102655682242413188 bcsId: 0,size=4194304]} | ret=SUCCESS |  
2019-08-21 15:30:01,483 | INFO  | DNAudit | user=null | ip=null | op=PUT_BLOCK {blockData=[blockId=conID: 1 locID: 102655682242413188 bcsId: 0,size=4194304]} | ret=SUCCESS |  
2019-08-21 15:30:01,484 [grpc-default-executor-0] INFO  client.GrpcClientProtocolClient (GrpcClientProtocolClient.java:onNext(255)) - client-029E50227556->355864cd-7ac5-4934-b366-9756b15dd90f: receive RaftClientReply:client-029E50227556->355864cd-7ac5-4934-b366-9756b15dd90f@group-785BCF25C267, cid=3013, SUCCESS, logIndex=0, commits[355864cd-7ac5-4934-b366-9756b15dd90f:c4528, ce4aa411-63c8-4399-99eb-27ce352844f3:c4526, 3eeffb0a-787e-48ec-a2f5-d0c540a89489:c4526]
2019-08-21 15:30:01,488 | INFO  | SCMAudit | user=jenkins1000 | ip=192.168.5.153 | op=ALLOCATE_BLOCK {owner=78849ec2-2b05-45d8-8cb5-e95e2230dbd1, size=4194304, type=RATIS, factor=THREE} | ret=SUCCESS |  
2019-08-21 15:30:01,491 | INFO  | OMAudit | user=jenkins1000 | ip=127.0.0.1 | op=ALLOCATE_BLOCK {volume=vol-0-32358, bucket=bucket-0-01949, key=key-0-56547, dataSize=0, replicationType=null, replicationFactor=null, keyLocationInfo=null, clientID=102655680532119954} | ret=SUCCESS |  
2019-08-21 15:30:01,497 | INFO  | DNAudit | user=null | ip=null | op=WRITE_CHUNK {blockData=conID: 2 locID: 102655682247918213 bcsId: 0} | ret=SUCCESS |  
2019-08-21 15:30:01,500 | INFO  | DNAudit | user=null | ip=null | op=WRITE_CHUNK {blockData=conID: 2 locID: 102655682247918213 bcsId: 0} | ret=SUCCESS |  
2019-08-21 15:30:01,500 | INFO  | DNAudit | user=null | ip=null | op=WRITE_CHUNK {blockData=conID: 2 locID: 102655682247918213 bcsId: 0} | ret=SUCCESS |  
2019-08-21 15:30:01,500 | INFO  | DNAudit | user=null | ip=null | op=WRITE_CHUNK {blockData=conID: 2 locID: 102655682247918213 bcsId: 0} | ret=SUCCESS |  
2019-08-21 15:30:01,501 | INFO  | DNAudit | user=null | ip=null | op=WRITE_CHUNK {blockData=conID: 2 locID: 102655682247918213 bcsId: 0} | ret=SUCCESS |  
2019-08-21 15:30:01,501 | INFO  | DNAudit | user=null | ip=null | op=WRITE_CHUNK {blockData=conID: 2 locID: 102655682247918213 bcsId: 0} | ret=SUCCESS |  
2019-08-21 15:30:01,509 | INFO  | DNAudit | user=null | ip=null | op=WRITE_CHUNK {blockData=conID: 2 locID: 102655682247918213 bcsId: 0} | ret=SUCCESS |  
2019-08-21 15:30:01,509 | INFO  | DNAudit | user=null | ip=null | op=PUT_BLOCK {blockData=[blockId=conID: 2 locID: 102655682247918213 bcsId: 0,size=1048576]} | ret=SUCCESS |  
2019-08-21 15:30:01,509 | INFO  | DNAudit | user=null | ip=null | op=WRITE_CHUNK {blockData=conID: 2 locID: 102655682247918213 bcsId: 0} | ret=SUCCESS |  
2019-08-21 15:30:01,509 [grpc-default-executor-0] INFO  client.GrpcClientProtocolClient (GrpcClientProtocolClient.java:onNext(255)) - client-029E50227556->355864cd-7ac5-4934-b366-9756b15dd90f: receive RaftClientReply:client-029E50227556->355864cd-7ac5-4934-b366-9756b15dd90f@group-785BCF25C267, cid=3014, SUCCESS, logIndex=4529, commits[355864cd-7ac5-4934-b366-9756b15dd90f:c4530, ce4aa411-63c8-4399-99eb-27ce352844f3:c4528, 3eeffb0a-787e-48ec-a2f5-d0c540a89489:c4528]
2019-08-21 15:30:01,510 | INFO  | DNAudit | user=null | ip=null | op=PUT_BLOCK {blockData=[blockId=conID: 2 locID: 102655682247918213 bcsId: 0,size=2097152]} | ret=SUCCESS |  
2019-08-21 15:30:01,510 [grpc-default-executor-0] INFO  client.GrpcClientProtocolClient (GrpcClientProtocolClient.java:onNext(255)) - client-029E50227556->355864cd-7ac5-4934-b366-9756b15dd90f: receive RaftClientReply:client-029E50227556->355864cd-7ac5-4934-b366-9756b15dd90f@group-785BCF25C267, cid=3015, SUCCESS, logIndex=4530, commits[355864cd-7ac5-4934-b366-9756b15dd90f:c4532, ce4aa411-63c8-4399-99eb-27ce352844f3:c4528, 3eeffb0a-787e-48ec-a2f5-d0c540a89489:c4528]
2019-08-21 15:30:01,510 [grpc-default-executor-0] INFO  client.GrpcClientProtocolClient (GrpcClientProtocolClient.java:onNext(255)) - client-029E50227556->355864cd-7ac5-4934-b366-9756b15dd90f: receive RaftClientReply:client-029E50227556->355864cd-7ac5-4934-b366-9756b15dd90f@group-785BCF25C267, cid=3016, SUCCESS, logIndex=4531, commits[355864cd-7ac5-4934-b366-9756b15dd90f:c4532, ce4aa411-63c8-4399-99eb-27ce352844f3:c4528, 3eeffb0a-787e-48ec-a2f5-d0c540a89489:c4528]
2019-08-21 15:30:01,510 [grpc-default-executor-0] INFO  client.GrpcClientProtocolClient (GrpcClientProtocolClient.java:onNext(255)) - client-029E50227556->355864cd-7ac5-4934-b366-9756b15dd90f: receive RaftClientReply:client-029E50227556->355864cd-7ac5-4934-b366-9756b15dd90f@group-785BCF25C267, cid=3017, SUCCESS, logIndex=4532, commits[355864cd-7ac5-4934-b366-9756b15dd90f:c4532, ce4aa411-63c8-4399-99eb-27ce352844f3:c4528, 3eeffb0a-787e-48ec-a2f5-d0c540a89489:c4528]
2019-08-21 15:30:01,519 | INFO  | DNAudit | user=null | ip=null | op=WRITE_CHUNK {blockData=conID: 2 locID: 102655682247918213 bcsId: 0} | ret=SUCCESS |  
2019-08-21 15:30:01,529 | INFO  | DNAudit | user=null | ip=null | op=WRITE_CHUNK {blockData=conID: 2 locID: 102655682247918213 bcsId: 0} | ret=SUCCESS |  
2019-08-21 15:30:01,530 | INFO  | DNAudit | user=null | ip=null | op=PUT_BLOCK {blockData=[blockId=conID: 2 locID: 102655682247918213 bcsId: 0,size=1048576]} | ret=SUCCESS |  
2019-08-21 15:30:01,530 | INFO  | DNAudit | user=null | ip=null | op=PUT_BLOCK {blockData=[blockId=conID: 2 locID: 102655682247918213 bcsId: 0,size=1048576]} | ret=SUCCESS |  
2019-08-21 15:30:01,530 | INFO  | DNAudit | user=null | ip=null | op=WRITE_CHUNK {blockData=conID: 2 locID: 102655682247918213 bcsId: 0} | ret=SUCCESS |  
2019-08-21 15:30:01,531 | INFO  | DNAudit | user=null | ip=null | op=PUT_BLOCK {blockData=[blockId=conID: 2 locID: 102655682247918213 bcsId: 0,size=2097152]} | ret=SUCCESS |  
2019-08-21 15:30:01,531 | INFO  | DNAudit | user=null | ip=null | op=WRITE_CHUNK {blockData=conID: 2 locID: 102655682247918213 bcsId: 0} | ret=SUCCESS |  
2019-08-21 15:30:01,531 [grpc-default-executor-0] INFO  client.GrpcClientProtocolClient (GrpcClientProtocolClient.java:onNext(255)) - client-029E50227556->355864cd-7ac5-4934-b366-9756b15dd90f: receive RaftClientReply:client-029E50227556->355864cd-7ac5-4934-b366-9756b15dd90f@group-785BCF25C267, cid=3018, SUCCESS, logIndex=0, commits[355864cd-7ac5-4934-b366-9756b15dd90f:c4534, ce4aa411-63c8-4399-99eb-27ce352844f3:c4530, 3eeffb0a-787e-48ec-a2f5-d0c540a89489:c4530]
2019-08-21 15:30:01,531 | INFO  | DNAudit | user=null | ip=null | op=PUT_BLOCK {blockData=[blockId=conID: 2 locID: 102655682247918213 bcsId: 0,size=2097152]} | ret=SUCCESS |  
2019-08-21 15:30:01,536 | INFO  | DNAudit | user=null | ip=null | op=WRITE_CHUNK {blockData=conID: 2 locID: 102655682247918213 bcsId: 4532} | ret=SUCCESS |  
2019-08-21 15:30:01,539 | INFO  | DNAudit | user=null | ip=null | op=WRITE_CHUNK {blockData=conID: 2 locID: 102655682247918213 bcsId: 4532} | ret=SUCCESS |  
2019-08-21 15:30:01,539 | INFO  | DNAudit | user=null | ip=null | op=WRITE_CHUNK {blockData=conID: 2 locID: 102655682247918213 bcsId: 4532} | ret=SUCCESS |  
2019-08-21 15:30:01,549 | INFO  | DNAudit | user=null | ip=null | op=WRITE_CHUNK {blockData=conID: 2 locID: 102655682247918213 bcsId: 4532} | ret=SUCCESS |  
2019-08-21 15:30:01,549 | INFO  | DNAudit | user=null | ip=null | op=PUT_BLOCK {blockData=[blockId=conID: 2 locID: 102655682247918213 bcsId: 0,size=3145728]} | ret=SUCCESS |  
2019-08-21 15:30:01,549 [grpc-default-executor-0] INFO  client.GrpcClientProtocolClient (GrpcClientProtocolClient.java:onNext(255)) - client-029E50227556->355864cd-7ac5-4934-b366-9756b15dd90f: receive RaftClientReply:client-029E50227556->355864cd-7ac5-4934-b366-9756b15dd90f@group-785BCF25C267, cid=3019, SUCCESS, logIndex=4537, commits[355864cd-7ac5-4934-b366-9756b15dd90f:c4538, ce4aa411-63c8-4399-99eb-27ce352844f3:c4536, 3eeffb0a-787e-48ec-a2f5-d0c540a89489:c4536]
2019-08-21 15:30:01,550 [grpc-default-executor-0] INFO  client.GrpcClientProtocolClient (GrpcClientProtocolClient.java:onNext(255)) - client-029E50227556->355864cd-7ac5-4934-b366-9756b15dd90f: receive RaftClientReply:client-029E50227556->355864cd-7ac5-4934-b366-9756b15dd90f@group-785BCF25C267, cid=3020, SUCCESS, logIndex=4538, commits[355864cd-7ac5-4934-b366-9756b15dd90f:c4538, ce4aa411-63c8-4399-99eb-27ce352844f3:c4536, 3eeffb0a-787e-48ec-a2f5-d0c540a89489:c4536]
2019-08-21 15:30:01,555 | INFO  | DNAudit | user=null | ip=null | op=WRITE_CHUNK {blockData=conID: 2 locID: 102655682247918213 bcsId: 4538} | ret=SUCCESS |  
2019-08-21 15:30:01,557 | INFO  | DNAudit | user=null | ip=null | op=WRITE_CHUNK {blockData=conID: 2 locID: 102655682247918213 bcsId: 4538} | ret=SUCCESS |  
2019-08-21 15:30:01,558 | INFO  | DNAudit | user=null | ip=null | op=WRITE_CHUNK {blockData=conID: 2 locID: 102655682247918213 bcsId: 4538} | ret=SUCCESS |  
2019-08-21 15:30:01,561 | INFO  | DNAudit | user=null | ip=null | op=WRITE_CHUNK {blockData=conID: 2 locID: 102655682247918213 bcsId: 4532} | ret=SUCCESS |  
2019-08-21 15:30:01,561 | INFO  | DNAudit | user=null | ip=null | op=WRITE_CHUNK {blockData=conID: 2 locID: 102655682247918213 bcsId: 4532} | ret=SUCCESS |  
2019-08-21 15:30:01,564 | INFO  | DNAudit | user=null | ip=null | op=PUT_BLOCK {blockData=[blockId=conID: 2 locID: 102655682247918213 bcsId: 0,size=3145728]} | ret=SUCCESS |  
2019-08-21 15:30:01,564 | INFO  | DNAudit | user=null | ip=null | op=WRITE_CHUNK {blockData=conID: 2 locID: 102655682247918213 bcsId: 4538} | ret=SUCCESS |  
2019-08-21 15:30:01,564 | INFO  | DNAudit | user=null | ip=null | op=PUT_BLOCK {blockData=[blockId=conID: 2 locID: 102655682247918213 bcsId: 0,size=3145728]} | ret=SUCCESS |  
2019-08-21 15:30:01,564 | INFO  | DNAudit | user=null | ip=null | op=PUT_BLOCK {blockData=[blockId=conID: 2 locID: 102655682247918213 bcsId: 0,size=4194304]} | ret=SUCCESS |  
2019-08-21 15:30:01,565 [grpc-default-executor-5] INFO  client.GrpcClientProtocolClient (GrpcClientProtocolClient.java:onNext(255)) - client-029E50227556->355864cd-7ac5-4934-b366-9756b15dd90f: receive RaftClientReply:client-029E50227556->355864cd-7ac5-4934-b366-9756b15dd90f@group-785BCF25C267, cid=3021, SUCCESS, logIndex=4541, commits[355864cd-7ac5-4934-b366-9756b15dd90f:c4542, ce4aa411-63c8-4399-99eb-27ce352844f3:c4537, 3eeffb0a-787e-48ec-a2f5-d0c540a89489:c4538]
2019-08-21 15:30:01,565 [grpc-default-executor-5] INFO  client.GrpcClientProtocolClient (GrpcClientProtocolClient.java:onNext(255)) - client-029E50227556->355864cd-7ac5-4934-b366-9756b15dd90f: receive RaftClientReply:client-029E50227556->355864cd-7ac5-4934-b366-9756b15dd90f@group-785BCF25C267, cid=3022, SUCCESS, logIndex=4542, commits[355864cd-7ac5-4934-b366-9756b15dd90f:c4542, ce4aa411-63c8-4399-99eb-27ce352844f3:c4538, 3eeffb0a-787e-48ec-a2f5-d0c540a89489:c4538]
2019-08-21 15:30:01,576 | INFO  | DNAudit | user=null | ip=null | op=WRITE_CHUNK {blockData=conID: 2 locID: 102655682247918213 bcsId: 4538} | ret=SUCCESS |  
2019-08-21 15:30:01,576 | INFO  | DNAudit | user=null | ip=null | op=WRITE_CHUNK {blockData=conID: 2 locID: 102655682247918213 bcsId: 4538} | ret=SUCCESS |  
2019-08-21 15:30:01,577 | INFO  | DNAudit | user=null | ip=null | op=PUT_BLOCK {blockData=[blockId=conID: 2 locID: 102655682247918213 bcsId: 0,size=4194304]} | ret=SUCCESS |  
2019-08-21 15:30:01,577 | INFO  | DNAudit | user=null | ip=null | op=PUT_BLOCK {blockData=[blockId=conID: 2 locID: 102655682247918213 bcsId: 0,size=4194304]} | ret=SUCCESS |  
2019-08-21 15:30:01,577 [grpc-default-executor-5] INFO  client.GrpcClientProtocolClient (GrpcClientProtocolClient.java:onNext(255)) - client-029E50227556->355864cd-7ac5-4934-b366-9756b15dd90f: receive RaftClientReply:client-029E50227556->355864cd-7ac5-4934-b366-9756b15dd90f@group-785BCF25C267, cid=3023, SUCCESS, logIndex=0, commits[355864cd-7ac5-4934-b366-9756b15dd90f:c4544, ce4aa411-63c8-4399-99eb-27ce352844f3:c4542, 3eeffb0a-787e-48ec-a2f5-d0c540a89489:c4542]
2019-08-21 15:30:01,583 | INFO  | SCMAudit | user=jenkins1000 | ip=192.168.5.153 | op=ALLOCATE_BLOCK {owner=78849ec2-2b05-45d8-8cb5-e95e2230dbd1, size=4194304, type=RATIS, factor=THREE} | ret=SUCCESS |  
2019-08-21 15:30:01,586 | INFO  | OMAudit | user=jenkins1000 | ip=127.0.0.1 | op=ALLOCATE_BLOCK {volume=vol-0-32358, bucket=bucket-0-01949, key=key-0-56547, dataSize=0, replicationType=null, replicationFactor=null, keyLocationInfo=null, clientID=102655680532119954} | ret=SUCCESS |  
2019-08-21 15:30:01,595 | INFO  | DNAudit | user=null | ip=null | op=WRITE_CHUNK {blockData=conID: 3 locID: 102655682254144134 bcsId: 0} | ret=SUCCESS |  
2019-08-21 15:30:01,596 | INFO  | DNAudit | user=null | ip=null | op=WRITE_CHUNK {blockData=conID: 3 locID: 102655682254144134 bcsId: 0} | ret=SUCCESS |  
2019-08-21 15:30:01,597 | INFO  | DNAudit | user=null | ip=null | op=WRITE_CHUNK {blockData=conID: 3 locID: 102655682254144134 bcsId: 0} | ret=SUCCESS |  
2019-08-21 15:30:01,598 | INFO  | DNAudit | user=null | ip=null | op=WRITE_CHUNK {blockData=conID: 3 locID: 102655682254144134 bcsId: 0} | ret=SUCCESS |  
2019-08-21 15:30:01,599 | INFO  | DNAudit | user=null | ip=null | op=WRITE_CHUNK {blockData=conID: 3 locID: 102655682254144134 bcsId: 0} | ret=SUCCESS |  
2019-08-21 15:30:01,599 | INFO  | DNAudit | user=null | ip=null | op=WRITE_CHUNK {blockData=conID: 3 locID: 102655682254144134 bcsId: 0} | ret=SUCCESS |  
2019-08-21 15:30:01,608 | INFO  | DNAudit | user=null | ip=null | op=WRITE_CHUNK {blockData=conID: 3 locID: 102655682254144134 bcsId: 0} | ret=SUCCESS |  
2019-08-21 15:30:01,609 | INFO  | DNAudit | user=null | ip=null | op=PUT_BLOCK {blockData=[blockId=conID: 3 locID: 102655682254144134 bcsId: 0,size=1048576]} | ret=SUCCESS |  
2019-08-21 15:30:01,609 | INFO  | DNAudit | user=null | ip=null | op=WRITE_CHUNK {blockData=conID: 3 locID: 102655682254144134 bcsId: 0} | ret=SUCCESS |  
2019-08-21 15:30:01,609 [grpc-default-executor-4] INFO  client.GrpcClientProtocolClient (GrpcClientProtocolClient.java:onNext(255)) - client-029E50227556->355864cd-7ac5-4934-b366-9756b15dd90f: receive RaftClientReply:client-029E50227556->355864cd-7ac5-4934-b366-9756b15dd90f@group-785BCF25C267, cid=3024, SUCCESS, logIndex=4545, commits[355864cd-7ac5-4934-b366-9756b15dd90f:c4547, ce4aa411-63c8-4399-99eb-27ce352844f3:c4544, 3eeffb0a-787e-48ec-a2f5-d0c540a89489:c4544]
2019-08-21 15:30:01,609 | INFO  | DNAudit | user=null | ip=null | op=PUT_BLOCK {blockData=[blockId=conID: 3 locID: 102655682254144134 bcsId: 0,size=2097152]} | ret=SUCCESS |  
2019-08-21 15:30:01,609 [grpc-default-executor-4] INFO  client.GrpcClientProtocolClient (GrpcClientProtocolClient.java:onNext(255)) - client-029E50227556->355864cd-7ac5-4934-b366-9756b15dd90f: receive RaftClientReply:client-029E50227556->355864cd-7ac5-4934-b366-9756b15dd90f@group-785BCF25C267, cid=3025, SUCCESS, logIndex=4546, commits[355864cd-7ac5-4934-b366-9756b15dd90f:c4548, ce4aa411-63c8-4399-99eb-27ce352844f3:c4544, 3eeffb0a-787e-48ec-a2f5-d0c540a89489:c4544]
2019-08-21 15:30:01,610 [grpc-default-executor-4] INFO  client.GrpcClientProtocolClient (GrpcClientProtocolClient.java:onNext(255)) - client-029E50227556->355864cd-7ac5-4934-b366-9756b15dd90f: receive RaftClientReply:client-029E50227556->355864cd-7ac5-4934-b366-9756b15dd90f@group-785BCF25C267, cid=3026, SUCCESS, logIndex=4547, commits[355864cd-7ac5-4934-b366-9756b15dd90f:c4548, ce4aa411-63c8-4399-99eb-27ce352844f3:c4544, 3eeffb0a-787e-48ec-a2f5-d0c540a89489:c4544]
2019-08-21 15:30:01,610 [grpc-default-executor-4] INFO  client.GrpcClientProtocolClient (GrpcClientProtocolClient.java:onNext(255)) - client-029E50227556->355864cd-7ac5-4934-b366-9756b15dd90f: receive RaftClientReply:client-029E50227556->355864cd-7ac5-4934-b366-9756b15dd90f@group-785BCF25C267, cid=3027, SUCCESS, logIndex=4548, commits[355864cd-7ac5-4934-b366-9756b15dd90f:c4548, ce4aa411-63c8-4399-99eb-27ce352844f3:c4544, 3eeffb0a-787e-48ec-a2f5-d0c540a89489:c4544]
2019-08-21 15:30:01,619 | INFO  | DNAudit | user=null | ip=null | op=WRITE_CHUNK {blockData=conID: 3 locID: 102655682254144134 bcsId: 0} | ret=SUCCESS |  
2019-08-21 15:30:01,620 | INFO  | DNAudit | user=null | ip=null | op=WRITE_CHUNK {blockData=conID: 3 locID: 102655682254144134 bcsId: 0} | ret=SUCCESS |  
2019-08-21 15:30:01,620 | INFO  | DNAudit | user=null | ip=null | op=PUT_BLOCK {blockData=[blockId=conID: 3 locID: 102655682254144134 bcsId: 0,size=1048576]} | ret=SUCCESS |  
2019-08-21 15:30:01,622 | INFO  | DNAudit | user=null | ip=null | op=PUT_BLOCK {blockData=[blockId=conID: 3 locID: 102655682254144134 bcsId: 0,size=1048576]} | ret=SUCCESS |  
2019-08-21 15:30:01,622 | INFO  | DNAudit | user=null | ip=null | op=WRITE_CHUNK {blockData=conID: 3 locID: 102655682254144134 bcsId: 0} | ret=SUCCESS |  
2019-08-21 15:30:01,622 | INFO  | DNAudit | user=null | ip=null | op=WRITE_CHUNK {blockData=conID: 3 locID: 102655682254144134 bcsId: 0} | ret=SUCCESS |  
2019-08-21 15:30:01,623 | INFO  | DNAudit | user=null | ip=null | op=PUT_BLOCK {blockData=[blockId=conID: 3 locID: 102655682254144134 bcsId: 0,size=2097152]} | ret=SUCCESS |  
2019-08-21 15:30:01,623 | INFO  | DNAudit | user=null | ip=null | op=PUT_BLOCK {blockData=[blockId=conID: 3 locID: 102655682254144134 bcsId: 0,size=2097152]} | ret=SUCCESS |  
2019-08-21 15:30:01,623 [grpc-default-executor-5] INFO  client.GrpcClientProtocolClient (GrpcClientProtocolClient.java:onNext(255)) - client-029E50227556->355864cd-7ac5-4934-b366-9756b15dd90f: receive RaftClientReply:client-029E50227556->355864cd-7ac5-4934-b366-9756b15dd90f@group-785BCF25C267, cid=3028, SUCCESS, logIndex=0, commits[355864cd-7ac5-4934-b366-9756b15dd90f:c4550, ce4aa411-63c8-4399-99eb-27ce352844f3:c4546, 3eeffb0a-787e-48ec-a2f5-d0c540a89489:c4546]
2019-08-21 15:30:01,628 | INFO  | DNAudit | user=null | ip=null | op=WRITE_CHUNK {blockData=conID: 3 locID: 102655682254144134 bcsId: 4548} | ret=SUCCESS |  
2019-08-21 15:30:01,630 | INFO  | DNAudit | user=null | ip=null | op=WRITE_CHUNK {blockData=conID: 3 locID: 102655682254144134 bcsId: 4548} | ret=SUCCESS |  
2019-08-21 15:30:01,630 | INFO  | DNAudit | user=null | ip=null | op=WRITE_CHUNK {blockData=conID: 3 locID: 102655682254144134 bcsId: 4548} | ret=SUCCESS |  
2019-08-21 15:30:01,641 | INFO  | DNAudit | user=null | ip=null | op=WRITE_CHUNK {blockData=conID: 3 locID: 102655682254144134 bcsId: 4548} | ret=SUCCESS |  
2019-08-21 15:30:01,641 | INFO  | DNAudit | user=null | ip=null | op=PUT_BLOCK {blockData=[blockId=conID: 3 locID: 102655682254144134 bcsId: 0,size=3145728]} | ret=SUCCESS |  
2019-08-21 15:30:01,641 [grpc-default-executor-5] INFO  client.GrpcClientProtocolClient (GrpcClientProtocolClient.java:onNext(255)) - client-029E50227556->355864cd-7ac5-4934-b366-9756b15dd90f: receive RaftClientReply:client-029E50227556->355864cd-7ac5-4934-b366-9756b15dd90f@group-785BCF25C267, cid=3029, SUCCESS, logIndex=4553, commits[355864cd-7ac5-4934-b366-9756b15dd90f:c4554, ce4aa411-63c8-4399-99eb-27ce352844f3:c4552, 3eeffb0a-787e-48ec-a2f5-d0c540a89489:c4552]
2019-08-21 15:30:01,642 [grpc-default-executor-5] INFO  client.GrpcClientProtocolClient (GrpcClientProtocolClient.java:onNext(255)) - client-029E50227556->355864cd-7ac5-4934-b366-9756b15dd90f: receive RaftClientReply:client-029E50227556->355864cd-7ac5-4934-b366-9756b15dd90f@group-785BCF25C267, cid=3030, SUCCESS, logIndex=4554, commits[355864cd-7ac5-4934-b366-9756b15dd90f:c4554, ce4aa411-63c8-4399-99eb-27ce352844f3:c4552, 3eeffb0a-787e-48ec-a2f5-d0c540a89489:c4552]
2019-08-21 15:30:01,810 | INFO  | DNAudit | user=null | ip=null | op=WRITE_CHUNK {blockData=conID: 3 locID: 102655682254144134 bcsId: 4548} | ret=SUCCESS |  
2019-08-21 15:30:01,813 | INFO  | DNAudit | user=null | ip=null | op=PUT_BLOCK {blockData=[blockId=conID: 3 locID: 102655682254144134 bcsId: 0,size=3145728]} | ret=SUCCESS |  
2019-08-21 15:30:01,813 | INFO  | DNAudit | user=null | ip=null | op=WRITE_CHUNK {blockData=conID: 3 locID: 102655682254144134 bcsId: 4548} | ret=SUCCESS |  
2019-08-21 15:30:01,813 | INFO  | DNAudit | user=null | ip=null | op=PUT_BLOCK {blockData=[blockId=conID: 3 locID: 102655682254144134 bcsId: 0,size=3145728]} | ret=SUCCESS |  
2019-08-21 15:30:01,816 | INFO  | DNAudit | user=null | ip=null | op=WRITE_CHUNK {blockData=conID: 3 locID: 102655682254144134 bcsId: 4554} | ret=SUCCESS |  
2019-08-21 15:30:01,819 | INFO  | DNAudit | user=null | ip=null | op=WRITE_CHUNK {blockData=conID: 3 locID: 102655682254144134 bcsId: 4554} | ret=SUCCESS |  
2019-08-21 15:30:01,819 | INFO  | DNAudit | user=null | ip=null | op=WRITE_CHUNK {blockData=conID: 3 locID: 102655682254144134 bcsId: 4554} | ret=SUCCESS |  
2019-08-21 15:30:01,823 | INFO  | DNAudit | user=null | ip=null | op=WRITE_CHUNK {blockData=conID: 3 locID: 102655682254144134 bcsId: 4554} | ret=SUCCESS |  
2019-08-21 15:30:01,823 | INFO  | DNAudit | user=null | ip=null | op=PUT_BLOCK {blockData=[blockId=conID: 3 locID: 102655682254144134 bcsId: 0,size=4194304]} | ret=SUCCESS |  
2019-08-21 15:30:01,824 [grpc-default-executor-0] INFO  client.GrpcClientProtocolClient (GrpcClientProtocolClient.java:onNext(255)) - client-029E50227556->355864cd-7ac5-4934-b366-9756b15dd90f: receive RaftClientReply:client-029E50227556->355864cd-7ac5-4934-b366-9756b15dd90f@group-785BCF25C267, cid=3031, SUCCESS, logIndex=4557, commits[355864cd-7ac5-4934-b366-9756b15dd90f:c4558, ce4aa411-63c8-4399-99eb-27ce352844f3:c4555, 3eeffb0a-787e-48ec-a2f5-d0c540a89489:c4555]
2019-08-21 15:30:01,824 [grpc-default-executor-0] INFO  client.GrpcClientProtocolClient (GrpcClientProtocolClient.java:onNext(255)) - client-029E50227556->355864cd-7ac5-4934-b366-9756b15dd90f: receive RaftClientReply:client-029E50227556->355864cd-7ac5-4934-b366-9756b15dd90f@group-785BCF25C267, cid=3032, SUCCESS, logIndex=4558, commits[355864cd-7ac5-4934-b366-9756b15dd90f:c4558, ce4aa411-63c8-4399-99eb-27ce352844f3:c4555, 3eeffb0a-787e-48ec-a2f5-d0c540a89489:c4555]
2019-08-21 15:30:01,826 | INFO  | DNAudit | user=null | ip=null | op=WRITE_CHUNK {blockData=conID: 3 locID: 102655682254144134 bcsId: 4554} | ret=SUCCESS |  
2019-08-21 15:30:01,826 | INFO  | DNAudit | user=null | ip=null | op=WRITE_CHUNK {blockData=conID: 3 locID: 102655682254144134 bcsId: 4554} | ret=SUCCESS |  
2019-08-21 15:30:01,826 | INFO  | DNAudit | user=null | ip=null | op=PUT_BLOCK {blockData=[blockId=conID: 3 locID: 102655682254144134 bcsId: 0,size=4194304]} | ret=SUCCESS |  
2019-08-21 15:30:01,826 | INFO  | DNAudit | user=null | ip=null | op=PUT_BLOCK {blockData=[blockId=conID: 3 locID: 102655682254144134 bcsId: 0,size=4194304]} | ret=SUCCESS |  
2019-08-21 15:30:01,826 [grpc-default-executor-0] INFO  client.GrpcClientProtocolClient (GrpcClientProtocolClient.java:onNext(255)) - client-029E50227556->355864cd-7ac5-4934-b366-9756b15dd90f: receive RaftClientReply:client-029E50227556->355864cd-7ac5-4934-b366-9756b15dd90f@group-785BCF25C267, cid=3033, SUCCESS, logIndex=0, commits[355864cd-7ac5-4934-b366-9756b15dd90f:c4559, ce4aa411-63c8-4399-99eb-27ce352844f3:c4558, 3eeffb0a-787e-48ec-a2f5-d0c540a89489:c4558]
2019-08-21 15:30:01,832 | INFO  | SCMAudit | user=jenkins1000 | ip=192.168.5.153 | op=ALLOCATE_BLOCK {owner=78849ec2-2b05-45d8-8cb5-e95e2230dbd1, size=4194304, type=RATIS, factor=THREE} | ret=SUCCESS |  
2019-08-21 15:30:01,836 | INFO  | OMAudit | user=jenkins1000 | ip=127.0.0.1 | op=ALLOCATE_BLOCK {volume=vol-0-32358, bucket=bucket-0-01949, key=key-0-56547, dataSize=0, replicationType=null, replicationFactor=null, keyLocationInfo=null, clientID=102655680532119954} | ret=SUCCESS |  
2019-08-21 15:30:01,843 | INFO  | DNAudit | user=null | ip=null | op=WRITE_CHUNK {blockData=conID: 1 locID: 102655682270462599 bcsId: 0} | ret=SUCCESS |  
2019-08-21 15:30:01,846 | INFO  | DNAudit | user=null | ip=null | op=WRITE_CHUNK {blockData=conID: 1 locID: 102655682270462599 bcsId: 0} | ret=SUCCESS |  
2019-08-21 15:30:01,846 | INFO  | DNAudit | user=null | ip=null | op=WRITE_CHUNK {blockData=conID: 1 locID: 102655682270462599 bcsId: 0} | ret=SUCCESS |  
2019-08-21 15:30:01,846 | INFO  | DNAudit | user=null | ip=null | op=WRITE_CHUNK {blockData=conID: 1 locID: 102655682270462599 bcsId: 0} | ret=SUCCESS |  
2019-08-21 15:30:01,848 | INFO  | DNAudit | user=null | ip=null | op=WRITE_CHUNK {blockData=conID: 1 locID: 102655682270462599 bcsId: 0} | ret=SUCCESS |  
2019-08-21 15:30:01,848 | INFO  | DNAudit | user=null | ip=null | op=WRITE_CHUNK {blockData=conID: 1 locID: 102655682270462599 bcsId: 0} | ret=SUCCESS |  
2019-08-21 15:30:01,856 | INFO  | DNAudit | user=null | ip=null | op=WRITE_CHUNK {blockData=conID: 1 locID: 102655682270462599 bcsId: 0} | ret=SUCCESS |  
2019-08-21 15:30:01,856 | INFO  | DNAudit | user=null | ip=null | op=PUT_BLOCK {blockData=[blockId=conID: 1 locID: 102655682270462599 bcsId: 0,size=1048576]} | ret=SUCCESS |  
2019-08-21 15:30:01,857 [grpc-default-executor-3] INFO  client.GrpcClientProtocolClient (GrpcClientProtocolClient.java:onNext(255)) - client-029E50227556->355864cd-7ac5-4934-b366-9756b15dd90f: receive RaftClientReply:client-029E50227556->355864cd-7ac5-4934-b366-9756b15dd90f@group-785BCF25C267, cid=3034, SUCCESS, logIndex=4560, commits[355864cd-7ac5-4934-b366-9756b15dd90f:c4561, ce4aa411-63c8-4399-99eb-27ce352844f3:c4559, 3eeffb0a-787e-48ec-a2f5-d0c540a89489:c4559]
2019-08-21 15:30:01,857 | INFO  | DNAudit | user=null | ip=null | op=WRITE_CHUNK {blockData=conID: 1 locID: 102655682270462599 bcsId: 0} | ret=SUCCESS |  
2019-08-21 15:30:01,857 [grpc-default-executor-3] INFO  client.GrpcClientProtocolClient (GrpcClientProtocolClient.java:onNext(255)) - client-029E50227556->355864cd-7ac5-4934-b366-9756b15dd90f: receive RaftClientReply:client-029E50227556->355864cd-7ac5-4934-b366-9756b15dd90f@group-785BCF25C267, cid=3035, SUCCESS, logIndex=4561, commits[355864cd-7ac5-4934-b366-9756b15dd90f:c4561, ce4aa411-63c8-4399-99eb-27ce352844f3:c4559, 3eeffb0a-787e-48ec-a2f5-d0c540a89489:c4559]
2019-08-21 15:30:01,857 | INFO  | DNAudit | user=null | ip=null | op=PUT_BLOCK {blockData=[blockId=conID: 1 locID: 102655682270462599 bcsId: 0,size=2097152]} | ret=SUCCESS |  
2019-08-21 15:30:01,857 | INFO  | DNAudit | user=null | ip=null | op=WRITE_CHUNK {blockData=conID: 1 locID: 102655682270462599 bcsId: 0} | ret=SUCCESS |  
2019-08-21 15:30:01,857 [grpc-default-executor-3] INFO  client.GrpcClientProtocolClient (GrpcClientProtocolClient.java:onNext(255)) - client-029E50227556->355864cd-7ac5-4934-b366-9756b15dd90f: receive RaftClientReply:client-029E50227556->355864cd-7ac5-4934-b366-9756b15dd90f@group-785BCF25C267, cid=3036, SUCCESS, logIndex=4562, commits[355864cd-7ac5-4934-b366-9756b15dd90f:c4563, ce4aa411-63c8-4399-99eb-27ce352844f3:c4559, 3eeffb0a-787e-48ec-a2f5-d0c540a89489:c4559]
2019-08-21 15:30:01,858 | INFO  | DNAudit | user=null | ip=null | op=WRITE_CHUNK {blockData=conID: 1 locID: 102655682270462599 bcsId: 0} | ret=SUCCESS |  
2019-08-21 15:30:01,858 | INFO  | DNAudit | user=null | ip=null | op=PUT_BLOCK {blockData=[blockId=conID: 1 locID: 102655682270462599 bcsId: 0,size=1048576]} | ret=SUCCESS |  
2019-08-21 15:30:01,858 [grpc-default-executor-3] INFO  client.GrpcClientProtocolClient (GrpcClientProtocolClient.java:onNext(255)) - client-029E50227556->355864cd-7ac5-4934-b366-9756b15dd90f: receive RaftClientReply:client-029E50227556->355864cd-7ac5-4934-b366-9756b15dd90f@group-785BCF25C267, cid=3037, SUCCESS, logIndex=4563, commits[355864cd-7ac5-4934-b366-9756b15dd90f:c4564, ce4aa411-63c8-4399-99eb-27ce352844f3:c4560, 3eeffb0a-787e-48ec-a2f5-d0c540a89489:c4559]
2019-08-21 15:30:01,859 | INFO  | DNAudit | user=null | ip=null | op=PUT_BLOCK {blockData=[blockId=conID: 1 locID: 102655682270462599 bcsId: 0,size=1048576]} | ret=SUCCESS |  
2019-08-21 15:30:01,859 [grpc-default-executor-3] INFO  client.GrpcClientProtocolClient (GrpcClientProtocolClient.java:onNext(255)) - client-029E50227556->355864cd-7ac5-4934-b366-9756b15dd90f: receive RaftClientReply:client-029E50227556->355864cd-7ac5-4934-b366-9756b15dd90f@group-785BCF25C267, cid=3038, SUCCESS, logIndex=0, commits[355864cd-7ac5-4934-b366-9756b15dd90f:c4565, ce4aa411-63c8-4399-99eb-27ce352844f3:c4561, 3eeffb0a-787e-48ec-a2f5-d0c540a89489:c4561]
2019-08-21 15:30:01,859 | INFO  | DNAudit | user=null | ip=null | op=WRITE_CHUNK {blockData=conID: 1 locID: 102655682270462599 bcsId: 0} | ret=SUCCESS |  
2019-08-21 15:30:01,860 | INFO  | DNAudit | user=null | ip=null | op=PUT_BLOCK {blockData=[blockId=conID: 1 locID: 102655682270462599 bcsId: 0,size=2097152]} | ret=SUCCESS |  
2019-08-21 15:30:01,866 | INFO  | DNAudit | user=null | ip=null | op=WRITE_CHUNK {blockData=conID: 1 locID: 102655682270462599 bcsId: 4563} | ret=SUCCESS |  
2019-08-21 15:30:01,868 | INFO  | DNAudit | user=null | ip=null | op=WRITE_CHUNK {blockData=conID: 1 locID: 102655682270462599 bcsId: 4563} | ret=SUCCESS |  
2019-08-21 15:30:01,868 | INFO  | DNAudit | user=null | ip=null | op=WRITE_CHUNK {blockData=conID: 1 locID: 102655682270462599 bcsId: 4563} | ret=SUCCESS |  
2019-08-21 15:30:01,869 | INFO  | DNAudit | user=null | ip=null | op=WRITE_CHUNK {blockData=conID: 1 locID: 102655682270462599 bcsId: 0} | ret=SUCCESS |  
2019-08-21 15:30:01,869 | INFO  | DNAudit | user=null | ip=null | op=PUT_BLOCK {blockData=[blockId=conID: 1 locID: 102655682270462599 bcsId: 0,size=2097152]} | ret=SUCCESS |  
2019-08-21 15:30:01,882 | INFO  | DNAudit | user=null | ip=null | op=WRITE_CHUNK {blockData=conID: 1 locID: 102655682270462599 bcsId: 4563} | ret=SUCCESS |  
2019-08-21 15:30:01,882 | INFO  | DNAudit | user=null | ip=null | op=PUT_BLOCK {blockData=[blockId=conID: 1 locID: 102655682270462599 bcsId: 0,size=3145728]} | ret=SUCCESS |  
2019-08-21 15:30:01,882 [grpc-default-executor-3] INFO  client.GrpcClientProtocolClient (GrpcClientProtocolClient.java:onNext(255)) - client-029E50227556->355864cd-7ac5-4934-b366-9756b15dd90f: receive RaftClientReply:client-029E50227556->355864cd-7ac5-4934-b366-9756b15dd90f@group-785BCF25C267, cid=3039, SUCCESS, logIndex=4567, commits[355864cd-7ac5-4934-b366-9756b15dd90f:c4568, ce4aa411-63c8-4399-99eb-27ce352844f3:c4566, 3eeffb0a-787e-48ec-a2f5-d0c540a89489:c4566]
2019-08-21 15:30:01,882 [grpc-default-executor-3] INFO  client.GrpcClientProtocolClient (GrpcClientProtocolClient.java:onNext(255)) - client-029E50227556->355864cd-7ac5-4934-b366-9756b15dd90f: receive RaftClientReply:client-029E50227556->355864cd-7ac5-4934-b366-9756b15dd90f@group-785BCF25C267, cid=3040, SUCCESS, logIndex=4568, commits[355864cd-7ac5-4934-b366-9756b15dd90f:c4568, ce4aa411-63c8-4399-99eb-27ce352844f3:c4566, 3eeffb0a-787e-48ec-a2f5-d0c540a89489:c4566]
2019-08-21 15:30:01,889 | INFO  | DNAudit | user=null | ip=null | op=WRITE_CHUNK {blockData=conID: 1 locID: 102655682270462599 bcsId: 4568} | ret=SUCCESS |  
2019-08-21 15:30:01,892 | INFO  | DNAudit | user=null | ip=null | op=WRITE_CHUNK {blockData=conID: 1 locID: 102655682270462599 bcsId: 4568} | ret=SUCCESS |  
2019-08-21 15:30:01,892 | INFO  | DNAudit | user=null | ip=null | op=WRITE_CHUNK {blockData=conID: 1 locID: 102655682270462599 bcsId: 4568} | ret=SUCCESS |  
2019-08-21 15:30:01,895 | INFO  | DNAudit | user=null | ip=null | op=WRITE_CHUNK {blockData=conID: 1 locID: 102655682270462599 bcsId: 4563} | ret=SUCCESS |  
2019-08-21 15:30:01,895 | INFO  | DNAudit | user=null | ip=null | op=WRITE_CHUNK {blockData=conID: 1 locID: 102655682270462599 bcsId: 4563} | ret=SUCCESS |  
2019-08-21 15:30:01,907 | INFO  | DNAudit | user=null | ip=null | op=PUT_BLOCK {blockData=[blockId=conID: 1 locID: 102655682270462599 bcsId: 0,size=3145728]} | ret=SUCCESS |  
2019-08-21 15:30:01,907 | INFO  | DNAudit | user=null | ip=null | op=PUT_BLOCK {blockData=[blockId=conID: 1 locID: 102655682270462599 bcsId: 0,size=3145728]} | ret=SUCCESS |  
2019-08-21 15:30:01,908 | INFO  | DNAudit | user=null | ip=null | op=WRITE_CHUNK {blockData=conID: 1 locID: 102655682270462599 bcsId: 4568} | ret=SUCCESS |  
2019-08-21 15:30:01,908 | INFO  | DNAudit | user=null | ip=null | op=PUT_BLOCK {blockData=[blockId=conID: 1 locID: 102655682270462599 bcsId: 0,size=4194304]} | ret=SUCCESS |  
2019-08-21 15:30:01,909 [grpc-default-executor-5] INFO  client.GrpcClientProtocolClient (GrpcClientProtocolClient.java:onNext(255)) - client-029E50227556->355864cd-7ac5-4934-b366-9756b15dd90f: receive RaftClientReply:client-029E50227556->355864cd-7ac5-4934-b366-9756b15dd90f@group-785BCF25C267, cid=3041, SUCCESS, logIndex=4571, commits[355864cd-7ac5-4934-b366-9756b15dd90f:c4571, ce4aa411-63c8-4399-99eb-27ce352844f3:c4568, 3eeffb0a-787e-48ec-a2f5-d0c540a89489:c4568]
2019-08-21 15:30:01,909 [grpc-default-executor-5] INFO  client.GrpcClientProtocolClient (GrpcClientProtocolClient.java:onNext(255)) - client-029E50227556->355864cd-7ac5-4934-b366-9756b15dd90f: receive RaftClientReply:client-029E50227556->355864cd-7ac5-4934-b366-9756b15dd90f@group-785BCF25C267, cid=3042, SUCCESS, logIndex=4572, commits[355864cd-7ac5-4934-b366-9756b15dd90f:c4572, ce4aa411-63c8-4399-99eb-27ce352844f3:c4568, 3eeffb0a-787e-48ec-a2f5-d0c540a89489:c4568]
2019-08-21 15:30:01,921 | INFO  | DNAudit | user=null | ip=null | op=WRITE_CHUNK {blockData=conID: 1 locID: 102655682270462599 bcsId: 4568} | ret=SUCCESS |  
2019-08-21 15:30:01,921 | INFO  | DNAudit | user=null | ip=null | op=WRITE_CHUNK {blockData=conID: 1 locID: 102655682270462599 bcsId: 4568} | ret=SUCCESS |  
2019-08-21 15:30:01,934 | INFO  | DNAudit | user=null | ip=null | op=PUT_BLOCK {blockData=[blockId=conID: 1 locID: 102655682270462599 bcsId: 0,size=4194304]} | ret=SUCCESS |  
2019-08-21 15:30:01,934 | INFO  | DNAudit | user=null | ip=null | op=PUT_BLOCK {blockData=[blockId=conID: 1 locID: 102655682270462599 bcsId: 0,size=4194304]} | ret=SUCCESS |  
2019-08-21 15:30:01,935 [grpc-default-executor-5] INFO  client.GrpcClientProtocolClient (GrpcClientProtocolClient.java:onNext(255)) - client-029E50227556->355864cd-7ac5-4934-b366-9756b15dd90f: receive RaftClientReply:client-029E50227556->355864cd-7ac5-4934-b366-9756b15dd90f@group-785BCF25C267, cid=3043, SUCCESS, logIndex=0, commits[355864cd-7ac5-4934-b366-9756b15dd90f:c4574, ce4aa411-63c8-4399-99eb-27ce352844f3:c4572, 3eeffb0a-787e-48ec-a2f5-d0c540a89489:c4572]
2019-08-21 15:30:01,941 | INFO  | SCMAudit | user=jenkins1000 | ip=192.168.5.153 | op=ALLOCATE_BLOCK {owner=78849ec2-2b05-45d8-8cb5-e95e2230dbd1, size=4194304, type=RATIS, factor=THREE} | ret=SUCCESS |  
2019-08-21 15:30:01,945 | INFO  | OMAudit | user=jenkins1000 | ip=127.0.0.1 | op=ALLOCATE_BLOCK {volume=vol-0-32358, bucket=bucket-0-01949, key=key-0-56547, dataSize=0, replicationType=null, replicationFactor=null, keyLocationInfo=null, clientID=102655680532119954} | ret=SUCCESS |  
2019-08-21 15:30:01,954 | INFO  | DNAudit | user=null | ip=null | op=WRITE_CHUNK {blockData=conID: 2 locID: 102655682277606024 bcsId: 0} | ret=SUCCESS |  
2019-08-21 15:30:01,957 | INFO  | DNAudit | user=null | ip=null | op=WRITE_CHUNK {blockData=conID: 2 locID: 102655682277606024 bcsId: 0} | ret=SUCCESS |  
2019-08-21 15:30:01,958 | INFO  | DNAudit | user=null | ip=null | op=WRITE_CHUNK {blockData=conID: 2 locID: 102655682277606024 bcsId: 0} | ret=SUCCESS |  
2019-08-21 15:30:01,958 | INFO  | DNAudit | user=null | ip=null | op=WRITE_CHUNK {blockData=conID: 2 locID: 102655682277606024 bcsId: 0} | ret=SUCCESS |  
2019-08-21 15:30:01,961 | INFO  | DNAudit | user=null | ip=null | op=WRITE_CHUNK {blockData=conID: 2 locID: 102655682277606024 bcsId: 0} | ret=SUCCESS |  
2019-08-21 15:30:01,961 | INFO  | DNAudit | user=null | ip=null | op=WRITE_CHUNK {blockData=conID: 2 locID: 102655682277606024 bcsId: 0} | ret=SUCCESS |  
2019-08-21 15:30:01,969 | INFO  | DNAudit | user=null | ip=null | op=WRITE_CHUNK {blockData=conID: 2 locID: 102655682277606024 bcsId: 0} | ret=SUCCESS |  
2019-08-21 15:30:01,970 | INFO  | DNAudit | user=null | ip=null | op=PUT_BLOCK {blockData=[blockId=conID: 2 locID: 102655682277606024 bcsId: 0,size=1048576]} | ret=SUCCESS |  
2019-08-21 15:30:01,970 [grpc-default-executor-0] INFO  client.GrpcClientProtocolClient (GrpcClientProtocolClient.java:onNext(255)) - client-029E50227556->355864cd-7ac5-4934-b366-9756b15dd90f: receive RaftClientReply:client-029E50227556->355864cd-7ac5-4934-b366-9756b15dd90f@group-785BCF25C267, cid=3044, SUCCESS, logIndex=4575, commits[355864cd-7ac5-4934-b366-9756b15dd90f:c4576, ce4aa411-63c8-4399-99eb-27ce352844f3:c4574, 3eeffb0a-787e-48ec-a2f5-d0c540a89489:c4574]
2019-08-21 15:30:01,970 [grpc-default-executor-0] INFO  client.GrpcClientProtocolClient (GrpcClientProtocolClient.java:onNext(255)) - client-029E50227556->355864cd-7ac5-4934-b366-9756b15dd90f: receive RaftClientReply:client-029E50227556->355864cd-7ac5-4934-b366-9756b15dd90f@group-785BCF25C267, cid=3045, SUCCESS, logIndex=4576, commits[355864cd-7ac5-4934-b366-9756b15dd90f:c4576, ce4aa411-63c8-4399-99eb-27ce352844f3:c4574, 3eeffb0a-787e-48ec-a2f5-d0c540a89489:c4574]
2019-08-21 15:30:01,973 | INFO  | DNAudit | user=null | ip=null | op=WRITE_CHUNK {blockData=conID: 2 locID: 102655682277606024 bcsId: 0} | ret=SUCCESS |  
2019-08-21 15:30:01,973 | INFO  | DNAudit | user=null | ip=null | op=PUT_BLOCK {blockData=[blockId=conID: 2 locID: 102655682277606024 bcsId: 0,size=2097152]} | ret=SUCCESS |  
2019-08-21 15:30:01,973 [grpc-default-executor-5] INFO  client.GrpcClientProtocolClient (GrpcClientProtocolClient.java:onNext(255)) - client-029E50227556->355864cd-7ac5-4934-b366-9756b15dd90f: receive RaftClientReply:client-029E50227556->355864cd-7ac5-4934-b366-9756b15dd90f@group-785BCF25C267, cid=3046, SUCCESS, logIndex=4577, commits[355864cd-7ac5-4934-b366-9756b15dd90f:c4578, ce4aa411-63c8-4399-99eb-27ce352844f3:c4574, 3eeffb0a-787e-48ec-a2f5-d0c540a89489:c4574]
2019-08-21 15:30:01,974 [grpc-default-executor-5] INFO  client.GrpcClientProtocolClient (GrpcClientProtocolClient.java:onNext(255)) - client-029E50227556->355864cd-7ac5-4934-b366-9756b15dd90f: receive RaftClientReply:client-029E50227556->355864cd-7ac5-4934-b366-9756b15dd90f@group-785BCF25C267, cid=3047, SUCCESS, logIndex=4578, commits[355864cd-7ac5-4934-b366-9756b15dd90f:c4578, ce4aa411-63c8-4399-99eb-27ce352844f3:c4574, 3eeffb0a-787e-48ec-a2f5-d0c540a89489:c4574]
2019-08-21 15:30:01,984 | INFO  | DNAudit | user=null | ip=null | op=WRITE_CHUNK {blockData=conID: 2 locID: 102655682277606024 bcsId: 0} | ret=SUCCESS |  
2019-08-21 15:30:01,984 | INFO  | DNAudit | user=null | ip=null | op=PUT_BLOCK {blockData=[blockId=conID: 2 locID: 102655682277606024 bcsId: 0,size=1048576]} | ret=SUCCESS |  
2019-08-21 15:30:01,985 | INFO  | DNAudit | user=null | ip=null | op=WRITE_CHUNK {blockData=conID: 2 locID: 102655682277606024 bcsId: 0} | ret=SUCCESS |  
2019-08-21 15:30:01,985 | INFO  | DNAudit | user=null | ip=null | op=PUT_BLOCK {blockData=[blockId=conID: 2 locID: 102655682277606024 bcsId: 0,size=1048576]} | ret=SUCCESS |  
2019-08-21 15:30:01,986 [grpc-default-executor-5] INFO  client.GrpcClientProtocolClient (GrpcClientProtocolClient.java:onNext(255)) - client-029E50227556->355864cd-7ac5-4934-b366-9756b15dd90f: receive RaftClientReply:client-029E50227556->355864cd-7ac5-4934-b366-9756b15dd90f@group-785BCF25C267, cid=3048, SUCCESS, logIndex=0, commits[355864cd-7ac5-4934-b366-9756b15dd90f:c4580, ce4aa411-63c8-4399-99eb-27ce352844f3:c4576, 3eeffb0a-787e-48ec-a2f5-d0c540a89489:c4576]
2019-08-21 15:30:01,994 | INFO  | DNAudit | user=null | ip=null | op=WRITE_CHUNK {blockData=conID: 2 locID: 102655682277606024 bcsId: 4578} | ret=SUCCESS |  
2019-08-21 15:30:01,995 | INFO  | DNAudit | user=null | ip=null | op=WRITE_CHUNK {blockData=conID: 2 locID: 102655682277606024 bcsId: 0} | ret=SUCCESS |  
2019-08-21 15:30:01,996 | INFO  | DNAudit | user=null | ip=null | op=PUT_BLOCK {blockData=[blockId=conID: 2 locID: 102655682277606024 bcsId: 0,size=2097152]} | ret=SUCCESS |  
2019-08-21 15:30:01,997 | INFO  | DNAudit | user=null | ip=null | op=WRITE_CHUNK {blockData=conID: 2 locID: 102655682277606024 bcsId: 4578} | ret=SUCCESS |  
2019-08-21 15:30:01,997 | INFO  | DNAudit | user=null | ip=null | op=WRITE_CHUNK {blockData=conID: 2 locID: 102655682277606024 bcsId: 4578} | ret=SUCCESS |  
2019-08-21 15:30:02,004 | INFO  | DNAudit | user=null | ip=null | op=WRITE_CHUNK {blockData=conID: 2 locID: 102655682277606024 bcsId: 0} | ret=SUCCESS |  
2019-08-21 15:30:02,005 | INFO  | DNAudit | user=null | ip=null | op=PUT_BLOCK {blockData=[blockId=conID: 2 locID: 102655682277606024 bcsId: 0,size=2097152]} | ret=SUCCESS |  
2019-08-21 15:30:02,016 | INFO  | DNAudit | user=null | ip=null | op=WRITE_CHUNK {blockData=conID: 2 locID: 102655682277606024 bcsId: 4578} | ret=SUCCESS |  
2019-08-21 15:30:02,016 | INFO  | DNAudit | user=null | ip=null | op=PUT_BLOCK {blockData=[blockId=conID: 2 locID: 102655682277606024 bcsId: 0,size=3145728]} | ret=SUCCESS |  
2019-08-21 15:30:02,016 [grpc-default-executor-4] INFO  client.GrpcClientProtocolClient (GrpcClientProtocolClient.java:onNext(255)) - client-029E50227556->355864cd-7ac5-4934-b366-9756b15dd90f: receive RaftClientReply:client-029E50227556->355864cd-7ac5-4934-b366-9756b15dd90f@group-785BCF25C267, cid=3049, SUCCESS, logIndex=4583, commits[355864cd-7ac5-4934-b366-9756b15dd90f:c4584, ce4aa411-63c8-4399-99eb-27ce352844f3:c4578, 3eeffb0a-787e-48ec-a2f5-d0c540a89489:c4580]
2019-08-21 15:30:02,017 [grpc-default-executor-4] INFO  client.GrpcClientProtocolClient (GrpcClientProtocolClient.java:onNext(255)) - client-029E50227556->355864cd-7ac5-4934-b366-9756b15dd90f: receive RaftClientReply:client-029E50227556->355864cd-7ac5-4934-b366-9756b15dd90f@group-785BCF25C267, cid=3050, SUCCESS, logIndex=4584, commits[355864cd-7ac5-4934-b366-9756b15dd90f:c4584, ce4aa411-63c8-4399-99eb-27ce352844f3:c4580, 3eeffb0a-787e-48ec-a2f5-d0c540a89489:c4580]
2019-08-21 15:30:02,025 | INFO  | DNAudit | user=null | ip=null | op=WRITE_CHUNK {blockData=conID: 2 locID: 102655682277606024 bcsId: 4584} | ret=SUCCESS |  
2019-08-21 15:30:02,026 | INFO  | DNAudit | user=null | ip=null | op=WRITE_CHUNK {blockData=conID: 2 locID: 102655682277606024 bcsId: 4578} | ret=SUCCESS |  
2019-08-21 15:30:02,026 | INFO  | DNAudit | user=null | ip=null | op=PUT_BLOCK {blockData=[blockId=conID: 2 locID: 102655682277606024 bcsId: 0,size=3145728]} | ret=SUCCESS |  
2019-08-21 15:30:02,026 | INFO  | DNAudit | user=null | ip=null | op=WRITE_CHUNK {blockData=conID: 2 locID: 102655682277606024 bcsId: 4578} | ret=SUCCESS |  
2019-08-21 15:30:02,026 | INFO  | DNAudit | user=null | ip=null | op=PUT_BLOCK {blockData=[blockId=conID: 2 locID: 102655682277606024 bcsId: 0,size=3145728]} | ret=SUCCESS |  
2019-08-21 15:30:02,028 | INFO  | DNAudit | user=null | ip=null | op=WRITE_CHUNK {blockData=conID: 2 locID: 102655682277606024 bcsId: 4584} | ret=SUCCESS |  
2019-08-21 15:30:02,029 | INFO  | DNAudit | user=null | ip=null | op=WRITE_CHUNK {blockData=conID: 2 locID: 102655682277606024 bcsId: 4584} | ret=SUCCESS |  
2019-08-21 15:30:02,038 | INFO  | DNAudit | user=null | ip=null | op=WRITE_CHUNK {blockData=conID: 2 locID: 102655682277606024 bcsId: 4584} | ret=SUCCESS |  
2019-08-21 15:30:02,038 | INFO  | DNAudit | user=null | ip=null | op=PUT_BLOCK {blockData=[blockId=conID: 2 locID: 102655682277606024 bcsId: 0,size=4194304]} | ret=SUCCESS |  
2019-08-21 15:30:02,039 [grpc-default-executor-3] INFO  client.GrpcClientProtocolClient (GrpcClientProtocolClient.java:onNext(255)) - client-029E50227556->355864cd-7ac5-4934-b366-9756b15dd90f: receive RaftClientReply:client-029E50227556->355864cd-7ac5-4934-b366-9756b15dd90f@group-785BCF25C267, cid=3051, SUCCESS, logIndex=4586, commits[355864cd-7ac5-4934-b366-9756b15dd90f:c4587, ce4aa411-63c8-4399-99eb-27ce352844f3:c4584, 3eeffb0a-787e-48ec-a2f5-d0c540a89489:c4584]
2019-08-21 15:30:02,039 [grpc-default-executor-3] INFO  client.GrpcClientProtocolClient (GrpcClientProtocolClient.java:onNext(255)) - client-029E50227556->355864cd-7ac5-4934-b366-9756b15dd90f: receive RaftClientReply:client-029E50227556->355864cd-7ac5-4934-b366-9756b15dd90f@group-785BCF25C267, cid=3052, SUCCESS, logIndex=4587, commits[355864cd-7ac5-4934-b366-9756b15dd90f:c4587, ce4aa411-63c8-4399-99eb-27ce352844f3:c4584, 3eeffb0a-787e-48ec-a2f5-d0c540a89489:c4584]
2019-08-21 15:30:02,056 | INFO  | DNAudit | user=null | ip=null | op=WRITE_CHUNK {blockData=conID: 2 locID: 102655682277606024 bcsId: 4584} | ret=SUCCESS |  
2019-08-21 15:30:02,056 | INFO  | DNAudit | user=null | ip=null | op=WRITE_CHUNK {blockData=conID: 2 locID: 102655682277606024 bcsId: 4584} | ret=SUCCESS |  
2019-08-21 15:30:02,059 | INFO  | DNAudit | user=null | ip=null | op=PUT_BLOCK {blockData=[blockId=conID: 2 locID: 102655682277606024 bcsId: 0,size=4194304]} | ret=SUCCESS |  
2019-08-21 15:30:02,059 | INFO  | DNAudit | user=null | ip=null | op=PUT_BLOCK {blockData=[blockId=conID: 2 locID: 102655682277606024 bcsId: 0,size=4194304]} | ret=SUCCESS |  
2019-08-21 15:30:02,060 [grpc-default-executor-5] INFO  client.GrpcClientProtocolClient (GrpcClientProtocolClient.java:onNext(255)) - client-029E50227556->355864cd-7ac5-4934-b366-9756b15dd90f: receive RaftClientReply:client-029E50227556->355864cd-7ac5-4934-b366-9756b15dd90f@group-785BCF25C267, cid=3053, SUCCESS, logIndex=0, commits[355864cd-7ac5-4934-b366-9756b15dd90f:c4588, ce4aa411-63c8-4399-99eb-27ce352844f3:c4587, 3eeffb0a-787e-48ec-a2f5-d0c540a89489:c4587]
2019-08-21 15:30:02,068 | INFO  | SCMAudit | user=jenkins1000 | ip=192.168.5.153 | op=ALLOCATE_BLOCK {owner=78849ec2-2b05-45d8-8cb5-e95e2230dbd1, size=4194304, type=RATIS, factor=THREE} | ret=SUCCESS |  
2019-08-21 15:30:02,073 | INFO  | OMAudit | user=jenkins1000 | ip=127.0.0.1 | op=ALLOCATE_BLOCK {volume=vol-0-32358, bucket=bucket-0-01949, key=key-0-56547, dataSize=0, replicationType=null, replicationFactor=null, keyLocationInfo=null, clientID=102655680532119954} | ret=SUCCESS |  
2019-08-21 15:30:02,082 | INFO  | DNAudit | user=null | ip=null | op=WRITE_CHUNK {blockData=conID: 3 locID: 102655682285929097 bcsId: 0} | ret=SUCCESS |  
2019-08-21 15:30:02,085 | INFO  | DNAudit | user=null | ip=null | op=WRITE_CHUNK {blockData=conID: 3 locID: 102655682285929097 bcsId: 0} | ret=SUCCESS |  
2019-08-21 15:30:02,086 | INFO  | DNAudit | user=null | ip=null | op=WRITE_CHUNK {blockData=conID: 3 locID: 102655682285929097 bcsId: 0} | ret=SUCCESS |  
2019-08-21 15:30:02,086 | INFO  | DNAudit | user=null | ip=null | op=WRITE_CHUNK {blockData=conID: 3 locID: 102655682285929097 bcsId: 0} | ret=SUCCESS |  
2019-08-21 15:30:02,089 | INFO  | DNAudit | user=null | ip=null | op=WRITE_CHUNK {blockData=conID: 3 locID: 102655682285929097 bcsId: 0} | ret=SUCCESS |  
2019-08-21 15:30:02,089 | INFO  | DNAudit | user=null | ip=null | op=WRITE_CHUNK {blockData=conID: 3 locID: 102655682285929097 bcsId: 0} | ret=SUCCESS |  
2019-08-21 15:30:02,096 | INFO  | DNAudit | user=null | ip=null | op=WRITE_CHUNK {blockData=conID: 3 locID: 102655682285929097 bcsId: 0} | ret=SUCCESS |  
2019-08-21 15:30:02,096 | INFO  | DNAudit | user=null | ip=null | op=PUT_BLOCK {blockData=[blockId=conID: 3 locID: 102655682285929097 bcsId: 0,size=1048576]} | ret=SUCCESS |  
2019-08-21 15:30:02,096 [grpc-default-executor-4] INFO  client.GrpcClientProtocolClient (GrpcClientProtocolClient.java:onNext(255)) - client-029E50227556->355864cd-7ac5-4934-b366-9756b15dd90f: receive RaftClientReply:client-029E50227556->355864cd-7ac5-4934-b366-9756b15dd90f@group-785BCF25C267, cid=3054, SUCCESS, logIndex=4590, commits[355864cd-7ac5-4934-b366-9756b15dd90f:c4591, ce4aa411-63c8-4399-99eb-27ce352844f3:c4589, 3eeffb0a-787e-48ec-a2f5-d0c540a89489:c4589]
2019-08-21 15:30:02,097 | INFO  | DNAudit | user=null | ip=null | op=WRITE_CHUNK {blockData=conID: 3 locID: 102655682285929097 bcsId: 0} | ret=SUCCESS |  
2019-08-21 15:30:02,097 [grpc-default-executor-4] INFO  client.GrpcClientProtocolClient (GrpcClientProtocolClient.java:onNext(255)) - client-029E50227556->355864cd-7ac5-4934-b366-9756b15dd90f: receive RaftClientReply:client-029E50227556->355864cd-7ac5-4934-b366-9756b15dd90f@group-785BCF25C267, cid=3055, SUCCESS, logIndex=4591, commits[355864cd-7ac5-4934-b366-9756b15dd90f:c4591, ce4aa411-63c8-4399-99eb-27ce352844f3:c4589, 3eeffb0a-787e-48ec-a2f5-d0c540a89489:c4589]
2019-08-21 15:30:02,098 | INFO  | DNAudit | user=null | ip=null | op=PUT_BLOCK {blockData=[blockId=conID: 3 locID: 102655682285929097 bcsId: 0,size=2097152]} | ret=SUCCESS |  
2019-08-21 15:30:02,098 [grpc-default-executor-4] INFO  client.GrpcClientProtocolClient (GrpcClientProtocolClient.java:onNext(255)) - client-029E50227556->355864cd-7ac5-4934-b366-9756b15dd90f: receive RaftClientReply:client-029E50227556->355864cd-7ac5-4934-b366-9756b15dd90f@group-785BCF25C267, cid=3056, SUCCESS, logIndex=4592, commits[355864cd-7ac5-4934-b366-9756b15dd90f:c4592, ce4aa411-63c8-4399-99eb-27ce352844f3:c4589, 3eeffb0a-787e-48ec-a2f5-d0c540a89489:c4589]
2019-08-21 15:30:02,098 [grpc-default-executor-4] INFO  client.GrpcClientProtocolClient (GrpcClientProtocolClient.java:onNext(255)) - client-029E50227556->355864cd-7ac5-4934-b366-9756b15dd90f: receive RaftClientReply:client-029E50227556->355864cd-7ac5-4934-b366-9756b15dd90f@group-785BCF25C267, cid=3057, SUCCESS, logIndex=4593, commits[355864cd-7ac5-4934-b366-9756b15dd90f:c4593, ce4aa411-63c8-4399-99eb-27ce352844f3:c4589, 3eeffb0a-787e-48ec-a2f5-d0c540a89489:c4589]
2019-08-21 15:30:02,110 | INFO  | DNAudit | user=null | ip=null | op=WRITE_CHUNK {blockData=conID: 3 locID: 102655682285929097 bcsId: 0} | ret=SUCCESS |  
2019-08-21 15:30:02,110 | INFO  | DNAudit | user=null | ip=null | op=PUT_BLOCK {blockData=[blockId=conID: 3 locID: 102655682285929097 bcsId: 0,size=1048576]} | ret=SUCCESS |  
2019-08-21 15:30:02,111 | INFO  | DNAudit | user=null | ip=null | op=WRITE_CHUNK {blockData=conID: 3 locID: 102655682285929097 bcsId: 0} | ret=SUCCESS |  
2019-08-21 15:30:02,111 | INFO  | DNAudit | user=null | ip=null | op=PUT_BLOCK {blockData=[blockId=conID: 3 locID: 102655682285929097 bcsId: 0,size=1048576]} | ret=SUCCESS |  
2019-08-21 15:30:02,111 | INFO  | DNAudit | user=null | ip=null | op=WRITE_CHUNK {blockData=conID: 3 locID: 102655682285929097 bcsId: 0} | ret=SUCCESS |  
2019-08-21 15:30:02,111 [grpc-default-executor-4] INFO  client.GrpcClientProtocolClient (GrpcClientProtocolClient.java:onNext(255)) - client-029E50227556->355864cd-7ac5-4934-b366-9756b15dd90f: receive RaftClientReply:client-029E50227556->355864cd-7ac5-4934-b366-9756b15dd90f@group-785BCF25C267, cid=3058, SUCCESS, logIndex=0, commits[355864cd-7ac5-4934-b366-9756b15dd90f:c4595, ce4aa411-63c8-4399-99eb-27ce352844f3:c4591, 3eeffb0a-787e-48ec-a2f5-d0c540a89489:c4591]
2019-08-21 15:30:02,111 | INFO  | DNAudit | user=null | ip=null | op=PUT_BLOCK {blockData=[blockId=conID: 3 locID: 102655682285929097 bcsId: 0,size=2097152]} | ret=SUCCESS |  
2019-08-21 15:30:02,124 | INFO  | SCMAudit | user=jenkins1000 | ip=192.168.5.153 | op=SEND_HEARTBEAT {datanodeUUID=3eeffb0a-787e-48ec-a2f5-d0c540a89489, command=[]} | ret=SUCCESS |  
2019-08-21 15:30:02,124 | INFO  | SCMAudit | user=jenkins1000 | ip=192.168.5.153 | op=SEND_HEARTBEAT {datanodeUUID=ce4aa411-63c8-4399-99eb-27ce352844f3, command=[]} | ret=SUCCESS |  
2019-08-21 15:30:02,125 | INFO  | DNAudit | user=null | ip=null | op=WRITE_CHUNK {blockData=conID: 3 locID: 102655682285929097 bcsId: 0} | ret=SUCCESS |  
 0.00% |█                                                                                                    |  0/1 Time: 0:00:262019-08-21 15:30:02,125 | INFO  | DNAudit | user=null | ip=null | op=PUT_BLOCK {blockData=[blockId=conID: 3 locID: 102655682285929097 bcsId: 0,size=2097152]} | ret=SUCCESS |  
2019-08-21 15:30:02,125 | INFO  | SCMAudit | user=jenkins1000 | ip=192.168.5.153 | op=SEND_HEARTBEAT {datanodeUUID=a0074e04-2715-4b16-a2b0-10b5043d27ae, command=[]} | ret=SUCCESS |  
2019-08-21 15:30:02,126 | INFO  | SCMAudit | user=jenkins1000 | ip=192.168.5.153 | op=SEND_HEARTBEAT {datanodeUUID=355864cd-7ac5-4934-b366-9756b15dd90f, command=[]} | ret=SUCCESS |  
2019-08-21 15:30:02,127 | INFO  | SCMAudit | user=jenkins1000 | ip=192.168.5.153 | op=SEND_HEARTBEAT {datanodeUUID=a38cd7e0-d792-481c-a4c0-f4feaa89ec8f, command=[]} | ret=SUCCESS |  
2019-08-21 15:30:02,128 | INFO  | DNAudit | user=null | ip=null | op=WRITE_CHUNK {blockData=conID: 3 locID: 102655682285929097 bcsId: 4593} | ret=SUCCESS |  
2019-08-21 15:30:02,131 | INFO  | DNAudit | user=null | ip=null | op=WRITE_CHUNK {blockData=conID: 3 locID: 102655682285929097 bcsId: 4593} | ret=SUCCESS |  
2019-08-21 15:30:02,131 | INFO  | DNAudit | user=null | ip=null | op=WRITE_CHUNK {blockData=conID: 3 locID: 102655682285929097 bcsId: 4593} | ret=SUCCESS |  
2019-08-21 15:30:02,142 | INFO  | DNAudit | user=null | ip=null | op=WRITE_CHUNK {blockData=conID: 3 locID: 102655682285929097 bcsId: 4593} | ret=SUCCESS |  
2019-08-21 15:30:02,143 | INFO  | DNAudit | user=null | ip=null | op=PUT_BLOCK {blockData=[blockId=conID: 3 locID: 102655682285929097 bcsId: 0,size=3145728]} | ret=SUCCESS |  
2019-08-21 15:30:02,143 [grpc-default-executor-3] INFO  client.GrpcClientProtocolClient (GrpcClientProtocolClient.java:onNext(255)) - client-029E50227556->355864cd-7ac5-4934-b366-9756b15dd90f: receive RaftClientReply:client-029E50227556->355864cd-7ac5-4934-b366-9756b15dd90f@group-785BCF25C267, cid=3059, SUCCESS, logIndex=4598, commits[355864cd-7ac5-4934-b366-9756b15dd90f:c4599, ce4aa411-63c8-4399-99eb-27ce352844f3:c4597, 3eeffb0a-787e-48ec-a2f5-d0c540a89489:c4597]
2019-08-21 15:30:02,143 [grpc-default-executor-3] INFO  client.GrpcClientProtocolClient (GrpcClientProtocolClient.java:onNext(255)) - client-029E50227556->355864cd-7ac5-4934-b366-9756b15dd90f: receive RaftClientReply:client-029E50227556->355864cd-7ac5-4934-b366-9756b15dd90f@group-785BCF25C267, cid=3060, SUCCESS, logIndex=4599, commits[355864cd-7ac5-4934-b366-9756b15dd90f:c4599, ce4aa411-63c8-4399-99eb-27ce352844f3:c4597, 3eeffb0a-787e-48ec-a2f5-d0c540a89489:c4597]
2019-08-21 15:30:02,150 | INFO  | DNAudit | user=null | ip=null | op=WRITE_CHUNK {blockData=conID: 3 locID: 102655682285929097 bcsId: 4599} | ret=SUCCESS |  
2019-08-21 15:30:02,153 | INFO  | DNAudit | user=null | ip=null | op=WRITE_CHUNK {blockData=conID: 3 locID: 102655682285929097 bcsId: 4599} | ret=SUCCESS |  
2019-08-21 15:30:02,153 | INFO  | DNAudit | user=null | ip=null | op=WRITE_CHUNK {blockData=conID: 3 locID: 102655682285929097 bcsId: 4599} | ret=SUCCESS |  
2019-08-21 15:30:02,162 | INFO  | DNAudit | user=null | ip=null | op=WRITE_CHUNK {blockData=conID: 3 locID: 102655682285929097 bcsId: 4593} | ret=SUCCESS |  
2019-08-21 15:30:02,162 | INFO  | DNAudit | user=null | ip=null | op=WRITE_CHUNK {blockData=conID: 3 locID: 102655682285929097 bcsId: 4593} | ret=SUCCESS |  
2019-08-21 15:30:02,162 | INFO  | DNAudit | user=null | ip=null | op=PUT_BLOCK {blockData=[blockId=conID: 3 locID: 102655682285929097 bcsId: 0,size=3145728]} | ret=SUCCESS |  
2019-08-21 15:30:02,162 | INFO  | DNAudit | user=null | ip=null | op=PUT_BLOCK {blockData=[blockId=conID: 3 locID: 102655682285929097 bcsId: 0,size=3145728]} | ret=SUCCESS |  
2019-08-21 15:30:02,176 | INFO  | DNAudit | user=null | ip=null | op=WRITE_CHUNK {blockData=conID: 3 locID: 102655682285929097 bcsId: 4599} | ret=SUCCESS |  
2019-08-21 15:30:02,177 | INFO  | DNAudit | user=null | ip=null | op=PUT_BLOCK {blockData=[blockId=conID: 3 locID: 102655682285929097 bcsId: 0,size=4194304]} | ret=SUCCESS |  
2019-08-21 15:30:02,177 [grpc-default-executor-0] INFO  client.GrpcClientProtocolClient (GrpcClientProtocolClient.java:onNext(255)) - client-029E50227556->355864cd-7ac5-4934-b366-9756b15dd90f: receive RaftClientReply:client-029E50227556->355864cd-7ac5-4934-b366-9756b15dd90f@group-785BCF25C267, cid=3061, SUCCESS, logIndex=4602, commits[355864cd-7ac5-4934-b366-9756b15dd90f:c4603, ce4aa411-63c8-4399-99eb-27ce352844f3:c4599, 3eeffb0a-787e-48ec-a2f5-d0c540a89489:c4599]
2019-08-21 15:30:02,177 [grpc-default-executor-0] INFO  client.GrpcClientProtocolClient (GrpcClientProtocolClient.java:onNext(255)) - client-029E50227556->355864cd-7ac5-4934-b366-9756b15dd90f: receive RaftClientReply:client-029E50227556->355864cd-7ac5-4934-b366-9756b15dd90f@group-785BCF25C267, cid=3062, SUCCESS, logIndex=4603, commits[355864cd-7ac5-4934-b366-9756b15dd90f:c4603, ce4aa411-63c8-4399-99eb-27ce352844f3:c4599, 3eeffb0a-787e-48ec-a2f5-d0c540a89489:c4599]
2019-08-21 15:30:02,189 | INFO  | DNAudit | user=null | ip=null | op=WRITE_CHUNK {blockData=conID: 3 locID: 102655682285929097 bcsId: 4599} | ret=SUCCESS |  
2019-08-21 15:30:02,190 | INFO  | DNAudit | user=null | ip=null | op=WRITE_CHUNK {blockData=conID: 3 locID: 102655682285929097 bcsId: 4599} | ret=SUCCESS |  
2019-08-21 15:30:02,190 | INFO  | DNAudit | user=null | ip=null | op=PUT_BLOCK {blockData=[blockId=conID: 3 locID: 102655682285929097 bcsId: 0,size=4194304]} | ret=SUCCESS |  
2019-08-21 15:30:02,190 | INFO  | DNAudit | user=null | ip=null | op=PUT_BLOCK {blockData=[blockId=conID: 3 locID: 102655682285929097 bcsId: 0,size=4194304]} | ret=SUCCESS |  
2019-08-21 15:30:02,190 [grpc-default-executor-0] INFO  client.GrpcClientProtocolClient (GrpcClientProtocolClient.java:onNext(255)) - client-029E50227556->355864cd-7ac5-4934-b366-9756b15dd90f: receive RaftClientReply:client-029E50227556->355864cd-7ac5-4934-b366-9756b15dd90f@group-785BCF25C267, cid=3063, SUCCESS, logIndex=0, commits[355864cd-7ac5-4934-b366-9756b15dd90f:c4604, ce4aa411-63c8-4399-99eb-27ce352844f3:c4603, 3eeffb0a-787e-48ec-a2f5-d0c540a89489:c4603]
2019-08-21 15:30:02,196 | INFO  | SCMAudit | user=jenkins1000 | ip=192.168.5.153 | op=ALLOCATE_BLOCK {owner=78849ec2-2b05-45d8-8cb5-e95e2230dbd1, size=4194304, type=RATIS, factor=THREE} | ret=SUCCESS |  
2019-08-21 15:30:02,199 | INFO  | OMAudit | user=jenkins1000 | ip=127.0.0.1 | op=ALLOCATE_BLOCK {volume=vol-0-32358, bucket=bucket-0-01949, key=key-0-56547, dataSize=0, replicationType=null, replicationFactor=null, keyLocationInfo=null, clientID=102655680532119954} | ret=SUCCESS |  
2019-08-21 15:30:02,207 | INFO  | DNAudit | user=null | ip=null | op=WRITE_CHUNK {blockData=conID: 1 locID: 102655682294317706 bcsId: 0} | ret=SUCCESS |  
2019-08-21 15:30:02,209 | INFO  | DNAudit | user=null | ip=null | op=WRITE_CHUNK {blockData=conID: 1 locID: 102655682294317706 bcsId: 0} | ret=SUCCESS |  
2019-08-21 15:30:02,209 | INFO  | DNAudit | user=null | ip=null | op=WRITE_CHUNK {blockData=conID: 1 locID: 102655682294317706 bcsId: 0} | ret=SUCCESS |  
2019-08-21 15:30:02,210 | INFO  | DNAudit | user=null | ip=null | op=WRITE_CHUNK {blockData=conID: 1 locID: 102655682294317706 bcsId: 0} | ret=SUCCESS |  
2019-08-21 15:30:02,211 | INFO  | DNAudit | user=null | ip=null | op=WRITE_CHUNK {blockData=conID: 1 locID: 102655682294317706 bcsId: 0} | ret=SUCCESS |  
2019-08-21 15:30:02,211 | INFO  | DNAudit | user=null | ip=null | op=WRITE_CHUNK {blockData=conID: 1 locID: 102655682294317706 bcsId: 0} | ret=SUCCESS |  
2019-08-21 15:30:02,222 | INFO  | DNAudit | user=null | ip=null | op=WRITE_CHUNK {blockData=conID: 1 locID: 102655682294317706 bcsId: 0} | ret=SUCCESS |  
2019-08-21 15:30:02,222 | INFO  | DNAudit | user=null | ip=null | op=PUT_BLOCK {blockData=[blockId=conID: 1 locID: 102655682294317706 bcsId: 0,size=1048576]} | ret=SUCCESS |  
2019-08-21 15:30:02,223 | INFO  | DNAudit | user=null | ip=null | op=WRITE_CHUNK {blockData=conID: 1 locID: 102655682294317706 bcsId: 0} | ret=SUCCESS |  
2019-08-21 15:30:02,223 [grpc-default-executor-3] INFO  client.GrpcClientProtocolClient (GrpcClientProtocolClient.java:onNext(255)) - client-029E50227556->355864cd-7ac5-4934-b366-9756b15dd90f: receive RaftClientReply:client-029E50227556->355864cd-7ac5-4934-b366-9756b15dd90f@group-785BCF25C267, cid=3064, SUCCESS, logIndex=4606, commits[355864cd-7ac5-4934-b366-9756b15dd90f:c4607, ce4aa411-63c8-4399-99eb-27ce352844f3:c4605, 3eeffb0a-787e-48ec-a2f5-d0c540a89489:c4605]
2019-08-21 15:30:02,223 | INFO  | DNAudit | user=null | ip=null | op=PUT_BLOCK {blockData=[blockId=conID: 1 locID: 102655682294317706 bcsId: 0,size=2097152]} | ret=SUCCESS |  
2019-08-21 15:30:02,223 [grpc-default-executor-3] INFO  client.GrpcClientProtocolClient (GrpcClientProtocolClient.java:onNext(255)) - client-029E50227556->355864cd-7ac5-4934-b366-9756b15dd90f: receive RaftClientReply:client-029E50227556->355864cd-7ac5-4934-b366-9756b15dd90f@group-785BCF25C267, cid=3065, SUCCESS, logIndex=4607, commits[355864cd-7ac5-4934-b366-9756b15dd90f:c4609, ce4aa411-63c8-4399-99eb-27ce352844f3:c4605, 3eeffb0a-787e-48ec-a2f5-d0c540a89489:c4605]
2019-08-21 15:30:02,223 [grpc-default-executor-3] INFO  client.GrpcClientProtocolClient (GrpcClientProtocolClient.java:onNext(255)) - client-029E50227556->355864cd-7ac5-4934-b366-9756b15dd90f: receive RaftClientReply:client-029E50227556->355864cd-7ac5-4934-b366-9756b15dd90f@group-785BCF25C267, cid=3066, SUCCESS, logIndex=4608, commits[355864cd-7ac5-4934-b366-9756b15dd90f:c4609, ce4aa411-63c8-4399-99eb-27ce352844f3:c4605, 3eeffb0a-787e-48ec-a2f5-d0c540a89489:c4605]
2019-08-21 15:30:02,224 [grpc-default-executor-3] INFO  client.GrpcClientProtocolClient (GrpcClientProtocolClient.java:onNext(255)) - client-029E50227556->355864cd-7ac5-4934-b366-9756b15dd90f: receive RaftClientReply:client-029E50227556->355864cd-7ac5-4934-b366-9756b15dd90f@group-785BCF25C267, cid=3067, SUCCESS, logIndex=4609, commits[355864cd-7ac5-4934-b366-9756b15dd90f:c4609, ce4aa411-63c8-4399-99eb-27ce352844f3:c4605, 3eeffb0a-787e-48ec-a2f5-d0c540a89489:c4605]
2019-08-21 15:30:02,235 | INFO  | DNAudit | user=null | ip=null | op=WRITE_CHUNK {blockData=conID: 1 locID: 102655682294317706 bcsId: 0} | ret=SUCCESS |  
2019-08-21 15:30:02,235 | INFO  | DNAudit | user=null | ip=null | op=WRITE_CHUNK {blockData=conID: 1 locID: 102655682294317706 bcsId: 0} | ret=SUCCESS |  
2019-08-21 15:30:02,235 | INFO  | DNAudit | user=null | ip=null | op=PUT_BLOCK {blockData=[blockId=conID: 1 locID: 102655682294317706 bcsId: 0,size=1048576]} | ret=SUCCESS |  
2019-08-21 15:30:02,244 | INFO  | DNAudit | user=null | ip=null | op=PUT_BLOCK {blockData=[blockId=conID: 1 locID: 102655682294317706 bcsId: 0,size=1048576]} | ret=SUCCESS |  
2019-08-21 15:30:02,244 | INFO  | DNAudit | user=null | ip=null | op=WRITE_CHUNK {blockData=conID: 1 locID: 102655682294317706 bcsId: 0} | ret=SUCCESS |  
2019-08-21 15:30:02,245 | INFO  | DNAudit | user=null | ip=null | op=WRITE_CHUNK {blockData=conID: 1 locID: 102655682294317706 bcsId: 0} | ret=SUCCESS |  
2019-08-21 15:30:02,245 | INFO  | DNAudit | user=null | ip=null | op=PUT_BLOCK {blockData=[blockId=conID: 1 locID: 102655682294317706 bcsId: 0,size=2097152]} | ret=SUCCESS |  
2019-08-21 15:30:02,245 | INFO  | DNAudit | user=null | ip=null | op=PUT_BLOCK {blockData=[blockId=conID: 1 locID: 102655682294317706 bcsId: 0,size=2097152]} | ret=SUCCESS |  
2019-08-21 15:30:02,245 [grpc-default-executor-3] INFO  client.GrpcClientProtocolClient (GrpcClientProtocolClient.java:onNext(255)) - client-029E50227556->355864cd-7ac5-4934-b366-9756b15dd90f: receive RaftClientReply:client-029E50227556->355864cd-7ac5-4934-b366-9756b15dd90f@group-785BCF25C267, cid=3068, SUCCESS, logIndex=0, commits[355864cd-7ac5-4934-b366-9756b15dd90f:c4611, ce4aa411-63c8-4399-99eb-27ce352844f3:c4607, 3eeffb0a-787e-48ec-a2f5-d0c540a89489:c4607]
2019-08-21 15:30:02,252 | INFO  | DNAudit | user=null | ip=null | op=WRITE_CHUNK {blockData=conID: 1 locID: 102655682294317706 bcsId: 4609} | ret=SUCCESS |  
2019-08-21 15:30:02,255 | INFO  | DNAudit | user=null | ip=null | op=WRITE_CHUNK {blockData=conID: 1 locID: 102655682294317706 bcsId: 4609} | ret=SUCCESS |  
2019-08-21 15:30:02,255 | INFO  | DNAudit | user=null | ip=null | op=WRITE_CHUNK {blockData=conID: 1 locID: 102655682294317706 bcsId: 4609} | ret=SUCCESS |  
2019-08-21 15:30:02,265 | INFO  | DNAudit | user=null | ip=null | op=WRITE_CHUNK {blockData=conID: 1 locID: 102655682294317706 bcsId: 4609} | ret=SUCCESS |  
2019-08-21 15:30:02,265 | INFO  | DNAudit | user=null | ip=null | op=PUT_BLOCK {blockData=[blockId=conID: 1 locID: 102655682294317706 bcsId: 0,size=3145728]} | ret=SUCCESS |  
2019-08-21 15:30:02,265 [grpc-default-executor-4] INFO  client.GrpcClientProtocolClient (GrpcClientProtocolClient.java:onNext(255)) - client-029E50227556->355864cd-7ac5-4934-b366-9756b15dd90f: receive RaftClientReply:client-029E50227556->355864cd-7ac5-4934-b366-9756b15dd90f@group-785BCF25C267, cid=3069, SUCCESS, logIndex=4614, commits[355864cd-7ac5-4934-b366-9756b15dd90f:c4615, ce4aa411-63c8-4399-99eb-27ce352844f3:c4613, 3eeffb0a-787e-48ec-a2f5-d0c540a89489:c4613]
2019-08-21 15:30:02,266 [grpc-default-executor-4] INFO  client.GrpcClientProtocolClient (GrpcClientProtocolClient.java:onNext(255)) - client-029E50227556->355864cd-7ac5-4934-b366-9756b15dd90f: receive RaftClientReply:client-029E50227556->355864cd-7ac5-4934-b366-9756b15dd90f@group-785BCF25C267, cid=3070, SUCCESS, logIndex=4615, commits[355864cd-7ac5-4934-b366-9756b15dd90f:c4615, ce4aa411-63c8-4399-99eb-27ce352844f3:c4613, 3eeffb0a-787e-48ec-a2f5-d0c540a89489:c4613]
2019-08-21 15:30:02,272 | INFO  | DNAudit | user=null | ip=null | op=WRITE_CHUNK {blockData=conID: 1 locID: 102655682294317706 bcsId: 4615} | ret=SUCCESS |  
2019-08-21 15:30:02,274 | INFO  | DNAudit | user=null | ip=null | op=WRITE_CHUNK {blockData=conID: 1 locID: 102655682294317706 bcsId: 4615} | ret=SUCCESS |  
2019-08-21 15:30:02,274 | INFO  | DNAudit | user=null | ip=null | op=WRITE_CHUNK {blockData=conID: 1 locID: 102655682294317706 bcsId: 4615} | ret=SUCCESS |  
2019-08-21 15:30:02,276 | INFO  | DNAudit | user=null | ip=null | op=WRITE_CHUNK {blockData=conID: 1 locID: 102655682294317706 bcsId: 4609} | ret=SUCCESS |  
2019-08-21 15:30:02,276 | INFO  | DNAudit | user=null | ip=null | op=WRITE_CHUNK {blockData=conID: 1 locID: 102655682294317706 bcsId: 4609} | ret=SUCCESS |  
2019-08-21 15:30:02,276 | INFO  | DNAudit | user=null | ip=null | op=PUT_BLOCK {blockData=[blockId=conID: 1 locID: 102655682294317706 bcsId: 0,size=3145728]} | ret=SUCCESS |  
2019-08-21 15:30:02,276 | INFO  | DNAudit | user=null | ip=null | op=PUT_BLOCK {blockData=[blockId=conID: 1 locID: 102655682294317706 bcsId: 0,size=3145728]} | ret=SUCCESS |  
2019-08-21 15:30:02,288 | INFO  | DNAudit | user=null | ip=null | op=WRITE_CHUNK {blockData=conID: 1 locID: 102655682294317706 bcsId: 4615} | ret=SUCCESS |  
2019-08-21 15:30:02,289 | INFO  | DNAudit | user=null | ip=null | op=PUT_BLOCK {blockData=[blockId=conID: 1 locID: 102655682294317706 bcsId: 0,size=4194304]} | ret=SUCCESS |  
2019-08-21 15:30:02,289 [grpc-default-executor-3] INFO  client.GrpcClientProtocolClient (GrpcClientProtocolClient.java:onNext(255)) - client-029E50227556->355864cd-7ac5-4934-b366-9756b15dd90f: receive RaftClientReply:client-029E50227556->355864cd-7ac5-4934-b366-9756b15dd90f@group-785BCF25C267, cid=3071, SUCCESS, logIndex=4618, commits[355864cd-7ac5-4934-b366-9756b15dd90f:c4619, ce4aa411-63c8-4399-99eb-27ce352844f3:c4615, 3eeffb0a-787e-48ec-a2f5-d0c540a89489:c4615]
2019-08-21 15:30:02,289 [grpc-default-executor-3] INFO  client.GrpcClientProtocolClient (GrpcClientProtocolClient.java:onNext(255)) - client-029E50227556->355864cd-7ac5-4934-b366-9756b15dd90f: receive RaftClientReply:client-029E50227556->355864cd-7ac5-4934-b366-9756b15dd90f@group-785BCF25C267, cid=3072, SUCCESS, logIndex=4619, commits[355864cd-7ac5-4934-b366-9756b15dd90f:c4619, ce4aa411-63c8-4399-99eb-27ce352844f3:c4615, 3eeffb0a-787e-48ec-a2f5-d0c540a89489:c4615]
2019-08-21 15:30:02,300 | INFO  | DNAudit | user=null | ip=null | op=WRITE_CHUNK {blockData=conID: 1 locID: 102655682294317706 bcsId: 4615} | ret=SUCCESS |  
2019-08-21 15:30:02,300 | INFO  | DNAudit | user=null | ip=null | op=WRITE_CHUNK {blockData=conID: 1 locID: 102655682294317706 bcsId: 4615} | ret=SUCCESS |  
2019-08-21 15:30:02,300 | INFO  | DNAudit | user=null | ip=null | op=PUT_BLOCK {blockData=[blockId=conID: 1 locID: 102655682294317706 bcsId: 0,size=4194304]} | ret=SUCCESS |  
2019-08-21 15:30:02,301 | INFO  | DNAudit | user=null | ip=null | op=PUT_BLOCK {blockData=[blockId=conID: 1 locID: 102655682294317706 bcsId: 0,size=4194304]} | ret=SUCCESS |  
2019-08-21 15:30:02,301 [grpc-default-executor-3] INFO  client.GrpcClientProtocolClient (GrpcClientProtocolClient.java:onNext(255)) - client-029E50227556->355864cd-7ac5-4934-b366-9756b15dd90f: receive RaftClientReply:client-029E50227556->355864cd-7ac5-4934-b366-9756b15dd90f@group-785BCF25C267, cid=3073, SUCCESS, logIndex=0, commits[355864cd-7ac5-4934-b366-9756b15dd90f:c4620, ce4aa411-63c8-4399-99eb-27ce352844f3:c4619, 3eeffb0a-787e-48ec-a2f5-d0c540a89489:c4619]
2019-08-21 15:30:02,307 | INFO  | SCMAudit | user=jenkins1000 | ip=192.168.5.153 | op=ALLOCATE_BLOCK {owner=78849ec2-2b05-45d8-8cb5-e95e2230dbd1, size=4194304, type=RATIS, factor=THREE} | ret=SUCCESS |  
2019-08-21 15:30:02,311 | INFO  | OMAudit | user=jenkins1000 | ip=127.0.0.1 | op=ALLOCATE_BLOCK {volume=vol-0-32358, bucket=bucket-0-01949, key=key-0-56547, dataSize=0, replicationType=null, replicationFactor=null, keyLocationInfo=null, clientID=102655680532119954} | ret=SUCCESS |  
2019-08-21 15:30:02,318 | INFO  | DNAudit | user=null | ip=null | op=WRITE_CHUNK {blockData=conID: 2 locID: 102655682301592203 bcsId: 0} | ret=SUCCESS |  
2019-08-21 15:30:02,319 | INFO  | DNAudit | user=null | ip=null | op=WRITE_CHUNK {blockData=conID: 2 locID: 102655682301592203 bcsId: 0} | ret=SUCCESS |  
2019-08-21 15:30:02,320 | INFO  | DNAudit | user=null | ip=null | op=WRITE_CHUNK {blockData=conID: 2 locID: 102655682301592203 bcsId: 0} | ret=SUCCESS |  
2019-08-21 15:30:02,321 | INFO  | DNAudit | user=null | ip=null | op=WRITE_CHUNK {blockData=conID: 2 locID: 102655682301592203 bcsId: 0} | ret=SUCCESS |  
2019-08-21 15:30:02,321 | INFO  | DNAudit | user=null | ip=null | op=WRITE_CHUNK {blockData=conID: 2 locID: 102655682301592203 bcsId: 0} | ret=SUCCESS |  
2019-08-21 15:30:02,322 | INFO  | DNAudit | user=null | ip=null | op=WRITE_CHUNK {blockData=conID: 2 locID: 102655682301592203 bcsId: 0} | ret=SUCCESS |  
2019-08-21 15:30:02,338 | INFO  | DNAudit | user=null | ip=null | op=WRITE_CHUNK {blockData=conID: 2 locID: 102655682301592203 bcsId: 0} | ret=SUCCESS |  
2019-08-21 15:30:02,338 | INFO  | DNAudit | user=null | ip=null | op=PUT_BLOCK {blockData=[blockId=conID: 2 locID: 102655682301592203 bcsId: 0,size=1048576]} | ret=SUCCESS |  
2019-08-21 15:30:02,338 | INFO  | DNAudit | user=null | ip=null | op=WRITE_CHUNK {blockData=conID: 2 locID: 102655682301592203 bcsId: 0} | ret=SUCCESS |  
2019-08-21 15:30:02,338 [grpc-default-executor-3] INFO  client.GrpcClientProtocolClient (GrpcClientProtocolClient.java:onNext(255)) - client-029E50227556->355864cd-7ac5-4934-b366-9756b15dd90f: receive RaftClientReply:client-029E50227556->355864cd-7ac5-4934-b366-9756b15dd90f@group-785BCF25C267, cid=3074, SUCCESS, logIndex=4622, commits[355864cd-7ac5-4934-b366-9756b15dd90f:c4625, ce4aa411-63c8-4399-99eb-27ce352844f3:c4621, 3eeffb0a-787e-48ec-a2f5-d0c540a89489:c4621]
2019-08-21 15:30:02,339 | INFO  | DNAudit | user=null | ip=null | op=PUT_BLOCK {blockData=[blockId=conID: 2 locID: 102655682301592203 bcsId: 0,size=2097152]} | ret=SUCCESS |  
2019-08-21 15:30:02,339 [grpc-default-executor-3] INFO  client.GrpcClientProtocolClient (GrpcClientProtocolClient.java:onNext(255)) - client-029E50227556->355864cd-7ac5-4934-b366-9756b15dd90f: receive RaftClientReply:client-029E50227556->355864cd-7ac5-4934-b366-9756b15dd90f@group-785BCF25C267, cid=3075, SUCCESS, logIndex=4623, commits[355864cd-7ac5-4934-b366-9756b15dd90f:c4625, ce4aa411-63c8-4399-99eb-27ce352844f3:c4621, 3eeffb0a-787e-48ec-a2f5-d0c540a89489:c4621]
2019-08-21 15:30:02,339 [grpc-default-executor-3] INFO  client.GrpcClientProtocolClient (GrpcClientProtocolClient.java:onNext(255)) - client-029E50227556->355864cd-7ac5-4934-b366-9756b15dd90f: receive RaftClientReply:client-029E50227556->355864cd-7ac5-4934-b366-9756b15dd90f@group-785BCF25C267, cid=3076, SUCCESS, logIndex=4624, commits[355864cd-7ac5-4934-b366-9756b15dd90f:c4625, ce4aa411-63c8-4399-99eb-27ce352844f3:c4621, 3eeffb0a-787e-48ec-a2f5-d0c540a89489:c4621]
2019-08-21 15:30:02,339 [grpc-default-executor-3] INFO  client.GrpcClientProtocolClient (GrpcClientProtocolClient.java:onNext(255)) - client-029E50227556->355864cd-7ac5-4934-b366-9756b15dd90f: receive RaftClientReply:client-029E50227556->355864cd-7ac5-4934-b366-9756b15dd90f@group-785BCF25C267, cid=3077, SUCCESS, logIndex=4625, commits[355864cd-7ac5-4934-b366-9756b15dd90f:c4625, ce4aa411-63c8-4399-99eb-27ce352844f3:c4621, 3eeffb0a-787e-48ec-a2f5-d0c540a89489:c4621]
2019-08-21 15:30:02,349 | INFO  | DNAudit | user=null | ip=null | op=WRITE_CHUNK {blockData=conID: 2 locID: 102655682301592203 bcsId: 0} | ret=SUCCESS |  
2019-08-21 15:30:02,349 | INFO  | DNAudit | user=null | ip=null | op=WRITE_CHUNK {blockData=conID: 2 locID: 102655682301592203 bcsId: 0} | ret=SUCCESS |  
2019-08-21 15:30:02,349 | INFO  | DNAudit | user=null | ip=null | op=PUT_BLOCK {blockData=[blockId=conID: 2 locID: 102655682301592203 bcsId: 0,size=1048576]} | ret=SUCCESS |  
2019-08-21 15:30:02,349 | INFO  | DNAudit | user=null | ip=null | op=PUT_BLOCK {blockData=[blockId=conID: 2 locID: 102655682301592203 bcsId: 0,size=1048576]} | ret=SUCCESS |  
2019-08-21 15:30:02,350 [grpc-default-executor-3] INFO  client.GrpcClientProtocolClient (GrpcClientProtocolClient.java:onNext(255)) - client-029E50227556->355864cd-7ac5-4934-b366-9756b15dd90f: receive RaftClientReply:client-029E50227556->355864cd-7ac5-4934-b366-9756b15dd90f@group-785BCF25C267, cid=3078, SUCCESS, logIndex=0, commits[355864cd-7ac5-4934-b366-9756b15dd90f:c4626, ce4aa411-63c8-4399-99eb-27ce352844f3:c4623, 3eeffb0a-787e-48ec-a2f5-d0c540a89489:c4623]
2019-08-21 15:30:02,352 | INFO  | DNAudit | user=null | ip=null | op=WRITE_CHUNK {blockData=conID: 2 locID: 102655682301592203 bcsId: 0} | ret=SUCCESS |  
2019-08-21 15:30:02,352 | INFO  | DNAudit | user=null | ip=null | op=WRITE_CHUNK {blockData=conID: 2 locID: 102655682301592203 bcsId: 0} | ret=SUCCESS |  
2019-08-21 15:30:02,352 | INFO  | DNAudit | user=null | ip=null | op=PUT_BLOCK {blockData=[blockId=conID: 2 locID: 102655682301592203 bcsId: 0,size=2097152]} | ret=SUCCESS |  
2019-08-21 15:30:02,352 | INFO  | DNAudit | user=null | ip=null | op=PUT_BLOCK {blockData=[blockId=conID: 2 locID: 102655682301592203 bcsId: 0,size=2097152]} | ret=SUCCESS |  
2019-08-21 15:30:02,356 | INFO  | DNAudit | user=null | ip=null | op=WRITE_CHUNK {blockData=conID: 2 locID: 102655682301592203 bcsId: 4625} | ret=SUCCESS |  
2019-08-21 15:30:02,358 | INFO  | DNAudit | user=null | ip=null | op=WRITE_CHUNK {blockData=conID: 2 locID: 102655682301592203 bcsId: 4625} | ret=SUCCESS |  
2019-08-21 15:30:02,358 | INFO  | DNAudit | user=null | ip=null | op=WRITE_CHUNK {blockData=conID: 2 locID: 102655682301592203 bcsId: 4625} | ret=SUCCESS |  
2019-08-21 15:30:02,370 | INFO  | DNAudit | user=null | ip=null | op=WRITE_CHUNK {blockData=conID: 2 locID: 102655682301592203 bcsId: 4625} | ret=SUCCESS |  
2019-08-21 15:30:02,370 | INFO  | DNAudit | user=null | ip=null | op=PUT_BLOCK {blockData=[blockId=conID: 2 locID: 102655682301592203 bcsId: 0,size=3145728]} | ret=SUCCESS |  
2019-08-21 15:30:02,370 [grpc-default-executor-4] INFO  client.GrpcClientProtocolClient (GrpcClientProtocolClient.java:onNext(255)) - client-029E50227556->355864cd-7ac5-4934-b366-9756b15dd90f: receive RaftClientReply:client-029E50227556->355864cd-7ac5-4934-b366-9756b15dd90f@group-785BCF25C267, cid=3079, SUCCESS, logIndex=4630, commits[355864cd-7ac5-4934-b366-9756b15dd90f:c4631, ce4aa411-63c8-4399-99eb-27ce352844f3:c4629, 3eeffb0a-787e-48ec-a2f5-d0c540a89489:c4629]
2019-08-21 15:30:02,370 [grpc-default-executor-4] INFO  client.GrpcClientProtocolClient (GrpcClientProtocolClient.java:onNext(255)) - client-029E50227556->355864cd-7ac5-4934-b366-9756b15dd90f: receive RaftClientReply:client-029E50227556->355864cd-7ac5-4934-b366-9756b15dd90f@group-785BCF25C267, cid=3080, SUCCESS, logIndex=4631, commits[355864cd-7ac5-4934-b366-9756b15dd90f:c4631, ce4aa411-63c8-4399-99eb-27ce352844f3:c4629, 3eeffb0a-787e-48ec-a2f5-d0c540a89489:c4629]
2019-08-21 15:30:02,376 | INFO  | DNAudit | user=null | ip=null | op=WRITE_CHUNK {blockData=conID: 2 locID: 102655682301592203 bcsId: 4631} | ret=SUCCESS |  
2019-08-21 15:30:02,378 | INFO  | DNAudit | user=null | ip=null | op=WRITE_CHUNK {blockData=conID: 2 locID: 102655682301592203 bcsId: 4631} | ret=SUCCESS |  
2019-08-21 15:30:02,387 | INFO  | DNAudit | user=null | ip=null | op=WRITE_CHUNK {blockData=conID: 2 locID: 102655682301592203 bcsId: 4631} | ret=SUCCESS |  
2019-08-21 15:30:02,387 | INFO  | DNAudit | user=null | ip=null | op=WRITE_CHUNK {blockData=conID: 2 locID: 102655682301592203 bcsId: 4625} | ret=SUCCESS |  
2019-08-21 15:30:02,387 | INFO  | DNAudit | user=null | ip=null | op=WRITE_CHUNK {blockData=conID: 2 locID: 102655682301592203 bcsId: 4625} | ret=SUCCESS |  
2019-08-21 15:30:02,398 | INFO  | DNAudit | user=null | ip=null | op=PUT_BLOCK {blockData=[blockId=conID: 2 locID: 102655682301592203 bcsId: 0,size=3145728]} | ret=SUCCESS |  
2019-08-21 15:30:02,398 | INFO  | DNAudit | user=null | ip=null | op=WRITE_CHUNK {blockData=conID: 2 locID: 102655682301592203 bcsId: 4631} | ret=SUCCESS |  
2019-08-21 15:30:02,399 | INFO  | DNAudit | user=null | ip=null | op=PUT_BLOCK {blockData=[blockId=conID: 2 locID: 102655682301592203 bcsId: 0,size=3145728]} | ret=SUCCESS |  
2019-08-21 15:30:02,399 | INFO  | DNAudit | user=null | ip=null | op=PUT_BLOCK {blockData=[blockId=conID: 2 locID: 102655682301592203 bcsId: 0,size=4194304]} | ret=SUCCESS |  
2019-08-21 15:30:02,399 [grpc-default-executor-4] INFO  client.GrpcClientProtocolClient (GrpcClientProtocolClient.java:onNext(255)) - client-029E50227556->355864cd-7ac5-4934-b366-9756b15dd90f: receive RaftClientReply:client-029E50227556->355864cd-7ac5-4934-b366-9756b15dd90f@group-785BCF25C267, cid=3081, SUCCESS, logIndex=4634, commits[355864cd-7ac5-4934-b366-9756b15dd90f:c4634, ce4aa411-63c8-4399-99eb-27ce352844f3:c4631, 3eeffb0a-787e-48ec-a2f5-d0c540a89489:c4630]
2019-08-21 15:30:02,400 | INFO  | DNAudit | user=null | ip=null | op=WRITE_CHUNK {blockData=conID: 2 locID: 102655682301592203 bcsId: 4631} | ret=SUCCESS |  
2019-08-21 15:30:02,400 | INFO  | DNAudit | user=null | ip=null | op=WRITE_CHUNK {blockData=conID: 2 locID: 102655682301592203 bcsId: 4631} | ret=SUCCESS |  
2019-08-21 15:30:02,400 [grpc-default-executor-0] INFO  client.GrpcClientProtocolClient (GrpcClientProtocolClient.java:onNext(255)) - client-029E50227556->355864cd-7ac5-4934-b366-9756b15dd90f: receive RaftClientReply:client-029E50227556->355864cd-7ac5-4934-b366-9756b15dd90f@group-785BCF25C267, cid=3082, SUCCESS, logIndex=4635, commits[355864cd-7ac5-4934-b366-9756b15dd90f:c4635, ce4aa411-63c8-4399-99eb-27ce352844f3:c4631, 3eeffb0a-787e-48ec-a2f5-d0c540a89489:c4631]
2019-08-21 15:30:02,400 | INFO  | DNAudit | user=null | ip=null | op=PUT_BLOCK {blockData=[blockId=conID: 2 locID: 102655682301592203 bcsId: 0,size=4194304]} | ret=SUCCESS |  
2019-08-21 15:30:02,402 | INFO  | DNAudit | user=null | ip=null | op=PUT_BLOCK {blockData=[blockId=conID: 2 locID: 102655682301592203 bcsId: 0,size=4194304]} | ret=SUCCESS |  
2019-08-21 15:30:02,403 [grpc-default-executor-0] INFO  client.GrpcClientProtocolClient (GrpcClientProtocolClient.java:onNext(255)) - client-029E50227556->355864cd-7ac5-4934-b366-9756b15dd90f: receive RaftClientReply:client-029E50227556->355864cd-7ac5-4934-b366-9756b15dd90f@group-785BCF25C267, cid=3083, SUCCESS, logIndex=0, commits[355864cd-7ac5-4934-b366-9756b15dd90f:c4637, ce4aa411-63c8-4399-99eb-27ce352844f3:c4635, 3eeffb0a-787e-48ec-a2f5-d0c540a89489:c4635]
2019-08-21 15:30:02,409 | INFO  | SCMAudit | user=jenkins1000 | ip=192.168.5.153 | op=ALLOCATE_BLOCK {owner=78849ec2-2b05-45d8-8cb5-e95e2230dbd1, size=4194304, type=RATIS, factor=THREE} | ret=SUCCESS |  
2019-08-21 15:30:02,412 | INFO  | OMAudit | user=jenkins1000 | ip=127.0.0.1 | op=ALLOCATE_BLOCK {volume=vol-0-32358, bucket=bucket-0-01949, key=key-0-56547, dataSize=0, replicationType=null, replicationFactor=null, keyLocationInfo=null, clientID=102655680532119954} | ret=SUCCESS |  
2019-08-21 15:30:02,419 | INFO  | DNAudit | user=null | ip=null | op=WRITE_CHUNK {blockData=conID: 3 locID: 102655682308276876 bcsId: 0} | ret=SUCCESS |  
2019-08-21 15:30:02,421 | INFO  | DNAudit | user=null | ip=null | op=WRITE_CHUNK {blockData=conID: 3 locID: 102655682308276876 bcsId: 0} | ret=SUCCESS |  
2019-08-21 15:30:02,421 | INFO  | DNAudit | user=null | ip=null | op=WRITE_CHUNK {blockData=conID: 3 locID: 102655682308276876 bcsId: 0} | ret=SUCCESS |  
2019-08-21 15:30:02,422 | INFO  | DNAudit | user=null | ip=null | op=WRITE_CHUNK {blockData=conID: 3 locID: 102655682308276876 bcsId: 0} | ret=SUCCESS |  
2019-08-21 15:30:02,423 | INFO  | DNAudit | user=null | ip=null | op=WRITE_CHUNK {blockData=conID: 3 locID: 102655682308276876 bcsId: 0} | ret=SUCCESS |  
2019-08-21 15:30:02,423 | INFO  | DNAudit | user=null | ip=null | op=WRITE_CHUNK {blockData=conID: 3 locID: 102655682308276876 bcsId: 0} | ret=SUCCESS |  
2019-08-21 15:30:02,433 | INFO  | DNAudit | user=null | ip=null | op=WRITE_CHUNK {blockData=conID: 3 locID: 102655682308276876 bcsId: 0} | ret=SUCCESS |  
2019-08-21 15:30:02,433 | INFO  | DNAudit | user=null | ip=null | op=PUT_BLOCK {blockData=[blockId=conID: 3 locID: 102655682308276876 bcsId: 0,size=1048576]} | ret=SUCCESS |  
2019-08-21 15:30:02,433 [grpc-default-executor-3] INFO  client.GrpcClientProtocolClient (GrpcClientProtocolClient.java:onNext(255)) - client-029E50227556->355864cd-7ac5-4934-b366-9756b15dd90f: receive RaftClientReply:client-029E50227556->355864cd-7ac5-4934-b366-9756b15dd90f@group-785BCF25C267, cid=3084, SUCCESS, logIndex=4638, commits[355864cd-7ac5-4934-b366-9756b15dd90f:c4638, ce4aa411-63c8-4399-99eb-27ce352844f3:c4637, 3eeffb0a-787e-48ec-a2f5-d0c540a89489:c4637]
2019-08-21 15:30:02,434 [grpc-default-executor-3] INFO  client.GrpcClientProtocolClient (GrpcClientProtocolClient.java:onNext(255)) - client-029E50227556->355864cd-7ac5-4934-b366-9756b15dd90f: receive RaftClientReply:client-029E50227556->355864cd-7ac5-4934-b366-9756b15dd90f@group-785BCF25C267, cid=3085, SUCCESS, logIndex=4639, commits[355864cd-7ac5-4934-b366-9756b15dd90f:c4639, ce4aa411-63c8-4399-99eb-27ce352844f3:c4637, 3eeffb0a-787e-48ec-a2f5-d0c540a89489:c4637]
2019-08-21 15:30:02,443 | INFO  | DNAudit | user=null | ip=null | op=WRITE_CHUNK {blockData=conID: 3 locID: 102655682308276876 bcsId: 0} | ret=SUCCESS |  
2019-08-21 15:30:02,443 | INFO  | DNAudit | user=null | ip=null | op=PUT_BLOCK {blockData=[blockId=conID: 3 locID: 102655682308276876 bcsId: 0,size=2097152]} | ret=SUCCESS |  
2019-08-21 15:30:02,443 [grpc-default-executor-3] INFO  client.GrpcClientProtocolClient (GrpcClientProtocolClient.java:onNext(255)) - client-029E50227556->355864cd-7ac5-4934-b366-9756b15dd90f: receive RaftClientReply:client-029E50227556->355864cd-7ac5-4934-b366-9756b15dd90f@group-785BCF25C267, cid=3086, SUCCESS, logIndex=4640, commits[355864cd-7ac5-4934-b366-9756b15dd90f:c4641, ce4aa411-63c8-4399-99eb-27ce352844f3:c4637, 3eeffb0a-787e-48ec-a2f5-d0c540a89489:c4637]
2019-08-21 15:30:02,443 [grpc-default-executor-3] INFO  client.GrpcClientProtocolClient (GrpcClientProtocolClient.java:onNext(255)) - client-029E50227556->355864cd-7ac5-4934-b366-9756b15dd90f: receive RaftClientReply:client-029E50227556->355864cd-7ac5-4934-b366-9756b15dd90f@group-785BCF25C267, cid=3087, SUCCESS, logIndex=4641, commits[355864cd-7ac5-4934-b366-9756b15dd90f:c4641, ce4aa411-63c8-4399-99eb-27ce352844f3:c4637, 3eeffb0a-787e-48ec-a2f5-d0c540a89489:c4637]
2019-08-21 15:30:02,445 | INFO  | DNAudit | user=null | ip=null | op=WRITE_CHUNK {blockData=conID: 3 locID: 102655682308276876 bcsId: 0} | ret=SUCCESS |  
2019-08-21 15:30:02,445 | INFO  | DNAudit | user=null | ip=null | op=WRITE_CHUNK {blockData=conID: 3 locID: 102655682308276876 bcsId: 0} | ret=SUCCESS |  
2019-08-21 15:30:02,445 | INFO  | DNAudit | user=null | ip=null | op=PUT_BLOCK {blockData=[blockId=conID: 3 locID: 102655682308276876 bcsId: 0,size=1048576]} | ret=SUCCESS |  
2019-08-21 15:30:02,458 | INFO  | DNAudit | user=null | ip=null | op=PUT_BLOCK {blockData=[blockId=conID: 3 locID: 102655682308276876 bcsId: 0,size=1048576]} | ret=SUCCESS |  
2019-08-21 15:30:02,459 [grpc-default-executor-0] INFO  client.GrpcClientProtocolClient (GrpcClientProtocolClient.java:onNext(255)) - client-029E50227556->355864cd-7ac5-4934-b366-9756b15dd90f: receive RaftClientReply:client-029E50227556->355864cd-7ac5-4934-b366-9756b15dd90f@group-785BCF25C267, cid=3088, SUCCESS, logIndex=0, commits[355864cd-7ac5-4934-b366-9756b15dd90f:c4643, ce4aa411-63c8-4399-99eb-27ce352844f3:c4639, 3eeffb0a-787e-48ec-a2f5-d0c540a89489:c4639]
2019-08-21 15:30:02,465 | INFO  | DNAudit | user=null | ip=null | op=WRITE_CHUNK {blockData=conID: 3 locID: 102655682308276876 bcsId: 4641} | ret=SUCCESS |  
2019-08-21 15:30:02,467 | INFO  | DNAudit | user=null | ip=null | op=WRITE_CHUNK {blockData=conID: 3 locID: 102655682308276876 bcsId: 4641} | ret=SUCCESS |  
2019-08-21 15:30:02,467 | INFO  | DNAudit | user=null | ip=null | op=WRITE_CHUNK {blockData=conID: 3 locID: 102655682308276876 bcsId: 4641} | ret=SUCCESS |  
2019-08-21 15:30:02,479 | INFO  | DNAudit | user=null | ip=null | op=WRITE_CHUNK {blockData=conID: 3 locID: 102655682308276876 bcsId: 0} | ret=SUCCESS |  
2019-08-21 15:30:02,479 | INFO  | DNAudit | user=null | ip=null | op=WRITE_CHUNK {blockData=conID: 3 locID: 102655682308276876 bcsId: 0} | ret=SUCCESS |  
2019-08-21 15:30:02,479 | INFO  | DNAudit | user=null | ip=null | op=WRITE_CHUNK {blockData=conID: 3 locID: 102655682308276876 bcsId: 4641} | ret=SUCCESS |  
2019-08-21 15:30:02,479 | INFO  | DNAudit | user=null | ip=null | op=PUT_BLOCK {blockData=[blockId=conID: 3 locID: 102655682308276876 bcsId: 0,size=2097152]} | ret=SUCCESS |  
2019-08-21 15:30:02,479 | INFO  | DNAudit | user=null | ip=null | op=PUT_BLOCK {blockData=[blockId=conID: 3 locID: 102655682308276876 bcsId: 0,size=2097152]} | ret=SUCCESS |  
2019-08-21 15:30:02,479 | INFO  | DNAudit | user=null | ip=null | op=PUT_BLOCK {blockData=[blockId=conID: 3 locID: 102655682308276876 bcsId: 0,size=3145728]} | ret=SUCCESS |  
2019-08-21 15:30:02,479 [grpc-default-executor-0] INFO  client.GrpcClientProtocolClient (GrpcClientProtocolClient.java:onNext(255)) - client-029E50227556->355864cd-7ac5-4934-b366-9756b15dd90f: receive RaftClientReply:client-029E50227556->355864cd-7ac5-4934-b366-9756b15dd90f@group-785BCF25C267, cid=3089, SUCCESS, logIndex=4646, commits[355864cd-7ac5-4934-b366-9756b15dd90f:c4647, ce4aa411-63c8-4399-99eb-27ce352844f3:c4645, 3eeffb0a-787e-48ec-a2f5-d0c540a89489:c4645]
2019-08-21 15:30:02,480 [grpc-default-executor-0] INFO  client.GrpcClientProtocolClient (GrpcClientProtocolClient.java:onNext(255)) - client-029E50227556->355864cd-7ac5-4934-b366-9756b15dd90f: receive RaftClientReply:client-029E50227556->355864cd-7ac5-4934-b366-9756b15dd90f@group-785BCF25C267, cid=3090, SUCCESS, logIndex=4647, commits[355864cd-7ac5-4934-b366-9756b15dd90f:c4647, ce4aa411-63c8-4399-99eb-27ce352844f3:c4645, 3eeffb0a-787e-48ec-a2f5-d0c540a89489:c4645]
2019-08-21 15:30:02,485 | INFO  | DNAudit | user=null | ip=null | op=WRITE_CHUNK {blockData=conID: 3 locID: 102655682308276876 bcsId: 4647} | ret=SUCCESS |  
2019-08-21 15:30:02,488 | INFO  | DNAudit | user=null | ip=null | op=WRITE_CHUNK {blockData=conID: 3 locID: 102655682308276876 bcsId: 4647} | ret=SUCCESS |  
2019-08-21 15:30:02,488 | INFO  | DNAudit | user=null | ip=null | op=WRITE_CHUNK {blockData=conID: 3 locID: 102655682308276876 bcsId: 4647} | ret=SUCCESS |  
2019-08-21 15:30:02,492 | INFO  | DNAudit | user=null | ip=null | op=WRITE_CHUNK {blockData=conID: 3 locID: 102655682308276876 bcsId: 4641} | ret=SUCCESS |  
2019-08-21 15:30:02,492 | INFO  | DNAudit | user=null | ip=null | op=WRITE_CHUNK {blockData=conID: 3 locID: 102655682308276876 bcsId: 4641} | ret=SUCCESS |  
2019-08-21 15:30:02,505 | INFO  | DNAudit | user=null | ip=null | op=PUT_BLOCK {blockData=[blockId=conID: 3 locID: 102655682308276876 bcsId: 0,size=3145728]} | ret=SUCCESS |  
2019-08-21 15:30:02,505 | INFO  | DNAudit | user=null | ip=null | op=PUT_BLOCK {blockData=[blockId=conID: 3 locID: 102655682308276876 bcsId: 0,size=3145728]} | ret=SUCCESS |  
2019-08-21 15:30:02,505 | INFO  | DNAudit | user=null | ip=null | op=WRITE_CHUNK {blockData=conID: 3 locID: 102655682308276876 bcsId: 4647} | ret=SUCCESS |  
2019-08-21 15:30:02,506 | INFO  | DNAudit | user=null | ip=null | op=PUT_BLOCK {blockData=[blockId=conID: 3 locID: 102655682308276876 bcsId: 0,size=4194304]} | ret=SUCCESS |  
2019-08-21 15:30:02,506 [grpc-default-executor-5] INFO  client.GrpcClientProtocolClient (GrpcClientProtocolClient.java:onNext(255)) - client-029E50227556->355864cd-7ac5-4934-b366-9756b15dd90f: receive RaftClientReply:client-029E50227556->355864cd-7ac5-4934-b366-9756b15dd90f@group-785BCF25C267, cid=3091, SUCCESS, logIndex=4650, commits[355864cd-7ac5-4934-b366-9756b15dd90f:c4651, ce4aa411-63c8-4399-99eb-27ce352844f3:c4647, 3eeffb0a-787e-48ec-a2f5-d0c540a89489:c4647]
2019-08-21 15:30:02,506 [grpc-default-executor-5] INFO  client.GrpcClientProtocolClient (GrpcClientProtocolClient.java:onNext(255)) - client-029E50227556->355864cd-7ac5-4934-b366-9756b15dd90f: receive RaftClientReply:client-029E50227556->355864cd-7ac5-4934-b366-9756b15dd90f@group-785BCF25C267, cid=3092, SUCCESS, logIndex=4651, commits[355864cd-7ac5-4934-b366-9756b15dd90f:c4651, ce4aa411-63c8-4399-99eb-27ce352844f3:c4647, 3eeffb0a-787e-48ec-a2f5-d0c540a89489:c4647]
2019-08-21 15:30:02,523 | INFO  | DNAudit | user=null | ip=null | op=WRITE_CHUNK {blockData=conID: 3 locID: 102655682308276876 bcsId: 4647} | ret=SUCCESS |  
2019-08-21 15:30:02,524 | INFO  | DNAudit | user=null | ip=null | op=WRITE_CHUNK {blockData=conID: 3 locID: 102655682308276876 bcsId: 4647} | ret=SUCCESS |  
2019-08-21 15:30:02,524 | INFO  | DNAudit | user=null | ip=null | op=PUT_BLOCK {blockData=[blockId=conID: 3 locID: 102655682308276876 bcsId: 0,size=4194304]} | ret=SUCCESS |  
2019-08-21 15:30:02,524 | INFO  | DNAudit | user=null | ip=null | op=PUT_BLOCK {blockData=[blockId=conID: 3 locID: 102655682308276876 bcsId: 0,size=4194304]} | ret=SUCCESS |  
2019-08-21 15:30:02,525 [grpc-default-executor-3] INFO  client.GrpcClientProtocolClient (GrpcClientProtocolClient.java:onNext(255)) - client-029E50227556->355864cd-7ac5-4934-b366-9756b15dd90f: receive RaftClientReply:client-029E50227556->355864cd-7ac5-4934-b366-9756b15dd90f@group-785BCF25C267, cid=3093, SUCCESS, logIndex=0, commits[355864cd-7ac5-4934-b366-9756b15dd90f:c4653, ce4aa411-63c8-4399-99eb-27ce352844f3:c4651, 3eeffb0a-787e-48ec-a2f5-d0c540a89489:c4651]
2019-08-21 15:30:02,532 | INFO  | SCMAudit | user=jenkins1000 | ip=192.168.5.153 | op=ALLOCATE_BLOCK {owner=78849ec2-2b05-45d8-8cb5-e95e2230dbd1, size=4194304, type=RATIS, factor=THREE} | ret=SUCCESS |  
2019-08-21 15:30:02,537 | INFO  | OMAudit | user=jenkins1000 | ip=127.0.0.1 | op=ALLOCATE_BLOCK {volume=vol-0-32358, bucket=bucket-0-01949, key=key-0-56547, dataSize=0, replicationType=null, replicationFactor=null, keyLocationInfo=null, clientID=102655680532119954} | ret=SUCCESS |  
2019-08-21 15:30:02,544 | INFO  | DNAudit | user=null | ip=null | op=WRITE_CHUNK {blockData=conID: 1 locID: 102655682316337805 bcsId: 0} | ret=SUCCESS |  
2019-08-21 15:30:02,545 | INFO  | DNAudit | user=null | ip=null | op=WRITE_CHUNK {blockData=conID: 1 locID: 102655682316337805 bcsId: 0} | ret=SUCCESS |  
2019-08-21 15:30:02,546 | INFO  | DNAudit | user=null | ip=null | op=WRITE_CHUNK {blockData=conID: 1 locID: 102655682316337805 bcsId: 0} | ret=SUCCESS |  
2019-08-21 15:30:02,546 | INFO  | DNAudit | user=null | ip=null | op=WRITE_CHUNK {blockData=conID: 1 locID: 102655682316337805 bcsId: 0} | ret=SUCCESS |  
2019-08-21 15:30:02,547 | INFO  | DNAudit | user=null | ip=null | op=WRITE_CHUNK {blockData=conID: 1 locID: 102655682316337805 bcsId: 0} | ret=SUCCESS |  
2019-08-21 15:30:02,547 | INFO  | DNAudit | user=null | ip=null | op=WRITE_CHUNK {blockData=conID: 1 locID: 102655682316337805 bcsId: 0} | ret=SUCCESS |  
2019-08-21 15:30:02,558 | INFO  | DNAudit | user=null | ip=null | op=WRITE_CHUNK {blockData=conID: 1 locID: 102655682316337805 bcsId: 0} | ret=SUCCESS |  
2019-08-21 15:30:02,559 | INFO  | DNAudit | user=null | ip=null | op=PUT_BLOCK {blockData=[blockId=conID: 1 locID: 102655682316337805 bcsId: 0,size=1048576]} | ret=SUCCESS |  
2019-08-21 15:30:02,559 [grpc-default-executor-0] INFO  client.GrpcClientProtocolClient (GrpcClientProtocolClient.java:onNext(255)) - client-029E50227556->355864cd-7ac5-4934-b366-9756b15dd90f: receive RaftClientReply:client-029E50227556->355864cd-7ac5-4934-b366-9756b15dd90f@group-785BCF25C267, cid=3094, SUCCESS, logIndex=4654, commits[355864cd-7ac5-4934-b366-9756b15dd90f:c4656, ce4aa411-63c8-4399-99eb-27ce352844f3:c4653, 3eeffb0a-787e-48ec-a2f5-d0c540a89489:c4653]
2019-08-21 15:30:02,559 | INFO  | DNAudit | user=null | ip=null | op=WRITE_CHUNK {blockData=conID: 1 locID: 102655682316337805 bcsId: 0} | ret=SUCCESS |  
2019-08-21 15:30:02,559 [grpc-default-executor-0] INFO  client.GrpcClientProtocolClient (GrpcClientProtocolClient.java:onNext(255)) - client-029E50227556->355864cd-7ac5-4934-b366-9756b15dd90f: receive RaftClientReply:client-029E50227556->355864cd-7ac5-4934-b366-9756b15dd90f@group-785BCF25C267, cid=3095, SUCCESS, logIndex=4655, commits[355864cd-7ac5-4934-b366-9756b15dd90f:c4657, ce4aa411-63c8-4399-99eb-27ce352844f3:c4653, 3eeffb0a-787e-48ec-a2f5-d0c540a89489:c4653]
2019-08-21 15:30:02,559 | INFO  | DNAudit | user=null | ip=null | op=PUT_BLOCK {blockData=[blockId=conID: 1 locID: 102655682316337805 bcsId: 0,size=2097152]} | ret=SUCCESS |  
2019-08-21 15:30:02,560 [grpc-default-executor-0] INFO  client.GrpcClientProtocolClient (GrpcClientProtocolClient.java:onNext(255)) - client-029E50227556->355864cd-7ac5-4934-b366-9756b15dd90f: receive RaftClientReply:client-029E50227556->355864cd-7ac5-4934-b366-9756b15dd90f@group-785BCF25C267, cid=3096, SUCCESS, logIndex=4656, commits[355864cd-7ac5-4934-b366-9756b15dd90f:c4657, ce4aa411-63c8-4399-99eb-27ce352844f3:c4653, 3eeffb0a-787e-48ec-a2f5-d0c540a89489:c4653]
2019-08-21 15:30:02,560 [grpc-default-executor-0] INFO  client.GrpcClientProtocolClient (GrpcClientProtocolClient.java:onNext(255)) - client-029E50227556->355864cd-7ac5-4934-b366-9756b15dd90f: receive RaftClientReply:client-029E50227556->355864cd-7ac5-4934-b366-9756b15dd90f@group-785BCF25C267, cid=3097, SUCCESS, logIndex=4657, commits[355864cd-7ac5-4934-b366-9756b15dd90f:c4657, ce4aa411-63c8-4399-99eb-27ce352844f3:c4653, 3eeffb0a-787e-48ec-a2f5-d0c540a89489:c4653]
2019-08-21 15:30:02,587 | INFO  | DNAudit | user=null | ip=null | op=WRITE_CHUNK {blockData=conID: 1 locID: 102655682316337805 bcsId: 0} | ret=SUCCESS |  
2019-08-21 15:30:02,587 | INFO  | DNAudit | user=null | ip=null | op=WRITE_CHUNK {blockData=conID: 1 locID: 102655682316337805 bcsId: 0} | ret=SUCCESS |  
2019-08-21 15:30:02,587 | INFO  | DNAudit | user=null | ip=null | op=PUT_BLOCK {blockData=[blockId=conID: 1 locID: 102655682316337805 bcsId: 0,size=1048576]} | ret=SUCCESS |  
2019-08-21 15:30:02,590 | INFO  | DNAudit | user=null | ip=null | op=PUT_BLOCK {blockData=[blockId=conID: 1 locID: 102655682316337805 bcsId: 0,size=1048576]} | ret=SUCCESS |  
2019-08-21 15:30:02,590 | INFO  | DNAudit | user=null | ip=null | op=WRITE_CHUNK {blockData=conID: 1 locID: 102655682316337805 bcsId: 0} | ret=SUCCESS |  
2019-08-21 15:30:02,590 | INFO  | DNAudit | user=null | ip=null | op=WRITE_CHUNK {blockData=conID: 1 locID: 102655682316337805 bcsId: 0} | ret=SUCCESS |  
2019-08-21 15:30:02,590 | INFO  | DNAudit | user=null | ip=null | op=PUT_BLOCK {blockData=[blockId=conID: 1 locID: 102655682316337805 bcsId: 0,size=2097152]} | ret=SUCCESS |  
2019-08-21 15:30:02,590 | INFO  | DNAudit | user=null | ip=null | op=PUT_BLOCK {blockData=[blockId=conID: 1 locID: 102655682316337805 bcsId: 0,size=2097152]} | ret=SUCCESS |  
2019-08-21 15:30:02,590 [grpc-default-executor-5] INFO  client.GrpcClientProtocolClient (GrpcClientProtocolClient.java:onNext(255)) - client-029E50227556->355864cd-7ac5-4934-b366-9756b15dd90f: receive RaftClientReply:client-029E50227556->355864cd-7ac5-4934-b366-9756b15dd90f@group-785BCF25C267, cid=3098, SUCCESS, logIndex=0, commits[355864cd-7ac5-4934-b366-9756b15dd90f:c4659, ce4aa411-63c8-4399-99eb-27ce352844f3:c4656, 3eeffb0a-787e-48ec-a2f5-d0c540a89489:c4655]
2019-08-21 15:30:02,596 | INFO  | DNAudit | user=null | ip=null | op=WRITE_CHUNK {blockData=conID: 1 locID: 102655682316337805 bcsId: 4657} | ret=SUCCESS |  
2019-08-21 15:30:02,599 | INFO  | DNAudit | user=null | ip=null | op=WRITE_CHUNK {blockData=conID: 1 locID: 102655682316337805 bcsId: 4657} | ret=SUCCESS |  
2019-08-21 15:30:02,599 | INFO  | DNAudit | user=null | ip=null | op=WRITE_CHUNK {blockData=conID: 1 locID: 102655682316337805 bcsId: 4657} | ret=SUCCESS |  
2019-08-21 15:30:02,609 | INFO  | DNAudit | user=null | ip=null | op=WRITE_CHUNK {blockData=conID: 1 locID: 102655682316337805 bcsId: 4657} | ret=SUCCESS |  
2019-08-21 15:30:02,610 | INFO  | DNAudit | user=null | ip=null | op=PUT_BLOCK {blockData=[blockId=conID: 1 locID: 102655682316337805 bcsId: 0,size=3145728]} | ret=SUCCESS |  
2019-08-21 15:30:02,610 [grpc-default-executor-5] INFO  client.GrpcClientProtocolClient (GrpcClientProtocolClient.java:onNext(255)) - client-029E50227556->355864cd-7ac5-4934-b366-9756b15dd90f: receive RaftClientReply:client-029E50227556->355864cd-7ac5-4934-b366-9756b15dd90f@group-785BCF25C267, cid=3099, SUCCESS, logIndex=4662, commits[355864cd-7ac5-4934-b366-9756b15dd90f:c4663, ce4aa411-63c8-4399-99eb-27ce352844f3:c4661, 3eeffb0a-787e-48ec-a2f5-d0c540a89489:c4661]
2019-08-21 15:30:02,610 [grpc-default-executor-5] INFO  client.GrpcClientProtocolClient (GrpcClientProtocolClient.java:onNext(255)) - client-029E50227556->355864cd-7ac5-4934-b366-9756b15dd90f: receive RaftClientReply:client-029E50227556->355864cd-7ac5-4934-b366-9756b15dd90f@group-785BCF25C267, cid=3100, SUCCESS, logIndex=4663, commits[355864cd-7ac5-4934-b366-9756b15dd90f:c4663, ce4aa411-63c8-4399-99eb-27ce352844f3:c4661, 3eeffb0a-787e-48ec-a2f5-d0c540a89489:c4661]
2019-08-21 15:30:02,618 | INFO  | DNAudit | user=null | ip=null | op=WRITE_CHUNK {blockData=conID: 1 locID: 102655682316337805 bcsId: 4663} | ret=SUCCESS |  
2019-08-21 15:30:02,619 | INFO  | DNAudit | user=null | ip=null | op=WRITE_CHUNK {blockData=conID: 1 locID: 102655682316337805 bcsId: 4663} | ret=SUCCESS |  
2019-08-21 15:30:02,620 | INFO  | DNAudit | user=null | ip=null | op=WRITE_CHUNK {blockData=conID: 1 locID: 102655682316337805 bcsId: 4663} | ret=SUCCESS |  
2019-08-21 15:30:02,621 | INFO  | DNAudit | user=null | ip=null | op=WRITE_CHUNK {blockData=conID: 1 locID: 102655682316337805 bcsId: 4657} | ret=SUCCESS |  
2019-08-21 15:30:02,621 | INFO  | DNAudit | user=null | ip=null | op=WRITE_CHUNK {blockData=conID: 1 locID: 102655682316337805 bcsId: 4657} | ret=SUCCESS |  
2019-08-21 15:30:02,622 | INFO  | DNAudit | user=null | ip=null | op=PUT_BLOCK {blockData=[blockId=conID: 1 locID: 102655682316337805 bcsId: 0,size=3145728]} | ret=SUCCESS |  
2019-08-21 15:30:02,622 | INFO  | DNAudit | user=null | ip=null | op=PUT_BLOCK {blockData=[blockId=conID: 1 locID: 102655682316337805 bcsId: 0,size=3145728]} | ret=SUCCESS |  
2019-08-21 15:30:02,623 | INFO  | DNAudit | user=null | ip=null | op=WRITE_CHUNK {blockData=conID: 1 locID: 102655682316337805 bcsId: 4663} | ret=SUCCESS |  
2019-08-21 15:30:02,623 | INFO  | DNAudit | user=null | ip=null | op=PUT_BLOCK {blockData=[blockId=conID: 1 locID: 102655682316337805 bcsId: 0,size=4194304]} | ret=SUCCESS |  
2019-08-21 15:30:02,623 [grpc-default-executor-3] INFO  client.GrpcClientProtocolClient (GrpcClientProtocolClient.java:onNext(255)) - client-029E50227556->355864cd-7ac5-4934-b366-9756b15dd90f: receive RaftClientReply:client-029E50227556->355864cd-7ac5-4934-b366-9756b15dd90f@group-785BCF25C267, cid=3101, SUCCESS, logIndex=4666, commits[355864cd-7ac5-4934-b366-9756b15dd90f:c4667, ce4aa411-63c8-4399-99eb-27ce352844f3:c4663, 3eeffb0a-787e-48ec-a2f5-d0c540a89489:c4663]
2019-08-21 15:30:02,624 [grpc-default-executor-3] INFO  client.GrpcClientProtocolClient (GrpcClientProtocolClient.java:onNext(255)) - client-029E50227556->355864cd-7ac5-4934-b366-9756b15dd90f: receive RaftClientReply:client-029E50227556->355864cd-7ac5-4934-b366-9756b15dd90f@group-785BCF25C267, cid=3102, SUCCESS, logIndex=4667, commits[355864cd-7ac5-4934-b366-9756b15dd90f:c4667, ce4aa411-63c8-4399-99eb-27ce352844f3:c4663, 3eeffb0a-787e-48ec-a2f5-d0c540a89489:c4663]
2019-08-21 15:30:02,634 | INFO  | DNAudit | user=null | ip=null | op=WRITE_CHUNK {blockData=conID: 1 locID: 102655682316337805 bcsId: 4663} | ret=SUCCESS |  
2019-08-21 15:30:02,634 | INFO  | DNAudit | user=null | ip=null | op=WRITE_CHUNK {blockData=conID: 1 locID: 102655682316337805 bcsId: 4663} | ret=SUCCESS |  
2019-08-21 15:30:02,635 | INFO  | DNAudit | user=null | ip=null | op=PUT_BLOCK {blockData=[blockId=conID: 1 locID: 102655682316337805 bcsId: 0,size=4194304]} | ret=SUCCESS |  
2019-08-21 15:30:02,635 | INFO  | DNAudit | user=null | ip=null | op=PUT_BLOCK {blockData=[blockId=conID: 1 locID: 102655682316337805 bcsId: 0,size=4194304]} | ret=SUCCESS |  
2019-08-21 15:30:02,635 [grpc-default-executor-3] INFO  client.GrpcClientProtocolClient (GrpcClientProtocolClient.java:onNext(255)) - client-029E50227556->355864cd-7ac5-4934-b366-9756b15dd90f: receive RaftClientReply:client-029E50227556->355864cd-7ac5-4934-b366-9756b15dd90f@group-785BCF25C267, cid=3103, SUCCESS, logIndex=0, commits[355864cd-7ac5-4934-b366-9756b15dd90f:c4668, ce4aa411-63c8-4399-99eb-27ce352844f3:c4667, 3eeffb0a-787e-48ec-a2f5-d0c540a89489:c4667]
2019-08-21 15:30:02,642 | INFO  | SCMAudit | user=jenkins1000 | ip=192.168.5.153 | op=ALLOCATE_BLOCK {owner=78849ec2-2b05-45d8-8cb5-e95e2230dbd1, size=4194304, type=RATIS, factor=THREE} | ret=SUCCESS |  
2019-08-21 15:30:02,646 | INFO  | OMAudit | user=jenkins1000 | ip=127.0.0.1 | op=ALLOCATE_BLOCK {volume=vol-0-32358, bucket=bucket-0-01949, key=key-0-56547, dataSize=0, replicationType=null, replicationFactor=null, keyLocationInfo=null, clientID=102655680532119954} | ret=SUCCESS |  
2019-08-21 15:30:02,653 | INFO  | DNAudit | user=null | ip=null | op=WRITE_CHUNK {blockData=conID: 2 locID: 102655682323546766 bcsId: 0} | ret=SUCCESS |  
2019-08-21 15:30:02,655 | INFO  | DNAudit | user=null | ip=null | op=WRITE_CHUNK {blockData=conID: 2 locID: 102655682323546766 bcsId: 0} | ret=SUCCESS |  
2019-08-21 15:30:02,656 | INFO  | DNAudit | user=null | ip=null | op=WRITE_CHUNK {blockData=conID: 2 locID: 102655682323546766 bcsId: 0} | ret=SUCCESS |  
2019-08-21 15:30:02,656 | INFO  | DNAudit | user=null | ip=null | op=WRITE_CHUNK {blockData=conID: 2 locID: 102655682323546766 bcsId: 0} | ret=SUCCESS |  
2019-08-21 15:30:02,658 | INFO  | DNAudit | user=null | ip=null | op=WRITE_CHUNK {blockData=conID: 2 locID: 102655682323546766 bcsId: 0} | ret=SUCCESS |  
2019-08-21 15:30:02,658 | INFO  | DNAudit | user=null | ip=null | op=WRITE_CHUNK {blockData=conID: 2 locID: 102655682323546766 bcsId: 0} | ret=SUCCESS |  
2019-08-21 15:30:02,667 | INFO  | DNAudit | user=null | ip=null | op=WRITE_CHUNK {blockData=conID: 2 locID: 102655682323546766 bcsId: 0} | ret=SUCCESS |  
2019-08-21 15:30:02,668 | INFO  | DNAudit | user=null | ip=null | op=PUT_BLOCK {blockData=[blockId=conID: 2 locID: 102655682323546766 bcsId: 0,size=1048576]} | ret=SUCCESS |  
2019-08-21 15:30:02,668 [grpc-default-executor-4] INFO  client.GrpcClientProtocolClient (GrpcClientProtocolClient.java:onNext(255)) - client-029E50227556->355864cd-7ac5-4934-b366-9756b15dd90f: receive RaftClientReply:client-029E50227556->355864cd-7ac5-4934-b366-9756b15dd90f@group-785BCF25C267, cid=3104, SUCCESS, logIndex=4670, commits[355864cd-7ac5-4934-b366-9756b15dd90f:c4671, ce4aa411-63c8-4399-99eb-27ce352844f3:c4669, 3eeffb0a-787e-48ec-a2f5-d0c540a89489:c4669]
2019-08-21 15:30:02,668 [grpc-default-executor-4] INFO  client.GrpcClientProtocolClient (GrpcClientProtocolClient.java:onNext(255)) - client-029E50227556->355864cd-7ac5-4934-b366-9756b15dd90f: receive RaftClientReply:client-029E50227556->355864cd-7ac5-4934-b366-9756b15dd90f@group-785BCF25C267, cid=3105, SUCCESS, logIndex=4671, commits[355864cd-7ac5-4934-b366-9756b15dd90f:c4671, ce4aa411-63c8-4399-99eb-27ce352844f3:c4669, 3eeffb0a-787e-48ec-a2f5-d0c540a89489:c4669]
2019-08-21 15:30:02,680 | INFO  | DNAudit | user=null | ip=null | op=WRITE_CHUNK {blockData=conID: 2 locID: 102655682323546766 bcsId: 0} | ret=SUCCESS |  
2019-08-21 15:30:02,680 | INFO  | DNAudit | user=null | ip=null | op=PUT_BLOCK {blockData=[blockId=conID: 2 locID: 102655682323546766 bcsId: 0,size=2097152]} | ret=SUCCESS |  
2019-08-21 15:30:02,680 [grpc-default-executor-3] INFO  client.GrpcClientProtocolClient (GrpcClientProtocolClient.java:onNext(255)) - client-029E50227556->355864cd-7ac5-4934-b366-9756b15dd90f: receive RaftClientReply:client-029E50227556->355864cd-7ac5-4934-b366-9756b15dd90f@group-785BCF25C267, cid=3106, SUCCESS, logIndex=4672, commits[355864cd-7ac5-4934-b366-9756b15dd90f:c4673, ce4aa411-63c8-4399-99eb-27ce352844f3:c4669, 3eeffb0a-787e-48ec-a2f5-d0c540a89489:c4669]
2019-08-21 15:30:02,681 [grpc-default-executor-3] INFO  client.GrpcClientProtocolClient (GrpcClientProtocolClient.java:onNext(255)) - client-029E50227556->355864cd-7ac5-4934-b366-9756b15dd90f: receive RaftClientReply:client-029E50227556->355864cd-7ac5-4934-b366-9756b15dd90f@group-785BCF25C267, cid=3107, SUCCESS, logIndex=4673, commits[355864cd-7ac5-4934-b366-9756b15dd90f:c4673, ce4aa411-63c8-4399-99eb-27ce352844f3:c4669, 3eeffb0a-787e-48ec-a2f5-d0c540a89489:c4669]
2019-08-21 15:30:02,693 | INFO  | DNAudit | user=null | ip=null | op=WRITE_CHUNK {blockData=conID: 2 locID: 102655682323546766 bcsId: 0} | ret=SUCCESS |  
2019-08-21 15:30:02,693 | INFO  | DNAudit | user=null | ip=null | op=WRITE_CHUNK {blockData=conID: 2 locID: 102655682323546766 bcsId: 0} | ret=SUCCESS |  
2019-08-21 15:30:02,693 | INFO  | DNAudit | user=null | ip=null | op=PUT_BLOCK {blockData=[blockId=conID: 2 locID: 102655682323546766 bcsId: 0,size=1048576]} | ret=SUCCESS |  
2019-08-21 15:30:02,693 | INFO  | DNAudit | user=null | ip=null | op=PUT_BLOCK {blockData=[blockId=conID: 2 locID: 102655682323546766 bcsId: 0,size=1048576]} | ret=SUCCESS |  
2019-08-21 15:30:02,693 [grpc-default-executor-3] INFO  client.GrpcClientProtocolClient (GrpcClientProtocolClient.java:onNext(255)) - client-029E50227556->355864cd-7ac5-4934-b366-9756b15dd90f: receive RaftClientReply:client-029E50227556->355864cd-7ac5-4934-b366-9756b15dd90f@group-785BCF25C267, cid=3108, SUCCESS, logIndex=0, commits[355864cd-7ac5-4934-b366-9756b15dd90f:c4675, ce4aa411-63c8-4399-99eb-27ce352844f3:c4671, 3eeffb0a-787e-48ec-a2f5-d0c540a89489:c4671]
2019-08-21 15:30:02,699 | INFO  | DNAudit | user=null | ip=null | op=WRITE_CHUNK {blockData=conID: 2 locID: 102655682323546766 bcsId: 4673} | ret=SUCCESS |  
2019-08-21 15:30:02,702 | INFO  | DNAudit | user=null | ip=null | op=WRITE_CHUNK {blockData=conID: 2 locID: 102655682323546766 bcsId: 4673} | ret=SUCCESS |  
2019-08-21 15:30:02,702 | INFO  | DNAudit | user=null | ip=null | op=WRITE_CHUNK {blockData=conID: 2 locID: 102655682323546766 bcsId: 4673} | ret=SUCCESS |  
2019-08-21 15:30:02,706 | INFO  | DNAudit | user=null | ip=null | op=WRITE_CHUNK {blockData=conID: 2 locID: 102655682323546766 bcsId: 0} | ret=SUCCESS |  
2019-08-21 15:30:02,706 | INFO  | DNAudit | user=null | ip=null | op=WRITE_CHUNK {blockData=conID: 2 locID: 102655682323546766 bcsId: 0} | ret=SUCCESS |  
2019-08-21 15:30:02,706 | INFO  | DNAudit | user=null | ip=null | op=PUT_BLOCK {blockData=[blockId=conID: 2 locID: 102655682323546766 bcsId: 0,size=2097152]} | ret=SUCCESS |  
2019-08-21 15:30:02,706 | INFO  | DNAudit | user=null | ip=null | op=PUT_BLOCK {blockData=[blockId=conID: 2 locID: 102655682323546766 bcsId: 0,size=2097152]} | ret=SUCCESS |  
2019-08-21 15:30:02,719 | INFO  | DNAudit | user=null | ip=null | op=WRITE_CHUNK {blockData=conID: 2 locID: 102655682323546766 bcsId: 4673} | ret=SUCCESS |  
2019-08-21 15:30:02,720 | INFO  | DNAudit | user=null | ip=null | op=PUT_BLOCK {blockData=[blockId=conID: 2 locID: 102655682323546766 bcsId: 0,size=3145728]} | ret=SUCCESS |  
2019-08-21 15:30:02,720 [grpc-default-executor-3] INFO  client.GrpcClientProtocolClient (GrpcClientProtocolClient.java:onNext(255)) - client-029E50227556->355864cd-7ac5-4934-b366-9756b15dd90f: receive RaftClientReply:client-029E50227556->355864cd-7ac5-4934-b366-9756b15dd90f@group-785BCF25C267, cid=3109, SUCCESS, logIndex=4678, commits[355864cd-7ac5-4934-b366-9756b15dd90f:c4679, ce4aa411-63c8-4399-99eb-27ce352844f3:c4675, 3eeffb0a-787e-48ec-a2f5-d0c540a89489:c4675]
2019-08-21 15:30:02,720 [grpc-default-executor-3] INFO  client.GrpcClientProtocolClient (GrpcClientProtocolClient.java:onNext(255)) - client-029E50227556->355864cd-7ac5-4934-b366-9756b15dd90f: receive RaftClientReply:client-029E50227556->355864cd-7ac5-4934-b366-9756b15dd90f@group-785BCF25C267, cid=3110, SUCCESS, logIndex=4679, commits[355864cd-7ac5-4934-b366-9756b15dd90f:c4679, ce4aa411-63c8-4399-99eb-27ce352844f3:c4675, 3eeffb0a-787e-48ec-a2f5-d0c540a89489:c4675]
2019-08-21 15:30:02,726 | INFO  | DNAudit | user=null | ip=null | op=WRITE_CHUNK {blockData=conID: 2 locID: 102655682323546766 bcsId: 4679} | ret=SUCCESS |  
2019-08-21 15:30:02,729 | INFO  | DNAudit | user=null | ip=null | op=WRITE_CHUNK {blockData=conID: 2 locID: 102655682323546766 bcsId: 4679} | ret=SUCCESS |  
2019-08-21 15:30:02,729 | INFO  | DNAudit | user=null | ip=null | op=WRITE_CHUNK {blockData=conID: 2 locID: 102655682323546766 bcsId: 4679} | ret=SUCCESS |  
2019-08-21 15:30:02,740 | INFO  | DNAudit | user=null | ip=null | op=WRITE_CHUNK {blockData=conID: 2 locID: 102655682323546766 bcsId: 4673} | ret=SUCCESS |  
2019-08-21 15:30:02,740 | INFO  | DNAudit | user=null | ip=null | op=WRITE_CHUNK {blockData=conID: 2 locID: 102655682323546766 bcsId: 4673} | ret=SUCCESS |  
2019-08-21 15:30:02,752 | INFO  | DNAudit | user=null | ip=null | op=PUT_BLOCK {blockData=[blockId=conID: 2 locID: 102655682323546766 bcsId: 0,size=3145728]} | ret=SUCCESS |  
2019-08-21 15:30:02,752 | INFO  | DNAudit | user=null | ip=null | op=PUT_BLOCK {blockData=[blockId=conID: 2 locID: 102655682323546766 bcsId: 0,size=3145728]} | ret=SUCCESS |  
2019-08-21 15:30:02,753 | INFO  | DNAudit | user=null | ip=null | op=WRITE_CHUNK {blockData=conID: 2 locID: 102655682323546766 bcsId: 4679} | ret=SUCCESS |  
2019-08-21 15:30:02,753 | INFO  | DNAudit | user=null | ip=null | op=PUT_BLOCK {blockData=[blockId=conID: 2 locID: 102655682323546766 bcsId: 0,size=4194304]} | ret=SUCCESS |  
2019-08-21 15:30:02,753 [grpc-default-executor-3] INFO  client.GrpcClientProtocolClient (GrpcClientProtocolClient.java:onNext(255)) - client-029E50227556->355864cd-7ac5-4934-b366-9756b15dd90f: receive RaftClientReply:client-029E50227556->355864cd-7ac5-4934-b366-9756b15dd90f@group-785BCF25C267, cid=3111, SUCCESS, logIndex=4682, commits[355864cd-7ac5-4934-b366-9756b15dd90f:c4683, ce4aa411-63c8-4399-99eb-27ce352844f3:c4679, 3eeffb0a-787e-48ec-a2f5-d0c540a89489:c4679]
2019-08-21 15:30:02,754 [grpc-default-executor-3] INFO  client.GrpcClientProtocolClient (GrpcClientProtocolClient.java:onNext(255)) - client-029E50227556->355864cd-7ac5-4934-b366-9756b15dd90f: receive RaftClientReply:client-029E50227556->355864cd-7ac5-4934-b366-9756b15dd90f@group-785BCF25C267, cid=3112, SUCCESS, logIndex=4683, commits[355864cd-7ac5-4934-b366-9756b15dd90f:c4683, ce4aa411-63c8-4399-99eb-27ce352844f3:c4679, 3eeffb0a-787e-48ec-a2f5-d0c540a89489:c4679]
2019-08-21 15:30:02,763 | INFO  | DNAudit | user=null | ip=null | op=WRITE_CHUNK {blockData=conID: 2 locID: 102655682323546766 bcsId: 4679} | ret=SUCCESS |  
2019-08-21 15:30:02,763 | INFO  | DNAudit | user=null | ip=null | op=WRITE_CHUNK {blockData=conID: 2 locID: 102655682323546766 bcsId: 4679} | ret=SUCCESS |  
2019-08-21 15:30:02,764 | INFO  | DNAudit | user=null | ip=null | op=PUT_BLOCK {blockData=[blockId=conID: 2 locID: 102655682323546766 bcsId: 0,size=4194304]} | ret=SUCCESS |  
2019-08-21 15:30:02,764 | INFO  | DNAudit | user=null | ip=null | op=PUT_BLOCK {blockData=[blockId=conID: 2 locID: 102655682323546766 bcsId: 0,size=4194304]} | ret=SUCCESS |  
2019-08-21 15:30:02,765 [grpc-default-executor-4] INFO  client.GrpcClientProtocolClient (GrpcClientProtocolClient.java:onNext(255)) - client-029E50227556->355864cd-7ac5-4934-b366-9756b15dd90f: receive RaftClientReply:client-029E50227556->355864cd-7ac5-4934-b366-9756b15dd90f@group-785BCF25C267, cid=3113, SUCCESS, logIndex=0, commits[355864cd-7ac5-4934-b366-9756b15dd90f:c4685, ce4aa411-63c8-4399-99eb-27ce352844f3:c4683, 3eeffb0a-787e-48ec-a2f5-d0c540a89489:c4683]
2019-08-21 15:30:02,770 | INFO  | SCMAudit | user=jenkins1000 | ip=192.168.5.153 | op=ALLOCATE_BLOCK {owner=78849ec2-2b05-45d8-8cb5-e95e2230dbd1, size=4194304, type=RATIS, factor=THREE} | ret=SUCCESS |  
2019-08-21 15:30:02,774 | INFO  | OMAudit | user=jenkins1000 | ip=127.0.0.1 | op=ALLOCATE_BLOCK {volume=vol-0-32358, bucket=bucket-0-01949, key=key-0-56547, dataSize=0, replicationType=null, replicationFactor=null, keyLocationInfo=null, clientID=102655680532119954} | ret=SUCCESS |  
2019-08-21 15:30:02,780 | INFO  | DNAudit | user=null | ip=null | op=WRITE_CHUNK {blockData=conID: 3 locID: 102655682331935375 bcsId: 0} | ret=SUCCESS |  
2019-08-21 15:30:02,783 | INFO  | DNAudit | user=null | ip=null | op=WRITE_CHUNK {blockData=conID: 3 locID: 102655682331935375 bcsId: 0} | ret=SUCCESS |  
2019-08-21 15:30:02,783 | INFO  | DNAudit | user=null | ip=null | op=WRITE_CHUNK {blockData=conID: 3 locID: 102655682331935375 bcsId: 0} | ret=SUCCESS |  
2019-08-21 15:30:02,784 | INFO  | DNAudit | user=null | ip=null | op=WRITE_CHUNK {blockData=conID: 3 locID: 102655682331935375 bcsId: 0} | ret=SUCCESS |  
2019-08-21 15:30:02,785 | INFO  | DNAudit | user=null | ip=null | op=WRITE_CHUNK {blockData=conID: 3 locID: 102655682331935375 bcsId: 0} | ret=SUCCESS |  
2019-08-21 15:30:02,785 | INFO  | DNAudit | user=null | ip=null | op=WRITE_CHUNK {blockData=conID: 3 locID: 102655682331935375 bcsId: 0} | ret=SUCCESS |  
2019-08-21 15:30:02,816 | INFO  | DNAudit | user=null | ip=null | op=WRITE_CHUNK {blockData=conID: 3 locID: 102655682331935375 bcsId: 0} | ret=SUCCESS |  
2019-08-21 15:30:02,817 | INFO  | DNAudit | user=null | ip=null | op=PUT_BLOCK {blockData=[blockId=conID: 3 locID: 102655682331935375 bcsId: 0,size=1048576]} | ret=SUCCESS |  
2019-08-21 15:30:02,817 | INFO  | DNAudit | user=null | ip=null | op=WRITE_CHUNK {blockData=conID: 3 locID: 102655682331935375 bcsId: 0} | ret=SUCCESS |  
2019-08-21 15:30:02,817 [grpc-default-executor-5] INFO  client.GrpcClientProtocolClient (GrpcClientProtocolClient.java:onNext(255)) - client-029E50227556->355864cd-7ac5-4934-b366-9756b15dd90f: receive RaftClientReply:client-029E50227556->355864cd-7ac5-4934-b366-9756b15dd90f@group-785BCF25C267, cid=3114, SUCCESS, logIndex=4686, commits[355864cd-7ac5-4934-b366-9756b15dd90f:c4689, ce4aa411-63c8-4399-99eb-27ce352844f3:c4685, 3eeffb0a-787e-48ec-a2f5-d0c540a89489:c4685]
2019-08-21 15:30:02,817 | INFO  | DNAudit | user=null | ip=null | op=PUT_BLOCK {blockData=[blockId=conID: 3 locID: 102655682331935375 bcsId: 0,size=2097152]} | ret=SUCCESS |  
2019-08-21 15:30:02,818 [grpc-default-executor-5] INFO  client.GrpcClientProtocolClient (GrpcClientProtocolClient.java:onNext(255)) - client-029E50227556->355864cd-7ac5-4934-b366-9756b15dd90f: receive RaftClientReply:client-029E50227556->355864cd-7ac5-4934-b366-9756b15dd90f@group-785BCF25C267, cid=3115, SUCCESS, logIndex=4687, commits[355864cd-7ac5-4934-b366-9756b15dd90f:c4689, ce4aa411-63c8-4399-99eb-27ce352844f3:c4685, 3eeffb0a-787e-48ec-a2f5-d0c540a89489:c4685]
2019-08-21 15:30:02,818 [grpc-default-executor-5] INFO  client.GrpcClientProtocolClient (GrpcClientProtocolClient.java:onNext(255)) - client-029E50227556->355864cd-7ac5-4934-b366-9756b15dd90f: receive RaftClientReply:client-029E50227556->355864cd-7ac5-4934-b366-9756b15dd90f@group-785BCF25C267, cid=3116, SUCCESS, logIndex=4688, commits[355864cd-7ac5-4934-b366-9756b15dd90f:c4689, ce4aa411-63c8-4399-99eb-27ce352844f3:c4685, 3eeffb0a-787e-48ec-a2f5-d0c540a89489:c4685]
2019-08-21 15:30:02,818 [grpc-default-executor-5] INFO  client.GrpcClientProtocolClient (GrpcClientProtocolClient.java:onNext(255)) - client-029E50227556->355864cd-7ac5-4934-b366-9756b15dd90f: receive RaftClientReply:client-029E50227556->355864cd-7ac5-4934-b366-9756b15dd90f@group-785BCF25C267, cid=3117, SUCCESS, logIndex=4689, commits[355864cd-7ac5-4934-b366-9756b15dd90f:c4689, ce4aa411-63c8-4399-99eb-27ce352844f3:c4685, 3eeffb0a-787e-48ec-a2f5-d0c540a89489:c4685]
2019-08-21 15:30:02,846 | INFO  | DNAudit | user=null | ip=null | op=WRITE_CHUNK {blockData=conID: 3 locID: 102655682331935375 bcsId: 0} | ret=SUCCESS |  
2019-08-21 15:30:02,846 | INFO  | DNAudit | user=null | ip=null | op=PUT_BLOCK {blockData=[blockId=conID: 3 locID: 102655682331935375 bcsId: 0,size=1048576]} | ret=SUCCESS |  
2019-08-21 15:30:02,846 | INFO  | DNAudit | user=null | ip=null | op=WRITE_CHUNK {blockData=conID: 3 locID: 102655682331935375 bcsId: 0} | ret=SUCCESS |  
2019-08-21 15:30:02,846 | INFO  | DNAudit | user=null | ip=null | op=PUT_BLOCK {blockData=[blockId=conID: 3 locID: 102655682331935375 bcsId: 0,size=2097152]} | ret=SUCCESS |  
2019-08-21 15:30:02,847 | INFO  | DNAudit | user=null | ip=null | op=WRITE_CHUNK {blockData=conID: 3 locID: 102655682331935375 bcsId: 0} | ret=SUCCESS |  
2019-08-21 15:30:02,847 | INFO  | DNAudit | user=null | ip=null | op=PUT_BLOCK {blockData=[blockId=conID: 3 locID: 102655682331935375 bcsId: 0,size=1048576]} | ret=SUCCESS |  
2019-08-21 15:30:02,847 | INFO  | DNAudit | user=null | ip=null | op=WRITE_CHUNK {blockData=conID: 3 locID: 102655682331935375 bcsId: 0} | ret=SUCCESS |  
2019-08-21 15:30:02,847 [grpc-default-executor-5] INFO  client.GrpcClientProtocolClient (GrpcClientProtocolClient.java:onNext(255)) - client-029E50227556->355864cd-7ac5-4934-b366-9756b15dd90f: receive RaftClientReply:client-029E50227556->355864cd-7ac5-4934-b366-9756b15dd90f@group-785BCF25C267, cid=3118, SUCCESS, logIndex=0, commits[355864cd-7ac5-4934-b366-9756b15dd90f:c4690, ce4aa411-63c8-4399-99eb-27ce352844f3:c4689, 3eeffb0a-787e-48ec-a2f5-d0c540a89489:c4689]
2019-08-21 15:30:02,848 | INFO  | DNAudit | user=null | ip=null | op=PUT_BLOCK {blockData=[blockId=conID: 3 locID: 102655682331935375 bcsId: 0,size=2097152]} | ret=SUCCESS |  
2019-08-21 15:30:02,855 | INFO  | DNAudit | user=null | ip=null | op=WRITE_CHUNK {blockData=conID: 3 locID: 102655682331935375 bcsId: 4689} | ret=SUCCESS |  
2019-08-21 15:30:02,858 | INFO  | DNAudit | user=null | ip=null | op=WRITE_CHUNK {blockData=conID: 3 locID: 102655682331935375 bcsId: 4689} | ret=SUCCESS |  
2019-08-21 15:30:02,858 | INFO  | DNAudit | user=null | ip=null | op=WRITE_CHUNK {blockData=conID: 3 locID: 102655682331935375 bcsId: 4689} | ret=SUCCESS |  
2019-08-21 15:30:02,871 | INFO  | DNAudit | user=null | ip=null | op=WRITE_CHUNK {blockData=conID: 3 locID: 102655682331935375 bcsId: 4689} | ret=SUCCESS |  
2019-08-21 15:30:02,872 | INFO  | DNAudit | user=null | ip=null | op=PUT_BLOCK {blockData=[blockId=conID: 3 locID: 102655682331935375 bcsId: 0,size=3145728]} | ret=SUCCESS |  
2019-08-21 15:30:02,872 [grpc-default-executor-4] INFO  client.GrpcClientProtocolClient (GrpcClientProtocolClient.java:onNext(255)) - client-029E50227556->355864cd-7ac5-4934-b366-9756b15dd90f: receive RaftClientReply:client-029E50227556->355864cd-7ac5-4934-b366-9756b15dd90f@group-785BCF25C267, cid=3119, SUCCESS, logIndex=4691, commits[355864cd-7ac5-4934-b366-9756b15dd90f:c4692, ce4aa411-63c8-4399-99eb-27ce352844f3:c4690, 3eeffb0a-787e-48ec-a2f5-d0c540a89489:c4690]
2019-08-21 15:30:03,017 | INFO  | DNAudit | user=null | ip=null | op=WRITE_CHUNK {blockData=conID: 3 locID: 102655682331935375 bcsId: 4689} | ret=SUCCESS |  
2019-08-21 15:30:03,017 | INFO  | DNAudit | user=null | ip=null | op=WRITE_CHUNK {blockData=conID: 3 locID: 102655682331935375 bcsId: 4689} | ret=SUCCESS |  
2019-08-21 15:30:03,017 [grpc-default-executor-5] INFO  client.GrpcClientProtocolClient (GrpcClientProtocolClient.java:onNext(255)) - client-029E50227556->355864cd-7ac5-4934-b366-9756b15dd90f: receive RaftClientReply:client-029E50227556->355864cd-7ac5-4934-b366-9756b15dd90f@group-785BCF25C267, cid=3120, SUCCESS, logIndex=4692, commits[355864cd-7ac5-4934-b366-9756b15dd90f:c4692, ce4aa411-63c8-4399-99eb-27ce352844f3:c4690, 3eeffb0a-787e-48ec-a2f5-d0c540a89489:c4690]
2019-08-21 15:30:03,017 | INFO  | DNAudit | user=null | ip=null | op=PUT_BLOCK {blockData=[blockId=conID: 3 locID: 102655682331935375 bcsId: 0,size=3145728]} | ret=SUCCESS |  
2019-08-21 15:30:03,017 | INFO  | DNAudit | user=null | ip=null | op=PUT_BLOCK {blockData=[blockId=conID: 3 locID: 102655682331935375 bcsId: 0,size=3145728]} | ret=SUCCESS |  
2019-08-21 15:30:03,026 | INFO  | DNAudit | user=null | ip=null | op=WRITE_CHUNK {blockData=conID: 3 locID: 102655682331935375 bcsId: 4692} | ret=SUCCESS |  
2019-08-21 15:30:03,029 | INFO  | DNAudit | user=null | ip=null | op=WRITE_CHUNK {blockData=conID: 3 locID: 102655682331935375 bcsId: 4692} | ret=SUCCESS |  
2019-08-21 15:30:03,029 | INFO  | DNAudit | user=null | ip=null | op=WRITE_CHUNK {blockData=conID: 3 locID: 102655682331935375 bcsId: 4692} | ret=SUCCESS |  
2019-08-21 15:30:03,043 | INFO  | DNAudit | user=null | ip=null | op=WRITE_CHUNK {blockData=conID: 3 locID: 102655682331935375 bcsId: 4692} | ret=SUCCESS |  
2019-08-21 15:30:03,043 | INFO  | DNAudit | user=null | ip=null | op=PUT_BLOCK {blockData=[blockId=conID: 3 locID: 102655682331935375 bcsId: 0,size=4194304]} | ret=SUCCESS |  
2019-08-21 15:30:03,044 [grpc-default-executor-4] INFO  client.GrpcClientProtocolClient (GrpcClientProtocolClient.java:onNext(255)) - client-029E50227556->355864cd-7ac5-4934-b366-9756b15dd90f: receive RaftClientReply:client-029E50227556->355864cd-7ac5-4934-b366-9756b15dd90f@group-785BCF25C267, cid=3121, SUCCESS, logIndex=4695, commits[355864cd-7ac5-4934-b366-9756b15dd90f:c4696, ce4aa411-63c8-4399-99eb-27ce352844f3:c4693, 3eeffb0a-787e-48ec-a2f5-d0c540a89489:c4692]
2019-08-21 15:30:03,044 [grpc-default-executor-4] INFO  client.GrpcClientProtocolClient (GrpcClientProtocolClient.java:onNext(255)) - client-029E50227556->355864cd-7ac5-4934-b366-9756b15dd90f: receive RaftClientReply:client-029E50227556->355864cd-7ac5-4934-b366-9756b15dd90f@group-785BCF25C267, cid=3122, SUCCESS, logIndex=4696, commits[355864cd-7ac5-4934-b366-9756b15dd90f:c4696, ce4aa411-63c8-4399-99eb-27ce352844f3:c4693, 3eeffb0a-787e-48ec-a2f5-d0c540a89489:c4693]
2019-08-21 15:30:03,056 | INFO  | DNAudit | user=null | ip=null | op=WRITE_CHUNK {blockData=conID: 3 locID: 102655682331935375 bcsId: 4692} | ret=SUCCESS |  
2019-08-21 15:30:03,056 | INFO  | DNAudit | user=null | ip=null | op=WRITE_CHUNK {blockData=conID: 3 locID: 102655682331935375 bcsId: 4692} | ret=SUCCESS |  
2019-08-21 15:30:03,056 | INFO  | DNAudit | user=null | ip=null | op=PUT_BLOCK {blockData=[blockId=conID: 3 locID: 102655682331935375 bcsId: 0,size=4194304]} | ret=SUCCESS |  
2019-08-21 15:30:03,057 | INFO  | DNAudit | user=null | ip=null | op=PUT_BLOCK {blockData=[blockId=conID: 3 locID: 102655682331935375 bcsId: 0,size=4194304]} | ret=SUCCESS |  
2019-08-21 15:30:03,057 [grpc-default-executor-4] INFO  client.GrpcClientProtocolClient (GrpcClientProtocolClient.java:onNext(255)) - client-029E50227556->355864cd-7ac5-4934-b366-9756b15dd90f: receive RaftClientReply:client-029E50227556->355864cd-7ac5-4934-b366-9756b15dd90f@group-785BCF25C267, cid=3123, SUCCESS, logIndex=0, commits[355864cd-7ac5-4934-b366-9756b15dd90f:c4697, ce4aa411-63c8-4399-99eb-27ce352844f3:c4696, 3eeffb0a-787e-48ec-a2f5-d0c540a89489:c4696]
2019-08-21 15:30:03,064 | INFO  | SCMAudit | user=jenkins1000 | ip=192.168.5.153 | op=ALLOCATE_BLOCK {owner=78849ec2-2b05-45d8-8cb5-e95e2230dbd1, size=4194304, type=RATIS, factor=THREE} | ret=SUCCESS |  
2019-08-21 15:30:03,069 | INFO  | OMAudit | user=jenkins1000 | ip=127.0.0.1 | op=ALLOCATE_BLOCK {volume=vol-0-32358, bucket=bucket-0-01949, key=key-0-56547, dataSize=0, replicationType=null, replicationFactor=null, keyLocationInfo=null, clientID=102655680532119954} | ret=SUCCESS |  
2019-08-21 15:30:03,076 | INFO  | DNAudit | user=null | ip=null | op=WRITE_CHUNK {blockData=conID: 1 locID: 102655682351202960 bcsId: 0} | ret=SUCCESS |  
2019-08-21 15:30:03,079 | INFO  | DNAudit | user=null | ip=null | op=WRITE_CHUNK {blockData=conID: 1 locID: 102655682351202960 bcsId: 0} | ret=SUCCESS |  
2019-08-21 15:30:03,080 | INFO  | DNAudit | user=null | ip=null | op=WRITE_CHUNK {blockData=conID: 1 locID: 102655682351202960 bcsId: 0} | ret=SUCCESS |  
2019-08-21 15:30:03,080 | INFO  | DNAudit | user=null | ip=null | op=WRITE_CHUNK {blockData=conID: 1 locID: 102655682351202960 bcsId: 0} | ret=SUCCESS |  
2019-08-21 15:30:03,082 | INFO  | DNAudit | user=null | ip=null | op=WRITE_CHUNK {blockData=conID: 1 locID: 102655682351202960 bcsId: 0} | ret=SUCCESS |  
2019-08-21 15:30:03,082 | INFO  | DNAudit | user=null | ip=null | op=PUT_BLOCK {blockData=[blockId=conID: 1 locID: 102655682351202960 bcsId: 0,size=1048576]} | ret=SUCCESS |  
2019-08-21 15:30:03,082 [grpc-default-executor-4] INFO  client.GrpcClientProtocolClient (GrpcClientProtocolClient.java:onNext(255)) - client-029E50227556->355864cd-7ac5-4934-b366-9756b15dd90f: receive RaftClientReply:client-029E50227556->355864cd-7ac5-4934-b366-9756b15dd90f@group-785BCF25C267, cid=3124, SUCCESS, logIndex=4698, commits[355864cd-7ac5-4934-b366-9756b15dd90f:c4699, ce4aa411-63c8-4399-99eb-27ce352844f3:c4697, 3eeffb0a-787e-48ec-a2f5-d0c540a89489:c4697]
2019-08-21 15:30:03,083 [grpc-default-executor-4] INFO  client.GrpcClientProtocolClient (GrpcClientProtocolClient.java:onNext(255)) - client-029E50227556->355864cd-7ac5-4934-b366-9756b15dd90f: receive RaftClientReply:client-029E50227556->355864cd-7ac5-4934-b366-9756b15dd90f@group-785BCF25C267, cid=3125, SUCCESS, logIndex=4699, commits[355864cd-7ac5-4934-b366-9756b15dd90f:c4699, ce4aa411-63c8-4399-99eb-27ce352844f3:c4697, 3eeffb0a-787e-48ec-a2f5-d0c540a89489:c4697]
2019-08-21 15:30:03,083 | INFO  | DNAudit | user=null | ip=null | op=WRITE_CHUNK {blockData=conID: 1 locID: 102655682351202960 bcsId: 0} | ret=SUCCESS |  
2019-08-21 15:30:03,083 | INFO  | DNAudit | user=null | ip=null | op=WRITE_CHUNK {blockData=conID: 1 locID: 102655682351202960 bcsId: 0} | ret=SUCCESS |  
2019-08-21 15:30:03,095 | INFO  | DNAudit | user=null | ip=null | op=WRITE_CHUNK {blockData=conID: 1 locID: 102655682351202960 bcsId: 0} | ret=SUCCESS |  
2019-08-21 15:30:03,095 | INFO  | DNAudit | user=null | ip=null | op=WRITE_CHUNK {blockData=conID: 1 locID: 102655682351202960 bcsId: 0} | ret=SUCCESS |  
2019-08-21 15:30:03,095 | INFO  | DNAudit | user=null | ip=null | op=PUT_BLOCK {blockData=[blockId=conID: 1 locID: 102655682351202960 bcsId: 0,size=1048576]} | ret=SUCCESS |  
2019-08-21 15:30:03,095 | INFO  | DNAudit | user=null | ip=null | op=WRITE_CHUNK {blockData=conID: 1 locID: 102655682351202960 bcsId: 0} | ret=SUCCESS |  
2019-08-21 15:30:03,095 | INFO  | DNAudit | user=null | ip=null | op=PUT_BLOCK {blockData=[blockId=conID: 1 locID: 102655682351202960 bcsId: 0,size=2097152]} | ret=SUCCESS |  
2019-08-21 15:30:03,095 | INFO  | DNAudit | user=null | ip=null | op=PUT_BLOCK {blockData=[blockId=conID: 1 locID: 102655682351202960 bcsId: 0,size=1048576]} | ret=SUCCESS |  
2019-08-21 15:30:03,095 [grpc-default-executor-5] INFO  client.GrpcClientProtocolClient (GrpcClientProtocolClient.java:onNext(255)) - client-029E50227556->355864cd-7ac5-4934-b366-9756b15dd90f: receive RaftClientReply:client-029E50227556->355864cd-7ac5-4934-b366-9756b15dd90f@group-785BCF25C267, cid=3126, SUCCESS, logIndex=4700, commits[355864cd-7ac5-4934-b366-9756b15dd90f:c4703, ce4aa411-63c8-4399-99eb-27ce352844f3:c4699, 3eeffb0a-787e-48ec-a2f5-d0c540a89489:c4697]
2019-08-21 15:30:03,096 [grpc-default-executor-5] INFO  client.GrpcClientProtocolClient (GrpcClientProtocolClient.java:onNext(255)) - client-029E50227556->355864cd-7ac5-4934-b366-9756b15dd90f: receive RaftClientReply:client-029E50227556->355864cd-7ac5-4934-b366-9756b15dd90f@group-785BCF25C267, cid=3127, SUCCESS, logIndex=4701, commits[355864cd-7ac5-4934-b366-9756b15dd90f:c4703, ce4aa411-63c8-4399-99eb-27ce352844f3:c4699, 3eeffb0a-787e-48ec-a2f5-d0c540a89489:c4699]
2019-08-21 15:30:03,103 | INFO  | DNAudit | user=null | ip=null | op=WRITE_CHUNK {blockData=conID: 1 locID: 102655682351202960 bcsId: 4701} | ret=SUCCESS |  
2019-08-21 15:30:03,105 | INFO  | DNAudit | user=null | ip=null | op=WRITE_CHUNK {blockData=conID: 1 locID: 102655682351202960 bcsId: 4701} | ret=SUCCESS |  
2019-08-21 15:30:03,105 | INFO  | DNAudit | user=null | ip=null | op=WRITE_CHUNK {blockData=conID: 1 locID: 102655682351202960 bcsId: 4701} | ret=SUCCESS |  
2019-08-21 15:30:03,106 | INFO  | DNAudit | user=null | ip=null | op=WRITE_CHUNK {blockData=conID: 1 locID: 102655682351202960 bcsId: 0} | ret=SUCCESS |  
2019-08-21 15:30:03,107 | INFO  | DNAudit | user=null | ip=null | op=WRITE_CHUNK {blockData=conID: 1 locID: 102655682351202960 bcsId: 0} | ret=SUCCESS |  
2019-08-21 15:30:03,107 | INFO  | DNAudit | user=null | ip=null | op=PUT_BLOCK {blockData=[blockId=conID: 1 locID: 102655682351202960 bcsId: 0,size=2097152]} | ret=SUCCESS |  
2019-08-21 15:30:03,107 | INFO  | DNAudit | user=null | ip=null | op=PUT_BLOCK {blockData=[blockId=conID: 1 locID: 102655682351202960 bcsId: 0,size=2097152]} | ret=SUCCESS |  
2019-08-21 15:30:03,110 | INFO  | DNAudit | user=null | ip=null | op=WRITE_CHUNK {blockData=conID: 1 locID: 102655682351202960 bcsId: 4701} | ret=SUCCESS |  
2019-08-21 15:30:03,110 | INFO  | DNAudit | user=null | ip=null | op=PUT_BLOCK {blockData=[blockId=conID: 1 locID: 102655682351202960 bcsId: 0,size=3145728]} | ret=SUCCESS |  
2019-08-21 15:30:03,110 [grpc-default-executor-5] INFO  client.GrpcClientProtocolClient (GrpcClientProtocolClient.java:onNext(255)) - client-029E50227556->355864cd-7ac5-4934-b366-9756b15dd90f: receive RaftClientReply:client-029E50227556->355864cd-7ac5-4934-b366-9756b15dd90f@group-785BCF25C267, cid=3128, SUCCESS, logIndex=4706, commits[355864cd-7ac5-4934-b366-9756b15dd90f:c4707, ce4aa411-63c8-4399-99eb-27ce352844f3:c4703, 3eeffb0a-787e-48ec-a2f5-d0c540a89489:c4703]
2019-08-21 15:30:03,111 [grpc-default-executor-5] INFO  client.GrpcClientProtocolClient (GrpcClientProtocolClient.java:onNext(255)) - client-029E50227556->355864cd-7ac5-4934-b366-9756b15dd90f: receive RaftClientReply:client-029E50227556->355864cd-7ac5-4934-b366-9756b15dd90f@group-785BCF25C267, cid=3129, SUCCESS, logIndex=4707, commits[355864cd-7ac5-4934-b366-9756b15dd90f:c4707, ce4aa411-63c8-4399-99eb-27ce352844f3:c4703, 3eeffb0a-787e-48ec-a2f5-d0c540a89489:c4703]
2019-08-21 15:30:03,117 | INFO  | DNAudit | user=null | ip=null | op=WRITE_CHUNK {blockData=conID: 1 locID: 102655682351202960 bcsId: 4707} | ret=SUCCESS |  
2019-08-21 15:30:03,118 | INFO  | SCMAudit | user=jenkins1000 | ip=192.168.5.153 | op=SEND_HEARTBEAT {datanodeUUID=ce4aa411-63c8-4399-99eb-27ce352844f3, command=[]} | ret=SUCCESS |  
2019-08-21 15:30:03,118 | INFO  | SCMAudit | user=jenkins1000 | ip=192.168.5.153 | op=SEND_HEARTBEAT {datanodeUUID=3eeffb0a-787e-48ec-a2f5-d0c540a89489, command=[]} | ret=SUCCESS |  
2019-08-21 15:30:03,118 | INFO  | SCMAudit | user=jenkins1000 | ip=192.168.5.153 | op=SEND_HEARTBEAT {datanodeUUID=355864cd-7ac5-4934-b366-9756b15dd90f, command=[]} | ret=SUCCESS |  
2019-08-21 15:30:03,119 | INFO  | SCMAudit | user=jenkins1000 | ip=192.168.5.153 | op=SEND_HEARTBEAT {datanodeUUID=a38cd7e0-d792-481c-a4c0-f4feaa89ec8f, command=[]} | ret=SUCCESS |  
2019-08-21 15:30:03,121 | INFO  | DNAudit | user=null | ip=null | op=WRITE_CHUNK {blockData=conID: 1 locID: 102655682351202960 bcsId: 4707} | ret=SUCCESS |  
2019-08-21 15:30:03,121 | INFO  | DNAudit | user=null | ip=null | op=WRITE_CHUNK {blockData=conID: 1 locID: 102655682351202960 bcsId: 4707} | ret=SUCCESS |  
2019-08-21 15:30:03,122 | INFO  | SCMAudit | user=jenkins1000 | ip=192.168.5.153 | op=SEND_HEARTBEAT {datanodeUUID=a0074e04-2715-4b16-a2b0-10b5043d27ae, command=[]} | ret=SUCCESS |  
2019-08-21 15:30:03,123 | INFO  | DNAudit | user=null | ip=null | op=WRITE_CHUNK {blockData=conID: 1 locID: 102655682351202960 bcsId: 4701} | ret=SUCCESS |  
2019-08-21 15:30:03,123 | INFO  | DNAudit | user=null | ip=null | op=WRITE_CHUNK {blockData=conID: 1 locID: 102655682351202960 bcsId: 4701} | ret=SUCCESS |  
2019-08-21 15:30:03,123 | INFO  | DNAudit | user=null | ip=null | op=PUT_BLOCK {blockData=[blockId=conID: 1 locID: 102655682351202960 bcsId: 0,size=3145728]} | ret=SUCCESS |  
2019-08-21 15:30:03,123 | INFO  | DNAudit | user=null | ip=null | op=PUT_BLOCK {blockData=[blockId=conID: 1 locID: 102655682351202960 bcsId: 0,size=3145728]} | ret=SUCCESS |  
 0.00% |█                                                                                                    |  0/1 Time: 0:00:272019-08-21 15:30:03,136 | INFO  | DNAudit | user=null | ip=null | op=WRITE_CHUNK {blockData=conID: 1 locID: 102655682351202960 bcsId: 4707} | ret=SUCCESS |  
2019-08-21 15:30:03,137 | INFO  | DNAudit | user=null | ip=null | op=PUT_BLOCK {blockData=[blockId=conID: 1 locID: 102655682351202960 bcsId: 0,size=4194304]} | ret=SUCCESS |  
2019-08-21 15:30:03,137 [grpc-default-executor-4] INFO  client.GrpcClientProtocolClient (GrpcClientProtocolClient.java:onNext(255)) - client-029E50227556->355864cd-7ac5-4934-b366-9756b15dd90f: receive RaftClientReply:client-029E50227556->355864cd-7ac5-4934-b366-9756b15dd90f@group-785BCF25C267, cid=3130, SUCCESS, logIndex=4709, commits[355864cd-7ac5-4934-b366-9756b15dd90f:c4710, ce4aa411-63c8-4399-99eb-27ce352844f3:c4707, 3eeffb0a-787e-48ec-a2f5-d0c540a89489:c4707]
2019-08-21 15:30:03,137 [grpc-default-executor-4] INFO  client.GrpcClientProtocolClient (GrpcClientProtocolClient.java:onNext(255)) - client-029E50227556->355864cd-7ac5-4934-b366-9756b15dd90f: receive RaftClientReply:client-029E50227556->355864cd-7ac5-4934-b366-9756b15dd90f@group-785BCF25C267, cid=3131, SUCCESS, logIndex=4710, commits[355864cd-7ac5-4934-b366-9756b15dd90f:c4710, ce4aa411-63c8-4399-99eb-27ce352844f3:c4707, 3eeffb0a-787e-48ec-a2f5-d0c540a89489:c4707]
2019-08-21 15:30:03,149 | INFO  | DNAudit | user=null | ip=null | op=WRITE_CHUNK {blockData=conID: 1 locID: 102655682351202960 bcsId: 4707} | ret=SUCCESS |  
2019-08-21 15:30:03,150 | INFO  | DNAudit | user=null | ip=null | op=WRITE_CHUNK {blockData=conID: 1 locID: 102655682351202960 bcsId: 4707} | ret=SUCCESS |  
2019-08-21 15:30:03,151 | INFO  | DNAudit | user=null | ip=null | op=PUT_BLOCK {blockData=[blockId=conID: 1 locID: 102655682351202960 bcsId: 0,size=4194304]} | ret=SUCCESS |  
2019-08-21 15:30:03,153 | INFO  | DNAudit | user=null | ip=null | op=PUT_BLOCK {blockData=[blockId=conID: 1 locID: 102655682351202960 bcsId: 0,size=4194304]} | ret=SUCCESS |  
2019-08-21 15:30:03,153 [grpc-default-executor-4] INFO  client.GrpcClientProtocolClient (GrpcClientProtocolClient.java:onNext(255)) - client-029E50227556->355864cd-7ac5-4934-b366-9756b15dd90f: receive RaftClientReply:client-029E50227556->355864cd-7ac5-4934-b366-9756b15dd90f@group-785BCF25C267, cid=3132, SUCCESS, logIndex=0, commits[355864cd-7ac5-4934-b366-9756b15dd90f:c4712, ce4aa411-63c8-4399-99eb-27ce352844f3:c4710, 3eeffb0a-787e-48ec-a2f5-d0c540a89489:c4710]
2019-08-21 15:30:03,160 | INFO  | SCMAudit | user=jenkins1000 | ip=192.168.5.153 | op=ALLOCATE_BLOCK {owner=78849ec2-2b05-45d8-8cb5-e95e2230dbd1, size=4194304, type=RATIS, factor=THREE} | ret=SUCCESS |  
2019-08-21 15:30:03,164 | INFO  | OMAudit | user=jenkins1000 | ip=127.0.0.1 | op=ALLOCATE_BLOCK {volume=vol-0-32358, bucket=bucket-0-01949, key=key-0-56547, dataSize=0, replicationType=null, replicationFactor=null, keyLocationInfo=null, clientID=102655680532119954} | ret=SUCCESS |  
2019-08-21 15:30:03,171 | INFO  | DNAudit | user=null | ip=null | op=WRITE_CHUNK {blockData=conID: 2 locID: 102655682357428881 bcsId: 0} | ret=SUCCESS |  
2019-08-21 15:30:03,173 | INFO  | DNAudit | user=null | ip=null | op=WRITE_CHUNK {blockData=conID: 2 locID: 102655682357428881 bcsId: 0} | ret=SUCCESS |  
2019-08-21 15:30:03,174 | INFO  | DNAudit | user=null | ip=null | op=WRITE_CHUNK {blockData=conID: 2 locID: 102655682357428881 bcsId: 0} | ret=SUCCESS |  
2019-08-21 15:30:03,174 | INFO  | DNAudit | user=null | ip=null | op=WRITE_CHUNK {blockData=conID: 2 locID: 102655682357428881 bcsId: 0} | ret=SUCCESS |  
2019-08-21 15:30:03,176 | INFO  | DNAudit | user=null | ip=null | op=WRITE_CHUNK {blockData=conID: 2 locID: 102655682357428881 bcsId: 0} | ret=SUCCESS |  
2019-08-21 15:30:03,176 | INFO  | DNAudit | user=null | ip=null | op=WRITE_CHUNK {blockData=conID: 2 locID: 102655682357428881 bcsId: 0} | ret=SUCCESS |  
2019-08-21 15:30:03,184 | INFO  | DNAudit | user=null | ip=null | op=WRITE_CHUNK {blockData=conID: 2 locID: 102655682357428881 bcsId: 0} | ret=SUCCESS |  
2019-08-21 15:30:03,185 | INFO  | DNAudit | user=null | ip=null | op=PUT_BLOCK {blockData=[blockId=conID: 2 locID: 102655682357428881 bcsId: 0,size=1048576]} | ret=SUCCESS |  
2019-08-21 15:30:03,185 | INFO  | DNAudit | user=null | ip=null | op=WRITE_CHUNK {blockData=conID: 2 locID: 102655682357428881 bcsId: 0} | ret=SUCCESS |  
2019-08-21 15:30:03,185 [grpc-default-executor-3] INFO  client.GrpcClientProtocolClient (GrpcClientProtocolClient.java:onNext(255)) - client-029E50227556->355864cd-7ac5-4934-b366-9756b15dd90f: receive RaftClientReply:client-029E50227556->355864cd-7ac5-4934-b366-9756b15dd90f@group-785BCF25C267, cid=3133, SUCCESS, logIndex=4713, commits[355864cd-7ac5-4934-b366-9756b15dd90f:c4714, ce4aa411-63c8-4399-99eb-27ce352844f3:c4712, 3eeffb0a-787e-48ec-a2f5-d0c540a89489:c4712]
2019-08-21 15:30:03,185 | INFO  | DNAudit | user=null | ip=null | op=PUT_BLOCK {blockData=[blockId=conID: 2 locID: 102655682357428881 bcsId: 0,size=2097152]} | ret=SUCCESS |  
2019-08-21 15:30:03,185 [grpc-default-executor-3] INFO  client.GrpcClientProtocolClient (GrpcClientProtocolClient.java:onNext(255)) - client-029E50227556->355864cd-7ac5-4934-b366-9756b15dd90f: receive RaftClientReply:client-029E50227556->355864cd-7ac5-4934-b366-9756b15dd90f@group-785BCF25C267, cid=3134, SUCCESS, logIndex=4714, commits[355864cd-7ac5-4934-b366-9756b15dd90f:c4716, ce4aa411-63c8-4399-99eb-27ce352844f3:c4712, 3eeffb0a-787e-48ec-a2f5-d0c540a89489:c4712]
2019-08-21 15:30:03,186 [grpc-default-executor-3] INFO  client.GrpcClientProtocolClient (GrpcClientProtocolClient.java:onNext(255)) - client-029E50227556->355864cd-7ac5-4934-b366-9756b15dd90f: receive RaftClientReply:client-029E50227556->355864cd-7ac5-4934-b366-9756b15dd90f@group-785BCF25C267, cid=3135, SUCCESS, logIndex=4715, commits[355864cd-7ac5-4934-b366-9756b15dd90f:c4716, ce4aa411-63c8-4399-99eb-27ce352844f3:c4712, 3eeffb0a-787e-48ec-a2f5-d0c540a89489:c4712]
2019-08-21 15:30:03,186 [grpc-default-executor-3] INFO  client.GrpcClientProtocolClient (GrpcClientProtocolClient.java:onNext(255)) - client-029E50227556->355864cd-7ac5-4934-b366-9756b15dd90f: receive RaftClientReply:client-029E50227556->355864cd-7ac5-4934-b366-9756b15dd90f@group-785BCF25C267, cid=3136, SUCCESS, logIndex=4716, commits[355864cd-7ac5-4934-b366-9756b15dd90f:c4716, ce4aa411-63c8-4399-99eb-27ce352844f3:c4712, 3eeffb0a-787e-48ec-a2f5-d0c540a89489:c4712]
2019-08-21 15:30:03,205 | INFO  | DNAudit | user=null | ip=null | op=WRITE_CHUNK {blockData=conID: 2 locID: 102655682357428881 bcsId: 0} | ret=SUCCESS |  
2019-08-21 15:30:03,205 | INFO  | DNAudit | user=null | ip=null | op=PUT_BLOCK {blockData=[blockId=conID: 2 locID: 102655682357428881 bcsId: 0,size=1048576]} | ret=SUCCESS |  
2019-08-21 15:30:03,207 | INFO  | DNAudit | user=null | ip=null | op=WRITE_CHUNK {blockData=conID: 2 locID: 102655682357428881 bcsId: 0} | ret=SUCCESS |  
2019-08-21 15:30:03,207 | INFO  | DNAudit | user=null | ip=null | op=PUT_BLOCK {blockData=[blockId=conID: 2 locID: 102655682357428881 bcsId: 0,size=1048576]} | ret=SUCCESS |  
2019-08-21 15:30:03,207 | INFO  | DNAudit | user=null | ip=null | op=WRITE_CHUNK {blockData=conID: 2 locID: 102655682357428881 bcsId: 0} | ret=SUCCESS |  
2019-08-21 15:30:03,208 | INFO  | DNAudit | user=null | ip=null | op=PUT_BLOCK {blockData=[blockId=conID: 2 locID: 102655682357428881 bcsId: 0,size=2097152]} | ret=SUCCESS |  
2019-08-21 15:30:03,208 [grpc-default-executor-3] INFO  client.GrpcClientProtocolClient (GrpcClientProtocolClient.java:onNext(255)) - client-029E50227556->355864cd-7ac5-4934-b366-9756b15dd90f: receive RaftClientReply:client-029E50227556->355864cd-7ac5-4934-b366-9756b15dd90f@group-785BCF25C267, cid=3137, SUCCESS, logIndex=0, commits[355864cd-7ac5-4934-b366-9756b15dd90f:c4718, ce4aa411-63c8-4399-99eb-27ce352844f3:c4714, 3eeffb0a-787e-48ec-a2f5-d0c540a89489:c4714]
2019-08-21 15:30:03,214 | INFO  | DNAudit | user=null | ip=null | op=WRITE_CHUNK {blockData=conID: 2 locID: 102655682357428881 bcsId: 4716} | ret=SUCCESS |  
2019-08-21 15:30:03,217 | INFO  | DNAudit | user=null | ip=null | op=WRITE_CHUNK {blockData=conID: 2 locID: 102655682357428881 bcsId: 4716} | ret=SUCCESS |  
2019-08-21 15:30:03,217 | INFO  | DNAudit | user=null | ip=null | op=WRITE_CHUNK {blockData=conID: 2 locID: 102655682357428881 bcsId: 4716} | ret=SUCCESS |  
2019-08-21 15:30:03,218 | INFO  | DNAudit | user=null | ip=null | op=WRITE_CHUNK {blockData=conID: 2 locID: 102655682357428881 bcsId: 0} | ret=SUCCESS |  
2019-08-21 15:30:03,218 | INFO  | DNAudit | user=null | ip=null | op=PUT_BLOCK {blockData=[blockId=conID: 2 locID: 102655682357428881 bcsId: 0,size=2097152]} | ret=SUCCESS |  
2019-08-21 15:30:03,221 | INFO  | DNAudit | user=null | ip=null | op=WRITE_CHUNK {blockData=conID: 2 locID: 102655682357428881 bcsId: 4716} | ret=SUCCESS |  
2019-08-21 15:30:03,221 | INFO  | DNAudit | user=null | ip=null | op=PUT_BLOCK {blockData=[blockId=conID: 2 locID: 102655682357428881 bcsId: 0,size=3145728]} | ret=SUCCESS |  
2019-08-21 15:30:03,221 [grpc-default-executor-3] INFO  client.GrpcClientProtocolClient (GrpcClientProtocolClient.java:onNext(255)) - client-029E50227556->355864cd-7ac5-4934-b366-9756b15dd90f: receive RaftClientReply:client-029E50227556->355864cd-7ac5-4934-b366-9756b15dd90f@group-785BCF25C267, cid=3138, SUCCESS, logIndex=4721, commits[355864cd-7ac5-4934-b366-9756b15dd90f:c4722, ce4aa411-63c8-4399-99eb-27ce352844f3:c4720, 3eeffb0a-787e-48ec-a2f5-d0c540a89489:c4716]
2019-08-21 15:30:03,221 [grpc-default-executor-3] INFO  client.GrpcClientProtocolClient (GrpcClientProtocolClient.java:onNext(255)) - client-029E50227556->355864cd-7ac5-4934-b366-9756b15dd90f: receive RaftClientReply:client-029E50227556->355864cd-7ac5-4934-b366-9756b15dd90f@group-785BCF25C267, cid=3139, SUCCESS, logIndex=4722, commits[355864cd-7ac5-4934-b366-9756b15dd90f:c4722, ce4aa411-63c8-4399-99eb-27ce352844f3:c4720, 3eeffb0a-787e-48ec-a2f5-d0c540a89489:c4716]
2019-08-21 15:30:03,229 | INFO  | DNAudit | user=null | ip=null | op=WRITE_CHUNK {blockData=conID: 2 locID: 102655682357428881 bcsId: 4722} | ret=SUCCESS |  
2019-08-21 15:30:03,232 | INFO  | DNAudit | user=null | ip=null | op=WRITE_CHUNK {blockData=conID: 2 locID: 102655682357428881 bcsId: 4722} | ret=SUCCESS |  
2019-08-21 15:30:03,232 | INFO  | DNAudit | user=null | ip=null | op=WRITE_CHUNK {blockData=conID: 2 locID: 102655682357428881 bcsId: 4722} | ret=SUCCESS |  
2019-08-21 15:30:03,233 | INFO  | DNAudit | user=null | ip=null | op=WRITE_CHUNK {blockData=conID: 2 locID: 102655682357428881 bcsId: 4716} | ret=SUCCESS |  
2019-08-21 15:30:03,233 | INFO  | DNAudit | user=null | ip=null | op=PUT_BLOCK {blockData=[blockId=conID: 2 locID: 102655682357428881 bcsId: 0,size=3145728]} | ret=SUCCESS |  
2019-08-21 15:30:03,244 | INFO  | DNAudit | user=null | ip=null | op=WRITE_CHUNK {blockData=conID: 2 locID: 102655682357428881 bcsId: 4716} | ret=SUCCESS |  
2019-08-21 15:30:03,244 | INFO  | DNAudit | user=null | ip=null | op=PUT_BLOCK {blockData=[blockId=conID: 2 locID: 102655682357428881 bcsId: 0,size=3145728]} | ret=SUCCESS |  
2019-08-21 15:30:03,246 | INFO  | DNAudit | user=null | ip=null | op=WRITE_CHUNK {blockData=conID: 2 locID: 102655682357428881 bcsId: 4722} | ret=SUCCESS |  
2019-08-21 15:30:03,246 | INFO  | DNAudit | user=null | ip=null | op=PUT_BLOCK {blockData=[blockId=conID: 2 locID: 102655682357428881 bcsId: 0,size=4194304]} | ret=SUCCESS |  
2019-08-21 15:30:03,246 [grpc-default-executor-5] INFO  client.GrpcClientProtocolClient (GrpcClientProtocolClient.java:onNext(255)) - client-029E50227556->355864cd-7ac5-4934-b366-9756b15dd90f: receive RaftClientReply:client-029E50227556->355864cd-7ac5-4934-b366-9756b15dd90f@group-785BCF25C267, cid=3140, SUCCESS, logIndex=4725, commits[355864cd-7ac5-4934-b366-9756b15dd90f:c4726, ce4aa411-63c8-4399-99eb-27ce352844f3:c4722, 3eeffb0a-787e-48ec-a2f5-d0c540a89489:c4722]
2019-08-21 15:30:03,247 [grpc-default-executor-5] INFO  client.GrpcClientProtocolClient (GrpcClientProtocolClient.java:onNext(255)) - client-029E50227556->355864cd-7ac5-4934-b366-9756b15dd90f: receive RaftClientReply:client-029E50227556->355864cd-7ac5-4934-b366-9756b15dd90f@group-785BCF25C267, cid=3141, SUCCESS, logIndex=4726, commits[355864cd-7ac5-4934-b366-9756b15dd90f:c4726, ce4aa411-63c8-4399-99eb-27ce352844f3:c4722, 3eeffb0a-787e-48ec-a2f5-d0c540a89489:c4722]
2019-08-21 15:30:03,259 | INFO  | DNAudit | user=null | ip=null | op=WRITE_CHUNK {blockData=conID: 2 locID: 102655682357428881 bcsId: 4722} | ret=SUCCESS |  
2019-08-21 15:30:03,259 | INFO  | DNAudit | user=null | ip=null | op=WRITE_CHUNK {blockData=conID: 2 locID: 102655682357428881 bcsId: 4722} | ret=SUCCESS |  
2019-08-21 15:30:03,259 | INFO  | DNAudit | user=null | ip=null | op=PUT_BLOCK {blockData=[blockId=conID: 2 locID: 102655682357428881 bcsId: 0,size=4194304]} | ret=SUCCESS |  
2019-08-21 15:30:03,259 | INFO  | DNAudit | user=null | ip=null | op=PUT_BLOCK {blockData=[blockId=conID: 2 locID: 102655682357428881 bcsId: 0,size=4194304]} | ret=SUCCESS |  
2019-08-21 15:30:03,260 [grpc-default-executor-5] INFO  client.GrpcClientProtocolClient (GrpcClientProtocolClient.java:onNext(255)) - client-029E50227556->355864cd-7ac5-4934-b366-9756b15dd90f: receive RaftClientReply:client-029E50227556->355864cd-7ac5-4934-b366-9756b15dd90f@group-785BCF25C267, cid=3142, SUCCESS, logIndex=0, commits[355864cd-7ac5-4934-b366-9756b15dd90f:c4727, ce4aa411-63c8-4399-99eb-27ce352844f3:c4726, 3eeffb0a-787e-48ec-a2f5-d0c540a89489:c4726]
2019-08-21 15:30:03,267 | INFO  | SCMAudit | user=jenkins1000 | ip=192.168.5.153 | op=ALLOCATE_BLOCK {owner=78849ec2-2b05-45d8-8cb5-e95e2230dbd1, size=4194304, type=RATIS, factor=THREE} | ret=SUCCESS |  
2019-08-21 15:30:03,272 | INFO  | OMAudit | user=jenkins1000 | ip=127.0.0.1 | op=ALLOCATE_BLOCK {volume=vol-0-32358, bucket=bucket-0-01949, key=key-0-56547, dataSize=0, replicationType=null, replicationFactor=null, keyLocationInfo=null, clientID=102655680532119954} | ret=SUCCESS |  
2019-08-21 15:30:03,280 | INFO  | DNAudit | user=null | ip=null | op=WRITE_CHUNK {blockData=conID: 3 locID: 102655682364506770 bcsId: 0} | ret=SUCCESS |  
2019-08-21 15:30:03,282 | INFO  | DNAudit | user=null | ip=null | op=WRITE_CHUNK {blockData=conID: 3 locID: 102655682364506770 bcsId: 0} | ret=SUCCESS |  
2019-08-21 15:30:03,283 | INFO  | DNAudit | user=null | ip=null | op=WRITE_CHUNK {blockData=conID: 3 locID: 102655682364506770 bcsId: 0} | ret=SUCCESS |  
2019-08-21 15:30:03,283 | INFO  | DNAudit | user=null | ip=null | op=WRITE_CHUNK {blockData=conID: 3 locID: 102655682364506770 bcsId: 0} | ret=SUCCESS |  
2019-08-21 15:30:03,285 | INFO  | DNAudit | user=null | ip=null | op=WRITE_CHUNK {blockData=conID: 3 locID: 102655682364506770 bcsId: 0} | ret=SUCCESS |  
2019-08-21 15:30:03,285 | INFO  | DNAudit | user=null | ip=null | op=WRITE_CHUNK {blockData=conID: 3 locID: 102655682364506770 bcsId: 0} | ret=SUCCESS |  
2019-08-21 15:30:03,294 | INFO  | DNAudit | user=null | ip=null | op=WRITE_CHUNK {blockData=conID: 3 locID: 102655682364506770 bcsId: 0} | ret=SUCCESS |  
2019-08-21 15:30:03,294 | INFO  | DNAudit | user=null | ip=null | op=PUT_BLOCK {blockData=[blockId=conID: 3 locID: 102655682364506770 bcsId: 0,size=1048576]} | ret=SUCCESS |  
2019-08-21 15:30:03,294 [grpc-default-executor-4] INFO  client.GrpcClientProtocolClient (GrpcClientProtocolClient.java:onNext(255)) - client-029E50227556->355864cd-7ac5-4934-b366-9756b15dd90f: receive RaftClientReply:client-029E50227556->355864cd-7ac5-4934-b366-9756b15dd90f@group-785BCF25C267, cid=3143, SUCCESS, logIndex=4728, commits[355864cd-7ac5-4934-b366-9756b15dd90f:c4729, ce4aa411-63c8-4399-99eb-27ce352844f3:c4727, 3eeffb0a-787e-48ec-a2f5-d0c540a89489:c4727]
2019-08-21 15:30:03,295 [grpc-default-executor-4] INFO  client.GrpcClientProtocolClient (GrpcClientProtocolClient.java:onNext(255)) - client-029E50227556->355864cd-7ac5-4934-b366-9756b15dd90f: receive RaftClientReply:client-029E50227556->355864cd-7ac5-4934-b366-9756b15dd90f@group-785BCF25C267, cid=3144, SUCCESS, logIndex=4729, commits[355864cd-7ac5-4934-b366-9756b15dd90f:c4729, ce4aa411-63c8-4399-99eb-27ce352844f3:c4727, 3eeffb0a-787e-48ec-a2f5-d0c540a89489:c4727]
2019-08-21 15:30:03,307 | INFO  | DNAudit | user=null | ip=null | op=WRITE_CHUNK {blockData=conID: 3 locID: 102655682364506770 bcsId: 0} | ret=SUCCESS |  
2019-08-21 15:30:03,307 | INFO  | DNAudit | user=null | ip=null | op=PUT_BLOCK {blockData=[blockId=conID: 3 locID: 102655682364506770 bcsId: 0,size=2097152]} | ret=SUCCESS |  
2019-08-21 15:30:03,307 [grpc-default-executor-3] INFO  client.GrpcClientProtocolClient (GrpcClientProtocolClient.java:onNext(255)) - client-029E50227556->355864cd-7ac5-4934-b366-9756b15dd90f: receive RaftClientReply:client-029E50227556->355864cd-7ac5-4934-b366-9756b15dd90f@group-785BCF25C267, cid=3145, SUCCESS, logIndex=4730, commits[355864cd-7ac5-4934-b366-9756b15dd90f:c4731, ce4aa411-63c8-4399-99eb-27ce352844f3:c4727, 3eeffb0a-787e-48ec-a2f5-d0c540a89489:c4727]
2019-08-21 15:30:03,308 [grpc-default-executor-3] INFO  client.GrpcClientProtocolClient (GrpcClientProtocolClient.java:onNext(255)) - client-029E50227556->355864cd-7ac5-4934-b366-9756b15dd90f: receive RaftClientReply:client-029E50227556->355864cd-7ac5-4934-b366-9756b15dd90f@group-785BCF25C267, cid=3146, SUCCESS, logIndex=4731, commits[355864cd-7ac5-4934-b366-9756b15dd90f:c4731, ce4aa411-63c8-4399-99eb-27ce352844f3:c4727, 3eeffb0a-787e-48ec-a2f5-d0c540a89489:c4727]
2019-08-21 15:30:03,326 | INFO  | DNAudit | user=null | ip=null | op=WRITE_CHUNK {blockData=conID: 3 locID: 102655682364506770 bcsId: 0} | ret=SUCCESS |  
2019-08-21 15:30:03,326 | INFO  | DNAudit | user=null | ip=null | op=WRITE_CHUNK {blockData=conID: 3 locID: 102655682364506770 bcsId: 0} | ret=SUCCESS |  
2019-08-21 15:30:03,326 | INFO  | DNAudit | user=null | ip=null | op=PUT_BLOCK {blockData=[blockId=conID: 3 locID: 102655682364506770 bcsId: 0,size=1048576]} | ret=SUCCESS |  
2019-08-21 15:30:03,326 | INFO  | DNAudit | user=null | ip=null | op=PUT_BLOCK {blockData=[blockId=conID: 3 locID: 102655682364506770 bcsId: 0,size=1048576]} | ret=SUCCESS |  
2019-08-21 15:30:03,327 [grpc-default-executor-3] INFO  client.GrpcClientProtocolClient (GrpcClientProtocolClient.java:onNext(255)) - client-029E50227556->355864cd-7ac5-4934-b366-9756b15dd90f: receive RaftClientReply:client-029E50227556->355864cd-7ac5-4934-b366-9756b15dd90f@group-785BCF25C267, cid=3147, SUCCESS, logIndex=0, commits[355864cd-7ac5-4934-b366-9756b15dd90f:c4733, ce4aa411-63c8-4399-99eb-27ce352844f3:c4729, 3eeffb0a-787e-48ec-a2f5-d0c540a89489:c4729]
2019-08-21 15:30:03,328 | INFO  | DNAudit | user=null | ip=null | op=WRITE_CHUNK {blockData=conID: 3 locID: 102655682364506770 bcsId: 0} | ret=SUCCESS |  
2019-08-21 15:30:03,328 | INFO  | DNAudit | user=null | ip=null | op=PUT_BLOCK {blockData=[blockId=conID: 3 locID: 102655682364506770 bcsId: 0,size=2097152]} | ret=SUCCESS |  
2019-08-21 15:30:03,329 | INFO  | DNAudit | user=null | ip=null | op=WRITE_CHUNK {blockData=conID: 3 locID: 102655682364506770 bcsId: 0} | ret=SUCCESS |  
2019-08-21 15:30:03,329 | INFO  | DNAudit | user=null | ip=null | op=PUT_BLOCK {blockData=[blockId=conID: 3 locID: 102655682364506770 bcsId: 0,size=2097152]} | ret=SUCCESS |  
2019-08-21 15:30:03,334 | INFO  | DNAudit | user=null | ip=null | op=WRITE_CHUNK {blockData=conID: 3 locID: 102655682364506770 bcsId: 4731} | ret=SUCCESS |  
2019-08-21 15:30:03,336 | INFO  | DNAudit | user=null | ip=null | op=WRITE_CHUNK {blockData=conID: 3 locID: 102655682364506770 bcsId: 4731} | ret=SUCCESS |  
2019-08-21 15:30:03,336 | INFO  | DNAudit | user=null | ip=null | op=WRITE_CHUNK {blockData=conID: 3 locID: 102655682364506770 bcsId: 4731} | ret=SUCCESS |  
2019-08-21 15:30:03,354 | INFO  | DNAudit | user=null | ip=null | op=WRITE_CHUNK {blockData=conID: 3 locID: 102655682364506770 bcsId: 4731} | ret=SUCCESS |  
2019-08-21 15:30:03,355 | INFO  | DNAudit | user=null | ip=null | op=PUT_BLOCK {blockData=[blockId=conID: 3 locID: 102655682364506770 bcsId: 0,size=3145728]} | ret=SUCCESS |  
2019-08-21 15:30:03,355 [grpc-default-executor-4] INFO  client.GrpcClientProtocolClient (GrpcClientProtocolClient.java:onNext(255)) - client-029E50227556->355864cd-7ac5-4934-b366-9756b15dd90f: receive RaftClientReply:client-029E50227556->355864cd-7ac5-4934-b366-9756b15dd90f@group-785BCF25C267, cid=3148, SUCCESS, logIndex=4736, commits[355864cd-7ac5-4934-b366-9756b15dd90f:c4737, ce4aa411-63c8-4399-99eb-27ce352844f3:c4735, 3eeffb0a-787e-48ec-a2f5-d0c540a89489:c4735]
2019-08-21 15:30:03,355 [grpc-default-executor-4] INFO  client.GrpcClientProtocolClient (GrpcClientProtocolClient.java:onNext(255)) - client-029E50227556->355864cd-7ac5-4934-b366-9756b15dd90f: receive RaftClientReply:client-029E50227556->355864cd-7ac5-4934-b366-9756b15dd90f@group-785BCF25C267, cid=3149, SUCCESS, logIndex=4737, commits[355864cd-7ac5-4934-b366-9756b15dd90f:c4737, ce4aa411-63c8-4399-99eb-27ce352844f3:c4735, 3eeffb0a-787e-48ec-a2f5-d0c540a89489:c4735]
2019-08-21 15:30:03,363 | INFO  | DNAudit | user=null | ip=null | op=WRITE_CHUNK {blockData=conID: 3 locID: 102655682364506770 bcsId: 4737} | ret=SUCCESS |  
2019-08-21 15:30:03,364 | INFO  | DNAudit | user=null | ip=null | op=WRITE_CHUNK {blockData=conID: 3 locID: 102655682364506770 bcsId: 4737} | ret=SUCCESS |  
2019-08-21 15:30:03,364 | INFO  | DNAudit | user=null | ip=null | op=WRITE_CHUNK {blockData=conID: 3 locID: 102655682364506770 bcsId: 4731} | ret=SUCCESS |  
2019-08-21 15:30:03,365 | INFO  | DNAudit | user=null | ip=null | op=WRITE_CHUNK {blockData=conID: 3 locID: 102655682364506770 bcsId: 4731} | ret=SUCCESS |  
2019-08-21 15:30:03,365 | INFO  | DNAudit | user=null | ip=null | op=WRITE_CHUNK {blockData=conID: 3 locID: 102655682364506770 bcsId: 4737} | ret=SUCCESS |  
2019-08-21 15:30:03,376 | INFO  | DNAudit | user=null | ip=null | op=PUT_BLOCK {blockData=[blockId=conID: 3 locID: 102655682364506770 bcsId: 0,size=3145728]} | ret=SUCCESS |  
2019-08-21 15:30:03,376 | INFO  | DNAudit | user=null | ip=null | op=PUT_BLOCK {blockData=[blockId=conID: 3 locID: 102655682364506770 bcsId: 0,size=3145728]} | ret=SUCCESS |  
2019-08-21 15:30:03,376 | INFO  | DNAudit | user=null | ip=null | op=WRITE_CHUNK {blockData=conID: 3 locID: 102655682364506770 bcsId: 4737} | ret=SUCCESS |  
2019-08-21 15:30:03,377 | INFO  | DNAudit | user=null | ip=null | op=PUT_BLOCK {blockData=[blockId=conID: 3 locID: 102655682364506770 bcsId: 0,size=4194304]} | ret=SUCCESS |  
2019-08-21 15:30:03,377 [grpc-default-executor-5] INFO  client.GrpcClientProtocolClient (GrpcClientProtocolClient.java:onNext(255)) - client-029E50227556->355864cd-7ac5-4934-b366-9756b15dd90f: receive RaftClientReply:client-029E50227556->355864cd-7ac5-4934-b366-9756b15dd90f@group-785BCF25C267, cid=3150, SUCCESS, logIndex=4740, commits[355864cd-7ac5-4934-b366-9756b15dd90f:c4740, ce4aa411-63c8-4399-99eb-27ce352844f3:c4737, 3eeffb0a-787e-48ec-a2f5-d0c540a89489:c4737]
2019-08-21 15:30:03,377 [grpc-default-executor-5] INFO  client.GrpcClientProtocolClient (GrpcClientProtocolClient.java:onNext(255)) - client-029E50227556->355864cd-7ac5-4934-b366-9756b15dd90f: receive RaftClientReply:client-029E50227556->355864cd-7ac5-4934-b366-9756b15dd90f@group-785BCF25C267, cid=3151, SUCCESS, logIndex=4741, commits[355864cd-7ac5-4934-b366-9756b15dd90f:c4741, ce4aa411-63c8-4399-99eb-27ce352844f3:c4737, 3eeffb0a-787e-48ec-a2f5-d0c540a89489:c4737]
2019-08-21 15:30:03,386 | INFO  | DNAudit | user=null | ip=null | op=WRITE_CHUNK {blockData=conID: 3 locID: 102655682364506770 bcsId: 4737} | ret=SUCCESS |  
2019-08-21 15:30:03,387 | INFO  | DNAudit | user=null | ip=null | op=WRITE_CHUNK {blockData=conID: 3 locID: 102655682364506770 bcsId: 4737} | ret=SUCCESS |  
2019-08-21 15:30:03,406 | INFO  | DNAudit | user=null | ip=null | op=PUT_BLOCK {blockData=[blockId=conID: 3 locID: 102655682364506770 bcsId: 0,size=4194304]} | ret=SUCCESS |  
2019-08-21 15:30:03,406 | INFO  | DNAudit | user=null | ip=null | op=PUT_BLOCK {blockData=[blockId=conID: 3 locID: 102655682364506770 bcsId: 0,size=4194304]} | ret=SUCCESS |  
2019-08-21 15:30:03,407 [grpc-default-executor-5] INFO  client.GrpcClientProtocolClient (GrpcClientProtocolClient.java:onNext(255)) - client-029E50227556->355864cd-7ac5-4934-b366-9756b15dd90f: receive RaftClientReply:client-029E50227556->355864cd-7ac5-4934-b366-9756b15dd90f@group-785BCF25C267, cid=3152, SUCCESS, logIndex=0, commits[355864cd-7ac5-4934-b366-9756b15dd90f:c4743, ce4aa411-63c8-4399-99eb-27ce352844f3:c4741, 3eeffb0a-787e-48ec-a2f5-d0c540a89489:c4741]
2019-08-21 15:30:03,414 | INFO  | SCMAudit | user=jenkins1000 | ip=192.168.5.153 | op=ALLOCATE_BLOCK {owner=78849ec2-2b05-45d8-8cb5-e95e2230dbd1, size=4194304, type=RATIS, factor=THREE} | ret=SUCCESS |  
2019-08-21 15:30:03,419 | INFO  | OMAudit | user=jenkins1000 | ip=127.0.0.1 | op=ALLOCATE_BLOCK {volume=vol-0-32358, bucket=bucket-0-01949, key=key-0-56547, dataSize=0, replicationType=null, replicationFactor=null, keyLocationInfo=null, clientID=102655680532119954} | ret=SUCCESS |  
2019-08-21 15:30:03,427 | INFO  | DNAudit | user=null | ip=null | op=WRITE_CHUNK {blockData=conID: 1 locID: 102655682374140563 bcsId: 0} | ret=SUCCESS |  
2019-08-21 15:30:03,429 | INFO  | DNAudit | user=null | ip=null | op=WRITE_CHUNK {blockData=conID: 1 locID: 102655682374140563 bcsId: 0} | ret=SUCCESS |  
2019-08-21 15:30:03,429 | INFO  | DNAudit | user=null | ip=null | op=WRITE_CHUNK {blockData=conID: 1 locID: 102655682374140563 bcsId: 0} | ret=SUCCESS |  
2019-08-21 15:30:03,430 | INFO  | DNAudit | user=null | ip=null | op=WRITE_CHUNK {blockData=conID: 1 locID: 102655682374140563 bcsId: 0} | ret=SUCCESS |  
2019-08-21 15:30:03,432 | INFO  | DNAudit | user=null | ip=null | op=WRITE_CHUNK {blockData=conID: 1 locID: 102655682374140563 bcsId: 0} | ret=SUCCESS |  
2019-08-21 15:30:03,432 | INFO  | DNAudit | user=null | ip=null | op=WRITE_CHUNK {blockData=conID: 1 locID: 102655682374140563 bcsId: 0} | ret=SUCCESS |  
2019-08-21 15:30:03,441 | INFO  | DNAudit | user=null | ip=null | op=WRITE_CHUNK {blockData=conID: 1 locID: 102655682374140563 bcsId: 0} | ret=SUCCESS |  
2019-08-21 15:30:03,441 | INFO  | DNAudit | user=null | ip=null | op=PUT_BLOCK {blockData=[blockId=conID: 1 locID: 102655682374140563 bcsId: 0,size=1048576]} | ret=SUCCESS |  
2019-08-21 15:30:03,441 [grpc-default-executor-0] INFO  client.GrpcClientProtocolClient (GrpcClientProtocolClient.java:onNext(255)) - client-029E50227556->355864cd-7ac5-4934-b366-9756b15dd90f: receive RaftClientReply:client-029E50227556->355864cd-7ac5-4934-b366-9756b15dd90f@group-785BCF25C267, cid=3153, SUCCESS, logIndex=4744, commits[355864cd-7ac5-4934-b366-9756b15dd90f:c4745, ce4aa411-63c8-4399-99eb-27ce352844f3:c4743, 3eeffb0a-787e-48ec-a2f5-d0c540a89489:c4743]
2019-08-21 15:30:03,442 [grpc-default-executor-0] INFO  client.GrpcClientProtocolClient (GrpcClientProtocolClient.java:onNext(255)) - client-029E50227556->355864cd-7ac5-4934-b366-9756b15dd90f: receive RaftClientReply:client-029E50227556->355864cd-7ac5-4934-b366-9756b15dd90f@group-785BCF25C267, cid=3154, SUCCESS, logIndex=4745, commits[355864cd-7ac5-4934-b366-9756b15dd90f:c4745, ce4aa411-63c8-4399-99eb-27ce352844f3:c4743, 3eeffb0a-787e-48ec-a2f5-d0c540a89489:c4743]
2019-08-21 15:30:03,453 | INFO  | DNAudit | user=null | ip=null | op=WRITE_CHUNK {blockData=conID: 1 locID: 102655682374140563 bcsId: 0} | ret=SUCCESS |  
2019-08-21 15:30:03,453 | INFO  | DNAudit | user=null | ip=null | op=PUT_BLOCK {blockData=[blockId=conID: 1 locID: 102655682374140563 bcsId: 0,size=2097152]} | ret=SUCCESS |  
2019-08-21 15:30:03,453 [grpc-default-executor-3] INFO  client.GrpcClientProtocolClient (GrpcClientProtocolClient.java:onNext(255)) - client-029E50227556->355864cd-7ac5-4934-b366-9756b15dd90f: receive RaftClientReply:client-029E50227556->355864cd-7ac5-4934-b366-9756b15dd90f@group-785BCF25C267, cid=3155, SUCCESS, logIndex=4746, commits[355864cd-7ac5-4934-b366-9756b15dd90f:c4747, ce4aa411-63c8-4399-99eb-27ce352844f3:c4743, 3eeffb0a-787e-48ec-a2f5-d0c540a89489:c4743]
2019-08-21 15:30:03,454 [grpc-default-executor-3] INFO  client.GrpcClientProtocolClient (GrpcClientProtocolClient.java:onNext(255)) - client-029E50227556->355864cd-7ac5-4934-b366-9756b15dd90f: receive RaftClientReply:client-029E50227556->355864cd-7ac5-4934-b366-9756b15dd90f@group-785BCF25C267, cid=3156, SUCCESS, logIndex=4747, commits[355864cd-7ac5-4934-b366-9756b15dd90f:c4747, ce4aa411-63c8-4399-99eb-27ce352844f3:c4743, 3eeffb0a-787e-48ec-a2f5-d0c540a89489:c4743]
2019-08-21 15:30:03,465 | INFO  | DNAudit | user=null | ip=null | op=WRITE_CHUNK {blockData=conID: 1 locID: 102655682374140563 bcsId: 0} | ret=SUCCESS |  
2019-08-21 15:30:03,466 | INFO  | DNAudit | user=null | ip=null | op=WRITE_CHUNK {blockData=conID: 1 locID: 102655682374140563 bcsId: 0} | ret=SUCCESS |  
2019-08-21 15:30:03,466 | INFO  | DNAudit | user=null | ip=null | op=PUT_BLOCK {blockData=[blockId=conID: 1 locID: 102655682374140563 bcsId: 0,size=1048576]} | ret=SUCCESS |  
2019-08-21 15:30:03,466 | INFO  | DNAudit | user=null | ip=null | op=PUT_BLOCK {blockData=[blockId=conID: 1 locID: 102655682374140563 bcsId: 0,size=1048576]} | ret=SUCCESS |  
2019-08-21 15:30:03,466 [grpc-default-executor-3] INFO  client.GrpcClientProtocolClient (GrpcClientProtocolClient.java:onNext(255)) - client-029E50227556->355864cd-7ac5-4934-b366-9756b15dd90f: receive RaftClientReply:client-029E50227556->355864cd-7ac5-4934-b366-9756b15dd90f@group-785BCF25C267, cid=3157, SUCCESS, logIndex=0, commits[355864cd-7ac5-4934-b366-9756b15dd90f:c4749, ce4aa411-63c8-4399-99eb-27ce352844f3:c4745, 3eeffb0a-787e-48ec-a2f5-d0c540a89489:c4745]
2019-08-21 15:30:03,473 | INFO  | DNAudit | user=null | ip=null | op=WRITE_CHUNK {blockData=conID: 1 locID: 102655682374140563 bcsId: 4747} | ret=SUCCESS |  
2019-08-21 15:30:03,476 | INFO  | DNAudit | user=null | ip=null | op=WRITE_CHUNK {blockData=conID: 1 locID: 102655682374140563 bcsId: 4747} | ret=SUCCESS |  
2019-08-21 15:30:03,476 | INFO  | DNAudit | user=null | ip=null | op=WRITE_CHUNK {blockData=conID: 1 locID: 102655682374140563 bcsId: 4747} | ret=SUCCESS |  
2019-08-21 15:30:03,478 | INFO  | DNAudit | user=null | ip=null | op=WRITE_CHUNK {blockData=conID: 1 locID: 102655682374140563 bcsId: 0} | ret=SUCCESS |  
2019-08-21 15:30:03,478 | INFO  | DNAudit | user=null | ip=null | op=WRITE_CHUNK {blockData=conID: 1 locID: 102655682374140563 bcsId: 0} | ret=SUCCESS |  
2019-08-21 15:30:03,479 | INFO  | DNAudit | user=null | ip=null | op=PUT_BLOCK {blockData=[blockId=conID: 1 locID: 102655682374140563 bcsId: 0,size=2097152]} | ret=SUCCESS |  
2019-08-21 15:30:03,479 | INFO  | DNAudit | user=null | ip=null | op=PUT_BLOCK {blockData=[blockId=conID: 1 locID: 102655682374140563 bcsId: 0,size=2097152]} | ret=SUCCESS |  
2019-08-21 15:30:03,492 | INFO  | DNAudit | user=null | ip=null | op=WRITE_CHUNK {blockData=conID: 1 locID: 102655682374140563 bcsId: 4747} | ret=SUCCESS |  
2019-08-21 15:30:03,492 | INFO  | DNAudit | user=null | ip=null | op=PUT_BLOCK {blockData=[blockId=conID: 1 locID: 102655682374140563 bcsId: 0,size=3145728]} | ret=SUCCESS |  
2019-08-21 15:30:03,492 [grpc-default-executor-0] INFO  client.GrpcClientProtocolClient (GrpcClientProtocolClient.java:onNext(255)) - client-029E50227556->355864cd-7ac5-4934-b366-9756b15dd90f: receive RaftClientReply:client-029E50227556->355864cd-7ac5-4934-b366-9756b15dd90f@group-785BCF25C267, cid=3158, SUCCESS, logIndex=4752, commits[355864cd-7ac5-4934-b366-9756b15dd90f:c4753, ce4aa411-63c8-4399-99eb-27ce352844f3:c4749, 3eeffb0a-787e-48ec-a2f5-d0c540a89489:c4749]
2019-08-21 15:30:03,493 [grpc-default-executor-0] INFO  client.GrpcClientProtocolClient (GrpcClientProtocolClient.java:onNext(255)) - client-029E50227556->355864cd-7ac5-4934-b366-9756b15dd90f: receive RaftClientReply:client-029E50227556->355864cd-7ac5-4934-b366-9756b15dd90f@group-785BCF25C267, cid=3159, SUCCESS, logIndex=4753, commits[355864cd-7ac5-4934-b366-9756b15dd90f:c4753, ce4aa411-63c8-4399-99eb-27ce352844f3:c4749, 3eeffb0a-787e-48ec-a2f5-d0c540a89489:c4749]
2019-08-21 15:30:03,500 | INFO  | DNAudit | user=null | ip=null | op=WRITE_CHUNK {blockData=conID: 1 locID: 102655682374140563 bcsId: 4753} | ret=SUCCESS |  
2019-08-21 15:30:03,502 | INFO  | DNAudit | user=null | ip=null | op=WRITE_CHUNK {blockData=conID: 1 locID: 102655682374140563 bcsId: 4753} | ret=SUCCESS |  
2019-08-21 15:30:03,502 | INFO  | DNAudit | user=null | ip=null | op=WRITE_CHUNK {blockData=conID: 1 locID: 102655682374140563 bcsId: 4753} | ret=SUCCESS |  
2019-08-21 15:30:03,505 | INFO  | DNAudit | user=null | ip=null | op=WRITE_CHUNK {blockData=conID: 1 locID: 102655682374140563 bcsId: 4747} | ret=SUCCESS |  
2019-08-21 15:30:03,505 | INFO  | DNAudit | user=null | ip=null | op=WRITE_CHUNK {blockData=conID: 1 locID: 102655682374140563 bcsId: 4747} | ret=SUCCESS |  
2019-08-21 15:30:03,506 | INFO  | DNAudit | user=null | ip=null | op=PUT_BLOCK {blockData=[blockId=conID: 1 locID: 102655682374140563 bcsId: 0,size=3145728]} | ret=SUCCESS |  
2019-08-21 15:30:03,506 | INFO  | DNAudit | user=null | ip=null | op=PUT_BLOCK {blockData=[blockId=conID: 1 locID: 102655682374140563 bcsId: 0,size=3145728]} | ret=SUCCESS |  
2019-08-21 15:30:03,519 | INFO  | DNAudit | user=null | ip=null | op=WRITE_CHUNK {blockData=conID: 1 locID: 102655682374140563 bcsId: 4753} | ret=SUCCESS |  
2019-08-21 15:30:03,520 | INFO  | DNAudit | user=null | ip=null | op=PUT_BLOCK {blockData=[blockId=conID: 1 locID: 102655682374140563 bcsId: 0,size=4194304]} | ret=SUCCESS |  
2019-08-21 15:30:03,520 [grpc-default-executor-3] INFO  client.GrpcClientProtocolClient (GrpcClientProtocolClient.java:onNext(255)) - client-029E50227556->355864cd-7ac5-4934-b366-9756b15dd90f: receive RaftClientReply:client-029E50227556->355864cd-7ac5-4934-b366-9756b15dd90f@group-785BCF25C267, cid=3160, SUCCESS, logIndex=4756, commits[355864cd-7ac5-4934-b366-9756b15dd90f:c4757, ce4aa411-63c8-4399-99eb-27ce352844f3:c4753, 3eeffb0a-787e-48ec-a2f5-d0c540a89489:c4753]
2019-08-21 15:30:03,520 [grpc-default-executor-3] INFO  client.GrpcClientProtocolClient (GrpcClientProtocolClient.java:onNext(255)) - client-029E50227556->355864cd-7ac5-4934-b366-9756b15dd90f: receive RaftClientReply:client-029E50227556->355864cd-7ac5-4934-b366-9756b15dd90f@group-785BCF25C267, cid=3161, SUCCESS, logIndex=4757, commits[355864cd-7ac5-4934-b366-9756b15dd90f:c4757, ce4aa411-63c8-4399-99eb-27ce352844f3:c4753, 3eeffb0a-787e-48ec-a2f5-d0c540a89489:c4753]
2019-08-21 15:30:03,529 | INFO  | DNAudit | user=null | ip=null | op=WRITE_CHUNK {blockData=conID: 1 locID: 102655682374140563 bcsId: 4753} | ret=SUCCESS |  
2019-08-21 15:30:03,529 | INFO  | DNAudit | user=null | ip=null | op=WRITE_CHUNK {blockData=conID: 1 locID: 102655682374140563 bcsId: 4753} | ret=SUCCESS |  
2019-08-21 15:30:03,529 | INFO  | DNAudit | user=null | ip=null | op=PUT_BLOCK {blockData=[blockId=conID: 1 locID: 102655682374140563 bcsId: 0,size=4194304]} | ret=SUCCESS |  
2019-08-21 15:30:03,539 | INFO  | DNAudit | user=null | ip=null | op=PUT_BLOCK {blockData=[blockId=conID: 1 locID: 102655682374140563 bcsId: 0,size=4194304]} | ret=SUCCESS |  
2019-08-21 15:30:03,539 [grpc-default-executor-3] INFO  client.GrpcClientProtocolClient (GrpcClientProtocolClient.java:onNext(255)) - client-029E50227556->355864cd-7ac5-4934-b366-9756b15dd90f: receive RaftClientReply:client-029E50227556->355864cd-7ac5-4934-b366-9756b15dd90f@group-785BCF25C267, cid=3162, SUCCESS, logIndex=0, commits[355864cd-7ac5-4934-b366-9756b15dd90f:c4758, ce4aa411-63c8-4399-99eb-27ce352844f3:c4757, 3eeffb0a-787e-48ec-a2f5-d0c540a89489:c4757]
2019-08-21 15:30:03,546 | INFO  | SCMAudit | user=jenkins1000 | ip=192.168.5.153 | op=ALLOCATE_BLOCK {owner=78849ec2-2b05-45d8-8cb5-e95e2230dbd1, size=4194304, type=RATIS, factor=THREE} | ret=SUCCESS |  
2019-08-21 15:30:03,550 | INFO  | OMAudit | user=jenkins1000 | ip=127.0.0.1 | op=ALLOCATE_BLOCK {volume=vol-0-32358, bucket=bucket-0-01949, key=key-0-56547, dataSize=0, replicationType=null, replicationFactor=null, keyLocationInfo=null, clientID=102655680532119954} | ret=SUCCESS |  
2019-08-21 15:30:03,558 | INFO  | DNAudit | user=null | ip=null | op=WRITE_CHUNK {blockData=conID: 2 locID: 102655682382791316 bcsId: 0} | ret=SUCCESS |  
2019-08-21 15:30:03,560 | INFO  | DNAudit | user=null | ip=null | op=WRITE_CHUNK {blockData=conID: 2 locID: 102655682382791316 bcsId: 0} | ret=SUCCESS |  
2019-08-21 15:30:03,561 | INFO  | DNAudit | user=null | ip=null | op=WRITE_CHUNK {blockData=conID: 2 locID: 102655682382791316 bcsId: 0} | ret=SUCCESS |  
2019-08-21 15:30:03,561 | INFO  | DNAudit | user=null | ip=null | op=WRITE_CHUNK {blockData=conID: 2 locID: 102655682382791316 bcsId: 0} | ret=SUCCESS |  
2019-08-21 15:30:03,564 | INFO  | DNAudit | user=null | ip=null | op=WRITE_CHUNK {blockData=conID: 2 locID: 102655682382791316 bcsId: 0} | ret=SUCCESS |  
2019-08-21 15:30:03,564 | INFO  | DNAudit | user=null | ip=null | op=WRITE_CHUNK {blockData=conID: 2 locID: 102655682382791316 bcsId: 0} | ret=SUCCESS |  
2019-08-21 15:30:03,568 | INFO  | DNAudit | user=null | ip=null | op=WRITE_CHUNK {blockData=conID: 2 locID: 102655682382791316 bcsId: 0} | ret=SUCCESS |  
2019-08-21 15:30:03,569 | INFO  | DNAudit | user=null | ip=null | op=PUT_BLOCK {blockData=[blockId=conID: 2 locID: 102655682382791316 bcsId: 0,size=1048576]} | ret=SUCCESS |  
2019-08-21 15:30:03,569 [grpc-default-executor-4] INFO  client.GrpcClientProtocolClient (GrpcClientProtocolClient.java:onNext(255)) - client-029E50227556->355864cd-7ac5-4934-b366-9756b15dd90f: receive RaftClientReply:client-029E50227556->355864cd-7ac5-4934-b366-9756b15dd90f@group-785BCF25C267, cid=3163, SUCCESS, logIndex=4760, commits[355864cd-7ac5-4934-b366-9756b15dd90f:c4761, ce4aa411-63c8-4399-99eb-27ce352844f3:c4759, 3eeffb0a-787e-48ec-a2f5-d0c540a89489:c4759]
2019-08-21 15:30:03,570 | INFO  | DNAudit | user=null | ip=null | op=WRITE_CHUNK {blockData=conID: 2 locID: 102655682382791316 bcsId: 0} | ret=SUCCESS |  
2019-08-21 15:30:03,570 [grpc-default-executor-4] INFO  client.GrpcClientProtocolClient (GrpcClientProtocolClient.java:onNext(255)) - client-029E50227556->355864cd-7ac5-4934-b366-9756b15dd90f: receive RaftClientReply:client-029E50227556->355864cd-7ac5-4934-b366-9756b15dd90f@group-785BCF25C267, cid=3164, SUCCESS, logIndex=4761, commits[355864cd-7ac5-4934-b366-9756b15dd90f:c4761, ce4aa411-63c8-4399-99eb-27ce352844f3:c4759, 3eeffb0a-787e-48ec-a2f5-d0c540a89489:c4759]
2019-08-21 15:30:03,570 | INFO  | DNAudit | user=null | ip=null | op=PUT_BLOCK {blockData=[blockId=conID: 2 locID: 102655682382791316 bcsId: 0,size=2097152]} | ret=SUCCESS |  
2019-08-21 15:30:03,570 [grpc-default-executor-4] INFO  client.GrpcClientProtocolClient (GrpcClientProtocolClient.java:onNext(255)) - client-029E50227556->355864cd-7ac5-4934-b366-9756b15dd90f: receive RaftClientReply:client-029E50227556->355864cd-7ac5-4934-b366-9756b15dd90f@group-785BCF25C267, cid=3165, SUCCESS, logIndex=4762, commits[355864cd-7ac5-4934-b366-9756b15dd90f:c4763, ce4aa411-63c8-4399-99eb-27ce352844f3:c4759, 3eeffb0a-787e-48ec-a2f5-d0c540a89489:c4759]
2019-08-21 15:30:03,570 [grpc-default-executor-4] INFO  client.GrpcClientProtocolClient (GrpcClientProtocolClient.java:onNext(255)) - client-029E50227556->355864cd-7ac5-4934-b366-9756b15dd90f: receive RaftClientReply:client-029E50227556->355864cd-7ac5-4934-b366-9756b15dd90f@group-785BCF25C267, cid=3166, SUCCESS, logIndex=4763, commits[355864cd-7ac5-4934-b366-9756b15dd90f:c4763, ce4aa411-63c8-4399-99eb-27ce352844f3:c4759, 3eeffb0a-787e-48ec-a2f5-d0c540a89489:c4759]
2019-08-21 15:30:03,573 | INFO  | DNAudit | user=null | ip=null | op=WRITE_CHUNK {blockData=conID: 2 locID: 102655682382791316 bcsId: 0} | ret=SUCCESS |  
2019-08-21 15:30:03,573 | INFO  | DNAudit | user=null | ip=null | op=PUT_BLOCK {blockData=[blockId=conID: 2 locID: 102655682382791316 bcsId: 0,size=1048576]} | ret=SUCCESS |  
2019-08-21 15:30:03,573 | INFO  | DNAudit | user=null | ip=null | op=WRITE_CHUNK {blockData=conID: 2 locID: 102655682382791316 bcsId: 0} | ret=SUCCESS |  
2019-08-21 15:30:03,573 | INFO  | DNAudit | user=null | ip=null | op=PUT_BLOCK {blockData=[blockId=conID: 2 locID: 102655682382791316 bcsId: 0,size=1048576]} | ret=SUCCESS |  
2019-08-21 15:30:03,574 | INFO  | DNAudit | user=null | ip=null | op=WRITE_CHUNK {blockData=conID: 2 locID: 102655682382791316 bcsId: 0} | ret=SUCCESS |  
2019-08-21 15:30:03,574 | INFO  | DNAudit | user=null | ip=null | op=WRITE_CHUNK {blockData=conID: 2 locID: 102655682382791316 bcsId: 0} | ret=SUCCESS |  
2019-08-21 15:30:03,574 | INFO  | DNAudit | user=null | ip=null | op=PUT_BLOCK {blockData=[blockId=conID: 2 locID: 102655682382791316 bcsId: 0,size=2097152]} | ret=SUCCESS |  
2019-08-21 15:30:03,574 | INFO  | DNAudit | user=null | ip=null | op=PUT_BLOCK {blockData=[blockId=conID: 2 locID: 102655682382791316 bcsId: 0,size=2097152]} | ret=SUCCESS |  
2019-08-21 15:30:03,574 [grpc-default-executor-4] INFO  client.GrpcClientProtocolClient (GrpcClientProtocolClient.java:onNext(255)) - client-029E50227556->355864cd-7ac5-4934-b366-9756b15dd90f: receive RaftClientReply:client-029E50227556->355864cd-7ac5-4934-b366-9756b15dd90f@group-785BCF25C267, cid=3167, SUCCESS, logIndex=0, commits[355864cd-7ac5-4934-b366-9756b15dd90f:c4765, ce4aa411-63c8-4399-99eb-27ce352844f3:c4761, 3eeffb0a-787e-48ec-a2f5-d0c540a89489:c4761]
2019-08-21 15:30:03,581 | INFO  | DNAudit | user=null | ip=null | op=WRITE_CHUNK {blockData=conID: 2 locID: 102655682382791316 bcsId: 4763} | ret=SUCCESS |  
2019-08-21 15:30:03,583 | INFO  | DNAudit | user=null | ip=null | op=WRITE_CHUNK {blockData=conID: 2 locID: 102655682382791316 bcsId: 4763} | ret=SUCCESS |  
2019-08-21 15:30:03,584 | INFO  | DNAudit | user=null | ip=null | op=WRITE_CHUNK {blockData=conID: 2 locID: 102655682382791316 bcsId: 4763} | ret=SUCCESS |  
2019-08-21 15:30:03,597 | INFO  | DNAudit | user=null | ip=null | op=WRITE_CHUNK {blockData=conID: 2 locID: 102655682382791316 bcsId: 4763} | ret=SUCCESS |  
2019-08-21 15:30:03,597 | INFO  | DNAudit | user=null | ip=null | op=PUT_BLOCK {blockData=[blockId=conID: 2 locID: 102655682382791316 bcsId: 0,size=3145728]} | ret=SUCCESS |  
2019-08-21 15:30:03,597 [grpc-default-executor-3] INFO  client.GrpcClientProtocolClient (GrpcClientProtocolClient.java:onNext(255)) - client-029E50227556->355864cd-7ac5-4934-b366-9756b15dd90f: receive RaftClientReply:client-029E50227556->355864cd-7ac5-4934-b366-9756b15dd90f@group-785BCF25C267, cid=3168, SUCCESS, logIndex=4768, commits[355864cd-7ac5-4934-b366-9756b15dd90f:c4769, ce4aa411-63c8-4399-99eb-27ce352844f3:c4767, 3eeffb0a-787e-48ec-a2f5-d0c540a89489:c4767]
2019-08-21 15:30:03,598 [grpc-default-executor-3] INFO  client.GrpcClientProtocolClient (GrpcClientProtocolClient.java:onNext(255)) - client-029E50227556->355864cd-7ac5-4934-b366-9756b15dd90f: receive RaftClientReply:client-029E50227556->355864cd-7ac5-4934-b366-9756b15dd90f@group-785BCF25C267, cid=3169, SUCCESS, logIndex=4769, commits[355864cd-7ac5-4934-b366-9756b15dd90f:c4769, ce4aa411-63c8-4399-99eb-27ce352844f3:c4767, 3eeffb0a-787e-48ec-a2f5-d0c540a89489:c4767]
2019-08-21 15:30:03,605 | INFO  | DNAudit | user=null | ip=null | op=WRITE_CHUNK {blockData=conID: 2 locID: 102655682382791316 bcsId: 4769} | ret=SUCCESS |  
2019-08-21 15:30:03,607 | INFO  | DNAudit | user=null | ip=null | op=WRITE_CHUNK {blockData=conID: 2 locID: 102655682382791316 bcsId: 4769} | ret=SUCCESS |  
2019-08-21 15:30:03,607 | INFO  | DNAudit | user=null | ip=null | op=WRITE_CHUNK {blockData=conID: 2 locID: 102655682382791316 bcsId: 4769} | ret=SUCCESS |  
2019-08-21 15:30:03,608 | INFO  | DNAudit | user=null | ip=null | op=WRITE_CHUNK {blockData=conID: 2 locID: 102655682382791316 bcsId: 4763} | ret=SUCCESS |  
2019-08-21 15:30:03,609 | INFO  | DNAudit | user=null | ip=null | op=WRITE_CHUNK {blockData=conID: 2 locID: 102655682382791316 bcsId: 4763} | ret=SUCCESS |  
2019-08-21 15:30:03,611 | INFO  | DNAudit | user=null | ip=null | op=PUT_BLOCK {blockData=[blockId=conID: 2 locID: 102655682382791316 bcsId: 0,size=3145728]} | ret=SUCCESS |  
2019-08-21 15:30:03,611 | INFO  | DNAudit | user=null | ip=null | op=PUT_BLOCK {blockData=[blockId=conID: 2 locID: 102655682382791316 bcsId: 0,size=3145728]} | ret=SUCCESS |  
2019-08-21 15:30:03,612 | INFO  | DNAudit | user=null | ip=null | op=WRITE_CHUNK {blockData=conID: 2 locID: 102655682382791316 bcsId: 4769} | ret=SUCCESS |  
2019-08-21 15:30:03,612 | INFO  | DNAudit | user=null | ip=null | op=PUT_BLOCK {blockData=[blockId=conID: 2 locID: 102655682382791316 bcsId: 0,size=4194304]} | ret=SUCCESS |  
2019-08-21 15:30:03,612 [grpc-default-executor-3] INFO  client.GrpcClientProtocolClient (GrpcClientProtocolClient.java:onNext(255)) - client-029E50227556->355864cd-7ac5-4934-b366-9756b15dd90f: receive RaftClientReply:client-029E50227556->355864cd-7ac5-4934-b366-9756b15dd90f@group-785BCF25C267, cid=3170, SUCCESS, logIndex=4772, commits[355864cd-7ac5-4934-b366-9756b15dd90f:c4772, ce4aa411-63c8-4399-99eb-27ce352844f3:c4769, 3eeffb0a-787e-48ec-a2f5-d0c540a89489:c4769]
2019-08-21 15:30:03,613 [grpc-default-executor-3] INFO  client.GrpcClientProtocolClient (GrpcClientProtocolClient.java:onNext(255)) - client-029E50227556->355864cd-7ac5-4934-b366-9756b15dd90f: receive RaftClientReply:client-029E50227556->355864cd-7ac5-4934-b366-9756b15dd90f@group-785BCF25C267, cid=3171, SUCCESS, logIndex=4773, commits[355864cd-7ac5-4934-b366-9756b15dd90f:c4773, ce4aa411-63c8-4399-99eb-27ce352844f3:c4769, 3eeffb0a-787e-48ec-a2f5-d0c540a89489:c4769]
2019-08-21 15:30:03,624 | INFO  | DNAudit | user=null | ip=null | op=WRITE_CHUNK {blockData=conID: 2 locID: 102655682382791316 bcsId: 4769} | ret=SUCCESS |  
2019-08-21 15:30:03,625 | INFO  | DNAudit | user=null | ip=null | op=WRITE_CHUNK {blockData=conID: 2 locID: 102655682382791316 bcsId: 4769} | ret=SUCCESS |  
2019-08-21 15:30:03,626 | INFO  | DNAudit | user=null | ip=null | op=PUT_BLOCK {blockData=[blockId=conID: 2 locID: 102655682382791316 bcsId: 0,size=4194304]} | ret=SUCCESS |  
2019-08-21 15:30:03,628 | INFO  | DNAudit | user=null | ip=null | op=PUT_BLOCK {blockData=[blockId=conID: 2 locID: 102655682382791316 bcsId: 0,size=4194304]} | ret=SUCCESS |  
2019-08-21 15:30:03,629 [grpc-default-executor-3] INFO  client.GrpcClientProtocolClient (GrpcClientProtocolClient.java:onNext(255)) - client-029E50227556->355864cd-7ac5-4934-b366-9756b15dd90f: receive RaftClientReply:client-029E50227556->355864cd-7ac5-4934-b366-9756b15dd90f@group-785BCF25C267, cid=3172, SUCCESS, logIndex=0, commits[355864cd-7ac5-4934-b366-9756b15dd90f:c4775, ce4aa411-63c8-4399-99eb-27ce352844f3:c4773, 3eeffb0a-787e-48ec-a2f5-d0c540a89489:c4773]
2019-08-21 15:30:03,634 | INFO  | SCMAudit | user=jenkins1000 | ip=192.168.5.153 | op=ALLOCATE_BLOCK {owner=78849ec2-2b05-45d8-8cb5-e95e2230dbd1, size=4194304, type=RATIS, factor=THREE} | ret=SUCCESS |  
2019-08-21 15:30:03,638 | INFO  | OMAudit | user=jenkins1000 | ip=127.0.0.1 | op=ALLOCATE_BLOCK {volume=vol-0-32358, bucket=bucket-0-01949, key=key-0-56547, dataSize=0, replicationType=null, replicationFactor=null, keyLocationInfo=null, clientID=102655680532119954} | ret=SUCCESS |  
2019-08-21 15:30:03,645 | INFO  | DNAudit | user=null | ip=null | op=WRITE_CHUNK {blockData=conID: 3 locID: 102655682388558485 bcsId: 0} | ret=SUCCESS |  
2019-08-21 15:30:03,648 | INFO  | DNAudit | user=null | ip=null | op=WRITE_CHUNK {blockData=conID: 3 locID: 102655682388558485 bcsId: 0} | ret=SUCCESS |  
2019-08-21 15:30:03,648 | INFO  | DNAudit | user=null | ip=null | op=WRITE_CHUNK {blockData=conID: 3 locID: 102655682388558485 bcsId: 0} | ret=SUCCESS |  
2019-08-21 15:30:03,649 | INFO  | DNAudit | user=null | ip=null | op=WRITE_CHUNK {blockData=conID: 3 locID: 102655682388558485 bcsId: 0} | ret=SUCCESS |  
2019-08-21 15:30:03,651 | INFO  | DNAudit | user=null | ip=null | op=WRITE_CHUNK {blockData=conID: 3 locID: 102655682388558485 bcsId: 0} | ret=SUCCESS |  
2019-08-21 15:30:03,651 | INFO  | DNAudit | user=null | ip=null | op=WRITE_CHUNK {blockData=conID: 3 locID: 102655682388558485 bcsId: 0} | ret=SUCCESS |  
2019-08-21 15:30:03,658 | INFO  | DNAudit | user=null | ip=null | op=WRITE_CHUNK {blockData=conID: 3 locID: 102655682388558485 bcsId: 0} | ret=SUCCESS |  
2019-08-21 15:30:03,658 | INFO  | DNAudit | user=null | ip=null | op=PUT_BLOCK {blockData=[blockId=conID: 3 locID: 102655682388558485 bcsId: 0,size=1048576]} | ret=SUCCESS |  
2019-08-21 15:30:03,659 [grpc-default-executor-3] INFO  client.GrpcClientProtocolClient (GrpcClientProtocolClient.java:onNext(255)) - client-029E50227556->355864cd-7ac5-4934-b366-9756b15dd90f: receive RaftClientReply:client-029E50227556->355864cd-7ac5-4934-b366-9756b15dd90f@group-785BCF25C267, cid=3173, SUCCESS, logIndex=4776, commits[355864cd-7ac5-4934-b366-9756b15dd90f:c4777, ce4aa411-63c8-4399-99eb-27ce352844f3:c4775, 3eeffb0a-787e-48ec-a2f5-d0c540a89489:c4775]
2019-08-21 15:30:03,659 [grpc-default-executor-3] INFO  client.GrpcClientProtocolClient (GrpcClientProtocolClient.java:onNext(255)) - client-029E50227556->355864cd-7ac5-4934-b366-9756b15dd90f: receive RaftClientReply:client-029E50227556->355864cd-7ac5-4934-b366-9756b15dd90f@group-785BCF25C267, cid=3174, SUCCESS, logIndex=4777, commits[355864cd-7ac5-4934-b366-9756b15dd90f:c4777, ce4aa411-63c8-4399-99eb-27ce352844f3:c4775, 3eeffb0a-787e-48ec-a2f5-d0c540a89489:c4775]
2019-08-21 15:30:03,661 | INFO  | DNAudit | user=null | ip=null | op=WRITE_CHUNK {blockData=conID: 3 locID: 102655682388558485 bcsId: 0} | ret=SUCCESS |  
2019-08-21 15:30:03,661 | INFO  | DNAudit | user=null | ip=null | op=PUT_BLOCK {blockData=[blockId=conID: 3 locID: 102655682388558485 bcsId: 0,size=2097152]} | ret=SUCCESS |  
2019-08-21 15:30:03,661 [grpc-default-executor-4] INFO  client.GrpcClientProtocolClient (GrpcClientProtocolClient.java:onNext(255)) - client-029E50227556->355864cd-7ac5-4934-b366-9756b15dd90f: receive RaftClientReply:client-029E50227556->355864cd-7ac5-4934-b366-9756b15dd90f@group-785BCF25C267, cid=3175, SUCCESS, logIndex=4778, commits[355864cd-7ac5-4934-b366-9756b15dd90f:c4779, ce4aa411-63c8-4399-99eb-27ce352844f3:c4775, 3eeffb0a-787e-48ec-a2f5-d0c540a89489:c4775]
2019-08-21 15:30:03,662 [grpc-default-executor-4] INFO  client.GrpcClientProtocolClient (GrpcClientProtocolClient.java:onNext(255)) - client-029E50227556->355864cd-7ac5-4934-b366-9756b15dd90f: receive RaftClientReply:client-029E50227556->355864cd-7ac5-4934-b366-9756b15dd90f@group-785BCF25C267, cid=3176, SUCCESS, logIndex=4779, commits[355864cd-7ac5-4934-b366-9756b15dd90f:c4779, ce4aa411-63c8-4399-99eb-27ce352844f3:c4775, 3eeffb0a-787e-48ec-a2f5-d0c540a89489:c4775]
2019-08-21 15:30:03,672 | INFO  | DNAudit | user=null | ip=null | op=WRITE_CHUNK {blockData=conID: 3 locID: 102655682388558485 bcsId: 0} | ret=SUCCESS |  
2019-08-21 15:30:03,673 | INFO  | DNAudit | user=null | ip=null | op=PUT_BLOCK {blockData=[blockId=conID: 3 locID: 102655682388558485 bcsId: 0,size=1048576]} | ret=SUCCESS |  
2019-08-21 15:30:03,673 | INFO  | DNAudit | user=null | ip=null | op=WRITE_CHUNK {blockData=conID: 3 locID: 102655682388558485 bcsId: 0} | ret=SUCCESS |  
2019-08-21 15:30:03,673 | INFO  | DNAudit | user=null | ip=null | op=PUT_BLOCK {blockData=[blockId=conID: 3 locID: 102655682388558485 bcsId: 0,size=1048576]} | ret=SUCCESS |  
2019-08-21 15:30:03,673 | INFO  | DNAudit | user=null | ip=null | op=WRITE_CHUNK {blockData=conID: 3 locID: 102655682388558485 bcsId: 0} | ret=SUCCESS |  
2019-08-21 15:30:03,673 [grpc-default-executor-5] INFO  client.GrpcClientProtocolClient (GrpcClientProtocolClient.java:onNext(255)) - client-029E50227556->355864cd-7ac5-4934-b366-9756b15dd90f: receive RaftClientReply:client-029E50227556->355864cd-7ac5-4934-b366-9756b15dd90f@group-785BCF25C267, cid=3177, SUCCESS, logIndex=0, commits[355864cd-7ac5-4934-b366-9756b15dd90f:c4780, ce4aa411-63c8-4399-99eb-27ce352844f3:c4777, 3eeffb0a-787e-48ec-a2f5-d0c540a89489:c4777]
2019-08-21 15:30:03,674 | INFO  | DNAudit | user=null | ip=null | op=PUT_BLOCK {blockData=[blockId=conID: 3 locID: 102655682388558485 bcsId: 0,size=2097152]} | ret=SUCCESS |  
2019-08-21 15:30:03,674 | INFO  | DNAudit | user=null | ip=null | op=WRITE_CHUNK {blockData=conID: 3 locID: 102655682388558485 bcsId: 0} | ret=SUCCESS |  
2019-08-21 15:30:03,674 | INFO  | DNAudit | user=null | ip=null | op=PUT_BLOCK {blockData=[blockId=conID: 3 locID: 102655682388558485 bcsId: 0,size=2097152]} | ret=SUCCESS |  
2019-08-21 15:30:03,681 | INFO  | DNAudit | user=null | ip=null | op=WRITE_CHUNK {blockData=conID: 3 locID: 102655682388558485 bcsId: 4779} | ret=SUCCESS |  
2019-08-21 15:30:03,683 | INFO  | DNAudit | user=null | ip=null | op=WRITE_CHUNK {blockData=conID: 3 locID: 102655682388558485 bcsId: 4779} | ret=SUCCESS |  
2019-08-21 15:30:03,683 | INFO  | DNAudit | user=null | ip=null | op=WRITE_CHUNK {blockData=conID: 3 locID: 102655682388558485 bcsId: 4779} | ret=SUCCESS |  
2019-08-21 15:30:03,695 | INFO  | DNAudit | user=null | ip=null | op=WRITE_CHUNK {blockData=conID: 3 locID: 102655682388558485 bcsId: 4779} | ret=SUCCESS |  
2019-08-21 15:30:03,695 | INFO  | DNAudit | user=null | ip=null | op=PUT_BLOCK {blockData=[blockId=conID: 3 locID: 102655682388558485 bcsId: 0,size=3145728]} | ret=SUCCESS |  
2019-08-21 15:30:03,695 [grpc-default-executor-5] INFO  client.GrpcClientProtocolClient (GrpcClientProtocolClient.java:onNext(255)) - client-029E50227556->355864cd-7ac5-4934-b366-9756b15dd90f: receive RaftClientReply:client-029E50227556->355864cd-7ac5-4934-b366-9756b15dd90f@group-785BCF25C267, cid=3178, SUCCESS, logIndex=4784, commits[355864cd-7ac5-4934-b366-9756b15dd90f:c4785, ce4aa411-63c8-4399-99eb-27ce352844f3:c4783, 3eeffb0a-787e-48ec-a2f5-d0c540a89489:c4783]
2019-08-21 15:30:03,696 [grpc-default-executor-5] INFO  client.GrpcClientProtocolClient (GrpcClientProtocolClient.java:onNext(255)) - client-029E50227556->355864cd-7ac5-4934-b366-9756b15dd90f: receive RaftClientReply:client-029E50227556->355864cd-7ac5-4934-b366-9756b15dd90f@group-785BCF25C267, cid=3179, SUCCESS, logIndex=4785, commits[355864cd-7ac5-4934-b366-9756b15dd90f:c4785, ce4aa411-63c8-4399-99eb-27ce352844f3:c4783, 3eeffb0a-787e-48ec-a2f5-d0c540a89489:c4783]
2019-08-21 15:30:03,702 | INFO  | DNAudit | user=null | ip=null | op=WRITE_CHUNK {blockData=conID: 3 locID: 102655682388558485 bcsId: 4785} | ret=SUCCESS |  
2019-08-21 15:30:03,704 | INFO  | DNAudit | user=null | ip=null | op=WRITE_CHUNK {blockData=conID: 3 locID: 102655682388558485 bcsId: 4785} | ret=SUCCESS |  
2019-08-21 15:30:03,705 | INFO  | DNAudit | user=null | ip=null | op=WRITE_CHUNK {blockData=conID: 3 locID: 102655682388558485 bcsId: 4785} | ret=SUCCESS |  
2019-08-21 15:30:03,706 | INFO  | DNAudit | user=null | ip=null | op=WRITE_CHUNK {blockData=conID: 3 locID: 102655682388558485 bcsId: 4779} | ret=SUCCESS |  
2019-08-21 15:30:03,706 | INFO  | DNAudit | user=null | ip=null | op=WRITE_CHUNK {blockData=conID: 3 locID: 102655682388558485 bcsId: 4779} | ret=SUCCESS |  
2019-08-21 15:30:03,709 | INFO  | DNAudit | user=null | ip=null | op=PUT_BLOCK {blockData=[blockId=conID: 3 locID: 102655682388558485 bcsId: 0,size=3145728]} | ret=SUCCESS |  
2019-08-21 15:30:03,709 | INFO  | DNAudit | user=null | ip=null | op=PUT_BLOCK {blockData=[blockId=conID: 3 locID: 102655682388558485 bcsId: 0,size=3145728]} | ret=SUCCESS |  
2019-08-21 15:30:03,710 | INFO  | DNAudit | user=null | ip=null | op=WRITE_CHUNK {blockData=conID: 3 locID: 102655682388558485 bcsId: 4785} | ret=SUCCESS |  
2019-08-21 15:30:03,710 | INFO  | DNAudit | user=null | ip=null | op=PUT_BLOCK {blockData=[blockId=conID: 3 locID: 102655682388558485 bcsId: 0,size=4194304]} | ret=SUCCESS |  
2019-08-21 15:30:03,710 [grpc-default-executor-4] INFO  client.GrpcClientProtocolClient (GrpcClientProtocolClient.java:onNext(255)) - client-029E50227556->355864cd-7ac5-4934-b366-9756b15dd90f: receive RaftClientReply:client-029E50227556->355864cd-7ac5-4934-b366-9756b15dd90f@group-785BCF25C267, cid=3180, SUCCESS, logIndex=4788, commits[355864cd-7ac5-4934-b366-9756b15dd90f:c4789, ce4aa411-63c8-4399-99eb-27ce352844f3:c4785, 3eeffb0a-787e-48ec-a2f5-d0c540a89489:c4785]
2019-08-21 15:30:03,710 [grpc-default-executor-4] INFO  client.GrpcClientProtocolClient (GrpcClientProtocolClient.java:onNext(255)) - client-029E50227556->355864cd-7ac5-4934-b366-9756b15dd90f: receive RaftClientReply:client-029E50227556->355864cd-7ac5-4934-b366-9756b15dd90f@group-785BCF25C267, cid=3181, SUCCESS, logIndex=4789, commits[355864cd-7ac5-4934-b366-9756b15dd90f:c4789, ce4aa411-63c8-4399-99eb-27ce352844f3:c4785, 3eeffb0a-787e-48ec-a2f5-d0c540a89489:c4785]
2019-08-21 15:30:03,723 | INFO  | DNAudit | user=null | ip=null | op=WRITE_CHUNK {blockData=conID: 3 locID: 102655682388558485 bcsId: 4785} | ret=SUCCESS |  
2019-08-21 15:30:03,723 | INFO  | DNAudit | user=null | ip=null | op=WRITE_CHUNK {blockData=conID: 3 locID: 102655682388558485 bcsId: 4785} | ret=SUCCESS |  
2019-08-21 15:30:03,736 | INFO  | DNAudit | user=null | ip=null | op=PUT_BLOCK {blockData=[blockId=conID: 3 locID: 102655682388558485 bcsId: 0,size=4194304]} | ret=SUCCESS |  
2019-08-21 15:30:03,736 | INFO  | DNAudit | user=null | ip=null | op=PUT_BLOCK {blockData=[blockId=conID: 3 locID: 102655682388558485 bcsId: 0,size=4194304]} | ret=SUCCESS |  
2019-08-21 15:30:03,736 [grpc-default-executor-4] INFO  client.GrpcClientProtocolClient (GrpcClientProtocolClient.java:onNext(255)) - client-029E50227556->355864cd-7ac5-4934-b366-9756b15dd90f: receive RaftClientReply:client-029E50227556->355864cd-7ac5-4934-b366-9756b15dd90f@group-785BCF25C267, cid=3182, SUCCESS, logIndex=0, commits[355864cd-7ac5-4934-b366-9756b15dd90f:c4790, ce4aa411-63c8-4399-99eb-27ce352844f3:c4789, 3eeffb0a-787e-48ec-a2f5-d0c540a89489:c4789]
2019-08-21 15:30:03,744 | INFO  | SCMAudit | user=jenkins1000 | ip=192.168.5.153 | op=ALLOCATE_BLOCK {owner=78849ec2-2b05-45d8-8cb5-e95e2230dbd1, size=4194304, type=RATIS, factor=THREE} | ret=SUCCESS |  
2019-08-21 15:30:03,750 | INFO  | OMAudit | user=jenkins1000 | ip=127.0.0.1 | op=ALLOCATE_BLOCK {volume=vol-0-32358, bucket=bucket-0-01949, key=key-0-56547, dataSize=0, replicationType=null, replicationFactor=null, keyLocationInfo=null, clientID=102655680532119954} | ret=SUCCESS |  
2019-08-21 15:30:03,757 | INFO  | DNAudit | user=null | ip=null | op=WRITE_CHUNK {blockData=conID: 1 locID: 102655682395767446 bcsId: 0} | ret=SUCCESS |  
2019-08-21 15:30:03,759 | INFO  | DNAudit | user=null | ip=null | op=WRITE_CHUNK {blockData=conID: 1 locID: 102655682395767446 bcsId: 0} | ret=SUCCESS |  
2019-08-21 15:30:03,760 | INFO  | DNAudit | user=null | ip=null | op=WRITE_CHUNK {blockData=conID: 1 locID: 102655682395767446 bcsId: 0} | ret=SUCCESS |  
2019-08-21 15:30:03,760 | INFO  | DNAudit | user=null | ip=null | op=WRITE_CHUNK {blockData=conID: 1 locID: 102655682395767446 bcsId: 0} | ret=SUCCESS |  
2019-08-21 15:30:03,762 | INFO  | DNAudit | user=null | ip=null | op=WRITE_CHUNK {blockData=conID: 1 locID: 102655682395767446 bcsId: 0} | ret=SUCCESS |  
2019-08-21 15:30:03,762 | INFO  | DNAudit | user=null | ip=null | op=WRITE_CHUNK {blockData=conID: 1 locID: 102655682395767446 bcsId: 0} | ret=SUCCESS |  
2019-08-21 15:30:03,783 | INFO  | DNAudit | user=null | ip=null | op=WRITE_CHUNK {blockData=conID: 1 locID: 102655682395767446 bcsId: 0} | ret=SUCCESS |  
2019-08-21 15:30:03,783 | INFO  | DNAudit | user=null | ip=null | op=PUT_BLOCK {blockData=[blockId=conID: 1 locID: 102655682395767446 bcsId: 0,size=1048576]} | ret=SUCCESS |  
2019-08-21 15:30:03,783 [grpc-default-executor-4] INFO  client.GrpcClientProtocolClient (GrpcClientProtocolClient.java:onNext(255)) - client-029E50227556->355864cd-7ac5-4934-b366-9756b15dd90f: receive RaftClientReply:client-029E50227556->355864cd-7ac5-4934-b366-9756b15dd90f@group-785BCF25C267, cid=3183, SUCCESS, logIndex=4792, commits[355864cd-7ac5-4934-b366-9756b15dd90f:c4793, ce4aa411-63c8-4399-99eb-27ce352844f3:c4789, 3eeffb0a-787e-48ec-a2f5-d0c540a89489:c4791]
2019-08-21 15:30:03,784 [grpc-default-executor-4] INFO  client.GrpcClientProtocolClient (GrpcClientProtocolClient.java:onNext(255)) - client-029E50227556->355864cd-7ac5-4934-b366-9756b15dd90f: receive RaftClientReply:client-029E50227556->355864cd-7ac5-4934-b366-9756b15dd90f@group-785BCF25C267, cid=3184, SUCCESS, logIndex=4793, commits[355864cd-7ac5-4934-b366-9756b15dd90f:c4793, ce4aa411-63c8-4399-99eb-27ce352844f3:c4789, 3eeffb0a-787e-48ec-a2f5-d0c540a89489:c4791]
2019-08-21 15:30:03,785 | INFO  | DNAudit | user=null | ip=null | op=WRITE_CHUNK {blockData=conID: 1 locID: 102655682395767446 bcsId: 0} | ret=SUCCESS |  
2019-08-21 15:30:03,785 | INFO  | DNAudit | user=null | ip=null | op=PUT_BLOCK {blockData=[blockId=conID: 1 locID: 102655682395767446 bcsId: 0,size=2097152]} | ret=SUCCESS |  
2019-08-21 15:30:03,786 [grpc-default-executor-4] INFO  client.GrpcClientProtocolClient (GrpcClientProtocolClient.java:onNext(255)) - client-029E50227556->355864cd-7ac5-4934-b366-9756b15dd90f: receive RaftClientReply:client-029E50227556->355864cd-7ac5-4934-b366-9756b15dd90f@group-785BCF25C267, cid=3185, SUCCESS, logIndex=4794, commits[355864cd-7ac5-4934-b366-9756b15dd90f:c4795, ce4aa411-63c8-4399-99eb-27ce352844f3:c4791, 3eeffb0a-787e-48ec-a2f5-d0c540a89489:c4791]
2019-08-21 15:30:03,786 [grpc-default-executor-4] INFO  client.GrpcClientProtocolClient (GrpcClientProtocolClient.java:onNext(255)) - client-029E50227556->355864cd-7ac5-4934-b366-9756b15dd90f: receive RaftClientReply:client-029E50227556->355864cd-7ac5-4934-b366-9756b15dd90f@group-785BCF25C267, cid=3186, SUCCESS, logIndex=4795, commits[355864cd-7ac5-4934-b366-9756b15dd90f:c4795, ce4aa411-63c8-4399-99eb-27ce352844f3:c4791, 3eeffb0a-787e-48ec-a2f5-d0c540a89489:c4791]
2019-08-21 15:30:03,795 | INFO  | DNAudit | user=null | ip=null | op=WRITE_CHUNK {blockData=conID: 1 locID: 102655682395767446 bcsId: 0} | ret=SUCCESS |  
2019-08-21 15:30:03,795 | INFO  | DNAudit | user=null | ip=null | op=WRITE_CHUNK {blockData=conID: 1 locID: 102655682395767446 bcsId: 0} | ret=SUCCESS |  
2019-08-21 15:30:03,795 | INFO  | DNAudit | user=null | ip=null | op=PUT_BLOCK {blockData=[blockId=conID: 1 locID: 102655682395767446 bcsId: 0,size=1048576]} | ret=SUCCESS |  
2019-08-21 15:30:03,795 | INFO  | DNAudit | user=null | ip=null | op=PUT_BLOCK {blockData=[blockId=conID: 1 locID: 102655682395767446 bcsId: 0,size=1048576]} | ret=SUCCESS |  
2019-08-21 15:30:03,796 [grpc-default-executor-4] INFO  client.GrpcClientProtocolClient (GrpcClientProtocolClient.java:onNext(255)) - client-029E50227556->355864cd-7ac5-4934-b366-9756b15dd90f: receive RaftClientReply:client-029E50227556->355864cd-7ac5-4934-b366-9756b15dd90f@group-785BCF25C267, cid=3187, SUCCESS, logIndex=0, commits[355864cd-7ac5-4934-b366-9756b15dd90f:c4797, ce4aa411-63c8-4399-99eb-27ce352844f3:c4793, 3eeffb0a-787e-48ec-a2f5-d0c540a89489:c4793]
2019-08-21 15:30:03,802 | INFO  | DNAudit | user=null | ip=null | op=WRITE_CHUNK {blockData=conID: 1 locID: 102655682395767446 bcsId: 4795} | ret=SUCCESS |  
2019-08-21 15:30:03,805 | INFO  | DNAudit | user=null | ip=null | op=WRITE_CHUNK {blockData=conID: 1 locID: 102655682395767446 bcsId: 4795} | ret=SUCCESS |  
2019-08-21 15:30:03,805 | INFO  | DNAudit | user=null | ip=null | op=WRITE_CHUNK {blockData=conID: 1 locID: 102655682395767446 bcsId: 4795} | ret=SUCCESS |  
2019-08-21 15:30:03,806 | INFO  | DNAudit | user=null | ip=null | op=WRITE_CHUNK {blockData=conID: 1 locID: 102655682395767446 bcsId: 0} | ret=SUCCESS |  
2019-08-21 15:30:03,806 | INFO  | DNAudit | user=null | ip=null | op=WRITE_CHUNK {blockData=conID: 1 locID: 102655682395767446 bcsId: 0} | ret=SUCCESS |  
2019-08-21 15:30:03,806 | INFO  | DNAudit | user=null | ip=null | op=PUT_BLOCK {blockData=[blockId=conID: 1 locID: 102655682395767446 bcsId: 0,size=2097152]} | ret=SUCCESS |  
2019-08-21 15:30:03,806 | INFO  | DNAudit | user=null | ip=null | op=PUT_BLOCK {blockData=[blockId=conID: 1 locID: 102655682395767446 bcsId: 0,size=2097152]} | ret=SUCCESS |  
2019-08-21 15:30:03,810 | INFO  | DNAudit | user=null | ip=null | op=WRITE_CHUNK {blockData=conID: 1 locID: 102655682395767446 bcsId: 4795} | ret=SUCCESS |  
2019-08-21 15:30:03,811 | INFO  | DNAudit | user=null | ip=null | op=PUT_BLOCK {blockData=[blockId=conID: 1 locID: 102655682395767446 bcsId: 0,size=3145728]} | ret=SUCCESS |  
2019-08-21 15:30:03,811 [grpc-default-executor-3] INFO  client.GrpcClientProtocolClient (GrpcClientProtocolClient.java:onNext(255)) - client-029E50227556->355864cd-7ac5-4934-b366-9756b15dd90f: receive RaftClientReply:client-029E50227556->355864cd-7ac5-4934-b366-9756b15dd90f@group-785BCF25C267, cid=3188, SUCCESS, logIndex=4800, commits[355864cd-7ac5-4934-b366-9756b15dd90f:c4801, ce4aa411-63c8-4399-99eb-27ce352844f3:c4797, 3eeffb0a-787e-48ec-a2f5-d0c540a89489:c4797]
2019-08-21 15:30:03,811 [grpc-default-executor-3] INFO  client.GrpcClientProtocolClient (GrpcClientProtocolClient.java:onNext(255)) - client-029E50227556->355864cd-7ac5-4934-b366-9756b15dd90f: receive RaftClientReply:client-029E50227556->355864cd-7ac5-4934-b366-9756b15dd90f@group-785BCF25C267, cid=3189, SUCCESS, logIndex=4801, commits[355864cd-7ac5-4934-b366-9756b15dd90f:c4801, ce4aa411-63c8-4399-99eb-27ce352844f3:c4797, 3eeffb0a-787e-48ec-a2f5-d0c540a89489:c4797]
2019-08-21 15:30:03,817 | INFO  | DNAudit | user=null | ip=null | op=WRITE_CHUNK {blockData=conID: 1 locID: 102655682395767446 bcsId: 4801} | ret=SUCCESS |  
2019-08-21 15:30:03,820 | INFO  | DNAudit | user=null | ip=null | op=WRITE_CHUNK {blockData=conID: 1 locID: 102655682395767446 bcsId: 4801} | ret=SUCCESS |  
2019-08-21 15:30:03,821 | INFO  | DNAudit | user=null | ip=null | op=WRITE_CHUNK {blockData=conID: 1 locID: 102655682395767446 bcsId: 4801} | ret=SUCCESS |  
2019-08-21 15:30:03,834 | INFO  | DNAudit | user=null | ip=null | op=WRITE_CHUNK {blockData=conID: 1 locID: 102655682395767446 bcsId: 4795} | ret=SUCCESS |  
2019-08-21 15:30:03,834 | INFO  | DNAudit | user=null | ip=null | op=WRITE_CHUNK {blockData=conID: 1 locID: 102655682395767446 bcsId: 4795} | ret=SUCCESS |  
2019-08-21 15:30:03,837 | INFO  | DNAudit | user=null | ip=null | op=PUT_BLOCK {blockData=[blockId=conID: 1 locID: 102655682395767446 bcsId: 0,size=3145728]} | ret=SUCCESS |  
2019-08-21 15:30:03,837 | INFO  | DNAudit | user=null | ip=null | op=PUT_BLOCK {blockData=[blockId=conID: 1 locID: 102655682395767446 bcsId: 0,size=3145728]} | ret=SUCCESS |  
2019-08-21 15:30:03,838 | INFO  | DNAudit | user=null | ip=null | op=WRITE_CHUNK {blockData=conID: 1 locID: 102655682395767446 bcsId: 4801} | ret=SUCCESS |  
2019-08-21 15:30:03,838 | INFO  | DNAudit | user=null | ip=null | op=PUT_BLOCK {blockData=[blockId=conID: 1 locID: 102655682395767446 bcsId: 0,size=4194304]} | ret=SUCCESS |  
2019-08-21 15:30:03,838 [grpc-default-executor-4] INFO  client.GrpcClientProtocolClient (GrpcClientProtocolClient.java:onNext(255)) - client-029E50227556->355864cd-7ac5-4934-b366-9756b15dd90f: receive RaftClientReply:client-029E50227556->355864cd-7ac5-4934-b366-9756b15dd90f@group-785BCF25C267, cid=3190, SUCCESS, logIndex=4804, commits[355864cd-7ac5-4934-b366-9756b15dd90f:c4805, ce4aa411-63c8-4399-99eb-27ce352844f3:c4801, 3eeffb0a-787e-48ec-a2f5-d0c540a89489:c4801]
2019-08-21 15:30:03,839 [grpc-default-executor-4] INFO  client.GrpcClientProtocolClient (GrpcClientProtocolClient.java:onNext(255)) - client-029E50227556->355864cd-7ac5-4934-b366-9756b15dd90f: receive RaftClientReply:client-029E50227556->355864cd-7ac5-4934-b366-9756b15dd90f@group-785BCF25C267, cid=3191, SUCCESS, logIndex=4805, commits[355864cd-7ac5-4934-b366-9756b15dd90f:c4805, ce4aa411-63c8-4399-99eb-27ce352844f3:c4801, 3eeffb0a-787e-48ec-a2f5-d0c540a89489:c4801]
2019-08-21 15:30:03,850 | INFO  | DNAudit | user=null | ip=null | op=WRITE_CHUNK {blockData=conID: 1 locID: 102655682395767446 bcsId: 4801} | ret=SUCCESS |  
2019-08-21 15:30:03,850 | INFO  | DNAudit | user=null | ip=null | op=WRITE_CHUNK {blockData=conID: 1 locID: 102655682395767446 bcsId: 4801} | ret=SUCCESS |  
2019-08-21 15:30:03,851 | INFO  | DNAudit | user=null | ip=null | op=PUT_BLOCK {blockData=[blockId=conID: 1 locID: 102655682395767446 bcsId: 0,size=4194304]} | ret=SUCCESS |  
2019-08-21 15:30:03,851 | INFO  | DNAudit | user=null | ip=null | op=PUT_BLOCK {blockData=[blockId=conID: 1 locID: 102655682395767446 bcsId: 0,size=4194304]} | ret=SUCCESS |  
2019-08-21 15:30:03,852 [grpc-default-executor-4] INFO  client.GrpcClientProtocolClient (GrpcClientProtocolClient.java:onNext(255)) - client-029E50227556->355864cd-7ac5-4934-b366-9756b15dd90f: receive RaftClientReply:client-029E50227556->355864cd-7ac5-4934-b366-9756b15dd90f@group-785BCF25C267, cid=3192, SUCCESS, logIndex=0, commits[355864cd-7ac5-4934-b366-9756b15dd90f:c4807, ce4aa411-63c8-4399-99eb-27ce352844f3:c4805, 3eeffb0a-787e-48ec-a2f5-d0c540a89489:c4805]
2019-08-21 15:30:03,858 | INFO  | SCMAudit | user=jenkins1000 | ip=192.168.5.153 | op=ALLOCATE_BLOCK {owner=78849ec2-2b05-45d8-8cb5-e95e2230dbd1, size=4194304, type=RATIS, factor=THREE} | ret=SUCCESS |  
2019-08-21 15:30:03,862 | INFO  | OMAudit | user=jenkins1000 | ip=127.0.0.1 | op=ALLOCATE_BLOCK {volume=vol-0-32358, bucket=bucket-0-01949, key=key-0-56547, dataSize=0, replicationType=null, replicationFactor=null, keyLocationInfo=null, clientID=102655680532119954} | ret=SUCCESS |  
2019-08-21 15:30:03,870 | INFO  | DNAudit | user=null | ip=null | op=WRITE_CHUNK {blockData=conID: 2 locID: 102655682403238551 bcsId: 0} | ret=SUCCESS |  
2019-08-21 15:30:03,873 | INFO  | DNAudit | user=null | ip=null | op=WRITE_CHUNK {blockData=conID: 2 locID: 102655682403238551 bcsId: 0} | ret=SUCCESS |  
2019-08-21 15:30:03,873 | INFO  | DNAudit | user=null | ip=null | op=WRITE_CHUNK {blockData=conID: 2 locID: 102655682403238551 bcsId: 0} | ret=SUCCESS |  
2019-08-21 15:30:03,873 | INFO  | DNAudit | user=null | ip=null | op=WRITE_CHUNK {blockData=conID: 2 locID: 102655682403238551 bcsId: 0} | ret=SUCCESS |  
2019-08-21 15:30:03,874 | INFO  | DNAudit | user=null | ip=null | op=WRITE_CHUNK {blockData=conID: 2 locID: 102655682403238551 bcsId: 0} | ret=SUCCESS |  
2019-08-21 15:30:03,876 | INFO  | DNAudit | user=null | ip=null | op=WRITE_CHUNK {blockData=conID: 2 locID: 102655682403238551 bcsId: 0} | ret=SUCCESS |  
2019-08-21 15:30:03,883 | INFO  | DNAudit | user=null | ip=null | op=WRITE_CHUNK {blockData=conID: 2 locID: 102655682403238551 bcsId: 0} | ret=SUCCESS |  
2019-08-21 15:30:03,883 | INFO  | DNAudit | user=null | ip=null | op=PUT_BLOCK {blockData=[blockId=conID: 2 locID: 102655682403238551 bcsId: 0,size=1048576]} | ret=SUCCESS |  
2019-08-21 15:30:03,883 | INFO  | DNAudit | user=null | ip=null | op=WRITE_CHUNK {blockData=conID: 2 locID: 102655682403238551 bcsId: 0} | ret=SUCCESS |  
2019-08-21 15:30:03,883 [grpc-default-executor-0] INFO  client.GrpcClientProtocolClient (GrpcClientProtocolClient.java:onNext(255)) - client-029E50227556->355864cd-7ac5-4934-b366-9756b15dd90f: receive RaftClientReply:client-029E50227556->355864cd-7ac5-4934-b366-9756b15dd90f@group-785BCF25C267, cid=3193, SUCCESS, logIndex=4808, commits[355864cd-7ac5-4934-b366-9756b15dd90f:c4809, ce4aa411-63c8-4399-99eb-27ce352844f3:c4807, 3eeffb0a-787e-48ec-a2f5-d0c540a89489:c4807]
2019-08-21 15:30:03,884 | INFO  | DNAudit | user=null | ip=null | op=PUT_BLOCK {blockData=[blockId=conID: 2 locID: 102655682403238551 bcsId: 0,size=2097152]} | ret=SUCCESS |  
2019-08-21 15:30:03,884 [grpc-default-executor-0] INFO  client.GrpcClientProtocolClient (GrpcClientProtocolClient.java:onNext(255)) - client-029E50227556->355864cd-7ac5-4934-b366-9756b15dd90f: receive RaftClientReply:client-029E50227556->355864cd-7ac5-4934-b366-9756b15dd90f@group-785BCF25C267, cid=3194, SUCCESS, logIndex=4809, commits[355864cd-7ac5-4934-b366-9756b15dd90f:c4811, ce4aa411-63c8-4399-99eb-27ce352844f3:c4807, 3eeffb0a-787e-48ec-a2f5-d0c540a89489:c4807]
2019-08-21 15:30:03,884 [grpc-default-executor-0] INFO  client.GrpcClientProtocolClient (GrpcClientProtocolClient.java:onNext(255)) - client-029E50227556->355864cd-7ac5-4934-b366-9756b15dd90f: receive RaftClientReply:client-029E50227556->355864cd-7ac5-4934-b366-9756b15dd90f@group-785BCF25C267, cid=3195, SUCCESS, logIndex=4810, commits[355864cd-7ac5-4934-b366-9756b15dd90f:c4811, ce4aa411-63c8-4399-99eb-27ce352844f3:c4807, 3eeffb0a-787e-48ec-a2f5-d0c540a89489:c4807]
2019-08-21 15:30:03,884 [grpc-default-executor-0] INFO  client.GrpcClientProtocolClient (GrpcClientProtocolClient.java:onNext(255)) - client-029E50227556->355864cd-7ac5-4934-b366-9756b15dd90f: receive RaftClientReply:client-029E50227556->355864cd-7ac5-4934-b366-9756b15dd90f@group-785BCF25C267, cid=3196, SUCCESS, logIndex=4811, commits[355864cd-7ac5-4934-b366-9756b15dd90f:c4811, ce4aa411-63c8-4399-99eb-27ce352844f3:c4807, 3eeffb0a-787e-48ec-a2f5-d0c540a89489:c4807]
2019-08-21 15:30:03,886 | INFO  | DNAudit | user=null | ip=null | op=WRITE_CHUNK {blockData=conID: 2 locID: 102655682403238551 bcsId: 0} | ret=SUCCESS |  
2019-08-21 15:30:03,898 | INFO  | DNAudit | user=null | ip=null | op=WRITE_CHUNK {blockData=conID: 2 locID: 102655682403238551 bcsId: 0} | ret=SUCCESS |  
2019-08-21 15:30:03,898 | INFO  | DNAudit | user=null | ip=null | op=PUT_BLOCK {blockData=[blockId=conID: 2 locID: 102655682403238551 bcsId: 0,size=1048576]} | ret=SUCCESS |  
2019-08-21 15:30:03,898 | INFO  | DNAudit | user=null | ip=null | op=PUT_BLOCK {blockData=[blockId=conID: 2 locID: 102655682403238551 bcsId: 0,size=1048576]} | ret=SUCCESS |  
2019-08-21 15:30:03,899 | INFO  | DNAudit | user=null | ip=null | op=WRITE_CHUNK {blockData=conID: 2 locID: 102655682403238551 bcsId: 0} | ret=SUCCESS |  
2019-08-21 15:30:03,899 | INFO  | DNAudit | user=null | ip=null | op=WRITE_CHUNK {blockData=conID: 2 locID: 102655682403238551 bcsId: 0} | ret=SUCCESS |  
2019-08-21 15:30:03,899 | INFO  | DNAudit | user=null | ip=null | op=PUT_BLOCK {blockData=[blockId=conID: 2 locID: 102655682403238551 bcsId: 0,size=2097152]} | ret=SUCCESS |  
2019-08-21 15:30:03,899 | INFO  | DNAudit | user=null | ip=null | op=PUT_BLOCK {blockData=[blockId=conID: 2 locID: 102655682403238551 bcsId: 0,size=2097152]} | ret=SUCCESS |  
2019-08-21 15:30:03,899 [grpc-default-executor-3] INFO  client.GrpcClientProtocolClient (GrpcClientProtocolClient.java:onNext(255)) - client-029E50227556->355864cd-7ac5-4934-b366-9756b15dd90f: receive RaftClientReply:client-029E50227556->355864cd-7ac5-4934-b366-9756b15dd90f@group-785BCF25C267, cid=3197, SUCCESS, logIndex=0, commits[355864cd-7ac5-4934-b366-9756b15dd90f:c4813, ce4aa411-63c8-4399-99eb-27ce352844f3:c4809, 3eeffb0a-787e-48ec-a2f5-d0c540a89489:c4809]
2019-08-21 15:30:03,906 | INFO  | DNAudit | user=null | ip=null | op=WRITE_CHUNK {blockData=conID: 2 locID: 102655682403238551 bcsId: 4811} | ret=SUCCESS |  
2019-08-21 15:30:03,908 | INFO  | DNAudit | user=null | ip=null | op=WRITE_CHUNK {blockData=conID: 2 locID: 102655682403238551 bcsId: 4811} | ret=SUCCESS |  
2019-08-21 15:30:03,909 | INFO  | DNAudit | user=null | ip=null | op=WRITE_CHUNK {blockData=conID: 2 locID: 102655682403238551 bcsId: 4811} | ret=SUCCESS |  
2019-08-21 15:30:03,918 | INFO  | DNAudit | user=null | ip=null | op=WRITE_CHUNK {blockData=conID: 2 locID: 102655682403238551 bcsId: 4811} | ret=SUCCESS |  
2019-08-21 15:30:03,919 | INFO  | DNAudit | user=null | ip=null | op=PUT_BLOCK {blockData=[blockId=conID: 2 locID: 102655682403238551 bcsId: 0,size=3145728]} | ret=SUCCESS |  
2019-08-21 15:30:03,919 [grpc-default-executor-5] INFO  client.GrpcClientProtocolClient (GrpcClientProtocolClient.java:onNext(255)) - client-029E50227556->355864cd-7ac5-4934-b366-9756b15dd90f: receive RaftClientReply:client-029E50227556->355864cd-7ac5-4934-b366-9756b15dd90f@group-785BCF25C267, cid=3198, SUCCESS, logIndex=4816, commits[355864cd-7ac5-4934-b366-9756b15dd90f:c4817, ce4aa411-63c8-4399-99eb-27ce352844f3:c4815, 3eeffb0a-787e-48ec-a2f5-d0c540a89489:c4815]
2019-08-21 15:30:03,919 [grpc-default-executor-5] INFO  client.GrpcClientProtocolClient (GrpcClientProtocolClient.java:onNext(255)) - client-029E50227556->355864cd-7ac5-4934-b366-9756b15dd90f: receive RaftClientReply:client-029E50227556->355864cd-7ac5-4934-b366-9756b15dd90f@group-785BCF25C267, cid=3199, SUCCESS, logIndex=4817, commits[355864cd-7ac5-4934-b366-9756b15dd90f:c4817, ce4aa411-63c8-4399-99eb-27ce352844f3:c4815, 3eeffb0a-787e-48ec-a2f5-d0c540a89489:c4815]
2019-08-21 15:30:03,926 | INFO  | DNAudit | user=null | ip=null | op=WRITE_CHUNK {blockData=conID: 2 locID: 102655682403238551 bcsId: 4817} | ret=SUCCESS |  
2019-08-21 15:30:03,928 | INFO  | DNAudit | user=null | ip=null | op=WRITE_CHUNK {blockData=conID: 2 locID: 102655682403238551 bcsId: 4817} | ret=SUCCESS |  
2019-08-21 15:30:03,928 | INFO  | DNAudit | user=null | ip=null | op=WRITE_CHUNK {blockData=conID: 2 locID: 102655682403238551 bcsId: 4817} | ret=SUCCESS |  
2019-08-21 15:30:03,931 | INFO  | DNAudit | user=null | ip=null | op=WRITE_CHUNK {blockData=conID: 2 locID: 102655682403238551 bcsId: 4811} | ret=SUCCESS |  
2019-08-21 15:30:03,931 | INFO  | DNAudit | user=null | ip=null | op=WRITE_CHUNK {blockData=conID: 2 locID: 102655682403238551 bcsId: 4811} | ret=SUCCESS |  
2019-08-21 15:30:03,944 | INFO  | DNAudit | user=null | ip=null | op=PUT_BLOCK {blockData=[blockId=conID: 2 locID: 102655682403238551 bcsId: 0,size=3145728]} | ret=SUCCESS |  
2019-08-21 15:30:03,945 | INFO  | DNAudit | user=null | ip=null | op=PUT_BLOCK {blockData=[blockId=conID: 2 locID: 102655682403238551 bcsId: 0,size=3145728]} | ret=SUCCESS |  
2019-08-21 15:30:03,945 | INFO  | DNAudit | user=null | ip=null | op=WRITE_CHUNK {blockData=conID: 2 locID: 102655682403238551 bcsId: 4817} | ret=SUCCESS |  
2019-08-21 15:30:03,945 | INFO  | DNAudit | user=null | ip=null | op=PUT_BLOCK {blockData=[blockId=conID: 2 locID: 102655682403238551 bcsId: 0,size=4194304]} | ret=SUCCESS |  
2019-08-21 15:30:03,945 [grpc-default-executor-0] INFO  client.GrpcClientProtocolClient (GrpcClientProtocolClient.java:onNext(255)) - client-029E50227556->355864cd-7ac5-4934-b366-9756b15dd90f: receive RaftClientReply:client-029E50227556->355864cd-7ac5-4934-b366-9756b15dd90f@group-785BCF25C267, cid=3200, SUCCESS, logIndex=4820, commits[355864cd-7ac5-4934-b366-9756b15dd90f:c4821, ce4aa411-63c8-4399-99eb-27ce352844f3:c4817, 3eeffb0a-787e-48ec-a2f5-d0c540a89489:c4817]
2019-08-21 15:30:03,946 [grpc-default-executor-0] INFO  client.GrpcClientProtocolClient (GrpcClientProtocolClient.java:onNext(255)) - client-029E50227556->355864cd-7ac5-4934-b366-9756b15dd90f: receive RaftClientReply:client-029E50227556->355864cd-7ac5-4934-b366-9756b15dd90f@group-785BCF25C267, cid=3201, SUCCESS, logIndex=4821, commits[355864cd-7ac5-4934-b366-9756b15dd90f:c4821, ce4aa411-63c8-4399-99eb-27ce352844f3:c4817, 3eeffb0a-787e-48ec-a2f5-d0c540a89489:c4817]
2019-08-21 15:30:03,958 | INFO  | DNAudit | user=null | ip=null | op=WRITE_CHUNK {blockData=conID: 2 locID: 102655682403238551 bcsId: 4817} | ret=SUCCESS |  
2019-08-21 15:30:03,958 | INFO  | DNAudit | user=null | ip=null | op=WRITE_CHUNK {blockData=conID: 2 locID: 102655682403238551 bcsId: 4817} | ret=SUCCESS |  
2019-08-21 15:30:03,969 | INFO  | DNAudit | user=null | ip=null | op=PUT_BLOCK {blockData=[blockId=conID: 2 locID: 102655682403238551 bcsId: 0,size=4194304]} | ret=SUCCESS |  
2019-08-21 15:30:03,969 | INFO  | DNAudit | user=null | ip=null | op=PUT_BLOCK {blockData=[blockId=conID: 2 locID: 102655682403238551 bcsId: 0,size=4194304]} | ret=SUCCESS |  
2019-08-21 15:30:03,970 [grpc-default-executor-0] INFO  client.GrpcClientProtocolClient (GrpcClientProtocolClient.java:onNext(255)) - client-029E50227556->355864cd-7ac5-4934-b366-9756b15dd90f: receive RaftClientReply:client-029E50227556->355864cd-7ac5-4934-b366-9756b15dd90f@group-785BCF25C267, cid=3202, SUCCESS, logIndex=0, commits[355864cd-7ac5-4934-b366-9756b15dd90f:c4823, ce4aa411-63c8-4399-99eb-27ce352844f3:c4821, 3eeffb0a-787e-48ec-a2f5-d0c540a89489:c4821]
2019-08-21 15:30:03,977 | INFO  | SCMAudit | user=jenkins1000 | ip=192.168.5.153 | op=ALLOCATE_BLOCK {owner=78849ec2-2b05-45d8-8cb5-e95e2230dbd1, size=4194304, type=RATIS, factor=THREE} | ret=SUCCESS |  
2019-08-21 15:30:03,982 | INFO  | OMAudit | user=jenkins1000 | ip=127.0.0.1 | op=ALLOCATE_BLOCK {volume=vol-0-32358, bucket=bucket-0-01949, key=key-0-56547, dataSize=0, replicationType=null, replicationFactor=null, keyLocationInfo=null, clientID=102655680532119954} | ret=SUCCESS |  
2019-08-21 15:30:03,991 | INFO  | DNAudit | user=null | ip=null | op=WRITE_CHUNK {blockData=conID: 3 locID: 102655682411037336 bcsId: 0} | ret=SUCCESS |  
2019-08-21 15:30:03,994 | INFO  | DNAudit | user=null | ip=null | op=WRITE_CHUNK {blockData=conID: 3 locID: 102655682411037336 bcsId: 0} | ret=SUCCESS |  
2019-08-21 15:30:03,995 | INFO  | DNAudit | user=null | ip=null | op=WRITE_CHUNK {blockData=conID: 3 locID: 102655682411037336 bcsId: 0} | ret=SUCCESS |  
2019-08-21 15:30:03,995 | INFO  | DNAudit | user=null | ip=null | op=WRITE_CHUNK {blockData=conID: 3 locID: 102655682411037336 bcsId: 0} | ret=SUCCESS |  
2019-08-21 15:30:03,998 | INFO  | DNAudit | user=null | ip=null | op=WRITE_CHUNK {blockData=conID: 3 locID: 102655682411037336 bcsId: 0} | ret=SUCCESS |  
2019-08-21 15:30:03,998 | INFO  | DNAudit | user=null | ip=null | op=WRITE_CHUNK {blockData=conID: 3 locID: 102655682411037336 bcsId: 0} | ret=SUCCESS |  
2019-08-21 15:30:04,004 | INFO  | DNAudit | user=null | ip=null | op=WRITE_CHUNK {blockData=conID: 3 locID: 102655682411037336 bcsId: 0} | ret=SUCCESS |  
2019-08-21 15:30:04,005 | INFO  | DNAudit | user=null | ip=null | op=PUT_BLOCK {blockData=[blockId=conID: 3 locID: 102655682411037336 bcsId: 0,size=1048576]} | ret=SUCCESS |  
2019-08-21 15:30:04,005 [grpc-default-executor-0] INFO  client.GrpcClientProtocolClient (GrpcClientProtocolClient.java:onNext(255)) - client-029E50227556->355864cd-7ac5-4934-b366-9756b15dd90f: receive RaftClientReply:client-029E50227556->355864cd-7ac5-4934-b366-9756b15dd90f@group-785BCF25C267, cid=3203, SUCCESS, logIndex=4824, commits[355864cd-7ac5-4934-b366-9756b15dd90f:c4825, ce4aa411-63c8-4399-99eb-27ce352844f3:c4823, 3eeffb0a-787e-48ec-a2f5-d0c540a89489:c4823]
2019-08-21 15:30:04,005 | INFO  | DNAudit | user=null | ip=null | op=WRITE_CHUNK {blockData=conID: 3 locID: 102655682411037336 bcsId: 0} | ret=SUCCESS |  
2019-08-21 15:30:04,005 [grpc-default-executor-5] INFO  client.GrpcClientProtocolClient (GrpcClientProtocolClient.java:onNext(255)) - client-029E50227556->355864cd-7ac5-4934-b366-9756b15dd90f: receive RaftClientReply:client-029E50227556->355864cd-7ac5-4934-b366-9756b15dd90f@group-785BCF25C267, cid=3204, SUCCESS, logIndex=4825, commits[355864cd-7ac5-4934-b366-9756b15dd90f:c4825, ce4aa411-63c8-4399-99eb-27ce352844f3:c4823, 3eeffb0a-787e-48ec-a2f5-d0c540a89489:c4823]
2019-08-21 15:30:04,006 | INFO  | DNAudit | user=null | ip=null | op=PUT_BLOCK {blockData=[blockId=conID: 3 locID: 102655682411037336 bcsId: 0,size=2097152]} | ret=SUCCESS |  
2019-08-21 15:30:04,006 [grpc-default-executor-5] INFO  client.GrpcClientProtocolClient (GrpcClientProtocolClient.java:onNext(255)) - client-029E50227556->355864cd-7ac5-4934-b366-9756b15dd90f: receive RaftClientReply:client-029E50227556->355864cd-7ac5-4934-b366-9756b15dd90f@group-785BCF25C267, cid=3205, SUCCESS, logIndex=4826, commits[355864cd-7ac5-4934-b366-9756b15dd90f:c4827, ce4aa411-63c8-4399-99eb-27ce352844f3:c4823, 3eeffb0a-787e-48ec-a2f5-d0c540a89489:c4823]
2019-08-21 15:30:04,006 [grpc-default-executor-5] INFO  client.GrpcClientProtocolClient (GrpcClientProtocolClient.java:onNext(255)) - client-029E50227556->355864cd-7ac5-4934-b366-9756b15dd90f: receive RaftClientReply:client-029E50227556->355864cd-7ac5-4934-b366-9756b15dd90f@group-785BCF25C267, cid=3206, SUCCESS, logIndex=4827, commits[355864cd-7ac5-4934-b366-9756b15dd90f:c4827, ce4aa411-63c8-4399-99eb-27ce352844f3:c4823, 3eeffb0a-787e-48ec-a2f5-d0c540a89489:c4823]
2019-08-21 15:30:04,025 | INFO  | DNAudit | user=null | ip=null | op=WRITE_CHUNK {blockData=conID: 3 locID: 102655682411037336 bcsId: 0} | ret=SUCCESS |  
2019-08-21 15:30:04,026 | INFO  | DNAudit | user=null | ip=null | op=PUT_BLOCK {blockData=[blockId=conID: 3 locID: 102655682411037336 bcsId: 0,size=1048576]} | ret=SUCCESS |  
2019-08-21 15:30:04,027 | INFO  | DNAudit | user=null | ip=null | op=WRITE_CHUNK {blockData=conID: 3 locID: 102655682411037336 bcsId: 0} | ret=SUCCESS |  
2019-08-21 15:30:04,027 | INFO  | DNAudit | user=null | ip=null | op=PUT_BLOCK {blockData=[blockId=conID: 3 locID: 102655682411037336 bcsId: 0,size=1048576]} | ret=SUCCESS |  
2019-08-21 15:30:04,028 | INFO  | DNAudit | user=null | ip=null | op=WRITE_CHUNK {blockData=conID: 3 locID: 102655682411037336 bcsId: 0} | ret=SUCCESS |  
2019-08-21 15:30:04,028 | INFO  | DNAudit | user=null | ip=null | op=PUT_BLOCK {blockData=[blockId=conID: 3 locID: 102655682411037336 bcsId: 0,size=2097152]} | ret=SUCCESS |  
2019-08-21 15:30:04,028 [grpc-default-executor-5] INFO  client.GrpcClientProtocolClient (GrpcClientProtocolClient.java:onNext(255)) - client-029E50227556->355864cd-7ac5-4934-b366-9756b15dd90f: receive RaftClientReply:client-029E50227556->355864cd-7ac5-4934-b366-9756b15dd90f@group-785BCF25C267, cid=3207, SUCCESS, logIndex=0, commits[355864cd-7ac5-4934-b366-9756b15dd90f:c4829, ce4aa411-63c8-4399-99eb-27ce352844f3:c4825, 3eeffb0a-787e-48ec-a2f5-d0c540a89489:c4825]
2019-08-21 15:30:04,035 | INFO  | DNAudit | user=null | ip=null | op=WRITE_CHUNK {blockData=conID: 3 locID: 102655682411037336 bcsId: 4827} | ret=SUCCESS |  
2019-08-21 15:30:04,037 | INFO  | DNAudit | user=null | ip=null | op=WRITE_CHUNK {blockData=conID: 3 locID: 102655682411037336 bcsId: 0} | ret=SUCCESS |  
2019-08-21 15:30:04,037 | INFO  | DNAudit | user=null | ip=null | op=PUT_BLOCK {blockData=[blockId=conID: 3 locID: 102655682411037336 bcsId: 0,size=2097152]} | ret=SUCCESS |  
2019-08-21 15:30:04,038 | INFO  | DNAudit | user=null | ip=null | op=WRITE_CHUNK {blockData=conID: 3 locID: 102655682411037336 bcsId: 4827} | ret=SUCCESS |  
2019-08-21 15:30:04,038 | INFO  | DNAudit | user=null | ip=null | op=WRITE_CHUNK {blockData=conID: 3 locID: 102655682411037336 bcsId: 4827} | ret=SUCCESS |  
2019-08-21 15:30:04,048 | INFO  | DNAudit | user=null | ip=null | op=WRITE_CHUNK {blockData=conID: 3 locID: 102655682411037336 bcsId: 4827} | ret=SUCCESS |  
2019-08-21 15:30:04,049 | INFO  | DNAudit | user=null | ip=null | op=PUT_BLOCK {blockData=[blockId=conID: 3 locID: 102655682411037336 bcsId: 0,size=3145728]} | ret=SUCCESS |  
2019-08-21 15:30:04,049 [grpc-default-executor-3] INFO  client.GrpcClientProtocolClient (GrpcClientProtocolClient.java:onNext(255)) - client-029E50227556->355864cd-7ac5-4934-b366-9756b15dd90f: receive RaftClientReply:client-029E50227556->355864cd-7ac5-4934-b366-9756b15dd90f@group-785BCF25C267, cid=3208, SUCCESS, logIndex=4832, commits[355864cd-7ac5-4934-b366-9756b15dd90f:c4833, ce4aa411-63c8-4399-99eb-27ce352844f3:c4831, 3eeffb0a-787e-48ec-a2f5-d0c540a89489:c4827]
2019-08-21 15:30:04,049 [grpc-default-executor-3] INFO  client.GrpcClientProtocolClient (GrpcClientProtocolClient.java:onNext(255)) - client-029E50227556->355864cd-7ac5-4934-b366-9756b15dd90f: receive RaftClientReply:client-029E50227556->355864cd-7ac5-4934-b366-9756b15dd90f@group-785BCF25C267, cid=3209, SUCCESS, logIndex=4833, commits[355864cd-7ac5-4934-b366-9756b15dd90f:c4833, ce4aa411-63c8-4399-99eb-27ce352844f3:c4831, 3eeffb0a-787e-48ec-a2f5-d0c540a89489:c4831]
2019-08-21 15:30:04,051 | INFO  | DNAudit | user=null | ip=null | op=WRITE_CHUNK {blockData=conID: 3 locID: 102655682411037336 bcsId: 4827} | ret=SUCCESS |  
2019-08-21 15:30:04,051 | INFO  | DNAudit | user=null | ip=null | op=WRITE_CHUNK {blockData=conID: 3 locID: 102655682411037336 bcsId: 4827} | ret=SUCCESS |  
2019-08-21 15:30:04,053 | INFO  | DNAudit | user=null | ip=null | op=PUT_BLOCK {blockData=[blockId=conID: 3 locID: 102655682411037336 bcsId: 0,size=3145728]} | ret=SUCCESS |  
2019-08-21 15:30:04,053 | INFO  | DNAudit | user=null | ip=null | op=PUT_BLOCK {blockData=[blockId=conID: 3 locID: 102655682411037336 bcsId: 0,size=3145728]} | ret=SUCCESS |  
 0.00% |█                                                                                                    |  0/1 Time: 0:00:282019-08-21 15:30:04,193 | INFO  | SCMAudit | user=jenkins1000 | ip=192.168.5.153 | op=SEND_HEARTBEAT {datanodeUUID=a0074e04-2715-4b16-a2b0-10b5043d27ae, command=[]} | ret=SUCCESS |  
2019-08-21 15:30:04,193 | INFO  | SCMAudit | user=jenkins1000 | ip=192.168.5.153 | op=SEND_HEARTBEAT {datanodeUUID=a38cd7e0-d792-481c-a4c0-f4feaa89ec8f, command=[]} | ret=SUCCESS |  
2019-08-21 15:30:04,193 | INFO  | SCMAudit | user=jenkins1000 | ip=192.168.5.153 | op=SEND_HEARTBEAT {datanodeUUID=355864cd-7ac5-4934-b366-9756b15dd90f, command=[]} | ret=SUCCESS |  
2019-08-21 15:30:04,193 | INFO  | DNAudit | user=null | ip=null | op=WRITE_CHUNK {blockData=conID: 3 locID: 102655682411037336 bcsId: 4833} | ret=SUCCESS |  
2019-08-21 15:30:04,194 | INFO  | SCMAudit | user=jenkins1000 | ip=192.168.5.153 | op=SEND_HEARTBEAT {datanodeUUID=3eeffb0a-787e-48ec-a2f5-d0c540a89489, command=[]} | ret=SUCCESS |  
2019-08-21 15:30:04,194 | INFO  | SCMAudit | user=jenkins1000 | ip=192.168.5.153 | op=SEND_HEARTBEAT {datanodeUUID=ce4aa411-63c8-4399-99eb-27ce352844f3, command=[]} | ret=SUCCESS |  
2019-08-21 15:30:04,195 | INFO  | DNAudit | user=null | ip=null | op=WRITE_CHUNK {blockData=conID: 3 locID: 102655682411037336 bcsId: 4833} | ret=SUCCESS |  
2019-08-21 15:30:04,196 | INFO  | DNAudit | user=null | ip=null | op=WRITE_CHUNK {blockData=conID: 3 locID: 102655682411037336 bcsId: 4833} | ret=SUCCESS |  
2019-08-21 15:30:04,206 | INFO  | DNAudit | user=null | ip=null | op=WRITE_CHUNK {blockData=conID: 3 locID: 102655682411037336 bcsId: 4833} | ret=SUCCESS |  
2019-08-21 15:30:04,207 | INFO  | DNAudit | user=null | ip=null | op=PUT_BLOCK {blockData=[blockId=conID: 3 locID: 102655682411037336 bcsId: 0,size=4194304]} | ret=SUCCESS |  
2019-08-21 15:30:04,207 [grpc-default-executor-0] INFO  client.GrpcClientProtocolClient (GrpcClientProtocolClient.java:onNext(255)) - client-029E50227556->355864cd-7ac5-4934-b366-9756b15dd90f: receive RaftClientReply:client-029E50227556->355864cd-7ac5-4934-b366-9756b15dd90f@group-785BCF25C267, cid=3210, SUCCESS, logIndex=4836, commits[355864cd-7ac5-4934-b366-9756b15dd90f:c4837, ce4aa411-63c8-4399-99eb-27ce352844f3:c4835, 3eeffb0a-787e-48ec-a2f5-d0c540a89489:c4835]
2019-08-21 15:30:04,207 [grpc-default-executor-0] INFO  client.GrpcClientProtocolClient (GrpcClientProtocolClient.java:onNext(255)) - client-029E50227556->355864cd-7ac5-4934-b366-9756b15dd90f: receive RaftClientReply:client-029E50227556->355864cd-7ac5-4934-b366-9756b15dd90f@group-785BCF25C267, cid=3211, SUCCESS, logIndex=4837, commits[355864cd-7ac5-4934-b366-9756b15dd90f:c4837, ce4aa411-63c8-4399-99eb-27ce352844f3:c4835, 3eeffb0a-787e-48ec-a2f5-d0c540a89489:c4835]
2019-08-21 15:30:04,217 | INFO  | DNAudit | user=null | ip=null | op=WRITE_CHUNK {blockData=conID: 3 locID: 102655682411037336 bcsId: 4833} | ret=SUCCESS |  
2019-08-21 15:30:04,218 | INFO  | DNAudit | user=null | ip=null | op=WRITE_CHUNK {blockData=conID: 3 locID: 102655682411037336 bcsId: 4833} | ret=SUCCESS |  
2019-08-21 15:30:04,219 | INFO  | DNAudit | user=null | ip=null | op=PUT_BLOCK {blockData=[blockId=conID: 3 locID: 102655682411037336 bcsId: 0,size=4194304]} | ret=SUCCESS |  
2019-08-21 15:30:04,219 | INFO  | DNAudit | user=null | ip=null | op=PUT_BLOCK {blockData=[blockId=conID: 3 locID: 102655682411037336 bcsId: 0,size=4194304]} | ret=SUCCESS |  
2019-08-21 15:30:04,219 [grpc-default-executor-5] INFO  client.GrpcClientProtocolClient (GrpcClientProtocolClient.java:onNext(255)) - client-029E50227556->355864cd-7ac5-4934-b366-9756b15dd90f: receive RaftClientReply:client-029E50227556->355864cd-7ac5-4934-b366-9756b15dd90f@group-785BCF25C267, cid=3212, SUCCESS, logIndex=0, commits[355864cd-7ac5-4934-b366-9756b15dd90f:c4839, ce4aa411-63c8-4399-99eb-27ce352844f3:c4837, 3eeffb0a-787e-48ec-a2f5-d0c540a89489:c4837]
2019-08-21 15:30:04,227 | INFO  | SCMAudit | user=jenkins1000 | ip=192.168.5.153 | op=ALLOCATE_BLOCK {owner=78849ec2-2b05-45d8-8cb5-e95e2230dbd1, size=4194304, type=RATIS, factor=THREE} | ret=SUCCESS |  
2019-08-21 15:30:04,232 | INFO  | OMAudit | user=jenkins1000 | ip=127.0.0.1 | op=ALLOCATE_BLOCK {volume=vol-0-32358, bucket=bucket-0-01949, key=key-0-56547, dataSize=0, replicationType=null, replicationFactor=null, keyLocationInfo=null, clientID=102655680532119954} | ret=SUCCESS |  
2019-08-21 15:30:04,238 | INFO  | DNAudit | user=null | ip=null | op=WRITE_CHUNK {blockData=conID: 1 locID: 102655682427421337 bcsId: 0} | ret=SUCCESS |  
2019-08-21 15:30:04,240 | INFO  | DNAudit | user=null | ip=null | op=WRITE_CHUNK {blockData=conID: 1 locID: 102655682427421337 bcsId: 0} | ret=SUCCESS |  
2019-08-21 15:30:04,241 | INFO  | DNAudit | user=null | ip=null | op=WRITE_CHUNK {blockData=conID: 1 locID: 102655682427421337 bcsId: 0} | ret=SUCCESS |  
2019-08-21 15:30:04,241 | INFO  | DNAudit | user=null | ip=null | op=WRITE_CHUNK {blockData=conID: 1 locID: 102655682427421337 bcsId: 0} | ret=SUCCESS |  
2019-08-21 15:30:04,243 | INFO  | DNAudit | user=null | ip=null | op=WRITE_CHUNK {blockData=conID: 1 locID: 102655682427421337 bcsId: 0} | ret=SUCCESS |  
2019-08-21 15:30:04,243 | INFO  | DNAudit | user=null | ip=null | op=WRITE_CHUNK {blockData=conID: 1 locID: 102655682427421337 bcsId: 0} | ret=SUCCESS |  
2019-08-21 15:30:04,252 | INFO  | DNAudit | user=null | ip=null | op=WRITE_CHUNK {blockData=conID: 1 locID: 102655682427421337 bcsId: 0} | ret=SUCCESS |  
2019-08-21 15:30:04,252 | INFO  | DNAudit | user=null | ip=null | op=PUT_BLOCK {blockData=[blockId=conID: 1 locID: 102655682427421337 bcsId: 0,size=1048576]} | ret=SUCCESS |  
2019-08-21 15:30:04,253 [grpc-default-executor-3] INFO  client.GrpcClientProtocolClient (GrpcClientProtocolClient.java:onNext(255)) - client-029E50227556->355864cd-7ac5-4934-b366-9756b15dd90f: receive RaftClientReply:client-029E50227556->355864cd-7ac5-4934-b366-9756b15dd90f@group-785BCF25C267, cid=3213, SUCCESS, logIndex=4840, commits[355864cd-7ac5-4934-b366-9756b15dd90f:c4841, ce4aa411-63c8-4399-99eb-27ce352844f3:c4839, 3eeffb0a-787e-48ec-a2f5-d0c540a89489:c4839]
2019-08-21 15:30:04,253 [grpc-default-executor-3] INFO  client.GrpcClientProtocolClient (GrpcClientProtocolClient.java:onNext(255)) - client-029E50227556->355864cd-7ac5-4934-b366-9756b15dd90f: receive RaftClientReply:client-029E50227556->355864cd-7ac5-4934-b366-9756b15dd90f@group-785BCF25C267, cid=3214, SUCCESS, logIndex=4841, commits[355864cd-7ac5-4934-b366-9756b15dd90f:c4841, ce4aa411-63c8-4399-99eb-27ce352844f3:c4839, 3eeffb0a-787e-48ec-a2f5-d0c540a89489:c4839]
2019-08-21 15:30:04,262 | INFO  | DNAudit | user=null | ip=null | op=WRITE_CHUNK {blockData=conID: 1 locID: 102655682427421337 bcsId: 0} | ret=SUCCESS |  
2019-08-21 15:30:04,262 | INFO  | DNAudit | user=null | ip=null | op=PUT_BLOCK {blockData=[blockId=conID: 1 locID: 102655682427421337 bcsId: 0,size=2097152]} | ret=SUCCESS |  
2019-08-21 15:30:04,262 [grpc-default-executor-3] INFO  client.GrpcClientProtocolClient (GrpcClientProtocolClient.java:onNext(255)) - client-029E50227556->355864cd-7ac5-4934-b366-9756b15dd90f: receive RaftClientReply:client-029E50227556->355864cd-7ac5-4934-b366-9756b15dd90f@group-785BCF25C267, cid=3215, SUCCESS, logIndex=4842, commits[355864cd-7ac5-4934-b366-9756b15dd90f:c4843, ce4aa411-63c8-4399-99eb-27ce352844f3:c4839, 3eeffb0a-787e-48ec-a2f5-d0c540a89489:c4839]
2019-08-21 15:30:04,263 [grpc-default-executor-3] INFO  client.GrpcClientProtocolClient (GrpcClientProtocolClient.java:onNext(255)) - client-029E50227556->355864cd-7ac5-4934-b366-9756b15dd90f: receive RaftClientReply:client-029E50227556->355864cd-7ac5-4934-b366-9756b15dd90f@group-785BCF25C267, cid=3216, SUCCESS, logIndex=4843, commits[355864cd-7ac5-4934-b366-9756b15dd90f:c4843, ce4aa411-63c8-4399-99eb-27ce352844f3:c4839, 3eeffb0a-787e-48ec-a2f5-d0c540a89489:c4839]
2019-08-21 15:30:04,265 | INFO  | DNAudit | user=null | ip=null | op=WRITE_CHUNK {blockData=conID: 1 locID: 102655682427421337 bcsId: 0} | ret=SUCCESS |  
2019-08-21 15:30:04,277 | INFO  | DNAudit | user=null | ip=null | op=WRITE_CHUNK {blockData=conID: 1 locID: 102655682427421337 bcsId: 0} | ret=SUCCESS |  
2019-08-21 15:30:04,277 | INFO  | DNAudit | user=null | ip=null | op=PUT_BLOCK {blockData=[blockId=conID: 1 locID: 102655682427421337 bcsId: 0,size=1048576]} | ret=SUCCESS |  
2019-08-21 15:30:04,277 | INFO  | DNAudit | user=null | ip=null | op=PUT_BLOCK {blockData=[blockId=conID: 1 locID: 102655682427421337 bcsId: 0,size=1048576]} | ret=SUCCESS |  
2019-08-21 15:30:04,278 | INFO  | DNAudit | user=null | ip=null | op=WRITE_CHUNK {blockData=conID: 1 locID: 102655682427421337 bcsId: 0} | ret=SUCCESS |  
2019-08-21 15:30:04,278 | INFO  | DNAudit | user=null | ip=null | op=WRITE_CHUNK {blockData=conID: 1 locID: 102655682427421337 bcsId: 0} | ret=SUCCESS |  
2019-08-21 15:30:04,278 | INFO  | DNAudit | user=null | ip=null | op=PUT_BLOCK {blockData=[blockId=conID: 1 locID: 102655682427421337 bcsId: 0,size=2097152]} | ret=SUCCESS |  
2019-08-21 15:30:04,278 [grpc-default-executor-3] INFO  client.GrpcClientProtocolClient (GrpcClientProtocolClient.java:onNext(255)) - client-029E50227556->355864cd-7ac5-4934-b366-9756b15dd90f: receive RaftClientReply:client-029E50227556->355864cd-7ac5-4934-b366-9756b15dd90f@group-785BCF25C267, cid=3217, SUCCESS, logIndex=0, commits[355864cd-7ac5-4934-b366-9756b15dd90f:c4845, ce4aa411-63c8-4399-99eb-27ce352844f3:c4841, 3eeffb0a-787e-48ec-a2f5-d0c540a89489:c4841]
2019-08-21 15:30:04,278 | INFO  | DNAudit | user=null | ip=null | op=PUT_BLOCK {blockData=[blockId=conID: 1 locID: 102655682427421337 bcsId: 0,size=2097152]} | ret=SUCCESS |  
2019-08-21 15:30:04,284 | INFO  | DNAudit | user=null | ip=null | op=WRITE_CHUNK {blockData=conID: 1 locID: 102655682427421337 bcsId: 4843} | ret=SUCCESS |  
2019-08-21 15:30:04,288 | INFO  | DNAudit | user=null | ip=null | op=WRITE_CHUNK {blockData=conID: 1 locID: 102655682427421337 bcsId: 4843} | ret=SUCCESS |  
2019-08-21 15:30:04,288 | INFO  | DNAudit | user=null | ip=null | op=WRITE_CHUNK {blockData=conID: 1 locID: 102655682427421337 bcsId: 4843} | ret=SUCCESS |  
2019-08-21 15:30:04,291 | INFO  | DNAudit | user=null | ip=null | op=WRITE_CHUNK {blockData=conID: 1 locID: 102655682427421337 bcsId: 4843} | ret=SUCCESS |  
2019-08-21 15:30:04,292 | INFO  | DNAudit | user=null | ip=null | op=PUT_BLOCK {blockData=[blockId=conID: 1 locID: 102655682427421337 bcsId: 0,size=3145728]} | ret=SUCCESS |  
2019-08-21 15:30:04,292 [grpc-default-executor-3] INFO  client.GrpcClientProtocolClient (GrpcClientProtocolClient.java:onNext(255)) - client-029E50227556->355864cd-7ac5-4934-b366-9756b15dd90f: receive RaftClientReply:client-029E50227556->355864cd-7ac5-4934-b366-9756b15dd90f@group-785BCF25C267, cid=3218, SUCCESS, logIndex=4847, commits[355864cd-7ac5-4934-b366-9756b15dd90f:c4848, ce4aa411-63c8-4399-99eb-27ce352844f3:c4843, 3eeffb0a-787e-48ec-a2f5-d0c540a89489:c4845]
2019-08-21 15:30:04,292 [grpc-default-executor-3] INFO  client.GrpcClientProtocolClient (GrpcClientProtocolClient.java:onNext(255)) - client-029E50227556->355864cd-7ac5-4934-b366-9756b15dd90f: receive RaftClientReply:client-029E50227556->355864cd-7ac5-4934-b366-9756b15dd90f@group-785BCF25C267, cid=3219, SUCCESS, logIndex=4848, commits[355864cd-7ac5-4934-b366-9756b15dd90f:c4848, ce4aa411-63c8-4399-99eb-27ce352844f3:c4843, 3eeffb0a-787e-48ec-a2f5-d0c540a89489:c4845]
2019-08-21 15:30:04,298 | INFO  | DNAudit | user=null | ip=null | op=WRITE_CHUNK {blockData=conID: 1 locID: 102655682427421337 bcsId: 4848} | ret=SUCCESS |  
2019-08-21 15:30:04,300 | INFO  | DNAudit | user=null | ip=null | op=WRITE_CHUNK {blockData=conID: 1 locID: 102655682427421337 bcsId: 4848} | ret=SUCCESS |  
2019-08-21 15:30:04,300 | INFO  | DNAudit | user=null | ip=null | op=WRITE_CHUNK {blockData=conID: 1 locID: 102655682427421337 bcsId: 4848} | ret=SUCCESS |  
2019-08-21 15:30:04,303 | INFO  | DNAudit | user=null | ip=null | op=WRITE_CHUNK {blockData=conID: 1 locID: 102655682427421337 bcsId: 4843} | ret=SUCCESS |  
2019-08-21 15:30:04,304 | INFO  | DNAudit | user=null | ip=null | op=PUT_BLOCK {blockData=[blockId=conID: 1 locID: 102655682427421337 bcsId: 0,size=3145728]} | ret=SUCCESS |  
2019-08-21 15:30:04,314 | INFO  | DNAudit | user=null | ip=null | op=WRITE_CHUNK {blockData=conID: 1 locID: 102655682427421337 bcsId: 4843} | ret=SUCCESS |  
2019-08-21 15:30:04,314 | INFO  | DNAudit | user=null | ip=null | op=PUT_BLOCK {blockData=[blockId=conID: 1 locID: 102655682427421337 bcsId: 0,size=3145728]} | ret=SUCCESS |  
2019-08-21 15:30:04,315 | INFO  | DNAudit | user=null | ip=null | op=WRITE_CHUNK {blockData=conID: 1 locID: 102655682427421337 bcsId: 4848} | ret=SUCCESS |  
2019-08-21 15:30:04,315 | INFO  | DNAudit | user=null | ip=null | op=PUT_BLOCK {blockData=[blockId=conID: 1 locID: 102655682427421337 bcsId: 0,size=4194304]} | ret=SUCCESS |  
2019-08-21 15:30:04,315 [grpc-default-executor-0] INFO  client.GrpcClientProtocolClient (GrpcClientProtocolClient.java:onNext(255)) - client-029E50227556->355864cd-7ac5-4934-b366-9756b15dd90f: receive RaftClientReply:client-029E50227556->355864cd-7ac5-4934-b366-9756b15dd90f@group-785BCF25C267, cid=3220, SUCCESS, logIndex=4851, commits[355864cd-7ac5-4934-b366-9756b15dd90f:c4852, ce4aa411-63c8-4399-99eb-27ce352844f3:c4848, 3eeffb0a-787e-48ec-a2f5-d0c540a89489:c4848]
2019-08-21 15:30:04,316 [grpc-default-executor-0] INFO  client.GrpcClientProtocolClient (GrpcClientProtocolClient.java:onNext(255)) - client-029E50227556->355864cd-7ac5-4934-b366-9756b15dd90f: receive RaftClientReply:client-029E50227556->355864cd-7ac5-4934-b366-9756b15dd90f@group-785BCF25C267, cid=3221, SUCCESS, logIndex=4852, commits[355864cd-7ac5-4934-b366-9756b15dd90f:c4852, ce4aa411-63c8-4399-99eb-27ce352844f3:c4848, 3eeffb0a-787e-48ec-a2f5-d0c540a89489:c4848]
2019-08-21 15:30:04,326 | INFO  | DNAudit | user=null | ip=null | op=WRITE_CHUNK {blockData=conID: 1 locID: 102655682427421337 bcsId: 4848} | ret=SUCCESS |  
2019-08-21 15:30:04,327 | INFO  | DNAudit | user=null | ip=null | op=PUT_BLOCK {blockData=[blockId=conID: 1 locID: 102655682427421337 bcsId: 0,size=4194304]} | ret=SUCCESS |  
2019-08-21 15:30:04,329 | INFO  | DNAudit | user=null | ip=null | op=WRITE_CHUNK {blockData=conID: 1 locID: 102655682427421337 bcsId: 4848} | ret=SUCCESS |  
2019-08-21 15:30:04,329 | INFO  | DNAudit | user=null | ip=null | op=PUT_BLOCK {blockData=[blockId=conID: 1 locID: 102655682427421337 bcsId: 0,size=4194304]} | ret=SUCCESS |  
2019-08-21 15:30:04,329 [grpc-default-executor-0] INFO  client.GrpcClientProtocolClient (GrpcClientProtocolClient.java:onNext(255)) - client-029E50227556->355864cd-7ac5-4934-b366-9756b15dd90f: receive RaftClientReply:client-029E50227556->355864cd-7ac5-4934-b366-9756b15dd90f@group-785BCF25C267, cid=3222, SUCCESS, logIndex=0, commits[355864cd-7ac5-4934-b366-9756b15dd90f:c4853, ce4aa411-63c8-4399-99eb-27ce352844f3:c4852, 3eeffb0a-787e-48ec-a2f5-d0c540a89489:c4852]
2019-08-21 15:30:04,334 | INFO  | SCMAudit | user=jenkins1000 | ip=192.168.5.153 | op=ALLOCATE_BLOCK {owner=78849ec2-2b05-45d8-8cb5-e95e2230dbd1, size=4194304, type=RATIS, factor=THREE} | ret=SUCCESS |  
2019-08-21 15:30:04,337 | INFO  | OMAudit | user=jenkins1000 | ip=127.0.0.1 | op=ALLOCATE_BLOCK {volume=vol-0-32358, bucket=bucket-0-01949, key=key-0-56547, dataSize=0, replicationType=null, replicationFactor=null, keyLocationInfo=null, clientID=102655680532119954} | ret=SUCCESS |  
2019-08-21 15:30:04,344 | INFO  | DNAudit | user=null | ip=null | op=WRITE_CHUNK {blockData=conID: 2 locID: 102655682434433690 bcsId: 0} | ret=SUCCESS |  
2019-08-21 15:30:04,346 | INFO  | DNAudit | user=null | ip=null | op=WRITE_CHUNK {blockData=conID: 2 locID: 102655682434433690 bcsId: 0} | ret=SUCCESS |  
2019-08-21 15:30:04,347 | INFO  | DNAudit | user=null | ip=null | op=WRITE_CHUNK {blockData=conID: 2 locID: 102655682434433690 bcsId: 0} | ret=SUCCESS |  
2019-08-21 15:30:04,347 | INFO  | DNAudit | user=null | ip=null | op=WRITE_CHUNK {blockData=conID: 2 locID: 102655682434433690 bcsId: 0} | ret=SUCCESS |  
2019-08-21 15:30:04,348 | INFO  | DNAudit | user=null | ip=null | op=WRITE_CHUNK {blockData=conID: 2 locID: 102655682434433690 bcsId: 0} | ret=SUCCESS |  
2019-08-21 15:30:04,350 | INFO  | DNAudit | user=null | ip=null | op=WRITE_CHUNK {blockData=conID: 2 locID: 102655682434433690 bcsId: 0} | ret=SUCCESS |  
2019-08-21 15:30:04,362 | INFO  | DNAudit | user=null | ip=null | op=WRITE_CHUNK {blockData=conID: 2 locID: 102655682434433690 bcsId: 0} | ret=SUCCESS |  
2019-08-21 15:30:04,363 | INFO  | DNAudit | user=null | ip=null | op=PUT_BLOCK {blockData=[blockId=conID: 2 locID: 102655682434433690 bcsId: 0,size=1048576]} | ret=SUCCESS |  
2019-08-21 15:30:04,363 [grpc-default-executor-4] INFO  client.GrpcClientProtocolClient (GrpcClientProtocolClient.java:onNext(255)) - client-029E50227556->355864cd-7ac5-4934-b366-9756b15dd90f: receive RaftClientReply:client-029E50227556->355864cd-7ac5-4934-b366-9756b15dd90f@group-785BCF25C267, cid=3223, SUCCESS, logIndex=4855, commits[355864cd-7ac5-4934-b366-9756b15dd90f:c4856, ce4aa411-63c8-4399-99eb-27ce352844f3:c4854, 3eeffb0a-787e-48ec-a2f5-d0c540a89489:c4854]
2019-08-21 15:30:04,364 [grpc-default-executor-4] INFO  client.GrpcClientProtocolClient (GrpcClientProtocolClient.java:onNext(255)) - client-029E50227556->355864cd-7ac5-4934-b366-9756b15dd90f: receive RaftClientReply:client-029E50227556->355864cd-7ac5-4934-b366-9756b15dd90f@group-785BCF25C267, cid=3224, SUCCESS, logIndex=4856, commits[355864cd-7ac5-4934-b366-9756b15dd90f:c4856, ce4aa411-63c8-4399-99eb-27ce352844f3:c4854, 3eeffb0a-787e-48ec-a2f5-d0c540a89489:c4854]
2019-08-21 15:30:04,365 | INFO  | DNAudit | user=null | ip=null | op=WRITE_CHUNK {blockData=conID: 2 locID: 102655682434433690 bcsId: 0} | ret=SUCCESS |  
2019-08-21 15:30:04,366 | INFO  | DNAudit | user=null | ip=null | op=PUT_BLOCK {blockData=[blockId=conID: 2 locID: 102655682434433690 bcsId: 0,size=2097152]} | ret=SUCCESS |  
2019-08-21 15:30:04,366 | INFO  | DNAudit | user=null | ip=null | op=WRITE_CHUNK {blockData=conID: 2 locID: 102655682434433690 bcsId: 0} | ret=SUCCESS |  
2019-08-21 15:30:04,366 [grpc-default-executor-4] INFO  client.GrpcClientProtocolClient (GrpcClientProtocolClient.java:onNext(255)) - client-029E50227556->355864cd-7ac5-4934-b366-9756b15dd90f: receive RaftClientReply:client-029E50227556->355864cd-7ac5-4934-b366-9756b15dd90f@group-785BCF25C267, cid=3225, SUCCESS, logIndex=4857, commits[355864cd-7ac5-4934-b366-9756b15dd90f:c4858, ce4aa411-63c8-4399-99eb-27ce352844f3:c4854, 3eeffb0a-787e-48ec-a2f5-d0c540a89489:c4854]
2019-08-21 15:30:04,366 | INFO  | DNAudit | user=null | ip=null | op=PUT_BLOCK {blockData=[blockId=conID: 2 locID: 102655682434433690 bcsId: 0,size=1048576]} | ret=SUCCESS |  
2019-08-21 15:30:04,366 [grpc-default-executor-4] INFO  client.GrpcClientProtocolClient (GrpcClientProtocolClient.java:onNext(255)) - client-029E50227556->355864cd-7ac5-4934-b366-9756b15dd90f: receive RaftClientReply:client-029E50227556->355864cd-7ac5-4934-b366-9756b15dd90f@group-785BCF25C267, cid=3226, SUCCESS, logIndex=4858, commits[355864cd-7ac5-4934-b366-9756b15dd90f:c4858, ce4aa411-63c8-4399-99eb-27ce352844f3:c4854, 3eeffb0a-787e-48ec-a2f5-d0c540a89489:c4856]
2019-08-21 15:30:04,376 | INFO  | DNAudit | user=null | ip=null | op=WRITE_CHUNK {blockData=conID: 2 locID: 102655682434433690 bcsId: 0} | ret=SUCCESS |  
2019-08-21 15:30:04,377 | INFO  | DNAudit | user=null | ip=null | op=PUT_BLOCK {blockData=[blockId=conID: 2 locID: 102655682434433690 bcsId: 0,size=1048576]} | ret=SUCCESS |  
2019-08-21 15:30:04,377 [grpc-default-executor-4] INFO  client.GrpcClientProtocolClient (GrpcClientProtocolClient.java:onNext(255)) - client-029E50227556->355864cd-7ac5-4934-b366-9756b15dd90f: receive RaftClientReply:client-029E50227556->355864cd-7ac5-4934-b366-9756b15dd90f@group-785BCF25C267, cid=3227, SUCCESS, logIndex=0, commits[355864cd-7ac5-4934-b366-9756b15dd90f:c4859, ce4aa411-63c8-4399-99eb-27ce352844f3:c4856, 3eeffb0a-787e-48ec-a2f5-d0c540a89489:c4856]
2019-08-21 15:30:04,377 | INFO  | DNAudit | user=null | ip=null | op=WRITE_CHUNK {blockData=conID: 2 locID: 102655682434433690 bcsId: 0} | ret=SUCCESS |  
2019-08-21 15:30:04,377 | INFO  | DNAudit | user=null | ip=null | op=WRITE_CHUNK {blockData=conID: 2 locID: 102655682434433690 bcsId: 0} | ret=SUCCESS |  
2019-08-21 15:30:04,377 | INFO  | DNAudit | user=null | ip=null | op=PUT_BLOCK {blockData=[blockId=conID: 2 locID: 102655682434433690 bcsId: 0,size=2097152]} | ret=SUCCESS |  
2019-08-21 15:30:04,377 | INFO  | DNAudit | user=null | ip=null | op=PUT_BLOCK {blockData=[blockId=conID: 2 locID: 102655682434433690 bcsId: 0,size=2097152]} | ret=SUCCESS |  
2019-08-21 15:30:04,383 | INFO  | DNAudit | user=null | ip=null | op=WRITE_CHUNK {blockData=conID: 2 locID: 102655682434433690 bcsId: 4858} | ret=SUCCESS |  
2019-08-21 15:30:04,384 | INFO  | DNAudit | user=null | ip=null | op=WRITE_CHUNK {blockData=conID: 2 locID: 102655682434433690 bcsId: 4858} | ret=SUCCESS |  
2019-08-21 15:30:04,385 | INFO  | DNAudit | user=null | ip=null | op=WRITE_CHUNK {blockData=conID: 2 locID: 102655682434433690 bcsId: 4858} | ret=SUCCESS |  
2019-08-21 15:30:04,395 | INFO  | DNAudit | user=null | ip=null | op=WRITE_CHUNK {blockData=conID: 2 locID: 102655682434433690 bcsId: 4858} | ret=SUCCESS |  
2019-08-21 15:30:04,395 | INFO  | DNAudit | user=null | ip=null | op=PUT_BLOCK {blockData=[blockId=conID: 2 locID: 102655682434433690 bcsId: 0,size=3145728]} | ret=SUCCESS |  
2019-08-21 15:30:04,395 [grpc-default-executor-0] INFO  client.GrpcClientProtocolClient (GrpcClientProtocolClient.java:onNext(255)) - client-029E50227556->355864cd-7ac5-4934-b366-9756b15dd90f: receive RaftClientReply:client-029E50227556->355864cd-7ac5-4934-b366-9756b15dd90f@group-785BCF25C267, cid=3228, SUCCESS, logIndex=4862, commits[355864cd-7ac5-4934-b366-9756b15dd90f:c4863, ce4aa411-63c8-4399-99eb-27ce352844f3:c4861, 3eeffb0a-787e-48ec-a2f5-d0c540a89489:c4861]
2019-08-21 15:30:04,396 [grpc-default-executor-0] INFO  client.GrpcClientProtocolClient (GrpcClientProtocolClient.java:onNext(255)) - client-029E50227556->355864cd-7ac5-4934-b366-9756b15dd90f: receive RaftClientReply:client-029E50227556->355864cd-7ac5-4934-b366-9756b15dd90f@group-785BCF25C267, cid=3229, SUCCESS, logIndex=4863, commits[355864cd-7ac5-4934-b366-9756b15dd90f:c4863, ce4aa411-63c8-4399-99eb-27ce352844f3:c4861, 3eeffb0a-787e-48ec-a2f5-d0c540a89489:c4861]
2019-08-21 15:30:04,401 | INFO  | DNAudit | user=null | ip=null | op=WRITE_CHUNK {blockData=conID: 2 locID: 102655682434433690 bcsId: 4863} | ret=SUCCESS |  
2019-08-21 15:30:04,403 | INFO  | DNAudit | user=null | ip=null | op=WRITE_CHUNK {blockData=conID: 2 locID: 102655682434433690 bcsId: 4863} | ret=SUCCESS |  
2019-08-21 15:30:04,403 | INFO  | DNAudit | user=null | ip=null | op=WRITE_CHUNK {blockData=conID: 2 locID: 102655682434433690 bcsId: 4863} | ret=SUCCESS |  
2019-08-21 15:30:04,415 | INFO  | DNAudit | user=null | ip=null | op=WRITE_CHUNK {blockData=conID: 2 locID: 102655682434433690 bcsId: 4858} | ret=SUCCESS |  
2019-08-21 15:30:04,415 | INFO  | DNAudit | user=null | ip=null | op=WRITE_CHUNK {blockData=conID: 2 locID: 102655682434433690 bcsId: 4858} | ret=SUCCESS |  
2019-08-21 15:30:04,415 | INFO  | DNAudit | user=null | ip=null | op=PUT_BLOCK {blockData=[blockId=conID: 2 locID: 102655682434433690 bcsId: 0,size=3145728]} | ret=SUCCESS |  
2019-08-21 15:30:04,415 | INFO  | DNAudit | user=null | ip=null | op=PUT_BLOCK {blockData=[blockId=conID: 2 locID: 102655682434433690 bcsId: 0,size=3145728]} | ret=SUCCESS |  
2019-08-21 15:30:04,426 | INFO  | DNAudit | user=null | ip=null | op=WRITE_CHUNK {blockData=conID: 2 locID: 102655682434433690 bcsId: 4863} | ret=SUCCESS |  
2019-08-21 15:30:04,426 | INFO  | DNAudit | user=null | ip=null | op=PUT_BLOCK {blockData=[blockId=conID: 2 locID: 102655682434433690 bcsId: 0,size=4194304]} | ret=SUCCESS |  
2019-08-21 15:30:04,427 [grpc-default-executor-3] INFO  client.GrpcClientProtocolClient (GrpcClientProtocolClient.java:onNext(255)) - client-029E50227556->355864cd-7ac5-4934-b366-9756b15dd90f: receive RaftClientReply:client-029E50227556->355864cd-7ac5-4934-b366-9756b15dd90f@group-785BCF25C267, cid=3230, SUCCESS, logIndex=4865, commits[355864cd-7ac5-4934-b366-9756b15dd90f:c4866, ce4aa411-63c8-4399-99eb-27ce352844f3:c4863, 3eeffb0a-787e-48ec-a2f5-d0c540a89489:c4863]
2019-08-21 15:30:04,427 [grpc-default-executor-3] INFO  client.GrpcClientProtocolClient (GrpcClientProtocolClient.java:onNext(255)) - client-029E50227556->355864cd-7ac5-4934-b366-9756b15dd90f: receive RaftClientReply:client-029E50227556->355864cd-7ac5-4934-b366-9756b15dd90f@group-785BCF25C267, cid=3231, SUCCESS, logIndex=4866, commits[355864cd-7ac5-4934-b366-9756b15dd90f:c4866, ce4aa411-63c8-4399-99eb-27ce352844f3:c4863, 3eeffb0a-787e-48ec-a2f5-d0c540a89489:c4863]
2019-08-21 15:30:04,440 | INFO  | DNAudit | user=null | ip=null | op=WRITE_CHUNK {blockData=conID: 2 locID: 102655682434433690 bcsId: 4863} | ret=SUCCESS |  
2019-08-21 15:30:04,440 | INFO  | DNAudit | user=null | ip=null | op=WRITE_CHUNK {blockData=conID: 2 locID: 102655682434433690 bcsId: 4863} | ret=SUCCESS |  
2019-08-21 15:30:04,453 | INFO  | DNAudit | user=null | ip=null | op=PUT_BLOCK {blockData=[blockId=conID: 2 locID: 102655682434433690 bcsId: 0,size=4194304]} | ret=SUCCESS |  
2019-08-21 15:30:04,453 | INFO  | DNAudit | user=null | ip=null | op=PUT_BLOCK {blockData=[blockId=conID: 2 locID: 102655682434433690 bcsId: 0,size=4194304]} | ret=SUCCESS |  
2019-08-21 15:30:04,453 [grpc-default-executor-3] INFO  client.GrpcClientProtocolClient (GrpcClientProtocolClient.java:onNext(255)) - client-029E50227556->355864cd-7ac5-4934-b366-9756b15dd90f: receive RaftClientReply:client-029E50227556->355864cd-7ac5-4934-b366-9756b15dd90f@group-785BCF25C267, cid=3232, SUCCESS, logIndex=0, commits[355864cd-7ac5-4934-b366-9756b15dd90f:c4868, ce4aa411-63c8-4399-99eb-27ce352844f3:c4866, 3eeffb0a-787e-48ec-a2f5-d0c540a89489:c4866]
2019-08-21 15:30:04,458 | INFO  | SCMAudit | user=jenkins1000 | ip=192.168.5.153 | op=ALLOCATE_BLOCK {owner=78849ec2-2b05-45d8-8cb5-e95e2230dbd1, size=4194304, type=RATIS, factor=THREE} | ret=SUCCESS |  
2019-08-21 15:30:04,462 | INFO  | OMAudit | user=jenkins1000 | ip=127.0.0.1 | op=ALLOCATE_BLOCK {volume=vol-0-32358, bucket=bucket-0-01949, key=key-0-56547, dataSize=0, replicationType=null, replicationFactor=null, keyLocationInfo=null, clientID=102655680532119954} | ret=SUCCESS |  
2019-08-21 15:30:04,469 | INFO  | DNAudit | user=null | ip=null | op=WRITE_CHUNK {blockData=conID: 3 locID: 102655682442560155 bcsId: 0} | ret=SUCCESS |  
2019-08-21 15:30:04,470 | INFO  | DNAudit | user=null | ip=null | op=WRITE_CHUNK {blockData=conID: 3 locID: 102655682442560155 bcsId: 0} | ret=SUCCESS |  
2019-08-21 15:30:04,471 | INFO  | DNAudit | user=null | ip=null | op=WRITE_CHUNK {blockData=conID: 3 locID: 102655682442560155 bcsId: 0} | ret=SUCCESS |  
2019-08-21 15:30:04,471 | INFO  | DNAudit | user=null | ip=null | op=WRITE_CHUNK {blockData=conID: 3 locID: 102655682442560155 bcsId: 0} | ret=SUCCESS |  
2019-08-21 15:30:04,473 | INFO  | DNAudit | user=null | ip=null | op=WRITE_CHUNK {blockData=conID: 3 locID: 102655682442560155 bcsId: 0} | ret=SUCCESS |  
2019-08-21 15:30:04,473 | INFO  | DNAudit | user=null | ip=null | op=WRITE_CHUNK {blockData=conID: 3 locID: 102655682442560155 bcsId: 0} | ret=SUCCESS |  
2019-08-21 15:30:04,485 | INFO  | DNAudit | user=null | ip=null | op=WRITE_CHUNK {blockData=conID: 3 locID: 102655682442560155 bcsId: 0} | ret=SUCCESS |  
2019-08-21 15:30:04,485 | INFO  | DNAudit | user=null | ip=null | op=PUT_BLOCK {blockData=[blockId=conID: 3 locID: 102655682442560155 bcsId: 0,size=1048576]} | ret=SUCCESS |  
2019-08-21 15:30:04,485 | INFO  | DNAudit | user=null | ip=null | op=WRITE_CHUNK {blockData=conID: 3 locID: 102655682442560155 bcsId: 0} | ret=SUCCESS |  
2019-08-21 15:30:04,485 [grpc-default-executor-3] INFO  client.GrpcClientProtocolClient (GrpcClientProtocolClient.java:onNext(255)) - client-029E50227556->355864cd-7ac5-4934-b366-9756b15dd90f: receive RaftClientReply:client-029E50227556->355864cd-7ac5-4934-b366-9756b15dd90f@group-785BCF25C267, cid=3233, SUCCESS, logIndex=4869, commits[355864cd-7ac5-4934-b366-9756b15dd90f:c4871, ce4aa411-63c8-4399-99eb-27ce352844f3:c4868, 3eeffb0a-787e-48ec-a2f5-d0c540a89489:c4868]
2019-08-21 15:30:04,486 | INFO  | DNAudit | user=null | ip=null | op=PUT_BLOCK {blockData=[blockId=conID: 3 locID: 102655682442560155 bcsId: 0,size=2097152]} | ret=SUCCESS |  
2019-08-21 15:30:04,486 [grpc-default-executor-3] INFO  client.GrpcClientProtocolClient (GrpcClientProtocolClient.java:onNext(255)) - client-029E50227556->355864cd-7ac5-4934-b366-9756b15dd90f: receive RaftClientReply:client-029E50227556->355864cd-7ac5-4934-b366-9756b15dd90f@group-785BCF25C267, cid=3234, SUCCESS, logIndex=4870, commits[355864cd-7ac5-4934-b366-9756b15dd90f:c4872, ce4aa411-63c8-4399-99eb-27ce352844f3:c4868, 3eeffb0a-787e-48ec-a2f5-d0c540a89489:c4868]
2019-08-21 15:30:04,486 [grpc-default-executor-3] INFO  client.GrpcClientProtocolClient (GrpcClientProtocolClient.java:onNext(255)) - client-029E50227556->355864cd-7ac5-4934-b366-9756b15dd90f: receive RaftClientReply:client-029E50227556->355864cd-7ac5-4934-b366-9756b15dd90f@group-785BCF25C267, cid=3235, SUCCESS, logIndex=4871, commits[355864cd-7ac5-4934-b366-9756b15dd90f:c4872, ce4aa411-63c8-4399-99eb-27ce352844f3:c4868, 3eeffb0a-787e-48ec-a2f5-d0c540a89489:c4868]
2019-08-21 15:30:04,486 [grpc-default-executor-3] INFO  client.GrpcClientProtocolClient (GrpcClientProtocolClient.java:onNext(255)) - client-029E50227556->355864cd-7ac5-4934-b366-9756b15dd90f: receive RaftClientReply:client-029E50227556->355864cd-7ac5-4934-b366-9756b15dd90f@group-785BCF25C267, cid=3236, SUCCESS, logIndex=4872, commits[355864cd-7ac5-4934-b366-9756b15dd90f:c4872, ce4aa411-63c8-4399-99eb-27ce352844f3:c4868, 3eeffb0a-787e-48ec-a2f5-d0c540a89489:c4868]
2019-08-21 15:30:04,498 | INFO  | DNAudit | user=null | ip=null | op=WRITE_CHUNK {blockData=conID: 3 locID: 102655682442560155 bcsId: 0} | ret=SUCCESS |  
2019-08-21 15:30:04,498 | INFO  | DNAudit | user=null | ip=null | op=WRITE_CHUNK {blockData=conID: 3 locID: 102655682442560155 bcsId: 0} | ret=SUCCESS |  
2019-08-21 15:30:04,499 | INFO  | DNAudit | user=null | ip=null | op=PUT_BLOCK {blockData=[blockId=conID: 3 locID: 102655682442560155 bcsId: 0,size=1048576]} | ret=SUCCESS |  
2019-08-21 15:30:04,499 | INFO  | DNAudit | user=null | ip=null | op=WRITE_CHUNK {blockData=conID: 3 locID: 102655682442560155 bcsId: 0} | ret=SUCCESS |  
2019-08-21 15:30:04,511 | INFO  | DNAudit | user=null | ip=null | op=PUT_BLOCK {blockData=[blockId=conID: 3 locID: 102655682442560155 bcsId: 0,size=2097152]} | ret=SUCCESS |  
2019-08-21 15:30:04,511 | INFO  | DNAudit | user=null | ip=null | op=PUT_BLOCK {blockData=[blockId=conID: 3 locID: 102655682442560155 bcsId: 0,size=1048576]} | ret=SUCCESS |  
2019-08-21 15:30:04,512 | INFO  | DNAudit | user=null | ip=null | op=WRITE_CHUNK {blockData=conID: 3 locID: 102655682442560155 bcsId: 0} | ret=SUCCESS |  
2019-08-21 15:30:04,512 | INFO  | DNAudit | user=null | ip=null | op=PUT_BLOCK {blockData=[blockId=conID: 3 locID: 102655682442560155 bcsId: 0,size=2097152]} | ret=SUCCESS |  
2019-08-21 15:30:04,512 [grpc-default-executor-5] INFO  client.GrpcClientProtocolClient (GrpcClientProtocolClient.java:onNext(255)) - client-029E50227556->355864cd-7ac5-4934-b366-9756b15dd90f: receive RaftClientReply:client-029E50227556->355864cd-7ac5-4934-b366-9756b15dd90f@group-785BCF25C267, cid=3237, SUCCESS, logIndex=0, commits[355864cd-7ac5-4934-b366-9756b15dd90f:c4876, ce4aa411-63c8-4399-99eb-27ce352844f3:c4870, 3eeffb0a-787e-48ec-a2f5-d0c540a89489:c4872]
2019-08-21 15:30:04,519 | INFO  | DNAudit | user=null | ip=null | op=WRITE_CHUNK {blockData=conID: 3 locID: 102655682442560155 bcsId: 4872} | ret=SUCCESS |  
2019-08-21 15:30:04,522 | INFO  | DNAudit | user=null | ip=null | op=WRITE_CHUNK {blockData=conID: 3 locID: 102655682442560155 bcsId: 4872} | ret=SUCCESS |  
2019-08-21 15:30:04,522 | INFO  | DNAudit | user=null | ip=null | op=WRITE_CHUNK {blockData=conID: 3 locID: 102655682442560155 bcsId: 4872} | ret=SUCCESS |  
2019-08-21 15:30:04,530 | INFO  | DNAudit | user=null | ip=null | op=WRITE_CHUNK {blockData=conID: 3 locID: 102655682442560155 bcsId: 4872} | ret=SUCCESS |  
2019-08-21 15:30:04,530 | INFO  | DNAudit | user=null | ip=null | op=PUT_BLOCK {blockData=[blockId=conID: 3 locID: 102655682442560155 bcsId: 0,size=3145728]} | ret=SUCCESS |  
2019-08-21 15:30:04,530 [grpc-default-executor-3] INFO  client.GrpcClientProtocolClient (GrpcClientProtocolClient.java:onNext(255)) - client-029E50227556->355864cd-7ac5-4934-b366-9756b15dd90f: receive RaftClientReply:client-029E50227556->355864cd-7ac5-4934-b366-9756b15dd90f@group-785BCF25C267, cid=3238, SUCCESS, logIndex=4877, commits[355864cd-7ac5-4934-b366-9756b15dd90f:c4878, ce4aa411-63c8-4399-99eb-27ce352844f3:c4876, 3eeffb0a-787e-48ec-a2f5-d0c540a89489:c4876]
2019-08-21 15:30:04,531 [grpc-default-executor-3] INFO  client.GrpcClientProtocolClient (GrpcClientProtocolClient.java:onNext(255)) - client-029E50227556->355864cd-7ac5-4934-b366-9756b15dd90f: receive RaftClientReply:client-029E50227556->355864cd-7ac5-4934-b366-9756b15dd90f@group-785BCF25C267, cid=3239, SUCCESS, logIndex=4878, commits[355864cd-7ac5-4934-b366-9756b15dd90f:c4878, ce4aa411-63c8-4399-99eb-27ce352844f3:c4876, 3eeffb0a-787e-48ec-a2f5-d0c540a89489:c4876]
2019-08-21 15:30:04,539 | INFO  | DNAudit | user=null | ip=null | op=WRITE_CHUNK {blockData=conID: 3 locID: 102655682442560155 bcsId: 4878} | ret=SUCCESS |  
2019-08-21 15:30:04,541 | INFO  | DNAudit | user=null | ip=null | op=WRITE_CHUNK {blockData=conID: 3 locID: 102655682442560155 bcsId: 4878} | ret=SUCCESS |  
2019-08-21 15:30:04,541 | INFO  | DNAudit | user=null | ip=null | op=WRITE_CHUNK {blockData=conID: 3 locID: 102655682442560155 bcsId: 4872} | ret=SUCCESS |  
2019-08-21 15:30:04,541 | INFO  | DNAudit | user=null | ip=null | op=WRITE_CHUNK {blockData=conID: 3 locID: 102655682442560155 bcsId: 4878} | ret=SUCCESS |  
2019-08-21 15:30:04,541 | INFO  | DNAudit | user=null | ip=null | op=WRITE_CHUNK {blockData=conID: 3 locID: 102655682442560155 bcsId: 4872} | ret=SUCCESS |  
2019-08-21 15:30:04,551 | INFO  | DNAudit | user=null | ip=null | op=PUT_BLOCK {blockData=[blockId=conID: 3 locID: 102655682442560155 bcsId: 0,size=3145728]} | ret=SUCCESS |  
2019-08-21 15:30:04,551 | INFO  | DNAudit | user=null | ip=null | op=PUT_BLOCK {blockData=[blockId=conID: 3 locID: 102655682442560155 bcsId: 0,size=3145728]} | ret=SUCCESS |  
2019-08-21 15:30:04,552 | INFO  | DNAudit | user=null | ip=null | op=WRITE_CHUNK {blockData=conID: 3 locID: 102655682442560155 bcsId: 4878} | ret=SUCCESS |  
2019-08-21 15:30:04,552 | INFO  | DNAudit | user=null | ip=null | op=PUT_BLOCK {blockData=[blockId=conID: 3 locID: 102655682442560155 bcsId: 0,size=4194304]} | ret=SUCCESS |  
2019-08-21 15:30:04,552 [grpc-default-executor-0] INFO  client.GrpcClientProtocolClient (GrpcClientProtocolClient.java:onNext(255)) - client-029E50227556->355864cd-7ac5-4934-b366-9756b15dd90f: receive RaftClientReply:client-029E50227556->355864cd-7ac5-4934-b366-9756b15dd90f@group-785BCF25C267, cid=3240, SUCCESS, logIndex=4881, commits[355864cd-7ac5-4934-b366-9756b15dd90f:c4882, ce4aa411-63c8-4399-99eb-27ce352844f3:c4878, 3eeffb0a-787e-48ec-a2f5-d0c540a89489:c4878]
2019-08-21 15:30:04,553 [grpc-default-executor-0] INFO  client.GrpcClientProtocolClient (GrpcClientProtocolClient.java:onNext(255)) - client-029E50227556->355864cd-7ac5-4934-b366-9756b15dd90f: receive RaftClientReply:client-029E50227556->355864cd-7ac5-4934-b366-9756b15dd90f@group-785BCF25C267, cid=3241, SUCCESS, logIndex=4882, commits[355864cd-7ac5-4934-b366-9756b15dd90f:c4882, ce4aa411-63c8-4399-99eb-27ce352844f3:c4878, 3eeffb0a-787e-48ec-a2f5-d0c540a89489:c4878]
2019-08-21 15:30:04,563 | INFO  | DNAudit | user=null | ip=null | op=WRITE_CHUNK {blockData=conID: 3 locID: 102655682442560155 bcsId: 4878} | ret=SUCCESS |  
2019-08-21 15:30:04,563 | INFO  | DNAudit | user=null | ip=null | op=WRITE_CHUNK {blockData=conID: 3 locID: 102655682442560155 bcsId: 4878} | ret=SUCCESS |  
2019-08-21 15:30:04,575 | INFO  | DNAudit | user=null | ip=null | op=PUT_BLOCK {blockData=[blockId=conID: 3 locID: 102655682442560155 bcsId: 0,size=4194304]} | ret=SUCCESS |  
2019-08-21 15:30:04,575 | INFO  | DNAudit | user=null | ip=null | op=PUT_BLOCK {blockData=[blockId=conID: 3 locID: 102655682442560155 bcsId: 0,size=4194304]} | ret=SUCCESS |  
2019-08-21 15:30:04,575 [grpc-default-executor-0] INFO  client.GrpcClientProtocolClient (GrpcClientProtocolClient.java:onNext(255)) - client-029E50227556->355864cd-7ac5-4934-b366-9756b15dd90f: receive RaftClientReply:client-029E50227556->355864cd-7ac5-4934-b366-9756b15dd90f@group-785BCF25C267, cid=3242, SUCCESS, logIndex=0, commits[355864cd-7ac5-4934-b366-9756b15dd90f:c4883, ce4aa411-63c8-4399-99eb-27ce352844f3:c4882, 3eeffb0a-787e-48ec-a2f5-d0c540a89489:c4882]
2019-08-21 15:30:04,582 | INFO  | SCMAudit | user=jenkins1000 | ip=192.168.5.153 | op=ALLOCATE_BLOCK {owner=78849ec2-2b05-45d8-8cb5-e95e2230dbd1, size=4194304, type=RATIS, factor=THREE} | ret=SUCCESS |  
2019-08-21 15:30:04,586 | INFO  | OMAudit | user=jenkins1000 | ip=127.0.0.1 | op=ALLOCATE_BLOCK {volume=vol-0-32358, bucket=bucket-0-01949, key=key-0-56547, dataSize=0, replicationType=null, replicationFactor=null, keyLocationInfo=null, clientID=102655680532119954} | ret=SUCCESS |  
2019-08-21 15:30:04,594 | INFO  | DNAudit | user=null | ip=null | op=WRITE_CHUNK {blockData=conID: 1 locID: 102655682450686620 bcsId: 0} | ret=SUCCESS |  
2019-08-21 15:30:04,596 | INFO  | DNAudit | user=null | ip=null | op=WRITE_CHUNK {blockData=conID: 1 locID: 102655682450686620 bcsId: 0} | ret=SUCCESS |  
2019-08-21 15:30:04,597 | INFO  | DNAudit | user=null | ip=null | op=WRITE_CHUNK {blockData=conID: 1 locID: 102655682450686620 bcsId: 0} | ret=SUCCESS |  
2019-08-21 15:30:04,597 | INFO  | DNAudit | user=null | ip=null | op=WRITE_CHUNK {blockData=conID: 1 locID: 102655682450686620 bcsId: 0} | ret=SUCCESS |  
2019-08-21 15:30:04,599 | INFO  | DNAudit | user=null | ip=null | op=WRITE_CHUNK {blockData=conID: 1 locID: 102655682450686620 bcsId: 0} | ret=SUCCESS |  
2019-08-21 15:30:04,600 | INFO  | DNAudit | user=null | ip=null | op=WRITE_CHUNK {blockData=conID: 1 locID: 102655682450686620 bcsId: 0} | ret=SUCCESS |  
2019-08-21 15:30:04,608 | INFO  | DNAudit | user=null | ip=null | op=WRITE_CHUNK {blockData=conID: 1 locID: 102655682450686620 bcsId: 0} | ret=SUCCESS |  
2019-08-21 15:30:04,609 | INFO  | DNAudit | user=null | ip=null | op=PUT_BLOCK {blockData=[blockId=conID: 1 locID: 102655682450686620 bcsId: 0,size=1048576]} | ret=SUCCESS |  
2019-08-21 15:30:04,609 [grpc-default-executor-0] INFO  client.GrpcClientProtocolClient (GrpcClientProtocolClient.java:onNext(255)) - client-029E50227556->355864cd-7ac5-4934-b366-9756b15dd90f: receive RaftClientReply:client-029E50227556->355864cd-7ac5-4934-b366-9756b15dd90f@group-785BCF25C267, cid=3243, SUCCESS, logIndex=4885, commits[355864cd-7ac5-4934-b366-9756b15dd90f:c4886, ce4aa411-63c8-4399-99eb-27ce352844f3:c4884, 3eeffb0a-787e-48ec-a2f5-d0c540a89489:c4884]
2019-08-21 15:30:04,610 [grpc-default-executor-0] INFO  client.GrpcClientProtocolClient (GrpcClientProtocolClient.java:onNext(255)) - client-029E50227556->355864cd-7ac5-4934-b366-9756b15dd90f: receive RaftClientReply:client-029E50227556->355864cd-7ac5-4934-b366-9756b15dd90f@group-785BCF25C267, cid=3244, SUCCESS, logIndex=4886, commits[355864cd-7ac5-4934-b366-9756b15dd90f:c4886, ce4aa411-63c8-4399-99eb-27ce352844f3:c4884, 3eeffb0a-787e-48ec-a2f5-d0c540a89489:c4884]
2019-08-21 15:30:04,615 | INFO  | DNAudit | user=null | ip=null | op=WRITE_CHUNK {blockData=conID: 1 locID: 102655682450686620 bcsId: 0} | ret=SUCCESS |  
2019-08-21 15:30:04,616 | INFO  | DNAudit | user=null | ip=null | op=PUT_BLOCK {blockData=[blockId=conID: 1 locID: 102655682450686620 bcsId: 0,size=2097152]} | ret=SUCCESS |  
2019-08-21 15:30:04,616 [grpc-default-executor-3] INFO  client.GrpcClientProtocolClient (GrpcClientProtocolClient.java:onNext(255)) - client-029E50227556->355864cd-7ac5-4934-b366-9756b15dd90f: receive RaftClientReply:client-029E50227556->355864cd-7ac5-4934-b366-9756b15dd90f@group-785BCF25C267, cid=3245, SUCCESS, logIndex=4887, commits[355864cd-7ac5-4934-b366-9756b15dd90f:c4888, ce4aa411-63c8-4399-99eb-27ce352844f3:c4884, 3eeffb0a-787e-48ec-a2f5-d0c540a89489:c4884]
2019-08-21 15:30:04,616 [grpc-default-executor-3] INFO  client.GrpcClientProtocolClient (GrpcClientProtocolClient.java:onNext(255)) - client-029E50227556->355864cd-7ac5-4934-b366-9756b15dd90f: receive RaftClientReply:client-029E50227556->355864cd-7ac5-4934-b366-9756b15dd90f@group-785BCF25C267, cid=3246, SUCCESS, logIndex=4888, commits[355864cd-7ac5-4934-b366-9756b15dd90f:c4888, ce4aa411-63c8-4399-99eb-27ce352844f3:c4884, 3eeffb0a-787e-48ec-a2f5-d0c540a89489:c4884]
2019-08-21 15:30:04,618 | INFO  | DNAudit | user=null | ip=null | op=WRITE_CHUNK {blockData=conID: 1 locID: 102655682450686620 bcsId: 0} | ret=SUCCESS |  
2019-08-21 15:30:04,627 | INFO  | DNAudit | user=null | ip=null | op=PUT_BLOCK {blockData=[blockId=conID: 1 locID: 102655682450686620 bcsId: 0,size=1048576]} | ret=SUCCESS |  
2019-08-21 15:30:04,628 | INFO  | DNAudit | user=null | ip=null | op=WRITE_CHUNK {blockData=conID: 1 locID: 102655682450686620 bcsId: 0} | ret=SUCCESS |  
2019-08-21 15:30:04,628 | INFO  | DNAudit | user=null | ip=null | op=WRITE_CHUNK {blockData=conID: 1 locID: 102655682450686620 bcsId: 0} | ret=SUCCESS |  
2019-08-21 15:30:04,628 | INFO  | DNAudit | user=null | ip=null | op=PUT_BLOCK {blockData=[blockId=conID: 1 locID: 102655682450686620 bcsId: 0,size=2097152]} | ret=SUCCESS |  
2019-08-21 15:30:04,628 | INFO  | DNAudit | user=null | ip=null | op=PUT_BLOCK {blockData=[blockId=conID: 1 locID: 102655682450686620 bcsId: 0,size=1048576]} | ret=SUCCESS |  
2019-08-21 15:30:04,628 | INFO  | DNAudit | user=null | ip=null | op=WRITE_CHUNK {blockData=conID: 1 locID: 102655682450686620 bcsId: 0} | ret=SUCCESS |  
2019-08-21 15:30:04,629 | INFO  | DNAudit | user=null | ip=null | op=PUT_BLOCK {blockData=[blockId=conID: 1 locID: 102655682450686620 bcsId: 0,size=2097152]} | ret=SUCCESS |  
2019-08-21 15:30:04,629 [grpc-default-executor-3] INFO  client.GrpcClientProtocolClient (GrpcClientProtocolClient.java:onNext(255)) - client-029E50227556->355864cd-7ac5-4934-b366-9756b15dd90f: receive RaftClientReply:client-029E50227556->355864cd-7ac5-4934-b366-9756b15dd90f@group-785BCF25C267, cid=3247, SUCCESS, logIndex=0, commits[355864cd-7ac5-4934-b366-9756b15dd90f:c4891, ce4aa411-63c8-4399-99eb-27ce352844f3:c4886, 3eeffb0a-787e-48ec-a2f5-d0c540a89489:c4888]
2019-08-21 15:30:04,638 | INFO  | DNAudit | user=null | ip=null | op=WRITE_CHUNK {blockData=conID: 1 locID: 102655682450686620 bcsId: 4888} | ret=SUCCESS |  
2019-08-21 15:30:04,640 | INFO  | DNAudit | user=null | ip=null | op=WRITE_CHUNK {blockData=conID: 1 locID: 102655682450686620 bcsId: 4888} | ret=SUCCESS |  
2019-08-21 15:30:04,641 | INFO  | DNAudit | user=null | ip=null | op=WRITE_CHUNK {blockData=conID: 1 locID: 102655682450686620 bcsId: 4888} | ret=SUCCESS |  
2019-08-21 15:30:04,655 | INFO  | DNAudit | user=null | ip=null | op=WRITE_CHUNK {blockData=conID: 1 locID: 102655682450686620 bcsId: 4888} | ret=SUCCESS |  
2019-08-21 15:30:04,655 | INFO  | DNAudit | user=null | ip=null | op=PUT_BLOCK {blockData=[blockId=conID: 1 locID: 102655682450686620 bcsId: 0,size=3145728]} | ret=SUCCESS |  
2019-08-21 15:30:04,655 [grpc-default-executor-0] INFO  client.GrpcClientProtocolClient (GrpcClientProtocolClient.java:onNext(255)) - client-029E50227556->355864cd-7ac5-4934-b366-9756b15dd90f: receive RaftClientReply:client-029E50227556->355864cd-7ac5-4934-b366-9756b15dd90f@group-785BCF25C267, cid=3248, SUCCESS, logIndex=4892, commits[355864cd-7ac5-4934-b366-9756b15dd90f:c4893, ce4aa411-63c8-4399-99eb-27ce352844f3:c4891, 3eeffb0a-787e-48ec-a2f5-d0c540a89489:c4891]
2019-08-21 15:30:04,656 [grpc-default-executor-0] INFO  client.GrpcClientProtocolClient (GrpcClientProtocolClient.java:onNext(255)) - client-029E50227556->355864cd-7ac5-4934-b366-9756b15dd90f: receive RaftClientReply:client-029E50227556->355864cd-7ac5-4934-b366-9756b15dd90f@group-785BCF25C267, cid=3249, SUCCESS, logIndex=4893, commits[355864cd-7ac5-4934-b366-9756b15dd90f:c4893, ce4aa411-63c8-4399-99eb-27ce352844f3:c4891, 3eeffb0a-787e-48ec-a2f5-d0c540a89489:c4891]
2019-08-21 15:30:04,664 | INFO  | DNAudit | user=null | ip=null | op=WRITE_CHUNK {blockData=conID: 1 locID: 102655682450686620 bcsId: 4893} | ret=SUCCESS |  
2019-08-21 15:30:04,667 | INFO  | DNAudit | user=null | ip=null | op=WRITE_CHUNK {blockData=conID: 1 locID: 102655682450686620 bcsId: 4893} | ret=SUCCESS |  
2019-08-21 15:30:04,668 | INFO  | DNAudit | user=null | ip=null | op=WRITE_CHUNK {blockData=conID: 1 locID: 102655682450686620 bcsId: 4893} | ret=SUCCESS |  
2019-08-21 15:30:04,676 | INFO  | DNAudit | user=null | ip=null | op=WRITE_CHUNK {blockData=conID: 1 locID: 102655682450686620 bcsId: 4888} | ret=SUCCESS |  
2019-08-21 15:30:04,677 | INFO  | DNAudit | user=null | ip=null | op=PUT_BLOCK {blockData=[blockId=conID: 1 locID: 102655682450686620 bcsId: 0,size=3145728]} | ret=SUCCESS |  
2019-08-21 15:30:04,677 | INFO  | DNAudit | user=null | ip=null | op=WRITE_CHUNK {blockData=conID: 1 locID: 102655682450686620 bcsId: 4888} | ret=SUCCESS |  
2019-08-21 15:30:04,677 | INFO  | DNAudit | user=null | ip=null | op=PUT_BLOCK {blockData=[blockId=conID: 1 locID: 102655682450686620 bcsId: 0,size=3145728]} | ret=SUCCESS |  
2019-08-21 15:30:04,678 | INFO  | DNAudit | user=null | ip=null | op=WRITE_CHUNK {blockData=conID: 1 locID: 102655682450686620 bcsId: 4893} | ret=SUCCESS |  
2019-08-21 15:30:04,678 | INFO  | DNAudit | user=null | ip=null | op=PUT_BLOCK {blockData=[blockId=conID: 1 locID: 102655682450686620 bcsId: 0,size=4194304]} | ret=SUCCESS |  
2019-08-21 15:30:04,678 [grpc-default-executor-0] INFO  client.GrpcClientProtocolClient (GrpcClientProtocolClient.java:onNext(255)) - client-029E50227556->355864cd-7ac5-4934-b366-9756b15dd90f: receive RaftClientReply:client-029E50227556->355864cd-7ac5-4934-b366-9756b15dd90f@group-785BCF25C267, cid=3250, SUCCESS, logIndex=4895, commits[355864cd-7ac5-4934-b366-9756b15dd90f:c4896, ce4aa411-63c8-4399-99eb-27ce352844f3:c4893, 3eeffb0a-787e-48ec-a2f5-d0c540a89489:c4893]
2019-08-21 15:30:04,679 [grpc-default-executor-0] INFO  client.GrpcClientProtocolClient (GrpcClientProtocolClient.java:onNext(255)) - client-029E50227556->355864cd-7ac5-4934-b366-9756b15dd90f: receive RaftClientReply:client-029E50227556->355864cd-7ac5-4934-b366-9756b15dd90f@group-785BCF25C267, cid=3251, SUCCESS, logIndex=4896, commits[355864cd-7ac5-4934-b366-9756b15dd90f:c4896, ce4aa411-63c8-4399-99eb-27ce352844f3:c4893, 3eeffb0a-787e-48ec-a2f5-d0c540a89489:c4893]
2019-08-21 15:30:04,679 | INFO  | DNAudit | user=null | ip=null | op=WRITE_CHUNK {blockData=conID: 1 locID: 102655682450686620 bcsId: 4893} | ret=SUCCESS |  
2019-08-21 15:30:04,679 | INFO  | DNAudit | user=null | ip=null | op=WRITE_CHUNK {blockData=conID: 1 locID: 102655682450686620 bcsId: 4893} | ret=SUCCESS |  
2019-08-21 15:30:04,679 | INFO  | DNAudit | user=null | ip=null | op=PUT_BLOCK {blockData=[blockId=conID: 1 locID: 102655682450686620 bcsId: 0,size=4194304]} | ret=SUCCESS |  
2019-08-21 15:30:04,680 | INFO  | DNAudit | user=null | ip=null | op=PUT_BLOCK {blockData=[blockId=conID: 1 locID: 102655682450686620 bcsId: 0,size=4194304]} | ret=SUCCESS |  
2019-08-21 15:30:04,680 [grpc-default-executor-3] INFO  client.GrpcClientProtocolClient (GrpcClientProtocolClient.java:onNext(255)) - client-029E50227556->355864cd-7ac5-4934-b366-9756b15dd90f: receive RaftClientReply:client-029E50227556->355864cd-7ac5-4934-b366-9756b15dd90f@group-785BCF25C267, cid=3252, SUCCESS, logIndex=0, commits[355864cd-7ac5-4934-b366-9756b15dd90f:c4897, ce4aa411-63c8-4399-99eb-27ce352844f3:c4896, 3eeffb0a-787e-48ec-a2f5-d0c540a89489:c4896]
2019-08-21 15:30:04,688 | INFO  | SCMAudit | user=jenkins1000 | ip=192.168.5.153 | op=ALLOCATE_BLOCK {owner=78849ec2-2b05-45d8-8cb5-e95e2230dbd1, size=4194304, type=RATIS, factor=THREE} | ret=SUCCESS |  
2019-08-21 15:30:04,694 | INFO  | OMAudit | user=jenkins1000 | ip=127.0.0.1 | op=ALLOCATE_BLOCK {volume=vol-0-32358, bucket=bucket-0-01949, key=key-0-56547, dataSize=0, replicationType=null, replicationFactor=null, keyLocationInfo=null, clientID=102655680532119954} | ret=SUCCESS |  
2019-08-21 15:30:04,702 | INFO  | DNAudit | user=null | ip=null | op=WRITE_CHUNK {blockData=conID: 2 locID: 102655682457633437 bcsId: 0} | ret=SUCCESS |  
2019-08-21 15:30:04,706 | INFO  | DNAudit | user=null | ip=null | op=WRITE_CHUNK {blockData=conID: 2 locID: 102655682457633437 bcsId: 0} | ret=SUCCESS |  
2019-08-21 15:30:04,707 | INFO  | DNAudit | user=null | ip=null | op=WRITE_CHUNK {blockData=conID: 2 locID: 102655682457633437 bcsId: 0} | ret=SUCCESS |  
2019-08-21 15:30:04,707 | INFO  | DNAudit | user=null | ip=null | op=WRITE_CHUNK {blockData=conID: 2 locID: 102655682457633437 bcsId: 0} | ret=SUCCESS |  
2019-08-21 15:30:04,709 | INFO  | DNAudit | user=null | ip=null | op=WRITE_CHUNK {blockData=conID: 2 locID: 102655682457633437 bcsId: 0} | ret=SUCCESS |  
2019-08-21 15:30:04,710 | INFO  | DNAudit | user=null | ip=null | op=WRITE_CHUNK {blockData=conID: 2 locID: 102655682457633437 bcsId: 0} | ret=SUCCESS |  
2019-08-21 15:30:04,716 | INFO  | DNAudit | user=null | ip=null | op=WRITE_CHUNK {blockData=conID: 2 locID: 102655682457633437 bcsId: 0} | ret=SUCCESS |  
2019-08-21 15:30:04,717 | INFO  | DNAudit | user=null | ip=null | op=PUT_BLOCK {blockData=[blockId=conID: 2 locID: 102655682457633437 bcsId: 0,size=1048576]} | ret=SUCCESS |  
2019-08-21 15:30:04,717 [grpc-default-executor-5] INFO  client.GrpcClientProtocolClient (GrpcClientProtocolClient.java:onNext(255)) - client-029E50227556->355864cd-7ac5-4934-b366-9756b15dd90f: receive RaftClientReply:client-029E50227556->355864cd-7ac5-4934-b366-9756b15dd90f@group-785BCF25C267, cid=3253, SUCCESS, logIndex=4899, commits[355864cd-7ac5-4934-b366-9756b15dd90f:c4900, ce4aa411-63c8-4399-99eb-27ce352844f3:c4898, 3eeffb0a-787e-48ec-a2f5-d0c540a89489:c4898]
2019-08-21 15:30:04,717 [grpc-default-executor-5] INFO  client.GrpcClientProtocolClient (GrpcClientProtocolClient.java:onNext(255)) - client-029E50227556->355864cd-7ac5-4934-b366-9756b15dd90f: receive RaftClientReply:client-029E50227556->355864cd-7ac5-4934-b366-9756b15dd90f@group-785BCF25C267, cid=3254, SUCCESS, logIndex=4900, commits[355864cd-7ac5-4934-b366-9756b15dd90f:c4900, ce4aa411-63c8-4399-99eb-27ce352844f3:c4898, 3eeffb0a-787e-48ec-a2f5-d0c540a89489:c4898]
2019-08-21 15:30:04,742 | INFO  | DNAudit | user=null | ip=null | op=WRITE_CHUNK {blockData=conID: 2 locID: 102655682457633437 bcsId: 0} | ret=SUCCESS |  
2019-08-21 15:30:04,742 | INFO  | DNAudit | user=null | ip=null | op=PUT_BLOCK {blockData=[blockId=conID: 2 locID: 102655682457633437 bcsId: 0,size=2097152]} | ret=SUCCESS |  
2019-08-21 15:30:04,742 [grpc-default-executor-4] INFO  client.GrpcClientProtocolClient (GrpcClientProtocolClient.java:onNext(255)) - client-029E50227556->355864cd-7ac5-4934-b366-9756b15dd90f: receive RaftClientReply:client-029E50227556->355864cd-7ac5-4934-b366-9756b15dd90f@group-785BCF25C267, cid=3255, SUCCESS, logIndex=4901, commits[355864cd-7ac5-4934-b366-9756b15dd90f:c4902, ce4aa411-63c8-4399-99eb-27ce352844f3:c4898, 3eeffb0a-787e-48ec-a2f5-d0c540a89489:c4898]
2019-08-21 15:30:04,742 | INFO  | DNAudit | user=null | ip=null | op=WRITE_CHUNK {blockData=conID: 2 locID: 102655682457633437 bcsId: 0} | ret=SUCCESS |  
2019-08-21 15:30:04,743 [grpc-default-executor-4] INFO  client.GrpcClientProtocolClient (GrpcClientProtocolClient.java:onNext(255)) - client-029E50227556->355864cd-7ac5-4934-b366-9756b15dd90f: receive RaftClientReply:client-029E50227556->355864cd-7ac5-4934-b366-9756b15dd90f@group-785BCF25C267, cid=3256, SUCCESS, logIndex=4902, commits[355864cd-7ac5-4934-b366-9756b15dd90f:c4902, ce4aa411-63c8-4399-99eb-27ce352844f3:c4898, 3eeffb0a-787e-48ec-a2f5-d0c540a89489:c4898]
2019-08-21 15:30:04,743 | INFO  | DNAudit | user=null | ip=null | op=PUT_BLOCK {blockData=[blockId=conID: 2 locID: 102655682457633437 bcsId: 0,size=1048576]} | ret=SUCCESS |  
2019-08-21 15:30:04,745 | INFO  | DNAudit | user=null | ip=null | op=WRITE_CHUNK {blockData=conID: 2 locID: 102655682457633437 bcsId: 0} | ret=SUCCESS |  
2019-08-21 15:30:04,745 | INFO  | DNAudit | user=null | ip=null | op=PUT_BLOCK {blockData=[blockId=conID: 2 locID: 102655682457633437 bcsId: 0,size=1048576]} | ret=SUCCESS |  
2019-08-21 15:30:04,745 [grpc-default-executor-4] INFO  client.GrpcClientProtocolClient (GrpcClientProtocolClient.java:onNext(255)) - client-029E50227556->355864cd-7ac5-4934-b366-9756b15dd90f: receive RaftClientReply:client-029E50227556->355864cd-7ac5-4934-b366-9756b15dd90f@group-785BCF25C267, cid=3257, SUCCESS, logIndex=0, commits[355864cd-7ac5-4934-b366-9756b15dd90f:c4904, ce4aa411-63c8-4399-99eb-27ce352844f3:c4900, 3eeffb0a-787e-48ec-a2f5-d0c540a89489:c4900]
2019-08-21 15:30:04,753 | INFO  | DNAudit | user=null | ip=null | op=WRITE_CHUNK {blockData=conID: 2 locID: 102655682457633437 bcsId: 4902} | ret=SUCCESS |  
2019-08-21 15:30:04,756 | INFO  | DNAudit | user=null | ip=null | op=WRITE_CHUNK {blockData=conID: 2 locID: 102655682457633437 bcsId: 0} | ret=SUCCESS |  
2019-08-21 15:30:04,756 | INFO  | DNAudit | user=null | ip=null | op=PUT_BLOCK {blockData=[blockId=conID: 2 locID: 102655682457633437 bcsId: 0,size=2097152]} | ret=SUCCESS |  
2019-08-21 15:30:04,756 | INFO  | DNAudit | user=null | ip=null | op=WRITE_CHUNK {blockData=conID: 2 locID: 102655682457633437 bcsId: 4902} | ret=SUCCESS |  
2019-08-21 15:30:04,757 | INFO  | DNAudit | user=null | ip=null | op=WRITE_CHUNK {blockData=conID: 2 locID: 102655682457633437 bcsId: 4902} | ret=SUCCESS |  
2019-08-21 15:30:04,758 | INFO  | DNAudit | user=null | ip=null | op=WRITE_CHUNK {blockData=conID: 2 locID: 102655682457633437 bcsId: 0} | ret=SUCCESS |  
2019-08-21 15:30:04,758 | INFO  | DNAudit | user=null | ip=null | op=PUT_BLOCK {blockData=[blockId=conID: 2 locID: 102655682457633437 bcsId: 0,size=2097152]} | ret=SUCCESS |  
2019-08-21 15:30:04,770 | INFO  | DNAudit | user=null | ip=null | op=WRITE_CHUNK {blockData=conID: 2 locID: 102655682457633437 bcsId: 4902} | ret=SUCCESS |  
2019-08-21 15:30:04,771 | INFO  | DNAudit | user=null | ip=null | op=PUT_BLOCK {blockData=[blockId=conID: 2 locID: 102655682457633437 bcsId: 0,size=3145728]} | ret=SUCCESS |  
2019-08-21 15:30:04,771 [grpc-default-executor-5] INFO  client.GrpcClientProtocolClient (GrpcClientProtocolClient.java:onNext(255)) - client-029E50227556->355864cd-7ac5-4934-b366-9756b15dd90f: receive RaftClientReply:client-029E50227556->355864cd-7ac5-4934-b366-9756b15dd90f@group-785BCF25C267, cid=3258, SUCCESS, logIndex=4907, commits[355864cd-7ac5-4934-b366-9756b15dd90f:c4908, ce4aa411-63c8-4399-99eb-27ce352844f3:c4904, 3eeffb0a-787e-48ec-a2f5-d0c540a89489:c4902]
2019-08-21 15:30:04,772 [grpc-default-executor-5] INFO  client.GrpcClientProtocolClient (GrpcClientProtocolClient.java:onNext(255)) - client-029E50227556->355864cd-7ac5-4934-b366-9756b15dd90f: receive RaftClientReply:client-029E50227556->355864cd-7ac5-4934-b366-9756b15dd90f@group-785BCF25C267, cid=3259, SUCCESS, logIndex=4908, commits[355864cd-7ac5-4934-b366-9756b15dd90f:c4908, ce4aa411-63c8-4399-99eb-27ce352844f3:c4904, 3eeffb0a-787e-48ec-a2f5-d0c540a89489:c4904]
2019-08-21 15:30:04,778 | INFO  | DNAudit | user=null | ip=null | op=WRITE_CHUNK {blockData=conID: 2 locID: 102655682457633437 bcsId: 4908} | ret=SUCCESS |  
2019-08-21 15:30:04,781 | INFO  | DNAudit | user=null | ip=null | op=WRITE_CHUNK {blockData=conID: 2 locID: 102655682457633437 bcsId: 4908} | ret=SUCCESS |  
2019-08-21 15:30:04,782 | INFO  | DNAudit | user=null | ip=null | op=WRITE_CHUNK {blockData=conID: 2 locID: 102655682457633437 bcsId: 4908} | ret=SUCCESS |  
2019-08-21 15:30:04,784 | INFO  | DNAudit | user=null | ip=null | op=WRITE_CHUNK {blockData=conID: 2 locID: 102655682457633437 bcsId: 4902} | ret=SUCCESS |  
2019-08-21 15:30:04,784 | INFO  | DNAudit | user=null | ip=null | op=WRITE_CHUNK {blockData=conID: 2 locID: 102655682457633437 bcsId: 4902} | ret=SUCCESS |  
2019-08-21 15:30:04,784 | INFO  | DNAudit | user=null | ip=null | op=PUT_BLOCK {blockData=[blockId=conID: 2 locID: 102655682457633437 bcsId: 0,size=3145728]} | ret=SUCCESS |  
2019-08-21 15:30:04,784 | INFO  | DNAudit | user=null | ip=null | op=PUT_BLOCK {blockData=[blockId=conID: 2 locID: 102655682457633437 bcsId: 0,size=3145728]} | ret=SUCCESS |  
2019-08-21 15:30:04,796 | INFO  | DNAudit | user=null | ip=null | op=WRITE_CHUNK {blockData=conID: 2 locID: 102655682457633437 bcsId: 4908} | ret=SUCCESS |  
2019-08-21 15:30:04,801 | INFO  | DNAudit | user=null | ip=null | op=PUT_BLOCK {blockData=[blockId=conID: 2 locID: 102655682457633437 bcsId: 0,size=4194304]} | ret=SUCCESS |  
2019-08-21 15:30:04,801 [grpc-default-executor-0] INFO  client.GrpcClientProtocolClient (GrpcClientProtocolClient.java:onNext(255)) - client-029E50227556->355864cd-7ac5-4934-b366-9756b15dd90f: receive RaftClientReply:client-029E50227556->355864cd-7ac5-4934-b366-9756b15dd90f@group-785BCF25C267, cid=3260, SUCCESS, logIndex=4910, commits[355864cd-7ac5-4934-b366-9756b15dd90f:c4911, ce4aa411-63c8-4399-99eb-27ce352844f3:c4908, 3eeffb0a-787e-48ec-a2f5-d0c540a89489:c4908]
2019-08-21 15:30:04,801 [grpc-default-executor-0] INFO  client.GrpcClientProtocolClient (GrpcClientProtocolClient.java:onNext(255)) - client-029E50227556->355864cd-7ac5-4934-b366-9756b15dd90f: receive RaftClientReply:client-029E50227556->355864cd-7ac5-4934-b366-9756b15dd90f@group-785BCF25C267, cid=3261, SUCCESS, logIndex=4911, commits[355864cd-7ac5-4934-b366-9756b15dd90f:c4911, ce4aa411-63c8-4399-99eb-27ce352844f3:c4908, 3eeffb0a-787e-48ec-a2f5-d0c540a89489:c4908]
2019-08-21 15:30:04,809 | INFO  | DNAudit | user=null | ip=null | op=WRITE_CHUNK {blockData=conID: 2 locID: 102655682457633437 bcsId: 4908} | ret=SUCCESS |  
2019-08-21 15:30:04,810 | INFO  | DNAudit | user=null | ip=null | op=WRITE_CHUNK {blockData=conID: 2 locID: 102655682457633437 bcsId: 4908} | ret=SUCCESS |  
2019-08-21 15:30:04,819 | INFO  | DNAudit | user=null | ip=null | op=PUT_BLOCK {blockData=[blockId=conID: 2 locID: 102655682457633437 bcsId: 0,size=4194304]} | ret=SUCCESS |  
2019-08-21 15:30:04,820 | INFO  | DNAudit | user=null | ip=null | op=PUT_BLOCK {blockData=[blockId=conID: 2 locID: 102655682457633437 bcsId: 0,size=4194304]} | ret=SUCCESS |  
2019-08-21 15:30:04,820 [grpc-default-executor-0] INFO  client.GrpcClientProtocolClient (GrpcClientProtocolClient.java:onNext(255)) - client-029E50227556->355864cd-7ac5-4934-b366-9756b15dd90f: receive RaftClientReply:client-029E50227556->355864cd-7ac5-4934-b366-9756b15dd90f@group-785BCF25C267, cid=3262, SUCCESS, logIndex=0, commits[355864cd-7ac5-4934-b366-9756b15dd90f:c4913, ce4aa411-63c8-4399-99eb-27ce352844f3:c4911, 3eeffb0a-787e-48ec-a2f5-d0c540a89489:c4911]
2019-08-21 15:30:04,828 | INFO  | SCMAudit | user=jenkins1000 | ip=192.168.5.153 | op=ALLOCATE_BLOCK {owner=78849ec2-2b05-45d8-8cb5-e95e2230dbd1, size=4194304, type=RATIS, factor=THREE} | ret=SUCCESS |  
2019-08-21 15:30:04,836 | INFO  | OMAudit | user=jenkins1000 | ip=127.0.0.1 | op=ALLOCATE_BLOCK {volume=vol-0-32358, bucket=bucket-0-01949, key=key-0-56547, dataSize=0, replicationType=null, replicationFactor=null, keyLocationInfo=null, clientID=102655680532119954} | ret=SUCCESS |  
2019-08-21 15:30:04,843 | INFO  | DNAudit | user=null | ip=null | op=WRITE_CHUNK {blockData=conID: 3 locID: 102655682466808478 bcsId: 0} | ret=SUCCESS |  
2019-08-21 15:30:04,845 | INFO  | DNAudit | user=null | ip=null | op=WRITE_CHUNK {blockData=conID: 3 locID: 102655682466808478 bcsId: 0} | ret=SUCCESS |  
2019-08-21 15:30:04,847 | INFO  | DNAudit | user=null | ip=null | op=WRITE_CHUNK {blockData=conID: 3 locID: 102655682466808478 bcsId: 0} | ret=SUCCESS |  
2019-08-21 15:30:04,847 | INFO  | DNAudit | user=null | ip=null | op=WRITE_CHUNK {blockData=conID: 3 locID: 102655682466808478 bcsId: 0} | ret=SUCCESS |  
2019-08-21 15:30:04,848 | INFO  | DNAudit | user=null | ip=null | op=WRITE_CHUNK {blockData=conID: 3 locID: 102655682466808478 bcsId: 0} | ret=SUCCESS |  
2019-08-21 15:30:04,848 | INFO  | DNAudit | user=null | ip=null | op=WRITE_CHUNK {blockData=conID: 3 locID: 102655682466808478 bcsId: 0} | ret=SUCCESS |  
2019-08-21 15:30:04,854 | INFO  | DNAudit | user=null | ip=null | op=WRITE_CHUNK {blockData=conID: 3 locID: 102655682466808478 bcsId: 0} | ret=SUCCESS |  
2019-08-21 15:30:04,855 | INFO  | DNAudit | user=null | ip=null | op=PUT_BLOCK {blockData=[blockId=conID: 3 locID: 102655682466808478 bcsId: 0,size=1048576]} | ret=SUCCESS |  
2019-08-21 15:30:04,855 | INFO  | DNAudit | user=null | ip=null | op=WRITE_CHUNK {blockData=conID: 3 locID: 102655682466808478 bcsId: 0} | ret=SUCCESS |  
2019-08-21 15:30:04,855 [grpc-default-executor-5] INFO  client.GrpcClientProtocolClient (GrpcClientProtocolClient.java:onNext(255)) - client-029E50227556->355864cd-7ac5-4934-b366-9756b15dd90f: receive RaftClientReply:client-029E50227556->355864cd-7ac5-4934-b366-9756b15dd90f@group-785BCF25C267, cid=3263, SUCCESS, logIndex=4914, commits[355864cd-7ac5-4934-b366-9756b15dd90f:c4915, ce4aa411-63c8-4399-99eb-27ce352844f3:c4913, 3eeffb0a-787e-48ec-a2f5-d0c540a89489:c4913]
2019-08-21 15:30:04,856 | INFO  | DNAudit | user=null | ip=null | op=PUT_BLOCK {blockData=[blockId=conID: 3 locID: 102655682466808478 bcsId: 0,size=2097152]} | ret=SUCCESS |  
2019-08-21 15:30:04,856 [grpc-default-executor-5] INFO  client.GrpcClientProtocolClient (GrpcClientProtocolClient.java:onNext(255)) - client-029E50227556->355864cd-7ac5-4934-b366-9756b15dd90f: receive RaftClientReply:client-029E50227556->355864cd-7ac5-4934-b366-9756b15dd90f@group-785BCF25C267, cid=3264, SUCCESS, logIndex=4915, commits[355864cd-7ac5-4934-b366-9756b15dd90f:c4917, ce4aa411-63c8-4399-99eb-27ce352844f3:c4913, 3eeffb0a-787e-48ec-a2f5-d0c540a89489:c4913]
2019-08-21 15:30:04,856 [grpc-default-executor-5] INFO  client.GrpcClientProtocolClient (GrpcClientProtocolClient.java:onNext(255)) - client-029E50227556->355864cd-7ac5-4934-b366-9756b15dd90f: receive RaftClientReply:client-029E50227556->355864cd-7ac5-4934-b366-9756b15dd90f@group-785BCF25C267, cid=3265, SUCCESS, logIndex=4916, commits[355864cd-7ac5-4934-b366-9756b15dd90f:c4917, ce4aa411-63c8-4399-99eb-27ce352844f3:c4913, 3eeffb0a-787e-48ec-a2f5-d0c540a89489:c4913]
2019-08-21 15:30:04,857 [grpc-default-executor-5] INFO  client.GrpcClientProtocolClient (GrpcClientProtocolClient.java:onNext(255)) - client-029E50227556->355864cd-7ac5-4934-b366-9756b15dd90f: receive RaftClientReply:client-029E50227556->355864cd-7ac5-4934-b366-9756b15dd90f@group-785BCF25C267, cid=3266, SUCCESS, logIndex=4917, commits[355864cd-7ac5-4934-b366-9756b15dd90f:c4917, ce4aa411-63c8-4399-99eb-27ce352844f3:c4913, 3eeffb0a-787e-48ec-a2f5-d0c540a89489:c4913]
2019-08-21 15:30:04,873 | INFO  | DNAudit | user=null | ip=null | op=WRITE_CHUNK {blockData=conID: 3 locID: 102655682466808478 bcsId: 0} | ret=SUCCESS |  
2019-08-21 15:30:04,873 | INFO  | DNAudit | user=null | ip=null | op=PUT_BLOCK {blockData=[blockId=conID: 3 locID: 102655682466808478 bcsId: 0,size=1048576]} | ret=SUCCESS |  
2019-08-21 15:30:04,875 | INFO  | DNAudit | user=null | ip=null | op=WRITE_CHUNK {blockData=conID: 3 locID: 102655682466808478 bcsId: 0} | ret=SUCCESS |  
2019-08-21 15:30:04,884 | INFO  | DNAudit | user=null | ip=null | op=WRITE_CHUNK {blockData=conID: 3 locID: 102655682466808478 bcsId: 0} | ret=SUCCESS |  
2019-08-21 15:30:04,884 | INFO  | DNAudit | user=null | ip=null | op=PUT_BLOCK {blockData=[blockId=conID: 3 locID: 102655682466808478 bcsId: 0,size=2097152]} | ret=SUCCESS |  
2019-08-21 15:30:04,885 | INFO  | DNAudit | user=null | ip=null | op=PUT_BLOCK {blockData=[blockId=conID: 3 locID: 102655682466808478 bcsId: 0,size=1048576]} | ret=SUCCESS |  
2019-08-21 15:30:04,885 | INFO  | DNAudit | user=null | ip=null | op=WRITE_CHUNK {blockData=conID: 3 locID: 102655682466808478 bcsId: 0} | ret=SUCCESS |  
2019-08-21 15:30:04,885 | INFO  | DNAudit | user=null | ip=null | op=PUT_BLOCK {blockData=[blockId=conID: 3 locID: 102655682466808478 bcsId: 0,size=2097152]} | ret=SUCCESS |  
2019-08-21 15:30:04,885 [grpc-default-executor-5] INFO  client.GrpcClientProtocolClient (GrpcClientProtocolClient.java:onNext(255)) - client-029E50227556->355864cd-7ac5-4934-b366-9756b15dd90f: receive RaftClientReply:client-029E50227556->355864cd-7ac5-4934-b366-9756b15dd90f@group-785BCF25C267, cid=3267, SUCCESS, logIndex=0, commits[355864cd-7ac5-4934-b366-9756b15dd90f:c4921, ce4aa411-63c8-4399-99eb-27ce352844f3:c4915, 3eeffb0a-787e-48ec-a2f5-d0c540a89489:c4917]
2019-08-21 15:30:04,892 | INFO  | DNAudit | user=null | ip=null | op=WRITE_CHUNK {blockData=conID: 3 locID: 102655682466808478 bcsId: 4917} | ret=SUCCESS |  
2019-08-21 15:30:04,894 | INFO  | DNAudit | user=null | ip=null | op=WRITE_CHUNK {blockData=conID: 3 locID: 102655682466808478 bcsId: 4917} | ret=SUCCESS |  
2019-08-21 15:30:04,895 | INFO  | DNAudit | user=null | ip=null | op=WRITE_CHUNK {blockData=conID: 3 locID: 102655682466808478 bcsId: 4917} | ret=SUCCESS |  
2019-08-21 15:30:04,913 | INFO  | DNAudit | user=null | ip=null | op=WRITE_CHUNK {blockData=conID: 3 locID: 102655682466808478 bcsId: 4917} | ret=SUCCESS |  
2019-08-21 15:30:04,913 | INFO  | DNAudit | user=null | ip=null | op=PUT_BLOCK {blockData=[blockId=conID: 3 locID: 102655682466808478 bcsId: 0,size=3145728]} | ret=SUCCESS |  
2019-08-21 15:30:04,914 [grpc-default-executor-3] INFO  client.GrpcClientProtocolClient (GrpcClientProtocolClient.java:onNext(255)) - client-029E50227556->355864cd-7ac5-4934-b366-9756b15dd90f: receive RaftClientReply:client-029E50227556->355864cd-7ac5-4934-b366-9756b15dd90f@group-785BCF25C267, cid=3268, SUCCESS, logIndex=4922, commits[355864cd-7ac5-4934-b366-9756b15dd90f:c4923, ce4aa411-63c8-4399-99eb-27ce352844f3:c4921, 3eeffb0a-787e-48ec-a2f5-d0c540a89489:c4921]
2019-08-21 15:30:04,914 [grpc-default-executor-3] INFO  client.GrpcClientProtocolClient (GrpcClientProtocolClient.java:onNext(255)) - client-029E50227556->355864cd-7ac5-4934-b366-9756b15dd90f: receive RaftClientReply:client-029E50227556->355864cd-7ac5-4934-b366-9756b15dd90f@group-785BCF25C267, cid=3269, SUCCESS, logIndex=4923, commits[355864cd-7ac5-4934-b366-9756b15dd90f:c4923, ce4aa411-63c8-4399-99eb-27ce352844f3:c4921, 3eeffb0a-787e-48ec-a2f5-d0c540a89489:c4921]
2019-08-21 15:30:04,921 | INFO  | DNAudit | user=null | ip=null | op=WRITE_CHUNK {blockData=conID: 3 locID: 102655682466808478 bcsId: 4923} | ret=SUCCESS |  
2019-08-21 15:30:04,924 | INFO  | DNAudit | user=null | ip=null | op=WRITE_CHUNK {blockData=conID: 3 locID: 102655682466808478 bcsId: 4923} | ret=SUCCESS |  
2019-08-21 15:30:04,924 | INFO  | DNAudit | user=null | ip=null | op=WRITE_CHUNK {blockData=conID: 3 locID: 102655682466808478 bcsId: 4923} | ret=SUCCESS |  
2019-08-21 15:30:04,926 | INFO  | DNAudit | user=null | ip=null | op=WRITE_CHUNK {blockData=conID: 3 locID: 102655682466808478 bcsId: 4917} | ret=SUCCESS |  
2019-08-21 15:30:04,926 | INFO  | DNAudit | user=null | ip=null | op=WRITE_CHUNK {blockData=conID: 3 locID: 102655682466808478 bcsId: 4917} | ret=SUCCESS |  
2019-08-21 15:30:04,927 | INFO  | DNAudit | user=null | ip=null | op=PUT_BLOCK {blockData=[blockId=conID: 3 locID: 102655682466808478 bcsId: 0,size=3145728]} | ret=SUCCESS |  
2019-08-21 15:30:04,927 | INFO  | DNAudit | user=null | ip=null | op=PUT_BLOCK {blockData=[blockId=conID: 3 locID: 102655682466808478 bcsId: 0,size=3145728]} | ret=SUCCESS |  
2019-08-21 15:30:04,936 | INFO  | DNAudit | user=null | ip=null | op=WRITE_CHUNK {blockData=conID: 3 locID: 102655682466808478 bcsId: 4923} | ret=SUCCESS |  
2019-08-21 15:30:04,936 | INFO  | DNAudit | user=null | ip=null | op=PUT_BLOCK {blockData=[blockId=conID: 3 locID: 102655682466808478 bcsId: 0,size=4194304]} | ret=SUCCESS |  
2019-08-21 15:30:04,937 [grpc-default-executor-0] INFO  client.GrpcClientProtocolClient (GrpcClientProtocolClient.java:onNext(255)) - client-029E50227556->355864cd-7ac5-4934-b366-9756b15dd90f: receive RaftClientReply:client-029E50227556->355864cd-7ac5-4934-b366-9756b15dd90f@group-785BCF25C267, cid=3270, SUCCESS, logIndex=4926, commits[355864cd-7ac5-4934-b366-9756b15dd90f:c4927, ce4aa411-63c8-4399-99eb-27ce352844f3:c4923, 3eeffb0a-787e-48ec-a2f5-d0c540a89489:c4923]
2019-08-21 15:30:04,937 [grpc-default-executor-0] INFO  client.GrpcClientProtocolClient (GrpcClientProtocolClient.java:onNext(255)) - client-029E50227556->355864cd-7ac5-4934-b366-9756b15dd90f: receive RaftClientReply:client-029E50227556->355864cd-7ac5-4934-b366-9756b15dd90f@group-785BCF25C267, cid=3271, SUCCESS, logIndex=4927, commits[355864cd-7ac5-4934-b366-9756b15dd90f:c4927, ce4aa411-63c8-4399-99eb-27ce352844f3:c4923, 3eeffb0a-787e-48ec-a2f5-d0c540a89489:c4923]
2019-08-21 15:30:04,947 | INFO  | DNAudit | user=null | ip=null | op=WRITE_CHUNK {blockData=conID: 3 locID: 102655682466808478 bcsId: 4923} | ret=SUCCESS |  
2019-08-21 15:30:04,947 | INFO  | DNAudit | user=null | ip=null | op=WRITE_CHUNK {blockData=conID: 3 locID: 102655682466808478 bcsId: 4923} | ret=SUCCESS |  
2019-08-21 15:30:04,948 | INFO  | DNAudit | user=null | ip=null | op=PUT_BLOCK {blockData=[blockId=conID: 3 locID: 102655682466808478 bcsId: 0,size=4194304]} | ret=SUCCESS |  
2019-08-21 15:30:04,948 | INFO  | DNAudit | user=null | ip=null | op=PUT_BLOCK {blockData=[blockId=conID: 3 locID: 102655682466808478 bcsId: 0,size=4194304]} | ret=SUCCESS |  
2019-08-21 15:30:04,948 [grpc-default-executor-0] INFO  client.GrpcClientProtocolClient (GrpcClientProtocolClient.java:onNext(255)) - client-029E50227556->355864cd-7ac5-4934-b366-9756b15dd90f: receive RaftClientReply:client-029E50227556->355864cd-7ac5-4934-b366-9756b15dd90f@group-785BCF25C267, cid=3272, SUCCESS, logIndex=0, commits[355864cd-7ac5-4934-b366-9756b15dd90f:c4927, ce4aa411-63c8-4399-99eb-27ce352844f3:c4927, 3eeffb0a-787e-48ec-a2f5-d0c540a89489:c4927]
2019-08-21 15:30:04,956 | INFO  | SCMAudit | user=jenkins1000 | ip=192.168.5.153 | op=ALLOCATE_BLOCK {owner=78849ec2-2b05-45d8-8cb5-e95e2230dbd1, size=4194304, type=RATIS, factor=THREE} | ret=SUCCESS |  
2019-08-21 15:30:04,962 | INFO  | OMAudit | user=jenkins1000 | ip=127.0.0.1 | op=ALLOCATE_BLOCK {volume=vol-0-32358, bucket=bucket-0-01949, key=key-0-56547, dataSize=0, replicationType=null, replicationFactor=null, keyLocationInfo=null, clientID=102655680532119954} | ret=SUCCESS |  
2019-08-21 15:30:04,970 | INFO  | DNAudit | user=null | ip=null | op=WRITE_CHUNK {blockData=conID: 1 locID: 102655682475197087 bcsId: 0} | ret=SUCCESS |  
2019-08-21 15:30:04,971 | INFO  | DNAudit | user=null | ip=null | op=WRITE_CHUNK {blockData=conID: 1 locID: 102655682475197087 bcsId: 0} | ret=SUCCESS |  
2019-08-21 15:30:04,972 | INFO  | DNAudit | user=null | ip=null | op=WRITE_CHUNK {blockData=conID: 1 locID: 102655682475197087 bcsId: 0} | ret=SUCCESS |  
2019-08-21 15:30:04,973 | INFO  | DNAudit | user=null | ip=null | op=WRITE_CHUNK {blockData=conID: 1 locID: 102655682475197087 bcsId: 0} | ret=SUCCESS |  
2019-08-21 15:30:04,974 | INFO  | DNAudit | user=null | ip=null | op=WRITE_CHUNK {blockData=conID: 1 locID: 102655682475197087 bcsId: 0} | ret=SUCCESS |  
2019-08-21 15:30:04,974 | INFO  | DNAudit | user=null | ip=null | op=WRITE_CHUNK {blockData=conID: 1 locID: 102655682475197087 bcsId: 0} | ret=SUCCESS |  
2019-08-21 15:30:04,984 | INFO  | DNAudit | user=null | ip=null | op=WRITE_CHUNK {blockData=conID: 1 locID: 102655682475197087 bcsId: 0} | ret=SUCCESS |  
2019-08-21 15:30:04,985 | INFO  | DNAudit | user=null | ip=null | op=PUT_BLOCK {blockData=[blockId=conID: 1 locID: 102655682475197087 bcsId: 0,size=1048576]} | ret=SUCCESS |  
2019-08-21 15:30:04,985 [grpc-default-executor-3] INFO  client.GrpcClientProtocolClient (GrpcClientProtocolClient.java:onNext(255)) - client-029E50227556->355864cd-7ac5-4934-b366-9756b15dd90f: receive RaftClientReply:client-029E50227556->355864cd-7ac5-4934-b366-9756b15dd90f@group-785BCF25C267, cid=3273, SUCCESS, logIndex=4929, commits[355864cd-7ac5-4934-b366-9756b15dd90f:c4931, ce4aa411-63c8-4399-99eb-27ce352844f3:c4928, 3eeffb0a-787e-48ec-a2f5-d0c540a89489:c4928]
2019-08-21 15:30:04,985 | INFO  | DNAudit | user=null | ip=null | op=WRITE_CHUNK {blockData=conID: 1 locID: 102655682475197087 bcsId: 0} | ret=SUCCESS |  
2019-08-21 15:30:04,986 | INFO  | DNAudit | user=null | ip=null | op=PUT_BLOCK {blockData=[blockId=conID: 1 locID: 102655682475197087 bcsId: 0,size=2097152]} | ret=SUCCESS |  
2019-08-21 15:30:04,986 [grpc-default-executor-3] INFO  client.GrpcClientProtocolClient (GrpcClientProtocolClient.java:onNext(255)) - client-029E50227556->355864cd-7ac5-4934-b366-9756b15dd90f: receive RaftClientReply:client-029E50227556->355864cd-7ac5-4934-b366-9756b15dd90f@group-785BCF25C267, cid=3274, SUCCESS, logIndex=4930, commits[355864cd-7ac5-4934-b366-9756b15dd90f:c4932, ce4aa411-63c8-4399-99eb-27ce352844f3:c4928, 3eeffb0a-787e-48ec-a2f5-d0c540a89489:c4928]
2019-08-21 15:30:04,986 [grpc-default-executor-3] INFO  client.GrpcClientProtocolClient (GrpcClientProtocolClient.java:onNext(255)) - client-029E50227556->355864cd-7ac5-4934-b366-9756b15dd90f: receive RaftClientReply:client-029E50227556->355864cd-7ac5-4934-b366-9756b15dd90f@group-785BCF25C267, cid=3275, SUCCESS, logIndex=4931, commits[355864cd-7ac5-4934-b366-9756b15dd90f:c4932, ce4aa411-63c8-4399-99eb-27ce352844f3:c4928, 3eeffb0a-787e-48ec-a2f5-d0c540a89489:c4928]
2019-08-21 15:30:04,986 [grpc-default-executor-3] INFO  client.GrpcClientProtocolClient (GrpcClientProtocolClient.java:onNext(255)) - client-029E50227556->355864cd-7ac5-4934-b366-9756b15dd90f: receive RaftClientReply:client-029E50227556->355864cd-7ac5-4934-b366-9756b15dd90f@group-785BCF25C267, cid=3276, SUCCESS, logIndex=4932, commits[355864cd-7ac5-4934-b366-9756b15dd90f:c4932, ce4aa411-63c8-4399-99eb-27ce352844f3:c4928, 3eeffb0a-787e-48ec-a2f5-d0c540a89489:c4928]
2019-08-21 15:30:04,998 | INFO  | DNAudit | user=null | ip=null | op=WRITE_CHUNK {blockData=conID: 1 locID: 102655682475197087 bcsId: 0} | ret=SUCCESS |  
2019-08-21 15:30:04,998 | INFO  | DNAudit | user=null | ip=null | op=WRITE_CHUNK {blockData=conID: 1 locID: 102655682475197087 bcsId: 0} | ret=SUCCESS |  
2019-08-21 15:30:05,010 | INFO  | DNAudit | user=null | ip=null | op=PUT_BLOCK {blockData=[blockId=conID: 1 locID: 102655682475197087 bcsId: 0,size=1048576]} | ret=SUCCESS |  
2019-08-21 15:30:05,011 | INFO  | DNAudit | user=null | ip=null | op=PUT_BLOCK {blockData=[blockId=conID: 1 locID: 102655682475197087 bcsId: 0,size=1048576]} | ret=SUCCESS |  
2019-08-21 15:30:05,011 | INFO  | DNAudit | user=null | ip=null | op=WRITE_CHUNK {blockData=conID: 1 locID: 102655682475197087 bcsId: 0} | ret=SUCCESS |  
2019-08-21 15:30:05,011 | INFO  | DNAudit | user=null | ip=null | op=PUT_BLOCK {blockData=[blockId=conID: 1 locID: 102655682475197087 bcsId: 0,size=2097152]} | ret=SUCCESS |  
2019-08-21 15:30:05,011 | INFO  | DNAudit | user=null | ip=null | op=WRITE_CHUNK {blockData=conID: 1 locID: 102655682475197087 bcsId: 0} | ret=SUCCESS |  
2019-08-21 15:30:05,012 | INFO  | DNAudit | user=null | ip=null | op=PUT_BLOCK {blockData=[blockId=conID: 1 locID: 102655682475197087 bcsId: 0,size=2097152]} | ret=SUCCESS |  
2019-08-21 15:30:05,012 [grpc-default-executor-3] INFO  client.GrpcClientProtocolClient (GrpcClientProtocolClient.java:onNext(255)) - client-029E50227556->355864cd-7ac5-4934-b366-9756b15dd90f: receive RaftClientReply:client-029E50227556->355864cd-7ac5-4934-b366-9756b15dd90f@group-785BCF25C267, cid=3277, SUCCESS, logIndex=0, commits[355864cd-7ac5-4934-b366-9756b15dd90f:c4934, ce4aa411-63c8-4399-99eb-27ce352844f3:c4930, 3eeffb0a-787e-48ec-a2f5-d0c540a89489:c4930]
2019-08-21 15:30:05,021 | INFO  | DNAudit | user=null | ip=null | op=WRITE_CHUNK {blockData=conID: 1 locID: 102655682475197087 bcsId: 4932} | ret=SUCCESS |  
2019-08-21 15:30:05,024 | INFO  | DNAudit | user=null | ip=null | op=WRITE_CHUNK {blockData=conID: 1 locID: 102655682475197087 bcsId: 4932} | ret=SUCCESS |  
2019-08-21 15:30:05,024 | INFO  | DNAudit | user=null | ip=null | op=WRITE_CHUNK {blockData=conID: 1 locID: 102655682475197087 bcsId: 4932} | ret=SUCCESS |  
2019-08-21 15:30:05,035 | INFO  | DNAudit | user=null | ip=null | op=WRITE_CHUNK {blockData=conID: 1 locID: 102655682475197087 bcsId: 4932} | ret=SUCCESS |  
2019-08-21 15:30:05,035 | INFO  | DNAudit | user=null | ip=null | op=PUT_BLOCK {blockData=[blockId=conID: 1 locID: 102655682475197087 bcsId: 0,size=3145728]} | ret=SUCCESS |  
2019-08-21 15:30:05,036 [grpc-default-executor-4] INFO  client.GrpcClientProtocolClient (GrpcClientProtocolClient.java:onNext(255)) - client-029E50227556->355864cd-7ac5-4934-b366-9756b15dd90f: receive RaftClientReply:client-029E50227556->355864cd-7ac5-4934-b366-9756b15dd90f@group-785BCF25C267, cid=3278, SUCCESS, logIndex=4937, commits[355864cd-7ac5-4934-b366-9756b15dd90f:c4938, ce4aa411-63c8-4399-99eb-27ce352844f3:c4936, 3eeffb0a-787e-48ec-a2f5-d0c540a89489:c4936]
2019-08-21 15:30:05,036 [grpc-default-executor-4] INFO  client.GrpcClientProtocolClient (GrpcClientProtocolClient.java:onNext(255)) - client-029E50227556->355864cd-7ac5-4934-b366-9756b15dd90f: receive RaftClientReply:client-029E50227556->355864cd-7ac5-4934-b366-9756b15dd90f@group-785BCF25C267, cid=3279, SUCCESS, logIndex=4938, commits[355864cd-7ac5-4934-b366-9756b15dd90f:c4938, ce4aa411-63c8-4399-99eb-27ce352844f3:c4936, 3eeffb0a-787e-48ec-a2f5-d0c540a89489:c4936]
2019-08-21 15:30:05,044 | INFO  | DNAudit | user=null | ip=null | op=WRITE_CHUNK {blockData=conID: 1 locID: 102655682475197087 bcsId: 4938} | ret=SUCCESS |  
2019-08-21 15:30:05,047 | INFO  | DNAudit | user=null | ip=null | op=WRITE_CHUNK {blockData=conID: 1 locID: 102655682475197087 bcsId: 4938} | ret=SUCCESS |  
2019-08-21 15:30:05,051 | INFO  | DNAudit | user=null | ip=null | op=WRITE_CHUNK {blockData=conID: 1 locID: 102655682475197087 bcsId: 4932} | ret=SUCCESS |  
2019-08-21 15:30:05,051 | INFO  | DNAudit | user=null | ip=null | op=WRITE_CHUNK {blockData=conID: 1 locID: 102655682475197087 bcsId: 4932} | ret=SUCCESS |  
2019-08-21 15:30:05,051 | INFO  | DNAudit | user=null | ip=null | op=PUT_BLOCK {blockData=[blockId=conID: 1 locID: 102655682475197087 bcsId: 0,size=3145728]} | ret=SUCCESS |  
2019-08-21 15:30:05,051 | INFO  | DNAudit | user=null | ip=null | op=PUT_BLOCK {blockData=[blockId=conID: 1 locID: 102655682475197087 bcsId: 0,size=3145728]} | ret=SUCCESS |  
2019-08-21 15:30:05,052 | INFO  | DNAudit | user=null | ip=null | op=WRITE_CHUNK {blockData=conID: 1 locID: 102655682475197087 bcsId: 4938} | ret=SUCCESS |  
2019-08-21 15:30:05,062 | INFO  | DNAudit | user=null | ip=null | op=WRITE_CHUNK {blockData=conID: 1 locID: 102655682475197087 bcsId: 4938} | ret=SUCCESS |  
2019-08-21 15:30:05,063 | INFO  | DNAudit | user=null | ip=null | op=PUT_BLOCK {blockData=[blockId=conID: 1 locID: 102655682475197087 bcsId: 0,size=4194304]} | ret=SUCCESS |  
2019-08-21 15:30:05,063 [grpc-default-executor-4] INFO  client.GrpcClientProtocolClient (GrpcClientProtocolClient.java:onNext(255)) - client-029E50227556->355864cd-7ac5-4934-b366-9756b15dd90f: receive RaftClientReply:client-029E50227556->355864cd-7ac5-4934-b366-9756b15dd90f@group-785BCF25C267, cid=3280, SUCCESS, logIndex=4941, commits[355864cd-7ac5-4934-b366-9756b15dd90f:c4942, ce4aa411-63c8-4399-99eb-27ce352844f3:c4938, 3eeffb0a-787e-48ec-a2f5-d0c540a89489:c4938]
2019-08-21 15:30:05,063 [grpc-default-executor-4] INFO  client.GrpcClientProtocolClient (GrpcClientProtocolClient.java:onNext(255)) - client-029E50227556->355864cd-7ac5-4934-b366-9756b15dd90f: receive RaftClientReply:client-029E50227556->355864cd-7ac5-4934-b366-9756b15dd90f@group-785BCF25C267, cid=3281, SUCCESS, logIndex=4942, commits[355864cd-7ac5-4934-b366-9756b15dd90f:c4942, ce4aa411-63c8-4399-99eb-27ce352844f3:c4938, 3eeffb0a-787e-48ec-a2f5-d0c540a89489:c4938]
2019-08-21 15:30:05,074 | INFO  | DNAudit | user=null | ip=null | op=WRITE_CHUNK {blockData=conID: 1 locID: 102655682475197087 bcsId: 4938} | ret=SUCCESS |  
2019-08-21 15:30:05,086 | INFO  | DNAudit | user=null | ip=null | op=WRITE_CHUNK {blockData=conID: 1 locID: 102655682475197087 bcsId: 4938} | ret=SUCCESS |  
2019-08-21 15:30:05,086 | INFO  | DNAudit | user=null | ip=null | op=PUT_BLOCK {blockData=[blockId=conID: 1 locID: 102655682475197087 bcsId: 0,size=4194304]} | ret=SUCCESS |  
2019-08-21 15:30:05,087 | INFO  | DNAudit | user=null | ip=null | op=PUT_BLOCK {blockData=[blockId=conID: 1 locID: 102655682475197087 bcsId: 0,size=4194304]} | ret=SUCCESS |  
2019-08-21 15:30:05,088 [grpc-default-executor-4] INFO  client.GrpcClientProtocolClient (GrpcClientProtocolClient.java:onNext(255)) - client-029E50227556->355864cd-7ac5-4934-b366-9756b15dd90f: receive RaftClientReply:client-029E50227556->355864cd-7ac5-4934-b366-9756b15dd90f@group-785BCF25C267, cid=3282, SUCCESS, logIndex=0, commits[355864cd-7ac5-4934-b366-9756b15dd90f:c4944, ce4aa411-63c8-4399-99eb-27ce352844f3:c4942, 3eeffb0a-787e-48ec-a2f5-d0c540a89489:c4942]
2019-08-21 15:30:05,095 | INFO  | SCMAudit | user=jenkins1000 | ip=192.168.5.153 | op=ALLOCATE_BLOCK {owner=78849ec2-2b05-45d8-8cb5-e95e2230dbd1, size=4194304, type=RATIS, factor=THREE} | ret=SUCCESS |  
2019-08-21 15:30:05,100 | INFO  | OMAudit | user=jenkins1000 | ip=127.0.0.1 | op=ALLOCATE_BLOCK {volume=vol-0-32358, bucket=bucket-0-01949, key=key-0-56547, dataSize=0, replicationType=null, replicationFactor=null, keyLocationInfo=null, clientID=102655680532119954} | ret=SUCCESS |  
2019-08-21 15:30:05,108 | INFO  | DNAudit | user=null | ip=null | op=WRITE_CHUNK {blockData=conID: 2 locID: 102655682484306592 bcsId: 0} | ret=SUCCESS |  
2019-08-21 15:30:05,111 | INFO  | DNAudit | user=null | ip=null | op=WRITE_CHUNK {blockData=conID: 2 locID: 102655682484306592 bcsId: 0} | ret=SUCCESS |  
2019-08-21 15:30:05,111 | INFO  | DNAudit | user=null | ip=null | op=WRITE_CHUNK {blockData=conID: 2 locID: 102655682484306592 bcsId: 0} | ret=SUCCESS |  
2019-08-21 15:30:05,112 | INFO  | DNAudit | user=null | ip=null | op=WRITE_CHUNK {blockData=conID: 2 locID: 102655682484306592 bcsId: 0} | ret=SUCCESS |  
2019-08-21 15:30:05,114 | INFO  | DNAudit | user=null | ip=null | op=WRITE_CHUNK {blockData=conID: 2 locID: 102655682484306592 bcsId: 0} | ret=SUCCESS |  
2019-08-21 15:30:05,114 | INFO  | DNAudit | user=null | ip=null | op=WRITE_CHUNK {blockData=conID: 2 locID: 102655682484306592 bcsId: 0} | ret=SUCCESS |  
2019-08-21 15:30:05,121 | INFO  | DNAudit | user=null | ip=null | op=WRITE_CHUNK {blockData=conID: 2 locID: 102655682484306592 bcsId: 0} | ret=SUCCESS |  
2019-08-21 15:30:05,121 | INFO  | DNAudit | user=null | ip=null | op=PUT_BLOCK {blockData=[blockId=conID: 2 locID: 102655682484306592 bcsId: 0,size=1048576]} | ret=SUCCESS |  
2019-08-21 15:30:05,122 [grpc-default-executor-4] INFO  client.GrpcClientProtocolClient (GrpcClientProtocolClient.java:onNext(255)) - client-029E50227556->355864cd-7ac5-4934-b366-9756b15dd90f: receive RaftClientReply:client-029E50227556->355864cd-7ac5-4934-b366-9756b15dd90f@group-785BCF25C267, cid=3283, SUCCESS, logIndex=4945, commits[355864cd-7ac5-4934-b366-9756b15dd90f:c4948, ce4aa411-63c8-4399-99eb-27ce352844f3:c4944, 3eeffb0a-787e-48ec-a2f5-d0c540a89489:c4944]
2019-08-21 15:30:05,122 | INFO  | DNAudit | user=null | ip=null | op=WRITE_CHUNK {blockData=conID: 2 locID: 102655682484306592 bcsId: 0} | ret=SUCCESS |  
2019-08-21 15:30:05,122 | INFO  | DNAudit | user=null | ip=null | op=PUT_BLOCK {blockData=[blockId=conID: 2 locID: 102655682484306592 bcsId: 0,size=2097152]} | ret=SUCCESS |  
2019-08-21 15:30:05,122 [grpc-default-executor-4] INFO  client.GrpcClientProtocolClient (GrpcClientProtocolClient.java:onNext(255)) - client-029E50227556->355864cd-7ac5-4934-b366-9756b15dd90f: receive RaftClientReply:client-029E50227556->355864cd-7ac5-4934-b366-9756b15dd90f@group-785BCF25C267, cid=3284, SUCCESS, logIndex=4946, commits[355864cd-7ac5-4934-b366-9756b15dd90f:c4948, ce4aa411-63c8-4399-99eb-27ce352844f3:c4944, 3eeffb0a-787e-48ec-a2f5-d0c540a89489:c4944]
2019-08-21 15:30:05,123 [grpc-default-executor-4] INFO  client.GrpcClientProtocolClient (GrpcClientProtocolClient.java:onNext(255)) - client-029E50227556->355864cd-7ac5-4934-b366-9756b15dd90f: receive RaftClientReply:client-029E50227556->355864cd-7ac5-4934-b366-9756b15dd90f@group-785BCF25C267, cid=3285, SUCCESS, logIndex=4947, commits[355864cd-7ac5-4934-b366-9756b15dd90f:c4948, ce4aa411-63c8-4399-99eb-27ce352844f3:c4944, 3eeffb0a-787e-48ec-a2f5-d0c540a89489:c4944]
2019-08-21 15:30:05,123 [grpc-default-executor-4] INFO  client.GrpcClientProtocolClient (GrpcClientProtocolClient.java:onNext(255)) - client-029E50227556->355864cd-7ac5-4934-b366-9756b15dd90f: receive RaftClientReply:client-029E50227556->355864cd-7ac5-4934-b366-9756b15dd90f@group-785BCF25C267, cid=3286, SUCCESS, logIndex=4948, commits[355864cd-7ac5-4934-b366-9756b15dd90f:c4948, ce4aa411-63c8-4399-99eb-27ce352844f3:c4944, 3eeffb0a-787e-48ec-a2f5-d0c540a89489:c4944]
2019-08-21 15:30:05,124 | INFO  | DNAudit | user=null | ip=null | op=WRITE_CHUNK {blockData=conID: 2 locID: 102655682484306592 bcsId: 0} | ret=SUCCESS |  
2019-08-21 15:30:05,124 | INFO  | DNAudit | user=null | ip=null | op=PUT_BLOCK {blockData=[blockId=conID: 2 locID: 102655682484306592 bcsId: 0,size=1048576]} | ret=SUCCESS |  
2019-08-21 15:30:05,134 | INFO  | DNAudit | user=null | ip=null | op=WRITE_CHUNK {blockData=conID: 2 locID: 102655682484306592 bcsId: 0} | ret=SUCCESS |  
2019-08-21 15:30:05,134 | INFO  | DNAudit | user=null | ip=null | op=PUT_BLOCK {blockData=[blockId=conID: 2 locID: 102655682484306592 bcsId: 0,size=1048576]} | ret=SUCCESS |  
2019-08-21 15:30:05,134 | INFO  | DNAudit | user=null | ip=null | op=WRITE_CHUNK {blockData=conID: 2 locID: 102655682484306592 bcsId: 0} | ret=SUCCESS |  
2019-08-21 15:30:05,134 [grpc-default-executor-4] INFO  client.GrpcClientProtocolClient (GrpcClientProtocolClient.java:onNext(255)) - client-029E50227556->355864cd-7ac5-4934-b366-9756b15dd90f: receive RaftClientReply:client-029E50227556->355864cd-7ac5-4934-b366-9756b15dd90f@group-785BCF25C267, cid=3287, SUCCESS, logIndex=0, commits[355864cd-7ac5-4934-b366-9756b15dd90f:c4949, ce4aa411-63c8-4399-99eb-27ce352844f3:c4946, 3eeffb0a-787e-48ec-a2f5-d0c540a89489:c4946]
2019-08-21 15:30:05,135 | INFO  | DNAudit | user=null | ip=null | op=PUT_BLOCK {blockData=[blockId=conID: 2 locID: 102655682484306592 bcsId: 0,size=2097152]} | ret=SUCCESS |  
2019-08-21 15:30:05,135 | INFO  | DNAudit | user=null | ip=null | op=WRITE_CHUNK {blockData=conID: 2 locID: 102655682484306592 bcsId: 0} | ret=SUCCESS |  
2019-08-21 15:30:05,135 | INFO  | DNAudit | user=null | ip=null | op=PUT_BLOCK {blockData=[blockId=conID: 2 locID: 102655682484306592 bcsId: 0,size=2097152]} | ret=SUCCESS |  
2019-08-21 15:30:05,141 | INFO  | DNAudit | user=null | ip=null | op=WRITE_CHUNK {blockData=conID: 2 locID: 102655682484306592 bcsId: 4948} | ret=SUCCESS |  
2019-08-21 15:30:05,143 | INFO  | DNAudit | user=null | ip=null | op=WRITE_CHUNK {blockData=conID: 2 locID: 102655682484306592 bcsId: 4948} | ret=SUCCESS |  
2019-08-21 15:30:05,144 | INFO  | DNAudit | user=null | ip=null | op=WRITE_CHUNK {blockData=conID: 2 locID: 102655682484306592 bcsId: 4948} | ret=SUCCESS |  
2019-08-21 15:30:05,155 | INFO  | DNAudit | user=null | ip=null | op=WRITE_CHUNK {blockData=conID: 2 locID: 102655682484306592 bcsId: 4948} | ret=SUCCESS |  
2019-08-21 15:30:05,156 | INFO  | DNAudit | user=null | ip=null | op=PUT_BLOCK {blockData=[blockId=conID: 2 locID: 102655682484306592 bcsId: 0,size=3145728]} | ret=SUCCESS |  
2019-08-21 15:30:05,156 [grpc-default-executor-3] INFO  client.GrpcClientProtocolClient (GrpcClientProtocolClient.java:onNext(255)) - client-029E50227556->355864cd-7ac5-4934-b366-9756b15dd90f: receive RaftClientReply:client-029E50227556->355864cd-7ac5-4934-b366-9756b15dd90f@group-785BCF25C267, cid=3288, SUCCESS, logIndex=4952, commits[355864cd-7ac5-4934-b366-9756b15dd90f:c4953, ce4aa411-63c8-4399-99eb-27ce352844f3:c4951, 3eeffb0a-787e-48ec-a2f5-d0c540a89489:c4951]
2019-08-21 15:30:05,156 [grpc-default-executor-3] INFO  client.GrpcClientProtocolClient (GrpcClientProtocolClient.java:onNext(255)) - client-029E50227556->355864cd-7ac5-4934-b366-9756b15dd90f: receive RaftClientReply:client-029E50227556->355864cd-7ac5-4934-b366-9756b15dd90f@group-785BCF25C267, cid=3289, SUCCESS, logIndex=4953, commits[355864cd-7ac5-4934-b366-9756b15dd90f:c4953, ce4aa411-63c8-4399-99eb-27ce352844f3:c4951, 3eeffb0a-787e-48ec-a2f5-d0c540a89489:c4951]
2019-08-21 15:30:05,163 | INFO  | DNAudit | user=null | ip=null | op=WRITE_CHUNK {blockData=conID: 2 locID: 102655682484306592 bcsId: 4953} | ret=SUCCESS |  
2019-08-21 15:30:05,166 | INFO  | DNAudit | user=null | ip=null | op=WRITE_CHUNK {blockData=conID: 2 locID: 102655682484306592 bcsId: 4953} | ret=SUCCESS |  
2019-08-21 15:30:05,166 | INFO  | DNAudit | user=null | ip=null | op=WRITE_CHUNK {blockData=conID: 2 locID: 102655682484306592 bcsId: 4948} | ret=SUCCESS |  
2019-08-21 15:30:05,167 | INFO  | DNAudit | user=null | ip=null | op=WRITE_CHUNK {blockData=conID: 2 locID: 102655682484306592 bcsId: 4953} | ret=SUCCESS |  
2019-08-21 15:30:05,167 | INFO  | DNAudit | user=null | ip=null | op=WRITE_CHUNK {blockData=conID: 2 locID: 102655682484306592 bcsId: 4948} | ret=SUCCESS |  
2019-08-21 15:30:05,168 | INFO  | DNAudit | user=null | ip=null | op=PUT_BLOCK {blockData=[blockId=conID: 2 locID: 102655682484306592 bcsId: 0,size=3145728]} | ret=SUCCESS |  
2019-08-21 15:30:05,169 | INFO  | DNAudit | user=null | ip=null | op=WRITE_CHUNK {blockData=conID: 2 locID: 102655682484306592 bcsId: 4953} | ret=SUCCESS |  
2019-08-21 15:30:05,169 | INFO  | DNAudit | user=null | ip=null | op=PUT_BLOCK {blockData=[blockId=conID: 2 locID: 102655682484306592 bcsId: 0,size=3145728]} | ret=SUCCESS |  
2019-08-21 15:30:05,169 | INFO  | DNAudit | user=null | ip=null | op=PUT_BLOCK {blockData=[blockId=conID: 2 locID: 102655682484306592 bcsId: 0,size=4194304]} | ret=SUCCESS |  
2019-08-21 15:30:05,169 [grpc-default-executor-3] INFO  client.GrpcClientProtocolClient (GrpcClientProtocolClient.java:onNext(255)) - client-029E50227556->355864cd-7ac5-4934-b366-9756b15dd90f: receive RaftClientReply:client-029E50227556->355864cd-7ac5-4934-b366-9756b15dd90f@group-785BCF25C267, cid=3290, SUCCESS, logIndex=4956, commits[355864cd-7ac5-4934-b366-9756b15dd90f:c4957, ce4aa411-63c8-4399-99eb-27ce352844f3:c4953, 3eeffb0a-787e-48ec-a2f5-d0c540a89489:c4952]
2019-08-21 15:30:05,170 [grpc-default-executor-3] INFO  client.GrpcClientProtocolClient (GrpcClientProtocolClient.java:onNext(255)) - client-029E50227556->355864cd-7ac5-4934-b366-9756b15dd90f: receive RaftClientReply:client-029E50227556->355864cd-7ac5-4934-b366-9756b15dd90f@group-785BCF25C267, cid=3291, SUCCESS, logIndex=4957, commits[355864cd-7ac5-4934-b366-9756b15dd90f:c4957, ce4aa411-63c8-4399-99eb-27ce352844f3:c4953, 3eeffb0a-787e-48ec-a2f5-d0c540a89489:c4953]
2019-08-21 15:30:05,172 | INFO  | DNAudit | user=null | ip=null | op=WRITE_CHUNK {blockData=conID: 2 locID: 102655682484306592 bcsId: 4953} | ret=SUCCESS |  
2019-08-21 15:30:05,172 | INFO  | DNAudit | user=null | ip=null | op=WRITE_CHUNK {blockData=conID: 2 locID: 102655682484306592 bcsId: 4953} | ret=SUCCESS |  
2019-08-21 15:30:05,172 | INFO  | DNAudit | user=null | ip=null | op=PUT_BLOCK {blockData=[blockId=conID: 2 locID: 102655682484306592 bcsId: 0,size=4194304]} | ret=SUCCESS |  
2019-08-21 15:30:05,172 | INFO  | DNAudit | user=null | ip=null | op=PUT_BLOCK {blockData=[blockId=conID: 2 locID: 102655682484306592 bcsId: 0,size=4194304]} | ret=SUCCESS |  
2019-08-21 15:30:05,173 [grpc-default-executor-3] INFO  client.GrpcClientProtocolClient (GrpcClientProtocolClient.java:onNext(255)) - client-029E50227556->355864cd-7ac5-4934-b366-9756b15dd90f: receive RaftClientReply:client-029E50227556->355864cd-7ac5-4934-b366-9756b15dd90f@group-785BCF25C267, cid=3292, SUCCESS, logIndex=0, commits[355864cd-7ac5-4934-b366-9756b15dd90f:c4958, ce4aa411-63c8-4399-99eb-27ce352844f3:c4957, 3eeffb0a-787e-48ec-a2f5-d0c540a89489:c4957]
2019-08-21 15:30:05,180 | INFO  | SCMAudit | user=jenkins1000 | ip=192.168.5.153 | op=ALLOCATE_BLOCK {owner=78849ec2-2b05-45d8-8cb5-e95e2230dbd1, size=4194304, type=RATIS, factor=THREE} | ret=SUCCESS |  
2019-08-21 15:30:05,185 | INFO  | OMAudit | user=jenkins1000 | ip=127.0.0.1 | op=ALLOCATE_BLOCK {volume=vol-0-32358, bucket=bucket-0-01949, key=key-0-56547, dataSize=0, replicationType=null, replicationFactor=null, keyLocationInfo=null, clientID=102655680532119954} | ret=SUCCESS |  
 0.00% |█                                                                                                    |  0/1 Time: 0:00:292019-08-21 15:30:05,197 | INFO  | DNAudit | user=null | ip=null | op=WRITE_CHUNK {blockData=conID: 3 locID: 102655682489877153 bcsId: 0} | ret=SUCCESS |  
2019-08-21 15:30:05,197 | INFO  | SCMAudit | user=jenkins1000 | ip=192.168.5.153 | op=SEND_HEARTBEAT {datanodeUUID=ce4aa411-63c8-4399-99eb-27ce352844f3, command=[]} | ret=SUCCESS |  
2019-08-21 15:30:05,197 | INFO  | SCMAudit | user=jenkins1000 | ip=192.168.5.153 | op=SEND_HEARTBEAT {datanodeUUID=3eeffb0a-787e-48ec-a2f5-d0c540a89489, command=[]} | ret=SUCCESS |  
2019-08-21 15:30:05,198 | INFO  | SCMAudit | user=jenkins1000 | ip=192.168.5.153 | op=SEND_HEARTBEAT {datanodeUUID=355864cd-7ac5-4934-b366-9756b15dd90f, command=[]} | ret=SUCCESS |  
2019-08-21 15:30:05,198 | INFO  | SCMAudit | user=jenkins1000 | ip=192.168.5.153 | op=SEND_HEARTBEAT {datanodeUUID=a38cd7e0-d792-481c-a4c0-f4feaa89ec8f, command=[]} | ret=SUCCESS |  
2019-08-21 15:30:05,198 | INFO  | SCMAudit | user=jenkins1000 | ip=192.168.5.153 | op=SEND_HEARTBEAT {datanodeUUID=a0074e04-2715-4b16-a2b0-10b5043d27ae, command=[]} | ret=SUCCESS |  
2019-08-21 15:30:05,201 | INFO  | DNAudit | user=null | ip=null | op=WRITE_CHUNK {blockData=conID: 3 locID: 102655682489877153 bcsId: 0} | ret=SUCCESS |  
2019-08-21 15:30:05,202 | INFO  | DNAudit | user=null | ip=null | op=WRITE_CHUNK {blockData=conID: 3 locID: 102655682489877153 bcsId: 0} | ret=SUCCESS |  
2019-08-21 15:30:05,205 | INFO  | DNAudit | user=null | ip=null | op=WRITE_CHUNK {blockData=conID: 3 locID: 102655682489877153 bcsId: 0} | ret=SUCCESS |  
2019-08-21 15:30:05,207 | INFO  | DNAudit | user=null | ip=null | op=WRITE_CHUNK {blockData=conID: 3 locID: 102655682489877153 bcsId: 0} | ret=SUCCESS |  
2019-08-21 15:30:05,208 | INFO  | DNAudit | user=null | ip=null | op=WRITE_CHUNK {blockData=conID: 3 locID: 102655682489877153 bcsId: 0} | ret=SUCCESS |  
2019-08-21 15:30:05,210 | INFO  | DNAudit | user=null | ip=null | op=WRITE_CHUNK {blockData=conID: 3 locID: 102655682489877153 bcsId: 0} | ret=SUCCESS |  
2019-08-21 15:30:05,210 | INFO  | DNAudit | user=null | ip=null | op=PUT_BLOCK {blockData=[blockId=conID: 3 locID: 102655682489877153 bcsId: 0,size=1048576]} | ret=SUCCESS |  
2019-08-21 15:30:05,211 | INFO  | DNAudit | user=null | ip=null | op=WRITE_CHUNK {blockData=conID: 3 locID: 102655682489877153 bcsId: 0} | ret=SUCCESS |  
2019-08-21 15:30:05,211 [grpc-default-executor-4] INFO  client.GrpcClientProtocolClient (GrpcClientProtocolClient.java:onNext(255)) - client-029E50227556->355864cd-7ac5-4934-b366-9756b15dd90f: receive RaftClientReply:client-029E50227556->355864cd-7ac5-4934-b366-9756b15dd90f@group-785BCF25C267, cid=3293, SUCCESS, logIndex=4960, commits[355864cd-7ac5-4934-b366-9756b15dd90f:c4961, ce4aa411-63c8-4399-99eb-27ce352844f3:c4959, 3eeffb0a-787e-48ec-a2f5-d0c540a89489:c4959]
2019-08-21 15:30:05,211 | INFO  | DNAudit | user=null | ip=null | op=PUT_BLOCK {blockData=[blockId=conID: 3 locID: 102655682489877153 bcsId: 0,size=2097152]} | ret=SUCCESS |  
2019-08-21 15:30:05,211 [grpc-default-executor-4] INFO  client.GrpcClientProtocolClient (GrpcClientProtocolClient.java:onNext(255)) - client-029E50227556->355864cd-7ac5-4934-b366-9756b15dd90f: receive RaftClientReply:client-029E50227556->355864cd-7ac5-4934-b366-9756b15dd90f@group-785BCF25C267, cid=3294, SUCCESS, logIndex=4961, commits[355864cd-7ac5-4934-b366-9756b15dd90f:c4963, ce4aa411-63c8-4399-99eb-27ce352844f3:c4959, 3eeffb0a-787e-48ec-a2f5-d0c540a89489:c4959]
2019-08-21 15:30:05,212 [grpc-default-executor-4] INFO  client.GrpcClientProtocolClient (GrpcClientProtocolClient.java:onNext(255)) - client-029E50227556->355864cd-7ac5-4934-b366-9756b15dd90f: receive RaftClientReply:client-029E50227556->355864cd-7ac5-4934-b366-9756b15dd90f@group-785BCF25C267, cid=3295, SUCCESS, logIndex=4962, commits[355864cd-7ac5-4934-b366-9756b15dd90f:c4963, ce4aa411-63c8-4399-99eb-27ce352844f3:c4959, 3eeffb0a-787e-48ec-a2f5-d0c540a89489:c4959]
2019-08-21 15:30:05,212 [grpc-default-executor-4] INFO  client.GrpcClientProtocolClient (GrpcClientProtocolClient.java:onNext(255)) - client-029E50227556->355864cd-7ac5-4934-b366-9756b15dd90f: receive RaftClientReply:client-029E50227556->355864cd-7ac5-4934-b366-9756b15dd90f@group-785BCF25C267, cid=3296, SUCCESS, logIndex=4963, commits[355864cd-7ac5-4934-b366-9756b15dd90f:c4963, ce4aa411-63c8-4399-99eb-27ce352844f3:c4959, 3eeffb0a-787e-48ec-a2f5-d0c540a89489:c4959]
2019-08-21 15:30:05,230 | INFO  | DNAudit | user=null | ip=null | op=WRITE_CHUNK {blockData=conID: 3 locID: 102655682489877153 bcsId: 0} | ret=SUCCESS |  
2019-08-21 15:30:05,231 | INFO  | DNAudit | user=null | ip=null | op=PUT_BLOCK {blockData=[blockId=conID: 3 locID: 102655682489877153 bcsId: 0,size=1048576]} | ret=SUCCESS |  
2019-08-21 15:30:05,233 | INFO  | DNAudit | user=null | ip=null | op=WRITE_CHUNK {blockData=conID: 3 locID: 102655682489877153 bcsId: 0} | ret=SUCCESS |  
2019-08-21 15:30:05,233 | INFO  | DNAudit | user=null | ip=null | op=PUT_BLOCK {blockData=[blockId=conID: 3 locID: 102655682489877153 bcsId: 0,size=1048576]} | ret=SUCCESS |  
2019-08-21 15:30:05,233 | INFO  | DNAudit | user=null | ip=null | op=WRITE_CHUNK {blockData=conID: 3 locID: 102655682489877153 bcsId: 0} | ret=SUCCESS |  
2019-08-21 15:30:05,233 | INFO  | DNAudit | user=null | ip=null | op=PUT_BLOCK {blockData=[blockId=conID: 3 locID: 102655682489877153 bcsId: 0,size=2097152]} | ret=SUCCESS |  
2019-08-21 15:30:05,233 [grpc-default-executor-4] INFO  client.GrpcClientProtocolClient (GrpcClientProtocolClient.java:onNext(255)) - client-029E50227556->355864cd-7ac5-4934-b366-9756b15dd90f: receive RaftClientReply:client-029E50227556->355864cd-7ac5-4934-b366-9756b15dd90f@group-785BCF25C267, cid=3297, SUCCESS, logIndex=0, commits[355864cd-7ac5-4934-b366-9756b15dd90f:c4965, ce4aa411-63c8-4399-99eb-27ce352844f3:c4961, 3eeffb0a-787e-48ec-a2f5-d0c540a89489:c4961]
2019-08-21 15:30:05,242 | INFO  | DNAudit | user=null | ip=null | op=WRITE_CHUNK {blockData=conID: 3 locID: 102655682489877153 bcsId: 4963} | ret=SUCCESS |  
2019-08-21 15:30:05,243 | INFO  | DNAudit | user=null | ip=null | op=WRITE_CHUNK {blockData=conID: 3 locID: 102655682489877153 bcsId: 0} | ret=SUCCESS |  
2019-08-21 15:30:05,243 | INFO  | DNAudit | user=null | ip=null | op=PUT_BLOCK {blockData=[blockId=conID: 3 locID: 102655682489877153 bcsId: 0,size=2097152]} | ret=SUCCESS |  
2019-08-21 15:30:05,245 | INFO  | DNAudit | user=null | ip=null | op=WRITE_CHUNK {blockData=conID: 3 locID: 102655682489877153 bcsId: 4963} | ret=SUCCESS |  
2019-08-21 15:30:05,245 | INFO  | DNAudit | user=null | ip=null | op=WRITE_CHUNK {blockData=conID: 3 locID: 102655682489877153 bcsId: 4963} | ret=SUCCESS |  
2019-08-21 15:30:05,257 | INFO  | DNAudit | user=null | ip=null | op=WRITE_CHUNK {blockData=conID: 3 locID: 102655682489877153 bcsId: 4963} | ret=SUCCESS |  
2019-08-21 15:30:05,258 | INFO  | DNAudit | user=null | ip=null | op=PUT_BLOCK {blockData=[blockId=conID: 3 locID: 102655682489877153 bcsId: 0,size=3145728]} | ret=SUCCESS |  
2019-08-21 15:30:05,258 [grpc-default-executor-3] INFO  client.GrpcClientProtocolClient (GrpcClientProtocolClient.java:onNext(255)) - client-029E50227556->355864cd-7ac5-4934-b366-9756b15dd90f: receive RaftClientReply:client-029E50227556->355864cd-7ac5-4934-b366-9756b15dd90f@group-785BCF25C267, cid=3298, SUCCESS, logIndex=4968, commits[355864cd-7ac5-4934-b366-9756b15dd90f:c4969, ce4aa411-63c8-4399-99eb-27ce352844f3:c4963, 3eeffb0a-787e-48ec-a2f5-d0c540a89489:c4967]
2019-08-21 15:30:05,258 [grpc-default-executor-3] INFO  client.GrpcClientProtocolClient (GrpcClientProtocolClient.java:onNext(255)) - client-029E50227556->355864cd-7ac5-4934-b366-9756b15dd90f: receive RaftClientReply:client-029E50227556->355864cd-7ac5-4934-b366-9756b15dd90f@group-785BCF25C267, cid=3299, SUCCESS, logIndex=4969, commits[355864cd-7ac5-4934-b366-9756b15dd90f:c4969, ce4aa411-63c8-4399-99eb-27ce352844f3:c4963, 3eeffb0a-787e-48ec-a2f5-d0c540a89489:c4967]
2019-08-21 15:30:05,266 | INFO  | DNAudit | user=null | ip=null | op=WRITE_CHUNK {blockData=conID: 3 locID: 102655682489877153 bcsId: 4969} | ret=SUCCESS |  
2019-08-21 15:30:05,269 | INFO  | DNAudit | user=null | ip=null | op=WRITE_CHUNK {blockData=conID: 3 locID: 102655682489877153 bcsId: 4969} | ret=SUCCESS |  
2019-08-21 15:30:05,270 | INFO  | DNAudit | user=null | ip=null | op=WRITE_CHUNK {blockData=conID: 3 locID: 102655682489877153 bcsId: 4969} | ret=SUCCESS |  
2019-08-21 15:30:05,271 | INFO  | DNAudit | user=null | ip=null | op=WRITE_CHUNK {blockData=conID: 3 locID: 102655682489877153 bcsId: 4963} | ret=SUCCESS |  
2019-08-21 15:30:05,271 | INFO  | DNAudit | user=null | ip=null | op=WRITE_CHUNK {blockData=conID: 3 locID: 102655682489877153 bcsId: 4963} | ret=SUCCESS |  
2019-08-21 15:30:05,272 | INFO  | DNAudit | user=null | ip=null | op=PUT_BLOCK {blockData=[blockId=conID: 3 locID: 102655682489877153 bcsId: 0,size=3145728]} | ret=SUCCESS |  
2019-08-21 15:30:05,272 | INFO  | DNAudit | user=null | ip=null | op=PUT_BLOCK {blockData=[blockId=conID: 3 locID: 102655682489877153 bcsId: 0,size=3145728]} | ret=SUCCESS |  
2019-08-21 15:30:05,285 | INFO  | DNAudit | user=null | ip=null | op=WRITE_CHUNK {blockData=conID: 3 locID: 102655682489877153 bcsId: 4969} | ret=SUCCESS |  
2019-08-21 15:30:05,285 | INFO  | DNAudit | user=null | ip=null | op=PUT_BLOCK {blockData=[blockId=conID: 3 locID: 102655682489877153 bcsId: 0,size=4194304]} | ret=SUCCESS |  
2019-08-21 15:30:05,285 [grpc-default-executor-4] INFO  client.GrpcClientProtocolClient (GrpcClientProtocolClient.java:onNext(255)) - client-029E50227556->355864cd-7ac5-4934-b366-9756b15dd90f: receive RaftClientReply:client-029E50227556->355864cd-7ac5-4934-b366-9756b15dd90f@group-785BCF25C267, cid=3300, SUCCESS, logIndex=4972, commits[355864cd-7ac5-4934-b366-9756b15dd90f:c4973, ce4aa411-63c8-4399-99eb-27ce352844f3:c4969, 3eeffb0a-787e-48ec-a2f5-d0c540a89489:c4969]
2019-08-21 15:30:05,286 [grpc-default-executor-4] INFO  client.GrpcClientProtocolClient (GrpcClientProtocolClient.java:onNext(255)) - client-029E50227556->355864cd-7ac5-4934-b366-9756b15dd90f: receive RaftClientReply:client-029E50227556->355864cd-7ac5-4934-b366-9756b15dd90f@group-785BCF25C267, cid=3301, SUCCESS, logIndex=4973, commits[355864cd-7ac5-4934-b366-9756b15dd90f:c4973, ce4aa411-63c8-4399-99eb-27ce352844f3:c4969, 3eeffb0a-787e-48ec-a2f5-d0c540a89489:c4969]
2019-08-21 15:30:05,298 | INFO  | DNAudit | user=null | ip=null | op=WRITE_CHUNK {blockData=conID: 3 locID: 102655682489877153 bcsId: 4969} | ret=SUCCESS |  
2019-08-21 15:30:05,298 | INFO  | DNAudit | user=null | ip=null | op=WRITE_CHUNK {blockData=conID: 3 locID: 102655682489877153 bcsId: 4969} | ret=SUCCESS |  
2019-08-21 15:30:05,312 | INFO  | DNAudit | user=null | ip=null | op=PUT_BLOCK {blockData=[blockId=conID: 3 locID: 102655682489877153 bcsId: 0,size=4194304]} | ret=SUCCESS |  
2019-08-21 15:30:05,312 | INFO  | DNAudit | user=null | ip=null | op=PUT_BLOCK {blockData=[blockId=conID: 3 locID: 102655682489877153 bcsId: 0,size=4194304]} | ret=SUCCESS |  
2019-08-21 15:30:05,313 [grpc-default-executor-3] INFO  client.GrpcClientProtocolClient (GrpcClientProtocolClient.java:onNext(255)) - client-029E50227556->355864cd-7ac5-4934-b366-9756b15dd90f: receive RaftClientReply:client-029E50227556->355864cd-7ac5-4934-b366-9756b15dd90f@group-785BCF25C267, cid=3302, SUCCESS, logIndex=0, commits[355864cd-7ac5-4934-b366-9756b15dd90f:c4974, ce4aa411-63c8-4399-99eb-27ce352844f3:c4973, 3eeffb0a-787e-48ec-a2f5-d0c540a89489:c4973]
2019-08-21 15:30:05,494 | INFO  | SCMAudit | user=jenkins1000 | ip=192.168.5.153 | op=ALLOCATE_BLOCK {owner=78849ec2-2b05-45d8-8cb5-e95e2230dbd1, size=4194304, type=RATIS, factor=THREE} | ret=SUCCESS |  
2019-08-21 15:30:05,500 | INFO  | OMAudit | user=jenkins1000 | ip=127.0.0.1 | op=ALLOCATE_BLOCK {volume=vol-0-32358, bucket=bucket-0-01949, key=key-0-56547, dataSize=0, replicationType=null, replicationFactor=null, keyLocationInfo=null, clientID=102655680532119954} | ret=SUCCESS |  
2019-08-21 15:30:05,509 | INFO  | DNAudit | user=null | ip=null | op=WRITE_CHUNK {blockData=conID: 1 locID: 102655682510455458 bcsId: 0} | ret=SUCCESS |  
2019-08-21 15:30:05,513 | INFO  | DNAudit | user=null | ip=null | op=WRITE_CHUNK {blockData=conID: 1 locID: 102655682510455458 bcsId: 0} | ret=SUCCESS |  
2019-08-21 15:30:05,513 | INFO  | DNAudit | user=null | ip=null | op=WRITE_CHUNK {blockData=conID: 1 locID: 102655682510455458 bcsId: 0} | ret=SUCCESS |  
2019-08-21 15:30:05,513 | INFO  | DNAudit | user=null | ip=null | op=WRITE_CHUNK {blockData=conID: 1 locID: 102655682510455458 bcsId: 0} | ret=SUCCESS |  
2019-08-21 15:30:05,517 | INFO  | DNAudit | user=null | ip=null | op=WRITE_CHUNK {blockData=conID: 1 locID: 102655682510455458 bcsId: 0} | ret=SUCCESS |  
2019-08-21 15:30:05,521 | INFO  | DNAudit | user=null | ip=null | op=WRITE_CHUNK {blockData=conID: 1 locID: 102655682510455458 bcsId: 0} | ret=SUCCESS |  
2019-08-21 15:30:05,523 | INFO  | DNAudit | user=null | ip=null | op=WRITE_CHUNK {blockData=conID: 1 locID: 102655682510455458 bcsId: 0} | ret=SUCCESS |  
2019-08-21 15:30:05,524 | INFO  | DNAudit | user=null | ip=null | op=PUT_BLOCK {blockData=[blockId=conID: 1 locID: 102655682510455458 bcsId: 0,size=1048576]} | ret=SUCCESS |  
2019-08-21 15:30:05,524 | INFO  | DNAudit | user=null | ip=null | op=WRITE_CHUNK {blockData=conID: 1 locID: 102655682510455458 bcsId: 0} | ret=SUCCESS |  
2019-08-21 15:30:05,525 | INFO  | DNAudit | user=null | ip=null | op=WRITE_CHUNK {blockData=conID: 1 locID: 102655682510455458 bcsId: 0} | ret=SUCCESS |  
2019-08-21 15:30:05,525 | INFO  | DNAudit | user=null | ip=null | op=PUT_BLOCK {blockData=[blockId=conID: 1 locID: 102655682510455458 bcsId: 0,size=2097152]} | ret=SUCCESS |  
2019-08-21 15:30:05,525 [grpc-default-executor-5] INFO  client.GrpcClientProtocolClient (GrpcClientProtocolClient.java:onNext(255)) - client-029E50227556->355864cd-7ac5-4934-b366-9756b15dd90f: receive RaftClientReply:client-029E50227556->355864cd-7ac5-4934-b366-9756b15dd90f@group-785BCF25C267, cid=3303, SUCCESS, logIndex=4976, commits[355864cd-7ac5-4934-b366-9756b15dd90f:c4977, ce4aa411-63c8-4399-99eb-27ce352844f3:c4973, 3eeffb0a-787e-48ec-a2f5-d0c540a89489:c4975]
2019-08-21 15:30:05,525 | INFO  | DNAudit | user=null | ip=null | op=PUT_BLOCK {blockData=[blockId=conID: 1 locID: 102655682510455458 bcsId: 0,size=1048576]} | ret=SUCCESS |  
2019-08-21 15:30:05,526 [grpc-default-executor-5] INFO  client.GrpcClientProtocolClient (GrpcClientProtocolClient.java:onNext(255)) - client-029E50227556->355864cd-7ac5-4934-b366-9756b15dd90f: receive RaftClientReply:client-029E50227556->355864cd-7ac5-4934-b366-9756b15dd90f@group-785BCF25C267, cid=3304, SUCCESS, logIndex=4977, commits[355864cd-7ac5-4934-b366-9756b15dd90f:c4977, ce4aa411-63c8-4399-99eb-27ce352844f3:c4973, 3eeffb0a-787e-48ec-a2f5-d0c540a89489:c4975]
2019-08-21 15:30:05,526 [grpc-default-executor-5] INFO  client.GrpcClientProtocolClient (GrpcClientProtocolClient.java:onNext(255)) - client-029E50227556->355864cd-7ac5-4934-b366-9756b15dd90f: receive RaftClientReply:client-029E50227556->355864cd-7ac5-4934-b366-9756b15dd90f@group-785BCF25C267, cid=3305, SUCCESS, logIndex=4978, commits[355864cd-7ac5-4934-b366-9756b15dd90f:c4979, ce4aa411-63c8-4399-99eb-27ce352844f3:c4975, 3eeffb0a-787e-48ec-a2f5-d0c540a89489:c4975]
2019-08-21 15:30:05,527 | INFO  | DNAudit | user=null | ip=null | op=WRITE_CHUNK {blockData=conID: 1 locID: 102655682510455458 bcsId: 0} | ret=SUCCESS |  
2019-08-21 15:30:05,527 | INFO  | DNAudit | user=null | ip=null | op=PUT_BLOCK {blockData=[blockId=conID: 1 locID: 102655682510455458 bcsId: 0,size=1048576]} | ret=SUCCESS |  
2019-08-21 15:30:05,527 [grpc-default-executor-0] INFO  client.GrpcClientProtocolClient (GrpcClientProtocolClient.java:onNext(255)) - client-029E50227556->355864cd-7ac5-4934-b366-9756b15dd90f: receive RaftClientReply:client-029E50227556->355864cd-7ac5-4934-b366-9756b15dd90f@group-785BCF25C267, cid=3306, SUCCESS, logIndex=4979, commits[355864cd-7ac5-4934-b366-9756b15dd90f:c4979, ce4aa411-63c8-4399-99eb-27ce352844f3:c4975, 3eeffb0a-787e-48ec-a2f5-d0c540a89489:c4975]
2019-08-21 15:30:05,529 [grpc-default-executor-0] INFO  client.GrpcClientProtocolClient (GrpcClientProtocolClient.java:onNext(255)) - client-029E50227556->355864cd-7ac5-4934-b366-9756b15dd90f: receive RaftClientReply:client-029E50227556->355864cd-7ac5-4934-b366-9756b15dd90f@group-785BCF25C267, cid=3307, SUCCESS, logIndex=0, commits[355864cd-7ac5-4934-b366-9756b15dd90f:c4981, ce4aa411-63c8-4399-99eb-27ce352844f3:c4977, 3eeffb0a-787e-48ec-a2f5-d0c540a89489:c4977]
2019-08-21 15:30:05,538 | INFO  | DNAudit | user=null | ip=null | op=WRITE_CHUNK {blockData=conID: 1 locID: 102655682510455458 bcsId: 0} | ret=SUCCESS |  
2019-08-21 15:30:05,539 | INFO  | DNAudit | user=null | ip=null | op=PUT_BLOCK {blockData=[blockId=conID: 1 locID: 102655682510455458 bcsId: 0,size=2097152]} | ret=SUCCESS |  
2019-08-21 15:30:05,539 | INFO  | DNAudit | user=null | ip=null | op=WRITE_CHUNK {blockData=conID: 1 locID: 102655682510455458 bcsId: 4979} | ret=SUCCESS |  
2019-08-21 15:30:05,539 | INFO  | DNAudit | user=null | ip=null | op=WRITE_CHUNK {blockData=conID: 1 locID: 102655682510455458 bcsId: 0} | ret=SUCCESS |  
2019-08-21 15:30:05,539 | INFO  | DNAudit | user=null | ip=null | op=PUT_BLOCK {blockData=[blockId=conID: 1 locID: 102655682510455458 bcsId: 0,size=2097152]} | ret=SUCCESS |  
2019-08-21 15:30:05,542 | INFO  | DNAudit | user=null | ip=null | op=WRITE_CHUNK {blockData=conID: 1 locID: 102655682510455458 bcsId: 4979} | ret=SUCCESS |  
2019-08-21 15:30:05,544 | INFO  | DNAudit | user=null | ip=null | op=WRITE_CHUNK {blockData=conID: 1 locID: 102655682510455458 bcsId: 4979} | ret=SUCCESS |  
2019-08-21 15:30:05,552 | INFO  | DNAudit | user=null | ip=null | op=WRITE_CHUNK {blockData=conID: 1 locID: 102655682510455458 bcsId: 4979} | ret=SUCCESS |  
2019-08-21 15:30:05,553 | INFO  | DNAudit | user=null | ip=null | op=PUT_BLOCK {blockData=[blockId=conID: 1 locID: 102655682510455458 bcsId: 0,size=3145728]} | ret=SUCCESS |  
2019-08-21 15:30:05,553 [grpc-default-executor-5] INFO  client.GrpcClientProtocolClient (GrpcClientProtocolClient.java:onNext(255)) - client-029E50227556->355864cd-7ac5-4934-b366-9756b15dd90f: receive RaftClientReply:client-029E50227556->355864cd-7ac5-4934-b366-9756b15dd90f@group-785BCF25C267, cid=3308, SUCCESS, logIndex=4984, commits[355864cd-7ac5-4934-b366-9756b15dd90f:c4985, ce4aa411-63c8-4399-99eb-27ce352844f3:c4981, 3eeffb0a-787e-48ec-a2f5-d0c540a89489:c4981]
2019-08-21 15:30:05,554 [grpc-default-executor-5] INFO  client.GrpcClientProtocolClient (GrpcClientProtocolClient.java:onNext(255)) - client-029E50227556->355864cd-7ac5-4934-b366-9756b15dd90f: receive RaftClientReply:client-029E50227556->355864cd-7ac5-4934-b366-9756b15dd90f@group-785BCF25C267, cid=3309, SUCCESS, logIndex=4985, commits[355864cd-7ac5-4934-b366-9756b15dd90f:c4985, ce4aa411-63c8-4399-99eb-27ce352844f3:c4981, 3eeffb0a-787e-48ec-a2f5-d0c540a89489:c4981]
2019-08-21 15:30:05,563 | INFO  | DNAudit | user=null | ip=null | op=WRITE_CHUNK {blockData=conID: 1 locID: 102655682510455458 bcsId: 4985} | ret=SUCCESS |  
2019-08-21 15:30:05,566 | INFO  | DNAudit | user=null | ip=null | op=WRITE_CHUNK {blockData=conID: 1 locID: 102655682510455458 bcsId: 4979} | ret=SUCCESS |  
2019-08-21 15:30:05,566 | INFO  | DNAudit | user=null | ip=null | op=WRITE_CHUNK {blockData=conID: 1 locID: 102655682510455458 bcsId: 4979} | ret=SUCCESS |  
2019-08-21 15:30:05,566 | INFO  | DNAudit | user=null | ip=null | op=PUT_BLOCK {blockData=[blockId=conID: 1 locID: 102655682510455458 bcsId: 0,size=3145728]} | ret=SUCCESS |  
2019-08-21 15:30:05,566 | INFO  | DNAudit | user=null | ip=null | op=PUT_BLOCK {blockData=[blockId=conID: 1 locID: 102655682510455458 bcsId: 0,size=3145728]} | ret=SUCCESS |  
2019-08-21 15:30:05,566 | INFO  | DNAudit | user=null | ip=null | op=WRITE_CHUNK {blockData=conID: 1 locID: 102655682510455458 bcsId: 4985} | ret=SUCCESS |  
2019-08-21 15:30:05,566 | INFO  | DNAudit | user=null | ip=null | op=WRITE_CHUNK {blockData=conID: 1 locID: 102655682510455458 bcsId: 4985} | ret=SUCCESS |  
2019-08-21 15:30:05,579 | INFO  | DNAudit | user=null | ip=null | op=WRITE_CHUNK {blockData=conID: 1 locID: 102655682510455458 bcsId: 4985} | ret=SUCCESS |  
2019-08-21 15:30:05,580 | INFO  | DNAudit | user=null | ip=null | op=PUT_BLOCK {blockData=[blockId=conID: 1 locID: 102655682510455458 bcsId: 0,size=4194304]} | ret=SUCCESS |  
2019-08-21 15:30:05,580 [grpc-default-executor-4] INFO  client.GrpcClientProtocolClient (GrpcClientProtocolClient.java:onNext(255)) - client-029E50227556->355864cd-7ac5-4934-b366-9756b15dd90f: receive RaftClientReply:client-029E50227556->355864cd-7ac5-4934-b366-9756b15dd90f@group-785BCF25C267, cid=3310, SUCCESS, logIndex=4988, commits[355864cd-7ac5-4934-b366-9756b15dd90f:c4988, ce4aa411-63c8-4399-99eb-27ce352844f3:c4985, 3eeffb0a-787e-48ec-a2f5-d0c540a89489:c4985]
2019-08-21 15:30:05,581 [grpc-default-executor-4] INFO  client.GrpcClientProtocolClient (GrpcClientProtocolClient.java:onNext(255)) - client-029E50227556->355864cd-7ac5-4934-b366-9756b15dd90f: receive RaftClientReply:client-029E50227556->355864cd-7ac5-4934-b366-9756b15dd90f@group-785BCF25C267, cid=3311, SUCCESS, logIndex=4989, commits[355864cd-7ac5-4934-b366-9756b15dd90f:c4989, ce4aa411-63c8-4399-99eb-27ce352844f3:c4985, 3eeffb0a-787e-48ec-a2f5-d0c540a89489:c4985]
2019-08-21 15:30:05,592 | INFO  | DNAudit | user=null | ip=null | op=WRITE_CHUNK {blockData=conID: 1 locID: 102655682510455458 bcsId: 4985} | ret=SUCCESS |  
2019-08-21 15:30:05,592 | INFO  | DNAudit | user=null | ip=null | op=WRITE_CHUNK {blockData=conID: 1 locID: 102655682510455458 bcsId: 4985} | ret=SUCCESS |  
2019-08-21 15:30:05,605 | INFO  | DNAudit | user=null | ip=null | op=PUT_BLOCK {blockData=[blockId=conID: 1 locID: 102655682510455458 bcsId: 0,size=4194304]} | ret=SUCCESS |  
2019-08-21 15:30:05,605 | INFO  | DNAudit | user=null | ip=null | op=PUT_BLOCK {blockData=[blockId=conID: 1 locID: 102655682510455458 bcsId: 0,size=4194304]} | ret=SUCCESS |  
2019-08-21 15:30:05,606 [grpc-default-executor-4] INFO  client.GrpcClientProtocolClient (GrpcClientProtocolClient.java:onNext(255)) - client-029E50227556->355864cd-7ac5-4934-b366-9756b15dd90f: receive RaftClientReply:client-029E50227556->355864cd-7ac5-4934-b366-9756b15dd90f@group-785BCF25C267, cid=3312, SUCCESS, logIndex=0, commits[355864cd-7ac5-4934-b366-9756b15dd90f:c4991, ce4aa411-63c8-4399-99eb-27ce352844f3:c4989, 3eeffb0a-787e-48ec-a2f5-d0c540a89489:c4989]
2019-08-21 15:30:05,615 | INFO  | SCMAudit | user=jenkins1000 | ip=192.168.5.153 | op=ALLOCATE_BLOCK {owner=78849ec2-2b05-45d8-8cb5-e95e2230dbd1, size=4194304, type=RATIS, factor=THREE} | ret=SUCCESS |  
2019-08-21 15:30:05,620 | INFO  | OMAudit | user=jenkins1000 | ip=127.0.0.1 | op=ALLOCATE_BLOCK {volume=vol-0-32358, bucket=bucket-0-01949, key=key-0-56547, dataSize=0, replicationType=null, replicationFactor=null, keyLocationInfo=null, clientID=102655680532119954} | ret=SUCCESS |  
2019-08-21 15:30:05,630 | INFO  | DNAudit | user=null | ip=null | op=WRITE_CHUNK {blockData=conID: 2 locID: 102655682518385315 bcsId: 0} | ret=SUCCESS |  
2019-08-21 15:30:05,633 | INFO  | DNAudit | user=null | ip=null | op=WRITE_CHUNK {blockData=conID: 2 locID: 102655682518385315 bcsId: 0} | ret=SUCCESS |  
2019-08-21 15:30:05,633 | INFO  | DNAudit | user=null | ip=null | op=WRITE_CHUNK {blockData=conID: 2 locID: 102655682518385315 bcsId: 0} | ret=SUCCESS |  
2019-08-21 15:30:05,633 | INFO  | DNAudit | user=null | ip=null | op=WRITE_CHUNK {blockData=conID: 2 locID: 102655682518385315 bcsId: 0} | ret=SUCCESS |  
2019-08-21 15:30:05,635 | INFO  | DNAudit | user=null | ip=null | op=WRITE_CHUNK {blockData=conID: 2 locID: 102655682518385315 bcsId: 0} | ret=SUCCESS |  
2019-08-21 15:30:05,636 | INFO  | DNAudit | user=null | ip=null | op=WRITE_CHUNK {blockData=conID: 2 locID: 102655682518385315 bcsId: 0} | ret=SUCCESS |  
2019-08-21 15:30:05,644 | INFO  | DNAudit | user=null | ip=null | op=WRITE_CHUNK {blockData=conID: 2 locID: 102655682518385315 bcsId: 0} | ret=SUCCESS |  
2019-08-21 15:30:05,645 | INFO  | DNAudit | user=null | ip=null | op=PUT_BLOCK {blockData=[blockId=conID: 2 locID: 102655682518385315 bcsId: 0,size=1048576]} | ret=SUCCESS |  
2019-08-21 15:30:05,645 [grpc-default-executor-5] INFO  client.GrpcClientProtocolClient (GrpcClientProtocolClient.java:onNext(255)) - client-029E50227556->355864cd-7ac5-4934-b366-9756b15dd90f: receive RaftClientReply:client-029E50227556->355864cd-7ac5-4934-b366-9756b15dd90f@group-785BCF25C267, cid=3313, SUCCESS, logIndex=4992, commits[355864cd-7ac5-4934-b366-9756b15dd90f:c4993, ce4aa411-63c8-4399-99eb-27ce352844f3:c4991, 3eeffb0a-787e-48ec-a2f5-d0c540a89489:c4991]
2019-08-21 15:30:05,646 [grpc-default-executor-5] INFO  client.GrpcClientProtocolClient (GrpcClientProtocolClient.java:onNext(255)) - client-029E50227556->355864cd-7ac5-4934-b366-9756b15dd90f: receive RaftClientReply:client-029E50227556->355864cd-7ac5-4934-b366-9756b15dd90f@group-785BCF25C267, cid=3314, SUCCESS, logIndex=4993, commits[355864cd-7ac5-4934-b366-9756b15dd90f:c4993, ce4aa411-63c8-4399-99eb-27ce352844f3:c4991, 3eeffb0a-787e-48ec-a2f5-d0c540a89489:c4991]
2019-08-21 15:30:05,657 | INFO  | DNAudit | user=null | ip=null | op=WRITE_CHUNK {blockData=conID: 2 locID: 102655682518385315 bcsId: 0} | ret=SUCCESS |  
2019-08-21 15:30:05,657 | INFO  | DNAudit | user=null | ip=null | op=PUT_BLOCK {blockData=[blockId=conID: 2 locID: 102655682518385315 bcsId: 0,size=2097152]} | ret=SUCCESS |  
2019-08-21 15:30:05,658 [grpc-default-executor-4] INFO  client.GrpcClientProtocolClient (GrpcClientProtocolClient.java:onNext(255)) - client-029E50227556->355864cd-7ac5-4934-b366-9756b15dd90f: receive RaftClientReply:client-029E50227556->355864cd-7ac5-4934-b366-9756b15dd90f@group-785BCF25C267, cid=3315, SUCCESS, logIndex=4994, commits[355864cd-7ac5-4934-b366-9756b15dd90f:c4995, ce4aa411-63c8-4399-99eb-27ce352844f3:c4991, 3eeffb0a-787e-48ec-a2f5-d0c540a89489:c4991]
2019-08-21 15:30:05,658 [grpc-default-executor-4] INFO  client.GrpcClientProtocolClient (GrpcClientProtocolClient.java:onNext(255)) - client-029E50227556->355864cd-7ac5-4934-b366-9756b15dd90f: receive RaftClientReply:client-029E50227556->355864cd-7ac5-4934-b366-9756b15dd90f@group-785BCF25C267, cid=3316, SUCCESS, logIndex=4995, commits[355864cd-7ac5-4934-b366-9756b15dd90f:c4995, ce4aa411-63c8-4399-99eb-27ce352844f3:c4991, 3eeffb0a-787e-48ec-a2f5-d0c540a89489:c4991]
2019-08-21 15:30:05,669 | INFO  | DNAudit | user=null | ip=null | op=WRITE_CHUNK {blockData=conID: 2 locID: 102655682518385315 bcsId: 0} | ret=SUCCESS |  
2019-08-21 15:30:05,669 | INFO  | DNAudit | user=null | ip=null | op=WRITE_CHUNK {blockData=conID: 2 locID: 102655682518385315 bcsId: 0} | ret=SUCCESS |  
2019-08-21 15:30:05,669 | INFO  | DNAudit | user=null | ip=null | op=PUT_BLOCK {blockData=[blockId=conID: 2 locID: 102655682518385315 bcsId: 0,size=1048576]} | ret=SUCCESS |  
2019-08-21 15:30:05,670 | INFO  | DNAudit | user=null | ip=null | op=PUT_BLOCK {blockData=[blockId=conID: 2 locID: 102655682518385315 bcsId: 0,size=1048576]} | ret=SUCCESS |  
2019-08-21 15:30:05,670 [grpc-default-executor-4] INFO  client.GrpcClientProtocolClient (GrpcClientProtocolClient.java:onNext(255)) - client-029E50227556->355864cd-7ac5-4934-b366-9756b15dd90f: receive RaftClientReply:client-029E50227556->355864cd-7ac5-4934-b366-9756b15dd90f@group-785BCF25C267, cid=3317, SUCCESS, logIndex=0, commits[355864cd-7ac5-4934-b366-9756b15dd90f:c4997, ce4aa411-63c8-4399-99eb-27ce352844f3:c4993, 3eeffb0a-787e-48ec-a2f5-d0c540a89489:c4993]
2019-08-21 15:30:05,679 | INFO  | DNAudit | user=null | ip=null | op=WRITE_CHUNK {blockData=conID: 2 locID: 102655682518385315 bcsId: 4995} | ret=SUCCESS |  
2019-08-21 15:30:05,681 | INFO  | DNAudit | user=null | ip=null | op=WRITE_CHUNK {blockData=conID: 2 locID: 102655682518385315 bcsId: 0} | ret=SUCCESS |  
2019-08-21 15:30:05,681 | INFO  | DNAudit | user=null | ip=null | op=WRITE_CHUNK {blockData=conID: 2 locID: 102655682518385315 bcsId: 0} | ret=SUCCESS |  
2019-08-21 15:30:05,681 | INFO  | DNAudit | user=null | ip=null | op=PUT_BLOCK {blockData=[blockId=conID: 2 locID: 102655682518385315 bcsId: 0,size=2097152]} | ret=SUCCESS |  
2019-08-21 15:30:05,681 | INFO  | DNAudit | user=null | ip=null | op=PUT_BLOCK {blockData=[blockId=conID: 2 locID: 102655682518385315 bcsId: 0,size=2097152]} | ret=SUCCESS |  
2019-08-21 15:30:05,682 | INFO  | DNAudit | user=null | ip=null | op=WRITE_CHUNK {blockData=conID: 2 locID: 102655682518385315 bcsId: 4995} | ret=SUCCESS |  
2019-08-21 15:30:05,682 | INFO  | DNAudit | user=null | ip=null | op=WRITE_CHUNK {blockData=conID: 2 locID: 102655682518385315 bcsId: 4995} | ret=SUCCESS |  
2019-08-21 15:30:05,691 | INFO  | DNAudit | user=null | ip=null | op=WRITE_CHUNK {blockData=conID: 2 locID: 102655682518385315 bcsId: 4995} | ret=SUCCESS |  
2019-08-21 15:30:05,692 | INFO  | DNAudit | user=null | ip=null | op=PUT_BLOCK {blockData=[blockId=conID: 2 locID: 102655682518385315 bcsId: 0,size=3145728]} | ret=SUCCESS |  
2019-08-21 15:30:05,692 [grpc-default-executor-5] INFO  client.GrpcClientProtocolClient (GrpcClientProtocolClient.java:onNext(255)) - client-029E50227556->355864cd-7ac5-4934-b366-9756b15dd90f: receive RaftClientReply:client-029E50227556->355864cd-7ac5-4934-b366-9756b15dd90f@group-785BCF25C267, cid=3318, SUCCESS, logIndex=5000, commits[355864cd-7ac5-4934-b366-9756b15dd90f:c5000, ce4aa411-63c8-4399-99eb-27ce352844f3:c4995, 3eeffb0a-787e-48ec-a2f5-d0c540a89489:c4997]
2019-08-21 15:30:05,693 [grpc-default-executor-5] INFO  client.GrpcClientProtocolClient (GrpcClientProtocolClient.java:onNext(255)) - client-029E50227556->355864cd-7ac5-4934-b366-9756b15dd90f: receive RaftClientReply:client-029E50227556->355864cd-7ac5-4934-b366-9756b15dd90f@group-785BCF25C267, cid=3319, SUCCESS, logIndex=5001, commits[355864cd-7ac5-4934-b366-9756b15dd90f:c5001, ce4aa411-63c8-4399-99eb-27ce352844f3:c4997, 3eeffb0a-787e-48ec-a2f5-d0c540a89489:c4997]
2019-08-21 15:30:05,693 | INFO  | DNAudit | user=null | ip=null | op=WRITE_CHUNK {blockData=conID: 2 locID: 102655682518385315 bcsId: 4995} | ret=SUCCESS |  
2019-08-21 15:30:05,693 | INFO  | DNAudit | user=null | ip=null | op=WRITE_CHUNK {blockData=conID: 2 locID: 102655682518385315 bcsId: 4995} | ret=SUCCESS |  
2019-08-21 15:30:05,697 | INFO  | DNAudit | user=null | ip=null | op=PUT_BLOCK {blockData=[blockId=conID: 2 locID: 102655682518385315 bcsId: 0,size=3145728]} | ret=SUCCESS |  
2019-08-21 15:30:05,697 | INFO  | DNAudit | user=null | ip=null | op=PUT_BLOCK {blockData=[blockId=conID: 2 locID: 102655682518385315 bcsId: 0,size=3145728]} | ret=SUCCESS |  
2019-08-21 15:30:05,701 | INFO  | DNAudit | user=null | ip=null | op=WRITE_CHUNK {blockData=conID: 2 locID: 102655682518385315 bcsId: 5001} | ret=SUCCESS |  
2019-08-21 15:30:05,703 | INFO  | DNAudit | user=null | ip=null | op=WRITE_CHUNK {blockData=conID: 2 locID: 102655682518385315 bcsId: 5001} | ret=SUCCESS |  
2019-08-21 15:30:05,703 | INFO  | DNAudit | user=null | ip=null | op=WRITE_CHUNK {blockData=conID: 2 locID: 102655682518385315 bcsId: 5001} | ret=SUCCESS |  
2019-08-21 15:30:05,722 | INFO  | DNAudit | user=null | ip=null | op=WRITE_CHUNK {blockData=conID: 2 locID: 102655682518385315 bcsId: 5001} | ret=SUCCESS |  
2019-08-21 15:30:05,723 | INFO  | DNAudit | user=null | ip=null | op=PUT_BLOCK {blockData=[blockId=conID: 2 locID: 102655682518385315 bcsId: 0,size=4194304]} | ret=SUCCESS |  
2019-08-21 15:30:05,724 [grpc-default-executor-0] INFO  client.GrpcClientProtocolClient (GrpcClientProtocolClient.java:onNext(255)) - client-029E50227556->355864cd-7ac5-4934-b366-9756b15dd90f: receive RaftClientReply:client-029E50227556->355864cd-7ac5-4934-b366-9756b15dd90f@group-785BCF25C267, cid=3320, SUCCESS, logIndex=5004, commits[355864cd-7ac5-4934-b366-9756b15dd90f:c5005, ce4aa411-63c8-4399-99eb-27ce352844f3:c5003, 3eeffb0a-787e-48ec-a2f5-d0c540a89489:c5003]
2019-08-21 15:30:05,724 [grpc-default-executor-0] INFO  client.GrpcClientProtocolClient (GrpcClientProtocolClient.java:onNext(255)) - client-029E50227556->355864cd-7ac5-4934-b366-9756b15dd90f: receive RaftClientReply:client-029E50227556->355864cd-7ac5-4934-b366-9756b15dd90f@group-785BCF25C267, cid=3321, SUCCESS, logIndex=5005, commits[355864cd-7ac5-4934-b366-9756b15dd90f:c5005, ce4aa411-63c8-4399-99eb-27ce352844f3:c5003, 3eeffb0a-787e-48ec-a2f5-d0c540a89489:c5003]
2019-08-21 15:30:05,734 | INFO  | DNAudit | user=null | ip=null | op=WRITE_CHUNK {blockData=conID: 2 locID: 102655682518385315 bcsId: 5001} | ret=SUCCESS |  
2019-08-21 15:30:05,734 | INFO  | DNAudit | user=null | ip=null | op=WRITE_CHUNK {blockData=conID: 2 locID: 102655682518385315 bcsId: 5001} | ret=SUCCESS |  
2019-08-21 15:30:05,734 | INFO  | DNAudit | user=null | ip=null | op=PUT_BLOCK {blockData=[blockId=conID: 2 locID: 102655682518385315 bcsId: 0,size=4194304]} | ret=SUCCESS |  
2019-08-21 15:30:05,735 | INFO  | DNAudit | user=null | ip=null | op=PUT_BLOCK {blockData=[blockId=conID: 2 locID: 102655682518385315 bcsId: 0,size=4194304]} | ret=SUCCESS |  
2019-08-21 15:30:05,736 [grpc-default-executor-0] INFO  client.GrpcClientProtocolClient (GrpcClientProtocolClient.java:onNext(255)) - client-029E50227556->355864cd-7ac5-4934-b366-9756b15dd90f: receive RaftClientReply:client-029E50227556->355864cd-7ac5-4934-b366-9756b15dd90f@group-785BCF25C267, cid=3322, SUCCESS, logIndex=0, commits[355864cd-7ac5-4934-b366-9756b15dd90f:c5006, ce4aa411-63c8-4399-99eb-27ce352844f3:c5005, 3eeffb0a-787e-48ec-a2f5-d0c540a89489:c5005]
2019-08-21 15:30:05,746 | INFO  | SCMAudit | user=jenkins1000 | ip=192.168.5.153 | op=ALLOCATE_BLOCK {owner=78849ec2-2b05-45d8-8cb5-e95e2230dbd1, size=4194304, type=RATIS, factor=THREE} | ret=SUCCESS |  
2019-08-21 15:30:05,753 | INFO  | OMAudit | user=jenkins1000 | ip=127.0.0.1 | op=ALLOCATE_BLOCK {volume=vol-0-32358, bucket=bucket-0-01949, key=key-0-56547, dataSize=0, replicationType=null, replicationFactor=null, keyLocationInfo=null, clientID=102655680532119954} | ret=SUCCESS |  
2019-08-21 15:30:05,763 | INFO  | DNAudit | user=null | ip=null | op=WRITE_CHUNK {blockData=conID: 3 locID: 102655682526970532 bcsId: 0} | ret=SUCCESS |  
2019-08-21 15:30:05,767 | INFO  | DNAudit | user=null | ip=null | op=WRITE_CHUNK {blockData=conID: 3 locID: 102655682526970532 bcsId: 0} | ret=SUCCESS |  
2019-08-21 15:30:05,767 | INFO  | DNAudit | user=null | ip=null | op=WRITE_CHUNK {blockData=conID: 3 locID: 102655682526970532 bcsId: 0} | ret=SUCCESS |  
2019-08-21 15:30:05,768 | INFO  | DNAudit | user=null | ip=null | op=WRITE_CHUNK {blockData=conID: 3 locID: 102655682526970532 bcsId: 0} | ret=SUCCESS |  
2019-08-21 15:30:05,771 | INFO  | DNAudit | user=null | ip=null | op=WRITE_CHUNK {blockData=conID: 3 locID: 102655682526970532 bcsId: 0} | ret=SUCCESS |  
2019-08-21 15:30:05,771 | INFO  | DNAudit | user=null | ip=null | op=WRITE_CHUNK {blockData=conID: 3 locID: 102655682526970532 bcsId: 0} | ret=SUCCESS |  
2019-08-21 15:30:05,778 | INFO  | DNAudit | user=null | ip=null | op=WRITE_CHUNK {blockData=conID: 3 locID: 102655682526970532 bcsId: 0} | ret=SUCCESS |  
2019-08-21 15:30:05,779 | INFO  | DNAudit | user=null | ip=null | op=PUT_BLOCK {blockData=[blockId=conID: 3 locID: 102655682526970532 bcsId: 0,size=1048576]} | ret=SUCCESS |  
2019-08-21 15:30:05,779 [grpc-default-executor-4] INFO  client.GrpcClientProtocolClient (GrpcClientProtocolClient.java:onNext(255)) - client-029E50227556->355864cd-7ac5-4934-b366-9756b15dd90f: receive RaftClientReply:client-029E50227556->355864cd-7ac5-4934-b366-9756b15dd90f@group-785BCF25C267, cid=3323, SUCCESS, logIndex=5008, commits[355864cd-7ac5-4934-b366-9756b15dd90f:c5009, ce4aa411-63c8-4399-99eb-27ce352844f3:c5007, 3eeffb0a-787e-48ec-a2f5-d0c540a89489:c5007]
2019-08-21 15:30:05,780 [grpc-default-executor-4] INFO  client.GrpcClientProtocolClient (GrpcClientProtocolClient.java:onNext(255)) - client-029E50227556->355864cd-7ac5-4934-b366-9756b15dd90f: receive RaftClientReply:client-029E50227556->355864cd-7ac5-4934-b366-9756b15dd90f@group-785BCF25C267, cid=3324, SUCCESS, logIndex=5009, commits[355864cd-7ac5-4934-b366-9756b15dd90f:c5009, ce4aa411-63c8-4399-99eb-27ce352844f3:c5007, 3eeffb0a-787e-48ec-a2f5-d0c540a89489:c5007]
2019-08-21 15:30:05,783 | INFO  | DNAudit | user=null | ip=null | op=WRITE_CHUNK {blockData=conID: 3 locID: 102655682526970532 bcsId: 0} | ret=SUCCESS |  
2019-08-21 15:30:05,783 | INFO  | DNAudit | user=null | ip=null | op=PUT_BLOCK {blockData=[blockId=conID: 3 locID: 102655682526970532 bcsId: 0,size=1048576]} | ret=SUCCESS |  
2019-08-21 15:30:05,784 | INFO  | DNAudit | user=null | ip=null | op=WRITE_CHUNK {blockData=conID: 3 locID: 102655682526970532 bcsId: 0} | ret=SUCCESS |  
2019-08-21 15:30:05,784 | INFO  | DNAudit | user=null | ip=null | op=WRITE_CHUNK {blockData=conID: 3 locID: 102655682526970532 bcsId: 0} | ret=SUCCESS |  
2019-08-21 15:30:05,784 | INFO  | DNAudit | user=null | ip=null | op=PUT_BLOCK {blockData=[blockId=conID: 3 locID: 102655682526970532 bcsId: 0,size=1048576]} | ret=SUCCESS |  
2019-08-21 15:30:05,784 | INFO  | DNAudit | user=null | ip=null | op=PUT_BLOCK {blockData=[blockId=conID: 3 locID: 102655682526970532 bcsId: 0,size=2097152]} | ret=SUCCESS |  
2019-08-21 15:30:05,785 [grpc-default-executor-3] INFO  client.GrpcClientProtocolClient (GrpcClientProtocolClient.java:onNext(255)) - client-029E50227556->355864cd-7ac5-4934-b366-9756b15dd90f: receive RaftClientReply:client-029E50227556->355864cd-7ac5-4934-b366-9756b15dd90f@group-785BCF25C267, cid=3325, SUCCESS, logIndex=5010, commits[355864cd-7ac5-4934-b366-9756b15dd90f:c5013, ce4aa411-63c8-4399-99eb-27ce352844f3:c5009, 3eeffb0a-787e-48ec-a2f5-d0c540a89489:c5007]
2019-08-21 15:30:05,785 [grpc-default-executor-3] INFO  client.GrpcClientProtocolClient (GrpcClientProtocolClient.java:onNext(255)) - client-029E50227556->355864cd-7ac5-4934-b366-9756b15dd90f: receive RaftClientReply:client-029E50227556->355864cd-7ac5-4934-b366-9756b15dd90f@group-785BCF25C267, cid=3326, SUCCESS, logIndex=5011, commits[355864cd-7ac5-4934-b366-9756b15dd90f:c5013, ce4aa411-63c8-4399-99eb-27ce352844f3:c5009, 3eeffb0a-787e-48ec-a2f5-d0c540a89489:c5009]
2019-08-21 15:30:05,795 | INFO  | DNAudit | user=null | ip=null | op=WRITE_CHUNK {blockData=conID: 3 locID: 102655682526970532 bcsId: 5011} | ret=SUCCESS |  
2019-08-21 15:30:05,798 | INFO  | DNAudit | user=null | ip=null | op=WRITE_CHUNK {blockData=conID: 3 locID: 102655682526970532 bcsId: 5011} | ret=SUCCESS |  
2019-08-21 15:30:05,798 | INFO  | DNAudit | user=null | ip=null | op=WRITE_CHUNK {blockData=conID: 3 locID: 102655682526970532 bcsId: 5011} | ret=SUCCESS |  
2019-08-21 15:30:05,804 | INFO  | DNAudit | user=null | ip=null | op=WRITE_CHUNK {blockData=conID: 3 locID: 102655682526970532 bcsId: 0} | ret=SUCCESS |  
2019-08-21 15:30:05,804 | INFO  | DNAudit | user=null | ip=null | op=WRITE_CHUNK {blockData=conID: 3 locID: 102655682526970532 bcsId: 0} | ret=SUCCESS |  
2019-08-21 15:30:05,804 | INFO  | DNAudit | user=null | ip=null | op=PUT_BLOCK {blockData=[blockId=conID: 3 locID: 102655682526970532 bcsId: 0,size=2097152]} | ret=SUCCESS |  
2019-08-21 15:30:05,804 | INFO  | DNAudit | user=null | ip=null | op=PUT_BLOCK {blockData=[blockId=conID: 3 locID: 102655682526970532 bcsId: 0,size=2097152]} | ret=SUCCESS |  
2019-08-21 15:30:05,818 | INFO  | DNAudit | user=null | ip=null | op=WRITE_CHUNK {blockData=conID: 3 locID: 102655682526970532 bcsId: 5011} | ret=SUCCESS |  
2019-08-21 15:30:05,818 | INFO  | DNAudit | user=null | ip=null | op=PUT_BLOCK {blockData=[blockId=conID: 3 locID: 102655682526970532 bcsId: 0,size=3145728]} | ret=SUCCESS |  
2019-08-21 15:30:05,819 [grpc-default-executor-0] INFO  client.GrpcClientProtocolClient (GrpcClientProtocolClient.java:onNext(255)) - client-029E50227556->355864cd-7ac5-4934-b366-9756b15dd90f: receive RaftClientReply:client-029E50227556->355864cd-7ac5-4934-b366-9756b15dd90f@group-785BCF25C267, cid=3327, SUCCESS, logIndex=5016, commits[355864cd-7ac5-4934-b366-9756b15dd90f:c5016, ce4aa411-63c8-4399-99eb-27ce352844f3:c5012, 3eeffb0a-787e-48ec-a2f5-d0c540a89489:c5013]
2019-08-21 15:30:05,820 [grpc-default-executor-0] INFO  client.GrpcClientProtocolClient (GrpcClientProtocolClient.java:onNext(255)) - client-029E50227556->355864cd-7ac5-4934-b366-9756b15dd90f: receive RaftClientReply:client-029E50227556->355864cd-7ac5-4934-b366-9756b15dd90f@group-785BCF25C267, cid=3328, SUCCESS, logIndex=5017, commits[355864cd-7ac5-4934-b366-9756b15dd90f:c5017, ce4aa411-63c8-4399-99eb-27ce352844f3:c5013, 3eeffb0a-787e-48ec-a2f5-d0c540a89489:c5013]
2019-08-21 15:30:05,830 | INFO  | DNAudit | user=null | ip=null | op=WRITE_CHUNK {blockData=conID: 3 locID: 102655682526970532 bcsId: 5017} | ret=SUCCESS |  
2019-08-21 15:30:05,831 | INFO  | DNAudit | user=null | ip=null | op=WRITE_CHUNK {blockData=conID: 3 locID: 102655682526970532 bcsId: 5011} | ret=SUCCESS |  
2019-08-21 15:30:05,831 | INFO  | DNAudit | user=null | ip=null | op=WRITE_CHUNK {blockData=conID: 3 locID: 102655682526970532 bcsId: 5011} | ret=SUCCESS |  
2019-08-21 15:30:05,833 | INFO  | DNAudit | user=null | ip=null | op=WRITE_CHUNK {blockData=conID: 3 locID: 102655682526970532 bcsId: 5017} | ret=SUCCESS |  
2019-08-21 15:30:05,834 | INFO  | DNAudit | user=null | ip=null | op=WRITE_CHUNK {blockData=conID: 3 locID: 102655682526970532 bcsId: 5017} | ret=SUCCESS |  
2019-08-21 15:30:05,844 | INFO  | DNAudit | user=null | ip=null | op=PUT_BLOCK {blockData=[blockId=conID: 3 locID: 102655682526970532 bcsId: 0,size=3145728]} | ret=SUCCESS |  
2019-08-21 15:30:05,844 | INFO  | DNAudit | user=null | ip=null | op=PUT_BLOCK {blockData=[blockId=conID: 3 locID: 102655682526970532 bcsId: 0,size=3145728]} | ret=SUCCESS |  
2019-08-21 15:30:05,856 | INFO  | DNAudit | user=null | ip=null | op=WRITE_CHUNK {blockData=conID: 3 locID: 102655682526970532 bcsId: 5017} | ret=SUCCESS |  
2019-08-21 15:30:05,856 | INFO  | DNAudit | user=null | ip=null | op=PUT_BLOCK {blockData=[blockId=conID: 3 locID: 102655682526970532 bcsId: 0,size=4194304]} | ret=SUCCESS |  
2019-08-21 15:30:05,857 [grpc-default-executor-3] INFO  client.GrpcClientProtocolClient (GrpcClientProtocolClient.java:onNext(255)) - client-029E50227556->355864cd-7ac5-4934-b366-9756b15dd90f: receive RaftClientReply:client-029E50227556->355864cd-7ac5-4934-b366-9756b15dd90f@group-785BCF25C267, cid=3329, SUCCESS, logIndex=5020, commits[355864cd-7ac5-4934-b366-9756b15dd90f:c5021, ce4aa411-63c8-4399-99eb-27ce352844f3:c5017, 3eeffb0a-787e-48ec-a2f5-d0c540a89489:c5017]
2019-08-21 15:30:05,857 [grpc-default-executor-3] INFO  client.GrpcClientProtocolClient (GrpcClientProtocolClient.java:onNext(255)) - client-029E50227556->355864cd-7ac5-4934-b366-9756b15dd90f: receive RaftClientReply:client-029E50227556->355864cd-7ac5-4934-b366-9756b15dd90f@group-785BCF25C267, cid=3330, SUCCESS, logIndex=5021, commits[355864cd-7ac5-4934-b366-9756b15dd90f:c5021, ce4aa411-63c8-4399-99eb-27ce352844f3:c5017, 3eeffb0a-787e-48ec-a2f5-d0c540a89489:c5017]
2019-08-21 15:30:05,869 | INFO  | DNAudit | user=null | ip=null | op=WRITE_CHUNK {blockData=conID: 3 locID: 102655682526970532 bcsId: 5017} | ret=SUCCESS |  
2019-08-21 15:30:05,869 | INFO  | DNAudit | user=null | ip=null | op=WRITE_CHUNK {blockData=conID: 3 locID: 102655682526970532 bcsId: 5017} | ret=SUCCESS |  
2019-08-21 15:30:05,870 | INFO  | DNAudit | user=null | ip=null | op=PUT_BLOCK {blockData=[blockId=conID: 3 locID: 102655682526970532 bcsId: 0,size=4194304]} | ret=SUCCESS |  
2019-08-21 15:30:05,870 | INFO  | DNAudit | user=null | ip=null | op=PUT_BLOCK {blockData=[blockId=conID: 3 locID: 102655682526970532 bcsId: 0,size=4194304]} | ret=SUCCESS |  
2019-08-21 15:30:05,871 [grpc-default-executor-3] INFO  client.GrpcClientProtocolClient (GrpcClientProtocolClient.java:onNext(255)) - client-029E50227556->355864cd-7ac5-4934-b366-9756b15dd90f: receive RaftClientReply:client-029E50227556->355864cd-7ac5-4934-b366-9756b15dd90f@group-785BCF25C267, cid=3331, SUCCESS, logIndex=0, commits[355864cd-7ac5-4934-b366-9756b15dd90f:c5022, ce4aa411-63c8-4399-99eb-27ce352844f3:c5021, 3eeffb0a-787e-48ec-a2f5-d0c540a89489:c5021]
2019-08-21 15:30:05,883 | INFO  | SCMAudit | user=jenkins1000 | ip=192.168.5.153 | op=ALLOCATE_BLOCK {owner=78849ec2-2b05-45d8-8cb5-e95e2230dbd1, size=4194304, type=RATIS, factor=THREE} | ret=SUCCESS |  
2019-08-21 15:30:05,894 | INFO  | OMAudit | user=jenkins1000 | ip=127.0.0.1 | op=ALLOCATE_BLOCK {volume=vol-0-32358, bucket=bucket-0-01949, key=key-0-56547, dataSize=0, replicationType=null, replicationFactor=null, keyLocationInfo=null, clientID=102655680532119954} | ret=SUCCESS |  
2019-08-21 15:30:05,905 | INFO  | DNAudit | user=null | ip=null | op=WRITE_CHUNK {blockData=conID: 1 locID: 102655682535883429 bcsId: 0} | ret=SUCCESS |  
2019-08-21 15:30:05,909 | INFO  | DNAudit | user=null | ip=null | op=WRITE_CHUNK {blockData=conID: 1 locID: 102655682535883429 bcsId: 0} | ret=SUCCESS |  
2019-08-21 15:30:05,909 | INFO  | DNAudit | user=null | ip=null | op=WRITE_CHUNK {blockData=conID: 1 locID: 102655682535883429 bcsId: 0} | ret=SUCCESS |  
2019-08-21 15:30:05,910 | INFO  | DNAudit | user=null | ip=null | op=WRITE_CHUNK {blockData=conID: 1 locID: 102655682535883429 bcsId: 0} | ret=SUCCESS |  
2019-08-21 15:30:05,914 | INFO  | DNAudit | user=null | ip=null | op=WRITE_CHUNK {blockData=conID: 1 locID: 102655682535883429 bcsId: 0} | ret=SUCCESS |  
2019-08-21 15:30:05,915 | INFO  | DNAudit | user=null | ip=null | op=WRITE_CHUNK {blockData=conID: 1 locID: 102655682535883429 bcsId: 0} | ret=SUCCESS |  
2019-08-21 15:30:05,918 | INFO  | DNAudit | user=null | ip=null | op=WRITE_CHUNK {blockData=conID: 1 locID: 102655682535883429 bcsId: 0} | ret=SUCCESS |  
2019-08-21 15:30:05,919 | INFO  | DNAudit | user=null | ip=null | op=PUT_BLOCK {blockData=[blockId=conID: 1 locID: 102655682535883429 bcsId: 0,size=1048576]} | ret=SUCCESS |  
2019-08-21 15:30:05,919 | INFO  | DNAudit | user=null | ip=null | op=WRITE_CHUNK {blockData=conID: 1 locID: 102655682535883429 bcsId: 0} | ret=SUCCESS |  
2019-08-21 15:30:05,919 [grpc-default-executor-0] INFO  client.GrpcClientProtocolClient (GrpcClientProtocolClient.java:onNext(255)) - client-029E50227556->355864cd-7ac5-4934-b366-9756b15dd90f: receive RaftClientReply:client-029E50227556->355864cd-7ac5-4934-b366-9756b15dd90f@group-785BCF25C267, cid=3332, SUCCESS, logIndex=5024, commits[355864cd-7ac5-4934-b366-9756b15dd90f:c5025, ce4aa411-63c8-4399-99eb-27ce352844f3:c5023, 3eeffb0a-787e-48ec-a2f5-d0c540a89489:c5023]
2019-08-21 15:30:05,920 | INFO  | DNAudit | user=null | ip=null | op=PUT_BLOCK {blockData=[blockId=conID: 1 locID: 102655682535883429 bcsId: 0,size=2097152]} | ret=SUCCESS |  
2019-08-21 15:30:05,920 [grpc-default-executor-0] INFO  client.GrpcClientProtocolClient (GrpcClientProtocolClient.java:onNext(255)) - client-029E50227556->355864cd-7ac5-4934-b366-9756b15dd90f: receive RaftClientReply:client-029E50227556->355864cd-7ac5-4934-b366-9756b15dd90f@group-785BCF25C267, cid=3333, SUCCESS, logIndex=5025, commits[355864cd-7ac5-4934-b366-9756b15dd90f:c5026, ce4aa411-63c8-4399-99eb-27ce352844f3:c5023, 3eeffb0a-787e-48ec-a2f5-d0c540a89489:c5023]
2019-08-21 15:30:05,920 [grpc-default-executor-0] INFO  client.GrpcClientProtocolClient (GrpcClientProtocolClient.java:onNext(255)) - client-029E50227556->355864cd-7ac5-4934-b366-9756b15dd90f: receive RaftClientReply:client-029E50227556->355864cd-7ac5-4934-b366-9756b15dd90f@group-785BCF25C267, cid=3334, SUCCESS, logIndex=5026, commits[355864cd-7ac5-4934-b366-9756b15dd90f:c5027, ce4aa411-63c8-4399-99eb-27ce352844f3:c5023, 3eeffb0a-787e-48ec-a2f5-d0c540a89489:c5023]
2019-08-21 15:30:05,921 | INFO  | DNAudit | user=null | ip=null | op=WRITE_CHUNK {blockData=conID: 1 locID: 102655682535883429 bcsId: 0} | ret=SUCCESS |  
2019-08-21 15:30:05,921 [grpc-default-executor-0] INFO  client.GrpcClientProtocolClient (GrpcClientProtocolClient.java:onNext(255)) - client-029E50227556->355864cd-7ac5-4934-b366-9756b15dd90f: receive RaftClientReply:client-029E50227556->355864cd-7ac5-4934-b366-9756b15dd90f@group-785BCF25C267, cid=3335, SUCCESS, logIndex=5027, commits[355864cd-7ac5-4934-b366-9756b15dd90f:c5027, ce4aa411-63c8-4399-99eb-27ce352844f3:c5023, 3eeffb0a-787e-48ec-a2f5-d0c540a89489:c5023]
2019-08-21 15:30:05,931 | INFO  | DNAudit | user=null | ip=null | op=WRITE_CHUNK {blockData=conID: 1 locID: 102655682535883429 bcsId: 0} | ret=SUCCESS |  
2019-08-21 15:30:05,932 | INFO  | DNAudit | user=null | ip=null | op=PUT_BLOCK {blockData=[blockId=conID: 1 locID: 102655682535883429 bcsId: 0,size=1048576]} | ret=SUCCESS |  
2019-08-21 15:30:05,932 | INFO  | DNAudit | user=null | ip=null | op=PUT_BLOCK {blockData=[blockId=conID: 1 locID: 102655682535883429 bcsId: 0,size=1048576]} | ret=SUCCESS |  
2019-08-21 15:30:05,933 | INFO  | DNAudit | user=null | ip=null | op=WRITE_CHUNK {blockData=conID: 1 locID: 102655682535883429 bcsId: 0} | ret=SUCCESS |  
2019-08-21 15:30:05,933 | INFO  | DNAudit | user=null | ip=null | op=WRITE_CHUNK {blockData=conID: 1 locID: 102655682535883429 bcsId: 0} | ret=SUCCESS |  
2019-08-21 15:30:05,933 | INFO  | DNAudit | user=null | ip=null | op=PUT_BLOCK {blockData=[blockId=conID: 1 locID: 102655682535883429 bcsId: 0,size=2097152]} | ret=SUCCESS |  
2019-08-21 15:30:05,933 | INFO  | DNAudit | user=null | ip=null | op=PUT_BLOCK {blockData=[blockId=conID: 1 locID: 102655682535883429 bcsId: 0,size=2097152]} | ret=SUCCESS |  
2019-08-21 15:30:05,934 [grpc-default-executor-4] INFO  client.GrpcClientProtocolClient (GrpcClientProtocolClient.java:onNext(255)) - client-029E50227556->355864cd-7ac5-4934-b366-9756b15dd90f: receive RaftClientReply:client-029E50227556->355864cd-7ac5-4934-b366-9756b15dd90f@group-785BCF25C267, cid=3336, SUCCESS, logIndex=0, commits[355864cd-7ac5-4934-b366-9756b15dd90f:c5031, ce4aa411-63c8-4399-99eb-27ce352844f3:c5027, 3eeffb0a-787e-48ec-a2f5-d0c540a89489:c5025]
2019-08-21 15:30:05,944 | INFO  | DNAudit | user=null | ip=null | op=WRITE_CHUNK {blockData=conID: 1 locID: 102655682535883429 bcsId: 5027} | ret=SUCCESS |  
2019-08-21 15:30:05,947 | INFO  | DNAudit | user=null | ip=null | op=WRITE_CHUNK {blockData=conID: 1 locID: 102655682535883429 bcsId: 5027} | ret=SUCCESS |  
2019-08-21 15:30:05,948 | INFO  | DNAudit | user=null | ip=null | op=WRITE_CHUNK {blockData=conID: 1 locID: 102655682535883429 bcsId: 5027} | ret=SUCCESS |  
2019-08-21 15:30:05,958 | INFO  | DNAudit | user=null | ip=null | op=WRITE_CHUNK {blockData=conID: 1 locID: 102655682535883429 bcsId: 5027} | ret=SUCCESS |  
2019-08-21 15:30:05,959 | INFO  | DNAudit | user=null | ip=null | op=PUT_BLOCK {blockData=[blockId=conID: 1 locID: 102655682535883429 bcsId: 0,size=3145728]} | ret=SUCCESS |  
2019-08-21 15:30:05,959 [grpc-default-executor-3] INFO  client.GrpcClientProtocolClient (GrpcClientProtocolClient.java:onNext(255)) - client-029E50227556->355864cd-7ac5-4934-b366-9756b15dd90f: receive RaftClientReply:client-029E50227556->355864cd-7ac5-4934-b366-9756b15dd90f@group-785BCF25C267, cid=3337, SUCCESS, logIndex=5032, commits[355864cd-7ac5-4934-b366-9756b15dd90f:c5033, ce4aa411-63c8-4399-99eb-27ce352844f3:c5031, 3eeffb0a-787e-48ec-a2f5-d0c540a89489:c5031]
2019-08-21 15:30:05,960 [grpc-default-executor-3] INFO  client.GrpcClientProtocolClient (GrpcClientProtocolClient.java:onNext(255)) - client-029E50227556->355864cd-7ac5-4934-b366-9756b15dd90f: receive RaftClientReply:client-029E50227556->355864cd-7ac5-4934-b366-9756b15dd90f@group-785BCF25C267, cid=3338, SUCCESS, logIndex=5033, commits[355864cd-7ac5-4934-b366-9756b15dd90f:c5033, ce4aa411-63c8-4399-99eb-27ce352844f3:c5031, 3eeffb0a-787e-48ec-a2f5-d0c540a89489:c5031]
2019-08-21 15:30:05,971 | INFO  | DNAudit | user=null | ip=null | op=WRITE_CHUNK {blockData=conID: 1 locID: 102655682535883429 bcsId: 5033} | ret=SUCCESS |  
2019-08-21 15:30:05,971 | INFO  | DNAudit | user=null | ip=null | op=WRITE_CHUNK {blockData=conID: 1 locID: 102655682535883429 bcsId: 5027} | ret=SUCCESS |  
2019-08-21 15:30:05,971 | INFO  | DNAudit | user=null | ip=null | op=WRITE_CHUNK {blockData=conID: 1 locID: 102655682535883429 bcsId: 5027} | ret=SUCCESS |  
2019-08-21 15:30:05,972 | INFO  | DNAudit | user=null | ip=null | op=PUT_BLOCK {blockData=[blockId=conID: 1 locID: 102655682535883429 bcsId: 0,size=3145728]} | ret=SUCCESS |  
2019-08-21 15:30:05,972 | INFO  | DNAudit | user=null | ip=null | op=PUT_BLOCK {blockData=[blockId=conID: 1 locID: 102655682535883429 bcsId: 0,size=3145728]} | ret=SUCCESS |  
2019-08-21 15:30:05,975 | INFO  | DNAudit | user=null | ip=null | op=WRITE_CHUNK {blockData=conID: 1 locID: 102655682535883429 bcsId: 5033} | ret=SUCCESS |  
2019-08-21 15:30:05,975 | INFO  | DNAudit | user=null | ip=null | op=WRITE_CHUNK {blockData=conID: 1 locID: 102655682535883429 bcsId: 5033} | ret=SUCCESS |  
2019-08-21 15:30:05,998 | INFO  | DNAudit | user=null | ip=null | op=WRITE_CHUNK {blockData=conID: 1 locID: 102655682535883429 bcsId: 5033} | ret=SUCCESS |  
2019-08-21 15:30:05,998 | INFO  | DNAudit | user=null | ip=null | op=PUT_BLOCK {blockData=[blockId=conID: 1 locID: 102655682535883429 bcsId: 0,size=4194304]} | ret=SUCCESS |  
2019-08-21 15:30:05,999 [grpc-default-executor-0] INFO  client.GrpcClientProtocolClient (GrpcClientProtocolClient.java:onNext(255)) - client-029E50227556->355864cd-7ac5-4934-b366-9756b15dd90f: receive RaftClientReply:client-029E50227556->355864cd-7ac5-4934-b366-9756b15dd90f@group-785BCF25C267, cid=3339, SUCCESS, logIndex=5036, commits[355864cd-7ac5-4934-b366-9756b15dd90f:c5037, ce4aa411-63c8-4399-99eb-27ce352844f3:c5033, 3eeffb0a-787e-48ec-a2f5-d0c540a89489:c5033]
2019-08-21 15:30:05,999 [grpc-default-executor-0] INFO  client.GrpcClientProtocolClient (GrpcClientProtocolClient.java:onNext(255)) - client-029E50227556->355864cd-7ac5-4934-b366-9756b15dd90f: receive RaftClientReply:client-029E50227556->355864cd-7ac5-4934-b366-9756b15dd90f@group-785BCF25C267, cid=3340, SUCCESS, logIndex=5037, commits[355864cd-7ac5-4934-b366-9756b15dd90f:c5037, ce4aa411-63c8-4399-99eb-27ce352844f3:c5033, 3eeffb0a-787e-48ec-a2f5-d0c540a89489:c5033]
2019-08-21 15:30:06,011 | INFO  | DNAudit | user=null | ip=null | op=WRITE_CHUNK {blockData=conID: 1 locID: 102655682535883429 bcsId: 5033} | ret=SUCCESS |  
2019-08-21 15:30:06,011 | INFO  | DNAudit | user=null | ip=null | op=WRITE_CHUNK {blockData=conID: 1 locID: 102655682535883429 bcsId: 5033} | ret=SUCCESS |  
2019-08-21 15:30:06,012 | INFO  | DNAudit | user=null | ip=null | op=PUT_BLOCK {blockData=[blockId=conID: 1 locID: 102655682535883429 bcsId: 0,size=4194304]} | ret=SUCCESS |  
2019-08-21 15:30:06,024 | INFO  | DNAudit | user=null | ip=null | op=PUT_BLOCK {blockData=[blockId=conID: 1 locID: 102655682535883429 bcsId: 0,size=4194304]} | ret=SUCCESS |  
2019-08-21 15:30:06,026 [grpc-default-executor-0] INFO  client.GrpcClientProtocolClient (GrpcClientProtocolClient.java:onNext(255)) - client-029E50227556->355864cd-7ac5-4934-b366-9756b15dd90f: receive RaftClientReply:client-029E50227556->355864cd-7ac5-4934-b366-9756b15dd90f@group-785BCF25C267, cid=3341, SUCCESS, logIndex=0, commits[355864cd-7ac5-4934-b366-9756b15dd90f:c5039, ce4aa411-63c8-4399-99eb-27ce352844f3:c5037, 3eeffb0a-787e-48ec-a2f5-d0c540a89489:c5037]
2019-08-21 15:30:06,041 | INFO  | SCMAudit | user=jenkins1000 | ip=192.168.5.153 | op=ALLOCATE_BLOCK {owner=78849ec2-2b05-45d8-8cb5-e95e2230dbd1, size=4194304, type=RATIS, factor=THREE} | ret=SUCCESS |  
2019-08-21 15:30:06,050 | INFO  | OMAudit | user=jenkins1000 | ip=127.0.0.1 | op=ALLOCATE_BLOCK {volume=vol-0-32358, bucket=bucket-0-01949, key=key-0-56547, dataSize=0, replicationType=null, replicationFactor=null, keyLocationInfo=null, clientID=102655680532119954} | ret=SUCCESS |  
2019-08-21 15:30:06,061 | INFO  | DNAudit | user=null | ip=null | op=WRITE_CHUNK {blockData=conID: 2 locID: 102655682546303654 bcsId: 0} | ret=SUCCESS |  
2019-08-21 15:30:06,065 | INFO  | DNAudit | user=null | ip=null | op=WRITE_CHUNK {blockData=conID: 2 locID: 102655682546303654 bcsId: 0} | ret=SUCCESS |  
2019-08-21 15:30:06,066 | INFO  | DNAudit | user=null | ip=null | op=WRITE_CHUNK {blockData=conID: 2 locID: 102655682546303654 bcsId: 0} | ret=SUCCESS |  
2019-08-21 15:30:06,067 | INFO  | DNAudit | user=null | ip=null | op=WRITE_CHUNK {blockData=conID: 2 locID: 102655682546303654 bcsId: 0} | ret=SUCCESS |  
2019-08-21 15:30:06,070 | INFO  | DNAudit | user=null | ip=null | op=WRITE_CHUNK {blockData=conID: 2 locID: 102655682546303654 bcsId: 0} | ret=SUCCESS |  
2019-08-21 15:30:06,071 | INFO  | DNAudit | user=null | ip=null | op=WRITE_CHUNK {blockData=conID: 2 locID: 102655682546303654 bcsId: 0} | ret=SUCCESS |  
2019-08-21 15:30:06,077 | INFO  | DNAudit | user=null | ip=null | op=WRITE_CHUNK {blockData=conID: 2 locID: 102655682546303654 bcsId: 0} | ret=SUCCESS |  
2019-08-21 15:30:06,078 | INFO  | DNAudit | user=null | ip=null | op=PUT_BLOCK {blockData=[blockId=conID: 2 locID: 102655682546303654 bcsId: 0,size=1048576]} | ret=SUCCESS |  
2019-08-21 15:30:06,078 [grpc-default-executor-4] INFO  client.GrpcClientProtocolClient (GrpcClientProtocolClient.java:onNext(255)) - client-029E50227556->355864cd-7ac5-4934-b366-9756b15dd90f: receive RaftClientReply:client-029E50227556->355864cd-7ac5-4934-b366-9756b15dd90f@group-785BCF25C267, cid=3342, SUCCESS, logIndex=5040, commits[355864cd-7ac5-4934-b366-9756b15dd90f:c5041, ce4aa411-63c8-4399-99eb-27ce352844f3:c5039, 3eeffb0a-787e-48ec-a2f5-d0c540a89489:c5039]
2019-08-21 15:30:06,079 [grpc-default-executor-4] INFO  client.GrpcClientProtocolClient (GrpcClientProtocolClient.java:onNext(255)) - client-029E50227556->355864cd-7ac5-4934-b366-9756b15dd90f: receive RaftClientReply:client-029E50227556->355864cd-7ac5-4934-b366-9756b15dd90f@group-785BCF25C267, cid=3343, SUCCESS, logIndex=5041, commits[355864cd-7ac5-4934-b366-9756b15dd90f:c5041, ce4aa411-63c8-4399-99eb-27ce352844f3:c5039, 3eeffb0a-787e-48ec-a2f5-d0c540a89489:c5039]
2019-08-21 15:30:06,096 | INFO  | DNAudit | user=null | ip=null | op=WRITE_CHUNK {blockData=conID: 2 locID: 102655682546303654 bcsId: 0} | ret=SUCCESS |  
2019-08-21 15:30:06,097 | INFO  | DNAudit | user=null | ip=null | op=PUT_BLOCK {blockData=[blockId=conID: 2 locID: 102655682546303654 bcsId: 0,size=2097152]} | ret=SUCCESS |  
2019-08-21 15:30:06,097 [grpc-default-executor-3] INFO  client.GrpcClientProtocolClient (GrpcClientProtocolClient.java:onNext(255)) - client-029E50227556->355864cd-7ac5-4934-b366-9756b15dd90f: receive RaftClientReply:client-029E50227556->355864cd-7ac5-4934-b366-9756b15dd90f@group-785BCF25C267, cid=3344, SUCCESS, logIndex=5042, commits[355864cd-7ac5-4934-b366-9756b15dd90f:c5043, ce4aa411-63c8-4399-99eb-27ce352844f3:c5039, 3eeffb0a-787e-48ec-a2f5-d0c540a89489:c5039]
2019-08-21 15:30:06,098 | INFO  | DNAudit | user=null | ip=null | op=WRITE_CHUNK {blockData=conID: 2 locID: 102655682546303654 bcsId: 0} | ret=SUCCESS |  
2019-08-21 15:30:06,098 [grpc-default-executor-3] INFO  client.GrpcClientProtocolClient (GrpcClientProtocolClient.java:onNext(255)) - client-029E50227556->355864cd-7ac5-4934-b366-9756b15dd90f: receive RaftClientReply:client-029E50227556->355864cd-7ac5-4934-b366-9756b15dd90f@group-785BCF25C267, cid=3345, SUCCESS, logIndex=5043, commits[355864cd-7ac5-4934-b366-9756b15dd90f:c5043, ce4aa411-63c8-4399-99eb-27ce352844f3:c5039, 3eeffb0a-787e-48ec-a2f5-d0c540a89489:c5039]
2019-08-21 15:30:06,098 | INFO  | DNAudit | user=null | ip=null | op=PUT_BLOCK {blockData=[blockId=conID: 2 locID: 102655682546303654 bcsId: 0,size=1048576]} | ret=SUCCESS |  
2019-08-21 15:30:06,107 | INFO  | DNAudit | user=null | ip=null | op=WRITE_CHUNK {blockData=conID: 2 locID: 102655682546303654 bcsId: 0} | ret=SUCCESS |  
2019-08-21 15:30:06,107 | INFO  | DNAudit | user=null | ip=null | op=PUT_BLOCK {blockData=[blockId=conID: 2 locID: 102655682546303654 bcsId: 0,size=1048576]} | ret=SUCCESS |  
2019-08-21 15:30:06,108 [grpc-default-executor-3] INFO  client.GrpcClientProtocolClient (GrpcClientProtocolClient.java:onNext(255)) - client-029E50227556->355864cd-7ac5-4934-b366-9756b15dd90f: receive RaftClientReply:client-029E50227556->355864cd-7ac5-4934-b366-9756b15dd90f@group-785BCF25C267, cid=3346, SUCCESS, logIndex=0, commits[355864cd-7ac5-4934-b366-9756b15dd90f:c5045, ce4aa411-63c8-4399-99eb-27ce352844f3:c5041, 3eeffb0a-787e-48ec-a2f5-d0c540a89489:c5041]
2019-08-21 15:30:06,109 | INFO  | DNAudit | user=null | ip=null | op=WRITE_CHUNK {blockData=conID: 2 locID: 102655682546303654 bcsId: 0} | ret=SUCCESS |  
2019-08-21 15:30:06,109 | INFO  | DNAudit | user=null | ip=null | op=PUT_BLOCK {blockData=[blockId=conID: 2 locID: 102655682546303654 bcsId: 0,size=2097152]} | ret=SUCCESS |  
2019-08-21 15:30:06,110 | INFO  | DNAudit | user=null | ip=null | op=WRITE_CHUNK {blockData=conID: 2 locID: 102655682546303654 bcsId: 0} | ret=SUCCESS |  
2019-08-21 15:30:06,110 | INFO  | DNAudit | user=null | ip=null | op=PUT_BLOCK {blockData=[blockId=conID: 2 locID: 102655682546303654 bcsId: 0,size=2097152]} | ret=SUCCESS |  
2019-08-21 15:30:06,119 | INFO  | DNAudit | user=null | ip=null | op=WRITE_CHUNK {blockData=conID: 2 locID: 102655682546303654 bcsId: 5043} | ret=SUCCESS |  
2019-08-21 15:30:06,122 | INFO  | DNAudit | user=null | ip=null | op=WRITE_CHUNK {blockData=conID: 2 locID: 102655682546303654 bcsId: 5043} | ret=SUCCESS |  
2019-08-21 15:30:06,123 | INFO  | DNAudit | user=null | ip=null | op=WRITE_CHUNK {blockData=conID: 2 locID: 102655682546303654 bcsId: 5043} | ret=SUCCESS |  
2019-08-21 15:30:06,132 | INFO  | DNAudit | user=null | ip=null | op=WRITE_CHUNK {blockData=conID: 2 locID: 102655682546303654 bcsId: 5043} | ret=SUCCESS |  
2019-08-21 15:30:06,132 | INFO  | DNAudit | user=null | ip=null | op=PUT_BLOCK {blockData=[blockId=conID: 2 locID: 102655682546303654 bcsId: 0,size=3145728]} | ret=SUCCESS |  
2019-08-21 15:30:06,133 [grpc-default-executor-5] INFO  client.GrpcClientProtocolClient (GrpcClientProtocolClient.java:onNext(255)) - client-029E50227556->355864cd-7ac5-4934-b366-9756b15dd90f: receive RaftClientReply:client-029E50227556->355864cd-7ac5-4934-b366-9756b15dd90f@group-785BCF25C267, cid=3347, SUCCESS, logIndex=5048, commits[355864cd-7ac5-4934-b366-9756b15dd90f:c5048, ce4aa411-63c8-4399-99eb-27ce352844f3:c5047, 3eeffb0a-787e-48ec-a2f5-d0c540a89489:c5047]
2019-08-21 15:30:06,134 | INFO  | DNAudit | user=null | ip=null | op=WRITE_CHUNK {blockData=conID: 2 locID: 102655682546303654 bcsId: 5043} | ret=SUCCESS |  
2019-08-21 15:30:06,134 [grpc-default-executor-5] INFO  client.GrpcClientProtocolClient (GrpcClientProtocolClient.java:onNext(255)) - client-029E50227556->355864cd-7ac5-4934-b366-9756b15dd90f: receive RaftClientReply:client-029E50227556->355864cd-7ac5-4934-b366-9756b15dd90f@group-785BCF25C267, cid=3348, SUCCESS, logIndex=5049, commits[355864cd-7ac5-4934-b366-9756b15dd90f:c5049, ce4aa411-63c8-4399-99eb-27ce352844f3:c5047, 3eeffb0a-787e-48ec-a2f5-d0c540a89489:c5047]
2019-08-21 15:30:06,136 | INFO  | DNAudit | user=null | ip=null | op=WRITE_CHUNK {blockData=conID: 2 locID: 102655682546303654 bcsId: 5043} | ret=SUCCESS |  
2019-08-21 15:30:06,144 | INFO  | DNAudit | user=null | ip=null | op=WRITE_CHUNK {blockData=conID: 2 locID: 102655682546303654 bcsId: 5049} | ret=SUCCESS |  
2019-08-21 15:30:06,145 | INFO  | DNAudit | user=null | ip=null | op=PUT_BLOCK {blockData=[blockId=conID: 2 locID: 102655682546303654 bcsId: 0,size=3145728]} | ret=SUCCESS |  
2019-08-21 15:30:06,147 | INFO  | DNAudit | user=null | ip=null | op=PUT_BLOCK {blockData=[blockId=conID: 2 locID: 102655682546303654 bcsId: 0,size=3145728]} | ret=SUCCESS |  
2019-08-21 15:30:06,148 | INFO  | DNAudit | user=null | ip=null | op=WRITE_CHUNK {blockData=conID: 2 locID: 102655682546303654 bcsId: 5049} | ret=SUCCESS |  
2019-08-21 15:30:06,148 | INFO  | DNAudit | user=null | ip=null | op=WRITE_CHUNK {blockData=conID: 2 locID: 102655682546303654 bcsId: 5049} | ret=SUCCESS |  
2019-08-21 15:30:06,169 | INFO  | DNAudit | user=null | ip=null | op=WRITE_CHUNK {blockData=conID: 2 locID: 102655682546303654 bcsId: 5049} | ret=SUCCESS |  
2019-08-21 15:30:06,169 | INFO  | DNAudit | user=null | ip=null | op=PUT_BLOCK {blockData=[blockId=conID: 2 locID: 102655682546303654 bcsId: 0,size=4194304]} | ret=SUCCESS |  
2019-08-21 15:30:06,170 [grpc-default-executor-4] INFO  client.GrpcClientProtocolClient (GrpcClientProtocolClient.java:onNext(255)) - client-029E50227556->355864cd-7ac5-4934-b366-9756b15dd90f: receive RaftClientReply:client-029E50227556->355864cd-7ac5-4934-b366-9756b15dd90f@group-785BCF25C267, cid=3349, SUCCESS, logIndex=5052, commits[355864cd-7ac5-4934-b366-9756b15dd90f:c5053, ce4aa411-63c8-4399-99eb-27ce352844f3:c5050, 3eeffb0a-787e-48ec-a2f5-d0c540a89489:c5050]
2019-08-21 15:30:06,170 [grpc-default-executor-4] INFO  client.GrpcClientProtocolClient (GrpcClientProtocolClient.java:onNext(255)) - client-029E50227556->355864cd-7ac5-4934-b366-9756b15dd90f: receive RaftClientReply:client-029E50227556->355864cd-7ac5-4934-b366-9756b15dd90f@group-785BCF25C267, cid=3350, SUCCESS, logIndex=5053, commits[355864cd-7ac5-4934-b366-9756b15dd90f:c5053, ce4aa411-63c8-4399-99eb-27ce352844f3:c5050, 3eeffb0a-787e-48ec-a2f5-d0c540a89489:c5050]
2019-08-21 15:30:06,181 | INFO  | DNAudit | user=null | ip=null | op=WRITE_CHUNK {blockData=conID: 2 locID: 102655682546303654 bcsId: 5049} | ret=SUCCESS |  
2019-08-21 15:30:06,182 | INFO  | DNAudit | user=null | ip=null | op=WRITE_CHUNK {blockData=conID: 2 locID: 102655682546303654 bcsId: 5049} | ret=SUCCESS |  
2019-08-21 15:30:06,193 | INFO  | DNAudit | user=null | ip=null | op=PUT_BLOCK {blockData=[blockId=conID: 2 locID: 102655682546303654 bcsId: 0,size=4194304]} | ret=SUCCESS |  
2019-08-21 15:30:06,193 | INFO  | DNAudit | user=null | ip=null | op=PUT_BLOCK {blockData=[blockId=conID: 2 locID: 102655682546303654 bcsId: 0,size=4194304]} | ret=SUCCESS |  
2019-08-21 15:30:06,195 [grpc-default-executor-4] INFO  client.GrpcClientProtocolClient (GrpcClientProtocolClient.java:onNext(255)) - client-029E50227556->355864cd-7ac5-4934-b366-9756b15dd90f: receive RaftClientReply:client-029E50227556->355864cd-7ac5-4934-b366-9756b15dd90f@group-785BCF25C267, cid=3351, SUCCESS, logIndex=0, commits[355864cd-7ac5-4934-b366-9756b15dd90f:c5055, ce4aa411-63c8-4399-99eb-27ce352844f3:c5053, 3eeffb0a-787e-48ec-a2f5-d0c540a89489:c5053]
2019-08-21 15:30:06,197 | INFO  | SCMAudit | user=jenkins1000 | ip=192.168.5.153 | op=SEND_HEARTBEAT {datanodeUUID=3eeffb0a-787e-48ec-a2f5-d0c540a89489, command=[]} | ret=SUCCESS |  
2019-08-21 15:30:06,197 | INFO  | SCMAudit | user=jenkins1000 | ip=192.168.5.153 | op=SEND_HEARTBEAT {datanodeUUID=a38cd7e0-d792-481c-a4c0-f4feaa89ec8f, command=[]} | ret=SUCCESS |  
2019-08-21 15:30:06,197 | INFO  | SCMAudit | user=jenkins1000 | ip=192.168.5.153 | op=SEND_HEARTBEAT {datanodeUUID=ce4aa411-63c8-4399-99eb-27ce352844f3, command=[]} | ret=SUCCESS |  
 0.00% |█                                                                                                    |  0/1 Time: 0:00:302019-08-21 15:30:06,198 | INFO  | SCMAudit | user=jenkins1000 | ip=192.168.5.153 | op=SEND_HEARTBEAT {datanodeUUID=355864cd-7ac5-4934-b366-9756b15dd90f, command=[]} | ret=SUCCESS |  
2019-08-21 15:30:06,198 | INFO  | SCMAudit | user=jenkins1000 | ip=192.168.5.153 | op=SEND_HEARTBEAT {datanodeUUID=a0074e04-2715-4b16-a2b0-10b5043d27ae, command=[]} | ret=SUCCESS |  
2019-08-21 15:30:06,208 | INFO  | SCMAudit | user=jenkins1000 | ip=192.168.5.153 | op=ALLOCATE_BLOCK {owner=78849ec2-2b05-45d8-8cb5-e95e2230dbd1, size=4194304, type=RATIS, factor=THREE} | ret=SUCCESS |  
2019-08-21 15:30:06,216 | INFO  | OMAudit | user=jenkins1000 | ip=127.0.0.1 | op=ALLOCATE_BLOCK {volume=vol-0-32358, bucket=bucket-0-01949, key=key-0-56547, dataSize=0, replicationType=null, replicationFactor=null, keyLocationInfo=null, clientID=102655680532119954} | ret=SUCCESS |  
2019-08-21 15:30:06,226 | INFO  | DNAudit | user=null | ip=null | op=WRITE_CHUNK {blockData=conID: 3 locID: 102655682557248167 bcsId: 0} | ret=SUCCESS |  
2019-08-21 15:30:06,231 | INFO  | DNAudit | user=null | ip=null | op=WRITE_CHUNK {blockData=conID: 3 locID: 102655682557248167 bcsId: 0} | ret=SUCCESS |  
2019-08-21 15:30:06,232 | INFO  | DNAudit | user=null | ip=null | op=WRITE_CHUNK {blockData=conID: 3 locID: 102655682557248167 bcsId: 0} | ret=SUCCESS |  
2019-08-21 15:30:06,233 | INFO  | DNAudit | user=null | ip=null | op=WRITE_CHUNK {blockData=conID: 3 locID: 102655682557248167 bcsId: 0} | ret=SUCCESS |  
2019-08-21 15:30:06,237 | INFO  | DNAudit | user=null | ip=null | op=WRITE_CHUNK {blockData=conID: 3 locID: 102655682557248167 bcsId: 0} | ret=SUCCESS |  
2019-08-21 15:30:06,238 | INFO  | DNAudit | user=null | ip=null | op=WRITE_CHUNK {blockData=conID: 3 locID: 102655682557248167 bcsId: 0} | ret=SUCCESS |  
2019-08-21 15:30:06,240 | INFO  | DNAudit | user=null | ip=null | op=WRITE_CHUNK {blockData=conID: 3 locID: 102655682557248167 bcsId: 0} | ret=SUCCESS |  
2019-08-21 15:30:06,240 | INFO  | DNAudit | user=null | ip=null | op=PUT_BLOCK {blockData=[blockId=conID: 3 locID: 102655682557248167 bcsId: 0,size=1048576]} | ret=SUCCESS |  
2019-08-21 15:30:06,241 [grpc-default-executor-0] INFO  client.GrpcClientProtocolClient (GrpcClientProtocolClient.java:onNext(255)) - client-029E50227556->355864cd-7ac5-4934-b366-9756b15dd90f: receive RaftClientReply:client-029E50227556->355864cd-7ac5-4934-b366-9756b15dd90f@group-785BCF25C267, cid=3352, SUCCESS, logIndex=5056, commits[355864cd-7ac5-4934-b366-9756b15dd90f:c5057, ce4aa411-63c8-4399-99eb-27ce352844f3:c5055, 3eeffb0a-787e-48ec-a2f5-d0c540a89489:c5055]
2019-08-21 15:30:06,241 [grpc-default-executor-0] INFO  client.GrpcClientProtocolClient (GrpcClientProtocolClient.java:onNext(255)) - client-029E50227556->355864cd-7ac5-4934-b366-9756b15dd90f: receive RaftClientReply:client-029E50227556->355864cd-7ac5-4934-b366-9756b15dd90f@group-785BCF25C267, cid=3353, SUCCESS, logIndex=5057, commits[355864cd-7ac5-4934-b366-9756b15dd90f:c5057, ce4aa411-63c8-4399-99eb-27ce352844f3:c5055, 3eeffb0a-787e-48ec-a2f5-d0c540a89489:c5055]
2019-08-21 15:30:06,251 | INFO  | DNAudit | user=null | ip=null | op=WRITE_CHUNK {blockData=conID: 3 locID: 102655682557248167 bcsId: 0} | ret=SUCCESS |  
2019-08-21 15:30:06,252 | INFO  | DNAudit | user=null | ip=null | op=PUT_BLOCK {blockData=[blockId=conID: 3 locID: 102655682557248167 bcsId: 0,size=2097152]} | ret=SUCCESS |  
2019-08-21 15:30:06,253 [grpc-default-executor-0] INFO  client.GrpcClientProtocolClient (GrpcClientProtocolClient.java:onNext(255)) - client-029E50227556->355864cd-7ac5-4934-b366-9756b15dd90f: receive RaftClientReply:client-029E50227556->355864cd-7ac5-4934-b366-9756b15dd90f@group-785BCF25C267, cid=3354, SUCCESS, logIndex=5058, commits[355864cd-7ac5-4934-b366-9756b15dd90f:c5059, ce4aa411-63c8-4399-99eb-27ce352844f3:c5055, 3eeffb0a-787e-48ec-a2f5-d0c540a89489:c5055]
2019-08-21 15:30:06,254 [grpc-default-executor-0] INFO  client.GrpcClientProtocolClient (GrpcClientProtocolClient.java:onNext(255)) - client-029E50227556->355864cd-7ac5-4934-b366-9756b15dd90f: receive RaftClientReply:client-029E50227556->355864cd-7ac5-4934-b366-9756b15dd90f@group-785BCF25C267, cid=3355, SUCCESS, logIndex=5059, commits[355864cd-7ac5-4934-b366-9756b15dd90f:c5059, ce4aa411-63c8-4399-99eb-27ce352844f3:c5055, 3eeffb0a-787e-48ec-a2f5-d0c540a89489:c5055]
2019-08-21 15:30:06,263 | INFO  | DNAudit | user=null | ip=null | op=WRITE_CHUNK {blockData=conID: 3 locID: 102655682557248167 bcsId: 0} | ret=SUCCESS |  
2019-08-21 15:30:06,263 | INFO  | DNAudit | user=null | ip=null | op=PUT_BLOCK {blockData=[blockId=conID: 3 locID: 102655682557248167 bcsId: 0,size=1048576]} | ret=SUCCESS |  
2019-08-21 15:30:06,272 | INFO  | DNAudit | user=null | ip=null | op=WRITE_CHUNK {blockData=conID: 3 locID: 102655682557248167 bcsId: 0} | ret=SUCCESS |  
2019-08-21 15:30:06,273 | INFO  | DNAudit | user=null | ip=null | op=PUT_BLOCK {blockData=[blockId=conID: 3 locID: 102655682557248167 bcsId: 0,size=1048576]} | ret=SUCCESS |  
2019-08-21 15:30:06,273 | INFO  | DNAudit | user=null | ip=null | op=WRITE_CHUNK {blockData=conID: 3 locID: 102655682557248167 bcsId: 0} | ret=SUCCESS |  
2019-08-21 15:30:06,273 | INFO  | DNAudit | user=null | ip=null | op=PUT_BLOCK {blockData=[blockId=conID: 3 locID: 102655682557248167 bcsId: 0,size=2097152]} | ret=SUCCESS |  
2019-08-21 15:30:06,274 [grpc-default-executor-0] INFO  client.GrpcClientProtocolClient (GrpcClientProtocolClient.java:onNext(255)) - client-029E50227556->355864cd-7ac5-4934-b366-9756b15dd90f: receive RaftClientReply:client-029E50227556->355864cd-7ac5-4934-b366-9756b15dd90f@group-785BCF25C267, cid=3356, SUCCESS, logIndex=0, commits[355864cd-7ac5-4934-b366-9756b15dd90f:c5061, ce4aa411-63c8-4399-99eb-27ce352844f3:c5057, 3eeffb0a-787e-48ec-a2f5-d0c540a89489:c5057]
2019-08-21 15:30:06,284 | INFO  | DNAudit | user=null | ip=null | op=WRITE_CHUNK {blockData=conID: 3 locID: 102655682557248167 bcsId: 0} | ret=SUCCESS |  
2019-08-21 15:30:06,285 | INFO  | DNAudit | user=null | ip=null | op=PUT_BLOCK {blockData=[blockId=conID: 3 locID: 102655682557248167 bcsId: 0,size=2097152]} | ret=SUCCESS |  
2019-08-21 15:30:06,289 | INFO  | DNAudit | user=null | ip=null | op=WRITE_CHUNK {blockData=conID: 3 locID: 102655682557248167 bcsId: 5059} | ret=SUCCESS |  
2019-08-21 15:30:06,294 | INFO  | DNAudit | user=null | ip=null | op=WRITE_CHUNK {blockData=conID: 3 locID: 102655682557248167 bcsId: 5059} | ret=SUCCESS |  
2019-08-21 15:30:06,294 | INFO  | DNAudit | user=null | ip=null | op=WRITE_CHUNK {blockData=conID: 3 locID: 102655682557248167 bcsId: 5059} | ret=SUCCESS |  
2019-08-21 15:30:06,304 | INFO  | DNAudit | user=null | ip=null | op=WRITE_CHUNK {blockData=conID: 3 locID: 102655682557248167 bcsId: 5059} | ret=SUCCESS |  
2019-08-21 15:30:06,305 | INFO  | DNAudit | user=null | ip=null | op=PUT_BLOCK {blockData=[blockId=conID: 3 locID: 102655682557248167 bcsId: 0,size=3145728]} | ret=SUCCESS |  
2019-08-21 15:30:06,306 [grpc-default-executor-0] INFO  client.GrpcClientProtocolClient (GrpcClientProtocolClient.java:onNext(255)) - client-029E50227556->355864cd-7ac5-4934-b366-9756b15dd90f: receive RaftClientReply:client-029E50227556->355864cd-7ac5-4934-b366-9756b15dd90f@group-785BCF25C267, cid=3357, SUCCESS, logIndex=5064, commits[355864cd-7ac5-4934-b366-9756b15dd90f:c5065, ce4aa411-63c8-4399-99eb-27ce352844f3:c5059, 3eeffb0a-787e-48ec-a2f5-d0c540a89489:c5063]
2019-08-21 15:30:06,306 [grpc-default-executor-0] INFO  client.GrpcClientProtocolClient (GrpcClientProtocolClient.java:onNext(255)) - client-029E50227556->355864cd-7ac5-4934-b366-9756b15dd90f: receive RaftClientReply:client-029E50227556->355864cd-7ac5-4934-b366-9756b15dd90f@group-785BCF25C267, cid=3358, SUCCESS, logIndex=5065, commits[355864cd-7ac5-4934-b366-9756b15dd90f:c5065, ce4aa411-63c8-4399-99eb-27ce352844f3:c5063, 3eeffb0a-787e-48ec-a2f5-d0c540a89489:c5063]
2019-08-21 15:30:06,316 | INFO  | DNAudit | user=null | ip=null | op=WRITE_CHUNK {blockData=conID: 3 locID: 102655682557248167 bcsId: 5065} | ret=SUCCESS |  
2019-08-21 15:30:06,318 | INFO  | DNAudit | user=null | ip=null | op=WRITE_CHUNK {blockData=conID: 3 locID: 102655682557248167 bcsId: 5059} | ret=SUCCESS |  
2019-08-21 15:30:06,318 | INFO  | DNAudit | user=null | ip=null | op=WRITE_CHUNK {blockData=conID: 3 locID: 102655682557248167 bcsId: 5059} | ret=SUCCESS |  
2019-08-21 15:30:06,318 | INFO  | DNAudit | user=null | ip=null | op=PUT_BLOCK {blockData=[blockId=conID: 3 locID: 102655682557248167 bcsId: 0,size=3145728]} | ret=SUCCESS |  
2019-08-21 15:30:06,318 | INFO  | DNAudit | user=null | ip=null | op=PUT_BLOCK {blockData=[blockId=conID: 3 locID: 102655682557248167 bcsId: 0,size=3145728]} | ret=SUCCESS |  
2019-08-21 15:30:06,320 | INFO  | DNAudit | user=null | ip=null | op=WRITE_CHUNK {blockData=conID: 3 locID: 102655682557248167 bcsId: 5065} | ret=SUCCESS |  
2019-08-21 15:30:06,321 | INFO  | DNAudit | user=null | ip=null | op=WRITE_CHUNK {blockData=conID: 3 locID: 102655682557248167 bcsId: 5065} | ret=SUCCESS |  
2019-08-21 15:30:06,330 | INFO  | DNAudit | user=null | ip=null | op=WRITE_CHUNK {blockData=conID: 3 locID: 102655682557248167 bcsId: 5065} | ret=SUCCESS |  
2019-08-21 15:30:06,331 | INFO  | DNAudit | user=null | ip=null | op=PUT_BLOCK {blockData=[blockId=conID: 3 locID: 102655682557248167 bcsId: 0,size=4194304]} | ret=SUCCESS |  
2019-08-21 15:30:06,331 [grpc-default-executor-5] INFO  client.GrpcClientProtocolClient (GrpcClientProtocolClient.java:onNext(255)) - client-029E50227556->355864cd-7ac5-4934-b366-9756b15dd90f: receive RaftClientReply:client-029E50227556->355864cd-7ac5-4934-b366-9756b15dd90f@group-785BCF25C267, cid=3359, SUCCESS, logIndex=5068, commits[355864cd-7ac5-4934-b366-9756b15dd90f:c5069, ce4aa411-63c8-4399-99eb-27ce352844f3:c5065, 3eeffb0a-787e-48ec-a2f5-d0c540a89489:c5065]
2019-08-21 15:30:06,332 [grpc-default-executor-5] INFO  client.GrpcClientProtocolClient (GrpcClientProtocolClient.java:onNext(255)) - client-029E50227556->355864cd-7ac5-4934-b366-9756b15dd90f: receive RaftClientReply:client-029E50227556->355864cd-7ac5-4934-b366-9756b15dd90f@group-785BCF25C267, cid=3360, SUCCESS, logIndex=5069, commits[355864cd-7ac5-4934-b366-9756b15dd90f:c5069, ce4aa411-63c8-4399-99eb-27ce352844f3:c5065, 3eeffb0a-787e-48ec-a2f5-d0c540a89489:c5065]
2019-08-21 15:30:06,344 | INFO  | DNAudit | user=null | ip=null | op=WRITE_CHUNK {blockData=conID: 3 locID: 102655682557248167 bcsId: 5065} | ret=SUCCESS |  
2019-08-21 15:30:06,344 | INFO  | DNAudit | user=null | ip=null | op=PUT_BLOCK {blockData=[blockId=conID: 3 locID: 102655682557248167 bcsId: 0,size=4194304]} | ret=SUCCESS |  
2019-08-21 15:30:06,344 | INFO  | DNAudit | user=null | ip=null | op=WRITE_CHUNK {blockData=conID: 3 locID: 102655682557248167 bcsId: 5065} | ret=SUCCESS |  
2019-08-21 15:30:06,354 | INFO  | DNAudit | user=null | ip=null | op=PUT_BLOCK {blockData=[blockId=conID: 3 locID: 102655682557248167 bcsId: 0,size=4194304]} | ret=SUCCESS |  
2019-08-21 15:30:06,355 [grpc-default-executor-5] INFO  client.GrpcClientProtocolClient (GrpcClientProtocolClient.java:onNext(255)) - client-029E50227556->355864cd-7ac5-4934-b366-9756b15dd90f: receive RaftClientReply:client-029E50227556->355864cd-7ac5-4934-b366-9756b15dd90f@group-785BCF25C267, cid=3361, SUCCESS, logIndex=0, commits[355864cd-7ac5-4934-b366-9756b15dd90f:c5070, ce4aa411-63c8-4399-99eb-27ce352844f3:c5069, 3eeffb0a-787e-48ec-a2f5-d0c540a89489:c5069]
2019-08-21 15:30:06,367 | INFO  | SCMAudit | user=jenkins1000 | ip=192.168.5.153 | op=ALLOCATE_BLOCK {owner=78849ec2-2b05-45d8-8cb5-e95e2230dbd1, size=4194304, type=RATIS, factor=THREE} | ret=SUCCESS |  
2019-08-21 15:30:06,374 | INFO  | OMAudit | user=jenkins1000 | ip=127.0.0.1 | op=ALLOCATE_BLOCK {volume=vol-0-32358, bucket=bucket-0-01949, key=key-0-56547, dataSize=0, replicationType=null, replicationFactor=null, keyLocationInfo=null, clientID=102655680532119954} | ret=SUCCESS |  
2019-08-21 15:30:06,386 | INFO  | DNAudit | user=null | ip=null | op=WRITE_CHUNK {blockData=conID: 1 locID: 102655682567602856 bcsId: 0} | ret=SUCCESS |  
2019-08-21 15:30:06,389 | INFO  | DNAudit | user=null | ip=null | op=WRITE_CHUNK {blockData=conID: 1 locID: 102655682567602856 bcsId: 0} | ret=SUCCESS |  
2019-08-21 15:30:06,389 | INFO  | DNAudit | user=null | ip=null | op=WRITE_CHUNK {blockData=conID: 1 locID: 102655682567602856 bcsId: 0} | ret=SUCCESS |  
2019-08-21 15:30:06,390 | INFO  | DNAudit | user=null | ip=null | op=WRITE_CHUNK {blockData=conID: 1 locID: 102655682567602856 bcsId: 0} | ret=SUCCESS |  
2019-08-21 15:30:06,392 | INFO  | DNAudit | user=null | ip=null | op=WRITE_CHUNK {blockData=conID: 1 locID: 102655682567602856 bcsId: 0} | ret=SUCCESS |  
2019-08-21 15:30:06,393 | INFO  | DNAudit | user=null | ip=null | op=WRITE_CHUNK {blockData=conID: 1 locID: 102655682567602856 bcsId: 0} | ret=SUCCESS |  
2019-08-21 15:30:06,400 | INFO  | DNAudit | user=null | ip=null | op=WRITE_CHUNK {blockData=conID: 1 locID: 102655682567602856 bcsId: 0} | ret=SUCCESS |  
2019-08-21 15:30:06,400 | INFO  | DNAudit | user=null | ip=null | op=PUT_BLOCK {blockData=[blockId=conID: 1 locID: 102655682567602856 bcsId: 0,size=1048576]} | ret=SUCCESS |  
2019-08-21 15:30:06,401 [grpc-default-executor-0] INFO  client.GrpcClientProtocolClient (GrpcClientProtocolClient.java:onNext(255)) - client-029E50227556->355864cd-7ac5-4934-b366-9756b15dd90f: receive RaftClientReply:client-029E50227556->355864cd-7ac5-4934-b366-9756b15dd90f@group-785BCF25C267, cid=3362, SUCCESS, logIndex=5072, commits[355864cd-7ac5-4934-b366-9756b15dd90f:c5073, ce4aa411-63c8-4399-99eb-27ce352844f3:c5071, 3eeffb0a-787e-48ec-a2f5-d0c540a89489:c5071]
2019-08-21 15:30:06,401 [grpc-default-executor-0] INFO  client.GrpcClientProtocolClient (GrpcClientProtocolClient.java:onNext(255)) - client-029E50227556->355864cd-7ac5-4934-b366-9756b15dd90f: receive RaftClientReply:client-029E50227556->355864cd-7ac5-4934-b366-9756b15dd90f@group-785BCF25C267, cid=3363, SUCCESS, logIndex=5073, commits[355864cd-7ac5-4934-b366-9756b15dd90f:c5073, ce4aa411-63c8-4399-99eb-27ce352844f3:c5071, 3eeffb0a-787e-48ec-a2f5-d0c540a89489:c5071]
2019-08-21 15:30:06,411 | INFO  | DNAudit | user=null | ip=null | op=WRITE_CHUNK {blockData=conID: 1 locID: 102655682567602856 bcsId: 0} | ret=SUCCESS |  
2019-08-21 15:30:06,411 | INFO  | DNAudit | user=null | ip=null | op=PUT_BLOCK {blockData=[blockId=conID: 1 locID: 102655682567602856 bcsId: 0,size=2097152]} | ret=SUCCESS |  
2019-08-21 15:30:06,412 [grpc-default-executor-5] INFO  client.GrpcClientProtocolClient (GrpcClientProtocolClient.java:onNext(255)) - client-029E50227556->355864cd-7ac5-4934-b366-9756b15dd90f: receive RaftClientReply:client-029E50227556->355864cd-7ac5-4934-b366-9756b15dd90f@group-785BCF25C267, cid=3364, SUCCESS, logIndex=5074, commits[355864cd-7ac5-4934-b366-9756b15dd90f:c5075, ce4aa411-63c8-4399-99eb-27ce352844f3:c5071, 3eeffb0a-787e-48ec-a2f5-d0c540a89489:c5071]
2019-08-21 15:30:06,412 [grpc-default-executor-5] INFO  client.GrpcClientProtocolClient (GrpcClientProtocolClient.java:onNext(255)) - client-029E50227556->355864cd-7ac5-4934-b366-9756b15dd90f: receive RaftClientReply:client-029E50227556->355864cd-7ac5-4934-b366-9756b15dd90f@group-785BCF25C267, cid=3365, SUCCESS, logIndex=5075, commits[355864cd-7ac5-4934-b366-9756b15dd90f:c5075, ce4aa411-63c8-4399-99eb-27ce352844f3:c5071, 3eeffb0a-787e-48ec-a2f5-d0c540a89489:c5071]
2019-08-21 15:30:06,422 | INFO  | DNAudit | user=null | ip=null | op=WRITE_CHUNK {blockData=conID: 1 locID: 102655682567602856 bcsId: 0} | ret=SUCCESS |  
2019-08-21 15:30:06,422 | INFO  | DNAudit | user=null | ip=null | op=WRITE_CHUNK {blockData=conID: 1 locID: 102655682567602856 bcsId: 0} | ret=SUCCESS |  
2019-08-21 15:30:06,422 | INFO  | DNAudit | user=null | ip=null | op=PUT_BLOCK {blockData=[blockId=conID: 1 locID: 102655682567602856 bcsId: 0,size=1048576]} | ret=SUCCESS |  
2019-08-21 15:30:06,422 | INFO  | DNAudit | user=null | ip=null | op=PUT_BLOCK {blockData=[blockId=conID: 1 locID: 102655682567602856 bcsId: 0,size=1048576]} | ret=SUCCESS |  
2019-08-21 15:30:06,423 [grpc-default-executor-5] INFO  client.GrpcClientProtocolClient (GrpcClientProtocolClient.java:onNext(255)) - client-029E50227556->355864cd-7ac5-4934-b366-9756b15dd90f: receive RaftClientReply:client-029E50227556->355864cd-7ac5-4934-b366-9756b15dd90f@group-785BCF25C267, cid=3366, SUCCESS, logIndex=0, commits[355864cd-7ac5-4934-b366-9756b15dd90f:c5077, ce4aa411-63c8-4399-99eb-27ce352844f3:c5073, 3eeffb0a-787e-48ec-a2f5-d0c540a89489:c5073]
2019-08-21 15:30:06,433 | INFO  | DNAudit | user=null | ip=null | op=WRITE_CHUNK {blockData=conID: 1 locID: 102655682567602856 bcsId: 0} | ret=SUCCESS |  
2019-08-21 15:30:06,433 | INFO  | DNAudit | user=null | ip=null | op=WRITE_CHUNK {blockData=conID: 1 locID: 102655682567602856 bcsId: 0} | ret=SUCCESS |  
2019-08-21 15:30:06,434 | INFO  | DNAudit | user=null | ip=null | op=PUT_BLOCK {blockData=[blockId=conID: 1 locID: 102655682567602856 bcsId: 0,size=2097152]} | ret=SUCCESS |  
2019-08-21 15:30:06,434 | INFO  | DNAudit | user=null | ip=null | op=PUT_BLOCK {blockData=[blockId=conID: 1 locID: 102655682567602856 bcsId: 0,size=2097152]} | ret=SUCCESS |  
2019-08-21 15:30:06,435 | INFO  | DNAudit | user=null | ip=null | op=WRITE_CHUNK {blockData=conID: 1 locID: 102655682567602856 bcsId: 5075} | ret=SUCCESS |  
2019-08-21 15:30:06,438 | INFO  | DNAudit | user=null | ip=null | op=WRITE_CHUNK {blockData=conID: 1 locID: 102655682567602856 bcsId: 5075} | ret=SUCCESS |  
2019-08-21 15:30:06,439 | INFO  | DNAudit | user=null | ip=null | op=WRITE_CHUNK {blockData=conID: 1 locID: 102655682567602856 bcsId: 5075} | ret=SUCCESS |  
2019-08-21 15:30:06,456 | INFO  | DNAudit | user=null | ip=null | op=WRITE_CHUNK {blockData=conID: 1 locID: 102655682567602856 bcsId: 5075} | ret=SUCCESS |  
2019-08-21 15:30:06,456 | INFO  | DNAudit | user=null | ip=null | op=PUT_BLOCK {blockData=[blockId=conID: 1 locID: 102655682567602856 bcsId: 0,size=3145728]} | ret=SUCCESS |  
2019-08-21 15:30:06,457 [grpc-default-executor-3] INFO  client.GrpcClientProtocolClient (GrpcClientProtocolClient.java:onNext(255)) - client-029E50227556->355864cd-7ac5-4934-b366-9756b15dd90f: receive RaftClientReply:client-029E50227556->355864cd-7ac5-4934-b366-9756b15dd90f@group-785BCF25C267, cid=3367, SUCCESS, logIndex=5080, commits[355864cd-7ac5-4934-b366-9756b15dd90f:c5081, ce4aa411-63c8-4399-99eb-27ce352844f3:c5077, 3eeffb0a-787e-48ec-a2f5-d0c540a89489:c5077]
2019-08-21 15:30:06,458 [grpc-default-executor-3] INFO  client.GrpcClientProtocolClient (GrpcClientProtocolClient.java:onNext(255)) - client-029E50227556->355864cd-7ac5-4934-b366-9756b15dd90f: receive RaftClientReply:client-029E50227556->355864cd-7ac5-4934-b366-9756b15dd90f@group-785BCF25C267, cid=3368, SUCCESS, logIndex=5081, commits[355864cd-7ac5-4934-b366-9756b15dd90f:c5081, ce4aa411-63c8-4399-99eb-27ce352844f3:c5077, 3eeffb0a-787e-48ec-a2f5-d0c540a89489:c5077]
2019-08-21 15:30:06,467 | INFO  | DNAudit | user=null | ip=null | op=WRITE_CHUNK {blockData=conID: 1 locID: 102655682567602856 bcsId: 5075} | ret=SUCCESS |  
2019-08-21 15:30:06,467 | INFO  | DNAudit | user=null | ip=null | op=WRITE_CHUNK {blockData=conID: 1 locID: 102655682567602856 bcsId: 5075} | ret=SUCCESS |  
2019-08-21 15:30:06,468 | INFO  | DNAudit | user=null | ip=null | op=WRITE_CHUNK {blockData=conID: 1 locID: 102655682567602856 bcsId: 5081} | ret=SUCCESS |  
2019-08-21 15:30:06,468 | INFO  | DNAudit | user=null | ip=null | op=PUT_BLOCK {blockData=[blockId=conID: 1 locID: 102655682567602856 bcsId: 0,size=3145728]} | ret=SUCCESS |  
2019-08-21 15:30:06,468 | INFO  | DNAudit | user=null | ip=null | op=PUT_BLOCK {blockData=[blockId=conID: 1 locID: 102655682567602856 bcsId: 0,size=3145728]} | ret=SUCCESS |  
2019-08-21 15:30:06,471 | INFO  | DNAudit | user=null | ip=null | op=WRITE_CHUNK {blockData=conID: 1 locID: 102655682567602856 bcsId: 5081} | ret=SUCCESS |  
2019-08-21 15:30:06,471 | INFO  | DNAudit | user=null | ip=null | op=WRITE_CHUNK {blockData=conID: 1 locID: 102655682567602856 bcsId: 5081} | ret=SUCCESS |  
2019-08-21 15:30:06,482 | INFO  | DNAudit | user=null | ip=null | op=WRITE_CHUNK {blockData=conID: 1 locID: 102655682567602856 bcsId: 5081} | ret=SUCCESS |  
2019-08-21 15:30:06,483 | INFO  | DNAudit | user=null | ip=null | op=PUT_BLOCK {blockData=[blockId=conID: 1 locID: 102655682567602856 bcsId: 0,size=4194304]} | ret=SUCCESS |  
2019-08-21 15:30:06,483 [grpc-default-executor-3] INFO  client.GrpcClientProtocolClient (GrpcClientProtocolClient.java:onNext(255)) - client-029E50227556->355864cd-7ac5-4934-b366-9756b15dd90f: receive RaftClientReply:client-029E50227556->355864cd-7ac5-4934-b366-9756b15dd90f@group-785BCF25C267, cid=3369, SUCCESS, logIndex=5084, commits[355864cd-7ac5-4934-b366-9756b15dd90f:c5085, ce4aa411-63c8-4399-99eb-27ce352844f3:c5081, 3eeffb0a-787e-48ec-a2f5-d0c540a89489:c5081]
2019-08-21 15:30:06,484 [grpc-default-executor-3] INFO  client.GrpcClientProtocolClient (GrpcClientProtocolClient.java:onNext(255)) - client-029E50227556->355864cd-7ac5-4934-b366-9756b15dd90f: receive RaftClientReply:client-029E50227556->355864cd-7ac5-4934-b366-9756b15dd90f@group-785BCF25C267, cid=3370, SUCCESS, logIndex=5085, commits[355864cd-7ac5-4934-b366-9756b15dd90f:c5085, ce4aa411-63c8-4399-99eb-27ce352844f3:c5081, 3eeffb0a-787e-48ec-a2f5-d0c540a89489:c5081]
2019-08-21 15:30:06,500 | INFO  | DNAudit | user=null | ip=null | op=WRITE_CHUNK {blockData=conID: 1 locID: 102655682567602856 bcsId: 5081} | ret=SUCCESS |  
2019-08-21 15:30:06,501 | INFO  | DNAudit | user=null | ip=null | op=WRITE_CHUNK {blockData=conID: 1 locID: 102655682567602856 bcsId: 5081} | ret=SUCCESS |  
2019-08-21 15:30:06,501 | INFO  | DNAudit | user=null | ip=null | op=PUT_BLOCK {blockData=[blockId=conID: 1 locID: 102655682567602856 bcsId: 0,size=4194304]} | ret=SUCCESS |  
2019-08-21 15:30:06,501 | INFO  | DNAudit | user=null | ip=null | op=PUT_BLOCK {blockData=[blockId=conID: 1 locID: 102655682567602856 bcsId: 0,size=4194304]} | ret=SUCCESS |  
2019-08-21 15:30:06,501 [grpc-default-executor-3] INFO  client.GrpcClientProtocolClient (GrpcClientProtocolClient.java:onNext(255)) - client-029E50227556->355864cd-7ac5-4934-b366-9756b15dd90f: receive RaftClientReply:client-029E50227556->355864cd-7ac5-4934-b366-9756b15dd90f@group-785BCF25C267, cid=3371, SUCCESS, logIndex=0, commits[355864cd-7ac5-4934-b366-9756b15dd90f:c5086, ce4aa411-63c8-4399-99eb-27ce352844f3:c5085, 3eeffb0a-787e-48ec-a2f5-d0c540a89489:c5085]
2019-08-21 15:30:06,515 | INFO  | SCMAudit | user=jenkins1000 | ip=192.168.5.153 | op=ALLOCATE_BLOCK {owner=78849ec2-2b05-45d8-8cb5-e95e2230dbd1, size=4194304, type=RATIS, factor=THREE} | ret=SUCCESS |  
2019-08-21 15:30:06,525 | INFO  | OMAudit | user=jenkins1000 | ip=127.0.0.1 | op=ALLOCATE_BLOCK {volume=vol-0-32358, bucket=bucket-0-01949, key=key-0-56547, dataSize=0, replicationType=null, replicationFactor=null, keyLocationInfo=null, clientID=102655680532119954} | ret=SUCCESS |  
2019-08-21 15:30:06,539 | INFO  | DNAudit | user=null | ip=null | op=WRITE_CHUNK {blockData=conID: 2 locID: 102655682577367721 bcsId: 0} | ret=SUCCESS |  
2019-08-21 15:30:06,542 | INFO  | DNAudit | user=null | ip=null | op=WRITE_CHUNK {blockData=conID: 2 locID: 102655682577367721 bcsId: 0} | ret=SUCCESS |  
2019-08-21 15:30:06,543 | INFO  | DNAudit | user=null | ip=null | op=WRITE_CHUNK {blockData=conID: 2 locID: 102655682577367721 bcsId: 0} | ret=SUCCESS |  
2019-08-21 15:30:06,543 | INFO  | DNAudit | user=null | ip=null | op=WRITE_CHUNK {blockData=conID: 2 locID: 102655682577367721 bcsId: 0} | ret=SUCCESS |  
2019-08-21 15:30:06,546 | INFO  | DNAudit | user=null | ip=null | op=WRITE_CHUNK {blockData=conID: 2 locID: 102655682577367721 bcsId: 0} | ret=SUCCESS |  
2019-08-21 15:30:06,547 | INFO  | DNAudit | user=null | ip=null | op=WRITE_CHUNK {blockData=conID: 2 locID: 102655682577367721 bcsId: 0} | ret=SUCCESS |  
2019-08-21 15:30:06,552 | INFO  | DNAudit | user=null | ip=null | op=WRITE_CHUNK {blockData=conID: 2 locID: 102655682577367721 bcsId: 0} | ret=SUCCESS |  
2019-08-21 15:30:06,553 | INFO  | DNAudit | user=null | ip=null | op=PUT_BLOCK {blockData=[blockId=conID: 2 locID: 102655682577367721 bcsId: 0,size=1048576]} | ret=SUCCESS |  
2019-08-21 15:30:06,553 [grpc-default-executor-4] INFO  client.GrpcClientProtocolClient (GrpcClientProtocolClient.java:onNext(255)) - client-029E50227556->355864cd-7ac5-4934-b366-9756b15dd90f: receive RaftClientReply:client-029E50227556->355864cd-7ac5-4934-b366-9756b15dd90f@group-785BCF25C267, cid=3372, SUCCESS, logIndex=5088, commits[355864cd-7ac5-4934-b366-9756b15dd90f:c5089, ce4aa411-63c8-4399-99eb-27ce352844f3:c5087, 3eeffb0a-787e-48ec-a2f5-d0c540a89489:c5087]
2019-08-21 15:30:06,554 [grpc-default-executor-4] INFO  client.GrpcClientProtocolClient (GrpcClientProtocolClient.java:onNext(255)) - client-029E50227556->355864cd-7ac5-4934-b366-9756b15dd90f: receive RaftClientReply:client-029E50227556->355864cd-7ac5-4934-b366-9756b15dd90f@group-785BCF25C267, cid=3373, SUCCESS, logIndex=5089, commits[355864cd-7ac5-4934-b366-9756b15dd90f:c5089, ce4aa411-63c8-4399-99eb-27ce352844f3:c5087, 3eeffb0a-787e-48ec-a2f5-d0c540a89489:c5087]
2019-08-21 15:30:06,555 | INFO  | DNAudit | user=null | ip=null | op=WRITE_CHUNK {blockData=conID: 2 locID: 102655682577367721 bcsId: 0} | ret=SUCCESS |  
2019-08-21 15:30:06,556 | INFO  | DNAudit | user=null | ip=null | op=PUT_BLOCK {blockData=[blockId=conID: 2 locID: 102655682577367721 bcsId: 0,size=2097152]} | ret=SUCCESS |  
2019-08-21 15:30:06,556 [grpc-default-executor-4] INFO  client.GrpcClientProtocolClient (GrpcClientProtocolClient.java:onNext(255)) - client-029E50227556->355864cd-7ac5-4934-b366-9756b15dd90f: receive RaftClientReply:client-029E50227556->355864cd-7ac5-4934-b366-9756b15dd90f@group-785BCF25C267, cid=3374, SUCCESS, logIndex=5090, commits[355864cd-7ac5-4934-b366-9756b15dd90f:c5091, ce4aa411-63c8-4399-99eb-27ce352844f3:c5087, 3eeffb0a-787e-48ec-a2f5-d0c540a89489:c5087]
2019-08-21 15:30:06,556 [grpc-default-executor-4] INFO  client.GrpcClientProtocolClient (GrpcClientProtocolClient.java:onNext(255)) - client-029E50227556->355864cd-7ac5-4934-b366-9756b15dd90f: receive RaftClientReply:client-029E50227556->355864cd-7ac5-4934-b366-9756b15dd90f@group-785BCF25C267, cid=3375, SUCCESS, logIndex=5091, commits[355864cd-7ac5-4934-b366-9756b15dd90f:c5091, ce4aa411-63c8-4399-99eb-27ce352844f3:c5087, 3eeffb0a-787e-48ec-a2f5-d0c540a89489:c5087]
2019-08-21 15:30:06,567 | INFO  | DNAudit | user=null | ip=null | op=WRITE_CHUNK {blockData=conID: 2 locID: 102655682577367721 bcsId: 0} | ret=SUCCESS |  
2019-08-21 15:30:06,567 | INFO  | DNAudit | user=null | ip=null | op=WRITE_CHUNK {blockData=conID: 2 locID: 102655682577367721 bcsId: 0} | ret=SUCCESS |  
2019-08-21 15:30:06,568 | INFO  | DNAudit | user=null | ip=null | op=PUT_BLOCK {blockData=[blockId=conID: 2 locID: 102655682577367721 bcsId: 0,size=1048576]} | ret=SUCCESS |  
2019-08-21 15:30:06,568 | INFO  | DNAudit | user=null | ip=null | op=PUT_BLOCK {blockData=[blockId=conID: 2 locID: 102655682577367721 bcsId: 0,size=1048576]} | ret=SUCCESS |  
2019-08-21 15:30:06,568 [grpc-default-executor-4] INFO  client.GrpcClientProtocolClient (GrpcClientProtocolClient.java:onNext(255)) - client-029E50227556->355864cd-7ac5-4934-b366-9756b15dd90f: receive RaftClientReply:client-029E50227556->355864cd-7ac5-4934-b366-9756b15dd90f@group-785BCF25C267, cid=3376, SUCCESS, logIndex=0, commits[355864cd-7ac5-4934-b366-9756b15dd90f:c5092, ce4aa411-63c8-4399-99eb-27ce352844f3:c5089, 3eeffb0a-787e-48ec-a2f5-d0c540a89489:c5089]
2019-08-21 15:30:06,580 | INFO  | DNAudit | user=null | ip=null | op=WRITE_CHUNK {blockData=conID: 2 locID: 102655682577367721 bcsId: 0} | ret=SUCCESS |  
2019-08-21 15:30:06,580 | INFO  | DNAudit | user=null | ip=null | op=WRITE_CHUNK {blockData=conID: 2 locID: 102655682577367721 bcsId: 5091} | ret=SUCCESS |  
2019-08-21 15:30:06,580 | INFO  | DNAudit | user=null | ip=null | op=WRITE_CHUNK {blockData=conID: 2 locID: 102655682577367721 bcsId: 0} | ret=SUCCESS |  
2019-08-21 15:30:06,580 | INFO  | DNAudit | user=null | ip=null | op=PUT_BLOCK {blockData=[blockId=conID: 2 locID: 102655682577367721 bcsId: 0,size=2097152]} | ret=SUCCESS |  
2019-08-21 15:30:06,581 | INFO  | DNAudit | user=null | ip=null | op=PUT_BLOCK {blockData=[blockId=conID: 2 locID: 102655682577367721 bcsId: 0,size=2097152]} | ret=SUCCESS |  
2019-08-21 15:30:06,585 | INFO  | DNAudit | user=null | ip=null | op=WRITE_CHUNK {blockData=conID: 2 locID: 102655682577367721 bcsId: 5091} | ret=SUCCESS |  
2019-08-21 15:30:06,585 | INFO  | DNAudit | user=null | ip=null | op=WRITE_CHUNK {blockData=conID: 2 locID: 102655682577367721 bcsId: 5091} | ret=SUCCESS |  
2019-08-21 15:30:06,595 | INFO  | DNAudit | user=null | ip=null | op=WRITE_CHUNK {blockData=conID: 2 locID: 102655682577367721 bcsId: 5091} | ret=SUCCESS |  
2019-08-21 15:30:06,595 | INFO  | DNAudit | user=null | ip=null | op=PUT_BLOCK {blockData=[blockId=conID: 2 locID: 102655682577367721 bcsId: 0,size=3145728]} | ret=SUCCESS |  
2019-08-21 15:30:06,595 [grpc-default-executor-3] INFO  client.GrpcClientProtocolClient (GrpcClientProtocolClient.java:onNext(255)) - client-029E50227556->355864cd-7ac5-4934-b366-9756b15dd90f: receive RaftClientReply:client-029E50227556->355864cd-7ac5-4934-b366-9756b15dd90f@group-785BCF25C267, cid=3377, SUCCESS, logIndex=5096, commits[355864cd-7ac5-4934-b366-9756b15dd90f:c5097, ce4aa411-63c8-4399-99eb-27ce352844f3:c5093, 3eeffb0a-787e-48ec-a2f5-d0c540a89489:c5093]
2019-08-21 15:30:06,596 [grpc-default-executor-3] INFO  client.GrpcClientProtocolClient (GrpcClientProtocolClient.java:onNext(255)) - client-029E50227556->355864cd-7ac5-4934-b366-9756b15dd90f: receive RaftClientReply:client-029E50227556->355864cd-7ac5-4934-b366-9756b15dd90f@group-785BCF25C267, cid=3378, SUCCESS, logIndex=5097, commits[355864cd-7ac5-4934-b366-9756b15dd90f:c5097, ce4aa411-63c8-4399-99eb-27ce352844f3:c5093, 3eeffb0a-787e-48ec-a2f5-d0c540a89489:c5093]
2019-08-21 15:30:06,607 | INFO  | DNAudit | user=null | ip=null | op=WRITE_CHUNK {blockData=conID: 2 locID: 102655682577367721 bcsId: 5097} | ret=SUCCESS |  
2019-08-21 15:30:06,610 | INFO  | DNAudit | user=null | ip=null | op=WRITE_CHUNK {blockData=conID: 2 locID: 102655682577367721 bcsId: 5091} | ret=SUCCESS |  
2019-08-21 15:30:06,611 | INFO  | DNAudit | user=null | ip=null | op=WRITE_CHUNK {blockData=conID: 2 locID: 102655682577367721 bcsId: 5091} | ret=SUCCESS |  
2019-08-21 15:30:06,611 | INFO  | DNAudit | user=null | ip=null | op=PUT_BLOCK {blockData=[blockId=conID: 2 locID: 102655682577367721 bcsId: 0,size=3145728]} | ret=SUCCESS |  
2019-08-21 15:30:06,611 | INFO  | DNAudit | user=null | ip=null | op=PUT_BLOCK {blockData=[blockId=conID: 2 locID: 102655682577367721 bcsId: 0,size=3145728]} | ret=SUCCESS |  
2019-08-21 15:30:06,612 | INFO  | DNAudit | user=null | ip=null | op=WRITE_CHUNK {blockData=conID: 2 locID: 102655682577367721 bcsId: 5097} | ret=SUCCESS |  
2019-08-21 15:30:06,614 | INFO  | DNAudit | user=null | ip=null | op=WRITE_CHUNK {blockData=conID: 2 locID: 102655682577367721 bcsId: 5097} | ret=SUCCESS |  
2019-08-21 15:30:06,621 | INFO  | DNAudit | user=null | ip=null | op=WRITE_CHUNK {blockData=conID: 2 locID: 102655682577367721 bcsId: 5097} | ret=SUCCESS |  
2019-08-21 15:30:06,622 | INFO  | DNAudit | user=null | ip=null | op=PUT_BLOCK {blockData=[blockId=conID: 2 locID: 102655682577367721 bcsId: 0,size=4194304]} | ret=SUCCESS |  
2019-08-21 15:30:06,623 [grpc-default-executor-4] INFO  client.GrpcClientProtocolClient (GrpcClientProtocolClient.java:onNext(255)) - client-029E50227556->355864cd-7ac5-4934-b366-9756b15dd90f: receive RaftClientReply:client-029E50227556->355864cd-7ac5-4934-b366-9756b15dd90f@group-785BCF25C267, cid=3379, SUCCESS, logIndex=5100, commits[355864cd-7ac5-4934-b366-9756b15dd90f:c5100, ce4aa411-63c8-4399-99eb-27ce352844f3:c5097, 3eeffb0a-787e-48ec-a2f5-d0c540a89489:c5097]
2019-08-21 15:30:06,624 [grpc-default-executor-4] INFO  client.GrpcClientProtocolClient (GrpcClientProtocolClient.java:onNext(255)) - client-029E50227556->355864cd-7ac5-4934-b366-9756b15dd90f: receive RaftClientReply:client-029E50227556->355864cd-7ac5-4934-b366-9756b15dd90f@group-785BCF25C267, cid=3380, SUCCESS, logIndex=5101, commits[355864cd-7ac5-4934-b366-9756b15dd90f:c5101, ce4aa411-63c8-4399-99eb-27ce352844f3:c5097, 3eeffb0a-787e-48ec-a2f5-d0c540a89489:c5097]
2019-08-21 15:30:06,633 | INFO  | DNAudit | user=null | ip=null | op=WRITE_CHUNK {blockData=conID: 2 locID: 102655682577367721 bcsId: 5097} | ret=SUCCESS |  
2019-08-21 15:30:06,633 | INFO  | DNAudit | user=null | ip=null | op=WRITE_CHUNK {blockData=conID: 2 locID: 102655682577367721 bcsId: 5097} | ret=SUCCESS |  
2019-08-21 15:30:06,633 | INFO  | DNAudit | user=null | ip=null | op=PUT_BLOCK {blockData=[blockId=conID: 2 locID: 102655682577367721 bcsId: 0,size=4194304]} | ret=SUCCESS |  
2019-08-21 15:30:06,634 | INFO  | DNAudit | user=null | ip=null | op=PUT_BLOCK {blockData=[blockId=conID: 2 locID: 102655682577367721 bcsId: 0,size=4194304]} | ret=SUCCESS |  
2019-08-21 15:30:06,635 [grpc-default-executor-4] INFO  client.GrpcClientProtocolClient (GrpcClientProtocolClient.java:onNext(255)) - client-029E50227556->355864cd-7ac5-4934-b366-9756b15dd90f: receive RaftClientReply:client-029E50227556->355864cd-7ac5-4934-b366-9756b15dd90f@group-785BCF25C267, cid=3381, SUCCESS, logIndex=0, commits[355864cd-7ac5-4934-b366-9756b15dd90f:c5102, ce4aa411-63c8-4399-99eb-27ce352844f3:c5101, 3eeffb0a-787e-48ec-a2f5-d0c540a89489:c5101]
2019-08-21 15:30:06,647 | INFO  | SCMAudit | user=jenkins1000 | ip=192.168.5.153 | op=ALLOCATE_BLOCK {owner=78849ec2-2b05-45d8-8cb5-e95e2230dbd1, size=4194304, type=RATIS, factor=THREE} | ret=SUCCESS |  
2019-08-21 15:30:06,655 | INFO  | OMAudit | user=jenkins1000 | ip=127.0.0.1 | op=ALLOCATE_BLOCK {volume=vol-0-32358, bucket=bucket-0-01949, key=key-0-56547, dataSize=0, replicationType=null, replicationFactor=null, keyLocationInfo=null, clientID=102655680532119954} | ret=SUCCESS |  
2019-08-21 15:30:06,667 | INFO  | DNAudit | user=null | ip=null | op=WRITE_CHUNK {blockData=conID: 3 locID: 102655682586018474 bcsId: 0} | ret=SUCCESS |  
2019-08-21 15:30:06,672 | INFO  | DNAudit | user=null | ip=null | op=WRITE_CHUNK {blockData=conID: 3 locID: 102655682586018474 bcsId: 0} | ret=SUCCESS |  
2019-08-21 15:30:06,672 | INFO  | DNAudit | user=null | ip=null | op=WRITE_CHUNK {blockData=conID: 3 locID: 102655682586018474 bcsId: 0} | ret=SUCCESS |  
2019-08-21 15:30:06,673 | INFO  | DNAudit | user=null | ip=null | op=WRITE_CHUNK {blockData=conID: 3 locID: 102655682586018474 bcsId: 0} | ret=SUCCESS |  
2019-08-21 15:30:06,676 | INFO  | DNAudit | user=null | ip=null | op=WRITE_CHUNK {blockData=conID: 3 locID: 102655682586018474 bcsId: 0} | ret=SUCCESS |  
2019-08-21 15:30:06,677 | INFO  | DNAudit | user=null | ip=null | op=WRITE_CHUNK {blockData=conID: 3 locID: 102655682586018474 bcsId: 0} | ret=SUCCESS |  
2019-08-21 15:30:06,687 | INFO  | DNAudit | user=null | ip=null | op=WRITE_CHUNK {blockData=conID: 3 locID: 102655682586018474 bcsId: 0} | ret=SUCCESS |  
2019-08-21 15:30:06,688 | INFO  | DNAudit | user=null | ip=null | op=PUT_BLOCK {blockData=[blockId=conID: 3 locID: 102655682586018474 bcsId: 0,size=1048576]} | ret=SUCCESS |  
2019-08-21 15:30:06,688 [grpc-default-executor-3] INFO  client.GrpcClientProtocolClient (GrpcClientProtocolClient.java:onNext(255)) - client-029E50227556->355864cd-7ac5-4934-b366-9756b15dd90f: receive RaftClientReply:client-029E50227556->355864cd-7ac5-4934-b366-9756b15dd90f@group-785BCF25C267, cid=3382, SUCCESS, logIndex=5104, commits[355864cd-7ac5-4934-b366-9756b15dd90f:c5105, ce4aa411-63c8-4399-99eb-27ce352844f3:c5103, 3eeffb0a-787e-48ec-a2f5-d0c540a89489:c5103]
2019-08-21 15:30:06,689 [grpc-default-executor-3] INFO  client.GrpcClientProtocolClient (GrpcClientProtocolClient.java:onNext(255)) - client-029E50227556->355864cd-7ac5-4934-b366-9756b15dd90f: receive RaftClientReply:client-029E50227556->355864cd-7ac5-4934-b366-9756b15dd90f@group-785BCF25C267, cid=3383, SUCCESS, logIndex=5105, commits[355864cd-7ac5-4934-b366-9756b15dd90f:c5105, ce4aa411-63c8-4399-99eb-27ce352844f3:c5103, 3eeffb0a-787e-48ec-a2f5-d0c540a89489:c5103]
2019-08-21 15:30:06,699 | INFO  | DNAudit | user=null | ip=null | op=WRITE_CHUNK {blockData=conID: 3 locID: 102655682586018474 bcsId: 0} | ret=SUCCESS |  
2019-08-21 15:30:06,699 | INFO  | DNAudit | user=null | ip=null | op=WRITE_CHUNK {blockData=conID: 3 locID: 102655682586018474 bcsId: 0} | ret=SUCCESS |  
2019-08-21 15:30:06,699 | INFO  | DNAudit | user=null | ip=null | op=PUT_BLOCK {blockData=[blockId=conID: 3 locID: 102655682586018474 bcsId: 0,size=1048576]} | ret=SUCCESS |  
2019-08-21 15:30:06,700 | INFO  | DNAudit | user=null | ip=null | op=WRITE_CHUNK {blockData=conID: 3 locID: 102655682586018474 bcsId: 0} | ret=SUCCESS |  
2019-08-21 15:30:06,700 | INFO  | DNAudit | user=null | ip=null | op=PUT_BLOCK {blockData=[blockId=conID: 3 locID: 102655682586018474 bcsId: 0,size=2097152]} | ret=SUCCESS |  
2019-08-21 15:30:06,700 | INFO  | DNAudit | user=null | ip=null | op=PUT_BLOCK {blockData=[blockId=conID: 3 locID: 102655682586018474 bcsId: 0,size=1048576]} | ret=SUCCESS |  
2019-08-21 15:30:06,700 | INFO  | DNAudit | user=null | ip=null | op=WRITE_CHUNK {blockData=conID: 3 locID: 102655682586018474 bcsId: 0} | ret=SUCCESS |  
2019-08-21 15:30:06,700 [grpc-default-executor-4] INFO  client.GrpcClientProtocolClient (GrpcClientProtocolClient.java:onNext(255)) - client-029E50227556->355864cd-7ac5-4934-b366-9756b15dd90f: receive RaftClientReply:client-029E50227556->355864cd-7ac5-4934-b366-9756b15dd90f@group-785BCF25C267, cid=3384, SUCCESS, logIndex=5106, commits[355864cd-7ac5-4934-b366-9756b15dd90f:c5107, ce4aa411-63c8-4399-99eb-27ce352844f3:c5103, 3eeffb0a-787e-48ec-a2f5-d0c540a89489:c5103]
2019-08-21 15:30:06,701 | INFO  | DNAudit | user=null | ip=null | op=PUT_BLOCK {blockData=[blockId=conID: 3 locID: 102655682586018474 bcsId: 0,size=2097152]} | ret=SUCCESS |  
2019-08-21 15:30:06,702 [grpc-default-executor-4] INFO  client.GrpcClientProtocolClient (GrpcClientProtocolClient.java:onNext(255)) - client-029E50227556->355864cd-7ac5-4934-b366-9756b15dd90f: receive RaftClientReply:client-029E50227556->355864cd-7ac5-4934-b366-9756b15dd90f@group-785BCF25C267, cid=3385, SUCCESS, logIndex=5107, commits[355864cd-7ac5-4934-b366-9756b15dd90f:c5107, ce4aa411-63c8-4399-99eb-27ce352844f3:c5103, 3eeffb0a-787e-48ec-a2f5-d0c540a89489:c5105]
2019-08-21 15:30:06,703 | INFO  | DNAudit | user=null | ip=null | op=WRITE_CHUNK {blockData=conID: 3 locID: 102655682586018474 bcsId: 0} | ret=SUCCESS |  
2019-08-21 15:30:06,703 | INFO  | DNAudit | user=null | ip=null | op=PUT_BLOCK {blockData=[blockId=conID: 3 locID: 102655682586018474 bcsId: 0,size=2097152]} | ret=SUCCESS |  
2019-08-21 15:30:06,704 [grpc-default-executor-4] INFO  client.GrpcClientProtocolClient (GrpcClientProtocolClient.java:onNext(255)) - client-029E50227556->355864cd-7ac5-4934-b366-9756b15dd90f: receive RaftClientReply:client-029E50227556->355864cd-7ac5-4934-b366-9756b15dd90f@group-785BCF25C267, cid=3386, SUCCESS, logIndex=0, commits[355864cd-7ac5-4934-b366-9756b15dd90f:c5110, ce4aa411-63c8-4399-99eb-27ce352844f3:c5105, 3eeffb0a-787e-48ec-a2f5-d0c540a89489:c5107]
2019-08-21 15:30:06,715 | INFO  | DNAudit | user=null | ip=null | op=WRITE_CHUNK {blockData=conID: 3 locID: 102655682586018474 bcsId: 5107} | ret=SUCCESS |  
2019-08-21 15:30:06,719 | INFO  | DNAudit | user=null | ip=null | op=WRITE_CHUNK {blockData=conID: 3 locID: 102655682586018474 bcsId: 5107} | ret=SUCCESS |  
2019-08-21 15:30:06,720 | INFO  | DNAudit | user=null | ip=null | op=WRITE_CHUNK {blockData=conID: 3 locID: 102655682586018474 bcsId: 5107} | ret=SUCCESS |  
2019-08-21 15:30:06,728 | INFO  | DNAudit | user=null | ip=null | op=WRITE_CHUNK {blockData=conID: 3 locID: 102655682586018474 bcsId: 5107} | ret=SUCCESS |  
2019-08-21 15:30:06,729 | INFO  | DNAudit | user=null | ip=null | op=PUT_BLOCK {blockData=[blockId=conID: 3 locID: 102655682586018474 bcsId: 0,size=3145728]} | ret=SUCCESS |  
2019-08-21 15:30:06,730 [grpc-default-executor-5] INFO  client.GrpcClientProtocolClient (GrpcClientProtocolClient.java:onNext(255)) - client-029E50227556->355864cd-7ac5-4934-b366-9756b15dd90f: receive RaftClientReply:client-029E50227556->355864cd-7ac5-4934-b366-9756b15dd90f@group-785BCF25C267, cid=3387, SUCCESS, logIndex=5112, commits[355864cd-7ac5-4934-b366-9756b15dd90f:c5113, ce4aa411-63c8-4399-99eb-27ce352844f3:c5107, 3eeffb0a-787e-48ec-a2f5-d0c540a89489:c5110]
2019-08-21 15:30:06,730 [grpc-default-executor-5] INFO  client.GrpcClientProtocolClient (GrpcClientProtocolClient.java:onNext(255)) - client-029E50227556->355864cd-7ac5-4934-b366-9756b15dd90f: receive RaftClientReply:client-029E50227556->355864cd-7ac5-4934-b366-9756b15dd90f@group-785BCF25C267, cid=3388, SUCCESS, logIndex=5113, commits[355864cd-7ac5-4934-b366-9756b15dd90f:c5113, ce4aa411-63c8-4399-99eb-27ce352844f3:c5110, 3eeffb0a-787e-48ec-a2f5-d0c540a89489:c5110]
2019-08-21 15:30:06,740 | INFO  | DNAudit | user=null | ip=null | op=WRITE_CHUNK {blockData=conID: 3 locID: 102655682586018474 bcsId: 5107} | ret=SUCCESS |  
2019-08-21 15:30:06,741 | INFO  | DNAudit | user=null | ip=null | op=WRITE_CHUNK {blockData=conID: 3 locID: 102655682586018474 bcsId: 5107} | ret=SUCCESS |  
2019-08-21 15:30:06,741 | INFO  | DNAudit | user=null | ip=null | op=PUT_BLOCK {blockData=[blockId=conID: 3 locID: 102655682586018474 bcsId: 0,size=3145728]} | ret=SUCCESS |  
2019-08-21 15:30:06,741 | INFO  | DNAudit | user=null | ip=null | op=PUT_BLOCK {blockData=[blockId=conID: 3 locID: 102655682586018474 bcsId: 0,size=3145728]} | ret=SUCCESS |  
2019-08-21 15:30:06,745 | INFO  | DNAudit | user=null | ip=null | op=WRITE_CHUNK {blockData=conID: 3 locID: 102655682586018474 bcsId: 5113} | ret=SUCCESS |  
2019-08-21 15:30:06,748 | INFO  | DNAudit | user=null | ip=null | op=WRITE_CHUNK {blockData=conID: 3 locID: 102655682586018474 bcsId: 5113} | ret=SUCCESS |  
2019-08-21 15:30:06,748 | INFO  | DNAudit | user=null | ip=null | op=WRITE_CHUNK {blockData=conID: 3 locID: 102655682586018474 bcsId: 5113} | ret=SUCCESS |  
2019-08-21 15:30:06,766 | INFO  | DNAudit | user=null | ip=null | op=WRITE_CHUNK {blockData=conID: 3 locID: 102655682586018474 bcsId: 5113} | ret=SUCCESS |  
2019-08-21 15:30:06,766 | INFO  | DNAudit | user=null | ip=null | op=PUT_BLOCK {blockData=[blockId=conID: 3 locID: 102655682586018474 bcsId: 0,size=4194304]} | ret=SUCCESS |  
2019-08-21 15:30:06,767 [grpc-default-executor-5] INFO  client.GrpcClientProtocolClient (GrpcClientProtocolClient.java:onNext(255)) - client-029E50227556->355864cd-7ac5-4934-b366-9756b15dd90f: receive RaftClientReply:client-029E50227556->355864cd-7ac5-4934-b366-9756b15dd90f@group-785BCF25C267, cid=3389, SUCCESS, logIndex=5116, commits[355864cd-7ac5-4934-b366-9756b15dd90f:c5117, ce4aa411-63c8-4399-99eb-27ce352844f3:c5114, 3eeffb0a-787e-48ec-a2f5-d0c540a89489:c5114]
2019-08-21 15:30:06,767 [grpc-default-executor-5] INFO  client.GrpcClientProtocolClient (GrpcClientProtocolClient.java:onNext(255)) - client-029E50227556->355864cd-7ac5-4934-b366-9756b15dd90f: receive RaftClientReply:client-029E50227556->355864cd-7ac5-4934-b366-9756b15dd90f@group-785BCF25C267, cid=3390, SUCCESS, logIndex=5117, commits[355864cd-7ac5-4934-b366-9756b15dd90f:c5117, ce4aa411-63c8-4399-99eb-27ce352844f3:c5114, 3eeffb0a-787e-48ec-a2f5-d0c540a89489:c5114]
2019-08-21 15:30:06,779 | INFO  | DNAudit | user=null | ip=null | op=WRITE_CHUNK {blockData=conID: 3 locID: 102655682586018474 bcsId: 5113} | ret=SUCCESS |  
2019-08-21 15:30:06,779 | INFO  | DNAudit | user=null | ip=null | op=WRITE_CHUNK {blockData=conID: 3 locID: 102655682586018474 bcsId: 5113} | ret=SUCCESS |  
2019-08-21 15:30:06,779 | INFO  | DNAudit | user=null | ip=null | op=PUT_BLOCK {blockData=[blockId=conID: 3 locID: 102655682586018474 bcsId: 0,size=4194304]} | ret=SUCCESS |  
2019-08-21 15:30:06,779 | INFO  | DNAudit | user=null | ip=null | op=PUT_BLOCK {blockData=[blockId=conID: 3 locID: 102655682586018474 bcsId: 0,size=4194304]} | ret=SUCCESS |  
2019-08-21 15:30:06,780 [grpc-default-executor-5] INFO  client.GrpcClientProtocolClient (GrpcClientProtocolClient.java:onNext(255)) - client-029E50227556->355864cd-7ac5-4934-b366-9756b15dd90f: receive RaftClientReply:client-029E50227556->355864cd-7ac5-4934-b366-9756b15dd90f@group-785BCF25C267, cid=3391, SUCCESS, logIndex=0, commits[355864cd-7ac5-4934-b366-9756b15dd90f:c5118, ce4aa411-63c8-4399-99eb-27ce352844f3:c5117, 3eeffb0a-787e-48ec-a2f5-d0c540a89489:c5117]
2019-08-21 15:30:06,794 | INFO  | SCMAudit | user=jenkins1000 | ip=192.168.5.153 | op=ALLOCATE_BLOCK {owner=78849ec2-2b05-45d8-8cb5-e95e2230dbd1, size=4194304, type=RATIS, factor=THREE} | ret=SUCCESS |  
2019-08-21 15:30:06,801 | INFO  | OMAudit | user=jenkins1000 | ip=127.0.0.1 | op=ALLOCATE_BLOCK {volume=vol-0-32358, bucket=bucket-0-01949, key=key-0-56547, dataSize=0, replicationType=null, replicationFactor=null, keyLocationInfo=null, clientID=102655680532119954} | ret=SUCCESS |  
 0.00% |█                                                                                                    |  0/1 Time: 0:00:322019-08-21 15:30:07,548 | INFO  | SCMAudit | user=jenkins1000 | ip=192.168.5.153 | op=SEND_HEARTBEAT {datanodeUUID=a0074e04-2715-4b16-a2b0-10b5043d27ae, command=[]} | ret=SUCCESS |  
2019-08-21 15:30:07,548 | INFO  | SCMAudit | user=jenkins1000 | ip=192.168.5.153 | op=SEND_HEARTBEAT {datanodeUUID=a38cd7e0-d792-481c-a4c0-f4feaa89ec8f, command=[]} | ret=SUCCESS |  
2019-08-21 15:30:07,548 | INFO  | SCMAudit | user=jenkins1000 | ip=192.168.5.153 | op=SEND_HEARTBEAT {datanodeUUID=ce4aa411-63c8-4399-99eb-27ce352844f3, command=[]} | ret=SUCCESS |  
2019-08-21 15:30:07,548 | INFO  | SCMAudit | user=jenkins1000 | ip=192.168.5.153 | op=SEND_HEARTBEAT {datanodeUUID=355864cd-7ac5-4934-b366-9756b15dd90f, command=[]} | ret=SUCCESS |  
2019-08-21 15:30:07,550 | INFO  | SCMAudit | user=jenkins1000 | ip=192.168.5.153 | op=SEND_HEARTBEAT {datanodeUUID=3eeffb0a-787e-48ec-a2f5-d0c540a89489, command=[]} | ret=SUCCESS |  
2019-08-21 15:30:07,553 | INFO  | DNAudit | user=null | ip=null | op=WRITE_CHUNK {blockData=conID: 1 locID: 102655682595652267 bcsId: 0} | ret=SUCCESS |  
2019-08-21 15:30:07,558 | INFO  | DNAudit | user=null | ip=null | op=WRITE_CHUNK {blockData=conID: 1 locID: 102655682595652267 bcsId: 0} | ret=SUCCESS |  
2019-08-21 15:30:07,559 | INFO  | DNAudit | user=null | ip=null | op=WRITE_CHUNK {blockData=conID: 1 locID: 102655682595652267 bcsId: 0} | ret=SUCCESS |  
2019-08-21 15:30:07,560 | INFO  | DNAudit | user=null | ip=null | op=WRITE_CHUNK {blockData=conID: 1 locID: 102655682595652267 bcsId: 0} | ret=SUCCESS |  
2019-08-21 15:30:07,564 | INFO  | DNAudit | user=null | ip=null | op=WRITE_CHUNK {blockData=conID: 1 locID: 102655682595652267 bcsId: 0} | ret=SUCCESS |  
2019-08-21 15:30:07,564 | INFO  | DNAudit | user=null | ip=null | op=WRITE_CHUNK {blockData=conID: 1 locID: 102655682595652267 bcsId: 0} | ret=SUCCESS |  
2019-08-21 15:30:07,569 | INFO  | DNAudit | user=null | ip=null | op=WRITE_CHUNK {blockData=conID: 1 locID: 102655682595652267 bcsId: 0} | ret=SUCCESS |  
2019-08-21 15:30:07,570 | INFO  | DNAudit | user=null | ip=null | op=PUT_BLOCK {blockData=[blockId=conID: 1 locID: 102655682595652267 bcsId: 0,size=1048576]} | ret=SUCCESS |  
2019-08-21 15:30:07,571 [grpc-default-executor-3] INFO  client.GrpcClientProtocolClient (GrpcClientProtocolClient.java:onNext(255)) - client-029E50227556->355864cd-7ac5-4934-b366-9756b15dd90f: receive RaftClientReply:client-029E50227556->355864cd-7ac5-4934-b366-9756b15dd90f@group-785BCF25C267, cid=3392, SUCCESS, logIndex=5120, commits[355864cd-7ac5-4934-b366-9756b15dd90f:c5121, ce4aa411-63c8-4399-99eb-27ce352844f3:c5119, 3eeffb0a-787e-48ec-a2f5-d0c540a89489:c5119]
2019-08-21 15:30:07,572 [grpc-default-executor-3] INFO  client.GrpcClientProtocolClient (GrpcClientProtocolClient.java:onNext(255)) - client-029E50227556->355864cd-7ac5-4934-b366-9756b15dd90f: receive RaftClientReply:client-029E50227556->355864cd-7ac5-4934-b366-9756b15dd90f@group-785BCF25C267, cid=3393, SUCCESS, logIndex=5121, commits[355864cd-7ac5-4934-b366-9756b15dd90f:c5121, ce4aa411-63c8-4399-99eb-27ce352844f3:c5119, 3eeffb0a-787e-48ec-a2f5-d0c540a89489:c5119]
2019-08-21 15:30:07,573 | INFO  | DNAudit | user=null | ip=null | op=WRITE_CHUNK {blockData=conID: 1 locID: 102655682595652267 bcsId: 0} | ret=SUCCESS |  
2019-08-21 15:30:07,573 | INFO  | DNAudit | user=null | ip=null | op=PUT_BLOCK {blockData=[blockId=conID: 1 locID: 102655682595652267 bcsId: 0,size=2097152]} | ret=SUCCESS |  
2019-08-21 15:30:07,574 [grpc-default-executor-3] INFO  client.GrpcClientProtocolClient (GrpcClientProtocolClient.java:onNext(255)) - client-029E50227556->355864cd-7ac5-4934-b366-9756b15dd90f: receive RaftClientReply:client-029E50227556->355864cd-7ac5-4934-b366-9756b15dd90f@group-785BCF25C267, cid=3394, SUCCESS, logIndex=5122, commits[355864cd-7ac5-4934-b366-9756b15dd90f:c5122, ce4aa411-63c8-4399-99eb-27ce352844f3:c5119, 3eeffb0a-787e-48ec-a2f5-d0c540a89489:c5119]
2019-08-21 15:30:07,574 [grpc-default-executor-3] INFO  client.GrpcClientProtocolClient (GrpcClientProtocolClient.java:onNext(255)) - client-029E50227556->355864cd-7ac5-4934-b366-9756b15dd90f: receive RaftClientReply:client-029E50227556->355864cd-7ac5-4934-b366-9756b15dd90f@group-785BCF25C267, cid=3395, SUCCESS, logIndex=5123, commits[355864cd-7ac5-4934-b366-9756b15dd90f:c5123, ce4aa411-63c8-4399-99eb-27ce352844f3:c5119, 3eeffb0a-787e-48ec-a2f5-d0c540a89489:c5119]
2019-08-21 15:30:07,584 | INFO  | DNAudit | user=null | ip=null | op=WRITE_CHUNK {blockData=conID: 1 locID: 102655682595652267 bcsId: 0} | ret=SUCCESS |  
2019-08-21 15:30:07,585 | INFO  | DNAudit | user=null | ip=null | op=PUT_BLOCK {blockData=[blockId=conID: 1 locID: 102655682595652267 bcsId: 0,size=1048576]} | ret=SUCCESS |  
2019-08-21 15:30:07,585 | INFO  | DNAudit | user=null | ip=null | op=WRITE_CHUNK {blockData=conID: 1 locID: 102655682595652267 bcsId: 0} | ret=SUCCESS |  
2019-08-21 15:30:07,585 | INFO  | DNAudit | user=null | ip=null | op=PUT_BLOCK {blockData=[blockId=conID: 1 locID: 102655682595652267 bcsId: 0,size=1048576]} | ret=SUCCESS |  
2019-08-21 15:30:07,586 [grpc-default-executor-3] INFO  client.GrpcClientProtocolClient (GrpcClientProtocolClient.java:onNext(255)) - client-029E50227556->355864cd-7ac5-4934-b366-9756b15dd90f: receive RaftClientReply:client-029E50227556->355864cd-7ac5-4934-b366-9756b15dd90f@group-785BCF25C267, cid=3396, SUCCESS, logIndex=0, commits[355864cd-7ac5-4934-b366-9756b15dd90f:c5125, ce4aa411-63c8-4399-99eb-27ce352844f3:c5121, 3eeffb0a-787e-48ec-a2f5-d0c540a89489:c5121]
2019-08-21 15:30:07,598 | INFO  | DNAudit | user=null | ip=null | op=WRITE_CHUNK {blockData=conID: 1 locID: 102655682595652267 bcsId: 5123} | ret=SUCCESS |  
2019-08-21 15:30:07,602 | INFO  | DNAudit | user=null | ip=null | op=WRITE_CHUNK {blockData=conID: 1 locID: 102655682595652267 bcsId: 5123} | ret=SUCCESS |  
2019-08-21 15:30:07,602 | INFO  | DNAudit | user=null | ip=null | op=WRITE_CHUNK {blockData=conID: 1 locID: 102655682595652267 bcsId: 5123} | ret=SUCCESS |  
2019-08-21 15:30:07,627 | INFO  | DNAudit | user=null | ip=null | op=WRITE_CHUNK {blockData=conID: 1 locID: 102655682595652267 bcsId: 0} | ret=SUCCESS |  
2019-08-21 15:30:07,628 | INFO  | DNAudit | user=null | ip=null | op=PUT_BLOCK {blockData=[blockId=conID: 1 locID: 102655682595652267 bcsId: 0,size=2097152]} | ret=SUCCESS |  
2019-08-21 15:30:07,628 | INFO  | DNAudit | user=null | ip=null | op=WRITE_CHUNK {blockData=conID: 1 locID: 102655682595652267 bcsId: 0} | ret=SUCCESS |  
2019-08-21 15:30:07,628 | INFO  | DNAudit | user=null | ip=null | op=PUT_BLOCK {blockData=[blockId=conID: 1 locID: 102655682595652267 bcsId: 0,size=2097152]} | ret=SUCCESS |  
2019-08-21 15:30:07,629 | INFO  | DNAudit | user=null | ip=null | op=WRITE_CHUNK {blockData=conID: 1 locID: 102655682595652267 bcsId: 5123} | ret=SUCCESS |  
2019-08-21 15:30:07,630 | INFO  | DNAudit | user=null | ip=null | op=PUT_BLOCK {blockData=[blockId=conID: 1 locID: 102655682595652267 bcsId: 0,size=3145728]} | ret=SUCCESS |  
2019-08-21 15:30:07,630 [grpc-default-executor-3] INFO  client.GrpcClientProtocolClient (GrpcClientProtocolClient.java:onNext(255)) - client-029E50227556->355864cd-7ac5-4934-b366-9756b15dd90f: receive RaftClientReply:client-029E50227556->355864cd-7ac5-4934-b366-9756b15dd90f@group-785BCF25C267, cid=3397, SUCCESS, logIndex=5128, commits[355864cd-7ac5-4934-b366-9756b15dd90f:c5129, ce4aa411-63c8-4399-99eb-27ce352844f3:c5125, 3eeffb0a-787e-48ec-a2f5-d0c540a89489:c5125]
2019-08-21 15:30:07,630 [grpc-default-executor-3] INFO  client.GrpcClientProtocolClient (GrpcClientProtocolClient.java:onNext(255)) - client-029E50227556->355864cd-7ac5-4934-b366-9756b15dd90f: receive RaftClientReply:client-029E50227556->355864cd-7ac5-4934-b366-9756b15dd90f@group-785BCF25C267, cid=3398, SUCCESS, logIndex=5129, commits[355864cd-7ac5-4934-b366-9756b15dd90f:c5129, ce4aa411-63c8-4399-99eb-27ce352844f3:c5125, 3eeffb0a-787e-48ec-a2f5-d0c540a89489:c5125]
2019-08-21 15:30:07,631 | INFO  | DNAudit | user=null | ip=null | op=WRITE_CHUNK {blockData=conID: 1 locID: 102655682595652267 bcsId: 5123} | ret=SUCCESS |  
2019-08-21 15:30:07,631 | INFO  | DNAudit | user=null | ip=null | op=WRITE_CHUNK {blockData=conID: 1 locID: 102655682595652267 bcsId: 5123} | ret=SUCCESS |  
2019-08-21 15:30:07,631 | INFO  | DNAudit | user=null | ip=null | op=PUT_BLOCK {blockData=[blockId=conID: 1 locID: 102655682595652267 bcsId: 0,size=3145728]} | ret=SUCCESS |  
2019-08-21 15:30:07,633 | INFO  | DNAudit | user=null | ip=null | op=PUT_BLOCK {blockData=[blockId=conID: 1 locID: 102655682595652267 bcsId: 0,size=3145728]} | ret=SUCCESS |  
2019-08-21 15:30:07,639 | INFO  | DNAudit | user=null | ip=null | op=WRITE_CHUNK {blockData=conID: 1 locID: 102655682595652267 bcsId: 5129} | ret=SUCCESS |  
2019-08-21 15:30:07,642 | INFO  | DNAudit | user=null | ip=null | op=WRITE_CHUNK {blockData=conID: 1 locID: 102655682595652267 bcsId: 5129} | ret=SUCCESS |  
2019-08-21 15:30:07,642 | INFO  | DNAudit | user=null | ip=null | op=WRITE_CHUNK {blockData=conID: 1 locID: 102655682595652267 bcsId: 5129} | ret=SUCCESS |  
2019-08-21 15:30:07,652 | INFO  | DNAudit | user=null | ip=null | op=WRITE_CHUNK {blockData=conID: 1 locID: 102655682595652267 bcsId: 5129} | ret=SUCCESS |  
2019-08-21 15:30:07,652 | INFO  | DNAudit | user=null | ip=null | op=PUT_BLOCK {blockData=[blockId=conID: 1 locID: 102655682595652267 bcsId: 0,size=4194304]} | ret=SUCCESS |  
2019-08-21 15:30:07,652 [grpc-default-executor-3] INFO  client.GrpcClientProtocolClient (GrpcClientProtocolClient.java:onNext(255)) - client-029E50227556->355864cd-7ac5-4934-b366-9756b15dd90f: receive RaftClientReply:client-029E50227556->355864cd-7ac5-4934-b366-9756b15dd90f@group-785BCF25C267, cid=3399, SUCCESS, logIndex=5132, commits[355864cd-7ac5-4934-b366-9756b15dd90f:c5132, ce4aa411-63c8-4399-99eb-27ce352844f3:c5131, 3eeffb0a-787e-48ec-a2f5-d0c540a89489:c5131]
2019-08-21 15:30:07,653 [grpc-default-executor-3] INFO  client.GrpcClientProtocolClient (GrpcClientProtocolClient.java:onNext(255)) - client-029E50227556->355864cd-7ac5-4934-b366-9756b15dd90f: receive RaftClientReply:client-029E50227556->355864cd-7ac5-4934-b366-9756b15dd90f@group-785BCF25C267, cid=3400, SUCCESS, logIndex=5133, commits[355864cd-7ac5-4934-b366-9756b15dd90f:c5133, ce4aa411-63c8-4399-99eb-27ce352844f3:c5131, 3eeffb0a-787e-48ec-a2f5-d0c540a89489:c5131]
2019-08-21 15:30:07,663 | INFO  | DNAudit | user=null | ip=null | op=WRITE_CHUNK {blockData=conID: 1 locID: 102655682595652267 bcsId: 5129} | ret=SUCCESS |  
2019-08-21 15:30:07,663 | INFO  | DNAudit | user=null | ip=null | op=WRITE_CHUNK {blockData=conID: 1 locID: 102655682595652267 bcsId: 5129} | ret=SUCCESS |  
2019-08-21 15:30:07,666 | INFO  | DNAudit | user=null | ip=null | op=PUT_BLOCK {blockData=[blockId=conID: 1 locID: 102655682595652267 bcsId: 0,size=4194304]} | ret=SUCCESS |  
2019-08-21 15:30:07,666 | INFO  | DNAudit | user=null | ip=null | op=PUT_BLOCK {blockData=[blockId=conID: 1 locID: 102655682595652267 bcsId: 0,size=4194304]} | ret=SUCCESS |  
2019-08-21 15:30:07,666 [grpc-default-executor-5] INFO  client.GrpcClientProtocolClient (GrpcClientProtocolClient.java:onNext(255)) - client-029E50227556->355864cd-7ac5-4934-b366-9756b15dd90f: receive RaftClientReply:client-029E50227556->355864cd-7ac5-4934-b366-9756b15dd90f@group-785BCF25C267, cid=3401, SUCCESS, logIndex=0, commits[355864cd-7ac5-4934-b366-9756b15dd90f:c5135, ce4aa411-63c8-4399-99eb-27ce352844f3:c5133, 3eeffb0a-787e-48ec-a2f5-d0c540a89489:c5133]
2019-08-21 15:30:07,677 | INFO  | SCMAudit | user=jenkins1000 | ip=192.168.5.153 | op=ALLOCATE_BLOCK {owner=78849ec2-2b05-45d8-8cb5-e95e2230dbd1, size=4194304, type=RATIS, factor=THREE} | ret=SUCCESS |  
2019-08-21 15:30:07,684 | INFO  | OMAudit | user=jenkins1000 | ip=127.0.0.1 | op=ALLOCATE_BLOCK {volume=vol-0-32358, bucket=bucket-0-01949, key=key-0-56547, dataSize=0, replicationType=null, replicationFactor=null, keyLocationInfo=null, clientID=102655680532119954} | ret=SUCCESS |  
2019-08-21 15:30:07,692 | INFO  | DNAudit | user=null | ip=null | op=WRITE_CHUNK {blockData=conID: 2 locID: 102655682653520556 bcsId: 0} | ret=SUCCESS |  
2019-08-21 15:30:07,695 | INFO  | DNAudit | user=null | ip=null | op=WRITE_CHUNK {blockData=conID: 2 locID: 102655682653520556 bcsId: 0} | ret=SUCCESS |  
2019-08-21 15:30:07,697 | INFO  | DNAudit | user=null | ip=null | op=WRITE_CHUNK {blockData=conID: 2 locID: 102655682653520556 bcsId: 0} | ret=SUCCESS |  
2019-08-21 15:30:07,697 | INFO  | DNAudit | user=null | ip=null | op=WRITE_CHUNK {blockData=conID: 2 locID: 102655682653520556 bcsId: 0} | ret=SUCCESS |  
2019-08-21 15:30:07,699 | INFO  | DNAudit | user=null | ip=null | op=WRITE_CHUNK {blockData=conID: 2 locID: 102655682653520556 bcsId: 0} | ret=SUCCESS |  
2019-08-21 15:30:07,700 | INFO  | DNAudit | user=null | ip=null | op=WRITE_CHUNK {blockData=conID: 2 locID: 102655682653520556 bcsId: 0} | ret=SUCCESS |  
2019-08-21 15:30:07,707 | INFO  | DNAudit | user=null | ip=null | op=WRITE_CHUNK {blockData=conID: 2 locID: 102655682653520556 bcsId: 0} | ret=SUCCESS |  
2019-08-21 15:30:07,707 | INFO  | DNAudit | user=null | ip=null | op=PUT_BLOCK {blockData=[blockId=conID: 2 locID: 102655682653520556 bcsId: 0,size=1048576]} | ret=SUCCESS |  
2019-08-21 15:30:07,708 [grpc-default-executor-5] INFO  client.GrpcClientProtocolClient (GrpcClientProtocolClient.java:onNext(255)) - client-029E50227556->355864cd-7ac5-4934-b366-9756b15dd90f: receive RaftClientReply:client-029E50227556->355864cd-7ac5-4934-b366-9756b15dd90f@group-785BCF25C267, cid=3402, SUCCESS, logIndex=5136, commits[355864cd-7ac5-4934-b366-9756b15dd90f:c5137, ce4aa411-63c8-4399-99eb-27ce352844f3:c5135, 3eeffb0a-787e-48ec-a2f5-d0c540a89489:c5135]
2019-08-21 15:30:07,708 [grpc-default-executor-5] INFO  client.GrpcClientProtocolClient (GrpcClientProtocolClient.java:onNext(255)) - client-029E50227556->355864cd-7ac5-4934-b366-9756b15dd90f: receive RaftClientReply:client-029E50227556->355864cd-7ac5-4934-b366-9756b15dd90f@group-785BCF25C267, cid=3403, SUCCESS, logIndex=5137, commits[355864cd-7ac5-4934-b366-9756b15dd90f:c5137, ce4aa411-63c8-4399-99eb-27ce352844f3:c5135, 3eeffb0a-787e-48ec-a2f5-d0c540a89489:c5135]
2019-08-21 15:30:07,718 | INFO  | DNAudit | user=null | ip=null | op=WRITE_CHUNK {blockData=conID: 2 locID: 102655682653520556 bcsId: 0} | ret=SUCCESS |  
2019-08-21 15:30:07,718 | INFO  | DNAudit | user=null | ip=null | op=PUT_BLOCK {blockData=[blockId=conID: 2 locID: 102655682653520556 bcsId: 0,size=2097152]} | ret=SUCCESS |  
2019-08-21 15:30:07,719 [grpc-default-executor-3] INFO  client.GrpcClientProtocolClient (GrpcClientProtocolClient.java:onNext(255)) - client-029E50227556->355864cd-7ac5-4934-b366-9756b15dd90f: receive RaftClientReply:client-029E50227556->355864cd-7ac5-4934-b366-9756b15dd90f@group-785BCF25C267, cid=3404, SUCCESS, logIndex=5138, commits[355864cd-7ac5-4934-b366-9756b15dd90f:c5138, ce4aa411-63c8-4399-99eb-27ce352844f3:c5135, 3eeffb0a-787e-48ec-a2f5-d0c540a89489:c5135]
2019-08-21 15:30:07,719 | INFO  | DNAudit | user=null | ip=null | op=WRITE_CHUNK {blockData=conID: 2 locID: 102655682653520556 bcsId: 0} | ret=SUCCESS |  
2019-08-21 15:30:07,719 | INFO  | DNAudit | user=null | ip=null | op=PUT_BLOCK {blockData=[blockId=conID: 2 locID: 102655682653520556 bcsId: 0,size=1048576]} | ret=SUCCESS |  
2019-08-21 15:30:07,719 [grpc-default-executor-3] INFO  client.GrpcClientProtocolClient (GrpcClientProtocolClient.java:onNext(255)) - client-029E50227556->355864cd-7ac5-4934-b366-9756b15dd90f: receive RaftClientReply:client-029E50227556->355864cd-7ac5-4934-b366-9756b15dd90f@group-785BCF25C267, cid=3405, SUCCESS, logIndex=5139, commits[355864cd-7ac5-4934-b366-9756b15dd90f:c5139, ce4aa411-63c8-4399-99eb-27ce352844f3:c5135, 3eeffb0a-787e-48ec-a2f5-d0c540a89489:c5135]
2019-08-21 15:30:07,721 | INFO  | DNAudit | user=null | ip=null | op=WRITE_CHUNK {blockData=conID: 2 locID: 102655682653520556 bcsId: 0} | ret=SUCCESS |  
2019-08-21 15:30:07,721 | INFO  | DNAudit | user=null | ip=null | op=PUT_BLOCK {blockData=[blockId=conID: 2 locID: 102655682653520556 bcsId: 0,size=1048576]} | ret=SUCCESS |  
2019-08-21 15:30:07,722 [grpc-default-executor-3] INFO  client.GrpcClientProtocolClient (GrpcClientProtocolClient.java:onNext(255)) - client-029E50227556->355864cd-7ac5-4934-b366-9756b15dd90f: receive RaftClientReply:client-029E50227556->355864cd-7ac5-4934-b366-9756b15dd90f@group-785BCF25C267, cid=3406, SUCCESS, logIndex=0, commits[355864cd-7ac5-4934-b366-9756b15dd90f:c5141, ce4aa411-63c8-4399-99eb-27ce352844f3:c5137, 3eeffb0a-787e-48ec-a2f5-d0c540a89489:c5137]
2019-08-21 15:30:07,731 | INFO  | DNAudit | user=null | ip=null | op=WRITE_CHUNK {blockData=conID: 2 locID: 102655682653520556 bcsId: 5139} | ret=SUCCESS |  
2019-08-21 15:30:07,732 | INFO  | DNAudit | user=null | ip=null | op=WRITE_CHUNK {blockData=conID: 2 locID: 102655682653520556 bcsId: 0} | ret=SUCCESS |  
2019-08-21 15:30:07,732 | INFO  | DNAudit | user=null | ip=null | op=PUT_BLOCK {blockData=[blockId=conID: 2 locID: 102655682653520556 bcsId: 0,size=2097152]} | ret=SUCCESS |  
2019-08-21 15:30:07,734 | INFO  | DNAudit | user=null | ip=null | op=WRITE_CHUNK {blockData=conID: 2 locID: 102655682653520556 bcsId: 5139} | ret=SUCCESS |  
2019-08-21 15:30:07,734 | INFO  | DNAudit | user=null | ip=null | op=WRITE_CHUNK {blockData=conID: 2 locID: 102655682653520556 bcsId: 0} | ret=SUCCESS |  
2019-08-21 15:30:07,734 | INFO  | DNAudit | user=null | ip=null | op=WRITE_CHUNK {blockData=conID: 2 locID: 102655682653520556 bcsId: 5139} | ret=SUCCESS |  
2019-08-21 15:30:07,734 | INFO  | DNAudit | user=null | ip=null | op=PUT_BLOCK {blockData=[blockId=conID: 2 locID: 102655682653520556 bcsId: 0,size=2097152]} | ret=SUCCESS |  
2019-08-21 15:30:07,746 | INFO  | DNAudit | user=null | ip=null | op=WRITE_CHUNK {blockData=conID: 2 locID: 102655682653520556 bcsId: 5139} | ret=SUCCESS |  
2019-08-21 15:30:07,746 | INFO  | DNAudit | user=null | ip=null | op=PUT_BLOCK {blockData=[blockId=conID: 2 locID: 102655682653520556 bcsId: 0,size=3145728]} | ret=SUCCESS |  
2019-08-21 15:30:07,747 [grpc-default-executor-3] INFO  client.GrpcClientProtocolClient (GrpcClientProtocolClient.java:onNext(255)) - client-029E50227556->355864cd-7ac5-4934-b366-9756b15dd90f: receive RaftClientReply:client-029E50227556->355864cd-7ac5-4934-b366-9756b15dd90f@group-785BCF25C267, cid=3407, SUCCESS, logIndex=5144, commits[355864cd-7ac5-4934-b366-9756b15dd90f:c5145, ce4aa411-63c8-4399-99eb-27ce352844f3:c5141, 3eeffb0a-787e-48ec-a2f5-d0c540a89489:c5141]
2019-08-21 15:30:07,747 [grpc-default-executor-3] INFO  client.GrpcClientProtocolClient (GrpcClientProtocolClient.java:onNext(255)) - client-029E50227556->355864cd-7ac5-4934-b366-9756b15dd90f: receive RaftClientReply:client-029E50227556->355864cd-7ac5-4934-b366-9756b15dd90f@group-785BCF25C267, cid=3408, SUCCESS, logIndex=5145, commits[355864cd-7ac5-4934-b366-9756b15dd90f:c5145, ce4aa411-63c8-4399-99eb-27ce352844f3:c5141, 3eeffb0a-787e-48ec-a2f5-d0c540a89489:c5141]
2019-08-21 15:30:07,755 | INFO  | DNAudit | user=null | ip=null | op=WRITE_CHUNK {blockData=conID: 2 locID: 102655682653520556 bcsId: 5145} | ret=SUCCESS |  
2019-08-21 15:30:07,758 | INFO  | DNAudit | user=null | ip=null | op=WRITE_CHUNK {blockData=conID: 2 locID: 102655682653520556 bcsId: 5139} | ret=SUCCESS |  
2019-08-21 15:30:07,758 | INFO  | DNAudit | user=null | ip=null | op=WRITE_CHUNK {blockData=conID: 2 locID: 102655682653520556 bcsId: 5139} | ret=SUCCESS |  
2019-08-21 15:30:07,759 | INFO  | DNAudit | user=null | ip=null | op=WRITE_CHUNK {blockData=conID: 2 locID: 102655682653520556 bcsId: 5145} | ret=SUCCESS |  
2019-08-21 15:30:07,759 | INFO  | DNAudit | user=null | ip=null | op=WRITE_CHUNK {blockData=conID: 2 locID: 102655682653520556 bcsId: 5145} | ret=SUCCESS |  
2019-08-21 15:30:07,770 | INFO  | DNAudit | user=null | ip=null | op=PUT_BLOCK {blockData=[blockId=conID: 2 locID: 102655682653520556 bcsId: 0,size=3145728]} | ret=SUCCESS |  
2019-08-21 15:30:07,771 | INFO  | DNAudit | user=null | ip=null | op=PUT_BLOCK {blockData=[blockId=conID: 2 locID: 102655682653520556 bcsId: 0,size=3145728]} | ret=SUCCESS |  
2019-08-21 15:30:07,771 | INFO  | DNAudit | user=null | ip=null | op=WRITE_CHUNK {blockData=conID: 2 locID: 102655682653520556 bcsId: 5145} | ret=SUCCESS |  
2019-08-21 15:30:07,771 | INFO  | DNAudit | user=null | ip=null | op=PUT_BLOCK {blockData=[blockId=conID: 2 locID: 102655682653520556 bcsId: 0,size=4194304]} | ret=SUCCESS |  
2019-08-21 15:30:07,772 [grpc-default-executor-0] INFO  client.GrpcClientProtocolClient (GrpcClientProtocolClient.java:onNext(255)) - client-029E50227556->355864cd-7ac5-4934-b366-9756b15dd90f: receive RaftClientReply:client-029E50227556->355864cd-7ac5-4934-b366-9756b15dd90f@group-785BCF25C267, cid=3409, SUCCESS, logIndex=5148, commits[355864cd-7ac5-4934-b366-9756b15dd90f:c5149, ce4aa411-63c8-4399-99eb-27ce352844f3:c5145, 3eeffb0a-787e-48ec-a2f5-d0c540a89489:c5145]
2019-08-21 15:30:07,772 [grpc-default-executor-0] INFO  client.GrpcClientProtocolClient (GrpcClientProtocolClient.java:onNext(255)) - client-029E50227556->355864cd-7ac5-4934-b366-9756b15dd90f: receive RaftClientReply:client-029E50227556->355864cd-7ac5-4934-b366-9756b15dd90f@group-785BCF25C267, cid=3410, SUCCESS, logIndex=5149, commits[355864cd-7ac5-4934-b366-9756b15dd90f:c5149, ce4aa411-63c8-4399-99eb-27ce352844f3:c5145, 3eeffb0a-787e-48ec-a2f5-d0c540a89489:c5145]
2019-08-21 15:30:07,782 | INFO  | DNAudit | user=null | ip=null | op=WRITE_CHUNK {blockData=conID: 2 locID: 102655682653520556 bcsId: 5145} | ret=SUCCESS |  
2019-08-21 15:30:07,783 | INFO  | DNAudit | user=null | ip=null | op=WRITE_CHUNK {blockData=conID: 2 locID: 102655682653520556 bcsId: 5145} | ret=SUCCESS |  
2019-08-21 15:30:07,794 | INFO  | DNAudit | user=null | ip=null | op=PUT_BLOCK {blockData=[blockId=conID: 2 locID: 102655682653520556 bcsId: 0,size=4194304]} | ret=SUCCESS |  
2019-08-21 15:30:07,794 | INFO  | DNAudit | user=null | ip=null | op=PUT_BLOCK {blockData=[blockId=conID: 2 locID: 102655682653520556 bcsId: 0,size=4194304]} | ret=SUCCESS |  
2019-08-21 15:30:07,795 [grpc-default-executor-0] INFO  client.GrpcClientProtocolClient (GrpcClientProtocolClient.java:onNext(255)) - client-029E50227556->355864cd-7ac5-4934-b366-9756b15dd90f: receive RaftClientReply:client-029E50227556->355864cd-7ac5-4934-b366-9756b15dd90f@group-785BCF25C267, cid=3411, SUCCESS, logIndex=0, commits[355864cd-7ac5-4934-b366-9756b15dd90f:c5151, ce4aa411-63c8-4399-99eb-27ce352844f3:c5149, 3eeffb0a-787e-48ec-a2f5-d0c540a89489:c5149]
2019-08-21 15:30:07,803 | INFO  | SCMAudit | user=jenkins1000 | ip=192.168.5.153 | op=ALLOCATE_BLOCK {owner=78849ec2-2b05-45d8-8cb5-e95e2230dbd1, size=4194304, type=RATIS, factor=THREE} | ret=SUCCESS |  
2019-08-21 15:30:07,809 | INFO  | OMAudit | user=jenkins1000 | ip=127.0.0.1 | op=ALLOCATE_BLOCK {volume=vol-0-32358, bucket=bucket-0-01949, key=key-0-56547, dataSize=0, replicationType=null, replicationFactor=null, keyLocationInfo=null, clientID=102655680532119954} | ret=SUCCESS |  
2019-08-21 15:30:07,818 | INFO  | DNAudit | user=null | ip=null | op=WRITE_CHUNK {blockData=conID: 3 locID: 102655682661778093 bcsId: 0} | ret=SUCCESS |  
2019-08-21 15:30:07,821 | INFO  | DNAudit | user=null | ip=null | op=WRITE_CHUNK {blockData=conID: 3 locID: 102655682661778093 bcsId: 0} | ret=SUCCESS |  
2019-08-21 15:30:07,822 | INFO  | DNAudit | user=null | ip=null | op=WRITE_CHUNK {blockData=conID: 3 locID: 102655682661778093 bcsId: 0} | ret=SUCCESS |  
2019-08-21 15:30:07,823 | INFO  | DNAudit | user=null | ip=null | op=WRITE_CHUNK {blockData=conID: 3 locID: 102655682661778093 bcsId: 0} | ret=SUCCESS |  
2019-08-21 15:30:07,826 | INFO  | DNAudit | user=null | ip=null | op=WRITE_CHUNK {blockData=conID: 3 locID: 102655682661778093 bcsId: 0} | ret=SUCCESS |  
2019-08-21 15:30:07,826 | INFO  | DNAudit | user=null | ip=null | op=WRITE_CHUNK {blockData=conID: 3 locID: 102655682661778093 bcsId: 0} | ret=SUCCESS |  
2019-08-21 15:30:07,830 | INFO  | DNAudit | user=null | ip=null | op=WRITE_CHUNK {blockData=conID: 3 locID: 102655682661778093 bcsId: 0} | ret=SUCCESS |  
2019-08-21 15:30:07,831 | INFO  | DNAudit | user=null | ip=null | op=PUT_BLOCK {blockData=[blockId=conID: 3 locID: 102655682661778093 bcsId: 0,size=1048576]} | ret=SUCCESS |  
2019-08-21 15:30:07,832 | INFO  | DNAudit | user=null | ip=null | op=WRITE_CHUNK {blockData=conID: 3 locID: 102655682661778093 bcsId: 0} | ret=SUCCESS |  
2019-08-21 15:30:07,832 [grpc-default-executor-3] INFO  client.GrpcClientProtocolClient (GrpcClientProtocolClient.java:onNext(255)) - client-029E50227556->355864cd-7ac5-4934-b366-9756b15dd90f: receive RaftClientReply:client-029E50227556->355864cd-7ac5-4934-b366-9756b15dd90f@group-785BCF25C267, cid=3412, SUCCESS, logIndex=5152, commits[355864cd-7ac5-4934-b366-9756b15dd90f:c5153, ce4aa411-63c8-4399-99eb-27ce352844f3:c5151, 3eeffb0a-787e-48ec-a2f5-d0c540a89489:c5151]
2019-08-21 15:30:07,832 | INFO  | DNAudit | user=null | ip=null | op=PUT_BLOCK {blockData=[blockId=conID: 3 locID: 102655682661778093 bcsId: 0,size=2097152]} | ret=SUCCESS |  
2019-08-21 15:30:07,832 [grpc-default-executor-3] INFO  client.GrpcClientProtocolClient (GrpcClientProtocolClient.java:onNext(255)) - client-029E50227556->355864cd-7ac5-4934-b366-9756b15dd90f: receive RaftClientReply:client-029E50227556->355864cd-7ac5-4934-b366-9756b15dd90f@group-785BCF25C267, cid=3413, SUCCESS, logIndex=5153, commits[355864cd-7ac5-4934-b366-9756b15dd90f:c5155, ce4aa411-63c8-4399-99eb-27ce352844f3:c5151, 3eeffb0a-787e-48ec-a2f5-d0c540a89489:c5151]
2019-08-21 15:30:07,833 | INFO  | DNAudit | user=null | ip=null | op=WRITE_CHUNK {blockData=conID: 3 locID: 102655682661778093 bcsId: 0} | ret=SUCCESS |  
2019-08-21 15:30:07,833 [grpc-default-executor-3] INFO  client.GrpcClientProtocolClient (GrpcClientProtocolClient.java:onNext(255)) - client-029E50227556->355864cd-7ac5-4934-b366-9756b15dd90f: receive RaftClientReply:client-029E50227556->355864cd-7ac5-4934-b366-9756b15dd90f@group-785BCF25C267, cid=3414, SUCCESS, logIndex=5154, commits[355864cd-7ac5-4934-b366-9756b15dd90f:c5155, ce4aa411-63c8-4399-99eb-27ce352844f3:c5151, 3eeffb0a-787e-48ec-a2f5-d0c540a89489:c5151]
2019-08-21 15:30:07,833 | INFO  | DNAudit | user=null | ip=null | op=PUT_BLOCK {blockData=[blockId=conID: 3 locID: 102655682661778093 bcsId: 0,size=1048576]} | ret=SUCCESS |  
2019-08-21 15:30:07,833 [grpc-default-executor-3] INFO  client.GrpcClientProtocolClient (GrpcClientProtocolClient.java:onNext(255)) - client-029E50227556->355864cd-7ac5-4934-b366-9756b15dd90f: receive RaftClientReply:client-029E50227556->355864cd-7ac5-4934-b366-9756b15dd90f@group-785BCF25C267, cid=3415, SUCCESS, logIndex=5155, commits[355864cd-7ac5-4934-b366-9756b15dd90f:c5155, ce4aa411-63c8-4399-99eb-27ce352844f3:c5151, 3eeffb0a-787e-48ec-a2f5-d0c540a89489:c5151]
2019-08-21 15:30:07,842 | INFO  | DNAudit | user=null | ip=null | op=WRITE_CHUNK {blockData=conID: 3 locID: 102655682661778093 bcsId: 0} | ret=SUCCESS |  
2019-08-21 15:30:07,842 | INFO  | DNAudit | user=null | ip=null | op=PUT_BLOCK {blockData=[blockId=conID: 3 locID: 102655682661778093 bcsId: 0,size=1048576]} | ret=SUCCESS |  
2019-08-21 15:30:07,842 [grpc-default-executor-3] INFO  client.GrpcClientProtocolClient (GrpcClientProtocolClient.java:onNext(255)) - client-029E50227556->355864cd-7ac5-4934-b366-9756b15dd90f: receive RaftClientReply:client-029E50227556->355864cd-7ac5-4934-b366-9756b15dd90f@group-785BCF25C267, cid=3416, SUCCESS, logIndex=0, commits[355864cd-7ac5-4934-b366-9756b15dd90f:c5156, ce4aa411-63c8-4399-99eb-27ce352844f3:c5153, 3eeffb0a-787e-48ec-a2f5-d0c540a89489:c5153]
2019-08-21 15:30:07,851 | INFO  | DNAudit | user=null | ip=null | op=WRITE_CHUNK {blockData=conID: 3 locID: 102655682661778093 bcsId: 5155} | ret=SUCCESS |  
2019-08-21 15:30:07,851 | INFO  | DNAudit | user=null | ip=null | op=WRITE_CHUNK {blockData=conID: 3 locID: 102655682661778093 bcsId: 0} | ret=SUCCESS |  
2019-08-21 15:30:07,852 | INFO  | DNAudit | user=null | ip=null | op=PUT_BLOCK {blockData=[blockId=conID: 3 locID: 102655682661778093 bcsId: 0,size=2097152]} | ret=SUCCESS |  
2019-08-21 15:30:07,853 | INFO  | DNAudit | user=null | ip=null | op=WRITE_CHUNK {blockData=conID: 3 locID: 102655682661778093 bcsId: 0} | ret=SUCCESS |  
2019-08-21 15:30:07,853 | INFO  | DNAudit | user=null | ip=null | op=PUT_BLOCK {blockData=[blockId=conID: 3 locID: 102655682661778093 bcsId: 0,size=2097152]} | ret=SUCCESS |  
2019-08-21 15:30:07,853 | INFO  | DNAudit | user=null | ip=null | op=WRITE_CHUNK {blockData=conID: 3 locID: 102655682661778093 bcsId: 5155} | ret=SUCCESS |  
2019-08-21 15:30:07,855 | INFO  | DNAudit | user=null | ip=null | op=WRITE_CHUNK {blockData=conID: 3 locID: 102655682661778093 bcsId: 5155} | ret=SUCCESS |  
2019-08-21 15:30:07,855 | INFO  | DNAudit | user=null | ip=null | op=WRITE_CHUNK {blockData=conID: 3 locID: 102655682661778093 bcsId: 5155} | ret=SUCCESS |  
2019-08-21 15:30:07,855 | INFO  | DNAudit | user=null | ip=null | op=PUT_BLOCK {blockData=[blockId=conID: 3 locID: 102655682661778093 bcsId: 0,size=3145728]} | ret=SUCCESS |  
2019-08-21 15:30:07,856 [grpc-default-executor-4] INFO  client.GrpcClientProtocolClient (GrpcClientProtocolClient.java:onNext(255)) - client-029E50227556->355864cd-7ac5-4934-b366-9756b15dd90f: receive RaftClientReply:client-029E50227556->355864cd-7ac5-4934-b366-9756b15dd90f@group-785BCF25C267, cid=3417, SUCCESS, logIndex=5160, commits[355864cd-7ac5-4934-b366-9756b15dd90f:c5161, ce4aa411-63c8-4399-99eb-27ce352844f3:c5157, 3eeffb0a-787e-48ec-a2f5-d0c540a89489:c5155]
2019-08-21 15:30:07,856 [grpc-default-executor-4] INFO  client.GrpcClientProtocolClient (GrpcClientProtocolClient.java:onNext(255)) - client-029E50227556->355864cd-7ac5-4934-b366-9756b15dd90f: receive RaftClientReply:client-029E50227556->355864cd-7ac5-4934-b366-9756b15dd90f@group-785BCF25C267, cid=3418, SUCCESS, logIndex=5161, commits[355864cd-7ac5-4934-b366-9756b15dd90f:c5161, ce4aa411-63c8-4399-99eb-27ce352844f3:c5157, 3eeffb0a-787e-48ec-a2f5-d0c540a89489:c5155]
2019-08-21 15:30:07,864 | INFO  | DNAudit | user=null | ip=null | op=WRITE_CHUNK {blockData=conID: 3 locID: 102655682661778093 bcsId: 5161} | ret=SUCCESS |  
2019-08-21 15:30:07,865 | INFO  | DNAudit | user=null | ip=null | op=WRITE_CHUNK {blockData=conID: 3 locID: 102655682661778093 bcsId: 5155} | ret=SUCCESS |  
2019-08-21 15:30:07,865 | INFO  | DNAudit | user=null | ip=null | op=PUT_BLOCK {blockData=[blockId=conID: 3 locID: 102655682661778093 bcsId: 0,size=3145728]} | ret=SUCCESS |  
2019-08-21 15:30:07,867 | INFO  | DNAudit | user=null | ip=null | op=WRITE_CHUNK {blockData=conID: 3 locID: 102655682661778093 bcsId: 5161} | ret=SUCCESS |  
2019-08-21 15:30:07,867 | INFO  | DNAudit | user=null | ip=null | op=WRITE_CHUNK {blockData=conID: 3 locID: 102655682661778093 bcsId: 5161} | ret=SUCCESS |  
2019-08-21 15:30:07,884 | INFO  | DNAudit | user=null | ip=null | op=WRITE_CHUNK {blockData=conID: 3 locID: 102655682661778093 bcsId: 5155} | ret=SUCCESS |  
2019-08-21 15:30:07,884 | INFO  | DNAudit | user=null | ip=null | op=WRITE_CHUNK {blockData=conID: 3 locID: 102655682661778093 bcsId: 5161} | ret=SUCCESS |  
2019-08-21 15:30:07,885 | INFO  | DNAudit | user=null | ip=null | op=PUT_BLOCK {blockData=[blockId=conID: 3 locID: 102655682661778093 bcsId: 0,size=3145728]} | ret=SUCCESS |  
2019-08-21 15:30:07,885 | INFO  | DNAudit | user=null | ip=null | op=PUT_BLOCK {blockData=[blockId=conID: 3 locID: 102655682661778093 bcsId: 0,size=4194304]} | ret=SUCCESS |  
2019-08-21 15:30:07,885 [grpc-default-executor-0] INFO  client.GrpcClientProtocolClient (GrpcClientProtocolClient.java:onNext(255)) - client-029E50227556->355864cd-7ac5-4934-b366-9756b15dd90f: receive RaftClientReply:client-029E50227556->355864cd-7ac5-4934-b366-9756b15dd90f@group-785BCF25C267, cid=3419, SUCCESS, logIndex=5164, commits[355864cd-7ac5-4934-b366-9756b15dd90f:c5165, ce4aa411-63c8-4399-99eb-27ce352844f3:c5161, 3eeffb0a-787e-48ec-a2f5-d0c540a89489:c5161]
2019-08-21 15:30:07,885 [grpc-default-executor-0] INFO  client.GrpcClientProtocolClient (GrpcClientProtocolClient.java:onNext(255)) - client-029E50227556->355864cd-7ac5-4934-b366-9756b15dd90f: receive RaftClientReply:client-029E50227556->355864cd-7ac5-4934-b366-9756b15dd90f@group-785BCF25C267, cid=3420, SUCCESS, logIndex=5165, commits[355864cd-7ac5-4934-b366-9756b15dd90f:c5165, ce4aa411-63c8-4399-99eb-27ce352844f3:c5161, 3eeffb0a-787e-48ec-a2f5-d0c540a89489:c5161]
2019-08-21 15:30:07,896 | INFO  | DNAudit | user=null | ip=null | op=WRITE_CHUNK {blockData=conID: 3 locID: 102655682661778093 bcsId: 5161} | ret=SUCCESS |  
2019-08-21 15:30:07,896 | INFO  | DNAudit | user=null | ip=null | op=WRITE_CHUNK {blockData=conID: 3 locID: 102655682661778093 bcsId: 5161} | ret=SUCCESS |  
2019-08-21 15:30:07,896 | INFO  | DNAudit | user=null | ip=null | op=PUT_BLOCK {blockData=[blockId=conID: 3 locID: 102655682661778093 bcsId: 0,size=4194304]} | ret=SUCCESS |  
2019-08-21 15:30:07,896 | INFO  | DNAudit | user=null | ip=null | op=PUT_BLOCK {blockData=[blockId=conID: 3 locID: 102655682661778093 bcsId: 0,size=4194304]} | ret=SUCCESS |  
2019-08-21 15:30:07,896 [grpc-default-executor-0] INFO  client.GrpcClientProtocolClient (GrpcClientProtocolClient.java:onNext(255)) - client-029E50227556->355864cd-7ac5-4934-b366-9756b15dd90f: receive RaftClientReply:client-029E50227556->355864cd-7ac5-4934-b366-9756b15dd90f@group-785BCF25C267, cid=3421, SUCCESS, logIndex=0, commits[355864cd-7ac5-4934-b366-9756b15dd90f:c5166, ce4aa411-63c8-4399-99eb-27ce352844f3:c5165, 3eeffb0a-787e-48ec-a2f5-d0c540a89489:c5165]
2019-08-21 15:30:07,903 | INFO  | SCMAudit | user=jenkins1000 | ip=192.168.5.153 | op=ALLOCATE_BLOCK {owner=78849ec2-2b05-45d8-8cb5-e95e2230dbd1, size=4194304, type=RATIS, factor=THREE} | ret=SUCCESS |  
2019-08-21 15:30:07,908 | INFO  | OMAudit | user=jenkins1000 | ip=127.0.0.1 | op=ALLOCATE_BLOCK {volume=vol-0-32358, bucket=bucket-0-01949, key=key-0-56547, dataSize=0, replicationType=null, replicationFactor=null, keyLocationInfo=null, clientID=102655680532119954} | ret=SUCCESS |  
2019-08-21 15:30:07,916 | INFO  | DNAudit | user=null | ip=null | op=WRITE_CHUNK {blockData=conID: 1 locID: 102655682668331694 bcsId: 0} | ret=SUCCESS |  
2019-08-21 15:30:07,919 | INFO  | DNAudit | user=null | ip=null | op=WRITE_CHUNK {blockData=conID: 1 locID: 102655682668331694 bcsId: 0} | ret=SUCCESS |  
2019-08-21 15:30:07,920 | INFO  | DNAudit | user=null | ip=null | op=WRITE_CHUNK {blockData=conID: 1 locID: 102655682668331694 bcsId: 0} | ret=SUCCESS |  
2019-08-21 15:30:07,920 | INFO  | DNAudit | user=null | ip=null | op=WRITE_CHUNK {blockData=conID: 1 locID: 102655682668331694 bcsId: 0} | ret=SUCCESS |  
2019-08-21 15:30:07,923 | INFO  | DNAudit | user=null | ip=null | op=WRITE_CHUNK {blockData=conID: 1 locID: 102655682668331694 bcsId: 0} | ret=SUCCESS |  
2019-08-21 15:30:07,923 | INFO  | DNAudit | user=null | ip=null | op=WRITE_CHUNK {blockData=conID: 1 locID: 102655682668331694 bcsId: 0} | ret=SUCCESS |  
2019-08-21 15:30:07,928 | INFO  | DNAudit | user=null | ip=null | op=WRITE_CHUNK {blockData=conID: 1 locID: 102655682668331694 bcsId: 0} | ret=SUCCESS |  
2019-08-21 15:30:07,929 | INFO  | DNAudit | user=null | ip=null | op=PUT_BLOCK {blockData=[blockId=conID: 1 locID: 102655682668331694 bcsId: 0,size=1048576]} | ret=SUCCESS |  
2019-08-21 15:30:07,930 | INFO  | DNAudit | user=null | ip=null | op=WRITE_CHUNK {blockData=conID: 1 locID: 102655682668331694 bcsId: 0} | ret=SUCCESS |  
2019-08-21 15:30:07,930 [grpc-default-executor-3] INFO  client.GrpcClientProtocolClient (GrpcClientProtocolClient.java:onNext(255)) - client-029E50227556->355864cd-7ac5-4934-b366-9756b15dd90f: receive RaftClientReply:client-029E50227556->355864cd-7ac5-4934-b366-9756b15dd90f@group-785BCF25C267, cid=3422, SUCCESS, logIndex=5168, commits[355864cd-7ac5-4934-b366-9756b15dd90f:c5169, ce4aa411-63c8-4399-99eb-27ce352844f3:c5167, 3eeffb0a-787e-48ec-a2f5-d0c540a89489:c5167]
2019-08-21 15:30:07,930 | INFO  | DNAudit | user=null | ip=null | op=PUT_BLOCK {blockData=[blockId=conID: 1 locID: 102655682668331694 bcsId: 0,size=2097152]} | ret=SUCCESS |  
2019-08-21 15:30:07,930 [grpc-default-executor-3] INFO  client.GrpcClientProtocolClient (GrpcClientProtocolClient.java:onNext(255)) - client-029E50227556->355864cd-7ac5-4934-b366-9756b15dd90f: receive RaftClientReply:client-029E50227556->355864cd-7ac5-4934-b366-9756b15dd90f@group-785BCF25C267, cid=3423, SUCCESS, logIndex=5169, commits[355864cd-7ac5-4934-b366-9756b15dd90f:c5171, ce4aa411-63c8-4399-99eb-27ce352844f3:c5167, 3eeffb0a-787e-48ec-a2f5-d0c540a89489:c5167]
2019-08-21 15:30:07,931 [grpc-default-executor-3] INFO  client.GrpcClientProtocolClient (GrpcClientProtocolClient.java:onNext(255)) - client-029E50227556->355864cd-7ac5-4934-b366-9756b15dd90f: receive RaftClientReply:client-029E50227556->355864cd-7ac5-4934-b366-9756b15dd90f@group-785BCF25C267, cid=3424, SUCCESS, logIndex=5170, commits[355864cd-7ac5-4934-b366-9756b15dd90f:c5171, ce4aa411-63c8-4399-99eb-27ce352844f3:c5167, 3eeffb0a-787e-48ec-a2f5-d0c540a89489:c5167]
2019-08-21 15:30:07,931 [grpc-default-executor-3] INFO  client.GrpcClientProtocolClient (GrpcClientProtocolClient.java:onNext(255)) - client-029E50227556->355864cd-7ac5-4934-b366-9756b15dd90f: receive RaftClientReply:client-029E50227556->355864cd-7ac5-4934-b366-9756b15dd90f@group-785BCF25C267, cid=3425, SUCCESS, logIndex=5171, commits[355864cd-7ac5-4934-b366-9756b15dd90f:c5171, ce4aa411-63c8-4399-99eb-27ce352844f3:c5167, 3eeffb0a-787e-48ec-a2f5-d0c540a89489:c5167]
2019-08-21 15:30:07,942 | INFO  | DNAudit | user=null | ip=null | op=WRITE_CHUNK {blockData=conID: 1 locID: 102655682668331694 bcsId: 0} | ret=SUCCESS |  
2019-08-21 15:30:07,942 | INFO  | DNAudit | user=null | ip=null | op=PUT_BLOCK {blockData=[blockId=conID: 1 locID: 102655682668331694 bcsId: 0,size=1048576]} | ret=SUCCESS |  
2019-08-21 15:30:07,942 | INFO  | DNAudit | user=null | ip=null | op=WRITE_CHUNK {blockData=conID: 1 locID: 102655682668331694 bcsId: 0} | ret=SUCCESS |  
2019-08-21 15:30:07,943 | INFO  | DNAudit | user=null | ip=null | op=PUT_BLOCK {blockData=[blockId=conID: 1 locID: 102655682668331694 bcsId: 0,size=1048576]} | ret=SUCCESS |  
2019-08-21 15:30:07,943 | INFO  | DNAudit | user=null | ip=null | op=WRITE_CHUNK {blockData=conID: 1 locID: 102655682668331694 bcsId: 0} | ret=SUCCESS |  
2019-08-21 15:30:07,943 | INFO  | DNAudit | user=null | ip=null | op=WRITE_CHUNK {blockData=conID: 1 locID: 102655682668331694 bcsId: 0} | ret=SUCCESS |  
2019-08-21 15:30:07,943 | INFO  | DNAudit | user=null | ip=null | op=PUT_BLOCK {blockData=[blockId=conID: 1 locID: 102655682668331694 bcsId: 0,size=2097152]} | ret=SUCCESS |  
2019-08-21 15:30:07,943 | INFO  | DNAudit | user=null | ip=null | op=PUT_BLOCK {blockData=[blockId=conID: 1 locID: 102655682668331694 bcsId: 0,size=2097152]} | ret=SUCCESS |  
2019-08-21 15:30:07,943 [grpc-default-executor-0] INFO  client.GrpcClientProtocolClient (GrpcClientProtocolClient.java:onNext(255)) - client-029E50227556->355864cd-7ac5-4934-b366-9756b15dd90f: receive RaftClientReply:client-029E50227556->355864cd-7ac5-4934-b366-9756b15dd90f@group-785BCF25C267, cid=3426, SUCCESS, logIndex=0, commits[355864cd-7ac5-4934-b366-9756b15dd90f:c5173, ce4aa411-63c8-4399-99eb-27ce352844f3:c5169, 3eeffb0a-787e-48ec-a2f5-d0c540a89489:c5169]
2019-08-21 15:30:07,952 | INFO  | DNAudit | user=null | ip=null | op=WRITE_CHUNK {blockData=conID: 1 locID: 102655682668331694 bcsId: 5171} | ret=SUCCESS |  
2019-08-21 15:30:07,953 | INFO  | DNAudit | user=null | ip=null | op=WRITE_CHUNK {blockData=conID: 1 locID: 102655682668331694 bcsId: 5171} | ret=SUCCESS |  
2019-08-21 15:30:07,955 | INFO  | DNAudit | user=null | ip=null | op=WRITE_CHUNK {blockData=conID: 1 locID: 102655682668331694 bcsId: 5171} | ret=SUCCESS |  
2019-08-21 15:30:07,965 | INFO  | DNAudit | user=null | ip=null | op=WRITE_CHUNK {blockData=conID: 1 locID: 102655682668331694 bcsId: 5171} | ret=SUCCESS |  
2019-08-21 15:30:07,965 | INFO  | DNAudit | user=null | ip=null | op=PUT_BLOCK {blockData=[blockId=conID: 1 locID: 102655682668331694 bcsId: 0,size=3145728]} | ret=SUCCESS |  
2019-08-21 15:30:07,965 [grpc-default-executor-3] INFO  client.GrpcClientProtocolClient (GrpcClientProtocolClient.java:onNext(255)) - client-029E50227556->355864cd-7ac5-4934-b366-9756b15dd90f: receive RaftClientReply:client-029E50227556->355864cd-7ac5-4934-b366-9756b15dd90f@group-785BCF25C267, cid=3427, SUCCESS, logIndex=5176, commits[355864cd-7ac5-4934-b366-9756b15dd90f:c5177, ce4aa411-63c8-4399-99eb-27ce352844f3:c5175, 3eeffb0a-787e-48ec-a2f5-d0c540a89489:c5175]
2019-08-21 15:30:07,966 [grpc-default-executor-3] INFO  client.GrpcClientProtocolClient (GrpcClientProtocolClient.java:onNext(255)) - client-029E50227556->355864cd-7ac5-4934-b366-9756b15dd90f: receive RaftClientReply:client-029E50227556->355864cd-7ac5-4934-b366-9756b15dd90f@group-785BCF25C267, cid=3428, SUCCESS, logIndex=5177, commits[355864cd-7ac5-4934-b366-9756b15dd90f:c5177, ce4aa411-63c8-4399-99eb-27ce352844f3:c5175, 3eeffb0a-787e-48ec-a2f5-d0c540a89489:c5175]
2019-08-21 15:30:07,975 | INFO  | DNAudit | user=null | ip=null | op=WRITE_CHUNK {blockData=conID: 1 locID: 102655682668331694 bcsId: 5177} | ret=SUCCESS |  
2019-08-21 15:30:07,976 | INFO  | DNAudit | user=null | ip=null | op=WRITE_CHUNK {blockData=conID: 1 locID: 102655682668331694 bcsId: 5171} | ret=SUCCESS |  
2019-08-21 15:30:07,976 | INFO  | DNAudit | user=null | ip=null | op=WRITE_CHUNK {blockData=conID: 1 locID: 102655682668331694 bcsId: 5171} | ret=SUCCESS |  
2019-08-21 15:30:07,978 | INFO  | DNAudit | user=null | ip=null | op=WRITE_CHUNK {blockData=conID: 1 locID: 102655682668331694 bcsId: 5177} | ret=SUCCESS |  
2019-08-21 15:30:07,979 | INFO  | DNAudit | user=null | ip=null | op=WRITE_CHUNK {blockData=conID: 1 locID: 102655682668331694 bcsId: 5177} | ret=SUCCESS |  
2019-08-21 15:30:07,989 | INFO  | DNAudit | user=null | ip=null | op=PUT_BLOCK {blockData=[blockId=conID: 1 locID: 102655682668331694 bcsId: 0,size=3145728]} | ret=SUCCESS |  
2019-08-21 15:30:07,990 | INFO  | DNAudit | user=null | ip=null | op=WRITE_CHUNK {blockData=conID: 1 locID: 102655682668331694 bcsId: 5177} | ret=SUCCESS |  
2019-08-21 15:30:07,990 | INFO  | DNAudit | user=null | ip=null | op=PUT_BLOCK {blockData=[blockId=conID: 1 locID: 102655682668331694 bcsId: 0,size=3145728]} | ret=SUCCESS |  
2019-08-21 15:30:07,991 | INFO  | DNAudit | user=null | ip=null | op=PUT_BLOCK {blockData=[blockId=conID: 1 locID: 102655682668331694 bcsId: 0,size=4194304]} | ret=SUCCESS |  
2019-08-21 15:30:07,991 [grpc-default-executor-0] INFO  client.GrpcClientProtocolClient (GrpcClientProtocolClient.java:onNext(255)) - client-029E50227556->355864cd-7ac5-4934-b366-9756b15dd90f: receive RaftClientReply:client-029E50227556->355864cd-7ac5-4934-b366-9756b15dd90f@group-785BCF25C267, cid=3429, SUCCESS, logIndex=5180, commits[355864cd-7ac5-4934-b366-9756b15dd90f:c5181, ce4aa411-63c8-4399-99eb-27ce352844f3:c5177, 3eeffb0a-787e-48ec-a2f5-d0c540a89489:c5177]
2019-08-21 15:30:07,991 [grpc-default-executor-0] INFO  client.GrpcClientProtocolClient (GrpcClientProtocolClient.java:onNext(255)) - client-029E50227556->355864cd-7ac5-4934-b366-9756b15dd90f: receive RaftClientReply:client-029E50227556->355864cd-7ac5-4934-b366-9756b15dd90f@group-785BCF25C267, cid=3430, SUCCESS, logIndex=5181, commits[355864cd-7ac5-4934-b366-9756b15dd90f:c5181, ce4aa411-63c8-4399-99eb-27ce352844f3:c5177, 3eeffb0a-787e-48ec-a2f5-d0c540a89489:c5177]
2019-08-21 15:30:08,004 | INFO  | DNAudit | user=null | ip=null | op=WRITE_CHUNK {blockData=conID: 1 locID: 102655682668331694 bcsId: 5177} | ret=SUCCESS |  
2019-08-21 15:30:08,004 | INFO  | DNAudit | user=null | ip=null | op=WRITE_CHUNK {blockData=conID: 1 locID: 102655682668331694 bcsId: 5177} | ret=SUCCESS |  
2019-08-21 15:30:08,015 | INFO  | DNAudit | user=null | ip=null | op=PUT_BLOCK {blockData=[blockId=conID: 1 locID: 102655682668331694 bcsId: 0,size=4194304]} | ret=SUCCESS |  
2019-08-21 15:30:08,015 | INFO  | DNAudit | user=null | ip=null | op=PUT_BLOCK {blockData=[blockId=conID: 1 locID: 102655682668331694 bcsId: 0,size=4194304]} | ret=SUCCESS |  
2019-08-21 15:30:08,015 [grpc-default-executor-0] INFO  client.GrpcClientProtocolClient (GrpcClientProtocolClient.java:onNext(255)) - client-029E50227556->355864cd-7ac5-4934-b366-9756b15dd90f: receive RaftClientReply:client-029E50227556->355864cd-7ac5-4934-b366-9756b15dd90f@group-785BCF25C267, cid=3431, SUCCESS, logIndex=0, commits[355864cd-7ac5-4934-b366-9756b15dd90f:c5183, ce4aa411-63c8-4399-99eb-27ce352844f3:c5181, 3eeffb0a-787e-48ec-a2f5-d0c540a89489:c5181]
2019-08-21 15:30:08,024 | INFO  | SCMAudit | user=jenkins1000 | ip=192.168.5.153 | op=ALLOCATE_BLOCK {owner=78849ec2-2b05-45d8-8cb5-e95e2230dbd1, size=4194304, type=RATIS, factor=THREE} | ret=SUCCESS |  
2019-08-21 15:30:08,030 | INFO  | OMAudit | user=jenkins1000 | ip=127.0.0.1 | op=ALLOCATE_BLOCK {volume=vol-0-32358, bucket=bucket-0-01949, key=key-0-56547, dataSize=0, replicationType=null, replicationFactor=null, keyLocationInfo=null, clientID=102655680532119954} | ret=SUCCESS |  
2019-08-21 15:30:08,039 | INFO  | DNAudit | user=null | ip=null | op=WRITE_CHUNK {blockData=conID: 2 locID: 102655682676261551 bcsId: 0} | ret=SUCCESS |  
2019-08-21 15:30:08,042 | INFO  | DNAudit | user=null | ip=null | op=WRITE_CHUNK {blockData=conID: 2 locID: 102655682676261551 bcsId: 0} | ret=SUCCESS |  
2019-08-21 15:30:08,042 | INFO  | DNAudit | user=null | ip=null | op=WRITE_CHUNK {blockData=conID: 2 locID: 102655682676261551 bcsId: 0} | ret=SUCCESS |  
2019-08-21 15:30:08,042 | INFO  | DNAudit | user=null | ip=null | op=WRITE_CHUNK {blockData=conID: 2 locID: 102655682676261551 bcsId: 0} | ret=SUCCESS |  
2019-08-21 15:30:08,045 | INFO  | DNAudit | user=null | ip=null | op=WRITE_CHUNK {blockData=conID: 2 locID: 102655682676261551 bcsId: 0} | ret=SUCCESS |  
2019-08-21 15:30:08,045 | INFO  | DNAudit | user=null | ip=null | op=WRITE_CHUNK {blockData=conID: 2 locID: 102655682676261551 bcsId: 0} | ret=SUCCESS |  
2019-08-21 15:30:08,052 | INFO  | DNAudit | user=null | ip=null | op=WRITE_CHUNK {blockData=conID: 2 locID: 102655682676261551 bcsId: 0} | ret=SUCCESS |  
2019-08-21 15:30:08,053 | INFO  | DNAudit | user=null | ip=null | op=PUT_BLOCK {blockData=[blockId=conID: 2 locID: 102655682676261551 bcsId: 0,size=1048576]} | ret=SUCCESS |  
2019-08-21 15:30:08,053 | INFO  | DNAudit | user=null | ip=null | op=WRITE_CHUNK {blockData=conID: 2 locID: 102655682676261551 bcsId: 0} | ret=SUCCESS |  
2019-08-21 15:30:08,053 [grpc-default-executor-5] INFO  client.GrpcClientProtocolClient (GrpcClientProtocolClient.java:onNext(255)) - client-029E50227556->355864cd-7ac5-4934-b366-9756b15dd90f: receive RaftClientReply:client-029E50227556->355864cd-7ac5-4934-b366-9756b15dd90f@group-785BCF25C267, cid=3432, SUCCESS, logIndex=5184, commits[355864cd-7ac5-4934-b366-9756b15dd90f:c5187, ce4aa411-63c8-4399-99eb-27ce352844f3:c5183, 3eeffb0a-787e-48ec-a2f5-d0c540a89489:c5183]
2019-08-21 15:30:08,054 | INFO  | DNAudit | user=null | ip=null | op=PUT_BLOCK {blockData=[blockId=conID: 2 locID: 102655682676261551 bcsId: 0,size=2097152]} | ret=SUCCESS |  
2019-08-21 15:30:08,054 | INFO  | DNAudit | user=null | ip=null | op=WRITE_CHUNK {blockData=conID: 2 locID: 102655682676261551 bcsId: 0} | ret=SUCCESS |  
2019-08-21 15:30:08,054 [grpc-default-executor-5] INFO  client.GrpcClientProtocolClient (GrpcClientProtocolClient.java:onNext(255)) - client-029E50227556->355864cd-7ac5-4934-b366-9756b15dd90f: receive RaftClientReply:client-029E50227556->355864cd-7ac5-4934-b366-9756b15dd90f@group-785BCF25C267, cid=3433, SUCCESS, logIndex=5185, commits[355864cd-7ac5-4934-b366-9756b15dd90f:c5187, ce4aa411-63c8-4399-99eb-27ce352844f3:c5183, 3eeffb0a-787e-48ec-a2f5-d0c540a89489:c5183]
2019-08-21 15:30:08,054 [grpc-default-executor-5] INFO  client.GrpcClientProtocolClient (GrpcClientProtocolClient.java:onNext(255)) - client-029E50227556->355864cd-7ac5-4934-b366-9756b15dd90f: receive RaftClientReply:client-029E50227556->355864cd-7ac5-4934-b366-9756b15dd90f@group-785BCF25C267, cid=3434, SUCCESS, logIndex=5186, commits[355864cd-7ac5-4934-b366-9756b15dd90f:c5187, ce4aa411-63c8-4399-99eb-27ce352844f3:c5183, 3eeffb0a-787e-48ec-a2f5-d0c540a89489:c5183]
2019-08-21 15:30:08,054 | INFO  | DNAudit | user=null | ip=null | op=PUT_BLOCK {blockData=[blockId=conID: 2 locID: 102655682676261551 bcsId: 0,size=1048576]} | ret=SUCCESS |  
2019-08-21 15:30:08,054 [grpc-default-executor-5] INFO  client.GrpcClientProtocolClient (GrpcClientProtocolClient.java:onNext(255)) - client-029E50227556->355864cd-7ac5-4934-b366-9756b15dd90f: receive RaftClientReply:client-029E50227556->355864cd-7ac5-4934-b366-9756b15dd90f@group-785BCF25C267, cid=3435, SUCCESS, logIndex=5187, commits[355864cd-7ac5-4934-b366-9756b15dd90f:c5188, ce4aa411-63c8-4399-99eb-27ce352844f3:c5185, 3eeffb0a-787e-48ec-a2f5-d0c540a89489:c5183]
2019-08-21 15:30:08,056 | INFO  | DNAudit | user=null | ip=null | op=WRITE_CHUNK {blockData=conID: 2 locID: 102655682676261551 bcsId: 0} | ret=SUCCESS |  
2019-08-21 15:30:08,056 | INFO  | DNAudit | user=null | ip=null | op=PUT_BLOCK {blockData=[blockId=conID: 2 locID: 102655682676261551 bcsId: 0,size=1048576]} | ret=SUCCESS |  
2019-08-21 15:30:08,056 [grpc-default-executor-5] INFO  client.GrpcClientProtocolClient (GrpcClientProtocolClient.java:onNext(255)) - client-029E50227556->355864cd-7ac5-4934-b366-9756b15dd90f: receive RaftClientReply:client-029E50227556->355864cd-7ac5-4934-b366-9756b15dd90f@group-785BCF25C267, cid=3436, SUCCESS, logIndex=0, commits[355864cd-7ac5-4934-b366-9756b15dd90f:c5188, ce4aa411-63c8-4399-99eb-27ce352844f3:c5185, 3eeffb0a-787e-48ec-a2f5-d0c540a89489:c5185]
2019-08-21 15:30:08,065 | INFO  | DNAudit | user=null | ip=null | op=WRITE_CHUNK {blockData=conID: 2 locID: 102655682676261551 bcsId: 5187} | ret=SUCCESS |  
2019-08-21 15:30:08,067 | INFO  | DNAudit | user=null | ip=null | op=WRITE_CHUNK {blockData=conID: 2 locID: 102655682676261551 bcsId: 0} | ret=SUCCESS |  
2019-08-21 15:30:08,067 | INFO  | DNAudit | user=null | ip=null | op=WRITE_CHUNK {blockData=conID: 2 locID: 102655682676261551 bcsId: 5187} | ret=SUCCESS |  
2019-08-21 15:30:08,068 | INFO  | DNAudit | user=null | ip=null | op=PUT_BLOCK {blockData=[blockId=conID: 2 locID: 102655682676261551 bcsId: 0,size=2097152]} | ret=SUCCESS |  
2019-08-21 15:30:08,068 | INFO  | DNAudit | user=null | ip=null | op=WRITE_CHUNK {blockData=conID: 2 locID: 102655682676261551 bcsId: 5187} | ret=SUCCESS |  
2019-08-21 15:30:08,068 | INFO  | DNAudit | user=null | ip=null | op=WRITE_CHUNK {blockData=conID: 2 locID: 102655682676261551 bcsId: 0} | ret=SUCCESS |  
2019-08-21 15:30:08,068 | INFO  | DNAudit | user=null | ip=null | op=PUT_BLOCK {blockData=[blockId=conID: 2 locID: 102655682676261551 bcsId: 0,size=2097152]} | ret=SUCCESS |  
2019-08-21 15:30:08,079 | INFO  | DNAudit | user=null | ip=null | op=WRITE_CHUNK {blockData=conID: 2 locID: 102655682676261551 bcsId: 5187} | ret=SUCCESS |  
2019-08-21 15:30:08,080 | INFO  | DNAudit | user=null | ip=null | op=PUT_BLOCK {blockData=[blockId=conID: 2 locID: 102655682676261551 bcsId: 0,size=3145728]} | ret=SUCCESS |  
2019-08-21 15:30:08,080 [grpc-default-executor-5] INFO  client.GrpcClientProtocolClient (GrpcClientProtocolClient.java:onNext(255)) - client-029E50227556->355864cd-7ac5-4934-b366-9756b15dd90f: receive RaftClientReply:client-029E50227556->355864cd-7ac5-4934-b366-9756b15dd90f@group-785BCF25C267, cid=3437, SUCCESS, logIndex=5192, commits[355864cd-7ac5-4934-b366-9756b15dd90f:c5193, ce4aa411-63c8-4399-99eb-27ce352844f3:c5188, 3eeffb0a-787e-48ec-a2f5-d0c540a89489:c5188]
2019-08-21 15:30:08,080 [grpc-default-executor-5] INFO  client.GrpcClientProtocolClient (GrpcClientProtocolClient.java:onNext(255)) - client-029E50227556->355864cd-7ac5-4934-b366-9756b15dd90f: receive RaftClientReply:client-029E50227556->355864cd-7ac5-4934-b366-9756b15dd90f@group-785BCF25C267, cid=3438, SUCCESS, logIndex=5193, commits[355864cd-7ac5-4934-b366-9756b15dd90f:c5193, ce4aa411-63c8-4399-99eb-27ce352844f3:c5188, 3eeffb0a-787e-48ec-a2f5-d0c540a89489:c5188]
2019-08-21 15:30:08,081 | INFO  | DNAudit | user=null | ip=null | op=WRITE_CHUNK {blockData=conID: 2 locID: 102655682676261551 bcsId: 5187} | ret=SUCCESS |  
2019-08-21 15:30:08,081 | INFO  | DNAudit | user=null | ip=null | op=PUT_BLOCK {blockData=[blockId=conID: 2 locID: 102655682676261551 bcsId: 0,size=3145728]} | ret=SUCCESS |  
2019-08-21 15:30:08,083 | INFO  | DNAudit | user=null | ip=null | op=WRITE_CHUNK {blockData=conID: 2 locID: 102655682676261551 bcsId: 5187} | ret=SUCCESS |  
2019-08-21 15:30:08,083 | INFO  | DNAudit | user=null | ip=null | op=PUT_BLOCK {blockData=[blockId=conID: 2 locID: 102655682676261551 bcsId: 0,size=3145728]} | ret=SUCCESS |  
2019-08-21 15:30:08,089 | INFO  | DNAudit | user=null | ip=null | op=WRITE_CHUNK {blockData=conID: 2 locID: 102655682676261551 bcsId: 5193} | ret=SUCCESS |  
2019-08-21 15:30:08,092 | INFO  | DNAudit | user=null | ip=null | op=WRITE_CHUNK {blockData=conID: 2 locID: 102655682676261551 bcsId: 5193} | ret=SUCCESS |  
2019-08-21 15:30:08,093 | INFO  | DNAudit | user=null | ip=null | op=WRITE_CHUNK {blockData=conID: 2 locID: 102655682676261551 bcsId: 5193} | ret=SUCCESS |  
2019-08-21 15:30:08,100 | INFO  | DNAudit | user=null | ip=null | op=WRITE_CHUNK {blockData=conID: 2 locID: 102655682676261551 bcsId: 5193} | ret=SUCCESS |  
2019-08-21 15:30:08,100 | INFO  | DNAudit | user=null | ip=null | op=PUT_BLOCK {blockData=[blockId=conID: 2 locID: 102655682676261551 bcsId: 0,size=4194304]} | ret=SUCCESS |  
2019-08-21 15:30:08,101 [grpc-default-executor-4] INFO  client.GrpcClientProtocolClient (GrpcClientProtocolClient.java:onNext(255)) - client-029E50227556->355864cd-7ac5-4934-b366-9756b15dd90f: receive RaftClientReply:client-029E50227556->355864cd-7ac5-4934-b366-9756b15dd90f@group-785BCF25C267, cid=3439, SUCCESS, logIndex=5196, commits[355864cd-7ac5-4934-b366-9756b15dd90f:c5197, ce4aa411-63c8-4399-99eb-27ce352844f3:c5195, 3eeffb0a-787e-48ec-a2f5-d0c540a89489:c5195]
2019-08-21 15:30:08,101 [grpc-default-executor-4] INFO  client.GrpcClientProtocolClient (GrpcClientProtocolClient.java:onNext(255)) - client-029E50227556->355864cd-7ac5-4934-b366-9756b15dd90f: receive RaftClientReply:client-029E50227556->355864cd-7ac5-4934-b366-9756b15dd90f@group-785BCF25C267, cid=3440, SUCCESS, logIndex=5197, commits[355864cd-7ac5-4934-b366-9756b15dd90f:c5197, ce4aa411-63c8-4399-99eb-27ce352844f3:c5195, 3eeffb0a-787e-48ec-a2f5-d0c540a89489:c5195]
2019-08-21 15:30:08,126 | INFO  | DNAudit | user=null | ip=null | op=WRITE_CHUNK {blockData=conID: 2 locID: 102655682676261551 bcsId: 5193} | ret=SUCCESS |  
2019-08-21 15:30:08,126 | INFO  | DNAudit | user=null | ip=null | op=WRITE_CHUNK {blockData=conID: 2 locID: 102655682676261551 bcsId: 5193} | ret=SUCCESS |  
2019-08-21 15:30:08,127 | INFO  | DNAudit | user=null | ip=null | op=PUT_BLOCK {blockData=[blockId=conID: 2 locID: 102655682676261551 bcsId: 0,size=4194304]} | ret=SUCCESS |  
2019-08-21 15:30:08,129 | INFO  | DNAudit | user=null | ip=null | op=PUT_BLOCK {blockData=[blockId=conID: 2 locID: 102655682676261551 bcsId: 0,size=4194304]} | ret=SUCCESS |  
2019-08-21 15:30:08,129 [grpc-default-executor-4] INFO  client.GrpcClientProtocolClient (GrpcClientProtocolClient.java:onNext(255)) - client-029E50227556->355864cd-7ac5-4934-b366-9756b15dd90f: receive RaftClientReply:client-029E50227556->355864cd-7ac5-4934-b366-9756b15dd90f@group-785BCF25C267, cid=3441, SUCCESS, logIndex=0, commits[355864cd-7ac5-4934-b366-9756b15dd90f:c5199, ce4aa411-63c8-4399-99eb-27ce352844f3:c5197, 3eeffb0a-787e-48ec-a2f5-d0c540a89489:c5197]
2019-08-21 15:30:08,139 | INFO  | SCMAudit | user=jenkins1000 | ip=192.168.5.153 | op=ALLOCATE_BLOCK {owner=78849ec2-2b05-45d8-8cb5-e95e2230dbd1, size=4194304, type=RATIS, factor=THREE} | ret=SUCCESS |  
2019-08-21 15:30:08,145 | INFO  | OMAudit | user=jenkins1000 | ip=127.0.0.1 | op=ALLOCATE_BLOCK {volume=vol-0-32358, bucket=bucket-0-01949, key=key-0-56547, dataSize=0, replicationType=null, replicationFactor=null, keyLocationInfo=null, clientID=102655680532119954} | ret=SUCCESS |  
2019-08-21 15:30:08,154 | INFO  | DNAudit | user=null | ip=null | op=WRITE_CHUNK {blockData=conID: 3 locID: 102655682683798192 bcsId: 0} | ret=SUCCESS |  
2019-08-21 15:30:08,158 | INFO  | DNAudit | user=null | ip=null | op=WRITE_CHUNK {blockData=conID: 3 locID: 102655682683798192 bcsId: 0} | ret=SUCCESS |  
2019-08-21 15:30:08,158 | INFO  | DNAudit | user=null | ip=null | op=WRITE_CHUNK {blockData=conID: 3 locID: 102655682683798192 bcsId: 0} | ret=SUCCESS |  
2019-08-21 15:30:08,158 | INFO  | DNAudit | user=null | ip=null | op=WRITE_CHUNK {blockData=conID: 3 locID: 102655682683798192 bcsId: 0} | ret=SUCCESS |  
2019-08-21 15:30:08,160 | INFO  | DNAudit | user=null | ip=null | op=WRITE_CHUNK {blockData=conID: 3 locID: 102655682683798192 bcsId: 0} | ret=SUCCESS |  
2019-08-21 15:30:08,161 | INFO  | DNAudit | user=null | ip=null | op=WRITE_CHUNK {blockData=conID: 3 locID: 102655682683798192 bcsId: 0} | ret=SUCCESS |  
2019-08-21 15:30:08,167 | INFO  | DNAudit | user=null | ip=null | op=WRITE_CHUNK {blockData=conID: 3 locID: 102655682683798192 bcsId: 0} | ret=SUCCESS |  
2019-08-21 15:30:08,168 | INFO  | DNAudit | user=null | ip=null | op=PUT_BLOCK {blockData=[blockId=conID: 3 locID: 102655682683798192 bcsId: 0,size=1048576]} | ret=SUCCESS |  
2019-08-21 15:30:08,168 [grpc-default-executor-0] INFO  client.GrpcClientProtocolClient (GrpcClientProtocolClient.java:onNext(255)) - client-029E50227556->355864cd-7ac5-4934-b366-9756b15dd90f: receive RaftClientReply:client-029E50227556->355864cd-7ac5-4934-b366-9756b15dd90f@group-785BCF25C267, cid=3442, SUCCESS, logIndex=5200, commits[355864cd-7ac5-4934-b366-9756b15dd90f:c5202, ce4aa411-63c8-4399-99eb-27ce352844f3:c5199, 3eeffb0a-787e-48ec-a2f5-d0c540a89489:c5199]
2019-08-21 15:30:08,168 | INFO  | DNAudit | user=null | ip=null | op=WRITE_CHUNK {blockData=conID: 3 locID: 102655682683798192 bcsId: 0} | ret=SUCCESS |  
2019-08-21 15:30:08,168 | INFO  | DNAudit | user=null | ip=null | op=WRITE_CHUNK {blockData=conID: 3 locID: 102655682683798192 bcsId: 0} | ret=SUCCESS |  
2019-08-21 15:30:08,168 | INFO  | DNAudit | user=null | ip=null | op=PUT_BLOCK {blockData=[blockId=conID: 3 locID: 102655682683798192 bcsId: 0,size=2097152]} | ret=SUCCESS |  
2019-08-21 15:30:08,168 [grpc-default-executor-0] INFO  client.GrpcClientProtocolClient (GrpcClientProtocolClient.java:onNext(255)) - client-029E50227556->355864cd-7ac5-4934-b366-9756b15dd90f: receive RaftClientReply:client-029E50227556->355864cd-7ac5-4934-b366-9756b15dd90f@group-785BCF25C267, cid=3443, SUCCESS, logIndex=5201, commits[355864cd-7ac5-4934-b366-9756b15dd90f:c5203, ce4aa411-63c8-4399-99eb-27ce352844f3:c5199, 3eeffb0a-787e-48ec-a2f5-d0c540a89489:c5199]
2019-08-21 15:30:08,169 [grpc-default-executor-0] INFO  client.GrpcClientProtocolClient (GrpcClientProtocolClient.java:onNext(255)) - client-029E50227556->355864cd-7ac5-4934-b366-9756b15dd90f: receive RaftClientReply:client-029E50227556->355864cd-7ac5-4934-b366-9756b15dd90f@group-785BCF25C267, cid=3444, SUCCESS, logIndex=5202, commits[355864cd-7ac5-4934-b366-9756b15dd90f:c5203, ce4aa411-63c8-4399-99eb-27ce352844f3:c5199, 3eeffb0a-787e-48ec-a2f5-d0c540a89489:c5199]
2019-08-21 15:30:08,169 [grpc-default-executor-0] INFO  client.GrpcClientProtocolClient (GrpcClientProtocolClient.java:onNext(255)) - client-029E50227556->355864cd-7ac5-4934-b366-9756b15dd90f: receive RaftClientReply:client-029E50227556->355864cd-7ac5-4934-b366-9756b15dd90f@group-785BCF25C267, cid=3445, SUCCESS, logIndex=5203, commits[355864cd-7ac5-4934-b366-9756b15dd90f:c5204, ce4aa411-63c8-4399-99eb-27ce352844f3:c5199, 3eeffb0a-787e-48ec-a2f5-d0c540a89489:c5200]
2019-08-21 15:30:08,171 | INFO  | DNAudit | user=null | ip=null | op=WRITE_CHUNK {blockData=conID: 3 locID: 102655682683798192 bcsId: 0} | ret=SUCCESS |  
2019-08-21 15:30:08,172 | INFO  | DNAudit | user=null | ip=null | op=PUT_BLOCK {blockData=[blockId=conID: 3 locID: 102655682683798192 bcsId: 0,size=1048576]} | ret=SUCCESS |  
2019-08-21 15:30:08,172 | INFO  | DNAudit | user=null | ip=null | op=WRITE_CHUNK {blockData=conID: 3 locID: 102655682683798192 bcsId: 0} | ret=SUCCESS |  
2019-08-21 15:30:08,182 | INFO  | DNAudit | user=null | ip=null | op=PUT_BLOCK {blockData=[blockId=conID: 3 locID: 102655682683798192 bcsId: 0,size=1048576]} | ret=SUCCESS |  
2019-08-21 15:30:08,182 | INFO  | DNAudit | user=null | ip=null | op=WRITE_CHUNK {blockData=conID: 3 locID: 102655682683798192 bcsId: 0} | ret=SUCCESS |  
2019-08-21 15:30:08,182 | INFO  | DNAudit | user=null | ip=null | op=PUT_BLOCK {blockData=[blockId=conID: 3 locID: 102655682683798192 bcsId: 0,size=2097152]} | ret=SUCCESS |  
2019-08-21 15:30:08,182 | INFO  | DNAudit | user=null | ip=null | op=PUT_BLOCK {blockData=[blockId=conID: 3 locID: 102655682683798192 bcsId: 0,size=2097152]} | ret=SUCCESS |  
2019-08-21 15:30:08,182 [grpc-default-executor-0] INFO  client.GrpcClientProtocolClient (GrpcClientProtocolClient.java:onNext(255)) - client-029E50227556->355864cd-7ac5-4934-b366-9756b15dd90f: receive RaftClientReply:client-029E50227556->355864cd-7ac5-4934-b366-9756b15dd90f@group-785BCF25C267, cid=3446, SUCCESS, logIndex=0, commits[355864cd-7ac5-4934-b366-9756b15dd90f:c5206, ce4aa411-63c8-4399-99eb-27ce352844f3:c5202, 3eeffb0a-787e-48ec-a2f5-d0c540a89489:c5201]
2019-08-21 15:30:08,191 | INFO  | DNAudit | user=null | ip=null | op=WRITE_CHUNK {blockData=conID: 3 locID: 102655682683798192 bcsId: 5203} | ret=SUCCESS |  
2019-08-21 15:30:08,194 | INFO  | DNAudit | user=null | ip=null | op=WRITE_CHUNK {blockData=conID: 3 locID: 102655682683798192 bcsId: 5203} | ret=SUCCESS |  
2019-08-21 15:30:08,194 | INFO  | DNAudit | user=null | ip=null | op=WRITE_CHUNK {blockData=conID: 3 locID: 102655682683798192 bcsId: 5203} | ret=SUCCESS |  
2019-08-21 15:30:08,203 | INFO  | DNAudit | user=null | ip=null | op=WRITE_CHUNK {blockData=conID: 3 locID: 102655682683798192 bcsId: 5203} | ret=SUCCESS |  
2019-08-21 15:30:08,204 | INFO  | DNAudit | user=null | ip=null | op=PUT_BLOCK {blockData=[blockId=conID: 3 locID: 102655682683798192 bcsId: 0,size=3145728]} | ret=SUCCESS |  
2019-08-21 15:30:08,204 [grpc-default-executor-5] INFO  client.GrpcClientProtocolClient (GrpcClientProtocolClient.java:onNext(255)) - client-029E50227556->355864cd-7ac5-4934-b366-9756b15dd90f: receive RaftClientReply:client-029E50227556->355864cd-7ac5-4934-b366-9756b15dd90f@group-785BCF25C267, cid=3447, SUCCESS, logIndex=5208, commits[355864cd-7ac5-4934-b366-9756b15dd90f:c5209, ce4aa411-63c8-4399-99eb-27ce352844f3:c5207, 3eeffb0a-787e-48ec-a2f5-d0c540a89489:c5207]
2019-08-21 15:30:08,204 [grpc-default-executor-5] INFO  client.GrpcClientProtocolClient (GrpcClientProtocolClient.java:onNext(255)) - client-029E50227556->355864cd-7ac5-4934-b366-9756b15dd90f: receive RaftClientReply:client-029E50227556->355864cd-7ac5-4934-b366-9756b15dd90f@group-785BCF25C267, cid=3448, SUCCESS, logIndex=5209, commits[355864cd-7ac5-4934-b366-9756b15dd90f:c5209, ce4aa411-63c8-4399-99eb-27ce352844f3:c5207, 3eeffb0a-787e-48ec-a2f5-d0c540a89489:c5207]
2019-08-21 15:30:08,214 | INFO  | DNAudit | user=null | ip=null | op=WRITE_CHUNK {blockData=conID: 3 locID: 102655682683798192 bcsId: 5209} | ret=SUCCESS |  
2019-08-21 15:30:08,215 | INFO  | DNAudit | user=null | ip=null | op=WRITE_CHUNK {blockData=conID: 3 locID: 102655682683798192 bcsId: 5203} | ret=SUCCESS |  
2019-08-21 15:30:08,215 | INFO  | DNAudit | user=null | ip=null | op=WRITE_CHUNK {blockData=conID: 3 locID: 102655682683798192 bcsId: 5203} | ret=SUCCESS |  
2019-08-21 15:30:08,216 | INFO  | DNAudit | user=null | ip=null | op=PUT_BLOCK {blockData=[blockId=conID: 3 locID: 102655682683798192 bcsId: 0,size=3145728]} | ret=SUCCESS |  
2019-08-21 15:30:08,217 | INFO  | DNAudit | user=null | ip=null | op=WRITE_CHUNK {blockData=conID: 3 locID: 102655682683798192 bcsId: 5209} | ret=SUCCESS |  
2019-08-21 15:30:08,217 | INFO  | DNAudit | user=null | ip=null | op=WRITE_CHUNK {blockData=conID: 3 locID: 102655682683798192 bcsId: 5209} | ret=SUCCESS |  
2019-08-21 15:30:08,229 | INFO  | DNAudit | user=null | ip=null | op=WRITE_CHUNK {blockData=conID: 3 locID: 102655682683798192 bcsId: 5209} | ret=SUCCESS |  
2019-08-21 15:30:08,229 | INFO  | DNAudit | user=null | ip=null | op=PUT_BLOCK {blockData=[blockId=conID: 3 locID: 102655682683798192 bcsId: 0,size=3145728]} | ret=SUCCESS |  
2019-08-21 15:30:08,229 | INFO  | DNAudit | user=null | ip=null | op=PUT_BLOCK {blockData=[blockId=conID: 3 locID: 102655682683798192 bcsId: 0,size=4194304]} | ret=SUCCESS |  
2019-08-21 15:30:08,230 [grpc-default-executor-4] INFO  client.GrpcClientProtocolClient (GrpcClientProtocolClient.java:onNext(255)) - client-029E50227556->355864cd-7ac5-4934-b366-9756b15dd90f: receive RaftClientReply:client-029E50227556->355864cd-7ac5-4934-b366-9756b15dd90f@group-785BCF25C267, cid=3449, SUCCESS, logIndex=5212, commits[355864cd-7ac5-4934-b366-9756b15dd90f:c5213, ce4aa411-63c8-4399-99eb-27ce352844f3:c5208, 3eeffb0a-787e-48ec-a2f5-d0c540a89489:c5209]
2019-08-21 15:30:08,230 [grpc-default-executor-4] INFO  client.GrpcClientProtocolClient (GrpcClientProtocolClient.java:onNext(255)) - client-029E50227556->355864cd-7ac5-4934-b366-9756b15dd90f: receive RaftClientReply:client-029E50227556->355864cd-7ac5-4934-b366-9756b15dd90f@group-785BCF25C267, cid=3450, SUCCESS, logIndex=5213, commits[355864cd-7ac5-4934-b366-9756b15dd90f:c5213, ce4aa411-63c8-4399-99eb-27ce352844f3:c5209, 3eeffb0a-787e-48ec-a2f5-d0c540a89489:c5209]
2019-08-21 15:30:08,232 | INFO  | DNAudit | user=null | ip=null | op=WRITE_CHUNK {blockData=conID: 3 locID: 102655682683798192 bcsId: 5209} | ret=SUCCESS |  
2019-08-21 15:30:08,232 | INFO  | DNAudit | user=null | ip=null | op=WRITE_CHUNK {blockData=conID: 3 locID: 102655682683798192 bcsId: 5209} | ret=SUCCESS |  
2019-08-21 15:30:08,232 | INFO  | DNAudit | user=null | ip=null | op=PUT_BLOCK {blockData=[blockId=conID: 3 locID: 102655682683798192 bcsId: 0,size=4194304]} | ret=SUCCESS |  
2019-08-21 15:30:08,232 | INFO  | DNAudit | user=null | ip=null | op=PUT_BLOCK {blockData=[blockId=conID: 3 locID: 102655682683798192 bcsId: 0,size=4194304]} | ret=SUCCESS |  
2019-08-21 15:30:08,232 [grpc-default-executor-4] INFO  client.GrpcClientProtocolClient (GrpcClientProtocolClient.java:onNext(255)) - client-029E50227556->355864cd-7ac5-4934-b366-9756b15dd90f: receive RaftClientReply:client-029E50227556->355864cd-7ac5-4934-b366-9756b15dd90f@group-785BCF25C267, cid=3451, SUCCESS, logIndex=0, commits[355864cd-7ac5-4934-b366-9756b15dd90f:c5214, ce4aa411-63c8-4399-99eb-27ce352844f3:c5213, 3eeffb0a-787e-48ec-a2f5-d0c540a89489:c5213]
2019-08-21 15:30:08,240 | INFO  | SCMAudit | user=jenkins1000 | ip=192.168.5.153 | op=ALLOCATE_BLOCK {owner=78849ec2-2b05-45d8-8cb5-e95e2230dbd1, size=4194304, type=RATIS, factor=THREE} | ret=SUCCESS |  
2019-08-21 15:30:08,246 | INFO  | OMAudit | user=jenkins1000 | ip=127.0.0.1 | op=ALLOCATE_BLOCK {volume=vol-0-32358, bucket=bucket-0-01949, key=key-0-56547, dataSize=0, replicationType=null, replicationFactor=null, keyLocationInfo=null, clientID=102655680532119954} | ret=SUCCESS |  
2019-08-21 15:30:08,255 | INFO  | DNAudit | user=null | ip=null | op=WRITE_CHUNK {blockData=conID: 1 locID: 102655682690417329 bcsId: 0} | ret=SUCCESS |  
2019-08-21 15:30:08,258 | INFO  | DNAudit | user=null | ip=null | op=WRITE_CHUNK {blockData=conID: 1 locID: 102655682690417329 bcsId: 0} | ret=SUCCESS |  
2019-08-21 15:30:08,259 | INFO  | DNAudit | user=null | ip=null | op=WRITE_CHUNK {blockData=conID: 1 locID: 102655682690417329 bcsId: 0} | ret=SUCCESS |  
2019-08-21 15:30:08,259 | INFO  | DNAudit | user=null | ip=null | op=WRITE_CHUNK {blockData=conID: 1 locID: 102655682690417329 bcsId: 0} | ret=SUCCESS |  
2019-08-21 15:30:08,262 | INFO  | DNAudit | user=null | ip=null | op=WRITE_CHUNK {blockData=conID: 1 locID: 102655682690417329 bcsId: 0} | ret=SUCCESS |  
2019-08-21 15:30:08,262 | INFO  | DNAudit | user=null | ip=null | op=WRITE_CHUNK {blockData=conID: 1 locID: 102655682690417329 bcsId: 0} | ret=SUCCESS |  
2019-08-21 15:30:08,269 | INFO  | DNAudit | user=null | ip=null | op=WRITE_CHUNK {blockData=conID: 1 locID: 102655682690417329 bcsId: 0} | ret=SUCCESS |  
2019-08-21 15:30:08,270 | INFO  | DNAudit | user=null | ip=null | op=PUT_BLOCK {blockData=[blockId=conID: 1 locID: 102655682690417329 bcsId: 0,size=1048576]} | ret=SUCCESS |  
2019-08-21 15:30:08,270 [grpc-default-executor-4] INFO  client.GrpcClientProtocolClient (GrpcClientProtocolClient.java:onNext(255)) - client-029E50227556->355864cd-7ac5-4934-b366-9756b15dd90f: receive RaftClientReply:client-029E50227556->355864cd-7ac5-4934-b366-9756b15dd90f@group-785BCF25C267, cid=3452, SUCCESS, logIndex=5216, commits[355864cd-7ac5-4934-b366-9756b15dd90f:c5217, ce4aa411-63c8-4399-99eb-27ce352844f3:c5215, 3eeffb0a-787e-48ec-a2f5-d0c540a89489:c5215]
2019-08-21 15:30:08,271 [grpc-default-executor-4] INFO  client.GrpcClientProtocolClient (GrpcClientProtocolClient.java:onNext(255)) - client-029E50227556->355864cd-7ac5-4934-b366-9756b15dd90f: receive RaftClientReply:client-029E50227556->355864cd-7ac5-4934-b366-9756b15dd90f@group-785BCF25C267, cid=3453, SUCCESS, logIndex=5217, commits[355864cd-7ac5-4934-b366-9756b15dd90f:c5217, ce4aa411-63c8-4399-99eb-27ce352844f3:c5215, 3eeffb0a-787e-48ec-a2f5-d0c540a89489:c5215]
2019-08-21 15:30:08,280 | INFO  | DNAudit | user=null | ip=null | op=WRITE_CHUNK {blockData=conID: 1 locID: 102655682690417329 bcsId: 0} | ret=SUCCESS |  
2019-08-21 15:30:08,280 | INFO  | DNAudit | user=null | ip=null | op=PUT_BLOCK {blockData=[blockId=conID: 1 locID: 102655682690417329 bcsId: 0,size=2097152]} | ret=SUCCESS |  
2019-08-21 15:30:08,281 | INFO  | DNAudit | user=null | ip=null | op=WRITE_CHUNK {blockData=conID: 1 locID: 102655682690417329 bcsId: 0} | ret=SUCCESS |  
2019-08-21 15:30:08,281 [grpc-default-executor-0] INFO  client.GrpcClientProtocolClient (GrpcClientProtocolClient.java:onNext(255)) - client-029E50227556->355864cd-7ac5-4934-b366-9756b15dd90f: receive RaftClientReply:client-029E50227556->355864cd-7ac5-4934-b366-9756b15dd90f@group-785BCF25C267, cid=3454, SUCCESS, logIndex=5218, commits[355864cd-7ac5-4934-b366-9756b15dd90f:c5219, ce4aa411-63c8-4399-99eb-27ce352844f3:c5215, 3eeffb0a-787e-48ec-a2f5-d0c540a89489:c5215]
2019-08-21 15:30:08,281 | INFO  | DNAudit | user=null | ip=null | op=PUT_BLOCK {blockData=[blockId=conID: 1 locID: 102655682690417329 bcsId: 0,size=1048576]} | ret=SUCCESS |  
2019-08-21 15:30:08,281 [grpc-default-executor-0] INFO  client.GrpcClientProtocolClient (GrpcClientProtocolClient.java:onNext(255)) - client-029E50227556->355864cd-7ac5-4934-b366-9756b15dd90f: receive RaftClientReply:client-029E50227556->355864cd-7ac5-4934-b366-9756b15dd90f@group-785BCF25C267, cid=3455, SUCCESS, logIndex=5219, commits[355864cd-7ac5-4934-b366-9756b15dd90f:c5219, ce4aa411-63c8-4399-99eb-27ce352844f3:c5215, 3eeffb0a-787e-48ec-a2f5-d0c540a89489:c5215]
2019-08-21 15:30:08,283 | INFO  | DNAudit | user=null | ip=null | op=WRITE_CHUNK {blockData=conID: 1 locID: 102655682690417329 bcsId: 0} | ret=SUCCESS |  
2019-08-21 15:30:08,283 | INFO  | DNAudit | user=null | ip=null | op=PUT_BLOCK {blockData=[blockId=conID: 1 locID: 102655682690417329 bcsId: 0,size=1048576]} | ret=SUCCESS |  
2019-08-21 15:30:08,284 [grpc-default-executor-0] INFO  client.GrpcClientProtocolClient (GrpcClientProtocolClient.java:onNext(255)) - client-029E50227556->355864cd-7ac5-4934-b366-9756b15dd90f: receive RaftClientReply:client-029E50227556->355864cd-7ac5-4934-b366-9756b15dd90f@group-785BCF25C267, cid=3456, SUCCESS, logIndex=0, commits[355864cd-7ac5-4934-b366-9756b15dd90f:c5221, ce4aa411-63c8-4399-99eb-27ce352844f3:c5217, 3eeffb0a-787e-48ec-a2f5-d0c540a89489:c5217]
2019-08-21 15:30:08,292 | INFO  | DNAudit | user=null | ip=null | op=WRITE_CHUNK {blockData=conID: 1 locID: 102655682690417329 bcsId: 5219} | ret=SUCCESS |  
2019-08-21 15:30:08,294 | INFO  | DNAudit | user=null | ip=null | op=WRITE_CHUNK {blockData=conID: 1 locID: 102655682690417329 bcsId: 0} | ret=SUCCESS |  
2019-08-21 15:30:08,294 | INFO  | DNAudit | user=null | ip=null | op=WRITE_CHUNK {blockData=conID: 1 locID: 102655682690417329 bcsId: 5219} | ret=SUCCESS |  
2019-08-21 15:30:08,294 | INFO  | DNAudit | user=null | ip=null | op=WRITE_CHUNK {blockData=conID: 1 locID: 102655682690417329 bcsId: 5219} | ret=SUCCESS |  
2019-08-21 15:30:08,294 | INFO  | DNAudit | user=null | ip=null | op=PUT_BLOCK {blockData=[blockId=conID: 1 locID: 102655682690417329 bcsId: 0,size=2097152]} | ret=SUCCESS |  
2019-08-21 15:30:08,294 | INFO  | DNAudit | user=null | ip=null | op=WRITE_CHUNK {blockData=conID: 1 locID: 102655682690417329 bcsId: 0} | ret=SUCCESS |  
2019-08-21 15:30:08,295 | INFO  | DNAudit | user=null | ip=null | op=PUT_BLOCK {blockData=[blockId=conID: 1 locID: 102655682690417329 bcsId: 0,size=2097152]} | ret=SUCCESS |  
2019-08-21 15:30:08,298 | INFO  | DNAudit | user=null | ip=null | op=WRITE_CHUNK {blockData=conID: 1 locID: 102655682690417329 bcsId: 5219} | ret=SUCCESS |  
2019-08-21 15:30:08,298 | INFO  | DNAudit | user=null | ip=null | op=PUT_BLOCK {blockData=[blockId=conID: 1 locID: 102655682690417329 bcsId: 0,size=3145728]} | ret=SUCCESS |  
2019-08-21 15:30:08,298 [grpc-default-executor-0] INFO  client.GrpcClientProtocolClient (GrpcClientProtocolClient.java:onNext(255)) - client-029E50227556->355864cd-7ac5-4934-b366-9756b15dd90f: receive RaftClientReply:client-029E50227556->355864cd-7ac5-4934-b366-9756b15dd90f@group-785BCF25C267, cid=3457, SUCCESS, logIndex=5224, commits[355864cd-7ac5-4934-b366-9756b15dd90f:c5224, ce4aa411-63c8-4399-99eb-27ce352844f3:c5221, 3eeffb0a-787e-48ec-a2f5-d0c540a89489:c5221]
2019-08-21 15:30:08,299 [grpc-default-executor-0] INFO  client.GrpcClientProtocolClient (GrpcClientProtocolClient.java:onNext(255)) - client-029E50227556->355864cd-7ac5-4934-b366-9756b15dd90f: receive RaftClientReply:client-029E50227556->355864cd-7ac5-4934-b366-9756b15dd90f@group-785BCF25C267, cid=3458, SUCCESS, logIndex=5225, commits[355864cd-7ac5-4934-b366-9756b15dd90f:c5225, ce4aa411-63c8-4399-99eb-27ce352844f3:c5221, 3eeffb0a-787e-48ec-a2f5-d0c540a89489:c5221]
2019-08-21 15:30:08,306 | INFO  | DNAudit | user=null | ip=null | op=WRITE_CHUNK {blockData=conID: 1 locID: 102655682690417329 bcsId: 5225} | ret=SUCCESS |  
2019-08-21 15:30:08,309 | INFO  | DNAudit | user=null | ip=null | op=WRITE_CHUNK {blockData=conID: 1 locID: 102655682690417329 bcsId: 5225} | ret=SUCCESS |  
2019-08-21 15:30:08,309 | INFO  | DNAudit | user=null | ip=null | op=WRITE_CHUNK {blockData=conID: 1 locID: 102655682690417329 bcsId: 5225} | ret=SUCCESS |  
2019-08-21 15:30:08,312 | INFO  | DNAudit | user=null | ip=null | op=WRITE_CHUNK {blockData=conID: 1 locID: 102655682690417329 bcsId: 5219} | ret=SUCCESS |  
2019-08-21 15:30:08,312 | INFO  | DNAudit | user=null | ip=null | op=WRITE_CHUNK {blockData=conID: 1 locID: 102655682690417329 bcsId: 5219} | ret=SUCCESS |  
2019-08-21 15:30:08,320 | INFO  | DNAudit | user=null | ip=null | op=PUT_BLOCK {blockData=[blockId=conID: 1 locID: 102655682690417329 bcsId: 0,size=3145728]} | ret=SUCCESS |  
2019-08-21 15:30:08,321 | INFO  | DNAudit | user=null | ip=null | op=PUT_BLOCK {blockData=[blockId=conID: 1 locID: 102655682690417329 bcsId: 0,size=3145728]} | ret=SUCCESS |  
2019-08-21 15:30:08,321 | INFO  | DNAudit | user=null | ip=null | op=WRITE_CHUNK {blockData=conID: 1 locID: 102655682690417329 bcsId: 5225} | ret=SUCCESS |  
2019-08-21 15:30:08,321 | INFO  | DNAudit | user=null | ip=null | op=PUT_BLOCK {blockData=[blockId=conID: 1 locID: 102655682690417329 bcsId: 0,size=4194304]} | ret=SUCCESS |  
2019-08-21 15:30:08,322 [grpc-default-executor-3] INFO  client.GrpcClientProtocolClient (GrpcClientProtocolClient.java:onNext(255)) - client-029E50227556->355864cd-7ac5-4934-b366-9756b15dd90f: receive RaftClientReply:client-029E50227556->355864cd-7ac5-4934-b366-9756b15dd90f@group-785BCF25C267, cid=3459, SUCCESS, logIndex=5228, commits[355864cd-7ac5-4934-b366-9756b15dd90f:c5229, ce4aa411-63c8-4399-99eb-27ce352844f3:c5225, 3eeffb0a-787e-48ec-a2f5-d0c540a89489:c5225]
2019-08-21 15:30:08,322 [grpc-default-executor-3] INFO  client.GrpcClientProtocolClient (GrpcClientProtocolClient.java:onNext(255)) - client-029E50227556->355864cd-7ac5-4934-b366-9756b15dd90f: receive RaftClientReply:client-029E50227556->355864cd-7ac5-4934-b366-9756b15dd90f@group-785BCF25C267, cid=3460, SUCCESS, logIndex=5229, commits[355864cd-7ac5-4934-b366-9756b15dd90f:c5229, ce4aa411-63c8-4399-99eb-27ce352844f3:c5225, 3eeffb0a-787e-48ec-a2f5-d0c540a89489:c5225]
2019-08-21 15:30:08,332 | INFO  | DNAudit | user=null | ip=null | op=WRITE_CHUNK {blockData=conID: 1 locID: 102655682690417329 bcsId: 5225} | ret=SUCCESS |  
2019-08-21 15:30:08,333 | INFO  | DNAudit | user=null | ip=null | op=PUT_BLOCK {blockData=[blockId=conID: 1 locID: 102655682690417329 bcsId: 0,size=4194304]} | ret=SUCCESS |  
2019-08-21 15:30:08,333 | INFO  | DNAudit | user=null | ip=null | op=WRITE_CHUNK {blockData=conID: 1 locID: 102655682690417329 bcsId: 5225} | ret=SUCCESS |  
2019-08-21 15:30:08,333 | INFO  | DNAudit | user=null | ip=null | op=PUT_BLOCK {blockData=[blockId=conID: 1 locID: 102655682690417329 bcsId: 0,size=4194304]} | ret=SUCCESS |  
2019-08-21 15:30:08,333 [grpc-default-executor-3] INFO  client.GrpcClientProtocolClient (GrpcClientProtocolClient.java:onNext(255)) - client-029E50227556->355864cd-7ac5-4934-b366-9756b15dd90f: receive RaftClientReply:client-029E50227556->355864cd-7ac5-4934-b366-9756b15dd90f@group-785BCF25C267, cid=3461, SUCCESS, logIndex=0, commits[355864cd-7ac5-4934-b366-9756b15dd90f:c5230, ce4aa411-63c8-4399-99eb-27ce352844f3:c5229, 3eeffb0a-787e-48ec-a2f5-d0c540a89489:c5229]
2019-08-21 15:30:08,340 | INFO  | SCMAudit | user=jenkins1000 | ip=192.168.5.153 | op=ALLOCATE_BLOCK {owner=78849ec2-2b05-45d8-8cb5-e95e2230dbd1, size=4194304, type=RATIS, factor=THREE} | ret=SUCCESS |  
2019-08-21 15:30:08,344 | INFO  | OMAudit | user=jenkins1000 | ip=127.0.0.1 | op=ALLOCATE_BLOCK {volume=vol-0-32358, bucket=bucket-0-01949, key=key-0-56547, dataSize=0, replicationType=null, replicationFactor=null, keyLocationInfo=null, clientID=102655680532119954} | ret=SUCCESS |  
2019-08-21 15:30:08,352 | INFO  | DNAudit | user=null | ip=null | op=WRITE_CHUNK {blockData=conID: 2 locID: 102655682696905394 bcsId: 0} | ret=SUCCESS |  
2019-08-21 15:30:08,354 | INFO  | DNAudit | user=null | ip=null | op=WRITE_CHUNK {blockData=conID: 2 locID: 102655682696905394 bcsId: 0} | ret=SUCCESS |  
2019-08-21 15:30:08,355 | INFO  | DNAudit | user=null | ip=null | op=WRITE_CHUNK {blockData=conID: 2 locID: 102655682696905394 bcsId: 0} | ret=SUCCESS |  
2019-08-21 15:30:08,355 | INFO  | DNAudit | user=null | ip=null | op=WRITE_CHUNK {blockData=conID: 2 locID: 102655682696905394 bcsId: 0} | ret=SUCCESS |  
2019-08-21 15:30:08,357 | INFO  | DNAudit | user=null | ip=null | op=WRITE_CHUNK {blockData=conID: 2 locID: 102655682696905394 bcsId: 0} | ret=SUCCESS |  
2019-08-21 15:30:08,357 | INFO  | DNAudit | user=null | ip=null | op=WRITE_CHUNK {blockData=conID: 2 locID: 102655682696905394 bcsId: 0} | ret=SUCCESS |  
2019-08-21 15:30:08,364 | INFO  | DNAudit | user=null | ip=null | op=WRITE_CHUNK {blockData=conID: 2 locID: 102655682696905394 bcsId: 0} | ret=SUCCESS |  
2019-08-21 15:30:08,365 | INFO  | DNAudit | user=null | ip=null | op=PUT_BLOCK {blockData=[blockId=conID: 2 locID: 102655682696905394 bcsId: 0,size=1048576]} | ret=SUCCESS |  
2019-08-21 15:30:08,365 [grpc-default-executor-5] INFO  client.GrpcClientProtocolClient (GrpcClientProtocolClient.java:onNext(255)) - client-029E50227556->355864cd-7ac5-4934-b366-9756b15dd90f: receive RaftClientReply:client-029E50227556->355864cd-7ac5-4934-b366-9756b15dd90f@group-785BCF25C267, cid=3462, SUCCESS, logIndex=5232, commits[355864cd-7ac5-4934-b366-9756b15dd90f:c5233, ce4aa411-63c8-4399-99eb-27ce352844f3:c5229, 3eeffb0a-787e-48ec-a2f5-d0c540a89489:c5231]
2019-08-21 15:30:08,366 [grpc-default-executor-5] INFO  client.GrpcClientProtocolClient (GrpcClientProtocolClient.java:onNext(255)) - client-029E50227556->355864cd-7ac5-4934-b366-9756b15dd90f: receive RaftClientReply:client-029E50227556->355864cd-7ac5-4934-b366-9756b15dd90f@group-785BCF25C267, cid=3463, SUCCESS, logIndex=5233, commits[355864cd-7ac5-4934-b366-9756b15dd90f:c5233, ce4aa411-63c8-4399-99eb-27ce352844f3:c5229, 3eeffb0a-787e-48ec-a2f5-d0c540a89489:c5231]
2019-08-21 15:30:08,366 | INFO  | DNAudit | user=null | ip=null | op=WRITE_CHUNK {blockData=conID: 2 locID: 102655682696905394 bcsId: 0} | ret=SUCCESS |  
2019-08-21 15:30:08,366 | INFO  | DNAudit | user=null | ip=null | op=PUT_BLOCK {blockData=[blockId=conID: 2 locID: 102655682696905394 bcsId: 0,size=2097152]} | ret=SUCCESS |  
2019-08-21 15:30:08,366 [grpc-default-executor-0] INFO  client.GrpcClientProtocolClient (GrpcClientProtocolClient.java:onNext(255)) - client-029E50227556->355864cd-7ac5-4934-b366-9756b15dd90f: receive RaftClientReply:client-029E50227556->355864cd-7ac5-4934-b366-9756b15dd90f@group-785BCF25C267, cid=3464, SUCCESS, logIndex=5234, commits[355864cd-7ac5-4934-b366-9756b15dd90f:c5234, ce4aa411-63c8-4399-99eb-27ce352844f3:c5231, 3eeffb0a-787e-48ec-a2f5-d0c540a89489:c5231]
2019-08-21 15:30:08,367 [grpc-default-executor-0] INFO  client.GrpcClientProtocolClient (GrpcClientProtocolClient.java:onNext(255)) - client-029E50227556->355864cd-7ac5-4934-b366-9756b15dd90f: receive RaftClientReply:client-029E50227556->355864cd-7ac5-4934-b366-9756b15dd90f@group-785BCF25C267, cid=3465, SUCCESS, logIndex=5235, commits[355864cd-7ac5-4934-b366-9756b15dd90f:c5235, ce4aa411-63c8-4399-99eb-27ce352844f3:c5231, 3eeffb0a-787e-48ec-a2f5-d0c540a89489:c5231]
2019-08-21 15:30:08,367 | INFO  | DNAudit | user=null | ip=null | op=WRITE_CHUNK {blockData=conID: 2 locID: 102655682696905394 bcsId: 0} | ret=SUCCESS |  
2019-08-21 15:30:08,367 | INFO  | DNAudit | user=null | ip=null | op=PUT_BLOCK {blockData=[blockId=conID: 2 locID: 102655682696905394 bcsId: 0,size=1048576]} | ret=SUCCESS |  
2019-08-21 15:30:08,368 | INFO  | DNAudit | user=null | ip=null | op=WRITE_CHUNK {blockData=conID: 2 locID: 102655682696905394 bcsId: 0} | ret=SUCCESS |  
2019-08-21 15:30:08,368 | INFO  | DNAudit | user=null | ip=null | op=PUT_BLOCK {blockData=[blockId=conID: 2 locID: 102655682696905394 bcsId: 0,size=1048576]} | ret=SUCCESS |  
2019-08-21 15:30:08,368 | INFO  | DNAudit | user=null | ip=null | op=WRITE_CHUNK {blockData=conID: 2 locID: 102655682696905394 bcsId: 0} | ret=SUCCESS |  
2019-08-21 15:30:08,368 | INFO  | DNAudit | user=null | ip=null | op=PUT_BLOCK {blockData=[blockId=conID: 2 locID: 102655682696905394 bcsId: 0,size=2097152]} | ret=SUCCESS |  
2019-08-21 15:30:08,369 [grpc-default-executor-0] INFO  client.GrpcClientProtocolClient (GrpcClientProtocolClient.java:onNext(255)) - client-029E50227556->355864cd-7ac5-4934-b366-9756b15dd90f: receive RaftClientReply:client-029E50227556->355864cd-7ac5-4934-b366-9756b15dd90f@group-785BCF25C267, cid=3466, SUCCESS, logIndex=0, commits[355864cd-7ac5-4934-b366-9756b15dd90f:c5237, ce4aa411-63c8-4399-99eb-27ce352844f3:c5233, 3eeffb0a-787e-48ec-a2f5-d0c540a89489:c5233]
2019-08-21 15:30:08,369 | INFO  | DNAudit | user=null | ip=null | op=WRITE_CHUNK {blockData=conID: 2 locID: 102655682696905394 bcsId: 0} | ret=SUCCESS |  
2019-08-21 15:30:08,369 | INFO  | DNAudit | user=null | ip=null | op=PUT_BLOCK {blockData=[blockId=conID: 2 locID: 102655682696905394 bcsId: 0,size=2097152]} | ret=SUCCESS |  
2019-08-21 15:30:08,376 | INFO  | DNAudit | user=null | ip=null | op=WRITE_CHUNK {blockData=conID: 2 locID: 102655682696905394 bcsId: 5235} | ret=SUCCESS |  
2019-08-21 15:30:08,379 | INFO  | DNAudit | user=null | ip=null | op=WRITE_CHUNK {blockData=conID: 2 locID: 102655682696905394 bcsId: 5235} | ret=SUCCESS |  
2019-08-21 15:30:08,379 | INFO  | DNAudit | user=null | ip=null | op=WRITE_CHUNK {blockData=conID: 2 locID: 102655682696905394 bcsId: 5235} | ret=SUCCESS |  
2019-08-21 15:30:08,410 | INFO  | DNAudit | user=null | ip=null | op=WRITE_CHUNK {blockData=conID: 2 locID: 102655682696905394 bcsId: 5235} | ret=SUCCESS |  
2019-08-21 15:30:08,411 | INFO  | DNAudit | user=null | ip=null | op=PUT_BLOCK {blockData=[blockId=conID: 2 locID: 102655682696905394 bcsId: 0,size=3145728]} | ret=SUCCESS |  
2019-08-21 15:30:08,411 [grpc-default-executor-3] INFO  client.GrpcClientProtocolClient (GrpcClientProtocolClient.java:onNext(255)) - client-029E50227556->355864cd-7ac5-4934-b366-9756b15dd90f: receive RaftClientReply:client-029E50227556->355864cd-7ac5-4934-b366-9756b15dd90f@group-785BCF25C267, cid=3467, SUCCESS, logIndex=5240, commits[355864cd-7ac5-4934-b366-9756b15dd90f:c5241, ce4aa411-63c8-4399-99eb-27ce352844f3:c5239, 3eeffb0a-787e-48ec-a2f5-d0c540a89489:c5239]
2019-08-21 15:30:08,411 [grpc-default-executor-3] INFO  client.GrpcClientProtocolClient (GrpcClientProtocolClient.java:onNext(255)) - client-029E50227556->355864cd-7ac5-4934-b366-9756b15dd90f: receive RaftClientReply:client-029E50227556->355864cd-7ac5-4934-b366-9756b15dd90f@group-785BCF25C267, cid=3468, SUCCESS, logIndex=5241, commits[355864cd-7ac5-4934-b366-9756b15dd90f:c5241, ce4aa411-63c8-4399-99eb-27ce352844f3:c5239, 3eeffb0a-787e-48ec-a2f5-d0c540a89489:c5239]
2019-08-21 15:30:08,420 | INFO  | DNAudit | user=null | ip=null | op=WRITE_CHUNK {blockData=conID: 2 locID: 102655682696905394 bcsId: 5241} | ret=SUCCESS |  
2019-08-21 15:30:08,421 | INFO  | DNAudit | user=null | ip=null | op=WRITE_CHUNK {blockData=conID: 2 locID: 102655682696905394 bcsId: 5235} | ret=SUCCESS |  
2019-08-21 15:30:08,421 | INFO  | DNAudit | user=null | ip=null | op=WRITE_CHUNK {blockData=conID: 2 locID: 102655682696905394 bcsId: 5235} | ret=SUCCESS |  
2019-08-21 15:30:08,423 | INFO  | DNAudit | user=null | ip=null | op=WRITE_CHUNK {blockData=conID: 2 locID: 102655682696905394 bcsId: 5241} | ret=SUCCESS |  
2019-08-21 15:30:08,423 | INFO  | DNAudit | user=null | ip=null | op=WRITE_CHUNK {blockData=conID: 2 locID: 102655682696905394 bcsId: 5241} | ret=SUCCESS |  
2019-08-21 15:30:08,435 | INFO  | DNAudit | user=null | ip=null | op=PUT_BLOCK {blockData=[blockId=conID: 2 locID: 102655682696905394 bcsId: 0,size=3145728]} | ret=SUCCESS |  
2019-08-21 15:30:08,435 | INFO  | DNAudit | user=null | ip=null | op=PUT_BLOCK {blockData=[blockId=conID: 2 locID: 102655682696905394 bcsId: 0,size=3145728]} | ret=SUCCESS |  
2019-08-21 15:30:08,435 | INFO  | DNAudit | user=null | ip=null | op=WRITE_CHUNK {blockData=conID: 2 locID: 102655682696905394 bcsId: 5241} | ret=SUCCESS |  
2019-08-21 15:30:08,436 | INFO  | DNAudit | user=null | ip=null | op=PUT_BLOCK {blockData=[blockId=conID: 2 locID: 102655682696905394 bcsId: 0,size=4194304]} | ret=SUCCESS |  
2019-08-21 15:30:08,436 [grpc-default-executor-0] INFO  client.GrpcClientProtocolClient (GrpcClientProtocolClient.java:onNext(255)) - client-029E50227556->355864cd-7ac5-4934-b366-9756b15dd90f: receive RaftClientReply:client-029E50227556->355864cd-7ac5-4934-b366-9756b15dd90f@group-785BCF25C267, cid=3469, SUCCESS, logIndex=5244, commits[355864cd-7ac5-4934-b366-9756b15dd90f:c5245, ce4aa411-63c8-4399-99eb-27ce352844f3:c5241, 3eeffb0a-787e-48ec-a2f5-d0c540a89489:c5241]
2019-08-21 15:30:08,436 [grpc-default-executor-0] INFO  client.GrpcClientProtocolClient (GrpcClientProtocolClient.java:onNext(255)) - client-029E50227556->355864cd-7ac5-4934-b366-9756b15dd90f: receive RaftClientReply:client-029E50227556->355864cd-7ac5-4934-b366-9756b15dd90f@group-785BCF25C267, cid=3470, SUCCESS, logIndex=5245, commits[355864cd-7ac5-4934-b366-9756b15dd90f:c5245, ce4aa411-63c8-4399-99eb-27ce352844f3:c5241, 3eeffb0a-787e-48ec-a2f5-d0c540a89489:c5241]
2019-08-21 15:30:08,448 | INFO  | DNAudit | user=null | ip=null | op=WRITE_CHUNK {blockData=conID: 2 locID: 102655682696905394 bcsId: 5241} | ret=SUCCESS |  
2019-08-21 15:30:08,449 | INFO  | DNAudit | user=null | ip=null | op=PUT_BLOCK {blockData=[blockId=conID: 2 locID: 102655682696905394 bcsId: 0,size=4194304]} | ret=SUCCESS |  
2019-08-21 15:30:08,449 | INFO  | DNAudit | user=null | ip=null | op=WRITE_CHUNK {blockData=conID: 2 locID: 102655682696905394 bcsId: 5241} | ret=SUCCESS |  
2019-08-21 15:30:08,449 | INFO  | DNAudit | user=null | ip=null | op=PUT_BLOCK {blockData=[blockId=conID: 2 locID: 102655682696905394 bcsId: 0,size=4194304]} | ret=SUCCESS |  
2019-08-21 15:30:08,449 [grpc-default-executor-0] INFO  client.GrpcClientProtocolClient (GrpcClientProtocolClient.java:onNext(255)) - client-029E50227556->355864cd-7ac5-4934-b366-9756b15dd90f: receive RaftClientReply:client-029E50227556->355864cd-7ac5-4934-b366-9756b15dd90f@group-785BCF25C267, cid=3471, SUCCESS, logIndex=0, commits[355864cd-7ac5-4934-b366-9756b15dd90f:c5246, ce4aa411-63c8-4399-99eb-27ce352844f3:c5245, 3eeffb0a-787e-48ec-a2f5-d0c540a89489:c5245]
2019-08-21 15:30:08,457 | INFO  | SCMAudit | user=jenkins1000 | ip=192.168.5.153 | op=ALLOCATE_BLOCK {owner=78849ec2-2b05-45d8-8cb5-e95e2230dbd1, size=4194304, type=RATIS, factor=THREE} | ret=SUCCESS |  
2019-08-21 15:30:08,463 | INFO  | OMAudit | user=jenkins1000 | ip=127.0.0.1 | op=ALLOCATE_BLOCK {volume=vol-0-32358, bucket=bucket-0-01949, key=key-0-56547, dataSize=0, replicationType=null, replicationFactor=null, keyLocationInfo=null, clientID=102655680532119954} | ret=SUCCESS |  
2019-08-21 15:30:08,472 | INFO  | DNAudit | user=null | ip=null | op=WRITE_CHUNK {blockData=conID: 3 locID: 102655682704638643 bcsId: 0} | ret=SUCCESS |  
2019-08-21 15:30:08,476 | INFO  | DNAudit | user=null | ip=null | op=WRITE_CHUNK {blockData=conID: 3 locID: 102655682704638643 bcsId: 0} | ret=SUCCESS |  
2019-08-21 15:30:08,476 | INFO  | DNAudit | user=null | ip=null | op=WRITE_CHUNK {blockData=conID: 3 locID: 102655682704638643 bcsId: 0} | ret=SUCCESS |  
2019-08-21 15:30:08,476 | INFO  | DNAudit | user=null | ip=null | op=WRITE_CHUNK {blockData=conID: 3 locID: 102655682704638643 bcsId: 0} | ret=SUCCESS |  
2019-08-21 15:30:08,478 | INFO  | DNAudit | user=null | ip=null | op=WRITE_CHUNK {blockData=conID: 3 locID: 102655682704638643 bcsId: 0} | ret=SUCCESS |  
2019-08-21 15:30:08,478 | INFO  | DNAudit | user=null | ip=null | op=WRITE_CHUNK {blockData=conID: 3 locID: 102655682704638643 bcsId: 0} | ret=SUCCESS |  
2019-08-21 15:30:08,485 | INFO  | DNAudit | user=null | ip=null | op=WRITE_CHUNK {blockData=conID: 3 locID: 102655682704638643 bcsId: 0} | ret=SUCCESS |  
2019-08-21 15:30:08,486 | INFO  | DNAudit | user=null | ip=null | op=PUT_BLOCK {blockData=[blockId=conID: 3 locID: 102655682704638643 bcsId: 0,size=1048576]} | ret=SUCCESS |  
2019-08-21 15:30:08,486 | INFO  | DNAudit | user=null | ip=null | op=WRITE_CHUNK {blockData=conID: 3 locID: 102655682704638643 bcsId: 0} | ret=SUCCESS |  
2019-08-21 15:30:08,486 [grpc-default-executor-5] INFO  client.GrpcClientProtocolClient (GrpcClientProtocolClient.java:onNext(255)) - client-029E50227556->355864cd-7ac5-4934-b366-9756b15dd90f: receive RaftClientReply:client-029E50227556->355864cd-7ac5-4934-b366-9756b15dd90f@group-785BCF25C267, cid=3472, SUCCESS, logIndex=5248, commits[355864cd-7ac5-4934-b366-9756b15dd90f:c5250, ce4aa411-63c8-4399-99eb-27ce352844f3:c5247, 3eeffb0a-787e-48ec-a2f5-d0c540a89489:c5247]
2019-08-21 15:30:08,487 | INFO  | DNAudit | user=null | ip=null | op=WRITE_CHUNK {blockData=conID: 3 locID: 102655682704638643 bcsId: 0} | ret=SUCCESS |  
2019-08-21 15:30:08,487 | INFO  | DNAudit | user=null | ip=null | op=PUT_BLOCK {blockData=[blockId=conID: 3 locID: 102655682704638643 bcsId: 0,size=2097152]} | ret=SUCCESS |  
2019-08-21 15:30:08,487 [grpc-default-executor-5] INFO  client.GrpcClientProtocolClient (GrpcClientProtocolClient.java:onNext(255)) - client-029E50227556->355864cd-7ac5-4934-b366-9756b15dd90f: receive RaftClientReply:client-029E50227556->355864cd-7ac5-4934-b366-9756b15dd90f@group-785BCF25C267, cid=3473, SUCCESS, logIndex=5249, commits[355864cd-7ac5-4934-b366-9756b15dd90f:c5251, ce4aa411-63c8-4399-99eb-27ce352844f3:c5247, 3eeffb0a-787e-48ec-a2f5-d0c540a89489:c5247]
2019-08-21 15:30:08,487 [grpc-default-executor-5] INFO  client.GrpcClientProtocolClient (GrpcClientProtocolClient.java:onNext(255)) - client-029E50227556->355864cd-7ac5-4934-b366-9756b15dd90f: receive RaftClientReply:client-029E50227556->355864cd-7ac5-4934-b366-9756b15dd90f@group-785BCF25C267, cid=3474, SUCCESS, logIndex=5250, commits[355864cd-7ac5-4934-b366-9756b15dd90f:c5251, ce4aa411-63c8-4399-99eb-27ce352844f3:c5247, 3eeffb0a-787e-48ec-a2f5-d0c540a89489:c5247]
2019-08-21 15:30:08,487 [grpc-default-executor-5] INFO  client.GrpcClientProtocolClient (GrpcClientProtocolClient.java:onNext(255)) - client-029E50227556->355864cd-7ac5-4934-b366-9756b15dd90f: receive RaftClientReply:client-029E50227556->355864cd-7ac5-4934-b366-9756b15dd90f@group-785BCF25C267, cid=3475, SUCCESS, logIndex=5251, commits[355864cd-7ac5-4934-b366-9756b15dd90f:c5252, ce4aa411-63c8-4399-99eb-27ce352844f3:c5247, 3eeffb0a-787e-48ec-a2f5-d0c540a89489:c5248]
2019-08-21 15:30:08,489 | INFO  | DNAudit | user=null | ip=null | op=WRITE_CHUNK {blockData=conID: 3 locID: 102655682704638643 bcsId: 0} | ret=SUCCESS |  
2019-08-21 15:30:08,489 | INFO  | DNAudit | user=null | ip=null | op=PUT_BLOCK {blockData=[blockId=conID: 3 locID: 102655682704638643 bcsId: 0,size=1048576]} | ret=SUCCESS |  
2019-08-21 15:30:08,499 | INFO  | DNAudit | user=null | ip=null | op=PUT_BLOCK {blockData=[blockId=conID: 3 locID: 102655682704638643 bcsId: 0,size=1048576]} | ret=SUCCESS |  
2019-08-21 15:30:08,500 | INFO  | DNAudit | user=null | ip=null | op=WRITE_CHUNK {blockData=conID: 3 locID: 102655682704638643 bcsId: 0} | ret=SUCCESS |  
2019-08-21 15:30:08,500 | INFO  | DNAudit | user=null | ip=null | op=PUT_BLOCK {blockData=[blockId=conID: 3 locID: 102655682704638643 bcsId: 0,size=2097152]} | ret=SUCCESS |  
2019-08-21 15:30:08,500 [grpc-default-executor-5] INFO  client.GrpcClientProtocolClient (GrpcClientProtocolClient.java:onNext(255)) - client-029E50227556->355864cd-7ac5-4934-b366-9756b15dd90f: receive RaftClientReply:client-029E50227556->355864cd-7ac5-4934-b366-9756b15dd90f@group-785BCF25C267, cid=3476, SUCCESS, logIndex=0, commits[355864cd-7ac5-4934-b366-9756b15dd90f:c5253, ce4aa411-63c8-4399-99eb-27ce352844f3:c5249, 3eeffb0a-787e-48ec-a2f5-d0c540a89489:c5249]
2019-08-21 15:30:08,502 | INFO  | DNAudit | user=null | ip=null | op=WRITE_CHUNK {blockData=conID: 3 locID: 102655682704638643 bcsId: 0} | ret=SUCCESS |  
2019-08-21 15:30:08,502 | INFO  | DNAudit | user=null | ip=null | op=PUT_BLOCK {blockData=[blockId=conID: 3 locID: 102655682704638643 bcsId: 0,size=2097152]} | ret=SUCCESS |  
2019-08-21 15:30:08,509 | INFO  | DNAudit | user=null | ip=null | op=WRITE_CHUNK {blockData=conID: 3 locID: 102655682704638643 bcsId: 5251} | ret=SUCCESS |  
2019-08-21 15:30:08,511 | INFO  | DNAudit | user=null | ip=null | op=WRITE_CHUNK {blockData=conID: 3 locID: 102655682704638643 bcsId: 5251} | ret=SUCCESS |  
2019-08-21 15:30:08,512 | INFO  | DNAudit | user=null | ip=null | op=WRITE_CHUNK {blockData=conID: 3 locID: 102655682704638643 bcsId: 5251} | ret=SUCCESS |  
2019-08-21 15:30:08,521 | INFO  | DNAudit | user=null | ip=null | op=WRITE_CHUNK {blockData=conID: 3 locID: 102655682704638643 bcsId: 5251} | ret=SUCCESS |  
2019-08-21 15:30:08,522 | INFO  | DNAudit | user=null | ip=null | op=PUT_BLOCK {blockData=[blockId=conID: 3 locID: 102655682704638643 bcsId: 0,size=3145728]} | ret=SUCCESS |  
2019-08-21 15:30:08,522 [grpc-default-executor-0] INFO  client.GrpcClientProtocolClient (GrpcClientProtocolClient.java:onNext(255)) - client-029E50227556->355864cd-7ac5-4934-b366-9756b15dd90f: receive RaftClientReply:client-029E50227556->355864cd-7ac5-4934-b366-9756b15dd90f@group-785BCF25C267, cid=3477, SUCCESS, logIndex=5256, commits[355864cd-7ac5-4934-b366-9756b15dd90f:c5257, ce4aa411-63c8-4399-99eb-27ce352844f3:c5255, 3eeffb0a-787e-48ec-a2f5-d0c540a89489:c5255]
2019-08-21 15:30:08,522 [grpc-default-executor-0] INFO  client.GrpcClientProtocolClient (GrpcClientProtocolClient.java:onNext(255)) - client-029E50227556->355864cd-7ac5-4934-b366-9756b15dd90f: receive RaftClientReply:client-029E50227556->355864cd-7ac5-4934-b366-9756b15dd90f@group-785BCF25C267, cid=3478, SUCCESS, logIndex=5257, commits[355864cd-7ac5-4934-b366-9756b15dd90f:c5257, ce4aa411-63c8-4399-99eb-27ce352844f3:c5255, 3eeffb0a-787e-48ec-a2f5-d0c540a89489:c5255]
2019-08-21 15:30:08,531 | INFO  | DNAudit | user=null | ip=null | op=WRITE_CHUNK {blockData=conID: 3 locID: 102655682704638643 bcsId: 5257} | ret=SUCCESS |  
2019-08-21 15:30:08,532 | INFO  | DNAudit | user=null | ip=null | op=WRITE_CHUNK {blockData=conID: 3 locID: 102655682704638643 bcsId: 5257} | ret=SUCCESS |  
2019-08-21 15:30:08,533 | INFO  | DNAudit | user=null | ip=null | op=WRITE_CHUNK {blockData=conID: 3 locID: 102655682704638643 bcsId: 5257} | ret=SUCCESS |  
2019-08-21 15:30:08,534 | INFO  | DNAudit | user=null | ip=null | op=WRITE_CHUNK {blockData=conID: 3 locID: 102655682704638643 bcsId: 5251} | ret=SUCCESS |  
2019-08-21 15:30:08,534 | INFO  | DNAudit | user=null | ip=null | op=WRITE_CHUNK {blockData=conID: 3 locID: 102655682704638643 bcsId: 5251} | ret=SUCCESS |  
 0.00% |█                                                                                                    |  0/1 Time: 0:00:332019-08-21 15:30:08,545 | INFO  | DNAudit | user=null | ip=null | op=PUT_BLOCK {blockData=[blockId=conID: 3 locID: 102655682704638643 bcsId: 0,size=3145728]} | ret=SUCCESS |  
2019-08-21 15:30:08,546 | INFO  | DNAudit | user=null | ip=null | op=WRITE_CHUNK {blockData=conID: 3 locID: 102655682704638643 bcsId: 5257} | ret=SUCCESS |  
2019-08-21 15:30:08,546 | INFO  | SCMAudit | user=jenkins1000 | ip=192.168.5.153 | op=SEND_HEARTBEAT {datanodeUUID=a0074e04-2715-4b16-a2b0-10b5043d27ae, command=[]} | ret=SUCCESS |  
2019-08-21 15:30:08,546 | INFO  | SCMAudit | user=jenkins1000 | ip=192.168.5.153 | op=SEND_HEARTBEAT {datanodeUUID=355864cd-7ac5-4934-b366-9756b15dd90f, command=[]} | ret=SUCCESS |  
2019-08-21 15:30:08,546 | INFO  | SCMAudit | user=jenkins1000 | ip=192.168.5.153 | op=SEND_HEARTBEAT {datanodeUUID=3eeffb0a-787e-48ec-a2f5-d0c540a89489, command=[]} | ret=SUCCESS |  
2019-08-21 15:30:08,546 | INFO  | DNAudit | user=null | ip=null | op=PUT_BLOCK {blockData=[blockId=conID: 3 locID: 102655682704638643 bcsId: 0,size=3145728]} | ret=SUCCESS |  
2019-08-21 15:30:08,546 | INFO  | DNAudit | user=null | ip=null | op=PUT_BLOCK {blockData=[blockId=conID: 3 locID: 102655682704638643 bcsId: 0,size=4194304]} | ret=SUCCESS |  
2019-08-21 15:30:08,546 | INFO  | SCMAudit | user=jenkins1000 | ip=192.168.5.153 | op=SEND_HEARTBEAT {datanodeUUID=a38cd7e0-d792-481c-a4c0-f4feaa89ec8f, command=[]} | ret=SUCCESS |  
2019-08-21 15:30:08,546 | INFO  | SCMAudit | user=jenkins1000 | ip=192.168.5.153 | op=SEND_HEARTBEAT {datanodeUUID=ce4aa411-63c8-4399-99eb-27ce352844f3, command=[]} | ret=SUCCESS |  
2019-08-21 15:30:08,546 [grpc-default-executor-0] INFO  client.GrpcClientProtocolClient (GrpcClientProtocolClient.java:onNext(255)) - client-029E50227556->355864cd-7ac5-4934-b366-9756b15dd90f: receive RaftClientReply:client-029E50227556->355864cd-7ac5-4934-b366-9756b15dd90f@group-785BCF25C267, cid=3479, SUCCESS, logIndex=5260, commits[355864cd-7ac5-4934-b366-9756b15dd90f:c5261, ce4aa411-63c8-4399-99eb-27ce352844f3:c5256, 3eeffb0a-787e-48ec-a2f5-d0c540a89489:c5257]
2019-08-21 15:30:08,547 [grpc-default-executor-0] INFO  client.GrpcClientProtocolClient (GrpcClientProtocolClient.java:onNext(255)) - client-029E50227556->355864cd-7ac5-4934-b366-9756b15dd90f: receive RaftClientReply:client-029E50227556->355864cd-7ac5-4934-b366-9756b15dd90f@group-785BCF25C267, cid=3480, SUCCESS, logIndex=5261, commits[355864cd-7ac5-4934-b366-9756b15dd90f:c5261, ce4aa411-63c8-4399-99eb-27ce352844f3:c5257, 3eeffb0a-787e-48ec-a2f5-d0c540a89489:c5257]
2019-08-21 15:30:08,556 | INFO  | DNAudit | user=null | ip=null | op=WRITE_CHUNK {blockData=conID: 3 locID: 102655682704638643 bcsId: 5257} | ret=SUCCESS |  
2019-08-21 15:30:08,556 | INFO  | DNAudit | user=null | ip=null | op=WRITE_CHUNK {blockData=conID: 3 locID: 102655682704638643 bcsId: 5257} | ret=SUCCESS |  
2019-08-21 15:30:08,556 | INFO  | DNAudit | user=null | ip=null | op=PUT_BLOCK {blockData=[blockId=conID: 3 locID: 102655682704638643 bcsId: 0,size=4194304]} | ret=SUCCESS |  
2019-08-21 15:30:08,557 | INFO  | DNAudit | user=null | ip=null | op=PUT_BLOCK {blockData=[blockId=conID: 3 locID: 102655682704638643 bcsId: 0,size=4194304]} | ret=SUCCESS |  
2019-08-21 15:30:08,557 [grpc-default-executor-0] INFO  client.GrpcClientProtocolClient (GrpcClientProtocolClient.java:onNext(255)) - client-029E50227556->355864cd-7ac5-4934-b366-9756b15dd90f: receive RaftClientReply:client-029E50227556->355864cd-7ac5-4934-b366-9756b15dd90f@group-785BCF25C267, cid=3481, SUCCESS, logIndex=0, commits[355864cd-7ac5-4934-b366-9756b15dd90f:c5263, ce4aa411-63c8-4399-99eb-27ce352844f3:c5261, 3eeffb0a-787e-48ec-a2f5-d0c540a89489:c5261]
2019-08-21 15:30:08,566 | INFO  | SCMAudit | user=jenkins1000 | ip=192.168.5.153 | op=ALLOCATE_BLOCK {owner=78849ec2-2b05-45d8-8cb5-e95e2230dbd1, size=4194304, type=RATIS, factor=THREE} | ret=SUCCESS |  
2019-08-21 15:30:08,698 | INFO  | OMAudit | user=jenkins1000 | ip=127.0.0.1 | op=ALLOCATE_BLOCK {volume=vol-0-32358, bucket=bucket-0-01949, key=key-0-56547, dataSize=0, replicationType=null, replicationFactor=null, keyLocationInfo=null, clientID=102655680532119954} | ret=SUCCESS |  
2019-08-21 15:30:08,708 | INFO  | DNAudit | user=null | ip=null | op=WRITE_CHUNK {blockData=conID: 1 locID: 102655682711716532 bcsId: 0} | ret=SUCCESS |  
2019-08-21 15:30:08,710 | INFO  | DNAudit | user=null | ip=null | op=WRITE_CHUNK {blockData=conID: 1 locID: 102655682711716532 bcsId: 0} | ret=SUCCESS |  
2019-08-21 15:30:08,711 | INFO  | DNAudit | user=null | ip=null | op=WRITE_CHUNK {blockData=conID: 1 locID: 102655682711716532 bcsId: 0} | ret=SUCCESS |  
2019-08-21 15:30:08,712 | INFO  | DNAudit | user=null | ip=null | op=WRITE_CHUNK {blockData=conID: 1 locID: 102655682711716532 bcsId: 0} | ret=SUCCESS |  
2019-08-21 15:30:08,712 | INFO  | DNAudit | user=null | ip=null | op=WRITE_CHUNK {blockData=conID: 1 locID: 102655682711716532 bcsId: 0} | ret=SUCCESS |  
2019-08-21 15:30:08,714 | INFO  | DNAudit | user=null | ip=null | op=WRITE_CHUNK {blockData=conID: 1 locID: 102655682711716532 bcsId: 0} | ret=SUCCESS |  
2019-08-21 15:30:08,721 | INFO  | DNAudit | user=null | ip=null | op=WRITE_CHUNK {blockData=conID: 1 locID: 102655682711716532 bcsId: 0} | ret=SUCCESS |  
2019-08-21 15:30:08,721 | INFO  | DNAudit | user=null | ip=null | op=PUT_BLOCK {blockData=[blockId=conID: 1 locID: 102655682711716532 bcsId: 0,size=1048576]} | ret=SUCCESS |  
2019-08-21 15:30:08,721 [grpc-default-executor-0] INFO  client.GrpcClientProtocolClient (GrpcClientProtocolClient.java:onNext(255)) - client-029E50227556->355864cd-7ac5-4934-b366-9756b15dd90f: receive RaftClientReply:client-029E50227556->355864cd-7ac5-4934-b366-9756b15dd90f@group-785BCF25C267, cid=3482, SUCCESS, logIndex=5264, commits[355864cd-7ac5-4934-b366-9756b15dd90f:c5265, ce4aa411-63c8-4399-99eb-27ce352844f3:c5263, 3eeffb0a-787e-48ec-a2f5-d0c540a89489:c5263]
2019-08-21 15:30:08,722 [grpc-default-executor-0] INFO  client.GrpcClientProtocolClient (GrpcClientProtocolClient.java:onNext(255)) - client-029E50227556->355864cd-7ac5-4934-b366-9756b15dd90f: receive RaftClientReply:client-029E50227556->355864cd-7ac5-4934-b366-9756b15dd90f@group-785BCF25C267, cid=3483, SUCCESS, logIndex=5265, commits[355864cd-7ac5-4934-b366-9756b15dd90f:c5265, ce4aa411-63c8-4399-99eb-27ce352844f3:c5263, 3eeffb0a-787e-48ec-a2f5-d0c540a89489:c5263]
2019-08-21 15:30:08,724 | INFO  | DNAudit | user=null | ip=null | op=WRITE_CHUNK {blockData=conID: 1 locID: 102655682711716532 bcsId: 0} | ret=SUCCESS |  
2019-08-21 15:30:08,724 | INFO  | DNAudit | user=null | ip=null | op=PUT_BLOCK {blockData=[blockId=conID: 1 locID: 102655682711716532 bcsId: 0,size=2097152]} | ret=SUCCESS |  
2019-08-21 15:30:08,724 [grpc-default-executor-5] INFO  client.GrpcClientProtocolClient (GrpcClientProtocolClient.java:onNext(255)) - client-029E50227556->355864cd-7ac5-4934-b366-9756b15dd90f: receive RaftClientReply:client-029E50227556->355864cd-7ac5-4934-b366-9756b15dd90f@group-785BCF25C267, cid=3484, SUCCESS, logIndex=5266, commits[355864cd-7ac5-4934-b366-9756b15dd90f:c5267, ce4aa411-63c8-4399-99eb-27ce352844f3:c5263, 3eeffb0a-787e-48ec-a2f5-d0c540a89489:c5263]
2019-08-21 15:30:08,725 [grpc-default-executor-5] INFO  client.GrpcClientProtocolClient (GrpcClientProtocolClient.java:onNext(255)) - client-029E50227556->355864cd-7ac5-4934-b366-9756b15dd90f: receive RaftClientReply:client-029E50227556->355864cd-7ac5-4934-b366-9756b15dd90f@group-785BCF25C267, cid=3485, SUCCESS, logIndex=5267, commits[355864cd-7ac5-4934-b366-9756b15dd90f:c5267, ce4aa411-63c8-4399-99eb-27ce352844f3:c5263, 3eeffb0a-787e-48ec-a2f5-d0c540a89489:c5263]
2019-08-21 15:30:08,735 | INFO  | DNAudit | user=null | ip=null | op=WRITE_CHUNK {blockData=conID: 1 locID: 102655682711716532 bcsId: 0} | ret=SUCCESS |  
2019-08-21 15:30:08,735 | INFO  | DNAudit | user=null | ip=null | op=WRITE_CHUNK {blockData=conID: 1 locID: 102655682711716532 bcsId: 0} | ret=SUCCESS |  
2019-08-21 15:30:08,735 | INFO  | DNAudit | user=null | ip=null | op=PUT_BLOCK {blockData=[blockId=conID: 1 locID: 102655682711716532 bcsId: 0,size=1048576]} | ret=SUCCESS |  
2019-08-21 15:30:08,735 | INFO  | DNAudit | user=null | ip=null | op=PUT_BLOCK {blockData=[blockId=conID: 1 locID: 102655682711716532 bcsId: 0,size=1048576]} | ret=SUCCESS |  
2019-08-21 15:30:08,736 | INFO  | DNAudit | user=null | ip=null | op=WRITE_CHUNK {blockData=conID: 1 locID: 102655682711716532 bcsId: 0} | ret=SUCCESS |  
2019-08-21 15:30:08,736 [grpc-default-executor-4] INFO  client.GrpcClientProtocolClient (GrpcClientProtocolClient.java:onNext(255)) - client-029E50227556->355864cd-7ac5-4934-b366-9756b15dd90f: receive RaftClientReply:client-029E50227556->355864cd-7ac5-4934-b366-9756b15dd90f@group-785BCF25C267, cid=3486, SUCCESS, logIndex=0, commits[355864cd-7ac5-4934-b366-9756b15dd90f:c5269, ce4aa411-63c8-4399-99eb-27ce352844f3:c5265, 3eeffb0a-787e-48ec-a2f5-d0c540a89489:c5265]
2019-08-21 15:30:08,736 | INFO  | DNAudit | user=null | ip=null | op=WRITE_CHUNK {blockData=conID: 1 locID: 102655682711716532 bcsId: 0} | ret=SUCCESS |  
2019-08-21 15:30:08,736 | INFO  | DNAudit | user=null | ip=null | op=PUT_BLOCK {blockData=[blockId=conID: 1 locID: 102655682711716532 bcsId: 0,size=2097152]} | ret=SUCCESS |  
2019-08-21 15:30:08,736 | INFO  | DNAudit | user=null | ip=null | op=PUT_BLOCK {blockData=[blockId=conID: 1 locID: 102655682711716532 bcsId: 0,size=2097152]} | ret=SUCCESS |  
2019-08-21 15:30:08,744 | INFO  | DNAudit | user=null | ip=null | op=WRITE_CHUNK {blockData=conID: 1 locID: 102655682711716532 bcsId: 5267} | ret=SUCCESS |  
2019-08-21 15:30:08,746 | INFO  | DNAudit | user=null | ip=null | op=WRITE_CHUNK {blockData=conID: 1 locID: 102655682711716532 bcsId: 5267} | ret=SUCCESS |  
2019-08-21 15:30:08,746 | INFO  | DNAudit | user=null | ip=null | op=WRITE_CHUNK {blockData=conID: 1 locID: 102655682711716532 bcsId: 5267} | ret=SUCCESS |  
2019-08-21 15:30:08,756 | INFO  | DNAudit | user=null | ip=null | op=WRITE_CHUNK {blockData=conID: 1 locID: 102655682711716532 bcsId: 5267} | ret=SUCCESS |  
2019-08-21 15:30:08,757 | INFO  | DNAudit | user=null | ip=null | op=PUT_BLOCK {blockData=[blockId=conID: 1 locID: 102655682711716532 bcsId: 0,size=3145728]} | ret=SUCCESS |  
2019-08-21 15:30:08,757 [grpc-default-executor-5] INFO  client.GrpcClientProtocolClient (GrpcClientProtocolClient.java:onNext(255)) - client-029E50227556->355864cd-7ac5-4934-b366-9756b15dd90f: receive RaftClientReply:client-029E50227556->355864cd-7ac5-4934-b366-9756b15dd90f@group-785BCF25C267, cid=3487, SUCCESS, logIndex=5272, commits[355864cd-7ac5-4934-b366-9756b15dd90f:c5273, ce4aa411-63c8-4399-99eb-27ce352844f3:c5271, 3eeffb0a-787e-48ec-a2f5-d0c540a89489:c5271]
2019-08-21 15:30:08,758 [grpc-default-executor-5] INFO  client.GrpcClientProtocolClient (GrpcClientProtocolClient.java:onNext(255)) - client-029E50227556->355864cd-7ac5-4934-b366-9756b15dd90f: receive RaftClientReply:client-029E50227556->355864cd-7ac5-4934-b366-9756b15dd90f@group-785BCF25C267, cid=3488, SUCCESS, logIndex=5273, commits[355864cd-7ac5-4934-b366-9756b15dd90f:c5273, ce4aa411-63c8-4399-99eb-27ce352844f3:c5271, 3eeffb0a-787e-48ec-a2f5-d0c540a89489:c5271]
2019-08-21 15:30:08,765 | INFO  | DNAudit | user=null | ip=null | op=WRITE_CHUNK {blockData=conID: 1 locID: 102655682711716532 bcsId: 5273} | ret=SUCCESS |  
2019-08-21 15:30:08,767 | INFO  | DNAudit | user=null | ip=null | op=WRITE_CHUNK {blockData=conID: 1 locID: 102655682711716532 bcsId: 5273} | ret=SUCCESS |  
2019-08-21 15:30:08,768 | INFO  | DNAudit | user=null | ip=null | op=WRITE_CHUNK {blockData=conID: 1 locID: 102655682711716532 bcsId: 5267} | ret=SUCCESS |  
2019-08-21 15:30:08,768 | INFO  | DNAudit | user=null | ip=null | op=WRITE_CHUNK {blockData=conID: 1 locID: 102655682711716532 bcsId: 5267} | ret=SUCCESS |  
2019-08-21 15:30:08,768 | INFO  | DNAudit | user=null | ip=null | op=WRITE_CHUNK {blockData=conID: 1 locID: 102655682711716532 bcsId: 5273} | ret=SUCCESS |  
2019-08-21 15:30:08,768 | INFO  | DNAudit | user=null | ip=null | op=PUT_BLOCK {blockData=[blockId=conID: 1 locID: 102655682711716532 bcsId: 0,size=3145728]} | ret=SUCCESS |  
2019-08-21 15:30:08,768 | INFO  | DNAudit | user=null | ip=null | op=PUT_BLOCK {blockData=[blockId=conID: 1 locID: 102655682711716532 bcsId: 0,size=3145728]} | ret=SUCCESS |  
2019-08-21 15:30:08,770 | INFO  | DNAudit | user=null | ip=null | op=WRITE_CHUNK {blockData=conID: 1 locID: 102655682711716532 bcsId: 5273} | ret=SUCCESS |  
2019-08-21 15:30:08,770 | INFO  | DNAudit | user=null | ip=null | op=PUT_BLOCK {blockData=[blockId=conID: 1 locID: 102655682711716532 bcsId: 0,size=4194304]} | ret=SUCCESS |  
2019-08-21 15:30:08,770 [grpc-default-executor-5] INFO  client.GrpcClientProtocolClient (GrpcClientProtocolClient.java:onNext(255)) - client-029E50227556->355864cd-7ac5-4934-b366-9756b15dd90f: receive RaftClientReply:client-029E50227556->355864cd-7ac5-4934-b366-9756b15dd90f@group-785BCF25C267, cid=3489, SUCCESS, logIndex=5276, commits[355864cd-7ac5-4934-b366-9756b15dd90f:c5277, ce4aa411-63c8-4399-99eb-27ce352844f3:c5273, 3eeffb0a-787e-48ec-a2f5-d0c540a89489:c5273]
2019-08-21 15:30:08,771 [grpc-default-executor-5] INFO  client.GrpcClientProtocolClient (GrpcClientProtocolClient.java:onNext(255)) - client-029E50227556->355864cd-7ac5-4934-b366-9756b15dd90f: receive RaftClientReply:client-029E50227556->355864cd-7ac5-4934-b366-9756b15dd90f@group-785BCF25C267, cid=3490, SUCCESS, logIndex=5277, commits[355864cd-7ac5-4934-b366-9756b15dd90f:c5277, ce4aa411-63c8-4399-99eb-27ce352844f3:c5273, 3eeffb0a-787e-48ec-a2f5-d0c540a89489:c5273]
2019-08-21 15:30:08,771 | INFO  | DNAudit | user=null | ip=null | op=WRITE_CHUNK {blockData=conID: 1 locID: 102655682711716532 bcsId: 5273} | ret=SUCCESS |  
2019-08-21 15:30:08,772 | INFO  | DNAudit | user=null | ip=null | op=WRITE_CHUNK {blockData=conID: 1 locID: 102655682711716532 bcsId: 5273} | ret=SUCCESS |  
2019-08-21 15:30:08,772 | INFO  | DNAudit | user=null | ip=null | op=PUT_BLOCK {blockData=[blockId=conID: 1 locID: 102655682711716532 bcsId: 0,size=4194304]} | ret=SUCCESS |  
2019-08-21 15:30:08,772 | INFO  | DNAudit | user=null | ip=null | op=PUT_BLOCK {blockData=[blockId=conID: 1 locID: 102655682711716532 bcsId: 0,size=4194304]} | ret=SUCCESS |  
2019-08-21 15:30:08,772 [grpc-default-executor-5] INFO  client.GrpcClientProtocolClient (GrpcClientProtocolClient.java:onNext(255)) - client-029E50227556->355864cd-7ac5-4934-b366-9756b15dd90f: receive RaftClientReply:client-029E50227556->355864cd-7ac5-4934-b366-9756b15dd90f@group-785BCF25C267, cid=3491, SUCCESS, logIndex=0, commits[355864cd-7ac5-4934-b366-9756b15dd90f:c5278, ce4aa411-63c8-4399-99eb-27ce352844f3:c5277, 3eeffb0a-787e-48ec-a2f5-d0c540a89489:c5277]
2019-08-21 15:30:08,780 | INFO  | SCMAudit | user=jenkins1000 | ip=192.168.5.153 | op=ALLOCATE_BLOCK {owner=78849ec2-2b05-45d8-8cb5-e95e2230dbd1, size=4194304, type=RATIS, factor=THREE} | ret=SUCCESS |  
2019-08-21 15:30:08,786 | INFO  | OMAudit | user=jenkins1000 | ip=127.0.0.1 | op=ALLOCATE_BLOCK {volume=vol-0-32358, bucket=bucket-0-01949, key=key-0-56547, dataSize=0, replicationType=null, replicationFactor=null, keyLocationInfo=null, clientID=102655680532119954} | ret=SUCCESS |  
2019-08-21 15:30:08,794 | INFO  | DNAudit | user=null | ip=null | op=WRITE_CHUNK {blockData=conID: 2 locID: 102655682725806773 bcsId: 0} | ret=SUCCESS |  
2019-08-21 15:30:08,797 | INFO  | DNAudit | user=null | ip=null | op=WRITE_CHUNK {blockData=conID: 2 locID: 102655682725806773 bcsId: 0} | ret=SUCCESS |  
2019-08-21 15:30:08,797 | INFO  | DNAudit | user=null | ip=null | op=WRITE_CHUNK {blockData=conID: 2 locID: 102655682725806773 bcsId: 0} | ret=SUCCESS |  
2019-08-21 15:30:08,798 | INFO  | DNAudit | user=null | ip=null | op=WRITE_CHUNK {blockData=conID: 2 locID: 102655682725806773 bcsId: 0} | ret=SUCCESS |  
2019-08-21 15:30:08,801 | INFO  | DNAudit | user=null | ip=null | op=WRITE_CHUNK {blockData=conID: 2 locID: 102655682725806773 bcsId: 0} | ret=SUCCESS |  
2019-08-21 15:30:08,801 | INFO  | DNAudit | user=null | ip=null | op=WRITE_CHUNK {blockData=conID: 2 locID: 102655682725806773 bcsId: 0} | ret=SUCCESS |  
2019-08-21 15:30:08,807 | INFO  | DNAudit | user=null | ip=null | op=WRITE_CHUNK {blockData=conID: 2 locID: 102655682725806773 bcsId: 0} | ret=SUCCESS |  
2019-08-21 15:30:08,807 | INFO  | DNAudit | user=null | ip=null | op=PUT_BLOCK {blockData=[blockId=conID: 2 locID: 102655682725806773 bcsId: 0,size=1048576]} | ret=SUCCESS |  
2019-08-21 15:30:08,808 | INFO  | DNAudit | user=null | ip=null | op=WRITE_CHUNK {blockData=conID: 2 locID: 102655682725806773 bcsId: 0} | ret=SUCCESS |  
2019-08-21 15:30:08,808 [grpc-default-executor-0] INFO  client.GrpcClientProtocolClient (GrpcClientProtocolClient.java:onNext(255)) - client-029E50227556->355864cd-7ac5-4934-b366-9756b15dd90f: receive RaftClientReply:client-029E50227556->355864cd-7ac5-4934-b366-9756b15dd90f@group-785BCF25C267, cid=3492, SUCCESS, logIndex=5280, commits[355864cd-7ac5-4934-b366-9756b15dd90f:c5281, ce4aa411-63c8-4399-99eb-27ce352844f3:c5279, 3eeffb0a-787e-48ec-a2f5-d0c540a89489:c5279]
2019-08-21 15:30:08,808 | INFO  | DNAudit | user=null | ip=null | op=PUT_BLOCK {blockData=[blockId=conID: 2 locID: 102655682725806773 bcsId: 0,size=2097152]} | ret=SUCCESS |  
2019-08-21 15:30:08,808 [grpc-default-executor-0] INFO  client.GrpcClientProtocolClient (GrpcClientProtocolClient.java:onNext(255)) - client-029E50227556->355864cd-7ac5-4934-b366-9756b15dd90f: receive RaftClientReply:client-029E50227556->355864cd-7ac5-4934-b366-9756b15dd90f@group-785BCF25C267, cid=3493, SUCCESS, logIndex=5281, commits[355864cd-7ac5-4934-b366-9756b15dd90f:c5282, ce4aa411-63c8-4399-99eb-27ce352844f3:c5279, 3eeffb0a-787e-48ec-a2f5-d0c540a89489:c5279]
2019-08-21 15:30:08,809 [grpc-default-executor-0] INFO  client.GrpcClientProtocolClient (GrpcClientProtocolClient.java:onNext(255)) - client-029E50227556->355864cd-7ac5-4934-b366-9756b15dd90f: receive RaftClientReply:client-029E50227556->355864cd-7ac5-4934-b366-9756b15dd90f@group-785BCF25C267, cid=3494, SUCCESS, logIndex=5282, commits[355864cd-7ac5-4934-b366-9756b15dd90f:c5283, ce4aa411-63c8-4399-99eb-27ce352844f3:c5279, 3eeffb0a-787e-48ec-a2f5-d0c540a89489:c5279]
2019-08-21 15:30:08,809 [grpc-default-executor-0] INFO  client.GrpcClientProtocolClient (GrpcClientProtocolClient.java:onNext(255)) - client-029E50227556->355864cd-7ac5-4934-b366-9756b15dd90f: receive RaftClientReply:client-029E50227556->355864cd-7ac5-4934-b366-9756b15dd90f@group-785BCF25C267, cid=3495, SUCCESS, logIndex=5283, commits[355864cd-7ac5-4934-b366-9756b15dd90f:c5283, ce4aa411-63c8-4399-99eb-27ce352844f3:c5279, 3eeffb0a-787e-48ec-a2f5-d0c540a89489:c5279]
2019-08-21 15:30:08,828 | INFO  | DNAudit | user=null | ip=null | op=WRITE_CHUNK {blockData=conID: 2 locID: 102655682725806773 bcsId: 0} | ret=SUCCESS |  
2019-08-21 15:30:08,828 | INFO  | DNAudit | user=null | ip=null | op=PUT_BLOCK {blockData=[blockId=conID: 2 locID: 102655682725806773 bcsId: 0,size=1048576]} | ret=SUCCESS |  
2019-08-21 15:30:08,830 | INFO  | DNAudit | user=null | ip=null | op=WRITE_CHUNK {blockData=conID: 2 locID: 102655682725806773 bcsId: 0} | ret=SUCCESS |  
2019-08-21 15:30:08,831 | INFO  | DNAudit | user=null | ip=null | op=PUT_BLOCK {blockData=[blockId=conID: 2 locID: 102655682725806773 bcsId: 0,size=1048576]} | ret=SUCCESS |  
2019-08-21 15:30:08,830 [grpc-default-executor-0] INFO  client.GrpcClientProtocolClient (GrpcClientProtocolClient.java:onNext(255)) - client-029E50227556->355864cd-7ac5-4934-b366-9756b15dd90f: receive RaftClientReply:client-029E50227556->355864cd-7ac5-4934-b366-9756b15dd90f@group-785BCF25C267, cid=3496, SUCCESS, logIndex=0, commits[355864cd-7ac5-4934-b366-9756b15dd90f:c5285, ce4aa411-63c8-4399-99eb-27ce352844f3:c5281, 3eeffb0a-787e-48ec-a2f5-d0c540a89489:c5281]
2019-08-21 15:30:08,831 | INFO  | DNAudit | user=null | ip=null | op=WRITE_CHUNK {blockData=conID: 2 locID: 102655682725806773 bcsId: 0} | ret=SUCCESS |  
2019-08-21 15:30:08,831 | INFO  | DNAudit | user=null | ip=null | op=PUT_BLOCK {blockData=[blockId=conID: 2 locID: 102655682725806773 bcsId: 0,size=2097152]} | ret=SUCCESS |  
2019-08-21 15:30:08,838 | INFO  | DNAudit | user=null | ip=null | op=WRITE_CHUNK {blockData=conID: 2 locID: 102655682725806773 bcsId: 5283} | ret=SUCCESS |  
2019-08-21 15:30:08,841 | INFO  | DNAudit | user=null | ip=null | op=WRITE_CHUNK {blockData=conID: 2 locID: 102655682725806773 bcsId: 0} | ret=SUCCESS |  
2019-08-21 15:30:08,841 | INFO  | DNAudit | user=null | ip=null | op=WRITE_CHUNK {blockData=conID: 2 locID: 102655682725806773 bcsId: 5283} | ret=SUCCESS |  
2019-08-21 15:30:08,841 | INFO  | DNAudit | user=null | ip=null | op=PUT_BLOCK {blockData=[blockId=conID: 2 locID: 102655682725806773 bcsId: 0,size=2097152]} | ret=SUCCESS |  
2019-08-21 15:30:08,841 | INFO  | DNAudit | user=null | ip=null | op=WRITE_CHUNK {blockData=conID: 2 locID: 102655682725806773 bcsId: 5283} | ret=SUCCESS |  
2019-08-21 15:30:08,853 | INFO  | DNAudit | user=null | ip=null | op=WRITE_CHUNK {blockData=conID: 2 locID: 102655682725806773 bcsId: 5283} | ret=SUCCESS |  
2019-08-21 15:30:08,853 | INFO  | DNAudit | user=null | ip=null | op=PUT_BLOCK {blockData=[blockId=conID: 2 locID: 102655682725806773 bcsId: 0,size=3145728]} | ret=SUCCESS |  
2019-08-21 15:30:08,854 [grpc-default-executor-0] INFO  client.GrpcClientProtocolClient (GrpcClientProtocolClient.java:onNext(255)) - client-029E50227556->355864cd-7ac5-4934-b366-9756b15dd90f: receive RaftClientReply:client-029E50227556->355864cd-7ac5-4934-b366-9756b15dd90f@group-785BCF25C267, cid=3497, SUCCESS, logIndex=5288, commits[355864cd-7ac5-4934-b366-9756b15dd90f:c5289, ce4aa411-63c8-4399-99eb-27ce352844f3:c5287, 3eeffb0a-787e-48ec-a2f5-d0c540a89489:c5287]
2019-08-21 15:30:08,854 | INFO  | DNAudit | user=null | ip=null | op=WRITE_CHUNK {blockData=conID: 2 locID: 102655682725806773 bcsId: 5283} | ret=SUCCESS |  
2019-08-21 15:30:08,854 [grpc-default-executor-5] INFO  client.GrpcClientProtocolClient (GrpcClientProtocolClient.java:onNext(255)) - client-029E50227556->355864cd-7ac5-4934-b366-9756b15dd90f: receive RaftClientReply:client-029E50227556->355864cd-7ac5-4934-b366-9756b15dd90f@group-785BCF25C267, cid=3498, SUCCESS, logIndex=5289, commits[355864cd-7ac5-4934-b366-9756b15dd90f:c5289, ce4aa411-63c8-4399-99eb-27ce352844f3:c5287, 3eeffb0a-787e-48ec-a2f5-d0c540a89489:c5287]
2019-08-21 15:30:08,862 | INFO  | DNAudit | user=null | ip=null | op=WRITE_CHUNK {blockData=conID: 2 locID: 102655682725806773 bcsId: 5289} | ret=SUCCESS |  
2019-08-21 15:30:08,864 | INFO  | DNAudit | user=null | ip=null | op=WRITE_CHUNK {blockData=conID: 2 locID: 102655682725806773 bcsId: 5283} | ret=SUCCESS |  
2019-08-21 15:30:08,864 | INFO  | DNAudit | user=null | ip=null | op=PUT_BLOCK {blockData=[blockId=conID: 2 locID: 102655682725806773 bcsId: 0,size=3145728]} | ret=SUCCESS |  
2019-08-21 15:30:08,866 | INFO  | DNAudit | user=null | ip=null | op=WRITE_CHUNK {blockData=conID: 2 locID: 102655682725806773 bcsId: 5289} | ret=SUCCESS |  
2019-08-21 15:30:08,866 | INFO  | DNAudit | user=null | ip=null | op=WRITE_CHUNK {blockData=conID: 2 locID: 102655682725806773 bcsId: 5289} | ret=SUCCESS |  
2019-08-21 15:30:08,874 | INFO  | DNAudit | user=null | ip=null | op=PUT_BLOCK {blockData=[blockId=conID: 2 locID: 102655682725806773 bcsId: 0,size=3145728]} | ret=SUCCESS |  
2019-08-21 15:30:08,875 | INFO  | DNAudit | user=null | ip=null | op=WRITE_CHUNK {blockData=conID: 2 locID: 102655682725806773 bcsId: 5289} | ret=SUCCESS |  
2019-08-21 15:30:08,876 | INFO  | DNAudit | user=null | ip=null | op=PUT_BLOCK {blockData=[blockId=conID: 2 locID: 102655682725806773 bcsId: 0,size=4194304]} | ret=SUCCESS |  
2019-08-21 15:30:08,876 [grpc-default-executor-4] INFO  client.GrpcClientProtocolClient (GrpcClientProtocolClient.java:onNext(255)) - client-029E50227556->355864cd-7ac5-4934-b366-9756b15dd90f: receive RaftClientReply:client-029E50227556->355864cd-7ac5-4934-b366-9756b15dd90f@group-785BCF25C267, cid=3499, SUCCESS, logIndex=5292, commits[355864cd-7ac5-4934-b366-9756b15dd90f:c5293, ce4aa411-63c8-4399-99eb-27ce352844f3:c5290, 3eeffb0a-787e-48ec-a2f5-d0c540a89489:c5290]
2019-08-21 15:30:08,876 [grpc-default-executor-4] INFO  client.GrpcClientProtocolClient (GrpcClientProtocolClient.java:onNext(255)) - client-029E50227556->355864cd-7ac5-4934-b366-9756b15dd90f: receive RaftClientReply:client-029E50227556->355864cd-7ac5-4934-b366-9756b15dd90f@group-785BCF25C267, cid=3500, SUCCESS, logIndex=5293, commits[355864cd-7ac5-4934-b366-9756b15dd90f:c5293, ce4aa411-63c8-4399-99eb-27ce352844f3:c5290, 3eeffb0a-787e-48ec-a2f5-d0c540a89489:c5290]
2019-08-21 15:30:08,877 | INFO  | DNAudit | user=null | ip=null | op=WRITE_CHUNK {blockData=conID: 2 locID: 102655682725806773 bcsId: 5289} | ret=SUCCESS |  
2019-08-21 15:30:08,877 | INFO  | DNAudit | user=null | ip=null | op=WRITE_CHUNK {blockData=conID: 2 locID: 102655682725806773 bcsId: 5289} | ret=SUCCESS |  
2019-08-21 15:30:08,887 | INFO  | DNAudit | user=null | ip=null | op=PUT_BLOCK {blockData=[blockId=conID: 2 locID: 102655682725806773 bcsId: 0,size=4194304]} | ret=SUCCESS |  
2019-08-21 15:30:08,887 | INFO  | DNAudit | user=null | ip=null | op=PUT_BLOCK {blockData=[blockId=conID: 2 locID: 102655682725806773 bcsId: 0,size=4194304]} | ret=SUCCESS |  
2019-08-21 15:30:08,887 [grpc-default-executor-4] INFO  client.GrpcClientProtocolClient (GrpcClientProtocolClient.java:onNext(255)) - client-029E50227556->355864cd-7ac5-4934-b366-9756b15dd90f: receive RaftClientReply:client-029E50227556->355864cd-7ac5-4934-b366-9756b15dd90f@group-785BCF25C267, cid=3501, SUCCESS, logIndex=0, commits[355864cd-7ac5-4934-b366-9756b15dd90f:c5295, ce4aa411-63c8-4399-99eb-27ce352844f3:c5293, 3eeffb0a-787e-48ec-a2f5-d0c540a89489:c5293]
2019-08-21 15:30:08,895 | INFO  | SCMAudit | user=jenkins1000 | ip=192.168.5.153 | op=ALLOCATE_BLOCK {owner=78849ec2-2b05-45d8-8cb5-e95e2230dbd1, size=4194304, type=RATIS, factor=THREE} | ret=SUCCESS |  
2019-08-21 15:30:08,900 | INFO  | OMAudit | user=jenkins1000 | ip=127.0.0.1 | op=ALLOCATE_BLOCK {volume=vol-0-32358, bucket=bucket-0-01949, key=key-0-56547, dataSize=0, replicationType=null, replicationFactor=null, keyLocationInfo=null, clientID=102655680532119954} | ret=SUCCESS |  
2019-08-21 15:30:08,907 | INFO  | DNAudit | user=null | ip=null | op=WRITE_CHUNK {blockData=conID: 3 locID: 102655682733277878 bcsId: 0} | ret=SUCCESS |  
2019-08-21 15:30:08,909 | INFO  | DNAudit | user=null | ip=null | op=WRITE_CHUNK {blockData=conID: 3 locID: 102655682733277878 bcsId: 0} | ret=SUCCESS |  
2019-08-21 15:30:08,909 | INFO  | DNAudit | user=null | ip=null | op=WRITE_CHUNK {blockData=conID: 3 locID: 102655682733277878 bcsId: 0} | ret=SUCCESS |  
2019-08-21 15:30:08,910 | INFO  | DNAudit | user=null | ip=null | op=WRITE_CHUNK {blockData=conID: 3 locID: 102655682733277878 bcsId: 0} | ret=SUCCESS |  
2019-08-21 15:30:08,912 | INFO  | DNAudit | user=null | ip=null | op=WRITE_CHUNK {blockData=conID: 3 locID: 102655682733277878 bcsId: 0} | ret=SUCCESS |  
2019-08-21 15:30:08,912 | INFO  | DNAudit | user=null | ip=null | op=WRITE_CHUNK {blockData=conID: 3 locID: 102655682733277878 bcsId: 0} | ret=SUCCESS |  
2019-08-21 15:30:08,924 | INFO  | DNAudit | user=null | ip=null | op=WRITE_CHUNK {blockData=conID: 3 locID: 102655682733277878 bcsId: 0} | ret=SUCCESS |  
2019-08-21 15:30:08,924 | INFO  | DNAudit | user=null | ip=null | op=PUT_BLOCK {blockData=[blockId=conID: 3 locID: 102655682733277878 bcsId: 0,size=1048576]} | ret=SUCCESS |  
2019-08-21 15:30:08,925 [grpc-default-executor-4] INFO  client.GrpcClientProtocolClient (GrpcClientProtocolClient.java:onNext(255)) - client-029E50227556->355864cd-7ac5-4934-b366-9756b15dd90f: receive RaftClientReply:client-029E50227556->355864cd-7ac5-4934-b366-9756b15dd90f@group-785BCF25C267, cid=3502, SUCCESS, logIndex=5296, commits[355864cd-7ac5-4934-b366-9756b15dd90f:c5298, ce4aa411-63c8-4399-99eb-27ce352844f3:c5295, 3eeffb0a-787e-48ec-a2f5-d0c540a89489:c5295]
2019-08-21 15:30:08,925 | INFO  | DNAudit | user=null | ip=null | op=WRITE_CHUNK {blockData=conID: 3 locID: 102655682733277878 bcsId: 0} | ret=SUCCESS |  
2019-08-21 15:30:08,925 | INFO  | DNAudit | user=null | ip=null | op=PUT_BLOCK {blockData=[blockId=conID: 3 locID: 102655682733277878 bcsId: 0,size=2097152]} | ret=SUCCESS |  
2019-08-21 15:30:08,925 [grpc-default-executor-4] INFO  client.GrpcClientProtocolClient (GrpcClientProtocolClient.java:onNext(255)) - client-029E50227556->355864cd-7ac5-4934-b366-9756b15dd90f: receive RaftClientReply:client-029E50227556->355864cd-7ac5-4934-b366-9756b15dd90f@group-785BCF25C267, cid=3503, SUCCESS, logIndex=5297, commits[355864cd-7ac5-4934-b366-9756b15dd90f:c5299, ce4aa411-63c8-4399-99eb-27ce352844f3:c5295, 3eeffb0a-787e-48ec-a2f5-d0c540a89489:c5295]
2019-08-21 15:30:08,926 [grpc-default-executor-4] INFO  client.GrpcClientProtocolClient (GrpcClientProtocolClient.java:onNext(255)) - client-029E50227556->355864cd-7ac5-4934-b366-9756b15dd90f: receive RaftClientReply:client-029E50227556->355864cd-7ac5-4934-b366-9756b15dd90f@group-785BCF25C267, cid=3504, SUCCESS, logIndex=5298, commits[355864cd-7ac5-4934-b366-9756b15dd90f:c5299, ce4aa411-63c8-4399-99eb-27ce352844f3:c5295, 3eeffb0a-787e-48ec-a2f5-d0c540a89489:c5295]
2019-08-21 15:30:08,926 [grpc-default-executor-4] INFO  client.GrpcClientProtocolClient (GrpcClientProtocolClient.java:onNext(255)) - client-029E50227556->355864cd-7ac5-4934-b366-9756b15dd90f: receive RaftClientReply:client-029E50227556->355864cd-7ac5-4934-b366-9756b15dd90f@group-785BCF25C267, cid=3505, SUCCESS, logIndex=5299, commits[355864cd-7ac5-4934-b366-9756b15dd90f:c5299, ce4aa411-63c8-4399-99eb-27ce352844f3:c5295, 3eeffb0a-787e-48ec-a2f5-d0c540a89489:c5295]
2019-08-21 15:30:08,935 | INFO  | DNAudit | user=null | ip=null | op=WRITE_CHUNK {blockData=conID: 3 locID: 102655682733277878 bcsId: 0} | ret=SUCCESS |  
2019-08-21 15:30:08,935 | INFO  | DNAudit | user=null | ip=null | op=WRITE_CHUNK {blockData=conID: 3 locID: 102655682733277878 bcsId: 0} | ret=SUCCESS |  
2019-08-21 15:30:08,935 | INFO  | DNAudit | user=null | ip=null | op=PUT_BLOCK {blockData=[blockId=conID: 3 locID: 102655682733277878 bcsId: 0,size=1048576]} | ret=SUCCESS |  
2019-08-21 15:30:08,938 | INFO  | DNAudit | user=null | ip=null | op=PUT_BLOCK {blockData=[blockId=conID: 3 locID: 102655682733277878 bcsId: 0,size=1048576]} | ret=SUCCESS |  
2019-08-21 15:30:08,938 | INFO  | DNAudit | user=null | ip=null | op=WRITE_CHUNK {blockData=conID: 3 locID: 102655682733277878 bcsId: 0} | ret=SUCCESS |  
2019-08-21 15:30:08,938 | INFO  | DNAudit | user=null | ip=null | op=WRITE_CHUNK {blockData=conID: 3 locID: 102655682733277878 bcsId: 0} | ret=SUCCESS |  
2019-08-21 15:30:08,938 | INFO  | DNAudit | user=null | ip=null | op=PUT_BLOCK {blockData=[blockId=conID: 3 locID: 102655682733277878 bcsId: 0,size=2097152]} | ret=SUCCESS |  
2019-08-21 15:30:08,938 | INFO  | DNAudit | user=null | ip=null | op=PUT_BLOCK {blockData=[blockId=conID: 3 locID: 102655682733277878 bcsId: 0,size=2097152]} | ret=SUCCESS |  
2019-08-21 15:30:08,938 [grpc-default-executor-0] INFO  client.GrpcClientProtocolClient (GrpcClientProtocolClient.java:onNext(255)) - client-029E50227556->355864cd-7ac5-4934-b366-9756b15dd90f: receive RaftClientReply:client-029E50227556->355864cd-7ac5-4934-b366-9756b15dd90f@group-785BCF25C267, cid=3506, SUCCESS, logIndex=0, commits[355864cd-7ac5-4934-b366-9756b15dd90f:c5301, ce4aa411-63c8-4399-99eb-27ce352844f3:c5297, 3eeffb0a-787e-48ec-a2f5-d0c540a89489:c5297]
2019-08-21 15:30:08,946 | INFO  | DNAudit | user=null | ip=null | op=WRITE_CHUNK {blockData=conID: 3 locID: 102655682733277878 bcsId: 5299} | ret=SUCCESS |  
2019-08-21 15:30:08,948 | INFO  | DNAudit | user=null | ip=null | op=WRITE_CHUNK {blockData=conID: 3 locID: 102655682733277878 bcsId: 5299} | ret=SUCCESS |  
2019-08-21 15:30:08,948 | INFO  | DNAudit | user=null | ip=null | op=WRITE_CHUNK {blockData=conID: 3 locID: 102655682733277878 bcsId: 5299} | ret=SUCCESS |  
2019-08-21 15:30:08,958 | INFO  | DNAudit | user=null | ip=null | op=WRITE_CHUNK {blockData=conID: 3 locID: 102655682733277878 bcsId: 5299} | ret=SUCCESS |  
2019-08-21 15:30:08,959 | INFO  | DNAudit | user=null | ip=null | op=PUT_BLOCK {blockData=[blockId=conID: 3 locID: 102655682733277878 bcsId: 0,size=3145728]} | ret=SUCCESS |  
2019-08-21 15:30:08,959 [grpc-default-executor-0] INFO  client.GrpcClientProtocolClient (GrpcClientProtocolClient.java:onNext(255)) - client-029E50227556->355864cd-7ac5-4934-b366-9756b15dd90f: receive RaftClientReply:client-029E50227556->355864cd-7ac5-4934-b366-9756b15dd90f@group-785BCF25C267, cid=3507, SUCCESS, logIndex=5304, commits[355864cd-7ac5-4934-b366-9756b15dd90f:c5305, ce4aa411-63c8-4399-99eb-27ce352844f3:c5303, 3eeffb0a-787e-48ec-a2f5-d0c540a89489:c5303]
2019-08-21 15:30:08,959 [grpc-default-executor-0] INFO  client.GrpcClientProtocolClient (GrpcClientProtocolClient.java:onNext(255)) - client-029E50227556->355864cd-7ac5-4934-b366-9756b15dd90f: receive RaftClientReply:client-029E50227556->355864cd-7ac5-4934-b366-9756b15dd90f@group-785BCF25C267, cid=3508, SUCCESS, logIndex=5305, commits[355864cd-7ac5-4934-b366-9756b15dd90f:c5305, ce4aa411-63c8-4399-99eb-27ce352844f3:c5303, 3eeffb0a-787e-48ec-a2f5-d0c540a89489:c5303]
2019-08-21 15:30:08,967 | INFO  | DNAudit | user=null | ip=null | op=WRITE_CHUNK {blockData=conID: 3 locID: 102655682733277878 bcsId: 5305} | ret=SUCCESS |  
2019-08-21 15:30:08,970 | INFO  | DNAudit | user=null | ip=null | op=WRITE_CHUNK {blockData=conID: 3 locID: 102655682733277878 bcsId: 5305} | ret=SUCCESS |  
2019-08-21 15:30:08,970 | INFO  | DNAudit | user=null | ip=null | op=WRITE_CHUNK {blockData=conID: 3 locID: 102655682733277878 bcsId: 5305} | ret=SUCCESS |  
2019-08-21 15:30:08,971 | INFO  | DNAudit | user=null | ip=null | op=WRITE_CHUNK {blockData=conID: 3 locID: 102655682733277878 bcsId: 5299} | ret=SUCCESS |  
2019-08-21 15:30:08,971 | INFO  | DNAudit | user=null | ip=null | op=WRITE_CHUNK {blockData=conID: 3 locID: 102655682733277878 bcsId: 5299} | ret=SUCCESS |  
2019-08-21 15:30:08,984 | INFO  | DNAudit | user=null | ip=null | op=PUT_BLOCK {blockData=[blockId=conID: 3 locID: 102655682733277878 bcsId: 0,size=3145728]} | ret=SUCCESS |  
2019-08-21 15:30:08,984 | INFO  | DNAudit | user=null | ip=null | op=PUT_BLOCK {blockData=[blockId=conID: 3 locID: 102655682733277878 bcsId: 0,size=3145728]} | ret=SUCCESS |  
2019-08-21 15:30:08,985 | INFO  | DNAudit | user=null | ip=null | op=WRITE_CHUNK {blockData=conID: 3 locID: 102655682733277878 bcsId: 5305} | ret=SUCCESS |  
2019-08-21 15:30:08,985 | INFO  | DNAudit | user=null | ip=null | op=PUT_BLOCK {blockData=[blockId=conID: 3 locID: 102655682733277878 bcsId: 0,size=4194304]} | ret=SUCCESS |  
2019-08-21 15:30:08,985 [grpc-default-executor-5] INFO  client.GrpcClientProtocolClient (GrpcClientProtocolClient.java:onNext(255)) - client-029E50227556->355864cd-7ac5-4934-b366-9756b15dd90f: receive RaftClientReply:client-029E50227556->355864cd-7ac5-4934-b366-9756b15dd90f@group-785BCF25C267, cid=3509, SUCCESS, logIndex=5308, commits[355864cd-7ac5-4934-b366-9756b15dd90f:c5309, ce4aa411-63c8-4399-99eb-27ce352844f3:c5305, 3eeffb0a-787e-48ec-a2f5-d0c540a89489:c5305]
2019-08-21 15:30:08,986 [grpc-default-executor-5] INFO  client.GrpcClientProtocolClient (GrpcClientProtocolClient.java:onNext(255)) - client-029E50227556->355864cd-7ac5-4934-b366-9756b15dd90f: receive RaftClientReply:client-029E50227556->355864cd-7ac5-4934-b366-9756b15dd90f@group-785BCF25C267, cid=3510, SUCCESS, logIndex=5309, commits[355864cd-7ac5-4934-b366-9756b15dd90f:c5309, ce4aa411-63c8-4399-99eb-27ce352844f3:c5305, 3eeffb0a-787e-48ec-a2f5-d0c540a89489:c5305]
2019-08-21 15:30:08,996 | INFO  | DNAudit | user=null | ip=null | op=WRITE_CHUNK {blockData=conID: 3 locID: 102655682733277878 bcsId: 5305} | ret=SUCCESS |  
2019-08-21 15:30:08,996 | INFO  | DNAudit | user=null | ip=null | op=WRITE_CHUNK {blockData=conID: 3 locID: 102655682733277878 bcsId: 5305} | ret=SUCCESS |  
2019-08-21 15:30:08,999 | INFO  | DNAudit | user=null | ip=null | op=PUT_BLOCK {blockData=[blockId=conID: 3 locID: 102655682733277878 bcsId: 0,size=4194304]} | ret=SUCCESS |  
2019-08-21 15:30:08,999 | INFO  | DNAudit | user=null | ip=null | op=PUT_BLOCK {blockData=[blockId=conID: 3 locID: 102655682733277878 bcsId: 0,size=4194304]} | ret=SUCCESS |  
2019-08-21 15:30:08,999 [grpc-default-executor-5] INFO  client.GrpcClientProtocolClient (GrpcClientProtocolClient.java:onNext(255)) - client-029E50227556->355864cd-7ac5-4934-b366-9756b15dd90f: receive RaftClientReply:client-029E50227556->355864cd-7ac5-4934-b366-9756b15dd90f@group-785BCF25C267, cid=3511, SUCCESS, logIndex=0, commits[355864cd-7ac5-4934-b366-9756b15dd90f:c5311, ce4aa411-63c8-4399-99eb-27ce352844f3:c5309, 3eeffb0a-787e-48ec-a2f5-d0c540a89489:c5309]
2019-08-21 15:30:09,007 | INFO  | SCMAudit | user=jenkins1000 | ip=192.168.5.153 | op=ALLOCATE_BLOCK {owner=78849ec2-2b05-45d8-8cb5-e95e2230dbd1, size=4194304, type=RATIS, factor=THREE} | ret=SUCCESS |  
2019-08-21 15:30:09,013 | INFO  | OMAudit | user=jenkins1000 | ip=127.0.0.1 | op=ALLOCATE_BLOCK {volume=vol-0-32358, bucket=bucket-0-01949, key=key-0-56547, dataSize=0, replicationType=null, replicationFactor=null, keyLocationInfo=null, clientID=102655680532119954} | ret=SUCCESS |  
2019-08-21 15:30:09,021 | INFO  | DNAudit | user=null | ip=null | op=WRITE_CHUNK {blockData=conID: 1 locID: 102655682740683447 bcsId: 0} | ret=SUCCESS |  
2019-08-21 15:30:09,023 | INFO  | DNAudit | user=null | ip=null | op=WRITE_CHUNK {blockData=conID: 1 locID: 102655682740683447 bcsId: 0} | ret=SUCCESS |  
2019-08-21 15:30:09,024 | INFO  | DNAudit | user=null | ip=null | op=WRITE_CHUNK {blockData=conID: 1 locID: 102655682740683447 bcsId: 0} | ret=SUCCESS |  
2019-08-21 15:30:09,024 | INFO  | DNAudit | user=null | ip=null | op=WRITE_CHUNK {blockData=conID: 1 locID: 102655682740683447 bcsId: 0} | ret=SUCCESS |  
2019-08-21 15:30:09,026 | INFO  | DNAudit | user=null | ip=null | op=WRITE_CHUNK {blockData=conID: 1 locID: 102655682740683447 bcsId: 0} | ret=SUCCESS |  
2019-08-21 15:30:09,026 | INFO  | DNAudit | user=null | ip=null | op=WRITE_CHUNK {blockData=conID: 1 locID: 102655682740683447 bcsId: 0} | ret=SUCCESS |  
2019-08-21 15:30:09,036 | INFO  | DNAudit | user=null | ip=null | op=WRITE_CHUNK {blockData=conID: 1 locID: 102655682740683447 bcsId: 0} | ret=SUCCESS |  
2019-08-21 15:30:09,036 | INFO  | DNAudit | user=null | ip=null | op=PUT_BLOCK {blockData=[blockId=conID: 1 locID: 102655682740683447 bcsId: 0,size=1048576]} | ret=SUCCESS |  
2019-08-21 15:30:09,036 [grpc-default-executor-3] INFO  client.GrpcClientProtocolClient (GrpcClientProtocolClient.java:onNext(255)) - client-029E50227556->355864cd-7ac5-4934-b366-9756b15dd90f: receive RaftClientReply:client-029E50227556->355864cd-7ac5-4934-b366-9756b15dd90f@group-785BCF25C267, cid=3512, SUCCESS, logIndex=5312, commits[355864cd-7ac5-4934-b366-9756b15dd90f:c5314, ce4aa411-63c8-4399-99eb-27ce352844f3:c5311, 3eeffb0a-787e-48ec-a2f5-d0c540a89489:c5311]
2019-08-21 15:30:09,037 | INFO  | DNAudit | user=null | ip=null | op=WRITE_CHUNK {blockData=conID: 1 locID: 102655682740683447 bcsId: 0} | ret=SUCCESS |  
2019-08-21 15:30:09,037 | INFO  | DNAudit | user=null | ip=null | op=PUT_BLOCK {blockData=[blockId=conID: 1 locID: 102655682740683447 bcsId: 0,size=2097152]} | ret=SUCCESS |  
2019-08-21 15:30:09,037 [grpc-default-executor-3] INFO  client.GrpcClientProtocolClient (GrpcClientProtocolClient.java:onNext(255)) - client-029E50227556->355864cd-7ac5-4934-b366-9756b15dd90f: receive RaftClientReply:client-029E50227556->355864cd-7ac5-4934-b366-9756b15dd90f@group-785BCF25C267, cid=3513, SUCCESS, logIndex=5313, commits[355864cd-7ac5-4934-b366-9756b15dd90f:c5315, ce4aa411-63c8-4399-99eb-27ce352844f3:c5311, 3eeffb0a-787e-48ec-a2f5-d0c540a89489:c5311]
2019-08-21 15:30:09,037 [grpc-default-executor-3] INFO  client.GrpcClientProtocolClient (GrpcClientProtocolClient.java:onNext(255)) - client-029E50227556->355864cd-7ac5-4934-b366-9756b15dd90f: receive RaftClientReply:client-029E50227556->355864cd-7ac5-4934-b366-9756b15dd90f@group-785BCF25C267, cid=3514, SUCCESS, logIndex=5314, commits[355864cd-7ac5-4934-b366-9756b15dd90f:c5315, ce4aa411-63c8-4399-99eb-27ce352844f3:c5311, 3eeffb0a-787e-48ec-a2f5-d0c540a89489:c5311]
2019-08-21 15:30:09,038 [grpc-default-executor-3] INFO  client.GrpcClientProtocolClient (GrpcClientProtocolClient.java:onNext(255)) - client-029E50227556->355864cd-7ac5-4934-b366-9756b15dd90f: receive RaftClientReply:client-029E50227556->355864cd-7ac5-4934-b366-9756b15dd90f@group-785BCF25C267, cid=3515, SUCCESS, logIndex=5315, commits[355864cd-7ac5-4934-b366-9756b15dd90f:c5315, ce4aa411-63c8-4399-99eb-27ce352844f3:c5311, 3eeffb0a-787e-48ec-a2f5-d0c540a89489:c5311]
2019-08-21 15:30:09,049 | INFO  | DNAudit | user=null | ip=null | op=WRITE_CHUNK {blockData=conID: 1 locID: 102655682740683447 bcsId: 0} | ret=SUCCESS |  
2019-08-21 15:30:09,049 | INFO  | DNAudit | user=null | ip=null | op=WRITE_CHUNK {blockData=conID: 1 locID: 102655682740683447 bcsId: 0} | ret=SUCCESS |  
2019-08-21 15:30:09,049 | INFO  | DNAudit | user=null | ip=null | op=PUT_BLOCK {blockData=[blockId=conID: 1 locID: 102655682740683447 bcsId: 0,size=1048576]} | ret=SUCCESS |  
2019-08-21 15:30:09,049 | INFO  | DNAudit | user=null | ip=null | op=PUT_BLOCK {blockData=[blockId=conID: 1 locID: 102655682740683447 bcsId: 0,size=1048576]} | ret=SUCCESS |  
2019-08-21 15:30:09,049 [grpc-default-executor-3] INFO  client.GrpcClientProtocolClient (GrpcClientProtocolClient.java:onNext(255)) - client-029E50227556->355864cd-7ac5-4934-b366-9756b15dd90f: receive RaftClientReply:client-029E50227556->355864cd-7ac5-4934-b366-9756b15dd90f@group-785BCF25C267, cid=3516, SUCCESS, logIndex=0, commits[355864cd-7ac5-4934-b366-9756b15dd90f:c5316, ce4aa411-63c8-4399-99eb-27ce352844f3:c5313, 3eeffb0a-787e-48ec-a2f5-d0c540a89489:c5313]
2019-08-21 15:30:09,057 | INFO  | DNAudit | user=null | ip=null | op=WRITE_CHUNK {blockData=conID: 1 locID: 102655682740683447 bcsId: 5315} | ret=SUCCESS |  
2019-08-21 15:30:09,060 | INFO  | DNAudit | user=null | ip=null | op=WRITE_CHUNK {blockData=conID: 1 locID: 102655682740683447 bcsId: 5315} | ret=SUCCESS |  
2019-08-21 15:30:09,061 | INFO  | DNAudit | user=null | ip=null | op=WRITE_CHUNK {blockData=conID: 1 locID: 102655682740683447 bcsId: 0} | ret=SUCCESS |  
2019-08-21 15:30:09,061 | INFO  | DNAudit | user=null | ip=null | op=WRITE_CHUNK {blockData=conID: 1 locID: 102655682740683447 bcsId: 5315} | ret=SUCCESS |  
2019-08-21 15:30:09,061 | INFO  | DNAudit | user=null | ip=null | op=WRITE_CHUNK {blockData=conID: 1 locID: 102655682740683447 bcsId: 0} | ret=SUCCESS |  
2019-08-21 15:30:09,061 | INFO  | DNAudit | user=null | ip=null | op=PUT_BLOCK {blockData=[blockId=conID: 1 locID: 102655682740683447 bcsId: 0,size=2097152]} | ret=SUCCESS |  
2019-08-21 15:30:09,061 | INFO  | DNAudit | user=null | ip=null | op=PUT_BLOCK {blockData=[blockId=conID: 1 locID: 102655682740683447 bcsId: 0,size=2097152]} | ret=SUCCESS |  
2019-08-21 15:30:09,062 | INFO  | DNAudit | user=null | ip=null | op=WRITE_CHUNK {blockData=conID: 1 locID: 102655682740683447 bcsId: 5315} | ret=SUCCESS |  
2019-08-21 15:30:09,062 | INFO  | DNAudit | user=null | ip=null | op=PUT_BLOCK {blockData=[blockId=conID: 1 locID: 102655682740683447 bcsId: 0,size=3145728]} | ret=SUCCESS |  
2019-08-21 15:30:09,062 [grpc-default-executor-5] INFO  client.GrpcClientProtocolClient (GrpcClientProtocolClient.java:onNext(255)) - client-029E50227556->355864cd-7ac5-4934-b366-9756b15dd90f: receive RaftClientReply:client-029E50227556->355864cd-7ac5-4934-b366-9756b15dd90f@group-785BCF25C267, cid=3517, SUCCESS, logIndex=5320, commits[355864cd-7ac5-4934-b366-9756b15dd90f:c5321, ce4aa411-63c8-4399-99eb-27ce352844f3:c5316, 3eeffb0a-787e-48ec-a2f5-d0c540a89489:c5315]
2019-08-21 15:30:09,063 [grpc-default-executor-5] INFO  client.GrpcClientProtocolClient (GrpcClientProtocolClient.java:onNext(255)) - client-029E50227556->355864cd-7ac5-4934-b366-9756b15dd90f: receive RaftClientReply:client-029E50227556->355864cd-7ac5-4934-b366-9756b15dd90f@group-785BCF25C267, cid=3518, SUCCESS, logIndex=5321, commits[355864cd-7ac5-4934-b366-9756b15dd90f:c5321, ce4aa411-63c8-4399-99eb-27ce352844f3:c5316, 3eeffb0a-787e-48ec-a2f5-d0c540a89489:c5316]
2019-08-21 15:30:09,065 | INFO  | DNAudit | user=null | ip=null | op=WRITE_CHUNK {blockData=conID: 1 locID: 102655682740683447 bcsId: 5315} | ret=SUCCESS |  
2019-08-21 15:30:09,065 | INFO  | DNAudit | user=null | ip=null | op=WRITE_CHUNK {blockData=conID: 1 locID: 102655682740683447 bcsId: 5315} | ret=SUCCESS |  
2019-08-21 15:30:09,065 | INFO  | DNAudit | user=null | ip=null | op=PUT_BLOCK {blockData=[blockId=conID: 1 locID: 102655682740683447 bcsId: 0,size=3145728]} | ret=SUCCESS |  
2019-08-21 15:30:09,065 | INFO  | DNAudit | user=null | ip=null | op=PUT_BLOCK {blockData=[blockId=conID: 1 locID: 102655682740683447 bcsId: 0,size=3145728]} | ret=SUCCESS |  
2019-08-21 15:30:09,070 | INFO  | DNAudit | user=null | ip=null | op=WRITE_CHUNK {blockData=conID: 1 locID: 102655682740683447 bcsId: 5321} | ret=SUCCESS |  
2019-08-21 15:30:09,073 | INFO  | DNAudit | user=null | ip=null | op=WRITE_CHUNK {blockData=conID: 1 locID: 102655682740683447 bcsId: 5321} | ret=SUCCESS |  
2019-08-21 15:30:09,073 | INFO  | DNAudit | user=null | ip=null | op=WRITE_CHUNK {blockData=conID: 1 locID: 102655682740683447 bcsId: 5321} | ret=SUCCESS |  
2019-08-21 15:30:09,078 | INFO  | DNAudit | user=null | ip=null | op=WRITE_CHUNK {blockData=conID: 1 locID: 102655682740683447 bcsId: 5321} | ret=SUCCESS |  
2019-08-21 15:30:09,078 | INFO  | DNAudit | user=null | ip=null | op=PUT_BLOCK {blockData=[blockId=conID: 1 locID: 102655682740683447 bcsId: 0,size=4194304]} | ret=SUCCESS |  
2019-08-21 15:30:09,079 [grpc-default-executor-5] INFO  client.GrpcClientProtocolClient (GrpcClientProtocolClient.java:onNext(255)) - client-029E50227556->355864cd-7ac5-4934-b366-9756b15dd90f: receive RaftClientReply:client-029E50227556->355864cd-7ac5-4934-b366-9756b15dd90f@group-785BCF25C267, cid=3519, SUCCESS, logIndex=5324, commits[355864cd-7ac5-4934-b366-9756b15dd90f:c5325, ce4aa411-63c8-4399-99eb-27ce352844f3:c5322, 3eeffb0a-787e-48ec-a2f5-d0c540a89489:c5322]
2019-08-21 15:30:09,079 [grpc-default-executor-5] INFO  client.GrpcClientProtocolClient (GrpcClientProtocolClient.java:onNext(255)) - client-029E50227556->355864cd-7ac5-4934-b366-9756b15dd90f: receive RaftClientReply:client-029E50227556->355864cd-7ac5-4934-b366-9756b15dd90f@group-785BCF25C267, cid=3520, SUCCESS, logIndex=5325, commits[355864cd-7ac5-4934-b366-9756b15dd90f:c5325, ce4aa411-63c8-4399-99eb-27ce352844f3:c5322, 3eeffb0a-787e-48ec-a2f5-d0c540a89489:c5322]
2019-08-21 15:30:09,088 | INFO  | DNAudit | user=null | ip=null | op=WRITE_CHUNK {blockData=conID: 1 locID: 102655682740683447 bcsId: 5321} | ret=SUCCESS |  
2019-08-21 15:30:09,088 | INFO  | DNAudit | user=null | ip=null | op=WRITE_CHUNK {blockData=conID: 1 locID: 102655682740683447 bcsId: 5321} | ret=SUCCESS |  
2019-08-21 15:30:09,091 | INFO  | DNAudit | user=null | ip=null | op=PUT_BLOCK {blockData=[blockId=conID: 1 locID: 102655682740683447 bcsId: 0,size=4194304]} | ret=SUCCESS |  
2019-08-21 15:30:09,091 | INFO  | DNAudit | user=null | ip=null | op=PUT_BLOCK {blockData=[blockId=conID: 1 locID: 102655682740683447 bcsId: 0,size=4194304]} | ret=SUCCESS |  
2019-08-21 15:30:09,092 [grpc-default-executor-5] INFO  client.GrpcClientProtocolClient (GrpcClientProtocolClient.java:onNext(255)) - client-029E50227556->355864cd-7ac5-4934-b366-9756b15dd90f: receive RaftClientReply:client-029E50227556->355864cd-7ac5-4934-b366-9756b15dd90f@group-785BCF25C267, cid=3521, SUCCESS, logIndex=0, commits[355864cd-7ac5-4934-b366-9756b15dd90f:c5327, ce4aa411-63c8-4399-99eb-27ce352844f3:c5325, 3eeffb0a-787e-48ec-a2f5-d0c540a89489:c5325]
2019-08-21 15:30:09,101 | INFO  | SCMAudit | user=jenkins1000 | ip=192.168.5.153 | op=ALLOCATE_BLOCK {owner=78849ec2-2b05-45d8-8cb5-e95e2230dbd1, size=4194304, type=RATIS, factor=THREE} | ret=SUCCESS |  
2019-08-21 15:30:09,107 | INFO  | OMAudit | user=jenkins1000 | ip=127.0.0.1 | op=ALLOCATE_BLOCK {volume=vol-0-32358, bucket=bucket-0-01949, key=key-0-56547, dataSize=0, replicationType=null, replicationFactor=null, keyLocationInfo=null, clientID=102655680532119954} | ret=SUCCESS |  
2019-08-21 15:30:09,115 | INFO  | DNAudit | user=null | ip=null | op=WRITE_CHUNK {blockData=conID: 2 locID: 102655682746843832 bcsId: 0} | ret=SUCCESS |  
2019-08-21 15:30:09,118 | INFO  | DNAudit | user=null | ip=null | op=WRITE_CHUNK {blockData=conID: 2 locID: 102655682746843832 bcsId: 0} | ret=SUCCESS |  
2019-08-21 15:30:09,118 | INFO  | DNAudit | user=null | ip=null | op=WRITE_CHUNK {blockData=conID: 2 locID: 102655682746843832 bcsId: 0} | ret=SUCCESS |  
2019-08-21 15:30:09,119 | INFO  | DNAudit | user=null | ip=null | op=WRITE_CHUNK {blockData=conID: 2 locID: 102655682746843832 bcsId: 0} | ret=SUCCESS |  
2019-08-21 15:30:09,120 | INFO  | DNAudit | user=null | ip=null | op=WRITE_CHUNK {blockData=conID: 2 locID: 102655682746843832 bcsId: 0} | ret=SUCCESS |  
2019-08-21 15:30:09,121 | INFO  | DNAudit | user=null | ip=null | op=WRITE_CHUNK {blockData=conID: 2 locID: 102655682746843832 bcsId: 0} | ret=SUCCESS |  
2019-08-21 15:30:09,126 | INFO  | DNAudit | user=null | ip=null | op=WRITE_CHUNK {blockData=conID: 2 locID: 102655682746843832 bcsId: 0} | ret=SUCCESS |  
2019-08-21 15:30:09,127 | INFO  | DNAudit | user=null | ip=null | op=PUT_BLOCK {blockData=[blockId=conID: 2 locID: 102655682746843832 bcsId: 0,size=1048576]} | ret=SUCCESS |  
2019-08-21 15:30:09,127 [grpc-default-executor-3] INFO  client.GrpcClientProtocolClient (GrpcClientProtocolClient.java:onNext(255)) - client-029E50227556->355864cd-7ac5-4934-b366-9756b15dd90f: receive RaftClientReply:client-029E50227556->355864cd-7ac5-4934-b366-9756b15dd90f@group-785BCF25C267, cid=3522, SUCCESS, logIndex=5328, commits[355864cd-7ac5-4934-b366-9756b15dd90f:c5329, ce4aa411-63c8-4399-99eb-27ce352844f3:c5327, 3eeffb0a-787e-48ec-a2f5-d0c540a89489:c5327]
2019-08-21 15:30:09,128 | INFO  | DNAudit | user=null | ip=null | op=WRITE_CHUNK {blockData=conID: 2 locID: 102655682746843832 bcsId: 0} | ret=SUCCESS |  
2019-08-21 15:30:09,128 | INFO  | DNAudit | user=null | ip=null | op=WRITE_CHUNK {blockData=conID: 2 locID: 102655682746843832 bcsId: 0} | ret=SUCCESS |  
2019-08-21 15:30:09,128 [grpc-default-executor-3] INFO  client.GrpcClientProtocolClient (GrpcClientProtocolClient.java:onNext(255)) - client-029E50227556->355864cd-7ac5-4934-b366-9756b15dd90f: receive RaftClientReply:client-029E50227556->355864cd-7ac5-4934-b366-9756b15dd90f@group-785BCF25C267, cid=3523, SUCCESS, logIndex=5329, commits[355864cd-7ac5-4934-b366-9756b15dd90f:c5331, ce4aa411-63c8-4399-99eb-27ce352844f3:c5327, 3eeffb0a-787e-48ec-a2f5-d0c540a89489:c5327]
2019-08-21 15:30:09,128 | INFO  | DNAudit | user=null | ip=null | op=PUT_BLOCK {blockData=[blockId=conID: 2 locID: 102655682746843832 bcsId: 0,size=2097152]} | ret=SUCCESS |  
2019-08-21 15:30:09,129 [grpc-default-executor-3] INFO  client.GrpcClientProtocolClient (GrpcClientProtocolClient.java:onNext(255)) - client-029E50227556->355864cd-7ac5-4934-b366-9756b15dd90f: receive RaftClientReply:client-029E50227556->355864cd-7ac5-4934-b366-9756b15dd90f@group-785BCF25C267, cid=3524, SUCCESS, logIndex=5330, commits[355864cd-7ac5-4934-b366-9756b15dd90f:c5331, ce4aa411-63c8-4399-99eb-27ce352844f3:c5327, 3eeffb0a-787e-48ec-a2f5-d0c540a89489:c5327]
2019-08-21 15:30:09,129 | INFO  | DNAudit | user=null | ip=null | op=WRITE_CHUNK {blockData=conID: 2 locID: 102655682746843832 bcsId: 0} | ret=SUCCESS |  
2019-08-21 15:30:09,129 [grpc-default-executor-3] INFO  client.GrpcClientProtocolClient (GrpcClientProtocolClient.java:onNext(255)) - client-029E50227556->355864cd-7ac5-4934-b366-9756b15dd90f: receive RaftClientReply:client-029E50227556->355864cd-7ac5-4934-b366-9756b15dd90f@group-785BCF25C267, cid=3525, SUCCESS, logIndex=5331, commits[355864cd-7ac5-4934-b366-9756b15dd90f:c5332, ce4aa411-63c8-4399-99eb-27ce352844f3:c5328, 3eeffb0a-787e-48ec-a2f5-d0c540a89489:c5327]
2019-08-21 15:30:09,129 | INFO  | DNAudit | user=null | ip=null | op=PUT_BLOCK {blockData=[blockId=conID: 2 locID: 102655682746843832 bcsId: 0,size=1048576]} | ret=SUCCESS |  
2019-08-21 15:30:09,129 | INFO  | DNAudit | user=null | ip=null | op=PUT_BLOCK {blockData=[blockId=conID: 2 locID: 102655682746843832 bcsId: 0,size=1048576]} | ret=SUCCESS |  
2019-08-21 15:30:09,129 | INFO  | DNAudit | user=null | ip=null | op=WRITE_CHUNK {blockData=conID: 2 locID: 102655682746843832 bcsId: 0} | ret=SUCCESS |  
2019-08-21 15:30:09,130 | INFO  | DNAudit | user=null | ip=null | op=PUT_BLOCK {blockData=[blockId=conID: 2 locID: 102655682746843832 bcsId: 0,size=2097152]} | ret=SUCCESS |  
2019-08-21 15:30:09,130 [grpc-default-executor-3] INFO  client.GrpcClientProtocolClient (GrpcClientProtocolClient.java:onNext(255)) - client-029E50227556->355864cd-7ac5-4934-b366-9756b15dd90f: receive RaftClientReply:client-029E50227556->355864cd-7ac5-4934-b366-9756b15dd90f@group-785BCF25C267, cid=3526, SUCCESS, logIndex=0, commits[355864cd-7ac5-4934-b366-9756b15dd90f:c5334, ce4aa411-63c8-4399-99eb-27ce352844f3:c5331, 3eeffb0a-787e-48ec-a2f5-d0c540a89489:c5329]
2019-08-21 15:30:09,137 | INFO  | DNAudit | user=null | ip=null | op=WRITE_CHUNK {blockData=conID: 2 locID: 102655682746843832 bcsId: 5331} | ret=SUCCESS |  
2019-08-21 15:30:09,139 | INFO  | DNAudit | user=null | ip=null | op=WRITE_CHUNK {blockData=conID: 2 locID: 102655682746843832 bcsId: 0} | ret=SUCCESS |  
2019-08-21 15:30:09,139 | INFO  | DNAudit | user=null | ip=null | op=PUT_BLOCK {blockData=[blockId=conID: 2 locID: 102655682746843832 bcsId: 0,size=2097152]} | ret=SUCCESS |  
2019-08-21 15:30:09,140 | INFO  | DNAudit | user=null | ip=null | op=WRITE_CHUNK {blockData=conID: 2 locID: 102655682746843832 bcsId: 5331} | ret=SUCCESS |  
2019-08-21 15:30:09,140 | INFO  | DNAudit | user=null | ip=null | op=WRITE_CHUNK {blockData=conID: 2 locID: 102655682746843832 bcsId: 5331} | ret=SUCCESS |  
2019-08-21 15:30:09,160 | INFO  | DNAudit | user=null | ip=null | op=WRITE_CHUNK {blockData=conID: 2 locID: 102655682746843832 bcsId: 5331} | ret=SUCCESS |  
2019-08-21 15:30:09,161 | INFO  | DNAudit | user=null | ip=null | op=PUT_BLOCK {blockData=[blockId=conID: 2 locID: 102655682746843832 bcsId: 0,size=3145728]} | ret=SUCCESS |  
2019-08-21 15:30:09,161 [grpc-default-executor-5] INFO  client.GrpcClientProtocolClient (GrpcClientProtocolClient.java:onNext(255)) - client-029E50227556->355864cd-7ac5-4934-b366-9756b15dd90f: receive RaftClientReply:client-029E50227556->355864cd-7ac5-4934-b366-9756b15dd90f@group-785BCF25C267, cid=3527, SUCCESS, logIndex=5336, commits[355864cd-7ac5-4934-b366-9756b15dd90f:c5337, ce4aa411-63c8-4399-99eb-27ce352844f3:c5335, 3eeffb0a-787e-48ec-a2f5-d0c540a89489:c5335]
2019-08-21 15:30:09,162 [grpc-default-executor-5] INFO  client.GrpcClientProtocolClient (GrpcClientProtocolClient.java:onNext(255)) - client-029E50227556->355864cd-7ac5-4934-b366-9756b15dd90f: receive RaftClientReply:client-029E50227556->355864cd-7ac5-4934-b366-9756b15dd90f@group-785BCF25C267, cid=3528, SUCCESS, logIndex=5337, commits[355864cd-7ac5-4934-b366-9756b15dd90f:c5337, ce4aa411-63c8-4399-99eb-27ce352844f3:c5335, 3eeffb0a-787e-48ec-a2f5-d0c540a89489:c5335]
2019-08-21 15:30:09,170 | INFO  | DNAudit | user=null | ip=null | op=WRITE_CHUNK {blockData=conID: 2 locID: 102655682746843832 bcsId: 5337} | ret=SUCCESS |  
2019-08-21 15:30:09,172 | INFO  | DNAudit | user=null | ip=null | op=WRITE_CHUNK {blockData=conID: 2 locID: 102655682746843832 bcsId: 5331} | ret=SUCCESS |  
2019-08-21 15:30:09,172 | INFO  | DNAudit | user=null | ip=null | op=WRITE_CHUNK {blockData=conID: 2 locID: 102655682746843832 bcsId: 5331} | ret=SUCCESS |  
2019-08-21 15:30:09,173 | INFO  | DNAudit | user=null | ip=null | op=PUT_BLOCK {blockData=[blockId=conID: 2 locID: 102655682746843832 bcsId: 0,size=3145728]} | ret=SUCCESS |  
2019-08-21 15:30:09,173 | INFO  | DNAudit | user=null | ip=null | op=WRITE_CHUNK {blockData=conID: 2 locID: 102655682746843832 bcsId: 5337} | ret=SUCCESS |  
2019-08-21 15:30:09,173 | INFO  | DNAudit | user=null | ip=null | op=PUT_BLOCK {blockData=[blockId=conID: 2 locID: 102655682746843832 bcsId: 0,size=3145728]} | ret=SUCCESS |  
2019-08-21 15:30:09,173 | INFO  | DNAudit | user=null | ip=null | op=WRITE_CHUNK {blockData=conID: 2 locID: 102655682746843832 bcsId: 5337} | ret=SUCCESS |  
2019-08-21 15:30:09,194 | INFO  | DNAudit | user=null | ip=null | op=WRITE_CHUNK {blockData=conID: 2 locID: 102655682746843832 bcsId: 5337} | ret=SUCCESS |  
2019-08-21 15:30:09,195 | INFO  | DNAudit | user=null | ip=null | op=PUT_BLOCK {blockData=[blockId=conID: 2 locID: 102655682746843832 bcsId: 0,size=4194304]} | ret=SUCCESS |  
2019-08-21 15:30:09,195 [grpc-default-executor-0] INFO  client.GrpcClientProtocolClient (GrpcClientProtocolClient.java:onNext(255)) - client-029E50227556->355864cd-7ac5-4934-b366-9756b15dd90f: receive RaftClientReply:client-029E50227556->355864cd-7ac5-4934-b366-9756b15dd90f@group-785BCF25C267, cid=3529, SUCCESS, logIndex=5340, commits[355864cd-7ac5-4934-b366-9756b15dd90f:c5341, ce4aa411-63c8-4399-99eb-27ce352844f3:c5337, 3eeffb0a-787e-48ec-a2f5-d0c540a89489:c5337]
2019-08-21 15:30:09,196 | INFO  | DNAudit | user=null | ip=null | op=WRITE_CHUNK {blockData=conID: 2 locID: 102655682746843832 bcsId: 5337} | ret=SUCCESS |  
2019-08-21 15:30:09,195 [grpc-default-executor-0] INFO  client.GrpcClientProtocolClient (GrpcClientProtocolClient.java:onNext(255)) - client-029E50227556->355864cd-7ac5-4934-b366-9756b15dd90f: receive RaftClientReply:client-029E50227556->355864cd-7ac5-4934-b366-9756b15dd90f@group-785BCF25C267, cid=3530, SUCCESS, logIndex=5341, commits[355864cd-7ac5-4934-b366-9756b15dd90f:c5341, ce4aa411-63c8-4399-99eb-27ce352844f3:c5337, 3eeffb0a-787e-48ec-a2f5-d0c540a89489:c5337]
2019-08-21 15:30:09,196 | INFO  | DNAudit | user=null | ip=null | op=WRITE_CHUNK {blockData=conID: 2 locID: 102655682746843832 bcsId: 5337} | ret=SUCCESS |  
2019-08-21 15:30:09,196 | INFO  | DNAudit | user=null | ip=null | op=PUT_BLOCK {blockData=[blockId=conID: 2 locID: 102655682746843832 bcsId: 0,size=4194304]} | ret=SUCCESS |  
2019-08-21 15:30:09,197 | INFO  | DNAudit | user=null | ip=null | op=PUT_BLOCK {blockData=[blockId=conID: 2 locID: 102655682746843832 bcsId: 0,size=4194304]} | ret=SUCCESS |  
2019-08-21 15:30:09,198 [grpc-default-executor-5] INFO  client.GrpcClientProtocolClient (GrpcClientProtocolClient.java:onNext(255)) - client-029E50227556->355864cd-7ac5-4934-b366-9756b15dd90f: receive RaftClientReply:client-029E50227556->355864cd-7ac5-4934-b366-9756b15dd90f@group-785BCF25C267, cid=3531, SUCCESS, logIndex=0, commits[355864cd-7ac5-4934-b366-9756b15dd90f:c5343, ce4aa411-63c8-4399-99eb-27ce352844f3:c5341, 3eeffb0a-787e-48ec-a2f5-d0c540a89489:c5341]
2019-08-21 15:30:09,207 | INFO  | SCMAudit | user=jenkins1000 | ip=192.168.5.153 | op=ALLOCATE_BLOCK {owner=78849ec2-2b05-45d8-8cb5-e95e2230dbd1, size=4194304, type=RATIS, factor=THREE} | ret=SUCCESS |  
2019-08-21 15:30:09,213 | INFO  | OMAudit | user=jenkins1000 | ip=127.0.0.1 | op=ALLOCATE_BLOCK {volume=vol-0-32358, bucket=bucket-0-01949, key=key-0-56547, dataSize=0, replicationType=null, replicationFactor=null, keyLocationInfo=null, clientID=102655680532119954} | ret=SUCCESS |  
2019-08-21 15:30:09,221 | INFO  | DNAudit | user=null | ip=null | op=WRITE_CHUNK {blockData=conID: 3 locID: 102655682753790649 bcsId: 0} | ret=SUCCESS |  
2019-08-21 15:30:09,223 | INFO  | DNAudit | user=null | ip=null | op=WRITE_CHUNK {blockData=conID: 3 locID: 102655682753790649 bcsId: 0} | ret=SUCCESS |  
2019-08-21 15:30:09,224 | INFO  | DNAudit | user=null | ip=null | op=WRITE_CHUNK {blockData=conID: 3 locID: 102655682753790649 bcsId: 0} | ret=SUCCESS |  
2019-08-21 15:30:09,224 | INFO  | DNAudit | user=null | ip=null | op=WRITE_CHUNK {blockData=conID: 3 locID: 102655682753790649 bcsId: 0} | ret=SUCCESS |  
2019-08-21 15:30:09,226 | INFO  | DNAudit | user=null | ip=null | op=WRITE_CHUNK {blockData=conID: 3 locID: 102655682753790649 bcsId: 0} | ret=SUCCESS |  
2019-08-21 15:30:09,226 | INFO  | DNAudit | user=null | ip=null | op=WRITE_CHUNK {blockData=conID: 3 locID: 102655682753790649 bcsId: 0} | ret=SUCCESS |  
2019-08-21 15:30:09,238 | INFO  | DNAudit | user=null | ip=null | op=WRITE_CHUNK {blockData=conID: 3 locID: 102655682753790649 bcsId: 0} | ret=SUCCESS |  
2019-08-21 15:30:09,239 | INFO  | DNAudit | user=null | ip=null | op=PUT_BLOCK {blockData=[blockId=conID: 3 locID: 102655682753790649 bcsId: 0,size=1048576]} | ret=SUCCESS |  
2019-08-21 15:30:09,239 [grpc-default-executor-3] INFO  client.GrpcClientProtocolClient (GrpcClientProtocolClient.java:onNext(255)) - client-029E50227556->355864cd-7ac5-4934-b366-9756b15dd90f: receive RaftClientReply:client-029E50227556->355864cd-7ac5-4934-b366-9756b15dd90f@group-785BCF25C267, cid=3532, SUCCESS, logIndex=5344, commits[355864cd-7ac5-4934-b366-9756b15dd90f:c5346, ce4aa411-63c8-4399-99eb-27ce352844f3:c5343, 3eeffb0a-787e-48ec-a2f5-d0c540a89489:c5343]
2019-08-21 15:30:09,239 | INFO  | DNAudit | user=null | ip=null | op=WRITE_CHUNK {blockData=conID: 3 locID: 102655682753790649 bcsId: 0} | ret=SUCCESS |  
2019-08-21 15:30:09,239 [grpc-default-executor-3] INFO  client.GrpcClientProtocolClient (GrpcClientProtocolClient.java:onNext(255)) - client-029E50227556->355864cd-7ac5-4934-b366-9756b15dd90f: receive RaftClientReply:client-029E50227556->355864cd-7ac5-4934-b366-9756b15dd90f@group-785BCF25C267, cid=3533, SUCCESS, logIndex=5345, commits[355864cd-7ac5-4934-b366-9756b15dd90f:c5347, ce4aa411-63c8-4399-99eb-27ce352844f3:c5343, 3eeffb0a-787e-48ec-a2f5-d0c540a89489:c5343]
2019-08-21 15:30:09,240 | INFO  | DNAudit | user=null | ip=null | op=PUT_BLOCK {blockData=[blockId=conID: 3 locID: 102655682753790649 bcsId: 0,size=2097152]} | ret=SUCCESS |  
2019-08-21 15:30:09,240 [grpc-default-executor-3] INFO  client.GrpcClientProtocolClient (GrpcClientProtocolClient.java:onNext(255)) - client-029E50227556->355864cd-7ac5-4934-b366-9756b15dd90f: receive RaftClientReply:client-029E50227556->355864cd-7ac5-4934-b366-9756b15dd90f@group-785BCF25C267, cid=3534, SUCCESS, logIndex=5346, commits[355864cd-7ac5-4934-b366-9756b15dd90f:c5347, ce4aa411-63c8-4399-99eb-27ce352844f3:c5343, 3eeffb0a-787e-48ec-a2f5-d0c540a89489:c5343]
2019-08-21 15:30:09,240 [grpc-default-executor-3] INFO  client.GrpcClientProtocolClient (GrpcClientProtocolClient.java:onNext(255)) - client-029E50227556->355864cd-7ac5-4934-b366-9756b15dd90f: receive RaftClientReply:client-029E50227556->355864cd-7ac5-4934-b366-9756b15dd90f@group-785BCF25C267, cid=3535, SUCCESS, logIndex=5347, commits[355864cd-7ac5-4934-b366-9756b15dd90f:c5347, ce4aa411-63c8-4399-99eb-27ce352844f3:c5343, 3eeffb0a-787e-48ec-a2f5-d0c540a89489:c5343]
2019-08-21 15:30:09,250 | INFO  | DNAudit | user=null | ip=null | op=WRITE_CHUNK {blockData=conID: 3 locID: 102655682753790649 bcsId: 0} | ret=SUCCESS |  
2019-08-21 15:30:09,250 | INFO  | DNAudit | user=null | ip=null | op=WRITE_CHUNK {blockData=conID: 3 locID: 102655682753790649 bcsId: 0} | ret=SUCCESS |  
2019-08-21 15:30:09,250 | INFO  | DNAudit | user=null | ip=null | op=PUT_BLOCK {blockData=[blockId=conID: 3 locID: 102655682753790649 bcsId: 0,size=1048576]} | ret=SUCCESS |  
2019-08-21 15:30:09,250 | INFO  | DNAudit | user=null | ip=null | op=PUT_BLOCK {blockData=[blockId=conID: 3 locID: 102655682753790649 bcsId: 0,size=1048576]} | ret=SUCCESS |  
2019-08-21 15:30:09,250 | INFO  | DNAudit | user=null | ip=null | op=WRITE_CHUNK {blockData=conID: 3 locID: 102655682753790649 bcsId: 0} | ret=SUCCESS |  
2019-08-21 15:30:09,250 [grpc-default-executor-3] INFO  client.GrpcClientProtocolClient (GrpcClientProtocolClient.java:onNext(255)) - client-029E50227556->355864cd-7ac5-4934-b366-9756b15dd90f: receive RaftClientReply:client-029E50227556->355864cd-7ac5-4934-b366-9756b15dd90f@group-785BCF25C267, cid=3536, SUCCESS, logIndex=0, commits[355864cd-7ac5-4934-b366-9756b15dd90f:c5348, ce4aa411-63c8-4399-99eb-27ce352844f3:c5345, 3eeffb0a-787e-48ec-a2f5-d0c540a89489:c5345]
2019-08-21 15:30:09,251 | INFO  | DNAudit | user=null | ip=null | op=WRITE_CHUNK {blockData=conID: 3 locID: 102655682753790649 bcsId: 0} | ret=SUCCESS |  
2019-08-21 15:30:09,251 | INFO  | DNAudit | user=null | ip=null | op=PUT_BLOCK {blockData=[blockId=conID: 3 locID: 102655682753790649 bcsId: 0,size=2097152]} | ret=SUCCESS |  
2019-08-21 15:30:09,251 | INFO  | DNAudit | user=null | ip=null | op=PUT_BLOCK {blockData=[blockId=conID: 3 locID: 102655682753790649 bcsId: 0,size=2097152]} | ret=SUCCESS |  
2019-08-21 15:30:09,258 | INFO  | DNAudit | user=null | ip=null | op=WRITE_CHUNK {blockData=conID: 3 locID: 102655682753790649 bcsId: 5347} | ret=SUCCESS |  
2019-08-21 15:30:09,260 | INFO  | DNAudit | user=null | ip=null | op=WRITE_CHUNK {blockData=conID: 3 locID: 102655682753790649 bcsId: 5347} | ret=SUCCESS |  
2019-08-21 15:30:09,261 | INFO  | DNAudit | user=null | ip=null | op=WRITE_CHUNK {blockData=conID: 3 locID: 102655682753790649 bcsId: 5347} | ret=SUCCESS |  
2019-08-21 15:30:09,270 | INFO  | DNAudit | user=null | ip=null | op=WRITE_CHUNK {blockData=conID: 3 locID: 102655682753790649 bcsId: 5347} | ret=SUCCESS |  
2019-08-21 15:30:09,270 | INFO  | DNAudit | user=null | ip=null | op=PUT_BLOCK {blockData=[blockId=conID: 3 locID: 102655682753790649 bcsId: 0,size=3145728]} | ret=SUCCESS |  
2019-08-21 15:30:09,271 [grpc-default-executor-3] INFO  client.GrpcClientProtocolClient (GrpcClientProtocolClient.java:onNext(255)) - client-029E50227556->355864cd-7ac5-4934-b366-9756b15dd90f: receive RaftClientReply:client-029E50227556->355864cd-7ac5-4934-b366-9756b15dd90f@group-785BCF25C267, cid=3537, SUCCESS, logIndex=5352, commits[355864cd-7ac5-4934-b366-9756b15dd90f:c5353, ce4aa411-63c8-4399-99eb-27ce352844f3:c5351, 3eeffb0a-787e-48ec-a2f5-d0c540a89489:c5351]
2019-08-21 15:30:09,271 [grpc-default-executor-3] INFO  client.GrpcClientProtocolClient (GrpcClientProtocolClient.java:onNext(255)) - client-029E50227556->355864cd-7ac5-4934-b366-9756b15dd90f: receive RaftClientReply:client-029E50227556->355864cd-7ac5-4934-b366-9756b15dd90f@group-785BCF25C267, cid=3538, SUCCESS, logIndex=5353, commits[355864cd-7ac5-4934-b366-9756b15dd90f:c5353, ce4aa411-63c8-4399-99eb-27ce352844f3:c5351, 3eeffb0a-787e-48ec-a2f5-d0c540a89489:c5351]
2019-08-21 15:30:09,281 | INFO  | DNAudit | user=null | ip=null | op=WRITE_CHUNK {blockData=conID: 3 locID: 102655682753790649 bcsId: 5353} | ret=SUCCESS |  
2019-08-21 15:30:09,281 | INFO  | DNAudit | user=null | ip=null | op=WRITE_CHUNK {blockData=conID: 3 locID: 102655682753790649 bcsId: 5347} | ret=SUCCESS |  
2019-08-21 15:30:09,282 | INFO  | DNAudit | user=null | ip=null | op=WRITE_CHUNK {blockData=conID: 3 locID: 102655682753790649 bcsId: 5347} | ret=SUCCESS |  
2019-08-21 15:30:09,282 | INFO  | DNAudit | user=null | ip=null | op=PUT_BLOCK {blockData=[blockId=conID: 3 locID: 102655682753790649 bcsId: 0,size=3145728]} | ret=SUCCESS |  
2019-08-21 15:30:09,283 | INFO  | DNAudit | user=null | ip=null | op=PUT_BLOCK {blockData=[blockId=conID: 3 locID: 102655682753790649 bcsId: 0,size=3145728]} | ret=SUCCESS |  
2019-08-21 15:30:09,284 | INFO  | DNAudit | user=null | ip=null | op=WRITE_CHUNK {blockData=conID: 3 locID: 102655682753790649 bcsId: 5353} | ret=SUCCESS |  
2019-08-21 15:30:09,284 | INFO  | DNAudit | user=null | ip=null | op=WRITE_CHUNK {blockData=conID: 3 locID: 102655682753790649 bcsId: 5353} | ret=SUCCESS |  
2019-08-21 15:30:09,296 | INFO  | DNAudit | user=null | ip=null | op=WRITE_CHUNK {blockData=conID: 3 locID: 102655682753790649 bcsId: 5353} | ret=SUCCESS |  
2019-08-21 15:30:09,296 | INFO  | DNAudit | user=null | ip=null | op=PUT_BLOCK {blockData=[blockId=conID: 3 locID: 102655682753790649 bcsId: 0,size=4194304]} | ret=SUCCESS |  
2019-08-21 15:30:09,296 [grpc-default-executor-5] INFO  client.GrpcClientProtocolClient (GrpcClientProtocolClient.java:onNext(255)) - client-029E50227556->355864cd-7ac5-4934-b366-9756b15dd90f: receive RaftClientReply:client-029E50227556->355864cd-7ac5-4934-b366-9756b15dd90f@group-785BCF25C267, cid=3539, SUCCESS, logIndex=5356, commits[355864cd-7ac5-4934-b366-9756b15dd90f:c5357, ce4aa411-63c8-4399-99eb-27ce352844f3:c5353, 3eeffb0a-787e-48ec-a2f5-d0c540a89489:c5353]
2019-08-21 15:30:09,297 [grpc-default-executor-5] INFO  client.GrpcClientProtocolClient (GrpcClientProtocolClient.java:onNext(255)) - client-029E50227556->355864cd-7ac5-4934-b366-9756b15dd90f: receive RaftClientReply:client-029E50227556->355864cd-7ac5-4934-b366-9756b15dd90f@group-785BCF25C267, cid=3540, SUCCESS, logIndex=5357, commits[355864cd-7ac5-4934-b366-9756b15dd90f:c5357, ce4aa411-63c8-4399-99eb-27ce352844f3:c5353, 3eeffb0a-787e-48ec-a2f5-d0c540a89489:c5353]
2019-08-21 15:30:09,299 | INFO  | DNAudit | user=null | ip=null | op=WRITE_CHUNK {blockData=conID: 3 locID: 102655682753790649 bcsId: 5353} | ret=SUCCESS |  
2019-08-21 15:30:09,299 | INFO  | DNAudit | user=null | ip=null | op=WRITE_CHUNK {blockData=conID: 3 locID: 102655682753790649 bcsId: 5353} | ret=SUCCESS |  
2019-08-21 15:30:09,299 | INFO  | DNAudit | user=null | ip=null | op=PUT_BLOCK {blockData=[blockId=conID: 3 locID: 102655682753790649 bcsId: 0,size=4194304]} | ret=SUCCESS |  
2019-08-21 15:30:09,312 | INFO  | DNAudit | user=null | ip=null | op=PUT_BLOCK {blockData=[blockId=conID: 3 locID: 102655682753790649 bcsId: 0,size=4194304]} | ret=SUCCESS |  
2019-08-21 15:30:09,312 [grpc-default-executor-4] INFO  client.GrpcClientProtocolClient (GrpcClientProtocolClient.java:onNext(255)) - client-029E50227556->355864cd-7ac5-4934-b366-9756b15dd90f: receive RaftClientReply:client-029E50227556->355864cd-7ac5-4934-b366-9756b15dd90f@group-785BCF25C267, cid=3541, SUCCESS, logIndex=0, commits[355864cd-7ac5-4934-b366-9756b15dd90f:c5358, ce4aa411-63c8-4399-99eb-27ce352844f3:c5357, 3eeffb0a-787e-48ec-a2f5-d0c540a89489:c5357]
2019-08-21 15:30:09,322 | INFO  | SCMAudit | user=jenkins1000 | ip=192.168.5.153 | op=ALLOCATE_BLOCK {owner=78849ec2-2b05-45d8-8cb5-e95e2230dbd1, size=4194304, type=RATIS, factor=THREE} | ret=SUCCESS |  
2019-08-21 15:30:09,328 | INFO  | OMAudit | user=jenkins1000 | ip=127.0.0.1 | op=ALLOCATE_BLOCK {volume=vol-0-32358, bucket=bucket-0-01949, key=key-0-56547, dataSize=0, replicationType=null, replicationFactor=null, keyLocationInfo=null, clientID=102655680532119954} | ret=SUCCESS |  
2019-08-21 15:30:09,336 | INFO  | DNAudit | user=null | ip=null | op=WRITE_CHUNK {blockData=conID: 1 locID: 102655682761261754 bcsId: 0} | ret=SUCCESS |  
2019-08-21 15:30:09,338 | INFO  | DNAudit | user=null | ip=null | op=WRITE_CHUNK {blockData=conID: 1 locID: 102655682761261754 bcsId: 0} | ret=SUCCESS |  
2019-08-21 15:30:09,339 | INFO  | DNAudit | user=null | ip=null | op=WRITE_CHUNK {blockData=conID: 1 locID: 102655682761261754 bcsId: 0} | ret=SUCCESS |  
2019-08-21 15:30:09,340 | INFO  | DNAudit | user=null | ip=null | op=WRITE_CHUNK {blockData=conID: 1 locID: 102655682761261754 bcsId: 0} | ret=SUCCESS |  
2019-08-21 15:30:09,340 | INFO  | DNAudit | user=null | ip=null | op=WRITE_CHUNK {blockData=conID: 1 locID: 102655682761261754 bcsId: 0} | ret=SUCCESS |  
2019-08-21 15:30:09,341 | INFO  | DNAudit | user=null | ip=null | op=WRITE_CHUNK {blockData=conID: 1 locID: 102655682761261754 bcsId: 0} | ret=SUCCESS |  
2019-08-21 15:30:09,353 | INFO  | DNAudit | user=null | ip=null | op=WRITE_CHUNK {blockData=conID: 1 locID: 102655682761261754 bcsId: 0} | ret=SUCCESS |  
2019-08-21 15:30:09,354 | INFO  | DNAudit | user=null | ip=null | op=PUT_BLOCK {blockData=[blockId=conID: 1 locID: 102655682761261754 bcsId: 0,size=1048576]} | ret=SUCCESS |  
2019-08-21 15:30:09,354 [grpc-default-executor-4] INFO  client.GrpcClientProtocolClient (GrpcClientProtocolClient.java:onNext(255)) - client-029E50227556->355864cd-7ac5-4934-b366-9756b15dd90f: receive RaftClientReply:client-029E50227556->355864cd-7ac5-4934-b366-9756b15dd90f@group-785BCF25C267, cid=3542, SUCCESS, logIndex=5360, commits[355864cd-7ac5-4934-b366-9756b15dd90f:c5363, ce4aa411-63c8-4399-99eb-27ce352844f3:c5357, 3eeffb0a-787e-48ec-a2f5-d0c540a89489:c5359]
2019-08-21 15:30:09,354 | INFO  | DNAudit | user=null | ip=null | op=WRITE_CHUNK {blockData=conID: 1 locID: 102655682761261754 bcsId: 0} | ret=SUCCESS |  
2019-08-21 15:30:09,354 | INFO  | DNAudit | user=null | ip=null | op=PUT_BLOCK {blockData=[blockId=conID: 1 locID: 102655682761261754 bcsId: 0,size=2097152]} | ret=SUCCESS |  
2019-08-21 15:30:09,355 [grpc-default-executor-4] INFO  client.GrpcClientProtocolClient (GrpcClientProtocolClient.java:onNext(255)) - client-029E50227556->355864cd-7ac5-4934-b366-9756b15dd90f: receive RaftClientReply:client-029E50227556->355864cd-7ac5-4934-b366-9756b15dd90f@group-785BCF25C267, cid=3543, SUCCESS, logIndex=5361, commits[355864cd-7ac5-4934-b366-9756b15dd90f:c5363, ce4aa411-63c8-4399-99eb-27ce352844f3:c5359, 3eeffb0a-787e-48ec-a2f5-d0c540a89489:c5359]
2019-08-21 15:30:09,355 [grpc-default-executor-4] INFO  client.GrpcClientProtocolClient (GrpcClientProtocolClient.java:onNext(255)) - client-029E50227556->355864cd-7ac5-4934-b366-9756b15dd90f: receive RaftClientReply:client-029E50227556->355864cd-7ac5-4934-b366-9756b15dd90f@group-785BCF25C267, cid=3544, SUCCESS, logIndex=5362, commits[355864cd-7ac5-4934-b366-9756b15dd90f:c5363, ce4aa411-63c8-4399-99eb-27ce352844f3:c5359, 3eeffb0a-787e-48ec-a2f5-d0c540a89489:c5359]
2019-08-21 15:30:09,355 [grpc-default-executor-4] INFO  client.GrpcClientProtocolClient (GrpcClientProtocolClient.java:onNext(255)) - client-029E50227556->355864cd-7ac5-4934-b366-9756b15dd90f: receive RaftClientReply:client-029E50227556->355864cd-7ac5-4934-b366-9756b15dd90f@group-785BCF25C267, cid=3545, SUCCESS, logIndex=5363, commits[355864cd-7ac5-4934-b366-9756b15dd90f:c5363, ce4aa411-63c8-4399-99eb-27ce352844f3:c5359, 3eeffb0a-787e-48ec-a2f5-d0c540a89489:c5359]
2019-08-21 15:30:09,365 | INFO  | DNAudit | user=null | ip=null | op=WRITE_CHUNK {blockData=conID: 1 locID: 102655682761261754 bcsId: 0} | ret=SUCCESS |  
2019-08-21 15:30:09,365 | INFO  | DNAudit | user=null | ip=null | op=WRITE_CHUNK {blockData=conID: 1 locID: 102655682761261754 bcsId: 0} | ret=SUCCESS |  
2019-08-21 15:30:09,365 | INFO  | DNAudit | user=null | ip=null | op=PUT_BLOCK {blockData=[blockId=conID: 1 locID: 102655682761261754 bcsId: 0,size=1048576]} | ret=SUCCESS |  
2019-08-21 15:30:09,365 | INFO  | DNAudit | user=null | ip=null | op=PUT_BLOCK {blockData=[blockId=conID: 1 locID: 102655682761261754 bcsId: 0,size=1048576]} | ret=SUCCESS |  
2019-08-21 15:30:09,365 [grpc-default-executor-4] INFO  client.GrpcClientProtocolClient (GrpcClientProtocolClient.java:onNext(255)) - client-029E50227556->355864cd-7ac5-4934-b366-9756b15dd90f: receive RaftClientReply:client-029E50227556->355864cd-7ac5-4934-b366-9756b15dd90f@group-785BCF25C267, cid=3546, SUCCESS, logIndex=0, commits[355864cd-7ac5-4934-b366-9756b15dd90f:c5364, ce4aa411-63c8-4399-99eb-27ce352844f3:c5361, 3eeffb0a-787e-48ec-a2f5-d0c540a89489:c5361]
2019-08-21 15:30:09,367 | INFO  | DNAudit | user=null | ip=null | op=WRITE_CHUNK {blockData=conID: 1 locID: 102655682761261754 bcsId: 0} | ret=SUCCESS |  
2019-08-21 15:30:09,367 | INFO  | DNAudit | user=null | ip=null | op=WRITE_CHUNK {blockData=conID: 1 locID: 102655682761261754 bcsId: 0} | ret=SUCCESS |  
2019-08-21 15:30:09,368 | INFO  | DNAudit | user=null | ip=null | op=PUT_BLOCK {blockData=[blockId=conID: 1 locID: 102655682761261754 bcsId: 0,size=2097152]} | ret=SUCCESS |  
2019-08-21 15:30:09,368 | INFO  | DNAudit | user=null | ip=null | op=PUT_BLOCK {blockData=[blockId=conID: 1 locID: 102655682761261754 bcsId: 0,size=2097152]} | ret=SUCCESS |  
2019-08-21 15:30:09,372 | INFO  | DNAudit | user=null | ip=null | op=WRITE_CHUNK {blockData=conID: 1 locID: 102655682761261754 bcsId: 5363} | ret=SUCCESS |  
2019-08-21 15:30:09,375 | INFO  | DNAudit | user=null | ip=null | op=WRITE_CHUNK {blockData=conID: 1 locID: 102655682761261754 bcsId: 5363} | ret=SUCCESS |  
2019-08-21 15:30:09,375 | INFO  | DNAudit | user=null | ip=null | op=WRITE_CHUNK {blockData=conID: 1 locID: 102655682761261754 bcsId: 5363} | ret=SUCCESS |  
2019-08-21 15:30:09,385 | INFO  | DNAudit | user=null | ip=null | op=WRITE_CHUNK {blockData=conID: 1 locID: 102655682761261754 bcsId: 5363} | ret=SUCCESS |  
2019-08-21 15:30:09,385 | INFO  | DNAudit | user=null | ip=null | op=PUT_BLOCK {blockData=[blockId=conID: 1 locID: 102655682761261754 bcsId: 0,size=3145728]} | ret=SUCCESS |  
2019-08-21 15:30:09,386 [grpc-default-executor-5] INFO  client.GrpcClientProtocolClient (GrpcClientProtocolClient.java:onNext(255)) - client-029E50227556->355864cd-7ac5-4934-b366-9756b15dd90f: receive RaftClientReply:client-029E50227556->355864cd-7ac5-4934-b366-9756b15dd90f@group-785BCF25C267, cid=3547, SUCCESS, logIndex=5368, commits[355864cd-7ac5-4934-b366-9756b15dd90f:c5369, ce4aa411-63c8-4399-99eb-27ce352844f3:c5367, 3eeffb0a-787e-48ec-a2f5-d0c540a89489:c5367]
2019-08-21 15:30:09,386 [grpc-default-executor-5] INFO  client.GrpcClientProtocolClient (GrpcClientProtocolClient.java:onNext(255)) - client-029E50227556->355864cd-7ac5-4934-b366-9756b15dd90f: receive RaftClientReply:client-029E50227556->355864cd-7ac5-4934-b366-9756b15dd90f@group-785BCF25C267, cid=3548, SUCCESS, logIndex=5369, commits[355864cd-7ac5-4934-b366-9756b15dd90f:c5369, ce4aa411-63c8-4399-99eb-27ce352844f3:c5367, 3eeffb0a-787e-48ec-a2f5-d0c540a89489:c5367]
2019-08-21 15:30:09,393 | INFO  | DNAudit | user=null | ip=null | op=WRITE_CHUNK {blockData=conID: 1 locID: 102655682761261754 bcsId: 5369} | ret=SUCCESS |  
2019-08-21 15:30:09,395 | INFO  | DNAudit | user=null | ip=null | op=WRITE_CHUNK {blockData=conID: 1 locID: 102655682761261754 bcsId: 5369} | ret=SUCCESS |  
2019-08-21 15:30:09,396 | INFO  | DNAudit | user=null | ip=null | op=WRITE_CHUNK {blockData=conID: 1 locID: 102655682761261754 bcsId: 5369} | ret=SUCCESS |  
2019-08-21 15:30:09,396 | INFO  | DNAudit | user=null | ip=null | op=WRITE_CHUNK {blockData=conID: 1 locID: 102655682761261754 bcsId: 5363} | ret=SUCCESS |  
2019-08-21 15:30:09,397 | INFO  | DNAudit | user=null | ip=null | op=WRITE_CHUNK {blockData=conID: 1 locID: 102655682761261754 bcsId: 5363} | ret=SUCCESS |  
2019-08-21 15:30:09,399 | INFO  | DNAudit | user=null | ip=null | op=PUT_BLOCK {blockData=[blockId=conID: 1 locID: 102655682761261754 bcsId: 0,size=3145728]} | ret=SUCCESS |  
2019-08-21 15:30:09,399 | INFO  | DNAudit | user=null | ip=null | op=PUT_BLOCK {blockData=[blockId=conID: 1 locID: 102655682761261754 bcsId: 0,size=3145728]} | ret=SUCCESS |  
2019-08-21 15:30:09,400 | INFO  | DNAudit | user=null | ip=null | op=WRITE_CHUNK {blockData=conID: 1 locID: 102655682761261754 bcsId: 5369} | ret=SUCCESS |  
2019-08-21 15:30:09,400 | INFO  | DNAudit | user=null | ip=null | op=PUT_BLOCK {blockData=[blockId=conID: 1 locID: 102655682761261754 bcsId: 0,size=4194304]} | ret=SUCCESS |  
2019-08-21 15:30:09,400 [grpc-default-executor-0] INFO  client.GrpcClientProtocolClient (GrpcClientProtocolClient.java:onNext(255)) - client-029E50227556->355864cd-7ac5-4934-b366-9756b15dd90f: receive RaftClientReply:client-029E50227556->355864cd-7ac5-4934-b366-9756b15dd90f@group-785BCF25C267, cid=3549, SUCCESS, logIndex=5372, commits[355864cd-7ac5-4934-b366-9756b15dd90f:c5373, ce4aa411-63c8-4399-99eb-27ce352844f3:c5369, 3eeffb0a-787e-48ec-a2f5-d0c540a89489:c5369]
2019-08-21 15:30:09,401 [grpc-default-executor-0] INFO  client.GrpcClientProtocolClient (GrpcClientProtocolClient.java:onNext(255)) - client-029E50227556->355864cd-7ac5-4934-b366-9756b15dd90f: receive RaftClientReply:client-029E50227556->355864cd-7ac5-4934-b366-9756b15dd90f@group-785BCF25C267, cid=3550, SUCCESS, logIndex=5373, commits[355864cd-7ac5-4934-b366-9756b15dd90f:c5373, ce4aa411-63c8-4399-99eb-27ce352844f3:c5369, 3eeffb0a-787e-48ec-a2f5-d0c540a89489:c5369]
2019-08-21 15:30:09,426 | INFO  | DNAudit | user=null | ip=null | op=WRITE_CHUNK {blockData=conID: 1 locID: 102655682761261754 bcsId: 5369} | ret=SUCCESS |  
2019-08-21 15:30:09,426 | INFO  | DNAudit | user=null | ip=null | op=WRITE_CHUNK {blockData=conID: 1 locID: 102655682761261754 bcsId: 5369} | ret=SUCCESS |  
2019-08-21 15:30:09,428 | INFO  | DNAudit | user=null | ip=null | op=PUT_BLOCK {blockData=[blockId=conID: 1 locID: 102655682761261754 bcsId: 0,size=4194304]} | ret=SUCCESS |  
2019-08-21 15:30:09,428 | INFO  | DNAudit | user=null | ip=null | op=PUT_BLOCK {blockData=[blockId=conID: 1 locID: 102655682761261754 bcsId: 0,size=4194304]} | ret=SUCCESS |  
2019-08-21 15:30:09,429 [grpc-default-executor-0] INFO  client.GrpcClientProtocolClient (GrpcClientProtocolClient.java:onNext(255)) - client-029E50227556->355864cd-7ac5-4934-b366-9756b15dd90f: receive RaftClientReply:client-029E50227556->355864cd-7ac5-4934-b366-9756b15dd90f@group-785BCF25C267, cid=3551, SUCCESS, logIndex=0, commits[355864cd-7ac5-4934-b366-9756b15dd90f:c5375, ce4aa411-63c8-4399-99eb-27ce352844f3:c5373, 3eeffb0a-787e-48ec-a2f5-d0c540a89489:c5373]
2019-08-21 15:30:09,438 | INFO  | SCMAudit | user=jenkins1000 | ip=192.168.5.153 | op=ALLOCATE_BLOCK {owner=78849ec2-2b05-45d8-8cb5-e95e2230dbd1, size=4194304, type=RATIS, factor=THREE} | ret=SUCCESS |  
2019-08-21 15:30:09,445 | INFO  | OMAudit | user=jenkins1000 | ip=127.0.0.1 | op=ALLOCATE_BLOCK {volume=vol-0-32358, bucket=bucket-0-01949, key=key-0-56547, dataSize=0, replicationType=null, replicationFactor=null, keyLocationInfo=null, clientID=102655680532119954} | ret=SUCCESS |  
2019-08-21 15:30:09,453 | INFO  | DNAudit | user=null | ip=null | op=WRITE_CHUNK {blockData=conID: 2 locID: 102655682768929467 bcsId: 0} | ret=SUCCESS |  
2019-08-21 15:30:09,456 | INFO  | DNAudit | user=null | ip=null | op=WRITE_CHUNK {blockData=conID: 2 locID: 102655682768929467 bcsId: 0} | ret=SUCCESS |  
2019-08-21 15:30:09,456 | INFO  | DNAudit | user=null | ip=null | op=WRITE_CHUNK {blockData=conID: 2 locID: 102655682768929467 bcsId: 0} | ret=SUCCESS |  
2019-08-21 15:30:09,456 | INFO  | DNAudit | user=null | ip=null | op=WRITE_CHUNK {blockData=conID: 2 locID: 102655682768929467 bcsId: 0} | ret=SUCCESS |  
2019-08-21 15:30:09,458 | INFO  | DNAudit | user=null | ip=null | op=WRITE_CHUNK {blockData=conID: 2 locID: 102655682768929467 bcsId: 0} | ret=SUCCESS |  
2019-08-21 15:30:09,458 | INFO  | DNAudit | user=null | ip=null | op=WRITE_CHUNK {blockData=conID: 2 locID: 102655682768929467 bcsId: 0} | ret=SUCCESS |  
2019-08-21 15:30:09,466 | INFO  | DNAudit | user=null | ip=null | op=WRITE_CHUNK {blockData=conID: 2 locID: 102655682768929467 bcsId: 0} | ret=SUCCESS |  
2019-08-21 15:30:09,466 | INFO  | DNAudit | user=null | ip=null | op=PUT_BLOCK {blockData=[blockId=conID: 2 locID: 102655682768929467 bcsId: 0,size=1048576]} | ret=SUCCESS |  
2019-08-21 15:30:09,467 | INFO  | DNAudit | user=null | ip=null | op=WRITE_CHUNK {blockData=conID: 2 locID: 102655682768929467 bcsId: 0} | ret=SUCCESS |  
2019-08-21 15:30:09,467 [grpc-default-executor-5] INFO  client.GrpcClientProtocolClient (GrpcClientProtocolClient.java:onNext(255)) - client-029E50227556->355864cd-7ac5-4934-b366-9756b15dd90f: receive RaftClientReply:client-029E50227556->355864cd-7ac5-4934-b366-9756b15dd90f@group-785BCF25C267, cid=3552, SUCCESS, logIndex=5376, commits[355864cd-7ac5-4934-b366-9756b15dd90f:c5377, ce4aa411-63c8-4399-99eb-27ce352844f3:c5375, 3eeffb0a-787e-48ec-a2f5-d0c540a89489:c5375]
2019-08-21 15:30:09,467 | INFO  | DNAudit | user=null | ip=null | op=PUT_BLOCK {blockData=[blockId=conID: 2 locID: 102655682768929467 bcsId: 0,size=2097152]} | ret=SUCCESS |  
2019-08-21 15:30:09,467 [grpc-default-executor-5] INFO  client.GrpcClientProtocolClient (GrpcClientProtocolClient.java:onNext(255)) - client-029E50227556->355864cd-7ac5-4934-b366-9756b15dd90f: receive RaftClientReply:client-029E50227556->355864cd-7ac5-4934-b366-9756b15dd90f@group-785BCF25C267, cid=3553, SUCCESS, logIndex=5377, commits[355864cd-7ac5-4934-b366-9756b15dd90f:c5379, ce4aa411-63c8-4399-99eb-27ce352844f3:c5375, 3eeffb0a-787e-48ec-a2f5-d0c540a89489:c5375]
2019-08-21 15:30:09,468 | INFO  | DNAudit | user=null | ip=null | op=WRITE_CHUNK {blockData=conID: 2 locID: 102655682768929467 bcsId: 0} | ret=SUCCESS |  
2019-08-21 15:30:09,468 [grpc-default-executor-4] INFO  client.GrpcClientProtocolClient (GrpcClientProtocolClient.java:onNext(255)) - client-029E50227556->355864cd-7ac5-4934-b366-9756b15dd90f: receive RaftClientReply:client-029E50227556->355864cd-7ac5-4934-b366-9756b15dd90f@group-785BCF25C267, cid=3554, SUCCESS, logIndex=5378, commits[355864cd-7ac5-4934-b366-9756b15dd90f:c5379, ce4aa411-63c8-4399-99eb-27ce352844f3:c5375, 3eeffb0a-787e-48ec-a2f5-d0c540a89489:c5375]
2019-08-21 15:30:09,468 [grpc-default-executor-4] INFO  client.GrpcClientProtocolClient (GrpcClientProtocolClient.java:onNext(255)) - client-029E50227556->355864cd-7ac5-4934-b366-9756b15dd90f: receive RaftClientReply:client-029E50227556->355864cd-7ac5-4934-b366-9756b15dd90f@group-785BCF25C267, cid=3555, SUCCESS, logIndex=5379, commits[355864cd-7ac5-4934-b366-9756b15dd90f:c5379, ce4aa411-63c8-4399-99eb-27ce352844f3:c5375, 3eeffb0a-787e-48ec-a2f5-d0c540a89489:c5375]
2019-08-21 15:30:09,477 | INFO  | DNAudit | user=null | ip=null | op=WRITE_CHUNK {blockData=conID: 2 locID: 102655682768929467 bcsId: 0} | ret=SUCCESS |  
2019-08-21 15:30:09,477 | INFO  | DNAudit | user=null | ip=null | op=PUT_BLOCK {blockData=[blockId=conID: 2 locID: 102655682768929467 bcsId: 0,size=1048576]} | ret=SUCCESS |  
2019-08-21 15:30:09,477 | INFO  | DNAudit | user=null | ip=null | op=WRITE_CHUNK {blockData=conID: 2 locID: 102655682768929467 bcsId: 0} | ret=SUCCESS |  
2019-08-21 15:30:09,488 | INFO  | DNAudit | user=null | ip=null | op=PUT_BLOCK {blockData=[blockId=conID: 2 locID: 102655682768929467 bcsId: 0,size=1048576]} | ret=SUCCESS |  
2019-08-21 15:30:09,488 | INFO  | DNAudit | user=null | ip=null | op=WRITE_CHUNK {blockData=conID: 2 locID: 102655682768929467 bcsId: 0} | ret=SUCCESS |  
2019-08-21 15:30:09,488 | INFO  | DNAudit | user=null | ip=null | op=PUT_BLOCK {blockData=[blockId=conID: 2 locID: 102655682768929467 bcsId: 0,size=2097152]} | ret=SUCCESS |  
2019-08-21 15:30:09,488 | INFO  | DNAudit | user=null | ip=null | op=PUT_BLOCK {blockData=[blockId=conID: 2 locID: 102655682768929467 bcsId: 0,size=2097152]} | ret=SUCCESS |  
2019-08-21 15:30:09,488 [grpc-default-executor-4] INFO  client.GrpcClientProtocolClient (GrpcClientProtocolClient.java:onNext(255)) - client-029E50227556->355864cd-7ac5-4934-b366-9756b15dd90f: receive RaftClientReply:client-029E50227556->355864cd-7ac5-4934-b366-9756b15dd90f@group-785BCF25C267, cid=3556, SUCCESS, logIndex=0, commits[355864cd-7ac5-4934-b366-9756b15dd90f:c5382, ce4aa411-63c8-4399-99eb-27ce352844f3:c5378, 3eeffb0a-787e-48ec-a2f5-d0c540a89489:c5377]
2019-08-21 15:30:09,496 | INFO  | DNAudit | user=null | ip=null | op=WRITE_CHUNK {blockData=conID: 2 locID: 102655682768929467 bcsId: 5379} | ret=SUCCESS |  
2019-08-21 15:30:09,499 | INFO  | DNAudit | user=null | ip=null | op=WRITE_CHUNK {blockData=conID: 2 locID: 102655682768929467 bcsId: 5379} | ret=SUCCESS |  
2019-08-21 15:30:09,503 | INFO  | DNAudit | user=null | ip=null | op=WRITE_CHUNK {blockData=conID: 2 locID: 102655682768929467 bcsId: 5379} | ret=SUCCESS |  
2019-08-21 15:30:09,508 | INFO  | DNAudit | user=null | ip=null | op=WRITE_CHUNK {blockData=conID: 2 locID: 102655682768929467 bcsId: 5379} | ret=SUCCESS |  
2019-08-21 15:30:09,509 | INFO  | DNAudit | user=null | ip=null | op=PUT_BLOCK {blockData=[blockId=conID: 2 locID: 102655682768929467 bcsId: 0,size=3145728]} | ret=SUCCESS |  
2019-08-21 15:30:09,509 [grpc-default-executor-5] INFO  client.GrpcClientProtocolClient (GrpcClientProtocolClient.java:onNext(255)) - client-029E50227556->355864cd-7ac5-4934-b366-9756b15dd90f: receive RaftClientReply:client-029E50227556->355864cd-7ac5-4934-b366-9756b15dd90f@group-785BCF25C267, cid=3557, SUCCESS, logIndex=5384, commits[355864cd-7ac5-4934-b366-9756b15dd90f:c5385, ce4aa411-63c8-4399-99eb-27ce352844f3:c5383, 3eeffb0a-787e-48ec-a2f5-d0c540a89489:c5383]
2019-08-21 15:30:09,509 [grpc-default-executor-5] INFO  client.GrpcClientProtocolClient (GrpcClientProtocolClient.java:onNext(255)) - client-029E50227556->355864cd-7ac5-4934-b366-9756b15dd90f: receive RaftClientReply:client-029E50227556->355864cd-7ac5-4934-b366-9756b15dd90f@group-785BCF25C267, cid=3558, SUCCESS, logIndex=5385, commits[355864cd-7ac5-4934-b366-9756b15dd90f:c5385, ce4aa411-63c8-4399-99eb-27ce352844f3:c5383, 3eeffb0a-787e-48ec-a2f5-d0c540a89489:c5383]
2019-08-21 15:30:09,517 | INFO  | DNAudit | user=null | ip=null | op=WRITE_CHUNK {blockData=conID: 2 locID: 102655682768929467 bcsId: 5385} | ret=SUCCESS |  
2019-08-21 15:30:09,520 | INFO  | DNAudit | user=null | ip=null | op=WRITE_CHUNK {blockData=conID: 2 locID: 102655682768929467 bcsId: 5379} | ret=SUCCESS |  
2019-08-21 15:30:09,520 | INFO  | DNAudit | user=null | ip=null | op=WRITE_CHUNK {blockData=conID: 2 locID: 102655682768929467 bcsId: 5379} | ret=SUCCESS |  
2019-08-21 15:30:09,520 | INFO  | DNAudit | user=null | ip=null | op=WRITE_CHUNK {blockData=conID: 2 locID: 102655682768929467 bcsId: 5385} | ret=SUCCESS |  
2019-08-21 15:30:09,520 | INFO  | DNAudit | user=null | ip=null | op=WRITE_CHUNK {blockData=conID: 2 locID: 102655682768929467 bcsId: 5385} | ret=SUCCESS |  
2019-08-21 15:30:09,531 | INFO  | DNAudit | user=null | ip=null | op=PUT_BLOCK {blockData=[blockId=conID: 2 locID: 102655682768929467 bcsId: 0,size=3145728]} | ret=SUCCESS |  
2019-08-21 15:30:09,532 | INFO  | DNAudit | user=null | ip=null | op=PUT_BLOCK {blockData=[blockId=conID: 2 locID: 102655682768929467 bcsId: 0,size=3145728]} | ret=SUCCESS |  
2019-08-21 15:30:09,532 | INFO  | DNAudit | user=null | ip=null | op=WRITE_CHUNK {blockData=conID: 2 locID: 102655682768929467 bcsId: 5385} | ret=SUCCESS |  
2019-08-21 15:30:09,532 | INFO  | DNAudit | user=null | ip=null | op=PUT_BLOCK {blockData=[blockId=conID: 2 locID: 102655682768929467 bcsId: 0,size=4194304]} | ret=SUCCESS |  
2019-08-21 15:30:09,533 [grpc-default-executor-0] INFO  client.GrpcClientProtocolClient (GrpcClientProtocolClient.java:onNext(255)) - client-029E50227556->355864cd-7ac5-4934-b366-9756b15dd90f: receive RaftClientReply:client-029E50227556->355864cd-7ac5-4934-b366-9756b15dd90f@group-785BCF25C267, cid=3559, SUCCESS, logIndex=5388, commits[355864cd-7ac5-4934-b366-9756b15dd90f:c5389, ce4aa411-63c8-4399-99eb-27ce352844f3:c5385, 3eeffb0a-787e-48ec-a2f5-d0c540a89489:c5385]
2019-08-21 15:30:09,533 [grpc-default-executor-0] INFO  client.GrpcClientProtocolClient (GrpcClientProtocolClient.java:onNext(255)) - client-029E50227556->355864cd-7ac5-4934-b366-9756b15dd90f: receive RaftClientReply:client-029E50227556->355864cd-7ac5-4934-b366-9756b15dd90f@group-785BCF25C267, cid=3560, SUCCESS, logIndex=5389, commits[355864cd-7ac5-4934-b366-9756b15dd90f:c5389, ce4aa411-63c8-4399-99eb-27ce352844f3:c5385, 3eeffb0a-787e-48ec-a2f5-d0c540a89489:c5385]
 0.00% |█                                                                                                    |  0/1 Time: 0:00:342019-08-21 15:30:09,545 | INFO  | DNAudit | user=null | ip=null | op=WRITE_CHUNK {blockData=conID: 2 locID: 102655682768929467 bcsId: 5385} | ret=SUCCESS |  
2019-08-21 15:30:09,545 | INFO  | DNAudit | user=null | ip=null | op=WRITE_CHUNK {blockData=conID: 2 locID: 102655682768929467 bcsId: 5385} | ret=SUCCESS |  
2019-08-21 15:30:09,545 | INFO  | DNAudit | user=null | ip=null | op=PUT_BLOCK {blockData=[blockId=conID: 2 locID: 102655682768929467 bcsId: 0,size=4194304]} | ret=SUCCESS |  
2019-08-21 15:30:09,545 | INFO  | DNAudit | user=null | ip=null | op=PUT_BLOCK {blockData=[blockId=conID: 2 locID: 102655682768929467 bcsId: 0,size=4194304]} | ret=SUCCESS |  
2019-08-21 15:30:09,546 | INFO  | SCMAudit | user=jenkins1000 | ip=192.168.5.153 | op=SEND_HEARTBEAT {datanodeUUID=a0074e04-2715-4b16-a2b0-10b5043d27ae, command=[]} | ret=SUCCESS |  
2019-08-21 15:30:09,546 | INFO  | SCMAudit | user=jenkins1000 | ip=192.168.5.153 | op=SEND_HEARTBEAT {datanodeUUID=355864cd-7ac5-4934-b366-9756b15dd90f, command=[]} | ret=SUCCESS |  
2019-08-21 15:30:09,546 | INFO  | SCMAudit | user=jenkins1000 | ip=192.168.5.153 | op=SEND_HEARTBEAT {datanodeUUID=3eeffb0a-787e-48ec-a2f5-d0c540a89489, command=[]} | ret=SUCCESS |  
2019-08-21 15:30:09,546 [grpc-default-executor-0] INFO  client.GrpcClientProtocolClient (GrpcClientProtocolClient.java:onNext(255)) - client-029E50227556->355864cd-7ac5-4934-b366-9756b15dd90f: receive RaftClientReply:client-029E50227556->355864cd-7ac5-4934-b366-9756b15dd90f@group-785BCF25C267, cid=3561, SUCCESS, logIndex=0, commits[355864cd-7ac5-4934-b366-9756b15dd90f:c5390, ce4aa411-63c8-4399-99eb-27ce352844f3:c5389, 3eeffb0a-787e-48ec-a2f5-d0c540a89489:c5389]
2019-08-21 15:30:09,547 | INFO  | SCMAudit | user=jenkins1000 | ip=192.168.5.153 | op=SEND_HEARTBEAT {datanodeUUID=a38cd7e0-d792-481c-a4c0-f4feaa89ec8f, command=[]} | ret=SUCCESS |  
2019-08-21 15:30:09,547 | INFO  | SCMAudit | user=jenkins1000 | ip=192.168.5.153 | op=SEND_HEARTBEAT {datanodeUUID=ce4aa411-63c8-4399-99eb-27ce352844f3, command=[]} | ret=SUCCESS |  
2019-08-21 15:30:09,553 | INFO  | SCMAudit | user=jenkins1000 | ip=192.168.5.153 | op=ALLOCATE_BLOCK {owner=78849ec2-2b05-45d8-8cb5-e95e2230dbd1, size=4194304, type=RATIS, factor=THREE} | ret=SUCCESS |  
2019-08-21 15:30:09,558 | INFO  | OMAudit | user=jenkins1000 | ip=127.0.0.1 | op=ALLOCATE_BLOCK {volume=vol-0-32358, bucket=bucket-0-01949, key=key-0-56547, dataSize=0, replicationType=null, replicationFactor=null, keyLocationInfo=null, clientID=102655680532119954} | ret=SUCCESS |  
2019-08-21 15:30:09,565 | INFO  | DNAudit | user=null | ip=null | op=WRITE_CHUNK {blockData=conID: 3 locID: 102655682776466108 bcsId: 0} | ret=SUCCESS |  
2019-08-21 15:30:09,567 | INFO  | DNAudit | user=null | ip=null | op=WRITE_CHUNK {blockData=conID: 3 locID: 102655682776466108 bcsId: 0} | ret=SUCCESS |  
2019-08-21 15:30:09,568 | INFO  | DNAudit | user=null | ip=null | op=WRITE_CHUNK {blockData=conID: 3 locID: 102655682776466108 bcsId: 0} | ret=SUCCESS |  
2019-08-21 15:30:09,568 | INFO  | DNAudit | user=null | ip=null | op=WRITE_CHUNK {blockData=conID: 3 locID: 102655682776466108 bcsId: 0} | ret=SUCCESS |  
2019-08-21 15:30:09,570 | INFO  | DNAudit | user=null | ip=null | op=WRITE_CHUNK {blockData=conID: 3 locID: 102655682776466108 bcsId: 0} | ret=SUCCESS |  
2019-08-21 15:30:09,570 | INFO  | DNAudit | user=null | ip=null | op=WRITE_CHUNK {blockData=conID: 3 locID: 102655682776466108 bcsId: 0} | ret=SUCCESS |  
2019-08-21 15:30:09,578 | INFO  | DNAudit | user=null | ip=null | op=WRITE_CHUNK {blockData=conID: 3 locID: 102655682776466108 bcsId: 0} | ret=SUCCESS |  
2019-08-21 15:30:09,578 | INFO  | DNAudit | user=null | ip=null | op=PUT_BLOCK {blockData=[blockId=conID: 3 locID: 102655682776466108 bcsId: 0,size=1048576]} | ret=SUCCESS |  
2019-08-21 15:30:09,578 | INFO  | DNAudit | user=null | ip=null | op=WRITE_CHUNK {blockData=conID: 3 locID: 102655682776466108 bcsId: 0} | ret=SUCCESS |  
2019-08-21 15:30:09,578 [grpc-default-executor-0] INFO  client.GrpcClientProtocolClient (GrpcClientProtocolClient.java:onNext(255)) - client-029E50227556->355864cd-7ac5-4934-b366-9756b15dd90f: receive RaftClientReply:client-029E50227556->355864cd-7ac5-4934-b366-9756b15dd90f@group-785BCF25C267, cid=3562, SUCCESS, logIndex=5391, commits[355864cd-7ac5-4934-b366-9756b15dd90f:c5392, ce4aa411-63c8-4399-99eb-27ce352844f3:c5390, 3eeffb0a-787e-48ec-a2f5-d0c540a89489:c5390]
2019-08-21 15:30:09,579 | INFO  | DNAudit | user=null | ip=null | op=PUT_BLOCK {blockData=[blockId=conID: 3 locID: 102655682776466108 bcsId: 0,size=2097152]} | ret=SUCCESS |  
2019-08-21 15:30:09,579 [grpc-default-executor-0] INFO  client.GrpcClientProtocolClient (GrpcClientProtocolClient.java:onNext(255)) - client-029E50227556->355864cd-7ac5-4934-b366-9756b15dd90f: receive RaftClientReply:client-029E50227556->355864cd-7ac5-4934-b366-9756b15dd90f@group-785BCF25C267, cid=3563, SUCCESS, logIndex=5392, commits[355864cd-7ac5-4934-b366-9756b15dd90f:c5394, ce4aa411-63c8-4399-99eb-27ce352844f3:c5390, 3eeffb0a-787e-48ec-a2f5-d0c540a89489:c5390]
2019-08-21 15:30:09,579 [grpc-default-executor-0] INFO  client.GrpcClientProtocolClient (GrpcClientProtocolClient.java:onNext(255)) - client-029E50227556->355864cd-7ac5-4934-b366-9756b15dd90f: receive RaftClientReply:client-029E50227556->355864cd-7ac5-4934-b366-9756b15dd90f@group-785BCF25C267, cid=3564, SUCCESS, logIndex=5393, commits[355864cd-7ac5-4934-b366-9756b15dd90f:c5394, ce4aa411-63c8-4399-99eb-27ce352844f3:c5390, 3eeffb0a-787e-48ec-a2f5-d0c540a89489:c5390]
2019-08-21 15:30:09,579 [grpc-default-executor-0] INFO  client.GrpcClientProtocolClient (GrpcClientProtocolClient.java:onNext(255)) - client-029E50227556->355864cd-7ac5-4934-b366-9756b15dd90f: receive RaftClientReply:client-029E50227556->355864cd-7ac5-4934-b366-9756b15dd90f@group-785BCF25C267, cid=3565, SUCCESS, logIndex=5394, commits[355864cd-7ac5-4934-b366-9756b15dd90f:c5394, ce4aa411-63c8-4399-99eb-27ce352844f3:c5390, 3eeffb0a-787e-48ec-a2f5-d0c540a89489:c5390]
2019-08-21 15:30:09,581 | INFO  | DNAudit | user=null | ip=null | op=WRITE_CHUNK {blockData=conID: 3 locID: 102655682776466108 bcsId: 0} | ret=SUCCESS |  
2019-08-21 15:30:09,591 | INFO  | DNAudit | user=null | ip=null | op=WRITE_CHUNK {blockData=conID: 3 locID: 102655682776466108 bcsId: 0} | ret=SUCCESS |  
2019-08-21 15:30:09,591 | INFO  | DNAudit | user=null | ip=null | op=PUT_BLOCK {blockData=[blockId=conID: 3 locID: 102655682776466108 bcsId: 0,size=1048576]} | ret=SUCCESS |  
2019-08-21 15:30:09,592 | INFO  | DNAudit | user=null | ip=null | op=WRITE_CHUNK {blockData=conID: 3 locID: 102655682776466108 bcsId: 0} | ret=SUCCESS |  
2019-08-21 15:30:09,592 | INFO  | DNAudit | user=null | ip=null | op=PUT_BLOCK {blockData=[blockId=conID: 3 locID: 102655682776466108 bcsId: 0,size=2097152]} | ret=SUCCESS |  
2019-08-21 15:30:09,592 | INFO  | DNAudit | user=null | ip=null | op=PUT_BLOCK {blockData=[blockId=conID: 3 locID: 102655682776466108 bcsId: 0,size=1048576]} | ret=SUCCESS |  
2019-08-21 15:30:09,592 | INFO  | DNAudit | user=null | ip=null | op=WRITE_CHUNK {blockData=conID: 3 locID: 102655682776466108 bcsId: 0} | ret=SUCCESS |  
2019-08-21 15:30:09,592 | INFO  | DNAudit | user=null | ip=null | op=PUT_BLOCK {blockData=[blockId=conID: 3 locID: 102655682776466108 bcsId: 0,size=2097152]} | ret=SUCCESS |  
2019-08-21 15:30:09,592 [grpc-default-executor-0] INFO  client.GrpcClientProtocolClient (GrpcClientProtocolClient.java:onNext(255)) - client-029E50227556->355864cd-7ac5-4934-b366-9756b15dd90f: receive RaftClientReply:client-029E50227556->355864cd-7ac5-4934-b366-9756b15dd90f@group-785BCF25C267, cid=3566, SUCCESS, logIndex=0, commits[355864cd-7ac5-4934-b366-9756b15dd90f:c5398, ce4aa411-63c8-4399-99eb-27ce352844f3:c5392, 3eeffb0a-787e-48ec-a2f5-d0c540a89489:c5394]
2019-08-21 15:30:09,599 | INFO  | DNAudit | user=null | ip=null | op=WRITE_CHUNK {blockData=conID: 3 locID: 102655682776466108 bcsId: 5394} | ret=SUCCESS |  
2019-08-21 15:30:09,601 | INFO  | DNAudit | user=null | ip=null | op=WRITE_CHUNK {blockData=conID: 3 locID: 102655682776466108 bcsId: 5394} | ret=SUCCESS |  
2019-08-21 15:30:09,601 | INFO  | DNAudit | user=null | ip=null | op=WRITE_CHUNK {blockData=conID: 3 locID: 102655682776466108 bcsId: 5394} | ret=SUCCESS |  
2019-08-21 15:30:09,617 | INFO  | DNAudit | user=null | ip=null | op=WRITE_CHUNK {blockData=conID: 3 locID: 102655682776466108 bcsId: 5394} | ret=SUCCESS |  
2019-08-21 15:30:09,617 | INFO  | DNAudit | user=null | ip=null | op=PUT_BLOCK {blockData=[blockId=conID: 3 locID: 102655682776466108 bcsId: 0,size=3145728]} | ret=SUCCESS |  
2019-08-21 15:30:09,617 [grpc-default-executor-5] INFO  client.GrpcClientProtocolClient (GrpcClientProtocolClient.java:onNext(255)) - client-029E50227556->355864cd-7ac5-4934-b366-9756b15dd90f: receive RaftClientReply:client-029E50227556->355864cd-7ac5-4934-b366-9756b15dd90f@group-785BCF25C267, cid=3567, SUCCESS, logIndex=5399, commits[355864cd-7ac5-4934-b366-9756b15dd90f:c5400, ce4aa411-63c8-4399-99eb-27ce352844f3:c5398, 3eeffb0a-787e-48ec-a2f5-d0c540a89489:c5398]
2019-08-21 15:30:09,618 [grpc-default-executor-5] INFO  client.GrpcClientProtocolClient (GrpcClientProtocolClient.java:onNext(255)) - client-029E50227556->355864cd-7ac5-4934-b366-9756b15dd90f: receive RaftClientReply:client-029E50227556->355864cd-7ac5-4934-b366-9756b15dd90f@group-785BCF25C267, cid=3568, SUCCESS, logIndex=5400, commits[355864cd-7ac5-4934-b366-9756b15dd90f:c5400, ce4aa411-63c8-4399-99eb-27ce352844f3:c5398, 3eeffb0a-787e-48ec-a2f5-d0c540a89489:c5398]
2019-08-21 15:30:09,625 | INFO  | DNAudit | user=null | ip=null | op=WRITE_CHUNK {blockData=conID: 3 locID: 102655682776466108 bcsId: 5400} | ret=SUCCESS |  
2019-08-21 15:30:09,804 | INFO  | DNAudit | user=null | ip=null | op=WRITE_CHUNK {blockData=conID: 3 locID: 102655682776466108 bcsId: 5400} | ret=SUCCESS |  
2019-08-21 15:30:09,804 | INFO  | DNAudit | user=null | ip=null | op=WRITE_CHUNK {blockData=conID: 3 locID: 102655682776466108 bcsId: 5400} | ret=SUCCESS |  
2019-08-21 15:30:09,909 | INFO  | DNAudit | user=null | ip=null | op=WRITE_CHUNK {blockData=conID: 3 locID: 102655682776466108 bcsId: 5394} | ret=SUCCESS |  
2019-08-21 15:30:09,909 | INFO  | DNAudit | user=null | ip=null | op=WRITE_CHUNK {blockData=conID: 3 locID: 102655682776466108 bcsId: 5394} | ret=SUCCESS |  
 0.00% |█                                                                                                    |  0/1 Time: 0:00:352019-08-21 15:30:10,546 | INFO  | SCMAudit | user=jenkins1000 | ip=192.168.5.153 | op=SEND_HEARTBEAT {datanodeUUID=3eeffb0a-787e-48ec-a2f5-d0c540a89489, command=[]} | ret=SUCCESS |  
2019-08-21 15:30:10,546 | INFO  | SCMAudit | user=jenkins1000 | ip=192.168.5.153 | op=SEND_HEARTBEAT {datanodeUUID=a0074e04-2715-4b16-a2b0-10b5043d27ae, command=[]} | ret=SUCCESS |  
2019-08-21 15:30:10,546 | INFO  | SCMAudit | user=jenkins1000 | ip=192.168.5.153 | op=SEND_HEARTBEAT {datanodeUUID=355864cd-7ac5-4934-b366-9756b15dd90f, command=[]} | ret=SUCCESS |  
2019-08-21 15:30:10,547 | INFO  | SCMAudit | user=jenkins1000 | ip=192.168.5.153 | op=SEND_HEARTBEAT {datanodeUUID=a38cd7e0-d792-481c-a4c0-f4feaa89ec8f, command=[]} | ret=SUCCESS |  
2019-08-21 15:30:10,548 | INFO  | SCMAudit | user=jenkins1000 | ip=192.168.5.153 | op=SEND_HEARTBEAT {datanodeUUID=ce4aa411-63c8-4399-99eb-27ce352844f3, command=[]} | ret=SUCCESS |  
 0.00% |█                                                                                                    |  0/1 Time: 0:00:362019-08-21 15:30:11,546 | INFO  | SCMAudit | user=jenkins1000 | ip=192.168.5.153 | op=SEND_HEARTBEAT {datanodeUUID=a0074e04-2715-4b16-a2b0-10b5043d27ae, command=[]} | ret=SUCCESS |  
2019-08-21 15:30:11,546 | INFO  | SCMAudit | user=jenkins1000 | ip=192.168.5.153 | op=SEND_HEARTBEAT {datanodeUUID=3eeffb0a-787e-48ec-a2f5-d0c540a89489, command=[]} | ret=SUCCESS |  
2019-08-21 15:30:11,546 | INFO  | SCMAudit | user=jenkins1000 | ip=192.168.5.153 | op=SEND_HEARTBEAT {datanodeUUID=355864cd-7ac5-4934-b366-9756b15dd90f, command=[]} | ret=SUCCESS |  
2019-08-21 15:30:11,547 | INFO  | SCMAudit | user=jenkins1000 | ip=192.168.5.153 | op=SEND_HEARTBEAT {datanodeUUID=a38cd7e0-d792-481c-a4c0-f4feaa89ec8f, command=[]} | ret=SUCCESS |  
2019-08-21 15:30:11,548 | INFO  | SCMAudit | user=jenkins1000 | ip=192.168.5.153 | op=SEND_HEARTBEAT {datanodeUUID=ce4aa411-63c8-4399-99eb-27ce352844f3, command=[]} | ret=SUCCESS |  
2019-08-21 15:30:12,069 | INFO  | DNAudit | user=null | ip=null | op=PUT_BLOCK {blockData=[blockId=conID: 3 locID: 102655682776466108 bcsId: 0,size=3145728]} | ret=SUCCESS |  
2019-08-21 15:30:12,069 | INFO  | DNAudit | user=null | ip=null | op=PUT_BLOCK {blockData=[blockId=conID: 3 locID: 102655682776466108 bcsId: 0,size=3145728]} | ret=SUCCESS |  
2019-08-21 15:30:12,069 | INFO  | DNAudit | user=null | ip=null | op=WRITE_CHUNK {blockData=conID: 3 locID: 102655682776466108 bcsId: 5400} | ret=SUCCESS |  
2019-08-21 15:30:12,070 | INFO  | DNAudit | user=null | ip=null | op=PUT_BLOCK {blockData=[blockId=conID: 3 locID: 102655682776466108 bcsId: 0,size=4194304]} | ret=SUCCESS |  
2019-08-21 15:30:12,070 [grpc-default-executor-3] INFO  client.GrpcClientProtocolClient (GrpcClientProtocolClient.java:onNext(255)) - client-029E50227556->355864cd-7ac5-4934-b366-9756b15dd90f: receive RaftClientReply:client-029E50227556->355864cd-7ac5-4934-b366-9756b15dd90f@group-785BCF25C267, cid=3569, SUCCESS, logIndex=5403, commits[355864cd-7ac5-4934-b366-9756b15dd90f:c5403, ce4aa411-63c8-4399-99eb-27ce352844f3:c5400, 3eeffb0a-787e-48ec-a2f5-d0c540a89489:c5400]
2019-08-21 15:30:12,071 [grpc-default-executor-3] INFO  client.GrpcClientProtocolClient (GrpcClientProtocolClient.java:onNext(255)) - client-029E50227556->355864cd-7ac5-4934-b366-9756b15dd90f: receive RaftClientReply:client-029E50227556->355864cd-7ac5-4934-b366-9756b15dd90f@group-785BCF25C267, cid=3570, SUCCESS, logIndex=5404, commits[355864cd-7ac5-4934-b366-9756b15dd90f:c5404, ce4aa411-63c8-4399-99eb-27ce352844f3:c5400, 3eeffb0a-787e-48ec-a2f5-d0c540a89489:c5400]
 0.00% |█                                                                                                    |  0/1 Time: 0:00:372019-08-21 15:30:12,547 | INFO  | SCMAudit | user=jenkins1000 | ip=192.168.5.153 | op=SEND_HEARTBEAT {datanodeUUID=355864cd-7ac5-4934-b366-9756b15dd90f, command=[]} | ret=SUCCESS |  
2019-08-21 15:30:12,547 | INFO  | SCMAudit | user=jenkins1000 | ip=192.168.5.153 | op=SEND_HEARTBEAT {datanodeUUID=a0074e04-2715-4b16-a2b0-10b5043d27ae, command=[]} | ret=SUCCESS |  
2019-08-21 15:30:12,547 | INFO  | SCMAudit | user=jenkins1000 | ip=192.168.5.153 | op=SEND_HEARTBEAT {datanodeUUID=3eeffb0a-787e-48ec-a2f5-d0c540a89489, command=[]} | ret=SUCCESS |  
2019-08-21 15:30:12,547 | INFO  | SCMAudit | user=jenkins1000 | ip=192.168.5.153 | op=SEND_HEARTBEAT {datanodeUUID=a38cd7e0-d792-481c-a4c0-f4feaa89ec8f, command=[]} | ret=SUCCESS |  
2019-08-21 15:30:12,548 | INFO  | SCMAudit | user=jenkins1000 | ip=192.168.5.153 | op=SEND_HEARTBEAT {datanodeUUID=ce4aa411-63c8-4399-99eb-27ce352844f3, command=[]} | ret=SUCCESS |  
2019-08-21 15:30:13,546 | INFO  | SCMAudit | user=jenkins1000 | ip=192.168.5.153 | op=SEND_HEARTBEAT {datanodeUUID=3eeffb0a-787e-48ec-a2f5-d0c540a89489, command=[]} | ret=SUCCESS |  
2019-08-21 15:30:13,546 | INFO  | SCMAudit | user=jenkins1000 | ip=192.168.5.153 | op=SEND_HEARTBEAT {datanodeUUID=355864cd-7ac5-4934-b366-9756b15dd90f, command=[]} | ret=SUCCESS |  
2019-08-21 15:30:13,546 | INFO  | SCMAudit | user=jenkins1000 | ip=192.168.5.153 | op=SEND_HEARTBEAT {datanodeUUID=a0074e04-2715-4b16-a2b0-10b5043d27ae, command=[]} | ret=SUCCESS |  
 0.00% |█                                                                                                    |  0/1 Time: 0:00:382019-08-21 15:30:13,547 | INFO  | SCMAudit | user=jenkins1000 | ip=192.168.5.153 | op=SEND_HEARTBEAT {datanodeUUID=a38cd7e0-d792-481c-a4c0-f4feaa89ec8f, command=[]} | ret=SUCCESS |  
2019-08-21 15:30:13,548 | INFO  | SCMAudit | user=jenkins1000 | ip=192.168.5.153 | op=SEND_HEARTBEAT {datanodeUUID=ce4aa411-63c8-4399-99eb-27ce352844f3, command=[]} | ret=SUCCESS |  
2019-08-21 15:30:14,547 | INFO  | SCMAudit | user=jenkins1000 | ip=192.168.5.153 | op=SEND_HEARTBEAT {datanodeUUID=355864cd-7ac5-4934-b366-9756b15dd90f, command=[]} | ret=SUCCESS |  
2019-08-21 15:30:14,547 | INFO  | SCMAudit | user=jenkins1000 | ip=192.168.5.153 | op=SEND_HEARTBEAT {datanodeUUID=a0074e04-2715-4b16-a2b0-10b5043d27ae, command=[]} | ret=SUCCESS |  
2019-08-21 15:30:14,547 | INFO  | SCMAudit | user=jenkins1000 | ip=192.168.5.153 | op=SEND_HEARTBEAT {datanodeUUID=3eeffb0a-787e-48ec-a2f5-d0c540a89489, command=[]} | ret=SUCCESS |  
 0.00% |█                                                                                                    |  0/1 Time: 0:00:392019-08-21 15:30:14,547 | INFO  | SCMAudit | user=jenkins1000 | ip=192.168.5.153 | op=SEND_HEARTBEAT {datanodeUUID=a38cd7e0-d792-481c-a4c0-f4feaa89ec8f, command=[]} | ret=SUCCESS |  
2019-08-21 15:30:14,548 | INFO  | SCMAudit | user=jenkins1000 | ip=192.168.5.153 | op=SEND_HEARTBEAT {datanodeUUID=ce4aa411-63c8-4399-99eb-27ce352844f3, command=[]} | ret=SUCCESS |  
2019-08-21 15:30:15,070 [java.util.concurrent.ThreadPoolExecutor$Worker@5c325f56[State = -1, empty queue]] WARN  server.GrpcLogAppender (GrpcLogAppender.java:timeoutAppendRequest(200)) - GrpcLogAppender(355864cd-7ac5-4934-b366-9756b15dd90f->3eeffb0a-787e-48ec-a2f5-d0c540a89489): appendEntries Timeout, request=355864cd-7ac5-4934-b366-9756b15dd90f->3eeffb0a-787e-48ec-a2f5-d0c540a89489#5413-t1, previous=(t:1, i:5404), leaderCommit=5403, initializing? false, entries: size=1, first=(t:1, i:5405), METADATAENTRY(c5403)
2019-08-21 15:30:15,070 [java.util.concurrent.ThreadPoolExecutor$Worker@43197161[State = -1, empty queue]] WARN  server.GrpcLogAppender (GrpcLogAppender.java:timeoutAppendRequest(200)) - GrpcLogAppender(355864cd-7ac5-4934-b366-9756b15dd90f->ce4aa411-63c8-4399-99eb-27ce352844f3): appendEntries Timeout, request=355864cd-7ac5-4934-b366-9756b15dd90f->ce4aa411-63c8-4399-99eb-27ce352844f3#5413-t1, previous=(t:1, i:5404), leaderCommit=5403, initializing? false, entries: size=1, first=(t:1, i:5405), METADATAENTRY(c5403)
2019-08-21 15:30:15,073 [java.util.concurrent.ThreadPoolExecutor$Worker@5c325f56[State = -1, empty queue]] WARN  server.GrpcLogAppender (GrpcLogAppender.java:timeoutAppendRequest(200)) - GrpcLogAppender(355864cd-7ac5-4934-b366-9756b15dd90f->3eeffb0a-787e-48ec-a2f5-d0c540a89489): appendEntries Timeout, request=355864cd-7ac5-4934-b366-9756b15dd90f->3eeffb0a-787e-48ec-a2f5-d0c540a89489#5414-t1, previous=(t:1, i:5405), leaderCommit=5404, initializing? false, entries: size=1, first=(t:1, i:5406), METADATAENTRY(c5404)
2019-08-21 15:30:15,075 [java.util.concurrent.ThreadPoolExecutor$Worker@43197161[State = -1, empty queue]] WARN  server.GrpcLogAppender (GrpcLogAppender.java:timeoutAppendRequest(200)) - GrpcLogAppender(355864cd-7ac5-4934-b366-9756b15dd90f->ce4aa411-63c8-4399-99eb-27ce352844f3): appendEntries Timeout, request=355864cd-7ac5-4934-b366-9756b15dd90f->ce4aa411-63c8-4399-99eb-27ce352844f3#5414-t1, previous=(t:1, i:5405), leaderCommit=5404, initializing? false, entries: size=1, first=(t:1, i:5406), METADATAENTRY(c5404)
2019-08-21 15:30:15,546 | INFO  | SCMAudit | user=jenkins1000 | ip=192.168.5.153 | op=SEND_HEARTBEAT {datanodeUUID=a0074e04-2715-4b16-a2b0-10b5043d27ae, command=[]} | ret=SUCCESS |  
2019-08-21 15:30:15,546 | INFO  | SCMAudit | user=jenkins1000 | ip=192.168.5.153 | op=SEND_HEARTBEAT {datanodeUUID=355864cd-7ac5-4934-b366-9756b15dd90f, command=[]} | ret=SUCCESS |  
2019-08-21 15:30:15,546 | INFO  | SCMAudit | user=jenkins1000 | ip=192.168.5.153 | op=SEND_HEARTBEAT {datanodeUUID=3eeffb0a-787e-48ec-a2f5-d0c540a89489, command=[]} | ret=SUCCESS |  
 0.00% |█                                                                                                    |  0/1 Time: 0:00:402019-08-21 15:30:15,548 | INFO  | SCMAudit | user=jenkins1000 | ip=192.168.5.153 | op=SEND_HEARTBEAT {datanodeUUID=ce4aa411-63c8-4399-99eb-27ce352844f3, command=[]} | ret=SUCCESS |  
2019-08-21 15:30:15,548 | INFO  | SCMAudit | user=jenkins1000 | ip=192.168.5.153 | op=SEND_HEARTBEAT {datanodeUUID=a38cd7e0-d792-481c-a4c0-f4feaa89ec8f, command=[]} | ret=SUCCESS |  
2019-08-21 15:30:16,546 | INFO  | SCMAudit | user=jenkins1000 | ip=192.168.5.153 | op=SEND_HEARTBEAT {datanodeUUID=a0074e04-2715-4b16-a2b0-10b5043d27ae, command=[]} | ret=SUCCESS |  
2019-08-21 15:30:16,546 | INFO  | SCMAudit | user=jenkins1000 | ip=192.168.5.153 | op=SEND_HEARTBEAT {datanodeUUID=3eeffb0a-787e-48ec-a2f5-d0c540a89489, command=[]} | ret=SUCCESS |  
2019-08-21 15:30:16,546 | INFO  | SCMAudit | user=jenkins1000 | ip=192.168.5.153 | op=SEND_HEARTBEAT {datanodeUUID=355864cd-7ac5-4934-b366-9756b15dd90f, command=[]} | ret=SUCCESS |  
2019-08-21 15:30:16,547 | INFO  | SCMAudit | user=jenkins1000 | ip=192.168.5.153 | op=SEND_HEARTBEAT {datanodeUUID=a38cd7e0-d792-481c-a4c0-f4feaa89ec8f, command=[]} | ret=SUCCESS |  
 0.00% |█                                                                                                    |  0/1 Time: 0:00:412019-08-21 15:30:16,548 | INFO  | SCMAudit | user=jenkins1000 | ip=192.168.5.153 | op=SEND_HEARTBEAT {datanodeUUID=ce4aa411-63c8-4399-99eb-27ce352844f3, command=[]} | ret=SUCCESS |  
2019-08-21 15:30:17,074 [pool-282-thread-1] WARN  scm.XceiverClientRatis (XceiverClientRatis.java:watchForCommit(262)) - 3 way commit failed on pipeline Pipeline[ Id: 6ac533ce-2423-4640-8700-785bcf25c267, Nodes: ce4aa411-63c8-4399-99eb-27ce352844f3{ip: 192.168.5.153, host: pr-hdds-1999-4zsjs-3155158423, networkLocation: /default-rack, certSerialId: null}355864cd-7ac5-4934-b366-9756b15dd90f{ip: 192.168.5.153, host: pr-hdds-1999-4zsjs-3155158423, networkLocation: /default-rack, certSerialId: null}3eeffb0a-787e-48ec-a2f5-d0c540a89489{ip: 192.168.5.153, host: pr-hdds-1999-4zsjs-3155158423, networkLocation: /default-rack, certSerialId: null}, Type:RATIS, Factor:THREE, State:OPEN]
java.util.concurrent.TimeoutException
	at java.util.concurrent.CompletableFuture.timedGet(CompletableFuture.java:1771)
	at java.util.concurrent.CompletableFuture.get(CompletableFuture.java:1915)
	at org.apache.hadoop.hdds.scm.XceiverClientRatis.watchForCommit(XceiverClientRatis.java:259)
	at org.apache.hadoop.hdds.scm.storage.CommitWatcher.watchForCommit(CommitWatcher.java:194)
	at org.apache.hadoop.hdds.scm.storage.CommitWatcher.watchOnLastIndex(CommitWatcher.java:157)
	at org.apache.hadoop.hdds.scm.storage.BlockOutputStream.watchForCommit(BlockOutputStream.java:347)
	at org.apache.hadoop.hdds.scm.storage.BlockOutputStream.handleFlush(BlockOutputStream.java:479)
	at org.apache.hadoop.hdds.scm.storage.BlockOutputStream.close(BlockOutputStream.java:493)
	at org.apache.hadoop.ozone.client.io.BlockOutputStreamEntry.close(BlockOutputStreamEntry.java:143)
	at org.apache.hadoop.ozone.client.io.KeyOutputStream.handleFlushOrClose(KeyOutputStream.java:438)
	at org.apache.hadoop.ozone.client.io.KeyOutputStream.handleWrite(KeyOutputStream.java:235)
	at org.apache.hadoop.ozone.client.io.KeyOutputStream.write(KeyOutputStream.java:193)
	at org.apache.hadoop.ozone.client.io.OzoneOutputStream.write(OzoneOutputStream.java:49)
	at org.apache.hadoop.ozone.freon.RandomKeyGenerator.createKey(RandomKeyGenerator.java:699)
	at org.apache.hadoop.ozone.freon.RandomKeyGenerator.access$1100(RandomKeyGenerator.java:87)
	at org.apache.hadoop.ozone.freon.RandomKeyGenerator$ObjectCreator.run(RandomKeyGenerator.java:606)
	at java.util.concurrent.Executors$RunnableAdapter.call(Executors.java:511)
	at java.util.concurrent.FutureTask.run(FutureTask.java:266)
	at java.util.concurrent.ThreadPoolExecutor.runWorker(ThreadPoolExecutor.java:1149)
	at java.util.concurrent.ThreadPoolExecutor$Worker.run(ThreadPoolExecutor.java:624)
	at java.lang.Thread.run(Thread.java:748)
2019-08-21 15:30:17,235 [grpc-default-executor-5] WARN  server.GrpcLogAppender (GrpcLogAppender.java:onNextImpl(250)) - org.apache.ratis.grpc.server.GrpcLogAppender$AppendLogResponseHandler@70d6be2c: Request not found, ignoring reply: 355864cd-7ac5-4934-b366-9756b15dd90f<-3eeffb0a-787e-48ec-a2f5-d0c540a89489#5413:OK,SUCCESS,nextIndex:5406,term:1,followerCommit:5404
2019-08-21 15:30:17,237 | INFO  | DNAudit | user=null | ip=null | op=WRITE_CHUNK {blockData=conID: 3 locID: 102655682776466108 bcsId: 5400} | ret=SUCCESS |  
2019-08-21 15:30:17,237 | INFO  | DNAudit | user=null | ip=null | op=WRITE_CHUNK {blockData=conID: 3 locID: 102655682776466108 bcsId: 5400} | ret=SUCCESS |  
2019-08-21 15:30:17,238 | INFO  | DNAudit | user=null | ip=null | op=PUT_BLOCK {blockData=[blockId=conID: 3 locID: 102655682776466108 bcsId: 0,size=4194304]} | ret=SUCCESS |  
2019-08-21 15:30:17,238 | INFO  | DNAudit | user=null | ip=null | op=PUT_BLOCK {blockData=[blockId=conID: 3 locID: 102655682776466108 bcsId: 0,size=4194304]} | ret=SUCCESS |  
2019-08-21 15:30:17,238 [grpc-default-executor-5] WARN  server.GrpcLogAppender (GrpcLogAppender.java:onNextImpl(250)) - org.apache.ratis.grpc.server.GrpcLogAppender$AppendLogResponseHandler@58370442: Request not found, ignoring reply: 355864cd-7ac5-4934-b366-9756b15dd90f<-ce4aa411-63c8-4399-99eb-27ce352844f3#5413:OK,SUCCESS,nextIndex:5406,term:1,followerCommit:5404
2019-08-21 15:30:17,546 | INFO  | SCMAudit | user=jenkins1000 | ip=192.168.5.153 | op=SEND_HEARTBEAT {datanodeUUID=a0074e04-2715-4b16-a2b0-10b5043d27ae, command=[]} | ret=SUCCESS |  
2019-08-21 15:30:17,546 | INFO  | SCMAudit | user=jenkins1000 | ip=192.168.5.153 | op=SEND_HEARTBEAT {datanodeUUID=355864cd-7ac5-4934-b366-9756b15dd90f, command=[]} | ret=SUCCESS |  
2019-08-21 15:30:17,546 | INFO  | SCMAudit | user=jenkins1000 | ip=192.168.5.153 | op=SEND_HEARTBEAT {datanodeUUID=3eeffb0a-787e-48ec-a2f5-d0c540a89489, command=[]} | ret=SUCCESS |  
2019-08-21 15:30:17,547 | INFO  | SCMAudit | user=jenkins1000 | ip=192.168.5.153 | op=SEND_HEARTBEAT {datanodeUUID=a38cd7e0-d792-481c-a4c0-f4feaa89ec8f, command=[]} | ret=SUCCESS |  
 0.00% |█                                                                                                    |  0/1 Time: 0:00:422019-08-21 15:30:17,548 | INFO  | SCMAudit | user=jenkins1000 | ip=192.168.5.153 | op=SEND_HEARTBEAT {datanodeUUID=ce4aa411-63c8-4399-99eb-27ce352844f3, command=[]} | ret=SUCCESS |  
2019-08-21 15:30:17,571 [java.util.concurrent.ThreadPoolExecutor$Worker@43197161[State = -1, empty queue]] WARN  server.GrpcLogAppender (GrpcLogAppender.java:timeoutAppendRequest(200)) - GrpcLogAppender(355864cd-7ac5-4934-b366-9756b15dd90f->ce4aa411-63c8-4399-99eb-27ce352844f3): appendEntries Timeout, request=355864cd-7ac5-4934-b366-9756b15dd90f->ce4aa411-63c8-4399-99eb-27ce352844f3#5415-t1, previous=(t:1, i:5406), leaderCommit=5404, initializing? false, entries: <empty>
2019-08-21 15:30:17,571 [java.util.concurrent.ThreadPoolExecutor$Worker@5c325f56[State = -1, empty queue]] WARN  server.GrpcLogAppender (GrpcLogAppender.java:timeoutAppendRequest(200)) - GrpcLogAppender(355864cd-7ac5-4934-b366-9756b15dd90f->3eeffb0a-787e-48ec-a2f5-d0c540a89489): appendEntries Timeout, request=355864cd-7ac5-4934-b366-9756b15dd90f->3eeffb0a-787e-48ec-a2f5-d0c540a89489#5415-t1, previous=(t:1, i:5406), leaderCommit=5404, initializing? false, entries: <empty>
2019-08-21 15:30:18,546 | INFO  | SCMAudit | user=jenkins1000 | ip=192.168.5.153 | op=SEND_HEARTBEAT {datanodeUUID=a0074e04-2715-4b16-a2b0-10b5043d27ae, command=[]} | ret=SUCCESS |  
2019-08-21 15:30:18,546 | INFO  | SCMAudit | user=jenkins1000 | ip=192.168.5.153 | op=SEND_HEARTBEAT {datanodeUUID=355864cd-7ac5-4934-b366-9756b15dd90f, command=[]} | ret=SUCCESS |  
2019-08-21 15:30:18,546 | INFO  | SCMAudit | user=jenkins1000 | ip=192.168.5.153 | op=SEND_HEARTBEAT {datanodeUUID=3eeffb0a-787e-48ec-a2f5-d0c540a89489, command=[]} | ret=SUCCESS |  
2019-08-21 15:30:18,547 | INFO  | SCMAudit | user=jenkins1000 | ip=192.168.5.153 | op=SEND_HEARTBEAT {datanodeUUID=a38cd7e0-d792-481c-a4c0-f4feaa89ec8f, command=[]} | ret=SUCCESS |  
 0.00% |█                                                                                                    |  0/1 Time: 0:00:432019-08-21 15:30:18,549 | INFO  | SCMAudit | user=jenkins1000 | ip=192.168.5.153 | op=SEND_HEARTBEAT {datanodeUUID=ce4aa411-63c8-4399-99eb-27ce352844f3, command=[]} | ret=SUCCESS |  
2019-08-21 15:30:19,547 | INFO  | SCMAudit | user=jenkins1000 | ip=192.168.5.153 | op=SEND_HEARTBEAT {datanodeUUID=a0074e04-2715-4b16-a2b0-10b5043d27ae, command=[]} | ret=SUCCESS |  
2019-08-21 15:30:19,547 | INFO  | SCMAudit | user=jenkins1000 | ip=192.168.5.153 | op=SEND_HEARTBEAT {datanodeUUID=3eeffb0a-787e-48ec-a2f5-d0c540a89489, command=[]} | ret=SUCCESS |  
2019-08-21 15:30:19,547 | INFO  | SCMAudit | user=jenkins1000 | ip=192.168.5.153 | op=SEND_HEARTBEAT {datanodeUUID=a38cd7e0-d792-481c-a4c0-f4feaa89ec8f, command=[]} | ret=SUCCESS |  
2019-08-21 15:30:19,547 | INFO  | SCMAudit | user=jenkins1000 | ip=192.168.5.153 | op=SEND_HEARTBEAT {datanodeUUID=355864cd-7ac5-4934-b366-9756b15dd90f, command=[]} | ret=SUCCESS |  
 0.00% |█                                                                                                    |  0/1 Time: 0:00:442019-08-21 15:30:19,549 | INFO  | SCMAudit | user=jenkins1000 | ip=192.168.5.153 | op=SEND_HEARTBEAT {datanodeUUID=ce4aa411-63c8-4399-99eb-27ce352844f3, command=[]} | ret=SUCCESS |  
2019-08-21 15:30:20,071 [java.util.concurrent.ThreadPoolExecutor$Worker@5c325f56[State = -1, empty queue]] WARN  server.GrpcLogAppender (GrpcLogAppender.java:timeoutAppendRequest(200)) - GrpcLogAppender(355864cd-7ac5-4934-b366-9756b15dd90f->3eeffb0a-787e-48ec-a2f5-d0c540a89489): appendEntries Timeout, request=355864cd-7ac5-4934-b366-9756b15dd90f->3eeffb0a-787e-48ec-a2f5-d0c540a89489#5416-t1, previous=(t:1, i:5406), leaderCommit=5404, initializing? false, entries: <empty>
2019-08-21 15:30:20,071 [java.util.concurrent.ThreadPoolExecutor$Worker@43197161[State = -1, empty queue]] WARN  server.GrpcLogAppender (GrpcLogAppender.java:timeoutAppendRequest(200)) - GrpcLogAppender(355864cd-7ac5-4934-b366-9756b15dd90f->ce4aa411-63c8-4399-99eb-27ce352844f3): appendEntries Timeout, request=355864cd-7ac5-4934-b366-9756b15dd90f->ce4aa411-63c8-4399-99eb-27ce352844f3#5416-t1, previous=(t:1, i:5406), leaderCommit=5404, initializing? false, entries: <empty>
2019-08-21 15:30:20,546 | INFO  | SCMAudit | user=jenkins1000 | ip=192.168.5.153 | op=SEND_HEARTBEAT {datanodeUUID=355864cd-7ac5-4934-b366-9756b15dd90f, command=[]} | ret=SUCCESS |  
2019-08-21 15:30:20,547 | INFO  | SCMAudit | user=jenkins1000 | ip=192.168.5.153 | op=SEND_HEARTBEAT {datanodeUUID=a0074e04-2715-4b16-a2b0-10b5043d27ae, command=[]} | ret=SUCCESS |  
2019-08-21 15:30:20,547 | INFO  | SCMAudit | user=jenkins1000 | ip=192.168.5.153 | op=SEND_HEARTBEAT {datanodeUUID=3eeffb0a-787e-48ec-a2f5-d0c540a89489, command=[]} | ret=SUCCESS |  
2019-08-21 15:30:20,547 | INFO  | SCMAudit | user=jenkins1000 | ip=192.168.5.153 | op=SEND_HEARTBEAT {datanodeUUID=a38cd7e0-d792-481c-a4c0-f4feaa89ec8f, command=[]} | ret=SUCCESS |  
2019-08-21 15:30:20,549 | INFO  | SCMAudit | user=jenkins1000 | ip=192.168.5.153 | op=SEND_HEARTBEAT {datanodeUUID=ce4aa411-63c8-4399-99eb-27ce352844f3, command=[]} | ret=SUCCESS |  
 0.00% |█                                                                                                    |  0/1 Time: 0:00:452019-08-21 15:30:21,546 | INFO  | SCMAudit | user=jenkins1000 | ip=192.168.5.153 | op=SEND_HEARTBEAT {datanodeUUID=a0074e04-2715-4b16-a2b0-10b5043d27ae, command=[]} | ret=SUCCESS |  
2019-08-21 15:30:21,546 | INFO  | SCMAudit | user=jenkins1000 | ip=192.168.5.153 | op=SEND_HEARTBEAT {datanodeUUID=355864cd-7ac5-4934-b366-9756b15dd90f, command=[]} | ret=SUCCESS |  
2019-08-21 15:30:21,547 | INFO  | SCMAudit | user=jenkins1000 | ip=192.168.5.153 | op=SEND_HEARTBEAT {datanodeUUID=3eeffb0a-787e-48ec-a2f5-d0c540a89489, command=[]} | ret=SUCCESS |  
2019-08-21 15:30:21,547 | INFO  | SCMAudit | user=jenkins1000 | ip=192.168.5.153 | op=SEND_HEARTBEAT {datanodeUUID=a38cd7e0-d792-481c-a4c0-f4feaa89ec8f, command=[]} | ret=SUCCESS |  
2019-08-21 15:30:21,549 | INFO  | SCMAudit | user=jenkins1000 | ip=192.168.5.153 | op=SEND_HEARTBEAT {datanodeUUID=ce4aa411-63c8-4399-99eb-27ce352844f3, command=[]} | ret=SUCCESS |  
 0.00% |█                                                                                                    |  0/1 Time: 0:00:462019-08-21 15:30:22,081 [pool-282-thread-1] WARN  storage.CommitWatcher (CommitWatcher.java:watchForCommit(203)) - watchForCommit failed for index 5404
java.util.concurrent.TimeoutException
	at java.util.concurrent.CompletableFuture.timedGet(CompletableFuture.java:1771)
	at java.util.concurrent.CompletableFuture.get(CompletableFuture.java:1915)
	at org.apache.hadoop.hdds.scm.XceiverClientRatis.watchForCommit(XceiverClientRatis.java:268)
	at org.apache.hadoop.hdds.scm.storage.CommitWatcher.watchForCommit(CommitWatcher.java:194)
	at org.apache.hadoop.hdds.scm.storage.CommitWatcher.watchOnLastIndex(CommitWatcher.java:157)
	at org.apache.hadoop.hdds.scm.storage.BlockOutputStream.watchForCommit(BlockOutputStream.java:347)
	at org.apache.hadoop.hdds.scm.storage.BlockOutputStream.handleFlush(BlockOutputStream.java:479)
	at org.apache.hadoop.hdds.scm.storage.BlockOutputStream.close(BlockOutputStream.java:493)
	at org.apache.hadoop.ozone.client.io.BlockOutputStreamEntry.close(BlockOutputStreamEntry.java:143)
	at org.apache.hadoop.ozone.client.io.KeyOutputStream.handleFlushOrClose(KeyOutputStream.java:438)
	at org.apache.hadoop.ozone.client.io.KeyOutputStream.handleWrite(KeyOutputStream.java:235)
	at org.apache.hadoop.ozone.client.io.KeyOutputStream.write(KeyOutputStream.java:193)
	at org.apache.hadoop.ozone.client.io.OzoneOutputStream.write(OzoneOutputStream.java:49)
	at org.apache.hadoop.ozone.freon.RandomKeyGenerator.createKey(RandomKeyGenerator.java:699)
	at org.apache.hadoop.ozone.freon.RandomKeyGenerator.access$1100(RandomKeyGenerator.java:87)
	at org.apache.hadoop.ozone.freon.RandomKeyGenerator$ObjectCreator.run(RandomKeyGenerator.java:606)
	at java.util.concurrent.Executors$RunnableAdapter.call(Executors.java:511)
	at java.util.concurrent.FutureTask.run(FutureTask.java:266)
	at java.util.concurrent.ThreadPoolExecutor.runWorker(ThreadPoolExecutor.java:1149)
	at java.util.concurrent.ThreadPoolExecutor$Worker.run(ThreadPoolExecutor.java:624)
	at java.lang.Thread.run(Thread.java:748)
2019-08-21 15:30:22,083 [pool-282-thread-1] WARN  io.KeyOutputStream (KeyOutputStream.java:handleException(276)) - Encountered exception java.io.IOException: Unexpected Storage Container Exception: java.io.IOException: Unexpected Storage Container Exception: java.util.concurrent.TimeoutException on the pipeline Pipeline[ Id: 6ac533ce-2423-4640-8700-785bcf25c267, Nodes: ce4aa411-63c8-4399-99eb-27ce352844f3{ip: 192.168.5.153, host: pr-hdds-1999-4zsjs-3155158423, networkLocation: /default-rack, certSerialId: null}355864cd-7ac5-4934-b366-9756b15dd90f{ip: 192.168.5.153, host: pr-hdds-1999-4zsjs-3155158423, networkLocation: /default-rack, certSerialId: null}3eeffb0a-787e-48ec-a2f5-d0c540a89489{ip: 192.168.5.153, host: pr-hdds-1999-4zsjs-3155158423, networkLocation: /default-rack, certSerialId: null}, Type:RATIS, Factor:THREE, State:OPEN]. The last committed block length is 3145728, uncommitted data length is 1048576 retry count 0
2019-08-21 15:30:22,129 [IPC Server handler 9 on 42974] WARN  block.BlockManagerImpl (BlockManagerImpl.java:allocateBlock(192)) - Pipeline creation failed for type:RATIS factor:THREE. Retrying get pipelines call once.
org.apache.hadoop.hdds.scm.pipeline.InsufficientDatanodesException: Cannot create pipeline of factor 3 using 2 nodes.
	at org.apache.hadoop.hdds.scm.pipeline.RatisPipelineProvider.create(RatisPipelineProvider.java:151)
	at org.apache.hadoop.hdds.scm.pipeline.PipelineFactory.create(PipelineFactory.java:57)
	at org.apache.hadoop.hdds.scm.pipeline.SCMPipelineManager.createPipeline(SCMPipelineManager.java:149)
	at org.apache.hadoop.hdds.scm.block.BlockManagerImpl.allocateBlock(BlockManagerImpl.java:190)
	at org.apache.hadoop.hdds.scm.server.SCMBlockProtocolServer.allocateBlock(SCMBlockProtocolServer.java:175)
	at org.apache.hadoop.ozone.protocolPB.ScmBlockLocationProtocolServerSideTranslatorPB.allocateScmBlock(ScmBlockLocationProtocolServerSideTranslatorPB.java:153)
	at org.apache.hadoop.ozone.protocolPB.ScmBlockLocationProtocolServerSideTranslatorPB.send(ScmBlockLocationProtocolServerSideTranslatorPB.java:112)
	at org.apache.hadoop.hdds.protocol.proto.ScmBlockLocationProtocolProtos$ScmBlockLocationProtocolService$2.callBlockingMethod(ScmBlockLocationProtocolProtos.java:13157)
	at org.apache.hadoop.ipc.ProtobufRpcEngine$Server$ProtoBufRpcInvoker.call(ProtobufRpcEngine.java:524)
	at org.apache.hadoop.ipc.RPC$Server.call(RPC.java:1025)
	at org.apache.hadoop.ipc.Server$RpcCall.run(Server.java:876)
	at org.apache.hadoop.ipc.Server$RpcCall.run(Server.java:822)
	at java.security.AccessController.doPrivileged(Native Method)
	at javax.security.auth.Subject.doAs(Subject.java:422)
	at org.apache.hadoop.security.UserGroupInformation.doAs(UserGroupInformation.java:1730)
	at org.apache.hadoop.ipc.Server$Handler.run(Server.java:2682)
2019-08-21 15:30:22,130 [IPC Server handler 9 on 42974] INFO  block.BlockManagerImpl (BlockManagerImpl.java:allocateBlock(198)) - Could not find available pipeline of type:RATIS and factor:THREE even after retrying
2019-08-21 15:30:22,130 [IPC Server handler 9 on 42974] ERROR block.BlockManagerImpl (BlockManagerImpl.java:allocateBlock(222)) - Unable to allocate a block for the size: 4194304, type: RATIS, factor: THREE
2019-08-21 15:30:22,130 | INFO  | SCMAudit | user=jenkins1000 | ip=192.168.5.153 | op=ALLOCATE_BLOCK {owner=78849ec2-2b05-45d8-8cb5-e95e2230dbd1, size=4194304, type=RATIS, factor=THREE} | ret=SUCCESS |  
2019-08-21 15:30:22,133 | ERROR | OMAudit | user=jenkins1000 | ip=127.0.0.1 | op=ALLOCATE_BLOCK {volume=vol-0-32358, bucket=bucket-0-01949, key=key-0-56547, dataSize=0, replicationType=null, replicationFactor=null, keyLocationInfo=null, clientID=102655680532119954} | ret=FAILURE | org.apache.hadoop.hdds.scm.exceptions.SCMException: Allocated 0 blocks. Requested 1 blocks
	at org.apache.hadoop.hdds.scm.protocolPB.ScmBlockLocationProtocolClientSideTranslatorPB.handleError(ScmBlockLocationProtocolClientSideTranslatorPB.java:118)
	at org.apache.hadoop.hdds.scm.protocolPB.ScmBlockLocationProtocolClientSideTranslatorPB.allocateBlock(ScmBlockLocationProtocolClientSideTranslatorPB.java:156) 
2019-08-21 15:30:22,138 [pool-282-thread-1] ERROR io.BlockOutputStreamEntryPool (BlockOutputStreamEntryPool.java:allocateBlockIfNeeded(299)) - Try to allocate more blocks for write failed, already allocated 0 blocks for this write.
INTERNAL_ERROR org.apache.hadoop.ozone.om.exceptions.OMException: Allocated 0 blocks. Requested 1 blocks
	at org.apache.hadoop.ozone.om.protocolPB.OzoneManagerProtocolClientSideTranslatorPB.handleError(OzoneManagerProtocolClientSideTranslatorPB.java:725)
	at org.apache.hadoop.ozone.om.protocolPB.OzoneManagerProtocolClientSideTranslatorPB.allocateBlock(OzoneManagerProtocolClientSideTranslatorPB.java:757)
	at org.apache.hadoop.ozone.client.io.BlockOutputStreamEntryPool.allocateNewBlock(BlockOutputStreamEntryPool.java:248)
	at org.apache.hadoop.ozone.client.io.BlockOutputStreamEntryPool.allocateBlockIfNeeded(BlockOutputStreamEntryPool.java:296)
	at org.apache.hadoop.ozone.client.io.KeyOutputStream.handleWrite(KeyOutputStream.java:201)
	at org.apache.hadoop.ozone.client.io.KeyOutputStream.handleRetry(KeyOutputStream.java:376)
	at org.apache.hadoop.ozone.client.io.KeyOutputStream.handleException(KeyOutputStream.java:325)
	at org.apache.hadoop.ozone.client.io.KeyOutputStream.handleFlushOrClose(KeyOutputStream.java:448)
	at org.apache.hadoop.ozone.client.io.KeyOutputStream.handleWrite(KeyOutputStream.java:235)
	at org.apache.hadoop.ozone.client.io.KeyOutputStream.write(KeyOutputStream.java:193)
	at org.apache.hadoop.ozone.client.io.OzoneOutputStream.write(OzoneOutputStream.java:49)
	at org.apache.hadoop.ozone.freon.RandomKeyGenerator.createKey(RandomKeyGenerator.java:699)
	at org.apache.hadoop.ozone.freon.RandomKeyGenerator.access$1100(RandomKeyGenerator.java:87)
	at org.apache.hadoop.ozone.freon.RandomKeyGenerator$ObjectCreator.run(RandomKeyGenerator.java:606)
	at java.util.concurrent.Executors$RunnableAdapter.call(Executors.java:511)
	at java.util.concurrent.FutureTask.run(FutureTask.java:266)
	at java.util.concurrent.ThreadPoolExecutor.runWorker(ThreadPoolExecutor.java:1149)
	at java.util.concurrent.ThreadPoolExecutor$Worker.run(ThreadPoolExecutor.java:624)
	at java.lang.Thread.run(Thread.java:748)
2019-08-21 15:30:22,140 [pool-282-thread-1] ERROR freon.RandomKeyGenerator (RandomKeyGenerator.java:createKey(724)) - Exception while adding key: key-0-56547 in bucket: bucket-0-01949 of volume: vol-0-32358.
INTERNAL_ERROR org.apache.hadoop.ozone.om.exceptions.OMException: Allocated 0 blocks. Requested 1 blocks
	at org.apache.hadoop.ozone.om.protocolPB.OzoneManagerProtocolClientSideTranslatorPB.handleError(OzoneManagerProtocolClientSideTranslatorPB.java:725)
	at org.apache.hadoop.ozone.om.protocolPB.OzoneManagerProtocolClientSideTranslatorPB.allocateBlock(OzoneManagerProtocolClientSideTranslatorPB.java:757)
	at org.apache.hadoop.ozone.client.io.BlockOutputStreamEntryPool.allocateNewBlock(BlockOutputStreamEntryPool.java:248)
	at org.apache.hadoop.ozone.client.io.BlockOutputStreamEntryPool.allocateBlockIfNeeded(BlockOutputStreamEntryPool.java:296)
	at org.apache.hadoop.ozone.client.io.KeyOutputStream.handleWrite(KeyOutputStream.java:201)
	at org.apache.hadoop.ozone.client.io.KeyOutputStream.handleRetry(KeyOutputStream.java:376)
	at org.apache.hadoop.ozone.client.io.KeyOutputStream.handleException(KeyOutputStream.java:325)
	at org.apache.hadoop.ozone.client.io.KeyOutputStream.handleFlushOrClose(KeyOutputStream.java:448)
	at org.apache.hadoop.ozone.client.io.KeyOutputStream.handleWrite(KeyOutputStream.java:235)
	at org.apache.hadoop.ozone.client.io.KeyOutputStream.write(KeyOutputStream.java:193)
	at org.apache.hadoop.ozone.client.io.OzoneOutputStream.write(OzoneOutputStream.java:49)
	at org.apache.hadoop.ozone.freon.RandomKeyGenerator.createKey(RandomKeyGenerator.java:699)
	at org.apache.hadoop.ozone.freon.RandomKeyGenerator.access$1100(RandomKeyGenerator.java:87)
	at org.apache.hadoop.ozone.freon.RandomKeyGenerator$ObjectCreator.run(RandomKeyGenerator.java:606)
	at java.util.concurrent.Executors$RunnableAdapter.call(Executors.java:511)
	at java.util.concurrent.FutureTask.run(FutureTask.java:266)
	at java.util.concurrent.ThreadPoolExecutor.runWorker(ThreadPoolExecutor.java:1149)
	at java.util.concurrent.ThreadPoolExecutor$Worker.run(ThreadPoolExecutor.java:624)
	at java.lang.Thread.run(Thread.java:748)
2019-08-21 15:30:22,431 [grpc-default-executor-5] WARN  server.GrpcLogAppender (GrpcLogAppender.java:onNextImpl(250)) - org.apache.ratis.grpc.server.GrpcLogAppender$AppendLogResponseHandler@58370442: Request not found, ignoring reply: 355864cd-7ac5-4934-b366-9756b15dd90f<-ce4aa411-63c8-4399-99eb-27ce352844f3#5414:OK,SUCCESS,nextIndex:5407,term:1,followerCommit:5404
2019-08-21 15:30:22,432 [grpc-default-executor-5] WARN  server.GrpcLogAppender (GrpcLogAppender.java:onNextImpl(250)) - org.apache.ratis.grpc.server.GrpcLogAppender$AppendLogResponseHandler@58370442: Request not found, ignoring reply: 355864cd-7ac5-4934-b366-9756b15dd90f<-ce4aa411-63c8-4399-99eb-27ce352844f3#5415:OK,SUCCESS,nextIndex:5407,term:1,followerCommit:5404
2019-08-21 15:30:22,432 [grpc-default-executor-5] WARN  server.GrpcLogAppender (GrpcLogAppender.java:onNextImpl(250)) - org.apache.ratis.grpc.server.GrpcLogAppender$AppendLogResponseHandler@58370442: Request not found, ignoring reply: 355864cd-7ac5-4934-b366-9756b15dd90f<-ce4aa411-63c8-4399-99eb-27ce352844f3#5416:OK,SUCCESS,nextIndex:5407,term:1,followerCommit:5404
2019-08-21 15:30:22,433 [grpc-default-executor-5] INFO  client.GrpcClientProtocolClient (GrpcClientProtocolClient.java:onNext(255)) - client-029E50227556->355864cd-7ac5-4934-b366-9756b15dd90f: receive RaftClientReply:client-029E50227556->355864cd-7ac5-4934-b366-9756b15dd90f@group-785BCF25C267, cid=3572, SUCCESS, logIndex=0, commits[355864cd-7ac5-4934-b366-9756b15dd90f:c5404, ce4aa411-63c8-4399-99eb-27ce352844f3:c5404, 3eeffb0a-787e-48ec-a2f5-d0c540a89489:c5400]
2019-08-21 15:30:22,434 [grpc-default-executor-5] INFO  client.GrpcClientProtocolClient (GrpcClientProtocolClient.java:onNext(255)) - client-029E50227556->355864cd-7ac5-4934-b366-9756b15dd90f: receive RaftClientReply:client-029E50227556->355864cd-7ac5-4934-b366-9756b15dd90f@group-785BCF25C267, cid=3572, SUCCESS, logIndex=0, commits[355864cd-7ac5-4934-b366-9756b15dd90f:c5404, ce4aa411-63c8-4399-99eb-27ce352844f3:c5404, 3eeffb0a-787e-48ec-a2f5-d0c540a89489:c5400]
2019-08-21 15:30:22,436 [grpc-default-executor-5] WARN  server.GrpcLogAppender (GrpcLogAppender.java:onNextImpl(250)) - org.apache.ratis.grpc.server.GrpcLogAppender$AppendLogResponseHandler@70d6be2c: Request not found, ignoring reply: 355864cd-7ac5-4934-b366-9756b15dd90f<-3eeffb0a-787e-48ec-a2f5-d0c540a89489#5414:OK,SUCCESS,nextIndex:5407,term:1,followerCommit:5404
2019-08-21 15:30:22,436 [grpc-default-executor-5] WARN  server.GrpcLogAppender (GrpcLogAppender.java:onNextImpl(250)) - org.apache.ratis.grpc.server.GrpcLogAppender$AppendLogResponseHandler@70d6be2c: Request not found, ignoring reply: 355864cd-7ac5-4934-b366-9756b15dd90f<-3eeffb0a-787e-48ec-a2f5-d0c540a89489#5415:OK,SUCCESS,nextIndex:5407,term:1,followerCommit:5404
2019-08-21 15:30:22,436 [grpc-default-executor-5] WARN  server.GrpcLogAppender (GrpcLogAppender.java:onNextImpl(250)) - org.apache.ratis.grpc.server.GrpcLogAppender$AppendLogResponseHandler@70d6be2c: Request not found, ignoring reply: 355864cd-7ac5-4934-b366-9756b15dd90f<-3eeffb0a-787e-48ec-a2f5-d0c540a89489#5416:OK,SUCCESS,nextIndex:5407,term:1,followerCommit:5404
2019-08-21 15:30:22,438 [grpc-default-executor-5] INFO  client.GrpcClientProtocolClient (GrpcClientProtocolClient.java:onNext(255)) - client-029E50227556->355864cd-7ac5-4934-b366-9756b15dd90f: receive RaftClientReply:client-029E50227556->355864cd-7ac5-4934-b366-9756b15dd90f@group-785BCF25C267, cid=3571, SUCCESS, logIndex=0, commits[355864cd-7ac5-4934-b366-9756b15dd90f:c5406, ce4aa411-63c8-4399-99eb-27ce352844f3:c5404, 3eeffb0a-787e-48ec-a2f5-d0c540a89489:c5404]
2019-08-21 15:30:22,438 [grpc-default-executor-5] INFO  client.GrpcClientProtocolClient (GrpcClientProtocolClient.java:onNext(255)) - client-029E50227556->355864cd-7ac5-4934-b366-9756b15dd90f: receive RaftClientReply:client-029E50227556->355864cd-7ac5-4934-b366-9756b15dd90f@group-785BCF25C267, cid=3571, SUCCESS, logIndex=0, commits[355864cd-7ac5-4934-b366-9756b15dd90f:c5406, ce4aa411-63c8-4399-99eb-27ce352844f3:c5404, 3eeffb0a-787e-48ec-a2f5-d0c540a89489:c5404]
2019-08-21 15:30:22,439 [grpc-default-executor-5] INFO  client.GrpcClientProtocolClient (GrpcClientProtocolClient.java:onNext(255)) - client-029E50227556->355864cd-7ac5-4934-b366-9756b15dd90f: receive RaftClientReply:client-029E50227556->355864cd-7ac5-4934-b366-9756b15dd90f@group-785BCF25C267, cid=3571, SUCCESS, logIndex=0, commits[355864cd-7ac5-4934-b366-9756b15dd90f:c5406, ce4aa411-63c8-4399-99eb-27ce352844f3:c5404, 3eeffb0a-787e-48ec-a2f5-d0c540a89489:c5404]
2019-08-21 15:30:22,546 | INFO  | SCMAudit | user=jenkins1000 | ip=192.168.5.153 | op=SEND_HEARTBEAT {datanodeUUID=a0074e04-2715-4b16-a2b0-10b5043d27ae, command=[]} | ret=SUCCESS |  
2019-08-21 15:30:22,546 | INFO  | SCMAudit | user=jenkins1000 | ip=192.168.5.153 | op=SEND_HEARTBEAT {datanodeUUID=355864cd-7ac5-4934-b366-9756b15dd90f, command=[]} | ret=SUCCESS |  
2019-08-21 15:30:22,547 | INFO  | SCMAudit | user=jenkins1000 | ip=192.168.5.153 | op=SEND_HEARTBEAT {datanodeUUID=3eeffb0a-787e-48ec-a2f5-d0c540a89489, command=[]} | ret=SUCCESS |  
2019-08-21 15:30:22,547 | INFO  | SCMAudit | user=jenkins1000 | ip=192.168.5.153 | op=SEND_HEARTBEAT {datanodeUUID=a38cd7e0-d792-481c-a4c0-f4feaa89ec8f, command=[]} | ret=SUCCESS |  
2019-08-21 15:30:22,549 | INFO  | SCMAudit | user=jenkins1000 | ip=192.168.5.153 | op=SEND_HEARTBEAT {datanodeUUID=ce4aa411-63c8-4399-99eb-27ce352844f3, command=[]} | ret=SUCCESS |  
 0.00% |█                                                                                                    |  0/1 Time: 0:00:472019-08-21 15:30:23,546 | INFO  | SCMAudit | user=jenkins1000 | ip=192.168.5.153 | op=SEND_HEARTBEAT {datanodeUUID=a0074e04-2715-4b16-a2b0-10b5043d27ae, command=[]} | ret=SUCCESS |  
2019-08-21 15:30:23,546 | INFO  | SCMAudit | user=jenkins1000 | ip=192.168.5.153 | op=SEND_HEARTBEAT {datanodeUUID=355864cd-7ac5-4934-b366-9756b15dd90f, command=[]} | ret=SUCCESS |  
2019-08-21 15:30:23,547 | INFO  | SCMAudit | user=jenkins1000 | ip=192.168.5.153 | op=SEND_HEARTBEAT {datanodeUUID=a38cd7e0-d792-481c-a4c0-f4feaa89ec8f, command=[]} | ret=SUCCESS |  
2019-08-21 15:30:23,548 | INFO  | SCMAudit | user=jenkins1000 | ip=192.168.5.153 | op=SEND_HEARTBEAT {datanodeUUID=3eeffb0a-787e-48ec-a2f5-d0c540a89489, command=[]} | ret=SUCCESS |  
2019-08-21 15:30:23,549 | INFO  | SCMAudit | user=jenkins1000 | ip=192.168.5.153 | op=SEND_HEARTBEAT {datanodeUUID=ce4aa411-63c8-4399-99eb-27ce352844f3, command=[]} | ret=SUCCESS |  
 0.00% |█                                                                                                    |  0/1 Time: 0:00:482019-08-21 15:30:24,547 | INFO  | SCMAudit | user=jenkins1000 | ip=192.168.5.153 | op=SEND_HEARTBEAT {datanodeUUID=355864cd-7ac5-4934-b366-9756b15dd90f, command=[]} | ret=SUCCESS |  
2019-08-21 15:30:24,547 | INFO  | SCMAudit | user=jenkins1000 | ip=192.168.5.153 | op=SEND_HEARTBEAT {datanodeUUID=a0074e04-2715-4b16-a2b0-10b5043d27ae, command=[]} | ret=SUCCESS |  
2019-08-21 15:30:24,548 | INFO  | SCMAudit | user=jenkins1000 | ip=192.168.5.153 | op=SEND_HEARTBEAT {datanodeUUID=a38cd7e0-d792-481c-a4c0-f4feaa89ec8f, command=[]} | ret=SUCCESS |  
2019-08-21 15:30:24,548 | INFO  | SCMAudit | user=jenkins1000 | ip=192.168.5.153 | op=SEND_HEARTBEAT {datanodeUUID=3eeffb0a-787e-48ec-a2f5-d0c540a89489, command=[]} | ret=SUCCESS |  
2019-08-21 15:30:24,549 | INFO  | SCMAudit | user=jenkins1000 | ip=192.168.5.153 | op=SEND_HEARTBEAT {datanodeUUID=ce4aa411-63c8-4399-99eb-27ce352844f3, command=[]} | ret=SUCCESS |  
 0.00% |█                                                                                                    |  0/1 Time: 0:00:49 0.00% |█                                                                                                    |  0/1 Time: 0:00:502019-08-21 15:30:25,552 | INFO  | SCMAudit | user=jenkins1000 | ip=192.168.5.153 | op=SEND_HEARTBEAT {datanodeUUID=a0074e04-2715-4b16-a2b0-10b5043d27ae, command=[]} | ret=SUCCESS |  
2019-08-21 15:30:25,552 | INFO  | SCMAudit | user=jenkins1000 | ip=192.168.5.153 | op=SEND_HEARTBEAT {datanodeUUID=ce4aa411-63c8-4399-99eb-27ce352844f3, command=[]} | ret=SUCCESS |  
2019-08-21 15:30:25,552 | INFO  | SCMAudit | user=jenkins1000 | ip=192.168.5.153 | op=SEND_HEARTBEAT {datanodeUUID=3eeffb0a-787e-48ec-a2f5-d0c540a89489, command=[]} | ret=SUCCESS |  
2019-08-21 15:30:25,552 | INFO  | SCMAudit | user=jenkins1000 | ip=192.168.5.153 | op=SEND_HEARTBEAT {datanodeUUID=355864cd-7ac5-4934-b366-9756b15dd90f, command=[]} | ret=SUCCESS |  
2019-08-21 15:30:25,552 | INFO  | SCMAudit | user=jenkins1000 | ip=192.168.5.153 | op=SEND_HEARTBEAT {datanodeUUID=a38cd7e0-d792-481c-a4c0-f4feaa89ec8f, command=[]} | ret=SUCCESS |  
2019-08-21 15:30:26,547 | INFO  | SCMAudit | user=jenkins1000 | ip=192.168.5.153 | op=SEND_HEARTBEAT {datanodeUUID=a0074e04-2715-4b16-a2b0-10b5043d27ae, command=[]} | ret=SUCCESS |  
2019-08-21 15:30:26,547 | INFO  | SCMAudit | user=jenkins1000 | ip=192.168.5.153 | op=SEND_HEARTBEAT {datanodeUUID=355864cd-7ac5-4934-b366-9756b15dd90f, command=[]} | ret=SUCCESS |  
2019-08-21 15:30:26,548 | INFO  | SCMAudit | user=jenkins1000 | ip=192.168.5.153 | op=SEND_HEARTBEAT {datanodeUUID=a38cd7e0-d792-481c-a4c0-f4feaa89ec8f, command=[]} | ret=SUCCESS |  
2019-08-21 15:30:26,548 | INFO  | SCMAudit | user=jenkins1000 | ip=192.168.5.153 | op=SEND_HEARTBEAT {datanodeUUID=3eeffb0a-787e-48ec-a2f5-d0c540a89489, command=[]} | ret=SUCCESS |  
2019-08-21 15:30:26,549 | INFO  | SCMAudit | user=jenkins1000 | ip=192.168.5.153 | op=SEND_HEARTBEAT {datanodeUUID=ce4aa411-63c8-4399-99eb-27ce352844f3, command=[]} | ret=SUCCESS |  
 100.00% |█████████████████████████████████████████████████████████████████████████████████████████████████████|  1/1 Time: 0:00:51
2019-08-21 15:30:27,546 | INFO  | SCMAudit | user=jenkins1000 | ip=192.168.5.153 | op=SEND_HEARTBEAT {datanodeUUID=a0074e04-2715-4b16-a2b0-10b5043d27ae, command=[]} | ret=SUCCESS |  
2019-08-21 15:30:27,547 | INFO  | SCMAudit | user=jenkins1000 | ip=192.168.5.153 | op=SEND_HEARTBEAT {datanodeUUID=355864cd-7ac5-4934-b366-9756b15dd90f, command=[]} | ret=SUCCESS |  
2019-08-21 15:30:27,548 | INFO  | SCMAudit | user=jenkins1000 | ip=192.168.5.153 | op=SEND_HEARTBEAT {datanodeUUID=a38cd7e0-d792-481c-a4c0-f4feaa89ec8f, command=[]} | ret=SUCCESS |  
2019-08-21 15:30:27,548 | INFO  | SCMAudit | user=jenkins1000 | ip=192.168.5.153 | op=SEND_HEARTBEAT {datanodeUUID=3eeffb0a-787e-48ec-a2f5-d0c540a89489, command=[]} | ret=SUCCESS |  
2019-08-21 15:30:27,549 | INFO  | SCMAudit | user=jenkins1000 | ip=192.168.5.153 | op=SEND_HEARTBEAT {datanodeUUID=ce4aa411-63c8-4399-99eb-27ce352844f3, command=[]} | ret=SUCCESS |  
2019-08-21 15:30:28,546 | INFO  | SCMAudit | user=jenkins1000 | ip=192.168.5.153 | op=SEND_HEARTBEAT {datanodeUUID=355864cd-7ac5-4934-b366-9756b15dd90f, command=[]} | ret=SUCCESS |  
2019-08-21 15:30:28,546 | INFO  | SCMAudit | user=jenkins1000 | ip=192.168.5.153 | op=SEND_HEARTBEAT {datanodeUUID=a0074e04-2715-4b16-a2b0-10b5043d27ae, command=[]} | ret=SUCCESS |  
2019-08-21 15:30:28,548 | INFO  | SCMAudit | user=jenkins1000 | ip=192.168.5.153 | op=SEND_HEARTBEAT {datanodeUUID=a38cd7e0-d792-481c-a4c0-f4feaa89ec8f, command=[]} | ret=SUCCESS |  
2019-08-21 15:30:28,548 | INFO  | SCMAudit | user=jenkins1000 | ip=192.168.5.153 | op=SEND_HEARTBEAT {datanodeUUID=3eeffb0a-787e-48ec-a2f5-d0c540a89489, command=[]} | ret=SUCCESS |  
2019-08-21 15:30:28,549 | INFO  | SCMAudit | user=jenkins1000 | ip=192.168.5.153 | op=SEND_HEARTBEAT {datanodeUUID=ce4aa411-63c8-4399-99eb-27ce352844f3, command=[]} | ret=SUCCESS |  
2019-08-21 15:30:29,546 | INFO  | SCMAudit | user=jenkins1000 | ip=192.168.5.153 | op=SEND_HEARTBEAT {datanodeUUID=355864cd-7ac5-4934-b366-9756b15dd90f, command=[]} | ret=SUCCESS |  
2019-08-21 15:30:29,546 | INFO  | SCMAudit | user=jenkins1000 | ip=192.168.5.153 | op=SEND_HEARTBEAT {datanodeUUID=a0074e04-2715-4b16-a2b0-10b5043d27ae, command=[]} | ret=SUCCESS |  
2019-08-21 15:30:29,548 | INFO  | SCMAudit | user=jenkins1000 | ip=192.168.5.153 | op=SEND_HEARTBEAT {datanodeUUID=a38cd7e0-d792-481c-a4c0-f4feaa89ec8f, command=[]} | ret=SUCCESS |  
2019-08-21 15:30:29,548 | INFO  | SCMAudit | user=jenkins1000 | ip=192.168.5.153 | op=SEND_HEARTBEAT {datanodeUUID=3eeffb0a-787e-48ec-a2f5-d0c540a89489, command=[]} | ret=SUCCESS |  
2019-08-21 15:30:29,549 | INFO  | SCMAudit | user=jenkins1000 | ip=192.168.5.153 | op=SEND_HEARTBEAT {datanodeUUID=ce4aa411-63c8-4399-99eb-27ce352844f3, command=[]} | ret=SUCCESS |  
2019-08-21 15:30:30,546 | INFO  | SCMAudit | user=jenkins1000 | ip=192.168.5.153 | op=SEND_HEARTBEAT {datanodeUUID=355864cd-7ac5-4934-b366-9756b15dd90f, command=[]} | ret=SUCCESS |  
2019-08-21 15:30:30,546 | INFO  | SCMAudit | user=jenkins1000 | ip=192.168.5.153 | op=SEND_HEARTBEAT {datanodeUUID=a0074e04-2715-4b16-a2b0-10b5043d27ae, command=[]} | ret=SUCCESS |  
2019-08-21 15:30:30,548 | INFO  | SCMAudit | user=jenkins1000 | ip=192.168.5.153 | op=SEND_HEARTBEAT {datanodeUUID=a38cd7e0-d792-481c-a4c0-f4feaa89ec8f, command=[]} | ret=SUCCESS |  
2019-08-21 15:30:30,548 | INFO  | SCMAudit | user=jenkins1000 | ip=192.168.5.153 | op=SEND_HEARTBEAT {datanodeUUID=3eeffb0a-787e-48ec-a2f5-d0c540a89489, command=[]} | ret=SUCCESS |  
2019-08-21 15:30:30,549 | INFO  | SCMAudit | user=jenkins1000 | ip=192.168.5.153 | op=SEND_HEARTBEAT {datanodeUUID=ce4aa411-63c8-4399-99eb-27ce352844f3, command=[]} | ret=SUCCESS |  
]]></system-out>
  </testcase>
  <testcase name="fileWithSizeZero" classname="org.apache.hadoop.ozone.freon.TestRandomKeyGenerator" time="5.066"/>
  <testcase name="multiThread" classname="org.apache.hadoop.ozone.freon.TestRandomKeyGenerator" time="10.036"/>
</testsuite>