<?xml version="1.0" encoding="UTF-8"?>
<testsuite xmlns:xsi="http://www.w3.org/2001/XMLSchema-instance" xsi:noNamespaceSchemaLocation="https://maven.apache.org/surefire/maven-surefire-plugin/xsd/surefire-test-report.xsd" name="org.apache.hadoop.ozone.client.rpc.TestWatchForCommit" time="237.007" tests="6" errors="0" skipped="0" failures="1">
  <properties>
    <property name="awt.toolkit" value="sun.awt.X11.XToolkit"/>
    <property name="file.encoding.pkg" value="sun.io"/>
    <property name="java.specification.version" value="1.8"/>
    <property name="sun.cpu.isalist" value=""/>
    <property name="sun.jnu.encoding" value="UTF-8"/>
    <property name="java.class.path" value="/workdir/hadoop-ozone/integration-test/target/test-classes:/workdir/hadoop-ozone/integration-test/target/classes:/home/user/.m2/repository/org/apache/hadoop/hadoop-ozone-common/0.5.0-SNAPSHOT/hadoop-ozone-common-0.5.0-SNAPSHOT.jar:/home/user/.m2/repository/org/apache/commons/commons-compress/1.4.1/commons-compress-1.4.1.jar:/home/user/.m2/repository/org/tukaani/xz/1.0/xz-1.0.jar:/home/user/.m2/repository/org/apache/hadoop/hadoop-common/3.2.0/hadoop-common-3.2.0.jar:/home/user/.m2/repository/org/apache/hadoop/hadoop-hdfs/3.2.0/hadoop-hdfs-3.2.0.jar:/home/user/.m2/repository/org/apache/hadoop/hadoop-hdfs-client/3.2.0/hadoop-hdfs-client-3.2.0.jar:/home/user/.m2/repository/com/fasterxml/jackson/core/jackson-annotations/2.9.5/jackson-annotations-2.9.5.jar:/home/user/.m2/repository/org/apache/hadoop/hadoop-hdds-common/0.5.0-SNAPSHOT/hadoop-hdds-common-0.5.0-SNAPSHOT.jar:/home/user/.m2/repository/javax/annotation/javax.annotation-api/1.2/javax.annotation-api-1.2.jar:/home/user/.m2/repository/org/apache/ratis/ratis-server/0.4.0-2337318-SNAPSHOT/ratis-server-0.4.0-2337318-SNAPSHOT.jar:/home/user/.m2/repository/org/apache/ratis/ratis-thirdparty-misc/0.2.0/ratis-thirdparty-misc-0.2.0.jar:/home/user/.m2/repository/org/apache/ratis/ratis-proto/0.4.0-2337318-SNAPSHOT/ratis-proto-0.4.0-2337318-SNAPSHOT.jar:/home/user/.m2/repository/org/apache/ratis/ratis-common/0.4.0-2337318-SNAPSHOT/ratis-common-0.4.0-2337318-SNAPSHOT.jar:/home/user/.m2/repository/org/apache/ratis/ratis-client/0.4.0-2337318-SNAPSHOT/ratis-client-0.4.0-2337318-SNAPSHOT.jar:/home/user/.m2/repository/org/apache/ratis/ratis-metrics/0.4.0-2337318-SNAPSHOT/ratis-metrics-0.4.0-2337318-SNAPSHOT.jar:/home/user/.m2/repository/org/apache/ratis/ratis-netty/0.4.0-2337318-SNAPSHOT/ratis-netty-0.4.0-2337318-SNAPSHOT.jar:/home/user/.m2/repository/org/apache/ratis/ratis-grpc/0.4.0-2337318-SNAPSHOT/ratis-grpc-0.4.0-2337318-SNAPSHOT.jar:/home/user/.m2/repository/org/rocksdb/rocksdbjni/6.0.1/rocksdbjni-6.0.1.jar:/home/user/.m2/repository/org/apache/logging/log4j/log4j-api/2.11.0/log4j-api-2.11.0.jar:/home/user/.m2/repository/org/apache/logging/log4j/log4j-core/2.11.0/log4j-core-2.11.0.jar:/home/user/.m2/repository/com/lmax/disruptor/3.4.2/disruptor-3.4.2.jar:/home/user/.m2/repository/org/apache/commons/commons-pool2/2.6.0/commons-pool2-2.6.0.jar:/home/user/.m2/repository/org/bouncycastle/bcpkix-jdk15on/1.60/bcpkix-jdk15on-1.60.jar:/home/user/.m2/repository/commons-validator/commons-validator/1.6/commons-validator-1.6.jar:/home/user/.m2/repository/commons-digester/commons-digester/1.8.1/commons-digester-1.8.1.jar:/home/user/.m2/repository/io/jaegertracing/jaeger-client/0.33.1/jaeger-client-0.33.1.jar:/home/user/.m2/repository/io/jaegertracing/jaeger-thrift/0.33.1/jaeger-thrift-0.33.1.jar:/home/user/.m2/repository/org/apache/thrift/libthrift/0.11.0/libthrift-0.11.0.jar:/home/user/.m2/repository/com/squareup/okhttp3/okhttp/3.9.0/okhttp-3.9.0.jar:/home/user/.m2/repository/com/squareup/okio/okio/1.13.0/okio-1.13.0.jar:/home/user/.m2/repository/io/jaegertracing/jaeger-core/0.33.1/jaeger-core-0.33.1.jar:/home/user/.m2/repository/io/jaegertracing/jaeger-tracerresolver/0.33.1/jaeger-tracerresolver-0.33.1.jar:/home/user/.m2/repository/io/opentracing/contrib/opentracing-tracerresolver/0.1.5/opentracing-tracerresolver-0.1.5.jar:/home/user/.m2/repository/io/opentracing/opentracing-util/0.31.0/opentracing-util-0.31.0.jar:/home/user/.m2/repository/io/opentracing/opentracing-api/0.31.0/opentracing-api-0.31.0.jar:/home/user/.m2/repository/io/opentracing/opentracing-noop/0.31.0/opentracing-noop-0.31.0.jar:/home/user/.m2/repository/org/apache/hadoop/hadoop-hdds-server-framework/0.5.0-SNAPSHOT/hadoop-hdds-server-framework-0.5.0-SNAPSHOT.jar:/home/user/.m2/repository/org/apache/hadoop/hadoop-hdds-container-service/0.5.0-SNAPSHOT/hadoop-hdds-container-service-0.5.0-SNAPSHOT.jar:/home/user/.m2/repository/org/apache/hadoop/hadoop-hdds-client/0.5.0-SNAPSHOT/hadoop-hdds-client-0.5.0-SNAPSHOT.jar:/home/user/.m2/repository/org/apache/hadoop/hadoop-hdds-tools/0.5.0-SNAPSHOT/hadoop-hdds-tools-0.5.0-SNAPSHOT.jar:/home/user/.m2/repository/org/apache/hadoop/hadoop-hdds-server-scm/0.5.0-SNAPSHOT/hadoop-hdds-server-scm-0.5.0-SNAPSHOT.jar:/home/user/.m2/repository/org/apache/hadoop/hadoop-hdds-docs/0.5.0-SNAPSHOT/hadoop-hdds-docs-0.5.0-SNAPSHOT.jar:/home/user/.m2/repository/io/dropwizard/metrics/metrics-core/3.2.4/metrics-core-3.2.4.jar:/home/user/.m2/repository/org/hamcrest/hamcrest-all/1.3/hamcrest-all-1.3.jar:/home/user/.m2/repository/org/bouncycastle/bcprov-jdk15on/1.60/bcprov-jdk15on-1.60.jar:/home/user/.m2/repository/info/picocli/picocli/3.9.6/picocli-3.9.6.jar:/home/user/.m2/repository/com/google/protobuf/protobuf-java/2.5.0/protobuf-java-2.5.0.jar:/home/user/.m2/repository/com/google/guava/guava/11.0.2/guava-11.0.2.jar:/home/user/.m2/repository/org/apache/hadoop/hadoop-ozone-ozone-manager/0.5.0-SNAPSHOT/hadoop-ozone-ozone-manager-0.5.0-SNAPSHOT.jar:/home/user/.m2/repository/org/apache/hadoop/hadoop-minikdc/3.2.0/hadoop-minikdc-3.2.0.jar:/home/user/.m2/repository/commons-io/commons-io/2.5/commons-io-2.5.jar:/home/user/.m2/repository/org/apache/kerby/kerb-simplekdc/1.0.1/kerb-simplekdc-1.0.1.jar:/home/user/.m2/repository/org/apache/kerby/kerb-client/1.0.1/kerb-client-1.0.1.jar:/home/user/.m2/repository/org/apache/kerby/kerby-config/1.0.1/kerby-config-1.0.1.jar:/home/user/.m2/repository/org/apache/kerby/kerb-core/1.0.1/kerb-core-1.0.1.jar:/home/user/.m2/repository/org/apache/kerby/kerby-pkix/1.0.1/kerby-pkix-1.0.1.jar:/home/user/.m2/repository/org/apache/kerby/kerby-asn1/1.0.1/kerby-asn1-1.0.1.jar:/home/user/.m2/repository/org/apache/kerby/kerby-util/1.0.1/kerby-util-1.0.1.jar:/home/user/.m2/repository/org/apache/kerby/kerb-common/1.0.1/kerb-common-1.0.1.jar:/home/user/.m2/repository/org/apache/kerby/kerb-crypto/1.0.1/kerb-crypto-1.0.1.jar:/home/user/.m2/repository/org/apache/kerby/kerb-util/1.0.1/kerb-util-1.0.1.jar:/home/user/.m2/repository/org/apache/kerby/token-provider/1.0.1/token-provider-1.0.1.jar:/home/user/.m2/repository/org/apache/kerby/kerb-admin/1.0.1/kerb-admin-1.0.1.jar:/home/user/.m2/repository/org/apache/kerby/kerb-server/1.0.1/kerb-server-1.0.1.jar:/home/user/.m2/repository/org/apache/kerby/kerb-identity/1.0.1/kerb-identity-1.0.1.jar:/home/user/.m2/repository/org/apache/kerby/kerby-xdr/1.0.1/kerby-xdr-1.0.1.jar:/home/user/.m2/repository/org/slf4j/slf4j-log4j12/1.7.25/slf4j-log4j12-1.7.25.jar:/home/user/.m2/repository/org/apache/hadoop/hadoop-ozone-objectstore-service/0.5.0-SNAPSHOT/hadoop-ozone-objectstore-service-0.5.0-SNAPSHOT.jar:/home/user/.m2/repository/org/apache/hadoop/hadoop-ozone-s3gateway/0.5.0-SNAPSHOT/hadoop-ozone-s3gateway-0.5.0-SNAPSHOT.jar:/home/user/.m2/repository/org/jboss/weld/servlet/weld-servlet/2.4.7.Final/weld-servlet-2.4.7.Final.jar:/home/user/.m2/repository/org/glassfish/jersey/containers/jersey-container-servlet-core/2.27/jersey-container-servlet-core-2.27.jar:/home/user/.m2/repository/org/glassfish/hk2/external/javax.inject/2.5.0-b42/javax.inject-2.5.0-b42.jar:/home/user/.m2/repository/org/glassfish/jersey/core/jersey-common/2.27/jersey-common-2.27.jar:/home/user/.m2/repository/org/glassfish/hk2/osgi-resource-locator/1.0.1/osgi-resource-locator-1.0.1.jar:/home/user/.m2/repository/javax/ws/rs/javax.ws.rs-api/2.1/javax.ws.rs-api-2.1.jar:/home/user/.m2/repository/org/glassfish/jersey/ext/cdi/jersey-cdi1x/2.27/jersey-cdi1x-2.27.jar:/home/user/.m2/repository/org/glassfish/jersey/inject/jersey-hk2/2.27/jersey-hk2-2.27.jar:/home/user/.m2/repository/org/glassfish/hk2/hk2-locator/2.5.0-b42/hk2-locator-2.5.0-b42.jar:/home/user/.m2/repository/org/javassist/javassist/3.22.0-CR2/javassist-3.22.0-CR2.jar:/home/user/.m2/repository/org/glassfish/hk2/hk2-api/2.5.0/hk2-api-2.5.0.jar:/home/user/.m2/repository/org/glassfish/hk2/external/jakarta.inject/2.5.0/jakarta.inject-2.5.0.jar:/home/user/.m2/repository/org/glassfish/hk2/hk2-utils/2.5.0/hk2-utils-2.5.0.jar:/home/user/.m2/repository/jakarta/annotation/jakarta.annotation-api/1.3.4/jakarta.annotation-api-1.3.4.jar:/home/user/.m2/repository/org/glassfish/hk2/external/aopalliance-repackaged/2.5.0/aopalliance-repackaged-2.5.0.jar:/home/user/.m2/repository/com/fasterxml/jackson/dataformat/jackson-dataformat-xml/2.9.0/jackson-dataformat-xml-2.9.0.jar:/home/user/.m2/repository/com/fasterxml/jackson/core/jackson-core/2.9.5/jackson-core-2.9.5.jar:/home/user/.m2/repository/com/fasterxml/jackson/module/jackson-module-jaxb-annotations/2.9.5/jackson-module-jaxb-annotations-2.9.5.jar:/home/user/.m2/repository/javax/enterprise/cdi-api/1.2/cdi-api-1.2.jar:/home/user/.m2/repository/javax/el/javax.el-api/3.0.0/javax.el-api-3.0.0.jar:/home/user/.m2/repository/javax/interceptor/javax.interceptor-api/1.2/javax.interceptor-api-1.2.jar:/home/user/.m2/repository/javax/inject/javax.inject/1/javax.inject-1.jar:/home/user/.m2/repository/com/sun/xml/bind/jaxb-impl/2.3.0.1/jaxb-impl-2.3.0.1.jar:/home/user/.m2/repository/com/sun/xml/bind/jaxb-core/2.3.0.1/jaxb-core-2.3.0.1.jar:/home/user/.m2/repository/javax/xml/bind/jaxb-api/2.3.0/jaxb-api-2.3.0.jar:/home/user/.m2/repository/javax/activation/activation/1.1.1/activation-1.1.1.jar:/home/user/.m2/repository/org/apache/hadoop/hadoop-ozone-csi/0.5.0-SNAPSHOT/hadoop-ozone-csi-0.5.0-SNAPSHOT.jar:/home/user/.m2/repository/com/google/protobuf/protobuf-java-util/3.5.1/protobuf-java-util-3.5.1.jar:/home/user/.m2/repository/org/apache/hadoop/hadoop-hdds-config/0.5.0-SNAPSHOT/hadoop-hdds-config-0.5.0-SNAPSHOT.jar:/home/user/.m2/repository/io/grpc/grpc-netty/1.17.1/grpc-netty-1.17.1.jar:/home/user/.m2/repository/io/grpc/grpc-core/1.17.1/grpc-core-1.17.1.jar:/home/user/.m2/repository/io/grpc/grpc-context/1.17.1/grpc-context-1.17.1.jar:/home/user/.m2/repository/com/google/errorprone/error_prone_annotations/2.2.0/error_prone_annotations-2.2.0.jar:/home/user/.m2/repository/org/codehaus/mojo/animal-sniffer-annotations/1.17/animal-sniffer-annotations-1.17.jar:/home/user/.m2/repository/io/opencensus/opencensus-api/0.17.0/opencensus-api-0.17.0.jar:/home/user/.m2/repository/io/opencensus/opencensus-contrib-grpc-metrics/0.17.0/opencensus-contrib-grpc-metrics-0.17.0.jar:/home/user/.m2/repository/io/netty/netty-codec-http2/4.1.30.Final/netty-codec-http2-4.1.30.Final.jar:/home/user/.m2/repository/io/netty/netty-codec-http/4.1.30.Final/netty-codec-http-4.1.30.Final.jar:/home/user/.m2/repository/io/netty/netty-codec/4.1.30.Final/netty-codec-4.1.30.Final.jar:/home/user/.m2/repository/io/netty/netty-handler/4.1.30.Final/netty-handler-4.1.30.Final.jar:/home/user/.m2/repository/io/netty/netty-handler-proxy/4.1.30.Final/netty-handler-proxy-4.1.30.Final.jar:/home/user/.m2/repository/io/netty/netty-codec-socks/4.1.30.Final/netty-codec-socks-4.1.30.Final.jar:/home/user/.m2/repository/io/netty/netty-transport-native-epoll/4.1.30.Final/netty-transport-native-epoll-4.1.30.Final.jar:/home/user/.m2/repository/io/netty/netty-common/4.1.30.Final/netty-common-4.1.30.Final.jar:/home/user/.m2/repository/io/netty/netty-buffer/4.1.30.Final/netty-buffer-4.1.30.Final.jar:/home/user/.m2/repository/io/netty/netty-transport/4.1.30.Final/netty-transport-4.1.30.Final.jar:/home/user/.m2/repository/io/netty/netty-resolver/4.1.30.Final/netty-resolver-4.1.30.Final.jar:/home/user/.m2/repository/io/netty/netty-transport-native-unix-common/4.1.30.Final/netty-transport-native-unix-common-4.1.30.Final.jar:/home/user/.m2/repository/io/grpc/grpc-protobuf/1.17.1/grpc-protobuf-1.17.1.jar:/home/user/.m2/repository/com/google/api/grpc/proto-google-common-protos/1.0.0/proto-google-common-protos-1.0.0.jar:/home/user/.m2/repository/io/grpc/grpc-protobuf-lite/1.17.1/grpc-protobuf-lite-1.17.1.jar:/home/user/.m2/repository/io/grpc/grpc-stub/1.17.1/grpc-stub-1.17.1.jar:/home/user/.m2/repository/org/apache/hadoop/hadoop-ozone-recon/0.5.0-SNAPSHOT/hadoop-ozone-recon-0.5.0-SNAPSHOT.jar:/home/user/.m2/repository/org/apache/hadoop/hadoop-ozone-reconcodegen/0.5.0-SNAPSHOT/hadoop-ozone-reconcodegen-0.5.0-SNAPSHOT.jar:/home/user/.m2/repository/com/google/inject/extensions/guice-multibindings/4.0/guice-multibindings-4.0.jar:/home/user/.m2/repository/com/google/inject/guice/4.0/guice-4.0.jar:/home/user/.m2/repository/aopalliance/aopalliance/1.0/aopalliance-1.0.jar:/home/user/.m2/repository/com/google/inject/extensions/guice-servlet/4.0/guice-servlet-4.0.jar:/home/user/.m2/repository/org/glassfish/jersey/containers/jersey-container-servlet/2.27/jersey-container-servlet-2.27.jar:/home/user/.m2/repository/org/glassfish/hk2/guice-bridge/2.5.0/guice-bridge-2.5.0.jar:/home/user/.m2/repository/org/glassfish/jersey/core/jersey-server/2.27/jersey-server-2.27.jar:/home/user/.m2/repository/org/glassfish/jersey/core/jersey-client/2.27/jersey-client-2.27.jar:/home/user/.m2/repository/org/glassfish/jersey/media/jersey-media-jaxb/2.27/jersey-media-jaxb-2.27.jar:/home/user/.m2/repository/javax/validation/validation-api/1.1.0.Final/validation-api-1.1.0.Final.jar:/home/user/.m2/repository/org/glassfish/jersey/media/jersey-media-json-jackson/2.27/jersey-media-json-jackson-2.27.jar:/home/user/.m2/repository/org/glassfish/jersey/ext/jersey-entity-filtering/2.27/jersey-entity-filtering-2.27.jar:/home/user/.m2/repository/com/google/inject/extensions/guice-assistedinject/4.0/guice-assistedinject-4.0.jar:/home/user/.m2/repository/org/jooq/jooq/3.11.10/jooq-3.11.10.jar:/home/user/.m2/repository/org/jooq/jooq-meta/3.11.10/jooq-meta-3.11.10.jar:/home/user/.m2/repository/org/jooq/jooq-codegen/3.11.10/jooq-codegen-3.11.10.jar:/home/user/.m2/repository/com/jolbox/bonecp/0.8.0.RELEASE/bonecp-0.8.0.RELEASE.jar:/home/user/.m2/repository/org/xerial/sqlite-jdbc/3.25.2/sqlite-jdbc-3.25.2.jar:/home/user/.m2/repository/org/springframework/spring-jdbc/5.1.3.RELEASE/spring-jdbc-5.1.3.RELEASE.jar:/home/user/.m2/repository/org/springframework/spring-beans/5.1.3.RELEASE/spring-beans-5.1.3.RELEASE.jar:/home/user/.m2/repository/org/springframework/spring-core/5.1.3.RELEASE/spring-core-5.1.3.RELEASE.jar:/home/user/.m2/repository/org/springframework/spring-jcl/5.1.3.RELEASE/spring-jcl-5.1.3.RELEASE.jar:/home/user/.m2/repository/org/springframework/spring-tx/5.1.3.RELEASE/spring-tx-5.1.3.RELEASE.jar:/home/user/.m2/repository/org/apache/hadoop/hadoop-ozone-client/0.5.0-SNAPSHOT/hadoop-ozone-client-0.5.0-SNAPSHOT.jar:/home/user/.m2/repository/commons-lang/commons-lang/2.6/commons-lang-2.6.jar:/home/user/.m2/repository/org/apache/hadoop/hadoop-ozone-ozone-manager/0.5.0-SNAPSHOT/hadoop-ozone-ozone-manager-0.5.0-SNAPSHOT-tests.jar:/home/user/.m2/repository/junit/junit/4.11/junit-4.11.jar:/home/user/.m2/repository/org/hamcrest/hamcrest-core/1.3/hamcrest-core-1.3.jar:/home/user/.m2/repository/org/openjdk/jmh/jmh-core/1.19/jmh-core-1.19.jar:/home/user/.m2/repository/net/sf/jopt-simple/jopt-simple/4.6/jopt-simple-4.6.jar:/home/user/.m2/repository/org/apache/commons/commons-math3/3.1.1/commons-math3-3.1.1.jar:/home/user/.m2/repository/org/openjdk/jmh/jmh-generator-annprocess/1.19/jmh-generator-annprocess-1.19.jar:/home/user/.m2/repository/org/mockito/mockito-all/1.8.5/mockito-all-1.8.5.jar:/home/user/.m2/repository/org/apache/hadoop/hadoop-kms/3.2.0/hadoop-kms-3.2.0.jar:/home/user/.m2/repository/org/apache/hadoop/hadoop-auth/3.2.0/hadoop-auth-3.2.0.jar:/home/user/.m2/repository/com/nimbusds/nimbus-jose-jwt/4.41.1/nimbus-jose-jwt-4.41.1.jar:/home/user/.m2/repository/com/github/stephenc/jcip/jcip-annotations/1.0-1/jcip-annotations-1.0-1.jar:/home/user/.m2/repository/net/minidev/json-smart/2.3/json-smart-2.3.jar:/home/user/.m2/repository/net/minidev/accessors-smart/1.2/accessors-smart-1.2.jar:/home/user/.m2/repository/org/ow2/asm/asm/5.0.4/asm-5.0.4.jar:/home/user/.m2/repository/org/apache/curator/curator-framework/2.12.0/curator-framework-2.12.0.jar:/home/user/.m2/repository/com/sun/jersey/jersey-core/1.19/jersey-core-1.19.jar:/home/user/.m2/repository/javax/ws/rs/jsr311-api/1.1.1/jsr311-api-1.1.1.jar:/home/user/.m2/repository/com/sun/jersey/jersey-server/1.19/jersey-server-1.19.jar:/home/user/.m2/repository/javax/servlet/javax.servlet-api/3.1.0/javax.servlet-api-3.1.0.jar:/home/user/.m2/repository/org/eclipse/jetty/jetty-server/9.3.24.v20180605/jetty-server-9.3.24.v20180605.jar:/home/user/.m2/repository/org/eclipse/jetty/jetty-http/9.3.24.v20180605/jetty-http-9.3.24.v20180605.jar:/home/user/.m2/repository/org/eclipse/jetty/jetty-io/9.3.24.v20180605/jetty-io-9.3.24.v20180605.jar:/home/user/.m2/repository/org/eclipse/jetty/jetty-webapp/9.3.24.v20180605/jetty-webapp-9.3.24.v20180605.jar:/home/user/.m2/repository/org/eclipse/jetty/jetty-xml/9.3.24.v20180605/jetty-xml-9.3.24.v20180605.jar:/home/user/.m2/repository/log4j/log4j/1.2.17/log4j-1.2.17.jar:/home/user/.m2/repository/org/slf4j/slf4j-api/1.7.25/slf4j-api-1.7.25.jar:/home/user/.m2/repository/org/slf4j/jul-to-slf4j/1.7.25/jul-to-slf4j-1.7.25.jar:/home/user/.m2/repository/org/eclipse/jetty/jetty-util/9.3.24.v20180605/jetty-util-9.3.24.v20180605.jar:/home/user/.m2/repository/com/fasterxml/jackson/core/jackson-databind/2.9.5/jackson-databind-2.9.5.jar:/home/user/.m2/repository/org/apache/hadoop/hadoop-kms/3.2.0/hadoop-kms-3.2.0-tests.jar:/home/user/.m2/repository/org/apache/hadoop/hadoop-hdds-server-scm/0.5.0-SNAPSHOT/hadoop-hdds-server-scm-0.5.0-SNAPSHOT-tests.jar:/home/user/.m2/repository/org/apache/hadoop/hadoop-hdds-container-service/0.5.0-SNAPSHOT/hadoop-hdds-container-service-0.5.0-SNAPSHOT-tests.jar:/home/user/.m2/repository/org/yaml/snakeyaml/1.16/snakeyaml-1.16.jar:/home/user/.m2/repository/org/apache/hadoop/hadoop-common/3.2.0/hadoop-common-3.2.0-tests.jar:/home/user/.m2/repository/org/apache/hadoop/hadoop-annotations/3.2.0/hadoop-annotations-3.2.0.jar:/usr/lib/jvm/java-1.8-openjdk/jre/../lib/tools.jar:/home/user/.m2/repository/commons-cli/commons-cli/1.2/commons-cli-1.2.jar:/home/user/.m2/repository/org/apache/httpcomponents/httpclient/4.5.2/httpclient-4.5.2.jar:/home/user/.m2/repository/org/apache/httpcomponents/httpcore/4.4.4/httpcore-4.4.4.jar:/home/user/.m2/repository/commons-codec/commons-codec/1.11/commons-codec-1.11.jar:/home/user/.m2/repository/commons-net/commons-net/3.6/commons-net-3.6.jar:/home/user/.m2/repository/commons-collections/commons-collections/3.2.2/commons-collections-3.2.2.jar:/home/user/.m2/repository/org/eclipse/jetty/jetty-servlet/9.3.24.v20180605/jetty-servlet-9.3.24.v20180605.jar:/home/user/.m2/repository/org/eclipse/jetty/jetty-security/9.3.24.v20180605/jetty-security-9.3.24.v20180605.jar:/home/user/.m2/repository/javax/servlet/jsp/jsp-api/2.1/jsp-api-2.1.jar:/home/user/.m2/repository/com/sun/jersey/jersey-servlet/1.19/jersey-servlet-1.19.jar:/home/user/.m2/repository/com/sun/jersey/jersey-json/1.19/jersey-json-1.19.jar:/home/user/.m2/repository/org/codehaus/jettison/jettison/1.1/jettison-1.1.jar:/home/user/.m2/repository/org/codehaus/jackson/jackson-core-asl/1.9.13/jackson-core-asl-1.9.13.jar:/home/user/.m2/repository/org/codehaus/jackson/jackson-mapper-asl/1.9.13/jackson-mapper-asl-1.9.13.jar:/home/user/.m2/repository/org/codehaus/jackson/jackson-jaxrs/1.9.13/jackson-jaxrs-1.9.13.jar:/home/user/.m2/repository/org/codehaus/jackson/jackson-xc/1.9.13/jackson-xc-1.9.13.jar:/home/user/.m2/repository/commons-logging/commons-logging/1.1.3/commons-logging-1.1.3.jar:/home/user/.m2/repository/commons-beanutils/commons-beanutils/1.9.3/commons-beanutils-1.9.3.jar:/home/user/.m2/repository/org/apache/commons/commons-configuration2/2.1.1/commons-configuration2-2.1.1.jar:/home/user/.m2/repository/org/apache/commons/commons-lang3/3.7/commons-lang3-3.7.jar:/home/user/.m2/repository/org/apache/commons/commons-text/1.4/commons-text-1.4.jar:/home/user/.m2/repository/org/apache/avro/avro/1.7.7/avro-1.7.7.jar:/home/user/.m2/repository/com/thoughtworks/paranamer/paranamer/2.3/paranamer-2.3.jar:/home/user/.m2/repository/org/xerial/snappy/snappy-java/1.0.5/snappy-java-1.0.5.jar:/home/user/.m2/repository/com/google/re2j/re2j/1.1/re2j-1.1.jar:/home/user/.m2/repository/com/google/code/gson/gson/2.2.4/gson-2.2.4.jar:/home/user/.m2/repository/com/jcraft/jsch/0.1.54/jsch-0.1.54.jar:/home/user/.m2/repository/org/apache/curator/curator-client/2.12.0/curator-client-2.12.0.jar:/home/user/.m2/repository/org/apache/curator/curator-recipes/2.12.0/curator-recipes-2.12.0.jar:/home/user/.m2/repository/com/google/code/findbugs/jsr305/3.0.0/jsr305-3.0.0.jar:/home/user/.m2/repository/org/apache/htrace/htrace-core4/4.1.0-incubating/htrace-core4-4.1.0-incubating.jar:/home/user/.m2/repository/org/apache/zookeeper/zookeeper/3.4.13/zookeeper-3.4.13.jar:/home/user/.m2/repository/org/apache/yetus/audience-annotations/0.5.0/audience-annotations-0.5.0.jar:/home/user/.m2/repository/org/codehaus/woodstox/stax2-api/3.1.4/stax2-api-3.1.4.jar:/home/user/.m2/repository/com/fasterxml/woodstox/woodstox-core/5.0.3/woodstox-core-5.0.3.jar:/home/user/.m2/repository/dnsjava/dnsjava/2.1.7/dnsjava-2.1.7.jar:/home/user/.m2/repository/org/apache/hadoop/hadoop-hdfs/3.2.0/hadoop-hdfs-3.2.0-tests.jar:/home/user/.m2/repository/org/eclipse/jetty/jetty-util-ajax/9.3.24.v20180605/jetty-util-ajax-9.3.24.v20180605.jar:/home/user/.m2/repository/commons-daemon/commons-daemon/1.0.13/commons-daemon-1.0.13.jar:/home/user/.m2/repository/io/netty/netty/3.10.5.Final/netty-3.10.5.Final.jar:/home/user/.m2/repository/io/netty/netty-all/4.0.52.Final/netty-all-4.0.52.Final.jar:/home/user/.m2/repository/org/fusesource/leveldbjni/leveldbjni-all/1.8/leveldbjni-all-1.8.jar:"/>
    <property name="java.vm.vendor" value="IcedTea"/>
    <property name="sun.arch.data.model" value="64"/>
    <property name="test.build.dir" value="/workdir/hadoop-ozone/integration-test/target/test-dir"/>
    <property name="test.cache.data" value=""/>
    <property name="java.vendor.url" value="https://icedtea.classpath.org"/>
    <property name="user.timezone" value=""/>
    <property name="java.vm.specification.version" value="1.8"/>
    <property name="os.name" value="Linux"/>
    <property name="test.build.data" value="/workdir/hadoop-ozone/integration-test/target/test-dir"/>
    <property name="user.country" value="US"/>
    <property name="sun.java.launcher" value="SUN_STANDARD"/>
    <property name="sun.boot.library.path" value="/usr/lib/jvm/java-1.8-openjdk/jre/lib/amd64"/>
    <property name="sun.java.command" value="/workdir/hadoop-ozone/integration-test/target/surefire/surefirebooter4393255340138246605.jar /workdir/hadoop-ozone/integration-test/target/surefire 2019-07-15T12-53-33_419-jvmRun1 surefire4677938022098145970tmp surefire_473574572174562773836tmp"/>
    <property name="surefire.test.class.path" value="/workdir/hadoop-ozone/integration-test/target/test-classes:/workdir/hadoop-ozone/integration-test/target/classes:/home/user/.m2/repository/org/apache/hadoop/hadoop-ozone-common/0.5.0-SNAPSHOT/hadoop-ozone-common-0.5.0-SNAPSHOT.jar:/home/user/.m2/repository/org/apache/commons/commons-compress/1.4.1/commons-compress-1.4.1.jar:/home/user/.m2/repository/org/tukaani/xz/1.0/xz-1.0.jar:/home/user/.m2/repository/org/apache/hadoop/hadoop-common/3.2.0/hadoop-common-3.2.0.jar:/home/user/.m2/repository/org/apache/hadoop/hadoop-hdfs/3.2.0/hadoop-hdfs-3.2.0.jar:/home/user/.m2/repository/org/apache/hadoop/hadoop-hdfs-client/3.2.0/hadoop-hdfs-client-3.2.0.jar:/home/user/.m2/repository/com/fasterxml/jackson/core/jackson-annotations/2.9.5/jackson-annotations-2.9.5.jar:/home/user/.m2/repository/org/apache/hadoop/hadoop-hdds-common/0.5.0-SNAPSHOT/hadoop-hdds-common-0.5.0-SNAPSHOT.jar:/home/user/.m2/repository/javax/annotation/javax.annotation-api/1.2/javax.annotation-api-1.2.jar:/home/user/.m2/repository/org/apache/ratis/ratis-server/0.4.0-2337318-SNAPSHOT/ratis-server-0.4.0-2337318-SNAPSHOT.jar:/home/user/.m2/repository/org/apache/ratis/ratis-thirdparty-misc/0.2.0/ratis-thirdparty-misc-0.2.0.jar:/home/user/.m2/repository/org/apache/ratis/ratis-proto/0.4.0-2337318-SNAPSHOT/ratis-proto-0.4.0-2337318-SNAPSHOT.jar:/home/user/.m2/repository/org/apache/ratis/ratis-common/0.4.0-2337318-SNAPSHOT/ratis-common-0.4.0-2337318-SNAPSHOT.jar:/home/user/.m2/repository/org/apache/ratis/ratis-client/0.4.0-2337318-SNAPSHOT/ratis-client-0.4.0-2337318-SNAPSHOT.jar:/home/user/.m2/repository/org/apache/ratis/ratis-metrics/0.4.0-2337318-SNAPSHOT/ratis-metrics-0.4.0-2337318-SNAPSHOT.jar:/home/user/.m2/repository/org/apache/ratis/ratis-netty/0.4.0-2337318-SNAPSHOT/ratis-netty-0.4.0-2337318-SNAPSHOT.jar:/home/user/.m2/repository/org/apache/ratis/ratis-grpc/0.4.0-2337318-SNAPSHOT/ratis-grpc-0.4.0-2337318-SNAPSHOT.jar:/home/user/.m2/repository/org/rocksdb/rocksdbjni/6.0.1/rocksdbjni-6.0.1.jar:/home/user/.m2/repository/org/apache/logging/log4j/log4j-api/2.11.0/log4j-api-2.11.0.jar:/home/user/.m2/repository/org/apache/logging/log4j/log4j-core/2.11.0/log4j-core-2.11.0.jar:/home/user/.m2/repository/com/lmax/disruptor/3.4.2/disruptor-3.4.2.jar:/home/user/.m2/repository/org/apache/commons/commons-pool2/2.6.0/commons-pool2-2.6.0.jar:/home/user/.m2/repository/org/bouncycastle/bcpkix-jdk15on/1.60/bcpkix-jdk15on-1.60.jar:/home/user/.m2/repository/commons-validator/commons-validator/1.6/commons-validator-1.6.jar:/home/user/.m2/repository/commons-digester/commons-digester/1.8.1/commons-digester-1.8.1.jar:/home/user/.m2/repository/io/jaegertracing/jaeger-client/0.33.1/jaeger-client-0.33.1.jar:/home/user/.m2/repository/io/jaegertracing/jaeger-thrift/0.33.1/jaeger-thrift-0.33.1.jar:/home/user/.m2/repository/org/apache/thrift/libthrift/0.11.0/libthrift-0.11.0.jar:/home/user/.m2/repository/com/squareup/okhttp3/okhttp/3.9.0/okhttp-3.9.0.jar:/home/user/.m2/repository/com/squareup/okio/okio/1.13.0/okio-1.13.0.jar:/home/user/.m2/repository/io/jaegertracing/jaeger-core/0.33.1/jaeger-core-0.33.1.jar:/home/user/.m2/repository/io/jaegertracing/jaeger-tracerresolver/0.33.1/jaeger-tracerresolver-0.33.1.jar:/home/user/.m2/repository/io/opentracing/contrib/opentracing-tracerresolver/0.1.5/opentracing-tracerresolver-0.1.5.jar:/home/user/.m2/repository/io/opentracing/opentracing-util/0.31.0/opentracing-util-0.31.0.jar:/home/user/.m2/repository/io/opentracing/opentracing-api/0.31.0/opentracing-api-0.31.0.jar:/home/user/.m2/repository/io/opentracing/opentracing-noop/0.31.0/opentracing-noop-0.31.0.jar:/home/user/.m2/repository/org/apache/hadoop/hadoop-hdds-server-framework/0.5.0-SNAPSHOT/hadoop-hdds-server-framework-0.5.0-SNAPSHOT.jar:/home/user/.m2/repository/org/apache/hadoop/hadoop-hdds-container-service/0.5.0-SNAPSHOT/hadoop-hdds-container-service-0.5.0-SNAPSHOT.jar:/home/user/.m2/repository/org/apache/hadoop/hadoop-hdds-client/0.5.0-SNAPSHOT/hadoop-hdds-client-0.5.0-SNAPSHOT.jar:/home/user/.m2/repository/org/apache/hadoop/hadoop-hdds-tools/0.5.0-SNAPSHOT/hadoop-hdds-tools-0.5.0-SNAPSHOT.jar:/home/user/.m2/repository/org/apache/hadoop/hadoop-hdds-server-scm/0.5.0-SNAPSHOT/hadoop-hdds-server-scm-0.5.0-SNAPSHOT.jar:/home/user/.m2/repository/org/apache/hadoop/hadoop-hdds-docs/0.5.0-SNAPSHOT/hadoop-hdds-docs-0.5.0-SNAPSHOT.jar:/home/user/.m2/repository/io/dropwizard/metrics/metrics-core/3.2.4/metrics-core-3.2.4.jar:/home/user/.m2/repository/org/hamcrest/hamcrest-all/1.3/hamcrest-all-1.3.jar:/home/user/.m2/repository/org/bouncycastle/bcprov-jdk15on/1.60/bcprov-jdk15on-1.60.jar:/home/user/.m2/repository/info/picocli/picocli/3.9.6/picocli-3.9.6.jar:/home/user/.m2/repository/com/google/protobuf/protobuf-java/2.5.0/protobuf-java-2.5.0.jar:/home/user/.m2/repository/com/google/guava/guava/11.0.2/guava-11.0.2.jar:/home/user/.m2/repository/org/apache/hadoop/hadoop-ozone-ozone-manager/0.5.0-SNAPSHOT/hadoop-ozone-ozone-manager-0.5.0-SNAPSHOT.jar:/home/user/.m2/repository/org/apache/hadoop/hadoop-minikdc/3.2.0/hadoop-minikdc-3.2.0.jar:/home/user/.m2/repository/commons-io/commons-io/2.5/commons-io-2.5.jar:/home/user/.m2/repository/org/apache/kerby/kerb-simplekdc/1.0.1/kerb-simplekdc-1.0.1.jar:/home/user/.m2/repository/org/apache/kerby/kerb-client/1.0.1/kerb-client-1.0.1.jar:/home/user/.m2/repository/org/apache/kerby/kerby-config/1.0.1/kerby-config-1.0.1.jar:/home/user/.m2/repository/org/apache/kerby/kerb-core/1.0.1/kerb-core-1.0.1.jar:/home/user/.m2/repository/org/apache/kerby/kerby-pkix/1.0.1/kerby-pkix-1.0.1.jar:/home/user/.m2/repository/org/apache/kerby/kerby-asn1/1.0.1/kerby-asn1-1.0.1.jar:/home/user/.m2/repository/org/apache/kerby/kerby-util/1.0.1/kerby-util-1.0.1.jar:/home/user/.m2/repository/org/apache/kerby/kerb-common/1.0.1/kerb-common-1.0.1.jar:/home/user/.m2/repository/org/apache/kerby/kerb-crypto/1.0.1/kerb-crypto-1.0.1.jar:/home/user/.m2/repository/org/apache/kerby/kerb-util/1.0.1/kerb-util-1.0.1.jar:/home/user/.m2/repository/org/apache/kerby/token-provider/1.0.1/token-provider-1.0.1.jar:/home/user/.m2/repository/org/apache/kerby/kerb-admin/1.0.1/kerb-admin-1.0.1.jar:/home/user/.m2/repository/org/apache/kerby/kerb-server/1.0.1/kerb-server-1.0.1.jar:/home/user/.m2/repository/org/apache/kerby/kerb-identity/1.0.1/kerb-identity-1.0.1.jar:/home/user/.m2/repository/org/apache/kerby/kerby-xdr/1.0.1/kerby-xdr-1.0.1.jar:/home/user/.m2/repository/org/slf4j/slf4j-log4j12/1.7.25/slf4j-log4j12-1.7.25.jar:/home/user/.m2/repository/org/apache/hadoop/hadoop-ozone-objectstore-service/0.5.0-SNAPSHOT/hadoop-ozone-objectstore-service-0.5.0-SNAPSHOT.jar:/home/user/.m2/repository/org/apache/hadoop/hadoop-ozone-s3gateway/0.5.0-SNAPSHOT/hadoop-ozone-s3gateway-0.5.0-SNAPSHOT.jar:/home/user/.m2/repository/org/jboss/weld/servlet/weld-servlet/2.4.7.Final/weld-servlet-2.4.7.Final.jar:/home/user/.m2/repository/org/glassfish/jersey/containers/jersey-container-servlet-core/2.27/jersey-container-servlet-core-2.27.jar:/home/user/.m2/repository/org/glassfish/hk2/external/javax.inject/2.5.0-b42/javax.inject-2.5.0-b42.jar:/home/user/.m2/repository/org/glassfish/jersey/core/jersey-common/2.27/jersey-common-2.27.jar:/home/user/.m2/repository/org/glassfish/hk2/osgi-resource-locator/1.0.1/osgi-resource-locator-1.0.1.jar:/home/user/.m2/repository/javax/ws/rs/javax.ws.rs-api/2.1/javax.ws.rs-api-2.1.jar:/home/user/.m2/repository/org/glassfish/jersey/ext/cdi/jersey-cdi1x/2.27/jersey-cdi1x-2.27.jar:/home/user/.m2/repository/org/glassfish/jersey/inject/jersey-hk2/2.27/jersey-hk2-2.27.jar:/home/user/.m2/repository/org/glassfish/hk2/hk2-locator/2.5.0-b42/hk2-locator-2.5.0-b42.jar:/home/user/.m2/repository/org/javassist/javassist/3.22.0-CR2/javassist-3.22.0-CR2.jar:/home/user/.m2/repository/org/glassfish/hk2/hk2-api/2.5.0/hk2-api-2.5.0.jar:/home/user/.m2/repository/org/glassfish/hk2/external/jakarta.inject/2.5.0/jakarta.inject-2.5.0.jar:/home/user/.m2/repository/org/glassfish/hk2/hk2-utils/2.5.0/hk2-utils-2.5.0.jar:/home/user/.m2/repository/jakarta/annotation/jakarta.annotation-api/1.3.4/jakarta.annotation-api-1.3.4.jar:/home/user/.m2/repository/org/glassfish/hk2/external/aopalliance-repackaged/2.5.0/aopalliance-repackaged-2.5.0.jar:/home/user/.m2/repository/com/fasterxml/jackson/dataformat/jackson-dataformat-xml/2.9.0/jackson-dataformat-xml-2.9.0.jar:/home/user/.m2/repository/com/fasterxml/jackson/core/jackson-core/2.9.5/jackson-core-2.9.5.jar:/home/user/.m2/repository/com/fasterxml/jackson/module/jackson-module-jaxb-annotations/2.9.5/jackson-module-jaxb-annotations-2.9.5.jar:/home/user/.m2/repository/javax/enterprise/cdi-api/1.2/cdi-api-1.2.jar:/home/user/.m2/repository/javax/el/javax.el-api/3.0.0/javax.el-api-3.0.0.jar:/home/user/.m2/repository/javax/interceptor/javax.interceptor-api/1.2/javax.interceptor-api-1.2.jar:/home/user/.m2/repository/javax/inject/javax.inject/1/javax.inject-1.jar:/home/user/.m2/repository/com/sun/xml/bind/jaxb-impl/2.3.0.1/jaxb-impl-2.3.0.1.jar:/home/user/.m2/repository/com/sun/xml/bind/jaxb-core/2.3.0.1/jaxb-core-2.3.0.1.jar:/home/user/.m2/repository/javax/xml/bind/jaxb-api/2.3.0/jaxb-api-2.3.0.jar:/home/user/.m2/repository/javax/activation/activation/1.1.1/activation-1.1.1.jar:/home/user/.m2/repository/org/apache/hadoop/hadoop-ozone-csi/0.5.0-SNAPSHOT/hadoop-ozone-csi-0.5.0-SNAPSHOT.jar:/home/user/.m2/repository/com/google/protobuf/protobuf-java-util/3.5.1/protobuf-java-util-3.5.1.jar:/home/user/.m2/repository/org/apache/hadoop/hadoop-hdds-config/0.5.0-SNAPSHOT/hadoop-hdds-config-0.5.0-SNAPSHOT.jar:/home/user/.m2/repository/io/grpc/grpc-netty/1.17.1/grpc-netty-1.17.1.jar:/home/user/.m2/repository/io/grpc/grpc-core/1.17.1/grpc-core-1.17.1.jar:/home/user/.m2/repository/io/grpc/grpc-context/1.17.1/grpc-context-1.17.1.jar:/home/user/.m2/repository/com/google/errorprone/error_prone_annotations/2.2.0/error_prone_annotations-2.2.0.jar:/home/user/.m2/repository/org/codehaus/mojo/animal-sniffer-annotations/1.17/animal-sniffer-annotations-1.17.jar:/home/user/.m2/repository/io/opencensus/opencensus-api/0.17.0/opencensus-api-0.17.0.jar:/home/user/.m2/repository/io/opencensus/opencensus-contrib-grpc-metrics/0.17.0/opencensus-contrib-grpc-metrics-0.17.0.jar:/home/user/.m2/repository/io/netty/netty-codec-http2/4.1.30.Final/netty-codec-http2-4.1.30.Final.jar:/home/user/.m2/repository/io/netty/netty-codec-http/4.1.30.Final/netty-codec-http-4.1.30.Final.jar:/home/user/.m2/repository/io/netty/netty-codec/4.1.30.Final/netty-codec-4.1.30.Final.jar:/home/user/.m2/repository/io/netty/netty-handler/4.1.30.Final/netty-handler-4.1.30.Final.jar:/home/user/.m2/repository/io/netty/netty-handler-proxy/4.1.30.Final/netty-handler-proxy-4.1.30.Final.jar:/home/user/.m2/repository/io/netty/netty-codec-socks/4.1.30.Final/netty-codec-socks-4.1.30.Final.jar:/home/user/.m2/repository/io/netty/netty-transport-native-epoll/4.1.30.Final/netty-transport-native-epoll-4.1.30.Final.jar:/home/user/.m2/repository/io/netty/netty-common/4.1.30.Final/netty-common-4.1.30.Final.jar:/home/user/.m2/repository/io/netty/netty-buffer/4.1.30.Final/netty-buffer-4.1.30.Final.jar:/home/user/.m2/repository/io/netty/netty-transport/4.1.30.Final/netty-transport-4.1.30.Final.jar:/home/user/.m2/repository/io/netty/netty-resolver/4.1.30.Final/netty-resolver-4.1.30.Final.jar:/home/user/.m2/repository/io/netty/netty-transport-native-unix-common/4.1.30.Final/netty-transport-native-unix-common-4.1.30.Final.jar:/home/user/.m2/repository/io/grpc/grpc-protobuf/1.17.1/grpc-protobuf-1.17.1.jar:/home/user/.m2/repository/com/google/api/grpc/proto-google-common-protos/1.0.0/proto-google-common-protos-1.0.0.jar:/home/user/.m2/repository/io/grpc/grpc-protobuf-lite/1.17.1/grpc-protobuf-lite-1.17.1.jar:/home/user/.m2/repository/io/grpc/grpc-stub/1.17.1/grpc-stub-1.17.1.jar:/home/user/.m2/repository/org/apache/hadoop/hadoop-ozone-recon/0.5.0-SNAPSHOT/hadoop-ozone-recon-0.5.0-SNAPSHOT.jar:/home/user/.m2/repository/org/apache/hadoop/hadoop-ozone-reconcodegen/0.5.0-SNAPSHOT/hadoop-ozone-reconcodegen-0.5.0-SNAPSHOT.jar:/home/user/.m2/repository/com/google/inject/extensions/guice-multibindings/4.0/guice-multibindings-4.0.jar:/home/user/.m2/repository/com/google/inject/guice/4.0/guice-4.0.jar:/home/user/.m2/repository/aopalliance/aopalliance/1.0/aopalliance-1.0.jar:/home/user/.m2/repository/com/google/inject/extensions/guice-servlet/4.0/guice-servlet-4.0.jar:/home/user/.m2/repository/org/glassfish/jersey/containers/jersey-container-servlet/2.27/jersey-container-servlet-2.27.jar:/home/user/.m2/repository/org/glassfish/hk2/guice-bridge/2.5.0/guice-bridge-2.5.0.jar:/home/user/.m2/repository/org/glassfish/jersey/core/jersey-server/2.27/jersey-server-2.27.jar:/home/user/.m2/repository/org/glassfish/jersey/core/jersey-client/2.27/jersey-client-2.27.jar:/home/user/.m2/repository/org/glassfish/jersey/media/jersey-media-jaxb/2.27/jersey-media-jaxb-2.27.jar:/home/user/.m2/repository/javax/validation/validation-api/1.1.0.Final/validation-api-1.1.0.Final.jar:/home/user/.m2/repository/org/glassfish/jersey/media/jersey-media-json-jackson/2.27/jersey-media-json-jackson-2.27.jar:/home/user/.m2/repository/org/glassfish/jersey/ext/jersey-entity-filtering/2.27/jersey-entity-filtering-2.27.jar:/home/user/.m2/repository/com/google/inject/extensions/guice-assistedinject/4.0/guice-assistedinject-4.0.jar:/home/user/.m2/repository/org/jooq/jooq/3.11.10/jooq-3.11.10.jar:/home/user/.m2/repository/org/jooq/jooq-meta/3.11.10/jooq-meta-3.11.10.jar:/home/user/.m2/repository/org/jooq/jooq-codegen/3.11.10/jooq-codegen-3.11.10.jar:/home/user/.m2/repository/com/jolbox/bonecp/0.8.0.RELEASE/bonecp-0.8.0.RELEASE.jar:/home/user/.m2/repository/org/xerial/sqlite-jdbc/3.25.2/sqlite-jdbc-3.25.2.jar:/home/user/.m2/repository/org/springframework/spring-jdbc/5.1.3.RELEASE/spring-jdbc-5.1.3.RELEASE.jar:/home/user/.m2/repository/org/springframework/spring-beans/5.1.3.RELEASE/spring-beans-5.1.3.RELEASE.jar:/home/user/.m2/repository/org/springframework/spring-core/5.1.3.RELEASE/spring-core-5.1.3.RELEASE.jar:/home/user/.m2/repository/org/springframework/spring-jcl/5.1.3.RELEASE/spring-jcl-5.1.3.RELEASE.jar:/home/user/.m2/repository/org/springframework/spring-tx/5.1.3.RELEASE/spring-tx-5.1.3.RELEASE.jar:/home/user/.m2/repository/org/apache/hadoop/hadoop-ozone-client/0.5.0-SNAPSHOT/hadoop-ozone-client-0.5.0-SNAPSHOT.jar:/home/user/.m2/repository/commons-lang/commons-lang/2.6/commons-lang-2.6.jar:/home/user/.m2/repository/org/apache/hadoop/hadoop-ozone-ozone-manager/0.5.0-SNAPSHOT/hadoop-ozone-ozone-manager-0.5.0-SNAPSHOT-tests.jar:/home/user/.m2/repository/junit/junit/4.11/junit-4.11.jar:/home/user/.m2/repository/org/hamcrest/hamcrest-core/1.3/hamcrest-core-1.3.jar:/home/user/.m2/repository/org/openjdk/jmh/jmh-core/1.19/jmh-core-1.19.jar:/home/user/.m2/repository/net/sf/jopt-simple/jopt-simple/4.6/jopt-simple-4.6.jar:/home/user/.m2/repository/org/apache/commons/commons-math3/3.1.1/commons-math3-3.1.1.jar:/home/user/.m2/repository/org/openjdk/jmh/jmh-generator-annprocess/1.19/jmh-generator-annprocess-1.19.jar:/home/user/.m2/repository/org/mockito/mockito-all/1.8.5/mockito-all-1.8.5.jar:/home/user/.m2/repository/org/apache/hadoop/hadoop-kms/3.2.0/hadoop-kms-3.2.0.jar:/home/user/.m2/repository/org/apache/hadoop/hadoop-auth/3.2.0/hadoop-auth-3.2.0.jar:/home/user/.m2/repository/com/nimbusds/nimbus-jose-jwt/4.41.1/nimbus-jose-jwt-4.41.1.jar:/home/user/.m2/repository/com/github/stephenc/jcip/jcip-annotations/1.0-1/jcip-annotations-1.0-1.jar:/home/user/.m2/repository/net/minidev/json-smart/2.3/json-smart-2.3.jar:/home/user/.m2/repository/net/minidev/accessors-smart/1.2/accessors-smart-1.2.jar:/home/user/.m2/repository/org/ow2/asm/asm/5.0.4/asm-5.0.4.jar:/home/user/.m2/repository/org/apache/curator/curator-framework/2.12.0/curator-framework-2.12.0.jar:/home/user/.m2/repository/com/sun/jersey/jersey-core/1.19/jersey-core-1.19.jar:/home/user/.m2/repository/javax/ws/rs/jsr311-api/1.1.1/jsr311-api-1.1.1.jar:/home/user/.m2/repository/com/sun/jersey/jersey-server/1.19/jersey-server-1.19.jar:/home/user/.m2/repository/javax/servlet/javax.servlet-api/3.1.0/javax.servlet-api-3.1.0.jar:/home/user/.m2/repository/org/eclipse/jetty/jetty-server/9.3.24.v20180605/jetty-server-9.3.24.v20180605.jar:/home/user/.m2/repository/org/eclipse/jetty/jetty-http/9.3.24.v20180605/jetty-http-9.3.24.v20180605.jar:/home/user/.m2/repository/org/eclipse/jetty/jetty-io/9.3.24.v20180605/jetty-io-9.3.24.v20180605.jar:/home/user/.m2/repository/org/eclipse/jetty/jetty-webapp/9.3.24.v20180605/jetty-webapp-9.3.24.v20180605.jar:/home/user/.m2/repository/org/eclipse/jetty/jetty-xml/9.3.24.v20180605/jetty-xml-9.3.24.v20180605.jar:/home/user/.m2/repository/log4j/log4j/1.2.17/log4j-1.2.17.jar:/home/user/.m2/repository/org/slf4j/slf4j-api/1.7.25/slf4j-api-1.7.25.jar:/home/user/.m2/repository/org/slf4j/jul-to-slf4j/1.7.25/jul-to-slf4j-1.7.25.jar:/home/user/.m2/repository/org/eclipse/jetty/jetty-util/9.3.24.v20180605/jetty-util-9.3.24.v20180605.jar:/home/user/.m2/repository/com/fasterxml/jackson/core/jackson-databind/2.9.5/jackson-databind-2.9.5.jar:/home/user/.m2/repository/org/apache/hadoop/hadoop-kms/3.2.0/hadoop-kms-3.2.0-tests.jar:/home/user/.m2/repository/org/apache/hadoop/hadoop-hdds-server-scm/0.5.0-SNAPSHOT/hadoop-hdds-server-scm-0.5.0-SNAPSHOT-tests.jar:/home/user/.m2/repository/org/apache/hadoop/hadoop-hdds-container-service/0.5.0-SNAPSHOT/hadoop-hdds-container-service-0.5.0-SNAPSHOT-tests.jar:/home/user/.m2/repository/org/yaml/snakeyaml/1.16/snakeyaml-1.16.jar:/home/user/.m2/repository/org/apache/hadoop/hadoop-common/3.2.0/hadoop-common-3.2.0-tests.jar:/home/user/.m2/repository/org/apache/hadoop/hadoop-annotations/3.2.0/hadoop-annotations-3.2.0.jar:/usr/lib/jvm/java-1.8-openjdk/jre/../lib/tools.jar:/home/user/.m2/repository/commons-cli/commons-cli/1.2/commons-cli-1.2.jar:/home/user/.m2/repository/org/apache/httpcomponents/httpclient/4.5.2/httpclient-4.5.2.jar:/home/user/.m2/repository/org/apache/httpcomponents/httpcore/4.4.4/httpcore-4.4.4.jar:/home/user/.m2/repository/commons-codec/commons-codec/1.11/commons-codec-1.11.jar:/home/user/.m2/repository/commons-net/commons-net/3.6/commons-net-3.6.jar:/home/user/.m2/repository/commons-collections/commons-collections/3.2.2/commons-collections-3.2.2.jar:/home/user/.m2/repository/org/eclipse/jetty/jetty-servlet/9.3.24.v20180605/jetty-servlet-9.3.24.v20180605.jar:/home/user/.m2/repository/org/eclipse/jetty/jetty-security/9.3.24.v20180605/jetty-security-9.3.24.v20180605.jar:/home/user/.m2/repository/javax/servlet/jsp/jsp-api/2.1/jsp-api-2.1.jar:/home/user/.m2/repository/com/sun/jersey/jersey-servlet/1.19/jersey-servlet-1.19.jar:/home/user/.m2/repository/com/sun/jersey/jersey-json/1.19/jersey-json-1.19.jar:/home/user/.m2/repository/org/codehaus/jettison/jettison/1.1/jettison-1.1.jar:/home/user/.m2/repository/org/codehaus/jackson/jackson-core-asl/1.9.13/jackson-core-asl-1.9.13.jar:/home/user/.m2/repository/org/codehaus/jackson/jackson-mapper-asl/1.9.13/jackson-mapper-asl-1.9.13.jar:/home/user/.m2/repository/org/codehaus/jackson/jackson-jaxrs/1.9.13/jackson-jaxrs-1.9.13.jar:/home/user/.m2/repository/org/codehaus/jackson/jackson-xc/1.9.13/jackson-xc-1.9.13.jar:/home/user/.m2/repository/commons-logging/commons-logging/1.1.3/commons-logging-1.1.3.jar:/home/user/.m2/repository/commons-beanutils/commons-beanutils/1.9.3/commons-beanutils-1.9.3.jar:/home/user/.m2/repository/org/apache/commons/commons-configuration2/2.1.1/commons-configuration2-2.1.1.jar:/home/user/.m2/repository/org/apache/commons/commons-lang3/3.7/commons-lang3-3.7.jar:/home/user/.m2/repository/org/apache/commons/commons-text/1.4/commons-text-1.4.jar:/home/user/.m2/repository/org/apache/avro/avro/1.7.7/avro-1.7.7.jar:/home/user/.m2/repository/com/thoughtworks/paranamer/paranamer/2.3/paranamer-2.3.jar:/home/user/.m2/repository/org/xerial/snappy/snappy-java/1.0.5/snappy-java-1.0.5.jar:/home/user/.m2/repository/com/google/re2j/re2j/1.1/re2j-1.1.jar:/home/user/.m2/repository/com/google/code/gson/gson/2.2.4/gson-2.2.4.jar:/home/user/.m2/repository/com/jcraft/jsch/0.1.54/jsch-0.1.54.jar:/home/user/.m2/repository/org/apache/curator/curator-client/2.12.0/curator-client-2.12.0.jar:/home/user/.m2/repository/org/apache/curator/curator-recipes/2.12.0/curator-recipes-2.12.0.jar:/home/user/.m2/repository/com/google/code/findbugs/jsr305/3.0.0/jsr305-3.0.0.jar:/home/user/.m2/repository/org/apache/htrace/htrace-core4/4.1.0-incubating/htrace-core4-4.1.0-incubating.jar:/home/user/.m2/repository/org/apache/zookeeper/zookeeper/3.4.13/zookeeper-3.4.13.jar:/home/user/.m2/repository/org/apache/yetus/audience-annotations/0.5.0/audience-annotations-0.5.0.jar:/home/user/.m2/repository/org/codehaus/woodstox/stax2-api/3.1.4/stax2-api-3.1.4.jar:/home/user/.m2/repository/com/fasterxml/woodstox/woodstox-core/5.0.3/woodstox-core-5.0.3.jar:/home/user/.m2/repository/dnsjava/dnsjava/2.1.7/dnsjava-2.1.7.jar:/home/user/.m2/repository/org/apache/hadoop/hadoop-hdfs/3.2.0/hadoop-hdfs-3.2.0-tests.jar:/home/user/.m2/repository/org/eclipse/jetty/jetty-util-ajax/9.3.24.v20180605/jetty-util-ajax-9.3.24.v20180605.jar:/home/user/.m2/repository/commons-daemon/commons-daemon/1.0.13/commons-daemon-1.0.13.jar:/home/user/.m2/repository/io/netty/netty/3.10.5.Final/netty-3.10.5.Final.jar:/home/user/.m2/repository/io/netty/netty-all/4.0.52.Final/netty-all-4.0.52.Final.jar:/home/user/.m2/repository/org/fusesource/leveldbjni/leveldbjni-all/1.8/leveldbjni-all-1.8.jar:"/>
    <property name="sun.cpu.endian" value="little"/>
    <property name="user.home" value="/home/user"/>
    <property name="user.language" value="en"/>
    <property name="java.specification.vendor" value="Oracle Corporation"/>
    <property name="java.home" value="/usr/lib/jvm/java-1.8-openjdk/jre"/>
    <property name="java.security.krb5.conf" value="/workdir/hadoop-ozone/integration-test/target/test-classes/krb5.conf"/>
    <property name="basedir" value="/workdir/hadoop-ozone/integration-test"/>
    <property name="file.separator" value="/"/>
    <property name="line.separator" value="&#10;"/>
    <property name="java.vm.specification.vendor" value="Oracle Corporation"/>
    <property name="java.specification.name" value="Java Platform API Specification"/>
    <property name="java.awt.graphicsenv" value="sun.awt.X11GraphicsEnvironment"/>
    <property name="surefire.real.class.path" value="/workdir/hadoop-ozone/integration-test/target/surefire/surefirebooter4393255340138246605.jar"/>
    <property name="hadoop.log.dir" value="/workdir/hadoop-ozone/integration-test/target/log"/>
    <property name="sun.boot.class.path" value="/usr/lib/jvm/java-1.8-openjdk/jre/lib/resources.jar:/usr/lib/jvm/java-1.8-openjdk/jre/lib/rt.jar:/usr/lib/jvm/java-1.8-openjdk/jre/lib/sunrsasign.jar:/usr/lib/jvm/java-1.8-openjdk/jre/lib/jsse.jar:/usr/lib/jvm/java-1.8-openjdk/jre/lib/jce.jar:/usr/lib/jvm/java-1.8-openjdk/jre/lib/charsets.jar:/usr/lib/jvm/java-1.8-openjdk/jre/lib/jfr.jar:/usr/lib/jvm/java-1.8-openjdk/jre/classes"/>
    <property name="sun.management.compiler" value="HotSpot 64-Bit Tiered Compilers"/>
    <property name="java.runtime.version" value="1.8.0_212-b04"/>
    <property name="java.net.preferIPv4Stack" value="true"/>
    <property name="user.name" value="jenkins1000"/>
    <property name="path.separator" value=":"/>
    <property name="java.security.egd" value="file:///dev/urandom"/>
    <property name="os.version" value="3.10.0-957.12.2.el7.x86_64"/>
    <property name="java.endorsed.dirs" value="/usr/lib/jvm/java-1.8-openjdk/jre/lib/endorsed"/>
    <property name="java.runtime.name" value="OpenJDK Runtime Environment"/>
    <property name="file.encoding" value="UTF-8"/>
    <property name="java.vm.name" value="OpenJDK 64-Bit Server VM"/>
    <property name="test.build.webapps" value=""/>
    <property name="localRepository" value="/home/user/.m2/repository"/>
    <property name="java.vendor.url.bug" value="https://icedtea.classpath.org/bugzilla"/>
    <property name="java.io.tmpdir" value="/tmp"/>
    <property name="require.test.libhadoop" value=""/>
    <property name="java.version" value="1.8.0_212"/>
    <property name="user.dir" value="/workdir/hadoop-ozone/integration-test"/>
    <property name="os.arch" value="amd64"/>
    <property name="java.vm.specification.name" value="Java Virtual Machine Specification"/>
    <property name="test.build.classes" value="/workdir/hadoop-ozone/integration-test/target/test-classes"/>
    <property name="java.awt.printerjob" value="sun.print.PSPrinterJob"/>
    <property name="sun.os.patch.level" value="unknown"/>
    <property name="hadoop.tmp.dir" value="/workdir/hadoop-ozone/integration-test/target/tmp"/>
    <property name="java.library.path" value="/usr/lib/jvm/java-1.8-openjdk/jre/lib/amd64/server:/usr/lib/jvm/java-1.8-openjdk/jre/lib/amd64:/usr/lib/jvm/java-1.8-openjdk/jre/../lib/amd64:/workdir/hadoop-ozone/integration-test/target/native/target/usr/local/lib:/workdir/hadoop-ozone/integration-test/../../hadoop-common-project/hadoop-common/target/native/target/usr/local/lib:/usr/java/packages/lib/amd64:/usr/lib64:/lib64:/lib:/usr/lib"/>
    <property name="java.vm.info" value="mixed mode"/>
    <property name="java.vendor" value="IcedTea"/>
    <property name="java.vm.version" value="25.212-b04"/>
    <property name="java.ext.dirs" value="/usr/lib/jvm/java-1.8-openjdk/jre/lib/ext:/usr/java/packages/lib/ext"/>
    <property name="sun.io.unicode.encoding" value="UnicodeLittle"/>
    <property name="java.class.version" value="52.0"/>
  </properties>
  <testcase name="testWatchForCommitWithKeyWrite" classname="org.apache.hadoop.ozone.client.rpc.TestWatchForCommit" time="17.566">
    <failure message="expected:&lt;4&gt; but was:&lt;8&gt;" type="java.lang.AssertionError"><![CDATA[java.lang.AssertionError: expected:<4> but was:<8>
	at org.junit.Assert.fail(Assert.java:88)
	at org.junit.Assert.failNotEquals(Assert.java:743)
	at org.junit.Assert.assertEquals(Assert.java:118)
	at org.junit.Assert.assertEquals(Assert.java:555)
	at org.junit.Assert.assertEquals(Assert.java:542)
	at org.apache.hadoop.ozone.client.rpc.TestWatchForCommit.testWatchForCommitWithKeyWrite(TestWatchForCommit.java:167)
	at sun.reflect.NativeMethodAccessorImpl.invoke0(Native Method)
	at sun.reflect.NativeMethodAccessorImpl.invoke(NativeMethodAccessorImpl.java:62)
	at sun.reflect.DelegatingMethodAccessorImpl.invoke(DelegatingMethodAccessorImpl.java:43)
	at java.lang.reflect.Method.invoke(Method.java:498)
	at org.junit.runners.model.FrameworkMethod$1.runReflectiveCall(FrameworkMethod.java:47)
	at org.junit.internal.runners.model.ReflectiveCallable.run(ReflectiveCallable.java:12)
	at org.junit.runners.model.FrameworkMethod.invokeExplosively(FrameworkMethod.java:44)
	at org.junit.internal.runners.statements.InvokeMethod.evaluate(InvokeMethod.java:17)
	at org.junit.runners.ParentRunner.runLeaf(ParentRunner.java:271)
	at org.junit.runners.BlockJUnit4ClassRunner.runChild(BlockJUnit4ClassRunner.java:70)
	at org.junit.runners.BlockJUnit4ClassRunner.runChild(BlockJUnit4ClassRunner.java:50)
	at org.junit.runners.ParentRunner$3.run(ParentRunner.java:238)
	at org.junit.runners.ParentRunner$1.schedule(ParentRunner.java:63)
	at org.junit.runners.ParentRunner.runChildren(ParentRunner.java:236)
	at org.junit.runners.ParentRunner.access$000(ParentRunner.java:53)
	at org.junit.runners.ParentRunner$2.evaluate(ParentRunner.java:229)
	at org.junit.runners.ParentRunner.run(ParentRunner.java:309)
	at org.apache.maven.surefire.junit4.JUnit4Provider.execute(JUnit4Provider.java:365)
	at org.apache.maven.surefire.junit4.JUnit4Provider.executeWithRerun(JUnit4Provider.java:273)
	at org.apache.maven.surefire.junit4.JUnit4Provider.executeTestSet(JUnit4Provider.java:238)
	at org.apache.maven.surefire.junit4.JUnit4Provider.invoke(JUnit4Provider.java:159)
	at org.apache.maven.surefire.booter.ForkedBooter.invokeProviderInSameClassLoader(ForkedBooter.java:384)
	at org.apache.maven.surefire.booter.ForkedBooter.runSuitesInProcess(ForkedBooter.java:345)
	at org.apache.maven.surefire.booter.ForkedBooter.execute(ForkedBooter.java:126)
	at org.apache.maven.surefire.booter.ForkedBooter.main(ForkedBooter.java:418)
]]></failure>
    <system-out><![CDATA[2019-07-15 13:37:25,552 WARN  server.ServerUtils (ServerUtils.java:getScmDbDir(145)) - ozone.scm.db.dirs is not configured. We recommend adding this setting. Falling back to ozone.metadata.dirs instead.
2019-07-15 13:37:25,656 WARN  server.ServerUtils (ServerUtils.java:getScmDbDir(145)) - ozone.scm.db.dirs is not configured. We recommend adding this setting. Falling back to ozone.metadata.dirs instead.
2019-07-15 13:37:25,661 WARN  server.ServerUtils (ServerUtils.java:getScmDbDir(145)) - ozone.scm.db.dirs is not configured. We recommend adding this setting. Falling back to ozone.metadata.dirs instead.
2019-07-15 13:37:25,687 INFO  util.log (Log.java:initialized(192)) - Logging initialized @845ms
2019-07-15 13:37:25,800 INFO  db.DBStoreBuilder (DBStoreBuilder.java:addTable(110)) - using custom profile for table: deletedBlocks
2019-07-15 13:37:25,800 INFO  db.DBStoreBuilder (DBStoreBuilder.java:processTables(161)) - Using default column profile:DBProfile.DISK for Table:deletedBlocks
2019-07-15 13:37:25,801 INFO  db.DBStoreBuilder (DBStoreBuilder.java:addTable(110)) - using custom profile for table: validCerts
2019-07-15 13:37:25,801 INFO  db.DBStoreBuilder (DBStoreBuilder.java:processTables(161)) - Using default column profile:DBProfile.DISK for Table:validCerts
2019-07-15 13:37:25,801 INFO  db.DBStoreBuilder (DBStoreBuilder.java:addTable(110)) - using custom profile for table: revokedCerts
2019-07-15 13:37:25,801 INFO  db.DBStoreBuilder (DBStoreBuilder.java:processTables(161)) - Using default column profile:DBProfile.DISK for Table:revokedCerts
2019-07-15 13:37:25,813 INFO  db.DBStoreBuilder (DBStoreBuilder.java:addTable(110)) - using custom profile for table: default
2019-07-15 13:37:25,813 INFO  db.DBStoreBuilder (DBStoreBuilder.java:processTables(167)) - Using default column profile:DBProfile.DISK for Table:default
2019-07-15 13:37:25,814 INFO  db.DBStoreBuilder (DBStoreBuilder.java:getDbProfile(198)) - Using default options. DBProfile.DISK
2019-07-15 13:37:26,047 INFO  net.NodeSchemaLoader (NodeSchemaLoader.java:loadSchemaFromFile(125)) - Loading file from sun.misc.CompoundEnumeration@7714e963
2019-07-15 13:37:26,051 INFO  net.NodeSchemaLoader (NodeSchemaLoader.java:loadSchema(171)) - Loading network topology layer schema file
2019-07-15 13:37:26,119 WARN  server.ServerUtils (ServerUtils.java:sanitizeUserArgs(70)) - ozone.scm.stale.node.interval value = 300000 is larger than max = 100000 based on the key value of ozone.scm.heartbeat.thread.interval, reset to the max value 100000.
2019-07-15 13:37:26,121 WARN  server.ServerUtils (ServerUtils.java:sanitizeUserArgs(70)) - ozone.scm.stale.node.interval value = 300000 is larger than max = 100000 based on the key value of ozone.scm.heartbeat.thread.interval, reset to the max value 100000.
2019-07-15 13:37:26,123 INFO  node.SCMNodeManager (SCMNodeManager.java:<init>(119)) - Entering startup safe mode.
2019-07-15 13:37:26,203 WARN  server.ServerUtils (ServerUtils.java:getScmDbDir(145)) - ozone.scm.db.dirs is not configured. We recommend adding this setting. Falling back to ozone.metadata.dirs instead.
2019-07-15 13:37:26,260 INFO  pipeline.SCMPipelineManager (SCMPipelineManager.java:initializePipelineState(126)) - No pipeline exists in current db
2019-07-15 13:37:26,262 WARN  server.ServerUtils (ServerUtils.java:getScmDbDir(145)) - ozone.scm.db.dirs is not configured. We recommend adding this setting. Falling back to ozone.metadata.dirs instead.
2019-07-15 13:37:26,356 WARN  events.EventQueue (EventQueue.java:fireEvent(175)) - No event handler registered for event TypedEvent{payloadType=SafeModeStatus, name='SafeModeStatus'}
2019-07-15 13:37:26,682 INFO  ipc.CallQueueManager (CallQueueManager.java:<init>(84)) - Using callQueue: class java.util.concurrent.LinkedBlockingQueue, queueCapacity: 2000, scheduler: class org.apache.hadoop.ipc.DefaultRpcScheduler, ipcBackoff: false.
2019-07-15 13:37:26,709 INFO  ipc.Server (Server.java:run(1074)) - Starting Socket Reader #1 for port 34013
2019-07-15 13:37:26,731 INFO  ipc.CallQueueManager (CallQueueManager.java:<init>(84)) - Using callQueue: class java.util.concurrent.LinkedBlockingQueue, queueCapacity: 2000, scheduler: class org.apache.hadoop.ipc.DefaultRpcScheduler, ipcBackoff: false.
2019-07-15 13:37:26,732 INFO  ipc.Server (Server.java:run(1074)) - Starting Socket Reader #1 for port 35372
2019-07-15 13:37:26,739 INFO  ipc.CallQueueManager (CallQueueManager.java:<init>(84)) - Using callQueue: class java.util.concurrent.LinkedBlockingQueue, queueCapacity: 2000, scheduler: class org.apache.hadoop.ipc.DefaultRpcScheduler, ipcBackoff: false.
2019-07-15 13:37:26,740 INFO  ipc.Server (Server.java:run(1074)) - Starting Socket Reader #1 for port 38173
2019-07-15 13:37:26,882 INFO  hdfs.DFSUtil (DFSUtil.java:httpServerTemplateForNNAndJN(1641)) - Starting Web-server for scm at: http://0.0.0.0:0
2019-07-15 13:37:27,047 INFO  server.AuthenticationFilter (AuthenticationFilter.java:constructSecretProvider(240)) - Unable to initialize FileSignerSecretProvider, falling back to use random secrets.
2019-07-15 13:37:27,055 WARN  http.HttpRequestLog (HttpRequestLog.java:getRequestLog(97)) - Jetty request log can only be enabled using Log4j
2019-07-15 13:37:27,063 INFO  http.HttpServer2 (HttpServer2.java:addGlobalFilter(975)) - Added global filter 'safety' (class=org.apache.hadoop.http.HttpServer2$QuotingInputFilter)
2019-07-15 13:37:27,065 INFO  http.HttpServer2 (HttpServer2.java:addFilter(948)) - Added filter static_user_filter (class=org.apache.hadoop.http.lib.StaticUserWebFilter$StaticUserFilter) to context scm
2019-07-15 13:37:27,066 INFO  http.HttpServer2 (HttpServer2.java:addFilter(958)) - Added filter static_user_filter (class=org.apache.hadoop.http.lib.StaticUserWebFilter$StaticUserFilter) to context static
2019-07-15 13:37:27,066 INFO  http.HttpServer2 (HttpServer2.java:addFilter(958)) - Added filter static_user_filter (class=org.apache.hadoop.http.lib.StaticUserWebFilter$StaticUserFilter) to context logs
2019-07-15 13:37:27,093 INFO  server.StorageContainerManager (StorageContainerManager.java:start(759)) - StorageContainerLocationProtocol RPC server is listening at /0.0.0.0:38173
2019-07-15 13:37:27,151 WARN  impl.MetricsConfig (MetricsConfig.java:loadFirst(134)) - Cannot locate configuration: tried hadoop-metrics2-storagecontainermanager.properties,hadoop-metrics2.properties
2019-07-15 13:37:27,164 INFO  impl.MetricsSystemImpl (MetricsSystemImpl.java:startTimer(374)) - Scheduled Metric snapshot period at 10 second(s).
2019-07-15 13:37:27,164 INFO  impl.MetricsSystemImpl (MetricsSystemImpl.java:start(191)) - StorageContainerManager metrics system started
2019-07-15 13:37:27,378 INFO  server.SCMClientProtocolServer (SCMClientProtocolServer.java:start(149)) - RPC server for Client  is listening at /0.0.0.0:38173
2019-07-15 13:37:27,379 INFO  ipc.Server (Server.java:run(1314)) - IPC Server Responder: starting
2019-07-15 13:37:27,379 INFO  ipc.Server (Server.java:run(1153)) - IPC Server listener on 38173: starting
2019-07-15 13:37:27,383 INFO  server.StorageContainerManager (StorageContainerManager.java:start(768)) - ScmBlockLocationProtocol RPC server is listening at /0.0.0.0:35372
2019-07-15 13:37:27,383 INFO  server.SCMBlockProtocolServer (SCMBlockProtocolServer.java:start(140)) - RPC server for Block Protocol is listening at /0.0.0.0:35372
2019-07-15 13:37:27,384 INFO  ipc.Server (Server.java:run(1314)) - IPC Server Responder: starting
2019-07-15 13:37:27,384 INFO  ipc.Server (Server.java:run(1153)) - IPC Server listener on 35372: starting
2019-07-15 13:37:27,393 INFO  server.StorageContainerManager (StorageContainerManager.java:start(772)) - ScmDatanodeProtocl RPC server is listening at /0.0.0.0:34013
2019-07-15 13:37:27,393 INFO  server.SCMDatanodeProtocolServer (SCMDatanodeProtocolServer.java:start(191)) - RPC server for DataNodes is listening at /0.0.0.0:34013
2019-07-15 13:37:27,395 INFO  ipc.Server (Server.java:run(1314)) - IPC Server Responder: starting
2019-07-15 13:37:27,395 INFO  ipc.Server (Server.java:run(1153)) - IPC Server listener on 34013: starting
2019-07-15 13:37:27,406 INFO  http.HttpServer2 (HttpServer2.java:bindListener(1191)) - Jetty bound to port 44476
2019-07-15 13:37:27,409 INFO  server.Server (Server.java:doStart(351)) - jetty-9.3.24.v20180605, build timestamp: 2018-06-05T17:11:56Z, git hash: 84205aa28f11a4f31f2a3b86d1bba2cc8ab69827
2019-07-15 13:37:27,449 INFO  handler.ContextHandler (ContextHandler.java:doStart(781)) - Started o.e.j.s.ServletContextHandler@6bbe2511{/logs,file:///workdir/hadoop-ozone/integration-test/target/log,AVAILABLE}
2019-07-15 13:37:27,450 INFO  handler.ContextHandler (ContextHandler.java:doStart(781)) - Started o.e.j.s.ServletContextHandler@76012793{/static,file:///workdir/hadoop-ozone/integration-test/target/test-classes/webapps/static,AVAILABLE}
2019-07-15 13:37:27,509 INFO  handler.ContextHandler (ContextHandler.java:doStart(781)) - Started o.e.j.w.WebAppContext@6a1d204a{/,file:///workdir/hadoop-ozone/integration-test/target/test-classes/webapps/scm/,AVAILABLE}{/scm}
2019-07-15 13:37:27,517 INFO  server.AbstractConnector (AbstractConnector.java:doStart(278)) - Started ServerConnector@9d157ff{HTTP/1.1,[http/1.1]}{0.0.0.0:44476}
2019-07-15 13:37:27,518 INFO  server.Server (Server.java:doStart(419)) - Started @2677ms
2019-07-15 13:37:27,519 INFO  server.BaseHttpServer (BaseHttpServer.java:updateConnectorAddress(207)) - HTTP server of SCM is listening at http://0.0.0.0:44476
2019-07-15 13:37:27,530 INFO  util.JvmPauseMonitor (JvmPauseMonitor.java:run(188)) - Starting JVM pause monitor
2019-07-15 13:37:27,535 WARN  server.ServerUtils (ServerUtils.java:getDBPath(222)) - ozone.om.db.dirs is not configured. We recommend adding this setting. Falling back to ozone.metadata.dirs instead.
2019-07-15 13:37:27,657 WARN  server.ServerUtils (ServerUtils.java:getDBPath(222)) - ozone.om.db.dirs is not configured. We recommend adding this setting. Falling back to ozone.metadata.dirs instead.
2019-07-15 13:37:27,659 INFO  om.OzoneManager (OzoneManager.java:setOMNodeDetails(630)) - OM Service ID is not set. Setting it to the default ID: omServiceIdDefault
2019-07-15 13:37:27,659 INFO  om.OzoneManager (OzoneManager.java:setOMNodeDetails(636)) - OM Node ID is not set. Setting it to the OmStorage's OmID: a0b96c9e-712c-491d-b7d5-6d60bd4f3810
2019-07-15 13:37:27,660 INFO  om.OzoneManager (OzoneManager.java:loadOMHAConfigs(587)) - Found matching OM address with OMServiceId: null, OMNodeId: null, RPC Address: localhost:0 and Ratis port: 9872
2019-07-15 13:37:27,915 WARN  server.ServerUtils (ServerUtils.java:getDBPath(222)) - ozone.om.db.dirs is not configured. We recommend adding this setting. Falling back to ozone.metadata.dirs instead.
2019-07-15 13:37:27,927 INFO  db.DBStoreBuilder (DBStoreBuilder.java:addTable(110)) - using custom profile for table: userTable
2019-07-15 13:37:27,927 INFO  db.DBStoreBuilder (DBStoreBuilder.java:processTables(161)) - Using default column profile:DBProfile.DISK for Table:userTable
2019-07-15 13:37:27,928 INFO  db.DBStoreBuilder (DBStoreBuilder.java:addTable(110)) - using custom profile for table: volumeTable
2019-07-15 13:37:27,928 INFO  db.DBStoreBuilder (DBStoreBuilder.java:processTables(161)) - Using default column profile:DBProfile.DISK for Table:volumeTable
2019-07-15 13:37:27,929 INFO  db.DBStoreBuilder (DBStoreBuilder.java:addTable(110)) - using custom profile for table: bucketTable
2019-07-15 13:37:27,929 INFO  db.DBStoreBuilder (DBStoreBuilder.java:processTables(161)) - Using default column profile:DBProfile.DISK for Table:bucketTable
2019-07-15 13:37:27,929 INFO  db.DBStoreBuilder (DBStoreBuilder.java:addTable(110)) - using custom profile for table: keyTable
2019-07-15 13:37:27,930 INFO  db.DBStoreBuilder (DBStoreBuilder.java:processTables(161)) - Using default column profile:DBProfile.DISK for Table:keyTable
2019-07-15 13:37:27,930 INFO  db.DBStoreBuilder (DBStoreBuilder.java:addTable(110)) - using custom profile for table: deletedTable
2019-07-15 13:37:27,931 INFO  db.DBStoreBuilder (DBStoreBuilder.java:processTables(161)) - Using default column profile:DBProfile.DISK for Table:deletedTable
2019-07-15 13:37:27,931 INFO  db.DBStoreBuilder (DBStoreBuilder.java:addTable(110)) - using custom profile for table: openKeyTable
2019-07-15 13:37:27,931 INFO  db.DBStoreBuilder (DBStoreBuilder.java:processTables(161)) - Using default column profile:DBProfile.DISK for Table:openKeyTable
2019-07-15 13:37:27,932 INFO  db.DBStoreBuilder (DBStoreBuilder.java:addTable(110)) - using custom profile for table: s3Table
2019-07-15 13:37:27,932 INFO  db.DBStoreBuilder (DBStoreBuilder.java:processTables(161)) - Using default column profile:DBProfile.DISK for Table:s3Table
2019-07-15 13:37:27,933 INFO  db.DBStoreBuilder (DBStoreBuilder.java:addTable(110)) - using custom profile for table: multipartInfoTable
2019-07-15 13:37:27,933 INFO  db.DBStoreBuilder (DBStoreBuilder.java:processTables(161)) - Using default column profile:DBProfile.DISK for Table:multipartInfoTable
2019-07-15 13:37:27,934 INFO  db.DBStoreBuilder (DBStoreBuilder.java:addTable(110)) - using custom profile for table: dTokenTable
2019-07-15 13:37:27,934 INFO  db.DBStoreBuilder (DBStoreBuilder.java:processTables(161)) - Using default column profile:DBProfile.DISK for Table:dTokenTable
2019-07-15 13:37:27,935 INFO  db.DBStoreBuilder (DBStoreBuilder.java:addTable(110)) - using custom profile for table: s3SecretTable
2019-07-15 13:37:27,935 INFO  db.DBStoreBuilder (DBStoreBuilder.java:processTables(161)) - Using default column profile:DBProfile.DISK for Table:s3SecretTable
2019-07-15 13:37:27,935 INFO  db.DBStoreBuilder (DBStoreBuilder.java:addTable(110)) - using custom profile for table: prefixTable
2019-07-15 13:37:27,936 INFO  db.DBStoreBuilder (DBStoreBuilder.java:processTables(161)) - Using default column profile:DBProfile.DISK for Table:prefixTable
2019-07-15 13:37:27,936 INFO  db.DBStoreBuilder (DBStoreBuilder.java:addTable(110)) - using custom profile for table: default
2019-07-15 13:37:27,936 INFO  db.DBStoreBuilder (DBStoreBuilder.java:processTables(167)) - Using default column profile:DBProfile.DISK for Table:default
2019-07-15 13:37:27,937 INFO  db.DBStoreBuilder (DBStoreBuilder.java:getDbProfile(198)) - Using default options. DBProfile.DISK
2019-07-15 13:37:28,785 INFO  ipc.CallQueueManager (CallQueueManager.java:<init>(84)) - Using callQueue: class java.util.concurrent.LinkedBlockingQueue, queueCapacity: 2000, scheduler: class org.apache.hadoop.ipc.DefaultRpcScheduler, ipcBackoff: false.
2019-07-15 13:37:28,787 INFO  ipc.Server (Server.java:run(1074)) - Starting Socket Reader #1 for port 37106
2019-07-15 13:37:28,816 WARN  server.ServerUtils (ServerUtils.java:getDBPath(222)) - ozone.om.db.dirs is not configured. We recommend adding this setting. Falling back to ozone.metadata.dirs instead.
2019-07-15 13:37:28,816 INFO  om.OzoneManager (OzoneManager.java:start(1228)) - OzoneManager RPC server is listening at localhost/127.0.0.1:37106
2019-07-15 13:37:28,816 INFO  impl.MetricsSystemImpl (MetricsSystemImpl.java:init(158)) - OzoneManager metrics system started (again)
2019-07-15 13:37:28,818 INFO  ipc.Server (Server.java:run(1153)) - IPC Server listener on 37106: starting
2019-07-15 13:37:28,818 INFO  ipc.Server (Server.java:run(1314)) - IPC Server Responder: starting
2019-07-15 13:37:28,830 INFO  hdfs.DFSUtil (DFSUtil.java:httpServerTemplateForNNAndJN(1641)) - Starting Web-server for ozoneManager at: http://0.0.0.0:0
2019-07-15 13:37:28,832 INFO  server.AuthenticationFilter (AuthenticationFilter.java:constructSecretProvider(240)) - Unable to initialize FileSignerSecretProvider, falling back to use random secrets.
2019-07-15 13:37:28,832 WARN  http.HttpRequestLog (HttpRequestLog.java:getRequestLog(97)) - Jetty request log can only be enabled using Log4j
2019-07-15 13:37:28,835 INFO  http.HttpServer2 (HttpServer2.java:addGlobalFilter(975)) - Added global filter 'safety' (class=org.apache.hadoop.http.HttpServer2$QuotingInputFilter)
2019-07-15 13:37:28,836 INFO  http.HttpServer2 (HttpServer2.java:addFilter(948)) - Added filter static_user_filter (class=org.apache.hadoop.http.lib.StaticUserWebFilter$StaticUserFilter) to context ozoneManager
2019-07-15 13:37:28,836 INFO  http.HttpServer2 (HttpServer2.java:addFilter(958)) - Added filter static_user_filter (class=org.apache.hadoop.http.lib.StaticUserWebFilter$StaticUserFilter) to context logs
2019-07-15 13:37:28,836 INFO  http.HttpServer2 (HttpServer2.java:addFilter(958)) - Added filter static_user_filter (class=org.apache.hadoop.http.lib.StaticUserWebFilter$StaticUserFilter) to context static
2019-07-15 13:37:28,839 INFO  http.HttpServer2 (HttpServer2.java:bindListener(1191)) - Jetty bound to port 44467
2019-07-15 13:37:28,839 INFO  server.Server (Server.java:doStart(351)) - jetty-9.3.24.v20180605, build timestamp: 2018-06-05T17:11:56Z, git hash: 84205aa28f11a4f31f2a3b86d1bba2cc8ab69827
2019-07-15 13:37:28,841 INFO  handler.ContextHandler (ContextHandler.java:doStart(781)) - Started o.e.j.s.ServletContextHandler@3e134896{/logs,file:///workdir/hadoop-ozone/integration-test/target/log,AVAILABLE}
2019-07-15 13:37:28,842 INFO  handler.ContextHandler (ContextHandler.java:doStart(781)) - Started o.e.j.s.ServletContextHandler@2e3a5237{/static,file:///workdir/hadoop-ozone/integration-test/target/test-classes/webapps/static,AVAILABLE}
2019-07-15 13:37:28,847 INFO  handler.ContextHandler (ContextHandler.java:doStart(781)) - Started o.e.j.w.WebAppContext@5b78fdb1{/,file:///workdir/hadoop-ozone/integration-test/target/test-classes/webapps/ozoneManager/,AVAILABLE}{/ozoneManager}
2019-07-15 13:37:28,847 INFO  server.AbstractConnector (AbstractConnector.java:doStart(278)) - Started ServerConnector@48bfb884{HTTP/1.1,[http/1.1]}{0.0.0.0:44467}
2019-07-15 13:37:28,847 INFO  server.Server (Server.java:doStart(419)) - Started @4007ms
2019-07-15 13:37:28,848 INFO  server.BaseHttpServer (BaseHttpServer.java:updateConnectorAddress(207)) - HTTP server of OZONEMANAGER is listening at http://0.0.0.0:44467
2019-07-15 13:37:29,190 INFO  impl.MetricsSystemImpl (MetricsSystemImpl.java:init(158)) - HddsDatanode metrics system started (again)
2019-07-15 13:37:29,287 INFO  ozone.HddsDatanodeService (HddsDatanodeService.java:start(185)) - HddsDatanodeService host:trunk-nightly-hvlc9-701369690 ip:192.168.157.240
2019-07-15 13:37:29,324 INFO  volume.HddsVolume (HddsVolume.java:<init>(176)) - Creating Volume: /workdir/hadoop-ozone/integration-test/target/test-dir/MiniOzoneClusterImpl-3bdcca17-6f75-4f0a-8f2e-46efe3af0bf5/datanode-0/data/containers/hdds of  storage type : DISK and capacity : 52710309888
2019-07-15 13:37:29,325 INFO  volume.VolumeSet (VolumeSet.java:initializeVolumeSet(170)) - Added Volume : /workdir/hadoop-ozone/integration-test/target/test-dir/MiniOzoneClusterImpl-3bdcca17-6f75-4f0a-8f2e-46efe3af0bf5/datanode-0/data/containers/hdds to VolumeSet
2019-07-15 13:37:29,328 INFO  volume.ThrottledAsyncChecker (ThrottledAsyncChecker.java:schedule(140)) - Scheduling a check for org.apache.hadoop.ozone.container.common.volume.HddsVolume@1f52eb6f
2019-07-15 13:37:29,346 INFO  volume.HddsVolumeChecker (HddsVolumeChecker.java:checkAllVolumes(203)) - Scheduled health check for volume org.apache.hadoop.ozone.container.common.volume.HddsVolume@1f52eb6f
2019-07-15 13:37:29,461 INFO  impl.RaftServerProxy (ConfUtils.java:logGet(43)) - raft.rpc.type = GRPC (default)
2019-07-15 13:37:29,529 INFO  grpc.GrpcFactory (GrpcFactory.java:checkPooledByteBufAllocatorUseCacheForAllThreads(45)) - PERFORMANCE WARNING: useCacheForAllThreads is true that may cause Netty to create a lot garbage objects and, as a result, trigger GC.
	It is recommended to disable useCacheForAllThreads by setting -Dorg.apache.ratis.thirdparty.io.netty.allocator.useCacheForAllThreads=false in command line.
2019-07-15 13:37:29,534 INFO  grpc.GrpcConfigKeys$Server (ConfUtils.java:logGet(43)) - raft.grpc.server.port = 0 (default)
2019-07-15 13:37:29,534 INFO  server.GrpcService (ConfUtils.java:logGet(43)) - raft.grpc.message.size.max = 33570816 (custom)
2019-07-15 13:37:29,536 INFO  server.RaftServerConfigKeys (ConfUtils.java:logGet(43)) - raft.server.log.appender.buffer.byte-limit = 33554432 (custom)
2019-07-15 13:37:29,537 INFO  server.GrpcService (ConfUtils.java:logGet(43)) - raft.grpc.flow.control.window = 1MB (=1048576) (default)
2019-07-15 13:37:29,538 INFO  server.RaftServerConfigKeys (ConfUtils.java:logGet(43)) - raft.server.rpc.request.timeout = 3000ms (default)
2019-07-15 13:37:29,728 INFO  server.RaftServerConfigKeys (ConfUtils.java:logGet(43)) - raft.server.storage.dir = [/workdir/hadoop-ozone/integration-test/target/test-dir/MiniOzoneClusterImpl-3bdcca17-6f75-4f0a-8f2e-46efe3af0bf5/datanode-0/data/ratis] (custom)
2019-07-15 13:37:29,769 INFO  replication.SimpleContainerDownloader (SimpleContainerDownloader.java:<init>(72)) - Starting container downloader service to copy containers to replicate.
2019-07-15 13:37:29,783 INFO  hdfs.DFSUtil (DFSUtil.java:httpServerTemplateForNNAndJN(1641)) - Starting Web-server for hddsDatanode at: http://0.0.0.0:0
2019-07-15 13:37:29,787 INFO  server.AuthenticationFilter (AuthenticationFilter.java:constructSecretProvider(240)) - Unable to initialize FileSignerSecretProvider, falling back to use random secrets.
2019-07-15 13:37:29,789 WARN  http.HttpRequestLog (HttpRequestLog.java:getRequestLog(97)) - Jetty request log can only be enabled using Log4j
2019-07-15 13:37:29,792 INFO  http.HttpServer2 (HttpServer2.java:addGlobalFilter(975)) - Added global filter 'safety' (class=org.apache.hadoop.http.HttpServer2$QuotingInputFilter)
2019-07-15 13:37:29,794 INFO  http.HttpServer2 (HttpServer2.java:addFilter(948)) - Added filter static_user_filter (class=org.apache.hadoop.http.lib.StaticUserWebFilter$StaticUserFilter) to context hddsDatanode
2019-07-15 13:37:29,794 INFO  http.HttpServer2 (HttpServer2.java:addFilter(958)) - Added filter static_user_filter (class=org.apache.hadoop.http.lib.StaticUserWebFilter$StaticUserFilter) to context static
2019-07-15 13:37:29,795 INFO  http.HttpServer2 (HttpServer2.java:addFilter(958)) - Added filter static_user_filter (class=org.apache.hadoop.http.lib.StaticUserWebFilter$StaticUserFilter) to context logs
2019-07-15 13:37:29,797 INFO  http.HttpServer2 (HttpServer2.java:bindListener(1191)) - Jetty bound to port 36813
2019-07-15 13:37:29,797 INFO  server.Server (Server.java:doStart(351)) - jetty-9.3.24.v20180605, build timestamp: 2018-06-05T17:11:56Z, git hash: 84205aa28f11a4f31f2a3b86d1bba2cc8ab69827
2019-07-15 13:37:29,800 INFO  handler.ContextHandler (ContextHandler.java:doStart(781)) - Started o.e.j.s.ServletContextHandler@761956ac{/logs,file:///workdir/hadoop-ozone/integration-test/target/log,AVAILABLE}
2019-07-15 13:37:29,801 INFO  handler.ContextHandler (ContextHandler.java:doStart(781)) - Started o.e.j.s.ServletContextHandler@304d0259{/static,jar:file:/home/user/.m2/repository/org/apache/hadoop/hadoop-hdds-container-service/0.5.0-SNAPSHOT/hadoop-hdds-container-service-0.5.0-SNAPSHOT.jar!/webapps/static,AVAILABLE}
2019-07-15 13:37:29,843 INFO  handler.ContextHandler (ContextHandler.java:doStart(781)) - Started o.e.j.w.WebAppContext@124ac145{/,file:///tmp/jetty-0.0.0.0-36813-hddsDatanode-_-any-2479440662378272614.dir/webapp/,AVAILABLE}{/hddsDatanode}
2019-07-15 13:37:29,844 INFO  server.AbstractConnector (AbstractConnector.java:doStart(278)) - Started ServerConnector@2def7a7a{HTTP/1.1,[http/1.1]}{0.0.0.0:36813}
2019-07-15 13:37:29,845 INFO  server.Server (Server.java:doStart(419)) - Started @5004ms
2019-07-15 13:37:29,846 INFO  server.BaseHttpServer (BaseHttpServer.java:updateConnectorAddress(207)) - HTTP server of HDDSDATANODE is listening at http://0.0.0.0:36813
2019-07-15 13:37:31,023 INFO  ozone.HddsDatanodeService (HddsDatanodeService.java:startPlugins(396)) - Started plug-in org.apache.hadoop.ozone.web.OzoneHddsDatanodeService@69f2cb04
2019-07-15 13:37:31,025 INFO  impl.MetricsSystemImpl (MetricsSystemImpl.java:init(158)) - HddsDatanode metrics system started (again)
2019-07-15 13:37:31,026 INFO  ozone.HddsDatanodeService (HddsDatanodeService.java:start(185)) - HddsDatanodeService host:trunk-nightly-hvlc9-701369690 ip:192.168.157.240
2019-07-15 13:37:31,032 INFO  util.JvmPauseMonitor (JvmPauseMonitor.java:run(188)) - Starting JVM pause monitor
2019-07-15 13:37:31,036 INFO  volume.HddsVolume (HddsVolume.java:<init>(176)) - Creating Volume: /workdir/hadoop-ozone/integration-test/target/test-dir/MiniOzoneClusterImpl-3bdcca17-6f75-4f0a-8f2e-46efe3af0bf5/datanode-1/data/containers/hdds of  storage type : DISK and capacity : 52710309888
2019-07-15 13:37:31,037 INFO  volume.VolumeSet (VolumeSet.java:initializeVolumeSet(170)) - Added Volume : /workdir/hadoop-ozone/integration-test/target/test-dir/MiniOzoneClusterImpl-3bdcca17-6f75-4f0a-8f2e-46efe3af0bf5/datanode-1/data/containers/hdds to VolumeSet
2019-07-15 13:37:31,038 INFO  volume.ThrottledAsyncChecker (ThrottledAsyncChecker.java:schedule(140)) - Scheduling a check for org.apache.hadoop.ozone.container.common.volume.HddsVolume@656a3d6b
2019-07-15 13:37:31,039 INFO  volume.HddsVolumeChecker (HddsVolumeChecker.java:checkAllVolumes(203)) - Scheduled health check for volume org.apache.hadoop.ozone.container.common.volume.HddsVolume@656a3d6b
2019-07-15 13:37:31,066 INFO  impl.RaftServerProxy (ConfUtils.java:logGet(43)) - raft.rpc.type = GRPC (default)
2019-07-15 13:37:31,066 INFO  grpc.GrpcFactory (GrpcFactory.java:checkPooledByteBufAllocatorUseCacheForAllThreads(45)) - PERFORMANCE WARNING: useCacheForAllThreads is true that may cause Netty to create a lot garbage objects and, as a result, trigger GC.
	It is recommended to disable useCacheForAllThreads by setting -Dorg.apache.ratis.thirdparty.io.netty.allocator.useCacheForAllThreads=false in command line.
2019-07-15 13:37:31,067 INFO  grpc.GrpcConfigKeys$Server (ConfUtils.java:logGet(43)) - raft.grpc.server.port = 0 (default)
2019-07-15 13:37:31,067 INFO  server.GrpcService (ConfUtils.java:logGet(43)) - raft.grpc.message.size.max = 33570816 (custom)
2019-07-15 13:37:31,068 INFO  server.RaftServerConfigKeys (ConfUtils.java:logGet(43)) - raft.server.log.appender.buffer.byte-limit = 33554432 (custom)
2019-07-15 13:37:31,068 INFO  server.GrpcService (ConfUtils.java:logGet(43)) - raft.grpc.flow.control.window = 1MB (=1048576) (default)
2019-07-15 13:37:31,068 INFO  server.RaftServerConfigKeys (ConfUtils.java:logGet(43)) - raft.server.rpc.request.timeout = 3000ms (default)
2019-07-15 13:37:31,069 INFO  server.RaftServerConfigKeys (ConfUtils.java:logGet(43)) - raft.server.storage.dir = [/workdir/hadoop-ozone/integration-test/target/test-dir/MiniOzoneClusterImpl-3bdcca17-6f75-4f0a-8f2e-46efe3af0bf5/datanode-1/data/ratis] (custom)
2019-07-15 13:37:31,070 INFO  replication.SimpleContainerDownloader (SimpleContainerDownloader.java:<init>(72)) - Starting container downloader service to copy containers to replicate.
2019-07-15 13:37:31,071 INFO  hdfs.DFSUtil (DFSUtil.java:httpServerTemplateForNNAndJN(1641)) - Starting Web-server for hddsDatanode at: http://0.0.0.0:0
2019-07-15 13:37:31,073 INFO  server.AuthenticationFilter (AuthenticationFilter.java:constructSecretProvider(240)) - Unable to initialize FileSignerSecretProvider, falling back to use random secrets.
2019-07-15 13:37:31,074 WARN  http.HttpRequestLog (HttpRequestLog.java:getRequestLog(97)) - Jetty request log can only be enabled using Log4j
2019-07-15 13:37:31,076 INFO  http.HttpServer2 (HttpServer2.java:addGlobalFilter(975)) - Added global filter 'safety' (class=org.apache.hadoop.http.HttpServer2$QuotingInputFilter)
2019-07-15 13:37:31,077 INFO  http.HttpServer2 (HttpServer2.java:addFilter(948)) - Added filter static_user_filter (class=org.apache.hadoop.http.lib.StaticUserWebFilter$StaticUserFilter) to context hddsDatanode
2019-07-15 13:37:31,077 INFO  http.HttpServer2 (HttpServer2.java:addFilter(958)) - Added filter static_user_filter (class=org.apache.hadoop.http.lib.StaticUserWebFilter$StaticUserFilter) to context static
2019-07-15 13:37:31,078 INFO  http.HttpServer2 (HttpServer2.java:addFilter(958)) - Added filter static_user_filter (class=org.apache.hadoop.http.lib.StaticUserWebFilter$StaticUserFilter) to context logs
2019-07-15 13:37:31,079 INFO  http.HttpServer2 (HttpServer2.java:bindListener(1191)) - Jetty bound to port 36207
2019-07-15 13:37:31,079 INFO  server.Server (Server.java:doStart(351)) - jetty-9.3.24.v20180605, build timestamp: 2018-06-05T17:11:56Z, git hash: 84205aa28f11a4f31f2a3b86d1bba2cc8ab69827
2019-07-15 13:37:31,081 INFO  handler.ContextHandler (ContextHandler.java:doStart(781)) - Started o.e.j.s.ServletContextHandler@733fb462{/logs,file:///workdir/hadoop-ozone/integration-test/target/log,AVAILABLE}
2019-07-15 13:37:31,082 INFO  handler.ContextHandler (ContextHandler.java:doStart(781)) - Started o.e.j.s.ServletContextHandler@359066bc{/static,jar:file:/home/user/.m2/repository/org/apache/hadoop/hadoop-hdds-container-service/0.5.0-SNAPSHOT/hadoop-hdds-container-service-0.5.0-SNAPSHOT.jar!/webapps/static,AVAILABLE}
2019-07-15 13:37:31,113 INFO  handler.ContextHandler (ContextHandler.java:doStart(781)) - Started o.e.j.w.WebAppContext@2a8b33ba{/,file:///tmp/jetty-0.0.0.0-36207-hddsDatanode-_-any-5761692673764148696.dir/webapp/,AVAILABLE}{/hddsDatanode}
2019-07-15 13:37:31,114 INFO  server.AbstractConnector (AbstractConnector.java:doStart(278)) - Started ServerConnector@4e8b357d{HTTP/1.1,[http/1.1]}{0.0.0.0:36207}
2019-07-15 13:37:31,115 INFO  server.Server (Server.java:doStart(419)) - Started @6274ms
2019-07-15 13:37:31,117 INFO  server.BaseHttpServer (BaseHttpServer.java:updateConnectorAddress(207)) - HTTP server of HDDSDATANODE is listening at http://0.0.0.0:36207
2019-07-15 13:37:31,158 INFO  datanode.InitDatanodeState (InitDatanodeState.java:persistContainerDatanodeDetails(140)) - DatanodeDetails is persisted to /workdir/hadoop-ozone/integration-test/target/test-dir/MiniOzoneClusterImpl-3bdcca17-6f75-4f0a-8f2e-46efe3af0bf5/datanode-0/meta/datanode.id
2019-07-15 13:37:31,285 INFO  ozone.HddsDatanodeService (HddsDatanodeService.java:startPlugins(396)) - Started plug-in org.apache.hadoop.ozone.web.OzoneHddsDatanodeService@6097fca9
2019-07-15 13:37:31,286 INFO  impl.MetricsSystemImpl (MetricsSystemImpl.java:init(158)) - HddsDatanode metrics system started (again)
2019-07-15 13:37:31,287 INFO  ozone.HddsDatanodeService (HddsDatanodeService.java:start(185)) - HddsDatanodeService host:trunk-nightly-hvlc9-701369690 ip:192.168.157.240
2019-07-15 13:37:31,289 INFO  util.JvmPauseMonitor (JvmPauseMonitor.java:run(188)) - Starting JVM pause monitor
2019-07-15 13:37:31,296 INFO  volume.HddsVolume (HddsVolume.java:<init>(176)) - Creating Volume: /workdir/hadoop-ozone/integration-test/target/test-dir/MiniOzoneClusterImpl-3bdcca17-6f75-4f0a-8f2e-46efe3af0bf5/datanode-2/data/containers/hdds of  storage type : DISK and capacity : 52710309888
2019-07-15 13:37:31,296 INFO  volume.VolumeSet (VolumeSet.java:initializeVolumeSet(170)) - Added Volume : /workdir/hadoop-ozone/integration-test/target/test-dir/MiniOzoneClusterImpl-3bdcca17-6f75-4f0a-8f2e-46efe3af0bf5/datanode-2/data/containers/hdds to VolumeSet
2019-07-15 13:37:31,296 INFO  volume.ThrottledAsyncChecker (ThrottledAsyncChecker.java:schedule(140)) - Scheduling a check for org.apache.hadoop.ozone.container.common.volume.HddsVolume@6371cf2f
2019-07-15 13:37:31,297 INFO  volume.HddsVolumeChecker (HddsVolumeChecker.java:checkAllVolumes(203)) - Scheduled health check for volume org.apache.hadoop.ozone.container.common.volume.HddsVolume@6371cf2f
2019-07-15 13:37:31,297 INFO  datanode.InitDatanodeState (InitDatanodeState.java:persistContainerDatanodeDetails(140)) - DatanodeDetails is persisted to /workdir/hadoop-ozone/integration-test/target/test-dir/MiniOzoneClusterImpl-3bdcca17-6f75-4f0a-8f2e-46efe3af0bf5/datanode-1/meta/datanode.id
2019-07-15 13:37:31,311 INFO  impl.RaftServerProxy (ConfUtils.java:logGet(43)) - raft.rpc.type = GRPC (default)
2019-07-15 13:37:31,312 INFO  grpc.GrpcFactory (GrpcFactory.java:checkPooledByteBufAllocatorUseCacheForAllThreads(45)) - PERFORMANCE WARNING: useCacheForAllThreads is true that may cause Netty to create a lot garbage objects and, as a result, trigger GC.
	It is recommended to disable useCacheForAllThreads by setting -Dorg.apache.ratis.thirdparty.io.netty.allocator.useCacheForAllThreads=false in command line.
2019-07-15 13:37:31,312 INFO  grpc.GrpcConfigKeys$Server (ConfUtils.java:logGet(43)) - raft.grpc.server.port = 0 (default)
2019-07-15 13:37:31,312 INFO  server.GrpcService (ConfUtils.java:logGet(43)) - raft.grpc.message.size.max = 33570816 (custom)
2019-07-15 13:37:31,312 INFO  server.RaftServerConfigKeys (ConfUtils.java:logGet(43)) - raft.server.log.appender.buffer.byte-limit = 33554432 (custom)
2019-07-15 13:37:31,313 INFO  server.GrpcService (ConfUtils.java:logGet(43)) - raft.grpc.flow.control.window = 1MB (=1048576) (default)
2019-07-15 13:37:31,313 INFO  server.RaftServerConfigKeys (ConfUtils.java:logGet(43)) - raft.server.rpc.request.timeout = 3000ms (default)
2019-07-15 13:37:31,313 INFO  server.RaftServerConfigKeys (ConfUtils.java:logGet(43)) - raft.server.storage.dir = [/workdir/hadoop-ozone/integration-test/target/test-dir/MiniOzoneClusterImpl-3bdcca17-6f75-4f0a-8f2e-46efe3af0bf5/datanode-2/data/ratis] (custom)
2019-07-15 13:37:31,316 INFO  replication.SimpleContainerDownloader (SimpleContainerDownloader.java:<init>(72)) - Starting container downloader service to copy containers to replicate.
2019-07-15 13:37:31,317 INFO  hdfs.DFSUtil (DFSUtil.java:httpServerTemplateForNNAndJN(1641)) - Starting Web-server for hddsDatanode at: http://0.0.0.0:0
2019-07-15 13:37:31,319 INFO  server.AuthenticationFilter (AuthenticationFilter.java:constructSecretProvider(240)) - Unable to initialize FileSignerSecretProvider, falling back to use random secrets.
2019-07-15 13:37:31,319 WARN  http.HttpRequestLog (HttpRequestLog.java:getRequestLog(97)) - Jetty request log can only be enabled using Log4j
2019-07-15 13:37:31,321 INFO  http.HttpServer2 (HttpServer2.java:addGlobalFilter(975)) - Added global filter 'safety' (class=org.apache.hadoop.http.HttpServer2$QuotingInputFilter)
2019-07-15 13:37:31,321 INFO  http.HttpServer2 (HttpServer2.java:addFilter(948)) - Added filter static_user_filter (class=org.apache.hadoop.http.lib.StaticUserWebFilter$StaticUserFilter) to context hddsDatanode
2019-07-15 13:37:31,322 INFO  http.HttpServer2 (HttpServer2.java:addFilter(958)) - Added filter static_user_filter (class=org.apache.hadoop.http.lib.StaticUserWebFilter$StaticUserFilter) to context logs
2019-07-15 13:37:31,322 INFO  http.HttpServer2 (HttpServer2.java:addFilter(958)) - Added filter static_user_filter (class=org.apache.hadoop.http.lib.StaticUserWebFilter$StaticUserFilter) to context static
2019-07-15 13:37:31,322 INFO  http.HttpServer2 (HttpServer2.java:bindListener(1191)) - Jetty bound to port 39845
2019-07-15 13:37:31,323 INFO  server.Server (Server.java:doStart(351)) - jetty-9.3.24.v20180605, build timestamp: 2018-06-05T17:11:56Z, git hash: 84205aa28f11a4f31f2a3b86d1bba2cc8ab69827
2019-07-15 13:37:31,326 INFO  handler.ContextHandler (ContextHandler.java:doStart(781)) - Started o.e.j.s.ServletContextHandler@3b97907c{/logs,file:///workdir/hadoop-ozone/integration-test/target/log,AVAILABLE}
2019-07-15 13:37:31,326 INFO  handler.ContextHandler (ContextHandler.java:doStart(781)) - Started o.e.j.s.ServletContextHandler@631c6d11{/static,jar:file:/home/user/.m2/repository/org/apache/hadoop/hadoop-hdds-container-service/0.5.0-SNAPSHOT/hadoop-hdds-container-service-0.5.0-SNAPSHOT.jar!/webapps/static,AVAILABLE}
2019-07-15 13:37:31,354 INFO  handler.ContextHandler (ContextHandler.java:doStart(781)) - Started o.e.j.w.WebAppContext@61608e1a{/,file:///tmp/jetty-0.0.0.0-39845-hddsDatanode-_-any-3728453827575517549.dir/webapp/,AVAILABLE}{/hddsDatanode}
2019-07-15 13:37:31,354 INFO  server.AbstractConnector (AbstractConnector.java:doStart(278)) - Started ServerConnector@7c46c9c3{HTTP/1.1,[http/1.1]}{0.0.0.0:39845}
2019-07-15 13:37:31,355 INFO  server.Server (Server.java:doStart(419)) - Started @6514ms
2019-07-15 13:37:31,356 INFO  server.BaseHttpServer (BaseHttpServer.java:updateConnectorAddress(207)) - HTTP server of HDDSDATANODE is listening at http://0.0.0.0:39845
2019-07-15 13:37:31,523 INFO  ozone.HddsDatanodeService (HddsDatanodeService.java:startPlugins(396)) - Started plug-in org.apache.hadoop.ozone.web.OzoneHddsDatanodeService@4026461d
2019-07-15 13:37:31,523 INFO  impl.MetricsSystemImpl (MetricsSystemImpl.java:init(158)) - HddsDatanode metrics system started (again)
2019-07-15 13:37:31,525 INFO  ozone.HddsDatanodeService (HddsDatanodeService.java:start(185)) - HddsDatanodeService host:trunk-nightly-hvlc9-701369690 ip:192.168.157.240
2019-07-15 13:37:31,527 INFO  util.JvmPauseMonitor (JvmPauseMonitor.java:run(188)) - Starting JVM pause monitor
2019-07-15 13:37:31,534 INFO  datanode.InitDatanodeState (InitDatanodeState.java:persistContainerDatanodeDetails(140)) - DatanodeDetails is persisted to /workdir/hadoop-ozone/integration-test/target/test-dir/MiniOzoneClusterImpl-3bdcca17-6f75-4f0a-8f2e-46efe3af0bf5/datanode-2/meta/datanode.id
2019-07-15 13:37:31,535 INFO  volume.HddsVolume (HddsVolume.java:<init>(176)) - Creating Volume: /workdir/hadoop-ozone/integration-test/target/test-dir/MiniOzoneClusterImpl-3bdcca17-6f75-4f0a-8f2e-46efe3af0bf5/datanode-3/data/containers/hdds of  storage type : DISK and capacity : 52710309888
2019-07-15 13:37:31,536 INFO  volume.VolumeSet (VolumeSet.java:initializeVolumeSet(170)) - Added Volume : /workdir/hadoop-ozone/integration-test/target/test-dir/MiniOzoneClusterImpl-3bdcca17-6f75-4f0a-8f2e-46efe3af0bf5/datanode-3/data/containers/hdds to VolumeSet
2019-07-15 13:37:31,536 INFO  volume.ThrottledAsyncChecker (ThrottledAsyncChecker.java:schedule(140)) - Scheduling a check for org.apache.hadoop.ozone.container.common.volume.HddsVolume@57bd6a8f
2019-07-15 13:37:31,537 INFO  volume.HddsVolumeChecker (HddsVolumeChecker.java:checkAllVolumes(203)) - Scheduled health check for volume org.apache.hadoop.ozone.container.common.volume.HddsVolume@57bd6a8f
2019-07-15 13:37:31,551 INFO  impl.RaftServerProxy (ConfUtils.java:logGet(43)) - raft.rpc.type = GRPC (default)
2019-07-15 13:37:31,551 INFO  grpc.GrpcFactory (GrpcFactory.java:checkPooledByteBufAllocatorUseCacheForAllThreads(45)) - PERFORMANCE WARNING: useCacheForAllThreads is true that may cause Netty to create a lot garbage objects and, as a result, trigger GC.
	It is recommended to disable useCacheForAllThreads by setting -Dorg.apache.ratis.thirdparty.io.netty.allocator.useCacheForAllThreads=false in command line.
2019-07-15 13:37:31,551 INFO  grpc.GrpcConfigKeys$Server (ConfUtils.java:logGet(43)) - raft.grpc.server.port = 0 (default)
2019-07-15 13:37:31,552 INFO  server.GrpcService (ConfUtils.java:logGet(43)) - raft.grpc.message.size.max = 33570816 (custom)
2019-07-15 13:37:31,552 INFO  server.RaftServerConfigKeys (ConfUtils.java:logGet(43)) - raft.server.log.appender.buffer.byte-limit = 33554432 (custom)
2019-07-15 13:37:31,552 INFO  server.GrpcService (ConfUtils.java:logGet(43)) - raft.grpc.flow.control.window = 1MB (=1048576) (default)
2019-07-15 13:37:31,552 INFO  server.RaftServerConfigKeys (ConfUtils.java:logGet(43)) - raft.server.rpc.request.timeout = 3000ms (default)
2019-07-15 13:37:31,553 INFO  server.RaftServerConfigKeys (ConfUtils.java:logGet(43)) - raft.server.storage.dir = [/workdir/hadoop-ozone/integration-test/target/test-dir/MiniOzoneClusterImpl-3bdcca17-6f75-4f0a-8f2e-46efe3af0bf5/datanode-3/data/ratis] (custom)
2019-07-15 13:37:31,553 INFO  replication.SimpleContainerDownloader (SimpleContainerDownloader.java:<init>(72)) - Starting container downloader service to copy containers to replicate.
2019-07-15 13:37:31,554 INFO  hdfs.DFSUtil (DFSUtil.java:httpServerTemplateForNNAndJN(1641)) - Starting Web-server for hddsDatanode at: http://0.0.0.0:0
2019-07-15 13:37:31,556 INFO  server.AuthenticationFilter (AuthenticationFilter.java:constructSecretProvider(240)) - Unable to initialize FileSignerSecretProvider, falling back to use random secrets.
2019-07-15 13:37:31,556 WARN  http.HttpRequestLog (HttpRequestLog.java:getRequestLog(97)) - Jetty request log can only be enabled using Log4j
2019-07-15 13:37:31,558 INFO  http.HttpServer2 (HttpServer2.java:addGlobalFilter(975)) - Added global filter 'safety' (class=org.apache.hadoop.http.HttpServer2$QuotingInputFilter)
2019-07-15 13:37:31,559 INFO  http.HttpServer2 (HttpServer2.java:addFilter(948)) - Added filter static_user_filter (class=org.apache.hadoop.http.lib.StaticUserWebFilter$StaticUserFilter) to context hddsDatanode
2019-07-15 13:37:31,559 INFO  http.HttpServer2 (HttpServer2.java:addFilter(958)) - Added filter static_user_filter (class=org.apache.hadoop.http.lib.StaticUserWebFilter$StaticUserFilter) to context static
2019-07-15 13:37:31,559 INFO  http.HttpServer2 (HttpServer2.java:addFilter(958)) - Added filter static_user_filter (class=org.apache.hadoop.http.lib.StaticUserWebFilter$StaticUserFilter) to context logs
2019-07-15 13:37:31,559 INFO  http.HttpServer2 (HttpServer2.java:bindListener(1191)) - Jetty bound to port 43965
2019-07-15 13:37:31,560 INFO  server.Server (Server.java:doStart(351)) - jetty-9.3.24.v20180605, build timestamp: 2018-06-05T17:11:56Z, git hash: 84205aa28f11a4f31f2a3b86d1bba2cc8ab69827
2019-07-15 13:37:31,562 INFO  handler.ContextHandler (ContextHandler.java:doStart(781)) - Started o.e.j.s.ServletContextHandler@5f395ce1{/logs,file:///workdir/hadoop-ozone/integration-test/target/log,AVAILABLE}
2019-07-15 13:37:31,563 INFO  handler.ContextHandler (ContextHandler.java:doStart(781)) - Started o.e.j.s.ServletContextHandler@1e30db85{/static,jar:file:/home/user/.m2/repository/org/apache/hadoop/hadoop-hdds-container-service/0.5.0-SNAPSHOT/hadoop-hdds-container-service-0.5.0-SNAPSHOT.jar!/webapps/static,AVAILABLE}
2019-07-15 13:37:31,590 INFO  handler.ContextHandler (ContextHandler.java:doStart(781)) - Started o.e.j.w.WebAppContext@1e00bfe2{/,file:///tmp/jetty-0.0.0.0-43965-hddsDatanode-_-any-5746112043823133903.dir/webapp/,AVAILABLE}{/hddsDatanode}
2019-07-15 13:37:31,590 INFO  server.AbstractConnector (AbstractConnector.java:doStart(278)) - Started ServerConnector@4702e7a5{HTTP/1.1,[http/1.1]}{0.0.0.0:43965}
2019-07-15 13:37:31,591 INFO  server.Server (Server.java:doStart(419)) - Started @6750ms
2019-07-15 13:37:31,592 INFO  server.BaseHttpServer (BaseHttpServer.java:updateConnectorAddress(207)) - HTTP server of HDDSDATANODE is listening at http://0.0.0.0:43965
2019-07-15 13:37:31,763 INFO  ozone.HddsDatanodeService (HddsDatanodeService.java:startPlugins(396)) - Started plug-in org.apache.hadoop.ozone.web.OzoneHddsDatanodeService@1bd8afc8
2019-07-15 13:37:31,764 INFO  impl.MetricsSystemImpl (MetricsSystemImpl.java:init(158)) - HddsDatanode metrics system started (again)
2019-07-15 13:37:31,766 INFO  ozone.HddsDatanodeService (HddsDatanodeService.java:start(185)) - HddsDatanodeService host:trunk-nightly-hvlc9-701369690 ip:192.168.157.240
2019-07-15 13:37:31,768 INFO  util.JvmPauseMonitor (JvmPauseMonitor.java:run(188)) - Starting JVM pause monitor
2019-07-15 13:37:31,771 INFO  datanode.InitDatanodeState (InitDatanodeState.java:persistContainerDatanodeDetails(140)) - DatanodeDetails is persisted to /workdir/hadoop-ozone/integration-test/target/test-dir/MiniOzoneClusterImpl-3bdcca17-6f75-4f0a-8f2e-46efe3af0bf5/datanode-3/meta/datanode.id
2019-07-15 13:37:31,775 INFO  volume.HddsVolume (HddsVolume.java:<init>(176)) - Creating Volume: /workdir/hadoop-ozone/integration-test/target/test-dir/MiniOzoneClusterImpl-3bdcca17-6f75-4f0a-8f2e-46efe3af0bf5/datanode-4/data/containers/hdds of  storage type : DISK and capacity : 52710309888
2019-07-15 13:37:31,775 INFO  volume.VolumeSet (VolumeSet.java:initializeVolumeSet(170)) - Added Volume : /workdir/hadoop-ozone/integration-test/target/test-dir/MiniOzoneClusterImpl-3bdcca17-6f75-4f0a-8f2e-46efe3af0bf5/datanode-4/data/containers/hdds to VolumeSet
2019-07-15 13:37:31,776 INFO  volume.ThrottledAsyncChecker (ThrottledAsyncChecker.java:schedule(140)) - Scheduling a check for org.apache.hadoop.ozone.container.common.volume.HddsVolume@77a0dd63
2019-07-15 13:37:31,776 INFO  volume.HddsVolumeChecker (HddsVolumeChecker.java:checkAllVolumes(203)) - Scheduled health check for volume org.apache.hadoop.ozone.container.common.volume.HddsVolume@77a0dd63
2019-07-15 13:37:31,794 INFO  impl.RaftServerProxy (ConfUtils.java:logGet(43)) - raft.rpc.type = GRPC (default)
2019-07-15 13:37:31,794 INFO  grpc.GrpcFactory (GrpcFactory.java:checkPooledByteBufAllocatorUseCacheForAllThreads(45)) - PERFORMANCE WARNING: useCacheForAllThreads is true that may cause Netty to create a lot garbage objects and, as a result, trigger GC.
	It is recommended to disable useCacheForAllThreads by setting -Dorg.apache.ratis.thirdparty.io.netty.allocator.useCacheForAllThreads=false in command line.
2019-07-15 13:37:31,795 INFO  grpc.GrpcConfigKeys$Server (ConfUtils.java:logGet(43)) - raft.grpc.server.port = 0 (default)
2019-07-15 13:37:31,795 INFO  server.GrpcService (ConfUtils.java:logGet(43)) - raft.grpc.message.size.max = 33570816 (custom)
2019-07-15 13:37:31,795 INFO  server.RaftServerConfigKeys (ConfUtils.java:logGet(43)) - raft.server.log.appender.buffer.byte-limit = 33554432 (custom)
2019-07-15 13:37:31,795 INFO  server.GrpcService (ConfUtils.java:logGet(43)) - raft.grpc.flow.control.window = 1MB (=1048576) (default)
2019-07-15 13:37:31,796 INFO  server.RaftServerConfigKeys (ConfUtils.java:logGet(43)) - raft.server.rpc.request.timeout = 3000ms (default)
2019-07-15 13:37:31,796 INFO  server.RaftServerConfigKeys (ConfUtils.java:logGet(43)) - raft.server.storage.dir = [/workdir/hadoop-ozone/integration-test/target/test-dir/MiniOzoneClusterImpl-3bdcca17-6f75-4f0a-8f2e-46efe3af0bf5/datanode-4/data/ratis] (custom)
2019-07-15 13:37:31,797 INFO  replication.SimpleContainerDownloader (SimpleContainerDownloader.java:<init>(72)) - Starting container downloader service to copy containers to replicate.
2019-07-15 13:37:31,798 INFO  hdfs.DFSUtil (DFSUtil.java:httpServerTemplateForNNAndJN(1641)) - Starting Web-server for hddsDatanode at: http://0.0.0.0:0
2019-07-15 13:37:31,800 INFO  server.AuthenticationFilter (AuthenticationFilter.java:constructSecretProvider(240)) - Unable to initialize FileSignerSecretProvider, falling back to use random secrets.
2019-07-15 13:37:31,800 WARN  http.HttpRequestLog (HttpRequestLog.java:getRequestLog(97)) - Jetty request log can only be enabled using Log4j
2019-07-15 13:37:31,802 INFO  http.HttpServer2 (HttpServer2.java:addGlobalFilter(975)) - Added global filter 'safety' (class=org.apache.hadoop.http.HttpServer2$QuotingInputFilter)
2019-07-15 13:37:31,803 INFO  http.HttpServer2 (HttpServer2.java:addFilter(948)) - Added filter static_user_filter (class=org.apache.hadoop.http.lib.StaticUserWebFilter$StaticUserFilter) to context hddsDatanode
2019-07-15 13:37:31,803 INFO  http.HttpServer2 (HttpServer2.java:addFilter(958)) - Added filter static_user_filter (class=org.apache.hadoop.http.lib.StaticUserWebFilter$StaticUserFilter) to context static
2019-07-15 13:37:31,803 INFO  http.HttpServer2 (HttpServer2.java:addFilter(958)) - Added filter static_user_filter (class=org.apache.hadoop.http.lib.StaticUserWebFilter$StaticUserFilter) to context logs
2019-07-15 13:37:31,804 INFO  http.HttpServer2 (HttpServer2.java:bindListener(1191)) - Jetty bound to port 32784
2019-07-15 13:37:31,804 INFO  server.Server (Server.java:doStart(351)) - jetty-9.3.24.v20180605, build timestamp: 2018-06-05T17:11:56Z, git hash: 84205aa28f11a4f31f2a3b86d1bba2cc8ab69827
2019-07-15 13:37:31,809 INFO  handler.ContextHandler (ContextHandler.java:doStart(781)) - Started o.e.j.s.ServletContextHandler@7aa01bd9{/logs,file:///workdir/hadoop-ozone/integration-test/target/log,AVAILABLE}
2019-07-15 13:37:31,810 INFO  handler.ContextHandler (ContextHandler.java:doStart(781)) - Started o.e.j.s.ServletContextHandler@615db358{/static,jar:file:/home/user/.m2/repository/org/apache/hadoop/hadoop-hdds-container-service/0.5.0-SNAPSHOT/hadoop-hdds-container-service-0.5.0-SNAPSHOT.jar!/webapps/static,AVAILABLE}
2019-07-15 13:37:31,841 INFO  handler.ContextHandler (ContextHandler.java:doStart(781)) - Started o.e.j.w.WebAppContext@34136bd1{/,file:///tmp/jetty-0.0.0.0-32784-hddsDatanode-_-any-5270390586257858599.dir/webapp/,AVAILABLE}{/hddsDatanode}
2019-07-15 13:37:31,841 INFO  server.AbstractConnector (AbstractConnector.java:doStart(278)) - Started ServerConnector@6de7778f{HTTP/1.1,[http/1.1]}{0.0.0.0:32784}
2019-07-15 13:37:31,842 INFO  server.Server (Server.java:doStart(419)) - Started @7001ms
2019-07-15 13:37:31,843 INFO  server.BaseHttpServer (BaseHttpServer.java:updateConnectorAddress(207)) - HTTP server of HDDSDATANODE is listening at http://0.0.0.0:32784
2019-07-15 13:37:31,966 INFO  ozone.HddsDatanodeService (HddsDatanodeService.java:startPlugins(396)) - Started plug-in org.apache.hadoop.ozone.web.OzoneHddsDatanodeService@5fdd97c1
2019-07-15 13:37:31,966 INFO  impl.MetricsSystemImpl (MetricsSystemImpl.java:init(158)) - HddsDatanode metrics system started (again)
2019-07-15 13:37:31,966 INFO  ozone.HddsDatanodeService (HddsDatanodeService.java:start(185)) - HddsDatanodeService host:trunk-nightly-hvlc9-701369690 ip:192.168.157.240
2019-07-15 13:37:31,970 INFO  util.JvmPauseMonitor (JvmPauseMonitor.java:run(188)) - Starting JVM pause monitor
2019-07-15 13:37:31,974 INFO  datanode.InitDatanodeState (InitDatanodeState.java:persistContainerDatanodeDetails(140)) - DatanodeDetails is persisted to /workdir/hadoop-ozone/integration-test/target/test-dir/MiniOzoneClusterImpl-3bdcca17-6f75-4f0a-8f2e-46efe3af0bf5/datanode-4/meta/datanode.id
2019-07-15 13:37:31,977 INFO  volume.HddsVolume (HddsVolume.java:<init>(176)) - Creating Volume: /workdir/hadoop-ozone/integration-test/target/test-dir/MiniOzoneClusterImpl-3bdcca17-6f75-4f0a-8f2e-46efe3af0bf5/datanode-5/data/containers/hdds of  storage type : DISK and capacity : 52710309888
2019-07-15 13:37:31,977 INFO  volume.VolumeSet (VolumeSet.java:initializeVolumeSet(170)) - Added Volume : /workdir/hadoop-ozone/integration-test/target/test-dir/MiniOzoneClusterImpl-3bdcca17-6f75-4f0a-8f2e-46efe3af0bf5/datanode-5/data/containers/hdds to VolumeSet
2019-07-15 13:37:31,978 INFO  volume.ThrottledAsyncChecker (ThrottledAsyncChecker.java:schedule(140)) - Scheduling a check for org.apache.hadoop.ozone.container.common.volume.HddsVolume@37d3e140
2019-07-15 13:37:31,978 INFO  volume.HddsVolumeChecker (HddsVolumeChecker.java:checkAllVolumes(203)) - Scheduled health check for volume org.apache.hadoop.ozone.container.common.volume.HddsVolume@37d3e140
2019-07-15 13:37:31,992 INFO  impl.RaftServerProxy (ConfUtils.java:logGet(43)) - raft.rpc.type = GRPC (default)
2019-07-15 13:37:31,992 INFO  grpc.GrpcFactory (GrpcFactory.java:checkPooledByteBufAllocatorUseCacheForAllThreads(45)) - PERFORMANCE WARNING: useCacheForAllThreads is true that may cause Netty to create a lot garbage objects and, as a result, trigger GC.
	It is recommended to disable useCacheForAllThreads by setting -Dorg.apache.ratis.thirdparty.io.netty.allocator.useCacheForAllThreads=false in command line.
2019-07-15 13:37:31,993 INFO  grpc.GrpcConfigKeys$Server (ConfUtils.java:logGet(43)) - raft.grpc.server.port = 0 (default)
2019-07-15 13:37:31,993 INFO  server.GrpcService (ConfUtils.java:logGet(43)) - raft.grpc.message.size.max = 33570816 (custom)
2019-07-15 13:37:31,993 INFO  server.RaftServerConfigKeys (ConfUtils.java:logGet(43)) - raft.server.log.appender.buffer.byte-limit = 33554432 (custom)
2019-07-15 13:37:31,993 INFO  server.GrpcService (ConfUtils.java:logGet(43)) - raft.grpc.flow.control.window = 1MB (=1048576) (default)
2019-07-15 13:37:31,993 INFO  server.RaftServerConfigKeys (ConfUtils.java:logGet(43)) - raft.server.rpc.request.timeout = 3000ms (default)
2019-07-15 13:37:31,994 INFO  server.RaftServerConfigKeys (ConfUtils.java:logGet(43)) - raft.server.storage.dir = [/workdir/hadoop-ozone/integration-test/target/test-dir/MiniOzoneClusterImpl-3bdcca17-6f75-4f0a-8f2e-46efe3af0bf5/datanode-5/data/ratis] (custom)
2019-07-15 13:37:31,994 INFO  replication.SimpleContainerDownloader (SimpleContainerDownloader.java:<init>(72)) - Starting container downloader service to copy containers to replicate.
2019-07-15 13:37:31,996 INFO  hdfs.DFSUtil (DFSUtil.java:httpServerTemplateForNNAndJN(1641)) - Starting Web-server for hddsDatanode at: http://0.0.0.0:0
2019-07-15 13:37:31,997 INFO  server.AuthenticationFilter (AuthenticationFilter.java:constructSecretProvider(240)) - Unable to initialize FileSignerSecretProvider, falling back to use random secrets.
2019-07-15 13:37:31,997 WARN  http.HttpRequestLog (HttpRequestLog.java:getRequestLog(97)) - Jetty request log can only be enabled using Log4j
2019-07-15 13:37:31,999 INFO  http.HttpServer2 (HttpServer2.java:addGlobalFilter(975)) - Added global filter 'safety' (class=org.apache.hadoop.http.HttpServer2$QuotingInputFilter)
2019-07-15 13:37:31,999 INFO  http.HttpServer2 (HttpServer2.java:addFilter(948)) - Added filter static_user_filter (class=org.apache.hadoop.http.lib.StaticUserWebFilter$StaticUserFilter) to context hddsDatanode
2019-07-15 13:37:31,999 INFO  http.HttpServer2 (HttpServer2.java:addFilter(958)) - Added filter static_user_filter (class=org.apache.hadoop.http.lib.StaticUserWebFilter$StaticUserFilter) to context static
2019-07-15 13:37:32,000 INFO  http.HttpServer2 (HttpServer2.java:addFilter(958)) - Added filter static_user_filter (class=org.apache.hadoop.http.lib.StaticUserWebFilter$StaticUserFilter) to context logs
2019-07-15 13:37:32,000 INFO  http.HttpServer2 (HttpServer2.java:bindListener(1191)) - Jetty bound to port 42912
2019-07-15 13:37:32,000 INFO  server.Server (Server.java:doStart(351)) - jetty-9.3.24.v20180605, build timestamp: 2018-06-05T17:11:56Z, git hash: 84205aa28f11a4f31f2a3b86d1bba2cc8ab69827
2019-07-15 13:37:32,003 INFO  handler.ContextHandler (ContextHandler.java:doStart(781)) - Started o.e.j.s.ServletContextHandler@545d2560{/logs,file:///workdir/hadoop-ozone/integration-test/target/log,AVAILABLE}
2019-07-15 13:37:32,003 INFO  handler.ContextHandler (ContextHandler.java:doStart(781)) - Started o.e.j.s.ServletContextHandler@6885ed19{/static,jar:file:/home/user/.m2/repository/org/apache/hadoop/hadoop-hdds-container-service/0.5.0-SNAPSHOT/hadoop-hdds-container-service-0.5.0-SNAPSHOT.jar!/webapps/static,AVAILABLE}
2019-07-15 13:37:32,030 INFO  handler.ContextHandler (ContextHandler.java:doStart(781)) - Started o.e.j.w.WebAppContext@40c8067{/,file:///tmp/jetty-0.0.0.0-42912-hddsDatanode-_-any-1006948997260929173.dir/webapp/,AVAILABLE}{/hddsDatanode}
2019-07-15 13:37:32,032 INFO  server.AbstractConnector (AbstractConnector.java:doStart(278)) - Started ServerConnector@46bb0bdf{HTTP/1.1,[http/1.1]}{0.0.0.0:42912}
2019-07-15 13:37:32,032 INFO  server.Server (Server.java:doStart(419)) - Started @7191ms
2019-07-15 13:37:32,033 INFO  server.BaseHttpServer (BaseHttpServer.java:updateConnectorAddress(207)) - HTTP server of HDDSDATANODE is listening at http://0.0.0.0:42912
2019-07-15 13:37:32,157 INFO  ozone.HddsDatanodeService (HddsDatanodeService.java:startPlugins(396)) - Started plug-in org.apache.hadoop.ozone.web.OzoneHddsDatanodeService@7d25913
2019-07-15 13:37:32,157 INFO  impl.MetricsSystemImpl (MetricsSystemImpl.java:init(158)) - HddsDatanode metrics system started (again)
2019-07-15 13:37:32,159 INFO  ozone.HddsDatanodeService (HddsDatanodeService.java:start(185)) - HddsDatanodeService host:trunk-nightly-hvlc9-701369690 ip:192.168.157.240
2019-07-15 13:37:32,161 INFO  util.JvmPauseMonitor (JvmPauseMonitor.java:run(188)) - Starting JVM pause monitor
2019-07-15 13:37:32,164 INFO  datanode.InitDatanodeState (InitDatanodeState.java:persistContainerDatanodeDetails(140)) - DatanodeDetails is persisted to /workdir/hadoop-ozone/integration-test/target/test-dir/MiniOzoneClusterImpl-3bdcca17-6f75-4f0a-8f2e-46efe3af0bf5/datanode-5/meta/datanode.id
2019-07-15 13:37:32,170 INFO  volume.HddsVolume (HddsVolume.java:<init>(176)) - Creating Volume: /workdir/hadoop-ozone/integration-test/target/test-dir/MiniOzoneClusterImpl-3bdcca17-6f75-4f0a-8f2e-46efe3af0bf5/datanode-6/data/containers/hdds of  storage type : DISK and capacity : 52710309888
2019-07-15 13:37:32,170 INFO  volume.VolumeSet (VolumeSet.java:initializeVolumeSet(170)) - Added Volume : /workdir/hadoop-ozone/integration-test/target/test-dir/MiniOzoneClusterImpl-3bdcca17-6f75-4f0a-8f2e-46efe3af0bf5/datanode-6/data/containers/hdds to VolumeSet
2019-07-15 13:37:32,170 INFO  volume.ThrottledAsyncChecker (ThrottledAsyncChecker.java:schedule(140)) - Scheduling a check for org.apache.hadoop.ozone.container.common.volume.HddsVolume@40a1b6d4
2019-07-15 13:37:32,171 INFO  volume.HddsVolumeChecker (HddsVolumeChecker.java:checkAllVolumes(203)) - Scheduled health check for volume org.apache.hadoop.ozone.container.common.volume.HddsVolume@40a1b6d4
2019-07-15 13:37:32,186 INFO  impl.RaftServerProxy (ConfUtils.java:logGet(43)) - raft.rpc.type = GRPC (default)
2019-07-15 13:37:32,187 INFO  grpc.GrpcFactory (GrpcFactory.java:checkPooledByteBufAllocatorUseCacheForAllThreads(45)) - PERFORMANCE WARNING: useCacheForAllThreads is true that may cause Netty to create a lot garbage objects and, as a result, trigger GC.
	It is recommended to disable useCacheForAllThreads by setting -Dorg.apache.ratis.thirdparty.io.netty.allocator.useCacheForAllThreads=false in command line.
2019-07-15 13:37:32,187 INFO  grpc.GrpcConfigKeys$Server (ConfUtils.java:logGet(43)) - raft.grpc.server.port = 0 (default)
2019-07-15 13:37:32,187 INFO  server.GrpcService (ConfUtils.java:logGet(43)) - raft.grpc.message.size.max = 33570816 (custom)
2019-07-15 13:37:32,187 INFO  server.RaftServerConfigKeys (ConfUtils.java:logGet(43)) - raft.server.log.appender.buffer.byte-limit = 33554432 (custom)
2019-07-15 13:37:32,188 INFO  server.GrpcService (ConfUtils.java:logGet(43)) - raft.grpc.flow.control.window = 1MB (=1048576) (default)
2019-07-15 13:37:32,188 INFO  server.RaftServerConfigKeys (ConfUtils.java:logGet(43)) - raft.server.rpc.request.timeout = 3000ms (default)
2019-07-15 13:37:32,188 INFO  server.RaftServerConfigKeys (ConfUtils.java:logGet(43)) - raft.server.storage.dir = [/workdir/hadoop-ozone/integration-test/target/test-dir/MiniOzoneClusterImpl-3bdcca17-6f75-4f0a-8f2e-46efe3af0bf5/datanode-6/data/ratis] (custom)
2019-07-15 13:37:32,189 INFO  replication.SimpleContainerDownloader (SimpleContainerDownloader.java:<init>(72)) - Starting container downloader service to copy containers to replicate.
2019-07-15 13:37:32,190 INFO  hdfs.DFSUtil (DFSUtil.java:httpServerTemplateForNNAndJN(1641)) - Starting Web-server for hddsDatanode at: http://0.0.0.0:0
2019-07-15 13:37:32,191 INFO  server.AuthenticationFilter (AuthenticationFilter.java:constructSecretProvider(240)) - Unable to initialize FileSignerSecretProvider, falling back to use random secrets.
2019-07-15 13:37:32,192 WARN  http.HttpRequestLog (HttpRequestLog.java:getRequestLog(97)) - Jetty request log can only be enabled using Log4j
2019-07-15 13:37:32,193 INFO  http.HttpServer2 (HttpServer2.java:addGlobalFilter(975)) - Added global filter 'safety' (class=org.apache.hadoop.http.HttpServer2$QuotingInputFilter)
2019-07-15 13:37:32,194 INFO  http.HttpServer2 (HttpServer2.java:addFilter(948)) - Added filter static_user_filter (class=org.apache.hadoop.http.lib.StaticUserWebFilter$StaticUserFilter) to context hddsDatanode
2019-07-15 13:37:32,194 INFO  http.HttpServer2 (HttpServer2.java:addFilter(958)) - Added filter static_user_filter (class=org.apache.hadoop.http.lib.StaticUserWebFilter$StaticUserFilter) to context static
2019-07-15 13:37:32,194 INFO  http.HttpServer2 (HttpServer2.java:addFilter(958)) - Added filter static_user_filter (class=org.apache.hadoop.http.lib.StaticUserWebFilter$StaticUserFilter) to context logs
2019-07-15 13:37:32,195 INFO  http.HttpServer2 (HttpServer2.java:bindListener(1191)) - Jetty bound to port 33650
2019-07-15 13:37:32,195 INFO  server.Server (Server.java:doStart(351)) - jetty-9.3.24.v20180605, build timestamp: 2018-06-05T17:11:56Z, git hash: 84205aa28f11a4f31f2a3b86d1bba2cc8ab69827
2019-07-15 13:37:32,243 INFO  handler.ContextHandler (ContextHandler.java:doStart(781)) - Started o.e.j.s.ServletContextHandler@718989fa{/logs,file:///workdir/hadoop-ozone/integration-test/target/log,AVAILABLE}
2019-07-15 13:37:32,244 INFO  handler.ContextHandler (ContextHandler.java:doStart(781)) - Started o.e.j.s.ServletContextHandler@6568f998{/static,jar:file:/home/user/.m2/repository/org/apache/hadoop/hadoop-hdds-container-service/0.5.0-SNAPSHOT/hadoop-hdds-container-service-0.5.0-SNAPSHOT.jar!/webapps/static,AVAILABLE}
2019-07-15 13:37:32,315 INFO  handler.ContextHandler (ContextHandler.java:doStart(781)) - Started o.e.j.w.WebAppContext@448ade1{/,file:///tmp/jetty-0.0.0.0-33650-hddsDatanode-_-any-5633011473367359538.dir/webapp/,AVAILABLE}{/hddsDatanode}
2019-07-15 13:37:32,316 INFO  server.AbstractConnector (AbstractConnector.java:doStart(278)) - Started ServerConnector@21f9c6ea{HTTP/1.1,[http/1.1]}{0.0.0.0:33650}
2019-07-15 13:37:32,317 INFO  server.Server (Server.java:doStart(419)) - Started @7476ms
2019-07-15 13:37:32,318 INFO  server.BaseHttpServer (BaseHttpServer.java:updateConnectorAddress(207)) - HTTP server of HDDSDATANODE is listening at http://0.0.0.0:33650
2019-07-15 13:37:32,490 INFO  ozone.HddsDatanodeService (HddsDatanodeService.java:startPlugins(396)) - Started plug-in org.apache.hadoop.ozone.web.OzoneHddsDatanodeService@112c2930
2019-07-15 13:37:32,493 INFO  ozone.MiniOzoneClusterImpl (MiniOzoneClusterImpl.java:lambda$waitForClusterToBeReady$0(142)) - Waiting for cluster to be ready. Got 0 of 7 DN Heartbeats.
2019-07-15 13:37:32,494 INFO  util.JvmPauseMonitor (JvmPauseMonitor.java:run(188)) - Starting JVM pause monitor
2019-07-15 13:37:32,496 INFO  datanode.InitDatanodeState (InitDatanodeState.java:persistContainerDatanodeDetails(140)) - DatanodeDetails is persisted to /workdir/hadoop-ozone/integration-test/target/test-dir/MiniOzoneClusterImpl-3bdcca17-6f75-4f0a-8f2e-46efe3af0bf5/datanode-6/meta/datanode.id
2019-07-15 13:37:33,089 INFO  ozoneimpl.OzoneContainer (OzoneContainer.java:start(186)) - Attempting to start container services.
2019-07-15 13:37:33,091 INFO  ozoneimpl.OzoneContainer (OzoneContainer.java:startContainerScrub(160)) - Background container scrubber has been disabled by hdds.containerscrub.enabled
2019-07-15 13:37:33,091 INFO  ratis.XceiverServerRatis (XceiverServerRatis.java:start(418)) - Starting XceiverServerRatis 425f8c08-d6d6-4014-b7a8-0a9aff5e72f3 at port 0
2019-07-15 13:37:33,113 INFO  impl.RaftServerProxy (RaftServerProxy.java:lambda$start$3(299)) - 425f8c08-d6d6-4014-b7a8-0a9aff5e72f3: start RPC server
2019-07-15 13:37:33,241 INFO  server.GrpcService (GrpcService.java:startImpl(149)) - 425f8c08-d6d6-4014-b7a8-0a9aff5e72f3: GrpcService started, listening on 0.0.0.0/0.0.0.0:45285
2019-07-15 13:37:33,242 INFO  ratis.XceiverServerRatis (XceiverServerRatis.java:start(428)) - XceiverServerRatis 425f8c08-d6d6-4014-b7a8-0a9aff5e72f3 is started using port 45285
2019-07-15 13:37:33,245 INFO  server.XceiverServerGrpc (XceiverServerGrpc.java:start(161)) - XceiverServerGrpc 425f8c08-d6d6-4014-b7a8-0a9aff5e72f3 is started using port 35197
2019-07-15 13:37:33,305 INFO  ozoneimpl.OzoneContainer (OzoneContainer.java:start(186)) - Attempting to start container services.
2019-07-15 13:37:33,308 INFO  ozoneimpl.OzoneContainer (OzoneContainer.java:startContainerScrub(160)) - Background container scrubber has been disabled by hdds.containerscrub.enabled
2019-07-15 13:37:33,308 INFO  ratis.XceiverServerRatis (XceiverServerRatis.java:start(418)) - Starting XceiverServerRatis 4ebd7f08-bd7b-439e-85cf-52ad3e3612cd at port 0
2019-07-15 13:37:33,317 INFO  impl.RaftServerProxy (RaftServerProxy.java:lambda$start$3(299)) - 4ebd7f08-bd7b-439e-85cf-52ad3e3612cd: start RPC server
2019-07-15 13:37:33,321 INFO  server.GrpcService (GrpcService.java:startImpl(149)) - 4ebd7f08-bd7b-439e-85cf-52ad3e3612cd: GrpcService started, listening on 0.0.0.0/0.0.0.0:34713
2019-07-15 13:37:33,321 INFO  ratis.XceiverServerRatis (XceiverServerRatis.java:start(428)) - XceiverServerRatis 4ebd7f08-bd7b-439e-85cf-52ad3e3612cd is started using port 34713
2019-07-15 13:37:33,324 INFO  server.XceiverServerGrpc (XceiverServerGrpc.java:start(161)) - XceiverServerGrpc 4ebd7f08-bd7b-439e-85cf-52ad3e3612cd is started using port 45343
2019-07-15 13:37:33,493 INFO  ozone.MiniOzoneClusterImpl (MiniOzoneClusterImpl.java:lambda$waitForClusterToBeReady$0(142)) - Waiting for cluster to be ready. Got 0 of 7 DN Heartbeats.
2019-07-15 13:37:33,544 INFO  ozoneimpl.OzoneContainer (OzoneContainer.java:start(186)) - Attempting to start container services.
2019-07-15 13:37:33,547 INFO  ozoneimpl.OzoneContainer (OzoneContainer.java:startContainerScrub(160)) - Background container scrubber has been disabled by hdds.containerscrub.enabled
2019-07-15 13:37:33,547 INFO  ratis.XceiverServerRatis (XceiverServerRatis.java:start(418)) - Starting XceiverServerRatis ee1dd91a-99f6-4721-8250-5a9babfe01b8 at port 0
2019-07-15 13:37:33,557 INFO  impl.RaftServerProxy (RaftServerProxy.java:lambda$start$3(299)) - ee1dd91a-99f6-4721-8250-5a9babfe01b8: start RPC server
2019-07-15 13:37:33,561 INFO  server.GrpcService (GrpcService.java:startImpl(149)) - ee1dd91a-99f6-4721-8250-5a9babfe01b8: GrpcService started, listening on 0.0.0.0/0.0.0.0:39241
2019-07-15 13:37:33,562 INFO  ratis.XceiverServerRatis (XceiverServerRatis.java:start(428)) - XceiverServerRatis ee1dd91a-99f6-4721-8250-5a9babfe01b8 is started using port 39241
2019-07-15 13:37:33,565 INFO  server.XceiverServerGrpc (XceiverServerGrpc.java:start(161)) - XceiverServerGrpc ee1dd91a-99f6-4721-8250-5a9babfe01b8 is started using port 33881
2019-07-15 13:37:33,783 INFO  ozoneimpl.OzoneContainer (OzoneContainer.java:start(186)) - Attempting to start container services.
2019-07-15 13:37:33,790 INFO  ozoneimpl.OzoneContainer (OzoneContainer.java:startContainerScrub(160)) - Background container scrubber has been disabled by hdds.containerscrub.enabled
2019-07-15 13:37:33,791 INFO  ratis.XceiverServerRatis (XceiverServerRatis.java:start(418)) - Starting XceiverServerRatis c88185e4-a2d5-434a-b735-d68aed1754a6 at port 0
2019-07-15 13:37:33,801 INFO  impl.RaftServerProxy (RaftServerProxy.java:lambda$start$3(299)) - c88185e4-a2d5-434a-b735-d68aed1754a6: start RPC server
2019-07-15 13:37:33,805 INFO  server.GrpcService (GrpcService.java:startImpl(149)) - c88185e4-a2d5-434a-b735-d68aed1754a6: GrpcService started, listening on 0.0.0.0/0.0.0.0:45992
2019-07-15 13:37:33,805 INFO  ratis.XceiverServerRatis (XceiverServerRatis.java:start(428)) - XceiverServerRatis c88185e4-a2d5-434a-b735-d68aed1754a6 is started using port 45992
2019-07-15 13:37:33,809 INFO  server.XceiverServerGrpc (XceiverServerGrpc.java:start(161)) - XceiverServerGrpc c88185e4-a2d5-434a-b735-d68aed1754a6 is started using port 45530
2019-07-15 13:37:33,989 INFO  ozoneimpl.OzoneContainer (OzoneContainer.java:start(186)) - Attempting to start container services.
2019-07-15 13:37:33,989 INFO  ozoneimpl.OzoneContainer (OzoneContainer.java:startContainerScrub(160)) - Background container scrubber has been disabled by hdds.containerscrub.enabled
2019-07-15 13:37:33,990 INFO  ratis.XceiverServerRatis (XceiverServerRatis.java:start(418)) - Starting XceiverServerRatis f3af9037-a705-49d3-8ebf-cf455f9e4897 at port 0
2019-07-15 13:37:34,002 INFO  impl.RaftServerProxy (RaftServerProxy.java:lambda$start$3(299)) - f3af9037-a705-49d3-8ebf-cf455f9e4897: start RPC server
2019-07-15 13:37:34,007 INFO  server.GrpcService (GrpcService.java:startImpl(149)) - f3af9037-a705-49d3-8ebf-cf455f9e4897: GrpcService started, listening on 0.0.0.0/0.0.0.0:38564
2019-07-15 13:37:34,007 INFO  ratis.XceiverServerRatis (XceiverServerRatis.java:start(428)) - XceiverServerRatis f3af9037-a705-49d3-8ebf-cf455f9e4897 is started using port 38564
2019-07-15 13:37:34,011 INFO  server.XceiverServerGrpc (XceiverServerGrpc.java:start(161)) - XceiverServerGrpc f3af9037-a705-49d3-8ebf-cf455f9e4897 is started using port 45902
2019-07-15 13:37:34,189 INFO  ozoneimpl.OzoneContainer (OzoneContainer.java:start(186)) - Attempting to start container services.
2019-07-15 13:37:34,189 INFO  ozoneimpl.OzoneContainer (OzoneContainer.java:startContainerScrub(160)) - Background container scrubber has been disabled by hdds.containerscrub.enabled
2019-07-15 13:37:34,189 INFO  ratis.XceiverServerRatis (XceiverServerRatis.java:start(418)) - Starting XceiverServerRatis e0c9f9b6-9d1a-4247-bc5c-170f3fac2efc at port 0
2019-07-15 13:37:34,200 INFO  impl.RaftServerProxy (RaftServerProxy.java:lambda$start$3(299)) - e0c9f9b6-9d1a-4247-bc5c-170f3fac2efc: start RPC server
2019-07-15 13:37:34,205 INFO  server.GrpcService (GrpcService.java:startImpl(149)) - e0c9f9b6-9d1a-4247-bc5c-170f3fac2efc: GrpcService started, listening on 0.0.0.0/0.0.0.0:42759
2019-07-15 13:37:34,205 INFO  ratis.XceiverServerRatis (XceiverServerRatis.java:start(428)) - XceiverServerRatis e0c9f9b6-9d1a-4247-bc5c-170f3fac2efc is started using port 42759
2019-07-15 13:37:34,209 INFO  server.XceiverServerGrpc (XceiverServerGrpc.java:start(161)) - XceiverServerGrpc e0c9f9b6-9d1a-4247-bc5c-170f3fac2efc is started using port 36137
2019-07-15 13:37:34,494 INFO  ozone.MiniOzoneClusterImpl (MiniOzoneClusterImpl.java:lambda$waitForClusterToBeReady$0(142)) - Waiting for cluster to be ready. Got 0 of 7 DN Heartbeats.
2019-07-15 13:37:34,511 INFO  ozoneimpl.OzoneContainer (OzoneContainer.java:start(186)) - Attempting to start container services.
2019-07-15 13:37:34,511 INFO  ozoneimpl.OzoneContainer (OzoneContainer.java:startContainerScrub(160)) - Background container scrubber has been disabled by hdds.containerscrub.enabled
2019-07-15 13:37:34,511 INFO  ratis.XceiverServerRatis (XceiverServerRatis.java:start(418)) - Starting XceiverServerRatis f5ca9b9d-1af1-400a-94de-7573d2301393 at port 0
2019-07-15 13:37:34,521 INFO  impl.RaftServerProxy (RaftServerProxy.java:lambda$start$3(299)) - f5ca9b9d-1af1-400a-94de-7573d2301393: start RPC server
2019-07-15 13:37:34,526 INFO  server.GrpcService (GrpcService.java:startImpl(149)) - f5ca9b9d-1af1-400a-94de-7573d2301393: GrpcService started, listening on 0.0.0.0/0.0.0.0:46405
2019-07-15 13:37:34,526 INFO  ratis.XceiverServerRatis (XceiverServerRatis.java:start(428)) - XceiverServerRatis f5ca9b9d-1af1-400a-94de-7573d2301393 is started using port 46405
2019-07-15 13:37:34,531 INFO  server.XceiverServerGrpc (XceiverServerGrpc.java:start(161)) - XceiverServerGrpc f5ca9b9d-1af1-400a-94de-7573d2301393 is started using port 44565
2019-07-15 13:37:35,081 INFO  net.NetworkTopology (NetworkTopologyImpl.java:add(110)) - Added a new node: /default-rack/192.168.157.240
2019-07-15 13:37:35,082 INFO  node.SCMNodeManager (SCMNodeManager.java:register(269)) - Registered Data node : 425f8c08-d6d6-4014-b7a8-0a9aff5e72f3{ip: 192.168.157.240, host: trunk-nightly-hvlc9-701369690, networkLocation: /default-rack, certSerialId: null}
2019-07-15 13:37:35,088 INFO  safemode.SCMSafeModeManager (DataNodeSafeModeRule.java:process(71)) - SCM in safe mode. 1 DataNodes registered, 1 required.
2019-07-15 13:37:35,089 INFO  safemode.SCMSafeModeManager (SCMSafeModeManager.java:validateSafeModeExitRules(177)) - ScmSafeModeManager, all rules are successfully validated
2019-07-15 13:37:35,089 INFO  safemode.SCMSafeModeManager (SCMSafeModeManager.java:exitSafeMode(193)) - SCM exiting safe mode.
2019-07-15 13:37:35,292 INFO  node.SCMNodeManager (SCMNodeManager.java:register(269)) - Registered Data node : 4ebd7f08-bd7b-439e-85cf-52ad3e3612cd{ip: 192.168.157.240, host: trunk-nightly-hvlc9-701369690, networkLocation: /default-rack, certSerialId: null}
2019-07-15 13:37:35,496 INFO  ozone.MiniOzoneClusterImpl (MiniOzoneClusterImpl.java:lambda$waitForClusterToBeReady$0(142)) - Waiting for cluster to be ready. Got 2 of 7 DN Heartbeats.
2019-07-15 13:37:35,532 INFO  node.SCMNodeManager (SCMNodeManager.java:register(269)) - Registered Data node : ee1dd91a-99f6-4721-8250-5a9babfe01b8{ip: 192.168.157.240, host: trunk-nightly-hvlc9-701369690, networkLocation: /default-rack, certSerialId: null}
2019-07-15 13:37:36,010 INFO  node.SCMNodeManager (SCMNodeManager.java:register(269)) - Registered Data node : f3af9037-a705-49d3-8ebf-cf455f9e4897{ip: 192.168.157.240, host: trunk-nightly-hvlc9-701369690, networkLocation: /default-rack, certSerialId: null}
2019-07-15 13:37:36,014 INFO  node.SCMNodeManager (SCMNodeManager.java:register(269)) - Registered Data node : c88185e4-a2d5-434a-b735-d68aed1754a6{ip: 192.168.157.240, host: trunk-nightly-hvlc9-701369690, networkLocation: /default-rack, certSerialId: null}
2019-07-15 13:37:36,064 INFO  impl.RaftServerProxy (RaftServerProxy.java:addNew(89)) - 425f8c08-d6d6-4014-b7a8-0a9aff5e72f3: addNew group-13D3146F8563:[425f8c08-d6d6-4014-b7a8-0a9aff5e72f3:192.168.157.240:45285] returns group-13D3146F8563:java.util.concurrent.CompletableFuture@726ed78e[Not completed]
2019-07-15 13:37:36,079 INFO  impl.RaftServerImpl (RaftServerImpl.java:<init>(93)) - 425f8c08-d6d6-4014-b7a8-0a9aff5e72f3: new RaftServerImpl for group-13D3146F8563:[425f8c08-d6d6-4014-b7a8-0a9aff5e72f3:192.168.157.240:45285] with ContainerStateMachine:uninitialized
2019-07-15 13:37:36,081 INFO  server.RaftServerConfigKeys (ConfUtils.java:logGet(43)) - raft.server.rpc.timeout.min = 5s (custom)
2019-07-15 13:37:36,082 INFO  server.RaftServerConfigKeys (ConfUtils.java:logGet(43)) - raft.server.rpc.timeout.max = 5200ms (custom)
2019-07-15 13:37:36,082 INFO  server.RaftServerConfigKeys (ConfUtils.java:logGet(43)) - raft.server.rpcslowness.timeout = 120s (custom)
2019-07-15 13:37:36,083 INFO  server.RaftServerConfigKeys (ConfUtils.java:logGet(43)) - raft.server.sleep.deviation.threshold = 300 (default)
2019-07-15 13:37:36,084 INFO  server.RaftServerConfigKeys (ConfUtils.java:logGet(43)) - raft.server.log.appender.install.snapshot.enabled = false (custom)
2019-07-15 13:37:36,092 INFO  impl.RaftServerImpl (ServerState.java:<init>(105)) - 425f8c08-d6d6-4014-b7a8-0a9aff5e72f3:group-13D3146F8563 ConfigurationManager, init=-1: [425f8c08-d6d6-4014-b7a8-0a9aff5e72f3:192.168.157.240:45285], old=null, confs=<EMPTY_MAP>
2019-07-15 13:37:36,093 INFO  server.RaftServerConfigKeys (ConfUtils.java:logGet(43)) - raft.server.storage.dir = [/workdir/hadoop-ozone/integration-test/target/test-dir/MiniOzoneClusterImpl-3bdcca17-6f75-4f0a-8f2e-46efe3af0bf5/datanode-0/data/ratis] (custom)
2019-07-15 13:37:36,100 INFO  storage.RaftStorageDirectory (RaftStorageDirectory.java:analyzeStorage(246)) - The storage directory /workdir/hadoop-ozone/integration-test/target/test-dir/MiniOzoneClusterImpl-3bdcca17-6f75-4f0a-8f2e-46efe3af0bf5/datanode-0/data/ratis/49c3aa40-7fdb-4f8a-ba7f-13d3146f8563 does not exist. Creating ...
2019-07-15 13:37:36,117 INFO  storage.RaftStorageDirectory (RaftStorageDirectory.java:tryLock(328)) - Lock on /workdir/hadoop-ozone/integration-test/target/test-dir/MiniOzoneClusterImpl-3bdcca17-6f75-4f0a-8f2e-46efe3af0bf5/datanode-0/data/ratis/49c3aa40-7fdb-4f8a-ba7f-13d3146f8563/in_use.lock acquired by nodename 13128@trunk-nightly-hvlc9-701369690
2019-07-15 13:37:36,132 INFO  storage.RaftStorage (RaftStorage.java:format(72)) - Storage directory /workdir/hadoop-ozone/integration-test/target/test-dir/MiniOzoneClusterImpl-3bdcca17-6f75-4f0a-8f2e-46efe3af0bf5/datanode-0/data/ratis/49c3aa40-7fdb-4f8a-ba7f-13d3146f8563 has been successfully formatted.
2019-07-15 13:37:36,133 INFO  ratis.ContainerStateMachine (ContainerStateMachine.java:loadSnapshot(200)) - group-13D3146F8563: The snapshot info is null. Setting the last applied indexto:(t:0, i:~)
2019-07-15 13:37:36,134 INFO  server.RaftServerConfigKeys (ConfUtils.java:logGet(43)) - raft.server.leader.election.timeout = 120s (custom)
2019-07-15 13:37:36,135 INFO  server.RaftServerConfigKeys (ConfUtils.java:logGet(43)) - raft.server.log.use.memory = false (default)
2019-07-15 13:37:36,140 INFO  server.RaftServerConfigKeys (ConfUtils.java:logGet(43)) - raft.server.log.purge.gap = 1000000000 (custom)
2019-07-15 13:37:36,140 INFO  server.RaftServerConfigKeys (ConfUtils.java:logGet(43)) - raft.server.log.appender.buffer.byte-limit = 33554432 (custom)
2019-07-15 13:37:36,142 INFO  server.RaftServerConfigKeys (ConfUtils.java:logGet(43)) - raft.server.log.segment.size.max = 1048576 (custom)
2019-07-15 13:37:36,146 INFO  server.RaftServerConfigKeys (ConfUtils.java:logGet(43)) - raft.server.log.segment.cache.num.max = 2 (custom)
2019-07-15 13:37:36,150 INFO  segmented.SegmentedRaftLogWorker (SegmentedRaftLogWorker.java:<init>(172)) - new 425f8c08-d6d6-4014-b7a8-0a9aff5e72f3-SegmentedRaftLogWorker:Storage Directory /workdir/hadoop-ozone/integration-test/target/test-dir/MiniOzoneClusterImpl-3bdcca17-6f75-4f0a-8f2e-46efe3af0bf5/datanode-0/data/ratis/49c3aa40-7fdb-4f8a-ba7f-13d3146f8563 for RaftStorage:Storage Directory /workdir/hadoop-ozone/integration-test/target/test-dir/MiniOzoneClusterImpl-3bdcca17-6f75-4f0a-8f2e-46efe3af0bf5/datanode-0/data/ratis/49c3aa40-7fdb-4f8a-ba7f-13d3146f8563
2019-07-15 13:37:36,161 INFO  server.RaftServerConfigKeys (ConfUtils.java:logGet(43)) - raft.server.log.queue.byte-limit = 2147483647 (custom)
2019-07-15 13:37:36,162 INFO  server.RaftServerConfigKeys (ConfUtils.java:logGet(43)) - raft.server.log.queue.element-limit = 1024 (custom)
2019-07-15 13:37:36,166 INFO  node.SCMNodeManager (SCMNodeManager.java:register(269)) - Registered Data node : e0c9f9b6-9d1a-4247-bc5c-170f3fac2efc{ip: 192.168.157.240, host: trunk-nightly-hvlc9-701369690, networkLocation: /default-rack, certSerialId: null}
2019-07-15 13:37:36,169 INFO  server.RaftServerConfigKeys (ConfUtils.java:logGet(43)) - raft.server.log.segment.size.max = 1048576 (custom)
2019-07-15 13:37:36,170 INFO  server.RaftServerConfigKeys (ConfUtils.java:logGet(43)) - raft.server.log.preallocated.size = 16384 (custom)
2019-07-15 13:37:36,170 INFO  server.RaftServerConfigKeys (ConfUtils.java:logGet(43)) - raft.server.log.write.buffer.size = 33554432 (custom)
2019-07-15 13:37:36,170 INFO  server.RaftServerConfigKeys (ConfUtils.java:logGet(43)) - raft.server.log.force.sync.num = 128 (default)
2019-07-15 13:37:36,171 INFO  server.RaftServerConfigKeys (ConfUtils.java:logGet(43)) - raft.server.log.statemachine.data.sync = true (default)
2019-07-15 13:37:36,172 INFO  server.RaftServerConfigKeys (ConfUtils.java:logGet(43)) - raft.server.log.statemachine.data.sync.timeout = 10s (default)
2019-07-15 13:37:36,172 INFO  server.RaftServerConfigKeys (ConfUtils.java:logGet(43)) - raft.server.log.statemachine.data.sync.timeout.retry = -1 (default)
2019-07-15 13:37:36,180 INFO  server.RaftServerConfigKeys (ConfUtils.java:logGet(43)) - raft.server.log.statemachine.data.caching.enabled = true (custom)
2019-07-15 13:37:36,184 INFO  segmented.SegmentedRaftLogWorker (SegmentedRaftLogWorker.java:lambda$new$0(132)) - 425f8c08-d6d6-4014-b7a8-0a9aff5e72f3-SegmentedRaftLogWorker:Storage Directory /workdir/hadoop-ozone/integration-test/target/test-dir/MiniOzoneClusterImpl-3bdcca17-6f75-4f0a-8f2e-46efe3af0bf5/datanode-0/data/ratis/49c3aa40-7fdb-4f8a-ba7f-13d3146f8563: flushIndex: setUnconditionally 0 -> -1
2019-07-15 13:37:36,187 INFO  server.RaftServerConfigKeys (ConfUtils.java:logGet(43)) - raft.server.snapshot.auto.trigger.enabled = true (custom)
2019-07-15 13:37:36,188 INFO  server.RaftServerConfigKeys (ConfUtils.java:logGet(43)) - raft.server.snapshot.auto.trigger.threshold = 10000 (custom)
2019-07-15 13:37:36,189 INFO  server.RaftServerConfigKeys (ConfUtils.java:logGet(43)) - raft.server.retrycache.expirytime = 600000ms (custom)
2019-07-15 13:37:36,207 INFO  impl.RaftServerImpl (RaftServerImpl.java:start(180)) - 425f8c08-d6d6-4014-b7a8-0a9aff5e72f3: start group-13D3146F8563
2019-07-15 13:37:36,208 INFO  impl.RaftServerImpl (RaftServerImpl.java:setRole(171)) - 425f8c08-d6d6-4014-b7a8-0a9aff5e72f3:group-13D3146F8563 changes role from null to FOLLOWER at term 0 for startAsFollower
2019-07-15 13:37:36,209 INFO  impl.RoleInfo (RoleInfo.java:updateAndGet(143)) - 425f8c08-d6d6-4014-b7a8-0a9aff5e72f3: start FollowerState
2019-07-15 13:37:36,211 INFO  util.JmxRegister (JmxRegister.java:tryRegister(44)) - Successfully registered JMX Bean with object name Ratis:service=RaftServer,group=group-13D3146F8563,id=425f8c08-d6d6-4014-b7a8-0a9aff5e72f3
2019-07-15 13:37:36,276 INFO  pipeline.PipelineStateManager (PipelineStateManager.java:addPipeline(56)) - Created pipeline Pipeline[ Id: 49c3aa40-7fdb-4f8a-ba7f-13d3146f8563, Nodes: 425f8c08-d6d6-4014-b7a8-0a9aff5e72f3{ip: 192.168.157.240, host: trunk-nightly-hvlc9-701369690, networkLocation: /default-rack, certSerialId: null}, Type:RATIS, Factor:ONE, State:OPEN]
2019-07-15 13:37:36,305 INFO  impl.RaftServerProxy (RaftServerProxy.java:addNew(89)) - e0c9f9b6-9d1a-4247-bc5c-170f3fac2efc: addNew group-785E490643DC:[e0c9f9b6-9d1a-4247-bc5c-170f3fac2efc:192.168.157.240:42759] returns group-785E490643DC:java.util.concurrent.CompletableFuture@2b929550[Not completed]
2019-07-15 13:37:36,347 INFO  impl.RaftServerImpl (RaftServerImpl.java:<init>(93)) - e0c9f9b6-9d1a-4247-bc5c-170f3fac2efc: new RaftServerImpl for group-785E490643DC:[e0c9f9b6-9d1a-4247-bc5c-170f3fac2efc:192.168.157.240:42759] with ContainerStateMachine:uninitialized
2019-07-15 13:37:36,348 INFO  server.RaftServerConfigKeys (ConfUtils.java:logGet(43)) - raft.server.rpc.timeout.min = 5s (custom)
2019-07-15 13:37:36,348 INFO  server.RaftServerConfigKeys (ConfUtils.java:logGet(43)) - raft.server.rpc.timeout.max = 5200ms (custom)
2019-07-15 13:37:36,349 INFO  server.RaftServerConfigKeys (ConfUtils.java:logGet(43)) - raft.server.rpcslowness.timeout = 120s (custom)
2019-07-15 13:37:36,349 INFO  server.RaftServerConfigKeys (ConfUtils.java:logGet(43)) - raft.server.sleep.deviation.threshold = 300 (default)
2019-07-15 13:37:36,349 INFO  server.RaftServerConfigKeys (ConfUtils.java:logGet(43)) - raft.server.log.appender.install.snapshot.enabled = false (custom)
2019-07-15 13:37:36,349 INFO  impl.RaftServerImpl (ServerState.java:<init>(105)) - e0c9f9b6-9d1a-4247-bc5c-170f3fac2efc:group-785E490643DC ConfigurationManager, init=-1: [e0c9f9b6-9d1a-4247-bc5c-170f3fac2efc:192.168.157.240:42759], old=null, confs=<EMPTY_MAP>
2019-07-15 13:37:36,349 INFO  server.RaftServerConfigKeys (ConfUtils.java:logGet(43)) - raft.server.storage.dir = [/workdir/hadoop-ozone/integration-test/target/test-dir/MiniOzoneClusterImpl-3bdcca17-6f75-4f0a-8f2e-46efe3af0bf5/datanode-5/data/ratis] (custom)
2019-07-15 13:37:36,350 INFO  storage.RaftStorageDirectory (RaftStorageDirectory.java:analyzeStorage(246)) - The storage directory /workdir/hadoop-ozone/integration-test/target/test-dir/MiniOzoneClusterImpl-3bdcca17-6f75-4f0a-8f2e-46efe3af0bf5/datanode-5/data/ratis/2158950d-e11b-4b21-a0cf-785e490643dc does not exist. Creating ...
2019-07-15 13:37:36,362 INFO  storage.RaftStorageDirectory (RaftStorageDirectory.java:tryLock(328)) - Lock on /workdir/hadoop-ozone/integration-test/target/test-dir/MiniOzoneClusterImpl-3bdcca17-6f75-4f0a-8f2e-46efe3af0bf5/datanode-5/data/ratis/2158950d-e11b-4b21-a0cf-785e490643dc/in_use.lock acquired by nodename 13128@trunk-nightly-hvlc9-701369690
2019-07-15 13:37:36,366 INFO  storage.RaftStorage (RaftStorage.java:format(72)) - Storage directory /workdir/hadoop-ozone/integration-test/target/test-dir/MiniOzoneClusterImpl-3bdcca17-6f75-4f0a-8f2e-46efe3af0bf5/datanode-5/data/ratis/2158950d-e11b-4b21-a0cf-785e490643dc has been successfully formatted.
2019-07-15 13:37:36,368 INFO  ratis.ContainerStateMachine (ContainerStateMachine.java:loadSnapshot(200)) - group-785E490643DC: The snapshot info is null. Setting the last applied indexto:(t:0, i:~)
2019-07-15 13:37:36,370 INFO  server.RaftServerConfigKeys (ConfUtils.java:logGet(43)) - raft.server.leader.election.timeout = 120s (custom)
2019-07-15 13:37:36,370 INFO  server.RaftServerConfigKeys (ConfUtils.java:logGet(43)) - raft.server.log.use.memory = false (default)
2019-07-15 13:37:36,370 INFO  server.RaftServerConfigKeys (ConfUtils.java:logGet(43)) - raft.server.log.purge.gap = 1000000000 (custom)
2019-07-15 13:37:36,370 INFO  server.RaftServerConfigKeys (ConfUtils.java:logGet(43)) - raft.server.log.appender.buffer.byte-limit = 33554432 (custom)
2019-07-15 13:37:36,371 INFO  server.RaftServerConfigKeys (ConfUtils.java:logGet(43)) - raft.server.log.segment.size.max = 1048576 (custom)
2019-07-15 13:37:36,371 INFO  server.RaftServerConfigKeys (ConfUtils.java:logGet(43)) - raft.server.log.segment.cache.num.max = 2 (custom)
2019-07-15 13:37:36,371 INFO  segmented.SegmentedRaftLogWorker (SegmentedRaftLogWorker.java:<init>(172)) - new e0c9f9b6-9d1a-4247-bc5c-170f3fac2efc-SegmentedRaftLogWorker:Storage Directory /workdir/hadoop-ozone/integration-test/target/test-dir/MiniOzoneClusterImpl-3bdcca17-6f75-4f0a-8f2e-46efe3af0bf5/datanode-5/data/ratis/2158950d-e11b-4b21-a0cf-785e490643dc for RaftStorage:Storage Directory /workdir/hadoop-ozone/integration-test/target/test-dir/MiniOzoneClusterImpl-3bdcca17-6f75-4f0a-8f2e-46efe3af0bf5/datanode-5/data/ratis/2158950d-e11b-4b21-a0cf-785e490643dc
2019-07-15 13:37:36,373 INFO  server.RaftServerConfigKeys (ConfUtils.java:logGet(43)) - raft.server.log.queue.byte-limit = 2147483647 (custom)
2019-07-15 13:37:36,373 INFO  server.RaftServerConfigKeys (ConfUtils.java:logGet(43)) - raft.server.log.queue.element-limit = 1024 (custom)
2019-07-15 13:37:36,373 INFO  server.RaftServerConfigKeys (ConfUtils.java:logGet(43)) - raft.server.log.segment.size.max = 1048576 (custom)
2019-07-15 13:37:36,374 INFO  server.RaftServerConfigKeys (ConfUtils.java:logGet(43)) - raft.server.log.preallocated.size = 16384 (custom)
2019-07-15 13:37:36,374 INFO  server.RaftServerConfigKeys (ConfUtils.java:logGet(43)) - raft.server.log.write.buffer.size = 33554432 (custom)
2019-07-15 13:37:36,374 INFO  server.RaftServerConfigKeys (ConfUtils.java:logGet(43)) - raft.server.log.force.sync.num = 128 (default)
2019-07-15 13:37:36,374 INFO  server.RaftServerConfigKeys (ConfUtils.java:logGet(43)) - raft.server.log.statemachine.data.sync = true (default)
2019-07-15 13:37:36,374 INFO  server.RaftServerConfigKeys (ConfUtils.java:logGet(43)) - raft.server.log.statemachine.data.sync.timeout = 10s (default)
2019-07-15 13:37:36,374 INFO  server.RaftServerConfigKeys (ConfUtils.java:logGet(43)) - raft.server.log.statemachine.data.sync.timeout.retry = -1 (default)
2019-07-15 13:37:36,375 INFO  server.RaftServerConfigKeys (ConfUtils.java:logGet(43)) - raft.server.log.statemachine.data.caching.enabled = true (custom)
2019-07-15 13:37:36,375 INFO  segmented.SegmentedRaftLogWorker (SegmentedRaftLogWorker.java:lambda$new$0(132)) - e0c9f9b6-9d1a-4247-bc5c-170f3fac2efc-SegmentedRaftLogWorker:Storage Directory /workdir/hadoop-ozone/integration-test/target/test-dir/MiniOzoneClusterImpl-3bdcca17-6f75-4f0a-8f2e-46efe3af0bf5/datanode-5/data/ratis/2158950d-e11b-4b21-a0cf-785e490643dc: flushIndex: setUnconditionally 0 -> -1
2019-07-15 13:37:36,376 INFO  server.RaftServerConfigKeys (ConfUtils.java:logGet(43)) - raft.server.snapshot.auto.trigger.enabled = true (custom)
2019-07-15 13:37:36,376 INFO  server.RaftServerConfigKeys (ConfUtils.java:logGet(43)) - raft.server.snapshot.auto.trigger.threshold = 10000 (custom)
2019-07-15 13:37:36,376 INFO  server.RaftServerConfigKeys (ConfUtils.java:logGet(43)) - raft.server.retrycache.expirytime = 600000ms (custom)
2019-07-15 13:37:36,376 INFO  impl.RaftServerImpl (RaftServerImpl.java:start(180)) - e0c9f9b6-9d1a-4247-bc5c-170f3fac2efc: start group-785E490643DC
2019-07-15 13:37:36,376 INFO  impl.RaftServerImpl (RaftServerImpl.java:setRole(171)) - e0c9f9b6-9d1a-4247-bc5c-170f3fac2efc:group-785E490643DC changes role from null to FOLLOWER at term 0 for startAsFollower
2019-07-15 13:37:36,377 INFO  impl.RoleInfo (RoleInfo.java:updateAndGet(143)) - e0c9f9b6-9d1a-4247-bc5c-170f3fac2efc: start FollowerState
2019-07-15 13:37:36,379 INFO  util.JmxRegister (JmxRegister.java:tryRegister(44)) - Successfully registered JMX Bean with object name Ratis:service=RaftServer,group=group-785E490643DC,id=e0c9f9b6-9d1a-4247-bc5c-170f3fac2efc
2019-07-15 13:37:36,406 INFO  pipeline.PipelineStateManager (PipelineStateManager.java:addPipeline(56)) - Created pipeline Pipeline[ Id: 2158950d-e11b-4b21-a0cf-785e490643dc, Nodes: e0c9f9b6-9d1a-4247-bc5c-170f3fac2efc{ip: 192.168.157.240, host: trunk-nightly-hvlc9-701369690, networkLocation: /default-rack, certSerialId: null}, Type:RATIS, Factor:ONE, State:OPEN]
2019-07-15 13:37:36,433 INFO  impl.RaftServerProxy (RaftServerProxy.java:addNew(89)) - c88185e4-a2d5-434a-b735-d68aed1754a6: addNew group-12F740FF4FAB:[c88185e4-a2d5-434a-b735-d68aed1754a6:192.168.157.240:45992] returns group-12F740FF4FAB:java.util.concurrent.CompletableFuture@3e27bce3[Not completed]
2019-07-15 13:37:36,443 INFO  impl.RaftServerImpl (RaftServerImpl.java:<init>(93)) - c88185e4-a2d5-434a-b735-d68aed1754a6: new RaftServerImpl for group-12F740FF4FAB:[c88185e4-a2d5-434a-b735-d68aed1754a6:192.168.157.240:45992] with ContainerStateMachine:uninitialized
2019-07-15 13:37:36,443 INFO  server.RaftServerConfigKeys (ConfUtils.java:logGet(43)) - raft.server.rpc.timeout.min = 5s (custom)
2019-07-15 13:37:36,443 INFO  server.RaftServerConfigKeys (ConfUtils.java:logGet(43)) - raft.server.rpc.timeout.max = 5200ms (custom)
2019-07-15 13:37:36,443 INFO  server.RaftServerConfigKeys (ConfUtils.java:logGet(43)) - raft.server.rpcslowness.timeout = 120s (custom)
2019-07-15 13:37:36,443 INFO  server.RaftServerConfigKeys (ConfUtils.java:logGet(43)) - raft.server.sleep.deviation.threshold = 300 (default)
2019-07-15 13:37:36,444 INFO  server.RaftServerConfigKeys (ConfUtils.java:logGet(43)) - raft.server.log.appender.install.snapshot.enabled = false (custom)
2019-07-15 13:37:36,444 INFO  impl.RaftServerImpl (ServerState.java:<init>(105)) - c88185e4-a2d5-434a-b735-d68aed1754a6:group-12F740FF4FAB ConfigurationManager, init=-1: [c88185e4-a2d5-434a-b735-d68aed1754a6:192.168.157.240:45992], old=null, confs=<EMPTY_MAP>
2019-07-15 13:37:36,444 INFO  server.RaftServerConfigKeys (ConfUtils.java:logGet(43)) - raft.server.storage.dir = [/workdir/hadoop-ozone/integration-test/target/test-dir/MiniOzoneClusterImpl-3bdcca17-6f75-4f0a-8f2e-46efe3af0bf5/datanode-3/data/ratis] (custom)
2019-07-15 13:37:36,444 INFO  storage.RaftStorageDirectory (RaftStorageDirectory.java:analyzeStorage(246)) - The storage directory /workdir/hadoop-ozone/integration-test/target/test-dir/MiniOzoneClusterImpl-3bdcca17-6f75-4f0a-8f2e-46efe3af0bf5/datanode-3/data/ratis/b6bc1574-ed4e-4a9d-bd35-12f740ff4fab does not exist. Creating ...
2019-07-15 13:37:36,457 INFO  storage.RaftStorageDirectory (RaftStorageDirectory.java:tryLock(328)) - Lock on /workdir/hadoop-ozone/integration-test/target/test-dir/MiniOzoneClusterImpl-3bdcca17-6f75-4f0a-8f2e-46efe3af0bf5/datanode-3/data/ratis/b6bc1574-ed4e-4a9d-bd35-12f740ff4fab/in_use.lock acquired by nodename 13128@trunk-nightly-hvlc9-701369690
2019-07-15 13:37:36,472 INFO  storage.RaftStorage (RaftStorage.java:format(72)) - Storage directory /workdir/hadoop-ozone/integration-test/target/test-dir/MiniOzoneClusterImpl-3bdcca17-6f75-4f0a-8f2e-46efe3af0bf5/datanode-3/data/ratis/b6bc1574-ed4e-4a9d-bd35-12f740ff4fab has been successfully formatted.
2019-07-15 13:37:36,472 INFO  ratis.ContainerStateMachine (ContainerStateMachine.java:loadSnapshot(200)) - group-12F740FF4FAB: The snapshot info is null. Setting the last applied indexto:(t:0, i:~)
2019-07-15 13:37:36,473 INFO  server.RaftServerConfigKeys (ConfUtils.java:logGet(43)) - raft.server.leader.election.timeout = 120s (custom)
2019-07-15 13:37:36,473 INFO  server.RaftServerConfigKeys (ConfUtils.java:logGet(43)) - raft.server.log.use.memory = false (default)
2019-07-15 13:37:36,473 INFO  server.RaftServerConfigKeys (ConfUtils.java:logGet(43)) - raft.server.log.purge.gap = 1000000000 (custom)
2019-07-15 13:37:36,473 INFO  server.RaftServerConfigKeys (ConfUtils.java:logGet(43)) - raft.server.log.appender.buffer.byte-limit = 33554432 (custom)
2019-07-15 13:37:36,473 INFO  server.RaftServerConfigKeys (ConfUtils.java:logGet(43)) - raft.server.log.segment.size.max = 1048576 (custom)
2019-07-15 13:37:36,474 INFO  server.RaftServerConfigKeys (ConfUtils.java:logGet(43)) - raft.server.log.segment.cache.num.max = 2 (custom)
2019-07-15 13:37:36,474 INFO  segmented.SegmentedRaftLogWorker (SegmentedRaftLogWorker.java:<init>(172)) - new c88185e4-a2d5-434a-b735-d68aed1754a6-SegmentedRaftLogWorker:Storage Directory /workdir/hadoop-ozone/integration-test/target/test-dir/MiniOzoneClusterImpl-3bdcca17-6f75-4f0a-8f2e-46efe3af0bf5/datanode-3/data/ratis/b6bc1574-ed4e-4a9d-bd35-12f740ff4fab for RaftStorage:Storage Directory /workdir/hadoop-ozone/integration-test/target/test-dir/MiniOzoneClusterImpl-3bdcca17-6f75-4f0a-8f2e-46efe3af0bf5/datanode-3/data/ratis/b6bc1574-ed4e-4a9d-bd35-12f740ff4fab
2019-07-15 13:37:36,474 INFO  server.RaftServerConfigKeys (ConfUtils.java:logGet(43)) - raft.server.log.queue.byte-limit = 2147483647 (custom)
2019-07-15 13:37:36,474 INFO  server.RaftServerConfigKeys (ConfUtils.java:logGet(43)) - raft.server.log.queue.element-limit = 1024 (custom)
2019-07-15 13:37:36,475 INFO  server.RaftServerConfigKeys (ConfUtils.java:logGet(43)) - raft.server.log.segment.size.max = 1048576 (custom)
2019-07-15 13:37:36,475 INFO  server.RaftServerConfigKeys (ConfUtils.java:logGet(43)) - raft.server.log.preallocated.size = 16384 (custom)
2019-07-15 13:37:36,475 INFO  server.RaftServerConfigKeys (ConfUtils.java:logGet(43)) - raft.server.log.write.buffer.size = 33554432 (custom)
2019-07-15 13:37:36,475 INFO  server.RaftServerConfigKeys (ConfUtils.java:logGet(43)) - raft.server.log.force.sync.num = 128 (default)
2019-07-15 13:37:36,475 INFO  server.RaftServerConfigKeys (ConfUtils.java:logGet(43)) - raft.server.log.statemachine.data.sync = true (default)
2019-07-15 13:37:36,476 INFO  server.RaftServerConfigKeys (ConfUtils.java:logGet(43)) - raft.server.log.statemachine.data.sync.timeout = 10s (default)
2019-07-15 13:37:36,476 INFO  server.RaftServerConfigKeys (ConfUtils.java:logGet(43)) - raft.server.log.statemachine.data.sync.timeout.retry = -1 (default)
2019-07-15 13:37:36,476 INFO  server.RaftServerConfigKeys (ConfUtils.java:logGet(43)) - raft.server.log.statemachine.data.caching.enabled = true (custom)
2019-07-15 13:37:36,477 INFO  segmented.SegmentedRaftLogWorker (SegmentedRaftLogWorker.java:lambda$new$0(132)) - c88185e4-a2d5-434a-b735-d68aed1754a6-SegmentedRaftLogWorker:Storage Directory /workdir/hadoop-ozone/integration-test/target/test-dir/MiniOzoneClusterImpl-3bdcca17-6f75-4f0a-8f2e-46efe3af0bf5/datanode-3/data/ratis/b6bc1574-ed4e-4a9d-bd35-12f740ff4fab: flushIndex: setUnconditionally 0 -> -1
2019-07-15 13:37:36,477 INFO  server.RaftServerConfigKeys (ConfUtils.java:logGet(43)) - raft.server.snapshot.auto.trigger.enabled = true (custom)
2019-07-15 13:37:36,477 INFO  server.RaftServerConfigKeys (ConfUtils.java:logGet(43)) - raft.server.snapshot.auto.trigger.threshold = 10000 (custom)
2019-07-15 13:37:36,478 INFO  server.RaftServerConfigKeys (ConfUtils.java:logGet(43)) - raft.server.retrycache.expirytime = 600000ms (custom)
2019-07-15 13:37:36,478 INFO  impl.RaftServerImpl (RaftServerImpl.java:start(180)) - c88185e4-a2d5-434a-b735-d68aed1754a6: start group-12F740FF4FAB
2019-07-15 13:37:36,478 INFO  impl.RaftServerImpl (RaftServerImpl.java:setRole(171)) - c88185e4-a2d5-434a-b735-d68aed1754a6:group-12F740FF4FAB changes role from null to FOLLOWER at term 0 for startAsFollower
2019-07-15 13:37:36,478 INFO  impl.RoleInfo (RoleInfo.java:updateAndGet(143)) - c88185e4-a2d5-434a-b735-d68aed1754a6: start FollowerState
2019-07-15 13:37:36,479 INFO  util.JmxRegister (JmxRegister.java:tryRegister(44)) - Successfully registered JMX Bean with object name Ratis:service=RaftServer,group=group-12F740FF4FAB,id=c88185e4-a2d5-434a-b735-d68aed1754a6
2019-07-15 13:37:36,493 INFO  pipeline.PipelineStateManager (PipelineStateManager.java:addPipeline(56)) - Created pipeline Pipeline[ Id: b6bc1574-ed4e-4a9d-bd35-12f740ff4fab, Nodes: c88185e4-a2d5-434a-b735-d68aed1754a6{ip: 192.168.157.240, host: trunk-nightly-hvlc9-701369690, networkLocation: /default-rack, certSerialId: null}, Type:RATIS, Factor:ONE, State:OPEN]
2019-07-15 13:37:36,497 INFO  ozone.MiniOzoneClusterImpl (MiniOzoneClusterImpl.java:lambda$waitForClusterToBeReady$0(142)) - Waiting for cluster to be ready. Got 6 of 7 DN Heartbeats.
2019-07-15 13:37:36,497 INFO  node.SCMNodeManager (SCMNodeManager.java:register(269)) - Registered Data node : f5ca9b9d-1af1-400a-94de-7573d2301393{ip: 192.168.157.240, host: trunk-nightly-hvlc9-701369690, networkLocation: /default-rack, certSerialId: null}
2019-07-15 13:37:36,518 INFO  impl.RaftServerProxy (RaftServerProxy.java:addNew(89)) - 4ebd7f08-bd7b-439e-85cf-52ad3e3612cd: addNew group-21D327D7FB07:[4ebd7f08-bd7b-439e-85cf-52ad3e3612cd:192.168.157.240:34713] returns group-21D327D7FB07:java.util.concurrent.CompletableFuture@33c4e0b2[Not completed]
2019-07-15 13:37:36,519 INFO  impl.RaftServerImpl (RaftServerImpl.java:<init>(93)) - 4ebd7f08-bd7b-439e-85cf-52ad3e3612cd: new RaftServerImpl for group-21D327D7FB07:[4ebd7f08-bd7b-439e-85cf-52ad3e3612cd:192.168.157.240:34713] with ContainerStateMachine:uninitialized
2019-07-15 13:37:36,520 INFO  server.RaftServerConfigKeys (ConfUtils.java:logGet(43)) - raft.server.rpc.timeout.min = 5s (custom)
2019-07-15 13:37:36,520 INFO  server.RaftServerConfigKeys (ConfUtils.java:logGet(43)) - raft.server.rpc.timeout.max = 5200ms (custom)
2019-07-15 13:37:36,520 INFO  server.RaftServerConfigKeys (ConfUtils.java:logGet(43)) - raft.server.rpcslowness.timeout = 120s (custom)
2019-07-15 13:37:36,520 INFO  server.RaftServerConfigKeys (ConfUtils.java:logGet(43)) - raft.server.sleep.deviation.threshold = 300 (default)
2019-07-15 13:37:36,520 INFO  server.RaftServerConfigKeys (ConfUtils.java:logGet(43)) - raft.server.log.appender.install.snapshot.enabled = false (custom)
2019-07-15 13:37:36,520 INFO  impl.RaftServerImpl (ServerState.java:<init>(105)) - 4ebd7f08-bd7b-439e-85cf-52ad3e3612cd:group-21D327D7FB07 ConfigurationManager, init=-1: [4ebd7f08-bd7b-439e-85cf-52ad3e3612cd:192.168.157.240:34713], old=null, confs=<EMPTY_MAP>
2019-07-15 13:37:36,521 INFO  server.RaftServerConfigKeys (ConfUtils.java:logGet(43)) - raft.server.storage.dir = [/workdir/hadoop-ozone/integration-test/target/test-dir/MiniOzoneClusterImpl-3bdcca17-6f75-4f0a-8f2e-46efe3af0bf5/datanode-1/data/ratis] (custom)
2019-07-15 13:37:36,521 INFO  storage.RaftStorageDirectory (RaftStorageDirectory.java:analyzeStorage(246)) - The storage directory /workdir/hadoop-ozone/integration-test/target/test-dir/MiniOzoneClusterImpl-3bdcca17-6f75-4f0a-8f2e-46efe3af0bf5/datanode-1/data/ratis/e0620d52-8f53-4cad-8e8d-21d327d7fb07 does not exist. Creating ...
2019-07-15 13:37:36,533 INFO  storage.RaftStorageDirectory (RaftStorageDirectory.java:tryLock(328)) - Lock on /workdir/hadoop-ozone/integration-test/target/test-dir/MiniOzoneClusterImpl-3bdcca17-6f75-4f0a-8f2e-46efe3af0bf5/datanode-1/data/ratis/e0620d52-8f53-4cad-8e8d-21d327d7fb07/in_use.lock acquired by nodename 13128@trunk-nightly-hvlc9-701369690
2019-07-15 13:37:36,546 INFO  storage.RaftStorage (RaftStorage.java:format(72)) - Storage directory /workdir/hadoop-ozone/integration-test/target/test-dir/MiniOzoneClusterImpl-3bdcca17-6f75-4f0a-8f2e-46efe3af0bf5/datanode-1/data/ratis/e0620d52-8f53-4cad-8e8d-21d327d7fb07 has been successfully formatted.
2019-07-15 13:37:36,546 INFO  ratis.ContainerStateMachine (ContainerStateMachine.java:loadSnapshot(200)) - group-21D327D7FB07: The snapshot info is null. Setting the last applied indexto:(t:0, i:~)
2019-07-15 13:37:36,547 INFO  server.RaftServerConfigKeys (ConfUtils.java:logGet(43)) - raft.server.leader.election.timeout = 120s (custom)
2019-07-15 13:37:36,547 INFO  server.RaftServerConfigKeys (ConfUtils.java:logGet(43)) - raft.server.log.use.memory = false (default)
2019-07-15 13:37:36,547 INFO  server.RaftServerConfigKeys (ConfUtils.java:logGet(43)) - raft.server.log.purge.gap = 1000000000 (custom)
2019-07-15 13:37:36,547 INFO  server.RaftServerConfigKeys (ConfUtils.java:logGet(43)) - raft.server.log.appender.buffer.byte-limit = 33554432 (custom)
2019-07-15 13:37:36,547 INFO  server.RaftServerConfigKeys (ConfUtils.java:logGet(43)) - raft.server.log.segment.size.max = 1048576 (custom)
2019-07-15 13:37:36,547 INFO  server.RaftServerConfigKeys (ConfUtils.java:logGet(43)) - raft.server.log.segment.cache.num.max = 2 (custom)
2019-07-15 13:37:36,548 INFO  segmented.SegmentedRaftLogWorker (SegmentedRaftLogWorker.java:<init>(172)) - new 4ebd7f08-bd7b-439e-85cf-52ad3e3612cd-SegmentedRaftLogWorker:Storage Directory /workdir/hadoop-ozone/integration-test/target/test-dir/MiniOzoneClusterImpl-3bdcca17-6f75-4f0a-8f2e-46efe3af0bf5/datanode-1/data/ratis/e0620d52-8f53-4cad-8e8d-21d327d7fb07 for RaftStorage:Storage Directory /workdir/hadoop-ozone/integration-test/target/test-dir/MiniOzoneClusterImpl-3bdcca17-6f75-4f0a-8f2e-46efe3af0bf5/datanode-1/data/ratis/e0620d52-8f53-4cad-8e8d-21d327d7fb07
2019-07-15 13:37:36,548 INFO  server.RaftServerConfigKeys (ConfUtils.java:logGet(43)) - raft.server.log.queue.byte-limit = 2147483647 (custom)
2019-07-15 13:37:36,548 INFO  server.RaftServerConfigKeys (ConfUtils.java:logGet(43)) - raft.server.log.queue.element-limit = 1024 (custom)
2019-07-15 13:37:36,548 INFO  server.RaftServerConfigKeys (ConfUtils.java:logGet(43)) - raft.server.log.segment.size.max = 1048576 (custom)
2019-07-15 13:37:36,548 INFO  server.RaftServerConfigKeys (ConfUtils.java:logGet(43)) - raft.server.log.preallocated.size = 16384 (custom)
2019-07-15 13:37:36,548 INFO  server.RaftServerConfigKeys (ConfUtils.java:logGet(43)) - raft.server.log.write.buffer.size = 33554432 (custom)
2019-07-15 13:37:36,549 INFO  server.RaftServerConfigKeys (ConfUtils.java:logGet(43)) - raft.server.log.force.sync.num = 128 (default)
2019-07-15 13:37:36,549 INFO  server.RaftServerConfigKeys (ConfUtils.java:logGet(43)) - raft.server.log.statemachine.data.sync = true (default)
2019-07-15 13:37:36,549 INFO  server.RaftServerConfigKeys (ConfUtils.java:logGet(43)) - raft.server.log.statemachine.data.sync.timeout = 10s (default)
2019-07-15 13:37:36,549 INFO  server.RaftServerConfigKeys (ConfUtils.java:logGet(43)) - raft.server.log.statemachine.data.sync.timeout.retry = -1 (default)
2019-07-15 13:37:36,549 INFO  server.RaftServerConfigKeys (ConfUtils.java:logGet(43)) - raft.server.log.statemachine.data.caching.enabled = true (custom)
2019-07-15 13:37:36,550 INFO  segmented.SegmentedRaftLogWorker (SegmentedRaftLogWorker.java:lambda$new$0(132)) - 4ebd7f08-bd7b-439e-85cf-52ad3e3612cd-SegmentedRaftLogWorker:Storage Directory /workdir/hadoop-ozone/integration-test/target/test-dir/MiniOzoneClusterImpl-3bdcca17-6f75-4f0a-8f2e-46efe3af0bf5/datanode-1/data/ratis/e0620d52-8f53-4cad-8e8d-21d327d7fb07: flushIndex: setUnconditionally 0 -> -1
2019-07-15 13:37:36,550 INFO  server.RaftServerConfigKeys (ConfUtils.java:logGet(43)) - raft.server.snapshot.auto.trigger.enabled = true (custom)
2019-07-15 13:37:36,550 INFO  server.RaftServerConfigKeys (ConfUtils.java:logGet(43)) - raft.server.snapshot.auto.trigger.threshold = 10000 (custom)
2019-07-15 13:37:36,550 INFO  server.RaftServerConfigKeys (ConfUtils.java:logGet(43)) - raft.server.retrycache.expirytime = 600000ms (custom)
2019-07-15 13:37:36,551 INFO  impl.RaftServerImpl (RaftServerImpl.java:start(180)) - 4ebd7f08-bd7b-439e-85cf-52ad3e3612cd: start group-21D327D7FB07
2019-07-15 13:37:36,551 INFO  impl.RaftServerImpl (RaftServerImpl.java:setRole(171)) - 4ebd7f08-bd7b-439e-85cf-52ad3e3612cd:group-21D327D7FB07 changes role from null to FOLLOWER at term 0 for startAsFollower
2019-07-15 13:37:36,551 INFO  impl.RoleInfo (RoleInfo.java:updateAndGet(143)) - 4ebd7f08-bd7b-439e-85cf-52ad3e3612cd: start FollowerState
2019-07-15 13:37:36,551 INFO  util.JmxRegister (JmxRegister.java:tryRegister(44)) - Successfully registered JMX Bean with object name Ratis:service=RaftServer,group=group-21D327D7FB07,id=4ebd7f08-bd7b-439e-85cf-52ad3e3612cd
2019-07-15 13:37:36,564 INFO  pipeline.PipelineStateManager (PipelineStateManager.java:addPipeline(56)) - Created pipeline Pipeline[ Id: e0620d52-8f53-4cad-8e8d-21d327d7fb07, Nodes: 4ebd7f08-bd7b-439e-85cf-52ad3e3612cd{ip: 192.168.157.240, host: trunk-nightly-hvlc9-701369690, networkLocation: /default-rack, certSerialId: null}, Type:RATIS, Factor:ONE, State:OPEN]
2019-07-15 13:37:36,587 INFO  impl.RaftServerProxy (RaftServerProxy.java:addNew(89)) - f5ca9b9d-1af1-400a-94de-7573d2301393: addNew group-831FDDEC1FF1:[f5ca9b9d-1af1-400a-94de-7573d2301393:192.168.157.240:46405] returns group-831FDDEC1FF1:java.util.concurrent.CompletableFuture@31c4f6da[Not completed]
2019-07-15 13:37:36,589 INFO  impl.RaftServerImpl (RaftServerImpl.java:<init>(93)) - f5ca9b9d-1af1-400a-94de-7573d2301393: new RaftServerImpl for group-831FDDEC1FF1:[f5ca9b9d-1af1-400a-94de-7573d2301393:192.168.157.240:46405] with ContainerStateMachine:uninitialized
2019-07-15 13:37:36,589 INFO  server.RaftServerConfigKeys (ConfUtils.java:logGet(43)) - raft.server.rpc.timeout.min = 5s (custom)
2019-07-15 13:37:36,590 INFO  server.RaftServerConfigKeys (ConfUtils.java:logGet(43)) - raft.server.rpc.timeout.max = 5200ms (custom)
2019-07-15 13:37:36,590 INFO  server.RaftServerConfigKeys (ConfUtils.java:logGet(43)) - raft.server.rpcslowness.timeout = 120s (custom)
2019-07-15 13:37:36,590 INFO  server.RaftServerConfigKeys (ConfUtils.java:logGet(43)) - raft.server.sleep.deviation.threshold = 300 (default)
2019-07-15 13:37:36,590 INFO  server.RaftServerConfigKeys (ConfUtils.java:logGet(43)) - raft.server.log.appender.install.snapshot.enabled = false (custom)
2019-07-15 13:37:36,590 INFO  impl.RaftServerImpl (ServerState.java:<init>(105)) - f5ca9b9d-1af1-400a-94de-7573d2301393:group-831FDDEC1FF1 ConfigurationManager, init=-1: [f5ca9b9d-1af1-400a-94de-7573d2301393:192.168.157.240:46405], old=null, confs=<EMPTY_MAP>
2019-07-15 13:37:36,591 INFO  server.RaftServerConfigKeys (ConfUtils.java:logGet(43)) - raft.server.storage.dir = [/workdir/hadoop-ozone/integration-test/target/test-dir/MiniOzoneClusterImpl-3bdcca17-6f75-4f0a-8f2e-46efe3af0bf5/datanode-6/data/ratis] (custom)
2019-07-15 13:37:36,591 INFO  storage.RaftStorageDirectory (RaftStorageDirectory.java:analyzeStorage(246)) - The storage directory /workdir/hadoop-ozone/integration-test/target/test-dir/MiniOzoneClusterImpl-3bdcca17-6f75-4f0a-8f2e-46efe3af0bf5/datanode-6/data/ratis/0846c915-e787-45cc-8254-831fddec1ff1 does not exist. Creating ...
2019-07-15 13:37:36,603 INFO  storage.RaftStorageDirectory (RaftStorageDirectory.java:tryLock(328)) - Lock on /workdir/hadoop-ozone/integration-test/target/test-dir/MiniOzoneClusterImpl-3bdcca17-6f75-4f0a-8f2e-46efe3af0bf5/datanode-6/data/ratis/0846c915-e787-45cc-8254-831fddec1ff1/in_use.lock acquired by nodename 13128@trunk-nightly-hvlc9-701369690
2019-07-15 13:37:36,616 INFO  storage.RaftStorage (RaftStorage.java:format(72)) - Storage directory /workdir/hadoop-ozone/integration-test/target/test-dir/MiniOzoneClusterImpl-3bdcca17-6f75-4f0a-8f2e-46efe3af0bf5/datanode-6/data/ratis/0846c915-e787-45cc-8254-831fddec1ff1 has been successfully formatted.
2019-07-15 13:37:36,616 INFO  ratis.ContainerStateMachine (ContainerStateMachine.java:loadSnapshot(200)) - group-831FDDEC1FF1: The snapshot info is null. Setting the last applied indexto:(t:0, i:~)
2019-07-15 13:37:36,616 INFO  server.RaftServerConfigKeys (ConfUtils.java:logGet(43)) - raft.server.leader.election.timeout = 120s (custom)
2019-07-15 13:37:36,616 INFO  server.RaftServerConfigKeys (ConfUtils.java:logGet(43)) - raft.server.log.use.memory = false (default)
2019-07-15 13:37:36,616 INFO  server.RaftServerConfigKeys (ConfUtils.java:logGet(43)) - raft.server.log.purge.gap = 1000000000 (custom)
2019-07-15 13:37:36,617 INFO  server.RaftServerConfigKeys (ConfUtils.java:logGet(43)) - raft.server.log.appender.buffer.byte-limit = 33554432 (custom)
2019-07-15 13:37:36,617 INFO  server.RaftServerConfigKeys (ConfUtils.java:logGet(43)) - raft.server.log.segment.size.max = 1048576 (custom)
2019-07-15 13:37:36,617 INFO  server.RaftServerConfigKeys (ConfUtils.java:logGet(43)) - raft.server.log.segment.cache.num.max = 2 (custom)
2019-07-15 13:37:36,617 INFO  segmented.SegmentedRaftLogWorker (SegmentedRaftLogWorker.java:<init>(172)) - new f5ca9b9d-1af1-400a-94de-7573d2301393-SegmentedRaftLogWorker:Storage Directory /workdir/hadoop-ozone/integration-test/target/test-dir/MiniOzoneClusterImpl-3bdcca17-6f75-4f0a-8f2e-46efe3af0bf5/datanode-6/data/ratis/0846c915-e787-45cc-8254-831fddec1ff1 for RaftStorage:Storage Directory /workdir/hadoop-ozone/integration-test/target/test-dir/MiniOzoneClusterImpl-3bdcca17-6f75-4f0a-8f2e-46efe3af0bf5/datanode-6/data/ratis/0846c915-e787-45cc-8254-831fddec1ff1
2019-07-15 13:37:36,617 INFO  server.RaftServerConfigKeys (ConfUtils.java:logGet(43)) - raft.server.log.queue.byte-limit = 2147483647 (custom)
2019-07-15 13:37:36,617 INFO  server.RaftServerConfigKeys (ConfUtils.java:logGet(43)) - raft.server.log.queue.element-limit = 1024 (custom)
2019-07-15 13:37:36,618 INFO  server.RaftServerConfigKeys (ConfUtils.java:logGet(43)) - raft.server.log.segment.size.max = 1048576 (custom)
2019-07-15 13:37:36,618 INFO  server.RaftServerConfigKeys (ConfUtils.java:logGet(43)) - raft.server.log.preallocated.size = 16384 (custom)
2019-07-15 13:37:36,618 INFO  server.RaftServerConfigKeys (ConfUtils.java:logGet(43)) - raft.server.log.write.buffer.size = 33554432 (custom)
2019-07-15 13:37:36,618 INFO  server.RaftServerConfigKeys (ConfUtils.java:logGet(43)) - raft.server.log.force.sync.num = 128 (default)
2019-07-15 13:37:36,618 INFO  server.RaftServerConfigKeys (ConfUtils.java:logGet(43)) - raft.server.log.statemachine.data.sync = true (default)
2019-07-15 13:37:36,619 INFO  server.RaftServerConfigKeys (ConfUtils.java:logGet(43)) - raft.server.log.statemachine.data.sync.timeout = 10s (default)
2019-07-15 13:37:36,619 INFO  server.RaftServerConfigKeys (ConfUtils.java:logGet(43)) - raft.server.log.statemachine.data.sync.timeout.retry = -1 (default)
2019-07-15 13:37:36,619 INFO  server.RaftServerConfigKeys (ConfUtils.java:logGet(43)) - raft.server.log.statemachine.data.caching.enabled = true (custom)
2019-07-15 13:37:36,619 INFO  segmented.SegmentedRaftLogWorker (SegmentedRaftLogWorker.java:lambda$new$0(132)) - f5ca9b9d-1af1-400a-94de-7573d2301393-SegmentedRaftLogWorker:Storage Directory /workdir/hadoop-ozone/integration-test/target/test-dir/MiniOzoneClusterImpl-3bdcca17-6f75-4f0a-8f2e-46efe3af0bf5/datanode-6/data/ratis/0846c915-e787-45cc-8254-831fddec1ff1: flushIndex: setUnconditionally 0 -> -1
2019-07-15 13:37:36,620 INFO  server.RaftServerConfigKeys (ConfUtils.java:logGet(43)) - raft.server.snapshot.auto.trigger.enabled = true (custom)
2019-07-15 13:37:36,620 INFO  server.RaftServerConfigKeys (ConfUtils.java:logGet(43)) - raft.server.snapshot.auto.trigger.threshold = 10000 (custom)
2019-07-15 13:37:36,620 INFO  server.RaftServerConfigKeys (ConfUtils.java:logGet(43)) - raft.server.retrycache.expirytime = 600000ms (custom)
2019-07-15 13:37:36,620 INFO  impl.RaftServerImpl (RaftServerImpl.java:start(180)) - f5ca9b9d-1af1-400a-94de-7573d2301393: start group-831FDDEC1FF1
2019-07-15 13:37:36,620 INFO  impl.RaftServerImpl (RaftServerImpl.java:setRole(171)) - f5ca9b9d-1af1-400a-94de-7573d2301393:group-831FDDEC1FF1 changes role from null to FOLLOWER at term 0 for startAsFollower
2019-07-15 13:37:36,621 INFO  impl.RoleInfo (RoleInfo.java:updateAndGet(143)) - f5ca9b9d-1af1-400a-94de-7573d2301393: start FollowerState
2019-07-15 13:37:36,621 INFO  util.JmxRegister (JmxRegister.java:tryRegister(44)) - Successfully registered JMX Bean with object name Ratis:service=RaftServer,group=group-831FDDEC1FF1,id=f5ca9b9d-1af1-400a-94de-7573d2301393
2019-07-15 13:37:36,636 INFO  pipeline.PipelineStateManager (PipelineStateManager.java:addPipeline(56)) - Created pipeline Pipeline[ Id: 0846c915-e787-45cc-8254-831fddec1ff1, Nodes: f5ca9b9d-1af1-400a-94de-7573d2301393{ip: 192.168.157.240, host: trunk-nightly-hvlc9-701369690, networkLocation: /default-rack, certSerialId: null}, Type:RATIS, Factor:ONE, State:OPEN]
2019-07-15 13:37:36,662 INFO  impl.RaftServerProxy (RaftServerProxy.java:addNew(89)) - ee1dd91a-99f6-4721-8250-5a9babfe01b8: addNew group-1D35E5936844:[ee1dd91a-99f6-4721-8250-5a9babfe01b8:192.168.157.240:39241] returns group-1D35E5936844:java.util.concurrent.CompletableFuture@14297ae4[Not completed]
2019-07-15 13:37:36,663 INFO  impl.RaftServerImpl (RaftServerImpl.java:<init>(93)) - ee1dd91a-99f6-4721-8250-5a9babfe01b8: new RaftServerImpl for group-1D35E5936844:[ee1dd91a-99f6-4721-8250-5a9babfe01b8:192.168.157.240:39241] with ContainerStateMachine:uninitialized
2019-07-15 13:37:36,664 INFO  server.RaftServerConfigKeys (ConfUtils.java:logGet(43)) - raft.server.rpc.timeout.min = 5s (custom)
2019-07-15 13:37:36,664 INFO  server.RaftServerConfigKeys (ConfUtils.java:logGet(43)) - raft.server.rpc.timeout.max = 5200ms (custom)
2019-07-15 13:37:36,664 INFO  server.RaftServerConfigKeys (ConfUtils.java:logGet(43)) - raft.server.rpcslowness.timeout = 120s (custom)
2019-07-15 13:37:36,664 INFO  server.RaftServerConfigKeys (ConfUtils.java:logGet(43)) - raft.server.sleep.deviation.threshold = 300 (default)
2019-07-15 13:37:36,664 INFO  server.RaftServerConfigKeys (ConfUtils.java:logGet(43)) - raft.server.log.appender.install.snapshot.enabled = false (custom)
2019-07-15 13:37:36,665 INFO  impl.RaftServerImpl (ServerState.java:<init>(105)) - ee1dd91a-99f6-4721-8250-5a9babfe01b8:group-1D35E5936844 ConfigurationManager, init=-1: [ee1dd91a-99f6-4721-8250-5a9babfe01b8:192.168.157.240:39241], old=null, confs=<EMPTY_MAP>
2019-07-15 13:37:36,665 INFO  server.RaftServerConfigKeys (ConfUtils.java:logGet(43)) - raft.server.storage.dir = [/workdir/hadoop-ozone/integration-test/target/test-dir/MiniOzoneClusterImpl-3bdcca17-6f75-4f0a-8f2e-46efe3af0bf5/datanode-2/data/ratis] (custom)
2019-07-15 13:37:36,665 INFO  storage.RaftStorageDirectory (RaftStorageDirectory.java:analyzeStorage(246)) - The storage directory /workdir/hadoop-ozone/integration-test/target/test-dir/MiniOzoneClusterImpl-3bdcca17-6f75-4f0a-8f2e-46efe3af0bf5/datanode-2/data/ratis/318785d2-2a53-46c5-b682-1d35e5936844 does not exist. Creating ...
2019-07-15 13:37:36,678 INFO  storage.RaftStorageDirectory (RaftStorageDirectory.java:tryLock(328)) - Lock on /workdir/hadoop-ozone/integration-test/target/test-dir/MiniOzoneClusterImpl-3bdcca17-6f75-4f0a-8f2e-46efe3af0bf5/datanode-2/data/ratis/318785d2-2a53-46c5-b682-1d35e5936844/in_use.lock acquired by nodename 13128@trunk-nightly-hvlc9-701369690
2019-07-15 13:37:36,701 INFO  storage.RaftStorage (RaftStorage.java:format(72)) - Storage directory /workdir/hadoop-ozone/integration-test/target/test-dir/MiniOzoneClusterImpl-3bdcca17-6f75-4f0a-8f2e-46efe3af0bf5/datanode-2/data/ratis/318785d2-2a53-46c5-b682-1d35e5936844 has been successfully formatted.
2019-07-15 13:37:36,702 INFO  ratis.ContainerStateMachine (ContainerStateMachine.java:loadSnapshot(200)) - group-1D35E5936844: The snapshot info is null. Setting the last applied indexto:(t:0, i:~)
2019-07-15 13:37:36,702 INFO  server.RaftServerConfigKeys (ConfUtils.java:logGet(43)) - raft.server.leader.election.timeout = 120s (custom)
2019-07-15 13:37:36,702 INFO  server.RaftServerConfigKeys (ConfUtils.java:logGet(43)) - raft.server.log.use.memory = false (default)
2019-07-15 13:37:36,702 INFO  server.RaftServerConfigKeys (ConfUtils.java:logGet(43)) - raft.server.log.purge.gap = 1000000000 (custom)
2019-07-15 13:37:36,702 INFO  server.RaftServerConfigKeys (ConfUtils.java:logGet(43)) - raft.server.log.appender.buffer.byte-limit = 33554432 (custom)
2019-07-15 13:37:36,703 INFO  server.RaftServerConfigKeys (ConfUtils.java:logGet(43)) - raft.server.log.segment.size.max = 1048576 (custom)
2019-07-15 13:37:36,703 INFO  server.RaftServerConfigKeys (ConfUtils.java:logGet(43)) - raft.server.log.segment.cache.num.max = 2 (custom)
2019-07-15 13:37:36,703 INFO  segmented.SegmentedRaftLogWorker (SegmentedRaftLogWorker.java:<init>(172)) - new ee1dd91a-99f6-4721-8250-5a9babfe01b8-SegmentedRaftLogWorker:Storage Directory /workdir/hadoop-ozone/integration-test/target/test-dir/MiniOzoneClusterImpl-3bdcca17-6f75-4f0a-8f2e-46efe3af0bf5/datanode-2/data/ratis/318785d2-2a53-46c5-b682-1d35e5936844 for RaftStorage:Storage Directory /workdir/hadoop-ozone/integration-test/target/test-dir/MiniOzoneClusterImpl-3bdcca17-6f75-4f0a-8f2e-46efe3af0bf5/datanode-2/data/ratis/318785d2-2a53-46c5-b682-1d35e5936844
2019-07-15 13:37:36,703 INFO  server.RaftServerConfigKeys (ConfUtils.java:logGet(43)) - raft.server.log.queue.byte-limit = 2147483647 (custom)
2019-07-15 13:37:36,703 INFO  server.RaftServerConfigKeys (ConfUtils.java:logGet(43)) - raft.server.log.queue.element-limit = 1024 (custom)
2019-07-15 13:37:36,704 INFO  server.RaftServerConfigKeys (ConfUtils.java:logGet(43)) - raft.server.log.segment.size.max = 1048576 (custom)
2019-07-15 13:37:36,704 INFO  server.RaftServerConfigKeys (ConfUtils.java:logGet(43)) - raft.server.log.preallocated.size = 16384 (custom)
2019-07-15 13:37:36,704 INFO  server.RaftServerConfigKeys (ConfUtils.java:logGet(43)) - raft.server.log.write.buffer.size = 33554432 (custom)
2019-07-15 13:37:36,704 INFO  server.RaftServerConfigKeys (ConfUtils.java:logGet(43)) - raft.server.log.force.sync.num = 128 (default)
2019-07-15 13:37:36,704 INFO  server.RaftServerConfigKeys (ConfUtils.java:logGet(43)) - raft.server.log.statemachine.data.sync = true (default)
2019-07-15 13:37:36,705 INFO  server.RaftServerConfigKeys (ConfUtils.java:logGet(43)) - raft.server.log.statemachine.data.sync.timeout = 10s (default)
2019-07-15 13:37:36,705 INFO  server.RaftServerConfigKeys (ConfUtils.java:logGet(43)) - raft.server.log.statemachine.data.sync.timeout.retry = -1 (default)
2019-07-15 13:37:36,705 INFO  server.RaftServerConfigKeys (ConfUtils.java:logGet(43)) - raft.server.log.statemachine.data.caching.enabled = true (custom)
2019-07-15 13:37:36,706 INFO  segmented.SegmentedRaftLogWorker (SegmentedRaftLogWorker.java:lambda$new$0(132)) - ee1dd91a-99f6-4721-8250-5a9babfe01b8-SegmentedRaftLogWorker:Storage Directory /workdir/hadoop-ozone/integration-test/target/test-dir/MiniOzoneClusterImpl-3bdcca17-6f75-4f0a-8f2e-46efe3af0bf5/datanode-2/data/ratis/318785d2-2a53-46c5-b682-1d35e5936844: flushIndex: setUnconditionally 0 -> -1
2019-07-15 13:37:36,706 INFO  server.RaftServerConfigKeys (ConfUtils.java:logGet(43)) - raft.server.snapshot.auto.trigger.enabled = true (custom)
2019-07-15 13:37:36,706 INFO  server.RaftServerConfigKeys (ConfUtils.java:logGet(43)) - raft.server.snapshot.auto.trigger.threshold = 10000 (custom)
2019-07-15 13:37:36,706 INFO  server.RaftServerConfigKeys (ConfUtils.java:logGet(43)) - raft.server.retrycache.expirytime = 600000ms (custom)
2019-07-15 13:37:36,707 INFO  impl.RaftServerImpl (RaftServerImpl.java:start(180)) - ee1dd91a-99f6-4721-8250-5a9babfe01b8: start group-1D35E5936844
2019-07-15 13:37:36,707 INFO  impl.RaftServerImpl (RaftServerImpl.java:setRole(171)) - ee1dd91a-99f6-4721-8250-5a9babfe01b8:group-1D35E5936844 changes role from null to FOLLOWER at term 0 for startAsFollower
2019-07-15 13:37:36,707 INFO  impl.RoleInfo (RoleInfo.java:updateAndGet(143)) - ee1dd91a-99f6-4721-8250-5a9babfe01b8: start FollowerState
2019-07-15 13:37:36,707 INFO  util.JmxRegister (JmxRegister.java:tryRegister(44)) - Successfully registered JMX Bean with object name Ratis:service=RaftServer,group=group-1D35E5936844,id=ee1dd91a-99f6-4721-8250-5a9babfe01b8
2019-07-15 13:37:36,720 INFO  pipeline.PipelineStateManager (PipelineStateManager.java:addPipeline(56)) - Created pipeline Pipeline[ Id: 318785d2-2a53-46c5-b682-1d35e5936844, Nodes: ee1dd91a-99f6-4721-8250-5a9babfe01b8{ip: 192.168.157.240, host: trunk-nightly-hvlc9-701369690, networkLocation: /default-rack, certSerialId: null}, Type:RATIS, Factor:ONE, State:OPEN]
2019-07-15 13:37:36,739 INFO  impl.RaftServerProxy (RaftServerProxy.java:addNew(89)) - f3af9037-a705-49d3-8ebf-cf455f9e4897: addNew group-1358320C1006:[f3af9037-a705-49d3-8ebf-cf455f9e4897:192.168.157.240:38564] returns group-1358320C1006:java.util.concurrent.CompletableFuture@59dc7a00[Not completed]
2019-07-15 13:37:36,740 INFO  impl.RaftServerImpl (RaftServerImpl.java:<init>(93)) - f3af9037-a705-49d3-8ebf-cf455f9e4897: new RaftServerImpl for group-1358320C1006:[f3af9037-a705-49d3-8ebf-cf455f9e4897:192.168.157.240:38564] with ContainerStateMachine:uninitialized
2019-07-15 13:37:36,741 INFO  server.RaftServerConfigKeys (ConfUtils.java:logGet(43)) - raft.server.rpc.timeout.min = 5s (custom)
2019-07-15 13:37:36,741 INFO  server.RaftServerConfigKeys (ConfUtils.java:logGet(43)) - raft.server.rpc.timeout.max = 5200ms (custom)
2019-07-15 13:37:36,741 INFO  server.RaftServerConfigKeys (ConfUtils.java:logGet(43)) - raft.server.rpcslowness.timeout = 120s (custom)
2019-07-15 13:37:36,741 INFO  server.RaftServerConfigKeys (ConfUtils.java:logGet(43)) - raft.server.sleep.deviation.threshold = 300 (default)
2019-07-15 13:37:36,741 INFO  server.RaftServerConfigKeys (ConfUtils.java:logGet(43)) - raft.server.log.appender.install.snapshot.enabled = false (custom)
2019-07-15 13:37:36,741 INFO  impl.RaftServerImpl (ServerState.java:<init>(105)) - f3af9037-a705-49d3-8ebf-cf455f9e4897:group-1358320C1006 ConfigurationManager, init=-1: [f3af9037-a705-49d3-8ebf-cf455f9e4897:192.168.157.240:38564], old=null, confs=<EMPTY_MAP>
2019-07-15 13:37:36,742 INFO  server.RaftServerConfigKeys (ConfUtils.java:logGet(43)) - raft.server.storage.dir = [/workdir/hadoop-ozone/integration-test/target/test-dir/MiniOzoneClusterImpl-3bdcca17-6f75-4f0a-8f2e-46efe3af0bf5/datanode-4/data/ratis] (custom)
2019-07-15 13:37:36,742 INFO  storage.RaftStorageDirectory (RaftStorageDirectory.java:analyzeStorage(246)) - The storage directory /workdir/hadoop-ozone/integration-test/target/test-dir/MiniOzoneClusterImpl-3bdcca17-6f75-4f0a-8f2e-46efe3af0bf5/datanode-4/data/ratis/494d419b-35fe-4eeb-b31d-1358320c1006 does not exist. Creating ...
2019-07-15 13:37:36,756 INFO  storage.RaftStorageDirectory (RaftStorageDirectory.java:tryLock(328)) - Lock on /workdir/hadoop-ozone/integration-test/target/test-dir/MiniOzoneClusterImpl-3bdcca17-6f75-4f0a-8f2e-46efe3af0bf5/datanode-4/data/ratis/494d419b-35fe-4eeb-b31d-1358320c1006/in_use.lock acquired by nodename 13128@trunk-nightly-hvlc9-701369690
2019-07-15 13:37:36,769 INFO  storage.RaftStorage (RaftStorage.java:format(72)) - Storage directory /workdir/hadoop-ozone/integration-test/target/test-dir/MiniOzoneClusterImpl-3bdcca17-6f75-4f0a-8f2e-46efe3af0bf5/datanode-4/data/ratis/494d419b-35fe-4eeb-b31d-1358320c1006 has been successfully formatted.
2019-07-15 13:37:36,769 INFO  ratis.ContainerStateMachine (ContainerStateMachine.java:loadSnapshot(200)) - group-1358320C1006: The snapshot info is null. Setting the last applied indexto:(t:0, i:~)
2019-07-15 13:37:36,770 INFO  server.RaftServerConfigKeys (ConfUtils.java:logGet(43)) - raft.server.leader.election.timeout = 120s (custom)
2019-07-15 13:37:36,770 INFO  server.RaftServerConfigKeys (ConfUtils.java:logGet(43)) - raft.server.log.use.memory = false (default)
2019-07-15 13:37:36,770 INFO  server.RaftServerConfigKeys (ConfUtils.java:logGet(43)) - raft.server.log.purge.gap = 1000000000 (custom)
2019-07-15 13:37:36,770 INFO  server.RaftServerConfigKeys (ConfUtils.java:logGet(43)) - raft.server.log.appender.buffer.byte-limit = 33554432 (custom)
2019-07-15 13:37:36,770 INFO  server.RaftServerConfigKeys (ConfUtils.java:logGet(43)) - raft.server.log.segment.size.max = 1048576 (custom)
2019-07-15 13:37:36,770 INFO  server.RaftServerConfigKeys (ConfUtils.java:logGet(43)) - raft.server.log.segment.cache.num.max = 2 (custom)
2019-07-15 13:37:36,771 INFO  segmented.SegmentedRaftLogWorker (SegmentedRaftLogWorker.java:<init>(172)) - new f3af9037-a705-49d3-8ebf-cf455f9e4897-SegmentedRaftLogWorker:Storage Directory /workdir/hadoop-ozone/integration-test/target/test-dir/MiniOzoneClusterImpl-3bdcca17-6f75-4f0a-8f2e-46efe3af0bf5/datanode-4/data/ratis/494d419b-35fe-4eeb-b31d-1358320c1006 for RaftStorage:Storage Directory /workdir/hadoop-ozone/integration-test/target/test-dir/MiniOzoneClusterImpl-3bdcca17-6f75-4f0a-8f2e-46efe3af0bf5/datanode-4/data/ratis/494d419b-35fe-4eeb-b31d-1358320c1006
2019-07-15 13:37:36,771 INFO  server.RaftServerConfigKeys (ConfUtils.java:logGet(43)) - raft.server.log.queue.byte-limit = 2147483647 (custom)
2019-07-15 13:37:36,771 INFO  server.RaftServerConfigKeys (ConfUtils.java:logGet(43)) - raft.server.log.queue.element-limit = 1024 (custom)
2019-07-15 13:37:36,771 INFO  server.RaftServerConfigKeys (ConfUtils.java:logGet(43)) - raft.server.log.segment.size.max = 1048576 (custom)
2019-07-15 13:37:36,771 INFO  server.RaftServerConfigKeys (ConfUtils.java:logGet(43)) - raft.server.log.preallocated.size = 16384 (custom)
2019-07-15 13:37:36,772 INFO  server.RaftServerConfigKeys (ConfUtils.java:logGet(43)) - raft.server.log.write.buffer.size = 33554432 (custom)
2019-07-15 13:37:36,772 INFO  server.RaftServerConfigKeys (ConfUtils.java:logGet(43)) - raft.server.log.force.sync.num = 128 (default)
2019-07-15 13:37:36,772 INFO  server.RaftServerConfigKeys (ConfUtils.java:logGet(43)) - raft.server.log.statemachine.data.sync = true (default)
2019-07-15 13:37:36,772 INFO  server.RaftServerConfigKeys (ConfUtils.java:logGet(43)) - raft.server.log.statemachine.data.sync.timeout = 10s (default)
2019-07-15 13:37:36,772 INFO  server.RaftServerConfigKeys (ConfUtils.java:logGet(43)) - raft.server.log.statemachine.data.sync.timeout.retry = -1 (default)
2019-07-15 13:37:36,773 INFO  server.RaftServerConfigKeys (ConfUtils.java:logGet(43)) - raft.server.log.statemachine.data.caching.enabled = true (custom)
2019-07-15 13:37:36,773 INFO  segmented.SegmentedRaftLogWorker (SegmentedRaftLogWorker.java:lambda$new$0(132)) - f3af9037-a705-49d3-8ebf-cf455f9e4897-SegmentedRaftLogWorker:Storage Directory /workdir/hadoop-ozone/integration-test/target/test-dir/MiniOzoneClusterImpl-3bdcca17-6f75-4f0a-8f2e-46efe3af0bf5/datanode-4/data/ratis/494d419b-35fe-4eeb-b31d-1358320c1006: flushIndex: setUnconditionally 0 -> -1
2019-07-15 13:37:36,773 INFO  server.RaftServerConfigKeys (ConfUtils.java:logGet(43)) - raft.server.snapshot.auto.trigger.enabled = true (custom)
2019-07-15 13:37:36,774 INFO  server.RaftServerConfigKeys (ConfUtils.java:logGet(43)) - raft.server.snapshot.auto.trigger.threshold = 10000 (custom)
2019-07-15 13:37:36,774 INFO  server.RaftServerConfigKeys (ConfUtils.java:logGet(43)) - raft.server.retrycache.expirytime = 600000ms (custom)
2019-07-15 13:37:36,774 INFO  impl.RaftServerImpl (RaftServerImpl.java:start(180)) - f3af9037-a705-49d3-8ebf-cf455f9e4897: start group-1358320C1006
2019-07-15 13:37:36,774 INFO  impl.RaftServerImpl (RaftServerImpl.java:setRole(171)) - f3af9037-a705-49d3-8ebf-cf455f9e4897:group-1358320C1006 changes role from null to FOLLOWER at term 0 for startAsFollower
2019-07-15 13:37:36,774 INFO  impl.RoleInfo (RoleInfo.java:updateAndGet(143)) - f3af9037-a705-49d3-8ebf-cf455f9e4897: start FollowerState
2019-07-15 13:37:36,775 INFO  util.JmxRegister (JmxRegister.java:tryRegister(44)) - Successfully registered JMX Bean with object name Ratis:service=RaftServer,group=group-1358320C1006,id=f3af9037-a705-49d3-8ebf-cf455f9e4897
2019-07-15 13:37:36,793 INFO  pipeline.PipelineStateManager (PipelineStateManager.java:addPipeline(56)) - Created pipeline Pipeline[ Id: 494d419b-35fe-4eeb-b31d-1358320c1006, Nodes: f3af9037-a705-49d3-8ebf-cf455f9e4897{ip: 192.168.157.240, host: trunk-nightly-hvlc9-701369690, networkLocation: /default-rack, certSerialId: null}, Type:RATIS, Factor:ONE, State:OPEN]
2019-07-15 13:37:36,831 INFO  impl.RaftServerProxy (RaftServerProxy.java:addNew(89)) - f5ca9b9d-1af1-400a-94de-7573d2301393: addNew group-EE79DCC20932:[f5ca9b9d-1af1-400a-94de-7573d2301393:192.168.157.240:46405, c88185e4-a2d5-434a-b735-d68aed1754a6:192.168.157.240:45992, e0c9f9b6-9d1a-4247-bc5c-170f3fac2efc:192.168.157.240:42759] returns group-EE79DCC20932:java.util.concurrent.CompletableFuture@2c60bb18[Not completed]
2019-07-15 13:37:36,836 INFO  impl.RaftServerProxy (RaftServerProxy.java:addNew(89)) - c88185e4-a2d5-434a-b735-d68aed1754a6: addNew group-EE79DCC20932:[f5ca9b9d-1af1-400a-94de-7573d2301393:192.168.157.240:46405, c88185e4-a2d5-434a-b735-d68aed1754a6:192.168.157.240:45992, e0c9f9b6-9d1a-4247-bc5c-170f3fac2efc:192.168.157.240:42759] returns group-EE79DCC20932:java.util.concurrent.CompletableFuture@75cb9dfb[Not completed]
2019-07-15 13:37:36,836 INFO  impl.RaftServerImpl (RaftServerImpl.java:<init>(93)) - f5ca9b9d-1af1-400a-94de-7573d2301393: new RaftServerImpl for group-EE79DCC20932:[f5ca9b9d-1af1-400a-94de-7573d2301393:192.168.157.240:46405, c88185e4-a2d5-434a-b735-d68aed1754a6:192.168.157.240:45992, e0c9f9b6-9d1a-4247-bc5c-170f3fac2efc:192.168.157.240:42759] with ContainerStateMachine:uninitialized
2019-07-15 13:37:36,836 INFO  impl.RaftServerProxy (RaftServerProxy.java:addNew(89)) - e0c9f9b6-9d1a-4247-bc5c-170f3fac2efc: addNew group-EE79DCC20932:[f5ca9b9d-1af1-400a-94de-7573d2301393:192.168.157.240:46405, c88185e4-a2d5-434a-b735-d68aed1754a6:192.168.157.240:45992, e0c9f9b6-9d1a-4247-bc5c-170f3fac2efc:192.168.157.240:42759] returns group-EE79DCC20932:java.util.concurrent.CompletableFuture@6d5db123[Not completed]
2019-07-15 13:37:36,836 INFO  server.RaftServerConfigKeys (ConfUtils.java:logGet(43)) - raft.server.rpc.timeout.min = 5s (custom)
2019-07-15 13:37:36,836 INFO  server.RaftServerConfigKeys (ConfUtils.java:logGet(43)) - raft.server.rpc.timeout.max = 5200ms (custom)
2019-07-15 13:37:36,837 INFO  server.RaftServerConfigKeys (ConfUtils.java:logGet(43)) - raft.server.rpcslowness.timeout = 120s (custom)
2019-07-15 13:37:36,837 INFO  server.RaftServerConfigKeys (ConfUtils.java:logGet(43)) - raft.server.sleep.deviation.threshold = 300 (default)
2019-07-15 13:37:36,837 INFO  server.RaftServerConfigKeys (ConfUtils.java:logGet(43)) - raft.server.log.appender.install.snapshot.enabled = false (custom)
2019-07-15 13:37:36,837 INFO  impl.RaftServerImpl (ServerState.java:<init>(105)) - f5ca9b9d-1af1-400a-94de-7573d2301393:group-EE79DCC20932 ConfigurationManager, init=-1: [f5ca9b9d-1af1-400a-94de-7573d2301393:192.168.157.240:46405, c88185e4-a2d5-434a-b735-d68aed1754a6:192.168.157.240:45992, e0c9f9b6-9d1a-4247-bc5c-170f3fac2efc:192.168.157.240:42759], old=null, confs=<EMPTY_MAP>
2019-07-15 13:37:36,837 INFO  server.RaftServerConfigKeys (ConfUtils.java:logGet(43)) - raft.server.storage.dir = [/workdir/hadoop-ozone/integration-test/target/test-dir/MiniOzoneClusterImpl-3bdcca17-6f75-4f0a-8f2e-46efe3af0bf5/datanode-6/data/ratis] (custom)
2019-07-15 13:37:36,837 INFO  impl.RaftServerImpl (RaftServerImpl.java:<init>(93)) - c88185e4-a2d5-434a-b735-d68aed1754a6: new RaftServerImpl for group-EE79DCC20932:[f5ca9b9d-1af1-400a-94de-7573d2301393:192.168.157.240:46405, c88185e4-a2d5-434a-b735-d68aed1754a6:192.168.157.240:45992, e0c9f9b6-9d1a-4247-bc5c-170f3fac2efc:192.168.157.240:42759] with ContainerStateMachine:uninitialized
2019-07-15 13:37:36,838 INFO  server.RaftServerConfigKeys (ConfUtils.java:logGet(43)) - raft.server.rpc.timeout.min = 5s (custom)
2019-07-15 13:37:36,838 INFO  storage.RaftStorageDirectory (RaftStorageDirectory.java:analyzeStorage(246)) - The storage directory /workdir/hadoop-ozone/integration-test/target/test-dir/MiniOzoneClusterImpl-3bdcca17-6f75-4f0a-8f2e-46efe3af0bf5/datanode-6/data/ratis/c756c126-c5cf-46b3-8dfc-ee79dcc20932 does not exist. Creating ...
2019-07-15 13:37:36,838 INFO  server.RaftServerConfigKeys (ConfUtils.java:logGet(43)) - raft.server.rpc.timeout.max = 5200ms (custom)
2019-07-15 13:37:36,838 INFO  server.RaftServerConfigKeys (ConfUtils.java:logGet(43)) - raft.server.rpcslowness.timeout = 120s (custom)
2019-07-15 13:37:36,838 INFO  impl.RaftServerImpl (RaftServerImpl.java:<init>(93)) - e0c9f9b6-9d1a-4247-bc5c-170f3fac2efc: new RaftServerImpl for group-EE79DCC20932:[f5ca9b9d-1af1-400a-94de-7573d2301393:192.168.157.240:46405, c88185e4-a2d5-434a-b735-d68aed1754a6:192.168.157.240:45992, e0c9f9b6-9d1a-4247-bc5c-170f3fac2efc:192.168.157.240:42759] with ContainerStateMachine:uninitialized
2019-07-15 13:37:36,838 INFO  server.RaftServerConfigKeys (ConfUtils.java:logGet(43)) - raft.server.sleep.deviation.threshold = 300 (default)
2019-07-15 13:37:36,838 INFO  server.RaftServerConfigKeys (ConfUtils.java:logGet(43)) - raft.server.rpc.timeout.min = 5s (custom)
2019-07-15 13:37:36,839 INFO  server.RaftServerConfigKeys (ConfUtils.java:logGet(43)) - raft.server.log.appender.install.snapshot.enabled = false (custom)
2019-07-15 13:37:36,839 INFO  server.RaftServerConfigKeys (ConfUtils.java:logGet(43)) - raft.server.rpc.timeout.max = 5200ms (custom)
2019-07-15 13:37:36,839 INFO  impl.RaftServerImpl (ServerState.java:<init>(105)) - c88185e4-a2d5-434a-b735-d68aed1754a6:group-EE79DCC20932 ConfigurationManager, init=-1: [f5ca9b9d-1af1-400a-94de-7573d2301393:192.168.157.240:46405, c88185e4-a2d5-434a-b735-d68aed1754a6:192.168.157.240:45992, e0c9f9b6-9d1a-4247-bc5c-170f3fac2efc:192.168.157.240:42759], old=null, confs=<EMPTY_MAP>
2019-07-15 13:37:36,839 INFO  server.RaftServerConfigKeys (ConfUtils.java:logGet(43)) - raft.server.rpcslowness.timeout = 120s (custom)
2019-07-15 13:37:36,839 INFO  server.RaftServerConfigKeys (ConfUtils.java:logGet(43)) - raft.server.storage.dir = [/workdir/hadoop-ozone/integration-test/target/test-dir/MiniOzoneClusterImpl-3bdcca17-6f75-4f0a-8f2e-46efe3af0bf5/datanode-3/data/ratis] (custom)
2019-07-15 13:37:36,839 INFO  server.RaftServerConfigKeys (ConfUtils.java:logGet(43)) - raft.server.sleep.deviation.threshold = 300 (default)
2019-07-15 13:37:36,839 INFO  server.RaftServerConfigKeys (ConfUtils.java:logGet(43)) - raft.server.log.appender.install.snapshot.enabled = false (custom)
2019-07-15 13:37:36,840 INFO  storage.RaftStorageDirectory (RaftStorageDirectory.java:analyzeStorage(246)) - The storage directory /workdir/hadoop-ozone/integration-test/target/test-dir/MiniOzoneClusterImpl-3bdcca17-6f75-4f0a-8f2e-46efe3af0bf5/datanode-3/data/ratis/c756c126-c5cf-46b3-8dfc-ee79dcc20932 does not exist. Creating ...
2019-07-15 13:37:36,840 INFO  impl.RaftServerImpl (ServerState.java:<init>(105)) - e0c9f9b6-9d1a-4247-bc5c-170f3fac2efc:group-EE79DCC20932 ConfigurationManager, init=-1: [f5ca9b9d-1af1-400a-94de-7573d2301393:192.168.157.240:46405, c88185e4-a2d5-434a-b735-d68aed1754a6:192.168.157.240:45992, e0c9f9b6-9d1a-4247-bc5c-170f3fac2efc:192.168.157.240:42759], old=null, confs=<EMPTY_MAP>
2019-07-15 13:37:36,840 INFO  server.RaftServerConfigKeys (ConfUtils.java:logGet(43)) - raft.server.storage.dir = [/workdir/hadoop-ozone/integration-test/target/test-dir/MiniOzoneClusterImpl-3bdcca17-6f75-4f0a-8f2e-46efe3af0bf5/datanode-5/data/ratis] (custom)
2019-07-15 13:37:36,840 INFO  storage.RaftStorageDirectory (RaftStorageDirectory.java:analyzeStorage(246)) - The storage directory /workdir/hadoop-ozone/integration-test/target/test-dir/MiniOzoneClusterImpl-3bdcca17-6f75-4f0a-8f2e-46efe3af0bf5/datanode-5/data/ratis/c756c126-c5cf-46b3-8dfc-ee79dcc20932 does not exist. Creating ...
2019-07-15 13:37:36,863 INFO  storage.RaftStorageDirectory (RaftStorageDirectory.java:tryLock(328)) - Lock on /workdir/hadoop-ozone/integration-test/target/test-dir/MiniOzoneClusterImpl-3bdcca17-6f75-4f0a-8f2e-46efe3af0bf5/datanode-5/data/ratis/c756c126-c5cf-46b3-8dfc-ee79dcc20932/in_use.lock acquired by nodename 13128@trunk-nightly-hvlc9-701369690
2019-07-15 13:37:36,863 INFO  storage.RaftStorageDirectory (RaftStorageDirectory.java:tryLock(328)) - Lock on /workdir/hadoop-ozone/integration-test/target/test-dir/MiniOzoneClusterImpl-3bdcca17-6f75-4f0a-8f2e-46efe3af0bf5/datanode-3/data/ratis/c756c126-c5cf-46b3-8dfc-ee79dcc20932/in_use.lock acquired by nodename 13128@trunk-nightly-hvlc9-701369690
2019-07-15 13:37:36,863 INFO  storage.RaftStorageDirectory (RaftStorageDirectory.java:tryLock(328)) - Lock on /workdir/hadoop-ozone/integration-test/target/test-dir/MiniOzoneClusterImpl-3bdcca17-6f75-4f0a-8f2e-46efe3af0bf5/datanode-6/data/ratis/c756c126-c5cf-46b3-8dfc-ee79dcc20932/in_use.lock acquired by nodename 13128@trunk-nightly-hvlc9-701369690
2019-07-15 13:37:36,877 INFO  storage.RaftStorage (RaftStorage.java:format(72)) - Storage directory /workdir/hadoop-ozone/integration-test/target/test-dir/MiniOzoneClusterImpl-3bdcca17-6f75-4f0a-8f2e-46efe3af0bf5/datanode-6/data/ratis/c756c126-c5cf-46b3-8dfc-ee79dcc20932 has been successfully formatted.
2019-07-15 13:37:36,877 INFO  storage.RaftStorage (RaftStorage.java:format(72)) - Storage directory /workdir/hadoop-ozone/integration-test/target/test-dir/MiniOzoneClusterImpl-3bdcca17-6f75-4f0a-8f2e-46efe3af0bf5/datanode-3/data/ratis/c756c126-c5cf-46b3-8dfc-ee79dcc20932 has been successfully formatted.
2019-07-15 13:37:36,877 INFO  storage.RaftStorage (RaftStorage.java:format(72)) - Storage directory /workdir/hadoop-ozone/integration-test/target/test-dir/MiniOzoneClusterImpl-3bdcca17-6f75-4f0a-8f2e-46efe3af0bf5/datanode-5/data/ratis/c756c126-c5cf-46b3-8dfc-ee79dcc20932 has been successfully formatted.
2019-07-15 13:37:36,877 INFO  ratis.ContainerStateMachine (ContainerStateMachine.java:loadSnapshot(200)) - group-EE79DCC20932: The snapshot info is null. Setting the last applied indexto:(t:0, i:~)
2019-07-15 13:37:36,877 INFO  ratis.ContainerStateMachine (ContainerStateMachine.java:loadSnapshot(200)) - group-EE79DCC20932: The snapshot info is null. Setting the last applied indexto:(t:0, i:~)
2019-07-15 13:37:36,877 INFO  ratis.ContainerStateMachine (ContainerStateMachine.java:loadSnapshot(200)) - group-EE79DCC20932: The snapshot info is null. Setting the last applied indexto:(t:0, i:~)
2019-07-15 13:37:36,878 INFO  server.RaftServerConfigKeys (ConfUtils.java:logGet(43)) - raft.server.leader.election.timeout = 120s (custom)
2019-07-15 13:37:36,878 INFO  server.RaftServerConfigKeys (ConfUtils.java:logGet(43)) - raft.server.leader.election.timeout = 120s (custom)
2019-07-15 13:37:36,878 INFO  server.RaftServerConfigKeys (ConfUtils.java:logGet(43)) - raft.server.log.use.memory = false (default)
2019-07-15 13:37:36,878 INFO  server.RaftServerConfigKeys (ConfUtils.java:logGet(43)) - raft.server.leader.election.timeout = 120s (custom)
2019-07-15 13:37:36,878 INFO  server.RaftServerConfigKeys (ConfUtils.java:logGet(43)) - raft.server.log.purge.gap = 1000000000 (custom)
2019-07-15 13:37:36,878 INFO  server.RaftServerConfigKeys (ConfUtils.java:logGet(43)) - raft.server.log.use.memory = false (default)
2019-07-15 13:37:36,878 INFO  server.RaftServerConfigKeys (ConfUtils.java:logGet(43)) - raft.server.log.appender.buffer.byte-limit = 33554432 (custom)
2019-07-15 13:37:36,878 INFO  server.RaftServerConfigKeys (ConfUtils.java:logGet(43)) - raft.server.log.use.memory = false (default)
2019-07-15 13:37:36,879 INFO  server.RaftServerConfigKeys (ConfUtils.java:logGet(43)) - raft.server.log.segment.size.max = 1048576 (custom)
2019-07-15 13:37:36,879 INFO  server.RaftServerConfigKeys (ConfUtils.java:logGet(43)) - raft.server.log.purge.gap = 1000000000 (custom)
2019-07-15 13:37:36,879 INFO  server.RaftServerConfigKeys (ConfUtils.java:logGet(43)) - raft.server.log.segment.cache.num.max = 2 (custom)
2019-07-15 13:37:36,879 INFO  server.RaftServerConfigKeys (ConfUtils.java:logGet(43)) - raft.server.log.purge.gap = 1000000000 (custom)
2019-07-15 13:37:36,879 INFO  segmented.SegmentedRaftLogWorker (SegmentedRaftLogWorker.java:<init>(172)) - new e0c9f9b6-9d1a-4247-bc5c-170f3fac2efc-SegmentedRaftLogWorker:Storage Directory /workdir/hadoop-ozone/integration-test/target/test-dir/MiniOzoneClusterImpl-3bdcca17-6f75-4f0a-8f2e-46efe3af0bf5/datanode-5/data/ratis/c756c126-c5cf-46b3-8dfc-ee79dcc20932 for RaftStorage:Storage Directory /workdir/hadoop-ozone/integration-test/target/test-dir/MiniOzoneClusterImpl-3bdcca17-6f75-4f0a-8f2e-46efe3af0bf5/datanode-5/data/ratis/c756c126-c5cf-46b3-8dfc-ee79dcc20932
2019-07-15 13:37:36,879 INFO  server.RaftServerConfigKeys (ConfUtils.java:logGet(43)) - raft.server.log.appender.buffer.byte-limit = 33554432 (custom)
2019-07-15 13:37:36,880 INFO  server.RaftServerConfigKeys (ConfUtils.java:logGet(43)) - raft.server.log.queue.byte-limit = 2147483647 (custom)
2019-07-15 13:37:36,879 INFO  server.RaftServerConfigKeys (ConfUtils.java:logGet(43)) - raft.server.log.appender.buffer.byte-limit = 33554432 (custom)
2019-07-15 13:37:36,882 INFO  server.RaftServerConfigKeys (ConfUtils.java:logGet(43)) - raft.server.log.queue.element-limit = 1024 (custom)
2019-07-15 13:37:36,880 INFO  server.RaftServerConfigKeys (ConfUtils.java:logGet(43)) - raft.server.log.segment.size.max = 1048576 (custom)
2019-07-15 13:37:36,882 INFO  server.RaftServerConfigKeys (ConfUtils.java:logGet(43)) - raft.server.log.segment.size.max = 1048576 (custom)
2019-07-15 13:37:36,882 INFO  server.RaftServerConfigKeys (ConfUtils.java:logGet(43)) - raft.server.log.segment.size.max = 1048576 (custom)
2019-07-15 13:37:36,882 INFO  server.RaftServerConfigKeys (ConfUtils.java:logGet(43)) - raft.server.log.preallocated.size = 16384 (custom)
2019-07-15 13:37:36,882 INFO  server.RaftServerConfigKeys (ConfUtils.java:logGet(43)) - raft.server.log.segment.cache.num.max = 2 (custom)
2019-07-15 13:37:36,883 INFO  server.RaftServerConfigKeys (ConfUtils.java:logGet(43)) - raft.server.log.write.buffer.size = 33554432 (custom)
2019-07-15 13:37:36,883 INFO  server.RaftServerConfigKeys (ConfUtils.java:logGet(43)) - raft.server.log.segment.cache.num.max = 2 (custom)
2019-07-15 13:37:36,883 INFO  server.RaftServerConfigKeys (ConfUtils.java:logGet(43)) - raft.server.log.force.sync.num = 128 (default)
2019-07-15 13:37:36,883 INFO  segmented.SegmentedRaftLogWorker (SegmentedRaftLogWorker.java:<init>(172)) - new f5ca9b9d-1af1-400a-94de-7573d2301393-SegmentedRaftLogWorker:Storage Directory /workdir/hadoop-ozone/integration-test/target/test-dir/MiniOzoneClusterImpl-3bdcca17-6f75-4f0a-8f2e-46efe3af0bf5/datanode-6/data/ratis/c756c126-c5cf-46b3-8dfc-ee79dcc20932 for RaftStorage:Storage Directory /workdir/hadoop-ozone/integration-test/target/test-dir/MiniOzoneClusterImpl-3bdcca17-6f75-4f0a-8f2e-46efe3af0bf5/datanode-6/data/ratis/c756c126-c5cf-46b3-8dfc-ee79dcc20932
2019-07-15 13:37:36,884 INFO  server.RaftServerConfigKeys (ConfUtils.java:logGet(43)) - raft.server.log.statemachine.data.sync = true (default)
2019-07-15 13:37:36,883 INFO  segmented.SegmentedRaftLogWorker (SegmentedRaftLogWorker.java:<init>(172)) - new c88185e4-a2d5-434a-b735-d68aed1754a6-SegmentedRaftLogWorker:Storage Directory /workdir/hadoop-ozone/integration-test/target/test-dir/MiniOzoneClusterImpl-3bdcca17-6f75-4f0a-8f2e-46efe3af0bf5/datanode-3/data/ratis/c756c126-c5cf-46b3-8dfc-ee79dcc20932 for RaftStorage:Storage Directory /workdir/hadoop-ozone/integration-test/target/test-dir/MiniOzoneClusterImpl-3bdcca17-6f75-4f0a-8f2e-46efe3af0bf5/datanode-3/data/ratis/c756c126-c5cf-46b3-8dfc-ee79dcc20932
2019-07-15 13:37:36,886 INFO  server.RaftServerConfigKeys (ConfUtils.java:logGet(43)) - raft.server.log.statemachine.data.sync.timeout = 10s (default)
2019-07-15 13:37:36,884 INFO  server.RaftServerConfigKeys (ConfUtils.java:logGet(43)) - raft.server.log.queue.byte-limit = 2147483647 (custom)
2019-07-15 13:37:36,886 INFO  server.RaftServerConfigKeys (ConfUtils.java:logGet(43)) - raft.server.log.statemachine.data.sync.timeout.retry = -1 (default)
2019-07-15 13:37:36,886 INFO  server.RaftServerConfigKeys (ConfUtils.java:logGet(43)) - raft.server.log.queue.byte-limit = 2147483647 (custom)
2019-07-15 13:37:36,888 INFO  server.RaftServerConfigKeys (ConfUtils.java:logGet(43)) - raft.server.log.statemachine.data.caching.enabled = true (custom)
2019-07-15 13:37:36,888 INFO  server.RaftServerConfigKeys (ConfUtils.java:logGet(43)) - raft.server.log.queue.element-limit = 1024 (custom)
2019-07-15 13:37:36,889 INFO  server.RaftServerConfigKeys (ConfUtils.java:logGet(43)) - raft.server.log.queue.element-limit = 1024 (custom)
2019-07-15 13:37:36,889 INFO  server.RaftServerConfigKeys (ConfUtils.java:logGet(43)) - raft.server.log.segment.size.max = 1048576 (custom)
2019-07-15 13:37:36,889 INFO  segmented.SegmentedRaftLogWorker (SegmentedRaftLogWorker.java:lambda$new$0(132)) - e0c9f9b6-9d1a-4247-bc5c-170f3fac2efc-SegmentedRaftLogWorker:Storage Directory /workdir/hadoop-ozone/integration-test/target/test-dir/MiniOzoneClusterImpl-3bdcca17-6f75-4f0a-8f2e-46efe3af0bf5/datanode-5/data/ratis/c756c126-c5cf-46b3-8dfc-ee79dcc20932: flushIndex: setUnconditionally 0 -> -1
2019-07-15 13:37:36,889 INFO  server.RaftServerConfigKeys (ConfUtils.java:logGet(43)) - raft.server.log.preallocated.size = 16384 (custom)
2019-07-15 13:37:36,889 INFO  server.RaftServerConfigKeys (ConfUtils.java:logGet(43)) - raft.server.snapshot.auto.trigger.enabled = true (custom)
2019-07-15 13:37:36,889 INFO  server.RaftServerConfigKeys (ConfUtils.java:logGet(43)) - raft.server.log.segment.size.max = 1048576 (custom)
2019-07-15 13:37:36,890 INFO  server.RaftServerConfigKeys (ConfUtils.java:logGet(43)) - raft.server.snapshot.auto.trigger.threshold = 10000 (custom)
2019-07-15 13:37:36,890 INFO  server.RaftServerConfigKeys (ConfUtils.java:logGet(43)) - raft.server.log.write.buffer.size = 33554432 (custom)
2019-07-15 13:37:36,890 INFO  server.RaftServerConfigKeys (ConfUtils.java:logGet(43)) - raft.server.retrycache.expirytime = 600000ms (custom)
2019-07-15 13:37:36,890 INFO  server.RaftServerConfigKeys (ConfUtils.java:logGet(43)) - raft.server.log.preallocated.size = 16384 (custom)
2019-07-15 13:37:36,890 INFO  impl.RaftServerImpl (RaftServerImpl.java:start(180)) - e0c9f9b6-9d1a-4247-bc5c-170f3fac2efc: start group-EE79DCC20932
2019-07-15 13:37:36,891 INFO  impl.RaftServerImpl (RaftServerImpl.java:setRole(171)) - e0c9f9b6-9d1a-4247-bc5c-170f3fac2efc:group-EE79DCC20932 changes role from null to FOLLOWER at term 0 for startAsFollower
2019-07-15 13:37:36,890 INFO  server.RaftServerConfigKeys (ConfUtils.java:logGet(43)) - raft.server.log.force.sync.num = 128 (default)
2019-07-15 13:37:36,891 INFO  impl.RoleInfo (RoleInfo.java:updateAndGet(143)) - e0c9f9b6-9d1a-4247-bc5c-170f3fac2efc: start FollowerState
2019-07-15 13:37:36,890 INFO  server.RaftServerConfigKeys (ConfUtils.java:logGet(43)) - raft.server.log.write.buffer.size = 33554432 (custom)
2019-07-15 13:37:36,891 INFO  server.RaftServerConfigKeys (ConfUtils.java:logGet(43)) - raft.server.log.statemachine.data.sync = true (default)
2019-07-15 13:37:36,891 INFO  util.JmxRegister (JmxRegister.java:tryRegister(44)) - Successfully registered JMX Bean with object name Ratis:service=RaftServer,group=group-EE79DCC20932,id=e0c9f9b6-9d1a-4247-bc5c-170f3fac2efc
2019-07-15 13:37:36,891 INFO  server.RaftServerConfigKeys (ConfUtils.java:logGet(43)) - raft.server.log.force.sync.num = 128 (default)
2019-07-15 13:37:36,891 INFO  server.RaftServerConfigKeys (ConfUtils.java:logGet(43)) - raft.server.log.statemachine.data.sync.timeout = 10s (default)
2019-07-15 13:37:36,892 INFO  server.RaftServerConfigKeys (ConfUtils.java:logGet(43)) - raft.server.log.statemachine.data.sync = true (default)
2019-07-15 13:37:36,892 INFO  server.RaftServerConfigKeys (ConfUtils.java:logGet(43)) - raft.server.log.statemachine.data.sync.timeout.retry = -1 (default)
2019-07-15 13:37:36,892 INFO  server.RaftServerConfigKeys (ConfUtils.java:logGet(43)) - raft.server.log.statemachine.data.sync.timeout = 10s (default)
2019-07-15 13:37:36,892 INFO  server.RaftServerConfigKeys (ConfUtils.java:logGet(43)) - raft.server.log.statemachine.data.caching.enabled = true (custom)
2019-07-15 13:37:36,892 INFO  server.RaftServerConfigKeys (ConfUtils.java:logGet(43)) - raft.server.log.statemachine.data.sync.timeout.retry = -1 (default)
2019-07-15 13:37:36,893 INFO  segmented.SegmentedRaftLogWorker (SegmentedRaftLogWorker.java:lambda$new$0(132)) - f5ca9b9d-1af1-400a-94de-7573d2301393-SegmentedRaftLogWorker:Storage Directory /workdir/hadoop-ozone/integration-test/target/test-dir/MiniOzoneClusterImpl-3bdcca17-6f75-4f0a-8f2e-46efe3af0bf5/datanode-6/data/ratis/c756c126-c5cf-46b3-8dfc-ee79dcc20932: flushIndex: setUnconditionally 0 -> -1
2019-07-15 13:37:36,893 INFO  server.RaftServerConfigKeys (ConfUtils.java:logGet(43)) - raft.server.log.statemachine.data.caching.enabled = true (custom)
2019-07-15 13:37:36,893 INFO  server.RaftServerConfigKeys (ConfUtils.java:logGet(43)) - raft.server.snapshot.auto.trigger.enabled = true (custom)
2019-07-15 13:37:36,893 INFO  server.RaftServerConfigKeys (ConfUtils.java:logGet(43)) - raft.server.snapshot.auto.trigger.threshold = 10000 (custom)
2019-07-15 13:37:36,893 INFO  segmented.SegmentedRaftLogWorker (SegmentedRaftLogWorker.java:lambda$new$0(132)) - c88185e4-a2d5-434a-b735-d68aed1754a6-SegmentedRaftLogWorker:Storage Directory /workdir/hadoop-ozone/integration-test/target/test-dir/MiniOzoneClusterImpl-3bdcca17-6f75-4f0a-8f2e-46efe3af0bf5/datanode-3/data/ratis/c756c126-c5cf-46b3-8dfc-ee79dcc20932: flushIndex: setUnconditionally 0 -> -1
2019-07-15 13:37:36,893 INFO  server.RaftServerConfigKeys (ConfUtils.java:logGet(43)) - raft.server.retrycache.expirytime = 600000ms (custom)
2019-07-15 13:37:36,894 INFO  server.RaftServerConfigKeys (ConfUtils.java:logGet(43)) - raft.server.snapshot.auto.trigger.enabled = true (custom)
2019-07-15 13:37:36,894 INFO  impl.RaftServerImpl (RaftServerImpl.java:start(180)) - f5ca9b9d-1af1-400a-94de-7573d2301393: start group-EE79DCC20932
2019-07-15 13:37:36,896 INFO  server.RaftServerConfigKeys (ConfUtils.java:logGet(43)) - raft.server.snapshot.auto.trigger.threshold = 10000 (custom)
2019-07-15 13:37:36,896 INFO  impl.RaftServerImpl (RaftServerImpl.java:setRole(171)) - f5ca9b9d-1af1-400a-94de-7573d2301393:group-EE79DCC20932 changes role from null to FOLLOWER at term 0 for startAsFollower
2019-07-15 13:37:36,896 INFO  server.RaftServerConfigKeys (ConfUtils.java:logGet(43)) - raft.server.retrycache.expirytime = 600000ms (custom)
2019-07-15 13:37:36,896 INFO  impl.RoleInfo (RoleInfo.java:updateAndGet(143)) - f5ca9b9d-1af1-400a-94de-7573d2301393: start FollowerState
2019-07-15 13:37:36,898 INFO  impl.RaftServerImpl (RaftServerImpl.java:start(180)) - c88185e4-a2d5-434a-b735-d68aed1754a6: start group-EE79DCC20932
2019-07-15 13:37:36,900 INFO  impl.RaftServerImpl (RaftServerImpl.java:setRole(171)) - c88185e4-a2d5-434a-b735-d68aed1754a6:group-EE79DCC20932 changes role from null to FOLLOWER at term 0 for startAsFollower
2019-07-15 13:37:36,900 INFO  util.JmxRegister (JmxRegister.java:tryRegister(44)) - Successfully registered JMX Bean with object name Ratis:service=RaftServer,group=group-EE79DCC20932,id=f5ca9b9d-1af1-400a-94de-7573d2301393
2019-07-15 13:37:36,900 INFO  impl.RoleInfo (RoleInfo.java:updateAndGet(143)) - c88185e4-a2d5-434a-b735-d68aed1754a6: start FollowerState
2019-07-15 13:37:36,901 INFO  util.JmxRegister (JmxRegister.java:tryRegister(44)) - Successfully registered JMX Bean with object name Ratis:service=RaftServer,group=group-EE79DCC20932,id=c88185e4-a2d5-434a-b735-d68aed1754a6
2019-07-15 13:37:36,917 INFO  pipeline.PipelineStateManager (PipelineStateManager.java:addPipeline(56)) - Created pipeline Pipeline[ Id: c756c126-c5cf-46b3-8dfc-ee79dcc20932, Nodes: e0c9f9b6-9d1a-4247-bc5c-170f3fac2efc{ip: 192.168.157.240, host: trunk-nightly-hvlc9-701369690, networkLocation: /default-rack, certSerialId: null}f5ca9b9d-1af1-400a-94de-7573d2301393{ip: 192.168.157.240, host: trunk-nightly-hvlc9-701369690, networkLocation: /default-rack, certSerialId: null}c88185e4-a2d5-434a-b735-d68aed1754a6{ip: 192.168.157.240, host: trunk-nightly-hvlc9-701369690, networkLocation: /default-rack, certSerialId: null}, Type:RATIS, Factor:THREE, State:OPEN]
2019-07-15 13:37:36,958 INFO  impl.RaftServerProxy (RaftServerProxy.java:addNew(89)) - 4ebd7f08-bd7b-439e-85cf-52ad3e3612cd: addNew group-CF6496CE4E18:[ee1dd91a-99f6-4721-8250-5a9babfe01b8:192.168.157.240:39241, 4ebd7f08-bd7b-439e-85cf-52ad3e3612cd:192.168.157.240:34713, 425f8c08-d6d6-4014-b7a8-0a9aff5e72f3:192.168.157.240:45285] returns group-CF6496CE4E18:java.util.concurrent.CompletableFuture@13051aa2[Not completed]
2019-07-15 13:37:36,958 INFO  impl.RaftServerProxy (RaftServerProxy.java:addNew(89)) - 425f8c08-d6d6-4014-b7a8-0a9aff5e72f3: addNew group-CF6496CE4E18:[ee1dd91a-99f6-4721-8250-5a9babfe01b8:192.168.157.240:39241, 4ebd7f08-bd7b-439e-85cf-52ad3e3612cd:192.168.157.240:34713, 425f8c08-d6d6-4014-b7a8-0a9aff5e72f3:192.168.157.240:45285] returns group-CF6496CE4E18:java.util.concurrent.CompletableFuture@5c7afedb[Not completed]
2019-07-15 13:37:36,962 INFO  impl.RaftServerProxy (RaftServerProxy.java:addNew(89)) - ee1dd91a-99f6-4721-8250-5a9babfe01b8: addNew group-CF6496CE4E18:[ee1dd91a-99f6-4721-8250-5a9babfe01b8:192.168.157.240:39241, 4ebd7f08-bd7b-439e-85cf-52ad3e3612cd:192.168.157.240:34713, 425f8c08-d6d6-4014-b7a8-0a9aff5e72f3:192.168.157.240:45285] returns group-CF6496CE4E18:java.util.concurrent.CompletableFuture@3b854d35[Not completed]
2019-07-15 13:37:36,963 INFO  impl.RaftServerImpl (RaftServerImpl.java:<init>(93)) - 4ebd7f08-bd7b-439e-85cf-52ad3e3612cd: new RaftServerImpl for group-CF6496CE4E18:[ee1dd91a-99f6-4721-8250-5a9babfe01b8:192.168.157.240:39241, 4ebd7f08-bd7b-439e-85cf-52ad3e3612cd:192.168.157.240:34713, 425f8c08-d6d6-4014-b7a8-0a9aff5e72f3:192.168.157.240:45285] with ContainerStateMachine:uninitialized
2019-07-15 13:37:36,963 INFO  server.RaftServerConfigKeys (ConfUtils.java:logGet(43)) - raft.server.rpc.timeout.min = 5s (custom)
2019-07-15 13:37:36,963 INFO  server.RaftServerConfigKeys (ConfUtils.java:logGet(43)) - raft.server.rpc.timeout.max = 5200ms (custom)
2019-07-15 13:37:36,963 INFO  server.RaftServerConfigKeys (ConfUtils.java:logGet(43)) - raft.server.rpcslowness.timeout = 120s (custom)
2019-07-15 13:37:36,963 INFO  server.RaftServerConfigKeys (ConfUtils.java:logGet(43)) - raft.server.sleep.deviation.threshold = 300 (default)
2019-07-15 13:37:36,964 INFO  server.RaftServerConfigKeys (ConfUtils.java:logGet(43)) - raft.server.log.appender.install.snapshot.enabled = false (custom)
2019-07-15 13:37:36,964 INFO  impl.RaftServerImpl (RaftServerImpl.java:<init>(93)) - ee1dd91a-99f6-4721-8250-5a9babfe01b8: new RaftServerImpl for group-CF6496CE4E18:[ee1dd91a-99f6-4721-8250-5a9babfe01b8:192.168.157.240:39241, 4ebd7f08-bd7b-439e-85cf-52ad3e3612cd:192.168.157.240:34713, 425f8c08-d6d6-4014-b7a8-0a9aff5e72f3:192.168.157.240:45285] with ContainerStateMachine:uninitialized
2019-07-15 13:37:36,964 INFO  impl.RaftServerImpl (ServerState.java:<init>(105)) - 4ebd7f08-bd7b-439e-85cf-52ad3e3612cd:group-CF6496CE4E18 ConfigurationManager, init=-1: [ee1dd91a-99f6-4721-8250-5a9babfe01b8:192.168.157.240:39241, 4ebd7f08-bd7b-439e-85cf-52ad3e3612cd:192.168.157.240:34713, 425f8c08-d6d6-4014-b7a8-0a9aff5e72f3:192.168.157.240:45285], old=null, confs=<EMPTY_MAP>
2019-07-15 13:37:36,964 INFO  server.RaftServerConfigKeys (ConfUtils.java:logGet(43)) - raft.server.rpc.timeout.min = 5s (custom)
2019-07-15 13:37:36,964 INFO  server.RaftServerConfigKeys (ConfUtils.java:logGet(43)) - raft.server.storage.dir = [/workdir/hadoop-ozone/integration-test/target/test-dir/MiniOzoneClusterImpl-3bdcca17-6f75-4f0a-8f2e-46efe3af0bf5/datanode-1/data/ratis] (custom)
2019-07-15 13:37:36,964 INFO  server.RaftServerConfigKeys (ConfUtils.java:logGet(43)) - raft.server.rpc.timeout.max = 5200ms (custom)
2019-07-15 13:37:36,964 INFO  server.RaftServerConfigKeys (ConfUtils.java:logGet(43)) - raft.server.rpcslowness.timeout = 120s (custom)
2019-07-15 13:37:36,965 INFO  storage.RaftStorageDirectory (RaftStorageDirectory.java:analyzeStorage(246)) - The storage directory /workdir/hadoop-ozone/integration-test/target/test-dir/MiniOzoneClusterImpl-3bdcca17-6f75-4f0a-8f2e-46efe3af0bf5/datanode-1/data/ratis/7b20e572-ed3b-46ff-9ad4-cf6496ce4e18 does not exist. Creating ...
2019-07-15 13:37:36,965 INFO  impl.RaftServerImpl (RaftServerImpl.java:<init>(93)) - 425f8c08-d6d6-4014-b7a8-0a9aff5e72f3: new RaftServerImpl for group-CF6496CE4E18:[ee1dd91a-99f6-4721-8250-5a9babfe01b8:192.168.157.240:39241, 4ebd7f08-bd7b-439e-85cf-52ad3e3612cd:192.168.157.240:34713, 425f8c08-d6d6-4014-b7a8-0a9aff5e72f3:192.168.157.240:45285] with ContainerStateMachine:uninitialized
2019-07-15 13:37:36,965 INFO  server.RaftServerConfigKeys (ConfUtils.java:logGet(43)) - raft.server.sleep.deviation.threshold = 300 (default)
2019-07-15 13:37:36,965 INFO  server.RaftServerConfigKeys (ConfUtils.java:logGet(43)) - raft.server.rpc.timeout.min = 5s (custom)
2019-07-15 13:37:36,965 INFO  server.RaftServerConfigKeys (ConfUtils.java:logGet(43)) - raft.server.log.appender.install.snapshot.enabled = false (custom)
2019-07-15 13:37:36,965 INFO  server.RaftServerConfigKeys (ConfUtils.java:logGet(43)) - raft.server.rpc.timeout.max = 5200ms (custom)
2019-07-15 13:37:36,965 INFO  impl.RaftServerImpl (ServerState.java:<init>(105)) - ee1dd91a-99f6-4721-8250-5a9babfe01b8:group-CF6496CE4E18 ConfigurationManager, init=-1: [ee1dd91a-99f6-4721-8250-5a9babfe01b8:192.168.157.240:39241, 4ebd7f08-bd7b-439e-85cf-52ad3e3612cd:192.168.157.240:34713, 425f8c08-d6d6-4014-b7a8-0a9aff5e72f3:192.168.157.240:45285], old=null, confs=<EMPTY_MAP>
2019-07-15 13:37:36,965 INFO  server.RaftServerConfigKeys (ConfUtils.java:logGet(43)) - raft.server.rpcslowness.timeout = 120s (custom)
2019-07-15 13:37:36,966 INFO  server.RaftServerConfigKeys (ConfUtils.java:logGet(43)) - raft.server.storage.dir = [/workdir/hadoop-ozone/integration-test/target/test-dir/MiniOzoneClusterImpl-3bdcca17-6f75-4f0a-8f2e-46efe3af0bf5/datanode-2/data/ratis] (custom)
2019-07-15 13:37:36,966 INFO  server.RaftServerConfigKeys (ConfUtils.java:logGet(43)) - raft.server.sleep.deviation.threshold = 300 (default)
2019-07-15 13:37:36,966 INFO  server.RaftServerConfigKeys (ConfUtils.java:logGet(43)) - raft.server.log.appender.install.snapshot.enabled = false (custom)
2019-07-15 13:37:36,966 INFO  storage.RaftStorageDirectory (RaftStorageDirectory.java:analyzeStorage(246)) - The storage directory /workdir/hadoop-ozone/integration-test/target/test-dir/MiniOzoneClusterImpl-3bdcca17-6f75-4f0a-8f2e-46efe3af0bf5/datanode-2/data/ratis/7b20e572-ed3b-46ff-9ad4-cf6496ce4e18 does not exist. Creating ...
2019-07-15 13:37:36,966 INFO  impl.RaftServerImpl (ServerState.java:<init>(105)) - 425f8c08-d6d6-4014-b7a8-0a9aff5e72f3:group-CF6496CE4E18 ConfigurationManager, init=-1: [ee1dd91a-99f6-4721-8250-5a9babfe01b8:192.168.157.240:39241, 4ebd7f08-bd7b-439e-85cf-52ad3e3612cd:192.168.157.240:34713, 425f8c08-d6d6-4014-b7a8-0a9aff5e72f3:192.168.157.240:45285], old=null, confs=<EMPTY_MAP>
2019-07-15 13:37:36,967 INFO  server.RaftServerConfigKeys (ConfUtils.java:logGet(43)) - raft.server.storage.dir = [/workdir/hadoop-ozone/integration-test/target/test-dir/MiniOzoneClusterImpl-3bdcca17-6f75-4f0a-8f2e-46efe3af0bf5/datanode-0/data/ratis] (custom)
2019-07-15 13:37:36,967 INFO  storage.RaftStorageDirectory (RaftStorageDirectory.java:analyzeStorage(246)) - The storage directory /workdir/hadoop-ozone/integration-test/target/test-dir/MiniOzoneClusterImpl-3bdcca17-6f75-4f0a-8f2e-46efe3af0bf5/datanode-0/data/ratis/7b20e572-ed3b-46ff-9ad4-cf6496ce4e18 does not exist. Creating ...
2019-07-15 13:37:36,981 INFO  storage.RaftStorageDirectory (RaftStorageDirectory.java:tryLock(328)) - Lock on /workdir/hadoop-ozone/integration-test/target/test-dir/MiniOzoneClusterImpl-3bdcca17-6f75-4f0a-8f2e-46efe3af0bf5/datanode-2/data/ratis/7b20e572-ed3b-46ff-9ad4-cf6496ce4e18/in_use.lock acquired by nodename 13128@trunk-nightly-hvlc9-701369690
2019-07-15 13:37:36,981 INFO  storage.RaftStorageDirectory (RaftStorageDirectory.java:tryLock(328)) - Lock on /workdir/hadoop-ozone/integration-test/target/test-dir/MiniOzoneClusterImpl-3bdcca17-6f75-4f0a-8f2e-46efe3af0bf5/datanode-1/data/ratis/7b20e572-ed3b-46ff-9ad4-cf6496ce4e18/in_use.lock acquired by nodename 13128@trunk-nightly-hvlc9-701369690
2019-07-15 13:37:36,981 INFO  storage.RaftStorageDirectory (RaftStorageDirectory.java:tryLock(328)) - Lock on /workdir/hadoop-ozone/integration-test/target/test-dir/MiniOzoneClusterImpl-3bdcca17-6f75-4f0a-8f2e-46efe3af0bf5/datanode-0/data/ratis/7b20e572-ed3b-46ff-9ad4-cf6496ce4e18/in_use.lock acquired by nodename 13128@trunk-nightly-hvlc9-701369690
2019-07-15 13:37:37,007 INFO  storage.RaftStorage (RaftStorage.java:format(72)) - Storage directory /workdir/hadoop-ozone/integration-test/target/test-dir/MiniOzoneClusterImpl-3bdcca17-6f75-4f0a-8f2e-46efe3af0bf5/datanode-0/data/ratis/7b20e572-ed3b-46ff-9ad4-cf6496ce4e18 has been successfully formatted.
2019-07-15 13:37:37,007 INFO  storage.RaftStorage (RaftStorage.java:format(72)) - Storage directory /workdir/hadoop-ozone/integration-test/target/test-dir/MiniOzoneClusterImpl-3bdcca17-6f75-4f0a-8f2e-46efe3af0bf5/datanode-2/data/ratis/7b20e572-ed3b-46ff-9ad4-cf6496ce4e18 has been successfully formatted.
2019-07-15 13:37:37,007 INFO  storage.RaftStorage (RaftStorage.java:format(72)) - Storage directory /workdir/hadoop-ozone/integration-test/target/test-dir/MiniOzoneClusterImpl-3bdcca17-6f75-4f0a-8f2e-46efe3af0bf5/datanode-1/data/ratis/7b20e572-ed3b-46ff-9ad4-cf6496ce4e18 has been successfully formatted.
2019-07-15 13:37:37,007 INFO  ratis.ContainerStateMachine (ContainerStateMachine.java:loadSnapshot(200)) - group-CF6496CE4E18: The snapshot info is null. Setting the last applied indexto:(t:0, i:~)
2019-07-15 13:37:37,007 INFO  ratis.ContainerStateMachine (ContainerStateMachine.java:loadSnapshot(200)) - group-CF6496CE4E18: The snapshot info is null. Setting the last applied indexto:(t:0, i:~)
2019-07-15 13:37:37,008 INFO  server.RaftServerConfigKeys (ConfUtils.java:logGet(43)) - raft.server.leader.election.timeout = 120s (custom)
2019-07-15 13:37:37,008 INFO  ratis.ContainerStateMachine (ContainerStateMachine.java:loadSnapshot(200)) - group-CF6496CE4E18: The snapshot info is null. Setting the last applied indexto:(t:0, i:~)
2019-07-15 13:37:37,008 INFO  server.RaftServerConfigKeys (ConfUtils.java:logGet(43)) - raft.server.log.use.memory = false (default)
2019-07-15 13:37:37,008 INFO  server.RaftServerConfigKeys (ConfUtils.java:logGet(43)) - raft.server.leader.election.timeout = 120s (custom)
2019-07-15 13:37:37,008 INFO  server.RaftServerConfigKeys (ConfUtils.java:logGet(43)) - raft.server.log.purge.gap = 1000000000 (custom)
2019-07-15 13:37:37,008 INFO  server.RaftServerConfigKeys (ConfUtils.java:logGet(43)) - raft.server.leader.election.timeout = 120s (custom)
2019-07-15 13:37:37,009 INFO  server.RaftServerConfigKeys (ConfUtils.java:logGet(43)) - raft.server.log.appender.buffer.byte-limit = 33554432 (custom)
2019-07-15 13:37:37,008 INFO  server.RaftServerConfigKeys (ConfUtils.java:logGet(43)) - raft.server.log.use.memory = false (default)
2019-07-15 13:37:37,009 INFO  server.RaftServerConfigKeys (ConfUtils.java:logGet(43)) - raft.server.log.segment.size.max = 1048576 (custom)
2019-07-15 13:37:37,009 INFO  server.RaftServerConfigKeys (ConfUtils.java:logGet(43)) - raft.server.log.use.memory = false (default)
2019-07-15 13:37:37,009 INFO  server.RaftServerConfigKeys (ConfUtils.java:logGet(43)) - raft.server.log.segment.cache.num.max = 2 (custom)
2019-07-15 13:37:37,009 INFO  server.RaftServerConfigKeys (ConfUtils.java:logGet(43)) - raft.server.log.purge.gap = 1000000000 (custom)
2019-07-15 13:37:37,010 INFO  segmented.SegmentedRaftLogWorker (SegmentedRaftLogWorker.java:<init>(172)) - new ee1dd91a-99f6-4721-8250-5a9babfe01b8-SegmentedRaftLogWorker:Storage Directory /workdir/hadoop-ozone/integration-test/target/test-dir/MiniOzoneClusterImpl-3bdcca17-6f75-4f0a-8f2e-46efe3af0bf5/datanode-2/data/ratis/7b20e572-ed3b-46ff-9ad4-cf6496ce4e18 for RaftStorage:Storage Directory /workdir/hadoop-ozone/integration-test/target/test-dir/MiniOzoneClusterImpl-3bdcca17-6f75-4f0a-8f2e-46efe3af0bf5/datanode-2/data/ratis/7b20e572-ed3b-46ff-9ad4-cf6496ce4e18
2019-07-15 13:37:37,009 INFO  server.RaftServerConfigKeys (ConfUtils.java:logGet(43)) - raft.server.log.purge.gap = 1000000000 (custom)
2019-07-15 13:37:37,010 INFO  server.RaftServerConfigKeys (ConfUtils.java:logGet(43)) - raft.server.log.queue.byte-limit = 2147483647 (custom)
2019-07-15 13:37:37,010 INFO  server.RaftServerConfigKeys (ConfUtils.java:logGet(43)) - raft.server.log.appender.buffer.byte-limit = 33554432 (custom)
2019-07-15 13:37:37,013 INFO  server.RaftServerConfigKeys (ConfUtils.java:logGet(43)) - raft.server.log.queue.element-limit = 1024 (custom)
2019-07-15 13:37:37,010 INFO  server.RaftServerConfigKeys (ConfUtils.java:logGet(43)) - raft.server.log.appender.buffer.byte-limit = 33554432 (custom)
2019-07-15 13:37:37,014 INFO  server.RaftServerConfigKeys (ConfUtils.java:logGet(43)) - raft.server.log.segment.size.max = 1048576 (custom)
2019-07-15 13:37:37,013 INFO  server.RaftServerConfigKeys (ConfUtils.java:logGet(43)) - raft.server.log.segment.size.max = 1048576 (custom)
2019-07-15 13:37:37,014 INFO  server.RaftServerConfigKeys (ConfUtils.java:logGet(43)) - raft.server.log.preallocated.size = 16384 (custom)
2019-07-15 13:37:37,014 INFO  server.RaftServerConfigKeys (ConfUtils.java:logGet(43)) - raft.server.log.segment.size.max = 1048576 (custom)
2019-07-15 13:37:37,014 INFO  server.RaftServerConfigKeys (ConfUtils.java:logGet(43)) - raft.server.log.write.buffer.size = 33554432 (custom)
2019-07-15 13:37:37,014 INFO  server.RaftServerConfigKeys (ConfUtils.java:logGet(43)) - raft.server.log.segment.cache.num.max = 2 (custom)
2019-07-15 13:37:37,015 INFO  server.RaftServerConfigKeys (ConfUtils.java:logGet(43)) - raft.server.log.force.sync.num = 128 (default)
2019-07-15 13:37:37,014 INFO  server.RaftServerConfigKeys (ConfUtils.java:logGet(43)) - raft.server.log.segment.cache.num.max = 2 (custom)
2019-07-15 13:37:37,015 INFO  server.RaftServerConfigKeys (ConfUtils.java:logGet(43)) - raft.server.log.statemachine.data.sync = true (default)
2019-07-15 13:37:37,015 INFO  segmented.SegmentedRaftLogWorker (SegmentedRaftLogWorker.java:<init>(172)) - new 425f8c08-d6d6-4014-b7a8-0a9aff5e72f3-SegmentedRaftLogWorker:Storage Directory /workdir/hadoop-ozone/integration-test/target/test-dir/MiniOzoneClusterImpl-3bdcca17-6f75-4f0a-8f2e-46efe3af0bf5/datanode-0/data/ratis/7b20e572-ed3b-46ff-9ad4-cf6496ce4e18 for RaftStorage:Storage Directory /workdir/hadoop-ozone/integration-test/target/test-dir/MiniOzoneClusterImpl-3bdcca17-6f75-4f0a-8f2e-46efe3af0bf5/datanode-0/data/ratis/7b20e572-ed3b-46ff-9ad4-cf6496ce4e18
2019-07-15 13:37:37,015 INFO  server.RaftServerConfigKeys (ConfUtils.java:logGet(43)) - raft.server.log.statemachine.data.sync.timeout = 10s (default)
2019-07-15 13:37:37,015 INFO  segmented.SegmentedRaftLogWorker (SegmentedRaftLogWorker.java:<init>(172)) - new 4ebd7f08-bd7b-439e-85cf-52ad3e3612cd-SegmentedRaftLogWorker:Storage Directory /workdir/hadoop-ozone/integration-test/target/test-dir/MiniOzoneClusterImpl-3bdcca17-6f75-4f0a-8f2e-46efe3af0bf5/datanode-1/data/ratis/7b20e572-ed3b-46ff-9ad4-cf6496ce4e18 for RaftStorage:Storage Directory /workdir/hadoop-ozone/integration-test/target/test-dir/MiniOzoneClusterImpl-3bdcca17-6f75-4f0a-8f2e-46efe3af0bf5/datanode-1/data/ratis/7b20e572-ed3b-46ff-9ad4-cf6496ce4e18
2019-07-15 13:37:37,016 INFO  server.RaftServerConfigKeys (ConfUtils.java:logGet(43)) - raft.server.log.statemachine.data.sync.timeout.retry = -1 (default)
2019-07-15 13:37:37,016 INFO  server.RaftServerConfigKeys (ConfUtils.java:logGet(43)) - raft.server.log.queue.byte-limit = 2147483647 (custom)
2019-07-15 13:37:37,020 INFO  server.RaftServerConfigKeys (ConfUtils.java:logGet(43)) - raft.server.log.statemachine.data.caching.enabled = true (custom)
2019-07-15 13:37:37,018 INFO  server.RaftServerConfigKeys (ConfUtils.java:logGet(43)) - raft.server.log.queue.byte-limit = 2147483647 (custom)
2019-07-15 13:37:37,020 INFO  server.RaftServerConfigKeys (ConfUtils.java:logGet(43)) - raft.server.log.queue.element-limit = 1024 (custom)
2019-07-15 13:37:37,021 INFO  server.RaftServerConfigKeys (ConfUtils.java:logGet(43)) - raft.server.log.queue.element-limit = 1024 (custom)
2019-07-15 13:37:37,020 INFO  segmented.SegmentedRaftLogWorker (SegmentedRaftLogWorker.java:lambda$new$0(132)) - ee1dd91a-99f6-4721-8250-5a9babfe01b8-SegmentedRaftLogWorker:Storage Directory /workdir/hadoop-ozone/integration-test/target/test-dir/MiniOzoneClusterImpl-3bdcca17-6f75-4f0a-8f2e-46efe3af0bf5/datanode-2/data/ratis/7b20e572-ed3b-46ff-9ad4-cf6496ce4e18: flushIndex: setUnconditionally 0 -> -1
2019-07-15 13:37:37,021 INFO  server.RaftServerConfigKeys (ConfUtils.java:logGet(43)) - raft.server.log.segment.size.max = 1048576 (custom)
2019-07-15 13:37:37,021 INFO  server.RaftServerConfigKeys (ConfUtils.java:logGet(43)) - raft.server.log.segment.size.max = 1048576 (custom)
2019-07-15 13:37:37,021 INFO  server.RaftServerConfigKeys (ConfUtils.java:logGet(43)) - raft.server.snapshot.auto.trigger.enabled = true (custom)
2019-07-15 13:37:37,021 INFO  server.RaftServerConfigKeys (ConfUtils.java:logGet(43)) - raft.server.log.preallocated.size = 16384 (custom)
2019-07-15 13:37:37,021 INFO  server.RaftServerConfigKeys (ConfUtils.java:logGet(43)) - raft.server.snapshot.auto.trigger.threshold = 10000 (custom)
2019-07-15 13:37:37,021 INFO  server.RaftServerConfigKeys (ConfUtils.java:logGet(43)) - raft.server.log.preallocated.size = 16384 (custom)
2019-07-15 13:37:37,022 INFO  server.RaftServerConfigKeys (ConfUtils.java:logGet(43)) - raft.server.retrycache.expirytime = 600000ms (custom)
2019-07-15 13:37:37,022 INFO  server.RaftServerConfigKeys (ConfUtils.java:logGet(43)) - raft.server.log.write.buffer.size = 33554432 (custom)
2019-07-15 13:37:37,022 INFO  impl.RaftServerImpl (RaftServerImpl.java:start(180)) - ee1dd91a-99f6-4721-8250-5a9babfe01b8: start group-CF6496CE4E18
2019-07-15 13:37:37,023 INFO  impl.RaftServerImpl (RaftServerImpl.java:setRole(171)) - ee1dd91a-99f6-4721-8250-5a9babfe01b8:group-CF6496CE4E18 changes role from null to FOLLOWER at term 0 for startAsFollower
2019-07-15 13:37:37,022 INFO  server.RaftServerConfigKeys (ConfUtils.java:logGet(43)) - raft.server.log.write.buffer.size = 33554432 (custom)
2019-07-15 13:37:37,023 INFO  impl.RoleInfo (RoleInfo.java:updateAndGet(143)) - ee1dd91a-99f6-4721-8250-5a9babfe01b8: start FollowerState
2019-07-15 13:37:37,022 INFO  server.RaftServerConfigKeys (ConfUtils.java:logGet(43)) - raft.server.log.force.sync.num = 128 (default)
2019-07-15 13:37:37,023 INFO  server.RaftServerConfigKeys (ConfUtils.java:logGet(43)) - raft.server.log.force.sync.num = 128 (default)
2019-07-15 13:37:37,023 INFO  util.JmxRegister (JmxRegister.java:tryRegister(44)) - Successfully registered JMX Bean with object name Ratis:service=RaftServer,group=group-CF6496CE4E18,id=ee1dd91a-99f6-4721-8250-5a9babfe01b8
2019-07-15 13:37:37,023 INFO  server.RaftServerConfigKeys (ConfUtils.java:logGet(43)) - raft.server.log.statemachine.data.sync = true (default)
2019-07-15 13:37:37,023 INFO  server.RaftServerConfigKeys (ConfUtils.java:logGet(43)) - raft.server.log.statemachine.data.sync = true (default)
2019-07-15 13:37:37,024 INFO  server.RaftServerConfigKeys (ConfUtils.java:logGet(43)) - raft.server.log.statemachine.data.sync.timeout = 10s (default)
2019-07-15 13:37:37,024 INFO  server.RaftServerConfigKeys (ConfUtils.java:logGet(43)) - raft.server.log.statemachine.data.sync.timeout = 10s (default)
2019-07-15 13:37:37,024 INFO  server.RaftServerConfigKeys (ConfUtils.java:logGet(43)) - raft.server.log.statemachine.data.sync.timeout.retry = -1 (default)
2019-07-15 13:37:37,024 INFO  server.RaftServerConfigKeys (ConfUtils.java:logGet(43)) - raft.server.log.statemachine.data.sync.timeout.retry = -1 (default)
2019-07-15 13:37:37,025 INFO  server.RaftServerConfigKeys (ConfUtils.java:logGet(43)) - raft.server.log.statemachine.data.caching.enabled = true (custom)
2019-07-15 13:37:37,025 INFO  server.RaftServerConfigKeys (ConfUtils.java:logGet(43)) - raft.server.log.statemachine.data.caching.enabled = true (custom)
2019-07-15 13:37:37,025 INFO  segmented.SegmentedRaftLogWorker (SegmentedRaftLogWorker.java:lambda$new$0(132)) - 4ebd7f08-bd7b-439e-85cf-52ad3e3612cd-SegmentedRaftLogWorker:Storage Directory /workdir/hadoop-ozone/integration-test/target/test-dir/MiniOzoneClusterImpl-3bdcca17-6f75-4f0a-8f2e-46efe3af0bf5/datanode-1/data/ratis/7b20e572-ed3b-46ff-9ad4-cf6496ce4e18: flushIndex: setUnconditionally 0 -> -1
2019-07-15 13:37:37,025 INFO  segmented.SegmentedRaftLogWorker (SegmentedRaftLogWorker.java:lambda$new$0(132)) - 425f8c08-d6d6-4014-b7a8-0a9aff5e72f3-SegmentedRaftLogWorker:Storage Directory /workdir/hadoop-ozone/integration-test/target/test-dir/MiniOzoneClusterImpl-3bdcca17-6f75-4f0a-8f2e-46efe3af0bf5/datanode-0/data/ratis/7b20e572-ed3b-46ff-9ad4-cf6496ce4e18: flushIndex: setUnconditionally 0 -> -1
2019-07-15 13:37:37,025 INFO  server.RaftServerConfigKeys (ConfUtils.java:logGet(43)) - raft.server.snapshot.auto.trigger.enabled = true (custom)
2019-07-15 13:37:37,026 INFO  server.RaftServerConfigKeys (ConfUtils.java:logGet(43)) - raft.server.snapshot.auto.trigger.enabled = true (custom)
2019-07-15 13:37:37,026 INFO  server.RaftServerConfigKeys (ConfUtils.java:logGet(43)) - raft.server.snapshot.auto.trigger.threshold = 10000 (custom)
2019-07-15 13:37:37,026 INFO  server.RaftServerConfigKeys (ConfUtils.java:logGet(43)) - raft.server.snapshot.auto.trigger.threshold = 10000 (custom)
2019-07-15 13:37:37,026 INFO  server.RaftServerConfigKeys (ConfUtils.java:logGet(43)) - raft.server.retrycache.expirytime = 600000ms (custom)
2019-07-15 13:37:37,028 INFO  server.RaftServerConfigKeys (ConfUtils.java:logGet(43)) - raft.server.retrycache.expirytime = 600000ms (custom)
2019-07-15 13:37:37,028 INFO  impl.RaftServerImpl (RaftServerImpl.java:start(180)) - 4ebd7f08-bd7b-439e-85cf-52ad3e3612cd: start group-CF6496CE4E18
2019-07-15 13:37:37,028 INFO  impl.RaftServerImpl (RaftServerImpl.java:start(180)) - 425f8c08-d6d6-4014-b7a8-0a9aff5e72f3: start group-CF6496CE4E18
2019-07-15 13:37:37,028 INFO  impl.RaftServerImpl (RaftServerImpl.java:setRole(171)) - 4ebd7f08-bd7b-439e-85cf-52ad3e3612cd:group-CF6496CE4E18 changes role from null to FOLLOWER at term 0 for startAsFollower
2019-07-15 13:37:37,028 INFO  impl.RaftServerImpl (RaftServerImpl.java:setRole(171)) - 425f8c08-d6d6-4014-b7a8-0a9aff5e72f3:group-CF6496CE4E18 changes role from null to FOLLOWER at term 0 for startAsFollower
2019-07-15 13:37:37,030 INFO  impl.RoleInfo (RoleInfo.java:updateAndGet(143)) - 4ebd7f08-bd7b-439e-85cf-52ad3e3612cd: start FollowerState
2019-07-15 13:37:37,031 INFO  impl.RoleInfo (RoleInfo.java:updateAndGet(143)) - 425f8c08-d6d6-4014-b7a8-0a9aff5e72f3: start FollowerState
2019-07-15 13:37:37,033 INFO  util.JmxRegister (JmxRegister.java:tryRegister(44)) - Successfully registered JMX Bean with object name Ratis:service=RaftServer,group=group-CF6496CE4E18,id=4ebd7f08-bd7b-439e-85cf-52ad3e3612cd
2019-07-15 13:37:37,033 INFO  util.JmxRegister (JmxRegister.java:tryRegister(44)) - Successfully registered JMX Bean with object name Ratis:service=RaftServer,group=group-CF6496CE4E18,id=425f8c08-d6d6-4014-b7a8-0a9aff5e72f3
2019-07-15 13:37:37,058 INFO  pipeline.PipelineStateManager (PipelineStateManager.java:addPipeline(56)) - Created pipeline Pipeline[ Id: 7b20e572-ed3b-46ff-9ad4-cf6496ce4e18, Nodes: 4ebd7f08-bd7b-439e-85cf-52ad3e3612cd{ip: 192.168.157.240, host: trunk-nightly-hvlc9-701369690, networkLocation: /default-rack, certSerialId: null}425f8c08-d6d6-4014-b7a8-0a9aff5e72f3{ip: 192.168.157.240, host: trunk-nightly-hvlc9-701369690, networkLocation: /default-rack, certSerialId: null}ee1dd91a-99f6-4721-8250-5a9babfe01b8{ip: 192.168.157.240, host: trunk-nightly-hvlc9-701369690, networkLocation: /default-rack, certSerialId: null}, Type:RATIS, Factor:THREE, State:OPEN]
2019-07-15 13:37:37,497 INFO  ozone.MiniOzoneClusterImpl (MiniOzoneClusterImpl.java:lambda$waitForClusterToBeReady$0(142)) - Cluster is ready. Got 7 of 7 DN Heartbeats.
2019-07-15 13:37:37,825 INFO  rpc.RpcClient (RpcClient.java:createVolume(287)) - Creating Volume: watchforcommithandlingtest, with jenkins1000 as owner.
2019-07-15 13:37:37,874 INFO  rpc.RpcClient (RpcClient.java:createBucket(424)) - Creating Bucket: watchforcommithandlingtest/watchforcommithandlingtest, with Versioning false and Storage Type set to DISK and Encryption set to false 
2019-07-15 13:37:37,894 INFO  ozone.MiniOzoneClusterImpl (MiniOzoneClusterImpl.java:getStorageContainerLocationClient(241)) - Creating StorageContainerLocationProtocol RPC client with address /0.0.0.0:38173
2019-07-15 13:37:38,091 INFO  container.ReplicationManager (ReplicationManager.java:start(155)) - Starting Replication Monitor Thread.
2019-07-15 13:37:38,097 INFO  container.ReplicationManager (ReplicationManager.java:run(207)) - Replication Monitor Thread took 4 milliseconds for processing 1 containers.
2019-07-15 13:37:38,168 INFO  client.GrpcClientProtocolClient (GrpcClientProtocolClient.java:onNext(255)) - client-D96D907BCCD9->e0c9f9b6-9d1a-4247-bc5c-170f3fac2efc: receive RaftClientReply:client-D96D907BCCD9->e0c9f9b6-9d1a-4247-bc5c-170f3fac2efc@group-EE79DCC20932, cid=13, FAILED org.apache.ratis.protocol.NotLeaderException: Server e0c9f9b6-9d1a-4247-bc5c-170f3fac2efc is not the leader (null). Request must be sent to leader., logIndex=0, commits[e0c9f9b6-9d1a-4247-bc5c-170f3fac2efc:c-1]
2019-07-15 13:37:39,213 INFO  client.GrpcClientProtocolClient (GrpcClientProtocolClient.java:onNext(255)) - client-D96D907BCCD9->c88185e4-a2d5-434a-b735-d68aed1754a6: receive RaftClientReply:client-D96D907BCCD9->c88185e4-a2d5-434a-b735-d68aed1754a6@group-EE79DCC20932, cid=13, FAILED org.apache.ratis.protocol.NotLeaderException: Server c88185e4-a2d5-434a-b735-d68aed1754a6 is not the leader (null). Request must be sent to leader., logIndex=0, commits[c88185e4-a2d5-434a-b735-d68aed1754a6:c-1]
2019-07-15 13:37:40,246 INFO  client.GrpcClientProtocolClient (GrpcClientProtocolClient.java:onNext(255)) - client-D96D907BCCD9->f5ca9b9d-1af1-400a-94de-7573d2301393: receive RaftClientReply:client-D96D907BCCD9->f5ca9b9d-1af1-400a-94de-7573d2301393@group-EE79DCC20932, cid=13, FAILED org.apache.ratis.protocol.NotLeaderException: Server f5ca9b9d-1af1-400a-94de-7573d2301393 is not the leader (null). Request must be sent to leader., logIndex=0, commits[f5ca9b9d-1af1-400a-94de-7573d2301393:c-1]
2019-07-15 13:37:41,271 INFO  client.GrpcClientProtocolClient (GrpcClientProtocolClient.java:onNext(255)) - client-D96D907BCCD9->e0c9f9b6-9d1a-4247-bc5c-170f3fac2efc: receive RaftClientReply:client-D96D907BCCD9->e0c9f9b6-9d1a-4247-bc5c-170f3fac2efc@group-EE79DCC20932, cid=13, FAILED org.apache.ratis.protocol.NotLeaderException: Server e0c9f9b6-9d1a-4247-bc5c-170f3fac2efc is not the leader (null). Request must be sent to leader., logIndex=0, commits[e0c9f9b6-9d1a-4247-bc5c-170f3fac2efc:c-1]
2019-07-15 13:37:41,359 INFO  impl.FollowerState (FollowerState.java:run(106)) - 425f8c08-d6d6-4014-b7a8-0a9aff5e72f3:group-13D3146F8563 changes to CANDIDATE, lastRpcTime:5150, electionTimeout:5149ms
2019-07-15 13:37:41,360 INFO  impl.RoleInfo (RoleInfo.java:shutdownFollowerState(121)) - 425f8c08-d6d6-4014-b7a8-0a9aff5e72f3: shutdown FollowerState
2019-07-15 13:37:41,360 INFO  impl.RaftServerImpl (RaftServerImpl.java:setRole(171)) - 425f8c08-d6d6-4014-b7a8-0a9aff5e72f3:group-13D3146F8563 changes role from FOLLOWER to CANDIDATE at term 0 for changeToCandidate
2019-07-15 13:37:41,367 INFO  impl.RoleInfo (RoleInfo.java:updateAndGet(143)) - 425f8c08-d6d6-4014-b7a8-0a9aff5e72f3: start LeaderElection
2019-07-15 13:37:41,401 INFO  impl.LeaderElection (LeaderElection.java:askForVotes(181)) - 425f8c08-d6d6-4014-b7a8-0a9aff5e72f3:group-13D3146F8563:LeaderElection1: begin an election at term 1 for -1: [425f8c08-d6d6-4014-b7a8-0a9aff5e72f3:192.168.157.240:45285], old=null
2019-07-15 13:37:41,403 INFO  impl.RoleInfo (RoleInfo.java:shutdownLeaderElection(134)) - 425f8c08-d6d6-4014-b7a8-0a9aff5e72f3: shutdown LeaderElection
2019-07-15 13:37:41,404 INFO  impl.RaftServerImpl (RaftServerImpl.java:setRole(171)) - 425f8c08-d6d6-4014-b7a8-0a9aff5e72f3:group-13D3146F8563 changes role from CANDIDATE to LEADER at term 1 for changeToLeader
2019-07-15 13:37:41,404 INFO  impl.RaftServerImpl (ServerState.java:setLeader(263)) - 425f8c08-d6d6-4014-b7a8-0a9aff5e72f3:group-13D3146F8563 change Leader from null to 425f8c08-d6d6-4014-b7a8-0a9aff5e72f3 at term 1 for becomeLeader, leader elected after 5270ms
2019-07-15 13:37:41,415 INFO  server.RaftServerConfigKeys (ConfUtils.java:logGet(43)) - raft.server.staging.catchup.gap = 1000 (default)
2019-07-15 13:37:41,415 INFO  server.RaftServerConfigKeys (ConfUtils.java:logGet(43)) - raft.server.rpc.sleep.time = 25ms (default)
2019-07-15 13:37:41,419 INFO  server.RaftServerConfigKeys (ConfUtils.java:logGet(43)) - raft.server.write.element-limit = 4096 (default)
2019-07-15 13:37:41,422 INFO  server.RaftServerConfigKeys (ConfUtils.java:logGet(43)) - raft.server.watch.timeout = 10s (default)
2019-07-15 13:37:41,422 INFO  server.RaftServerConfigKeys (ConfUtils.java:logGet(43)) - raft.server.watch.timeout.denomination = 1s (default)
2019-07-15 13:37:41,424 INFO  server.RaftServerConfigKeys (ConfUtils.java:logGet(43)) - raft.server.watch.element-limit = 65536 (default)
2019-07-15 13:37:41,435 INFO  impl.RoleInfo (RoleInfo.java:updateAndGet(143)) - 425f8c08-d6d6-4014-b7a8-0a9aff5e72f3: start LeaderState
2019-07-15 13:37:41,463 INFO  segmented.SegmentedRaftLogWorker (SegmentedRaftLogWorker.java:startLogSegment(380)) - 425f8c08-d6d6-4014-b7a8-0a9aff5e72f3-SegmentedRaftLogWorker:Storage Directory /workdir/hadoop-ozone/integration-test/target/test-dir/MiniOzoneClusterImpl-3bdcca17-6f75-4f0a-8f2e-46efe3af0bf5/datanode-0/data/ratis/49c3aa40-7fdb-4f8a-ba7f-13d3146f8563: Starting segment from index:0
2019-07-15 13:37:41,485 INFO  impl.FollowerState (FollowerState.java:run(106)) - e0c9f9b6-9d1a-4247-bc5c-170f3fac2efc:group-785E490643DC changes to CANDIDATE, lastRpcTime:5107, electionTimeout:5095ms
2019-07-15 13:37:41,487 INFO  impl.RoleInfo (RoleInfo.java:shutdownFollowerState(121)) - e0c9f9b6-9d1a-4247-bc5c-170f3fac2efc: shutdown FollowerState
2019-07-15 13:37:41,487 INFO  impl.RaftServerImpl (RaftServerImpl.java:setRole(171)) - e0c9f9b6-9d1a-4247-bc5c-170f3fac2efc:group-785E490643DC changes role from FOLLOWER to CANDIDATE at term 0 for changeToCandidate
2019-07-15 13:37:41,487 INFO  impl.RoleInfo (RoleInfo.java:updateAndGet(143)) - e0c9f9b6-9d1a-4247-bc5c-170f3fac2efc: start LeaderElection
2019-07-15 13:37:41,495 INFO  impl.RaftServerImpl (ServerState.java:setRaftConf(361)) - 425f8c08-d6d6-4014-b7a8-0a9aff5e72f3:group-13D3146F8563 set configuration 0: [425f8c08-d6d6-4014-b7a8-0a9aff5e72f3:192.168.157.240:45285], old=null at 0
2019-07-15 13:37:41,504 INFO  impl.LeaderElection (LeaderElection.java:askForVotes(181)) - e0c9f9b6-9d1a-4247-bc5c-170f3fac2efc:group-785E490643DC:LeaderElection2: begin an election at term 1 for -1: [e0c9f9b6-9d1a-4247-bc5c-170f3fac2efc:192.168.157.240:42759], old=null
2019-07-15 13:37:41,506 INFO  impl.RoleInfo (RoleInfo.java:shutdownLeaderElection(134)) - e0c9f9b6-9d1a-4247-bc5c-170f3fac2efc: shutdown LeaderElection
2019-07-15 13:37:41,506 INFO  impl.RaftServerImpl (RaftServerImpl.java:setRole(171)) - e0c9f9b6-9d1a-4247-bc5c-170f3fac2efc:group-785E490643DC changes role from CANDIDATE to LEADER at term 1 for changeToLeader
2019-07-15 13:37:41,506 INFO  impl.RaftServerImpl (ServerState.java:setLeader(263)) - e0c9f9b6-9d1a-4247-bc5c-170f3fac2efc:group-785E490643DC change Leader from null to e0c9f9b6-9d1a-4247-bc5c-170f3fac2efc at term 1 for becomeLeader, leader elected after 5136ms
2019-07-15 13:37:41,508 INFO  server.RaftServerConfigKeys (ConfUtils.java:logGet(43)) - raft.server.staging.catchup.gap = 1000 (default)
2019-07-15 13:37:41,508 INFO  server.RaftServerConfigKeys (ConfUtils.java:logGet(43)) - raft.server.rpc.sleep.time = 25ms (default)
2019-07-15 13:37:41,509 INFO  server.RaftServerConfigKeys (ConfUtils.java:logGet(43)) - raft.server.write.element-limit = 4096 (default)
2019-07-15 13:37:41,509 INFO  server.RaftServerConfigKeys (ConfUtils.java:logGet(43)) - raft.server.watch.timeout = 10s (default)
2019-07-15 13:37:41,511 INFO  server.RaftServerConfigKeys (ConfUtils.java:logGet(43)) - raft.server.watch.timeout.denomination = 1s (default)
2019-07-15 13:37:41,511 INFO  server.RaftServerConfigKeys (ConfUtils.java:logGet(43)) - raft.server.watch.element-limit = 65536 (default)
2019-07-15 13:37:41,511 INFO  impl.RoleInfo (RoleInfo.java:updateAndGet(143)) - e0c9f9b6-9d1a-4247-bc5c-170f3fac2efc: start LeaderState
2019-07-15 13:37:41,512 INFO  segmented.SegmentedRaftLogWorker (SegmentedRaftLogWorker.java:startLogSegment(380)) - e0c9f9b6-9d1a-4247-bc5c-170f3fac2efc-SegmentedRaftLogWorker:Storage Directory /workdir/hadoop-ozone/integration-test/target/test-dir/MiniOzoneClusterImpl-3bdcca17-6f75-4f0a-8f2e-46efe3af0bf5/datanode-5/data/ratis/2158950d-e11b-4b21-a0cf-785e490643dc: Starting segment from index:0
2019-07-15 13:37:41,512 INFO  impl.RaftServerImpl (ServerState.java:setRaftConf(361)) - e0c9f9b6-9d1a-4247-bc5c-170f3fac2efc:group-785E490643DC set configuration 0: [e0c9f9b6-9d1a-4247-bc5c-170f3fac2efc:192.168.157.240:42759], old=null at 0
2019-07-15 13:37:41,535 INFO  impl.FollowerState (FollowerState.java:run(106)) - c88185e4-a2d5-434a-b735-d68aed1754a6:group-12F740FF4FAB changes to CANDIDATE, lastRpcTime:5056, electionTimeout:5056ms
2019-07-15 13:37:41,535 INFO  impl.RoleInfo (RoleInfo.java:shutdownFollowerState(121)) - c88185e4-a2d5-434a-b735-d68aed1754a6: shutdown FollowerState
2019-07-15 13:37:41,535 INFO  impl.RaftServerImpl (RaftServerImpl.java:setRole(171)) - c88185e4-a2d5-434a-b735-d68aed1754a6:group-12F740FF4FAB changes role from FOLLOWER to CANDIDATE at term 0 for changeToCandidate
2019-07-15 13:37:41,535 INFO  impl.RoleInfo (RoleInfo.java:updateAndGet(143)) - c88185e4-a2d5-434a-b735-d68aed1754a6: start LeaderElection
2019-07-15 13:37:41,552 INFO  impl.LeaderElection (LeaderElection.java:askForVotes(181)) - c88185e4-a2d5-434a-b735-d68aed1754a6:group-12F740FF4FAB:LeaderElection3: begin an election at term 1 for -1: [c88185e4-a2d5-434a-b735-d68aed1754a6:192.168.157.240:45992], old=null
2019-07-15 13:37:41,552 INFO  impl.RoleInfo (RoleInfo.java:shutdownLeaderElection(134)) - c88185e4-a2d5-434a-b735-d68aed1754a6: shutdown LeaderElection
2019-07-15 13:37:41,552 INFO  impl.RaftServerImpl (RaftServerImpl.java:setRole(171)) - c88185e4-a2d5-434a-b735-d68aed1754a6:group-12F740FF4FAB changes role from CANDIDATE to LEADER at term 1 for changeToLeader
2019-07-15 13:37:41,552 INFO  impl.RaftServerImpl (ServerState.java:setLeader(263)) - c88185e4-a2d5-434a-b735-d68aed1754a6:group-12F740FF4FAB change Leader from null to c88185e4-a2d5-434a-b735-d68aed1754a6 at term 1 for becomeLeader, leader elected after 5079ms
2019-07-15 13:37:41,554 INFO  server.RaftServerConfigKeys (ConfUtils.java:logGet(43)) - raft.server.staging.catchup.gap = 1000 (default)
2019-07-15 13:37:41,554 INFO  server.RaftServerConfigKeys (ConfUtils.java:logGet(43)) - raft.server.rpc.sleep.time = 25ms (default)
2019-07-15 13:37:41,554 INFO  server.RaftServerConfigKeys (ConfUtils.java:logGet(43)) - raft.server.write.element-limit = 4096 (default)
2019-07-15 13:37:41,554 INFO  server.RaftServerConfigKeys (ConfUtils.java:logGet(43)) - raft.server.watch.timeout = 10s (default)
2019-07-15 13:37:41,554 INFO  server.RaftServerConfigKeys (ConfUtils.java:logGet(43)) - raft.server.watch.timeout.denomination = 1s (default)
2019-07-15 13:37:41,555 INFO  server.RaftServerConfigKeys (ConfUtils.java:logGet(43)) - raft.server.watch.element-limit = 65536 (default)
2019-07-15 13:37:41,555 INFO  impl.RoleInfo (RoleInfo.java:updateAndGet(143)) - c88185e4-a2d5-434a-b735-d68aed1754a6: start LeaderState
2019-07-15 13:37:41,555 INFO  segmented.SegmentedRaftLogWorker (SegmentedRaftLogWorker.java:startLogSegment(380)) - c88185e4-a2d5-434a-b735-d68aed1754a6-SegmentedRaftLogWorker:Storage Directory /workdir/hadoop-ozone/integration-test/target/test-dir/MiniOzoneClusterImpl-3bdcca17-6f75-4f0a-8f2e-46efe3af0bf5/datanode-3/data/ratis/b6bc1574-ed4e-4a9d-bd35-12f740ff4fab: Starting segment from index:0
2019-07-15 13:37:41,556 INFO  impl.RaftServerImpl (ServerState.java:setRaftConf(361)) - c88185e4-a2d5-434a-b735-d68aed1754a6:group-12F740FF4FAB set configuration 0: [c88185e4-a2d5-434a-b735-d68aed1754a6:192.168.157.240:45992], old=null at 0
2019-07-15 13:37:41,702 INFO  segmented.SegmentedRaftLogWorker (SegmentedRaftLogWorker.java:execute(569)) - 425f8c08-d6d6-4014-b7a8-0a9aff5e72f3-SegmentedRaftLogWorker:Storage Directory /workdir/hadoop-ozone/integration-test/target/test-dir/MiniOzoneClusterImpl-3bdcca17-6f75-4f0a-8f2e-46efe3af0bf5/datanode-0/data/ratis/49c3aa40-7fdb-4f8a-ba7f-13d3146f8563: created new log segment /workdir/hadoop-ozone/integration-test/target/test-dir/MiniOzoneClusterImpl-3bdcca17-6f75-4f0a-8f2e-46efe3af0bf5/datanode-0/data/ratis/49c3aa40-7fdb-4f8a-ba7f-13d3146f8563/current/log_inprogress_0
2019-07-15 13:37:41,702 INFO  segmented.SegmentedRaftLogWorker (SegmentedRaftLogWorker.java:execute(569)) - c88185e4-a2d5-434a-b735-d68aed1754a6-SegmentedRaftLogWorker:Storage Directory /workdir/hadoop-ozone/integration-test/target/test-dir/MiniOzoneClusterImpl-3bdcca17-6f75-4f0a-8f2e-46efe3af0bf5/datanode-3/data/ratis/b6bc1574-ed4e-4a9d-bd35-12f740ff4fab: created new log segment /workdir/hadoop-ozone/integration-test/target/test-dir/MiniOzoneClusterImpl-3bdcca17-6f75-4f0a-8f2e-46efe3af0bf5/datanode-3/data/ratis/b6bc1574-ed4e-4a9d-bd35-12f740ff4fab/current/log_inprogress_0
2019-07-15 13:37:41,702 INFO  segmented.SegmentedRaftLogWorker (SegmentedRaftLogWorker.java:execute(569)) - e0c9f9b6-9d1a-4247-bc5c-170f3fac2efc-SegmentedRaftLogWorker:Storage Directory /workdir/hadoop-ozone/integration-test/target/test-dir/MiniOzoneClusterImpl-3bdcca17-6f75-4f0a-8f2e-46efe3af0bf5/datanode-5/data/ratis/2158950d-e11b-4b21-a0cf-785e490643dc: created new log segment /workdir/hadoop-ozone/integration-test/target/test-dir/MiniOzoneClusterImpl-3bdcca17-6f75-4f0a-8f2e-46efe3af0bf5/datanode-5/data/ratis/2158950d-e11b-4b21-a0cf-785e490643dc/current/log_inprogress_0
2019-07-15 13:37:41,728 INFO  impl.FollowerState (FollowerState.java:run(106)) - ee1dd91a-99f6-4721-8250-5a9babfe01b8:group-1D35E5936844 changes to CANDIDATE, lastRpcTime:5021, electionTimeout:5021ms
2019-07-15 13:37:41,731 INFO  impl.RoleInfo (RoleInfo.java:shutdownFollowerState(121)) - ee1dd91a-99f6-4721-8250-5a9babfe01b8: shutdown FollowerState
2019-07-15 13:37:41,731 INFO  impl.RaftServerImpl (RaftServerImpl.java:setRole(171)) - ee1dd91a-99f6-4721-8250-5a9babfe01b8:group-1D35E5936844 changes role from FOLLOWER to CANDIDATE at term 0 for changeToCandidate
2019-07-15 13:37:41,731 INFO  impl.RoleInfo (RoleInfo.java:updateAndGet(143)) - ee1dd91a-99f6-4721-8250-5a9babfe01b8: start LeaderElection
2019-07-15 13:37:41,741 INFO  impl.FollowerState (FollowerState.java:run(106)) - f5ca9b9d-1af1-400a-94de-7573d2301393:group-831FDDEC1FF1 changes to CANDIDATE, lastRpcTime:5116, electionTimeout:5111ms
2019-07-15 13:37:41,743 INFO  impl.RoleInfo (RoleInfo.java:shutdownFollowerState(121)) - f5ca9b9d-1af1-400a-94de-7573d2301393: shutdown FollowerState
2019-07-15 13:37:41,743 INFO  impl.RaftServerImpl (RaftServerImpl.java:setRole(171)) - f5ca9b9d-1af1-400a-94de-7573d2301393:group-831FDDEC1FF1 changes role from FOLLOWER to CANDIDATE at term 0 for changeToCandidate
2019-07-15 13:37:41,746 INFO  impl.RoleInfo (RoleInfo.java:updateAndGet(143)) - f5ca9b9d-1af1-400a-94de-7573d2301393: start LeaderElection
2019-07-15 13:37:41,751 INFO  impl.FollowerState (FollowerState.java:run(106)) - 4ebd7f08-bd7b-439e-85cf-52ad3e3612cd:group-21D327D7FB07 changes to CANDIDATE, lastRpcTime:5198, electionTimeout:5197ms
2019-07-15 13:37:41,751 INFO  impl.RoleInfo (RoleInfo.java:shutdownFollowerState(121)) - 4ebd7f08-bd7b-439e-85cf-52ad3e3612cd: shutdown FollowerState
2019-07-15 13:37:41,751 INFO  impl.RaftServerImpl (RaftServerImpl.java:setRole(171)) - 4ebd7f08-bd7b-439e-85cf-52ad3e3612cd:group-21D327D7FB07 changes role from FOLLOWER to CANDIDATE at term 0 for changeToCandidate
2019-07-15 13:37:41,752 INFO  impl.RoleInfo (RoleInfo.java:updateAndGet(143)) - 4ebd7f08-bd7b-439e-85cf-52ad3e3612cd: start LeaderElection
2019-07-15 13:37:41,768 INFO  impl.LeaderElection (LeaderElection.java:askForVotes(181)) - ee1dd91a-99f6-4721-8250-5a9babfe01b8:group-1D35E5936844:LeaderElection4: begin an election at term 1 for -1: [ee1dd91a-99f6-4721-8250-5a9babfe01b8:192.168.157.240:39241], old=null
2019-07-15 13:37:41,768 INFO  impl.LeaderElection (LeaderElection.java:askForVotes(181)) - f5ca9b9d-1af1-400a-94de-7573d2301393:group-831FDDEC1FF1:LeaderElection5: begin an election at term 1 for -1: [f5ca9b9d-1af1-400a-94de-7573d2301393:192.168.157.240:46405], old=null
2019-07-15 13:37:41,769 INFO  impl.RoleInfo (RoleInfo.java:shutdownLeaderElection(134)) - ee1dd91a-99f6-4721-8250-5a9babfe01b8: shutdown LeaderElection
2019-07-15 13:37:41,769 INFO  impl.RoleInfo (RoleInfo.java:shutdownLeaderElection(134)) - f5ca9b9d-1af1-400a-94de-7573d2301393: shutdown LeaderElection
2019-07-15 13:37:41,769 INFO  impl.RaftServerImpl (RaftServerImpl.java:setRole(171)) - ee1dd91a-99f6-4721-8250-5a9babfe01b8:group-1D35E5936844 changes role from CANDIDATE to LEADER at term 1 for changeToLeader
2019-07-15 13:37:41,769 INFO  impl.RaftServerImpl (RaftServerImpl.java:setRole(171)) - f5ca9b9d-1af1-400a-94de-7573d2301393:group-831FDDEC1FF1 changes role from CANDIDATE to LEADER at term 1 for changeToLeader
2019-07-15 13:37:41,769 INFO  impl.RaftServerImpl (ServerState.java:setLeader(263)) - ee1dd91a-99f6-4721-8250-5a9babfe01b8:group-1D35E5936844 change Leader from null to ee1dd91a-99f6-4721-8250-5a9babfe01b8 at term 1 for becomeLeader, leader elected after 5067ms
2019-07-15 13:37:41,769 INFO  impl.RaftServerImpl (ServerState.java:setLeader(263)) - f5ca9b9d-1af1-400a-94de-7573d2301393:group-831FDDEC1FF1 change Leader from null to f5ca9b9d-1af1-400a-94de-7573d2301393 at term 1 for becomeLeader, leader elected after 5153ms
2019-07-15 13:37:41,770 INFO  impl.LeaderElection (LeaderElection.java:askForVotes(181)) - 4ebd7f08-bd7b-439e-85cf-52ad3e3612cd:group-21D327D7FB07:LeaderElection6: begin an election at term 1 for -1: [4ebd7f08-bd7b-439e-85cf-52ad3e3612cd:192.168.157.240:34713], old=null
2019-07-15 13:37:41,770 INFO  impl.RoleInfo (RoleInfo.java:shutdownLeaderElection(134)) - 4ebd7f08-bd7b-439e-85cf-52ad3e3612cd: shutdown LeaderElection
2019-07-15 13:37:41,772 INFO  server.RaftServerConfigKeys (ConfUtils.java:logGet(43)) - raft.server.staging.catchup.gap = 1000 (default)
2019-07-15 13:37:41,772 INFO  impl.RaftServerImpl (RaftServerImpl.java:setRole(171)) - 4ebd7f08-bd7b-439e-85cf-52ad3e3612cd:group-21D327D7FB07 changes role from CANDIDATE to LEADER at term 1 for changeToLeader
2019-07-15 13:37:41,772 INFO  server.RaftServerConfigKeys (ConfUtils.java:logGet(43)) - raft.server.staging.catchup.gap = 1000 (default)
2019-07-15 13:37:41,773 INFO  impl.RaftServerImpl (ServerState.java:setLeader(263)) - 4ebd7f08-bd7b-439e-85cf-52ad3e3612cd:group-21D327D7FB07 change Leader from null to 4ebd7f08-bd7b-439e-85cf-52ad3e3612cd at term 1 for becomeLeader, leader elected after 5226ms
2019-07-15 13:37:41,773 INFO  server.RaftServerConfigKeys (ConfUtils.java:logGet(43)) - raft.server.rpc.sleep.time = 25ms (default)
2019-07-15 13:37:41,775 INFO  server.RaftServerConfigKeys (ConfUtils.java:logGet(43)) - raft.server.staging.catchup.gap = 1000 (default)
2019-07-15 13:37:41,773 INFO  server.RaftServerConfigKeys (ConfUtils.java:logGet(43)) - raft.server.rpc.sleep.time = 25ms (default)
2019-07-15 13:37:41,775 INFO  server.RaftServerConfigKeys (ConfUtils.java:logGet(43)) - raft.server.rpc.sleep.time = 25ms (default)
2019-07-15 13:37:41,775 INFO  server.RaftServerConfigKeys (ConfUtils.java:logGet(43)) - raft.server.write.element-limit = 4096 (default)
2019-07-15 13:37:41,775 INFO  server.RaftServerConfigKeys (ConfUtils.java:logGet(43)) - raft.server.write.element-limit = 4096 (default)
2019-07-15 13:37:41,775 INFO  server.RaftServerConfigKeys (ConfUtils.java:logGet(43)) - raft.server.write.element-limit = 4096 (default)
2019-07-15 13:37:41,776 INFO  server.RaftServerConfigKeys (ConfUtils.java:logGet(43)) - raft.server.watch.timeout = 10s (default)
2019-07-15 13:37:41,775 INFO  server.RaftServerConfigKeys (ConfUtils.java:logGet(43)) - raft.server.watch.timeout = 10s (default)
2019-07-15 13:37:41,776 INFO  server.RaftServerConfigKeys (ConfUtils.java:logGet(43)) - raft.server.watch.timeout.denomination = 1s (default)
2019-07-15 13:37:41,776 INFO  server.RaftServerConfigKeys (ConfUtils.java:logGet(43)) - raft.server.watch.timeout = 10s (default)
2019-07-15 13:37:41,776 INFO  server.RaftServerConfigKeys (ConfUtils.java:logGet(43)) - raft.server.watch.element-limit = 65536 (default)
2019-07-15 13:37:41,776 INFO  server.RaftServerConfigKeys (ConfUtils.java:logGet(43)) - raft.server.watch.timeout.denomination = 1s (default)
2019-07-15 13:37:41,776 INFO  server.RaftServerConfigKeys (ConfUtils.java:logGet(43)) - raft.server.watch.timeout.denomination = 1s (default)
2019-07-15 13:37:41,777 INFO  impl.RoleInfo (RoleInfo.java:updateAndGet(143)) - 4ebd7f08-bd7b-439e-85cf-52ad3e3612cd: start LeaderState
2019-07-15 13:37:41,777 INFO  server.RaftServerConfigKeys (ConfUtils.java:logGet(43)) - raft.server.watch.element-limit = 65536 (default)
2019-07-15 13:37:41,777 INFO  server.RaftServerConfigKeys (ConfUtils.java:logGet(43)) - raft.server.watch.element-limit = 65536 (default)
2019-07-15 13:37:41,777 INFO  segmented.SegmentedRaftLogWorker (SegmentedRaftLogWorker.java:startLogSegment(380)) - 4ebd7f08-bd7b-439e-85cf-52ad3e3612cd-SegmentedRaftLogWorker:Storage Directory /workdir/hadoop-ozone/integration-test/target/test-dir/MiniOzoneClusterImpl-3bdcca17-6f75-4f0a-8f2e-46efe3af0bf5/datanode-1/data/ratis/e0620d52-8f53-4cad-8e8d-21d327d7fb07: Starting segment from index:0
2019-07-15 13:37:41,778 INFO  impl.RoleInfo (RoleInfo.java:updateAndGet(143)) - f5ca9b9d-1af1-400a-94de-7573d2301393: start LeaderState
2019-07-15 13:37:41,778 INFO  impl.RoleInfo (RoleInfo.java:updateAndGet(143)) - ee1dd91a-99f6-4721-8250-5a9babfe01b8: start LeaderState
2019-07-15 13:37:41,778 INFO  segmented.SegmentedRaftLogWorker (SegmentedRaftLogWorker.java:startLogSegment(380)) - f5ca9b9d-1af1-400a-94de-7573d2301393-SegmentedRaftLogWorker:Storage Directory /workdir/hadoop-ozone/integration-test/target/test-dir/MiniOzoneClusterImpl-3bdcca17-6f75-4f0a-8f2e-46efe3af0bf5/datanode-6/data/ratis/0846c915-e787-45cc-8254-831fddec1ff1: Starting segment from index:0
2019-07-15 13:37:41,778 INFO  segmented.SegmentedRaftLogWorker (SegmentedRaftLogWorker.java:startLogSegment(380)) - ee1dd91a-99f6-4721-8250-5a9babfe01b8-SegmentedRaftLogWorker:Storage Directory /workdir/hadoop-ozone/integration-test/target/test-dir/MiniOzoneClusterImpl-3bdcca17-6f75-4f0a-8f2e-46efe3af0bf5/datanode-2/data/ratis/318785d2-2a53-46c5-b682-1d35e5936844: Starting segment from index:0
2019-07-15 13:37:41,778 INFO  impl.RaftServerImpl (ServerState.java:setRaftConf(361)) - 4ebd7f08-bd7b-439e-85cf-52ad3e3612cd:group-21D327D7FB07 set configuration 0: [4ebd7f08-bd7b-439e-85cf-52ad3e3612cd:192.168.157.240:34713], old=null at 0
2019-07-15 13:37:41,798 INFO  impl.RaftServerImpl (ServerState.java:setRaftConf(361)) - ee1dd91a-99f6-4721-8250-5a9babfe01b8:group-1D35E5936844 set configuration 0: [ee1dd91a-99f6-4721-8250-5a9babfe01b8:192.168.157.240:39241], old=null at 0
2019-07-15 13:37:41,798 INFO  impl.RaftServerImpl (ServerState.java:setRaftConf(361)) - f5ca9b9d-1af1-400a-94de-7573d2301393:group-831FDDEC1FF1 set configuration 0: [f5ca9b9d-1af1-400a-94de-7573d2301393:192.168.157.240:46405], old=null at 0
2019-07-15 13:37:41,817 INFO  segmented.SegmentedRaftLogWorker (SegmentedRaftLogWorker.java:execute(569)) - f5ca9b9d-1af1-400a-94de-7573d2301393-SegmentedRaftLogWorker:Storage Directory /workdir/hadoop-ozone/integration-test/target/test-dir/MiniOzoneClusterImpl-3bdcca17-6f75-4f0a-8f2e-46efe3af0bf5/datanode-6/data/ratis/0846c915-e787-45cc-8254-831fddec1ff1: created new log segment /workdir/hadoop-ozone/integration-test/target/test-dir/MiniOzoneClusterImpl-3bdcca17-6f75-4f0a-8f2e-46efe3af0bf5/datanode-6/data/ratis/0846c915-e787-45cc-8254-831fddec1ff1/current/log_inprogress_0
2019-07-15 13:37:41,817 INFO  segmented.SegmentedRaftLogWorker (SegmentedRaftLogWorker.java:execute(569)) - 4ebd7f08-bd7b-439e-85cf-52ad3e3612cd-SegmentedRaftLogWorker:Storage Directory /workdir/hadoop-ozone/integration-test/target/test-dir/MiniOzoneClusterImpl-3bdcca17-6f75-4f0a-8f2e-46efe3af0bf5/datanode-1/data/ratis/e0620d52-8f53-4cad-8e8d-21d327d7fb07: created new log segment /workdir/hadoop-ozone/integration-test/target/test-dir/MiniOzoneClusterImpl-3bdcca17-6f75-4f0a-8f2e-46efe3af0bf5/datanode-1/data/ratis/e0620d52-8f53-4cad-8e8d-21d327d7fb07/current/log_inprogress_0
2019-07-15 13:37:41,830 INFO  segmented.SegmentedRaftLogWorker (SegmentedRaftLogWorker.java:execute(569)) - ee1dd91a-99f6-4721-8250-5a9babfe01b8-SegmentedRaftLogWorker:Storage Directory /workdir/hadoop-ozone/integration-test/target/test-dir/MiniOzoneClusterImpl-3bdcca17-6f75-4f0a-8f2e-46efe3af0bf5/datanode-2/data/ratis/318785d2-2a53-46c5-b682-1d35e5936844: created new log segment /workdir/hadoop-ozone/integration-test/target/test-dir/MiniOzoneClusterImpl-3bdcca17-6f75-4f0a-8f2e-46efe3af0bf5/datanode-2/data/ratis/318785d2-2a53-46c5-b682-1d35e5936844/current/log_inprogress_0
2019-07-15 13:37:41,887 INFO  impl.FollowerState (FollowerState.java:run(106)) - f3af9037-a705-49d3-8ebf-cf455f9e4897:group-1358320C1006 changes to CANDIDATE, lastRpcTime:5112, electionTimeout:5112ms
2019-07-15 13:37:41,896 INFO  impl.RoleInfo (RoleInfo.java:shutdownFollowerState(121)) - f3af9037-a705-49d3-8ebf-cf455f9e4897: shutdown FollowerState
2019-07-15 13:37:41,896 INFO  impl.RaftServerImpl (RaftServerImpl.java:setRole(171)) - f3af9037-a705-49d3-8ebf-cf455f9e4897:group-1358320C1006 changes role from FOLLOWER to CANDIDATE at term 0 for changeToCandidate
2019-07-15 13:37:41,896 INFO  impl.RoleInfo (RoleInfo.java:updateAndGet(143)) - f3af9037-a705-49d3-8ebf-cf455f9e4897: start LeaderElection
2019-07-15 13:37:41,913 INFO  impl.LeaderElection (LeaderElection.java:askForVotes(181)) - f3af9037-a705-49d3-8ebf-cf455f9e4897:group-1358320C1006:LeaderElection7: begin an election at term 1 for -1: [f3af9037-a705-49d3-8ebf-cf455f9e4897:192.168.157.240:38564], old=null
2019-07-15 13:37:41,915 INFO  impl.RoleInfo (RoleInfo.java:shutdownLeaderElection(134)) - f3af9037-a705-49d3-8ebf-cf455f9e4897: shutdown LeaderElection
2019-07-15 13:37:41,916 INFO  impl.RaftServerImpl (RaftServerImpl.java:setRole(171)) - f3af9037-a705-49d3-8ebf-cf455f9e4897:group-1358320C1006 changes role from CANDIDATE to LEADER at term 1 for changeToLeader
2019-07-15 13:37:41,916 INFO  impl.RaftServerImpl (ServerState.java:setLeader(263)) - f3af9037-a705-49d3-8ebf-cf455f9e4897:group-1358320C1006 change Leader from null to f3af9037-a705-49d3-8ebf-cf455f9e4897 at term 1 for becomeLeader, leader elected after 5146ms
2019-07-15 13:37:41,918 INFO  server.RaftServerConfigKeys (ConfUtils.java:logGet(43)) - raft.server.staging.catchup.gap = 1000 (default)
2019-07-15 13:37:41,918 INFO  server.RaftServerConfigKeys (ConfUtils.java:logGet(43)) - raft.server.rpc.sleep.time = 25ms (default)
2019-07-15 13:37:41,918 INFO  server.RaftServerConfigKeys (ConfUtils.java:logGet(43)) - raft.server.write.element-limit = 4096 (default)
2019-07-15 13:37:41,919 INFO  server.RaftServerConfigKeys (ConfUtils.java:logGet(43)) - raft.server.watch.timeout = 10s (default)
2019-07-15 13:37:41,919 INFO  server.RaftServerConfigKeys (ConfUtils.java:logGet(43)) - raft.server.watch.timeout.denomination = 1s (default)
2019-07-15 13:37:41,919 INFO  server.RaftServerConfigKeys (ConfUtils.java:logGet(43)) - raft.server.watch.element-limit = 65536 (default)
2019-07-15 13:37:41,919 INFO  impl.RoleInfo (RoleInfo.java:updateAndGet(143)) - f3af9037-a705-49d3-8ebf-cf455f9e4897: start LeaderState
2019-07-15 13:37:41,920 INFO  segmented.SegmentedRaftLogWorker (SegmentedRaftLogWorker.java:startLogSegment(380)) - f3af9037-a705-49d3-8ebf-cf455f9e4897-SegmentedRaftLogWorker:Storage Directory /workdir/hadoop-ozone/integration-test/target/test-dir/MiniOzoneClusterImpl-3bdcca17-6f75-4f0a-8f2e-46efe3af0bf5/datanode-4/data/ratis/494d419b-35fe-4eeb-b31d-1358320c1006: Starting segment from index:0
2019-07-15 13:37:41,921 INFO  impl.RaftServerImpl (ServerState.java:setRaftConf(361)) - f3af9037-a705-49d3-8ebf-cf455f9e4897:group-1358320C1006 set configuration 0: [f3af9037-a705-49d3-8ebf-cf455f9e4897:192.168.157.240:38564], old=null at 0
2019-07-15 13:37:41,940 INFO  impl.FollowerState (FollowerState.java:run(106)) - f5ca9b9d-1af1-400a-94de-7573d2301393:group-EE79DCC20932 changes to CANDIDATE, lastRpcTime:5044, electionTimeout:5040ms
2019-07-15 13:37:41,941 INFO  impl.RoleInfo (RoleInfo.java:shutdownFollowerState(121)) - f5ca9b9d-1af1-400a-94de-7573d2301393: shutdown FollowerState
2019-07-15 13:37:41,941 INFO  impl.RaftServerImpl (RaftServerImpl.java:setRole(171)) - f5ca9b9d-1af1-400a-94de-7573d2301393:group-EE79DCC20932 changes role from FOLLOWER to CANDIDATE at term 0 for changeToCandidate
2019-07-15 13:37:41,941 INFO  impl.RoleInfo (RoleInfo.java:updateAndGet(143)) - f5ca9b9d-1af1-400a-94de-7573d2301393: start LeaderElection
2019-07-15 13:37:41,945 INFO  impl.FollowerState (FollowerState.java:run(106)) - e0c9f9b6-9d1a-4247-bc5c-170f3fac2efc:group-EE79DCC20932 changes to CANDIDATE, lastRpcTime:5054, electionTimeout:5054ms
2019-07-15 13:37:41,946 INFO  impl.RoleInfo (RoleInfo.java:shutdownFollowerState(121)) - e0c9f9b6-9d1a-4247-bc5c-170f3fac2efc: shutdown FollowerState
2019-07-15 13:37:41,946 INFO  impl.RaftServerImpl (RaftServerImpl.java:setRole(171)) - e0c9f9b6-9d1a-4247-bc5c-170f3fac2efc:group-EE79DCC20932 changes role from FOLLOWER to CANDIDATE at term 0 for changeToCandidate
2019-07-15 13:37:41,946 INFO  impl.RoleInfo (RoleInfo.java:updateAndGet(143)) - e0c9f9b6-9d1a-4247-bc5c-170f3fac2efc: start LeaderElection
2019-07-15 13:37:41,954 INFO  segmented.SegmentedRaftLogWorker (SegmentedRaftLogWorker.java:execute(569)) - f3af9037-a705-49d3-8ebf-cf455f9e4897-SegmentedRaftLogWorker:Storage Directory /workdir/hadoop-ozone/integration-test/target/test-dir/MiniOzoneClusterImpl-3bdcca17-6f75-4f0a-8f2e-46efe3af0bf5/datanode-4/data/ratis/494d419b-35fe-4eeb-b31d-1358320c1006: created new log segment /workdir/hadoop-ozone/integration-test/target/test-dir/MiniOzoneClusterImpl-3bdcca17-6f75-4f0a-8f2e-46efe3af0bf5/datanode-4/data/ratis/494d419b-35fe-4eeb-b31d-1358320c1006/current/log_inprogress_0
2019-07-15 13:37:41,954 INFO  impl.LeaderElection (LeaderElection.java:askForVotes(181)) - e0c9f9b6-9d1a-4247-bc5c-170f3fac2efc:group-EE79DCC20932:LeaderElection9: begin an election at term 1 for -1: [f5ca9b9d-1af1-400a-94de-7573d2301393:192.168.157.240:46405, c88185e4-a2d5-434a-b735-d68aed1754a6:192.168.157.240:45992, e0c9f9b6-9d1a-4247-bc5c-170f3fac2efc:192.168.157.240:42759], old=null
2019-07-15 13:37:41,954 INFO  impl.LeaderElection (LeaderElection.java:askForVotes(181)) - f5ca9b9d-1af1-400a-94de-7573d2301393:group-EE79DCC20932:LeaderElection8: begin an election at term 1 for -1: [f5ca9b9d-1af1-400a-94de-7573d2301393:192.168.157.240:46405, c88185e4-a2d5-434a-b735-d68aed1754a6:192.168.157.240:45992, e0c9f9b6-9d1a-4247-bc5c-170f3fac2efc:192.168.157.240:42759], old=null
2019-07-15 13:37:42,010 INFO  impl.RaftServerImpl (RaftServerImpl.java:setRole(171)) - c88185e4-a2d5-434a-b735-d68aed1754a6:group-EE79DCC20932 changes role from FOLLOWER to FOLLOWER at term 1 for recognizeCandidate:f5ca9b9d-1af1-400a-94de-7573d2301393
2019-07-15 13:37:42,011 INFO  impl.RoleInfo (RoleInfo.java:shutdownFollowerState(121)) - c88185e4-a2d5-434a-b735-d68aed1754a6: shutdown FollowerState
2019-07-15 13:37:42,011 INFO  impl.RoleInfo (RoleInfo.java:updateAndGet(143)) - c88185e4-a2d5-434a-b735-d68aed1754a6: start FollowerState
2019-07-15 13:37:42,011 INFO  impl.FollowerState (FollowerState.java:run(114)) - c88185e4-a2d5-434a-b735-d68aed1754a6: FollowerState was interrupted: java.lang.InterruptedException: sleep interrupted
2019-07-15 13:37:42,044 INFO  impl.LeaderElection (LeaderElection.java:logAndReturn(56)) - f5ca9b9d-1af1-400a-94de-7573d2301393:group-EE79DCC20932:LeaderElection8: Election PASSED; received 2 response(s) [f5ca9b9d-1af1-400a-94de-7573d2301393<-c88185e4-a2d5-434a-b735-d68aed1754a6#0:OK-t1, f5ca9b9d-1af1-400a-94de-7573d2301393<-e0c9f9b6-9d1a-4247-bc5c-170f3fac2efc#0:FAIL-t1] and 0 exception(s); f5ca9b9d-1af1-400a-94de-7573d2301393:t1, leader=null, voted=f5ca9b9d-1af1-400a-94de-7573d2301393, raftlog=f5ca9b9d-1af1-400a-94de-7573d2301393-SegmentedRaftLog:OPENED:c-1,f-1,i0, conf=-1: [f5ca9b9d-1af1-400a-94de-7573d2301393:192.168.157.240:46405, c88185e4-a2d5-434a-b735-d68aed1754a6:192.168.157.240:45992, e0c9f9b6-9d1a-4247-bc5c-170f3fac2efc:192.168.157.240:42759], old=null
2019-07-15 13:37:42,044 INFO  impl.LeaderElection (LeaderElection.java:logAndReturn(56)) - e0c9f9b6-9d1a-4247-bc5c-170f3fac2efc:group-EE79DCC20932:LeaderElection9: Election REJECTED; received 2 response(s) [e0c9f9b6-9d1a-4247-bc5c-170f3fac2efc<-f5ca9b9d-1af1-400a-94de-7573d2301393#0:FAIL-t1, e0c9f9b6-9d1a-4247-bc5c-170f3fac2efc<-c88185e4-a2d5-434a-b735-d68aed1754a6#0:FAIL-t1] and 0 exception(s); e0c9f9b6-9d1a-4247-bc5c-170f3fac2efc:t1, leader=null, voted=e0c9f9b6-9d1a-4247-bc5c-170f3fac2efc, raftlog=e0c9f9b6-9d1a-4247-bc5c-170f3fac2efc-SegmentedRaftLog:OPENED:c-1,f-1,i0, conf=-1: [f5ca9b9d-1af1-400a-94de-7573d2301393:192.168.157.240:46405, c88185e4-a2d5-434a-b735-d68aed1754a6:192.168.157.240:45992, e0c9f9b6-9d1a-4247-bc5c-170f3fac2efc:192.168.157.240:42759], old=null
2019-07-15 13:37:42,045 INFO  impl.RoleInfo (RoleInfo.java:shutdownLeaderElection(134)) - f5ca9b9d-1af1-400a-94de-7573d2301393: shutdown LeaderElection
2019-07-15 13:37:42,046 INFO  impl.RaftServerImpl (RaftServerImpl.java:setRole(171)) - e0c9f9b6-9d1a-4247-bc5c-170f3fac2efc:group-EE79DCC20932 changes role from CANDIDATE to FOLLOWER at term 1 for DISCOVERED_A_NEW_TERM
2019-07-15 13:37:42,049 INFO  impl.RoleInfo (RoleInfo.java:shutdownLeaderElection(134)) - e0c9f9b6-9d1a-4247-bc5c-170f3fac2efc: shutdown LeaderElection
2019-07-15 13:37:42,049 INFO  impl.RaftServerImpl (RaftServerImpl.java:setRole(171)) - f5ca9b9d-1af1-400a-94de-7573d2301393:group-EE79DCC20932 changes role from CANDIDATE to LEADER at term 1 for changeToLeader
2019-07-15 13:37:42,054 INFO  impl.RoleInfo (RoleInfo.java:updateAndGet(143)) - e0c9f9b6-9d1a-4247-bc5c-170f3fac2efc: start FollowerState
2019-07-15 13:37:42,054 INFO  impl.RaftServerImpl (ServerState.java:setLeader(263)) - f5ca9b9d-1af1-400a-94de-7573d2301393:group-EE79DCC20932 change Leader from null to f5ca9b9d-1af1-400a-94de-7573d2301393 at term 1 for becomeLeader, leader elected after 5176ms
2019-07-15 13:37:42,058 INFO  server.RaftServerConfigKeys (ConfUtils.java:logGet(43)) - raft.server.staging.catchup.gap = 1000 (default)
2019-07-15 13:37:42,058 INFO  server.RaftServerConfigKeys (ConfUtils.java:logGet(43)) - raft.server.rpc.sleep.time = 25ms (default)
2019-07-15 13:37:42,059 INFO  server.RaftServerConfigKeys (ConfUtils.java:logGet(43)) - raft.server.write.element-limit = 4096 (default)
2019-07-15 13:37:42,059 INFO  server.RaftServerConfigKeys (ConfUtils.java:logGet(43)) - raft.server.watch.timeout = 10s (default)
2019-07-15 13:37:42,059 INFO  server.RaftServerConfigKeys (ConfUtils.java:logGet(43)) - raft.server.watch.timeout.denomination = 1s (default)
2019-07-15 13:37:42,059 INFO  server.RaftServerConfigKeys (ConfUtils.java:logGet(43)) - raft.server.watch.element-limit = 65536 (default)
2019-07-15 13:37:42,062 INFO  server.RaftServerConfigKeys (ConfUtils.java:logGet(43)) - raft.server.log.appender.snapshot.chunk.size.max = 16MB (=16777216) (default)
2019-07-15 13:37:42,062 INFO  server.RaftServerConfigKeys (ConfUtils.java:logGet(43)) - raft.server.log.appender.buffer.byte-limit = 33554432 (custom)
2019-07-15 13:37:42,063 INFO  server.RaftServerConfigKeys (ConfUtils.java:logGet(43)) - raft.server.log.appender.buffer.element-limit = 1 (custom)
2019-07-15 13:37:42,067 INFO  grpc.GrpcConfigKeys$Server (ConfUtils.java:logGet(43)) - raft.grpc.server.leader.outstanding.appends.max = 128 (default)
2019-07-15 13:37:42,069 INFO  server.RaftServerConfigKeys (ConfUtils.java:logGet(43)) - raft.server.rpc.request.timeout = 3000ms (default)
2019-07-15 13:37:42,070 INFO  server.RaftServerConfigKeys (ConfUtils.java:logGet(43)) - raft.server.log.appender.install.snapshot.enabled = false (custom)
2019-07-15 13:37:42,070 INFO  server.RaftServerConfigKeys (ConfUtils.java:logGet(43)) - raft.server.log.appender.snapshot.chunk.size.max = 16MB (=16777216) (default)
2019-07-15 13:37:42,070 INFO  server.RaftServerConfigKeys (ConfUtils.java:logGet(43)) - raft.server.log.appender.buffer.byte-limit = 33554432 (custom)
2019-07-15 13:37:42,070 INFO  server.RaftServerConfigKeys (ConfUtils.java:logGet(43)) - raft.server.log.appender.buffer.element-limit = 1 (custom)
2019-07-15 13:37:42,071 INFO  grpc.GrpcConfigKeys$Server (ConfUtils.java:logGet(43)) - raft.grpc.server.leader.outstanding.appends.max = 128 (default)
2019-07-15 13:37:42,071 INFO  server.RaftServerConfigKeys (ConfUtils.java:logGet(43)) - raft.server.rpc.request.timeout = 3000ms (default)
2019-07-15 13:37:42,071 INFO  server.RaftServerConfigKeys (ConfUtils.java:logGet(43)) - raft.server.log.appender.install.snapshot.enabled = false (custom)
2019-07-15 13:37:42,073 INFO  impl.RoleInfo (RoleInfo.java:updateAndGet(143)) - f5ca9b9d-1af1-400a-94de-7573d2301393: start LeaderState
2019-07-15 13:37:42,073 INFO  segmented.SegmentedRaftLogWorker (SegmentedRaftLogWorker.java:startLogSegment(380)) - f5ca9b9d-1af1-400a-94de-7573d2301393-SegmentedRaftLogWorker:Storage Directory /workdir/hadoop-ozone/integration-test/target/test-dir/MiniOzoneClusterImpl-3bdcca17-6f75-4f0a-8f2e-46efe3af0bf5/datanode-6/data/ratis/c756c126-c5cf-46b3-8dfc-ee79dcc20932: Starting segment from index:0
2019-07-15 13:37:42,075 INFO  impl.RaftServerImpl (ServerState.java:setRaftConf(361)) - f5ca9b9d-1af1-400a-94de-7573d2301393:group-EE79DCC20932 set configuration 0: [f5ca9b9d-1af1-400a-94de-7573d2301393:192.168.157.240:46405, c88185e4-a2d5-434a-b735-d68aed1754a6:192.168.157.240:45992, e0c9f9b6-9d1a-4247-bc5c-170f3fac2efc:192.168.157.240:42759], old=null at 0
2019-07-15 13:37:42,113 INFO  impl.RaftServerImpl (ServerState.java:setLeader(263)) - c88185e4-a2d5-434a-b735-d68aed1754a6:group-EE79DCC20932 change Leader from null to f5ca9b9d-1af1-400a-94de-7573d2301393 at term 1 for appendEntries, leader elected after 5233ms
2019-07-15 13:37:42,113 INFO  impl.RaftServerImpl (ServerState.java:setLeader(263)) - e0c9f9b6-9d1a-4247-bc5c-170f3fac2efc:group-EE79DCC20932 change Leader from null to f5ca9b9d-1af1-400a-94de-7573d2301393 at term 1 for appendEntries, leader elected after 5235ms
2019-07-15 13:37:42,119 INFO  segmented.SegmentedRaftLogWorker (SegmentedRaftLogWorker.java:execute(569)) - f5ca9b9d-1af1-400a-94de-7573d2301393-SegmentedRaftLogWorker:Storage Directory /workdir/hadoop-ozone/integration-test/target/test-dir/MiniOzoneClusterImpl-3bdcca17-6f75-4f0a-8f2e-46efe3af0bf5/datanode-6/data/ratis/c756c126-c5cf-46b3-8dfc-ee79dcc20932: created new log segment /workdir/hadoop-ozone/integration-test/target/test-dir/MiniOzoneClusterImpl-3bdcca17-6f75-4f0a-8f2e-46efe3af0bf5/datanode-6/data/ratis/c756c126-c5cf-46b3-8dfc-ee79dcc20932/current/log_inprogress_0
2019-07-15 13:37:42,119 INFO  impl.FollowerState (FollowerState.java:run(106)) - 425f8c08-d6d6-4014-b7a8-0a9aff5e72f3:group-CF6496CE4E18 changes to CANDIDATE, lastRpcTime:5088, electionTimeout:5085ms
2019-07-15 13:37:42,120 INFO  impl.RoleInfo (RoleInfo.java:shutdownFollowerState(121)) - 425f8c08-d6d6-4014-b7a8-0a9aff5e72f3: shutdown FollowerState
2019-07-15 13:37:42,120 INFO  impl.RaftServerImpl (RaftServerImpl.java:setRole(171)) - 425f8c08-d6d6-4014-b7a8-0a9aff5e72f3:group-CF6496CE4E18 changes role from FOLLOWER to CANDIDATE at term 0 for changeToCandidate
2019-07-15 13:37:42,123 INFO  impl.RoleInfo (RoleInfo.java:updateAndGet(143)) - 425f8c08-d6d6-4014-b7a8-0a9aff5e72f3: start LeaderElection
2019-07-15 13:37:42,132 INFO  impl.LeaderElection (LeaderElection.java:askForVotes(181)) - 425f8c08-d6d6-4014-b7a8-0a9aff5e72f3:group-CF6496CE4E18:LeaderElection10: begin an election at term 1 for -1: [ee1dd91a-99f6-4721-8250-5a9babfe01b8:192.168.157.240:39241, 4ebd7f08-bd7b-439e-85cf-52ad3e3612cd:192.168.157.240:34713, 425f8c08-d6d6-4014-b7a8-0a9aff5e72f3:192.168.157.240:45285], old=null
2019-07-15 13:37:42,134 INFO  impl.FollowerState (FollowerState.java:run(106)) - 4ebd7f08-bd7b-439e-85cf-52ad3e3612cd:group-CF6496CE4E18 changes to CANDIDATE, lastRpcTime:5103, electionTimeout:5101ms
2019-07-15 13:37:42,134 INFO  impl.RoleInfo (RoleInfo.java:shutdownFollowerState(121)) - 4ebd7f08-bd7b-439e-85cf-52ad3e3612cd: shutdown FollowerState
2019-07-15 13:37:42,134 INFO  impl.RaftServerImpl (RaftServerImpl.java:setRole(171)) - 4ebd7f08-bd7b-439e-85cf-52ad3e3612cd:group-CF6496CE4E18 changes role from FOLLOWER to CANDIDATE at term 0 for changeToCandidate
2019-07-15 13:37:42,134 INFO  impl.RoleInfo (RoleInfo.java:updateAndGet(143)) - 4ebd7f08-bd7b-439e-85cf-52ad3e3612cd: start LeaderElection
2019-07-15 13:37:42,154 INFO  impl.LeaderElection (LeaderElection.java:askForVotes(181)) - 4ebd7f08-bd7b-439e-85cf-52ad3e3612cd:group-CF6496CE4E18:LeaderElection11: begin an election at term 1 for -1: [ee1dd91a-99f6-4721-8250-5a9babfe01b8:192.168.157.240:39241, 4ebd7f08-bd7b-439e-85cf-52ad3e3612cd:192.168.157.240:34713, 425f8c08-d6d6-4014-b7a8-0a9aff5e72f3:192.168.157.240:45285], old=null
2019-07-15 13:37:42,158 INFO  impl.RaftServerImpl (RaftServerImpl.java:setRole(171)) - ee1dd91a-99f6-4721-8250-5a9babfe01b8:group-CF6496CE4E18 changes role from FOLLOWER to FOLLOWER at term 1 for recognizeCandidate:425f8c08-d6d6-4014-b7a8-0a9aff5e72f3
2019-07-15 13:37:42,158 INFO  impl.RoleInfo (RoleInfo.java:shutdownFollowerState(121)) - ee1dd91a-99f6-4721-8250-5a9babfe01b8: shutdown FollowerState
2019-07-15 13:37:42,158 INFO  impl.RoleInfo (RoleInfo.java:updateAndGet(143)) - ee1dd91a-99f6-4721-8250-5a9babfe01b8: start FollowerState
2019-07-15 13:37:42,158 INFO  impl.FollowerState (FollowerState.java:run(114)) - ee1dd91a-99f6-4721-8250-5a9babfe01b8: FollowerState was interrupted: java.lang.InterruptedException: sleep interrupted
2019-07-15 13:37:42,168 INFO  impl.RaftServerImpl (ServerState.java:setRaftConf(361)) - c88185e4-a2d5-434a-b735-d68aed1754a6:group-EE79DCC20932 set configuration 0: [f5ca9b9d-1af1-400a-94de-7573d2301393:192.168.157.240:46405, c88185e4-a2d5-434a-b735-d68aed1754a6:192.168.157.240:45992, e0c9f9b6-9d1a-4247-bc5c-170f3fac2efc:192.168.157.240:42759], old=null at 0
2019-07-15 13:37:42,168 INFO  impl.RaftServerImpl (ServerState.java:setRaftConf(361)) - e0c9f9b6-9d1a-4247-bc5c-170f3fac2efc:group-EE79DCC20932 set configuration 0: [f5ca9b9d-1af1-400a-94de-7573d2301393:192.168.157.240:46405, c88185e4-a2d5-434a-b735-d68aed1754a6:192.168.157.240:45992, e0c9f9b6-9d1a-4247-bc5c-170f3fac2efc:192.168.157.240:42759], old=null at 0
2019-07-15 13:37:42,168 INFO  segmented.SegmentedRaftLogWorker (SegmentedRaftLogWorker.java:startLogSegment(380)) - c88185e4-a2d5-434a-b735-d68aed1754a6-SegmentedRaftLogWorker:Storage Directory /workdir/hadoop-ozone/integration-test/target/test-dir/MiniOzoneClusterImpl-3bdcca17-6f75-4f0a-8f2e-46efe3af0bf5/datanode-3/data/ratis/c756c126-c5cf-46b3-8dfc-ee79dcc20932: Starting segment from index:0
2019-07-15 13:37:42,168 INFO  segmented.SegmentedRaftLogWorker (SegmentedRaftLogWorker.java:startLogSegment(380)) - e0c9f9b6-9d1a-4247-bc5c-170f3fac2efc-SegmentedRaftLogWorker:Storage Directory /workdir/hadoop-ozone/integration-test/target/test-dir/MiniOzoneClusterImpl-3bdcca17-6f75-4f0a-8f2e-46efe3af0bf5/datanode-5/data/ratis/c756c126-c5cf-46b3-8dfc-ee79dcc20932: Starting segment from index:0
2019-07-15 13:37:42,205 INFO  segmented.SegmentedRaftLogWorker (SegmentedRaftLogWorker.java:execute(569)) - c88185e4-a2d5-434a-b735-d68aed1754a6-SegmentedRaftLogWorker:Storage Directory /workdir/hadoop-ozone/integration-test/target/test-dir/MiniOzoneClusterImpl-3bdcca17-6f75-4f0a-8f2e-46efe3af0bf5/datanode-3/data/ratis/c756c126-c5cf-46b3-8dfc-ee79dcc20932: created new log segment /workdir/hadoop-ozone/integration-test/target/test-dir/MiniOzoneClusterImpl-3bdcca17-6f75-4f0a-8f2e-46efe3af0bf5/datanode-3/data/ratis/c756c126-c5cf-46b3-8dfc-ee79dcc20932/current/log_inprogress_0
2019-07-15 13:37:42,214 INFO  impl.LeaderElection (LeaderElection.java:logAndReturn(56)) - 4ebd7f08-bd7b-439e-85cf-52ad3e3612cd:group-CF6496CE4E18:LeaderElection11: Election REJECTED; received 2 response(s) [4ebd7f08-bd7b-439e-85cf-52ad3e3612cd<-ee1dd91a-99f6-4721-8250-5a9babfe01b8#0:FAIL-t1, 4ebd7f08-bd7b-439e-85cf-52ad3e3612cd<-425f8c08-d6d6-4014-b7a8-0a9aff5e72f3#0:FAIL-t1] and 0 exception(s); 4ebd7f08-bd7b-439e-85cf-52ad3e3612cd:t1, leader=null, voted=4ebd7f08-bd7b-439e-85cf-52ad3e3612cd, raftlog=4ebd7f08-bd7b-439e-85cf-52ad3e3612cd-SegmentedRaftLog:OPENED:c-1,f-1,i0, conf=-1: [ee1dd91a-99f6-4721-8250-5a9babfe01b8:192.168.157.240:39241, 4ebd7f08-bd7b-439e-85cf-52ad3e3612cd:192.168.157.240:34713, 425f8c08-d6d6-4014-b7a8-0a9aff5e72f3:192.168.157.240:45285], old=null
2019-07-15 13:37:42,214 INFO  impl.LeaderElection (LeaderElection.java:logAndReturn(56)) - 425f8c08-d6d6-4014-b7a8-0a9aff5e72f3:group-CF6496CE4E18:LeaderElection10: Election PASSED; received 2 response(s) [425f8c08-d6d6-4014-b7a8-0a9aff5e72f3<-ee1dd91a-99f6-4721-8250-5a9babfe01b8#0:OK-t1, 425f8c08-d6d6-4014-b7a8-0a9aff5e72f3<-4ebd7f08-bd7b-439e-85cf-52ad3e3612cd#0:FAIL-t1] and 0 exception(s); 425f8c08-d6d6-4014-b7a8-0a9aff5e72f3:t1, leader=null, voted=425f8c08-d6d6-4014-b7a8-0a9aff5e72f3, raftlog=425f8c08-d6d6-4014-b7a8-0a9aff5e72f3-SegmentedRaftLog:OPENED:c-1,f-1,i0, conf=-1: [ee1dd91a-99f6-4721-8250-5a9babfe01b8:192.168.157.240:39241, 4ebd7f08-bd7b-439e-85cf-52ad3e3612cd:192.168.157.240:34713, 425f8c08-d6d6-4014-b7a8-0a9aff5e72f3:192.168.157.240:45285], old=null
2019-07-15 13:37:42,216 INFO  impl.RaftServerImpl (RaftServerImpl.java:setRole(171)) - 4ebd7f08-bd7b-439e-85cf-52ad3e3612cd:group-CF6496CE4E18 changes role from CANDIDATE to FOLLOWER at term 1 for DISCOVERED_A_NEW_TERM
2019-07-15 13:37:42,222 INFO  segmented.SegmentedRaftLogWorker (SegmentedRaftLogWorker.java:execute(569)) - e0c9f9b6-9d1a-4247-bc5c-170f3fac2efc-SegmentedRaftLogWorker:Storage Directory /workdir/hadoop-ozone/integration-test/target/test-dir/MiniOzoneClusterImpl-3bdcca17-6f75-4f0a-8f2e-46efe3af0bf5/datanode-5/data/ratis/c756c126-c5cf-46b3-8dfc-ee79dcc20932: created new log segment /workdir/hadoop-ozone/integration-test/target/test-dir/MiniOzoneClusterImpl-3bdcca17-6f75-4f0a-8f2e-46efe3af0bf5/datanode-5/data/ratis/c756c126-c5cf-46b3-8dfc-ee79dcc20932/current/log_inprogress_0
2019-07-15 13:37:42,222 INFO  impl.RoleInfo (RoleInfo.java:shutdownLeaderElection(134)) - 425f8c08-d6d6-4014-b7a8-0a9aff5e72f3: shutdown LeaderElection
2019-07-15 13:37:42,225 INFO  impl.RoleInfo (RoleInfo.java:shutdownLeaderElection(134)) - 4ebd7f08-bd7b-439e-85cf-52ad3e3612cd: shutdown LeaderElection
2019-07-15 13:37:42,227 INFO  impl.RaftServerImpl (RaftServerImpl.java:setRole(171)) - 425f8c08-d6d6-4014-b7a8-0a9aff5e72f3:group-CF6496CE4E18 changes role from CANDIDATE to LEADER at term 1 for changeToLeader
2019-07-15 13:37:42,227 INFO  impl.RoleInfo (RoleInfo.java:updateAndGet(143)) - 4ebd7f08-bd7b-439e-85cf-52ad3e3612cd: start FollowerState
2019-07-15 13:37:42,228 INFO  impl.RaftServerImpl (ServerState.java:setLeader(263)) - 425f8c08-d6d6-4014-b7a8-0a9aff5e72f3:group-CF6496CE4E18 change Leader from null to 425f8c08-d6d6-4014-b7a8-0a9aff5e72f3 at term 1 for becomeLeader, leader elected after 5219ms
2019-07-15 13:37:42,228 INFO  server.RaftServerConfigKeys (ConfUtils.java:logGet(43)) - raft.server.staging.catchup.gap = 1000 (default)
2019-07-15 13:37:42,230 INFO  server.RaftServerConfigKeys (ConfUtils.java:logGet(43)) - raft.server.rpc.sleep.time = 25ms (default)
2019-07-15 13:37:42,230 INFO  server.RaftServerConfigKeys (ConfUtils.java:logGet(43)) - raft.server.write.element-limit = 4096 (default)
2019-07-15 13:37:42,230 INFO  server.RaftServerConfigKeys (ConfUtils.java:logGet(43)) - raft.server.watch.timeout = 10s (default)
2019-07-15 13:37:42,230 INFO  server.RaftServerConfigKeys (ConfUtils.java:logGet(43)) - raft.server.watch.timeout.denomination = 1s (default)
2019-07-15 13:37:42,231 INFO  server.RaftServerConfigKeys (ConfUtils.java:logGet(43)) - raft.server.watch.element-limit = 65536 (default)
2019-07-15 13:37:42,231 INFO  server.RaftServerConfigKeys (ConfUtils.java:logGet(43)) - raft.server.log.appender.snapshot.chunk.size.max = 16MB (=16777216) (default)
2019-07-15 13:37:42,231 INFO  server.RaftServerConfigKeys (ConfUtils.java:logGet(43)) - raft.server.log.appender.buffer.byte-limit = 33554432 (custom)
2019-07-15 13:37:42,231 INFO  server.RaftServerConfigKeys (ConfUtils.java:logGet(43)) - raft.server.log.appender.buffer.element-limit = 1 (custom)
2019-07-15 13:37:42,232 INFO  grpc.GrpcConfigKeys$Server (ConfUtils.java:logGet(43)) - raft.grpc.server.leader.outstanding.appends.max = 128 (default)
2019-07-15 13:37:42,232 INFO  server.RaftServerConfigKeys (ConfUtils.java:logGet(43)) - raft.server.rpc.request.timeout = 3000ms (default)
2019-07-15 13:37:42,232 INFO  server.RaftServerConfigKeys (ConfUtils.java:logGet(43)) - raft.server.log.appender.install.snapshot.enabled = false (custom)
2019-07-15 13:37:42,232 INFO  server.RaftServerConfigKeys (ConfUtils.java:logGet(43)) - raft.server.log.appender.snapshot.chunk.size.max = 16MB (=16777216) (default)
2019-07-15 13:37:42,233 INFO  server.RaftServerConfigKeys (ConfUtils.java:logGet(43)) - raft.server.log.appender.buffer.byte-limit = 33554432 (custom)
2019-07-15 13:37:42,233 INFO  server.RaftServerConfigKeys (ConfUtils.java:logGet(43)) - raft.server.log.appender.buffer.element-limit = 1 (custom)
2019-07-15 13:37:42,233 INFO  grpc.GrpcConfigKeys$Server (ConfUtils.java:logGet(43)) - raft.grpc.server.leader.outstanding.appends.max = 128 (default)
2019-07-15 13:37:42,233 INFO  server.RaftServerConfigKeys (ConfUtils.java:logGet(43)) - raft.server.rpc.request.timeout = 3000ms (default)
2019-07-15 13:37:42,233 INFO  server.RaftServerConfigKeys (ConfUtils.java:logGet(43)) - raft.server.log.appender.install.snapshot.enabled = false (custom)
2019-07-15 13:37:42,234 INFO  impl.RoleInfo (RoleInfo.java:updateAndGet(143)) - 425f8c08-d6d6-4014-b7a8-0a9aff5e72f3: start LeaderState
2019-07-15 13:37:42,234 INFO  segmented.SegmentedRaftLogWorker (SegmentedRaftLogWorker.java:startLogSegment(380)) - 425f8c08-d6d6-4014-b7a8-0a9aff5e72f3-SegmentedRaftLogWorker:Storage Directory /workdir/hadoop-ozone/integration-test/target/test-dir/MiniOzoneClusterImpl-3bdcca17-6f75-4f0a-8f2e-46efe3af0bf5/datanode-0/data/ratis/7b20e572-ed3b-46ff-9ad4-cf6496ce4e18: Starting segment from index:0
2019-07-15 13:37:42,235 INFO  impl.RaftServerImpl (ServerState.java:setRaftConf(361)) - 425f8c08-d6d6-4014-b7a8-0a9aff5e72f3:group-CF6496CE4E18 set configuration 0: [ee1dd91a-99f6-4721-8250-5a9babfe01b8:192.168.157.240:39241, 4ebd7f08-bd7b-439e-85cf-52ad3e3612cd:192.168.157.240:34713, 425f8c08-d6d6-4014-b7a8-0a9aff5e72f3:192.168.157.240:45285], old=null at 0
2019-07-15 13:37:42,254 INFO  impl.RaftServerImpl (ServerState.java:setLeader(263)) - 4ebd7f08-bd7b-439e-85cf-52ad3e3612cd:group-CF6496CE4E18 change Leader from null to 425f8c08-d6d6-4014-b7a8-0a9aff5e72f3 at term 1 for appendEntries, leader elected after 5245ms
2019-07-15 13:37:42,254 INFO  impl.RaftServerImpl (ServerState.java:setLeader(263)) - ee1dd91a-99f6-4721-8250-5a9babfe01b8:group-CF6496CE4E18 change Leader from null to 425f8c08-d6d6-4014-b7a8-0a9aff5e72f3 at term 1 for appendEntries, leader elected after 5246ms
2019-07-15 13:37:42,258 INFO  impl.RaftServerImpl (ServerState.java:setRaftConf(361)) - ee1dd91a-99f6-4721-8250-5a9babfe01b8:group-CF6496CE4E18 set configuration 0: [ee1dd91a-99f6-4721-8250-5a9babfe01b8:192.168.157.240:39241, 4ebd7f08-bd7b-439e-85cf-52ad3e3612cd:192.168.157.240:34713, 425f8c08-d6d6-4014-b7a8-0a9aff5e72f3:192.168.157.240:45285], old=null at 0
2019-07-15 13:37:42,258 INFO  segmented.SegmentedRaftLogWorker (SegmentedRaftLogWorker.java:startLogSegment(380)) - ee1dd91a-99f6-4721-8250-5a9babfe01b8-SegmentedRaftLogWorker:Storage Directory /workdir/hadoop-ozone/integration-test/target/test-dir/MiniOzoneClusterImpl-3bdcca17-6f75-4f0a-8f2e-46efe3af0bf5/datanode-2/data/ratis/7b20e572-ed3b-46ff-9ad4-cf6496ce4e18: Starting segment from index:0
2019-07-15 13:37:42,258 INFO  impl.RaftServerImpl (ServerState.java:setRaftConf(361)) - 4ebd7f08-bd7b-439e-85cf-52ad3e3612cd:group-CF6496CE4E18 set configuration 0: [ee1dd91a-99f6-4721-8250-5a9babfe01b8:192.168.157.240:39241, 4ebd7f08-bd7b-439e-85cf-52ad3e3612cd:192.168.157.240:34713, 425f8c08-d6d6-4014-b7a8-0a9aff5e72f3:192.168.157.240:45285], old=null at 0
2019-07-15 13:37:42,259 INFO  segmented.SegmentedRaftLogWorker (SegmentedRaftLogWorker.java:startLogSegment(380)) - 4ebd7f08-bd7b-439e-85cf-52ad3e3612cd-SegmentedRaftLogWorker:Storage Directory /workdir/hadoop-ozone/integration-test/target/test-dir/MiniOzoneClusterImpl-3bdcca17-6f75-4f0a-8f2e-46efe3af0bf5/datanode-1/data/ratis/7b20e572-ed3b-46ff-9ad4-cf6496ce4e18: Starting segment from index:0
2019-07-15 13:37:42,275 INFO  segmented.SegmentedRaftLogWorker (SegmentedRaftLogWorker.java:execute(569)) - 425f8c08-d6d6-4014-b7a8-0a9aff5e72f3-SegmentedRaftLogWorker:Storage Directory /workdir/hadoop-ozone/integration-test/target/test-dir/MiniOzoneClusterImpl-3bdcca17-6f75-4f0a-8f2e-46efe3af0bf5/datanode-0/data/ratis/7b20e572-ed3b-46ff-9ad4-cf6496ce4e18: created new log segment /workdir/hadoop-ozone/integration-test/target/test-dir/MiniOzoneClusterImpl-3bdcca17-6f75-4f0a-8f2e-46efe3af0bf5/datanode-0/data/ratis/7b20e572-ed3b-46ff-9ad4-cf6496ce4e18/current/log_inprogress_0
2019-07-15 13:37:42,291 INFO  segmented.SegmentedRaftLogWorker (SegmentedRaftLogWorker.java:execute(569)) - ee1dd91a-99f6-4721-8250-5a9babfe01b8-SegmentedRaftLogWorker:Storage Directory /workdir/hadoop-ozone/integration-test/target/test-dir/MiniOzoneClusterImpl-3bdcca17-6f75-4f0a-8f2e-46efe3af0bf5/datanode-2/data/ratis/7b20e572-ed3b-46ff-9ad4-cf6496ce4e18: created new log segment /workdir/hadoop-ozone/integration-test/target/test-dir/MiniOzoneClusterImpl-3bdcca17-6f75-4f0a-8f2e-46efe3af0bf5/datanode-2/data/ratis/7b20e572-ed3b-46ff-9ad4-cf6496ce4e18/current/log_inprogress_0
2019-07-15 13:37:42,292 INFO  segmented.SegmentedRaftLogWorker (SegmentedRaftLogWorker.java:execute(569)) - 4ebd7f08-bd7b-439e-85cf-52ad3e3612cd-SegmentedRaftLogWorker:Storage Directory /workdir/hadoop-ozone/integration-test/target/test-dir/MiniOzoneClusterImpl-3bdcca17-6f75-4f0a-8f2e-46efe3af0bf5/datanode-1/data/ratis/7b20e572-ed3b-46ff-9ad4-cf6496ce4e18: created new log segment /workdir/hadoop-ozone/integration-test/target/test-dir/MiniOzoneClusterImpl-3bdcca17-6f75-4f0a-8f2e-46efe3af0bf5/datanode-1/data/ratis/7b20e572-ed3b-46ff-9ad4-cf6496ce4e18/current/log_inprogress_0
2019-07-15 13:37:42,296 INFO  client.GrpcClientProtocolClient (GrpcClientProtocolClient.java:onNext(255)) - client-D96D907BCCD9->c88185e4-a2d5-434a-b735-d68aed1754a6: receive RaftClientReply:client-D96D907BCCD9->c88185e4-a2d5-434a-b735-d68aed1754a6@group-EE79DCC20932, cid=13, FAILED org.apache.ratis.protocol.NotLeaderException: Server c88185e4-a2d5-434a-b735-d68aed1754a6 is not the leader (f5ca9b9d-1af1-400a-94de-7573d2301393:192.168.157.240:46405). Request must be sent to leader., logIndex=0, commits[c88185e4-a2d5-434a-b735-d68aed1754a6:c0, f5ca9b9d-1af1-400a-94de-7573d2301393:c0, e0c9f9b6-9d1a-4247-bc5c-170f3fac2efc:c-1]
2019-07-15 13:37:42,316 WARN  io.KeyOutputStream (KeyOutputStream.java:handleException(276)) - Encountered exception java.io.IOException: Unexpected Storage Container Exception: java.util.concurrent.CompletionException: java.util.concurrent.CompletionException: org.apache.ratis.protocol.RaftRetryFailureException: Failed RaftClientRequest:client-D96D907BCCD9->c88185e4-a2d5-434a-b735-d68aed1754a6@group-EE79DCC20932, cid=13, seq=1*, RW, org.apache.hadoop.hdds.scm.XceiverClientRatis$$Lambda$311/674659751@38431d0b for 5 attempts with RetryLimited(maxAttempts=5, sleepTime=1000ms) on the pipeline Pipeline[ Id: c756c126-c5cf-46b3-8dfc-ee79dcc20932, Nodes: e0c9f9b6-9d1a-4247-bc5c-170f3fac2efc{ip: 192.168.157.240, host: trunk-nightly-hvlc9-701369690, networkLocation: /default-rack, certSerialId: null}f5ca9b9d-1af1-400a-94de-7573d2301393{ip: 192.168.157.240, host: trunk-nightly-hvlc9-701369690, networkLocation: /default-rack, certSerialId: null}c88185e4-a2d5-434a-b735-d68aed1754a6{ip: 192.168.157.240, host: trunk-nightly-hvlc9-701369690, networkLocation: /default-rack, certSerialId: null}, Type:RATIS, Factor:THREE, State:OPEN]. The last committed block length is 0, uncommitted data length is 400 retry count 0
2019-07-15 13:37:42,352 INFO  client.GrpcClientProtocolClient (GrpcClientProtocolClient.java:onNext(255)) - client-5EE6ED3EE72E->4ebd7f08-bd7b-439e-85cf-52ad3e3612cd: receive RaftClientReply:client-5EE6ED3EE72E->4ebd7f08-bd7b-439e-85cf-52ad3e3612cd@group-CF6496CE4E18, cid=19, FAILED org.apache.ratis.protocol.NotLeaderException: Server 4ebd7f08-bd7b-439e-85cf-52ad3e3612cd is not the leader (425f8c08-d6d6-4014-b7a8-0a9aff5e72f3:192.168.157.240:45285). Request must be sent to leader., logIndex=0, commits[4ebd7f08-bd7b-439e-85cf-52ad3e3612cd:c-1, ee1dd91a-99f6-4721-8250-5a9babfe01b8:c-1, 425f8c08-d6d6-4014-b7a8-0a9aff5e72f3:c-1]
2019-07-15 13:37:42,591 INFO  client.GrpcClientProtocolClient (GrpcClientProtocolClient.java:onNext(255)) - client-5EE6ED3EE72E->425f8c08-d6d6-4014-b7a8-0a9aff5e72f3: receive RaftClientReply:client-5EE6ED3EE72E->425f8c08-d6d6-4014-b7a8-0a9aff5e72f3@group-CF6496CE4E18, cid=19, SUCCESS, logIndex=1, commits[425f8c08-d6d6-4014-b7a8-0a9aff5e72f3:c1, ee1dd91a-99f6-4721-8250-5a9babfe01b8:c0, 4ebd7f08-bd7b-439e-85cf-52ad3e3612cd:c-1]
2019-07-15 13:37:42,620 INFO  client.GrpcClientProtocolClient (GrpcClientProtocolClient.java:onNext(255)) - client-5EE6ED3EE72E->425f8c08-d6d6-4014-b7a8-0a9aff5e72f3: receive RaftClientReply:client-5EE6ED3EE72E->425f8c08-d6d6-4014-b7a8-0a9aff5e72f3@group-CF6496CE4E18, cid=20, SUCCESS, logIndex=3, commits[425f8c08-d6d6-4014-b7a8-0a9aff5e72f3:c3, ee1dd91a-99f6-4721-8250-5a9babfe01b8:c2, 4ebd7f08-bd7b-439e-85cf-52ad3e3612cd:c1]
2019-07-15 13:37:42,718 INFO  client.GrpcClientProtocolClient (GrpcClientProtocolClient.java:onNext(255)) - client-5EE6ED3EE72E->425f8c08-d6d6-4014-b7a8-0a9aff5e72f3: receive RaftClientReply:client-5EE6ED3EE72E->425f8c08-d6d6-4014-b7a8-0a9aff5e72f3@group-CF6496CE4E18, cid=21, SUCCESS, logIndex=4, commits[425f8c08-d6d6-4014-b7a8-0a9aff5e72f3:c12, ee1dd91a-99f6-4721-8250-5a9babfe01b8:c9, 4ebd7f08-bd7b-439e-85cf-52ad3e3612cd:c9]
2019-07-15 13:37:42,721 INFO  client.GrpcClientProtocolClient (GrpcClientProtocolClient.java:onNext(255)) - client-5EE6ED3EE72E->425f8c08-d6d6-4014-b7a8-0a9aff5e72f3: receive RaftClientReply:client-5EE6ED3EE72E->425f8c08-d6d6-4014-b7a8-0a9aff5e72f3@group-CF6496CE4E18, cid=22, SUCCESS, logIndex=6, commits[425f8c08-d6d6-4014-b7a8-0a9aff5e72f3:c12, ee1dd91a-99f6-4721-8250-5a9babfe01b8:c9, 4ebd7f08-bd7b-439e-85cf-52ad3e3612cd:c9]
2019-07-15 13:37:42,722 INFO  client.GrpcClientProtocolClient (GrpcClientProtocolClient.java:onNext(255)) - client-5EE6ED3EE72E->425f8c08-d6d6-4014-b7a8-0a9aff5e72f3: receive RaftClientReply:client-5EE6ED3EE72E->425f8c08-d6d6-4014-b7a8-0a9aff5e72f3@group-CF6496CE4E18, cid=23, SUCCESS, logIndex=7, commits[425f8c08-d6d6-4014-b7a8-0a9aff5e72f3:c12, ee1dd91a-99f6-4721-8250-5a9babfe01b8:c9, 4ebd7f08-bd7b-439e-85cf-52ad3e3612cd:c9]
2019-07-15 13:37:42,787 INFO  client.GrpcClientProtocolClient (GrpcClientProtocolClient.java:onNext(255)) - client-5EE6ED3EE72E->425f8c08-d6d6-4014-b7a8-0a9aff5e72f3: receive RaftClientReply:client-5EE6ED3EE72E->425f8c08-d6d6-4014-b7a8-0a9aff5e72f3@group-CF6496CE4E18, cid=24, SUCCESS, logIndex=9, commits[425f8c08-d6d6-4014-b7a8-0a9aff5e72f3:c12, ee1dd91a-99f6-4721-8250-5a9babfe01b8:c9, 4ebd7f08-bd7b-439e-85cf-52ad3e3612cd:c9]
]]></system-out>
    <system-err><![CDATA[ERROR StatusLogger No Log4j 2 configuration file found. Using default configuration (logging only errors to the console), or user programmatically provided configurations. Set system property 'log4j2.debug' to show Log4j 2 internal initialization logging. See https://logging.apache.org/log4j/2.x/manual/configuration.html for instructions on how to configure Log4j 2
Jul 15, 2019 1:37:30 PM com.sun.jersey.server.impl.application.WebApplicationImpl _initiate
INFO: Initiating Jersey application, version 'Jersey: 1.19 02/11/2015 03:25 AM'
Jul 15, 2019 1:37:31 PM com.sun.jersey.server.impl.application.WebApplicationImpl _initiate
INFO: Initiating Jersey application, version 'Jersey: 1.19 02/11/2015 03:25 AM'
Jul 15, 2019 1:37:31 PM com.sun.jersey.server.impl.application.WebApplicationImpl _initiate
INFO: Initiating Jersey application, version 'Jersey: 1.19 02/11/2015 03:25 AM'
Jul 15, 2019 1:37:31 PM com.sun.jersey.server.impl.application.WebApplicationImpl _initiate
INFO: Initiating Jersey application, version 'Jersey: 1.19 02/11/2015 03:25 AM'
Jul 15, 2019 1:37:31 PM com.sun.jersey.server.impl.application.WebApplicationImpl _initiate
INFO: Initiating Jersey application, version 'Jersey: 1.19 02/11/2015 03:25 AM'
Jul 15, 2019 1:37:32 PM com.sun.jersey.server.impl.application.WebApplicationImpl _initiate
INFO: Initiating Jersey application, version 'Jersey: 1.19 02/11/2015 03:25 AM'
Jul 15, 2019 1:37:32 PM com.sun.jersey.server.impl.application.WebApplicationImpl _initiate
INFO: Initiating Jersey application, version 'Jersey: 1.19 02/11/2015 03:25 AM'
]]></system-err>
  </testcase>
  <testcase name="testWatchForCommitWithSmallerTimeoutValue" classname="org.apache.hadoop.ozone.client.rpc.TestWatchForCommit" time="44.111"/>
  <testcase name="testWatchForCommitForRetryfailure" classname="org.apache.hadoop.ozone.client.rpc.TestWatchForCommit" time="53.305"/>
  <testcase name="testWatchForCommitForGroupMismatchException" classname="org.apache.hadoop.ozone.client.rpc.TestWatchForCommit" time="43.022"/>
  <testcase name="test2WayCommitForTimeoutException" classname="org.apache.hadoop.ozone.client.rpc.TestWatchForCommit" time="35.887"/>
  <testcase name="test2WayCommitForRetryfailure" classname="org.apache.hadoop.ozone.client.rpc.TestWatchForCommit" time="43.052"/>
</testsuite>