<?xml version="1.0" encoding="UTF-8"?>
<testsuite xmlns:xsi="http://www.w3.org/2001/XMLSchema-instance" xsi:noNamespaceSchemaLocation="https://maven.apache.org/surefire/maven-surefire-plugin/xsd/surefire-test-report.xsd" name="org.apache.hadoop.ozone.client.rpc.TestBlockOutputStreamWithFailures" time="734.059" tests="8" errors="5" skipped="0" failures="0">
  <properties>
    <property name="awt.toolkit" value="sun.awt.X11.XToolkit"/>
    <property name="file.encoding.pkg" value="sun.io"/>
    <property name="java.specification.version" value="1.8"/>
    <property name="sun.cpu.isalist" value=""/>
    <property name="sun.jnu.encoding" value="UTF-8"/>
    <property name="java.class.path" value="/workdir/hadoop-ozone/integration-test/target/test-classes:/workdir/hadoop-ozone/integration-test/target/classes:/home/user/.m2/repository/org/apache/hadoop/hadoop-ozone-common/0.5.0-SNAPSHOT/hadoop-ozone-common-0.5.0-SNAPSHOT.jar:/home/user/.m2/repository/org/apache/commons/commons-compress/1.4.1/commons-compress-1.4.1.jar:/home/user/.m2/repository/org/tukaani/xz/1.0/xz-1.0.jar:/home/user/.m2/repository/org/apache/hadoop/hadoop-common/3.2.0/hadoop-common-3.2.0.jar:/home/user/.m2/repository/org/apache/hadoop/hadoop-hdfs/3.2.0/hadoop-hdfs-3.2.0.jar:/home/user/.m2/repository/org/apache/hadoop/hadoop-hdfs-client/3.2.0/hadoop-hdfs-client-3.2.0.jar:/home/user/.m2/repository/com/fasterxml/jackson/core/jackson-annotations/2.9.5/jackson-annotations-2.9.5.jar:/home/user/.m2/repository/org/apache/hadoop/hadoop-hdds-common/0.5.0-SNAPSHOT/hadoop-hdds-common-0.5.0-SNAPSHOT.jar:/home/user/.m2/repository/javax/annotation/javax.annotation-api/1.2/javax.annotation-api-1.2.jar:/home/user/.m2/repository/org/apache/ratis/ratis-server/0.4.0-2337318-SNAPSHOT/ratis-server-0.4.0-2337318-SNAPSHOT.jar:/home/user/.m2/repository/org/apache/ratis/ratis-thirdparty-misc/0.2.0/ratis-thirdparty-misc-0.2.0.jar:/home/user/.m2/repository/org/apache/ratis/ratis-proto/0.4.0-2337318-SNAPSHOT/ratis-proto-0.4.0-2337318-SNAPSHOT.jar:/home/user/.m2/repository/org/apache/ratis/ratis-common/0.4.0-2337318-SNAPSHOT/ratis-common-0.4.0-2337318-SNAPSHOT.jar:/home/user/.m2/repository/org/apache/ratis/ratis-client/0.4.0-2337318-SNAPSHOT/ratis-client-0.4.0-2337318-SNAPSHOT.jar:/home/user/.m2/repository/org/apache/ratis/ratis-metrics/0.4.0-2337318-SNAPSHOT/ratis-metrics-0.4.0-2337318-SNAPSHOT.jar:/home/user/.m2/repository/org/apache/ratis/ratis-netty/0.4.0-2337318-SNAPSHOT/ratis-netty-0.4.0-2337318-SNAPSHOT.jar:/home/user/.m2/repository/org/apache/ratis/ratis-grpc/0.4.0-2337318-SNAPSHOT/ratis-grpc-0.4.0-2337318-SNAPSHOT.jar:/home/user/.m2/repository/org/rocksdb/rocksdbjni/6.0.1/rocksdbjni-6.0.1.jar:/home/user/.m2/repository/org/apache/logging/log4j/log4j-api/2.11.0/log4j-api-2.11.0.jar:/home/user/.m2/repository/org/apache/logging/log4j/log4j-core/2.11.0/log4j-core-2.11.0.jar:/home/user/.m2/repository/com/lmax/disruptor/3.4.2/disruptor-3.4.2.jar:/home/user/.m2/repository/org/apache/commons/commons-pool2/2.6.0/commons-pool2-2.6.0.jar:/home/user/.m2/repository/org/bouncycastle/bcpkix-jdk15on/1.60/bcpkix-jdk15on-1.60.jar:/home/user/.m2/repository/commons-validator/commons-validator/1.6/commons-validator-1.6.jar:/home/user/.m2/repository/commons-digester/commons-digester/1.8.1/commons-digester-1.8.1.jar:/home/user/.m2/repository/io/jaegertracing/jaeger-client/0.33.1/jaeger-client-0.33.1.jar:/home/user/.m2/repository/io/jaegertracing/jaeger-thrift/0.33.1/jaeger-thrift-0.33.1.jar:/home/user/.m2/repository/org/apache/thrift/libthrift/0.11.0/libthrift-0.11.0.jar:/home/user/.m2/repository/com/squareup/okhttp3/okhttp/3.9.0/okhttp-3.9.0.jar:/home/user/.m2/repository/com/squareup/okio/okio/1.13.0/okio-1.13.0.jar:/home/user/.m2/repository/io/jaegertracing/jaeger-core/0.33.1/jaeger-core-0.33.1.jar:/home/user/.m2/repository/io/jaegertracing/jaeger-tracerresolver/0.33.1/jaeger-tracerresolver-0.33.1.jar:/home/user/.m2/repository/io/opentracing/contrib/opentracing-tracerresolver/0.1.5/opentracing-tracerresolver-0.1.5.jar:/home/user/.m2/repository/io/opentracing/opentracing-util/0.31.0/opentracing-util-0.31.0.jar:/home/user/.m2/repository/io/opentracing/opentracing-api/0.31.0/opentracing-api-0.31.0.jar:/home/user/.m2/repository/io/opentracing/opentracing-noop/0.31.0/opentracing-noop-0.31.0.jar:/home/user/.m2/repository/org/apache/hadoop/hadoop-hdds-server-framework/0.5.0-SNAPSHOT/hadoop-hdds-server-framework-0.5.0-SNAPSHOT.jar:/home/user/.m2/repository/org/apache/hadoop/hadoop-hdds-container-service/0.5.0-SNAPSHOT/hadoop-hdds-container-service-0.5.0-SNAPSHOT.jar:/home/user/.m2/repository/org/apache/hadoop/hadoop-hdds-client/0.5.0-SNAPSHOT/hadoop-hdds-client-0.5.0-SNAPSHOT.jar:/home/user/.m2/repository/org/apache/hadoop/hadoop-hdds-tools/0.5.0-SNAPSHOT/hadoop-hdds-tools-0.5.0-SNAPSHOT.jar:/home/user/.m2/repository/org/apache/hadoop/hadoop-hdds-server-scm/0.5.0-SNAPSHOT/hadoop-hdds-server-scm-0.5.0-SNAPSHOT.jar:/home/user/.m2/repository/org/apache/hadoop/hadoop-hdds-docs/0.5.0-SNAPSHOT/hadoop-hdds-docs-0.5.0-SNAPSHOT.jar:/home/user/.m2/repository/io/dropwizard/metrics/metrics-core/3.2.4/metrics-core-3.2.4.jar:/home/user/.m2/repository/org/hamcrest/hamcrest-all/1.3/hamcrest-all-1.3.jar:/home/user/.m2/repository/org/bouncycastle/bcprov-jdk15on/1.60/bcprov-jdk15on-1.60.jar:/home/user/.m2/repository/info/picocli/picocli/3.9.6/picocli-3.9.6.jar:/home/user/.m2/repository/com/google/protobuf/protobuf-java/2.5.0/protobuf-java-2.5.0.jar:/home/user/.m2/repository/com/google/guava/guava/11.0.2/guava-11.0.2.jar:/home/user/.m2/repository/org/apache/hadoop/hadoop-ozone-ozone-manager/0.5.0-SNAPSHOT/hadoop-ozone-ozone-manager-0.5.0-SNAPSHOT.jar:/home/user/.m2/repository/org/apache/hadoop/hadoop-minikdc/3.2.0/hadoop-minikdc-3.2.0.jar:/home/user/.m2/repository/commons-io/commons-io/2.5/commons-io-2.5.jar:/home/user/.m2/repository/org/apache/kerby/kerb-simplekdc/1.0.1/kerb-simplekdc-1.0.1.jar:/home/user/.m2/repository/org/apache/kerby/kerb-client/1.0.1/kerb-client-1.0.1.jar:/home/user/.m2/repository/org/apache/kerby/kerby-config/1.0.1/kerby-config-1.0.1.jar:/home/user/.m2/repository/org/apache/kerby/kerb-core/1.0.1/kerb-core-1.0.1.jar:/home/user/.m2/repository/org/apache/kerby/kerby-pkix/1.0.1/kerby-pkix-1.0.1.jar:/home/user/.m2/repository/org/apache/kerby/kerby-asn1/1.0.1/kerby-asn1-1.0.1.jar:/home/user/.m2/repository/org/apache/kerby/kerby-util/1.0.1/kerby-util-1.0.1.jar:/home/user/.m2/repository/org/apache/kerby/kerb-common/1.0.1/kerb-common-1.0.1.jar:/home/user/.m2/repository/org/apache/kerby/kerb-crypto/1.0.1/kerb-crypto-1.0.1.jar:/home/user/.m2/repository/org/apache/kerby/kerb-util/1.0.1/kerb-util-1.0.1.jar:/home/user/.m2/repository/org/apache/kerby/token-provider/1.0.1/token-provider-1.0.1.jar:/home/user/.m2/repository/org/apache/kerby/kerb-admin/1.0.1/kerb-admin-1.0.1.jar:/home/user/.m2/repository/org/apache/kerby/kerb-server/1.0.1/kerb-server-1.0.1.jar:/home/user/.m2/repository/org/apache/kerby/kerb-identity/1.0.1/kerb-identity-1.0.1.jar:/home/user/.m2/repository/org/apache/kerby/kerby-xdr/1.0.1/kerby-xdr-1.0.1.jar:/home/user/.m2/repository/org/slf4j/slf4j-log4j12/1.7.25/slf4j-log4j12-1.7.25.jar:/home/user/.m2/repository/org/apache/hadoop/hadoop-ozone-objectstore-service/0.5.0-SNAPSHOT/hadoop-ozone-objectstore-service-0.5.0-SNAPSHOT.jar:/home/user/.m2/repository/org/apache/hadoop/hadoop-ozone-s3gateway/0.5.0-SNAPSHOT/hadoop-ozone-s3gateway-0.5.0-SNAPSHOT.jar:/home/user/.m2/repository/org/jboss/weld/servlet/weld-servlet/2.4.7.Final/weld-servlet-2.4.7.Final.jar:/home/user/.m2/repository/org/glassfish/jersey/containers/jersey-container-servlet-core/2.27/jersey-container-servlet-core-2.27.jar:/home/user/.m2/repository/org/glassfish/hk2/external/javax.inject/2.5.0-b42/javax.inject-2.5.0-b42.jar:/home/user/.m2/repository/org/glassfish/jersey/core/jersey-common/2.27/jersey-common-2.27.jar:/home/user/.m2/repository/org/glassfish/hk2/osgi-resource-locator/1.0.1/osgi-resource-locator-1.0.1.jar:/home/user/.m2/repository/javax/ws/rs/javax.ws.rs-api/2.1/javax.ws.rs-api-2.1.jar:/home/user/.m2/repository/org/glassfish/jersey/ext/cdi/jersey-cdi1x/2.27/jersey-cdi1x-2.27.jar:/home/user/.m2/repository/org/glassfish/jersey/inject/jersey-hk2/2.27/jersey-hk2-2.27.jar:/home/user/.m2/repository/org/glassfish/hk2/hk2-locator/2.5.0-b42/hk2-locator-2.5.0-b42.jar:/home/user/.m2/repository/org/javassist/javassist/3.22.0-CR2/javassist-3.22.0-CR2.jar:/home/user/.m2/repository/org/glassfish/hk2/hk2-api/2.5.0/hk2-api-2.5.0.jar:/home/user/.m2/repository/org/glassfish/hk2/external/jakarta.inject/2.5.0/jakarta.inject-2.5.0.jar:/home/user/.m2/repository/org/glassfish/hk2/hk2-utils/2.5.0/hk2-utils-2.5.0.jar:/home/user/.m2/repository/jakarta/annotation/jakarta.annotation-api/1.3.4/jakarta.annotation-api-1.3.4.jar:/home/user/.m2/repository/org/glassfish/hk2/external/aopalliance-repackaged/2.5.0/aopalliance-repackaged-2.5.0.jar:/home/user/.m2/repository/com/fasterxml/jackson/dataformat/jackson-dataformat-xml/2.9.0/jackson-dataformat-xml-2.9.0.jar:/home/user/.m2/repository/com/fasterxml/jackson/core/jackson-core/2.9.5/jackson-core-2.9.5.jar:/home/user/.m2/repository/com/fasterxml/jackson/module/jackson-module-jaxb-annotations/2.9.5/jackson-module-jaxb-annotations-2.9.5.jar:/home/user/.m2/repository/javax/enterprise/cdi-api/1.2/cdi-api-1.2.jar:/home/user/.m2/repository/javax/el/javax.el-api/3.0.0/javax.el-api-3.0.0.jar:/home/user/.m2/repository/javax/interceptor/javax.interceptor-api/1.2/javax.interceptor-api-1.2.jar:/home/user/.m2/repository/javax/inject/javax.inject/1/javax.inject-1.jar:/home/user/.m2/repository/com/sun/xml/bind/jaxb-impl/2.3.0.1/jaxb-impl-2.3.0.1.jar:/home/user/.m2/repository/com/sun/xml/bind/jaxb-core/2.3.0.1/jaxb-core-2.3.0.1.jar:/home/user/.m2/repository/javax/xml/bind/jaxb-api/2.3.0/jaxb-api-2.3.0.jar:/home/user/.m2/repository/javax/activation/activation/1.1.1/activation-1.1.1.jar:/home/user/.m2/repository/org/apache/hadoop/hadoop-ozone-csi/0.5.0-SNAPSHOT/hadoop-ozone-csi-0.5.0-SNAPSHOT.jar:/home/user/.m2/repository/com/google/protobuf/protobuf-java-util/3.5.1/protobuf-java-util-3.5.1.jar:/home/user/.m2/repository/org/apache/hadoop/hadoop-hdds-config/0.5.0-SNAPSHOT/hadoop-hdds-config-0.5.0-SNAPSHOT.jar:/home/user/.m2/repository/io/grpc/grpc-netty/1.17.1/grpc-netty-1.17.1.jar:/home/user/.m2/repository/io/grpc/grpc-core/1.17.1/grpc-core-1.17.1.jar:/home/user/.m2/repository/io/grpc/grpc-context/1.17.1/grpc-context-1.17.1.jar:/home/user/.m2/repository/com/google/errorprone/error_prone_annotations/2.2.0/error_prone_annotations-2.2.0.jar:/home/user/.m2/repository/org/codehaus/mojo/animal-sniffer-annotations/1.17/animal-sniffer-annotations-1.17.jar:/home/user/.m2/repository/io/opencensus/opencensus-api/0.17.0/opencensus-api-0.17.0.jar:/home/user/.m2/repository/io/opencensus/opencensus-contrib-grpc-metrics/0.17.0/opencensus-contrib-grpc-metrics-0.17.0.jar:/home/user/.m2/repository/io/netty/netty-codec-http2/4.1.30.Final/netty-codec-http2-4.1.30.Final.jar:/home/user/.m2/repository/io/netty/netty-codec-http/4.1.30.Final/netty-codec-http-4.1.30.Final.jar:/home/user/.m2/repository/io/netty/netty-codec/4.1.30.Final/netty-codec-4.1.30.Final.jar:/home/user/.m2/repository/io/netty/netty-handler/4.1.30.Final/netty-handler-4.1.30.Final.jar:/home/user/.m2/repository/io/netty/netty-handler-proxy/4.1.30.Final/netty-handler-proxy-4.1.30.Final.jar:/home/user/.m2/repository/io/netty/netty-codec-socks/4.1.30.Final/netty-codec-socks-4.1.30.Final.jar:/home/user/.m2/repository/io/netty/netty-transport-native-epoll/4.1.30.Final/netty-transport-native-epoll-4.1.30.Final.jar:/home/user/.m2/repository/io/netty/netty-common/4.1.30.Final/netty-common-4.1.30.Final.jar:/home/user/.m2/repository/io/netty/netty-buffer/4.1.30.Final/netty-buffer-4.1.30.Final.jar:/home/user/.m2/repository/io/netty/netty-transport/4.1.30.Final/netty-transport-4.1.30.Final.jar:/home/user/.m2/repository/io/netty/netty-resolver/4.1.30.Final/netty-resolver-4.1.30.Final.jar:/home/user/.m2/repository/io/netty/netty-transport-native-unix-common/4.1.30.Final/netty-transport-native-unix-common-4.1.30.Final.jar:/home/user/.m2/repository/io/grpc/grpc-protobuf/1.17.1/grpc-protobuf-1.17.1.jar:/home/user/.m2/repository/com/google/api/grpc/proto-google-common-protos/1.0.0/proto-google-common-protos-1.0.0.jar:/home/user/.m2/repository/io/grpc/grpc-protobuf-lite/1.17.1/grpc-protobuf-lite-1.17.1.jar:/home/user/.m2/repository/io/grpc/grpc-stub/1.17.1/grpc-stub-1.17.1.jar:/home/user/.m2/repository/org/apache/hadoop/hadoop-ozone-recon/0.5.0-SNAPSHOT/hadoop-ozone-recon-0.5.0-SNAPSHOT.jar:/home/user/.m2/repository/org/apache/hadoop/hadoop-ozone-reconcodegen/0.5.0-SNAPSHOT/hadoop-ozone-reconcodegen-0.5.0-SNAPSHOT.jar:/home/user/.m2/repository/com/google/inject/extensions/guice-multibindings/4.0/guice-multibindings-4.0.jar:/home/user/.m2/repository/com/google/inject/guice/4.0/guice-4.0.jar:/home/user/.m2/repository/aopalliance/aopalliance/1.0/aopalliance-1.0.jar:/home/user/.m2/repository/com/google/inject/extensions/guice-servlet/4.0/guice-servlet-4.0.jar:/home/user/.m2/repository/org/glassfish/jersey/containers/jersey-container-servlet/2.27/jersey-container-servlet-2.27.jar:/home/user/.m2/repository/org/glassfish/hk2/guice-bridge/2.5.0/guice-bridge-2.5.0.jar:/home/user/.m2/repository/org/glassfish/jersey/core/jersey-server/2.27/jersey-server-2.27.jar:/home/user/.m2/repository/org/glassfish/jersey/core/jersey-client/2.27/jersey-client-2.27.jar:/home/user/.m2/repository/org/glassfish/jersey/media/jersey-media-jaxb/2.27/jersey-media-jaxb-2.27.jar:/home/user/.m2/repository/javax/validation/validation-api/1.1.0.Final/validation-api-1.1.0.Final.jar:/home/user/.m2/repository/org/glassfish/jersey/media/jersey-media-json-jackson/2.27/jersey-media-json-jackson-2.27.jar:/home/user/.m2/repository/org/glassfish/jersey/ext/jersey-entity-filtering/2.27/jersey-entity-filtering-2.27.jar:/home/user/.m2/repository/com/google/inject/extensions/guice-assistedinject/4.0/guice-assistedinject-4.0.jar:/home/user/.m2/repository/org/jooq/jooq/3.11.10/jooq-3.11.10.jar:/home/user/.m2/repository/org/jooq/jooq-meta/3.11.10/jooq-meta-3.11.10.jar:/home/user/.m2/repository/org/jooq/jooq-codegen/3.11.10/jooq-codegen-3.11.10.jar:/home/user/.m2/repository/com/jolbox/bonecp/0.8.0.RELEASE/bonecp-0.8.0.RELEASE.jar:/home/user/.m2/repository/org/xerial/sqlite-jdbc/3.25.2/sqlite-jdbc-3.25.2.jar:/home/user/.m2/repository/org/springframework/spring-jdbc/5.1.3.RELEASE/spring-jdbc-5.1.3.RELEASE.jar:/home/user/.m2/repository/org/springframework/spring-beans/5.1.3.RELEASE/spring-beans-5.1.3.RELEASE.jar:/home/user/.m2/repository/org/springframework/spring-core/5.1.3.RELEASE/spring-core-5.1.3.RELEASE.jar:/home/user/.m2/repository/org/springframework/spring-jcl/5.1.3.RELEASE/spring-jcl-5.1.3.RELEASE.jar:/home/user/.m2/repository/org/springframework/spring-tx/5.1.3.RELEASE/spring-tx-5.1.3.RELEASE.jar:/home/user/.m2/repository/org/apache/hadoop/hadoop-ozone-client/0.5.0-SNAPSHOT/hadoop-ozone-client-0.5.0-SNAPSHOT.jar:/home/user/.m2/repository/commons-lang/commons-lang/2.6/commons-lang-2.6.jar:/home/user/.m2/repository/org/apache/hadoop/hadoop-ozone-ozone-manager/0.5.0-SNAPSHOT/hadoop-ozone-ozone-manager-0.5.0-SNAPSHOT-tests.jar:/home/user/.m2/repository/junit/junit/4.11/junit-4.11.jar:/home/user/.m2/repository/org/hamcrest/hamcrest-core/1.3/hamcrest-core-1.3.jar:/home/user/.m2/repository/org/openjdk/jmh/jmh-core/1.19/jmh-core-1.19.jar:/home/user/.m2/repository/net/sf/jopt-simple/jopt-simple/4.6/jopt-simple-4.6.jar:/home/user/.m2/repository/org/apache/commons/commons-math3/3.1.1/commons-math3-3.1.1.jar:/home/user/.m2/repository/org/openjdk/jmh/jmh-generator-annprocess/1.19/jmh-generator-annprocess-1.19.jar:/home/user/.m2/repository/org/mockito/mockito-all/1.8.5/mockito-all-1.8.5.jar:/home/user/.m2/repository/org/apache/hadoop/hadoop-kms/3.2.0/hadoop-kms-3.2.0.jar:/home/user/.m2/repository/org/apache/hadoop/hadoop-auth/3.2.0/hadoop-auth-3.2.0.jar:/home/user/.m2/repository/com/nimbusds/nimbus-jose-jwt/4.41.1/nimbus-jose-jwt-4.41.1.jar:/home/user/.m2/repository/com/github/stephenc/jcip/jcip-annotations/1.0-1/jcip-annotations-1.0-1.jar:/home/user/.m2/repository/net/minidev/json-smart/2.3/json-smart-2.3.jar:/home/user/.m2/repository/net/minidev/accessors-smart/1.2/accessors-smart-1.2.jar:/home/user/.m2/repository/org/ow2/asm/asm/5.0.4/asm-5.0.4.jar:/home/user/.m2/repository/org/apache/curator/curator-framework/2.12.0/curator-framework-2.12.0.jar:/home/user/.m2/repository/com/sun/jersey/jersey-core/1.19/jersey-core-1.19.jar:/home/user/.m2/repository/javax/ws/rs/jsr311-api/1.1.1/jsr311-api-1.1.1.jar:/home/user/.m2/repository/com/sun/jersey/jersey-server/1.19/jersey-server-1.19.jar:/home/user/.m2/repository/javax/servlet/javax.servlet-api/3.1.0/javax.servlet-api-3.1.0.jar:/home/user/.m2/repository/org/eclipse/jetty/jetty-server/9.3.24.v20180605/jetty-server-9.3.24.v20180605.jar:/home/user/.m2/repository/org/eclipse/jetty/jetty-http/9.3.24.v20180605/jetty-http-9.3.24.v20180605.jar:/home/user/.m2/repository/org/eclipse/jetty/jetty-io/9.3.24.v20180605/jetty-io-9.3.24.v20180605.jar:/home/user/.m2/repository/org/eclipse/jetty/jetty-webapp/9.3.24.v20180605/jetty-webapp-9.3.24.v20180605.jar:/home/user/.m2/repository/org/eclipse/jetty/jetty-xml/9.3.24.v20180605/jetty-xml-9.3.24.v20180605.jar:/home/user/.m2/repository/log4j/log4j/1.2.17/log4j-1.2.17.jar:/home/user/.m2/repository/org/slf4j/slf4j-api/1.7.25/slf4j-api-1.7.25.jar:/home/user/.m2/repository/org/slf4j/jul-to-slf4j/1.7.25/jul-to-slf4j-1.7.25.jar:/home/user/.m2/repository/org/eclipse/jetty/jetty-util/9.3.24.v20180605/jetty-util-9.3.24.v20180605.jar:/home/user/.m2/repository/com/fasterxml/jackson/core/jackson-databind/2.9.5/jackson-databind-2.9.5.jar:/home/user/.m2/repository/org/apache/hadoop/hadoop-kms/3.2.0/hadoop-kms-3.2.0-tests.jar:/home/user/.m2/repository/org/apache/hadoop/hadoop-hdds-server-scm/0.5.0-SNAPSHOT/hadoop-hdds-server-scm-0.5.0-SNAPSHOT-tests.jar:/home/user/.m2/repository/org/apache/hadoop/hadoop-hdds-container-service/0.5.0-SNAPSHOT/hadoop-hdds-container-service-0.5.0-SNAPSHOT-tests.jar:/home/user/.m2/repository/org/yaml/snakeyaml/1.16/snakeyaml-1.16.jar:/home/user/.m2/repository/org/apache/hadoop/hadoop-common/3.2.0/hadoop-common-3.2.0-tests.jar:/home/user/.m2/repository/org/apache/hadoop/hadoop-annotations/3.2.0/hadoop-annotations-3.2.0.jar:/usr/lib/jvm/java-1.8-openjdk/jre/../lib/tools.jar:/home/user/.m2/repository/commons-cli/commons-cli/1.2/commons-cli-1.2.jar:/home/user/.m2/repository/org/apache/httpcomponents/httpclient/4.5.2/httpclient-4.5.2.jar:/home/user/.m2/repository/org/apache/httpcomponents/httpcore/4.4.4/httpcore-4.4.4.jar:/home/user/.m2/repository/commons-codec/commons-codec/1.11/commons-codec-1.11.jar:/home/user/.m2/repository/commons-net/commons-net/3.6/commons-net-3.6.jar:/home/user/.m2/repository/commons-collections/commons-collections/3.2.2/commons-collections-3.2.2.jar:/home/user/.m2/repository/org/eclipse/jetty/jetty-servlet/9.3.24.v20180605/jetty-servlet-9.3.24.v20180605.jar:/home/user/.m2/repository/org/eclipse/jetty/jetty-security/9.3.24.v20180605/jetty-security-9.3.24.v20180605.jar:/home/user/.m2/repository/javax/servlet/jsp/jsp-api/2.1/jsp-api-2.1.jar:/home/user/.m2/repository/com/sun/jersey/jersey-servlet/1.19/jersey-servlet-1.19.jar:/home/user/.m2/repository/com/sun/jersey/jersey-json/1.19/jersey-json-1.19.jar:/home/user/.m2/repository/org/codehaus/jettison/jettison/1.1/jettison-1.1.jar:/home/user/.m2/repository/org/codehaus/jackson/jackson-core-asl/1.9.13/jackson-core-asl-1.9.13.jar:/home/user/.m2/repository/org/codehaus/jackson/jackson-mapper-asl/1.9.13/jackson-mapper-asl-1.9.13.jar:/home/user/.m2/repository/org/codehaus/jackson/jackson-jaxrs/1.9.13/jackson-jaxrs-1.9.13.jar:/home/user/.m2/repository/org/codehaus/jackson/jackson-xc/1.9.13/jackson-xc-1.9.13.jar:/home/user/.m2/repository/commons-logging/commons-logging/1.1.3/commons-logging-1.1.3.jar:/home/user/.m2/repository/commons-beanutils/commons-beanutils/1.9.3/commons-beanutils-1.9.3.jar:/home/user/.m2/repository/org/apache/commons/commons-configuration2/2.1.1/commons-configuration2-2.1.1.jar:/home/user/.m2/repository/org/apache/commons/commons-lang3/3.7/commons-lang3-3.7.jar:/home/user/.m2/repository/org/apache/commons/commons-text/1.4/commons-text-1.4.jar:/home/user/.m2/repository/org/apache/avro/avro/1.7.7/avro-1.7.7.jar:/home/user/.m2/repository/com/thoughtworks/paranamer/paranamer/2.3/paranamer-2.3.jar:/home/user/.m2/repository/org/xerial/snappy/snappy-java/1.0.5/snappy-java-1.0.5.jar:/home/user/.m2/repository/com/google/re2j/re2j/1.1/re2j-1.1.jar:/home/user/.m2/repository/com/google/code/gson/gson/2.2.4/gson-2.2.4.jar:/home/user/.m2/repository/com/jcraft/jsch/0.1.54/jsch-0.1.54.jar:/home/user/.m2/repository/org/apache/curator/curator-client/2.12.0/curator-client-2.12.0.jar:/home/user/.m2/repository/org/apache/curator/curator-recipes/2.12.0/curator-recipes-2.12.0.jar:/home/user/.m2/repository/com/google/code/findbugs/jsr305/3.0.0/jsr305-3.0.0.jar:/home/user/.m2/repository/org/apache/htrace/htrace-core4/4.1.0-incubating/htrace-core4-4.1.0-incubating.jar:/home/user/.m2/repository/org/apache/zookeeper/zookeeper/3.4.13/zookeeper-3.4.13.jar:/home/user/.m2/repository/org/apache/yetus/audience-annotations/0.5.0/audience-annotations-0.5.0.jar:/home/user/.m2/repository/org/codehaus/woodstox/stax2-api/3.1.4/stax2-api-3.1.4.jar:/home/user/.m2/repository/com/fasterxml/woodstox/woodstox-core/5.0.3/woodstox-core-5.0.3.jar:/home/user/.m2/repository/dnsjava/dnsjava/2.1.7/dnsjava-2.1.7.jar:/home/user/.m2/repository/org/apache/hadoop/hadoop-hdfs/3.2.0/hadoop-hdfs-3.2.0-tests.jar:/home/user/.m2/repository/org/eclipse/jetty/jetty-util-ajax/9.3.24.v20180605/jetty-util-ajax-9.3.24.v20180605.jar:/home/user/.m2/repository/commons-daemon/commons-daemon/1.0.13/commons-daemon-1.0.13.jar:/home/user/.m2/repository/io/netty/netty/3.10.5.Final/netty-3.10.5.Final.jar:/home/user/.m2/repository/io/netty/netty-all/4.0.52.Final/netty-all-4.0.52.Final.jar:/home/user/.m2/repository/org/fusesource/leveldbjni/leveldbjni-all/1.8/leveldbjni-all-1.8.jar:"/>
    <property name="java.vm.vendor" value="IcedTea"/>
    <property name="sun.arch.data.model" value="64"/>
    <property name="test.build.dir" value="/workdir/hadoop-ozone/integration-test/target/test-dir"/>
    <property name="test.cache.data" value=""/>
    <property name="java.vendor.url" value="https://icedtea.classpath.org"/>
    <property name="user.timezone" value=""/>
    <property name="java.vm.specification.version" value="1.8"/>
    <property name="os.name" value="Linux"/>
    <property name="test.build.data" value="/workdir/hadoop-ozone/integration-test/target/test-dir"/>
    <property name="user.country" value="US"/>
    <property name="sun.java.launcher" value="SUN_STANDARD"/>
    <property name="sun.boot.library.path" value="/usr/lib/jvm/java-1.8-openjdk/jre/lib/amd64"/>
    <property name="sun.java.command" value="/workdir/hadoop-ozone/integration-test/target/surefire/surefirebooter5396650616367640733.jar /workdir/hadoop-ozone/integration-test/target/surefire 2019-07-15T12-53-33_419-jvmRun1 surefire6099675929129593562tmp surefire_505698161922650272014tmp"/>
    <property name="surefire.test.class.path" value="/workdir/hadoop-ozone/integration-test/target/test-classes:/workdir/hadoop-ozone/integration-test/target/classes:/home/user/.m2/repository/org/apache/hadoop/hadoop-ozone-common/0.5.0-SNAPSHOT/hadoop-ozone-common-0.5.0-SNAPSHOT.jar:/home/user/.m2/repository/org/apache/commons/commons-compress/1.4.1/commons-compress-1.4.1.jar:/home/user/.m2/repository/org/tukaani/xz/1.0/xz-1.0.jar:/home/user/.m2/repository/org/apache/hadoop/hadoop-common/3.2.0/hadoop-common-3.2.0.jar:/home/user/.m2/repository/org/apache/hadoop/hadoop-hdfs/3.2.0/hadoop-hdfs-3.2.0.jar:/home/user/.m2/repository/org/apache/hadoop/hadoop-hdfs-client/3.2.0/hadoop-hdfs-client-3.2.0.jar:/home/user/.m2/repository/com/fasterxml/jackson/core/jackson-annotations/2.9.5/jackson-annotations-2.9.5.jar:/home/user/.m2/repository/org/apache/hadoop/hadoop-hdds-common/0.5.0-SNAPSHOT/hadoop-hdds-common-0.5.0-SNAPSHOT.jar:/home/user/.m2/repository/javax/annotation/javax.annotation-api/1.2/javax.annotation-api-1.2.jar:/home/user/.m2/repository/org/apache/ratis/ratis-server/0.4.0-2337318-SNAPSHOT/ratis-server-0.4.0-2337318-SNAPSHOT.jar:/home/user/.m2/repository/org/apache/ratis/ratis-thirdparty-misc/0.2.0/ratis-thirdparty-misc-0.2.0.jar:/home/user/.m2/repository/org/apache/ratis/ratis-proto/0.4.0-2337318-SNAPSHOT/ratis-proto-0.4.0-2337318-SNAPSHOT.jar:/home/user/.m2/repository/org/apache/ratis/ratis-common/0.4.0-2337318-SNAPSHOT/ratis-common-0.4.0-2337318-SNAPSHOT.jar:/home/user/.m2/repository/org/apache/ratis/ratis-client/0.4.0-2337318-SNAPSHOT/ratis-client-0.4.0-2337318-SNAPSHOT.jar:/home/user/.m2/repository/org/apache/ratis/ratis-metrics/0.4.0-2337318-SNAPSHOT/ratis-metrics-0.4.0-2337318-SNAPSHOT.jar:/home/user/.m2/repository/org/apache/ratis/ratis-netty/0.4.0-2337318-SNAPSHOT/ratis-netty-0.4.0-2337318-SNAPSHOT.jar:/home/user/.m2/repository/org/apache/ratis/ratis-grpc/0.4.0-2337318-SNAPSHOT/ratis-grpc-0.4.0-2337318-SNAPSHOT.jar:/home/user/.m2/repository/org/rocksdb/rocksdbjni/6.0.1/rocksdbjni-6.0.1.jar:/home/user/.m2/repository/org/apache/logging/log4j/log4j-api/2.11.0/log4j-api-2.11.0.jar:/home/user/.m2/repository/org/apache/logging/log4j/log4j-core/2.11.0/log4j-core-2.11.0.jar:/home/user/.m2/repository/com/lmax/disruptor/3.4.2/disruptor-3.4.2.jar:/home/user/.m2/repository/org/apache/commons/commons-pool2/2.6.0/commons-pool2-2.6.0.jar:/home/user/.m2/repository/org/bouncycastle/bcpkix-jdk15on/1.60/bcpkix-jdk15on-1.60.jar:/home/user/.m2/repository/commons-validator/commons-validator/1.6/commons-validator-1.6.jar:/home/user/.m2/repository/commons-digester/commons-digester/1.8.1/commons-digester-1.8.1.jar:/home/user/.m2/repository/io/jaegertracing/jaeger-client/0.33.1/jaeger-client-0.33.1.jar:/home/user/.m2/repository/io/jaegertracing/jaeger-thrift/0.33.1/jaeger-thrift-0.33.1.jar:/home/user/.m2/repository/org/apache/thrift/libthrift/0.11.0/libthrift-0.11.0.jar:/home/user/.m2/repository/com/squareup/okhttp3/okhttp/3.9.0/okhttp-3.9.0.jar:/home/user/.m2/repository/com/squareup/okio/okio/1.13.0/okio-1.13.0.jar:/home/user/.m2/repository/io/jaegertracing/jaeger-core/0.33.1/jaeger-core-0.33.1.jar:/home/user/.m2/repository/io/jaegertracing/jaeger-tracerresolver/0.33.1/jaeger-tracerresolver-0.33.1.jar:/home/user/.m2/repository/io/opentracing/contrib/opentracing-tracerresolver/0.1.5/opentracing-tracerresolver-0.1.5.jar:/home/user/.m2/repository/io/opentracing/opentracing-util/0.31.0/opentracing-util-0.31.0.jar:/home/user/.m2/repository/io/opentracing/opentracing-api/0.31.0/opentracing-api-0.31.0.jar:/home/user/.m2/repository/io/opentracing/opentracing-noop/0.31.0/opentracing-noop-0.31.0.jar:/home/user/.m2/repository/org/apache/hadoop/hadoop-hdds-server-framework/0.5.0-SNAPSHOT/hadoop-hdds-server-framework-0.5.0-SNAPSHOT.jar:/home/user/.m2/repository/org/apache/hadoop/hadoop-hdds-container-service/0.5.0-SNAPSHOT/hadoop-hdds-container-service-0.5.0-SNAPSHOT.jar:/home/user/.m2/repository/org/apache/hadoop/hadoop-hdds-client/0.5.0-SNAPSHOT/hadoop-hdds-client-0.5.0-SNAPSHOT.jar:/home/user/.m2/repository/org/apache/hadoop/hadoop-hdds-tools/0.5.0-SNAPSHOT/hadoop-hdds-tools-0.5.0-SNAPSHOT.jar:/home/user/.m2/repository/org/apache/hadoop/hadoop-hdds-server-scm/0.5.0-SNAPSHOT/hadoop-hdds-server-scm-0.5.0-SNAPSHOT.jar:/home/user/.m2/repository/org/apache/hadoop/hadoop-hdds-docs/0.5.0-SNAPSHOT/hadoop-hdds-docs-0.5.0-SNAPSHOT.jar:/home/user/.m2/repository/io/dropwizard/metrics/metrics-core/3.2.4/metrics-core-3.2.4.jar:/home/user/.m2/repository/org/hamcrest/hamcrest-all/1.3/hamcrest-all-1.3.jar:/home/user/.m2/repository/org/bouncycastle/bcprov-jdk15on/1.60/bcprov-jdk15on-1.60.jar:/home/user/.m2/repository/info/picocli/picocli/3.9.6/picocli-3.9.6.jar:/home/user/.m2/repository/com/google/protobuf/protobuf-java/2.5.0/protobuf-java-2.5.0.jar:/home/user/.m2/repository/com/google/guava/guava/11.0.2/guava-11.0.2.jar:/home/user/.m2/repository/org/apache/hadoop/hadoop-ozone-ozone-manager/0.5.0-SNAPSHOT/hadoop-ozone-ozone-manager-0.5.0-SNAPSHOT.jar:/home/user/.m2/repository/org/apache/hadoop/hadoop-minikdc/3.2.0/hadoop-minikdc-3.2.0.jar:/home/user/.m2/repository/commons-io/commons-io/2.5/commons-io-2.5.jar:/home/user/.m2/repository/org/apache/kerby/kerb-simplekdc/1.0.1/kerb-simplekdc-1.0.1.jar:/home/user/.m2/repository/org/apache/kerby/kerb-client/1.0.1/kerb-client-1.0.1.jar:/home/user/.m2/repository/org/apache/kerby/kerby-config/1.0.1/kerby-config-1.0.1.jar:/home/user/.m2/repository/org/apache/kerby/kerb-core/1.0.1/kerb-core-1.0.1.jar:/home/user/.m2/repository/org/apache/kerby/kerby-pkix/1.0.1/kerby-pkix-1.0.1.jar:/home/user/.m2/repository/org/apache/kerby/kerby-asn1/1.0.1/kerby-asn1-1.0.1.jar:/home/user/.m2/repository/org/apache/kerby/kerby-util/1.0.1/kerby-util-1.0.1.jar:/home/user/.m2/repository/org/apache/kerby/kerb-common/1.0.1/kerb-common-1.0.1.jar:/home/user/.m2/repository/org/apache/kerby/kerb-crypto/1.0.1/kerb-crypto-1.0.1.jar:/home/user/.m2/repository/org/apache/kerby/kerb-util/1.0.1/kerb-util-1.0.1.jar:/home/user/.m2/repository/org/apache/kerby/token-provider/1.0.1/token-provider-1.0.1.jar:/home/user/.m2/repository/org/apache/kerby/kerb-admin/1.0.1/kerb-admin-1.0.1.jar:/home/user/.m2/repository/org/apache/kerby/kerb-server/1.0.1/kerb-server-1.0.1.jar:/home/user/.m2/repository/org/apache/kerby/kerb-identity/1.0.1/kerb-identity-1.0.1.jar:/home/user/.m2/repository/org/apache/kerby/kerby-xdr/1.0.1/kerby-xdr-1.0.1.jar:/home/user/.m2/repository/org/slf4j/slf4j-log4j12/1.7.25/slf4j-log4j12-1.7.25.jar:/home/user/.m2/repository/org/apache/hadoop/hadoop-ozone-objectstore-service/0.5.0-SNAPSHOT/hadoop-ozone-objectstore-service-0.5.0-SNAPSHOT.jar:/home/user/.m2/repository/org/apache/hadoop/hadoop-ozone-s3gateway/0.5.0-SNAPSHOT/hadoop-ozone-s3gateway-0.5.0-SNAPSHOT.jar:/home/user/.m2/repository/org/jboss/weld/servlet/weld-servlet/2.4.7.Final/weld-servlet-2.4.7.Final.jar:/home/user/.m2/repository/org/glassfish/jersey/containers/jersey-container-servlet-core/2.27/jersey-container-servlet-core-2.27.jar:/home/user/.m2/repository/org/glassfish/hk2/external/javax.inject/2.5.0-b42/javax.inject-2.5.0-b42.jar:/home/user/.m2/repository/org/glassfish/jersey/core/jersey-common/2.27/jersey-common-2.27.jar:/home/user/.m2/repository/org/glassfish/hk2/osgi-resource-locator/1.0.1/osgi-resource-locator-1.0.1.jar:/home/user/.m2/repository/javax/ws/rs/javax.ws.rs-api/2.1/javax.ws.rs-api-2.1.jar:/home/user/.m2/repository/org/glassfish/jersey/ext/cdi/jersey-cdi1x/2.27/jersey-cdi1x-2.27.jar:/home/user/.m2/repository/org/glassfish/jersey/inject/jersey-hk2/2.27/jersey-hk2-2.27.jar:/home/user/.m2/repository/org/glassfish/hk2/hk2-locator/2.5.0-b42/hk2-locator-2.5.0-b42.jar:/home/user/.m2/repository/org/javassist/javassist/3.22.0-CR2/javassist-3.22.0-CR2.jar:/home/user/.m2/repository/org/glassfish/hk2/hk2-api/2.5.0/hk2-api-2.5.0.jar:/home/user/.m2/repository/org/glassfish/hk2/external/jakarta.inject/2.5.0/jakarta.inject-2.5.0.jar:/home/user/.m2/repository/org/glassfish/hk2/hk2-utils/2.5.0/hk2-utils-2.5.0.jar:/home/user/.m2/repository/jakarta/annotation/jakarta.annotation-api/1.3.4/jakarta.annotation-api-1.3.4.jar:/home/user/.m2/repository/org/glassfish/hk2/external/aopalliance-repackaged/2.5.0/aopalliance-repackaged-2.5.0.jar:/home/user/.m2/repository/com/fasterxml/jackson/dataformat/jackson-dataformat-xml/2.9.0/jackson-dataformat-xml-2.9.0.jar:/home/user/.m2/repository/com/fasterxml/jackson/core/jackson-core/2.9.5/jackson-core-2.9.5.jar:/home/user/.m2/repository/com/fasterxml/jackson/module/jackson-module-jaxb-annotations/2.9.5/jackson-module-jaxb-annotations-2.9.5.jar:/home/user/.m2/repository/javax/enterprise/cdi-api/1.2/cdi-api-1.2.jar:/home/user/.m2/repository/javax/el/javax.el-api/3.0.0/javax.el-api-3.0.0.jar:/home/user/.m2/repository/javax/interceptor/javax.interceptor-api/1.2/javax.interceptor-api-1.2.jar:/home/user/.m2/repository/javax/inject/javax.inject/1/javax.inject-1.jar:/home/user/.m2/repository/com/sun/xml/bind/jaxb-impl/2.3.0.1/jaxb-impl-2.3.0.1.jar:/home/user/.m2/repository/com/sun/xml/bind/jaxb-core/2.3.0.1/jaxb-core-2.3.0.1.jar:/home/user/.m2/repository/javax/xml/bind/jaxb-api/2.3.0/jaxb-api-2.3.0.jar:/home/user/.m2/repository/javax/activation/activation/1.1.1/activation-1.1.1.jar:/home/user/.m2/repository/org/apache/hadoop/hadoop-ozone-csi/0.5.0-SNAPSHOT/hadoop-ozone-csi-0.5.0-SNAPSHOT.jar:/home/user/.m2/repository/com/google/protobuf/protobuf-java-util/3.5.1/protobuf-java-util-3.5.1.jar:/home/user/.m2/repository/org/apache/hadoop/hadoop-hdds-config/0.5.0-SNAPSHOT/hadoop-hdds-config-0.5.0-SNAPSHOT.jar:/home/user/.m2/repository/io/grpc/grpc-netty/1.17.1/grpc-netty-1.17.1.jar:/home/user/.m2/repository/io/grpc/grpc-core/1.17.1/grpc-core-1.17.1.jar:/home/user/.m2/repository/io/grpc/grpc-context/1.17.1/grpc-context-1.17.1.jar:/home/user/.m2/repository/com/google/errorprone/error_prone_annotations/2.2.0/error_prone_annotations-2.2.0.jar:/home/user/.m2/repository/org/codehaus/mojo/animal-sniffer-annotations/1.17/animal-sniffer-annotations-1.17.jar:/home/user/.m2/repository/io/opencensus/opencensus-api/0.17.0/opencensus-api-0.17.0.jar:/home/user/.m2/repository/io/opencensus/opencensus-contrib-grpc-metrics/0.17.0/opencensus-contrib-grpc-metrics-0.17.0.jar:/home/user/.m2/repository/io/netty/netty-codec-http2/4.1.30.Final/netty-codec-http2-4.1.30.Final.jar:/home/user/.m2/repository/io/netty/netty-codec-http/4.1.30.Final/netty-codec-http-4.1.30.Final.jar:/home/user/.m2/repository/io/netty/netty-codec/4.1.30.Final/netty-codec-4.1.30.Final.jar:/home/user/.m2/repository/io/netty/netty-handler/4.1.30.Final/netty-handler-4.1.30.Final.jar:/home/user/.m2/repository/io/netty/netty-handler-proxy/4.1.30.Final/netty-handler-proxy-4.1.30.Final.jar:/home/user/.m2/repository/io/netty/netty-codec-socks/4.1.30.Final/netty-codec-socks-4.1.30.Final.jar:/home/user/.m2/repository/io/netty/netty-transport-native-epoll/4.1.30.Final/netty-transport-native-epoll-4.1.30.Final.jar:/home/user/.m2/repository/io/netty/netty-common/4.1.30.Final/netty-common-4.1.30.Final.jar:/home/user/.m2/repository/io/netty/netty-buffer/4.1.30.Final/netty-buffer-4.1.30.Final.jar:/home/user/.m2/repository/io/netty/netty-transport/4.1.30.Final/netty-transport-4.1.30.Final.jar:/home/user/.m2/repository/io/netty/netty-resolver/4.1.30.Final/netty-resolver-4.1.30.Final.jar:/home/user/.m2/repository/io/netty/netty-transport-native-unix-common/4.1.30.Final/netty-transport-native-unix-common-4.1.30.Final.jar:/home/user/.m2/repository/io/grpc/grpc-protobuf/1.17.1/grpc-protobuf-1.17.1.jar:/home/user/.m2/repository/com/google/api/grpc/proto-google-common-protos/1.0.0/proto-google-common-protos-1.0.0.jar:/home/user/.m2/repository/io/grpc/grpc-protobuf-lite/1.17.1/grpc-protobuf-lite-1.17.1.jar:/home/user/.m2/repository/io/grpc/grpc-stub/1.17.1/grpc-stub-1.17.1.jar:/home/user/.m2/repository/org/apache/hadoop/hadoop-ozone-recon/0.5.0-SNAPSHOT/hadoop-ozone-recon-0.5.0-SNAPSHOT.jar:/home/user/.m2/repository/org/apache/hadoop/hadoop-ozone-reconcodegen/0.5.0-SNAPSHOT/hadoop-ozone-reconcodegen-0.5.0-SNAPSHOT.jar:/home/user/.m2/repository/com/google/inject/extensions/guice-multibindings/4.0/guice-multibindings-4.0.jar:/home/user/.m2/repository/com/google/inject/guice/4.0/guice-4.0.jar:/home/user/.m2/repository/aopalliance/aopalliance/1.0/aopalliance-1.0.jar:/home/user/.m2/repository/com/google/inject/extensions/guice-servlet/4.0/guice-servlet-4.0.jar:/home/user/.m2/repository/org/glassfish/jersey/containers/jersey-container-servlet/2.27/jersey-container-servlet-2.27.jar:/home/user/.m2/repository/org/glassfish/hk2/guice-bridge/2.5.0/guice-bridge-2.5.0.jar:/home/user/.m2/repository/org/glassfish/jersey/core/jersey-server/2.27/jersey-server-2.27.jar:/home/user/.m2/repository/org/glassfish/jersey/core/jersey-client/2.27/jersey-client-2.27.jar:/home/user/.m2/repository/org/glassfish/jersey/media/jersey-media-jaxb/2.27/jersey-media-jaxb-2.27.jar:/home/user/.m2/repository/javax/validation/validation-api/1.1.0.Final/validation-api-1.1.0.Final.jar:/home/user/.m2/repository/org/glassfish/jersey/media/jersey-media-json-jackson/2.27/jersey-media-json-jackson-2.27.jar:/home/user/.m2/repository/org/glassfish/jersey/ext/jersey-entity-filtering/2.27/jersey-entity-filtering-2.27.jar:/home/user/.m2/repository/com/google/inject/extensions/guice-assistedinject/4.0/guice-assistedinject-4.0.jar:/home/user/.m2/repository/org/jooq/jooq/3.11.10/jooq-3.11.10.jar:/home/user/.m2/repository/org/jooq/jooq-meta/3.11.10/jooq-meta-3.11.10.jar:/home/user/.m2/repository/org/jooq/jooq-codegen/3.11.10/jooq-codegen-3.11.10.jar:/home/user/.m2/repository/com/jolbox/bonecp/0.8.0.RELEASE/bonecp-0.8.0.RELEASE.jar:/home/user/.m2/repository/org/xerial/sqlite-jdbc/3.25.2/sqlite-jdbc-3.25.2.jar:/home/user/.m2/repository/org/springframework/spring-jdbc/5.1.3.RELEASE/spring-jdbc-5.1.3.RELEASE.jar:/home/user/.m2/repository/org/springframework/spring-beans/5.1.3.RELEASE/spring-beans-5.1.3.RELEASE.jar:/home/user/.m2/repository/org/springframework/spring-core/5.1.3.RELEASE/spring-core-5.1.3.RELEASE.jar:/home/user/.m2/repository/org/springframework/spring-jcl/5.1.3.RELEASE/spring-jcl-5.1.3.RELEASE.jar:/home/user/.m2/repository/org/springframework/spring-tx/5.1.3.RELEASE/spring-tx-5.1.3.RELEASE.jar:/home/user/.m2/repository/org/apache/hadoop/hadoop-ozone-client/0.5.0-SNAPSHOT/hadoop-ozone-client-0.5.0-SNAPSHOT.jar:/home/user/.m2/repository/commons-lang/commons-lang/2.6/commons-lang-2.6.jar:/home/user/.m2/repository/org/apache/hadoop/hadoop-ozone-ozone-manager/0.5.0-SNAPSHOT/hadoop-ozone-ozone-manager-0.5.0-SNAPSHOT-tests.jar:/home/user/.m2/repository/junit/junit/4.11/junit-4.11.jar:/home/user/.m2/repository/org/hamcrest/hamcrest-core/1.3/hamcrest-core-1.3.jar:/home/user/.m2/repository/org/openjdk/jmh/jmh-core/1.19/jmh-core-1.19.jar:/home/user/.m2/repository/net/sf/jopt-simple/jopt-simple/4.6/jopt-simple-4.6.jar:/home/user/.m2/repository/org/apache/commons/commons-math3/3.1.1/commons-math3-3.1.1.jar:/home/user/.m2/repository/org/openjdk/jmh/jmh-generator-annprocess/1.19/jmh-generator-annprocess-1.19.jar:/home/user/.m2/repository/org/mockito/mockito-all/1.8.5/mockito-all-1.8.5.jar:/home/user/.m2/repository/org/apache/hadoop/hadoop-kms/3.2.0/hadoop-kms-3.2.0.jar:/home/user/.m2/repository/org/apache/hadoop/hadoop-auth/3.2.0/hadoop-auth-3.2.0.jar:/home/user/.m2/repository/com/nimbusds/nimbus-jose-jwt/4.41.1/nimbus-jose-jwt-4.41.1.jar:/home/user/.m2/repository/com/github/stephenc/jcip/jcip-annotations/1.0-1/jcip-annotations-1.0-1.jar:/home/user/.m2/repository/net/minidev/json-smart/2.3/json-smart-2.3.jar:/home/user/.m2/repository/net/minidev/accessors-smart/1.2/accessors-smart-1.2.jar:/home/user/.m2/repository/org/ow2/asm/asm/5.0.4/asm-5.0.4.jar:/home/user/.m2/repository/org/apache/curator/curator-framework/2.12.0/curator-framework-2.12.0.jar:/home/user/.m2/repository/com/sun/jersey/jersey-core/1.19/jersey-core-1.19.jar:/home/user/.m2/repository/javax/ws/rs/jsr311-api/1.1.1/jsr311-api-1.1.1.jar:/home/user/.m2/repository/com/sun/jersey/jersey-server/1.19/jersey-server-1.19.jar:/home/user/.m2/repository/javax/servlet/javax.servlet-api/3.1.0/javax.servlet-api-3.1.0.jar:/home/user/.m2/repository/org/eclipse/jetty/jetty-server/9.3.24.v20180605/jetty-server-9.3.24.v20180605.jar:/home/user/.m2/repository/org/eclipse/jetty/jetty-http/9.3.24.v20180605/jetty-http-9.3.24.v20180605.jar:/home/user/.m2/repository/org/eclipse/jetty/jetty-io/9.3.24.v20180605/jetty-io-9.3.24.v20180605.jar:/home/user/.m2/repository/org/eclipse/jetty/jetty-webapp/9.3.24.v20180605/jetty-webapp-9.3.24.v20180605.jar:/home/user/.m2/repository/org/eclipse/jetty/jetty-xml/9.3.24.v20180605/jetty-xml-9.3.24.v20180605.jar:/home/user/.m2/repository/log4j/log4j/1.2.17/log4j-1.2.17.jar:/home/user/.m2/repository/org/slf4j/slf4j-api/1.7.25/slf4j-api-1.7.25.jar:/home/user/.m2/repository/org/slf4j/jul-to-slf4j/1.7.25/jul-to-slf4j-1.7.25.jar:/home/user/.m2/repository/org/eclipse/jetty/jetty-util/9.3.24.v20180605/jetty-util-9.3.24.v20180605.jar:/home/user/.m2/repository/com/fasterxml/jackson/core/jackson-databind/2.9.5/jackson-databind-2.9.5.jar:/home/user/.m2/repository/org/apache/hadoop/hadoop-kms/3.2.0/hadoop-kms-3.2.0-tests.jar:/home/user/.m2/repository/org/apache/hadoop/hadoop-hdds-server-scm/0.5.0-SNAPSHOT/hadoop-hdds-server-scm-0.5.0-SNAPSHOT-tests.jar:/home/user/.m2/repository/org/apache/hadoop/hadoop-hdds-container-service/0.5.0-SNAPSHOT/hadoop-hdds-container-service-0.5.0-SNAPSHOT-tests.jar:/home/user/.m2/repository/org/yaml/snakeyaml/1.16/snakeyaml-1.16.jar:/home/user/.m2/repository/org/apache/hadoop/hadoop-common/3.2.0/hadoop-common-3.2.0-tests.jar:/home/user/.m2/repository/org/apache/hadoop/hadoop-annotations/3.2.0/hadoop-annotations-3.2.0.jar:/usr/lib/jvm/java-1.8-openjdk/jre/../lib/tools.jar:/home/user/.m2/repository/commons-cli/commons-cli/1.2/commons-cli-1.2.jar:/home/user/.m2/repository/org/apache/httpcomponents/httpclient/4.5.2/httpclient-4.5.2.jar:/home/user/.m2/repository/org/apache/httpcomponents/httpcore/4.4.4/httpcore-4.4.4.jar:/home/user/.m2/repository/commons-codec/commons-codec/1.11/commons-codec-1.11.jar:/home/user/.m2/repository/commons-net/commons-net/3.6/commons-net-3.6.jar:/home/user/.m2/repository/commons-collections/commons-collections/3.2.2/commons-collections-3.2.2.jar:/home/user/.m2/repository/org/eclipse/jetty/jetty-servlet/9.3.24.v20180605/jetty-servlet-9.3.24.v20180605.jar:/home/user/.m2/repository/org/eclipse/jetty/jetty-security/9.3.24.v20180605/jetty-security-9.3.24.v20180605.jar:/home/user/.m2/repository/javax/servlet/jsp/jsp-api/2.1/jsp-api-2.1.jar:/home/user/.m2/repository/com/sun/jersey/jersey-servlet/1.19/jersey-servlet-1.19.jar:/home/user/.m2/repository/com/sun/jersey/jersey-json/1.19/jersey-json-1.19.jar:/home/user/.m2/repository/org/codehaus/jettison/jettison/1.1/jettison-1.1.jar:/home/user/.m2/repository/org/codehaus/jackson/jackson-core-asl/1.9.13/jackson-core-asl-1.9.13.jar:/home/user/.m2/repository/org/codehaus/jackson/jackson-mapper-asl/1.9.13/jackson-mapper-asl-1.9.13.jar:/home/user/.m2/repository/org/codehaus/jackson/jackson-jaxrs/1.9.13/jackson-jaxrs-1.9.13.jar:/home/user/.m2/repository/org/codehaus/jackson/jackson-xc/1.9.13/jackson-xc-1.9.13.jar:/home/user/.m2/repository/commons-logging/commons-logging/1.1.3/commons-logging-1.1.3.jar:/home/user/.m2/repository/commons-beanutils/commons-beanutils/1.9.3/commons-beanutils-1.9.3.jar:/home/user/.m2/repository/org/apache/commons/commons-configuration2/2.1.1/commons-configuration2-2.1.1.jar:/home/user/.m2/repository/org/apache/commons/commons-lang3/3.7/commons-lang3-3.7.jar:/home/user/.m2/repository/org/apache/commons/commons-text/1.4/commons-text-1.4.jar:/home/user/.m2/repository/org/apache/avro/avro/1.7.7/avro-1.7.7.jar:/home/user/.m2/repository/com/thoughtworks/paranamer/paranamer/2.3/paranamer-2.3.jar:/home/user/.m2/repository/org/xerial/snappy/snappy-java/1.0.5/snappy-java-1.0.5.jar:/home/user/.m2/repository/com/google/re2j/re2j/1.1/re2j-1.1.jar:/home/user/.m2/repository/com/google/code/gson/gson/2.2.4/gson-2.2.4.jar:/home/user/.m2/repository/com/jcraft/jsch/0.1.54/jsch-0.1.54.jar:/home/user/.m2/repository/org/apache/curator/curator-client/2.12.0/curator-client-2.12.0.jar:/home/user/.m2/repository/org/apache/curator/curator-recipes/2.12.0/curator-recipes-2.12.0.jar:/home/user/.m2/repository/com/google/code/findbugs/jsr305/3.0.0/jsr305-3.0.0.jar:/home/user/.m2/repository/org/apache/htrace/htrace-core4/4.1.0-incubating/htrace-core4-4.1.0-incubating.jar:/home/user/.m2/repository/org/apache/zookeeper/zookeeper/3.4.13/zookeeper-3.4.13.jar:/home/user/.m2/repository/org/apache/yetus/audience-annotations/0.5.0/audience-annotations-0.5.0.jar:/home/user/.m2/repository/org/codehaus/woodstox/stax2-api/3.1.4/stax2-api-3.1.4.jar:/home/user/.m2/repository/com/fasterxml/woodstox/woodstox-core/5.0.3/woodstox-core-5.0.3.jar:/home/user/.m2/repository/dnsjava/dnsjava/2.1.7/dnsjava-2.1.7.jar:/home/user/.m2/repository/org/apache/hadoop/hadoop-hdfs/3.2.0/hadoop-hdfs-3.2.0-tests.jar:/home/user/.m2/repository/org/eclipse/jetty/jetty-util-ajax/9.3.24.v20180605/jetty-util-ajax-9.3.24.v20180605.jar:/home/user/.m2/repository/commons-daemon/commons-daemon/1.0.13/commons-daemon-1.0.13.jar:/home/user/.m2/repository/io/netty/netty/3.10.5.Final/netty-3.10.5.Final.jar:/home/user/.m2/repository/io/netty/netty-all/4.0.52.Final/netty-all-4.0.52.Final.jar:/home/user/.m2/repository/org/fusesource/leveldbjni/leveldbjni-all/1.8/leveldbjni-all-1.8.jar:"/>
    <property name="sun.cpu.endian" value="little"/>
    <property name="user.home" value="/home/user"/>
    <property name="user.language" value="en"/>
    <property name="java.specification.vendor" value="Oracle Corporation"/>
    <property name="java.home" value="/usr/lib/jvm/java-1.8-openjdk/jre"/>
    <property name="java.security.krb5.conf" value="/workdir/hadoop-ozone/integration-test/target/test-classes/krb5.conf"/>
    <property name="basedir" value="/workdir/hadoop-ozone/integration-test"/>
    <property name="file.separator" value="/"/>
    <property name="line.separator" value="&#10;"/>
    <property name="java.vm.specification.vendor" value="Oracle Corporation"/>
    <property name="java.specification.name" value="Java Platform API Specification"/>
    <property name="java.awt.graphicsenv" value="sun.awt.X11GraphicsEnvironment"/>
    <property name="surefire.real.class.path" value="/workdir/hadoop-ozone/integration-test/target/surefire/surefirebooter5396650616367640733.jar"/>
    <property name="hadoop.log.dir" value="/workdir/hadoop-ozone/integration-test/target/log"/>
    <property name="sun.boot.class.path" value="/usr/lib/jvm/java-1.8-openjdk/jre/lib/resources.jar:/usr/lib/jvm/java-1.8-openjdk/jre/lib/rt.jar:/usr/lib/jvm/java-1.8-openjdk/jre/lib/sunrsasign.jar:/usr/lib/jvm/java-1.8-openjdk/jre/lib/jsse.jar:/usr/lib/jvm/java-1.8-openjdk/jre/lib/jce.jar:/usr/lib/jvm/java-1.8-openjdk/jre/lib/charsets.jar:/usr/lib/jvm/java-1.8-openjdk/jre/lib/jfr.jar:/usr/lib/jvm/java-1.8-openjdk/jre/classes"/>
    <property name="sun.management.compiler" value="HotSpot 64-Bit Tiered Compilers"/>
    <property name="java.runtime.version" value="1.8.0_212-b04"/>
    <property name="java.net.preferIPv4Stack" value="true"/>
    <property name="user.name" value="jenkins1000"/>
    <property name="path.separator" value=":"/>
    <property name="java.security.egd" value="file:///dev/urandom"/>
    <property name="os.version" value="3.10.0-957.12.2.el7.x86_64"/>
    <property name="java.endorsed.dirs" value="/usr/lib/jvm/java-1.8-openjdk/jre/lib/endorsed"/>
    <property name="java.runtime.name" value="OpenJDK Runtime Environment"/>
    <property name="file.encoding" value="UTF-8"/>
    <property name="java.vm.name" value="OpenJDK 64-Bit Server VM"/>
    <property name="test.build.webapps" value=""/>
    <property name="localRepository" value="/home/user/.m2/repository"/>
    <property name="java.vendor.url.bug" value="https://icedtea.classpath.org/bugzilla"/>
    <property name="java.io.tmpdir" value="/tmp"/>
    <property name="require.test.libhadoop" value=""/>
    <property name="java.version" value="1.8.0_212"/>
    <property name="user.dir" value="/workdir/hadoop-ozone/integration-test"/>
    <property name="os.arch" value="amd64"/>
    <property name="java.vm.specification.name" value="Java Virtual Machine Specification"/>
    <property name="test.build.classes" value="/workdir/hadoop-ozone/integration-test/target/test-classes"/>
    <property name="java.awt.printerjob" value="sun.print.PSPrinterJob"/>
    <property name="sun.os.patch.level" value="unknown"/>
    <property name="hadoop.tmp.dir" value="/workdir/hadoop-ozone/integration-test/target/tmp"/>
    <property name="java.library.path" value="/usr/lib/jvm/java-1.8-openjdk/jre/lib/amd64/server:/usr/lib/jvm/java-1.8-openjdk/jre/lib/amd64:/usr/lib/jvm/java-1.8-openjdk/jre/../lib/amd64:/workdir/hadoop-ozone/integration-test/target/native/target/usr/local/lib:/workdir/hadoop-ozone/integration-test/../../hadoop-common-project/hadoop-common/target/native/target/usr/local/lib:/usr/java/packages/lib/amd64:/usr/lib64:/lib64:/lib:/usr/lib"/>
    <property name="java.vm.info" value="mixed mode"/>
    <property name="java.vendor" value="IcedTea"/>
    <property name="java.vm.version" value="25.212-b04"/>
    <property name="java.ext.dirs" value="/usr/lib/jvm/java-1.8-openjdk/jre/lib/ext:/usr/java/packages/lib/ext"/>
    <property name="sun.io.unicode.encoding" value="UnicodeLittle"/>
    <property name="java.class.version" value="52.0"/>
  </properties>
  <testcase name="test2DatanodesFailure" classname="org.apache.hadoop.ozone.client.rpc.TestBlockOutputStreamWithFailures" time="105.411"/>
  <testcase name="testDatanodeFailureWithPreAllocation" classname="org.apache.hadoop.ozone.client.rpc.TestBlockOutputStreamWithFailures" time="226.462"/>
  <testcase name="testDatanodeFailureWithSingleNodeRatis" classname="org.apache.hadoop.ozone.client.rpc.TestBlockOutputStreamWithFailures" time="224.358"/>
  <testcase name="testWatchForCommitWithSingleNodeRatis" classname="org.apache.hadoop.ozone.client.rpc.TestBlockOutputStreamWithFailures" time="34.397">
    <error type="java.lang.IllegalArgumentException">java.lang.IllegalArgumentException
	at com.google.common.base.Preconditions.checkArgument(Preconditions.java:72)
	at org.apache.hadoop.hdds.scm.XceiverClientManager.acquireClient(XceiverClientManager.java:150)
	at org.apache.hadoop.hdds.scm.XceiverClientManager.acquireClientForReadData(XceiverClientManager.java:143)
	at org.apache.hadoop.hdds.scm.storage.BlockInputStream.getChunkInfos(BlockInputStream.java:154)
	at org.apache.hadoop.hdds.scm.storage.BlockInputStream.initialize(BlockInputStream.java:118)
	at org.apache.hadoop.hdds.scm.storage.BlockInputStream.read(BlockInputStream.java:222)
	at org.apache.hadoop.ozone.client.io.KeyInputStream.read(KeyInputStream.java:171)
	at org.apache.hadoop.ozone.client.io.OzoneInputStream.read(OzoneInputStream.java:47)
	at java.io.InputStream.read(InputStream.java:101)
	at org.apache.hadoop.ozone.container.ContainerTestHelper.validateData(ContainerTestHelper.java:709)
	at org.apache.hadoop.ozone.client.rpc.TestBlockOutputStreamWithFailures.validateData(TestBlockOutputStreamWithFailures.java:1212)
	at org.apache.hadoop.ozone.client.rpc.TestBlockOutputStreamWithFailures.testWatchForCommitWithSingleNodeRatis(TestBlockOutputStreamWithFailures.java:914)
	at sun.reflect.NativeMethodAccessorImpl.invoke0(Native Method)
	at sun.reflect.NativeMethodAccessorImpl.invoke(NativeMethodAccessorImpl.java:62)
	at sun.reflect.DelegatingMethodAccessorImpl.invoke(DelegatingMethodAccessorImpl.java:43)
	at java.lang.reflect.Method.invoke(Method.java:498)
	at org.junit.runners.model.FrameworkMethod$1.runReflectiveCall(FrameworkMethod.java:47)
	at org.junit.internal.runners.model.ReflectiveCallable.run(ReflectiveCallable.java:12)
	at org.junit.runners.model.FrameworkMethod.invokeExplosively(FrameworkMethod.java:44)
	at org.junit.internal.runners.statements.InvokeMethod.evaluate(InvokeMethod.java:17)
	at org.junit.internal.runners.statements.RunBefores.evaluate(RunBefores.java:26)
	at org.junit.internal.runners.statements.RunAfters.evaluate(RunAfters.java:27)
	at org.junit.runners.ParentRunner.runLeaf(ParentRunner.java:271)
	at org.junit.runners.BlockJUnit4ClassRunner.runChild(BlockJUnit4ClassRunner.java:70)
	at org.junit.runners.BlockJUnit4ClassRunner.runChild(BlockJUnit4ClassRunner.java:50)
	at org.junit.runners.ParentRunner$3.run(ParentRunner.java:238)
	at org.junit.runners.ParentRunner$1.schedule(ParentRunner.java:63)
	at org.junit.runners.ParentRunner.runChildren(ParentRunner.java:236)
	at org.junit.runners.ParentRunner.access$000(ParentRunner.java:53)
	at org.junit.runners.ParentRunner$2.evaluate(ParentRunner.java:229)
	at org.junit.runners.ParentRunner.run(ParentRunner.java:309)
	at org.apache.maven.surefire.junit4.JUnit4Provider.execute(JUnit4Provider.java:365)
	at org.apache.maven.surefire.junit4.JUnit4Provider.executeWithRerun(JUnit4Provider.java:273)
	at org.apache.maven.surefire.junit4.JUnit4Provider.executeTestSet(JUnit4Provider.java:238)
	at org.apache.maven.surefire.junit4.JUnit4Provider.invoke(JUnit4Provider.java:159)
	at org.apache.maven.surefire.booter.ForkedBooter.invokeProviderInSameClassLoader(ForkedBooter.java:384)
	at org.apache.maven.surefire.booter.ForkedBooter.runSuitesInProcess(ForkedBooter.java:345)
	at org.apache.maven.surefire.booter.ForkedBooter.execute(ForkedBooter.java:126)
	at org.apache.maven.surefire.booter.ForkedBooter.main(ForkedBooter.java:418)
</error>
    <system-out><![CDATA[2019-07-15 13:52:41,879 WARN  server.ServerUtils (ServerUtils.java:getScmDbDir(145)) - ozone.scm.db.dirs is not configured. We recommend adding this setting. Falling back to ozone.metadata.dirs instead.
2019-07-15 13:52:41,904 WARN  server.ServerUtils (ServerUtils.java:getScmDbDir(145)) - ozone.scm.db.dirs is not configured. We recommend adding this setting. Falling back to ozone.metadata.dirs instead.
2019-07-15 13:52:41,905 WARN  server.ServerUtils (ServerUtils.java:getScmDbDir(145)) - ozone.scm.db.dirs is not configured. We recommend adding this setting. Falling back to ozone.metadata.dirs instead.
2019-07-15 13:52:41,905 INFO  db.DBStoreBuilder (DBStoreBuilder.java:addTable(110)) - using custom profile for table: deletedBlocks
2019-07-15 13:52:41,906 INFO  db.DBStoreBuilder (DBStoreBuilder.java:processTables(161)) - Using default column profile:DBProfile.DISK for Table:deletedBlocks
2019-07-15 13:52:41,906 INFO  db.DBStoreBuilder (DBStoreBuilder.java:addTable(110)) - using custom profile for table: validCerts
2019-07-15 13:52:41,906 INFO  db.DBStoreBuilder (DBStoreBuilder.java:processTables(161)) - Using default column profile:DBProfile.DISK for Table:validCerts
2019-07-15 13:52:41,907 INFO  db.DBStoreBuilder (DBStoreBuilder.java:addTable(110)) - using custom profile for table: revokedCerts
2019-07-15 13:52:41,907 INFO  db.DBStoreBuilder (DBStoreBuilder.java:processTables(161)) - Using default column profile:DBProfile.DISK for Table:revokedCerts
2019-07-15 13:52:41,907 INFO  db.DBStoreBuilder (DBStoreBuilder.java:addTable(110)) - using custom profile for table: default
2019-07-15 13:52:41,908 INFO  db.DBStoreBuilder (DBStoreBuilder.java:processTables(167)) - Using default column profile:DBProfile.DISK for Table:default
2019-07-15 13:52:41,908 INFO  db.DBStoreBuilder (DBStoreBuilder.java:getDbProfile(198)) - Using default options. DBProfile.DISK
2019-07-15 13:52:42,054 INFO  net.NodeSchemaLoader (NodeSchemaLoader.java:loadSchemaFromFile(125)) - Loading file from sun.misc.CompoundEnumeration@2d94279f
2019-07-15 13:52:42,054 INFO  net.NodeSchemaLoader (NodeSchemaLoader.java:loadSchema(171)) - Loading network topology layer schema file
2019-07-15 13:52:42,061 INFO  node.SCMNodeManager (SCMNodeManager.java:<init>(119)) - Entering startup safe mode.
2019-07-15 13:52:42,062 WARN  server.ServerUtils (ServerUtils.java:getScmDbDir(145)) - ozone.scm.db.dirs is not configured. We recommend adding this setting. Falling back to ozone.metadata.dirs instead.
2019-07-15 13:52:42,085 INFO  pipeline.SCMPipelineManager (SCMPipelineManager.java:initializePipelineState(126)) - No pipeline exists in current db
2019-07-15 13:52:42,085 WARN  server.ServerUtils (ServerUtils.java:getScmDbDir(145)) - ozone.scm.db.dirs is not configured. We recommend adding this setting. Falling back to ozone.metadata.dirs instead.
2019-07-15 13:52:42,109 WARN  events.EventQueue (EventQueue.java:fireEvent(175)) - No event handler registered for event TypedEvent{payloadType=SafeModeStatus, name='SafeModeStatus'}
2019-07-15 13:52:42,110 INFO  ipc.CallQueueManager (CallQueueManager.java:<init>(84)) - Using callQueue: class java.util.concurrent.LinkedBlockingQueue, queueCapacity: 2000, scheduler: class org.apache.hadoop.ipc.DefaultRpcScheduler, ipcBackoff: false.
2019-07-15 13:52:42,111 INFO  ipc.Server (Server.java:run(1074)) - Starting Socket Reader #1 for port 37853
2019-07-15 13:52:42,113 INFO  ipc.CallQueueManager (CallQueueManager.java:<init>(84)) - Using callQueue: class java.util.concurrent.LinkedBlockingQueue, queueCapacity: 2000, scheduler: class org.apache.hadoop.ipc.DefaultRpcScheduler, ipcBackoff: false.
2019-07-15 13:52:42,114 INFO  ipc.Server (Server.java:run(1074)) - Starting Socket Reader #1 for port 43314
2019-07-15 13:52:42,115 INFO  ipc.CallQueueManager (CallQueueManager.java:<init>(84)) - Using callQueue: class java.util.concurrent.LinkedBlockingQueue, queueCapacity: 2000, scheduler: class org.apache.hadoop.ipc.DefaultRpcScheduler, ipcBackoff: false.
2019-07-15 13:52:42,117 INFO  ipc.Server (Server.java:run(1074)) - Starting Socket Reader #1 for port 42681
2019-07-15 13:52:42,120 INFO  hdfs.DFSUtil (DFSUtil.java:httpServerTemplateForNNAndJN(1641)) - Starting Web-server for scm at: http://0.0.0.0:0
2019-07-15 13:52:42,123 INFO  server.AuthenticationFilter (AuthenticationFilter.java:constructSecretProvider(240)) - Unable to initialize FileSignerSecretProvider, falling back to use random secrets.
2019-07-15 13:52:42,123 WARN  http.HttpRequestLog (HttpRequestLog.java:getRequestLog(97)) - Jetty request log can only be enabled using Log4j
2019-07-15 13:52:42,126 INFO  http.HttpServer2 (HttpServer2.java:addGlobalFilter(975)) - Added global filter 'safety' (class=org.apache.hadoop.http.HttpServer2$QuotingInputFilter)
2019-07-15 13:52:42,126 INFO  http.HttpServer2 (HttpServer2.java:addFilter(948)) - Added filter static_user_filter (class=org.apache.hadoop.http.lib.StaticUserWebFilter$StaticUserFilter) to context scm
2019-07-15 13:52:42,127 INFO  http.HttpServer2 (HttpServer2.java:addFilter(958)) - Added filter static_user_filter (class=org.apache.hadoop.http.lib.StaticUserWebFilter$StaticUserFilter) to context logs
2019-07-15 13:52:42,127 INFO  http.HttpServer2 (HttpServer2.java:addFilter(958)) - Added filter static_user_filter (class=org.apache.hadoop.http.lib.StaticUserWebFilter$StaticUserFilter) to context static
2019-07-15 13:52:42,130 INFO  server.StorageContainerManager (StorageContainerManager.java:start(759)) - StorageContainerLocationProtocol RPC server is listening at /0.0.0.0:42681
2019-07-15 13:52:42,133 WARN  impl.MetricsConfig (MetricsConfig.java:loadFirst(134)) - Cannot locate configuration: tried hadoop-metrics2-storagecontainermanager.properties,hadoop-metrics2.properties
2019-07-15 13:52:42,134 INFO  impl.MetricsSystemImpl (MetricsSystemImpl.java:startTimer(374)) - Scheduled Metric snapshot period at 10 second(s).
2019-07-15 13:52:42,134 INFO  impl.MetricsSystemImpl (MetricsSystemImpl.java:start(191)) - StorageContainerManager metrics system started
2019-07-15 13:52:42,375 INFO  server.SCMClientProtocolServer (SCMClientProtocolServer.java:start(149)) - RPC server for Client  is listening at /0.0.0.0:42681
2019-07-15 13:52:42,376 INFO  ipc.Server (Server.java:run(1314)) - IPC Server Responder: starting
2019-07-15 13:52:42,376 INFO  ipc.Server (Server.java:run(1153)) - IPC Server listener on 42681: starting
2019-07-15 13:52:42,379 INFO  server.StorageContainerManager (StorageContainerManager.java:start(768)) - ScmBlockLocationProtocol RPC server is listening at /0.0.0.0:43314
2019-07-15 13:52:42,380 INFO  server.SCMBlockProtocolServer (SCMBlockProtocolServer.java:start(140)) - RPC server for Block Protocol is listening at /0.0.0.0:43314
2019-07-15 13:52:42,380 INFO  ipc.Server (Server.java:run(1314)) - IPC Server Responder: starting
2019-07-15 13:52:42,380 INFO  ipc.Server (Server.java:run(1153)) - IPC Server listener on 43314: starting
2019-07-15 13:52:42,384 INFO  server.StorageContainerManager (StorageContainerManager.java:start(772)) - ScmDatanodeProtocl RPC server is listening at /0.0.0.0:37853
2019-07-15 13:52:42,384 INFO  server.SCMDatanodeProtocolServer (SCMDatanodeProtocolServer.java:start(191)) - RPC server for DataNodes is listening at /0.0.0.0:37853
2019-07-15 13:52:42,384 INFO  ipc.Server (Server.java:run(1314)) - IPC Server Responder: starting
2019-07-15 13:52:42,384 INFO  ipc.Server (Server.java:run(1153)) - IPC Server listener on 37853: starting
2019-07-15 13:52:42,388 INFO  http.HttpServer2 (HttpServer2.java:bindListener(1191)) - Jetty bound to port 37443
2019-07-15 13:52:42,388 INFO  server.Server (Server.java:doStart(351)) - jetty-9.3.24.v20180605, build timestamp: 2018-06-05T17:11:56Z, git hash: 84205aa28f11a4f31f2a3b86d1bba2cc8ab69827
2019-07-15 13:52:42,391 INFO  handler.ContextHandler (ContextHandler.java:doStart(781)) - Started o.e.j.s.ServletContextHandler@24bba1b7{/logs,file:///workdir/hadoop-ozone/integration-test/target/log,AVAILABLE}
2019-07-15 13:52:42,391 INFO  handler.ContextHandler (ContextHandler.java:doStart(781)) - Started o.e.j.s.ServletContextHandler@36e358de{/static,file:///workdir/hadoop-ozone/integration-test/target/test-classes/webapps/static,AVAILABLE}
2019-07-15 13:52:42,397 INFO  handler.ContextHandler (ContextHandler.java:doStart(781)) - Started o.e.j.w.WebAppContext@16b2d182{/,file:///workdir/hadoop-ozone/integration-test/target/test-classes/webapps/scm/,AVAILABLE}{/scm}
2019-07-15 13:52:42,397 INFO  server.AbstractConnector (AbstractConnector.java:doStart(278)) - Started ServerConnector@79f3f34c{HTTP/1.1,[http/1.1]}{0.0.0.0:37443}
2019-07-15 13:52:42,398 INFO  server.Server (Server.java:doStart(419)) - Started @557403ms
2019-07-15 13:52:42,399 INFO  server.BaseHttpServer (BaseHttpServer.java:updateConnectorAddress(207)) - HTTP server of SCM is listening at http://0.0.0.0:37443
2019-07-15 13:52:42,400 WARN  server.ServerUtils (ServerUtils.java:getDBPath(222)) - ozone.om.db.dirs is not configured. We recommend adding this setting. Falling back to ozone.metadata.dirs instead.
2019-07-15 13:52:42,400 INFO  util.JvmPauseMonitor (JvmPauseMonitor.java:run(188)) - Starting JVM pause monitor
2019-07-15 13:52:42,415 WARN  server.ServerUtils (ServerUtils.java:getDBPath(222)) - ozone.om.db.dirs is not configured. We recommend adding this setting. Falling back to ozone.metadata.dirs instead.
2019-07-15 13:52:42,416 INFO  om.OzoneManager (OzoneManager.java:setOMNodeDetails(630)) - OM Service ID is not set. Setting it to the default ID: omServiceIdDefault
2019-07-15 13:52:42,416 INFO  om.OzoneManager (OzoneManager.java:setOMNodeDetails(636)) - OM Node ID is not set. Setting it to the OmStorage's OmID: 1f94fa5e-79ba-4b6b-a061-e588742e1e48
2019-07-15 13:52:42,416 INFO  om.OzoneManager (OzoneManager.java:loadOMHAConfigs(587)) - Found matching OM address with OMServiceId: null, OMNodeId: null, RPC Address: localhost:0 and Ratis port: 9872
2019-07-15 13:52:42,424 WARN  server.ServerUtils (ServerUtils.java:getDBPath(222)) - ozone.om.db.dirs is not configured. We recommend adding this setting. Falling back to ozone.metadata.dirs instead.
2019-07-15 13:52:42,424 INFO  db.DBStoreBuilder (DBStoreBuilder.java:addTable(110)) - using custom profile for table: userTable
2019-07-15 13:52:42,424 INFO  db.DBStoreBuilder (DBStoreBuilder.java:processTables(161)) - Using default column profile:DBProfile.DISK for Table:userTable
2019-07-15 13:52:42,425 INFO  db.DBStoreBuilder (DBStoreBuilder.java:addTable(110)) - using custom profile for table: volumeTable
2019-07-15 13:52:42,425 INFO  db.DBStoreBuilder (DBStoreBuilder.java:processTables(161)) - Using default column profile:DBProfile.DISK for Table:volumeTable
2019-07-15 13:52:42,425 INFO  db.DBStoreBuilder (DBStoreBuilder.java:addTable(110)) - using custom profile for table: bucketTable
2019-07-15 13:52:42,425 INFO  db.DBStoreBuilder (DBStoreBuilder.java:processTables(161)) - Using default column profile:DBProfile.DISK for Table:bucketTable
2019-07-15 13:52:42,426 INFO  db.DBStoreBuilder (DBStoreBuilder.java:addTable(110)) - using custom profile for table: keyTable
2019-07-15 13:52:42,426 INFO  db.DBStoreBuilder (DBStoreBuilder.java:processTables(161)) - Using default column profile:DBProfile.DISK for Table:keyTable
2019-07-15 13:52:42,426 INFO  db.DBStoreBuilder (DBStoreBuilder.java:addTable(110)) - using custom profile for table: deletedTable
2019-07-15 13:52:42,426 INFO  db.DBStoreBuilder (DBStoreBuilder.java:processTables(161)) - Using default column profile:DBProfile.DISK for Table:deletedTable
2019-07-15 13:52:42,427 INFO  db.DBStoreBuilder (DBStoreBuilder.java:addTable(110)) - using custom profile for table: openKeyTable
2019-07-15 13:52:42,427 INFO  db.DBStoreBuilder (DBStoreBuilder.java:processTables(161)) - Using default column profile:DBProfile.DISK for Table:openKeyTable
2019-07-15 13:52:42,427 INFO  db.DBStoreBuilder (DBStoreBuilder.java:addTable(110)) - using custom profile for table: s3Table
2019-07-15 13:52:42,427 INFO  db.DBStoreBuilder (DBStoreBuilder.java:processTables(161)) - Using default column profile:DBProfile.DISK for Table:s3Table
2019-07-15 13:52:42,428 INFO  db.DBStoreBuilder (DBStoreBuilder.java:addTable(110)) - using custom profile for table: multipartInfoTable
2019-07-15 13:52:42,428 INFO  db.DBStoreBuilder (DBStoreBuilder.java:processTables(161)) - Using default column profile:DBProfile.DISK for Table:multipartInfoTable
2019-07-15 13:52:42,428 INFO  db.DBStoreBuilder (DBStoreBuilder.java:addTable(110)) - using custom profile for table: dTokenTable
2019-07-15 13:52:42,428 INFO  db.DBStoreBuilder (DBStoreBuilder.java:processTables(161)) - Using default column profile:DBProfile.DISK for Table:dTokenTable
2019-07-15 13:52:42,429 INFO  db.DBStoreBuilder (DBStoreBuilder.java:addTable(110)) - using custom profile for table: s3SecretTable
2019-07-15 13:52:42,429 INFO  db.DBStoreBuilder (DBStoreBuilder.java:processTables(161)) - Using default column profile:DBProfile.DISK for Table:s3SecretTable
2019-07-15 13:52:42,429 INFO  db.DBStoreBuilder (DBStoreBuilder.java:addTable(110)) - using custom profile for table: prefixTable
2019-07-15 13:52:42,429 INFO  db.DBStoreBuilder (DBStoreBuilder.java:processTables(161)) - Using default column profile:DBProfile.DISK for Table:prefixTable
2019-07-15 13:52:42,430 INFO  db.DBStoreBuilder (DBStoreBuilder.java:addTable(110)) - using custom profile for table: default
2019-07-15 13:52:42,430 INFO  db.DBStoreBuilder (DBStoreBuilder.java:processTables(167)) - Using default column profile:DBProfile.DISK for Table:default
2019-07-15 13:52:42,430 INFO  db.DBStoreBuilder (DBStoreBuilder.java:getDbProfile(198)) - Using default options. DBProfile.DISK
2019-07-15 13:52:42,838 INFO  ipc.CallQueueManager (CallQueueManager.java:<init>(84)) - Using callQueue: class java.util.concurrent.LinkedBlockingQueue, queueCapacity: 2000, scheduler: class org.apache.hadoop.ipc.DefaultRpcScheduler, ipcBackoff: false.
2019-07-15 13:52:42,839 INFO  ipc.Server (Server.java:run(1074)) - Starting Socket Reader #1 for port 43229
2019-07-15 13:52:42,855 WARN  server.ServerUtils (ServerUtils.java:getDBPath(222)) - ozone.om.db.dirs is not configured. We recommend adding this setting. Falling back to ozone.metadata.dirs instead.
2019-07-15 13:52:42,856 INFO  om.OzoneManager (OzoneManager.java:start(1228)) - OzoneManager RPC server is listening at localhost/127.0.0.1:43229
2019-07-15 13:52:42,856 INFO  impl.MetricsSystemImpl (MetricsSystemImpl.java:init(158)) - OzoneManager metrics system started (again)
2019-07-15 13:52:42,859 INFO  ipc.Server (Server.java:run(1314)) - IPC Server Responder: starting
2019-07-15 13:52:42,860 INFO  ipc.Server (Server.java:run(1153)) - IPC Server listener on 43229: starting
2019-07-15 13:52:42,865 INFO  hdfs.DFSUtil (DFSUtil.java:httpServerTemplateForNNAndJN(1641)) - Starting Web-server for ozoneManager at: http://0.0.0.0:0
2019-07-15 13:52:42,867 INFO  server.AuthenticationFilter (AuthenticationFilter.java:constructSecretProvider(240)) - Unable to initialize FileSignerSecretProvider, falling back to use random secrets.
2019-07-15 13:52:42,867 WARN  http.HttpRequestLog (HttpRequestLog.java:getRequestLog(97)) - Jetty request log can only be enabled using Log4j
2019-07-15 13:52:42,869 INFO  http.HttpServer2 (HttpServer2.java:addGlobalFilter(975)) - Added global filter 'safety' (class=org.apache.hadoop.http.HttpServer2$QuotingInputFilter)
2019-07-15 13:52:42,869 INFO  http.HttpServer2 (HttpServer2.java:addFilter(948)) - Added filter static_user_filter (class=org.apache.hadoop.http.lib.StaticUserWebFilter$StaticUserFilter) to context ozoneManager
2019-07-15 13:52:42,870 INFO  http.HttpServer2 (HttpServer2.java:addFilter(958)) - Added filter static_user_filter (class=org.apache.hadoop.http.lib.StaticUserWebFilter$StaticUserFilter) to context static
2019-07-15 13:52:42,870 INFO  http.HttpServer2 (HttpServer2.java:addFilter(958)) - Added filter static_user_filter (class=org.apache.hadoop.http.lib.StaticUserWebFilter$StaticUserFilter) to context logs
2019-07-15 13:52:42,871 INFO  http.HttpServer2 (HttpServer2.java:bindListener(1191)) - Jetty bound to port 39494
2019-07-15 13:52:42,871 INFO  server.Server (Server.java:doStart(351)) - jetty-9.3.24.v20180605, build timestamp: 2018-06-05T17:11:56Z, git hash: 84205aa28f11a4f31f2a3b86d1bba2cc8ab69827
2019-07-15 13:52:42,873 INFO  handler.ContextHandler (ContextHandler.java:doStart(781)) - Started o.e.j.s.ServletContextHandler@5c04ec8{/logs,file:///workdir/hadoop-ozone/integration-test/target/log,AVAILABLE}
2019-07-15 13:52:42,873 INFO  handler.ContextHandler (ContextHandler.java:doStart(781)) - Started o.e.j.s.ServletContextHandler@5a88849{/static,file:///workdir/hadoop-ozone/integration-test/target/test-classes/webapps/static,AVAILABLE}
2019-07-15 13:52:42,878 INFO  handler.ContextHandler (ContextHandler.java:doStart(781)) - Started o.e.j.w.WebAppContext@37a14aa1{/,file:///workdir/hadoop-ozone/integration-test/target/test-classes/webapps/ozoneManager/,AVAILABLE}{/ozoneManager}
2019-07-15 13:52:42,879 INFO  server.AbstractConnector (AbstractConnector.java:doStart(278)) - Started ServerConnector@6ac4f31d{HTTP/1.1,[http/1.1]}{0.0.0.0:39494}
2019-07-15 13:52:42,880 INFO  server.Server (Server.java:doStart(419)) - Started @557885ms
2019-07-15 13:52:42,881 INFO  server.BaseHttpServer (BaseHttpServer.java:updateConnectorAddress(207)) - HTTP server of OZONEMANAGER is listening at http://0.0.0.0:39494
2019-07-15 13:52:42,898 INFO  impl.MetricsSystemImpl (MetricsSystemImpl.java:init(158)) - HddsDatanode metrics system started (again)
2019-07-15 13:52:42,898 INFO  ozone.HddsDatanodeService (HddsDatanodeService.java:start(185)) - HddsDatanodeService host:trunk-nightly-hvlc9-701369690 ip:192.168.157.240
2019-07-15 13:52:42,908 INFO  volume.HddsVolume (HddsVolume.java:<init>(176)) - Creating Volume: /workdir/hadoop-ozone/integration-test/target/test-dir/MiniOzoneClusterImpl-57b11f44-691f-4099-bd84-7690158c8d61/datanode-0/data/containers/hdds of  storage type : DISK and capacity : 52710309888
2019-07-15 13:52:42,908 INFO  volume.VolumeSet (VolumeSet.java:initializeVolumeSet(170)) - Added Volume : /workdir/hadoop-ozone/integration-test/target/test-dir/MiniOzoneClusterImpl-57b11f44-691f-4099-bd84-7690158c8d61/datanode-0/data/containers/hdds to VolumeSet
2019-07-15 13:52:42,909 INFO  volume.ThrottledAsyncChecker (ThrottledAsyncChecker.java:schedule(140)) - Scheduling a check for org.apache.hadoop.ozone.container.common.volume.HddsVolume@7091a016
2019-07-15 13:52:42,909 INFO  volume.HddsVolumeChecker (HddsVolumeChecker.java:checkAllVolumes(203)) - Scheduled health check for volume org.apache.hadoop.ozone.container.common.volume.HddsVolume@7091a016
2019-07-15 13:52:42,925 INFO  impl.RaftServerProxy (ConfUtils.java:logGet(43)) - raft.rpc.type = GRPC (default)
2019-07-15 13:52:42,925 INFO  grpc.GrpcFactory (GrpcFactory.java:checkPooledByteBufAllocatorUseCacheForAllThreads(45)) - PERFORMANCE WARNING: useCacheForAllThreads is true that may cause Netty to create a lot garbage objects and, as a result, trigger GC.
	It is recommended to disable useCacheForAllThreads by setting -Dorg.apache.ratis.thirdparty.io.netty.allocator.useCacheForAllThreads=false in command line.
2019-07-15 13:52:42,926 INFO  grpc.GrpcConfigKeys$Server (ConfUtils.java:logGet(43)) - raft.grpc.server.port = 0 (default)
2019-07-15 13:52:42,926 INFO  server.GrpcService (ConfUtils.java:logGet(43)) - raft.grpc.message.size.max = 33570816 (custom)
2019-07-15 13:52:42,926 INFO  server.RaftServerConfigKeys (ConfUtils.java:logGet(43)) - raft.server.log.appender.buffer.byte-limit = 33554432 (custom)
2019-07-15 13:52:42,926 INFO  server.GrpcService (ConfUtils.java:logGet(43)) - raft.grpc.flow.control.window = 1MB (=1048576) (default)
2019-07-15 13:52:42,927 INFO  server.RaftServerConfigKeys (ConfUtils.java:logGet(43)) - raft.server.rpc.request.timeout = 3000ms (default)
2019-07-15 13:52:42,927 INFO  server.RaftServerConfigKeys (ConfUtils.java:logGet(43)) - raft.server.storage.dir = [/workdir/hadoop-ozone/integration-test/target/test-dir/MiniOzoneClusterImpl-57b11f44-691f-4099-bd84-7690158c8d61/datanode-0/data/ratis] (custom)
2019-07-15 13:52:42,928 INFO  replication.SimpleContainerDownloader (SimpleContainerDownloader.java:<init>(72)) - Starting container downloader service to copy containers to replicate.
2019-07-15 13:52:42,929 INFO  hdfs.DFSUtil (DFSUtil.java:httpServerTemplateForNNAndJN(1641)) - Starting Web-server for hddsDatanode at: http://0.0.0.0:0
2019-07-15 13:52:42,930 INFO  server.AuthenticationFilter (AuthenticationFilter.java:constructSecretProvider(240)) - Unable to initialize FileSignerSecretProvider, falling back to use random secrets.
2019-07-15 13:52:42,930 WARN  http.HttpRequestLog (HttpRequestLog.java:getRequestLog(97)) - Jetty request log can only be enabled using Log4j
2019-07-15 13:52:42,932 INFO  http.HttpServer2 (HttpServer2.java:addGlobalFilter(975)) - Added global filter 'safety' (class=org.apache.hadoop.http.HttpServer2$QuotingInputFilter)
2019-07-15 13:52:42,932 INFO  http.HttpServer2 (HttpServer2.java:addFilter(948)) - Added filter static_user_filter (class=org.apache.hadoop.http.lib.StaticUserWebFilter$StaticUserFilter) to context hddsDatanode
2019-07-15 13:52:42,932 INFO  http.HttpServer2 (HttpServer2.java:addFilter(958)) - Added filter static_user_filter (class=org.apache.hadoop.http.lib.StaticUserWebFilter$StaticUserFilter) to context static
2019-07-15 13:52:42,932 INFO  http.HttpServer2 (HttpServer2.java:addFilter(958)) - Added filter static_user_filter (class=org.apache.hadoop.http.lib.StaticUserWebFilter$StaticUserFilter) to context logs
2019-07-15 13:52:42,933 INFO  http.HttpServer2 (HttpServer2.java:bindListener(1191)) - Jetty bound to port 38164
2019-07-15 13:52:42,933 INFO  server.Server (Server.java:doStart(351)) - jetty-9.3.24.v20180605, build timestamp: 2018-06-05T17:11:56Z, git hash: 84205aa28f11a4f31f2a3b86d1bba2cc8ab69827
2019-07-15 13:52:42,935 INFO  handler.ContextHandler (ContextHandler.java:doStart(781)) - Started o.e.j.s.ServletContextHandler@18d14de3{/logs,file:///workdir/hadoop-ozone/integration-test/target/log,AVAILABLE}
2019-07-15 13:52:42,936 INFO  handler.ContextHandler (ContextHandler.java:doStart(781)) - Started o.e.j.s.ServletContextHandler@15405ba1{/static,jar:file:/home/user/.m2/repository/org/apache/hadoop/hadoop-hdds-container-service/0.5.0-SNAPSHOT/hadoop-hdds-container-service-0.5.0-SNAPSHOT.jar!/webapps/static,AVAILABLE}
2019-07-15 13:52:42,965 INFO  handler.ContextHandler (ContextHandler.java:doStart(781)) - Started o.e.j.w.WebAppContext@1edf52e6{/,file:///tmp/jetty-0.0.0.0-38164-hddsDatanode-_-any-8701267951232346235.dir/webapp/,AVAILABLE}{/hddsDatanode}
2019-07-15 13:52:42,966 INFO  server.AbstractConnector (AbstractConnector.java:doStart(278)) - Started ServerConnector@5ab06829{HTTP/1.1,[http/1.1]}{0.0.0.0:38164}
2019-07-15 13:52:42,967 INFO  server.Server (Server.java:doStart(419)) - Started @557972ms
2019-07-15 13:52:42,968 INFO  server.BaseHttpServer (BaseHttpServer.java:updateConnectorAddress(207)) - HTTP server of HDDSDATANODE is listening at http://0.0.0.0:38164
2019-07-15 13:52:43,068 INFO  ozone.HddsDatanodeService (HddsDatanodeService.java:startPlugins(396)) - Started plug-in org.apache.hadoop.ozone.web.OzoneHddsDatanodeService@5f1c406e
2019-07-15 13:52:43,069 INFO  impl.MetricsSystemImpl (MetricsSystemImpl.java:init(158)) - HddsDatanode metrics system started (again)
2019-07-15 13:52:43,071 INFO  ozone.HddsDatanodeService (HddsDatanodeService.java:start(185)) - HddsDatanodeService host:trunk-nightly-hvlc9-701369690 ip:192.168.157.240
2019-07-15 13:52:43,072 INFO  util.JvmPauseMonitor (JvmPauseMonitor.java:run(188)) - Starting JVM pause monitor
2019-07-15 13:52:43,075 INFO  datanode.InitDatanodeState (InitDatanodeState.java:persistContainerDatanodeDetails(140)) - DatanodeDetails is persisted to /workdir/hadoop-ozone/integration-test/target/test-dir/MiniOzoneClusterImpl-57b11f44-691f-4099-bd84-7690158c8d61/datanode-0/meta/datanode.id
2019-07-15 13:52:43,080 INFO  volume.HddsVolume (HddsVolume.java:<init>(176)) - Creating Volume: /workdir/hadoop-ozone/integration-test/target/test-dir/MiniOzoneClusterImpl-57b11f44-691f-4099-bd84-7690158c8d61/datanode-1/data/containers/hdds of  storage type : DISK and capacity : 52710309888
2019-07-15 13:52:43,081 INFO  volume.VolumeSet (VolumeSet.java:initializeVolumeSet(170)) - Added Volume : /workdir/hadoop-ozone/integration-test/target/test-dir/MiniOzoneClusterImpl-57b11f44-691f-4099-bd84-7690158c8d61/datanode-1/data/containers/hdds to VolumeSet
2019-07-15 13:52:43,081 INFO  volume.ThrottledAsyncChecker (ThrottledAsyncChecker.java:schedule(140)) - Scheduling a check for org.apache.hadoop.ozone.container.common.volume.HddsVolume@7d5cbcc9
2019-07-15 13:52:43,081 INFO  volume.HddsVolumeChecker (HddsVolumeChecker.java:checkAllVolumes(203)) - Scheduled health check for volume org.apache.hadoop.ozone.container.common.volume.HddsVolume@7d5cbcc9
2019-07-15 13:52:43,095 INFO  impl.RaftServerProxy (ConfUtils.java:logGet(43)) - raft.rpc.type = GRPC (default)
2019-07-15 13:52:43,095 INFO  grpc.GrpcFactory (GrpcFactory.java:checkPooledByteBufAllocatorUseCacheForAllThreads(45)) - PERFORMANCE WARNING: useCacheForAllThreads is true that may cause Netty to create a lot garbage objects and, as a result, trigger GC.
	It is recommended to disable useCacheForAllThreads by setting -Dorg.apache.ratis.thirdparty.io.netty.allocator.useCacheForAllThreads=false in command line.
2019-07-15 13:52:43,095 INFO  grpc.GrpcConfigKeys$Server (ConfUtils.java:logGet(43)) - raft.grpc.server.port = 0 (default)
2019-07-15 13:52:43,095 INFO  server.GrpcService (ConfUtils.java:logGet(43)) - raft.grpc.message.size.max = 33570816 (custom)
2019-07-15 13:52:43,095 INFO  server.RaftServerConfigKeys (ConfUtils.java:logGet(43)) - raft.server.log.appender.buffer.byte-limit = 33554432 (custom)
2019-07-15 13:52:43,095 INFO  server.GrpcService (ConfUtils.java:logGet(43)) - raft.grpc.flow.control.window = 1MB (=1048576) (default)
2019-07-15 13:52:43,096 INFO  server.RaftServerConfigKeys (ConfUtils.java:logGet(43)) - raft.server.rpc.request.timeout = 3000ms (default)
2019-07-15 13:52:43,096 INFO  server.RaftServerConfigKeys (ConfUtils.java:logGet(43)) - raft.server.storage.dir = [/workdir/hadoop-ozone/integration-test/target/test-dir/MiniOzoneClusterImpl-57b11f44-691f-4099-bd84-7690158c8d61/datanode-1/data/ratis] (custom)
2019-07-15 13:52:43,096 INFO  replication.SimpleContainerDownloader (SimpleContainerDownloader.java:<init>(72)) - Starting container downloader service to copy containers to replicate.
2019-07-15 13:52:43,097 INFO  hdfs.DFSUtil (DFSUtil.java:httpServerTemplateForNNAndJN(1641)) - Starting Web-server for hddsDatanode at: http://0.0.0.0:0
2019-07-15 13:52:43,098 INFO  server.AuthenticationFilter (AuthenticationFilter.java:constructSecretProvider(240)) - Unable to initialize FileSignerSecretProvider, falling back to use random secrets.
2019-07-15 13:52:43,099 WARN  http.HttpRequestLog (HttpRequestLog.java:getRequestLog(97)) - Jetty request log can only be enabled using Log4j
2019-07-15 13:52:43,100 INFO  http.HttpServer2 (HttpServer2.java:addGlobalFilter(975)) - Added global filter 'safety' (class=org.apache.hadoop.http.HttpServer2$QuotingInputFilter)
2019-07-15 13:52:43,100 INFO  http.HttpServer2 (HttpServer2.java:addFilter(948)) - Added filter static_user_filter (class=org.apache.hadoop.http.lib.StaticUserWebFilter$StaticUserFilter) to context hddsDatanode
2019-07-15 13:52:43,100 INFO  http.HttpServer2 (HttpServer2.java:addFilter(958)) - Added filter static_user_filter (class=org.apache.hadoop.http.lib.StaticUserWebFilter$StaticUserFilter) to context logs
2019-07-15 13:52:43,101 INFO  http.HttpServer2 (HttpServer2.java:addFilter(958)) - Added filter static_user_filter (class=org.apache.hadoop.http.lib.StaticUserWebFilter$StaticUserFilter) to context static
2019-07-15 13:52:43,101 INFO  http.HttpServer2 (HttpServer2.java:bindListener(1191)) - Jetty bound to port 41568
2019-07-15 13:52:43,101 INFO  server.Server (Server.java:doStart(351)) - jetty-9.3.24.v20180605, build timestamp: 2018-06-05T17:11:56Z, git hash: 84205aa28f11a4f31f2a3b86d1bba2cc8ab69827
2019-07-15 13:52:43,103 INFO  handler.ContextHandler (ContextHandler.java:doStart(781)) - Started o.e.j.s.ServletContextHandler@6905d030{/logs,file:///workdir/hadoop-ozone/integration-test/target/log,AVAILABLE}
2019-07-15 13:52:43,103 INFO  handler.ContextHandler (ContextHandler.java:doStart(781)) - Started o.e.j.s.ServletContextHandler@3bc33ad9{/static,jar:file:/home/user/.m2/repository/org/apache/hadoop/hadoop-hdds-container-service/0.5.0-SNAPSHOT/hadoop-hdds-container-service-0.5.0-SNAPSHOT.jar!/webapps/static,AVAILABLE}
2019-07-15 13:52:43,129 INFO  handler.ContextHandler (ContextHandler.java:doStart(781)) - Started o.e.j.w.WebAppContext@3ba815ee{/,file:///tmp/jetty-0.0.0.0-41568-hddsDatanode-_-any-5187435618712724658.dir/webapp/,AVAILABLE}{/hddsDatanode}
2019-07-15 13:52:43,130 INFO  server.AbstractConnector (AbstractConnector.java:doStart(278)) - Started ServerConnector@2fbd47b7{HTTP/1.1,[http/1.1]}{0.0.0.0:41568}
2019-07-15 13:52:43,130 INFO  server.Server (Server.java:doStart(419)) - Started @558135ms
2019-07-15 13:52:43,131 INFO  server.BaseHttpServer (BaseHttpServer.java:updateConnectorAddress(207)) - HTTP server of HDDSDATANODE is listening at http://0.0.0.0:41568
2019-07-15 13:52:43,239 INFO  ozone.HddsDatanodeService (HddsDatanodeService.java:startPlugins(396)) - Started plug-in org.apache.hadoop.ozone.web.OzoneHddsDatanodeService@2604940
2019-07-15 13:52:43,240 INFO  impl.MetricsSystemImpl (MetricsSystemImpl.java:init(158)) - HddsDatanode metrics system started (again)
2019-07-15 13:52:43,242 INFO  ozone.HddsDatanodeService (HddsDatanodeService.java:start(185)) - HddsDatanodeService host:trunk-nightly-hvlc9-701369690 ip:192.168.157.240
2019-07-15 13:52:43,243 INFO  util.JvmPauseMonitor (JvmPauseMonitor.java:run(188)) - Starting JVM pause monitor
2019-07-15 13:52:43,245 INFO  datanode.InitDatanodeState (InitDatanodeState.java:persistContainerDatanodeDetails(140)) - DatanodeDetails is persisted to /workdir/hadoop-ozone/integration-test/target/test-dir/MiniOzoneClusterImpl-57b11f44-691f-4099-bd84-7690158c8d61/datanode-1/meta/datanode.id
2019-07-15 13:52:43,252 INFO  volume.HddsVolume (HddsVolume.java:<init>(176)) - Creating Volume: /workdir/hadoop-ozone/integration-test/target/test-dir/MiniOzoneClusterImpl-57b11f44-691f-4099-bd84-7690158c8d61/datanode-2/data/containers/hdds of  storage type : DISK and capacity : 52710309888
2019-07-15 13:52:43,253 INFO  volume.VolumeSet (VolumeSet.java:initializeVolumeSet(170)) - Added Volume : /workdir/hadoop-ozone/integration-test/target/test-dir/MiniOzoneClusterImpl-57b11f44-691f-4099-bd84-7690158c8d61/datanode-2/data/containers/hdds to VolumeSet
2019-07-15 13:52:43,253 INFO  volume.ThrottledAsyncChecker (ThrottledAsyncChecker.java:schedule(140)) - Scheduling a check for org.apache.hadoop.ozone.container.common.volume.HddsVolume@99f75e4
2019-07-15 13:52:43,253 INFO  volume.HddsVolumeChecker (HddsVolumeChecker.java:checkAllVolumes(203)) - Scheduled health check for volume org.apache.hadoop.ozone.container.common.volume.HddsVolume@99f75e4
2019-07-15 13:52:43,267 INFO  impl.RaftServerProxy (ConfUtils.java:logGet(43)) - raft.rpc.type = GRPC (default)
2019-07-15 13:52:43,267 INFO  grpc.GrpcFactory (GrpcFactory.java:checkPooledByteBufAllocatorUseCacheForAllThreads(45)) - PERFORMANCE WARNING: useCacheForAllThreads is true that may cause Netty to create a lot garbage objects and, as a result, trigger GC.
	It is recommended to disable useCacheForAllThreads by setting -Dorg.apache.ratis.thirdparty.io.netty.allocator.useCacheForAllThreads=false in command line.
2019-07-15 13:52:43,267 INFO  grpc.GrpcConfigKeys$Server (ConfUtils.java:logGet(43)) - raft.grpc.server.port = 0 (default)
2019-07-15 13:52:43,267 INFO  server.GrpcService (ConfUtils.java:logGet(43)) - raft.grpc.message.size.max = 33570816 (custom)
2019-07-15 13:52:43,267 INFO  server.RaftServerConfigKeys (ConfUtils.java:logGet(43)) - raft.server.log.appender.buffer.byte-limit = 33554432 (custom)
2019-07-15 13:52:43,268 INFO  server.GrpcService (ConfUtils.java:logGet(43)) - raft.grpc.flow.control.window = 1MB (=1048576) (default)
2019-07-15 13:52:43,268 INFO  server.RaftServerConfigKeys (ConfUtils.java:logGet(43)) - raft.server.rpc.request.timeout = 3000ms (default)
2019-07-15 13:52:43,268 INFO  server.RaftServerConfigKeys (ConfUtils.java:logGet(43)) - raft.server.storage.dir = [/workdir/hadoop-ozone/integration-test/target/test-dir/MiniOzoneClusterImpl-57b11f44-691f-4099-bd84-7690158c8d61/datanode-2/data/ratis] (custom)
2019-07-15 13:52:43,269 INFO  replication.SimpleContainerDownloader (SimpleContainerDownloader.java:<init>(72)) - Starting container downloader service to copy containers to replicate.
2019-07-15 13:52:43,270 INFO  hdfs.DFSUtil (DFSUtil.java:httpServerTemplateForNNAndJN(1641)) - Starting Web-server for hddsDatanode at: http://0.0.0.0:0
2019-07-15 13:52:43,272 INFO  server.AuthenticationFilter (AuthenticationFilter.java:constructSecretProvider(240)) - Unable to initialize FileSignerSecretProvider, falling back to use random secrets.
2019-07-15 13:52:43,272 WARN  http.HttpRequestLog (HttpRequestLog.java:getRequestLog(97)) - Jetty request log can only be enabled using Log4j
2019-07-15 13:52:43,274 INFO  http.HttpServer2 (HttpServer2.java:addGlobalFilter(975)) - Added global filter 'safety' (class=org.apache.hadoop.http.HttpServer2$QuotingInputFilter)
2019-07-15 13:52:43,275 INFO  http.HttpServer2 (HttpServer2.java:addFilter(948)) - Added filter static_user_filter (class=org.apache.hadoop.http.lib.StaticUserWebFilter$StaticUserFilter) to context hddsDatanode
2019-07-15 13:52:43,275 INFO  http.HttpServer2 (HttpServer2.java:addFilter(958)) - Added filter static_user_filter (class=org.apache.hadoop.http.lib.StaticUserWebFilter$StaticUserFilter) to context static
2019-07-15 13:52:43,275 INFO  http.HttpServer2 (HttpServer2.java:addFilter(958)) - Added filter static_user_filter (class=org.apache.hadoop.http.lib.StaticUserWebFilter$StaticUserFilter) to context logs
2019-07-15 13:52:43,276 INFO  http.HttpServer2 (HttpServer2.java:bindListener(1191)) - Jetty bound to port 39966
2019-07-15 13:52:43,277 INFO  server.Server (Server.java:doStart(351)) - jetty-9.3.24.v20180605, build timestamp: 2018-06-05T17:11:56Z, git hash: 84205aa28f11a4f31f2a3b86d1bba2cc8ab69827
2019-07-15 13:52:43,279 INFO  handler.ContextHandler (ContextHandler.java:doStart(781)) - Started o.e.j.s.ServletContextHandler@62c1259f{/logs,file:///workdir/hadoop-ozone/integration-test/target/log,AVAILABLE}
2019-07-15 13:52:43,279 INFO  handler.ContextHandler (ContextHandler.java:doStart(781)) - Started o.e.j.s.ServletContextHandler@74267ece{/static,jar:file:/home/user/.m2/repository/org/apache/hadoop/hadoop-hdds-container-service/0.5.0-SNAPSHOT/hadoop-hdds-container-service-0.5.0-SNAPSHOT.jar!/webapps/static,AVAILABLE}
2019-07-15 13:52:43,321 INFO  handler.ContextHandler (ContextHandler.java:doStart(781)) - Started o.e.j.w.WebAppContext@6cd65042{/,file:///tmp/jetty-0.0.0.0-39966-hddsDatanode-_-any-8088925608636701746.dir/webapp/,AVAILABLE}{/hddsDatanode}
2019-07-15 13:52:43,322 INFO  server.AbstractConnector (AbstractConnector.java:doStart(278)) - Started ServerConnector@7674f9d4{HTTP/1.1,[http/1.1]}{0.0.0.0:39966}
2019-07-15 13:52:43,323 INFO  server.Server (Server.java:doStart(419)) - Started @558328ms
2019-07-15 13:52:43,324 INFO  server.BaseHttpServer (BaseHttpServer.java:updateConnectorAddress(207)) - HTTP server of HDDSDATANODE is listening at http://0.0.0.0:39966
2019-07-15 13:52:43,438 INFO  ozone.HddsDatanodeService (HddsDatanodeService.java:startPlugins(396)) - Started plug-in org.apache.hadoop.ozone.web.OzoneHddsDatanodeService@35c9f527
2019-07-15 13:52:43,438 INFO  impl.MetricsSystemImpl (MetricsSystemImpl.java:init(158)) - HddsDatanode metrics system started (again)
2019-07-15 13:52:43,440 INFO  ozone.HddsDatanodeService (HddsDatanodeService.java:start(185)) - HddsDatanodeService host:trunk-nightly-hvlc9-701369690 ip:192.168.157.240
2019-07-15 13:52:43,442 INFO  util.JvmPauseMonitor (JvmPauseMonitor.java:run(188)) - Starting JVM pause monitor
2019-07-15 13:52:43,444 INFO  datanode.InitDatanodeState (InitDatanodeState.java:persistContainerDatanodeDetails(140)) - DatanodeDetails is persisted to /workdir/hadoop-ozone/integration-test/target/test-dir/MiniOzoneClusterImpl-57b11f44-691f-4099-bd84-7690158c8d61/datanode-2/meta/datanode.id
2019-07-15 13:52:43,451 INFO  volume.HddsVolume (HddsVolume.java:<init>(176)) - Creating Volume: /workdir/hadoop-ozone/integration-test/target/test-dir/MiniOzoneClusterImpl-57b11f44-691f-4099-bd84-7690158c8d61/datanode-3/data/containers/hdds of  storage type : DISK and capacity : 52710309888
2019-07-15 13:52:43,451 INFO  volume.VolumeSet (VolumeSet.java:initializeVolumeSet(170)) - Added Volume : /workdir/hadoop-ozone/integration-test/target/test-dir/MiniOzoneClusterImpl-57b11f44-691f-4099-bd84-7690158c8d61/datanode-3/data/containers/hdds to VolumeSet
2019-07-15 13:52:43,452 INFO  volume.ThrottledAsyncChecker (ThrottledAsyncChecker.java:schedule(140)) - Scheduling a check for org.apache.hadoop.ozone.container.common.volume.HddsVolume@7789526e
2019-07-15 13:52:43,452 INFO  volume.HddsVolumeChecker (HddsVolumeChecker.java:checkAllVolumes(203)) - Scheduled health check for volume org.apache.hadoop.ozone.container.common.volume.HddsVolume@7789526e
2019-07-15 13:52:43,467 INFO  impl.RaftServerProxy (ConfUtils.java:logGet(43)) - raft.rpc.type = GRPC (default)
2019-07-15 13:52:43,467 INFO  grpc.GrpcFactory (GrpcFactory.java:checkPooledByteBufAllocatorUseCacheForAllThreads(45)) - PERFORMANCE WARNING: useCacheForAllThreads is true that may cause Netty to create a lot garbage objects and, as a result, trigger GC.
	It is recommended to disable useCacheForAllThreads by setting -Dorg.apache.ratis.thirdparty.io.netty.allocator.useCacheForAllThreads=false in command line.
2019-07-15 13:52:43,467 INFO  grpc.GrpcConfigKeys$Server (ConfUtils.java:logGet(43)) - raft.grpc.server.port = 0 (default)
2019-07-15 13:52:43,467 INFO  server.GrpcService (ConfUtils.java:logGet(43)) - raft.grpc.message.size.max = 33570816 (custom)
2019-07-15 13:52:43,467 INFO  server.RaftServerConfigKeys (ConfUtils.java:logGet(43)) - raft.server.log.appender.buffer.byte-limit = 33554432 (custom)
2019-07-15 13:52:43,468 INFO  server.GrpcService (ConfUtils.java:logGet(43)) - raft.grpc.flow.control.window = 1MB (=1048576) (default)
2019-07-15 13:52:43,468 INFO  server.RaftServerConfigKeys (ConfUtils.java:logGet(43)) - raft.server.rpc.request.timeout = 3000ms (default)
2019-07-15 13:52:43,468 INFO  server.RaftServerConfigKeys (ConfUtils.java:logGet(43)) - raft.server.storage.dir = [/workdir/hadoop-ozone/integration-test/target/test-dir/MiniOzoneClusterImpl-57b11f44-691f-4099-bd84-7690158c8d61/datanode-3/data/ratis] (custom)
2019-07-15 13:52:43,469 INFO  replication.SimpleContainerDownloader (SimpleContainerDownloader.java:<init>(72)) - Starting container downloader service to copy containers to replicate.
2019-07-15 13:52:43,470 INFO  hdfs.DFSUtil (DFSUtil.java:httpServerTemplateForNNAndJN(1641)) - Starting Web-server for hddsDatanode at: http://0.0.0.0:0
2019-07-15 13:52:43,471 INFO  server.AuthenticationFilter (AuthenticationFilter.java:constructSecretProvider(240)) - Unable to initialize FileSignerSecretProvider, falling back to use random secrets.
2019-07-15 13:52:43,471 WARN  http.HttpRequestLog (HttpRequestLog.java:getRequestLog(97)) - Jetty request log can only be enabled using Log4j
2019-07-15 13:52:43,472 INFO  http.HttpServer2 (HttpServer2.java:addGlobalFilter(975)) - Added global filter 'safety' (class=org.apache.hadoop.http.HttpServer2$QuotingInputFilter)
2019-07-15 13:52:43,473 INFO  http.HttpServer2 (HttpServer2.java:addFilter(948)) - Added filter static_user_filter (class=org.apache.hadoop.http.lib.StaticUserWebFilter$StaticUserFilter) to context hddsDatanode
2019-07-15 13:52:43,473 INFO  http.HttpServer2 (HttpServer2.java:addFilter(958)) - Added filter static_user_filter (class=org.apache.hadoop.http.lib.StaticUserWebFilter$StaticUserFilter) to context logs
2019-07-15 13:52:43,473 INFO  http.HttpServer2 (HttpServer2.java:addFilter(958)) - Added filter static_user_filter (class=org.apache.hadoop.http.lib.StaticUserWebFilter$StaticUserFilter) to context static
2019-07-15 13:52:43,474 INFO  http.HttpServer2 (HttpServer2.java:bindListener(1191)) - Jetty bound to port 43205
2019-07-15 13:52:43,474 INFO  server.Server (Server.java:doStart(351)) - jetty-9.3.24.v20180605, build timestamp: 2018-06-05T17:11:56Z, git hash: 84205aa28f11a4f31f2a3b86d1bba2cc8ab69827
2019-07-15 13:52:43,475 INFO  handler.ContextHandler (ContextHandler.java:doStart(781)) - Started o.e.j.s.ServletContextHandler@4a467ada{/logs,file:///workdir/hadoop-ozone/integration-test/target/log,AVAILABLE}
2019-07-15 13:52:43,476 INFO  handler.ContextHandler (ContextHandler.java:doStart(781)) - Started o.e.j.s.ServletContextHandler@2512155e{/static,jar:file:/home/user/.m2/repository/org/apache/hadoop/hadoop-hdds-container-service/0.5.0-SNAPSHOT/hadoop-hdds-container-service-0.5.0-SNAPSHOT.jar!/webapps/static,AVAILABLE}
2019-07-15 13:52:43,503 INFO  handler.ContextHandler (ContextHandler.java:doStart(781)) - Started o.e.j.w.WebAppContext@be9bf2e{/,file:///tmp/jetty-0.0.0.0-43205-hddsDatanode-_-any-2661748635001796305.dir/webapp/,AVAILABLE}{/hddsDatanode}
2019-07-15 13:52:43,503 INFO  server.AbstractConnector (AbstractConnector.java:doStart(278)) - Started ServerConnector@623d222{HTTP/1.1,[http/1.1]}{0.0.0.0:43205}
2019-07-15 13:52:43,503 INFO  server.Server (Server.java:doStart(419)) - Started @558508ms
2019-07-15 13:52:43,505 INFO  server.BaseHttpServer (BaseHttpServer.java:updateConnectorAddress(207)) - HTTP server of HDDSDATANODE is listening at http://0.0.0.0:43205
2019-07-15 13:52:43,604 INFO  ozone.HddsDatanodeService (HddsDatanodeService.java:startPlugins(396)) - Started plug-in org.apache.hadoop.ozone.web.OzoneHddsDatanodeService@155767a7
2019-07-15 13:52:43,604 INFO  impl.MetricsSystemImpl (MetricsSystemImpl.java:init(158)) - HddsDatanode metrics system started (again)
2019-07-15 13:52:43,607 INFO  ozone.HddsDatanodeService (HddsDatanodeService.java:start(185)) - HddsDatanodeService host:trunk-nightly-hvlc9-701369690 ip:192.168.157.240
2019-07-15 13:52:43,608 INFO  util.JvmPauseMonitor (JvmPauseMonitor.java:run(188)) - Starting JVM pause monitor
2019-07-15 13:52:43,610 INFO  datanode.InitDatanodeState (InitDatanodeState.java:persistContainerDatanodeDetails(140)) - DatanodeDetails is persisted to /workdir/hadoop-ozone/integration-test/target/test-dir/MiniOzoneClusterImpl-57b11f44-691f-4099-bd84-7690158c8d61/datanode-3/meta/datanode.id
2019-07-15 13:52:43,617 INFO  volume.HddsVolume (HddsVolume.java:<init>(176)) - Creating Volume: /workdir/hadoop-ozone/integration-test/target/test-dir/MiniOzoneClusterImpl-57b11f44-691f-4099-bd84-7690158c8d61/datanode-4/data/containers/hdds of  storage type : DISK and capacity : 52710309888
2019-07-15 13:52:43,618 INFO  volume.VolumeSet (VolumeSet.java:initializeVolumeSet(170)) - Added Volume : /workdir/hadoop-ozone/integration-test/target/test-dir/MiniOzoneClusterImpl-57b11f44-691f-4099-bd84-7690158c8d61/datanode-4/data/containers/hdds to VolumeSet
2019-07-15 13:52:43,618 INFO  volume.ThrottledAsyncChecker (ThrottledAsyncChecker.java:schedule(140)) - Scheduling a check for org.apache.hadoop.ozone.container.common.volume.HddsVolume@6779af40
2019-07-15 13:52:43,618 INFO  volume.HddsVolumeChecker (HddsVolumeChecker.java:checkAllVolumes(203)) - Scheduled health check for volume org.apache.hadoop.ozone.container.common.volume.HddsVolume@6779af40
2019-07-15 13:52:43,632 INFO  impl.RaftServerProxy (ConfUtils.java:logGet(43)) - raft.rpc.type = GRPC (default)
2019-07-15 13:52:43,633 INFO  grpc.GrpcFactory (GrpcFactory.java:checkPooledByteBufAllocatorUseCacheForAllThreads(45)) - PERFORMANCE WARNING: useCacheForAllThreads is true that may cause Netty to create a lot garbage objects and, as a result, trigger GC.
	It is recommended to disable useCacheForAllThreads by setting -Dorg.apache.ratis.thirdparty.io.netty.allocator.useCacheForAllThreads=false in command line.
2019-07-15 13:52:43,633 INFO  grpc.GrpcConfigKeys$Server (ConfUtils.java:logGet(43)) - raft.grpc.server.port = 0 (default)
2019-07-15 13:52:43,633 INFO  server.GrpcService (ConfUtils.java:logGet(43)) - raft.grpc.message.size.max = 33570816 (custom)
2019-07-15 13:52:43,633 INFO  server.RaftServerConfigKeys (ConfUtils.java:logGet(43)) - raft.server.log.appender.buffer.byte-limit = 33554432 (custom)
2019-07-15 13:52:43,633 INFO  server.GrpcService (ConfUtils.java:logGet(43)) - raft.grpc.flow.control.window = 1MB (=1048576) (default)
2019-07-15 13:52:43,633 INFO  server.RaftServerConfigKeys (ConfUtils.java:logGet(43)) - raft.server.rpc.request.timeout = 3000ms (default)
2019-07-15 13:52:43,634 INFO  server.RaftServerConfigKeys (ConfUtils.java:logGet(43)) - raft.server.storage.dir = [/workdir/hadoop-ozone/integration-test/target/test-dir/MiniOzoneClusterImpl-57b11f44-691f-4099-bd84-7690158c8d61/datanode-4/data/ratis] (custom)
2019-07-15 13:52:43,634 INFO  replication.SimpleContainerDownloader (SimpleContainerDownloader.java:<init>(72)) - Starting container downloader service to copy containers to replicate.
2019-07-15 13:52:43,635 INFO  hdfs.DFSUtil (DFSUtil.java:httpServerTemplateForNNAndJN(1641)) - Starting Web-server for hddsDatanode at: http://0.0.0.0:0
2019-07-15 13:52:43,637 INFO  server.AuthenticationFilter (AuthenticationFilter.java:constructSecretProvider(240)) - Unable to initialize FileSignerSecretProvider, falling back to use random secrets.
2019-07-15 13:52:43,637 WARN  http.HttpRequestLog (HttpRequestLog.java:getRequestLog(97)) - Jetty request log can only be enabled using Log4j
2019-07-15 13:52:43,639 INFO  http.HttpServer2 (HttpServer2.java:addGlobalFilter(975)) - Added global filter 'safety' (class=org.apache.hadoop.http.HttpServer2$QuotingInputFilter)
2019-07-15 13:52:43,639 INFO  http.HttpServer2 (HttpServer2.java:addFilter(948)) - Added filter static_user_filter (class=org.apache.hadoop.http.lib.StaticUserWebFilter$StaticUserFilter) to context hddsDatanode
2019-07-15 13:52:43,640 INFO  http.HttpServer2 (HttpServer2.java:addFilter(958)) - Added filter static_user_filter (class=org.apache.hadoop.http.lib.StaticUserWebFilter$StaticUserFilter) to context static
2019-07-15 13:52:43,640 INFO  http.HttpServer2 (HttpServer2.java:addFilter(958)) - Added filter static_user_filter (class=org.apache.hadoop.http.lib.StaticUserWebFilter$StaticUserFilter) to context logs
2019-07-15 13:52:43,641 INFO  http.HttpServer2 (HttpServer2.java:bindListener(1191)) - Jetty bound to port 41648
2019-07-15 13:52:43,641 INFO  server.Server (Server.java:doStart(351)) - jetty-9.3.24.v20180605, build timestamp: 2018-06-05T17:11:56Z, git hash: 84205aa28f11a4f31f2a3b86d1bba2cc8ab69827
2019-07-15 13:52:43,643 INFO  handler.ContextHandler (ContextHandler.java:doStart(781)) - Started o.e.j.s.ServletContextHandler@45430a27{/logs,file:///workdir/hadoop-ozone/integration-test/target/log,AVAILABLE}
2019-07-15 13:52:43,643 INFO  handler.ContextHandler (ContextHandler.java:doStart(781)) - Started o.e.j.s.ServletContextHandler@1500edf3{/static,jar:file:/home/user/.m2/repository/org/apache/hadoop/hadoop-hdds-container-service/0.5.0-SNAPSHOT/hadoop-hdds-container-service-0.5.0-SNAPSHOT.jar!/webapps/static,AVAILABLE}
2019-07-15 13:52:43,669 INFO  handler.ContextHandler (ContextHandler.java:doStart(781)) - Started o.e.j.w.WebAppContext@11b74ecb{/,file:///tmp/jetty-0.0.0.0-41648-hddsDatanode-_-any-3358814193901045971.dir/webapp/,AVAILABLE}{/hddsDatanode}
2019-07-15 13:52:43,670 INFO  server.AbstractConnector (AbstractConnector.java:doStart(278)) - Started ServerConnector@78839c2e{HTTP/1.1,[http/1.1]}{0.0.0.0:41648}
2019-07-15 13:52:43,670 INFO  server.Server (Server.java:doStart(419)) - Started @558675ms
2019-07-15 13:52:43,672 INFO  server.BaseHttpServer (BaseHttpServer.java:updateConnectorAddress(207)) - HTTP server of HDDSDATANODE is listening at http://0.0.0.0:41648
2019-07-15 13:52:43,785 INFO  ozone.HddsDatanodeService (HddsDatanodeService.java:startPlugins(396)) - Started plug-in org.apache.hadoop.ozone.web.OzoneHddsDatanodeService@3b8ce72
2019-07-15 13:52:43,785 INFO  impl.MetricsSystemImpl (MetricsSystemImpl.java:init(158)) - HddsDatanode metrics system started (again)
2019-07-15 13:52:43,787 INFO  ozone.HddsDatanodeService (HddsDatanodeService.java:start(185)) - HddsDatanodeService host:trunk-nightly-hvlc9-701369690 ip:192.168.157.240
2019-07-15 13:52:43,789 INFO  util.JvmPauseMonitor (JvmPauseMonitor.java:run(188)) - Starting JVM pause monitor
2019-07-15 13:52:43,790 INFO  datanode.InitDatanodeState (InitDatanodeState.java:persistContainerDatanodeDetails(140)) - DatanodeDetails is persisted to /workdir/hadoop-ozone/integration-test/target/test-dir/MiniOzoneClusterImpl-57b11f44-691f-4099-bd84-7690158c8d61/datanode-4/meta/datanode.id
2019-07-15 13:52:43,799 INFO  volume.HddsVolume (HddsVolume.java:<init>(176)) - Creating Volume: /workdir/hadoop-ozone/integration-test/target/test-dir/MiniOzoneClusterImpl-57b11f44-691f-4099-bd84-7690158c8d61/datanode-5/data/containers/hdds of  storage type : DISK and capacity : 52710309888
2019-07-15 13:52:43,799 INFO  volume.VolumeSet (VolumeSet.java:initializeVolumeSet(170)) - Added Volume : /workdir/hadoop-ozone/integration-test/target/test-dir/MiniOzoneClusterImpl-57b11f44-691f-4099-bd84-7690158c8d61/datanode-5/data/containers/hdds to VolumeSet
2019-07-15 13:52:43,799 INFO  volume.ThrottledAsyncChecker (ThrottledAsyncChecker.java:schedule(140)) - Scheduling a check for org.apache.hadoop.ozone.container.common.volume.HddsVolume@1002c49e
2019-07-15 13:52:43,800 INFO  volume.HddsVolumeChecker (HddsVolumeChecker.java:checkAllVolumes(203)) - Scheduled health check for volume org.apache.hadoop.ozone.container.common.volume.HddsVolume@1002c49e
2019-07-15 13:52:43,816 INFO  impl.RaftServerProxy (ConfUtils.java:logGet(43)) - raft.rpc.type = GRPC (default)
2019-07-15 13:52:43,816 INFO  grpc.GrpcFactory (GrpcFactory.java:checkPooledByteBufAllocatorUseCacheForAllThreads(45)) - PERFORMANCE WARNING: useCacheForAllThreads is true that may cause Netty to create a lot garbage objects and, as a result, trigger GC.
	It is recommended to disable useCacheForAllThreads by setting -Dorg.apache.ratis.thirdparty.io.netty.allocator.useCacheForAllThreads=false in command line.
2019-07-15 13:52:43,817 INFO  grpc.GrpcConfigKeys$Server (ConfUtils.java:logGet(43)) - raft.grpc.server.port = 0 (default)
2019-07-15 13:52:43,817 INFO  server.GrpcService (ConfUtils.java:logGet(43)) - raft.grpc.message.size.max = 33570816 (custom)
2019-07-15 13:52:43,817 INFO  server.RaftServerConfigKeys (ConfUtils.java:logGet(43)) - raft.server.log.appender.buffer.byte-limit = 33554432 (custom)
2019-07-15 13:52:43,817 INFO  server.GrpcService (ConfUtils.java:logGet(43)) - raft.grpc.flow.control.window = 1MB (=1048576) (default)
2019-07-15 13:52:43,817 INFO  server.RaftServerConfigKeys (ConfUtils.java:logGet(43)) - raft.server.rpc.request.timeout = 3000ms (default)
2019-07-15 13:52:43,818 INFO  server.RaftServerConfigKeys (ConfUtils.java:logGet(43)) - raft.server.storage.dir = [/workdir/hadoop-ozone/integration-test/target/test-dir/MiniOzoneClusterImpl-57b11f44-691f-4099-bd84-7690158c8d61/datanode-5/data/ratis] (custom)
2019-07-15 13:52:43,818 INFO  replication.SimpleContainerDownloader (SimpleContainerDownloader.java:<init>(72)) - Starting container downloader service to copy containers to replicate.
2019-07-15 13:52:43,819 INFO  hdfs.DFSUtil (DFSUtil.java:httpServerTemplateForNNAndJN(1641)) - Starting Web-server for hddsDatanode at: http://0.0.0.0:0
2019-07-15 13:52:43,820 INFO  server.AuthenticationFilter (AuthenticationFilter.java:constructSecretProvider(240)) - Unable to initialize FileSignerSecretProvider, falling back to use random secrets.
2019-07-15 13:52:43,821 WARN  http.HttpRequestLog (HttpRequestLog.java:getRequestLog(97)) - Jetty request log can only be enabled using Log4j
2019-07-15 13:52:43,822 INFO  http.HttpServer2 (HttpServer2.java:addGlobalFilter(975)) - Added global filter 'safety' (class=org.apache.hadoop.http.HttpServer2$QuotingInputFilter)
2019-07-15 13:52:43,822 INFO  http.HttpServer2 (HttpServer2.java:addFilter(948)) - Added filter static_user_filter (class=org.apache.hadoop.http.lib.StaticUserWebFilter$StaticUserFilter) to context hddsDatanode
2019-07-15 13:52:43,822 INFO  http.HttpServer2 (HttpServer2.java:addFilter(958)) - Added filter static_user_filter (class=org.apache.hadoop.http.lib.StaticUserWebFilter$StaticUserFilter) to context static
2019-07-15 13:52:43,823 INFO  http.HttpServer2 (HttpServer2.java:addFilter(958)) - Added filter static_user_filter (class=org.apache.hadoop.http.lib.StaticUserWebFilter$StaticUserFilter) to context logs
2019-07-15 13:52:43,823 INFO  http.HttpServer2 (HttpServer2.java:bindListener(1191)) - Jetty bound to port 33937
2019-07-15 13:52:43,823 INFO  server.Server (Server.java:doStart(351)) - jetty-9.3.24.v20180605, build timestamp: 2018-06-05T17:11:56Z, git hash: 84205aa28f11a4f31f2a3b86d1bba2cc8ab69827
2019-07-15 13:52:43,825 INFO  handler.ContextHandler (ContextHandler.java:doStart(781)) - Started o.e.j.s.ServletContextHandler@514c6ca0{/logs,file:///workdir/hadoop-ozone/integration-test/target/log,AVAILABLE}
2019-07-15 13:52:43,825 INFO  handler.ContextHandler (ContextHandler.java:doStart(781)) - Started o.e.j.s.ServletContextHandler@40ef385f{/static,jar:file:/home/user/.m2/repository/org/apache/hadoop/hadoop-hdds-container-service/0.5.0-SNAPSHOT/hadoop-hdds-container-service-0.5.0-SNAPSHOT.jar!/webapps/static,AVAILABLE}
2019-07-15 13:52:43,851 INFO  handler.ContextHandler (ContextHandler.java:doStart(781)) - Started o.e.j.w.WebAppContext@40f931ec{/,file:///tmp/jetty-0.0.0.0-33937-hddsDatanode-_-any-7457454114956549334.dir/webapp/,AVAILABLE}{/hddsDatanode}
2019-07-15 13:52:43,852 INFO  server.AbstractConnector (AbstractConnector.java:doStart(278)) - Started ServerConnector@528ef230{HTTP/1.1,[http/1.1]}{0.0.0.0:33937}
2019-07-15 13:52:43,853 INFO  server.Server (Server.java:doStart(419)) - Started @558858ms
2019-07-15 13:52:43,854 INFO  server.BaseHttpServer (BaseHttpServer.java:updateConnectorAddress(207)) - HTTP server of HDDSDATANODE is listening at http://0.0.0.0:33937
2019-07-15 13:52:43,962 INFO  ozone.HddsDatanodeService (HddsDatanodeService.java:startPlugins(396)) - Started plug-in org.apache.hadoop.ozone.web.OzoneHddsDatanodeService@436103b1
2019-07-15 13:52:43,963 INFO  impl.MetricsSystemImpl (MetricsSystemImpl.java:init(158)) - HddsDatanode metrics system started (again)
2019-07-15 13:52:43,966 INFO  ozone.HddsDatanodeService (HddsDatanodeService.java:start(185)) - HddsDatanodeService host:trunk-nightly-hvlc9-701369690 ip:192.168.157.240
2019-07-15 13:52:43,967 INFO  util.JvmPauseMonitor (JvmPauseMonitor.java:run(188)) - Starting JVM pause monitor
2019-07-15 13:52:43,969 INFO  datanode.InitDatanodeState (InitDatanodeState.java:persistContainerDatanodeDetails(140)) - DatanodeDetails is persisted to /workdir/hadoop-ozone/integration-test/target/test-dir/MiniOzoneClusterImpl-57b11f44-691f-4099-bd84-7690158c8d61/datanode-5/meta/datanode.id
2019-07-15 13:52:43,978 INFO  volume.HddsVolume (HddsVolume.java:<init>(176)) - Creating Volume: /workdir/hadoop-ozone/integration-test/target/test-dir/MiniOzoneClusterImpl-57b11f44-691f-4099-bd84-7690158c8d61/datanode-6/data/containers/hdds of  storage type : DISK and capacity : 52710309888
2019-07-15 13:52:43,978 INFO  volume.VolumeSet (VolumeSet.java:initializeVolumeSet(170)) - Added Volume : /workdir/hadoop-ozone/integration-test/target/test-dir/MiniOzoneClusterImpl-57b11f44-691f-4099-bd84-7690158c8d61/datanode-6/data/containers/hdds to VolumeSet
2019-07-15 13:52:43,979 INFO  volume.ThrottledAsyncChecker (ThrottledAsyncChecker.java:schedule(140)) - Scheduling a check for org.apache.hadoop.ozone.container.common.volume.HddsVolume@21262bde
2019-07-15 13:52:43,979 INFO  volume.HddsVolumeChecker (HddsVolumeChecker.java:checkAllVolumes(203)) - Scheduled health check for volume org.apache.hadoop.ozone.container.common.volume.HddsVolume@21262bde
2019-07-15 13:52:44,001 INFO  impl.RaftServerProxy (ConfUtils.java:logGet(43)) - raft.rpc.type = GRPC (default)
2019-07-15 13:52:44,001 INFO  grpc.GrpcFactory (GrpcFactory.java:checkPooledByteBufAllocatorUseCacheForAllThreads(45)) - PERFORMANCE WARNING: useCacheForAllThreads is true that may cause Netty to create a lot garbage objects and, as a result, trigger GC.
	It is recommended to disable useCacheForAllThreads by setting -Dorg.apache.ratis.thirdparty.io.netty.allocator.useCacheForAllThreads=false in command line.
2019-07-15 13:52:44,001 INFO  grpc.GrpcConfigKeys$Server (ConfUtils.java:logGet(43)) - raft.grpc.server.port = 0 (default)
2019-07-15 13:52:44,002 INFO  server.GrpcService (ConfUtils.java:logGet(43)) - raft.grpc.message.size.max = 33570816 (custom)
2019-07-15 13:52:44,002 INFO  server.RaftServerConfigKeys (ConfUtils.java:logGet(43)) - raft.server.log.appender.buffer.byte-limit = 33554432 (custom)
2019-07-15 13:52:44,002 INFO  server.GrpcService (ConfUtils.java:logGet(43)) - raft.grpc.flow.control.window = 1MB (=1048576) (default)
2019-07-15 13:52:44,003 INFO  server.RaftServerConfigKeys (ConfUtils.java:logGet(43)) - raft.server.rpc.request.timeout = 3000ms (default)
2019-07-15 13:52:44,003 INFO  server.RaftServerConfigKeys (ConfUtils.java:logGet(43)) - raft.server.storage.dir = [/workdir/hadoop-ozone/integration-test/target/test-dir/MiniOzoneClusterImpl-57b11f44-691f-4099-bd84-7690158c8d61/datanode-6/data/ratis] (custom)
2019-07-15 13:52:44,004 INFO  replication.SimpleContainerDownloader (SimpleContainerDownloader.java:<init>(72)) - Starting container downloader service to copy containers to replicate.
2019-07-15 13:52:44,005 INFO  hdfs.DFSUtil (DFSUtil.java:httpServerTemplateForNNAndJN(1641)) - Starting Web-server for hddsDatanode at: http://0.0.0.0:0
2019-07-15 13:52:44,007 INFO  server.AuthenticationFilter (AuthenticationFilter.java:constructSecretProvider(240)) - Unable to initialize FileSignerSecretProvider, falling back to use random secrets.
2019-07-15 13:52:44,008 WARN  http.HttpRequestLog (HttpRequestLog.java:getRequestLog(97)) - Jetty request log can only be enabled using Log4j
2019-07-15 13:52:44,010 INFO  http.HttpServer2 (HttpServer2.java:addGlobalFilter(975)) - Added global filter 'safety' (class=org.apache.hadoop.http.HttpServer2$QuotingInputFilter)
2019-07-15 13:52:44,011 INFO  http.HttpServer2 (HttpServer2.java:addFilter(948)) - Added filter static_user_filter (class=org.apache.hadoop.http.lib.StaticUserWebFilter$StaticUserFilter) to context hddsDatanode
2019-07-15 13:52:44,011 INFO  http.HttpServer2 (HttpServer2.java:addFilter(958)) - Added filter static_user_filter (class=org.apache.hadoop.http.lib.StaticUserWebFilter$StaticUserFilter) to context logs
2019-07-15 13:52:44,011 INFO  http.HttpServer2 (HttpServer2.java:addFilter(958)) - Added filter static_user_filter (class=org.apache.hadoop.http.lib.StaticUserWebFilter$StaticUserFilter) to context static
2019-07-15 13:52:44,012 INFO  http.HttpServer2 (HttpServer2.java:bindListener(1191)) - Jetty bound to port 37378
2019-07-15 13:52:44,013 INFO  server.Server (Server.java:doStart(351)) - jetty-9.3.24.v20180605, build timestamp: 2018-06-05T17:11:56Z, git hash: 84205aa28f11a4f31f2a3b86d1bba2cc8ab69827
2019-07-15 13:52:44,015 INFO  handler.ContextHandler (ContextHandler.java:doStart(781)) - Started o.e.j.s.ServletContextHandler@59d7d574{/logs,file:///workdir/hadoop-ozone/integration-test/target/log,AVAILABLE}
2019-07-15 13:52:44,016 INFO  handler.ContextHandler (ContextHandler.java:doStart(781)) - Started o.e.j.s.ServletContextHandler@4417755b{/static,jar:file:/home/user/.m2/repository/org/apache/hadoop/hadoop-hdds-container-service/0.5.0-SNAPSHOT/hadoop-hdds-container-service-0.5.0-SNAPSHOT.jar!/webapps/static,AVAILABLE}
2019-07-15 13:52:44,059 INFO  handler.ContextHandler (ContextHandler.java:doStart(781)) - Started o.e.j.w.WebAppContext@6195ce27{/,file:///tmp/jetty-0.0.0.0-37378-hddsDatanode-_-any-6892632035006197163.dir/webapp/,AVAILABLE}{/hddsDatanode}
2019-07-15 13:52:44,059 INFO  server.AbstractConnector (AbstractConnector.java:doStart(278)) - Started ServerConnector@397b5b2d{HTTP/1.1,[http/1.1]}{0.0.0.0:37378}
2019-07-15 13:52:44,061 INFO  server.Server (Server.java:doStart(419)) - Started @559066ms
2019-07-15 13:52:44,063 INFO  server.BaseHttpServer (BaseHttpServer.java:updateConnectorAddress(207)) - HTTP server of HDDSDATANODE is listening at http://0.0.0.0:37378
2019-07-15 13:52:44,202 INFO  ozone.HddsDatanodeService (HddsDatanodeService.java:startPlugins(396)) - Started plug-in org.apache.hadoop.ozone.web.OzoneHddsDatanodeService@7c6557da
2019-07-15 13:52:44,202 INFO  ozone.MiniOzoneClusterImpl (MiniOzoneClusterImpl.java:lambda$waitForClusterToBeReady$0(142)) - Waiting for cluster to be ready. Got 0 of 7 DN Heartbeats.
2019-07-15 13:52:44,213 INFO  util.JvmPauseMonitor (JvmPauseMonitor.java:run(188)) - Starting JVM pause monitor
2019-07-15 13:52:44,216 INFO  datanode.InitDatanodeState (InitDatanodeState.java:persistContainerDatanodeDetails(140)) - DatanodeDetails is persisted to /workdir/hadoop-ozone/integration-test/target/test-dir/MiniOzoneClusterImpl-57b11f44-691f-4099-bd84-7690158c8d61/datanode-6/meta/datanode.id
2019-07-15 13:52:45,104 INFO  ozoneimpl.OzoneContainer (OzoneContainer.java:start(186)) - Attempting to start container services.
2019-07-15 13:52:45,104 INFO  ozoneimpl.OzoneContainer (OzoneContainer.java:startContainerScrub(160)) - Background container scrubber has been disabled by hdds.containerscrub.enabled
2019-07-15 13:52:45,105 INFO  ratis.XceiverServerRatis (XceiverServerRatis.java:start(418)) - Starting XceiverServerRatis 54ab0f06-ba9b-4124-99a5-49ffebe21645 at port 0
2019-07-15 13:52:45,115 INFO  impl.RaftServerProxy (RaftServerProxy.java:lambda$start$3(299)) - 54ab0f06-ba9b-4124-99a5-49ffebe21645: start RPC server
2019-07-15 13:52:45,117 INFO  server.GrpcService (GrpcService.java:startImpl(149)) - 54ab0f06-ba9b-4124-99a5-49ffebe21645: GrpcService started, listening on 0.0.0.0/0.0.0.0:36156
2019-07-15 13:52:45,117 INFO  ratis.XceiverServerRatis (XceiverServerRatis.java:start(428)) - XceiverServerRatis 54ab0f06-ba9b-4124-99a5-49ffebe21645 is started using port 36156
2019-07-15 13:52:45,125 INFO  server.XceiverServerGrpc (XceiverServerGrpc.java:start(161)) - XceiverServerGrpc 54ab0f06-ba9b-4124-99a5-49ffebe21645 is started using port 43858
2019-07-15 13:52:45,203 INFO  ozone.MiniOzoneClusterImpl (MiniOzoneClusterImpl.java:lambda$waitForClusterToBeReady$0(142)) - Waiting for cluster to be ready. Got 0 of 7 DN Heartbeats.
2019-07-15 13:52:45,257 INFO  ozoneimpl.OzoneContainer (OzoneContainer.java:start(186)) - Attempting to start container services.
2019-07-15 13:52:45,257 INFO  ozoneimpl.OzoneContainer (OzoneContainer.java:startContainerScrub(160)) - Background container scrubber has been disabled by hdds.containerscrub.enabled
2019-07-15 13:52:45,257 INFO  ratis.XceiverServerRatis (XceiverServerRatis.java:start(418)) - Starting XceiverServerRatis 5f1961c3-0311-4368-b10b-6dd07ca7e99b at port 0
2019-07-15 13:52:45,267 INFO  impl.RaftServerProxy (RaftServerProxy.java:lambda$start$3(299)) - 5f1961c3-0311-4368-b10b-6dd07ca7e99b: start RPC server
2019-07-15 13:52:45,270 INFO  server.GrpcService (GrpcService.java:startImpl(149)) - 5f1961c3-0311-4368-b10b-6dd07ca7e99b: GrpcService started, listening on 0.0.0.0/0.0.0.0:41860
2019-07-15 13:52:45,270 INFO  ratis.XceiverServerRatis (XceiverServerRatis.java:start(428)) - XceiverServerRatis 5f1961c3-0311-4368-b10b-6dd07ca7e99b is started using port 41860
2019-07-15 13:52:45,270 INFO  server.XceiverServerGrpc (XceiverServerGrpc.java:start(161)) - XceiverServerGrpc 5f1961c3-0311-4368-b10b-6dd07ca7e99b is started using port 33367
2019-07-15 13:52:45,456 INFO  ozoneimpl.OzoneContainer (OzoneContainer.java:start(186)) - Attempting to start container services.
2019-07-15 13:52:45,456 INFO  ozoneimpl.OzoneContainer (OzoneContainer.java:startContainerScrub(160)) - Background container scrubber has been disabled by hdds.containerscrub.enabled
2019-07-15 13:52:45,456 INFO  ratis.XceiverServerRatis (XceiverServerRatis.java:start(418)) - Starting XceiverServerRatis 67c28ded-b679-425b-8317-1aa30c7b7865 at port 0
2019-07-15 13:52:45,466 INFO  impl.RaftServerProxy (RaftServerProxy.java:lambda$start$3(299)) - 67c28ded-b679-425b-8317-1aa30c7b7865: start RPC server
2019-07-15 13:52:45,467 INFO  server.GrpcService (GrpcService.java:startImpl(149)) - 67c28ded-b679-425b-8317-1aa30c7b7865: GrpcService started, listening on 0.0.0.0/0.0.0.0:34182
2019-07-15 13:52:45,467 INFO  ratis.XceiverServerRatis (XceiverServerRatis.java:start(428)) - XceiverServerRatis 67c28ded-b679-425b-8317-1aa30c7b7865 is started using port 34182
2019-07-15 13:52:45,467 INFO  server.XceiverServerGrpc (XceiverServerGrpc.java:start(161)) - XceiverServerGrpc 67c28ded-b679-425b-8317-1aa30c7b7865 is started using port 33288
2019-07-15 13:52:45,622 INFO  ozoneimpl.OzoneContainer (OzoneContainer.java:start(186)) - Attempting to start container services.
2019-07-15 13:52:45,622 INFO  ozoneimpl.OzoneContainer (OzoneContainer.java:startContainerScrub(160)) - Background container scrubber has been disabled by hdds.containerscrub.enabled
2019-07-15 13:52:45,622 INFO  ratis.XceiverServerRatis (XceiverServerRatis.java:start(418)) - Starting XceiverServerRatis 69b822ba-735c-4922-a471-76e0959298b4 at port 0
2019-07-15 13:52:45,632 INFO  impl.RaftServerProxy (RaftServerProxy.java:lambda$start$3(299)) - 69b822ba-735c-4922-a471-76e0959298b4: start RPC server
2019-07-15 13:52:45,633 INFO  server.GrpcService (GrpcService.java:startImpl(149)) - 69b822ba-735c-4922-a471-76e0959298b4: GrpcService started, listening on 0.0.0.0/0.0.0.0:34315
2019-07-15 13:52:45,633 INFO  ratis.XceiverServerRatis (XceiverServerRatis.java:start(428)) - XceiverServerRatis 69b822ba-735c-4922-a471-76e0959298b4 is started using port 34315
2019-07-15 13:52:45,633 INFO  server.XceiverServerGrpc (XceiverServerGrpc.java:start(161)) - XceiverServerGrpc 69b822ba-735c-4922-a471-76e0959298b4 is started using port 39529
2019-07-15 13:52:45,803 INFO  ozoneimpl.OzoneContainer (OzoneContainer.java:start(186)) - Attempting to start container services.
2019-07-15 13:52:45,803 INFO  ozoneimpl.OzoneContainer (OzoneContainer.java:startContainerScrub(160)) - Background container scrubber has been disabled by hdds.containerscrub.enabled
2019-07-15 13:52:45,804 INFO  ratis.XceiverServerRatis (XceiverServerRatis.java:start(418)) - Starting XceiverServerRatis 955117ab-e0a9-4328-8308-787f8c4c4d1c at port 0
2019-07-15 13:52:45,816 INFO  impl.RaftServerProxy (RaftServerProxy.java:lambda$start$3(299)) - 955117ab-e0a9-4328-8308-787f8c4c4d1c: start RPC server
2019-07-15 13:52:45,820 INFO  server.GrpcService (GrpcService.java:startImpl(149)) - 955117ab-e0a9-4328-8308-787f8c4c4d1c: GrpcService started, listening on 0.0.0.0/0.0.0.0:44676
2019-07-15 13:52:45,820 INFO  ratis.XceiverServerRatis (XceiverServerRatis.java:start(428)) - XceiverServerRatis 955117ab-e0a9-4328-8308-787f8c4c4d1c is started using port 44676
2019-07-15 13:52:45,821 INFO  server.XceiverServerGrpc (XceiverServerGrpc.java:start(161)) - XceiverServerGrpc 955117ab-e0a9-4328-8308-787f8c4c4d1c is started using port 37164
2019-07-15 13:52:45,983 INFO  ozoneimpl.OzoneContainer (OzoneContainer.java:start(186)) - Attempting to start container services.
2019-07-15 13:52:45,983 INFO  ozoneimpl.OzoneContainer (OzoneContainer.java:startContainerScrub(160)) - Background container scrubber has been disabled by hdds.containerscrub.enabled
2019-07-15 13:52:45,983 INFO  ratis.XceiverServerRatis (XceiverServerRatis.java:start(418)) - Starting XceiverServerRatis 6b52d340-8c41-4019-aa96-ad4e6eff3bc9 at port 0
2019-07-15 13:52:45,992 INFO  impl.RaftServerProxy (RaftServerProxy.java:lambda$start$3(299)) - 6b52d340-8c41-4019-aa96-ad4e6eff3bc9: start RPC server
2019-07-15 13:52:45,995 INFO  server.GrpcService (GrpcService.java:startImpl(149)) - 6b52d340-8c41-4019-aa96-ad4e6eff3bc9: GrpcService started, listening on 0.0.0.0/0.0.0.0:38294
2019-07-15 13:52:45,996 INFO  ratis.XceiverServerRatis (XceiverServerRatis.java:start(428)) - XceiverServerRatis 6b52d340-8c41-4019-aa96-ad4e6eff3bc9 is started using port 38294
2019-07-15 13:52:46,008 INFO  server.XceiverServerGrpc (XceiverServerGrpc.java:start(161)) - XceiverServerGrpc 6b52d340-8c41-4019-aa96-ad4e6eff3bc9 is started using port 43026
2019-07-15 13:52:46,203 INFO  ozone.MiniOzoneClusterImpl (MiniOzoneClusterImpl.java:lambda$waitForClusterToBeReady$0(142)) - Waiting for cluster to be ready. Got 0 of 7 DN Heartbeats.
2019-07-15 13:52:46,231 INFO  ozoneimpl.OzoneContainer (OzoneContainer.java:start(186)) - Attempting to start container services.
2019-07-15 13:52:46,231 INFO  ozoneimpl.OzoneContainer (OzoneContainer.java:startContainerScrub(160)) - Background container scrubber has been disabled by hdds.containerscrub.enabled
2019-07-15 13:52:46,231 INFO  ratis.XceiverServerRatis (XceiverServerRatis.java:start(418)) - Starting XceiverServerRatis b8a3af71-a580-4ddb-8d0c-604124d85cde at port 0
2019-07-15 13:52:46,241 INFO  impl.RaftServerProxy (RaftServerProxy.java:lambda$start$3(299)) - b8a3af71-a580-4ddb-8d0c-604124d85cde: start RPC server
2019-07-15 13:52:46,244 INFO  server.GrpcService (GrpcService.java:startImpl(149)) - b8a3af71-a580-4ddb-8d0c-604124d85cde: GrpcService started, listening on 0.0.0.0/0.0.0.0:45107
2019-07-15 13:52:46,244 INFO  ratis.XceiverServerRatis (XceiverServerRatis.java:start(428)) - XceiverServerRatis b8a3af71-a580-4ddb-8d0c-604124d85cde is started using port 45107
2019-07-15 13:52:46,247 INFO  server.XceiverServerGrpc (XceiverServerGrpc.java:start(161)) - XceiverServerGrpc b8a3af71-a580-4ddb-8d0c-604124d85cde is started using port 40124
2019-07-15 13:52:47,077 INFO  net.NetworkTopology (NetworkTopologyImpl.java:add(110)) - Added a new node: /default-rack/192.168.157.240
2019-07-15 13:52:47,080 INFO  node.SCMNodeManager (SCMNodeManager.java:register(269)) - Registered Data node : 54ab0f06-ba9b-4124-99a5-49ffebe21645{ip: 192.168.157.240, host: trunk-nightly-hvlc9-701369690, networkLocation: /default-rack, certSerialId: null}
2019-07-15 13:52:47,081 INFO  safemode.SCMSafeModeManager (DataNodeSafeModeRule.java:process(71)) - SCM in safe mode. 1 DataNodes registered, 1 required.
2019-07-15 13:52:47,084 INFO  safemode.SCMSafeModeManager (SCMSafeModeManager.java:validateSafeModeExitRules(177)) - ScmSafeModeManager, all rules are successfully validated
2019-07-15 13:52:47,084 INFO  safemode.SCMSafeModeManager (SCMSafeModeManager.java:exitSafeMode(193)) - SCM exiting safe mode.
2019-07-15 13:52:47,112 INFO  impl.RaftServerProxy (RaftServerProxy.java:addNew(89)) - 54ab0f06-ba9b-4124-99a5-49ffebe21645: addNew group-498B03878735:[54ab0f06-ba9b-4124-99a5-49ffebe21645:192.168.157.240:36156] returns group-498B03878735:java.util.concurrent.CompletableFuture@4fab6c22[Not completed]
2019-07-15 13:52:47,114 INFO  impl.RaftServerImpl (RaftServerImpl.java:<init>(93)) - 54ab0f06-ba9b-4124-99a5-49ffebe21645: new RaftServerImpl for group-498B03878735:[54ab0f06-ba9b-4124-99a5-49ffebe21645:192.168.157.240:36156] with ContainerStateMachine:uninitialized
2019-07-15 13:52:47,114 INFO  server.RaftServerConfigKeys (ConfUtils.java:logGet(43)) - raft.server.rpc.timeout.min = 5s (custom)
2019-07-15 13:52:47,114 INFO  server.RaftServerConfigKeys (ConfUtils.java:logGet(43)) - raft.server.rpc.timeout.max = 5200ms (custom)
2019-07-15 13:52:47,114 INFO  server.RaftServerConfigKeys (ConfUtils.java:logGet(43)) - raft.server.rpcslowness.timeout = 120s (custom)
2019-07-15 13:52:47,114 INFO  server.RaftServerConfigKeys (ConfUtils.java:logGet(43)) - raft.server.sleep.deviation.threshold = 300 (default)
2019-07-15 13:52:47,114 INFO  server.RaftServerConfigKeys (ConfUtils.java:logGet(43)) - raft.server.log.appender.install.snapshot.enabled = false (custom)
2019-07-15 13:52:47,115 INFO  impl.RaftServerImpl (ServerState.java:<init>(105)) - 54ab0f06-ba9b-4124-99a5-49ffebe21645:group-498B03878735 ConfigurationManager, init=-1: [54ab0f06-ba9b-4124-99a5-49ffebe21645:192.168.157.240:36156], old=null, confs=<EMPTY_MAP>
2019-07-15 13:52:47,115 INFO  server.RaftServerConfigKeys (ConfUtils.java:logGet(43)) - raft.server.storage.dir = [/workdir/hadoop-ozone/integration-test/target/test-dir/MiniOzoneClusterImpl-57b11f44-691f-4099-bd84-7690158c8d61/datanode-0/data/ratis] (custom)
2019-07-15 13:52:47,115 INFO  storage.RaftStorageDirectory (RaftStorageDirectory.java:analyzeStorage(246)) - The storage directory /workdir/hadoop-ozone/integration-test/target/test-dir/MiniOzoneClusterImpl-57b11f44-691f-4099-bd84-7690158c8d61/datanode-0/data/ratis/25887758-1af6-4d61-8a50-498b03878735 does not exist. Creating ...
2019-07-15 13:52:47,129 INFO  storage.RaftStorageDirectory (RaftStorageDirectory.java:tryLock(328)) - Lock on /workdir/hadoop-ozone/integration-test/target/test-dir/MiniOzoneClusterImpl-57b11f44-691f-4099-bd84-7690158c8d61/datanode-0/data/ratis/25887758-1af6-4d61-8a50-498b03878735/in_use.lock acquired by nodename 27196@trunk-nightly-hvlc9-701369690
2019-07-15 13:52:47,142 INFO  storage.RaftStorage (RaftStorage.java:format(72)) - Storage directory /workdir/hadoop-ozone/integration-test/target/test-dir/MiniOzoneClusterImpl-57b11f44-691f-4099-bd84-7690158c8d61/datanode-0/data/ratis/25887758-1af6-4d61-8a50-498b03878735 has been successfully formatted.
2019-07-15 13:52:47,142 INFO  ratis.ContainerStateMachine (ContainerStateMachine.java:loadSnapshot(200)) - group-498B03878735: The snapshot info is null. Setting the last applied indexto:(t:0, i:~)
2019-07-15 13:52:47,143 INFO  server.RaftServerConfigKeys (ConfUtils.java:logGet(43)) - raft.server.leader.election.timeout = 120s (custom)
2019-07-15 13:52:47,143 INFO  server.RaftServerConfigKeys (ConfUtils.java:logGet(43)) - raft.server.log.use.memory = false (default)
2019-07-15 13:52:47,143 INFO  server.RaftServerConfigKeys (ConfUtils.java:logGet(43)) - raft.server.log.purge.gap = 1000000000 (custom)
2019-07-15 13:52:47,143 INFO  server.RaftServerConfigKeys (ConfUtils.java:logGet(43)) - raft.server.log.appender.buffer.byte-limit = 33554432 (custom)
2019-07-15 13:52:47,143 INFO  server.RaftServerConfigKeys (ConfUtils.java:logGet(43)) - raft.server.log.segment.size.max = 1048576 (custom)
2019-07-15 13:52:47,143 INFO  server.RaftServerConfigKeys (ConfUtils.java:logGet(43)) - raft.server.log.segment.cache.num.max = 2 (custom)
2019-07-15 13:52:47,144 INFO  segmented.SegmentedRaftLogWorker (SegmentedRaftLogWorker.java:<init>(172)) - new 54ab0f06-ba9b-4124-99a5-49ffebe21645-SegmentedRaftLogWorker:Storage Directory /workdir/hadoop-ozone/integration-test/target/test-dir/MiniOzoneClusterImpl-57b11f44-691f-4099-bd84-7690158c8d61/datanode-0/data/ratis/25887758-1af6-4d61-8a50-498b03878735 for RaftStorage:Storage Directory /workdir/hadoop-ozone/integration-test/target/test-dir/MiniOzoneClusterImpl-57b11f44-691f-4099-bd84-7690158c8d61/datanode-0/data/ratis/25887758-1af6-4d61-8a50-498b03878735
2019-07-15 13:52:47,144 INFO  server.RaftServerConfigKeys (ConfUtils.java:logGet(43)) - raft.server.log.queue.byte-limit = 2147483647 (custom)
2019-07-15 13:52:47,144 INFO  server.RaftServerConfigKeys (ConfUtils.java:logGet(43)) - raft.server.log.queue.element-limit = 1024 (custom)
2019-07-15 13:52:47,144 INFO  server.RaftServerConfigKeys (ConfUtils.java:logGet(43)) - raft.server.log.segment.size.max = 1048576 (custom)
2019-07-15 13:52:47,145 INFO  server.RaftServerConfigKeys (ConfUtils.java:logGet(43)) - raft.server.log.preallocated.size = 16384 (custom)
2019-07-15 13:52:47,145 INFO  server.RaftServerConfigKeys (ConfUtils.java:logGet(43)) - raft.server.log.write.buffer.size = 33554432 (custom)
2019-07-15 13:52:47,145 INFO  server.RaftServerConfigKeys (ConfUtils.java:logGet(43)) - raft.server.log.force.sync.num = 128 (default)
2019-07-15 13:52:47,145 INFO  server.RaftServerConfigKeys (ConfUtils.java:logGet(43)) - raft.server.log.statemachine.data.sync = true (default)
2019-07-15 13:52:47,145 INFO  server.RaftServerConfigKeys (ConfUtils.java:logGet(43)) - raft.server.log.statemachine.data.sync.timeout = 10s (default)
2019-07-15 13:52:47,145 INFO  server.RaftServerConfigKeys (ConfUtils.java:logGet(43)) - raft.server.log.statemachine.data.sync.timeout.retry = -1 (default)
2019-07-15 13:52:47,146 INFO  server.RaftServerConfigKeys (ConfUtils.java:logGet(43)) - raft.server.log.statemachine.data.caching.enabled = true (custom)
2019-07-15 13:52:47,146 INFO  segmented.SegmentedRaftLogWorker (SegmentedRaftLogWorker.java:lambda$new$0(132)) - 54ab0f06-ba9b-4124-99a5-49ffebe21645-SegmentedRaftLogWorker:Storage Directory /workdir/hadoop-ozone/integration-test/target/test-dir/MiniOzoneClusterImpl-57b11f44-691f-4099-bd84-7690158c8d61/datanode-0/data/ratis/25887758-1af6-4d61-8a50-498b03878735: flushIndex: setUnconditionally 0 -> -1
2019-07-15 13:52:47,147 INFO  server.RaftServerConfigKeys (ConfUtils.java:logGet(43)) - raft.server.snapshot.auto.trigger.enabled = true (custom)
2019-07-15 13:52:47,147 INFO  server.RaftServerConfigKeys (ConfUtils.java:logGet(43)) - raft.server.snapshot.auto.trigger.threshold = 10000 (custom)
2019-07-15 13:52:47,147 INFO  server.RaftServerConfigKeys (ConfUtils.java:logGet(43)) - raft.server.retrycache.expirytime = 600000ms (custom)
2019-07-15 13:52:47,147 INFO  impl.RaftServerImpl (RaftServerImpl.java:start(180)) - 54ab0f06-ba9b-4124-99a5-49ffebe21645: start group-498B03878735
2019-07-15 13:52:47,147 INFO  impl.RaftServerImpl (RaftServerImpl.java:setRole(171)) - 54ab0f06-ba9b-4124-99a5-49ffebe21645:group-498B03878735 changes role from null to FOLLOWER at term 0 for startAsFollower
2019-07-15 13:52:47,148 INFO  impl.RoleInfo (RoleInfo.java:updateAndGet(143)) - 54ab0f06-ba9b-4124-99a5-49ffebe21645: start FollowerState
2019-07-15 13:52:47,149 INFO  util.JmxRegister (JmxRegister.java:tryRegister(44)) - Successfully registered JMX Bean with object name Ratis:service=RaftServer,group=group-498B03878735,id=54ab0f06-ba9b-4124-99a5-49ffebe21645
2019-07-15 13:52:47,152 INFO  pipeline.PipelineStateManager (PipelineStateManager.java:addPipeline(56)) - Created pipeline Pipeline[ Id: 25887758-1af6-4d61-8a50-498b03878735, Nodes: 54ab0f06-ba9b-4124-99a5-49ffebe21645{ip: 192.168.157.240, host: trunk-nightly-hvlc9-701369690, networkLocation: /default-rack, certSerialId: null}, Type:RATIS, Factor:ONE, State:OPEN]
2019-07-15 13:52:47,204 INFO  ozone.MiniOzoneClusterImpl (MiniOzoneClusterImpl.java:lambda$waitForClusterToBeReady$0(142)) - Waiting for cluster to be ready. Got 1 of 7 DN Heartbeats.
2019-07-15 13:52:47,245 INFO  node.SCMNodeManager (SCMNodeManager.java:register(269)) - Registered Data node : 5f1961c3-0311-4368-b10b-6dd07ca7e99b{ip: 192.168.157.240, host: trunk-nightly-hvlc9-701369690, networkLocation: /default-rack, certSerialId: null}
2019-07-15 13:52:47,254 INFO  impl.RaftServerProxy (RaftServerProxy.java:addNew(89)) - 5f1961c3-0311-4368-b10b-6dd07ca7e99b: addNew group-99367B1CF06F:[5f1961c3-0311-4368-b10b-6dd07ca7e99b:192.168.157.240:41860] returns group-99367B1CF06F:java.util.concurrent.CompletableFuture@2b335c69[Not completed]
2019-07-15 13:52:47,255 INFO  impl.RaftServerImpl (RaftServerImpl.java:<init>(93)) - 5f1961c3-0311-4368-b10b-6dd07ca7e99b: new RaftServerImpl for group-99367B1CF06F:[5f1961c3-0311-4368-b10b-6dd07ca7e99b:192.168.157.240:41860] with ContainerStateMachine:uninitialized
2019-07-15 13:52:47,255 INFO  server.RaftServerConfigKeys (ConfUtils.java:logGet(43)) - raft.server.rpc.timeout.min = 5s (custom)
2019-07-15 13:52:47,256 INFO  server.RaftServerConfigKeys (ConfUtils.java:logGet(43)) - raft.server.rpc.timeout.max = 5200ms (custom)
2019-07-15 13:52:47,256 INFO  server.RaftServerConfigKeys (ConfUtils.java:logGet(43)) - raft.server.rpcslowness.timeout = 120s (custom)
2019-07-15 13:52:47,256 INFO  server.RaftServerConfigKeys (ConfUtils.java:logGet(43)) - raft.server.sleep.deviation.threshold = 300 (default)
2019-07-15 13:52:47,256 INFO  server.RaftServerConfigKeys (ConfUtils.java:logGet(43)) - raft.server.log.appender.install.snapshot.enabled = false (custom)
2019-07-15 13:52:47,256 INFO  impl.RaftServerImpl (ServerState.java:<init>(105)) - 5f1961c3-0311-4368-b10b-6dd07ca7e99b:group-99367B1CF06F ConfigurationManager, init=-1: [5f1961c3-0311-4368-b10b-6dd07ca7e99b:192.168.157.240:41860], old=null, confs=<EMPTY_MAP>
2019-07-15 13:52:47,256 INFO  server.RaftServerConfigKeys (ConfUtils.java:logGet(43)) - raft.server.storage.dir = [/workdir/hadoop-ozone/integration-test/target/test-dir/MiniOzoneClusterImpl-57b11f44-691f-4099-bd84-7690158c8d61/datanode-1/data/ratis] (custom)
2019-07-15 13:52:47,257 INFO  storage.RaftStorageDirectory (RaftStorageDirectory.java:analyzeStorage(246)) - The storage directory /workdir/hadoop-ozone/integration-test/target/test-dir/MiniOzoneClusterImpl-57b11f44-691f-4099-bd84-7690158c8d61/datanode-1/data/ratis/cf57ce9b-0c3b-407e-b8d3-99367b1cf06f does not exist. Creating ...
2019-07-15 13:52:47,270 INFO  storage.RaftStorageDirectory (RaftStorageDirectory.java:tryLock(328)) - Lock on /workdir/hadoop-ozone/integration-test/target/test-dir/MiniOzoneClusterImpl-57b11f44-691f-4099-bd84-7690158c8d61/datanode-1/data/ratis/cf57ce9b-0c3b-407e-b8d3-99367b1cf06f/in_use.lock acquired by nodename 27196@trunk-nightly-hvlc9-701369690
2019-07-15 13:52:47,283 INFO  storage.RaftStorage (RaftStorage.java:format(72)) - Storage directory /workdir/hadoop-ozone/integration-test/target/test-dir/MiniOzoneClusterImpl-57b11f44-691f-4099-bd84-7690158c8d61/datanode-1/data/ratis/cf57ce9b-0c3b-407e-b8d3-99367b1cf06f has been successfully formatted.
2019-07-15 13:52:47,283 INFO  ratis.ContainerStateMachine (ContainerStateMachine.java:loadSnapshot(200)) - group-99367B1CF06F: The snapshot info is null. Setting the last applied indexto:(t:0, i:~)
2019-07-15 13:52:47,283 INFO  server.RaftServerConfigKeys (ConfUtils.java:logGet(43)) - raft.server.leader.election.timeout = 120s (custom)
2019-07-15 13:52:47,284 INFO  server.RaftServerConfigKeys (ConfUtils.java:logGet(43)) - raft.server.log.use.memory = false (default)
2019-07-15 13:52:47,284 INFO  server.RaftServerConfigKeys (ConfUtils.java:logGet(43)) - raft.server.log.purge.gap = 1000000000 (custom)
2019-07-15 13:52:47,284 INFO  server.RaftServerConfigKeys (ConfUtils.java:logGet(43)) - raft.server.log.appender.buffer.byte-limit = 33554432 (custom)
2019-07-15 13:52:47,284 INFO  server.RaftServerConfigKeys (ConfUtils.java:logGet(43)) - raft.server.log.segment.size.max = 1048576 (custom)
2019-07-15 13:52:47,284 INFO  server.RaftServerConfigKeys (ConfUtils.java:logGet(43)) - raft.server.log.segment.cache.num.max = 2 (custom)
2019-07-15 13:52:47,284 INFO  segmented.SegmentedRaftLogWorker (SegmentedRaftLogWorker.java:<init>(172)) - new 5f1961c3-0311-4368-b10b-6dd07ca7e99b-SegmentedRaftLogWorker:Storage Directory /workdir/hadoop-ozone/integration-test/target/test-dir/MiniOzoneClusterImpl-57b11f44-691f-4099-bd84-7690158c8d61/datanode-1/data/ratis/cf57ce9b-0c3b-407e-b8d3-99367b1cf06f for RaftStorage:Storage Directory /workdir/hadoop-ozone/integration-test/target/test-dir/MiniOzoneClusterImpl-57b11f44-691f-4099-bd84-7690158c8d61/datanode-1/data/ratis/cf57ce9b-0c3b-407e-b8d3-99367b1cf06f
2019-07-15 13:52:47,285 INFO  server.RaftServerConfigKeys (ConfUtils.java:logGet(43)) - raft.server.log.queue.byte-limit = 2147483647 (custom)
2019-07-15 13:52:47,285 INFO  server.RaftServerConfigKeys (ConfUtils.java:logGet(43)) - raft.server.log.queue.element-limit = 1024 (custom)
2019-07-15 13:52:47,285 INFO  server.RaftServerConfigKeys (ConfUtils.java:logGet(43)) - raft.server.log.segment.size.max = 1048576 (custom)
2019-07-15 13:52:47,285 INFO  server.RaftServerConfigKeys (ConfUtils.java:logGet(43)) - raft.server.log.preallocated.size = 16384 (custom)
2019-07-15 13:52:47,285 INFO  server.RaftServerConfigKeys (ConfUtils.java:logGet(43)) - raft.server.log.write.buffer.size = 33554432 (custom)
2019-07-15 13:52:47,285 INFO  server.RaftServerConfigKeys (ConfUtils.java:logGet(43)) - raft.server.log.force.sync.num = 128 (default)
2019-07-15 13:52:47,286 INFO  server.RaftServerConfigKeys (ConfUtils.java:logGet(43)) - raft.server.log.statemachine.data.sync = true (default)
2019-07-15 13:52:47,286 INFO  server.RaftServerConfigKeys (ConfUtils.java:logGet(43)) - raft.server.log.statemachine.data.sync.timeout = 10s (default)
2019-07-15 13:52:47,286 INFO  server.RaftServerConfigKeys (ConfUtils.java:logGet(43)) - raft.server.log.statemachine.data.sync.timeout.retry = -1 (default)
2019-07-15 13:52:47,286 INFO  server.RaftServerConfigKeys (ConfUtils.java:logGet(43)) - raft.server.log.statemachine.data.caching.enabled = true (custom)
2019-07-15 13:52:47,287 INFO  segmented.SegmentedRaftLogWorker (SegmentedRaftLogWorker.java:lambda$new$0(132)) - 5f1961c3-0311-4368-b10b-6dd07ca7e99b-SegmentedRaftLogWorker:Storage Directory /workdir/hadoop-ozone/integration-test/target/test-dir/MiniOzoneClusterImpl-57b11f44-691f-4099-bd84-7690158c8d61/datanode-1/data/ratis/cf57ce9b-0c3b-407e-b8d3-99367b1cf06f: flushIndex: setUnconditionally 0 -> -1
2019-07-15 13:52:47,287 INFO  server.RaftServerConfigKeys (ConfUtils.java:logGet(43)) - raft.server.snapshot.auto.trigger.enabled = true (custom)
2019-07-15 13:52:47,287 INFO  server.RaftServerConfigKeys (ConfUtils.java:logGet(43)) - raft.server.snapshot.auto.trigger.threshold = 10000 (custom)
2019-07-15 13:52:47,287 INFO  server.RaftServerConfigKeys (ConfUtils.java:logGet(43)) - raft.server.retrycache.expirytime = 600000ms (custom)
2019-07-15 13:52:47,287 INFO  impl.RaftServerImpl (RaftServerImpl.java:start(180)) - 5f1961c3-0311-4368-b10b-6dd07ca7e99b: start group-99367B1CF06F
2019-07-15 13:52:47,288 INFO  impl.RaftServerImpl (RaftServerImpl.java:setRole(171)) - 5f1961c3-0311-4368-b10b-6dd07ca7e99b:group-99367B1CF06F changes role from null to FOLLOWER at term 0 for startAsFollower
2019-07-15 13:52:47,288 INFO  impl.RoleInfo (RoleInfo.java:updateAndGet(143)) - 5f1961c3-0311-4368-b10b-6dd07ca7e99b: start FollowerState
2019-07-15 13:52:47,288 INFO  util.JmxRegister (JmxRegister.java:tryRegister(44)) - Successfully registered JMX Bean with object name Ratis:service=RaftServer,group=group-99367B1CF06F,id=5f1961c3-0311-4368-b10b-6dd07ca7e99b
2019-07-15 13:52:47,290 INFO  pipeline.PipelineStateManager (PipelineStateManager.java:addPipeline(56)) - Created pipeline Pipeline[ Id: cf57ce9b-0c3b-407e-b8d3-99367b1cf06f, Nodes: 5f1961c3-0311-4368-b10b-6dd07ca7e99b{ip: 192.168.157.240, host: trunk-nightly-hvlc9-701369690, networkLocation: /default-rack, certSerialId: null}, Type:RATIS, Factor:ONE, State:OPEN]
2019-07-15 13:52:47,444 INFO  node.SCMNodeManager (SCMNodeManager.java:register(269)) - Registered Data node : 67c28ded-b679-425b-8317-1aa30c7b7865{ip: 192.168.157.240, host: trunk-nightly-hvlc9-701369690, networkLocation: /default-rack, certSerialId: null}
2019-07-15 13:52:47,451 INFO  impl.RaftServerProxy (RaftServerProxy.java:addNew(89)) - 67c28ded-b679-425b-8317-1aa30c7b7865: addNew group-1CDFFEEA6117:[67c28ded-b679-425b-8317-1aa30c7b7865:192.168.157.240:34182] returns group-1CDFFEEA6117:java.util.concurrent.CompletableFuture@d2d7648[Not completed]
2019-07-15 13:52:47,452 INFO  impl.RaftServerImpl (RaftServerImpl.java:<init>(93)) - 67c28ded-b679-425b-8317-1aa30c7b7865: new RaftServerImpl for group-1CDFFEEA6117:[67c28ded-b679-425b-8317-1aa30c7b7865:192.168.157.240:34182] with ContainerStateMachine:uninitialized
2019-07-15 13:52:47,452 INFO  server.RaftServerConfigKeys (ConfUtils.java:logGet(43)) - raft.server.rpc.timeout.min = 5s (custom)
2019-07-15 13:52:47,453 INFO  server.RaftServerConfigKeys (ConfUtils.java:logGet(43)) - raft.server.rpc.timeout.max = 5200ms (custom)
2019-07-15 13:52:47,453 INFO  server.RaftServerConfigKeys (ConfUtils.java:logGet(43)) - raft.server.rpcslowness.timeout = 120s (custom)
2019-07-15 13:52:47,453 INFO  server.RaftServerConfigKeys (ConfUtils.java:logGet(43)) - raft.server.sleep.deviation.threshold = 300 (default)
2019-07-15 13:52:47,453 INFO  server.RaftServerConfigKeys (ConfUtils.java:logGet(43)) - raft.server.log.appender.install.snapshot.enabled = false (custom)
2019-07-15 13:52:47,453 INFO  impl.RaftServerImpl (ServerState.java:<init>(105)) - 67c28ded-b679-425b-8317-1aa30c7b7865:group-1CDFFEEA6117 ConfigurationManager, init=-1: [67c28ded-b679-425b-8317-1aa30c7b7865:192.168.157.240:34182], old=null, confs=<EMPTY_MAP>
2019-07-15 13:52:47,453 INFO  server.RaftServerConfigKeys (ConfUtils.java:logGet(43)) - raft.server.storage.dir = [/workdir/hadoop-ozone/integration-test/target/test-dir/MiniOzoneClusterImpl-57b11f44-691f-4099-bd84-7690158c8d61/datanode-2/data/ratis] (custom)
2019-07-15 13:52:47,454 INFO  storage.RaftStorageDirectory (RaftStorageDirectory.java:analyzeStorage(246)) - The storage directory /workdir/hadoop-ozone/integration-test/target/test-dir/MiniOzoneClusterImpl-57b11f44-691f-4099-bd84-7690158c8d61/datanode-2/data/ratis/644d51d8-30d4-4036-8dc5-1cdffeea6117 does not exist. Creating ...
2019-07-15 13:52:47,467 INFO  storage.RaftStorageDirectory (RaftStorageDirectory.java:tryLock(328)) - Lock on /workdir/hadoop-ozone/integration-test/target/test-dir/MiniOzoneClusterImpl-57b11f44-691f-4099-bd84-7690158c8d61/datanode-2/data/ratis/644d51d8-30d4-4036-8dc5-1cdffeea6117/in_use.lock acquired by nodename 27196@trunk-nightly-hvlc9-701369690
2019-07-15 13:52:47,481 INFO  storage.RaftStorage (RaftStorage.java:format(72)) - Storage directory /workdir/hadoop-ozone/integration-test/target/test-dir/MiniOzoneClusterImpl-57b11f44-691f-4099-bd84-7690158c8d61/datanode-2/data/ratis/644d51d8-30d4-4036-8dc5-1cdffeea6117 has been successfully formatted.
2019-07-15 13:52:47,481 INFO  ratis.ContainerStateMachine (ContainerStateMachine.java:loadSnapshot(200)) - group-1CDFFEEA6117: The snapshot info is null. Setting the last applied indexto:(t:0, i:~)
2019-07-15 13:52:47,481 INFO  server.RaftServerConfigKeys (ConfUtils.java:logGet(43)) - raft.server.leader.election.timeout = 120s (custom)
2019-07-15 13:52:47,481 INFO  server.RaftServerConfigKeys (ConfUtils.java:logGet(43)) - raft.server.log.use.memory = false (default)
2019-07-15 13:52:47,481 INFO  server.RaftServerConfigKeys (ConfUtils.java:logGet(43)) - raft.server.log.purge.gap = 1000000000 (custom)
2019-07-15 13:52:47,482 INFO  server.RaftServerConfigKeys (ConfUtils.java:logGet(43)) - raft.server.log.appender.buffer.byte-limit = 33554432 (custom)
2019-07-15 13:52:47,482 INFO  server.RaftServerConfigKeys (ConfUtils.java:logGet(43)) - raft.server.log.segment.size.max = 1048576 (custom)
2019-07-15 13:52:47,482 INFO  server.RaftServerConfigKeys (ConfUtils.java:logGet(43)) - raft.server.log.segment.cache.num.max = 2 (custom)
2019-07-15 13:52:47,482 INFO  segmented.SegmentedRaftLogWorker (SegmentedRaftLogWorker.java:<init>(172)) - new 67c28ded-b679-425b-8317-1aa30c7b7865-SegmentedRaftLogWorker:Storage Directory /workdir/hadoop-ozone/integration-test/target/test-dir/MiniOzoneClusterImpl-57b11f44-691f-4099-bd84-7690158c8d61/datanode-2/data/ratis/644d51d8-30d4-4036-8dc5-1cdffeea6117 for RaftStorage:Storage Directory /workdir/hadoop-ozone/integration-test/target/test-dir/MiniOzoneClusterImpl-57b11f44-691f-4099-bd84-7690158c8d61/datanode-2/data/ratis/644d51d8-30d4-4036-8dc5-1cdffeea6117
2019-07-15 13:52:47,482 INFO  server.RaftServerConfigKeys (ConfUtils.java:logGet(43)) - raft.server.log.queue.byte-limit = 2147483647 (custom)
2019-07-15 13:52:47,482 INFO  server.RaftServerConfigKeys (ConfUtils.java:logGet(43)) - raft.server.log.queue.element-limit = 1024 (custom)
2019-07-15 13:52:47,483 INFO  server.RaftServerConfigKeys (ConfUtils.java:logGet(43)) - raft.server.log.segment.size.max = 1048576 (custom)
2019-07-15 13:52:47,483 INFO  server.RaftServerConfigKeys (ConfUtils.java:logGet(43)) - raft.server.log.preallocated.size = 16384 (custom)
2019-07-15 13:52:47,483 INFO  server.RaftServerConfigKeys (ConfUtils.java:logGet(43)) - raft.server.log.write.buffer.size = 33554432 (custom)
2019-07-15 13:52:47,483 INFO  server.RaftServerConfigKeys (ConfUtils.java:logGet(43)) - raft.server.log.force.sync.num = 128 (default)
2019-07-15 13:52:47,483 INFO  server.RaftServerConfigKeys (ConfUtils.java:logGet(43)) - raft.server.log.statemachine.data.sync = true (default)
2019-07-15 13:52:47,484 INFO  server.RaftServerConfigKeys (ConfUtils.java:logGet(43)) - raft.server.log.statemachine.data.sync.timeout = 10s (default)
2019-07-15 13:52:47,484 INFO  server.RaftServerConfigKeys (ConfUtils.java:logGet(43)) - raft.server.log.statemachine.data.sync.timeout.retry = -1 (default)
2019-07-15 13:52:47,484 INFO  server.RaftServerConfigKeys (ConfUtils.java:logGet(43)) - raft.server.log.statemachine.data.caching.enabled = true (custom)
2019-07-15 13:52:47,484 INFO  segmented.SegmentedRaftLogWorker (SegmentedRaftLogWorker.java:lambda$new$0(132)) - 67c28ded-b679-425b-8317-1aa30c7b7865-SegmentedRaftLogWorker:Storage Directory /workdir/hadoop-ozone/integration-test/target/test-dir/MiniOzoneClusterImpl-57b11f44-691f-4099-bd84-7690158c8d61/datanode-2/data/ratis/644d51d8-30d4-4036-8dc5-1cdffeea6117: flushIndex: setUnconditionally 0 -> -1
2019-07-15 13:52:47,485 INFO  server.RaftServerConfigKeys (ConfUtils.java:logGet(43)) - raft.server.snapshot.auto.trigger.enabled = true (custom)
2019-07-15 13:52:47,485 INFO  server.RaftServerConfigKeys (ConfUtils.java:logGet(43)) - raft.server.snapshot.auto.trigger.threshold = 10000 (custom)
2019-07-15 13:52:47,485 INFO  server.RaftServerConfigKeys (ConfUtils.java:logGet(43)) - raft.server.retrycache.expirytime = 600000ms (custom)
2019-07-15 13:52:47,485 INFO  impl.RaftServerImpl (RaftServerImpl.java:start(180)) - 67c28ded-b679-425b-8317-1aa30c7b7865: start group-1CDFFEEA6117
2019-07-15 13:52:47,485 INFO  impl.RaftServerImpl (RaftServerImpl.java:setRole(171)) - 67c28ded-b679-425b-8317-1aa30c7b7865:group-1CDFFEEA6117 changes role from null to FOLLOWER at term 0 for startAsFollower
2019-07-15 13:52:47,486 INFO  impl.RoleInfo (RoleInfo.java:updateAndGet(143)) - 67c28ded-b679-425b-8317-1aa30c7b7865: start FollowerState
2019-07-15 13:52:47,486 INFO  util.JmxRegister (JmxRegister.java:tryRegister(44)) - Successfully registered JMX Bean with object name Ratis:service=RaftServer,group=group-1CDFFEEA6117,id=67c28ded-b679-425b-8317-1aa30c7b7865
2019-07-15 13:52:47,488 INFO  pipeline.PipelineStateManager (PipelineStateManager.java:addPipeline(56)) - Created pipeline Pipeline[ Id: 644d51d8-30d4-4036-8dc5-1cdffeea6117, Nodes: 67c28ded-b679-425b-8317-1aa30c7b7865{ip: 192.168.157.240, host: trunk-nightly-hvlc9-701369690, networkLocation: /default-rack, certSerialId: null}, Type:RATIS, Factor:ONE, State:OPEN]
2019-07-15 13:52:47,501 INFO  impl.RaftServerProxy (RaftServerProxy.java:addNew(89)) - 67c28ded-b679-425b-8317-1aa30c7b7865: addNew group-1BB46EE69953:[54ab0f06-ba9b-4124-99a5-49ffebe21645:192.168.157.240:36156, 67c28ded-b679-425b-8317-1aa30c7b7865:192.168.157.240:34182, 5f1961c3-0311-4368-b10b-6dd07ca7e99b:192.168.157.240:41860] returns group-1BB46EE69953:java.util.concurrent.CompletableFuture@49a7e7b2[Not completed]
2019-07-15 13:52:47,502 INFO  impl.RaftServerProxy (RaftServerProxy.java:addNew(89)) - 54ab0f06-ba9b-4124-99a5-49ffebe21645: addNew group-1BB46EE69953:[54ab0f06-ba9b-4124-99a5-49ffebe21645:192.168.157.240:36156, 67c28ded-b679-425b-8317-1aa30c7b7865:192.168.157.240:34182, 5f1961c3-0311-4368-b10b-6dd07ca7e99b:192.168.157.240:41860] returns group-1BB46EE69953:java.util.concurrent.CompletableFuture@4b16a970[Not completed]
2019-07-15 13:52:47,502 INFO  impl.RaftServerProxy (RaftServerProxy.java:addNew(89)) - 5f1961c3-0311-4368-b10b-6dd07ca7e99b: addNew group-1BB46EE69953:[54ab0f06-ba9b-4124-99a5-49ffebe21645:192.168.157.240:36156, 67c28ded-b679-425b-8317-1aa30c7b7865:192.168.157.240:34182, 5f1961c3-0311-4368-b10b-6dd07ca7e99b:192.168.157.240:41860] returns group-1BB46EE69953:java.util.concurrent.CompletableFuture@34d39caf[Not completed]
2019-07-15 13:52:47,502 INFO  impl.RaftServerImpl (RaftServerImpl.java:<init>(93)) - 67c28ded-b679-425b-8317-1aa30c7b7865: new RaftServerImpl for group-1BB46EE69953:[54ab0f06-ba9b-4124-99a5-49ffebe21645:192.168.157.240:36156, 67c28ded-b679-425b-8317-1aa30c7b7865:192.168.157.240:34182, 5f1961c3-0311-4368-b10b-6dd07ca7e99b:192.168.157.240:41860] with ContainerStateMachine:uninitialized
2019-07-15 13:52:47,502 INFO  server.RaftServerConfigKeys (ConfUtils.java:logGet(43)) - raft.server.rpc.timeout.min = 5s (custom)
2019-07-15 13:52:47,502 INFO  server.RaftServerConfigKeys (ConfUtils.java:logGet(43)) - raft.server.rpc.timeout.max = 5200ms (custom)
2019-07-15 13:52:47,502 INFO  server.RaftServerConfigKeys (ConfUtils.java:logGet(43)) - raft.server.rpcslowness.timeout = 120s (custom)
2019-07-15 13:52:47,503 INFO  server.RaftServerConfigKeys (ConfUtils.java:logGet(43)) - raft.server.sleep.deviation.threshold = 300 (default)
2019-07-15 13:52:47,503 INFO  impl.RaftServerImpl (RaftServerImpl.java:<init>(93)) - 5f1961c3-0311-4368-b10b-6dd07ca7e99b: new RaftServerImpl for group-1BB46EE69953:[54ab0f06-ba9b-4124-99a5-49ffebe21645:192.168.157.240:36156, 67c28ded-b679-425b-8317-1aa30c7b7865:192.168.157.240:34182, 5f1961c3-0311-4368-b10b-6dd07ca7e99b:192.168.157.240:41860] with ContainerStateMachine:uninitialized
2019-07-15 13:52:47,503 INFO  server.RaftServerConfigKeys (ConfUtils.java:logGet(43)) - raft.server.log.appender.install.snapshot.enabled = false (custom)
2019-07-15 13:52:47,503 INFO  server.RaftServerConfigKeys (ConfUtils.java:logGet(43)) - raft.server.rpc.timeout.min = 5s (custom)
2019-07-15 13:52:47,503 INFO  impl.RaftServerImpl (RaftServerImpl.java:<init>(93)) - 54ab0f06-ba9b-4124-99a5-49ffebe21645: new RaftServerImpl for group-1BB46EE69953:[54ab0f06-ba9b-4124-99a5-49ffebe21645:192.168.157.240:36156, 67c28ded-b679-425b-8317-1aa30c7b7865:192.168.157.240:34182, 5f1961c3-0311-4368-b10b-6dd07ca7e99b:192.168.157.240:41860] with ContainerStateMachine:uninitialized
2019-07-15 13:52:47,503 INFO  impl.RaftServerImpl (ServerState.java:<init>(105)) - 67c28ded-b679-425b-8317-1aa30c7b7865:group-1BB46EE69953 ConfigurationManager, init=-1: [54ab0f06-ba9b-4124-99a5-49ffebe21645:192.168.157.240:36156, 67c28ded-b679-425b-8317-1aa30c7b7865:192.168.157.240:34182, 5f1961c3-0311-4368-b10b-6dd07ca7e99b:192.168.157.240:41860], old=null, confs=<EMPTY_MAP>
2019-07-15 13:52:47,503 INFO  server.RaftServerConfigKeys (ConfUtils.java:logGet(43)) - raft.server.rpc.timeout.min = 5s (custom)
2019-07-15 13:52:47,504 INFO  server.RaftServerConfigKeys (ConfUtils.java:logGet(43)) - raft.server.rpc.timeout.max = 5200ms (custom)
2019-07-15 13:52:47,503 INFO  server.RaftServerConfigKeys (ConfUtils.java:logGet(43)) - raft.server.rpc.timeout.max = 5200ms (custom)
2019-07-15 13:52:47,504 INFO  server.RaftServerConfigKeys (ConfUtils.java:logGet(43)) - raft.server.rpcslowness.timeout = 120s (custom)
2019-07-15 13:52:47,504 INFO  server.RaftServerConfigKeys (ConfUtils.java:logGet(43)) - raft.server.storage.dir = [/workdir/hadoop-ozone/integration-test/target/test-dir/MiniOzoneClusterImpl-57b11f44-691f-4099-bd84-7690158c8d61/datanode-2/data/ratis] (custom)
2019-07-15 13:52:47,504 INFO  server.RaftServerConfigKeys (ConfUtils.java:logGet(43)) - raft.server.sleep.deviation.threshold = 300 (default)
2019-07-15 13:52:47,504 INFO  server.RaftServerConfigKeys (ConfUtils.java:logGet(43)) - raft.server.log.appender.install.snapshot.enabled = false (custom)
2019-07-15 13:52:47,505 INFO  storage.RaftStorageDirectory (RaftStorageDirectory.java:analyzeStorage(246)) - The storage directory /workdir/hadoop-ozone/integration-test/target/test-dir/MiniOzoneClusterImpl-57b11f44-691f-4099-bd84-7690158c8d61/datanode-2/data/ratis/8ac7e347-8e64-4ffc-9c68-1bb46ee69953 does not exist. Creating ...
2019-07-15 13:52:47,504 INFO  server.RaftServerConfigKeys (ConfUtils.java:logGet(43)) - raft.server.rpcslowness.timeout = 120s (custom)
2019-07-15 13:52:47,505 INFO  impl.RaftServerImpl (ServerState.java:<init>(105)) - 54ab0f06-ba9b-4124-99a5-49ffebe21645:group-1BB46EE69953 ConfigurationManager, init=-1: [54ab0f06-ba9b-4124-99a5-49ffebe21645:192.168.157.240:36156, 67c28ded-b679-425b-8317-1aa30c7b7865:192.168.157.240:34182, 5f1961c3-0311-4368-b10b-6dd07ca7e99b:192.168.157.240:41860], old=null, confs=<EMPTY_MAP>
2019-07-15 13:52:47,505 INFO  server.RaftServerConfigKeys (ConfUtils.java:logGet(43)) - raft.server.sleep.deviation.threshold = 300 (default)
2019-07-15 13:52:47,505 INFO  server.RaftServerConfigKeys (ConfUtils.java:logGet(43)) - raft.server.storage.dir = [/workdir/hadoop-ozone/integration-test/target/test-dir/MiniOzoneClusterImpl-57b11f44-691f-4099-bd84-7690158c8d61/datanode-0/data/ratis] (custom)
2019-07-15 13:52:47,505 INFO  server.RaftServerConfigKeys (ConfUtils.java:logGet(43)) - raft.server.log.appender.install.snapshot.enabled = false (custom)
2019-07-15 13:52:47,505 INFO  impl.RaftServerImpl (ServerState.java:<init>(105)) - 5f1961c3-0311-4368-b10b-6dd07ca7e99b:group-1BB46EE69953 ConfigurationManager, init=-1: [54ab0f06-ba9b-4124-99a5-49ffebe21645:192.168.157.240:36156, 67c28ded-b679-425b-8317-1aa30c7b7865:192.168.157.240:34182, 5f1961c3-0311-4368-b10b-6dd07ca7e99b:192.168.157.240:41860], old=null, confs=<EMPTY_MAP>
2019-07-15 13:52:47,506 INFO  storage.RaftStorageDirectory (RaftStorageDirectory.java:analyzeStorage(246)) - The storage directory /workdir/hadoop-ozone/integration-test/target/test-dir/MiniOzoneClusterImpl-57b11f44-691f-4099-bd84-7690158c8d61/datanode-0/data/ratis/8ac7e347-8e64-4ffc-9c68-1bb46ee69953 does not exist. Creating ...
2019-07-15 13:52:47,506 INFO  server.RaftServerConfigKeys (ConfUtils.java:logGet(43)) - raft.server.storage.dir = [/workdir/hadoop-ozone/integration-test/target/test-dir/MiniOzoneClusterImpl-57b11f44-691f-4099-bd84-7690158c8d61/datanode-1/data/ratis] (custom)
2019-07-15 13:52:47,506 INFO  storage.RaftStorageDirectory (RaftStorageDirectory.java:analyzeStorage(246)) - The storage directory /workdir/hadoop-ozone/integration-test/target/test-dir/MiniOzoneClusterImpl-57b11f44-691f-4099-bd84-7690158c8d61/datanode-1/data/ratis/8ac7e347-8e64-4ffc-9c68-1bb46ee69953 does not exist. Creating ...
2019-07-15 13:52:47,518 INFO  storage.RaftStorageDirectory (RaftStorageDirectory.java:tryLock(328)) - Lock on /workdir/hadoop-ozone/integration-test/target/test-dir/MiniOzoneClusterImpl-57b11f44-691f-4099-bd84-7690158c8d61/datanode-1/data/ratis/8ac7e347-8e64-4ffc-9c68-1bb46ee69953/in_use.lock acquired by nodename 27196@trunk-nightly-hvlc9-701369690
2019-07-15 13:52:47,518 INFO  storage.RaftStorageDirectory (RaftStorageDirectory.java:tryLock(328)) - Lock on /workdir/hadoop-ozone/integration-test/target/test-dir/MiniOzoneClusterImpl-57b11f44-691f-4099-bd84-7690158c8d61/datanode-0/data/ratis/8ac7e347-8e64-4ffc-9c68-1bb46ee69953/in_use.lock acquired by nodename 27196@trunk-nightly-hvlc9-701369690
2019-07-15 13:52:47,518 INFO  storage.RaftStorageDirectory (RaftStorageDirectory.java:tryLock(328)) - Lock on /workdir/hadoop-ozone/integration-test/target/test-dir/MiniOzoneClusterImpl-57b11f44-691f-4099-bd84-7690158c8d61/datanode-2/data/ratis/8ac7e347-8e64-4ffc-9c68-1bb46ee69953/in_use.lock acquired by nodename 27196@trunk-nightly-hvlc9-701369690
2019-07-15 13:52:47,532 INFO  storage.RaftStorage (RaftStorage.java:format(72)) - Storage directory /workdir/hadoop-ozone/integration-test/target/test-dir/MiniOzoneClusterImpl-57b11f44-691f-4099-bd84-7690158c8d61/datanode-0/data/ratis/8ac7e347-8e64-4ffc-9c68-1bb46ee69953 has been successfully formatted.
2019-07-15 13:52:47,532 INFO  storage.RaftStorage (RaftStorage.java:format(72)) - Storage directory /workdir/hadoop-ozone/integration-test/target/test-dir/MiniOzoneClusterImpl-57b11f44-691f-4099-bd84-7690158c8d61/datanode-2/data/ratis/8ac7e347-8e64-4ffc-9c68-1bb46ee69953 has been successfully formatted.
2019-07-15 13:52:47,532 INFO  storage.RaftStorage (RaftStorage.java:format(72)) - Storage directory /workdir/hadoop-ozone/integration-test/target/test-dir/MiniOzoneClusterImpl-57b11f44-691f-4099-bd84-7690158c8d61/datanode-1/data/ratis/8ac7e347-8e64-4ffc-9c68-1bb46ee69953 has been successfully formatted.
2019-07-15 13:52:47,533 INFO  ratis.ContainerStateMachine (ContainerStateMachine.java:loadSnapshot(200)) - group-1BB46EE69953: The snapshot info is null. Setting the last applied indexto:(t:0, i:~)
2019-07-15 13:52:47,533 INFO  ratis.ContainerStateMachine (ContainerStateMachine.java:loadSnapshot(200)) - group-1BB46EE69953: The snapshot info is null. Setting the last applied indexto:(t:0, i:~)
2019-07-15 13:52:47,533 INFO  server.RaftServerConfigKeys (ConfUtils.java:logGet(43)) - raft.server.leader.election.timeout = 120s (custom)
2019-07-15 13:52:47,533 INFO  ratis.ContainerStateMachine (ContainerStateMachine.java:loadSnapshot(200)) - group-1BB46EE69953: The snapshot info is null. Setting the last applied indexto:(t:0, i:~)
2019-07-15 13:52:47,533 INFO  server.RaftServerConfigKeys (ConfUtils.java:logGet(43)) - raft.server.log.use.memory = false (default)
2019-07-15 13:52:47,533 INFO  server.RaftServerConfigKeys (ConfUtils.java:logGet(43)) - raft.server.leader.election.timeout = 120s (custom)
2019-07-15 13:52:47,534 INFO  server.RaftServerConfigKeys (ConfUtils.java:logGet(43)) - raft.server.log.purge.gap = 1000000000 (custom)
2019-07-15 13:52:47,534 INFO  server.RaftServerConfigKeys (ConfUtils.java:logGet(43)) - raft.server.log.appender.buffer.byte-limit = 33554432 (custom)
2019-07-15 13:52:47,534 INFO  server.RaftServerConfigKeys (ConfUtils.java:logGet(43)) - raft.server.leader.election.timeout = 120s (custom)
2019-07-15 13:52:47,534 INFO  server.RaftServerConfigKeys (ConfUtils.java:logGet(43)) - raft.server.log.segment.size.max = 1048576 (custom)
2019-07-15 13:52:47,534 INFO  server.RaftServerConfigKeys (ConfUtils.java:logGet(43)) - raft.server.log.use.memory = false (default)
2019-07-15 13:52:47,535 INFO  server.RaftServerConfigKeys (ConfUtils.java:logGet(43)) - raft.server.log.segment.cache.num.max = 2 (custom)
2019-07-15 13:52:47,534 INFO  server.RaftServerConfigKeys (ConfUtils.java:logGet(43)) - raft.server.log.use.memory = false (default)
2019-07-15 13:52:47,535 INFO  segmented.SegmentedRaftLogWorker (SegmentedRaftLogWorker.java:<init>(172)) - new 67c28ded-b679-425b-8317-1aa30c7b7865-SegmentedRaftLogWorker:Storage Directory /workdir/hadoop-ozone/integration-test/target/test-dir/MiniOzoneClusterImpl-57b11f44-691f-4099-bd84-7690158c8d61/datanode-2/data/ratis/8ac7e347-8e64-4ffc-9c68-1bb46ee69953 for RaftStorage:Storage Directory /workdir/hadoop-ozone/integration-test/target/test-dir/MiniOzoneClusterImpl-57b11f44-691f-4099-bd84-7690158c8d61/datanode-2/data/ratis/8ac7e347-8e64-4ffc-9c68-1bb46ee69953
2019-07-15 13:52:47,535 INFO  server.RaftServerConfigKeys (ConfUtils.java:logGet(43)) - raft.server.log.purge.gap = 1000000000 (custom)
2019-07-15 13:52:47,535 INFO  server.RaftServerConfigKeys (ConfUtils.java:logGet(43)) - raft.server.log.queue.byte-limit = 2147483647 (custom)
2019-07-15 13:52:47,536 INFO  server.RaftServerConfigKeys (ConfUtils.java:logGet(43)) - raft.server.log.queue.element-limit = 1024 (custom)
2019-07-15 13:52:47,535 INFO  server.RaftServerConfigKeys (ConfUtils.java:logGet(43)) - raft.server.log.purge.gap = 1000000000 (custom)
2019-07-15 13:52:47,536 INFO  server.RaftServerConfigKeys (ConfUtils.java:logGet(43)) - raft.server.log.segment.size.max = 1048576 (custom)
2019-07-15 13:52:47,536 INFO  server.RaftServerConfigKeys (ConfUtils.java:logGet(43)) - raft.server.log.preallocated.size = 16384 (custom)
2019-07-15 13:52:47,536 INFO  server.RaftServerConfigKeys (ConfUtils.java:logGet(43)) - raft.server.log.appender.buffer.byte-limit = 33554432 (custom)
2019-07-15 13:52:47,536 INFO  server.RaftServerConfigKeys (ConfUtils.java:logGet(43)) - raft.server.log.write.buffer.size = 33554432 (custom)
2019-07-15 13:52:47,536 INFO  server.RaftServerConfigKeys (ConfUtils.java:logGet(43)) - raft.server.log.appender.buffer.byte-limit = 33554432 (custom)
2019-07-15 13:52:47,537 INFO  server.RaftServerConfigKeys (ConfUtils.java:logGet(43)) - raft.server.log.force.sync.num = 128 (default)
2019-07-15 13:52:47,537 INFO  server.RaftServerConfigKeys (ConfUtils.java:logGet(43)) - raft.server.log.segment.size.max = 1048576 (custom)
2019-07-15 13:52:47,537 INFO  server.RaftServerConfigKeys (ConfUtils.java:logGet(43)) - raft.server.log.statemachine.data.sync = true (default)
2019-07-15 13:52:47,537 INFO  server.RaftServerConfigKeys (ConfUtils.java:logGet(43)) - raft.server.log.segment.size.max = 1048576 (custom)
2019-07-15 13:52:47,537 INFO  server.RaftServerConfigKeys (ConfUtils.java:logGet(43)) - raft.server.log.statemachine.data.sync.timeout = 10s (default)
2019-07-15 13:52:47,538 INFO  server.RaftServerConfigKeys (ConfUtils.java:logGet(43)) - raft.server.log.statemachine.data.sync.timeout.retry = -1 (default)
2019-07-15 13:52:47,537 INFO  server.RaftServerConfigKeys (ConfUtils.java:logGet(43)) - raft.server.log.segment.cache.num.max = 2 (custom)
2019-07-15 13:52:47,538 INFO  server.RaftServerConfigKeys (ConfUtils.java:logGet(43)) - raft.server.log.statemachine.data.caching.enabled = true (custom)
2019-07-15 13:52:47,538 INFO  server.RaftServerConfigKeys (ConfUtils.java:logGet(43)) - raft.server.log.segment.cache.num.max = 2 (custom)
2019-07-15 13:52:47,538 INFO  segmented.SegmentedRaftLogWorker (SegmentedRaftLogWorker.java:<init>(172)) - new 54ab0f06-ba9b-4124-99a5-49ffebe21645-SegmentedRaftLogWorker:Storage Directory /workdir/hadoop-ozone/integration-test/target/test-dir/MiniOzoneClusterImpl-57b11f44-691f-4099-bd84-7690158c8d61/datanode-0/data/ratis/8ac7e347-8e64-4ffc-9c68-1bb46ee69953 for RaftStorage:Storage Directory /workdir/hadoop-ozone/integration-test/target/test-dir/MiniOzoneClusterImpl-57b11f44-691f-4099-bd84-7690158c8d61/datanode-0/data/ratis/8ac7e347-8e64-4ffc-9c68-1bb46ee69953
2019-07-15 13:52:47,539 INFO  segmented.SegmentedRaftLogWorker (SegmentedRaftLogWorker.java:lambda$new$0(132)) - 67c28ded-b679-425b-8317-1aa30c7b7865-SegmentedRaftLogWorker:Storage Directory /workdir/hadoop-ozone/integration-test/target/test-dir/MiniOzoneClusterImpl-57b11f44-691f-4099-bd84-7690158c8d61/datanode-2/data/ratis/8ac7e347-8e64-4ffc-9c68-1bb46ee69953: flushIndex: setUnconditionally 0 -> -1
2019-07-15 13:52:47,539 INFO  segmented.SegmentedRaftLogWorker (SegmentedRaftLogWorker.java:<init>(172)) - new 5f1961c3-0311-4368-b10b-6dd07ca7e99b-SegmentedRaftLogWorker:Storage Directory /workdir/hadoop-ozone/integration-test/target/test-dir/MiniOzoneClusterImpl-57b11f44-691f-4099-bd84-7690158c8d61/datanode-1/data/ratis/8ac7e347-8e64-4ffc-9c68-1bb46ee69953 for RaftStorage:Storage Directory /workdir/hadoop-ozone/integration-test/target/test-dir/MiniOzoneClusterImpl-57b11f44-691f-4099-bd84-7690158c8d61/datanode-1/data/ratis/8ac7e347-8e64-4ffc-9c68-1bb46ee69953
2019-07-15 13:52:47,539 INFO  server.RaftServerConfigKeys (ConfUtils.java:logGet(43)) - raft.server.log.queue.byte-limit = 2147483647 (custom)
2019-07-15 13:52:47,539 INFO  server.RaftServerConfigKeys (ConfUtils.java:logGet(43)) - raft.server.snapshot.auto.trigger.enabled = true (custom)
2019-07-15 13:52:47,539 INFO  server.RaftServerConfigKeys (ConfUtils.java:logGet(43)) - raft.server.snapshot.auto.trigger.threshold = 10000 (custom)
2019-07-15 13:52:47,539 INFO  server.RaftServerConfigKeys (ConfUtils.java:logGet(43)) - raft.server.log.queue.byte-limit = 2147483647 (custom)
2019-07-15 13:52:47,540 INFO  server.RaftServerConfigKeys (ConfUtils.java:logGet(43)) - raft.server.retrycache.expirytime = 600000ms (custom)
2019-07-15 13:52:47,539 INFO  server.RaftServerConfigKeys (ConfUtils.java:logGet(43)) - raft.server.log.queue.element-limit = 1024 (custom)
2019-07-15 13:52:47,540 INFO  impl.RaftServerImpl (RaftServerImpl.java:start(180)) - 67c28ded-b679-425b-8317-1aa30c7b7865: start group-1BB46EE69953
2019-07-15 13:52:47,540 INFO  impl.RaftServerImpl (RaftServerImpl.java:setRole(171)) - 67c28ded-b679-425b-8317-1aa30c7b7865:group-1BB46EE69953 changes role from null to FOLLOWER at term 0 for startAsFollower
2019-07-15 13:52:47,540 INFO  server.RaftServerConfigKeys (ConfUtils.java:logGet(43)) - raft.server.log.queue.element-limit = 1024 (custom)
2019-07-15 13:52:47,540 INFO  impl.RoleInfo (RoleInfo.java:updateAndGet(143)) - 67c28ded-b679-425b-8317-1aa30c7b7865: start FollowerState
2019-07-15 13:52:47,540 INFO  server.RaftServerConfigKeys (ConfUtils.java:logGet(43)) - raft.server.log.segment.size.max = 1048576 (custom)
2019-07-15 13:52:47,541 INFO  server.RaftServerConfigKeys (ConfUtils.java:logGet(43)) - raft.server.log.segment.size.max = 1048576 (custom)
2019-07-15 13:52:47,541 INFO  util.JmxRegister (JmxRegister.java:tryRegister(44)) - Successfully registered JMX Bean with object name Ratis:service=RaftServer,group=group-1BB46EE69953,id=67c28ded-b679-425b-8317-1aa30c7b7865
2019-07-15 13:52:47,541 INFO  server.RaftServerConfigKeys (ConfUtils.java:logGet(43)) - raft.server.log.preallocated.size = 16384 (custom)
2019-07-15 13:52:47,541 INFO  server.RaftServerConfigKeys (ConfUtils.java:logGet(43)) - raft.server.log.preallocated.size = 16384 (custom)
2019-07-15 13:52:47,542 INFO  server.RaftServerConfigKeys (ConfUtils.java:logGet(43)) - raft.server.log.write.buffer.size = 33554432 (custom)
2019-07-15 13:52:47,542 INFO  server.RaftServerConfigKeys (ConfUtils.java:logGet(43)) - raft.server.log.write.buffer.size = 33554432 (custom)
2019-07-15 13:52:47,542 INFO  server.RaftServerConfigKeys (ConfUtils.java:logGet(43)) - raft.server.log.force.sync.num = 128 (default)
2019-07-15 13:52:47,542 INFO  server.RaftServerConfigKeys (ConfUtils.java:logGet(43)) - raft.server.log.force.sync.num = 128 (default)
2019-07-15 13:52:47,542 INFO  server.RaftServerConfigKeys (ConfUtils.java:logGet(43)) - raft.server.log.statemachine.data.sync = true (default)
2019-07-15 13:52:47,542 INFO  server.RaftServerConfigKeys (ConfUtils.java:logGet(43)) - raft.server.log.statemachine.data.sync = true (default)
2019-07-15 13:52:47,543 INFO  server.RaftServerConfigKeys (ConfUtils.java:logGet(43)) - raft.server.log.statemachine.data.sync.timeout = 10s (default)
2019-07-15 13:52:47,543 INFO  server.RaftServerConfigKeys (ConfUtils.java:logGet(43)) - raft.server.log.statemachine.data.sync.timeout = 10s (default)
2019-07-15 13:52:47,543 INFO  server.RaftServerConfigKeys (ConfUtils.java:logGet(43)) - raft.server.log.statemachine.data.sync.timeout.retry = -1 (default)
2019-07-15 13:52:47,543 INFO  server.RaftServerConfigKeys (ConfUtils.java:logGet(43)) - raft.server.log.statemachine.data.sync.timeout.retry = -1 (default)
2019-07-15 13:52:47,543 INFO  server.RaftServerConfigKeys (ConfUtils.java:logGet(43)) - raft.server.log.statemachine.data.caching.enabled = true (custom)
2019-07-15 13:52:47,543 INFO  server.RaftServerConfigKeys (ConfUtils.java:logGet(43)) - raft.server.log.statemachine.data.caching.enabled = true (custom)
2019-07-15 13:52:47,544 INFO  segmented.SegmentedRaftLogWorker (SegmentedRaftLogWorker.java:lambda$new$0(132)) - 54ab0f06-ba9b-4124-99a5-49ffebe21645-SegmentedRaftLogWorker:Storage Directory /workdir/hadoop-ozone/integration-test/target/test-dir/MiniOzoneClusterImpl-57b11f44-691f-4099-bd84-7690158c8d61/datanode-0/data/ratis/8ac7e347-8e64-4ffc-9c68-1bb46ee69953: flushIndex: setUnconditionally 0 -> -1
2019-07-15 13:52:47,544 INFO  segmented.SegmentedRaftLogWorker (SegmentedRaftLogWorker.java:lambda$new$0(132)) - 5f1961c3-0311-4368-b10b-6dd07ca7e99b-SegmentedRaftLogWorker:Storage Directory /workdir/hadoop-ozone/integration-test/target/test-dir/MiniOzoneClusterImpl-57b11f44-691f-4099-bd84-7690158c8d61/datanode-1/data/ratis/8ac7e347-8e64-4ffc-9c68-1bb46ee69953: flushIndex: setUnconditionally 0 -> -1
2019-07-15 13:52:47,544 INFO  server.RaftServerConfigKeys (ConfUtils.java:logGet(43)) - raft.server.snapshot.auto.trigger.enabled = true (custom)
2019-07-15 13:52:47,544 INFO  server.RaftServerConfigKeys (ConfUtils.java:logGet(43)) - raft.server.snapshot.auto.trigger.threshold = 10000 (custom)
2019-07-15 13:52:47,544 INFO  server.RaftServerConfigKeys (ConfUtils.java:logGet(43)) - raft.server.snapshot.auto.trigger.enabled = true (custom)
2019-07-15 13:52:47,544 INFO  server.RaftServerConfigKeys (ConfUtils.java:logGet(43)) - raft.server.retrycache.expirytime = 600000ms (custom)
2019-07-15 13:52:47,544 INFO  server.RaftServerConfigKeys (ConfUtils.java:logGet(43)) - raft.server.snapshot.auto.trigger.threshold = 10000 (custom)
2019-07-15 13:52:47,545 INFO  impl.RaftServerImpl (RaftServerImpl.java:start(180)) - 54ab0f06-ba9b-4124-99a5-49ffebe21645: start group-1BB46EE69953
2019-07-15 13:52:47,545 INFO  server.RaftServerConfigKeys (ConfUtils.java:logGet(43)) - raft.server.retrycache.expirytime = 600000ms (custom)
2019-07-15 13:52:47,545 INFO  impl.RaftServerImpl (RaftServerImpl.java:setRole(171)) - 54ab0f06-ba9b-4124-99a5-49ffebe21645:group-1BB46EE69953 changes role from null to FOLLOWER at term 0 for startAsFollower
2019-07-15 13:52:47,545 INFO  impl.RaftServerImpl (RaftServerImpl.java:start(180)) - 5f1961c3-0311-4368-b10b-6dd07ca7e99b: start group-1BB46EE69953
2019-07-15 13:52:47,545 INFO  impl.RoleInfo (RoleInfo.java:updateAndGet(143)) - 54ab0f06-ba9b-4124-99a5-49ffebe21645: start FollowerState
2019-07-15 13:52:47,545 INFO  impl.RaftServerImpl (RaftServerImpl.java:setRole(171)) - 5f1961c3-0311-4368-b10b-6dd07ca7e99b:group-1BB46EE69953 changes role from null to FOLLOWER at term 0 for startAsFollower
2019-07-15 13:52:47,546 INFO  impl.RoleInfo (RoleInfo.java:updateAndGet(143)) - 5f1961c3-0311-4368-b10b-6dd07ca7e99b: start FollowerState
2019-07-15 13:52:47,546 INFO  util.JmxRegister (JmxRegister.java:tryRegister(44)) - Successfully registered JMX Bean with object name Ratis:service=RaftServer,group=group-1BB46EE69953,id=54ab0f06-ba9b-4124-99a5-49ffebe21645
2019-07-15 13:52:47,546 INFO  util.JmxRegister (JmxRegister.java:tryRegister(44)) - Successfully registered JMX Bean with object name Ratis:service=RaftServer,group=group-1BB46EE69953,id=5f1961c3-0311-4368-b10b-6dd07ca7e99b
2019-07-15 13:52:47,548 INFO  pipeline.PipelineStateManager (PipelineStateManager.java:addPipeline(56)) - Created pipeline Pipeline[ Id: 8ac7e347-8e64-4ffc-9c68-1bb46ee69953, Nodes: 5f1961c3-0311-4368-b10b-6dd07ca7e99b{ip: 192.168.157.240, host: trunk-nightly-hvlc9-701369690, networkLocation: /default-rack, certSerialId: null}67c28ded-b679-425b-8317-1aa30c7b7865{ip: 192.168.157.240, host: trunk-nightly-hvlc9-701369690, networkLocation: /default-rack, certSerialId: null}54ab0f06-ba9b-4124-99a5-49ffebe21645{ip: 192.168.157.240, host: trunk-nightly-hvlc9-701369690, networkLocation: /default-rack, certSerialId: null}, Type:RATIS, Factor:THREE, State:OPEN]
2019-07-15 13:52:47,610 INFO  node.SCMNodeManager (SCMNodeManager.java:register(269)) - Registered Data node : 69b822ba-735c-4922-a471-76e0959298b4{ip: 192.168.157.240, host: trunk-nightly-hvlc9-701369690, networkLocation: /default-rack, certSerialId: null}
2019-07-15 13:52:47,632 INFO  impl.RaftServerProxy (RaftServerProxy.java:addNew(89)) - 69b822ba-735c-4922-a471-76e0959298b4: addNew group-EF22967EEB3F:[69b822ba-735c-4922-a471-76e0959298b4:192.168.157.240:34315] returns group-EF22967EEB3F:java.util.concurrent.CompletableFuture@44ba5b7c[Not completed]
2019-07-15 13:52:47,633 INFO  impl.RaftServerImpl (RaftServerImpl.java:<init>(93)) - 69b822ba-735c-4922-a471-76e0959298b4: new RaftServerImpl for group-EF22967EEB3F:[69b822ba-735c-4922-a471-76e0959298b4:192.168.157.240:34315] with ContainerStateMachine:uninitialized
2019-07-15 13:52:47,634 INFO  server.RaftServerConfigKeys (ConfUtils.java:logGet(43)) - raft.server.rpc.timeout.min = 5s (custom)
2019-07-15 13:52:47,634 INFO  server.RaftServerConfigKeys (ConfUtils.java:logGet(43)) - raft.server.rpc.timeout.max = 5200ms (custom)
2019-07-15 13:52:47,634 INFO  server.RaftServerConfigKeys (ConfUtils.java:logGet(43)) - raft.server.rpcslowness.timeout = 120s (custom)
2019-07-15 13:52:47,634 INFO  server.RaftServerConfigKeys (ConfUtils.java:logGet(43)) - raft.server.sleep.deviation.threshold = 300 (default)
2019-07-15 13:52:47,634 INFO  server.RaftServerConfigKeys (ConfUtils.java:logGet(43)) - raft.server.log.appender.install.snapshot.enabled = false (custom)
2019-07-15 13:52:47,634 INFO  impl.RaftServerImpl (ServerState.java:<init>(105)) - 69b822ba-735c-4922-a471-76e0959298b4:group-EF22967EEB3F ConfigurationManager, init=-1: [69b822ba-735c-4922-a471-76e0959298b4:192.168.157.240:34315], old=null, confs=<EMPTY_MAP>
2019-07-15 13:52:47,634 INFO  server.RaftServerConfigKeys (ConfUtils.java:logGet(43)) - raft.server.storage.dir = [/workdir/hadoop-ozone/integration-test/target/test-dir/MiniOzoneClusterImpl-57b11f44-691f-4099-bd84-7690158c8d61/datanode-3/data/ratis] (custom)
2019-07-15 13:52:47,635 INFO  storage.RaftStorageDirectory (RaftStorageDirectory.java:analyzeStorage(246)) - The storage directory /workdir/hadoop-ozone/integration-test/target/test-dir/MiniOzoneClusterImpl-57b11f44-691f-4099-bd84-7690158c8d61/datanode-3/data/ratis/b5b1a3a1-280e-47b0-bb56-ef22967eeb3f does not exist. Creating ...
2019-07-15 13:52:47,648 INFO  storage.RaftStorageDirectory (RaftStorageDirectory.java:tryLock(328)) - Lock on /workdir/hadoop-ozone/integration-test/target/test-dir/MiniOzoneClusterImpl-57b11f44-691f-4099-bd84-7690158c8d61/datanode-3/data/ratis/b5b1a3a1-280e-47b0-bb56-ef22967eeb3f/in_use.lock acquired by nodename 27196@trunk-nightly-hvlc9-701369690
2019-07-15 13:52:47,660 INFO  storage.RaftStorage (RaftStorage.java:format(72)) - Storage directory /workdir/hadoop-ozone/integration-test/target/test-dir/MiniOzoneClusterImpl-57b11f44-691f-4099-bd84-7690158c8d61/datanode-3/data/ratis/b5b1a3a1-280e-47b0-bb56-ef22967eeb3f has been successfully formatted.
2019-07-15 13:52:47,661 INFO  ratis.ContainerStateMachine (ContainerStateMachine.java:loadSnapshot(200)) - group-EF22967EEB3F: The snapshot info is null. Setting the last applied indexto:(t:0, i:~)
2019-07-15 13:52:47,661 INFO  server.RaftServerConfigKeys (ConfUtils.java:logGet(43)) - raft.server.leader.election.timeout = 120s (custom)
2019-07-15 13:52:47,661 INFO  server.RaftServerConfigKeys (ConfUtils.java:logGet(43)) - raft.server.log.use.memory = false (default)
2019-07-15 13:52:47,661 INFO  server.RaftServerConfigKeys (ConfUtils.java:logGet(43)) - raft.server.log.purge.gap = 1000000000 (custom)
2019-07-15 13:52:47,661 INFO  server.RaftServerConfigKeys (ConfUtils.java:logGet(43)) - raft.server.log.appender.buffer.byte-limit = 33554432 (custom)
2019-07-15 13:52:47,661 INFO  server.RaftServerConfigKeys (ConfUtils.java:logGet(43)) - raft.server.log.segment.size.max = 1048576 (custom)
2019-07-15 13:52:47,661 INFO  server.RaftServerConfigKeys (ConfUtils.java:logGet(43)) - raft.server.log.segment.cache.num.max = 2 (custom)
2019-07-15 13:52:47,662 INFO  segmented.SegmentedRaftLogWorker (SegmentedRaftLogWorker.java:<init>(172)) - new 69b822ba-735c-4922-a471-76e0959298b4-SegmentedRaftLogWorker:Storage Directory /workdir/hadoop-ozone/integration-test/target/test-dir/MiniOzoneClusterImpl-57b11f44-691f-4099-bd84-7690158c8d61/datanode-3/data/ratis/b5b1a3a1-280e-47b0-bb56-ef22967eeb3f for RaftStorage:Storage Directory /workdir/hadoop-ozone/integration-test/target/test-dir/MiniOzoneClusterImpl-57b11f44-691f-4099-bd84-7690158c8d61/datanode-3/data/ratis/b5b1a3a1-280e-47b0-bb56-ef22967eeb3f
2019-07-15 13:52:47,662 INFO  server.RaftServerConfigKeys (ConfUtils.java:logGet(43)) - raft.server.log.queue.byte-limit = 2147483647 (custom)
2019-07-15 13:52:47,662 INFO  server.RaftServerConfigKeys (ConfUtils.java:logGet(43)) - raft.server.log.queue.element-limit = 1024 (custom)
2019-07-15 13:52:47,662 INFO  server.RaftServerConfigKeys (ConfUtils.java:logGet(43)) - raft.server.log.segment.size.max = 1048576 (custom)
2019-07-15 13:52:47,662 INFO  server.RaftServerConfigKeys (ConfUtils.java:logGet(43)) - raft.server.log.preallocated.size = 16384 (custom)
2019-07-15 13:52:47,662 INFO  server.RaftServerConfigKeys (ConfUtils.java:logGet(43)) - raft.server.log.write.buffer.size = 33554432 (custom)
2019-07-15 13:52:47,663 INFO  server.RaftServerConfigKeys (ConfUtils.java:logGet(43)) - raft.server.log.force.sync.num = 128 (default)
2019-07-15 13:52:47,663 INFO  server.RaftServerConfigKeys (ConfUtils.java:logGet(43)) - raft.server.log.statemachine.data.sync = true (default)
2019-07-15 13:52:47,663 INFO  server.RaftServerConfigKeys (ConfUtils.java:logGet(43)) - raft.server.log.statemachine.data.sync.timeout = 10s (default)
2019-07-15 13:52:47,663 INFO  server.RaftServerConfigKeys (ConfUtils.java:logGet(43)) - raft.server.log.statemachine.data.sync.timeout.retry = -1 (default)
2019-07-15 13:52:47,663 INFO  server.RaftServerConfigKeys (ConfUtils.java:logGet(43)) - raft.server.log.statemachine.data.caching.enabled = true (custom)
2019-07-15 13:52:47,664 INFO  segmented.SegmentedRaftLogWorker (SegmentedRaftLogWorker.java:lambda$new$0(132)) - 69b822ba-735c-4922-a471-76e0959298b4-SegmentedRaftLogWorker:Storage Directory /workdir/hadoop-ozone/integration-test/target/test-dir/MiniOzoneClusterImpl-57b11f44-691f-4099-bd84-7690158c8d61/datanode-3/data/ratis/b5b1a3a1-280e-47b0-bb56-ef22967eeb3f: flushIndex: setUnconditionally 0 -> -1
2019-07-15 13:52:47,664 INFO  server.RaftServerConfigKeys (ConfUtils.java:logGet(43)) - raft.server.snapshot.auto.trigger.enabled = true (custom)
2019-07-15 13:52:47,664 INFO  server.RaftServerConfigKeys (ConfUtils.java:logGet(43)) - raft.server.snapshot.auto.trigger.threshold = 10000 (custom)
2019-07-15 13:52:47,664 INFO  server.RaftServerConfigKeys (ConfUtils.java:logGet(43)) - raft.server.retrycache.expirytime = 600000ms (custom)
2019-07-15 13:52:47,664 INFO  impl.RaftServerImpl (RaftServerImpl.java:start(180)) - 69b822ba-735c-4922-a471-76e0959298b4: start group-EF22967EEB3F
2019-07-15 13:52:47,664 INFO  impl.RaftServerImpl (RaftServerImpl.java:setRole(171)) - 69b822ba-735c-4922-a471-76e0959298b4:group-EF22967EEB3F changes role from null to FOLLOWER at term 0 for startAsFollower
2019-07-15 13:52:47,665 INFO  impl.RoleInfo (RoleInfo.java:updateAndGet(143)) - 69b822ba-735c-4922-a471-76e0959298b4: start FollowerState
2019-07-15 13:52:47,665 INFO  util.JmxRegister (JmxRegister.java:tryRegister(44)) - Successfully registered JMX Bean with object name Ratis:service=RaftServer,group=group-EF22967EEB3F,id=69b822ba-735c-4922-a471-76e0959298b4
2019-07-15 13:52:47,667 INFO  pipeline.PipelineStateManager (PipelineStateManager.java:addPipeline(56)) - Created pipeline Pipeline[ Id: b5b1a3a1-280e-47b0-bb56-ef22967eeb3f, Nodes: 69b822ba-735c-4922-a471-76e0959298b4{ip: 192.168.157.240, host: trunk-nightly-hvlc9-701369690, networkLocation: /default-rack, certSerialId: null}, Type:RATIS, Factor:ONE, State:OPEN]
2019-07-15 13:52:47,789 INFO  node.SCMNodeManager (SCMNodeManager.java:register(269)) - Registered Data node : 955117ab-e0a9-4328-8308-787f8c4c4d1c{ip: 192.168.157.240, host: trunk-nightly-hvlc9-701369690, networkLocation: /default-rack, certSerialId: null}
2019-07-15 13:52:47,796 INFO  impl.RaftServerProxy (RaftServerProxy.java:addNew(89)) - 955117ab-e0a9-4328-8308-787f8c4c4d1c: addNew group-DCB4B47E2A55:[955117ab-e0a9-4328-8308-787f8c4c4d1c:192.168.157.240:44676] returns group-DCB4B47E2A55:java.util.concurrent.CompletableFuture@1336e9d3[Not completed]
2019-07-15 13:52:47,797 INFO  impl.RaftServerImpl (RaftServerImpl.java:<init>(93)) - 955117ab-e0a9-4328-8308-787f8c4c4d1c: new RaftServerImpl for group-DCB4B47E2A55:[955117ab-e0a9-4328-8308-787f8c4c4d1c:192.168.157.240:44676] with ContainerStateMachine:uninitialized
2019-07-15 13:52:47,797 INFO  server.RaftServerConfigKeys (ConfUtils.java:logGet(43)) - raft.server.rpc.timeout.min = 5s (custom)
2019-07-15 13:52:47,797 INFO  server.RaftServerConfigKeys (ConfUtils.java:logGet(43)) - raft.server.rpc.timeout.max = 5200ms (custom)
2019-07-15 13:52:47,797 INFO  server.RaftServerConfigKeys (ConfUtils.java:logGet(43)) - raft.server.rpcslowness.timeout = 120s (custom)
2019-07-15 13:52:47,797 INFO  server.RaftServerConfigKeys (ConfUtils.java:logGet(43)) - raft.server.sleep.deviation.threshold = 300 (default)
2019-07-15 13:52:47,797 INFO  server.RaftServerConfigKeys (ConfUtils.java:logGet(43)) - raft.server.log.appender.install.snapshot.enabled = false (custom)
2019-07-15 13:52:47,798 INFO  impl.RaftServerImpl (ServerState.java:<init>(105)) - 955117ab-e0a9-4328-8308-787f8c4c4d1c:group-DCB4B47E2A55 ConfigurationManager, init=-1: [955117ab-e0a9-4328-8308-787f8c4c4d1c:192.168.157.240:44676], old=null, confs=<EMPTY_MAP>
2019-07-15 13:52:47,798 INFO  server.RaftServerConfigKeys (ConfUtils.java:logGet(43)) - raft.server.storage.dir = [/workdir/hadoop-ozone/integration-test/target/test-dir/MiniOzoneClusterImpl-57b11f44-691f-4099-bd84-7690158c8d61/datanode-4/data/ratis] (custom)
2019-07-15 13:52:47,798 INFO  storage.RaftStorageDirectory (RaftStorageDirectory.java:analyzeStorage(246)) - The storage directory /workdir/hadoop-ozone/integration-test/target/test-dir/MiniOzoneClusterImpl-57b11f44-691f-4099-bd84-7690158c8d61/datanode-4/data/ratis/9f5c3f72-1fba-4aad-813e-dcb4b47e2a55 does not exist. Creating ...
2019-07-15 13:52:47,811 INFO  storage.RaftStorageDirectory (RaftStorageDirectory.java:tryLock(328)) - Lock on /workdir/hadoop-ozone/integration-test/target/test-dir/MiniOzoneClusterImpl-57b11f44-691f-4099-bd84-7690158c8d61/datanode-4/data/ratis/9f5c3f72-1fba-4aad-813e-dcb4b47e2a55/in_use.lock acquired by nodename 27196@trunk-nightly-hvlc9-701369690
2019-07-15 13:52:47,825 INFO  storage.RaftStorage (RaftStorage.java:format(72)) - Storage directory /workdir/hadoop-ozone/integration-test/target/test-dir/MiniOzoneClusterImpl-57b11f44-691f-4099-bd84-7690158c8d61/datanode-4/data/ratis/9f5c3f72-1fba-4aad-813e-dcb4b47e2a55 has been successfully formatted.
2019-07-15 13:52:47,825 INFO  ratis.ContainerStateMachine (ContainerStateMachine.java:loadSnapshot(200)) - group-DCB4B47E2A55: The snapshot info is null. Setting the last applied indexto:(t:0, i:~)
2019-07-15 13:52:47,826 INFO  server.RaftServerConfigKeys (ConfUtils.java:logGet(43)) - raft.server.leader.election.timeout = 120s (custom)
2019-07-15 13:52:47,826 INFO  server.RaftServerConfigKeys (ConfUtils.java:logGet(43)) - raft.server.log.use.memory = false (default)
2019-07-15 13:52:47,826 INFO  server.RaftServerConfigKeys (ConfUtils.java:logGet(43)) - raft.server.log.purge.gap = 1000000000 (custom)
2019-07-15 13:52:47,826 INFO  server.RaftServerConfigKeys (ConfUtils.java:logGet(43)) - raft.server.log.appender.buffer.byte-limit = 33554432 (custom)
2019-07-15 13:52:47,826 INFO  server.RaftServerConfigKeys (ConfUtils.java:logGet(43)) - raft.server.log.segment.size.max = 1048576 (custom)
2019-07-15 13:52:47,826 INFO  server.RaftServerConfigKeys (ConfUtils.java:logGet(43)) - raft.server.log.segment.cache.num.max = 2 (custom)
2019-07-15 13:52:47,826 INFO  segmented.SegmentedRaftLogWorker (SegmentedRaftLogWorker.java:<init>(172)) - new 955117ab-e0a9-4328-8308-787f8c4c4d1c-SegmentedRaftLogWorker:Storage Directory /workdir/hadoop-ozone/integration-test/target/test-dir/MiniOzoneClusterImpl-57b11f44-691f-4099-bd84-7690158c8d61/datanode-4/data/ratis/9f5c3f72-1fba-4aad-813e-dcb4b47e2a55 for RaftStorage:Storage Directory /workdir/hadoop-ozone/integration-test/target/test-dir/MiniOzoneClusterImpl-57b11f44-691f-4099-bd84-7690158c8d61/datanode-4/data/ratis/9f5c3f72-1fba-4aad-813e-dcb4b47e2a55
2019-07-15 13:52:47,827 INFO  server.RaftServerConfigKeys (ConfUtils.java:logGet(43)) - raft.server.log.queue.byte-limit = 2147483647 (custom)
2019-07-15 13:52:47,827 INFO  server.RaftServerConfigKeys (ConfUtils.java:logGet(43)) - raft.server.log.queue.element-limit = 1024 (custom)
2019-07-15 13:52:47,827 INFO  server.RaftServerConfigKeys (ConfUtils.java:logGet(43)) - raft.server.log.segment.size.max = 1048576 (custom)
2019-07-15 13:52:47,827 INFO  server.RaftServerConfigKeys (ConfUtils.java:logGet(43)) - raft.server.log.preallocated.size = 16384 (custom)
2019-07-15 13:52:47,827 INFO  server.RaftServerConfigKeys (ConfUtils.java:logGet(43)) - raft.server.log.write.buffer.size = 33554432 (custom)
2019-07-15 13:52:47,827 INFO  server.RaftServerConfigKeys (ConfUtils.java:logGet(43)) - raft.server.log.force.sync.num = 128 (default)
2019-07-15 13:52:47,828 INFO  server.RaftServerConfigKeys (ConfUtils.java:logGet(43)) - raft.server.log.statemachine.data.sync = true (default)
2019-07-15 13:52:47,828 INFO  server.RaftServerConfigKeys (ConfUtils.java:logGet(43)) - raft.server.log.statemachine.data.sync.timeout = 10s (default)
2019-07-15 13:52:47,828 INFO  server.RaftServerConfigKeys (ConfUtils.java:logGet(43)) - raft.server.log.statemachine.data.sync.timeout.retry = -1 (default)
2019-07-15 13:52:47,828 INFO  server.RaftServerConfigKeys (ConfUtils.java:logGet(43)) - raft.server.log.statemachine.data.caching.enabled = true (custom)
2019-07-15 13:52:47,829 INFO  segmented.SegmentedRaftLogWorker (SegmentedRaftLogWorker.java:lambda$new$0(132)) - 955117ab-e0a9-4328-8308-787f8c4c4d1c-SegmentedRaftLogWorker:Storage Directory /workdir/hadoop-ozone/integration-test/target/test-dir/MiniOzoneClusterImpl-57b11f44-691f-4099-bd84-7690158c8d61/datanode-4/data/ratis/9f5c3f72-1fba-4aad-813e-dcb4b47e2a55: flushIndex: setUnconditionally 0 -> -1
2019-07-15 13:52:47,829 INFO  server.RaftServerConfigKeys (ConfUtils.java:logGet(43)) - raft.server.snapshot.auto.trigger.enabled = true (custom)
2019-07-15 13:52:47,829 INFO  server.RaftServerConfigKeys (ConfUtils.java:logGet(43)) - raft.server.snapshot.auto.trigger.threshold = 10000 (custom)
2019-07-15 13:52:47,829 INFO  server.RaftServerConfigKeys (ConfUtils.java:logGet(43)) - raft.server.retrycache.expirytime = 600000ms (custom)
2019-07-15 13:52:47,829 INFO  impl.RaftServerImpl (RaftServerImpl.java:start(180)) - 955117ab-e0a9-4328-8308-787f8c4c4d1c: start group-DCB4B47E2A55
2019-07-15 13:52:47,830 INFO  impl.RaftServerImpl (RaftServerImpl.java:setRole(171)) - 955117ab-e0a9-4328-8308-787f8c4c4d1c:group-DCB4B47E2A55 changes role from null to FOLLOWER at term 0 for startAsFollower
2019-07-15 13:52:47,830 INFO  impl.RoleInfo (RoleInfo.java:updateAndGet(143)) - 955117ab-e0a9-4328-8308-787f8c4c4d1c: start FollowerState
2019-07-15 13:52:47,830 INFO  util.JmxRegister (JmxRegister.java:tryRegister(44)) - Successfully registered JMX Bean with object name Ratis:service=RaftServer,group=group-DCB4B47E2A55,id=955117ab-e0a9-4328-8308-787f8c4c4d1c
2019-07-15 13:52:47,832 INFO  pipeline.PipelineStateManager (PipelineStateManager.java:addPipeline(56)) - Created pipeline Pipeline[ Id: 9f5c3f72-1fba-4aad-813e-dcb4b47e2a55, Nodes: 955117ab-e0a9-4328-8308-787f8c4c4d1c{ip: 192.168.157.240, host: trunk-nightly-hvlc9-701369690, networkLocation: /default-rack, certSerialId: null}, Type:RATIS, Factor:ONE, State:OPEN]
2019-07-15 13:52:47,969 INFO  node.SCMNodeManager (SCMNodeManager.java:register(269)) - Registered Data node : 6b52d340-8c41-4019-aa96-ad4e6eff3bc9{ip: 192.168.157.240, host: trunk-nightly-hvlc9-701369690, networkLocation: /default-rack, certSerialId: null}
2019-07-15 13:52:47,975 INFO  impl.RaftServerProxy (RaftServerProxy.java:addNew(89)) - 6b52d340-8c41-4019-aa96-ad4e6eff3bc9: addNew group-A04492F3B522:[6b52d340-8c41-4019-aa96-ad4e6eff3bc9:192.168.157.240:38294] returns group-A04492F3B522:java.util.concurrent.CompletableFuture@64b033de[Not completed]
2019-07-15 13:52:47,976 INFO  impl.RaftServerImpl (RaftServerImpl.java:<init>(93)) - 6b52d340-8c41-4019-aa96-ad4e6eff3bc9: new RaftServerImpl for group-A04492F3B522:[6b52d340-8c41-4019-aa96-ad4e6eff3bc9:192.168.157.240:38294] with ContainerStateMachine:uninitialized
2019-07-15 13:52:47,976 INFO  server.RaftServerConfigKeys (ConfUtils.java:logGet(43)) - raft.server.rpc.timeout.min = 5s (custom)
2019-07-15 13:52:47,977 INFO  server.RaftServerConfigKeys (ConfUtils.java:logGet(43)) - raft.server.rpc.timeout.max = 5200ms (custom)
2019-07-15 13:52:47,977 INFO  server.RaftServerConfigKeys (ConfUtils.java:logGet(43)) - raft.server.rpcslowness.timeout = 120s (custom)
2019-07-15 13:52:47,977 INFO  server.RaftServerConfigKeys (ConfUtils.java:logGet(43)) - raft.server.sleep.deviation.threshold = 300 (default)
2019-07-15 13:52:47,977 INFO  server.RaftServerConfigKeys (ConfUtils.java:logGet(43)) - raft.server.log.appender.install.snapshot.enabled = false (custom)
2019-07-15 13:52:47,977 INFO  impl.RaftServerImpl (ServerState.java:<init>(105)) - 6b52d340-8c41-4019-aa96-ad4e6eff3bc9:group-A04492F3B522 ConfigurationManager, init=-1: [6b52d340-8c41-4019-aa96-ad4e6eff3bc9:192.168.157.240:38294], old=null, confs=<EMPTY_MAP>
2019-07-15 13:52:47,977 INFO  server.RaftServerConfigKeys (ConfUtils.java:logGet(43)) - raft.server.storage.dir = [/workdir/hadoop-ozone/integration-test/target/test-dir/MiniOzoneClusterImpl-57b11f44-691f-4099-bd84-7690158c8d61/datanode-5/data/ratis] (custom)
2019-07-15 13:52:47,978 INFO  storage.RaftStorageDirectory (RaftStorageDirectory.java:analyzeStorage(246)) - The storage directory /workdir/hadoop-ozone/integration-test/target/test-dir/MiniOzoneClusterImpl-57b11f44-691f-4099-bd84-7690158c8d61/datanode-5/data/ratis/d1217d28-4660-4594-83b4-a04492f3b522 does not exist. Creating ...
2019-07-15 13:52:47,991 INFO  storage.RaftStorageDirectory (RaftStorageDirectory.java:tryLock(328)) - Lock on /workdir/hadoop-ozone/integration-test/target/test-dir/MiniOzoneClusterImpl-57b11f44-691f-4099-bd84-7690158c8d61/datanode-5/data/ratis/d1217d28-4660-4594-83b4-a04492f3b522/in_use.lock acquired by nodename 27196@trunk-nightly-hvlc9-701369690
2019-07-15 13:52:48,004 INFO  storage.RaftStorage (RaftStorage.java:format(72)) - Storage directory /workdir/hadoop-ozone/integration-test/target/test-dir/MiniOzoneClusterImpl-57b11f44-691f-4099-bd84-7690158c8d61/datanode-5/data/ratis/d1217d28-4660-4594-83b4-a04492f3b522 has been successfully formatted.
2019-07-15 13:52:48,005 INFO  ratis.ContainerStateMachine (ContainerStateMachine.java:loadSnapshot(200)) - group-A04492F3B522: The snapshot info is null. Setting the last applied indexto:(t:0, i:~)
2019-07-15 13:52:48,005 INFO  server.RaftServerConfigKeys (ConfUtils.java:logGet(43)) - raft.server.leader.election.timeout = 120s (custom)
2019-07-15 13:52:48,005 INFO  server.RaftServerConfigKeys (ConfUtils.java:logGet(43)) - raft.server.log.use.memory = false (default)
2019-07-15 13:52:48,005 INFO  server.RaftServerConfigKeys (ConfUtils.java:logGet(43)) - raft.server.log.purge.gap = 1000000000 (custom)
2019-07-15 13:52:48,006 INFO  server.RaftServerConfigKeys (ConfUtils.java:logGet(43)) - raft.server.log.appender.buffer.byte-limit = 33554432 (custom)
2019-07-15 13:52:48,006 INFO  server.RaftServerConfigKeys (ConfUtils.java:logGet(43)) - raft.server.log.segment.size.max = 1048576 (custom)
2019-07-15 13:52:48,006 INFO  server.RaftServerConfigKeys (ConfUtils.java:logGet(43)) - raft.server.log.segment.cache.num.max = 2 (custom)
2019-07-15 13:52:48,006 INFO  segmented.SegmentedRaftLogWorker (SegmentedRaftLogWorker.java:<init>(172)) - new 6b52d340-8c41-4019-aa96-ad4e6eff3bc9-SegmentedRaftLogWorker:Storage Directory /workdir/hadoop-ozone/integration-test/target/test-dir/MiniOzoneClusterImpl-57b11f44-691f-4099-bd84-7690158c8d61/datanode-5/data/ratis/d1217d28-4660-4594-83b4-a04492f3b522 for RaftStorage:Storage Directory /workdir/hadoop-ozone/integration-test/target/test-dir/MiniOzoneClusterImpl-57b11f44-691f-4099-bd84-7690158c8d61/datanode-5/data/ratis/d1217d28-4660-4594-83b4-a04492f3b522
2019-07-15 13:52:48,006 INFO  server.RaftServerConfigKeys (ConfUtils.java:logGet(43)) - raft.server.log.queue.byte-limit = 2147483647 (custom)
2019-07-15 13:52:48,006 INFO  server.RaftServerConfigKeys (ConfUtils.java:logGet(43)) - raft.server.log.queue.element-limit = 1024 (custom)
2019-07-15 13:52:48,007 INFO  server.RaftServerConfigKeys (ConfUtils.java:logGet(43)) - raft.server.log.segment.size.max = 1048576 (custom)
2019-07-15 13:52:48,007 INFO  server.RaftServerConfigKeys (ConfUtils.java:logGet(43)) - raft.server.log.preallocated.size = 16384 (custom)
2019-07-15 13:52:48,007 INFO  server.RaftServerConfigKeys (ConfUtils.java:logGet(43)) - raft.server.log.write.buffer.size = 33554432 (custom)
2019-07-15 13:52:48,007 INFO  server.RaftServerConfigKeys (ConfUtils.java:logGet(43)) - raft.server.log.force.sync.num = 128 (default)
2019-07-15 13:52:48,007 INFO  server.RaftServerConfigKeys (ConfUtils.java:logGet(43)) - raft.server.log.statemachine.data.sync = true (default)
2019-07-15 13:52:48,007 INFO  server.RaftServerConfigKeys (ConfUtils.java:logGet(43)) - raft.server.log.statemachine.data.sync.timeout = 10s (default)
2019-07-15 13:52:48,007 INFO  server.RaftServerConfigKeys (ConfUtils.java:logGet(43)) - raft.server.log.statemachine.data.sync.timeout.retry = -1 (default)
2019-07-15 13:52:48,008 INFO  server.RaftServerConfigKeys (ConfUtils.java:logGet(43)) - raft.server.log.statemachine.data.caching.enabled = true (custom)
2019-07-15 13:52:48,008 INFO  segmented.SegmentedRaftLogWorker (SegmentedRaftLogWorker.java:lambda$new$0(132)) - 6b52d340-8c41-4019-aa96-ad4e6eff3bc9-SegmentedRaftLogWorker:Storage Directory /workdir/hadoop-ozone/integration-test/target/test-dir/MiniOzoneClusterImpl-57b11f44-691f-4099-bd84-7690158c8d61/datanode-5/data/ratis/d1217d28-4660-4594-83b4-a04492f3b522: flushIndex: setUnconditionally 0 -> -1
2019-07-15 13:52:48,009 INFO  server.RaftServerConfigKeys (ConfUtils.java:logGet(43)) - raft.server.snapshot.auto.trigger.enabled = true (custom)
2019-07-15 13:52:48,009 INFO  server.RaftServerConfigKeys (ConfUtils.java:logGet(43)) - raft.server.snapshot.auto.trigger.threshold = 10000 (custom)
2019-07-15 13:52:48,009 INFO  server.RaftServerConfigKeys (ConfUtils.java:logGet(43)) - raft.server.retrycache.expirytime = 600000ms (custom)
2019-07-15 13:52:48,009 INFO  impl.RaftServerImpl (RaftServerImpl.java:start(180)) - 6b52d340-8c41-4019-aa96-ad4e6eff3bc9: start group-A04492F3B522
2019-07-15 13:52:48,009 INFO  impl.RaftServerImpl (RaftServerImpl.java:setRole(171)) - 6b52d340-8c41-4019-aa96-ad4e6eff3bc9:group-A04492F3B522 changes role from null to FOLLOWER at term 0 for startAsFollower
2019-07-15 13:52:48,010 INFO  impl.RoleInfo (RoleInfo.java:updateAndGet(143)) - 6b52d340-8c41-4019-aa96-ad4e6eff3bc9: start FollowerState
2019-07-15 13:52:48,010 INFO  util.JmxRegister (JmxRegister.java:tryRegister(44)) - Successfully registered JMX Bean with object name Ratis:service=RaftServer,group=group-A04492F3B522,id=6b52d340-8c41-4019-aa96-ad4e6eff3bc9
2019-07-15 13:52:48,013 INFO  pipeline.PipelineStateManager (PipelineStateManager.java:addPipeline(56)) - Created pipeline Pipeline[ Id: d1217d28-4660-4594-83b4-a04492f3b522, Nodes: 6b52d340-8c41-4019-aa96-ad4e6eff3bc9{ip: 192.168.157.240, host: trunk-nightly-hvlc9-701369690, networkLocation: /default-rack, certSerialId: null}, Type:RATIS, Factor:ONE, State:OPEN]
2019-07-15 13:52:48,029 INFO  impl.RaftServerProxy (RaftServerProxy.java:addNew(89)) - 6b52d340-8c41-4019-aa96-ad4e6eff3bc9: addNew group-769CFCB53D6A:[955117ab-e0a9-4328-8308-787f8c4c4d1c:192.168.157.240:44676, 6b52d340-8c41-4019-aa96-ad4e6eff3bc9:192.168.157.240:38294, 69b822ba-735c-4922-a471-76e0959298b4:192.168.157.240:34315] returns group-769CFCB53D6A:java.util.concurrent.CompletableFuture@58dd8392[Not completed]
2019-07-15 13:52:48,029 INFO  impl.RaftServerProxy (RaftServerProxy.java:addNew(89)) - 69b822ba-735c-4922-a471-76e0959298b4: addNew group-769CFCB53D6A:[955117ab-e0a9-4328-8308-787f8c4c4d1c:192.168.157.240:44676, 6b52d340-8c41-4019-aa96-ad4e6eff3bc9:192.168.157.240:38294, 69b822ba-735c-4922-a471-76e0959298b4:192.168.157.240:34315] returns group-769CFCB53D6A:java.util.concurrent.CompletableFuture@3d4cc2e6[Not completed]
2019-07-15 13:52:48,029 INFO  impl.RaftServerProxy (RaftServerProxy.java:addNew(89)) - 955117ab-e0a9-4328-8308-787f8c4c4d1c: addNew group-769CFCB53D6A:[955117ab-e0a9-4328-8308-787f8c4c4d1c:192.168.157.240:44676, 6b52d340-8c41-4019-aa96-ad4e6eff3bc9:192.168.157.240:38294, 69b822ba-735c-4922-a471-76e0959298b4:192.168.157.240:34315] returns group-769CFCB53D6A:java.util.concurrent.CompletableFuture@4caa4534[Not completed]
2019-07-15 13:52:48,030 INFO  impl.RaftServerImpl (RaftServerImpl.java:<init>(93)) - 69b822ba-735c-4922-a471-76e0959298b4: new RaftServerImpl for group-769CFCB53D6A:[955117ab-e0a9-4328-8308-787f8c4c4d1c:192.168.157.240:44676, 6b52d340-8c41-4019-aa96-ad4e6eff3bc9:192.168.157.240:38294, 69b822ba-735c-4922-a471-76e0959298b4:192.168.157.240:34315] with ContainerStateMachine:uninitialized
2019-07-15 13:52:48,030 INFO  server.RaftServerConfigKeys (ConfUtils.java:logGet(43)) - raft.server.rpc.timeout.min = 5s (custom)
2019-07-15 13:52:48,031 INFO  server.RaftServerConfigKeys (ConfUtils.java:logGet(43)) - raft.server.rpc.timeout.max = 5200ms (custom)
2019-07-15 13:52:48,031 INFO  impl.RaftServerImpl (RaftServerImpl.java:<init>(93)) - 6b52d340-8c41-4019-aa96-ad4e6eff3bc9: new RaftServerImpl for group-769CFCB53D6A:[955117ab-e0a9-4328-8308-787f8c4c4d1c:192.168.157.240:44676, 6b52d340-8c41-4019-aa96-ad4e6eff3bc9:192.168.157.240:38294, 69b822ba-735c-4922-a471-76e0959298b4:192.168.157.240:34315] with ContainerStateMachine:uninitialized
2019-07-15 13:52:48,031 INFO  server.RaftServerConfigKeys (ConfUtils.java:logGet(43)) - raft.server.rpcslowness.timeout = 120s (custom)
2019-07-15 13:52:48,031 INFO  server.RaftServerConfigKeys (ConfUtils.java:logGet(43)) - raft.server.rpc.timeout.min = 5s (custom)
2019-07-15 13:52:48,031 INFO  server.RaftServerConfigKeys (ConfUtils.java:logGet(43)) - raft.server.sleep.deviation.threshold = 300 (default)
2019-07-15 13:52:48,031 INFO  impl.RaftServerImpl (RaftServerImpl.java:<init>(93)) - 955117ab-e0a9-4328-8308-787f8c4c4d1c: new RaftServerImpl for group-769CFCB53D6A:[955117ab-e0a9-4328-8308-787f8c4c4d1c:192.168.157.240:44676, 6b52d340-8c41-4019-aa96-ad4e6eff3bc9:192.168.157.240:38294, 69b822ba-735c-4922-a471-76e0959298b4:192.168.157.240:34315] with ContainerStateMachine:uninitialized
2019-07-15 13:52:48,031 INFO  server.RaftServerConfigKeys (ConfUtils.java:logGet(43)) - raft.server.rpc.timeout.max = 5200ms (custom)
2019-07-15 13:52:48,031 INFO  server.RaftServerConfigKeys (ConfUtils.java:logGet(43)) - raft.server.rpc.timeout.min = 5s (custom)
2019-07-15 13:52:48,031 INFO  server.RaftServerConfigKeys (ConfUtils.java:logGet(43)) - raft.server.log.appender.install.snapshot.enabled = false (custom)
2019-07-15 13:52:48,032 INFO  server.RaftServerConfigKeys (ConfUtils.java:logGet(43)) - raft.server.rpc.timeout.max = 5200ms (custom)
2019-07-15 13:52:48,031 INFO  server.RaftServerConfigKeys (ConfUtils.java:logGet(43)) - raft.server.rpcslowness.timeout = 120s (custom)
2019-07-15 13:52:48,032 INFO  server.RaftServerConfigKeys (ConfUtils.java:logGet(43)) - raft.server.rpcslowness.timeout = 120s (custom)
2019-07-15 13:52:48,032 INFO  impl.RaftServerImpl (ServerState.java:<init>(105)) - 69b822ba-735c-4922-a471-76e0959298b4:group-769CFCB53D6A ConfigurationManager, init=-1: [955117ab-e0a9-4328-8308-787f8c4c4d1c:192.168.157.240:44676, 6b52d340-8c41-4019-aa96-ad4e6eff3bc9:192.168.157.240:38294, 69b822ba-735c-4922-a471-76e0959298b4:192.168.157.240:34315], old=null, confs=<EMPTY_MAP>
2019-07-15 13:52:48,032 INFO  server.RaftServerConfigKeys (ConfUtils.java:logGet(43)) - raft.server.sleep.deviation.threshold = 300 (default)
2019-07-15 13:52:48,032 INFO  server.RaftServerConfigKeys (ConfUtils.java:logGet(43)) - raft.server.log.appender.install.snapshot.enabled = false (custom)
2019-07-15 13:52:48,032 INFO  server.RaftServerConfigKeys (ConfUtils.java:logGet(43)) - raft.server.sleep.deviation.threshold = 300 (default)
2019-07-15 13:52:48,033 INFO  impl.RaftServerImpl (ServerState.java:<init>(105)) - 955117ab-e0a9-4328-8308-787f8c4c4d1c:group-769CFCB53D6A ConfigurationManager, init=-1: [955117ab-e0a9-4328-8308-787f8c4c4d1c:192.168.157.240:44676, 6b52d340-8c41-4019-aa96-ad4e6eff3bc9:192.168.157.240:38294, 69b822ba-735c-4922-a471-76e0959298b4:192.168.157.240:34315], old=null, confs=<EMPTY_MAP>
2019-07-15 13:52:48,033 INFO  server.RaftServerConfigKeys (ConfUtils.java:logGet(43)) - raft.server.storage.dir = [/workdir/hadoop-ozone/integration-test/target/test-dir/MiniOzoneClusterImpl-57b11f44-691f-4099-bd84-7690158c8d61/datanode-3/data/ratis] (custom)
2019-07-15 13:52:48,033 INFO  server.RaftServerConfigKeys (ConfUtils.java:logGet(43)) - raft.server.storage.dir = [/workdir/hadoop-ozone/integration-test/target/test-dir/MiniOzoneClusterImpl-57b11f44-691f-4099-bd84-7690158c8d61/datanode-4/data/ratis] (custom)
2019-07-15 13:52:48,033 INFO  server.RaftServerConfigKeys (ConfUtils.java:logGet(43)) - raft.server.log.appender.install.snapshot.enabled = false (custom)
2019-07-15 13:52:48,033 INFO  storage.RaftStorageDirectory (RaftStorageDirectory.java:analyzeStorage(246)) - The storage directory /workdir/hadoop-ozone/integration-test/target/test-dir/MiniOzoneClusterImpl-57b11f44-691f-4099-bd84-7690158c8d61/datanode-3/data/ratis/fb47f2ad-827b-47ad-b37a-769cfcb53d6a does not exist. Creating ...
2019-07-15 13:52:48,033 INFO  storage.RaftStorageDirectory (RaftStorageDirectory.java:analyzeStorage(246)) - The storage directory /workdir/hadoop-ozone/integration-test/target/test-dir/MiniOzoneClusterImpl-57b11f44-691f-4099-bd84-7690158c8d61/datanode-4/data/ratis/fb47f2ad-827b-47ad-b37a-769cfcb53d6a does not exist. Creating ...
2019-07-15 13:52:48,033 INFO  impl.RaftServerImpl (ServerState.java:<init>(105)) - 6b52d340-8c41-4019-aa96-ad4e6eff3bc9:group-769CFCB53D6A ConfigurationManager, init=-1: [955117ab-e0a9-4328-8308-787f8c4c4d1c:192.168.157.240:44676, 6b52d340-8c41-4019-aa96-ad4e6eff3bc9:192.168.157.240:38294, 69b822ba-735c-4922-a471-76e0959298b4:192.168.157.240:34315], old=null, confs=<EMPTY_MAP>
2019-07-15 13:52:48,034 INFO  server.RaftServerConfigKeys (ConfUtils.java:logGet(43)) - raft.server.storage.dir = [/workdir/hadoop-ozone/integration-test/target/test-dir/MiniOzoneClusterImpl-57b11f44-691f-4099-bd84-7690158c8d61/datanode-5/data/ratis] (custom)
2019-07-15 13:52:48,034 INFO  storage.RaftStorageDirectory (RaftStorageDirectory.java:analyzeStorage(246)) - The storage directory /workdir/hadoop-ozone/integration-test/target/test-dir/MiniOzoneClusterImpl-57b11f44-691f-4099-bd84-7690158c8d61/datanode-5/data/ratis/fb47f2ad-827b-47ad-b37a-769cfcb53d6a does not exist. Creating ...
2019-07-15 13:52:48,047 INFO  storage.RaftStorageDirectory (RaftStorageDirectory.java:tryLock(328)) - Lock on /workdir/hadoop-ozone/integration-test/target/test-dir/MiniOzoneClusterImpl-57b11f44-691f-4099-bd84-7690158c8d61/datanode-5/data/ratis/fb47f2ad-827b-47ad-b37a-769cfcb53d6a/in_use.lock acquired by nodename 27196@trunk-nightly-hvlc9-701369690
2019-07-15 13:52:48,047 INFO  storage.RaftStorageDirectory (RaftStorageDirectory.java:tryLock(328)) - Lock on /workdir/hadoop-ozone/integration-test/target/test-dir/MiniOzoneClusterImpl-57b11f44-691f-4099-bd84-7690158c8d61/datanode-3/data/ratis/fb47f2ad-827b-47ad-b37a-769cfcb53d6a/in_use.lock acquired by nodename 27196@trunk-nightly-hvlc9-701369690
2019-07-15 13:52:48,047 INFO  storage.RaftStorageDirectory (RaftStorageDirectory.java:tryLock(328)) - Lock on /workdir/hadoop-ozone/integration-test/target/test-dir/MiniOzoneClusterImpl-57b11f44-691f-4099-bd84-7690158c8d61/datanode-4/data/ratis/fb47f2ad-827b-47ad-b37a-769cfcb53d6a/in_use.lock acquired by nodename 27196@trunk-nightly-hvlc9-701369690
2019-07-15 13:52:48,066 INFO  storage.RaftStorage (RaftStorage.java:format(72)) - Storage directory /workdir/hadoop-ozone/integration-test/target/test-dir/MiniOzoneClusterImpl-57b11f44-691f-4099-bd84-7690158c8d61/datanode-5/data/ratis/fb47f2ad-827b-47ad-b37a-769cfcb53d6a has been successfully formatted.
2019-07-15 13:52:48,066 INFO  storage.RaftStorage (RaftStorage.java:format(72)) - Storage directory /workdir/hadoop-ozone/integration-test/target/test-dir/MiniOzoneClusterImpl-57b11f44-691f-4099-bd84-7690158c8d61/datanode-4/data/ratis/fb47f2ad-827b-47ad-b37a-769cfcb53d6a has been successfully formatted.
2019-07-15 13:52:48,066 INFO  storage.RaftStorage (RaftStorage.java:format(72)) - Storage directory /workdir/hadoop-ozone/integration-test/target/test-dir/MiniOzoneClusterImpl-57b11f44-691f-4099-bd84-7690158c8d61/datanode-3/data/ratis/fb47f2ad-827b-47ad-b37a-769cfcb53d6a has been successfully formatted.
2019-07-15 13:52:48,066 INFO  ratis.ContainerStateMachine (ContainerStateMachine.java:loadSnapshot(200)) - group-769CFCB53D6A: The snapshot info is null. Setting the last applied indexto:(t:0, i:~)
2019-07-15 13:52:48,066 INFO  ratis.ContainerStateMachine (ContainerStateMachine.java:loadSnapshot(200)) - group-769CFCB53D6A: The snapshot info is null. Setting the last applied indexto:(t:0, i:~)
2019-07-15 13:52:48,066 INFO  server.RaftServerConfigKeys (ConfUtils.java:logGet(43)) - raft.server.leader.election.timeout = 120s (custom)
2019-07-15 13:52:48,066 INFO  ratis.ContainerStateMachine (ContainerStateMachine.java:loadSnapshot(200)) - group-769CFCB53D6A: The snapshot info is null. Setting the last applied indexto:(t:0, i:~)
2019-07-15 13:52:48,067 INFO  server.RaftServerConfigKeys (ConfUtils.java:logGet(43)) - raft.server.log.use.memory = false (default)
2019-07-15 13:52:48,067 INFO  server.RaftServerConfigKeys (ConfUtils.java:logGet(43)) - raft.server.leader.election.timeout = 120s (custom)
2019-07-15 13:52:48,067 INFO  server.RaftServerConfigKeys (ConfUtils.java:logGet(43)) - raft.server.log.purge.gap = 1000000000 (custom)
2019-07-15 13:52:48,067 INFO  server.RaftServerConfigKeys (ConfUtils.java:logGet(43)) - raft.server.leader.election.timeout = 120s (custom)
2019-07-15 13:52:48,067 INFO  server.RaftServerConfigKeys (ConfUtils.java:logGet(43)) - raft.server.log.appender.buffer.byte-limit = 33554432 (custom)
2019-07-15 13:52:48,067 INFO  server.RaftServerConfigKeys (ConfUtils.java:logGet(43)) - raft.server.log.use.memory = false (default)
2019-07-15 13:52:48,068 INFO  server.RaftServerConfigKeys (ConfUtils.java:logGet(43)) - raft.server.log.segment.size.max = 1048576 (custom)
2019-07-15 13:52:48,067 INFO  server.RaftServerConfigKeys (ConfUtils.java:logGet(43)) - raft.server.log.use.memory = false (default)
2019-07-15 13:52:48,068 INFO  server.RaftServerConfigKeys (ConfUtils.java:logGet(43)) - raft.server.log.segment.cache.num.max = 2 (custom)
2019-07-15 13:52:48,068 INFO  server.RaftServerConfigKeys (ConfUtils.java:logGet(43)) - raft.server.log.purge.gap = 1000000000 (custom)
2019-07-15 13:52:48,068 INFO  segmented.SegmentedRaftLogWorker (SegmentedRaftLogWorker.java:<init>(172)) - new 955117ab-e0a9-4328-8308-787f8c4c4d1c-SegmentedRaftLogWorker:Storage Directory /workdir/hadoop-ozone/integration-test/target/test-dir/MiniOzoneClusterImpl-57b11f44-691f-4099-bd84-7690158c8d61/datanode-4/data/ratis/fb47f2ad-827b-47ad-b37a-769cfcb53d6a for RaftStorage:Storage Directory /workdir/hadoop-ozone/integration-test/target/test-dir/MiniOzoneClusterImpl-57b11f44-691f-4099-bd84-7690158c8d61/datanode-4/data/ratis/fb47f2ad-827b-47ad-b37a-769cfcb53d6a
2019-07-15 13:52:48,068 INFO  server.RaftServerConfigKeys (ConfUtils.java:logGet(43)) - raft.server.log.purge.gap = 1000000000 (custom)
2019-07-15 13:52:48,068 INFO  server.RaftServerConfigKeys (ConfUtils.java:logGet(43)) - raft.server.log.queue.byte-limit = 2147483647 (custom)
2019-07-15 13:52:48,069 INFO  server.RaftServerConfigKeys (ConfUtils.java:logGet(43)) - raft.server.log.queue.element-limit = 1024 (custom)
2019-07-15 13:52:48,068 INFO  server.RaftServerConfigKeys (ConfUtils.java:logGet(43)) - raft.server.log.appender.buffer.byte-limit = 33554432 (custom)
2019-07-15 13:52:48,069 INFO  server.RaftServerConfigKeys (ConfUtils.java:logGet(43)) - raft.server.log.segment.size.max = 1048576 (custom)
2019-07-15 13:52:48,068 INFO  server.RaftServerConfigKeys (ConfUtils.java:logGet(43)) - raft.server.log.appender.buffer.byte-limit = 33554432 (custom)
2019-07-15 13:52:48,069 INFO  server.RaftServerConfigKeys (ConfUtils.java:logGet(43)) - raft.server.log.preallocated.size = 16384 (custom)
2019-07-15 13:52:48,069 INFO  server.RaftServerConfigKeys (ConfUtils.java:logGet(43)) - raft.server.log.write.buffer.size = 33554432 (custom)
2019-07-15 13:52:48,069 INFO  server.RaftServerConfigKeys (ConfUtils.java:logGet(43)) - raft.server.log.segment.size.max = 1048576 (custom)
2019-07-15 13:52:48,069 INFO  server.RaftServerConfigKeys (ConfUtils.java:logGet(43)) - raft.server.log.force.sync.num = 128 (default)
2019-07-15 13:52:48,070 INFO  server.RaftServerConfigKeys (ConfUtils.java:logGet(43)) - raft.server.log.statemachine.data.sync = true (default)
2019-07-15 13:52:48,069 INFO  server.RaftServerConfigKeys (ConfUtils.java:logGet(43)) - raft.server.log.segment.size.max = 1048576 (custom)
2019-07-15 13:52:48,070 INFO  server.RaftServerConfigKeys (ConfUtils.java:logGet(43)) - raft.server.log.statemachine.data.sync.timeout = 10s (default)
2019-07-15 13:52:48,070 INFO  server.RaftServerConfigKeys (ConfUtils.java:logGet(43)) - raft.server.log.segment.cache.num.max = 2 (custom)
2019-07-15 13:52:48,070 INFO  server.RaftServerConfigKeys (ConfUtils.java:logGet(43)) - raft.server.log.statemachine.data.sync.timeout.retry = -1 (default)
2019-07-15 13:52:48,070 INFO  server.RaftServerConfigKeys (ConfUtils.java:logGet(43)) - raft.server.log.segment.cache.num.max = 2 (custom)
2019-07-15 13:52:48,070 INFO  server.RaftServerConfigKeys (ConfUtils.java:logGet(43)) - raft.server.log.statemachine.data.caching.enabled = true (custom)
2019-07-15 13:52:48,070 INFO  segmented.SegmentedRaftLogWorker (SegmentedRaftLogWorker.java:<init>(172)) - new 6b52d340-8c41-4019-aa96-ad4e6eff3bc9-SegmentedRaftLogWorker:Storage Directory /workdir/hadoop-ozone/integration-test/target/test-dir/MiniOzoneClusterImpl-57b11f44-691f-4099-bd84-7690158c8d61/datanode-5/data/ratis/fb47f2ad-827b-47ad-b37a-769cfcb53d6a for RaftStorage:Storage Directory /workdir/hadoop-ozone/integration-test/target/test-dir/MiniOzoneClusterImpl-57b11f44-691f-4099-bd84-7690158c8d61/datanode-5/data/ratis/fb47f2ad-827b-47ad-b37a-769cfcb53d6a
2019-07-15 13:52:48,070 INFO  segmented.SegmentedRaftLogWorker (SegmentedRaftLogWorker.java:<init>(172)) - new 69b822ba-735c-4922-a471-76e0959298b4-SegmentedRaftLogWorker:Storage Directory /workdir/hadoop-ozone/integration-test/target/test-dir/MiniOzoneClusterImpl-57b11f44-691f-4099-bd84-7690158c8d61/datanode-3/data/ratis/fb47f2ad-827b-47ad-b37a-769cfcb53d6a for RaftStorage:Storage Directory /workdir/hadoop-ozone/integration-test/target/test-dir/MiniOzoneClusterImpl-57b11f44-691f-4099-bd84-7690158c8d61/datanode-3/data/ratis/fb47f2ad-827b-47ad-b37a-769cfcb53d6a
2019-07-15 13:52:48,071 INFO  server.RaftServerConfigKeys (ConfUtils.java:logGet(43)) - raft.server.log.queue.byte-limit = 2147483647 (custom)
2019-07-15 13:52:48,071 INFO  segmented.SegmentedRaftLogWorker (SegmentedRaftLogWorker.java:lambda$new$0(132)) - 955117ab-e0a9-4328-8308-787f8c4c4d1c-SegmentedRaftLogWorker:Storage Directory /workdir/hadoop-ozone/integration-test/target/test-dir/MiniOzoneClusterImpl-57b11f44-691f-4099-bd84-7690158c8d61/datanode-4/data/ratis/fb47f2ad-827b-47ad-b37a-769cfcb53d6a: flushIndex: setUnconditionally 0 -> -1
2019-07-15 13:52:48,071 INFO  server.RaftServerConfigKeys (ConfUtils.java:logGet(43)) - raft.server.log.queue.element-limit = 1024 (custom)
2019-07-15 13:52:48,071 INFO  server.RaftServerConfigKeys (ConfUtils.java:logGet(43)) - raft.server.log.queue.byte-limit = 2147483647 (custom)
2019-07-15 13:52:48,071 INFO  server.RaftServerConfigKeys (ConfUtils.java:logGet(43)) - raft.server.log.segment.size.max = 1048576 (custom)
2019-07-15 13:52:48,071 INFO  server.RaftServerConfigKeys (ConfUtils.java:logGet(43)) - raft.server.log.queue.element-limit = 1024 (custom)
2019-07-15 13:52:48,071 INFO  server.RaftServerConfigKeys (ConfUtils.java:logGet(43)) - raft.server.snapshot.auto.trigger.enabled = true (custom)
2019-07-15 13:52:48,072 INFO  server.RaftServerConfigKeys (ConfUtils.java:logGet(43)) - raft.server.log.segment.size.max = 1048576 (custom)
2019-07-15 13:52:48,072 INFO  server.RaftServerConfigKeys (ConfUtils.java:logGet(43)) - raft.server.log.preallocated.size = 16384 (custom)
2019-07-15 13:52:48,072 INFO  server.RaftServerConfigKeys (ConfUtils.java:logGet(43)) - raft.server.log.preallocated.size = 16384 (custom)
2019-07-15 13:52:48,072 INFO  server.RaftServerConfigKeys (ConfUtils.java:logGet(43)) - raft.server.snapshot.auto.trigger.threshold = 10000 (custom)
2019-07-15 13:52:48,072 INFO  server.RaftServerConfigKeys (ConfUtils.java:logGet(43)) - raft.server.log.write.buffer.size = 33554432 (custom)
2019-07-15 13:52:48,073 INFO  server.RaftServerConfigKeys (ConfUtils.java:logGet(43)) - raft.server.log.force.sync.num = 128 (default)
2019-07-15 13:52:48,072 INFO  server.RaftServerConfigKeys (ConfUtils.java:logGet(43)) - raft.server.log.write.buffer.size = 33554432 (custom)
2019-07-15 13:52:48,073 INFO  server.RaftServerConfigKeys (ConfUtils.java:logGet(43)) - raft.server.log.statemachine.data.sync = true (default)
2019-07-15 13:52:48,072 INFO  server.RaftServerConfigKeys (ConfUtils.java:logGet(43)) - raft.server.retrycache.expirytime = 600000ms (custom)
2019-07-15 13:52:48,073 INFO  server.RaftServerConfigKeys (ConfUtils.java:logGet(43)) - raft.server.log.statemachine.data.sync.timeout = 10s (default)
2019-07-15 13:52:48,073 INFO  server.RaftServerConfigKeys (ConfUtils.java:logGet(43)) - raft.server.log.statemachine.data.sync.timeout.retry = -1 (default)
2019-07-15 13:52:48,073 INFO  server.RaftServerConfigKeys (ConfUtils.java:logGet(43)) - raft.server.log.force.sync.num = 128 (default)
2019-07-15 13:52:48,073 INFO  server.RaftServerConfigKeys (ConfUtils.java:logGet(43)) - raft.server.log.statemachine.data.caching.enabled = true (custom)
2019-07-15 13:52:48,073 INFO  impl.RaftServerImpl (RaftServerImpl.java:start(180)) - 955117ab-e0a9-4328-8308-787f8c4c4d1c: start group-769CFCB53D6A
2019-07-15 13:52:48,074 INFO  server.RaftServerConfigKeys (ConfUtils.java:logGet(43)) - raft.server.log.statemachine.data.sync = true (default)
2019-07-15 13:52:48,074 INFO  segmented.SegmentedRaftLogWorker (SegmentedRaftLogWorker.java:lambda$new$0(132)) - 69b822ba-735c-4922-a471-76e0959298b4-SegmentedRaftLogWorker:Storage Directory /workdir/hadoop-ozone/integration-test/target/test-dir/MiniOzoneClusterImpl-57b11f44-691f-4099-bd84-7690158c8d61/datanode-3/data/ratis/fb47f2ad-827b-47ad-b37a-769cfcb53d6a: flushIndex: setUnconditionally 0 -> -1
2019-07-15 13:52:48,074 INFO  impl.RaftServerImpl (RaftServerImpl.java:setRole(171)) - 955117ab-e0a9-4328-8308-787f8c4c4d1c:group-769CFCB53D6A changes role from null to FOLLOWER at term 0 for startAsFollower
2019-07-15 13:52:48,074 INFO  server.RaftServerConfigKeys (ConfUtils.java:logGet(43)) - raft.server.log.statemachine.data.sync.timeout = 10s (default)
2019-07-15 13:52:48,074 INFO  server.RaftServerConfigKeys (ConfUtils.java:logGet(43)) - raft.server.snapshot.auto.trigger.enabled = true (custom)
2019-07-15 13:52:48,075 INFO  server.RaftServerConfigKeys (ConfUtils.java:logGet(43)) - raft.server.snapshot.auto.trigger.threshold = 10000 (custom)
2019-07-15 13:52:48,074 INFO  impl.RoleInfo (RoleInfo.java:updateAndGet(143)) - 955117ab-e0a9-4328-8308-787f8c4c4d1c: start FollowerState
2019-07-15 13:52:48,075 INFO  server.RaftServerConfigKeys (ConfUtils.java:logGet(43)) - raft.server.retrycache.expirytime = 600000ms (custom)
2019-07-15 13:52:48,074 INFO  server.RaftServerConfigKeys (ConfUtils.java:logGet(43)) - raft.server.log.statemachine.data.sync.timeout.retry = -1 (default)
2019-07-15 13:52:48,075 INFO  impl.RaftServerImpl (RaftServerImpl.java:start(180)) - 69b822ba-735c-4922-a471-76e0959298b4: start group-769CFCB53D6A
2019-07-15 13:52:48,075 INFO  util.JmxRegister (JmxRegister.java:tryRegister(44)) - Successfully registered JMX Bean with object name Ratis:service=RaftServer,group=group-769CFCB53D6A,id=955117ab-e0a9-4328-8308-787f8c4c4d1c
2019-07-15 13:52:48,075 INFO  server.RaftServerConfigKeys (ConfUtils.java:logGet(43)) - raft.server.log.statemachine.data.caching.enabled = true (custom)
2019-07-15 13:52:48,075 INFO  impl.RaftServerImpl (RaftServerImpl.java:setRole(171)) - 69b822ba-735c-4922-a471-76e0959298b4:group-769CFCB53D6A changes role from null to FOLLOWER at term 0 for startAsFollower
2019-07-15 13:52:48,076 INFO  segmented.SegmentedRaftLogWorker (SegmentedRaftLogWorker.java:lambda$new$0(132)) - 6b52d340-8c41-4019-aa96-ad4e6eff3bc9-SegmentedRaftLogWorker:Storage Directory /workdir/hadoop-ozone/integration-test/target/test-dir/MiniOzoneClusterImpl-57b11f44-691f-4099-bd84-7690158c8d61/datanode-5/data/ratis/fb47f2ad-827b-47ad-b37a-769cfcb53d6a: flushIndex: setUnconditionally 0 -> -1
2019-07-15 13:52:48,076 INFO  impl.RoleInfo (RoleInfo.java:updateAndGet(143)) - 69b822ba-735c-4922-a471-76e0959298b4: start FollowerState
2019-07-15 13:52:48,076 INFO  server.RaftServerConfigKeys (ConfUtils.java:logGet(43)) - raft.server.snapshot.auto.trigger.enabled = true (custom)
2019-07-15 13:52:48,076 INFO  server.RaftServerConfigKeys (ConfUtils.java:logGet(43)) - raft.server.snapshot.auto.trigger.threshold = 10000 (custom)
2019-07-15 13:52:48,076 INFO  server.RaftServerConfigKeys (ConfUtils.java:logGet(43)) - raft.server.retrycache.expirytime = 600000ms (custom)
2019-07-15 13:52:48,076 INFO  util.JmxRegister (JmxRegister.java:tryRegister(44)) - Successfully registered JMX Bean with object name Ratis:service=RaftServer,group=group-769CFCB53D6A,id=69b822ba-735c-4922-a471-76e0959298b4
2019-07-15 13:52:48,077 INFO  impl.RaftServerImpl (RaftServerImpl.java:start(180)) - 6b52d340-8c41-4019-aa96-ad4e6eff3bc9: start group-769CFCB53D6A
2019-07-15 13:52:48,077 INFO  impl.RaftServerImpl (RaftServerImpl.java:setRole(171)) - 6b52d340-8c41-4019-aa96-ad4e6eff3bc9:group-769CFCB53D6A changes role from null to FOLLOWER at term 0 for startAsFollower
2019-07-15 13:52:48,077 INFO  impl.RoleInfo (RoleInfo.java:updateAndGet(143)) - 6b52d340-8c41-4019-aa96-ad4e6eff3bc9: start FollowerState
2019-07-15 13:52:48,077 INFO  util.JmxRegister (JmxRegister.java:tryRegister(44)) - Successfully registered JMX Bean with object name Ratis:service=RaftServer,group=group-769CFCB53D6A,id=6b52d340-8c41-4019-aa96-ad4e6eff3bc9
2019-07-15 13:52:48,080 INFO  pipeline.PipelineStateManager (PipelineStateManager.java:addPipeline(56)) - Created pipeline Pipeline[ Id: fb47f2ad-827b-47ad-b37a-769cfcb53d6a, Nodes: 6b52d340-8c41-4019-aa96-ad4e6eff3bc9{ip: 192.168.157.240, host: trunk-nightly-hvlc9-701369690, networkLocation: /default-rack, certSerialId: null}69b822ba-735c-4922-a471-76e0959298b4{ip: 192.168.157.240, host: trunk-nightly-hvlc9-701369690, networkLocation: /default-rack, certSerialId: null}955117ab-e0a9-4328-8308-787f8c4c4d1c{ip: 192.168.157.240, host: trunk-nightly-hvlc9-701369690, networkLocation: /default-rack, certSerialId: null}, Type:RATIS, Factor:THREE, State:OPEN]
2019-07-15 13:52:48,204 INFO  ozone.MiniOzoneClusterImpl (MiniOzoneClusterImpl.java:lambda$waitForClusterToBeReady$0(142)) - Waiting for cluster to be ready. Got 6 of 7 DN Heartbeats.
2019-07-15 13:52:48,215 INFO  node.SCMNodeManager (SCMNodeManager.java:register(269)) - Registered Data node : b8a3af71-a580-4ddb-8d0c-604124d85cde{ip: 192.168.157.240, host: trunk-nightly-hvlc9-701369690, networkLocation: /default-rack, certSerialId: null}
2019-07-15 13:52:48,223 INFO  impl.RaftServerProxy (RaftServerProxy.java:addNew(89)) - b8a3af71-a580-4ddb-8d0c-604124d85cde: addNew group-4998123D2FE0:[b8a3af71-a580-4ddb-8d0c-604124d85cde:192.168.157.240:45107] returns group-4998123D2FE0:java.util.concurrent.CompletableFuture@45b9ae33[Not completed]
2019-07-15 13:52:48,224 INFO  impl.RaftServerImpl (RaftServerImpl.java:<init>(93)) - b8a3af71-a580-4ddb-8d0c-604124d85cde: new RaftServerImpl for group-4998123D2FE0:[b8a3af71-a580-4ddb-8d0c-604124d85cde:192.168.157.240:45107] with ContainerStateMachine:uninitialized
2019-07-15 13:52:48,224 INFO  server.RaftServerConfigKeys (ConfUtils.java:logGet(43)) - raft.server.rpc.timeout.min = 5s (custom)
2019-07-15 13:52:48,225 INFO  server.RaftServerConfigKeys (ConfUtils.java:logGet(43)) - raft.server.rpc.timeout.max = 5200ms (custom)
2019-07-15 13:52:48,225 INFO  server.RaftServerConfigKeys (ConfUtils.java:logGet(43)) - raft.server.rpcslowness.timeout = 120s (custom)
2019-07-15 13:52:48,225 INFO  server.RaftServerConfigKeys (ConfUtils.java:logGet(43)) - raft.server.sleep.deviation.threshold = 300 (default)
2019-07-15 13:52:48,225 INFO  server.RaftServerConfigKeys (ConfUtils.java:logGet(43)) - raft.server.log.appender.install.snapshot.enabled = false (custom)
2019-07-15 13:52:48,225 INFO  impl.RaftServerImpl (ServerState.java:<init>(105)) - b8a3af71-a580-4ddb-8d0c-604124d85cde:group-4998123D2FE0 ConfigurationManager, init=-1: [b8a3af71-a580-4ddb-8d0c-604124d85cde:192.168.157.240:45107], old=null, confs=<EMPTY_MAP>
2019-07-15 13:52:48,225 INFO  server.RaftServerConfigKeys (ConfUtils.java:logGet(43)) - raft.server.storage.dir = [/workdir/hadoop-ozone/integration-test/target/test-dir/MiniOzoneClusterImpl-57b11f44-691f-4099-bd84-7690158c8d61/datanode-6/data/ratis] (custom)
2019-07-15 13:52:48,226 INFO  storage.RaftStorageDirectory (RaftStorageDirectory.java:analyzeStorage(246)) - The storage directory /workdir/hadoop-ozone/integration-test/target/test-dir/MiniOzoneClusterImpl-57b11f44-691f-4099-bd84-7690158c8d61/datanode-6/data/ratis/bde1ba15-a370-4d0d-bf69-4998123d2fe0 does not exist. Creating ...
2019-07-15 13:52:48,239 INFO  storage.RaftStorageDirectory (RaftStorageDirectory.java:tryLock(328)) - Lock on /workdir/hadoop-ozone/integration-test/target/test-dir/MiniOzoneClusterImpl-57b11f44-691f-4099-bd84-7690158c8d61/datanode-6/data/ratis/bde1ba15-a370-4d0d-bf69-4998123d2fe0/in_use.lock acquired by nodename 27196@trunk-nightly-hvlc9-701369690
2019-07-15 13:52:48,252 INFO  storage.RaftStorage (RaftStorage.java:format(72)) - Storage directory /workdir/hadoop-ozone/integration-test/target/test-dir/MiniOzoneClusterImpl-57b11f44-691f-4099-bd84-7690158c8d61/datanode-6/data/ratis/bde1ba15-a370-4d0d-bf69-4998123d2fe0 has been successfully formatted.
2019-07-15 13:52:48,252 INFO  ratis.ContainerStateMachine (ContainerStateMachine.java:loadSnapshot(200)) - group-4998123D2FE0: The snapshot info is null. Setting the last applied indexto:(t:0, i:~)
2019-07-15 13:52:48,253 INFO  server.RaftServerConfigKeys (ConfUtils.java:logGet(43)) - raft.server.leader.election.timeout = 120s (custom)
2019-07-15 13:52:48,253 INFO  server.RaftServerConfigKeys (ConfUtils.java:logGet(43)) - raft.server.log.use.memory = false (default)
2019-07-15 13:52:48,253 INFO  server.RaftServerConfigKeys (ConfUtils.java:logGet(43)) - raft.server.log.purge.gap = 1000000000 (custom)
2019-07-15 13:52:48,253 INFO  server.RaftServerConfigKeys (ConfUtils.java:logGet(43)) - raft.server.log.appender.buffer.byte-limit = 33554432 (custom)
2019-07-15 13:52:48,253 INFO  server.RaftServerConfigKeys (ConfUtils.java:logGet(43)) - raft.server.log.segment.size.max = 1048576 (custom)
2019-07-15 13:52:48,253 INFO  server.RaftServerConfigKeys (ConfUtils.java:logGet(43)) - raft.server.log.segment.cache.num.max = 2 (custom)
2019-07-15 13:52:48,253 INFO  segmented.SegmentedRaftLogWorker (SegmentedRaftLogWorker.java:<init>(172)) - new b8a3af71-a580-4ddb-8d0c-604124d85cde-SegmentedRaftLogWorker:Storage Directory /workdir/hadoop-ozone/integration-test/target/test-dir/MiniOzoneClusterImpl-57b11f44-691f-4099-bd84-7690158c8d61/datanode-6/data/ratis/bde1ba15-a370-4d0d-bf69-4998123d2fe0 for RaftStorage:Storage Directory /workdir/hadoop-ozone/integration-test/target/test-dir/MiniOzoneClusterImpl-57b11f44-691f-4099-bd84-7690158c8d61/datanode-6/data/ratis/bde1ba15-a370-4d0d-bf69-4998123d2fe0
2019-07-15 13:52:48,254 INFO  server.RaftServerConfigKeys (ConfUtils.java:logGet(43)) - raft.server.log.queue.byte-limit = 2147483647 (custom)
2019-07-15 13:52:48,254 INFO  server.RaftServerConfigKeys (ConfUtils.java:logGet(43)) - raft.server.log.queue.element-limit = 1024 (custom)
2019-07-15 13:52:48,254 INFO  server.RaftServerConfigKeys (ConfUtils.java:logGet(43)) - raft.server.log.segment.size.max = 1048576 (custom)
2019-07-15 13:52:48,254 INFO  server.RaftServerConfigKeys (ConfUtils.java:logGet(43)) - raft.server.log.preallocated.size = 16384 (custom)
2019-07-15 13:52:48,254 INFO  server.RaftServerConfigKeys (ConfUtils.java:logGet(43)) - raft.server.log.write.buffer.size = 33554432 (custom)
2019-07-15 13:52:48,255 INFO  server.RaftServerConfigKeys (ConfUtils.java:logGet(43)) - raft.server.log.force.sync.num = 128 (default)
2019-07-15 13:52:48,255 INFO  server.RaftServerConfigKeys (ConfUtils.java:logGet(43)) - raft.server.log.statemachine.data.sync = true (default)
2019-07-15 13:52:48,255 INFO  server.RaftServerConfigKeys (ConfUtils.java:logGet(43)) - raft.server.log.statemachine.data.sync.timeout = 10s (default)
2019-07-15 13:52:48,255 INFO  server.RaftServerConfigKeys (ConfUtils.java:logGet(43)) - raft.server.log.statemachine.data.sync.timeout.retry = -1 (default)
2019-07-15 13:52:48,255 INFO  server.RaftServerConfigKeys (ConfUtils.java:logGet(43)) - raft.server.log.statemachine.data.caching.enabled = true (custom)
2019-07-15 13:52:48,256 INFO  segmented.SegmentedRaftLogWorker (SegmentedRaftLogWorker.java:lambda$new$0(132)) - b8a3af71-a580-4ddb-8d0c-604124d85cde-SegmentedRaftLogWorker:Storage Directory /workdir/hadoop-ozone/integration-test/target/test-dir/MiniOzoneClusterImpl-57b11f44-691f-4099-bd84-7690158c8d61/datanode-6/data/ratis/bde1ba15-a370-4d0d-bf69-4998123d2fe0: flushIndex: setUnconditionally 0 -> -1
2019-07-15 13:52:48,256 INFO  server.RaftServerConfigKeys (ConfUtils.java:logGet(43)) - raft.server.snapshot.auto.trigger.enabled = true (custom)
2019-07-15 13:52:48,256 INFO  server.RaftServerConfigKeys (ConfUtils.java:logGet(43)) - raft.server.snapshot.auto.trigger.threshold = 10000 (custom)
2019-07-15 13:52:48,256 INFO  server.RaftServerConfigKeys (ConfUtils.java:logGet(43)) - raft.server.retrycache.expirytime = 600000ms (custom)
2019-07-15 13:52:48,257 INFO  impl.RaftServerImpl (RaftServerImpl.java:start(180)) - b8a3af71-a580-4ddb-8d0c-604124d85cde: start group-4998123D2FE0
2019-07-15 13:52:48,257 INFO  impl.RaftServerImpl (RaftServerImpl.java:setRole(171)) - b8a3af71-a580-4ddb-8d0c-604124d85cde:group-4998123D2FE0 changes role from null to FOLLOWER at term 0 for startAsFollower
2019-07-15 13:52:48,257 INFO  impl.RoleInfo (RoleInfo.java:updateAndGet(143)) - b8a3af71-a580-4ddb-8d0c-604124d85cde: start FollowerState
2019-07-15 13:52:48,257 INFO  util.JmxRegister (JmxRegister.java:tryRegister(44)) - Successfully registered JMX Bean with object name Ratis:service=RaftServer,group=group-4998123D2FE0,id=b8a3af71-a580-4ddb-8d0c-604124d85cde
2019-07-15 13:52:48,260 INFO  pipeline.PipelineStateManager (PipelineStateManager.java:addPipeline(56)) - Created pipeline Pipeline[ Id: bde1ba15-a370-4d0d-bf69-4998123d2fe0, Nodes: b8a3af71-a580-4ddb-8d0c-604124d85cde{ip: 192.168.157.240, host: trunk-nightly-hvlc9-701369690, networkLocation: /default-rack, certSerialId: null}, Type:RATIS, Factor:ONE, State:OPEN]
2019-07-15 13:52:49,205 INFO  ozone.MiniOzoneClusterImpl (MiniOzoneClusterImpl.java:lambda$waitForClusterToBeReady$0(142)) - Cluster is ready. Got 7 of 7 DN Heartbeats.
2019-07-15 13:52:49,243 INFO  rpc.RpcClient (RpcClient.java:createVolume(287)) - Creating Volume: testblockoutputstream, with jenkins1000 as owner.
2019-07-15 13:52:49,274 INFO  rpc.RpcClient (RpcClient.java:createBucket(424)) - Creating Bucket: testblockoutputstream/testblockoutputstream, with Versioning false and Storage Type set to DISK and Encryption set to false 
2019-07-15 13:52:49,305 INFO  client.GrpcClientProtocolClient (GrpcClientProtocolClient.java:onNext(255)) - client-18070D564618->5f1961c3-0311-4368-b10b-6dd07ca7e99b: receive RaftClientReply:client-18070D564618->5f1961c3-0311-4368-b10b-6dd07ca7e99b@group-99367B1CF06F, cid=141, FAILED org.apache.ratis.protocol.NotLeaderException: Server 5f1961c3-0311-4368-b10b-6dd07ca7e99b is not the leader (null). Request must be sent to leader., logIndex=0, commits[5f1961c3-0311-4368-b10b-6dd07ca7e99b:c-1]
2019-07-15 13:52:50,090 INFO  container.ReplicationManager (ReplicationManager.java:start(155)) - Starting Replication Monitor Thread.
2019-07-15 13:52:50,095 INFO  container.ReplicationManager (ReplicationManager.java:run(207)) - Replication Monitor Thread took 0 milliseconds for processing 1 containers.
2019-07-15 13:52:51,327 INFO  client.GrpcClientProtocolClient (GrpcClientProtocolClient.java:onNext(255)) - client-18070D564618->5f1961c3-0311-4368-b10b-6dd07ca7e99b: receive RaftClientReply:client-18070D564618->5f1961c3-0311-4368-b10b-6dd07ca7e99b@group-99367B1CF06F, cid=141, FAILED org.apache.ratis.protocol.NotLeaderException: Server 5f1961c3-0311-4368-b10b-6dd07ca7e99b is not the leader (null). Request must be sent to leader., logIndex=0, commits[5f1961c3-0311-4368-b10b-6dd07ca7e99b:c-1]
2019-07-15 13:52:52,196 INFO  impl.FollowerState (FollowerState.java:run(106)) - 54ab0f06-ba9b-4124-99a5-49ffebe21645:group-498B03878735 changes to CANDIDATE, lastRpcTime:5048, electionTimeout:5048ms
2019-07-15 13:52:52,196 INFO  impl.RoleInfo (RoleInfo.java:shutdownFollowerState(121)) - 54ab0f06-ba9b-4124-99a5-49ffebe21645: shutdown FollowerState
2019-07-15 13:52:52,197 INFO  impl.RaftServerImpl (RaftServerImpl.java:setRole(171)) - 54ab0f06-ba9b-4124-99a5-49ffebe21645:group-498B03878735 changes role from FOLLOWER to CANDIDATE at term 0 for changeToCandidate
2019-07-15 13:52:52,197 INFO  impl.RoleInfo (RoleInfo.java:updateAndGet(143)) - 54ab0f06-ba9b-4124-99a5-49ffebe21645: start LeaderElection
2019-07-15 13:52:52,219 INFO  impl.LeaderElection (LeaderElection.java:askForVotes(181)) - 54ab0f06-ba9b-4124-99a5-49ffebe21645:group-498B03878735:LeaderElection48: begin an election at term 1 for -1: [54ab0f06-ba9b-4124-99a5-49ffebe21645:192.168.157.240:36156], old=null
2019-07-15 13:52:52,220 INFO  impl.RoleInfo (RoleInfo.java:shutdownLeaderElection(134)) - 54ab0f06-ba9b-4124-99a5-49ffebe21645: shutdown LeaderElection
2019-07-15 13:52:52,220 INFO  impl.RaftServerImpl (RaftServerImpl.java:setRole(171)) - 54ab0f06-ba9b-4124-99a5-49ffebe21645:group-498B03878735 changes role from CANDIDATE to LEADER at term 1 for changeToLeader
2019-07-15 13:52:52,220 INFO  impl.RaftServerImpl (ServerState.java:setLeader(263)) - 54ab0f06-ba9b-4124-99a5-49ffebe21645:group-498B03878735 change Leader from null to 54ab0f06-ba9b-4124-99a5-49ffebe21645 at term 1 for becomeLeader, leader elected after 5077ms
2019-07-15 13:52:52,223 INFO  server.RaftServerConfigKeys (ConfUtils.java:logGet(43)) - raft.server.staging.catchup.gap = 1000 (default)
2019-07-15 13:52:52,223 INFO  server.RaftServerConfigKeys (ConfUtils.java:logGet(43)) - raft.server.rpc.sleep.time = 25ms (default)
2019-07-15 13:52:52,223 INFO  server.RaftServerConfigKeys (ConfUtils.java:logGet(43)) - raft.server.write.element-limit = 4096 (default)
2019-07-15 13:52:52,223 INFO  server.RaftServerConfigKeys (ConfUtils.java:logGet(43)) - raft.server.watch.timeout = 10s (default)
2019-07-15 13:52:52,224 INFO  server.RaftServerConfigKeys (ConfUtils.java:logGet(43)) - raft.server.watch.timeout.denomination = 1s (default)
2019-07-15 13:52:52,224 INFO  server.RaftServerConfigKeys (ConfUtils.java:logGet(43)) - raft.server.watch.element-limit = 65536 (default)
2019-07-15 13:52:52,224 INFO  impl.RoleInfo (RoleInfo.java:updateAndGet(143)) - 54ab0f06-ba9b-4124-99a5-49ffebe21645: start LeaderState
2019-07-15 13:52:52,225 INFO  segmented.SegmentedRaftLogWorker (SegmentedRaftLogWorker.java:startLogSegment(380)) - 54ab0f06-ba9b-4124-99a5-49ffebe21645-SegmentedRaftLogWorker:Storage Directory /workdir/hadoop-ozone/integration-test/target/test-dir/MiniOzoneClusterImpl-57b11f44-691f-4099-bd84-7690158c8d61/datanode-0/data/ratis/25887758-1af6-4d61-8a50-498b03878735: Starting segment from index:0
2019-07-15 13:52:52,226 INFO  impl.RaftServerImpl (ServerState.java:setRaftConf(361)) - 54ab0f06-ba9b-4124-99a5-49ffebe21645:group-498B03878735 set configuration 0: [54ab0f06-ba9b-4124-99a5-49ffebe21645:192.168.157.240:36156], old=null at 0
2019-07-15 13:52:52,257 INFO  segmented.SegmentedRaftLogWorker (SegmentedRaftLogWorker.java:execute(569)) - 54ab0f06-ba9b-4124-99a5-49ffebe21645-SegmentedRaftLogWorker:Storage Directory /workdir/hadoop-ozone/integration-test/target/test-dir/MiniOzoneClusterImpl-57b11f44-691f-4099-bd84-7690158c8d61/datanode-0/data/ratis/25887758-1af6-4d61-8a50-498b03878735: created new log segment /workdir/hadoop-ozone/integration-test/target/test-dir/MiniOzoneClusterImpl-57b11f44-691f-4099-bd84-7690158c8d61/datanode-0/data/ratis/25887758-1af6-4d61-8a50-498b03878735/current/log_inprogress_0
2019-07-15 13:52:52,388 INFO  impl.FollowerState (FollowerState.java:run(106)) - 5f1961c3-0311-4368-b10b-6dd07ca7e99b:group-99367B1CF06F changes to CANDIDATE, lastRpcTime:5100, electionTimeout:5100ms
2019-07-15 13:52:52,388 INFO  impl.RoleInfo (RoleInfo.java:shutdownFollowerState(121)) - 5f1961c3-0311-4368-b10b-6dd07ca7e99b: shutdown FollowerState
2019-07-15 13:52:52,388 INFO  impl.RaftServerImpl (RaftServerImpl.java:setRole(171)) - 5f1961c3-0311-4368-b10b-6dd07ca7e99b:group-99367B1CF06F changes role from FOLLOWER to CANDIDATE at term 0 for changeToCandidate
2019-07-15 13:52:52,389 INFO  impl.RoleInfo (RoleInfo.java:updateAndGet(143)) - 5f1961c3-0311-4368-b10b-6dd07ca7e99b: start LeaderElection
2019-07-15 13:52:52,419 INFO  impl.LeaderElection (LeaderElection.java:askForVotes(181)) - 5f1961c3-0311-4368-b10b-6dd07ca7e99b:group-99367B1CF06F:LeaderElection49: begin an election at term 1 for -1: [5f1961c3-0311-4368-b10b-6dd07ca7e99b:192.168.157.240:41860], old=null
2019-07-15 13:52:52,419 INFO  impl.RoleInfo (RoleInfo.java:shutdownLeaderElection(134)) - 5f1961c3-0311-4368-b10b-6dd07ca7e99b: shutdown LeaderElection
2019-07-15 13:52:52,419 INFO  impl.RaftServerImpl (RaftServerImpl.java:setRole(171)) - 5f1961c3-0311-4368-b10b-6dd07ca7e99b:group-99367B1CF06F changes role from CANDIDATE to LEADER at term 1 for changeToLeader
2019-07-15 13:52:52,419 INFO  impl.RaftServerImpl (ServerState.java:setLeader(263)) - 5f1961c3-0311-4368-b10b-6dd07ca7e99b:group-99367B1CF06F change Leader from null to 5f1961c3-0311-4368-b10b-6dd07ca7e99b at term 1 for becomeLeader, leader elected after 5135ms
2019-07-15 13:52:52,422 INFO  server.RaftServerConfigKeys (ConfUtils.java:logGet(43)) - raft.server.staging.catchup.gap = 1000 (default)
2019-07-15 13:52:52,422 INFO  server.RaftServerConfigKeys (ConfUtils.java:logGet(43)) - raft.server.rpc.sleep.time = 25ms (default)
2019-07-15 13:52:52,422 INFO  server.RaftServerConfigKeys (ConfUtils.java:logGet(43)) - raft.server.write.element-limit = 4096 (default)
2019-07-15 13:52:52,422 INFO  server.RaftServerConfigKeys (ConfUtils.java:logGet(43)) - raft.server.watch.timeout = 10s (default)
2019-07-15 13:52:52,422 INFO  server.RaftServerConfigKeys (ConfUtils.java:logGet(43)) - raft.server.watch.timeout.denomination = 1s (default)
2019-07-15 13:52:52,423 INFO  server.RaftServerConfigKeys (ConfUtils.java:logGet(43)) - raft.server.watch.element-limit = 65536 (default)
2019-07-15 13:52:52,423 INFO  impl.RoleInfo (RoleInfo.java:updateAndGet(143)) - 5f1961c3-0311-4368-b10b-6dd07ca7e99b: start LeaderState
2019-07-15 13:52:52,423 INFO  segmented.SegmentedRaftLogWorker (SegmentedRaftLogWorker.java:startLogSegment(380)) - 5f1961c3-0311-4368-b10b-6dd07ca7e99b-SegmentedRaftLogWorker:Storage Directory /workdir/hadoop-ozone/integration-test/target/test-dir/MiniOzoneClusterImpl-57b11f44-691f-4099-bd84-7690158c8d61/datanode-1/data/ratis/cf57ce9b-0c3b-407e-b8d3-99367b1cf06f: Starting segment from index:0
2019-07-15 13:52:52,424 INFO  impl.RaftServerImpl (ServerState.java:setRaftConf(361)) - 5f1961c3-0311-4368-b10b-6dd07ca7e99b:group-99367B1CF06F set configuration 0: [5f1961c3-0311-4368-b10b-6dd07ca7e99b:192.168.157.240:41860], old=null at 0
2019-07-15 13:52:52,447 INFO  segmented.SegmentedRaftLogWorker (SegmentedRaftLogWorker.java:execute(569)) - 5f1961c3-0311-4368-b10b-6dd07ca7e99b-SegmentedRaftLogWorker:Storage Directory /workdir/hadoop-ozone/integration-test/target/test-dir/MiniOzoneClusterImpl-57b11f44-691f-4099-bd84-7690158c8d61/datanode-1/data/ratis/cf57ce9b-0c3b-407e-b8d3-99367b1cf06f: created new log segment /workdir/hadoop-ozone/integration-test/target/test-dir/MiniOzoneClusterImpl-57b11f44-691f-4099-bd84-7690158c8d61/datanode-1/data/ratis/cf57ce9b-0c3b-407e-b8d3-99367b1cf06f/current/log_inprogress_0
2019-07-15 13:52:52,528 INFO  impl.FollowerState (FollowerState.java:run(106)) - 67c28ded-b679-425b-8317-1aa30c7b7865:group-1CDFFEEA6117 changes to CANDIDATE, lastRpcTime:5042, electionTimeout:5042ms
2019-07-15 13:52:52,528 INFO  impl.RoleInfo (RoleInfo.java:shutdownFollowerState(121)) - 67c28ded-b679-425b-8317-1aa30c7b7865: shutdown FollowerState
2019-07-15 13:52:52,529 INFO  impl.RaftServerImpl (RaftServerImpl.java:setRole(171)) - 67c28ded-b679-425b-8317-1aa30c7b7865:group-1CDFFEEA6117 changes role from FOLLOWER to CANDIDATE at term 0 for changeToCandidate
2019-07-15 13:52:52,529 INFO  impl.RoleInfo (RoleInfo.java:updateAndGet(143)) - 67c28ded-b679-425b-8317-1aa30c7b7865: start LeaderElection
2019-07-15 13:52:52,550 INFO  impl.LeaderElection (LeaderElection.java:askForVotes(181)) - 67c28ded-b679-425b-8317-1aa30c7b7865:group-1CDFFEEA6117:LeaderElection50: begin an election at term 1 for -1: [67c28ded-b679-425b-8317-1aa30c7b7865:192.168.157.240:34182], old=null
2019-07-15 13:52:52,550 INFO  impl.RoleInfo (RoleInfo.java:shutdownLeaderElection(134)) - 67c28ded-b679-425b-8317-1aa30c7b7865: shutdown LeaderElection
2019-07-15 13:52:52,550 INFO  impl.RaftServerImpl (RaftServerImpl.java:setRole(171)) - 67c28ded-b679-425b-8317-1aa30c7b7865:group-1CDFFEEA6117 changes role from CANDIDATE to LEADER at term 1 for changeToLeader
2019-07-15 13:52:52,550 INFO  impl.RaftServerImpl (ServerState.java:setLeader(263)) - 67c28ded-b679-425b-8317-1aa30c7b7865:group-1CDFFEEA6117 change Leader from null to 67c28ded-b679-425b-8317-1aa30c7b7865 at term 1 for becomeLeader, leader elected after 5069ms
2019-07-15 13:52:52,552 INFO  server.RaftServerConfigKeys (ConfUtils.java:logGet(43)) - raft.server.staging.catchup.gap = 1000 (default)
2019-07-15 13:52:52,553 INFO  server.RaftServerConfigKeys (ConfUtils.java:logGet(43)) - raft.server.rpc.sleep.time = 25ms (default)
2019-07-15 13:52:52,553 INFO  server.RaftServerConfigKeys (ConfUtils.java:logGet(43)) - raft.server.write.element-limit = 4096 (default)
2019-07-15 13:52:52,553 INFO  server.RaftServerConfigKeys (ConfUtils.java:logGet(43)) - raft.server.watch.timeout = 10s (default)
2019-07-15 13:52:52,553 INFO  server.RaftServerConfigKeys (ConfUtils.java:logGet(43)) - raft.server.watch.timeout.denomination = 1s (default)
2019-07-15 13:52:52,553 INFO  server.RaftServerConfigKeys (ConfUtils.java:logGet(43)) - raft.server.watch.element-limit = 65536 (default)
2019-07-15 13:52:52,553 INFO  impl.RoleInfo (RoleInfo.java:updateAndGet(143)) - 67c28ded-b679-425b-8317-1aa30c7b7865: start LeaderState
2019-07-15 13:52:52,554 INFO  segmented.SegmentedRaftLogWorker (SegmentedRaftLogWorker.java:startLogSegment(380)) - 67c28ded-b679-425b-8317-1aa30c7b7865-SegmentedRaftLogWorker:Storage Directory /workdir/hadoop-ozone/integration-test/target/test-dir/MiniOzoneClusterImpl-57b11f44-691f-4099-bd84-7690158c8d61/datanode-2/data/ratis/644d51d8-30d4-4036-8dc5-1cdffeea6117: Starting segment from index:0
2019-07-15 13:52:52,554 INFO  impl.RaftServerImpl (ServerState.java:setRaftConf(361)) - 67c28ded-b679-425b-8317-1aa30c7b7865:group-1CDFFEEA6117 set configuration 0: [67c28ded-b679-425b-8317-1aa30c7b7865:192.168.157.240:34182], old=null at 0
2019-07-15 13:52:52,559 INFO  impl.FollowerState (FollowerState.java:run(106)) - 5f1961c3-0311-4368-b10b-6dd07ca7e99b:group-1BB46EE69953 changes to CANDIDATE, lastRpcTime:5013, electionTimeout:5013ms
2019-07-15 13:52:52,559 INFO  impl.RoleInfo (RoleInfo.java:shutdownFollowerState(121)) - 5f1961c3-0311-4368-b10b-6dd07ca7e99b: shutdown FollowerState
2019-07-15 13:52:52,560 INFO  impl.RaftServerImpl (RaftServerImpl.java:setRole(171)) - 5f1961c3-0311-4368-b10b-6dd07ca7e99b:group-1BB46EE69953 changes role from FOLLOWER to CANDIDATE at term 0 for changeToCandidate
2019-07-15 13:52:52,560 INFO  impl.RoleInfo (RoleInfo.java:updateAndGet(143)) - 5f1961c3-0311-4368-b10b-6dd07ca7e99b: start LeaderElection
2019-07-15 13:52:52,575 INFO  impl.FollowerState (FollowerState.java:run(106)) - 54ab0f06-ba9b-4124-99a5-49ffebe21645:group-1BB46EE69953 changes to CANDIDATE, lastRpcTime:5029, electionTimeout:5024ms
2019-07-15 13:52:52,580 INFO  impl.FollowerState (FollowerState.java:run(106)) - 67c28ded-b679-425b-8317-1aa30c7b7865:group-1BB46EE69953 changes to CANDIDATE, lastRpcTime:5039, electionTimeout:5038ms
2019-07-15 13:52:52,580 INFO  impl.RoleInfo (RoleInfo.java:shutdownFollowerState(121)) - 54ab0f06-ba9b-4124-99a5-49ffebe21645: shutdown FollowerState
2019-07-15 13:52:52,580 INFO  impl.RoleInfo (RoleInfo.java:shutdownFollowerState(121)) - 67c28ded-b679-425b-8317-1aa30c7b7865: shutdown FollowerState
2019-07-15 13:52:52,580 INFO  impl.RaftServerImpl (RaftServerImpl.java:setRole(171)) - 54ab0f06-ba9b-4124-99a5-49ffebe21645:group-1BB46EE69953 changes role from FOLLOWER to CANDIDATE at term 0 for changeToCandidate
2019-07-15 13:52:52,580 INFO  impl.RaftServerImpl (RaftServerImpl.java:setRole(171)) - 67c28ded-b679-425b-8317-1aa30c7b7865:group-1BB46EE69953 changes role from FOLLOWER to CANDIDATE at term 0 for changeToCandidate
2019-07-15 13:52:52,580 INFO  impl.RoleInfo (RoleInfo.java:updateAndGet(143)) - 54ab0f06-ba9b-4124-99a5-49ffebe21645: start LeaderElection
2019-07-15 13:52:52,580 INFO  impl.RoleInfo (RoleInfo.java:updateAndGet(143)) - 67c28ded-b679-425b-8317-1aa30c7b7865: start LeaderElection
2019-07-15 13:52:52,595 INFO  segmented.SegmentedRaftLogWorker (SegmentedRaftLogWorker.java:execute(569)) - 67c28ded-b679-425b-8317-1aa30c7b7865-SegmentedRaftLogWorker:Storage Directory /workdir/hadoop-ozone/integration-test/target/test-dir/MiniOzoneClusterImpl-57b11f44-691f-4099-bd84-7690158c8d61/datanode-2/data/ratis/644d51d8-30d4-4036-8dc5-1cdffeea6117: created new log segment /workdir/hadoop-ozone/integration-test/target/test-dir/MiniOzoneClusterImpl-57b11f44-691f-4099-bd84-7690158c8d61/datanode-2/data/ratis/644d51d8-30d4-4036-8dc5-1cdffeea6117/current/log_inprogress_0
2019-07-15 13:52:52,597 INFO  impl.LeaderElection (LeaderElection.java:askForVotes(181)) - 5f1961c3-0311-4368-b10b-6dd07ca7e99b:group-1BB46EE69953:LeaderElection51: begin an election at term 1 for -1: [54ab0f06-ba9b-4124-99a5-49ffebe21645:192.168.157.240:36156, 67c28ded-b679-425b-8317-1aa30c7b7865:192.168.157.240:34182, 5f1961c3-0311-4368-b10b-6dd07ca7e99b:192.168.157.240:41860], old=null
2019-07-15 13:52:52,613 INFO  impl.LeaderElection (LeaderElection.java:askForVotes(181)) - 54ab0f06-ba9b-4124-99a5-49ffebe21645:group-1BB46EE69953:LeaderElection52: begin an election at term 1 for -1: [54ab0f06-ba9b-4124-99a5-49ffebe21645:192.168.157.240:36156, 67c28ded-b679-425b-8317-1aa30c7b7865:192.168.157.240:34182, 5f1961c3-0311-4368-b10b-6dd07ca7e99b:192.168.157.240:41860], old=null
2019-07-15 13:52:52,613 INFO  impl.LeaderElection (LeaderElection.java:askForVotes(181)) - 67c28ded-b679-425b-8317-1aa30c7b7865:group-1BB46EE69953:LeaderElection53: begin an election at term 1 for -1: [54ab0f06-ba9b-4124-99a5-49ffebe21645:192.168.157.240:36156, 67c28ded-b679-425b-8317-1aa30c7b7865:192.168.157.240:34182, 5f1961c3-0311-4368-b10b-6dd07ca7e99b:192.168.157.240:41860], old=null
2019-07-15 13:52:52,615 INFO  impl.LeaderElection (LeaderElection.java:logAndReturn(56)) - 5f1961c3-0311-4368-b10b-6dd07ca7e99b:group-1BB46EE69953:LeaderElection51: Election REJECTED; received 2 response(s) [5f1961c3-0311-4368-b10b-6dd07ca7e99b<-54ab0f06-ba9b-4124-99a5-49ffebe21645#0:FAIL-t1, 5f1961c3-0311-4368-b10b-6dd07ca7e99b<-67c28ded-b679-425b-8317-1aa30c7b7865#0:FAIL-t1] and 0 exception(s); 5f1961c3-0311-4368-b10b-6dd07ca7e99b:t1, leader=null, voted=5f1961c3-0311-4368-b10b-6dd07ca7e99b, raftlog=5f1961c3-0311-4368-b10b-6dd07ca7e99b-SegmentedRaftLog:OPENED:c-1,f-1,i0, conf=-1: [54ab0f06-ba9b-4124-99a5-49ffebe21645:192.168.157.240:36156, 67c28ded-b679-425b-8317-1aa30c7b7865:192.168.157.240:34182, 5f1961c3-0311-4368-b10b-6dd07ca7e99b:192.168.157.240:41860], old=null
2019-07-15 13:52:52,615 INFO  impl.RaftServerImpl (RaftServerImpl.java:setRole(171)) - 5f1961c3-0311-4368-b10b-6dd07ca7e99b:group-1BB46EE69953 changes role from CANDIDATE to FOLLOWER at term 1 for DISCOVERED_A_NEW_TERM
2019-07-15 13:52:52,615 INFO  impl.RoleInfo (RoleInfo.java:shutdownLeaderElection(134)) - 5f1961c3-0311-4368-b10b-6dd07ca7e99b: shutdown LeaderElection
2019-07-15 13:52:52,616 INFO  impl.RoleInfo (RoleInfo.java:updateAndGet(143)) - 5f1961c3-0311-4368-b10b-6dd07ca7e99b: start FollowerState
2019-07-15 13:52:52,618 INFO  impl.LeaderElection (LeaderElection.java:logAndReturn(56)) - 54ab0f06-ba9b-4124-99a5-49ffebe21645:group-1BB46EE69953:LeaderElection52: Election REJECTED; received 2 response(s) [54ab0f06-ba9b-4124-99a5-49ffebe21645<-67c28ded-b679-425b-8317-1aa30c7b7865#0:FAIL-t1, 54ab0f06-ba9b-4124-99a5-49ffebe21645<-5f1961c3-0311-4368-b10b-6dd07ca7e99b#0:FAIL-t1] and 0 exception(s); 54ab0f06-ba9b-4124-99a5-49ffebe21645:t1, leader=null, voted=54ab0f06-ba9b-4124-99a5-49ffebe21645, raftlog=54ab0f06-ba9b-4124-99a5-49ffebe21645-SegmentedRaftLog:OPENED:c-1,f-1,i0, conf=-1: [54ab0f06-ba9b-4124-99a5-49ffebe21645:192.168.157.240:36156, 67c28ded-b679-425b-8317-1aa30c7b7865:192.168.157.240:34182, 5f1961c3-0311-4368-b10b-6dd07ca7e99b:192.168.157.240:41860], old=null
2019-07-15 13:52:52,619 INFO  impl.RaftServerImpl (RaftServerImpl.java:setRole(171)) - 54ab0f06-ba9b-4124-99a5-49ffebe21645:group-1BB46EE69953 changes role from CANDIDATE to FOLLOWER at term 1 for DISCOVERED_A_NEW_TERM
2019-07-15 13:52:52,619 INFO  impl.LeaderElection (LeaderElection.java:logAndReturn(56)) - 67c28ded-b679-425b-8317-1aa30c7b7865:group-1BB46EE69953:LeaderElection53: Election REJECTED; received 2 response(s) [67c28ded-b679-425b-8317-1aa30c7b7865<-54ab0f06-ba9b-4124-99a5-49ffebe21645#0:FAIL-t1, 67c28ded-b679-425b-8317-1aa30c7b7865<-5f1961c3-0311-4368-b10b-6dd07ca7e99b#0:FAIL-t1] and 0 exception(s); 67c28ded-b679-425b-8317-1aa30c7b7865:t1, leader=null, voted=67c28ded-b679-425b-8317-1aa30c7b7865, raftlog=67c28ded-b679-425b-8317-1aa30c7b7865-SegmentedRaftLog:OPENED:c-1,f-1,i0, conf=-1: [54ab0f06-ba9b-4124-99a5-49ffebe21645:192.168.157.240:36156, 67c28ded-b679-425b-8317-1aa30c7b7865:192.168.157.240:34182, 5f1961c3-0311-4368-b10b-6dd07ca7e99b:192.168.157.240:41860], old=null
2019-07-15 13:52:52,619 INFO  impl.RoleInfo (RoleInfo.java:shutdownLeaderElection(134)) - 54ab0f06-ba9b-4124-99a5-49ffebe21645: shutdown LeaderElection
2019-07-15 13:52:52,619 INFO  impl.RaftServerImpl (RaftServerImpl.java:setRole(171)) - 67c28ded-b679-425b-8317-1aa30c7b7865:group-1BB46EE69953 changes role from CANDIDATE to FOLLOWER at term 1 for DISCOVERED_A_NEW_TERM
2019-07-15 13:52:52,619 INFO  impl.RoleInfo (RoleInfo.java:updateAndGet(143)) - 54ab0f06-ba9b-4124-99a5-49ffebe21645: start FollowerState
2019-07-15 13:52:52,619 INFO  impl.RoleInfo (RoleInfo.java:shutdownLeaderElection(134)) - 67c28ded-b679-425b-8317-1aa30c7b7865: shutdown LeaderElection
2019-07-15 13:52:52,619 INFO  impl.RoleInfo (RoleInfo.java:updateAndGet(143)) - 67c28ded-b679-425b-8317-1aa30c7b7865: start FollowerState
2019-07-15 13:52:52,709 INFO  impl.FollowerState (FollowerState.java:run(106)) - 69b822ba-735c-4922-a471-76e0959298b4:group-EF22967EEB3F changes to CANDIDATE, lastRpcTime:5044, electionTimeout:5044ms
2019-07-15 13:52:52,709 INFO  impl.RoleInfo (RoleInfo.java:shutdownFollowerState(121)) - 69b822ba-735c-4922-a471-76e0959298b4: shutdown FollowerState
2019-07-15 13:52:52,709 INFO  impl.RaftServerImpl (RaftServerImpl.java:setRole(171)) - 69b822ba-735c-4922-a471-76e0959298b4:group-EF22967EEB3F changes role from FOLLOWER to CANDIDATE at term 0 for changeToCandidate
2019-07-15 13:52:52,709 INFO  impl.RoleInfo (RoleInfo.java:updateAndGet(143)) - 69b822ba-735c-4922-a471-76e0959298b4: start LeaderElection
2019-07-15 13:52:52,727 INFO  impl.LeaderElection (LeaderElection.java:askForVotes(181)) - 69b822ba-735c-4922-a471-76e0959298b4:group-EF22967EEB3F:LeaderElection54: begin an election at term 1 for -1: [69b822ba-735c-4922-a471-76e0959298b4:192.168.157.240:34315], old=null
2019-07-15 13:52:52,727 INFO  impl.RoleInfo (RoleInfo.java:shutdownLeaderElection(134)) - 69b822ba-735c-4922-a471-76e0959298b4: shutdown LeaderElection
2019-07-15 13:52:52,727 INFO  impl.RaftServerImpl (RaftServerImpl.java:setRole(171)) - 69b822ba-735c-4922-a471-76e0959298b4:group-EF22967EEB3F changes role from CANDIDATE to LEADER at term 1 for changeToLeader
2019-07-15 13:52:52,727 INFO  impl.RaftServerImpl (ServerState.java:setLeader(263)) - 69b822ba-735c-4922-a471-76e0959298b4:group-EF22967EEB3F change Leader from null to 69b822ba-735c-4922-a471-76e0959298b4 at term 1 for becomeLeader, leader elected after 5066ms
2019-07-15 13:52:52,729 INFO  server.RaftServerConfigKeys (ConfUtils.java:logGet(43)) - raft.server.staging.catchup.gap = 1000 (default)
2019-07-15 13:52:52,729 INFO  server.RaftServerConfigKeys (ConfUtils.java:logGet(43)) - raft.server.rpc.sleep.time = 25ms (default)
2019-07-15 13:52:52,729 INFO  server.RaftServerConfigKeys (ConfUtils.java:logGet(43)) - raft.server.write.element-limit = 4096 (default)
2019-07-15 13:52:52,730 INFO  server.RaftServerConfigKeys (ConfUtils.java:logGet(43)) - raft.server.watch.timeout = 10s (default)
2019-07-15 13:52:52,730 INFO  server.RaftServerConfigKeys (ConfUtils.java:logGet(43)) - raft.server.watch.timeout.denomination = 1s (default)
2019-07-15 13:52:52,730 INFO  server.RaftServerConfigKeys (ConfUtils.java:logGet(43)) - raft.server.watch.element-limit = 65536 (default)
2019-07-15 13:52:52,730 INFO  impl.RoleInfo (RoleInfo.java:updateAndGet(143)) - 69b822ba-735c-4922-a471-76e0959298b4: start LeaderState
2019-07-15 13:52:52,730 INFO  segmented.SegmentedRaftLogWorker (SegmentedRaftLogWorker.java:startLogSegment(380)) - 69b822ba-735c-4922-a471-76e0959298b4-SegmentedRaftLogWorker:Storage Directory /workdir/hadoop-ozone/integration-test/target/test-dir/MiniOzoneClusterImpl-57b11f44-691f-4099-bd84-7690158c8d61/datanode-3/data/ratis/b5b1a3a1-280e-47b0-bb56-ef22967eeb3f: Starting segment from index:0
2019-07-15 13:52:52,731 INFO  impl.RaftServerImpl (ServerState.java:setRaftConf(361)) - 69b822ba-735c-4922-a471-76e0959298b4:group-EF22967EEB3F set configuration 0: [69b822ba-735c-4922-a471-76e0959298b4:192.168.157.240:34315], old=null at 0
2019-07-15 13:52:52,761 INFO  segmented.SegmentedRaftLogWorker (SegmentedRaftLogWorker.java:execute(569)) - 69b822ba-735c-4922-a471-76e0959298b4-SegmentedRaftLogWorker:Storage Directory /workdir/hadoop-ozone/integration-test/target/test-dir/MiniOzoneClusterImpl-57b11f44-691f-4099-bd84-7690158c8d61/datanode-3/data/ratis/b5b1a3a1-280e-47b0-bb56-ef22967eeb3f: created new log segment /workdir/hadoop-ozone/integration-test/target/test-dir/MiniOzoneClusterImpl-57b11f44-691f-4099-bd84-7690158c8d61/datanode-3/data/ratis/b5b1a3a1-280e-47b0-bb56-ef22967eeb3f/current/log_inprogress_0
2019-07-15 13:52:52,980 INFO  impl.FollowerState (FollowerState.java:run(106)) - 955117ab-e0a9-4328-8308-787f8c4c4d1c:group-DCB4B47E2A55 changes to CANDIDATE, lastRpcTime:5150, electionTimeout:5150ms
2019-07-15 13:52:52,980 INFO  impl.RoleInfo (RoleInfo.java:shutdownFollowerState(121)) - 955117ab-e0a9-4328-8308-787f8c4c4d1c: shutdown FollowerState
2019-07-15 13:52:52,980 INFO  impl.RaftServerImpl (RaftServerImpl.java:setRole(171)) - 955117ab-e0a9-4328-8308-787f8c4c4d1c:group-DCB4B47E2A55 changes role from FOLLOWER to CANDIDATE at term 0 for changeToCandidate
2019-07-15 13:52:52,981 INFO  impl.RoleInfo (RoleInfo.java:updateAndGet(143)) - 955117ab-e0a9-4328-8308-787f8c4c4d1c: start LeaderElection
2019-07-15 13:52:53,000 INFO  impl.LeaderElection (LeaderElection.java:askForVotes(181)) - 955117ab-e0a9-4328-8308-787f8c4c4d1c:group-DCB4B47E2A55:LeaderElection55: begin an election at term 1 for -1: [955117ab-e0a9-4328-8308-787f8c4c4d1c:192.168.157.240:44676], old=null
2019-07-15 13:52:53,000 INFO  impl.RoleInfo (RoleInfo.java:shutdownLeaderElection(134)) - 955117ab-e0a9-4328-8308-787f8c4c4d1c: shutdown LeaderElection
2019-07-15 13:52:53,000 INFO  impl.RaftServerImpl (RaftServerImpl.java:setRole(171)) - 955117ab-e0a9-4328-8308-787f8c4c4d1c:group-DCB4B47E2A55 changes role from CANDIDATE to LEADER at term 1 for changeToLeader
2019-07-15 13:52:53,000 INFO  impl.RaftServerImpl (ServerState.java:setLeader(263)) - 955117ab-e0a9-4328-8308-787f8c4c4d1c:group-DCB4B47E2A55 change Leader from null to 955117ab-e0a9-4328-8308-787f8c4c4d1c at term 1 for becomeLeader, leader elected after 5174ms
2019-07-15 13:52:53,003 INFO  server.RaftServerConfigKeys (ConfUtils.java:logGet(43)) - raft.server.staging.catchup.gap = 1000 (default)
2019-07-15 13:52:53,003 INFO  server.RaftServerConfigKeys (ConfUtils.java:logGet(43)) - raft.server.rpc.sleep.time = 25ms (default)
2019-07-15 13:52:53,003 INFO  server.RaftServerConfigKeys (ConfUtils.java:logGet(43)) - raft.server.write.element-limit = 4096 (default)
2019-07-15 13:52:53,003 INFO  server.RaftServerConfigKeys (ConfUtils.java:logGet(43)) - raft.server.watch.timeout = 10s (default)
2019-07-15 13:52:53,003 INFO  server.RaftServerConfigKeys (ConfUtils.java:logGet(43)) - raft.server.watch.timeout.denomination = 1s (default)
2019-07-15 13:52:53,003 INFO  server.RaftServerConfigKeys (ConfUtils.java:logGet(43)) - raft.server.watch.element-limit = 65536 (default)
2019-07-15 13:52:53,004 INFO  impl.RoleInfo (RoleInfo.java:updateAndGet(143)) - 955117ab-e0a9-4328-8308-787f8c4c4d1c: start LeaderState
2019-07-15 13:52:53,004 INFO  segmented.SegmentedRaftLogWorker (SegmentedRaftLogWorker.java:startLogSegment(380)) - 955117ab-e0a9-4328-8308-787f8c4c4d1c-SegmentedRaftLogWorker:Storage Directory /workdir/hadoop-ozone/integration-test/target/test-dir/MiniOzoneClusterImpl-57b11f44-691f-4099-bd84-7690158c8d61/datanode-4/data/ratis/9f5c3f72-1fba-4aad-813e-dcb4b47e2a55: Starting segment from index:0
2019-07-15 13:52:53,004 INFO  impl.RaftServerImpl (ServerState.java:setRaftConf(361)) - 955117ab-e0a9-4328-8308-787f8c4c4d1c:group-DCB4B47E2A55 set configuration 0: [955117ab-e0a9-4328-8308-787f8c4c4d1c:192.168.157.240:44676], old=null at 0
2019-07-15 13:52:53,035 INFO  segmented.SegmentedRaftLogWorker (SegmentedRaftLogWorker.java:execute(569)) - 955117ab-e0a9-4328-8308-787f8c4c4d1c-SegmentedRaftLogWorker:Storage Directory /workdir/hadoop-ozone/integration-test/target/test-dir/MiniOzoneClusterImpl-57b11f44-691f-4099-bd84-7690158c8d61/datanode-4/data/ratis/9f5c3f72-1fba-4aad-813e-dcb4b47e2a55: created new log segment /workdir/hadoop-ozone/integration-test/target/test-dir/MiniOzoneClusterImpl-57b11f44-691f-4099-bd84-7690158c8d61/datanode-4/data/ratis/9f5c3f72-1fba-4aad-813e-dcb4b47e2a55/current/log_inprogress_0
2019-07-15 13:52:53,174 INFO  impl.FollowerState (FollowerState.java:run(106)) - 6b52d340-8c41-4019-aa96-ad4e6eff3bc9:group-A04492F3B522 changes to CANDIDATE, lastRpcTime:5164, electionTimeout:5164ms
2019-07-15 13:52:53,174 INFO  impl.RoleInfo (RoleInfo.java:shutdownFollowerState(121)) - 6b52d340-8c41-4019-aa96-ad4e6eff3bc9: shutdown FollowerState
2019-07-15 13:52:53,174 INFO  impl.RaftServerImpl (RaftServerImpl.java:setRole(171)) - 6b52d340-8c41-4019-aa96-ad4e6eff3bc9:group-A04492F3B522 changes role from FOLLOWER to CANDIDATE at term 0 for changeToCandidate
2019-07-15 13:52:53,175 INFO  impl.RoleInfo (RoleInfo.java:updateAndGet(143)) - 6b52d340-8c41-4019-aa96-ad4e6eff3bc9: start LeaderElection
2019-07-15 13:52:53,209 INFO  impl.FollowerState (FollowerState.java:run(106)) - 6b52d340-8c41-4019-aa96-ad4e6eff3bc9:group-769CFCB53D6A changes to CANDIDATE, lastRpcTime:5131, electionTimeout:5131ms
2019-07-15 13:52:53,209 INFO  impl.RoleInfo (RoleInfo.java:shutdownFollowerState(121)) - 6b52d340-8c41-4019-aa96-ad4e6eff3bc9: shutdown FollowerState
2019-07-15 13:52:53,209 INFO  impl.RaftServerImpl (RaftServerImpl.java:setRole(171)) - 6b52d340-8c41-4019-aa96-ad4e6eff3bc9:group-769CFCB53D6A changes role from FOLLOWER to CANDIDATE at term 0 for changeToCandidate
2019-07-15 13:52:53,209 INFO  impl.RoleInfo (RoleInfo.java:updateAndGet(143)) - 6b52d340-8c41-4019-aa96-ad4e6eff3bc9: start LeaderElection
2019-07-15 13:52:53,214 INFO  impl.FollowerState (FollowerState.java:run(106)) - 69b822ba-735c-4922-a471-76e0959298b4:group-769CFCB53D6A changes to CANDIDATE, lastRpcTime:5137, electionTimeout:5136ms
2019-07-15 13:52:53,214 INFO  impl.RoleInfo (RoleInfo.java:shutdownFollowerState(121)) - 69b822ba-735c-4922-a471-76e0959298b4: shutdown FollowerState
2019-07-15 13:52:53,214 INFO  impl.RaftServerImpl (RaftServerImpl.java:setRole(171)) - 69b822ba-735c-4922-a471-76e0959298b4:group-769CFCB53D6A changes role from FOLLOWER to CANDIDATE at term 0 for changeToCandidate
2019-07-15 13:52:53,214 INFO  impl.RoleInfo (RoleInfo.java:updateAndGet(143)) - 69b822ba-735c-4922-a471-76e0959298b4: start LeaderElection
2019-07-15 13:52:53,220 INFO  impl.LeaderElection (LeaderElection.java:askForVotes(181)) - 6b52d340-8c41-4019-aa96-ad4e6eff3bc9:group-A04492F3B522:LeaderElection56: begin an election at term 1 for -1: [6b52d340-8c41-4019-aa96-ad4e6eff3bc9:192.168.157.240:38294], old=null
2019-07-15 13:52:53,220 INFO  impl.RoleInfo (RoleInfo.java:shutdownLeaderElection(134)) - 6b52d340-8c41-4019-aa96-ad4e6eff3bc9: shutdown LeaderElection
2019-07-15 13:52:53,221 INFO  impl.RaftServerImpl (RaftServerImpl.java:setRole(171)) - 6b52d340-8c41-4019-aa96-ad4e6eff3bc9:group-A04492F3B522 changes role from CANDIDATE to LEADER at term 1 for changeToLeader
2019-07-15 13:52:53,221 INFO  impl.RaftServerImpl (ServerState.java:setLeader(263)) - 6b52d340-8c41-4019-aa96-ad4e6eff3bc9:group-A04492F3B522 change Leader from null to 6b52d340-8c41-4019-aa96-ad4e6eff3bc9 at term 1 for becomeLeader, leader elected after 5215ms
2019-07-15 13:52:53,223 INFO  server.RaftServerConfigKeys (ConfUtils.java:logGet(43)) - raft.server.staging.catchup.gap = 1000 (default)
2019-07-15 13:52:53,223 INFO  server.RaftServerConfigKeys (ConfUtils.java:logGet(43)) - raft.server.rpc.sleep.time = 25ms (default)
2019-07-15 13:52:53,223 INFO  server.RaftServerConfigKeys (ConfUtils.java:logGet(43)) - raft.server.write.element-limit = 4096 (default)
2019-07-15 13:52:53,223 INFO  server.RaftServerConfigKeys (ConfUtils.java:logGet(43)) - raft.server.watch.timeout = 10s (default)
2019-07-15 13:52:53,223 INFO  impl.LeaderElection (LeaderElection.java:askForVotes(181)) - 6b52d340-8c41-4019-aa96-ad4e6eff3bc9:group-769CFCB53D6A:LeaderElection57: begin an election at term 1 for -1: [955117ab-e0a9-4328-8308-787f8c4c4d1c:192.168.157.240:44676, 6b52d340-8c41-4019-aa96-ad4e6eff3bc9:192.168.157.240:38294, 69b822ba-735c-4922-a471-76e0959298b4:192.168.157.240:34315], old=null
2019-07-15 13:52:53,223 INFO  server.RaftServerConfigKeys (ConfUtils.java:logGet(43)) - raft.server.watch.timeout.denomination = 1s (default)
2019-07-15 13:52:53,223 INFO  impl.LeaderElection (LeaderElection.java:askForVotes(181)) - 69b822ba-735c-4922-a471-76e0959298b4:group-769CFCB53D6A:LeaderElection58: begin an election at term 1 for -1: [955117ab-e0a9-4328-8308-787f8c4c4d1c:192.168.157.240:44676, 6b52d340-8c41-4019-aa96-ad4e6eff3bc9:192.168.157.240:38294, 69b822ba-735c-4922-a471-76e0959298b4:192.168.157.240:34315], old=null
2019-07-15 13:52:53,224 INFO  server.RaftServerConfigKeys (ConfUtils.java:logGet(43)) - raft.server.watch.element-limit = 65536 (default)
2019-07-15 13:52:53,224 INFO  impl.RoleInfo (RoleInfo.java:updateAndGet(143)) - 6b52d340-8c41-4019-aa96-ad4e6eff3bc9: start LeaderState
2019-07-15 13:52:53,224 INFO  segmented.SegmentedRaftLogWorker (SegmentedRaftLogWorker.java:startLogSegment(380)) - 6b52d340-8c41-4019-aa96-ad4e6eff3bc9-SegmentedRaftLogWorker:Storage Directory /workdir/hadoop-ozone/integration-test/target/test-dir/MiniOzoneClusterImpl-57b11f44-691f-4099-bd84-7690158c8d61/datanode-5/data/ratis/d1217d28-4660-4594-83b4-a04492f3b522: Starting segment from index:0
2019-07-15 13:52:53,225 INFO  impl.RaftServerImpl (ServerState.java:setRaftConf(361)) - 6b52d340-8c41-4019-aa96-ad4e6eff3bc9:group-A04492F3B522 set configuration 0: [6b52d340-8c41-4019-aa96-ad4e6eff3bc9:192.168.157.240:38294], old=null at 0
2019-07-15 13:52:53,245 INFO  impl.FollowerState (FollowerState.java:run(106)) - 955117ab-e0a9-4328-8308-787f8c4c4d1c:group-769CFCB53D6A changes to CANDIDATE, lastRpcTime:5171, electionTimeout:5152ms
2019-07-15 13:52:53,246 INFO  impl.RoleInfo (RoleInfo.java:shutdownFollowerState(121)) - 955117ab-e0a9-4328-8308-787f8c4c4d1c: shutdown FollowerState
2019-07-15 13:52:53,246 INFO  impl.RaftServerImpl (RaftServerImpl.java:setRole(171)) - 955117ab-e0a9-4328-8308-787f8c4c4d1c:group-769CFCB53D6A changes role from FOLLOWER to CANDIDATE at term 0 for changeToCandidate
2019-07-15 13:52:53,246 INFO  impl.RoleInfo (RoleInfo.java:updateAndGet(143)) - 955117ab-e0a9-4328-8308-787f8c4c4d1c: start LeaderElection
2019-07-15 13:52:53,252 INFO  segmented.SegmentedRaftLogWorker (SegmentedRaftLogWorker.java:execute(569)) - 6b52d340-8c41-4019-aa96-ad4e6eff3bc9-SegmentedRaftLogWorker:Storage Directory /workdir/hadoop-ozone/integration-test/target/test-dir/MiniOzoneClusterImpl-57b11f44-691f-4099-bd84-7690158c8d61/datanode-5/data/ratis/d1217d28-4660-4594-83b4-a04492f3b522: created new log segment /workdir/hadoop-ozone/integration-test/target/test-dir/MiniOzoneClusterImpl-57b11f44-691f-4099-bd84-7690158c8d61/datanode-5/data/ratis/d1217d28-4660-4594-83b4-a04492f3b522/current/log_inprogress_0
2019-07-15 13:52:53,255 INFO  impl.LeaderElection (LeaderElection.java:askForVotes(181)) - 955117ab-e0a9-4328-8308-787f8c4c4d1c:group-769CFCB53D6A:LeaderElection59: begin an election at term 1 for -1: [955117ab-e0a9-4328-8308-787f8c4c4d1c:192.168.157.240:44676, 6b52d340-8c41-4019-aa96-ad4e6eff3bc9:192.168.157.240:38294, 69b822ba-735c-4922-a471-76e0959298b4:192.168.157.240:34315], old=null
2019-07-15 13:52:53,256 INFO  impl.LeaderElection (LeaderElection.java:logAndReturn(56)) - 6b52d340-8c41-4019-aa96-ad4e6eff3bc9:group-769CFCB53D6A:LeaderElection57: Election REJECTED; received 2 response(s) [6b52d340-8c41-4019-aa96-ad4e6eff3bc9<-955117ab-e0a9-4328-8308-787f8c4c4d1c#0:FAIL-t1, 6b52d340-8c41-4019-aa96-ad4e6eff3bc9<-69b822ba-735c-4922-a471-76e0959298b4#0:FAIL-t1] and 0 exception(s); 6b52d340-8c41-4019-aa96-ad4e6eff3bc9:t1, leader=null, voted=6b52d340-8c41-4019-aa96-ad4e6eff3bc9, raftlog=6b52d340-8c41-4019-aa96-ad4e6eff3bc9-SegmentedRaftLog:OPENED:c-1,f-1,i0, conf=-1: [955117ab-e0a9-4328-8308-787f8c4c4d1c:192.168.157.240:44676, 6b52d340-8c41-4019-aa96-ad4e6eff3bc9:192.168.157.240:38294, 69b822ba-735c-4922-a471-76e0959298b4:192.168.157.240:34315], old=null
2019-07-15 13:52:53,256 INFO  impl.RaftServerImpl (RaftServerImpl.java:setRole(171)) - 6b52d340-8c41-4019-aa96-ad4e6eff3bc9:group-769CFCB53D6A changes role from CANDIDATE to FOLLOWER at term 1 for DISCOVERED_A_NEW_TERM
2019-07-15 13:52:53,256 INFO  impl.LeaderElection (LeaderElection.java:logAndReturn(56)) - 69b822ba-735c-4922-a471-76e0959298b4:group-769CFCB53D6A:LeaderElection58: Election REJECTED; received 2 response(s) [69b822ba-735c-4922-a471-76e0959298b4<-955117ab-e0a9-4328-8308-787f8c4c4d1c#0:FAIL-t1, 69b822ba-735c-4922-a471-76e0959298b4<-6b52d340-8c41-4019-aa96-ad4e6eff3bc9#0:FAIL-t1] and 0 exception(s); 69b822ba-735c-4922-a471-76e0959298b4:t1, leader=null, voted=69b822ba-735c-4922-a471-76e0959298b4, raftlog=69b822ba-735c-4922-a471-76e0959298b4-SegmentedRaftLog:OPENED:c-1,f-1,i0, conf=-1: [955117ab-e0a9-4328-8308-787f8c4c4d1c:192.168.157.240:44676, 6b52d340-8c41-4019-aa96-ad4e6eff3bc9:192.168.157.240:38294, 69b822ba-735c-4922-a471-76e0959298b4:192.168.157.240:34315], old=null
2019-07-15 13:52:53,257 INFO  impl.RoleInfo (RoleInfo.java:shutdownLeaderElection(134)) - 6b52d340-8c41-4019-aa96-ad4e6eff3bc9: shutdown LeaderElection
2019-07-15 13:52:53,257 INFO  impl.RaftServerImpl (RaftServerImpl.java:setRole(171)) - 69b822ba-735c-4922-a471-76e0959298b4:group-769CFCB53D6A changes role from CANDIDATE to FOLLOWER at term 1 for DISCOVERED_A_NEW_TERM
2019-07-15 13:52:53,257 INFO  impl.RoleInfo (RoleInfo.java:updateAndGet(143)) - 6b52d340-8c41-4019-aa96-ad4e6eff3bc9: start FollowerState
2019-07-15 13:52:53,257 INFO  impl.RoleInfo (RoleInfo.java:shutdownLeaderElection(134)) - 69b822ba-735c-4922-a471-76e0959298b4: shutdown LeaderElection
2019-07-15 13:52:53,257 INFO  impl.RoleInfo (RoleInfo.java:updateAndGet(143)) - 69b822ba-735c-4922-a471-76e0959298b4: start FollowerState
2019-07-15 13:52:53,260 INFO  impl.LeaderElection (LeaderElection.java:logAndReturn(56)) - 955117ab-e0a9-4328-8308-787f8c4c4d1c:group-769CFCB53D6A:LeaderElection59: Election REJECTED; received 2 response(s) [955117ab-e0a9-4328-8308-787f8c4c4d1c<-6b52d340-8c41-4019-aa96-ad4e6eff3bc9#0:FAIL-t1, 955117ab-e0a9-4328-8308-787f8c4c4d1c<-69b822ba-735c-4922-a471-76e0959298b4#0:FAIL-t1] and 0 exception(s); 955117ab-e0a9-4328-8308-787f8c4c4d1c:t1, leader=null, voted=955117ab-e0a9-4328-8308-787f8c4c4d1c, raftlog=955117ab-e0a9-4328-8308-787f8c4c4d1c-SegmentedRaftLog:OPENED:c-1,f-1,i0, conf=-1: [955117ab-e0a9-4328-8308-787f8c4c4d1c:192.168.157.240:44676, 6b52d340-8c41-4019-aa96-ad4e6eff3bc9:192.168.157.240:38294, 69b822ba-735c-4922-a471-76e0959298b4:192.168.157.240:34315], old=null
2019-07-15 13:52:53,260 INFO  impl.RaftServerImpl (RaftServerImpl.java:setRole(171)) - 955117ab-e0a9-4328-8308-787f8c4c4d1c:group-769CFCB53D6A changes role from CANDIDATE to FOLLOWER at term 1 for DISCOVERED_A_NEW_TERM
2019-07-15 13:52:53,260 INFO  impl.RoleInfo (RoleInfo.java:shutdownLeaderElection(134)) - 955117ab-e0a9-4328-8308-787f8c4c4d1c: shutdown LeaderElection
2019-07-15 13:52:53,260 INFO  impl.RoleInfo (RoleInfo.java:updateAndGet(143)) - 955117ab-e0a9-4328-8308-787f8c4c4d1c: start FollowerState
2019-07-15 13:52:53,410 INFO  client.GrpcClientProtocolClient (GrpcClientProtocolClient.java:onNext(255)) - client-18070D564618->5f1961c3-0311-4368-b10b-6dd07ca7e99b: receive RaftClientReply:client-18070D564618->5f1961c3-0311-4368-b10b-6dd07ca7e99b@group-99367B1CF06F, cid=141, SUCCESS, logIndex=1, commits[5f1961c3-0311-4368-b10b-6dd07ca7e99b:c1]
2019-07-15 13:52:53,420 INFO  client.GrpcClientProtocolClient (GrpcClientProtocolClient.java:onNext(255)) - client-18070D564618->5f1961c3-0311-4368-b10b-6dd07ca7e99b: receive RaftClientReply:client-18070D564618->5f1961c3-0311-4368-b10b-6dd07ca7e99b@group-99367B1CF06F, cid=142, SUCCESS, logIndex=3, commits[5f1961c3-0311-4368-b10b-6dd07ca7e99b:c4]
2019-07-15 13:52:53,443 INFO  impl.FollowerState (FollowerState.java:run(106)) - b8a3af71-a580-4ddb-8d0c-604124d85cde:group-4998123D2FE0 changes to CANDIDATE, lastRpcTime:5186, electionTimeout:5186ms
2019-07-15 13:52:53,443 INFO  impl.RoleInfo (RoleInfo.java:shutdownFollowerState(121)) - b8a3af71-a580-4ddb-8d0c-604124d85cde: shutdown FollowerState
2019-07-15 13:52:53,444 INFO  impl.RaftServerImpl (RaftServerImpl.java:setRole(171)) - b8a3af71-a580-4ddb-8d0c-604124d85cde:group-4998123D2FE0 changes role from FOLLOWER to CANDIDATE at term 0 for changeToCandidate
2019-07-15 13:52:53,444 INFO  impl.RoleInfo (RoleInfo.java:updateAndGet(143)) - b8a3af71-a580-4ddb-8d0c-604124d85cde: start LeaderElection
2019-07-15 13:52:53,457 INFO  impl.LeaderElection (LeaderElection.java:askForVotes(181)) - b8a3af71-a580-4ddb-8d0c-604124d85cde:group-4998123D2FE0:LeaderElection60: begin an election at term 1 for -1: [b8a3af71-a580-4ddb-8d0c-604124d85cde:192.168.157.240:45107], old=null
2019-07-15 13:52:53,457 INFO  impl.RoleInfo (RoleInfo.java:shutdownLeaderElection(134)) - b8a3af71-a580-4ddb-8d0c-604124d85cde: shutdown LeaderElection
2019-07-15 13:52:53,457 INFO  impl.RaftServerImpl (RaftServerImpl.java:setRole(171)) - b8a3af71-a580-4ddb-8d0c-604124d85cde:group-4998123D2FE0 changes role from CANDIDATE to LEADER at term 1 for changeToLeader
2019-07-15 13:52:53,457 INFO  impl.RaftServerImpl (ServerState.java:setLeader(263)) - b8a3af71-a580-4ddb-8d0c-604124d85cde:group-4998123D2FE0 change Leader from null to b8a3af71-a580-4ddb-8d0c-604124d85cde at term 1 for becomeLeader, leader elected after 5204ms
2019-07-15 13:52:53,459 INFO  server.RaftServerConfigKeys (ConfUtils.java:logGet(43)) - raft.server.staging.catchup.gap = 1000 (default)
2019-07-15 13:52:53,459 INFO  server.RaftServerConfigKeys (ConfUtils.java:logGet(43)) - raft.server.rpc.sleep.time = 25ms (default)
2019-07-15 13:52:53,459 INFO  server.RaftServerConfigKeys (ConfUtils.java:logGet(43)) - raft.server.write.element-limit = 4096 (default)
2019-07-15 13:52:53,460 INFO  server.RaftServerConfigKeys (ConfUtils.java:logGet(43)) - raft.server.watch.timeout = 10s (default)
2019-07-15 13:52:53,460 INFO  server.RaftServerConfigKeys (ConfUtils.java:logGet(43)) - raft.server.watch.timeout.denomination = 1s (default)
2019-07-15 13:52:53,460 INFO  server.RaftServerConfigKeys (ConfUtils.java:logGet(43)) - raft.server.watch.element-limit = 65536 (default)
2019-07-15 13:52:53,460 INFO  impl.RoleInfo (RoleInfo.java:updateAndGet(143)) - b8a3af71-a580-4ddb-8d0c-604124d85cde: start LeaderState
2019-07-15 13:52:53,460 INFO  segmented.SegmentedRaftLogWorker (SegmentedRaftLogWorker.java:startLogSegment(380)) - b8a3af71-a580-4ddb-8d0c-604124d85cde-SegmentedRaftLogWorker:Storage Directory /workdir/hadoop-ozone/integration-test/target/test-dir/MiniOzoneClusterImpl-57b11f44-691f-4099-bd84-7690158c8d61/datanode-6/data/ratis/bde1ba15-a370-4d0d-bf69-4998123d2fe0: Starting segment from index:0
2019-07-15 13:52:53,461 INFO  impl.RaftServerImpl (ServerState.java:setRaftConf(361)) - b8a3af71-a580-4ddb-8d0c-604124d85cde:group-4998123D2FE0 set configuration 0: [b8a3af71-a580-4ddb-8d0c-604124d85cde:192.168.157.240:45107], old=null at 0
2019-07-15 13:52:53,483 INFO  client.GrpcClientProtocolClient (GrpcClientProtocolClient.java:onNext(255)) - client-18070D564618->5f1961c3-0311-4368-b10b-6dd07ca7e99b: receive RaftClientReply:client-18070D564618->5f1961c3-0311-4368-b10b-6dd07ca7e99b@group-99367B1CF06F, cid=143, SUCCESS, logIndex=4, commits[5f1961c3-0311-4368-b10b-6dd07ca7e99b:c9]
2019-07-15 13:52:53,483 INFO  client.GrpcClientProtocolClient (GrpcClientProtocolClient.java:onNext(255)) - client-18070D564618->5f1961c3-0311-4368-b10b-6dd07ca7e99b: receive RaftClientReply:client-18070D564618->5f1961c3-0311-4368-b10b-6dd07ca7e99b@group-99367B1CF06F, cid=144, SUCCESS, logIndex=5, commits[5f1961c3-0311-4368-b10b-6dd07ca7e99b:c9]
2019-07-15 13:52:53,484 INFO  client.GrpcClientProtocolClient (GrpcClientProtocolClient.java:onNext(255)) - client-18070D564618->5f1961c3-0311-4368-b10b-6dd07ca7e99b: receive RaftClientReply:client-18070D564618->5f1961c3-0311-4368-b10b-6dd07ca7e99b@group-99367B1CF06F, cid=145, SUCCESS, logIndex=7, commits[5f1961c3-0311-4368-b10b-6dd07ca7e99b:c9]
2019-07-15 13:52:53,484 INFO  client.GrpcClientProtocolClient (GrpcClientProtocolClient.java:onNext(255)) - client-18070D564618->5f1961c3-0311-4368-b10b-6dd07ca7e99b: receive RaftClientReply:client-18070D564618->5f1961c3-0311-4368-b10b-6dd07ca7e99b@group-99367B1CF06F, cid=146, SUCCESS, logIndex=8, commits[5f1961c3-0311-4368-b10b-6dd07ca7e99b:c9]
2019-07-15 13:52:53,493 INFO  segmented.SegmentedRaftLogWorker (SegmentedRaftLogWorker.java:execute(569)) - b8a3af71-a580-4ddb-8d0c-604124d85cde-SegmentedRaftLogWorker:Storage Directory /workdir/hadoop-ozone/integration-test/target/test-dir/MiniOzoneClusterImpl-57b11f44-691f-4099-bd84-7690158c8d61/datanode-6/data/ratis/bde1ba15-a370-4d0d-bf69-4998123d2fe0: created new log segment /workdir/hadoop-ozone/integration-test/target/test-dir/MiniOzoneClusterImpl-57b11f44-691f-4099-bd84-7690158c8d61/datanode-6/data/ratis/bde1ba15-a370-4d0d-bf69-4998123d2fe0/current/log_inprogress_0
2019-07-15 13:52:53,493 INFO  client.GrpcClientProtocolClient (GrpcClientProtocolClient.java:onNext(255)) - client-18070D564618->5f1961c3-0311-4368-b10b-6dd07ca7e99b: receive RaftClientReply:client-18070D564618->5f1961c3-0311-4368-b10b-6dd07ca7e99b@group-99367B1CF06F, cid=147, SUCCESS, logIndex=10, commits[5f1961c3-0311-4368-b10b-6dd07ca7e99b:c10]
2019-07-15 13:52:53,495 INFO  client.GrpcClientProtocolClient (GrpcClientProtocolClient.java:onNext(255)) - client-18070D564618->5f1961c3-0311-4368-b10b-6dd07ca7e99b: receive RaftClientReply:client-18070D564618->5f1961c3-0311-4368-b10b-6dd07ca7e99b@group-99367B1CF06F, cid=148, SUCCESS, logIndex=11, commits[5f1961c3-0311-4368-b10b-6dd07ca7e99b:c12]
2019-07-15 13:52:53,497 INFO  container.CloseContainerEventHandler (CloseContainerEventHandler.java:onMessage(61)) - Close container Event triggered for container : #1
2019-07-15 13:52:55,451 INFO  interfaces.Container (KeyValueContainer.java:compactDB(356)) - Container 1 is closed with bcsId 11.
13:52:55.501 [grpc-default-executor-3] ERROR DNAudit - user=null | ip=null | op=WRITE_CHUNK {blockData=conID: 1 locID: 102445794544189451 bcsId: 11} | ret=FAILURE
org.apache.hadoop.hdds.scm.container.common.helpers.ContainerNotOpenException: Container 1 in CLOSED state
	at org.apache.hadoop.ozone.container.common.impl.HddsDispatcher.validateContainerCommand(HddsDispatcher.java:408) ~[hadoop-hdds-container-service-0.5.0-SNAPSHOT.jar:?]
	at org.apache.hadoop.ozone.container.common.transport.server.ratis.ContainerStateMachine.startTransaction(ContainerStateMachine.java:272) ~[hadoop-hdds-container-service-0.5.0-SNAPSHOT.jar:?]
	at org.apache.ratis.server.impl.RaftServerImpl.submitClientRequestAsync(RaftServerImpl.java:566) ~[ratis-server-0.4.0-2337318-SNAPSHOT.jar:0.4.0-2337318-SNAPSHOT]
	at org.apache.ratis.server.impl.RaftServerProxy.lambda$submitClientRequestAsync$7(RaftServerProxy.java:333) ~[ratis-server-0.4.0-2337318-SNAPSHOT.jar:0.4.0-2337318-SNAPSHOT]
	at org.apache.ratis.server.impl.RaftServerProxy.lambda$null$5(RaftServerProxy.java:328) ~[ratis-server-0.4.0-2337318-SNAPSHOT.jar:0.4.0-2337318-SNAPSHOT]
	at org.apache.ratis.util.JavaUtils.callAsUnchecked(JavaUtils.java:109) ~[ratis-common-0.4.0-2337318-SNAPSHOT.jar:0.4.0-2337318-SNAPSHOT]
	at org.apache.ratis.server.impl.RaftServerProxy.lambda$submitRequest$6(RaftServerProxy.java:328) ~[ratis-server-0.4.0-2337318-SNAPSHOT.jar:0.4.0-2337318-SNAPSHOT]
	at java.util.concurrent.CompletableFuture.uniComposeStage(CompletableFuture.java:981) ~[?:1.8.0_212]
	at java.util.concurrent.CompletableFuture.thenCompose(CompletableFuture.java:2124) ~[?:1.8.0_212]
	at org.apache.ratis.server.impl.RaftServerProxy.submitRequest(RaftServerProxy.java:327) ~[ratis-server-0.4.0-2337318-SNAPSHOT.jar:0.4.0-2337318-SNAPSHOT]
	at org.apache.ratis.server.impl.RaftServerProxy.submitClientRequestAsync(RaftServerProxy.java:333) ~[ratis-server-0.4.0-2337318-SNAPSHOT.jar:0.4.0-2337318-SNAPSHOT]
	at org.apache.ratis.grpc.client.GrpcClientProtocolService$RequestStreamObserver.processClientRequest(GrpcClientProtocolService.java:220) ~[ratis-grpc-0.4.0-2337318-SNAPSHOT.jar:0.4.0-2337318-SNAPSHOT]
	at org.apache.ratis.grpc.client.GrpcClientProtocolService$OrderedRequestStreamObserver.processClientRequest(GrpcClientProtocolService.java:326) ~[ratis-grpc-0.4.0-2337318-SNAPSHOT.jar:0.4.0-2337318-SNAPSHOT]
	at org.apache.ratis.util.SlidingWindow$Server.processRequestsFromHead(SlidingWindow.java:429) [ratis-common-0.4.0-2337318-SNAPSHOT.jar:0.4.0-2337318-SNAPSHOT]
	at org.apache.ratis.util.SlidingWindow$Server.receivedRequest(SlidingWindow.java:421) [ratis-common-0.4.0-2337318-SNAPSHOT.jar:0.4.0-2337318-SNAPSHOT]
	at org.apache.ratis.grpc.client.GrpcClientProtocolService$OrderedRequestStreamObserver.processClientRequest(GrpcClientProtocolService.java:345) [ratis-grpc-0.4.0-2337318-SNAPSHOT.jar:0.4.0-2337318-SNAPSHOT]
	at org.apache.ratis.grpc.client.GrpcClientProtocolService$RequestStreamObserver.onNext(GrpcClientProtocolService.java:240) [ratis-grpc-0.4.0-2337318-SNAPSHOT.jar:0.4.0-2337318-SNAPSHOT]
	at org.apache.ratis.grpc.client.GrpcClientProtocolService$RequestStreamObserver.onNext(GrpcClientProtocolService.java:168) [ratis-grpc-0.4.0-2337318-SNAPSHOT.jar:0.4.0-2337318-SNAPSHOT]
	at org.apache.ratis.thirdparty.io.grpc.stub.ServerCalls$StreamingServerCallHandler$StreamingServerCallListener.onMessage(ServerCalls.java:248) [ratis-thirdparty-misc-0.2.0.jar:0.2.0]
	at org.apache.ratis.thirdparty.io.grpc.internal.ServerCallImpl$ServerStreamListenerImpl.messagesAvailable(ServerCallImpl.java:263) [ratis-thirdparty-misc-0.2.0.jar:0.2.0]
	at org.apache.ratis.thirdparty.io.grpc.internal.ServerImpl$JumpToApplicationThreadServerStreamListener$1MessagesAvailable.runInContext(ServerImpl.java:686) [ratis-thirdparty-misc-0.2.0.jar:0.2.0]
	at org.apache.ratis.thirdparty.io.grpc.internal.ContextRunnable.run(ContextRunnable.java:37) [ratis-thirdparty-misc-0.2.0.jar:0.2.0]
	at org.apache.ratis.thirdparty.io.grpc.internal.SerializingExecutor.run(SerializingExecutor.java:123) [ratis-thirdparty-misc-0.2.0.jar:0.2.0]
	at java.util.concurrent.ThreadPoolExecutor.runWorker(ThreadPoolExecutor.java:1149) [?:1.8.0_212]
	at java.util.concurrent.ThreadPoolExecutor$Worker.run(ThreadPoolExecutor.java:624) [?:1.8.0_212]
	at java.lang.Thread.run(Thread.java:748) [?:1.8.0_212]
13:52:55.517 [grpc-default-executor-3] ERROR DNAudit - user=null | ip=null | op=WRITE_CHUNK {blockData=conID: 1 locID: 102445794544189451 bcsId: 11} | ret=FAILURE
org.apache.hadoop.hdds.scm.container.common.helpers.ContainerNotOpenException: Container 1 in CLOSED state
	at org.apache.hadoop.ozone.container.common.impl.HddsDispatcher.validateContainerCommand(HddsDispatcher.java:408) ~[hadoop-hdds-container-service-0.5.0-SNAPSHOT.jar:?]
	at org.apache.hadoop.ozone.container.common.transport.server.ratis.ContainerStateMachine.startTransaction(ContainerStateMachine.java:272) ~[hadoop-hdds-container-service-0.5.0-SNAPSHOT.jar:?]
	at org.apache.ratis.server.impl.RaftServerImpl.submitClientRequestAsync(RaftServerImpl.java:566) ~[ratis-server-0.4.0-2337318-SNAPSHOT.jar:0.4.0-2337318-SNAPSHOT]
	at org.apache.ratis.server.impl.RaftServerProxy.lambda$submitClientRequestAsync$7(RaftServerProxy.java:333) ~[ratis-server-0.4.0-2337318-SNAPSHOT.jar:0.4.0-2337318-SNAPSHOT]
	at org.apache.ratis.server.impl.RaftServerProxy.lambda$null$5(RaftServerProxy.java:328) ~[ratis-server-0.4.0-2337318-SNAPSHOT.jar:0.4.0-2337318-SNAPSHOT]
	at org.apache.ratis.util.JavaUtils.callAsUnchecked(JavaUtils.java:109) ~[ratis-common-0.4.0-2337318-SNAPSHOT.jar:0.4.0-2337318-SNAPSHOT]
	at org.apache.ratis.server.impl.RaftServerProxy.lambda$submitRequest$6(RaftServerProxy.java:328) ~[ratis-server-0.4.0-2337318-SNAPSHOT.jar:0.4.0-2337318-SNAPSHOT]
	at java.util.concurrent.CompletableFuture.uniComposeStage(CompletableFuture.java:981) ~[?:1.8.0_212]
	at java.util.concurrent.CompletableFuture.thenCompose(CompletableFuture.java:2124) ~[?:1.8.0_212]
	at org.apache.ratis.server.impl.RaftServerProxy.submitRequest(RaftServerProxy.java:327) ~[ratis-server-0.4.0-2337318-SNAPSHOT.jar:0.4.0-2337318-SNAPSHOT]
	at org.apache.ratis.server.impl.RaftServerProxy.submitClientRequestAsync(RaftServerProxy.java:333) ~[ratis-server-0.4.0-2337318-SNAPSHOT.jar:0.4.0-2337318-SNAPSHOT]
	at org.apache.ratis.grpc.client.GrpcClientProtocolService$RequestStreamObserver.processClientRequest(GrpcClientProtocolService.java:220) ~[ratis-grpc-0.4.0-2337318-SNAPSHOT.jar:0.4.0-2337318-SNAPSHOT]
	at org.apache.ratis.grpc.client.GrpcClientProtocolService$OrderedRequestStreamObserver.processClientRequest(GrpcClientProtocolService.java:326) ~[ratis-grpc-0.4.0-2337318-SNAPSHOT.jar:0.4.0-2337318-SNAPSHOT]
	at org.apache.ratis.util.SlidingWindow$Server.processRequestsFromHead(SlidingWindow.java:429) [ratis-common-0.4.0-2337318-SNAPSHOT.jar:0.4.0-2337318-SNAPSHOT]
	at org.apache.ratis.util.SlidingWindow$Server.receivedRequest(SlidingWindow.java:421) [ratis-common-0.4.0-2337318-SNAPSHOT.jar:0.4.0-2337318-SNAPSHOT]
	at org.apache.ratis.grpc.client.GrpcClientProtocolService$OrderedRequestStreamObserver.processClientRequest(GrpcClientProtocolService.java:345) [ratis-grpc-0.4.0-2337318-SNAPSHOT.jar:0.4.0-2337318-SNAPSHOT]
	at org.apache.ratis.grpc.client.GrpcClientProtocolService$RequestStreamObserver.onNext(GrpcClientProtocolService.java:240) [ratis-grpc-0.4.0-2337318-SNAPSHOT.jar:0.4.0-2337318-SNAPSHOT]
	at org.apache.ratis.grpc.client.GrpcClientProtocolService$RequestStreamObserver.onNext(GrpcClientProtocolService.java:168) [ratis-grpc-0.4.0-2337318-SNAPSHOT.jar:0.4.0-2337318-SNAPSHOT]
	at org.apache.ratis.thirdparty.io.grpc.stub.ServerCalls$StreamingServerCallHandler$StreamingServerCallListener.onMessage(ServerCalls.java:248) [ratis-thirdparty-misc-0.2.0.jar:0.2.0]
	at org.apache.ratis.thirdparty.io.grpc.internal.ServerCallImpl$ServerStreamListenerImpl.messagesAvailable(ServerCallImpl.java:263) [ratis-thirdparty-misc-0.2.0.jar:0.2.0]
	at org.apache.ratis.thirdparty.io.grpc.internal.ServerImpl$JumpToApplicationThreadServerStreamListener$1MessagesAvailable.runInContext(ServerImpl.java:686) [ratis-thirdparty-misc-0.2.0.jar:0.2.0]
	at org.apache.ratis.thirdparty.io.grpc.internal.ContextRunnable.run(ContextRunnable.java:37) [ratis-thirdparty-misc-0.2.0.jar:0.2.0]
	at org.apache.ratis.thirdparty.io.grpc.internal.SerializingExecutor.run(SerializingExecutor.java:123) [ratis-thirdparty-misc-0.2.0.jar:0.2.0]
	at java.util.concurrent.ThreadPoolExecutor.runWorker(ThreadPoolExecutor.java:1149) [?:1.8.0_212]
	at java.util.concurrent.ThreadPoolExecutor$Worker.run(ThreadPoolExecutor.java:624) [?:1.8.0_212]
	at java.lang.Thread.run(Thread.java:748) [?:1.8.0_212]
2019-07-15 13:52:55,524 INFO  client.GrpcClientProtocolClient (GrpcClientProtocolClient.java:onNext(255)) - client-18070D564618->5f1961c3-0311-4368-b10b-6dd07ca7e99b: receive RaftClientReply:client-18070D564618->5f1961c3-0311-4368-b10b-6dd07ca7e99b@group-99367B1CF06F, cid=149, FAILED org.apache.ratis.protocol.StateMachineException: org.apache.hadoop.hdds.scm.container.common.helpers.ContainerNotOpenException from Server 5f1961c3-0311-4368-b10b-6dd07ca7e99b: Container 1 in CLOSED state, logIndex=0, commits[5f1961c3-0311-4368-b10b-6dd07ca7e99b:c15]
13:52:55.526 [grpc-default-executor-3] ERROR DNAudit - user=null | ip=null | op=PUT_BLOCK {blockData=[blockId=conID: 1 locID: 102445794544189451 bcsId: 0,size=650]} | ret=FAILURE
org.apache.hadoop.hdds.scm.container.common.helpers.ContainerNotOpenException: Container 1 in CLOSED state
	at org.apache.hadoop.ozone.container.common.impl.HddsDispatcher.validateContainerCommand(HddsDispatcher.java:408) ~[hadoop-hdds-container-service-0.5.0-SNAPSHOT.jar:?]
	at org.apache.hadoop.ozone.container.common.transport.server.ratis.ContainerStateMachine.startTransaction(ContainerStateMachine.java:272) ~[hadoop-hdds-container-service-0.5.0-SNAPSHOT.jar:?]
	at org.apache.ratis.server.impl.RaftServerImpl.submitClientRequestAsync(RaftServerImpl.java:566) ~[ratis-server-0.4.0-2337318-SNAPSHOT.jar:0.4.0-2337318-SNAPSHOT]
	at org.apache.ratis.server.impl.RaftServerProxy.lambda$submitClientRequestAsync$7(RaftServerProxy.java:333) ~[ratis-server-0.4.0-2337318-SNAPSHOT.jar:0.4.0-2337318-SNAPSHOT]
	at org.apache.ratis.server.impl.RaftServerProxy.lambda$null$5(RaftServerProxy.java:328) ~[ratis-server-0.4.0-2337318-SNAPSHOT.jar:0.4.0-2337318-SNAPSHOT]
	at org.apache.ratis.util.JavaUtils.callAsUnchecked(JavaUtils.java:109) ~[ratis-common-0.4.0-2337318-SNAPSHOT.jar:0.4.0-2337318-SNAPSHOT]
	at org.apache.ratis.server.impl.RaftServerProxy.lambda$submitRequest$6(RaftServerProxy.java:328) ~[ratis-server-0.4.0-2337318-SNAPSHOT.jar:0.4.0-2337318-SNAPSHOT]
	at java.util.concurrent.CompletableFuture.uniComposeStage(CompletableFuture.java:981) ~[?:1.8.0_212]
	at java.util.concurrent.CompletableFuture.thenCompose(CompletableFuture.java:2124) ~[?:1.8.0_212]
	at org.apache.ratis.server.impl.RaftServerProxy.submitRequest(RaftServerProxy.java:327) ~[ratis-server-0.4.0-2337318-SNAPSHOT.jar:0.4.0-2337318-SNAPSHOT]
	at org.apache.ratis.server.impl.RaftServerProxy.submitClientRequestAsync(RaftServerProxy.java:333) ~[ratis-server-0.4.0-2337318-SNAPSHOT.jar:0.4.0-2337318-SNAPSHOT]
	at org.apache.ratis.grpc.client.GrpcClientProtocolService$RequestStreamObserver.processClientRequest(GrpcClientProtocolService.java:220) ~[ratis-grpc-0.4.0-2337318-SNAPSHOT.jar:0.4.0-2337318-SNAPSHOT]
	at org.apache.ratis.grpc.client.GrpcClientProtocolService$OrderedRequestStreamObserver.processClientRequest(GrpcClientProtocolService.java:326) ~[ratis-grpc-0.4.0-2337318-SNAPSHOT.jar:0.4.0-2337318-SNAPSHOT]
	at org.apache.ratis.util.SlidingWindow$Server.processRequestsFromHead(SlidingWindow.java:429) [ratis-common-0.4.0-2337318-SNAPSHOT.jar:0.4.0-2337318-SNAPSHOT]
	at org.apache.ratis.util.SlidingWindow$Server.receivedRequest(SlidingWindow.java:421) [ratis-common-0.4.0-2337318-SNAPSHOT.jar:0.4.0-2337318-SNAPSHOT]
	at org.apache.ratis.grpc.client.GrpcClientProtocolService$OrderedRequestStreamObserver.processClientRequest(GrpcClientProtocolService.java:345) [ratis-grpc-0.4.0-2337318-SNAPSHOT.jar:0.4.0-2337318-SNAPSHOT]
	at org.apache.ratis.grpc.client.GrpcClientProtocolService$RequestStreamObserver.onNext(GrpcClientProtocolService.java:240) [ratis-grpc-0.4.0-2337318-SNAPSHOT.jar:0.4.0-2337318-SNAPSHOT]
	at org.apache.ratis.grpc.client.GrpcClientProtocolService$RequestStreamObserver.onNext(GrpcClientProtocolService.java:168) [ratis-grpc-0.4.0-2337318-SNAPSHOT.jar:0.4.0-2337318-SNAPSHOT]
	at org.apache.ratis.thirdparty.io.grpc.stub.ServerCalls$StreamingServerCallHandler$StreamingServerCallListener.onMessage(ServerCalls.java:248) [ratis-thirdparty-misc-0.2.0.jar:0.2.0]
	at org.apache.ratis.thirdparty.io.grpc.internal.ServerCallImpl$ServerStreamListenerImpl.messagesAvailable(ServerCallImpl.java:263) [ratis-thirdparty-misc-0.2.0.jar:0.2.0]
	at org.apache.ratis.thirdparty.io.grpc.internal.ServerImpl$JumpToApplicationThreadServerStreamListener$1MessagesAvailable.runInContext(ServerImpl.java:686) [ratis-thirdparty-misc-0.2.0.jar:0.2.0]
	at org.apache.ratis.thirdparty.io.grpc.internal.ContextRunnable.run(ContextRunnable.java:37) [ratis-thirdparty-misc-0.2.0.jar:0.2.0]
	at org.apache.ratis.thirdparty.io.grpc.internal.SerializingExecutor.run(SerializingExecutor.java:123) [ratis-thirdparty-misc-0.2.0.jar:0.2.0]
	at java.util.concurrent.ThreadPoolExecutor.runWorker(ThreadPoolExecutor.java:1149) [?:1.8.0_212]
	at java.util.concurrent.ThreadPoolExecutor$Worker.run(ThreadPoolExecutor.java:624) [?:1.8.0_212]
	at java.lang.Thread.run(Thread.java:748) [?:1.8.0_212]
2019-07-15 13:52:55,527 INFO  client.GrpcClientProtocolClient (GrpcClientProtocolClient.java:onNext(255)) - client-18070D564618->5f1961c3-0311-4368-b10b-6dd07ca7e99b: receive RaftClientReply:client-18070D564618->5f1961c3-0311-4368-b10b-6dd07ca7e99b@group-99367B1CF06F, cid=150, FAILED org.apache.ratis.protocol.StateMachineException: org.apache.hadoop.hdds.scm.container.common.helpers.ContainerNotOpenException from Server 5f1961c3-0311-4368-b10b-6dd07ca7e99b: Container 1 in CLOSED state, logIndex=0, commits[5f1961c3-0311-4368-b10b-6dd07ca7e99b:c15]
13:52:55.527 [grpc-default-executor-3] ERROR DNAudit - user=null | ip=null | op=WRITE_CHUNK {blockData=conID: 1 locID: 102445794544189451 bcsId: 11} | ret=FAILURE
org.apache.hadoop.hdds.scm.container.common.helpers.ContainerNotOpenException: Container 1 in CLOSED state
	at org.apache.hadoop.ozone.container.common.impl.HddsDispatcher.validateContainerCommand(HddsDispatcher.java:408) ~[hadoop-hdds-container-service-0.5.0-SNAPSHOT.jar:?]
	at org.apache.hadoop.ozone.container.common.transport.server.ratis.ContainerStateMachine.startTransaction(ContainerStateMachine.java:272) ~[hadoop-hdds-container-service-0.5.0-SNAPSHOT.jar:?]
	at org.apache.ratis.server.impl.RaftServerImpl.submitClientRequestAsync(RaftServerImpl.java:566) ~[ratis-server-0.4.0-2337318-SNAPSHOT.jar:0.4.0-2337318-SNAPSHOT]
	at org.apache.ratis.server.impl.RaftServerProxy.lambda$submitClientRequestAsync$7(RaftServerProxy.java:333) ~[ratis-server-0.4.0-2337318-SNAPSHOT.jar:0.4.0-2337318-SNAPSHOT]
	at org.apache.ratis.server.impl.RaftServerProxy.lambda$null$5(RaftServerProxy.java:328) ~[ratis-server-0.4.0-2337318-SNAPSHOT.jar:0.4.0-2337318-SNAPSHOT]
	at org.apache.ratis.util.JavaUtils.callAsUnchecked(JavaUtils.java:109) ~[ratis-common-0.4.0-2337318-SNAPSHOT.jar:0.4.0-2337318-SNAPSHOT]
	at org.apache.ratis.server.impl.RaftServerProxy.lambda$submitRequest$6(RaftServerProxy.java:328) ~[ratis-server-0.4.0-2337318-SNAPSHOT.jar:0.4.0-2337318-SNAPSHOT]
	at java.util.concurrent.CompletableFuture.uniComposeStage(CompletableFuture.java:981) ~[?:1.8.0_212]
	at java.util.concurrent.CompletableFuture.thenCompose(CompletableFuture.java:2124) ~[?:1.8.0_212]
	at org.apache.ratis.server.impl.RaftServerProxy.submitRequest(RaftServerProxy.java:327) ~[ratis-server-0.4.0-2337318-SNAPSHOT.jar:0.4.0-2337318-SNAPSHOT]
	at org.apache.ratis.server.impl.RaftServerProxy.submitClientRequestAsync(RaftServerProxy.java:333) ~[ratis-server-0.4.0-2337318-SNAPSHOT.jar:0.4.0-2337318-SNAPSHOT]
	at org.apache.ratis.grpc.client.GrpcClientProtocolService$RequestStreamObserver.processClientRequest(GrpcClientProtocolService.java:220) ~[ratis-grpc-0.4.0-2337318-SNAPSHOT.jar:0.4.0-2337318-SNAPSHOT]
	at org.apache.ratis.grpc.client.GrpcClientProtocolService$OrderedRequestStreamObserver.processClientRequest(GrpcClientProtocolService.java:326) ~[ratis-grpc-0.4.0-2337318-SNAPSHOT.jar:0.4.0-2337318-SNAPSHOT]
	at org.apache.ratis.util.SlidingWindow$Server.processRequestsFromHead(SlidingWindow.java:429) [ratis-common-0.4.0-2337318-SNAPSHOT.jar:0.4.0-2337318-SNAPSHOT]
	at org.apache.ratis.util.SlidingWindow$Server.receivedRequest(SlidingWindow.java:421) [ratis-common-0.4.0-2337318-SNAPSHOT.jar:0.4.0-2337318-SNAPSHOT]
	at org.apache.ratis.grpc.client.GrpcClientProtocolService$OrderedRequestStreamObserver.processClientRequest(GrpcClientProtocolService.java:345) [ratis-grpc-0.4.0-2337318-SNAPSHOT.jar:0.4.0-2337318-SNAPSHOT]
	at org.apache.ratis.grpc.client.GrpcClientProtocolService$RequestStreamObserver.onNext(GrpcClientProtocolService.java:240) [ratis-grpc-0.4.0-2337318-SNAPSHOT.jar:0.4.0-2337318-SNAPSHOT]
	at org.apache.ratis.grpc.client.GrpcClientProtocolService$RequestStreamObserver.onNext(GrpcClientProtocolService.java:168) [ratis-grpc-0.4.0-2337318-SNAPSHOT.jar:0.4.0-2337318-SNAPSHOT]
	at org.apache.ratis.thirdparty.io.grpc.stub.ServerCalls$StreamingServerCallHandler$StreamingServerCallListener.onMessage(ServerCalls.java:248) [ratis-thirdparty-misc-0.2.0.jar:0.2.0]
	at org.apache.ratis.thirdparty.io.grpc.internal.ServerCallImpl$ServerStreamListenerImpl.messagesAvailable(ServerCallImpl.java:263) [ratis-thirdparty-misc-0.2.0.jar:0.2.0]
	at org.apache.ratis.thirdparty.io.grpc.internal.ServerImpl$JumpToApplicationThreadServerStreamListener$1MessagesAvailable.runInContext(ServerImpl.java:686) [ratis-thirdparty-misc-0.2.0.jar:0.2.0]
	at org.apache.ratis.thirdparty.io.grpc.internal.ContextRunnable.run(ContextRunnable.java:37) [ratis-thirdparty-misc-0.2.0.jar:0.2.0]
	at org.apache.ratis.thirdparty.io.grpc.internal.SerializingExecutor.run(SerializingExecutor.java:123) [ratis-thirdparty-misc-0.2.0.jar:0.2.0]
	at java.util.concurrent.ThreadPoolExecutor.runWorker(ThreadPoolExecutor.java:1149) [?:1.8.0_212]
	at java.util.concurrent.ThreadPoolExecutor$Worker.run(ThreadPoolExecutor.java:624) [?:1.8.0_212]
	at java.lang.Thread.run(Thread.java:748) [?:1.8.0_212]
2019-07-15 13:52:55,542 INFO  client.GrpcClientProtocolClient (GrpcClientProtocolClient.java:onNext(255)) - client-18070D564618->5f1961c3-0311-4368-b10b-6dd07ca7e99b: receive RaftClientReply:client-18070D564618->5f1961c3-0311-4368-b10b-6dd07ca7e99b@group-99367B1CF06F, cid=151, FAILED org.apache.ratis.protocol.StateMachineException: org.apache.hadoop.hdds.scm.container.common.helpers.ContainerNotOpenException from Server 5f1961c3-0311-4368-b10b-6dd07ca7e99b: Container 1 in CLOSED state, logIndex=0, commits[5f1961c3-0311-4368-b10b-6dd07ca7e99b:c15]
13:52:55.542 [grpc-default-executor-3] ERROR DNAudit - user=null | ip=null | op=WRITE_CHUNK {blockData=conID: 1 locID: 102445794544189451 bcsId: 11} | ret=FAILURE
org.apache.hadoop.hdds.scm.container.common.helpers.ContainerNotOpenException: Container 1 in CLOSED state
	at org.apache.hadoop.ozone.container.common.impl.HddsDispatcher.validateContainerCommand(HddsDispatcher.java:408) ~[hadoop-hdds-container-service-0.5.0-SNAPSHOT.jar:?]
	at org.apache.hadoop.ozone.container.common.transport.server.ratis.ContainerStateMachine.startTransaction(ContainerStateMachine.java:272) ~[hadoop-hdds-container-service-0.5.0-SNAPSHOT.jar:?]
	at org.apache.ratis.server.impl.RaftServerImpl.submitClientRequestAsync(RaftServerImpl.java:566) ~[ratis-server-0.4.0-2337318-SNAPSHOT.jar:0.4.0-2337318-SNAPSHOT]
	at org.apache.ratis.server.impl.RaftServerProxy.lambda$submitClientRequestAsync$7(RaftServerProxy.java:333) ~[ratis-server-0.4.0-2337318-SNAPSHOT.jar:0.4.0-2337318-SNAPSHOT]
	at org.apache.ratis.server.impl.RaftServerProxy.lambda$null$5(RaftServerProxy.java:328) ~[ratis-server-0.4.0-2337318-SNAPSHOT.jar:0.4.0-2337318-SNAPSHOT]
	at org.apache.ratis.util.JavaUtils.callAsUnchecked(JavaUtils.java:109) ~[ratis-common-0.4.0-2337318-SNAPSHOT.jar:0.4.0-2337318-SNAPSHOT]
	at org.apache.ratis.server.impl.RaftServerProxy.lambda$submitRequest$6(RaftServerProxy.java:328) ~[ratis-server-0.4.0-2337318-SNAPSHOT.jar:0.4.0-2337318-SNAPSHOT]
	at java.util.concurrent.CompletableFuture.uniComposeStage(CompletableFuture.java:981) ~[?:1.8.0_212]
	at java.util.concurrent.CompletableFuture.thenCompose(CompletableFuture.java:2124) ~[?:1.8.0_212]
	at org.apache.ratis.server.impl.RaftServerProxy.submitRequest(RaftServerProxy.java:327) ~[ratis-server-0.4.0-2337318-SNAPSHOT.jar:0.4.0-2337318-SNAPSHOT]
	at org.apache.ratis.server.impl.RaftServerProxy.submitClientRequestAsync(RaftServerProxy.java:333) ~[ratis-server-0.4.0-2337318-SNAPSHOT.jar:0.4.0-2337318-SNAPSHOT]
	at org.apache.ratis.grpc.client.GrpcClientProtocolService$RequestStreamObserver.processClientRequest(GrpcClientProtocolService.java:220) ~[ratis-grpc-0.4.0-2337318-SNAPSHOT.jar:0.4.0-2337318-SNAPSHOT]
	at org.apache.ratis.grpc.client.GrpcClientProtocolService$OrderedRequestStreamObserver.processClientRequest(GrpcClientProtocolService.java:326) ~[ratis-grpc-0.4.0-2337318-SNAPSHOT.jar:0.4.0-2337318-SNAPSHOT]
	at org.apache.ratis.util.SlidingWindow$Server.processRequestsFromHead(SlidingWindow.java:429) [ratis-common-0.4.0-2337318-SNAPSHOT.jar:0.4.0-2337318-SNAPSHOT]
	at org.apache.ratis.util.SlidingWindow$Server.receivedRequest(SlidingWindow.java:421) [ratis-common-0.4.0-2337318-SNAPSHOT.jar:0.4.0-2337318-SNAPSHOT]
	at org.apache.ratis.grpc.client.GrpcClientProtocolService$OrderedRequestStreamObserver.processClientRequest(GrpcClientProtocolService.java:345) [ratis-grpc-0.4.0-2337318-SNAPSHOT.jar:0.4.0-2337318-SNAPSHOT]
	at org.apache.ratis.grpc.client.GrpcClientProtocolService$RequestStreamObserver.onNext(GrpcClientProtocolService.java:240) [ratis-grpc-0.4.0-2337318-SNAPSHOT.jar:0.4.0-2337318-SNAPSHOT]
	at org.apache.ratis.grpc.client.GrpcClientProtocolService$RequestStreamObserver.onNext(GrpcClientProtocolService.java:168) [ratis-grpc-0.4.0-2337318-SNAPSHOT.jar:0.4.0-2337318-SNAPSHOT]
	at org.apache.ratis.thirdparty.io.grpc.stub.ServerCalls$StreamingServerCallHandler$StreamingServerCallListener.onMessage(ServerCalls.java:248) [ratis-thirdparty-misc-0.2.0.jar:0.2.0]
	at org.apache.ratis.thirdparty.io.grpc.internal.ServerCallImpl$ServerStreamListenerImpl.messagesAvailable(ServerCallImpl.java:263) [ratis-thirdparty-misc-0.2.0.jar:0.2.0]
	at org.apache.ratis.thirdparty.io.grpc.internal.ServerImpl$JumpToApplicationThreadServerStreamListener$1MessagesAvailable.runInContext(ServerImpl.java:686) [ratis-thirdparty-misc-0.2.0.jar:0.2.0]
	at org.apache.ratis.thirdparty.io.grpc.internal.ContextRunnable.run(ContextRunnable.java:37) [ratis-thirdparty-misc-0.2.0.jar:0.2.0]
	at org.apache.ratis.thirdparty.io.grpc.internal.SerializingExecutor.run(SerializingExecutor.java:123) [ratis-thirdparty-misc-0.2.0.jar:0.2.0]
	at java.util.concurrent.ThreadPoolExecutor.runWorker(ThreadPoolExecutor.java:1149) [?:1.8.0_212]
	at java.util.concurrent.ThreadPoolExecutor$Worker.run(ThreadPoolExecutor.java:624) [?:1.8.0_212]
	at java.lang.Thread.run(Thread.java:748) [?:1.8.0_212]
2019-07-15 13:52:55,549 INFO  client.GrpcClientProtocolClient (GrpcClientProtocolClient.java:onNext(255)) - client-18070D564618->5f1961c3-0311-4368-b10b-6dd07ca7e99b: receive RaftClientReply:client-18070D564618->5f1961c3-0311-4368-b10b-6dd07ca7e99b@group-99367B1CF06F, cid=152, FAILED org.apache.ratis.protocol.StateMachineException: org.apache.hadoop.hdds.scm.container.common.helpers.ContainerNotOpenException from Server 5f1961c3-0311-4368-b10b-6dd07ca7e99b: Container 1 in CLOSED state, logIndex=0, commits[5f1961c3-0311-4368-b10b-6dd07ca7e99b:c15]
13:52:55.550 [grpc-default-executor-3] ERROR DNAudit - user=null | ip=null | op=PUT_BLOCK {blockData=[blockId=conID: 1 locID: 102445794544189451 bcsId: 0,size=800]} | ret=FAILURE
org.apache.hadoop.hdds.scm.container.common.helpers.ContainerNotOpenException: Container 1 in CLOSED state
	at org.apache.hadoop.ozone.container.common.impl.HddsDispatcher.validateContainerCommand(HddsDispatcher.java:408) ~[hadoop-hdds-container-service-0.5.0-SNAPSHOT.jar:?]
	at org.apache.hadoop.ozone.container.common.transport.server.ratis.ContainerStateMachine.startTransaction(ContainerStateMachine.java:272) ~[hadoop-hdds-container-service-0.5.0-SNAPSHOT.jar:?]
	at org.apache.ratis.server.impl.RaftServerImpl.submitClientRequestAsync(RaftServerImpl.java:566) ~[ratis-server-0.4.0-2337318-SNAPSHOT.jar:0.4.0-2337318-SNAPSHOT]
	at org.apache.ratis.server.impl.RaftServerProxy.lambda$submitClientRequestAsync$7(RaftServerProxy.java:333) ~[ratis-server-0.4.0-2337318-SNAPSHOT.jar:0.4.0-2337318-SNAPSHOT]
	at org.apache.ratis.server.impl.RaftServerProxy.lambda$null$5(RaftServerProxy.java:328) ~[ratis-server-0.4.0-2337318-SNAPSHOT.jar:0.4.0-2337318-SNAPSHOT]
	at org.apache.ratis.util.JavaUtils.callAsUnchecked(JavaUtils.java:109) ~[ratis-common-0.4.0-2337318-SNAPSHOT.jar:0.4.0-2337318-SNAPSHOT]
	at org.apache.ratis.server.impl.RaftServerProxy.lambda$submitRequest$6(RaftServerProxy.java:328) ~[ratis-server-0.4.0-2337318-SNAPSHOT.jar:0.4.0-2337318-SNAPSHOT]
	at java.util.concurrent.CompletableFuture.uniComposeStage(CompletableFuture.java:981) ~[?:1.8.0_212]
	at java.util.concurrent.CompletableFuture.thenCompose(CompletableFuture.java:2124) ~[?:1.8.0_212]
	at org.apache.ratis.server.impl.RaftServerProxy.submitRequest(RaftServerProxy.java:327) ~[ratis-server-0.4.0-2337318-SNAPSHOT.jar:0.4.0-2337318-SNAPSHOT]
	at org.apache.ratis.server.impl.RaftServerProxy.submitClientRequestAsync(RaftServerProxy.java:333) ~[ratis-server-0.4.0-2337318-SNAPSHOT.jar:0.4.0-2337318-SNAPSHOT]
	at org.apache.ratis.grpc.client.GrpcClientProtocolService$RequestStreamObserver.processClientRequest(GrpcClientProtocolService.java:220) ~[ratis-grpc-0.4.0-2337318-SNAPSHOT.jar:0.4.0-2337318-SNAPSHOT]
	at org.apache.ratis.grpc.client.GrpcClientProtocolService$OrderedRequestStreamObserver.processClientRequest(GrpcClientProtocolService.java:326) ~[ratis-grpc-0.4.0-2337318-SNAPSHOT.jar:0.4.0-2337318-SNAPSHOT]
	at org.apache.ratis.util.SlidingWindow$Server.processRequestsFromHead(SlidingWindow.java:429) [ratis-common-0.4.0-2337318-SNAPSHOT.jar:0.4.0-2337318-SNAPSHOT]
	at org.apache.ratis.util.SlidingWindow$Server.receivedRequest(SlidingWindow.java:421) [ratis-common-0.4.0-2337318-SNAPSHOT.jar:0.4.0-2337318-SNAPSHOT]
	at org.apache.ratis.grpc.client.GrpcClientProtocolService$OrderedRequestStreamObserver.processClientRequest(GrpcClientProtocolService.java:345) [ratis-grpc-0.4.0-2337318-SNAPSHOT.jar:0.4.0-2337318-SNAPSHOT]
	at org.apache.ratis.grpc.client.GrpcClientProtocolService$RequestStreamObserver.onNext(GrpcClientProtocolService.java:240) [ratis-grpc-0.4.0-2337318-SNAPSHOT.jar:0.4.0-2337318-SNAPSHOT]
	at org.apache.ratis.grpc.client.GrpcClientProtocolService$RequestStreamObserver.onNext(GrpcClientProtocolService.java:168) [ratis-grpc-0.4.0-2337318-SNAPSHOT.jar:0.4.0-2337318-SNAPSHOT]
	at org.apache.ratis.thirdparty.io.grpc.stub.ServerCalls$StreamingServerCallHandler$StreamingServerCallListener.onMessage(ServerCalls.java:248) [ratis-thirdparty-misc-0.2.0.jar:0.2.0]
	at org.apache.ratis.thirdparty.io.grpc.internal.ServerCallImpl$ServerStreamListenerImpl.messagesAvailable(ServerCallImpl.java:263) [ratis-thirdparty-misc-0.2.0.jar:0.2.0]
	at org.apache.ratis.thirdparty.io.grpc.internal.ServerImpl$JumpToApplicationThreadServerStreamListener$1MessagesAvailable.runInContext(ServerImpl.java:686) [ratis-thirdparty-misc-0.2.0.jar:0.2.0]
	at org.apache.ratis.thirdparty.io.grpc.internal.ContextRunnable.run(ContextRunnable.java:37) [ratis-thirdparty-misc-0.2.0.jar:0.2.0]
	at org.apache.ratis.thirdparty.io.grpc.internal.SerializingExecutor.run(SerializingExecutor.java:123) [ratis-thirdparty-misc-0.2.0.jar:0.2.0]
	at java.util.concurrent.ThreadPoolExecutor.runWorker(ThreadPoolExecutor.java:1149) [?:1.8.0_212]
	at java.util.concurrent.ThreadPoolExecutor$Worker.run(ThreadPoolExecutor.java:624) [?:1.8.0_212]
	at java.lang.Thread.run(Thread.java:748) [?:1.8.0_212]
2019-07-15 13:52:55,556 INFO  client.GrpcClientProtocolClient (GrpcClientProtocolClient.java:onNext(255)) - client-18070D564618->5f1961c3-0311-4368-b10b-6dd07ca7e99b: receive RaftClientReply:client-18070D564618->5f1961c3-0311-4368-b10b-6dd07ca7e99b@group-99367B1CF06F, cid=153, FAILED org.apache.ratis.protocol.StateMachineException: org.apache.hadoop.hdds.scm.container.common.helpers.ContainerNotOpenException from Server 5f1961c3-0311-4368-b10b-6dd07ca7e99b: Container 1 in CLOSED state, logIndex=0, commits[5f1961c3-0311-4368-b10b-6dd07ca7e99b:c15]
2019-07-15 13:52:55,559 INFO  client.GrpcClientProtocolClient (GrpcClientProtocolClient.java:onNext(255)) - client-18070D564618->5f1961c3-0311-4368-b10b-6dd07ca7e99b: receive RaftClientReply:client-18070D564618->5f1961c3-0311-4368-b10b-6dd07ca7e99b@group-99367B1CF06F, cid=154, FAILED org.apache.ratis.protocol.StateMachineException: org.apache.hadoop.hdds.scm.container.common.helpers.ContainerNotOpenException from Server 5f1961c3-0311-4368-b10b-6dd07ca7e99b: Container 1 in CLOSED state, logIndex=0, commits[5f1961c3-0311-4368-b10b-6dd07ca7e99b:c15]
2019-07-15 13:52:55,662 INFO  client.GrpcClientProtocolClient (GrpcClientProtocolClient.java:onNext(255)) - client-BE01FC677419->955117ab-e0a9-4328-8308-787f8c4c4d1c: receive RaftClientReply:client-BE01FC677419->955117ab-e0a9-4328-8308-787f8c4c4d1c@group-DCB4B47E2A55, cid=155, SUCCESS, logIndex=1, commits[955117ab-e0a9-4328-8308-787f8c4c4d1c:c1]
2019-07-15 13:52:55,686 INFO  client.GrpcClientProtocolClient (GrpcClientProtocolClient.java:onNext(255)) - client-BE01FC677419->955117ab-e0a9-4328-8308-787f8c4c4d1c: receive RaftClientReply:client-BE01FC677419->955117ab-e0a9-4328-8308-787f8c4c4d1c@group-DCB4B47E2A55, cid=156, SUCCESS, logIndex=3, commits[955117ab-e0a9-4328-8308-787f8c4c4d1c:c4]
2019-07-15 13:52:55,737 INFO  client.GrpcClientProtocolClient (GrpcClientProtocolClient.java:onNext(255)) - client-BE01FC677419->955117ab-e0a9-4328-8308-787f8c4c4d1c: receive RaftClientReply:client-BE01FC677419->955117ab-e0a9-4328-8308-787f8c4c4d1c@group-DCB4B47E2A55, cid=157, SUCCESS, logIndex=4, commits[955117ab-e0a9-4328-8308-787f8c4c4d1c:c9]
2019-07-15 13:52:55,737 INFO  client.GrpcClientProtocolClient (GrpcClientProtocolClient.java:onNext(255)) - client-BE01FC677419->955117ab-e0a9-4328-8308-787f8c4c4d1c: receive RaftClientReply:client-BE01FC677419->955117ab-e0a9-4328-8308-787f8c4c4d1c@group-DCB4B47E2A55, cid=158, SUCCESS, logIndex=5, commits[955117ab-e0a9-4328-8308-787f8c4c4d1c:c9]
2019-07-15 13:52:55,738 INFO  client.GrpcClientProtocolClient (GrpcClientProtocolClient.java:onNext(255)) - client-BE01FC677419->955117ab-e0a9-4328-8308-787f8c4c4d1c: receive RaftClientReply:client-BE01FC677419->955117ab-e0a9-4328-8308-787f8c4c4d1c@group-DCB4B47E2A55, cid=159, SUCCESS, logIndex=6, commits[955117ab-e0a9-4328-8308-787f8c4c4d1c:c9]
2019-07-15 13:52:55,739 INFO  client.GrpcClientProtocolClient (GrpcClientProtocolClient.java:onNext(255)) - client-BE01FC677419->955117ab-e0a9-4328-8308-787f8c4c4d1c: receive RaftClientReply:client-BE01FC677419->955117ab-e0a9-4328-8308-787f8c4c4d1c@group-DCB4B47E2A55, cid=160, SUCCESS, logIndex=7, commits[955117ab-e0a9-4328-8308-787f8c4c4d1c:c9]
2019-07-15 13:52:55,755 INFO  client.GrpcClientProtocolClient (GrpcClientProtocolClient.java:onNext(255)) - client-BE01FC677419->955117ab-e0a9-4328-8308-787f8c4c4d1c: receive RaftClientReply:client-BE01FC677419->955117ab-e0a9-4328-8308-787f8c4c4d1c@group-DCB4B47E2A55, cid=161, SUCCESS, logIndex=10, commits[955117ab-e0a9-4328-8308-787f8c4c4d1c:c11]
2019-07-15 13:52:55,755 INFO  client.GrpcClientProtocolClient (GrpcClientProtocolClient.java:onNext(255)) - client-BE01FC677419->955117ab-e0a9-4328-8308-787f8c4c4d1c: receive RaftClientReply:client-BE01FC677419->955117ab-e0a9-4328-8308-787f8c4c4d1c@group-DCB4B47E2A55, cid=162, SUCCESS, logIndex=11, commits[955117ab-e0a9-4328-8308-787f8c4c4d1c:c11]
2019-07-15 13:52:55,789 INFO  pipeline.Pipeline (Pipeline.java:getProtobufMessage(195)) - Serialize pipeline PipelineID=9f5c3f72-1fba-4aad-813e-dcb4b47e2a55 with nodesInOrder{ }
2019-07-15 13:52:55,791 INFO  ozone.MiniOzoneClusterImpl (MiniOzoneClusterImpl.java:shutdown(321)) - Shutting down the Mini Ozone Cluster
2019-07-15 13:52:55,791 INFO  ozone.MiniOzoneClusterImpl (MiniOzoneClusterImpl.java:stop(336)) - Stopping the Mini Ozone Cluster
2019-07-15 13:52:55,791 INFO  ozone.MiniOzoneClusterImpl (MiniOzoneClusterImpl.java:stop(338)) - Stopping the OzoneManager
2019-07-15 13:52:55,791 INFO  ipc.Server (Server.java:stop(3082)) - Stopping server on 43229
2019-07-15 13:52:55,797 INFO  ipc.Server (Server.java:run(1185)) - Stopping IPC Server listener on 43229
2019-07-15 13:52:55,797 INFO  utils.BackgroundService (BackgroundService.java:shutdown(148)) - Shutting down service KeyDeletingService
2019-07-15 13:52:55,803 INFO  ipc.Server (Server.java:run(1319)) - Stopping IPC Server Responder
2019-07-15 13:52:55,829 INFO  handler.ContextHandler (ContextHandler.java:doStop(910)) - Stopped o.e.j.w.WebAppContext@37a14aa1{/,null,UNAVAILABLE}{/ozoneManager}
2019-07-15 13:52:55,830 INFO  server.AbstractConnector (AbstractConnector.java:doStop(318)) - Stopped ServerConnector@6ac4f31d{HTTP/1.1,[http/1.1]}{0.0.0.0:0}
2019-07-15 13:52:55,830 INFO  handler.ContextHandler (ContextHandler.java:doStop(910)) - Stopped o.e.j.s.ServletContextHandler@5a88849{/static,file:///workdir/hadoop-ozone/integration-test/target/test-classes/webapps/static,UNAVAILABLE}
2019-07-15 13:52:55,831 INFO  handler.ContextHandler (ContextHandler.java:doStop(910)) - Stopped o.e.j.s.ServletContextHandler@5c04ec8{/logs,file:///workdir/hadoop-ozone/integration-test/target/log,UNAVAILABLE}
2019-07-15 13:52:55,845 INFO  ozone.MiniOzoneClusterImpl (MiniOzoneClusterImpl.java:stop(344)) - Shutting the HddsDatanodes
2019-07-15 13:52:55,845 INFO  datanode.ObjectStoreHandler (ObjectStoreHandler.java:close(155)) - Closing ObjectStoreHandler.
2019-07-15 13:52:55,845 INFO  datanode.ObjectStoreHandler (ObjectStoreHandler.java:close(155)) - Closing ObjectStoreHandler.
2019-07-15 13:52:55,846 INFO  ozone.HddsDatanodeService (HddsDatanodeService.java:stop(452)) - Stopped plug-in org.apache.hadoop.ozone.web.OzoneHddsDatanodeService@3b8ce72
2019-07-15 13:52:55,846 INFO  ozone.HddsDatanodeService (HddsDatanodeService.java:stop(452)) - Stopped plug-in org.apache.hadoop.ozone.web.OzoneHddsDatanodeService@2604940
2019-07-15 13:52:56,451 INFO  statemachine.DatanodeStateMachine (DatanodeStateMachine.java:lambda$startDaemon$0(350)) - Ozone container server started.
2019-07-15 13:52:56,643 INFO  statemachine.DatanodeStateMachine (DatanodeStateMachine.java:lambda$startDaemon$0(350)) - Ozone container server started.
2019-07-15 13:52:57,749 INFO  impl.FollowerState (FollowerState.java:run(106)) - 54ab0f06-ba9b-4124-99a5-49ffebe21645:group-1BB46EE69953 changes to CANDIDATE, lastRpcTime:5129, electionTimeout:5129ms
2019-07-15 13:52:57,749 INFO  impl.RoleInfo (RoleInfo.java:shutdownFollowerState(121)) - 54ab0f06-ba9b-4124-99a5-49ffebe21645: shutdown FollowerState
2019-07-15 13:52:57,749 INFO  impl.RaftServerImpl (RaftServerImpl.java:setRole(171)) - 54ab0f06-ba9b-4124-99a5-49ffebe21645:group-1BB46EE69953 changes role from FOLLOWER to CANDIDATE at term 1 for changeToCandidate
2019-07-15 13:52:57,749 INFO  impl.RoleInfo (RoleInfo.java:updateAndGet(143)) - 54ab0f06-ba9b-4124-99a5-49ffebe21645: start LeaderElection
2019-07-15 13:52:57,767 INFO  impl.LeaderElection (LeaderElection.java:askForVotes(181)) - 54ab0f06-ba9b-4124-99a5-49ffebe21645:group-1BB46EE69953:LeaderElection61: begin an election at term 2 for -1: [54ab0f06-ba9b-4124-99a5-49ffebe21645:192.168.157.240:36156, 67c28ded-b679-425b-8317-1aa30c7b7865:192.168.157.240:34182, 5f1961c3-0311-4368-b10b-6dd07ca7e99b:192.168.157.240:41860], old=null
2019-07-15 13:52:57,770 INFO  impl.RaftServerImpl (RaftServerImpl.java:setRole(171)) - 67c28ded-b679-425b-8317-1aa30c7b7865:group-1BB46EE69953 changes role from FOLLOWER to FOLLOWER at term 2 for recognizeCandidate:54ab0f06-ba9b-4124-99a5-49ffebe21645
2019-07-15 13:52:57,770 INFO  impl.RaftServerImpl (RaftServerImpl.java:setRole(171)) - 5f1961c3-0311-4368-b10b-6dd07ca7e99b:group-1BB46EE69953 changes role from FOLLOWER to FOLLOWER at term 2 for recognizeCandidate:54ab0f06-ba9b-4124-99a5-49ffebe21645
2019-07-15 13:52:57,771 INFO  impl.RoleInfo (RoleInfo.java:shutdownFollowerState(121)) - 5f1961c3-0311-4368-b10b-6dd07ca7e99b: shutdown FollowerState
2019-07-15 13:52:57,771 INFO  impl.RoleInfo (RoleInfo.java:shutdownFollowerState(121)) - 67c28ded-b679-425b-8317-1aa30c7b7865: shutdown FollowerState
2019-07-15 13:52:57,771 INFO  impl.FollowerState (FollowerState.java:run(114)) - 5f1961c3-0311-4368-b10b-6dd07ca7e99b: FollowerState was interrupted: java.lang.InterruptedException: sleep interrupted
2019-07-15 13:52:57,771 INFO  impl.RoleInfo (RoleInfo.java:updateAndGet(143)) - 5f1961c3-0311-4368-b10b-6dd07ca7e99b: start FollowerState
2019-07-15 13:52:57,774 INFO  impl.FollowerState (FollowerState.java:run(114)) - 67c28ded-b679-425b-8317-1aa30c7b7865: FollowerState was interrupted: java.lang.InterruptedException: sleep interrupted
2019-07-15 13:52:57,772 INFO  impl.RoleInfo (RoleInfo.java:updateAndGet(143)) - 67c28ded-b679-425b-8317-1aa30c7b7865: start FollowerState
2019-07-15 13:52:57,792 INFO  impl.LeaderElection (LeaderElection.java:logAndReturn(56)) - 54ab0f06-ba9b-4124-99a5-49ffebe21645:group-1BB46EE69953:LeaderElection61: Election PASSED; received 1 response(s) [54ab0f06-ba9b-4124-99a5-49ffebe21645<-67c28ded-b679-425b-8317-1aa30c7b7865#0:OK-t2] and 0 exception(s); 54ab0f06-ba9b-4124-99a5-49ffebe21645:t2, leader=null, voted=54ab0f06-ba9b-4124-99a5-49ffebe21645, raftlog=54ab0f06-ba9b-4124-99a5-49ffebe21645-SegmentedRaftLog:OPENED:c-1,f-1,i0, conf=-1: [54ab0f06-ba9b-4124-99a5-49ffebe21645:192.168.157.240:36156, 67c28ded-b679-425b-8317-1aa30c7b7865:192.168.157.240:34182, 5f1961c3-0311-4368-b10b-6dd07ca7e99b:192.168.157.240:41860], old=null
2019-07-15 13:52:57,793 INFO  impl.RoleInfo (RoleInfo.java:shutdownLeaderElection(134)) - 54ab0f06-ba9b-4124-99a5-49ffebe21645: shutdown LeaderElection
2019-07-15 13:52:57,793 INFO  impl.RaftServerImpl (RaftServerImpl.java:setRole(171)) - 54ab0f06-ba9b-4124-99a5-49ffebe21645:group-1BB46EE69953 changes role from CANDIDATE to LEADER at term 2 for changeToLeader
2019-07-15 13:52:57,793 INFO  impl.RaftServerImpl (ServerState.java:setLeader(263)) - 54ab0f06-ba9b-4124-99a5-49ffebe21645:group-1BB46EE69953 change Leader from null to 54ab0f06-ba9b-4124-99a5-49ffebe21645 at term 2 for becomeLeader, leader elected after 10259ms
2019-07-15 13:52:57,793 INFO  server.RaftServerConfigKeys (ConfUtils.java:logGet(43)) - raft.server.staging.catchup.gap = 1000 (default)
2019-07-15 13:52:57,793 INFO  server.RaftServerConfigKeys (ConfUtils.java:logGet(43)) - raft.server.rpc.sleep.time = 25ms (default)
2019-07-15 13:52:57,793 INFO  server.RaftServerConfigKeys (ConfUtils.java:logGet(43)) - raft.server.write.element-limit = 4096 (default)
2019-07-15 13:52:57,794 INFO  server.RaftServerConfigKeys (ConfUtils.java:logGet(43)) - raft.server.watch.timeout = 10s (default)
2019-07-15 13:52:57,794 INFO  server.RaftServerConfigKeys (ConfUtils.java:logGet(43)) - raft.server.watch.timeout.denomination = 1s (default)
2019-07-15 13:52:57,794 INFO  server.RaftServerConfigKeys (ConfUtils.java:logGet(43)) - raft.server.watch.element-limit = 65536 (default)
2019-07-15 13:52:57,794 INFO  server.RaftServerConfigKeys (ConfUtils.java:logGet(43)) - raft.server.log.appender.snapshot.chunk.size.max = 16MB (=16777216) (default)
2019-07-15 13:52:57,794 INFO  server.RaftServerConfigKeys (ConfUtils.java:logGet(43)) - raft.server.log.appender.buffer.byte-limit = 33554432 (custom)
2019-07-15 13:52:57,795 INFO  server.RaftServerConfigKeys (ConfUtils.java:logGet(43)) - raft.server.log.appender.buffer.element-limit = 1 (custom)
2019-07-15 13:52:57,795 INFO  grpc.GrpcConfigKeys$Server (ConfUtils.java:logGet(43)) - raft.grpc.server.leader.outstanding.appends.max = 128 (default)
2019-07-15 13:52:57,795 INFO  server.RaftServerConfigKeys (ConfUtils.java:logGet(43)) - raft.server.rpc.request.timeout = 3000ms (default)
2019-07-15 13:52:57,795 INFO  server.RaftServerConfigKeys (ConfUtils.java:logGet(43)) - raft.server.log.appender.install.snapshot.enabled = false (custom)
2019-07-15 13:52:57,796 INFO  server.RaftServerConfigKeys (ConfUtils.java:logGet(43)) - raft.server.log.appender.snapshot.chunk.size.max = 16MB (=16777216) (default)
2019-07-15 13:52:57,796 INFO  server.RaftServerConfigKeys (ConfUtils.java:logGet(43)) - raft.server.log.appender.buffer.byte-limit = 33554432 (custom)
2019-07-15 13:52:57,796 INFO  server.RaftServerConfigKeys (ConfUtils.java:logGet(43)) - raft.server.log.appender.buffer.element-limit = 1 (custom)
2019-07-15 13:52:57,796 INFO  grpc.GrpcConfigKeys$Server (ConfUtils.java:logGet(43)) - raft.grpc.server.leader.outstanding.appends.max = 128 (default)
2019-07-15 13:52:57,796 INFO  server.RaftServerConfigKeys (ConfUtils.java:logGet(43)) - raft.server.rpc.request.timeout = 3000ms (default)
2019-07-15 13:52:57,796 INFO  server.RaftServerConfigKeys (ConfUtils.java:logGet(43)) - raft.server.log.appender.install.snapshot.enabled = false (custom)
2019-07-15 13:52:57,797 INFO  impl.RoleInfo (RoleInfo.java:updateAndGet(143)) - 54ab0f06-ba9b-4124-99a5-49ffebe21645: start LeaderState
2019-07-15 13:52:57,797 INFO  segmented.SegmentedRaftLogWorker (SegmentedRaftLogWorker.java:startLogSegment(380)) - 54ab0f06-ba9b-4124-99a5-49ffebe21645-SegmentedRaftLogWorker:Storage Directory /workdir/hadoop-ozone/integration-test/target/test-dir/MiniOzoneClusterImpl-57b11f44-691f-4099-bd84-7690158c8d61/datanode-0/data/ratis/8ac7e347-8e64-4ffc-9c68-1bb46ee69953: Starting segment from index:0
2019-07-15 13:52:57,799 INFO  impl.RaftServerImpl (ServerState.java:setRaftConf(361)) - 54ab0f06-ba9b-4124-99a5-49ffebe21645:group-1BB46EE69953 set configuration 0: [54ab0f06-ba9b-4124-99a5-49ffebe21645:192.168.157.240:36156, 67c28ded-b679-425b-8317-1aa30c7b7865:192.168.157.240:34182, 5f1961c3-0311-4368-b10b-6dd07ca7e99b:192.168.157.240:41860], old=null at 0
2019-07-15 13:52:57,818 INFO  impl.RaftServerImpl (ServerState.java:setLeader(263)) - 67c28ded-b679-425b-8317-1aa30c7b7865:group-1BB46EE69953 change Leader from null to 54ab0f06-ba9b-4124-99a5-49ffebe21645 at term 2 for appendEntries, leader elected after 10284ms
2019-07-15 13:52:57,818 INFO  impl.RaftServerImpl (ServerState.java:setLeader(263)) - 5f1961c3-0311-4368-b10b-6dd07ca7e99b:group-1BB46EE69953 change Leader from null to 54ab0f06-ba9b-4124-99a5-49ffebe21645 at term 2 for appendEntries, leader elected after 10284ms
2019-07-15 13:52:57,821 INFO  impl.RaftServerImpl (ServerState.java:setRaftConf(361)) - 67c28ded-b679-425b-8317-1aa30c7b7865:group-1BB46EE69953 set configuration 0: [54ab0f06-ba9b-4124-99a5-49ffebe21645:192.168.157.240:36156, 67c28ded-b679-425b-8317-1aa30c7b7865:192.168.157.240:34182, 5f1961c3-0311-4368-b10b-6dd07ca7e99b:192.168.157.240:41860], old=null at 0
2019-07-15 13:52:57,821 INFO  impl.RaftServerImpl (ServerState.java:setRaftConf(361)) - 5f1961c3-0311-4368-b10b-6dd07ca7e99b:group-1BB46EE69953 set configuration 0: [54ab0f06-ba9b-4124-99a5-49ffebe21645:192.168.157.240:36156, 67c28ded-b679-425b-8317-1aa30c7b7865:192.168.157.240:34182, 5f1961c3-0311-4368-b10b-6dd07ca7e99b:192.168.157.240:41860], old=null at 0
2019-07-15 13:52:57,821 INFO  segmented.SegmentedRaftLogWorker (SegmentedRaftLogWorker.java:startLogSegment(380)) - 67c28ded-b679-425b-8317-1aa30c7b7865-SegmentedRaftLogWorker:Storage Directory /workdir/hadoop-ozone/integration-test/target/test-dir/MiniOzoneClusterImpl-57b11f44-691f-4099-bd84-7690158c8d61/datanode-2/data/ratis/8ac7e347-8e64-4ffc-9c68-1bb46ee69953: Starting segment from index:0
2019-07-15 13:52:57,822 INFO  segmented.SegmentedRaftLogWorker (SegmentedRaftLogWorker.java:startLogSegment(380)) - 5f1961c3-0311-4368-b10b-6dd07ca7e99b-SegmentedRaftLogWorker:Storage Directory /workdir/hadoop-ozone/integration-test/target/test-dir/MiniOzoneClusterImpl-57b11f44-691f-4099-bd84-7690158c8d61/datanode-1/data/ratis/8ac7e347-8e64-4ffc-9c68-1bb46ee69953: Starting segment from index:0
2019-07-15 13:52:57,829 INFO  segmented.SegmentedRaftLogWorker (SegmentedRaftLogWorker.java:execute(569)) - 54ab0f06-ba9b-4124-99a5-49ffebe21645-SegmentedRaftLogWorker:Storage Directory /workdir/hadoop-ozone/integration-test/target/test-dir/MiniOzoneClusterImpl-57b11f44-691f-4099-bd84-7690158c8d61/datanode-0/data/ratis/8ac7e347-8e64-4ffc-9c68-1bb46ee69953: created new log segment /workdir/hadoop-ozone/integration-test/target/test-dir/MiniOzoneClusterImpl-57b11f44-691f-4099-bd84-7690158c8d61/datanode-0/data/ratis/8ac7e347-8e64-4ffc-9c68-1bb46ee69953/current/log_inprogress_0
2019-07-15 13:52:57,851 INFO  segmented.SegmentedRaftLogWorker (SegmentedRaftLogWorker.java:execute(569)) - 67c28ded-b679-425b-8317-1aa30c7b7865-SegmentedRaftLogWorker:Storage Directory /workdir/hadoop-ozone/integration-test/target/test-dir/MiniOzoneClusterImpl-57b11f44-691f-4099-bd84-7690158c8d61/datanode-2/data/ratis/8ac7e347-8e64-4ffc-9c68-1bb46ee69953: created new log segment /workdir/hadoop-ozone/integration-test/target/test-dir/MiniOzoneClusterImpl-57b11f44-691f-4099-bd84-7690158c8d61/datanode-2/data/ratis/8ac7e347-8e64-4ffc-9c68-1bb46ee69953/current/log_inprogress_0
2019-07-15 13:52:57,851 INFO  segmented.SegmentedRaftLogWorker (SegmentedRaftLogWorker.java:execute(569)) - 5f1961c3-0311-4368-b10b-6dd07ca7e99b-SegmentedRaftLogWorker:Storage Directory /workdir/hadoop-ozone/integration-test/target/test-dir/MiniOzoneClusterImpl-57b11f44-691f-4099-bd84-7690158c8d61/datanode-1/data/ratis/8ac7e347-8e64-4ffc-9c68-1bb46ee69953: created new log segment /workdir/hadoop-ozone/integration-test/target/test-dir/MiniOzoneClusterImpl-57b11f44-691f-4099-bd84-7690158c8d61/datanode-1/data/ratis/8ac7e347-8e64-4ffc-9c68-1bb46ee69953/current/log_inprogress_0
2019-07-15 13:52:58,331 INFO  impl.FollowerState (FollowerState.java:run(106)) - 955117ab-e0a9-4328-8308-787f8c4c4d1c:group-769CFCB53D6A changes to CANDIDATE, lastRpcTime:5070, electionTimeout:5070ms
2019-07-15 13:52:58,331 INFO  impl.RoleInfo (RoleInfo.java:shutdownFollowerState(121)) - 955117ab-e0a9-4328-8308-787f8c4c4d1c: shutdown FollowerState
2019-07-15 13:52:58,331 INFO  impl.RaftServerImpl (RaftServerImpl.java:setRole(171)) - 955117ab-e0a9-4328-8308-787f8c4c4d1c:group-769CFCB53D6A changes role from FOLLOWER to CANDIDATE at term 1 for changeToCandidate
2019-07-15 13:52:58,331 INFO  impl.RoleInfo (RoleInfo.java:updateAndGet(143)) - 955117ab-e0a9-4328-8308-787f8c4c4d1c: start LeaderElection
2019-07-15 13:52:58,349 INFO  impl.LeaderElection (LeaderElection.java:askForVotes(181)) - 955117ab-e0a9-4328-8308-787f8c4c4d1c:group-769CFCB53D6A:LeaderElection62: begin an election at term 2 for -1: [955117ab-e0a9-4328-8308-787f8c4c4d1c:192.168.157.240:44676, 6b52d340-8c41-4019-aa96-ad4e6eff3bc9:192.168.157.240:38294, 69b822ba-735c-4922-a471-76e0959298b4:192.168.157.240:34315], old=null
2019-07-15 13:52:58,352 INFO  impl.RaftServerImpl (RaftServerImpl.java:setRole(171)) - 69b822ba-735c-4922-a471-76e0959298b4:group-769CFCB53D6A changes role from FOLLOWER to FOLLOWER at term 2 for recognizeCandidate:955117ab-e0a9-4328-8308-787f8c4c4d1c
2019-07-15 13:52:58,352 INFO  impl.RaftServerImpl (RaftServerImpl.java:setRole(171)) - 6b52d340-8c41-4019-aa96-ad4e6eff3bc9:group-769CFCB53D6A changes role from FOLLOWER to FOLLOWER at term 2 for recognizeCandidate:955117ab-e0a9-4328-8308-787f8c4c4d1c
2019-07-15 13:52:58,353 INFO  impl.RoleInfo (RoleInfo.java:shutdownFollowerState(121)) - 6b52d340-8c41-4019-aa96-ad4e6eff3bc9: shutdown FollowerState
2019-07-15 13:52:58,353 INFO  impl.RoleInfo (RoleInfo.java:shutdownFollowerState(121)) - 69b822ba-735c-4922-a471-76e0959298b4: shutdown FollowerState
2019-07-15 13:52:58,353 INFO  impl.FollowerState (FollowerState.java:run(114)) - 6b52d340-8c41-4019-aa96-ad4e6eff3bc9: FollowerState was interrupted: java.lang.InterruptedException: sleep interrupted
2019-07-15 13:52:58,354 INFO  impl.FollowerState (FollowerState.java:run(114)) - 69b822ba-735c-4922-a471-76e0959298b4: FollowerState was interrupted: java.lang.InterruptedException: sleep interrupted
2019-07-15 13:52:58,353 INFO  impl.RoleInfo (RoleInfo.java:updateAndGet(143)) - 6b52d340-8c41-4019-aa96-ad4e6eff3bc9: start FollowerState
2019-07-15 13:52:58,353 INFO  impl.RoleInfo (RoleInfo.java:updateAndGet(143)) - 69b822ba-735c-4922-a471-76e0959298b4: start FollowerState
2019-07-15 13:52:58,373 INFO  impl.LeaderElection (LeaderElection.java:logAndReturn(56)) - 955117ab-e0a9-4328-8308-787f8c4c4d1c:group-769CFCB53D6A:LeaderElection62: Election PASSED; received 1 response(s) [955117ab-e0a9-4328-8308-787f8c4c4d1c<-6b52d340-8c41-4019-aa96-ad4e6eff3bc9#0:OK-t2] and 0 exception(s); 955117ab-e0a9-4328-8308-787f8c4c4d1c:t2, leader=null, voted=955117ab-e0a9-4328-8308-787f8c4c4d1c, raftlog=955117ab-e0a9-4328-8308-787f8c4c4d1c-SegmentedRaftLog:OPENED:c-1,f-1,i0, conf=-1: [955117ab-e0a9-4328-8308-787f8c4c4d1c:192.168.157.240:44676, 6b52d340-8c41-4019-aa96-ad4e6eff3bc9:192.168.157.240:38294, 69b822ba-735c-4922-a471-76e0959298b4:192.168.157.240:34315], old=null
2019-07-15 13:52:58,373 INFO  impl.RoleInfo (RoleInfo.java:shutdownLeaderElection(134)) - 955117ab-e0a9-4328-8308-787f8c4c4d1c: shutdown LeaderElection
2019-07-15 13:52:58,374 INFO  impl.RaftServerImpl (RaftServerImpl.java:setRole(171)) - 955117ab-e0a9-4328-8308-787f8c4c4d1c:group-769CFCB53D6A changes role from CANDIDATE to LEADER at term 2 for changeToLeader
2019-07-15 13:52:58,374 INFO  impl.RaftServerImpl (ServerState.java:setLeader(263)) - 955117ab-e0a9-4328-8308-787f8c4c4d1c:group-769CFCB53D6A change Leader from null to 955117ab-e0a9-4328-8308-787f8c4c4d1c at term 2 for becomeLeader, leader elected after 10307ms
2019-07-15 13:52:58,374 INFO  server.RaftServerConfigKeys (ConfUtils.java:logGet(43)) - raft.server.staging.catchup.gap = 1000 (default)
2019-07-15 13:52:58,374 INFO  server.RaftServerConfigKeys (ConfUtils.java:logGet(43)) - raft.server.rpc.sleep.time = 25ms (default)
2019-07-15 13:52:58,374 INFO  server.RaftServerConfigKeys (ConfUtils.java:logGet(43)) - raft.server.write.element-limit = 4096 (default)
2019-07-15 13:52:58,375 INFO  server.RaftServerConfigKeys (ConfUtils.java:logGet(43)) - raft.server.watch.timeout = 10s (default)
2019-07-15 13:52:58,375 INFO  server.RaftServerConfigKeys (ConfUtils.java:logGet(43)) - raft.server.watch.timeout.denomination = 1s (default)
2019-07-15 13:52:58,375 INFO  server.RaftServerConfigKeys (ConfUtils.java:logGet(43)) - raft.server.watch.element-limit = 65536 (default)
2019-07-15 13:52:58,375 INFO  server.RaftServerConfigKeys (ConfUtils.java:logGet(43)) - raft.server.log.appender.snapshot.chunk.size.max = 16MB (=16777216) (default)
2019-07-15 13:52:58,375 INFO  server.RaftServerConfigKeys (ConfUtils.java:logGet(43)) - raft.server.log.appender.buffer.byte-limit = 33554432 (custom)
2019-07-15 13:52:58,375 INFO  server.RaftServerConfigKeys (ConfUtils.java:logGet(43)) - raft.server.log.appender.buffer.element-limit = 1 (custom)
2019-07-15 13:52:58,376 INFO  grpc.GrpcConfigKeys$Server (ConfUtils.java:logGet(43)) - raft.grpc.server.leader.outstanding.appends.max = 128 (default)
2019-07-15 13:52:58,376 INFO  server.RaftServerConfigKeys (ConfUtils.java:logGet(43)) - raft.server.rpc.request.timeout = 3000ms (default)
2019-07-15 13:52:58,376 INFO  server.RaftServerConfigKeys (ConfUtils.java:logGet(43)) - raft.server.log.appender.install.snapshot.enabled = false (custom)
2019-07-15 13:52:58,376 INFO  server.RaftServerConfigKeys (ConfUtils.java:logGet(43)) - raft.server.log.appender.snapshot.chunk.size.max = 16MB (=16777216) (default)
2019-07-15 13:52:58,376 INFO  server.RaftServerConfigKeys (ConfUtils.java:logGet(43)) - raft.server.log.appender.buffer.byte-limit = 33554432 (custom)
2019-07-15 13:52:58,377 INFO  server.RaftServerConfigKeys (ConfUtils.java:logGet(43)) - raft.server.log.appender.buffer.element-limit = 1 (custom)
2019-07-15 13:52:58,377 INFO  grpc.GrpcConfigKeys$Server (ConfUtils.java:logGet(43)) - raft.grpc.server.leader.outstanding.appends.max = 128 (default)
2019-07-15 13:52:58,377 INFO  server.RaftServerConfigKeys (ConfUtils.java:logGet(43)) - raft.server.rpc.request.timeout = 3000ms (default)
2019-07-15 13:52:58,377 INFO  server.RaftServerConfigKeys (ConfUtils.java:logGet(43)) - raft.server.log.appender.install.snapshot.enabled = false (custom)
2019-07-15 13:52:58,377 INFO  impl.RoleInfo (RoleInfo.java:updateAndGet(143)) - 955117ab-e0a9-4328-8308-787f8c4c4d1c: start LeaderState
2019-07-15 13:52:58,378 INFO  segmented.SegmentedRaftLogWorker (SegmentedRaftLogWorker.java:startLogSegment(380)) - 955117ab-e0a9-4328-8308-787f8c4c4d1c-SegmentedRaftLogWorker:Storage Directory /workdir/hadoop-ozone/integration-test/target/test-dir/MiniOzoneClusterImpl-57b11f44-691f-4099-bd84-7690158c8d61/datanode-4/data/ratis/fb47f2ad-827b-47ad-b37a-769cfcb53d6a: Starting segment from index:0
2019-07-15 13:52:58,379 INFO  impl.RaftServerImpl (ServerState.java:setRaftConf(361)) - 955117ab-e0a9-4328-8308-787f8c4c4d1c:group-769CFCB53D6A set configuration 0: [955117ab-e0a9-4328-8308-787f8c4c4d1c:192.168.157.240:44676, 6b52d340-8c41-4019-aa96-ad4e6eff3bc9:192.168.157.240:38294, 69b822ba-735c-4922-a471-76e0959298b4:192.168.157.240:34315], old=null at 0
2019-07-15 13:52:58,380 INFO  impl.RaftServerImpl (ServerState.java:setLeader(263)) - 6b52d340-8c41-4019-aa96-ad4e6eff3bc9:group-769CFCB53D6A change Leader from null to 955117ab-e0a9-4328-8308-787f8c4c4d1c at term 2 for appendEntries, leader elected after 10313ms
2019-07-15 13:52:58,380 INFO  impl.RaftServerImpl (ServerState.java:setLeader(263)) - 69b822ba-735c-4922-a471-76e0959298b4:group-769CFCB53D6A change Leader from null to 955117ab-e0a9-4328-8308-787f8c4c4d1c at term 2 for appendEntries, leader elected after 10313ms
2019-07-15 13:52:58,384 INFO  impl.RaftServerImpl (ServerState.java:setRaftConf(361)) - 6b52d340-8c41-4019-aa96-ad4e6eff3bc9:group-769CFCB53D6A set configuration 0: [955117ab-e0a9-4328-8308-787f8c4c4d1c:192.168.157.240:44676, 6b52d340-8c41-4019-aa96-ad4e6eff3bc9:192.168.157.240:38294, 69b822ba-735c-4922-a471-76e0959298b4:192.168.157.240:34315], old=null at 0
2019-07-15 13:52:58,384 INFO  segmented.SegmentedRaftLogWorker (SegmentedRaftLogWorker.java:startLogSegment(380)) - 6b52d340-8c41-4019-aa96-ad4e6eff3bc9-SegmentedRaftLogWorker:Storage Directory /workdir/hadoop-ozone/integration-test/target/test-dir/MiniOzoneClusterImpl-57b11f44-691f-4099-bd84-7690158c8d61/datanode-5/data/ratis/fb47f2ad-827b-47ad-b37a-769cfcb53d6a: Starting segment from index:0
2019-07-15 13:52:58,384 INFO  impl.RaftServerImpl (ServerState.java:setRaftConf(361)) - 69b822ba-735c-4922-a471-76e0959298b4:group-769CFCB53D6A set configuration 0: [955117ab-e0a9-4328-8308-787f8c4c4d1c:192.168.157.240:44676, 6b52d340-8c41-4019-aa96-ad4e6eff3bc9:192.168.157.240:38294, 69b822ba-735c-4922-a471-76e0959298b4:192.168.157.240:34315], old=null at 0
2019-07-15 13:52:58,385 INFO  segmented.SegmentedRaftLogWorker (SegmentedRaftLogWorker.java:startLogSegment(380)) - 69b822ba-735c-4922-a471-76e0959298b4-SegmentedRaftLogWorker:Storage Directory /workdir/hadoop-ozone/integration-test/target/test-dir/MiniOzoneClusterImpl-57b11f44-691f-4099-bd84-7690158c8d61/datanode-3/data/ratis/fb47f2ad-827b-47ad-b37a-769cfcb53d6a: Starting segment from index:0
2019-07-15 13:52:58,411 INFO  segmented.SegmentedRaftLogWorker (SegmentedRaftLogWorker.java:execute(569)) - 955117ab-e0a9-4328-8308-787f8c4c4d1c-SegmentedRaftLogWorker:Storage Directory /workdir/hadoop-ozone/integration-test/target/test-dir/MiniOzoneClusterImpl-57b11f44-691f-4099-bd84-7690158c8d61/datanode-4/data/ratis/fb47f2ad-827b-47ad-b37a-769cfcb53d6a: created new log segment /workdir/hadoop-ozone/integration-test/target/test-dir/MiniOzoneClusterImpl-57b11f44-691f-4099-bd84-7690158c8d61/datanode-4/data/ratis/fb47f2ad-827b-47ad-b37a-769cfcb53d6a/current/log_inprogress_0
2019-07-15 13:52:58,411 INFO  segmented.SegmentedRaftLogWorker (SegmentedRaftLogWorker.java:execute(569)) - 69b822ba-735c-4922-a471-76e0959298b4-SegmentedRaftLogWorker:Storage Directory /workdir/hadoop-ozone/integration-test/target/test-dir/MiniOzoneClusterImpl-57b11f44-691f-4099-bd84-7690158c8d61/datanode-3/data/ratis/fb47f2ad-827b-47ad-b37a-769cfcb53d6a: created new log segment /workdir/hadoop-ozone/integration-test/target/test-dir/MiniOzoneClusterImpl-57b11f44-691f-4099-bd84-7690158c8d61/datanode-3/data/ratis/fb47f2ad-827b-47ad-b37a-769cfcb53d6a/current/log_inprogress_0
2019-07-15 13:52:58,411 INFO  segmented.SegmentedRaftLogWorker (SegmentedRaftLogWorker.java:execute(569)) - 6b52d340-8c41-4019-aa96-ad4e6eff3bc9-SegmentedRaftLogWorker:Storage Directory /workdir/hadoop-ozone/integration-test/target/test-dir/MiniOzoneClusterImpl-57b11f44-691f-4099-bd84-7690158c8d61/datanode-5/data/ratis/fb47f2ad-827b-47ad-b37a-769cfcb53d6a: created new log segment /workdir/hadoop-ozone/integration-test/target/test-dir/MiniOzoneClusterImpl-57b11f44-691f-4099-bd84-7690158c8d61/datanode-5/data/ratis/fb47f2ad-827b-47ad-b37a-769cfcb53d6a/current/log_inprogress_0
2019-07-15 13:53:00,464 INFO  node.StaleNodeHandler (StaleNodeHandler.java:onMessage(58)) - Datanode 5f1961c3-0311-4368-b10b-6dd07ca7e99b{ip: 192.168.157.240, host: trunk-nightly-hvlc9-701369690, networkLocation: /default-rack, certSerialId: null} moved to stale state. Finalizing its pipelines [PipelineID=8ac7e347-8e64-4ffc-9c68-1bb46ee69953, PipelineID=cf57ce9b-0c3b-407e-b8d3-99367b1cf06f]
2019-07-15 13:53:00,465 INFO  pipeline.SCMPipelineManager (SCMPipelineManager.java:finalizeAndDestroyPipeline(309)) - destroying pipeline:Pipeline[ Id: 8ac7e347-8e64-4ffc-9c68-1bb46ee69953, Nodes: 5f1961c3-0311-4368-b10b-6dd07ca7e99b{ip: 192.168.157.240, host: trunk-nightly-hvlc9-701369690, networkLocation: /default-rack, certSerialId: null}67c28ded-b679-425b-8317-1aa30c7b7865{ip: 192.168.157.240, host: trunk-nightly-hvlc9-701369690, networkLocation: /default-rack, certSerialId: null}54ab0f06-ba9b-4124-99a5-49ffebe21645{ip: 192.168.157.240, host: trunk-nightly-hvlc9-701369690, networkLocation: /default-rack, certSerialId: null}, Type:RATIS, Factor:THREE, State:OPEN]
2019-07-15 13:53:00,465 INFO  pipeline.PipelineStateManager (PipelineStateManager.java:finalizePipeline(123)) - Pipeline Pipeline[ Id: 8ac7e347-8e64-4ffc-9c68-1bb46ee69953, Nodes: 5f1961c3-0311-4368-b10b-6dd07ca7e99b{ip: 192.168.157.240, host: trunk-nightly-hvlc9-701369690, networkLocation: /default-rack, certSerialId: null}67c28ded-b679-425b-8317-1aa30c7b7865{ip: 192.168.157.240, host: trunk-nightly-hvlc9-701369690, networkLocation: /default-rack, certSerialId: null}54ab0f06-ba9b-4124-99a5-49ffebe21645{ip: 192.168.157.240, host: trunk-nightly-hvlc9-701369690, networkLocation: /default-rack, certSerialId: null}, Type:RATIS, Factor:THREE, State:CLOSED] moved to CLOSED state
2019-07-15 13:53:00,465 INFO  pipeline.SCMPipelineManager (SCMPipelineManager.java:finalizeAndDestroyPipeline(309)) - destroying pipeline:Pipeline[ Id: cf57ce9b-0c3b-407e-b8d3-99367b1cf06f, Nodes: 5f1961c3-0311-4368-b10b-6dd07ca7e99b{ip: 192.168.157.240, host: trunk-nightly-hvlc9-701369690, networkLocation: /default-rack, certSerialId: null}, Type:RATIS, Factor:ONE, State:OPEN]
2019-07-15 13:53:00,466 INFO  pipeline.PipelineStateManager (PipelineStateManager.java:finalizePipeline(123)) - Pipeline Pipeline[ Id: cf57ce9b-0c3b-407e-b8d3-99367b1cf06f, Nodes: 5f1961c3-0311-4368-b10b-6dd07ca7e99b{ip: 192.168.157.240, host: trunk-nightly-hvlc9-701369690, networkLocation: /default-rack, certSerialId: null}, Type:RATIS, Factor:ONE, State:CLOSED] moved to CLOSED state
2019-07-15 13:53:00,665 INFO  node.StaleNodeHandler (StaleNodeHandler.java:onMessage(58)) - Datanode 955117ab-e0a9-4328-8308-787f8c4c4d1c{ip: 192.168.157.240, host: trunk-nightly-hvlc9-701369690, networkLocation: /default-rack, certSerialId: null} moved to stale state. Finalizing its pipelines [PipelineID=fb47f2ad-827b-47ad-b37a-769cfcb53d6a, PipelineID=9f5c3f72-1fba-4aad-813e-dcb4b47e2a55]
2019-07-15 13:53:00,665 INFO  pipeline.SCMPipelineManager (SCMPipelineManager.java:finalizeAndDestroyPipeline(309)) - destroying pipeline:Pipeline[ Id: fb47f2ad-827b-47ad-b37a-769cfcb53d6a, Nodes: 6b52d340-8c41-4019-aa96-ad4e6eff3bc9{ip: 192.168.157.240, host: trunk-nightly-hvlc9-701369690, networkLocation: /default-rack, certSerialId: null}69b822ba-735c-4922-a471-76e0959298b4{ip: 192.168.157.240, host: trunk-nightly-hvlc9-701369690, networkLocation: /default-rack, certSerialId: null}955117ab-e0a9-4328-8308-787f8c4c4d1c{ip: 192.168.157.240, host: trunk-nightly-hvlc9-701369690, networkLocation: /default-rack, certSerialId: null}, Type:RATIS, Factor:THREE, State:OPEN]
2019-07-15 13:53:00,665 INFO  pipeline.PipelineStateManager (PipelineStateManager.java:finalizePipeline(123)) - Pipeline Pipeline[ Id: fb47f2ad-827b-47ad-b37a-769cfcb53d6a, Nodes: 6b52d340-8c41-4019-aa96-ad4e6eff3bc9{ip: 192.168.157.240, host: trunk-nightly-hvlc9-701369690, networkLocation: /default-rack, certSerialId: null}69b822ba-735c-4922-a471-76e0959298b4{ip: 192.168.157.240, host: trunk-nightly-hvlc9-701369690, networkLocation: /default-rack, certSerialId: null}955117ab-e0a9-4328-8308-787f8c4c4d1c{ip: 192.168.157.240, host: trunk-nightly-hvlc9-701369690, networkLocation: /default-rack, certSerialId: null}, Type:RATIS, Factor:THREE, State:CLOSED] moved to CLOSED state
2019-07-15 13:53:00,665 INFO  pipeline.SCMPipelineManager (SCMPipelineManager.java:finalizeAndDestroyPipeline(309)) - destroying pipeline:Pipeline[ Id: 9f5c3f72-1fba-4aad-813e-dcb4b47e2a55, Nodes: 955117ab-e0a9-4328-8308-787f8c4c4d1c{ip: 192.168.157.240, host: trunk-nightly-hvlc9-701369690, networkLocation: /default-rack, certSerialId: null}, Type:RATIS, Factor:ONE, State:OPEN]
2019-07-15 13:53:00,666 INFO  pipeline.PipelineStateManager (PipelineStateManager.java:finalizePipeline(123)) - Pipeline Pipeline[ Id: 9f5c3f72-1fba-4aad-813e-dcb4b47e2a55, Nodes: 955117ab-e0a9-4328-8308-787f8c4c4d1c{ip: 192.168.157.240, host: trunk-nightly-hvlc9-701369690, networkLocation: /default-rack, certSerialId: null}, Type:RATIS, Factor:ONE, State:CLOSED] moved to CLOSED state
2019-07-15 13:53:00,666 INFO  container.CloseContainerEventHandler (CloseContainerEventHandler.java:onMessage(61)) - Close container Event triggered for container : #2
2019-07-15 13:53:00,846 INFO  ozoneimpl.OzoneContainer (OzoneContainer.java:stop(199)) - Attempting to stop container services.
2019-07-15 13:53:00,846 INFO  ozoneimpl.OzoneContainer (OzoneContainer.java:stop(199)) - Attempting to stop container services.
2019-07-15 13:53:00,847 INFO  impl.RaftServerProxy (RaftServerProxy.java:lambda$close$4(314)) - 955117ab-e0a9-4328-8308-787f8c4c4d1c: close
2019-07-15 13:53:00,847 INFO  impl.RaftServerProxy (RaftServerProxy.java:lambda$close$4(314)) - 5f1961c3-0311-4368-b10b-6dd07ca7e99b: close
2019-07-15 13:53:00,848 INFO  impl.RaftServerImpl (RaftServerImpl.java:lambda$shutdown$3(245)) - 955117ab-e0a9-4328-8308-787f8c4c4d1c: shutdown group-769CFCB53D6A
2019-07-15 13:53:00,848 INFO  impl.RaftServerImpl (RaftServerImpl.java:lambda$shutdown$3(245)) - 5f1961c3-0311-4368-b10b-6dd07ca7e99b: shutdown group-1BB46EE69953
2019-07-15 13:53:00,848 INFO  util.JmxRegister (JmxRegister.java:unregister(73)) - Successfully un-registered JMX Bean with object name Ratis:service=RaftServer,group=group-769CFCB53D6A,id=955117ab-e0a9-4328-8308-787f8c4c4d1c
2019-07-15 13:53:00,849 INFO  impl.RoleInfo (RoleInfo.java:shutdownLeaderState(104)) - 955117ab-e0a9-4328-8308-787f8c4c4d1c: shutdown LeaderState
2019-07-15 13:53:00,849 INFO  util.JmxRegister (JmxRegister.java:unregister(73)) - Successfully un-registered JMX Bean with object name Ratis:service=RaftServer,group=group-1BB46EE69953,id=5f1961c3-0311-4368-b10b-6dd07ca7e99b
2019-07-15 13:53:00,856 WARN  server.GrpcLogAppender (GrpcLogAppender.java:mayWait(143)) - GrpcLogAppender(955117ab-e0a9-4328-8308-787f8c4c4d1c->69b822ba-735c-4922-a471-76e0959298b4): Wait interrupted by java.lang.InterruptedException
2019-07-15 13:53:00,856 INFO  impl.PendingRequests (PendingRequests.java:sendNotLeaderResponses(202)) - 955117ab-e0a9-4328-8308-787f8c4c4d1c-PendingRequests: sendNotLeaderResponses
2019-07-15 13:53:00,856 INFO  server.GrpcServerProtocolService (GrpcServerProtocolService.java:onCompleted(104)) - 69b822ba-735c-4922-a471-76e0959298b4: appendEntries completed
2019-07-15 13:53:00,856 WARN  server.GrpcLogAppender (GrpcLogAppender.java:mayWait(143)) - GrpcLogAppender(955117ab-e0a9-4328-8308-787f8c4c4d1c->6b52d340-8c41-4019-aa96-ad4e6eff3bc9): Wait interrupted by java.lang.InterruptedException
2019-07-15 13:53:00,857 INFO  impl.StateMachineUpdater (StateMachineUpdater.java:stopAndJoin(115)) - StateMachineUpdater:955117ab-e0a9-4328-8308-787f8c4c4d1c:group-769CFCB53D6A: set stopIndex = 0
2019-07-15 13:53:00,857 INFO  impl.RaftServerImpl (ServerState.java:close(394)) - 955117ab-e0a9-4328-8308-787f8c4c4d1c:group-769CFCB53D6A closes. The last applied log index is 0
2019-07-15 13:53:00,856 INFO  impl.RoleInfo (RoleInfo.java:shutdownFollowerState(121)) - 5f1961c3-0311-4368-b10b-6dd07ca7e99b: shutdown FollowerState
2019-07-15 13:53:00,858 INFO  segmented.SegmentedRaftLogWorker (SegmentedRaftLogWorker.java:run(313)) - 955117ab-e0a9-4328-8308-787f8c4c4d1c-SegmentedRaftLogWorker:Storage Directory /workdir/hadoop-ozone/integration-test/target/test-dir/MiniOzoneClusterImpl-57b11f44-691f-4099-bd84-7690158c8d61/datanode-4/data/ratis/fb47f2ad-827b-47ad-b37a-769cfcb53d6a was interrupted, exiting. There are 0 tasks remaining in the queue.
2019-07-15 13:53:00,858 INFO  impl.FollowerState (FollowerState.java:run(114)) - 5f1961c3-0311-4368-b10b-6dd07ca7e99b: FollowerState was interrupted: java.lang.InterruptedException: sleep interrupted
2019-07-15 13:53:00,857 INFO  server.GrpcLogAppender (GrpcLogAppender.java:onCompleted(292)) - 955117ab-e0a9-4328-8308-787f8c4c4d1c->69b822ba-735c-4922-a471-76e0959298b4: follower responses appendEntries COMPLETED
2019-07-15 13:53:00,857 INFO  server.GrpcServerProtocolService (GrpcServerProtocolService.java:onCompleted(104)) - 6b52d340-8c41-4019-aa96-ad4e6eff3bc9: appendEntries completed
2019-07-15 13:53:00,864 INFO  segmented.SegmentedRaftLogWorker (SegmentedRaftLogWorker.java:close(228)) - 955117ab-e0a9-4328-8308-787f8c4c4d1c-SegmentedRaftLogWorker:Storage Directory /workdir/hadoop-ozone/integration-test/target/test-dir/MiniOzoneClusterImpl-57b11f44-691f-4099-bd84-7690158c8d61/datanode-4/data/ratis/fb47f2ad-827b-47ad-b37a-769cfcb53d6a close()
2019-07-15 13:53:00,858 INFO  impl.StateMachineUpdater (StateMachineUpdater.java:stopAndJoin(115)) - StateMachineUpdater:5f1961c3-0311-4368-b10b-6dd07ca7e99b:group-1BB46EE69953: set stopIndex = 0
2019-07-15 13:53:00,880 INFO  server.GrpcLogAppender (GrpcLogAppender.java:onCompleted(292)) - 955117ab-e0a9-4328-8308-787f8c4c4d1c->6b52d340-8c41-4019-aa96-ad4e6eff3bc9: follower responses appendEntries COMPLETED
2019-07-15 13:53:00,880 INFO  impl.RaftServerImpl (RaftServerImpl.java:lambda$shutdown$3(245)) - 955117ab-e0a9-4328-8308-787f8c4c4d1c: shutdown group-DCB4B47E2A55
2019-07-15 13:53:00,864 INFO  impl.FollowerInfo (FollowerInfo.java:lambda$new$0(50)) - 955117ab-e0a9-4328-8308-787f8c4c4d1c->69b822ba-735c-4922-a471-76e0959298b4: nextIndex: updateUnconditionally 1 -> 0
2019-07-15 13:53:00,881 INFO  util.JmxRegister (JmxRegister.java:unregister(73)) - Successfully un-registered JMX Bean with object name Ratis:service=RaftServer,group=group-DCB4B47E2A55,id=955117ab-e0a9-4328-8308-787f8c4c4d1c
2019-07-15 13:53:00,882 INFO  impl.RoleInfo (RoleInfo.java:shutdownLeaderState(104)) - 955117ab-e0a9-4328-8308-787f8c4c4d1c: shutdown LeaderState
2019-07-15 13:53:00,881 INFO  impl.FollowerInfo (FollowerInfo.java:lambda$new$0(50)) - 955117ab-e0a9-4328-8308-787f8c4c4d1c->6b52d340-8c41-4019-aa96-ad4e6eff3bc9: nextIndex: updateUnconditionally 1 -> 0
2019-07-15 13:53:00,881 INFO  impl.RaftServerImpl (ServerState.java:close(394)) - 5f1961c3-0311-4368-b10b-6dd07ca7e99b:group-1BB46EE69953 closes. The last applied log index is 0
2019-07-15 13:53:00,882 INFO  impl.PendingRequests (PendingRequests.java:sendNotLeaderResponses(202)) - 955117ab-e0a9-4328-8308-787f8c4c4d1c-PendingRequests: sendNotLeaderResponses
2019-07-15 13:53:00,883 INFO  segmented.SegmentedRaftLogWorker (SegmentedRaftLogWorker.java:run(313)) - 5f1961c3-0311-4368-b10b-6dd07ca7e99b-SegmentedRaftLogWorker:Storage Directory /workdir/hadoop-ozone/integration-test/target/test-dir/MiniOzoneClusterImpl-57b11f44-691f-4099-bd84-7690158c8d61/datanode-1/data/ratis/8ac7e347-8e64-4ffc-9c68-1bb46ee69953 was interrupted, exiting. There are 0 tasks remaining in the queue.
2019-07-15 13:53:00,891 INFO  segmented.SegmentedRaftLogWorker (SegmentedRaftLogWorker.java:close(228)) - 5f1961c3-0311-4368-b10b-6dd07ca7e99b-SegmentedRaftLogWorker:Storage Directory /workdir/hadoop-ozone/integration-test/target/test-dir/MiniOzoneClusterImpl-57b11f44-691f-4099-bd84-7690158c8d61/datanode-1/data/ratis/8ac7e347-8e64-4ffc-9c68-1bb46ee69953 close()
2019-07-15 13:53:00,892 INFO  ratis.ContainerStateMachine (ContainerStateMachine.java:takeSnapshot(249)) - group-DCB4B47E2A55: Taking a snapshot at:(t:1, i:11) file /workdir/hadoop-ozone/integration-test/target/test-dir/MiniOzoneClusterImpl-57b11f44-691f-4099-bd84-7690158c8d61/datanode-4/data/ratis/9f5c3f72-1fba-4aad-813e-dcb4b47e2a55/sm/snapshot.1_11
2019-07-15 13:53:00,891 INFO  impl.StateMachineUpdater (StateMachineUpdater.java:stopAndJoin(115)) - StateMachineUpdater:955117ab-e0a9-4328-8308-787f8c4c4d1c:group-DCB4B47E2A55: set stopIndex = 12
2019-07-15 13:53:00,895 INFO  impl.RaftServerImpl (RaftServerImpl.java:lambda$shutdown$3(245)) - 5f1961c3-0311-4368-b10b-6dd07ca7e99b: shutdown group-99367B1CF06F
2019-07-15 13:53:00,895 INFO  ratis.ContainerStateMachine (ContainerStateMachine.java:takeSnapshot(257)) - group-DCB4B47E2A55: Finished taking a snapshot at:(t:1, i:11) file:/workdir/hadoop-ozone/integration-test/target/test-dir/MiniOzoneClusterImpl-57b11f44-691f-4099-bd84-7690158c8d61/datanode-4/data/ratis/9f5c3f72-1fba-4aad-813e-dcb4b47e2a55/sm/snapshot.1_11 time:4
2019-07-15 13:53:00,896 INFO  util.JmxRegister (JmxRegister.java:unregister(73)) - Successfully un-registered JMX Bean with object name Ratis:service=RaftServer,group=group-99367B1CF06F,id=5f1961c3-0311-4368-b10b-6dd07ca7e99b
2019-07-15 13:53:00,896 INFO  impl.StateMachineUpdater (StateMachineUpdater.java:takeSnapshot(242)) - StateMachineUpdater:955117ab-e0a9-4328-8308-787f8c4c4d1c:group-DCB4B47E2A55: Took a snapshot at index 11
2019-07-15 13:53:00,896 INFO  impl.RoleInfo (RoleInfo.java:shutdownLeaderState(104)) - 5f1961c3-0311-4368-b10b-6dd07ca7e99b: shutdown LeaderState
2019-07-15 13:53:00,896 INFO  impl.StateMachineUpdater (StateMachineUpdater.java:lambda$new$0(80)) - StateMachineUpdater:955117ab-e0a9-4328-8308-787f8c4c4d1c:group-DCB4B47E2A55: snapshotIndex: updateIncreasingly -1 -> 11
2019-07-15 13:53:00,897 INFO  impl.PendingRequests (PendingRequests.java:sendNotLeaderResponses(202)) - 5f1961c3-0311-4368-b10b-6dd07ca7e99b-PendingRequests: sendNotLeaderResponses
2019-07-15 13:53:00,897 INFO  impl.RaftServerImpl (ServerState.java:close(394)) - 955117ab-e0a9-4328-8308-787f8c4c4d1c:group-DCB4B47E2A55 closes. The last applied log index is 12
2019-07-15 13:53:00,906 INFO  impl.StateMachineUpdater (StateMachineUpdater.java:stopAndJoin(115)) - StateMachineUpdater:5f1961c3-0311-4368-b10b-6dd07ca7e99b:group-99367B1CF06F: set stopIndex = 15
2019-07-15 13:53:00,906 INFO  segmented.SegmentedRaftLogWorker (SegmentedRaftLogWorker.java:run(313)) - 955117ab-e0a9-4328-8308-787f8c4c4d1c-SegmentedRaftLogWorker:Storage Directory /workdir/hadoop-ozone/integration-test/target/test-dir/MiniOzoneClusterImpl-57b11f44-691f-4099-bd84-7690158c8d61/datanode-4/data/ratis/9f5c3f72-1fba-4aad-813e-dcb4b47e2a55 was interrupted, exiting. There are 0 tasks remaining in the queue.
2019-07-15 13:53:00,906 INFO  ratis.ContainerStateMachine (ContainerStateMachine.java:takeSnapshot(249)) - group-99367B1CF06F: Taking a snapshot at:(t:1, i:15) file /workdir/hadoop-ozone/integration-test/target/test-dir/MiniOzoneClusterImpl-57b11f44-691f-4099-bd84-7690158c8d61/datanode-1/data/ratis/cf57ce9b-0c3b-407e-b8d3-99367b1cf06f/sm/snapshot.1_15
2019-07-15 13:53:00,909 INFO  segmented.SegmentedRaftLogWorker (SegmentedRaftLogWorker.java:close(228)) - 955117ab-e0a9-4328-8308-787f8c4c4d1c-SegmentedRaftLogWorker:Storage Directory /workdir/hadoop-ozone/integration-test/target/test-dir/MiniOzoneClusterImpl-57b11f44-691f-4099-bd84-7690158c8d61/datanode-4/data/ratis/9f5c3f72-1fba-4aad-813e-dcb4b47e2a55 close()
2019-07-15 13:53:00,909 INFO  ratis.ContainerStateMachine (ContainerStateMachine.java:takeSnapshot(257)) - group-99367B1CF06F: Finished taking a snapshot at:(t:1, i:15) file:/workdir/hadoop-ozone/integration-test/target/test-dir/MiniOzoneClusterImpl-57b11f44-691f-4099-bd84-7690158c8d61/datanode-1/data/ratis/cf57ce9b-0c3b-407e-b8d3-99367b1cf06f/sm/snapshot.1_15 time:3
2019-07-15 13:53:00,912 INFO  server.GrpcService (GrpcService.java:closeImpl(155)) - 955117ab-e0a9-4328-8308-787f8c4c4d1c: shutdown server with port 44676 now
2019-07-15 13:53:00,912 INFO  impl.StateMachineUpdater (StateMachineUpdater.java:takeSnapshot(242)) - StateMachineUpdater:5f1961c3-0311-4368-b10b-6dd07ca7e99b:group-99367B1CF06F: Took a snapshot at index 15
2019-07-15 13:53:00,913 INFO  impl.StateMachineUpdater (StateMachineUpdater.java:lambda$new$0(80)) - StateMachineUpdater:5f1961c3-0311-4368-b10b-6dd07ca7e99b:group-99367B1CF06F: snapshotIndex: updateIncreasingly -1 -> 15
2019-07-15 13:53:00,913 INFO  impl.RaftServerImpl (ServerState.java:close(394)) - 5f1961c3-0311-4368-b10b-6dd07ca7e99b:group-99367B1CF06F closes. The last applied log index is 15
2019-07-15 13:53:00,913 INFO  server.GrpcService (GrpcService.java:closeImpl(163)) - 955117ab-e0a9-4328-8308-787f8c4c4d1c: shutdown server with port 44676 successfully
2019-07-15 13:53:00,913 INFO  segmented.SegmentedRaftLogWorker (SegmentedRaftLogWorker.java:run(313)) - 5f1961c3-0311-4368-b10b-6dd07ca7e99b-SegmentedRaftLogWorker:Storage Directory /workdir/hadoop-ozone/integration-test/target/test-dir/MiniOzoneClusterImpl-57b11f44-691f-4099-bd84-7690158c8d61/datanode-1/data/ratis/cf57ce9b-0c3b-407e-b8d3-99367b1cf06f was interrupted, exiting. There are 0 tasks remaining in the queue.
2019-07-15 13:53:00,916 INFO  segmented.SegmentedRaftLogWorker (SegmentedRaftLogWorker.java:close(228)) - 5f1961c3-0311-4368-b10b-6dd07ca7e99b-SegmentedRaftLogWorker:Storage Directory /workdir/hadoop-ozone/integration-test/target/test-dir/MiniOzoneClusterImpl-57b11f44-691f-4099-bd84-7690158c8d61/datanode-1/data/ratis/cf57ce9b-0c3b-407e-b8d3-99367b1cf06f close()
2019-07-15 13:53:00,919 INFO  server.GrpcService (GrpcService.java:closeImpl(155)) - 5f1961c3-0311-4368-b10b-6dd07ca7e99b: shutdown server with port 41860 now
2019-07-15 13:53:00,920 WARN  server.GrpcServerProtocolService (LogUtils.java:warn(134)) - 5f1961c3-0311-4368-b10b-6dd07ca7e99b: appendEntries onError: org.apache.ratis.thirdparty.io.grpc.StatusRuntimeException: CANCELLED: cancelled before receiving half close
2019-07-15 13:53:00,920 INFO  utils.BackgroundService (BackgroundService.java:shutdown(148)) - Shutting down service BlockDeletingService
2019-07-15 13:53:00,920 INFO  server.GrpcService (GrpcService.java:closeImpl(163)) - 5f1961c3-0311-4368-b10b-6dd07ca7e99b: shutdown server with port 41860 successfully
2019-07-15 13:53:00,920 WARN  server.GrpcLogAppender (LogUtils.java:warn(134)) - 54ab0f06-ba9b-4124-99a5-49ffebe21645->5f1961c3-0311-4368-b10b-6dd07ca7e99b: Failed appendEntries: org.apache.ratis.thirdparty.io.grpc.StatusRuntimeException: CANCELLED: HTTP/2 error code: CANCEL
Received Rst Stream
2019-07-15 13:53:00,921 INFO  impl.FollowerInfo (FollowerInfo.java:lambda$new$0(50)) - 54ab0f06-ba9b-4124-99a5-49ffebe21645->5f1961c3-0311-4368-b10b-6dd07ca7e99b: nextIndex: updateUnconditionally 1 -> 0
2019-07-15 13:53:00,921 WARN  fs.CachingGetSpaceUsed (CachingGetSpaceUsed.java:run(183)) - Thread Interrupted waiting to refresh disk information: sleep interrupted
2019-07-15 13:53:00,923 INFO  utils.BackgroundService (BackgroundService.java:shutdown(148)) - Shutting down service BlockDeletingService
2019-07-15 13:53:00,929 WARN  fs.CachingGetSpaceUsed (CachingGetSpaceUsed.java:run(183)) - Thread Interrupted waiting to refresh disk information: sleep interrupted
2019-07-15 13:53:00,951 INFO  statemachine.DatanodeStateMachine (DatanodeStateMachine.java:stopDaemon(395)) - Ozone container server stopped.
2019-07-15 13:53:00,953 INFO  statemachine.DatanodeStateMachine (DatanodeStateMachine.java:stopDaemon(395)) - Ozone container server stopped.
2019-07-15 13:53:00,960 INFO  handler.ContextHandler (ContextHandler.java:doStop(910)) - Stopped o.e.j.w.WebAppContext@3ba815ee{/,null,UNAVAILABLE}{/hddsDatanode}
2019-07-15 13:53:00,960 INFO  handler.ContextHandler (ContextHandler.java:doStop(910)) - Stopped o.e.j.w.WebAppContext@11b74ecb{/,null,UNAVAILABLE}{/hddsDatanode}
2019-07-15 13:53:00,961 INFO  server.AbstractConnector (AbstractConnector.java:doStop(318)) - Stopped ServerConnector@2fbd47b7{HTTP/1.1,[http/1.1]}{0.0.0.0:0}
2019-07-15 13:53:00,963 INFO  server.AbstractConnector (AbstractConnector.java:doStop(318)) - Stopped ServerConnector@78839c2e{HTTP/1.1,[http/1.1]}{0.0.0.0:0}
2019-07-15 13:53:00,963 INFO  handler.ContextHandler (ContextHandler.java:doStop(910)) - Stopped o.e.j.s.ServletContextHandler@3bc33ad9{/static,jar:file:/home/user/.m2/repository/org/apache/hadoop/hadoop-hdds-container-service/0.5.0-SNAPSHOT/hadoop-hdds-container-service-0.5.0-SNAPSHOT.jar!/webapps/static,UNAVAILABLE}
2019-07-15 13:53:00,963 INFO  handler.ContextHandler (ContextHandler.java:doStop(910)) - Stopped o.e.j.s.ServletContextHandler@1500edf3{/static,jar:file:/home/user/.m2/repository/org/apache/hadoop/hadoop-hdds-container-service/0.5.0-SNAPSHOT/hadoop-hdds-container-service-0.5.0-SNAPSHOT.jar!/webapps/static,UNAVAILABLE}
2019-07-15 13:53:00,967 INFO  handler.ContextHandler (ContextHandler.java:doStop(910)) - Stopped o.e.j.s.ServletContextHandler@6905d030{/logs,file:///workdir/hadoop-ozone/integration-test/target/log,UNAVAILABLE}
2019-07-15 13:53:00,967 INFO  handler.ContextHandler (ContextHandler.java:doStop(910)) - Stopped o.e.j.s.ServletContextHandler@45430a27{/logs,file:///workdir/hadoop-ozone/integration-test/target/log,UNAVAILABLE}
2019-07-15 13:53:00,968 INFO  datanode.ObjectStoreHandler (ObjectStoreHandler.java:close(155)) - Closing ObjectStoreHandler.
2019-07-15 13:53:00,969 INFO  datanode.ObjectStoreHandler (ObjectStoreHandler.java:close(155)) - Closing ObjectStoreHandler.
2019-07-15 13:53:00,969 INFO  ozone.HddsDatanodeService (HddsDatanodeService.java:stop(452)) - Stopped plug-in org.apache.hadoop.ozone.web.OzoneHddsDatanodeService@35c9f527
2019-07-15 13:53:00,969 INFO  ozone.HddsDatanodeService (HddsDatanodeService.java:stop(452)) - Stopped plug-in org.apache.hadoop.ozone.web.OzoneHddsDatanodeService@155767a7
2019-07-15 13:53:01,448 INFO  statemachine.DatanodeStateMachine (DatanodeStateMachine.java:lambda$startDaemon$0(350)) - Ozone container server started.
2019-07-15 13:53:01,614 INFO  statemachine.DatanodeStateMachine (DatanodeStateMachine.java:lambda$startDaemon$0(350)) - Ozone container server started.
2019-07-15 13:53:02,869 WARN  server.GrpcLogAppender (LogUtils.java:warn(134)) - 54ab0f06-ba9b-4124-99a5-49ffebe21645->5f1961c3-0311-4368-b10b-6dd07ca7e99b: Failed appendEntries: org.apache.ratis.thirdparty.io.grpc.StatusRuntimeException: UNAVAILABLE: io exception
2019-07-15 13:53:02,869 INFO  impl.FollowerInfo (FollowerInfo.java:lambda$new$0(50)) - 54ab0f06-ba9b-4124-99a5-49ffebe21645->5f1961c3-0311-4368-b10b-6dd07ca7e99b: nextIndex: updateUnconditionally 0 -> 0
2019-07-15 13:53:05,369 WARN  server.GrpcLogAppender (LogUtils.java:warn(134)) - 54ab0f06-ba9b-4124-99a5-49ffebe21645->5f1961c3-0311-4368-b10b-6dd07ca7e99b: Failed appendEntries: org.apache.ratis.thirdparty.io.grpc.StatusRuntimeException: UNAVAILABLE: io exception
2019-07-15 13:53:05,370 INFO  impl.FollowerInfo (FollowerInfo.java:lambda$new$0(50)) - 54ab0f06-ba9b-4124-99a5-49ffebe21645->5f1961c3-0311-4368-b10b-6dd07ca7e99b: nextIndex: updateUnconditionally 0 -> 0
2019-07-15 13:53:05,486 INFO  node.StaleNodeHandler (StaleNodeHandler.java:onMessage(58)) - Datanode 67c28ded-b679-425b-8317-1aa30c7b7865{ip: 192.168.157.240, host: trunk-nightly-hvlc9-701369690, networkLocation: /default-rack, certSerialId: null} moved to stale state. Finalizing its pipelines [PipelineID=644d51d8-30d4-4036-8dc5-1cdffeea6117, PipelineID=8ac7e347-8e64-4ffc-9c68-1bb46ee69953]
2019-07-15 13:53:05,487 INFO  pipeline.SCMPipelineManager (SCMPipelineManager.java:finalizeAndDestroyPipeline(309)) - destroying pipeline:Pipeline[ Id: 644d51d8-30d4-4036-8dc5-1cdffeea6117, Nodes: 67c28ded-b679-425b-8317-1aa30c7b7865{ip: 192.168.157.240, host: trunk-nightly-hvlc9-701369690, networkLocation: /default-rack, certSerialId: null}, Type:RATIS, Factor:ONE, State:OPEN]
2019-07-15 13:53:05,487 INFO  pipeline.PipelineStateManager (PipelineStateManager.java:finalizePipeline(123)) - Pipeline Pipeline[ Id: 644d51d8-30d4-4036-8dc5-1cdffeea6117, Nodes: 67c28ded-b679-425b-8317-1aa30c7b7865{ip: 192.168.157.240, host: trunk-nightly-hvlc9-701369690, networkLocation: /default-rack, certSerialId: null}, Type:RATIS, Factor:ONE, State:CLOSED] moved to CLOSED state
2019-07-15 13:53:05,487 INFO  pipeline.SCMPipelineManager (SCMPipelineManager.java:finalizeAndDestroyPipeline(309)) - destroying pipeline:Pipeline[ Id: 8ac7e347-8e64-4ffc-9c68-1bb46ee69953, Nodes: 5f1961c3-0311-4368-b10b-6dd07ca7e99b{ip: 192.168.157.240, host: trunk-nightly-hvlc9-701369690, networkLocation: /default-rack, certSerialId: null}67c28ded-b679-425b-8317-1aa30c7b7865{ip: 192.168.157.240, host: trunk-nightly-hvlc9-701369690, networkLocation: /default-rack, certSerialId: null}54ab0f06-ba9b-4124-99a5-49ffebe21645{ip: 192.168.157.240, host: trunk-nightly-hvlc9-701369690, networkLocation: /default-rack, certSerialId: null}, Type:RATIS, Factor:THREE, State:CLOSED]
2019-07-15 13:53:05,687 INFO  node.StaleNodeHandler (StaleNodeHandler.java:onMessage(58)) - Datanode 69b822ba-735c-4922-a471-76e0959298b4{ip: 192.168.157.240, host: trunk-nightly-hvlc9-701369690, networkLocation: /default-rack, certSerialId: null} moved to stale state. Finalizing its pipelines [PipelineID=fb47f2ad-827b-47ad-b37a-769cfcb53d6a, PipelineID=b5b1a3a1-280e-47b0-bb56-ef22967eeb3f]
2019-07-15 13:53:05,687 INFO  pipeline.SCMPipelineManager (SCMPipelineManager.java:finalizeAndDestroyPipeline(309)) - destroying pipeline:Pipeline[ Id: fb47f2ad-827b-47ad-b37a-769cfcb53d6a, Nodes: 6b52d340-8c41-4019-aa96-ad4e6eff3bc9{ip: 192.168.157.240, host: trunk-nightly-hvlc9-701369690, networkLocation: /default-rack, certSerialId: null}69b822ba-735c-4922-a471-76e0959298b4{ip: 192.168.157.240, host: trunk-nightly-hvlc9-701369690, networkLocation: /default-rack, certSerialId: null}955117ab-e0a9-4328-8308-787f8c4c4d1c{ip: 192.168.157.240, host: trunk-nightly-hvlc9-701369690, networkLocation: /default-rack, certSerialId: null}, Type:RATIS, Factor:THREE, State:CLOSED]
2019-07-15 13:53:05,687 INFO  pipeline.SCMPipelineManager (SCMPipelineManager.java:finalizeAndDestroyPipeline(309)) - destroying pipeline:Pipeline[ Id: b5b1a3a1-280e-47b0-bb56-ef22967eeb3f, Nodes: 69b822ba-735c-4922-a471-76e0959298b4{ip: 192.168.157.240, host: trunk-nightly-hvlc9-701369690, networkLocation: /default-rack, certSerialId: null}, Type:RATIS, Factor:ONE, State:OPEN]
2019-07-15 13:53:05,687 INFO  pipeline.PipelineStateManager (PipelineStateManager.java:finalizePipeline(123)) - Pipeline Pipeline[ Id: b5b1a3a1-280e-47b0-bb56-ef22967eeb3f, Nodes: 69b822ba-735c-4922-a471-76e0959298b4{ip: 192.168.157.240, host: trunk-nightly-hvlc9-701369690, networkLocation: /default-rack, certSerialId: null}, Type:RATIS, Factor:ONE, State:CLOSED] moved to CLOSED state
2019-07-15 13:53:05,970 INFO  ozoneimpl.OzoneContainer (OzoneContainer.java:stop(199)) - Attempting to stop container services.
2019-07-15 13:53:05,970 INFO  ozoneimpl.OzoneContainer (OzoneContainer.java:stop(199)) - Attempting to stop container services.
2019-07-15 13:53:05,970 INFO  impl.RaftServerProxy (RaftServerProxy.java:lambda$close$4(314)) - 67c28ded-b679-425b-8317-1aa30c7b7865: close
2019-07-15 13:53:05,971 INFO  impl.RaftServerProxy (RaftServerProxy.java:lambda$close$4(314)) - 69b822ba-735c-4922-a471-76e0959298b4: close
2019-07-15 13:53:05,971 INFO  impl.RaftServerImpl (RaftServerImpl.java:lambda$shutdown$3(245)) - 67c28ded-b679-425b-8317-1aa30c7b7865: shutdown group-1CDFFEEA6117
2019-07-15 13:53:05,971 INFO  impl.RaftServerImpl (RaftServerImpl.java:lambda$shutdown$3(245)) - 69b822ba-735c-4922-a471-76e0959298b4: shutdown group-769CFCB53D6A
2019-07-15 13:53:05,972 INFO  util.JmxRegister (JmxRegister.java:unregister(73)) - Successfully un-registered JMX Bean with object name Ratis:service=RaftServer,group=group-1CDFFEEA6117,id=67c28ded-b679-425b-8317-1aa30c7b7865
2019-07-15 13:53:05,972 INFO  util.JmxRegister (JmxRegister.java:unregister(73)) - Successfully un-registered JMX Bean with object name Ratis:service=RaftServer,group=group-769CFCB53D6A,id=69b822ba-735c-4922-a471-76e0959298b4
2019-07-15 13:53:05,973 INFO  impl.RoleInfo (RoleInfo.java:shutdownFollowerState(121)) - 69b822ba-735c-4922-a471-76e0959298b4: shutdown FollowerState
2019-07-15 13:53:05,972 INFO  impl.RoleInfo (RoleInfo.java:shutdownLeaderState(104)) - 67c28ded-b679-425b-8317-1aa30c7b7865: shutdown LeaderState
2019-07-15 13:53:05,973 INFO  impl.FollowerState (FollowerState.java:run(114)) - 69b822ba-735c-4922-a471-76e0959298b4: FollowerState was interrupted: java.lang.InterruptedException: sleep interrupted
2019-07-15 13:53:05,973 INFO  impl.StateMachineUpdater (StateMachineUpdater.java:stopAndJoin(115)) - StateMachineUpdater:69b822ba-735c-4922-a471-76e0959298b4:group-769CFCB53D6A: set stopIndex = -1
2019-07-15 13:53:05,974 INFO  impl.PendingRequests (PendingRequests.java:sendNotLeaderResponses(202)) - 67c28ded-b679-425b-8317-1aa30c7b7865-PendingRequests: sendNotLeaderResponses
2019-07-15 13:53:05,976 INFO  impl.RaftServerImpl (ServerState.java:close(394)) - 69b822ba-735c-4922-a471-76e0959298b4:group-769CFCB53D6A closes. The last applied log index is -1
2019-07-15 13:53:05,976 INFO  impl.StateMachineUpdater (StateMachineUpdater.java:stopAndJoin(115)) - StateMachineUpdater:67c28ded-b679-425b-8317-1aa30c7b7865:group-1CDFFEEA6117: set stopIndex = 0
2019-07-15 13:53:05,977 INFO  segmented.SegmentedRaftLogWorker (SegmentedRaftLogWorker.java:run(313)) - 69b822ba-735c-4922-a471-76e0959298b4-SegmentedRaftLogWorker:Storage Directory /workdir/hadoop-ozone/integration-test/target/test-dir/MiniOzoneClusterImpl-57b11f44-691f-4099-bd84-7690158c8d61/datanode-3/data/ratis/fb47f2ad-827b-47ad-b37a-769cfcb53d6a was interrupted, exiting. There are 0 tasks remaining in the queue.
2019-07-15 13:53:05,977 INFO  impl.RaftServerImpl (ServerState.java:close(394)) - 67c28ded-b679-425b-8317-1aa30c7b7865:group-1CDFFEEA6117 closes. The last applied log index is 0
2019-07-15 13:53:05,979 INFO  segmented.SegmentedRaftLogWorker (SegmentedRaftLogWorker.java:close(228)) - 69b822ba-735c-4922-a471-76e0959298b4-SegmentedRaftLogWorker:Storage Directory /workdir/hadoop-ozone/integration-test/target/test-dir/MiniOzoneClusterImpl-57b11f44-691f-4099-bd84-7690158c8d61/datanode-3/data/ratis/fb47f2ad-827b-47ad-b37a-769cfcb53d6a close()
2019-07-15 13:53:05,980 INFO  segmented.SegmentedRaftLogWorker (SegmentedRaftLogWorker.java:run(313)) - 67c28ded-b679-425b-8317-1aa30c7b7865-SegmentedRaftLogWorker:Storage Directory /workdir/hadoop-ozone/integration-test/target/test-dir/MiniOzoneClusterImpl-57b11f44-691f-4099-bd84-7690158c8d61/datanode-2/data/ratis/644d51d8-30d4-4036-8dc5-1cdffeea6117 was interrupted, exiting. There are 0 tasks remaining in the queue.
2019-07-15 13:53:05,982 INFO  impl.RaftServerImpl (RaftServerImpl.java:lambda$shutdown$3(245)) - 69b822ba-735c-4922-a471-76e0959298b4: shutdown group-EF22967EEB3F
2019-07-15 13:53:05,984 INFO  segmented.SegmentedRaftLogWorker (SegmentedRaftLogWorker.java:close(228)) - 67c28ded-b679-425b-8317-1aa30c7b7865-SegmentedRaftLogWorker:Storage Directory /workdir/hadoop-ozone/integration-test/target/test-dir/MiniOzoneClusterImpl-57b11f44-691f-4099-bd84-7690158c8d61/datanode-2/data/ratis/644d51d8-30d4-4036-8dc5-1cdffeea6117 close()
2019-07-15 13:53:05,984 INFO  util.JmxRegister (JmxRegister.java:unregister(73)) - Successfully un-registered JMX Bean with object name Ratis:service=RaftServer,group=group-EF22967EEB3F,id=69b822ba-735c-4922-a471-76e0959298b4
2019-07-15 13:53:05,987 INFO  impl.RaftServerImpl (RaftServerImpl.java:lambda$shutdown$3(245)) - 67c28ded-b679-425b-8317-1aa30c7b7865: shutdown group-1BB46EE69953
2019-07-15 13:53:05,987 INFO  impl.RoleInfo (RoleInfo.java:shutdownLeaderState(104)) - 69b822ba-735c-4922-a471-76e0959298b4: shutdown LeaderState
2019-07-15 13:53:05,987 INFO  util.JmxRegister (JmxRegister.java:unregister(73)) - Successfully un-registered JMX Bean with object name Ratis:service=RaftServer,group=group-1BB46EE69953,id=67c28ded-b679-425b-8317-1aa30c7b7865
2019-07-15 13:53:05,988 INFO  impl.PendingRequests (PendingRequests.java:sendNotLeaderResponses(202)) - 69b822ba-735c-4922-a471-76e0959298b4-PendingRequests: sendNotLeaderResponses
2019-07-15 13:53:05,988 INFO  impl.RoleInfo (RoleInfo.java:shutdownFollowerState(121)) - 67c28ded-b679-425b-8317-1aa30c7b7865: shutdown FollowerState
2019-07-15 13:53:05,989 INFO  impl.StateMachineUpdater (StateMachineUpdater.java:stopAndJoin(115)) - StateMachineUpdater:69b822ba-735c-4922-a471-76e0959298b4:group-EF22967EEB3F: set stopIndex = 0
2019-07-15 13:53:05,989 INFO  impl.RaftServerImpl (ServerState.java:close(394)) - 69b822ba-735c-4922-a471-76e0959298b4:group-EF22967EEB3F closes. The last applied log index is 0
2019-07-15 13:53:05,989 INFO  impl.FollowerState (FollowerState.java:run(114)) - 67c28ded-b679-425b-8317-1aa30c7b7865: FollowerState was interrupted: java.lang.InterruptedException: sleep interrupted
2019-07-15 13:53:05,990 INFO  segmented.SegmentedRaftLogWorker (SegmentedRaftLogWorker.java:run(313)) - 69b822ba-735c-4922-a471-76e0959298b4-SegmentedRaftLogWorker:Storage Directory /workdir/hadoop-ozone/integration-test/target/test-dir/MiniOzoneClusterImpl-57b11f44-691f-4099-bd84-7690158c8d61/datanode-3/data/ratis/b5b1a3a1-280e-47b0-bb56-ef22967eeb3f was interrupted, exiting. There are 0 tasks remaining in the queue.
2019-07-15 13:53:05,989 INFO  impl.StateMachineUpdater (StateMachineUpdater.java:stopAndJoin(115)) - StateMachineUpdater:67c28ded-b679-425b-8317-1aa30c7b7865:group-1BB46EE69953: set stopIndex = 0
2019-07-15 13:53:05,994 INFO  segmented.SegmentedRaftLogWorker (SegmentedRaftLogWorker.java:close(228)) - 69b822ba-735c-4922-a471-76e0959298b4-SegmentedRaftLogWorker:Storage Directory /workdir/hadoop-ozone/integration-test/target/test-dir/MiniOzoneClusterImpl-57b11f44-691f-4099-bd84-7690158c8d61/datanode-3/data/ratis/b5b1a3a1-280e-47b0-bb56-ef22967eeb3f close()
2019-07-15 13:53:05,994 INFO  impl.RaftServerImpl (ServerState.java:close(394)) - 67c28ded-b679-425b-8317-1aa30c7b7865:group-1BB46EE69953 closes. The last applied log index is 0
2019-07-15 13:53:05,996 INFO  server.GrpcService (GrpcService.java:closeImpl(155)) - 69b822ba-735c-4922-a471-76e0959298b4: shutdown server with port 34315 now
2019-07-15 13:53:05,997 INFO  segmented.SegmentedRaftLogWorker (SegmentedRaftLogWorker.java:run(313)) - 67c28ded-b679-425b-8317-1aa30c7b7865-SegmentedRaftLogWorker:Storage Directory /workdir/hadoop-ozone/integration-test/target/test-dir/MiniOzoneClusterImpl-57b11f44-691f-4099-bd84-7690158c8d61/datanode-2/data/ratis/8ac7e347-8e64-4ffc-9c68-1bb46ee69953 was interrupted, exiting. There are 0 tasks remaining in the queue.
2019-07-15 13:53:05,999 INFO  segmented.SegmentedRaftLogWorker (SegmentedRaftLogWorker.java:close(228)) - 67c28ded-b679-425b-8317-1aa30c7b7865-SegmentedRaftLogWorker:Storage Directory /workdir/hadoop-ozone/integration-test/target/test-dir/MiniOzoneClusterImpl-57b11f44-691f-4099-bd84-7690158c8d61/datanode-2/data/ratis/8ac7e347-8e64-4ffc-9c68-1bb46ee69953 close()
2019-07-15 13:53:05,999 INFO  server.GrpcService (GrpcService.java:closeImpl(163)) - 69b822ba-735c-4922-a471-76e0959298b4: shutdown server with port 34315 successfully
2019-07-15 13:53:06,001 INFO  server.GrpcService (GrpcService.java:closeImpl(155)) - 67c28ded-b679-425b-8317-1aa30c7b7865: shutdown server with port 34182 now
2019-07-15 13:53:06,003 WARN  server.GrpcServerProtocolService (LogUtils.java:warn(134)) - 67c28ded-b679-425b-8317-1aa30c7b7865: appendEntries onError: org.apache.ratis.thirdparty.io.grpc.StatusRuntimeException: CANCELLED: cancelled before receiving half close
2019-07-15 13:53:06,003 INFO  server.GrpcService (GrpcService.java:closeImpl(163)) - 67c28ded-b679-425b-8317-1aa30c7b7865: shutdown server with port 34182 successfully
2019-07-15 13:53:06,003 INFO  utils.BackgroundService (BackgroundService.java:shutdown(148)) - Shutting down service BlockDeletingService
2019-07-15 13:53:06,003 WARN  server.GrpcLogAppender (LogUtils.java:warn(134)) - 54ab0f06-ba9b-4124-99a5-49ffebe21645->67c28ded-b679-425b-8317-1aa30c7b7865: Failed appendEntries: org.apache.ratis.thirdparty.io.grpc.StatusRuntimeException: CANCELLED: HTTP/2 error code: CANCEL
Received Rst Stream
2019-07-15 13:53:06,004 INFO  impl.FollowerInfo (FollowerInfo.java:lambda$new$0(50)) - 54ab0f06-ba9b-4124-99a5-49ffebe21645->67c28ded-b679-425b-8317-1aa30c7b7865: nextIndex: updateUnconditionally 1 -> 0
2019-07-15 13:53:06,005 INFO  utils.BackgroundService (BackgroundService.java:shutdown(148)) - Shutting down service BlockDeletingService
2019-07-15 13:53:06,013 WARN  fs.CachingGetSpaceUsed (CachingGetSpaceUsed.java:run(183)) - Thread Interrupted waiting to refresh disk information: sleep interrupted
2019-07-15 13:53:06,013 WARN  fs.CachingGetSpaceUsed (CachingGetSpaceUsed.java:run(183)) - Thread Interrupted waiting to refresh disk information: sleep interrupted
2019-07-15 13:53:06,032 INFO  statemachine.DatanodeStateMachine (DatanodeStateMachine.java:stopDaemon(395)) - Ozone container server stopped.
2019-07-15 13:53:06,034 INFO  statemachine.DatanodeStateMachine (DatanodeStateMachine.java:stopDaemon(395)) - Ozone container server stopped.
2019-07-15 13:53:06,049 INFO  handler.ContextHandler (ContextHandler.java:doStop(910)) - Stopped o.e.j.w.WebAppContext@6cd65042{/,null,UNAVAILABLE}{/hddsDatanode}
2019-07-15 13:53:06,049 INFO  handler.ContextHandler (ContextHandler.java:doStop(910)) - Stopped o.e.j.w.WebAppContext@be9bf2e{/,null,UNAVAILABLE}{/hddsDatanode}
2019-07-15 13:53:06,049 INFO  server.AbstractConnector (AbstractConnector.java:doStop(318)) - Stopped ServerConnector@7674f9d4{HTTP/1.1,[http/1.1]}{0.0.0.0:0}
2019-07-15 13:53:06,051 INFO  server.AbstractConnector (AbstractConnector.java:doStop(318)) - Stopped ServerConnector@623d222{HTTP/1.1,[http/1.1]}{0.0.0.0:0}
2019-07-15 13:53:06,051 INFO  handler.ContextHandler (ContextHandler.java:doStop(910)) - Stopped o.e.j.s.ServletContextHandler@74267ece{/static,jar:file:/home/user/.m2/repository/org/apache/hadoop/hadoop-hdds-container-service/0.5.0-SNAPSHOT/hadoop-hdds-container-service-0.5.0-SNAPSHOT.jar!/webapps/static,UNAVAILABLE}
2019-07-15 13:53:06,052 INFO  handler.ContextHandler (ContextHandler.java:doStop(910)) - Stopped o.e.j.s.ServletContextHandler@2512155e{/static,jar:file:/home/user/.m2/repository/org/apache/hadoop/hadoop-hdds-container-service/0.5.0-SNAPSHOT/hadoop-hdds-container-service-0.5.0-SNAPSHOT.jar!/webapps/static,UNAVAILABLE}
2019-07-15 13:53:06,053 INFO  handler.ContextHandler (ContextHandler.java:doStop(910)) - Stopped o.e.j.s.ServletContextHandler@62c1259f{/logs,file:///workdir/hadoop-ozone/integration-test/target/log,UNAVAILABLE}
2019-07-15 13:53:06,054 INFO  handler.ContextHandler (ContextHandler.java:doStop(910)) - Stopped o.e.j.s.ServletContextHandler@4a467ada{/logs,file:///workdir/hadoop-ozone/integration-test/target/log,UNAVAILABLE}
2019-07-15 13:53:06,054 INFO  datanode.ObjectStoreHandler (ObjectStoreHandler.java:close(155)) - Closing ObjectStoreHandler.
2019-07-15 13:53:06,055 INFO  datanode.ObjectStoreHandler (ObjectStoreHandler.java:close(155)) - Closing ObjectStoreHandler.
2019-07-15 13:53:06,055 INFO  ozone.HddsDatanodeService (HddsDatanodeService.java:stop(452)) - Stopped plug-in org.apache.hadoop.ozone.web.OzoneHddsDatanodeService@5f1c406e
2019-07-15 13:53:06,056 INFO  ozone.HddsDatanodeService (HddsDatanodeService.java:stop(452)) - Stopped plug-in org.apache.hadoop.ozone.web.OzoneHddsDatanodeService@7c6557da
2019-07-15 13:53:06,075 INFO  statemachine.DatanodeStateMachine (DatanodeStateMachine.java:lambda$startDaemon$0(350)) - Ozone container server started.
2019-07-15 13:53:06,216 INFO  statemachine.DatanodeStateMachine (DatanodeStateMachine.java:lambda$startDaemon$0(350)) - Ozone container server started.
2019-07-15 13:53:07,870 WARN  server.GrpcLogAppender (LogUtils.java:warn(134)) - 54ab0f06-ba9b-4124-99a5-49ffebe21645->5f1961c3-0311-4368-b10b-6dd07ca7e99b: Failed appendEntries: org.apache.ratis.thirdparty.io.grpc.StatusRuntimeException: UNAVAILABLE: io exception
2019-07-15 13:53:07,871 INFO  impl.FollowerInfo (FollowerInfo.java:lambda$new$0(50)) - 54ab0f06-ba9b-4124-99a5-49ffebe21645->5f1961c3-0311-4368-b10b-6dd07ca7e99b: nextIndex: updateUnconditionally 0 -> 0
2019-07-15 13:53:07,872 WARN  server.GrpcLogAppender (LogUtils.java:warn(134)) - 54ab0f06-ba9b-4124-99a5-49ffebe21645->67c28ded-b679-425b-8317-1aa30c7b7865: Failed appendEntries: org.apache.ratis.thirdparty.io.grpc.StatusRuntimeException: UNAVAILABLE: io exception
2019-07-15 13:53:07,873 INFO  impl.FollowerInfo (FollowerInfo.java:lambda$new$0(50)) - 54ab0f06-ba9b-4124-99a5-49ffebe21645->67c28ded-b679-425b-8317-1aa30c7b7865: nextIndex: updateUnconditionally 0 -> 0
2019-07-15 13:53:08,483 INFO  impl.FollowerState (FollowerState.java:run(106)) - 6b52d340-8c41-4019-aa96-ad4e6eff3bc9:group-769CFCB53D6A changes to CANDIDATE, lastRpcTime:10060, electionTimeout:5061ms
2019-07-15 13:53:08,483 INFO  impl.RoleInfo (RoleInfo.java:shutdownFollowerState(121)) - 6b52d340-8c41-4019-aa96-ad4e6eff3bc9: shutdown FollowerState
2019-07-15 13:53:08,484 INFO  impl.RaftServerImpl (RaftServerImpl.java:setRole(171)) - 6b52d340-8c41-4019-aa96-ad4e6eff3bc9:group-769CFCB53D6A changes role from FOLLOWER to CANDIDATE at term 2 for changeToCandidate
2019-07-15 13:53:08,484 INFO  impl.RoleInfo (RoleInfo.java:updateAndGet(143)) - 6b52d340-8c41-4019-aa96-ad4e6eff3bc9: start LeaderElection
2019-07-15 13:53:08,486 INFO  impl.RaftServerImpl (ServerState.java:setLeader(263)) - 6b52d340-8c41-4019-aa96-ad4e6eff3bc9:group-769CFCB53D6A change Leader from 955117ab-e0a9-4328-8308-787f8c4c4d1c to null at term 2 for initElection
2019-07-15 13:53:08,501 INFO  impl.LeaderElection (LeaderElection.java:askForVotes(181)) - 6b52d340-8c41-4019-aa96-ad4e6eff3bc9:group-769CFCB53D6A:LeaderElection63: begin an election at term 3 for 0: [955117ab-e0a9-4328-8308-787f8c4c4d1c:192.168.157.240:44676, 6b52d340-8c41-4019-aa96-ad4e6eff3bc9:192.168.157.240:38294, 69b822ba-735c-4922-a471-76e0959298b4:192.168.157.240:34315], old=null
2019-07-15 13:53:08,504 INFO  impl.LeaderElection (LogUtils.java:infoOrTrace(149)) - 6b52d340-8c41-4019-aa96-ad4e6eff3bc9:group-769CFCB53D6A:LeaderElection63 got exception when requesting votes: {}
java.util.concurrent.ExecutionException: org.apache.ratis.thirdparty.io.grpc.StatusRuntimeException: UNAVAILABLE: io exception
	at java.util.concurrent.FutureTask.report(FutureTask.java:122)
	at java.util.concurrent.FutureTask.get(FutureTask.java:192)
	at org.apache.ratis.server.impl.LeaderElection.waitForResults(LeaderElection.java:262)
	at org.apache.ratis.server.impl.LeaderElection.askForVotes(LeaderElection.java:200)
	at org.apache.ratis.server.impl.LeaderElection.run(LeaderElection.java:130)
	at java.lang.Thread.run(Thread.java:748)
Caused by: org.apache.ratis.thirdparty.io.grpc.StatusRuntimeException: UNAVAILABLE: io exception
	at org.apache.ratis.thirdparty.io.grpc.stub.ClientCalls.toStatusRuntimeException(ClientCalls.java:233)
	at org.apache.ratis.thirdparty.io.grpc.stub.ClientCalls.getUnchecked(ClientCalls.java:214)
	at org.apache.ratis.thirdparty.io.grpc.stub.ClientCalls.blockingUnaryCall(ClientCalls.java:139)
	at org.apache.ratis.proto.grpc.RaftServerProtocolServiceGrpc$RaftServerProtocolServiceBlockingStub.requestVote(RaftServerProtocolServiceGrpc.java:265)
	at org.apache.ratis.grpc.server.GrpcServerProtocolClient.requestVote(GrpcServerProtocolClient.java:83)
	at org.apache.ratis.grpc.server.GrpcService.requestVote(GrpcService.java:195)
	at org.apache.ratis.server.impl.LeaderElection.lambda$submitRequests$1(LeaderElection.java:237)
	at java.util.concurrent.FutureTask.run(FutureTask.java:266)
	at java.util.concurrent.Executors$RunnableAdapter.call(Executors.java:511)
	at java.util.concurrent.FutureTask.run(FutureTask.java:266)
	at java.util.concurrent.ThreadPoolExecutor.runWorker(ThreadPoolExecutor.java:1149)
	at java.util.concurrent.ThreadPoolExecutor$Worker.run(ThreadPoolExecutor.java:624)
	... 1 more
Caused by: org.apache.ratis.thirdparty.io.netty.channel.AbstractChannel$AnnotatedConnectException: Connection refused: /192.168.157.240:34315
	at sun.nio.ch.SocketChannelImpl.checkConnect(Native Method)
	at sun.nio.ch.SocketChannelImpl.finishConnect(SocketChannelImpl.java:717)
	at org.apache.ratis.thirdparty.io.netty.channel.socket.nio.NioSocketChannel.doFinishConnect(NioSocketChannel.java:327)
	at org.apache.ratis.thirdparty.io.netty.channel.nio.AbstractNioChannel$AbstractNioUnsafe.finishConnect(AbstractNioChannel.java:340)
	at org.apache.ratis.thirdparty.io.netty.channel.nio.NioEventLoop.processSelectedKey(NioEventLoop.java:632)
	at org.apache.ratis.thirdparty.io.netty.channel.nio.NioEventLoop.processSelectedKeysOptimized(NioEventLoop.java:579)
	at org.apache.ratis.thirdparty.io.netty.channel.nio.NioEventLoop.processSelectedKeys(NioEventLoop.java:496)
	at org.apache.ratis.thirdparty.io.netty.channel.nio.NioEventLoop.run(NioEventLoop.java:458)
	at org.apache.ratis.thirdparty.io.netty.util.concurrent.SingleThreadEventExecutor$5.run(SingleThreadEventExecutor.java:897)
	at org.apache.ratis.thirdparty.io.netty.util.concurrent.FastThreadLocalRunnable.run(FastThreadLocalRunnable.java:30)
	... 1 more
Caused by: java.net.ConnectException: Connection refused
	... 11 more
2019-07-15 13:53:08,506 INFO  impl.LeaderElection (LogUtils.java:infoOrTrace(149)) - 6b52d340-8c41-4019-aa96-ad4e6eff3bc9:group-769CFCB53D6A:LeaderElection63 got exception when requesting votes: {}
java.util.concurrent.ExecutionException: org.apache.ratis.thirdparty.io.grpc.StatusRuntimeException: UNAVAILABLE: io exception
	at java.util.concurrent.FutureTask.report(FutureTask.java:122)
	at java.util.concurrent.FutureTask.get(FutureTask.java:192)
	at org.apache.ratis.server.impl.LeaderElection.waitForResults(LeaderElection.java:262)
	at org.apache.ratis.server.impl.LeaderElection.askForVotes(LeaderElection.java:200)
	at org.apache.ratis.server.impl.LeaderElection.run(LeaderElection.java:130)
	at java.lang.Thread.run(Thread.java:748)
Caused by: org.apache.ratis.thirdparty.io.grpc.StatusRuntimeException: UNAVAILABLE: io exception
	at org.apache.ratis.thirdparty.io.grpc.stub.ClientCalls.toStatusRuntimeException(ClientCalls.java:233)
	at org.apache.ratis.thirdparty.io.grpc.stub.ClientCalls.getUnchecked(ClientCalls.java:214)
	at org.apache.ratis.thirdparty.io.grpc.stub.ClientCalls.blockingUnaryCall(ClientCalls.java:139)
	at org.apache.ratis.proto.grpc.RaftServerProtocolServiceGrpc$RaftServerProtocolServiceBlockingStub.requestVote(RaftServerProtocolServiceGrpc.java:265)
	at org.apache.ratis.grpc.server.GrpcServerProtocolClient.requestVote(GrpcServerProtocolClient.java:83)
	at org.apache.ratis.grpc.server.GrpcService.requestVote(GrpcService.java:195)
	at org.apache.ratis.server.impl.LeaderElection.lambda$submitRequests$1(LeaderElection.java:237)
	at java.util.concurrent.FutureTask.run(FutureTask.java:266)
	at java.util.concurrent.Executors$RunnableAdapter.call(Executors.java:511)
	at java.util.concurrent.FutureTask.run(FutureTask.java:266)
	at java.util.concurrent.ThreadPoolExecutor.runWorker(ThreadPoolExecutor.java:1149)
	at java.util.concurrent.ThreadPoolExecutor$Worker.run(ThreadPoolExecutor.java:624)
	... 1 more
Caused by: org.apache.ratis.thirdparty.io.netty.channel.AbstractChannel$AnnotatedConnectException: Connection refused: /192.168.157.240:44676
	at sun.nio.ch.SocketChannelImpl.checkConnect(Native Method)
	at sun.nio.ch.SocketChannelImpl.finishConnect(SocketChannelImpl.java:717)
	at org.apache.ratis.thirdparty.io.netty.channel.socket.nio.NioSocketChannel.doFinishConnect(NioSocketChannel.java:327)
	at org.apache.ratis.thirdparty.io.netty.channel.nio.AbstractNioChannel$AbstractNioUnsafe.finishConnect(AbstractNioChannel.java:340)
	at org.apache.ratis.thirdparty.io.netty.channel.nio.NioEventLoop.processSelectedKey(NioEventLoop.java:632)
	at org.apache.ratis.thirdparty.io.netty.channel.nio.NioEventLoop.processSelectedKeysOptimized(NioEventLoop.java:579)
	at org.apache.ratis.thirdparty.io.netty.channel.nio.NioEventLoop.processSelectedKeys(NioEventLoop.java:496)
	at org.apache.ratis.thirdparty.io.netty.channel.nio.NioEventLoop.run(NioEventLoop.java:458)
	at org.apache.ratis.thirdparty.io.netty.util.concurrent.SingleThreadEventExecutor$5.run(SingleThreadEventExecutor.java:897)
	at org.apache.ratis.thirdparty.io.netty.util.concurrent.FastThreadLocalRunnable.run(FastThreadLocalRunnable.java:30)
	... 1 more
Caused by: java.net.ConnectException: Connection refused
	... 11 more
2019-07-15 13:53:08,508 INFO  impl.LeaderElection (LeaderElection.java:logAndReturn(56)) - 6b52d340-8c41-4019-aa96-ad4e6eff3bc9:group-769CFCB53D6A:LeaderElection63: Election REJECTED; received 0 response(s) [] and 2 exception(s); 6b52d340-8c41-4019-aa96-ad4e6eff3bc9:t3, leader=null, voted=6b52d340-8c41-4019-aa96-ad4e6eff3bc9, raftlog=6b52d340-8c41-4019-aa96-ad4e6eff3bc9-SegmentedRaftLog:OPENED:c-1,f0,i0, conf=0: [955117ab-e0a9-4328-8308-787f8c4c4d1c:192.168.157.240:44676, 6b52d340-8c41-4019-aa96-ad4e6eff3bc9:192.168.157.240:38294, 69b822ba-735c-4922-a471-76e0959298b4:192.168.157.240:34315], old=null
2019-07-15 13:53:08,508 INFO  impl.LeaderElection (LogUtils.java:infoOrTrace(149)) -   Exception 0: {}
java.util.concurrent.ExecutionException: org.apache.ratis.thirdparty.io.grpc.StatusRuntimeException: UNAVAILABLE: io exception
	at java.util.concurrent.FutureTask.report(FutureTask.java:122)
	at java.util.concurrent.FutureTask.get(FutureTask.java:192)
	at org.apache.ratis.server.impl.LeaderElection.waitForResults(LeaderElection.java:262)
	at org.apache.ratis.server.impl.LeaderElection.askForVotes(LeaderElection.java:200)
	at org.apache.ratis.server.impl.LeaderElection.run(LeaderElection.java:130)
	at java.lang.Thread.run(Thread.java:748)
Caused by: org.apache.ratis.thirdparty.io.grpc.StatusRuntimeException: UNAVAILABLE: io exception
	at org.apache.ratis.thirdparty.io.grpc.stub.ClientCalls.toStatusRuntimeException(ClientCalls.java:233)
	at org.apache.ratis.thirdparty.io.grpc.stub.ClientCalls.getUnchecked(ClientCalls.java:214)
	at org.apache.ratis.thirdparty.io.grpc.stub.ClientCalls.blockingUnaryCall(ClientCalls.java:139)
	at org.apache.ratis.proto.grpc.RaftServerProtocolServiceGrpc$RaftServerProtocolServiceBlockingStub.requestVote(RaftServerProtocolServiceGrpc.java:265)
	at org.apache.ratis.grpc.server.GrpcServerProtocolClient.requestVote(GrpcServerProtocolClient.java:83)
	at org.apache.ratis.grpc.server.GrpcService.requestVote(GrpcService.java:195)
	at org.apache.ratis.server.impl.LeaderElection.lambda$submitRequests$1(LeaderElection.java:237)
	at java.util.concurrent.FutureTask.run(FutureTask.java:266)
	at java.util.concurrent.Executors$RunnableAdapter.call(Executors.java:511)
	at java.util.concurrent.FutureTask.run(FutureTask.java:266)
	at java.util.concurrent.ThreadPoolExecutor.runWorker(ThreadPoolExecutor.java:1149)
	at java.util.concurrent.ThreadPoolExecutor$Worker.run(ThreadPoolExecutor.java:624)
	... 1 more
Caused by: org.apache.ratis.thirdparty.io.netty.channel.AbstractChannel$AnnotatedConnectException: Connection refused: /192.168.157.240:34315
	at sun.nio.ch.SocketChannelImpl.checkConnect(Native Method)
	at sun.nio.ch.SocketChannelImpl.finishConnect(SocketChannelImpl.java:717)
	at org.apache.ratis.thirdparty.io.netty.channel.socket.nio.NioSocketChannel.doFinishConnect(NioSocketChannel.java:327)
	at org.apache.ratis.thirdparty.io.netty.channel.nio.AbstractNioChannel$AbstractNioUnsafe.finishConnect(AbstractNioChannel.java:340)
	at org.apache.ratis.thirdparty.io.netty.channel.nio.NioEventLoop.processSelectedKey(NioEventLoop.java:632)
	at org.apache.ratis.thirdparty.io.netty.channel.nio.NioEventLoop.processSelectedKeysOptimized(NioEventLoop.java:579)
	at org.apache.ratis.thirdparty.io.netty.channel.nio.NioEventLoop.processSelectedKeys(NioEventLoop.java:496)
	at org.apache.ratis.thirdparty.io.netty.channel.nio.NioEventLoop.run(NioEventLoop.java:458)
	at org.apache.ratis.thirdparty.io.netty.util.concurrent.SingleThreadEventExecutor$5.run(SingleThreadEventExecutor.java:897)
	at org.apache.ratis.thirdparty.io.netty.util.concurrent.FastThreadLocalRunnable.run(FastThreadLocalRunnable.java:30)
	... 1 more
Caused by: java.net.ConnectException: Connection refused
	... 11 more
2019-07-15 13:53:08,508 INFO  impl.LeaderElection (LogUtils.java:infoOrTrace(149)) -   Exception 1: {}
java.util.concurrent.ExecutionException: org.apache.ratis.thirdparty.io.grpc.StatusRuntimeException: UNAVAILABLE: io exception
	at java.util.concurrent.FutureTask.report(FutureTask.java:122)
	at java.util.concurrent.FutureTask.get(FutureTask.java:192)
	at org.apache.ratis.server.impl.LeaderElection.waitForResults(LeaderElection.java:262)
	at org.apache.ratis.server.impl.LeaderElection.askForVotes(LeaderElection.java:200)
	at org.apache.ratis.server.impl.LeaderElection.run(LeaderElection.java:130)
	at java.lang.Thread.run(Thread.java:748)
Caused by: org.apache.ratis.thirdparty.io.grpc.StatusRuntimeException: UNAVAILABLE: io exception
	at org.apache.ratis.thirdparty.io.grpc.stub.ClientCalls.toStatusRuntimeException(ClientCalls.java:233)
	at org.apache.ratis.thirdparty.io.grpc.stub.ClientCalls.getUnchecked(ClientCalls.java:214)
	at org.apache.ratis.thirdparty.io.grpc.stub.ClientCalls.blockingUnaryCall(ClientCalls.java:139)
	at org.apache.ratis.proto.grpc.RaftServerProtocolServiceGrpc$RaftServerProtocolServiceBlockingStub.requestVote(RaftServerProtocolServiceGrpc.java:265)
	at org.apache.ratis.grpc.server.GrpcServerProtocolClient.requestVote(GrpcServerProtocolClient.java:83)
	at org.apache.ratis.grpc.server.GrpcService.requestVote(GrpcService.java:195)
	at org.apache.ratis.server.impl.LeaderElection.lambda$submitRequests$1(LeaderElection.java:237)
	at java.util.concurrent.FutureTask.run(FutureTask.java:266)
	at java.util.concurrent.Executors$RunnableAdapter.call(Executors.java:511)
	at java.util.concurrent.FutureTask.run(FutureTask.java:266)
	at java.util.concurrent.ThreadPoolExecutor.runWorker(ThreadPoolExecutor.java:1149)
	at java.util.concurrent.ThreadPoolExecutor$Worker.run(ThreadPoolExecutor.java:624)
	... 1 more
Caused by: org.apache.ratis.thirdparty.io.netty.channel.AbstractChannel$AnnotatedConnectException: Connection refused: /192.168.157.240:44676
	at sun.nio.ch.SocketChannelImpl.checkConnect(Native Method)
	at sun.nio.ch.SocketChannelImpl.finishConnect(SocketChannelImpl.java:717)
	at org.apache.ratis.thirdparty.io.netty.channel.socket.nio.NioSocketChannel.doFinishConnect(NioSocketChannel.java:327)
	at org.apache.ratis.thirdparty.io.netty.channel.nio.AbstractNioChannel$AbstractNioUnsafe.finishConnect(AbstractNioChannel.java:340)
	at org.apache.ratis.thirdparty.io.netty.channel.nio.NioEventLoop.processSelectedKey(NioEventLoop.java:632)
	at org.apache.ratis.thirdparty.io.netty.channel.nio.NioEventLoop.processSelectedKeysOptimized(NioEventLoop.java:579)
	at org.apache.ratis.thirdparty.io.netty.channel.nio.NioEventLoop.processSelectedKeys(NioEventLoop.java:496)
	at org.apache.ratis.thirdparty.io.netty.channel.nio.NioEventLoop.run(NioEventLoop.java:458)
	at org.apache.ratis.thirdparty.io.netty.util.concurrent.SingleThreadEventExecutor$5.run(SingleThreadEventExecutor.java:897)
	at org.apache.ratis.thirdparty.io.netty.util.concurrent.FastThreadLocalRunnable.run(FastThreadLocalRunnable.java:30)
	... 1 more
Caused by: java.net.ConnectException: Connection refused
	... 11 more
2019-07-15 13:53:08,509 INFO  impl.RaftServerImpl (RaftServerImpl.java:setRole(171)) - 6b52d340-8c41-4019-aa96-ad4e6eff3bc9:group-769CFCB53D6A changes role from CANDIDATE to FOLLOWER at term 3 for DISCOVERED_A_NEW_TERM
2019-07-15 13:53:08,509 INFO  impl.RoleInfo (RoleInfo.java:shutdownLeaderElection(134)) - 6b52d340-8c41-4019-aa96-ad4e6eff3bc9: shutdown LeaderElection
2019-07-15 13:53:08,509 INFO  impl.RoleInfo (RoleInfo.java:updateAndGet(143)) - 6b52d340-8c41-4019-aa96-ad4e6eff3bc9: start FollowerState
2019-07-15 13:53:10,093 INFO  node.StaleNodeHandler (StaleNodeHandler.java:onMessage(58)) - Datanode 54ab0f06-ba9b-4124-99a5-49ffebe21645{ip: 192.168.157.240, host: trunk-nightly-hvlc9-701369690, networkLocation: /default-rack, certSerialId: null} moved to stale state. Finalizing its pipelines [PipelineID=8ac7e347-8e64-4ffc-9c68-1bb46ee69953, PipelineID=25887758-1af6-4d61-8a50-498b03878735]
2019-07-15 13:53:10,093 INFO  pipeline.SCMPipelineManager (SCMPipelineManager.java:finalizeAndDestroyPipeline(309)) - destroying pipeline:Pipeline[ Id: 8ac7e347-8e64-4ffc-9c68-1bb46ee69953, Nodes: 5f1961c3-0311-4368-b10b-6dd07ca7e99b{ip: 192.168.157.240, host: trunk-nightly-hvlc9-701369690, networkLocation: /default-rack, certSerialId: null}67c28ded-b679-425b-8317-1aa30c7b7865{ip: 192.168.157.240, host: trunk-nightly-hvlc9-701369690, networkLocation: /default-rack, certSerialId: null}54ab0f06-ba9b-4124-99a5-49ffebe21645{ip: 192.168.157.240, host: trunk-nightly-hvlc9-701369690, networkLocation: /default-rack, certSerialId: null}, Type:RATIS, Factor:THREE, State:CLOSED]
2019-07-15 13:53:10,093 INFO  pipeline.SCMPipelineManager (SCMPipelineManager.java:finalizeAndDestroyPipeline(309)) - destroying pipeline:Pipeline[ Id: 25887758-1af6-4d61-8a50-498b03878735, Nodes: 54ab0f06-ba9b-4124-99a5-49ffebe21645{ip: 192.168.157.240, host: trunk-nightly-hvlc9-701369690, networkLocation: /default-rack, certSerialId: null}, Type:RATIS, Factor:ONE, State:OPEN]
2019-07-15 13:53:10,093 INFO  pipeline.PipelineStateManager (PipelineStateManager.java:finalizePipeline(123)) - Pipeline Pipeline[ Id: 25887758-1af6-4d61-8a50-498b03878735, Nodes: 54ab0f06-ba9b-4124-99a5-49ffebe21645{ip: 192.168.157.240, host: trunk-nightly-hvlc9-701369690, networkLocation: /default-rack, certSerialId: null}, Type:RATIS, Factor:ONE, State:CLOSED] moved to CLOSED state
2019-07-15 13:53:10,293 INFO  node.StaleNodeHandler (StaleNodeHandler.java:onMessage(58)) - Datanode b8a3af71-a580-4ddb-8d0c-604124d85cde{ip: 192.168.157.240, host: trunk-nightly-hvlc9-701369690, networkLocation: /default-rack, certSerialId: null} moved to stale state. Finalizing its pipelines [PipelineID=bde1ba15-a370-4d0d-bf69-4998123d2fe0]
2019-07-15 13:53:10,293 INFO  pipeline.SCMPipelineManager (SCMPipelineManager.java:finalizeAndDestroyPipeline(309)) - destroying pipeline:Pipeline[ Id: bde1ba15-a370-4d0d-bf69-4998123d2fe0, Nodes: b8a3af71-a580-4ddb-8d0c-604124d85cde{ip: 192.168.157.240, host: trunk-nightly-hvlc9-701369690, networkLocation: /default-rack, certSerialId: null}, Type:RATIS, Factor:ONE, State:OPEN]
2019-07-15 13:53:10,293 INFO  pipeline.PipelineStateManager (PipelineStateManager.java:finalizePipeline(123)) - Pipeline Pipeline[ Id: bde1ba15-a370-4d0d-bf69-4998123d2fe0, Nodes: b8a3af71-a580-4ddb-8d0c-604124d85cde{ip: 192.168.157.240, host: trunk-nightly-hvlc9-701369690, networkLocation: /default-rack, certSerialId: null}, Type:RATIS, Factor:ONE, State:CLOSED] moved to CLOSED state
2019-07-15 13:53:10,371 WARN  server.GrpcLogAppender (LogUtils.java:warn(134)) - 54ab0f06-ba9b-4124-99a5-49ffebe21645->5f1961c3-0311-4368-b10b-6dd07ca7e99b: Failed appendEntries: org.apache.ratis.thirdparty.io.grpc.StatusRuntimeException: UNAVAILABLE: io exception
2019-07-15 13:53:10,371 INFO  impl.FollowerInfo (FollowerInfo.java:lambda$new$0(50)) - 54ab0f06-ba9b-4124-99a5-49ffebe21645->5f1961c3-0311-4368-b10b-6dd07ca7e99b: nextIndex: updateUnconditionally 0 -> 0
2019-07-15 13:53:10,372 WARN  server.GrpcLogAppender (LogUtils.java:warn(134)) - 54ab0f06-ba9b-4124-99a5-49ffebe21645->67c28ded-b679-425b-8317-1aa30c7b7865: Failed appendEntries: org.apache.ratis.thirdparty.io.grpc.StatusRuntimeException: UNAVAILABLE: io exception
2019-07-15 13:53:10,373 INFO  impl.FollowerInfo (FollowerInfo.java:lambda$new$0(50)) - 54ab0f06-ba9b-4124-99a5-49ffebe21645->67c28ded-b679-425b-8317-1aa30c7b7865: nextIndex: updateUnconditionally 0 -> 0
2019-07-15 13:53:11,056 INFO  ozoneimpl.OzoneContainer (OzoneContainer.java:stop(199)) - Attempting to stop container services.
2019-07-15 13:53:11,056 INFO  ozoneimpl.OzoneContainer (OzoneContainer.java:stop(199)) - Attempting to stop container services.
2019-07-15 13:53:11,057 INFO  impl.RaftServerProxy (RaftServerProxy.java:lambda$close$4(314)) - 54ab0f06-ba9b-4124-99a5-49ffebe21645: close
2019-07-15 13:53:11,057 INFO  impl.RaftServerProxy (RaftServerProxy.java:lambda$close$4(314)) - b8a3af71-a580-4ddb-8d0c-604124d85cde: close
2019-07-15 13:53:11,057 INFO  impl.RaftServerImpl (RaftServerImpl.java:lambda$shutdown$3(245)) - 54ab0f06-ba9b-4124-99a5-49ffebe21645: shutdown group-1BB46EE69953
2019-07-15 13:53:11,058 INFO  impl.RaftServerImpl (RaftServerImpl.java:lambda$shutdown$3(245)) - b8a3af71-a580-4ddb-8d0c-604124d85cde: shutdown group-4998123D2FE0
2019-07-15 13:53:11,058 INFO  util.JmxRegister (JmxRegister.java:unregister(73)) - Successfully un-registered JMX Bean with object name Ratis:service=RaftServer,group=group-1BB46EE69953,id=54ab0f06-ba9b-4124-99a5-49ffebe21645
2019-07-15 13:53:11,059 INFO  util.JmxRegister (JmxRegister.java:unregister(73)) - Successfully un-registered JMX Bean with object name Ratis:service=RaftServer,group=group-4998123D2FE0,id=b8a3af71-a580-4ddb-8d0c-604124d85cde
2019-07-15 13:53:11,059 INFO  impl.RoleInfo (RoleInfo.java:shutdownLeaderState(104)) - 54ab0f06-ba9b-4124-99a5-49ffebe21645: shutdown LeaderState
2019-07-15 13:53:11,059 INFO  impl.RoleInfo (RoleInfo.java:shutdownLeaderState(104)) - b8a3af71-a580-4ddb-8d0c-604124d85cde: shutdown LeaderState
2019-07-15 13:53:11,064 WARN  server.GrpcLogAppender (GrpcLogAppender.java:mayWait(143)) - GrpcLogAppender(54ab0f06-ba9b-4124-99a5-49ffebe21645->67c28ded-b679-425b-8317-1aa30c7b7865): Wait interrupted by java.lang.InterruptedException
2019-07-15 13:53:11,064 WARN  server.GrpcLogAppender (GrpcLogAppender.java:mayWait(143)) - GrpcLogAppender(54ab0f06-ba9b-4124-99a5-49ffebe21645->5f1961c3-0311-4368-b10b-6dd07ca7e99b): Wait interrupted by java.lang.InterruptedException
2019-07-15 13:53:11,064 INFO  impl.PendingRequests (PendingRequests.java:sendNotLeaderResponses(202)) - 54ab0f06-ba9b-4124-99a5-49ffebe21645-PendingRequests: sendNotLeaderResponses
2019-07-15 13:53:11,064 INFO  impl.PendingRequests (PendingRequests.java:sendNotLeaderResponses(202)) - b8a3af71-a580-4ddb-8d0c-604124d85cde-PendingRequests: sendNotLeaderResponses
2019-07-15 13:53:11,065 INFO  impl.StateMachineUpdater (StateMachineUpdater.java:stopAndJoin(115)) - StateMachineUpdater:54ab0f06-ba9b-4124-99a5-49ffebe21645:group-1BB46EE69953: set stopIndex = 0
2019-07-15 13:53:11,065 INFO  impl.StateMachineUpdater (StateMachineUpdater.java:stopAndJoin(115)) - StateMachineUpdater:b8a3af71-a580-4ddb-8d0c-604124d85cde:group-4998123D2FE0: set stopIndex = 0
2019-07-15 13:53:11,066 INFO  impl.RaftServerImpl (ServerState.java:close(394)) - b8a3af71-a580-4ddb-8d0c-604124d85cde:group-4998123D2FE0 closes. The last applied log index is 0
2019-07-15 13:53:11,065 INFO  impl.RaftServerImpl (ServerState.java:close(394)) - 54ab0f06-ba9b-4124-99a5-49ffebe21645:group-1BB46EE69953 closes. The last applied log index is 0
2019-07-15 13:53:11,067 INFO  segmented.SegmentedRaftLogWorker (SegmentedRaftLogWorker.java:run(313)) - b8a3af71-a580-4ddb-8d0c-604124d85cde-SegmentedRaftLogWorker:Storage Directory /workdir/hadoop-ozone/integration-test/target/test-dir/MiniOzoneClusterImpl-57b11f44-691f-4099-bd84-7690158c8d61/datanode-6/data/ratis/bde1ba15-a370-4d0d-bf69-4998123d2fe0 was interrupted, exiting. There are 0 tasks remaining in the queue.
2019-07-15 13:53:11,067 INFO  segmented.SegmentedRaftLogWorker (SegmentedRaftLogWorker.java:run(313)) - 54ab0f06-ba9b-4124-99a5-49ffebe21645-SegmentedRaftLogWorker:Storage Directory /workdir/hadoop-ozone/integration-test/target/test-dir/MiniOzoneClusterImpl-57b11f44-691f-4099-bd84-7690158c8d61/datanode-0/data/ratis/8ac7e347-8e64-4ffc-9c68-1bb46ee69953 was interrupted, exiting. There are 0 tasks remaining in the queue.
2019-07-15 13:53:11,069 INFO  segmented.SegmentedRaftLogWorker (SegmentedRaftLogWorker.java:close(228)) - b8a3af71-a580-4ddb-8d0c-604124d85cde-SegmentedRaftLogWorker:Storage Directory /workdir/hadoop-ozone/integration-test/target/test-dir/MiniOzoneClusterImpl-57b11f44-691f-4099-bd84-7690158c8d61/datanode-6/data/ratis/bde1ba15-a370-4d0d-bf69-4998123d2fe0 close()
2019-07-15 13:53:11,070 INFO  segmented.SegmentedRaftLogWorker (SegmentedRaftLogWorker.java:close(228)) - 54ab0f06-ba9b-4124-99a5-49ffebe21645-SegmentedRaftLogWorker:Storage Directory /workdir/hadoop-ozone/integration-test/target/test-dir/MiniOzoneClusterImpl-57b11f44-691f-4099-bd84-7690158c8d61/datanode-0/data/ratis/8ac7e347-8e64-4ffc-9c68-1bb46ee69953 close()
2019-07-15 13:53:11,072 INFO  server.GrpcService (GrpcService.java:closeImpl(155)) - b8a3af71-a580-4ddb-8d0c-604124d85cde: shutdown server with port 45107 now
2019-07-15 13:53:11,079 INFO  impl.RaftServerImpl (RaftServerImpl.java:lambda$shutdown$3(245)) - 54ab0f06-ba9b-4124-99a5-49ffebe21645: shutdown group-498B03878735
2019-07-15 13:53:11,080 INFO  server.GrpcService (GrpcService.java:closeImpl(163)) - b8a3af71-a580-4ddb-8d0c-604124d85cde: shutdown server with port 45107 successfully
2019-07-15 13:53:11,080 INFO  util.JmxRegister (JmxRegister.java:unregister(73)) - Successfully un-registered JMX Bean with object name Ratis:service=RaftServer,group=group-498B03878735,id=54ab0f06-ba9b-4124-99a5-49ffebe21645
2019-07-15 13:53:11,081 INFO  impl.RoleInfo (RoleInfo.java:shutdownLeaderState(104)) - 54ab0f06-ba9b-4124-99a5-49ffebe21645: shutdown LeaderState
2019-07-15 13:53:11,082 INFO  impl.PendingRequests (PendingRequests.java:sendNotLeaderResponses(202)) - 54ab0f06-ba9b-4124-99a5-49ffebe21645-PendingRequests: sendNotLeaderResponses
2019-07-15 13:53:11,082 INFO  utils.BackgroundService (BackgroundService.java:shutdown(148)) - Shutting down service BlockDeletingService
2019-07-15 13:53:11,082 INFO  impl.StateMachineUpdater (StateMachineUpdater.java:stopAndJoin(115)) - StateMachineUpdater:54ab0f06-ba9b-4124-99a5-49ffebe21645:group-498B03878735: set stopIndex = 0
2019-07-15 13:53:11,083 INFO  impl.RaftServerImpl (ServerState.java:close(394)) - 54ab0f06-ba9b-4124-99a5-49ffebe21645:group-498B03878735 closes. The last applied log index is 0
2019-07-15 13:53:11,083 INFO  segmented.SegmentedRaftLogWorker (SegmentedRaftLogWorker.java:run(313)) - 54ab0f06-ba9b-4124-99a5-49ffebe21645-SegmentedRaftLogWorker:Storage Directory /workdir/hadoop-ozone/integration-test/target/test-dir/MiniOzoneClusterImpl-57b11f44-691f-4099-bd84-7690158c8d61/datanode-0/data/ratis/25887758-1af6-4d61-8a50-498b03878735 was interrupted, exiting. There are 0 tasks remaining in the queue.
2019-07-15 13:53:11,083 INFO  segmented.SegmentedRaftLogWorker (SegmentedRaftLogWorker.java:close(228)) - 54ab0f06-ba9b-4124-99a5-49ffebe21645-SegmentedRaftLogWorker:Storage Directory /workdir/hadoop-ozone/integration-test/target/test-dir/MiniOzoneClusterImpl-57b11f44-691f-4099-bd84-7690158c8d61/datanode-0/data/ratis/25887758-1af6-4d61-8a50-498b03878735 close()
2019-07-15 13:53:11,084 INFO  server.GrpcService (GrpcService.java:closeImpl(155)) - 54ab0f06-ba9b-4124-99a5-49ffebe21645: shutdown server with port 36156 now
2019-07-15 13:53:11,084 INFO  server.GrpcService (GrpcService.java:closeImpl(163)) - 54ab0f06-ba9b-4124-99a5-49ffebe21645: shutdown server with port 36156 successfully
2019-07-15 13:53:11,086 WARN  fs.CachingGetSpaceUsed (CachingGetSpaceUsed.java:run(183)) - Thread Interrupted waiting to refresh disk information: sleep interrupted
2019-07-15 13:53:11,088 INFO  utils.BackgroundService (BackgroundService.java:shutdown(148)) - Shutting down service BlockDeletingService
2019-07-15 13:53:11,092 WARN  fs.CachingGetSpaceUsed (CachingGetSpaceUsed.java:run(183)) - Thread Interrupted waiting to refresh disk information: sleep interrupted
2019-07-15 13:53:11,105 INFO  statemachine.DatanodeStateMachine (DatanodeStateMachine.java:stopDaemon(395)) - Ozone container server stopped.
2019-07-15 13:53:11,110 INFO  statemachine.DatanodeStateMachine (DatanodeStateMachine.java:stopDaemon(395)) - Ozone container server stopped.
2019-07-15 13:53:11,117 INFO  handler.ContextHandler (ContextHandler.java:doStop(910)) - Stopped o.e.j.w.WebAppContext@6195ce27{/,null,UNAVAILABLE}{/hddsDatanode}
2019-07-15 13:53:11,119 INFO  handler.ContextHandler (ContextHandler.java:doStop(910)) - Stopped o.e.j.w.WebAppContext@1edf52e6{/,null,UNAVAILABLE}{/hddsDatanode}
2019-07-15 13:53:11,120 INFO  server.AbstractConnector (AbstractConnector.java:doStop(318)) - Stopped ServerConnector@5ab06829{HTTP/1.1,[http/1.1]}{0.0.0.0:0}
2019-07-15 13:53:11,121 INFO  server.AbstractConnector (AbstractConnector.java:doStop(318)) - Stopped ServerConnector@397b5b2d{HTTP/1.1,[http/1.1]}{0.0.0.0:0}
2019-07-15 13:53:11,121 INFO  handler.ContextHandler (ContextHandler.java:doStop(910)) - Stopped o.e.j.s.ServletContextHandler@15405ba1{/static,jar:file:/home/user/.m2/repository/org/apache/hadoop/hadoop-hdds-container-service/0.5.0-SNAPSHOT/hadoop-hdds-container-service-0.5.0-SNAPSHOT.jar!/webapps/static,UNAVAILABLE}
2019-07-15 13:53:11,121 INFO  handler.ContextHandler (ContextHandler.java:doStop(910)) - Stopped o.e.j.s.ServletContextHandler@4417755b{/static,jar:file:/home/user/.m2/repository/org/apache/hadoop/hadoop-hdds-container-service/0.5.0-SNAPSHOT/hadoop-hdds-container-service-0.5.0-SNAPSHOT.jar!/webapps/static,UNAVAILABLE}
2019-07-15 13:53:11,123 INFO  handler.ContextHandler (ContextHandler.java:doStop(910)) - Stopped o.e.j.s.ServletContextHandler@18d14de3{/logs,file:///workdir/hadoop-ozone/integration-test/target/log,UNAVAILABLE}
2019-07-15 13:53:11,123 INFO  handler.ContextHandler (ContextHandler.java:doStop(910)) - Stopped o.e.j.s.ServletContextHandler@59d7d574{/logs,file:///workdir/hadoop-ozone/integration-test/target/log,UNAVAILABLE}
2019-07-15 13:53:11,125 INFO  datanode.ObjectStoreHandler (ObjectStoreHandler.java:close(155)) - Closing ObjectStoreHandler.
2019-07-15 13:53:11,126 INFO  ozone.HddsDatanodeService (HddsDatanodeService.java:stop(452)) - Stopped plug-in org.apache.hadoop.ozone.web.OzoneHddsDatanodeService@436103b1
2019-07-15 13:53:11,976 INFO  statemachine.DatanodeStateMachine (DatanodeStateMachine.java:lambda$startDaemon$0(350)) - Ozone container server started.
2019-07-15 13:53:13,591 INFO  impl.FollowerState (FollowerState.java:run(106)) - 6b52d340-8c41-4019-aa96-ad4e6eff3bc9:group-769CFCB53D6A changes to CANDIDATE, lastRpcTime:5081, electionTimeout:5081ms
2019-07-15 13:53:13,591 INFO  impl.RoleInfo (RoleInfo.java:shutdownFollowerState(121)) - 6b52d340-8c41-4019-aa96-ad4e6eff3bc9: shutdown FollowerState
2019-07-15 13:53:13,591 INFO  impl.RaftServerImpl (RaftServerImpl.java:setRole(171)) - 6b52d340-8c41-4019-aa96-ad4e6eff3bc9:group-769CFCB53D6A changes role from FOLLOWER to CANDIDATE at term 3 for changeToCandidate
2019-07-15 13:53:13,591 INFO  impl.RoleInfo (RoleInfo.java:updateAndGet(143)) - 6b52d340-8c41-4019-aa96-ad4e6eff3bc9: start LeaderElection
2019-07-15 13:53:13,608 INFO  impl.LeaderElection (LeaderElection.java:askForVotes(181)) - 6b52d340-8c41-4019-aa96-ad4e6eff3bc9:group-769CFCB53D6A:LeaderElection64: begin an election at term 4 for 0: [955117ab-e0a9-4328-8308-787f8c4c4d1c:192.168.157.240:44676, 6b52d340-8c41-4019-aa96-ad4e6eff3bc9:192.168.157.240:38294, 69b822ba-735c-4922-a471-76e0959298b4:192.168.157.240:34315], old=null
2019-07-15 13:53:13,609 INFO  impl.LeaderElection (LogUtils.java:infoOrTrace(149)) - 6b52d340-8c41-4019-aa96-ad4e6eff3bc9:group-769CFCB53D6A:LeaderElection64 got exception when requesting votes: {}
java.util.concurrent.ExecutionException: org.apache.ratis.thirdparty.io.grpc.StatusRuntimeException: UNAVAILABLE: io exception
	at java.util.concurrent.FutureTask.report(FutureTask.java:122)
	at java.util.concurrent.FutureTask.get(FutureTask.java:192)
	at org.apache.ratis.server.impl.LeaderElection.waitForResults(LeaderElection.java:262)
	at org.apache.ratis.server.impl.LeaderElection.askForVotes(LeaderElection.java:200)
	at org.apache.ratis.server.impl.LeaderElection.run(LeaderElection.java:130)
	at java.lang.Thread.run(Thread.java:748)
Caused by: org.apache.ratis.thirdparty.io.grpc.StatusRuntimeException: UNAVAILABLE: io exception
	at org.apache.ratis.thirdparty.io.grpc.stub.ClientCalls.toStatusRuntimeException(ClientCalls.java:233)
	at org.apache.ratis.thirdparty.io.grpc.stub.ClientCalls.getUnchecked(ClientCalls.java:214)
	at org.apache.ratis.thirdparty.io.grpc.stub.ClientCalls.blockingUnaryCall(ClientCalls.java:139)
	at org.apache.ratis.proto.grpc.RaftServerProtocolServiceGrpc$RaftServerProtocolServiceBlockingStub.requestVote(RaftServerProtocolServiceGrpc.java:265)
	at org.apache.ratis.grpc.server.GrpcServerProtocolClient.requestVote(GrpcServerProtocolClient.java:83)
	at org.apache.ratis.grpc.server.GrpcService.requestVote(GrpcService.java:195)
	at org.apache.ratis.server.impl.LeaderElection.lambda$submitRequests$1(LeaderElection.java:237)
	at java.util.concurrent.FutureTask.run(FutureTask.java:266)
	at java.util.concurrent.Executors$RunnableAdapter.call(Executors.java:511)
	at java.util.concurrent.FutureTask.run(FutureTask.java:266)
	at java.util.concurrent.ThreadPoolExecutor.runWorker(ThreadPoolExecutor.java:1149)
	at java.util.concurrent.ThreadPoolExecutor$Worker.run(ThreadPoolExecutor.java:624)
	... 1 more
Caused by: org.apache.ratis.thirdparty.io.netty.channel.AbstractChannel$AnnotatedConnectException: Connection refused: /192.168.157.240:44676
	at sun.nio.ch.SocketChannelImpl.checkConnect(Native Method)
	at sun.nio.ch.SocketChannelImpl.finishConnect(SocketChannelImpl.java:717)
	at org.apache.ratis.thirdparty.io.netty.channel.socket.nio.NioSocketChannel.doFinishConnect(NioSocketChannel.java:327)
	at org.apache.ratis.thirdparty.io.netty.channel.nio.AbstractNioChannel$AbstractNioUnsafe.finishConnect(AbstractNioChannel.java:340)
	at org.apache.ratis.thirdparty.io.netty.channel.nio.NioEventLoop.processSelectedKey(NioEventLoop.java:632)
	at org.apache.ratis.thirdparty.io.netty.channel.nio.NioEventLoop.processSelectedKeysOptimized(NioEventLoop.java:579)
	at org.apache.ratis.thirdparty.io.netty.channel.nio.NioEventLoop.processSelectedKeys(NioEventLoop.java:496)
	at org.apache.ratis.thirdparty.io.netty.channel.nio.NioEventLoop.run(NioEventLoop.java:458)
	at org.apache.ratis.thirdparty.io.netty.util.concurrent.SingleThreadEventExecutor$5.run(SingleThreadEventExecutor.java:897)
	at org.apache.ratis.thirdparty.io.netty.util.concurrent.FastThreadLocalRunnable.run(FastThreadLocalRunnable.java:30)
	... 1 more
Caused by: java.net.ConnectException: Connection refused
	... 11 more
2019-07-15 13:53:13,611 INFO  impl.LeaderElection (LogUtils.java:infoOrTrace(149)) - 6b52d340-8c41-4019-aa96-ad4e6eff3bc9:group-769CFCB53D6A:LeaderElection64 got exception when requesting votes: {}
java.util.concurrent.ExecutionException: org.apache.ratis.thirdparty.io.grpc.StatusRuntimeException: UNAVAILABLE: io exception
	at java.util.concurrent.FutureTask.report(FutureTask.java:122)
	at java.util.concurrent.FutureTask.get(FutureTask.java:192)
	at org.apache.ratis.server.impl.LeaderElection.waitForResults(LeaderElection.java:262)
	at org.apache.ratis.server.impl.LeaderElection.askForVotes(LeaderElection.java:200)
	at org.apache.ratis.server.impl.LeaderElection.run(LeaderElection.java:130)
	at java.lang.Thread.run(Thread.java:748)
Caused by: org.apache.ratis.thirdparty.io.grpc.StatusRuntimeException: UNAVAILABLE: io exception
	at org.apache.ratis.thirdparty.io.grpc.stub.ClientCalls.toStatusRuntimeException(ClientCalls.java:233)
	at org.apache.ratis.thirdparty.io.grpc.stub.ClientCalls.getUnchecked(ClientCalls.java:214)
	at org.apache.ratis.thirdparty.io.grpc.stub.ClientCalls.blockingUnaryCall(ClientCalls.java:139)
	at org.apache.ratis.proto.grpc.RaftServerProtocolServiceGrpc$RaftServerProtocolServiceBlockingStub.requestVote(RaftServerProtocolServiceGrpc.java:265)
	at org.apache.ratis.grpc.server.GrpcServerProtocolClient.requestVote(GrpcServerProtocolClient.java:83)
	at org.apache.ratis.grpc.server.GrpcService.requestVote(GrpcService.java:195)
	at org.apache.ratis.server.impl.LeaderElection.lambda$submitRequests$1(LeaderElection.java:237)
	at java.util.concurrent.FutureTask.run(FutureTask.java:266)
	at java.util.concurrent.Executors$RunnableAdapter.call(Executors.java:511)
	at java.util.concurrent.FutureTask.run(FutureTask.java:266)
	at java.util.concurrent.ThreadPoolExecutor.runWorker(ThreadPoolExecutor.java:1149)
	at java.util.concurrent.ThreadPoolExecutor$Worker.run(ThreadPoolExecutor.java:624)
	... 1 more
Caused by: org.apache.ratis.thirdparty.io.netty.channel.AbstractChannel$AnnotatedConnectException: Connection refused: /192.168.157.240:34315
	at sun.nio.ch.SocketChannelImpl.checkConnect(Native Method)
	at sun.nio.ch.SocketChannelImpl.finishConnect(SocketChannelImpl.java:717)
	at org.apache.ratis.thirdparty.io.netty.channel.socket.nio.NioSocketChannel.doFinishConnect(NioSocketChannel.java:327)
	at org.apache.ratis.thirdparty.io.netty.channel.nio.AbstractNioChannel$AbstractNioUnsafe.finishConnect(AbstractNioChannel.java:340)
	at org.apache.ratis.thirdparty.io.netty.channel.nio.NioEventLoop.processSelectedKey(NioEventLoop.java:632)
	at org.apache.ratis.thirdparty.io.netty.channel.nio.NioEventLoop.processSelectedKeysOptimized(NioEventLoop.java:579)
	at org.apache.ratis.thirdparty.io.netty.channel.nio.NioEventLoop.processSelectedKeys(NioEventLoop.java:496)
	at org.apache.ratis.thirdparty.io.netty.channel.nio.NioEventLoop.run(NioEventLoop.java:458)
	at org.apache.ratis.thirdparty.io.netty.util.concurrent.SingleThreadEventExecutor$5.run(SingleThreadEventExecutor.java:897)
	at org.apache.ratis.thirdparty.io.netty.util.concurrent.FastThreadLocalRunnable.run(FastThreadLocalRunnable.java:30)
	... 1 more
Caused by: java.net.ConnectException: Connection refused
	... 11 more
2019-07-15 13:53:13,612 INFO  impl.LeaderElection (LeaderElection.java:logAndReturn(56)) - 6b52d340-8c41-4019-aa96-ad4e6eff3bc9:group-769CFCB53D6A:LeaderElection64: Election REJECTED; received 0 response(s) [] and 2 exception(s); 6b52d340-8c41-4019-aa96-ad4e6eff3bc9:t4, leader=null, voted=6b52d340-8c41-4019-aa96-ad4e6eff3bc9, raftlog=6b52d340-8c41-4019-aa96-ad4e6eff3bc9-SegmentedRaftLog:OPENED:c-1,f0,i0, conf=0: [955117ab-e0a9-4328-8308-787f8c4c4d1c:192.168.157.240:44676, 6b52d340-8c41-4019-aa96-ad4e6eff3bc9:192.168.157.240:38294, 69b822ba-735c-4922-a471-76e0959298b4:192.168.157.240:34315], old=null
2019-07-15 13:53:13,613 INFO  impl.LeaderElection (LogUtils.java:infoOrTrace(149)) -   Exception 0: {}
java.util.concurrent.ExecutionException: org.apache.ratis.thirdparty.io.grpc.StatusRuntimeException: UNAVAILABLE: io exception
	at java.util.concurrent.FutureTask.report(FutureTask.java:122)
	at java.util.concurrent.FutureTask.get(FutureTask.java:192)
	at org.apache.ratis.server.impl.LeaderElection.waitForResults(LeaderElection.java:262)
	at org.apache.ratis.server.impl.LeaderElection.askForVotes(LeaderElection.java:200)
	at org.apache.ratis.server.impl.LeaderElection.run(LeaderElection.java:130)
	at java.lang.Thread.run(Thread.java:748)
Caused by: org.apache.ratis.thirdparty.io.grpc.StatusRuntimeException: UNAVAILABLE: io exception
	at org.apache.ratis.thirdparty.io.grpc.stub.ClientCalls.toStatusRuntimeException(ClientCalls.java:233)
	at org.apache.ratis.thirdparty.io.grpc.stub.ClientCalls.getUnchecked(ClientCalls.java:214)
	at org.apache.ratis.thirdparty.io.grpc.stub.ClientCalls.blockingUnaryCall(ClientCalls.java:139)
	at org.apache.ratis.proto.grpc.RaftServerProtocolServiceGrpc$RaftServerProtocolServiceBlockingStub.requestVote(RaftServerProtocolServiceGrpc.java:265)
	at org.apache.ratis.grpc.server.GrpcServerProtocolClient.requestVote(GrpcServerProtocolClient.java:83)
	at org.apache.ratis.grpc.server.GrpcService.requestVote(GrpcService.java:195)
	at org.apache.ratis.server.impl.LeaderElection.lambda$submitRequests$1(LeaderElection.java:237)
	at java.util.concurrent.FutureTask.run(FutureTask.java:266)
	at java.util.concurrent.Executors$RunnableAdapter.call(Executors.java:511)
	at java.util.concurrent.FutureTask.run(FutureTask.java:266)
	at java.util.concurrent.ThreadPoolExecutor.runWorker(ThreadPoolExecutor.java:1149)
	at java.util.concurrent.ThreadPoolExecutor$Worker.run(ThreadPoolExecutor.java:624)
	... 1 more
Caused by: org.apache.ratis.thirdparty.io.netty.channel.AbstractChannel$AnnotatedConnectException: Connection refused: /192.168.157.240:44676
	at sun.nio.ch.SocketChannelImpl.checkConnect(Native Method)
	at sun.nio.ch.SocketChannelImpl.finishConnect(SocketChannelImpl.java:717)
	at org.apache.ratis.thirdparty.io.netty.channel.socket.nio.NioSocketChannel.doFinishConnect(NioSocketChannel.java:327)
	at org.apache.ratis.thirdparty.io.netty.channel.nio.AbstractNioChannel$AbstractNioUnsafe.finishConnect(AbstractNioChannel.java:340)
	at org.apache.ratis.thirdparty.io.netty.channel.nio.NioEventLoop.processSelectedKey(NioEventLoop.java:632)
	at org.apache.ratis.thirdparty.io.netty.channel.nio.NioEventLoop.processSelectedKeysOptimized(NioEventLoop.java:579)
	at org.apache.ratis.thirdparty.io.netty.channel.nio.NioEventLoop.processSelectedKeys(NioEventLoop.java:496)
	at org.apache.ratis.thirdparty.io.netty.channel.nio.NioEventLoop.run(NioEventLoop.java:458)
	at org.apache.ratis.thirdparty.io.netty.util.concurrent.SingleThreadEventExecutor$5.run(SingleThreadEventExecutor.java:897)
	at org.apache.ratis.thirdparty.io.netty.util.concurrent.FastThreadLocalRunnable.run(FastThreadLocalRunnable.java:30)
	... 1 more
Caused by: java.net.ConnectException: Connection refused
	... 11 more
2019-07-15 13:53:13,613 INFO  impl.LeaderElection (LogUtils.java:infoOrTrace(149)) -   Exception 1: {}
java.util.concurrent.ExecutionException: org.apache.ratis.thirdparty.io.grpc.StatusRuntimeException: UNAVAILABLE: io exception
	at java.util.concurrent.FutureTask.report(FutureTask.java:122)
	at java.util.concurrent.FutureTask.get(FutureTask.java:192)
	at org.apache.ratis.server.impl.LeaderElection.waitForResults(LeaderElection.java:262)
	at org.apache.ratis.server.impl.LeaderElection.askForVotes(LeaderElection.java:200)
	at org.apache.ratis.server.impl.LeaderElection.run(LeaderElection.java:130)
	at java.lang.Thread.run(Thread.java:748)
Caused by: org.apache.ratis.thirdparty.io.grpc.StatusRuntimeException: UNAVAILABLE: io exception
	at org.apache.ratis.thirdparty.io.grpc.stub.ClientCalls.toStatusRuntimeException(ClientCalls.java:233)
	at org.apache.ratis.thirdparty.io.grpc.stub.ClientCalls.getUnchecked(ClientCalls.java:214)
	at org.apache.ratis.thirdparty.io.grpc.stub.ClientCalls.blockingUnaryCall(ClientCalls.java:139)
	at org.apache.ratis.proto.grpc.RaftServerProtocolServiceGrpc$RaftServerProtocolServiceBlockingStub.requestVote(RaftServerProtocolServiceGrpc.java:265)
	at org.apache.ratis.grpc.server.GrpcServerProtocolClient.requestVote(GrpcServerProtocolClient.java:83)
	at org.apache.ratis.grpc.server.GrpcService.requestVote(GrpcService.java:195)
	at org.apache.ratis.server.impl.LeaderElection.lambda$submitRequests$1(LeaderElection.java:237)
	at java.util.concurrent.FutureTask.run(FutureTask.java:266)
	at java.util.concurrent.Executors$RunnableAdapter.call(Executors.java:511)
	at java.util.concurrent.FutureTask.run(FutureTask.java:266)
	at java.util.concurrent.ThreadPoolExecutor.runWorker(ThreadPoolExecutor.java:1149)
	at java.util.concurrent.ThreadPoolExecutor$Worker.run(ThreadPoolExecutor.java:624)
	... 1 more
Caused by: org.apache.ratis.thirdparty.io.netty.channel.AbstractChannel$AnnotatedConnectException: Connection refused: /192.168.157.240:34315
	at sun.nio.ch.SocketChannelImpl.checkConnect(Native Method)
	at sun.nio.ch.SocketChannelImpl.finishConnect(SocketChannelImpl.java:717)
	at org.apache.ratis.thirdparty.io.netty.channel.socket.nio.NioSocketChannel.doFinishConnect(NioSocketChannel.java:327)
	at org.apache.ratis.thirdparty.io.netty.channel.nio.AbstractNioChannel$AbstractNioUnsafe.finishConnect(AbstractNioChannel.java:340)
	at org.apache.ratis.thirdparty.io.netty.channel.nio.NioEventLoop.processSelectedKey(NioEventLoop.java:632)
	at org.apache.ratis.thirdparty.io.netty.channel.nio.NioEventLoop.processSelectedKeysOptimized(NioEventLoop.java:579)
	at org.apache.ratis.thirdparty.io.netty.channel.nio.NioEventLoop.processSelectedKeys(NioEventLoop.java:496)
	at org.apache.ratis.thirdparty.io.netty.channel.nio.NioEventLoop.run(NioEventLoop.java:458)
	at org.apache.ratis.thirdparty.io.netty.util.concurrent.SingleThreadEventExecutor$5.run(SingleThreadEventExecutor.java:897)
	at org.apache.ratis.thirdparty.io.netty.util.concurrent.FastThreadLocalRunnable.run(FastThreadLocalRunnable.java:30)
	... 1 more
Caused by: java.net.ConnectException: Connection refused
	... 11 more
2019-07-15 13:53:13,613 INFO  impl.RaftServerImpl (RaftServerImpl.java:setRole(171)) - 6b52d340-8c41-4019-aa96-ad4e6eff3bc9:group-769CFCB53D6A changes role from CANDIDATE to FOLLOWER at term 4 for DISCOVERED_A_NEW_TERM
2019-07-15 13:53:13,613 INFO  impl.RoleInfo (RoleInfo.java:shutdownLeaderElection(134)) - 6b52d340-8c41-4019-aa96-ad4e6eff3bc9: shutdown LeaderElection
2019-07-15 13:53:13,613 INFO  impl.RoleInfo (RoleInfo.java:updateAndGet(143)) - 6b52d340-8c41-4019-aa96-ad4e6eff3bc9: start FollowerState
2019-07-15 13:53:16,000 INFO  node.StaleNodeHandler (StaleNodeHandler.java:onMessage(58)) - Datanode 6b52d340-8c41-4019-aa96-ad4e6eff3bc9{ip: 192.168.157.240, host: trunk-nightly-hvlc9-701369690, networkLocation: /default-rack, certSerialId: null} moved to stale state. Finalizing its pipelines [PipelineID=fb47f2ad-827b-47ad-b37a-769cfcb53d6a, PipelineID=d1217d28-4660-4594-83b4-a04492f3b522]
2019-07-15 13:53:16,001 INFO  pipeline.SCMPipelineManager (SCMPipelineManager.java:finalizeAndDestroyPipeline(309)) - destroying pipeline:Pipeline[ Id: fb47f2ad-827b-47ad-b37a-769cfcb53d6a, Nodes: 6b52d340-8c41-4019-aa96-ad4e6eff3bc9{ip: 192.168.157.240, host: trunk-nightly-hvlc9-701369690, networkLocation: /default-rack, certSerialId: null}69b822ba-735c-4922-a471-76e0959298b4{ip: 192.168.157.240, host: trunk-nightly-hvlc9-701369690, networkLocation: /default-rack, certSerialId: null}955117ab-e0a9-4328-8308-787f8c4c4d1c{ip: 192.168.157.240, host: trunk-nightly-hvlc9-701369690, networkLocation: /default-rack, certSerialId: null}, Type:RATIS, Factor:THREE, State:CLOSED]
2019-07-15 13:53:16,001 INFO  pipeline.SCMPipelineManager (SCMPipelineManager.java:finalizeAndDestroyPipeline(309)) - destroying pipeline:Pipeline[ Id: d1217d28-4660-4594-83b4-a04492f3b522, Nodes: 6b52d340-8c41-4019-aa96-ad4e6eff3bc9{ip: 192.168.157.240, host: trunk-nightly-hvlc9-701369690, networkLocation: /default-rack, certSerialId: null}, Type:RATIS, Factor:ONE, State:OPEN]
2019-07-15 13:53:16,001 INFO  pipeline.PipelineStateManager (PipelineStateManager.java:finalizePipeline(123)) - Pipeline Pipeline[ Id: d1217d28-4660-4594-83b4-a04492f3b522, Nodes: 6b52d340-8c41-4019-aa96-ad4e6eff3bc9{ip: 192.168.157.240, host: trunk-nightly-hvlc9-701369690, networkLocation: /default-rack, certSerialId: null}, Type:RATIS, Factor:ONE, State:CLOSED] moved to CLOSED state
2019-07-15 13:53:16,127 INFO  ozoneimpl.OzoneContainer (OzoneContainer.java:stop(199)) - Attempting to stop container services.
2019-07-15 13:53:16,128 INFO  impl.RaftServerProxy (RaftServerProxy.java:lambda$close$4(314)) - 6b52d340-8c41-4019-aa96-ad4e6eff3bc9: close
2019-07-15 13:53:16,128 INFO  impl.RaftServerImpl (RaftServerImpl.java:lambda$shutdown$3(245)) - 6b52d340-8c41-4019-aa96-ad4e6eff3bc9: shutdown group-769CFCB53D6A
2019-07-15 13:53:16,129 INFO  impl.RaftServerImpl (RaftServerImpl.java:lambda$shutdown$3(245)) - 6b52d340-8c41-4019-aa96-ad4e6eff3bc9: shutdown group-A04492F3B522
2019-07-15 13:53:16,129 INFO  util.JmxRegister (JmxRegister.java:unregister(73)) - Successfully un-registered JMX Bean with object name Ratis:service=RaftServer,group=group-769CFCB53D6A,id=6b52d340-8c41-4019-aa96-ad4e6eff3bc9
2019-07-15 13:53:16,129 INFO  util.JmxRegister (JmxRegister.java:unregister(73)) - Successfully un-registered JMX Bean with object name Ratis:service=RaftServer,group=group-A04492F3B522,id=6b52d340-8c41-4019-aa96-ad4e6eff3bc9
2019-07-15 13:53:16,130 INFO  impl.RoleInfo (RoleInfo.java:shutdownFollowerState(121)) - 6b52d340-8c41-4019-aa96-ad4e6eff3bc9: shutdown FollowerState
2019-07-15 13:53:16,130 INFO  impl.RoleInfo (RoleInfo.java:shutdownLeaderState(104)) - 6b52d340-8c41-4019-aa96-ad4e6eff3bc9: shutdown LeaderState
2019-07-15 13:53:16,130 INFO  impl.FollowerState (FollowerState.java:run(114)) - 6b52d340-8c41-4019-aa96-ad4e6eff3bc9: FollowerState was interrupted: java.lang.InterruptedException: sleep interrupted
2019-07-15 13:53:16,130 INFO  impl.StateMachineUpdater (StateMachineUpdater.java:stopAndJoin(115)) - StateMachineUpdater:6b52d340-8c41-4019-aa96-ad4e6eff3bc9:group-769CFCB53D6A: set stopIndex = -1
2019-07-15 13:53:16,130 INFO  impl.PendingRequests (PendingRequests.java:sendNotLeaderResponses(202)) - 6b52d340-8c41-4019-aa96-ad4e6eff3bc9-PendingRequests: sendNotLeaderResponses
2019-07-15 13:53:16,133 INFO  impl.RaftServerImpl (ServerState.java:close(394)) - 6b52d340-8c41-4019-aa96-ad4e6eff3bc9:group-769CFCB53D6A closes. The last applied log index is -1
2019-07-15 13:53:16,133 INFO  impl.StateMachineUpdater (StateMachineUpdater.java:stopAndJoin(115)) - StateMachineUpdater:6b52d340-8c41-4019-aa96-ad4e6eff3bc9:group-A04492F3B522: set stopIndex = 0
2019-07-15 13:53:16,133 INFO  impl.RaftServerImpl (ServerState.java:close(394)) - 6b52d340-8c41-4019-aa96-ad4e6eff3bc9:group-A04492F3B522 closes. The last applied log index is 0
2019-07-15 13:53:16,133 INFO  segmented.SegmentedRaftLogWorker (SegmentedRaftLogWorker.java:run(313)) - 6b52d340-8c41-4019-aa96-ad4e6eff3bc9-SegmentedRaftLogWorker:Storage Directory /workdir/hadoop-ozone/integration-test/target/test-dir/MiniOzoneClusterImpl-57b11f44-691f-4099-bd84-7690158c8d61/datanode-5/data/ratis/fb47f2ad-827b-47ad-b37a-769cfcb53d6a was interrupted, exiting. There are 0 tasks remaining in the queue.
2019-07-15 13:53:16,134 INFO  segmented.SegmentedRaftLogWorker (SegmentedRaftLogWorker.java:run(313)) - 6b52d340-8c41-4019-aa96-ad4e6eff3bc9-SegmentedRaftLogWorker:Storage Directory /workdir/hadoop-ozone/integration-test/target/test-dir/MiniOzoneClusterImpl-57b11f44-691f-4099-bd84-7690158c8d61/datanode-5/data/ratis/d1217d28-4660-4594-83b4-a04492f3b522 was interrupted, exiting. There are 0 tasks remaining in the queue.
2019-07-15 13:53:16,134 INFO  segmented.SegmentedRaftLogWorker (SegmentedRaftLogWorker.java:close(228)) - 6b52d340-8c41-4019-aa96-ad4e6eff3bc9-SegmentedRaftLogWorker:Storage Directory /workdir/hadoop-ozone/integration-test/target/test-dir/MiniOzoneClusterImpl-57b11f44-691f-4099-bd84-7690158c8d61/datanode-5/data/ratis/fb47f2ad-827b-47ad-b37a-769cfcb53d6a close()
2019-07-15 13:53:16,134 INFO  segmented.SegmentedRaftLogWorker (SegmentedRaftLogWorker.java:close(228)) - 6b52d340-8c41-4019-aa96-ad4e6eff3bc9-SegmentedRaftLogWorker:Storage Directory /workdir/hadoop-ozone/integration-test/target/test-dir/MiniOzoneClusterImpl-57b11f44-691f-4099-bd84-7690158c8d61/datanode-5/data/ratis/d1217d28-4660-4594-83b4-a04492f3b522 close()
2019-07-15 13:53:16,135 INFO  server.GrpcService (GrpcService.java:closeImpl(155)) - 6b52d340-8c41-4019-aa96-ad4e6eff3bc9: shutdown server with port 38294 now
2019-07-15 13:53:16,135 INFO  server.GrpcService (GrpcService.java:closeImpl(163)) - 6b52d340-8c41-4019-aa96-ad4e6eff3bc9: shutdown server with port 38294 successfully
2019-07-15 13:53:16,136 INFO  utils.BackgroundService (BackgroundService.java:shutdown(148)) - Shutting down service BlockDeletingService
2019-07-15 13:53:16,141 WARN  fs.CachingGetSpaceUsed (CachingGetSpaceUsed.java:run(183)) - Thread Interrupted waiting to refresh disk information: sleep interrupted
2019-07-15 13:53:16,159 INFO  statemachine.DatanodeStateMachine (DatanodeStateMachine.java:stopDaemon(395)) - Ozone container server stopped.
2019-07-15 13:53:16,160 INFO  handler.ContextHandler (ContextHandler.java:doStop(910)) - Stopped o.e.j.w.WebAppContext@40f931ec{/,null,UNAVAILABLE}{/hddsDatanode}
2019-07-15 13:53:16,161 INFO  server.AbstractConnector (AbstractConnector.java:doStop(318)) - Stopped ServerConnector@528ef230{HTTP/1.1,[http/1.1]}{0.0.0.0:0}
2019-07-15 13:53:16,162 INFO  handler.ContextHandler (ContextHandler.java:doStop(910)) - Stopped o.e.j.s.ServletContextHandler@40ef385f{/static,jar:file:/home/user/.m2/repository/org/apache/hadoop/hadoop-hdds-container-service/0.5.0-SNAPSHOT/hadoop-hdds-container-service-0.5.0-SNAPSHOT.jar!/webapps/static,UNAVAILABLE}
2019-07-15 13:53:16,162 INFO  handler.ContextHandler (ContextHandler.java:doStop(910)) - Stopped o.e.j.s.ServletContextHandler@514c6ca0{/logs,file:///workdir/hadoop-ozone/integration-test/target/log,UNAVAILABLE}
2019-07-15 13:53:16,163 INFO  ozone.MiniOzoneClusterImpl (MiniOzoneClusterImpl.java:stop(353)) - Stopping the StorageContainerManager
2019-07-15 13:53:16,163 INFO  server.StorageContainerManager (StorageContainerManager.java:stop(796)) - Stopping Replication Manager Service.
2019-07-15 13:53:16,164 INFO  container.ReplicationManager (ReplicationManager.java:stop(187)) - Stopping Replication Monitor Thread.
2019-07-15 13:53:16,164 INFO  server.StorageContainerManager (StorageContainerManager.java:stop(803)) - Stopping Lease Manager of the command watchers
2019-07-15 13:53:16,164 INFO  server.StorageContainerManager (StorageContainerManager.java:stop(810)) - Stopping datanode service RPC server
2019-07-15 13:53:16,164 INFO  server.SCMDatanodeProtocolServer (SCMDatanodeProtocolServer.java:stop(375)) - Stopping the RPC server for DataNodes
2019-07-15 13:53:16,164 INFO  ipc.Server (Server.java:stop(3082)) - Stopping server on 37853
2019-07-15 13:53:16,167 INFO  ipc.Server (Server.java:run(1185)) - Stopping IPC Server listener on 37853
2019-07-15 13:53:16,167 INFO  ipc.Server (Server.java:run(1319)) - Stopping IPC Server Responder
2019-07-15 13:53:16,201 WARN  node.NodeStateManager (NodeStateManager.java:scheduleNextHealthCheck(631)) - Current Thread is interrupted, shutting down HB processing thread for Node Manager.
2019-07-15 13:53:16,201 INFO  server.StorageContainerManager (StorageContainerManager.java:stop(818)) - Stopping block service RPC server
2019-07-15 13:53:16,201 INFO  server.SCMBlockProtocolServer (SCMBlockProtocolServer.java:stop(148)) - Stopping the RPC server for Block Protocol
2019-07-15 13:53:16,201 INFO  ipc.Server (Server.java:stop(3082)) - Stopping server on 43314
2019-07-15 13:53:16,203 INFO  ipc.Server (Server.java:run(1185)) - Stopping IPC Server listener on 43314
2019-07-15 13:53:16,203 INFO  server.StorageContainerManager (StorageContainerManager.java:stop(825)) - Stopping the StorageContainerLocationProtocol RPC server
2019-07-15 13:53:16,204 INFO  server.SCMClientProtocolServer (SCMClientProtocolServer.java:stop(157)) - Stopping the RPC server for Client Protocol
2019-07-15 13:53:16,205 INFO  ipc.Server (Server.java:run(1319)) - Stopping IPC Server Responder
2019-07-15 13:53:16,205 INFO  ipc.Server (Server.java:stop(3082)) - Stopping server on 42681
2019-07-15 13:53:16,207 INFO  server.StorageContainerManager (StorageContainerManager.java:stop(832)) - Stopping Storage Container Manager HTTP server.
2019-07-15 13:53:16,207 INFO  ipc.Server (Server.java:run(1185)) - Stopping IPC Server listener on 42681
2019-07-15 13:53:16,208 INFO  handler.ContextHandler (ContextHandler.java:doStop(910)) - Stopped o.e.j.w.WebAppContext@16b2d182{/,null,UNAVAILABLE}{/scm}
2019-07-15 13:53:16,209 INFO  ipc.Server (Server.java:run(1319)) - Stopping IPC Server Responder
2019-07-15 13:53:16,210 INFO  server.AbstractConnector (AbstractConnector.java:doStop(318)) - Stopped ServerConnector@79f3f34c{HTTP/1.1,[http/1.1]}{0.0.0.0:0}
2019-07-15 13:53:16,210 INFO  handler.ContextHandler (ContextHandler.java:doStop(910)) - Stopped o.e.j.s.ServletContextHandler@36e358de{/static,file:///workdir/hadoop-ozone/integration-test/target/test-classes/webapps/static,UNAVAILABLE}
2019-07-15 13:53:16,211 INFO  handler.ContextHandler (ContextHandler.java:doStop(910)) - Stopped o.e.j.s.ServletContextHandler@24bba1b7{/logs,file:///workdir/hadoop-ozone/integration-test/target/log,UNAVAILABLE}
2019-07-15 13:53:16,212 INFO  server.StorageContainerManager (StorageContainerManager.java:stop(843)) - Stopping Block Manager Service.
2019-07-15 13:53:16,212 INFO  utils.BackgroundService (BackgroundService.java:shutdown(148)) - Shutting down service SCMBlockDeletingService
2019-07-15 13:53:16,213 INFO  utils.BackgroundService (BackgroundService.java:shutdown(148)) - Shutting down service SCMBlockDeletingService
2019-07-15 13:53:16,213 INFO  server.StorageContainerManager (StorageContainerManager.java:stop(865)) - Stopping SCM Event Queue.
2019-07-15 13:53:16,218 INFO  impl.MetricsSystemImpl (MetricsSystemImpl.java:stop(210)) - Stopping HddsDatanode metrics system...
2019-07-15 13:53:16,223 INFO  impl.MetricsSystemImpl (MetricsSystemImpl.java:stop(216)) - HddsDatanode metrics system stopped.
]]></system-out>
    <system-err><![CDATA[Jul 15, 2019 1:52:42 PM com.sun.jersey.server.impl.application.WebApplicationImpl _initiate
INFO: Initiating Jersey application, version 'Jersey: 1.19 02/11/2015 03:25 AM'
Jul 15, 2019 1:52:43 PM com.sun.jersey.server.impl.application.WebApplicationImpl _initiate
INFO: Initiating Jersey application, version 'Jersey: 1.19 02/11/2015 03:25 AM'
Jul 15, 2019 1:52:43 PM com.sun.jersey.server.impl.application.WebApplicationImpl _initiate
INFO: Initiating Jersey application, version 'Jersey: 1.19 02/11/2015 03:25 AM'
Jul 15, 2019 1:52:43 PM com.sun.jersey.server.impl.application.WebApplicationImpl _initiate
INFO: Initiating Jersey application, version 'Jersey: 1.19 02/11/2015 03:25 AM'
Jul 15, 2019 1:52:43 PM com.sun.jersey.server.impl.application.WebApplicationImpl _initiate
INFO: Initiating Jersey application, version 'Jersey: 1.19 02/11/2015 03:25 AM'
Jul 15, 2019 1:52:43 PM com.sun.jersey.server.impl.application.WebApplicationImpl _initiate
INFO: Initiating Jersey application, version 'Jersey: 1.19 02/11/2015 03:25 AM'
Jul 15, 2019 1:52:44 PM com.sun.jersey.server.impl.application.WebApplicationImpl _initiate
INFO: Initiating Jersey application, version 'Jersey: 1.19 02/11/2015 03:25 AM'
Jul 15, 2019 1:52:47 PM org.apache.ratis.thirdparty.io.grpc.internal.ManagedChannelOrphanWrapper$ManagedChannelReference cleanQueue
SEVERE: *~*~*~ Channel ManagedChannelImpl{logId=2521, target=192.168.157.240:38643} was not shutdown properly!!! ~*~*~*
    Make sure to call shutdown()/shutdownNow() and wait until awaitTermination() returns true.
java.lang.RuntimeException: ManagedChannel allocation site
	at org.apache.ratis.thirdparty.io.grpc.internal.ManagedChannelOrphanWrapper$ManagedChannelReference.<init>(ManagedChannelOrphanWrapper.java:103)
	at org.apache.ratis.thirdparty.io.grpc.internal.ManagedChannelOrphanWrapper.<init>(ManagedChannelOrphanWrapper.java:53)
	at org.apache.ratis.thirdparty.io.grpc.internal.ManagedChannelOrphanWrapper.<init>(ManagedChannelOrphanWrapper.java:44)
	at org.apache.ratis.thirdparty.io.grpc.internal.AbstractManagedChannelImplBuilder.build(AbstractManagedChannelImplBuilder.java:411)
	at org.apache.ratis.grpc.client.GrpcClientProtocolClient.<init>(GrpcClientProtocolClient.java:119)
	at org.apache.ratis.grpc.client.GrpcClientRpc.lambda$new$0(GrpcClientRpc.java:55)
	at org.apache.ratis.util.PeerProxyMap$PeerAndProxy.lambda$getProxy$0(PeerProxyMap.java:61)
	at org.apache.ratis.util.LifeCycle.startAndTransition(LifeCycle.java:202)
	at org.apache.ratis.util.PeerProxyMap$PeerAndProxy.getProxy(PeerProxyMap.java:60)
	at org.apache.ratis.util.PeerProxyMap.getProxy(PeerProxyMap.java:107)
	at org.apache.ratis.grpc.client.GrpcClientRpc.sendRequestAsync(GrpcClientRpc.java:66)
	at org.apache.ratis.client.impl.OrderedAsync.sendRequest(OrderedAsync.java:208)
	at org.apache.ratis.client.impl.OrderedAsync.sendRequestWithRetry(OrderedAsync.java:169)
	at org.apache.ratis.util.SlidingWindow$Client.sendOrDelayRequest(SlidingWindow.java:278)
	at org.apache.ratis.util.SlidingWindow$Client.retry(SlidingWindow.java:294)
	at org.apache.ratis.client.impl.OrderedAsync.lambda$scheduleWithTimeout$7(OrderedAsync.java:195)
	at org.apache.ratis.util.TimeoutScheduler.lambda$onTimeout$0(TimeoutScheduler.java:85)
	at org.apache.ratis.util.TimeoutScheduler.lambda$onTimeout$1(TimeoutScheduler.java:104)
	at org.apache.ratis.util.LogUtils.runAndLog(LogUtils.java:50)
	at org.apache.ratis.util.LogUtils$1.run(LogUtils.java:91)
	at java.util.concurrent.Executors$RunnableAdapter.call(Executors.java:511)
	at java.util.concurrent.FutureTask.run(FutureTask.java:266)
	at java.util.concurrent.ScheduledThreadPoolExecutor$ScheduledFutureTask.access$201(ScheduledThreadPoolExecutor.java:180)
	at java.util.concurrent.ScheduledThreadPoolExecutor$ScheduledFutureTask.run(ScheduledThreadPoolExecutor.java:293)
	at java.util.concurrent.ThreadPoolExecutor.runWorker(ThreadPoolExecutor.java:1149)
	at java.util.concurrent.ThreadPoolExecutor$Worker.run(ThreadPoolExecutor.java:624)
	at java.lang.Thread.run(Thread.java:748)

Jul 15, 2019 1:52:47 PM org.apache.ratis.thirdparty.io.grpc.internal.ManagedChannelOrphanWrapper$ManagedChannelReference cleanQueue
SEVERE: *~*~*~ Channel ManagedChannelImpl{logId=2554, target=192.168.157.240:34874} was not shutdown properly!!! ~*~*~*
    Make sure to call shutdown()/shutdownNow() and wait until awaitTermination() returns true.
java.lang.RuntimeException: ManagedChannel allocation site
	at org.apache.ratis.thirdparty.io.grpc.internal.ManagedChannelOrphanWrapper$ManagedChannelReference.<init>(ManagedChannelOrphanWrapper.java:103)
	at org.apache.ratis.thirdparty.io.grpc.internal.ManagedChannelOrphanWrapper.<init>(ManagedChannelOrphanWrapper.java:53)
	at org.apache.ratis.thirdparty.io.grpc.internal.ManagedChannelOrphanWrapper.<init>(ManagedChannelOrphanWrapper.java:44)
	at org.apache.ratis.thirdparty.io.grpc.internal.AbstractManagedChannelImplBuilder.build(AbstractManagedChannelImplBuilder.java:411)
	at org.apache.hadoop.hdds.scm.XceiverClientGrpc.connectToDatanode(XceiverClientGrpc.java:172)
	at org.apache.hadoop.hdds.scm.XceiverClientGrpc.reconnect(XceiverClientGrpc.java:417)
	at org.apache.hadoop.hdds.scm.XceiverClientGrpc.sendCommandAsync(XceiverClientGrpc.java:366)
	at org.apache.hadoop.hdds.scm.XceiverClientGrpc.sendCommandWithRetry(XceiverClientGrpc.java:279)
	at org.apache.hadoop.hdds.scm.XceiverClientGrpc.sendCommandWithTraceIDAndRetry(XceiverClientGrpc.java:248)
	at org.apache.hadoop.hdds.scm.XceiverClientGrpc.sendCommand(XceiverClientGrpc.java:231)
	at org.apache.hadoop.hdds.scm.storage.ContainerProtocolCalls.getBlock(ContainerProtocolCalls.java:118)
	at org.apache.hadoop.hdds.scm.storage.BlockInputStream.getChunkInfos(BlockInputStream.java:167)
	at org.apache.hadoop.hdds.scm.storage.BlockInputStream.initialize(BlockInputStream.java:118)
	at org.apache.hadoop.hdds.scm.storage.BlockInputStream.read(BlockInputStream.java:222)
	at org.apache.hadoop.ozone.client.io.KeyInputStream.read(KeyInputStream.java:171)
	at org.apache.hadoop.ozone.client.io.OzoneInputStream.read(OzoneInputStream.java:47)
	at java.io.InputStream.read(InputStream.java:101)
	at org.apache.hadoop.ozone.container.ContainerTestHelper.validateData(ContainerTestHelper.java:709)
	at org.apache.hadoop.ozone.client.rpc.TestBlockOutputStreamWithFailures.validateData(TestBlockOutputStreamWithFailures.java:1212)
	at org.apache.hadoop.ozone.client.rpc.TestBlockOutputStreamWithFailures.testDatanodeFailureWithSingleNodeRatis(TestBlockOutputStreamWithFailures.java:1054)
	at sun.reflect.NativeMethodAccessorImpl.invoke0(Native Method)
	at sun.reflect.NativeMethodAccessorImpl.invoke(NativeMethodAccessorImpl.java:62)
	at sun.reflect.DelegatingMethodAccessorImpl.invoke(DelegatingMethodAccessorImpl.java:43)
	at java.lang.reflect.Method.invoke(Method.java:498)
	at org.junit.runners.model.FrameworkMethod$1.runReflectiveCall(FrameworkMethod.java:47)
	at org.junit.internal.runners.model.ReflectiveCallable.run(ReflectiveCallable.java:12)
	at org.junit.runners.model.FrameworkMethod.invokeExplosively(FrameworkMethod.java:44)
	at org.junit.internal.runners.statements.InvokeMethod.evaluate(InvokeMethod.java:17)
	at org.junit.internal.runners.statements.RunBefores.evaluate(RunBefores.java:26)
	at org.junit.internal.runners.statements.RunAfters.evaluate(RunAfters.java:27)
	at org.junit.runners.ParentRunner.runLeaf(ParentRunner.java:271)
	at org.junit.runners.BlockJUnit4ClassRunner.runChild(BlockJUnit4ClassRunner.java:70)
	at org.junit.runners.BlockJUnit4ClassRunner.runChild(BlockJUnit4ClassRunner.java:50)
	at org.junit.runners.ParentRunner$3.run(ParentRunner.java:238)
	at org.junit.runners.ParentRunner$1.schedule(ParentRunner.java:63)
	at org.junit.runners.ParentRunner.runChildren(ParentRunner.java:236)
	at org.junit.runners.ParentRunner.access$000(ParentRunner.java:53)
	at org.junit.runners.ParentRunner$2.evaluate(ParentRunner.java:229)
	at org.junit.runners.ParentRunner.run(ParentRunner.java:309)
	at org.apache.maven.surefire.junit4.JUnit4Provider.execute(JUnit4Provider.java:365)
	at org.apache.maven.surefire.junit4.JUnit4Provider.executeWithRerun(JUnit4Provider.java:273)
	at org.apache.maven.surefire.junit4.JUnit4Provider.executeTestSet(JUnit4Provider.java:238)
	at org.apache.maven.surefire.junit4.JUnit4Provider.invoke(JUnit4Provider.java:159)
	at org.apache.maven.surefire.booter.ForkedBooter.invokeProviderInSameClassLoader(ForkedBooter.java:384)
	at org.apache.maven.surefire.booter.ForkedBooter.runSuitesInProcess(ForkedBooter.java:345)
	at org.apache.maven.surefire.booter.ForkedBooter.execute(ForkedBooter.java:126)
	at org.apache.maven.surefire.booter.ForkedBooter.main(ForkedBooter.java:418)

Jul 15, 2019 1:52:47 PM org.apache.ratis.thirdparty.io.grpc.internal.ManagedChannelOrphanWrapper$ManagedChannelReference cleanQueue
SEVERE: *~*~*~ Channel ManagedChannelImpl{logId=2559, target=192.168.157.240:33340} was not shutdown properly!!! ~*~*~*
    Make sure to call shutdown()/shutdownNow() and wait until awaitTermination() returns true.
java.lang.RuntimeException: ManagedChannel allocation site
	at org.apache.ratis.thirdparty.io.grpc.internal.ManagedChannelOrphanWrapper$ManagedChannelReference.<init>(ManagedChannelOrphanWrapper.java:103)
	at org.apache.ratis.thirdparty.io.grpc.internal.ManagedChannelOrphanWrapper.<init>(ManagedChannelOrphanWrapper.java:53)
	at org.apache.ratis.thirdparty.io.grpc.internal.ManagedChannelOrphanWrapper.<init>(ManagedChannelOrphanWrapper.java:44)
	at org.apache.ratis.thirdparty.io.grpc.internal.AbstractManagedChannelImplBuilder.build(AbstractManagedChannelImplBuilder.java:411)
	at org.apache.hadoop.hdds.scm.XceiverClientGrpc.connectToDatanode(XceiverClientGrpc.java:172)
	at org.apache.hadoop.hdds.scm.XceiverClientGrpc.reconnect(XceiverClientGrpc.java:417)
	at org.apache.hadoop.hdds.scm.XceiverClientGrpc.sendCommandAsync(XceiverClientGrpc.java:366)
	at org.apache.hadoop.hdds.scm.XceiverClientGrpc.sendCommandWithRetry(XceiverClientGrpc.java:279)
	at org.apache.hadoop.hdds.scm.XceiverClientGrpc.sendCommandWithTraceIDAndRetry(XceiverClientGrpc.java:248)
	at org.apache.hadoop.hdds.scm.XceiverClientGrpc.sendCommand(XceiverClientGrpc.java:231)
	at org.apache.hadoop.hdds.scm.storage.ContainerProtocolCalls.getBlock(ContainerProtocolCalls.java:118)
	at org.apache.hadoop.hdds.scm.storage.BlockInputStream.getChunkInfos(BlockInputStream.java:167)
	at org.apache.hadoop.hdds.scm.storage.BlockInputStream.initialize(BlockInputStream.java:118)
	at org.apache.hadoop.hdds.scm.storage.BlockInputStream.read(BlockInputStream.java:222)
	at org.apache.hadoop.ozone.client.io.KeyInputStream.read(KeyInputStream.java:171)
	at org.apache.hadoop.ozone.client.io.OzoneInputStream.read(OzoneInputStream.java:47)
	at java.io.InputStream.read(InputStream.java:101)
	at org.apache.hadoop.ozone.container.ContainerTestHelper.validateData(ContainerTestHelper.java:709)
	at org.apache.hadoop.ozone.client.rpc.TestBlockOutputStreamWithFailures.validateData(TestBlockOutputStreamWithFailures.java:1212)
	at org.apache.hadoop.ozone.client.rpc.TestBlockOutputStreamWithFailures.testDatanodeFailureWithSingleNodeRatis(TestBlockOutputStreamWithFailures.java:1054)
	at sun.reflect.NativeMethodAccessorImpl.invoke0(Native Method)
	at sun.reflect.NativeMethodAccessorImpl.invoke(NativeMethodAccessorImpl.java:62)
	at sun.reflect.DelegatingMethodAccessorImpl.invoke(DelegatingMethodAccessorImpl.java:43)
	at java.lang.reflect.Method.invoke(Method.java:498)
	at org.junit.runners.model.FrameworkMethod$1.runReflectiveCall(FrameworkMethod.java:47)
	at org.junit.internal.runners.model.ReflectiveCallable.run(ReflectiveCallable.java:12)
	at org.junit.runners.model.FrameworkMethod.invokeExplosively(FrameworkMethod.java:44)
	at org.junit.internal.runners.statements.InvokeMethod.evaluate(InvokeMethod.java:17)
	at org.junit.internal.runners.statements.RunBefores.evaluate(RunBefores.java:26)
	at org.junit.internal.runners.statements.RunAfters.evaluate(RunAfters.java:27)
	at org.junit.runners.ParentRunner.runLeaf(ParentRunner.java:271)
	at org.junit.runners.BlockJUnit4ClassRunner.runChild(BlockJUnit4ClassRunner.java:70)
	at org.junit.runners.BlockJUnit4ClassRunner.runChild(BlockJUnit4ClassRunner.java:50)
	at org.junit.runners.ParentRunner$3.run(ParentRunner.java:238)
	at org.junit.runners.ParentRunner$1.schedule(ParentRunner.java:63)
	at org.junit.runners.ParentRunner.runChildren(ParentRunner.java:236)
	at org.junit.runners.ParentRunner.access$000(ParentRunner.java:53)
	at org.junit.runners.ParentRunner$2.evaluate(ParentRunner.java:229)
	at org.junit.runners.ParentRunner.run(ParentRunner.java:309)
	at org.apache.maven.surefire.junit4.JUnit4Provider.execute(JUnit4Provider.java:365)
	at org.apache.maven.surefire.junit4.JUnit4Provider.executeWithRerun(JUnit4Provider.java:273)
	at org.apache.maven.surefire.junit4.JUnit4Provider.executeTestSet(JUnit4Provider.java:238)
	at org.apache.maven.surefire.junit4.JUnit4Provider.invoke(JUnit4Provider.java:159)
	at org.apache.maven.surefire.booter.ForkedBooter.invokeProviderInSameClassLoader(ForkedBooter.java:384)
	at org.apache.maven.surefire.booter.ForkedBooter.runSuitesInProcess(ForkedBooter.java:345)
	at org.apache.maven.surefire.booter.ForkedBooter.execute(ForkedBooter.java:126)
	at org.apache.maven.surefire.booter.ForkedBooter.main(ForkedBooter.java:418)

Jul 15, 2019 1:52:47 PM org.apache.ratis.thirdparty.io.grpc.internal.ManagedChannelOrphanWrapper$ManagedChannelReference cleanQueue
SEVERE: *~*~*~ Channel ManagedChannelImpl{logId=2525, target=192.168.157.240:36948} was not shutdown properly!!! ~*~*~*
    Make sure to call shutdown()/shutdownNow() and wait until awaitTermination() returns true.
java.lang.RuntimeException: ManagedChannel allocation site
	at org.apache.ratis.thirdparty.io.grpc.internal.ManagedChannelOrphanWrapper$ManagedChannelReference.<init>(ManagedChannelOrphanWrapper.java:103)
	at org.apache.ratis.thirdparty.io.grpc.internal.ManagedChannelOrphanWrapper.<init>(ManagedChannelOrphanWrapper.java:53)
	at org.apache.ratis.thirdparty.io.grpc.internal.ManagedChannelOrphanWrapper.<init>(ManagedChannelOrphanWrapper.java:44)
	at org.apache.ratis.thirdparty.io.grpc.internal.AbstractManagedChannelImplBuilder.build(AbstractManagedChannelImplBuilder.java:411)
	at org.apache.ratis.grpc.client.GrpcClientProtocolClient.<init>(GrpcClientProtocolClient.java:119)
	at org.apache.ratis.grpc.client.GrpcClientRpc.lambda$new$0(GrpcClientRpc.java:55)
	at org.apache.ratis.util.PeerProxyMap$PeerAndProxy.lambda$getProxy$0(PeerProxyMap.java:61)
	at org.apache.ratis.util.LifeCycle.startAndTransition(LifeCycle.java:202)
	at org.apache.ratis.util.PeerProxyMap$PeerAndProxy.getProxy(PeerProxyMap.java:60)
	at org.apache.ratis.util.PeerProxyMap.getProxy(PeerProxyMap.java:107)
	at org.apache.ratis.grpc.client.GrpcClientRpc.sendRequestAsync(GrpcClientRpc.java:66)
	at org.apache.ratis.client.impl.OrderedAsync.sendRequest(OrderedAsync.java:208)
	at org.apache.ratis.client.impl.OrderedAsync.sendRequestWithRetry(OrderedAsync.java:169)
	at org.apache.ratis.util.SlidingWindow$Client.sendOrDelayRequest(SlidingWindow.java:278)
	at org.apache.ratis.util.SlidingWindow$Client.submitNewRequest(SlidingWindow.java:257)
	at org.apache.ratis.client.impl.OrderedAsync.send(OrderedAsync.java:155)
	at org.apache.ratis.client.impl.RaftClientImpl.sendAsync(RaftClientImpl.java:145)
	at org.apache.ratis.client.impl.RaftClientImpl.sendAsync(RaftClientImpl.java:125)
	at org.apache.hadoop.hdds.scm.XceiverClientRatis.sendRequestAsync(XceiverClientRatis.java:224)
	at org.apache.hadoop.hdds.scm.XceiverClientRatis.sendCommandAsync(XceiverClientRatis.java:302)
	at org.apache.hadoop.hdds.scm.storage.ContainerProtocolCalls.writeChunkAsync(ContainerProtocolCalls.java:310)
	at org.apache.hadoop.hdds.scm.storage.BlockOutputStream.writeChunkToContainer(BlockOutputStream.java:610)
	at org.apache.hadoop.hdds.scm.storage.BlockOutputStream.writeChunk(BlockOutputStream.java:467)
	at org.apache.hadoop.hdds.scm.storage.BlockOutputStream.writeOnRetry(BlockOutputStream.java:293)
	at org.apache.hadoop.ozone.client.io.BlockOutputStreamEntry.writeOnRetry(BlockOutputStreamEntry.java:200)
	at org.apache.hadoop.ozone.client.io.KeyOutputStream.handleWrite(KeyOutputStream.java:209)
	at org.apache.hadoop.ozone.client.io.KeyOutputStream.handleRetry(KeyOutputStream.java:376)
	at org.apache.hadoop.ozone.client.io.KeyOutputStream.handleException(KeyOutputStream.java:325)
	at org.apache.hadoop.ozone.client.io.KeyOutputStream.handleFlushOrClose(KeyOutputStream.java:448)
	at org.apache.hadoop.ozone.client.io.KeyOutputStream.handleWrite(KeyOutputStream.java:235)
	at org.apache.hadoop.ozone.client.io.KeyOutputStream.write(KeyOutputStream.java:193)
	at org.apache.hadoop.ozone.client.io.OzoneOutputStream.write(OzoneOutputStream.java:49)
	at java.io.OutputStream.write(OutputStream.java:75)
	at org.apache.hadoop.ozone.client.rpc.TestBlockOutputStreamWithFailures.testDatanodeFailureWithSingleNodeRatis(TestBlockOutputStreamWithFailures.java:1017)
	at sun.reflect.NativeMethodAccessorImpl.invoke0(Native Method)
	at sun.reflect.NativeMethodAccessorImpl.invoke(NativeMethodAccessorImpl.java:62)
	at sun.reflect.DelegatingMethodAccessorImpl.invoke(DelegatingMethodAccessorImpl.java:43)
	at java.lang.reflect.Method.invoke(Method.java:498)
	at org.junit.runners.model.FrameworkMethod$1.runReflectiveCall(FrameworkMethod.java:47)
	at org.junit.internal.runners.model.ReflectiveCallable.run(ReflectiveCallable.java:12)
	at org.junit.runners.model.FrameworkMethod.invokeExplosively(FrameworkMethod.java:44)
	at org.junit.internal.runners.statements.InvokeMethod.evaluate(InvokeMethod.java:17)
	at org.junit.internal.runners.statements.RunBefores.evaluate(RunBefores.java:26)
	at org.junit.internal.runners.statements.RunAfters.evaluate(RunAfters.java:27)
	at org.junit.runners.ParentRunner.runLeaf(ParentRunner.java:271)
	at org.junit.runners.BlockJUnit4ClassRunner.runChild(BlockJUnit4ClassRunner.java:70)
	at org.junit.runners.BlockJUnit4ClassRunner.runChild(BlockJUnit4ClassRunner.java:50)
	at org.junit.runners.ParentRunner$3.run(ParentRunner.java:238)
	at org.junit.runners.ParentRunner$1.schedule(ParentRunner.java:63)
	at org.junit.runners.ParentRunner.runChildren(ParentRunner.java:236)
	at org.junit.runners.ParentRunner.access$000(ParentRunner.java:53)
	at org.junit.runners.ParentRunner$2.evaluate(ParentRunner.java:229)
	at org.junit.runners.ParentRunner.run(ParentRunner.java:309)
	at org.apache.maven.surefire.junit4.JUnit4Provider.execute(JUnit4Provider.java:365)
	at org.apache.maven.surefire.junit4.JUnit4Provider.executeWithRerun(JUnit4Provider.java:273)
	at org.apache.maven.surefire.junit4.JUnit4Provider.executeTestSet(JUnit4Provider.java:238)
	at org.apache.maven.surefire.junit4.JUnit4Provider.invoke(JUnit4Provider.java:159)
	at org.apache.maven.surefire.booter.ForkedBooter.invokeProviderInSameClassLoader(ForkedBooter.java:384)
	at org.apache.maven.surefire.booter.ForkedBooter.runSuitesInProcess(ForkedBooter.java:345)
	at org.apache.maven.surefire.booter.ForkedBooter.execute(ForkedBooter.java:126)
	at org.apache.maven.surefire.booter.ForkedBooter.main(ForkedBooter.java:418)

]]></system-err>
  </testcase>
  <testcase name="testWatchForCommitDatanodeFailure" classname="org.apache.hadoop.ozone.client.rpc.TestBlockOutputStreamWithFailures" time="40.028">
    <error type="java.lang.UnsupportedOperationException">java.lang.UnsupportedOperationException
	at java.util.AbstractList.add(AbstractList.java:148)
	at java.util.AbstractList.add(AbstractList.java:108)
	at java.util.AbstractCollection.addAll(AbstractCollection.java:344)
	at org.apache.hadoop.hdds.scm.storage.BlockOutputStream.watchForCommit(BlockOutputStream.java:363)
	at org.apache.hadoop.hdds.scm.storage.BlockOutputStream.handleFlush(BlockOutputStream.java:487)
	at org.apache.hadoop.hdds.scm.storage.BlockOutputStream.close(BlockOutputStream.java:501)
	at org.apache.hadoop.ozone.client.io.BlockOutputStreamEntry.close(BlockOutputStreamEntry.java:143)
	at org.apache.hadoop.ozone.client.io.KeyOutputStream.handleFlushOrClose(KeyOutputStream.java:438)
	at org.apache.hadoop.ozone.client.io.KeyOutputStream.handleWrite(KeyOutputStream.java:235)
	at org.apache.hadoop.ozone.client.io.KeyOutputStream.write(KeyOutputStream.java:193)
	at org.apache.hadoop.ozone.client.io.OzoneOutputStream.write(OzoneOutputStream.java:49)
	at java.io.OutputStream.write(OutputStream.java:75)
	at org.apache.hadoop.ozone.client.rpc.TestBlockOutputStreamWithFailures.testWatchForCommitDatanodeFailure(TestBlockOutputStreamWithFailures.java:363)
	at sun.reflect.NativeMethodAccessorImpl.invoke0(Native Method)
	at sun.reflect.NativeMethodAccessorImpl.invoke(NativeMethodAccessorImpl.java:62)
	at sun.reflect.DelegatingMethodAccessorImpl.invoke(DelegatingMethodAccessorImpl.java:43)
	at java.lang.reflect.Method.invoke(Method.java:498)
	at org.junit.runners.model.FrameworkMethod$1.runReflectiveCall(FrameworkMethod.java:47)
	at org.junit.internal.runners.model.ReflectiveCallable.run(ReflectiveCallable.java:12)
	at org.junit.runners.model.FrameworkMethod.invokeExplosively(FrameworkMethod.java:44)
	at org.junit.internal.runners.statements.InvokeMethod.evaluate(InvokeMethod.java:17)
	at org.junit.internal.runners.statements.RunBefores.evaluate(RunBefores.java:26)
	at org.junit.internal.runners.statements.RunAfters.evaluate(RunAfters.java:27)
	at org.junit.runners.ParentRunner.runLeaf(ParentRunner.java:271)
	at org.junit.runners.BlockJUnit4ClassRunner.runChild(BlockJUnit4ClassRunner.java:70)
	at org.junit.runners.BlockJUnit4ClassRunner.runChild(BlockJUnit4ClassRunner.java:50)
	at org.junit.runners.ParentRunner$3.run(ParentRunner.java:238)
	at org.junit.runners.ParentRunner$1.schedule(ParentRunner.java:63)
	at org.junit.runners.ParentRunner.runChildren(ParentRunner.java:236)
	at org.junit.runners.ParentRunner.access$000(ParentRunner.java:53)
	at org.junit.runners.ParentRunner$2.evaluate(ParentRunner.java:229)
	at org.junit.runners.ParentRunner.run(ParentRunner.java:309)
	at org.apache.maven.surefire.junit4.JUnit4Provider.execute(JUnit4Provider.java:365)
	at org.apache.maven.surefire.junit4.JUnit4Provider.executeWithRerun(JUnit4Provider.java:273)
	at org.apache.maven.surefire.junit4.JUnit4Provider.executeTestSet(JUnit4Provider.java:238)
	at org.apache.maven.surefire.junit4.JUnit4Provider.invoke(JUnit4Provider.java:159)
	at org.apache.maven.surefire.booter.ForkedBooter.invokeProviderInSameClassLoader(ForkedBooter.java:384)
	at org.apache.maven.surefire.booter.ForkedBooter.runSuitesInProcess(ForkedBooter.java:345)
	at org.apache.maven.surefire.booter.ForkedBooter.execute(ForkedBooter.java:126)
	at org.apache.maven.surefire.booter.ForkedBooter.main(ForkedBooter.java:418)
</error>
    <system-out><![CDATA[2019-07-15 13:53:16,273 WARN  server.ServerUtils (ServerUtils.java:getScmDbDir(145)) - ozone.scm.db.dirs is not configured. We recommend adding this setting. Falling back to ozone.metadata.dirs instead.
2019-07-15 13:53:16,288 WARN  server.ServerUtils (ServerUtils.java:getScmDbDir(145)) - ozone.scm.db.dirs is not configured. We recommend adding this setting. Falling back to ozone.metadata.dirs instead.
2019-07-15 13:53:16,289 WARN  server.ServerUtils (ServerUtils.java:getScmDbDir(145)) - ozone.scm.db.dirs is not configured. We recommend adding this setting. Falling back to ozone.metadata.dirs instead.
2019-07-15 13:53:16,290 INFO  db.DBStoreBuilder (DBStoreBuilder.java:addTable(110)) - using custom profile for table: deletedBlocks
2019-07-15 13:53:16,290 INFO  db.DBStoreBuilder (DBStoreBuilder.java:processTables(161)) - Using default column profile:DBProfile.DISK for Table:deletedBlocks
2019-07-15 13:53:16,290 INFO  db.DBStoreBuilder (DBStoreBuilder.java:addTable(110)) - using custom profile for table: validCerts
2019-07-15 13:53:16,290 INFO  db.DBStoreBuilder (DBStoreBuilder.java:processTables(161)) - Using default column profile:DBProfile.DISK for Table:validCerts
2019-07-15 13:53:16,291 INFO  db.DBStoreBuilder (DBStoreBuilder.java:addTable(110)) - using custom profile for table: revokedCerts
2019-07-15 13:53:16,291 INFO  db.DBStoreBuilder (DBStoreBuilder.java:processTables(161)) - Using default column profile:DBProfile.DISK for Table:revokedCerts
2019-07-15 13:53:16,291 INFO  db.DBStoreBuilder (DBStoreBuilder.java:addTable(110)) - using custom profile for table: default
2019-07-15 13:53:16,292 INFO  db.DBStoreBuilder (DBStoreBuilder.java:processTables(167)) - Using default column profile:DBProfile.DISK for Table:default
2019-07-15 13:53:16,292 INFO  db.DBStoreBuilder (DBStoreBuilder.java:getDbProfile(198)) - Using default options. DBProfile.DISK
2019-07-15 13:53:16,443 INFO  net.NodeSchemaLoader (NodeSchemaLoader.java:loadSchemaFromFile(125)) - Loading file from sun.misc.CompoundEnumeration@121b7a95
2019-07-15 13:53:16,443 INFO  net.NodeSchemaLoader (NodeSchemaLoader.java:loadSchema(171)) - Loading network topology layer schema file
2019-07-15 13:53:16,449 INFO  node.SCMNodeManager (SCMNodeManager.java:<init>(119)) - Entering startup safe mode.
2019-07-15 13:53:16,450 WARN  server.ServerUtils (ServerUtils.java:getScmDbDir(145)) - ozone.scm.db.dirs is not configured. We recommend adding this setting. Falling back to ozone.metadata.dirs instead.
2019-07-15 13:53:16,471 INFO  pipeline.SCMPipelineManager (SCMPipelineManager.java:initializePipelineState(126)) - No pipeline exists in current db
2019-07-15 13:53:16,471 WARN  server.ServerUtils (ServerUtils.java:getScmDbDir(145)) - ozone.scm.db.dirs is not configured. We recommend adding this setting. Falling back to ozone.metadata.dirs instead.
2019-07-15 13:53:16,495 WARN  events.EventQueue (EventQueue.java:fireEvent(175)) - No event handler registered for event TypedEvent{payloadType=SafeModeStatus, name='SafeModeStatus'}
2019-07-15 13:53:16,496 INFO  ipc.CallQueueManager (CallQueueManager.java:<init>(84)) - Using callQueue: class java.util.concurrent.LinkedBlockingQueue, queueCapacity: 2000, scheduler: class org.apache.hadoop.ipc.DefaultRpcScheduler, ipcBackoff: false.
2019-07-15 13:53:16,497 INFO  ipc.Server (Server.java:run(1074)) - Starting Socket Reader #1 for port 33761
2019-07-15 13:53:16,499 INFO  ipc.CallQueueManager (CallQueueManager.java:<init>(84)) - Using callQueue: class java.util.concurrent.LinkedBlockingQueue, queueCapacity: 2000, scheduler: class org.apache.hadoop.ipc.DefaultRpcScheduler, ipcBackoff: false.
2019-07-15 13:53:16,500 INFO  ipc.Server (Server.java:run(1074)) - Starting Socket Reader #1 for port 39579
2019-07-15 13:53:16,501 INFO  ipc.CallQueueManager (CallQueueManager.java:<init>(84)) - Using callQueue: class java.util.concurrent.LinkedBlockingQueue, queueCapacity: 2000, scheduler: class org.apache.hadoop.ipc.DefaultRpcScheduler, ipcBackoff: false.
2019-07-15 13:53:16,502 INFO  ipc.Server (Server.java:run(1074)) - Starting Socket Reader #1 for port 35781
2019-07-15 13:53:16,506 INFO  hdfs.DFSUtil (DFSUtil.java:httpServerTemplateForNNAndJN(1641)) - Starting Web-server for scm at: http://0.0.0.0:0
2019-07-15 13:53:16,509 INFO  server.AuthenticationFilter (AuthenticationFilter.java:constructSecretProvider(240)) - Unable to initialize FileSignerSecretProvider, falling back to use random secrets.
2019-07-15 13:53:16,509 WARN  http.HttpRequestLog (HttpRequestLog.java:getRequestLog(97)) - Jetty request log can only be enabled using Log4j
2019-07-15 13:53:16,512 INFO  http.HttpServer2 (HttpServer2.java:addGlobalFilter(975)) - Added global filter 'safety' (class=org.apache.hadoop.http.HttpServer2$QuotingInputFilter)
2019-07-15 13:53:16,513 INFO  http.HttpServer2 (HttpServer2.java:addFilter(948)) - Added filter static_user_filter (class=org.apache.hadoop.http.lib.StaticUserWebFilter$StaticUserFilter) to context scm
2019-07-15 13:53:16,513 INFO  http.HttpServer2 (HttpServer2.java:addFilter(958)) - Added filter static_user_filter (class=org.apache.hadoop.http.lib.StaticUserWebFilter$StaticUserFilter) to context static
2019-07-15 13:53:16,513 INFO  http.HttpServer2 (HttpServer2.java:addFilter(958)) - Added filter static_user_filter (class=org.apache.hadoop.http.lib.StaticUserWebFilter$StaticUserFilter) to context logs
2019-07-15 13:53:16,516 INFO  server.StorageContainerManager (StorageContainerManager.java:start(759)) - StorageContainerLocationProtocol RPC server is listening at /0.0.0.0:35781
2019-07-15 13:53:16,519 WARN  impl.MetricsConfig (MetricsConfig.java:loadFirst(134)) - Cannot locate configuration: tried hadoop-metrics2-storagecontainermanager.properties,hadoop-metrics2.properties
2019-07-15 13:53:16,520 INFO  impl.MetricsSystemImpl (MetricsSystemImpl.java:startTimer(374)) - Scheduled Metric snapshot period at 10 second(s).
2019-07-15 13:53:16,520 INFO  impl.MetricsSystemImpl (MetricsSystemImpl.java:start(191)) - StorageContainerManager metrics system started
2019-07-15 13:53:16,573 INFO  server.SCMClientProtocolServer (SCMClientProtocolServer.java:start(149)) - RPC server for Client  is listening at /0.0.0.0:35781
2019-07-15 13:53:16,573 INFO  ipc.Server (Server.java:run(1314)) - IPC Server Responder: starting
2019-07-15 13:53:16,574 INFO  ipc.Server (Server.java:run(1153)) - IPC Server listener on 35781: starting
2019-07-15 13:53:16,579 INFO  server.StorageContainerManager (StorageContainerManager.java:start(768)) - ScmBlockLocationProtocol RPC server is listening at /0.0.0.0:39579
2019-07-15 13:53:16,579 INFO  server.SCMBlockProtocolServer (SCMBlockProtocolServer.java:start(140)) - RPC server for Block Protocol is listening at /0.0.0.0:39579
2019-07-15 13:53:16,580 INFO  ipc.Server (Server.java:run(1314)) - IPC Server Responder: starting
2019-07-15 13:53:16,580 INFO  ipc.Server (Server.java:run(1153)) - IPC Server listener on 39579: starting
2019-07-15 13:53:16,583 INFO  server.StorageContainerManager (StorageContainerManager.java:start(772)) - ScmDatanodeProtocl RPC server is listening at /0.0.0.0:33761
2019-07-15 13:53:16,584 INFO  server.SCMDatanodeProtocolServer (SCMDatanodeProtocolServer.java:start(191)) - RPC server for DataNodes is listening at /0.0.0.0:33761
2019-07-15 13:53:16,584 INFO  ipc.Server (Server.java:run(1314)) - IPC Server Responder: starting
2019-07-15 13:53:16,584 INFO  ipc.Server (Server.java:run(1153)) - IPC Server listener on 33761: starting
2019-07-15 13:53:16,588 INFO  http.HttpServer2 (HttpServer2.java:bindListener(1191)) - Jetty bound to port 42675
2019-07-15 13:53:16,588 INFO  server.Server (Server.java:doStart(351)) - jetty-9.3.24.v20180605, build timestamp: 2018-06-05T17:11:56Z, git hash: 84205aa28f11a4f31f2a3b86d1bba2cc8ab69827
2019-07-15 13:53:16,593 INFO  handler.ContextHandler (ContextHandler.java:doStart(781)) - Started o.e.j.s.ServletContextHandler@3ed3e66d{/logs,file:///workdir/hadoop-ozone/integration-test/target/log,AVAILABLE}
2019-07-15 13:53:16,593 INFO  handler.ContextHandler (ContextHandler.java:doStart(781)) - Started o.e.j.s.ServletContextHandler@d60aa4{/static,file:///workdir/hadoop-ozone/integration-test/target/test-classes/webapps/static,AVAILABLE}
2019-07-15 13:53:16,598 INFO  handler.ContextHandler (ContextHandler.java:doStart(781)) - Started o.e.j.w.WebAppContext@20bf7206{/,file:///workdir/hadoop-ozone/integration-test/target/test-classes/webapps/scm/,AVAILABLE}{/scm}
2019-07-15 13:53:16,599 INFO  server.AbstractConnector (AbstractConnector.java:doStart(278)) - Started ServerConnector@4cb939d5{HTTP/1.1,[http/1.1]}{0.0.0.0:42675}
2019-07-15 13:53:16,600 INFO  server.Server (Server.java:doStart(419)) - Started @591605ms
2019-07-15 13:53:16,602 INFO  server.BaseHttpServer (BaseHttpServer.java:updateConnectorAddress(207)) - HTTP server of SCM is listening at http://0.0.0.0:42675
2019-07-15 13:53:16,602 WARN  server.ServerUtils (ServerUtils.java:getDBPath(222)) - ozone.om.db.dirs is not configured. We recommend adding this setting. Falling back to ozone.metadata.dirs instead.
2019-07-15 13:53:16,602 INFO  util.JvmPauseMonitor (JvmPauseMonitor.java:run(188)) - Starting JVM pause monitor
2019-07-15 13:53:16,616 WARN  server.ServerUtils (ServerUtils.java:getDBPath(222)) - ozone.om.db.dirs is not configured. We recommend adding this setting. Falling back to ozone.metadata.dirs instead.
2019-07-15 13:53:16,617 INFO  om.OzoneManager (OzoneManager.java:setOMNodeDetails(630)) - OM Service ID is not set. Setting it to the default ID: omServiceIdDefault
2019-07-15 13:53:16,617 INFO  om.OzoneManager (OzoneManager.java:setOMNodeDetails(636)) - OM Node ID is not set. Setting it to the OmStorage's OmID: 9b9ece95-4fc2-4e54-8864-06d92d029400
2019-07-15 13:53:16,617 INFO  om.OzoneManager (OzoneManager.java:loadOMHAConfigs(587)) - Found matching OM address with OMServiceId: null, OMNodeId: null, RPC Address: localhost:0 and Ratis port: 9872
2019-07-15 13:53:16,624 WARN  server.ServerUtils (ServerUtils.java:getDBPath(222)) - ozone.om.db.dirs is not configured. We recommend adding this setting. Falling back to ozone.metadata.dirs instead.
2019-07-15 13:53:16,624 INFO  db.DBStoreBuilder (DBStoreBuilder.java:addTable(110)) - using custom profile for table: userTable
2019-07-15 13:53:16,625 INFO  db.DBStoreBuilder (DBStoreBuilder.java:processTables(161)) - Using default column profile:DBProfile.DISK for Table:userTable
2019-07-15 13:53:16,625 INFO  db.DBStoreBuilder (DBStoreBuilder.java:addTable(110)) - using custom profile for table: volumeTable
2019-07-15 13:53:16,625 INFO  db.DBStoreBuilder (DBStoreBuilder.java:processTables(161)) - Using default column profile:DBProfile.DISK for Table:volumeTable
2019-07-15 13:53:16,625 INFO  db.DBStoreBuilder (DBStoreBuilder.java:addTable(110)) - using custom profile for table: bucketTable
2019-07-15 13:53:16,625 INFO  db.DBStoreBuilder (DBStoreBuilder.java:processTables(161)) - Using default column profile:DBProfile.DISK for Table:bucketTable
2019-07-15 13:53:16,626 INFO  db.DBStoreBuilder (DBStoreBuilder.java:addTable(110)) - using custom profile for table: keyTable
2019-07-15 13:53:16,626 INFO  db.DBStoreBuilder (DBStoreBuilder.java:processTables(161)) - Using default column profile:DBProfile.DISK for Table:keyTable
2019-07-15 13:53:16,626 INFO  db.DBStoreBuilder (DBStoreBuilder.java:addTable(110)) - using custom profile for table: deletedTable
2019-07-15 13:53:16,626 INFO  db.DBStoreBuilder (DBStoreBuilder.java:processTables(161)) - Using default column profile:DBProfile.DISK for Table:deletedTable
2019-07-15 13:53:16,627 INFO  db.DBStoreBuilder (DBStoreBuilder.java:addTable(110)) - using custom profile for table: openKeyTable
2019-07-15 13:53:16,627 INFO  db.DBStoreBuilder (DBStoreBuilder.java:processTables(161)) - Using default column profile:DBProfile.DISK for Table:openKeyTable
2019-07-15 13:53:16,627 INFO  db.DBStoreBuilder (DBStoreBuilder.java:addTable(110)) - using custom profile for table: s3Table
2019-07-15 13:53:16,627 INFO  db.DBStoreBuilder (DBStoreBuilder.java:processTables(161)) - Using default column profile:DBProfile.DISK for Table:s3Table
2019-07-15 13:53:16,627 INFO  db.DBStoreBuilder (DBStoreBuilder.java:addTable(110)) - using custom profile for table: multipartInfoTable
2019-07-15 13:53:16,628 INFO  db.DBStoreBuilder (DBStoreBuilder.java:processTables(161)) - Using default column profile:DBProfile.DISK for Table:multipartInfoTable
2019-07-15 13:53:16,628 INFO  db.DBStoreBuilder (DBStoreBuilder.java:addTable(110)) - using custom profile for table: dTokenTable
2019-07-15 13:53:16,628 INFO  db.DBStoreBuilder (DBStoreBuilder.java:processTables(161)) - Using default column profile:DBProfile.DISK for Table:dTokenTable
2019-07-15 13:53:16,628 INFO  db.DBStoreBuilder (DBStoreBuilder.java:addTable(110)) - using custom profile for table: s3SecretTable
2019-07-15 13:53:16,628 INFO  db.DBStoreBuilder (DBStoreBuilder.java:processTables(161)) - Using default column profile:DBProfile.DISK for Table:s3SecretTable
2019-07-15 13:53:16,629 INFO  db.DBStoreBuilder (DBStoreBuilder.java:addTable(110)) - using custom profile for table: prefixTable
2019-07-15 13:53:16,629 INFO  db.DBStoreBuilder (DBStoreBuilder.java:processTables(161)) - Using default column profile:DBProfile.DISK for Table:prefixTable
2019-07-15 13:53:16,629 INFO  db.DBStoreBuilder (DBStoreBuilder.java:addTable(110)) - using custom profile for table: default
2019-07-15 13:53:16,629 INFO  db.DBStoreBuilder (DBStoreBuilder.java:processTables(167)) - Using default column profile:DBProfile.DISK for Table:default
2019-07-15 13:53:16,630 INFO  db.DBStoreBuilder (DBStoreBuilder.java:getDbProfile(198)) - Using default options. DBProfile.DISK
2019-07-15 13:53:17,048 INFO  ipc.CallQueueManager (CallQueueManager.java:<init>(84)) - Using callQueue: class java.util.concurrent.LinkedBlockingQueue, queueCapacity: 2000, scheduler: class org.apache.hadoop.ipc.DefaultRpcScheduler, ipcBackoff: false.
2019-07-15 13:53:17,049 INFO  ipc.Server (Server.java:run(1074)) - Starting Socket Reader #1 for port 35023
2019-07-15 13:53:17,064 WARN  server.ServerUtils (ServerUtils.java:getDBPath(222)) - ozone.om.db.dirs is not configured. We recommend adding this setting. Falling back to ozone.metadata.dirs instead.
2019-07-15 13:53:17,064 INFO  om.OzoneManager (OzoneManager.java:start(1228)) - OzoneManager RPC server is listening at localhost/127.0.0.1:35023
2019-07-15 13:53:17,064 INFO  impl.MetricsSystemImpl (MetricsSystemImpl.java:init(158)) - OzoneManager metrics system started (again)
2019-07-15 13:53:17,065 INFO  ipc.Server (Server.java:run(1314)) - IPC Server Responder: starting
2019-07-15 13:53:17,065 INFO  ipc.Server (Server.java:run(1153)) - IPC Server listener on 35023: starting
2019-07-15 13:53:17,071 INFO  hdfs.DFSUtil (DFSUtil.java:httpServerTemplateForNNAndJN(1641)) - Starting Web-server for ozoneManager at: http://0.0.0.0:0
2019-07-15 13:53:17,072 INFO  server.AuthenticationFilter (AuthenticationFilter.java:constructSecretProvider(240)) - Unable to initialize FileSignerSecretProvider, falling back to use random secrets.
2019-07-15 13:53:17,072 WARN  http.HttpRequestLog (HttpRequestLog.java:getRequestLog(97)) - Jetty request log can only be enabled using Log4j
2019-07-15 13:53:17,074 INFO  http.HttpServer2 (HttpServer2.java:addGlobalFilter(975)) - Added global filter 'safety' (class=org.apache.hadoop.http.HttpServer2$QuotingInputFilter)
2019-07-15 13:53:17,074 INFO  http.HttpServer2 (HttpServer2.java:addFilter(948)) - Added filter static_user_filter (class=org.apache.hadoop.http.lib.StaticUserWebFilter$StaticUserFilter) to context ozoneManager
2019-07-15 13:53:17,074 INFO  http.HttpServer2 (HttpServer2.java:addFilter(958)) - Added filter static_user_filter (class=org.apache.hadoop.http.lib.StaticUserWebFilter$StaticUserFilter) to context static
2019-07-15 13:53:17,074 INFO  http.HttpServer2 (HttpServer2.java:addFilter(958)) - Added filter static_user_filter (class=org.apache.hadoop.http.lib.StaticUserWebFilter$StaticUserFilter) to context logs
2019-07-15 13:53:17,075 INFO  http.HttpServer2 (HttpServer2.java:bindListener(1191)) - Jetty bound to port 36137
2019-07-15 13:53:17,075 INFO  server.Server (Server.java:doStart(351)) - jetty-9.3.24.v20180605, build timestamp: 2018-06-05T17:11:56Z, git hash: 84205aa28f11a4f31f2a3b86d1bba2cc8ab69827
2019-07-15 13:53:17,077 INFO  handler.ContextHandler (ContextHandler.java:doStart(781)) - Started o.e.j.s.ServletContextHandler@5924ea91{/logs,file:///workdir/hadoop-ozone/integration-test/target/log,AVAILABLE}
2019-07-15 13:53:17,077 INFO  handler.ContextHandler (ContextHandler.java:doStart(781)) - Started o.e.j.s.ServletContextHandler@709c6768{/static,file:///workdir/hadoop-ozone/integration-test/target/test-classes/webapps/static,AVAILABLE}
2019-07-15 13:53:17,081 INFO  handler.ContextHandler (ContextHandler.java:doStart(781)) - Started o.e.j.w.WebAppContext@3be2ef56{/,file:///workdir/hadoop-ozone/integration-test/target/test-classes/webapps/ozoneManager/,AVAILABLE}{/ozoneManager}
2019-07-15 13:53:17,082 INFO  server.AbstractConnector (AbstractConnector.java:doStart(278)) - Started ServerConnector@5a8149f6{HTTP/1.1,[http/1.1]}{0.0.0.0:36137}
2019-07-15 13:53:17,083 INFO  server.Server (Server.java:doStart(419)) - Started @592088ms
2019-07-15 13:53:17,083 INFO  server.BaseHttpServer (BaseHttpServer.java:updateConnectorAddress(207)) - HTTP server of OZONEMANAGER is listening at http://0.0.0.0:36137
2019-07-15 13:53:17,096 INFO  impl.MetricsSystemImpl (MetricsSystemImpl.java:init(158)) - HddsDatanode metrics system started (again)
2019-07-15 13:53:17,097 INFO  ozone.HddsDatanodeService (HddsDatanodeService.java:start(185)) - HddsDatanodeService host:trunk-nightly-hvlc9-701369690 ip:192.168.157.240
2019-07-15 13:53:17,108 INFO  volume.HddsVolume (HddsVolume.java:<init>(176)) - Creating Volume: /workdir/hadoop-ozone/integration-test/target/test-dir/MiniOzoneClusterImpl-7365a5b7-4b1d-40e7-b905-3ffc7194d9ee/datanode-0/data/containers/hdds of  storage type : DISK and capacity : 52710309888
2019-07-15 13:53:17,108 INFO  volume.VolumeSet (VolumeSet.java:initializeVolumeSet(170)) - Added Volume : /workdir/hadoop-ozone/integration-test/target/test-dir/MiniOzoneClusterImpl-7365a5b7-4b1d-40e7-b905-3ffc7194d9ee/datanode-0/data/containers/hdds to VolumeSet
2019-07-15 13:53:17,108 INFO  volume.ThrottledAsyncChecker (ThrottledAsyncChecker.java:schedule(140)) - Scheduling a check for org.apache.hadoop.ozone.container.common.volume.HddsVolume@292b7a02
2019-07-15 13:53:17,109 INFO  volume.HddsVolumeChecker (HddsVolumeChecker.java:checkAllVolumes(203)) - Scheduled health check for volume org.apache.hadoop.ozone.container.common.volume.HddsVolume@292b7a02
2019-07-15 13:53:17,121 INFO  impl.RaftServerProxy (ConfUtils.java:logGet(43)) - raft.rpc.type = GRPC (default)
2019-07-15 13:53:17,122 INFO  grpc.GrpcFactory (GrpcFactory.java:checkPooledByteBufAllocatorUseCacheForAllThreads(45)) - PERFORMANCE WARNING: useCacheForAllThreads is true that may cause Netty to create a lot garbage objects and, as a result, trigger GC.
	It is recommended to disable useCacheForAllThreads by setting -Dorg.apache.ratis.thirdparty.io.netty.allocator.useCacheForAllThreads=false in command line.
2019-07-15 13:53:17,122 INFO  grpc.GrpcConfigKeys$Server (ConfUtils.java:logGet(43)) - raft.grpc.server.port = 0 (default)
2019-07-15 13:53:17,122 INFO  server.GrpcService (ConfUtils.java:logGet(43)) - raft.grpc.message.size.max = 33570816 (custom)
2019-07-15 13:53:17,122 INFO  server.RaftServerConfigKeys (ConfUtils.java:logGet(43)) - raft.server.log.appender.buffer.byte-limit = 33554432 (custom)
2019-07-15 13:53:17,123 INFO  server.GrpcService (ConfUtils.java:logGet(43)) - raft.grpc.flow.control.window = 1MB (=1048576) (default)
2019-07-15 13:53:17,123 INFO  server.RaftServerConfigKeys (ConfUtils.java:logGet(43)) - raft.server.rpc.request.timeout = 3000ms (default)
2019-07-15 13:53:17,123 INFO  server.RaftServerConfigKeys (ConfUtils.java:logGet(43)) - raft.server.storage.dir = [/workdir/hadoop-ozone/integration-test/target/test-dir/MiniOzoneClusterImpl-7365a5b7-4b1d-40e7-b905-3ffc7194d9ee/datanode-0/data/ratis] (custom)
2019-07-15 13:53:17,124 INFO  replication.SimpleContainerDownloader (SimpleContainerDownloader.java:<init>(72)) - Starting container downloader service to copy containers to replicate.
2019-07-15 13:53:17,125 INFO  hdfs.DFSUtil (DFSUtil.java:httpServerTemplateForNNAndJN(1641)) - Starting Web-server for hddsDatanode at: http://0.0.0.0:0
2019-07-15 13:53:17,126 INFO  server.AuthenticationFilter (AuthenticationFilter.java:constructSecretProvider(240)) - Unable to initialize FileSignerSecretProvider, falling back to use random secrets.
2019-07-15 13:53:17,126 WARN  http.HttpRequestLog (HttpRequestLog.java:getRequestLog(97)) - Jetty request log can only be enabled using Log4j
2019-07-15 13:53:17,127 INFO  http.HttpServer2 (HttpServer2.java:addGlobalFilter(975)) - Added global filter 'safety' (class=org.apache.hadoop.http.HttpServer2$QuotingInputFilter)
2019-07-15 13:53:17,127 INFO  http.HttpServer2 (HttpServer2.java:addFilter(948)) - Added filter static_user_filter (class=org.apache.hadoop.http.lib.StaticUserWebFilter$StaticUserFilter) to context hddsDatanode
2019-07-15 13:53:17,128 INFO  http.HttpServer2 (HttpServer2.java:addFilter(958)) - Added filter static_user_filter (class=org.apache.hadoop.http.lib.StaticUserWebFilter$StaticUserFilter) to context static
2019-07-15 13:53:17,128 INFO  http.HttpServer2 (HttpServer2.java:addFilter(958)) - Added filter static_user_filter (class=org.apache.hadoop.http.lib.StaticUserWebFilter$StaticUserFilter) to context logs
2019-07-15 13:53:17,128 INFO  http.HttpServer2 (HttpServer2.java:bindListener(1191)) - Jetty bound to port 43183
2019-07-15 13:53:17,128 INFO  server.Server (Server.java:doStart(351)) - jetty-9.3.24.v20180605, build timestamp: 2018-06-05T17:11:56Z, git hash: 84205aa28f11a4f31f2a3b86d1bba2cc8ab69827
2019-07-15 13:53:17,130 INFO  handler.ContextHandler (ContextHandler.java:doStart(781)) - Started o.e.j.s.ServletContextHandler@3a0f5141{/logs,file:///workdir/hadoop-ozone/integration-test/target/log,AVAILABLE}
2019-07-15 13:53:17,130 INFO  handler.ContextHandler (ContextHandler.java:doStart(781)) - Started o.e.j.s.ServletContextHandler@3b446d7{/static,jar:file:/home/user/.m2/repository/org/apache/hadoop/hadoop-hdds-container-service/0.5.0-SNAPSHOT/hadoop-hdds-container-service-0.5.0-SNAPSHOT.jar!/webapps/static,AVAILABLE}
2019-07-15 13:53:17,159 INFO  handler.ContextHandler (ContextHandler.java:doStart(781)) - Started o.e.j.w.WebAppContext@1509bd56{/,file:///tmp/jetty-0.0.0.0-43183-hddsDatanode-_-any-9021271988016951561.dir/webapp/,AVAILABLE}{/hddsDatanode}
2019-07-15 13:53:17,159 INFO  server.AbstractConnector (AbstractConnector.java:doStart(278)) - Started ServerConnector@2c4eda3a{HTTP/1.1,[http/1.1]}{0.0.0.0:43183}
2019-07-15 13:53:17,159 INFO  server.Server (Server.java:doStart(419)) - Started @592164ms
2019-07-15 13:53:17,161 INFO  server.BaseHttpServer (BaseHttpServer.java:updateConnectorAddress(207)) - HTTP server of HDDSDATANODE is listening at http://0.0.0.0:43183
2019-07-15 13:53:17,262 INFO  ozone.HddsDatanodeService (HddsDatanodeService.java:startPlugins(396)) - Started plug-in org.apache.hadoop.ozone.web.OzoneHddsDatanodeService@314407dd
2019-07-15 13:53:17,262 INFO  impl.MetricsSystemImpl (MetricsSystemImpl.java:init(158)) - HddsDatanode metrics system started (again)
2019-07-15 13:53:17,263 INFO  ozone.HddsDatanodeService (HddsDatanodeService.java:start(185)) - HddsDatanodeService host:trunk-nightly-hvlc9-701369690 ip:192.168.157.240
2019-07-15 13:53:17,265 INFO  util.JvmPauseMonitor (JvmPauseMonitor.java:run(188)) - Starting JVM pause monitor
2019-07-15 13:53:17,267 INFO  datanode.InitDatanodeState (InitDatanodeState.java:persistContainerDatanodeDetails(140)) - DatanodeDetails is persisted to /workdir/hadoop-ozone/integration-test/target/test-dir/MiniOzoneClusterImpl-7365a5b7-4b1d-40e7-b905-3ffc7194d9ee/datanode-0/meta/datanode.id
2019-07-15 13:53:17,275 INFO  volume.HddsVolume (HddsVolume.java:<init>(176)) - Creating Volume: /workdir/hadoop-ozone/integration-test/target/test-dir/MiniOzoneClusterImpl-7365a5b7-4b1d-40e7-b905-3ffc7194d9ee/datanode-1/data/containers/hdds of  storage type : DISK and capacity : 52710309888
2019-07-15 13:53:17,276 INFO  volume.VolumeSet (VolumeSet.java:initializeVolumeSet(170)) - Added Volume : /workdir/hadoop-ozone/integration-test/target/test-dir/MiniOzoneClusterImpl-7365a5b7-4b1d-40e7-b905-3ffc7194d9ee/datanode-1/data/containers/hdds to VolumeSet
2019-07-15 13:53:17,276 INFO  volume.ThrottledAsyncChecker (ThrottledAsyncChecker.java:schedule(140)) - Scheduling a check for org.apache.hadoop.ozone.container.common.volume.HddsVolume@741687d4
2019-07-15 13:53:17,276 INFO  volume.HddsVolumeChecker (HddsVolumeChecker.java:checkAllVolumes(203)) - Scheduled health check for volume org.apache.hadoop.ozone.container.common.volume.HddsVolume@741687d4
2019-07-15 13:53:17,289 INFO  impl.RaftServerProxy (ConfUtils.java:logGet(43)) - raft.rpc.type = GRPC (default)
2019-07-15 13:53:17,289 INFO  grpc.GrpcFactory (GrpcFactory.java:checkPooledByteBufAllocatorUseCacheForAllThreads(45)) - PERFORMANCE WARNING: useCacheForAllThreads is true that may cause Netty to create a lot garbage objects and, as a result, trigger GC.
	It is recommended to disable useCacheForAllThreads by setting -Dorg.apache.ratis.thirdparty.io.netty.allocator.useCacheForAllThreads=false in command line.
2019-07-15 13:53:17,290 INFO  grpc.GrpcConfigKeys$Server (ConfUtils.java:logGet(43)) - raft.grpc.server.port = 0 (default)
2019-07-15 13:53:17,290 INFO  server.GrpcService (ConfUtils.java:logGet(43)) - raft.grpc.message.size.max = 33570816 (custom)
2019-07-15 13:53:17,290 INFO  server.RaftServerConfigKeys (ConfUtils.java:logGet(43)) - raft.server.log.appender.buffer.byte-limit = 33554432 (custom)
2019-07-15 13:53:17,290 INFO  server.GrpcService (ConfUtils.java:logGet(43)) - raft.grpc.flow.control.window = 1MB (=1048576) (default)
2019-07-15 13:53:17,290 INFO  server.RaftServerConfigKeys (ConfUtils.java:logGet(43)) - raft.server.rpc.request.timeout = 3000ms (default)
2019-07-15 13:53:17,291 INFO  server.RaftServerConfigKeys (ConfUtils.java:logGet(43)) - raft.server.storage.dir = [/workdir/hadoop-ozone/integration-test/target/test-dir/MiniOzoneClusterImpl-7365a5b7-4b1d-40e7-b905-3ffc7194d9ee/datanode-1/data/ratis] (custom)
2019-07-15 13:53:17,291 INFO  replication.SimpleContainerDownloader (SimpleContainerDownloader.java:<init>(72)) - Starting container downloader service to copy containers to replicate.
2019-07-15 13:53:17,292 INFO  hdfs.DFSUtil (DFSUtil.java:httpServerTemplateForNNAndJN(1641)) - Starting Web-server for hddsDatanode at: http://0.0.0.0:0
2019-07-15 13:53:17,293 INFO  server.AuthenticationFilter (AuthenticationFilter.java:constructSecretProvider(240)) - Unable to initialize FileSignerSecretProvider, falling back to use random secrets.
2019-07-15 13:53:17,293 WARN  http.HttpRequestLog (HttpRequestLog.java:getRequestLog(97)) - Jetty request log can only be enabled using Log4j
2019-07-15 13:53:17,295 INFO  http.HttpServer2 (HttpServer2.java:addGlobalFilter(975)) - Added global filter 'safety' (class=org.apache.hadoop.http.HttpServer2$QuotingInputFilter)
2019-07-15 13:53:17,295 INFO  http.HttpServer2 (HttpServer2.java:addFilter(948)) - Added filter static_user_filter (class=org.apache.hadoop.http.lib.StaticUserWebFilter$StaticUserFilter) to context hddsDatanode
2019-07-15 13:53:17,295 INFO  http.HttpServer2 (HttpServer2.java:addFilter(958)) - Added filter static_user_filter (class=org.apache.hadoop.http.lib.StaticUserWebFilter$StaticUserFilter) to context logs
2019-07-15 13:53:17,295 INFO  http.HttpServer2 (HttpServer2.java:addFilter(958)) - Added filter static_user_filter (class=org.apache.hadoop.http.lib.StaticUserWebFilter$StaticUserFilter) to context static
2019-07-15 13:53:17,296 INFO  http.HttpServer2 (HttpServer2.java:bindListener(1191)) - Jetty bound to port 38048
2019-07-15 13:53:17,296 INFO  server.Server (Server.java:doStart(351)) - jetty-9.3.24.v20180605, build timestamp: 2018-06-05T17:11:56Z, git hash: 84205aa28f11a4f31f2a3b86d1bba2cc8ab69827
2019-07-15 13:53:17,297 INFO  handler.ContextHandler (ContextHandler.java:doStart(781)) - Started o.e.j.s.ServletContextHandler@9bd477c{/logs,file:///workdir/hadoop-ozone/integration-test/target/log,AVAILABLE}
2019-07-15 13:53:17,298 INFO  handler.ContextHandler (ContextHandler.java:doStart(781)) - Started o.e.j.s.ServletContextHandler@6b3708f0{/static,jar:file:/home/user/.m2/repository/org/apache/hadoop/hadoop-hdds-container-service/0.5.0-SNAPSHOT/hadoop-hdds-container-service-0.5.0-SNAPSHOT.jar!/webapps/static,AVAILABLE}
2019-07-15 13:53:17,323 INFO  handler.ContextHandler (ContextHandler.java:doStart(781)) - Started o.e.j.w.WebAppContext@4af0ae2c{/,file:///tmp/jetty-0.0.0.0-38048-hddsDatanode-_-any-4702481355958389720.dir/webapp/,AVAILABLE}{/hddsDatanode}
2019-07-15 13:53:17,324 INFO  server.AbstractConnector (AbstractConnector.java:doStart(278)) - Started ServerConnector@13446044{HTTP/1.1,[http/1.1]}{0.0.0.0:38048}
2019-07-15 13:53:17,324 INFO  server.Server (Server.java:doStart(419)) - Started @592329ms
2019-07-15 13:53:17,326 INFO  server.BaseHttpServer (BaseHttpServer.java:updateConnectorAddress(207)) - HTTP server of HDDSDATANODE is listening at http://0.0.0.0:38048
2019-07-15 13:53:17,425 INFO  ozone.HddsDatanodeService (HddsDatanodeService.java:startPlugins(396)) - Started plug-in org.apache.hadoop.ozone.web.OzoneHddsDatanodeService@15b882a0
2019-07-15 13:53:17,425 INFO  impl.MetricsSystemImpl (MetricsSystemImpl.java:init(158)) - HddsDatanode metrics system started (again)
2019-07-15 13:53:17,425 INFO  ozone.HddsDatanodeService (HddsDatanodeService.java:start(185)) - HddsDatanodeService host:trunk-nightly-hvlc9-701369690 ip:192.168.157.240
2019-07-15 13:53:17,429 INFO  util.JvmPauseMonitor (JvmPauseMonitor.java:run(188)) - Starting JVM pause monitor
2019-07-15 13:53:17,430 INFO  datanode.InitDatanodeState (InitDatanodeState.java:persistContainerDatanodeDetails(140)) - DatanodeDetails is persisted to /workdir/hadoop-ozone/integration-test/target/test-dir/MiniOzoneClusterImpl-7365a5b7-4b1d-40e7-b905-3ffc7194d9ee/datanode-1/meta/datanode.id
2019-07-15 13:53:17,439 INFO  volume.HddsVolume (HddsVolume.java:<init>(176)) - Creating Volume: /workdir/hadoop-ozone/integration-test/target/test-dir/MiniOzoneClusterImpl-7365a5b7-4b1d-40e7-b905-3ffc7194d9ee/datanode-2/data/containers/hdds of  storage type : DISK and capacity : 52710309888
2019-07-15 13:53:17,439 INFO  volume.VolumeSet (VolumeSet.java:initializeVolumeSet(170)) - Added Volume : /workdir/hadoop-ozone/integration-test/target/test-dir/MiniOzoneClusterImpl-7365a5b7-4b1d-40e7-b905-3ffc7194d9ee/datanode-2/data/containers/hdds to VolumeSet
2019-07-15 13:53:17,439 INFO  volume.ThrottledAsyncChecker (ThrottledAsyncChecker.java:schedule(140)) - Scheduling a check for org.apache.hadoop.ozone.container.common.volume.HddsVolume@2f46bc25
2019-07-15 13:53:17,440 INFO  volume.HddsVolumeChecker (HddsVolumeChecker.java:checkAllVolumes(203)) - Scheduled health check for volume org.apache.hadoop.ozone.container.common.volume.HddsVolume@2f46bc25
2019-07-15 13:53:17,454 INFO  impl.RaftServerProxy (ConfUtils.java:logGet(43)) - raft.rpc.type = GRPC (default)
2019-07-15 13:53:17,454 INFO  grpc.GrpcFactory (GrpcFactory.java:checkPooledByteBufAllocatorUseCacheForAllThreads(45)) - PERFORMANCE WARNING: useCacheForAllThreads is true that may cause Netty to create a lot garbage objects and, as a result, trigger GC.
	It is recommended to disable useCacheForAllThreads by setting -Dorg.apache.ratis.thirdparty.io.netty.allocator.useCacheForAllThreads=false in command line.
2019-07-15 13:53:17,454 INFO  grpc.GrpcConfigKeys$Server (ConfUtils.java:logGet(43)) - raft.grpc.server.port = 0 (default)
2019-07-15 13:53:17,455 INFO  server.GrpcService (ConfUtils.java:logGet(43)) - raft.grpc.message.size.max = 33570816 (custom)
2019-07-15 13:53:17,455 INFO  server.RaftServerConfigKeys (ConfUtils.java:logGet(43)) - raft.server.log.appender.buffer.byte-limit = 33554432 (custom)
2019-07-15 13:53:17,455 INFO  server.GrpcService (ConfUtils.java:logGet(43)) - raft.grpc.flow.control.window = 1MB (=1048576) (default)
2019-07-15 13:53:17,455 INFO  server.RaftServerConfigKeys (ConfUtils.java:logGet(43)) - raft.server.rpc.request.timeout = 3000ms (default)
2019-07-15 13:53:17,455 INFO  server.RaftServerConfigKeys (ConfUtils.java:logGet(43)) - raft.server.storage.dir = [/workdir/hadoop-ozone/integration-test/target/test-dir/MiniOzoneClusterImpl-7365a5b7-4b1d-40e7-b905-3ffc7194d9ee/datanode-2/data/ratis] (custom)
2019-07-15 13:53:17,456 INFO  replication.SimpleContainerDownloader (SimpleContainerDownloader.java:<init>(72)) - Starting container downloader service to copy containers to replicate.
2019-07-15 13:53:17,457 INFO  hdfs.DFSUtil (DFSUtil.java:httpServerTemplateForNNAndJN(1641)) - Starting Web-server for hddsDatanode at: http://0.0.0.0:0
2019-07-15 13:53:17,458 INFO  server.AuthenticationFilter (AuthenticationFilter.java:constructSecretProvider(240)) - Unable to initialize FileSignerSecretProvider, falling back to use random secrets.
2019-07-15 13:53:17,458 WARN  http.HttpRequestLog (HttpRequestLog.java:getRequestLog(97)) - Jetty request log can only be enabled using Log4j
2019-07-15 13:53:17,460 INFO  http.HttpServer2 (HttpServer2.java:addGlobalFilter(975)) - Added global filter 'safety' (class=org.apache.hadoop.http.HttpServer2$QuotingInputFilter)
2019-07-15 13:53:17,460 INFO  http.HttpServer2 (HttpServer2.java:addFilter(948)) - Added filter static_user_filter (class=org.apache.hadoop.http.lib.StaticUserWebFilter$StaticUserFilter) to context hddsDatanode
2019-07-15 13:53:17,460 INFO  http.HttpServer2 (HttpServer2.java:addFilter(958)) - Added filter static_user_filter (class=org.apache.hadoop.http.lib.StaticUserWebFilter$StaticUserFilter) to context logs
2019-07-15 13:53:17,460 INFO  http.HttpServer2 (HttpServer2.java:addFilter(958)) - Added filter static_user_filter (class=org.apache.hadoop.http.lib.StaticUserWebFilter$StaticUserFilter) to context static
2019-07-15 13:53:17,461 INFO  http.HttpServer2 (HttpServer2.java:bindListener(1191)) - Jetty bound to port 45284
2019-07-15 13:53:17,461 INFO  server.Server (Server.java:doStart(351)) - jetty-9.3.24.v20180605, build timestamp: 2018-06-05T17:11:56Z, git hash: 84205aa28f11a4f31f2a3b86d1bba2cc8ab69827
2019-07-15 13:53:17,463 INFO  handler.ContextHandler (ContextHandler.java:doStart(781)) - Started o.e.j.s.ServletContextHandler@731bdcca{/logs,file:///workdir/hadoop-ozone/integration-test/target/log,AVAILABLE}
2019-07-15 13:53:17,463 INFO  handler.ContextHandler (ContextHandler.java:doStart(781)) - Started o.e.j.s.ServletContextHandler@513fb873{/static,jar:file:/home/user/.m2/repository/org/apache/hadoop/hadoop-hdds-container-service/0.5.0-SNAPSHOT/hadoop-hdds-container-service-0.5.0-SNAPSHOT.jar!/webapps/static,AVAILABLE}
2019-07-15 13:53:17,490 INFO  handler.ContextHandler (ContextHandler.java:doStart(781)) - Started o.e.j.w.WebAppContext@445d4517{/,file:///tmp/jetty-0.0.0.0-45284-hddsDatanode-_-any-3165395828480737571.dir/webapp/,AVAILABLE}{/hddsDatanode}
2019-07-15 13:53:17,491 INFO  server.AbstractConnector (AbstractConnector.java:doStart(278)) - Started ServerConnector@3284f91f{HTTP/1.1,[http/1.1]}{0.0.0.0:45284}
2019-07-15 13:53:17,491 INFO  server.Server (Server.java:doStart(419)) - Started @592496ms
2019-07-15 13:53:17,493 INFO  server.BaseHttpServer (BaseHttpServer.java:updateConnectorAddress(207)) - HTTP server of HDDSDATANODE is listening at http://0.0.0.0:45284
2019-07-15 13:53:17,752 INFO  ozone.HddsDatanodeService (HddsDatanodeService.java:startPlugins(396)) - Started plug-in org.apache.hadoop.ozone.web.OzoneHddsDatanodeService@48e859f7
2019-07-15 13:53:17,752 INFO  impl.MetricsSystemImpl (MetricsSystemImpl.java:init(158)) - HddsDatanode metrics system started (again)
2019-07-15 13:53:17,754 INFO  ozone.HddsDatanodeService (HddsDatanodeService.java:start(185)) - HddsDatanodeService host:trunk-nightly-hvlc9-701369690 ip:192.168.157.240
2019-07-15 13:53:17,755 INFO  util.JvmPauseMonitor (JvmPauseMonitor.java:run(188)) - Starting JVM pause monitor
2019-07-15 13:53:17,756 INFO  datanode.InitDatanodeState (InitDatanodeState.java:persistContainerDatanodeDetails(140)) - DatanodeDetails is persisted to /workdir/hadoop-ozone/integration-test/target/test-dir/MiniOzoneClusterImpl-7365a5b7-4b1d-40e7-b905-3ffc7194d9ee/datanode-2/meta/datanode.id
2019-07-15 13:53:17,765 INFO  volume.HddsVolume (HddsVolume.java:<init>(176)) - Creating Volume: /workdir/hadoop-ozone/integration-test/target/test-dir/MiniOzoneClusterImpl-7365a5b7-4b1d-40e7-b905-3ffc7194d9ee/datanode-3/data/containers/hdds of  storage type : DISK and capacity : 52710309888
2019-07-15 13:53:17,765 INFO  volume.VolumeSet (VolumeSet.java:initializeVolumeSet(170)) - Added Volume : /workdir/hadoop-ozone/integration-test/target/test-dir/MiniOzoneClusterImpl-7365a5b7-4b1d-40e7-b905-3ffc7194d9ee/datanode-3/data/containers/hdds to VolumeSet
2019-07-15 13:53:17,765 INFO  volume.ThrottledAsyncChecker (ThrottledAsyncChecker.java:schedule(140)) - Scheduling a check for org.apache.hadoop.ozone.container.common.volume.HddsVolume@18f8c76d
2019-07-15 13:53:17,766 INFO  volume.HddsVolumeChecker (HddsVolumeChecker.java:checkAllVolumes(203)) - Scheduled health check for volume org.apache.hadoop.ozone.container.common.volume.HddsVolume@18f8c76d
2019-07-15 13:53:17,780 INFO  impl.RaftServerProxy (ConfUtils.java:logGet(43)) - raft.rpc.type = GRPC (default)
2019-07-15 13:53:17,780 INFO  grpc.GrpcFactory (GrpcFactory.java:checkPooledByteBufAllocatorUseCacheForAllThreads(45)) - PERFORMANCE WARNING: useCacheForAllThreads is true that may cause Netty to create a lot garbage objects and, as a result, trigger GC.
	It is recommended to disable useCacheForAllThreads by setting -Dorg.apache.ratis.thirdparty.io.netty.allocator.useCacheForAllThreads=false in command line.
2019-07-15 13:53:17,780 INFO  grpc.GrpcConfigKeys$Server (ConfUtils.java:logGet(43)) - raft.grpc.server.port = 0 (default)
2019-07-15 13:53:17,780 INFO  server.GrpcService (ConfUtils.java:logGet(43)) - raft.grpc.message.size.max = 33570816 (custom)
2019-07-15 13:53:17,781 INFO  server.RaftServerConfigKeys (ConfUtils.java:logGet(43)) - raft.server.log.appender.buffer.byte-limit = 33554432 (custom)
2019-07-15 13:53:17,781 INFO  server.GrpcService (ConfUtils.java:logGet(43)) - raft.grpc.flow.control.window = 1MB (=1048576) (default)
2019-07-15 13:53:17,781 INFO  server.RaftServerConfigKeys (ConfUtils.java:logGet(43)) - raft.server.rpc.request.timeout = 3000ms (default)
2019-07-15 13:53:17,781 INFO  server.RaftServerConfigKeys (ConfUtils.java:logGet(43)) - raft.server.storage.dir = [/workdir/hadoop-ozone/integration-test/target/test-dir/MiniOzoneClusterImpl-7365a5b7-4b1d-40e7-b905-3ffc7194d9ee/datanode-3/data/ratis] (custom)
2019-07-15 13:53:17,782 INFO  replication.SimpleContainerDownloader (SimpleContainerDownloader.java:<init>(72)) - Starting container downloader service to copy containers to replicate.
2019-07-15 13:53:17,783 INFO  hdfs.DFSUtil (DFSUtil.java:httpServerTemplateForNNAndJN(1641)) - Starting Web-server for hddsDatanode at: http://0.0.0.0:0
2019-07-15 13:53:17,784 INFO  server.AuthenticationFilter (AuthenticationFilter.java:constructSecretProvider(240)) - Unable to initialize FileSignerSecretProvider, falling back to use random secrets.
2019-07-15 13:53:17,785 WARN  http.HttpRequestLog (HttpRequestLog.java:getRequestLog(97)) - Jetty request log can only be enabled using Log4j
2019-07-15 13:53:17,786 INFO  http.HttpServer2 (HttpServer2.java:addGlobalFilter(975)) - Added global filter 'safety' (class=org.apache.hadoop.http.HttpServer2$QuotingInputFilter)
2019-07-15 13:53:17,786 INFO  http.HttpServer2 (HttpServer2.java:addFilter(948)) - Added filter static_user_filter (class=org.apache.hadoop.http.lib.StaticUserWebFilter$StaticUserFilter) to context hddsDatanode
2019-07-15 13:53:17,787 INFO  http.HttpServer2 (HttpServer2.java:addFilter(958)) - Added filter static_user_filter (class=org.apache.hadoop.http.lib.StaticUserWebFilter$StaticUserFilter) to context static
2019-07-15 13:53:17,787 INFO  http.HttpServer2 (HttpServer2.java:addFilter(958)) - Added filter static_user_filter (class=org.apache.hadoop.http.lib.StaticUserWebFilter$StaticUserFilter) to context logs
2019-07-15 13:53:17,787 INFO  http.HttpServer2 (HttpServer2.java:bindListener(1191)) - Jetty bound to port 45591
2019-07-15 13:53:17,787 INFO  server.Server (Server.java:doStart(351)) - jetty-9.3.24.v20180605, build timestamp: 2018-06-05T17:11:56Z, git hash: 84205aa28f11a4f31f2a3b86d1bba2cc8ab69827
2019-07-15 13:53:17,789 INFO  handler.ContextHandler (ContextHandler.java:doStart(781)) - Started o.e.j.s.ServletContextHandler@2250deae{/logs,file:///workdir/hadoop-ozone/integration-test/target/log,AVAILABLE}
2019-07-15 13:53:17,789 INFO  handler.ContextHandler (ContextHandler.java:doStart(781)) - Started o.e.j.s.ServletContextHandler@3fb920d9{/static,jar:file:/home/user/.m2/repository/org/apache/hadoop/hadoop-hdds-container-service/0.5.0-SNAPSHOT/hadoop-hdds-container-service-0.5.0-SNAPSHOT.jar!/webapps/static,AVAILABLE}
2019-07-15 13:53:17,819 INFO  handler.ContextHandler (ContextHandler.java:doStart(781)) - Started o.e.j.w.WebAppContext@5529fd4e{/,file:///tmp/jetty-0.0.0.0-45591-hddsDatanode-_-any-1171701884119139130.dir/webapp/,AVAILABLE}{/hddsDatanode}
2019-07-15 13:53:17,820 INFO  server.AbstractConnector (AbstractConnector.java:doStart(278)) - Started ServerConnector@5eaa6f76{HTTP/1.1,[http/1.1]}{0.0.0.0:45591}
2019-07-15 13:53:17,821 INFO  server.Server (Server.java:doStart(419)) - Started @592826ms
2019-07-15 13:53:17,821 INFO  server.BaseHttpServer (BaseHttpServer.java:updateConnectorAddress(207)) - HTTP server of HDDSDATANODE is listening at http://0.0.0.0:45591
2019-07-15 13:53:17,920 INFO  ozone.HddsDatanodeService (HddsDatanodeService.java:startPlugins(396)) - Started plug-in org.apache.hadoop.ozone.web.OzoneHddsDatanodeService@6792aa3e
2019-07-15 13:53:17,920 INFO  impl.MetricsSystemImpl (MetricsSystemImpl.java:init(158)) - HddsDatanode metrics system started (again)
2019-07-15 13:53:17,923 INFO  ozone.HddsDatanodeService (HddsDatanodeService.java:start(185)) - HddsDatanodeService host:trunk-nightly-hvlc9-701369690 ip:192.168.157.240
2019-07-15 13:53:17,924 INFO  util.JvmPauseMonitor (JvmPauseMonitor.java:run(188)) - Starting JVM pause monitor
2019-07-15 13:53:17,925 INFO  datanode.InitDatanodeState (InitDatanodeState.java:persistContainerDatanodeDetails(140)) - DatanodeDetails is persisted to /workdir/hadoop-ozone/integration-test/target/test-dir/MiniOzoneClusterImpl-7365a5b7-4b1d-40e7-b905-3ffc7194d9ee/datanode-3/meta/datanode.id
2019-07-15 13:53:17,934 INFO  volume.HddsVolume (HddsVolume.java:<init>(176)) - Creating Volume: /workdir/hadoop-ozone/integration-test/target/test-dir/MiniOzoneClusterImpl-7365a5b7-4b1d-40e7-b905-3ffc7194d9ee/datanode-4/data/containers/hdds of  storage type : DISK and capacity : 52710309888
2019-07-15 13:53:17,934 INFO  volume.VolumeSet (VolumeSet.java:initializeVolumeSet(170)) - Added Volume : /workdir/hadoop-ozone/integration-test/target/test-dir/MiniOzoneClusterImpl-7365a5b7-4b1d-40e7-b905-3ffc7194d9ee/datanode-4/data/containers/hdds to VolumeSet
2019-07-15 13:53:17,934 INFO  volume.ThrottledAsyncChecker (ThrottledAsyncChecker.java:schedule(140)) - Scheduling a check for org.apache.hadoop.ozone.container.common.volume.HddsVolume@1df8ea34
2019-07-15 13:53:17,935 INFO  volume.HddsVolumeChecker (HddsVolumeChecker.java:checkAllVolumes(203)) - Scheduled health check for volume org.apache.hadoop.ozone.container.common.volume.HddsVolume@1df8ea34
2019-07-15 13:53:17,948 INFO  impl.RaftServerProxy (ConfUtils.java:logGet(43)) - raft.rpc.type = GRPC (default)
2019-07-15 13:53:17,948 INFO  grpc.GrpcFactory (GrpcFactory.java:checkPooledByteBufAllocatorUseCacheForAllThreads(45)) - PERFORMANCE WARNING: useCacheForAllThreads is true that may cause Netty to create a lot garbage objects and, as a result, trigger GC.
	It is recommended to disable useCacheForAllThreads by setting -Dorg.apache.ratis.thirdparty.io.netty.allocator.useCacheForAllThreads=false in command line.
2019-07-15 13:53:17,948 INFO  grpc.GrpcConfigKeys$Server (ConfUtils.java:logGet(43)) - raft.grpc.server.port = 0 (default)
2019-07-15 13:53:17,948 INFO  server.GrpcService (ConfUtils.java:logGet(43)) - raft.grpc.message.size.max = 33570816 (custom)
2019-07-15 13:53:17,948 INFO  server.RaftServerConfigKeys (ConfUtils.java:logGet(43)) - raft.server.log.appender.buffer.byte-limit = 33554432 (custom)
2019-07-15 13:53:17,949 INFO  server.GrpcService (ConfUtils.java:logGet(43)) - raft.grpc.flow.control.window = 1MB (=1048576) (default)
2019-07-15 13:53:17,949 INFO  server.RaftServerConfigKeys (ConfUtils.java:logGet(43)) - raft.server.rpc.request.timeout = 3000ms (default)
2019-07-15 13:53:17,949 INFO  server.RaftServerConfigKeys (ConfUtils.java:logGet(43)) - raft.server.storage.dir = [/workdir/hadoop-ozone/integration-test/target/test-dir/MiniOzoneClusterImpl-7365a5b7-4b1d-40e7-b905-3ffc7194d9ee/datanode-4/data/ratis] (custom)
2019-07-15 13:53:17,950 INFO  replication.SimpleContainerDownloader (SimpleContainerDownloader.java:<init>(72)) - Starting container downloader service to copy containers to replicate.
2019-07-15 13:53:17,950 INFO  hdfs.DFSUtil (DFSUtil.java:httpServerTemplateForNNAndJN(1641)) - Starting Web-server for hddsDatanode at: http://0.0.0.0:0
2019-07-15 13:53:17,952 INFO  server.AuthenticationFilter (AuthenticationFilter.java:constructSecretProvider(240)) - Unable to initialize FileSignerSecretProvider, falling back to use random secrets.
2019-07-15 13:53:17,952 WARN  http.HttpRequestLog (HttpRequestLog.java:getRequestLog(97)) - Jetty request log can only be enabled using Log4j
2019-07-15 13:53:17,953 INFO  http.HttpServer2 (HttpServer2.java:addGlobalFilter(975)) - Added global filter 'safety' (class=org.apache.hadoop.http.HttpServer2$QuotingInputFilter)
2019-07-15 13:53:17,953 INFO  http.HttpServer2 (HttpServer2.java:addFilter(948)) - Added filter static_user_filter (class=org.apache.hadoop.http.lib.StaticUserWebFilter$StaticUserFilter) to context hddsDatanode
2019-07-15 13:53:17,953 INFO  http.HttpServer2 (HttpServer2.java:addFilter(958)) - Added filter static_user_filter (class=org.apache.hadoop.http.lib.StaticUserWebFilter$StaticUserFilter) to context static
2019-07-15 13:53:17,954 INFO  http.HttpServer2 (HttpServer2.java:addFilter(958)) - Added filter static_user_filter (class=org.apache.hadoop.http.lib.StaticUserWebFilter$StaticUserFilter) to context logs
2019-07-15 13:53:17,954 INFO  http.HttpServer2 (HttpServer2.java:bindListener(1191)) - Jetty bound to port 35707
2019-07-15 13:53:17,954 INFO  server.Server (Server.java:doStart(351)) - jetty-9.3.24.v20180605, build timestamp: 2018-06-05T17:11:56Z, git hash: 84205aa28f11a4f31f2a3b86d1bba2cc8ab69827
2019-07-15 13:53:17,956 INFO  handler.ContextHandler (ContextHandler.java:doStart(781)) - Started o.e.j.s.ServletContextHandler@2f726cf4{/logs,file:///workdir/hadoop-ozone/integration-test/target/log,AVAILABLE}
2019-07-15 13:53:17,956 INFO  handler.ContextHandler (ContextHandler.java:doStart(781)) - Started o.e.j.s.ServletContextHandler@4700db93{/static,jar:file:/home/user/.m2/repository/org/apache/hadoop/hadoop-hdds-container-service/0.5.0-SNAPSHOT/hadoop-hdds-container-service-0.5.0-SNAPSHOT.jar!/webapps/static,AVAILABLE}
2019-07-15 13:53:17,982 INFO  handler.ContextHandler (ContextHandler.java:doStart(781)) - Started o.e.j.w.WebAppContext@eaf3dd0{/,file:///tmp/jetty-0.0.0.0-35707-hddsDatanode-_-any-9004652952353872615.dir/webapp/,AVAILABLE}{/hddsDatanode}
2019-07-15 13:53:17,982 INFO  server.AbstractConnector (AbstractConnector.java:doStart(278)) - Started ServerConnector@5add0cc0{HTTP/1.1,[http/1.1]}{0.0.0.0:35707}
2019-07-15 13:53:17,982 INFO  server.Server (Server.java:doStart(419)) - Started @592987ms
2019-07-15 13:53:17,984 INFO  server.BaseHttpServer (BaseHttpServer.java:updateConnectorAddress(207)) - HTTP server of HDDSDATANODE is listening at http://0.0.0.0:35707
2019-07-15 13:53:18,088 INFO  ozone.HddsDatanodeService (HddsDatanodeService.java:startPlugins(396)) - Started plug-in org.apache.hadoop.ozone.web.OzoneHddsDatanodeService@71739267
2019-07-15 13:53:18,088 INFO  impl.MetricsSystemImpl (MetricsSystemImpl.java:init(158)) - HddsDatanode metrics system started (again)
2019-07-15 13:53:18,090 INFO  ozone.HddsDatanodeService (HddsDatanodeService.java:start(185)) - HddsDatanodeService host:trunk-nightly-hvlc9-701369690 ip:192.168.157.240
2019-07-15 13:53:18,092 INFO  util.JvmPauseMonitor (JvmPauseMonitor.java:run(188)) - Starting JVM pause monitor
2019-07-15 13:53:18,094 INFO  datanode.InitDatanodeState (InitDatanodeState.java:persistContainerDatanodeDetails(140)) - DatanodeDetails is persisted to /workdir/hadoop-ozone/integration-test/target/test-dir/MiniOzoneClusterImpl-7365a5b7-4b1d-40e7-b905-3ffc7194d9ee/datanode-4/meta/datanode.id
2019-07-15 13:53:18,102 INFO  volume.HddsVolume (HddsVolume.java:<init>(176)) - Creating Volume: /workdir/hadoop-ozone/integration-test/target/test-dir/MiniOzoneClusterImpl-7365a5b7-4b1d-40e7-b905-3ffc7194d9ee/datanode-5/data/containers/hdds of  storage type : DISK and capacity : 52710309888
2019-07-15 13:53:18,102 INFO  volume.VolumeSet (VolumeSet.java:initializeVolumeSet(170)) - Added Volume : /workdir/hadoop-ozone/integration-test/target/test-dir/MiniOzoneClusterImpl-7365a5b7-4b1d-40e7-b905-3ffc7194d9ee/datanode-5/data/containers/hdds to VolumeSet
2019-07-15 13:53:18,102 INFO  volume.ThrottledAsyncChecker (ThrottledAsyncChecker.java:schedule(140)) - Scheduling a check for org.apache.hadoop.ozone.container.common.volume.HddsVolume@13a35d3b
2019-07-15 13:53:18,103 INFO  volume.HddsVolumeChecker (HddsVolumeChecker.java:checkAllVolumes(203)) - Scheduled health check for volume org.apache.hadoop.ozone.container.common.volume.HddsVolume@13a35d3b
2019-07-15 13:53:18,118 INFO  impl.RaftServerProxy (ConfUtils.java:logGet(43)) - raft.rpc.type = GRPC (default)
2019-07-15 13:53:18,119 INFO  grpc.GrpcFactory (GrpcFactory.java:checkPooledByteBufAllocatorUseCacheForAllThreads(45)) - PERFORMANCE WARNING: useCacheForAllThreads is true that may cause Netty to create a lot garbage objects and, as a result, trigger GC.
	It is recommended to disable useCacheForAllThreads by setting -Dorg.apache.ratis.thirdparty.io.netty.allocator.useCacheForAllThreads=false in command line.
2019-07-15 13:53:18,119 INFO  grpc.GrpcConfigKeys$Server (ConfUtils.java:logGet(43)) - raft.grpc.server.port = 0 (default)
2019-07-15 13:53:18,119 INFO  server.GrpcService (ConfUtils.java:logGet(43)) - raft.grpc.message.size.max = 33570816 (custom)
2019-07-15 13:53:18,120 INFO  server.RaftServerConfigKeys (ConfUtils.java:logGet(43)) - raft.server.log.appender.buffer.byte-limit = 33554432 (custom)
2019-07-15 13:53:18,120 INFO  server.GrpcService (ConfUtils.java:logGet(43)) - raft.grpc.flow.control.window = 1MB (=1048576) (default)
2019-07-15 13:53:18,120 INFO  server.RaftServerConfigKeys (ConfUtils.java:logGet(43)) - raft.server.rpc.request.timeout = 3000ms (default)
2019-07-15 13:53:18,121 INFO  server.RaftServerConfigKeys (ConfUtils.java:logGet(43)) - raft.server.storage.dir = [/workdir/hadoop-ozone/integration-test/target/test-dir/MiniOzoneClusterImpl-7365a5b7-4b1d-40e7-b905-3ffc7194d9ee/datanode-5/data/ratis] (custom)
2019-07-15 13:53:18,121 INFO  replication.SimpleContainerDownloader (SimpleContainerDownloader.java:<init>(72)) - Starting container downloader service to copy containers to replicate.
2019-07-15 13:53:18,122 INFO  hdfs.DFSUtil (DFSUtil.java:httpServerTemplateForNNAndJN(1641)) - Starting Web-server for hddsDatanode at: http://0.0.0.0:0
2019-07-15 13:53:18,123 INFO  server.AuthenticationFilter (AuthenticationFilter.java:constructSecretProvider(240)) - Unable to initialize FileSignerSecretProvider, falling back to use random secrets.
2019-07-15 13:53:18,124 WARN  http.HttpRequestLog (HttpRequestLog.java:getRequestLog(97)) - Jetty request log can only be enabled using Log4j
2019-07-15 13:53:18,126 INFO  http.HttpServer2 (HttpServer2.java:addGlobalFilter(975)) - Added global filter 'safety' (class=org.apache.hadoop.http.HttpServer2$QuotingInputFilter)
2019-07-15 13:53:18,127 INFO  http.HttpServer2 (HttpServer2.java:addFilter(948)) - Added filter static_user_filter (class=org.apache.hadoop.http.lib.StaticUserWebFilter$StaticUserFilter) to context hddsDatanode
2019-07-15 13:53:18,127 INFO  http.HttpServer2 (HttpServer2.java:addFilter(958)) - Added filter static_user_filter (class=org.apache.hadoop.http.lib.StaticUserWebFilter$StaticUserFilter) to context static
2019-07-15 13:53:18,127 INFO  http.HttpServer2 (HttpServer2.java:addFilter(958)) - Added filter static_user_filter (class=org.apache.hadoop.http.lib.StaticUserWebFilter$StaticUserFilter) to context logs
2019-07-15 13:53:18,128 INFO  http.HttpServer2 (HttpServer2.java:bindListener(1191)) - Jetty bound to port 44058
2019-07-15 13:53:18,128 INFO  server.Server (Server.java:doStart(351)) - jetty-9.3.24.v20180605, build timestamp: 2018-06-05T17:11:56Z, git hash: 84205aa28f11a4f31f2a3b86d1bba2cc8ab69827
2019-07-15 13:53:18,130 INFO  handler.ContextHandler (ContextHandler.java:doStart(781)) - Started o.e.j.s.ServletContextHandler@296a350{/logs,file:///workdir/hadoop-ozone/integration-test/target/log,AVAILABLE}
2019-07-15 13:53:18,131 INFO  handler.ContextHandler (ContextHandler.java:doStart(781)) - Started o.e.j.s.ServletContextHandler@4824d077{/static,jar:file:/home/user/.m2/repository/org/apache/hadoop/hadoop-hdds-container-service/0.5.0-SNAPSHOT/hadoop-hdds-container-service-0.5.0-SNAPSHOT.jar!/webapps/static,AVAILABLE}
2019-07-15 13:53:18,174 INFO  handler.ContextHandler (ContextHandler.java:doStart(781)) - Started o.e.j.w.WebAppContext@21a1554{/,file:///tmp/jetty-0.0.0.0-44058-hddsDatanode-_-any-2152623984639868501.dir/webapp/,AVAILABLE}{/hddsDatanode}
2019-07-15 13:53:18,174 INFO  server.AbstractConnector (AbstractConnector.java:doStart(278)) - Started ServerConnector@f359e65{HTTP/1.1,[http/1.1]}{0.0.0.0:44058}
2019-07-15 13:53:18,176 INFO  server.Server (Server.java:doStart(419)) - Started @593181ms
2019-07-15 13:53:18,176 INFO  server.BaseHttpServer (BaseHttpServer.java:updateConnectorAddress(207)) - HTTP server of HDDSDATANODE is listening at http://0.0.0.0:44058
2019-07-15 13:53:18,284 INFO  ozone.HddsDatanodeService (HddsDatanodeService.java:startPlugins(396)) - Started plug-in org.apache.hadoop.ozone.web.OzoneHddsDatanodeService@69815126
2019-07-15 13:53:18,284 INFO  impl.MetricsSystemImpl (MetricsSystemImpl.java:init(158)) - HddsDatanode metrics system started (again)
2019-07-15 13:53:18,285 INFO  ozone.HddsDatanodeService (HddsDatanodeService.java:start(185)) - HddsDatanodeService host:trunk-nightly-hvlc9-701369690 ip:192.168.157.240
2019-07-15 13:53:18,288 INFO  util.JvmPauseMonitor (JvmPauseMonitor.java:run(188)) - Starting JVM pause monitor
2019-07-15 13:53:18,289 INFO  datanode.InitDatanodeState (InitDatanodeState.java:persistContainerDatanodeDetails(140)) - DatanodeDetails is persisted to /workdir/hadoop-ozone/integration-test/target/test-dir/MiniOzoneClusterImpl-7365a5b7-4b1d-40e7-b905-3ffc7194d9ee/datanode-5/meta/datanode.id
2019-07-15 13:53:18,298 INFO  volume.HddsVolume (HddsVolume.java:<init>(176)) - Creating Volume: /workdir/hadoop-ozone/integration-test/target/test-dir/MiniOzoneClusterImpl-7365a5b7-4b1d-40e7-b905-3ffc7194d9ee/datanode-6/data/containers/hdds of  storage type : DISK and capacity : 52710309888
2019-07-15 13:53:18,298 INFO  volume.VolumeSet (VolumeSet.java:initializeVolumeSet(170)) - Added Volume : /workdir/hadoop-ozone/integration-test/target/test-dir/MiniOzoneClusterImpl-7365a5b7-4b1d-40e7-b905-3ffc7194d9ee/datanode-6/data/containers/hdds to VolumeSet
2019-07-15 13:53:18,298 INFO  volume.ThrottledAsyncChecker (ThrottledAsyncChecker.java:schedule(140)) - Scheduling a check for org.apache.hadoop.ozone.container.common.volume.HddsVolume@3a9a12a1
2019-07-15 13:53:18,298 INFO  volume.HddsVolumeChecker (HddsVolumeChecker.java:checkAllVolumes(203)) - Scheduled health check for volume org.apache.hadoop.ozone.container.common.volume.HddsVolume@3a9a12a1
2019-07-15 13:53:18,320 INFO  impl.RaftServerProxy (ConfUtils.java:logGet(43)) - raft.rpc.type = GRPC (default)
2019-07-15 13:53:18,320 INFO  grpc.GrpcFactory (GrpcFactory.java:checkPooledByteBufAllocatorUseCacheForAllThreads(45)) - PERFORMANCE WARNING: useCacheForAllThreads is true that may cause Netty to create a lot garbage objects and, as a result, trigger GC.
	It is recommended to disable useCacheForAllThreads by setting -Dorg.apache.ratis.thirdparty.io.netty.allocator.useCacheForAllThreads=false in command line.
2019-07-15 13:53:18,320 INFO  grpc.GrpcConfigKeys$Server (ConfUtils.java:logGet(43)) - raft.grpc.server.port = 0 (default)
2019-07-15 13:53:18,320 INFO  server.GrpcService (ConfUtils.java:logGet(43)) - raft.grpc.message.size.max = 33570816 (custom)
2019-07-15 13:53:18,320 INFO  server.RaftServerConfigKeys (ConfUtils.java:logGet(43)) - raft.server.log.appender.buffer.byte-limit = 33554432 (custom)
2019-07-15 13:53:18,320 INFO  server.GrpcService (ConfUtils.java:logGet(43)) - raft.grpc.flow.control.window = 1MB (=1048576) (default)
2019-07-15 13:53:18,321 INFO  server.RaftServerConfigKeys (ConfUtils.java:logGet(43)) - raft.server.rpc.request.timeout = 3000ms (default)
2019-07-15 13:53:18,321 INFO  server.RaftServerConfigKeys (ConfUtils.java:logGet(43)) - raft.server.storage.dir = [/workdir/hadoop-ozone/integration-test/target/test-dir/MiniOzoneClusterImpl-7365a5b7-4b1d-40e7-b905-3ffc7194d9ee/datanode-6/data/ratis] (custom)
2019-07-15 13:53:18,321 INFO  replication.SimpleContainerDownloader (SimpleContainerDownloader.java:<init>(72)) - Starting container downloader service to copy containers to replicate.
2019-07-15 13:53:18,322 INFO  hdfs.DFSUtil (DFSUtil.java:httpServerTemplateForNNAndJN(1641)) - Starting Web-server for hddsDatanode at: http://0.0.0.0:0
2019-07-15 13:53:18,323 INFO  server.AuthenticationFilter (AuthenticationFilter.java:constructSecretProvider(240)) - Unable to initialize FileSignerSecretProvider, falling back to use random secrets.
2019-07-15 13:53:18,324 WARN  http.HttpRequestLog (HttpRequestLog.java:getRequestLog(97)) - Jetty request log can only be enabled using Log4j
2019-07-15 13:53:18,325 INFO  http.HttpServer2 (HttpServer2.java:addGlobalFilter(975)) - Added global filter 'safety' (class=org.apache.hadoop.http.HttpServer2$QuotingInputFilter)
2019-07-15 13:53:18,325 INFO  http.HttpServer2 (HttpServer2.java:addFilter(948)) - Added filter static_user_filter (class=org.apache.hadoop.http.lib.StaticUserWebFilter$StaticUserFilter) to context hddsDatanode
2019-07-15 13:53:18,325 INFO  http.HttpServer2 (HttpServer2.java:addFilter(958)) - Added filter static_user_filter (class=org.apache.hadoop.http.lib.StaticUserWebFilter$StaticUserFilter) to context static
2019-07-15 13:53:18,325 INFO  http.HttpServer2 (HttpServer2.java:addFilter(958)) - Added filter static_user_filter (class=org.apache.hadoop.http.lib.StaticUserWebFilter$StaticUserFilter) to context logs
2019-07-15 13:53:18,326 INFO  http.HttpServer2 (HttpServer2.java:bindListener(1191)) - Jetty bound to port 35199
2019-07-15 13:53:18,326 INFO  server.Server (Server.java:doStart(351)) - jetty-9.3.24.v20180605, build timestamp: 2018-06-05T17:11:56Z, git hash: 84205aa28f11a4f31f2a3b86d1bba2cc8ab69827
2019-07-15 13:53:18,327 INFO  handler.ContextHandler (ContextHandler.java:doStart(781)) - Started o.e.j.s.ServletContextHandler@63f08f9f{/logs,file:///workdir/hadoop-ozone/integration-test/target/log,AVAILABLE}
2019-07-15 13:53:18,328 INFO  handler.ContextHandler (ContextHandler.java:doStart(781)) - Started o.e.j.s.ServletContextHandler@69a14512{/static,jar:file:/home/user/.m2/repository/org/apache/hadoop/hadoop-hdds-container-service/0.5.0-SNAPSHOT/hadoop-hdds-container-service-0.5.0-SNAPSHOT.jar!/webapps/static,AVAILABLE}
2019-07-15 13:53:18,353 INFO  handler.ContextHandler (ContextHandler.java:doStart(781)) - Started o.e.j.w.WebAppContext@18eb6ea3{/,file:///tmp/jetty-0.0.0.0-35199-hddsDatanode-_-any-833548022301768726.dir/webapp/,AVAILABLE}{/hddsDatanode}
2019-07-15 13:53:18,353 INFO  server.AbstractConnector (AbstractConnector.java:doStart(278)) - Started ServerConnector@19740583{HTTP/1.1,[http/1.1]}{0.0.0.0:35199}
2019-07-15 13:53:18,354 INFO  server.Server (Server.java:doStart(419)) - Started @593359ms
2019-07-15 13:53:18,358 INFO  server.BaseHttpServer (BaseHttpServer.java:updateConnectorAddress(207)) - HTTP server of HDDSDATANODE is listening at http://0.0.0.0:35199
2019-07-15 13:53:18,456 INFO  ozone.HddsDatanodeService (HddsDatanodeService.java:startPlugins(396)) - Started plug-in org.apache.hadoop.ozone.web.OzoneHddsDatanodeService@761d679f
2019-07-15 13:53:18,456 INFO  ozone.MiniOzoneClusterImpl (MiniOzoneClusterImpl.java:lambda$waitForClusterToBeReady$0(142)) - Waiting for cluster to be ready. Got 0 of 7 DN Heartbeats.
2019-07-15 13:53:18,460 INFO  util.JvmPauseMonitor (JvmPauseMonitor.java:run(188)) - Starting JVM pause monitor
2019-07-15 13:53:18,461 INFO  datanode.InitDatanodeState (InitDatanodeState.java:persistContainerDatanodeDetails(140)) - DatanodeDetails is persisted to /workdir/hadoop-ozone/integration-test/target/test-dir/MiniOzoneClusterImpl-7365a5b7-4b1d-40e7-b905-3ffc7194d9ee/datanode-6/meta/datanode.id
2019-07-15 13:53:19,297 INFO  ozoneimpl.OzoneContainer (OzoneContainer.java:start(186)) - Attempting to start container services.
2019-07-15 13:53:19,300 INFO  ozoneimpl.OzoneContainer (OzoneContainer.java:startContainerScrub(160)) - Background container scrubber has been disabled by hdds.containerscrub.enabled
2019-07-15 13:53:19,300 INFO  ratis.XceiverServerRatis (XceiverServerRatis.java:start(418)) - Starting XceiverServerRatis 536cf698-b27d-4dd7-b5fd-8fdd61caa1c2 at port 0
2019-07-15 13:53:19,308 INFO  impl.RaftServerProxy (RaftServerProxy.java:lambda$start$3(299)) - 536cf698-b27d-4dd7-b5fd-8fdd61caa1c2: start RPC server
2019-07-15 13:53:19,309 INFO  server.GrpcService (GrpcService.java:startImpl(149)) - 536cf698-b27d-4dd7-b5fd-8fdd61caa1c2: GrpcService started, listening on 0.0.0.0/0.0.0.0:42868
2019-07-15 13:53:19,309 INFO  ratis.XceiverServerRatis (XceiverServerRatis.java:start(428)) - XceiverServerRatis 536cf698-b27d-4dd7-b5fd-8fdd61caa1c2 is started using port 42868
2019-07-15 13:53:19,310 INFO  server.XceiverServerGrpc (XceiverServerGrpc.java:start(161)) - XceiverServerGrpc 536cf698-b27d-4dd7-b5fd-8fdd61caa1c2 is started using port 39822
2019-07-15 13:53:19,445 INFO  ozoneimpl.OzoneContainer (OzoneContainer.java:start(186)) - Attempting to start container services.
2019-07-15 13:53:19,448 INFO  ozoneimpl.OzoneContainer (OzoneContainer.java:startContainerScrub(160)) - Background container scrubber has been disabled by hdds.containerscrub.enabled
2019-07-15 13:53:19,448 INFO  ratis.XceiverServerRatis (XceiverServerRatis.java:start(418)) - Starting XceiverServerRatis cf701d9f-9836-48a2-a1f8-0d83a18b5aed at port 0
2019-07-15 13:53:19,456 INFO  impl.RaftServerProxy (RaftServerProxy.java:lambda$start$3(299)) - cf701d9f-9836-48a2-a1f8-0d83a18b5aed: start RPC server
2019-07-15 13:53:19,456 INFO  ozone.MiniOzoneClusterImpl (MiniOzoneClusterImpl.java:lambda$waitForClusterToBeReady$0(142)) - Waiting for cluster to be ready. Got 0 of 7 DN Heartbeats.
2019-07-15 13:53:19,458 INFO  server.GrpcService (GrpcService.java:startImpl(149)) - cf701d9f-9836-48a2-a1f8-0d83a18b5aed: GrpcService started, listening on 0.0.0.0/0.0.0.0:40665
2019-07-15 13:53:19,458 INFO  ratis.XceiverServerRatis (XceiverServerRatis.java:start(428)) - XceiverServerRatis cf701d9f-9836-48a2-a1f8-0d83a18b5aed is started using port 40665
2019-07-15 13:53:19,459 INFO  server.XceiverServerGrpc (XceiverServerGrpc.java:start(161)) - XceiverServerGrpc cf701d9f-9836-48a2-a1f8-0d83a18b5aed is started using port 44045
2019-07-15 13:53:19,760 INFO  ozoneimpl.OzoneContainer (OzoneContainer.java:start(186)) - Attempting to start container services.
2019-07-15 13:53:19,768 INFO  ozoneimpl.OzoneContainer (OzoneContainer.java:startContainerScrub(160)) - Background container scrubber has been disabled by hdds.containerscrub.enabled
2019-07-15 13:53:19,768 INFO  ratis.XceiverServerRatis (XceiverServerRatis.java:start(418)) - Starting XceiverServerRatis 0eaba2ed-d764-4ca3-b184-3783afaafee1 at port 0
2019-07-15 13:53:19,774 INFO  impl.RaftServerProxy (RaftServerProxy.java:lambda$start$3(299)) - 0eaba2ed-d764-4ca3-b184-3783afaafee1: start RPC server
2019-07-15 13:53:19,775 INFO  server.GrpcService (GrpcService.java:startImpl(149)) - 0eaba2ed-d764-4ca3-b184-3783afaafee1: GrpcService started, listening on 0.0.0.0/0.0.0.0:39699
2019-07-15 13:53:19,775 INFO  ratis.XceiverServerRatis (XceiverServerRatis.java:start(428)) - XceiverServerRatis 0eaba2ed-d764-4ca3-b184-3783afaafee1 is started using port 39699
2019-07-15 13:53:19,775 INFO  server.XceiverServerGrpc (XceiverServerGrpc.java:start(161)) - XceiverServerGrpc 0eaba2ed-d764-4ca3-b184-3783afaafee1 is started using port 34883
2019-07-15 13:53:19,939 INFO  ozoneimpl.OzoneContainer (OzoneContainer.java:start(186)) - Attempting to start container services.
2019-07-15 13:53:19,939 INFO  ozoneimpl.OzoneContainer (OzoneContainer.java:startContainerScrub(160)) - Background container scrubber has been disabled by hdds.containerscrub.enabled
2019-07-15 13:53:19,939 INFO  ratis.XceiverServerRatis (XceiverServerRatis.java:start(418)) - Starting XceiverServerRatis e26b1dcf-4969-4dad-afea-c8de5ddf4bfa at port 0
2019-07-15 13:53:19,946 INFO  impl.RaftServerProxy (RaftServerProxy.java:lambda$start$3(299)) - e26b1dcf-4969-4dad-afea-c8de5ddf4bfa: start RPC server
2019-07-15 13:53:19,947 INFO  server.GrpcService (GrpcService.java:startImpl(149)) - e26b1dcf-4969-4dad-afea-c8de5ddf4bfa: GrpcService started, listening on 0.0.0.0/0.0.0.0:33378
2019-07-15 13:53:19,947 INFO  ratis.XceiverServerRatis (XceiverServerRatis.java:start(428)) - XceiverServerRatis e26b1dcf-4969-4dad-afea-c8de5ddf4bfa is started using port 33378
2019-07-15 13:53:19,947 INFO  server.XceiverServerGrpc (XceiverServerGrpc.java:start(161)) - XceiverServerGrpc e26b1dcf-4969-4dad-afea-c8de5ddf4bfa is started using port 44272
2019-07-15 13:53:20,106 INFO  ozoneimpl.OzoneContainer (OzoneContainer.java:start(186)) - Attempting to start container services.
2019-07-15 13:53:20,106 INFO  ozoneimpl.OzoneContainer (OzoneContainer.java:startContainerScrub(160)) - Background container scrubber has been disabled by hdds.containerscrub.enabled
2019-07-15 13:53:20,106 INFO  ratis.XceiverServerRatis (XceiverServerRatis.java:start(418)) - Starting XceiverServerRatis 20f2f0ae-946f-493f-b338-5eaa42e98f3c at port 0
2019-07-15 13:53:20,115 INFO  impl.RaftServerProxy (RaftServerProxy.java:lambda$start$3(299)) - 20f2f0ae-946f-493f-b338-5eaa42e98f3c: start RPC server
2019-07-15 13:53:20,115 INFO  server.GrpcService (GrpcService.java:startImpl(149)) - 20f2f0ae-946f-493f-b338-5eaa42e98f3c: GrpcService started, listening on 0.0.0.0/0.0.0.0:43303
2019-07-15 13:53:20,115 INFO  ratis.XceiverServerRatis (XceiverServerRatis.java:start(428)) - XceiverServerRatis 20f2f0ae-946f-493f-b338-5eaa42e98f3c is started using port 43303
2019-07-15 13:53:20,116 INFO  server.XceiverServerGrpc (XceiverServerGrpc.java:start(161)) - XceiverServerGrpc 20f2f0ae-946f-493f-b338-5eaa42e98f3c is started using port 35802
2019-07-15 13:53:20,302 INFO  ozoneimpl.OzoneContainer (OzoneContainer.java:start(186)) - Attempting to start container services.
2019-07-15 13:53:20,302 INFO  ozoneimpl.OzoneContainer (OzoneContainer.java:startContainerScrub(160)) - Background container scrubber has been disabled by hdds.containerscrub.enabled
2019-07-15 13:53:20,302 INFO  ratis.XceiverServerRatis (XceiverServerRatis.java:start(418)) - Starting XceiverServerRatis d2ff130a-f701-4eea-813f-f59bb59348fb at port 0
2019-07-15 13:53:20,310 INFO  impl.RaftServerProxy (RaftServerProxy.java:lambda$start$3(299)) - d2ff130a-f701-4eea-813f-f59bb59348fb: start RPC server
2019-07-15 13:53:20,311 INFO  server.GrpcService (GrpcService.java:startImpl(149)) - d2ff130a-f701-4eea-813f-f59bb59348fb: GrpcService started, listening on 0.0.0.0/0.0.0.0:46797
2019-07-15 13:53:20,311 INFO  ratis.XceiverServerRatis (XceiverServerRatis.java:start(428)) - XceiverServerRatis d2ff130a-f701-4eea-813f-f59bb59348fb is started using port 46797
2019-07-15 13:53:20,312 INFO  server.XceiverServerGrpc (XceiverServerGrpc.java:start(161)) - XceiverServerGrpc d2ff130a-f701-4eea-813f-f59bb59348fb is started using port 35965
2019-07-15 13:53:20,458 INFO  ozone.MiniOzoneClusterImpl (MiniOzoneClusterImpl.java:lambda$waitForClusterToBeReady$0(142)) - Waiting for cluster to be ready. Got 0 of 7 DN Heartbeats.
2019-07-15 13:53:20,494 INFO  ozoneimpl.OzoneContainer (OzoneContainer.java:start(186)) - Attempting to start container services.
2019-07-15 13:53:20,494 INFO  ozoneimpl.OzoneContainer (OzoneContainer.java:startContainerScrub(160)) - Background container scrubber has been disabled by hdds.containerscrub.enabled
2019-07-15 13:53:20,494 INFO  ratis.XceiverServerRatis (XceiverServerRatis.java:start(418)) - Starting XceiverServerRatis 8b8e08b0-e0f1-4c07-b962-f9f3ecf08e26 at port 0
2019-07-15 13:53:20,502 INFO  impl.RaftServerProxy (RaftServerProxy.java:lambda$start$3(299)) - 8b8e08b0-e0f1-4c07-b962-f9f3ecf08e26: start RPC server
2019-07-15 13:53:20,502 INFO  server.GrpcService (GrpcService.java:startImpl(149)) - 8b8e08b0-e0f1-4c07-b962-f9f3ecf08e26: GrpcService started, listening on 0.0.0.0/0.0.0.0:44282
2019-07-15 13:53:20,503 INFO  ratis.XceiverServerRatis (XceiverServerRatis.java:start(428)) - XceiverServerRatis 8b8e08b0-e0f1-4c07-b962-f9f3ecf08e26 is started using port 44282
2019-07-15 13:53:20,514 INFO  server.XceiverServerGrpc (XceiverServerGrpc.java:start(161)) - XceiverServerGrpc 8b8e08b0-e0f1-4c07-b962-f9f3ecf08e26 is started using port 38138
2019-07-15 13:53:21,270 INFO  net.NetworkTopology (NetworkTopologyImpl.java:add(110)) - Added a new node: /default-rack/192.168.157.240
2019-07-15 13:53:21,273 INFO  node.SCMNodeManager (SCMNodeManager.java:register(269)) - Registered Data node : 536cf698-b27d-4dd7-b5fd-8fdd61caa1c2{ip: 192.168.157.240, host: trunk-nightly-hvlc9-701369690, networkLocation: /default-rack, certSerialId: null}
2019-07-15 13:53:21,274 INFO  safemode.SCMSafeModeManager (DataNodeSafeModeRule.java:process(71)) - SCM in safe mode. 1 DataNodes registered, 1 required.
2019-07-15 13:53:21,277 INFO  safemode.SCMSafeModeManager (SCMSafeModeManager.java:validateSafeModeExitRules(177)) - ScmSafeModeManager, all rules are successfully validated
2019-07-15 13:53:21,278 INFO  safemode.SCMSafeModeManager (SCMSafeModeManager.java:exitSafeMode(193)) - SCM exiting safe mode.
2019-07-15 13:53:21,297 INFO  impl.RaftServerProxy (RaftServerProxy.java:addNew(89)) - 536cf698-b27d-4dd7-b5fd-8fdd61caa1c2: addNew group-48BAD841538C:[536cf698-b27d-4dd7-b5fd-8fdd61caa1c2:192.168.157.240:42868] returns group-48BAD841538C:java.util.concurrent.CompletableFuture@5b2466b5[Not completed]
2019-07-15 13:53:21,298 INFO  impl.RaftServerImpl (RaftServerImpl.java:<init>(93)) - 536cf698-b27d-4dd7-b5fd-8fdd61caa1c2: new RaftServerImpl for group-48BAD841538C:[536cf698-b27d-4dd7-b5fd-8fdd61caa1c2:192.168.157.240:42868] with ContainerStateMachine:uninitialized
2019-07-15 13:53:21,299 INFO  server.RaftServerConfigKeys (ConfUtils.java:logGet(43)) - raft.server.rpc.timeout.min = 5s (custom)
2019-07-15 13:53:21,299 INFO  server.RaftServerConfigKeys (ConfUtils.java:logGet(43)) - raft.server.rpc.timeout.max = 5200ms (custom)
2019-07-15 13:53:21,299 INFO  server.RaftServerConfigKeys (ConfUtils.java:logGet(43)) - raft.server.rpcslowness.timeout = 120s (custom)
2019-07-15 13:53:21,299 INFO  server.RaftServerConfigKeys (ConfUtils.java:logGet(43)) - raft.server.sleep.deviation.threshold = 300 (default)
2019-07-15 13:53:21,299 INFO  server.RaftServerConfigKeys (ConfUtils.java:logGet(43)) - raft.server.log.appender.install.snapshot.enabled = false (custom)
2019-07-15 13:53:21,299 INFO  impl.RaftServerImpl (ServerState.java:<init>(105)) - 536cf698-b27d-4dd7-b5fd-8fdd61caa1c2:group-48BAD841538C ConfigurationManager, init=-1: [536cf698-b27d-4dd7-b5fd-8fdd61caa1c2:192.168.157.240:42868], old=null, confs=<EMPTY_MAP>
2019-07-15 13:53:21,300 INFO  server.RaftServerConfigKeys (ConfUtils.java:logGet(43)) - raft.server.storage.dir = [/workdir/hadoop-ozone/integration-test/target/test-dir/MiniOzoneClusterImpl-7365a5b7-4b1d-40e7-b905-3ffc7194d9ee/datanode-0/data/ratis] (custom)
2019-07-15 13:53:21,300 INFO  storage.RaftStorageDirectory (RaftStorageDirectory.java:analyzeStorage(246)) - The storage directory /workdir/hadoop-ozone/integration-test/target/test-dir/MiniOzoneClusterImpl-7365a5b7-4b1d-40e7-b905-3ffc7194d9ee/datanode-0/data/ratis/137e444f-a37e-4d2d-a8f0-48bad841538c does not exist. Creating ...
2019-07-15 13:53:21,313 INFO  storage.RaftStorageDirectory (RaftStorageDirectory.java:tryLock(328)) - Lock on /workdir/hadoop-ozone/integration-test/target/test-dir/MiniOzoneClusterImpl-7365a5b7-4b1d-40e7-b905-3ffc7194d9ee/datanode-0/data/ratis/137e444f-a37e-4d2d-a8f0-48bad841538c/in_use.lock acquired by nodename 27196@trunk-nightly-hvlc9-701369690
2019-07-15 13:53:21,326 INFO  storage.RaftStorage (RaftStorage.java:format(72)) - Storage directory /workdir/hadoop-ozone/integration-test/target/test-dir/MiniOzoneClusterImpl-7365a5b7-4b1d-40e7-b905-3ffc7194d9ee/datanode-0/data/ratis/137e444f-a37e-4d2d-a8f0-48bad841538c has been successfully formatted.
2019-07-15 13:53:21,327 INFO  ratis.ContainerStateMachine (ContainerStateMachine.java:loadSnapshot(200)) - group-48BAD841538C: The snapshot info is null. Setting the last applied indexto:(t:0, i:~)
2019-07-15 13:53:21,327 INFO  server.RaftServerConfigKeys (ConfUtils.java:logGet(43)) - raft.server.leader.election.timeout = 120s (custom)
2019-07-15 13:53:21,327 INFO  server.RaftServerConfigKeys (ConfUtils.java:logGet(43)) - raft.server.log.use.memory = false (default)
2019-07-15 13:53:21,327 INFO  server.RaftServerConfigKeys (ConfUtils.java:logGet(43)) - raft.server.log.purge.gap = 1000000000 (custom)
2019-07-15 13:53:21,327 INFO  server.RaftServerConfigKeys (ConfUtils.java:logGet(43)) - raft.server.log.appender.buffer.byte-limit = 33554432 (custom)
2019-07-15 13:53:21,328 INFO  server.RaftServerConfigKeys (ConfUtils.java:logGet(43)) - raft.server.log.segment.size.max = 1048576 (custom)
2019-07-15 13:53:21,328 INFO  server.RaftServerConfigKeys (ConfUtils.java:logGet(43)) - raft.server.log.segment.cache.num.max = 2 (custom)
2019-07-15 13:53:21,328 INFO  segmented.SegmentedRaftLogWorker (SegmentedRaftLogWorker.java:<init>(172)) - new 536cf698-b27d-4dd7-b5fd-8fdd61caa1c2-SegmentedRaftLogWorker:Storage Directory /workdir/hadoop-ozone/integration-test/target/test-dir/MiniOzoneClusterImpl-7365a5b7-4b1d-40e7-b905-3ffc7194d9ee/datanode-0/data/ratis/137e444f-a37e-4d2d-a8f0-48bad841538c for RaftStorage:Storage Directory /workdir/hadoop-ozone/integration-test/target/test-dir/MiniOzoneClusterImpl-7365a5b7-4b1d-40e7-b905-3ffc7194d9ee/datanode-0/data/ratis/137e444f-a37e-4d2d-a8f0-48bad841538c
2019-07-15 13:53:21,328 INFO  server.RaftServerConfigKeys (ConfUtils.java:logGet(43)) - raft.server.log.queue.byte-limit = 2147483647 (custom)
2019-07-15 13:53:21,328 INFO  server.RaftServerConfigKeys (ConfUtils.java:logGet(43)) - raft.server.log.queue.element-limit = 1024 (custom)
2019-07-15 13:53:21,329 INFO  server.RaftServerConfigKeys (ConfUtils.java:logGet(43)) - raft.server.log.segment.size.max = 1048576 (custom)
2019-07-15 13:53:21,329 INFO  server.RaftServerConfigKeys (ConfUtils.java:logGet(43)) - raft.server.log.preallocated.size = 16384 (custom)
2019-07-15 13:53:21,329 INFO  server.RaftServerConfigKeys (ConfUtils.java:logGet(43)) - raft.server.log.write.buffer.size = 33554432 (custom)
2019-07-15 13:53:21,329 INFO  server.RaftServerConfigKeys (ConfUtils.java:logGet(43)) - raft.server.log.force.sync.num = 128 (default)
2019-07-15 13:53:21,329 INFO  server.RaftServerConfigKeys (ConfUtils.java:logGet(43)) - raft.server.log.statemachine.data.sync = true (default)
2019-07-15 13:53:21,329 INFO  server.RaftServerConfigKeys (ConfUtils.java:logGet(43)) - raft.server.log.statemachine.data.sync.timeout = 10s (default)
2019-07-15 13:53:21,330 INFO  server.RaftServerConfigKeys (ConfUtils.java:logGet(43)) - raft.server.log.statemachine.data.sync.timeout.retry = -1 (default)
2019-07-15 13:53:21,330 INFO  server.RaftServerConfigKeys (ConfUtils.java:logGet(43)) - raft.server.log.statemachine.data.caching.enabled = true (custom)
2019-07-15 13:53:21,330 INFO  segmented.SegmentedRaftLogWorker (SegmentedRaftLogWorker.java:lambda$new$0(132)) - 536cf698-b27d-4dd7-b5fd-8fdd61caa1c2-SegmentedRaftLogWorker:Storage Directory /workdir/hadoop-ozone/integration-test/target/test-dir/MiniOzoneClusterImpl-7365a5b7-4b1d-40e7-b905-3ffc7194d9ee/datanode-0/data/ratis/137e444f-a37e-4d2d-a8f0-48bad841538c: flushIndex: setUnconditionally 0 -> -1
2019-07-15 13:53:21,331 INFO  server.RaftServerConfigKeys (ConfUtils.java:logGet(43)) - raft.server.snapshot.auto.trigger.enabled = true (custom)
2019-07-15 13:53:21,331 INFO  server.RaftServerConfigKeys (ConfUtils.java:logGet(43)) - raft.server.snapshot.auto.trigger.threshold = 10000 (custom)
2019-07-15 13:53:21,331 INFO  server.RaftServerConfigKeys (ConfUtils.java:logGet(43)) - raft.server.retrycache.expirytime = 600000ms (custom)
2019-07-15 13:53:21,331 INFO  impl.RaftServerImpl (RaftServerImpl.java:start(180)) - 536cf698-b27d-4dd7-b5fd-8fdd61caa1c2: start group-48BAD841538C
2019-07-15 13:53:21,331 INFO  impl.RaftServerImpl (RaftServerImpl.java:setRole(171)) - 536cf698-b27d-4dd7-b5fd-8fdd61caa1c2:group-48BAD841538C changes role from null to FOLLOWER at term 0 for startAsFollower
2019-07-15 13:53:21,332 INFO  impl.RoleInfo (RoleInfo.java:updateAndGet(143)) - 536cf698-b27d-4dd7-b5fd-8fdd61caa1c2: start FollowerState
2019-07-15 13:53:21,333 INFO  util.JmxRegister (JmxRegister.java:tryRegister(44)) - Successfully registered JMX Bean with object name Ratis:service=RaftServer,group=group-48BAD841538C,id=536cf698-b27d-4dd7-b5fd-8fdd61caa1c2
2019-07-15 13:53:21,336 INFO  pipeline.PipelineStateManager (PipelineStateManager.java:addPipeline(56)) - Created pipeline Pipeline[ Id: 137e444f-a37e-4d2d-a8f0-48bad841538c, Nodes: 536cf698-b27d-4dd7-b5fd-8fdd61caa1c2{ip: 192.168.157.240, host: trunk-nightly-hvlc9-701369690, networkLocation: /default-rack, certSerialId: null}, Type:RATIS, Factor:ONE, State:OPEN]
2019-07-15 13:53:21,429 INFO  node.SCMNodeManager (SCMNodeManager.java:register(269)) - Registered Data node : cf701d9f-9836-48a2-a1f8-0d83a18b5aed{ip: 192.168.157.240, host: trunk-nightly-hvlc9-701369690, networkLocation: /default-rack, certSerialId: null}
2019-07-15 13:53:21,436 INFO  impl.RaftServerProxy (RaftServerProxy.java:addNew(89)) - cf701d9f-9836-48a2-a1f8-0d83a18b5aed: addNew group-4252F7F03E21:[cf701d9f-9836-48a2-a1f8-0d83a18b5aed:192.168.157.240:40665] returns group-4252F7F03E21:java.util.concurrent.CompletableFuture@3cb5e40d[Not completed]
2019-07-15 13:53:21,437 INFO  impl.RaftServerImpl (RaftServerImpl.java:<init>(93)) - cf701d9f-9836-48a2-a1f8-0d83a18b5aed: new RaftServerImpl for group-4252F7F03E21:[cf701d9f-9836-48a2-a1f8-0d83a18b5aed:192.168.157.240:40665] with ContainerStateMachine:uninitialized
2019-07-15 13:53:21,437 INFO  server.RaftServerConfigKeys (ConfUtils.java:logGet(43)) - raft.server.rpc.timeout.min = 5s (custom)
2019-07-15 13:53:21,437 INFO  server.RaftServerConfigKeys (ConfUtils.java:logGet(43)) - raft.server.rpc.timeout.max = 5200ms (custom)
2019-07-15 13:53:21,437 INFO  server.RaftServerConfigKeys (ConfUtils.java:logGet(43)) - raft.server.rpcslowness.timeout = 120s (custom)
2019-07-15 13:53:21,438 INFO  server.RaftServerConfigKeys (ConfUtils.java:logGet(43)) - raft.server.sleep.deviation.threshold = 300 (default)
2019-07-15 13:53:21,438 INFO  server.RaftServerConfigKeys (ConfUtils.java:logGet(43)) - raft.server.log.appender.install.snapshot.enabled = false (custom)
2019-07-15 13:53:21,438 INFO  impl.RaftServerImpl (ServerState.java:<init>(105)) - cf701d9f-9836-48a2-a1f8-0d83a18b5aed:group-4252F7F03E21 ConfigurationManager, init=-1: [cf701d9f-9836-48a2-a1f8-0d83a18b5aed:192.168.157.240:40665], old=null, confs=<EMPTY_MAP>
2019-07-15 13:53:21,438 INFO  server.RaftServerConfigKeys (ConfUtils.java:logGet(43)) - raft.server.storage.dir = [/workdir/hadoop-ozone/integration-test/target/test-dir/MiniOzoneClusterImpl-7365a5b7-4b1d-40e7-b905-3ffc7194d9ee/datanode-1/data/ratis] (custom)
2019-07-15 13:53:21,438 INFO  storage.RaftStorageDirectory (RaftStorageDirectory.java:analyzeStorage(246)) - The storage directory /workdir/hadoop-ozone/integration-test/target/test-dir/MiniOzoneClusterImpl-7365a5b7-4b1d-40e7-b905-3ffc7194d9ee/datanode-1/data/ratis/d6336bae-6887-4f2b-b8a4-4252f7f03e21 does not exist. Creating ...
2019-07-15 13:53:21,451 INFO  storage.RaftStorageDirectory (RaftStorageDirectory.java:tryLock(328)) - Lock on /workdir/hadoop-ozone/integration-test/target/test-dir/MiniOzoneClusterImpl-7365a5b7-4b1d-40e7-b905-3ffc7194d9ee/datanode-1/data/ratis/d6336bae-6887-4f2b-b8a4-4252f7f03e21/in_use.lock acquired by nodename 27196@trunk-nightly-hvlc9-701369690
2019-07-15 13:53:21,459 INFO  ozone.MiniOzoneClusterImpl (MiniOzoneClusterImpl.java:lambda$waitForClusterToBeReady$0(142)) - Waiting for cluster to be ready. Got 2 of 7 DN Heartbeats.
2019-07-15 13:53:21,464 INFO  storage.RaftStorage (RaftStorage.java:format(72)) - Storage directory /workdir/hadoop-ozone/integration-test/target/test-dir/MiniOzoneClusterImpl-7365a5b7-4b1d-40e7-b905-3ffc7194d9ee/datanode-1/data/ratis/d6336bae-6887-4f2b-b8a4-4252f7f03e21 has been successfully formatted.
2019-07-15 13:53:21,464 INFO  ratis.ContainerStateMachine (ContainerStateMachine.java:loadSnapshot(200)) - group-4252F7F03E21: The snapshot info is null. Setting the last applied indexto:(t:0, i:~)
2019-07-15 13:53:21,464 INFO  server.RaftServerConfigKeys (ConfUtils.java:logGet(43)) - raft.server.leader.election.timeout = 120s (custom)
2019-07-15 13:53:21,465 INFO  server.RaftServerConfigKeys (ConfUtils.java:logGet(43)) - raft.server.log.use.memory = false (default)
2019-07-15 13:53:21,465 INFO  server.RaftServerConfigKeys (ConfUtils.java:logGet(43)) - raft.server.log.purge.gap = 1000000000 (custom)
2019-07-15 13:53:21,465 INFO  server.RaftServerConfigKeys (ConfUtils.java:logGet(43)) - raft.server.log.appender.buffer.byte-limit = 33554432 (custom)
2019-07-15 13:53:21,465 INFO  server.RaftServerConfigKeys (ConfUtils.java:logGet(43)) - raft.server.log.segment.size.max = 1048576 (custom)
2019-07-15 13:53:21,465 INFO  server.RaftServerConfigKeys (ConfUtils.java:logGet(43)) - raft.server.log.segment.cache.num.max = 2 (custom)
2019-07-15 13:53:21,465 INFO  segmented.SegmentedRaftLogWorker (SegmentedRaftLogWorker.java:<init>(172)) - new cf701d9f-9836-48a2-a1f8-0d83a18b5aed-SegmentedRaftLogWorker:Storage Directory /workdir/hadoop-ozone/integration-test/target/test-dir/MiniOzoneClusterImpl-7365a5b7-4b1d-40e7-b905-3ffc7194d9ee/datanode-1/data/ratis/d6336bae-6887-4f2b-b8a4-4252f7f03e21 for RaftStorage:Storage Directory /workdir/hadoop-ozone/integration-test/target/test-dir/MiniOzoneClusterImpl-7365a5b7-4b1d-40e7-b905-3ffc7194d9ee/datanode-1/data/ratis/d6336bae-6887-4f2b-b8a4-4252f7f03e21
2019-07-15 13:53:21,465 INFO  server.RaftServerConfigKeys (ConfUtils.java:logGet(43)) - raft.server.log.queue.byte-limit = 2147483647 (custom)
2019-07-15 13:53:21,465 INFO  server.RaftServerConfigKeys (ConfUtils.java:logGet(43)) - raft.server.log.queue.element-limit = 1024 (custom)
2019-07-15 13:53:21,466 INFO  server.RaftServerConfigKeys (ConfUtils.java:logGet(43)) - raft.server.log.segment.size.max = 1048576 (custom)
2019-07-15 13:53:21,466 INFO  server.RaftServerConfigKeys (ConfUtils.java:logGet(43)) - raft.server.log.preallocated.size = 16384 (custom)
2019-07-15 13:53:21,466 INFO  server.RaftServerConfigKeys (ConfUtils.java:logGet(43)) - raft.server.log.write.buffer.size = 33554432 (custom)
2019-07-15 13:53:21,466 INFO  server.RaftServerConfigKeys (ConfUtils.java:logGet(43)) - raft.server.log.force.sync.num = 128 (default)
2019-07-15 13:53:21,466 INFO  server.RaftServerConfigKeys (ConfUtils.java:logGet(43)) - raft.server.log.statemachine.data.sync = true (default)
2019-07-15 13:53:21,466 INFO  server.RaftServerConfigKeys (ConfUtils.java:logGet(43)) - raft.server.log.statemachine.data.sync.timeout = 10s (default)
2019-07-15 13:53:21,466 INFO  server.RaftServerConfigKeys (ConfUtils.java:logGet(43)) - raft.server.log.statemachine.data.sync.timeout.retry = -1 (default)
2019-07-15 13:53:21,467 INFO  server.RaftServerConfigKeys (ConfUtils.java:logGet(43)) - raft.server.log.statemachine.data.caching.enabled = true (custom)
2019-07-15 13:53:21,467 INFO  segmented.SegmentedRaftLogWorker (SegmentedRaftLogWorker.java:lambda$new$0(132)) - cf701d9f-9836-48a2-a1f8-0d83a18b5aed-SegmentedRaftLogWorker:Storage Directory /workdir/hadoop-ozone/integration-test/target/test-dir/MiniOzoneClusterImpl-7365a5b7-4b1d-40e7-b905-3ffc7194d9ee/datanode-1/data/ratis/d6336bae-6887-4f2b-b8a4-4252f7f03e21: flushIndex: setUnconditionally 0 -> -1
2019-07-15 13:53:21,467 INFO  server.RaftServerConfigKeys (ConfUtils.java:logGet(43)) - raft.server.snapshot.auto.trigger.enabled = true (custom)
2019-07-15 13:53:21,467 INFO  server.RaftServerConfigKeys (ConfUtils.java:logGet(43)) - raft.server.snapshot.auto.trigger.threshold = 10000 (custom)
2019-07-15 13:53:21,468 INFO  server.RaftServerConfigKeys (ConfUtils.java:logGet(43)) - raft.server.retrycache.expirytime = 600000ms (custom)
2019-07-15 13:53:21,468 INFO  impl.RaftServerImpl (RaftServerImpl.java:start(180)) - cf701d9f-9836-48a2-a1f8-0d83a18b5aed: start group-4252F7F03E21
2019-07-15 13:53:21,468 INFO  impl.RaftServerImpl (RaftServerImpl.java:setRole(171)) - cf701d9f-9836-48a2-a1f8-0d83a18b5aed:group-4252F7F03E21 changes role from null to FOLLOWER at term 0 for startAsFollower
2019-07-15 13:53:21,468 INFO  impl.RoleInfo (RoleInfo.java:updateAndGet(143)) - cf701d9f-9836-48a2-a1f8-0d83a18b5aed: start FollowerState
2019-07-15 13:53:21,468 INFO  util.JmxRegister (JmxRegister.java:tryRegister(44)) - Successfully registered JMX Bean with object name Ratis:service=RaftServer,group=group-4252F7F03E21,id=cf701d9f-9836-48a2-a1f8-0d83a18b5aed
2019-07-15 13:53:21,470 INFO  pipeline.PipelineStateManager (PipelineStateManager.java:addPipeline(56)) - Created pipeline Pipeline[ Id: d6336bae-6887-4f2b-b8a4-4252f7f03e21, Nodes: cf701d9f-9836-48a2-a1f8-0d83a18b5aed{ip: 192.168.157.240, host: trunk-nightly-hvlc9-701369690, networkLocation: /default-rack, certSerialId: null}, Type:RATIS, Factor:ONE, State:OPEN]
2019-07-15 13:53:21,756 INFO  node.SCMNodeManager (SCMNodeManager.java:register(269)) - Registered Data node : 0eaba2ed-d764-4ca3-b184-3783afaafee1{ip: 192.168.157.240, host: trunk-nightly-hvlc9-701369690, networkLocation: /default-rack, certSerialId: null}
2019-07-15 13:53:21,763 INFO  impl.RaftServerProxy (RaftServerProxy.java:addNew(89)) - 0eaba2ed-d764-4ca3-b184-3783afaafee1: addNew group-A0509395DEE5:[0eaba2ed-d764-4ca3-b184-3783afaafee1:192.168.157.240:39699] returns group-A0509395DEE5:java.util.concurrent.CompletableFuture@49544e8[Not completed]
2019-07-15 13:53:21,764 INFO  impl.RaftServerImpl (RaftServerImpl.java:<init>(93)) - 0eaba2ed-d764-4ca3-b184-3783afaafee1: new RaftServerImpl for group-A0509395DEE5:[0eaba2ed-d764-4ca3-b184-3783afaafee1:192.168.157.240:39699] with ContainerStateMachine:uninitialized
2019-07-15 13:53:21,764 INFO  server.RaftServerConfigKeys (ConfUtils.java:logGet(43)) - raft.server.rpc.timeout.min = 5s (custom)
2019-07-15 13:53:21,765 INFO  server.RaftServerConfigKeys (ConfUtils.java:logGet(43)) - raft.server.rpc.timeout.max = 5200ms (custom)
2019-07-15 13:53:21,765 INFO  server.RaftServerConfigKeys (ConfUtils.java:logGet(43)) - raft.server.rpcslowness.timeout = 120s (custom)
2019-07-15 13:53:21,765 INFO  server.RaftServerConfigKeys (ConfUtils.java:logGet(43)) - raft.server.sleep.deviation.threshold = 300 (default)
2019-07-15 13:53:21,765 INFO  server.RaftServerConfigKeys (ConfUtils.java:logGet(43)) - raft.server.log.appender.install.snapshot.enabled = false (custom)
2019-07-15 13:53:21,765 INFO  impl.RaftServerImpl (ServerState.java:<init>(105)) - 0eaba2ed-d764-4ca3-b184-3783afaafee1:group-A0509395DEE5 ConfigurationManager, init=-1: [0eaba2ed-d764-4ca3-b184-3783afaafee1:192.168.157.240:39699], old=null, confs=<EMPTY_MAP>
2019-07-15 13:53:21,765 INFO  server.RaftServerConfigKeys (ConfUtils.java:logGet(43)) - raft.server.storage.dir = [/workdir/hadoop-ozone/integration-test/target/test-dir/MiniOzoneClusterImpl-7365a5b7-4b1d-40e7-b905-3ffc7194d9ee/datanode-2/data/ratis] (custom)
2019-07-15 13:53:21,766 INFO  storage.RaftStorageDirectory (RaftStorageDirectory.java:analyzeStorage(246)) - The storage directory /workdir/hadoop-ozone/integration-test/target/test-dir/MiniOzoneClusterImpl-7365a5b7-4b1d-40e7-b905-3ffc7194d9ee/datanode-2/data/ratis/974bb5ac-fbdf-4522-a605-a0509395dee5 does not exist. Creating ...
2019-07-15 13:53:21,779 INFO  storage.RaftStorageDirectory (RaftStorageDirectory.java:tryLock(328)) - Lock on /workdir/hadoop-ozone/integration-test/target/test-dir/MiniOzoneClusterImpl-7365a5b7-4b1d-40e7-b905-3ffc7194d9ee/datanode-2/data/ratis/974bb5ac-fbdf-4522-a605-a0509395dee5/in_use.lock acquired by nodename 27196@trunk-nightly-hvlc9-701369690
2019-07-15 13:53:21,793 INFO  storage.RaftStorage (RaftStorage.java:format(72)) - Storage directory /workdir/hadoop-ozone/integration-test/target/test-dir/MiniOzoneClusterImpl-7365a5b7-4b1d-40e7-b905-3ffc7194d9ee/datanode-2/data/ratis/974bb5ac-fbdf-4522-a605-a0509395dee5 has been successfully formatted.
2019-07-15 13:53:21,793 INFO  ratis.ContainerStateMachine (ContainerStateMachine.java:loadSnapshot(200)) - group-A0509395DEE5: The snapshot info is null. Setting the last applied indexto:(t:0, i:~)
2019-07-15 13:53:21,793 INFO  server.RaftServerConfigKeys (ConfUtils.java:logGet(43)) - raft.server.leader.election.timeout = 120s (custom)
2019-07-15 13:53:21,793 INFO  server.RaftServerConfigKeys (ConfUtils.java:logGet(43)) - raft.server.log.use.memory = false (default)
2019-07-15 13:53:21,794 INFO  server.RaftServerConfigKeys (ConfUtils.java:logGet(43)) - raft.server.log.purge.gap = 1000000000 (custom)
2019-07-15 13:53:21,794 INFO  server.RaftServerConfigKeys (ConfUtils.java:logGet(43)) - raft.server.log.appender.buffer.byte-limit = 33554432 (custom)
2019-07-15 13:53:21,794 INFO  server.RaftServerConfigKeys (ConfUtils.java:logGet(43)) - raft.server.log.segment.size.max = 1048576 (custom)
2019-07-15 13:53:21,794 INFO  server.RaftServerConfigKeys (ConfUtils.java:logGet(43)) - raft.server.log.segment.cache.num.max = 2 (custom)
2019-07-15 13:53:21,794 INFO  segmented.SegmentedRaftLogWorker (SegmentedRaftLogWorker.java:<init>(172)) - new 0eaba2ed-d764-4ca3-b184-3783afaafee1-SegmentedRaftLogWorker:Storage Directory /workdir/hadoop-ozone/integration-test/target/test-dir/MiniOzoneClusterImpl-7365a5b7-4b1d-40e7-b905-3ffc7194d9ee/datanode-2/data/ratis/974bb5ac-fbdf-4522-a605-a0509395dee5 for RaftStorage:Storage Directory /workdir/hadoop-ozone/integration-test/target/test-dir/MiniOzoneClusterImpl-7365a5b7-4b1d-40e7-b905-3ffc7194d9ee/datanode-2/data/ratis/974bb5ac-fbdf-4522-a605-a0509395dee5
2019-07-15 13:53:21,794 INFO  server.RaftServerConfigKeys (ConfUtils.java:logGet(43)) - raft.server.log.queue.byte-limit = 2147483647 (custom)
2019-07-15 13:53:21,794 INFO  server.RaftServerConfigKeys (ConfUtils.java:logGet(43)) - raft.server.log.queue.element-limit = 1024 (custom)
2019-07-15 13:53:21,795 INFO  server.RaftServerConfigKeys (ConfUtils.java:logGet(43)) - raft.server.log.segment.size.max = 1048576 (custom)
2019-07-15 13:53:21,795 INFO  server.RaftServerConfigKeys (ConfUtils.java:logGet(43)) - raft.server.log.preallocated.size = 16384 (custom)
2019-07-15 13:53:21,795 INFO  server.RaftServerConfigKeys (ConfUtils.java:logGet(43)) - raft.server.log.write.buffer.size = 33554432 (custom)
2019-07-15 13:53:21,795 INFO  server.RaftServerConfigKeys (ConfUtils.java:logGet(43)) - raft.server.log.force.sync.num = 128 (default)
2019-07-15 13:53:21,795 INFO  server.RaftServerConfigKeys (ConfUtils.java:logGet(43)) - raft.server.log.statemachine.data.sync = true (default)
2019-07-15 13:53:21,795 INFO  server.RaftServerConfigKeys (ConfUtils.java:logGet(43)) - raft.server.log.statemachine.data.sync.timeout = 10s (default)
2019-07-15 13:53:21,796 INFO  server.RaftServerConfigKeys (ConfUtils.java:logGet(43)) - raft.server.log.statemachine.data.sync.timeout.retry = -1 (default)
2019-07-15 13:53:21,796 INFO  server.RaftServerConfigKeys (ConfUtils.java:logGet(43)) - raft.server.log.statemachine.data.caching.enabled = true (custom)
2019-07-15 13:53:21,796 INFO  segmented.SegmentedRaftLogWorker (SegmentedRaftLogWorker.java:lambda$new$0(132)) - 0eaba2ed-d764-4ca3-b184-3783afaafee1-SegmentedRaftLogWorker:Storage Directory /workdir/hadoop-ozone/integration-test/target/test-dir/MiniOzoneClusterImpl-7365a5b7-4b1d-40e7-b905-3ffc7194d9ee/datanode-2/data/ratis/974bb5ac-fbdf-4522-a605-a0509395dee5: flushIndex: setUnconditionally 0 -> -1
2019-07-15 13:53:21,797 INFO  server.RaftServerConfigKeys (ConfUtils.java:logGet(43)) - raft.server.snapshot.auto.trigger.enabled = true (custom)
2019-07-15 13:53:21,797 INFO  server.RaftServerConfigKeys (ConfUtils.java:logGet(43)) - raft.server.snapshot.auto.trigger.threshold = 10000 (custom)
2019-07-15 13:53:21,797 INFO  server.RaftServerConfigKeys (ConfUtils.java:logGet(43)) - raft.server.retrycache.expirytime = 600000ms (custom)
2019-07-15 13:53:21,797 INFO  impl.RaftServerImpl (RaftServerImpl.java:start(180)) - 0eaba2ed-d764-4ca3-b184-3783afaafee1: start group-A0509395DEE5
2019-07-15 13:53:21,797 INFO  impl.RaftServerImpl (RaftServerImpl.java:setRole(171)) - 0eaba2ed-d764-4ca3-b184-3783afaafee1:group-A0509395DEE5 changes role from null to FOLLOWER at term 0 for startAsFollower
2019-07-15 13:53:21,797 INFO  impl.RoleInfo (RoleInfo.java:updateAndGet(143)) - 0eaba2ed-d764-4ca3-b184-3783afaafee1: start FollowerState
2019-07-15 13:53:21,798 INFO  util.JmxRegister (JmxRegister.java:tryRegister(44)) - Successfully registered JMX Bean with object name Ratis:service=RaftServer,group=group-A0509395DEE5,id=0eaba2ed-d764-4ca3-b184-3783afaafee1
2019-07-15 13:53:21,800 INFO  pipeline.PipelineStateManager (PipelineStateManager.java:addPipeline(56)) - Created pipeline Pipeline[ Id: 974bb5ac-fbdf-4522-a605-a0509395dee5, Nodes: 0eaba2ed-d764-4ca3-b184-3783afaafee1{ip: 192.168.157.240, host: trunk-nightly-hvlc9-701369690, networkLocation: /default-rack, certSerialId: null}, Type:RATIS, Factor:ONE, State:OPEN]
2019-07-15 13:53:21,815 INFO  impl.RaftServerProxy (RaftServerProxy.java:addNew(89)) - 0eaba2ed-d764-4ca3-b184-3783afaafee1: addNew group-80B87B2C025B:[0eaba2ed-d764-4ca3-b184-3783afaafee1:192.168.157.240:39699, 536cf698-b27d-4dd7-b5fd-8fdd61caa1c2:192.168.157.240:42868, cf701d9f-9836-48a2-a1f8-0d83a18b5aed:192.168.157.240:40665] returns group-80B87B2C025B:java.util.concurrent.CompletableFuture@79274f46[Not completed]
2019-07-15 13:53:21,815 INFO  impl.RaftServerProxy (RaftServerProxy.java:addNew(89)) - 536cf698-b27d-4dd7-b5fd-8fdd61caa1c2: addNew group-80B87B2C025B:[0eaba2ed-d764-4ca3-b184-3783afaafee1:192.168.157.240:39699, 536cf698-b27d-4dd7-b5fd-8fdd61caa1c2:192.168.157.240:42868, cf701d9f-9836-48a2-a1f8-0d83a18b5aed:192.168.157.240:40665] returns group-80B87B2C025B:java.util.concurrent.CompletableFuture@320d48d5[Not completed]
2019-07-15 13:53:21,815 INFO  impl.RaftServerProxy (RaftServerProxy.java:addNew(89)) - cf701d9f-9836-48a2-a1f8-0d83a18b5aed: addNew group-80B87B2C025B:[0eaba2ed-d764-4ca3-b184-3783afaafee1:192.168.157.240:39699, 536cf698-b27d-4dd7-b5fd-8fdd61caa1c2:192.168.157.240:42868, cf701d9f-9836-48a2-a1f8-0d83a18b5aed:192.168.157.240:40665] returns group-80B87B2C025B:java.util.concurrent.CompletableFuture@667ee3f2[Not completed]
2019-07-15 13:53:21,816 INFO  impl.RaftServerImpl (RaftServerImpl.java:<init>(93)) - cf701d9f-9836-48a2-a1f8-0d83a18b5aed: new RaftServerImpl for group-80B87B2C025B:[0eaba2ed-d764-4ca3-b184-3783afaafee1:192.168.157.240:39699, 536cf698-b27d-4dd7-b5fd-8fdd61caa1c2:192.168.157.240:42868, cf701d9f-9836-48a2-a1f8-0d83a18b5aed:192.168.157.240:40665] with ContainerStateMachine:uninitialized
2019-07-15 13:53:21,817 INFO  server.RaftServerConfigKeys (ConfUtils.java:logGet(43)) - raft.server.rpc.timeout.min = 5s (custom)
2019-07-15 13:53:21,817 INFO  server.RaftServerConfigKeys (ConfUtils.java:logGet(43)) - raft.server.rpc.timeout.max = 5200ms (custom)
2019-07-15 13:53:21,817 INFO  server.RaftServerConfigKeys (ConfUtils.java:logGet(43)) - raft.server.rpcslowness.timeout = 120s (custom)
2019-07-15 13:53:21,817 INFO  server.RaftServerConfigKeys (ConfUtils.java:logGet(43)) - raft.server.sleep.deviation.threshold = 300 (default)
2019-07-15 13:53:21,817 INFO  impl.RaftServerImpl (RaftServerImpl.java:<init>(93)) - 0eaba2ed-d764-4ca3-b184-3783afaafee1: new RaftServerImpl for group-80B87B2C025B:[0eaba2ed-d764-4ca3-b184-3783afaafee1:192.168.157.240:39699, 536cf698-b27d-4dd7-b5fd-8fdd61caa1c2:192.168.157.240:42868, cf701d9f-9836-48a2-a1f8-0d83a18b5aed:192.168.157.240:40665] with ContainerStateMachine:uninitialized
2019-07-15 13:53:21,817 INFO  server.RaftServerConfigKeys (ConfUtils.java:logGet(43)) - raft.server.log.appender.install.snapshot.enabled = false (custom)
2019-07-15 13:53:21,817 INFO  server.RaftServerConfigKeys (ConfUtils.java:logGet(43)) - raft.server.rpc.timeout.min = 5s (custom)
2019-07-15 13:53:21,817 INFO  impl.RaftServerImpl (RaftServerImpl.java:<init>(93)) - 536cf698-b27d-4dd7-b5fd-8fdd61caa1c2: new RaftServerImpl for group-80B87B2C025B:[0eaba2ed-d764-4ca3-b184-3783afaafee1:192.168.157.240:39699, 536cf698-b27d-4dd7-b5fd-8fdd61caa1c2:192.168.157.240:42868, cf701d9f-9836-48a2-a1f8-0d83a18b5aed:192.168.157.240:40665] with ContainerStateMachine:uninitialized
2019-07-15 13:53:21,817 INFO  impl.RaftServerImpl (ServerState.java:<init>(105)) - cf701d9f-9836-48a2-a1f8-0d83a18b5aed:group-80B87B2C025B ConfigurationManager, init=-1: [0eaba2ed-d764-4ca3-b184-3783afaafee1:192.168.157.240:39699, 536cf698-b27d-4dd7-b5fd-8fdd61caa1c2:192.168.157.240:42868, cf701d9f-9836-48a2-a1f8-0d83a18b5aed:192.168.157.240:40665], old=null, confs=<EMPTY_MAP>
2019-07-15 13:53:21,818 INFO  server.RaftServerConfigKeys (ConfUtils.java:logGet(43)) - raft.server.rpc.timeout.min = 5s (custom)
2019-07-15 13:53:21,818 INFO  server.RaftServerConfigKeys (ConfUtils.java:logGet(43)) - raft.server.rpc.timeout.max = 5200ms (custom)
2019-07-15 13:53:21,818 INFO  server.RaftServerConfigKeys (ConfUtils.java:logGet(43)) - raft.server.rpc.timeout.max = 5200ms (custom)
2019-07-15 13:53:21,818 INFO  server.RaftServerConfigKeys (ConfUtils.java:logGet(43)) - raft.server.rpcslowness.timeout = 120s (custom)
2019-07-15 13:53:21,818 INFO  server.RaftServerConfigKeys (ConfUtils.java:logGet(43)) - raft.server.storage.dir = [/workdir/hadoop-ozone/integration-test/target/test-dir/MiniOzoneClusterImpl-7365a5b7-4b1d-40e7-b905-3ffc7194d9ee/datanode-1/data/ratis] (custom)
2019-07-15 13:53:21,819 INFO  server.RaftServerConfigKeys (ConfUtils.java:logGet(43)) - raft.server.sleep.deviation.threshold = 300 (default)
2019-07-15 13:53:21,818 INFO  server.RaftServerConfigKeys (ConfUtils.java:logGet(43)) - raft.server.rpcslowness.timeout = 120s (custom)
2019-07-15 13:53:21,819 INFO  storage.RaftStorageDirectory (RaftStorageDirectory.java:analyzeStorage(246)) - The storage directory /workdir/hadoop-ozone/integration-test/target/test-dir/MiniOzoneClusterImpl-7365a5b7-4b1d-40e7-b905-3ffc7194d9ee/datanode-1/data/ratis/e5271c4b-730a-434e-9648-80b87b2c025b does not exist. Creating ...
2019-07-15 13:53:21,819 INFO  server.RaftServerConfigKeys (ConfUtils.java:logGet(43)) - raft.server.log.appender.install.snapshot.enabled = false (custom)
2019-07-15 13:53:21,819 INFO  server.RaftServerConfigKeys (ConfUtils.java:logGet(43)) - raft.server.sleep.deviation.threshold = 300 (default)
2019-07-15 13:53:21,819 INFO  impl.RaftServerImpl (ServerState.java:<init>(105)) - 536cf698-b27d-4dd7-b5fd-8fdd61caa1c2:group-80B87B2C025B ConfigurationManager, init=-1: [0eaba2ed-d764-4ca3-b184-3783afaafee1:192.168.157.240:39699, 536cf698-b27d-4dd7-b5fd-8fdd61caa1c2:192.168.157.240:42868, cf701d9f-9836-48a2-a1f8-0d83a18b5aed:192.168.157.240:40665], old=null, confs=<EMPTY_MAP>
2019-07-15 13:53:21,820 INFO  server.RaftServerConfigKeys (ConfUtils.java:logGet(43)) - raft.server.log.appender.install.snapshot.enabled = false (custom)
2019-07-15 13:53:21,820 INFO  server.RaftServerConfigKeys (ConfUtils.java:logGet(43)) - raft.server.storage.dir = [/workdir/hadoop-ozone/integration-test/target/test-dir/MiniOzoneClusterImpl-7365a5b7-4b1d-40e7-b905-3ffc7194d9ee/datanode-0/data/ratis] (custom)
2019-07-15 13:53:21,820 INFO  impl.RaftServerImpl (ServerState.java:<init>(105)) - 0eaba2ed-d764-4ca3-b184-3783afaafee1:group-80B87B2C025B ConfigurationManager, init=-1: [0eaba2ed-d764-4ca3-b184-3783afaafee1:192.168.157.240:39699, 536cf698-b27d-4dd7-b5fd-8fdd61caa1c2:192.168.157.240:42868, cf701d9f-9836-48a2-a1f8-0d83a18b5aed:192.168.157.240:40665], old=null, confs=<EMPTY_MAP>
2019-07-15 13:53:21,820 INFO  storage.RaftStorageDirectory (RaftStorageDirectory.java:analyzeStorage(246)) - The storage directory /workdir/hadoop-ozone/integration-test/target/test-dir/MiniOzoneClusterImpl-7365a5b7-4b1d-40e7-b905-3ffc7194d9ee/datanode-0/data/ratis/e5271c4b-730a-434e-9648-80b87b2c025b does not exist. Creating ...
2019-07-15 13:53:21,820 INFO  server.RaftServerConfigKeys (ConfUtils.java:logGet(43)) - raft.server.storage.dir = [/workdir/hadoop-ozone/integration-test/target/test-dir/MiniOzoneClusterImpl-7365a5b7-4b1d-40e7-b905-3ffc7194d9ee/datanode-2/data/ratis] (custom)
2019-07-15 13:53:21,821 INFO  storage.RaftStorageDirectory (RaftStorageDirectory.java:analyzeStorage(246)) - The storage directory /workdir/hadoop-ozone/integration-test/target/test-dir/MiniOzoneClusterImpl-7365a5b7-4b1d-40e7-b905-3ffc7194d9ee/datanode-2/data/ratis/e5271c4b-730a-434e-9648-80b87b2c025b does not exist. Creating ...
2019-07-15 13:53:21,833 INFO  storage.RaftStorageDirectory (RaftStorageDirectory.java:tryLock(328)) - Lock on /workdir/hadoop-ozone/integration-test/target/test-dir/MiniOzoneClusterImpl-7365a5b7-4b1d-40e7-b905-3ffc7194d9ee/datanode-2/data/ratis/e5271c4b-730a-434e-9648-80b87b2c025b/in_use.lock acquired by nodename 27196@trunk-nightly-hvlc9-701369690
2019-07-15 13:53:21,833 INFO  storage.RaftStorageDirectory (RaftStorageDirectory.java:tryLock(328)) - Lock on /workdir/hadoop-ozone/integration-test/target/test-dir/MiniOzoneClusterImpl-7365a5b7-4b1d-40e7-b905-3ffc7194d9ee/datanode-0/data/ratis/e5271c4b-730a-434e-9648-80b87b2c025b/in_use.lock acquired by nodename 27196@trunk-nightly-hvlc9-701369690
2019-07-15 13:53:21,833 INFO  storage.RaftStorageDirectory (RaftStorageDirectory.java:tryLock(328)) - Lock on /workdir/hadoop-ozone/integration-test/target/test-dir/MiniOzoneClusterImpl-7365a5b7-4b1d-40e7-b905-3ffc7194d9ee/datanode-1/data/ratis/e5271c4b-730a-434e-9648-80b87b2c025b/in_use.lock acquired by nodename 27196@trunk-nightly-hvlc9-701369690
2019-07-15 13:53:21,846 INFO  storage.RaftStorage (RaftStorage.java:format(72)) - Storage directory /workdir/hadoop-ozone/integration-test/target/test-dir/MiniOzoneClusterImpl-7365a5b7-4b1d-40e7-b905-3ffc7194d9ee/datanode-1/data/ratis/e5271c4b-730a-434e-9648-80b87b2c025b has been successfully formatted.
2019-07-15 13:53:21,846 INFO  storage.RaftStorage (RaftStorage.java:format(72)) - Storage directory /workdir/hadoop-ozone/integration-test/target/test-dir/MiniOzoneClusterImpl-7365a5b7-4b1d-40e7-b905-3ffc7194d9ee/datanode-0/data/ratis/e5271c4b-730a-434e-9648-80b87b2c025b has been successfully formatted.
2019-07-15 13:53:21,846 INFO  storage.RaftStorage (RaftStorage.java:format(72)) - Storage directory /workdir/hadoop-ozone/integration-test/target/test-dir/MiniOzoneClusterImpl-7365a5b7-4b1d-40e7-b905-3ffc7194d9ee/datanode-2/data/ratis/e5271c4b-730a-434e-9648-80b87b2c025b has been successfully formatted.
2019-07-15 13:53:21,847 INFO  ratis.ContainerStateMachine (ContainerStateMachine.java:loadSnapshot(200)) - group-80B87B2C025B: The snapshot info is null. Setting the last applied indexto:(t:0, i:~)
2019-07-15 13:53:21,846 INFO  ratis.ContainerStateMachine (ContainerStateMachine.java:loadSnapshot(200)) - group-80B87B2C025B: The snapshot info is null. Setting the last applied indexto:(t:0, i:~)
2019-07-15 13:53:21,847 INFO  server.RaftServerConfigKeys (ConfUtils.java:logGet(43)) - raft.server.leader.election.timeout = 120s (custom)
2019-07-15 13:53:21,847 INFO  server.RaftServerConfigKeys (ConfUtils.java:logGet(43)) - raft.server.log.use.memory = false (default)
2019-07-15 13:53:21,847 INFO  ratis.ContainerStateMachine (ContainerStateMachine.java:loadSnapshot(200)) - group-80B87B2C025B: The snapshot info is null. Setting the last applied indexto:(t:0, i:~)
2019-07-15 13:53:21,847 INFO  server.RaftServerConfigKeys (ConfUtils.java:logGet(43)) - raft.server.log.purge.gap = 1000000000 (custom)
2019-07-15 13:53:21,847 INFO  server.RaftServerConfigKeys (ConfUtils.java:logGet(43)) - raft.server.leader.election.timeout = 120s (custom)
2019-07-15 13:53:21,848 INFO  server.RaftServerConfigKeys (ConfUtils.java:logGet(43)) - raft.server.log.appender.buffer.byte-limit = 33554432 (custom)
2019-07-15 13:53:21,848 INFO  server.RaftServerConfigKeys (ConfUtils.java:logGet(43)) - raft.server.leader.election.timeout = 120s (custom)
2019-07-15 13:53:21,848 INFO  server.RaftServerConfigKeys (ConfUtils.java:logGet(43)) - raft.server.log.segment.size.max = 1048576 (custom)
2019-07-15 13:53:21,848 INFO  server.RaftServerConfigKeys (ConfUtils.java:logGet(43)) - raft.server.log.use.memory = false (default)
2019-07-15 13:53:21,848 INFO  server.RaftServerConfigKeys (ConfUtils.java:logGet(43)) - raft.server.log.segment.cache.num.max = 2 (custom)
2019-07-15 13:53:21,848 INFO  server.RaftServerConfigKeys (ConfUtils.java:logGet(43)) - raft.server.log.use.memory = false (default)
2019-07-15 13:53:21,849 INFO  segmented.SegmentedRaftLogWorker (SegmentedRaftLogWorker.java:<init>(172)) - new 536cf698-b27d-4dd7-b5fd-8fdd61caa1c2-SegmentedRaftLogWorker:Storage Directory /workdir/hadoop-ozone/integration-test/target/test-dir/MiniOzoneClusterImpl-7365a5b7-4b1d-40e7-b905-3ffc7194d9ee/datanode-0/data/ratis/e5271c4b-730a-434e-9648-80b87b2c025b for RaftStorage:Storage Directory /workdir/hadoop-ozone/integration-test/target/test-dir/MiniOzoneClusterImpl-7365a5b7-4b1d-40e7-b905-3ffc7194d9ee/datanode-0/data/ratis/e5271c4b-730a-434e-9648-80b87b2c025b
2019-07-15 13:53:21,848 INFO  server.RaftServerConfigKeys (ConfUtils.java:logGet(43)) - raft.server.log.purge.gap = 1000000000 (custom)
2019-07-15 13:53:21,849 INFO  server.RaftServerConfigKeys (ConfUtils.java:logGet(43)) - raft.server.log.queue.byte-limit = 2147483647 (custom)
2019-07-15 13:53:21,849 INFO  server.RaftServerConfigKeys (ConfUtils.java:logGet(43)) - raft.server.log.queue.element-limit = 1024 (custom)
2019-07-15 13:53:21,849 INFO  server.RaftServerConfigKeys (ConfUtils.java:logGet(43)) - raft.server.log.purge.gap = 1000000000 (custom)
2019-07-15 13:53:21,849 INFO  server.RaftServerConfigKeys (ConfUtils.java:logGet(43)) - raft.server.log.segment.size.max = 1048576 (custom)
2019-07-15 13:53:21,850 INFO  server.RaftServerConfigKeys (ConfUtils.java:logGet(43)) - raft.server.log.preallocated.size = 16384 (custom)
2019-07-15 13:53:21,849 INFO  server.RaftServerConfigKeys (ConfUtils.java:logGet(43)) - raft.server.log.appender.buffer.byte-limit = 33554432 (custom)
2019-07-15 13:53:21,850 INFO  server.RaftServerConfigKeys (ConfUtils.java:logGet(43)) - raft.server.log.write.buffer.size = 33554432 (custom)
2019-07-15 13:53:21,850 INFO  server.RaftServerConfigKeys (ConfUtils.java:logGet(43)) - raft.server.log.force.sync.num = 128 (default)
2019-07-15 13:53:21,850 INFO  server.RaftServerConfigKeys (ConfUtils.java:logGet(43)) - raft.server.log.appender.buffer.byte-limit = 33554432 (custom)
2019-07-15 13:53:21,850 INFO  server.RaftServerConfigKeys (ConfUtils.java:logGet(43)) - raft.server.log.statemachine.data.sync = true (default)
2019-07-15 13:53:21,850 INFO  server.RaftServerConfigKeys (ConfUtils.java:logGet(43)) - raft.server.log.segment.size.max = 1048576 (custom)
2019-07-15 13:53:21,851 INFO  server.RaftServerConfigKeys (ConfUtils.java:logGet(43)) - raft.server.log.statemachine.data.sync.timeout = 10s (default)
2019-07-15 13:53:21,851 INFO  server.RaftServerConfigKeys (ConfUtils.java:logGet(43)) - raft.server.log.segment.size.max = 1048576 (custom)
2019-07-15 13:53:21,851 INFO  server.RaftServerConfigKeys (ConfUtils.java:logGet(43)) - raft.server.log.statemachine.data.sync.timeout.retry = -1 (default)
2019-07-15 13:53:21,851 INFO  server.RaftServerConfigKeys (ConfUtils.java:logGet(43)) - raft.server.log.segment.cache.num.max = 2 (custom)
2019-07-15 13:53:21,852 INFO  server.RaftServerConfigKeys (ConfUtils.java:logGet(43)) - raft.server.log.statemachine.data.caching.enabled = true (custom)
2019-07-15 13:53:21,851 INFO  server.RaftServerConfigKeys (ConfUtils.java:logGet(43)) - raft.server.log.segment.cache.num.max = 2 (custom)
2019-07-15 13:53:21,852 INFO  segmented.SegmentedRaftLogWorker (SegmentedRaftLogWorker.java:<init>(172)) - new cf701d9f-9836-48a2-a1f8-0d83a18b5aed-SegmentedRaftLogWorker:Storage Directory /workdir/hadoop-ozone/integration-test/target/test-dir/MiniOzoneClusterImpl-7365a5b7-4b1d-40e7-b905-3ffc7194d9ee/datanode-1/data/ratis/e5271c4b-730a-434e-9648-80b87b2c025b for RaftStorage:Storage Directory /workdir/hadoop-ozone/integration-test/target/test-dir/MiniOzoneClusterImpl-7365a5b7-4b1d-40e7-b905-3ffc7194d9ee/datanode-1/data/ratis/e5271c4b-730a-434e-9648-80b87b2c025b
2019-07-15 13:53:21,852 INFO  segmented.SegmentedRaftLogWorker (SegmentedRaftLogWorker.java:lambda$new$0(132)) - 536cf698-b27d-4dd7-b5fd-8fdd61caa1c2-SegmentedRaftLogWorker:Storage Directory /workdir/hadoop-ozone/integration-test/target/test-dir/MiniOzoneClusterImpl-7365a5b7-4b1d-40e7-b905-3ffc7194d9ee/datanode-0/data/ratis/e5271c4b-730a-434e-9648-80b87b2c025b: flushIndex: setUnconditionally 0 -> -1
2019-07-15 13:53:21,852 INFO  segmented.SegmentedRaftLogWorker (SegmentedRaftLogWorker.java:<init>(172)) - new 0eaba2ed-d764-4ca3-b184-3783afaafee1-SegmentedRaftLogWorker:Storage Directory /workdir/hadoop-ozone/integration-test/target/test-dir/MiniOzoneClusterImpl-7365a5b7-4b1d-40e7-b905-3ffc7194d9ee/datanode-2/data/ratis/e5271c4b-730a-434e-9648-80b87b2c025b for RaftStorage:Storage Directory /workdir/hadoop-ozone/integration-test/target/test-dir/MiniOzoneClusterImpl-7365a5b7-4b1d-40e7-b905-3ffc7194d9ee/datanode-2/data/ratis/e5271c4b-730a-434e-9648-80b87b2c025b
2019-07-15 13:53:21,852 INFO  server.RaftServerConfigKeys (ConfUtils.java:logGet(43)) - raft.server.log.queue.byte-limit = 2147483647 (custom)
2019-07-15 13:53:21,853 INFO  server.RaftServerConfigKeys (ConfUtils.java:logGet(43)) - raft.server.snapshot.auto.trigger.enabled = true (custom)
2019-07-15 13:53:21,853 INFO  server.RaftServerConfigKeys (ConfUtils.java:logGet(43)) - raft.server.log.queue.byte-limit = 2147483647 (custom)
2019-07-15 13:53:21,853 INFO  server.RaftServerConfigKeys (ConfUtils.java:logGet(43)) - raft.server.snapshot.auto.trigger.threshold = 10000 (custom)
2019-07-15 13:53:21,853 INFO  server.RaftServerConfigKeys (ConfUtils.java:logGet(43)) - raft.server.log.queue.element-limit = 1024 (custom)
2019-07-15 13:53:21,853 INFO  server.RaftServerConfigKeys (ConfUtils.java:logGet(43)) - raft.server.retrycache.expirytime = 600000ms (custom)
2019-07-15 13:53:21,853 INFO  server.RaftServerConfigKeys (ConfUtils.java:logGet(43)) - raft.server.log.queue.element-limit = 1024 (custom)
2019-07-15 13:53:21,854 INFO  impl.RaftServerImpl (RaftServerImpl.java:start(180)) - 536cf698-b27d-4dd7-b5fd-8fdd61caa1c2: start group-80B87B2C025B
2019-07-15 13:53:21,853 INFO  server.RaftServerConfigKeys (ConfUtils.java:logGet(43)) - raft.server.log.segment.size.max = 1048576 (custom)
2019-07-15 13:53:21,854 INFO  impl.RaftServerImpl (RaftServerImpl.java:setRole(171)) - 536cf698-b27d-4dd7-b5fd-8fdd61caa1c2:group-80B87B2C025B changes role from null to FOLLOWER at term 0 for startAsFollower
2019-07-15 13:53:21,854 INFO  server.RaftServerConfigKeys (ConfUtils.java:logGet(43)) - raft.server.log.segment.size.max = 1048576 (custom)
2019-07-15 13:53:21,854 INFO  impl.RoleInfo (RoleInfo.java:updateAndGet(143)) - 536cf698-b27d-4dd7-b5fd-8fdd61caa1c2: start FollowerState
2019-07-15 13:53:21,854 INFO  server.RaftServerConfigKeys (ConfUtils.java:logGet(43)) - raft.server.log.preallocated.size = 16384 (custom)
2019-07-15 13:53:21,854 INFO  server.RaftServerConfigKeys (ConfUtils.java:logGet(43)) - raft.server.log.preallocated.size = 16384 (custom)
2019-07-15 13:53:21,855 INFO  util.JmxRegister (JmxRegister.java:tryRegister(44)) - Successfully registered JMX Bean with object name Ratis:service=RaftServer,group=group-80B87B2C025B,id=536cf698-b27d-4dd7-b5fd-8fdd61caa1c2
2019-07-15 13:53:21,855 INFO  server.RaftServerConfigKeys (ConfUtils.java:logGet(43)) - raft.server.log.write.buffer.size = 33554432 (custom)
2019-07-15 13:53:21,855 INFO  server.RaftServerConfigKeys (ConfUtils.java:logGet(43)) - raft.server.log.write.buffer.size = 33554432 (custom)
2019-07-15 13:53:21,855 INFO  server.RaftServerConfigKeys (ConfUtils.java:logGet(43)) - raft.server.log.force.sync.num = 128 (default)
2019-07-15 13:53:21,855 INFO  server.RaftServerConfigKeys (ConfUtils.java:logGet(43)) - raft.server.log.force.sync.num = 128 (default)
2019-07-15 13:53:21,856 INFO  server.RaftServerConfigKeys (ConfUtils.java:logGet(43)) - raft.server.log.statemachine.data.sync = true (default)
2019-07-15 13:53:21,856 INFO  server.RaftServerConfigKeys (ConfUtils.java:logGet(43)) - raft.server.log.statemachine.data.sync = true (default)
2019-07-15 13:53:21,856 INFO  server.RaftServerConfigKeys (ConfUtils.java:logGet(43)) - raft.server.log.statemachine.data.sync.timeout = 10s (default)
2019-07-15 13:53:21,856 INFO  server.RaftServerConfigKeys (ConfUtils.java:logGet(43)) - raft.server.log.statemachine.data.sync.timeout = 10s (default)
2019-07-15 13:53:21,856 INFO  server.RaftServerConfigKeys (ConfUtils.java:logGet(43)) - raft.server.log.statemachine.data.sync.timeout.retry = -1 (default)
2019-07-15 13:53:21,856 INFO  server.RaftServerConfigKeys (ConfUtils.java:logGet(43)) - raft.server.log.statemachine.data.sync.timeout.retry = -1 (default)
2019-07-15 13:53:21,857 INFO  server.RaftServerConfigKeys (ConfUtils.java:logGet(43)) - raft.server.log.statemachine.data.caching.enabled = true (custom)
2019-07-15 13:53:21,857 INFO  server.RaftServerConfigKeys (ConfUtils.java:logGet(43)) - raft.server.log.statemachine.data.caching.enabled = true (custom)
2019-07-15 13:53:21,857 INFO  segmented.SegmentedRaftLogWorker (SegmentedRaftLogWorker.java:lambda$new$0(132)) - cf701d9f-9836-48a2-a1f8-0d83a18b5aed-SegmentedRaftLogWorker:Storage Directory /workdir/hadoop-ozone/integration-test/target/test-dir/MiniOzoneClusterImpl-7365a5b7-4b1d-40e7-b905-3ffc7194d9ee/datanode-1/data/ratis/e5271c4b-730a-434e-9648-80b87b2c025b: flushIndex: setUnconditionally 0 -> -1
2019-07-15 13:53:21,857 INFO  segmented.SegmentedRaftLogWorker (SegmentedRaftLogWorker.java:lambda$new$0(132)) - 0eaba2ed-d764-4ca3-b184-3783afaafee1-SegmentedRaftLogWorker:Storage Directory /workdir/hadoop-ozone/integration-test/target/test-dir/MiniOzoneClusterImpl-7365a5b7-4b1d-40e7-b905-3ffc7194d9ee/datanode-2/data/ratis/e5271c4b-730a-434e-9648-80b87b2c025b: flushIndex: setUnconditionally 0 -> -1
2019-07-15 13:53:21,857 INFO  server.RaftServerConfigKeys (ConfUtils.java:logGet(43)) - raft.server.snapshot.auto.trigger.enabled = true (custom)
2019-07-15 13:53:21,858 INFO  server.RaftServerConfigKeys (ConfUtils.java:logGet(43)) - raft.server.snapshot.auto.trigger.threshold = 10000 (custom)
2019-07-15 13:53:21,858 INFO  server.RaftServerConfigKeys (ConfUtils.java:logGet(43)) - raft.server.snapshot.auto.trigger.enabled = true (custom)
2019-07-15 13:53:21,858 INFO  server.RaftServerConfigKeys (ConfUtils.java:logGet(43)) - raft.server.retrycache.expirytime = 600000ms (custom)
2019-07-15 13:53:21,858 INFO  server.RaftServerConfigKeys (ConfUtils.java:logGet(43)) - raft.server.snapshot.auto.trigger.threshold = 10000 (custom)
2019-07-15 13:53:21,858 INFO  impl.RaftServerImpl (RaftServerImpl.java:start(180)) - cf701d9f-9836-48a2-a1f8-0d83a18b5aed: start group-80B87B2C025B
2019-07-15 13:53:21,858 INFO  server.RaftServerConfigKeys (ConfUtils.java:logGet(43)) - raft.server.retrycache.expirytime = 600000ms (custom)
2019-07-15 13:53:21,858 INFO  impl.RaftServerImpl (RaftServerImpl.java:setRole(171)) - cf701d9f-9836-48a2-a1f8-0d83a18b5aed:group-80B87B2C025B changes role from null to FOLLOWER at term 0 for startAsFollower
2019-07-15 13:53:21,858 INFO  impl.RaftServerImpl (RaftServerImpl.java:start(180)) - 0eaba2ed-d764-4ca3-b184-3783afaafee1: start group-80B87B2C025B
2019-07-15 13:53:21,859 INFO  impl.RoleInfo (RoleInfo.java:updateAndGet(143)) - cf701d9f-9836-48a2-a1f8-0d83a18b5aed: start FollowerState
2019-07-15 13:53:21,859 INFO  impl.RaftServerImpl (RaftServerImpl.java:setRole(171)) - 0eaba2ed-d764-4ca3-b184-3783afaafee1:group-80B87B2C025B changes role from null to FOLLOWER at term 0 for startAsFollower
2019-07-15 13:53:21,859 INFO  impl.RoleInfo (RoleInfo.java:updateAndGet(143)) - 0eaba2ed-d764-4ca3-b184-3783afaafee1: start FollowerState
2019-07-15 13:53:21,859 INFO  util.JmxRegister (JmxRegister.java:tryRegister(44)) - Successfully registered JMX Bean with object name Ratis:service=RaftServer,group=group-80B87B2C025B,id=cf701d9f-9836-48a2-a1f8-0d83a18b5aed
2019-07-15 13:53:21,859 INFO  util.JmxRegister (JmxRegister.java:tryRegister(44)) - Successfully registered JMX Bean with object name Ratis:service=RaftServer,group=group-80B87B2C025B,id=0eaba2ed-d764-4ca3-b184-3783afaafee1
2019-07-15 13:53:21,862 INFO  pipeline.PipelineStateManager (PipelineStateManager.java:addPipeline(56)) - Created pipeline Pipeline[ Id: e5271c4b-730a-434e-9648-80b87b2c025b, Nodes: 536cf698-b27d-4dd7-b5fd-8fdd61caa1c2{ip: 192.168.157.240, host: trunk-nightly-hvlc9-701369690, networkLocation: /default-rack, certSerialId: null}cf701d9f-9836-48a2-a1f8-0d83a18b5aed{ip: 192.168.157.240, host: trunk-nightly-hvlc9-701369690, networkLocation: /default-rack, certSerialId: null}0eaba2ed-d764-4ca3-b184-3783afaafee1{ip: 192.168.157.240, host: trunk-nightly-hvlc9-701369690, networkLocation: /default-rack, certSerialId: null}, Type:RATIS, Factor:THREE, State:OPEN]
2019-07-15 13:53:21,925 INFO  node.SCMNodeManager (SCMNodeManager.java:register(269)) - Registered Data node : e26b1dcf-4969-4dad-afea-c8de5ddf4bfa{ip: 192.168.157.240, host: trunk-nightly-hvlc9-701369690, networkLocation: /default-rack, certSerialId: null}
2019-07-15 13:53:21,933 INFO  impl.RaftServerProxy (RaftServerProxy.java:addNew(89)) - e26b1dcf-4969-4dad-afea-c8de5ddf4bfa: addNew group-6E039B358451:[e26b1dcf-4969-4dad-afea-c8de5ddf4bfa:192.168.157.240:33378] returns group-6E039B358451:java.util.concurrent.CompletableFuture@1cb0868f[Not completed]
2019-07-15 13:53:21,934 INFO  impl.RaftServerImpl (RaftServerImpl.java:<init>(93)) - e26b1dcf-4969-4dad-afea-c8de5ddf4bfa: new RaftServerImpl for group-6E039B358451:[e26b1dcf-4969-4dad-afea-c8de5ddf4bfa:192.168.157.240:33378] with ContainerStateMachine:uninitialized
2019-07-15 13:53:21,934 INFO  server.RaftServerConfigKeys (ConfUtils.java:logGet(43)) - raft.server.rpc.timeout.min = 5s (custom)
2019-07-15 13:53:21,934 INFO  server.RaftServerConfigKeys (ConfUtils.java:logGet(43)) - raft.server.rpc.timeout.max = 5200ms (custom)
2019-07-15 13:53:21,934 INFO  server.RaftServerConfigKeys (ConfUtils.java:logGet(43)) - raft.server.rpcslowness.timeout = 120s (custom)
2019-07-15 13:53:21,934 INFO  server.RaftServerConfigKeys (ConfUtils.java:logGet(43)) - raft.server.sleep.deviation.threshold = 300 (default)
2019-07-15 13:53:21,934 INFO  server.RaftServerConfigKeys (ConfUtils.java:logGet(43)) - raft.server.log.appender.install.snapshot.enabled = false (custom)
2019-07-15 13:53:21,934 INFO  impl.RaftServerImpl (ServerState.java:<init>(105)) - e26b1dcf-4969-4dad-afea-c8de5ddf4bfa:group-6E039B358451 ConfigurationManager, init=-1: [e26b1dcf-4969-4dad-afea-c8de5ddf4bfa:192.168.157.240:33378], old=null, confs=<EMPTY_MAP>
2019-07-15 13:53:21,935 INFO  server.RaftServerConfigKeys (ConfUtils.java:logGet(43)) - raft.server.storage.dir = [/workdir/hadoop-ozone/integration-test/target/test-dir/MiniOzoneClusterImpl-7365a5b7-4b1d-40e7-b905-3ffc7194d9ee/datanode-3/data/ratis] (custom)
2019-07-15 13:53:21,935 INFO  storage.RaftStorageDirectory (RaftStorageDirectory.java:analyzeStorage(246)) - The storage directory /workdir/hadoop-ozone/integration-test/target/test-dir/MiniOzoneClusterImpl-7365a5b7-4b1d-40e7-b905-3ffc7194d9ee/datanode-3/data/ratis/871c3bec-2e25-4d22-9433-6e039b358451 does not exist. Creating ...
2019-07-15 13:53:21,948 INFO  storage.RaftStorageDirectory (RaftStorageDirectory.java:tryLock(328)) - Lock on /workdir/hadoop-ozone/integration-test/target/test-dir/MiniOzoneClusterImpl-7365a5b7-4b1d-40e7-b905-3ffc7194d9ee/datanode-3/data/ratis/871c3bec-2e25-4d22-9433-6e039b358451/in_use.lock acquired by nodename 27196@trunk-nightly-hvlc9-701369690
2019-07-15 13:53:21,961 INFO  storage.RaftStorage (RaftStorage.java:format(72)) - Storage directory /workdir/hadoop-ozone/integration-test/target/test-dir/MiniOzoneClusterImpl-7365a5b7-4b1d-40e7-b905-3ffc7194d9ee/datanode-3/data/ratis/871c3bec-2e25-4d22-9433-6e039b358451 has been successfully formatted.
2019-07-15 13:53:21,961 INFO  ratis.ContainerStateMachine (ContainerStateMachine.java:loadSnapshot(200)) - group-6E039B358451: The snapshot info is null. Setting the last applied indexto:(t:0, i:~)
2019-07-15 13:53:21,962 INFO  server.RaftServerConfigKeys (ConfUtils.java:logGet(43)) - raft.server.leader.election.timeout = 120s (custom)
2019-07-15 13:53:21,962 INFO  server.RaftServerConfigKeys (ConfUtils.java:logGet(43)) - raft.server.log.use.memory = false (default)
2019-07-15 13:53:21,962 INFO  server.RaftServerConfigKeys (ConfUtils.java:logGet(43)) - raft.server.log.purge.gap = 1000000000 (custom)
2019-07-15 13:53:21,962 INFO  server.RaftServerConfigKeys (ConfUtils.java:logGet(43)) - raft.server.log.appender.buffer.byte-limit = 33554432 (custom)
2019-07-15 13:53:21,962 INFO  server.RaftServerConfigKeys (ConfUtils.java:logGet(43)) - raft.server.log.segment.size.max = 1048576 (custom)
2019-07-15 13:53:21,962 INFO  server.RaftServerConfigKeys (ConfUtils.java:logGet(43)) - raft.server.log.segment.cache.num.max = 2 (custom)
2019-07-15 13:53:21,963 INFO  segmented.SegmentedRaftLogWorker (SegmentedRaftLogWorker.java:<init>(172)) - new e26b1dcf-4969-4dad-afea-c8de5ddf4bfa-SegmentedRaftLogWorker:Storage Directory /workdir/hadoop-ozone/integration-test/target/test-dir/MiniOzoneClusterImpl-7365a5b7-4b1d-40e7-b905-3ffc7194d9ee/datanode-3/data/ratis/871c3bec-2e25-4d22-9433-6e039b358451 for RaftStorage:Storage Directory /workdir/hadoop-ozone/integration-test/target/test-dir/MiniOzoneClusterImpl-7365a5b7-4b1d-40e7-b905-3ffc7194d9ee/datanode-3/data/ratis/871c3bec-2e25-4d22-9433-6e039b358451
2019-07-15 13:53:21,963 INFO  server.RaftServerConfigKeys (ConfUtils.java:logGet(43)) - raft.server.log.queue.byte-limit = 2147483647 (custom)
2019-07-15 13:53:21,963 INFO  server.RaftServerConfigKeys (ConfUtils.java:logGet(43)) - raft.server.log.queue.element-limit = 1024 (custom)
2019-07-15 13:53:21,963 INFO  server.RaftServerConfigKeys (ConfUtils.java:logGet(43)) - raft.server.log.segment.size.max = 1048576 (custom)
2019-07-15 13:53:21,963 INFO  server.RaftServerConfigKeys (ConfUtils.java:logGet(43)) - raft.server.log.preallocated.size = 16384 (custom)
2019-07-15 13:53:21,964 INFO  server.RaftServerConfigKeys (ConfUtils.java:logGet(43)) - raft.server.log.write.buffer.size = 33554432 (custom)
2019-07-15 13:53:21,964 INFO  server.RaftServerConfigKeys (ConfUtils.java:logGet(43)) - raft.server.log.force.sync.num = 128 (default)
2019-07-15 13:53:21,964 INFO  server.RaftServerConfigKeys (ConfUtils.java:logGet(43)) - raft.server.log.statemachine.data.sync = true (default)
2019-07-15 13:53:21,964 INFO  server.RaftServerConfigKeys (ConfUtils.java:logGet(43)) - raft.server.log.statemachine.data.sync.timeout = 10s (default)
2019-07-15 13:53:21,964 INFO  server.RaftServerConfigKeys (ConfUtils.java:logGet(43)) - raft.server.log.statemachine.data.sync.timeout.retry = -1 (default)
2019-07-15 13:53:21,964 INFO  server.RaftServerConfigKeys (ConfUtils.java:logGet(43)) - raft.server.log.statemachine.data.caching.enabled = true (custom)
2019-07-15 13:53:21,965 INFO  segmented.SegmentedRaftLogWorker (SegmentedRaftLogWorker.java:lambda$new$0(132)) - e26b1dcf-4969-4dad-afea-c8de5ddf4bfa-SegmentedRaftLogWorker:Storage Directory /workdir/hadoop-ozone/integration-test/target/test-dir/MiniOzoneClusterImpl-7365a5b7-4b1d-40e7-b905-3ffc7194d9ee/datanode-3/data/ratis/871c3bec-2e25-4d22-9433-6e039b358451: flushIndex: setUnconditionally 0 -> -1
2019-07-15 13:53:21,965 INFO  server.RaftServerConfigKeys (ConfUtils.java:logGet(43)) - raft.server.snapshot.auto.trigger.enabled = true (custom)
2019-07-15 13:53:21,965 INFO  server.RaftServerConfigKeys (ConfUtils.java:logGet(43)) - raft.server.snapshot.auto.trigger.threshold = 10000 (custom)
2019-07-15 13:53:21,965 INFO  server.RaftServerConfigKeys (ConfUtils.java:logGet(43)) - raft.server.retrycache.expirytime = 600000ms (custom)
2019-07-15 13:53:21,966 INFO  impl.RaftServerImpl (RaftServerImpl.java:start(180)) - e26b1dcf-4969-4dad-afea-c8de5ddf4bfa: start group-6E039B358451
2019-07-15 13:53:21,966 INFO  impl.RaftServerImpl (RaftServerImpl.java:setRole(171)) - e26b1dcf-4969-4dad-afea-c8de5ddf4bfa:group-6E039B358451 changes role from null to FOLLOWER at term 0 for startAsFollower
2019-07-15 13:53:21,966 INFO  impl.RoleInfo (RoleInfo.java:updateAndGet(143)) - e26b1dcf-4969-4dad-afea-c8de5ddf4bfa: start FollowerState
2019-07-15 13:53:21,979 INFO  util.JmxRegister (JmxRegister.java:tryRegister(44)) - Successfully registered JMX Bean with object name Ratis:service=RaftServer,group=group-6E039B358451,id=e26b1dcf-4969-4dad-afea-c8de5ddf4bfa
2019-07-15 13:53:21,990 INFO  pipeline.PipelineStateManager (PipelineStateManager.java:addPipeline(56)) - Created pipeline Pipeline[ Id: 871c3bec-2e25-4d22-9433-6e039b358451, Nodes: e26b1dcf-4969-4dad-afea-c8de5ddf4bfa{ip: 192.168.157.240, host: trunk-nightly-hvlc9-701369690, networkLocation: /default-rack, certSerialId: null}, Type:RATIS, Factor:ONE, State:OPEN]
2019-07-15 13:53:22,092 INFO  node.SCMNodeManager (SCMNodeManager.java:register(269)) - Registered Data node : 20f2f0ae-946f-493f-b338-5eaa42e98f3c{ip: 192.168.157.240, host: trunk-nightly-hvlc9-701369690, networkLocation: /default-rack, certSerialId: null}
2019-07-15 13:53:22,103 INFO  impl.RaftServerProxy (RaftServerProxy.java:addNew(89)) - 20f2f0ae-946f-493f-b338-5eaa42e98f3c: addNew group-793DA08D93C7:[20f2f0ae-946f-493f-b338-5eaa42e98f3c:192.168.157.240:43303] returns group-793DA08D93C7:java.util.concurrent.CompletableFuture@787bc4f3[Not completed]
2019-07-15 13:53:22,104 INFO  impl.RaftServerImpl (RaftServerImpl.java:<init>(93)) - 20f2f0ae-946f-493f-b338-5eaa42e98f3c: new RaftServerImpl for group-793DA08D93C7:[20f2f0ae-946f-493f-b338-5eaa42e98f3c:192.168.157.240:43303] with ContainerStateMachine:uninitialized
2019-07-15 13:53:22,104 INFO  server.RaftServerConfigKeys (ConfUtils.java:logGet(43)) - raft.server.rpc.timeout.min = 5s (custom)
2019-07-15 13:53:22,105 INFO  server.RaftServerConfigKeys (ConfUtils.java:logGet(43)) - raft.server.rpc.timeout.max = 5200ms (custom)
2019-07-15 13:53:22,105 INFO  server.RaftServerConfigKeys (ConfUtils.java:logGet(43)) - raft.server.rpcslowness.timeout = 120s (custom)
2019-07-15 13:53:22,105 INFO  server.RaftServerConfigKeys (ConfUtils.java:logGet(43)) - raft.server.sleep.deviation.threshold = 300 (default)
2019-07-15 13:53:22,105 INFO  server.RaftServerConfigKeys (ConfUtils.java:logGet(43)) - raft.server.log.appender.install.snapshot.enabled = false (custom)
2019-07-15 13:53:22,105 INFO  impl.RaftServerImpl (ServerState.java:<init>(105)) - 20f2f0ae-946f-493f-b338-5eaa42e98f3c:group-793DA08D93C7 ConfigurationManager, init=-1: [20f2f0ae-946f-493f-b338-5eaa42e98f3c:192.168.157.240:43303], old=null, confs=<EMPTY_MAP>
2019-07-15 13:53:22,105 INFO  server.RaftServerConfigKeys (ConfUtils.java:logGet(43)) - raft.server.storage.dir = [/workdir/hadoop-ozone/integration-test/target/test-dir/MiniOzoneClusterImpl-7365a5b7-4b1d-40e7-b905-3ffc7194d9ee/datanode-4/data/ratis] (custom)
2019-07-15 13:53:22,106 INFO  storage.RaftStorageDirectory (RaftStorageDirectory.java:analyzeStorage(246)) - The storage directory /workdir/hadoop-ozone/integration-test/target/test-dir/MiniOzoneClusterImpl-7365a5b7-4b1d-40e7-b905-3ffc7194d9ee/datanode-4/data/ratis/c31ae947-e125-49c3-a106-793da08d93c7 does not exist. Creating ...
2019-07-15 13:53:22,119 INFO  storage.RaftStorageDirectory (RaftStorageDirectory.java:tryLock(328)) - Lock on /workdir/hadoop-ozone/integration-test/target/test-dir/MiniOzoneClusterImpl-7365a5b7-4b1d-40e7-b905-3ffc7194d9ee/datanode-4/data/ratis/c31ae947-e125-49c3-a106-793da08d93c7/in_use.lock acquired by nodename 27196@trunk-nightly-hvlc9-701369690
2019-07-15 13:53:22,133 INFO  storage.RaftStorage (RaftStorage.java:format(72)) - Storage directory /workdir/hadoop-ozone/integration-test/target/test-dir/MiniOzoneClusterImpl-7365a5b7-4b1d-40e7-b905-3ffc7194d9ee/datanode-4/data/ratis/c31ae947-e125-49c3-a106-793da08d93c7 has been successfully formatted.
2019-07-15 13:53:22,133 INFO  ratis.ContainerStateMachine (ContainerStateMachine.java:loadSnapshot(200)) - group-793DA08D93C7: The snapshot info is null. Setting the last applied indexto:(t:0, i:~)
2019-07-15 13:53:22,134 INFO  server.RaftServerConfigKeys (ConfUtils.java:logGet(43)) - raft.server.leader.election.timeout = 120s (custom)
2019-07-15 13:53:22,134 INFO  server.RaftServerConfigKeys (ConfUtils.java:logGet(43)) - raft.server.log.use.memory = false (default)
2019-07-15 13:53:22,134 INFO  server.RaftServerConfigKeys (ConfUtils.java:logGet(43)) - raft.server.log.purge.gap = 1000000000 (custom)
2019-07-15 13:53:22,134 INFO  server.RaftServerConfigKeys (ConfUtils.java:logGet(43)) - raft.server.log.appender.buffer.byte-limit = 33554432 (custom)
2019-07-15 13:53:22,134 INFO  server.RaftServerConfigKeys (ConfUtils.java:logGet(43)) - raft.server.log.segment.size.max = 1048576 (custom)
2019-07-15 13:53:22,134 INFO  server.RaftServerConfigKeys (ConfUtils.java:logGet(43)) - raft.server.log.segment.cache.num.max = 2 (custom)
2019-07-15 13:53:22,135 INFO  segmented.SegmentedRaftLogWorker (SegmentedRaftLogWorker.java:<init>(172)) - new 20f2f0ae-946f-493f-b338-5eaa42e98f3c-SegmentedRaftLogWorker:Storage Directory /workdir/hadoop-ozone/integration-test/target/test-dir/MiniOzoneClusterImpl-7365a5b7-4b1d-40e7-b905-3ffc7194d9ee/datanode-4/data/ratis/c31ae947-e125-49c3-a106-793da08d93c7 for RaftStorage:Storage Directory /workdir/hadoop-ozone/integration-test/target/test-dir/MiniOzoneClusterImpl-7365a5b7-4b1d-40e7-b905-3ffc7194d9ee/datanode-4/data/ratis/c31ae947-e125-49c3-a106-793da08d93c7
2019-07-15 13:53:22,135 INFO  server.RaftServerConfigKeys (ConfUtils.java:logGet(43)) - raft.server.log.queue.byte-limit = 2147483647 (custom)
2019-07-15 13:53:22,135 INFO  server.RaftServerConfigKeys (ConfUtils.java:logGet(43)) - raft.server.log.queue.element-limit = 1024 (custom)
2019-07-15 13:53:22,135 INFO  server.RaftServerConfigKeys (ConfUtils.java:logGet(43)) - raft.server.log.segment.size.max = 1048576 (custom)
2019-07-15 13:53:22,135 INFO  server.RaftServerConfigKeys (ConfUtils.java:logGet(43)) - raft.server.log.preallocated.size = 16384 (custom)
2019-07-15 13:53:22,135 INFO  server.RaftServerConfigKeys (ConfUtils.java:logGet(43)) - raft.server.log.write.buffer.size = 33554432 (custom)
2019-07-15 13:53:22,136 INFO  server.RaftServerConfigKeys (ConfUtils.java:logGet(43)) - raft.server.log.force.sync.num = 128 (default)
2019-07-15 13:53:22,136 INFO  server.RaftServerConfigKeys (ConfUtils.java:logGet(43)) - raft.server.log.statemachine.data.sync = true (default)
2019-07-15 13:53:22,136 INFO  server.RaftServerConfigKeys (ConfUtils.java:logGet(43)) - raft.server.log.statemachine.data.sync.timeout = 10s (default)
2019-07-15 13:53:22,136 INFO  server.RaftServerConfigKeys (ConfUtils.java:logGet(43)) - raft.server.log.statemachine.data.sync.timeout.retry = -1 (default)
2019-07-15 13:53:22,136 INFO  server.RaftServerConfigKeys (ConfUtils.java:logGet(43)) - raft.server.log.statemachine.data.caching.enabled = true (custom)
2019-07-15 13:53:22,137 INFO  segmented.SegmentedRaftLogWorker (SegmentedRaftLogWorker.java:lambda$new$0(132)) - 20f2f0ae-946f-493f-b338-5eaa42e98f3c-SegmentedRaftLogWorker:Storage Directory /workdir/hadoop-ozone/integration-test/target/test-dir/MiniOzoneClusterImpl-7365a5b7-4b1d-40e7-b905-3ffc7194d9ee/datanode-4/data/ratis/c31ae947-e125-49c3-a106-793da08d93c7: flushIndex: setUnconditionally 0 -> -1
2019-07-15 13:53:22,137 INFO  server.RaftServerConfigKeys (ConfUtils.java:logGet(43)) - raft.server.snapshot.auto.trigger.enabled = true (custom)
2019-07-15 13:53:22,137 INFO  server.RaftServerConfigKeys (ConfUtils.java:logGet(43)) - raft.server.snapshot.auto.trigger.threshold = 10000 (custom)
2019-07-15 13:53:22,137 INFO  server.RaftServerConfigKeys (ConfUtils.java:logGet(43)) - raft.server.retrycache.expirytime = 600000ms (custom)
2019-07-15 13:53:22,138 INFO  impl.RaftServerImpl (RaftServerImpl.java:start(180)) - 20f2f0ae-946f-493f-b338-5eaa42e98f3c: start group-793DA08D93C7
2019-07-15 13:53:22,138 INFO  impl.RaftServerImpl (RaftServerImpl.java:setRole(171)) - 20f2f0ae-946f-493f-b338-5eaa42e98f3c:group-793DA08D93C7 changes role from null to FOLLOWER at term 0 for startAsFollower
2019-07-15 13:53:22,138 INFO  impl.RoleInfo (RoleInfo.java:updateAndGet(143)) - 20f2f0ae-946f-493f-b338-5eaa42e98f3c: start FollowerState
2019-07-15 13:53:22,138 INFO  util.JmxRegister (JmxRegister.java:tryRegister(44)) - Successfully registered JMX Bean with object name Ratis:service=RaftServer,group=group-793DA08D93C7,id=20f2f0ae-946f-493f-b338-5eaa42e98f3c
2019-07-15 13:53:22,141 INFO  pipeline.PipelineStateManager (PipelineStateManager.java:addPipeline(56)) - Created pipeline Pipeline[ Id: c31ae947-e125-49c3-a106-793da08d93c7, Nodes: 20f2f0ae-946f-493f-b338-5eaa42e98f3c{ip: 192.168.157.240, host: trunk-nightly-hvlc9-701369690, networkLocation: /default-rack, certSerialId: null}, Type:RATIS, Factor:ONE, State:OPEN]
2019-07-15 13:53:22,289 INFO  node.SCMNodeManager (SCMNodeManager.java:register(269)) - Registered Data node : d2ff130a-f701-4eea-813f-f59bb59348fb{ip: 192.168.157.240, host: trunk-nightly-hvlc9-701369690, networkLocation: /default-rack, certSerialId: null}
2019-07-15 13:53:22,300 INFO  impl.RaftServerProxy (RaftServerProxy.java:addNew(89)) - d2ff130a-f701-4eea-813f-f59bb59348fb: addNew group-CD356BC91D4E:[d2ff130a-f701-4eea-813f-f59bb59348fb:192.168.157.240:46797] returns group-CD356BC91D4E:java.util.concurrent.CompletableFuture@781988f1[Not completed]
2019-07-15 13:53:22,301 INFO  impl.RaftServerImpl (RaftServerImpl.java:<init>(93)) - d2ff130a-f701-4eea-813f-f59bb59348fb: new RaftServerImpl for group-CD356BC91D4E:[d2ff130a-f701-4eea-813f-f59bb59348fb:192.168.157.240:46797] with ContainerStateMachine:uninitialized
2019-07-15 13:53:22,302 INFO  server.RaftServerConfigKeys (ConfUtils.java:logGet(43)) - raft.server.rpc.timeout.min = 5s (custom)
2019-07-15 13:53:22,302 INFO  server.RaftServerConfigKeys (ConfUtils.java:logGet(43)) - raft.server.rpc.timeout.max = 5200ms (custom)
2019-07-15 13:53:22,302 INFO  server.RaftServerConfigKeys (ConfUtils.java:logGet(43)) - raft.server.rpcslowness.timeout = 120s (custom)
2019-07-15 13:53:22,302 INFO  server.RaftServerConfigKeys (ConfUtils.java:logGet(43)) - raft.server.sleep.deviation.threshold = 300 (default)
2019-07-15 13:53:22,302 INFO  server.RaftServerConfigKeys (ConfUtils.java:logGet(43)) - raft.server.log.appender.install.snapshot.enabled = false (custom)
2019-07-15 13:53:22,302 INFO  impl.RaftServerImpl (ServerState.java:<init>(105)) - d2ff130a-f701-4eea-813f-f59bb59348fb:group-CD356BC91D4E ConfigurationManager, init=-1: [d2ff130a-f701-4eea-813f-f59bb59348fb:192.168.157.240:46797], old=null, confs=<EMPTY_MAP>
2019-07-15 13:53:22,302 INFO  server.RaftServerConfigKeys (ConfUtils.java:logGet(43)) - raft.server.storage.dir = [/workdir/hadoop-ozone/integration-test/target/test-dir/MiniOzoneClusterImpl-7365a5b7-4b1d-40e7-b905-3ffc7194d9ee/datanode-5/data/ratis] (custom)
2019-07-15 13:53:22,303 INFO  storage.RaftStorageDirectory (RaftStorageDirectory.java:analyzeStorage(246)) - The storage directory /workdir/hadoop-ozone/integration-test/target/test-dir/MiniOzoneClusterImpl-7365a5b7-4b1d-40e7-b905-3ffc7194d9ee/datanode-5/data/ratis/c3a4040c-5076-4a98-b347-cd356bc91d4e does not exist. Creating ...
2019-07-15 13:53:22,316 INFO  storage.RaftStorageDirectory (RaftStorageDirectory.java:tryLock(328)) - Lock on /workdir/hadoop-ozone/integration-test/target/test-dir/MiniOzoneClusterImpl-7365a5b7-4b1d-40e7-b905-3ffc7194d9ee/datanode-5/data/ratis/c3a4040c-5076-4a98-b347-cd356bc91d4e/in_use.lock acquired by nodename 27196@trunk-nightly-hvlc9-701369690
2019-07-15 13:53:22,338 INFO  storage.RaftStorage (RaftStorage.java:format(72)) - Storage directory /workdir/hadoop-ozone/integration-test/target/test-dir/MiniOzoneClusterImpl-7365a5b7-4b1d-40e7-b905-3ffc7194d9ee/datanode-5/data/ratis/c3a4040c-5076-4a98-b347-cd356bc91d4e has been successfully formatted.
2019-07-15 13:53:22,338 INFO  ratis.ContainerStateMachine (ContainerStateMachine.java:loadSnapshot(200)) - group-CD356BC91D4E: The snapshot info is null. Setting the last applied indexto:(t:0, i:~)
2019-07-15 13:53:22,338 INFO  server.RaftServerConfigKeys (ConfUtils.java:logGet(43)) - raft.server.leader.election.timeout = 120s (custom)
2019-07-15 13:53:22,338 INFO  server.RaftServerConfigKeys (ConfUtils.java:logGet(43)) - raft.server.log.use.memory = false (default)
2019-07-15 13:53:22,338 INFO  server.RaftServerConfigKeys (ConfUtils.java:logGet(43)) - raft.server.log.purge.gap = 1000000000 (custom)
2019-07-15 13:53:22,338 INFO  server.RaftServerConfigKeys (ConfUtils.java:logGet(43)) - raft.server.log.appender.buffer.byte-limit = 33554432 (custom)
2019-07-15 13:53:22,339 INFO  server.RaftServerConfigKeys (ConfUtils.java:logGet(43)) - raft.server.log.segment.size.max = 1048576 (custom)
2019-07-15 13:53:22,339 INFO  server.RaftServerConfigKeys (ConfUtils.java:logGet(43)) - raft.server.log.segment.cache.num.max = 2 (custom)
2019-07-15 13:53:22,339 INFO  segmented.SegmentedRaftLogWorker (SegmentedRaftLogWorker.java:<init>(172)) - new d2ff130a-f701-4eea-813f-f59bb59348fb-SegmentedRaftLogWorker:Storage Directory /workdir/hadoop-ozone/integration-test/target/test-dir/MiniOzoneClusterImpl-7365a5b7-4b1d-40e7-b905-3ffc7194d9ee/datanode-5/data/ratis/c3a4040c-5076-4a98-b347-cd356bc91d4e for RaftStorage:Storage Directory /workdir/hadoop-ozone/integration-test/target/test-dir/MiniOzoneClusterImpl-7365a5b7-4b1d-40e7-b905-3ffc7194d9ee/datanode-5/data/ratis/c3a4040c-5076-4a98-b347-cd356bc91d4e
2019-07-15 13:53:22,339 INFO  server.RaftServerConfigKeys (ConfUtils.java:logGet(43)) - raft.server.log.queue.byte-limit = 2147483647 (custom)
2019-07-15 13:53:22,339 INFO  server.RaftServerConfigKeys (ConfUtils.java:logGet(43)) - raft.server.log.queue.element-limit = 1024 (custom)
2019-07-15 13:53:22,339 INFO  server.RaftServerConfigKeys (ConfUtils.java:logGet(43)) - raft.server.log.segment.size.max = 1048576 (custom)
2019-07-15 13:53:22,340 INFO  server.RaftServerConfigKeys (ConfUtils.java:logGet(43)) - raft.server.log.preallocated.size = 16384 (custom)
2019-07-15 13:53:22,340 INFO  server.RaftServerConfigKeys (ConfUtils.java:logGet(43)) - raft.server.log.write.buffer.size = 33554432 (custom)
2019-07-15 13:53:22,340 INFO  server.RaftServerConfigKeys (ConfUtils.java:logGet(43)) - raft.server.log.force.sync.num = 128 (default)
2019-07-15 13:53:22,340 INFO  server.RaftServerConfigKeys (ConfUtils.java:logGet(43)) - raft.server.log.statemachine.data.sync = true (default)
2019-07-15 13:53:22,340 INFO  server.RaftServerConfigKeys (ConfUtils.java:logGet(43)) - raft.server.log.statemachine.data.sync.timeout = 10s (default)
2019-07-15 13:53:22,340 INFO  server.RaftServerConfigKeys (ConfUtils.java:logGet(43)) - raft.server.log.statemachine.data.sync.timeout.retry = -1 (default)
2019-07-15 13:53:22,341 INFO  server.RaftServerConfigKeys (ConfUtils.java:logGet(43)) - raft.server.log.statemachine.data.caching.enabled = true (custom)
2019-07-15 13:53:22,341 INFO  segmented.SegmentedRaftLogWorker (SegmentedRaftLogWorker.java:lambda$new$0(132)) - d2ff130a-f701-4eea-813f-f59bb59348fb-SegmentedRaftLogWorker:Storage Directory /workdir/hadoop-ozone/integration-test/target/test-dir/MiniOzoneClusterImpl-7365a5b7-4b1d-40e7-b905-3ffc7194d9ee/datanode-5/data/ratis/c3a4040c-5076-4a98-b347-cd356bc91d4e: flushIndex: setUnconditionally 0 -> -1
2019-07-15 13:53:22,341 INFO  server.RaftServerConfigKeys (ConfUtils.java:logGet(43)) - raft.server.snapshot.auto.trigger.enabled = true (custom)
2019-07-15 13:53:22,341 INFO  server.RaftServerConfigKeys (ConfUtils.java:logGet(43)) - raft.server.snapshot.auto.trigger.threshold = 10000 (custom)
2019-07-15 13:53:22,341 INFO  server.RaftServerConfigKeys (ConfUtils.java:logGet(43)) - raft.server.retrycache.expirytime = 600000ms (custom)
2019-07-15 13:53:22,342 INFO  impl.RaftServerImpl (RaftServerImpl.java:start(180)) - d2ff130a-f701-4eea-813f-f59bb59348fb: start group-CD356BC91D4E
2019-07-15 13:53:22,342 INFO  impl.RaftServerImpl (RaftServerImpl.java:setRole(171)) - d2ff130a-f701-4eea-813f-f59bb59348fb:group-CD356BC91D4E changes role from null to FOLLOWER at term 0 for startAsFollower
2019-07-15 13:53:22,342 INFO  impl.RoleInfo (RoleInfo.java:updateAndGet(143)) - d2ff130a-f701-4eea-813f-f59bb59348fb: start FollowerState
2019-07-15 13:53:22,342 INFO  util.JmxRegister (JmxRegister.java:tryRegister(44)) - Successfully registered JMX Bean with object name Ratis:service=RaftServer,group=group-CD356BC91D4E,id=d2ff130a-f701-4eea-813f-f59bb59348fb
2019-07-15 13:53:22,345 INFO  pipeline.PipelineStateManager (PipelineStateManager.java:addPipeline(56)) - Created pipeline Pipeline[ Id: c3a4040c-5076-4a98-b347-cd356bc91d4e, Nodes: d2ff130a-f701-4eea-813f-f59bb59348fb{ip: 192.168.157.240, host: trunk-nightly-hvlc9-701369690, networkLocation: /default-rack, certSerialId: null}, Type:RATIS, Factor:ONE, State:OPEN]
2019-07-15 13:53:22,358 INFO  impl.RaftServerProxy (RaftServerProxy.java:addNew(89)) - e26b1dcf-4969-4dad-afea-c8de5ddf4bfa: addNew group-F3B4F183CD23:[e26b1dcf-4969-4dad-afea-c8de5ddf4bfa:192.168.157.240:33378, d2ff130a-f701-4eea-813f-f59bb59348fb:192.168.157.240:46797, 20f2f0ae-946f-493f-b338-5eaa42e98f3c:192.168.157.240:43303] returns group-F3B4F183CD23:java.util.concurrent.CompletableFuture@2937848a[Not completed]
2019-07-15 13:53:22,358 INFO  impl.RaftServerProxy (RaftServerProxy.java:addNew(89)) - d2ff130a-f701-4eea-813f-f59bb59348fb: addNew group-F3B4F183CD23:[e26b1dcf-4969-4dad-afea-c8de5ddf4bfa:192.168.157.240:33378, d2ff130a-f701-4eea-813f-f59bb59348fb:192.168.157.240:46797, 20f2f0ae-946f-493f-b338-5eaa42e98f3c:192.168.157.240:43303] returns group-F3B4F183CD23:java.util.concurrent.CompletableFuture@56b3dcfd[Not completed]
2019-07-15 13:53:22,358 INFO  impl.RaftServerProxy (RaftServerProxy.java:addNew(89)) - 20f2f0ae-946f-493f-b338-5eaa42e98f3c: addNew group-F3B4F183CD23:[e26b1dcf-4969-4dad-afea-c8de5ddf4bfa:192.168.157.240:33378, d2ff130a-f701-4eea-813f-f59bb59348fb:192.168.157.240:46797, 20f2f0ae-946f-493f-b338-5eaa42e98f3c:192.168.157.240:43303] returns group-F3B4F183CD23:java.util.concurrent.CompletableFuture@3d52ed5[Not completed]
2019-07-15 13:53:22,359 INFO  impl.RaftServerImpl (RaftServerImpl.java:<init>(93)) - e26b1dcf-4969-4dad-afea-c8de5ddf4bfa: new RaftServerImpl for group-F3B4F183CD23:[e26b1dcf-4969-4dad-afea-c8de5ddf4bfa:192.168.157.240:33378, d2ff130a-f701-4eea-813f-f59bb59348fb:192.168.157.240:46797, 20f2f0ae-946f-493f-b338-5eaa42e98f3c:192.168.157.240:43303] with ContainerStateMachine:uninitialized
2019-07-15 13:53:22,359 INFO  server.RaftServerConfigKeys (ConfUtils.java:logGet(43)) - raft.server.rpc.timeout.min = 5s (custom)
2019-07-15 13:53:22,359 INFO  server.RaftServerConfigKeys (ConfUtils.java:logGet(43)) - raft.server.rpc.timeout.max = 5200ms (custom)
2019-07-15 13:53:22,360 INFO  server.RaftServerConfigKeys (ConfUtils.java:logGet(43)) - raft.server.rpcslowness.timeout = 120s (custom)
2019-07-15 13:53:22,360 INFO  server.RaftServerConfigKeys (ConfUtils.java:logGet(43)) - raft.server.sleep.deviation.threshold = 300 (default)
2019-07-15 13:53:22,360 INFO  server.RaftServerConfigKeys (ConfUtils.java:logGet(43)) - raft.server.log.appender.install.snapshot.enabled = false (custom)
2019-07-15 13:53:22,360 INFO  impl.RaftServerImpl (RaftServerImpl.java:<init>(93)) - 20f2f0ae-946f-493f-b338-5eaa42e98f3c: new RaftServerImpl for group-F3B4F183CD23:[e26b1dcf-4969-4dad-afea-c8de5ddf4bfa:192.168.157.240:33378, d2ff130a-f701-4eea-813f-f59bb59348fb:192.168.157.240:46797, 20f2f0ae-946f-493f-b338-5eaa42e98f3c:192.168.157.240:43303] with ContainerStateMachine:uninitialized
2019-07-15 13:53:22,360 INFO  impl.RaftServerImpl (ServerState.java:<init>(105)) - e26b1dcf-4969-4dad-afea-c8de5ddf4bfa:group-F3B4F183CD23 ConfigurationManager, init=-1: [e26b1dcf-4969-4dad-afea-c8de5ddf4bfa:192.168.157.240:33378, d2ff130a-f701-4eea-813f-f59bb59348fb:192.168.157.240:46797, 20f2f0ae-946f-493f-b338-5eaa42e98f3c:192.168.157.240:43303], old=null, confs=<EMPTY_MAP>
2019-07-15 13:53:22,360 INFO  server.RaftServerConfigKeys (ConfUtils.java:logGet(43)) - raft.server.rpc.timeout.min = 5s (custom)
2019-07-15 13:53:22,360 INFO  server.RaftServerConfigKeys (ConfUtils.java:logGet(43)) - raft.server.storage.dir = [/workdir/hadoop-ozone/integration-test/target/test-dir/MiniOzoneClusterImpl-7365a5b7-4b1d-40e7-b905-3ffc7194d9ee/datanode-3/data/ratis] (custom)
2019-07-15 13:53:22,360 INFO  impl.RaftServerImpl (RaftServerImpl.java:<init>(93)) - d2ff130a-f701-4eea-813f-f59bb59348fb: new RaftServerImpl for group-F3B4F183CD23:[e26b1dcf-4969-4dad-afea-c8de5ddf4bfa:192.168.157.240:33378, d2ff130a-f701-4eea-813f-f59bb59348fb:192.168.157.240:46797, 20f2f0ae-946f-493f-b338-5eaa42e98f3c:192.168.157.240:43303] with ContainerStateMachine:uninitialized
2019-07-15 13:53:22,360 INFO  server.RaftServerConfigKeys (ConfUtils.java:logGet(43)) - raft.server.rpc.timeout.max = 5200ms (custom)
2019-07-15 13:53:22,361 INFO  storage.RaftStorageDirectory (RaftStorageDirectory.java:analyzeStorage(246)) - The storage directory /workdir/hadoop-ozone/integration-test/target/test-dir/MiniOzoneClusterImpl-7365a5b7-4b1d-40e7-b905-3ffc7194d9ee/datanode-3/data/ratis/59164355-3b32-42ce-8ae7-f3b4f183cd23 does not exist. Creating ...
2019-07-15 13:53:22,361 INFO  server.RaftServerConfigKeys (ConfUtils.java:logGet(43)) - raft.server.rpc.timeout.min = 5s (custom)
2019-07-15 13:53:22,361 INFO  server.RaftServerConfigKeys (ConfUtils.java:logGet(43)) - raft.server.rpcslowness.timeout = 120s (custom)
2019-07-15 13:53:22,361 INFO  server.RaftServerConfigKeys (ConfUtils.java:logGet(43)) - raft.server.rpc.timeout.max = 5200ms (custom)
2019-07-15 13:53:22,362 INFO  server.RaftServerConfigKeys (ConfUtils.java:logGet(43)) - raft.server.sleep.deviation.threshold = 300 (default)
2019-07-15 13:53:22,362 INFO  server.RaftServerConfigKeys (ConfUtils.java:logGet(43)) - raft.server.rpcslowness.timeout = 120s (custom)
2019-07-15 13:53:22,362 INFO  server.RaftServerConfigKeys (ConfUtils.java:logGet(43)) - raft.server.log.appender.install.snapshot.enabled = false (custom)
2019-07-15 13:53:22,362 INFO  server.RaftServerConfigKeys (ConfUtils.java:logGet(43)) - raft.server.sleep.deviation.threshold = 300 (default)
2019-07-15 13:53:22,362 INFO  impl.RaftServerImpl (ServerState.java:<init>(105)) - 20f2f0ae-946f-493f-b338-5eaa42e98f3c:group-F3B4F183CD23 ConfigurationManager, init=-1: [e26b1dcf-4969-4dad-afea-c8de5ddf4bfa:192.168.157.240:33378, d2ff130a-f701-4eea-813f-f59bb59348fb:192.168.157.240:46797, 20f2f0ae-946f-493f-b338-5eaa42e98f3c:192.168.157.240:43303], old=null, confs=<EMPTY_MAP>
2019-07-15 13:53:22,362 INFO  server.RaftServerConfigKeys (ConfUtils.java:logGet(43)) - raft.server.log.appender.install.snapshot.enabled = false (custom)
2019-07-15 13:53:22,363 INFO  server.RaftServerConfigKeys (ConfUtils.java:logGet(43)) - raft.server.storage.dir = [/workdir/hadoop-ozone/integration-test/target/test-dir/MiniOzoneClusterImpl-7365a5b7-4b1d-40e7-b905-3ffc7194d9ee/datanode-4/data/ratis] (custom)
2019-07-15 13:53:22,363 INFO  impl.RaftServerImpl (ServerState.java:<init>(105)) - d2ff130a-f701-4eea-813f-f59bb59348fb:group-F3B4F183CD23 ConfigurationManager, init=-1: [e26b1dcf-4969-4dad-afea-c8de5ddf4bfa:192.168.157.240:33378, d2ff130a-f701-4eea-813f-f59bb59348fb:192.168.157.240:46797, 20f2f0ae-946f-493f-b338-5eaa42e98f3c:192.168.157.240:43303], old=null, confs=<EMPTY_MAP>
2019-07-15 13:53:22,363 INFO  server.RaftServerConfigKeys (ConfUtils.java:logGet(43)) - raft.server.storage.dir = [/workdir/hadoop-ozone/integration-test/target/test-dir/MiniOzoneClusterImpl-7365a5b7-4b1d-40e7-b905-3ffc7194d9ee/datanode-5/data/ratis] (custom)
2019-07-15 13:53:22,363 INFO  storage.RaftStorageDirectory (RaftStorageDirectory.java:analyzeStorage(246)) - The storage directory /workdir/hadoop-ozone/integration-test/target/test-dir/MiniOzoneClusterImpl-7365a5b7-4b1d-40e7-b905-3ffc7194d9ee/datanode-4/data/ratis/59164355-3b32-42ce-8ae7-f3b4f183cd23 does not exist. Creating ...
2019-07-15 13:53:22,364 INFO  storage.RaftStorageDirectory (RaftStorageDirectory.java:analyzeStorage(246)) - The storage directory /workdir/hadoop-ozone/integration-test/target/test-dir/MiniOzoneClusterImpl-7365a5b7-4b1d-40e7-b905-3ffc7194d9ee/datanode-5/data/ratis/59164355-3b32-42ce-8ae7-f3b4f183cd23 does not exist. Creating ...
2019-07-15 13:53:22,375 INFO  storage.RaftStorageDirectory (RaftStorageDirectory.java:tryLock(328)) - Lock on /workdir/hadoop-ozone/integration-test/target/test-dir/MiniOzoneClusterImpl-7365a5b7-4b1d-40e7-b905-3ffc7194d9ee/datanode-5/data/ratis/59164355-3b32-42ce-8ae7-f3b4f183cd23/in_use.lock acquired by nodename 27196@trunk-nightly-hvlc9-701369690
2019-07-15 13:53:22,375 INFO  storage.RaftStorageDirectory (RaftStorageDirectory.java:tryLock(328)) - Lock on /workdir/hadoop-ozone/integration-test/target/test-dir/MiniOzoneClusterImpl-7365a5b7-4b1d-40e7-b905-3ffc7194d9ee/datanode-3/data/ratis/59164355-3b32-42ce-8ae7-f3b4f183cd23/in_use.lock acquired by nodename 27196@trunk-nightly-hvlc9-701369690
2019-07-15 13:53:22,375 INFO  storage.RaftStorageDirectory (RaftStorageDirectory.java:tryLock(328)) - Lock on /workdir/hadoop-ozone/integration-test/target/test-dir/MiniOzoneClusterImpl-7365a5b7-4b1d-40e7-b905-3ffc7194d9ee/datanode-4/data/ratis/59164355-3b32-42ce-8ae7-f3b4f183cd23/in_use.lock acquired by nodename 27196@trunk-nightly-hvlc9-701369690
2019-07-15 13:53:22,389 INFO  storage.RaftStorage (RaftStorage.java:format(72)) - Storage directory /workdir/hadoop-ozone/integration-test/target/test-dir/MiniOzoneClusterImpl-7365a5b7-4b1d-40e7-b905-3ffc7194d9ee/datanode-3/data/ratis/59164355-3b32-42ce-8ae7-f3b4f183cd23 has been successfully formatted.
2019-07-15 13:53:22,389 INFO  storage.RaftStorage (RaftStorage.java:format(72)) - Storage directory /workdir/hadoop-ozone/integration-test/target/test-dir/MiniOzoneClusterImpl-7365a5b7-4b1d-40e7-b905-3ffc7194d9ee/datanode-4/data/ratis/59164355-3b32-42ce-8ae7-f3b4f183cd23 has been successfully formatted.
2019-07-15 13:53:22,389 INFO  storage.RaftStorage (RaftStorage.java:format(72)) - Storage directory /workdir/hadoop-ozone/integration-test/target/test-dir/MiniOzoneClusterImpl-7365a5b7-4b1d-40e7-b905-3ffc7194d9ee/datanode-5/data/ratis/59164355-3b32-42ce-8ae7-f3b4f183cd23 has been successfully formatted.
2019-07-15 13:53:22,389 INFO  ratis.ContainerStateMachine (ContainerStateMachine.java:loadSnapshot(200)) - group-F3B4F183CD23: The snapshot info is null. Setting the last applied indexto:(t:0, i:~)
2019-07-15 13:53:22,389 INFO  ratis.ContainerStateMachine (ContainerStateMachine.java:loadSnapshot(200)) - group-F3B4F183CD23: The snapshot info is null. Setting the last applied indexto:(t:0, i:~)
2019-07-15 13:53:22,390 INFO  server.RaftServerConfigKeys (ConfUtils.java:logGet(43)) - raft.server.leader.election.timeout = 120s (custom)
2019-07-15 13:53:22,390 INFO  ratis.ContainerStateMachine (ContainerStateMachine.java:loadSnapshot(200)) - group-F3B4F183CD23: The snapshot info is null. Setting the last applied indexto:(t:0, i:~)
2019-07-15 13:53:22,390 INFO  server.RaftServerConfigKeys (ConfUtils.java:logGet(43)) - raft.server.log.use.memory = false (default)
2019-07-15 13:53:22,390 INFO  server.RaftServerConfigKeys (ConfUtils.java:logGet(43)) - raft.server.log.purge.gap = 1000000000 (custom)
2019-07-15 13:53:22,390 INFO  server.RaftServerConfigKeys (ConfUtils.java:logGet(43)) - raft.server.leader.election.timeout = 120s (custom)
2019-07-15 13:53:22,390 INFO  server.RaftServerConfigKeys (ConfUtils.java:logGet(43)) - raft.server.log.appender.buffer.byte-limit = 33554432 (custom)
2019-07-15 13:53:22,390 INFO  server.RaftServerConfigKeys (ConfUtils.java:logGet(43)) - raft.server.leader.election.timeout = 120s (custom)
2019-07-15 13:53:22,391 INFO  server.RaftServerConfigKeys (ConfUtils.java:logGet(43)) - raft.server.log.segment.size.max = 1048576 (custom)
2019-07-15 13:53:22,391 INFO  server.RaftServerConfigKeys (ConfUtils.java:logGet(43)) - raft.server.log.segment.cache.num.max = 2 (custom)
2019-07-15 13:53:22,391 INFO  server.RaftServerConfigKeys (ConfUtils.java:logGet(43)) - raft.server.log.use.memory = false (default)
2019-07-15 13:53:22,391 INFO  segmented.SegmentedRaftLogWorker (SegmentedRaftLogWorker.java:<init>(172)) - new 20f2f0ae-946f-493f-b338-5eaa42e98f3c-SegmentedRaftLogWorker:Storage Directory /workdir/hadoop-ozone/integration-test/target/test-dir/MiniOzoneClusterImpl-7365a5b7-4b1d-40e7-b905-3ffc7194d9ee/datanode-4/data/ratis/59164355-3b32-42ce-8ae7-f3b4f183cd23 for RaftStorage:Storage Directory /workdir/hadoop-ozone/integration-test/target/test-dir/MiniOzoneClusterImpl-7365a5b7-4b1d-40e7-b905-3ffc7194d9ee/datanode-4/data/ratis/59164355-3b32-42ce-8ae7-f3b4f183cd23
2019-07-15 13:53:22,391 INFO  server.RaftServerConfigKeys (ConfUtils.java:logGet(43)) - raft.server.log.use.memory = false (default)
2019-07-15 13:53:22,392 INFO  server.RaftServerConfigKeys (ConfUtils.java:logGet(43)) - raft.server.log.queue.byte-limit = 2147483647 (custom)
2019-07-15 13:53:22,392 INFO  server.RaftServerConfigKeys (ConfUtils.java:logGet(43)) - raft.server.log.purge.gap = 1000000000 (custom)
2019-07-15 13:53:22,392 INFO  server.RaftServerConfigKeys (ConfUtils.java:logGet(43)) - raft.server.log.queue.element-limit = 1024 (custom)
2019-07-15 13:53:22,392 INFO  server.RaftServerConfigKeys (ConfUtils.java:logGet(43)) - raft.server.log.purge.gap = 1000000000 (custom)
2019-07-15 13:53:22,392 INFO  server.RaftServerConfigKeys (ConfUtils.java:logGet(43)) - raft.server.log.segment.size.max = 1048576 (custom)
2019-07-15 13:53:22,393 INFO  server.RaftServerConfigKeys (ConfUtils.java:logGet(43)) - raft.server.log.preallocated.size = 16384 (custom)
2019-07-15 13:53:22,392 INFO  server.RaftServerConfigKeys (ConfUtils.java:logGet(43)) - raft.server.log.appender.buffer.byte-limit = 33554432 (custom)
2019-07-15 13:53:22,393 INFO  server.RaftServerConfigKeys (ConfUtils.java:logGet(43)) - raft.server.log.write.buffer.size = 33554432 (custom)
2019-07-15 13:53:22,393 INFO  server.RaftServerConfigKeys (ConfUtils.java:logGet(43)) - raft.server.log.force.sync.num = 128 (default)
2019-07-15 13:53:22,393 INFO  server.RaftServerConfigKeys (ConfUtils.java:logGet(43)) - raft.server.log.appender.buffer.byte-limit = 33554432 (custom)
2019-07-15 13:53:22,393 INFO  server.RaftServerConfigKeys (ConfUtils.java:logGet(43)) - raft.server.log.statemachine.data.sync = true (default)
2019-07-15 13:53:22,393 INFO  server.RaftServerConfigKeys (ConfUtils.java:logGet(43)) - raft.server.log.segment.size.max = 1048576 (custom)
2019-07-15 13:53:22,394 INFO  server.RaftServerConfigKeys (ConfUtils.java:logGet(43)) - raft.server.log.statemachine.data.sync.timeout = 10s (default)
2019-07-15 13:53:22,394 INFO  server.RaftServerConfigKeys (ConfUtils.java:logGet(43)) - raft.server.log.segment.size.max = 1048576 (custom)
2019-07-15 13:53:22,394 INFO  server.RaftServerConfigKeys (ConfUtils.java:logGet(43)) - raft.server.log.statemachine.data.sync.timeout.retry = -1 (default)
2019-07-15 13:53:22,394 INFO  server.RaftServerConfigKeys (ConfUtils.java:logGet(43)) - raft.server.log.segment.cache.num.max = 2 (custom)
2019-07-15 13:53:22,394 INFO  server.RaftServerConfigKeys (ConfUtils.java:logGet(43)) - raft.server.log.statemachine.data.caching.enabled = true (custom)
2019-07-15 13:53:22,394 INFO  server.RaftServerConfigKeys (ConfUtils.java:logGet(43)) - raft.server.log.segment.cache.num.max = 2 (custom)
2019-07-15 13:53:22,394 INFO  segmented.SegmentedRaftLogWorker (SegmentedRaftLogWorker.java:<init>(172)) - new e26b1dcf-4969-4dad-afea-c8de5ddf4bfa-SegmentedRaftLogWorker:Storage Directory /workdir/hadoop-ozone/integration-test/target/test-dir/MiniOzoneClusterImpl-7365a5b7-4b1d-40e7-b905-3ffc7194d9ee/datanode-3/data/ratis/59164355-3b32-42ce-8ae7-f3b4f183cd23 for RaftStorage:Storage Directory /workdir/hadoop-ozone/integration-test/target/test-dir/MiniOzoneClusterImpl-7365a5b7-4b1d-40e7-b905-3ffc7194d9ee/datanode-3/data/ratis/59164355-3b32-42ce-8ae7-f3b4f183cd23
2019-07-15 13:53:22,395 INFO  segmented.SegmentedRaftLogWorker (SegmentedRaftLogWorker.java:lambda$new$0(132)) - 20f2f0ae-946f-493f-b338-5eaa42e98f3c-SegmentedRaftLogWorker:Storage Directory /workdir/hadoop-ozone/integration-test/target/test-dir/MiniOzoneClusterImpl-7365a5b7-4b1d-40e7-b905-3ffc7194d9ee/datanode-4/data/ratis/59164355-3b32-42ce-8ae7-f3b4f183cd23: flushIndex: setUnconditionally 0 -> -1
2019-07-15 13:53:22,395 INFO  segmented.SegmentedRaftLogWorker (SegmentedRaftLogWorker.java:<init>(172)) - new d2ff130a-f701-4eea-813f-f59bb59348fb-SegmentedRaftLogWorker:Storage Directory /workdir/hadoop-ozone/integration-test/target/test-dir/MiniOzoneClusterImpl-7365a5b7-4b1d-40e7-b905-3ffc7194d9ee/datanode-5/data/ratis/59164355-3b32-42ce-8ae7-f3b4f183cd23 for RaftStorage:Storage Directory /workdir/hadoop-ozone/integration-test/target/test-dir/MiniOzoneClusterImpl-7365a5b7-4b1d-40e7-b905-3ffc7194d9ee/datanode-5/data/ratis/59164355-3b32-42ce-8ae7-f3b4f183cd23
2019-07-15 13:53:22,395 INFO  server.RaftServerConfigKeys (ConfUtils.java:logGet(43)) - raft.server.log.queue.byte-limit = 2147483647 (custom)
2019-07-15 13:53:22,395 INFO  server.RaftServerConfigKeys (ConfUtils.java:logGet(43)) - raft.server.snapshot.auto.trigger.enabled = true (custom)
2019-07-15 13:53:22,395 INFO  server.RaftServerConfigKeys (ConfUtils.java:logGet(43)) - raft.server.log.queue.byte-limit = 2147483647 (custom)
2019-07-15 13:53:22,396 INFO  server.RaftServerConfigKeys (ConfUtils.java:logGet(43)) - raft.server.snapshot.auto.trigger.threshold = 10000 (custom)
2019-07-15 13:53:22,395 INFO  server.RaftServerConfigKeys (ConfUtils.java:logGet(43)) - raft.server.log.queue.element-limit = 1024 (custom)
2019-07-15 13:53:22,396 INFO  server.RaftServerConfigKeys (ConfUtils.java:logGet(43)) - raft.server.retrycache.expirytime = 600000ms (custom)
2019-07-15 13:53:22,396 INFO  server.RaftServerConfigKeys (ConfUtils.java:logGet(43)) - raft.server.log.queue.element-limit = 1024 (custom)
2019-07-15 13:53:22,396 INFO  impl.RaftServerImpl (RaftServerImpl.java:start(180)) - 20f2f0ae-946f-493f-b338-5eaa42e98f3c: start group-F3B4F183CD23
2019-07-15 13:53:22,397 INFO  impl.RaftServerImpl (RaftServerImpl.java:setRole(171)) - 20f2f0ae-946f-493f-b338-5eaa42e98f3c:group-F3B4F183CD23 changes role from null to FOLLOWER at term 0 for startAsFollower
2019-07-15 13:53:22,396 INFO  server.RaftServerConfigKeys (ConfUtils.java:logGet(43)) - raft.server.log.segment.size.max = 1048576 (custom)
2019-07-15 13:53:22,397 INFO  impl.RoleInfo (RoleInfo.java:updateAndGet(143)) - 20f2f0ae-946f-493f-b338-5eaa42e98f3c: start FollowerState
2019-07-15 13:53:22,397 INFO  server.RaftServerConfigKeys (ConfUtils.java:logGet(43)) - raft.server.log.segment.size.max = 1048576 (custom)
2019-07-15 13:53:22,397 INFO  server.RaftServerConfigKeys (ConfUtils.java:logGet(43)) - raft.server.log.preallocated.size = 16384 (custom)
2019-07-15 13:53:22,397 INFO  server.RaftServerConfigKeys (ConfUtils.java:logGet(43)) - raft.server.log.preallocated.size = 16384 (custom)
2019-07-15 13:53:22,398 INFO  util.JmxRegister (JmxRegister.java:tryRegister(44)) - Successfully registered JMX Bean with object name Ratis:service=RaftServer,group=group-F3B4F183CD23,id=20f2f0ae-946f-493f-b338-5eaa42e98f3c
2019-07-15 13:53:22,398 INFO  server.RaftServerConfigKeys (ConfUtils.java:logGet(43)) - raft.server.log.write.buffer.size = 33554432 (custom)
2019-07-15 13:53:22,398 INFO  server.RaftServerConfigKeys (ConfUtils.java:logGet(43)) - raft.server.log.write.buffer.size = 33554432 (custom)
2019-07-15 13:53:22,398 INFO  server.RaftServerConfigKeys (ConfUtils.java:logGet(43)) - raft.server.log.force.sync.num = 128 (default)
2019-07-15 13:53:22,398 INFO  server.RaftServerConfigKeys (ConfUtils.java:logGet(43)) - raft.server.log.force.sync.num = 128 (default)
2019-07-15 13:53:22,398 INFO  server.RaftServerConfigKeys (ConfUtils.java:logGet(43)) - raft.server.log.statemachine.data.sync = true (default)
2019-07-15 13:53:22,398 INFO  server.RaftServerConfigKeys (ConfUtils.java:logGet(43)) - raft.server.log.statemachine.data.sync = true (default)
2019-07-15 13:53:22,399 INFO  server.RaftServerConfigKeys (ConfUtils.java:logGet(43)) - raft.server.log.statemachine.data.sync.timeout = 10s (default)
2019-07-15 13:53:22,399 INFO  server.RaftServerConfigKeys (ConfUtils.java:logGet(43)) - raft.server.log.statemachine.data.sync.timeout = 10s (default)
2019-07-15 13:53:22,399 INFO  server.RaftServerConfigKeys (ConfUtils.java:logGet(43)) - raft.server.log.statemachine.data.sync.timeout.retry = -1 (default)
2019-07-15 13:53:22,399 INFO  server.RaftServerConfigKeys (ConfUtils.java:logGet(43)) - raft.server.log.statemachine.data.sync.timeout.retry = -1 (default)
2019-07-15 13:53:22,399 INFO  server.RaftServerConfigKeys (ConfUtils.java:logGet(43)) - raft.server.log.statemachine.data.caching.enabled = true (custom)
2019-07-15 13:53:22,399 INFO  server.RaftServerConfigKeys (ConfUtils.java:logGet(43)) - raft.server.log.statemachine.data.caching.enabled = true (custom)
2019-07-15 13:53:22,400 INFO  segmented.SegmentedRaftLogWorker (SegmentedRaftLogWorker.java:lambda$new$0(132)) - e26b1dcf-4969-4dad-afea-c8de5ddf4bfa-SegmentedRaftLogWorker:Storage Directory /workdir/hadoop-ozone/integration-test/target/test-dir/MiniOzoneClusterImpl-7365a5b7-4b1d-40e7-b905-3ffc7194d9ee/datanode-3/data/ratis/59164355-3b32-42ce-8ae7-f3b4f183cd23: flushIndex: setUnconditionally 0 -> -1
2019-07-15 13:53:22,400 INFO  segmented.SegmentedRaftLogWorker (SegmentedRaftLogWorker.java:lambda$new$0(132)) - d2ff130a-f701-4eea-813f-f59bb59348fb-SegmentedRaftLogWorker:Storage Directory /workdir/hadoop-ozone/integration-test/target/test-dir/MiniOzoneClusterImpl-7365a5b7-4b1d-40e7-b905-3ffc7194d9ee/datanode-5/data/ratis/59164355-3b32-42ce-8ae7-f3b4f183cd23: flushIndex: setUnconditionally 0 -> -1
2019-07-15 13:53:22,400 INFO  server.RaftServerConfigKeys (ConfUtils.java:logGet(43)) - raft.server.snapshot.auto.trigger.enabled = true (custom)
2019-07-15 13:53:22,400 INFO  server.RaftServerConfigKeys (ConfUtils.java:logGet(43)) - raft.server.snapshot.auto.trigger.threshold = 10000 (custom)
2019-07-15 13:53:22,400 INFO  server.RaftServerConfigKeys (ConfUtils.java:logGet(43)) - raft.server.snapshot.auto.trigger.enabled = true (custom)
2019-07-15 13:53:22,400 INFO  server.RaftServerConfigKeys (ConfUtils.java:logGet(43)) - raft.server.retrycache.expirytime = 600000ms (custom)
2019-07-15 13:53:22,400 INFO  server.RaftServerConfigKeys (ConfUtils.java:logGet(43)) - raft.server.snapshot.auto.trigger.threshold = 10000 (custom)
2019-07-15 13:53:22,401 INFO  impl.RaftServerImpl (RaftServerImpl.java:start(180)) - e26b1dcf-4969-4dad-afea-c8de5ddf4bfa: start group-F3B4F183CD23
2019-07-15 13:53:22,401 INFO  server.RaftServerConfigKeys (ConfUtils.java:logGet(43)) - raft.server.retrycache.expirytime = 600000ms (custom)
2019-07-15 13:53:22,401 INFO  impl.RaftServerImpl (RaftServerImpl.java:setRole(171)) - e26b1dcf-4969-4dad-afea-c8de5ddf4bfa:group-F3B4F183CD23 changes role from null to FOLLOWER at term 0 for startAsFollower
2019-07-15 13:53:22,401 INFO  impl.RaftServerImpl (RaftServerImpl.java:start(180)) - d2ff130a-f701-4eea-813f-f59bb59348fb: start group-F3B4F183CD23
2019-07-15 13:53:22,401 INFO  impl.RoleInfo (RoleInfo.java:updateAndGet(143)) - e26b1dcf-4969-4dad-afea-c8de5ddf4bfa: start FollowerState
2019-07-15 13:53:22,401 INFO  impl.RaftServerImpl (RaftServerImpl.java:setRole(171)) - d2ff130a-f701-4eea-813f-f59bb59348fb:group-F3B4F183CD23 changes role from null to FOLLOWER at term 0 for startAsFollower
2019-07-15 13:53:22,401 INFO  impl.RoleInfo (RoleInfo.java:updateAndGet(143)) - d2ff130a-f701-4eea-813f-f59bb59348fb: start FollowerState
2019-07-15 13:53:22,402 INFO  util.JmxRegister (JmxRegister.java:tryRegister(44)) - Successfully registered JMX Bean with object name Ratis:service=RaftServer,group=group-F3B4F183CD23,id=e26b1dcf-4969-4dad-afea-c8de5ddf4bfa
2019-07-15 13:53:22,402 INFO  util.JmxRegister (JmxRegister.java:tryRegister(44)) - Successfully registered JMX Bean with object name Ratis:service=RaftServer,group=group-F3B4F183CD23,id=d2ff130a-f701-4eea-813f-f59bb59348fb
2019-07-15 13:53:22,404 INFO  pipeline.PipelineStateManager (PipelineStateManager.java:addPipeline(56)) - Created pipeline Pipeline[ Id: 59164355-3b32-42ce-8ae7-f3b4f183cd23, Nodes: e26b1dcf-4969-4dad-afea-c8de5ddf4bfa{ip: 192.168.157.240, host: trunk-nightly-hvlc9-701369690, networkLocation: /default-rack, certSerialId: null}d2ff130a-f701-4eea-813f-f59bb59348fb{ip: 192.168.157.240, host: trunk-nightly-hvlc9-701369690, networkLocation: /default-rack, certSerialId: null}20f2f0ae-946f-493f-b338-5eaa42e98f3c{ip: 192.168.157.240, host: trunk-nightly-hvlc9-701369690, networkLocation: /default-rack, certSerialId: null}, Type:RATIS, Factor:THREE, State:OPEN]
2019-07-15 13:53:22,459 INFO  ozone.MiniOzoneClusterImpl (MiniOzoneClusterImpl.java:lambda$waitForClusterToBeReady$0(142)) - Waiting for cluster to be ready. Got 6 of 7 DN Heartbeats.
2019-07-15 13:53:22,461 INFO  node.SCMNodeManager (SCMNodeManager.java:register(269)) - Registered Data node : 8b8e08b0-e0f1-4c07-b962-f9f3ecf08e26{ip: 192.168.157.240, host: trunk-nightly-hvlc9-701369690, networkLocation: /default-rack, certSerialId: null}
2019-07-15 13:53:22,478 INFO  impl.RaftServerProxy (RaftServerProxy.java:addNew(89)) - 8b8e08b0-e0f1-4c07-b962-f9f3ecf08e26: addNew group-3861C6F488AB:[8b8e08b0-e0f1-4c07-b962-f9f3ecf08e26:192.168.157.240:44282] returns group-3861C6F488AB:java.util.concurrent.CompletableFuture@8f90649[Not completed]
2019-07-15 13:53:22,479 INFO  impl.RaftServerImpl (RaftServerImpl.java:<init>(93)) - 8b8e08b0-e0f1-4c07-b962-f9f3ecf08e26: new RaftServerImpl for group-3861C6F488AB:[8b8e08b0-e0f1-4c07-b962-f9f3ecf08e26:192.168.157.240:44282] with ContainerStateMachine:uninitialized
2019-07-15 13:53:22,480 INFO  server.RaftServerConfigKeys (ConfUtils.java:logGet(43)) - raft.server.rpc.timeout.min = 5s (custom)
2019-07-15 13:53:22,480 INFO  server.RaftServerConfigKeys (ConfUtils.java:logGet(43)) - raft.server.rpc.timeout.max = 5200ms (custom)
2019-07-15 13:53:22,480 INFO  server.RaftServerConfigKeys (ConfUtils.java:logGet(43)) - raft.server.rpcslowness.timeout = 120s (custom)
2019-07-15 13:53:22,480 INFO  server.RaftServerConfigKeys (ConfUtils.java:logGet(43)) - raft.server.sleep.deviation.threshold = 300 (default)
2019-07-15 13:53:22,480 INFO  server.RaftServerConfigKeys (ConfUtils.java:logGet(43)) - raft.server.log.appender.install.snapshot.enabled = false (custom)
2019-07-15 13:53:22,481 INFO  impl.RaftServerImpl (ServerState.java:<init>(105)) - 8b8e08b0-e0f1-4c07-b962-f9f3ecf08e26:group-3861C6F488AB ConfigurationManager, init=-1: [8b8e08b0-e0f1-4c07-b962-f9f3ecf08e26:192.168.157.240:44282], old=null, confs=<EMPTY_MAP>
2019-07-15 13:53:22,481 INFO  server.RaftServerConfigKeys (ConfUtils.java:logGet(43)) - raft.server.storage.dir = [/workdir/hadoop-ozone/integration-test/target/test-dir/MiniOzoneClusterImpl-7365a5b7-4b1d-40e7-b905-3ffc7194d9ee/datanode-6/data/ratis] (custom)
2019-07-15 13:53:22,481 INFO  storage.RaftStorageDirectory (RaftStorageDirectory.java:analyzeStorage(246)) - The storage directory /workdir/hadoop-ozone/integration-test/target/test-dir/MiniOzoneClusterImpl-7365a5b7-4b1d-40e7-b905-3ffc7194d9ee/datanode-6/data/ratis/4b8691a5-e403-48fc-a003-3861c6f488ab does not exist. Creating ...
2019-07-15 13:53:22,495 INFO  storage.RaftStorageDirectory (RaftStorageDirectory.java:tryLock(328)) - Lock on /workdir/hadoop-ozone/integration-test/target/test-dir/MiniOzoneClusterImpl-7365a5b7-4b1d-40e7-b905-3ffc7194d9ee/datanode-6/data/ratis/4b8691a5-e403-48fc-a003-3861c6f488ab/in_use.lock acquired by nodename 27196@trunk-nightly-hvlc9-701369690
2019-07-15 13:53:22,507 INFO  storage.RaftStorage (RaftStorage.java:format(72)) - Storage directory /workdir/hadoop-ozone/integration-test/target/test-dir/MiniOzoneClusterImpl-7365a5b7-4b1d-40e7-b905-3ffc7194d9ee/datanode-6/data/ratis/4b8691a5-e403-48fc-a003-3861c6f488ab has been successfully formatted.
2019-07-15 13:53:22,508 INFO  ratis.ContainerStateMachine (ContainerStateMachine.java:loadSnapshot(200)) - group-3861C6F488AB: The snapshot info is null. Setting the last applied indexto:(t:0, i:~)
2019-07-15 13:53:22,508 INFO  server.RaftServerConfigKeys (ConfUtils.java:logGet(43)) - raft.server.leader.election.timeout = 120s (custom)
2019-07-15 13:53:22,508 INFO  server.RaftServerConfigKeys (ConfUtils.java:logGet(43)) - raft.server.log.use.memory = false (default)
2019-07-15 13:53:22,508 INFO  server.RaftServerConfigKeys (ConfUtils.java:logGet(43)) - raft.server.log.purge.gap = 1000000000 (custom)
2019-07-15 13:53:22,508 INFO  server.RaftServerConfigKeys (ConfUtils.java:logGet(43)) - raft.server.log.appender.buffer.byte-limit = 33554432 (custom)
2019-07-15 13:53:22,509 INFO  server.RaftServerConfigKeys (ConfUtils.java:logGet(43)) - raft.server.log.segment.size.max = 1048576 (custom)
2019-07-15 13:53:22,509 INFO  server.RaftServerConfigKeys (ConfUtils.java:logGet(43)) - raft.server.log.segment.cache.num.max = 2 (custom)
2019-07-15 13:53:22,509 INFO  segmented.SegmentedRaftLogWorker (SegmentedRaftLogWorker.java:<init>(172)) - new 8b8e08b0-e0f1-4c07-b962-f9f3ecf08e26-SegmentedRaftLogWorker:Storage Directory /workdir/hadoop-ozone/integration-test/target/test-dir/MiniOzoneClusterImpl-7365a5b7-4b1d-40e7-b905-3ffc7194d9ee/datanode-6/data/ratis/4b8691a5-e403-48fc-a003-3861c6f488ab for RaftStorage:Storage Directory /workdir/hadoop-ozone/integration-test/target/test-dir/MiniOzoneClusterImpl-7365a5b7-4b1d-40e7-b905-3ffc7194d9ee/datanode-6/data/ratis/4b8691a5-e403-48fc-a003-3861c6f488ab
2019-07-15 13:53:22,509 INFO  server.RaftServerConfigKeys (ConfUtils.java:logGet(43)) - raft.server.log.queue.byte-limit = 2147483647 (custom)
2019-07-15 13:53:22,509 INFO  server.RaftServerConfigKeys (ConfUtils.java:logGet(43)) - raft.server.log.queue.element-limit = 1024 (custom)
2019-07-15 13:53:22,510 INFO  server.RaftServerConfigKeys (ConfUtils.java:logGet(43)) - raft.server.log.segment.size.max = 1048576 (custom)
2019-07-15 13:53:22,510 INFO  server.RaftServerConfigKeys (ConfUtils.java:logGet(43)) - raft.server.log.preallocated.size = 16384 (custom)
2019-07-15 13:53:22,510 INFO  server.RaftServerConfigKeys (ConfUtils.java:logGet(43)) - raft.server.log.write.buffer.size = 33554432 (custom)
2019-07-15 13:53:22,510 INFO  server.RaftServerConfigKeys (ConfUtils.java:logGet(43)) - raft.server.log.force.sync.num = 128 (default)
2019-07-15 13:53:22,510 INFO  server.RaftServerConfigKeys (ConfUtils.java:logGet(43)) - raft.server.log.statemachine.data.sync = true (default)
2019-07-15 13:53:22,510 INFO  server.RaftServerConfigKeys (ConfUtils.java:logGet(43)) - raft.server.log.statemachine.data.sync.timeout = 10s (default)
2019-07-15 13:53:22,510 INFO  server.RaftServerConfigKeys (ConfUtils.java:logGet(43)) - raft.server.log.statemachine.data.sync.timeout.retry = -1 (default)
2019-07-15 13:53:22,511 INFO  server.RaftServerConfigKeys (ConfUtils.java:logGet(43)) - raft.server.log.statemachine.data.caching.enabled = true (custom)
2019-07-15 13:53:22,511 INFO  segmented.SegmentedRaftLogWorker (SegmentedRaftLogWorker.java:lambda$new$0(132)) - 8b8e08b0-e0f1-4c07-b962-f9f3ecf08e26-SegmentedRaftLogWorker:Storage Directory /workdir/hadoop-ozone/integration-test/target/test-dir/MiniOzoneClusterImpl-7365a5b7-4b1d-40e7-b905-3ffc7194d9ee/datanode-6/data/ratis/4b8691a5-e403-48fc-a003-3861c6f488ab: flushIndex: setUnconditionally 0 -> -1
2019-07-15 13:53:22,512 INFO  server.RaftServerConfigKeys (ConfUtils.java:logGet(43)) - raft.server.snapshot.auto.trigger.enabled = true (custom)
2019-07-15 13:53:22,512 INFO  server.RaftServerConfigKeys (ConfUtils.java:logGet(43)) - raft.server.snapshot.auto.trigger.threshold = 10000 (custom)
2019-07-15 13:53:22,512 INFO  server.RaftServerConfigKeys (ConfUtils.java:logGet(43)) - raft.server.retrycache.expirytime = 600000ms (custom)
2019-07-15 13:53:22,512 INFO  impl.RaftServerImpl (RaftServerImpl.java:start(180)) - 8b8e08b0-e0f1-4c07-b962-f9f3ecf08e26: start group-3861C6F488AB
2019-07-15 13:53:22,512 INFO  impl.RaftServerImpl (RaftServerImpl.java:setRole(171)) - 8b8e08b0-e0f1-4c07-b962-f9f3ecf08e26:group-3861C6F488AB changes role from null to FOLLOWER at term 0 for startAsFollower
2019-07-15 13:53:22,512 INFO  impl.RoleInfo (RoleInfo.java:updateAndGet(143)) - 8b8e08b0-e0f1-4c07-b962-f9f3ecf08e26: start FollowerState
2019-07-15 13:53:22,513 INFO  util.JmxRegister (JmxRegister.java:tryRegister(44)) - Successfully registered JMX Bean with object name Ratis:service=RaftServer,group=group-3861C6F488AB,id=8b8e08b0-e0f1-4c07-b962-f9f3ecf08e26
2019-07-15 13:53:22,515 INFO  pipeline.PipelineStateManager (PipelineStateManager.java:addPipeline(56)) - Created pipeline Pipeline[ Id: 4b8691a5-e403-48fc-a003-3861c6f488ab, Nodes: 8b8e08b0-e0f1-4c07-b962-f9f3ecf08e26{ip: 192.168.157.240, host: trunk-nightly-hvlc9-701369690, networkLocation: /default-rack, certSerialId: null}, Type:RATIS, Factor:ONE, State:OPEN]
2019-07-15 13:53:23,460 INFO  ozone.MiniOzoneClusterImpl (MiniOzoneClusterImpl.java:lambda$waitForClusterToBeReady$0(142)) - Cluster is ready. Got 7 of 7 DN Heartbeats.
2019-07-15 13:53:23,500 INFO  rpc.RpcClient (RpcClient.java:createVolume(287)) - Creating Volume: testblockoutputstream, with jenkins1000 as owner.
2019-07-15 13:53:23,515 INFO  rpc.RpcClient (RpcClient.java:createBucket(424)) - Creating Bucket: testblockoutputstream/testblockoutputstream, with Versioning false and Storage Type set to DISK and Encryption set to false 
2019-07-15 13:53:23,543 INFO  client.GrpcClientProtocolClient (GrpcClientProtocolClient.java:onNext(255)) - client-18D8D3B8A431->e26b1dcf-4969-4dad-afea-c8de5ddf4bfa: receive RaftClientReply:client-18D8D3B8A431->e26b1dcf-4969-4dad-afea-c8de5ddf4bfa@group-F3B4F183CD23, cid=176, FAILED org.apache.ratis.protocol.NotLeaderException: Server e26b1dcf-4969-4dad-afea-c8de5ddf4bfa is not the leader (null). Request must be sent to leader., logIndex=0, commits[e26b1dcf-4969-4dad-afea-c8de5ddf4bfa:c-1]
2019-07-15 13:53:24,283 INFO  container.ReplicationManager (ReplicationManager.java:start(155)) - Starting Replication Monitor Thread.
2019-07-15 13:53:24,287 INFO  container.ReplicationManager (ReplicationManager.java:run(207)) - Replication Monitor Thread took 0 milliseconds for processing 1 containers.
2019-07-15 13:53:24,562 INFO  client.GrpcClientProtocolClient (GrpcClientProtocolClient.java:onNext(255)) - client-18D8D3B8A431->20f2f0ae-946f-493f-b338-5eaa42e98f3c: receive RaftClientReply:client-18D8D3B8A431->20f2f0ae-946f-493f-b338-5eaa42e98f3c@group-F3B4F183CD23, cid=176, FAILED org.apache.ratis.protocol.NotLeaderException: Server 20f2f0ae-946f-493f-b338-5eaa42e98f3c is not the leader (null). Request must be sent to leader., logIndex=0, commits[20f2f0ae-946f-493f-b338-5eaa42e98f3c:c-1]
2019-07-15 13:53:25,572 INFO  client.GrpcClientProtocolClient (GrpcClientProtocolClient.java:onNext(255)) - client-18D8D3B8A431->e26b1dcf-4969-4dad-afea-c8de5ddf4bfa: receive RaftClientReply:client-18D8D3B8A431->e26b1dcf-4969-4dad-afea-c8de5ddf4bfa@group-F3B4F183CD23, cid=176, FAILED org.apache.ratis.protocol.NotLeaderException: Server e26b1dcf-4969-4dad-afea-c8de5ddf4bfa is not the leader (null). Request must be sent to leader., logIndex=0, commits[e26b1dcf-4969-4dad-afea-c8de5ddf4bfa:c-1]
2019-07-15 13:53:26,413 INFO  impl.FollowerState (FollowerState.java:run(106)) - 536cf698-b27d-4dd7-b5fd-8fdd61caa1c2:group-48BAD841538C changes to CANDIDATE, lastRpcTime:5081, electionTimeout:5081ms
2019-07-15 13:53:26,413 INFO  impl.RoleInfo (RoleInfo.java:shutdownFollowerState(121)) - 536cf698-b27d-4dd7-b5fd-8fdd61caa1c2: shutdown FollowerState
2019-07-15 13:53:26,414 INFO  impl.RaftServerImpl (RaftServerImpl.java:setRole(171)) - 536cf698-b27d-4dd7-b5fd-8fdd61caa1c2:group-48BAD841538C changes role from FOLLOWER to CANDIDATE at term 0 for changeToCandidate
2019-07-15 13:53:26,414 INFO  impl.RoleInfo (RoleInfo.java:updateAndGet(143)) - 536cf698-b27d-4dd7-b5fd-8fdd61caa1c2: start LeaderElection
2019-07-15 13:53:26,436 INFO  impl.LeaderElection (LeaderElection.java:askForVotes(181)) - 536cf698-b27d-4dd7-b5fd-8fdd61caa1c2:group-48BAD841538C:LeaderElection65: begin an election at term 1 for -1: [536cf698-b27d-4dd7-b5fd-8fdd61caa1c2:192.168.157.240:42868], old=null
2019-07-15 13:53:26,436 INFO  impl.RoleInfo (RoleInfo.java:shutdownLeaderElection(134)) - 536cf698-b27d-4dd7-b5fd-8fdd61caa1c2: shutdown LeaderElection
2019-07-15 13:53:26,437 INFO  impl.RaftServerImpl (RaftServerImpl.java:setRole(171)) - 536cf698-b27d-4dd7-b5fd-8fdd61caa1c2:group-48BAD841538C changes role from CANDIDATE to LEADER at term 1 for changeToLeader
2019-07-15 13:53:26,437 INFO  impl.RaftServerImpl (ServerState.java:setLeader(263)) - 536cf698-b27d-4dd7-b5fd-8fdd61caa1c2:group-48BAD841538C change Leader from null to 536cf698-b27d-4dd7-b5fd-8fdd61caa1c2 at term 1 for becomeLeader, leader elected after 5109ms
2019-07-15 13:53:26,439 INFO  server.RaftServerConfigKeys (ConfUtils.java:logGet(43)) - raft.server.staging.catchup.gap = 1000 (default)
2019-07-15 13:53:26,439 INFO  server.RaftServerConfigKeys (ConfUtils.java:logGet(43)) - raft.server.rpc.sleep.time = 25ms (default)
2019-07-15 13:53:26,439 INFO  server.RaftServerConfigKeys (ConfUtils.java:logGet(43)) - raft.server.write.element-limit = 4096 (default)
2019-07-15 13:53:26,440 INFO  server.RaftServerConfigKeys (ConfUtils.java:logGet(43)) - raft.server.watch.timeout = 10s (default)
2019-07-15 13:53:26,440 INFO  server.RaftServerConfigKeys (ConfUtils.java:logGet(43)) - raft.server.watch.timeout.denomination = 1s (default)
2019-07-15 13:53:26,440 INFO  server.RaftServerConfigKeys (ConfUtils.java:logGet(43)) - raft.server.watch.element-limit = 65536 (default)
2019-07-15 13:53:26,440 INFO  impl.RoleInfo (RoleInfo.java:updateAndGet(143)) - 536cf698-b27d-4dd7-b5fd-8fdd61caa1c2: start LeaderState
2019-07-15 13:53:26,440 INFO  segmented.SegmentedRaftLogWorker (SegmentedRaftLogWorker.java:startLogSegment(380)) - 536cf698-b27d-4dd7-b5fd-8fdd61caa1c2-SegmentedRaftLogWorker:Storage Directory /workdir/hadoop-ozone/integration-test/target/test-dir/MiniOzoneClusterImpl-7365a5b7-4b1d-40e7-b905-3ffc7194d9ee/datanode-0/data/ratis/137e444f-a37e-4d2d-a8f0-48bad841538c: Starting segment from index:0
2019-07-15 13:53:26,441 INFO  impl.RaftServerImpl (ServerState.java:setRaftConf(361)) - 536cf698-b27d-4dd7-b5fd-8fdd61caa1c2:group-48BAD841538C set configuration 0: [536cf698-b27d-4dd7-b5fd-8fdd61caa1c2:192.168.157.240:42868], old=null at 0
2019-07-15 13:53:26,473 INFO  segmented.SegmentedRaftLogWorker (SegmentedRaftLogWorker.java:execute(569)) - 536cf698-b27d-4dd7-b5fd-8fdd61caa1c2-SegmentedRaftLogWorker:Storage Directory /workdir/hadoop-ozone/integration-test/target/test-dir/MiniOzoneClusterImpl-7365a5b7-4b1d-40e7-b905-3ffc7194d9ee/datanode-0/data/ratis/137e444f-a37e-4d2d-a8f0-48bad841538c: created new log segment /workdir/hadoop-ozone/integration-test/target/test-dir/MiniOzoneClusterImpl-7365a5b7-4b1d-40e7-b905-3ffc7194d9ee/datanode-0/data/ratis/137e444f-a37e-4d2d-a8f0-48bad841538c/current/log_inprogress_0
2019-07-15 13:53:26,531 INFO  impl.FollowerState (FollowerState.java:run(106)) - cf701d9f-9836-48a2-a1f8-0d83a18b5aed:group-4252F7F03E21 changes to CANDIDATE, lastRpcTime:5063, electionTimeout:5063ms
2019-07-15 13:53:26,532 INFO  impl.RoleInfo (RoleInfo.java:shutdownFollowerState(121)) - cf701d9f-9836-48a2-a1f8-0d83a18b5aed: shutdown FollowerState
2019-07-15 13:53:26,532 INFO  impl.RaftServerImpl (RaftServerImpl.java:setRole(171)) - cf701d9f-9836-48a2-a1f8-0d83a18b5aed:group-4252F7F03E21 changes role from FOLLOWER to CANDIDATE at term 0 for changeToCandidate
2019-07-15 13:53:26,532 INFO  impl.RoleInfo (RoleInfo.java:updateAndGet(143)) - cf701d9f-9836-48a2-a1f8-0d83a18b5aed: start LeaderElection
2019-07-15 13:53:26,553 INFO  impl.LeaderElection (LeaderElection.java:askForVotes(181)) - cf701d9f-9836-48a2-a1f8-0d83a18b5aed:group-4252F7F03E21:LeaderElection66: begin an election at term 1 for -1: [cf701d9f-9836-48a2-a1f8-0d83a18b5aed:192.168.157.240:40665], old=null
2019-07-15 13:53:26,553 INFO  impl.RoleInfo (RoleInfo.java:shutdownLeaderElection(134)) - cf701d9f-9836-48a2-a1f8-0d83a18b5aed: shutdown LeaderElection
2019-07-15 13:53:26,553 INFO  impl.RaftServerImpl (RaftServerImpl.java:setRole(171)) - cf701d9f-9836-48a2-a1f8-0d83a18b5aed:group-4252F7F03E21 changes role from CANDIDATE to LEADER at term 1 for changeToLeader
2019-07-15 13:53:26,553 INFO  impl.RaftServerImpl (ServerState.java:setLeader(263)) - cf701d9f-9836-48a2-a1f8-0d83a18b5aed:group-4252F7F03E21 change Leader from null to cf701d9f-9836-48a2-a1f8-0d83a18b5aed at term 1 for becomeLeader, leader elected after 5088ms
2019-07-15 13:53:26,556 INFO  server.RaftServerConfigKeys (ConfUtils.java:logGet(43)) - raft.server.staging.catchup.gap = 1000 (default)
2019-07-15 13:53:26,556 INFO  server.RaftServerConfigKeys (ConfUtils.java:logGet(43)) - raft.server.rpc.sleep.time = 25ms (default)
2019-07-15 13:53:26,556 INFO  server.RaftServerConfigKeys (ConfUtils.java:logGet(43)) - raft.server.write.element-limit = 4096 (default)
2019-07-15 13:53:26,556 INFO  server.RaftServerConfigKeys (ConfUtils.java:logGet(43)) - raft.server.watch.timeout = 10s (default)
2019-07-15 13:53:26,556 INFO  server.RaftServerConfigKeys (ConfUtils.java:logGet(43)) - raft.server.watch.timeout.denomination = 1s (default)
2019-07-15 13:53:26,557 INFO  server.RaftServerConfigKeys (ConfUtils.java:logGet(43)) - raft.server.watch.element-limit = 65536 (default)
2019-07-15 13:53:26,557 INFO  impl.RoleInfo (RoleInfo.java:updateAndGet(143)) - cf701d9f-9836-48a2-a1f8-0d83a18b5aed: start LeaderState
2019-07-15 13:53:26,557 INFO  segmented.SegmentedRaftLogWorker (SegmentedRaftLogWorker.java:startLogSegment(380)) - cf701d9f-9836-48a2-a1f8-0d83a18b5aed-SegmentedRaftLogWorker:Storage Directory /workdir/hadoop-ozone/integration-test/target/test-dir/MiniOzoneClusterImpl-7365a5b7-4b1d-40e7-b905-3ffc7194d9ee/datanode-1/data/ratis/d6336bae-6887-4f2b-b8a4-4252f7f03e21: Starting segment from index:0
2019-07-15 13:53:26,558 INFO  impl.RaftServerImpl (ServerState.java:setRaftConf(361)) - cf701d9f-9836-48a2-a1f8-0d83a18b5aed:group-4252F7F03E21 set configuration 0: [cf701d9f-9836-48a2-a1f8-0d83a18b5aed:192.168.157.240:40665], old=null at 0
2019-07-15 13:53:26,581 INFO  client.GrpcClientProtocolClient (GrpcClientProtocolClient.java:onNext(255)) - client-18D8D3B8A431->20f2f0ae-946f-493f-b338-5eaa42e98f3c: receive RaftClientReply:client-18D8D3B8A431->20f2f0ae-946f-493f-b338-5eaa42e98f3c@group-F3B4F183CD23, cid=176, FAILED org.apache.ratis.protocol.NotLeaderException: Server 20f2f0ae-946f-493f-b338-5eaa42e98f3c is not the leader (null). Request must be sent to leader., logIndex=0, commits[20f2f0ae-946f-493f-b338-5eaa42e98f3c:c-1]
2019-07-15 13:53:26,588 INFO  segmented.SegmentedRaftLogWorker (SegmentedRaftLogWorker.java:execute(569)) - cf701d9f-9836-48a2-a1f8-0d83a18b5aed-SegmentedRaftLogWorker:Storage Directory /workdir/hadoop-ozone/integration-test/target/test-dir/MiniOzoneClusterImpl-7365a5b7-4b1d-40e7-b905-3ffc7194d9ee/datanode-1/data/ratis/d6336bae-6887-4f2b-b8a4-4252f7f03e21: created new log segment /workdir/hadoop-ozone/integration-test/target/test-dir/MiniOzoneClusterImpl-7365a5b7-4b1d-40e7-b905-3ffc7194d9ee/datanode-1/data/ratis/d6336bae-6887-4f2b-b8a4-4252f7f03e21/current/log_inprogress_0
2019-07-15 13:53:26,860 INFO  impl.FollowerState (FollowerState.java:run(106)) - 0eaba2ed-d764-4ca3-b184-3783afaafee1:group-80B87B2C025B changes to CANDIDATE, lastRpcTime:5000, electionTimeout:5000ms
2019-07-15 13:53:26,860 INFO  impl.RoleInfo (RoleInfo.java:shutdownFollowerState(121)) - 0eaba2ed-d764-4ca3-b184-3783afaafee1: shutdown FollowerState
2019-07-15 13:53:26,861 INFO  impl.RaftServerImpl (RaftServerImpl.java:setRole(171)) - 0eaba2ed-d764-4ca3-b184-3783afaafee1:group-80B87B2C025B changes role from FOLLOWER to CANDIDATE at term 0 for changeToCandidate
2019-07-15 13:53:26,861 INFO  impl.RoleInfo (RoleInfo.java:updateAndGet(143)) - 0eaba2ed-d764-4ca3-b184-3783afaafee1: start LeaderElection
2019-07-15 13:53:26,881 INFO  impl.LeaderElection (LeaderElection.java:askForVotes(181)) - 0eaba2ed-d764-4ca3-b184-3783afaafee1:group-80B87B2C025B:LeaderElection67: begin an election at term 1 for -1: [0eaba2ed-d764-4ca3-b184-3783afaafee1:192.168.157.240:39699, 536cf698-b27d-4dd7-b5fd-8fdd61caa1c2:192.168.157.240:42868, cf701d9f-9836-48a2-a1f8-0d83a18b5aed:192.168.157.240:40665], old=null
2019-07-15 13:53:26,891 INFO  impl.RaftServerImpl (RaftServerImpl.java:setRole(171)) - cf701d9f-9836-48a2-a1f8-0d83a18b5aed:group-80B87B2C025B changes role from FOLLOWER to FOLLOWER at term 1 for recognizeCandidate:0eaba2ed-d764-4ca3-b184-3783afaafee1
2019-07-15 13:53:26,905 INFO  impl.RaftServerImpl (RaftServerImpl.java:setRole(171)) - 536cf698-b27d-4dd7-b5fd-8fdd61caa1c2:group-80B87B2C025B changes role from FOLLOWER to FOLLOWER at term 1 for recognizeCandidate:0eaba2ed-d764-4ca3-b184-3783afaafee1
2019-07-15 13:53:26,905 INFO  impl.RoleInfo (RoleInfo.java:shutdownFollowerState(121)) - cf701d9f-9836-48a2-a1f8-0d83a18b5aed: shutdown FollowerState
2019-07-15 13:53:26,905 INFO  impl.RoleInfo (RoleInfo.java:shutdownFollowerState(121)) - 536cf698-b27d-4dd7-b5fd-8fdd61caa1c2: shutdown FollowerState
2019-07-15 13:53:26,905 INFO  impl.FollowerState (FollowerState.java:run(114)) - cf701d9f-9836-48a2-a1f8-0d83a18b5aed: FollowerState was interrupted: java.lang.InterruptedException: sleep interrupted
2019-07-15 13:53:26,905 INFO  impl.RoleInfo (RoleInfo.java:updateAndGet(143)) - cf701d9f-9836-48a2-a1f8-0d83a18b5aed: start FollowerState
2019-07-15 13:53:26,906 INFO  impl.FollowerState (FollowerState.java:run(114)) - 536cf698-b27d-4dd7-b5fd-8fdd61caa1c2: FollowerState was interrupted: java.lang.InterruptedException: sleep interrupted
2019-07-15 13:53:26,906 INFO  impl.RoleInfo (RoleInfo.java:updateAndGet(143)) - 536cf698-b27d-4dd7-b5fd-8fdd61caa1c2: start FollowerState
2019-07-15 13:53:26,911 INFO  impl.FollowerState (FollowerState.java:run(106)) - 0eaba2ed-d764-4ca3-b184-3783afaafee1:group-A0509395DEE5 changes to CANDIDATE, lastRpcTime:5113, electionTimeout:5112ms
2019-07-15 13:53:26,911 INFO  impl.RoleInfo (RoleInfo.java:shutdownFollowerState(121)) - 0eaba2ed-d764-4ca3-b184-3783afaafee1: shutdown FollowerState
2019-07-15 13:53:26,911 INFO  impl.RaftServerImpl (RaftServerImpl.java:setRole(171)) - 0eaba2ed-d764-4ca3-b184-3783afaafee1:group-A0509395DEE5 changes role from FOLLOWER to CANDIDATE at term 0 for changeToCandidate
2019-07-15 13:53:26,911 INFO  impl.RoleInfo (RoleInfo.java:updateAndGet(143)) - 0eaba2ed-d764-4ca3-b184-3783afaafee1: start LeaderElection
2019-07-15 13:53:26,924 INFO  impl.LeaderElection (LeaderElection.java:askForVotes(181)) - 0eaba2ed-d764-4ca3-b184-3783afaafee1:group-A0509395DEE5:LeaderElection68: begin an election at term 1 for -1: [0eaba2ed-d764-4ca3-b184-3783afaafee1:192.168.157.240:39699], old=null
2019-07-15 13:53:26,925 INFO  impl.RoleInfo (RoleInfo.java:shutdownLeaderElection(134)) - 0eaba2ed-d764-4ca3-b184-3783afaafee1: shutdown LeaderElection
2019-07-15 13:53:26,925 INFO  impl.RaftServerImpl (RaftServerImpl.java:setRole(171)) - 0eaba2ed-d764-4ca3-b184-3783afaafee1:group-A0509395DEE5 changes role from CANDIDATE to LEADER at term 1 for changeToLeader
2019-07-15 13:53:26,925 INFO  impl.RaftServerImpl (ServerState.java:setLeader(263)) - 0eaba2ed-d764-4ca3-b184-3783afaafee1:group-A0509395DEE5 change Leader from null to 0eaba2ed-d764-4ca3-b184-3783afaafee1 at term 1 for becomeLeader, leader elected after 5131ms
2019-07-15 13:53:26,927 INFO  server.RaftServerConfigKeys (ConfUtils.java:logGet(43)) - raft.server.staging.catchup.gap = 1000 (default)
2019-07-15 13:53:26,927 INFO  server.RaftServerConfigKeys (ConfUtils.java:logGet(43)) - raft.server.rpc.sleep.time = 25ms (default)
2019-07-15 13:53:26,927 INFO  server.RaftServerConfigKeys (ConfUtils.java:logGet(43)) - raft.server.write.element-limit = 4096 (default)
2019-07-15 13:53:26,928 INFO  impl.LeaderElection (LeaderElection.java:logAndReturn(56)) - 0eaba2ed-d764-4ca3-b184-3783afaafee1:group-80B87B2C025B:LeaderElection67: Election PASSED; received 1 response(s) [0eaba2ed-d764-4ca3-b184-3783afaafee1<-536cf698-b27d-4dd7-b5fd-8fdd61caa1c2#0:OK-t1] and 0 exception(s); 0eaba2ed-d764-4ca3-b184-3783afaafee1:t1, leader=null, voted=0eaba2ed-d764-4ca3-b184-3783afaafee1, raftlog=0eaba2ed-d764-4ca3-b184-3783afaafee1-SegmentedRaftLog:OPENED:c-1,f-1,i0, conf=-1: [0eaba2ed-d764-4ca3-b184-3783afaafee1:192.168.157.240:39699, 536cf698-b27d-4dd7-b5fd-8fdd61caa1c2:192.168.157.240:42868, cf701d9f-9836-48a2-a1f8-0d83a18b5aed:192.168.157.240:40665], old=null
2019-07-15 13:53:26,928 INFO  server.RaftServerConfigKeys (ConfUtils.java:logGet(43)) - raft.server.watch.timeout = 10s (default)
2019-07-15 13:53:26,928 INFO  impl.RoleInfo (RoleInfo.java:shutdownLeaderElection(134)) - 0eaba2ed-d764-4ca3-b184-3783afaafee1: shutdown LeaderElection
2019-07-15 13:53:26,928 INFO  server.RaftServerConfigKeys (ConfUtils.java:logGet(43)) - raft.server.watch.timeout.denomination = 1s (default)
2019-07-15 13:53:26,928 INFO  impl.RaftServerImpl (RaftServerImpl.java:setRole(171)) - 0eaba2ed-d764-4ca3-b184-3783afaafee1:group-80B87B2C025B changes role from CANDIDATE to LEADER at term 1 for changeToLeader
2019-07-15 13:53:26,928 INFO  server.RaftServerConfigKeys (ConfUtils.java:logGet(43)) - raft.server.watch.element-limit = 65536 (default)
2019-07-15 13:53:26,928 INFO  impl.RaftServerImpl (ServerState.java:setLeader(263)) - 0eaba2ed-d764-4ca3-b184-3783afaafee1:group-80B87B2C025B change Leader from null to 0eaba2ed-d764-4ca3-b184-3783afaafee1 at term 1 for becomeLeader, leader elected after 5080ms
2019-07-15 13:53:26,929 INFO  impl.RoleInfo (RoleInfo.java:updateAndGet(143)) - 0eaba2ed-d764-4ca3-b184-3783afaafee1: start LeaderState
2019-07-15 13:53:26,929 INFO  server.RaftServerConfigKeys (ConfUtils.java:logGet(43)) - raft.server.staging.catchup.gap = 1000 (default)
2019-07-15 13:53:26,929 INFO  segmented.SegmentedRaftLogWorker (SegmentedRaftLogWorker.java:startLogSegment(380)) - 0eaba2ed-d764-4ca3-b184-3783afaafee1-SegmentedRaftLogWorker:Storage Directory /workdir/hadoop-ozone/integration-test/target/test-dir/MiniOzoneClusterImpl-7365a5b7-4b1d-40e7-b905-3ffc7194d9ee/datanode-2/data/ratis/974bb5ac-fbdf-4522-a605-a0509395dee5: Starting segment from index:0
2019-07-15 13:53:26,929 INFO  server.RaftServerConfigKeys (ConfUtils.java:logGet(43)) - raft.server.rpc.sleep.time = 25ms (default)
2019-07-15 13:53:26,929 INFO  server.RaftServerConfigKeys (ConfUtils.java:logGet(43)) - raft.server.write.element-limit = 4096 (default)
2019-07-15 13:53:26,929 INFO  impl.RaftServerImpl (ServerState.java:setRaftConf(361)) - 0eaba2ed-d764-4ca3-b184-3783afaafee1:group-A0509395DEE5 set configuration 0: [0eaba2ed-d764-4ca3-b184-3783afaafee1:192.168.157.240:39699], old=null at 0
2019-07-15 13:53:26,930 INFO  server.RaftServerConfigKeys (ConfUtils.java:logGet(43)) - raft.server.watch.timeout = 10s (default)
2019-07-15 13:53:26,950 INFO  server.RaftServerConfigKeys (ConfUtils.java:logGet(43)) - raft.server.watch.timeout.denomination = 1s (default)
2019-07-15 13:53:26,950 INFO  server.RaftServerConfigKeys (ConfUtils.java:logGet(43)) - raft.server.watch.element-limit = 65536 (default)
2019-07-15 13:53:26,950 INFO  server.RaftServerConfigKeys (ConfUtils.java:logGet(43)) - raft.server.log.appender.snapshot.chunk.size.max = 16MB (=16777216) (default)
2019-07-15 13:53:26,951 INFO  server.RaftServerConfigKeys (ConfUtils.java:logGet(43)) - raft.server.log.appender.buffer.byte-limit = 33554432 (custom)
2019-07-15 13:53:26,951 INFO  server.RaftServerConfigKeys (ConfUtils.java:logGet(43)) - raft.server.log.appender.buffer.element-limit = 1 (custom)
2019-07-15 13:53:26,952 INFO  grpc.GrpcConfigKeys$Server (ConfUtils.java:logGet(43)) - raft.grpc.server.leader.outstanding.appends.max = 128 (default)
2019-07-15 13:53:26,952 INFO  server.RaftServerConfigKeys (ConfUtils.java:logGet(43)) - raft.server.rpc.request.timeout = 3000ms (default)
2019-07-15 13:53:26,952 INFO  server.RaftServerConfigKeys (ConfUtils.java:logGet(43)) - raft.server.log.appender.install.snapshot.enabled = false (custom)
2019-07-15 13:53:26,952 INFO  server.RaftServerConfigKeys (ConfUtils.java:logGet(43)) - raft.server.log.appender.snapshot.chunk.size.max = 16MB (=16777216) (default)
2019-07-15 13:53:26,952 INFO  server.RaftServerConfigKeys (ConfUtils.java:logGet(43)) - raft.server.log.appender.buffer.byte-limit = 33554432 (custom)
2019-07-15 13:53:26,953 INFO  server.RaftServerConfigKeys (ConfUtils.java:logGet(43)) - raft.server.log.appender.buffer.element-limit = 1 (custom)
2019-07-15 13:53:26,953 INFO  grpc.GrpcConfigKeys$Server (ConfUtils.java:logGet(43)) - raft.grpc.server.leader.outstanding.appends.max = 128 (default)
2019-07-15 13:53:26,953 INFO  server.RaftServerConfigKeys (ConfUtils.java:logGet(43)) - raft.server.rpc.request.timeout = 3000ms (default)
2019-07-15 13:53:26,953 INFO  server.RaftServerConfigKeys (ConfUtils.java:logGet(43)) - raft.server.log.appender.install.snapshot.enabled = false (custom)
2019-07-15 13:53:26,953 INFO  impl.RoleInfo (RoleInfo.java:updateAndGet(143)) - 0eaba2ed-d764-4ca3-b184-3783afaafee1: start LeaderState
2019-07-15 13:53:26,954 INFO  segmented.SegmentedRaftLogWorker (SegmentedRaftLogWorker.java:startLogSegment(380)) - 0eaba2ed-d764-4ca3-b184-3783afaafee1-SegmentedRaftLogWorker:Storage Directory /workdir/hadoop-ozone/integration-test/target/test-dir/MiniOzoneClusterImpl-7365a5b7-4b1d-40e7-b905-3ffc7194d9ee/datanode-2/data/ratis/e5271c4b-730a-434e-9648-80b87b2c025b: Starting segment from index:0
2019-07-15 13:53:26,955 INFO  impl.RaftServerImpl (ServerState.java:setRaftConf(361)) - 0eaba2ed-d764-4ca3-b184-3783afaafee1:group-80B87B2C025B set configuration 0: [0eaba2ed-d764-4ca3-b184-3783afaafee1:192.168.157.240:39699, 536cf698-b27d-4dd7-b5fd-8fdd61caa1c2:192.168.157.240:42868, cf701d9f-9836-48a2-a1f8-0d83a18b5aed:192.168.157.240:40665], old=null at 0
2019-07-15 13:53:26,975 INFO  impl.RaftServerImpl (ServerState.java:setLeader(263)) - cf701d9f-9836-48a2-a1f8-0d83a18b5aed:group-80B87B2C025B change Leader from null to 0eaba2ed-d764-4ca3-b184-3783afaafee1 at term 1 for appendEntries, leader elected after 5127ms
2019-07-15 13:53:26,977 INFO  impl.RaftServerImpl (ServerState.java:setLeader(263)) - 536cf698-b27d-4dd7-b5fd-8fdd61caa1c2:group-80B87B2C025B change Leader from null to 0eaba2ed-d764-4ca3-b184-3783afaafee1 at term 1 for appendEntries, leader elected after 5130ms
2019-07-15 13:53:26,975 INFO  segmented.SegmentedRaftLogWorker (SegmentedRaftLogWorker.java:execute(569)) - 0eaba2ed-d764-4ca3-b184-3783afaafee1-SegmentedRaftLogWorker:Storage Directory /workdir/hadoop-ozone/integration-test/target/test-dir/MiniOzoneClusterImpl-7365a5b7-4b1d-40e7-b905-3ffc7194d9ee/datanode-2/data/ratis/974bb5ac-fbdf-4522-a605-a0509395dee5: created new log segment /workdir/hadoop-ozone/integration-test/target/test-dir/MiniOzoneClusterImpl-7365a5b7-4b1d-40e7-b905-3ffc7194d9ee/datanode-2/data/ratis/974bb5ac-fbdf-4522-a605-a0509395dee5/current/log_inprogress_0
2019-07-15 13:53:26,980 INFO  impl.RaftServerImpl (ServerState.java:setRaftConf(361)) - 536cf698-b27d-4dd7-b5fd-8fdd61caa1c2:group-80B87B2C025B set configuration 0: [0eaba2ed-d764-4ca3-b184-3783afaafee1:192.168.157.240:39699, 536cf698-b27d-4dd7-b5fd-8fdd61caa1c2:192.168.157.240:42868, cf701d9f-9836-48a2-a1f8-0d83a18b5aed:192.168.157.240:40665], old=null at 0
2019-07-15 13:53:26,980 INFO  impl.RaftServerImpl (ServerState.java:setRaftConf(361)) - cf701d9f-9836-48a2-a1f8-0d83a18b5aed:group-80B87B2C025B set configuration 0: [0eaba2ed-d764-4ca3-b184-3783afaafee1:192.168.157.240:39699, 536cf698-b27d-4dd7-b5fd-8fdd61caa1c2:192.168.157.240:42868, cf701d9f-9836-48a2-a1f8-0d83a18b5aed:192.168.157.240:40665], old=null at 0
2019-07-15 13:53:26,980 INFO  segmented.SegmentedRaftLogWorker (SegmentedRaftLogWorker.java:startLogSegment(380)) - 536cf698-b27d-4dd7-b5fd-8fdd61caa1c2-SegmentedRaftLogWorker:Storage Directory /workdir/hadoop-ozone/integration-test/target/test-dir/MiniOzoneClusterImpl-7365a5b7-4b1d-40e7-b905-3ffc7194d9ee/datanode-0/data/ratis/e5271c4b-730a-434e-9648-80b87b2c025b: Starting segment from index:0
2019-07-15 13:53:26,980 INFO  segmented.SegmentedRaftLogWorker (SegmentedRaftLogWorker.java:startLogSegment(380)) - cf701d9f-9836-48a2-a1f8-0d83a18b5aed-SegmentedRaftLogWorker:Storage Directory /workdir/hadoop-ozone/integration-test/target/test-dir/MiniOzoneClusterImpl-7365a5b7-4b1d-40e7-b905-3ffc7194d9ee/datanode-1/data/ratis/e5271c4b-730a-434e-9648-80b87b2c025b: Starting segment from index:0
2019-07-15 13:53:26,989 INFO  segmented.SegmentedRaftLogWorker (SegmentedRaftLogWorker.java:execute(569)) - 0eaba2ed-d764-4ca3-b184-3783afaafee1-SegmentedRaftLogWorker:Storage Directory /workdir/hadoop-ozone/integration-test/target/test-dir/MiniOzoneClusterImpl-7365a5b7-4b1d-40e7-b905-3ffc7194d9ee/datanode-2/data/ratis/e5271c4b-730a-434e-9648-80b87b2c025b: created new log segment /workdir/hadoop-ozone/integration-test/target/test-dir/MiniOzoneClusterImpl-7365a5b7-4b1d-40e7-b905-3ffc7194d9ee/datanode-2/data/ratis/e5271c4b-730a-434e-9648-80b87b2c025b/current/log_inprogress_0
2019-07-15 13:53:27,002 INFO  segmented.SegmentedRaftLogWorker (SegmentedRaftLogWorker.java:execute(569)) - cf701d9f-9836-48a2-a1f8-0d83a18b5aed-SegmentedRaftLogWorker:Storage Directory /workdir/hadoop-ozone/integration-test/target/test-dir/MiniOzoneClusterImpl-7365a5b7-4b1d-40e7-b905-3ffc7194d9ee/datanode-1/data/ratis/e5271c4b-730a-434e-9648-80b87b2c025b: created new log segment /workdir/hadoop-ozone/integration-test/target/test-dir/MiniOzoneClusterImpl-7365a5b7-4b1d-40e7-b905-3ffc7194d9ee/datanode-1/data/ratis/e5271c4b-730a-434e-9648-80b87b2c025b/current/log_inprogress_0
2019-07-15 13:53:27,002 INFO  segmented.SegmentedRaftLogWorker (SegmentedRaftLogWorker.java:execute(569)) - 536cf698-b27d-4dd7-b5fd-8fdd61caa1c2-SegmentedRaftLogWorker:Storage Directory /workdir/hadoop-ozone/integration-test/target/test-dir/MiniOzoneClusterImpl-7365a5b7-4b1d-40e7-b905-3ffc7194d9ee/datanode-0/data/ratis/e5271c4b-730a-434e-9648-80b87b2c025b: created new log segment /workdir/hadoop-ozone/integration-test/target/test-dir/MiniOzoneClusterImpl-7365a5b7-4b1d-40e7-b905-3ffc7194d9ee/datanode-0/data/ratis/e5271c4b-730a-434e-9648-80b87b2c025b/current/log_inprogress_0
2019-07-15 13:53:27,143 INFO  impl.FollowerState (FollowerState.java:run(106)) - e26b1dcf-4969-4dad-afea-c8de5ddf4bfa:group-6E039B358451 changes to CANDIDATE, lastRpcTime:5176, electionTimeout:5176ms
2019-07-15 13:53:27,143 INFO  impl.RoleInfo (RoleInfo.java:shutdownFollowerState(121)) - e26b1dcf-4969-4dad-afea-c8de5ddf4bfa: shutdown FollowerState
2019-07-15 13:53:27,143 INFO  impl.RaftServerImpl (RaftServerImpl.java:setRole(171)) - e26b1dcf-4969-4dad-afea-c8de5ddf4bfa:group-6E039B358451 changes role from FOLLOWER to CANDIDATE at term 0 for changeToCandidate
2019-07-15 13:53:27,143 INFO  impl.RoleInfo (RoleInfo.java:updateAndGet(143)) - e26b1dcf-4969-4dad-afea-c8de5ddf4bfa: start LeaderElection
2019-07-15 13:53:27,161 INFO  impl.LeaderElection (LeaderElection.java:askForVotes(181)) - e26b1dcf-4969-4dad-afea-c8de5ddf4bfa:group-6E039B358451:LeaderElection69: begin an election at term 1 for -1: [e26b1dcf-4969-4dad-afea-c8de5ddf4bfa:192.168.157.240:33378], old=null
2019-07-15 13:53:27,161 INFO  impl.RoleInfo (RoleInfo.java:shutdownLeaderElection(134)) - e26b1dcf-4969-4dad-afea-c8de5ddf4bfa: shutdown LeaderElection
2019-07-15 13:53:27,161 INFO  impl.RaftServerImpl (RaftServerImpl.java:setRole(171)) - e26b1dcf-4969-4dad-afea-c8de5ddf4bfa:group-6E039B358451 changes role from CANDIDATE to LEADER at term 1 for changeToLeader
2019-07-15 13:53:27,161 INFO  impl.RaftServerImpl (ServerState.java:setLeader(263)) - e26b1dcf-4969-4dad-afea-c8de5ddf4bfa:group-6E039B358451 change Leader from null to e26b1dcf-4969-4dad-afea-c8de5ddf4bfa at term 1 for becomeLeader, leader elected after 5199ms
2019-07-15 13:53:27,164 INFO  server.RaftServerConfigKeys (ConfUtils.java:logGet(43)) - raft.server.staging.catchup.gap = 1000 (default)
2019-07-15 13:53:27,164 INFO  server.RaftServerConfigKeys (ConfUtils.java:logGet(43)) - raft.server.rpc.sleep.time = 25ms (default)
2019-07-15 13:53:27,164 INFO  server.RaftServerConfigKeys (ConfUtils.java:logGet(43)) - raft.server.write.element-limit = 4096 (default)
2019-07-15 13:53:27,164 INFO  server.RaftServerConfigKeys (ConfUtils.java:logGet(43)) - raft.server.watch.timeout = 10s (default)
2019-07-15 13:53:27,164 INFO  server.RaftServerConfigKeys (ConfUtils.java:logGet(43)) - raft.server.watch.timeout.denomination = 1s (default)
2019-07-15 13:53:27,164 INFO  server.RaftServerConfigKeys (ConfUtils.java:logGet(43)) - raft.server.watch.element-limit = 65536 (default)
2019-07-15 13:53:27,165 INFO  impl.RoleInfo (RoleInfo.java:updateAndGet(143)) - e26b1dcf-4969-4dad-afea-c8de5ddf4bfa: start LeaderState
2019-07-15 13:53:27,165 INFO  segmented.SegmentedRaftLogWorker (SegmentedRaftLogWorker.java:startLogSegment(380)) - e26b1dcf-4969-4dad-afea-c8de5ddf4bfa-SegmentedRaftLogWorker:Storage Directory /workdir/hadoop-ozone/integration-test/target/test-dir/MiniOzoneClusterImpl-7365a5b7-4b1d-40e7-b905-3ffc7194d9ee/datanode-3/data/ratis/871c3bec-2e25-4d22-9433-6e039b358451: Starting segment from index:0
2019-07-15 13:53:27,166 INFO  impl.RaftServerImpl (ServerState.java:setRaftConf(361)) - e26b1dcf-4969-4dad-afea-c8de5ddf4bfa:group-6E039B358451 set configuration 0: [e26b1dcf-4969-4dad-afea-c8de5ddf4bfa:192.168.157.240:33378], old=null at 0
2019-07-15 13:53:27,199 INFO  segmented.SegmentedRaftLogWorker (SegmentedRaftLogWorker.java:execute(569)) - e26b1dcf-4969-4dad-afea-c8de5ddf4bfa-SegmentedRaftLogWorker:Storage Directory /workdir/hadoop-ozone/integration-test/target/test-dir/MiniOzoneClusterImpl-7365a5b7-4b1d-40e7-b905-3ffc7194d9ee/datanode-3/data/ratis/871c3bec-2e25-4d22-9433-6e039b358451: created new log segment /workdir/hadoop-ozone/integration-test/target/test-dir/MiniOzoneClusterImpl-7365a5b7-4b1d-40e7-b905-3ffc7194d9ee/datanode-3/data/ratis/871c3bec-2e25-4d22-9433-6e039b358451/current/log_inprogress_0
2019-07-15 13:53:27,276 INFO  impl.FollowerState (FollowerState.java:run(106)) - 20f2f0ae-946f-493f-b338-5eaa42e98f3c:group-793DA08D93C7 changes to CANDIDATE, lastRpcTime:5137, electionTimeout:5137ms
2019-07-15 13:53:27,276 INFO  impl.RoleInfo (RoleInfo.java:shutdownFollowerState(121)) - 20f2f0ae-946f-493f-b338-5eaa42e98f3c: shutdown FollowerState
2019-07-15 13:53:27,276 INFO  impl.RaftServerImpl (RaftServerImpl.java:setRole(171)) - 20f2f0ae-946f-493f-b338-5eaa42e98f3c:group-793DA08D93C7 changes role from FOLLOWER to CANDIDATE at term 0 for changeToCandidate
2019-07-15 13:53:27,276 INFO  impl.RoleInfo (RoleInfo.java:updateAndGet(143)) - 20f2f0ae-946f-493f-b338-5eaa42e98f3c: start LeaderElection
2019-07-15 13:53:27,295 INFO  impl.LeaderElection (LeaderElection.java:askForVotes(181)) - 20f2f0ae-946f-493f-b338-5eaa42e98f3c:group-793DA08D93C7:LeaderElection70: begin an election at term 1 for -1: [20f2f0ae-946f-493f-b338-5eaa42e98f3c:192.168.157.240:43303], old=null
2019-07-15 13:53:27,295 INFO  impl.RoleInfo (RoleInfo.java:shutdownLeaderElection(134)) - 20f2f0ae-946f-493f-b338-5eaa42e98f3c: shutdown LeaderElection
2019-07-15 13:53:27,295 INFO  impl.RaftServerImpl (RaftServerImpl.java:setRole(171)) - 20f2f0ae-946f-493f-b338-5eaa42e98f3c:group-793DA08D93C7 changes role from CANDIDATE to LEADER at term 1 for changeToLeader
2019-07-15 13:53:27,295 INFO  impl.RaftServerImpl (ServerState.java:setLeader(263)) - 20f2f0ae-946f-493f-b338-5eaa42e98f3c:group-793DA08D93C7 change Leader from null to 20f2f0ae-946f-493f-b338-5eaa42e98f3c at term 1 for becomeLeader, leader elected after 5161ms
2019-07-15 13:53:27,298 INFO  server.RaftServerConfigKeys (ConfUtils.java:logGet(43)) - raft.server.staging.catchup.gap = 1000 (default)
2019-07-15 13:53:27,298 INFO  server.RaftServerConfigKeys (ConfUtils.java:logGet(43)) - raft.server.rpc.sleep.time = 25ms (default)
2019-07-15 13:53:27,298 INFO  server.RaftServerConfigKeys (ConfUtils.java:logGet(43)) - raft.server.write.element-limit = 4096 (default)
2019-07-15 13:53:27,298 INFO  server.RaftServerConfigKeys (ConfUtils.java:logGet(43)) - raft.server.watch.timeout = 10s (default)
2019-07-15 13:53:27,299 INFO  server.RaftServerConfigKeys (ConfUtils.java:logGet(43)) - raft.server.watch.timeout.denomination = 1s (default)
2019-07-15 13:53:27,299 INFO  server.RaftServerConfigKeys (ConfUtils.java:logGet(43)) - raft.server.watch.element-limit = 65536 (default)
2019-07-15 13:53:27,299 INFO  impl.RoleInfo (RoleInfo.java:updateAndGet(143)) - 20f2f0ae-946f-493f-b338-5eaa42e98f3c: start LeaderState
2019-07-15 13:53:27,299 INFO  segmented.SegmentedRaftLogWorker (SegmentedRaftLogWorker.java:startLogSegment(380)) - 20f2f0ae-946f-493f-b338-5eaa42e98f3c-SegmentedRaftLogWorker:Storage Directory /workdir/hadoop-ozone/integration-test/target/test-dir/MiniOzoneClusterImpl-7365a5b7-4b1d-40e7-b905-3ffc7194d9ee/datanode-4/data/ratis/c31ae947-e125-49c3-a106-793da08d93c7: Starting segment from index:0
2019-07-15 13:53:27,300 INFO  impl.RaftServerImpl (ServerState.java:setRaftConf(361)) - 20f2f0ae-946f-493f-b338-5eaa42e98f3c:group-793DA08D93C7 set configuration 0: [20f2f0ae-946f-493f-b338-5eaa42e98f3c:192.168.157.240:43303], old=null at 0
2019-07-15 13:53:27,331 INFO  segmented.SegmentedRaftLogWorker (SegmentedRaftLogWorker.java:execute(569)) - 20f2f0ae-946f-493f-b338-5eaa42e98f3c-SegmentedRaftLogWorker:Storage Directory /workdir/hadoop-ozone/integration-test/target/test-dir/MiniOzoneClusterImpl-7365a5b7-4b1d-40e7-b905-3ffc7194d9ee/datanode-4/data/ratis/c31ae947-e125-49c3-a106-793da08d93c7: created new log segment /workdir/hadoop-ozone/integration-test/target/test-dir/MiniOzoneClusterImpl-7365a5b7-4b1d-40e7-b905-3ffc7194d9ee/datanode-4/data/ratis/c31ae947-e125-49c3-a106-793da08d93c7/current/log_inprogress_0
2019-07-15 13:53:27,453 INFO  impl.FollowerState (FollowerState.java:run(106)) - d2ff130a-f701-4eea-813f-f59bb59348fb:group-CD356BC91D4E changes to CANDIDATE, lastRpcTime:5110, electionTimeout:5110ms
2019-07-15 13:53:27,453 INFO  impl.RoleInfo (RoleInfo.java:shutdownFollowerState(121)) - d2ff130a-f701-4eea-813f-f59bb59348fb: shutdown FollowerState
2019-07-15 13:53:27,453 INFO  impl.RaftServerImpl (RaftServerImpl.java:setRole(171)) - d2ff130a-f701-4eea-813f-f59bb59348fb:group-CD356BC91D4E changes role from FOLLOWER to CANDIDATE at term 0 for changeToCandidate
2019-07-15 13:53:27,453 INFO  impl.RoleInfo (RoleInfo.java:updateAndGet(143)) - d2ff130a-f701-4eea-813f-f59bb59348fb: start LeaderElection
2019-07-15 13:53:27,493 INFO  impl.LeaderElection (LeaderElection.java:askForVotes(181)) - d2ff130a-f701-4eea-813f-f59bb59348fb:group-CD356BC91D4E:LeaderElection71: begin an election at term 1 for -1: [d2ff130a-f701-4eea-813f-f59bb59348fb:192.168.157.240:46797], old=null
2019-07-15 13:53:27,493 INFO  impl.RoleInfo (RoleInfo.java:shutdownLeaderElection(134)) - d2ff130a-f701-4eea-813f-f59bb59348fb: shutdown LeaderElection
2019-07-15 13:53:27,493 INFO  impl.RaftServerImpl (RaftServerImpl.java:setRole(171)) - d2ff130a-f701-4eea-813f-f59bb59348fb:group-CD356BC91D4E changes role from CANDIDATE to LEADER at term 1 for changeToLeader
2019-07-15 13:53:27,493 INFO  impl.RaftServerImpl (ServerState.java:setLeader(263)) - d2ff130a-f701-4eea-813f-f59bb59348fb:group-CD356BC91D4E change Leader from null to d2ff130a-f701-4eea-813f-f59bb59348fb at term 1 for becomeLeader, leader elected after 5155ms
2019-07-15 13:53:27,496 INFO  server.RaftServerConfigKeys (ConfUtils.java:logGet(43)) - raft.server.staging.catchup.gap = 1000 (default)
2019-07-15 13:53:27,496 INFO  server.RaftServerConfigKeys (ConfUtils.java:logGet(43)) - raft.server.rpc.sleep.time = 25ms (default)
2019-07-15 13:53:27,496 INFO  server.RaftServerConfigKeys (ConfUtils.java:logGet(43)) - raft.server.write.element-limit = 4096 (default)
2019-07-15 13:53:27,496 INFO  server.RaftServerConfigKeys (ConfUtils.java:logGet(43)) - raft.server.watch.timeout = 10s (default)
2019-07-15 13:53:27,496 INFO  server.RaftServerConfigKeys (ConfUtils.java:logGet(43)) - raft.server.watch.timeout.denomination = 1s (default)
2019-07-15 13:53:27,497 INFO  server.RaftServerConfigKeys (ConfUtils.java:logGet(43)) - raft.server.watch.element-limit = 65536 (default)
2019-07-15 13:53:27,497 INFO  impl.RoleInfo (RoleInfo.java:updateAndGet(143)) - d2ff130a-f701-4eea-813f-f59bb59348fb: start LeaderState
2019-07-15 13:53:27,497 INFO  segmented.SegmentedRaftLogWorker (SegmentedRaftLogWorker.java:startLogSegment(380)) - d2ff130a-f701-4eea-813f-f59bb59348fb-SegmentedRaftLogWorker:Storage Directory /workdir/hadoop-ozone/integration-test/target/test-dir/MiniOzoneClusterImpl-7365a5b7-4b1d-40e7-b905-3ffc7194d9ee/datanode-5/data/ratis/c3a4040c-5076-4a98-b347-cd356bc91d4e: Starting segment from index:0
2019-07-15 13:53:27,498 INFO  impl.RaftServerImpl (ServerState.java:setRaftConf(361)) - d2ff130a-f701-4eea-813f-f59bb59348fb:group-CD356BC91D4E set configuration 0: [d2ff130a-f701-4eea-813f-f59bb59348fb:192.168.157.240:46797], old=null at 0
2019-07-15 13:53:27,517 INFO  impl.FollowerState (FollowerState.java:run(106)) - 8b8e08b0-e0f1-4c07-b962-f9f3ecf08e26:group-3861C6F488AB changes to CANDIDATE, lastRpcTime:5004, electionTimeout:5000ms
2019-07-15 13:53:27,517 INFO  impl.FollowerState (FollowerState.java:run(106)) - e26b1dcf-4969-4dad-afea-c8de5ddf4bfa:group-F3B4F183CD23 changes to CANDIDATE, lastRpcTime:5115, electionTimeout:5105ms
2019-07-15 13:53:27,517 INFO  impl.RoleInfo (RoleInfo.java:shutdownFollowerState(121)) - 8b8e08b0-e0f1-4c07-b962-f9f3ecf08e26: shutdown FollowerState
2019-07-15 13:53:27,517 INFO  impl.RoleInfo (RoleInfo.java:shutdownFollowerState(121)) - e26b1dcf-4969-4dad-afea-c8de5ddf4bfa: shutdown FollowerState
2019-07-15 13:53:27,517 INFO  impl.RaftServerImpl (RaftServerImpl.java:setRole(171)) - 8b8e08b0-e0f1-4c07-b962-f9f3ecf08e26:group-3861C6F488AB changes role from FOLLOWER to CANDIDATE at term 0 for changeToCandidate
2019-07-15 13:53:27,517 INFO  impl.RaftServerImpl (RaftServerImpl.java:setRole(171)) - e26b1dcf-4969-4dad-afea-c8de5ddf4bfa:group-F3B4F183CD23 changes role from FOLLOWER to CANDIDATE at term 0 for changeToCandidate
2019-07-15 13:53:27,518 INFO  impl.RoleInfo (RoleInfo.java:updateAndGet(143)) - e26b1dcf-4969-4dad-afea-c8de5ddf4bfa: start LeaderElection
2019-07-15 13:53:27,518 INFO  impl.RoleInfo (RoleInfo.java:updateAndGet(143)) - 8b8e08b0-e0f1-4c07-b962-f9f3ecf08e26: start LeaderElection
2019-07-15 13:53:27,523 INFO  impl.FollowerState (FollowerState.java:run(106)) - 20f2f0ae-946f-493f-b338-5eaa42e98f3c:group-F3B4F183CD23 changes to CANDIDATE, lastRpcTime:5126, electionTimeout:5124ms
2019-07-15 13:53:27,523 INFO  impl.RoleInfo (RoleInfo.java:shutdownFollowerState(121)) - 20f2f0ae-946f-493f-b338-5eaa42e98f3c: shutdown FollowerState
2019-07-15 13:53:27,526 INFO  impl.RaftServerImpl (RaftServerImpl.java:setRole(171)) - 20f2f0ae-946f-493f-b338-5eaa42e98f3c:group-F3B4F183CD23 changes role from FOLLOWER to CANDIDATE at term 0 for changeToCandidate
2019-07-15 13:53:27,526 INFO  impl.RoleInfo (RoleInfo.java:updateAndGet(143)) - 20f2f0ae-946f-493f-b338-5eaa42e98f3c: start LeaderElection
2019-07-15 13:53:27,531 INFO  segmented.SegmentedRaftLogWorker (SegmentedRaftLogWorker.java:execute(569)) - d2ff130a-f701-4eea-813f-f59bb59348fb-SegmentedRaftLogWorker:Storage Directory /workdir/hadoop-ozone/integration-test/target/test-dir/MiniOzoneClusterImpl-7365a5b7-4b1d-40e7-b905-3ffc7194d9ee/datanode-5/data/ratis/c3a4040c-5076-4a98-b347-cd356bc91d4e: created new log segment /workdir/hadoop-ozone/integration-test/target/test-dir/MiniOzoneClusterImpl-7365a5b7-4b1d-40e7-b905-3ffc7194d9ee/datanode-5/data/ratis/c3a4040c-5076-4a98-b347-cd356bc91d4e/current/log_inprogress_0
2019-07-15 13:53:27,532 INFO  impl.LeaderElection (LeaderElection.java:askForVotes(181)) - e26b1dcf-4969-4dad-afea-c8de5ddf4bfa:group-F3B4F183CD23:LeaderElection72: begin an election at term 1 for -1: [e26b1dcf-4969-4dad-afea-c8de5ddf4bfa:192.168.157.240:33378, d2ff130a-f701-4eea-813f-f59bb59348fb:192.168.157.240:46797, 20f2f0ae-946f-493f-b338-5eaa42e98f3c:192.168.157.240:43303], old=null
2019-07-15 13:53:27,536 INFO  impl.FollowerState (FollowerState.java:run(106)) - d2ff130a-f701-4eea-813f-f59bb59348fb:group-F3B4F183CD23 changes to CANDIDATE, lastRpcTime:5134, electionTimeout:5134ms
2019-07-15 13:53:27,536 INFO  impl.RoleInfo (RoleInfo.java:shutdownFollowerState(121)) - d2ff130a-f701-4eea-813f-f59bb59348fb: shutdown FollowerState
2019-07-15 13:53:27,536 INFO  impl.RaftServerImpl (RaftServerImpl.java:setRole(171)) - d2ff130a-f701-4eea-813f-f59bb59348fb:group-F3B4F183CD23 changes role from FOLLOWER to CANDIDATE at term 0 for changeToCandidate
2019-07-15 13:53:27,536 INFO  impl.RoleInfo (RoleInfo.java:updateAndGet(143)) - d2ff130a-f701-4eea-813f-f59bb59348fb: start LeaderElection
2019-07-15 13:53:27,541 INFO  impl.RaftServerImpl (RaftServerImpl.java:setRole(171)) - d2ff130a-f701-4eea-813f-f59bb59348fb:group-F3B4F183CD23 changes role from CANDIDATE to FOLLOWER at term 1 for recognizeCandidate:e26b1dcf-4969-4dad-afea-c8de5ddf4bfa
2019-07-15 13:53:27,541 INFO  impl.RoleInfo (RoleInfo.java:shutdownLeaderElection(134)) - d2ff130a-f701-4eea-813f-f59bb59348fb: shutdown LeaderElection
2019-07-15 13:53:27,541 INFO  impl.RoleInfo (RoleInfo.java:updateAndGet(143)) - d2ff130a-f701-4eea-813f-f59bb59348fb: start FollowerState
2019-07-15 13:53:27,545 INFO  impl.LeaderElection (LeaderElection.java:askForVotes(181)) - 8b8e08b0-e0f1-4c07-b962-f9f3ecf08e26:group-3861C6F488AB:LeaderElection73: begin an election at term 1 for -1: [8b8e08b0-e0f1-4c07-b962-f9f3ecf08e26:192.168.157.240:44282], old=null
2019-07-15 13:53:27,545 INFO  impl.LeaderElection (LeaderElection.java:askForVotes(181)) - 20f2f0ae-946f-493f-b338-5eaa42e98f3c:group-F3B4F183CD23:LeaderElection74: begin an election at term 1 for -1: [e26b1dcf-4969-4dad-afea-c8de5ddf4bfa:192.168.157.240:33378, d2ff130a-f701-4eea-813f-f59bb59348fb:192.168.157.240:46797, 20f2f0ae-946f-493f-b338-5eaa42e98f3c:192.168.157.240:43303], old=null
2019-07-15 13:53:27,547 INFO  impl.RoleInfo (RoleInfo.java:shutdownLeaderElection(134)) - 8b8e08b0-e0f1-4c07-b962-f9f3ecf08e26: shutdown LeaderElection
2019-07-15 13:53:27,547 INFO  impl.RaftServerImpl (RaftServerImpl.java:setRole(171)) - 8b8e08b0-e0f1-4c07-b962-f9f3ecf08e26:group-3861C6F488AB changes role from CANDIDATE to LEADER at term 1 for changeToLeader
2019-07-15 13:53:27,547 INFO  impl.RaftServerImpl (ServerState.java:setLeader(263)) - 8b8e08b0-e0f1-4c07-b962-f9f3ecf08e26:group-3861C6F488AB change Leader from null to 8b8e08b0-e0f1-4c07-b962-f9f3ecf08e26 at term 1 for becomeLeader, leader elected after 5039ms
2019-07-15 13:53:27,550 INFO  server.RaftServerConfigKeys (ConfUtils.java:logGet(43)) - raft.server.staging.catchup.gap = 1000 (default)
2019-07-15 13:53:27,550 INFO  server.RaftServerConfigKeys (ConfUtils.java:logGet(43)) - raft.server.rpc.sleep.time = 25ms (default)
2019-07-15 13:53:27,550 INFO  server.RaftServerConfigKeys (ConfUtils.java:logGet(43)) - raft.server.write.element-limit = 4096 (default)
2019-07-15 13:53:27,551 INFO  impl.LeaderElection (LeaderElection.java:logAndReturn(56)) - e26b1dcf-4969-4dad-afea-c8de5ddf4bfa:group-F3B4F183CD23:LeaderElection72: Election REJECTED; received 2 response(s) [e26b1dcf-4969-4dad-afea-c8de5ddf4bfa<-d2ff130a-f701-4eea-813f-f59bb59348fb#0:FAIL-t1, e26b1dcf-4969-4dad-afea-c8de5ddf4bfa<-20f2f0ae-946f-493f-b338-5eaa42e98f3c#0:FAIL-t1] and 0 exception(s); e26b1dcf-4969-4dad-afea-c8de5ddf4bfa:t1, leader=null, voted=e26b1dcf-4969-4dad-afea-c8de5ddf4bfa, raftlog=e26b1dcf-4969-4dad-afea-c8de5ddf4bfa-SegmentedRaftLog:OPENED:c-1,f-1,i0, conf=-1: [e26b1dcf-4969-4dad-afea-c8de5ddf4bfa:192.168.157.240:33378, d2ff130a-f701-4eea-813f-f59bb59348fb:192.168.157.240:46797, 20f2f0ae-946f-493f-b338-5eaa42e98f3c:192.168.157.240:43303], old=null
2019-07-15 13:53:27,551 INFO  server.RaftServerConfigKeys (ConfUtils.java:logGet(43)) - raft.server.watch.timeout = 10s (default)
2019-07-15 13:53:27,552 INFO  impl.RaftServerImpl (RaftServerImpl.java:setRole(171)) - e26b1dcf-4969-4dad-afea-c8de5ddf4bfa:group-F3B4F183CD23 changes role from CANDIDATE to FOLLOWER at term 1 for DISCOVERED_A_NEW_TERM
2019-07-15 13:53:27,552 INFO  server.RaftServerConfigKeys (ConfUtils.java:logGet(43)) - raft.server.watch.timeout.denomination = 1s (default)
2019-07-15 13:53:27,552 INFO  impl.RoleInfo (RoleInfo.java:shutdownLeaderElection(134)) - e26b1dcf-4969-4dad-afea-c8de5ddf4bfa: shutdown LeaderElection
2019-07-15 13:53:27,552 INFO  server.RaftServerConfigKeys (ConfUtils.java:logGet(43)) - raft.server.watch.element-limit = 65536 (default)
2019-07-15 13:53:27,552 INFO  impl.RoleInfo (RoleInfo.java:updateAndGet(143)) - e26b1dcf-4969-4dad-afea-c8de5ddf4bfa: start FollowerState
2019-07-15 13:53:27,552 INFO  impl.RoleInfo (RoleInfo.java:updateAndGet(143)) - 8b8e08b0-e0f1-4c07-b962-f9f3ecf08e26: start LeaderState
2019-07-15 13:53:27,553 INFO  segmented.SegmentedRaftLogWorker (SegmentedRaftLogWorker.java:startLogSegment(380)) - 8b8e08b0-e0f1-4c07-b962-f9f3ecf08e26-SegmentedRaftLogWorker:Storage Directory /workdir/hadoop-ozone/integration-test/target/test-dir/MiniOzoneClusterImpl-7365a5b7-4b1d-40e7-b905-3ffc7194d9ee/datanode-6/data/ratis/4b8691a5-e403-48fc-a003-3861c6f488ab: Starting segment from index:0
2019-07-15 13:53:27,553 INFO  impl.RaftServerImpl (ServerState.java:setRaftConf(361)) - 8b8e08b0-e0f1-4c07-b962-f9f3ecf08e26:group-3861C6F488AB set configuration 0: [8b8e08b0-e0f1-4c07-b962-f9f3ecf08e26:192.168.157.240:44282], old=null at 0
2019-07-15 13:53:27,573 INFO  impl.LeaderElection (LeaderElection.java:askForVotes(181)) - d2ff130a-f701-4eea-813f-f59bb59348fb:group-F3B4F183CD23:LeaderElection75: begin an election at term 2 for -1: [e26b1dcf-4969-4dad-afea-c8de5ddf4bfa:192.168.157.240:33378, d2ff130a-f701-4eea-813f-f59bb59348fb:192.168.157.240:46797, 20f2f0ae-946f-493f-b338-5eaa42e98f3c:192.168.157.240:43303], old=null
2019-07-15 13:53:27,574 INFO  impl.LeaderElection (LeaderElection.java:logAndReturn(56)) - d2ff130a-f701-4eea-813f-f59bb59348fb:group-F3B4F183CD23:LeaderElection75: Election REJECTED; received 0 response(s) [] and 0 exception(s); d2ff130a-f701-4eea-813f-f59bb59348fb:t2, leader=null, voted=d2ff130a-f701-4eea-813f-f59bb59348fb, raftlog=d2ff130a-f701-4eea-813f-f59bb59348fb-SegmentedRaftLog:OPENED:c-1,f-1,i0, conf=-1: [e26b1dcf-4969-4dad-afea-c8de5ddf4bfa:192.168.157.240:33378, d2ff130a-f701-4eea-813f-f59bb59348fb:192.168.157.240:46797, 20f2f0ae-946f-493f-b338-5eaa42e98f3c:192.168.157.240:43303], old=null
2019-07-15 13:53:27,576 INFO  impl.LeaderElection (LeaderElection.java:logAndReturn(56)) - 20f2f0ae-946f-493f-b338-5eaa42e98f3c:group-F3B4F183CD23:LeaderElection74: Election DISCOVERED_A_NEW_TERM; received 2 response(s) [20f2f0ae-946f-493f-b338-5eaa42e98f3c<-e26b1dcf-4969-4dad-afea-c8de5ddf4bfa#0:FAIL-t1, 20f2f0ae-946f-493f-b338-5eaa42e98f3c<-d2ff130a-f701-4eea-813f-f59bb59348fb#0:FAIL-t2] and 0 exception(s); 20f2f0ae-946f-493f-b338-5eaa42e98f3c:t1, leader=null, voted=20f2f0ae-946f-493f-b338-5eaa42e98f3c, raftlog=20f2f0ae-946f-493f-b338-5eaa42e98f3c-SegmentedRaftLog:OPENED:c-1,f-1,i0, conf=-1: [e26b1dcf-4969-4dad-afea-c8de5ddf4bfa:192.168.157.240:33378, d2ff130a-f701-4eea-813f-f59bb59348fb:192.168.157.240:46797, 20f2f0ae-946f-493f-b338-5eaa42e98f3c:192.168.157.240:43303], old=null
2019-07-15 13:53:27,576 INFO  impl.RaftServerImpl (RaftServerImpl.java:setRole(171)) - 20f2f0ae-946f-493f-b338-5eaa42e98f3c:group-F3B4F183CD23 changes role from CANDIDATE to FOLLOWER at term 2 for DISCOVERED_A_NEW_TERM
2019-07-15 13:53:27,576 INFO  impl.RoleInfo (RoleInfo.java:shutdownLeaderElection(134)) - 20f2f0ae-946f-493f-b338-5eaa42e98f3c: shutdown LeaderElection
2019-07-15 13:53:27,577 INFO  impl.RoleInfo (RoleInfo.java:updateAndGet(143)) - 20f2f0ae-946f-493f-b338-5eaa42e98f3c: start FollowerState
2019-07-15 13:53:27,578 INFO  impl.RaftServerImpl (RaftServerImpl.java:setRole(171)) - e26b1dcf-4969-4dad-afea-c8de5ddf4bfa:group-F3B4F183CD23 changes role from FOLLOWER to FOLLOWER at term 2 for recognizeCandidate:d2ff130a-f701-4eea-813f-f59bb59348fb
2019-07-15 13:53:27,578 INFO  impl.RoleInfo (RoleInfo.java:shutdownFollowerState(121)) - e26b1dcf-4969-4dad-afea-c8de5ddf4bfa: shutdown FollowerState
2019-07-15 13:53:27,578 INFO  impl.RoleInfo (RoleInfo.java:updateAndGet(143)) - e26b1dcf-4969-4dad-afea-c8de5ddf4bfa: start FollowerState
2019-07-15 13:53:27,578 INFO  impl.FollowerState (FollowerState.java:run(114)) - e26b1dcf-4969-4dad-afea-c8de5ddf4bfa: FollowerState was interrupted: java.lang.InterruptedException: sleep interrupted
2019-07-15 13:53:27,595 INFO  segmented.SegmentedRaftLogWorker (SegmentedRaftLogWorker.java:execute(569)) - 8b8e08b0-e0f1-4c07-b962-f9f3ecf08e26-SegmentedRaftLogWorker:Storage Directory /workdir/hadoop-ozone/integration-test/target/test-dir/MiniOzoneClusterImpl-7365a5b7-4b1d-40e7-b905-3ffc7194d9ee/datanode-6/data/ratis/4b8691a5-e403-48fc-a003-3861c6f488ab: created new log segment /workdir/hadoop-ozone/integration-test/target/test-dir/MiniOzoneClusterImpl-7365a5b7-4b1d-40e7-b905-3ffc7194d9ee/datanode-6/data/ratis/4b8691a5-e403-48fc-a003-3861c6f488ab/current/log_inprogress_0
2019-07-15 13:53:27,595 INFO  impl.RaftServerImpl (RaftServerImpl.java:setRole(171)) - 20f2f0ae-946f-493f-b338-5eaa42e98f3c:group-F3B4F183CD23 changes role from FOLLOWER to FOLLOWER at term 2 for recognizeCandidate:d2ff130a-f701-4eea-813f-f59bb59348fb
2019-07-15 13:53:27,595 INFO  impl.RoleInfo (RoleInfo.java:shutdownFollowerState(121)) - 20f2f0ae-946f-493f-b338-5eaa42e98f3c: shutdown FollowerState
2019-07-15 13:53:27,596 INFO  impl.RoleInfo (RoleInfo.java:updateAndGet(143)) - 20f2f0ae-946f-493f-b338-5eaa42e98f3c: start FollowerState
2019-07-15 13:53:27,596 INFO  impl.FollowerState (FollowerState.java:run(114)) - 20f2f0ae-946f-493f-b338-5eaa42e98f3c: FollowerState was interrupted: java.lang.InterruptedException: sleep interrupted
2019-07-15 13:53:27,596 INFO  client.GrpcClientProtocolClient (GrpcClientProtocolClient.java:onNext(255)) - client-18D8D3B8A431->d2ff130a-f701-4eea-813f-f59bb59348fb: receive RaftClientReply:client-18D8D3B8A431->d2ff130a-f701-4eea-813f-f59bb59348fb@group-F3B4F183CD23, cid=176, FAILED org.apache.ratis.protocol.NotLeaderException: Server d2ff130a-f701-4eea-813f-f59bb59348fb is not the leader (null). Request must be sent to leader., logIndex=0, commits[d2ff130a-f701-4eea-813f-f59bb59348fb:c-1]
2019-07-15 13:53:28,607 INFO  client.GrpcClientProtocolClient (GrpcClientProtocolClient.java:onNext(255)) - client-18D8D3B8A431->20f2f0ae-946f-493f-b338-5eaa42e98f3c: receive RaftClientReply:client-18D8D3B8A431->20f2f0ae-946f-493f-b338-5eaa42e98f3c@group-F3B4F183CD23, cid=176, FAILED org.apache.ratis.protocol.NotLeaderException: Server 20f2f0ae-946f-493f-b338-5eaa42e98f3c is not the leader (null). Request must be sent to leader., logIndex=0, commits[20f2f0ae-946f-493f-b338-5eaa42e98f3c:c-1]
2019-07-15 13:53:29,619 INFO  client.GrpcClientProtocolClient (GrpcClientProtocolClient.java:onNext(255)) - client-18D8D3B8A431->e26b1dcf-4969-4dad-afea-c8de5ddf4bfa: receive RaftClientReply:client-18D8D3B8A431->e26b1dcf-4969-4dad-afea-c8de5ddf4bfa@group-F3B4F183CD23, cid=176, FAILED org.apache.ratis.protocol.NotLeaderException: Server e26b1dcf-4969-4dad-afea-c8de5ddf4bfa is not the leader (null). Request must be sent to leader., logIndex=0, commits[e26b1dcf-4969-4dad-afea-c8de5ddf4bfa:c-1]
2019-07-15 13:53:30,630 INFO  client.GrpcClientProtocolClient (GrpcClientProtocolClient.java:onNext(255)) - client-18D8D3B8A431->d2ff130a-f701-4eea-813f-f59bb59348fb: receive RaftClientReply:client-18D8D3B8A431->d2ff130a-f701-4eea-813f-f59bb59348fb@group-F3B4F183CD23, cid=176, FAILED org.apache.ratis.protocol.NotLeaderException: Server d2ff130a-f701-4eea-813f-f59bb59348fb is not the leader (null). Request must be sent to leader., logIndex=0, commits[d2ff130a-f701-4eea-813f-f59bb59348fb:c-1]
2019-07-15 13:53:31,647 INFO  client.GrpcClientProtocolClient (GrpcClientProtocolClient.java:onNext(255)) - client-18D8D3B8A431->e26b1dcf-4969-4dad-afea-c8de5ddf4bfa: receive RaftClientReply:client-18D8D3B8A431->e26b1dcf-4969-4dad-afea-c8de5ddf4bfa@group-F3B4F183CD23, cid=176, FAILED org.apache.ratis.protocol.NotLeaderException: Server e26b1dcf-4969-4dad-afea-c8de5ddf4bfa is not the leader (null). Request must be sent to leader., logIndex=0, commits[e26b1dcf-4969-4dad-afea-c8de5ddf4bfa:c-1]
2019-07-15 13:53:32,660 INFO  client.GrpcClientProtocolClient (GrpcClientProtocolClient.java:onNext(255)) - client-18D8D3B8A431->d2ff130a-f701-4eea-813f-f59bb59348fb: receive RaftClientReply:client-18D8D3B8A431->d2ff130a-f701-4eea-813f-f59bb59348fb@group-F3B4F183CD23, cid=176, FAILED org.apache.ratis.protocol.NotLeaderException: Server d2ff130a-f701-4eea-813f-f59bb59348fb is not the leader (null). Request must be sent to leader., logIndex=0, commits[d2ff130a-f701-4eea-813f-f59bb59348fb:c-1]
2019-07-15 13:53:32,694 INFO  impl.FollowerState (FollowerState.java:run(106)) - d2ff130a-f701-4eea-813f-f59bb59348fb:group-F3B4F183CD23 changes to CANDIDATE, lastRpcTime:5152, electionTimeout:5152ms
2019-07-15 13:53:32,694 INFO  impl.RoleInfo (RoleInfo.java:shutdownFollowerState(121)) - d2ff130a-f701-4eea-813f-f59bb59348fb: shutdown FollowerState
2019-07-15 13:53:32,694 INFO  impl.RaftServerImpl (RaftServerImpl.java:setRole(171)) - d2ff130a-f701-4eea-813f-f59bb59348fb:group-F3B4F183CD23 changes role from FOLLOWER to CANDIDATE at term 2 for changeToCandidate
2019-07-15 13:53:32,695 INFO  impl.RoleInfo (RoleInfo.java:updateAndGet(143)) - d2ff130a-f701-4eea-813f-f59bb59348fb: start LeaderElection
2019-07-15 13:53:32,711 INFO  impl.LeaderElection (LeaderElection.java:askForVotes(181)) - d2ff130a-f701-4eea-813f-f59bb59348fb:group-F3B4F183CD23:LeaderElection76: begin an election at term 3 for -1: [e26b1dcf-4969-4dad-afea-c8de5ddf4bfa:192.168.157.240:33378, d2ff130a-f701-4eea-813f-f59bb59348fb:192.168.157.240:46797, 20f2f0ae-946f-493f-b338-5eaa42e98f3c:192.168.157.240:43303], old=null
2019-07-15 13:53:32,713 INFO  impl.RaftServerImpl (RaftServerImpl.java:setRole(171)) - 20f2f0ae-946f-493f-b338-5eaa42e98f3c:group-F3B4F183CD23 changes role from FOLLOWER to FOLLOWER at term 3 for recognizeCandidate:d2ff130a-f701-4eea-813f-f59bb59348fb
2019-07-15 13:53:32,714 INFO  impl.RaftServerImpl (RaftServerImpl.java:setRole(171)) - e26b1dcf-4969-4dad-afea-c8de5ddf4bfa:group-F3B4F183CD23 changes role from FOLLOWER to FOLLOWER at term 3 for recognizeCandidate:d2ff130a-f701-4eea-813f-f59bb59348fb
2019-07-15 13:53:32,714 INFO  impl.RoleInfo (RoleInfo.java:shutdownFollowerState(121)) - 20f2f0ae-946f-493f-b338-5eaa42e98f3c: shutdown FollowerState
2019-07-15 13:53:32,714 INFO  impl.RoleInfo (RoleInfo.java:shutdownFollowerState(121)) - e26b1dcf-4969-4dad-afea-c8de5ddf4bfa: shutdown FollowerState
2019-07-15 13:53:32,714 INFO  impl.RoleInfo (RoleInfo.java:updateAndGet(143)) - 20f2f0ae-946f-493f-b338-5eaa42e98f3c: start FollowerState
2019-07-15 13:53:32,714 INFO  impl.RoleInfo (RoleInfo.java:updateAndGet(143)) - e26b1dcf-4969-4dad-afea-c8de5ddf4bfa: start FollowerState
2019-07-15 13:53:32,714 INFO  impl.FollowerState (FollowerState.java:run(114)) - 20f2f0ae-946f-493f-b338-5eaa42e98f3c: FollowerState was interrupted: java.lang.InterruptedException: sleep interrupted
2019-07-15 13:53:32,715 INFO  impl.FollowerState (FollowerState.java:run(114)) - e26b1dcf-4969-4dad-afea-c8de5ddf4bfa: FollowerState was interrupted: java.lang.InterruptedException: sleep interrupted
2019-07-15 13:53:32,741 INFO  impl.LeaderElection (LeaderElection.java:logAndReturn(56)) - d2ff130a-f701-4eea-813f-f59bb59348fb:group-F3B4F183CD23:LeaderElection76: Election PASSED; received 1 response(s) [d2ff130a-f701-4eea-813f-f59bb59348fb<-20f2f0ae-946f-493f-b338-5eaa42e98f3c#0:OK-t3] and 0 exception(s); d2ff130a-f701-4eea-813f-f59bb59348fb:t3, leader=null, voted=d2ff130a-f701-4eea-813f-f59bb59348fb, raftlog=d2ff130a-f701-4eea-813f-f59bb59348fb-SegmentedRaftLog:OPENED:c-1,f-1,i0, conf=-1: [e26b1dcf-4969-4dad-afea-c8de5ddf4bfa:192.168.157.240:33378, d2ff130a-f701-4eea-813f-f59bb59348fb:192.168.157.240:46797, 20f2f0ae-946f-493f-b338-5eaa42e98f3c:192.168.157.240:43303], old=null
2019-07-15 13:53:32,741 INFO  impl.RoleInfo (RoleInfo.java:shutdownLeaderElection(134)) - d2ff130a-f701-4eea-813f-f59bb59348fb: shutdown LeaderElection
2019-07-15 13:53:32,741 INFO  impl.RaftServerImpl (RaftServerImpl.java:setRole(171)) - d2ff130a-f701-4eea-813f-f59bb59348fb:group-F3B4F183CD23 changes role from CANDIDATE to LEADER at term 3 for changeToLeader
2019-07-15 13:53:32,741 INFO  impl.RaftServerImpl (ServerState.java:setLeader(263)) - d2ff130a-f701-4eea-813f-f59bb59348fb:group-F3B4F183CD23 change Leader from null to d2ff130a-f701-4eea-813f-f59bb59348fb at term 3 for becomeLeader, leader elected after 10351ms
2019-07-15 13:53:32,742 INFO  server.RaftServerConfigKeys (ConfUtils.java:logGet(43)) - raft.server.staging.catchup.gap = 1000 (default)
2019-07-15 13:53:32,742 INFO  server.RaftServerConfigKeys (ConfUtils.java:logGet(43)) - raft.server.rpc.sleep.time = 25ms (default)
2019-07-15 13:53:32,742 INFO  server.RaftServerConfigKeys (ConfUtils.java:logGet(43)) - raft.server.write.element-limit = 4096 (default)
2019-07-15 13:53:32,742 INFO  server.RaftServerConfigKeys (ConfUtils.java:logGet(43)) - raft.server.watch.timeout = 10s (default)
2019-07-15 13:53:32,742 INFO  server.RaftServerConfigKeys (ConfUtils.java:logGet(43)) - raft.server.watch.timeout.denomination = 1s (default)
2019-07-15 13:53:32,742 INFO  server.RaftServerConfigKeys (ConfUtils.java:logGet(43)) - raft.server.watch.element-limit = 65536 (default)
2019-07-15 13:53:32,743 INFO  server.RaftServerConfigKeys (ConfUtils.java:logGet(43)) - raft.server.log.appender.snapshot.chunk.size.max = 16MB (=16777216) (default)
2019-07-15 13:53:32,743 INFO  server.RaftServerConfigKeys (ConfUtils.java:logGet(43)) - raft.server.log.appender.buffer.byte-limit = 33554432 (custom)
2019-07-15 13:53:32,743 INFO  server.RaftServerConfigKeys (ConfUtils.java:logGet(43)) - raft.server.log.appender.buffer.element-limit = 1 (custom)
2019-07-15 13:53:32,743 INFO  grpc.GrpcConfigKeys$Server (ConfUtils.java:logGet(43)) - raft.grpc.server.leader.outstanding.appends.max = 128 (default)
2019-07-15 13:53:32,744 INFO  server.RaftServerConfigKeys (ConfUtils.java:logGet(43)) - raft.server.rpc.request.timeout = 3000ms (default)
2019-07-15 13:53:32,744 INFO  server.RaftServerConfigKeys (ConfUtils.java:logGet(43)) - raft.server.log.appender.install.snapshot.enabled = false (custom)
2019-07-15 13:53:32,744 INFO  server.RaftServerConfigKeys (ConfUtils.java:logGet(43)) - raft.server.log.appender.snapshot.chunk.size.max = 16MB (=16777216) (default)
2019-07-15 13:53:32,744 INFO  server.RaftServerConfigKeys (ConfUtils.java:logGet(43)) - raft.server.log.appender.buffer.byte-limit = 33554432 (custom)
2019-07-15 13:53:32,744 INFO  server.RaftServerConfigKeys (ConfUtils.java:logGet(43)) - raft.server.log.appender.buffer.element-limit = 1 (custom)
2019-07-15 13:53:32,745 INFO  grpc.GrpcConfigKeys$Server (ConfUtils.java:logGet(43)) - raft.grpc.server.leader.outstanding.appends.max = 128 (default)
2019-07-15 13:53:32,745 INFO  server.RaftServerConfigKeys (ConfUtils.java:logGet(43)) - raft.server.rpc.request.timeout = 3000ms (default)
2019-07-15 13:53:32,745 INFO  server.RaftServerConfigKeys (ConfUtils.java:logGet(43)) - raft.server.log.appender.install.snapshot.enabled = false (custom)
2019-07-15 13:53:32,745 INFO  impl.RoleInfo (RoleInfo.java:updateAndGet(143)) - d2ff130a-f701-4eea-813f-f59bb59348fb: start LeaderState
2019-07-15 13:53:32,745 INFO  segmented.SegmentedRaftLogWorker (SegmentedRaftLogWorker.java:startLogSegment(380)) - d2ff130a-f701-4eea-813f-f59bb59348fb-SegmentedRaftLogWorker:Storage Directory /workdir/hadoop-ozone/integration-test/target/test-dir/MiniOzoneClusterImpl-7365a5b7-4b1d-40e7-b905-3ffc7194d9ee/datanode-5/data/ratis/59164355-3b32-42ce-8ae7-f3b4f183cd23: Starting segment from index:0
2019-07-15 13:53:32,746 INFO  impl.RaftServerImpl (ServerState.java:setRaftConf(361)) - d2ff130a-f701-4eea-813f-f59bb59348fb:group-F3B4F183CD23 set configuration 0: [e26b1dcf-4969-4dad-afea-c8de5ddf4bfa:192.168.157.240:33378, d2ff130a-f701-4eea-813f-f59bb59348fb:192.168.157.240:46797, 20f2f0ae-946f-493f-b338-5eaa42e98f3c:192.168.157.240:43303], old=null at 0
2019-07-15 13:53:32,748 INFO  impl.RaftServerImpl (ServerState.java:setLeader(263)) - e26b1dcf-4969-4dad-afea-c8de5ddf4bfa:group-F3B4F183CD23 change Leader from null to d2ff130a-f701-4eea-813f-f59bb59348fb at term 3 for appendEntries, leader elected after 10357ms
2019-07-15 13:53:32,748 INFO  impl.RaftServerImpl (ServerState.java:setLeader(263)) - 20f2f0ae-946f-493f-b338-5eaa42e98f3c:group-F3B4F183CD23 change Leader from null to d2ff130a-f701-4eea-813f-f59bb59348fb at term 3 for appendEntries, leader elected after 10357ms
2019-07-15 13:53:32,751 INFO  impl.RaftServerImpl (ServerState.java:setRaftConf(361)) - e26b1dcf-4969-4dad-afea-c8de5ddf4bfa:group-F3B4F183CD23 set configuration 0: [e26b1dcf-4969-4dad-afea-c8de5ddf4bfa:192.168.157.240:33378, d2ff130a-f701-4eea-813f-f59bb59348fb:192.168.157.240:46797, 20f2f0ae-946f-493f-b338-5eaa42e98f3c:192.168.157.240:43303], old=null at 0
2019-07-15 13:53:32,751 INFO  segmented.SegmentedRaftLogWorker (SegmentedRaftLogWorker.java:startLogSegment(380)) - e26b1dcf-4969-4dad-afea-c8de5ddf4bfa-SegmentedRaftLogWorker:Storage Directory /workdir/hadoop-ozone/integration-test/target/test-dir/MiniOzoneClusterImpl-7365a5b7-4b1d-40e7-b905-3ffc7194d9ee/datanode-3/data/ratis/59164355-3b32-42ce-8ae7-f3b4f183cd23: Starting segment from index:0
2019-07-15 13:53:32,751 INFO  impl.RaftServerImpl (ServerState.java:setRaftConf(361)) - 20f2f0ae-946f-493f-b338-5eaa42e98f3c:group-F3B4F183CD23 set configuration 0: [e26b1dcf-4969-4dad-afea-c8de5ddf4bfa:192.168.157.240:33378, d2ff130a-f701-4eea-813f-f59bb59348fb:192.168.157.240:46797, 20f2f0ae-946f-493f-b338-5eaa42e98f3c:192.168.157.240:43303], old=null at 0
2019-07-15 13:53:32,752 INFO  segmented.SegmentedRaftLogWorker (SegmentedRaftLogWorker.java:startLogSegment(380)) - 20f2f0ae-946f-493f-b338-5eaa42e98f3c-SegmentedRaftLogWorker:Storage Directory /workdir/hadoop-ozone/integration-test/target/test-dir/MiniOzoneClusterImpl-7365a5b7-4b1d-40e7-b905-3ffc7194d9ee/datanode-4/data/ratis/59164355-3b32-42ce-8ae7-f3b4f183cd23: Starting segment from index:0
2019-07-15 13:53:32,778 INFO  segmented.SegmentedRaftLogWorker (SegmentedRaftLogWorker.java:execute(569)) - d2ff130a-f701-4eea-813f-f59bb59348fb-SegmentedRaftLogWorker:Storage Directory /workdir/hadoop-ozone/integration-test/target/test-dir/MiniOzoneClusterImpl-7365a5b7-4b1d-40e7-b905-3ffc7194d9ee/datanode-5/data/ratis/59164355-3b32-42ce-8ae7-f3b4f183cd23: created new log segment /workdir/hadoop-ozone/integration-test/target/test-dir/MiniOzoneClusterImpl-7365a5b7-4b1d-40e7-b905-3ffc7194d9ee/datanode-5/data/ratis/59164355-3b32-42ce-8ae7-f3b4f183cd23/current/log_inprogress_0
2019-07-15 13:53:32,778 INFO  segmented.SegmentedRaftLogWorker (SegmentedRaftLogWorker.java:execute(569)) - e26b1dcf-4969-4dad-afea-c8de5ddf4bfa-SegmentedRaftLogWorker:Storage Directory /workdir/hadoop-ozone/integration-test/target/test-dir/MiniOzoneClusterImpl-7365a5b7-4b1d-40e7-b905-3ffc7194d9ee/datanode-3/data/ratis/59164355-3b32-42ce-8ae7-f3b4f183cd23: created new log segment /workdir/hadoop-ozone/integration-test/target/test-dir/MiniOzoneClusterImpl-7365a5b7-4b1d-40e7-b905-3ffc7194d9ee/datanode-3/data/ratis/59164355-3b32-42ce-8ae7-f3b4f183cd23/current/log_inprogress_0
2019-07-15 13:53:32,778 INFO  segmented.SegmentedRaftLogWorker (SegmentedRaftLogWorker.java:execute(569)) - 20f2f0ae-946f-493f-b338-5eaa42e98f3c-SegmentedRaftLogWorker:Storage Directory /workdir/hadoop-ozone/integration-test/target/test-dir/MiniOzoneClusterImpl-7365a5b7-4b1d-40e7-b905-3ffc7194d9ee/datanode-4/data/ratis/59164355-3b32-42ce-8ae7-f3b4f183cd23: created new log segment /workdir/hadoop-ozone/integration-test/target/test-dir/MiniOzoneClusterImpl-7365a5b7-4b1d-40e7-b905-3ffc7194d9ee/datanode-4/data/ratis/59164355-3b32-42ce-8ae7-f3b4f183cd23/current/log_inprogress_0
2019-07-15 13:53:33,670 INFO  client.GrpcClientProtocolClient (GrpcClientProtocolClient.java:onNext(255)) - client-18D8D3B8A431->e26b1dcf-4969-4dad-afea-c8de5ddf4bfa: receive RaftClientReply:client-18D8D3B8A431->e26b1dcf-4969-4dad-afea-c8de5ddf4bfa@group-F3B4F183CD23, cid=176, FAILED org.apache.ratis.protocol.NotLeaderException: Server e26b1dcf-4969-4dad-afea-c8de5ddf4bfa is not the leader (d2ff130a-f701-4eea-813f-f59bb59348fb:192.168.157.240:46797). Request must be sent to leader., logIndex=0, commits[e26b1dcf-4969-4dad-afea-c8de5ddf4bfa:c-1, d2ff130a-f701-4eea-813f-f59bb59348fb:c-1, 20f2f0ae-946f-493f-b338-5eaa42e98f3c:c-1]
2019-07-15 13:53:33,830 INFO  client.GrpcClientProtocolClient (GrpcClientProtocolClient.java:onNext(255)) - client-18D8D3B8A431->d2ff130a-f701-4eea-813f-f59bb59348fb: receive RaftClientReply:client-18D8D3B8A431->d2ff130a-f701-4eea-813f-f59bb59348fb@group-F3B4F183CD23, cid=176, SUCCESS, logIndex=1, commits[d2ff130a-f701-4eea-813f-f59bb59348fb:c1, e26b1dcf-4969-4dad-afea-c8de5ddf4bfa:c0, 20f2f0ae-946f-493f-b338-5eaa42e98f3c:c0]
2019-07-15 13:53:33,849 INFO  client.GrpcClientProtocolClient (GrpcClientProtocolClient.java:onNext(255)) - client-18D8D3B8A431->d2ff130a-f701-4eea-813f-f59bb59348fb: receive RaftClientReply:client-18D8D3B8A431->d2ff130a-f701-4eea-813f-f59bb59348fb@group-F3B4F183CD23, cid=177, SUCCESS, logIndex=3, commits[d2ff130a-f701-4eea-813f-f59bb59348fb:c6, e26b1dcf-4969-4dad-afea-c8de5ddf4bfa:c1, 20f2f0ae-946f-493f-b338-5eaa42e98f3c:c1]
2019-07-15 13:53:33,896 INFO  client.GrpcClientProtocolClient (GrpcClientProtocolClient.java:onNext(255)) - client-18D8D3B8A431->d2ff130a-f701-4eea-813f-f59bb59348fb: receive RaftClientReply:client-18D8D3B8A431->d2ff130a-f701-4eea-813f-f59bb59348fb@group-F3B4F183CD23, cid=178, SUCCESS, logIndex=4, commits[d2ff130a-f701-4eea-813f-f59bb59348fb:c11, e26b1dcf-4969-4dad-afea-c8de5ddf4bfa:c7, 20f2f0ae-946f-493f-b338-5eaa42e98f3c:c7]
2019-07-15 13:53:33,897 INFO  client.GrpcClientProtocolClient (GrpcClientProtocolClient.java:onNext(255)) - client-18D8D3B8A431->d2ff130a-f701-4eea-813f-f59bb59348fb: receive RaftClientReply:client-18D8D3B8A431->d2ff130a-f701-4eea-813f-f59bb59348fb@group-F3B4F183CD23, cid=179, SUCCESS, logIndex=5, commits[d2ff130a-f701-4eea-813f-f59bb59348fb:c11, e26b1dcf-4969-4dad-afea-c8de5ddf4bfa:c7, 20f2f0ae-946f-493f-b338-5eaa42e98f3c:c7]
2019-07-15 13:53:33,898 INFO  client.GrpcClientProtocolClient (GrpcClientProtocolClient.java:onNext(255)) - client-18D8D3B8A431->d2ff130a-f701-4eea-813f-f59bb59348fb: receive RaftClientReply:client-18D8D3B8A431->d2ff130a-f701-4eea-813f-f59bb59348fb@group-F3B4F183CD23, cid=180, SUCCESS, logIndex=6, commits[d2ff130a-f701-4eea-813f-f59bb59348fb:c11, e26b1dcf-4969-4dad-afea-c8de5ddf4bfa:c7, 20f2f0ae-946f-493f-b338-5eaa42e98f3c:c7]
2019-07-15 13:53:33,995 INFO  client.GrpcClientProtocolClient (GrpcClientProtocolClient.java:onNext(255)) - client-18D8D3B8A431->d2ff130a-f701-4eea-813f-f59bb59348fb: receive RaftClientReply:client-18D8D3B8A431->d2ff130a-f701-4eea-813f-f59bb59348fb@group-F3B4F183CD23, cid=181, SUCCESS, logIndex=7, commits[d2ff130a-f701-4eea-813f-f59bb59348fb:c11, e26b1dcf-4969-4dad-afea-c8de5ddf4bfa:c7, 20f2f0ae-946f-493f-b338-5eaa42e98f3c:c7]
2019-07-15 13:53:34,013 INFO  client.GrpcClientProtocolClient (GrpcClientProtocolClient.java:onNext(255)) - client-18D8D3B8A431->d2ff130a-f701-4eea-813f-f59bb59348fb: receive RaftClientReply:client-18D8D3B8A431->d2ff130a-f701-4eea-813f-f59bb59348fb@group-F3B4F183CD23, cid=182, SUCCESS, logIndex=12, commits[d2ff130a-f701-4eea-813f-f59bb59348fb:c13, e26b1dcf-4969-4dad-afea-c8de5ddf4bfa:c11, 20f2f0ae-946f-493f-b338-5eaa42e98f3c:c11]
2019-07-15 13:53:34,014 INFO  client.GrpcClientProtocolClient (GrpcClientProtocolClient.java:onNext(255)) - client-18D8D3B8A431->d2ff130a-f701-4eea-813f-f59bb59348fb: receive RaftClientReply:client-18D8D3B8A431->d2ff130a-f701-4eea-813f-f59bb59348fb@group-F3B4F183CD23, cid=183, SUCCESS, logIndex=13, commits[d2ff130a-f701-4eea-813f-f59bb59348fb:c13, e26b1dcf-4969-4dad-afea-c8de5ddf4bfa:c11, 20f2f0ae-946f-493f-b338-5eaa42e98f3c:c11]
2019-07-15 13:53:34,031 INFO  client.GrpcClientProtocolClient (GrpcClientProtocolClient.java:onNext(255)) - client-18D8D3B8A431->d2ff130a-f701-4eea-813f-f59bb59348fb: receive RaftClientReply:client-18D8D3B8A431->d2ff130a-f701-4eea-813f-f59bb59348fb@group-F3B4F183CD23, cid=184, SUCCESS, logIndex=0, commits[d2ff130a-f701-4eea-813f-f59bb59348fb:c14, e26b1dcf-4969-4dad-afea-c8de5ddf4bfa:c13, 20f2f0ae-946f-493f-b338-5eaa42e98f3c:c13]
2019-07-15 13:53:34,032 INFO  datanode.ObjectStoreHandler (ObjectStoreHandler.java:close(155)) - Closing ObjectStoreHandler.
2019-07-15 13:53:34,032 INFO  ozone.HddsDatanodeService (HddsDatanodeService.java:stop(452)) - Stopped plug-in org.apache.hadoop.ozone.web.OzoneHddsDatanodeService@6792aa3e
2019-07-15 13:53:34,816 INFO  statemachine.DatanodeStateMachine (DatanodeStateMachine.java:lambda$startDaemon$0(350)) - Ozone container server started.
2019-07-15 13:53:38,910 INFO  node.StaleNodeHandler (StaleNodeHandler.java:onMessage(58)) - Datanode e26b1dcf-4969-4dad-afea-c8de5ddf4bfa{ip: 192.168.157.240, host: trunk-nightly-hvlc9-701369690, networkLocation: /default-rack, certSerialId: null} moved to stale state. Finalizing its pipelines [PipelineID=871c3bec-2e25-4d22-9433-6e039b358451, PipelineID=59164355-3b32-42ce-8ae7-f3b4f183cd23]
2019-07-15 13:53:38,911 INFO  pipeline.SCMPipelineManager (SCMPipelineManager.java:finalizeAndDestroyPipeline(309)) - destroying pipeline:Pipeline[ Id: 871c3bec-2e25-4d22-9433-6e039b358451, Nodes: e26b1dcf-4969-4dad-afea-c8de5ddf4bfa{ip: 192.168.157.240, host: trunk-nightly-hvlc9-701369690, networkLocation: /default-rack, certSerialId: null}, Type:RATIS, Factor:ONE, State:OPEN]
2019-07-15 13:53:38,911 INFO  pipeline.PipelineStateManager (PipelineStateManager.java:finalizePipeline(123)) - Pipeline Pipeline[ Id: 871c3bec-2e25-4d22-9433-6e039b358451, Nodes: e26b1dcf-4969-4dad-afea-c8de5ddf4bfa{ip: 192.168.157.240, host: trunk-nightly-hvlc9-701369690, networkLocation: /default-rack, certSerialId: null}, Type:RATIS, Factor:ONE, State:CLOSED] moved to CLOSED state
2019-07-15 13:53:38,911 INFO  pipeline.SCMPipelineManager (SCMPipelineManager.java:finalizeAndDestroyPipeline(309)) - destroying pipeline:Pipeline[ Id: 59164355-3b32-42ce-8ae7-f3b4f183cd23, Nodes: e26b1dcf-4969-4dad-afea-c8de5ddf4bfa{ip: 192.168.157.240, host: trunk-nightly-hvlc9-701369690, networkLocation: /default-rack, certSerialId: null}d2ff130a-f701-4eea-813f-f59bb59348fb{ip: 192.168.157.240, host: trunk-nightly-hvlc9-701369690, networkLocation: /default-rack, certSerialId: null}20f2f0ae-946f-493f-b338-5eaa42e98f3c{ip: 192.168.157.240, host: trunk-nightly-hvlc9-701369690, networkLocation: /default-rack, certSerialId: null}, Type:RATIS, Factor:THREE, State:OPEN]
2019-07-15 13:53:38,911 INFO  pipeline.PipelineStateManager (PipelineStateManager.java:finalizePipeline(123)) - Pipeline Pipeline[ Id: 59164355-3b32-42ce-8ae7-f3b4f183cd23, Nodes: e26b1dcf-4969-4dad-afea-c8de5ddf4bfa{ip: 192.168.157.240, host: trunk-nightly-hvlc9-701369690, networkLocation: /default-rack, certSerialId: null}d2ff130a-f701-4eea-813f-f59bb59348fb{ip: 192.168.157.240, host: trunk-nightly-hvlc9-701369690, networkLocation: /default-rack, certSerialId: null}20f2f0ae-946f-493f-b338-5eaa42e98f3c{ip: 192.168.157.240, host: trunk-nightly-hvlc9-701369690, networkLocation: /default-rack, certSerialId: null}, Type:RATIS, Factor:THREE, State:CLOSED] moved to CLOSED state
2019-07-15 13:53:38,912 INFO  container.CloseContainerEventHandler (CloseContainerEventHandler.java:onMessage(61)) - Close container Event triggered for container : #1
2019-07-15 13:53:39,034 INFO  ozoneimpl.OzoneContainer (OzoneContainer.java:stop(199)) - Attempting to stop container services.
2019-07-15 13:53:39,034 INFO  impl.RaftServerProxy (RaftServerProxy.java:lambda$close$4(314)) - e26b1dcf-4969-4dad-afea-c8de5ddf4bfa: close
2019-07-15 13:53:39,035 INFO  impl.RaftServerImpl (RaftServerImpl.java:lambda$shutdown$3(245)) - e26b1dcf-4969-4dad-afea-c8de5ddf4bfa: shutdown group-6E039B358451
2019-07-15 13:53:39,035 INFO  impl.RaftServerImpl (RaftServerImpl.java:lambda$shutdown$3(245)) - e26b1dcf-4969-4dad-afea-c8de5ddf4bfa: shutdown group-F3B4F183CD23
2019-07-15 13:53:39,036 INFO  util.JmxRegister (JmxRegister.java:unregister(73)) - Successfully un-registered JMX Bean with object name Ratis:service=RaftServer,group=group-6E039B358451,id=e26b1dcf-4969-4dad-afea-c8de5ddf4bfa
2019-07-15 13:53:39,036 INFO  util.JmxRegister (JmxRegister.java:unregister(73)) - Successfully un-registered JMX Bean with object name Ratis:service=RaftServer,group=group-F3B4F183CD23,id=e26b1dcf-4969-4dad-afea-c8de5ddf4bfa
2019-07-15 13:53:39,036 INFO  impl.RoleInfo (RoleInfo.java:shutdownLeaderState(104)) - e26b1dcf-4969-4dad-afea-c8de5ddf4bfa: shutdown LeaderState
2019-07-15 13:53:39,037 INFO  impl.RoleInfo (RoleInfo.java:shutdownFollowerState(121)) - e26b1dcf-4969-4dad-afea-c8de5ddf4bfa: shutdown FollowerState
2019-07-15 13:53:39,037 INFO  impl.PendingRequests (PendingRequests.java:sendNotLeaderResponses(202)) - e26b1dcf-4969-4dad-afea-c8de5ddf4bfa-PendingRequests: sendNotLeaderResponses
2019-07-15 13:53:39,037 INFO  ratis.ContainerStateMachine (ContainerStateMachine.java:takeSnapshot(249)) - group-F3B4F183CD23: Taking a snapshot at:(t:3, i:13) file /workdir/hadoop-ozone/integration-test/target/test-dir/MiniOzoneClusterImpl-7365a5b7-4b1d-40e7-b905-3ffc7194d9ee/datanode-3/data/ratis/59164355-3b32-42ce-8ae7-f3b4f183cd23/sm/snapshot.3_13
2019-07-15 13:53:39,037 INFO  impl.FollowerState (FollowerState.java:run(114)) - e26b1dcf-4969-4dad-afea-c8de5ddf4bfa: FollowerState was interrupted: java.lang.InterruptedException: sleep interrupted
2019-07-15 13:53:39,037 INFO  impl.StateMachineUpdater (StateMachineUpdater.java:stopAndJoin(115)) - StateMachineUpdater:e26b1dcf-4969-4dad-afea-c8de5ddf4bfa:group-F3B4F183CD23: set stopIndex = 15
2019-07-15 13:53:39,038 INFO  impl.StateMachineUpdater (StateMachineUpdater.java:stopAndJoin(115)) - StateMachineUpdater:e26b1dcf-4969-4dad-afea-c8de5ddf4bfa:group-6E039B358451: set stopIndex = 0
2019-07-15 13:53:39,043 INFO  impl.RaftServerImpl (ServerState.java:close(394)) - e26b1dcf-4969-4dad-afea-c8de5ddf4bfa:group-6E039B358451 closes. The last applied log index is 0
2019-07-15 13:53:39,043 INFO  segmented.SegmentedRaftLogWorker (SegmentedRaftLogWorker.java:run(313)) - e26b1dcf-4969-4dad-afea-c8de5ddf4bfa-SegmentedRaftLogWorker:Storage Directory /workdir/hadoop-ozone/integration-test/target/test-dir/MiniOzoneClusterImpl-7365a5b7-4b1d-40e7-b905-3ffc7194d9ee/datanode-3/data/ratis/871c3bec-2e25-4d22-9433-6e039b358451 was interrupted, exiting. There are 0 tasks remaining in the queue.
2019-07-15 13:53:39,050 INFO  ratis.ContainerStateMachine (ContainerStateMachine.java:takeSnapshot(257)) - group-F3B4F183CD23: Finished taking a snapshot at:(t:3, i:13) file:/workdir/hadoop-ozone/integration-test/target/test-dir/MiniOzoneClusterImpl-7365a5b7-4b1d-40e7-b905-3ffc7194d9ee/datanode-3/data/ratis/59164355-3b32-42ce-8ae7-f3b4f183cd23/sm/snapshot.3_13 time:13
2019-07-15 13:53:39,050 INFO  segmented.SegmentedRaftLogWorker (SegmentedRaftLogWorker.java:close(228)) - e26b1dcf-4969-4dad-afea-c8de5ddf4bfa-SegmentedRaftLogWorker:Storage Directory /workdir/hadoop-ozone/integration-test/target/test-dir/MiniOzoneClusterImpl-7365a5b7-4b1d-40e7-b905-3ffc7194d9ee/datanode-3/data/ratis/871c3bec-2e25-4d22-9433-6e039b358451 close()
2019-07-15 13:53:39,050 INFO  impl.StateMachineUpdater (StateMachineUpdater.java:takeSnapshot(242)) - StateMachineUpdater:e26b1dcf-4969-4dad-afea-c8de5ddf4bfa:group-F3B4F183CD23: Took a snapshot at index 13
2019-07-15 13:53:39,055 INFO  impl.StateMachineUpdater (StateMachineUpdater.java:lambda$new$0(80)) - StateMachineUpdater:e26b1dcf-4969-4dad-afea-c8de5ddf4bfa:group-F3B4F183CD23: snapshotIndex: updateIncreasingly -1 -> 13
2019-07-15 13:53:39,056 INFO  impl.RaftServerImpl (ServerState.java:close(394)) - e26b1dcf-4969-4dad-afea-c8de5ddf4bfa:group-F3B4F183CD23 closes. The last applied log index is 15
2019-07-15 13:53:39,056 INFO  segmented.SegmentedRaftLogWorker (SegmentedRaftLogWorker.java:run(313)) - e26b1dcf-4969-4dad-afea-c8de5ddf4bfa-SegmentedRaftLogWorker:Storage Directory /workdir/hadoop-ozone/integration-test/target/test-dir/MiniOzoneClusterImpl-7365a5b7-4b1d-40e7-b905-3ffc7194d9ee/datanode-3/data/ratis/59164355-3b32-42ce-8ae7-f3b4f183cd23 was interrupted, exiting. There are 0 tasks remaining in the queue.
2019-07-15 13:53:39,059 INFO  segmented.SegmentedRaftLogWorker (SegmentedRaftLogWorker.java:close(228)) - e26b1dcf-4969-4dad-afea-c8de5ddf4bfa-SegmentedRaftLogWorker:Storage Directory /workdir/hadoop-ozone/integration-test/target/test-dir/MiniOzoneClusterImpl-7365a5b7-4b1d-40e7-b905-3ffc7194d9ee/datanode-3/data/ratis/59164355-3b32-42ce-8ae7-f3b4f183cd23 close()
2019-07-15 13:53:39,063 INFO  server.GrpcService (GrpcService.java:closeImpl(155)) - e26b1dcf-4969-4dad-afea-c8de5ddf4bfa: shutdown server with port 33378 now
2019-07-15 13:53:39,064 WARN  server.GrpcServerProtocolService (LogUtils.java:warn(134)) - e26b1dcf-4969-4dad-afea-c8de5ddf4bfa: appendEntries onError: org.apache.ratis.thirdparty.io.grpc.StatusRuntimeException: CANCELLED: cancelled before receiving half close
2019-07-15 13:53:39,064 INFO  server.GrpcService (GrpcService.java:closeImpl(163)) - e26b1dcf-4969-4dad-afea-c8de5ddf4bfa: shutdown server with port 33378 successfully
2019-07-15 13:53:39,065 WARN  server.GrpcLogAppender (LogUtils.java:warn(134)) - d2ff130a-f701-4eea-813f-f59bb59348fb->e26b1dcf-4969-4dad-afea-c8de5ddf4bfa: Failed appendEntries: org.apache.ratis.thirdparty.io.grpc.StatusRuntimeException: CANCELLED: HTTP/2 error code: CANCEL
Received Rst Stream
2019-07-15 13:53:39,065 INFO  impl.FollowerInfo (FollowerInfo.java:lambda$new$0(50)) - d2ff130a-f701-4eea-813f-f59bb59348fb->e26b1dcf-4969-4dad-afea-c8de5ddf4bfa: nextIndex: updateUnconditionally 16 -> 15
2019-07-15 13:53:39,066 INFO  utils.BackgroundService (BackgroundService.java:shutdown(148)) - Shutting down service BlockDeletingService
2019-07-15 13:53:39,069 WARN  fs.CachingGetSpaceUsed (CachingGetSpaceUsed.java:run(183)) - Thread Interrupted waiting to refresh disk information: sleep interrupted
2019-07-15 13:53:39,093 INFO  statemachine.DatanodeStateMachine (DatanodeStateMachine.java:stopDaemon(395)) - Ozone container server stopped.
2019-07-15 13:53:39,096 INFO  handler.ContextHandler (ContextHandler.java:doStop(910)) - Stopped o.e.j.w.WebAppContext@5529fd4e{/,null,UNAVAILABLE}{/hddsDatanode}
2019-07-15 13:53:39,096 INFO  server.AbstractConnector (AbstractConnector.java:doStop(318)) - Stopped ServerConnector@5eaa6f76{HTTP/1.1,[http/1.1]}{0.0.0.0:0}
2019-07-15 13:53:39,097 INFO  handler.ContextHandler (ContextHandler.java:doStop(910)) - Stopped o.e.j.s.ServletContextHandler@3fb920d9{/static,jar:file:/home/user/.m2/repository/org/apache/hadoop/hadoop-hdds-container-service/0.5.0-SNAPSHOT/hadoop-hdds-container-service-0.5.0-SNAPSHOT.jar!/webapps/static,UNAVAILABLE}
2019-07-15 13:53:39,097 INFO  handler.ContextHandler (ContextHandler.java:doStop(910)) - Stopped o.e.j.s.ServletContextHandler@2250deae{/logs,file:///workdir/hadoop-ozone/integration-test/target/log,UNAVAILABLE}
2019-07-15 13:53:39,103 WARN  server.GrpcLogAppender (LogUtils.java:warn(134)) - d2ff130a-f701-4eea-813f-f59bb59348fb->e26b1dcf-4969-4dad-afea-c8de5ddf4bfa: Failed appendEntries: org.apache.ratis.thirdparty.io.grpc.StatusRuntimeException: UNAVAILABLE: io exception
2019-07-15 13:53:39,104 INFO  impl.FollowerInfo (FollowerInfo.java:lambda$new$0(50)) - d2ff130a-f701-4eea-813f-f59bb59348fb->e26b1dcf-4969-4dad-afea-c8de5ddf4bfa: nextIndex: updateUnconditionally 16 -> 15
2019-07-15 13:53:39,106 WARN  server.GrpcLogAppender (LogUtils.java:warn(134)) - d2ff130a-f701-4eea-813f-f59bb59348fb->e26b1dcf-4969-4dad-afea-c8de5ddf4bfa: Failed appendEntries: org.apache.ratis.thirdparty.io.grpc.StatusRuntimeException: UNAVAILABLE: io exception
2019-07-15 13:53:39,107 INFO  impl.FollowerInfo (FollowerInfo.java:lambda$new$0(50)) - d2ff130a-f701-4eea-813f-f59bb59348fb->e26b1dcf-4969-4dad-afea-c8de5ddf4bfa: nextIndex: updateUnconditionally 16 -> 15
2019-07-15 13:53:39,117 WARN  server.GrpcLogAppender (LogUtils.java:warn(134)) - d2ff130a-f701-4eea-813f-f59bb59348fb->e26b1dcf-4969-4dad-afea-c8de5ddf4bfa: Failed appendEntries: org.apache.ratis.thirdparty.io.grpc.StatusRuntimeException: UNAVAILABLE: io exception
2019-07-15 13:53:39,117 INFO  impl.FollowerInfo (FollowerInfo.java:lambda$new$0(50)) - d2ff130a-f701-4eea-813f-f59bb59348fb->e26b1dcf-4969-4dad-afea-c8de5ddf4bfa: nextIndex: updateUnconditionally 16 -> 15
2019-07-15 13:53:39,117 INFO  client.GrpcClientProtocolClient (GrpcClientProtocolClient.java:onNext(255)) - client-18D8D3B8A431->d2ff130a-f701-4eea-813f-f59bb59348fb: receive RaftClientReply:client-18D8D3B8A431->d2ff130a-f701-4eea-813f-f59bb59348fb@group-F3B4F183CD23, cid=185, SUCCESS, logIndex=16, commits[d2ff130a-f701-4eea-813f-f59bb59348fb:c16, e26b1dcf-4969-4dad-afea-c8de5ddf4bfa:c15, 20f2f0ae-946f-493f-b338-5eaa42e98f3c:c15]
2019-07-15 13:53:39,119 WARN  server.GrpcLogAppender (LogUtils.java:warn(134)) - d2ff130a-f701-4eea-813f-f59bb59348fb->e26b1dcf-4969-4dad-afea-c8de5ddf4bfa: Failed appendEntries: org.apache.ratis.thirdparty.io.grpc.StatusRuntimeException: UNAVAILABLE: io exception
2019-07-15 13:53:39,119 INFO  client.GrpcClientProtocolClient (GrpcClientProtocolClient.java:onNext(255)) - client-18D8D3B8A431->d2ff130a-f701-4eea-813f-f59bb59348fb: receive RaftClientReply:client-18D8D3B8A431->d2ff130a-f701-4eea-813f-f59bb59348fb@group-F3B4F183CD23, cid=186, SUCCESS, logIndex=17, commits[d2ff130a-f701-4eea-813f-f59bb59348fb:c19, e26b1dcf-4969-4dad-afea-c8de5ddf4bfa:c15, 20f2f0ae-946f-493f-b338-5eaa42e98f3c:c15]
2019-07-15 13:53:39,119 INFO  impl.FollowerInfo (FollowerInfo.java:lambda$new$0(50)) - d2ff130a-f701-4eea-813f-f59bb59348fb->e26b1dcf-4969-4dad-afea-c8de5ddf4bfa: nextIndex: updateUnconditionally 16 -> 15
2019-07-15 13:53:39,120 INFO  client.GrpcClientProtocolClient (GrpcClientProtocolClient.java:onNext(255)) - client-18D8D3B8A431->d2ff130a-f701-4eea-813f-f59bb59348fb: receive RaftClientReply:client-18D8D3B8A431->d2ff130a-f701-4eea-813f-f59bb59348fb@group-F3B4F183CD23, cid=187, SUCCESS, logIndex=18, commits[d2ff130a-f701-4eea-813f-f59bb59348fb:c22, e26b1dcf-4969-4dad-afea-c8de5ddf4bfa:c15, 20f2f0ae-946f-493f-b338-5eaa42e98f3c:c16]
2019-07-15 13:53:39,121 INFO  client.GrpcClientProtocolClient (GrpcClientProtocolClient.java:onNext(255)) - client-18D8D3B8A431->d2ff130a-f701-4eea-813f-f59bb59348fb: receive RaftClientReply:client-18D8D3B8A431->d2ff130a-f701-4eea-813f-f59bb59348fb@group-F3B4F183CD23, cid=188, SUCCESS, logIndex=19, commits[d2ff130a-f701-4eea-813f-f59bb59348fb:c22, e26b1dcf-4969-4dad-afea-c8de5ddf4bfa:c15, 20f2f0ae-946f-493f-b338-5eaa42e98f3c:c16]
2019-07-15 13:53:39,121 INFO  client.GrpcClientProtocolClient (GrpcClientProtocolClient.java:onNext(255)) - client-18D8D3B8A431->d2ff130a-f701-4eea-813f-f59bb59348fb: receive RaftClientReply:client-18D8D3B8A431->d2ff130a-f701-4eea-813f-f59bb59348fb@group-F3B4F183CD23, cid=189, SUCCESS, logIndex=20, commits[d2ff130a-f701-4eea-813f-f59bb59348fb:c22, e26b1dcf-4969-4dad-afea-c8de5ddf4bfa:c15, 20f2f0ae-946f-493f-b338-5eaa42e98f3c:c16]
2019-07-15 13:53:39,122 INFO  client.GrpcClientProtocolClient (GrpcClientProtocolClient.java:onNext(255)) - client-18D8D3B8A431->d2ff130a-f701-4eea-813f-f59bb59348fb: receive RaftClientReply:client-18D8D3B8A431->d2ff130a-f701-4eea-813f-f59bb59348fb@group-F3B4F183CD23, cid=190, SUCCESS, logIndex=21, commits[d2ff130a-f701-4eea-813f-f59bb59348fb:c22, e26b1dcf-4969-4dad-afea-c8de5ddf4bfa:c15, 20f2f0ae-946f-493f-b338-5eaa42e98f3c:c16]
2019-07-15 13:53:39,132 WARN  server.GrpcLogAppender (LogUtils.java:warn(134)) - d2ff130a-f701-4eea-813f-f59bb59348fb->e26b1dcf-4969-4dad-afea-c8de5ddf4bfa: Failed appendEntries: org.apache.ratis.thirdparty.io.grpc.StatusRuntimeException: UNAVAILABLE: io exception
2019-07-15 13:53:39,133 INFO  impl.FollowerInfo (FollowerInfo.java:lambda$new$0(50)) - d2ff130a-f701-4eea-813f-f59bb59348fb->e26b1dcf-4969-4dad-afea-c8de5ddf4bfa: nextIndex: updateUnconditionally 16 -> 15
2019-07-15 13:53:40,123 WARN  scm.XceiverClientRatis (XceiverClientRatis.java:watchForCommit(262)) - 3 way commit failed on pipeline Pipeline[ Id: 59164355-3b32-42ce-8ae7-f3b4f183cd23, Nodes: e26b1dcf-4969-4dad-afea-c8de5ddf4bfa{ip: 192.168.157.240, host: trunk-nightly-hvlc9-701369690, networkLocation: /default-rack, certSerialId: null}d2ff130a-f701-4eea-813f-f59bb59348fb{ip: 192.168.157.240, host: trunk-nightly-hvlc9-701369690, networkLocation: /default-rack, certSerialId: null}20f2f0ae-946f-493f-b338-5eaa42e98f3c{ip: 192.168.157.240, host: trunk-nightly-hvlc9-701369690, networkLocation: /default-rack, certSerialId: null}, Type:RATIS, Factor:THREE, State:OPEN]
java.util.concurrent.TimeoutException
	at java.util.concurrent.CompletableFuture.timedGet(CompletableFuture.java:1771)
	at java.util.concurrent.CompletableFuture.get(CompletableFuture.java:1915)
	at org.apache.hadoop.hdds.scm.XceiverClientRatis.watchForCommit(XceiverClientRatis.java:259)
	at org.apache.hadoop.hdds.scm.storage.CommitWatcher.watchForCommit(CommitWatcher.java:194)
	at org.apache.hadoop.hdds.scm.storage.CommitWatcher.watchOnLastIndex(CommitWatcher.java:157)
	at org.apache.hadoop.hdds.scm.storage.BlockOutputStream.watchForCommit(BlockOutputStream.java:355)
	at org.apache.hadoop.hdds.scm.storage.BlockOutputStream.handleFlush(BlockOutputStream.java:487)
	at org.apache.hadoop.hdds.scm.storage.BlockOutputStream.close(BlockOutputStream.java:501)
	at org.apache.hadoop.ozone.client.io.BlockOutputStreamEntry.close(BlockOutputStreamEntry.java:143)
	at org.apache.hadoop.ozone.client.io.KeyOutputStream.handleFlushOrClose(KeyOutputStream.java:438)
	at org.apache.hadoop.ozone.client.io.KeyOutputStream.handleWrite(KeyOutputStream.java:235)
	at org.apache.hadoop.ozone.client.io.KeyOutputStream.write(KeyOutputStream.java:193)
	at org.apache.hadoop.ozone.client.io.OzoneOutputStream.write(OzoneOutputStream.java:49)
	at java.io.OutputStream.write(OutputStream.java:75)
	at org.apache.hadoop.ozone.client.rpc.TestBlockOutputStreamWithFailures.testWatchForCommitDatanodeFailure(TestBlockOutputStreamWithFailures.java:363)
	at sun.reflect.NativeMethodAccessorImpl.invoke0(Native Method)
	at sun.reflect.NativeMethodAccessorImpl.invoke(NativeMethodAccessorImpl.java:62)
	at sun.reflect.DelegatingMethodAccessorImpl.invoke(DelegatingMethodAccessorImpl.java:43)
	at java.lang.reflect.Method.invoke(Method.java:498)
	at org.junit.runners.model.FrameworkMethod$1.runReflectiveCall(FrameworkMethod.java:47)
	at org.junit.internal.runners.model.ReflectiveCallable.run(ReflectiveCallable.java:12)
	at org.junit.runners.model.FrameworkMethod.invokeExplosively(FrameworkMethod.java:44)
	at org.junit.internal.runners.statements.InvokeMethod.evaluate(InvokeMethod.java:17)
	at org.junit.internal.runners.statements.RunBefores.evaluate(RunBefores.java:26)
	at org.junit.internal.runners.statements.RunAfters.evaluate(RunAfters.java:27)
	at org.junit.runners.ParentRunner.runLeaf(ParentRunner.java:271)
	at org.junit.runners.BlockJUnit4ClassRunner.runChild(BlockJUnit4ClassRunner.java:70)
	at org.junit.runners.BlockJUnit4ClassRunner.runChild(BlockJUnit4ClassRunner.java:50)
	at org.junit.runners.ParentRunner$3.run(ParentRunner.java:238)
	at org.junit.runners.ParentRunner$1.schedule(ParentRunner.java:63)
	at org.junit.runners.ParentRunner.runChildren(ParentRunner.java:236)
	at org.junit.runners.ParentRunner.access$000(ParentRunner.java:53)
	at org.junit.runners.ParentRunner$2.evaluate(ParentRunner.java:229)
	at org.junit.runners.ParentRunner.run(ParentRunner.java:309)
	at org.apache.maven.surefire.junit4.JUnit4Provider.execute(JUnit4Provider.java:365)
	at org.apache.maven.surefire.junit4.JUnit4Provider.executeWithRerun(JUnit4Provider.java:273)
	at org.apache.maven.surefire.junit4.JUnit4Provider.executeTestSet(JUnit4Provider.java:238)
	at org.apache.maven.surefire.junit4.JUnit4Provider.invoke(JUnit4Provider.java:159)
	at org.apache.maven.surefire.booter.ForkedBooter.invokeProviderInSameClassLoader(ForkedBooter.java:384)
	at org.apache.maven.surefire.booter.ForkedBooter.runSuitesInProcess(ForkedBooter.java:345)
	at org.apache.maven.surefire.booter.ForkedBooter.execute(ForkedBooter.java:126)
	at org.apache.maven.surefire.booter.ForkedBooter.main(ForkedBooter.java:418)
2019-07-15 13:53:40,824 WARN  server.GrpcLogAppender (LogUtils.java:warn(134)) - d2ff130a-f701-4eea-813f-f59bb59348fb->e26b1dcf-4969-4dad-afea-c8de5ddf4bfa: Failed appendEntries: org.apache.ratis.thirdparty.io.grpc.StatusRuntimeException: UNAVAILABLE: io exception
2019-07-15 13:53:40,824 INFO  impl.FollowerInfo (FollowerInfo.java:lambda$new$0(50)) - d2ff130a-f701-4eea-813f-f59bb59348fb->e26b1dcf-4969-4dad-afea-c8de5ddf4bfa: nextIndex: updateUnconditionally 16 -> 15
2019-07-15 13:53:40,832 INFO  client.GrpcClientProtocolClient (GrpcClientProtocolClient.java:onNext(255)) - client-18D8D3B8A431->d2ff130a-f701-4eea-813f-f59bb59348fb: receive RaftClientReply:client-18D8D3B8A431->d2ff130a-f701-4eea-813f-f59bb59348fb@group-F3B4F183CD23, cid=192, SUCCESS, logIndex=0, commits[d2ff130a-f701-4eea-813f-f59bb59348fb:c24, e26b1dcf-4969-4dad-afea-c8de5ddf4bfa:c15, 20f2f0ae-946f-493f-b338-5eaa42e98f3c:c24]
2019-07-15 13:53:40,833 WARN  server.GrpcLogAppender (LogUtils.java:warn(134)) - d2ff130a-f701-4eea-813f-f59bb59348fb->e26b1dcf-4969-4dad-afea-c8de5ddf4bfa: Failed appendEntries: org.apache.ratis.thirdparty.io.grpc.StatusRuntimeException: UNAVAILABLE: io exception
2019-07-15 13:53:40,833 INFO  impl.FollowerInfo (FollowerInfo.java:lambda$new$0(50)) - d2ff130a-f701-4eea-813f-f59bb59348fb->e26b1dcf-4969-4dad-afea-c8de5ddf4bfa: nextIndex: updateUnconditionally 16 -> 15
2019-07-15 13:53:40,834 INFO  scm.XceiverClientRatis (XceiverClientRatis.java:lambda$watchForCommit$7(280)) - Could not commit index 21 on pipeline Pipeline[ Id: 59164355-3b32-42ce-8ae7-f3b4f183cd23, Nodes: e26b1dcf-4969-4dad-afea-c8de5ddf4bfa{ip: 192.168.157.240, host: trunk-nightly-hvlc9-701369690, networkLocation: /default-rack, certSerialId: null}d2ff130a-f701-4eea-813f-f59bb59348fb{ip: 192.168.157.240, host: trunk-nightly-hvlc9-701369690, networkLocation: /default-rack, certSerialId: null}20f2f0ae-946f-493f-b338-5eaa42e98f3c{ip: 192.168.157.240, host: trunk-nightly-hvlc9-701369690, networkLocation: /default-rack, certSerialId: null}, Type:RATIS, Factor:THREE, State:OPEN] to all the nodes. Server e26b1dcf-4969-4dad-afea-c8de5ddf4bfa has failed. Committed by majority.
2019-07-15 13:53:40,835 WARN  storage.BlockOutputStream (BlockOutputStream.java:watchForCommit(361)) - Failed to commit BlockId conID: 1 locID: 102445796788142094 bcsId: 21 on Pipeline[ Id: 59164355-3b32-42ce-8ae7-f3b4f183cd23, Nodes: e26b1dcf-4969-4dad-afea-c8de5ddf4bfa{ip: 192.168.157.240, host: trunk-nightly-hvlc9-701369690, networkLocation: /default-rack, certSerialId: null}d2ff130a-f701-4eea-813f-f59bb59348fb{ip: 192.168.157.240, host: trunk-nightly-hvlc9-701369690, networkLocation: /default-rack, certSerialId: null}20f2f0ae-946f-493f-b338-5eaa42e98f3c{ip: 192.168.157.240, host: trunk-nightly-hvlc9-701369690, networkLocation: /default-rack, certSerialId: null}, Type:RATIS, Factor:THREE, State:OPEN]. Failed nodes: [e26b1dcf-4969-4dad-afea-c8de5ddf4bfa{ip: null, host: null, networkLocation: /default-rack, certSerialId: null}]
2019-07-15 13:53:40,835 INFO  ozone.MiniOzoneClusterImpl (MiniOzoneClusterImpl.java:shutdown(321)) - Shutting down the Mini Ozone Cluster
2019-07-15 13:53:40,836 INFO  ozone.MiniOzoneClusterImpl (MiniOzoneClusterImpl.java:stop(336)) - Stopping the Mini Ozone Cluster
2019-07-15 13:53:40,836 INFO  ozone.MiniOzoneClusterImpl (MiniOzoneClusterImpl.java:stop(338)) - Stopping the OzoneManager
2019-07-15 13:53:40,836 INFO  ipc.Server (Server.java:stop(3082)) - Stopping server on 35023
2019-07-15 13:53:40,854 INFO  ipc.Server (Server.java:run(1185)) - Stopping IPC Server listener on 35023
2019-07-15 13:53:40,856 INFO  utils.BackgroundService (BackgroundService.java:shutdown(148)) - Shutting down service KeyDeletingService
2019-07-15 13:53:40,870 INFO  ipc.Server (Server.java:run(1319)) - Stopping IPC Server Responder
2019-07-15 13:53:40,890 INFO  interfaces.Container (KeyValueContainer.java:compactDB(356)) - Container 1 is closed with bcsId 21.
2019-07-15 13:53:40,891 INFO  handler.ContextHandler (ContextHandler.java:doStop(910)) - Stopped o.e.j.w.WebAppContext@3be2ef56{/,null,UNAVAILABLE}{/ozoneManager}
2019-07-15 13:53:40,891 INFO  server.AbstractConnector (AbstractConnector.java:doStop(318)) - Stopped ServerConnector@5a8149f6{HTTP/1.1,[http/1.1]}{0.0.0.0:0}
2019-07-15 13:53:40,892 WARN  server.GrpcLogAppender (LogUtils.java:warn(134)) - d2ff130a-f701-4eea-813f-f59bb59348fb->e26b1dcf-4969-4dad-afea-c8de5ddf4bfa: Failed appendEntries: org.apache.ratis.thirdparty.io.grpc.StatusRuntimeException: UNAVAILABLE: io exception
2019-07-15 13:53:40,892 INFO  handler.ContextHandler (ContextHandler.java:doStop(910)) - Stopped o.e.j.s.ServletContextHandler@709c6768{/static,file:///workdir/hadoop-ozone/integration-test/target/test-classes/webapps/static,UNAVAILABLE}
2019-07-15 13:53:40,892 INFO  impl.FollowerInfo (FollowerInfo.java:lambda$new$0(50)) - d2ff130a-f701-4eea-813f-f59bb59348fb->e26b1dcf-4969-4dad-afea-c8de5ddf4bfa: nextIndex: updateUnconditionally 16 -> 15
2019-07-15 13:53:40,893 INFO  handler.ContextHandler (ContextHandler.java:doStop(910)) - Stopped o.e.j.s.ServletContextHandler@5924ea91{/logs,file:///workdir/hadoop-ozone/integration-test/target/log,UNAVAILABLE}
2019-07-15 13:53:40,896 INFO  ozone.MiniOzoneClusterImpl (MiniOzoneClusterImpl.java:stop(344)) - Shutting the HddsDatanodes
2019-07-15 13:53:40,896 INFO  datanode.ObjectStoreHandler (ObjectStoreHandler.java:close(155)) - Closing ObjectStoreHandler.
2019-07-15 13:53:40,897 INFO  datanode.ObjectStoreHandler (ObjectStoreHandler.java:close(155)) - Closing ObjectStoreHandler.
2019-07-15 13:53:40,897 INFO  ozone.HddsDatanodeService (HddsDatanodeService.java:stop(452)) - Stopped plug-in org.apache.hadoop.ozone.web.OzoneHddsDatanodeService@71739267
2019-07-15 13:53:40,897 INFO  ozone.HddsDatanodeService (HddsDatanodeService.java:stop(452)) - Stopped plug-in org.apache.hadoop.ozone.web.OzoneHddsDatanodeService@15b882a0
2019-07-15 13:53:40,920 INFO  interfaces.Container (KeyValueContainer.java:compactDB(356)) - Container 1 is closed with bcsId 21.
2019-07-15 13:53:40,921 INFO  statemachine.DatanodeStateMachine (DatanodeStateMachine.java:lambda$startDaemon$0(350)) - Ozone container server started.
2019-07-15 13:53:41,429 INFO  statemachine.DatanodeStateMachine (DatanodeStateMachine.java:lambda$startDaemon$0(350)) - Ozone container server started.
2019-07-15 13:53:43,392 WARN  server.GrpcLogAppender (LogUtils.java:warn(134)) - d2ff130a-f701-4eea-813f-f59bb59348fb->e26b1dcf-4969-4dad-afea-c8de5ddf4bfa: Failed appendEntries: org.apache.ratis.thirdparty.io.grpc.StatusRuntimeException: UNAVAILABLE: io exception
2019-07-15 13:53:43,393 INFO  impl.FollowerInfo (FollowerInfo.java:lambda$new$0(50)) - d2ff130a-f701-4eea-813f-f59bb59348fb->e26b1dcf-4969-4dad-afea-c8de5ddf4bfa: nextIndex: updateUnconditionally 15 -> 14
2019-07-15 13:53:45,519 INFO  node.StaleNodeHandler (StaleNodeHandler.java:onMessage(58)) - Datanode cf701d9f-9836-48a2-a1f8-0d83a18b5aed{ip: 192.168.157.240, host: trunk-nightly-hvlc9-701369690, networkLocation: /default-rack, certSerialId: null} moved to stale state. Finalizing its pipelines [PipelineID=d6336bae-6887-4f2b-b8a4-4252f7f03e21, PipelineID=e5271c4b-730a-434e-9648-80b87b2c025b]
2019-07-15 13:53:45,519 INFO  pipeline.SCMPipelineManager (SCMPipelineManager.java:finalizeAndDestroyPipeline(309)) - destroying pipeline:Pipeline[ Id: d6336bae-6887-4f2b-b8a4-4252f7f03e21, Nodes: cf701d9f-9836-48a2-a1f8-0d83a18b5aed{ip: 192.168.157.240, host: trunk-nightly-hvlc9-701369690, networkLocation: /default-rack, certSerialId: null}, Type:RATIS, Factor:ONE, State:OPEN]
2019-07-15 13:53:45,519 INFO  pipeline.PipelineStateManager (PipelineStateManager.java:finalizePipeline(123)) - Pipeline Pipeline[ Id: d6336bae-6887-4f2b-b8a4-4252f7f03e21, Nodes: cf701d9f-9836-48a2-a1f8-0d83a18b5aed{ip: 192.168.157.240, host: trunk-nightly-hvlc9-701369690, networkLocation: /default-rack, certSerialId: null}, Type:RATIS, Factor:ONE, State:CLOSED] moved to CLOSED state
2019-07-15 13:53:45,519 INFO  pipeline.SCMPipelineManager (SCMPipelineManager.java:finalizeAndDestroyPipeline(309)) - destroying pipeline:Pipeline[ Id: e5271c4b-730a-434e-9648-80b87b2c025b, Nodes: 536cf698-b27d-4dd7-b5fd-8fdd61caa1c2{ip: 192.168.157.240, host: trunk-nightly-hvlc9-701369690, networkLocation: /default-rack, certSerialId: null}cf701d9f-9836-48a2-a1f8-0d83a18b5aed{ip: 192.168.157.240, host: trunk-nightly-hvlc9-701369690, networkLocation: /default-rack, certSerialId: null}0eaba2ed-d764-4ca3-b184-3783afaafee1{ip: 192.168.157.240, host: trunk-nightly-hvlc9-701369690, networkLocation: /default-rack, certSerialId: null}, Type:RATIS, Factor:THREE, State:OPEN]
2019-07-15 13:53:45,520 INFO  pipeline.PipelineStateManager (PipelineStateManager.java:finalizePipeline(123)) - Pipeline Pipeline[ Id: e5271c4b-730a-434e-9648-80b87b2c025b, Nodes: 536cf698-b27d-4dd7-b5fd-8fdd61caa1c2{ip: 192.168.157.240, host: trunk-nightly-hvlc9-701369690, networkLocation: /default-rack, certSerialId: null}cf701d9f-9836-48a2-a1f8-0d83a18b5aed{ip: 192.168.157.240, host: trunk-nightly-hvlc9-701369690, networkLocation: /default-rack, certSerialId: null}0eaba2ed-d764-4ca3-b184-3783afaafee1{ip: 192.168.157.240, host: trunk-nightly-hvlc9-701369690, networkLocation: /default-rack, certSerialId: null}, Type:RATIS, Factor:THREE, State:CLOSED] moved to CLOSED state
2019-07-15 13:53:45,893 WARN  server.GrpcLogAppender (LogUtils.java:warn(134)) - d2ff130a-f701-4eea-813f-f59bb59348fb->e26b1dcf-4969-4dad-afea-c8de5ddf4bfa: Failed appendEntries: org.apache.ratis.thirdparty.io.grpc.StatusRuntimeException: UNAVAILABLE: io exception
2019-07-15 13:53:45,894 INFO  impl.FollowerInfo (FollowerInfo.java:lambda$new$0(50)) - d2ff130a-f701-4eea-813f-f59bb59348fb->e26b1dcf-4969-4dad-afea-c8de5ddf4bfa: nextIndex: updateUnconditionally 14 -> 13
2019-07-15 13:53:45,898 INFO  ozoneimpl.OzoneContainer (OzoneContainer.java:stop(199)) - Attempting to stop container services.
2019-07-15 13:53:45,898 INFO  ozoneimpl.OzoneContainer (OzoneContainer.java:stop(199)) - Attempting to stop container services.
2019-07-15 13:53:45,898 INFO  impl.RaftServerProxy (RaftServerProxy.java:lambda$close$4(314)) - 20f2f0ae-946f-493f-b338-5eaa42e98f3c: close
2019-07-15 13:53:45,899 INFO  impl.RaftServerProxy (RaftServerProxy.java:lambda$close$4(314)) - cf701d9f-9836-48a2-a1f8-0d83a18b5aed: close
2019-07-15 13:53:45,899 INFO  impl.RaftServerImpl (RaftServerImpl.java:lambda$shutdown$3(245)) - 20f2f0ae-946f-493f-b338-5eaa42e98f3c: shutdown group-793DA08D93C7
2019-07-15 13:53:45,900 INFO  util.JmxRegister (JmxRegister.java:unregister(73)) - Successfully un-registered JMX Bean with object name Ratis:service=RaftServer,group=group-793DA08D93C7,id=20f2f0ae-946f-493f-b338-5eaa42e98f3c
2019-07-15 13:53:45,900 INFO  impl.RoleInfo (RoleInfo.java:shutdownLeaderState(104)) - 20f2f0ae-946f-493f-b338-5eaa42e98f3c: shutdown LeaderState
2019-07-15 13:53:45,899 INFO  impl.RaftServerImpl (RaftServerImpl.java:lambda$shutdown$3(245)) - cf701d9f-9836-48a2-a1f8-0d83a18b5aed: shutdown group-4252F7F03E21
2019-07-15 13:53:45,901 INFO  impl.PendingRequests (PendingRequests.java:sendNotLeaderResponses(202)) - 20f2f0ae-946f-493f-b338-5eaa42e98f3c-PendingRequests: sendNotLeaderResponses
2019-07-15 13:53:45,901 INFO  util.JmxRegister (JmxRegister.java:unregister(73)) - Successfully un-registered JMX Bean with object name Ratis:service=RaftServer,group=group-4252F7F03E21,id=cf701d9f-9836-48a2-a1f8-0d83a18b5aed
2019-07-15 13:53:45,901 INFO  impl.StateMachineUpdater (StateMachineUpdater.java:stopAndJoin(115)) - StateMachineUpdater:20f2f0ae-946f-493f-b338-5eaa42e98f3c:group-793DA08D93C7: set stopIndex = 0
2019-07-15 13:53:45,902 INFO  impl.RoleInfo (RoleInfo.java:shutdownLeaderState(104)) - cf701d9f-9836-48a2-a1f8-0d83a18b5aed: shutdown LeaderState
2019-07-15 13:53:45,902 INFO  impl.RaftServerImpl (ServerState.java:close(394)) - 20f2f0ae-946f-493f-b338-5eaa42e98f3c:group-793DA08D93C7 closes. The last applied log index is 0
2019-07-15 13:53:45,902 INFO  impl.PendingRequests (PendingRequests.java:sendNotLeaderResponses(202)) - cf701d9f-9836-48a2-a1f8-0d83a18b5aed-PendingRequests: sendNotLeaderResponses
2019-07-15 13:53:45,903 INFO  segmented.SegmentedRaftLogWorker (SegmentedRaftLogWorker.java:run(313)) - 20f2f0ae-946f-493f-b338-5eaa42e98f3c-SegmentedRaftLogWorker:Storage Directory /workdir/hadoop-ozone/integration-test/target/test-dir/MiniOzoneClusterImpl-7365a5b7-4b1d-40e7-b905-3ffc7194d9ee/datanode-4/data/ratis/c31ae947-e125-49c3-a106-793da08d93c7 was interrupted, exiting. There are 0 tasks remaining in the queue.
2019-07-15 13:53:45,903 INFO  impl.StateMachineUpdater (StateMachineUpdater.java:stopAndJoin(115)) - StateMachineUpdater:cf701d9f-9836-48a2-a1f8-0d83a18b5aed:group-4252F7F03E21: set stopIndex = 0
2019-07-15 13:53:45,907 INFO  segmented.SegmentedRaftLogWorker (SegmentedRaftLogWorker.java:close(228)) - 20f2f0ae-946f-493f-b338-5eaa42e98f3c-SegmentedRaftLogWorker:Storage Directory /workdir/hadoop-ozone/integration-test/target/test-dir/MiniOzoneClusterImpl-7365a5b7-4b1d-40e7-b905-3ffc7194d9ee/datanode-4/data/ratis/c31ae947-e125-49c3-a106-793da08d93c7 close()
2019-07-15 13:53:45,907 INFO  impl.RaftServerImpl (ServerState.java:close(394)) - cf701d9f-9836-48a2-a1f8-0d83a18b5aed:group-4252F7F03E21 closes. The last applied log index is 0
2019-07-15 13:53:45,912 INFO  impl.RaftServerImpl (RaftServerImpl.java:lambda$shutdown$3(245)) - 20f2f0ae-946f-493f-b338-5eaa42e98f3c: shutdown group-F3B4F183CD23
2019-07-15 13:53:45,912 INFO  segmented.SegmentedRaftLogWorker (SegmentedRaftLogWorker.java:run(313)) - cf701d9f-9836-48a2-a1f8-0d83a18b5aed-SegmentedRaftLogWorker:Storage Directory /workdir/hadoop-ozone/integration-test/target/test-dir/MiniOzoneClusterImpl-7365a5b7-4b1d-40e7-b905-3ffc7194d9ee/datanode-1/data/ratis/d6336bae-6887-4f2b-b8a4-4252f7f03e21 was interrupted, exiting. There are 0 tasks remaining in the queue.
2019-07-15 13:53:45,913 INFO  util.JmxRegister (JmxRegister.java:unregister(73)) - Successfully un-registered JMX Bean with object name Ratis:service=RaftServer,group=group-F3B4F183CD23,id=20f2f0ae-946f-493f-b338-5eaa42e98f3c
2019-07-15 13:53:45,915 INFO  segmented.SegmentedRaftLogWorker (SegmentedRaftLogWorker.java:close(228)) - cf701d9f-9836-48a2-a1f8-0d83a18b5aed-SegmentedRaftLogWorker:Storage Directory /workdir/hadoop-ozone/integration-test/target/test-dir/MiniOzoneClusterImpl-7365a5b7-4b1d-40e7-b905-3ffc7194d9ee/datanode-1/data/ratis/d6336bae-6887-4f2b-b8a4-4252f7f03e21 close()
2019-07-15 13:53:45,915 INFO  impl.RoleInfo (RoleInfo.java:shutdownFollowerState(121)) - 20f2f0ae-946f-493f-b338-5eaa42e98f3c: shutdown FollowerState
2019-07-15 13:53:45,920 INFO  node.StaleNodeHandler (StaleNodeHandler.java:onMessage(58)) - Datanode 20f2f0ae-946f-493f-b338-5eaa42e98f3c{ip: 192.168.157.240, host: trunk-nightly-hvlc9-701369690, networkLocation: /default-rack, certSerialId: null} moved to stale state. Finalizing its pipelines [PipelineID=c31ae947-e125-49c3-a106-793da08d93c7, PipelineID=59164355-3b32-42ce-8ae7-f3b4f183cd23]
2019-07-15 13:53:45,920 INFO  impl.RaftServerImpl (RaftServerImpl.java:lambda$shutdown$3(245)) - cf701d9f-9836-48a2-a1f8-0d83a18b5aed: shutdown group-80B87B2C025B
2019-07-15 13:53:45,920 INFO  impl.FollowerState (FollowerState.java:run(114)) - 20f2f0ae-946f-493f-b338-5eaa42e98f3c: FollowerState was interrupted: java.lang.InterruptedException: sleep interrupted
2019-07-15 13:53:45,920 INFO  pipeline.SCMPipelineManager (SCMPipelineManager.java:finalizeAndDestroyPipeline(309)) - destroying pipeline:Pipeline[ Id: c31ae947-e125-49c3-a106-793da08d93c7, Nodes: 20f2f0ae-946f-493f-b338-5eaa42e98f3c{ip: 192.168.157.240, host: trunk-nightly-hvlc9-701369690, networkLocation: /default-rack, certSerialId: null}, Type:RATIS, Factor:ONE, State:OPEN]
2019-07-15 13:53:45,920 INFO  ratis.ContainerStateMachine (ContainerStateMachine.java:takeSnapshot(249)) - group-F3B4F183CD23: Taking a snapshot at:(t:3, i:25) file /workdir/hadoop-ozone/integration-test/target/test-dir/MiniOzoneClusterImpl-7365a5b7-4b1d-40e7-b905-3ffc7194d9ee/datanode-4/data/ratis/59164355-3b32-42ce-8ae7-f3b4f183cd23/sm/snapshot.3_25
2019-07-15 13:53:45,920 INFO  impl.StateMachineUpdater (StateMachineUpdater.java:stopAndJoin(115)) - StateMachineUpdater:20f2f0ae-946f-493f-b338-5eaa42e98f3c:group-F3B4F183CD23: set stopIndex = 26
2019-07-15 13:53:45,933 INFO  ratis.ContainerStateMachine (ContainerStateMachine.java:takeSnapshot(257)) - group-F3B4F183CD23: Finished taking a snapshot at:(t:3, i:25) file:/workdir/hadoop-ozone/integration-test/target/test-dir/MiniOzoneClusterImpl-7365a5b7-4b1d-40e7-b905-3ffc7194d9ee/datanode-4/data/ratis/59164355-3b32-42ce-8ae7-f3b4f183cd23/sm/snapshot.3_25 time:12
2019-07-15 13:53:45,932 INFO  pipeline.PipelineStateManager (PipelineStateManager.java:finalizePipeline(123)) - Pipeline Pipeline[ Id: c31ae947-e125-49c3-a106-793da08d93c7, Nodes: 20f2f0ae-946f-493f-b338-5eaa42e98f3c{ip: 192.168.157.240, host: trunk-nightly-hvlc9-701369690, networkLocation: /default-rack, certSerialId: null}, Type:RATIS, Factor:ONE, State:CLOSED] moved to CLOSED state
2019-07-15 13:53:45,921 INFO  util.JmxRegister (JmxRegister.java:unregister(73)) - Successfully un-registered JMX Bean with object name Ratis:service=RaftServer,group=group-80B87B2C025B,id=cf701d9f-9836-48a2-a1f8-0d83a18b5aed
2019-07-15 13:53:45,933 INFO  pipeline.SCMPipelineManager (SCMPipelineManager.java:finalizeAndDestroyPipeline(309)) - destroying pipeline:Pipeline[ Id: 59164355-3b32-42ce-8ae7-f3b4f183cd23, Nodes: e26b1dcf-4969-4dad-afea-c8de5ddf4bfa{ip: 192.168.157.240, host: trunk-nightly-hvlc9-701369690, networkLocation: /default-rack, certSerialId: null}d2ff130a-f701-4eea-813f-f59bb59348fb{ip: 192.168.157.240, host: trunk-nightly-hvlc9-701369690, networkLocation: /default-rack, certSerialId: null}20f2f0ae-946f-493f-b338-5eaa42e98f3c{ip: 192.168.157.240, host: trunk-nightly-hvlc9-701369690, networkLocation: /default-rack, certSerialId: null}, Type:RATIS, Factor:THREE, State:CLOSED]
2019-07-15 13:53:45,933 INFO  impl.StateMachineUpdater (StateMachineUpdater.java:takeSnapshot(242)) - StateMachineUpdater:20f2f0ae-946f-493f-b338-5eaa42e98f3c:group-F3B4F183CD23: Took a snapshot at index 25
2019-07-15 13:53:45,933 INFO  impl.RoleInfo (RoleInfo.java:shutdownFollowerState(121)) - cf701d9f-9836-48a2-a1f8-0d83a18b5aed: shutdown FollowerState
2019-07-15 13:53:45,933 INFO  impl.StateMachineUpdater (StateMachineUpdater.java:lambda$new$0(80)) - StateMachineUpdater:20f2f0ae-946f-493f-b338-5eaa42e98f3c:group-F3B4F183CD23: snapshotIndex: updateIncreasingly -1 -> 25
2019-07-15 13:53:45,934 INFO  impl.StateMachineUpdater (StateMachineUpdater.java:stopAndJoin(115)) - StateMachineUpdater:cf701d9f-9836-48a2-a1f8-0d83a18b5aed:group-80B87B2C025B: set stopIndex = 0
2019-07-15 13:53:45,934 INFO  impl.FollowerState (FollowerState.java:run(114)) - cf701d9f-9836-48a2-a1f8-0d83a18b5aed: FollowerState was interrupted: java.lang.InterruptedException: sleep interrupted
2019-07-15 13:53:45,934 INFO  impl.RaftServerImpl (ServerState.java:close(394)) - 20f2f0ae-946f-493f-b338-5eaa42e98f3c:group-F3B4F183CD23 closes. The last applied log index is 26
2019-07-15 13:53:45,934 INFO  impl.RaftServerImpl (ServerState.java:close(394)) - cf701d9f-9836-48a2-a1f8-0d83a18b5aed:group-80B87B2C025B closes. The last applied log index is 0
2019-07-15 13:53:45,935 INFO  segmented.SegmentedRaftLogWorker (SegmentedRaftLogWorker.java:run(313)) - 20f2f0ae-946f-493f-b338-5eaa42e98f3c-SegmentedRaftLogWorker:Storage Directory /workdir/hadoop-ozone/integration-test/target/test-dir/MiniOzoneClusterImpl-7365a5b7-4b1d-40e7-b905-3ffc7194d9ee/datanode-4/data/ratis/59164355-3b32-42ce-8ae7-f3b4f183cd23 was interrupted, exiting. There are 0 tasks remaining in the queue.
2019-07-15 13:53:45,935 INFO  segmented.SegmentedRaftLogWorker (SegmentedRaftLogWorker.java:run(313)) - cf701d9f-9836-48a2-a1f8-0d83a18b5aed-SegmentedRaftLogWorker:Storage Directory /workdir/hadoop-ozone/integration-test/target/test-dir/MiniOzoneClusterImpl-7365a5b7-4b1d-40e7-b905-3ffc7194d9ee/datanode-1/data/ratis/e5271c4b-730a-434e-9648-80b87b2c025b was interrupted, exiting. There are 0 tasks remaining in the queue.
2019-07-15 13:53:45,945 INFO  segmented.SegmentedRaftLogWorker (SegmentedRaftLogWorker.java:close(228)) - cf701d9f-9836-48a2-a1f8-0d83a18b5aed-SegmentedRaftLogWorker:Storage Directory /workdir/hadoop-ozone/integration-test/target/test-dir/MiniOzoneClusterImpl-7365a5b7-4b1d-40e7-b905-3ffc7194d9ee/datanode-1/data/ratis/e5271c4b-730a-434e-9648-80b87b2c025b close()
2019-07-15 13:53:45,945 INFO  segmented.SegmentedRaftLogWorker (SegmentedRaftLogWorker.java:close(228)) - 20f2f0ae-946f-493f-b338-5eaa42e98f3c-SegmentedRaftLogWorker:Storage Directory /workdir/hadoop-ozone/integration-test/target/test-dir/MiniOzoneClusterImpl-7365a5b7-4b1d-40e7-b905-3ffc7194d9ee/datanode-4/data/ratis/59164355-3b32-42ce-8ae7-f3b4f183cd23 close()
2019-07-15 13:53:45,949 INFO  server.GrpcService (GrpcService.java:closeImpl(155)) - cf701d9f-9836-48a2-a1f8-0d83a18b5aed: shutdown server with port 40665 now
2019-07-15 13:53:45,954 INFO  server.GrpcService (GrpcService.java:closeImpl(155)) - 20f2f0ae-946f-493f-b338-5eaa42e98f3c: shutdown server with port 43303 now
2019-07-15 13:53:45,955 WARN  server.GrpcServerProtocolService (LogUtils.java:warn(134)) - cf701d9f-9836-48a2-a1f8-0d83a18b5aed: appendEntries onError: org.apache.ratis.thirdparty.io.grpc.StatusRuntimeException: CANCELLED: cancelled before receiving half close
2019-07-15 13:53:45,955 WARN  server.GrpcLogAppender (LogUtils.java:warn(134)) - 0eaba2ed-d764-4ca3-b184-3783afaafee1->cf701d9f-9836-48a2-a1f8-0d83a18b5aed: Failed appendEntries: org.apache.ratis.thirdparty.io.grpc.StatusRuntimeException: CANCELLED: HTTP/2 error code: CANCEL
Received Rst Stream
2019-07-15 13:53:45,955 WARN  server.GrpcServerProtocolService (LogUtils.java:warn(134)) - 20f2f0ae-946f-493f-b338-5eaa42e98f3c: appendEntries onError: org.apache.ratis.thirdparty.io.grpc.StatusRuntimeException: CANCELLED: cancelled before receiving half close
2019-07-15 13:53:45,955 INFO  server.GrpcService (GrpcService.java:closeImpl(163)) - cf701d9f-9836-48a2-a1f8-0d83a18b5aed: shutdown server with port 40665 successfully
2019-07-15 13:53:45,955 WARN  server.GrpcLogAppender (LogUtils.java:warn(134)) - d2ff130a-f701-4eea-813f-f59bb59348fb->20f2f0ae-946f-493f-b338-5eaa42e98f3c: Failed appendEntries: org.apache.ratis.thirdparty.io.grpc.StatusRuntimeException: CANCELLED: HTTP/2 error code: CANCEL
Received Rst Stream
2019-07-15 13:53:45,955 INFO  impl.FollowerInfo (FollowerInfo.java:lambda$new$0(50)) - 0eaba2ed-d764-4ca3-b184-3783afaafee1->cf701d9f-9836-48a2-a1f8-0d83a18b5aed: nextIndex: updateUnconditionally 1 -> 0
2019-07-15 13:53:45,955 INFO  server.GrpcService (GrpcService.java:closeImpl(163)) - 20f2f0ae-946f-493f-b338-5eaa42e98f3c: shutdown server with port 43303 successfully
2019-07-15 13:53:45,956 INFO  impl.FollowerInfo (FollowerInfo.java:lambda$new$0(50)) - d2ff130a-f701-4eea-813f-f59bb59348fb->20f2f0ae-946f-493f-b338-5eaa42e98f3c: nextIndex: updateUnconditionally 27 -> 26
2019-07-15 13:53:45,959 INFO  utils.BackgroundService (BackgroundService.java:shutdown(148)) - Shutting down service BlockDeletingService
2019-07-15 13:53:45,960 WARN  fs.CachingGetSpaceUsed (CachingGetSpaceUsed.java:run(183)) - Thread Interrupted waiting to refresh disk information: sleep interrupted
2019-07-15 13:53:45,963 INFO  utils.BackgroundService (BackgroundService.java:shutdown(148)) - Shutting down service BlockDeletingService
2019-07-15 13:53:45,965 WARN  fs.CachingGetSpaceUsed (CachingGetSpaceUsed.java:run(183)) - Thread Interrupted waiting to refresh disk information: sleep interrupted
2019-07-15 13:53:45,985 INFO  statemachine.DatanodeStateMachine (DatanodeStateMachine.java:stopDaemon(395)) - Ozone container server stopped.
2019-07-15 13:53:45,990 INFO  statemachine.DatanodeStateMachine (DatanodeStateMachine.java:stopDaemon(395)) - Ozone container server stopped.
2019-07-15 13:53:45,996 INFO  handler.ContextHandler (ContextHandler.java:doStop(910)) - Stopped o.e.j.w.WebAppContext@4af0ae2c{/,null,UNAVAILABLE}{/hddsDatanode}
2019-07-15 13:53:45,996 INFO  handler.ContextHandler (ContextHandler.java:doStop(910)) - Stopped o.e.j.w.WebAppContext@eaf3dd0{/,null,UNAVAILABLE}{/hddsDatanode}
2019-07-15 13:53:45,996 INFO  server.AbstractConnector (AbstractConnector.java:doStop(318)) - Stopped ServerConnector@13446044{HTTP/1.1,[http/1.1]}{0.0.0.0:0}
2019-07-15 13:53:45,997 INFO  server.AbstractConnector (AbstractConnector.java:doStop(318)) - Stopped ServerConnector@5add0cc0{HTTP/1.1,[http/1.1]}{0.0.0.0:0}
2019-07-15 13:53:45,999 INFO  handler.ContextHandler (ContextHandler.java:doStop(910)) - Stopped o.e.j.s.ServletContextHandler@6b3708f0{/static,jar:file:/home/user/.m2/repository/org/apache/hadoop/hadoop-hdds-container-service/0.5.0-SNAPSHOT/hadoop-hdds-container-service-0.5.0-SNAPSHOT.jar!/webapps/static,UNAVAILABLE}
2019-07-15 13:53:45,999 INFO  handler.ContextHandler (ContextHandler.java:doStop(910)) - Stopped o.e.j.s.ServletContextHandler@4700db93{/static,jar:file:/home/user/.m2/repository/org/apache/hadoop/hadoop-hdds-container-service/0.5.0-SNAPSHOT/hadoop-hdds-container-service-0.5.0-SNAPSHOT.jar!/webapps/static,UNAVAILABLE}
2019-07-15 13:53:46,002 INFO  handler.ContextHandler (ContextHandler.java:doStop(910)) - Stopped o.e.j.s.ServletContextHandler@9bd477c{/logs,file:///workdir/hadoop-ozone/integration-test/target/log,UNAVAILABLE}
2019-07-15 13:53:46,002 INFO  handler.ContextHandler (ContextHandler.java:doStop(910)) - Stopped o.e.j.s.ServletContextHandler@2f726cf4{/logs,file:///workdir/hadoop-ozone/integration-test/target/log,UNAVAILABLE}
2019-07-15 13:53:46,003 INFO  datanode.ObjectStoreHandler (ObjectStoreHandler.java:close(155)) - Closing ObjectStoreHandler.
2019-07-15 13:53:46,004 INFO  datanode.ObjectStoreHandler (ObjectStoreHandler.java:close(155)) - Closing ObjectStoreHandler.
2019-07-15 13:53:46,004 INFO  ozone.HddsDatanodeService (HddsDatanodeService.java:stop(452)) - Stopped plug-in org.apache.hadoop.ozone.web.OzoneHddsDatanodeService@48e859f7
2019-07-15 13:53:46,004 INFO  ozone.HddsDatanodeService (HddsDatanodeService.java:stop(452)) - Stopped plug-in org.apache.hadoop.ozone.web.OzoneHddsDatanodeService@761d679f
2019-07-15 13:53:46,464 INFO  statemachine.DatanodeStateMachine (DatanodeStateMachine.java:lambda$startDaemon$0(350)) - Ozone container server started.
2019-07-15 13:53:46,757 INFO  statemachine.DatanodeStateMachine (DatanodeStateMachine.java:lambda$startDaemon$0(350)) - Ozone container server started.
2019-07-15 13:53:47,048 WARN  server.GrpcLogAppender (LogUtils.java:warn(134)) - 0eaba2ed-d764-4ca3-b184-3783afaafee1->cf701d9f-9836-48a2-a1f8-0d83a18b5aed: Failed appendEntries: org.apache.ratis.thirdparty.io.grpc.StatusRuntimeException: UNAVAILABLE: io exception
2019-07-15 13:53:47,049 INFO  impl.FollowerInfo (FollowerInfo.java:lambda$new$0(50)) - 0eaba2ed-d764-4ca3-b184-3783afaafee1->cf701d9f-9836-48a2-a1f8-0d83a18b5aed: nextIndex: updateUnconditionally 0 -> 0
2019-07-15 13:53:48,370 WARN  server.GrpcLogAppender (LogUtils.java:warn(134)) - d2ff130a-f701-4eea-813f-f59bb59348fb->20f2f0ae-946f-493f-b338-5eaa42e98f3c: Failed appendEntries: org.apache.ratis.thirdparty.io.grpc.StatusRuntimeException: UNAVAILABLE: io exception
2019-07-15 13:53:48,371 INFO  impl.FollowerInfo (FollowerInfo.java:lambda$new$0(50)) - d2ff130a-f701-4eea-813f-f59bb59348fb->20f2f0ae-946f-493f-b338-5eaa42e98f3c: nextIndex: updateUnconditionally 26 -> 25
2019-07-15 13:53:48,393 WARN  server.GrpcLogAppender (LogUtils.java:warn(134)) - d2ff130a-f701-4eea-813f-f59bb59348fb->e26b1dcf-4969-4dad-afea-c8de5ddf4bfa: Failed appendEntries: org.apache.ratis.thirdparty.io.grpc.StatusRuntimeException: UNAVAILABLE: io exception
2019-07-15 13:53:48,394 INFO  impl.FollowerInfo (FollowerInfo.java:lambda$new$0(50)) - d2ff130a-f701-4eea-813f-f59bb59348fb->e26b1dcf-4969-4dad-afea-c8de5ddf4bfa: nextIndex: updateUnconditionally 13 -> 12
2019-07-15 13:53:49,548 WARN  server.GrpcLogAppender (LogUtils.java:warn(134)) - 0eaba2ed-d764-4ca3-b184-3783afaafee1->cf701d9f-9836-48a2-a1f8-0d83a18b5aed: Failed appendEntries: org.apache.ratis.thirdparty.io.grpc.StatusRuntimeException: UNAVAILABLE: io exception
2019-07-15 13:53:49,549 INFO  impl.FollowerInfo (FollowerInfo.java:lambda$new$0(50)) - 0eaba2ed-d764-4ca3-b184-3783afaafee1->cf701d9f-9836-48a2-a1f8-0d83a18b5aed: nextIndex: updateUnconditionally 0 -> 0
2019-07-15 13:53:49,585 INFO  client.GrpcClientProtocolService (GrpcClientProtocolService.java:lambda$processClientRequest$0(278)) - Failed RaftClientRequest:client-18D8D3B8A431->d2ff130a-f701-4eea-813f-f59bb59348fb@group-F3B4F183CD23, cid=191, seq=0, Watch-ALL_COMMITTED(21), Message:<EMPTY>, reply=RaftClientReply:client-18D8D3B8A431->d2ff130a-f701-4eea-813f-f59bb59348fb@group-F3B4F183CD23, cid=191, FAILED org.apache.ratis.protocol.NotReplicatedException: Request with call Id 191 and log index 21 is not yet replicated to ALL_COMMITTED, logIndex=21, commits[d2ff130a-f701-4eea-813f-f59bb59348fb:c26, e26b1dcf-4969-4dad-afea-c8de5ddf4bfa:c15, 20f2f0ae-946f-493f-b338-5eaa42e98f3c:c26]
2019-07-15 13:53:49,591 INFO  client.GrpcClientProtocolClient (GrpcClientProtocolClient.java:onNext(255)) - client-18D8D3B8A431->d2ff130a-f701-4eea-813f-f59bb59348fb: receive RaftClientReply:client-18D8D3B8A431->d2ff130a-f701-4eea-813f-f59bb59348fb@group-F3B4F183CD23, cid=191, FAILED org.apache.ratis.protocol.NotReplicatedException: Request with call Id 191 and log index 21 is not yet replicated to ALL_COMMITTED, logIndex=21, commits[d2ff130a-f701-4eea-813f-f59bb59348fb:c26, e26b1dcf-4969-4dad-afea-c8de5ddf4bfa:c15, 20f2f0ae-946f-493f-b338-5eaa42e98f3c:c26]
2019-07-15 13:53:50,526 INFO  node.StaleNodeHandler (StaleNodeHandler.java:onMessage(58)) - Datanode 8b8e08b0-e0f1-4c07-b962-f9f3ecf08e26{ip: 192.168.157.240, host: trunk-nightly-hvlc9-701369690, networkLocation: /default-rack, certSerialId: null} moved to stale state. Finalizing its pipelines [PipelineID=4b8691a5-e403-48fc-a003-3861c6f488ab]
2019-07-15 13:53:50,526 INFO  pipeline.SCMPipelineManager (SCMPipelineManager.java:finalizeAndDestroyPipeline(309)) - destroying pipeline:Pipeline[ Id: 4b8691a5-e403-48fc-a003-3861c6f488ab, Nodes: 8b8e08b0-e0f1-4c07-b962-f9f3ecf08e26{ip: 192.168.157.240, host: trunk-nightly-hvlc9-701369690, networkLocation: /default-rack, certSerialId: null}, Type:RATIS, Factor:ONE, State:OPEN]
2019-07-15 13:53:50,527 INFO  pipeline.PipelineStateManager (PipelineStateManager.java:finalizePipeline(123)) - Pipeline Pipeline[ Id: 4b8691a5-e403-48fc-a003-3861c6f488ab, Nodes: 8b8e08b0-e0f1-4c07-b962-f9f3ecf08e26{ip: 192.168.157.240, host: trunk-nightly-hvlc9-701369690, networkLocation: /default-rack, certSerialId: null}, Type:RATIS, Factor:ONE, State:CLOSED] moved to CLOSED state
2019-07-15 13:53:50,826 INFO  node.StaleNodeHandler (StaleNodeHandler.java:onMessage(58)) - Datanode 0eaba2ed-d764-4ca3-b184-3783afaafee1{ip: 192.168.157.240, host: trunk-nightly-hvlc9-701369690, networkLocation: /default-rack, certSerialId: null} moved to stale state. Finalizing its pipelines [PipelineID=974bb5ac-fbdf-4522-a605-a0509395dee5, PipelineID=e5271c4b-730a-434e-9648-80b87b2c025b]
2019-07-15 13:53:50,827 INFO  pipeline.SCMPipelineManager (SCMPipelineManager.java:finalizeAndDestroyPipeline(309)) - destroying pipeline:Pipeline[ Id: 974bb5ac-fbdf-4522-a605-a0509395dee5, Nodes: 0eaba2ed-d764-4ca3-b184-3783afaafee1{ip: 192.168.157.240, host: trunk-nightly-hvlc9-701369690, networkLocation: /default-rack, certSerialId: null}, Type:RATIS, Factor:ONE, State:OPEN]
2019-07-15 13:53:50,827 INFO  pipeline.PipelineStateManager (PipelineStateManager.java:finalizePipeline(123)) - Pipeline Pipeline[ Id: 974bb5ac-fbdf-4522-a605-a0509395dee5, Nodes: 0eaba2ed-d764-4ca3-b184-3783afaafee1{ip: 192.168.157.240, host: trunk-nightly-hvlc9-701369690, networkLocation: /default-rack, certSerialId: null}, Type:RATIS, Factor:ONE, State:CLOSED] moved to CLOSED state
2019-07-15 13:53:50,827 INFO  pipeline.SCMPipelineManager (SCMPipelineManager.java:finalizeAndDestroyPipeline(309)) - destroying pipeline:Pipeline[ Id: e5271c4b-730a-434e-9648-80b87b2c025b, Nodes: 536cf698-b27d-4dd7-b5fd-8fdd61caa1c2{ip: 192.168.157.240, host: trunk-nightly-hvlc9-701369690, networkLocation: /default-rack, certSerialId: null}cf701d9f-9836-48a2-a1f8-0d83a18b5aed{ip: 192.168.157.240, host: trunk-nightly-hvlc9-701369690, networkLocation: /default-rack, certSerialId: null}0eaba2ed-d764-4ca3-b184-3783afaafee1{ip: 192.168.157.240, host: trunk-nightly-hvlc9-701369690, networkLocation: /default-rack, certSerialId: null}, Type:RATIS, Factor:THREE, State:CLOSED]
2019-07-15 13:53:50,871 WARN  server.GrpcLogAppender (LogUtils.java:warn(134)) - d2ff130a-f701-4eea-813f-f59bb59348fb->20f2f0ae-946f-493f-b338-5eaa42e98f3c: Failed appendEntries: org.apache.ratis.thirdparty.io.grpc.StatusRuntimeException: UNAVAILABLE: io exception
2019-07-15 13:53:50,871 INFO  impl.FollowerInfo (FollowerInfo.java:lambda$new$0(50)) - d2ff130a-f701-4eea-813f-f59bb59348fb->20f2f0ae-946f-493f-b338-5eaa42e98f3c: nextIndex: updateUnconditionally 25 -> 24
2019-07-15 13:53:50,894 WARN  server.GrpcLogAppender (LogUtils.java:warn(134)) - d2ff130a-f701-4eea-813f-f59bb59348fb->e26b1dcf-4969-4dad-afea-c8de5ddf4bfa: Failed appendEntries: org.apache.ratis.thirdparty.io.grpc.StatusRuntimeException: UNAVAILABLE: io exception
2019-07-15 13:53:50,894 INFO  impl.FollowerInfo (FollowerInfo.java:lambda$new$0(50)) - d2ff130a-f701-4eea-813f-f59bb59348fb->e26b1dcf-4969-4dad-afea-c8de5ddf4bfa: nextIndex: updateUnconditionally 12 -> 11
2019-07-15 13:53:51,005 INFO  ozoneimpl.OzoneContainer (OzoneContainer.java:stop(199)) - Attempting to stop container services.
2019-07-15 13:53:51,005 INFO  ozoneimpl.OzoneContainer (OzoneContainer.java:stop(199)) - Attempting to stop container services.
2019-07-15 13:53:51,005 INFO  impl.RaftServerProxy (RaftServerProxy.java:lambda$close$4(314)) - 0eaba2ed-d764-4ca3-b184-3783afaafee1: close
2019-07-15 13:53:51,006 INFO  impl.RaftServerProxy (RaftServerProxy.java:lambda$close$4(314)) - 8b8e08b0-e0f1-4c07-b962-f9f3ecf08e26: close
2019-07-15 13:53:51,006 INFO  impl.RaftServerImpl (RaftServerImpl.java:lambda$shutdown$3(245)) - 0eaba2ed-d764-4ca3-b184-3783afaafee1: shutdown group-A0509395DEE5
2019-07-15 13:53:51,006 INFO  impl.RaftServerImpl (RaftServerImpl.java:lambda$shutdown$3(245)) - 8b8e08b0-e0f1-4c07-b962-f9f3ecf08e26: shutdown group-3861C6F488AB
2019-07-15 13:53:51,006 INFO  util.JmxRegister (JmxRegister.java:unregister(73)) - Successfully un-registered JMX Bean with object name Ratis:service=RaftServer,group=group-A0509395DEE5,id=0eaba2ed-d764-4ca3-b184-3783afaafee1
2019-07-15 13:53:51,007 INFO  util.JmxRegister (JmxRegister.java:unregister(73)) - Successfully un-registered JMX Bean with object name Ratis:service=RaftServer,group=group-3861C6F488AB,id=8b8e08b0-e0f1-4c07-b962-f9f3ecf08e26
2019-07-15 13:53:51,008 INFO  impl.RoleInfo (RoleInfo.java:shutdownLeaderState(104)) - 8b8e08b0-e0f1-4c07-b962-f9f3ecf08e26: shutdown LeaderState
2019-07-15 13:53:51,007 INFO  impl.RoleInfo (RoleInfo.java:shutdownLeaderState(104)) - 0eaba2ed-d764-4ca3-b184-3783afaafee1: shutdown LeaderState
2019-07-15 13:53:51,008 INFO  impl.PendingRequests (PendingRequests.java:sendNotLeaderResponses(202)) - 8b8e08b0-e0f1-4c07-b962-f9f3ecf08e26-PendingRequests: sendNotLeaderResponses
2019-07-15 13:53:51,009 INFO  impl.PendingRequests (PendingRequests.java:sendNotLeaderResponses(202)) - 0eaba2ed-d764-4ca3-b184-3783afaafee1-PendingRequests: sendNotLeaderResponses
2019-07-15 13:53:51,009 INFO  impl.StateMachineUpdater (StateMachineUpdater.java:stopAndJoin(115)) - StateMachineUpdater:8b8e08b0-e0f1-4c07-b962-f9f3ecf08e26:group-3861C6F488AB: set stopIndex = 0
2019-07-15 13:53:51,010 INFO  impl.RaftServerImpl (ServerState.java:close(394)) - 8b8e08b0-e0f1-4c07-b962-f9f3ecf08e26:group-3861C6F488AB closes. The last applied log index is 0
2019-07-15 13:53:51,009 INFO  impl.StateMachineUpdater (StateMachineUpdater.java:stopAndJoin(115)) - StateMachineUpdater:0eaba2ed-d764-4ca3-b184-3783afaafee1:group-A0509395DEE5: set stopIndex = 0
2019-07-15 13:53:51,011 INFO  segmented.SegmentedRaftLogWorker (SegmentedRaftLogWorker.java:run(313)) - 8b8e08b0-e0f1-4c07-b962-f9f3ecf08e26-SegmentedRaftLogWorker:Storage Directory /workdir/hadoop-ozone/integration-test/target/test-dir/MiniOzoneClusterImpl-7365a5b7-4b1d-40e7-b905-3ffc7194d9ee/datanode-6/data/ratis/4b8691a5-e403-48fc-a003-3861c6f488ab was interrupted, exiting. There are 0 tasks remaining in the queue.
2019-07-15 13:53:51,011 INFO  impl.RaftServerImpl (ServerState.java:close(394)) - 0eaba2ed-d764-4ca3-b184-3783afaafee1:group-A0509395DEE5 closes. The last applied log index is 0
2019-07-15 13:53:51,014 INFO  segmented.SegmentedRaftLogWorker (SegmentedRaftLogWorker.java:close(228)) - 8b8e08b0-e0f1-4c07-b962-f9f3ecf08e26-SegmentedRaftLogWorker:Storage Directory /workdir/hadoop-ozone/integration-test/target/test-dir/MiniOzoneClusterImpl-7365a5b7-4b1d-40e7-b905-3ffc7194d9ee/datanode-6/data/ratis/4b8691a5-e403-48fc-a003-3861c6f488ab close()
2019-07-15 13:53:51,014 INFO  segmented.SegmentedRaftLogWorker (SegmentedRaftLogWorker.java:run(313)) - 0eaba2ed-d764-4ca3-b184-3783afaafee1-SegmentedRaftLogWorker:Storage Directory /workdir/hadoop-ozone/integration-test/target/test-dir/MiniOzoneClusterImpl-7365a5b7-4b1d-40e7-b905-3ffc7194d9ee/datanode-2/data/ratis/974bb5ac-fbdf-4522-a605-a0509395dee5 was interrupted, exiting. There are 0 tasks remaining in the queue.
2019-07-15 13:53:51,018 INFO  server.GrpcService (GrpcService.java:closeImpl(155)) - 8b8e08b0-e0f1-4c07-b962-f9f3ecf08e26: shutdown server with port 44282 now
2019-07-15 13:53:51,022 INFO  server.GrpcService (GrpcService.java:closeImpl(163)) - 8b8e08b0-e0f1-4c07-b962-f9f3ecf08e26: shutdown server with port 44282 successfully
2019-07-15 13:53:51,024 INFO  utils.BackgroundService (BackgroundService.java:shutdown(148)) - Shutting down service BlockDeletingService
2019-07-15 13:53:51,026 INFO  segmented.SegmentedRaftLogWorker (SegmentedRaftLogWorker.java:close(228)) - 0eaba2ed-d764-4ca3-b184-3783afaafee1-SegmentedRaftLogWorker:Storage Directory /workdir/hadoop-ozone/integration-test/target/test-dir/MiniOzoneClusterImpl-7365a5b7-4b1d-40e7-b905-3ffc7194d9ee/datanode-2/data/ratis/974bb5ac-fbdf-4522-a605-a0509395dee5 close()
2019-07-15 13:53:51,030 INFO  impl.RaftServerImpl (RaftServerImpl.java:lambda$shutdown$3(245)) - 0eaba2ed-d764-4ca3-b184-3783afaafee1: shutdown group-80B87B2C025B
2019-07-15 13:53:51,030 INFO  util.JmxRegister (JmxRegister.java:unregister(73)) - Successfully un-registered JMX Bean with object name Ratis:service=RaftServer,group=group-80B87B2C025B,id=0eaba2ed-d764-4ca3-b184-3783afaafee1
2019-07-15 13:53:51,030 WARN  fs.CachingGetSpaceUsed (CachingGetSpaceUsed.java:run(183)) - Thread Interrupted waiting to refresh disk information: sleep interrupted
2019-07-15 13:53:51,031 INFO  impl.RoleInfo (RoleInfo.java:shutdownLeaderState(104)) - 0eaba2ed-d764-4ca3-b184-3783afaafee1: shutdown LeaderState
2019-07-15 13:53:51,034 INFO  impl.PendingRequests (PendingRequests.java:sendNotLeaderResponses(202)) - 0eaba2ed-d764-4ca3-b184-3783afaafee1-PendingRequests: sendNotLeaderResponses
2019-07-15 13:53:51,035 WARN  server.GrpcLogAppender (GrpcLogAppender.java:mayWait(143)) - GrpcLogAppender(0eaba2ed-d764-4ca3-b184-3783afaafee1->cf701d9f-9836-48a2-a1f8-0d83a18b5aed): Wait interrupted by java.lang.InterruptedException
2019-07-15 13:53:51,035 INFO  impl.StateMachineUpdater (StateMachineUpdater.java:stopAndJoin(115)) - StateMachineUpdater:0eaba2ed-d764-4ca3-b184-3783afaafee1:group-80B87B2C025B: set stopIndex = 0
2019-07-15 13:53:51,037 INFO  impl.RaftServerImpl (ServerState.java:close(394)) - 0eaba2ed-d764-4ca3-b184-3783afaafee1:group-80B87B2C025B closes. The last applied log index is 0
2019-07-15 13:53:51,038 WARN  server.GrpcLogAppender (GrpcLogAppender.java:mayWait(143)) - GrpcLogAppender(0eaba2ed-d764-4ca3-b184-3783afaafee1->536cf698-b27d-4dd7-b5fd-8fdd61caa1c2): Wait interrupted by java.lang.InterruptedException
2019-07-15 13:53:51,038 INFO  segmented.SegmentedRaftLogWorker (SegmentedRaftLogWorker.java:run(313)) - 0eaba2ed-d764-4ca3-b184-3783afaafee1-SegmentedRaftLogWorker:Storage Directory /workdir/hadoop-ozone/integration-test/target/test-dir/MiniOzoneClusterImpl-7365a5b7-4b1d-40e7-b905-3ffc7194d9ee/datanode-2/data/ratis/e5271c4b-730a-434e-9648-80b87b2c025b was interrupted, exiting. There are 0 tasks remaining in the queue.
2019-07-15 13:53:51,040 INFO  segmented.SegmentedRaftLogWorker (SegmentedRaftLogWorker.java:close(228)) - 0eaba2ed-d764-4ca3-b184-3783afaafee1-SegmentedRaftLogWorker:Storage Directory /workdir/hadoop-ozone/integration-test/target/test-dir/MiniOzoneClusterImpl-7365a5b7-4b1d-40e7-b905-3ffc7194d9ee/datanode-2/data/ratis/e5271c4b-730a-434e-9648-80b87b2c025b close()
2019-07-15 13:53:51,043 INFO  server.GrpcService (GrpcService.java:closeImpl(155)) - 0eaba2ed-d764-4ca3-b184-3783afaafee1: shutdown server with port 39699 now
2019-07-15 13:53:51,043 INFO  server.GrpcServerProtocolService (GrpcServerProtocolService.java:onCompleted(104)) - 536cf698-b27d-4dd7-b5fd-8fdd61caa1c2: appendEntries completed
2019-07-15 13:53:51,043 INFO  server.GrpcService (GrpcService.java:closeImpl(163)) - 0eaba2ed-d764-4ca3-b184-3783afaafee1: shutdown server with port 39699 successfully
2019-07-15 13:53:51,044 INFO  server.GrpcLogAppender (GrpcLogAppender.java:onError(281)) - GrpcLogAppender(0eaba2ed-d764-4ca3-b184-3783afaafee1->536cf698-b27d-4dd7-b5fd-8fdd61caa1c2) is stopped
2019-07-15 13:53:51,047 INFO  utils.BackgroundService (BackgroundService.java:shutdown(148)) - Shutting down service BlockDeletingService
2019-07-15 13:53:51,049 WARN  fs.CachingGetSpaceUsed (CachingGetSpaceUsed.java:run(183)) - Thread Interrupted waiting to refresh disk information: sleep interrupted
2019-07-15 13:53:51,058 INFO  statemachine.DatanodeStateMachine (DatanodeStateMachine.java:stopDaemon(395)) - Ozone container server stopped.
2019-07-15 13:53:51,070 INFO  statemachine.DatanodeStateMachine (DatanodeStateMachine.java:stopDaemon(395)) - Ozone container server stopped.
2019-07-15 13:53:51,073 INFO  handler.ContextHandler (ContextHandler.java:doStop(910)) - Stopped o.e.j.w.WebAppContext@18eb6ea3{/,null,UNAVAILABLE}{/hddsDatanode}
2019-07-15 13:53:51,074 INFO  handler.ContextHandler (ContextHandler.java:doStop(910)) - Stopped o.e.j.w.WebAppContext@445d4517{/,null,UNAVAILABLE}{/hddsDatanode}
2019-07-15 13:53:51,076 INFO  server.AbstractConnector (AbstractConnector.java:doStop(318)) - Stopped ServerConnector@19740583{HTTP/1.1,[http/1.1]}{0.0.0.0:0}
2019-07-15 13:53:51,076 INFO  server.AbstractConnector (AbstractConnector.java:doStop(318)) - Stopped ServerConnector@3284f91f{HTTP/1.1,[http/1.1]}{0.0.0.0:0}
2019-07-15 13:53:51,076 INFO  handler.ContextHandler (ContextHandler.java:doStop(910)) - Stopped o.e.j.s.ServletContextHandler@69a14512{/static,jar:file:/home/user/.m2/repository/org/apache/hadoop/hadoop-hdds-container-service/0.5.0-SNAPSHOT/hadoop-hdds-container-service-0.5.0-SNAPSHOT.jar!/webapps/static,UNAVAILABLE}
2019-07-15 13:53:51,078 INFO  handler.ContextHandler (ContextHandler.java:doStop(910)) - Stopped o.e.j.s.ServletContextHandler@513fb873{/static,jar:file:/home/user/.m2/repository/org/apache/hadoop/hadoop-hdds-container-service/0.5.0-SNAPSHOT/hadoop-hdds-container-service-0.5.0-SNAPSHOT.jar!/webapps/static,UNAVAILABLE}
2019-07-15 13:53:51,078 INFO  handler.ContextHandler (ContextHandler.java:doStop(910)) - Stopped o.e.j.s.ServletContextHandler@63f08f9f{/logs,file:///workdir/hadoop-ozone/integration-test/target/log,UNAVAILABLE}
2019-07-15 13:53:51,079 INFO  handler.ContextHandler (ContextHandler.java:doStop(910)) - Stopped o.e.j.s.ServletContextHandler@731bdcca{/logs,file:///workdir/hadoop-ozone/integration-test/target/log,UNAVAILABLE}
2019-07-15 13:53:51,080 INFO  datanode.ObjectStoreHandler (ObjectStoreHandler.java:close(155)) - Closing ObjectStoreHandler.
2019-07-15 13:53:51,080 INFO  datanode.ObjectStoreHandler (ObjectStoreHandler.java:close(155)) - Closing ObjectStoreHandler.
2019-07-15 13:53:51,081 INFO  ozone.HddsDatanodeService (HddsDatanodeService.java:stop(452)) - Stopped plug-in org.apache.hadoop.ozone.web.OzoneHddsDatanodeService@314407dd
2019-07-15 13:53:51,081 INFO  ozone.HddsDatanodeService (HddsDatanodeService.java:stop(452)) - Stopped plug-in org.apache.hadoop.ozone.web.OzoneHddsDatanodeService@69815126
2019-07-15 13:53:51,273 INFO  statemachine.DatanodeStateMachine (DatanodeStateMachine.java:lambda$startDaemon$0(350)) - Ozone container server started.
2019-07-15 13:53:51,896 INFO  statemachine.DatanodeStateMachine (DatanodeStateMachine.java:lambda$startDaemon$0(350)) - Ozone container server started.
2019-07-15 13:53:53,371 WARN  server.GrpcLogAppender (LogUtils.java:warn(134)) - d2ff130a-f701-4eea-813f-f59bb59348fb->20f2f0ae-946f-493f-b338-5eaa42e98f3c: Failed appendEntries: org.apache.ratis.thirdparty.io.grpc.StatusRuntimeException: UNAVAILABLE: io exception
2019-07-15 13:53:53,372 INFO  impl.FollowerInfo (FollowerInfo.java:lambda$new$0(50)) - d2ff130a-f701-4eea-813f-f59bb59348fb->20f2f0ae-946f-493f-b338-5eaa42e98f3c: nextIndex: updateUnconditionally 24 -> 23
2019-07-15 13:53:53,394 WARN  server.GrpcLogAppender (LogUtils.java:warn(134)) - d2ff130a-f701-4eea-813f-f59bb59348fb->e26b1dcf-4969-4dad-afea-c8de5ddf4bfa: Failed appendEntries: org.apache.ratis.thirdparty.io.grpc.StatusRuntimeException: UNAVAILABLE: io exception
2019-07-15 13:53:53,394 INFO  impl.FollowerInfo (FollowerInfo.java:lambda$new$0(50)) - d2ff130a-f701-4eea-813f-f59bb59348fb->e26b1dcf-4969-4dad-afea-c8de5ddf4bfa: nextIndex: updateUnconditionally 11 -> 10
2019-07-15 13:53:53,584 INFO  client.GrpcClientProtocolService (GrpcClientProtocolService.java:lambda$processClientRequest$0(278)) - Failed RaftClientRequest:client-18D8D3B8A431->d2ff130a-f701-4eea-813f-f59bb59348fb@group-F3B4F183CD23, cid=191, seq=0, Watch-ALL_COMMITTED(21), Message:<EMPTY>, reply=RaftClientReply:client-18D8D3B8A431->d2ff130a-f701-4eea-813f-f59bb59348fb@group-F3B4F183CD23, cid=191, FAILED org.apache.ratis.protocol.NotReplicatedException: Request with call Id 191 and log index 21 is not yet replicated to ALL_COMMITTED, logIndex=21, commits[d2ff130a-f701-4eea-813f-f59bb59348fb:c26, e26b1dcf-4969-4dad-afea-c8de5ddf4bfa:c15, 20f2f0ae-946f-493f-b338-5eaa42e98f3c:c26]
2019-07-15 13:53:53,585 INFO  client.GrpcClientProtocolClient (GrpcClientProtocolClient.java:onNext(255)) - client-18D8D3B8A431->d2ff130a-f701-4eea-813f-f59bb59348fb: receive RaftClientReply:client-18D8D3B8A431->d2ff130a-f701-4eea-813f-f59bb59348fb@group-F3B4F183CD23, cid=191, FAILED org.apache.ratis.protocol.NotReplicatedException: Request with call Id 191 and log index 21 is not yet replicated to ALL_COMMITTED, logIndex=21, commits[d2ff130a-f701-4eea-813f-f59bb59348fb:c26, e26b1dcf-4969-4dad-afea-c8de5ddf4bfa:c15, 20f2f0ae-946f-493f-b338-5eaa42e98f3c:c26]
2019-07-15 13:53:55,332 INFO  node.StaleNodeHandler (StaleNodeHandler.java:onMessage(58)) - Datanode 536cf698-b27d-4dd7-b5fd-8fdd61caa1c2{ip: 192.168.157.240, host: trunk-nightly-hvlc9-701369690, networkLocation: /default-rack, certSerialId: null} moved to stale state. Finalizing its pipelines [PipelineID=137e444f-a37e-4d2d-a8f0-48bad841538c, PipelineID=e5271c4b-730a-434e-9648-80b87b2c025b]
2019-07-15 13:53:55,333 INFO  pipeline.SCMPipelineManager (SCMPipelineManager.java:finalizeAndDestroyPipeline(309)) - destroying pipeline:Pipeline[ Id: 137e444f-a37e-4d2d-a8f0-48bad841538c, Nodes: 536cf698-b27d-4dd7-b5fd-8fdd61caa1c2{ip: 192.168.157.240, host: trunk-nightly-hvlc9-701369690, networkLocation: /default-rack, certSerialId: null}, Type:RATIS, Factor:ONE, State:OPEN]
2019-07-15 13:53:55,333 INFO  pipeline.PipelineStateManager (PipelineStateManager.java:finalizePipeline(123)) - Pipeline Pipeline[ Id: 137e444f-a37e-4d2d-a8f0-48bad841538c, Nodes: 536cf698-b27d-4dd7-b5fd-8fdd61caa1c2{ip: 192.168.157.240, host: trunk-nightly-hvlc9-701369690, networkLocation: /default-rack, certSerialId: null}, Type:RATIS, Factor:ONE, State:CLOSED] moved to CLOSED state
2019-07-15 13:53:55,333 INFO  pipeline.SCMPipelineManager (SCMPipelineManager.java:finalizeAndDestroyPipeline(309)) - destroying pipeline:Pipeline[ Id: e5271c4b-730a-434e-9648-80b87b2c025b, Nodes: 536cf698-b27d-4dd7-b5fd-8fdd61caa1c2{ip: 192.168.157.240, host: trunk-nightly-hvlc9-701369690, networkLocation: /default-rack, certSerialId: null}cf701d9f-9836-48a2-a1f8-0d83a18b5aed{ip: 192.168.157.240, host: trunk-nightly-hvlc9-701369690, networkLocation: /default-rack, certSerialId: null}0eaba2ed-d764-4ca3-b184-3783afaafee1{ip: 192.168.157.240, host: trunk-nightly-hvlc9-701369690, networkLocation: /default-rack, certSerialId: null}, Type:RATIS, Factor:THREE, State:CLOSED]
2019-07-15 13:53:55,872 WARN  server.GrpcLogAppender (LogUtils.java:warn(134)) - d2ff130a-f701-4eea-813f-f59bb59348fb->20f2f0ae-946f-493f-b338-5eaa42e98f3c: Failed appendEntries: org.apache.ratis.thirdparty.io.grpc.StatusRuntimeException: UNAVAILABLE: io exception
2019-07-15 13:53:55,873 INFO  impl.FollowerInfo (FollowerInfo.java:lambda$new$0(50)) - d2ff130a-f701-4eea-813f-f59bb59348fb->20f2f0ae-946f-493f-b338-5eaa42e98f3c: nextIndex: updateUnconditionally 23 -> 22
2019-07-15 13:53:55,894 WARN  server.GrpcLogAppender (LogUtils.java:warn(134)) - d2ff130a-f701-4eea-813f-f59bb59348fb->e26b1dcf-4969-4dad-afea-c8de5ddf4bfa: Failed appendEntries: org.apache.ratis.thirdparty.io.grpc.StatusRuntimeException: UNAVAILABLE: io exception
2019-07-15 13:53:55,895 INFO  impl.FollowerInfo (FollowerInfo.java:lambda$new$0(50)) - d2ff130a-f701-4eea-813f-f59bb59348fb->e26b1dcf-4969-4dad-afea-c8de5ddf4bfa: nextIndex: updateUnconditionally 10 -> 9
2019-07-15 13:53:55,933 INFO  node.StaleNodeHandler (StaleNodeHandler.java:onMessage(58)) - Datanode d2ff130a-f701-4eea-813f-f59bb59348fb{ip: 192.168.157.240, host: trunk-nightly-hvlc9-701369690, networkLocation: /default-rack, certSerialId: null} moved to stale state. Finalizing its pipelines [PipelineID=c3a4040c-5076-4a98-b347-cd356bc91d4e, PipelineID=59164355-3b32-42ce-8ae7-f3b4f183cd23]
2019-07-15 13:53:55,933 INFO  pipeline.SCMPipelineManager (SCMPipelineManager.java:finalizeAndDestroyPipeline(309)) - destroying pipeline:Pipeline[ Id: c3a4040c-5076-4a98-b347-cd356bc91d4e, Nodes: d2ff130a-f701-4eea-813f-f59bb59348fb{ip: 192.168.157.240, host: trunk-nightly-hvlc9-701369690, networkLocation: /default-rack, certSerialId: null}, Type:RATIS, Factor:ONE, State:OPEN]
2019-07-15 13:53:55,933 INFO  pipeline.PipelineStateManager (PipelineStateManager.java:finalizePipeline(123)) - Pipeline Pipeline[ Id: c3a4040c-5076-4a98-b347-cd356bc91d4e, Nodes: d2ff130a-f701-4eea-813f-f59bb59348fb{ip: 192.168.157.240, host: trunk-nightly-hvlc9-701369690, networkLocation: /default-rack, certSerialId: null}, Type:RATIS, Factor:ONE, State:CLOSED] moved to CLOSED state
2019-07-15 13:53:55,934 INFO  pipeline.SCMPipelineManager (SCMPipelineManager.java:finalizeAndDestroyPipeline(309)) - destroying pipeline:Pipeline[ Id: 59164355-3b32-42ce-8ae7-f3b4f183cd23, Nodes: e26b1dcf-4969-4dad-afea-c8de5ddf4bfa{ip: 192.168.157.240, host: trunk-nightly-hvlc9-701369690, networkLocation: /default-rack, certSerialId: null}d2ff130a-f701-4eea-813f-f59bb59348fb{ip: 192.168.157.240, host: trunk-nightly-hvlc9-701369690, networkLocation: /default-rack, certSerialId: null}20f2f0ae-946f-493f-b338-5eaa42e98f3c{ip: 192.168.157.240, host: trunk-nightly-hvlc9-701369690, networkLocation: /default-rack, certSerialId: null}, Type:RATIS, Factor:THREE, State:CLOSED]
2019-07-15 13:53:56,081 INFO  ozoneimpl.OzoneContainer (OzoneContainer.java:stop(199)) - Attempting to stop container services.
2019-07-15 13:53:56,081 INFO  ozoneimpl.OzoneContainer (OzoneContainer.java:stop(199)) - Attempting to stop container services.
2019-07-15 13:53:56,082 INFO  impl.RaftServerProxy (RaftServerProxy.java:lambda$close$4(314)) - 536cf698-b27d-4dd7-b5fd-8fdd61caa1c2: close
2019-07-15 13:53:56,082 INFO  impl.RaftServerImpl (RaftServerImpl.java:lambda$shutdown$3(245)) - 536cf698-b27d-4dd7-b5fd-8fdd61caa1c2: shutdown group-48BAD841538C
2019-07-15 13:53:56,083 INFO  impl.RaftServerProxy (RaftServerProxy.java:lambda$close$4(314)) - d2ff130a-f701-4eea-813f-f59bb59348fb: close
2019-07-15 13:53:56,083 INFO  util.JmxRegister (JmxRegister.java:unregister(73)) - Successfully un-registered JMX Bean with object name Ratis:service=RaftServer,group=group-48BAD841538C,id=536cf698-b27d-4dd7-b5fd-8fdd61caa1c2
2019-07-15 13:53:56,083 INFO  impl.RaftServerImpl (RaftServerImpl.java:lambda$shutdown$3(245)) - d2ff130a-f701-4eea-813f-f59bb59348fb: shutdown group-CD356BC91D4E
2019-07-15 13:53:56,084 INFO  impl.RoleInfo (RoleInfo.java:shutdownLeaderState(104)) - 536cf698-b27d-4dd7-b5fd-8fdd61caa1c2: shutdown LeaderState
2019-07-15 13:53:56,084 INFO  util.JmxRegister (JmxRegister.java:unregister(73)) - Successfully un-registered JMX Bean with object name Ratis:service=RaftServer,group=group-CD356BC91D4E,id=d2ff130a-f701-4eea-813f-f59bb59348fb
2019-07-15 13:53:56,085 INFO  impl.RoleInfo (RoleInfo.java:shutdownLeaderState(104)) - d2ff130a-f701-4eea-813f-f59bb59348fb: shutdown LeaderState
2019-07-15 13:53:56,084 INFO  impl.PendingRequests (PendingRequests.java:sendNotLeaderResponses(202)) - 536cf698-b27d-4dd7-b5fd-8fdd61caa1c2-PendingRequests: sendNotLeaderResponses
2019-07-15 13:53:56,085 INFO  impl.PendingRequests (PendingRequests.java:sendNotLeaderResponses(202)) - d2ff130a-f701-4eea-813f-f59bb59348fb-PendingRequests: sendNotLeaderResponses
2019-07-15 13:53:56,086 INFO  impl.StateMachineUpdater (StateMachineUpdater.java:stopAndJoin(115)) - StateMachineUpdater:536cf698-b27d-4dd7-b5fd-8fdd61caa1c2:group-48BAD841538C: set stopIndex = 0
2019-07-15 13:53:56,086 INFO  impl.StateMachineUpdater (StateMachineUpdater.java:stopAndJoin(115)) - StateMachineUpdater:d2ff130a-f701-4eea-813f-f59bb59348fb:group-CD356BC91D4E: set stopIndex = 0
2019-07-15 13:53:56,087 INFO  impl.RaftServerImpl (ServerState.java:close(394)) - d2ff130a-f701-4eea-813f-f59bb59348fb:group-CD356BC91D4E closes. The last applied log index is 0
2019-07-15 13:53:56,086 INFO  impl.RaftServerImpl (ServerState.java:close(394)) - 536cf698-b27d-4dd7-b5fd-8fdd61caa1c2:group-48BAD841538C closes. The last applied log index is 0
2019-07-15 13:53:56,087 INFO  segmented.SegmentedRaftLogWorker (SegmentedRaftLogWorker.java:run(313)) - d2ff130a-f701-4eea-813f-f59bb59348fb-SegmentedRaftLogWorker:Storage Directory /workdir/hadoop-ozone/integration-test/target/test-dir/MiniOzoneClusterImpl-7365a5b7-4b1d-40e7-b905-3ffc7194d9ee/datanode-5/data/ratis/c3a4040c-5076-4a98-b347-cd356bc91d4e was interrupted, exiting. There are 0 tasks remaining in the queue.
2019-07-15 13:53:56,088 INFO  segmented.SegmentedRaftLogWorker (SegmentedRaftLogWorker.java:run(313)) - 536cf698-b27d-4dd7-b5fd-8fdd61caa1c2-SegmentedRaftLogWorker:Storage Directory /workdir/hadoop-ozone/integration-test/target/test-dir/MiniOzoneClusterImpl-7365a5b7-4b1d-40e7-b905-3ffc7194d9ee/datanode-0/data/ratis/137e444f-a37e-4d2d-a8f0-48bad841538c was interrupted, exiting. There are 0 tasks remaining in the queue.
2019-07-15 13:53:56,096 INFO  segmented.SegmentedRaftLogWorker (SegmentedRaftLogWorker.java:close(228)) - d2ff130a-f701-4eea-813f-f59bb59348fb-SegmentedRaftLogWorker:Storage Directory /workdir/hadoop-ozone/integration-test/target/test-dir/MiniOzoneClusterImpl-7365a5b7-4b1d-40e7-b905-3ffc7194d9ee/datanode-5/data/ratis/c3a4040c-5076-4a98-b347-cd356bc91d4e close()
2019-07-15 13:53:56,098 INFO  impl.RaftServerImpl (RaftServerImpl.java:lambda$shutdown$3(245)) - d2ff130a-f701-4eea-813f-f59bb59348fb: shutdown group-F3B4F183CD23
2019-07-15 13:53:56,099 INFO  util.JmxRegister (JmxRegister.java:unregister(73)) - Successfully un-registered JMX Bean with object name Ratis:service=RaftServer,group=group-F3B4F183CD23,id=d2ff130a-f701-4eea-813f-f59bb59348fb
2019-07-15 13:53:56,099 INFO  impl.RoleInfo (RoleInfo.java:shutdownLeaderState(104)) - d2ff130a-f701-4eea-813f-f59bb59348fb: shutdown LeaderState
2019-07-15 13:53:56,102 WARN  server.GrpcLogAppender (GrpcLogAppender.java:mayWait(143)) - GrpcLogAppender(d2ff130a-f701-4eea-813f-f59bb59348fb->e26b1dcf-4969-4dad-afea-c8de5ddf4bfa): Wait interrupted by java.lang.InterruptedException
2019-07-15 13:53:56,102 INFO  impl.PendingRequests (PendingRequests.java:sendNotLeaderResponses(202)) - d2ff130a-f701-4eea-813f-f59bb59348fb-PendingRequests: sendNotLeaderResponses
2019-07-15 13:53:56,102 WARN  server.GrpcLogAppender (GrpcLogAppender.java:mayWait(143)) - GrpcLogAppender(d2ff130a-f701-4eea-813f-f59bb59348fb->20f2f0ae-946f-493f-b338-5eaa42e98f3c): Wait interrupted by java.lang.InterruptedException
2019-07-15 13:53:56,102 INFO  segmented.SegmentedRaftLogWorker (SegmentedRaftLogWorker.java:close(228)) - 536cf698-b27d-4dd7-b5fd-8fdd61caa1c2-SegmentedRaftLogWorker:Storage Directory /workdir/hadoop-ozone/integration-test/target/test-dir/MiniOzoneClusterImpl-7365a5b7-4b1d-40e7-b905-3ffc7194d9ee/datanode-0/data/ratis/137e444f-a37e-4d2d-a8f0-48bad841538c close()
2019-07-15 13:53:56,107 INFO  impl.RaftServerImpl (RaftServerImpl.java:lambda$shutdown$3(245)) - 536cf698-b27d-4dd7-b5fd-8fdd61caa1c2: shutdown group-80B87B2C025B
2019-07-15 13:53:56,107 INFO  ratis.ContainerStateMachine (ContainerStateMachine.java:takeSnapshot(249)) - group-F3B4F183CD23: Taking a snapshot at:(t:3, i:26) file /workdir/hadoop-ozone/integration-test/target/test-dir/MiniOzoneClusterImpl-7365a5b7-4b1d-40e7-b905-3ffc7194d9ee/datanode-5/data/ratis/59164355-3b32-42ce-8ae7-f3b4f183cd23/sm/snapshot.3_26
2019-07-15 13:53:56,107 INFO  util.JmxRegister (JmxRegister.java:unregister(73)) - Successfully un-registered JMX Bean with object name Ratis:service=RaftServer,group=group-80B87B2C025B,id=536cf698-b27d-4dd7-b5fd-8fdd61caa1c2
2019-07-15 13:53:56,107 INFO  client.GrpcClientProtocolService (GrpcClientProtocolService.java:lambda$processClientRequest$0(278)) - Failed RaftClientRequest:client-18D8D3B8A431->d2ff130a-f701-4eea-813f-f59bb59348fb@group-F3B4F183CD23, cid=191, seq=0, Watch-ALL_COMMITTED(21), Message:<EMPTY>, reply=RaftClientReply:client-18D8D3B8A431->d2ff130a-f701-4eea-813f-f59bb59348fb@group-F3B4F183CD23, cid=191, FAILED org.apache.ratis.protocol.NotLeaderException: Server d2ff130a-f701-4eea-813f-f59bb59348fb is not the leader (null). Request must be sent to leader., logIndex=0, commits[d2ff130a-f701-4eea-813f-f59bb59348fb:c26]
2019-07-15 13:53:56,107 INFO  impl.StateMachineUpdater (StateMachineUpdater.java:stopAndJoin(115)) - StateMachineUpdater:d2ff130a-f701-4eea-813f-f59bb59348fb:group-F3B4F183CD23: set stopIndex = 26
2019-07-15 13:53:56,108 INFO  ratis.ContainerStateMachine (ContainerStateMachine.java:takeSnapshot(257)) - group-F3B4F183CD23: Finished taking a snapshot at:(t:3, i:26) file:/workdir/hadoop-ozone/integration-test/target/test-dir/MiniOzoneClusterImpl-7365a5b7-4b1d-40e7-b905-3ffc7194d9ee/datanode-5/data/ratis/59164355-3b32-42ce-8ae7-f3b4f183cd23/sm/snapshot.3_26 time:1
2019-07-15 13:53:56,108 INFO  impl.RoleInfo (RoleInfo.java:shutdownFollowerState(121)) - 536cf698-b27d-4dd7-b5fd-8fdd61caa1c2: shutdown FollowerState
2019-07-15 13:53:56,109 INFO  impl.StateMachineUpdater (StateMachineUpdater.java:takeSnapshot(242)) - StateMachineUpdater:d2ff130a-f701-4eea-813f-f59bb59348fb:group-F3B4F183CD23: Took a snapshot at index 26
2019-07-15 13:53:56,109 INFO  impl.StateMachineUpdater (StateMachineUpdater.java:stopAndJoin(115)) - StateMachineUpdater:536cf698-b27d-4dd7-b5fd-8fdd61caa1c2:group-80B87B2C025B: set stopIndex = 0
2019-07-15 13:53:56,109 INFO  impl.FollowerState (FollowerState.java:run(114)) - 536cf698-b27d-4dd7-b5fd-8fdd61caa1c2: FollowerState was interrupted: java.lang.InterruptedException: sleep interrupted
2019-07-15 13:53:56,109 INFO  client.GrpcClientProtocolClient (GrpcClientProtocolClient.java:onNext(255)) - client-18D8D3B8A431->d2ff130a-f701-4eea-813f-f59bb59348fb: receive RaftClientReply:client-18D8D3B8A431->d2ff130a-f701-4eea-813f-f59bb59348fb@group-F3B4F183CD23, cid=191, FAILED org.apache.ratis.protocol.NotLeaderException: Server d2ff130a-f701-4eea-813f-f59bb59348fb is not the leader (null). Request must be sent to leader., logIndex=0, commits[d2ff130a-f701-4eea-813f-f59bb59348fb:c26]
2019-07-15 13:53:56,109 INFO  impl.StateMachineUpdater (StateMachineUpdater.java:lambda$new$0(80)) - StateMachineUpdater:d2ff130a-f701-4eea-813f-f59bb59348fb:group-F3B4F183CD23: snapshotIndex: updateIncreasingly -1 -> 26
2019-07-15 13:53:56,110 INFO  impl.RaftServerImpl (ServerState.java:close(394)) - 536cf698-b27d-4dd7-b5fd-8fdd61caa1c2:group-80B87B2C025B closes. The last applied log index is 0
2019-07-15 13:53:56,110 INFO  impl.RaftServerImpl (ServerState.java:close(394)) - d2ff130a-f701-4eea-813f-f59bb59348fb:group-F3B4F183CD23 closes. The last applied log index is 26
2019-07-15 13:53:56,111 INFO  segmented.SegmentedRaftLogWorker (SegmentedRaftLogWorker.java:run(313)) - 536cf698-b27d-4dd7-b5fd-8fdd61caa1c2-SegmentedRaftLogWorker:Storage Directory /workdir/hadoop-ozone/integration-test/target/test-dir/MiniOzoneClusterImpl-7365a5b7-4b1d-40e7-b905-3ffc7194d9ee/datanode-0/data/ratis/e5271c4b-730a-434e-9648-80b87b2c025b was interrupted, exiting. There are 0 tasks remaining in the queue.
2019-07-15 13:53:56,111 INFO  segmented.SegmentedRaftLogWorker (SegmentedRaftLogWorker.java:run(313)) - d2ff130a-f701-4eea-813f-f59bb59348fb-SegmentedRaftLogWorker:Storage Directory /workdir/hadoop-ozone/integration-test/target/test-dir/MiniOzoneClusterImpl-7365a5b7-4b1d-40e7-b905-3ffc7194d9ee/datanode-5/data/ratis/59164355-3b32-42ce-8ae7-f3b4f183cd23 was interrupted, exiting. There are 0 tasks remaining in the queue.
2019-07-15 13:53:56,111 INFO  segmented.SegmentedRaftLogWorker (SegmentedRaftLogWorker.java:close(228)) - 536cf698-b27d-4dd7-b5fd-8fdd61caa1c2-SegmentedRaftLogWorker:Storage Directory /workdir/hadoop-ozone/integration-test/target/test-dir/MiniOzoneClusterImpl-7365a5b7-4b1d-40e7-b905-3ffc7194d9ee/datanode-0/data/ratis/e5271c4b-730a-434e-9648-80b87b2c025b close()
2019-07-15 13:53:56,112 INFO  segmented.SegmentedRaftLogWorker (SegmentedRaftLogWorker.java:close(228)) - d2ff130a-f701-4eea-813f-f59bb59348fb-SegmentedRaftLogWorker:Storage Directory /workdir/hadoop-ozone/integration-test/target/test-dir/MiniOzoneClusterImpl-7365a5b7-4b1d-40e7-b905-3ffc7194d9ee/datanode-5/data/ratis/59164355-3b32-42ce-8ae7-f3b4f183cd23 close()
2019-07-15 13:53:56,113 INFO  server.GrpcService (GrpcService.java:closeImpl(155)) - 536cf698-b27d-4dd7-b5fd-8fdd61caa1c2: shutdown server with port 42868 now
2019-07-15 13:53:56,115 INFO  server.GrpcService (GrpcService.java:closeImpl(155)) - d2ff130a-f701-4eea-813f-f59bb59348fb: shutdown server with port 46797 now
2019-07-15 13:53:56,115 INFO  server.GrpcService (GrpcService.java:closeImpl(163)) - 536cf698-b27d-4dd7-b5fd-8fdd61caa1c2: shutdown server with port 42868 successfully
2019-07-15 13:53:56,116 WARN  client.GrpcClientProtocolService (LogUtils.java:warn(134)) - 4-UnorderedRequestStreamObserver4: onError: org.apache.ratis.thirdparty.io.grpc.StatusRuntimeException: CANCELLED: cancelled before receiving half close
2019-07-15 13:53:56,116 INFO  server.GrpcService (GrpcService.java:closeImpl(163)) - d2ff130a-f701-4eea-813f-f59bb59348fb: shutdown server with port 46797 successfully
2019-07-15 13:53:56,116 INFO  utils.BackgroundService (BackgroundService.java:shutdown(148)) - Shutting down service BlockDeletingService
2019-07-15 13:53:56,118 WARN  fs.CachingGetSpaceUsed (CachingGetSpaceUsed.java:run(183)) - Thread Interrupted waiting to refresh disk information: sleep interrupted
2019-07-15 13:53:56,119 INFO  utils.BackgroundService (BackgroundService.java:shutdown(148)) - Shutting down service BlockDeletingService
2019-07-15 13:53:56,123 WARN  fs.CachingGetSpaceUsed (CachingGetSpaceUsed.java:run(183)) - Thread Interrupted waiting to refresh disk information: sleep interrupted
2019-07-15 13:53:56,140 INFO  statemachine.DatanodeStateMachine (DatanodeStateMachine.java:stopDaemon(395)) - Ozone container server stopped.
2019-07-15 13:53:56,146 INFO  statemachine.DatanodeStateMachine (DatanodeStateMachine.java:stopDaemon(395)) - Ozone container server stopped.
2019-07-15 13:53:56,155 INFO  handler.ContextHandler (ContextHandler.java:doStop(910)) - Stopped o.e.j.w.WebAppContext@1509bd56{/,null,UNAVAILABLE}{/hddsDatanode}
2019-07-15 13:53:56,155 INFO  handler.ContextHandler (ContextHandler.java:doStop(910)) - Stopped o.e.j.w.WebAppContext@21a1554{/,null,UNAVAILABLE}{/hddsDatanode}
2019-07-15 13:53:56,156 INFO  server.AbstractConnector (AbstractConnector.java:doStop(318)) - Stopped ServerConnector@2c4eda3a{HTTP/1.1,[http/1.1]}{0.0.0.0:0}
2019-07-15 13:53:56,157 INFO  server.AbstractConnector (AbstractConnector.java:doStop(318)) - Stopped ServerConnector@f359e65{HTTP/1.1,[http/1.1]}{0.0.0.0:0}
2019-07-15 13:53:56,157 INFO  handler.ContextHandler (ContextHandler.java:doStop(910)) - Stopped o.e.j.s.ServletContextHandler@3b446d7{/static,jar:file:/home/user/.m2/repository/org/apache/hadoop/hadoop-hdds-container-service/0.5.0-SNAPSHOT/hadoop-hdds-container-service-0.5.0-SNAPSHOT.jar!/webapps/static,UNAVAILABLE}
2019-07-15 13:53:56,158 INFO  handler.ContextHandler (ContextHandler.java:doStop(910)) - Stopped o.e.j.s.ServletContextHandler@4824d077{/static,jar:file:/home/user/.m2/repository/org/apache/hadoop/hadoop-hdds-container-service/0.5.0-SNAPSHOT/hadoop-hdds-container-service-0.5.0-SNAPSHOT.jar!/webapps/static,UNAVAILABLE}
2019-07-15 13:53:56,159 INFO  handler.ContextHandler (ContextHandler.java:doStop(910)) - Stopped o.e.j.s.ServletContextHandler@3a0f5141{/logs,file:///workdir/hadoop-ozone/integration-test/target/log,UNAVAILABLE}
2019-07-15 13:53:56,159 INFO  handler.ContextHandler (ContextHandler.java:doStop(910)) - Stopped o.e.j.s.ServletContextHandler@296a350{/logs,file:///workdir/hadoop-ozone/integration-test/target/log,UNAVAILABLE}
2019-07-15 13:53:56,160 INFO  ozone.MiniOzoneClusterImpl (MiniOzoneClusterImpl.java:stop(353)) - Stopping the StorageContainerManager
2019-07-15 13:53:56,160 INFO  server.StorageContainerManager (StorageContainerManager.java:stop(796)) - Stopping Replication Manager Service.
2019-07-15 13:53:56,161 INFO  container.ReplicationManager (ReplicationManager.java:stop(187)) - Stopping Replication Monitor Thread.
2019-07-15 13:53:56,161 INFO  server.StorageContainerManager (StorageContainerManager.java:stop(803)) - Stopping Lease Manager of the command watchers
2019-07-15 13:53:56,161 INFO  server.StorageContainerManager (StorageContainerManager.java:stop(810)) - Stopping datanode service RPC server
2019-07-15 13:53:56,161 INFO  server.SCMDatanodeProtocolServer (SCMDatanodeProtocolServer.java:stop(375)) - Stopping the RPC server for DataNodes
2019-07-15 13:53:56,161 INFO  ipc.Server (Server.java:stop(3082)) - Stopping server on 33761
2019-07-15 13:53:56,164 INFO  ipc.Server (Server.java:run(1185)) - Stopping IPC Server listener on 33761
2019-07-15 13:53:56,164 INFO  ipc.Server (Server.java:run(1319)) - Stopping IPC Server Responder
2019-07-15 13:53:56,233 WARN  node.NodeStateManager (NodeStateManager.java:scheduleNextHealthCheck(631)) - Current Thread is interrupted, shutting down HB processing thread for Node Manager.
2019-07-15 13:53:56,234 INFO  server.StorageContainerManager (StorageContainerManager.java:stop(818)) - Stopping block service RPC server
2019-07-15 13:53:56,234 INFO  server.SCMBlockProtocolServer (SCMBlockProtocolServer.java:stop(148)) - Stopping the RPC server for Block Protocol
2019-07-15 13:53:56,234 INFO  ipc.Server (Server.java:stop(3082)) - Stopping server on 39579
2019-07-15 13:53:56,237 INFO  ipc.Server (Server.java:run(1185)) - Stopping IPC Server listener on 39579
2019-07-15 13:53:56,237 INFO  server.StorageContainerManager (StorageContainerManager.java:stop(825)) - Stopping the StorageContainerLocationProtocol RPC server
2019-07-15 13:53:56,237 INFO  server.SCMClientProtocolServer (SCMClientProtocolServer.java:stop(157)) - Stopping the RPC server for Client Protocol
2019-07-15 13:53:56,239 INFO  ipc.Server (Server.java:stop(3082)) - Stopping server on 35781
2019-07-15 13:53:56,238 INFO  ipc.Server (Server.java:run(1319)) - Stopping IPC Server Responder
2019-07-15 13:53:56,241 INFO  server.StorageContainerManager (StorageContainerManager.java:stop(832)) - Stopping Storage Container Manager HTTP server.
2019-07-15 13:53:56,241 INFO  ipc.Server (Server.java:run(1319)) - Stopping IPC Server Responder
2019-07-15 13:53:56,241 INFO  ipc.Server (Server.java:run(1185)) - Stopping IPC Server listener on 35781
2019-07-15 13:53:56,242 INFO  handler.ContextHandler (ContextHandler.java:doStop(910)) - Stopped o.e.j.w.WebAppContext@20bf7206{/,null,UNAVAILABLE}{/scm}
2019-07-15 13:53:56,243 INFO  server.AbstractConnector (AbstractConnector.java:doStop(318)) - Stopped ServerConnector@4cb939d5{HTTP/1.1,[http/1.1]}{0.0.0.0:0}
2019-07-15 13:53:56,243 INFO  handler.ContextHandler (ContextHandler.java:doStop(910)) - Stopped o.e.j.s.ServletContextHandler@d60aa4{/static,file:///workdir/hadoop-ozone/integration-test/target/test-classes/webapps/static,UNAVAILABLE}
2019-07-15 13:53:56,243 INFO  handler.ContextHandler (ContextHandler.java:doStop(910)) - Stopped o.e.j.s.ServletContextHandler@3ed3e66d{/logs,file:///workdir/hadoop-ozone/integration-test/target/log,UNAVAILABLE}
2019-07-15 13:53:56,244 INFO  server.StorageContainerManager (StorageContainerManager.java:stop(843)) - Stopping Block Manager Service.
2019-07-15 13:53:56,244 INFO  utils.BackgroundService (BackgroundService.java:shutdown(148)) - Shutting down service SCMBlockDeletingService
2019-07-15 13:53:56,245 INFO  utils.BackgroundService (BackgroundService.java:shutdown(148)) - Shutting down service SCMBlockDeletingService
2019-07-15 13:53:56,245 INFO  server.StorageContainerManager (StorageContainerManager.java:stop(865)) - Stopping SCM Event Queue.
2019-07-15 13:53:56,249 INFO  impl.MetricsSystemImpl (MetricsSystemImpl.java:stop(210)) - Stopping HddsDatanode metrics system...
2019-07-15 13:53:56,259 INFO  impl.MetricsSystemImpl (MetricsSystemImpl.java:stop(216)) - HddsDatanode metrics system stopped.
]]></system-out>
    <system-err><![CDATA[Jul 15, 2019 1:53:17 PM com.sun.jersey.server.impl.application.WebApplicationImpl _initiate
INFO: Initiating Jersey application, version 'Jersey: 1.19 02/11/2015 03:25 AM'
Jul 15, 2019 1:53:17 PM com.sun.jersey.server.impl.application.WebApplicationImpl _initiate
INFO: Initiating Jersey application, version 'Jersey: 1.19 02/11/2015 03:25 AM'
Jul 15, 2019 1:53:17 PM com.sun.jersey.server.impl.application.WebApplicationImpl _initiate
INFO: Initiating Jersey application, version 'Jersey: 1.19 02/11/2015 03:25 AM'
Jul 15, 2019 1:53:17 PM com.sun.jersey.server.impl.application.WebApplicationImpl _initiate
INFO: Initiating Jersey application, version 'Jersey: 1.19 02/11/2015 03:25 AM'
Jul 15, 2019 1:53:17 PM com.sun.jersey.server.impl.application.WebApplicationImpl _initiate
INFO: Initiating Jersey application, version 'Jersey: 1.19 02/11/2015 03:25 AM'
Jul 15, 2019 1:53:18 PM com.sun.jersey.server.impl.application.WebApplicationImpl _initiate
INFO: Initiating Jersey application, version 'Jersey: 1.19 02/11/2015 03:25 AM'
Jul 15, 2019 1:53:18 PM com.sun.jersey.server.impl.application.WebApplicationImpl _initiate
INFO: Initiating Jersey application, version 'Jersey: 1.19 02/11/2015 03:25 AM'
Jul 15, 2019 1:53:21 PM org.apache.ratis.thirdparty.io.grpc.internal.ManagedChannelOrphanWrapper$ManagedChannelReference cleanQueue
SEVERE: *~*~*~ Channel ManagedChannelImpl{logId=2786, target=192.168.157.240:41860} was not shutdown properly!!! ~*~*~*
    Make sure to call shutdown()/shutdownNow() and wait until awaitTermination() returns true.
java.lang.RuntimeException: ManagedChannel allocation site
	at org.apache.ratis.thirdparty.io.grpc.internal.ManagedChannelOrphanWrapper$ManagedChannelReference.<init>(ManagedChannelOrphanWrapper.java:103)
	at org.apache.ratis.thirdparty.io.grpc.internal.ManagedChannelOrphanWrapper.<init>(ManagedChannelOrphanWrapper.java:53)
	at org.apache.ratis.thirdparty.io.grpc.internal.ManagedChannelOrphanWrapper.<init>(ManagedChannelOrphanWrapper.java:44)
	at org.apache.ratis.thirdparty.io.grpc.internal.AbstractManagedChannelImplBuilder.build(AbstractManagedChannelImplBuilder.java:411)
	at org.apache.ratis.grpc.client.GrpcClientProtocolClient.<init>(GrpcClientProtocolClient.java:119)
	at org.apache.ratis.grpc.client.GrpcClientRpc.lambda$new$0(GrpcClientRpc.java:55)
	at org.apache.ratis.util.PeerProxyMap$PeerAndProxy.lambda$getProxy$0(PeerProxyMap.java:61)
	at org.apache.ratis.util.LifeCycle.startAndTransition(LifeCycle.java:202)
	at org.apache.ratis.util.PeerProxyMap$PeerAndProxy.getProxy(PeerProxyMap.java:60)
	at org.apache.ratis.util.PeerProxyMap.getProxy(PeerProxyMap.java:107)
	at org.apache.ratis.grpc.client.GrpcClientRpc.sendRequestAsync(GrpcClientRpc.java:66)
	at org.apache.ratis.client.impl.OrderedAsync.sendRequest(OrderedAsync.java:208)
	at org.apache.ratis.client.impl.OrderedAsync.sendRequestWithRetry(OrderedAsync.java:169)
	at org.apache.ratis.util.SlidingWindow$Client.sendOrDelayRequest(SlidingWindow.java:278)
	at org.apache.ratis.util.SlidingWindow$Client.retry(SlidingWindow.java:294)
	at org.apache.ratis.client.impl.OrderedAsync.lambda$scheduleWithTimeout$7(OrderedAsync.java:195)
	at org.apache.ratis.util.TimeoutScheduler.lambda$onTimeout$0(TimeoutScheduler.java:85)
	at org.apache.ratis.util.TimeoutScheduler.lambda$onTimeout$1(TimeoutScheduler.java:104)
	at org.apache.ratis.util.LogUtils.runAndLog(LogUtils.java:50)
	at org.apache.ratis.util.LogUtils$1.run(LogUtils.java:91)
	at java.util.concurrent.Executors$RunnableAdapter.call(Executors.java:511)
	at java.util.concurrent.FutureTask.run(FutureTask.java:266)
	at java.util.concurrent.ScheduledThreadPoolExecutor$ScheduledFutureTask.access$201(ScheduledThreadPoolExecutor.java:180)
	at java.util.concurrent.ScheduledThreadPoolExecutor$ScheduledFutureTask.run(ScheduledThreadPoolExecutor.java:293)
	at java.util.concurrent.ThreadPoolExecutor.runWorker(ThreadPoolExecutor.java:1149)
	at java.util.concurrent.ThreadPoolExecutor$Worker.run(ThreadPoolExecutor.java:624)
	at java.lang.Thread.run(Thread.java:748)

Jul 15, 2019 1:53:21 PM org.apache.ratis.thirdparty.io.grpc.internal.ManagedChannelOrphanWrapper$ManagedChannelReference cleanQueue
SEVERE: *~*~*~ Channel ManagedChannelImpl{logId=2791, target=192.168.157.240:44676} was not shutdown properly!!! ~*~*~*
    Make sure to call shutdown()/shutdownNow() and wait until awaitTermination() returns true.
java.lang.RuntimeException: ManagedChannel allocation site
	at org.apache.ratis.thirdparty.io.grpc.internal.ManagedChannelOrphanWrapper$ManagedChannelReference.<init>(ManagedChannelOrphanWrapper.java:103)
	at org.apache.ratis.thirdparty.io.grpc.internal.ManagedChannelOrphanWrapper.<init>(ManagedChannelOrphanWrapper.java:53)
	at org.apache.ratis.thirdparty.io.grpc.internal.ManagedChannelOrphanWrapper.<init>(ManagedChannelOrphanWrapper.java:44)
	at org.apache.ratis.thirdparty.io.grpc.internal.AbstractManagedChannelImplBuilder.build(AbstractManagedChannelImplBuilder.java:411)
	at org.apache.ratis.grpc.client.GrpcClientProtocolClient.<init>(GrpcClientProtocolClient.java:119)
	at org.apache.ratis.grpc.client.GrpcClientRpc.lambda$new$0(GrpcClientRpc.java:55)
	at org.apache.ratis.util.PeerProxyMap$PeerAndProxy.lambda$getProxy$0(PeerProxyMap.java:61)
	at org.apache.ratis.util.LifeCycle.startAndTransition(LifeCycle.java:202)
	at org.apache.ratis.util.PeerProxyMap$PeerAndProxy.getProxy(PeerProxyMap.java:60)
	at org.apache.ratis.util.PeerProxyMap.getProxy(PeerProxyMap.java:107)
	at org.apache.ratis.grpc.client.GrpcClientRpc.sendRequestAsync(GrpcClientRpc.java:66)
	at org.apache.ratis.client.impl.OrderedAsync.sendRequest(OrderedAsync.java:208)
	at org.apache.ratis.client.impl.OrderedAsync.sendRequestWithRetry(OrderedAsync.java:169)
	at org.apache.ratis.util.SlidingWindow$Client.sendOrDelayRequest(SlidingWindow.java:278)
	at org.apache.ratis.util.SlidingWindow$Client.submitNewRequest(SlidingWindow.java:257)
	at org.apache.ratis.client.impl.OrderedAsync.send(OrderedAsync.java:155)
	at org.apache.ratis.client.impl.RaftClientImpl.sendAsync(RaftClientImpl.java:145)
	at org.apache.ratis.client.impl.RaftClientImpl.sendAsync(RaftClientImpl.java:125)
	at org.apache.hadoop.hdds.scm.XceiverClientRatis.sendRequestAsync(XceiverClientRatis.java:224)
	at org.apache.hadoop.hdds.scm.XceiverClientRatis.sendCommandAsync(XceiverClientRatis.java:302)
	at org.apache.hadoop.hdds.scm.storage.ContainerProtocolCalls.writeChunkAsync(ContainerProtocolCalls.java:310)
	at org.apache.hadoop.hdds.scm.storage.BlockOutputStream.writeChunkToContainer(BlockOutputStream.java:610)
	at org.apache.hadoop.hdds.scm.storage.BlockOutputStream.writeChunk(BlockOutputStream.java:467)
	at org.apache.hadoop.hdds.scm.storage.BlockOutputStream.writeOnRetry(BlockOutputStream.java:293)
	at org.apache.hadoop.ozone.client.io.BlockOutputStreamEntry.writeOnRetry(BlockOutputStreamEntry.java:200)
	at org.apache.hadoop.ozone.client.io.KeyOutputStream.handleWrite(KeyOutputStream.java:209)
	at org.apache.hadoop.ozone.client.io.KeyOutputStream.handleRetry(KeyOutputStream.java:376)
	at org.apache.hadoop.ozone.client.io.KeyOutputStream.handleException(KeyOutputStream.java:325)
	at org.apache.hadoop.ozone.client.io.KeyOutputStream.handleFlushOrClose(KeyOutputStream.java:448)
	at org.apache.hadoop.ozone.client.io.KeyOutputStream.handleWrite(KeyOutputStream.java:235)
	at org.apache.hadoop.ozone.client.io.KeyOutputStream.write(KeyOutputStream.java:193)
	at org.apache.hadoop.ozone.client.io.OzoneOutputStream.write(OzoneOutputStream.java:49)
	at java.io.OutputStream.write(OutputStream.java:75)
	at org.apache.hadoop.ozone.client.rpc.TestBlockOutputStreamWithFailures.testWatchForCommitWithSingleNodeRatis(TestBlockOutputStreamWithFailures.java:881)
	at sun.reflect.NativeMethodAccessorImpl.invoke0(Native Method)
	at sun.reflect.NativeMethodAccessorImpl.invoke(NativeMethodAccessorImpl.java:62)
	at sun.reflect.DelegatingMethodAccessorImpl.invoke(DelegatingMethodAccessorImpl.java:43)
	at java.lang.reflect.Method.invoke(Method.java:498)
	at org.junit.runners.model.FrameworkMethod$1.runReflectiveCall(FrameworkMethod.java:47)
	at org.junit.internal.runners.model.ReflectiveCallable.run(ReflectiveCallable.java:12)
	at org.junit.runners.model.FrameworkMethod.invokeExplosively(FrameworkMethod.java:44)
	at org.junit.internal.runners.statements.InvokeMethod.evaluate(InvokeMethod.java:17)
	at org.junit.internal.runners.statements.RunBefores.evaluate(RunBefores.java:26)
	at org.junit.internal.runners.statements.RunAfters.evaluate(RunAfters.java:27)
	at org.junit.runners.ParentRunner.runLeaf(ParentRunner.java:271)
	at org.junit.runners.BlockJUnit4ClassRunner.runChild(BlockJUnit4ClassRunner.java:70)
	at org.junit.runners.BlockJUnit4ClassRunner.runChild(BlockJUnit4ClassRunner.java:50)
	at org.junit.runners.ParentRunner$3.run(ParentRunner.java:238)
	at org.junit.runners.ParentRunner$1.schedule(ParentRunner.java:63)
	at org.junit.runners.ParentRunner.runChildren(ParentRunner.java:236)
	at org.junit.runners.ParentRunner.access$000(ParentRunner.java:53)
	at org.junit.runners.ParentRunner$2.evaluate(ParentRunner.java:229)
	at org.junit.runners.ParentRunner.run(ParentRunner.java:309)
	at org.apache.maven.surefire.junit4.JUnit4Provider.execute(JUnit4Provider.java:365)
	at org.apache.maven.surefire.junit4.JUnit4Provider.executeWithRerun(JUnit4Provider.java:273)
	at org.apache.maven.surefire.junit4.JUnit4Provider.executeTestSet(JUnit4Provider.java:238)
	at org.apache.maven.surefire.junit4.JUnit4Provider.invoke(JUnit4Provider.java:159)
	at org.apache.maven.surefire.booter.ForkedBooter.invokeProviderInSameClassLoader(ForkedBooter.java:384)
	at org.apache.maven.surefire.booter.ForkedBooter.runSuitesInProcess(ForkedBooter.java:345)
	at org.apache.maven.surefire.booter.ForkedBooter.execute(ForkedBooter.java:126)
	at org.apache.maven.surefire.booter.ForkedBooter.main(ForkedBooter.java:418)

]]></system-err>
  </testcase>
  <testcase name="testFailureWithPrimeSizedData" classname="org.apache.hadoop.ozone.client.rpc.TestBlockOutputStreamWithFailures" time="34.568">
    <error type="java.lang.IllegalArgumentException">java.lang.IllegalArgumentException
	at com.google.common.base.Preconditions.checkArgument(Preconditions.java:72)
	at org.apache.hadoop.hdds.scm.XceiverClientManager.acquireClient(XceiverClientManager.java:150)
	at org.apache.hadoop.hdds.scm.XceiverClientManager.acquireClientForReadData(XceiverClientManager.java:143)
	at org.apache.hadoop.hdds.scm.storage.BlockInputStream.getChunkInfos(BlockInputStream.java:154)
	at org.apache.hadoop.hdds.scm.storage.BlockInputStream.initialize(BlockInputStream.java:118)
	at org.apache.hadoop.hdds.scm.storage.BlockInputStream.read(BlockInputStream.java:222)
	at org.apache.hadoop.ozone.client.io.KeyInputStream.read(KeyInputStream.java:171)
	at org.apache.hadoop.ozone.client.io.OzoneInputStream.read(OzoneInputStream.java:47)
	at java.io.InputStream.read(InputStream.java:101)
	at org.apache.hadoop.ozone.container.ContainerTestHelper.validateData(ContainerTestHelper.java:709)
	at org.apache.hadoop.ozone.client.rpc.TestBlockOutputStreamWithFailures.validateData(TestBlockOutputStreamWithFailures.java:1212)
	at org.apache.hadoop.ozone.client.rpc.TestBlockOutputStreamWithFailures.testFailureWithPrimeSizedData(TestBlockOutputStreamWithFailures.java:658)
	at sun.reflect.NativeMethodAccessorImpl.invoke0(Native Method)
	at sun.reflect.NativeMethodAccessorImpl.invoke(NativeMethodAccessorImpl.java:62)
	at sun.reflect.DelegatingMethodAccessorImpl.invoke(DelegatingMethodAccessorImpl.java:43)
	at java.lang.reflect.Method.invoke(Method.java:498)
	at org.junit.runners.model.FrameworkMethod$1.runReflectiveCall(FrameworkMethod.java:47)
	at org.junit.internal.runners.model.ReflectiveCallable.run(ReflectiveCallable.java:12)
	at org.junit.runners.model.FrameworkMethod.invokeExplosively(FrameworkMethod.java:44)
	at org.junit.internal.runners.statements.InvokeMethod.evaluate(InvokeMethod.java:17)
	at org.junit.internal.runners.statements.RunBefores.evaluate(RunBefores.java:26)
	at org.junit.internal.runners.statements.RunAfters.evaluate(RunAfters.java:27)
	at org.junit.runners.ParentRunner.runLeaf(ParentRunner.java:271)
	at org.junit.runners.BlockJUnit4ClassRunner.runChild(BlockJUnit4ClassRunner.java:70)
	at org.junit.runners.BlockJUnit4ClassRunner.runChild(BlockJUnit4ClassRunner.java:50)
	at org.junit.runners.ParentRunner$3.run(ParentRunner.java:238)
	at org.junit.runners.ParentRunner$1.schedule(ParentRunner.java:63)
	at org.junit.runners.ParentRunner.runChildren(ParentRunner.java:236)
	at org.junit.runners.ParentRunner.access$000(ParentRunner.java:53)
	at org.junit.runners.ParentRunner$2.evaluate(ParentRunner.java:229)
	at org.junit.runners.ParentRunner.run(ParentRunner.java:309)
	at org.apache.maven.surefire.junit4.JUnit4Provider.execute(JUnit4Provider.java:365)
	at org.apache.maven.surefire.junit4.JUnit4Provider.executeWithRerun(JUnit4Provider.java:273)
	at org.apache.maven.surefire.junit4.JUnit4Provider.executeTestSet(JUnit4Provider.java:238)
	at org.apache.maven.surefire.junit4.JUnit4Provider.invoke(JUnit4Provider.java:159)
	at org.apache.maven.surefire.booter.ForkedBooter.invokeProviderInSameClassLoader(ForkedBooter.java:384)
	at org.apache.maven.surefire.booter.ForkedBooter.runSuitesInProcess(ForkedBooter.java:345)
	at org.apache.maven.surefire.booter.ForkedBooter.execute(ForkedBooter.java:126)
	at org.apache.maven.surefire.booter.ForkedBooter.main(ForkedBooter.java:418)
</error>
    <system-out><![CDATA[2019-07-15 13:53:56,302 WARN  server.ServerUtils (ServerUtils.java:getScmDbDir(145)) - ozone.scm.db.dirs is not configured. We recommend adding this setting. Falling back to ozone.metadata.dirs instead.
2019-07-15 13:53:56,317 WARN  server.ServerUtils (ServerUtils.java:getScmDbDir(145)) - ozone.scm.db.dirs is not configured. We recommend adding this setting. Falling back to ozone.metadata.dirs instead.
2019-07-15 13:53:56,318 WARN  server.ServerUtils (ServerUtils.java:getScmDbDir(145)) - ozone.scm.db.dirs is not configured. We recommend adding this setting. Falling back to ozone.metadata.dirs instead.
2019-07-15 13:53:56,318 INFO  db.DBStoreBuilder (DBStoreBuilder.java:addTable(110)) - using custom profile for table: deletedBlocks
2019-07-15 13:53:56,318 INFO  db.DBStoreBuilder (DBStoreBuilder.java:processTables(161)) - Using default column profile:DBProfile.DISK for Table:deletedBlocks
2019-07-15 13:53:56,319 INFO  db.DBStoreBuilder (DBStoreBuilder.java:addTable(110)) - using custom profile for table: validCerts
2019-07-15 13:53:56,319 INFO  db.DBStoreBuilder (DBStoreBuilder.java:processTables(161)) - Using default column profile:DBProfile.DISK for Table:validCerts
2019-07-15 13:53:56,319 INFO  db.DBStoreBuilder (DBStoreBuilder.java:addTable(110)) - using custom profile for table: revokedCerts
2019-07-15 13:53:56,319 INFO  db.DBStoreBuilder (DBStoreBuilder.java:processTables(161)) - Using default column profile:DBProfile.DISK for Table:revokedCerts
2019-07-15 13:53:56,319 INFO  db.DBStoreBuilder (DBStoreBuilder.java:addTable(110)) - using custom profile for table: default
2019-07-15 13:53:56,320 INFO  db.DBStoreBuilder (DBStoreBuilder.java:processTables(167)) - Using default column profile:DBProfile.DISK for Table:default
2019-07-15 13:53:56,320 INFO  db.DBStoreBuilder (DBStoreBuilder.java:getDbProfile(198)) - Using default options. DBProfile.DISK
2019-07-15 13:53:56,511 INFO  net.NodeSchemaLoader (NodeSchemaLoader.java:loadSchemaFromFile(125)) - Loading file from sun.misc.CompoundEnumeration@465a121d
2019-07-15 13:53:56,512 INFO  net.NodeSchemaLoader (NodeSchemaLoader.java:loadSchema(171)) - Loading network topology layer schema file
2019-07-15 13:53:56,518 INFO  node.SCMNodeManager (SCMNodeManager.java:<init>(119)) - Entering startup safe mode.
2019-07-15 13:53:56,519 WARN  server.ServerUtils (ServerUtils.java:getScmDbDir(145)) - ozone.scm.db.dirs is not configured. We recommend adding this setting. Falling back to ozone.metadata.dirs instead.
2019-07-15 13:53:56,569 INFO  pipeline.SCMPipelineManager (SCMPipelineManager.java:initializePipelineState(126)) - No pipeline exists in current db
2019-07-15 13:53:56,569 WARN  server.ServerUtils (ServerUtils.java:getScmDbDir(145)) - ozone.scm.db.dirs is not configured. We recommend adding this setting. Falling back to ozone.metadata.dirs instead.
2019-07-15 13:53:56,609 WARN  events.EventQueue (EventQueue.java:fireEvent(175)) - No event handler registered for event TypedEvent{payloadType=SafeModeStatus, name='SafeModeStatus'}
2019-07-15 13:53:56,610 INFO  ipc.CallQueueManager (CallQueueManager.java:<init>(84)) - Using callQueue: class java.util.concurrent.LinkedBlockingQueue, queueCapacity: 2000, scheduler: class org.apache.hadoop.ipc.DefaultRpcScheduler, ipcBackoff: false.
2019-07-15 13:53:56,611 INFO  ipc.Server (Server.java:run(1074)) - Starting Socket Reader #1 for port 43448
2019-07-15 13:53:56,613 INFO  ipc.CallQueueManager (CallQueueManager.java:<init>(84)) - Using callQueue: class java.util.concurrent.LinkedBlockingQueue, queueCapacity: 2000, scheduler: class org.apache.hadoop.ipc.DefaultRpcScheduler, ipcBackoff: false.
2019-07-15 13:53:56,614 INFO  ipc.Server (Server.java:run(1074)) - Starting Socket Reader #1 for port 46322
2019-07-15 13:53:56,615 INFO  ipc.CallQueueManager (CallQueueManager.java:<init>(84)) - Using callQueue: class java.util.concurrent.LinkedBlockingQueue, queueCapacity: 2000, scheduler: class org.apache.hadoop.ipc.DefaultRpcScheduler, ipcBackoff: false.
2019-07-15 13:53:56,616 INFO  ipc.Server (Server.java:run(1074)) - Starting Socket Reader #1 for port 37516
2019-07-15 13:53:56,620 INFO  hdfs.DFSUtil (DFSUtil.java:httpServerTemplateForNNAndJN(1641)) - Starting Web-server for scm at: http://0.0.0.0:0
2019-07-15 13:53:56,625 INFO  server.AuthenticationFilter (AuthenticationFilter.java:constructSecretProvider(240)) - Unable to initialize FileSignerSecretProvider, falling back to use random secrets.
2019-07-15 13:53:56,625 WARN  http.HttpRequestLog (HttpRequestLog.java:getRequestLog(97)) - Jetty request log can only be enabled using Log4j
2019-07-15 13:53:56,628 INFO  http.HttpServer2 (HttpServer2.java:addGlobalFilter(975)) - Added global filter 'safety' (class=org.apache.hadoop.http.HttpServer2$QuotingInputFilter)
2019-07-15 13:53:56,628 INFO  http.HttpServer2 (HttpServer2.java:addFilter(948)) - Added filter static_user_filter (class=org.apache.hadoop.http.lib.StaticUserWebFilter$StaticUserFilter) to context scm
2019-07-15 13:53:56,629 INFO  http.HttpServer2 (HttpServer2.java:addFilter(958)) - Added filter static_user_filter (class=org.apache.hadoop.http.lib.StaticUserWebFilter$StaticUserFilter) to context static
2019-07-15 13:53:56,629 INFO  http.HttpServer2 (HttpServer2.java:addFilter(958)) - Added filter static_user_filter (class=org.apache.hadoop.http.lib.StaticUserWebFilter$StaticUserFilter) to context logs
2019-07-15 13:53:56,631 INFO  server.StorageContainerManager (StorageContainerManager.java:start(759)) - StorageContainerLocationProtocol RPC server is listening at /0.0.0.0:37516
2019-07-15 13:53:56,634 WARN  impl.MetricsConfig (MetricsConfig.java:loadFirst(134)) - Cannot locate configuration: tried hadoop-metrics2-storagecontainermanager.properties,hadoop-metrics2.properties
2019-07-15 13:53:56,635 INFO  impl.MetricsSystemImpl (MetricsSystemImpl.java:startTimer(374)) - Scheduled Metric snapshot period at 10 second(s).
2019-07-15 13:53:56,635 INFO  impl.MetricsSystemImpl (MetricsSystemImpl.java:start(191)) - StorageContainerManager metrics system started
2019-07-15 13:53:56,701 INFO  server.SCMClientProtocolServer (SCMClientProtocolServer.java:start(149)) - RPC server for Client  is listening at /0.0.0.0:37516
2019-07-15 13:53:56,702 INFO  ipc.Server (Server.java:run(1314)) - IPC Server Responder: starting
2019-07-15 13:53:56,702 INFO  ipc.Server (Server.java:run(1153)) - IPC Server listener on 37516: starting
2019-07-15 13:53:56,706 INFO  server.StorageContainerManager (StorageContainerManager.java:start(768)) - ScmBlockLocationProtocol RPC server is listening at /0.0.0.0:46322
2019-07-15 13:53:56,707 INFO  server.SCMBlockProtocolServer (SCMBlockProtocolServer.java:start(140)) - RPC server for Block Protocol is listening at /0.0.0.0:46322
2019-07-15 13:53:56,707 INFO  ipc.Server (Server.java:run(1314)) - IPC Server Responder: starting
2019-07-15 13:53:56,707 INFO  ipc.Server (Server.java:run(1153)) - IPC Server listener on 46322: starting
2019-07-15 13:53:56,712 INFO  server.StorageContainerManager (StorageContainerManager.java:start(772)) - ScmDatanodeProtocl RPC server is listening at /0.0.0.0:43448
2019-07-15 13:53:56,712 INFO  server.SCMDatanodeProtocolServer (SCMDatanodeProtocolServer.java:start(191)) - RPC server for DataNodes is listening at /0.0.0.0:43448
2019-07-15 13:53:56,713 INFO  ipc.Server (Server.java:run(1314)) - IPC Server Responder: starting
2019-07-15 13:53:56,713 INFO  ipc.Server (Server.java:run(1153)) - IPC Server listener on 43448: starting
2019-07-15 13:53:56,717 INFO  http.HttpServer2 (HttpServer2.java:bindListener(1191)) - Jetty bound to port 43454
2019-07-15 13:53:56,718 INFO  server.Server (Server.java:doStart(351)) - jetty-9.3.24.v20180605, build timestamp: 2018-06-05T17:11:56Z, git hash: 84205aa28f11a4f31f2a3b86d1bba2cc8ab69827
2019-07-15 13:53:56,720 INFO  handler.ContextHandler (ContextHandler.java:doStart(781)) - Started o.e.j.s.ServletContextHandler@452d4bb2{/logs,file:///workdir/hadoop-ozone/integration-test/target/log,AVAILABLE}
2019-07-15 13:53:56,721 INFO  handler.ContextHandler (ContextHandler.java:doStart(781)) - Started o.e.j.s.ServletContextHandler@62857555{/static,file:///workdir/hadoop-ozone/integration-test/target/test-classes/webapps/static,AVAILABLE}
2019-07-15 13:53:56,726 INFO  handler.ContextHandler (ContextHandler.java:doStart(781)) - Started o.e.j.w.WebAppContext@5f804b36{/,file:///workdir/hadoop-ozone/integration-test/target/test-classes/webapps/scm/,AVAILABLE}{/scm}
2019-07-15 13:53:56,727 INFO  server.AbstractConnector (AbstractConnector.java:doStart(278)) - Started ServerConnector@201f0e84{HTTP/1.1,[http/1.1]}{0.0.0.0:43454}
2019-07-15 13:53:56,728 INFO  server.Server (Server.java:doStart(419)) - Started @631733ms
2019-07-15 13:53:56,729 INFO  server.BaseHttpServer (BaseHttpServer.java:updateConnectorAddress(207)) - HTTP server of SCM is listening at http://0.0.0.0:43454
2019-07-15 13:53:56,730 WARN  server.ServerUtils (ServerUtils.java:getDBPath(222)) - ozone.om.db.dirs is not configured. We recommend adding this setting. Falling back to ozone.metadata.dirs instead.
2019-07-15 13:53:56,730 INFO  util.JvmPauseMonitor (JvmPauseMonitor.java:run(188)) - Starting JVM pause monitor
2019-07-15 13:53:56,744 WARN  server.ServerUtils (ServerUtils.java:getDBPath(222)) - ozone.om.db.dirs is not configured. We recommend adding this setting. Falling back to ozone.metadata.dirs instead.
2019-07-15 13:53:56,744 INFO  om.OzoneManager (OzoneManager.java:setOMNodeDetails(630)) - OM Service ID is not set. Setting it to the default ID: omServiceIdDefault
2019-07-15 13:53:56,744 INFO  om.OzoneManager (OzoneManager.java:setOMNodeDetails(636)) - OM Node ID is not set. Setting it to the OmStorage's OmID: a3123c60-43f7-4b24-984d-2dad2ea09278
2019-07-15 13:53:56,745 INFO  om.OzoneManager (OzoneManager.java:loadOMHAConfigs(587)) - Found matching OM address with OMServiceId: null, OMNodeId: null, RPC Address: localhost:0 and Ratis port: 9872
2019-07-15 13:53:56,753 WARN  server.ServerUtils (ServerUtils.java:getDBPath(222)) - ozone.om.db.dirs is not configured. We recommend adding this setting. Falling back to ozone.metadata.dirs instead.
2019-07-15 13:53:56,753 INFO  db.DBStoreBuilder (DBStoreBuilder.java:addTable(110)) - using custom profile for table: userTable
2019-07-15 13:53:56,753 INFO  db.DBStoreBuilder (DBStoreBuilder.java:processTables(161)) - Using default column profile:DBProfile.DISK for Table:userTable
2019-07-15 13:53:56,754 INFO  db.DBStoreBuilder (DBStoreBuilder.java:addTable(110)) - using custom profile for table: volumeTable
2019-07-15 13:53:56,754 INFO  db.DBStoreBuilder (DBStoreBuilder.java:processTables(161)) - Using default column profile:DBProfile.DISK for Table:volumeTable
2019-07-15 13:53:56,754 INFO  db.DBStoreBuilder (DBStoreBuilder.java:addTable(110)) - using custom profile for table: bucketTable
2019-07-15 13:53:56,754 INFO  db.DBStoreBuilder (DBStoreBuilder.java:processTables(161)) - Using default column profile:DBProfile.DISK for Table:bucketTable
2019-07-15 13:53:56,754 INFO  db.DBStoreBuilder (DBStoreBuilder.java:addTable(110)) - using custom profile for table: keyTable
2019-07-15 13:53:56,755 INFO  db.DBStoreBuilder (DBStoreBuilder.java:processTables(161)) - Using default column profile:DBProfile.DISK for Table:keyTable
2019-07-15 13:53:56,755 INFO  db.DBStoreBuilder (DBStoreBuilder.java:addTable(110)) - using custom profile for table: deletedTable
2019-07-15 13:53:56,755 INFO  db.DBStoreBuilder (DBStoreBuilder.java:processTables(161)) - Using default column profile:DBProfile.DISK for Table:deletedTable
2019-07-15 13:53:56,755 INFO  db.DBStoreBuilder (DBStoreBuilder.java:addTable(110)) - using custom profile for table: openKeyTable
2019-07-15 13:53:56,755 INFO  db.DBStoreBuilder (DBStoreBuilder.java:processTables(161)) - Using default column profile:DBProfile.DISK for Table:openKeyTable
2019-07-15 13:53:56,756 INFO  db.DBStoreBuilder (DBStoreBuilder.java:addTable(110)) - using custom profile for table: s3Table
2019-07-15 13:53:56,756 INFO  db.DBStoreBuilder (DBStoreBuilder.java:processTables(161)) - Using default column profile:DBProfile.DISK for Table:s3Table
2019-07-15 13:53:56,756 INFO  db.DBStoreBuilder (DBStoreBuilder.java:addTable(110)) - using custom profile for table: multipartInfoTable
2019-07-15 13:53:56,756 INFO  db.DBStoreBuilder (DBStoreBuilder.java:processTables(161)) - Using default column profile:DBProfile.DISK for Table:multipartInfoTable
2019-07-15 13:53:56,756 INFO  db.DBStoreBuilder (DBStoreBuilder.java:addTable(110)) - using custom profile for table: dTokenTable
2019-07-15 13:53:56,757 INFO  db.DBStoreBuilder (DBStoreBuilder.java:processTables(161)) - Using default column profile:DBProfile.DISK for Table:dTokenTable
2019-07-15 13:53:56,757 INFO  db.DBStoreBuilder (DBStoreBuilder.java:addTable(110)) - using custom profile for table: s3SecretTable
2019-07-15 13:53:56,757 INFO  db.DBStoreBuilder (DBStoreBuilder.java:processTables(161)) - Using default column profile:DBProfile.DISK for Table:s3SecretTable
2019-07-15 13:53:56,757 INFO  db.DBStoreBuilder (DBStoreBuilder.java:addTable(110)) - using custom profile for table: prefixTable
2019-07-15 13:53:56,757 INFO  db.DBStoreBuilder (DBStoreBuilder.java:processTables(161)) - Using default column profile:DBProfile.DISK for Table:prefixTable
2019-07-15 13:53:56,758 INFO  db.DBStoreBuilder (DBStoreBuilder.java:addTable(110)) - using custom profile for table: default
2019-07-15 13:53:56,758 INFO  db.DBStoreBuilder (DBStoreBuilder.java:processTables(167)) - Using default column profile:DBProfile.DISK for Table:default
2019-07-15 13:53:56,758 INFO  db.DBStoreBuilder (DBStoreBuilder.java:getDbProfile(198)) - Using default options. DBProfile.DISK
2019-07-15 13:53:57,204 INFO  ipc.CallQueueManager (CallQueueManager.java:<init>(84)) - Using callQueue: class java.util.concurrent.LinkedBlockingQueue, queueCapacity: 2000, scheduler: class org.apache.hadoop.ipc.DefaultRpcScheduler, ipcBackoff: false.
2019-07-15 13:53:57,206 INFO  ipc.Server (Server.java:run(1074)) - Starting Socket Reader #1 for port 46200
2019-07-15 13:53:57,228 WARN  server.ServerUtils (ServerUtils.java:getDBPath(222)) - ozone.om.db.dirs is not configured. We recommend adding this setting. Falling back to ozone.metadata.dirs instead.
2019-07-15 13:53:57,229 INFO  om.OzoneManager (OzoneManager.java:start(1228)) - OzoneManager RPC server is listening at localhost/127.0.0.1:46200
2019-07-15 13:53:57,229 INFO  impl.MetricsSystemImpl (MetricsSystemImpl.java:init(158)) - OzoneManager metrics system started (again)
2019-07-15 13:53:57,230 INFO  ipc.Server (Server.java:run(1314)) - IPC Server Responder: starting
2019-07-15 13:53:57,230 INFO  ipc.Server (Server.java:run(1153)) - IPC Server listener on 46200: starting
2019-07-15 13:53:57,240 INFO  hdfs.DFSUtil (DFSUtil.java:httpServerTemplateForNNAndJN(1641)) - Starting Web-server for ozoneManager at: http://0.0.0.0:0
2019-07-15 13:53:57,243 INFO  server.AuthenticationFilter (AuthenticationFilter.java:constructSecretProvider(240)) - Unable to initialize FileSignerSecretProvider, falling back to use random secrets.
2019-07-15 13:53:57,244 WARN  http.HttpRequestLog (HttpRequestLog.java:getRequestLog(97)) - Jetty request log can only be enabled using Log4j
2019-07-15 13:53:57,246 INFO  http.HttpServer2 (HttpServer2.java:addGlobalFilter(975)) - Added global filter 'safety' (class=org.apache.hadoop.http.HttpServer2$QuotingInputFilter)
2019-07-15 13:53:57,247 INFO  http.HttpServer2 (HttpServer2.java:addFilter(948)) - Added filter static_user_filter (class=org.apache.hadoop.http.lib.StaticUserWebFilter$StaticUserFilter) to context ozoneManager
2019-07-15 13:53:57,247 INFO  http.HttpServer2 (HttpServer2.java:addFilter(958)) - Added filter static_user_filter (class=org.apache.hadoop.http.lib.StaticUserWebFilter$StaticUserFilter) to context logs
2019-07-15 13:53:57,248 INFO  http.HttpServer2 (HttpServer2.java:addFilter(958)) - Added filter static_user_filter (class=org.apache.hadoop.http.lib.StaticUserWebFilter$StaticUserFilter) to context static
2019-07-15 13:53:57,249 INFO  http.HttpServer2 (HttpServer2.java:bindListener(1191)) - Jetty bound to port 37930
2019-07-15 13:53:57,249 INFO  server.Server (Server.java:doStart(351)) - jetty-9.3.24.v20180605, build timestamp: 2018-06-05T17:11:56Z, git hash: 84205aa28f11a4f31f2a3b86d1bba2cc8ab69827
2019-07-15 13:53:57,251 INFO  handler.ContextHandler (ContextHandler.java:doStart(781)) - Started o.e.j.s.ServletContextHandler@633328d3{/logs,file:///workdir/hadoop-ozone/integration-test/target/log,AVAILABLE}
2019-07-15 13:53:57,252 INFO  handler.ContextHandler (ContextHandler.java:doStart(781)) - Started o.e.j.s.ServletContextHandler@406cf37f{/static,file:///workdir/hadoop-ozone/integration-test/target/test-classes/webapps/static,AVAILABLE}
2019-07-15 13:53:57,257 INFO  handler.ContextHandler (ContextHandler.java:doStart(781)) - Started o.e.j.w.WebAppContext@99ace98{/,file:///workdir/hadoop-ozone/integration-test/target/test-classes/webapps/ozoneManager/,AVAILABLE}{/ozoneManager}
2019-07-15 13:53:57,258 INFO  server.AbstractConnector (AbstractConnector.java:doStart(278)) - Started ServerConnector@4104b6a6{HTTP/1.1,[http/1.1]}{0.0.0.0:37930}
2019-07-15 13:53:57,259 INFO  server.Server (Server.java:doStart(419)) - Started @632264ms
2019-07-15 13:53:57,260 INFO  server.BaseHttpServer (BaseHttpServer.java:updateConnectorAddress(207)) - HTTP server of OZONEMANAGER is listening at http://0.0.0.0:37930
2019-07-15 13:53:57,279 INFO  impl.MetricsSystemImpl (MetricsSystemImpl.java:init(158)) - HddsDatanode metrics system started (again)
2019-07-15 13:53:57,279 INFO  ozone.HddsDatanodeService (HddsDatanodeService.java:start(185)) - HddsDatanodeService host:trunk-nightly-hvlc9-701369690 ip:192.168.157.240
2019-07-15 13:53:57,292 INFO  volume.HddsVolume (HddsVolume.java:<init>(176)) - Creating Volume: /workdir/hadoop-ozone/integration-test/target/test-dir/MiniOzoneClusterImpl-7e5209a1-d222-4590-9047-fbd607b1adce/datanode-0/data/containers/hdds of  storage type : DISK and capacity : 52710309888
2019-07-15 13:53:57,292 INFO  volume.VolumeSet (VolumeSet.java:initializeVolumeSet(170)) - Added Volume : /workdir/hadoop-ozone/integration-test/target/test-dir/MiniOzoneClusterImpl-7e5209a1-d222-4590-9047-fbd607b1adce/datanode-0/data/containers/hdds to VolumeSet
2019-07-15 13:53:57,293 INFO  volume.ThrottledAsyncChecker (ThrottledAsyncChecker.java:schedule(140)) - Scheduling a check for org.apache.hadoop.ozone.container.common.volume.HddsVolume@57be0d93
2019-07-15 13:53:57,294 INFO  volume.HddsVolumeChecker (HddsVolumeChecker.java:checkAllVolumes(203)) - Scheduled health check for volume org.apache.hadoop.ozone.container.common.volume.HddsVolume@57be0d93
2019-07-15 13:53:57,311 INFO  impl.RaftServerProxy (ConfUtils.java:logGet(43)) - raft.rpc.type = GRPC (default)
2019-07-15 13:53:57,312 INFO  grpc.GrpcFactory (GrpcFactory.java:checkPooledByteBufAllocatorUseCacheForAllThreads(45)) - PERFORMANCE WARNING: useCacheForAllThreads is true that may cause Netty to create a lot garbage objects and, as a result, trigger GC.
	It is recommended to disable useCacheForAllThreads by setting -Dorg.apache.ratis.thirdparty.io.netty.allocator.useCacheForAllThreads=false in command line.
2019-07-15 13:53:57,312 INFO  grpc.GrpcConfigKeys$Server (ConfUtils.java:logGet(43)) - raft.grpc.server.port = 0 (default)
2019-07-15 13:53:57,312 INFO  server.GrpcService (ConfUtils.java:logGet(43)) - raft.grpc.message.size.max = 33570816 (custom)
2019-07-15 13:53:57,313 INFO  server.RaftServerConfigKeys (ConfUtils.java:logGet(43)) - raft.server.log.appender.buffer.byte-limit = 33554432 (custom)
2019-07-15 13:53:57,313 INFO  server.GrpcService (ConfUtils.java:logGet(43)) - raft.grpc.flow.control.window = 1MB (=1048576) (default)
2019-07-15 13:53:57,313 INFO  server.RaftServerConfigKeys (ConfUtils.java:logGet(43)) - raft.server.rpc.request.timeout = 3000ms (default)
2019-07-15 13:53:57,314 INFO  server.RaftServerConfigKeys (ConfUtils.java:logGet(43)) - raft.server.storage.dir = [/workdir/hadoop-ozone/integration-test/target/test-dir/MiniOzoneClusterImpl-7e5209a1-d222-4590-9047-fbd607b1adce/datanode-0/data/ratis] (custom)
2019-07-15 13:53:57,315 INFO  replication.SimpleContainerDownloader (SimpleContainerDownloader.java:<init>(72)) - Starting container downloader service to copy containers to replicate.
2019-07-15 13:53:57,316 INFO  hdfs.DFSUtil (DFSUtil.java:httpServerTemplateForNNAndJN(1641)) - Starting Web-server for hddsDatanode at: http://0.0.0.0:0
2019-07-15 13:53:57,317 INFO  server.AuthenticationFilter (AuthenticationFilter.java:constructSecretProvider(240)) - Unable to initialize FileSignerSecretProvider, falling back to use random secrets.
2019-07-15 13:53:57,318 WARN  http.HttpRequestLog (HttpRequestLog.java:getRequestLog(97)) - Jetty request log can only be enabled using Log4j
2019-07-15 13:53:57,319 INFO  http.HttpServer2 (HttpServer2.java:addGlobalFilter(975)) - Added global filter 'safety' (class=org.apache.hadoop.http.HttpServer2$QuotingInputFilter)
2019-07-15 13:53:57,319 INFO  http.HttpServer2 (HttpServer2.java:addFilter(948)) - Added filter static_user_filter (class=org.apache.hadoop.http.lib.StaticUserWebFilter$StaticUserFilter) to context hddsDatanode
2019-07-15 13:53:57,320 INFO  http.HttpServer2 (HttpServer2.java:addFilter(958)) - Added filter static_user_filter (class=org.apache.hadoop.http.lib.StaticUserWebFilter$StaticUserFilter) to context static
2019-07-15 13:53:57,320 INFO  http.HttpServer2 (HttpServer2.java:addFilter(958)) - Added filter static_user_filter (class=org.apache.hadoop.http.lib.StaticUserWebFilter$StaticUserFilter) to context logs
2019-07-15 13:53:57,321 INFO  http.HttpServer2 (HttpServer2.java:bindListener(1191)) - Jetty bound to port 46451
2019-07-15 13:53:57,321 INFO  server.Server (Server.java:doStart(351)) - jetty-9.3.24.v20180605, build timestamp: 2018-06-05T17:11:56Z, git hash: 84205aa28f11a4f31f2a3b86d1bba2cc8ab69827
2019-07-15 13:53:57,323 INFO  handler.ContextHandler (ContextHandler.java:doStart(781)) - Started o.e.j.s.ServletContextHandler@119cd026{/logs,file:///workdir/hadoop-ozone/integration-test/target/log,AVAILABLE}
2019-07-15 13:53:57,323 INFO  handler.ContextHandler (ContextHandler.java:doStart(781)) - Started o.e.j.s.ServletContextHandler@731a5a39{/static,jar:file:/home/user/.m2/repository/org/apache/hadoop/hadoop-hdds-container-service/0.5.0-SNAPSHOT/hadoop-hdds-container-service-0.5.0-SNAPSHOT.jar!/webapps/static,AVAILABLE}
2019-07-15 13:53:57,358 INFO  handler.ContextHandler (ContextHandler.java:doStart(781)) - Started o.e.j.w.WebAppContext@411b75b4{/,file:///tmp/jetty-0.0.0.0-46451-hddsDatanode-_-any-2819155619506596977.dir/webapp/,AVAILABLE}{/hddsDatanode}
2019-07-15 13:53:57,358 INFO  server.AbstractConnector (AbstractConnector.java:doStart(278)) - Started ServerConnector@21298c3a{HTTP/1.1,[http/1.1]}{0.0.0.0:46451}
2019-07-15 13:53:57,358 INFO  server.Server (Server.java:doStart(419)) - Started @632364ms
2019-07-15 13:53:57,360 INFO  server.BaseHttpServer (BaseHttpServer.java:updateConnectorAddress(207)) - HTTP server of HDDSDATANODE is listening at http://0.0.0.0:46451
2019-07-15 13:53:57,473 INFO  ozone.HddsDatanodeService (HddsDatanodeService.java:startPlugins(396)) - Started plug-in org.apache.hadoop.ozone.web.OzoneHddsDatanodeService@51b1732d
2019-07-15 13:53:57,474 INFO  impl.MetricsSystemImpl (MetricsSystemImpl.java:init(158)) - HddsDatanode metrics system started (again)
2019-07-15 13:53:57,476 INFO  ozone.HddsDatanodeService (HddsDatanodeService.java:start(185)) - HddsDatanodeService host:trunk-nightly-hvlc9-701369690 ip:192.168.157.240
2019-07-15 13:53:57,477 INFO  util.JvmPauseMonitor (JvmPauseMonitor.java:run(188)) - Starting JVM pause monitor
2019-07-15 13:53:57,479 INFO  datanode.InitDatanodeState (InitDatanodeState.java:persistContainerDatanodeDetails(140)) - DatanodeDetails is persisted to /workdir/hadoop-ozone/integration-test/target/test-dir/MiniOzoneClusterImpl-7e5209a1-d222-4590-9047-fbd607b1adce/datanode-0/meta/datanode.id
2019-07-15 13:53:57,488 INFO  volume.HddsVolume (HddsVolume.java:<init>(176)) - Creating Volume: /workdir/hadoop-ozone/integration-test/target/test-dir/MiniOzoneClusterImpl-7e5209a1-d222-4590-9047-fbd607b1adce/datanode-1/data/containers/hdds of  storage type : DISK and capacity : 52710309888
2019-07-15 13:53:57,488 INFO  volume.VolumeSet (VolumeSet.java:initializeVolumeSet(170)) - Added Volume : /workdir/hadoop-ozone/integration-test/target/test-dir/MiniOzoneClusterImpl-7e5209a1-d222-4590-9047-fbd607b1adce/datanode-1/data/containers/hdds to VolumeSet
2019-07-15 13:53:57,488 INFO  volume.ThrottledAsyncChecker (ThrottledAsyncChecker.java:schedule(140)) - Scheduling a check for org.apache.hadoop.ozone.container.common.volume.HddsVolume@31b11287
2019-07-15 13:53:57,489 INFO  volume.HddsVolumeChecker (HddsVolumeChecker.java:checkAllVolumes(203)) - Scheduled health check for volume org.apache.hadoop.ozone.container.common.volume.HddsVolume@31b11287
2019-07-15 13:53:57,503 INFO  impl.RaftServerProxy (ConfUtils.java:logGet(43)) - raft.rpc.type = GRPC (default)
2019-07-15 13:53:57,503 INFO  grpc.GrpcFactory (GrpcFactory.java:checkPooledByteBufAllocatorUseCacheForAllThreads(45)) - PERFORMANCE WARNING: useCacheForAllThreads is true that may cause Netty to create a lot garbage objects and, as a result, trigger GC.
	It is recommended to disable useCacheForAllThreads by setting -Dorg.apache.ratis.thirdparty.io.netty.allocator.useCacheForAllThreads=false in command line.
2019-07-15 13:53:57,503 INFO  grpc.GrpcConfigKeys$Server (ConfUtils.java:logGet(43)) - raft.grpc.server.port = 0 (default)
2019-07-15 13:53:57,503 INFO  server.GrpcService (ConfUtils.java:logGet(43)) - raft.grpc.message.size.max = 33570816 (custom)
2019-07-15 13:53:57,503 INFO  server.RaftServerConfigKeys (ConfUtils.java:logGet(43)) - raft.server.log.appender.buffer.byte-limit = 33554432 (custom)
2019-07-15 13:53:57,504 INFO  server.GrpcService (ConfUtils.java:logGet(43)) - raft.grpc.flow.control.window = 1MB (=1048576) (default)
2019-07-15 13:53:57,504 INFO  server.RaftServerConfigKeys (ConfUtils.java:logGet(43)) - raft.server.rpc.request.timeout = 3000ms (default)
2019-07-15 13:53:57,504 INFO  server.RaftServerConfigKeys (ConfUtils.java:logGet(43)) - raft.server.storage.dir = [/workdir/hadoop-ozone/integration-test/target/test-dir/MiniOzoneClusterImpl-7e5209a1-d222-4590-9047-fbd607b1adce/datanode-1/data/ratis] (custom)
2019-07-15 13:53:57,504 INFO  replication.SimpleContainerDownloader (SimpleContainerDownloader.java:<init>(72)) - Starting container downloader service to copy containers to replicate.
2019-07-15 13:53:57,505 INFO  hdfs.DFSUtil (DFSUtil.java:httpServerTemplateForNNAndJN(1641)) - Starting Web-server for hddsDatanode at: http://0.0.0.0:0
2019-07-15 13:53:57,506 INFO  server.AuthenticationFilter (AuthenticationFilter.java:constructSecretProvider(240)) - Unable to initialize FileSignerSecretProvider, falling back to use random secrets.
2019-07-15 13:53:57,507 WARN  http.HttpRequestLog (HttpRequestLog.java:getRequestLog(97)) - Jetty request log can only be enabled using Log4j
2019-07-15 13:53:57,508 INFO  http.HttpServer2 (HttpServer2.java:addGlobalFilter(975)) - Added global filter 'safety' (class=org.apache.hadoop.http.HttpServer2$QuotingInputFilter)
2019-07-15 13:53:57,508 INFO  http.HttpServer2 (HttpServer2.java:addFilter(948)) - Added filter static_user_filter (class=org.apache.hadoop.http.lib.StaticUserWebFilter$StaticUserFilter) to context hddsDatanode
2019-07-15 13:53:57,508 INFO  http.HttpServer2 (HttpServer2.java:addFilter(958)) - Added filter static_user_filter (class=org.apache.hadoop.http.lib.StaticUserWebFilter$StaticUserFilter) to context static
2019-07-15 13:53:57,508 INFO  http.HttpServer2 (HttpServer2.java:addFilter(958)) - Added filter static_user_filter (class=org.apache.hadoop.http.lib.StaticUserWebFilter$StaticUserFilter) to context logs
2019-07-15 13:53:57,509 INFO  http.HttpServer2 (HttpServer2.java:bindListener(1191)) - Jetty bound to port 45547
2019-07-15 13:53:57,509 INFO  server.Server (Server.java:doStart(351)) - jetty-9.3.24.v20180605, build timestamp: 2018-06-05T17:11:56Z, git hash: 84205aa28f11a4f31f2a3b86d1bba2cc8ab69827
2019-07-15 13:53:57,511 INFO  handler.ContextHandler (ContextHandler.java:doStart(781)) - Started o.e.j.s.ServletContextHandler@728cf276{/logs,file:///workdir/hadoop-ozone/integration-test/target/log,AVAILABLE}
2019-07-15 13:53:57,511 INFO  handler.ContextHandler (ContextHandler.java:doStart(781)) - Started o.e.j.s.ServletContextHandler@69a8191e{/static,jar:file:/home/user/.m2/repository/org/apache/hadoop/hadoop-hdds-container-service/0.5.0-SNAPSHOT/hadoop-hdds-container-service-0.5.0-SNAPSHOT.jar!/webapps/static,AVAILABLE}
2019-07-15 13:53:57,537 INFO  handler.ContextHandler (ContextHandler.java:doStart(781)) - Started o.e.j.w.WebAppContext@4563d421{/,file:///tmp/jetty-0.0.0.0-45547-hddsDatanode-_-any-2278103571074990841.dir/webapp/,AVAILABLE}{/hddsDatanode}
2019-07-15 13:53:57,537 INFO  server.AbstractConnector (AbstractConnector.java:doStart(278)) - Started ServerConnector@1465914{HTTP/1.1,[http/1.1]}{0.0.0.0:45547}
2019-07-15 13:53:57,538 INFO  server.Server (Server.java:doStart(419)) - Started @632543ms
2019-07-15 13:53:57,539 INFO  server.BaseHttpServer (BaseHttpServer.java:updateConnectorAddress(207)) - HTTP server of HDDSDATANODE is listening at http://0.0.0.0:45547
2019-07-15 13:53:57,638 INFO  ozone.HddsDatanodeService (HddsDatanodeService.java:startPlugins(396)) - Started plug-in org.apache.hadoop.ozone.web.OzoneHddsDatanodeService@45accb5
2019-07-15 13:53:57,638 INFO  impl.MetricsSystemImpl (MetricsSystemImpl.java:init(158)) - HddsDatanode metrics system started (again)
2019-07-15 13:53:57,640 INFO  ozone.HddsDatanodeService (HddsDatanodeService.java:start(185)) - HddsDatanodeService host:trunk-nightly-hvlc9-701369690 ip:192.168.157.240
2019-07-15 13:53:57,641 INFO  util.JvmPauseMonitor (JvmPauseMonitor.java:run(188)) - Starting JVM pause monitor
2019-07-15 13:53:57,643 INFO  datanode.InitDatanodeState (InitDatanodeState.java:persistContainerDatanodeDetails(140)) - DatanodeDetails is persisted to /workdir/hadoop-ozone/integration-test/target/test-dir/MiniOzoneClusterImpl-7e5209a1-d222-4590-9047-fbd607b1adce/datanode-1/meta/datanode.id
2019-07-15 13:53:57,653 INFO  volume.HddsVolume (HddsVolume.java:<init>(176)) - Creating Volume: /workdir/hadoop-ozone/integration-test/target/test-dir/MiniOzoneClusterImpl-7e5209a1-d222-4590-9047-fbd607b1adce/datanode-2/data/containers/hdds of  storage type : DISK and capacity : 52710309888
2019-07-15 13:53:57,653 INFO  volume.VolumeSet (VolumeSet.java:initializeVolumeSet(170)) - Added Volume : /workdir/hadoop-ozone/integration-test/target/test-dir/MiniOzoneClusterImpl-7e5209a1-d222-4590-9047-fbd607b1adce/datanode-2/data/containers/hdds to VolumeSet
2019-07-15 13:53:57,653 INFO  volume.ThrottledAsyncChecker (ThrottledAsyncChecker.java:schedule(140)) - Scheduling a check for org.apache.hadoop.ozone.container.common.volume.HddsVolume@2a0a178f
2019-07-15 13:53:57,654 INFO  volume.HddsVolumeChecker (HddsVolumeChecker.java:checkAllVolumes(203)) - Scheduled health check for volume org.apache.hadoop.ozone.container.common.volume.HddsVolume@2a0a178f
2019-07-15 13:53:57,671 INFO  impl.RaftServerProxy (ConfUtils.java:logGet(43)) - raft.rpc.type = GRPC (default)
2019-07-15 13:53:57,671 INFO  grpc.GrpcFactory (GrpcFactory.java:checkPooledByteBufAllocatorUseCacheForAllThreads(45)) - PERFORMANCE WARNING: useCacheForAllThreads is true that may cause Netty to create a lot garbage objects and, as a result, trigger GC.
	It is recommended to disable useCacheForAllThreads by setting -Dorg.apache.ratis.thirdparty.io.netty.allocator.useCacheForAllThreads=false in command line.
2019-07-15 13:53:57,671 INFO  grpc.GrpcConfigKeys$Server (ConfUtils.java:logGet(43)) - raft.grpc.server.port = 0 (default)
2019-07-15 13:53:57,671 INFO  server.GrpcService (ConfUtils.java:logGet(43)) - raft.grpc.message.size.max = 33570816 (custom)
2019-07-15 13:53:57,672 INFO  server.RaftServerConfigKeys (ConfUtils.java:logGet(43)) - raft.server.log.appender.buffer.byte-limit = 33554432 (custom)
2019-07-15 13:53:57,672 INFO  server.GrpcService (ConfUtils.java:logGet(43)) - raft.grpc.flow.control.window = 1MB (=1048576) (default)
2019-07-15 13:53:57,672 INFO  server.RaftServerConfigKeys (ConfUtils.java:logGet(43)) - raft.server.rpc.request.timeout = 3000ms (default)
2019-07-15 13:53:57,672 INFO  server.RaftServerConfigKeys (ConfUtils.java:logGet(43)) - raft.server.storage.dir = [/workdir/hadoop-ozone/integration-test/target/test-dir/MiniOzoneClusterImpl-7e5209a1-d222-4590-9047-fbd607b1adce/datanode-2/data/ratis] (custom)
2019-07-15 13:53:57,673 INFO  replication.SimpleContainerDownloader (SimpleContainerDownloader.java:<init>(72)) - Starting container downloader service to copy containers to replicate.
2019-07-15 13:53:57,674 INFO  hdfs.DFSUtil (DFSUtil.java:httpServerTemplateForNNAndJN(1641)) - Starting Web-server for hddsDatanode at: http://0.0.0.0:0
2019-07-15 13:53:57,675 INFO  server.AuthenticationFilter (AuthenticationFilter.java:constructSecretProvider(240)) - Unable to initialize FileSignerSecretProvider, falling back to use random secrets.
2019-07-15 13:53:57,675 WARN  http.HttpRequestLog (HttpRequestLog.java:getRequestLog(97)) - Jetty request log can only be enabled using Log4j
2019-07-15 13:53:57,677 INFO  http.HttpServer2 (HttpServer2.java:addGlobalFilter(975)) - Added global filter 'safety' (class=org.apache.hadoop.http.HttpServer2$QuotingInputFilter)
2019-07-15 13:53:57,677 INFO  http.HttpServer2 (HttpServer2.java:addFilter(948)) - Added filter static_user_filter (class=org.apache.hadoop.http.lib.StaticUserWebFilter$StaticUserFilter) to context hddsDatanode
2019-07-15 13:53:57,677 INFO  http.HttpServer2 (HttpServer2.java:addFilter(958)) - Added filter static_user_filter (class=org.apache.hadoop.http.lib.StaticUserWebFilter$StaticUserFilter) to context logs
2019-07-15 13:53:57,677 INFO  http.HttpServer2 (HttpServer2.java:addFilter(958)) - Added filter static_user_filter (class=org.apache.hadoop.http.lib.StaticUserWebFilter$StaticUserFilter) to context static
2019-07-15 13:53:57,678 INFO  http.HttpServer2 (HttpServer2.java:bindListener(1191)) - Jetty bound to port 35692
2019-07-15 13:53:57,678 INFO  server.Server (Server.java:doStart(351)) - jetty-9.3.24.v20180605, build timestamp: 2018-06-05T17:11:56Z, git hash: 84205aa28f11a4f31f2a3b86d1bba2cc8ab69827
2019-07-15 13:53:57,680 INFO  handler.ContextHandler (ContextHandler.java:doStart(781)) - Started o.e.j.s.ServletContextHandler@23182d4d{/logs,file:///workdir/hadoop-ozone/integration-test/target/log,AVAILABLE}
2019-07-15 13:53:57,680 INFO  handler.ContextHandler (ContextHandler.java:doStart(781)) - Started o.e.j.s.ServletContextHandler@45cd5c56{/static,jar:file:/home/user/.m2/repository/org/apache/hadoop/hadoop-hdds-container-service/0.5.0-SNAPSHOT/hadoop-hdds-container-service-0.5.0-SNAPSHOT.jar!/webapps/static,AVAILABLE}
2019-07-15 13:53:57,709 INFO  handler.ContextHandler (ContextHandler.java:doStart(781)) - Started o.e.j.w.WebAppContext@36cbe0fe{/,file:///tmp/jetty-0.0.0.0-35692-hddsDatanode-_-any-3553255509090343295.dir/webapp/,AVAILABLE}{/hddsDatanode}
2019-07-15 13:53:57,710 INFO  server.AbstractConnector (AbstractConnector.java:doStart(278)) - Started ServerConnector@712a5de4{HTTP/1.1,[http/1.1]}{0.0.0.0:35692}
2019-07-15 13:53:57,711 INFO  server.Server (Server.java:doStart(419)) - Started @632715ms
2019-07-15 13:53:57,712 INFO  server.BaseHttpServer (BaseHttpServer.java:updateConnectorAddress(207)) - HTTP server of HDDSDATANODE is listening at http://0.0.0.0:35692
2019-07-15 13:53:57,814 INFO  ozone.HddsDatanodeService (HddsDatanodeService.java:startPlugins(396)) - Started plug-in org.apache.hadoop.ozone.web.OzoneHddsDatanodeService@28fa0ff8
2019-07-15 13:53:57,814 INFO  impl.MetricsSystemImpl (MetricsSystemImpl.java:init(158)) - HddsDatanode metrics system started (again)
2019-07-15 13:53:57,817 INFO  ozone.HddsDatanodeService (HddsDatanodeService.java:start(185)) - HddsDatanodeService host:trunk-nightly-hvlc9-701369690 ip:192.168.157.240
2019-07-15 13:53:57,818 INFO  util.JvmPauseMonitor (JvmPauseMonitor.java:run(188)) - Starting JVM pause monitor
2019-07-15 13:53:57,820 INFO  datanode.InitDatanodeState (InitDatanodeState.java:persistContainerDatanodeDetails(140)) - DatanodeDetails is persisted to /workdir/hadoop-ozone/integration-test/target/test-dir/MiniOzoneClusterImpl-7e5209a1-d222-4590-9047-fbd607b1adce/datanode-2/meta/datanode.id
2019-07-15 13:53:57,829 INFO  volume.HddsVolume (HddsVolume.java:<init>(176)) - Creating Volume: /workdir/hadoop-ozone/integration-test/target/test-dir/MiniOzoneClusterImpl-7e5209a1-d222-4590-9047-fbd607b1adce/datanode-3/data/containers/hdds of  storage type : DISK and capacity : 52710309888
2019-07-15 13:53:57,830 INFO  volume.VolumeSet (VolumeSet.java:initializeVolumeSet(170)) - Added Volume : /workdir/hadoop-ozone/integration-test/target/test-dir/MiniOzoneClusterImpl-7e5209a1-d222-4590-9047-fbd607b1adce/datanode-3/data/containers/hdds to VolumeSet
2019-07-15 13:53:57,830 INFO  volume.ThrottledAsyncChecker (ThrottledAsyncChecker.java:schedule(140)) - Scheduling a check for org.apache.hadoop.ozone.container.common.volume.HddsVolume@645a9649
2019-07-15 13:53:57,830 INFO  volume.HddsVolumeChecker (HddsVolumeChecker.java:checkAllVolumes(203)) - Scheduled health check for volume org.apache.hadoop.ozone.container.common.volume.HddsVolume@645a9649
2019-07-15 13:53:57,844 INFO  impl.RaftServerProxy (ConfUtils.java:logGet(43)) - raft.rpc.type = GRPC (default)
2019-07-15 13:53:57,844 INFO  grpc.GrpcFactory (GrpcFactory.java:checkPooledByteBufAllocatorUseCacheForAllThreads(45)) - PERFORMANCE WARNING: useCacheForAllThreads is true that may cause Netty to create a lot garbage objects and, as a result, trigger GC.
	It is recommended to disable useCacheForAllThreads by setting -Dorg.apache.ratis.thirdparty.io.netty.allocator.useCacheForAllThreads=false in command line.
2019-07-15 13:53:57,844 INFO  grpc.GrpcConfigKeys$Server (ConfUtils.java:logGet(43)) - raft.grpc.server.port = 0 (default)
2019-07-15 13:53:57,845 INFO  server.GrpcService (ConfUtils.java:logGet(43)) - raft.grpc.message.size.max = 33570816 (custom)
2019-07-15 13:53:57,845 INFO  server.RaftServerConfigKeys (ConfUtils.java:logGet(43)) - raft.server.log.appender.buffer.byte-limit = 33554432 (custom)
2019-07-15 13:53:57,845 INFO  server.GrpcService (ConfUtils.java:logGet(43)) - raft.grpc.flow.control.window = 1MB (=1048576) (default)
2019-07-15 13:53:57,845 INFO  server.RaftServerConfigKeys (ConfUtils.java:logGet(43)) - raft.server.rpc.request.timeout = 3000ms (default)
2019-07-15 13:53:57,846 INFO  server.RaftServerConfigKeys (ConfUtils.java:logGet(43)) - raft.server.storage.dir = [/workdir/hadoop-ozone/integration-test/target/test-dir/MiniOzoneClusterImpl-7e5209a1-d222-4590-9047-fbd607b1adce/datanode-3/data/ratis] (custom)
2019-07-15 13:53:57,846 INFO  replication.SimpleContainerDownloader (SimpleContainerDownloader.java:<init>(72)) - Starting container downloader service to copy containers to replicate.
2019-07-15 13:53:57,847 INFO  hdfs.DFSUtil (DFSUtil.java:httpServerTemplateForNNAndJN(1641)) - Starting Web-server for hddsDatanode at: http://0.0.0.0:0
2019-07-15 13:53:57,848 INFO  server.AuthenticationFilter (AuthenticationFilter.java:constructSecretProvider(240)) - Unable to initialize FileSignerSecretProvider, falling back to use random secrets.
2019-07-15 13:53:57,848 WARN  http.HttpRequestLog (HttpRequestLog.java:getRequestLog(97)) - Jetty request log can only be enabled using Log4j
2019-07-15 13:53:57,850 INFO  http.HttpServer2 (HttpServer2.java:addGlobalFilter(975)) - Added global filter 'safety' (class=org.apache.hadoop.http.HttpServer2$QuotingInputFilter)
2019-07-15 13:53:57,850 INFO  http.HttpServer2 (HttpServer2.java:addFilter(948)) - Added filter static_user_filter (class=org.apache.hadoop.http.lib.StaticUserWebFilter$StaticUserFilter) to context hddsDatanode
2019-07-15 13:53:57,850 INFO  http.HttpServer2 (HttpServer2.java:addFilter(958)) - Added filter static_user_filter (class=org.apache.hadoop.http.lib.StaticUserWebFilter$StaticUserFilter) to context static
2019-07-15 13:53:57,850 INFO  http.HttpServer2 (HttpServer2.java:addFilter(958)) - Added filter static_user_filter (class=org.apache.hadoop.http.lib.StaticUserWebFilter$StaticUserFilter) to context logs
2019-07-15 13:53:57,851 INFO  http.HttpServer2 (HttpServer2.java:bindListener(1191)) - Jetty bound to port 39629
2019-07-15 13:53:57,851 INFO  server.Server (Server.java:doStart(351)) - jetty-9.3.24.v20180605, build timestamp: 2018-06-05T17:11:56Z, git hash: 84205aa28f11a4f31f2a3b86d1bba2cc8ab69827
2019-07-15 13:53:57,853 INFO  handler.ContextHandler (ContextHandler.java:doStart(781)) - Started o.e.j.s.ServletContextHandler@b41ceac{/logs,file:///workdir/hadoop-ozone/integration-test/target/log,AVAILABLE}
2019-07-15 13:53:57,853 INFO  handler.ContextHandler (ContextHandler.java:doStart(781)) - Started o.e.j.s.ServletContextHandler@76e5d5e5{/static,jar:file:/home/user/.m2/repository/org/apache/hadoop/hadoop-hdds-container-service/0.5.0-SNAPSHOT/hadoop-hdds-container-service-0.5.0-SNAPSHOT.jar!/webapps/static,AVAILABLE}
2019-07-15 13:53:57,880 INFO  handler.ContextHandler (ContextHandler.java:doStart(781)) - Started o.e.j.w.WebAppContext@55a8f92d{/,file:///tmp/jetty-0.0.0.0-39629-hddsDatanode-_-any-8665023437106606519.dir/webapp/,AVAILABLE}{/hddsDatanode}
2019-07-15 13:53:57,880 INFO  server.AbstractConnector (AbstractConnector.java:doStart(278)) - Started ServerConnector@78b3f926{HTTP/1.1,[http/1.1]}{0.0.0.0:39629}
2019-07-15 13:53:57,881 INFO  server.Server (Server.java:doStart(419)) - Started @632886ms
2019-07-15 13:53:57,882 INFO  server.BaseHttpServer (BaseHttpServer.java:updateConnectorAddress(207)) - HTTP server of HDDSDATANODE is listening at http://0.0.0.0:39629
2019-07-15 13:53:57,980 INFO  ozone.HddsDatanodeService (HddsDatanodeService.java:startPlugins(396)) - Started plug-in org.apache.hadoop.ozone.web.OzoneHddsDatanodeService@776ae580
2019-07-15 13:53:57,981 INFO  impl.MetricsSystemImpl (MetricsSystemImpl.java:init(158)) - HddsDatanode metrics system started (again)
2019-07-15 13:53:57,983 INFO  ozone.HddsDatanodeService (HddsDatanodeService.java:start(185)) - HddsDatanodeService host:trunk-nightly-hvlc9-701369690 ip:192.168.157.240
2019-07-15 13:53:57,984 INFO  util.JvmPauseMonitor (JvmPauseMonitor.java:run(188)) - Starting JVM pause monitor
2019-07-15 13:53:57,986 INFO  datanode.InitDatanodeState (InitDatanodeState.java:persistContainerDatanodeDetails(140)) - DatanodeDetails is persisted to /workdir/hadoop-ozone/integration-test/target/test-dir/MiniOzoneClusterImpl-7e5209a1-d222-4590-9047-fbd607b1adce/datanode-3/meta/datanode.id
2019-07-15 13:53:57,996 INFO  volume.HddsVolume (HddsVolume.java:<init>(176)) - Creating Volume: /workdir/hadoop-ozone/integration-test/target/test-dir/MiniOzoneClusterImpl-7e5209a1-d222-4590-9047-fbd607b1adce/datanode-4/data/containers/hdds of  storage type : DISK and capacity : 52710309888
2019-07-15 13:53:57,996 INFO  volume.VolumeSet (VolumeSet.java:initializeVolumeSet(170)) - Added Volume : /workdir/hadoop-ozone/integration-test/target/test-dir/MiniOzoneClusterImpl-7e5209a1-d222-4590-9047-fbd607b1adce/datanode-4/data/containers/hdds to VolumeSet
2019-07-15 13:53:57,996 INFO  volume.ThrottledAsyncChecker (ThrottledAsyncChecker.java:schedule(140)) - Scheduling a check for org.apache.hadoop.ozone.container.common.volume.HddsVolume@7f6b3f4c
2019-07-15 13:53:57,997 INFO  volume.HddsVolumeChecker (HddsVolumeChecker.java:checkAllVolumes(203)) - Scheduled health check for volume org.apache.hadoop.ozone.container.common.volume.HddsVolume@7f6b3f4c
2019-07-15 13:53:58,009 INFO  impl.RaftServerProxy (ConfUtils.java:logGet(43)) - raft.rpc.type = GRPC (default)
2019-07-15 13:53:58,010 INFO  grpc.GrpcFactory (GrpcFactory.java:checkPooledByteBufAllocatorUseCacheForAllThreads(45)) - PERFORMANCE WARNING: useCacheForAllThreads is true that may cause Netty to create a lot garbage objects and, as a result, trigger GC.
	It is recommended to disable useCacheForAllThreads by setting -Dorg.apache.ratis.thirdparty.io.netty.allocator.useCacheForAllThreads=false in command line.
2019-07-15 13:53:58,010 INFO  grpc.GrpcConfigKeys$Server (ConfUtils.java:logGet(43)) - raft.grpc.server.port = 0 (default)
2019-07-15 13:53:58,010 INFO  server.GrpcService (ConfUtils.java:logGet(43)) - raft.grpc.message.size.max = 33570816 (custom)
2019-07-15 13:53:58,010 INFO  server.RaftServerConfigKeys (ConfUtils.java:logGet(43)) - raft.server.log.appender.buffer.byte-limit = 33554432 (custom)
2019-07-15 13:53:58,010 INFO  server.GrpcService (ConfUtils.java:logGet(43)) - raft.grpc.flow.control.window = 1MB (=1048576) (default)
2019-07-15 13:53:58,010 INFO  server.RaftServerConfigKeys (ConfUtils.java:logGet(43)) - raft.server.rpc.request.timeout = 3000ms (default)
2019-07-15 13:53:58,011 INFO  server.RaftServerConfigKeys (ConfUtils.java:logGet(43)) - raft.server.storage.dir = [/workdir/hadoop-ozone/integration-test/target/test-dir/MiniOzoneClusterImpl-7e5209a1-d222-4590-9047-fbd607b1adce/datanode-4/data/ratis] (custom)
2019-07-15 13:53:58,011 INFO  replication.SimpleContainerDownloader (SimpleContainerDownloader.java:<init>(72)) - Starting container downloader service to copy containers to replicate.
2019-07-15 13:53:58,012 INFO  hdfs.DFSUtil (DFSUtil.java:httpServerTemplateForNNAndJN(1641)) - Starting Web-server for hddsDatanode at: http://0.0.0.0:0
2019-07-15 13:53:58,013 INFO  server.AuthenticationFilter (AuthenticationFilter.java:constructSecretProvider(240)) - Unable to initialize FileSignerSecretProvider, falling back to use random secrets.
2019-07-15 13:53:58,014 WARN  http.HttpRequestLog (HttpRequestLog.java:getRequestLog(97)) - Jetty request log can only be enabled using Log4j
2019-07-15 13:53:58,015 INFO  http.HttpServer2 (HttpServer2.java:addGlobalFilter(975)) - Added global filter 'safety' (class=org.apache.hadoop.http.HttpServer2$QuotingInputFilter)
2019-07-15 13:53:58,015 INFO  http.HttpServer2 (HttpServer2.java:addFilter(948)) - Added filter static_user_filter (class=org.apache.hadoop.http.lib.StaticUserWebFilter$StaticUserFilter) to context hddsDatanode
2019-07-15 13:53:58,015 INFO  http.HttpServer2 (HttpServer2.java:addFilter(958)) - Added filter static_user_filter (class=org.apache.hadoop.http.lib.StaticUserWebFilter$StaticUserFilter) to context logs
2019-07-15 13:53:58,015 INFO  http.HttpServer2 (HttpServer2.java:addFilter(958)) - Added filter static_user_filter (class=org.apache.hadoop.http.lib.StaticUserWebFilter$StaticUserFilter) to context static
2019-07-15 13:53:58,016 INFO  http.HttpServer2 (HttpServer2.java:bindListener(1191)) - Jetty bound to port 44620
2019-07-15 13:53:58,016 INFO  server.Server (Server.java:doStart(351)) - jetty-9.3.24.v20180605, build timestamp: 2018-06-05T17:11:56Z, git hash: 84205aa28f11a4f31f2a3b86d1bba2cc8ab69827
2019-07-15 13:53:58,017 INFO  handler.ContextHandler (ContextHandler.java:doStart(781)) - Started o.e.j.s.ServletContextHandler@6d5376b7{/logs,file:///workdir/hadoop-ozone/integration-test/target/log,AVAILABLE}
2019-07-15 13:53:58,018 INFO  handler.ContextHandler (ContextHandler.java:doStart(781)) - Started o.e.j.s.ServletContextHandler@57b4fc1e{/static,jar:file:/home/user/.m2/repository/org/apache/hadoop/hadoop-hdds-container-service/0.5.0-SNAPSHOT/hadoop-hdds-container-service-0.5.0-SNAPSHOT.jar!/webapps/static,AVAILABLE}
2019-07-15 13:53:58,044 INFO  handler.ContextHandler (ContextHandler.java:doStart(781)) - Started o.e.j.w.WebAppContext@7fd8f21{/,file:///tmp/jetty-0.0.0.0-44620-hddsDatanode-_-any-4591997688209086155.dir/webapp/,AVAILABLE}{/hddsDatanode}
2019-07-15 13:53:58,044 INFO  server.AbstractConnector (AbstractConnector.java:doStart(278)) - Started ServerConnector@5a564a61{HTTP/1.1,[http/1.1]}{0.0.0.0:44620}
2019-07-15 13:53:58,044 INFO  server.Server (Server.java:doStart(419)) - Started @633049ms
2019-07-15 13:53:58,046 INFO  server.BaseHttpServer (BaseHttpServer.java:updateConnectorAddress(207)) - HTTP server of HDDSDATANODE is listening at http://0.0.0.0:44620
2019-07-15 13:53:58,356 INFO  ozone.HddsDatanodeService (HddsDatanodeService.java:startPlugins(396)) - Started plug-in org.apache.hadoop.ozone.web.OzoneHddsDatanodeService@1b3639a1
2019-07-15 13:53:58,356 INFO  impl.MetricsSystemImpl (MetricsSystemImpl.java:init(158)) - HddsDatanode metrics system started (again)
2019-07-15 13:53:58,358 INFO  ozone.HddsDatanodeService (HddsDatanodeService.java:start(185)) - HddsDatanodeService host:trunk-nightly-hvlc9-701369690 ip:192.168.157.240
2019-07-15 13:53:58,359 INFO  util.JvmPauseMonitor (JvmPauseMonitor.java:run(188)) - Starting JVM pause monitor
2019-07-15 13:53:58,361 INFO  datanode.InitDatanodeState (InitDatanodeState.java:persistContainerDatanodeDetails(140)) - DatanodeDetails is persisted to /workdir/hadoop-ozone/integration-test/target/test-dir/MiniOzoneClusterImpl-7e5209a1-d222-4590-9047-fbd607b1adce/datanode-4/meta/datanode.id
2019-07-15 13:53:58,371 INFO  volume.HddsVolume (HddsVolume.java:<init>(176)) - Creating Volume: /workdir/hadoop-ozone/integration-test/target/test-dir/MiniOzoneClusterImpl-7e5209a1-d222-4590-9047-fbd607b1adce/datanode-5/data/containers/hdds of  storage type : DISK and capacity : 52710309888
2019-07-15 13:53:58,371 INFO  volume.VolumeSet (VolumeSet.java:initializeVolumeSet(170)) - Added Volume : /workdir/hadoop-ozone/integration-test/target/test-dir/MiniOzoneClusterImpl-7e5209a1-d222-4590-9047-fbd607b1adce/datanode-5/data/containers/hdds to VolumeSet
2019-07-15 13:53:58,371 INFO  volume.ThrottledAsyncChecker (ThrottledAsyncChecker.java:schedule(140)) - Scheduling a check for org.apache.hadoop.ozone.container.common.volume.HddsVolume@1e9d5d79
2019-07-15 13:53:58,372 INFO  volume.HddsVolumeChecker (HddsVolumeChecker.java:checkAllVolumes(203)) - Scheduled health check for volume org.apache.hadoop.ozone.container.common.volume.HddsVolume@1e9d5d79
2019-07-15 13:53:58,384 INFO  impl.RaftServerProxy (ConfUtils.java:logGet(43)) - raft.rpc.type = GRPC (default)
2019-07-15 13:53:58,384 INFO  grpc.GrpcFactory (GrpcFactory.java:checkPooledByteBufAllocatorUseCacheForAllThreads(45)) - PERFORMANCE WARNING: useCacheForAllThreads is true that may cause Netty to create a lot garbage objects and, as a result, trigger GC.
	It is recommended to disable useCacheForAllThreads by setting -Dorg.apache.ratis.thirdparty.io.netty.allocator.useCacheForAllThreads=false in command line.
2019-07-15 13:53:58,385 INFO  grpc.GrpcConfigKeys$Server (ConfUtils.java:logGet(43)) - raft.grpc.server.port = 0 (default)
2019-07-15 13:53:58,385 INFO  server.GrpcService (ConfUtils.java:logGet(43)) - raft.grpc.message.size.max = 33570816 (custom)
2019-07-15 13:53:58,385 INFO  server.RaftServerConfigKeys (ConfUtils.java:logGet(43)) - raft.server.log.appender.buffer.byte-limit = 33554432 (custom)
2019-07-15 13:53:58,385 INFO  server.GrpcService (ConfUtils.java:logGet(43)) - raft.grpc.flow.control.window = 1MB (=1048576) (default)
2019-07-15 13:53:58,385 INFO  server.RaftServerConfigKeys (ConfUtils.java:logGet(43)) - raft.server.rpc.request.timeout = 3000ms (default)
2019-07-15 13:53:58,386 INFO  server.RaftServerConfigKeys (ConfUtils.java:logGet(43)) - raft.server.storage.dir = [/workdir/hadoop-ozone/integration-test/target/test-dir/MiniOzoneClusterImpl-7e5209a1-d222-4590-9047-fbd607b1adce/datanode-5/data/ratis] (custom)
2019-07-15 13:53:58,386 INFO  replication.SimpleContainerDownloader (SimpleContainerDownloader.java:<init>(72)) - Starting container downloader service to copy containers to replicate.
2019-07-15 13:53:58,387 INFO  hdfs.DFSUtil (DFSUtil.java:httpServerTemplateForNNAndJN(1641)) - Starting Web-server for hddsDatanode at: http://0.0.0.0:0
2019-07-15 13:53:58,389 INFO  server.AuthenticationFilter (AuthenticationFilter.java:constructSecretProvider(240)) - Unable to initialize FileSignerSecretProvider, falling back to use random secrets.
2019-07-15 13:53:58,390 WARN  http.HttpRequestLog (HttpRequestLog.java:getRequestLog(97)) - Jetty request log can only be enabled using Log4j
2019-07-15 13:53:58,392 INFO  http.HttpServer2 (HttpServer2.java:addGlobalFilter(975)) - Added global filter 'safety' (class=org.apache.hadoop.http.HttpServer2$QuotingInputFilter)
2019-07-15 13:53:58,393 INFO  http.HttpServer2 (HttpServer2.java:addFilter(948)) - Added filter static_user_filter (class=org.apache.hadoop.http.lib.StaticUserWebFilter$StaticUserFilter) to context hddsDatanode
2019-07-15 13:53:58,393 INFO  http.HttpServer2 (HttpServer2.java:addFilter(958)) - Added filter static_user_filter (class=org.apache.hadoop.http.lib.StaticUserWebFilter$StaticUserFilter) to context logs
2019-07-15 13:53:58,393 INFO  http.HttpServer2 (HttpServer2.java:addFilter(958)) - Added filter static_user_filter (class=org.apache.hadoop.http.lib.StaticUserWebFilter$StaticUserFilter) to context static
2019-07-15 13:53:58,394 INFO  http.HttpServer2 (HttpServer2.java:bindListener(1191)) - Jetty bound to port 45205
2019-07-15 13:53:58,394 INFO  server.Server (Server.java:doStart(351)) - jetty-9.3.24.v20180605, build timestamp: 2018-06-05T17:11:56Z, git hash: 84205aa28f11a4f31f2a3b86d1bba2cc8ab69827
2019-07-15 13:53:58,396 INFO  handler.ContextHandler (ContextHandler.java:doStart(781)) - Started o.e.j.s.ServletContextHandler@fabe3f8{/logs,file:///workdir/hadoop-ozone/integration-test/target/log,AVAILABLE}
2019-07-15 13:53:58,397 INFO  handler.ContextHandler (ContextHandler.java:doStart(781)) - Started o.e.j.s.ServletContextHandler@ce24a98{/static,jar:file:/home/user/.m2/repository/org/apache/hadoop/hadoop-hdds-container-service/0.5.0-SNAPSHOT/hadoop-hdds-container-service-0.5.0-SNAPSHOT.jar!/webapps/static,AVAILABLE}
2019-07-15 13:53:58,439 INFO  handler.ContextHandler (ContextHandler.java:doStart(781)) - Started o.e.j.w.WebAppContext@7c8ecc27{/,file:///tmp/jetty-0.0.0.0-45205-hddsDatanode-_-any-8045322083031168723.dir/webapp/,AVAILABLE}{/hddsDatanode}
2019-07-15 13:53:58,440 INFO  server.AbstractConnector (AbstractConnector.java:doStart(278)) - Started ServerConnector@5f8089d2{HTTP/1.1,[http/1.1]}{0.0.0.0:45205}
2019-07-15 13:53:58,442 INFO  server.Server (Server.java:doStart(419)) - Started @633447ms
2019-07-15 13:53:58,442 INFO  server.BaseHttpServer (BaseHttpServer.java:updateConnectorAddress(207)) - HTTP server of HDDSDATANODE is listening at http://0.0.0.0:45205
2019-07-15 13:53:58,555 INFO  ozone.HddsDatanodeService (HddsDatanodeService.java:startPlugins(396)) - Started plug-in org.apache.hadoop.ozone.web.OzoneHddsDatanodeService@4bb05a4e
2019-07-15 13:53:58,555 INFO  impl.MetricsSystemImpl (MetricsSystemImpl.java:init(158)) - HddsDatanode metrics system started (again)
2019-07-15 13:53:58,558 INFO  ozone.HddsDatanodeService (HddsDatanodeService.java:start(185)) - HddsDatanodeService host:trunk-nightly-hvlc9-701369690 ip:192.168.157.240
2019-07-15 13:53:58,559 INFO  util.JvmPauseMonitor (JvmPauseMonitor.java:run(188)) - Starting JVM pause monitor
2019-07-15 13:53:58,561 INFO  datanode.InitDatanodeState (InitDatanodeState.java:persistContainerDatanodeDetails(140)) - DatanodeDetails is persisted to /workdir/hadoop-ozone/integration-test/target/test-dir/MiniOzoneClusterImpl-7e5209a1-d222-4590-9047-fbd607b1adce/datanode-5/meta/datanode.id
2019-07-15 13:53:58,570 INFO  volume.HddsVolume (HddsVolume.java:<init>(176)) - Creating Volume: /workdir/hadoop-ozone/integration-test/target/test-dir/MiniOzoneClusterImpl-7e5209a1-d222-4590-9047-fbd607b1adce/datanode-6/data/containers/hdds of  storage type : DISK and capacity : 52710309888
2019-07-15 13:53:58,571 INFO  volume.VolumeSet (VolumeSet.java:initializeVolumeSet(170)) - Added Volume : /workdir/hadoop-ozone/integration-test/target/test-dir/MiniOzoneClusterImpl-7e5209a1-d222-4590-9047-fbd607b1adce/datanode-6/data/containers/hdds to VolumeSet
2019-07-15 13:53:58,571 INFO  volume.ThrottledAsyncChecker (ThrottledAsyncChecker.java:schedule(140)) - Scheduling a check for org.apache.hadoop.ozone.container.common.volume.HddsVolume@2b85fc
2019-07-15 13:53:58,571 INFO  volume.HddsVolumeChecker (HddsVolumeChecker.java:checkAllVolumes(203)) - Scheduled health check for volume org.apache.hadoop.ozone.container.common.volume.HddsVolume@2b85fc
2019-07-15 13:53:58,584 INFO  impl.RaftServerProxy (ConfUtils.java:logGet(43)) - raft.rpc.type = GRPC (default)
2019-07-15 13:53:58,584 INFO  grpc.GrpcFactory (GrpcFactory.java:checkPooledByteBufAllocatorUseCacheForAllThreads(45)) - PERFORMANCE WARNING: useCacheForAllThreads is true that may cause Netty to create a lot garbage objects and, as a result, trigger GC.
	It is recommended to disable useCacheForAllThreads by setting -Dorg.apache.ratis.thirdparty.io.netty.allocator.useCacheForAllThreads=false in command line.
2019-07-15 13:53:58,584 INFO  grpc.GrpcConfigKeys$Server (ConfUtils.java:logGet(43)) - raft.grpc.server.port = 0 (default)
2019-07-15 13:53:58,584 INFO  server.GrpcService (ConfUtils.java:logGet(43)) - raft.grpc.message.size.max = 33570816 (custom)
2019-07-15 13:53:58,584 INFO  server.RaftServerConfigKeys (ConfUtils.java:logGet(43)) - raft.server.log.appender.buffer.byte-limit = 33554432 (custom)
2019-07-15 13:53:58,585 INFO  server.GrpcService (ConfUtils.java:logGet(43)) - raft.grpc.flow.control.window = 1MB (=1048576) (default)
2019-07-15 13:53:58,585 INFO  server.RaftServerConfigKeys (ConfUtils.java:logGet(43)) - raft.server.rpc.request.timeout = 3000ms (default)
2019-07-15 13:53:58,585 INFO  server.RaftServerConfigKeys (ConfUtils.java:logGet(43)) - raft.server.storage.dir = [/workdir/hadoop-ozone/integration-test/target/test-dir/MiniOzoneClusterImpl-7e5209a1-d222-4590-9047-fbd607b1adce/datanode-6/data/ratis] (custom)
2019-07-15 13:53:58,585 INFO  replication.SimpleContainerDownloader (SimpleContainerDownloader.java:<init>(72)) - Starting container downloader service to copy containers to replicate.
2019-07-15 13:53:58,586 INFO  hdfs.DFSUtil (DFSUtil.java:httpServerTemplateForNNAndJN(1641)) - Starting Web-server for hddsDatanode at: http://0.0.0.0:0
2019-07-15 13:53:58,587 INFO  server.AuthenticationFilter (AuthenticationFilter.java:constructSecretProvider(240)) - Unable to initialize FileSignerSecretProvider, falling back to use random secrets.
2019-07-15 13:53:58,588 WARN  http.HttpRequestLog (HttpRequestLog.java:getRequestLog(97)) - Jetty request log can only be enabled using Log4j
2019-07-15 13:53:58,589 INFO  http.HttpServer2 (HttpServer2.java:addGlobalFilter(975)) - Added global filter 'safety' (class=org.apache.hadoop.http.HttpServer2$QuotingInputFilter)
2019-07-15 13:53:58,589 INFO  http.HttpServer2 (HttpServer2.java:addFilter(948)) - Added filter static_user_filter (class=org.apache.hadoop.http.lib.StaticUserWebFilter$StaticUserFilter) to context hddsDatanode
2019-07-15 13:53:58,589 INFO  http.HttpServer2 (HttpServer2.java:addFilter(958)) - Added filter static_user_filter (class=org.apache.hadoop.http.lib.StaticUserWebFilter$StaticUserFilter) to context logs
2019-07-15 13:53:58,589 INFO  http.HttpServer2 (HttpServer2.java:addFilter(958)) - Added filter static_user_filter (class=org.apache.hadoop.http.lib.StaticUserWebFilter$StaticUserFilter) to context static
2019-07-15 13:53:58,590 INFO  http.HttpServer2 (HttpServer2.java:bindListener(1191)) - Jetty bound to port 44540
2019-07-15 13:53:58,590 INFO  server.Server (Server.java:doStart(351)) - jetty-9.3.24.v20180605, build timestamp: 2018-06-05T17:11:56Z, git hash: 84205aa28f11a4f31f2a3b86d1bba2cc8ab69827
2019-07-15 13:53:58,592 INFO  handler.ContextHandler (ContextHandler.java:doStart(781)) - Started o.e.j.s.ServletContextHandler@524032f9{/logs,file:///workdir/hadoop-ozone/integration-test/target/log,AVAILABLE}
2019-07-15 13:53:58,592 INFO  handler.ContextHandler (ContextHandler.java:doStart(781)) - Started o.e.j.s.ServletContextHandler@2796716d{/static,jar:file:/home/user/.m2/repository/org/apache/hadoop/hadoop-hdds-container-service/0.5.0-SNAPSHOT/hadoop-hdds-container-service-0.5.0-SNAPSHOT.jar!/webapps/static,AVAILABLE}
2019-07-15 13:53:58,617 INFO  handler.ContextHandler (ContextHandler.java:doStart(781)) - Started o.e.j.w.WebAppContext@4606e1a6{/,file:///tmp/jetty-0.0.0.0-44540-hddsDatanode-_-any-2764901656232248961.dir/webapp/,AVAILABLE}{/hddsDatanode}
2019-07-15 13:53:58,618 INFO  server.AbstractConnector (AbstractConnector.java:doStart(278)) - Started ServerConnector@69a8617c{HTTP/1.1,[http/1.1]}{0.0.0.0:44540}
2019-07-15 13:53:58,618 INFO  server.Server (Server.java:doStart(419)) - Started @633623ms
2019-07-15 13:53:58,620 INFO  server.BaseHttpServer (BaseHttpServer.java:updateConnectorAddress(207)) - HTTP server of HDDSDATANODE is listening at http://0.0.0.0:44540
2019-07-15 13:53:58,717 INFO  ozone.HddsDatanodeService (HddsDatanodeService.java:startPlugins(396)) - Started plug-in org.apache.hadoop.ozone.web.OzoneHddsDatanodeService@5f5c2451
2019-07-15 13:53:58,717 INFO  ozone.MiniOzoneClusterImpl (MiniOzoneClusterImpl.java:lambda$waitForClusterToBeReady$0(142)) - Waiting for cluster to be ready. Got 0 of 7 DN Heartbeats.
2019-07-15 13:53:58,721 INFO  util.JvmPauseMonitor (JvmPauseMonitor.java:run(188)) - Starting JVM pause monitor
2019-07-15 13:53:58,722 INFO  datanode.InitDatanodeState (InitDatanodeState.java:persistContainerDatanodeDetails(140)) - DatanodeDetails is persisted to /workdir/hadoop-ozone/integration-test/target/test-dir/MiniOzoneClusterImpl-7e5209a1-d222-4590-9047-fbd607b1adce/datanode-6/meta/datanode.id
2019-07-15 13:53:59,511 INFO  ozoneimpl.OzoneContainer (OzoneContainer.java:start(186)) - Attempting to start container services.
2019-07-15 13:53:59,514 INFO  ozoneimpl.OzoneContainer (OzoneContainer.java:startContainerScrub(160)) - Background container scrubber has been disabled by hdds.containerscrub.enabled
2019-07-15 13:53:59,514 INFO  ratis.XceiverServerRatis (XceiverServerRatis.java:start(418)) - Starting XceiverServerRatis a287c7fb-b8c0-4ae6-bb67-c358d10a08ae at port 0
2019-07-15 13:53:59,522 INFO  impl.RaftServerProxy (RaftServerProxy.java:lambda$start$3(299)) - a287c7fb-b8c0-4ae6-bb67-c358d10a08ae: start RPC server
2019-07-15 13:53:59,524 INFO  server.GrpcService (GrpcService.java:startImpl(149)) - a287c7fb-b8c0-4ae6-bb67-c358d10a08ae: GrpcService started, listening on 0.0.0.0/0.0.0.0:35243
2019-07-15 13:53:59,524 INFO  ratis.XceiverServerRatis (XceiverServerRatis.java:start(428)) - XceiverServerRatis a287c7fb-b8c0-4ae6-bb67-c358d10a08ae is started using port 35243
2019-07-15 13:53:59,525 INFO  server.XceiverServerGrpc (XceiverServerGrpc.java:start(161)) - XceiverServerGrpc a287c7fb-b8c0-4ae6-bb67-c358d10a08ae is started using port 38588
2019-07-15 13:53:59,657 INFO  ozoneimpl.OzoneContainer (OzoneContainer.java:start(186)) - Attempting to start container services.
2019-07-15 13:53:59,660 INFO  ozoneimpl.OzoneContainer (OzoneContainer.java:startContainerScrub(160)) - Background container scrubber has been disabled by hdds.containerscrub.enabled
2019-07-15 13:53:59,660 INFO  ratis.XceiverServerRatis (XceiverServerRatis.java:start(418)) - Starting XceiverServerRatis 8c0cbd76-3700-45b1-b307-949b240ad955 at port 0
2019-07-15 13:53:59,668 INFO  impl.RaftServerProxy (RaftServerProxy.java:lambda$start$3(299)) - 8c0cbd76-3700-45b1-b307-949b240ad955: start RPC server
2019-07-15 13:53:59,671 INFO  server.GrpcService (GrpcService.java:startImpl(149)) - 8c0cbd76-3700-45b1-b307-949b240ad955: GrpcService started, listening on 0.0.0.0/0.0.0.0:42920
2019-07-15 13:53:59,671 INFO  ratis.XceiverServerRatis (XceiverServerRatis.java:start(428)) - XceiverServerRatis 8c0cbd76-3700-45b1-b307-949b240ad955 is started using port 42920
2019-07-15 13:53:59,672 INFO  server.XceiverServerGrpc (XceiverServerGrpc.java:start(161)) - XceiverServerGrpc 8c0cbd76-3700-45b1-b307-949b240ad955 is started using port 45027
2019-07-15 13:53:59,718 INFO  ozone.MiniOzoneClusterImpl (MiniOzoneClusterImpl.java:lambda$waitForClusterToBeReady$0(142)) - Waiting for cluster to be ready. Got 0 of 7 DN Heartbeats.
2019-07-15 13:53:59,844 INFO  ozoneimpl.OzoneContainer (OzoneContainer.java:start(186)) - Attempting to start container services.
2019-07-15 13:53:59,852 INFO  ozoneimpl.OzoneContainer (OzoneContainer.java:startContainerScrub(160)) - Background container scrubber has been disabled by hdds.containerscrub.enabled
2019-07-15 13:53:59,853 INFO  ratis.XceiverServerRatis (XceiverServerRatis.java:start(418)) - Starting XceiverServerRatis 3a7ce56e-4358-4ca5-ad70-62b7546f7b91 at port 0
2019-07-15 13:53:59,859 INFO  impl.RaftServerProxy (RaftServerProxy.java:lambda$start$3(299)) - 3a7ce56e-4358-4ca5-ad70-62b7546f7b91: start RPC server
2019-07-15 13:53:59,860 INFO  server.GrpcService (GrpcService.java:startImpl(149)) - 3a7ce56e-4358-4ca5-ad70-62b7546f7b91: GrpcService started, listening on 0.0.0.0/0.0.0.0:37180
2019-07-15 13:53:59,860 INFO  ratis.XceiverServerRatis (XceiverServerRatis.java:start(428)) - XceiverServerRatis 3a7ce56e-4358-4ca5-ad70-62b7546f7b91 is started using port 37180
2019-07-15 13:53:59,869 INFO  server.XceiverServerGrpc (XceiverServerGrpc.java:start(161)) - XceiverServerGrpc 3a7ce56e-4358-4ca5-ad70-62b7546f7b91 is started using port 42619
2019-07-15 13:54:00,010 INFO  ozoneimpl.OzoneContainer (OzoneContainer.java:start(186)) - Attempting to start container services.
2019-07-15 13:54:00,010 INFO  ozoneimpl.OzoneContainer (OzoneContainer.java:startContainerScrub(160)) - Background container scrubber has been disabled by hdds.containerscrub.enabled
2019-07-15 13:54:00,010 INFO  ratis.XceiverServerRatis (XceiverServerRatis.java:start(418)) - Starting XceiverServerRatis b3efe6c9-7a7d-46ff-b4ca-b1494c62621b at port 0
2019-07-15 13:54:00,017 INFO  impl.RaftServerProxy (RaftServerProxy.java:lambda$start$3(299)) - b3efe6c9-7a7d-46ff-b4ca-b1494c62621b: start RPC server
2019-07-15 13:54:00,018 INFO  server.GrpcService (GrpcService.java:startImpl(149)) - b3efe6c9-7a7d-46ff-b4ca-b1494c62621b: GrpcService started, listening on 0.0.0.0/0.0.0.0:40561
2019-07-15 13:54:00,018 INFO  ratis.XceiverServerRatis (XceiverServerRatis.java:start(428)) - XceiverServerRatis b3efe6c9-7a7d-46ff-b4ca-b1494c62621b is started using port 40561
2019-07-15 13:54:00,019 INFO  server.XceiverServerGrpc (XceiverServerGrpc.java:start(161)) - XceiverServerGrpc b3efe6c9-7a7d-46ff-b4ca-b1494c62621b is started using port 34701
2019-07-15 13:54:00,375 INFO  ozoneimpl.OzoneContainer (OzoneContainer.java:start(186)) - Attempting to start container services.
2019-07-15 13:54:00,375 INFO  ozoneimpl.OzoneContainer (OzoneContainer.java:startContainerScrub(160)) - Background container scrubber has been disabled by hdds.containerscrub.enabled
2019-07-15 13:54:00,375 INFO  ratis.XceiverServerRatis (XceiverServerRatis.java:start(418)) - Starting XceiverServerRatis 599cfdd8-f0ea-4b89-9be2-3d1e39bad0bd at port 0
2019-07-15 13:54:00,384 INFO  impl.RaftServerProxy (RaftServerProxy.java:lambda$start$3(299)) - 599cfdd8-f0ea-4b89-9be2-3d1e39bad0bd: start RPC server
2019-07-15 13:54:00,385 INFO  server.GrpcService (GrpcService.java:startImpl(149)) - 599cfdd8-f0ea-4b89-9be2-3d1e39bad0bd: GrpcService started, listening on 0.0.0.0/0.0.0.0:46644
2019-07-15 13:54:00,385 INFO  ratis.XceiverServerRatis (XceiverServerRatis.java:start(428)) - XceiverServerRatis 599cfdd8-f0ea-4b89-9be2-3d1e39bad0bd is started using port 46644
2019-07-15 13:54:00,385 INFO  server.XceiverServerGrpc (XceiverServerGrpc.java:start(161)) - XceiverServerGrpc 599cfdd8-f0ea-4b89-9be2-3d1e39bad0bd is started using port 37645
2019-07-15 13:54:00,573 INFO  ozoneimpl.OzoneContainer (OzoneContainer.java:start(186)) - Attempting to start container services.
2019-07-15 13:54:00,574 INFO  ozoneimpl.OzoneContainer (OzoneContainer.java:startContainerScrub(160)) - Background container scrubber has been disabled by hdds.containerscrub.enabled
2019-07-15 13:54:00,574 INFO  ratis.XceiverServerRatis (XceiverServerRatis.java:start(418)) - Starting XceiverServerRatis ddc318da-a287-4568-9718-6535bb14cce7 at port 0
2019-07-15 13:54:00,581 INFO  impl.RaftServerProxy (RaftServerProxy.java:lambda$start$3(299)) - ddc318da-a287-4568-9718-6535bb14cce7: start RPC server
2019-07-15 13:54:00,582 INFO  server.GrpcService (GrpcService.java:startImpl(149)) - ddc318da-a287-4568-9718-6535bb14cce7: GrpcService started, listening on 0.0.0.0/0.0.0.0:41762
2019-07-15 13:54:00,582 INFO  ratis.XceiverServerRatis (XceiverServerRatis.java:start(428)) - XceiverServerRatis ddc318da-a287-4568-9718-6535bb14cce7 is started using port 41762
2019-07-15 13:54:00,583 INFO  server.XceiverServerGrpc (XceiverServerGrpc.java:start(161)) - XceiverServerGrpc ddc318da-a287-4568-9718-6535bb14cce7 is started using port 33511
2019-07-15 13:54:00,718 INFO  ozone.MiniOzoneClusterImpl (MiniOzoneClusterImpl.java:lambda$waitForClusterToBeReady$0(142)) - Waiting for cluster to be ready. Got 0 of 7 DN Heartbeats.
2019-07-15 13:54:00,736 INFO  ozoneimpl.OzoneContainer (OzoneContainer.java:start(186)) - Attempting to start container services.
2019-07-15 13:54:00,736 INFO  ozoneimpl.OzoneContainer (OzoneContainer.java:startContainerScrub(160)) - Background container scrubber has been disabled by hdds.containerscrub.enabled
2019-07-15 13:54:00,736 INFO  ratis.XceiverServerRatis (XceiverServerRatis.java:start(418)) - Starting XceiverServerRatis 3bafa17e-9d65-4d1d-ac84-d3d77c792421 at port 0
2019-07-15 13:54:00,743 INFO  impl.RaftServerProxy (RaftServerProxy.java:lambda$start$3(299)) - 3bafa17e-9d65-4d1d-ac84-d3d77c792421: start RPC server
2019-07-15 13:54:00,744 INFO  server.GrpcService (GrpcService.java:startImpl(149)) - 3bafa17e-9d65-4d1d-ac84-d3d77c792421: GrpcService started, listening on 0.0.0.0/0.0.0.0:36546
2019-07-15 13:54:00,744 INFO  ratis.XceiverServerRatis (XceiverServerRatis.java:start(428)) - XceiverServerRatis 3bafa17e-9d65-4d1d-ac84-d3d77c792421 is started using port 36546
2019-07-15 13:54:00,745 INFO  server.XceiverServerGrpc (XceiverServerGrpc.java:start(161)) - XceiverServerGrpc 3bafa17e-9d65-4d1d-ac84-d3d77c792421 is started using port 37954
2019-07-15 13:54:01,484 INFO  net.NetworkTopology (NetworkTopologyImpl.java:add(110)) - Added a new node: /default-rack/192.168.157.240
2019-07-15 13:54:01,486 INFO  node.SCMNodeManager (SCMNodeManager.java:register(269)) - Registered Data node : a287c7fb-b8c0-4ae6-bb67-c358d10a08ae{ip: 192.168.157.240, host: trunk-nightly-hvlc9-701369690, networkLocation: /default-rack, certSerialId: null}
2019-07-15 13:54:01,487 INFO  safemode.SCMSafeModeManager (DataNodeSafeModeRule.java:process(71)) - SCM in safe mode. 1 DataNodes registered, 1 required.
2019-07-15 13:54:01,490 INFO  safemode.SCMSafeModeManager (SCMSafeModeManager.java:validateSafeModeExitRules(177)) - ScmSafeModeManager, all rules are successfully validated
2019-07-15 13:54:01,490 INFO  safemode.SCMSafeModeManager (SCMSafeModeManager.java:exitSafeMode(193)) - SCM exiting safe mode.
2019-07-15 13:54:01,506 INFO  impl.RaftServerProxy (RaftServerProxy.java:addNew(89)) - a287c7fb-b8c0-4ae6-bb67-c358d10a08ae: addNew group-8A6F1AD1D7A1:[a287c7fb-b8c0-4ae6-bb67-c358d10a08ae:192.168.157.240:35243] returns group-8A6F1AD1D7A1:java.util.concurrent.CompletableFuture@1fb2eb56[Not completed]
2019-07-15 13:54:01,508 INFO  impl.RaftServerImpl (RaftServerImpl.java:<init>(93)) - a287c7fb-b8c0-4ae6-bb67-c358d10a08ae: new RaftServerImpl for group-8A6F1AD1D7A1:[a287c7fb-b8c0-4ae6-bb67-c358d10a08ae:192.168.157.240:35243] with ContainerStateMachine:uninitialized
2019-07-15 13:54:01,508 INFO  server.RaftServerConfigKeys (ConfUtils.java:logGet(43)) - raft.server.rpc.timeout.min = 5s (custom)
2019-07-15 13:54:01,508 INFO  server.RaftServerConfigKeys (ConfUtils.java:logGet(43)) - raft.server.rpc.timeout.max = 5200ms (custom)
2019-07-15 13:54:01,508 INFO  server.RaftServerConfigKeys (ConfUtils.java:logGet(43)) - raft.server.rpcslowness.timeout = 120s (custom)
2019-07-15 13:54:01,508 INFO  server.RaftServerConfigKeys (ConfUtils.java:logGet(43)) - raft.server.sleep.deviation.threshold = 300 (default)
2019-07-15 13:54:01,509 INFO  server.RaftServerConfigKeys (ConfUtils.java:logGet(43)) - raft.server.log.appender.install.snapshot.enabled = false (custom)
2019-07-15 13:54:01,509 INFO  impl.RaftServerImpl (ServerState.java:<init>(105)) - a287c7fb-b8c0-4ae6-bb67-c358d10a08ae:group-8A6F1AD1D7A1 ConfigurationManager, init=-1: [a287c7fb-b8c0-4ae6-bb67-c358d10a08ae:192.168.157.240:35243], old=null, confs=<EMPTY_MAP>
2019-07-15 13:54:01,509 INFO  server.RaftServerConfigKeys (ConfUtils.java:logGet(43)) - raft.server.storage.dir = [/workdir/hadoop-ozone/integration-test/target/test-dir/MiniOzoneClusterImpl-7e5209a1-d222-4590-9047-fbd607b1adce/datanode-0/data/ratis] (custom)
2019-07-15 13:54:01,509 INFO  storage.RaftStorageDirectory (RaftStorageDirectory.java:analyzeStorage(246)) - The storage directory /workdir/hadoop-ozone/integration-test/target/test-dir/MiniOzoneClusterImpl-7e5209a1-d222-4590-9047-fbd607b1adce/datanode-0/data/ratis/88862086-0ca2-447e-b5fb-8a6f1ad1d7a1 does not exist. Creating ...
2019-07-15 13:54:01,523 INFO  storage.RaftStorageDirectory (RaftStorageDirectory.java:tryLock(328)) - Lock on /workdir/hadoop-ozone/integration-test/target/test-dir/MiniOzoneClusterImpl-7e5209a1-d222-4590-9047-fbd607b1adce/datanode-0/data/ratis/88862086-0ca2-447e-b5fb-8a6f1ad1d7a1/in_use.lock acquired by nodename 27196@trunk-nightly-hvlc9-701369690
2019-07-15 13:54:01,536 INFO  storage.RaftStorage (RaftStorage.java:format(72)) - Storage directory /workdir/hadoop-ozone/integration-test/target/test-dir/MiniOzoneClusterImpl-7e5209a1-d222-4590-9047-fbd607b1adce/datanode-0/data/ratis/88862086-0ca2-447e-b5fb-8a6f1ad1d7a1 has been successfully formatted.
2019-07-15 13:54:01,536 INFO  ratis.ContainerStateMachine (ContainerStateMachine.java:loadSnapshot(200)) - group-8A6F1AD1D7A1: The snapshot info is null. Setting the last applied indexto:(t:0, i:~)
2019-07-15 13:54:01,537 INFO  server.RaftServerConfigKeys (ConfUtils.java:logGet(43)) - raft.server.leader.election.timeout = 120s (custom)
2019-07-15 13:54:01,537 INFO  server.RaftServerConfigKeys (ConfUtils.java:logGet(43)) - raft.server.log.use.memory = false (default)
2019-07-15 13:54:01,537 INFO  server.RaftServerConfigKeys (ConfUtils.java:logGet(43)) - raft.server.log.purge.gap = 1000000000 (custom)
2019-07-15 13:54:01,537 INFO  server.RaftServerConfigKeys (ConfUtils.java:logGet(43)) - raft.server.log.appender.buffer.byte-limit = 33554432 (custom)
2019-07-15 13:54:01,537 INFO  server.RaftServerConfigKeys (ConfUtils.java:logGet(43)) - raft.server.log.segment.size.max = 1048576 (custom)
2019-07-15 13:54:01,537 INFO  server.RaftServerConfigKeys (ConfUtils.java:logGet(43)) - raft.server.log.segment.cache.num.max = 2 (custom)
2019-07-15 13:54:01,538 INFO  segmented.SegmentedRaftLogWorker (SegmentedRaftLogWorker.java:<init>(172)) - new a287c7fb-b8c0-4ae6-bb67-c358d10a08ae-SegmentedRaftLogWorker:Storage Directory /workdir/hadoop-ozone/integration-test/target/test-dir/MiniOzoneClusterImpl-7e5209a1-d222-4590-9047-fbd607b1adce/datanode-0/data/ratis/88862086-0ca2-447e-b5fb-8a6f1ad1d7a1 for RaftStorage:Storage Directory /workdir/hadoop-ozone/integration-test/target/test-dir/MiniOzoneClusterImpl-7e5209a1-d222-4590-9047-fbd607b1adce/datanode-0/data/ratis/88862086-0ca2-447e-b5fb-8a6f1ad1d7a1
2019-07-15 13:54:01,538 INFO  server.RaftServerConfigKeys (ConfUtils.java:logGet(43)) - raft.server.log.queue.byte-limit = 2147483647 (custom)
2019-07-15 13:54:01,538 INFO  server.RaftServerConfigKeys (ConfUtils.java:logGet(43)) - raft.server.log.queue.element-limit = 1024 (custom)
2019-07-15 13:54:01,538 INFO  server.RaftServerConfigKeys (ConfUtils.java:logGet(43)) - raft.server.log.segment.size.max = 1048576 (custom)
2019-07-15 13:54:01,539 INFO  server.RaftServerConfigKeys (ConfUtils.java:logGet(43)) - raft.server.log.preallocated.size = 16384 (custom)
2019-07-15 13:54:01,539 INFO  server.RaftServerConfigKeys (ConfUtils.java:logGet(43)) - raft.server.log.write.buffer.size = 33554432 (custom)
2019-07-15 13:54:01,539 INFO  server.RaftServerConfigKeys (ConfUtils.java:logGet(43)) - raft.server.log.force.sync.num = 128 (default)
2019-07-15 13:54:01,539 INFO  server.RaftServerConfigKeys (ConfUtils.java:logGet(43)) - raft.server.log.statemachine.data.sync = true (default)
2019-07-15 13:54:01,539 INFO  server.RaftServerConfigKeys (ConfUtils.java:logGet(43)) - raft.server.log.statemachine.data.sync.timeout = 10s (default)
2019-07-15 13:54:01,539 INFO  server.RaftServerConfigKeys (ConfUtils.java:logGet(43)) - raft.server.log.statemachine.data.sync.timeout.retry = -1 (default)
2019-07-15 13:54:01,540 INFO  server.RaftServerConfigKeys (ConfUtils.java:logGet(43)) - raft.server.log.statemachine.data.caching.enabled = true (custom)
2019-07-15 13:54:01,540 INFO  segmented.SegmentedRaftLogWorker (SegmentedRaftLogWorker.java:lambda$new$0(132)) - a287c7fb-b8c0-4ae6-bb67-c358d10a08ae-SegmentedRaftLogWorker:Storage Directory /workdir/hadoop-ozone/integration-test/target/test-dir/MiniOzoneClusterImpl-7e5209a1-d222-4590-9047-fbd607b1adce/datanode-0/data/ratis/88862086-0ca2-447e-b5fb-8a6f1ad1d7a1: flushIndex: setUnconditionally 0 -> -1
2019-07-15 13:54:01,541 INFO  server.RaftServerConfigKeys (ConfUtils.java:logGet(43)) - raft.server.snapshot.auto.trigger.enabled = true (custom)
2019-07-15 13:54:01,541 INFO  server.RaftServerConfigKeys (ConfUtils.java:logGet(43)) - raft.server.snapshot.auto.trigger.threshold = 10000 (custom)
2019-07-15 13:54:01,541 INFO  server.RaftServerConfigKeys (ConfUtils.java:logGet(43)) - raft.server.retrycache.expirytime = 600000ms (custom)
2019-07-15 13:54:01,541 INFO  impl.RaftServerImpl (RaftServerImpl.java:start(180)) - a287c7fb-b8c0-4ae6-bb67-c358d10a08ae: start group-8A6F1AD1D7A1
2019-07-15 13:54:01,542 INFO  impl.RaftServerImpl (RaftServerImpl.java:setRole(171)) - a287c7fb-b8c0-4ae6-bb67-c358d10a08ae:group-8A6F1AD1D7A1 changes role from null to FOLLOWER at term 0 for startAsFollower
2019-07-15 13:54:01,542 INFO  impl.RoleInfo (RoleInfo.java:updateAndGet(143)) - a287c7fb-b8c0-4ae6-bb67-c358d10a08ae: start FollowerState
2019-07-15 13:54:01,543 INFO  util.JmxRegister (JmxRegister.java:tryRegister(44)) - Successfully registered JMX Bean with object name Ratis:service=RaftServer,group=group-8A6F1AD1D7A1,id=a287c7fb-b8c0-4ae6-bb67-c358d10a08ae
2019-07-15 13:54:01,546 INFO  pipeline.PipelineStateManager (PipelineStateManager.java:addPipeline(56)) - Created pipeline Pipeline[ Id: 88862086-0ca2-447e-b5fb-8a6f1ad1d7a1, Nodes: a287c7fb-b8c0-4ae6-bb67-c358d10a08ae{ip: 192.168.157.240, host: trunk-nightly-hvlc9-701369690, networkLocation: /default-rack, certSerialId: null}, Type:RATIS, Factor:ONE, State:OPEN]
2019-07-15 13:54:01,643 INFO  node.SCMNodeManager (SCMNodeManager.java:register(269)) - Registered Data node : 8c0cbd76-3700-45b1-b307-949b240ad955{ip: 192.168.157.240, host: trunk-nightly-hvlc9-701369690, networkLocation: /default-rack, certSerialId: null}
2019-07-15 13:54:01,650 INFO  impl.RaftServerProxy (RaftServerProxy.java:addNew(89)) - 8c0cbd76-3700-45b1-b307-949b240ad955: addNew group-9FC141D293D5:[8c0cbd76-3700-45b1-b307-949b240ad955:192.168.157.240:42920] returns group-9FC141D293D5:java.util.concurrent.CompletableFuture@435b4258[Not completed]
2019-07-15 13:54:01,651 INFO  impl.RaftServerImpl (RaftServerImpl.java:<init>(93)) - 8c0cbd76-3700-45b1-b307-949b240ad955: new RaftServerImpl for group-9FC141D293D5:[8c0cbd76-3700-45b1-b307-949b240ad955:192.168.157.240:42920] with ContainerStateMachine:uninitialized
2019-07-15 13:54:01,651 INFO  server.RaftServerConfigKeys (ConfUtils.java:logGet(43)) - raft.server.rpc.timeout.min = 5s (custom)
2019-07-15 13:54:01,651 INFO  server.RaftServerConfigKeys (ConfUtils.java:logGet(43)) - raft.server.rpc.timeout.max = 5200ms (custom)
2019-07-15 13:54:01,651 INFO  server.RaftServerConfigKeys (ConfUtils.java:logGet(43)) - raft.server.rpcslowness.timeout = 120s (custom)
2019-07-15 13:54:01,651 INFO  server.RaftServerConfigKeys (ConfUtils.java:logGet(43)) - raft.server.sleep.deviation.threshold = 300 (default)
2019-07-15 13:54:01,651 INFO  server.RaftServerConfigKeys (ConfUtils.java:logGet(43)) - raft.server.log.appender.install.snapshot.enabled = false (custom)
2019-07-15 13:54:01,651 INFO  impl.RaftServerImpl (ServerState.java:<init>(105)) - 8c0cbd76-3700-45b1-b307-949b240ad955:group-9FC141D293D5 ConfigurationManager, init=-1: [8c0cbd76-3700-45b1-b307-949b240ad955:192.168.157.240:42920], old=null, confs=<EMPTY_MAP>
2019-07-15 13:54:01,652 INFO  server.RaftServerConfigKeys (ConfUtils.java:logGet(43)) - raft.server.storage.dir = [/workdir/hadoop-ozone/integration-test/target/test-dir/MiniOzoneClusterImpl-7e5209a1-d222-4590-9047-fbd607b1adce/datanode-1/data/ratis] (custom)
2019-07-15 13:54:01,652 INFO  storage.RaftStorageDirectory (RaftStorageDirectory.java:analyzeStorage(246)) - The storage directory /workdir/hadoop-ozone/integration-test/target/test-dir/MiniOzoneClusterImpl-7e5209a1-d222-4590-9047-fbd607b1adce/datanode-1/data/ratis/ee65608d-c0cf-413d-96bc-9fc141d293d5 does not exist. Creating ...
2019-07-15 13:54:01,674 INFO  storage.RaftStorageDirectory (RaftStorageDirectory.java:tryLock(328)) - Lock on /workdir/hadoop-ozone/integration-test/target/test-dir/MiniOzoneClusterImpl-7e5209a1-d222-4590-9047-fbd607b1adce/datanode-1/data/ratis/ee65608d-c0cf-413d-96bc-9fc141d293d5/in_use.lock acquired by nodename 27196@trunk-nightly-hvlc9-701369690
2019-07-15 13:54:01,686 INFO  storage.RaftStorage (RaftStorage.java:format(72)) - Storage directory /workdir/hadoop-ozone/integration-test/target/test-dir/MiniOzoneClusterImpl-7e5209a1-d222-4590-9047-fbd607b1adce/datanode-1/data/ratis/ee65608d-c0cf-413d-96bc-9fc141d293d5 has been successfully formatted.
2019-07-15 13:54:01,687 INFO  ratis.ContainerStateMachine (ContainerStateMachine.java:loadSnapshot(200)) - group-9FC141D293D5: The snapshot info is null. Setting the last applied indexto:(t:0, i:~)
2019-07-15 13:54:01,687 INFO  server.RaftServerConfigKeys (ConfUtils.java:logGet(43)) - raft.server.leader.election.timeout = 120s (custom)
2019-07-15 13:54:01,687 INFO  server.RaftServerConfigKeys (ConfUtils.java:logGet(43)) - raft.server.log.use.memory = false (default)
2019-07-15 13:54:01,687 INFO  server.RaftServerConfigKeys (ConfUtils.java:logGet(43)) - raft.server.log.purge.gap = 1000000000 (custom)
2019-07-15 13:54:01,687 INFO  server.RaftServerConfigKeys (ConfUtils.java:logGet(43)) - raft.server.log.appender.buffer.byte-limit = 33554432 (custom)
2019-07-15 13:54:01,687 INFO  server.RaftServerConfigKeys (ConfUtils.java:logGet(43)) - raft.server.log.segment.size.max = 1048576 (custom)
2019-07-15 13:54:01,688 INFO  server.RaftServerConfigKeys (ConfUtils.java:logGet(43)) - raft.server.log.segment.cache.num.max = 2 (custom)
2019-07-15 13:54:01,688 INFO  segmented.SegmentedRaftLogWorker (SegmentedRaftLogWorker.java:<init>(172)) - new 8c0cbd76-3700-45b1-b307-949b240ad955-SegmentedRaftLogWorker:Storage Directory /workdir/hadoop-ozone/integration-test/target/test-dir/MiniOzoneClusterImpl-7e5209a1-d222-4590-9047-fbd607b1adce/datanode-1/data/ratis/ee65608d-c0cf-413d-96bc-9fc141d293d5 for RaftStorage:Storage Directory /workdir/hadoop-ozone/integration-test/target/test-dir/MiniOzoneClusterImpl-7e5209a1-d222-4590-9047-fbd607b1adce/datanode-1/data/ratis/ee65608d-c0cf-413d-96bc-9fc141d293d5
2019-07-15 13:54:01,688 INFO  server.RaftServerConfigKeys (ConfUtils.java:logGet(43)) - raft.server.log.queue.byte-limit = 2147483647 (custom)
2019-07-15 13:54:01,688 INFO  server.RaftServerConfigKeys (ConfUtils.java:logGet(43)) - raft.server.log.queue.element-limit = 1024 (custom)
2019-07-15 13:54:01,688 INFO  server.RaftServerConfigKeys (ConfUtils.java:logGet(43)) - raft.server.log.segment.size.max = 1048576 (custom)
2019-07-15 13:54:01,688 INFO  server.RaftServerConfigKeys (ConfUtils.java:logGet(43)) - raft.server.log.preallocated.size = 16384 (custom)
2019-07-15 13:54:01,689 INFO  server.RaftServerConfigKeys (ConfUtils.java:logGet(43)) - raft.server.log.write.buffer.size = 33554432 (custom)
2019-07-15 13:54:01,689 INFO  server.RaftServerConfigKeys (ConfUtils.java:logGet(43)) - raft.server.log.force.sync.num = 128 (default)
2019-07-15 13:54:01,689 INFO  server.RaftServerConfigKeys (ConfUtils.java:logGet(43)) - raft.server.log.statemachine.data.sync = true (default)
2019-07-15 13:54:01,689 INFO  server.RaftServerConfigKeys (ConfUtils.java:logGet(43)) - raft.server.log.statemachine.data.sync.timeout = 10s (default)
2019-07-15 13:54:01,689 INFO  server.RaftServerConfigKeys (ConfUtils.java:logGet(43)) - raft.server.log.statemachine.data.sync.timeout.retry = -1 (default)
2019-07-15 13:54:01,689 INFO  server.RaftServerConfigKeys (ConfUtils.java:logGet(43)) - raft.server.log.statemachine.data.caching.enabled = true (custom)
2019-07-15 13:54:01,690 INFO  segmented.SegmentedRaftLogWorker (SegmentedRaftLogWorker.java:lambda$new$0(132)) - 8c0cbd76-3700-45b1-b307-949b240ad955-SegmentedRaftLogWorker:Storage Directory /workdir/hadoop-ozone/integration-test/target/test-dir/MiniOzoneClusterImpl-7e5209a1-d222-4590-9047-fbd607b1adce/datanode-1/data/ratis/ee65608d-c0cf-413d-96bc-9fc141d293d5: flushIndex: setUnconditionally 0 -> -1
2019-07-15 13:54:01,690 INFO  server.RaftServerConfigKeys (ConfUtils.java:logGet(43)) - raft.server.snapshot.auto.trigger.enabled = true (custom)
2019-07-15 13:54:01,690 INFO  server.RaftServerConfigKeys (ConfUtils.java:logGet(43)) - raft.server.snapshot.auto.trigger.threshold = 10000 (custom)
2019-07-15 13:54:01,690 INFO  server.RaftServerConfigKeys (ConfUtils.java:logGet(43)) - raft.server.retrycache.expirytime = 600000ms (custom)
2019-07-15 13:54:01,690 INFO  impl.RaftServerImpl (RaftServerImpl.java:start(180)) - 8c0cbd76-3700-45b1-b307-949b240ad955: start group-9FC141D293D5
2019-07-15 13:54:01,691 INFO  impl.RaftServerImpl (RaftServerImpl.java:setRole(171)) - 8c0cbd76-3700-45b1-b307-949b240ad955:group-9FC141D293D5 changes role from null to FOLLOWER at term 0 for startAsFollower
2019-07-15 13:54:01,691 INFO  impl.RoleInfo (RoleInfo.java:updateAndGet(143)) - 8c0cbd76-3700-45b1-b307-949b240ad955: start FollowerState
2019-07-15 13:54:01,691 INFO  util.JmxRegister (JmxRegister.java:tryRegister(44)) - Successfully registered JMX Bean with object name Ratis:service=RaftServer,group=group-9FC141D293D5,id=8c0cbd76-3700-45b1-b307-949b240ad955
2019-07-15 13:54:01,693 INFO  pipeline.PipelineStateManager (PipelineStateManager.java:addPipeline(56)) - Created pipeline Pipeline[ Id: ee65608d-c0cf-413d-96bc-9fc141d293d5, Nodes: 8c0cbd76-3700-45b1-b307-949b240ad955{ip: 192.168.157.240, host: trunk-nightly-hvlc9-701369690, networkLocation: /default-rack, certSerialId: null}, Type:RATIS, Factor:ONE, State:OPEN]
2019-07-15 13:54:01,719 INFO  ozone.MiniOzoneClusterImpl (MiniOzoneClusterImpl.java:lambda$waitForClusterToBeReady$0(142)) - Waiting for cluster to be ready. Got 2 of 7 DN Heartbeats.
2019-07-15 13:54:01,819 INFO  node.SCMNodeManager (SCMNodeManager.java:register(269)) - Registered Data node : 3a7ce56e-4358-4ca5-ad70-62b7546f7b91{ip: 192.168.157.240, host: trunk-nightly-hvlc9-701369690, networkLocation: /default-rack, certSerialId: null}
2019-07-15 13:54:01,826 INFO  impl.RaftServerProxy (RaftServerProxy.java:addNew(89)) - 3a7ce56e-4358-4ca5-ad70-62b7546f7b91: addNew group-5A8A0921842D:[3a7ce56e-4358-4ca5-ad70-62b7546f7b91:192.168.157.240:37180] returns group-5A8A0921842D:java.util.concurrent.CompletableFuture@4388ef71[Not completed]
2019-07-15 13:54:01,827 INFO  impl.RaftServerImpl (RaftServerImpl.java:<init>(93)) - 3a7ce56e-4358-4ca5-ad70-62b7546f7b91: new RaftServerImpl for group-5A8A0921842D:[3a7ce56e-4358-4ca5-ad70-62b7546f7b91:192.168.157.240:37180] with ContainerStateMachine:uninitialized
2019-07-15 13:54:01,827 INFO  server.RaftServerConfigKeys (ConfUtils.java:logGet(43)) - raft.server.rpc.timeout.min = 5s (custom)
2019-07-15 13:54:01,827 INFO  server.RaftServerConfigKeys (ConfUtils.java:logGet(43)) - raft.server.rpc.timeout.max = 5200ms (custom)
2019-07-15 13:54:01,827 INFO  server.RaftServerConfigKeys (ConfUtils.java:logGet(43)) - raft.server.rpcslowness.timeout = 120s (custom)
2019-07-15 13:54:01,827 INFO  server.RaftServerConfigKeys (ConfUtils.java:logGet(43)) - raft.server.sleep.deviation.threshold = 300 (default)
2019-07-15 13:54:01,827 INFO  server.RaftServerConfigKeys (ConfUtils.java:logGet(43)) - raft.server.log.appender.install.snapshot.enabled = false (custom)
2019-07-15 13:54:01,827 INFO  impl.RaftServerImpl (ServerState.java:<init>(105)) - 3a7ce56e-4358-4ca5-ad70-62b7546f7b91:group-5A8A0921842D ConfigurationManager, init=-1: [3a7ce56e-4358-4ca5-ad70-62b7546f7b91:192.168.157.240:37180], old=null, confs=<EMPTY_MAP>
2019-07-15 13:54:01,828 INFO  server.RaftServerConfigKeys (ConfUtils.java:logGet(43)) - raft.server.storage.dir = [/workdir/hadoop-ozone/integration-test/target/test-dir/MiniOzoneClusterImpl-7e5209a1-d222-4590-9047-fbd607b1adce/datanode-2/data/ratis] (custom)
2019-07-15 13:54:01,828 INFO  storage.RaftStorageDirectory (RaftStorageDirectory.java:analyzeStorage(246)) - The storage directory /workdir/hadoop-ozone/integration-test/target/test-dir/MiniOzoneClusterImpl-7e5209a1-d222-4590-9047-fbd607b1adce/datanode-2/data/ratis/ac4e4380-0a10-4506-8284-5a8a0921842d does not exist. Creating ...
2019-07-15 13:54:01,841 INFO  storage.RaftStorageDirectory (RaftStorageDirectory.java:tryLock(328)) - Lock on /workdir/hadoop-ozone/integration-test/target/test-dir/MiniOzoneClusterImpl-7e5209a1-d222-4590-9047-fbd607b1adce/datanode-2/data/ratis/ac4e4380-0a10-4506-8284-5a8a0921842d/in_use.lock acquired by nodename 27196@trunk-nightly-hvlc9-701369690
2019-07-15 13:54:01,863 INFO  storage.RaftStorage (RaftStorage.java:format(72)) - Storage directory /workdir/hadoop-ozone/integration-test/target/test-dir/MiniOzoneClusterImpl-7e5209a1-d222-4590-9047-fbd607b1adce/datanode-2/data/ratis/ac4e4380-0a10-4506-8284-5a8a0921842d has been successfully formatted.
2019-07-15 13:54:01,863 INFO  ratis.ContainerStateMachine (ContainerStateMachine.java:loadSnapshot(200)) - group-5A8A0921842D: The snapshot info is null. Setting the last applied indexto:(t:0, i:~)
2019-07-15 13:54:01,863 INFO  server.RaftServerConfigKeys (ConfUtils.java:logGet(43)) - raft.server.leader.election.timeout = 120s (custom)
2019-07-15 13:54:01,863 INFO  server.RaftServerConfigKeys (ConfUtils.java:logGet(43)) - raft.server.log.use.memory = false (default)
2019-07-15 13:54:01,864 INFO  server.RaftServerConfigKeys (ConfUtils.java:logGet(43)) - raft.server.log.purge.gap = 1000000000 (custom)
2019-07-15 13:54:01,864 INFO  server.RaftServerConfigKeys (ConfUtils.java:logGet(43)) - raft.server.log.appender.buffer.byte-limit = 33554432 (custom)
2019-07-15 13:54:01,864 INFO  server.RaftServerConfigKeys (ConfUtils.java:logGet(43)) - raft.server.log.segment.size.max = 1048576 (custom)
2019-07-15 13:54:01,864 INFO  server.RaftServerConfigKeys (ConfUtils.java:logGet(43)) - raft.server.log.segment.cache.num.max = 2 (custom)
2019-07-15 13:54:01,864 INFO  segmented.SegmentedRaftLogWorker (SegmentedRaftLogWorker.java:<init>(172)) - new 3a7ce56e-4358-4ca5-ad70-62b7546f7b91-SegmentedRaftLogWorker:Storage Directory /workdir/hadoop-ozone/integration-test/target/test-dir/MiniOzoneClusterImpl-7e5209a1-d222-4590-9047-fbd607b1adce/datanode-2/data/ratis/ac4e4380-0a10-4506-8284-5a8a0921842d for RaftStorage:Storage Directory /workdir/hadoop-ozone/integration-test/target/test-dir/MiniOzoneClusterImpl-7e5209a1-d222-4590-9047-fbd607b1adce/datanode-2/data/ratis/ac4e4380-0a10-4506-8284-5a8a0921842d
2019-07-15 13:54:01,864 INFO  server.RaftServerConfigKeys (ConfUtils.java:logGet(43)) - raft.server.log.queue.byte-limit = 2147483647 (custom)
2019-07-15 13:54:01,864 INFO  server.RaftServerConfigKeys (ConfUtils.java:logGet(43)) - raft.server.log.queue.element-limit = 1024 (custom)
2019-07-15 13:54:01,865 INFO  server.RaftServerConfigKeys (ConfUtils.java:logGet(43)) - raft.server.log.segment.size.max = 1048576 (custom)
2019-07-15 13:54:01,865 INFO  server.RaftServerConfigKeys (ConfUtils.java:logGet(43)) - raft.server.log.preallocated.size = 16384 (custom)
2019-07-15 13:54:01,865 INFO  server.RaftServerConfigKeys (ConfUtils.java:logGet(43)) - raft.server.log.write.buffer.size = 33554432 (custom)
2019-07-15 13:54:01,865 INFO  server.RaftServerConfigKeys (ConfUtils.java:logGet(43)) - raft.server.log.force.sync.num = 128 (default)
2019-07-15 13:54:01,865 INFO  server.RaftServerConfigKeys (ConfUtils.java:logGet(43)) - raft.server.log.statemachine.data.sync = true (default)
2019-07-15 13:54:01,865 INFO  server.RaftServerConfigKeys (ConfUtils.java:logGet(43)) - raft.server.log.statemachine.data.sync.timeout = 10s (default)
2019-07-15 13:54:01,866 INFO  server.RaftServerConfigKeys (ConfUtils.java:logGet(43)) - raft.server.log.statemachine.data.sync.timeout.retry = -1 (default)
2019-07-15 13:54:01,866 INFO  server.RaftServerConfigKeys (ConfUtils.java:logGet(43)) - raft.server.log.statemachine.data.caching.enabled = true (custom)
2019-07-15 13:54:01,866 INFO  segmented.SegmentedRaftLogWorker (SegmentedRaftLogWorker.java:lambda$new$0(132)) - 3a7ce56e-4358-4ca5-ad70-62b7546f7b91-SegmentedRaftLogWorker:Storage Directory /workdir/hadoop-ozone/integration-test/target/test-dir/MiniOzoneClusterImpl-7e5209a1-d222-4590-9047-fbd607b1adce/datanode-2/data/ratis/ac4e4380-0a10-4506-8284-5a8a0921842d: flushIndex: setUnconditionally 0 -> -1
2019-07-15 13:54:01,867 INFO  server.RaftServerConfigKeys (ConfUtils.java:logGet(43)) - raft.server.snapshot.auto.trigger.enabled = true (custom)
2019-07-15 13:54:01,867 INFO  server.RaftServerConfigKeys (ConfUtils.java:logGet(43)) - raft.server.snapshot.auto.trigger.threshold = 10000 (custom)
2019-07-15 13:54:01,867 INFO  server.RaftServerConfigKeys (ConfUtils.java:logGet(43)) - raft.server.retrycache.expirytime = 600000ms (custom)
2019-07-15 13:54:01,867 INFO  impl.RaftServerImpl (RaftServerImpl.java:start(180)) - 3a7ce56e-4358-4ca5-ad70-62b7546f7b91: start group-5A8A0921842D
2019-07-15 13:54:01,867 INFO  impl.RaftServerImpl (RaftServerImpl.java:setRole(171)) - 3a7ce56e-4358-4ca5-ad70-62b7546f7b91:group-5A8A0921842D changes role from null to FOLLOWER at term 0 for startAsFollower
2019-07-15 13:54:01,867 INFO  impl.RoleInfo (RoleInfo.java:updateAndGet(143)) - 3a7ce56e-4358-4ca5-ad70-62b7546f7b91: start FollowerState
2019-07-15 13:54:01,868 INFO  util.JmxRegister (JmxRegister.java:tryRegister(44)) - Successfully registered JMX Bean with object name Ratis:service=RaftServer,group=group-5A8A0921842D,id=3a7ce56e-4358-4ca5-ad70-62b7546f7b91
2019-07-15 13:54:01,869 INFO  pipeline.PipelineStateManager (PipelineStateManager.java:addPipeline(56)) - Created pipeline Pipeline[ Id: ac4e4380-0a10-4506-8284-5a8a0921842d, Nodes: 3a7ce56e-4358-4ca5-ad70-62b7546f7b91{ip: 192.168.157.240, host: trunk-nightly-hvlc9-701369690, networkLocation: /default-rack, certSerialId: null}, Type:RATIS, Factor:ONE, State:OPEN]
2019-07-15 13:54:01,891 INFO  impl.RaftServerProxy (RaftServerProxy.java:addNew(89)) - 3a7ce56e-4358-4ca5-ad70-62b7546f7b91: addNew group-2EFE8318631E:[a287c7fb-b8c0-4ae6-bb67-c358d10a08ae:192.168.157.240:35243, 3a7ce56e-4358-4ca5-ad70-62b7546f7b91:192.168.157.240:37180, 8c0cbd76-3700-45b1-b307-949b240ad955:192.168.157.240:42920] returns group-2EFE8318631E:java.util.concurrent.CompletableFuture@2085eb76[Not completed]
2019-07-15 13:54:01,891 INFO  impl.RaftServerProxy (RaftServerProxy.java:addNew(89)) - 8c0cbd76-3700-45b1-b307-949b240ad955: addNew group-2EFE8318631E:[a287c7fb-b8c0-4ae6-bb67-c358d10a08ae:192.168.157.240:35243, 3a7ce56e-4358-4ca5-ad70-62b7546f7b91:192.168.157.240:37180, 8c0cbd76-3700-45b1-b307-949b240ad955:192.168.157.240:42920] returns group-2EFE8318631E:java.util.concurrent.CompletableFuture@1424261e[Not completed]
2019-07-15 13:54:01,891 INFO  impl.RaftServerProxy (RaftServerProxy.java:addNew(89)) - a287c7fb-b8c0-4ae6-bb67-c358d10a08ae: addNew group-2EFE8318631E:[a287c7fb-b8c0-4ae6-bb67-c358d10a08ae:192.168.157.240:35243, 3a7ce56e-4358-4ca5-ad70-62b7546f7b91:192.168.157.240:37180, 8c0cbd76-3700-45b1-b307-949b240ad955:192.168.157.240:42920] returns group-2EFE8318631E:java.util.concurrent.CompletableFuture@367216e3[Not completed]
2019-07-15 13:54:01,892 INFO  impl.RaftServerImpl (RaftServerImpl.java:<init>(93)) - 3a7ce56e-4358-4ca5-ad70-62b7546f7b91: new RaftServerImpl for group-2EFE8318631E:[a287c7fb-b8c0-4ae6-bb67-c358d10a08ae:192.168.157.240:35243, 3a7ce56e-4358-4ca5-ad70-62b7546f7b91:192.168.157.240:37180, 8c0cbd76-3700-45b1-b307-949b240ad955:192.168.157.240:42920] with ContainerStateMachine:uninitialized
2019-07-15 13:54:01,892 INFO  server.RaftServerConfigKeys (ConfUtils.java:logGet(43)) - raft.server.rpc.timeout.min = 5s (custom)
2019-07-15 13:54:01,892 INFO  server.RaftServerConfigKeys (ConfUtils.java:logGet(43)) - raft.server.rpc.timeout.max = 5200ms (custom)
2019-07-15 13:54:01,892 INFO  server.RaftServerConfigKeys (ConfUtils.java:logGet(43)) - raft.server.rpcslowness.timeout = 120s (custom)
2019-07-15 13:54:01,892 INFO  impl.RaftServerImpl (RaftServerImpl.java:<init>(93)) - 8c0cbd76-3700-45b1-b307-949b240ad955: new RaftServerImpl for group-2EFE8318631E:[a287c7fb-b8c0-4ae6-bb67-c358d10a08ae:192.168.157.240:35243, 3a7ce56e-4358-4ca5-ad70-62b7546f7b91:192.168.157.240:37180, 8c0cbd76-3700-45b1-b307-949b240ad955:192.168.157.240:42920] with ContainerStateMachine:uninitialized
2019-07-15 13:54:01,892 INFO  server.RaftServerConfigKeys (ConfUtils.java:logGet(43)) - raft.server.sleep.deviation.threshold = 300 (default)
2019-07-15 13:54:01,892 INFO  server.RaftServerConfigKeys (ConfUtils.java:logGet(43)) - raft.server.rpc.timeout.min = 5s (custom)
2019-07-15 13:54:01,892 INFO  impl.RaftServerImpl (RaftServerImpl.java:<init>(93)) - a287c7fb-b8c0-4ae6-bb67-c358d10a08ae: new RaftServerImpl for group-2EFE8318631E:[a287c7fb-b8c0-4ae6-bb67-c358d10a08ae:192.168.157.240:35243, 3a7ce56e-4358-4ca5-ad70-62b7546f7b91:192.168.157.240:37180, 8c0cbd76-3700-45b1-b307-949b240ad955:192.168.157.240:42920] with ContainerStateMachine:uninitialized
2019-07-15 13:54:01,892 INFO  server.RaftServerConfigKeys (ConfUtils.java:logGet(43)) - raft.server.log.appender.install.snapshot.enabled = false (custom)
2019-07-15 13:54:01,893 INFO  server.RaftServerConfigKeys (ConfUtils.java:logGet(43)) - raft.server.rpc.timeout.min = 5s (custom)
2019-07-15 13:54:01,893 INFO  server.RaftServerConfigKeys (ConfUtils.java:logGet(43)) - raft.server.rpc.timeout.max = 5200ms (custom)
2019-07-15 13:54:01,893 INFO  server.RaftServerConfigKeys (ConfUtils.java:logGet(43)) - raft.server.rpc.timeout.max = 5200ms (custom)
2019-07-15 13:54:01,893 INFO  server.RaftServerConfigKeys (ConfUtils.java:logGet(43)) - raft.server.rpcslowness.timeout = 120s (custom)
2019-07-15 13:54:01,893 INFO  server.RaftServerConfigKeys (ConfUtils.java:logGet(43)) - raft.server.sleep.deviation.threshold = 300 (default)
2019-07-15 13:54:01,893 INFO  impl.RaftServerImpl (ServerState.java:<init>(105)) - 3a7ce56e-4358-4ca5-ad70-62b7546f7b91:group-2EFE8318631E ConfigurationManager, init=-1: [a287c7fb-b8c0-4ae6-bb67-c358d10a08ae:192.168.157.240:35243, 3a7ce56e-4358-4ca5-ad70-62b7546f7b91:192.168.157.240:37180, 8c0cbd76-3700-45b1-b307-949b240ad955:192.168.157.240:42920], old=null, confs=<EMPTY_MAP>
2019-07-15 13:54:01,893 INFO  server.RaftServerConfigKeys (ConfUtils.java:logGet(43)) - raft.server.log.appender.install.snapshot.enabled = false (custom)
2019-07-15 13:54:01,893 INFO  server.RaftServerConfigKeys (ConfUtils.java:logGet(43)) - raft.server.rpcslowness.timeout = 120s (custom)
2019-07-15 13:54:01,894 INFO  impl.RaftServerImpl (ServerState.java:<init>(105)) - a287c7fb-b8c0-4ae6-bb67-c358d10a08ae:group-2EFE8318631E ConfigurationManager, init=-1: [a287c7fb-b8c0-4ae6-bb67-c358d10a08ae:192.168.157.240:35243, 3a7ce56e-4358-4ca5-ad70-62b7546f7b91:192.168.157.240:37180, 8c0cbd76-3700-45b1-b307-949b240ad955:192.168.157.240:42920], old=null, confs=<EMPTY_MAP>
2019-07-15 13:54:01,894 INFO  server.RaftServerConfigKeys (ConfUtils.java:logGet(43)) - raft.server.storage.dir = [/workdir/hadoop-ozone/integration-test/target/test-dir/MiniOzoneClusterImpl-7e5209a1-d222-4590-9047-fbd607b1adce/datanode-2/data/ratis] (custom)
2019-07-15 13:54:01,894 INFO  server.RaftServerConfigKeys (ConfUtils.java:logGet(43)) - raft.server.storage.dir = [/workdir/hadoop-ozone/integration-test/target/test-dir/MiniOzoneClusterImpl-7e5209a1-d222-4590-9047-fbd607b1adce/datanode-0/data/ratis] (custom)
2019-07-15 13:54:01,894 INFO  server.RaftServerConfigKeys (ConfUtils.java:logGet(43)) - raft.server.sleep.deviation.threshold = 300 (default)
2019-07-15 13:54:01,895 INFO  storage.RaftStorageDirectory (RaftStorageDirectory.java:analyzeStorage(246)) - The storage directory /workdir/hadoop-ozone/integration-test/target/test-dir/MiniOzoneClusterImpl-7e5209a1-d222-4590-9047-fbd607b1adce/datanode-2/data/ratis/4f33c4ad-0cf5-434d-ab9c-2efe8318631e does not exist. Creating ...
2019-07-15 13:54:01,895 INFO  storage.RaftStorageDirectory (RaftStorageDirectory.java:analyzeStorage(246)) - The storage directory /workdir/hadoop-ozone/integration-test/target/test-dir/MiniOzoneClusterImpl-7e5209a1-d222-4590-9047-fbd607b1adce/datanode-0/data/ratis/4f33c4ad-0cf5-434d-ab9c-2efe8318631e does not exist. Creating ...
2019-07-15 13:54:01,895 INFO  server.RaftServerConfigKeys (ConfUtils.java:logGet(43)) - raft.server.log.appender.install.snapshot.enabled = false (custom)
2019-07-15 13:54:01,895 INFO  impl.RaftServerImpl (ServerState.java:<init>(105)) - 8c0cbd76-3700-45b1-b307-949b240ad955:group-2EFE8318631E ConfigurationManager, init=-1: [a287c7fb-b8c0-4ae6-bb67-c358d10a08ae:192.168.157.240:35243, 3a7ce56e-4358-4ca5-ad70-62b7546f7b91:192.168.157.240:37180, 8c0cbd76-3700-45b1-b307-949b240ad955:192.168.157.240:42920], old=null, confs=<EMPTY_MAP>
2019-07-15 13:54:01,895 INFO  server.RaftServerConfigKeys (ConfUtils.java:logGet(43)) - raft.server.storage.dir = [/workdir/hadoop-ozone/integration-test/target/test-dir/MiniOzoneClusterImpl-7e5209a1-d222-4590-9047-fbd607b1adce/datanode-1/data/ratis] (custom)
2019-07-15 13:54:01,896 INFO  storage.RaftStorageDirectory (RaftStorageDirectory.java:analyzeStorage(246)) - The storage directory /workdir/hadoop-ozone/integration-test/target/test-dir/MiniOzoneClusterImpl-7e5209a1-d222-4590-9047-fbd607b1adce/datanode-1/data/ratis/4f33c4ad-0cf5-434d-ab9c-2efe8318631e does not exist. Creating ...
2019-07-15 13:54:01,908 INFO  storage.RaftStorageDirectory (RaftStorageDirectory.java:tryLock(328)) - Lock on /workdir/hadoop-ozone/integration-test/target/test-dir/MiniOzoneClusterImpl-7e5209a1-d222-4590-9047-fbd607b1adce/datanode-1/data/ratis/4f33c4ad-0cf5-434d-ab9c-2efe8318631e/in_use.lock acquired by nodename 27196@trunk-nightly-hvlc9-701369690
2019-07-15 13:54:01,908 INFO  storage.RaftStorageDirectory (RaftStorageDirectory.java:tryLock(328)) - Lock on /workdir/hadoop-ozone/integration-test/target/test-dir/MiniOzoneClusterImpl-7e5209a1-d222-4590-9047-fbd607b1adce/datanode-0/data/ratis/4f33c4ad-0cf5-434d-ab9c-2efe8318631e/in_use.lock acquired by nodename 27196@trunk-nightly-hvlc9-701369690
2019-07-15 13:54:01,908 INFO  storage.RaftStorageDirectory (RaftStorageDirectory.java:tryLock(328)) - Lock on /workdir/hadoop-ozone/integration-test/target/test-dir/MiniOzoneClusterImpl-7e5209a1-d222-4590-9047-fbd607b1adce/datanode-2/data/ratis/4f33c4ad-0cf5-434d-ab9c-2efe8318631e/in_use.lock acquired by nodename 27196@trunk-nightly-hvlc9-701369690
2019-07-15 13:54:01,922 INFO  storage.RaftStorage (RaftStorage.java:format(72)) - Storage directory /workdir/hadoop-ozone/integration-test/target/test-dir/MiniOzoneClusterImpl-7e5209a1-d222-4590-9047-fbd607b1adce/datanode-2/data/ratis/4f33c4ad-0cf5-434d-ab9c-2efe8318631e has been successfully formatted.
2019-07-15 13:54:01,922 INFO  storage.RaftStorage (RaftStorage.java:format(72)) - Storage directory /workdir/hadoop-ozone/integration-test/target/test-dir/MiniOzoneClusterImpl-7e5209a1-d222-4590-9047-fbd607b1adce/datanode-0/data/ratis/4f33c4ad-0cf5-434d-ab9c-2efe8318631e has been successfully formatted.
2019-07-15 13:54:01,922 INFO  storage.RaftStorage (RaftStorage.java:format(72)) - Storage directory /workdir/hadoop-ozone/integration-test/target/test-dir/MiniOzoneClusterImpl-7e5209a1-d222-4590-9047-fbd607b1adce/datanode-1/data/ratis/4f33c4ad-0cf5-434d-ab9c-2efe8318631e has been successfully formatted.
2019-07-15 13:54:01,922 INFO  ratis.ContainerStateMachine (ContainerStateMachine.java:loadSnapshot(200)) - group-2EFE8318631E: The snapshot info is null. Setting the last applied indexto:(t:0, i:~)
2019-07-15 13:54:01,922 INFO  ratis.ContainerStateMachine (ContainerStateMachine.java:loadSnapshot(200)) - group-2EFE8318631E: The snapshot info is null. Setting the last applied indexto:(t:0, i:~)
2019-07-15 13:54:01,923 INFO  server.RaftServerConfigKeys (ConfUtils.java:logGet(43)) - raft.server.leader.election.timeout = 120s (custom)
2019-07-15 13:54:01,922 INFO  ratis.ContainerStateMachine (ContainerStateMachine.java:loadSnapshot(200)) - group-2EFE8318631E: The snapshot info is null. Setting the last applied indexto:(t:0, i:~)
2019-07-15 13:54:01,923 INFO  server.RaftServerConfigKeys (ConfUtils.java:logGet(43)) - raft.server.log.use.memory = false (default)
2019-07-15 13:54:01,923 INFO  server.RaftServerConfigKeys (ConfUtils.java:logGet(43)) - raft.server.log.purge.gap = 1000000000 (custom)
2019-07-15 13:54:01,923 INFO  server.RaftServerConfigKeys (ConfUtils.java:logGet(43)) - raft.server.leader.election.timeout = 120s (custom)
2019-07-15 13:54:01,923 INFO  server.RaftServerConfigKeys (ConfUtils.java:logGet(43)) - raft.server.log.appender.buffer.byte-limit = 33554432 (custom)
2019-07-15 13:54:01,923 INFO  server.RaftServerConfigKeys (ConfUtils.java:logGet(43)) - raft.server.leader.election.timeout = 120s (custom)
2019-07-15 13:54:01,924 INFO  server.RaftServerConfigKeys (ConfUtils.java:logGet(43)) - raft.server.log.segment.size.max = 1048576 (custom)
2019-07-15 13:54:01,924 INFO  server.RaftServerConfigKeys (ConfUtils.java:logGet(43)) - raft.server.log.use.memory = false (default)
2019-07-15 13:54:01,924 INFO  server.RaftServerConfigKeys (ConfUtils.java:logGet(43)) - raft.server.log.segment.cache.num.max = 2 (custom)
2019-07-15 13:54:01,924 INFO  segmented.SegmentedRaftLogWorker (SegmentedRaftLogWorker.java:<init>(172)) - new a287c7fb-b8c0-4ae6-bb67-c358d10a08ae-SegmentedRaftLogWorker:Storage Directory /workdir/hadoop-ozone/integration-test/target/test-dir/MiniOzoneClusterImpl-7e5209a1-d222-4590-9047-fbd607b1adce/datanode-0/data/ratis/4f33c4ad-0cf5-434d-ab9c-2efe8318631e for RaftStorage:Storage Directory /workdir/hadoop-ozone/integration-test/target/test-dir/MiniOzoneClusterImpl-7e5209a1-d222-4590-9047-fbd607b1adce/datanode-0/data/ratis/4f33c4ad-0cf5-434d-ab9c-2efe8318631e
2019-07-15 13:54:01,924 INFO  server.RaftServerConfigKeys (ConfUtils.java:logGet(43)) - raft.server.log.use.memory = false (default)
2019-07-15 13:54:01,924 INFO  server.RaftServerConfigKeys (ConfUtils.java:logGet(43)) - raft.server.log.queue.byte-limit = 2147483647 (custom)
2019-07-15 13:54:01,925 INFO  server.RaftServerConfigKeys (ConfUtils.java:logGet(43)) - raft.server.log.queue.element-limit = 1024 (custom)
2019-07-15 13:54:01,924 INFO  server.RaftServerConfigKeys (ConfUtils.java:logGet(43)) - raft.server.log.purge.gap = 1000000000 (custom)
2019-07-15 13:54:01,925 INFO  server.RaftServerConfigKeys (ConfUtils.java:logGet(43)) - raft.server.log.segment.size.max = 1048576 (custom)
2019-07-15 13:54:01,925 INFO  server.RaftServerConfigKeys (ConfUtils.java:logGet(43)) - raft.server.log.preallocated.size = 16384 (custom)
2019-07-15 13:54:01,925 INFO  server.RaftServerConfigKeys (ConfUtils.java:logGet(43)) - raft.server.log.purge.gap = 1000000000 (custom)
2019-07-15 13:54:01,925 INFO  server.RaftServerConfigKeys (ConfUtils.java:logGet(43)) - raft.server.log.write.buffer.size = 33554432 (custom)
2019-07-15 13:54:01,926 INFO  server.RaftServerConfigKeys (ConfUtils.java:logGet(43)) - raft.server.log.force.sync.num = 128 (default)
2019-07-15 13:54:01,925 INFO  server.RaftServerConfigKeys (ConfUtils.java:logGet(43)) - raft.server.log.appender.buffer.byte-limit = 33554432 (custom)
2019-07-15 13:54:01,926 INFO  server.RaftServerConfigKeys (ConfUtils.java:logGet(43)) - raft.server.log.statemachine.data.sync = true (default)
2019-07-15 13:54:01,926 INFO  server.RaftServerConfigKeys (ConfUtils.java:logGet(43)) - raft.server.log.statemachine.data.sync.timeout = 10s (default)
2019-07-15 13:54:01,926 INFO  server.RaftServerConfigKeys (ConfUtils.java:logGet(43)) - raft.server.log.appender.buffer.byte-limit = 33554432 (custom)
2019-07-15 13:54:01,926 INFO  server.RaftServerConfigKeys (ConfUtils.java:logGet(43)) - raft.server.log.statemachine.data.sync.timeout.retry = -1 (default)
2019-07-15 13:54:01,926 INFO  server.RaftServerConfigKeys (ConfUtils.java:logGet(43)) - raft.server.log.segment.size.max = 1048576 (custom)
2019-07-15 13:54:01,927 INFO  server.RaftServerConfigKeys (ConfUtils.java:logGet(43)) - raft.server.log.statemachine.data.caching.enabled = true (custom)
2019-07-15 13:54:01,927 INFO  server.RaftServerConfigKeys (ConfUtils.java:logGet(43)) - raft.server.log.segment.size.max = 1048576 (custom)
2019-07-15 13:54:01,927 INFO  segmented.SegmentedRaftLogWorker (SegmentedRaftLogWorker.java:lambda$new$0(132)) - a287c7fb-b8c0-4ae6-bb67-c358d10a08ae-SegmentedRaftLogWorker:Storage Directory /workdir/hadoop-ozone/integration-test/target/test-dir/MiniOzoneClusterImpl-7e5209a1-d222-4590-9047-fbd607b1adce/datanode-0/data/ratis/4f33c4ad-0cf5-434d-ab9c-2efe8318631e: flushIndex: setUnconditionally 0 -> -1
2019-07-15 13:54:01,927 INFO  server.RaftServerConfigKeys (ConfUtils.java:logGet(43)) - raft.server.log.segment.cache.num.max = 2 (custom)
2019-07-15 13:54:01,927 INFO  server.RaftServerConfigKeys (ConfUtils.java:logGet(43)) - raft.server.log.segment.cache.num.max = 2 (custom)
2019-07-15 13:54:01,928 INFO  server.RaftServerConfigKeys (ConfUtils.java:logGet(43)) - raft.server.snapshot.auto.trigger.enabled = true (custom)
2019-07-15 13:54:01,928 INFO  segmented.SegmentedRaftLogWorker (SegmentedRaftLogWorker.java:<init>(172)) - new 3a7ce56e-4358-4ca5-ad70-62b7546f7b91-SegmentedRaftLogWorker:Storage Directory /workdir/hadoop-ozone/integration-test/target/test-dir/MiniOzoneClusterImpl-7e5209a1-d222-4590-9047-fbd607b1adce/datanode-2/data/ratis/4f33c4ad-0cf5-434d-ab9c-2efe8318631e for RaftStorage:Storage Directory /workdir/hadoop-ozone/integration-test/target/test-dir/MiniOzoneClusterImpl-7e5209a1-d222-4590-9047-fbd607b1adce/datanode-2/data/ratis/4f33c4ad-0cf5-434d-ab9c-2efe8318631e
2019-07-15 13:54:01,928 INFO  server.RaftServerConfigKeys (ConfUtils.java:logGet(43)) - raft.server.snapshot.auto.trigger.threshold = 10000 (custom)
2019-07-15 13:54:01,928 INFO  segmented.SegmentedRaftLogWorker (SegmentedRaftLogWorker.java:<init>(172)) - new 8c0cbd76-3700-45b1-b307-949b240ad955-SegmentedRaftLogWorker:Storage Directory /workdir/hadoop-ozone/integration-test/target/test-dir/MiniOzoneClusterImpl-7e5209a1-d222-4590-9047-fbd607b1adce/datanode-1/data/ratis/4f33c4ad-0cf5-434d-ab9c-2efe8318631e for RaftStorage:Storage Directory /workdir/hadoop-ozone/integration-test/target/test-dir/MiniOzoneClusterImpl-7e5209a1-d222-4590-9047-fbd607b1adce/datanode-1/data/ratis/4f33c4ad-0cf5-434d-ab9c-2efe8318631e
2019-07-15 13:54:01,928 INFO  server.RaftServerConfigKeys (ConfUtils.java:logGet(43)) - raft.server.retrycache.expirytime = 600000ms (custom)
2019-07-15 13:54:01,928 INFO  server.RaftServerConfigKeys (ConfUtils.java:logGet(43)) - raft.server.log.queue.byte-limit = 2147483647 (custom)
2019-07-15 13:54:01,929 INFO  impl.RaftServerImpl (RaftServerImpl.java:start(180)) - a287c7fb-b8c0-4ae6-bb67-c358d10a08ae: start group-2EFE8318631E
2019-07-15 13:54:01,928 INFO  server.RaftServerConfigKeys (ConfUtils.java:logGet(43)) - raft.server.log.queue.byte-limit = 2147483647 (custom)
2019-07-15 13:54:01,929 INFO  impl.RaftServerImpl (RaftServerImpl.java:setRole(171)) - a287c7fb-b8c0-4ae6-bb67-c358d10a08ae:group-2EFE8318631E changes role from null to FOLLOWER at term 0 for startAsFollower
2019-07-15 13:54:01,929 INFO  impl.RoleInfo (RoleInfo.java:updateAndGet(143)) - a287c7fb-b8c0-4ae6-bb67-c358d10a08ae: start FollowerState
2019-07-15 13:54:01,929 INFO  server.RaftServerConfigKeys (ConfUtils.java:logGet(43)) - raft.server.log.queue.element-limit = 1024 (custom)
2019-07-15 13:54:01,929 INFO  server.RaftServerConfigKeys (ConfUtils.java:logGet(43)) - raft.server.log.queue.element-limit = 1024 (custom)
2019-07-15 13:54:01,930 INFO  util.JmxRegister (JmxRegister.java:tryRegister(44)) - Successfully registered JMX Bean with object name Ratis:service=RaftServer,group=group-2EFE8318631E,id=a287c7fb-b8c0-4ae6-bb67-c358d10a08ae
2019-07-15 13:54:01,930 INFO  server.RaftServerConfigKeys (ConfUtils.java:logGet(43)) - raft.server.log.segment.size.max = 1048576 (custom)
2019-07-15 13:54:01,930 INFO  server.RaftServerConfigKeys (ConfUtils.java:logGet(43)) - raft.server.log.segment.size.max = 1048576 (custom)
2019-07-15 13:54:01,930 INFO  server.RaftServerConfigKeys (ConfUtils.java:logGet(43)) - raft.server.log.preallocated.size = 16384 (custom)
2019-07-15 13:54:01,930 INFO  server.RaftServerConfigKeys (ConfUtils.java:logGet(43)) - raft.server.log.preallocated.size = 16384 (custom)
2019-07-15 13:54:01,930 INFO  server.RaftServerConfigKeys (ConfUtils.java:logGet(43)) - raft.server.log.write.buffer.size = 33554432 (custom)
2019-07-15 13:54:01,930 INFO  server.RaftServerConfigKeys (ConfUtils.java:logGet(43)) - raft.server.log.write.buffer.size = 33554432 (custom)
2019-07-15 13:54:01,931 INFO  server.RaftServerConfigKeys (ConfUtils.java:logGet(43)) - raft.server.log.force.sync.num = 128 (default)
2019-07-15 13:54:01,931 INFO  server.RaftServerConfigKeys (ConfUtils.java:logGet(43)) - raft.server.log.force.sync.num = 128 (default)
2019-07-15 13:54:01,931 INFO  server.RaftServerConfigKeys (ConfUtils.java:logGet(43)) - raft.server.log.statemachine.data.sync = true (default)
2019-07-15 13:54:01,931 INFO  server.RaftServerConfigKeys (ConfUtils.java:logGet(43)) - raft.server.log.statemachine.data.sync = true (default)
2019-07-15 13:54:01,931 INFO  server.RaftServerConfigKeys (ConfUtils.java:logGet(43)) - raft.server.log.statemachine.data.sync.timeout = 10s (default)
2019-07-15 13:54:01,931 INFO  server.RaftServerConfigKeys (ConfUtils.java:logGet(43)) - raft.server.log.statemachine.data.sync.timeout = 10s (default)
2019-07-15 13:54:01,932 INFO  server.RaftServerConfigKeys (ConfUtils.java:logGet(43)) - raft.server.log.statemachine.data.sync.timeout.retry = -1 (default)
2019-07-15 13:54:01,932 INFO  server.RaftServerConfigKeys (ConfUtils.java:logGet(43)) - raft.server.log.statemachine.data.sync.timeout.retry = -1 (default)
2019-07-15 13:54:01,932 INFO  server.RaftServerConfigKeys (ConfUtils.java:logGet(43)) - raft.server.log.statemachine.data.caching.enabled = true (custom)
2019-07-15 13:54:01,932 INFO  server.RaftServerConfigKeys (ConfUtils.java:logGet(43)) - raft.server.log.statemachine.data.caching.enabled = true (custom)
2019-07-15 13:54:01,932 INFO  segmented.SegmentedRaftLogWorker (SegmentedRaftLogWorker.java:lambda$new$0(132)) - 3a7ce56e-4358-4ca5-ad70-62b7546f7b91-SegmentedRaftLogWorker:Storage Directory /workdir/hadoop-ozone/integration-test/target/test-dir/MiniOzoneClusterImpl-7e5209a1-d222-4590-9047-fbd607b1adce/datanode-2/data/ratis/4f33c4ad-0cf5-434d-ab9c-2efe8318631e: flushIndex: setUnconditionally 0 -> -1
2019-07-15 13:54:01,933 INFO  segmented.SegmentedRaftLogWorker (SegmentedRaftLogWorker.java:lambda$new$0(132)) - 8c0cbd76-3700-45b1-b307-949b240ad955-SegmentedRaftLogWorker:Storage Directory /workdir/hadoop-ozone/integration-test/target/test-dir/MiniOzoneClusterImpl-7e5209a1-d222-4590-9047-fbd607b1adce/datanode-1/data/ratis/4f33c4ad-0cf5-434d-ab9c-2efe8318631e: flushIndex: setUnconditionally 0 -> -1
2019-07-15 13:54:01,933 INFO  server.RaftServerConfigKeys (ConfUtils.java:logGet(43)) - raft.server.snapshot.auto.trigger.enabled = true (custom)
2019-07-15 13:54:01,933 INFO  server.RaftServerConfigKeys (ConfUtils.java:logGet(43)) - raft.server.snapshot.auto.trigger.threshold = 10000 (custom)
2019-07-15 13:54:01,933 INFO  server.RaftServerConfigKeys (ConfUtils.java:logGet(43)) - raft.server.snapshot.auto.trigger.enabled = true (custom)
2019-07-15 13:54:01,933 INFO  server.RaftServerConfigKeys (ConfUtils.java:logGet(43)) - raft.server.retrycache.expirytime = 600000ms (custom)
2019-07-15 13:54:01,933 INFO  server.RaftServerConfigKeys (ConfUtils.java:logGet(43)) - raft.server.snapshot.auto.trigger.threshold = 10000 (custom)
2019-07-15 13:54:01,933 INFO  impl.RaftServerImpl (RaftServerImpl.java:start(180)) - 3a7ce56e-4358-4ca5-ad70-62b7546f7b91: start group-2EFE8318631E
2019-07-15 13:54:01,934 INFO  server.RaftServerConfigKeys (ConfUtils.java:logGet(43)) - raft.server.retrycache.expirytime = 600000ms (custom)
2019-07-15 13:54:01,934 INFO  impl.RaftServerImpl (RaftServerImpl.java:setRole(171)) - 3a7ce56e-4358-4ca5-ad70-62b7546f7b91:group-2EFE8318631E changes role from null to FOLLOWER at term 0 for startAsFollower
2019-07-15 13:54:01,934 INFO  impl.RaftServerImpl (RaftServerImpl.java:start(180)) - 8c0cbd76-3700-45b1-b307-949b240ad955: start group-2EFE8318631E
2019-07-15 13:54:01,934 INFO  impl.RoleInfo (RoleInfo.java:updateAndGet(143)) - 3a7ce56e-4358-4ca5-ad70-62b7546f7b91: start FollowerState
2019-07-15 13:54:01,934 INFO  impl.RaftServerImpl (RaftServerImpl.java:setRole(171)) - 8c0cbd76-3700-45b1-b307-949b240ad955:group-2EFE8318631E changes role from null to FOLLOWER at term 0 for startAsFollower
2019-07-15 13:54:01,934 INFO  impl.RoleInfo (RoleInfo.java:updateAndGet(143)) - 8c0cbd76-3700-45b1-b307-949b240ad955: start FollowerState
2019-07-15 13:54:01,934 INFO  util.JmxRegister (JmxRegister.java:tryRegister(44)) - Successfully registered JMX Bean with object name Ratis:service=RaftServer,group=group-2EFE8318631E,id=3a7ce56e-4358-4ca5-ad70-62b7546f7b91
2019-07-15 13:54:01,935 INFO  util.JmxRegister (JmxRegister.java:tryRegister(44)) - Successfully registered JMX Bean with object name Ratis:service=RaftServer,group=group-2EFE8318631E,id=8c0cbd76-3700-45b1-b307-949b240ad955
2019-07-15 13:54:01,937 INFO  pipeline.PipelineStateManager (PipelineStateManager.java:addPipeline(56)) - Created pipeline Pipeline[ Id: 4f33c4ad-0cf5-434d-ab9c-2efe8318631e, Nodes: a287c7fb-b8c0-4ae6-bb67-c358d10a08ae{ip: 192.168.157.240, host: trunk-nightly-hvlc9-701369690, networkLocation: /default-rack, certSerialId: null}3a7ce56e-4358-4ca5-ad70-62b7546f7b91{ip: 192.168.157.240, host: trunk-nightly-hvlc9-701369690, networkLocation: /default-rack, certSerialId: null}8c0cbd76-3700-45b1-b307-949b240ad955{ip: 192.168.157.240, host: trunk-nightly-hvlc9-701369690, networkLocation: /default-rack, certSerialId: null}, Type:RATIS, Factor:THREE, State:OPEN]
2019-07-15 13:54:01,984 INFO  node.SCMNodeManager (SCMNodeManager.java:register(269)) - Registered Data node : b3efe6c9-7a7d-46ff-b4ca-b1494c62621b{ip: 192.168.157.240, host: trunk-nightly-hvlc9-701369690, networkLocation: /default-rack, certSerialId: null}
2019-07-15 13:54:01,992 INFO  impl.RaftServerProxy (RaftServerProxy.java:addNew(89)) - b3efe6c9-7a7d-46ff-b4ca-b1494c62621b: addNew group-89A3C8F8AD76:[b3efe6c9-7a7d-46ff-b4ca-b1494c62621b:192.168.157.240:40561] returns group-89A3C8F8AD76:java.util.concurrent.CompletableFuture@7b4cf8d3[Not completed]
2019-07-15 13:54:01,992 INFO  impl.RaftServerImpl (RaftServerImpl.java:<init>(93)) - b3efe6c9-7a7d-46ff-b4ca-b1494c62621b: new RaftServerImpl for group-89A3C8F8AD76:[b3efe6c9-7a7d-46ff-b4ca-b1494c62621b:192.168.157.240:40561] with ContainerStateMachine:uninitialized
2019-07-15 13:54:01,993 INFO  server.RaftServerConfigKeys (ConfUtils.java:logGet(43)) - raft.server.rpc.timeout.min = 5s (custom)
2019-07-15 13:54:01,993 INFO  server.RaftServerConfigKeys (ConfUtils.java:logGet(43)) - raft.server.rpc.timeout.max = 5200ms (custom)
2019-07-15 13:54:01,993 INFO  server.RaftServerConfigKeys (ConfUtils.java:logGet(43)) - raft.server.rpcslowness.timeout = 120s (custom)
2019-07-15 13:54:01,993 INFO  server.RaftServerConfigKeys (ConfUtils.java:logGet(43)) - raft.server.sleep.deviation.threshold = 300 (default)
2019-07-15 13:54:01,993 INFO  server.RaftServerConfigKeys (ConfUtils.java:logGet(43)) - raft.server.log.appender.install.snapshot.enabled = false (custom)
2019-07-15 13:54:01,993 INFO  impl.RaftServerImpl (ServerState.java:<init>(105)) - b3efe6c9-7a7d-46ff-b4ca-b1494c62621b:group-89A3C8F8AD76 ConfigurationManager, init=-1: [b3efe6c9-7a7d-46ff-b4ca-b1494c62621b:192.168.157.240:40561], old=null, confs=<EMPTY_MAP>
2019-07-15 13:54:01,993 INFO  server.RaftServerConfigKeys (ConfUtils.java:logGet(43)) - raft.server.storage.dir = [/workdir/hadoop-ozone/integration-test/target/test-dir/MiniOzoneClusterImpl-7e5209a1-d222-4590-9047-fbd607b1adce/datanode-3/data/ratis] (custom)
2019-07-15 13:54:01,994 INFO  storage.RaftStorageDirectory (RaftStorageDirectory.java:analyzeStorage(246)) - The storage directory /workdir/hadoop-ozone/integration-test/target/test-dir/MiniOzoneClusterImpl-7e5209a1-d222-4590-9047-fbd607b1adce/datanode-3/data/ratis/0c674529-2e3e-47e3-bae2-89a3c8f8ad76 does not exist. Creating ...
2019-07-15 13:54:02,019 INFO  storage.RaftStorageDirectory (RaftStorageDirectory.java:tryLock(328)) - Lock on /workdir/hadoop-ozone/integration-test/target/test-dir/MiniOzoneClusterImpl-7e5209a1-d222-4590-9047-fbd607b1adce/datanode-3/data/ratis/0c674529-2e3e-47e3-bae2-89a3c8f8ad76/in_use.lock acquired by nodename 27196@trunk-nightly-hvlc9-701369690
2019-07-15 13:54:02,051 INFO  storage.RaftStorage (RaftStorage.java:format(72)) - Storage directory /workdir/hadoop-ozone/integration-test/target/test-dir/MiniOzoneClusterImpl-7e5209a1-d222-4590-9047-fbd607b1adce/datanode-3/data/ratis/0c674529-2e3e-47e3-bae2-89a3c8f8ad76 has been successfully formatted.
2019-07-15 13:54:02,051 INFO  ratis.ContainerStateMachine (ContainerStateMachine.java:loadSnapshot(200)) - group-89A3C8F8AD76: The snapshot info is null. Setting the last applied indexto:(t:0, i:~)
2019-07-15 13:54:02,051 INFO  server.RaftServerConfigKeys (ConfUtils.java:logGet(43)) - raft.server.leader.election.timeout = 120s (custom)
2019-07-15 13:54:02,051 INFO  server.RaftServerConfigKeys (ConfUtils.java:logGet(43)) - raft.server.log.use.memory = false (default)
2019-07-15 13:54:02,052 INFO  server.RaftServerConfigKeys (ConfUtils.java:logGet(43)) - raft.server.log.purge.gap = 1000000000 (custom)
2019-07-15 13:54:02,052 INFO  server.RaftServerConfigKeys (ConfUtils.java:logGet(43)) - raft.server.log.appender.buffer.byte-limit = 33554432 (custom)
2019-07-15 13:54:02,052 INFO  server.RaftServerConfigKeys (ConfUtils.java:logGet(43)) - raft.server.log.segment.size.max = 1048576 (custom)
2019-07-15 13:54:02,052 INFO  server.RaftServerConfigKeys (ConfUtils.java:logGet(43)) - raft.server.log.segment.cache.num.max = 2 (custom)
2019-07-15 13:54:02,052 INFO  segmented.SegmentedRaftLogWorker (SegmentedRaftLogWorker.java:<init>(172)) - new b3efe6c9-7a7d-46ff-b4ca-b1494c62621b-SegmentedRaftLogWorker:Storage Directory /workdir/hadoop-ozone/integration-test/target/test-dir/MiniOzoneClusterImpl-7e5209a1-d222-4590-9047-fbd607b1adce/datanode-3/data/ratis/0c674529-2e3e-47e3-bae2-89a3c8f8ad76 for RaftStorage:Storage Directory /workdir/hadoop-ozone/integration-test/target/test-dir/MiniOzoneClusterImpl-7e5209a1-d222-4590-9047-fbd607b1adce/datanode-3/data/ratis/0c674529-2e3e-47e3-bae2-89a3c8f8ad76
2019-07-15 13:54:02,052 INFO  server.RaftServerConfigKeys (ConfUtils.java:logGet(43)) - raft.server.log.queue.byte-limit = 2147483647 (custom)
2019-07-15 13:54:02,053 INFO  server.RaftServerConfigKeys (ConfUtils.java:logGet(43)) - raft.server.log.queue.element-limit = 1024 (custom)
2019-07-15 13:54:02,053 INFO  server.RaftServerConfigKeys (ConfUtils.java:logGet(43)) - raft.server.log.segment.size.max = 1048576 (custom)
2019-07-15 13:54:02,053 INFO  server.RaftServerConfigKeys (ConfUtils.java:logGet(43)) - raft.server.log.preallocated.size = 16384 (custom)
2019-07-15 13:54:02,053 INFO  server.RaftServerConfigKeys (ConfUtils.java:logGet(43)) - raft.server.log.write.buffer.size = 33554432 (custom)
2019-07-15 13:54:02,053 INFO  server.RaftServerConfigKeys (ConfUtils.java:logGet(43)) - raft.server.log.force.sync.num = 128 (default)
2019-07-15 13:54:02,053 INFO  server.RaftServerConfigKeys (ConfUtils.java:logGet(43)) - raft.server.log.statemachine.data.sync = true (default)
2019-07-15 13:54:02,053 INFO  server.RaftServerConfigKeys (ConfUtils.java:logGet(43)) - raft.server.log.statemachine.data.sync.timeout = 10s (default)
2019-07-15 13:54:02,054 INFO  server.RaftServerConfigKeys (ConfUtils.java:logGet(43)) - raft.server.log.statemachine.data.sync.timeout.retry = -1 (default)
2019-07-15 13:54:02,054 INFO  server.RaftServerConfigKeys (ConfUtils.java:logGet(43)) - raft.server.log.statemachine.data.caching.enabled = true (custom)
2019-07-15 13:54:02,054 INFO  segmented.SegmentedRaftLogWorker (SegmentedRaftLogWorker.java:lambda$new$0(132)) - b3efe6c9-7a7d-46ff-b4ca-b1494c62621b-SegmentedRaftLogWorker:Storage Directory /workdir/hadoop-ozone/integration-test/target/test-dir/MiniOzoneClusterImpl-7e5209a1-d222-4590-9047-fbd607b1adce/datanode-3/data/ratis/0c674529-2e3e-47e3-bae2-89a3c8f8ad76: flushIndex: setUnconditionally 0 -> -1
2019-07-15 13:54:02,055 INFO  server.RaftServerConfigKeys (ConfUtils.java:logGet(43)) - raft.server.snapshot.auto.trigger.enabled = true (custom)
2019-07-15 13:54:02,055 INFO  server.RaftServerConfigKeys (ConfUtils.java:logGet(43)) - raft.server.snapshot.auto.trigger.threshold = 10000 (custom)
2019-07-15 13:54:02,055 INFO  server.RaftServerConfigKeys (ConfUtils.java:logGet(43)) - raft.server.retrycache.expirytime = 600000ms (custom)
2019-07-15 13:54:02,055 INFO  impl.RaftServerImpl (RaftServerImpl.java:start(180)) - b3efe6c9-7a7d-46ff-b4ca-b1494c62621b: start group-89A3C8F8AD76
2019-07-15 13:54:02,055 INFO  impl.RaftServerImpl (RaftServerImpl.java:setRole(171)) - b3efe6c9-7a7d-46ff-b4ca-b1494c62621b:group-89A3C8F8AD76 changes role from null to FOLLOWER at term 0 for startAsFollower
2019-07-15 13:54:02,055 INFO  impl.RoleInfo (RoleInfo.java:updateAndGet(143)) - b3efe6c9-7a7d-46ff-b4ca-b1494c62621b: start FollowerState
2019-07-15 13:54:02,056 INFO  util.JmxRegister (JmxRegister.java:tryRegister(44)) - Successfully registered JMX Bean with object name Ratis:service=RaftServer,group=group-89A3C8F8AD76,id=b3efe6c9-7a7d-46ff-b4ca-b1494c62621b
2019-07-15 13:54:02,058 INFO  pipeline.PipelineStateManager (PipelineStateManager.java:addPipeline(56)) - Created pipeline Pipeline[ Id: 0c674529-2e3e-47e3-bae2-89a3c8f8ad76, Nodes: b3efe6c9-7a7d-46ff-b4ca-b1494c62621b{ip: 192.168.157.240, host: trunk-nightly-hvlc9-701369690, networkLocation: /default-rack, certSerialId: null}, Type:RATIS, Factor:ONE, State:OPEN]
2019-07-15 13:54:02,361 INFO  node.SCMNodeManager (SCMNodeManager.java:register(269)) - Registered Data node : 599cfdd8-f0ea-4b89-9be2-3d1e39bad0bd{ip: 192.168.157.240, host: trunk-nightly-hvlc9-701369690, networkLocation: /default-rack, certSerialId: null}
2019-07-15 13:54:02,379 INFO  impl.RaftServerProxy (RaftServerProxy.java:addNew(89)) - 599cfdd8-f0ea-4b89-9be2-3d1e39bad0bd: addNew group-D19BF55D5028:[599cfdd8-f0ea-4b89-9be2-3d1e39bad0bd:192.168.157.240:46644] returns group-D19BF55D5028:java.util.concurrent.CompletableFuture@3f0e4e1a[Not completed]
2019-07-15 13:54:02,380 INFO  impl.RaftServerImpl (RaftServerImpl.java:<init>(93)) - 599cfdd8-f0ea-4b89-9be2-3d1e39bad0bd: new RaftServerImpl for group-D19BF55D5028:[599cfdd8-f0ea-4b89-9be2-3d1e39bad0bd:192.168.157.240:46644] with ContainerStateMachine:uninitialized
2019-07-15 13:54:02,380 INFO  server.RaftServerConfigKeys (ConfUtils.java:logGet(43)) - raft.server.rpc.timeout.min = 5s (custom)
2019-07-15 13:54:02,380 INFO  server.RaftServerConfigKeys (ConfUtils.java:logGet(43)) - raft.server.rpc.timeout.max = 5200ms (custom)
2019-07-15 13:54:02,380 INFO  server.RaftServerConfigKeys (ConfUtils.java:logGet(43)) - raft.server.rpcslowness.timeout = 120s (custom)
2019-07-15 13:54:02,380 INFO  server.RaftServerConfigKeys (ConfUtils.java:logGet(43)) - raft.server.sleep.deviation.threshold = 300 (default)
2019-07-15 13:54:02,381 INFO  server.RaftServerConfigKeys (ConfUtils.java:logGet(43)) - raft.server.log.appender.install.snapshot.enabled = false (custom)
2019-07-15 13:54:02,381 INFO  impl.RaftServerImpl (ServerState.java:<init>(105)) - 599cfdd8-f0ea-4b89-9be2-3d1e39bad0bd:group-D19BF55D5028 ConfigurationManager, init=-1: [599cfdd8-f0ea-4b89-9be2-3d1e39bad0bd:192.168.157.240:46644], old=null, confs=<EMPTY_MAP>
2019-07-15 13:54:02,381 INFO  server.RaftServerConfigKeys (ConfUtils.java:logGet(43)) - raft.server.storage.dir = [/workdir/hadoop-ozone/integration-test/target/test-dir/MiniOzoneClusterImpl-7e5209a1-d222-4590-9047-fbd607b1adce/datanode-4/data/ratis] (custom)
2019-07-15 13:54:02,381 INFO  storage.RaftStorageDirectory (RaftStorageDirectory.java:analyzeStorage(246)) - The storage directory /workdir/hadoop-ozone/integration-test/target/test-dir/MiniOzoneClusterImpl-7e5209a1-d222-4590-9047-fbd607b1adce/datanode-4/data/ratis/721f16f1-4952-4195-9852-d19bf55d5028 does not exist. Creating ...
2019-07-15 13:54:02,394 INFO  storage.RaftStorageDirectory (RaftStorageDirectory.java:tryLock(328)) - Lock on /workdir/hadoop-ozone/integration-test/target/test-dir/MiniOzoneClusterImpl-7e5209a1-d222-4590-9047-fbd607b1adce/datanode-4/data/ratis/721f16f1-4952-4195-9852-d19bf55d5028/in_use.lock acquired by nodename 27196@trunk-nightly-hvlc9-701369690
2019-07-15 13:54:02,409 INFO  storage.RaftStorage (RaftStorage.java:format(72)) - Storage directory /workdir/hadoop-ozone/integration-test/target/test-dir/MiniOzoneClusterImpl-7e5209a1-d222-4590-9047-fbd607b1adce/datanode-4/data/ratis/721f16f1-4952-4195-9852-d19bf55d5028 has been successfully formatted.
2019-07-15 13:54:02,409 INFO  ratis.ContainerStateMachine (ContainerStateMachine.java:loadSnapshot(200)) - group-D19BF55D5028: The snapshot info is null. Setting the last applied indexto:(t:0, i:~)
2019-07-15 13:54:02,409 INFO  server.RaftServerConfigKeys (ConfUtils.java:logGet(43)) - raft.server.leader.election.timeout = 120s (custom)
2019-07-15 13:54:02,409 INFO  server.RaftServerConfigKeys (ConfUtils.java:logGet(43)) - raft.server.log.use.memory = false (default)
2019-07-15 13:54:02,409 INFO  server.RaftServerConfigKeys (ConfUtils.java:logGet(43)) - raft.server.log.purge.gap = 1000000000 (custom)
2019-07-15 13:54:02,410 INFO  server.RaftServerConfigKeys (ConfUtils.java:logGet(43)) - raft.server.log.appender.buffer.byte-limit = 33554432 (custom)
2019-07-15 13:54:02,410 INFO  server.RaftServerConfigKeys (ConfUtils.java:logGet(43)) - raft.server.log.segment.size.max = 1048576 (custom)
2019-07-15 13:54:02,410 INFO  server.RaftServerConfigKeys (ConfUtils.java:logGet(43)) - raft.server.log.segment.cache.num.max = 2 (custom)
2019-07-15 13:54:02,410 INFO  segmented.SegmentedRaftLogWorker (SegmentedRaftLogWorker.java:<init>(172)) - new 599cfdd8-f0ea-4b89-9be2-3d1e39bad0bd-SegmentedRaftLogWorker:Storage Directory /workdir/hadoop-ozone/integration-test/target/test-dir/MiniOzoneClusterImpl-7e5209a1-d222-4590-9047-fbd607b1adce/datanode-4/data/ratis/721f16f1-4952-4195-9852-d19bf55d5028 for RaftStorage:Storage Directory /workdir/hadoop-ozone/integration-test/target/test-dir/MiniOzoneClusterImpl-7e5209a1-d222-4590-9047-fbd607b1adce/datanode-4/data/ratis/721f16f1-4952-4195-9852-d19bf55d5028
2019-07-15 13:54:02,410 INFO  server.RaftServerConfigKeys (ConfUtils.java:logGet(43)) - raft.server.log.queue.byte-limit = 2147483647 (custom)
2019-07-15 13:54:02,410 INFO  server.RaftServerConfigKeys (ConfUtils.java:logGet(43)) - raft.server.log.queue.element-limit = 1024 (custom)
2019-07-15 13:54:02,411 INFO  server.RaftServerConfigKeys (ConfUtils.java:logGet(43)) - raft.server.log.segment.size.max = 1048576 (custom)
2019-07-15 13:54:02,411 INFO  server.RaftServerConfigKeys (ConfUtils.java:logGet(43)) - raft.server.log.preallocated.size = 16384 (custom)
2019-07-15 13:54:02,411 INFO  server.RaftServerConfigKeys (ConfUtils.java:logGet(43)) - raft.server.log.write.buffer.size = 33554432 (custom)
2019-07-15 13:54:02,411 INFO  server.RaftServerConfigKeys (ConfUtils.java:logGet(43)) - raft.server.log.force.sync.num = 128 (default)
2019-07-15 13:54:02,411 INFO  server.RaftServerConfigKeys (ConfUtils.java:logGet(43)) - raft.server.log.statemachine.data.sync = true (default)
2019-07-15 13:54:02,411 INFO  server.RaftServerConfigKeys (ConfUtils.java:logGet(43)) - raft.server.log.statemachine.data.sync.timeout = 10s (default)
2019-07-15 13:54:02,412 INFO  server.RaftServerConfigKeys (ConfUtils.java:logGet(43)) - raft.server.log.statemachine.data.sync.timeout.retry = -1 (default)
2019-07-15 13:54:02,412 INFO  server.RaftServerConfigKeys (ConfUtils.java:logGet(43)) - raft.server.log.statemachine.data.caching.enabled = true (custom)
2019-07-15 13:54:02,412 INFO  segmented.SegmentedRaftLogWorker (SegmentedRaftLogWorker.java:lambda$new$0(132)) - 599cfdd8-f0ea-4b89-9be2-3d1e39bad0bd-SegmentedRaftLogWorker:Storage Directory /workdir/hadoop-ozone/integration-test/target/test-dir/MiniOzoneClusterImpl-7e5209a1-d222-4590-9047-fbd607b1adce/datanode-4/data/ratis/721f16f1-4952-4195-9852-d19bf55d5028: flushIndex: setUnconditionally 0 -> -1
2019-07-15 13:54:02,413 INFO  server.RaftServerConfigKeys (ConfUtils.java:logGet(43)) - raft.server.snapshot.auto.trigger.enabled = true (custom)
2019-07-15 13:54:02,413 INFO  server.RaftServerConfigKeys (ConfUtils.java:logGet(43)) - raft.server.snapshot.auto.trigger.threshold = 10000 (custom)
2019-07-15 13:54:02,413 INFO  server.RaftServerConfigKeys (ConfUtils.java:logGet(43)) - raft.server.retrycache.expirytime = 600000ms (custom)
2019-07-15 13:54:02,413 INFO  impl.RaftServerImpl (RaftServerImpl.java:start(180)) - 599cfdd8-f0ea-4b89-9be2-3d1e39bad0bd: start group-D19BF55D5028
2019-07-15 13:54:02,413 INFO  impl.RaftServerImpl (RaftServerImpl.java:setRole(171)) - 599cfdd8-f0ea-4b89-9be2-3d1e39bad0bd:group-D19BF55D5028 changes role from null to FOLLOWER at term 0 for startAsFollower
2019-07-15 13:54:02,413 INFO  impl.RoleInfo (RoleInfo.java:updateAndGet(143)) - 599cfdd8-f0ea-4b89-9be2-3d1e39bad0bd: start FollowerState
2019-07-15 13:54:02,414 INFO  util.JmxRegister (JmxRegister.java:tryRegister(44)) - Successfully registered JMX Bean with object name Ratis:service=RaftServer,group=group-D19BF55D5028,id=599cfdd8-f0ea-4b89-9be2-3d1e39bad0bd
2019-07-15 13:54:02,416 INFO  pipeline.PipelineStateManager (PipelineStateManager.java:addPipeline(56)) - Created pipeline Pipeline[ Id: 721f16f1-4952-4195-9852-d19bf55d5028, Nodes: 599cfdd8-f0ea-4b89-9be2-3d1e39bad0bd{ip: 192.168.157.240, host: trunk-nightly-hvlc9-701369690, networkLocation: /default-rack, certSerialId: null}, Type:RATIS, Factor:ONE, State:OPEN]
2019-07-15 13:54:02,562 INFO  node.SCMNodeManager (SCMNodeManager.java:register(269)) - Registered Data node : ddc318da-a287-4568-9718-6535bb14cce7{ip: 192.168.157.240, host: trunk-nightly-hvlc9-701369690, networkLocation: /default-rack, certSerialId: null}
2019-07-15 13:54:02,569 INFO  impl.RaftServerProxy (RaftServerProxy.java:addNew(89)) - ddc318da-a287-4568-9718-6535bb14cce7: addNew group-3D3BF95AA92A:[ddc318da-a287-4568-9718-6535bb14cce7:192.168.157.240:41762] returns group-3D3BF95AA92A:java.util.concurrent.CompletableFuture@29d46036[Not completed]
2019-07-15 13:54:02,570 INFO  impl.RaftServerImpl (RaftServerImpl.java:<init>(93)) - ddc318da-a287-4568-9718-6535bb14cce7: new RaftServerImpl for group-3D3BF95AA92A:[ddc318da-a287-4568-9718-6535bb14cce7:192.168.157.240:41762] with ContainerStateMachine:uninitialized
2019-07-15 13:54:02,570 INFO  server.RaftServerConfigKeys (ConfUtils.java:logGet(43)) - raft.server.rpc.timeout.min = 5s (custom)
2019-07-15 13:54:02,570 INFO  server.RaftServerConfigKeys (ConfUtils.java:logGet(43)) - raft.server.rpc.timeout.max = 5200ms (custom)
2019-07-15 13:54:02,570 INFO  server.RaftServerConfigKeys (ConfUtils.java:logGet(43)) - raft.server.rpcslowness.timeout = 120s (custom)
2019-07-15 13:54:02,570 INFO  server.RaftServerConfigKeys (ConfUtils.java:logGet(43)) - raft.server.sleep.deviation.threshold = 300 (default)
2019-07-15 13:54:02,571 INFO  server.RaftServerConfigKeys (ConfUtils.java:logGet(43)) - raft.server.log.appender.install.snapshot.enabled = false (custom)
2019-07-15 13:54:02,571 INFO  impl.RaftServerImpl (ServerState.java:<init>(105)) - ddc318da-a287-4568-9718-6535bb14cce7:group-3D3BF95AA92A ConfigurationManager, init=-1: [ddc318da-a287-4568-9718-6535bb14cce7:192.168.157.240:41762], old=null, confs=<EMPTY_MAP>
2019-07-15 13:54:02,571 INFO  server.RaftServerConfigKeys (ConfUtils.java:logGet(43)) - raft.server.storage.dir = [/workdir/hadoop-ozone/integration-test/target/test-dir/MiniOzoneClusterImpl-7e5209a1-d222-4590-9047-fbd607b1adce/datanode-5/data/ratis] (custom)
2019-07-15 13:54:02,571 INFO  storage.RaftStorageDirectory (RaftStorageDirectory.java:analyzeStorage(246)) - The storage directory /workdir/hadoop-ozone/integration-test/target/test-dir/MiniOzoneClusterImpl-7e5209a1-d222-4590-9047-fbd607b1adce/datanode-5/data/ratis/28f2e7af-dee6-40bd-9fe0-3d3bf95aa92a does not exist. Creating ...
2019-07-15 13:54:02,584 INFO  storage.RaftStorageDirectory (RaftStorageDirectory.java:tryLock(328)) - Lock on /workdir/hadoop-ozone/integration-test/target/test-dir/MiniOzoneClusterImpl-7e5209a1-d222-4590-9047-fbd607b1adce/datanode-5/data/ratis/28f2e7af-dee6-40bd-9fe0-3d3bf95aa92a/in_use.lock acquired by nodename 27196@trunk-nightly-hvlc9-701369690
2019-07-15 13:54:02,601 INFO  storage.RaftStorage (RaftStorage.java:format(72)) - Storage directory /workdir/hadoop-ozone/integration-test/target/test-dir/MiniOzoneClusterImpl-7e5209a1-d222-4590-9047-fbd607b1adce/datanode-5/data/ratis/28f2e7af-dee6-40bd-9fe0-3d3bf95aa92a has been successfully formatted.
2019-07-15 13:54:02,601 INFO  ratis.ContainerStateMachine (ContainerStateMachine.java:loadSnapshot(200)) - group-3D3BF95AA92A: The snapshot info is null. Setting the last applied indexto:(t:0, i:~)
2019-07-15 13:54:02,601 INFO  server.RaftServerConfigKeys (ConfUtils.java:logGet(43)) - raft.server.leader.election.timeout = 120s (custom)
2019-07-15 13:54:02,601 INFO  server.RaftServerConfigKeys (ConfUtils.java:logGet(43)) - raft.server.log.use.memory = false (default)
2019-07-15 13:54:02,601 INFO  server.RaftServerConfigKeys (ConfUtils.java:logGet(43)) - raft.server.log.purge.gap = 1000000000 (custom)
2019-07-15 13:54:02,602 INFO  server.RaftServerConfigKeys (ConfUtils.java:logGet(43)) - raft.server.log.appender.buffer.byte-limit = 33554432 (custom)
2019-07-15 13:54:02,602 INFO  server.RaftServerConfigKeys (ConfUtils.java:logGet(43)) - raft.server.log.segment.size.max = 1048576 (custom)
2019-07-15 13:54:02,602 INFO  server.RaftServerConfigKeys (ConfUtils.java:logGet(43)) - raft.server.log.segment.cache.num.max = 2 (custom)
2019-07-15 13:54:02,602 INFO  segmented.SegmentedRaftLogWorker (SegmentedRaftLogWorker.java:<init>(172)) - new ddc318da-a287-4568-9718-6535bb14cce7-SegmentedRaftLogWorker:Storage Directory /workdir/hadoop-ozone/integration-test/target/test-dir/MiniOzoneClusterImpl-7e5209a1-d222-4590-9047-fbd607b1adce/datanode-5/data/ratis/28f2e7af-dee6-40bd-9fe0-3d3bf95aa92a for RaftStorage:Storage Directory /workdir/hadoop-ozone/integration-test/target/test-dir/MiniOzoneClusterImpl-7e5209a1-d222-4590-9047-fbd607b1adce/datanode-5/data/ratis/28f2e7af-dee6-40bd-9fe0-3d3bf95aa92a
2019-07-15 13:54:02,602 INFO  server.RaftServerConfigKeys (ConfUtils.java:logGet(43)) - raft.server.log.queue.byte-limit = 2147483647 (custom)
2019-07-15 13:54:02,602 INFO  server.RaftServerConfigKeys (ConfUtils.java:logGet(43)) - raft.server.log.queue.element-limit = 1024 (custom)
2019-07-15 13:54:02,603 INFO  server.RaftServerConfigKeys (ConfUtils.java:logGet(43)) - raft.server.log.segment.size.max = 1048576 (custom)
2019-07-15 13:54:02,603 INFO  server.RaftServerConfigKeys (ConfUtils.java:logGet(43)) - raft.server.log.preallocated.size = 16384 (custom)
2019-07-15 13:54:02,603 INFO  server.RaftServerConfigKeys (ConfUtils.java:logGet(43)) - raft.server.log.write.buffer.size = 33554432 (custom)
2019-07-15 13:54:02,603 INFO  server.RaftServerConfigKeys (ConfUtils.java:logGet(43)) - raft.server.log.force.sync.num = 128 (default)
2019-07-15 13:54:02,603 INFO  server.RaftServerConfigKeys (ConfUtils.java:logGet(43)) - raft.server.log.statemachine.data.sync = true (default)
2019-07-15 13:54:02,603 INFO  server.RaftServerConfigKeys (ConfUtils.java:logGet(43)) - raft.server.log.statemachine.data.sync.timeout = 10s (default)
2019-07-15 13:54:02,603 INFO  server.RaftServerConfigKeys (ConfUtils.java:logGet(43)) - raft.server.log.statemachine.data.sync.timeout.retry = -1 (default)
2019-07-15 13:54:02,604 INFO  server.RaftServerConfigKeys (ConfUtils.java:logGet(43)) - raft.server.log.statemachine.data.caching.enabled = true (custom)
2019-07-15 13:54:02,604 INFO  segmented.SegmentedRaftLogWorker (SegmentedRaftLogWorker.java:lambda$new$0(132)) - ddc318da-a287-4568-9718-6535bb14cce7-SegmentedRaftLogWorker:Storage Directory /workdir/hadoop-ozone/integration-test/target/test-dir/MiniOzoneClusterImpl-7e5209a1-d222-4590-9047-fbd607b1adce/datanode-5/data/ratis/28f2e7af-dee6-40bd-9fe0-3d3bf95aa92a: flushIndex: setUnconditionally 0 -> -1
2019-07-15 13:54:02,604 INFO  server.RaftServerConfigKeys (ConfUtils.java:logGet(43)) - raft.server.snapshot.auto.trigger.enabled = true (custom)
2019-07-15 13:54:02,605 INFO  server.RaftServerConfigKeys (ConfUtils.java:logGet(43)) - raft.server.snapshot.auto.trigger.threshold = 10000 (custom)
2019-07-15 13:54:02,605 INFO  server.RaftServerConfigKeys (ConfUtils.java:logGet(43)) - raft.server.retrycache.expirytime = 600000ms (custom)
2019-07-15 13:54:02,605 INFO  impl.RaftServerImpl (RaftServerImpl.java:start(180)) - ddc318da-a287-4568-9718-6535bb14cce7: start group-3D3BF95AA92A
2019-07-15 13:54:02,605 INFO  impl.RaftServerImpl (RaftServerImpl.java:setRole(171)) - ddc318da-a287-4568-9718-6535bb14cce7:group-3D3BF95AA92A changes role from null to FOLLOWER at term 0 for startAsFollower
2019-07-15 13:54:02,605 INFO  impl.RoleInfo (RoleInfo.java:updateAndGet(143)) - ddc318da-a287-4568-9718-6535bb14cce7: start FollowerState
2019-07-15 13:54:02,606 INFO  util.JmxRegister (JmxRegister.java:tryRegister(44)) - Successfully registered JMX Bean with object name Ratis:service=RaftServer,group=group-3D3BF95AA92A,id=ddc318da-a287-4568-9718-6535bb14cce7
2019-07-15 13:54:02,608 INFO  pipeline.PipelineStateManager (PipelineStateManager.java:addPipeline(56)) - Created pipeline Pipeline[ Id: 28f2e7af-dee6-40bd-9fe0-3d3bf95aa92a, Nodes: ddc318da-a287-4568-9718-6535bb14cce7{ip: 192.168.157.240, host: trunk-nightly-hvlc9-701369690, networkLocation: /default-rack, certSerialId: null}, Type:RATIS, Factor:ONE, State:OPEN]
2019-07-15 13:54:02,620 INFO  impl.RaftServerProxy (RaftServerProxy.java:addNew(89)) - 599cfdd8-f0ea-4b89-9be2-3d1e39bad0bd: addNew group-7F82DAA57633:[b3efe6c9-7a7d-46ff-b4ca-b1494c62621b:192.168.157.240:40561, ddc318da-a287-4568-9718-6535bb14cce7:192.168.157.240:41762, 599cfdd8-f0ea-4b89-9be2-3d1e39bad0bd:192.168.157.240:46644] returns group-7F82DAA57633:java.util.concurrent.CompletableFuture@48258d6f[Not completed]
2019-07-15 13:54:02,620 INFO  impl.RaftServerProxy (RaftServerProxy.java:addNew(89)) - b3efe6c9-7a7d-46ff-b4ca-b1494c62621b: addNew group-7F82DAA57633:[b3efe6c9-7a7d-46ff-b4ca-b1494c62621b:192.168.157.240:40561, ddc318da-a287-4568-9718-6535bb14cce7:192.168.157.240:41762, 599cfdd8-f0ea-4b89-9be2-3d1e39bad0bd:192.168.157.240:46644] returns group-7F82DAA57633:java.util.concurrent.CompletableFuture@3fd7bdd8[Not completed]
2019-07-15 13:54:02,620 INFO  impl.RaftServerProxy (RaftServerProxy.java:addNew(89)) - ddc318da-a287-4568-9718-6535bb14cce7: addNew group-7F82DAA57633:[b3efe6c9-7a7d-46ff-b4ca-b1494c62621b:192.168.157.240:40561, ddc318da-a287-4568-9718-6535bb14cce7:192.168.157.240:41762, 599cfdd8-f0ea-4b89-9be2-3d1e39bad0bd:192.168.157.240:46644] returns group-7F82DAA57633:java.util.concurrent.CompletableFuture@20368bf[Not completed]
2019-07-15 13:54:02,621 INFO  impl.RaftServerImpl (RaftServerImpl.java:<init>(93)) - 599cfdd8-f0ea-4b89-9be2-3d1e39bad0bd: new RaftServerImpl for group-7F82DAA57633:[b3efe6c9-7a7d-46ff-b4ca-b1494c62621b:192.168.157.240:40561, ddc318da-a287-4568-9718-6535bb14cce7:192.168.157.240:41762, 599cfdd8-f0ea-4b89-9be2-3d1e39bad0bd:192.168.157.240:46644] with ContainerStateMachine:uninitialized
2019-07-15 13:54:02,621 INFO  impl.RaftServerImpl (RaftServerImpl.java:<init>(93)) - ddc318da-a287-4568-9718-6535bb14cce7: new RaftServerImpl for group-7F82DAA57633:[b3efe6c9-7a7d-46ff-b4ca-b1494c62621b:192.168.157.240:40561, ddc318da-a287-4568-9718-6535bb14cce7:192.168.157.240:41762, 599cfdd8-f0ea-4b89-9be2-3d1e39bad0bd:192.168.157.240:46644] with ContainerStateMachine:uninitialized
2019-07-15 13:54:02,622 INFO  server.RaftServerConfigKeys (ConfUtils.java:logGet(43)) - raft.server.rpc.timeout.min = 5s (custom)
2019-07-15 13:54:02,622 INFO  impl.RaftServerImpl (RaftServerImpl.java:<init>(93)) - b3efe6c9-7a7d-46ff-b4ca-b1494c62621b: new RaftServerImpl for group-7F82DAA57633:[b3efe6c9-7a7d-46ff-b4ca-b1494c62621b:192.168.157.240:40561, ddc318da-a287-4568-9718-6535bb14cce7:192.168.157.240:41762, 599cfdd8-f0ea-4b89-9be2-3d1e39bad0bd:192.168.157.240:46644] with ContainerStateMachine:uninitialized
2019-07-15 13:54:02,622 INFO  server.RaftServerConfigKeys (ConfUtils.java:logGet(43)) - raft.server.rpc.timeout.min = 5s (custom)
2019-07-15 13:54:02,622 INFO  server.RaftServerConfigKeys (ConfUtils.java:logGet(43)) - raft.server.rpc.timeout.min = 5s (custom)
2019-07-15 13:54:02,622 INFO  server.RaftServerConfigKeys (ConfUtils.java:logGet(43)) - raft.server.rpc.timeout.max = 5200ms (custom)
2019-07-15 13:54:02,622 INFO  server.RaftServerConfigKeys (ConfUtils.java:logGet(43)) - raft.server.rpc.timeout.max = 5200ms (custom)
2019-07-15 13:54:02,623 INFO  server.RaftServerConfigKeys (ConfUtils.java:logGet(43)) - raft.server.rpcslowness.timeout = 120s (custom)
2019-07-15 13:54:02,622 INFO  server.RaftServerConfigKeys (ConfUtils.java:logGet(43)) - raft.server.rpc.timeout.max = 5200ms (custom)
2019-07-15 13:54:02,623 INFO  server.RaftServerConfigKeys (ConfUtils.java:logGet(43)) - raft.server.sleep.deviation.threshold = 300 (default)
2019-07-15 13:54:02,623 INFO  server.RaftServerConfigKeys (ConfUtils.java:logGet(43)) - raft.server.log.appender.install.snapshot.enabled = false (custom)
2019-07-15 13:54:02,622 INFO  server.RaftServerConfigKeys (ConfUtils.java:logGet(43)) - raft.server.rpcslowness.timeout = 120s (custom)
2019-07-15 13:54:02,623 INFO  impl.RaftServerImpl (ServerState.java:<init>(105)) - b3efe6c9-7a7d-46ff-b4ca-b1494c62621b:group-7F82DAA57633 ConfigurationManager, init=-1: [b3efe6c9-7a7d-46ff-b4ca-b1494c62621b:192.168.157.240:40561, ddc318da-a287-4568-9718-6535bb14cce7:192.168.157.240:41762, 599cfdd8-f0ea-4b89-9be2-3d1e39bad0bd:192.168.157.240:46644], old=null, confs=<EMPTY_MAP>
2019-07-15 13:54:02,623 INFO  server.RaftServerConfigKeys (ConfUtils.java:logGet(43)) - raft.server.rpcslowness.timeout = 120s (custom)
2019-07-15 13:54:02,624 INFO  server.RaftServerConfigKeys (ConfUtils.java:logGet(43)) - raft.server.storage.dir = [/workdir/hadoop-ozone/integration-test/target/test-dir/MiniOzoneClusterImpl-7e5209a1-d222-4590-9047-fbd607b1adce/datanode-3/data/ratis] (custom)
2019-07-15 13:54:02,623 INFO  server.RaftServerConfigKeys (ConfUtils.java:logGet(43)) - raft.server.sleep.deviation.threshold = 300 (default)
2019-07-15 13:54:02,624 INFO  server.RaftServerConfigKeys (ConfUtils.java:logGet(43)) - raft.server.sleep.deviation.threshold = 300 (default)
2019-07-15 13:54:02,624 INFO  storage.RaftStorageDirectory (RaftStorageDirectory.java:analyzeStorage(246)) - The storage directory /workdir/hadoop-ozone/integration-test/target/test-dir/MiniOzoneClusterImpl-7e5209a1-d222-4590-9047-fbd607b1adce/datanode-3/data/ratis/d9f32e28-d19c-4924-ba20-7f82daa57633 does not exist. Creating ...
2019-07-15 13:54:02,624 INFO  server.RaftServerConfigKeys (ConfUtils.java:logGet(43)) - raft.server.log.appender.install.snapshot.enabled = false (custom)
2019-07-15 13:54:02,624 INFO  server.RaftServerConfigKeys (ConfUtils.java:logGet(43)) - raft.server.log.appender.install.snapshot.enabled = false (custom)
2019-07-15 13:54:02,624 INFO  impl.RaftServerImpl (ServerState.java:<init>(105)) - 599cfdd8-f0ea-4b89-9be2-3d1e39bad0bd:group-7F82DAA57633 ConfigurationManager, init=-1: [b3efe6c9-7a7d-46ff-b4ca-b1494c62621b:192.168.157.240:40561, ddc318da-a287-4568-9718-6535bb14cce7:192.168.157.240:41762, 599cfdd8-f0ea-4b89-9be2-3d1e39bad0bd:192.168.157.240:46644], old=null, confs=<EMPTY_MAP>
2019-07-15 13:54:02,625 INFO  impl.RaftServerImpl (ServerState.java:<init>(105)) - ddc318da-a287-4568-9718-6535bb14cce7:group-7F82DAA57633 ConfigurationManager, init=-1: [b3efe6c9-7a7d-46ff-b4ca-b1494c62621b:192.168.157.240:40561, ddc318da-a287-4568-9718-6535bb14cce7:192.168.157.240:41762, 599cfdd8-f0ea-4b89-9be2-3d1e39bad0bd:192.168.157.240:46644], old=null, confs=<EMPTY_MAP>
2019-07-15 13:54:02,625 INFO  server.RaftServerConfigKeys (ConfUtils.java:logGet(43)) - raft.server.storage.dir = [/workdir/hadoop-ozone/integration-test/target/test-dir/MiniOzoneClusterImpl-7e5209a1-d222-4590-9047-fbd607b1adce/datanode-4/data/ratis] (custom)
2019-07-15 13:54:02,625 INFO  server.RaftServerConfigKeys (ConfUtils.java:logGet(43)) - raft.server.storage.dir = [/workdir/hadoop-ozone/integration-test/target/test-dir/MiniOzoneClusterImpl-7e5209a1-d222-4590-9047-fbd607b1adce/datanode-5/data/ratis] (custom)
2019-07-15 13:54:02,625 INFO  storage.RaftStorageDirectory (RaftStorageDirectory.java:analyzeStorage(246)) - The storage directory /workdir/hadoop-ozone/integration-test/target/test-dir/MiniOzoneClusterImpl-7e5209a1-d222-4590-9047-fbd607b1adce/datanode-4/data/ratis/d9f32e28-d19c-4924-ba20-7f82daa57633 does not exist. Creating ...
2019-07-15 13:54:02,625 INFO  storage.RaftStorageDirectory (RaftStorageDirectory.java:analyzeStorage(246)) - The storage directory /workdir/hadoop-ozone/integration-test/target/test-dir/MiniOzoneClusterImpl-7e5209a1-d222-4590-9047-fbd607b1adce/datanode-5/data/ratis/d9f32e28-d19c-4924-ba20-7f82daa57633 does not exist. Creating ...
2019-07-15 13:54:02,637 INFO  storage.RaftStorageDirectory (RaftStorageDirectory.java:tryLock(328)) - Lock on /workdir/hadoop-ozone/integration-test/target/test-dir/MiniOzoneClusterImpl-7e5209a1-d222-4590-9047-fbd607b1adce/datanode-5/data/ratis/d9f32e28-d19c-4924-ba20-7f82daa57633/in_use.lock acquired by nodename 27196@trunk-nightly-hvlc9-701369690
2019-07-15 13:54:02,637 INFO  storage.RaftStorageDirectory (RaftStorageDirectory.java:tryLock(328)) - Lock on /workdir/hadoop-ozone/integration-test/target/test-dir/MiniOzoneClusterImpl-7e5209a1-d222-4590-9047-fbd607b1adce/datanode-3/data/ratis/d9f32e28-d19c-4924-ba20-7f82daa57633/in_use.lock acquired by nodename 27196@trunk-nightly-hvlc9-701369690
2019-07-15 13:54:02,637 INFO  storage.RaftStorageDirectory (RaftStorageDirectory.java:tryLock(328)) - Lock on /workdir/hadoop-ozone/integration-test/target/test-dir/MiniOzoneClusterImpl-7e5209a1-d222-4590-9047-fbd607b1adce/datanode-4/data/ratis/d9f32e28-d19c-4924-ba20-7f82daa57633/in_use.lock acquired by nodename 27196@trunk-nightly-hvlc9-701369690
2019-07-15 13:54:02,651 INFO  storage.RaftStorage (RaftStorage.java:format(72)) - Storage directory /workdir/hadoop-ozone/integration-test/target/test-dir/MiniOzoneClusterImpl-7e5209a1-d222-4590-9047-fbd607b1adce/datanode-3/data/ratis/d9f32e28-d19c-4924-ba20-7f82daa57633 has been successfully formatted.
2019-07-15 13:54:02,651 INFO  storage.RaftStorage (RaftStorage.java:format(72)) - Storage directory /workdir/hadoop-ozone/integration-test/target/test-dir/MiniOzoneClusterImpl-7e5209a1-d222-4590-9047-fbd607b1adce/datanode-4/data/ratis/d9f32e28-d19c-4924-ba20-7f82daa57633 has been successfully formatted.
2019-07-15 13:54:02,652 INFO  ratis.ContainerStateMachine (ContainerStateMachine.java:loadSnapshot(200)) - group-7F82DAA57633: The snapshot info is null. Setting the last applied indexto:(t:0, i:~)
2019-07-15 13:54:02,651 INFO  storage.RaftStorage (RaftStorage.java:format(72)) - Storage directory /workdir/hadoop-ozone/integration-test/target/test-dir/MiniOzoneClusterImpl-7e5209a1-d222-4590-9047-fbd607b1adce/datanode-5/data/ratis/d9f32e28-d19c-4924-ba20-7f82daa57633 has been successfully formatted.
2019-07-15 13:54:02,652 INFO  server.RaftServerConfigKeys (ConfUtils.java:logGet(43)) - raft.server.leader.election.timeout = 120s (custom)
2019-07-15 13:54:02,652 INFO  ratis.ContainerStateMachine (ContainerStateMachine.java:loadSnapshot(200)) - group-7F82DAA57633: The snapshot info is null. Setting the last applied indexto:(t:0, i:~)
2019-07-15 13:54:02,652 INFO  server.RaftServerConfigKeys (ConfUtils.java:logGet(43)) - raft.server.log.use.memory = false (default)
2019-07-15 13:54:02,652 INFO  ratis.ContainerStateMachine (ContainerStateMachine.java:loadSnapshot(200)) - group-7F82DAA57633: The snapshot info is null. Setting the last applied indexto:(t:0, i:~)
2019-07-15 13:54:02,652 INFO  server.RaftServerConfigKeys (ConfUtils.java:logGet(43)) - raft.server.log.purge.gap = 1000000000 (custom)
2019-07-15 13:54:02,652 INFO  server.RaftServerConfigKeys (ConfUtils.java:logGet(43)) - raft.server.leader.election.timeout = 120s (custom)
2019-07-15 13:54:02,653 INFO  server.RaftServerConfigKeys (ConfUtils.java:logGet(43)) - raft.server.log.appender.buffer.byte-limit = 33554432 (custom)
2019-07-15 13:54:02,653 INFO  server.RaftServerConfigKeys (ConfUtils.java:logGet(43)) - raft.server.leader.election.timeout = 120s (custom)
2019-07-15 13:54:02,653 INFO  server.RaftServerConfigKeys (ConfUtils.java:logGet(43)) - raft.server.log.segment.size.max = 1048576 (custom)
2019-07-15 13:54:02,653 INFO  server.RaftServerConfigKeys (ConfUtils.java:logGet(43)) - raft.server.log.use.memory = false (default)
2019-07-15 13:54:02,653 INFO  server.RaftServerConfigKeys (ConfUtils.java:logGet(43)) - raft.server.log.segment.cache.num.max = 2 (custom)
2019-07-15 13:54:02,653 INFO  server.RaftServerConfigKeys (ConfUtils.java:logGet(43)) - raft.server.log.use.memory = false (default)
2019-07-15 13:54:02,654 INFO  segmented.SegmentedRaftLogWorker (SegmentedRaftLogWorker.java:<init>(172)) - new b3efe6c9-7a7d-46ff-b4ca-b1494c62621b-SegmentedRaftLogWorker:Storage Directory /workdir/hadoop-ozone/integration-test/target/test-dir/MiniOzoneClusterImpl-7e5209a1-d222-4590-9047-fbd607b1adce/datanode-3/data/ratis/d9f32e28-d19c-4924-ba20-7f82daa57633 for RaftStorage:Storage Directory /workdir/hadoop-ozone/integration-test/target/test-dir/MiniOzoneClusterImpl-7e5209a1-d222-4590-9047-fbd607b1adce/datanode-3/data/ratis/d9f32e28-d19c-4924-ba20-7f82daa57633
2019-07-15 13:54:02,654 INFO  server.RaftServerConfigKeys (ConfUtils.java:logGet(43)) - raft.server.log.purge.gap = 1000000000 (custom)
2019-07-15 13:54:02,654 INFO  server.RaftServerConfigKeys (ConfUtils.java:logGet(43)) - raft.server.log.queue.byte-limit = 2147483647 (custom)
2019-07-15 13:54:02,654 INFO  server.RaftServerConfigKeys (ConfUtils.java:logGet(43)) - raft.server.log.purge.gap = 1000000000 (custom)
2019-07-15 13:54:02,654 INFO  server.RaftServerConfigKeys (ConfUtils.java:logGet(43)) - raft.server.log.queue.element-limit = 1024 (custom)
2019-07-15 13:54:02,654 INFO  server.RaftServerConfigKeys (ConfUtils.java:logGet(43)) - raft.server.log.appender.buffer.byte-limit = 33554432 (custom)
2019-07-15 13:54:02,655 INFO  server.RaftServerConfigKeys (ConfUtils.java:logGet(43)) - raft.server.log.segment.size.max = 1048576 (custom)
2019-07-15 13:54:02,654 INFO  server.RaftServerConfigKeys (ConfUtils.java:logGet(43)) - raft.server.log.appender.buffer.byte-limit = 33554432 (custom)
2019-07-15 13:54:02,655 INFO  server.RaftServerConfigKeys (ConfUtils.java:logGet(43)) - raft.server.log.preallocated.size = 16384 (custom)
2019-07-15 13:54:02,655 INFO  server.RaftServerConfigKeys (ConfUtils.java:logGet(43)) - raft.server.log.write.buffer.size = 33554432 (custom)
2019-07-15 13:54:02,655 INFO  server.RaftServerConfigKeys (ConfUtils.java:logGet(43)) - raft.server.log.segment.size.max = 1048576 (custom)
2019-07-15 13:54:02,655 INFO  server.RaftServerConfigKeys (ConfUtils.java:logGet(43)) - raft.server.log.force.sync.num = 128 (default)
2019-07-15 13:54:02,656 INFO  server.RaftServerConfigKeys (ConfUtils.java:logGet(43)) - raft.server.log.statemachine.data.sync = true (default)
2019-07-15 13:54:02,655 INFO  server.RaftServerConfigKeys (ConfUtils.java:logGet(43)) - raft.server.log.segment.size.max = 1048576 (custom)
2019-07-15 13:54:02,656 INFO  server.RaftServerConfigKeys (ConfUtils.java:logGet(43)) - raft.server.log.statemachine.data.sync.timeout = 10s (default)
2019-07-15 13:54:02,656 INFO  server.RaftServerConfigKeys (ConfUtils.java:logGet(43)) - raft.server.log.statemachine.data.sync.timeout.retry = -1 (default)
2019-07-15 13:54:02,656 INFO  server.RaftServerConfigKeys (ConfUtils.java:logGet(43)) - raft.server.log.segment.cache.num.max = 2 (custom)
2019-07-15 13:54:02,656 INFO  server.RaftServerConfigKeys (ConfUtils.java:logGet(43)) - raft.server.log.statemachine.data.caching.enabled = true (custom)
2019-07-15 13:54:02,656 INFO  server.RaftServerConfigKeys (ConfUtils.java:logGet(43)) - raft.server.log.segment.cache.num.max = 2 (custom)
2019-07-15 13:54:02,657 INFO  segmented.SegmentedRaftLogWorker (SegmentedRaftLogWorker.java:lambda$new$0(132)) - b3efe6c9-7a7d-46ff-b4ca-b1494c62621b-SegmentedRaftLogWorker:Storage Directory /workdir/hadoop-ozone/integration-test/target/test-dir/MiniOzoneClusterImpl-7e5209a1-d222-4590-9047-fbd607b1adce/datanode-3/data/ratis/d9f32e28-d19c-4924-ba20-7f82daa57633: flushIndex: setUnconditionally 0 -> -1
2019-07-15 13:54:02,657 INFO  segmented.SegmentedRaftLogWorker (SegmentedRaftLogWorker.java:<init>(172)) - new 599cfdd8-f0ea-4b89-9be2-3d1e39bad0bd-SegmentedRaftLogWorker:Storage Directory /workdir/hadoop-ozone/integration-test/target/test-dir/MiniOzoneClusterImpl-7e5209a1-d222-4590-9047-fbd607b1adce/datanode-4/data/ratis/d9f32e28-d19c-4924-ba20-7f82daa57633 for RaftStorage:Storage Directory /workdir/hadoop-ozone/integration-test/target/test-dir/MiniOzoneClusterImpl-7e5209a1-d222-4590-9047-fbd607b1adce/datanode-4/data/ratis/d9f32e28-d19c-4924-ba20-7f82daa57633
2019-07-15 13:54:02,657 INFO  segmented.SegmentedRaftLogWorker (SegmentedRaftLogWorker.java:<init>(172)) - new ddc318da-a287-4568-9718-6535bb14cce7-SegmentedRaftLogWorker:Storage Directory /workdir/hadoop-ozone/integration-test/target/test-dir/MiniOzoneClusterImpl-7e5209a1-d222-4590-9047-fbd607b1adce/datanode-5/data/ratis/d9f32e28-d19c-4924-ba20-7f82daa57633 for RaftStorage:Storage Directory /workdir/hadoop-ozone/integration-test/target/test-dir/MiniOzoneClusterImpl-7e5209a1-d222-4590-9047-fbd607b1adce/datanode-5/data/ratis/d9f32e28-d19c-4924-ba20-7f82daa57633
2019-07-15 13:54:02,657 INFO  server.RaftServerConfigKeys (ConfUtils.java:logGet(43)) - raft.server.log.queue.byte-limit = 2147483647 (custom)
2019-07-15 13:54:02,657 INFO  server.RaftServerConfigKeys (ConfUtils.java:logGet(43)) - raft.server.snapshot.auto.trigger.enabled = true (custom)
2019-07-15 13:54:02,658 INFO  server.RaftServerConfigKeys (ConfUtils.java:logGet(43)) - raft.server.log.queue.element-limit = 1024 (custom)
2019-07-15 13:54:02,657 INFO  server.RaftServerConfigKeys (ConfUtils.java:logGet(43)) - raft.server.log.queue.byte-limit = 2147483647 (custom)
2019-07-15 13:54:02,658 INFO  server.RaftServerConfigKeys (ConfUtils.java:logGet(43)) - raft.server.log.segment.size.max = 1048576 (custom)
2019-07-15 13:54:02,658 INFO  server.RaftServerConfigKeys (ConfUtils.java:logGet(43)) - raft.server.snapshot.auto.trigger.threshold = 10000 (custom)
2019-07-15 13:54:02,658 INFO  server.RaftServerConfigKeys (ConfUtils.java:logGet(43)) - raft.server.log.preallocated.size = 16384 (custom)
2019-07-15 13:54:02,658 INFO  server.RaftServerConfigKeys (ConfUtils.java:logGet(43)) - raft.server.log.queue.element-limit = 1024 (custom)
2019-07-15 13:54:02,659 INFO  server.RaftServerConfigKeys (ConfUtils.java:logGet(43)) - raft.server.log.write.buffer.size = 33554432 (custom)
2019-07-15 13:54:02,659 INFO  server.RaftServerConfigKeys (ConfUtils.java:logGet(43)) - raft.server.log.force.sync.num = 128 (default)
2019-07-15 13:54:02,658 INFO  server.RaftServerConfigKeys (ConfUtils.java:logGet(43)) - raft.server.retrycache.expirytime = 600000ms (custom)
2019-07-15 13:54:02,659 INFO  server.RaftServerConfigKeys (ConfUtils.java:logGet(43)) - raft.server.log.statemachine.data.sync = true (default)
2019-07-15 13:54:02,659 INFO  server.RaftServerConfigKeys (ConfUtils.java:logGet(43)) - raft.server.log.statemachine.data.sync.timeout = 10s (default)
2019-07-15 13:54:02,659 INFO  server.RaftServerConfigKeys (ConfUtils.java:logGet(43)) - raft.server.log.segment.size.max = 1048576 (custom)
2019-07-15 13:54:02,659 INFO  server.RaftServerConfigKeys (ConfUtils.java:logGet(43)) - raft.server.log.statemachine.data.sync.timeout.retry = -1 (default)
2019-07-15 13:54:02,659 INFO  impl.RaftServerImpl (RaftServerImpl.java:start(180)) - b3efe6c9-7a7d-46ff-b4ca-b1494c62621b: start group-7F82DAA57633
2019-07-15 13:54:02,660 INFO  server.RaftServerConfigKeys (ConfUtils.java:logGet(43)) - raft.server.log.statemachine.data.caching.enabled = true (custom)
2019-07-15 13:54:02,660 INFO  server.RaftServerConfigKeys (ConfUtils.java:logGet(43)) - raft.server.log.preallocated.size = 16384 (custom)
2019-07-15 13:54:02,660 INFO  segmented.SegmentedRaftLogWorker (SegmentedRaftLogWorker.java:lambda$new$0(132)) - 599cfdd8-f0ea-4b89-9be2-3d1e39bad0bd-SegmentedRaftLogWorker:Storage Directory /workdir/hadoop-ozone/integration-test/target/test-dir/MiniOzoneClusterImpl-7e5209a1-d222-4590-9047-fbd607b1adce/datanode-4/data/ratis/d9f32e28-d19c-4924-ba20-7f82daa57633: flushIndex: setUnconditionally 0 -> -1
2019-07-15 13:54:02,660 INFO  impl.RaftServerImpl (RaftServerImpl.java:setRole(171)) - b3efe6c9-7a7d-46ff-b4ca-b1494c62621b:group-7F82DAA57633 changes role from null to FOLLOWER at term 0 for startAsFollower
2019-07-15 13:54:02,660 INFO  server.RaftServerConfigKeys (ConfUtils.java:logGet(43)) - raft.server.log.write.buffer.size = 33554432 (custom)
2019-07-15 13:54:02,661 INFO  server.RaftServerConfigKeys (ConfUtils.java:logGet(43)) - raft.server.snapshot.auto.trigger.enabled = true (custom)
2019-07-15 13:54:02,661 INFO  impl.RoleInfo (RoleInfo.java:updateAndGet(143)) - b3efe6c9-7a7d-46ff-b4ca-b1494c62621b: start FollowerState
2019-07-15 13:54:02,661 INFO  server.RaftServerConfigKeys (ConfUtils.java:logGet(43)) - raft.server.snapshot.auto.trigger.threshold = 10000 (custom)
2019-07-15 13:54:02,661 INFO  server.RaftServerConfigKeys (ConfUtils.java:logGet(43)) - raft.server.log.force.sync.num = 128 (default)
2019-07-15 13:54:02,661 INFO  server.RaftServerConfigKeys (ConfUtils.java:logGet(43)) - raft.server.retrycache.expirytime = 600000ms (custom)
2019-07-15 13:54:02,661 INFO  util.JmxRegister (JmxRegister.java:tryRegister(44)) - Successfully registered JMX Bean with object name Ratis:service=RaftServer,group=group-7F82DAA57633,id=b3efe6c9-7a7d-46ff-b4ca-b1494c62621b
2019-07-15 13:54:02,661 INFO  server.RaftServerConfigKeys (ConfUtils.java:logGet(43)) - raft.server.log.statemachine.data.sync = true (default)
2019-07-15 13:54:02,661 INFO  impl.RaftServerImpl (RaftServerImpl.java:start(180)) - 599cfdd8-f0ea-4b89-9be2-3d1e39bad0bd: start group-7F82DAA57633
2019-07-15 13:54:02,662 INFO  server.RaftServerConfigKeys (ConfUtils.java:logGet(43)) - raft.server.log.statemachine.data.sync.timeout = 10s (default)
2019-07-15 13:54:02,662 INFO  impl.RaftServerImpl (RaftServerImpl.java:setRole(171)) - 599cfdd8-f0ea-4b89-9be2-3d1e39bad0bd:group-7F82DAA57633 changes role from null to FOLLOWER at term 0 for startAsFollower
2019-07-15 13:54:02,662 INFO  server.RaftServerConfigKeys (ConfUtils.java:logGet(43)) - raft.server.log.statemachine.data.sync.timeout.retry = -1 (default)
2019-07-15 13:54:02,662 INFO  impl.RoleInfo (RoleInfo.java:updateAndGet(143)) - 599cfdd8-f0ea-4b89-9be2-3d1e39bad0bd: start FollowerState
2019-07-15 13:54:02,662 INFO  server.RaftServerConfigKeys (ConfUtils.java:logGet(43)) - raft.server.log.statemachine.data.caching.enabled = true (custom)
2019-07-15 13:54:02,663 INFO  util.JmxRegister (JmxRegister.java:tryRegister(44)) - Successfully registered JMX Bean with object name Ratis:service=RaftServer,group=group-7F82DAA57633,id=599cfdd8-f0ea-4b89-9be2-3d1e39bad0bd
2019-07-15 13:54:02,663 INFO  segmented.SegmentedRaftLogWorker (SegmentedRaftLogWorker.java:lambda$new$0(132)) - ddc318da-a287-4568-9718-6535bb14cce7-SegmentedRaftLogWorker:Storage Directory /workdir/hadoop-ozone/integration-test/target/test-dir/MiniOzoneClusterImpl-7e5209a1-d222-4590-9047-fbd607b1adce/datanode-5/data/ratis/d9f32e28-d19c-4924-ba20-7f82daa57633: flushIndex: setUnconditionally 0 -> -1
2019-07-15 13:54:02,663 INFO  server.RaftServerConfigKeys (ConfUtils.java:logGet(43)) - raft.server.snapshot.auto.trigger.enabled = true (custom)
2019-07-15 13:54:02,663 INFO  server.RaftServerConfigKeys (ConfUtils.java:logGet(43)) - raft.server.snapshot.auto.trigger.threshold = 10000 (custom)
2019-07-15 13:54:02,663 INFO  server.RaftServerConfigKeys (ConfUtils.java:logGet(43)) - raft.server.retrycache.expirytime = 600000ms (custom)
2019-07-15 13:54:02,664 INFO  impl.RaftServerImpl (RaftServerImpl.java:start(180)) - ddc318da-a287-4568-9718-6535bb14cce7: start group-7F82DAA57633
2019-07-15 13:54:02,664 INFO  impl.RaftServerImpl (RaftServerImpl.java:setRole(171)) - ddc318da-a287-4568-9718-6535bb14cce7:group-7F82DAA57633 changes role from null to FOLLOWER at term 0 for startAsFollower
2019-07-15 13:54:02,664 INFO  impl.RoleInfo (RoleInfo.java:updateAndGet(143)) - ddc318da-a287-4568-9718-6535bb14cce7: start FollowerState
2019-07-15 13:54:02,664 INFO  util.JmxRegister (JmxRegister.java:tryRegister(44)) - Successfully registered JMX Bean with object name Ratis:service=RaftServer,group=group-7F82DAA57633,id=ddc318da-a287-4568-9718-6535bb14cce7
2019-07-15 13:54:02,666 INFO  pipeline.PipelineStateManager (PipelineStateManager.java:addPipeline(56)) - Created pipeline Pipeline[ Id: d9f32e28-d19c-4924-ba20-7f82daa57633, Nodes: ddc318da-a287-4568-9718-6535bb14cce7{ip: 192.168.157.240, host: trunk-nightly-hvlc9-701369690, networkLocation: /default-rack, certSerialId: null}599cfdd8-f0ea-4b89-9be2-3d1e39bad0bd{ip: 192.168.157.240, host: trunk-nightly-hvlc9-701369690, networkLocation: /default-rack, certSerialId: null}b3efe6c9-7a7d-46ff-b4ca-b1494c62621b{ip: 192.168.157.240, host: trunk-nightly-hvlc9-701369690, networkLocation: /default-rack, certSerialId: null}, Type:RATIS, Factor:THREE, State:OPEN]
2019-07-15 13:54:02,719 INFO  ozone.MiniOzoneClusterImpl (MiniOzoneClusterImpl.java:lambda$waitForClusterToBeReady$0(142)) - Waiting for cluster to be ready. Got 6 of 7 DN Heartbeats.
2019-07-15 13:54:02,723 INFO  node.SCMNodeManager (SCMNodeManager.java:register(269)) - Registered Data node : 3bafa17e-9d65-4d1d-ac84-d3d77c792421{ip: 192.168.157.240, host: trunk-nightly-hvlc9-701369690, networkLocation: /default-rack, certSerialId: null}
2019-07-15 13:54:02,732 INFO  impl.RaftServerProxy (RaftServerProxy.java:addNew(89)) - 3bafa17e-9d65-4d1d-ac84-d3d77c792421: addNew group-A6796B6F94A7:[3bafa17e-9d65-4d1d-ac84-d3d77c792421:192.168.157.240:36546] returns group-A6796B6F94A7:java.util.concurrent.CompletableFuture@58415a59[Not completed]
2019-07-15 13:54:02,733 INFO  impl.RaftServerImpl (RaftServerImpl.java:<init>(93)) - 3bafa17e-9d65-4d1d-ac84-d3d77c792421: new RaftServerImpl for group-A6796B6F94A7:[3bafa17e-9d65-4d1d-ac84-d3d77c792421:192.168.157.240:36546] with ContainerStateMachine:uninitialized
2019-07-15 13:54:02,733 INFO  server.RaftServerConfigKeys (ConfUtils.java:logGet(43)) - raft.server.rpc.timeout.min = 5s (custom)
2019-07-15 13:54:02,733 INFO  server.RaftServerConfigKeys (ConfUtils.java:logGet(43)) - raft.server.rpc.timeout.max = 5200ms (custom)
2019-07-15 13:54:02,733 INFO  server.RaftServerConfigKeys (ConfUtils.java:logGet(43)) - raft.server.rpcslowness.timeout = 120s (custom)
2019-07-15 13:54:02,734 INFO  server.RaftServerConfigKeys (ConfUtils.java:logGet(43)) - raft.server.sleep.deviation.threshold = 300 (default)
2019-07-15 13:54:02,734 INFO  server.RaftServerConfigKeys (ConfUtils.java:logGet(43)) - raft.server.log.appender.install.snapshot.enabled = false (custom)
2019-07-15 13:54:02,734 INFO  impl.RaftServerImpl (ServerState.java:<init>(105)) - 3bafa17e-9d65-4d1d-ac84-d3d77c792421:group-A6796B6F94A7 ConfigurationManager, init=-1: [3bafa17e-9d65-4d1d-ac84-d3d77c792421:192.168.157.240:36546], old=null, confs=<EMPTY_MAP>
2019-07-15 13:54:02,734 INFO  server.RaftServerConfigKeys (ConfUtils.java:logGet(43)) - raft.server.storage.dir = [/workdir/hadoop-ozone/integration-test/target/test-dir/MiniOzoneClusterImpl-7e5209a1-d222-4590-9047-fbd607b1adce/datanode-6/data/ratis] (custom)
2019-07-15 13:54:02,734 INFO  storage.RaftStorageDirectory (RaftStorageDirectory.java:analyzeStorage(246)) - The storage directory /workdir/hadoop-ozone/integration-test/target/test-dir/MiniOzoneClusterImpl-7e5209a1-d222-4590-9047-fbd607b1adce/datanode-6/data/ratis/fb82771e-ccca-40ff-8a82-a6796b6f94a7 does not exist. Creating ...
2019-07-15 13:54:02,747 INFO  storage.RaftStorageDirectory (RaftStorageDirectory.java:tryLock(328)) - Lock on /workdir/hadoop-ozone/integration-test/target/test-dir/MiniOzoneClusterImpl-7e5209a1-d222-4590-9047-fbd607b1adce/datanode-6/data/ratis/fb82771e-ccca-40ff-8a82-a6796b6f94a7/in_use.lock acquired by nodename 27196@trunk-nightly-hvlc9-701369690
2019-07-15 13:54:02,761 INFO  storage.RaftStorage (RaftStorage.java:format(72)) - Storage directory /workdir/hadoop-ozone/integration-test/target/test-dir/MiniOzoneClusterImpl-7e5209a1-d222-4590-9047-fbd607b1adce/datanode-6/data/ratis/fb82771e-ccca-40ff-8a82-a6796b6f94a7 has been successfully formatted.
2019-07-15 13:54:02,761 INFO  ratis.ContainerStateMachine (ContainerStateMachine.java:loadSnapshot(200)) - group-A6796B6F94A7: The snapshot info is null. Setting the last applied indexto:(t:0, i:~)
2019-07-15 13:54:02,761 INFO  server.RaftServerConfigKeys (ConfUtils.java:logGet(43)) - raft.server.leader.election.timeout = 120s (custom)
2019-07-15 13:54:02,761 INFO  server.RaftServerConfigKeys (ConfUtils.java:logGet(43)) - raft.server.log.use.memory = false (default)
2019-07-15 13:54:02,761 INFO  server.RaftServerConfigKeys (ConfUtils.java:logGet(43)) - raft.server.log.purge.gap = 1000000000 (custom)
2019-07-15 13:54:02,762 INFO  server.RaftServerConfigKeys (ConfUtils.java:logGet(43)) - raft.server.log.appender.buffer.byte-limit = 33554432 (custom)
2019-07-15 13:54:02,762 INFO  server.RaftServerConfigKeys (ConfUtils.java:logGet(43)) - raft.server.log.segment.size.max = 1048576 (custom)
2019-07-15 13:54:02,762 INFO  server.RaftServerConfigKeys (ConfUtils.java:logGet(43)) - raft.server.log.segment.cache.num.max = 2 (custom)
2019-07-15 13:54:02,762 INFO  segmented.SegmentedRaftLogWorker (SegmentedRaftLogWorker.java:<init>(172)) - new 3bafa17e-9d65-4d1d-ac84-d3d77c792421-SegmentedRaftLogWorker:Storage Directory /workdir/hadoop-ozone/integration-test/target/test-dir/MiniOzoneClusterImpl-7e5209a1-d222-4590-9047-fbd607b1adce/datanode-6/data/ratis/fb82771e-ccca-40ff-8a82-a6796b6f94a7 for RaftStorage:Storage Directory /workdir/hadoop-ozone/integration-test/target/test-dir/MiniOzoneClusterImpl-7e5209a1-d222-4590-9047-fbd607b1adce/datanode-6/data/ratis/fb82771e-ccca-40ff-8a82-a6796b6f94a7
2019-07-15 13:54:02,762 INFO  server.RaftServerConfigKeys (ConfUtils.java:logGet(43)) - raft.server.log.queue.byte-limit = 2147483647 (custom)
2019-07-15 13:54:02,762 INFO  server.RaftServerConfigKeys (ConfUtils.java:logGet(43)) - raft.server.log.queue.element-limit = 1024 (custom)
2019-07-15 13:54:02,763 INFO  server.RaftServerConfigKeys (ConfUtils.java:logGet(43)) - raft.server.log.segment.size.max = 1048576 (custom)
2019-07-15 13:54:02,763 INFO  server.RaftServerConfigKeys (ConfUtils.java:logGet(43)) - raft.server.log.preallocated.size = 16384 (custom)
2019-07-15 13:54:02,763 INFO  server.RaftServerConfigKeys (ConfUtils.java:logGet(43)) - raft.server.log.write.buffer.size = 33554432 (custom)
2019-07-15 13:54:02,763 INFO  server.RaftServerConfigKeys (ConfUtils.java:logGet(43)) - raft.server.log.force.sync.num = 128 (default)
2019-07-15 13:54:02,763 INFO  server.RaftServerConfigKeys (ConfUtils.java:logGet(43)) - raft.server.log.statemachine.data.sync = true (default)
2019-07-15 13:54:02,763 INFO  server.RaftServerConfigKeys (ConfUtils.java:logGet(43)) - raft.server.log.statemachine.data.sync.timeout = 10s (default)
2019-07-15 13:54:02,763 INFO  server.RaftServerConfigKeys (ConfUtils.java:logGet(43)) - raft.server.log.statemachine.data.sync.timeout.retry = -1 (default)
2019-07-15 13:54:02,764 INFO  server.RaftServerConfigKeys (ConfUtils.java:logGet(43)) - raft.server.log.statemachine.data.caching.enabled = true (custom)
2019-07-15 13:54:02,764 INFO  segmented.SegmentedRaftLogWorker (SegmentedRaftLogWorker.java:lambda$new$0(132)) - 3bafa17e-9d65-4d1d-ac84-d3d77c792421-SegmentedRaftLogWorker:Storage Directory /workdir/hadoop-ozone/integration-test/target/test-dir/MiniOzoneClusterImpl-7e5209a1-d222-4590-9047-fbd607b1adce/datanode-6/data/ratis/fb82771e-ccca-40ff-8a82-a6796b6f94a7: flushIndex: setUnconditionally 0 -> -1
2019-07-15 13:54:02,764 INFO  server.RaftServerConfigKeys (ConfUtils.java:logGet(43)) - raft.server.snapshot.auto.trigger.enabled = true (custom)
2019-07-15 13:54:02,765 INFO  server.RaftServerConfigKeys (ConfUtils.java:logGet(43)) - raft.server.snapshot.auto.trigger.threshold = 10000 (custom)
2019-07-15 13:54:02,765 INFO  server.RaftServerConfigKeys (ConfUtils.java:logGet(43)) - raft.server.retrycache.expirytime = 600000ms (custom)
2019-07-15 13:54:02,765 INFO  impl.RaftServerImpl (RaftServerImpl.java:start(180)) - 3bafa17e-9d65-4d1d-ac84-d3d77c792421: start group-A6796B6F94A7
2019-07-15 13:54:02,765 INFO  impl.RaftServerImpl (RaftServerImpl.java:setRole(171)) - 3bafa17e-9d65-4d1d-ac84-d3d77c792421:group-A6796B6F94A7 changes role from null to FOLLOWER at term 0 for startAsFollower
2019-07-15 13:54:02,765 INFO  impl.RoleInfo (RoleInfo.java:updateAndGet(143)) - 3bafa17e-9d65-4d1d-ac84-d3d77c792421: start FollowerState
2019-07-15 13:54:02,766 INFO  util.JmxRegister (JmxRegister.java:tryRegister(44)) - Successfully registered JMX Bean with object name Ratis:service=RaftServer,group=group-A6796B6F94A7,id=3bafa17e-9d65-4d1d-ac84-d3d77c792421
2019-07-15 13:54:02,767 INFO  pipeline.PipelineStateManager (PipelineStateManager.java:addPipeline(56)) - Created pipeline Pipeline[ Id: fb82771e-ccca-40ff-8a82-a6796b6f94a7, Nodes: 3bafa17e-9d65-4d1d-ac84-d3d77c792421{ip: 192.168.157.240, host: trunk-nightly-hvlc9-701369690, networkLocation: /default-rack, certSerialId: null}, Type:RATIS, Factor:ONE, State:OPEN]
2019-07-15 13:54:03,720 INFO  ozone.MiniOzoneClusterImpl (MiniOzoneClusterImpl.java:lambda$waitForClusterToBeReady$0(142)) - Cluster is ready. Got 7 of 7 DN Heartbeats.
2019-07-15 13:54:03,753 INFO  rpc.RpcClient (RpcClient.java:createVolume(287)) - Creating Volume: testblockoutputstream, with jenkins1000 as owner.
2019-07-15 13:54:03,769 INFO  rpc.RpcClient (RpcClient.java:createBucket(424)) - Creating Bucket: testblockoutputstream/testblockoutputstream, with Versioning false and Storage Type set to DISK and Encryption set to false 
2019-07-15 13:54:03,799 INFO  client.GrpcClientProtocolClient (GrpcClientProtocolClient.java:onNext(255)) - client-245D1D239751->a287c7fb-b8c0-4ae6-bb67-c358d10a08ae: receive RaftClientReply:client-245D1D239751->a287c7fb-b8c0-4ae6-bb67-c358d10a08ae@group-2EFE8318631E, cid=206, FAILED org.apache.ratis.protocol.NotLeaderException: Server a287c7fb-b8c0-4ae6-bb67-c358d10a08ae is not the leader (null). Request must be sent to leader., logIndex=0, commits[a287c7fb-b8c0-4ae6-bb67-c358d10a08ae:c-1]
2019-07-15 13:54:04,496 INFO  container.ReplicationManager (ReplicationManager.java:start(155)) - Starting Replication Monitor Thread.
2019-07-15 13:54:04,500 INFO  container.ReplicationManager (ReplicationManager.java:run(207)) - Replication Monitor Thread took 0 milliseconds for processing 1 containers.
2019-07-15 13:54:04,814 INFO  client.GrpcClientProtocolClient (GrpcClientProtocolClient.java:onNext(255)) - client-245D1D239751->3a7ce56e-4358-4ca5-ad70-62b7546f7b91: receive RaftClientReply:client-245D1D239751->3a7ce56e-4358-4ca5-ad70-62b7546f7b91@group-2EFE8318631E, cid=206, FAILED org.apache.ratis.protocol.NotLeaderException: Server 3a7ce56e-4358-4ca5-ad70-62b7546f7b91 is not the leader (null). Request must be sent to leader., logIndex=0, commits[3a7ce56e-4358-4ca5-ad70-62b7546f7b91:c-1]
2019-07-15 13:54:05,828 INFO  client.GrpcClientProtocolClient (GrpcClientProtocolClient.java:onNext(255)) - client-245D1D239751->8c0cbd76-3700-45b1-b307-949b240ad955: receive RaftClientReply:client-245D1D239751->8c0cbd76-3700-45b1-b307-949b240ad955@group-2EFE8318631E, cid=206, FAILED org.apache.ratis.protocol.NotLeaderException: Server 8c0cbd76-3700-45b1-b307-949b240ad955 is not the leader (null). Request must be sent to leader., logIndex=0, commits[8c0cbd76-3700-45b1-b307-949b240ad955:c-1]
2019-07-15 13:54:06,651 INFO  impl.FollowerState (FollowerState.java:run(106)) - a287c7fb-b8c0-4ae6-bb67-c358d10a08ae:group-8A6F1AD1D7A1 changes to CANDIDATE, lastRpcTime:5109, electionTimeout:5109ms
2019-07-15 13:54:06,652 INFO  impl.RoleInfo (RoleInfo.java:shutdownFollowerState(121)) - a287c7fb-b8c0-4ae6-bb67-c358d10a08ae: shutdown FollowerState
2019-07-15 13:54:06,652 INFO  impl.RaftServerImpl (RaftServerImpl.java:setRole(171)) - a287c7fb-b8c0-4ae6-bb67-c358d10a08ae:group-8A6F1AD1D7A1 changes role from FOLLOWER to CANDIDATE at term 0 for changeToCandidate
2019-07-15 13:54:06,652 INFO  impl.RoleInfo (RoleInfo.java:updateAndGet(143)) - a287c7fb-b8c0-4ae6-bb67-c358d10a08ae: start LeaderElection
2019-07-15 13:54:06,675 INFO  impl.LeaderElection (LeaderElection.java:askForVotes(181)) - a287c7fb-b8c0-4ae6-bb67-c358d10a08ae:group-8A6F1AD1D7A1:LeaderElection77: begin an election at term 1 for -1: [a287c7fb-b8c0-4ae6-bb67-c358d10a08ae:192.168.157.240:35243], old=null
2019-07-15 13:54:06,675 INFO  impl.RoleInfo (RoleInfo.java:shutdownLeaderElection(134)) - a287c7fb-b8c0-4ae6-bb67-c358d10a08ae: shutdown LeaderElection
2019-07-15 13:54:06,676 INFO  impl.RaftServerImpl (RaftServerImpl.java:setRole(171)) - a287c7fb-b8c0-4ae6-bb67-c358d10a08ae:group-8A6F1AD1D7A1 changes role from CANDIDATE to LEADER at term 1 for changeToLeader
2019-07-15 13:54:06,676 INFO  impl.RaftServerImpl (ServerState.java:setLeader(263)) - a287c7fb-b8c0-4ae6-bb67-c358d10a08ae:group-8A6F1AD1D7A1 change Leader from null to a287c7fb-b8c0-4ae6-bb67-c358d10a08ae at term 1 for becomeLeader, leader elected after 5139ms
2019-07-15 13:54:06,678 INFO  server.RaftServerConfigKeys (ConfUtils.java:logGet(43)) - raft.server.staging.catchup.gap = 1000 (default)
2019-07-15 13:54:06,678 INFO  server.RaftServerConfigKeys (ConfUtils.java:logGet(43)) - raft.server.rpc.sleep.time = 25ms (default)
2019-07-15 13:54:06,678 INFO  server.RaftServerConfigKeys (ConfUtils.java:logGet(43)) - raft.server.write.element-limit = 4096 (default)
2019-07-15 13:54:06,679 INFO  server.RaftServerConfigKeys (ConfUtils.java:logGet(43)) - raft.server.watch.timeout = 10s (default)
2019-07-15 13:54:06,679 INFO  server.RaftServerConfigKeys (ConfUtils.java:logGet(43)) - raft.server.watch.timeout.denomination = 1s (default)
2019-07-15 13:54:06,679 INFO  server.RaftServerConfigKeys (ConfUtils.java:logGet(43)) - raft.server.watch.element-limit = 65536 (default)
2019-07-15 13:54:06,679 INFO  impl.RoleInfo (RoleInfo.java:updateAndGet(143)) - a287c7fb-b8c0-4ae6-bb67-c358d10a08ae: start LeaderState
2019-07-15 13:54:06,680 INFO  segmented.SegmentedRaftLogWorker (SegmentedRaftLogWorker.java:startLogSegment(380)) - a287c7fb-b8c0-4ae6-bb67-c358d10a08ae-SegmentedRaftLogWorker:Storage Directory /workdir/hadoop-ozone/integration-test/target/test-dir/MiniOzoneClusterImpl-7e5209a1-d222-4590-9047-fbd607b1adce/datanode-0/data/ratis/88862086-0ca2-447e-b5fb-8a6f1ad1d7a1: Starting segment from index:0
2019-07-15 13:54:06,680 INFO  impl.RaftServerImpl (ServerState.java:setRaftConf(361)) - a287c7fb-b8c0-4ae6-bb67-c358d10a08ae:group-8A6F1AD1D7A1 set configuration 0: [a287c7fb-b8c0-4ae6-bb67-c358d10a08ae:192.168.157.240:35243], old=null at 0
2019-07-15 13:54:06,708 INFO  impl.FollowerState (FollowerState.java:run(106)) - 8c0cbd76-3700-45b1-b307-949b240ad955:group-9FC141D293D5 changes to CANDIDATE, lastRpcTime:5017, electionTimeout:5017ms
2019-07-15 13:54:06,708 INFO  impl.RoleInfo (RoleInfo.java:shutdownFollowerState(121)) - 8c0cbd76-3700-45b1-b307-949b240ad955: shutdown FollowerState
2019-07-15 13:54:06,709 INFO  impl.RaftServerImpl (RaftServerImpl.java:setRole(171)) - 8c0cbd76-3700-45b1-b307-949b240ad955:group-9FC141D293D5 changes role from FOLLOWER to CANDIDATE at term 0 for changeToCandidate
2019-07-15 13:54:06,709 INFO  impl.RoleInfo (RoleInfo.java:updateAndGet(143)) - 8c0cbd76-3700-45b1-b307-949b240ad955: start LeaderElection
2019-07-15 13:54:06,714 INFO  segmented.SegmentedRaftLogWorker (SegmentedRaftLogWorker.java:execute(569)) - a287c7fb-b8c0-4ae6-bb67-c358d10a08ae-SegmentedRaftLogWorker:Storage Directory /workdir/hadoop-ozone/integration-test/target/test-dir/MiniOzoneClusterImpl-7e5209a1-d222-4590-9047-fbd607b1adce/datanode-0/data/ratis/88862086-0ca2-447e-b5fb-8a6f1ad1d7a1: created new log segment /workdir/hadoop-ozone/integration-test/target/test-dir/MiniOzoneClusterImpl-7e5209a1-d222-4590-9047-fbd607b1adce/datanode-0/data/ratis/88862086-0ca2-447e-b5fb-8a6f1ad1d7a1/current/log_inprogress_0
2019-07-15 13:54:06,732 INFO  impl.LeaderElection (LeaderElection.java:askForVotes(181)) - 8c0cbd76-3700-45b1-b307-949b240ad955:group-9FC141D293D5:LeaderElection78: begin an election at term 1 for -1: [8c0cbd76-3700-45b1-b307-949b240ad955:192.168.157.240:42920], old=null
2019-07-15 13:54:06,732 INFO  impl.RoleInfo (RoleInfo.java:shutdownLeaderElection(134)) - 8c0cbd76-3700-45b1-b307-949b240ad955: shutdown LeaderElection
2019-07-15 13:54:06,732 INFO  impl.RaftServerImpl (RaftServerImpl.java:setRole(171)) - 8c0cbd76-3700-45b1-b307-949b240ad955:group-9FC141D293D5 changes role from CANDIDATE to LEADER at term 1 for changeToLeader
2019-07-15 13:54:06,732 INFO  impl.RaftServerImpl (ServerState.java:setLeader(263)) - 8c0cbd76-3700-45b1-b307-949b240ad955:group-9FC141D293D5 change Leader from null to 8c0cbd76-3700-45b1-b307-949b240ad955 at term 1 for becomeLeader, leader elected after 5045ms
2019-07-15 13:54:06,734 INFO  server.RaftServerConfigKeys (ConfUtils.java:logGet(43)) - raft.server.staging.catchup.gap = 1000 (default)
2019-07-15 13:54:06,735 INFO  server.RaftServerConfigKeys (ConfUtils.java:logGet(43)) - raft.server.rpc.sleep.time = 25ms (default)
2019-07-15 13:54:06,735 INFO  server.RaftServerConfigKeys (ConfUtils.java:logGet(43)) - raft.server.write.element-limit = 4096 (default)
2019-07-15 13:54:06,735 INFO  server.RaftServerConfigKeys (ConfUtils.java:logGet(43)) - raft.server.watch.timeout = 10s (default)
2019-07-15 13:54:06,735 INFO  server.RaftServerConfigKeys (ConfUtils.java:logGet(43)) - raft.server.watch.timeout.denomination = 1s (default)
2019-07-15 13:54:06,735 INFO  server.RaftServerConfigKeys (ConfUtils.java:logGet(43)) - raft.server.watch.element-limit = 65536 (default)
2019-07-15 13:54:06,736 INFO  impl.RoleInfo (RoleInfo.java:updateAndGet(143)) - 8c0cbd76-3700-45b1-b307-949b240ad955: start LeaderState
2019-07-15 13:54:06,736 INFO  segmented.SegmentedRaftLogWorker (SegmentedRaftLogWorker.java:startLogSegment(380)) - 8c0cbd76-3700-45b1-b307-949b240ad955-SegmentedRaftLogWorker:Storage Directory /workdir/hadoop-ozone/integration-test/target/test-dir/MiniOzoneClusterImpl-7e5209a1-d222-4590-9047-fbd607b1adce/datanode-1/data/ratis/ee65608d-c0cf-413d-96bc-9fc141d293d5: Starting segment from index:0
2019-07-15 13:54:06,736 INFO  impl.RaftServerImpl (ServerState.java:setRaftConf(361)) - 8c0cbd76-3700-45b1-b307-949b240ad955:group-9FC141D293D5 set configuration 0: [8c0cbd76-3700-45b1-b307-949b240ad955:192.168.157.240:42920], old=null at 0
2019-07-15 13:54:06,759 INFO  segmented.SegmentedRaftLogWorker (SegmentedRaftLogWorker.java:execute(569)) - 8c0cbd76-3700-45b1-b307-949b240ad955-SegmentedRaftLogWorker:Storage Directory /workdir/hadoop-ozone/integration-test/target/test-dir/MiniOzoneClusterImpl-7e5209a1-d222-4590-9047-fbd607b1adce/datanode-1/data/ratis/ee65608d-c0cf-413d-96bc-9fc141d293d5: created new log segment /workdir/hadoop-ozone/integration-test/target/test-dir/MiniOzoneClusterImpl-7e5209a1-d222-4590-9047-fbd607b1adce/datanode-1/data/ratis/ee65608d-c0cf-413d-96bc-9fc141d293d5/current/log_inprogress_0
2019-07-15 13:54:06,841 INFO  client.GrpcClientProtocolClient (GrpcClientProtocolClient.java:onNext(255)) - client-245D1D239751->a287c7fb-b8c0-4ae6-bb67-c358d10a08ae: receive RaftClientReply:client-245D1D239751->a287c7fb-b8c0-4ae6-bb67-c358d10a08ae@group-2EFE8318631E, cid=206, FAILED org.apache.ratis.protocol.NotLeaderException: Server a287c7fb-b8c0-4ae6-bb67-c358d10a08ae is not the leader (null). Request must be sent to leader., logIndex=0, commits[a287c7fb-b8c0-4ae6-bb67-c358d10a08ae:c-1]
2019-07-15 13:54:06,953 INFO  impl.FollowerState (FollowerState.java:run(106)) - a287c7fb-b8c0-4ae6-bb67-c358d10a08ae:group-2EFE8318631E changes to CANDIDATE, lastRpcTime:5023, electionTimeout:5023ms
2019-07-15 13:54:06,953 INFO  impl.RoleInfo (RoleInfo.java:shutdownFollowerState(121)) - a287c7fb-b8c0-4ae6-bb67-c358d10a08ae: shutdown FollowerState
2019-07-15 13:54:06,953 INFO  impl.RaftServerImpl (RaftServerImpl.java:setRole(171)) - a287c7fb-b8c0-4ae6-bb67-c358d10a08ae:group-2EFE8318631E changes role from FOLLOWER to CANDIDATE at term 0 for changeToCandidate
2019-07-15 13:54:06,953 INFO  impl.RoleInfo (RoleInfo.java:updateAndGet(143)) - a287c7fb-b8c0-4ae6-bb67-c358d10a08ae: start LeaderElection
2019-07-15 13:54:06,977 INFO  impl.FollowerState (FollowerState.java:run(106)) - 8c0cbd76-3700-45b1-b307-949b240ad955:group-2EFE8318631E changes to CANDIDATE, lastRpcTime:5042, electionTimeout:5042ms
2019-07-15 13:54:06,977 INFO  impl.RoleInfo (RoleInfo.java:shutdownFollowerState(121)) - 8c0cbd76-3700-45b1-b307-949b240ad955: shutdown FollowerState
2019-07-15 13:54:06,977 INFO  impl.RaftServerImpl (RaftServerImpl.java:setRole(171)) - 8c0cbd76-3700-45b1-b307-949b240ad955:group-2EFE8318631E changes role from FOLLOWER to CANDIDATE at term 0 for changeToCandidate
2019-07-15 13:54:06,977 INFO  impl.RoleInfo (RoleInfo.java:updateAndGet(143)) - 8c0cbd76-3700-45b1-b307-949b240ad955: start LeaderElection
2019-07-15 13:54:06,986 INFO  impl.LeaderElection (LeaderElection.java:askForVotes(181)) - a287c7fb-b8c0-4ae6-bb67-c358d10a08ae:group-2EFE8318631E:LeaderElection79: begin an election at term 1 for -1: [a287c7fb-b8c0-4ae6-bb67-c358d10a08ae:192.168.157.240:35243, 3a7ce56e-4358-4ca5-ad70-62b7546f7b91:192.168.157.240:37180, 8c0cbd76-3700-45b1-b307-949b240ad955:192.168.157.240:42920], old=null
2019-07-15 13:54:06,986 INFO  impl.LeaderElection (LeaderElection.java:askForVotes(181)) - 8c0cbd76-3700-45b1-b307-949b240ad955:group-2EFE8318631E:LeaderElection80: begin an election at term 1 for -1: [a287c7fb-b8c0-4ae6-bb67-c358d10a08ae:192.168.157.240:35243, 3a7ce56e-4358-4ca5-ad70-62b7546f7b91:192.168.157.240:37180, 8c0cbd76-3700-45b1-b307-949b240ad955:192.168.157.240:42920], old=null
2019-07-15 13:54:06,994 INFO  impl.RaftServerImpl (RaftServerImpl.java:setRole(171)) - 3a7ce56e-4358-4ca5-ad70-62b7546f7b91:group-2EFE8318631E changes role from FOLLOWER to FOLLOWER at term 1 for recognizeCandidate:8c0cbd76-3700-45b1-b307-949b240ad955
2019-07-15 13:54:06,998 INFO  impl.RoleInfo (RoleInfo.java:shutdownFollowerState(121)) - 3a7ce56e-4358-4ca5-ad70-62b7546f7b91: shutdown FollowerState
2019-07-15 13:54:06,998 INFO  impl.RoleInfo (RoleInfo.java:updateAndGet(143)) - 3a7ce56e-4358-4ca5-ad70-62b7546f7b91: start FollowerState
2019-07-15 13:54:06,998 INFO  impl.FollowerState (FollowerState.java:run(114)) - 3a7ce56e-4358-4ca5-ad70-62b7546f7b91: FollowerState was interrupted: java.lang.InterruptedException: sleep interrupted
2019-07-15 13:54:07,023 INFO  impl.LeaderElection (LeaderElection.java:logAndReturn(56)) - 8c0cbd76-3700-45b1-b307-949b240ad955:group-2EFE8318631E:LeaderElection80: Election PASSED; received 2 response(s) [8c0cbd76-3700-45b1-b307-949b240ad955<-a287c7fb-b8c0-4ae6-bb67-c358d10a08ae#0:FAIL-t1, 8c0cbd76-3700-45b1-b307-949b240ad955<-3a7ce56e-4358-4ca5-ad70-62b7546f7b91#0:OK-t1] and 0 exception(s); 8c0cbd76-3700-45b1-b307-949b240ad955:t1, leader=null, voted=8c0cbd76-3700-45b1-b307-949b240ad955, raftlog=8c0cbd76-3700-45b1-b307-949b240ad955-SegmentedRaftLog:OPENED:c-1,f-1,i0, conf=-1: [a287c7fb-b8c0-4ae6-bb67-c358d10a08ae:192.168.157.240:35243, 3a7ce56e-4358-4ca5-ad70-62b7546f7b91:192.168.157.240:37180, 8c0cbd76-3700-45b1-b307-949b240ad955:192.168.157.240:42920], old=null
2019-07-15 13:54:07,023 INFO  impl.LeaderElection (LeaderElection.java:logAndReturn(56)) - a287c7fb-b8c0-4ae6-bb67-c358d10a08ae:group-2EFE8318631E:LeaderElection79: Election REJECTED; received 2 response(s) [a287c7fb-b8c0-4ae6-bb67-c358d10a08ae<-3a7ce56e-4358-4ca5-ad70-62b7546f7b91#0:FAIL-t1, a287c7fb-b8c0-4ae6-bb67-c358d10a08ae<-8c0cbd76-3700-45b1-b307-949b240ad955#0:FAIL-t1] and 0 exception(s); a287c7fb-b8c0-4ae6-bb67-c358d10a08ae:t1, leader=null, voted=a287c7fb-b8c0-4ae6-bb67-c358d10a08ae, raftlog=a287c7fb-b8c0-4ae6-bb67-c358d10a08ae-SegmentedRaftLog:OPENED:c-1,f-1,i0, conf=-1: [a287c7fb-b8c0-4ae6-bb67-c358d10a08ae:192.168.157.240:35243, 3a7ce56e-4358-4ca5-ad70-62b7546f7b91:192.168.157.240:37180, 8c0cbd76-3700-45b1-b307-949b240ad955:192.168.157.240:42920], old=null
2019-07-15 13:54:07,023 INFO  impl.RoleInfo (RoleInfo.java:shutdownLeaderElection(134)) - 8c0cbd76-3700-45b1-b307-949b240ad955: shutdown LeaderElection
2019-07-15 13:54:07,023 INFO  impl.RaftServerImpl (RaftServerImpl.java:setRole(171)) - a287c7fb-b8c0-4ae6-bb67-c358d10a08ae:group-2EFE8318631E changes role from CANDIDATE to FOLLOWER at term 1 for DISCOVERED_A_NEW_TERM
2019-07-15 13:54:07,024 INFO  impl.RaftServerImpl (RaftServerImpl.java:setRole(171)) - 8c0cbd76-3700-45b1-b307-949b240ad955:group-2EFE8318631E changes role from CANDIDATE to LEADER at term 1 for changeToLeader
2019-07-15 13:54:07,024 INFO  impl.RoleInfo (RoleInfo.java:shutdownLeaderElection(134)) - a287c7fb-b8c0-4ae6-bb67-c358d10a08ae: shutdown LeaderElection
2019-07-15 13:54:07,024 INFO  impl.RaftServerImpl (ServerState.java:setLeader(263)) - 8c0cbd76-3700-45b1-b307-949b240ad955:group-2EFE8318631E change Leader from null to 8c0cbd76-3700-45b1-b307-949b240ad955 at term 1 for becomeLeader, leader elected after 5100ms
2019-07-15 13:54:07,024 INFO  impl.RoleInfo (RoleInfo.java:updateAndGet(143)) - a287c7fb-b8c0-4ae6-bb67-c358d10a08ae: start FollowerState
2019-07-15 13:54:07,024 INFO  server.RaftServerConfigKeys (ConfUtils.java:logGet(43)) - raft.server.staging.catchup.gap = 1000 (default)
2019-07-15 13:54:07,024 INFO  server.RaftServerConfigKeys (ConfUtils.java:logGet(43)) - raft.server.rpc.sleep.time = 25ms (default)
2019-07-15 13:54:07,025 INFO  server.RaftServerConfigKeys (ConfUtils.java:logGet(43)) - raft.server.write.element-limit = 4096 (default)
2019-07-15 13:54:07,025 INFO  server.RaftServerConfigKeys (ConfUtils.java:logGet(43)) - raft.server.watch.timeout = 10s (default)
2019-07-15 13:54:07,025 INFO  server.RaftServerConfigKeys (ConfUtils.java:logGet(43)) - raft.server.watch.timeout.denomination = 1s (default)
2019-07-15 13:54:07,025 INFO  server.RaftServerConfigKeys (ConfUtils.java:logGet(43)) - raft.server.watch.element-limit = 65536 (default)
2019-07-15 13:54:07,025 INFO  server.RaftServerConfigKeys (ConfUtils.java:logGet(43)) - raft.server.log.appender.snapshot.chunk.size.max = 16MB (=16777216) (default)
2019-07-15 13:54:07,025 INFO  server.RaftServerConfigKeys (ConfUtils.java:logGet(43)) - raft.server.log.appender.buffer.byte-limit = 33554432 (custom)
2019-07-15 13:54:07,026 INFO  server.RaftServerConfigKeys (ConfUtils.java:logGet(43)) - raft.server.log.appender.buffer.element-limit = 1 (custom)
2019-07-15 13:54:07,026 INFO  grpc.GrpcConfigKeys$Server (ConfUtils.java:logGet(43)) - raft.grpc.server.leader.outstanding.appends.max = 128 (default)
2019-07-15 13:54:07,026 INFO  server.RaftServerConfigKeys (ConfUtils.java:logGet(43)) - raft.server.rpc.request.timeout = 3000ms (default)
2019-07-15 13:54:07,026 INFO  server.RaftServerConfigKeys (ConfUtils.java:logGet(43)) - raft.server.log.appender.install.snapshot.enabled = false (custom)
2019-07-15 13:54:07,026 INFO  server.RaftServerConfigKeys (ConfUtils.java:logGet(43)) - raft.server.log.appender.snapshot.chunk.size.max = 16MB (=16777216) (default)
2019-07-15 13:54:07,027 INFO  server.RaftServerConfigKeys (ConfUtils.java:logGet(43)) - raft.server.log.appender.buffer.byte-limit = 33554432 (custom)
2019-07-15 13:54:07,027 INFO  server.RaftServerConfigKeys (ConfUtils.java:logGet(43)) - raft.server.log.appender.buffer.element-limit = 1 (custom)
2019-07-15 13:54:07,027 INFO  grpc.GrpcConfigKeys$Server (ConfUtils.java:logGet(43)) - raft.grpc.server.leader.outstanding.appends.max = 128 (default)
2019-07-15 13:54:07,027 INFO  server.RaftServerConfigKeys (ConfUtils.java:logGet(43)) - raft.server.rpc.request.timeout = 3000ms (default)
2019-07-15 13:54:07,027 INFO  server.RaftServerConfigKeys (ConfUtils.java:logGet(43)) - raft.server.log.appender.install.snapshot.enabled = false (custom)
2019-07-15 13:54:07,028 INFO  impl.RoleInfo (RoleInfo.java:updateAndGet(143)) - 8c0cbd76-3700-45b1-b307-949b240ad955: start LeaderState
2019-07-15 13:54:07,028 INFO  segmented.SegmentedRaftLogWorker (SegmentedRaftLogWorker.java:startLogSegment(380)) - 8c0cbd76-3700-45b1-b307-949b240ad955-SegmentedRaftLogWorker:Storage Directory /workdir/hadoop-ozone/integration-test/target/test-dir/MiniOzoneClusterImpl-7e5209a1-d222-4590-9047-fbd607b1adce/datanode-1/data/ratis/4f33c4ad-0cf5-434d-ab9c-2efe8318631e: Starting segment from index:0
2019-07-15 13:54:07,028 INFO  impl.RaftServerImpl (ServerState.java:setRaftConf(361)) - 8c0cbd76-3700-45b1-b307-949b240ad955:group-2EFE8318631E set configuration 0: [a287c7fb-b8c0-4ae6-bb67-c358d10a08ae:192.168.157.240:35243, 3a7ce56e-4358-4ca5-ad70-62b7546f7b91:192.168.157.240:37180, 8c0cbd76-3700-45b1-b307-949b240ad955:192.168.157.240:42920], old=null at 0
2019-07-15 13:54:07,030 INFO  impl.RaftServerImpl (ServerState.java:setLeader(263)) - a287c7fb-b8c0-4ae6-bb67-c358d10a08ae:group-2EFE8318631E change Leader from null to 8c0cbd76-3700-45b1-b307-949b240ad955 at term 1 for appendEntries, leader elected after 5107ms
2019-07-15 13:54:07,030 INFO  impl.RaftServerImpl (ServerState.java:setLeader(263)) - 3a7ce56e-4358-4ca5-ad70-62b7546f7b91:group-2EFE8318631E change Leader from null to 8c0cbd76-3700-45b1-b307-949b240ad955 at term 1 for appendEntries, leader elected after 5107ms
2019-07-15 13:54:07,034 INFO  impl.RaftServerImpl (ServerState.java:setRaftConf(361)) - 3a7ce56e-4358-4ca5-ad70-62b7546f7b91:group-2EFE8318631E set configuration 0: [a287c7fb-b8c0-4ae6-bb67-c358d10a08ae:192.168.157.240:35243, 3a7ce56e-4358-4ca5-ad70-62b7546f7b91:192.168.157.240:37180, 8c0cbd76-3700-45b1-b307-949b240ad955:192.168.157.240:42920], old=null at 0
2019-07-15 13:54:07,034 INFO  impl.RaftServerImpl (ServerState.java:setRaftConf(361)) - a287c7fb-b8c0-4ae6-bb67-c358d10a08ae:group-2EFE8318631E set configuration 0: [a287c7fb-b8c0-4ae6-bb67-c358d10a08ae:192.168.157.240:35243, 3a7ce56e-4358-4ca5-ad70-62b7546f7b91:192.168.157.240:37180, 8c0cbd76-3700-45b1-b307-949b240ad955:192.168.157.240:42920], old=null at 0
2019-07-15 13:54:07,035 INFO  segmented.SegmentedRaftLogWorker (SegmentedRaftLogWorker.java:startLogSegment(380)) - 3a7ce56e-4358-4ca5-ad70-62b7546f7b91-SegmentedRaftLogWorker:Storage Directory /workdir/hadoop-ozone/integration-test/target/test-dir/MiniOzoneClusterImpl-7e5209a1-d222-4590-9047-fbd607b1adce/datanode-2/data/ratis/4f33c4ad-0cf5-434d-ab9c-2efe8318631e: Starting segment from index:0
2019-07-15 13:54:07,035 INFO  segmented.SegmentedRaftLogWorker (SegmentedRaftLogWorker.java:startLogSegment(380)) - a287c7fb-b8c0-4ae6-bb67-c358d10a08ae-SegmentedRaftLogWorker:Storage Directory /workdir/hadoop-ozone/integration-test/target/test-dir/MiniOzoneClusterImpl-7e5209a1-d222-4590-9047-fbd607b1adce/datanode-0/data/ratis/4f33c4ad-0cf5-434d-ab9c-2efe8318631e: Starting segment from index:0
2019-07-15 13:54:07,060 INFO  segmented.SegmentedRaftLogWorker (SegmentedRaftLogWorker.java:execute(569)) - 8c0cbd76-3700-45b1-b307-949b240ad955-SegmentedRaftLogWorker:Storage Directory /workdir/hadoop-ozone/integration-test/target/test-dir/MiniOzoneClusterImpl-7e5209a1-d222-4590-9047-fbd607b1adce/datanode-1/data/ratis/4f33c4ad-0cf5-434d-ab9c-2efe8318631e: created new log segment /workdir/hadoop-ozone/integration-test/target/test-dir/MiniOzoneClusterImpl-7e5209a1-d222-4590-9047-fbd607b1adce/datanode-1/data/ratis/4f33c4ad-0cf5-434d-ab9c-2efe8318631e/current/log_inprogress_0
2019-07-15 13:54:07,060 INFO  segmented.SegmentedRaftLogWorker (SegmentedRaftLogWorker.java:execute(569)) - a287c7fb-b8c0-4ae6-bb67-c358d10a08ae-SegmentedRaftLogWorker:Storage Directory /workdir/hadoop-ozone/integration-test/target/test-dir/MiniOzoneClusterImpl-7e5209a1-d222-4590-9047-fbd607b1adce/datanode-0/data/ratis/4f33c4ad-0cf5-434d-ab9c-2efe8318631e: created new log segment /workdir/hadoop-ozone/integration-test/target/test-dir/MiniOzoneClusterImpl-7e5209a1-d222-4590-9047-fbd607b1adce/datanode-0/data/ratis/4f33c4ad-0cf5-434d-ab9c-2efe8318631e/current/log_inprogress_0
2019-07-15 13:54:07,060 INFO  segmented.SegmentedRaftLogWorker (SegmentedRaftLogWorker.java:execute(569)) - 3a7ce56e-4358-4ca5-ad70-62b7546f7b91-SegmentedRaftLogWorker:Storage Directory /workdir/hadoop-ozone/integration-test/target/test-dir/MiniOzoneClusterImpl-7e5209a1-d222-4590-9047-fbd607b1adce/datanode-2/data/ratis/4f33c4ad-0cf5-434d-ab9c-2efe8318631e: created new log segment /workdir/hadoop-ozone/integration-test/target/test-dir/MiniOzoneClusterImpl-7e5209a1-d222-4590-9047-fbd607b1adce/datanode-2/data/ratis/4f33c4ad-0cf5-434d-ab9c-2efe8318631e/current/log_inprogress_0
2019-07-15 13:54:07,062 INFO  impl.FollowerState (FollowerState.java:run(106)) - 3a7ce56e-4358-4ca5-ad70-62b7546f7b91:group-5A8A0921842D changes to CANDIDATE, lastRpcTime:5194, electionTimeout:5194ms
2019-07-15 13:54:07,062 INFO  impl.RoleInfo (RoleInfo.java:shutdownFollowerState(121)) - 3a7ce56e-4358-4ca5-ad70-62b7546f7b91: shutdown FollowerState
2019-07-15 13:54:07,062 INFO  impl.RaftServerImpl (RaftServerImpl.java:setRole(171)) - 3a7ce56e-4358-4ca5-ad70-62b7546f7b91:group-5A8A0921842D changes role from FOLLOWER to CANDIDATE at term 0 for changeToCandidate
2019-07-15 13:54:07,062 INFO  impl.RoleInfo (RoleInfo.java:updateAndGet(143)) - 3a7ce56e-4358-4ca5-ad70-62b7546f7b91: start LeaderElection
2019-07-15 13:54:07,085 INFO  impl.LeaderElection (LeaderElection.java:askForVotes(181)) - 3a7ce56e-4358-4ca5-ad70-62b7546f7b91:group-5A8A0921842D:LeaderElection81: begin an election at term 1 for -1: [3a7ce56e-4358-4ca5-ad70-62b7546f7b91:192.168.157.240:37180], old=null
2019-07-15 13:54:07,085 INFO  impl.RoleInfo (RoleInfo.java:shutdownLeaderElection(134)) - 3a7ce56e-4358-4ca5-ad70-62b7546f7b91: shutdown LeaderElection
2019-07-15 13:54:07,085 INFO  impl.RaftServerImpl (RaftServerImpl.java:setRole(171)) - 3a7ce56e-4358-4ca5-ad70-62b7546f7b91:group-5A8A0921842D changes role from CANDIDATE to LEADER at term 1 for changeToLeader
2019-07-15 13:54:07,085 INFO  impl.RaftServerImpl (ServerState.java:setLeader(263)) - 3a7ce56e-4358-4ca5-ad70-62b7546f7b91:group-5A8A0921842D change Leader from null to 3a7ce56e-4358-4ca5-ad70-62b7546f7b91 at term 1 for becomeLeader, leader elected after 5221ms
2019-07-15 13:54:07,087 INFO  server.RaftServerConfigKeys (ConfUtils.java:logGet(43)) - raft.server.staging.catchup.gap = 1000 (default)
2019-07-15 13:54:07,087 INFO  server.RaftServerConfigKeys (ConfUtils.java:logGet(43)) - raft.server.rpc.sleep.time = 25ms (default)
2019-07-15 13:54:07,088 INFO  server.RaftServerConfigKeys (ConfUtils.java:logGet(43)) - raft.server.write.element-limit = 4096 (default)
2019-07-15 13:54:07,088 INFO  server.RaftServerConfigKeys (ConfUtils.java:logGet(43)) - raft.server.watch.timeout = 10s (default)
2019-07-15 13:54:07,088 INFO  server.RaftServerConfigKeys (ConfUtils.java:logGet(43)) - raft.server.watch.timeout.denomination = 1s (default)
2019-07-15 13:54:07,088 INFO  server.RaftServerConfigKeys (ConfUtils.java:logGet(43)) - raft.server.watch.element-limit = 65536 (default)
2019-07-15 13:54:07,088 INFO  impl.RoleInfo (RoleInfo.java:updateAndGet(143)) - 3a7ce56e-4358-4ca5-ad70-62b7546f7b91: start LeaderState
2019-07-15 13:54:07,088 INFO  segmented.SegmentedRaftLogWorker (SegmentedRaftLogWorker.java:startLogSegment(380)) - 3a7ce56e-4358-4ca5-ad70-62b7546f7b91-SegmentedRaftLogWorker:Storage Directory /workdir/hadoop-ozone/integration-test/target/test-dir/MiniOzoneClusterImpl-7e5209a1-d222-4590-9047-fbd607b1adce/datanode-2/data/ratis/ac4e4380-0a10-4506-8284-5a8a0921842d: Starting segment from index:0
2019-07-15 13:54:07,089 INFO  impl.RaftServerImpl (ServerState.java:setRaftConf(361)) - 3a7ce56e-4358-4ca5-ad70-62b7546f7b91:group-5A8A0921842D set configuration 0: [3a7ce56e-4358-4ca5-ad70-62b7546f7b91:192.168.157.240:37180], old=null at 0
2019-07-15 13:54:07,120 INFO  segmented.SegmentedRaftLogWorker (SegmentedRaftLogWorker.java:execute(569)) - 3a7ce56e-4358-4ca5-ad70-62b7546f7b91-SegmentedRaftLogWorker:Storage Directory /workdir/hadoop-ozone/integration-test/target/test-dir/MiniOzoneClusterImpl-7e5209a1-d222-4590-9047-fbd607b1adce/datanode-2/data/ratis/ac4e4380-0a10-4506-8284-5a8a0921842d: created new log segment /workdir/hadoop-ozone/integration-test/target/test-dir/MiniOzoneClusterImpl-7e5209a1-d222-4590-9047-fbd607b1adce/datanode-2/data/ratis/ac4e4380-0a10-4506-8284-5a8a0921842d/current/log_inprogress_0
2019-07-15 13:54:07,125 INFO  impl.FollowerState (FollowerState.java:run(106)) - b3efe6c9-7a7d-46ff-b4ca-b1494c62621b:group-89A3C8F8AD76 changes to CANDIDATE, lastRpcTime:5069, electionTimeout:5069ms
2019-07-15 13:54:07,125 INFO  impl.RoleInfo (RoleInfo.java:shutdownFollowerState(121)) - b3efe6c9-7a7d-46ff-b4ca-b1494c62621b: shutdown FollowerState
2019-07-15 13:54:07,125 INFO  impl.RaftServerImpl (RaftServerImpl.java:setRole(171)) - b3efe6c9-7a7d-46ff-b4ca-b1494c62621b:group-89A3C8F8AD76 changes role from FOLLOWER to CANDIDATE at term 0 for changeToCandidate
2019-07-15 13:54:07,125 INFO  impl.RoleInfo (RoleInfo.java:updateAndGet(143)) - b3efe6c9-7a7d-46ff-b4ca-b1494c62621b: start LeaderElection
2019-07-15 13:54:07,158 INFO  impl.LeaderElection (LeaderElection.java:askForVotes(181)) - b3efe6c9-7a7d-46ff-b4ca-b1494c62621b:group-89A3C8F8AD76:LeaderElection82: begin an election at term 1 for -1: [b3efe6c9-7a7d-46ff-b4ca-b1494c62621b:192.168.157.240:40561], old=null
2019-07-15 13:54:07,158 INFO  impl.RoleInfo (RoleInfo.java:shutdownLeaderElection(134)) - b3efe6c9-7a7d-46ff-b4ca-b1494c62621b: shutdown LeaderElection
2019-07-15 13:54:07,158 INFO  impl.RaftServerImpl (RaftServerImpl.java:setRole(171)) - b3efe6c9-7a7d-46ff-b4ca-b1494c62621b:group-89A3C8F8AD76 changes role from CANDIDATE to LEADER at term 1 for changeToLeader
2019-07-15 13:54:07,158 INFO  impl.RaftServerImpl (ServerState.java:setLeader(263)) - b3efe6c9-7a7d-46ff-b4ca-b1494c62621b:group-89A3C8F8AD76 change Leader from null to b3efe6c9-7a7d-46ff-b4ca-b1494c62621b at term 1 for becomeLeader, leader elected after 5106ms
2019-07-15 13:54:07,160 INFO  server.RaftServerConfigKeys (ConfUtils.java:logGet(43)) - raft.server.staging.catchup.gap = 1000 (default)
2019-07-15 13:54:07,161 INFO  server.RaftServerConfigKeys (ConfUtils.java:logGet(43)) - raft.server.rpc.sleep.time = 25ms (default)
2019-07-15 13:54:07,161 INFO  server.RaftServerConfigKeys (ConfUtils.java:logGet(43)) - raft.server.write.element-limit = 4096 (default)
2019-07-15 13:54:07,161 INFO  server.RaftServerConfigKeys (ConfUtils.java:logGet(43)) - raft.server.watch.timeout = 10s (default)
2019-07-15 13:54:07,161 INFO  server.RaftServerConfigKeys (ConfUtils.java:logGet(43)) - raft.server.watch.timeout.denomination = 1s (default)
2019-07-15 13:54:07,161 INFO  server.RaftServerConfigKeys (ConfUtils.java:logGet(43)) - raft.server.watch.element-limit = 65536 (default)
2019-07-15 13:54:07,161 INFO  impl.RoleInfo (RoleInfo.java:updateAndGet(143)) - b3efe6c9-7a7d-46ff-b4ca-b1494c62621b: start LeaderState
2019-07-15 13:54:07,162 INFO  segmented.SegmentedRaftLogWorker (SegmentedRaftLogWorker.java:startLogSegment(380)) - b3efe6c9-7a7d-46ff-b4ca-b1494c62621b-SegmentedRaftLogWorker:Storage Directory /workdir/hadoop-ozone/integration-test/target/test-dir/MiniOzoneClusterImpl-7e5209a1-d222-4590-9047-fbd607b1adce/datanode-3/data/ratis/0c674529-2e3e-47e3-bae2-89a3c8f8ad76: Starting segment from index:0
2019-07-15 13:54:07,162 INFO  impl.RaftServerImpl (ServerState.java:setRaftConf(361)) - b3efe6c9-7a7d-46ff-b4ca-b1494c62621b:group-89A3C8F8AD76 set configuration 0: [b3efe6c9-7a7d-46ff-b4ca-b1494c62621b:192.168.157.240:40561], old=null at 0
2019-07-15 13:54:07,193 INFO  segmented.SegmentedRaftLogWorker (SegmentedRaftLogWorker.java:execute(569)) - b3efe6c9-7a7d-46ff-b4ca-b1494c62621b-SegmentedRaftLogWorker:Storage Directory /workdir/hadoop-ozone/integration-test/target/test-dir/MiniOzoneClusterImpl-7e5209a1-d222-4590-9047-fbd607b1adce/datanode-3/data/ratis/0c674529-2e3e-47e3-bae2-89a3c8f8ad76: created new log segment /workdir/hadoop-ozone/integration-test/target/test-dir/MiniOzoneClusterImpl-7e5209a1-d222-4590-9047-fbd607b1adce/datanode-3/data/ratis/0c674529-2e3e-47e3-bae2-89a3c8f8ad76/current/log_inprogress_0
2019-07-15 13:54:07,416 INFO  impl.FollowerState (FollowerState.java:run(106)) - 599cfdd8-f0ea-4b89-9be2-3d1e39bad0bd:group-D19BF55D5028 changes to CANDIDATE, lastRpcTime:5002, electionTimeout:5002ms
2019-07-15 13:54:07,416 INFO  impl.RoleInfo (RoleInfo.java:shutdownFollowerState(121)) - 599cfdd8-f0ea-4b89-9be2-3d1e39bad0bd: shutdown FollowerState
2019-07-15 13:54:07,416 INFO  impl.RaftServerImpl (RaftServerImpl.java:setRole(171)) - 599cfdd8-f0ea-4b89-9be2-3d1e39bad0bd:group-D19BF55D5028 changes role from FOLLOWER to CANDIDATE at term 0 for changeToCandidate
2019-07-15 13:54:07,416 INFO  impl.RoleInfo (RoleInfo.java:updateAndGet(143)) - 599cfdd8-f0ea-4b89-9be2-3d1e39bad0bd: start LeaderElection
2019-07-15 13:54:07,486 INFO  impl.LeaderElection (LeaderElection.java:askForVotes(181)) - 599cfdd8-f0ea-4b89-9be2-3d1e39bad0bd:group-D19BF55D5028:LeaderElection83: begin an election at term 1 for -1: [599cfdd8-f0ea-4b89-9be2-3d1e39bad0bd:192.168.157.240:46644], old=null
2019-07-15 13:54:07,486 INFO  impl.RoleInfo (RoleInfo.java:shutdownLeaderElection(134)) - 599cfdd8-f0ea-4b89-9be2-3d1e39bad0bd: shutdown LeaderElection
2019-07-15 13:54:07,486 INFO  impl.RaftServerImpl (RaftServerImpl.java:setRole(171)) - 599cfdd8-f0ea-4b89-9be2-3d1e39bad0bd:group-D19BF55D5028 changes role from CANDIDATE to LEADER at term 1 for changeToLeader
2019-07-15 13:54:07,487 INFO  impl.RaftServerImpl (ServerState.java:setLeader(263)) - 599cfdd8-f0ea-4b89-9be2-3d1e39bad0bd:group-D19BF55D5028 change Leader from null to 599cfdd8-f0ea-4b89-9be2-3d1e39bad0bd at term 1 for becomeLeader, leader elected after 5077ms
2019-07-15 13:54:07,489 INFO  server.RaftServerConfigKeys (ConfUtils.java:logGet(43)) - raft.server.staging.catchup.gap = 1000 (default)
2019-07-15 13:54:07,489 INFO  server.RaftServerConfigKeys (ConfUtils.java:logGet(43)) - raft.server.rpc.sleep.time = 25ms (default)
2019-07-15 13:54:07,490 INFO  server.RaftServerConfigKeys (ConfUtils.java:logGet(43)) - raft.server.write.element-limit = 4096 (default)
2019-07-15 13:54:07,490 INFO  server.RaftServerConfigKeys (ConfUtils.java:logGet(43)) - raft.server.watch.timeout = 10s (default)
2019-07-15 13:54:07,490 INFO  server.RaftServerConfigKeys (ConfUtils.java:logGet(43)) - raft.server.watch.timeout.denomination = 1s (default)
2019-07-15 13:54:07,490 INFO  server.RaftServerConfigKeys (ConfUtils.java:logGet(43)) - raft.server.watch.element-limit = 65536 (default)
2019-07-15 13:54:07,490 INFO  impl.RoleInfo (RoleInfo.java:updateAndGet(143)) - 599cfdd8-f0ea-4b89-9be2-3d1e39bad0bd: start LeaderState
2019-07-15 13:54:07,490 INFO  segmented.SegmentedRaftLogWorker (SegmentedRaftLogWorker.java:startLogSegment(380)) - 599cfdd8-f0ea-4b89-9be2-3d1e39bad0bd-SegmentedRaftLogWorker:Storage Directory /workdir/hadoop-ozone/integration-test/target/test-dir/MiniOzoneClusterImpl-7e5209a1-d222-4590-9047-fbd607b1adce/datanode-4/data/ratis/721f16f1-4952-4195-9852-d19bf55d5028: Starting segment from index:0
2019-07-15 13:54:07,491 INFO  impl.RaftServerImpl (ServerState.java:setRaftConf(361)) - 599cfdd8-f0ea-4b89-9be2-3d1e39bad0bd:group-D19BF55D5028 set configuration 0: [599cfdd8-f0ea-4b89-9be2-3d1e39bad0bd:192.168.157.240:46644], old=null at 0
2019-07-15 13:54:07,520 INFO  segmented.SegmentedRaftLogWorker (SegmentedRaftLogWorker.java:execute(569)) - 599cfdd8-f0ea-4b89-9be2-3d1e39bad0bd-SegmentedRaftLogWorker:Storage Directory /workdir/hadoop-ozone/integration-test/target/test-dir/MiniOzoneClusterImpl-7e5209a1-d222-4590-9047-fbd607b1adce/datanode-4/data/ratis/721f16f1-4952-4195-9852-d19bf55d5028: created new log segment /workdir/hadoop-ozone/integration-test/target/test-dir/MiniOzoneClusterImpl-7e5209a1-d222-4590-9047-fbd607b1adce/datanode-4/data/ratis/721f16f1-4952-4195-9852-d19bf55d5028/current/log_inprogress_0
2019-07-15 13:54:07,664 INFO  impl.FollowerState (FollowerState.java:run(106)) - ddc318da-a287-4568-9718-6535bb14cce7:group-7F82DAA57633 changes to CANDIDATE, lastRpcTime:5000, electionTimeout:5000ms
2019-07-15 13:54:07,665 INFO  impl.RoleInfo (RoleInfo.java:shutdownFollowerState(121)) - ddc318da-a287-4568-9718-6535bb14cce7: shutdown FollowerState
2019-07-15 13:54:07,665 INFO  impl.RaftServerImpl (RaftServerImpl.java:setRole(171)) - ddc318da-a287-4568-9718-6535bb14cce7:group-7F82DAA57633 changes role from FOLLOWER to CANDIDATE at term 0 for changeToCandidate
2019-07-15 13:54:07,665 INFO  impl.RoleInfo (RoleInfo.java:updateAndGet(143)) - ddc318da-a287-4568-9718-6535bb14cce7: start LeaderElection
2019-07-15 13:54:07,686 INFO  impl.LeaderElection (LeaderElection.java:askForVotes(181)) - ddc318da-a287-4568-9718-6535bb14cce7:group-7F82DAA57633:LeaderElection84: begin an election at term 1 for -1: [b3efe6c9-7a7d-46ff-b4ca-b1494c62621b:192.168.157.240:40561, ddc318da-a287-4568-9718-6535bb14cce7:192.168.157.240:41762, 599cfdd8-f0ea-4b89-9be2-3d1e39bad0bd:192.168.157.240:46644], old=null
2019-07-15 13:54:07,693 INFO  impl.RaftServerImpl (RaftServerImpl.java:setRole(171)) - 599cfdd8-f0ea-4b89-9be2-3d1e39bad0bd:group-7F82DAA57633 changes role from FOLLOWER to FOLLOWER at term 1 for recognizeCandidate:ddc318da-a287-4568-9718-6535bb14cce7
2019-07-15 13:54:07,693 INFO  impl.RaftServerImpl (RaftServerImpl.java:setRole(171)) - b3efe6c9-7a7d-46ff-b4ca-b1494c62621b:group-7F82DAA57633 changes role from FOLLOWER to FOLLOWER at term 1 for recognizeCandidate:ddc318da-a287-4568-9718-6535bb14cce7
2019-07-15 13:54:07,693 INFO  impl.RoleInfo (RoleInfo.java:shutdownFollowerState(121)) - 599cfdd8-f0ea-4b89-9be2-3d1e39bad0bd: shutdown FollowerState
2019-07-15 13:54:07,693 INFO  impl.RoleInfo (RoleInfo.java:shutdownFollowerState(121)) - b3efe6c9-7a7d-46ff-b4ca-b1494c62621b: shutdown FollowerState
2019-07-15 13:54:07,693 INFO  impl.FollowerState (FollowerState.java:run(114)) - 599cfdd8-f0ea-4b89-9be2-3d1e39bad0bd: FollowerState was interrupted: java.lang.InterruptedException: sleep interrupted
2019-07-15 13:54:07,693 INFO  impl.RoleInfo (RoleInfo.java:updateAndGet(143)) - 599cfdd8-f0ea-4b89-9be2-3d1e39bad0bd: start FollowerState
2019-07-15 13:54:07,694 INFO  impl.FollowerState (FollowerState.java:run(114)) - b3efe6c9-7a7d-46ff-b4ca-b1494c62621b: FollowerState was interrupted: java.lang.InterruptedException: sleep interrupted
2019-07-15 13:54:07,694 INFO  impl.RoleInfo (RoleInfo.java:updateAndGet(143)) - b3efe6c9-7a7d-46ff-b4ca-b1494c62621b: start FollowerState
2019-07-15 13:54:07,713 INFO  impl.FollowerState (FollowerState.java:run(106)) - ddc318da-a287-4568-9718-6535bb14cce7:group-3D3BF95AA92A changes to CANDIDATE, lastRpcTime:5107, electionTimeout:5107ms
2019-07-15 13:54:07,713 INFO  impl.RoleInfo (RoleInfo.java:shutdownFollowerState(121)) - ddc318da-a287-4568-9718-6535bb14cce7: shutdown FollowerState
2019-07-15 13:54:07,713 INFO  impl.RaftServerImpl (RaftServerImpl.java:setRole(171)) - ddc318da-a287-4568-9718-6535bb14cce7:group-3D3BF95AA92A changes role from FOLLOWER to CANDIDATE at term 0 for changeToCandidate
2019-07-15 13:54:07,713 INFO  impl.RoleInfo (RoleInfo.java:updateAndGet(143)) - ddc318da-a287-4568-9718-6535bb14cce7: start LeaderElection
2019-07-15 13:54:07,722 INFO  impl.LeaderElection (LeaderElection.java:logAndReturn(56)) - ddc318da-a287-4568-9718-6535bb14cce7:group-7F82DAA57633:LeaderElection84: Election PASSED; received 1 response(s) [ddc318da-a287-4568-9718-6535bb14cce7<-599cfdd8-f0ea-4b89-9be2-3d1e39bad0bd#0:OK-t1] and 0 exception(s); ddc318da-a287-4568-9718-6535bb14cce7:t1, leader=null, voted=ddc318da-a287-4568-9718-6535bb14cce7, raftlog=ddc318da-a287-4568-9718-6535bb14cce7-SegmentedRaftLog:OPENED:c-1,f-1,i0, conf=-1: [b3efe6c9-7a7d-46ff-b4ca-b1494c62621b:192.168.157.240:40561, ddc318da-a287-4568-9718-6535bb14cce7:192.168.157.240:41762, 599cfdd8-f0ea-4b89-9be2-3d1e39bad0bd:192.168.157.240:46644], old=null
2019-07-15 13:54:07,722 INFO  impl.RoleInfo (RoleInfo.java:shutdownLeaderElection(134)) - ddc318da-a287-4568-9718-6535bb14cce7: shutdown LeaderElection
2019-07-15 13:54:07,722 INFO  impl.RaftServerImpl (RaftServerImpl.java:setRole(171)) - ddc318da-a287-4568-9718-6535bb14cce7:group-7F82DAA57633 changes role from CANDIDATE to LEADER at term 1 for changeToLeader
2019-07-15 13:54:07,722 INFO  impl.RaftServerImpl (ServerState.java:setLeader(263)) - ddc318da-a287-4568-9718-6535bb14cce7:group-7F82DAA57633 change Leader from null to ddc318da-a287-4568-9718-6535bb14cce7 at term 1 for becomeLeader, leader elected after 5069ms
2019-07-15 13:54:07,725 INFO  server.RaftServerConfigKeys (ConfUtils.java:logGet(43)) - raft.server.staging.catchup.gap = 1000 (default)
2019-07-15 13:54:07,725 INFO  server.RaftServerConfigKeys (ConfUtils.java:logGet(43)) - raft.server.rpc.sleep.time = 25ms (default)
2019-07-15 13:54:07,725 INFO  server.RaftServerConfigKeys (ConfUtils.java:logGet(43)) - raft.server.write.element-limit = 4096 (default)
2019-07-15 13:54:07,726 INFO  server.RaftServerConfigKeys (ConfUtils.java:logGet(43)) - raft.server.watch.timeout = 10s (default)
2019-07-15 13:54:07,726 INFO  server.RaftServerConfigKeys (ConfUtils.java:logGet(43)) - raft.server.watch.timeout.denomination = 1s (default)
2019-07-15 13:54:07,726 INFO  server.RaftServerConfigKeys (ConfUtils.java:logGet(43)) - raft.server.watch.element-limit = 65536 (default)
2019-07-15 13:54:07,726 INFO  server.RaftServerConfigKeys (ConfUtils.java:logGet(43)) - raft.server.log.appender.snapshot.chunk.size.max = 16MB (=16777216) (default)
2019-07-15 13:54:07,726 INFO  server.RaftServerConfigKeys (ConfUtils.java:logGet(43)) - raft.server.log.appender.buffer.byte-limit = 33554432 (custom)
2019-07-15 13:54:07,727 INFO  server.RaftServerConfigKeys (ConfUtils.java:logGet(43)) - raft.server.log.appender.buffer.element-limit = 1 (custom)
2019-07-15 13:54:07,727 INFO  grpc.GrpcConfigKeys$Server (ConfUtils.java:logGet(43)) - raft.grpc.server.leader.outstanding.appends.max = 128 (default)
2019-07-15 13:54:07,727 INFO  server.RaftServerConfigKeys (ConfUtils.java:logGet(43)) - raft.server.rpc.request.timeout = 3000ms (default)
2019-07-15 13:54:07,727 INFO  server.RaftServerConfigKeys (ConfUtils.java:logGet(43)) - raft.server.log.appender.install.snapshot.enabled = false (custom)
2019-07-15 13:54:07,727 INFO  server.RaftServerConfigKeys (ConfUtils.java:logGet(43)) - raft.server.log.appender.snapshot.chunk.size.max = 16MB (=16777216) (default)
2019-07-15 13:54:07,727 INFO  server.RaftServerConfigKeys (ConfUtils.java:logGet(43)) - raft.server.log.appender.buffer.byte-limit = 33554432 (custom)
2019-07-15 13:54:07,728 INFO  server.RaftServerConfigKeys (ConfUtils.java:logGet(43)) - raft.server.log.appender.buffer.element-limit = 1 (custom)
2019-07-15 13:54:07,728 INFO  grpc.GrpcConfigKeys$Server (ConfUtils.java:logGet(43)) - raft.grpc.server.leader.outstanding.appends.max = 128 (default)
2019-07-15 13:54:07,728 INFO  server.RaftServerConfigKeys (ConfUtils.java:logGet(43)) - raft.server.rpc.request.timeout = 3000ms (default)
2019-07-15 13:54:07,728 INFO  server.RaftServerConfigKeys (ConfUtils.java:logGet(43)) - raft.server.log.appender.install.snapshot.enabled = false (custom)
2019-07-15 13:54:07,728 INFO  impl.RoleInfo (RoleInfo.java:updateAndGet(143)) - ddc318da-a287-4568-9718-6535bb14cce7: start LeaderState
2019-07-15 13:54:07,729 INFO  segmented.SegmentedRaftLogWorker (SegmentedRaftLogWorker.java:startLogSegment(380)) - ddc318da-a287-4568-9718-6535bb14cce7-SegmentedRaftLogWorker:Storage Directory /workdir/hadoop-ozone/integration-test/target/test-dir/MiniOzoneClusterImpl-7e5209a1-d222-4590-9047-fbd607b1adce/datanode-5/data/ratis/d9f32e28-d19c-4924-ba20-7f82daa57633: Starting segment from index:0
2019-07-15 13:54:07,730 INFO  impl.RaftServerImpl (ServerState.java:setRaftConf(361)) - ddc318da-a287-4568-9718-6535bb14cce7:group-7F82DAA57633 set configuration 0: [b3efe6c9-7a7d-46ff-b4ca-b1494c62621b:192.168.157.240:40561, ddc318da-a287-4568-9718-6535bb14cce7:192.168.157.240:41762, 599cfdd8-f0ea-4b89-9be2-3d1e39bad0bd:192.168.157.240:46644], old=null at 0
2019-07-15 13:54:07,752 INFO  impl.LeaderElection (LeaderElection.java:askForVotes(181)) - ddc318da-a287-4568-9718-6535bb14cce7:group-3D3BF95AA92A:LeaderElection85: begin an election at term 1 for -1: [ddc318da-a287-4568-9718-6535bb14cce7:192.168.157.240:41762], old=null
2019-07-15 13:54:07,752 INFO  impl.RaftServerImpl (ServerState.java:setLeader(263)) - b3efe6c9-7a7d-46ff-b4ca-b1494c62621b:group-7F82DAA57633 change Leader from null to ddc318da-a287-4568-9718-6535bb14cce7 at term 1 for appendEntries, leader elected after 5099ms
2019-07-15 13:54:07,752 INFO  impl.RoleInfo (RoleInfo.java:shutdownLeaderElection(134)) - ddc318da-a287-4568-9718-6535bb14cce7: shutdown LeaderElection
2019-07-15 13:54:07,752 INFO  impl.RaftServerImpl (ServerState.java:setLeader(263)) - 599cfdd8-f0ea-4b89-9be2-3d1e39bad0bd:group-7F82DAA57633 change Leader from null to ddc318da-a287-4568-9718-6535bb14cce7 at term 1 for appendEntries, leader elected after 5099ms
2019-07-15 13:54:07,752 INFO  impl.RaftServerImpl (RaftServerImpl.java:setRole(171)) - ddc318da-a287-4568-9718-6535bb14cce7:group-3D3BF95AA92A changes role from CANDIDATE to LEADER at term 1 for changeToLeader
2019-07-15 13:54:07,753 INFO  impl.RaftServerImpl (ServerState.java:setLeader(263)) - ddc318da-a287-4568-9718-6535bb14cce7:group-3D3BF95AA92A change Leader from null to ddc318da-a287-4568-9718-6535bb14cce7 at term 1 for becomeLeader, leader elected after 5151ms
2019-07-15 13:54:07,753 INFO  server.RaftServerConfigKeys (ConfUtils.java:logGet(43)) - raft.server.staging.catchup.gap = 1000 (default)
2019-07-15 13:54:07,753 INFO  server.RaftServerConfigKeys (ConfUtils.java:logGet(43)) - raft.server.rpc.sleep.time = 25ms (default)
2019-07-15 13:54:07,753 INFO  server.RaftServerConfigKeys (ConfUtils.java:logGet(43)) - raft.server.write.element-limit = 4096 (default)
2019-07-15 13:54:07,753 INFO  server.RaftServerConfigKeys (ConfUtils.java:logGet(43)) - raft.server.watch.timeout = 10s (default)
2019-07-15 13:54:07,753 INFO  server.RaftServerConfigKeys (ConfUtils.java:logGet(43)) - raft.server.watch.timeout.denomination = 1s (default)
2019-07-15 13:54:07,753 INFO  server.RaftServerConfigKeys (ConfUtils.java:logGet(43)) - raft.server.watch.element-limit = 65536 (default)
2019-07-15 13:54:07,754 INFO  impl.RoleInfo (RoleInfo.java:updateAndGet(143)) - ddc318da-a287-4568-9718-6535bb14cce7: start LeaderState
2019-07-15 13:54:07,754 INFO  segmented.SegmentedRaftLogWorker (SegmentedRaftLogWorker.java:startLogSegment(380)) - ddc318da-a287-4568-9718-6535bb14cce7-SegmentedRaftLogWorker:Storage Directory /workdir/hadoop-ozone/integration-test/target/test-dir/MiniOzoneClusterImpl-7e5209a1-d222-4590-9047-fbd607b1adce/datanode-5/data/ratis/28f2e7af-dee6-40bd-9fe0-3d3bf95aa92a: Starting segment from index:0
2019-07-15 13:54:07,754 INFO  impl.RaftServerImpl (ServerState.java:setRaftConf(361)) - b3efe6c9-7a7d-46ff-b4ca-b1494c62621b:group-7F82DAA57633 set configuration 0: [b3efe6c9-7a7d-46ff-b4ca-b1494c62621b:192.168.157.240:40561, ddc318da-a287-4568-9718-6535bb14cce7:192.168.157.240:41762, 599cfdd8-f0ea-4b89-9be2-3d1e39bad0bd:192.168.157.240:46644], old=null at 0
2019-07-15 13:54:07,754 INFO  impl.RaftServerImpl (ServerState.java:setRaftConf(361)) - 599cfdd8-f0ea-4b89-9be2-3d1e39bad0bd:group-7F82DAA57633 set configuration 0: [b3efe6c9-7a7d-46ff-b4ca-b1494c62621b:192.168.157.240:40561, ddc318da-a287-4568-9718-6535bb14cce7:192.168.157.240:41762, 599cfdd8-f0ea-4b89-9be2-3d1e39bad0bd:192.168.157.240:46644], old=null at 0
2019-07-15 13:54:07,754 INFO  impl.RaftServerImpl (ServerState.java:setRaftConf(361)) - ddc318da-a287-4568-9718-6535bb14cce7:group-3D3BF95AA92A set configuration 0: [ddc318da-a287-4568-9718-6535bb14cce7:192.168.157.240:41762], old=null at 0
2019-07-15 13:54:07,755 INFO  segmented.SegmentedRaftLogWorker (SegmentedRaftLogWorker.java:startLogSegment(380)) - 599cfdd8-f0ea-4b89-9be2-3d1e39bad0bd-SegmentedRaftLogWorker:Storage Directory /workdir/hadoop-ozone/integration-test/target/test-dir/MiniOzoneClusterImpl-7e5209a1-d222-4590-9047-fbd607b1adce/datanode-4/data/ratis/d9f32e28-d19c-4924-ba20-7f82daa57633: Starting segment from index:0
2019-07-15 13:54:07,755 INFO  segmented.SegmentedRaftLogWorker (SegmentedRaftLogWorker.java:startLogSegment(380)) - b3efe6c9-7a7d-46ff-b4ca-b1494c62621b-SegmentedRaftLogWorker:Storage Directory /workdir/hadoop-ozone/integration-test/target/test-dir/MiniOzoneClusterImpl-7e5209a1-d222-4590-9047-fbd607b1adce/datanode-3/data/ratis/d9f32e28-d19c-4924-ba20-7f82daa57633: Starting segment from index:0
2019-07-15 13:54:07,764 INFO  segmented.SegmentedRaftLogWorker (SegmentedRaftLogWorker.java:execute(569)) - ddc318da-a287-4568-9718-6535bb14cce7-SegmentedRaftLogWorker:Storage Directory /workdir/hadoop-ozone/integration-test/target/test-dir/MiniOzoneClusterImpl-7e5209a1-d222-4590-9047-fbd607b1adce/datanode-5/data/ratis/d9f32e28-d19c-4924-ba20-7f82daa57633: created new log segment /workdir/hadoop-ozone/integration-test/target/test-dir/MiniOzoneClusterImpl-7e5209a1-d222-4590-9047-fbd607b1adce/datanode-5/data/ratis/d9f32e28-d19c-4924-ba20-7f82daa57633/current/log_inprogress_0
2019-07-15 13:54:07,772 INFO  impl.FollowerState (FollowerState.java:run(106)) - 3bafa17e-9d65-4d1d-ac84-d3d77c792421:group-A6796B6F94A7 changes to CANDIDATE, lastRpcTime:5006, electionTimeout:5006ms
2019-07-15 13:54:07,772 INFO  impl.RoleInfo (RoleInfo.java:shutdownFollowerState(121)) - 3bafa17e-9d65-4d1d-ac84-d3d77c792421: shutdown FollowerState
2019-07-15 13:54:07,772 INFO  impl.RaftServerImpl (RaftServerImpl.java:setRole(171)) - 3bafa17e-9d65-4d1d-ac84-d3d77c792421:group-A6796B6F94A7 changes role from FOLLOWER to CANDIDATE at term 0 for changeToCandidate
2019-07-15 13:54:07,772 INFO  impl.RoleInfo (RoleInfo.java:updateAndGet(143)) - 3bafa17e-9d65-4d1d-ac84-d3d77c792421: start LeaderElection
2019-07-15 13:54:07,795 INFO  segmented.SegmentedRaftLogWorker (SegmentedRaftLogWorker.java:execute(569)) - 599cfdd8-f0ea-4b89-9be2-3d1e39bad0bd-SegmentedRaftLogWorker:Storage Directory /workdir/hadoop-ozone/integration-test/target/test-dir/MiniOzoneClusterImpl-7e5209a1-d222-4590-9047-fbd607b1adce/datanode-4/data/ratis/d9f32e28-d19c-4924-ba20-7f82daa57633: created new log segment /workdir/hadoop-ozone/integration-test/target/test-dir/MiniOzoneClusterImpl-7e5209a1-d222-4590-9047-fbd607b1adce/datanode-4/data/ratis/d9f32e28-d19c-4924-ba20-7f82daa57633/current/log_inprogress_0
2019-07-15 13:54:07,795 INFO  segmented.SegmentedRaftLogWorker (SegmentedRaftLogWorker.java:execute(569)) - ddc318da-a287-4568-9718-6535bb14cce7-SegmentedRaftLogWorker:Storage Directory /workdir/hadoop-ozone/integration-test/target/test-dir/MiniOzoneClusterImpl-7e5209a1-d222-4590-9047-fbd607b1adce/datanode-5/data/ratis/28f2e7af-dee6-40bd-9fe0-3d3bf95aa92a: created new log segment /workdir/hadoop-ozone/integration-test/target/test-dir/MiniOzoneClusterImpl-7e5209a1-d222-4590-9047-fbd607b1adce/datanode-5/data/ratis/28f2e7af-dee6-40bd-9fe0-3d3bf95aa92a/current/log_inprogress_0
2019-07-15 13:54:07,795 INFO  impl.LeaderElection (LeaderElection.java:askForVotes(181)) - 3bafa17e-9d65-4d1d-ac84-d3d77c792421:group-A6796B6F94A7:LeaderElection86: begin an election at term 1 for -1: [3bafa17e-9d65-4d1d-ac84-d3d77c792421:192.168.157.240:36546], old=null
2019-07-15 13:54:07,795 INFO  segmented.SegmentedRaftLogWorker (SegmentedRaftLogWorker.java:execute(569)) - b3efe6c9-7a7d-46ff-b4ca-b1494c62621b-SegmentedRaftLogWorker:Storage Directory /workdir/hadoop-ozone/integration-test/target/test-dir/MiniOzoneClusterImpl-7e5209a1-d222-4590-9047-fbd607b1adce/datanode-3/data/ratis/d9f32e28-d19c-4924-ba20-7f82daa57633: created new log segment /workdir/hadoop-ozone/integration-test/target/test-dir/MiniOzoneClusterImpl-7e5209a1-d222-4590-9047-fbd607b1adce/datanode-3/data/ratis/d9f32e28-d19c-4924-ba20-7f82daa57633/current/log_inprogress_0
2019-07-15 13:54:07,795 INFO  impl.RoleInfo (RoleInfo.java:shutdownLeaderElection(134)) - 3bafa17e-9d65-4d1d-ac84-d3d77c792421: shutdown LeaderElection
2019-07-15 13:54:07,795 INFO  impl.RaftServerImpl (RaftServerImpl.java:setRole(171)) - 3bafa17e-9d65-4d1d-ac84-d3d77c792421:group-A6796B6F94A7 changes role from CANDIDATE to LEADER at term 1 for changeToLeader
2019-07-15 13:54:07,795 INFO  impl.RaftServerImpl (ServerState.java:setLeader(263)) - 3bafa17e-9d65-4d1d-ac84-d3d77c792421:group-A6796B6F94A7 change Leader from null to 3bafa17e-9d65-4d1d-ac84-d3d77c792421 at term 1 for becomeLeader, leader elected after 5034ms
2019-07-15 13:54:07,798 INFO  server.RaftServerConfigKeys (ConfUtils.java:logGet(43)) - raft.server.staging.catchup.gap = 1000 (default)
2019-07-15 13:54:07,798 INFO  server.RaftServerConfigKeys (ConfUtils.java:logGet(43)) - raft.server.rpc.sleep.time = 25ms (default)
2019-07-15 13:54:07,798 INFO  server.RaftServerConfigKeys (ConfUtils.java:logGet(43)) - raft.server.write.element-limit = 4096 (default)
2019-07-15 13:54:07,798 INFO  server.RaftServerConfigKeys (ConfUtils.java:logGet(43)) - raft.server.watch.timeout = 10s (default)
2019-07-15 13:54:07,798 INFO  server.RaftServerConfigKeys (ConfUtils.java:logGet(43)) - raft.server.watch.timeout.denomination = 1s (default)
2019-07-15 13:54:07,799 INFO  server.RaftServerConfigKeys (ConfUtils.java:logGet(43)) - raft.server.watch.element-limit = 65536 (default)
2019-07-15 13:54:07,799 INFO  impl.RoleInfo (RoleInfo.java:updateAndGet(143)) - 3bafa17e-9d65-4d1d-ac84-d3d77c792421: start LeaderState
2019-07-15 13:54:07,799 INFO  segmented.SegmentedRaftLogWorker (SegmentedRaftLogWorker.java:startLogSegment(380)) - 3bafa17e-9d65-4d1d-ac84-d3d77c792421-SegmentedRaftLogWorker:Storage Directory /workdir/hadoop-ozone/integration-test/target/test-dir/MiniOzoneClusterImpl-7e5209a1-d222-4590-9047-fbd607b1adce/datanode-6/data/ratis/fb82771e-ccca-40ff-8a82-a6796b6f94a7: Starting segment from index:0
2019-07-15 13:54:07,799 INFO  impl.RaftServerImpl (ServerState.java:setRaftConf(361)) - 3bafa17e-9d65-4d1d-ac84-d3d77c792421:group-A6796B6F94A7 set configuration 0: [3bafa17e-9d65-4d1d-ac84-d3d77c792421:192.168.157.240:36546], old=null at 0
2019-07-15 13:54:07,830 INFO  segmented.SegmentedRaftLogWorker (SegmentedRaftLogWorker.java:execute(569)) - 3bafa17e-9d65-4d1d-ac84-d3d77c792421-SegmentedRaftLogWorker:Storage Directory /workdir/hadoop-ozone/integration-test/target/test-dir/MiniOzoneClusterImpl-7e5209a1-d222-4590-9047-fbd607b1adce/datanode-6/data/ratis/fb82771e-ccca-40ff-8a82-a6796b6f94a7: created new log segment /workdir/hadoop-ozone/integration-test/target/test-dir/MiniOzoneClusterImpl-7e5209a1-d222-4590-9047-fbd607b1adce/datanode-6/data/ratis/fb82771e-ccca-40ff-8a82-a6796b6f94a7/current/log_inprogress_0
2019-07-15 13:54:07,849 INFO  client.GrpcClientProtocolClient (GrpcClientProtocolClient.java:onNext(255)) - client-245D1D239751->3a7ce56e-4358-4ca5-ad70-62b7546f7b91: receive RaftClientReply:client-245D1D239751->3a7ce56e-4358-4ca5-ad70-62b7546f7b91@group-2EFE8318631E, cid=206, FAILED org.apache.ratis.protocol.NotLeaderException: Server 3a7ce56e-4358-4ca5-ad70-62b7546f7b91 is not the leader (8c0cbd76-3700-45b1-b307-949b240ad955:192.168.157.240:42920). Request must be sent to leader., logIndex=0, commits[3a7ce56e-4358-4ca5-ad70-62b7546f7b91:c-1, a287c7fb-b8c0-4ae6-bb67-c358d10a08ae:c-1, 8c0cbd76-3700-45b1-b307-949b240ad955:c-1]
2019-07-15 13:54:08,004 INFO  client.GrpcClientProtocolClient (GrpcClientProtocolClient.java:onNext(255)) - client-245D1D239751->8c0cbd76-3700-45b1-b307-949b240ad955: receive RaftClientReply:client-245D1D239751->8c0cbd76-3700-45b1-b307-949b240ad955@group-2EFE8318631E, cid=206, SUCCESS, logIndex=1, commits[8c0cbd76-3700-45b1-b307-949b240ad955:c1, a287c7fb-b8c0-4ae6-bb67-c358d10a08ae:c0, 3a7ce56e-4358-4ca5-ad70-62b7546f7b91:c0]
2019-07-15 13:54:08,019 INFO  client.GrpcClientProtocolClient (GrpcClientProtocolClient.java:onNext(255)) - client-245D1D239751->8c0cbd76-3700-45b1-b307-949b240ad955: receive RaftClientReply:client-245D1D239751->8c0cbd76-3700-45b1-b307-949b240ad955@group-2EFE8318631E, cid=207, SUCCESS, logIndex=3, commits[8c0cbd76-3700-45b1-b307-949b240ad955:c4, a287c7fb-b8c0-4ae6-bb67-c358d10a08ae:c1, 3a7ce56e-4358-4ca5-ad70-62b7546f7b91:c1]
2019-07-15 13:54:08,077 INFO  client.GrpcClientProtocolClient (GrpcClientProtocolClient.java:onNext(255)) - client-245D1D239751->8c0cbd76-3700-45b1-b307-949b240ad955: receive RaftClientReply:client-245D1D239751->8c0cbd76-3700-45b1-b307-949b240ad955@group-2EFE8318631E, cid=208, SUCCESS, logIndex=4, commits[8c0cbd76-3700-45b1-b307-949b240ad955:c6, a287c7fb-b8c0-4ae6-bb67-c358d10a08ae:c4, 3a7ce56e-4358-4ca5-ad70-62b7546f7b91:c4]
2019-07-15 13:54:08,079 INFO  container.CloseContainerEventHandler (CloseContainerEventHandler.java:onMessage(61)) - Close container Event triggered for container : #1
2019-07-15 13:54:08,079 INFO  container.CloseContainerEventHandler (CloseContainerEventHandler.java:onMessage(61)) - Close container Event triggered for container : #1
2019-07-15 13:54:08,080 INFO  container.CloseContainerEventHandler (CloseContainerEventHandler.java:onMessage(61)) - Close container Event triggered for container : #1
2019-07-15 13:54:10,055 INFO  interfaces.Container (KeyValueContainer.java:compactDB(356)) - Container 1 is closed with bcsId 4.
2019-07-15 13:54:10,072 INFO  interfaces.Container (KeyValueContainer.java:compactDB(356)) - Container 1 is closed with bcsId 4.
13:54:10.082 [grpc-default-executor-6] ERROR DNAudit - user=null | ip=null | op=WRITE_CHUNK {blockData=conID: 1 locID: 102445799426228240 bcsId: 4} | ret=FAILURE
org.apache.hadoop.hdds.scm.container.common.helpers.ContainerNotOpenException: Container 1 in CLOSED state
	at org.apache.hadoop.ozone.container.common.impl.HddsDispatcher.validateContainerCommand(HddsDispatcher.java:408) ~[hadoop-hdds-container-service-0.5.0-SNAPSHOT.jar:?]
	at org.apache.hadoop.ozone.container.common.transport.server.ratis.ContainerStateMachine.startTransaction(ContainerStateMachine.java:272) ~[hadoop-hdds-container-service-0.5.0-SNAPSHOT.jar:?]
	at org.apache.ratis.server.impl.RaftServerImpl.submitClientRequestAsync(RaftServerImpl.java:566) ~[ratis-server-0.4.0-2337318-SNAPSHOT.jar:0.4.0-2337318-SNAPSHOT]
	at org.apache.ratis.server.impl.RaftServerProxy.lambda$submitClientRequestAsync$7(RaftServerProxy.java:333) ~[ratis-server-0.4.0-2337318-SNAPSHOT.jar:0.4.0-2337318-SNAPSHOT]
	at org.apache.ratis.server.impl.RaftServerProxy.lambda$null$5(RaftServerProxy.java:328) ~[ratis-server-0.4.0-2337318-SNAPSHOT.jar:0.4.0-2337318-SNAPSHOT]
	at org.apache.ratis.util.JavaUtils.callAsUnchecked(JavaUtils.java:109) ~[ratis-common-0.4.0-2337318-SNAPSHOT.jar:0.4.0-2337318-SNAPSHOT]
	at org.apache.ratis.server.impl.RaftServerProxy.lambda$submitRequest$6(RaftServerProxy.java:328) ~[ratis-server-0.4.0-2337318-SNAPSHOT.jar:0.4.0-2337318-SNAPSHOT]
	at java.util.concurrent.CompletableFuture.uniComposeStage(CompletableFuture.java:981) ~[?:1.8.0_212]
	at java.util.concurrent.CompletableFuture.thenCompose(CompletableFuture.java:2124) ~[?:1.8.0_212]
	at org.apache.ratis.server.impl.RaftServerProxy.submitRequest(RaftServerProxy.java:327) ~[ratis-server-0.4.0-2337318-SNAPSHOT.jar:0.4.0-2337318-SNAPSHOT]
	at org.apache.ratis.server.impl.RaftServerProxy.submitClientRequestAsync(RaftServerProxy.java:333) ~[ratis-server-0.4.0-2337318-SNAPSHOT.jar:0.4.0-2337318-SNAPSHOT]
	at org.apache.ratis.grpc.client.GrpcClientProtocolService$RequestStreamObserver.processClientRequest(GrpcClientProtocolService.java:220) ~[ratis-grpc-0.4.0-2337318-SNAPSHOT.jar:0.4.0-2337318-SNAPSHOT]
	at org.apache.ratis.grpc.client.GrpcClientProtocolService$OrderedRequestStreamObserver.processClientRequest(GrpcClientProtocolService.java:326) ~[ratis-grpc-0.4.0-2337318-SNAPSHOT.jar:0.4.0-2337318-SNAPSHOT]
	at org.apache.ratis.util.SlidingWindow$Server.processRequestsFromHead(SlidingWindow.java:429) [ratis-common-0.4.0-2337318-SNAPSHOT.jar:0.4.0-2337318-SNAPSHOT]
	at org.apache.ratis.util.SlidingWindow$Server.receivedRequest(SlidingWindow.java:421) [ratis-common-0.4.0-2337318-SNAPSHOT.jar:0.4.0-2337318-SNAPSHOT]
	at org.apache.ratis.grpc.client.GrpcClientProtocolService$OrderedRequestStreamObserver.processClientRequest(GrpcClientProtocolService.java:345) [ratis-grpc-0.4.0-2337318-SNAPSHOT.jar:0.4.0-2337318-SNAPSHOT]
	at org.apache.ratis.grpc.client.GrpcClientProtocolService$RequestStreamObserver.onNext(GrpcClientProtocolService.java:240) [ratis-grpc-0.4.0-2337318-SNAPSHOT.jar:0.4.0-2337318-SNAPSHOT]
	at org.apache.ratis.grpc.client.GrpcClientProtocolService$RequestStreamObserver.onNext(GrpcClientProtocolService.java:168) [ratis-grpc-0.4.0-2337318-SNAPSHOT.jar:0.4.0-2337318-SNAPSHOT]
	at org.apache.ratis.thirdparty.io.grpc.stub.ServerCalls$StreamingServerCallHandler$StreamingServerCallListener.onMessage(ServerCalls.java:248) [ratis-thirdparty-misc-0.2.0.jar:0.2.0]
	at org.apache.ratis.thirdparty.io.grpc.internal.ServerCallImpl$ServerStreamListenerImpl.messagesAvailable(ServerCallImpl.java:263) [ratis-thirdparty-misc-0.2.0.jar:0.2.0]
	at org.apache.ratis.thirdparty.io.grpc.internal.ServerImpl$JumpToApplicationThreadServerStreamListener$1MessagesAvailable.runInContext(ServerImpl.java:686) [ratis-thirdparty-misc-0.2.0.jar:0.2.0]
	at org.apache.ratis.thirdparty.io.grpc.internal.ContextRunnable.run(ContextRunnable.java:37) [ratis-thirdparty-misc-0.2.0.jar:0.2.0]
	at org.apache.ratis.thirdparty.io.grpc.internal.SerializingExecutor.run(SerializingExecutor.java:123) [ratis-thirdparty-misc-0.2.0.jar:0.2.0]
	at java.util.concurrent.ThreadPoolExecutor.runWorker(ThreadPoolExecutor.java:1149) [?:1.8.0_212]
	at java.util.concurrent.ThreadPoolExecutor$Worker.run(ThreadPoolExecutor.java:624) [?:1.8.0_212]
	at java.lang.Thread.run(Thread.java:748) [?:1.8.0_212]
13:54:10.084 [grpc-default-executor-6] ERROR DNAudit - user=null | ip=null | op=WRITE_CHUNK {blockData=conID: 1 locID: 102445799426228240 bcsId: 4} | ret=FAILURE
org.apache.hadoop.hdds.scm.container.common.helpers.ContainerNotOpenException: Container 1 in CLOSED state
	at org.apache.hadoop.ozone.container.common.impl.HddsDispatcher.validateContainerCommand(HddsDispatcher.java:408) ~[hadoop-hdds-container-service-0.5.0-SNAPSHOT.jar:?]
	at org.apache.hadoop.ozone.container.common.transport.server.ratis.ContainerStateMachine.startTransaction(ContainerStateMachine.java:272) ~[hadoop-hdds-container-service-0.5.0-SNAPSHOT.jar:?]
	at org.apache.ratis.server.impl.RaftServerImpl.submitClientRequestAsync(RaftServerImpl.java:566) ~[ratis-server-0.4.0-2337318-SNAPSHOT.jar:0.4.0-2337318-SNAPSHOT]
	at org.apache.ratis.server.impl.RaftServerProxy.lambda$submitClientRequestAsync$7(RaftServerProxy.java:333) ~[ratis-server-0.4.0-2337318-SNAPSHOT.jar:0.4.0-2337318-SNAPSHOT]
	at org.apache.ratis.server.impl.RaftServerProxy.lambda$null$5(RaftServerProxy.java:328) ~[ratis-server-0.4.0-2337318-SNAPSHOT.jar:0.4.0-2337318-SNAPSHOT]
	at org.apache.ratis.util.JavaUtils.callAsUnchecked(JavaUtils.java:109) ~[ratis-common-0.4.0-2337318-SNAPSHOT.jar:0.4.0-2337318-SNAPSHOT]
	at org.apache.ratis.server.impl.RaftServerProxy.lambda$submitRequest$6(RaftServerProxy.java:328) ~[ratis-server-0.4.0-2337318-SNAPSHOT.jar:0.4.0-2337318-SNAPSHOT]
	at java.util.concurrent.CompletableFuture.uniComposeStage(CompletableFuture.java:981) ~[?:1.8.0_212]
	at java.util.concurrent.CompletableFuture.thenCompose(CompletableFuture.java:2124) ~[?:1.8.0_212]
	at org.apache.ratis.server.impl.RaftServerProxy.submitRequest(RaftServerProxy.java:327) ~[ratis-server-0.4.0-2337318-SNAPSHOT.jar:0.4.0-2337318-SNAPSHOT]
	at org.apache.ratis.server.impl.RaftServerProxy.submitClientRequestAsync(RaftServerProxy.java:333) ~[ratis-server-0.4.0-2337318-SNAPSHOT.jar:0.4.0-2337318-SNAPSHOT]
	at org.apache.ratis.grpc.client.GrpcClientProtocolService$RequestStreamObserver.processClientRequest(GrpcClientProtocolService.java:220) ~[ratis-grpc-0.4.0-2337318-SNAPSHOT.jar:0.4.0-2337318-SNAPSHOT]
	at org.apache.ratis.grpc.client.GrpcClientProtocolService$OrderedRequestStreamObserver.processClientRequest(GrpcClientProtocolService.java:326) ~[ratis-grpc-0.4.0-2337318-SNAPSHOT.jar:0.4.0-2337318-SNAPSHOT]
	at org.apache.ratis.util.SlidingWindow$Server.processRequestsFromHead(SlidingWindow.java:429) [ratis-common-0.4.0-2337318-SNAPSHOT.jar:0.4.0-2337318-SNAPSHOT]
	at org.apache.ratis.util.SlidingWindow$Server.receivedRequest(SlidingWindow.java:421) [ratis-common-0.4.0-2337318-SNAPSHOT.jar:0.4.0-2337318-SNAPSHOT]
	at org.apache.ratis.grpc.client.GrpcClientProtocolService$OrderedRequestStreamObserver.processClientRequest(GrpcClientProtocolService.java:345) [ratis-grpc-0.4.0-2337318-SNAPSHOT.jar:0.4.0-2337318-SNAPSHOT]
	at org.apache.ratis.grpc.client.GrpcClientProtocolService$RequestStreamObserver.onNext(GrpcClientProtocolService.java:240) [ratis-grpc-0.4.0-2337318-SNAPSHOT.jar:0.4.0-2337318-SNAPSHOT]
	at org.apache.ratis.grpc.client.GrpcClientProtocolService$RequestStreamObserver.onNext(GrpcClientProtocolService.java:168) [ratis-grpc-0.4.0-2337318-SNAPSHOT.jar:0.4.0-2337318-SNAPSHOT]
	at org.apache.ratis.thirdparty.io.grpc.stub.ServerCalls$StreamingServerCallHandler$StreamingServerCallListener.onMessage(ServerCalls.java:248) [ratis-thirdparty-misc-0.2.0.jar:0.2.0]
	at org.apache.ratis.thirdparty.io.grpc.internal.ServerCallImpl$ServerStreamListenerImpl.messagesAvailable(ServerCallImpl.java:263) [ratis-thirdparty-misc-0.2.0.jar:0.2.0]
	at org.apache.ratis.thirdparty.io.grpc.internal.ServerImpl$JumpToApplicationThreadServerStreamListener$1MessagesAvailable.runInContext(ServerImpl.java:686) [ratis-thirdparty-misc-0.2.0.jar:0.2.0]
	at org.apache.ratis.thirdparty.io.grpc.internal.ContextRunnable.run(ContextRunnable.java:37) [ratis-thirdparty-misc-0.2.0.jar:0.2.0]
	at org.apache.ratis.thirdparty.io.grpc.internal.SerializingExecutor.run(SerializingExecutor.java:123) [ratis-thirdparty-misc-0.2.0.jar:0.2.0]
	at java.util.concurrent.ThreadPoolExecutor.runWorker(ThreadPoolExecutor.java:1149) [?:1.8.0_212]
	at java.util.concurrent.ThreadPoolExecutor$Worker.run(ThreadPoolExecutor.java:624) [?:1.8.0_212]
	at java.lang.Thread.run(Thread.java:748) [?:1.8.0_212]
13:54:10.093 [grpc-default-executor-6] ERROR DNAudit - user=null | ip=null | op=PUT_BLOCK {blockData=[blockId=conID: 1 locID: 102445799426228240 bcsId: 0,size=334]} | ret=FAILURE
org.apache.hadoop.hdds.scm.container.common.helpers.ContainerNotOpenException: Container 1 in CLOSED state
	at org.apache.hadoop.ozone.container.common.impl.HddsDispatcher.validateContainerCommand(HddsDispatcher.java:408) ~[hadoop-hdds-container-service-0.5.0-SNAPSHOT.jar:?]
	at org.apache.hadoop.ozone.container.common.transport.server.ratis.ContainerStateMachine.startTransaction(ContainerStateMachine.java:272) ~[hadoop-hdds-container-service-0.5.0-SNAPSHOT.jar:?]
	at org.apache.ratis.server.impl.RaftServerImpl.submitClientRequestAsync(RaftServerImpl.java:566) ~[ratis-server-0.4.0-2337318-SNAPSHOT.jar:0.4.0-2337318-SNAPSHOT]
	at org.apache.ratis.server.impl.RaftServerProxy.lambda$submitClientRequestAsync$7(RaftServerProxy.java:333) ~[ratis-server-0.4.0-2337318-SNAPSHOT.jar:0.4.0-2337318-SNAPSHOT]
	at org.apache.ratis.server.impl.RaftServerProxy.lambda$null$5(RaftServerProxy.java:328) ~[ratis-server-0.4.0-2337318-SNAPSHOT.jar:0.4.0-2337318-SNAPSHOT]
	at org.apache.ratis.util.JavaUtils.callAsUnchecked(JavaUtils.java:109) ~[ratis-common-0.4.0-2337318-SNAPSHOT.jar:0.4.0-2337318-SNAPSHOT]
	at org.apache.ratis.server.impl.RaftServerProxy.lambda$submitRequest$6(RaftServerProxy.java:328) ~[ratis-server-0.4.0-2337318-SNAPSHOT.jar:0.4.0-2337318-SNAPSHOT]
	at java.util.concurrent.CompletableFuture.uniComposeStage(CompletableFuture.java:981) ~[?:1.8.0_212]
	at java.util.concurrent.CompletableFuture.thenCompose(CompletableFuture.java:2124) ~[?:1.8.0_212]
	at org.apache.ratis.server.impl.RaftServerProxy.submitRequest(RaftServerProxy.java:327) ~[ratis-server-0.4.0-2337318-SNAPSHOT.jar:0.4.0-2337318-SNAPSHOT]
	at org.apache.ratis.server.impl.RaftServerProxy.submitClientRequestAsync(RaftServerProxy.java:333) ~[ratis-server-0.4.0-2337318-SNAPSHOT.jar:0.4.0-2337318-SNAPSHOT]
	at org.apache.ratis.grpc.client.GrpcClientProtocolService$RequestStreamObserver.processClientRequest(GrpcClientProtocolService.java:220) ~[ratis-grpc-0.4.0-2337318-SNAPSHOT.jar:0.4.0-2337318-SNAPSHOT]
	at org.apache.ratis.grpc.client.GrpcClientProtocolService$OrderedRequestStreamObserver.processClientRequest(GrpcClientProtocolService.java:326) ~[ratis-grpc-0.4.0-2337318-SNAPSHOT.jar:0.4.0-2337318-SNAPSHOT]
	at org.apache.ratis.util.SlidingWindow$Server.processRequestsFromHead(SlidingWindow.java:429) [ratis-common-0.4.0-2337318-SNAPSHOT.jar:0.4.0-2337318-SNAPSHOT]
	at org.apache.ratis.util.SlidingWindow$Server.receivedRequest(SlidingWindow.java:421) [ratis-common-0.4.0-2337318-SNAPSHOT.jar:0.4.0-2337318-SNAPSHOT]
	at org.apache.ratis.grpc.client.GrpcClientProtocolService$OrderedRequestStreamObserver.processClientRequest(GrpcClientProtocolService.java:345) [ratis-grpc-0.4.0-2337318-SNAPSHOT.jar:0.4.0-2337318-SNAPSHOT]
	at org.apache.ratis.grpc.client.GrpcClientProtocolService$RequestStreamObserver.onNext(GrpcClientProtocolService.java:240) [ratis-grpc-0.4.0-2337318-SNAPSHOT.jar:0.4.0-2337318-SNAPSHOT]
	at org.apache.ratis.grpc.client.GrpcClientProtocolService$RequestStreamObserver.onNext(GrpcClientProtocolService.java:168) [ratis-grpc-0.4.0-2337318-SNAPSHOT.jar:0.4.0-2337318-SNAPSHOT]
	at org.apache.ratis.thirdparty.io.grpc.stub.ServerCalls$StreamingServerCallHandler$StreamingServerCallListener.onMessage(ServerCalls.java:248) [ratis-thirdparty-misc-0.2.0.jar:0.2.0]
	at org.apache.ratis.thirdparty.io.grpc.internal.ServerCallImpl$ServerStreamListenerImpl.messagesAvailable(ServerCallImpl.java:263) [ratis-thirdparty-misc-0.2.0.jar:0.2.0]
	at org.apache.ratis.thirdparty.io.grpc.internal.ServerImpl$JumpToApplicationThreadServerStreamListener$1MessagesAvailable.runInContext(ServerImpl.java:686) [ratis-thirdparty-misc-0.2.0.jar:0.2.0]
	at org.apache.ratis.thirdparty.io.grpc.internal.ContextRunnable.run(ContextRunnable.java:37) [ratis-thirdparty-misc-0.2.0.jar:0.2.0]
	at org.apache.ratis.thirdparty.io.grpc.internal.SerializingExecutor.run(SerializingExecutor.java:123) [ratis-thirdparty-misc-0.2.0.jar:0.2.0]
	at java.util.concurrent.ThreadPoolExecutor.runWorker(ThreadPoolExecutor.java:1149) [?:1.8.0_212]
	at java.util.concurrent.ThreadPoolExecutor$Worker.run(ThreadPoolExecutor.java:624) [?:1.8.0_212]
	at java.lang.Thread.run(Thread.java:748) [?:1.8.0_212]
2019-07-15 13:54:10,097 INFO  interfaces.Container (KeyValueContainer.java:compactDB(356)) - Container 1 is closed with bcsId 4.
2019-07-15 13:54:10,100 INFO  client.GrpcClientProtocolClient (GrpcClientProtocolClient.java:onNext(255)) - client-245D1D239751->8c0cbd76-3700-45b1-b307-949b240ad955: receive RaftClientReply:client-245D1D239751->8c0cbd76-3700-45b1-b307-949b240ad955@group-2EFE8318631E, cid=209, FAILED org.apache.ratis.protocol.StateMachineException: org.apache.hadoop.hdds.scm.container.common.helpers.ContainerNotOpenException from Server 8c0cbd76-3700-45b1-b307-949b240ad955: Container 1 in CLOSED state, logIndex=0, commits[8c0cbd76-3700-45b1-b307-949b240ad955:c8, a287c7fb-b8c0-4ae6-bb67-c358d10a08ae:c7, 3a7ce56e-4358-4ca5-ad70-62b7546f7b91:c7]
2019-07-15 13:54:10,107 INFO  client.GrpcClientProtocolClient (GrpcClientProtocolClient.java:onNext(255)) - client-245D1D239751->8c0cbd76-3700-45b1-b307-949b240ad955: receive RaftClientReply:client-245D1D239751->8c0cbd76-3700-45b1-b307-949b240ad955@group-2EFE8318631E, cid=210, FAILED org.apache.ratis.protocol.StateMachineException: org.apache.hadoop.hdds.scm.container.common.helpers.ContainerNotOpenException from Server 8c0cbd76-3700-45b1-b307-949b240ad955: Container 1 in CLOSED state, logIndex=0, commits[8c0cbd76-3700-45b1-b307-949b240ad955:c8, a287c7fb-b8c0-4ae6-bb67-c358d10a08ae:c7, 3a7ce56e-4358-4ca5-ad70-62b7546f7b91:c7]
2019-07-15 13:54:10,109 INFO  client.GrpcClientProtocolClient (GrpcClientProtocolClient.java:onNext(255)) - client-245D1D239751->8c0cbd76-3700-45b1-b307-949b240ad955: receive RaftClientReply:client-245D1D239751->8c0cbd76-3700-45b1-b307-949b240ad955@group-2EFE8318631E, cid=211, FAILED org.apache.ratis.protocol.StateMachineException: org.apache.hadoop.hdds.scm.container.common.helpers.ContainerNotOpenException from Server 8c0cbd76-3700-45b1-b307-949b240ad955: Container 1 in CLOSED state, logIndex=0, commits[8c0cbd76-3700-45b1-b307-949b240ad955:c8, a287c7fb-b8c0-4ae6-bb67-c358d10a08ae:c7, 3a7ce56e-4358-4ca5-ad70-62b7546f7b91:c7]
2019-07-15 13:54:10,252 INFO  client.GrpcClientProtocolClient (GrpcClientProtocolClient.java:onNext(255)) - client-4EE3FFBBC47A->ddc318da-a287-4568-9718-6535bb14cce7: receive RaftClientReply:client-4EE3FFBBC47A->ddc318da-a287-4568-9718-6535bb14cce7@group-7F82DAA57633, cid=212, SUCCESS, logIndex=1, commits[ddc318da-a287-4568-9718-6535bb14cce7:c1, b3efe6c9-7a7d-46ff-b4ca-b1494c62621b:c0, 599cfdd8-f0ea-4b89-9be2-3d1e39bad0bd:c0]
2019-07-15 13:54:10,279 INFO  client.GrpcClientProtocolClient (GrpcClientProtocolClient.java:onNext(255)) - client-4EE3FFBBC47A->ddc318da-a287-4568-9718-6535bb14cce7: receive RaftClientReply:client-4EE3FFBBC47A->ddc318da-a287-4568-9718-6535bb14cce7@group-7F82DAA57633, cid=213, SUCCESS, logIndex=3, commits[ddc318da-a287-4568-9718-6535bb14cce7:c4, b3efe6c9-7a7d-46ff-b4ca-b1494c62621b:c2, 599cfdd8-f0ea-4b89-9be2-3d1e39bad0bd:c2]
2019-07-15 13:54:10,340 INFO  client.GrpcClientProtocolClient (GrpcClientProtocolClient.java:onNext(255)) - client-4EE3FFBBC47A->ddc318da-a287-4568-9718-6535bb14cce7: receive RaftClientReply:client-4EE3FFBBC47A->ddc318da-a287-4568-9718-6535bb14cce7@group-7F82DAA57633, cid=214, SUCCESS, logIndex=4, commits[ddc318da-a287-4568-9718-6535bb14cce7:c6, b3efe6c9-7a7d-46ff-b4ca-b1494c62621b:c4, 599cfdd8-f0ea-4b89-9be2-3d1e39bad0bd:c4]
2019-07-15 13:54:10,359 INFO  pipeline.Pipeline (Pipeline.java:getProtobufMessage(195)) - Serialize pipeline PipelineID=d9f32e28-d19c-4924-ba20-7f82daa57633 with nodesInOrder{ }
2019-07-15 13:54:10,360 INFO  ozone.MiniOzoneClusterImpl (MiniOzoneClusterImpl.java:shutdown(321)) - Shutting down the Mini Ozone Cluster
2019-07-15 13:54:10,360 INFO  ozone.MiniOzoneClusterImpl (MiniOzoneClusterImpl.java:stop(336)) - Stopping the Mini Ozone Cluster
2019-07-15 13:54:10,360 INFO  ozone.MiniOzoneClusterImpl (MiniOzoneClusterImpl.java:stop(338)) - Stopping the OzoneManager
2019-07-15 13:54:10,361 INFO  ipc.Server (Server.java:stop(3082)) - Stopping server on 46200
2019-07-15 13:54:10,372 INFO  ipc.Server (Server.java:run(1185)) - Stopping IPC Server listener on 46200
2019-07-15 13:54:10,396 INFO  ipc.Server (Server.java:run(1319)) - Stopping IPC Server Responder
2019-07-15 13:54:10,396 INFO  utils.BackgroundService (BackgroundService.java:shutdown(148)) - Shutting down service KeyDeletingService
2019-07-15 13:54:10,397 INFO  handler.ContextHandler (ContextHandler.java:doStop(910)) - Stopped o.e.j.w.WebAppContext@99ace98{/,null,UNAVAILABLE}{/ozoneManager}
2019-07-15 13:54:10,398 INFO  server.AbstractConnector (AbstractConnector.java:doStop(318)) - Stopped ServerConnector@4104b6a6{HTTP/1.1,[http/1.1]}{0.0.0.0:0}
2019-07-15 13:54:10,398 INFO  handler.ContextHandler (ContextHandler.java:doStop(910)) - Stopped o.e.j.s.ServletContextHandler@406cf37f{/static,file:///workdir/hadoop-ozone/integration-test/target/test-classes/webapps/static,UNAVAILABLE}
2019-07-15 13:54:10,398 INFO  handler.ContextHandler (ContextHandler.java:doStop(910)) - Stopped o.e.j.s.ServletContextHandler@633328d3{/logs,file:///workdir/hadoop-ozone/integration-test/target/log,UNAVAILABLE}
2019-07-15 13:54:10,401 INFO  ozone.MiniOzoneClusterImpl (MiniOzoneClusterImpl.java:stop(344)) - Shutting the HddsDatanodes
2019-07-15 13:54:10,402 INFO  datanode.ObjectStoreHandler (ObjectStoreHandler.java:close(155)) - Closing ObjectStoreHandler.
2019-07-15 13:54:10,402 INFO  datanode.ObjectStoreHandler (ObjectStoreHandler.java:close(155)) - Closing ObjectStoreHandler.
2019-07-15 13:54:10,402 INFO  ozone.HddsDatanodeService (HddsDatanodeService.java:stop(452)) - Stopped plug-in org.apache.hadoop.ozone.web.OzoneHddsDatanodeService@1b3639a1
2019-07-15 13:54:10,402 INFO  ozone.HddsDatanodeService (HddsDatanodeService.java:stop(452)) - Stopped plug-in org.apache.hadoop.ozone.web.OzoneHddsDatanodeService@45accb5
2019-07-15 13:54:11,056 INFO  statemachine.DatanodeStateMachine (DatanodeStateMachine.java:lambda$startDaemon$0(350)) - Ozone container server started.
2019-07-15 13:54:11,237 INFO  statemachine.DatanodeStateMachine (DatanodeStateMachine.java:lambda$startDaemon$0(350)) - Ozone container server started.
2019-07-15 13:54:15,076 INFO  node.StaleNodeHandler (StaleNodeHandler.java:onMessage(58)) - Datanode 8c0cbd76-3700-45b1-b307-949b240ad955{ip: 192.168.157.240, host: trunk-nightly-hvlc9-701369690, networkLocation: /default-rack, certSerialId: null} moved to stale state. Finalizing its pipelines [PipelineID=ee65608d-c0cf-413d-96bc-9fc141d293d5, PipelineID=4f33c4ad-0cf5-434d-ab9c-2efe8318631e]
2019-07-15 13:54:15,076 INFO  pipeline.SCMPipelineManager (SCMPipelineManager.java:finalizeAndDestroyPipeline(309)) - destroying pipeline:Pipeline[ Id: ee65608d-c0cf-413d-96bc-9fc141d293d5, Nodes: 8c0cbd76-3700-45b1-b307-949b240ad955{ip: 192.168.157.240, host: trunk-nightly-hvlc9-701369690, networkLocation: /default-rack, certSerialId: null}, Type:RATIS, Factor:ONE, State:OPEN]
2019-07-15 13:54:15,077 INFO  pipeline.PipelineStateManager (PipelineStateManager.java:finalizePipeline(123)) - Pipeline Pipeline[ Id: ee65608d-c0cf-413d-96bc-9fc141d293d5, Nodes: 8c0cbd76-3700-45b1-b307-949b240ad955{ip: 192.168.157.240, host: trunk-nightly-hvlc9-701369690, networkLocation: /default-rack, certSerialId: null}, Type:RATIS, Factor:ONE, State:CLOSED] moved to CLOSED state
2019-07-15 13:54:15,077 INFO  pipeline.SCMPipelineManager (SCMPipelineManager.java:finalizeAndDestroyPipeline(309)) - destroying pipeline:Pipeline[ Id: 4f33c4ad-0cf5-434d-ab9c-2efe8318631e, Nodes: a287c7fb-b8c0-4ae6-bb67-c358d10a08ae{ip: 192.168.157.240, host: trunk-nightly-hvlc9-701369690, networkLocation: /default-rack, certSerialId: null}3a7ce56e-4358-4ca5-ad70-62b7546f7b91{ip: 192.168.157.240, host: trunk-nightly-hvlc9-701369690, networkLocation: /default-rack, certSerialId: null}8c0cbd76-3700-45b1-b307-949b240ad955{ip: 192.168.157.240, host: trunk-nightly-hvlc9-701369690, networkLocation: /default-rack, certSerialId: null}, Type:RATIS, Factor:THREE, State:OPEN]
2019-07-15 13:54:15,077 INFO  pipeline.PipelineStateManager (PipelineStateManager.java:finalizePipeline(123)) - Pipeline Pipeline[ Id: 4f33c4ad-0cf5-434d-ab9c-2efe8318631e, Nodes: a287c7fb-b8c0-4ae6-bb67-c358d10a08ae{ip: 192.168.157.240, host: trunk-nightly-hvlc9-701369690, networkLocation: /default-rack, certSerialId: null}3a7ce56e-4358-4ca5-ad70-62b7546f7b91{ip: 192.168.157.240, host: trunk-nightly-hvlc9-701369690, networkLocation: /default-rack, certSerialId: null}8c0cbd76-3700-45b1-b307-949b240ad955{ip: 192.168.157.240, host: trunk-nightly-hvlc9-701369690, networkLocation: /default-rack, certSerialId: null}, Type:RATIS, Factor:THREE, State:CLOSED] moved to CLOSED state
2019-07-15 13:54:15,276 INFO  node.StaleNodeHandler (StaleNodeHandler.java:onMessage(58)) - Datanode 599cfdd8-f0ea-4b89-9be2-3d1e39bad0bd{ip: 192.168.157.240, host: trunk-nightly-hvlc9-701369690, networkLocation: /default-rack, certSerialId: null} moved to stale state. Finalizing its pipelines [PipelineID=721f16f1-4952-4195-9852-d19bf55d5028, PipelineID=d9f32e28-d19c-4924-ba20-7f82daa57633]
2019-07-15 13:54:15,276 INFO  pipeline.SCMPipelineManager (SCMPipelineManager.java:finalizeAndDestroyPipeline(309)) - destroying pipeline:Pipeline[ Id: 721f16f1-4952-4195-9852-d19bf55d5028, Nodes: 599cfdd8-f0ea-4b89-9be2-3d1e39bad0bd{ip: 192.168.157.240, host: trunk-nightly-hvlc9-701369690, networkLocation: /default-rack, certSerialId: null}, Type:RATIS, Factor:ONE, State:OPEN]
2019-07-15 13:54:15,277 INFO  pipeline.PipelineStateManager (PipelineStateManager.java:finalizePipeline(123)) - Pipeline Pipeline[ Id: 721f16f1-4952-4195-9852-d19bf55d5028, Nodes: 599cfdd8-f0ea-4b89-9be2-3d1e39bad0bd{ip: 192.168.157.240, host: trunk-nightly-hvlc9-701369690, networkLocation: /default-rack, certSerialId: null}, Type:RATIS, Factor:ONE, State:CLOSED] moved to CLOSED state
2019-07-15 13:54:15,277 INFO  pipeline.SCMPipelineManager (SCMPipelineManager.java:finalizeAndDestroyPipeline(309)) - destroying pipeline:Pipeline[ Id: d9f32e28-d19c-4924-ba20-7f82daa57633, Nodes: ddc318da-a287-4568-9718-6535bb14cce7{ip: 192.168.157.240, host: trunk-nightly-hvlc9-701369690, networkLocation: /default-rack, certSerialId: null}599cfdd8-f0ea-4b89-9be2-3d1e39bad0bd{ip: 192.168.157.240, host: trunk-nightly-hvlc9-701369690, networkLocation: /default-rack, certSerialId: null}b3efe6c9-7a7d-46ff-b4ca-b1494c62621b{ip: 192.168.157.240, host: trunk-nightly-hvlc9-701369690, networkLocation: /default-rack, certSerialId: null}, Type:RATIS, Factor:THREE, State:OPEN]
2019-07-15 13:54:15,277 INFO  pipeline.PipelineStateManager (PipelineStateManager.java:finalizePipeline(123)) - Pipeline Pipeline[ Id: d9f32e28-d19c-4924-ba20-7f82daa57633, Nodes: ddc318da-a287-4568-9718-6535bb14cce7{ip: 192.168.157.240, host: trunk-nightly-hvlc9-701369690, networkLocation: /default-rack, certSerialId: null}599cfdd8-f0ea-4b89-9be2-3d1e39bad0bd{ip: 192.168.157.240, host: trunk-nightly-hvlc9-701369690, networkLocation: /default-rack, certSerialId: null}b3efe6c9-7a7d-46ff-b4ca-b1494c62621b{ip: 192.168.157.240, host: trunk-nightly-hvlc9-701369690, networkLocation: /default-rack, certSerialId: null}, Type:RATIS, Factor:THREE, State:CLOSED] moved to CLOSED state
2019-07-15 13:54:15,277 INFO  container.CloseContainerEventHandler (CloseContainerEventHandler.java:onMessage(61)) - Close container Event triggered for container : #2
2019-07-15 13:54:15,403 INFO  ozoneimpl.OzoneContainer (OzoneContainer.java:stop(199)) - Attempting to stop container services.
2019-07-15 13:54:15,403 INFO  ozoneimpl.OzoneContainer (OzoneContainer.java:stop(199)) - Attempting to stop container services.
2019-07-15 13:54:15,404 INFO  impl.RaftServerProxy (RaftServerProxy.java:lambda$close$4(314)) - 599cfdd8-f0ea-4b89-9be2-3d1e39bad0bd: close
2019-07-15 13:54:15,404 INFO  impl.RaftServerProxy (RaftServerProxy.java:lambda$close$4(314)) - 8c0cbd76-3700-45b1-b307-949b240ad955: close
2019-07-15 13:54:15,404 INFO  impl.RaftServerImpl (RaftServerImpl.java:lambda$shutdown$3(245)) - 599cfdd8-f0ea-4b89-9be2-3d1e39bad0bd: shutdown group-D19BF55D5028
2019-07-15 13:54:15,405 INFO  impl.RaftServerImpl (RaftServerImpl.java:lambda$shutdown$3(245)) - 8c0cbd76-3700-45b1-b307-949b240ad955: shutdown group-9FC141D293D5
2019-07-15 13:54:15,405 INFO  util.JmxRegister (JmxRegister.java:unregister(73)) - Successfully un-registered JMX Bean with object name Ratis:service=RaftServer,group=group-D19BF55D5028,id=599cfdd8-f0ea-4b89-9be2-3d1e39bad0bd
2019-07-15 13:54:15,405 INFO  util.JmxRegister (JmxRegister.java:unregister(73)) - Successfully un-registered JMX Bean with object name Ratis:service=RaftServer,group=group-9FC141D293D5,id=8c0cbd76-3700-45b1-b307-949b240ad955
2019-07-15 13:54:15,406 INFO  impl.RoleInfo (RoleInfo.java:shutdownLeaderState(104)) - 599cfdd8-f0ea-4b89-9be2-3d1e39bad0bd: shutdown LeaderState
2019-07-15 13:54:15,406 INFO  impl.RoleInfo (RoleInfo.java:shutdownLeaderState(104)) - 8c0cbd76-3700-45b1-b307-949b240ad955: shutdown LeaderState
2019-07-15 13:54:15,407 INFO  impl.PendingRequests (PendingRequests.java:sendNotLeaderResponses(202)) - 599cfdd8-f0ea-4b89-9be2-3d1e39bad0bd-PendingRequests: sendNotLeaderResponses
2019-07-15 13:54:15,407 INFO  impl.PendingRequests (PendingRequests.java:sendNotLeaderResponses(202)) - 8c0cbd76-3700-45b1-b307-949b240ad955-PendingRequests: sendNotLeaderResponses
2019-07-15 13:54:15,407 INFO  impl.StateMachineUpdater (StateMachineUpdater.java:stopAndJoin(115)) - StateMachineUpdater:599cfdd8-f0ea-4b89-9be2-3d1e39bad0bd:group-D19BF55D5028: set stopIndex = 0
2019-07-15 13:54:15,408 INFO  impl.RaftServerImpl (ServerState.java:close(394)) - 599cfdd8-f0ea-4b89-9be2-3d1e39bad0bd:group-D19BF55D5028 closes. The last applied log index is 0
2019-07-15 13:54:15,408 INFO  impl.StateMachineUpdater (StateMachineUpdater.java:stopAndJoin(115)) - StateMachineUpdater:8c0cbd76-3700-45b1-b307-949b240ad955:group-9FC141D293D5: set stopIndex = 0
2019-07-15 13:54:15,409 INFO  segmented.SegmentedRaftLogWorker (SegmentedRaftLogWorker.java:run(313)) - 599cfdd8-f0ea-4b89-9be2-3d1e39bad0bd-SegmentedRaftLogWorker:Storage Directory /workdir/hadoop-ozone/integration-test/target/test-dir/MiniOzoneClusterImpl-7e5209a1-d222-4590-9047-fbd607b1adce/datanode-4/data/ratis/721f16f1-4952-4195-9852-d19bf55d5028 was interrupted, exiting. There are 0 tasks remaining in the queue.
2019-07-15 13:54:15,409 INFO  impl.RaftServerImpl (ServerState.java:close(394)) - 8c0cbd76-3700-45b1-b307-949b240ad955:group-9FC141D293D5 closes. The last applied log index is 0
2019-07-15 13:54:15,412 INFO  segmented.SegmentedRaftLogWorker (SegmentedRaftLogWorker.java:close(228)) - 599cfdd8-f0ea-4b89-9be2-3d1e39bad0bd-SegmentedRaftLogWorker:Storage Directory /workdir/hadoop-ozone/integration-test/target/test-dir/MiniOzoneClusterImpl-7e5209a1-d222-4590-9047-fbd607b1adce/datanode-4/data/ratis/721f16f1-4952-4195-9852-d19bf55d5028 close()
2019-07-15 13:54:15,412 INFO  segmented.SegmentedRaftLogWorker (SegmentedRaftLogWorker.java:run(313)) - 8c0cbd76-3700-45b1-b307-949b240ad955-SegmentedRaftLogWorker:Storage Directory /workdir/hadoop-ozone/integration-test/target/test-dir/MiniOzoneClusterImpl-7e5209a1-d222-4590-9047-fbd607b1adce/datanode-1/data/ratis/ee65608d-c0cf-413d-96bc-9fc141d293d5 was interrupted, exiting. There are 0 tasks remaining in the queue.
2019-07-15 13:54:15,417 INFO  impl.RaftServerImpl (RaftServerImpl.java:lambda$shutdown$3(245)) - 599cfdd8-f0ea-4b89-9be2-3d1e39bad0bd: shutdown group-7F82DAA57633
2019-07-15 13:54:15,420 INFO  segmented.SegmentedRaftLogWorker (SegmentedRaftLogWorker.java:close(228)) - 8c0cbd76-3700-45b1-b307-949b240ad955-SegmentedRaftLogWorker:Storage Directory /workdir/hadoop-ozone/integration-test/target/test-dir/MiniOzoneClusterImpl-7e5209a1-d222-4590-9047-fbd607b1adce/datanode-1/data/ratis/ee65608d-c0cf-413d-96bc-9fc141d293d5 close()
2019-07-15 13:54:15,420 INFO  util.JmxRegister (JmxRegister.java:unregister(73)) - Successfully un-registered JMX Bean with object name Ratis:service=RaftServer,group=group-7F82DAA57633,id=599cfdd8-f0ea-4b89-9be2-3d1e39bad0bd
2019-07-15 13:54:15,425 INFO  impl.RaftServerImpl (RaftServerImpl.java:lambda$shutdown$3(245)) - 8c0cbd76-3700-45b1-b307-949b240ad955: shutdown group-2EFE8318631E
2019-07-15 13:54:15,426 INFO  util.JmxRegister (JmxRegister.java:unregister(73)) - Successfully un-registered JMX Bean with object name Ratis:service=RaftServer,group=group-2EFE8318631E,id=8c0cbd76-3700-45b1-b307-949b240ad955
2019-07-15 13:54:15,426 INFO  impl.RoleInfo (RoleInfo.java:shutdownLeaderState(104)) - 8c0cbd76-3700-45b1-b307-949b240ad955: shutdown LeaderState
2019-07-15 13:54:15,425 INFO  impl.RoleInfo (RoleInfo.java:shutdownFollowerState(121)) - 599cfdd8-f0ea-4b89-9be2-3d1e39bad0bd: shutdown FollowerState
2019-07-15 13:54:15,431 WARN  server.GrpcLogAppender (GrpcLogAppender.java:mayWait(143)) - GrpcLogAppender(8c0cbd76-3700-45b1-b307-949b240ad955->3a7ce56e-4358-4ca5-ad70-62b7546f7b91): Wait interrupted by java.lang.InterruptedException
2019-07-15 13:54:15,431 INFO  impl.PendingRequests (PendingRequests.java:sendNotLeaderResponses(202)) - 8c0cbd76-3700-45b1-b307-949b240ad955-PendingRequests: sendNotLeaderResponses
2019-07-15 13:54:15,428 WARN  server.GrpcLogAppender (GrpcLogAppender.java:mayWait(143)) - GrpcLogAppender(8c0cbd76-3700-45b1-b307-949b240ad955->a287c7fb-b8c0-4ae6-bb67-c358d10a08ae): Wait interrupted by java.lang.InterruptedException
2019-07-15 13:54:15,432 INFO  server.GrpcServerProtocolService (GrpcServerProtocolService.java:onCompleted(104)) - 3a7ce56e-4358-4ca5-ad70-62b7546f7b91: appendEntries completed
2019-07-15 13:54:15,437 INFO  impl.StateMachineUpdater (StateMachineUpdater.java:stopAndJoin(115)) - StateMachineUpdater:8c0cbd76-3700-45b1-b307-949b240ad955:group-2EFE8318631E: set stopIndex = 8
2019-07-15 13:54:15,431 INFO  ratis.ContainerStateMachine (ContainerStateMachine.java:takeSnapshot(249)) - group-7F82DAA57633: Taking a snapshot at:(t:1, i:4) file /workdir/hadoop-ozone/integration-test/target/test-dir/MiniOzoneClusterImpl-7e5209a1-d222-4590-9047-fbd607b1adce/datanode-4/data/ratis/d9f32e28-d19c-4924-ba20-7f82daa57633/sm/snapshot.1_4
2019-07-15 13:54:15,431 INFO  impl.FollowerState (FollowerState.java:run(114)) - 599cfdd8-f0ea-4b89-9be2-3d1e39bad0bd: FollowerState was interrupted: java.lang.InterruptedException: sleep interrupted
2019-07-15 13:54:15,431 INFO  impl.StateMachineUpdater (StateMachineUpdater.java:stopAndJoin(115)) - StateMachineUpdater:599cfdd8-f0ea-4b89-9be2-3d1e39bad0bd:group-7F82DAA57633: set stopIndex = 6
2019-07-15 13:54:15,440 INFO  ratis.ContainerStateMachine (ContainerStateMachine.java:takeSnapshot(257)) - group-7F82DAA57633: Finished taking a snapshot at:(t:1, i:4) file:/workdir/hadoop-ozone/integration-test/target/test-dir/MiniOzoneClusterImpl-7e5209a1-d222-4590-9047-fbd607b1adce/datanode-4/data/ratis/d9f32e28-d19c-4924-ba20-7f82daa57633/sm/snapshot.1_4 time:9
2019-07-15 13:54:15,441 INFO  impl.StateMachineUpdater (StateMachineUpdater.java:takeSnapshot(242)) - StateMachineUpdater:599cfdd8-f0ea-4b89-9be2-3d1e39bad0bd:group-7F82DAA57633: Took a snapshot at index 4
2019-07-15 13:54:15,438 INFO  server.GrpcLogAppender (GrpcLogAppender.java:onCompleted(292)) - 8c0cbd76-3700-45b1-b307-949b240ad955->3a7ce56e-4358-4ca5-ad70-62b7546f7b91: follower responses appendEntries COMPLETED
2019-07-15 13:54:15,437 INFO  server.GrpcServerProtocolService (GrpcServerProtocolService.java:onCompleted(104)) - a287c7fb-b8c0-4ae6-bb67-c358d10a08ae: appendEntries completed
2019-07-15 13:54:15,437 INFO  ratis.ContainerStateMachine (ContainerStateMachine.java:takeSnapshot(249)) - group-2EFE8318631E: Taking a snapshot at:(t:1, i:8) file /workdir/hadoop-ozone/integration-test/target/test-dir/MiniOzoneClusterImpl-7e5209a1-d222-4590-9047-fbd607b1adce/datanode-1/data/ratis/4f33c4ad-0cf5-434d-ab9c-2efe8318631e/sm/snapshot.1_8
2019-07-15 13:54:15,441 INFO  impl.FollowerInfo (FollowerInfo.java:lambda$new$0(50)) - 8c0cbd76-3700-45b1-b307-949b240ad955->3a7ce56e-4358-4ca5-ad70-62b7546f7b91: nextIndex: updateUnconditionally 9 -> 8
2019-07-15 13:54:15,441 INFO  impl.StateMachineUpdater (StateMachineUpdater.java:lambda$new$0(80)) - StateMachineUpdater:599cfdd8-f0ea-4b89-9be2-3d1e39bad0bd:group-7F82DAA57633: snapshotIndex: updateIncreasingly -1 -> 4
2019-07-15 13:54:15,442 INFO  ratis.ContainerStateMachine (ContainerStateMachine.java:takeSnapshot(257)) - group-2EFE8318631E: Finished taking a snapshot at:(t:1, i:8) file:/workdir/hadoop-ozone/integration-test/target/test-dir/MiniOzoneClusterImpl-7e5209a1-d222-4590-9047-fbd607b1adce/datanode-1/data/ratis/4f33c4ad-0cf5-434d-ab9c-2efe8318631e/sm/snapshot.1_8 time:5
2019-07-15 13:54:15,442 INFO  impl.StateMachineUpdater (StateMachineUpdater.java:takeSnapshot(242)) - StateMachineUpdater:8c0cbd76-3700-45b1-b307-949b240ad955:group-2EFE8318631E: Took a snapshot at index 8
2019-07-15 13:54:15,442 INFO  server.GrpcLogAppender (GrpcLogAppender.java:onCompleted(292)) - 8c0cbd76-3700-45b1-b307-949b240ad955->a287c7fb-b8c0-4ae6-bb67-c358d10a08ae: follower responses appendEntries COMPLETED
2019-07-15 13:54:15,442 INFO  impl.RaftServerImpl (ServerState.java:close(394)) - 599cfdd8-f0ea-4b89-9be2-3d1e39bad0bd:group-7F82DAA57633 closes. The last applied log index is 6
2019-07-15 13:54:15,442 INFO  impl.StateMachineUpdater (StateMachineUpdater.java:lambda$new$0(80)) - StateMachineUpdater:8c0cbd76-3700-45b1-b307-949b240ad955:group-2EFE8318631E: snapshotIndex: updateIncreasingly -1 -> 8
2019-07-15 13:54:15,443 INFO  impl.FollowerInfo (FollowerInfo.java:lambda$new$0(50)) - 8c0cbd76-3700-45b1-b307-949b240ad955->a287c7fb-b8c0-4ae6-bb67-c358d10a08ae: nextIndex: updateUnconditionally 9 -> 8
2019-07-15 13:54:15,443 INFO  impl.RaftServerImpl (ServerState.java:close(394)) - 8c0cbd76-3700-45b1-b307-949b240ad955:group-2EFE8318631E closes. The last applied log index is 8
2019-07-15 13:54:15,443 INFO  segmented.SegmentedRaftLogWorker (SegmentedRaftLogWorker.java:run(313)) - 599cfdd8-f0ea-4b89-9be2-3d1e39bad0bd-SegmentedRaftLogWorker:Storage Directory /workdir/hadoop-ozone/integration-test/target/test-dir/MiniOzoneClusterImpl-7e5209a1-d222-4590-9047-fbd607b1adce/datanode-4/data/ratis/d9f32e28-d19c-4924-ba20-7f82daa57633 was interrupted, exiting. There are 0 tasks remaining in the queue.
2019-07-15 13:54:15,444 INFO  segmented.SegmentedRaftLogWorker (SegmentedRaftLogWorker.java:run(313)) - 8c0cbd76-3700-45b1-b307-949b240ad955-SegmentedRaftLogWorker:Storage Directory /workdir/hadoop-ozone/integration-test/target/test-dir/MiniOzoneClusterImpl-7e5209a1-d222-4590-9047-fbd607b1adce/datanode-1/data/ratis/4f33c4ad-0cf5-434d-ab9c-2efe8318631e was interrupted, exiting. There are 0 tasks remaining in the queue.
2019-07-15 13:54:15,446 INFO  segmented.SegmentedRaftLogWorker (SegmentedRaftLogWorker.java:close(228)) - 599cfdd8-f0ea-4b89-9be2-3d1e39bad0bd-SegmentedRaftLogWorker:Storage Directory /workdir/hadoop-ozone/integration-test/target/test-dir/MiniOzoneClusterImpl-7e5209a1-d222-4590-9047-fbd607b1adce/datanode-4/data/ratis/d9f32e28-d19c-4924-ba20-7f82daa57633 close()
2019-07-15 13:54:15,449 INFO  segmented.SegmentedRaftLogWorker (SegmentedRaftLogWorker.java:close(228)) - 8c0cbd76-3700-45b1-b307-949b240ad955-SegmentedRaftLogWorker:Storage Directory /workdir/hadoop-ozone/integration-test/target/test-dir/MiniOzoneClusterImpl-7e5209a1-d222-4590-9047-fbd607b1adce/datanode-1/data/ratis/4f33c4ad-0cf5-434d-ab9c-2efe8318631e close()
2019-07-15 13:54:15,454 INFO  server.GrpcService (GrpcService.java:closeImpl(155)) - 599cfdd8-f0ea-4b89-9be2-3d1e39bad0bd: shutdown server with port 46644 now
2019-07-15 13:54:15,458 INFO  server.GrpcService (GrpcService.java:closeImpl(155)) - 8c0cbd76-3700-45b1-b307-949b240ad955: shutdown server with port 42920 now
2019-07-15 13:54:15,459 WARN  server.GrpcServerProtocolService (LogUtils.java:warn(134)) - 599cfdd8-f0ea-4b89-9be2-3d1e39bad0bd: appendEntries onError: org.apache.ratis.thirdparty.io.grpc.StatusRuntimeException: CANCELLED: cancelled before receiving half close
2019-07-15 13:54:15,460 INFO  server.GrpcService (GrpcService.java:closeImpl(163)) - 599cfdd8-f0ea-4b89-9be2-3d1e39bad0bd: shutdown server with port 46644 successfully
2019-07-15 13:54:15,460 WARN  server.GrpcLogAppender (LogUtils.java:warn(134)) - ddc318da-a287-4568-9718-6535bb14cce7->599cfdd8-f0ea-4b89-9be2-3d1e39bad0bd: Failed appendEntries: org.apache.ratis.thirdparty.io.grpc.StatusRuntimeException: CANCELLED: HTTP/2 error code: CANCEL
Received Rst Stream
2019-07-15 13:54:15,460 INFO  server.GrpcService (GrpcService.java:closeImpl(163)) - 8c0cbd76-3700-45b1-b307-949b240ad955: shutdown server with port 42920 successfully
2019-07-15 13:54:15,460 INFO  impl.FollowerInfo (FollowerInfo.java:lambda$new$0(50)) - ddc318da-a287-4568-9718-6535bb14cce7->599cfdd8-f0ea-4b89-9be2-3d1e39bad0bd: nextIndex: updateUnconditionally 7 -> 6
2019-07-15 13:54:15,462 INFO  utils.BackgroundService (BackgroundService.java:shutdown(148)) - Shutting down service BlockDeletingService
2019-07-15 13:54:15,462 INFO  utils.BackgroundService (BackgroundService.java:shutdown(148)) - Shutting down service BlockDeletingService
2019-07-15 13:54:15,463 WARN  fs.CachingGetSpaceUsed (CachingGetSpaceUsed.java:run(183)) - Thread Interrupted waiting to refresh disk information: sleep interrupted
2019-07-15 13:54:15,464 WARN  fs.CachingGetSpaceUsed (CachingGetSpaceUsed.java:run(183)) - Thread Interrupted waiting to refresh disk information: sleep interrupted
2019-07-15 13:54:15,489 INFO  statemachine.DatanodeStateMachine (DatanodeStateMachine.java:stopDaemon(395)) - Ozone container server stopped.
2019-07-15 13:54:15,498 INFO  handler.ContextHandler (ContextHandler.java:doStop(910)) - Stopped o.e.j.w.WebAppContext@4563d421{/,null,UNAVAILABLE}{/hddsDatanode}
2019-07-15 13:54:15,500 INFO  statemachine.DatanodeStateMachine (DatanodeStateMachine.java:stopDaemon(395)) - Ozone container server stopped.
2019-07-15 13:54:15,500 INFO  server.AbstractConnector (AbstractConnector.java:doStop(318)) - Stopped ServerConnector@1465914{HTTP/1.1,[http/1.1]}{0.0.0.0:0}
2019-07-15 13:54:15,509 INFO  handler.ContextHandler (ContextHandler.java:doStop(910)) - Stopped o.e.j.s.ServletContextHandler@69a8191e{/static,jar:file:/home/user/.m2/repository/org/apache/hadoop/hadoop-hdds-container-service/0.5.0-SNAPSHOT/hadoop-hdds-container-service-0.5.0-SNAPSHOT.jar!/webapps/static,UNAVAILABLE}
2019-07-15 13:54:15,510 INFO  handler.ContextHandler (ContextHandler.java:doStop(910)) - Stopped o.e.j.s.ServletContextHandler@728cf276{/logs,file:///workdir/hadoop-ozone/integration-test/target/log,UNAVAILABLE}
2019-07-15 13:54:15,510 INFO  handler.ContextHandler (ContextHandler.java:doStop(910)) - Stopped o.e.j.w.WebAppContext@7fd8f21{/,null,UNAVAILABLE}{/hddsDatanode}
2019-07-15 13:54:15,510 INFO  datanode.ObjectStoreHandler (ObjectStoreHandler.java:close(155)) - Closing ObjectStoreHandler.
2019-07-15 13:54:15,511 INFO  ozone.HddsDatanodeService (HddsDatanodeService.java:stop(452)) - Stopped plug-in org.apache.hadoop.ozone.web.OzoneHddsDatanodeService@28fa0ff8
2019-07-15 13:54:15,511 INFO  server.AbstractConnector (AbstractConnector.java:doStop(318)) - Stopped ServerConnector@5a564a61{HTTP/1.1,[http/1.1]}{0.0.0.0:0}
2019-07-15 13:54:15,511 INFO  handler.ContextHandler (ContextHandler.java:doStop(910)) - Stopped o.e.j.s.ServletContextHandler@57b4fc1e{/static,jar:file:/home/user/.m2/repository/org/apache/hadoop/hadoop-hdds-container-service/0.5.0-SNAPSHOT/hadoop-hdds-container-service-0.5.0-SNAPSHOT.jar!/webapps/static,UNAVAILABLE}
2019-07-15 13:54:15,511 INFO  handler.ContextHandler (ContextHandler.java:doStop(910)) - Stopped o.e.j.s.ServletContextHandler@6d5376b7{/logs,file:///workdir/hadoop-ozone/integration-test/target/log,UNAVAILABLE}
2019-07-15 13:54:15,512 INFO  datanode.ObjectStoreHandler (ObjectStoreHandler.java:close(155)) - Closing ObjectStoreHandler.
2019-07-15 13:54:15,513 INFO  ozone.HddsDatanodeService (HddsDatanodeService.java:stop(452)) - Stopped plug-in org.apache.hadoop.ozone.web.OzoneHddsDatanodeService@776ae580
2019-07-15 13:54:16,102 INFO  statemachine.DatanodeStateMachine (DatanodeStateMachine.java:lambda$startDaemon$0(350)) - Ozone container server started.
2019-07-15 13:54:16,240 INFO  statemachine.DatanodeStateMachine (DatanodeStateMachine.java:lambda$startDaemon$0(350)) - Ozone container server started.
2019-07-15 13:54:17,802 WARN  server.GrpcLogAppender (LogUtils.java:warn(134)) - ddc318da-a287-4568-9718-6535bb14cce7->599cfdd8-f0ea-4b89-9be2-3d1e39bad0bd: Failed appendEntries: org.apache.ratis.thirdparty.io.grpc.StatusRuntimeException: UNAVAILABLE: io exception
2019-07-15 13:54:17,802 INFO  impl.FollowerInfo (FollowerInfo.java:lambda$new$0(50)) - ddc318da-a287-4568-9718-6535bb14cce7->599cfdd8-f0ea-4b89-9be2-3d1e39bad0bd: nextIndex: updateUnconditionally 6 -> 5
2019-07-15 13:54:18,243 WARN  server.GrpcLogAppender (LogUtils.java:warn(134)) - ddc318da-a287-4568-9718-6535bb14cce7->599cfdd8-f0ea-4b89-9be2-3d1e39bad0bd: Failed appendEntries: org.apache.ratis.thirdparty.io.grpc.StatusRuntimeException: UNAVAILABLE: io exception
2019-07-15 13:54:18,243 INFO  impl.FollowerInfo (FollowerInfo.java:lambda$new$0(50)) - ddc318da-a287-4568-9718-6535bb14cce7->599cfdd8-f0ea-4b89-9be2-3d1e39bad0bd: nextIndex: updateUnconditionally 6 -> 5
2019-07-15 13:54:18,254 WARN  server.GrpcLogAppender (LogUtils.java:warn(134)) - ddc318da-a287-4568-9718-6535bb14cce7->599cfdd8-f0ea-4b89-9be2-3d1e39bad0bd: Failed appendEntries: org.apache.ratis.thirdparty.io.grpc.StatusRuntimeException: UNAVAILABLE: io exception
2019-07-15 13:54:18,254 INFO  impl.FollowerInfo (FollowerInfo.java:lambda$new$0(50)) - ddc318da-a287-4568-9718-6535bb14cce7->599cfdd8-f0ea-4b89-9be2-3d1e39bad0bd: nextIndex: updateUnconditionally 6 -> 5
2019-07-15 13:54:18,266 WARN  server.GrpcLogAppender (LogUtils.java:warn(134)) - ddc318da-a287-4568-9718-6535bb14cce7->599cfdd8-f0ea-4b89-9be2-3d1e39bad0bd: Failed appendEntries: org.apache.ratis.thirdparty.io.grpc.StatusRuntimeException: UNAVAILABLE: io exception
2019-07-15 13:54:18,267 INFO  impl.FollowerInfo (FollowerInfo.java:lambda$new$0(50)) - ddc318da-a287-4568-9718-6535bb14cce7->599cfdd8-f0ea-4b89-9be2-3d1e39bad0bd: nextIndex: updateUnconditionally 6 -> 5
2019-07-15 13:54:18,283 INFO  interfaces.Container (KeyValueContainer.java:compactDB(356)) - Container 2 is closed with bcsId 4.
2019-07-15 13:54:18,299 INFO  interfaces.Container (KeyValueContainer.java:compactDB(356)) - Container 2 is closed with bcsId 4.
2019-07-15 13:54:20,182 INFO  node.StaleNodeHandler (StaleNodeHandler.java:onMessage(58)) - Datanode 3a7ce56e-4358-4ca5-ad70-62b7546f7b91{ip: 192.168.157.240, host: trunk-nightly-hvlc9-701369690, networkLocation: /default-rack, certSerialId: null} moved to stale state. Finalizing its pipelines [PipelineID=4f33c4ad-0cf5-434d-ab9c-2efe8318631e, PipelineID=ac4e4380-0a10-4506-8284-5a8a0921842d]
2019-07-15 13:54:20,183 INFO  pipeline.SCMPipelineManager (SCMPipelineManager.java:finalizeAndDestroyPipeline(309)) - destroying pipeline:Pipeline[ Id: 4f33c4ad-0cf5-434d-ab9c-2efe8318631e, Nodes: a287c7fb-b8c0-4ae6-bb67-c358d10a08ae{ip: 192.168.157.240, host: trunk-nightly-hvlc9-701369690, networkLocation: /default-rack, certSerialId: null}3a7ce56e-4358-4ca5-ad70-62b7546f7b91{ip: 192.168.157.240, host: trunk-nightly-hvlc9-701369690, networkLocation: /default-rack, certSerialId: null}8c0cbd76-3700-45b1-b307-949b240ad955{ip: 192.168.157.240, host: trunk-nightly-hvlc9-701369690, networkLocation: /default-rack, certSerialId: null}, Type:RATIS, Factor:THREE, State:CLOSED]
2019-07-15 13:54:20,183 INFO  pipeline.SCMPipelineManager (SCMPipelineManager.java:finalizeAndDestroyPipeline(309)) - destroying pipeline:Pipeline[ Id: ac4e4380-0a10-4506-8284-5a8a0921842d, Nodes: 3a7ce56e-4358-4ca5-ad70-62b7546f7b91{ip: 192.168.157.240, host: trunk-nightly-hvlc9-701369690, networkLocation: /default-rack, certSerialId: null}, Type:RATIS, Factor:ONE, State:OPEN]
2019-07-15 13:54:20,183 INFO  pipeline.PipelineStateManager (PipelineStateManager.java:finalizePipeline(123)) - Pipeline Pipeline[ Id: ac4e4380-0a10-4506-8284-5a8a0921842d, Nodes: 3a7ce56e-4358-4ca5-ad70-62b7546f7b91{ip: 192.168.157.240, host: trunk-nightly-hvlc9-701369690, networkLocation: /default-rack, certSerialId: null}, Type:RATIS, Factor:ONE, State:CLOSED] moved to CLOSED state
2019-07-15 13:54:20,283 INFO  node.StaleNodeHandler (StaleNodeHandler.java:onMessage(58)) - Datanode b3efe6c9-7a7d-46ff-b4ca-b1494c62621b{ip: 192.168.157.240, host: trunk-nightly-hvlc9-701369690, networkLocation: /default-rack, certSerialId: null} moved to stale state. Finalizing its pipelines [PipelineID=d9f32e28-d19c-4924-ba20-7f82daa57633, PipelineID=0c674529-2e3e-47e3-bae2-89a3c8f8ad76]
2019-07-15 13:54:20,283 INFO  pipeline.SCMPipelineManager (SCMPipelineManager.java:finalizeAndDestroyPipeline(309)) - destroying pipeline:Pipeline[ Id: d9f32e28-d19c-4924-ba20-7f82daa57633, Nodes: ddc318da-a287-4568-9718-6535bb14cce7{ip: 192.168.157.240, host: trunk-nightly-hvlc9-701369690, networkLocation: /default-rack, certSerialId: null}599cfdd8-f0ea-4b89-9be2-3d1e39bad0bd{ip: 192.168.157.240, host: trunk-nightly-hvlc9-701369690, networkLocation: /default-rack, certSerialId: null}b3efe6c9-7a7d-46ff-b4ca-b1494c62621b{ip: 192.168.157.240, host: trunk-nightly-hvlc9-701369690, networkLocation: /default-rack, certSerialId: null}, Type:RATIS, Factor:THREE, State:CLOSED]
2019-07-15 13:54:20,283 INFO  pipeline.SCMPipelineManager (SCMPipelineManager.java:finalizeAndDestroyPipeline(309)) - destroying pipeline:Pipeline[ Id: 0c674529-2e3e-47e3-bae2-89a3c8f8ad76, Nodes: b3efe6c9-7a7d-46ff-b4ca-b1494c62621b{ip: 192.168.157.240, host: trunk-nightly-hvlc9-701369690, networkLocation: /default-rack, certSerialId: null}, Type:RATIS, Factor:ONE, State:OPEN]
2019-07-15 13:54:20,283 INFO  pipeline.PipelineStateManager (PipelineStateManager.java:finalizePipeline(123)) - Pipeline Pipeline[ Id: 0c674529-2e3e-47e3-bae2-89a3c8f8ad76, Nodes: b3efe6c9-7a7d-46ff-b4ca-b1494c62621b{ip: 192.168.157.240, host: trunk-nightly-hvlc9-701369690, networkLocation: /default-rack, certSerialId: null}, Type:RATIS, Factor:ONE, State:CLOSED] moved to CLOSED state
2019-07-15 13:54:20,511 INFO  ozoneimpl.OzoneContainer (OzoneContainer.java:stop(199)) - Attempting to stop container services.
2019-07-15 13:54:20,512 INFO  impl.RaftServerProxy (RaftServerProxy.java:lambda$close$4(314)) - 3a7ce56e-4358-4ca5-ad70-62b7546f7b91: close
2019-07-15 13:54:20,512 INFO  impl.RaftServerImpl (RaftServerImpl.java:lambda$shutdown$3(245)) - 3a7ce56e-4358-4ca5-ad70-62b7546f7b91: shutdown group-2EFE8318631E
2019-07-15 13:54:20,512 INFO  util.JmxRegister (JmxRegister.java:unregister(73)) - Successfully un-registered JMX Bean with object name Ratis:service=RaftServer,group=group-2EFE8318631E,id=3a7ce56e-4358-4ca5-ad70-62b7546f7b91
2019-07-15 13:54:20,512 INFO  impl.RoleInfo (RoleInfo.java:shutdownFollowerState(121)) - 3a7ce56e-4358-4ca5-ad70-62b7546f7b91: shutdown FollowerState
2019-07-15 13:54:20,513 INFO  impl.StateMachineUpdater (StateMachineUpdater.java:stopAndJoin(115)) - StateMachineUpdater:3a7ce56e-4358-4ca5-ad70-62b7546f7b91:group-2EFE8318631E: set stopIndex = 8
2019-07-15 13:54:20,513 INFO  impl.FollowerState (FollowerState.java:run(114)) - 3a7ce56e-4358-4ca5-ad70-62b7546f7b91: FollowerState was interrupted: java.lang.InterruptedException: sleep interrupted
2019-07-15 13:54:20,513 INFO  ratis.ContainerStateMachine (ContainerStateMachine.java:takeSnapshot(249)) - group-2EFE8318631E: Taking a snapshot at:(t:1, i:7) file /workdir/hadoop-ozone/integration-test/target/test-dir/MiniOzoneClusterImpl-7e5209a1-d222-4590-9047-fbd607b1adce/datanode-2/data/ratis/4f33c4ad-0cf5-434d-ab9c-2efe8318631e/sm/snapshot.1_7
2019-07-15 13:54:20,516 INFO  ozoneimpl.OzoneContainer (OzoneContainer.java:stop(199)) - Attempting to stop container services.
2019-07-15 13:54:20,516 INFO  ratis.ContainerStateMachine (ContainerStateMachine.java:takeSnapshot(257)) - group-2EFE8318631E: Finished taking a snapshot at:(t:1, i:7) file:/workdir/hadoop-ozone/integration-test/target/test-dir/MiniOzoneClusterImpl-7e5209a1-d222-4590-9047-fbd607b1adce/datanode-2/data/ratis/4f33c4ad-0cf5-434d-ab9c-2efe8318631e/sm/snapshot.1_7 time:4
2019-07-15 13:54:20,516 INFO  impl.StateMachineUpdater (StateMachineUpdater.java:takeSnapshot(242)) - StateMachineUpdater:3a7ce56e-4358-4ca5-ad70-62b7546f7b91:group-2EFE8318631E: Took a snapshot at index 7
2019-07-15 13:54:20,516 INFO  impl.RaftServerProxy (RaftServerProxy.java:lambda$close$4(314)) - b3efe6c9-7a7d-46ff-b4ca-b1494c62621b: close
2019-07-15 13:54:20,516 INFO  impl.StateMachineUpdater (StateMachineUpdater.java:lambda$new$0(80)) - StateMachineUpdater:3a7ce56e-4358-4ca5-ad70-62b7546f7b91:group-2EFE8318631E: snapshotIndex: updateIncreasingly -1 -> 7
2019-07-15 13:54:20,517 INFO  impl.RaftServerImpl (RaftServerImpl.java:lambda$shutdown$3(245)) - b3efe6c9-7a7d-46ff-b4ca-b1494c62621b: shutdown group-7F82DAA57633
2019-07-15 13:54:20,517 INFO  impl.RaftServerImpl (ServerState.java:close(394)) - 3a7ce56e-4358-4ca5-ad70-62b7546f7b91:group-2EFE8318631E closes. The last applied log index is 8
2019-07-15 13:54:20,517 INFO  util.JmxRegister (JmxRegister.java:unregister(73)) - Successfully un-registered JMX Bean with object name Ratis:service=RaftServer,group=group-7F82DAA57633,id=b3efe6c9-7a7d-46ff-b4ca-b1494c62621b
2019-07-15 13:54:20,518 INFO  segmented.SegmentedRaftLogWorker (SegmentedRaftLogWorker.java:run(313)) - 3a7ce56e-4358-4ca5-ad70-62b7546f7b91-SegmentedRaftLogWorker:Storage Directory /workdir/hadoop-ozone/integration-test/target/test-dir/MiniOzoneClusterImpl-7e5209a1-d222-4590-9047-fbd607b1adce/datanode-2/data/ratis/4f33c4ad-0cf5-434d-ab9c-2efe8318631e was interrupted, exiting. There are 0 tasks remaining in the queue.
2019-07-15 13:54:20,518 INFO  impl.RoleInfo (RoleInfo.java:shutdownFollowerState(121)) - b3efe6c9-7a7d-46ff-b4ca-b1494c62621b: shutdown FollowerState
2019-07-15 13:54:20,520 INFO  segmented.SegmentedRaftLogWorker (SegmentedRaftLogWorker.java:close(228)) - 3a7ce56e-4358-4ca5-ad70-62b7546f7b91-SegmentedRaftLogWorker:Storage Directory /workdir/hadoop-ozone/integration-test/target/test-dir/MiniOzoneClusterImpl-7e5209a1-d222-4590-9047-fbd607b1adce/datanode-2/data/ratis/4f33c4ad-0cf5-434d-ab9c-2efe8318631e close()
2019-07-15 13:54:20,521 INFO  ratis.ContainerStateMachine (ContainerStateMachine.java:takeSnapshot(249)) - group-7F82DAA57633: Taking a snapshot at:(t:1, i:7) file /workdir/hadoop-ozone/integration-test/target/test-dir/MiniOzoneClusterImpl-7e5209a1-d222-4590-9047-fbd607b1adce/datanode-3/data/ratis/d9f32e28-d19c-4924-ba20-7f82daa57633/sm/snapshot.1_7
2019-07-15 13:54:20,525 INFO  impl.RaftServerImpl (RaftServerImpl.java:lambda$shutdown$3(245)) - 3a7ce56e-4358-4ca5-ad70-62b7546f7b91: shutdown group-5A8A0921842D
2019-07-15 13:54:20,525 INFO  ratis.ContainerStateMachine (ContainerStateMachine.java:takeSnapshot(257)) - group-7F82DAA57633: Finished taking a snapshot at:(t:1, i:7) file:/workdir/hadoop-ozone/integration-test/target/test-dir/MiniOzoneClusterImpl-7e5209a1-d222-4590-9047-fbd607b1adce/datanode-3/data/ratis/d9f32e28-d19c-4924-ba20-7f82daa57633/sm/snapshot.1_7 time:5
2019-07-15 13:54:20,521 INFO  impl.FollowerState (FollowerState.java:run(114)) - b3efe6c9-7a7d-46ff-b4ca-b1494c62621b: FollowerState was interrupted: java.lang.InterruptedException: sleep interrupted
2019-07-15 13:54:20,521 INFO  impl.StateMachineUpdater (StateMachineUpdater.java:stopAndJoin(115)) - StateMachineUpdater:b3efe6c9-7a7d-46ff-b4ca-b1494c62621b:group-7F82DAA57633: set stopIndex = 7
2019-07-15 13:54:20,525 INFO  impl.StateMachineUpdater (StateMachineUpdater.java:takeSnapshot(242)) - StateMachineUpdater:b3efe6c9-7a7d-46ff-b4ca-b1494c62621b:group-7F82DAA57633: Took a snapshot at index 7
2019-07-15 13:54:20,525 INFO  util.JmxRegister (JmxRegister.java:unregister(73)) - Successfully un-registered JMX Bean with object name Ratis:service=RaftServer,group=group-5A8A0921842D,id=3a7ce56e-4358-4ca5-ad70-62b7546f7b91
2019-07-15 13:54:20,528 INFO  impl.StateMachineUpdater (StateMachineUpdater.java:lambda$new$0(80)) - StateMachineUpdater:b3efe6c9-7a7d-46ff-b4ca-b1494c62621b:group-7F82DAA57633: snapshotIndex: updateIncreasingly -1 -> 7
2019-07-15 13:54:20,528 INFO  impl.RoleInfo (RoleInfo.java:shutdownLeaderState(104)) - 3a7ce56e-4358-4ca5-ad70-62b7546f7b91: shutdown LeaderState
2019-07-15 13:54:20,529 INFO  impl.RaftServerImpl (ServerState.java:close(394)) - b3efe6c9-7a7d-46ff-b4ca-b1494c62621b:group-7F82DAA57633 closes. The last applied log index is 7
2019-07-15 13:54:20,529 INFO  impl.PendingRequests (PendingRequests.java:sendNotLeaderResponses(202)) - 3a7ce56e-4358-4ca5-ad70-62b7546f7b91-PendingRequests: sendNotLeaderResponses
2019-07-15 13:54:20,529 INFO  segmented.SegmentedRaftLogWorker (SegmentedRaftLogWorker.java:run(313)) - b3efe6c9-7a7d-46ff-b4ca-b1494c62621b-SegmentedRaftLogWorker:Storage Directory /workdir/hadoop-ozone/integration-test/target/test-dir/MiniOzoneClusterImpl-7e5209a1-d222-4590-9047-fbd607b1adce/datanode-3/data/ratis/d9f32e28-d19c-4924-ba20-7f82daa57633 was interrupted, exiting. There are 0 tasks remaining in the queue.
2019-07-15 13:54:20,530 INFO  impl.StateMachineUpdater (StateMachineUpdater.java:stopAndJoin(115)) - StateMachineUpdater:3a7ce56e-4358-4ca5-ad70-62b7546f7b91:group-5A8A0921842D: set stopIndex = 0
2019-07-15 13:54:20,532 INFO  segmented.SegmentedRaftLogWorker (SegmentedRaftLogWorker.java:close(228)) - b3efe6c9-7a7d-46ff-b4ca-b1494c62621b-SegmentedRaftLogWorker:Storage Directory /workdir/hadoop-ozone/integration-test/target/test-dir/MiniOzoneClusterImpl-7e5209a1-d222-4590-9047-fbd607b1adce/datanode-3/data/ratis/d9f32e28-d19c-4924-ba20-7f82daa57633 close()
2019-07-15 13:54:20,532 INFO  impl.RaftServerImpl (ServerState.java:close(394)) - 3a7ce56e-4358-4ca5-ad70-62b7546f7b91:group-5A8A0921842D closes. The last applied log index is 0
2019-07-15 13:54:20,536 INFO  impl.RaftServerImpl (RaftServerImpl.java:lambda$shutdown$3(245)) - b3efe6c9-7a7d-46ff-b4ca-b1494c62621b: shutdown group-89A3C8F8AD76
2019-07-15 13:54:20,537 INFO  util.JmxRegister (JmxRegister.java:unregister(73)) - Successfully un-registered JMX Bean with object name Ratis:service=RaftServer,group=group-89A3C8F8AD76,id=b3efe6c9-7a7d-46ff-b4ca-b1494c62621b
2019-07-15 13:54:20,537 INFO  impl.RoleInfo (RoleInfo.java:shutdownLeaderState(104)) - b3efe6c9-7a7d-46ff-b4ca-b1494c62621b: shutdown LeaderState
2019-07-15 13:54:20,537 INFO  segmented.SegmentedRaftLogWorker (SegmentedRaftLogWorker.java:run(313)) - 3a7ce56e-4358-4ca5-ad70-62b7546f7b91-SegmentedRaftLogWorker:Storage Directory /workdir/hadoop-ozone/integration-test/target/test-dir/MiniOzoneClusterImpl-7e5209a1-d222-4590-9047-fbd607b1adce/datanode-2/data/ratis/ac4e4380-0a10-4506-8284-5a8a0921842d was interrupted, exiting. There are 0 tasks remaining in the queue.
2019-07-15 13:54:20,538 INFO  impl.PendingRequests (PendingRequests.java:sendNotLeaderResponses(202)) - b3efe6c9-7a7d-46ff-b4ca-b1494c62621b-PendingRequests: sendNotLeaderResponses
2019-07-15 13:54:20,540 INFO  segmented.SegmentedRaftLogWorker (SegmentedRaftLogWorker.java:close(228)) - 3a7ce56e-4358-4ca5-ad70-62b7546f7b91-SegmentedRaftLogWorker:Storage Directory /workdir/hadoop-ozone/integration-test/target/test-dir/MiniOzoneClusterImpl-7e5209a1-d222-4590-9047-fbd607b1adce/datanode-2/data/ratis/ac4e4380-0a10-4506-8284-5a8a0921842d close()
2019-07-15 13:54:20,540 INFO  impl.StateMachineUpdater (StateMachineUpdater.java:stopAndJoin(115)) - StateMachineUpdater:b3efe6c9-7a7d-46ff-b4ca-b1494c62621b:group-89A3C8F8AD76: set stopIndex = 0
2019-07-15 13:54:20,551 INFO  server.GrpcService (GrpcService.java:closeImpl(155)) - 3a7ce56e-4358-4ca5-ad70-62b7546f7b91: shutdown server with port 37180 now
2019-07-15 13:54:20,551 INFO  impl.RaftServerImpl (ServerState.java:close(394)) - b3efe6c9-7a7d-46ff-b4ca-b1494c62621b:group-89A3C8F8AD76 closes. The last applied log index is 0
2019-07-15 13:54:20,552 INFO  segmented.SegmentedRaftLogWorker (SegmentedRaftLogWorker.java:run(313)) - b3efe6c9-7a7d-46ff-b4ca-b1494c62621b-SegmentedRaftLogWorker:Storage Directory /workdir/hadoop-ozone/integration-test/target/test-dir/MiniOzoneClusterImpl-7e5209a1-d222-4590-9047-fbd607b1adce/datanode-3/data/ratis/0c674529-2e3e-47e3-bae2-89a3c8f8ad76 was interrupted, exiting. There are 0 tasks remaining in the queue.
2019-07-15 13:54:20,554 INFO  segmented.SegmentedRaftLogWorker (SegmentedRaftLogWorker.java:close(228)) - b3efe6c9-7a7d-46ff-b4ca-b1494c62621b-SegmentedRaftLogWorker:Storage Directory /workdir/hadoop-ozone/integration-test/target/test-dir/MiniOzoneClusterImpl-7e5209a1-d222-4590-9047-fbd607b1adce/datanode-3/data/ratis/0c674529-2e3e-47e3-bae2-89a3c8f8ad76 close()
2019-07-15 13:54:20,554 INFO  server.GrpcService (GrpcService.java:closeImpl(163)) - 3a7ce56e-4358-4ca5-ad70-62b7546f7b91: shutdown server with port 37180 successfully
2019-07-15 13:54:20,556 INFO  server.GrpcService (GrpcService.java:closeImpl(155)) - b3efe6c9-7a7d-46ff-b4ca-b1494c62621b: shutdown server with port 40561 now
2019-07-15 13:54:20,557 INFO  utils.BackgroundService (BackgroundService.java:shutdown(148)) - Shutting down service BlockDeletingService
2019-07-15 13:54:20,557 INFO  server.GrpcService (GrpcService.java:closeImpl(163)) - b3efe6c9-7a7d-46ff-b4ca-b1494c62621b: shutdown server with port 40561 successfully
2019-07-15 13:54:20,557 WARN  server.GrpcServerProtocolService (LogUtils.java:warn(134)) - b3efe6c9-7a7d-46ff-b4ca-b1494c62621b: appendEntries onError: org.apache.ratis.thirdparty.io.grpc.StatusRuntimeException: CANCELLED: cancelled before receiving half close
2019-07-15 13:54:20,558 WARN  server.GrpcLogAppender (LogUtils.java:warn(134)) - ddc318da-a287-4568-9718-6535bb14cce7->b3efe6c9-7a7d-46ff-b4ca-b1494c62621b: Failed appendEntries: org.apache.ratis.thirdparty.io.grpc.StatusRuntimeException: CANCELLED: HTTP/2 error code: CANCEL
Received Rst Stream
2019-07-15 13:54:20,559 INFO  impl.FollowerInfo (FollowerInfo.java:lambda$new$0(50)) - ddc318da-a287-4568-9718-6535bb14cce7->b3efe6c9-7a7d-46ff-b4ca-b1494c62621b: nextIndex: updateUnconditionally 9 -> 8
2019-07-15 13:54:20,559 WARN  fs.CachingGetSpaceUsed (CachingGetSpaceUsed.java:run(183)) - Thread Interrupted waiting to refresh disk information: sleep interrupted
2019-07-15 13:54:20,560 INFO  utils.BackgroundService (BackgroundService.java:shutdown(148)) - Shutting down service BlockDeletingService
2019-07-15 13:54:20,563 WARN  fs.CachingGetSpaceUsed (CachingGetSpaceUsed.java:run(183)) - Thread Interrupted waiting to refresh disk information: sleep interrupted
2019-07-15 13:54:20,579 INFO  statemachine.DatanodeStateMachine (DatanodeStateMachine.java:stopDaemon(395)) - Ozone container server stopped.
2019-07-15 13:54:20,583 INFO  handler.ContextHandler (ContextHandler.java:doStop(910)) - Stopped o.e.j.w.WebAppContext@36cbe0fe{/,null,UNAVAILABLE}{/hddsDatanode}
2019-07-15 13:54:20,595 INFO  statemachine.DatanodeStateMachine (DatanodeStateMachine.java:stopDaemon(395)) - Ozone container server stopped.
2019-07-15 13:54:20,595 INFO  server.AbstractConnector (AbstractConnector.java:doStop(318)) - Stopped ServerConnector@712a5de4{HTTP/1.1,[http/1.1]}{0.0.0.0:0}
2019-07-15 13:54:20,595 INFO  handler.ContextHandler (ContextHandler.java:doStop(910)) - Stopped o.e.j.s.ServletContextHandler@45cd5c56{/static,jar:file:/home/user/.m2/repository/org/apache/hadoop/hadoop-hdds-container-service/0.5.0-SNAPSHOT/hadoop-hdds-container-service-0.5.0-SNAPSHOT.jar!/webapps/static,UNAVAILABLE}
2019-07-15 13:54:20,596 INFO  handler.ContextHandler (ContextHandler.java:doStop(910)) - Stopped o.e.j.s.ServletContextHandler@23182d4d{/logs,file:///workdir/hadoop-ozone/integration-test/target/log,UNAVAILABLE}
2019-07-15 13:54:20,596 INFO  handler.ContextHandler (ContextHandler.java:doStop(910)) - Stopped o.e.j.w.WebAppContext@55a8f92d{/,null,UNAVAILABLE}{/hddsDatanode}
2019-07-15 13:54:20,596 INFO  datanode.ObjectStoreHandler (ObjectStoreHandler.java:close(155)) - Closing ObjectStoreHandler.
2019-07-15 13:54:20,597 INFO  server.AbstractConnector (AbstractConnector.java:doStop(318)) - Stopped ServerConnector@78b3f926{HTTP/1.1,[http/1.1]}{0.0.0.0:0}
2019-07-15 13:54:20,597 INFO  ozone.HddsDatanodeService (HddsDatanodeService.java:stop(452)) - Stopped plug-in org.apache.hadoop.ozone.web.OzoneHddsDatanodeService@51b1732d
2019-07-15 13:54:20,597 INFO  handler.ContextHandler (ContextHandler.java:doStop(910)) - Stopped o.e.j.s.ServletContextHandler@76e5d5e5{/static,jar:file:/home/user/.m2/repository/org/apache/hadoop/hadoop-hdds-container-service/0.5.0-SNAPSHOT/hadoop-hdds-container-service-0.5.0-SNAPSHOT.jar!/webapps/static,UNAVAILABLE}
2019-07-15 13:54:20,597 INFO  handler.ContextHandler (ContextHandler.java:doStop(910)) - Stopped o.e.j.s.ServletContextHandler@b41ceac{/logs,file:///workdir/hadoop-ozone/integration-test/target/log,UNAVAILABLE}
2019-07-15 13:54:20,598 INFO  datanode.ObjectStoreHandler (ObjectStoreHandler.java:close(155)) - Closing ObjectStoreHandler.
2019-07-15 13:54:20,598 INFO  ozone.HddsDatanodeService (HddsDatanodeService.java:stop(452)) - Stopped plug-in org.apache.hadoop.ozone.web.OzoneHddsDatanodeService@5f5c2451
2019-07-15 13:54:20,722 INFO  statemachine.DatanodeStateMachine (DatanodeStateMachine.java:lambda$startDaemon$0(350)) - Ozone container server started.
2019-07-15 13:54:20,767 WARN  server.GrpcLogAppender (LogUtils.java:warn(134)) - ddc318da-a287-4568-9718-6535bb14cce7->b3efe6c9-7a7d-46ff-b4ca-b1494c62621b: Failed appendEntries: org.apache.ratis.thirdparty.io.grpc.StatusRuntimeException: UNAVAILABLE: io exception
2019-07-15 13:54:20,767 WARN  server.GrpcLogAppender (LogUtils.java:warn(134)) - ddc318da-a287-4568-9718-6535bb14cce7->599cfdd8-f0ea-4b89-9be2-3d1e39bad0bd: Failed appendEntries: org.apache.ratis.thirdparty.io.grpc.StatusRuntimeException: UNAVAILABLE: io exception
2019-07-15 13:54:20,767 INFO  impl.FollowerInfo (FollowerInfo.java:lambda$new$0(50)) - ddc318da-a287-4568-9718-6535bb14cce7->b3efe6c9-7a7d-46ff-b4ca-b1494c62621b: nextIndex: updateUnconditionally 8 -> 7
2019-07-15 13:54:20,768 INFO  impl.FollowerInfo (FollowerInfo.java:lambda$new$0(50)) - ddc318da-a287-4568-9718-6535bb14cce7->599cfdd8-f0ea-4b89-9be2-3d1e39bad0bd: nextIndex: updateUnconditionally 5 -> 4
2019-07-15 13:54:21,073 INFO  statemachine.DatanodeStateMachine (DatanodeStateMachine.java:lambda$startDaemon$0(350)) - Ozone container server started.
2019-07-15 13:54:22,209 INFO  impl.FollowerState (FollowerState.java:run(106)) - a287c7fb-b8c0-4ae6-bb67-c358d10a08ae:group-2EFE8318631E changes to CANDIDATE, lastRpcTime:7173, electionTimeout:5022ms
2019-07-15 13:54:22,209 INFO  impl.RoleInfo (RoleInfo.java:shutdownFollowerState(121)) - a287c7fb-b8c0-4ae6-bb67-c358d10a08ae: shutdown FollowerState
2019-07-15 13:54:22,209 INFO  impl.RaftServerImpl (RaftServerImpl.java:setRole(171)) - a287c7fb-b8c0-4ae6-bb67-c358d10a08ae:group-2EFE8318631E changes role from FOLLOWER to CANDIDATE at term 1 for changeToCandidate
2019-07-15 13:54:22,210 INFO  impl.RoleInfo (RoleInfo.java:updateAndGet(143)) - a287c7fb-b8c0-4ae6-bb67-c358d10a08ae: start LeaderElection
2019-07-15 13:54:22,213 INFO  impl.RaftServerImpl (ServerState.java:setLeader(263)) - a287c7fb-b8c0-4ae6-bb67-c358d10a08ae:group-2EFE8318631E change Leader from 8c0cbd76-3700-45b1-b307-949b240ad955 to null at term 1 for initElection
2019-07-15 13:54:22,240 INFO  impl.LeaderElection (LeaderElection.java:askForVotes(181)) - a287c7fb-b8c0-4ae6-bb67-c358d10a08ae:group-2EFE8318631E:LeaderElection87: begin an election at term 2 for 0: [a287c7fb-b8c0-4ae6-bb67-c358d10a08ae:192.168.157.240:35243, 3a7ce56e-4358-4ca5-ad70-62b7546f7b91:192.168.157.240:37180, 8c0cbd76-3700-45b1-b307-949b240ad955:192.168.157.240:42920], old=null
2019-07-15 13:54:22,243 INFO  impl.LeaderElection (LogUtils.java:infoOrTrace(149)) - a287c7fb-b8c0-4ae6-bb67-c358d10a08ae:group-2EFE8318631E:LeaderElection87 got exception when requesting votes: {}
java.util.concurrent.ExecutionException: org.apache.ratis.thirdparty.io.grpc.StatusRuntimeException: UNAVAILABLE: io exception
	at java.util.concurrent.FutureTask.report(FutureTask.java:122)
	at java.util.concurrent.FutureTask.get(FutureTask.java:192)
	at org.apache.ratis.server.impl.LeaderElection.waitForResults(LeaderElection.java:262)
	at org.apache.ratis.server.impl.LeaderElection.askForVotes(LeaderElection.java:200)
	at org.apache.ratis.server.impl.LeaderElection.run(LeaderElection.java:130)
	at java.lang.Thread.run(Thread.java:748)
Caused by: org.apache.ratis.thirdparty.io.grpc.StatusRuntimeException: UNAVAILABLE: io exception
	at org.apache.ratis.thirdparty.io.grpc.stub.ClientCalls.toStatusRuntimeException(ClientCalls.java:233)
	at org.apache.ratis.thirdparty.io.grpc.stub.ClientCalls.getUnchecked(ClientCalls.java:214)
	at org.apache.ratis.thirdparty.io.grpc.stub.ClientCalls.blockingUnaryCall(ClientCalls.java:139)
	at org.apache.ratis.proto.grpc.RaftServerProtocolServiceGrpc$RaftServerProtocolServiceBlockingStub.requestVote(RaftServerProtocolServiceGrpc.java:265)
	at org.apache.ratis.grpc.server.GrpcServerProtocolClient.requestVote(GrpcServerProtocolClient.java:83)
	at org.apache.ratis.grpc.server.GrpcService.requestVote(GrpcService.java:195)
	at org.apache.ratis.server.impl.LeaderElection.lambda$submitRequests$1(LeaderElection.java:237)
	at java.util.concurrent.FutureTask.run(FutureTask.java:266)
	at java.util.concurrent.Executors$RunnableAdapter.call(Executors.java:511)
	at java.util.concurrent.FutureTask.run(FutureTask.java:266)
	at java.util.concurrent.ThreadPoolExecutor.runWorker(ThreadPoolExecutor.java:1149)
	at java.util.concurrent.ThreadPoolExecutor$Worker.run(ThreadPoolExecutor.java:624)
	... 1 more
Caused by: org.apache.ratis.thirdparty.io.netty.channel.AbstractChannel$AnnotatedConnectException: Connection refused: /192.168.157.240:42920
	at sun.nio.ch.SocketChannelImpl.checkConnect(Native Method)
	at sun.nio.ch.SocketChannelImpl.finishConnect(SocketChannelImpl.java:717)
	at org.apache.ratis.thirdparty.io.netty.channel.socket.nio.NioSocketChannel.doFinishConnect(NioSocketChannel.java:327)
	at org.apache.ratis.thirdparty.io.netty.channel.nio.AbstractNioChannel$AbstractNioUnsafe.finishConnect(AbstractNioChannel.java:340)
	at org.apache.ratis.thirdparty.io.netty.channel.nio.NioEventLoop.processSelectedKey(NioEventLoop.java:632)
	at org.apache.ratis.thirdparty.io.netty.channel.nio.NioEventLoop.processSelectedKeysOptimized(NioEventLoop.java:579)
	at org.apache.ratis.thirdparty.io.netty.channel.nio.NioEventLoop.processSelectedKeys(NioEventLoop.java:496)
	at org.apache.ratis.thirdparty.io.netty.channel.nio.NioEventLoop.run(NioEventLoop.java:458)
	at org.apache.ratis.thirdparty.io.netty.util.concurrent.SingleThreadEventExecutor$5.run(SingleThreadEventExecutor.java:897)
	at org.apache.ratis.thirdparty.io.netty.util.concurrent.FastThreadLocalRunnable.run(FastThreadLocalRunnable.java:30)
	... 1 more
Caused by: java.net.ConnectException: Connection refused
	... 11 more
2019-07-15 13:54:22,245 INFO  impl.LeaderElection (LogUtils.java:infoOrTrace(149)) - a287c7fb-b8c0-4ae6-bb67-c358d10a08ae:group-2EFE8318631E:LeaderElection87 got exception when requesting votes: {}
java.util.concurrent.ExecutionException: org.apache.ratis.thirdparty.io.grpc.StatusRuntimeException: UNAVAILABLE: io exception
	at java.util.concurrent.FutureTask.report(FutureTask.java:122)
	at java.util.concurrent.FutureTask.get(FutureTask.java:192)
	at org.apache.ratis.server.impl.LeaderElection.waitForResults(LeaderElection.java:262)
	at org.apache.ratis.server.impl.LeaderElection.askForVotes(LeaderElection.java:200)
	at org.apache.ratis.server.impl.LeaderElection.run(LeaderElection.java:130)
	at java.lang.Thread.run(Thread.java:748)
Caused by: org.apache.ratis.thirdparty.io.grpc.StatusRuntimeException: UNAVAILABLE: io exception
	at org.apache.ratis.thirdparty.io.grpc.stub.ClientCalls.toStatusRuntimeException(ClientCalls.java:233)
	at org.apache.ratis.thirdparty.io.grpc.stub.ClientCalls.getUnchecked(ClientCalls.java:214)
	at org.apache.ratis.thirdparty.io.grpc.stub.ClientCalls.blockingUnaryCall(ClientCalls.java:139)
	at org.apache.ratis.proto.grpc.RaftServerProtocolServiceGrpc$RaftServerProtocolServiceBlockingStub.requestVote(RaftServerProtocolServiceGrpc.java:265)
	at org.apache.ratis.grpc.server.GrpcServerProtocolClient.requestVote(GrpcServerProtocolClient.java:83)
	at org.apache.ratis.grpc.server.GrpcService.requestVote(GrpcService.java:195)
	at org.apache.ratis.server.impl.LeaderElection.lambda$submitRequests$1(LeaderElection.java:237)
	at java.util.concurrent.FutureTask.run(FutureTask.java:266)
	at java.util.concurrent.Executors$RunnableAdapter.call(Executors.java:511)
	at java.util.concurrent.FutureTask.run(FutureTask.java:266)
	at java.util.concurrent.ThreadPoolExecutor.runWorker(ThreadPoolExecutor.java:1149)
	at java.util.concurrent.ThreadPoolExecutor$Worker.run(ThreadPoolExecutor.java:624)
	... 1 more
Caused by: org.apache.ratis.thirdparty.io.netty.channel.AbstractChannel$AnnotatedConnectException: Connection refused: /192.168.157.240:37180
	at sun.nio.ch.SocketChannelImpl.checkConnect(Native Method)
	at sun.nio.ch.SocketChannelImpl.finishConnect(SocketChannelImpl.java:717)
	at org.apache.ratis.thirdparty.io.netty.channel.socket.nio.NioSocketChannel.doFinishConnect(NioSocketChannel.java:327)
	at org.apache.ratis.thirdparty.io.netty.channel.nio.AbstractNioChannel$AbstractNioUnsafe.finishConnect(AbstractNioChannel.java:340)
	at org.apache.ratis.thirdparty.io.netty.channel.nio.NioEventLoop.processSelectedKey(NioEventLoop.java:632)
	at org.apache.ratis.thirdparty.io.netty.channel.nio.NioEventLoop.processSelectedKeysOptimized(NioEventLoop.java:579)
	at org.apache.ratis.thirdparty.io.netty.channel.nio.NioEventLoop.processSelectedKeys(NioEventLoop.java:496)
	at org.apache.ratis.thirdparty.io.netty.channel.nio.NioEventLoop.run(NioEventLoop.java:458)
	at org.apache.ratis.thirdparty.io.netty.util.concurrent.SingleThreadEventExecutor$5.run(SingleThreadEventExecutor.java:897)
	at org.apache.ratis.thirdparty.io.netty.util.concurrent.FastThreadLocalRunnable.run(FastThreadLocalRunnable.java:30)
	... 1 more
Caused by: java.net.ConnectException: Connection refused
	... 11 more
2019-07-15 13:54:22,247 INFO  impl.LeaderElection (LeaderElection.java:logAndReturn(56)) - a287c7fb-b8c0-4ae6-bb67-c358d10a08ae:group-2EFE8318631E:LeaderElection87: Election REJECTED; received 0 response(s) [] and 2 exception(s); a287c7fb-b8c0-4ae6-bb67-c358d10a08ae:t2, leader=null, voted=a287c7fb-b8c0-4ae6-bb67-c358d10a08ae, raftlog=a287c7fb-b8c0-4ae6-bb67-c358d10a08ae-SegmentedRaftLog:OPENED:c8,f8,i8, conf=0: [a287c7fb-b8c0-4ae6-bb67-c358d10a08ae:192.168.157.240:35243, 3a7ce56e-4358-4ca5-ad70-62b7546f7b91:192.168.157.240:37180, 8c0cbd76-3700-45b1-b307-949b240ad955:192.168.157.240:42920], old=null
2019-07-15 13:54:22,247 INFO  impl.LeaderElection (LogUtils.java:infoOrTrace(149)) -   Exception 0: {}
java.util.concurrent.ExecutionException: org.apache.ratis.thirdparty.io.grpc.StatusRuntimeException: UNAVAILABLE: io exception
	at java.util.concurrent.FutureTask.report(FutureTask.java:122)
	at java.util.concurrent.FutureTask.get(FutureTask.java:192)
	at org.apache.ratis.server.impl.LeaderElection.waitForResults(LeaderElection.java:262)
	at org.apache.ratis.server.impl.LeaderElection.askForVotes(LeaderElection.java:200)
	at org.apache.ratis.server.impl.LeaderElection.run(LeaderElection.java:130)
	at java.lang.Thread.run(Thread.java:748)
Caused by: org.apache.ratis.thirdparty.io.grpc.StatusRuntimeException: UNAVAILABLE: io exception
	at org.apache.ratis.thirdparty.io.grpc.stub.ClientCalls.toStatusRuntimeException(ClientCalls.java:233)
	at org.apache.ratis.thirdparty.io.grpc.stub.ClientCalls.getUnchecked(ClientCalls.java:214)
	at org.apache.ratis.thirdparty.io.grpc.stub.ClientCalls.blockingUnaryCall(ClientCalls.java:139)
	at org.apache.ratis.proto.grpc.RaftServerProtocolServiceGrpc$RaftServerProtocolServiceBlockingStub.requestVote(RaftServerProtocolServiceGrpc.java:265)
	at org.apache.ratis.grpc.server.GrpcServerProtocolClient.requestVote(GrpcServerProtocolClient.java:83)
	at org.apache.ratis.grpc.server.GrpcService.requestVote(GrpcService.java:195)
	at org.apache.ratis.server.impl.LeaderElection.lambda$submitRequests$1(LeaderElection.java:237)
	at java.util.concurrent.FutureTask.run(FutureTask.java:266)
	at java.util.concurrent.Executors$RunnableAdapter.call(Executors.java:511)
	at java.util.concurrent.FutureTask.run(FutureTask.java:266)
	at java.util.concurrent.ThreadPoolExecutor.runWorker(ThreadPoolExecutor.java:1149)
	at java.util.concurrent.ThreadPoolExecutor$Worker.run(ThreadPoolExecutor.java:624)
	... 1 more
Caused by: org.apache.ratis.thirdparty.io.netty.channel.AbstractChannel$AnnotatedConnectException: Connection refused: /192.168.157.240:42920
	at sun.nio.ch.SocketChannelImpl.checkConnect(Native Method)
	at sun.nio.ch.SocketChannelImpl.finishConnect(SocketChannelImpl.java:717)
	at org.apache.ratis.thirdparty.io.netty.channel.socket.nio.NioSocketChannel.doFinishConnect(NioSocketChannel.java:327)
	at org.apache.ratis.thirdparty.io.netty.channel.nio.AbstractNioChannel$AbstractNioUnsafe.finishConnect(AbstractNioChannel.java:340)
	at org.apache.ratis.thirdparty.io.netty.channel.nio.NioEventLoop.processSelectedKey(NioEventLoop.java:632)
	at org.apache.ratis.thirdparty.io.netty.channel.nio.NioEventLoop.processSelectedKeysOptimized(NioEventLoop.java:579)
	at org.apache.ratis.thirdparty.io.netty.channel.nio.NioEventLoop.processSelectedKeys(NioEventLoop.java:496)
	at org.apache.ratis.thirdparty.io.netty.channel.nio.NioEventLoop.run(NioEventLoop.java:458)
	at org.apache.ratis.thirdparty.io.netty.util.concurrent.SingleThreadEventExecutor$5.run(SingleThreadEventExecutor.java:897)
	at org.apache.ratis.thirdparty.io.netty.util.concurrent.FastThreadLocalRunnable.run(FastThreadLocalRunnable.java:30)
	... 1 more
Caused by: java.net.ConnectException: Connection refused
	... 11 more
2019-07-15 13:54:22,247 INFO  impl.LeaderElection (LogUtils.java:infoOrTrace(149)) -   Exception 1: {}
java.util.concurrent.ExecutionException: org.apache.ratis.thirdparty.io.grpc.StatusRuntimeException: UNAVAILABLE: io exception
	at java.util.concurrent.FutureTask.report(FutureTask.java:122)
	at java.util.concurrent.FutureTask.get(FutureTask.java:192)
	at org.apache.ratis.server.impl.LeaderElection.waitForResults(LeaderElection.java:262)
	at org.apache.ratis.server.impl.LeaderElection.askForVotes(LeaderElection.java:200)
	at org.apache.ratis.server.impl.LeaderElection.run(LeaderElection.java:130)
	at java.lang.Thread.run(Thread.java:748)
Caused by: org.apache.ratis.thirdparty.io.grpc.StatusRuntimeException: UNAVAILABLE: io exception
	at org.apache.ratis.thirdparty.io.grpc.stub.ClientCalls.toStatusRuntimeException(ClientCalls.java:233)
	at org.apache.ratis.thirdparty.io.grpc.stub.ClientCalls.getUnchecked(ClientCalls.java:214)
	at org.apache.ratis.thirdparty.io.grpc.stub.ClientCalls.blockingUnaryCall(ClientCalls.java:139)
	at org.apache.ratis.proto.grpc.RaftServerProtocolServiceGrpc$RaftServerProtocolServiceBlockingStub.requestVote(RaftServerProtocolServiceGrpc.java:265)
	at org.apache.ratis.grpc.server.GrpcServerProtocolClient.requestVote(GrpcServerProtocolClient.java:83)
	at org.apache.ratis.grpc.server.GrpcService.requestVote(GrpcService.java:195)
	at org.apache.ratis.server.impl.LeaderElection.lambda$submitRequests$1(LeaderElection.java:237)
	at java.util.concurrent.FutureTask.run(FutureTask.java:266)
	at java.util.concurrent.Executors$RunnableAdapter.call(Executors.java:511)
	at java.util.concurrent.FutureTask.run(FutureTask.java:266)
	at java.util.concurrent.ThreadPoolExecutor.runWorker(ThreadPoolExecutor.java:1149)
	at java.util.concurrent.ThreadPoolExecutor$Worker.run(ThreadPoolExecutor.java:624)
	... 1 more
Caused by: org.apache.ratis.thirdparty.io.netty.channel.AbstractChannel$AnnotatedConnectException: Connection refused: /192.168.157.240:37180
	at sun.nio.ch.SocketChannelImpl.checkConnect(Native Method)
	at sun.nio.ch.SocketChannelImpl.finishConnect(SocketChannelImpl.java:717)
	at org.apache.ratis.thirdparty.io.netty.channel.socket.nio.NioSocketChannel.doFinishConnect(NioSocketChannel.java:327)
	at org.apache.ratis.thirdparty.io.netty.channel.nio.AbstractNioChannel$AbstractNioUnsafe.finishConnect(AbstractNioChannel.java:340)
	at org.apache.ratis.thirdparty.io.netty.channel.nio.NioEventLoop.processSelectedKey(NioEventLoop.java:632)
	at org.apache.ratis.thirdparty.io.netty.channel.nio.NioEventLoop.processSelectedKeysOptimized(NioEventLoop.java:579)
	at org.apache.ratis.thirdparty.io.netty.channel.nio.NioEventLoop.processSelectedKeys(NioEventLoop.java:496)
	at org.apache.ratis.thirdparty.io.netty.channel.nio.NioEventLoop.run(NioEventLoop.java:458)
	at org.apache.ratis.thirdparty.io.netty.util.concurrent.SingleThreadEventExecutor$5.run(SingleThreadEventExecutor.java:897)
	at org.apache.ratis.thirdparty.io.netty.util.concurrent.FastThreadLocalRunnable.run(FastThreadLocalRunnable.java:30)
	... 1 more
Caused by: java.net.ConnectException: Connection refused
	... 11 more
2019-07-15 13:54:22,247 INFO  impl.RaftServerImpl (RaftServerImpl.java:setRole(171)) - a287c7fb-b8c0-4ae6-bb67-c358d10a08ae:group-2EFE8318631E changes role from CANDIDATE to FOLLOWER at term 2 for DISCOVERED_A_NEW_TERM
2019-07-15 13:54:22,247 INFO  impl.RoleInfo (RoleInfo.java:shutdownLeaderElection(134)) - a287c7fb-b8c0-4ae6-bb67-c358d10a08ae: shutdown LeaderElection
2019-07-15 13:54:22,248 INFO  impl.RoleInfo (RoleInfo.java:updateAndGet(143)) - a287c7fb-b8c0-4ae6-bb67-c358d10a08ae: start FollowerState
2019-07-15 13:54:23,267 WARN  server.GrpcLogAppender (LogUtils.java:warn(134)) - ddc318da-a287-4568-9718-6535bb14cce7->b3efe6c9-7a7d-46ff-b4ca-b1494c62621b: Failed appendEntries: org.apache.ratis.thirdparty.io.grpc.StatusRuntimeException: UNAVAILABLE: io exception
2019-07-15 13:54:23,268 WARN  server.GrpcLogAppender (LogUtils.java:warn(134)) - ddc318da-a287-4568-9718-6535bb14cce7->599cfdd8-f0ea-4b89-9be2-3d1e39bad0bd: Failed appendEntries: org.apache.ratis.thirdparty.io.grpc.StatusRuntimeException: UNAVAILABLE: io exception
2019-07-15 13:54:23,268 INFO  impl.FollowerInfo (FollowerInfo.java:lambda$new$0(50)) - ddc318da-a287-4568-9718-6535bb14cce7->b3efe6c9-7a7d-46ff-b4ca-b1494c62621b: nextIndex: updateUnconditionally 7 -> 6
2019-07-15 13:54:23,268 INFO  impl.FollowerInfo (FollowerInfo.java:lambda$new$0(50)) - ddc318da-a287-4568-9718-6535bb14cce7->599cfdd8-f0ea-4b89-9be2-3d1e39bad0bd: nextIndex: updateUnconditionally 4 -> 3
2019-07-15 13:54:24,789 INFO  node.StaleNodeHandler (StaleNodeHandler.java:onMessage(58)) - Datanode 3bafa17e-9d65-4d1d-ac84-d3d77c792421{ip: 192.168.157.240, host: trunk-nightly-hvlc9-701369690, networkLocation: /default-rack, certSerialId: null} moved to stale state. Finalizing its pipelines [PipelineID=fb82771e-ccca-40ff-8a82-a6796b6f94a7]
2019-07-15 13:54:24,789 INFO  pipeline.SCMPipelineManager (SCMPipelineManager.java:finalizeAndDestroyPipeline(309)) - destroying pipeline:Pipeline[ Id: fb82771e-ccca-40ff-8a82-a6796b6f94a7, Nodes: 3bafa17e-9d65-4d1d-ac84-d3d77c792421{ip: 192.168.157.240, host: trunk-nightly-hvlc9-701369690, networkLocation: /default-rack, certSerialId: null}, Type:RATIS, Factor:ONE, State:OPEN]
2019-07-15 13:54:24,789 INFO  pipeline.PipelineStateManager (PipelineStateManager.java:finalizePipeline(123)) - Pipeline Pipeline[ Id: fb82771e-ccca-40ff-8a82-a6796b6f94a7, Nodes: 3bafa17e-9d65-4d1d-ac84-d3d77c792421{ip: 192.168.157.240, host: trunk-nightly-hvlc9-701369690, networkLocation: /default-rack, certSerialId: null}, Type:RATIS, Factor:ONE, State:CLOSED] moved to CLOSED state
2019-07-15 13:54:25,089 INFO  node.StaleNodeHandler (StaleNodeHandler.java:onMessage(58)) - Datanode a287c7fb-b8c0-4ae6-bb67-c358d10a08ae{ip: 192.168.157.240, host: trunk-nightly-hvlc9-701369690, networkLocation: /default-rack, certSerialId: null} moved to stale state. Finalizing its pipelines [PipelineID=4f33c4ad-0cf5-434d-ab9c-2efe8318631e, PipelineID=88862086-0ca2-447e-b5fb-8a6f1ad1d7a1]
2019-07-15 13:54:25,089 INFO  pipeline.SCMPipelineManager (SCMPipelineManager.java:finalizeAndDestroyPipeline(309)) - destroying pipeline:Pipeline[ Id: 4f33c4ad-0cf5-434d-ab9c-2efe8318631e, Nodes: a287c7fb-b8c0-4ae6-bb67-c358d10a08ae{ip: 192.168.157.240, host: trunk-nightly-hvlc9-701369690, networkLocation: /default-rack, certSerialId: null}3a7ce56e-4358-4ca5-ad70-62b7546f7b91{ip: 192.168.157.240, host: trunk-nightly-hvlc9-701369690, networkLocation: /default-rack, certSerialId: null}8c0cbd76-3700-45b1-b307-949b240ad955{ip: 192.168.157.240, host: trunk-nightly-hvlc9-701369690, networkLocation: /default-rack, certSerialId: null}, Type:RATIS, Factor:THREE, State:CLOSED]
2019-07-15 13:54:25,089 INFO  pipeline.SCMPipelineManager (SCMPipelineManager.java:finalizeAndDestroyPipeline(309)) - destroying pipeline:Pipeline[ Id: 88862086-0ca2-447e-b5fb-8a6f1ad1d7a1, Nodes: a287c7fb-b8c0-4ae6-bb67-c358d10a08ae{ip: 192.168.157.240, host: trunk-nightly-hvlc9-701369690, networkLocation: /default-rack, certSerialId: null}, Type:RATIS, Factor:ONE, State:OPEN]
2019-07-15 13:54:25,090 INFO  pipeline.PipelineStateManager (PipelineStateManager.java:finalizePipeline(123)) - Pipeline Pipeline[ Id: 88862086-0ca2-447e-b5fb-8a6f1ad1d7a1, Nodes: a287c7fb-b8c0-4ae6-bb67-c358d10a08ae{ip: 192.168.157.240, host: trunk-nightly-hvlc9-701369690, networkLocation: /default-rack, certSerialId: null}, Type:RATIS, Factor:ONE, State:CLOSED] moved to CLOSED state
2019-07-15 13:54:25,598 INFO  ozoneimpl.OzoneContainer (OzoneContainer.java:stop(199)) - Attempting to stop container services.
2019-07-15 13:54:25,598 INFO  impl.RaftServerProxy (RaftServerProxy.java:lambda$close$4(314)) - a287c7fb-b8c0-4ae6-bb67-c358d10a08ae: close
2019-07-15 13:54:25,598 INFO  impl.RaftServerImpl (RaftServerImpl.java:lambda$shutdown$3(245)) - a287c7fb-b8c0-4ae6-bb67-c358d10a08ae: shutdown group-2EFE8318631E
2019-07-15 13:54:25,599 INFO  util.JmxRegister (JmxRegister.java:unregister(73)) - Successfully un-registered JMX Bean with object name Ratis:service=RaftServer,group=group-2EFE8318631E,id=a287c7fb-b8c0-4ae6-bb67-c358d10a08ae
2019-07-15 13:54:25,599 INFO  impl.RoleInfo (RoleInfo.java:shutdownFollowerState(121)) - a287c7fb-b8c0-4ae6-bb67-c358d10a08ae: shutdown FollowerState
2019-07-15 13:54:25,599 INFO  impl.StateMachineUpdater (StateMachineUpdater.java:stopAndJoin(115)) - StateMachineUpdater:a287c7fb-b8c0-4ae6-bb67-c358d10a08ae:group-2EFE8318631E: set stopIndex = 8
2019-07-15 13:54:25,599 INFO  ratis.ContainerStateMachine (ContainerStateMachine.java:takeSnapshot(249)) - group-2EFE8318631E: Taking a snapshot at:(t:1, i:7) file /workdir/hadoop-ozone/integration-test/target/test-dir/MiniOzoneClusterImpl-7e5209a1-d222-4590-9047-fbd607b1adce/datanode-0/data/ratis/4f33c4ad-0cf5-434d-ab9c-2efe8318631e/sm/snapshot.1_7
2019-07-15 13:54:25,599 INFO  ozoneimpl.OzoneContainer (OzoneContainer.java:stop(199)) - Attempting to stop container services.
2019-07-15 13:54:25,600 INFO  ratis.ContainerStateMachine (ContainerStateMachine.java:takeSnapshot(257)) - group-2EFE8318631E: Finished taking a snapshot at:(t:1, i:7) file:/workdir/hadoop-ozone/integration-test/target/test-dir/MiniOzoneClusterImpl-7e5209a1-d222-4590-9047-fbd607b1adce/datanode-0/data/ratis/4f33c4ad-0cf5-434d-ab9c-2efe8318631e/sm/snapshot.1_7 time:1
2019-07-15 13:54:25,600 INFO  impl.RaftServerProxy (RaftServerProxy.java:lambda$close$4(314)) - 3bafa17e-9d65-4d1d-ac84-d3d77c792421: close
2019-07-15 13:54:25,599 INFO  impl.FollowerState (FollowerState.java:run(114)) - a287c7fb-b8c0-4ae6-bb67-c358d10a08ae: FollowerState was interrupted: java.lang.InterruptedException: sleep interrupted
2019-07-15 13:54:25,601 INFO  impl.RaftServerImpl (RaftServerImpl.java:lambda$shutdown$3(245)) - 3bafa17e-9d65-4d1d-ac84-d3d77c792421: shutdown group-A6796B6F94A7
2019-07-15 13:54:25,600 INFO  impl.StateMachineUpdater (StateMachineUpdater.java:takeSnapshot(242)) - StateMachineUpdater:a287c7fb-b8c0-4ae6-bb67-c358d10a08ae:group-2EFE8318631E: Took a snapshot at index 7
2019-07-15 13:54:25,603 INFO  util.JmxRegister (JmxRegister.java:unregister(73)) - Successfully un-registered JMX Bean with object name Ratis:service=RaftServer,group=group-A6796B6F94A7,id=3bafa17e-9d65-4d1d-ac84-d3d77c792421
2019-07-15 13:54:25,603 INFO  impl.StateMachineUpdater (StateMachineUpdater.java:lambda$new$0(80)) - StateMachineUpdater:a287c7fb-b8c0-4ae6-bb67-c358d10a08ae:group-2EFE8318631E: snapshotIndex: updateIncreasingly -1 -> 7
2019-07-15 13:54:25,604 INFO  impl.RoleInfo (RoleInfo.java:shutdownLeaderState(104)) - 3bafa17e-9d65-4d1d-ac84-d3d77c792421: shutdown LeaderState
2019-07-15 13:54:25,604 INFO  impl.RaftServerImpl (ServerState.java:close(394)) - a287c7fb-b8c0-4ae6-bb67-c358d10a08ae:group-2EFE8318631E closes. The last applied log index is 8
2019-07-15 13:54:25,604 INFO  impl.PendingRequests (PendingRequests.java:sendNotLeaderResponses(202)) - 3bafa17e-9d65-4d1d-ac84-d3d77c792421-PendingRequests: sendNotLeaderResponses
2019-07-15 13:54:25,605 INFO  segmented.SegmentedRaftLogWorker (SegmentedRaftLogWorker.java:run(313)) - a287c7fb-b8c0-4ae6-bb67-c358d10a08ae-SegmentedRaftLogWorker:Storage Directory /workdir/hadoop-ozone/integration-test/target/test-dir/MiniOzoneClusterImpl-7e5209a1-d222-4590-9047-fbd607b1adce/datanode-0/data/ratis/4f33c4ad-0cf5-434d-ab9c-2efe8318631e was interrupted, exiting. There are 0 tasks remaining in the queue.
2019-07-15 13:54:25,605 INFO  impl.StateMachineUpdater (StateMachineUpdater.java:stopAndJoin(115)) - StateMachineUpdater:3bafa17e-9d65-4d1d-ac84-d3d77c792421:group-A6796B6F94A7: set stopIndex = 0
2019-07-15 13:54:25,607 INFO  segmented.SegmentedRaftLogWorker (SegmentedRaftLogWorker.java:close(228)) - a287c7fb-b8c0-4ae6-bb67-c358d10a08ae-SegmentedRaftLogWorker:Storage Directory /workdir/hadoop-ozone/integration-test/target/test-dir/MiniOzoneClusterImpl-7e5209a1-d222-4590-9047-fbd607b1adce/datanode-0/data/ratis/4f33c4ad-0cf5-434d-ab9c-2efe8318631e close()
2019-07-15 13:54:25,607 INFO  impl.RaftServerImpl (ServerState.java:close(394)) - 3bafa17e-9d65-4d1d-ac84-d3d77c792421:group-A6796B6F94A7 closes. The last applied log index is 0
2019-07-15 13:54:25,609 INFO  impl.RaftServerImpl (RaftServerImpl.java:lambda$shutdown$3(245)) - a287c7fb-b8c0-4ae6-bb67-c358d10a08ae: shutdown group-8A6F1AD1D7A1
2019-07-15 13:54:25,610 INFO  segmented.SegmentedRaftLogWorker (SegmentedRaftLogWorker.java:run(313)) - 3bafa17e-9d65-4d1d-ac84-d3d77c792421-SegmentedRaftLogWorker:Storage Directory /workdir/hadoop-ozone/integration-test/target/test-dir/MiniOzoneClusterImpl-7e5209a1-d222-4590-9047-fbd607b1adce/datanode-6/data/ratis/fb82771e-ccca-40ff-8a82-a6796b6f94a7 was interrupted, exiting. There are 0 tasks remaining in the queue.
2019-07-15 13:54:25,610 INFO  util.JmxRegister (JmxRegister.java:unregister(73)) - Successfully un-registered JMX Bean with object name Ratis:service=RaftServer,group=group-8A6F1AD1D7A1,id=a287c7fb-b8c0-4ae6-bb67-c358d10a08ae
2019-07-15 13:54:25,612 INFO  segmented.SegmentedRaftLogWorker (SegmentedRaftLogWorker.java:close(228)) - 3bafa17e-9d65-4d1d-ac84-d3d77c792421-SegmentedRaftLogWorker:Storage Directory /workdir/hadoop-ozone/integration-test/target/test-dir/MiniOzoneClusterImpl-7e5209a1-d222-4590-9047-fbd607b1adce/datanode-6/data/ratis/fb82771e-ccca-40ff-8a82-a6796b6f94a7 close()
2019-07-15 13:54:25,612 INFO  impl.RoleInfo (RoleInfo.java:shutdownLeaderState(104)) - a287c7fb-b8c0-4ae6-bb67-c358d10a08ae: shutdown LeaderState
2019-07-15 13:54:25,614 INFO  server.GrpcService (GrpcService.java:closeImpl(155)) - 3bafa17e-9d65-4d1d-ac84-d3d77c792421: shutdown server with port 36546 now
2019-07-15 13:54:25,614 INFO  impl.PendingRequests (PendingRequests.java:sendNotLeaderResponses(202)) - a287c7fb-b8c0-4ae6-bb67-c358d10a08ae-PendingRequests: sendNotLeaderResponses
2019-07-15 13:54:25,617 INFO  server.GrpcService (GrpcService.java:closeImpl(163)) - 3bafa17e-9d65-4d1d-ac84-d3d77c792421: shutdown server with port 36546 successfully
2019-07-15 13:54:25,617 INFO  impl.StateMachineUpdater (StateMachineUpdater.java:stopAndJoin(115)) - StateMachineUpdater:a287c7fb-b8c0-4ae6-bb67-c358d10a08ae:group-8A6F1AD1D7A1: set stopIndex = 0
2019-07-15 13:54:25,617 INFO  impl.RaftServerImpl (ServerState.java:close(394)) - a287c7fb-b8c0-4ae6-bb67-c358d10a08ae:group-8A6F1AD1D7A1 closes. The last applied log index is 0
2019-07-15 13:54:25,618 INFO  segmented.SegmentedRaftLogWorker (SegmentedRaftLogWorker.java:run(313)) - a287c7fb-b8c0-4ae6-bb67-c358d10a08ae-SegmentedRaftLogWorker:Storage Directory /workdir/hadoop-ozone/integration-test/target/test-dir/MiniOzoneClusterImpl-7e5209a1-d222-4590-9047-fbd607b1adce/datanode-0/data/ratis/88862086-0ca2-447e-b5fb-8a6f1ad1d7a1 was interrupted, exiting. There are 0 tasks remaining in the queue.
2019-07-15 13:54:25,618 INFO  utils.BackgroundService (BackgroundService.java:shutdown(148)) - Shutting down service BlockDeletingService
2019-07-15 13:54:25,620 INFO  segmented.SegmentedRaftLogWorker (SegmentedRaftLogWorker.java:close(228)) - a287c7fb-b8c0-4ae6-bb67-c358d10a08ae-SegmentedRaftLogWorker:Storage Directory /workdir/hadoop-ozone/integration-test/target/test-dir/MiniOzoneClusterImpl-7e5209a1-d222-4590-9047-fbd607b1adce/datanode-0/data/ratis/88862086-0ca2-447e-b5fb-8a6f1ad1d7a1 close()
2019-07-15 13:54:25,622 INFO  server.GrpcService (GrpcService.java:closeImpl(155)) - a287c7fb-b8c0-4ae6-bb67-c358d10a08ae: shutdown server with port 35243 now
2019-07-15 13:54:25,623 INFO  server.GrpcService (GrpcService.java:closeImpl(163)) - a287c7fb-b8c0-4ae6-bb67-c358d10a08ae: shutdown server with port 35243 successfully
2019-07-15 13:54:25,623 WARN  fs.CachingGetSpaceUsed (CachingGetSpaceUsed.java:run(183)) - Thread Interrupted waiting to refresh disk information: sleep interrupted
2019-07-15 13:54:25,624 INFO  utils.BackgroundService (BackgroundService.java:shutdown(148)) - Shutting down service BlockDeletingService
2019-07-15 13:54:25,629 WARN  fs.CachingGetSpaceUsed (CachingGetSpaceUsed.java:run(183)) - Thread Interrupted waiting to refresh disk information: sleep interrupted
2019-07-15 13:54:25,641 INFO  statemachine.DatanodeStateMachine (DatanodeStateMachine.java:stopDaemon(395)) - Ozone container server stopped.
2019-07-15 13:54:25,642 INFO  handler.ContextHandler (ContextHandler.java:doStop(910)) - Stopped o.e.j.w.WebAppContext@4606e1a6{/,null,UNAVAILABLE}{/hddsDatanode}
2019-07-15 13:54:25,643 INFO  server.AbstractConnector (AbstractConnector.java:doStop(318)) - Stopped ServerConnector@69a8617c{HTTP/1.1,[http/1.1]}{0.0.0.0:0}
2019-07-15 13:54:25,643 INFO  handler.ContextHandler (ContextHandler.java:doStop(910)) - Stopped o.e.j.s.ServletContextHandler@2796716d{/static,jar:file:/home/user/.m2/repository/org/apache/hadoop/hadoop-hdds-container-service/0.5.0-SNAPSHOT/hadoop-hdds-container-service-0.5.0-SNAPSHOT.jar!/webapps/static,UNAVAILABLE}
2019-07-15 13:54:25,644 INFO  handler.ContextHandler (ContextHandler.java:doStop(910)) - Stopped o.e.j.s.ServletContextHandler@524032f9{/logs,file:///workdir/hadoop-ozone/integration-test/target/log,UNAVAILABLE}
2019-07-15 13:54:25,645 INFO  datanode.ObjectStoreHandler (ObjectStoreHandler.java:close(155)) - Closing ObjectStoreHandler.
2019-07-15 13:54:25,645 INFO  ozone.HddsDatanodeService (HddsDatanodeService.java:stop(452)) - Stopped plug-in org.apache.hadoop.ozone.web.OzoneHddsDatanodeService@4bb05a4e
2019-07-15 13:54:25,655 INFO  statemachine.DatanodeStateMachine (DatanodeStateMachine.java:stopDaemon(395)) - Ozone container server stopped.
2019-07-15 13:54:25,658 INFO  handler.ContextHandler (ContextHandler.java:doStop(910)) - Stopped o.e.j.w.WebAppContext@411b75b4{/,null,UNAVAILABLE}{/hddsDatanode}
2019-07-15 13:54:25,658 INFO  server.AbstractConnector (AbstractConnector.java:doStop(318)) - Stopped ServerConnector@21298c3a{HTTP/1.1,[http/1.1]}{0.0.0.0:0}
2019-07-15 13:54:25,659 INFO  handler.ContextHandler (ContextHandler.java:doStop(910)) - Stopped o.e.j.s.ServletContextHandler@731a5a39{/static,jar:file:/home/user/.m2/repository/org/apache/hadoop/hadoop-hdds-container-service/0.5.0-SNAPSHOT/hadoop-hdds-container-service-0.5.0-SNAPSHOT.jar!/webapps/static,UNAVAILABLE}
2019-07-15 13:54:25,659 INFO  handler.ContextHandler (ContextHandler.java:doStop(910)) - Stopped o.e.j.s.ServletContextHandler@119cd026{/logs,file:///workdir/hadoop-ozone/integration-test/target/log,UNAVAILABLE}
2019-07-15 13:54:25,769 WARN  server.GrpcLogAppender (LogUtils.java:warn(134)) - ddc318da-a287-4568-9718-6535bb14cce7->599cfdd8-f0ea-4b89-9be2-3d1e39bad0bd: Failed appendEntries: org.apache.ratis.thirdparty.io.grpc.StatusRuntimeException: UNAVAILABLE: io exception
2019-07-15 13:54:25,769 INFO  impl.FollowerInfo (FollowerInfo.java:lambda$new$0(50)) - ddc318da-a287-4568-9718-6535bb14cce7->599cfdd8-f0ea-4b89-9be2-3d1e39bad0bd: nextIndex: updateUnconditionally 3 -> 2
2019-07-15 13:54:25,769 WARN  server.GrpcLogAppender (LogUtils.java:warn(134)) - ddc318da-a287-4568-9718-6535bb14cce7->b3efe6c9-7a7d-46ff-b4ca-b1494c62621b: Failed appendEntries: org.apache.ratis.thirdparty.io.grpc.StatusRuntimeException: UNAVAILABLE: io exception
2019-07-15 13:54:25,770 INFO  impl.FollowerInfo (FollowerInfo.java:lambda$new$0(50)) - ddc318da-a287-4568-9718-6535bb14cce7->b3efe6c9-7a7d-46ff-b4ca-b1494c62621b: nextIndex: updateUnconditionally 6 -> 5
2019-07-15 13:54:26,284 INFO  statemachine.DatanodeStateMachine (DatanodeStateMachine.java:lambda$startDaemon$0(350)) - Ozone container server started.
2019-07-15 13:54:28,269 WARN  server.GrpcLogAppender (LogUtils.java:warn(134)) - ddc318da-a287-4568-9718-6535bb14cce7->599cfdd8-f0ea-4b89-9be2-3d1e39bad0bd: Failed appendEntries: org.apache.ratis.thirdparty.io.grpc.StatusRuntimeException: UNAVAILABLE: io exception
2019-07-15 13:54:28,269 WARN  server.GrpcLogAppender (LogUtils.java:warn(134)) - ddc318da-a287-4568-9718-6535bb14cce7->b3efe6c9-7a7d-46ff-b4ca-b1494c62621b: Failed appendEntries: org.apache.ratis.thirdparty.io.grpc.StatusRuntimeException: UNAVAILABLE: io exception
2019-07-15 13:54:28,270 INFO  impl.FollowerInfo (FollowerInfo.java:lambda$new$0(50)) - ddc318da-a287-4568-9718-6535bb14cce7->599cfdd8-f0ea-4b89-9be2-3d1e39bad0bd: nextIndex: updateUnconditionally 2 -> 1
2019-07-15 13:54:28,270 INFO  impl.FollowerInfo (FollowerInfo.java:lambda$new$0(50)) - ddc318da-a287-4568-9718-6535bb14cce7->b3efe6c9-7a7d-46ff-b4ca-b1494c62621b: nextIndex: updateUnconditionally 5 -> 4
2019-07-15 13:54:30,296 INFO  node.StaleNodeHandler (StaleNodeHandler.java:onMessage(58)) - Datanode ddc318da-a287-4568-9718-6535bb14cce7{ip: 192.168.157.240, host: trunk-nightly-hvlc9-701369690, networkLocation: /default-rack, certSerialId: null} moved to stale state. Finalizing its pipelines [PipelineID=d9f32e28-d19c-4924-ba20-7f82daa57633, PipelineID=28f2e7af-dee6-40bd-9fe0-3d3bf95aa92a]
2019-07-15 13:54:30,296 INFO  pipeline.SCMPipelineManager (SCMPipelineManager.java:finalizeAndDestroyPipeline(309)) - destroying pipeline:Pipeline[ Id: d9f32e28-d19c-4924-ba20-7f82daa57633, Nodes: ddc318da-a287-4568-9718-6535bb14cce7{ip: 192.168.157.240, host: trunk-nightly-hvlc9-701369690, networkLocation: /default-rack, certSerialId: null}599cfdd8-f0ea-4b89-9be2-3d1e39bad0bd{ip: 192.168.157.240, host: trunk-nightly-hvlc9-701369690, networkLocation: /default-rack, certSerialId: null}b3efe6c9-7a7d-46ff-b4ca-b1494c62621b{ip: 192.168.157.240, host: trunk-nightly-hvlc9-701369690, networkLocation: /default-rack, certSerialId: null}, Type:RATIS, Factor:THREE, State:CLOSED]
2019-07-15 13:54:30,297 INFO  pipeline.SCMPipelineManager (SCMPipelineManager.java:finalizeAndDestroyPipeline(309)) - destroying pipeline:Pipeline[ Id: 28f2e7af-dee6-40bd-9fe0-3d3bf95aa92a, Nodes: ddc318da-a287-4568-9718-6535bb14cce7{ip: 192.168.157.240, host: trunk-nightly-hvlc9-701369690, networkLocation: /default-rack, certSerialId: null}, Type:RATIS, Factor:ONE, State:OPEN]
2019-07-15 13:54:30,297 INFO  pipeline.PipelineStateManager (PipelineStateManager.java:finalizePipeline(123)) - Pipeline Pipeline[ Id: 28f2e7af-dee6-40bd-9fe0-3d3bf95aa92a, Nodes: ddc318da-a287-4568-9718-6535bb14cce7{ip: 192.168.157.240, host: trunk-nightly-hvlc9-701369690, networkLocation: /default-rack, certSerialId: null}, Type:RATIS, Factor:ONE, State:CLOSED] moved to CLOSED state
2019-07-15 13:54:30,646 INFO  ozoneimpl.OzoneContainer (OzoneContainer.java:stop(199)) - Attempting to stop container services.
2019-07-15 13:54:30,646 INFO  impl.RaftServerProxy (RaftServerProxy.java:lambda$close$4(314)) - ddc318da-a287-4568-9718-6535bb14cce7: close
2019-07-15 13:54:30,647 INFO  impl.RaftServerImpl (RaftServerImpl.java:lambda$shutdown$3(245)) - ddc318da-a287-4568-9718-6535bb14cce7: shutdown group-7F82DAA57633
2019-07-15 13:54:30,647 INFO  impl.RaftServerImpl (RaftServerImpl.java:lambda$shutdown$3(245)) - ddc318da-a287-4568-9718-6535bb14cce7: shutdown group-3D3BF95AA92A
2019-07-15 13:54:30,648 INFO  util.JmxRegister (JmxRegister.java:unregister(73)) - Successfully un-registered JMX Bean with object name Ratis:service=RaftServer,group=group-7F82DAA57633,id=ddc318da-a287-4568-9718-6535bb14cce7
2019-07-15 13:54:30,648 INFO  util.JmxRegister (JmxRegister.java:unregister(73)) - Successfully un-registered JMX Bean with object name Ratis:service=RaftServer,group=group-3D3BF95AA92A,id=ddc318da-a287-4568-9718-6535bb14cce7
2019-07-15 13:54:30,648 INFO  impl.RoleInfo (RoleInfo.java:shutdownLeaderState(104)) - ddc318da-a287-4568-9718-6535bb14cce7: shutdown LeaderState
2019-07-15 13:54:30,648 INFO  impl.RoleInfo (RoleInfo.java:shutdownLeaderState(104)) - ddc318da-a287-4568-9718-6535bb14cce7: shutdown LeaderState
2019-07-15 13:54:30,652 INFO  impl.PendingRequests (PendingRequests.java:sendNotLeaderResponses(202)) - ddc318da-a287-4568-9718-6535bb14cce7-PendingRequests: sendNotLeaderResponses
2019-07-15 13:54:30,652 INFO  impl.PendingRequests (PendingRequests.java:sendNotLeaderResponses(202)) - ddc318da-a287-4568-9718-6535bb14cce7-PendingRequests: sendNotLeaderResponses
2019-07-15 13:54:30,652 WARN  server.GrpcLogAppender (GrpcLogAppender.java:mayWait(143)) - GrpcLogAppender(ddc318da-a287-4568-9718-6535bb14cce7->599cfdd8-f0ea-4b89-9be2-3d1e39bad0bd): Wait interrupted by java.lang.InterruptedException
2019-07-15 13:54:30,655 INFO  ratis.ContainerStateMachine (ContainerStateMachine.java:takeSnapshot(249)) - group-7F82DAA57633: Taking a snapshot at:(t:1, i:8) file /workdir/hadoop-ozone/integration-test/target/test-dir/MiniOzoneClusterImpl-7e5209a1-d222-4590-9047-fbd607b1adce/datanode-5/data/ratis/d9f32e28-d19c-4924-ba20-7f82daa57633/sm/snapshot.1_8
2019-07-15 13:54:30,652 WARN  server.GrpcLogAppender (GrpcLogAppender.java:mayWait(143)) - GrpcLogAppender(ddc318da-a287-4568-9718-6535bb14cce7->b3efe6c9-7a7d-46ff-b4ca-b1494c62621b): Wait interrupted by java.lang.InterruptedException
2019-07-15 13:54:30,655 INFO  impl.StateMachineUpdater (StateMachineUpdater.java:stopAndJoin(115)) - StateMachineUpdater:ddc318da-a287-4568-9718-6535bb14cce7:group-3D3BF95AA92A: set stopIndex = 0
2019-07-15 13:54:30,656 INFO  impl.RaftServerImpl (ServerState.java:close(394)) - ddc318da-a287-4568-9718-6535bb14cce7:group-3D3BF95AA92A closes. The last applied log index is 0
2019-07-15 13:54:30,655 INFO  impl.StateMachineUpdater (StateMachineUpdater.java:stopAndJoin(115)) - StateMachineUpdater:ddc318da-a287-4568-9718-6535bb14cce7:group-7F82DAA57633: set stopIndex = 8
2019-07-15 13:54:30,656 INFO  segmented.SegmentedRaftLogWorker (SegmentedRaftLogWorker.java:run(313)) - ddc318da-a287-4568-9718-6535bb14cce7-SegmentedRaftLogWorker:Storage Directory /workdir/hadoop-ozone/integration-test/target/test-dir/MiniOzoneClusterImpl-7e5209a1-d222-4590-9047-fbd607b1adce/datanode-5/data/ratis/28f2e7af-dee6-40bd-9fe0-3d3bf95aa92a was interrupted, exiting. There are 0 tasks remaining in the queue.
2019-07-15 13:54:30,656 INFO  ratis.ContainerStateMachine (ContainerStateMachine.java:takeSnapshot(257)) - group-7F82DAA57633: Finished taking a snapshot at:(t:1, i:8) file:/workdir/hadoop-ozone/integration-test/target/test-dir/MiniOzoneClusterImpl-7e5209a1-d222-4590-9047-fbd607b1adce/datanode-5/data/ratis/d9f32e28-d19c-4924-ba20-7f82daa57633/sm/snapshot.1_8 time:1
2019-07-15 13:54:30,658 INFO  impl.StateMachineUpdater (StateMachineUpdater.java:takeSnapshot(242)) - StateMachineUpdater:ddc318da-a287-4568-9718-6535bb14cce7:group-7F82DAA57633: Took a snapshot at index 8
2019-07-15 13:54:30,658 INFO  segmented.SegmentedRaftLogWorker (SegmentedRaftLogWorker.java:close(228)) - ddc318da-a287-4568-9718-6535bb14cce7-SegmentedRaftLogWorker:Storage Directory /workdir/hadoop-ozone/integration-test/target/test-dir/MiniOzoneClusterImpl-7e5209a1-d222-4590-9047-fbd607b1adce/datanode-5/data/ratis/28f2e7af-dee6-40bd-9fe0-3d3bf95aa92a close()
2019-07-15 13:54:30,658 INFO  impl.StateMachineUpdater (StateMachineUpdater.java:lambda$new$0(80)) - StateMachineUpdater:ddc318da-a287-4568-9718-6535bb14cce7:group-7F82DAA57633: snapshotIndex: updateIncreasingly -1 -> 8
2019-07-15 13:54:30,660 INFO  impl.RaftServerImpl (ServerState.java:close(394)) - ddc318da-a287-4568-9718-6535bb14cce7:group-7F82DAA57633 closes. The last applied log index is 8
2019-07-15 13:54:30,660 INFO  segmented.SegmentedRaftLogWorker (SegmentedRaftLogWorker.java:run(313)) - ddc318da-a287-4568-9718-6535bb14cce7-SegmentedRaftLogWorker:Storage Directory /workdir/hadoop-ozone/integration-test/target/test-dir/MiniOzoneClusterImpl-7e5209a1-d222-4590-9047-fbd607b1adce/datanode-5/data/ratis/d9f32e28-d19c-4924-ba20-7f82daa57633 was interrupted, exiting. There are 0 tasks remaining in the queue.
2019-07-15 13:54:30,661 INFO  segmented.SegmentedRaftLogWorker (SegmentedRaftLogWorker.java:close(228)) - ddc318da-a287-4568-9718-6535bb14cce7-SegmentedRaftLogWorker:Storage Directory /workdir/hadoop-ozone/integration-test/target/test-dir/MiniOzoneClusterImpl-7e5209a1-d222-4590-9047-fbd607b1adce/datanode-5/data/ratis/d9f32e28-d19c-4924-ba20-7f82daa57633 close()
2019-07-15 13:54:30,663 INFO  server.GrpcService (GrpcService.java:closeImpl(155)) - ddc318da-a287-4568-9718-6535bb14cce7: shutdown server with port 41762 now
2019-07-15 13:54:30,664 INFO  server.GrpcService (GrpcService.java:closeImpl(163)) - ddc318da-a287-4568-9718-6535bb14cce7: shutdown server with port 41762 successfully
2019-07-15 13:54:30,665 INFO  utils.BackgroundService (BackgroundService.java:shutdown(148)) - Shutting down service BlockDeletingService
2019-07-15 13:54:30,666 WARN  fs.CachingGetSpaceUsed (CachingGetSpaceUsed.java:run(183)) - Thread Interrupted waiting to refresh disk information: sleep interrupted
2019-07-15 13:54:30,683 INFO  statemachine.DatanodeStateMachine (DatanodeStateMachine.java:stopDaemon(395)) - Ozone container server stopped.
2019-07-15 13:54:30,696 INFO  handler.ContextHandler (ContextHandler.java:doStop(910)) - Stopped o.e.j.w.WebAppContext@7c8ecc27{/,null,UNAVAILABLE}{/hddsDatanode}
2019-07-15 13:54:30,696 INFO  server.AbstractConnector (AbstractConnector.java:doStop(318)) - Stopped ServerConnector@5f8089d2{HTTP/1.1,[http/1.1]}{0.0.0.0:0}
2019-07-15 13:54:30,697 INFO  handler.ContextHandler (ContextHandler.java:doStop(910)) - Stopped o.e.j.s.ServletContextHandler@ce24a98{/static,jar:file:/home/user/.m2/repository/org/apache/hadoop/hadoop-hdds-container-service/0.5.0-SNAPSHOT/hadoop-hdds-container-service-0.5.0-SNAPSHOT.jar!/webapps/static,UNAVAILABLE}
2019-07-15 13:54:30,697 INFO  handler.ContextHandler (ContextHandler.java:doStop(910)) - Stopped o.e.j.s.ServletContextHandler@fabe3f8{/logs,file:///workdir/hadoop-ozone/integration-test/target/log,UNAVAILABLE}
2019-07-15 13:54:30,698 INFO  ozone.MiniOzoneClusterImpl (MiniOzoneClusterImpl.java:stop(353)) - Stopping the StorageContainerManager
2019-07-15 13:54:30,698 INFO  server.StorageContainerManager (StorageContainerManager.java:stop(796)) - Stopping Replication Manager Service.
2019-07-15 13:54:30,699 INFO  container.ReplicationManager (ReplicationManager.java:stop(187)) - Stopping Replication Monitor Thread.
2019-07-15 13:54:30,699 INFO  server.StorageContainerManager (StorageContainerManager.java:stop(803)) - Stopping Lease Manager of the command watchers
2019-07-15 13:54:30,699 INFO  server.StorageContainerManager (StorageContainerManager.java:stop(810)) - Stopping datanode service RPC server
2019-07-15 13:54:30,699 INFO  server.SCMDatanodeProtocolServer (SCMDatanodeProtocolServer.java:stop(375)) - Stopping the RPC server for DataNodes
2019-07-15 13:54:30,700 INFO  ipc.Server (Server.java:stop(3082)) - Stopping server on 43448
2019-07-15 13:54:30,701 INFO  ipc.Server (Server.java:run(1185)) - Stopping IPC Server listener on 43448
2019-07-15 13:54:30,701 INFO  ipc.Server (Server.java:run(1319)) - Stopping IPC Server Responder
2019-07-15 13:54:30,796 WARN  node.NodeStateManager (NodeStateManager.java:scheduleNextHealthCheck(631)) - Current Thread is interrupted, shutting down HB processing thread for Node Manager.
2019-07-15 13:54:30,797 INFO  server.StorageContainerManager (StorageContainerManager.java:stop(818)) - Stopping block service RPC server
2019-07-15 13:54:30,797 INFO  server.SCMBlockProtocolServer (SCMBlockProtocolServer.java:stop(148)) - Stopping the RPC server for Block Protocol
2019-07-15 13:54:30,797 INFO  ipc.Server (Server.java:stop(3082)) - Stopping server on 46322
2019-07-15 13:54:30,799 INFO  ipc.Server (Server.java:run(1185)) - Stopping IPC Server listener on 46322
2019-07-15 13:54:30,799 INFO  server.StorageContainerManager (StorageContainerManager.java:stop(825)) - Stopping the StorageContainerLocationProtocol RPC server
2019-07-15 13:54:30,801 INFO  server.SCMClientProtocolServer (SCMClientProtocolServer.java:stop(157)) - Stopping the RPC server for Client Protocol
2019-07-15 13:54:30,799 INFO  ipc.Server (Server.java:run(1319)) - Stopping IPC Server Responder
2019-07-15 13:54:30,801 INFO  ipc.Server (Server.java:stop(3082)) - Stopping server on 37516
2019-07-15 13:54:30,803 INFO  ipc.Server (Server.java:run(1185)) - Stopping IPC Server listener on 37516
2019-07-15 13:54:30,807 INFO  server.StorageContainerManager (StorageContainerManager.java:stop(832)) - Stopping Storage Container Manager HTTP server.
2019-07-15 13:54:30,803 INFO  ipc.Server (Server.java:run(1319)) - Stopping IPC Server Responder
2019-07-15 13:54:30,809 INFO  handler.ContextHandler (ContextHandler.java:doStop(910)) - Stopped o.e.j.w.WebAppContext@5f804b36{/,null,UNAVAILABLE}{/scm}
2019-07-15 13:54:30,809 INFO  server.AbstractConnector (AbstractConnector.java:doStop(318)) - Stopped ServerConnector@201f0e84{HTTP/1.1,[http/1.1]}{0.0.0.0:0}
2019-07-15 13:54:30,810 INFO  handler.ContextHandler (ContextHandler.java:doStop(910)) - Stopped o.e.j.s.ServletContextHandler@62857555{/static,file:///workdir/hadoop-ozone/integration-test/target/test-classes/webapps/static,UNAVAILABLE}
2019-07-15 13:54:30,810 INFO  handler.ContextHandler (ContextHandler.java:doStop(910)) - Stopped o.e.j.s.ServletContextHandler@452d4bb2{/logs,file:///workdir/hadoop-ozone/integration-test/target/log,UNAVAILABLE}
2019-07-15 13:54:30,811 INFO  server.StorageContainerManager (StorageContainerManager.java:stop(843)) - Stopping Block Manager Service.
2019-07-15 13:54:30,811 INFO  utils.BackgroundService (BackgroundService.java:shutdown(148)) - Shutting down service SCMBlockDeletingService
2019-07-15 13:54:30,811 INFO  utils.BackgroundService (BackgroundService.java:shutdown(148)) - Shutting down service SCMBlockDeletingService
2019-07-15 13:54:30,812 INFO  server.StorageContainerManager (StorageContainerManager.java:stop(865)) - Stopping SCM Event Queue.
2019-07-15 13:54:30,815 INFO  impl.MetricsSystemImpl (MetricsSystemImpl.java:stop(210)) - Stopping HddsDatanode metrics system...
2019-07-15 13:54:30,824 INFO  impl.MetricsSystemImpl (MetricsSystemImpl.java:stop(216)) - HddsDatanode metrics system stopped.
]]></system-out>
    <system-err><![CDATA[Jul 15, 2019 1:53:57 PM com.sun.jersey.server.impl.application.WebApplicationImpl _initiate
INFO: Initiating Jersey application, version 'Jersey: 1.19 02/11/2015 03:25 AM'
Jul 15, 2019 1:53:57 PM com.sun.jersey.server.impl.application.WebApplicationImpl _initiate
INFO: Initiating Jersey application, version 'Jersey: 1.19 02/11/2015 03:25 AM'
Jul 15, 2019 1:53:57 PM com.sun.jersey.server.impl.application.WebApplicationImpl _initiate
INFO: Initiating Jersey application, version 'Jersey: 1.19 02/11/2015 03:25 AM'
Jul 15, 2019 1:53:57 PM com.sun.jersey.server.impl.application.WebApplicationImpl _initiate
INFO: Initiating Jersey application, version 'Jersey: 1.19 02/11/2015 03:25 AM'
Jul 15, 2019 1:53:58 PM com.sun.jersey.server.impl.application.WebApplicationImpl _initiate
INFO: Initiating Jersey application, version 'Jersey: 1.19 02/11/2015 03:25 AM'
Jul 15, 2019 1:53:58 PM com.sun.jersey.server.impl.application.WebApplicationImpl _initiate
INFO: Initiating Jersey application, version 'Jersey: 1.19 02/11/2015 03:25 AM'
Jul 15, 2019 1:53:58 PM com.sun.jersey.server.impl.application.WebApplicationImpl _initiate
INFO: Initiating Jersey application, version 'Jersey: 1.19 02/11/2015 03:25 AM'
Jul 15, 2019 1:54:01 PM org.apache.ratis.thirdparty.io.grpc.internal.ManagedChannelOrphanWrapper$ManagedChannelReference cleanQueue
SEVERE: *~*~*~ Channel ManagedChannelImpl{logId=3030, target=192.168.157.240:46797} was not shutdown properly!!! ~*~*~*
    Make sure to call shutdown()/shutdownNow() and wait until awaitTermination() returns true.
java.lang.RuntimeException: ManagedChannel allocation site
	at org.apache.ratis.thirdparty.io.grpc.internal.ManagedChannelOrphanWrapper$ManagedChannelReference.<init>(ManagedChannelOrphanWrapper.java:103)
	at org.apache.ratis.thirdparty.io.grpc.internal.ManagedChannelOrphanWrapper.<init>(ManagedChannelOrphanWrapper.java:53)
	at org.apache.ratis.thirdparty.io.grpc.internal.ManagedChannelOrphanWrapper.<init>(ManagedChannelOrphanWrapper.java:44)
	at org.apache.ratis.thirdparty.io.grpc.internal.AbstractManagedChannelImplBuilder.build(AbstractManagedChannelImplBuilder.java:411)
	at org.apache.ratis.grpc.client.GrpcClientProtocolClient.<init>(GrpcClientProtocolClient.java:119)
	at org.apache.ratis.grpc.client.GrpcClientRpc.lambda$new$0(GrpcClientRpc.java:55)
	at org.apache.ratis.util.PeerProxyMap$PeerAndProxy.lambda$getProxy$0(PeerProxyMap.java:61)
	at org.apache.ratis.util.LifeCycle.startAndTransition(LifeCycle.java:202)
	at org.apache.ratis.util.PeerProxyMap$PeerAndProxy.getProxy(PeerProxyMap.java:60)
	at org.apache.ratis.util.PeerProxyMap.getProxy(PeerProxyMap.java:107)
	at org.apache.ratis.grpc.client.GrpcClientRpc.sendRequestAsync(GrpcClientRpc.java:66)
	at org.apache.ratis.client.impl.OrderedAsync.sendRequest(OrderedAsync.java:208)
	at org.apache.ratis.client.impl.OrderedAsync.sendRequestWithRetry(OrderedAsync.java:169)
	at org.apache.ratis.util.SlidingWindow$Client.sendOrDelayRequest(SlidingWindow.java:278)
	at org.apache.ratis.util.SlidingWindow$Client.retry(SlidingWindow.java:294)
	at org.apache.ratis.client.impl.OrderedAsync.lambda$scheduleWithTimeout$7(OrderedAsync.java:195)
	at org.apache.ratis.util.TimeoutScheduler.lambda$onTimeout$0(TimeoutScheduler.java:85)
	at org.apache.ratis.util.TimeoutScheduler.lambda$onTimeout$1(TimeoutScheduler.java:104)
	at org.apache.ratis.util.LogUtils.runAndLog(LogUtils.java:50)
	at org.apache.ratis.util.LogUtils$1.run(LogUtils.java:91)
	at java.util.concurrent.Executors$RunnableAdapter.call(Executors.java:511)
	at java.util.concurrent.FutureTask.run(FutureTask.java:266)
	at java.util.concurrent.ScheduledThreadPoolExecutor$ScheduledFutureTask.access$201(ScheduledThreadPoolExecutor.java:180)
	at java.util.concurrent.ScheduledThreadPoolExecutor$ScheduledFutureTask.run(ScheduledThreadPoolExecutor.java:293)
	at java.util.concurrent.ThreadPoolExecutor.runWorker(ThreadPoolExecutor.java:1149)
	at java.util.concurrent.ThreadPoolExecutor$Worker.run(ThreadPoolExecutor.java:624)
	at java.lang.Thread.run(Thread.java:748)

]]></system-err>
  </testcase>
  <testcase name="testWatchForCommitWithCloseContainerException" classname="org.apache.hadoop.ozone.client.rpc.TestBlockOutputStreamWithFailures" time="34.747">
    <error type="java.lang.IllegalArgumentException">java.lang.IllegalArgumentException
	at com.google.common.base.Preconditions.checkArgument(Preconditions.java:72)
	at org.apache.hadoop.hdds.scm.XceiverClientManager.acquireClient(XceiverClientManager.java:150)
	at org.apache.hadoop.hdds.scm.XceiverClientManager.acquireClientForReadData(XceiverClientManager.java:143)
	at org.apache.hadoop.hdds.scm.storage.BlockInputStream.getChunkInfos(BlockInputStream.java:154)
	at org.apache.hadoop.hdds.scm.storage.BlockInputStream.initialize(BlockInputStream.java:118)
	at org.apache.hadoop.hdds.scm.storage.BlockInputStream.read(BlockInputStream.java:222)
	at org.apache.hadoop.ozone.client.io.KeyInputStream.read(KeyInputStream.java:171)
	at org.apache.hadoop.ozone.client.io.OzoneInputStream.read(OzoneInputStream.java:47)
	at java.io.InputStream.read(InputStream.java:101)
	at org.apache.hadoop.ozone.container.ContainerTestHelper.validateData(ContainerTestHelper.java:709)
	at org.apache.hadoop.ozone.client.rpc.TestBlockOutputStreamWithFailures.validateData(TestBlockOutputStreamWithFailures.java:1212)
	at org.apache.hadoop.ozone.client.rpc.TestBlockOutputStreamWithFailures.testWatchForCommitWithCloseContainerException(TestBlockOutputStreamWithFailures.java:260)
	at sun.reflect.NativeMethodAccessorImpl.invoke0(Native Method)
	at sun.reflect.NativeMethodAccessorImpl.invoke(NativeMethodAccessorImpl.java:62)
	at sun.reflect.DelegatingMethodAccessorImpl.invoke(DelegatingMethodAccessorImpl.java:43)
	at java.lang.reflect.Method.invoke(Method.java:498)
	at org.junit.runners.model.FrameworkMethod$1.runReflectiveCall(FrameworkMethod.java:47)
	at org.junit.internal.runners.model.ReflectiveCallable.run(ReflectiveCallable.java:12)
	at org.junit.runners.model.FrameworkMethod.invokeExplosively(FrameworkMethod.java:44)
	at org.junit.internal.runners.statements.InvokeMethod.evaluate(InvokeMethod.java:17)
	at org.junit.internal.runners.statements.RunBefores.evaluate(RunBefores.java:26)
	at org.junit.internal.runners.statements.RunAfters.evaluate(RunAfters.java:27)
	at org.junit.runners.ParentRunner.runLeaf(ParentRunner.java:271)
	at org.junit.runners.BlockJUnit4ClassRunner.runChild(BlockJUnit4ClassRunner.java:70)
	at org.junit.runners.BlockJUnit4ClassRunner.runChild(BlockJUnit4ClassRunner.java:50)
	at org.junit.runners.ParentRunner$3.run(ParentRunner.java:238)
	at org.junit.runners.ParentRunner$1.schedule(ParentRunner.java:63)
	at org.junit.runners.ParentRunner.runChildren(ParentRunner.java:236)
	at org.junit.runners.ParentRunner.access$000(ParentRunner.java:53)
	at org.junit.runners.ParentRunner$2.evaluate(ParentRunner.java:229)
	at org.junit.runners.ParentRunner.run(ParentRunner.java:309)
	at org.apache.maven.surefire.junit4.JUnit4Provider.execute(JUnit4Provider.java:365)
	at org.apache.maven.surefire.junit4.JUnit4Provider.executeWithRerun(JUnit4Provider.java:273)
	at org.apache.maven.surefire.junit4.JUnit4Provider.executeTestSet(JUnit4Provider.java:238)
	at org.apache.maven.surefire.junit4.JUnit4Provider.invoke(JUnit4Provider.java:159)
	at org.apache.maven.surefire.booter.ForkedBooter.invokeProviderInSameClassLoader(ForkedBooter.java:384)
	at org.apache.maven.surefire.booter.ForkedBooter.runSuitesInProcess(ForkedBooter.java:345)
	at org.apache.maven.surefire.booter.ForkedBooter.execute(ForkedBooter.java:126)
	at org.apache.maven.surefire.booter.ForkedBooter.main(ForkedBooter.java:418)
</error>
    <system-out><![CDATA[2019-07-15 13:54:30,875 WARN  server.ServerUtils (ServerUtils.java:getScmDbDir(145)) - ozone.scm.db.dirs is not configured. We recommend adding this setting. Falling back to ozone.metadata.dirs instead.
2019-07-15 13:54:30,901 WARN  server.ServerUtils (ServerUtils.java:getScmDbDir(145)) - ozone.scm.db.dirs is not configured. We recommend adding this setting. Falling back to ozone.metadata.dirs instead.
2019-07-15 13:54:30,902 WARN  server.ServerUtils (ServerUtils.java:getScmDbDir(145)) - ozone.scm.db.dirs is not configured. We recommend adding this setting. Falling back to ozone.metadata.dirs instead.
2019-07-15 13:54:30,902 INFO  db.DBStoreBuilder (DBStoreBuilder.java:addTable(110)) - using custom profile for table: deletedBlocks
2019-07-15 13:54:30,903 INFO  db.DBStoreBuilder (DBStoreBuilder.java:processTables(161)) - Using default column profile:DBProfile.DISK for Table:deletedBlocks
2019-07-15 13:54:30,903 INFO  db.DBStoreBuilder (DBStoreBuilder.java:addTable(110)) - using custom profile for table: validCerts
2019-07-15 13:54:30,903 INFO  db.DBStoreBuilder (DBStoreBuilder.java:processTables(161)) - Using default column profile:DBProfile.DISK for Table:validCerts
2019-07-15 13:54:30,903 INFO  db.DBStoreBuilder (DBStoreBuilder.java:addTable(110)) - using custom profile for table: revokedCerts
2019-07-15 13:54:30,904 INFO  db.DBStoreBuilder (DBStoreBuilder.java:processTables(161)) - Using default column profile:DBProfile.DISK for Table:revokedCerts
2019-07-15 13:54:30,904 INFO  db.DBStoreBuilder (DBStoreBuilder.java:addTable(110)) - using custom profile for table: default
2019-07-15 13:54:30,904 INFO  db.DBStoreBuilder (DBStoreBuilder.java:processTables(167)) - Using default column profile:DBProfile.DISK for Table:default
2019-07-15 13:54:30,905 INFO  db.DBStoreBuilder (DBStoreBuilder.java:getDbProfile(198)) - Using default options. DBProfile.DISK
2019-07-15 13:54:31,047 INFO  net.NodeSchemaLoader (NodeSchemaLoader.java:loadSchemaFromFile(125)) - Loading file from sun.misc.CompoundEnumeration@56f3f9da
2019-07-15 13:54:31,047 INFO  net.NodeSchemaLoader (NodeSchemaLoader.java:loadSchema(171)) - Loading network topology layer schema file
2019-07-15 13:54:31,053 INFO  node.SCMNodeManager (SCMNodeManager.java:<init>(119)) - Entering startup safe mode.
2019-07-15 13:54:31,053 WARN  server.ServerUtils (ServerUtils.java:getScmDbDir(145)) - ozone.scm.db.dirs is not configured. We recommend adding this setting. Falling back to ozone.metadata.dirs instead.
2019-07-15 13:54:31,075 INFO  pipeline.SCMPipelineManager (SCMPipelineManager.java:initializePipelineState(126)) - No pipeline exists in current db
2019-07-15 13:54:31,075 WARN  server.ServerUtils (ServerUtils.java:getScmDbDir(145)) - ozone.scm.db.dirs is not configured. We recommend adding this setting. Falling back to ozone.metadata.dirs instead.
2019-07-15 13:54:31,108 WARN  events.EventQueue (EventQueue.java:fireEvent(175)) - No event handler registered for event TypedEvent{payloadType=SafeModeStatus, name='SafeModeStatus'}
2019-07-15 13:54:31,109 INFO  ipc.CallQueueManager (CallQueueManager.java:<init>(84)) - Using callQueue: class java.util.concurrent.LinkedBlockingQueue, queueCapacity: 2000, scheduler: class org.apache.hadoop.ipc.DefaultRpcScheduler, ipcBackoff: false.
2019-07-15 13:54:31,110 INFO  ipc.Server (Server.java:run(1074)) - Starting Socket Reader #1 for port 41724
2019-07-15 13:54:31,112 INFO  ipc.CallQueueManager (CallQueueManager.java:<init>(84)) - Using callQueue: class java.util.concurrent.LinkedBlockingQueue, queueCapacity: 2000, scheduler: class org.apache.hadoop.ipc.DefaultRpcScheduler, ipcBackoff: false.
2019-07-15 13:54:31,113 INFO  ipc.Server (Server.java:run(1074)) - Starting Socket Reader #1 for port 42626
2019-07-15 13:54:31,114 INFO  ipc.CallQueueManager (CallQueueManager.java:<init>(84)) - Using callQueue: class java.util.concurrent.LinkedBlockingQueue, queueCapacity: 2000, scheduler: class org.apache.hadoop.ipc.DefaultRpcScheduler, ipcBackoff: false.
2019-07-15 13:54:31,115 INFO  ipc.Server (Server.java:run(1074)) - Starting Socket Reader #1 for port 33945
2019-07-15 13:54:31,119 INFO  hdfs.DFSUtil (DFSUtil.java:httpServerTemplateForNNAndJN(1641)) - Starting Web-server for scm at: http://0.0.0.0:0
2019-07-15 13:54:31,121 INFO  server.AuthenticationFilter (AuthenticationFilter.java:constructSecretProvider(240)) - Unable to initialize FileSignerSecretProvider, falling back to use random secrets.
2019-07-15 13:54:31,122 WARN  http.HttpRequestLog (HttpRequestLog.java:getRequestLog(97)) - Jetty request log can only be enabled using Log4j
2019-07-15 13:54:31,124 INFO  http.HttpServer2 (HttpServer2.java:addGlobalFilter(975)) - Added global filter 'safety' (class=org.apache.hadoop.http.HttpServer2$QuotingInputFilter)
2019-07-15 13:54:31,124 INFO  http.HttpServer2 (HttpServer2.java:addFilter(948)) - Added filter static_user_filter (class=org.apache.hadoop.http.lib.StaticUserWebFilter$StaticUserFilter) to context scm
2019-07-15 13:54:31,124 INFO  http.HttpServer2 (HttpServer2.java:addFilter(958)) - Added filter static_user_filter (class=org.apache.hadoop.http.lib.StaticUserWebFilter$StaticUserFilter) to context static
2019-07-15 13:54:31,125 INFO  http.HttpServer2 (HttpServer2.java:addFilter(958)) - Added filter static_user_filter (class=org.apache.hadoop.http.lib.StaticUserWebFilter$StaticUserFilter) to context logs
2019-07-15 13:54:31,127 INFO  server.StorageContainerManager (StorageContainerManager.java:start(759)) - StorageContainerLocationProtocol RPC server is listening at /0.0.0.0:33945
2019-07-15 13:54:31,130 WARN  impl.MetricsConfig (MetricsConfig.java:loadFirst(134)) - Cannot locate configuration: tried hadoop-metrics2-storagecontainermanager.properties,hadoop-metrics2.properties
2019-07-15 13:54:31,131 INFO  impl.MetricsSystemImpl (MetricsSystemImpl.java:startTimer(374)) - Scheduled Metric snapshot period at 10 second(s).
2019-07-15 13:54:31,131 INFO  impl.MetricsSystemImpl (MetricsSystemImpl.java:start(191)) - StorageContainerManager metrics system started
2019-07-15 13:54:31,180 INFO  server.SCMClientProtocolServer (SCMClientProtocolServer.java:start(149)) - RPC server for Client  is listening at /0.0.0.0:33945
2019-07-15 13:54:31,180 INFO  ipc.Server (Server.java:run(1314)) - IPC Server Responder: starting
2019-07-15 13:54:31,180 INFO  ipc.Server (Server.java:run(1153)) - IPC Server listener on 33945: starting
2019-07-15 13:54:31,184 INFO  server.StorageContainerManager (StorageContainerManager.java:start(768)) - ScmBlockLocationProtocol RPC server is listening at /0.0.0.0:42626
2019-07-15 13:54:31,184 INFO  server.SCMBlockProtocolServer (SCMBlockProtocolServer.java:start(140)) - RPC server for Block Protocol is listening at /0.0.0.0:42626
2019-07-15 13:54:31,184 INFO  ipc.Server (Server.java:run(1314)) - IPC Server Responder: starting
2019-07-15 13:54:31,184 INFO  ipc.Server (Server.java:run(1153)) - IPC Server listener on 42626: starting
2019-07-15 13:54:31,188 INFO  server.StorageContainerManager (StorageContainerManager.java:start(772)) - ScmDatanodeProtocl RPC server is listening at /0.0.0.0:41724
2019-07-15 13:54:31,188 INFO  server.SCMDatanodeProtocolServer (SCMDatanodeProtocolServer.java:start(191)) - RPC server for DataNodes is listening at /0.0.0.0:41724
2019-07-15 13:54:31,188 INFO  ipc.Server (Server.java:run(1314)) - IPC Server Responder: starting
2019-07-15 13:54:31,189 INFO  ipc.Server (Server.java:run(1153)) - IPC Server listener on 41724: starting
2019-07-15 13:54:31,192 INFO  http.HttpServer2 (HttpServer2.java:bindListener(1191)) - Jetty bound to port 45780
2019-07-15 13:54:31,192 INFO  server.Server (Server.java:doStart(351)) - jetty-9.3.24.v20180605, build timestamp: 2018-06-05T17:11:56Z, git hash: 84205aa28f11a4f31f2a3b86d1bba2cc8ab69827
2019-07-15 13:54:31,194 INFO  handler.ContextHandler (ContextHandler.java:doStart(781)) - Started o.e.j.s.ServletContextHandler@1d7d2345{/logs,file:///workdir/hadoop-ozone/integration-test/target/log,AVAILABLE}
2019-07-15 13:54:31,194 INFO  handler.ContextHandler (ContextHandler.java:doStart(781)) - Started o.e.j.s.ServletContextHandler@1c7159d5{/static,file:///workdir/hadoop-ozone/integration-test/target/test-classes/webapps/static,AVAILABLE}
2019-07-15 13:54:31,198 INFO  handler.ContextHandler (ContextHandler.java:doStart(781)) - Started o.e.j.w.WebAppContext@5eb974{/,file:///workdir/hadoop-ozone/integration-test/target/test-classes/webapps/scm/,AVAILABLE}{/scm}
2019-07-15 13:54:31,199 INFO  server.AbstractConnector (AbstractConnector.java:doStart(278)) - Started ServerConnector@72f112d1{HTTP/1.1,[http/1.1]}{0.0.0.0:45780}
2019-07-15 13:54:31,199 INFO  server.Server (Server.java:doStart(419)) - Started @666205ms
2019-07-15 13:54:31,200 INFO  server.BaseHttpServer (BaseHttpServer.java:updateConnectorAddress(207)) - HTTP server of SCM is listening at http://0.0.0.0:45780
2019-07-15 13:54:31,201 WARN  server.ServerUtils (ServerUtils.java:getDBPath(222)) - ozone.om.db.dirs is not configured. We recommend adding this setting. Falling back to ozone.metadata.dirs instead.
2019-07-15 13:54:31,202 INFO  util.JvmPauseMonitor (JvmPauseMonitor.java:run(188)) - Starting JVM pause monitor
2019-07-15 13:54:31,214 WARN  server.ServerUtils (ServerUtils.java:getDBPath(222)) - ozone.om.db.dirs is not configured. We recommend adding this setting. Falling back to ozone.metadata.dirs instead.
2019-07-15 13:54:31,214 INFO  om.OzoneManager (OzoneManager.java:setOMNodeDetails(630)) - OM Service ID is not set. Setting it to the default ID: omServiceIdDefault
2019-07-15 13:54:31,215 INFO  om.OzoneManager (OzoneManager.java:setOMNodeDetails(636)) - OM Node ID is not set. Setting it to the OmStorage's OmID: cb824e49-32b4-4319-ab71-7511cc9d6a0c
2019-07-15 13:54:31,215 INFO  om.OzoneManager (OzoneManager.java:loadOMHAConfigs(587)) - Found matching OM address with OMServiceId: null, OMNodeId: null, RPC Address: localhost:0 and Ratis port: 9872
2019-07-15 13:54:31,221 WARN  server.ServerUtils (ServerUtils.java:getDBPath(222)) - ozone.om.db.dirs is not configured. We recommend adding this setting. Falling back to ozone.metadata.dirs instead.
2019-07-15 13:54:31,221 INFO  db.DBStoreBuilder (DBStoreBuilder.java:addTable(110)) - using custom profile for table: userTable
2019-07-15 13:54:31,221 INFO  db.DBStoreBuilder (DBStoreBuilder.java:processTables(161)) - Using default column profile:DBProfile.DISK for Table:userTable
2019-07-15 13:54:31,222 INFO  db.DBStoreBuilder (DBStoreBuilder.java:addTable(110)) - using custom profile for table: volumeTable
2019-07-15 13:54:31,222 INFO  db.DBStoreBuilder (DBStoreBuilder.java:processTables(161)) - Using default column profile:DBProfile.DISK for Table:volumeTable
2019-07-15 13:54:31,222 INFO  db.DBStoreBuilder (DBStoreBuilder.java:addTable(110)) - using custom profile for table: bucketTable
2019-07-15 13:54:31,222 INFO  db.DBStoreBuilder (DBStoreBuilder.java:processTables(161)) - Using default column profile:DBProfile.DISK for Table:bucketTable
2019-07-15 13:54:31,222 INFO  db.DBStoreBuilder (DBStoreBuilder.java:addTable(110)) - using custom profile for table: keyTable
2019-07-15 13:54:31,222 INFO  db.DBStoreBuilder (DBStoreBuilder.java:processTables(161)) - Using default column profile:DBProfile.DISK for Table:keyTable
2019-07-15 13:54:31,223 INFO  db.DBStoreBuilder (DBStoreBuilder.java:addTable(110)) - using custom profile for table: deletedTable
2019-07-15 13:54:31,223 INFO  db.DBStoreBuilder (DBStoreBuilder.java:processTables(161)) - Using default column profile:DBProfile.DISK for Table:deletedTable
2019-07-15 13:54:31,223 INFO  db.DBStoreBuilder (DBStoreBuilder.java:addTable(110)) - using custom profile for table: openKeyTable
2019-07-15 13:54:31,223 INFO  db.DBStoreBuilder (DBStoreBuilder.java:processTables(161)) - Using default column profile:DBProfile.DISK for Table:openKeyTable
2019-07-15 13:54:31,223 INFO  db.DBStoreBuilder (DBStoreBuilder.java:addTable(110)) - using custom profile for table: s3Table
2019-07-15 13:54:31,223 INFO  db.DBStoreBuilder (DBStoreBuilder.java:processTables(161)) - Using default column profile:DBProfile.DISK for Table:s3Table
2019-07-15 13:54:31,224 INFO  db.DBStoreBuilder (DBStoreBuilder.java:addTable(110)) - using custom profile for table: multipartInfoTable
2019-07-15 13:54:31,224 INFO  db.DBStoreBuilder (DBStoreBuilder.java:processTables(161)) - Using default column profile:DBProfile.DISK for Table:multipartInfoTable
2019-07-15 13:54:31,224 INFO  db.DBStoreBuilder (DBStoreBuilder.java:addTable(110)) - using custom profile for table: dTokenTable
2019-07-15 13:54:31,224 INFO  db.DBStoreBuilder (DBStoreBuilder.java:processTables(161)) - Using default column profile:DBProfile.DISK for Table:dTokenTable
2019-07-15 13:54:31,224 INFO  db.DBStoreBuilder (DBStoreBuilder.java:addTable(110)) - using custom profile for table: s3SecretTable
2019-07-15 13:54:31,224 INFO  db.DBStoreBuilder (DBStoreBuilder.java:processTables(161)) - Using default column profile:DBProfile.DISK for Table:s3SecretTable
2019-07-15 13:54:31,225 INFO  db.DBStoreBuilder (DBStoreBuilder.java:addTable(110)) - using custom profile for table: prefixTable
2019-07-15 13:54:31,225 INFO  db.DBStoreBuilder (DBStoreBuilder.java:processTables(161)) - Using default column profile:DBProfile.DISK for Table:prefixTable
2019-07-15 13:54:31,225 INFO  db.DBStoreBuilder (DBStoreBuilder.java:addTable(110)) - using custom profile for table: default
2019-07-15 13:54:31,225 INFO  db.DBStoreBuilder (DBStoreBuilder.java:processTables(167)) - Using default column profile:DBProfile.DISK for Table:default
2019-07-15 13:54:31,225 INFO  db.DBStoreBuilder (DBStoreBuilder.java:getDbProfile(198)) - Using default options. DBProfile.DISK
2019-07-15 13:54:31,670 INFO  ipc.CallQueueManager (CallQueueManager.java:<init>(84)) - Using callQueue: class java.util.concurrent.LinkedBlockingQueue, queueCapacity: 2000, scheduler: class org.apache.hadoop.ipc.DefaultRpcScheduler, ipcBackoff: false.
2019-07-15 13:54:31,671 INFO  ipc.Server (Server.java:run(1074)) - Starting Socket Reader #1 for port 39923
2019-07-15 13:54:31,690 WARN  server.ServerUtils (ServerUtils.java:getDBPath(222)) - ozone.om.db.dirs is not configured. We recommend adding this setting. Falling back to ozone.metadata.dirs instead.
2019-07-15 13:54:31,690 INFO  om.OzoneManager (OzoneManager.java:start(1228)) - OzoneManager RPC server is listening at localhost/127.0.0.1:39923
2019-07-15 13:54:31,690 INFO  impl.MetricsSystemImpl (MetricsSystemImpl.java:init(158)) - OzoneManager metrics system started (again)
2019-07-15 13:54:31,691 INFO  ipc.Server (Server.java:run(1314)) - IPC Server Responder: starting
2019-07-15 13:54:31,691 INFO  ipc.Server (Server.java:run(1153)) - IPC Server listener on 39923: starting
2019-07-15 13:54:31,699 INFO  hdfs.DFSUtil (DFSUtil.java:httpServerTemplateForNNAndJN(1641)) - Starting Web-server for ozoneManager at: http://0.0.0.0:0
2019-07-15 13:54:31,700 INFO  server.AuthenticationFilter (AuthenticationFilter.java:constructSecretProvider(240)) - Unable to initialize FileSignerSecretProvider, falling back to use random secrets.
2019-07-15 13:54:31,701 WARN  http.HttpRequestLog (HttpRequestLog.java:getRequestLog(97)) - Jetty request log can only be enabled using Log4j
2019-07-15 13:54:31,702 INFO  http.HttpServer2 (HttpServer2.java:addGlobalFilter(975)) - Added global filter 'safety' (class=org.apache.hadoop.http.HttpServer2$QuotingInputFilter)
2019-07-15 13:54:31,703 INFO  http.HttpServer2 (HttpServer2.java:addFilter(948)) - Added filter static_user_filter (class=org.apache.hadoop.http.lib.StaticUserWebFilter$StaticUserFilter) to context ozoneManager
2019-07-15 13:54:31,703 INFO  http.HttpServer2 (HttpServer2.java:addFilter(958)) - Added filter static_user_filter (class=org.apache.hadoop.http.lib.StaticUserWebFilter$StaticUserFilter) to context static
2019-07-15 13:54:31,703 INFO  http.HttpServer2 (HttpServer2.java:addFilter(958)) - Added filter static_user_filter (class=org.apache.hadoop.http.lib.StaticUserWebFilter$StaticUserFilter) to context logs
2019-07-15 13:54:31,704 INFO  http.HttpServer2 (HttpServer2.java:bindListener(1191)) - Jetty bound to port 44577
2019-07-15 13:54:31,704 INFO  server.Server (Server.java:doStart(351)) - jetty-9.3.24.v20180605, build timestamp: 2018-06-05T17:11:56Z, git hash: 84205aa28f11a4f31f2a3b86d1bba2cc8ab69827
2019-07-15 13:54:31,706 INFO  handler.ContextHandler (ContextHandler.java:doStart(781)) - Started o.e.j.s.ServletContextHandler@c6b08a5{/logs,file:///workdir/hadoop-ozone/integration-test/target/log,AVAILABLE}
2019-07-15 13:54:31,706 INFO  handler.ContextHandler (ContextHandler.java:doStart(781)) - Started o.e.j.s.ServletContextHandler@25874884{/static,file:///workdir/hadoop-ozone/integration-test/target/test-classes/webapps/static,AVAILABLE}
2019-07-15 13:54:31,710 INFO  handler.ContextHandler (ContextHandler.java:doStart(781)) - Started o.e.j.w.WebAppContext@7545cb17{/,file:///workdir/hadoop-ozone/integration-test/target/test-classes/webapps/ozoneManager/,AVAILABLE}{/ozoneManager}
2019-07-15 13:54:31,710 INFO  server.AbstractConnector (AbstractConnector.java:doStart(278)) - Started ServerConnector@635b3ec7{HTTP/1.1,[http/1.1]}{0.0.0.0:44577}
2019-07-15 13:54:31,710 INFO  server.Server (Server.java:doStart(419)) - Started @666716ms
2019-07-15 13:54:31,712 INFO  server.BaseHttpServer (BaseHttpServer.java:updateConnectorAddress(207)) - HTTP server of OZONEMANAGER is listening at http://0.0.0.0:44577
2019-07-15 13:54:31,724 INFO  impl.MetricsSystemImpl (MetricsSystemImpl.java:init(158)) - HddsDatanode metrics system started (again)
2019-07-15 13:54:31,724 INFO  ozone.HddsDatanodeService (HddsDatanodeService.java:start(185)) - HddsDatanodeService host:trunk-nightly-hvlc9-701369690 ip:192.168.157.240
2019-07-15 13:54:31,738 INFO  volume.HddsVolume (HddsVolume.java:<init>(176)) - Creating Volume: /workdir/hadoop-ozone/integration-test/target/test-dir/MiniOzoneClusterImpl-12632bd5-9a28-4465-ada6-db8877f3300b/datanode-0/data/containers/hdds of  storage type : DISK and capacity : 52710309888
2019-07-15 13:54:31,738 INFO  volume.VolumeSet (VolumeSet.java:initializeVolumeSet(170)) - Added Volume : /workdir/hadoop-ozone/integration-test/target/test-dir/MiniOzoneClusterImpl-12632bd5-9a28-4465-ada6-db8877f3300b/datanode-0/data/containers/hdds to VolumeSet
2019-07-15 13:54:31,738 INFO  volume.ThrottledAsyncChecker (ThrottledAsyncChecker.java:schedule(140)) - Scheduling a check for org.apache.hadoop.ozone.container.common.volume.HddsVolume@3bad0efd
2019-07-15 13:54:31,739 INFO  volume.HddsVolumeChecker (HddsVolumeChecker.java:checkAllVolumes(203)) - Scheduled health check for volume org.apache.hadoop.ozone.container.common.volume.HddsVolume@3bad0efd
2019-07-15 13:54:31,753 INFO  impl.RaftServerProxy (ConfUtils.java:logGet(43)) - raft.rpc.type = GRPC (default)
2019-07-15 13:54:31,753 INFO  grpc.GrpcFactory (GrpcFactory.java:checkPooledByteBufAllocatorUseCacheForAllThreads(45)) - PERFORMANCE WARNING: useCacheForAllThreads is true that may cause Netty to create a lot garbage objects and, as a result, trigger GC.
	It is recommended to disable useCacheForAllThreads by setting -Dorg.apache.ratis.thirdparty.io.netty.allocator.useCacheForAllThreads=false in command line.
2019-07-15 13:54:31,753 INFO  grpc.GrpcConfigKeys$Server (ConfUtils.java:logGet(43)) - raft.grpc.server.port = 0 (default)
2019-07-15 13:54:31,753 INFO  server.GrpcService (ConfUtils.java:logGet(43)) - raft.grpc.message.size.max = 33570816 (custom)
2019-07-15 13:54:31,754 INFO  server.RaftServerConfigKeys (ConfUtils.java:logGet(43)) - raft.server.log.appender.buffer.byte-limit = 33554432 (custom)
2019-07-15 13:54:31,754 INFO  server.GrpcService (ConfUtils.java:logGet(43)) - raft.grpc.flow.control.window = 1MB (=1048576) (default)
2019-07-15 13:54:31,754 INFO  server.RaftServerConfigKeys (ConfUtils.java:logGet(43)) - raft.server.rpc.request.timeout = 3000ms (default)
2019-07-15 13:54:31,754 INFO  server.RaftServerConfigKeys (ConfUtils.java:logGet(43)) - raft.server.storage.dir = [/workdir/hadoop-ozone/integration-test/target/test-dir/MiniOzoneClusterImpl-12632bd5-9a28-4465-ada6-db8877f3300b/datanode-0/data/ratis] (custom)
2019-07-15 13:54:31,755 INFO  replication.SimpleContainerDownloader (SimpleContainerDownloader.java:<init>(72)) - Starting container downloader service to copy containers to replicate.
2019-07-15 13:54:31,756 INFO  hdfs.DFSUtil (DFSUtil.java:httpServerTemplateForNNAndJN(1641)) - Starting Web-server for hddsDatanode at: http://0.0.0.0:0
2019-07-15 13:54:31,757 INFO  server.AuthenticationFilter (AuthenticationFilter.java:constructSecretProvider(240)) - Unable to initialize FileSignerSecretProvider, falling back to use random secrets.
2019-07-15 13:54:31,757 WARN  http.HttpRequestLog (HttpRequestLog.java:getRequestLog(97)) - Jetty request log can only be enabled using Log4j
2019-07-15 13:54:31,758 INFO  http.HttpServer2 (HttpServer2.java:addGlobalFilter(975)) - Added global filter 'safety' (class=org.apache.hadoop.http.HttpServer2$QuotingInputFilter)
2019-07-15 13:54:31,759 INFO  http.HttpServer2 (HttpServer2.java:addFilter(948)) - Added filter static_user_filter (class=org.apache.hadoop.http.lib.StaticUserWebFilter$StaticUserFilter) to context hddsDatanode
2019-07-15 13:54:31,759 INFO  http.HttpServer2 (HttpServer2.java:addFilter(958)) - Added filter static_user_filter (class=org.apache.hadoop.http.lib.StaticUserWebFilter$StaticUserFilter) to context static
2019-07-15 13:54:31,759 INFO  http.HttpServer2 (HttpServer2.java:addFilter(958)) - Added filter static_user_filter (class=org.apache.hadoop.http.lib.StaticUserWebFilter$StaticUserFilter) to context logs
2019-07-15 13:54:31,759 INFO  http.HttpServer2 (HttpServer2.java:bindListener(1191)) - Jetty bound to port 41525
2019-07-15 13:54:31,760 INFO  server.Server (Server.java:doStart(351)) - jetty-9.3.24.v20180605, build timestamp: 2018-06-05T17:11:56Z, git hash: 84205aa28f11a4f31f2a3b86d1bba2cc8ab69827
2019-07-15 13:54:31,761 INFO  handler.ContextHandler (ContextHandler.java:doStart(781)) - Started o.e.j.s.ServletContextHandler@53e1cd6b{/logs,file:///workdir/hadoop-ozone/integration-test/target/log,AVAILABLE}
2019-07-15 13:54:31,762 INFO  handler.ContextHandler (ContextHandler.java:doStart(781)) - Started o.e.j.s.ServletContextHandler@4f143176{/static,jar:file:/home/user/.m2/repository/org/apache/hadoop/hadoop-hdds-container-service/0.5.0-SNAPSHOT/hadoop-hdds-container-service-0.5.0-SNAPSHOT.jar!/webapps/static,AVAILABLE}
2019-07-15 13:54:31,788 INFO  handler.ContextHandler (ContextHandler.java:doStart(781)) - Started o.e.j.w.WebAppContext@57be28d1{/,file:///tmp/jetty-0.0.0.0-41525-hddsDatanode-_-any-292852283175683763.dir/webapp/,AVAILABLE}{/hddsDatanode}
2019-07-15 13:54:31,788 INFO  server.AbstractConnector (AbstractConnector.java:doStart(278)) - Started ServerConnector@19f72e12{HTTP/1.1,[http/1.1]}{0.0.0.0:41525}
2019-07-15 13:54:31,788 INFO  server.Server (Server.java:doStart(419)) - Started @666794ms
2019-07-15 13:54:31,790 INFO  server.BaseHttpServer (BaseHttpServer.java:updateConnectorAddress(207)) - HTTP server of HDDSDATANODE is listening at http://0.0.0.0:41525
2019-07-15 13:54:31,909 INFO  ozone.HddsDatanodeService (HddsDatanodeService.java:startPlugins(396)) - Started plug-in org.apache.hadoop.ozone.web.OzoneHddsDatanodeService@627d29cc
2019-07-15 13:54:31,910 INFO  impl.MetricsSystemImpl (MetricsSystemImpl.java:init(158)) - HddsDatanode metrics system started (again)
2019-07-15 13:54:31,912 INFO  ozone.HddsDatanodeService (HddsDatanodeService.java:start(185)) - HddsDatanodeService host:trunk-nightly-hvlc9-701369690 ip:192.168.157.240
2019-07-15 13:54:31,913 INFO  util.JvmPauseMonitor (JvmPauseMonitor.java:run(188)) - Starting JVM pause monitor
2019-07-15 13:54:31,915 INFO  datanode.InitDatanodeState (InitDatanodeState.java:persistContainerDatanodeDetails(140)) - DatanodeDetails is persisted to /workdir/hadoop-ozone/integration-test/target/test-dir/MiniOzoneClusterImpl-12632bd5-9a28-4465-ada6-db8877f3300b/datanode-0/meta/datanode.id
2019-07-15 13:54:31,926 INFO  volume.HddsVolume (HddsVolume.java:<init>(176)) - Creating Volume: /workdir/hadoop-ozone/integration-test/target/test-dir/MiniOzoneClusterImpl-12632bd5-9a28-4465-ada6-db8877f3300b/datanode-1/data/containers/hdds of  storage type : DISK and capacity : 52710309888
2019-07-15 13:54:31,927 INFO  volume.VolumeSet (VolumeSet.java:initializeVolumeSet(170)) - Added Volume : /workdir/hadoop-ozone/integration-test/target/test-dir/MiniOzoneClusterImpl-12632bd5-9a28-4465-ada6-db8877f3300b/datanode-1/data/containers/hdds to VolumeSet
2019-07-15 13:54:31,927 INFO  volume.ThrottledAsyncChecker (ThrottledAsyncChecker.java:schedule(140)) - Scheduling a check for org.apache.hadoop.ozone.container.common.volume.HddsVolume@4a0b1701
2019-07-15 13:54:31,928 INFO  volume.HddsVolumeChecker (HddsVolumeChecker.java:checkAllVolumes(203)) - Scheduled health check for volume org.apache.hadoop.ozone.container.common.volume.HddsVolume@4a0b1701
2019-07-15 13:54:31,947 INFO  impl.RaftServerProxy (ConfUtils.java:logGet(43)) - raft.rpc.type = GRPC (default)
2019-07-15 13:54:31,947 INFO  grpc.GrpcFactory (GrpcFactory.java:checkPooledByteBufAllocatorUseCacheForAllThreads(45)) - PERFORMANCE WARNING: useCacheForAllThreads is true that may cause Netty to create a lot garbage objects and, as a result, trigger GC.
	It is recommended to disable useCacheForAllThreads by setting -Dorg.apache.ratis.thirdparty.io.netty.allocator.useCacheForAllThreads=false in command line.
2019-07-15 13:54:31,948 INFO  grpc.GrpcConfigKeys$Server (ConfUtils.java:logGet(43)) - raft.grpc.server.port = 0 (default)
2019-07-15 13:54:31,948 INFO  server.GrpcService (ConfUtils.java:logGet(43)) - raft.grpc.message.size.max = 33570816 (custom)
2019-07-15 13:54:31,948 INFO  server.RaftServerConfigKeys (ConfUtils.java:logGet(43)) - raft.server.log.appender.buffer.byte-limit = 33554432 (custom)
2019-07-15 13:54:31,949 INFO  server.GrpcService (ConfUtils.java:logGet(43)) - raft.grpc.flow.control.window = 1MB (=1048576) (default)
2019-07-15 13:54:31,949 INFO  server.RaftServerConfigKeys (ConfUtils.java:logGet(43)) - raft.server.rpc.request.timeout = 3000ms (default)
2019-07-15 13:54:31,950 INFO  server.RaftServerConfigKeys (ConfUtils.java:logGet(43)) - raft.server.storage.dir = [/workdir/hadoop-ozone/integration-test/target/test-dir/MiniOzoneClusterImpl-12632bd5-9a28-4465-ada6-db8877f3300b/datanode-1/data/ratis] (custom)
2019-07-15 13:54:31,950 INFO  replication.SimpleContainerDownloader (SimpleContainerDownloader.java:<init>(72)) - Starting container downloader service to copy containers to replicate.
2019-07-15 13:54:31,952 INFO  hdfs.DFSUtil (DFSUtil.java:httpServerTemplateForNNAndJN(1641)) - Starting Web-server for hddsDatanode at: http://0.0.0.0:0
2019-07-15 13:54:31,954 INFO  server.AuthenticationFilter (AuthenticationFilter.java:constructSecretProvider(240)) - Unable to initialize FileSignerSecretProvider, falling back to use random secrets.
2019-07-15 13:54:31,954 WARN  http.HttpRequestLog (HttpRequestLog.java:getRequestLog(97)) - Jetty request log can only be enabled using Log4j
2019-07-15 13:54:31,956 INFO  http.HttpServer2 (HttpServer2.java:addGlobalFilter(975)) - Added global filter 'safety' (class=org.apache.hadoop.http.HttpServer2$QuotingInputFilter)
2019-07-15 13:54:31,957 INFO  http.HttpServer2 (HttpServer2.java:addFilter(948)) - Added filter static_user_filter (class=org.apache.hadoop.http.lib.StaticUserWebFilter$StaticUserFilter) to context hddsDatanode
2019-07-15 13:54:31,957 INFO  http.HttpServer2 (HttpServer2.java:addFilter(958)) - Added filter static_user_filter (class=org.apache.hadoop.http.lib.StaticUserWebFilter$StaticUserFilter) to context logs
2019-07-15 13:54:31,957 INFO  http.HttpServer2 (HttpServer2.java:addFilter(958)) - Added filter static_user_filter (class=org.apache.hadoop.http.lib.StaticUserWebFilter$StaticUserFilter) to context static
2019-07-15 13:54:31,958 INFO  http.HttpServer2 (HttpServer2.java:bindListener(1191)) - Jetty bound to port 43711
2019-07-15 13:54:31,958 INFO  server.Server (Server.java:doStart(351)) - jetty-9.3.24.v20180605, build timestamp: 2018-06-05T17:11:56Z, git hash: 84205aa28f11a4f31f2a3b86d1bba2cc8ab69827
2019-07-15 13:54:31,960 INFO  handler.ContextHandler (ContextHandler.java:doStart(781)) - Started o.e.j.s.ServletContextHandler@49bcd90d{/logs,file:///workdir/hadoop-ozone/integration-test/target/log,AVAILABLE}
2019-07-15 13:54:31,961 INFO  handler.ContextHandler (ContextHandler.java:doStart(781)) - Started o.e.j.s.ServletContextHandler@26c6be2d{/static,jar:file:/home/user/.m2/repository/org/apache/hadoop/hadoop-hdds-container-service/0.5.0-SNAPSHOT/hadoop-hdds-container-service-0.5.0-SNAPSHOT.jar!/webapps/static,AVAILABLE}
2019-07-15 13:54:32,001 INFO  handler.ContextHandler (ContextHandler.java:doStart(781)) - Started o.e.j.w.WebAppContext@5891bd6d{/,file:///tmp/jetty-0.0.0.0-43711-hddsDatanode-_-any-3719750418711635147.dir/webapp/,AVAILABLE}{/hddsDatanode}
2019-07-15 13:54:32,001 INFO  server.AbstractConnector (AbstractConnector.java:doStart(278)) - Started ServerConnector@6050d04d{HTTP/1.1,[http/1.1]}{0.0.0.0:43711}
2019-07-15 13:54:32,003 INFO  server.Server (Server.java:doStart(419)) - Started @667007ms
2019-07-15 13:54:32,003 INFO  server.BaseHttpServer (BaseHttpServer.java:updateConnectorAddress(207)) - HTTP server of HDDSDATANODE is listening at http://0.0.0.0:43711
2019-07-15 13:54:32,120 INFO  ozone.HddsDatanodeService (HddsDatanodeService.java:startPlugins(396)) - Started plug-in org.apache.hadoop.ozone.web.OzoneHddsDatanodeService@74ae2dec
2019-07-15 13:54:32,121 INFO  impl.MetricsSystemImpl (MetricsSystemImpl.java:init(158)) - HddsDatanode metrics system started (again)
2019-07-15 13:54:32,123 INFO  ozone.HddsDatanodeService (HddsDatanodeService.java:start(185)) - HddsDatanodeService host:trunk-nightly-hvlc9-701369690 ip:192.168.157.240
2019-07-15 13:54:32,124 INFO  util.JvmPauseMonitor (JvmPauseMonitor.java:run(188)) - Starting JVM pause monitor
2019-07-15 13:54:32,126 INFO  datanode.InitDatanodeState (InitDatanodeState.java:persistContainerDatanodeDetails(140)) - DatanodeDetails is persisted to /workdir/hadoop-ozone/integration-test/target/test-dir/MiniOzoneClusterImpl-12632bd5-9a28-4465-ada6-db8877f3300b/datanode-1/meta/datanode.id
2019-07-15 13:54:32,137 INFO  volume.HddsVolume (HddsVolume.java:<init>(176)) - Creating Volume: /workdir/hadoop-ozone/integration-test/target/test-dir/MiniOzoneClusterImpl-12632bd5-9a28-4465-ada6-db8877f3300b/datanode-2/data/containers/hdds of  storage type : DISK and capacity : 52710309888
2019-07-15 13:54:32,137 INFO  volume.VolumeSet (VolumeSet.java:initializeVolumeSet(170)) - Added Volume : /workdir/hadoop-ozone/integration-test/target/test-dir/MiniOzoneClusterImpl-12632bd5-9a28-4465-ada6-db8877f3300b/datanode-2/data/containers/hdds to VolumeSet
2019-07-15 13:54:32,137 INFO  volume.ThrottledAsyncChecker (ThrottledAsyncChecker.java:schedule(140)) - Scheduling a check for org.apache.hadoop.ozone.container.common.volume.HddsVolume@13653a0b
2019-07-15 13:54:32,138 INFO  volume.HddsVolumeChecker (HddsVolumeChecker.java:checkAllVolumes(203)) - Scheduled health check for volume org.apache.hadoop.ozone.container.common.volume.HddsVolume@13653a0b
2019-07-15 13:54:32,154 INFO  impl.RaftServerProxy (ConfUtils.java:logGet(43)) - raft.rpc.type = GRPC (default)
2019-07-15 13:54:32,154 INFO  grpc.GrpcFactory (GrpcFactory.java:checkPooledByteBufAllocatorUseCacheForAllThreads(45)) - PERFORMANCE WARNING: useCacheForAllThreads is true that may cause Netty to create a lot garbage objects and, as a result, trigger GC.
	It is recommended to disable useCacheForAllThreads by setting -Dorg.apache.ratis.thirdparty.io.netty.allocator.useCacheForAllThreads=false in command line.
2019-07-15 13:54:32,154 INFO  grpc.GrpcConfigKeys$Server (ConfUtils.java:logGet(43)) - raft.grpc.server.port = 0 (default)
2019-07-15 13:54:32,154 INFO  server.GrpcService (ConfUtils.java:logGet(43)) - raft.grpc.message.size.max = 33570816 (custom)
2019-07-15 13:54:32,155 INFO  server.RaftServerConfigKeys (ConfUtils.java:logGet(43)) - raft.server.log.appender.buffer.byte-limit = 33554432 (custom)
2019-07-15 13:54:32,155 INFO  server.GrpcService (ConfUtils.java:logGet(43)) - raft.grpc.flow.control.window = 1MB (=1048576) (default)
2019-07-15 13:54:32,155 INFO  server.RaftServerConfigKeys (ConfUtils.java:logGet(43)) - raft.server.rpc.request.timeout = 3000ms (default)
2019-07-15 13:54:32,155 INFO  server.RaftServerConfigKeys (ConfUtils.java:logGet(43)) - raft.server.storage.dir = [/workdir/hadoop-ozone/integration-test/target/test-dir/MiniOzoneClusterImpl-12632bd5-9a28-4465-ada6-db8877f3300b/datanode-2/data/ratis] (custom)
2019-07-15 13:54:32,156 INFO  replication.SimpleContainerDownloader (SimpleContainerDownloader.java:<init>(72)) - Starting container downloader service to copy containers to replicate.
2019-07-15 13:54:32,157 INFO  hdfs.DFSUtil (DFSUtil.java:httpServerTemplateForNNAndJN(1641)) - Starting Web-server for hddsDatanode at: http://0.0.0.0:0
2019-07-15 13:54:32,159 INFO  server.AuthenticationFilter (AuthenticationFilter.java:constructSecretProvider(240)) - Unable to initialize FileSignerSecretProvider, falling back to use random secrets.
2019-07-15 13:54:32,159 WARN  http.HttpRequestLog (HttpRequestLog.java:getRequestLog(97)) - Jetty request log can only be enabled using Log4j
2019-07-15 13:54:32,161 INFO  http.HttpServer2 (HttpServer2.java:addGlobalFilter(975)) - Added global filter 'safety' (class=org.apache.hadoop.http.HttpServer2$QuotingInputFilter)
2019-07-15 13:54:32,162 INFO  http.HttpServer2 (HttpServer2.java:addFilter(948)) - Added filter static_user_filter (class=org.apache.hadoop.http.lib.StaticUserWebFilter$StaticUserFilter) to context hddsDatanode
2019-07-15 13:54:32,162 INFO  http.HttpServer2 (HttpServer2.java:addFilter(958)) - Added filter static_user_filter (class=org.apache.hadoop.http.lib.StaticUserWebFilter$StaticUserFilter) to context logs
2019-07-15 13:54:32,162 INFO  http.HttpServer2 (HttpServer2.java:addFilter(958)) - Added filter static_user_filter (class=org.apache.hadoop.http.lib.StaticUserWebFilter$StaticUserFilter) to context static
2019-07-15 13:54:32,163 INFO  http.HttpServer2 (HttpServer2.java:bindListener(1191)) - Jetty bound to port 43093
2019-07-15 13:54:32,163 INFO  server.Server (Server.java:doStart(351)) - jetty-9.3.24.v20180605, build timestamp: 2018-06-05T17:11:56Z, git hash: 84205aa28f11a4f31f2a3b86d1bba2cc8ab69827
2019-07-15 13:54:32,165 INFO  handler.ContextHandler (ContextHandler.java:doStart(781)) - Started o.e.j.s.ServletContextHandler@1bb1c6dd{/logs,file:///workdir/hadoop-ozone/integration-test/target/log,AVAILABLE}
2019-07-15 13:54:32,166 INFO  handler.ContextHandler (ContextHandler.java:doStart(781)) - Started o.e.j.s.ServletContextHandler@5920c4ed{/static,jar:file:/home/user/.m2/repository/org/apache/hadoop/hadoop-hdds-container-service/0.5.0-SNAPSHOT/hadoop-hdds-container-service-0.5.0-SNAPSHOT.jar!/webapps/static,AVAILABLE}
2019-07-15 13:54:32,209 INFO  handler.ContextHandler (ContextHandler.java:doStart(781)) - Started o.e.j.w.WebAppContext@37403f66{/,file:///tmp/jetty-0.0.0.0-43093-hddsDatanode-_-any-3020126926503061287.dir/webapp/,AVAILABLE}{/hddsDatanode}
2019-07-15 13:54:32,210 INFO  server.AbstractConnector (AbstractConnector.java:doStart(278)) - Started ServerConnector@da51aa8{HTTP/1.1,[http/1.1]}{0.0.0.0:43093}
2019-07-15 13:54:32,211 INFO  server.Server (Server.java:doStart(419)) - Started @667216ms
2019-07-15 13:54:32,212 INFO  server.BaseHttpServer (BaseHttpServer.java:updateConnectorAddress(207)) - HTTP server of HDDSDATANODE is listening at http://0.0.0.0:43093
2019-07-15 13:54:32,324 INFO  ozone.HddsDatanodeService (HddsDatanodeService.java:startPlugins(396)) - Started plug-in org.apache.hadoop.ozone.web.OzoneHddsDatanodeService@51bab787
2019-07-15 13:54:32,325 INFO  impl.MetricsSystemImpl (MetricsSystemImpl.java:init(158)) - HddsDatanode metrics system started (again)
2019-07-15 13:54:32,327 INFO  ozone.HddsDatanodeService (HddsDatanodeService.java:start(185)) - HddsDatanodeService host:trunk-nightly-hvlc9-701369690 ip:192.168.157.240
2019-07-15 13:54:32,328 INFO  util.JvmPauseMonitor (JvmPauseMonitor.java:run(188)) - Starting JVM pause monitor
2019-07-15 13:54:32,330 INFO  datanode.InitDatanodeState (InitDatanodeState.java:persistContainerDatanodeDetails(140)) - DatanodeDetails is persisted to /workdir/hadoop-ozone/integration-test/target/test-dir/MiniOzoneClusterImpl-12632bd5-9a28-4465-ada6-db8877f3300b/datanode-2/meta/datanode.id
2019-07-15 13:54:32,340 INFO  volume.HddsVolume (HddsVolume.java:<init>(176)) - Creating Volume: /workdir/hadoop-ozone/integration-test/target/test-dir/MiniOzoneClusterImpl-12632bd5-9a28-4465-ada6-db8877f3300b/datanode-3/data/containers/hdds of  storage type : DISK and capacity : 52710309888
2019-07-15 13:54:32,341 INFO  volume.VolumeSet (VolumeSet.java:initializeVolumeSet(170)) - Added Volume : /workdir/hadoop-ozone/integration-test/target/test-dir/MiniOzoneClusterImpl-12632bd5-9a28-4465-ada6-db8877f3300b/datanode-3/data/containers/hdds to VolumeSet
2019-07-15 13:54:32,341 INFO  volume.ThrottledAsyncChecker (ThrottledAsyncChecker.java:schedule(140)) - Scheduling a check for org.apache.hadoop.ozone.container.common.volume.HddsVolume@4cf5db07
2019-07-15 13:54:32,341 INFO  volume.HddsVolumeChecker (HddsVolumeChecker.java:checkAllVolumes(203)) - Scheduled health check for volume org.apache.hadoop.ozone.container.common.volume.HddsVolume@4cf5db07
2019-07-15 13:54:32,355 INFO  impl.RaftServerProxy (ConfUtils.java:logGet(43)) - raft.rpc.type = GRPC (default)
2019-07-15 13:54:32,355 INFO  grpc.GrpcFactory (GrpcFactory.java:checkPooledByteBufAllocatorUseCacheForAllThreads(45)) - PERFORMANCE WARNING: useCacheForAllThreads is true that may cause Netty to create a lot garbage objects and, as a result, trigger GC.
	It is recommended to disable useCacheForAllThreads by setting -Dorg.apache.ratis.thirdparty.io.netty.allocator.useCacheForAllThreads=false in command line.
2019-07-15 13:54:32,355 INFO  grpc.GrpcConfigKeys$Server (ConfUtils.java:logGet(43)) - raft.grpc.server.port = 0 (default)
2019-07-15 13:54:32,356 INFO  server.GrpcService (ConfUtils.java:logGet(43)) - raft.grpc.message.size.max = 33570816 (custom)
2019-07-15 13:54:32,356 INFO  server.RaftServerConfigKeys (ConfUtils.java:logGet(43)) - raft.server.log.appender.buffer.byte-limit = 33554432 (custom)
2019-07-15 13:54:32,356 INFO  server.GrpcService (ConfUtils.java:logGet(43)) - raft.grpc.flow.control.window = 1MB (=1048576) (default)
2019-07-15 13:54:32,356 INFO  server.RaftServerConfigKeys (ConfUtils.java:logGet(43)) - raft.server.rpc.request.timeout = 3000ms (default)
2019-07-15 13:54:32,357 INFO  server.RaftServerConfigKeys (ConfUtils.java:logGet(43)) - raft.server.storage.dir = [/workdir/hadoop-ozone/integration-test/target/test-dir/MiniOzoneClusterImpl-12632bd5-9a28-4465-ada6-db8877f3300b/datanode-3/data/ratis] (custom)
2019-07-15 13:54:32,357 INFO  replication.SimpleContainerDownloader (SimpleContainerDownloader.java:<init>(72)) - Starting container downloader service to copy containers to replicate.
2019-07-15 13:54:32,358 INFO  hdfs.DFSUtil (DFSUtil.java:httpServerTemplateForNNAndJN(1641)) - Starting Web-server for hddsDatanode at: http://0.0.0.0:0
2019-07-15 13:54:32,359 INFO  server.AuthenticationFilter (AuthenticationFilter.java:constructSecretProvider(240)) - Unable to initialize FileSignerSecretProvider, falling back to use random secrets.
2019-07-15 13:54:32,360 WARN  http.HttpRequestLog (HttpRequestLog.java:getRequestLog(97)) - Jetty request log can only be enabled using Log4j
2019-07-15 13:54:32,361 INFO  http.HttpServer2 (HttpServer2.java:addGlobalFilter(975)) - Added global filter 'safety' (class=org.apache.hadoop.http.HttpServer2$QuotingInputFilter)
2019-07-15 13:54:32,361 INFO  http.HttpServer2 (HttpServer2.java:addFilter(948)) - Added filter static_user_filter (class=org.apache.hadoop.http.lib.StaticUserWebFilter$StaticUserFilter) to context hddsDatanode
2019-07-15 13:54:32,361 INFO  http.HttpServer2 (HttpServer2.java:addFilter(958)) - Added filter static_user_filter (class=org.apache.hadoop.http.lib.StaticUserWebFilter$StaticUserFilter) to context logs
2019-07-15 13:54:32,361 INFO  http.HttpServer2 (HttpServer2.java:addFilter(958)) - Added filter static_user_filter (class=org.apache.hadoop.http.lib.StaticUserWebFilter$StaticUserFilter) to context static
2019-07-15 13:54:32,362 INFO  http.HttpServer2 (HttpServer2.java:bindListener(1191)) - Jetty bound to port 45102
2019-07-15 13:54:32,362 INFO  server.Server (Server.java:doStart(351)) - jetty-9.3.24.v20180605, build timestamp: 2018-06-05T17:11:56Z, git hash: 84205aa28f11a4f31f2a3b86d1bba2cc8ab69827
2019-07-15 13:54:32,363 INFO  handler.ContextHandler (ContextHandler.java:doStart(781)) - Started o.e.j.s.ServletContextHandler@5d9ac1ff{/logs,file:///workdir/hadoop-ozone/integration-test/target/log,AVAILABLE}
2019-07-15 13:54:32,364 INFO  handler.ContextHandler (ContextHandler.java:doStart(781)) - Started o.e.j.s.ServletContextHandler@6ff879e5{/static,jar:file:/home/user/.m2/repository/org/apache/hadoop/hadoop-hdds-container-service/0.5.0-SNAPSHOT/hadoop-hdds-container-service-0.5.0-SNAPSHOT.jar!/webapps/static,AVAILABLE}
2019-07-15 13:54:32,391 INFO  handler.ContextHandler (ContextHandler.java:doStart(781)) - Started o.e.j.w.WebAppContext@4a9fdffe{/,file:///tmp/jetty-0.0.0.0-45102-hddsDatanode-_-any-4637841329317018265.dir/webapp/,AVAILABLE}{/hddsDatanode}
2019-07-15 13:54:32,391 INFO  server.AbstractConnector (AbstractConnector.java:doStart(278)) - Started ServerConnector@2f7765f1{HTTP/1.1,[http/1.1]}{0.0.0.0:45102}
2019-07-15 13:54:32,392 INFO  server.Server (Server.java:doStart(419)) - Started @667397ms
2019-07-15 13:54:32,393 INFO  server.BaseHttpServer (BaseHttpServer.java:updateConnectorAddress(207)) - HTTP server of HDDSDATANODE is listening at http://0.0.0.0:45102
2019-07-15 13:54:32,496 INFO  ozone.HddsDatanodeService (HddsDatanodeService.java:startPlugins(396)) - Started plug-in org.apache.hadoop.ozone.web.OzoneHddsDatanodeService@12ce9299
2019-07-15 13:54:32,496 INFO  impl.MetricsSystemImpl (MetricsSystemImpl.java:init(158)) - HddsDatanode metrics system started (again)
2019-07-15 13:54:32,497 INFO  ozone.HddsDatanodeService (HddsDatanodeService.java:start(185)) - HddsDatanodeService host:trunk-nightly-hvlc9-701369690 ip:192.168.157.240
2019-07-15 13:54:32,500 INFO  util.JvmPauseMonitor (JvmPauseMonitor.java:run(188)) - Starting JVM pause monitor
2019-07-15 13:54:32,501 INFO  datanode.InitDatanodeState (InitDatanodeState.java:persistContainerDatanodeDetails(140)) - DatanodeDetails is persisted to /workdir/hadoop-ozone/integration-test/target/test-dir/MiniOzoneClusterImpl-12632bd5-9a28-4465-ada6-db8877f3300b/datanode-3/meta/datanode.id
2019-07-15 13:54:32,513 INFO  volume.HddsVolume (HddsVolume.java:<init>(176)) - Creating Volume: /workdir/hadoop-ozone/integration-test/target/test-dir/MiniOzoneClusterImpl-12632bd5-9a28-4465-ada6-db8877f3300b/datanode-4/data/containers/hdds of  storage type : DISK and capacity : 52710309888
2019-07-15 13:54:32,513 INFO  volume.VolumeSet (VolumeSet.java:initializeVolumeSet(170)) - Added Volume : /workdir/hadoop-ozone/integration-test/target/test-dir/MiniOzoneClusterImpl-12632bd5-9a28-4465-ada6-db8877f3300b/datanode-4/data/containers/hdds to VolumeSet
2019-07-15 13:54:32,513 INFO  volume.ThrottledAsyncChecker (ThrottledAsyncChecker.java:schedule(140)) - Scheduling a check for org.apache.hadoop.ozone.container.common.volume.HddsVolume@51cbd1d
2019-07-15 13:54:32,514 INFO  volume.HddsVolumeChecker (HddsVolumeChecker.java:checkAllVolumes(203)) - Scheduled health check for volume org.apache.hadoop.ozone.container.common.volume.HddsVolume@51cbd1d
2019-07-15 13:54:32,526 INFO  impl.RaftServerProxy (ConfUtils.java:logGet(43)) - raft.rpc.type = GRPC (default)
2019-07-15 13:54:32,527 INFO  grpc.GrpcFactory (GrpcFactory.java:checkPooledByteBufAllocatorUseCacheForAllThreads(45)) - PERFORMANCE WARNING: useCacheForAllThreads is true that may cause Netty to create a lot garbage objects and, as a result, trigger GC.
	It is recommended to disable useCacheForAllThreads by setting -Dorg.apache.ratis.thirdparty.io.netty.allocator.useCacheForAllThreads=false in command line.
2019-07-15 13:54:32,527 INFO  grpc.GrpcConfigKeys$Server (ConfUtils.java:logGet(43)) - raft.grpc.server.port = 0 (default)
2019-07-15 13:54:32,527 INFO  server.GrpcService (ConfUtils.java:logGet(43)) - raft.grpc.message.size.max = 33570816 (custom)
2019-07-15 13:54:32,527 INFO  server.RaftServerConfigKeys (ConfUtils.java:logGet(43)) - raft.server.log.appender.buffer.byte-limit = 33554432 (custom)
2019-07-15 13:54:32,527 INFO  server.GrpcService (ConfUtils.java:logGet(43)) - raft.grpc.flow.control.window = 1MB (=1048576) (default)
2019-07-15 13:54:32,527 INFO  server.RaftServerConfigKeys (ConfUtils.java:logGet(43)) - raft.server.rpc.request.timeout = 3000ms (default)
2019-07-15 13:54:32,528 INFO  server.RaftServerConfigKeys (ConfUtils.java:logGet(43)) - raft.server.storage.dir = [/workdir/hadoop-ozone/integration-test/target/test-dir/MiniOzoneClusterImpl-12632bd5-9a28-4465-ada6-db8877f3300b/datanode-4/data/ratis] (custom)
2019-07-15 13:54:32,528 INFO  replication.SimpleContainerDownloader (SimpleContainerDownloader.java:<init>(72)) - Starting container downloader service to copy containers to replicate.
2019-07-15 13:54:32,529 INFO  hdfs.DFSUtil (DFSUtil.java:httpServerTemplateForNNAndJN(1641)) - Starting Web-server for hddsDatanode at: http://0.0.0.0:0
2019-07-15 13:54:32,530 INFO  server.AuthenticationFilter (AuthenticationFilter.java:constructSecretProvider(240)) - Unable to initialize FileSignerSecretProvider, falling back to use random secrets.
2019-07-15 13:54:32,530 WARN  http.HttpRequestLog (HttpRequestLog.java:getRequestLog(97)) - Jetty request log can only be enabled using Log4j
2019-07-15 13:54:32,531 INFO  http.HttpServer2 (HttpServer2.java:addGlobalFilter(975)) - Added global filter 'safety' (class=org.apache.hadoop.http.HttpServer2$QuotingInputFilter)
2019-07-15 13:54:32,532 INFO  http.HttpServer2 (HttpServer2.java:addFilter(948)) - Added filter static_user_filter (class=org.apache.hadoop.http.lib.StaticUserWebFilter$StaticUserFilter) to context hddsDatanode
2019-07-15 13:54:32,532 INFO  http.HttpServer2 (HttpServer2.java:addFilter(958)) - Added filter static_user_filter (class=org.apache.hadoop.http.lib.StaticUserWebFilter$StaticUserFilter) to context static
2019-07-15 13:54:32,532 INFO  http.HttpServer2 (HttpServer2.java:addFilter(958)) - Added filter static_user_filter (class=org.apache.hadoop.http.lib.StaticUserWebFilter$StaticUserFilter) to context logs
2019-07-15 13:54:32,532 INFO  http.HttpServer2 (HttpServer2.java:bindListener(1191)) - Jetty bound to port 43445
2019-07-15 13:54:32,533 INFO  server.Server (Server.java:doStart(351)) - jetty-9.3.24.v20180605, build timestamp: 2018-06-05T17:11:56Z, git hash: 84205aa28f11a4f31f2a3b86d1bba2cc8ab69827
2019-07-15 13:54:32,534 INFO  handler.ContextHandler (ContextHandler.java:doStart(781)) - Started o.e.j.s.ServletContextHandler@337fac72{/logs,file:///workdir/hadoop-ozone/integration-test/target/log,AVAILABLE}
2019-07-15 13:54:32,534 INFO  handler.ContextHandler (ContextHandler.java:doStart(781)) - Started o.e.j.s.ServletContextHandler@1fdc2d45{/static,jar:file:/home/user/.m2/repository/org/apache/hadoop/hadoop-hdds-container-service/0.5.0-SNAPSHOT/hadoop-hdds-container-service-0.5.0-SNAPSHOT.jar!/webapps/static,AVAILABLE}
2019-07-15 13:54:32,560 INFO  handler.ContextHandler (ContextHandler.java:doStart(781)) - Started o.e.j.w.WebAppContext@2d0f850{/,file:///tmp/jetty-0.0.0.0-43445-hddsDatanode-_-any-4107833019352792357.dir/webapp/,AVAILABLE}{/hddsDatanode}
2019-07-15 13:54:32,560 INFO  server.AbstractConnector (AbstractConnector.java:doStart(278)) - Started ServerConnector@62a30701{HTTP/1.1,[http/1.1]}{0.0.0.0:43445}
2019-07-15 13:54:32,560 INFO  server.Server (Server.java:doStart(419)) - Started @667566ms
2019-07-15 13:54:32,563 INFO  server.BaseHttpServer (BaseHttpServer.java:updateConnectorAddress(207)) - HTTP server of HDDSDATANODE is listening at http://0.0.0.0:43445
2019-07-15 13:54:32,686 INFO  ozone.HddsDatanodeService (HddsDatanodeService.java:startPlugins(396)) - Started plug-in org.apache.hadoop.ozone.web.OzoneHddsDatanodeService@3bafa95b
2019-07-15 13:54:32,687 INFO  impl.MetricsSystemImpl (MetricsSystemImpl.java:init(158)) - HddsDatanode metrics system started (again)
2019-07-15 13:54:32,689 INFO  ozone.HddsDatanodeService (HddsDatanodeService.java:start(185)) - HddsDatanodeService host:trunk-nightly-hvlc9-701369690 ip:192.168.157.240
2019-07-15 13:54:32,691 INFO  util.JvmPauseMonitor (JvmPauseMonitor.java:run(188)) - Starting JVM pause monitor
2019-07-15 13:54:32,692 INFO  datanode.InitDatanodeState (InitDatanodeState.java:persistContainerDatanodeDetails(140)) - DatanodeDetails is persisted to /workdir/hadoop-ozone/integration-test/target/test-dir/MiniOzoneClusterImpl-12632bd5-9a28-4465-ada6-db8877f3300b/datanode-4/meta/datanode.id
2019-07-15 13:54:32,703 INFO  volume.HddsVolume (HddsVolume.java:<init>(176)) - Creating Volume: /workdir/hadoop-ozone/integration-test/target/test-dir/MiniOzoneClusterImpl-12632bd5-9a28-4465-ada6-db8877f3300b/datanode-5/data/containers/hdds of  storage type : DISK and capacity : 52710309888
2019-07-15 13:54:32,703 INFO  volume.VolumeSet (VolumeSet.java:initializeVolumeSet(170)) - Added Volume : /workdir/hadoop-ozone/integration-test/target/test-dir/MiniOzoneClusterImpl-12632bd5-9a28-4465-ada6-db8877f3300b/datanode-5/data/containers/hdds to VolumeSet
2019-07-15 13:54:32,703 INFO  volume.ThrottledAsyncChecker (ThrottledAsyncChecker.java:schedule(140)) - Scheduling a check for org.apache.hadoop.ozone.container.common.volume.HddsVolume@1abc3085
2019-07-15 13:54:32,704 INFO  volume.HddsVolumeChecker (HddsVolumeChecker.java:checkAllVolumes(203)) - Scheduled health check for volume org.apache.hadoop.ozone.container.common.volume.HddsVolume@1abc3085
2019-07-15 13:54:32,719 INFO  impl.RaftServerProxy (ConfUtils.java:logGet(43)) - raft.rpc.type = GRPC (default)
2019-07-15 13:54:32,719 INFO  grpc.GrpcFactory (GrpcFactory.java:checkPooledByteBufAllocatorUseCacheForAllThreads(45)) - PERFORMANCE WARNING: useCacheForAllThreads is true that may cause Netty to create a lot garbage objects and, as a result, trigger GC.
	It is recommended to disable useCacheForAllThreads by setting -Dorg.apache.ratis.thirdparty.io.netty.allocator.useCacheForAllThreads=false in command line.
2019-07-15 13:54:32,719 INFO  grpc.GrpcConfigKeys$Server (ConfUtils.java:logGet(43)) - raft.grpc.server.port = 0 (default)
2019-07-15 13:54:32,719 INFO  server.GrpcService (ConfUtils.java:logGet(43)) - raft.grpc.message.size.max = 33570816 (custom)
2019-07-15 13:54:32,720 INFO  server.RaftServerConfigKeys (ConfUtils.java:logGet(43)) - raft.server.log.appender.buffer.byte-limit = 33554432 (custom)
2019-07-15 13:54:32,720 INFO  server.GrpcService (ConfUtils.java:logGet(43)) - raft.grpc.flow.control.window = 1MB (=1048576) (default)
2019-07-15 13:54:32,720 INFO  server.RaftServerConfigKeys (ConfUtils.java:logGet(43)) - raft.server.rpc.request.timeout = 3000ms (default)
2019-07-15 13:54:32,720 INFO  server.RaftServerConfigKeys (ConfUtils.java:logGet(43)) - raft.server.storage.dir = [/workdir/hadoop-ozone/integration-test/target/test-dir/MiniOzoneClusterImpl-12632bd5-9a28-4465-ada6-db8877f3300b/datanode-5/data/ratis] (custom)
2019-07-15 13:54:32,721 INFO  replication.SimpleContainerDownloader (SimpleContainerDownloader.java:<init>(72)) - Starting container downloader service to copy containers to replicate.
2019-07-15 13:54:32,722 INFO  hdfs.DFSUtil (DFSUtil.java:httpServerTemplateForNNAndJN(1641)) - Starting Web-server for hddsDatanode at: http://0.0.0.0:0
2019-07-15 13:54:32,724 INFO  server.AuthenticationFilter (AuthenticationFilter.java:constructSecretProvider(240)) - Unable to initialize FileSignerSecretProvider, falling back to use random secrets.
2019-07-15 13:54:32,725 WARN  http.HttpRequestLog (HttpRequestLog.java:getRequestLog(97)) - Jetty request log can only be enabled using Log4j
2019-07-15 13:54:32,726 INFO  http.HttpServer2 (HttpServer2.java:addGlobalFilter(975)) - Added global filter 'safety' (class=org.apache.hadoop.http.HttpServer2$QuotingInputFilter)
2019-07-15 13:54:32,727 INFO  http.HttpServer2 (HttpServer2.java:addFilter(948)) - Added filter static_user_filter (class=org.apache.hadoop.http.lib.StaticUserWebFilter$StaticUserFilter) to context hddsDatanode
2019-07-15 13:54:32,727 INFO  http.HttpServer2 (HttpServer2.java:addFilter(958)) - Added filter static_user_filter (class=org.apache.hadoop.http.lib.StaticUserWebFilter$StaticUserFilter) to context static
2019-07-15 13:54:32,727 INFO  http.HttpServer2 (HttpServer2.java:addFilter(958)) - Added filter static_user_filter (class=org.apache.hadoop.http.lib.StaticUserWebFilter$StaticUserFilter) to context logs
2019-07-15 13:54:32,728 INFO  http.HttpServer2 (HttpServer2.java:bindListener(1191)) - Jetty bound to port 38887
2019-07-15 13:54:32,729 INFO  server.Server (Server.java:doStart(351)) - jetty-9.3.24.v20180605, build timestamp: 2018-06-05T17:11:56Z, git hash: 84205aa28f11a4f31f2a3b86d1bba2cc8ab69827
2019-07-15 13:54:32,730 INFO  handler.ContextHandler (ContextHandler.java:doStart(781)) - Started o.e.j.s.ServletContextHandler@402cdec9{/logs,file:///workdir/hadoop-ozone/integration-test/target/log,AVAILABLE}
2019-07-15 13:54:32,731 INFO  handler.ContextHandler (ContextHandler.java:doStart(781)) - Started o.e.j.s.ServletContextHandler@184d73af{/static,jar:file:/home/user/.m2/repository/org/apache/hadoop/hadoop-hdds-container-service/0.5.0-SNAPSHOT/hadoop-hdds-container-service-0.5.0-SNAPSHOT.jar!/webapps/static,AVAILABLE}
2019-07-15 13:54:32,771 INFO  handler.ContextHandler (ContextHandler.java:doStart(781)) - Started o.e.j.w.WebAppContext@772a370d{/,file:///tmp/jetty-0.0.0.0-38887-hddsDatanode-_-any-5926362755412206635.dir/webapp/,AVAILABLE}{/hddsDatanode}
2019-07-15 13:54:32,772 INFO  server.AbstractConnector (AbstractConnector.java:doStart(278)) - Started ServerConnector@1eb21f22{HTTP/1.1,[http/1.1]}{0.0.0.0:38887}
2019-07-15 13:54:32,774 INFO  server.Server (Server.java:doStart(419)) - Started @667779ms
2019-07-15 13:54:32,775 INFO  server.BaseHttpServer (BaseHttpServer.java:updateConnectorAddress(207)) - HTTP server of HDDSDATANODE is listening at http://0.0.0.0:38887
2019-07-15 13:54:32,885 INFO  ozone.HddsDatanodeService (HddsDatanodeService.java:startPlugins(396)) - Started plug-in org.apache.hadoop.ozone.web.OzoneHddsDatanodeService@3a2173cd
2019-07-15 13:54:32,885 INFO  impl.MetricsSystemImpl (MetricsSystemImpl.java:init(158)) - HddsDatanode metrics system started (again)
2019-07-15 13:54:32,888 INFO  ozone.HddsDatanodeService (HddsDatanodeService.java:start(185)) - HddsDatanodeService host:trunk-nightly-hvlc9-701369690 ip:192.168.157.240
2019-07-15 13:54:32,889 INFO  util.JvmPauseMonitor (JvmPauseMonitor.java:run(188)) - Starting JVM pause monitor
2019-07-15 13:54:32,891 INFO  datanode.InitDatanodeState (InitDatanodeState.java:persistContainerDatanodeDetails(140)) - DatanodeDetails is persisted to /workdir/hadoop-ozone/integration-test/target/test-dir/MiniOzoneClusterImpl-12632bd5-9a28-4465-ada6-db8877f3300b/datanode-5/meta/datanode.id
2019-07-15 13:54:32,902 INFO  volume.HddsVolume (HddsVolume.java:<init>(176)) - Creating Volume: /workdir/hadoop-ozone/integration-test/target/test-dir/MiniOzoneClusterImpl-12632bd5-9a28-4465-ada6-db8877f3300b/datanode-6/data/containers/hdds of  storage type : DISK and capacity : 52710309888
2019-07-15 13:54:32,902 INFO  volume.VolumeSet (VolumeSet.java:initializeVolumeSet(170)) - Added Volume : /workdir/hadoop-ozone/integration-test/target/test-dir/MiniOzoneClusterImpl-12632bd5-9a28-4465-ada6-db8877f3300b/datanode-6/data/containers/hdds to VolumeSet
2019-07-15 13:54:32,902 INFO  volume.ThrottledAsyncChecker (ThrottledAsyncChecker.java:schedule(140)) - Scheduling a check for org.apache.hadoop.ozone.container.common.volume.HddsVolume@21ec723c
2019-07-15 13:54:32,903 INFO  volume.HddsVolumeChecker (HddsVolumeChecker.java:checkAllVolumes(203)) - Scheduled health check for volume org.apache.hadoop.ozone.container.common.volume.HddsVolume@21ec723c
2019-07-15 13:54:32,920 INFO  impl.RaftServerProxy (ConfUtils.java:logGet(43)) - raft.rpc.type = GRPC (default)
2019-07-15 13:54:32,920 INFO  grpc.GrpcFactory (GrpcFactory.java:checkPooledByteBufAllocatorUseCacheForAllThreads(45)) - PERFORMANCE WARNING: useCacheForAllThreads is true that may cause Netty to create a lot garbage objects and, as a result, trigger GC.
	It is recommended to disable useCacheForAllThreads by setting -Dorg.apache.ratis.thirdparty.io.netty.allocator.useCacheForAllThreads=false in command line.
2019-07-15 13:54:32,921 INFO  grpc.GrpcConfigKeys$Server (ConfUtils.java:logGet(43)) - raft.grpc.server.port = 0 (default)
2019-07-15 13:54:32,921 INFO  server.GrpcService (ConfUtils.java:logGet(43)) - raft.grpc.message.size.max = 33570816 (custom)
2019-07-15 13:54:32,921 INFO  server.RaftServerConfigKeys (ConfUtils.java:logGet(43)) - raft.server.log.appender.buffer.byte-limit = 33554432 (custom)
2019-07-15 13:54:32,921 INFO  server.GrpcService (ConfUtils.java:logGet(43)) - raft.grpc.flow.control.window = 1MB (=1048576) (default)
2019-07-15 13:54:32,921 INFO  server.RaftServerConfigKeys (ConfUtils.java:logGet(43)) - raft.server.rpc.request.timeout = 3000ms (default)
2019-07-15 13:54:32,922 INFO  server.RaftServerConfigKeys (ConfUtils.java:logGet(43)) - raft.server.storage.dir = [/workdir/hadoop-ozone/integration-test/target/test-dir/MiniOzoneClusterImpl-12632bd5-9a28-4465-ada6-db8877f3300b/datanode-6/data/ratis] (custom)
2019-07-15 13:54:32,922 INFO  replication.SimpleContainerDownloader (SimpleContainerDownloader.java:<init>(72)) - Starting container downloader service to copy containers to replicate.
2019-07-15 13:54:32,923 INFO  hdfs.DFSUtil (DFSUtil.java:httpServerTemplateForNNAndJN(1641)) - Starting Web-server for hddsDatanode at: http://0.0.0.0:0
2019-07-15 13:54:32,924 INFO  server.AuthenticationFilter (AuthenticationFilter.java:constructSecretProvider(240)) - Unable to initialize FileSignerSecretProvider, falling back to use random secrets.
2019-07-15 13:54:32,925 WARN  http.HttpRequestLog (HttpRequestLog.java:getRequestLog(97)) - Jetty request log can only be enabled using Log4j
2019-07-15 13:54:32,926 INFO  http.HttpServer2 (HttpServer2.java:addGlobalFilter(975)) - Added global filter 'safety' (class=org.apache.hadoop.http.HttpServer2$QuotingInputFilter)
2019-07-15 13:54:32,926 INFO  http.HttpServer2 (HttpServer2.java:addFilter(948)) - Added filter static_user_filter (class=org.apache.hadoop.http.lib.StaticUserWebFilter$StaticUserFilter) to context hddsDatanode
2019-07-15 13:54:32,926 INFO  http.HttpServer2 (HttpServer2.java:addFilter(958)) - Added filter static_user_filter (class=org.apache.hadoop.http.lib.StaticUserWebFilter$StaticUserFilter) to context static
2019-07-15 13:54:32,927 INFO  http.HttpServer2 (HttpServer2.java:addFilter(958)) - Added filter static_user_filter (class=org.apache.hadoop.http.lib.StaticUserWebFilter$StaticUserFilter) to context logs
2019-07-15 13:54:32,927 INFO  http.HttpServer2 (HttpServer2.java:bindListener(1191)) - Jetty bound to port 39205
2019-07-15 13:54:32,927 INFO  server.Server (Server.java:doStart(351)) - jetty-9.3.24.v20180605, build timestamp: 2018-06-05T17:11:56Z, git hash: 84205aa28f11a4f31f2a3b86d1bba2cc8ab69827
2019-07-15 13:54:32,929 INFO  handler.ContextHandler (ContextHandler.java:doStart(781)) - Started o.e.j.s.ServletContextHandler@36e8e3e1{/logs,file:///workdir/hadoop-ozone/integration-test/target/log,AVAILABLE}
2019-07-15 13:54:32,929 INFO  handler.ContextHandler (ContextHandler.java:doStart(781)) - Started o.e.j.s.ServletContextHandler@64f248ea{/static,jar:file:/home/user/.m2/repository/org/apache/hadoop/hadoop-hdds-container-service/0.5.0-SNAPSHOT/hadoop-hdds-container-service-0.5.0-SNAPSHOT.jar!/webapps/static,AVAILABLE}
2019-07-15 13:54:32,956 INFO  handler.ContextHandler (ContextHandler.java:doStart(781)) - Started o.e.j.w.WebAppContext@2a64c8c3{/,file:///tmp/jetty-0.0.0.0-39205-hddsDatanode-_-any-2260169039294503795.dir/webapp/,AVAILABLE}{/hddsDatanode}
2019-07-15 13:54:32,956 INFO  server.AbstractConnector (AbstractConnector.java:doStart(278)) - Started ServerConnector@20c642ef{HTTP/1.1,[http/1.1]}{0.0.0.0:39205}
2019-07-15 13:54:32,956 INFO  server.Server (Server.java:doStart(419)) - Started @667961ms
2019-07-15 13:54:32,958 INFO  server.BaseHttpServer (BaseHttpServer.java:updateConnectorAddress(207)) - HTTP server of HDDSDATANODE is listening at http://0.0.0.0:39205
2019-07-15 13:54:33,229 INFO  ozone.HddsDatanodeService (HddsDatanodeService.java:startPlugins(396)) - Started plug-in org.apache.hadoop.ozone.web.OzoneHddsDatanodeService@7d5b1446
2019-07-15 13:54:33,230 INFO  ozone.MiniOzoneClusterImpl (MiniOzoneClusterImpl.java:lambda$waitForClusterToBeReady$0(142)) - Waiting for cluster to be ready. Got 0 of 7 DN Heartbeats.
2019-07-15 13:54:33,234 INFO  util.JvmPauseMonitor (JvmPauseMonitor.java:run(188)) - Starting JVM pause monitor
2019-07-15 13:54:33,236 INFO  datanode.InitDatanodeState (InitDatanodeState.java:persistContainerDatanodeDetails(140)) - DatanodeDetails is persisted to /workdir/hadoop-ozone/integration-test/target/test-dir/MiniOzoneClusterImpl-12632bd5-9a28-4465-ada6-db8877f3300b/datanode-6/meta/datanode.id
2019-07-15 13:54:33,934 INFO  ozoneimpl.OzoneContainer (OzoneContainer.java:start(186)) - Attempting to start container services.
2019-07-15 13:54:33,936 INFO  ozoneimpl.OzoneContainer (OzoneContainer.java:startContainerScrub(160)) - Background container scrubber has been disabled by hdds.containerscrub.enabled
2019-07-15 13:54:33,937 INFO  ratis.XceiverServerRatis (XceiverServerRatis.java:start(418)) - Starting XceiverServerRatis 0aab5e31-ebd2-4af7-90a5-47b60834ebd7 at port 0
2019-07-15 13:54:33,944 INFO  impl.RaftServerProxy (RaftServerProxy.java:lambda$start$3(299)) - 0aab5e31-ebd2-4af7-90a5-47b60834ebd7: start RPC server
2019-07-15 13:54:33,946 INFO  server.GrpcService (GrpcService.java:startImpl(149)) - 0aab5e31-ebd2-4af7-90a5-47b60834ebd7: GrpcService started, listening on 0.0.0.0/0.0.0.0:36927
2019-07-15 13:54:33,946 INFO  ratis.XceiverServerRatis (XceiverServerRatis.java:start(428)) - XceiverServerRatis 0aab5e31-ebd2-4af7-90a5-47b60834ebd7 is started using port 36927
2019-07-15 13:54:33,946 INFO  server.XceiverServerGrpc (XceiverServerGrpc.java:start(161)) - XceiverServerGrpc 0aab5e31-ebd2-4af7-90a5-47b60834ebd7 is started using port 46688
2019-07-15 13:54:34,141 INFO  ozoneimpl.OzoneContainer (OzoneContainer.java:start(186)) - Attempting to start container services.
2019-07-15 13:54:34,144 INFO  ozoneimpl.OzoneContainer (OzoneContainer.java:startContainerScrub(160)) - Background container scrubber has been disabled by hdds.containerscrub.enabled
2019-07-15 13:54:34,144 INFO  ratis.XceiverServerRatis (XceiverServerRatis.java:start(418)) - Starting XceiverServerRatis d2a65497-a6c0-4de2-9e4b-ff8c084f9f7d at port 0
2019-07-15 13:54:34,153 INFO  impl.RaftServerProxy (RaftServerProxy.java:lambda$start$3(299)) - d2a65497-a6c0-4de2-9e4b-ff8c084f9f7d: start RPC server
2019-07-15 13:54:34,161 INFO  server.GrpcService (GrpcService.java:startImpl(149)) - d2a65497-a6c0-4de2-9e4b-ff8c084f9f7d: GrpcService started, listening on 0.0.0.0/0.0.0.0:43651
2019-07-15 13:54:34,161 INFO  ratis.XceiverServerRatis (XceiverServerRatis.java:start(428)) - XceiverServerRatis d2a65497-a6c0-4de2-9e4b-ff8c084f9f7d is started using port 43651
2019-07-15 13:54:34,163 INFO  server.XceiverServerGrpc (XceiverServerGrpc.java:start(161)) - XceiverServerGrpc d2a65497-a6c0-4de2-9e4b-ff8c084f9f7d is started using port 42038
2019-07-15 13:54:34,230 INFO  ozone.MiniOzoneClusterImpl (MiniOzoneClusterImpl.java:lambda$waitForClusterToBeReady$0(142)) - Waiting for cluster to be ready. Got 0 of 7 DN Heartbeats.
2019-07-15 13:54:34,343 INFO  ozoneimpl.OzoneContainer (OzoneContainer.java:start(186)) - Attempting to start container services.
2019-07-15 13:54:34,352 INFO  ozoneimpl.OzoneContainer (OzoneContainer.java:startContainerScrub(160)) - Background container scrubber has been disabled by hdds.containerscrub.enabled
2019-07-15 13:54:34,352 INFO  ratis.XceiverServerRatis (XceiverServerRatis.java:start(418)) - Starting XceiverServerRatis 886e9123-32ea-475d-8716-5d117160d71f at port 0
2019-07-15 13:54:34,360 INFO  impl.RaftServerProxy (RaftServerProxy.java:lambda$start$3(299)) - 886e9123-32ea-475d-8716-5d117160d71f: start RPC server
2019-07-15 13:54:34,361 INFO  server.GrpcService (GrpcService.java:startImpl(149)) - 886e9123-32ea-475d-8716-5d117160d71f: GrpcService started, listening on 0.0.0.0/0.0.0.0:44485
2019-07-15 13:54:34,361 INFO  ratis.XceiverServerRatis (XceiverServerRatis.java:start(428)) - XceiverServerRatis 886e9123-32ea-475d-8716-5d117160d71f is started using port 44485
2019-07-15 13:54:34,362 INFO  server.XceiverServerGrpc (XceiverServerGrpc.java:start(161)) - XceiverServerGrpc 886e9123-32ea-475d-8716-5d117160d71f is started using port 39576
2019-07-15 13:54:34,514 INFO  ozoneimpl.OzoneContainer (OzoneContainer.java:start(186)) - Attempting to start container services.
2019-07-15 13:54:34,514 INFO  ozoneimpl.OzoneContainer (OzoneContainer.java:startContainerScrub(160)) - Background container scrubber has been disabled by hdds.containerscrub.enabled
2019-07-15 13:54:34,515 INFO  ratis.XceiverServerRatis (XceiverServerRatis.java:start(418)) - Starting XceiverServerRatis df667d47-7d3a-4c8d-aeb4-7fe15e6e70ad at port 0
2019-07-15 13:54:34,522 INFO  impl.RaftServerProxy (RaftServerProxy.java:lambda$start$3(299)) - df667d47-7d3a-4c8d-aeb4-7fe15e6e70ad: start RPC server
2019-07-15 13:54:34,522 INFO  server.GrpcService (GrpcService.java:startImpl(149)) - df667d47-7d3a-4c8d-aeb4-7fe15e6e70ad: GrpcService started, listening on 0.0.0.0/0.0.0.0:42151
2019-07-15 13:54:34,523 INFO  ratis.XceiverServerRatis (XceiverServerRatis.java:start(428)) - XceiverServerRatis df667d47-7d3a-4c8d-aeb4-7fe15e6e70ad is started using port 42151
2019-07-15 13:54:34,523 INFO  server.XceiverServerGrpc (XceiverServerGrpc.java:start(161)) - XceiverServerGrpc df667d47-7d3a-4c8d-aeb4-7fe15e6e70ad is started using port 46714
2019-07-15 13:54:34,705 INFO  ozoneimpl.OzoneContainer (OzoneContainer.java:start(186)) - Attempting to start container services.
2019-07-15 13:54:34,705 INFO  ozoneimpl.OzoneContainer (OzoneContainer.java:startContainerScrub(160)) - Background container scrubber has been disabled by hdds.containerscrub.enabled
2019-07-15 13:54:34,705 INFO  ratis.XceiverServerRatis (XceiverServerRatis.java:start(418)) - Starting XceiverServerRatis ead128cc-eda5-45ce-b911-161512460ae0 at port 0
2019-07-15 13:54:34,713 INFO  impl.RaftServerProxy (RaftServerProxy.java:lambda$start$3(299)) - ead128cc-eda5-45ce-b911-161512460ae0: start RPC server
2019-07-15 13:54:34,714 INFO  server.GrpcService (GrpcService.java:startImpl(149)) - ead128cc-eda5-45ce-b911-161512460ae0: GrpcService started, listening on 0.0.0.0/0.0.0.0:40516
2019-07-15 13:54:34,714 INFO  ratis.XceiverServerRatis (XceiverServerRatis.java:start(428)) - XceiverServerRatis ead128cc-eda5-45ce-b911-161512460ae0 is started using port 40516
2019-07-15 13:54:34,714 INFO  server.XceiverServerGrpc (XceiverServerGrpc.java:start(161)) - XceiverServerGrpc ead128cc-eda5-45ce-b911-161512460ae0 is started using port 40917
2019-07-15 13:54:34,903 INFO  ozoneimpl.OzoneContainer (OzoneContainer.java:start(186)) - Attempting to start container services.
2019-07-15 13:54:34,903 INFO  ozoneimpl.OzoneContainer (OzoneContainer.java:startContainerScrub(160)) - Background container scrubber has been disabled by hdds.containerscrub.enabled
2019-07-15 13:54:34,903 INFO  ratis.XceiverServerRatis (XceiverServerRatis.java:start(418)) - Starting XceiverServerRatis d5631962-c778-453e-92c1-903bf63efc9b at port 0
2019-07-15 13:54:34,911 INFO  impl.RaftServerProxy (RaftServerProxy.java:lambda$start$3(299)) - d5631962-c778-453e-92c1-903bf63efc9b: start RPC server
2019-07-15 13:54:34,911 INFO  server.GrpcService (GrpcService.java:startImpl(149)) - d5631962-c778-453e-92c1-903bf63efc9b: GrpcService started, listening on 0.0.0.0/0.0.0.0:34024
2019-07-15 13:54:34,912 INFO  ratis.XceiverServerRatis (XceiverServerRatis.java:start(428)) - XceiverServerRatis d5631962-c778-453e-92c1-903bf63efc9b is started using port 34024
2019-07-15 13:54:34,912 INFO  server.XceiverServerGrpc (XceiverServerGrpc.java:start(161)) - XceiverServerGrpc d5631962-c778-453e-92c1-903bf63efc9b is started using port 43556
2019-07-15 13:54:35,231 INFO  ozone.MiniOzoneClusterImpl (MiniOzoneClusterImpl.java:lambda$waitForClusterToBeReady$0(142)) - Waiting for cluster to be ready. Got 0 of 7 DN Heartbeats.
2019-07-15 13:54:35,248 INFO  ozoneimpl.OzoneContainer (OzoneContainer.java:start(186)) - Attempting to start container services.
2019-07-15 13:54:35,248 INFO  ozoneimpl.OzoneContainer (OzoneContainer.java:startContainerScrub(160)) - Background container scrubber has been disabled by hdds.containerscrub.enabled
2019-07-15 13:54:35,249 INFO  ratis.XceiverServerRatis (XceiverServerRatis.java:start(418)) - Starting XceiverServerRatis 8529c181-edfc-4269-bf43-0c2bcbd6318e at port 0
2019-07-15 13:54:35,257 INFO  impl.RaftServerProxy (RaftServerProxy.java:lambda$start$3(299)) - 8529c181-edfc-4269-bf43-0c2bcbd6318e: start RPC server
2019-07-15 13:54:35,261 INFO  server.GrpcService (GrpcService.java:startImpl(149)) - 8529c181-edfc-4269-bf43-0c2bcbd6318e: GrpcService started, listening on 0.0.0.0/0.0.0.0:41505
2019-07-15 13:54:35,262 INFO  ratis.XceiverServerRatis (XceiverServerRatis.java:start(428)) - XceiverServerRatis 8529c181-edfc-4269-bf43-0c2bcbd6318e is started using port 41505
2019-07-15 13:54:35,262 INFO  server.XceiverServerGrpc (XceiverServerGrpc.java:start(161)) - XceiverServerGrpc 8529c181-edfc-4269-bf43-0c2bcbd6318e is started using port 37604
2019-07-15 13:54:35,919 INFO  net.NetworkTopology (NetworkTopologyImpl.java:add(110)) - Added a new node: /default-rack/192.168.157.240
2019-07-15 13:54:35,921 INFO  node.SCMNodeManager (SCMNodeManager.java:register(269)) - Registered Data node : 0aab5e31-ebd2-4af7-90a5-47b60834ebd7{ip: 192.168.157.240, host: trunk-nightly-hvlc9-701369690, networkLocation: /default-rack, certSerialId: null}
2019-07-15 13:54:35,922 INFO  safemode.SCMSafeModeManager (DataNodeSafeModeRule.java:process(71)) - SCM in safe mode. 1 DataNodes registered, 1 required.
2019-07-15 13:54:35,925 INFO  safemode.SCMSafeModeManager (SCMSafeModeManager.java:validateSafeModeExitRules(177)) - ScmSafeModeManager, all rules are successfully validated
2019-07-15 13:54:35,928 INFO  safemode.SCMSafeModeManager (SCMSafeModeManager.java:exitSafeMode(193)) - SCM exiting safe mode.
2019-07-15 13:54:35,946 INFO  impl.RaftServerProxy (RaftServerProxy.java:addNew(89)) - 0aab5e31-ebd2-4af7-90a5-47b60834ebd7: addNew group-8CE2E784CC6E:[0aab5e31-ebd2-4af7-90a5-47b60834ebd7:192.168.157.240:36927] returns group-8CE2E784CC6E:java.util.concurrent.CompletableFuture@238c888d[Not completed]
2019-07-15 13:54:35,947 INFO  impl.RaftServerImpl (RaftServerImpl.java:<init>(93)) - 0aab5e31-ebd2-4af7-90a5-47b60834ebd7: new RaftServerImpl for group-8CE2E784CC6E:[0aab5e31-ebd2-4af7-90a5-47b60834ebd7:192.168.157.240:36927] with ContainerStateMachine:uninitialized
2019-07-15 13:54:35,947 INFO  server.RaftServerConfigKeys (ConfUtils.java:logGet(43)) - raft.server.rpc.timeout.min = 5s (custom)
2019-07-15 13:54:35,947 INFO  server.RaftServerConfigKeys (ConfUtils.java:logGet(43)) - raft.server.rpc.timeout.max = 5200ms (custom)
2019-07-15 13:54:35,947 INFO  server.RaftServerConfigKeys (ConfUtils.java:logGet(43)) - raft.server.rpcslowness.timeout = 120s (custom)
2019-07-15 13:54:35,947 INFO  server.RaftServerConfigKeys (ConfUtils.java:logGet(43)) - raft.server.sleep.deviation.threshold = 300 (default)
2019-07-15 13:54:35,948 INFO  server.RaftServerConfigKeys (ConfUtils.java:logGet(43)) - raft.server.log.appender.install.snapshot.enabled = false (custom)
2019-07-15 13:54:35,948 INFO  impl.RaftServerImpl (ServerState.java:<init>(105)) - 0aab5e31-ebd2-4af7-90a5-47b60834ebd7:group-8CE2E784CC6E ConfigurationManager, init=-1: [0aab5e31-ebd2-4af7-90a5-47b60834ebd7:192.168.157.240:36927], old=null, confs=<EMPTY_MAP>
2019-07-15 13:54:35,948 INFO  server.RaftServerConfigKeys (ConfUtils.java:logGet(43)) - raft.server.storage.dir = [/workdir/hadoop-ozone/integration-test/target/test-dir/MiniOzoneClusterImpl-12632bd5-9a28-4465-ada6-db8877f3300b/datanode-0/data/ratis] (custom)
2019-07-15 13:54:35,948 INFO  storage.RaftStorageDirectory (RaftStorageDirectory.java:analyzeStorage(246)) - The storage directory /workdir/hadoop-ozone/integration-test/target/test-dir/MiniOzoneClusterImpl-12632bd5-9a28-4465-ada6-db8877f3300b/datanode-0/data/ratis/2cf05412-8f00-4517-a38b-8ce2e784cc6e does not exist. Creating ...
2019-07-15 13:54:35,962 INFO  storage.RaftStorageDirectory (RaftStorageDirectory.java:tryLock(328)) - Lock on /workdir/hadoop-ozone/integration-test/target/test-dir/MiniOzoneClusterImpl-12632bd5-9a28-4465-ada6-db8877f3300b/datanode-0/data/ratis/2cf05412-8f00-4517-a38b-8ce2e784cc6e/in_use.lock acquired by nodename 27196@trunk-nightly-hvlc9-701369690
2019-07-15 13:54:35,975 INFO  storage.RaftStorage (RaftStorage.java:format(72)) - Storage directory /workdir/hadoop-ozone/integration-test/target/test-dir/MiniOzoneClusterImpl-12632bd5-9a28-4465-ada6-db8877f3300b/datanode-0/data/ratis/2cf05412-8f00-4517-a38b-8ce2e784cc6e has been successfully formatted.
2019-07-15 13:54:35,975 INFO  ratis.ContainerStateMachine (ContainerStateMachine.java:loadSnapshot(200)) - group-8CE2E784CC6E: The snapshot info is null. Setting the last applied indexto:(t:0, i:~)
2019-07-15 13:54:35,976 INFO  server.RaftServerConfigKeys (ConfUtils.java:logGet(43)) - raft.server.leader.election.timeout = 120s (custom)
2019-07-15 13:54:35,976 INFO  server.RaftServerConfigKeys (ConfUtils.java:logGet(43)) - raft.server.log.use.memory = false (default)
2019-07-15 13:54:35,976 INFO  server.RaftServerConfigKeys (ConfUtils.java:logGet(43)) - raft.server.log.purge.gap = 1000000000 (custom)
2019-07-15 13:54:35,976 INFO  server.RaftServerConfigKeys (ConfUtils.java:logGet(43)) - raft.server.log.appender.buffer.byte-limit = 33554432 (custom)
2019-07-15 13:54:35,976 INFO  server.RaftServerConfigKeys (ConfUtils.java:logGet(43)) - raft.server.log.segment.size.max = 1048576 (custom)
2019-07-15 13:54:35,976 INFO  server.RaftServerConfigKeys (ConfUtils.java:logGet(43)) - raft.server.log.segment.cache.num.max = 2 (custom)
2019-07-15 13:54:35,977 INFO  segmented.SegmentedRaftLogWorker (SegmentedRaftLogWorker.java:<init>(172)) - new 0aab5e31-ebd2-4af7-90a5-47b60834ebd7-SegmentedRaftLogWorker:Storage Directory /workdir/hadoop-ozone/integration-test/target/test-dir/MiniOzoneClusterImpl-12632bd5-9a28-4465-ada6-db8877f3300b/datanode-0/data/ratis/2cf05412-8f00-4517-a38b-8ce2e784cc6e for RaftStorage:Storage Directory /workdir/hadoop-ozone/integration-test/target/test-dir/MiniOzoneClusterImpl-12632bd5-9a28-4465-ada6-db8877f3300b/datanode-0/data/ratis/2cf05412-8f00-4517-a38b-8ce2e784cc6e
2019-07-15 13:54:35,977 INFO  server.RaftServerConfigKeys (ConfUtils.java:logGet(43)) - raft.server.log.queue.byte-limit = 2147483647 (custom)
2019-07-15 13:54:35,977 INFO  server.RaftServerConfigKeys (ConfUtils.java:logGet(43)) - raft.server.log.queue.element-limit = 1024 (custom)
2019-07-15 13:54:35,977 INFO  server.RaftServerConfigKeys (ConfUtils.java:logGet(43)) - raft.server.log.segment.size.max = 1048576 (custom)
2019-07-15 13:54:35,977 INFO  server.RaftServerConfigKeys (ConfUtils.java:logGet(43)) - raft.server.log.preallocated.size = 16384 (custom)
2019-07-15 13:54:35,978 INFO  server.RaftServerConfigKeys (ConfUtils.java:logGet(43)) - raft.server.log.write.buffer.size = 33554432 (custom)
2019-07-15 13:54:35,978 INFO  server.RaftServerConfigKeys (ConfUtils.java:logGet(43)) - raft.server.log.force.sync.num = 128 (default)
2019-07-15 13:54:35,978 INFO  server.RaftServerConfigKeys (ConfUtils.java:logGet(43)) - raft.server.log.statemachine.data.sync = true (default)
2019-07-15 13:54:35,978 INFO  server.RaftServerConfigKeys (ConfUtils.java:logGet(43)) - raft.server.log.statemachine.data.sync.timeout = 10s (default)
2019-07-15 13:54:35,978 INFO  server.RaftServerConfigKeys (ConfUtils.java:logGet(43)) - raft.server.log.statemachine.data.sync.timeout.retry = -1 (default)
2019-07-15 13:54:35,979 INFO  server.RaftServerConfigKeys (ConfUtils.java:logGet(43)) - raft.server.log.statemachine.data.caching.enabled = true (custom)
2019-07-15 13:54:35,979 INFO  segmented.SegmentedRaftLogWorker (SegmentedRaftLogWorker.java:lambda$new$0(132)) - 0aab5e31-ebd2-4af7-90a5-47b60834ebd7-SegmentedRaftLogWorker:Storage Directory /workdir/hadoop-ozone/integration-test/target/test-dir/MiniOzoneClusterImpl-12632bd5-9a28-4465-ada6-db8877f3300b/datanode-0/data/ratis/2cf05412-8f00-4517-a38b-8ce2e784cc6e: flushIndex: setUnconditionally 0 -> -1
2019-07-15 13:54:35,979 INFO  server.RaftServerConfigKeys (ConfUtils.java:logGet(43)) - raft.server.snapshot.auto.trigger.enabled = true (custom)
2019-07-15 13:54:35,979 INFO  server.RaftServerConfigKeys (ConfUtils.java:logGet(43)) - raft.server.snapshot.auto.trigger.threshold = 10000 (custom)
2019-07-15 13:54:35,980 INFO  server.RaftServerConfigKeys (ConfUtils.java:logGet(43)) - raft.server.retrycache.expirytime = 600000ms (custom)
2019-07-15 13:54:35,980 INFO  impl.RaftServerImpl (RaftServerImpl.java:start(180)) - 0aab5e31-ebd2-4af7-90a5-47b60834ebd7: start group-8CE2E784CC6E
2019-07-15 13:54:35,980 INFO  impl.RaftServerImpl (RaftServerImpl.java:setRole(171)) - 0aab5e31-ebd2-4af7-90a5-47b60834ebd7:group-8CE2E784CC6E changes role from null to FOLLOWER at term 0 for startAsFollower
2019-07-15 13:54:35,980 INFO  impl.RoleInfo (RoleInfo.java:updateAndGet(143)) - 0aab5e31-ebd2-4af7-90a5-47b60834ebd7: start FollowerState
2019-07-15 13:54:35,981 INFO  util.JmxRegister (JmxRegister.java:tryRegister(44)) - Successfully registered JMX Bean with object name Ratis:service=RaftServer,group=group-8CE2E784CC6E,id=0aab5e31-ebd2-4af7-90a5-47b60834ebd7
2019-07-15 13:54:35,984 INFO  pipeline.PipelineStateManager (PipelineStateManager.java:addPipeline(56)) - Created pipeline Pipeline[ Id: 2cf05412-8f00-4517-a38b-8ce2e784cc6e, Nodes: 0aab5e31-ebd2-4af7-90a5-47b60834ebd7{ip: 192.168.157.240, host: trunk-nightly-hvlc9-701369690, networkLocation: /default-rack, certSerialId: null}, Type:RATIS, Factor:ONE, State:OPEN]
2019-07-15 13:54:36,126 INFO  node.SCMNodeManager (SCMNodeManager.java:register(269)) - Registered Data node : d2a65497-a6c0-4de2-9e4b-ff8c084f9f7d{ip: 192.168.157.240, host: trunk-nightly-hvlc9-701369690, networkLocation: /default-rack, certSerialId: null}
2019-07-15 13:54:36,133 INFO  impl.RaftServerProxy (RaftServerProxy.java:addNew(89)) - d2a65497-a6c0-4de2-9e4b-ff8c084f9f7d: addNew group-93C0526EA5E8:[d2a65497-a6c0-4de2-9e4b-ff8c084f9f7d:192.168.157.240:43651] returns group-93C0526EA5E8:java.util.concurrent.CompletableFuture@7280271e[Not completed]
2019-07-15 13:54:36,134 INFO  impl.RaftServerImpl (RaftServerImpl.java:<init>(93)) - d2a65497-a6c0-4de2-9e4b-ff8c084f9f7d: new RaftServerImpl for group-93C0526EA5E8:[d2a65497-a6c0-4de2-9e4b-ff8c084f9f7d:192.168.157.240:43651] with ContainerStateMachine:uninitialized
2019-07-15 13:54:36,134 INFO  server.RaftServerConfigKeys (ConfUtils.java:logGet(43)) - raft.server.rpc.timeout.min = 5s (custom)
2019-07-15 13:54:36,135 INFO  server.RaftServerConfigKeys (ConfUtils.java:logGet(43)) - raft.server.rpc.timeout.max = 5200ms (custom)
2019-07-15 13:54:36,135 INFO  server.RaftServerConfigKeys (ConfUtils.java:logGet(43)) - raft.server.rpcslowness.timeout = 120s (custom)
2019-07-15 13:54:36,135 INFO  server.RaftServerConfigKeys (ConfUtils.java:logGet(43)) - raft.server.sleep.deviation.threshold = 300 (default)
2019-07-15 13:54:36,135 INFO  server.RaftServerConfigKeys (ConfUtils.java:logGet(43)) - raft.server.log.appender.install.snapshot.enabled = false (custom)
2019-07-15 13:54:36,135 INFO  impl.RaftServerImpl (ServerState.java:<init>(105)) - d2a65497-a6c0-4de2-9e4b-ff8c084f9f7d:group-93C0526EA5E8 ConfigurationManager, init=-1: [d2a65497-a6c0-4de2-9e4b-ff8c084f9f7d:192.168.157.240:43651], old=null, confs=<EMPTY_MAP>
2019-07-15 13:54:36,135 INFO  server.RaftServerConfigKeys (ConfUtils.java:logGet(43)) - raft.server.storage.dir = [/workdir/hadoop-ozone/integration-test/target/test-dir/MiniOzoneClusterImpl-12632bd5-9a28-4465-ada6-db8877f3300b/datanode-1/data/ratis] (custom)
2019-07-15 13:54:36,137 INFO  storage.RaftStorageDirectory (RaftStorageDirectory.java:analyzeStorage(246)) - The storage directory /workdir/hadoop-ozone/integration-test/target/test-dir/MiniOzoneClusterImpl-12632bd5-9a28-4465-ada6-db8877f3300b/datanode-1/data/ratis/495ea012-bed8-40aa-afdc-93c0526ea5e8 does not exist. Creating ...
2019-07-15 13:54:36,150 INFO  storage.RaftStorageDirectory (RaftStorageDirectory.java:tryLock(328)) - Lock on /workdir/hadoop-ozone/integration-test/target/test-dir/MiniOzoneClusterImpl-12632bd5-9a28-4465-ada6-db8877f3300b/datanode-1/data/ratis/495ea012-bed8-40aa-afdc-93c0526ea5e8/in_use.lock acquired by nodename 27196@trunk-nightly-hvlc9-701369690
2019-07-15 13:54:36,163 INFO  storage.RaftStorage (RaftStorage.java:format(72)) - Storage directory /workdir/hadoop-ozone/integration-test/target/test-dir/MiniOzoneClusterImpl-12632bd5-9a28-4465-ada6-db8877f3300b/datanode-1/data/ratis/495ea012-bed8-40aa-afdc-93c0526ea5e8 has been successfully formatted.
2019-07-15 13:54:36,164 INFO  ratis.ContainerStateMachine (ContainerStateMachine.java:loadSnapshot(200)) - group-93C0526EA5E8: The snapshot info is null. Setting the last applied indexto:(t:0, i:~)
2019-07-15 13:54:36,164 INFO  server.RaftServerConfigKeys (ConfUtils.java:logGet(43)) - raft.server.leader.election.timeout = 120s (custom)
2019-07-15 13:54:36,164 INFO  server.RaftServerConfigKeys (ConfUtils.java:logGet(43)) - raft.server.log.use.memory = false (default)
2019-07-15 13:54:36,164 INFO  server.RaftServerConfigKeys (ConfUtils.java:logGet(43)) - raft.server.log.purge.gap = 1000000000 (custom)
2019-07-15 13:54:36,164 INFO  server.RaftServerConfigKeys (ConfUtils.java:logGet(43)) - raft.server.log.appender.buffer.byte-limit = 33554432 (custom)
2019-07-15 13:54:36,165 INFO  server.RaftServerConfigKeys (ConfUtils.java:logGet(43)) - raft.server.log.segment.size.max = 1048576 (custom)
2019-07-15 13:54:36,165 INFO  server.RaftServerConfigKeys (ConfUtils.java:logGet(43)) - raft.server.log.segment.cache.num.max = 2 (custom)
2019-07-15 13:54:36,165 INFO  segmented.SegmentedRaftLogWorker (SegmentedRaftLogWorker.java:<init>(172)) - new d2a65497-a6c0-4de2-9e4b-ff8c084f9f7d-SegmentedRaftLogWorker:Storage Directory /workdir/hadoop-ozone/integration-test/target/test-dir/MiniOzoneClusterImpl-12632bd5-9a28-4465-ada6-db8877f3300b/datanode-1/data/ratis/495ea012-bed8-40aa-afdc-93c0526ea5e8 for RaftStorage:Storage Directory /workdir/hadoop-ozone/integration-test/target/test-dir/MiniOzoneClusterImpl-12632bd5-9a28-4465-ada6-db8877f3300b/datanode-1/data/ratis/495ea012-bed8-40aa-afdc-93c0526ea5e8
2019-07-15 13:54:36,165 INFO  server.RaftServerConfigKeys (ConfUtils.java:logGet(43)) - raft.server.log.queue.byte-limit = 2147483647 (custom)
2019-07-15 13:54:36,165 INFO  server.RaftServerConfigKeys (ConfUtils.java:logGet(43)) - raft.server.log.queue.element-limit = 1024 (custom)
2019-07-15 13:54:36,165 INFO  server.RaftServerConfigKeys (ConfUtils.java:logGet(43)) - raft.server.log.segment.size.max = 1048576 (custom)
2019-07-15 13:54:36,166 INFO  server.RaftServerConfigKeys (ConfUtils.java:logGet(43)) - raft.server.log.preallocated.size = 16384 (custom)
2019-07-15 13:54:36,166 INFO  server.RaftServerConfigKeys (ConfUtils.java:logGet(43)) - raft.server.log.write.buffer.size = 33554432 (custom)
2019-07-15 13:54:36,166 INFO  server.RaftServerConfigKeys (ConfUtils.java:logGet(43)) - raft.server.log.force.sync.num = 128 (default)
2019-07-15 13:54:36,166 INFO  server.RaftServerConfigKeys (ConfUtils.java:logGet(43)) - raft.server.log.statemachine.data.sync = true (default)
2019-07-15 13:54:36,166 INFO  server.RaftServerConfigKeys (ConfUtils.java:logGet(43)) - raft.server.log.statemachine.data.sync.timeout = 10s (default)
2019-07-15 13:54:36,166 INFO  server.RaftServerConfigKeys (ConfUtils.java:logGet(43)) - raft.server.log.statemachine.data.sync.timeout.retry = -1 (default)
2019-07-15 13:54:36,167 INFO  server.RaftServerConfigKeys (ConfUtils.java:logGet(43)) - raft.server.log.statemachine.data.caching.enabled = true (custom)
2019-07-15 13:54:36,167 INFO  segmented.SegmentedRaftLogWorker (SegmentedRaftLogWorker.java:lambda$new$0(132)) - d2a65497-a6c0-4de2-9e4b-ff8c084f9f7d-SegmentedRaftLogWorker:Storage Directory /workdir/hadoop-ozone/integration-test/target/test-dir/MiniOzoneClusterImpl-12632bd5-9a28-4465-ada6-db8877f3300b/datanode-1/data/ratis/495ea012-bed8-40aa-afdc-93c0526ea5e8: flushIndex: setUnconditionally 0 -> -1
2019-07-15 13:54:36,167 INFO  server.RaftServerConfigKeys (ConfUtils.java:logGet(43)) - raft.server.snapshot.auto.trigger.enabled = true (custom)
2019-07-15 13:54:36,167 INFO  server.RaftServerConfigKeys (ConfUtils.java:logGet(43)) - raft.server.snapshot.auto.trigger.threshold = 10000 (custom)
2019-07-15 13:54:36,168 INFO  server.RaftServerConfigKeys (ConfUtils.java:logGet(43)) - raft.server.retrycache.expirytime = 600000ms (custom)
2019-07-15 13:54:36,168 INFO  impl.RaftServerImpl (RaftServerImpl.java:start(180)) - d2a65497-a6c0-4de2-9e4b-ff8c084f9f7d: start group-93C0526EA5E8
2019-07-15 13:54:36,168 INFO  impl.RaftServerImpl (RaftServerImpl.java:setRole(171)) - d2a65497-a6c0-4de2-9e4b-ff8c084f9f7d:group-93C0526EA5E8 changes role from null to FOLLOWER at term 0 for startAsFollower
2019-07-15 13:54:36,168 INFO  impl.RoleInfo (RoleInfo.java:updateAndGet(143)) - d2a65497-a6c0-4de2-9e4b-ff8c084f9f7d: start FollowerState
2019-07-15 13:54:36,168 INFO  util.JmxRegister (JmxRegister.java:tryRegister(44)) - Successfully registered JMX Bean with object name Ratis:service=RaftServer,group=group-93C0526EA5E8,id=d2a65497-a6c0-4de2-9e4b-ff8c084f9f7d
2019-07-15 13:54:36,171 INFO  pipeline.PipelineStateManager (PipelineStateManager.java:addPipeline(56)) - Created pipeline Pipeline[ Id: 495ea012-bed8-40aa-afdc-93c0526ea5e8, Nodes: d2a65497-a6c0-4de2-9e4b-ff8c084f9f7d{ip: 192.168.157.240, host: trunk-nightly-hvlc9-701369690, networkLocation: /default-rack, certSerialId: null}, Type:RATIS, Factor:ONE, State:OPEN]
2019-07-15 13:54:36,231 INFO  ozone.MiniOzoneClusterImpl (MiniOzoneClusterImpl.java:lambda$waitForClusterToBeReady$0(142)) - Waiting for cluster to be ready. Got 2 of 7 DN Heartbeats.
2019-07-15 13:54:36,330 INFO  node.SCMNodeManager (SCMNodeManager.java:register(269)) - Registered Data node : 886e9123-32ea-475d-8716-5d117160d71f{ip: 192.168.157.240, host: trunk-nightly-hvlc9-701369690, networkLocation: /default-rack, certSerialId: null}
2019-07-15 13:54:36,339 INFO  impl.RaftServerProxy (RaftServerProxy.java:addNew(89)) - 886e9123-32ea-475d-8716-5d117160d71f: addNew group-5BC88975A4E1:[886e9123-32ea-475d-8716-5d117160d71f:192.168.157.240:44485] returns group-5BC88975A4E1:java.util.concurrent.CompletableFuture@68275b07[Not completed]
2019-07-15 13:54:36,340 INFO  impl.RaftServerImpl (RaftServerImpl.java:<init>(93)) - 886e9123-32ea-475d-8716-5d117160d71f: new RaftServerImpl for group-5BC88975A4E1:[886e9123-32ea-475d-8716-5d117160d71f:192.168.157.240:44485] with ContainerStateMachine:uninitialized
2019-07-15 13:54:36,340 INFO  server.RaftServerConfigKeys (ConfUtils.java:logGet(43)) - raft.server.rpc.timeout.min = 5s (custom)
2019-07-15 13:54:36,340 INFO  server.RaftServerConfigKeys (ConfUtils.java:logGet(43)) - raft.server.rpc.timeout.max = 5200ms (custom)
2019-07-15 13:54:36,340 INFO  server.RaftServerConfigKeys (ConfUtils.java:logGet(43)) - raft.server.rpcslowness.timeout = 120s (custom)
2019-07-15 13:54:36,340 INFO  server.RaftServerConfigKeys (ConfUtils.java:logGet(43)) - raft.server.sleep.deviation.threshold = 300 (default)
2019-07-15 13:54:36,341 INFO  server.RaftServerConfigKeys (ConfUtils.java:logGet(43)) - raft.server.log.appender.install.snapshot.enabled = false (custom)
2019-07-15 13:54:36,341 INFO  impl.RaftServerImpl (ServerState.java:<init>(105)) - 886e9123-32ea-475d-8716-5d117160d71f:group-5BC88975A4E1 ConfigurationManager, init=-1: [886e9123-32ea-475d-8716-5d117160d71f:192.168.157.240:44485], old=null, confs=<EMPTY_MAP>
2019-07-15 13:54:36,341 INFO  server.RaftServerConfigKeys (ConfUtils.java:logGet(43)) - raft.server.storage.dir = [/workdir/hadoop-ozone/integration-test/target/test-dir/MiniOzoneClusterImpl-12632bd5-9a28-4465-ada6-db8877f3300b/datanode-2/data/ratis] (custom)
2019-07-15 13:54:36,343 INFO  storage.RaftStorageDirectory (RaftStorageDirectory.java:analyzeStorage(246)) - The storage directory /workdir/hadoop-ozone/integration-test/target/test-dir/MiniOzoneClusterImpl-12632bd5-9a28-4465-ada6-db8877f3300b/datanode-2/data/ratis/5b6c8d04-6c1f-4711-b080-5bc88975a4e1 does not exist. Creating ...
2019-07-15 13:54:36,356 INFO  storage.RaftStorageDirectory (RaftStorageDirectory.java:tryLock(328)) - Lock on /workdir/hadoop-ozone/integration-test/target/test-dir/MiniOzoneClusterImpl-12632bd5-9a28-4465-ada6-db8877f3300b/datanode-2/data/ratis/5b6c8d04-6c1f-4711-b080-5bc88975a4e1/in_use.lock acquired by nodename 27196@trunk-nightly-hvlc9-701369690
2019-07-15 13:54:36,374 INFO  storage.RaftStorage (RaftStorage.java:format(72)) - Storage directory /workdir/hadoop-ozone/integration-test/target/test-dir/MiniOzoneClusterImpl-12632bd5-9a28-4465-ada6-db8877f3300b/datanode-2/data/ratis/5b6c8d04-6c1f-4711-b080-5bc88975a4e1 has been successfully formatted.
2019-07-15 13:54:36,374 INFO  ratis.ContainerStateMachine (ContainerStateMachine.java:loadSnapshot(200)) - group-5BC88975A4E1: The snapshot info is null. Setting the last applied indexto:(t:0, i:~)
2019-07-15 13:54:36,374 INFO  server.RaftServerConfigKeys (ConfUtils.java:logGet(43)) - raft.server.leader.election.timeout = 120s (custom)
2019-07-15 13:54:36,374 INFO  server.RaftServerConfigKeys (ConfUtils.java:logGet(43)) - raft.server.log.use.memory = false (default)
2019-07-15 13:54:36,374 INFO  server.RaftServerConfigKeys (ConfUtils.java:logGet(43)) - raft.server.log.purge.gap = 1000000000 (custom)
2019-07-15 13:54:36,374 INFO  server.RaftServerConfigKeys (ConfUtils.java:logGet(43)) - raft.server.log.appender.buffer.byte-limit = 33554432 (custom)
2019-07-15 13:54:36,374 INFO  server.RaftServerConfigKeys (ConfUtils.java:logGet(43)) - raft.server.log.segment.size.max = 1048576 (custom)
2019-07-15 13:54:36,375 INFO  server.RaftServerConfigKeys (ConfUtils.java:logGet(43)) - raft.server.log.segment.cache.num.max = 2 (custom)
2019-07-15 13:54:36,375 INFO  segmented.SegmentedRaftLogWorker (SegmentedRaftLogWorker.java:<init>(172)) - new 886e9123-32ea-475d-8716-5d117160d71f-SegmentedRaftLogWorker:Storage Directory /workdir/hadoop-ozone/integration-test/target/test-dir/MiniOzoneClusterImpl-12632bd5-9a28-4465-ada6-db8877f3300b/datanode-2/data/ratis/5b6c8d04-6c1f-4711-b080-5bc88975a4e1 for RaftStorage:Storage Directory /workdir/hadoop-ozone/integration-test/target/test-dir/MiniOzoneClusterImpl-12632bd5-9a28-4465-ada6-db8877f3300b/datanode-2/data/ratis/5b6c8d04-6c1f-4711-b080-5bc88975a4e1
2019-07-15 13:54:36,375 INFO  server.RaftServerConfigKeys (ConfUtils.java:logGet(43)) - raft.server.log.queue.byte-limit = 2147483647 (custom)
2019-07-15 13:54:36,375 INFO  server.RaftServerConfigKeys (ConfUtils.java:logGet(43)) - raft.server.log.queue.element-limit = 1024 (custom)
2019-07-15 13:54:36,375 INFO  server.RaftServerConfigKeys (ConfUtils.java:logGet(43)) - raft.server.log.segment.size.max = 1048576 (custom)
2019-07-15 13:54:36,375 INFO  server.RaftServerConfigKeys (ConfUtils.java:logGet(43)) - raft.server.log.preallocated.size = 16384 (custom)
2019-07-15 13:54:36,376 INFO  server.RaftServerConfigKeys (ConfUtils.java:logGet(43)) - raft.server.log.write.buffer.size = 33554432 (custom)
2019-07-15 13:54:36,376 INFO  server.RaftServerConfigKeys (ConfUtils.java:logGet(43)) - raft.server.log.force.sync.num = 128 (default)
2019-07-15 13:54:36,376 INFO  server.RaftServerConfigKeys (ConfUtils.java:logGet(43)) - raft.server.log.statemachine.data.sync = true (default)
2019-07-15 13:54:36,376 INFO  server.RaftServerConfigKeys (ConfUtils.java:logGet(43)) - raft.server.log.statemachine.data.sync.timeout = 10s (default)
2019-07-15 13:54:36,376 INFO  server.RaftServerConfigKeys (ConfUtils.java:logGet(43)) - raft.server.log.statemachine.data.sync.timeout.retry = -1 (default)
2019-07-15 13:54:36,376 INFO  server.RaftServerConfigKeys (ConfUtils.java:logGet(43)) - raft.server.log.statemachine.data.caching.enabled = true (custom)
2019-07-15 13:54:36,377 INFO  segmented.SegmentedRaftLogWorker (SegmentedRaftLogWorker.java:lambda$new$0(132)) - 886e9123-32ea-475d-8716-5d117160d71f-SegmentedRaftLogWorker:Storage Directory /workdir/hadoop-ozone/integration-test/target/test-dir/MiniOzoneClusterImpl-12632bd5-9a28-4465-ada6-db8877f3300b/datanode-2/data/ratis/5b6c8d04-6c1f-4711-b080-5bc88975a4e1: flushIndex: setUnconditionally 0 -> -1
2019-07-15 13:54:36,377 INFO  server.RaftServerConfigKeys (ConfUtils.java:logGet(43)) - raft.server.snapshot.auto.trigger.enabled = true (custom)
2019-07-15 13:54:36,377 INFO  server.RaftServerConfigKeys (ConfUtils.java:logGet(43)) - raft.server.snapshot.auto.trigger.threshold = 10000 (custom)
2019-07-15 13:54:36,377 INFO  server.RaftServerConfigKeys (ConfUtils.java:logGet(43)) - raft.server.retrycache.expirytime = 600000ms (custom)
2019-07-15 13:54:36,377 INFO  impl.RaftServerImpl (RaftServerImpl.java:start(180)) - 886e9123-32ea-475d-8716-5d117160d71f: start group-5BC88975A4E1
2019-07-15 13:54:36,378 INFO  impl.RaftServerImpl (RaftServerImpl.java:setRole(171)) - 886e9123-32ea-475d-8716-5d117160d71f:group-5BC88975A4E1 changes role from null to FOLLOWER at term 0 for startAsFollower
2019-07-15 13:54:36,378 INFO  impl.RoleInfo (RoleInfo.java:updateAndGet(143)) - 886e9123-32ea-475d-8716-5d117160d71f: start FollowerState
2019-07-15 13:54:36,378 INFO  util.JmxRegister (JmxRegister.java:tryRegister(44)) - Successfully registered JMX Bean with object name Ratis:service=RaftServer,group=group-5BC88975A4E1,id=886e9123-32ea-475d-8716-5d117160d71f
2019-07-15 13:54:36,381 INFO  pipeline.PipelineStateManager (PipelineStateManager.java:addPipeline(56)) - Created pipeline Pipeline[ Id: 5b6c8d04-6c1f-4711-b080-5bc88975a4e1, Nodes: 886e9123-32ea-475d-8716-5d117160d71f{ip: 192.168.157.240, host: trunk-nightly-hvlc9-701369690, networkLocation: /default-rack, certSerialId: null}, Type:RATIS, Factor:ONE, State:OPEN]
2019-07-15 13:54:36,396 INFO  impl.RaftServerProxy (RaftServerProxy.java:addNew(89)) - 886e9123-32ea-475d-8716-5d117160d71f: addNew group-0EECF98D7D1B:[0aab5e31-ebd2-4af7-90a5-47b60834ebd7:192.168.157.240:36927, d2a65497-a6c0-4de2-9e4b-ff8c084f9f7d:192.168.157.240:43651, 886e9123-32ea-475d-8716-5d117160d71f:192.168.157.240:44485] returns group-0EECF98D7D1B:java.util.concurrent.CompletableFuture@56a7258d[Not completed]
2019-07-15 13:54:36,396 INFO  impl.RaftServerProxy (RaftServerProxy.java:addNew(89)) - d2a65497-a6c0-4de2-9e4b-ff8c084f9f7d: addNew group-0EECF98D7D1B:[0aab5e31-ebd2-4af7-90a5-47b60834ebd7:192.168.157.240:36927, d2a65497-a6c0-4de2-9e4b-ff8c084f9f7d:192.168.157.240:43651, 886e9123-32ea-475d-8716-5d117160d71f:192.168.157.240:44485] returns group-0EECF98D7D1B:java.util.concurrent.CompletableFuture@38686a48[Not completed]
2019-07-15 13:54:36,396 INFO  impl.RaftServerProxy (RaftServerProxy.java:addNew(89)) - 0aab5e31-ebd2-4af7-90a5-47b60834ebd7: addNew group-0EECF98D7D1B:[0aab5e31-ebd2-4af7-90a5-47b60834ebd7:192.168.157.240:36927, d2a65497-a6c0-4de2-9e4b-ff8c084f9f7d:192.168.157.240:43651, 886e9123-32ea-475d-8716-5d117160d71f:192.168.157.240:44485] returns group-0EECF98D7D1B:java.util.concurrent.CompletableFuture@381d304[Not completed]
2019-07-15 13:54:36,397 INFO  impl.RaftServerImpl (RaftServerImpl.java:<init>(93)) - 886e9123-32ea-475d-8716-5d117160d71f: new RaftServerImpl for group-0EECF98D7D1B:[0aab5e31-ebd2-4af7-90a5-47b60834ebd7:192.168.157.240:36927, d2a65497-a6c0-4de2-9e4b-ff8c084f9f7d:192.168.157.240:43651, 886e9123-32ea-475d-8716-5d117160d71f:192.168.157.240:44485] with ContainerStateMachine:uninitialized
2019-07-15 13:54:36,397 INFO  server.RaftServerConfigKeys (ConfUtils.java:logGet(43)) - raft.server.rpc.timeout.min = 5s (custom)
2019-07-15 13:54:36,397 INFO  server.RaftServerConfigKeys (ConfUtils.java:logGet(43)) - raft.server.rpc.timeout.max = 5200ms (custom)
2019-07-15 13:54:36,397 INFO  server.RaftServerConfigKeys (ConfUtils.java:logGet(43)) - raft.server.rpcslowness.timeout = 120s (custom)
2019-07-15 13:54:36,397 INFO  server.RaftServerConfigKeys (ConfUtils.java:logGet(43)) - raft.server.sleep.deviation.threshold = 300 (default)
2019-07-15 13:54:36,397 INFO  impl.RaftServerImpl (RaftServerImpl.java:<init>(93)) - 0aab5e31-ebd2-4af7-90a5-47b60834ebd7: new RaftServerImpl for group-0EECF98D7D1B:[0aab5e31-ebd2-4af7-90a5-47b60834ebd7:192.168.157.240:36927, d2a65497-a6c0-4de2-9e4b-ff8c084f9f7d:192.168.157.240:43651, 886e9123-32ea-475d-8716-5d117160d71f:192.168.157.240:44485] with ContainerStateMachine:uninitialized
2019-07-15 13:54:36,397 INFO  server.RaftServerConfigKeys (ConfUtils.java:logGet(43)) - raft.server.log.appender.install.snapshot.enabled = false (custom)
2019-07-15 13:54:36,398 INFO  impl.RaftServerImpl (RaftServerImpl.java:<init>(93)) - d2a65497-a6c0-4de2-9e4b-ff8c084f9f7d: new RaftServerImpl for group-0EECF98D7D1B:[0aab5e31-ebd2-4af7-90a5-47b60834ebd7:192.168.157.240:36927, d2a65497-a6c0-4de2-9e4b-ff8c084f9f7d:192.168.157.240:43651, 886e9123-32ea-475d-8716-5d117160d71f:192.168.157.240:44485] with ContainerStateMachine:uninitialized
2019-07-15 13:54:36,398 INFO  server.RaftServerConfigKeys (ConfUtils.java:logGet(43)) - raft.server.rpc.timeout.min = 5s (custom)
2019-07-15 13:54:36,398 INFO  server.RaftServerConfigKeys (ConfUtils.java:logGet(43)) - raft.server.rpc.timeout.min = 5s (custom)
2019-07-15 13:54:36,398 INFO  impl.RaftServerImpl (ServerState.java:<init>(105)) - 886e9123-32ea-475d-8716-5d117160d71f:group-0EECF98D7D1B ConfigurationManager, init=-1: [0aab5e31-ebd2-4af7-90a5-47b60834ebd7:192.168.157.240:36927, d2a65497-a6c0-4de2-9e4b-ff8c084f9f7d:192.168.157.240:43651, 886e9123-32ea-475d-8716-5d117160d71f:192.168.157.240:44485], old=null, confs=<EMPTY_MAP>
2019-07-15 13:54:36,398 INFO  server.RaftServerConfigKeys (ConfUtils.java:logGet(43)) - raft.server.rpc.timeout.max = 5200ms (custom)
2019-07-15 13:54:36,398 INFO  server.RaftServerConfigKeys (ConfUtils.java:logGet(43)) - raft.server.rpcslowness.timeout = 120s (custom)
2019-07-15 13:54:36,398 INFO  server.RaftServerConfigKeys (ConfUtils.java:logGet(43)) - raft.server.rpc.timeout.max = 5200ms (custom)
2019-07-15 13:54:36,398 INFO  server.RaftServerConfigKeys (ConfUtils.java:logGet(43)) - raft.server.sleep.deviation.threshold = 300 (default)
2019-07-15 13:54:36,399 INFO  server.RaftServerConfigKeys (ConfUtils.java:logGet(43)) - raft.server.log.appender.install.snapshot.enabled = false (custom)
2019-07-15 13:54:36,398 INFO  server.RaftServerConfigKeys (ConfUtils.java:logGet(43)) - raft.server.storage.dir = [/workdir/hadoop-ozone/integration-test/target/test-dir/MiniOzoneClusterImpl-12632bd5-9a28-4465-ada6-db8877f3300b/datanode-2/data/ratis] (custom)
2019-07-15 13:54:36,399 INFO  impl.RaftServerImpl (ServerState.java:<init>(105)) - d2a65497-a6c0-4de2-9e4b-ff8c084f9f7d:group-0EECF98D7D1B ConfigurationManager, init=-1: [0aab5e31-ebd2-4af7-90a5-47b60834ebd7:192.168.157.240:36927, d2a65497-a6c0-4de2-9e4b-ff8c084f9f7d:192.168.157.240:43651, 886e9123-32ea-475d-8716-5d117160d71f:192.168.157.240:44485], old=null, confs=<EMPTY_MAP>
2019-07-15 13:54:36,398 INFO  server.RaftServerConfigKeys (ConfUtils.java:logGet(43)) - raft.server.rpcslowness.timeout = 120s (custom)
2019-07-15 13:54:36,399 INFO  storage.RaftStorageDirectory (RaftStorageDirectory.java:analyzeStorage(246)) - The storage directory /workdir/hadoop-ozone/integration-test/target/test-dir/MiniOzoneClusterImpl-12632bd5-9a28-4465-ada6-db8877f3300b/datanode-2/data/ratis/083c9e1a-0de4-4561-ad7a-0eecf98d7d1b does not exist. Creating ...
2019-07-15 13:54:36,399 INFO  server.RaftServerConfigKeys (ConfUtils.java:logGet(43)) - raft.server.storage.dir = [/workdir/hadoop-ozone/integration-test/target/test-dir/MiniOzoneClusterImpl-12632bd5-9a28-4465-ada6-db8877f3300b/datanode-1/data/ratis] (custom)
2019-07-15 13:54:36,399 INFO  server.RaftServerConfigKeys (ConfUtils.java:logGet(43)) - raft.server.sleep.deviation.threshold = 300 (default)
2019-07-15 13:54:36,399 INFO  server.RaftServerConfigKeys (ConfUtils.java:logGet(43)) - raft.server.log.appender.install.snapshot.enabled = false (custom)
2019-07-15 13:54:36,399 INFO  storage.RaftStorageDirectory (RaftStorageDirectory.java:analyzeStorage(246)) - The storage directory /workdir/hadoop-ozone/integration-test/target/test-dir/MiniOzoneClusterImpl-12632bd5-9a28-4465-ada6-db8877f3300b/datanode-1/data/ratis/083c9e1a-0de4-4561-ad7a-0eecf98d7d1b does not exist. Creating ...
2019-07-15 13:54:36,400 INFO  impl.RaftServerImpl (ServerState.java:<init>(105)) - 0aab5e31-ebd2-4af7-90a5-47b60834ebd7:group-0EECF98D7D1B ConfigurationManager, init=-1: [0aab5e31-ebd2-4af7-90a5-47b60834ebd7:192.168.157.240:36927, d2a65497-a6c0-4de2-9e4b-ff8c084f9f7d:192.168.157.240:43651, 886e9123-32ea-475d-8716-5d117160d71f:192.168.157.240:44485], old=null, confs=<EMPTY_MAP>
2019-07-15 13:54:36,400 INFO  server.RaftServerConfigKeys (ConfUtils.java:logGet(43)) - raft.server.storage.dir = [/workdir/hadoop-ozone/integration-test/target/test-dir/MiniOzoneClusterImpl-12632bd5-9a28-4465-ada6-db8877f3300b/datanode-0/data/ratis] (custom)
2019-07-15 13:54:36,400 INFO  storage.RaftStorageDirectory (RaftStorageDirectory.java:analyzeStorage(246)) - The storage directory /workdir/hadoop-ozone/integration-test/target/test-dir/MiniOzoneClusterImpl-12632bd5-9a28-4465-ada6-db8877f3300b/datanode-0/data/ratis/083c9e1a-0de4-4561-ad7a-0eecf98d7d1b does not exist. Creating ...
2019-07-15 13:54:36,413 INFO  storage.RaftStorageDirectory (RaftStorageDirectory.java:tryLock(328)) - Lock on /workdir/hadoop-ozone/integration-test/target/test-dir/MiniOzoneClusterImpl-12632bd5-9a28-4465-ada6-db8877f3300b/datanode-0/data/ratis/083c9e1a-0de4-4561-ad7a-0eecf98d7d1b/in_use.lock acquired by nodename 27196@trunk-nightly-hvlc9-701369690
2019-07-15 13:54:36,413 INFO  storage.RaftStorageDirectory (RaftStorageDirectory.java:tryLock(328)) - Lock on /workdir/hadoop-ozone/integration-test/target/test-dir/MiniOzoneClusterImpl-12632bd5-9a28-4465-ada6-db8877f3300b/datanode-2/data/ratis/083c9e1a-0de4-4561-ad7a-0eecf98d7d1b/in_use.lock acquired by nodename 27196@trunk-nightly-hvlc9-701369690
2019-07-15 13:54:36,413 INFO  storage.RaftStorageDirectory (RaftStorageDirectory.java:tryLock(328)) - Lock on /workdir/hadoop-ozone/integration-test/target/test-dir/MiniOzoneClusterImpl-12632bd5-9a28-4465-ada6-db8877f3300b/datanode-1/data/ratis/083c9e1a-0de4-4561-ad7a-0eecf98d7d1b/in_use.lock acquired by nodename 27196@trunk-nightly-hvlc9-701369690
2019-07-15 13:54:36,483 INFO  storage.RaftStorage (RaftStorage.java:format(72)) - Storage directory /workdir/hadoop-ozone/integration-test/target/test-dir/MiniOzoneClusterImpl-12632bd5-9a28-4465-ada6-db8877f3300b/datanode-1/data/ratis/083c9e1a-0de4-4561-ad7a-0eecf98d7d1b has been successfully formatted.
2019-07-15 13:54:36,483 INFO  storage.RaftStorage (RaftStorage.java:format(72)) - Storage directory /workdir/hadoop-ozone/integration-test/target/test-dir/MiniOzoneClusterImpl-12632bd5-9a28-4465-ada6-db8877f3300b/datanode-2/data/ratis/083c9e1a-0de4-4561-ad7a-0eecf98d7d1b has been successfully formatted.
2019-07-15 13:54:36,483 INFO  ratis.ContainerStateMachine (ContainerStateMachine.java:loadSnapshot(200)) - group-0EECF98D7D1B: The snapshot info is null. Setting the last applied indexto:(t:0, i:~)
2019-07-15 13:54:36,483 INFO  storage.RaftStorage (RaftStorage.java:format(72)) - Storage directory /workdir/hadoop-ozone/integration-test/target/test-dir/MiniOzoneClusterImpl-12632bd5-9a28-4465-ada6-db8877f3300b/datanode-0/data/ratis/083c9e1a-0de4-4561-ad7a-0eecf98d7d1b has been successfully formatted.
2019-07-15 13:54:36,484 INFO  server.RaftServerConfigKeys (ConfUtils.java:logGet(43)) - raft.server.leader.election.timeout = 120s (custom)
2019-07-15 13:54:36,484 INFO  ratis.ContainerStateMachine (ContainerStateMachine.java:loadSnapshot(200)) - group-0EECF98D7D1B: The snapshot info is null. Setting the last applied indexto:(t:0, i:~)
2019-07-15 13:54:36,484 INFO  ratis.ContainerStateMachine (ContainerStateMachine.java:loadSnapshot(200)) - group-0EECF98D7D1B: The snapshot info is null. Setting the last applied indexto:(t:0, i:~)
2019-07-15 13:54:36,484 INFO  server.RaftServerConfigKeys (ConfUtils.java:logGet(43)) - raft.server.log.use.memory = false (default)
2019-07-15 13:54:36,484 INFO  server.RaftServerConfigKeys (ConfUtils.java:logGet(43)) - raft.server.leader.election.timeout = 120s (custom)
2019-07-15 13:54:36,484 INFO  server.RaftServerConfigKeys (ConfUtils.java:logGet(43)) - raft.server.leader.election.timeout = 120s (custom)
2019-07-15 13:54:36,485 INFO  server.RaftServerConfigKeys (ConfUtils.java:logGet(43)) - raft.server.log.use.memory = false (default)
2019-07-15 13:54:36,484 INFO  server.RaftServerConfigKeys (ConfUtils.java:logGet(43)) - raft.server.log.purge.gap = 1000000000 (custom)
2019-07-15 13:54:36,485 INFO  server.RaftServerConfigKeys (ConfUtils.java:logGet(43)) - raft.server.log.purge.gap = 1000000000 (custom)
2019-07-15 13:54:36,485 INFO  server.RaftServerConfigKeys (ConfUtils.java:logGet(43)) - raft.server.log.use.memory = false (default)
2019-07-15 13:54:36,485 INFO  server.RaftServerConfigKeys (ConfUtils.java:logGet(43)) - raft.server.log.appender.buffer.byte-limit = 33554432 (custom)
2019-07-15 13:54:36,485 INFO  server.RaftServerConfigKeys (ConfUtils.java:logGet(43)) - raft.server.log.appender.buffer.byte-limit = 33554432 (custom)
2019-07-15 13:54:36,485 INFO  server.RaftServerConfigKeys (ConfUtils.java:logGet(43)) - raft.server.log.segment.size.max = 1048576 (custom)
2019-07-15 13:54:36,485 INFO  server.RaftServerConfigKeys (ConfUtils.java:logGet(43)) - raft.server.log.purge.gap = 1000000000 (custom)
2019-07-15 13:54:36,486 INFO  server.RaftServerConfigKeys (ConfUtils.java:logGet(43)) - raft.server.log.segment.cache.num.max = 2 (custom)
2019-07-15 13:54:36,486 INFO  server.RaftServerConfigKeys (ConfUtils.java:logGet(43)) - raft.server.log.segment.size.max = 1048576 (custom)
2019-07-15 13:54:36,486 INFO  segmented.SegmentedRaftLogWorker (SegmentedRaftLogWorker.java:<init>(172)) - new 0aab5e31-ebd2-4af7-90a5-47b60834ebd7-SegmentedRaftLogWorker:Storage Directory /workdir/hadoop-ozone/integration-test/target/test-dir/MiniOzoneClusterImpl-12632bd5-9a28-4465-ada6-db8877f3300b/datanode-0/data/ratis/083c9e1a-0de4-4561-ad7a-0eecf98d7d1b for RaftStorage:Storage Directory /workdir/hadoop-ozone/integration-test/target/test-dir/MiniOzoneClusterImpl-12632bd5-9a28-4465-ada6-db8877f3300b/datanode-0/data/ratis/083c9e1a-0de4-4561-ad7a-0eecf98d7d1b
2019-07-15 13:54:36,486 INFO  server.RaftServerConfigKeys (ConfUtils.java:logGet(43)) - raft.server.log.appender.buffer.byte-limit = 33554432 (custom)
2019-07-15 13:54:36,486 INFO  server.RaftServerConfigKeys (ConfUtils.java:logGet(43)) - raft.server.log.queue.byte-limit = 2147483647 (custom)
2019-07-15 13:54:36,487 INFO  server.RaftServerConfigKeys (ConfUtils.java:logGet(43)) - raft.server.log.queue.element-limit = 1024 (custom)
2019-07-15 13:54:36,486 INFO  server.RaftServerConfigKeys (ConfUtils.java:logGet(43)) - raft.server.log.segment.cache.num.max = 2 (custom)
2019-07-15 13:54:36,487 INFO  server.RaftServerConfigKeys (ConfUtils.java:logGet(43)) - raft.server.log.segment.size.max = 1048576 (custom)
2019-07-15 13:54:36,487 INFO  server.RaftServerConfigKeys (ConfUtils.java:logGet(43)) - raft.server.log.preallocated.size = 16384 (custom)
2019-07-15 13:54:36,487 INFO  server.RaftServerConfigKeys (ConfUtils.java:logGet(43)) - raft.server.log.segment.size.max = 1048576 (custom)
2019-07-15 13:54:36,487 INFO  server.RaftServerConfigKeys (ConfUtils.java:logGet(43)) - raft.server.log.write.buffer.size = 33554432 (custom)
2019-07-15 13:54:36,487 INFO  segmented.SegmentedRaftLogWorker (SegmentedRaftLogWorker.java:<init>(172)) - new d2a65497-a6c0-4de2-9e4b-ff8c084f9f7d-SegmentedRaftLogWorker:Storage Directory /workdir/hadoop-ozone/integration-test/target/test-dir/MiniOzoneClusterImpl-12632bd5-9a28-4465-ada6-db8877f3300b/datanode-1/data/ratis/083c9e1a-0de4-4561-ad7a-0eecf98d7d1b for RaftStorage:Storage Directory /workdir/hadoop-ozone/integration-test/target/test-dir/MiniOzoneClusterImpl-12632bd5-9a28-4465-ada6-db8877f3300b/datanode-1/data/ratis/083c9e1a-0de4-4561-ad7a-0eecf98d7d1b
2019-07-15 13:54:36,488 INFO  server.RaftServerConfigKeys (ConfUtils.java:logGet(43)) - raft.server.log.force.sync.num = 128 (default)
2019-07-15 13:54:36,488 INFO  server.RaftServerConfigKeys (ConfUtils.java:logGet(43)) - raft.server.log.segment.cache.num.max = 2 (custom)
2019-07-15 13:54:36,488 INFO  server.RaftServerConfigKeys (ConfUtils.java:logGet(43)) - raft.server.log.statemachine.data.sync = true (default)
2019-07-15 13:54:36,488 INFO  server.RaftServerConfigKeys (ConfUtils.java:logGet(43)) - raft.server.log.queue.byte-limit = 2147483647 (custom)
2019-07-15 13:54:36,488 INFO  server.RaftServerConfigKeys (ConfUtils.java:logGet(43)) - raft.server.log.statemachine.data.sync.timeout = 10s (default)
2019-07-15 13:54:36,489 INFO  server.RaftServerConfigKeys (ConfUtils.java:logGet(43)) - raft.server.log.statemachine.data.sync.timeout.retry = -1 (default)
2019-07-15 13:54:36,488 INFO  segmented.SegmentedRaftLogWorker (SegmentedRaftLogWorker.java:<init>(172)) - new 886e9123-32ea-475d-8716-5d117160d71f-SegmentedRaftLogWorker:Storage Directory /workdir/hadoop-ozone/integration-test/target/test-dir/MiniOzoneClusterImpl-12632bd5-9a28-4465-ada6-db8877f3300b/datanode-2/data/ratis/083c9e1a-0de4-4561-ad7a-0eecf98d7d1b for RaftStorage:Storage Directory /workdir/hadoop-ozone/integration-test/target/test-dir/MiniOzoneClusterImpl-12632bd5-9a28-4465-ada6-db8877f3300b/datanode-2/data/ratis/083c9e1a-0de4-4561-ad7a-0eecf98d7d1b
2019-07-15 13:54:36,489 INFO  server.RaftServerConfigKeys (ConfUtils.java:logGet(43)) - raft.server.log.statemachine.data.caching.enabled = true (custom)
2019-07-15 13:54:36,489 INFO  server.RaftServerConfigKeys (ConfUtils.java:logGet(43)) - raft.server.log.queue.element-limit = 1024 (custom)
2019-07-15 13:54:36,489 INFO  server.RaftServerConfigKeys (ConfUtils.java:logGet(43)) - raft.server.log.queue.byte-limit = 2147483647 (custom)
2019-07-15 13:54:36,489 INFO  segmented.SegmentedRaftLogWorker (SegmentedRaftLogWorker.java:lambda$new$0(132)) - 0aab5e31-ebd2-4af7-90a5-47b60834ebd7-SegmentedRaftLogWorker:Storage Directory /workdir/hadoop-ozone/integration-test/target/test-dir/MiniOzoneClusterImpl-12632bd5-9a28-4465-ada6-db8877f3300b/datanode-0/data/ratis/083c9e1a-0de4-4561-ad7a-0eecf98d7d1b: flushIndex: setUnconditionally 0 -> -1
2019-07-15 13:54:36,489 INFO  server.RaftServerConfigKeys (ConfUtils.java:logGet(43)) - raft.server.log.segment.size.max = 1048576 (custom)
2019-07-15 13:54:36,490 INFO  server.RaftServerConfigKeys (ConfUtils.java:logGet(43)) - raft.server.log.queue.element-limit = 1024 (custom)
2019-07-15 13:54:36,490 INFO  server.RaftServerConfigKeys (ConfUtils.java:logGet(43)) - raft.server.snapshot.auto.trigger.enabled = true (custom)
2019-07-15 13:54:36,490 INFO  server.RaftServerConfigKeys (ConfUtils.java:logGet(43)) - raft.server.log.preallocated.size = 16384 (custom)
2019-07-15 13:54:36,490 INFO  server.RaftServerConfigKeys (ConfUtils.java:logGet(43)) - raft.server.snapshot.auto.trigger.threshold = 10000 (custom)
2019-07-15 13:54:36,490 INFO  server.RaftServerConfigKeys (ConfUtils.java:logGet(43)) - raft.server.log.segment.size.max = 1048576 (custom)
2019-07-15 13:54:36,491 INFO  server.RaftServerConfigKeys (ConfUtils.java:logGet(43)) - raft.server.retrycache.expirytime = 600000ms (custom)
2019-07-15 13:54:36,490 INFO  server.RaftServerConfigKeys (ConfUtils.java:logGet(43)) - raft.server.log.write.buffer.size = 33554432 (custom)
2019-07-15 13:54:36,491 INFO  impl.RaftServerImpl (RaftServerImpl.java:start(180)) - 0aab5e31-ebd2-4af7-90a5-47b60834ebd7: start group-0EECF98D7D1B
2019-07-15 13:54:36,491 INFO  server.RaftServerConfigKeys (ConfUtils.java:logGet(43)) - raft.server.log.preallocated.size = 16384 (custom)
2019-07-15 13:54:36,491 INFO  impl.RaftServerImpl (RaftServerImpl.java:setRole(171)) - 0aab5e31-ebd2-4af7-90a5-47b60834ebd7:group-0EECF98D7D1B changes role from null to FOLLOWER at term 0 for startAsFollower
2019-07-15 13:54:36,491 INFO  server.RaftServerConfigKeys (ConfUtils.java:logGet(43)) - raft.server.log.force.sync.num = 128 (default)
2019-07-15 13:54:36,491 INFO  impl.RoleInfo (RoleInfo.java:updateAndGet(143)) - 0aab5e31-ebd2-4af7-90a5-47b60834ebd7: start FollowerState
2019-07-15 13:54:36,491 INFO  server.RaftServerConfigKeys (ConfUtils.java:logGet(43)) - raft.server.log.write.buffer.size = 33554432 (custom)
2019-07-15 13:54:36,492 INFO  server.RaftServerConfigKeys (ConfUtils.java:logGet(43)) - raft.server.log.force.sync.num = 128 (default)
2019-07-15 13:54:36,492 INFO  util.JmxRegister (JmxRegister.java:tryRegister(44)) - Successfully registered JMX Bean with object name Ratis:service=RaftServer,group=group-0EECF98D7D1B,id=0aab5e31-ebd2-4af7-90a5-47b60834ebd7
2019-07-15 13:54:36,492 INFO  server.RaftServerConfigKeys (ConfUtils.java:logGet(43)) - raft.server.log.statemachine.data.sync = true (default)
2019-07-15 13:54:36,492 INFO  server.RaftServerConfigKeys (ConfUtils.java:logGet(43)) - raft.server.log.statemachine.data.sync = true (default)
2019-07-15 13:54:36,492 INFO  server.RaftServerConfigKeys (ConfUtils.java:logGet(43)) - raft.server.log.statemachine.data.sync.timeout = 10s (default)
2019-07-15 13:54:36,493 INFO  server.RaftServerConfigKeys (ConfUtils.java:logGet(43)) - raft.server.log.statemachine.data.sync.timeout = 10s (default)
2019-07-15 13:54:36,493 INFO  server.RaftServerConfigKeys (ConfUtils.java:logGet(43)) - raft.server.log.statemachine.data.sync.timeout.retry = -1 (default)
2019-07-15 13:54:36,493 INFO  server.RaftServerConfigKeys (ConfUtils.java:logGet(43)) - raft.server.log.statemachine.data.sync.timeout.retry = -1 (default)
2019-07-15 13:54:36,493 INFO  server.RaftServerConfigKeys (ConfUtils.java:logGet(43)) - raft.server.log.statemachine.data.caching.enabled = true (custom)
2019-07-15 13:54:36,493 INFO  server.RaftServerConfigKeys (ConfUtils.java:logGet(43)) - raft.server.log.statemachine.data.caching.enabled = true (custom)
2019-07-15 13:54:36,494 INFO  segmented.SegmentedRaftLogWorker (SegmentedRaftLogWorker.java:lambda$new$0(132)) - d2a65497-a6c0-4de2-9e4b-ff8c084f9f7d-SegmentedRaftLogWorker:Storage Directory /workdir/hadoop-ozone/integration-test/target/test-dir/MiniOzoneClusterImpl-12632bd5-9a28-4465-ada6-db8877f3300b/datanode-1/data/ratis/083c9e1a-0de4-4561-ad7a-0eecf98d7d1b: flushIndex: setUnconditionally 0 -> -1
2019-07-15 13:54:36,494 INFO  segmented.SegmentedRaftLogWorker (SegmentedRaftLogWorker.java:lambda$new$0(132)) - 886e9123-32ea-475d-8716-5d117160d71f-SegmentedRaftLogWorker:Storage Directory /workdir/hadoop-ozone/integration-test/target/test-dir/MiniOzoneClusterImpl-12632bd5-9a28-4465-ada6-db8877f3300b/datanode-2/data/ratis/083c9e1a-0de4-4561-ad7a-0eecf98d7d1b: flushIndex: setUnconditionally 0 -> -1
2019-07-15 13:54:36,494 INFO  server.RaftServerConfigKeys (ConfUtils.java:logGet(43)) - raft.server.snapshot.auto.trigger.enabled = true (custom)
2019-07-15 13:54:36,494 INFO  server.RaftServerConfigKeys (ConfUtils.java:logGet(43)) - raft.server.snapshot.auto.trigger.enabled = true (custom)
2019-07-15 13:54:36,494 INFO  server.RaftServerConfigKeys (ConfUtils.java:logGet(43)) - raft.server.snapshot.auto.trigger.threshold = 10000 (custom)
2019-07-15 13:54:36,494 INFO  server.RaftServerConfigKeys (ConfUtils.java:logGet(43)) - raft.server.snapshot.auto.trigger.threshold = 10000 (custom)
2019-07-15 13:54:36,495 INFO  server.RaftServerConfigKeys (ConfUtils.java:logGet(43)) - raft.server.retrycache.expirytime = 600000ms (custom)
2019-07-15 13:54:36,495 INFO  server.RaftServerConfigKeys (ConfUtils.java:logGet(43)) - raft.server.retrycache.expirytime = 600000ms (custom)
2019-07-15 13:54:36,495 INFO  impl.RaftServerImpl (RaftServerImpl.java:start(180)) - d2a65497-a6c0-4de2-9e4b-ff8c084f9f7d: start group-0EECF98D7D1B
2019-07-15 13:54:36,495 INFO  impl.RaftServerImpl (RaftServerImpl.java:start(180)) - 886e9123-32ea-475d-8716-5d117160d71f: start group-0EECF98D7D1B
2019-07-15 13:54:36,495 INFO  impl.RaftServerImpl (RaftServerImpl.java:setRole(171)) - d2a65497-a6c0-4de2-9e4b-ff8c084f9f7d:group-0EECF98D7D1B changes role from null to FOLLOWER at term 0 for startAsFollower
2019-07-15 13:54:36,495 INFO  impl.RaftServerImpl (RaftServerImpl.java:setRole(171)) - 886e9123-32ea-475d-8716-5d117160d71f:group-0EECF98D7D1B changes role from null to FOLLOWER at term 0 for startAsFollower
2019-07-15 13:54:36,495 INFO  impl.RoleInfo (RoleInfo.java:updateAndGet(143)) - d2a65497-a6c0-4de2-9e4b-ff8c084f9f7d: start FollowerState
2019-07-15 13:54:36,495 INFO  impl.RoleInfo (RoleInfo.java:updateAndGet(143)) - 886e9123-32ea-475d-8716-5d117160d71f: start FollowerState
2019-07-15 13:54:36,496 INFO  util.JmxRegister (JmxRegister.java:tryRegister(44)) - Successfully registered JMX Bean with object name Ratis:service=RaftServer,group=group-0EECF98D7D1B,id=d2a65497-a6c0-4de2-9e4b-ff8c084f9f7d
2019-07-15 13:54:36,496 INFO  util.JmxRegister (JmxRegister.java:tryRegister(44)) - Successfully registered JMX Bean with object name Ratis:service=RaftServer,group=group-0EECF98D7D1B,id=886e9123-32ea-475d-8716-5d117160d71f
2019-07-15 13:54:36,498 INFO  pipeline.PipelineStateManager (PipelineStateManager.java:addPipeline(56)) - Created pipeline Pipeline[ Id: 083c9e1a-0de4-4561-ad7a-0eecf98d7d1b, Nodes: 886e9123-32ea-475d-8716-5d117160d71f{ip: 192.168.157.240, host: trunk-nightly-hvlc9-701369690, networkLocation: /default-rack, certSerialId: null}d2a65497-a6c0-4de2-9e4b-ff8c084f9f7d{ip: 192.168.157.240, host: trunk-nightly-hvlc9-701369690, networkLocation: /default-rack, certSerialId: null}0aab5e31-ebd2-4af7-90a5-47b60834ebd7{ip: 192.168.157.240, host: trunk-nightly-hvlc9-701369690, networkLocation: /default-rack, certSerialId: null}, Type:RATIS, Factor:THREE, State:OPEN]
2019-07-15 13:54:36,501 INFO  node.SCMNodeManager (SCMNodeManager.java:register(269)) - Registered Data node : df667d47-7d3a-4c8d-aeb4-7fe15e6e70ad{ip: 192.168.157.240, host: trunk-nightly-hvlc9-701369690, networkLocation: /default-rack, certSerialId: null}
2019-07-15 13:54:36,509 INFO  impl.RaftServerProxy (RaftServerProxy.java:addNew(89)) - df667d47-7d3a-4c8d-aeb4-7fe15e6e70ad: addNew group-A1E65286F0DB:[df667d47-7d3a-4c8d-aeb4-7fe15e6e70ad:192.168.157.240:42151] returns group-A1E65286F0DB:java.util.concurrent.CompletableFuture@2928168a[Not completed]
2019-07-15 13:54:36,510 INFO  impl.RaftServerImpl (RaftServerImpl.java:<init>(93)) - df667d47-7d3a-4c8d-aeb4-7fe15e6e70ad: new RaftServerImpl for group-A1E65286F0DB:[df667d47-7d3a-4c8d-aeb4-7fe15e6e70ad:192.168.157.240:42151] with ContainerStateMachine:uninitialized
2019-07-15 13:54:36,510 INFO  server.RaftServerConfigKeys (ConfUtils.java:logGet(43)) - raft.server.rpc.timeout.min = 5s (custom)
2019-07-15 13:54:36,510 INFO  server.RaftServerConfigKeys (ConfUtils.java:logGet(43)) - raft.server.rpc.timeout.max = 5200ms (custom)
2019-07-15 13:54:36,510 INFO  server.RaftServerConfigKeys (ConfUtils.java:logGet(43)) - raft.server.rpcslowness.timeout = 120s (custom)
2019-07-15 13:54:36,510 INFO  server.RaftServerConfigKeys (ConfUtils.java:logGet(43)) - raft.server.sleep.deviation.threshold = 300 (default)
2019-07-15 13:54:36,510 INFO  server.RaftServerConfigKeys (ConfUtils.java:logGet(43)) - raft.server.log.appender.install.snapshot.enabled = false (custom)
2019-07-15 13:54:36,511 INFO  impl.RaftServerImpl (ServerState.java:<init>(105)) - df667d47-7d3a-4c8d-aeb4-7fe15e6e70ad:group-A1E65286F0DB ConfigurationManager, init=-1: [df667d47-7d3a-4c8d-aeb4-7fe15e6e70ad:192.168.157.240:42151], old=null, confs=<EMPTY_MAP>
2019-07-15 13:54:36,511 INFO  server.RaftServerConfigKeys (ConfUtils.java:logGet(43)) - raft.server.storage.dir = [/workdir/hadoop-ozone/integration-test/target/test-dir/MiniOzoneClusterImpl-12632bd5-9a28-4465-ada6-db8877f3300b/datanode-3/data/ratis] (custom)
2019-07-15 13:54:36,511 INFO  storage.RaftStorageDirectory (RaftStorageDirectory.java:analyzeStorage(246)) - The storage directory /workdir/hadoop-ozone/integration-test/target/test-dir/MiniOzoneClusterImpl-12632bd5-9a28-4465-ada6-db8877f3300b/datanode-3/data/ratis/7aa7ab7d-0853-439f-b3ef-a1e65286f0db does not exist. Creating ...
2019-07-15 13:54:36,533 INFO  storage.RaftStorageDirectory (RaftStorageDirectory.java:tryLock(328)) - Lock on /workdir/hadoop-ozone/integration-test/target/test-dir/MiniOzoneClusterImpl-12632bd5-9a28-4465-ada6-db8877f3300b/datanode-3/data/ratis/7aa7ab7d-0853-439f-b3ef-a1e65286f0db/in_use.lock acquired by nodename 27196@trunk-nightly-hvlc9-701369690
2019-07-15 13:54:36,547 INFO  storage.RaftStorage (RaftStorage.java:format(72)) - Storage directory /workdir/hadoop-ozone/integration-test/target/test-dir/MiniOzoneClusterImpl-12632bd5-9a28-4465-ada6-db8877f3300b/datanode-3/data/ratis/7aa7ab7d-0853-439f-b3ef-a1e65286f0db has been successfully formatted.
2019-07-15 13:54:36,547 INFO  ratis.ContainerStateMachine (ContainerStateMachine.java:loadSnapshot(200)) - group-A1E65286F0DB: The snapshot info is null. Setting the last applied indexto:(t:0, i:~)
2019-07-15 13:54:36,547 INFO  server.RaftServerConfigKeys (ConfUtils.java:logGet(43)) - raft.server.leader.election.timeout = 120s (custom)
2019-07-15 13:54:36,547 INFO  server.RaftServerConfigKeys (ConfUtils.java:logGet(43)) - raft.server.log.use.memory = false (default)
2019-07-15 13:54:36,547 INFO  server.RaftServerConfigKeys (ConfUtils.java:logGet(43)) - raft.server.log.purge.gap = 1000000000 (custom)
2019-07-15 13:54:36,547 INFO  server.RaftServerConfigKeys (ConfUtils.java:logGet(43)) - raft.server.log.appender.buffer.byte-limit = 33554432 (custom)
2019-07-15 13:54:36,548 INFO  server.RaftServerConfigKeys (ConfUtils.java:logGet(43)) - raft.server.log.segment.size.max = 1048576 (custom)
2019-07-15 13:54:36,548 INFO  server.RaftServerConfigKeys (ConfUtils.java:logGet(43)) - raft.server.log.segment.cache.num.max = 2 (custom)
2019-07-15 13:54:36,548 INFO  segmented.SegmentedRaftLogWorker (SegmentedRaftLogWorker.java:<init>(172)) - new df667d47-7d3a-4c8d-aeb4-7fe15e6e70ad-SegmentedRaftLogWorker:Storage Directory /workdir/hadoop-ozone/integration-test/target/test-dir/MiniOzoneClusterImpl-12632bd5-9a28-4465-ada6-db8877f3300b/datanode-3/data/ratis/7aa7ab7d-0853-439f-b3ef-a1e65286f0db for RaftStorage:Storage Directory /workdir/hadoop-ozone/integration-test/target/test-dir/MiniOzoneClusterImpl-12632bd5-9a28-4465-ada6-db8877f3300b/datanode-3/data/ratis/7aa7ab7d-0853-439f-b3ef-a1e65286f0db
2019-07-15 13:54:36,548 INFO  server.RaftServerConfigKeys (ConfUtils.java:logGet(43)) - raft.server.log.queue.byte-limit = 2147483647 (custom)
2019-07-15 13:54:36,548 INFO  server.RaftServerConfigKeys (ConfUtils.java:logGet(43)) - raft.server.log.queue.element-limit = 1024 (custom)
2019-07-15 13:54:36,548 INFO  server.RaftServerConfigKeys (ConfUtils.java:logGet(43)) - raft.server.log.segment.size.max = 1048576 (custom)
2019-07-15 13:54:36,548 INFO  server.RaftServerConfigKeys (ConfUtils.java:logGet(43)) - raft.server.log.preallocated.size = 16384 (custom)
2019-07-15 13:54:36,548 INFO  server.RaftServerConfigKeys (ConfUtils.java:logGet(43)) - raft.server.log.write.buffer.size = 33554432 (custom)
2019-07-15 13:54:36,549 INFO  server.RaftServerConfigKeys (ConfUtils.java:logGet(43)) - raft.server.log.force.sync.num = 128 (default)
2019-07-15 13:54:36,549 INFO  server.RaftServerConfigKeys (ConfUtils.java:logGet(43)) - raft.server.log.statemachine.data.sync = true (default)
2019-07-15 13:54:36,549 INFO  server.RaftServerConfigKeys (ConfUtils.java:logGet(43)) - raft.server.log.statemachine.data.sync.timeout = 10s (default)
2019-07-15 13:54:36,549 INFO  server.RaftServerConfigKeys (ConfUtils.java:logGet(43)) - raft.server.log.statemachine.data.sync.timeout.retry = -1 (default)
2019-07-15 13:54:36,549 INFO  server.RaftServerConfigKeys (ConfUtils.java:logGet(43)) - raft.server.log.statemachine.data.caching.enabled = true (custom)
2019-07-15 13:54:36,549 INFO  segmented.SegmentedRaftLogWorker (SegmentedRaftLogWorker.java:lambda$new$0(132)) - df667d47-7d3a-4c8d-aeb4-7fe15e6e70ad-SegmentedRaftLogWorker:Storage Directory /workdir/hadoop-ozone/integration-test/target/test-dir/MiniOzoneClusterImpl-12632bd5-9a28-4465-ada6-db8877f3300b/datanode-3/data/ratis/7aa7ab7d-0853-439f-b3ef-a1e65286f0db: flushIndex: setUnconditionally 0 -> -1
2019-07-15 13:54:36,550 INFO  server.RaftServerConfigKeys (ConfUtils.java:logGet(43)) - raft.server.snapshot.auto.trigger.enabled = true (custom)
2019-07-15 13:54:36,550 INFO  server.RaftServerConfigKeys (ConfUtils.java:logGet(43)) - raft.server.snapshot.auto.trigger.threshold = 10000 (custom)
2019-07-15 13:54:36,550 INFO  server.RaftServerConfigKeys (ConfUtils.java:logGet(43)) - raft.server.retrycache.expirytime = 600000ms (custom)
2019-07-15 13:54:36,550 INFO  impl.RaftServerImpl (RaftServerImpl.java:start(180)) - df667d47-7d3a-4c8d-aeb4-7fe15e6e70ad: start group-A1E65286F0DB
2019-07-15 13:54:36,550 INFO  impl.RaftServerImpl (RaftServerImpl.java:setRole(171)) - df667d47-7d3a-4c8d-aeb4-7fe15e6e70ad:group-A1E65286F0DB changes role from null to FOLLOWER at term 0 for startAsFollower
2019-07-15 13:54:36,550 INFO  impl.RoleInfo (RoleInfo.java:updateAndGet(143)) - df667d47-7d3a-4c8d-aeb4-7fe15e6e70ad: start FollowerState
2019-07-15 13:54:36,563 INFO  util.JmxRegister (JmxRegister.java:tryRegister(44)) - Successfully registered JMX Bean with object name Ratis:service=RaftServer,group=group-A1E65286F0DB,id=df667d47-7d3a-4c8d-aeb4-7fe15e6e70ad
2019-07-15 13:54:36,574 INFO  pipeline.PipelineStateManager (PipelineStateManager.java:addPipeline(56)) - Created pipeline Pipeline[ Id: 7aa7ab7d-0853-439f-b3ef-a1e65286f0db, Nodes: df667d47-7d3a-4c8d-aeb4-7fe15e6e70ad{ip: 192.168.157.240, host: trunk-nightly-hvlc9-701369690, networkLocation: /default-rack, certSerialId: null}, Type:RATIS, Factor:ONE, State:OPEN]
2019-07-15 13:54:36,692 INFO  node.SCMNodeManager (SCMNodeManager.java:register(269)) - Registered Data node : ead128cc-eda5-45ce-b911-161512460ae0{ip: 192.168.157.240, host: trunk-nightly-hvlc9-701369690, networkLocation: /default-rack, certSerialId: null}
2019-07-15 13:54:36,700 INFO  impl.RaftServerProxy (RaftServerProxy.java:addNew(89)) - ead128cc-eda5-45ce-b911-161512460ae0: addNew group-F888511C6EE8:[ead128cc-eda5-45ce-b911-161512460ae0:192.168.157.240:40516] returns group-F888511C6EE8:java.util.concurrent.CompletableFuture@9b78ee1[Not completed]
2019-07-15 13:54:36,701 INFO  impl.RaftServerImpl (RaftServerImpl.java:<init>(93)) - ead128cc-eda5-45ce-b911-161512460ae0: new RaftServerImpl for group-F888511C6EE8:[ead128cc-eda5-45ce-b911-161512460ae0:192.168.157.240:40516] with ContainerStateMachine:uninitialized
2019-07-15 13:54:36,702 INFO  server.RaftServerConfigKeys (ConfUtils.java:logGet(43)) - raft.server.rpc.timeout.min = 5s (custom)
2019-07-15 13:54:36,702 INFO  server.RaftServerConfigKeys (ConfUtils.java:logGet(43)) - raft.server.rpc.timeout.max = 5200ms (custom)
2019-07-15 13:54:36,702 INFO  server.RaftServerConfigKeys (ConfUtils.java:logGet(43)) - raft.server.rpcslowness.timeout = 120s (custom)
2019-07-15 13:54:36,702 INFO  server.RaftServerConfigKeys (ConfUtils.java:logGet(43)) - raft.server.sleep.deviation.threshold = 300 (default)
2019-07-15 13:54:36,702 INFO  server.RaftServerConfigKeys (ConfUtils.java:logGet(43)) - raft.server.log.appender.install.snapshot.enabled = false (custom)
2019-07-15 13:54:36,702 INFO  impl.RaftServerImpl (ServerState.java:<init>(105)) - ead128cc-eda5-45ce-b911-161512460ae0:group-F888511C6EE8 ConfigurationManager, init=-1: [ead128cc-eda5-45ce-b911-161512460ae0:192.168.157.240:40516], old=null, confs=<EMPTY_MAP>
2019-07-15 13:54:36,702 INFO  server.RaftServerConfigKeys (ConfUtils.java:logGet(43)) - raft.server.storage.dir = [/workdir/hadoop-ozone/integration-test/target/test-dir/MiniOzoneClusterImpl-12632bd5-9a28-4465-ada6-db8877f3300b/datanode-4/data/ratis] (custom)
2019-07-15 13:54:36,703 INFO  storage.RaftStorageDirectory (RaftStorageDirectory.java:analyzeStorage(246)) - The storage directory /workdir/hadoop-ozone/integration-test/target/test-dir/MiniOzoneClusterImpl-12632bd5-9a28-4465-ada6-db8877f3300b/datanode-4/data/ratis/e71df2c1-159c-4c2f-85f5-f888511c6ee8 does not exist. Creating ...
2019-07-15 13:54:36,716 INFO  storage.RaftStorageDirectory (RaftStorageDirectory.java:tryLock(328)) - Lock on /workdir/hadoop-ozone/integration-test/target/test-dir/MiniOzoneClusterImpl-12632bd5-9a28-4465-ada6-db8877f3300b/datanode-4/data/ratis/e71df2c1-159c-4c2f-85f5-f888511c6ee8/in_use.lock acquired by nodename 27196@trunk-nightly-hvlc9-701369690
2019-07-15 13:54:36,730 INFO  storage.RaftStorage (RaftStorage.java:format(72)) - Storage directory /workdir/hadoop-ozone/integration-test/target/test-dir/MiniOzoneClusterImpl-12632bd5-9a28-4465-ada6-db8877f3300b/datanode-4/data/ratis/e71df2c1-159c-4c2f-85f5-f888511c6ee8 has been successfully formatted.
2019-07-15 13:54:36,731 INFO  ratis.ContainerStateMachine (ContainerStateMachine.java:loadSnapshot(200)) - group-F888511C6EE8: The snapshot info is null. Setting the last applied indexto:(t:0, i:~)
2019-07-15 13:54:36,731 INFO  server.RaftServerConfigKeys (ConfUtils.java:logGet(43)) - raft.server.leader.election.timeout = 120s (custom)
2019-07-15 13:54:36,731 INFO  server.RaftServerConfigKeys (ConfUtils.java:logGet(43)) - raft.server.log.use.memory = false (default)
2019-07-15 13:54:36,731 INFO  server.RaftServerConfigKeys (ConfUtils.java:logGet(43)) - raft.server.log.purge.gap = 1000000000 (custom)
2019-07-15 13:54:36,731 INFO  server.RaftServerConfigKeys (ConfUtils.java:logGet(43)) - raft.server.log.appender.buffer.byte-limit = 33554432 (custom)
2019-07-15 13:54:36,732 INFO  server.RaftServerConfigKeys (ConfUtils.java:logGet(43)) - raft.server.log.segment.size.max = 1048576 (custom)
2019-07-15 13:54:36,732 INFO  server.RaftServerConfigKeys (ConfUtils.java:logGet(43)) - raft.server.log.segment.cache.num.max = 2 (custom)
2019-07-15 13:54:36,732 INFO  segmented.SegmentedRaftLogWorker (SegmentedRaftLogWorker.java:<init>(172)) - new ead128cc-eda5-45ce-b911-161512460ae0-SegmentedRaftLogWorker:Storage Directory /workdir/hadoop-ozone/integration-test/target/test-dir/MiniOzoneClusterImpl-12632bd5-9a28-4465-ada6-db8877f3300b/datanode-4/data/ratis/e71df2c1-159c-4c2f-85f5-f888511c6ee8 for RaftStorage:Storage Directory /workdir/hadoop-ozone/integration-test/target/test-dir/MiniOzoneClusterImpl-12632bd5-9a28-4465-ada6-db8877f3300b/datanode-4/data/ratis/e71df2c1-159c-4c2f-85f5-f888511c6ee8
2019-07-15 13:54:36,732 INFO  server.RaftServerConfigKeys (ConfUtils.java:logGet(43)) - raft.server.log.queue.byte-limit = 2147483647 (custom)
2019-07-15 13:54:36,732 INFO  server.RaftServerConfigKeys (ConfUtils.java:logGet(43)) - raft.server.log.queue.element-limit = 1024 (custom)
2019-07-15 13:54:36,733 INFO  server.RaftServerConfigKeys (ConfUtils.java:logGet(43)) - raft.server.log.segment.size.max = 1048576 (custom)
2019-07-15 13:54:36,733 INFO  server.RaftServerConfigKeys (ConfUtils.java:logGet(43)) - raft.server.log.preallocated.size = 16384 (custom)
2019-07-15 13:54:36,733 INFO  server.RaftServerConfigKeys (ConfUtils.java:logGet(43)) - raft.server.log.write.buffer.size = 33554432 (custom)
2019-07-15 13:54:36,733 INFO  server.RaftServerConfigKeys (ConfUtils.java:logGet(43)) - raft.server.log.force.sync.num = 128 (default)
2019-07-15 13:54:36,733 INFO  server.RaftServerConfigKeys (ConfUtils.java:logGet(43)) - raft.server.log.statemachine.data.sync = true (default)
2019-07-15 13:54:36,733 INFO  server.RaftServerConfigKeys (ConfUtils.java:logGet(43)) - raft.server.log.statemachine.data.sync.timeout = 10s (default)
2019-07-15 13:54:36,734 INFO  server.RaftServerConfigKeys (ConfUtils.java:logGet(43)) - raft.server.log.statemachine.data.sync.timeout.retry = -1 (default)
2019-07-15 13:54:36,734 INFO  server.RaftServerConfigKeys (ConfUtils.java:logGet(43)) - raft.server.log.statemachine.data.caching.enabled = true (custom)
2019-07-15 13:54:36,734 INFO  segmented.SegmentedRaftLogWorker (SegmentedRaftLogWorker.java:lambda$new$0(132)) - ead128cc-eda5-45ce-b911-161512460ae0-SegmentedRaftLogWorker:Storage Directory /workdir/hadoop-ozone/integration-test/target/test-dir/MiniOzoneClusterImpl-12632bd5-9a28-4465-ada6-db8877f3300b/datanode-4/data/ratis/e71df2c1-159c-4c2f-85f5-f888511c6ee8: flushIndex: setUnconditionally 0 -> -1
2019-07-15 13:54:36,735 INFO  server.RaftServerConfigKeys (ConfUtils.java:logGet(43)) - raft.server.snapshot.auto.trigger.enabled = true (custom)
2019-07-15 13:54:36,735 INFO  server.RaftServerConfigKeys (ConfUtils.java:logGet(43)) - raft.server.snapshot.auto.trigger.threshold = 10000 (custom)
2019-07-15 13:54:36,735 INFO  server.RaftServerConfigKeys (ConfUtils.java:logGet(43)) - raft.server.retrycache.expirytime = 600000ms (custom)
2019-07-15 13:54:36,735 INFO  impl.RaftServerImpl (RaftServerImpl.java:start(180)) - ead128cc-eda5-45ce-b911-161512460ae0: start group-F888511C6EE8
2019-07-15 13:54:36,735 INFO  impl.RaftServerImpl (RaftServerImpl.java:setRole(171)) - ead128cc-eda5-45ce-b911-161512460ae0:group-F888511C6EE8 changes role from null to FOLLOWER at term 0 for startAsFollower
2019-07-15 13:54:36,735 INFO  impl.RoleInfo (RoleInfo.java:updateAndGet(143)) - ead128cc-eda5-45ce-b911-161512460ae0: start FollowerState
2019-07-15 13:54:36,736 INFO  util.JmxRegister (JmxRegister.java:tryRegister(44)) - Successfully registered JMX Bean with object name Ratis:service=RaftServer,group=group-F888511C6EE8,id=ead128cc-eda5-45ce-b911-161512460ae0
2019-07-15 13:54:36,738 INFO  pipeline.PipelineStateManager (PipelineStateManager.java:addPipeline(56)) - Created pipeline Pipeline[ Id: e71df2c1-159c-4c2f-85f5-f888511c6ee8, Nodes: ead128cc-eda5-45ce-b911-161512460ae0{ip: 192.168.157.240, host: trunk-nightly-hvlc9-701369690, networkLocation: /default-rack, certSerialId: null}, Type:RATIS, Factor:ONE, State:OPEN]
2019-07-15 13:54:36,891 INFO  node.SCMNodeManager (SCMNodeManager.java:register(269)) - Registered Data node : d5631962-c778-453e-92c1-903bf63efc9b{ip: 192.168.157.240, host: trunk-nightly-hvlc9-701369690, networkLocation: /default-rack, certSerialId: null}
2019-07-15 13:54:36,902 INFO  impl.RaftServerProxy (RaftServerProxy.java:addNew(89)) - d5631962-c778-453e-92c1-903bf63efc9b: addNew group-E0656B79496E:[d5631962-c778-453e-92c1-903bf63efc9b:192.168.157.240:34024] returns group-E0656B79496E:java.util.concurrent.CompletableFuture@531ddf1[Not completed]
2019-07-15 13:54:36,904 INFO  impl.RaftServerImpl (RaftServerImpl.java:<init>(93)) - d5631962-c778-453e-92c1-903bf63efc9b: new RaftServerImpl for group-E0656B79496E:[d5631962-c778-453e-92c1-903bf63efc9b:192.168.157.240:34024] with ContainerStateMachine:uninitialized
2019-07-15 13:54:36,904 INFO  server.RaftServerConfigKeys (ConfUtils.java:logGet(43)) - raft.server.rpc.timeout.min = 5s (custom)
2019-07-15 13:54:36,904 INFO  server.RaftServerConfigKeys (ConfUtils.java:logGet(43)) - raft.server.rpc.timeout.max = 5200ms (custom)
2019-07-15 13:54:36,904 INFO  server.RaftServerConfigKeys (ConfUtils.java:logGet(43)) - raft.server.rpcslowness.timeout = 120s (custom)
2019-07-15 13:54:36,904 INFO  server.RaftServerConfigKeys (ConfUtils.java:logGet(43)) - raft.server.sleep.deviation.threshold = 300 (default)
2019-07-15 13:54:36,904 INFO  server.RaftServerConfigKeys (ConfUtils.java:logGet(43)) - raft.server.log.appender.install.snapshot.enabled = false (custom)
2019-07-15 13:54:36,905 INFO  impl.RaftServerImpl (ServerState.java:<init>(105)) - d5631962-c778-453e-92c1-903bf63efc9b:group-E0656B79496E ConfigurationManager, init=-1: [d5631962-c778-453e-92c1-903bf63efc9b:192.168.157.240:34024], old=null, confs=<EMPTY_MAP>
2019-07-15 13:54:36,905 INFO  server.RaftServerConfigKeys (ConfUtils.java:logGet(43)) - raft.server.storage.dir = [/workdir/hadoop-ozone/integration-test/target/test-dir/MiniOzoneClusterImpl-12632bd5-9a28-4465-ada6-db8877f3300b/datanode-5/data/ratis] (custom)
2019-07-15 13:54:36,905 INFO  storage.RaftStorageDirectory (RaftStorageDirectory.java:analyzeStorage(246)) - The storage directory /workdir/hadoop-ozone/integration-test/target/test-dir/MiniOzoneClusterImpl-12632bd5-9a28-4465-ada6-db8877f3300b/datanode-5/data/ratis/67d9e167-3afe-44b2-ae1c-e0656b79496e does not exist. Creating ...
2019-07-15 13:54:36,919 INFO  storage.RaftStorageDirectory (RaftStorageDirectory.java:tryLock(328)) - Lock on /workdir/hadoop-ozone/integration-test/target/test-dir/MiniOzoneClusterImpl-12632bd5-9a28-4465-ada6-db8877f3300b/datanode-5/data/ratis/67d9e167-3afe-44b2-ae1c-e0656b79496e/in_use.lock acquired by nodename 27196@trunk-nightly-hvlc9-701369690
2019-07-15 13:54:36,932 INFO  storage.RaftStorage (RaftStorage.java:format(72)) - Storage directory /workdir/hadoop-ozone/integration-test/target/test-dir/MiniOzoneClusterImpl-12632bd5-9a28-4465-ada6-db8877f3300b/datanode-5/data/ratis/67d9e167-3afe-44b2-ae1c-e0656b79496e has been successfully formatted.
2019-07-15 13:54:36,933 INFO  ratis.ContainerStateMachine (ContainerStateMachine.java:loadSnapshot(200)) - group-E0656B79496E: The snapshot info is null. Setting the last applied indexto:(t:0, i:~)
2019-07-15 13:54:36,933 INFO  server.RaftServerConfigKeys (ConfUtils.java:logGet(43)) - raft.server.leader.election.timeout = 120s (custom)
2019-07-15 13:54:36,933 INFO  server.RaftServerConfigKeys (ConfUtils.java:logGet(43)) - raft.server.log.use.memory = false (default)
2019-07-15 13:54:36,933 INFO  server.RaftServerConfigKeys (ConfUtils.java:logGet(43)) - raft.server.log.purge.gap = 1000000000 (custom)
2019-07-15 13:54:36,933 INFO  server.RaftServerConfigKeys (ConfUtils.java:logGet(43)) - raft.server.log.appender.buffer.byte-limit = 33554432 (custom)
2019-07-15 13:54:36,934 INFO  server.RaftServerConfigKeys (ConfUtils.java:logGet(43)) - raft.server.log.segment.size.max = 1048576 (custom)
2019-07-15 13:54:36,934 INFO  server.RaftServerConfigKeys (ConfUtils.java:logGet(43)) - raft.server.log.segment.cache.num.max = 2 (custom)
2019-07-15 13:54:36,934 INFO  segmented.SegmentedRaftLogWorker (SegmentedRaftLogWorker.java:<init>(172)) - new d5631962-c778-453e-92c1-903bf63efc9b-SegmentedRaftLogWorker:Storage Directory /workdir/hadoop-ozone/integration-test/target/test-dir/MiniOzoneClusterImpl-12632bd5-9a28-4465-ada6-db8877f3300b/datanode-5/data/ratis/67d9e167-3afe-44b2-ae1c-e0656b79496e for RaftStorage:Storage Directory /workdir/hadoop-ozone/integration-test/target/test-dir/MiniOzoneClusterImpl-12632bd5-9a28-4465-ada6-db8877f3300b/datanode-5/data/ratis/67d9e167-3afe-44b2-ae1c-e0656b79496e
2019-07-15 13:54:36,934 INFO  server.RaftServerConfigKeys (ConfUtils.java:logGet(43)) - raft.server.log.queue.byte-limit = 2147483647 (custom)
2019-07-15 13:54:36,934 INFO  server.RaftServerConfigKeys (ConfUtils.java:logGet(43)) - raft.server.log.queue.element-limit = 1024 (custom)
2019-07-15 13:54:36,935 INFO  server.RaftServerConfigKeys (ConfUtils.java:logGet(43)) - raft.server.log.segment.size.max = 1048576 (custom)
2019-07-15 13:54:36,935 INFO  server.RaftServerConfigKeys (ConfUtils.java:logGet(43)) - raft.server.log.preallocated.size = 16384 (custom)
2019-07-15 13:54:36,935 INFO  server.RaftServerConfigKeys (ConfUtils.java:logGet(43)) - raft.server.log.write.buffer.size = 33554432 (custom)
2019-07-15 13:54:36,935 INFO  server.RaftServerConfigKeys (ConfUtils.java:logGet(43)) - raft.server.log.force.sync.num = 128 (default)
2019-07-15 13:54:36,935 INFO  server.RaftServerConfigKeys (ConfUtils.java:logGet(43)) - raft.server.log.statemachine.data.sync = true (default)
2019-07-15 13:54:36,936 INFO  server.RaftServerConfigKeys (ConfUtils.java:logGet(43)) - raft.server.log.statemachine.data.sync.timeout = 10s (default)
2019-07-15 13:54:36,936 INFO  server.RaftServerConfigKeys (ConfUtils.java:logGet(43)) - raft.server.log.statemachine.data.sync.timeout.retry = -1 (default)
2019-07-15 13:54:36,936 INFO  server.RaftServerConfigKeys (ConfUtils.java:logGet(43)) - raft.server.log.statemachine.data.caching.enabled = true (custom)
2019-07-15 13:54:36,936 INFO  segmented.SegmentedRaftLogWorker (SegmentedRaftLogWorker.java:lambda$new$0(132)) - d5631962-c778-453e-92c1-903bf63efc9b-SegmentedRaftLogWorker:Storage Directory /workdir/hadoop-ozone/integration-test/target/test-dir/MiniOzoneClusterImpl-12632bd5-9a28-4465-ada6-db8877f3300b/datanode-5/data/ratis/67d9e167-3afe-44b2-ae1c-e0656b79496e: flushIndex: setUnconditionally 0 -> -1
2019-07-15 13:54:36,937 INFO  server.RaftServerConfigKeys (ConfUtils.java:logGet(43)) - raft.server.snapshot.auto.trigger.enabled = true (custom)
2019-07-15 13:54:36,937 INFO  server.RaftServerConfigKeys (ConfUtils.java:logGet(43)) - raft.server.snapshot.auto.trigger.threshold = 10000 (custom)
2019-07-15 13:54:36,937 INFO  server.RaftServerConfigKeys (ConfUtils.java:logGet(43)) - raft.server.retrycache.expirytime = 600000ms (custom)
2019-07-15 13:54:36,937 INFO  impl.RaftServerImpl (RaftServerImpl.java:start(180)) - d5631962-c778-453e-92c1-903bf63efc9b: start group-E0656B79496E
2019-07-15 13:54:36,938 INFO  impl.RaftServerImpl (RaftServerImpl.java:setRole(171)) - d5631962-c778-453e-92c1-903bf63efc9b:group-E0656B79496E changes role from null to FOLLOWER at term 0 for startAsFollower
2019-07-15 13:54:36,938 INFO  impl.RoleInfo (RoleInfo.java:updateAndGet(143)) - d5631962-c778-453e-92c1-903bf63efc9b: start FollowerState
2019-07-15 13:54:36,938 INFO  util.JmxRegister (JmxRegister.java:tryRegister(44)) - Successfully registered JMX Bean with object name Ratis:service=RaftServer,group=group-E0656B79496E,id=d5631962-c778-453e-92c1-903bf63efc9b
2019-07-15 13:54:36,940 INFO  pipeline.PipelineStateManager (PipelineStateManager.java:addPipeline(56)) - Created pipeline Pipeline[ Id: 67d9e167-3afe-44b2-ae1c-e0656b79496e, Nodes: d5631962-c778-453e-92c1-903bf63efc9b{ip: 192.168.157.240, host: trunk-nightly-hvlc9-701369690, networkLocation: /default-rack, certSerialId: null}, Type:RATIS, Factor:ONE, State:OPEN]
2019-07-15 13:54:36,954 INFO  impl.RaftServerProxy (RaftServerProxy.java:addNew(89)) - df667d47-7d3a-4c8d-aeb4-7fe15e6e70ad: addNew group-83A5CE6E1770:[d5631962-c778-453e-92c1-903bf63efc9b:192.168.157.240:34024, ead128cc-eda5-45ce-b911-161512460ae0:192.168.157.240:40516, df667d47-7d3a-4c8d-aeb4-7fe15e6e70ad:192.168.157.240:42151] returns group-83A5CE6E1770:java.util.concurrent.CompletableFuture@425ceaae[Not completed]
2019-07-15 13:54:36,954 INFO  impl.RaftServerProxy (RaftServerProxy.java:addNew(89)) - ead128cc-eda5-45ce-b911-161512460ae0: addNew group-83A5CE6E1770:[d5631962-c778-453e-92c1-903bf63efc9b:192.168.157.240:34024, ead128cc-eda5-45ce-b911-161512460ae0:192.168.157.240:40516, df667d47-7d3a-4c8d-aeb4-7fe15e6e70ad:192.168.157.240:42151] returns group-83A5CE6E1770:java.util.concurrent.CompletableFuture@3dfcf768[Not completed]
2019-07-15 13:54:36,954 INFO  impl.RaftServerProxy (RaftServerProxy.java:addNew(89)) - d5631962-c778-453e-92c1-903bf63efc9b: addNew group-83A5CE6E1770:[d5631962-c778-453e-92c1-903bf63efc9b:192.168.157.240:34024, ead128cc-eda5-45ce-b911-161512460ae0:192.168.157.240:40516, df667d47-7d3a-4c8d-aeb4-7fe15e6e70ad:192.168.157.240:42151] returns group-83A5CE6E1770:java.util.concurrent.CompletableFuture@42615a55[Not completed]
2019-07-15 13:54:36,957 INFO  impl.RaftServerImpl (RaftServerImpl.java:<init>(93)) - df667d47-7d3a-4c8d-aeb4-7fe15e6e70ad: new RaftServerImpl for group-83A5CE6E1770:[d5631962-c778-453e-92c1-903bf63efc9b:192.168.157.240:34024, ead128cc-eda5-45ce-b911-161512460ae0:192.168.157.240:40516, df667d47-7d3a-4c8d-aeb4-7fe15e6e70ad:192.168.157.240:42151] with ContainerStateMachine:uninitialized
2019-07-15 13:54:36,958 INFO  server.RaftServerConfigKeys (ConfUtils.java:logGet(43)) - raft.server.rpc.timeout.min = 5s (custom)
2019-07-15 13:54:36,958 INFO  impl.RaftServerImpl (RaftServerImpl.java:<init>(93)) - ead128cc-eda5-45ce-b911-161512460ae0: new RaftServerImpl for group-83A5CE6E1770:[d5631962-c778-453e-92c1-903bf63efc9b:192.168.157.240:34024, ead128cc-eda5-45ce-b911-161512460ae0:192.168.157.240:40516, df667d47-7d3a-4c8d-aeb4-7fe15e6e70ad:192.168.157.240:42151] with ContainerStateMachine:uninitialized
2019-07-15 13:54:36,958 INFO  server.RaftServerConfigKeys (ConfUtils.java:logGet(43)) - raft.server.rpc.timeout.max = 5200ms (custom)
2019-07-15 13:54:36,958 INFO  server.RaftServerConfigKeys (ConfUtils.java:logGet(43)) - raft.server.rpc.timeout.min = 5s (custom)
2019-07-15 13:54:36,958 INFO  impl.RaftServerImpl (RaftServerImpl.java:<init>(93)) - d5631962-c778-453e-92c1-903bf63efc9b: new RaftServerImpl for group-83A5CE6E1770:[d5631962-c778-453e-92c1-903bf63efc9b:192.168.157.240:34024, ead128cc-eda5-45ce-b911-161512460ae0:192.168.157.240:40516, df667d47-7d3a-4c8d-aeb4-7fe15e6e70ad:192.168.157.240:42151] with ContainerStateMachine:uninitialized
2019-07-15 13:54:36,958 INFO  server.RaftServerConfigKeys (ConfUtils.java:logGet(43)) - raft.server.rpcslowness.timeout = 120s (custom)
2019-07-15 13:54:36,958 INFO  server.RaftServerConfigKeys (ConfUtils.java:logGet(43)) - raft.server.rpc.timeout.min = 5s (custom)
2019-07-15 13:54:36,958 INFO  server.RaftServerConfigKeys (ConfUtils.java:logGet(43)) - raft.server.rpc.timeout.max = 5200ms (custom)
2019-07-15 13:54:36,959 INFO  server.RaftServerConfigKeys (ConfUtils.java:logGet(43)) - raft.server.rpc.timeout.max = 5200ms (custom)
2019-07-15 13:54:36,959 INFO  server.RaftServerConfigKeys (ConfUtils.java:logGet(43)) - raft.server.sleep.deviation.threshold = 300 (default)
2019-07-15 13:54:36,959 INFO  server.RaftServerConfigKeys (ConfUtils.java:logGet(43)) - raft.server.rpcslowness.timeout = 120s (custom)
2019-07-15 13:54:36,959 INFO  server.RaftServerConfigKeys (ConfUtils.java:logGet(43)) - raft.server.sleep.deviation.threshold = 300 (default)
2019-07-15 13:54:36,959 INFO  server.RaftServerConfigKeys (ConfUtils.java:logGet(43)) - raft.server.rpcslowness.timeout = 120s (custom)
2019-07-15 13:54:36,959 INFO  server.RaftServerConfigKeys (ConfUtils.java:logGet(43)) - raft.server.log.appender.install.snapshot.enabled = false (custom)
2019-07-15 13:54:36,959 INFO  server.RaftServerConfigKeys (ConfUtils.java:logGet(43)) - raft.server.log.appender.install.snapshot.enabled = false (custom)
2019-07-15 13:54:36,960 INFO  impl.RaftServerImpl (ServerState.java:<init>(105)) - d5631962-c778-453e-92c1-903bf63efc9b:group-83A5CE6E1770 ConfigurationManager, init=-1: [d5631962-c778-453e-92c1-903bf63efc9b:192.168.157.240:34024, ead128cc-eda5-45ce-b911-161512460ae0:192.168.157.240:40516, df667d47-7d3a-4c8d-aeb4-7fe15e6e70ad:192.168.157.240:42151], old=null, confs=<EMPTY_MAP>
2019-07-15 13:54:36,960 INFO  server.RaftServerConfigKeys (ConfUtils.java:logGet(43)) - raft.server.sleep.deviation.threshold = 300 (default)
2019-07-15 13:54:36,960 INFO  server.RaftServerConfigKeys (ConfUtils.java:logGet(43)) - raft.server.storage.dir = [/workdir/hadoop-ozone/integration-test/target/test-dir/MiniOzoneClusterImpl-12632bd5-9a28-4465-ada6-db8877f3300b/datanode-5/data/ratis] (custom)
2019-07-15 13:54:36,960 INFO  impl.RaftServerImpl (ServerState.java:<init>(105)) - df667d47-7d3a-4c8d-aeb4-7fe15e6e70ad:group-83A5CE6E1770 ConfigurationManager, init=-1: [d5631962-c778-453e-92c1-903bf63efc9b:192.168.157.240:34024, ead128cc-eda5-45ce-b911-161512460ae0:192.168.157.240:40516, df667d47-7d3a-4c8d-aeb4-7fe15e6e70ad:192.168.157.240:42151], old=null, confs=<EMPTY_MAP>
2019-07-15 13:54:36,960 INFO  server.RaftServerConfigKeys (ConfUtils.java:logGet(43)) - raft.server.log.appender.install.snapshot.enabled = false (custom)
2019-07-15 13:54:36,961 INFO  server.RaftServerConfigKeys (ConfUtils.java:logGet(43)) - raft.server.storage.dir = [/workdir/hadoop-ozone/integration-test/target/test-dir/MiniOzoneClusterImpl-12632bd5-9a28-4465-ada6-db8877f3300b/datanode-3/data/ratis] (custom)
2019-07-15 13:54:36,961 INFO  impl.RaftServerImpl (ServerState.java:<init>(105)) - ead128cc-eda5-45ce-b911-161512460ae0:group-83A5CE6E1770 ConfigurationManager, init=-1: [d5631962-c778-453e-92c1-903bf63efc9b:192.168.157.240:34024, ead128cc-eda5-45ce-b911-161512460ae0:192.168.157.240:40516, df667d47-7d3a-4c8d-aeb4-7fe15e6e70ad:192.168.157.240:42151], old=null, confs=<EMPTY_MAP>
2019-07-15 13:54:36,961 INFO  storage.RaftStorageDirectory (RaftStorageDirectory.java:analyzeStorage(246)) - The storage directory /workdir/hadoop-ozone/integration-test/target/test-dir/MiniOzoneClusterImpl-12632bd5-9a28-4465-ada6-db8877f3300b/datanode-5/data/ratis/acf85c99-96f8-4bae-a669-83a5ce6e1770 does not exist. Creating ...
2019-07-15 13:54:36,961 INFO  storage.RaftStorageDirectory (RaftStorageDirectory.java:analyzeStorage(246)) - The storage directory /workdir/hadoop-ozone/integration-test/target/test-dir/MiniOzoneClusterImpl-12632bd5-9a28-4465-ada6-db8877f3300b/datanode-3/data/ratis/acf85c99-96f8-4bae-a669-83a5ce6e1770 does not exist. Creating ...
2019-07-15 13:54:36,961 INFO  server.RaftServerConfigKeys (ConfUtils.java:logGet(43)) - raft.server.storage.dir = [/workdir/hadoop-ozone/integration-test/target/test-dir/MiniOzoneClusterImpl-12632bd5-9a28-4465-ada6-db8877f3300b/datanode-4/data/ratis] (custom)
2019-07-15 13:54:36,962 INFO  storage.RaftStorageDirectory (RaftStorageDirectory.java:analyzeStorage(246)) - The storage directory /workdir/hadoop-ozone/integration-test/target/test-dir/MiniOzoneClusterImpl-12632bd5-9a28-4465-ada6-db8877f3300b/datanode-4/data/ratis/acf85c99-96f8-4bae-a669-83a5ce6e1770 does not exist. Creating ...
2019-07-15 13:54:36,975 INFO  storage.RaftStorageDirectory (RaftStorageDirectory.java:tryLock(328)) - Lock on /workdir/hadoop-ozone/integration-test/target/test-dir/MiniOzoneClusterImpl-12632bd5-9a28-4465-ada6-db8877f3300b/datanode-4/data/ratis/acf85c99-96f8-4bae-a669-83a5ce6e1770/in_use.lock acquired by nodename 27196@trunk-nightly-hvlc9-701369690
2019-07-15 13:54:36,975 INFO  storage.RaftStorageDirectory (RaftStorageDirectory.java:tryLock(328)) - Lock on /workdir/hadoop-ozone/integration-test/target/test-dir/MiniOzoneClusterImpl-12632bd5-9a28-4465-ada6-db8877f3300b/datanode-3/data/ratis/acf85c99-96f8-4bae-a669-83a5ce6e1770/in_use.lock acquired by nodename 27196@trunk-nightly-hvlc9-701369690
2019-07-15 13:54:36,975 INFO  storage.RaftStorageDirectory (RaftStorageDirectory.java:tryLock(328)) - Lock on /workdir/hadoop-ozone/integration-test/target/test-dir/MiniOzoneClusterImpl-12632bd5-9a28-4465-ada6-db8877f3300b/datanode-5/data/ratis/acf85c99-96f8-4bae-a669-83a5ce6e1770/in_use.lock acquired by nodename 27196@trunk-nightly-hvlc9-701369690
2019-07-15 13:54:36,989 INFO  storage.RaftStorage (RaftStorage.java:format(72)) - Storage directory /workdir/hadoop-ozone/integration-test/target/test-dir/MiniOzoneClusterImpl-12632bd5-9a28-4465-ada6-db8877f3300b/datanode-4/data/ratis/acf85c99-96f8-4bae-a669-83a5ce6e1770 has been successfully formatted.
2019-07-15 13:54:36,989 INFO  storage.RaftStorage (RaftStorage.java:format(72)) - Storage directory /workdir/hadoop-ozone/integration-test/target/test-dir/MiniOzoneClusterImpl-12632bd5-9a28-4465-ada6-db8877f3300b/datanode-5/data/ratis/acf85c99-96f8-4bae-a669-83a5ce6e1770 has been successfully formatted.
2019-07-15 13:54:36,989 INFO  ratis.ContainerStateMachine (ContainerStateMachine.java:loadSnapshot(200)) - group-83A5CE6E1770: The snapshot info is null. Setting the last applied indexto:(t:0, i:~)
2019-07-15 13:54:36,989 INFO  storage.RaftStorage (RaftStorage.java:format(72)) - Storage directory /workdir/hadoop-ozone/integration-test/target/test-dir/MiniOzoneClusterImpl-12632bd5-9a28-4465-ada6-db8877f3300b/datanode-3/data/ratis/acf85c99-96f8-4bae-a669-83a5ce6e1770 has been successfully formatted.
2019-07-15 13:54:36,989 INFO  server.RaftServerConfigKeys (ConfUtils.java:logGet(43)) - raft.server.leader.election.timeout = 120s (custom)
2019-07-15 13:54:36,989 INFO  ratis.ContainerStateMachine (ContainerStateMachine.java:loadSnapshot(200)) - group-83A5CE6E1770: The snapshot info is null. Setting the last applied indexto:(t:0, i:~)
2019-07-15 13:54:36,989 INFO  ratis.ContainerStateMachine (ContainerStateMachine.java:loadSnapshot(200)) - group-83A5CE6E1770: The snapshot info is null. Setting the last applied indexto:(t:0, i:~)
2019-07-15 13:54:36,989 INFO  server.RaftServerConfigKeys (ConfUtils.java:logGet(43)) - raft.server.leader.election.timeout = 120s (custom)
2019-07-15 13:54:36,989 INFO  server.RaftServerConfigKeys (ConfUtils.java:logGet(43)) - raft.server.log.use.memory = false (default)
2019-07-15 13:54:36,990 INFO  server.RaftServerConfigKeys (ConfUtils.java:logGet(43)) - raft.server.log.use.memory = false (default)
2019-07-15 13:54:36,990 INFO  server.RaftServerConfigKeys (ConfUtils.java:logGet(43)) - raft.server.leader.election.timeout = 120s (custom)
2019-07-15 13:54:36,990 INFO  server.RaftServerConfigKeys (ConfUtils.java:logGet(43)) - raft.server.log.purge.gap = 1000000000 (custom)
2019-07-15 13:54:36,990 INFO  server.RaftServerConfigKeys (ConfUtils.java:logGet(43)) - raft.server.log.purge.gap = 1000000000 (custom)
2019-07-15 13:54:36,990 INFO  server.RaftServerConfigKeys (ConfUtils.java:logGet(43)) - raft.server.log.appender.buffer.byte-limit = 33554432 (custom)
2019-07-15 13:54:36,990 INFO  server.RaftServerConfigKeys (ConfUtils.java:logGet(43)) - raft.server.log.use.memory = false (default)
2019-07-15 13:54:36,991 INFO  server.RaftServerConfigKeys (ConfUtils.java:logGet(43)) - raft.server.log.segment.size.max = 1048576 (custom)
2019-07-15 13:54:36,990 INFO  server.RaftServerConfigKeys (ConfUtils.java:logGet(43)) - raft.server.log.appender.buffer.byte-limit = 33554432 (custom)
2019-07-15 13:54:36,991 INFO  server.RaftServerConfigKeys (ConfUtils.java:logGet(43)) - raft.server.log.segment.cache.num.max = 2 (custom)
2019-07-15 13:54:36,991 INFO  server.RaftServerConfigKeys (ConfUtils.java:logGet(43)) - raft.server.log.purge.gap = 1000000000 (custom)
2019-07-15 13:54:36,991 INFO  segmented.SegmentedRaftLogWorker (SegmentedRaftLogWorker.java:<init>(172)) - new df667d47-7d3a-4c8d-aeb4-7fe15e6e70ad-SegmentedRaftLogWorker:Storage Directory /workdir/hadoop-ozone/integration-test/target/test-dir/MiniOzoneClusterImpl-12632bd5-9a28-4465-ada6-db8877f3300b/datanode-3/data/ratis/acf85c99-96f8-4bae-a669-83a5ce6e1770 for RaftStorage:Storage Directory /workdir/hadoop-ozone/integration-test/target/test-dir/MiniOzoneClusterImpl-12632bd5-9a28-4465-ada6-db8877f3300b/datanode-3/data/ratis/acf85c99-96f8-4bae-a669-83a5ce6e1770
2019-07-15 13:54:36,991 INFO  server.RaftServerConfigKeys (ConfUtils.java:logGet(43)) - raft.server.log.segment.size.max = 1048576 (custom)
2019-07-15 13:54:36,991 INFO  server.RaftServerConfigKeys (ConfUtils.java:logGet(43)) - raft.server.log.queue.byte-limit = 2147483647 (custom)
2019-07-15 13:54:36,991 INFO  server.RaftServerConfigKeys (ConfUtils.java:logGet(43)) - raft.server.log.appender.buffer.byte-limit = 33554432 (custom)
2019-07-15 13:54:36,992 INFO  server.RaftServerConfigKeys (ConfUtils.java:logGet(43)) - raft.server.log.queue.element-limit = 1024 (custom)
2019-07-15 13:54:36,991 INFO  server.RaftServerConfigKeys (ConfUtils.java:logGet(43)) - raft.server.log.segment.cache.num.max = 2 (custom)
2019-07-15 13:54:36,992 INFO  server.RaftServerConfigKeys (ConfUtils.java:logGet(43)) - raft.server.log.segment.size.max = 1048576 (custom)
2019-07-15 13:54:36,992 INFO  server.RaftServerConfigKeys (ConfUtils.java:logGet(43)) - raft.server.log.segment.size.max = 1048576 (custom)
2019-07-15 13:54:36,992 INFO  server.RaftServerConfigKeys (ConfUtils.java:logGet(43)) - raft.server.log.preallocated.size = 16384 (custom)
2019-07-15 13:54:36,992 INFO  server.RaftServerConfigKeys (ConfUtils.java:logGet(43)) - raft.server.log.write.buffer.size = 33554432 (custom)
2019-07-15 13:54:36,992 INFO  segmented.SegmentedRaftLogWorker (SegmentedRaftLogWorker.java:<init>(172)) - new ead128cc-eda5-45ce-b911-161512460ae0-SegmentedRaftLogWorker:Storage Directory /workdir/hadoop-ozone/integration-test/target/test-dir/MiniOzoneClusterImpl-12632bd5-9a28-4465-ada6-db8877f3300b/datanode-4/data/ratis/acf85c99-96f8-4bae-a669-83a5ce6e1770 for RaftStorage:Storage Directory /workdir/hadoop-ozone/integration-test/target/test-dir/MiniOzoneClusterImpl-12632bd5-9a28-4465-ada6-db8877f3300b/datanode-4/data/ratis/acf85c99-96f8-4bae-a669-83a5ce6e1770
2019-07-15 13:54:36,993 INFO  server.RaftServerConfigKeys (ConfUtils.java:logGet(43)) - raft.server.log.force.sync.num = 128 (default)
2019-07-15 13:54:36,992 INFO  server.RaftServerConfigKeys (ConfUtils.java:logGet(43)) - raft.server.log.segment.cache.num.max = 2 (custom)
2019-07-15 13:54:36,993 INFO  server.RaftServerConfigKeys (ConfUtils.java:logGet(43)) - raft.server.log.statemachine.data.sync = true (default)
2019-07-15 13:54:36,993 INFO  server.RaftServerConfigKeys (ConfUtils.java:logGet(43)) - raft.server.log.queue.byte-limit = 2147483647 (custom)
2019-07-15 13:54:36,993 INFO  server.RaftServerConfigKeys (ConfUtils.java:logGet(43)) - raft.server.log.statemachine.data.sync.timeout = 10s (default)
2019-07-15 13:54:36,993 INFO  server.RaftServerConfigKeys (ConfUtils.java:logGet(43)) - raft.server.log.statemachine.data.sync.timeout.retry = -1 (default)
2019-07-15 13:54:36,993 INFO  segmented.SegmentedRaftLogWorker (SegmentedRaftLogWorker.java:<init>(172)) - new d5631962-c778-453e-92c1-903bf63efc9b-SegmentedRaftLogWorker:Storage Directory /workdir/hadoop-ozone/integration-test/target/test-dir/MiniOzoneClusterImpl-12632bd5-9a28-4465-ada6-db8877f3300b/datanode-5/data/ratis/acf85c99-96f8-4bae-a669-83a5ce6e1770 for RaftStorage:Storage Directory /workdir/hadoop-ozone/integration-test/target/test-dir/MiniOzoneClusterImpl-12632bd5-9a28-4465-ada6-db8877f3300b/datanode-5/data/ratis/acf85c99-96f8-4bae-a669-83a5ce6e1770
2019-07-15 13:54:36,994 INFO  server.RaftServerConfigKeys (ConfUtils.java:logGet(43)) - raft.server.log.statemachine.data.caching.enabled = true (custom)
2019-07-15 13:54:36,993 INFO  server.RaftServerConfigKeys (ConfUtils.java:logGet(43)) - raft.server.log.queue.element-limit = 1024 (custom)
2019-07-15 13:54:36,994 INFO  server.RaftServerConfigKeys (ConfUtils.java:logGet(43)) - raft.server.log.queue.byte-limit = 2147483647 (custom)
2019-07-15 13:54:36,994 INFO  segmented.SegmentedRaftLogWorker (SegmentedRaftLogWorker.java:lambda$new$0(132)) - df667d47-7d3a-4c8d-aeb4-7fe15e6e70ad-SegmentedRaftLogWorker:Storage Directory /workdir/hadoop-ozone/integration-test/target/test-dir/MiniOzoneClusterImpl-12632bd5-9a28-4465-ada6-db8877f3300b/datanode-3/data/ratis/acf85c99-96f8-4bae-a669-83a5ce6e1770: flushIndex: setUnconditionally 0 -> -1
2019-07-15 13:54:36,994 INFO  server.RaftServerConfigKeys (ConfUtils.java:logGet(43)) - raft.server.log.segment.size.max = 1048576 (custom)
2019-07-15 13:54:36,994 INFO  server.RaftServerConfigKeys (ConfUtils.java:logGet(43)) - raft.server.log.preallocated.size = 16384 (custom)
2019-07-15 13:54:36,994 INFO  server.RaftServerConfigKeys (ConfUtils.java:logGet(43)) - raft.server.log.queue.element-limit = 1024 (custom)
2019-07-15 13:54:36,995 INFO  server.RaftServerConfigKeys (ConfUtils.java:logGet(43)) - raft.server.log.write.buffer.size = 33554432 (custom)
2019-07-15 13:54:36,995 INFO  server.RaftServerConfigKeys (ConfUtils.java:logGet(43)) - raft.server.snapshot.auto.trigger.enabled = true (custom)
2019-07-15 13:54:36,995 INFO  server.RaftServerConfigKeys (ConfUtils.java:logGet(43)) - raft.server.log.force.sync.num = 128 (default)
2019-07-15 13:54:36,995 INFO  server.RaftServerConfigKeys (ConfUtils.java:logGet(43)) - raft.server.log.segment.size.max = 1048576 (custom)
2019-07-15 13:54:36,995 INFO  server.RaftServerConfigKeys (ConfUtils.java:logGet(43)) - raft.server.log.statemachine.data.sync = true (default)
2019-07-15 13:54:36,995 INFO  server.RaftServerConfigKeys (ConfUtils.java:logGet(43)) - raft.server.snapshot.auto.trigger.threshold = 10000 (custom)
2019-07-15 13:54:36,995 INFO  server.RaftServerConfigKeys (ConfUtils.java:logGet(43)) - raft.server.log.statemachine.data.sync.timeout = 10s (default)
2019-07-15 13:54:36,995 INFO  server.RaftServerConfigKeys (ConfUtils.java:logGet(43)) - raft.server.log.preallocated.size = 16384 (custom)
2019-07-15 13:54:36,996 INFO  server.RaftServerConfigKeys (ConfUtils.java:logGet(43)) - raft.server.log.statemachine.data.sync.timeout.retry = -1 (default)
2019-07-15 13:54:36,996 INFO  server.RaftServerConfigKeys (ConfUtils.java:logGet(43)) - raft.server.retrycache.expirytime = 600000ms (custom)
2019-07-15 13:54:36,996 INFO  server.RaftServerConfigKeys (ConfUtils.java:logGet(43)) - raft.server.log.statemachine.data.caching.enabled = true (custom)
2019-07-15 13:54:36,996 INFO  server.RaftServerConfigKeys (ConfUtils.java:logGet(43)) - raft.server.log.write.buffer.size = 33554432 (custom)
2019-07-15 13:54:36,996 INFO  impl.RaftServerImpl (RaftServerImpl.java:start(180)) - df667d47-7d3a-4c8d-aeb4-7fe15e6e70ad: start group-83A5CE6E1770
2019-07-15 13:54:36,996 INFO  segmented.SegmentedRaftLogWorker (SegmentedRaftLogWorker.java:lambda$new$0(132)) - ead128cc-eda5-45ce-b911-161512460ae0-SegmentedRaftLogWorker:Storage Directory /workdir/hadoop-ozone/integration-test/target/test-dir/MiniOzoneClusterImpl-12632bd5-9a28-4465-ada6-db8877f3300b/datanode-4/data/ratis/acf85c99-96f8-4bae-a669-83a5ce6e1770: flushIndex: setUnconditionally 0 -> -1
2019-07-15 13:54:36,996 INFO  server.RaftServerConfigKeys (ConfUtils.java:logGet(43)) - raft.server.log.force.sync.num = 128 (default)
2019-07-15 13:54:36,997 INFO  impl.RaftServerImpl (RaftServerImpl.java:setRole(171)) - df667d47-7d3a-4c8d-aeb4-7fe15e6e70ad:group-83A5CE6E1770 changes role from null to FOLLOWER at term 0 for startAsFollower
2019-07-15 13:54:36,997 INFO  server.RaftServerConfigKeys (ConfUtils.java:logGet(43)) - raft.server.snapshot.auto.trigger.enabled = true (custom)
2019-07-15 13:54:36,997 INFO  server.RaftServerConfigKeys (ConfUtils.java:logGet(43)) - raft.server.log.statemachine.data.sync = true (default)
2019-07-15 13:54:36,997 INFO  server.RaftServerConfigKeys (ConfUtils.java:logGet(43)) - raft.server.snapshot.auto.trigger.threshold = 10000 (custom)
2019-07-15 13:54:36,997 INFO  impl.RoleInfo (RoleInfo.java:updateAndGet(143)) - df667d47-7d3a-4c8d-aeb4-7fe15e6e70ad: start FollowerState
2019-07-15 13:54:36,997 INFO  server.RaftServerConfigKeys (ConfUtils.java:logGet(43)) - raft.server.retrycache.expirytime = 600000ms (custom)
2019-07-15 13:54:36,997 INFO  server.RaftServerConfigKeys (ConfUtils.java:logGet(43)) - raft.server.log.statemachine.data.sync.timeout = 10s (default)
2019-07-15 13:54:36,998 INFO  impl.RaftServerImpl (RaftServerImpl.java:start(180)) - ead128cc-eda5-45ce-b911-161512460ae0: start group-83A5CE6E1770
2019-07-15 13:54:36,998 INFO  util.JmxRegister (JmxRegister.java:tryRegister(44)) - Successfully registered JMX Bean with object name Ratis:service=RaftServer,group=group-83A5CE6E1770,id=df667d47-7d3a-4c8d-aeb4-7fe15e6e70ad
2019-07-15 13:54:36,998 INFO  server.RaftServerConfigKeys (ConfUtils.java:logGet(43)) - raft.server.log.statemachine.data.sync.timeout.retry = -1 (default)
2019-07-15 13:54:36,998 INFO  impl.RaftServerImpl (RaftServerImpl.java:setRole(171)) - ead128cc-eda5-45ce-b911-161512460ae0:group-83A5CE6E1770 changes role from null to FOLLOWER at term 0 for startAsFollower
2019-07-15 13:54:36,998 INFO  server.RaftServerConfigKeys (ConfUtils.java:logGet(43)) - raft.server.log.statemachine.data.caching.enabled = true (custom)
2019-07-15 13:54:36,998 INFO  impl.RoleInfo (RoleInfo.java:updateAndGet(143)) - ead128cc-eda5-45ce-b911-161512460ae0: start FollowerState
2019-07-15 13:54:36,999 INFO  segmented.SegmentedRaftLogWorker (SegmentedRaftLogWorker.java:lambda$new$0(132)) - d5631962-c778-453e-92c1-903bf63efc9b-SegmentedRaftLogWorker:Storage Directory /workdir/hadoop-ozone/integration-test/target/test-dir/MiniOzoneClusterImpl-12632bd5-9a28-4465-ada6-db8877f3300b/datanode-5/data/ratis/acf85c99-96f8-4bae-a669-83a5ce6e1770: flushIndex: setUnconditionally 0 -> -1
2019-07-15 13:54:36,999 INFO  util.JmxRegister (JmxRegister.java:tryRegister(44)) - Successfully registered JMX Bean with object name Ratis:service=RaftServer,group=group-83A5CE6E1770,id=ead128cc-eda5-45ce-b911-161512460ae0
2019-07-15 13:54:36,999 INFO  server.RaftServerConfigKeys (ConfUtils.java:logGet(43)) - raft.server.snapshot.auto.trigger.enabled = true (custom)
2019-07-15 13:54:36,999 INFO  server.RaftServerConfigKeys (ConfUtils.java:logGet(43)) - raft.server.snapshot.auto.trigger.threshold = 10000 (custom)
2019-07-15 13:54:36,999 INFO  server.RaftServerConfigKeys (ConfUtils.java:logGet(43)) - raft.server.retrycache.expirytime = 600000ms (custom)
2019-07-15 13:54:36,999 INFO  impl.RaftServerImpl (RaftServerImpl.java:start(180)) - d5631962-c778-453e-92c1-903bf63efc9b: start group-83A5CE6E1770
2019-07-15 13:54:37,000 INFO  impl.RaftServerImpl (RaftServerImpl.java:setRole(171)) - d5631962-c778-453e-92c1-903bf63efc9b:group-83A5CE6E1770 changes role from null to FOLLOWER at term 0 for startAsFollower
2019-07-15 13:54:37,000 INFO  impl.RoleInfo (RoleInfo.java:updateAndGet(143)) - d5631962-c778-453e-92c1-903bf63efc9b: start FollowerState
2019-07-15 13:54:37,000 INFO  util.JmxRegister (JmxRegister.java:tryRegister(44)) - Successfully registered JMX Bean with object name Ratis:service=RaftServer,group=group-83A5CE6E1770,id=d5631962-c778-453e-92c1-903bf63efc9b
2019-07-15 13:54:37,002 INFO  pipeline.PipelineStateManager (PipelineStateManager.java:addPipeline(56)) - Created pipeline Pipeline[ Id: acf85c99-96f8-4bae-a669-83a5ce6e1770, Nodes: df667d47-7d3a-4c8d-aeb4-7fe15e6e70ad{ip: 192.168.157.240, host: trunk-nightly-hvlc9-701369690, networkLocation: /default-rack, certSerialId: null}ead128cc-eda5-45ce-b911-161512460ae0{ip: 192.168.157.240, host: trunk-nightly-hvlc9-701369690, networkLocation: /default-rack, certSerialId: null}d5631962-c778-453e-92c1-903bf63efc9b{ip: 192.168.157.240, host: trunk-nightly-hvlc9-701369690, networkLocation: /default-rack, certSerialId: null}, Type:RATIS, Factor:THREE, State:OPEN]
2019-07-15 13:54:37,233 INFO  ozone.MiniOzoneClusterImpl (MiniOzoneClusterImpl.java:lambda$waitForClusterToBeReady$0(142)) - Waiting for cluster to be ready. Got 6 of 7 DN Heartbeats.
2019-07-15 13:54:37,236 INFO  node.SCMNodeManager (SCMNodeManager.java:register(269)) - Registered Data node : 8529c181-edfc-4269-bf43-0c2bcbd6318e{ip: 192.168.157.240, host: trunk-nightly-hvlc9-701369690, networkLocation: /default-rack, certSerialId: null}
2019-07-15 13:54:37,258 INFO  impl.RaftServerProxy (RaftServerProxy.java:addNew(89)) - 8529c181-edfc-4269-bf43-0c2bcbd6318e: addNew group-E434651AC752:[8529c181-edfc-4269-bf43-0c2bcbd6318e:192.168.157.240:41505] returns group-E434651AC752:java.util.concurrent.CompletableFuture@5977c051[Not completed]
2019-07-15 13:54:37,259 INFO  impl.RaftServerImpl (RaftServerImpl.java:<init>(93)) - 8529c181-edfc-4269-bf43-0c2bcbd6318e: new RaftServerImpl for group-E434651AC752:[8529c181-edfc-4269-bf43-0c2bcbd6318e:192.168.157.240:41505] with ContainerStateMachine:uninitialized
2019-07-15 13:54:37,259 INFO  server.RaftServerConfigKeys (ConfUtils.java:logGet(43)) - raft.server.rpc.timeout.min = 5s (custom)
2019-07-15 13:54:37,259 INFO  server.RaftServerConfigKeys (ConfUtils.java:logGet(43)) - raft.server.rpc.timeout.max = 5200ms (custom)
2019-07-15 13:54:37,259 INFO  server.RaftServerConfigKeys (ConfUtils.java:logGet(43)) - raft.server.rpcslowness.timeout = 120s (custom)
2019-07-15 13:54:37,259 INFO  server.RaftServerConfigKeys (ConfUtils.java:logGet(43)) - raft.server.sleep.deviation.threshold = 300 (default)
2019-07-15 13:54:37,260 INFO  server.RaftServerConfigKeys (ConfUtils.java:logGet(43)) - raft.server.log.appender.install.snapshot.enabled = false (custom)
2019-07-15 13:54:37,260 INFO  impl.RaftServerImpl (ServerState.java:<init>(105)) - 8529c181-edfc-4269-bf43-0c2bcbd6318e:group-E434651AC752 ConfigurationManager, init=-1: [8529c181-edfc-4269-bf43-0c2bcbd6318e:192.168.157.240:41505], old=null, confs=<EMPTY_MAP>
2019-07-15 13:54:37,260 INFO  server.RaftServerConfigKeys (ConfUtils.java:logGet(43)) - raft.server.storage.dir = [/workdir/hadoop-ozone/integration-test/target/test-dir/MiniOzoneClusterImpl-12632bd5-9a28-4465-ada6-db8877f3300b/datanode-6/data/ratis] (custom)
2019-07-15 13:54:37,260 INFO  storage.RaftStorageDirectory (RaftStorageDirectory.java:analyzeStorage(246)) - The storage directory /workdir/hadoop-ozone/integration-test/target/test-dir/MiniOzoneClusterImpl-12632bd5-9a28-4465-ada6-db8877f3300b/datanode-6/data/ratis/65bc3c4b-8d56-403a-aa5a-e434651ac752 does not exist. Creating ...
2019-07-15 13:54:37,273 INFO  storage.RaftStorageDirectory (RaftStorageDirectory.java:tryLock(328)) - Lock on /workdir/hadoop-ozone/integration-test/target/test-dir/MiniOzoneClusterImpl-12632bd5-9a28-4465-ada6-db8877f3300b/datanode-6/data/ratis/65bc3c4b-8d56-403a-aa5a-e434651ac752/in_use.lock acquired by nodename 27196@trunk-nightly-hvlc9-701369690
2019-07-15 13:54:37,287 INFO  storage.RaftStorage (RaftStorage.java:format(72)) - Storage directory /workdir/hadoop-ozone/integration-test/target/test-dir/MiniOzoneClusterImpl-12632bd5-9a28-4465-ada6-db8877f3300b/datanode-6/data/ratis/65bc3c4b-8d56-403a-aa5a-e434651ac752 has been successfully formatted.
2019-07-15 13:54:37,287 INFO  ratis.ContainerStateMachine (ContainerStateMachine.java:loadSnapshot(200)) - group-E434651AC752: The snapshot info is null. Setting the last applied indexto:(t:0, i:~)
2019-07-15 13:54:37,287 INFO  server.RaftServerConfigKeys (ConfUtils.java:logGet(43)) - raft.server.leader.election.timeout = 120s (custom)
2019-07-15 13:54:37,288 INFO  server.RaftServerConfigKeys (ConfUtils.java:logGet(43)) - raft.server.log.use.memory = false (default)
2019-07-15 13:54:37,288 INFO  server.RaftServerConfigKeys (ConfUtils.java:logGet(43)) - raft.server.log.purge.gap = 1000000000 (custom)
2019-07-15 13:54:37,288 INFO  server.RaftServerConfigKeys (ConfUtils.java:logGet(43)) - raft.server.log.appender.buffer.byte-limit = 33554432 (custom)
2019-07-15 13:54:37,288 INFO  server.RaftServerConfigKeys (ConfUtils.java:logGet(43)) - raft.server.log.segment.size.max = 1048576 (custom)
2019-07-15 13:54:37,288 INFO  server.RaftServerConfigKeys (ConfUtils.java:logGet(43)) - raft.server.log.segment.cache.num.max = 2 (custom)
2019-07-15 13:54:37,288 INFO  segmented.SegmentedRaftLogWorker (SegmentedRaftLogWorker.java:<init>(172)) - new 8529c181-edfc-4269-bf43-0c2bcbd6318e-SegmentedRaftLogWorker:Storage Directory /workdir/hadoop-ozone/integration-test/target/test-dir/MiniOzoneClusterImpl-12632bd5-9a28-4465-ada6-db8877f3300b/datanode-6/data/ratis/65bc3c4b-8d56-403a-aa5a-e434651ac752 for RaftStorage:Storage Directory /workdir/hadoop-ozone/integration-test/target/test-dir/MiniOzoneClusterImpl-12632bd5-9a28-4465-ada6-db8877f3300b/datanode-6/data/ratis/65bc3c4b-8d56-403a-aa5a-e434651ac752
2019-07-15 13:54:37,289 INFO  server.RaftServerConfigKeys (ConfUtils.java:logGet(43)) - raft.server.log.queue.byte-limit = 2147483647 (custom)
2019-07-15 13:54:37,289 INFO  server.RaftServerConfigKeys (ConfUtils.java:logGet(43)) - raft.server.log.queue.element-limit = 1024 (custom)
2019-07-15 13:54:37,289 INFO  server.RaftServerConfigKeys (ConfUtils.java:logGet(43)) - raft.server.log.segment.size.max = 1048576 (custom)
2019-07-15 13:54:37,289 INFO  server.RaftServerConfigKeys (ConfUtils.java:logGet(43)) - raft.server.log.preallocated.size = 16384 (custom)
2019-07-15 13:54:37,289 INFO  server.RaftServerConfigKeys (ConfUtils.java:logGet(43)) - raft.server.log.write.buffer.size = 33554432 (custom)
2019-07-15 13:54:37,289 INFO  server.RaftServerConfigKeys (ConfUtils.java:logGet(43)) - raft.server.log.force.sync.num = 128 (default)
2019-07-15 13:54:37,290 INFO  server.RaftServerConfigKeys (ConfUtils.java:logGet(43)) - raft.server.log.statemachine.data.sync = true (default)
2019-07-15 13:54:37,290 INFO  server.RaftServerConfigKeys (ConfUtils.java:logGet(43)) - raft.server.log.statemachine.data.sync.timeout = 10s (default)
2019-07-15 13:54:37,290 INFO  server.RaftServerConfigKeys (ConfUtils.java:logGet(43)) - raft.server.log.statemachine.data.sync.timeout.retry = -1 (default)
2019-07-15 13:54:37,290 INFO  server.RaftServerConfigKeys (ConfUtils.java:logGet(43)) - raft.server.log.statemachine.data.caching.enabled = true (custom)
2019-07-15 13:54:37,291 INFO  segmented.SegmentedRaftLogWorker (SegmentedRaftLogWorker.java:lambda$new$0(132)) - 8529c181-edfc-4269-bf43-0c2bcbd6318e-SegmentedRaftLogWorker:Storage Directory /workdir/hadoop-ozone/integration-test/target/test-dir/MiniOzoneClusterImpl-12632bd5-9a28-4465-ada6-db8877f3300b/datanode-6/data/ratis/65bc3c4b-8d56-403a-aa5a-e434651ac752: flushIndex: setUnconditionally 0 -> -1
2019-07-15 13:54:37,291 INFO  server.RaftServerConfigKeys (ConfUtils.java:logGet(43)) - raft.server.snapshot.auto.trigger.enabled = true (custom)
2019-07-15 13:54:37,291 INFO  server.RaftServerConfigKeys (ConfUtils.java:logGet(43)) - raft.server.snapshot.auto.trigger.threshold = 10000 (custom)
2019-07-15 13:54:37,291 INFO  server.RaftServerConfigKeys (ConfUtils.java:logGet(43)) - raft.server.retrycache.expirytime = 600000ms (custom)
2019-07-15 13:54:37,292 INFO  impl.RaftServerImpl (RaftServerImpl.java:start(180)) - 8529c181-edfc-4269-bf43-0c2bcbd6318e: start group-E434651AC752
2019-07-15 13:54:37,292 INFO  impl.RaftServerImpl (RaftServerImpl.java:setRole(171)) - 8529c181-edfc-4269-bf43-0c2bcbd6318e:group-E434651AC752 changes role from null to FOLLOWER at term 0 for startAsFollower
2019-07-15 13:54:37,292 INFO  impl.RoleInfo (RoleInfo.java:updateAndGet(143)) - 8529c181-edfc-4269-bf43-0c2bcbd6318e: start FollowerState
2019-07-15 13:54:37,292 INFO  util.JmxRegister (JmxRegister.java:tryRegister(44)) - Successfully registered JMX Bean with object name Ratis:service=RaftServer,group=group-E434651AC752,id=8529c181-edfc-4269-bf43-0c2bcbd6318e
2019-07-15 13:54:37,294 INFO  pipeline.PipelineStateManager (PipelineStateManager.java:addPipeline(56)) - Created pipeline Pipeline[ Id: 65bc3c4b-8d56-403a-aa5a-e434651ac752, Nodes: 8529c181-edfc-4269-bf43-0c2bcbd6318e{ip: 192.168.157.240, host: trunk-nightly-hvlc9-701369690, networkLocation: /default-rack, certSerialId: null}, Type:RATIS, Factor:ONE, State:OPEN]
2019-07-15 13:54:38,233 INFO  ozone.MiniOzoneClusterImpl (MiniOzoneClusterImpl.java:lambda$waitForClusterToBeReady$0(142)) - Cluster is ready. Got 7 of 7 DN Heartbeats.
2019-07-15 13:54:38,292 INFO  rpc.RpcClient (RpcClient.java:createVolume(287)) - Creating Volume: testblockoutputstream, with jenkins1000 as owner.
2019-07-15 13:54:38,307 INFO  rpc.RpcClient (RpcClient.java:createBucket(424)) - Creating Bucket: testblockoutputstream/testblockoutputstream, with Versioning false and Storage Type set to DISK and Encryption set to false 
2019-07-15 13:54:38,334 INFO  client.GrpcClientProtocolClient (GrpcClientProtocolClient.java:onNext(255)) - client-4B00E61DC85C->886e9123-32ea-475d-8716-5d117160d71f: receive RaftClientReply:client-4B00E61DC85C->886e9123-32ea-475d-8716-5d117160d71f@group-0EECF98D7D1B, cid=228, FAILED org.apache.ratis.protocol.NotLeaderException: Server 886e9123-32ea-475d-8716-5d117160d71f is not the leader (null). Request must be sent to leader., logIndex=0, commits[886e9123-32ea-475d-8716-5d117160d71f:c-1]
2019-07-15 13:54:38,936 INFO  container.ReplicationManager (ReplicationManager.java:start(155)) - Starting Replication Monitor Thread.
2019-07-15 13:54:38,940 INFO  container.ReplicationManager (ReplicationManager.java:run(207)) - Replication Monitor Thread took 0 milliseconds for processing 1 containers.
2019-07-15 13:54:39,349 INFO  client.GrpcClientProtocolClient (GrpcClientProtocolClient.java:onNext(255)) - client-4B00E61DC85C->d2a65497-a6c0-4de2-9e4b-ff8c084f9f7d: receive RaftClientReply:client-4B00E61DC85C->d2a65497-a6c0-4de2-9e4b-ff8c084f9f7d@group-0EECF98D7D1B, cid=228, FAILED org.apache.ratis.protocol.NotLeaderException: Server d2a65497-a6c0-4de2-9e4b-ff8c084f9f7d is not the leader (null). Request must be sent to leader., logIndex=0, commits[d2a65497-a6c0-4de2-9e4b-ff8c084f9f7d:c-1]
2019-07-15 13:54:40,361 INFO  client.GrpcClientProtocolClient (GrpcClientProtocolClient.java:onNext(255)) - client-4B00E61DC85C->0aab5e31-ebd2-4af7-90a5-47b60834ebd7: receive RaftClientReply:client-4B00E61DC85C->0aab5e31-ebd2-4af7-90a5-47b60834ebd7@group-0EECF98D7D1B, cid=228, FAILED org.apache.ratis.protocol.NotLeaderException: Server 0aab5e31-ebd2-4af7-90a5-47b60834ebd7 is not the leader (null). Request must be sent to leader., logIndex=0, commits[0aab5e31-ebd2-4af7-90a5-47b60834ebd7:c-1]
2019-07-15 13:54:41,052 INFO  impl.FollowerState (FollowerState.java:run(106)) - 0aab5e31-ebd2-4af7-90a5-47b60834ebd7:group-8CE2E784CC6E changes to CANDIDATE, lastRpcTime:5071, electionTimeout:5070ms
2019-07-15 13:54:41,052 INFO  impl.RoleInfo (RoleInfo.java:shutdownFollowerState(121)) - 0aab5e31-ebd2-4af7-90a5-47b60834ebd7: shutdown FollowerState
2019-07-15 13:54:41,052 INFO  impl.RaftServerImpl (RaftServerImpl.java:setRole(171)) - 0aab5e31-ebd2-4af7-90a5-47b60834ebd7:group-8CE2E784CC6E changes role from FOLLOWER to CANDIDATE at term 0 for changeToCandidate
2019-07-15 13:54:41,052 INFO  impl.RoleInfo (RoleInfo.java:updateAndGet(143)) - 0aab5e31-ebd2-4af7-90a5-47b60834ebd7: start LeaderElection
2019-07-15 13:54:41,076 INFO  impl.LeaderElection (LeaderElection.java:askForVotes(181)) - 0aab5e31-ebd2-4af7-90a5-47b60834ebd7:group-8CE2E784CC6E:LeaderElection88: begin an election at term 1 for -1: [0aab5e31-ebd2-4af7-90a5-47b60834ebd7:192.168.157.240:36927], old=null
2019-07-15 13:54:41,076 INFO  impl.RoleInfo (RoleInfo.java:shutdownLeaderElection(134)) - 0aab5e31-ebd2-4af7-90a5-47b60834ebd7: shutdown LeaderElection
2019-07-15 13:54:41,076 INFO  impl.RaftServerImpl (RaftServerImpl.java:setRole(171)) - 0aab5e31-ebd2-4af7-90a5-47b60834ebd7:group-8CE2E784CC6E changes role from CANDIDATE to LEADER at term 1 for changeToLeader
2019-07-15 13:54:41,077 INFO  impl.RaftServerImpl (ServerState.java:setLeader(263)) - 0aab5e31-ebd2-4af7-90a5-47b60834ebd7:group-8CE2E784CC6E change Leader from null to 0aab5e31-ebd2-4af7-90a5-47b60834ebd7 at term 1 for becomeLeader, leader elected after 5100ms
2019-07-15 13:54:41,079 INFO  server.RaftServerConfigKeys (ConfUtils.java:logGet(43)) - raft.server.staging.catchup.gap = 1000 (default)
2019-07-15 13:54:41,079 INFO  server.RaftServerConfigKeys (ConfUtils.java:logGet(43)) - raft.server.rpc.sleep.time = 25ms (default)
2019-07-15 13:54:41,079 INFO  server.RaftServerConfigKeys (ConfUtils.java:logGet(43)) - raft.server.write.element-limit = 4096 (default)
2019-07-15 13:54:41,080 INFO  server.RaftServerConfigKeys (ConfUtils.java:logGet(43)) - raft.server.watch.timeout = 10s (default)
2019-07-15 13:54:41,080 INFO  server.RaftServerConfigKeys (ConfUtils.java:logGet(43)) - raft.server.watch.timeout.denomination = 1s (default)
2019-07-15 13:54:41,080 INFO  server.RaftServerConfigKeys (ConfUtils.java:logGet(43)) - raft.server.watch.element-limit = 65536 (default)
2019-07-15 13:54:41,080 INFO  impl.RoleInfo (RoleInfo.java:updateAndGet(143)) - 0aab5e31-ebd2-4af7-90a5-47b60834ebd7: start LeaderState
2019-07-15 13:54:41,081 INFO  segmented.SegmentedRaftLogWorker (SegmentedRaftLogWorker.java:startLogSegment(380)) - 0aab5e31-ebd2-4af7-90a5-47b60834ebd7-SegmentedRaftLogWorker:Storage Directory /workdir/hadoop-ozone/integration-test/target/test-dir/MiniOzoneClusterImpl-12632bd5-9a28-4465-ada6-db8877f3300b/datanode-0/data/ratis/2cf05412-8f00-4517-a38b-8ce2e784cc6e: Starting segment from index:0
2019-07-15 13:54:41,082 INFO  impl.RaftServerImpl (ServerState.java:setRaftConf(361)) - 0aab5e31-ebd2-4af7-90a5-47b60834ebd7:group-8CE2E784CC6E set configuration 0: [0aab5e31-ebd2-4af7-90a5-47b60834ebd7:192.168.157.240:36927], old=null at 0
2019-07-15 13:54:41,113 INFO  segmented.SegmentedRaftLogWorker (SegmentedRaftLogWorker.java:execute(569)) - 0aab5e31-ebd2-4af7-90a5-47b60834ebd7-SegmentedRaftLogWorker:Storage Directory /workdir/hadoop-ozone/integration-test/target/test-dir/MiniOzoneClusterImpl-12632bd5-9a28-4465-ada6-db8877f3300b/datanode-0/data/ratis/2cf05412-8f00-4517-a38b-8ce2e784cc6e: created new log segment /workdir/hadoop-ozone/integration-test/target/test-dir/MiniOzoneClusterImpl-12632bd5-9a28-4465-ada6-db8877f3300b/datanode-0/data/ratis/2cf05412-8f00-4517-a38b-8ce2e784cc6e/current/log_inprogress_0
2019-07-15 13:54:41,252 INFO  impl.FollowerState (FollowerState.java:run(106)) - d2a65497-a6c0-4de2-9e4b-ff8c084f9f7d:group-93C0526EA5E8 changes to CANDIDATE, lastRpcTime:5083, electionTimeout:5083ms
2019-07-15 13:54:41,252 INFO  impl.RoleInfo (RoleInfo.java:shutdownFollowerState(121)) - d2a65497-a6c0-4de2-9e4b-ff8c084f9f7d: shutdown FollowerState
2019-07-15 13:54:41,252 INFO  impl.RaftServerImpl (RaftServerImpl.java:setRole(171)) - d2a65497-a6c0-4de2-9e4b-ff8c084f9f7d:group-93C0526EA5E8 changes role from FOLLOWER to CANDIDATE at term 0 for changeToCandidate
2019-07-15 13:54:41,252 INFO  impl.RoleInfo (RoleInfo.java:updateAndGet(143)) - d2a65497-a6c0-4de2-9e4b-ff8c084f9f7d: start LeaderElection
2019-07-15 13:54:41,275 INFO  impl.LeaderElection (LeaderElection.java:askForVotes(181)) - d2a65497-a6c0-4de2-9e4b-ff8c084f9f7d:group-93C0526EA5E8:LeaderElection89: begin an election at term 1 for -1: [d2a65497-a6c0-4de2-9e4b-ff8c084f9f7d:192.168.157.240:43651], old=null
2019-07-15 13:54:41,275 INFO  impl.RoleInfo (RoleInfo.java:shutdownLeaderElection(134)) - d2a65497-a6c0-4de2-9e4b-ff8c084f9f7d: shutdown LeaderElection
2019-07-15 13:54:41,275 INFO  impl.RaftServerImpl (RaftServerImpl.java:setRole(171)) - d2a65497-a6c0-4de2-9e4b-ff8c084f9f7d:group-93C0526EA5E8 changes role from CANDIDATE to LEADER at term 1 for changeToLeader
2019-07-15 13:54:41,275 INFO  impl.RaftServerImpl (ServerState.java:setLeader(263)) - d2a65497-a6c0-4de2-9e4b-ff8c084f9f7d:group-93C0526EA5E8 change Leader from null to d2a65497-a6c0-4de2-9e4b-ff8c084f9f7d at term 1 for becomeLeader, leader elected after 5111ms
2019-07-15 13:54:41,278 INFO  server.RaftServerConfigKeys (ConfUtils.java:logGet(43)) - raft.server.staging.catchup.gap = 1000 (default)
2019-07-15 13:54:41,278 INFO  server.RaftServerConfigKeys (ConfUtils.java:logGet(43)) - raft.server.rpc.sleep.time = 25ms (default)
2019-07-15 13:54:41,278 INFO  server.RaftServerConfigKeys (ConfUtils.java:logGet(43)) - raft.server.write.element-limit = 4096 (default)
2019-07-15 13:54:41,278 INFO  server.RaftServerConfigKeys (ConfUtils.java:logGet(43)) - raft.server.watch.timeout = 10s (default)
2019-07-15 13:54:41,278 INFO  server.RaftServerConfigKeys (ConfUtils.java:logGet(43)) - raft.server.watch.timeout.denomination = 1s (default)
2019-07-15 13:54:41,278 INFO  server.RaftServerConfigKeys (ConfUtils.java:logGet(43)) - raft.server.watch.element-limit = 65536 (default)
2019-07-15 13:54:41,279 INFO  impl.RoleInfo (RoleInfo.java:updateAndGet(143)) - d2a65497-a6c0-4de2-9e4b-ff8c084f9f7d: start LeaderState
2019-07-15 13:54:41,279 INFO  segmented.SegmentedRaftLogWorker (SegmentedRaftLogWorker.java:startLogSegment(380)) - d2a65497-a6c0-4de2-9e4b-ff8c084f9f7d-SegmentedRaftLogWorker:Storage Directory /workdir/hadoop-ozone/integration-test/target/test-dir/MiniOzoneClusterImpl-12632bd5-9a28-4465-ada6-db8877f3300b/datanode-1/data/ratis/495ea012-bed8-40aa-afdc-93c0526ea5e8: Starting segment from index:0
2019-07-15 13:54:41,279 INFO  impl.RaftServerImpl (ServerState.java:setRaftConf(361)) - d2a65497-a6c0-4de2-9e4b-ff8c084f9f7d:group-93C0526EA5E8 set configuration 0: [d2a65497-a6c0-4de2-9e4b-ff8c084f9f7d:192.168.157.240:43651], old=null at 0
2019-07-15 13:54:41,310 INFO  segmented.SegmentedRaftLogWorker (SegmentedRaftLogWorker.java:execute(569)) - d2a65497-a6c0-4de2-9e4b-ff8c084f9f7d-SegmentedRaftLogWorker:Storage Directory /workdir/hadoop-ozone/integration-test/target/test-dir/MiniOzoneClusterImpl-12632bd5-9a28-4465-ada6-db8877f3300b/datanode-1/data/ratis/495ea012-bed8-40aa-afdc-93c0526ea5e8: created new log segment /workdir/hadoop-ozone/integration-test/target/test-dir/MiniOzoneClusterImpl-12632bd5-9a28-4465-ada6-db8877f3300b/datanode-1/data/ratis/495ea012-bed8-40aa-afdc-93c0526ea5e8/current/log_inprogress_0
2019-07-15 13:54:41,370 INFO  client.GrpcClientProtocolClient (GrpcClientProtocolClient.java:onNext(255)) - client-4B00E61DC85C->d2a65497-a6c0-4de2-9e4b-ff8c084f9f7d: receive RaftClientReply:client-4B00E61DC85C->d2a65497-a6c0-4de2-9e4b-ff8c084f9f7d@group-0EECF98D7D1B, cid=228, FAILED org.apache.ratis.protocol.NotLeaderException: Server d2a65497-a6c0-4de2-9e4b-ff8c084f9f7d is not the leader (null). Request must be sent to leader., logIndex=0, commits[d2a65497-a6c0-4de2-9e4b-ff8c084f9f7d:c-1]
2019-07-15 13:54:41,499 INFO  impl.FollowerState (FollowerState.java:run(106)) - 886e9123-32ea-475d-8716-5d117160d71f:group-0EECF98D7D1B changes to CANDIDATE, lastRpcTime:5003, electionTimeout:5003ms
2019-07-15 13:54:41,499 INFO  impl.RoleInfo (RoleInfo.java:shutdownFollowerState(121)) - 886e9123-32ea-475d-8716-5d117160d71f: shutdown FollowerState
2019-07-15 13:54:41,499 INFO  impl.RaftServerImpl (RaftServerImpl.java:setRole(171)) - 886e9123-32ea-475d-8716-5d117160d71f:group-0EECF98D7D1B changes role from FOLLOWER to CANDIDATE at term 0 for changeToCandidate
2019-07-15 13:54:41,500 INFO  impl.RoleInfo (RoleInfo.java:updateAndGet(143)) - 886e9123-32ea-475d-8716-5d117160d71f: start LeaderElection
2019-07-15 13:54:41,519 INFO  impl.LeaderElection (LeaderElection.java:askForVotes(181)) - 886e9123-32ea-475d-8716-5d117160d71f:group-0EECF98D7D1B:LeaderElection90: begin an election at term 1 for -1: [0aab5e31-ebd2-4af7-90a5-47b60834ebd7:192.168.157.240:36927, d2a65497-a6c0-4de2-9e4b-ff8c084f9f7d:192.168.157.240:43651, 886e9123-32ea-475d-8716-5d117160d71f:192.168.157.240:44485], old=null
2019-07-15 13:54:41,523 INFO  impl.RaftServerImpl (RaftServerImpl.java:setRole(171)) - 0aab5e31-ebd2-4af7-90a5-47b60834ebd7:group-0EECF98D7D1B changes role from FOLLOWER to FOLLOWER at term 1 for recognizeCandidate:886e9123-32ea-475d-8716-5d117160d71f
2019-07-15 13:54:41,523 INFO  impl.RaftServerImpl (RaftServerImpl.java:setRole(171)) - d2a65497-a6c0-4de2-9e4b-ff8c084f9f7d:group-0EECF98D7D1B changes role from FOLLOWER to FOLLOWER at term 1 for recognizeCandidate:886e9123-32ea-475d-8716-5d117160d71f
2019-07-15 13:54:41,523 INFO  impl.RoleInfo (RoleInfo.java:shutdownFollowerState(121)) - 0aab5e31-ebd2-4af7-90a5-47b60834ebd7: shutdown FollowerState
2019-07-15 13:54:41,524 INFO  impl.RoleInfo (RoleInfo.java:shutdownFollowerState(121)) - d2a65497-a6c0-4de2-9e4b-ff8c084f9f7d: shutdown FollowerState
2019-07-15 13:54:41,524 INFO  impl.FollowerState (FollowerState.java:run(114)) - 0aab5e31-ebd2-4af7-90a5-47b60834ebd7: FollowerState was interrupted: java.lang.InterruptedException: sleep interrupted
2019-07-15 13:54:41,524 INFO  impl.RoleInfo (RoleInfo.java:updateAndGet(143)) - 0aab5e31-ebd2-4af7-90a5-47b60834ebd7: start FollowerState
2019-07-15 13:54:41,525 INFO  impl.FollowerState (FollowerState.java:run(114)) - d2a65497-a6c0-4de2-9e4b-ff8c084f9f7d: FollowerState was interrupted: java.lang.InterruptedException: sleep interrupted
2019-07-15 13:54:41,524 INFO  impl.RoleInfo (RoleInfo.java:updateAndGet(143)) - d2a65497-a6c0-4de2-9e4b-ff8c084f9f7d: start FollowerState
2019-07-15 13:54:41,555 INFO  impl.LeaderElection (LeaderElection.java:logAndReturn(56)) - 886e9123-32ea-475d-8716-5d117160d71f:group-0EECF98D7D1B:LeaderElection90: Election PASSED; received 1 response(s) [886e9123-32ea-475d-8716-5d117160d71f<-0aab5e31-ebd2-4af7-90a5-47b60834ebd7#0:OK-t1] and 0 exception(s); 886e9123-32ea-475d-8716-5d117160d71f:t1, leader=null, voted=886e9123-32ea-475d-8716-5d117160d71f, raftlog=886e9123-32ea-475d-8716-5d117160d71f-SegmentedRaftLog:OPENED:c-1,f-1,i0, conf=-1: [0aab5e31-ebd2-4af7-90a5-47b60834ebd7:192.168.157.240:36927, d2a65497-a6c0-4de2-9e4b-ff8c084f9f7d:192.168.157.240:43651, 886e9123-32ea-475d-8716-5d117160d71f:192.168.157.240:44485], old=null
2019-07-15 13:54:41,556 INFO  impl.RoleInfo (RoleInfo.java:shutdownLeaderElection(134)) - 886e9123-32ea-475d-8716-5d117160d71f: shutdown LeaderElection
2019-07-15 13:54:41,556 INFO  impl.RaftServerImpl (RaftServerImpl.java:setRole(171)) - 886e9123-32ea-475d-8716-5d117160d71f:group-0EECF98D7D1B changes role from CANDIDATE to LEADER at term 1 for changeToLeader
2019-07-15 13:54:41,556 INFO  impl.RaftServerImpl (ServerState.java:setLeader(263)) - 886e9123-32ea-475d-8716-5d117160d71f:group-0EECF98D7D1B change Leader from null to 886e9123-32ea-475d-8716-5d117160d71f at term 1 for becomeLeader, leader elected after 5072ms
2019-07-15 13:54:41,559 INFO  server.RaftServerConfigKeys (ConfUtils.java:logGet(43)) - raft.server.staging.catchup.gap = 1000 (default)
2019-07-15 13:54:41,559 INFO  server.RaftServerConfigKeys (ConfUtils.java:logGet(43)) - raft.server.rpc.sleep.time = 25ms (default)
2019-07-15 13:54:41,559 INFO  server.RaftServerConfigKeys (ConfUtils.java:logGet(43)) - raft.server.write.element-limit = 4096 (default)
2019-07-15 13:54:41,559 INFO  server.RaftServerConfigKeys (ConfUtils.java:logGet(43)) - raft.server.watch.timeout = 10s (default)
2019-07-15 13:54:41,560 INFO  server.RaftServerConfigKeys (ConfUtils.java:logGet(43)) - raft.server.watch.timeout.denomination = 1s (default)
2019-07-15 13:54:41,560 INFO  server.RaftServerConfigKeys (ConfUtils.java:logGet(43)) - raft.server.watch.element-limit = 65536 (default)
2019-07-15 13:54:41,560 INFO  server.RaftServerConfigKeys (ConfUtils.java:logGet(43)) - raft.server.log.appender.snapshot.chunk.size.max = 16MB (=16777216) (default)
2019-07-15 13:54:41,560 INFO  server.RaftServerConfigKeys (ConfUtils.java:logGet(43)) - raft.server.log.appender.buffer.byte-limit = 33554432 (custom)
2019-07-15 13:54:41,561 INFO  server.RaftServerConfigKeys (ConfUtils.java:logGet(43)) - raft.server.log.appender.buffer.element-limit = 1 (custom)
2019-07-15 13:54:41,561 INFO  grpc.GrpcConfigKeys$Server (ConfUtils.java:logGet(43)) - raft.grpc.server.leader.outstanding.appends.max = 128 (default)
2019-07-15 13:54:41,561 INFO  server.RaftServerConfigKeys (ConfUtils.java:logGet(43)) - raft.server.rpc.request.timeout = 3000ms (default)
2019-07-15 13:54:41,561 INFO  server.RaftServerConfigKeys (ConfUtils.java:logGet(43)) - raft.server.log.appender.install.snapshot.enabled = false (custom)
2019-07-15 13:54:41,561 INFO  server.RaftServerConfigKeys (ConfUtils.java:logGet(43)) - raft.server.log.appender.snapshot.chunk.size.max = 16MB (=16777216) (default)
2019-07-15 13:54:41,562 INFO  server.RaftServerConfigKeys (ConfUtils.java:logGet(43)) - raft.server.log.appender.buffer.byte-limit = 33554432 (custom)
2019-07-15 13:54:41,562 INFO  server.RaftServerConfigKeys (ConfUtils.java:logGet(43)) - raft.server.log.appender.buffer.element-limit = 1 (custom)
2019-07-15 13:54:41,562 INFO  grpc.GrpcConfigKeys$Server (ConfUtils.java:logGet(43)) - raft.grpc.server.leader.outstanding.appends.max = 128 (default)
2019-07-15 13:54:41,562 INFO  server.RaftServerConfigKeys (ConfUtils.java:logGet(43)) - raft.server.rpc.request.timeout = 3000ms (default)
2019-07-15 13:54:41,562 INFO  server.RaftServerConfigKeys (ConfUtils.java:logGet(43)) - raft.server.log.appender.install.snapshot.enabled = false (custom)
2019-07-15 13:54:41,562 INFO  impl.RoleInfo (RoleInfo.java:updateAndGet(143)) - 886e9123-32ea-475d-8716-5d117160d71f: start LeaderState
2019-07-15 13:54:41,563 INFO  segmented.SegmentedRaftLogWorker (SegmentedRaftLogWorker.java:startLogSegment(380)) - 886e9123-32ea-475d-8716-5d117160d71f-SegmentedRaftLogWorker:Storage Directory /workdir/hadoop-ozone/integration-test/target/test-dir/MiniOzoneClusterImpl-12632bd5-9a28-4465-ada6-db8877f3300b/datanode-2/data/ratis/083c9e1a-0de4-4561-ad7a-0eecf98d7d1b: Starting segment from index:0
2019-07-15 13:54:41,564 INFO  impl.FollowerState (FollowerState.java:run(106)) - 886e9123-32ea-475d-8716-5d117160d71f:group-5BC88975A4E1 changes to CANDIDATE, lastRpcTime:5186, electionTimeout:5186ms
2019-07-15 13:54:41,564 INFO  impl.RoleInfo (RoleInfo.java:shutdownFollowerState(121)) - 886e9123-32ea-475d-8716-5d117160d71f: shutdown FollowerState
2019-07-15 13:54:41,564 INFO  impl.RaftServerImpl (ServerState.java:setRaftConf(361)) - 886e9123-32ea-475d-8716-5d117160d71f:group-0EECF98D7D1B set configuration 0: [0aab5e31-ebd2-4af7-90a5-47b60834ebd7:192.168.157.240:36927, d2a65497-a6c0-4de2-9e4b-ff8c084f9f7d:192.168.157.240:43651, 886e9123-32ea-475d-8716-5d117160d71f:192.168.157.240:44485], old=null at 0
2019-07-15 13:54:41,564 INFO  impl.RaftServerImpl (RaftServerImpl.java:setRole(171)) - 886e9123-32ea-475d-8716-5d117160d71f:group-5BC88975A4E1 changes role from FOLLOWER to CANDIDATE at term 0 for changeToCandidate
2019-07-15 13:54:41,565 INFO  impl.RoleInfo (RoleInfo.java:updateAndGet(143)) - 886e9123-32ea-475d-8716-5d117160d71f: start LeaderElection
2019-07-15 13:54:41,591 INFO  impl.RaftServerImpl (ServerState.java:setLeader(263)) - d2a65497-a6c0-4de2-9e4b-ff8c084f9f7d:group-0EECF98D7D1B change Leader from null to 886e9123-32ea-475d-8716-5d117160d71f at term 1 for appendEntries, leader elected after 5107ms
2019-07-15 13:54:41,593 INFO  impl.RaftServerImpl (ServerState.java:setLeader(263)) - 0aab5e31-ebd2-4af7-90a5-47b60834ebd7:group-0EECF98D7D1B change Leader from null to 886e9123-32ea-475d-8716-5d117160d71f at term 1 for appendEntries, leader elected after 5108ms
2019-07-15 13:54:41,598 INFO  impl.RaftServerImpl (ServerState.java:setRaftConf(361)) - 0aab5e31-ebd2-4af7-90a5-47b60834ebd7:group-0EECF98D7D1B set configuration 0: [0aab5e31-ebd2-4af7-90a5-47b60834ebd7:192.168.157.240:36927, d2a65497-a6c0-4de2-9e4b-ff8c084f9f7d:192.168.157.240:43651, 886e9123-32ea-475d-8716-5d117160d71f:192.168.157.240:44485], old=null at 0
2019-07-15 13:54:41,598 INFO  impl.RaftServerImpl (ServerState.java:setRaftConf(361)) - d2a65497-a6c0-4de2-9e4b-ff8c084f9f7d:group-0EECF98D7D1B set configuration 0: [0aab5e31-ebd2-4af7-90a5-47b60834ebd7:192.168.157.240:36927, d2a65497-a6c0-4de2-9e4b-ff8c084f9f7d:192.168.157.240:43651, 886e9123-32ea-475d-8716-5d117160d71f:192.168.157.240:44485], old=null at 0
2019-07-15 13:54:41,598 INFO  segmented.SegmentedRaftLogWorker (SegmentedRaftLogWorker.java:startLogSegment(380)) - 0aab5e31-ebd2-4af7-90a5-47b60834ebd7-SegmentedRaftLogWorker:Storage Directory /workdir/hadoop-ozone/integration-test/target/test-dir/MiniOzoneClusterImpl-12632bd5-9a28-4465-ada6-db8877f3300b/datanode-0/data/ratis/083c9e1a-0de4-4561-ad7a-0eecf98d7d1b: Starting segment from index:0
2019-07-15 13:54:41,599 INFO  impl.LeaderElection (LeaderElection.java:askForVotes(181)) - 886e9123-32ea-475d-8716-5d117160d71f:group-5BC88975A4E1:LeaderElection91: begin an election at term 1 for -1: [886e9123-32ea-475d-8716-5d117160d71f:192.168.157.240:44485], old=null
2019-07-15 13:54:41,599 INFO  segmented.SegmentedRaftLogWorker (SegmentedRaftLogWorker.java:startLogSegment(380)) - d2a65497-a6c0-4de2-9e4b-ff8c084f9f7d-SegmentedRaftLogWorker:Storage Directory /workdir/hadoop-ozone/integration-test/target/test-dir/MiniOzoneClusterImpl-12632bd5-9a28-4465-ada6-db8877f3300b/datanode-1/data/ratis/083c9e1a-0de4-4561-ad7a-0eecf98d7d1b: Starting segment from index:0
2019-07-15 13:54:41,599 INFO  segmented.SegmentedRaftLogWorker (SegmentedRaftLogWorker.java:execute(569)) - 886e9123-32ea-475d-8716-5d117160d71f-SegmentedRaftLogWorker:Storage Directory /workdir/hadoop-ozone/integration-test/target/test-dir/MiniOzoneClusterImpl-12632bd5-9a28-4465-ada6-db8877f3300b/datanode-2/data/ratis/083c9e1a-0de4-4561-ad7a-0eecf98d7d1b: created new log segment /workdir/hadoop-ozone/integration-test/target/test-dir/MiniOzoneClusterImpl-12632bd5-9a28-4465-ada6-db8877f3300b/datanode-2/data/ratis/083c9e1a-0de4-4561-ad7a-0eecf98d7d1b/current/log_inprogress_0
2019-07-15 13:54:41,599 INFO  impl.RoleInfo (RoleInfo.java:shutdownLeaderElection(134)) - 886e9123-32ea-475d-8716-5d117160d71f: shutdown LeaderElection
2019-07-15 13:54:41,599 INFO  impl.RaftServerImpl (RaftServerImpl.java:setRole(171)) - 886e9123-32ea-475d-8716-5d117160d71f:group-5BC88975A4E1 changes role from CANDIDATE to LEADER at term 1 for changeToLeader
2019-07-15 13:54:41,600 INFO  impl.RaftServerImpl (ServerState.java:setLeader(263)) - 886e9123-32ea-475d-8716-5d117160d71f:group-5BC88975A4E1 change Leader from null to 886e9123-32ea-475d-8716-5d117160d71f at term 1 for becomeLeader, leader elected after 5225ms
2019-07-15 13:54:41,600 INFO  server.RaftServerConfigKeys (ConfUtils.java:logGet(43)) - raft.server.staging.catchup.gap = 1000 (default)
2019-07-15 13:54:41,600 INFO  server.RaftServerConfigKeys (ConfUtils.java:logGet(43)) - raft.server.rpc.sleep.time = 25ms (default)
2019-07-15 13:54:41,600 INFO  server.RaftServerConfigKeys (ConfUtils.java:logGet(43)) - raft.server.write.element-limit = 4096 (default)
2019-07-15 13:54:41,600 INFO  server.RaftServerConfigKeys (ConfUtils.java:logGet(43)) - raft.server.watch.timeout = 10s (default)
2019-07-15 13:54:41,600 INFO  server.RaftServerConfigKeys (ConfUtils.java:logGet(43)) - raft.server.watch.timeout.denomination = 1s (default)
2019-07-15 13:54:41,600 INFO  server.RaftServerConfigKeys (ConfUtils.java:logGet(43)) - raft.server.watch.element-limit = 65536 (default)
2019-07-15 13:54:41,601 INFO  impl.RoleInfo (RoleInfo.java:updateAndGet(143)) - 886e9123-32ea-475d-8716-5d117160d71f: start LeaderState
2019-07-15 13:54:41,601 INFO  segmented.SegmentedRaftLogWorker (SegmentedRaftLogWorker.java:startLogSegment(380)) - 886e9123-32ea-475d-8716-5d117160d71f-SegmentedRaftLogWorker:Storage Directory /workdir/hadoop-ozone/integration-test/target/test-dir/MiniOzoneClusterImpl-12632bd5-9a28-4465-ada6-db8877f3300b/datanode-2/data/ratis/5b6c8d04-6c1f-4711-b080-5bc88975a4e1: Starting segment from index:0
2019-07-15 13:54:41,601 INFO  impl.RaftServerImpl (ServerState.java:setRaftConf(361)) - 886e9123-32ea-475d-8716-5d117160d71f:group-5BC88975A4E1 set configuration 0: [886e9123-32ea-475d-8716-5d117160d71f:192.168.157.240:44485], old=null at 0
2019-07-15 13:54:41,629 INFO  segmented.SegmentedRaftLogWorker (SegmentedRaftLogWorker.java:execute(569)) - 886e9123-32ea-475d-8716-5d117160d71f-SegmentedRaftLogWorker:Storage Directory /workdir/hadoop-ozone/integration-test/target/test-dir/MiniOzoneClusterImpl-12632bd5-9a28-4465-ada6-db8877f3300b/datanode-2/data/ratis/5b6c8d04-6c1f-4711-b080-5bc88975a4e1: created new log segment /workdir/hadoop-ozone/integration-test/target/test-dir/MiniOzoneClusterImpl-12632bd5-9a28-4465-ada6-db8877f3300b/datanode-2/data/ratis/5b6c8d04-6c1f-4711-b080-5bc88975a4e1/current/log_inprogress_0
2019-07-15 13:54:41,629 INFO  segmented.SegmentedRaftLogWorker (SegmentedRaftLogWorker.java:execute(569)) - d2a65497-a6c0-4de2-9e4b-ff8c084f9f7d-SegmentedRaftLogWorker:Storage Directory /workdir/hadoop-ozone/integration-test/target/test-dir/MiniOzoneClusterImpl-12632bd5-9a28-4465-ada6-db8877f3300b/datanode-1/data/ratis/083c9e1a-0de4-4561-ad7a-0eecf98d7d1b: created new log segment /workdir/hadoop-ozone/integration-test/target/test-dir/MiniOzoneClusterImpl-12632bd5-9a28-4465-ada6-db8877f3300b/datanode-1/data/ratis/083c9e1a-0de4-4561-ad7a-0eecf98d7d1b/current/log_inprogress_0
2019-07-15 13:54:41,629 INFO  segmented.SegmentedRaftLogWorker (SegmentedRaftLogWorker.java:execute(569)) - 0aab5e31-ebd2-4af7-90a5-47b60834ebd7-SegmentedRaftLogWorker:Storage Directory /workdir/hadoop-ozone/integration-test/target/test-dir/MiniOzoneClusterImpl-12632bd5-9a28-4465-ada6-db8877f3300b/datanode-0/data/ratis/083c9e1a-0de4-4561-ad7a-0eecf98d7d1b: created new log segment /workdir/hadoop-ozone/integration-test/target/test-dir/MiniOzoneClusterImpl-12632bd5-9a28-4465-ada6-db8877f3300b/datanode-0/data/ratis/083c9e1a-0de4-4561-ad7a-0eecf98d7d1b/current/log_inprogress_0
2019-07-15 13:54:41,683 INFO  impl.FollowerState (FollowerState.java:run(106)) - df667d47-7d3a-4c8d-aeb4-7fe15e6e70ad:group-A1E65286F0DB changes to CANDIDATE, lastRpcTime:5132, electionTimeout:5132ms
2019-07-15 13:54:41,683 INFO  impl.RoleInfo (RoleInfo.java:shutdownFollowerState(121)) - df667d47-7d3a-4c8d-aeb4-7fe15e6e70ad: shutdown FollowerState
2019-07-15 13:54:41,683 INFO  impl.RaftServerImpl (RaftServerImpl.java:setRole(171)) - df667d47-7d3a-4c8d-aeb4-7fe15e6e70ad:group-A1E65286F0DB changes role from FOLLOWER to CANDIDATE at term 0 for changeToCandidate
2019-07-15 13:54:41,683 INFO  impl.RoleInfo (RoleInfo.java:updateAndGet(143)) - df667d47-7d3a-4c8d-aeb4-7fe15e6e70ad: start LeaderElection
2019-07-15 13:54:41,722 INFO  impl.LeaderElection (LeaderElection.java:askForVotes(181)) - df667d47-7d3a-4c8d-aeb4-7fe15e6e70ad:group-A1E65286F0DB:LeaderElection92: begin an election at term 1 for -1: [df667d47-7d3a-4c8d-aeb4-7fe15e6e70ad:192.168.157.240:42151], old=null
2019-07-15 13:54:41,722 INFO  impl.RoleInfo (RoleInfo.java:shutdownLeaderElection(134)) - df667d47-7d3a-4c8d-aeb4-7fe15e6e70ad: shutdown LeaderElection
2019-07-15 13:54:41,722 INFO  impl.RaftServerImpl (RaftServerImpl.java:setRole(171)) - df667d47-7d3a-4c8d-aeb4-7fe15e6e70ad:group-A1E65286F0DB changes role from CANDIDATE to LEADER at term 1 for changeToLeader
2019-07-15 13:54:41,722 INFO  impl.RaftServerImpl (ServerState.java:setLeader(263)) - df667d47-7d3a-4c8d-aeb4-7fe15e6e70ad:group-A1E65286F0DB change Leader from null to df667d47-7d3a-4c8d-aeb4-7fe15e6e70ad at term 1 for becomeLeader, leader elected after 5174ms
2019-07-15 13:54:41,724 INFO  server.RaftServerConfigKeys (ConfUtils.java:logGet(43)) - raft.server.staging.catchup.gap = 1000 (default)
2019-07-15 13:54:41,725 INFO  server.RaftServerConfigKeys (ConfUtils.java:logGet(43)) - raft.server.rpc.sleep.time = 25ms (default)
2019-07-15 13:54:41,725 INFO  server.RaftServerConfigKeys (ConfUtils.java:logGet(43)) - raft.server.write.element-limit = 4096 (default)
2019-07-15 13:54:41,725 INFO  server.RaftServerConfigKeys (ConfUtils.java:logGet(43)) - raft.server.watch.timeout = 10s (default)
2019-07-15 13:54:41,725 INFO  server.RaftServerConfigKeys (ConfUtils.java:logGet(43)) - raft.server.watch.timeout.denomination = 1s (default)
2019-07-15 13:54:41,725 INFO  server.RaftServerConfigKeys (ConfUtils.java:logGet(43)) - raft.server.watch.element-limit = 65536 (default)
2019-07-15 13:54:41,725 INFO  impl.RoleInfo (RoleInfo.java:updateAndGet(143)) - df667d47-7d3a-4c8d-aeb4-7fe15e6e70ad: start LeaderState
2019-07-15 13:54:41,725 INFO  segmented.SegmentedRaftLogWorker (SegmentedRaftLogWorker.java:startLogSegment(380)) - df667d47-7d3a-4c8d-aeb4-7fe15e6e70ad-SegmentedRaftLogWorker:Storage Directory /workdir/hadoop-ozone/integration-test/target/test-dir/MiniOzoneClusterImpl-12632bd5-9a28-4465-ada6-db8877f3300b/datanode-3/data/ratis/7aa7ab7d-0853-439f-b3ef-a1e65286f0db: Starting segment from index:0
2019-07-15 13:54:41,726 INFO  impl.RaftServerImpl (ServerState.java:setRaftConf(361)) - df667d47-7d3a-4c8d-aeb4-7fe15e6e70ad:group-A1E65286F0DB set configuration 0: [df667d47-7d3a-4c8d-aeb4-7fe15e6e70ad:192.168.157.240:42151], old=null at 0
2019-07-15 13:54:41,758 INFO  segmented.SegmentedRaftLogWorker (SegmentedRaftLogWorker.java:execute(569)) - df667d47-7d3a-4c8d-aeb4-7fe15e6e70ad-SegmentedRaftLogWorker:Storage Directory /workdir/hadoop-ozone/integration-test/target/test-dir/MiniOzoneClusterImpl-12632bd5-9a28-4465-ada6-db8877f3300b/datanode-3/data/ratis/7aa7ab7d-0853-439f-b3ef-a1e65286f0db: created new log segment /workdir/hadoop-ozone/integration-test/target/test-dir/MiniOzoneClusterImpl-12632bd5-9a28-4465-ada6-db8877f3300b/datanode-3/data/ratis/7aa7ab7d-0853-439f-b3ef-a1e65286f0db/current/log_inprogress_0
2019-07-15 13:54:41,876 INFO  impl.FollowerState (FollowerState.java:run(106)) - ead128cc-eda5-45ce-b911-161512460ae0:group-F888511C6EE8 changes to CANDIDATE, lastRpcTime:5140, electionTimeout:5140ms
2019-07-15 13:54:41,876 INFO  impl.RoleInfo (RoleInfo.java:shutdownFollowerState(121)) - ead128cc-eda5-45ce-b911-161512460ae0: shutdown FollowerState
2019-07-15 13:54:41,876 INFO  impl.RaftServerImpl (RaftServerImpl.java:setRole(171)) - ead128cc-eda5-45ce-b911-161512460ae0:group-F888511C6EE8 changes role from FOLLOWER to CANDIDATE at term 0 for changeToCandidate
2019-07-15 13:54:41,877 INFO  impl.RoleInfo (RoleInfo.java:updateAndGet(143)) - ead128cc-eda5-45ce-b911-161512460ae0: start LeaderElection
2019-07-15 13:54:41,896 INFO  impl.LeaderElection (LeaderElection.java:askForVotes(181)) - ead128cc-eda5-45ce-b911-161512460ae0:group-F888511C6EE8:LeaderElection93: begin an election at term 1 for -1: [ead128cc-eda5-45ce-b911-161512460ae0:192.168.157.240:40516], old=null
2019-07-15 13:54:41,896 INFO  impl.RoleInfo (RoleInfo.java:shutdownLeaderElection(134)) - ead128cc-eda5-45ce-b911-161512460ae0: shutdown LeaderElection
2019-07-15 13:54:41,896 INFO  impl.RaftServerImpl (RaftServerImpl.java:setRole(171)) - ead128cc-eda5-45ce-b911-161512460ae0:group-F888511C6EE8 changes role from CANDIDATE to LEADER at term 1 for changeToLeader
2019-07-15 13:54:41,897 INFO  impl.RaftServerImpl (ServerState.java:setLeader(263)) - ead128cc-eda5-45ce-b911-161512460ae0:group-F888511C6EE8 change Leader from null to ead128cc-eda5-45ce-b911-161512460ae0 at term 1 for becomeLeader, leader elected after 5165ms
2019-07-15 13:54:41,899 INFO  server.RaftServerConfigKeys (ConfUtils.java:logGet(43)) - raft.server.staging.catchup.gap = 1000 (default)
2019-07-15 13:54:41,899 INFO  server.RaftServerConfigKeys (ConfUtils.java:logGet(43)) - raft.server.rpc.sleep.time = 25ms (default)
2019-07-15 13:54:41,899 INFO  server.RaftServerConfigKeys (ConfUtils.java:logGet(43)) - raft.server.write.element-limit = 4096 (default)
2019-07-15 13:54:41,900 INFO  server.RaftServerConfigKeys (ConfUtils.java:logGet(43)) - raft.server.watch.timeout = 10s (default)
2019-07-15 13:54:41,900 INFO  server.RaftServerConfigKeys (ConfUtils.java:logGet(43)) - raft.server.watch.timeout.denomination = 1s (default)
2019-07-15 13:54:41,900 INFO  server.RaftServerConfigKeys (ConfUtils.java:logGet(43)) - raft.server.watch.element-limit = 65536 (default)
2019-07-15 13:54:41,900 INFO  impl.RoleInfo (RoleInfo.java:updateAndGet(143)) - ead128cc-eda5-45ce-b911-161512460ae0: start LeaderState
2019-07-15 13:54:41,901 INFO  segmented.SegmentedRaftLogWorker (SegmentedRaftLogWorker.java:startLogSegment(380)) - ead128cc-eda5-45ce-b911-161512460ae0-SegmentedRaftLogWorker:Storage Directory /workdir/hadoop-ozone/integration-test/target/test-dir/MiniOzoneClusterImpl-12632bd5-9a28-4465-ada6-db8877f3300b/datanode-4/data/ratis/e71df2c1-159c-4c2f-85f5-f888511c6ee8: Starting segment from index:0
2019-07-15 13:54:41,901 INFO  impl.RaftServerImpl (ServerState.java:setRaftConf(361)) - ead128cc-eda5-45ce-b911-161512460ae0:group-F888511C6EE8 set configuration 0: [ead128cc-eda5-45ce-b911-161512460ae0:192.168.157.240:40516], old=null at 0
2019-07-15 13:54:41,934 INFO  segmented.SegmentedRaftLogWorker (SegmentedRaftLogWorker.java:execute(569)) - ead128cc-eda5-45ce-b911-161512460ae0-SegmentedRaftLogWorker:Storage Directory /workdir/hadoop-ozone/integration-test/target/test-dir/MiniOzoneClusterImpl-12632bd5-9a28-4465-ada6-db8877f3300b/datanode-4/data/ratis/e71df2c1-159c-4c2f-85f5-f888511c6ee8: created new log segment /workdir/hadoop-ozone/integration-test/target/test-dir/MiniOzoneClusterImpl-12632bd5-9a28-4465-ada6-db8877f3300b/datanode-4/data/ratis/e71df2c1-159c-4c2f-85f5-f888511c6ee8/current/log_inprogress_0
2019-07-15 13:54:42,069 INFO  impl.FollowerState (FollowerState.java:run(106)) - d5631962-c778-453e-92c1-903bf63efc9b:group-E0656B79496E changes to CANDIDATE, lastRpcTime:5131, electionTimeout:5131ms
2019-07-15 13:54:42,069 INFO  impl.RoleInfo (RoleInfo.java:shutdownFollowerState(121)) - d5631962-c778-453e-92c1-903bf63efc9b: shutdown FollowerState
2019-07-15 13:54:42,070 INFO  impl.RaftServerImpl (RaftServerImpl.java:setRole(171)) - d5631962-c778-453e-92c1-903bf63efc9b:group-E0656B79496E changes role from FOLLOWER to CANDIDATE at term 0 for changeToCandidate
2019-07-15 13:54:42,070 INFO  impl.RoleInfo (RoleInfo.java:updateAndGet(143)) - d5631962-c778-453e-92c1-903bf63efc9b: start LeaderElection
2019-07-15 13:54:42,089 INFO  impl.LeaderElection (LeaderElection.java:askForVotes(181)) - d5631962-c778-453e-92c1-903bf63efc9b:group-E0656B79496E:LeaderElection94: begin an election at term 1 for -1: [d5631962-c778-453e-92c1-903bf63efc9b:192.168.157.240:34024], old=null
2019-07-15 13:54:42,089 INFO  impl.RoleInfo (RoleInfo.java:shutdownLeaderElection(134)) - d5631962-c778-453e-92c1-903bf63efc9b: shutdown LeaderElection
2019-07-15 13:54:42,089 INFO  impl.RaftServerImpl (RaftServerImpl.java:setRole(171)) - d5631962-c778-453e-92c1-903bf63efc9b:group-E0656B79496E changes role from CANDIDATE to LEADER at term 1 for changeToLeader
2019-07-15 13:54:42,089 INFO  impl.RaftServerImpl (ServerState.java:setLeader(263)) - d5631962-c778-453e-92c1-903bf63efc9b:group-E0656B79496E change Leader from null to d5631962-c778-453e-92c1-903bf63efc9b at term 1 for becomeLeader, leader elected after 5156ms
2019-07-15 13:54:42,092 INFO  server.RaftServerConfigKeys (ConfUtils.java:logGet(43)) - raft.server.staging.catchup.gap = 1000 (default)
2019-07-15 13:54:42,092 INFO  server.RaftServerConfigKeys (ConfUtils.java:logGet(43)) - raft.server.rpc.sleep.time = 25ms (default)
2019-07-15 13:54:42,092 INFO  server.RaftServerConfigKeys (ConfUtils.java:logGet(43)) - raft.server.write.element-limit = 4096 (default)
2019-07-15 13:54:42,092 INFO  server.RaftServerConfigKeys (ConfUtils.java:logGet(43)) - raft.server.watch.timeout = 10s (default)
2019-07-15 13:54:42,092 INFO  server.RaftServerConfigKeys (ConfUtils.java:logGet(43)) - raft.server.watch.timeout.denomination = 1s (default)
2019-07-15 13:54:42,092 INFO  server.RaftServerConfigKeys (ConfUtils.java:logGet(43)) - raft.server.watch.element-limit = 65536 (default)
2019-07-15 13:54:42,093 INFO  impl.RoleInfo (RoleInfo.java:updateAndGet(143)) - d5631962-c778-453e-92c1-903bf63efc9b: start LeaderState
2019-07-15 13:54:42,093 INFO  segmented.SegmentedRaftLogWorker (SegmentedRaftLogWorker.java:startLogSegment(380)) - d5631962-c778-453e-92c1-903bf63efc9b-SegmentedRaftLogWorker:Storage Directory /workdir/hadoop-ozone/integration-test/target/test-dir/MiniOzoneClusterImpl-12632bd5-9a28-4465-ada6-db8877f3300b/datanode-5/data/ratis/67d9e167-3afe-44b2-ae1c-e0656b79496e: Starting segment from index:0
2019-07-15 13:54:42,093 INFO  impl.RaftServerImpl (ServerState.java:setRaftConf(361)) - d5631962-c778-453e-92c1-903bf63efc9b:group-E0656B79496E set configuration 0: [d5631962-c778-453e-92c1-903bf63efc9b:192.168.157.240:34024], old=null at 0
2019-07-15 13:54:42,127 INFO  segmented.SegmentedRaftLogWorker (SegmentedRaftLogWorker.java:execute(569)) - d5631962-c778-453e-92c1-903bf63efc9b-SegmentedRaftLogWorker:Storage Directory /workdir/hadoop-ozone/integration-test/target/test-dir/MiniOzoneClusterImpl-12632bd5-9a28-4465-ada6-db8877f3300b/datanode-5/data/ratis/67d9e167-3afe-44b2-ae1c-e0656b79496e: created new log segment /workdir/hadoop-ozone/integration-test/target/test-dir/MiniOzoneClusterImpl-12632bd5-9a28-4465-ada6-db8877f3300b/datanode-5/data/ratis/67d9e167-3afe-44b2-ae1c-e0656b79496e/current/log_inprogress_0
2019-07-15 13:54:42,190 INFO  impl.FollowerState (FollowerState.java:run(106)) - ead128cc-eda5-45ce-b911-161512460ae0:group-83A5CE6E1770 changes to CANDIDATE, lastRpcTime:5191, electionTimeout:5191ms
2019-07-15 13:54:42,190 INFO  impl.RoleInfo (RoleInfo.java:shutdownFollowerState(121)) - ead128cc-eda5-45ce-b911-161512460ae0: shutdown FollowerState
2019-07-15 13:54:42,190 INFO  impl.RaftServerImpl (RaftServerImpl.java:setRole(171)) - ead128cc-eda5-45ce-b911-161512460ae0:group-83A5CE6E1770 changes role from FOLLOWER to CANDIDATE at term 0 for changeToCandidate
2019-07-15 13:54:42,190 INFO  impl.RoleInfo (RoleInfo.java:updateAndGet(143)) - ead128cc-eda5-45ce-b911-161512460ae0: start LeaderElection
2019-07-15 13:54:42,193 INFO  impl.FollowerState (FollowerState.java:run(106)) - d5631962-c778-453e-92c1-903bf63efc9b:group-83A5CE6E1770 changes to CANDIDATE, lastRpcTime:5193, electionTimeout:5193ms
2019-07-15 13:54:42,196 INFO  impl.FollowerState (FollowerState.java:run(106)) - df667d47-7d3a-4c8d-aeb4-7fe15e6e70ad:group-83A5CE6E1770 changes to CANDIDATE, lastRpcTime:5198, electionTimeout:5197ms
2019-07-15 13:54:42,196 INFO  impl.RoleInfo (RoleInfo.java:shutdownFollowerState(121)) - d5631962-c778-453e-92c1-903bf63efc9b: shutdown FollowerState
2019-07-15 13:54:42,196 INFO  impl.RoleInfo (RoleInfo.java:shutdownFollowerState(121)) - df667d47-7d3a-4c8d-aeb4-7fe15e6e70ad: shutdown FollowerState
2019-07-15 13:54:42,196 INFO  impl.RaftServerImpl (RaftServerImpl.java:setRole(171)) - d5631962-c778-453e-92c1-903bf63efc9b:group-83A5CE6E1770 changes role from FOLLOWER to CANDIDATE at term 0 for changeToCandidate
2019-07-15 13:54:42,196 INFO  impl.RaftServerImpl (RaftServerImpl.java:setRole(171)) - df667d47-7d3a-4c8d-aeb4-7fe15e6e70ad:group-83A5CE6E1770 changes role from FOLLOWER to CANDIDATE at term 0 for changeToCandidate
2019-07-15 13:54:42,197 INFO  impl.RoleInfo (RoleInfo.java:updateAndGet(143)) - d5631962-c778-453e-92c1-903bf63efc9b: start LeaderElection
2019-07-15 13:54:42,197 INFO  impl.RoleInfo (RoleInfo.java:updateAndGet(143)) - df667d47-7d3a-4c8d-aeb4-7fe15e6e70ad: start LeaderElection
2019-07-15 13:54:42,210 INFO  impl.LeaderElection (LeaderElection.java:askForVotes(181)) - d5631962-c778-453e-92c1-903bf63efc9b:group-83A5CE6E1770:LeaderElection96: begin an election at term 1 for -1: [d5631962-c778-453e-92c1-903bf63efc9b:192.168.157.240:34024, ead128cc-eda5-45ce-b911-161512460ae0:192.168.157.240:40516, df667d47-7d3a-4c8d-aeb4-7fe15e6e70ad:192.168.157.240:42151], old=null
2019-07-15 13:54:42,210 INFO  impl.LeaderElection (LeaderElection.java:askForVotes(181)) - ead128cc-eda5-45ce-b911-161512460ae0:group-83A5CE6E1770:LeaderElection95: begin an election at term 1 for -1: [d5631962-c778-453e-92c1-903bf63efc9b:192.168.157.240:34024, ead128cc-eda5-45ce-b911-161512460ae0:192.168.157.240:40516, df667d47-7d3a-4c8d-aeb4-7fe15e6e70ad:192.168.157.240:42151], old=null
2019-07-15 13:54:42,210 INFO  impl.LeaderElection (LeaderElection.java:askForVotes(181)) - df667d47-7d3a-4c8d-aeb4-7fe15e6e70ad:group-83A5CE6E1770:LeaderElection97: begin an election at term 1 for -1: [d5631962-c778-453e-92c1-903bf63efc9b:192.168.157.240:34024, ead128cc-eda5-45ce-b911-161512460ae0:192.168.157.240:40516, df667d47-7d3a-4c8d-aeb4-7fe15e6e70ad:192.168.157.240:42151], old=null
2019-07-15 13:54:42,226 INFO  impl.LeaderElection (LeaderElection.java:logAndReturn(56)) - d5631962-c778-453e-92c1-903bf63efc9b:group-83A5CE6E1770:LeaderElection96: Election REJECTED; received 2 response(s) [d5631962-c778-453e-92c1-903bf63efc9b<-ead128cc-eda5-45ce-b911-161512460ae0#0:FAIL-t1, d5631962-c778-453e-92c1-903bf63efc9b<-df667d47-7d3a-4c8d-aeb4-7fe15e6e70ad#0:FAIL-t1] and 0 exception(s); d5631962-c778-453e-92c1-903bf63efc9b:t1, leader=null, voted=d5631962-c778-453e-92c1-903bf63efc9b, raftlog=d5631962-c778-453e-92c1-903bf63efc9b-SegmentedRaftLog:OPENED:c-1,f-1,i0, conf=-1: [d5631962-c778-453e-92c1-903bf63efc9b:192.168.157.240:34024, ead128cc-eda5-45ce-b911-161512460ae0:192.168.157.240:40516, df667d47-7d3a-4c8d-aeb4-7fe15e6e70ad:192.168.157.240:42151], old=null
2019-07-15 13:54:42,226 INFO  impl.LeaderElection (LeaderElection.java:logAndReturn(56)) - ead128cc-eda5-45ce-b911-161512460ae0:group-83A5CE6E1770:LeaderElection95: Election REJECTED; received 2 response(s) [ead128cc-eda5-45ce-b911-161512460ae0<-d5631962-c778-453e-92c1-903bf63efc9b#0:FAIL-t1, ead128cc-eda5-45ce-b911-161512460ae0<-df667d47-7d3a-4c8d-aeb4-7fe15e6e70ad#0:FAIL-t1] and 0 exception(s); ead128cc-eda5-45ce-b911-161512460ae0:t1, leader=null, voted=ead128cc-eda5-45ce-b911-161512460ae0, raftlog=ead128cc-eda5-45ce-b911-161512460ae0-SegmentedRaftLog:OPENED:c-1,f-1,i0, conf=-1: [d5631962-c778-453e-92c1-903bf63efc9b:192.168.157.240:34024, ead128cc-eda5-45ce-b911-161512460ae0:192.168.157.240:40516, df667d47-7d3a-4c8d-aeb4-7fe15e6e70ad:192.168.157.240:42151], old=null
2019-07-15 13:54:42,226 INFO  impl.LeaderElection (LeaderElection.java:logAndReturn(56)) - df667d47-7d3a-4c8d-aeb4-7fe15e6e70ad:group-83A5CE6E1770:LeaderElection97: Election REJECTED; received 2 response(s) [df667d47-7d3a-4c8d-aeb4-7fe15e6e70ad<-d5631962-c778-453e-92c1-903bf63efc9b#0:FAIL-t1, df667d47-7d3a-4c8d-aeb4-7fe15e6e70ad<-ead128cc-eda5-45ce-b911-161512460ae0#0:FAIL-t1] and 0 exception(s); df667d47-7d3a-4c8d-aeb4-7fe15e6e70ad:t1, leader=null, voted=df667d47-7d3a-4c8d-aeb4-7fe15e6e70ad, raftlog=df667d47-7d3a-4c8d-aeb4-7fe15e6e70ad-SegmentedRaftLog:OPENED:c-1,f-1,i0, conf=-1: [d5631962-c778-453e-92c1-903bf63efc9b:192.168.157.240:34024, ead128cc-eda5-45ce-b911-161512460ae0:192.168.157.240:40516, df667d47-7d3a-4c8d-aeb4-7fe15e6e70ad:192.168.157.240:42151], old=null
2019-07-15 13:54:42,226 INFO  impl.RaftServerImpl (RaftServerImpl.java:setRole(171)) - d5631962-c778-453e-92c1-903bf63efc9b:group-83A5CE6E1770 changes role from CANDIDATE to FOLLOWER at term 1 for DISCOVERED_A_NEW_TERM
2019-07-15 13:54:42,226 INFO  impl.RaftServerImpl (RaftServerImpl.java:setRole(171)) - df667d47-7d3a-4c8d-aeb4-7fe15e6e70ad:group-83A5CE6E1770 changes role from CANDIDATE to FOLLOWER at term 1 for DISCOVERED_A_NEW_TERM
2019-07-15 13:54:42,226 INFO  impl.RaftServerImpl (RaftServerImpl.java:setRole(171)) - ead128cc-eda5-45ce-b911-161512460ae0:group-83A5CE6E1770 changes role from CANDIDATE to FOLLOWER at term 1 for DISCOVERED_A_NEW_TERM
2019-07-15 13:54:42,226 INFO  impl.RoleInfo (RoleInfo.java:shutdownLeaderElection(134)) - df667d47-7d3a-4c8d-aeb4-7fe15e6e70ad: shutdown LeaderElection
2019-07-15 13:54:42,227 INFO  impl.RoleInfo (RoleInfo.java:updateAndGet(143)) - df667d47-7d3a-4c8d-aeb4-7fe15e6e70ad: start FollowerState
2019-07-15 13:54:42,226 INFO  impl.RoleInfo (RoleInfo.java:shutdownLeaderElection(134)) - d5631962-c778-453e-92c1-903bf63efc9b: shutdown LeaderElection
2019-07-15 13:54:42,227 INFO  impl.RoleInfo (RoleInfo.java:shutdownLeaderElection(134)) - ead128cc-eda5-45ce-b911-161512460ae0: shutdown LeaderElection
2019-07-15 13:54:42,227 INFO  impl.RoleInfo (RoleInfo.java:updateAndGet(143)) - d5631962-c778-453e-92c1-903bf63efc9b: start FollowerState
2019-07-15 13:54:42,227 INFO  impl.RoleInfo (RoleInfo.java:updateAndGet(143)) - ead128cc-eda5-45ce-b911-161512460ae0: start FollowerState
2019-07-15 13:54:42,381 INFO  client.GrpcClientProtocolClient (GrpcClientProtocolClient.java:onNext(255)) - client-4B00E61DC85C->0aab5e31-ebd2-4af7-90a5-47b60834ebd7: receive RaftClientReply:client-4B00E61DC85C->0aab5e31-ebd2-4af7-90a5-47b60834ebd7@group-0EECF98D7D1B, cid=228, FAILED org.apache.ratis.protocol.NotLeaderException: Server 0aab5e31-ebd2-4af7-90a5-47b60834ebd7 is not the leader (886e9123-32ea-475d-8716-5d117160d71f:192.168.157.240:44485). Request must be sent to leader., logIndex=0, commits[0aab5e31-ebd2-4af7-90a5-47b60834ebd7:c-1, d2a65497-a6c0-4de2-9e4b-ff8c084f9f7d:c-1, 886e9123-32ea-475d-8716-5d117160d71f:c-1]
2019-07-15 13:54:42,487 INFO  impl.FollowerState (FollowerState.java:run(106)) - 8529c181-edfc-4269-bf43-0c2bcbd6318e:group-E434651AC752 changes to CANDIDATE, lastRpcTime:5195, electionTimeout:5195ms
2019-07-15 13:54:42,488 INFO  impl.RoleInfo (RoleInfo.java:shutdownFollowerState(121)) - 8529c181-edfc-4269-bf43-0c2bcbd6318e: shutdown FollowerState
2019-07-15 13:54:42,488 INFO  impl.RaftServerImpl (RaftServerImpl.java:setRole(171)) - 8529c181-edfc-4269-bf43-0c2bcbd6318e:group-E434651AC752 changes role from FOLLOWER to CANDIDATE at term 0 for changeToCandidate
2019-07-15 13:54:42,488 INFO  impl.RoleInfo (RoleInfo.java:updateAndGet(143)) - 8529c181-edfc-4269-bf43-0c2bcbd6318e: start LeaderElection
2019-07-15 13:54:42,498 INFO  impl.LeaderElection (LeaderElection.java:askForVotes(181)) - 8529c181-edfc-4269-bf43-0c2bcbd6318e:group-E434651AC752:LeaderElection98: begin an election at term 1 for -1: [8529c181-edfc-4269-bf43-0c2bcbd6318e:192.168.157.240:41505], old=null
2019-07-15 13:54:42,498 INFO  impl.RoleInfo (RoleInfo.java:shutdownLeaderElection(134)) - 8529c181-edfc-4269-bf43-0c2bcbd6318e: shutdown LeaderElection
2019-07-15 13:54:42,498 INFO  impl.RaftServerImpl (RaftServerImpl.java:setRole(171)) - 8529c181-edfc-4269-bf43-0c2bcbd6318e:group-E434651AC752 changes role from CANDIDATE to LEADER at term 1 for changeToLeader
2019-07-15 13:54:42,498 INFO  impl.RaftServerImpl (ServerState.java:setLeader(263)) - 8529c181-edfc-4269-bf43-0c2bcbd6318e:group-E434651AC752 change Leader from null to 8529c181-edfc-4269-bf43-0c2bcbd6318e at term 1 for becomeLeader, leader elected after 5210ms
2019-07-15 13:54:42,501 INFO  server.RaftServerConfigKeys (ConfUtils.java:logGet(43)) - raft.server.staging.catchup.gap = 1000 (default)
2019-07-15 13:54:42,501 INFO  server.RaftServerConfigKeys (ConfUtils.java:logGet(43)) - raft.server.rpc.sleep.time = 25ms (default)
2019-07-15 13:54:42,501 INFO  server.RaftServerConfigKeys (ConfUtils.java:logGet(43)) - raft.server.write.element-limit = 4096 (default)
2019-07-15 13:54:42,501 INFO  server.RaftServerConfigKeys (ConfUtils.java:logGet(43)) - raft.server.watch.timeout = 10s (default)
2019-07-15 13:54:42,501 INFO  server.RaftServerConfigKeys (ConfUtils.java:logGet(43)) - raft.server.watch.timeout.denomination = 1s (default)
2019-07-15 13:54:42,501 INFO  server.RaftServerConfigKeys (ConfUtils.java:logGet(43)) - raft.server.watch.element-limit = 65536 (default)
2019-07-15 13:54:42,502 INFO  impl.RoleInfo (RoleInfo.java:updateAndGet(143)) - 8529c181-edfc-4269-bf43-0c2bcbd6318e: start LeaderState
2019-07-15 13:54:42,502 INFO  segmented.SegmentedRaftLogWorker (SegmentedRaftLogWorker.java:startLogSegment(380)) - 8529c181-edfc-4269-bf43-0c2bcbd6318e-SegmentedRaftLogWorker:Storage Directory /workdir/hadoop-ozone/integration-test/target/test-dir/MiniOzoneClusterImpl-12632bd5-9a28-4465-ada6-db8877f3300b/datanode-6/data/ratis/65bc3c4b-8d56-403a-aa5a-e434651ac752: Starting segment from index:0
2019-07-15 13:54:42,502 INFO  impl.RaftServerImpl (ServerState.java:setRaftConf(361)) - 8529c181-edfc-4269-bf43-0c2bcbd6318e:group-E434651AC752 set configuration 0: [8529c181-edfc-4269-bf43-0c2bcbd6318e:192.168.157.240:41505], old=null at 0
2019-07-15 13:54:42,538 INFO  segmented.SegmentedRaftLogWorker (SegmentedRaftLogWorker.java:execute(569)) - 8529c181-edfc-4269-bf43-0c2bcbd6318e-SegmentedRaftLogWorker:Storage Directory /workdir/hadoop-ozone/integration-test/target/test-dir/MiniOzoneClusterImpl-12632bd5-9a28-4465-ada6-db8877f3300b/datanode-6/data/ratis/65bc3c4b-8d56-403a-aa5a-e434651ac752: created new log segment /workdir/hadoop-ozone/integration-test/target/test-dir/MiniOzoneClusterImpl-12632bd5-9a28-4465-ada6-db8877f3300b/datanode-6/data/ratis/65bc3c4b-8d56-403a-aa5a-e434651ac752/current/log_inprogress_0
2019-07-15 13:54:42,542 INFO  client.GrpcClientProtocolClient (GrpcClientProtocolClient.java:onNext(255)) - client-4B00E61DC85C->886e9123-32ea-475d-8716-5d117160d71f: receive RaftClientReply:client-4B00E61DC85C->886e9123-32ea-475d-8716-5d117160d71f@group-0EECF98D7D1B, cid=228, SUCCESS, logIndex=1, commits[886e9123-32ea-475d-8716-5d117160d71f:c1, 0aab5e31-ebd2-4af7-90a5-47b60834ebd7:c0, d2a65497-a6c0-4de2-9e4b-ff8c084f9f7d:c0]
2019-07-15 13:54:42,560 INFO  client.GrpcClientProtocolClient (GrpcClientProtocolClient.java:onNext(255)) - client-4B00E61DC85C->886e9123-32ea-475d-8716-5d117160d71f: receive RaftClientReply:client-4B00E61DC85C->886e9123-32ea-475d-8716-5d117160d71f@group-0EECF98D7D1B, cid=229, SUCCESS, logIndex=3, commits[886e9123-32ea-475d-8716-5d117160d71f:c4, 0aab5e31-ebd2-4af7-90a5-47b60834ebd7:c1, d2a65497-a6c0-4de2-9e4b-ff8c084f9f7d:c2]
2019-07-15 13:54:42,622 INFO  client.GrpcClientProtocolClient (GrpcClientProtocolClient.java:onNext(255)) - client-4B00E61DC85C->886e9123-32ea-475d-8716-5d117160d71f: receive RaftClientReply:client-4B00E61DC85C->886e9123-32ea-475d-8716-5d117160d71f@group-0EECF98D7D1B, cid=230, SUCCESS, logIndex=4, commits[886e9123-32ea-475d-8716-5d117160d71f:c12, 0aab5e31-ebd2-4af7-90a5-47b60834ebd7:c7, d2a65497-a6c0-4de2-9e4b-ff8c084f9f7d:c7]
2019-07-15 13:54:42,623 INFO  client.GrpcClientProtocolClient (GrpcClientProtocolClient.java:onNext(255)) - client-4B00E61DC85C->886e9123-32ea-475d-8716-5d117160d71f: receive RaftClientReply:client-4B00E61DC85C->886e9123-32ea-475d-8716-5d117160d71f@group-0EECF98D7D1B, cid=231, SUCCESS, logIndex=5, commits[886e9123-32ea-475d-8716-5d117160d71f:c12, 0aab5e31-ebd2-4af7-90a5-47b60834ebd7:c7, d2a65497-a6c0-4de2-9e4b-ff8c084f9f7d:c7]
2019-07-15 13:54:42,623 INFO  client.GrpcClientProtocolClient (GrpcClientProtocolClient.java:onNext(255)) - client-4B00E61DC85C->886e9123-32ea-475d-8716-5d117160d71f: receive RaftClientReply:client-4B00E61DC85C->886e9123-32ea-475d-8716-5d117160d71f@group-0EECF98D7D1B, cid=232, SUCCESS, logIndex=6, commits[886e9123-32ea-475d-8716-5d117160d71f:c12, 0aab5e31-ebd2-4af7-90a5-47b60834ebd7:c7, d2a65497-a6c0-4de2-9e4b-ff8c084f9f7d:c7]
2019-07-15 13:54:42,720 INFO  client.GrpcClientProtocolClient (GrpcClientProtocolClient.java:onNext(255)) - client-4B00E61DC85C->886e9123-32ea-475d-8716-5d117160d71f: receive RaftClientReply:client-4B00E61DC85C->886e9123-32ea-475d-8716-5d117160d71f@group-0EECF98D7D1B, cid=233, SUCCESS, logIndex=7, commits[886e9123-32ea-475d-8716-5d117160d71f:c12, 0aab5e31-ebd2-4af7-90a5-47b60834ebd7:c7, d2a65497-a6c0-4de2-9e4b-ff8c084f9f7d:c7]
2019-07-15 13:54:42,738 INFO  client.GrpcClientProtocolClient (GrpcClientProtocolClient.java:onNext(255)) - client-4B00E61DC85C->886e9123-32ea-475d-8716-5d117160d71f: receive RaftClientReply:client-4B00E61DC85C->886e9123-32ea-475d-8716-5d117160d71f@group-0EECF98D7D1B, cid=234, SUCCESS, logIndex=13, commits[886e9123-32ea-475d-8716-5d117160d71f:c14, 0aab5e31-ebd2-4af7-90a5-47b60834ebd7:c12, d2a65497-a6c0-4de2-9e4b-ff8c084f9f7d:c12]
2019-07-15 13:54:42,739 INFO  client.GrpcClientProtocolClient (GrpcClientProtocolClient.java:onNext(255)) - client-4B00E61DC85C->886e9123-32ea-475d-8716-5d117160d71f: receive RaftClientReply:client-4B00E61DC85C->886e9123-32ea-475d-8716-5d117160d71f@group-0EECF98D7D1B, cid=235, SUCCESS, logIndex=14, commits[886e9123-32ea-475d-8716-5d117160d71f:c14, 0aab5e31-ebd2-4af7-90a5-47b60834ebd7:c12, d2a65497-a6c0-4de2-9e4b-ff8c084f9f7d:c12]
2019-07-15 13:54:42,754 INFO  client.GrpcClientProtocolClient (GrpcClientProtocolClient.java:onNext(255)) - client-4B00E61DC85C->886e9123-32ea-475d-8716-5d117160d71f: receive RaftClientReply:client-4B00E61DC85C->886e9123-32ea-475d-8716-5d117160d71f@group-0EECF98D7D1B, cid=236, SUCCESS, logIndex=0, commits[886e9123-32ea-475d-8716-5d117160d71f:c14, 0aab5e31-ebd2-4af7-90a5-47b60834ebd7:c14, d2a65497-a6c0-4de2-9e4b-ff8c084f9f7d:c14]
2019-07-15 13:54:42,756 INFO  container.CloseContainerEventHandler (CloseContainerEventHandler.java:onMessage(61)) - Close container Event triggered for container : #1
2019-07-15 13:54:42,756 INFO  container.CloseContainerEventHandler (CloseContainerEventHandler.java:onMessage(61)) - Close container Event triggered for container : #1
2019-07-15 13:54:42,757 INFO  container.CloseContainerEventHandler (CloseContainerEventHandler.java:onMessage(61)) - Close container Event triggered for container : #1
2019-07-15 13:54:44,590 INFO  interfaces.Container (KeyValueContainer.java:compactDB(356)) - Container 1 is closed with bcsId 14.
2019-07-15 13:54:44,595 INFO  interfaces.Container (KeyValueContainer.java:compactDB(356)) - Container 1 is closed with bcsId 14.
2019-07-15 13:54:44,608 INFO  interfaces.Container (KeyValueContainer.java:compactDB(356)) - Container 1 is closed with bcsId 14.
13:54:44.758 [grpc-default-executor-4] ERROR DNAudit - user=null | ip=null | op=WRITE_CHUNK {blockData=conID: 1 locID: 102445801689514003 bcsId: 14} | ret=FAILURE
org.apache.hadoop.hdds.scm.container.common.helpers.ContainerNotOpenException: Container 1 in CLOSED state
	at org.apache.hadoop.ozone.container.common.impl.HddsDispatcher.validateContainerCommand(HddsDispatcher.java:408) ~[hadoop-hdds-container-service-0.5.0-SNAPSHOT.jar:?]
	at org.apache.hadoop.ozone.container.common.transport.server.ratis.ContainerStateMachine.startTransaction(ContainerStateMachine.java:272) ~[hadoop-hdds-container-service-0.5.0-SNAPSHOT.jar:?]
	at org.apache.ratis.server.impl.RaftServerImpl.submitClientRequestAsync(RaftServerImpl.java:566) ~[ratis-server-0.4.0-2337318-SNAPSHOT.jar:0.4.0-2337318-SNAPSHOT]
	at org.apache.ratis.server.impl.RaftServerProxy.lambda$submitClientRequestAsync$7(RaftServerProxy.java:333) ~[ratis-server-0.4.0-2337318-SNAPSHOT.jar:0.4.0-2337318-SNAPSHOT]
	at org.apache.ratis.server.impl.RaftServerProxy.lambda$null$5(RaftServerProxy.java:328) ~[ratis-server-0.4.0-2337318-SNAPSHOT.jar:0.4.0-2337318-SNAPSHOT]
	at org.apache.ratis.util.JavaUtils.callAsUnchecked(JavaUtils.java:109) ~[ratis-common-0.4.0-2337318-SNAPSHOT.jar:0.4.0-2337318-SNAPSHOT]
	at org.apache.ratis.server.impl.RaftServerProxy.lambda$submitRequest$6(RaftServerProxy.java:328) ~[ratis-server-0.4.0-2337318-SNAPSHOT.jar:0.4.0-2337318-SNAPSHOT]
	at java.util.concurrent.CompletableFuture.uniComposeStage(CompletableFuture.java:981) ~[?:1.8.0_212]
	at java.util.concurrent.CompletableFuture.thenCompose(CompletableFuture.java:2124) ~[?:1.8.0_212]
	at org.apache.ratis.server.impl.RaftServerProxy.submitRequest(RaftServerProxy.java:327) ~[ratis-server-0.4.0-2337318-SNAPSHOT.jar:0.4.0-2337318-SNAPSHOT]
	at org.apache.ratis.server.impl.RaftServerProxy.submitClientRequestAsync(RaftServerProxy.java:333) ~[ratis-server-0.4.0-2337318-SNAPSHOT.jar:0.4.0-2337318-SNAPSHOT]
	at org.apache.ratis.grpc.client.GrpcClientProtocolService$RequestStreamObserver.processClientRequest(GrpcClientProtocolService.java:220) ~[ratis-grpc-0.4.0-2337318-SNAPSHOT.jar:0.4.0-2337318-SNAPSHOT]
	at org.apache.ratis.grpc.client.GrpcClientProtocolService$OrderedRequestStreamObserver.processClientRequest(GrpcClientProtocolService.java:326) ~[ratis-grpc-0.4.0-2337318-SNAPSHOT.jar:0.4.0-2337318-SNAPSHOT]
	at org.apache.ratis.util.SlidingWindow$Server.processRequestsFromHead(SlidingWindow.java:429) [ratis-common-0.4.0-2337318-SNAPSHOT.jar:0.4.0-2337318-SNAPSHOT]
	at org.apache.ratis.util.SlidingWindow$Server.receivedRequest(SlidingWindow.java:421) [ratis-common-0.4.0-2337318-SNAPSHOT.jar:0.4.0-2337318-SNAPSHOT]
	at org.apache.ratis.grpc.client.GrpcClientProtocolService$OrderedRequestStreamObserver.processClientRequest(GrpcClientProtocolService.java:345) [ratis-grpc-0.4.0-2337318-SNAPSHOT.jar:0.4.0-2337318-SNAPSHOT]
	at org.apache.ratis.grpc.client.GrpcClientProtocolService$RequestStreamObserver.onNext(GrpcClientProtocolService.java:240) [ratis-grpc-0.4.0-2337318-SNAPSHOT.jar:0.4.0-2337318-SNAPSHOT]
	at org.apache.ratis.grpc.client.GrpcClientProtocolService$RequestStreamObserver.onNext(GrpcClientProtocolService.java:168) [ratis-grpc-0.4.0-2337318-SNAPSHOT.jar:0.4.0-2337318-SNAPSHOT]
	at org.apache.ratis.thirdparty.io.grpc.stub.ServerCalls$StreamingServerCallHandler$StreamingServerCallListener.onMessage(ServerCalls.java:248) [ratis-thirdparty-misc-0.2.0.jar:0.2.0]
	at org.apache.ratis.thirdparty.io.grpc.internal.ServerCallImpl$ServerStreamListenerImpl.messagesAvailable(ServerCallImpl.java:263) [ratis-thirdparty-misc-0.2.0.jar:0.2.0]
	at org.apache.ratis.thirdparty.io.grpc.internal.ServerImpl$JumpToApplicationThreadServerStreamListener$1MessagesAvailable.runInContext(ServerImpl.java:686) [ratis-thirdparty-misc-0.2.0.jar:0.2.0]
	at org.apache.ratis.thirdparty.io.grpc.internal.ContextRunnable.run(ContextRunnable.java:37) [ratis-thirdparty-misc-0.2.0.jar:0.2.0]
	at org.apache.ratis.thirdparty.io.grpc.internal.SerializingExecutor.run(SerializingExecutor.java:123) [ratis-thirdparty-misc-0.2.0.jar:0.2.0]
	at java.util.concurrent.ThreadPoolExecutor.runWorker(ThreadPoolExecutor.java:1149) [?:1.8.0_212]
	at java.util.concurrent.ThreadPoolExecutor$Worker.run(ThreadPoolExecutor.java:624) [?:1.8.0_212]
	at java.lang.Thread.run(Thread.java:748) [?:1.8.0_212]
13:54:44.760 [grpc-default-executor-4] ERROR DNAudit - user=null | ip=null | op=WRITE_CHUNK {blockData=conID: 1 locID: 102445801689514003 bcsId: 14} | ret=FAILURE
org.apache.hadoop.hdds.scm.container.common.helpers.ContainerNotOpenException: Container 1 in CLOSED state
	at org.apache.hadoop.ozone.container.common.impl.HddsDispatcher.validateContainerCommand(HddsDispatcher.java:408) ~[hadoop-hdds-container-service-0.5.0-SNAPSHOT.jar:?]
	at org.apache.hadoop.ozone.container.common.transport.server.ratis.ContainerStateMachine.startTransaction(ContainerStateMachine.java:272) ~[hadoop-hdds-container-service-0.5.0-SNAPSHOT.jar:?]
	at org.apache.ratis.server.impl.RaftServerImpl.submitClientRequestAsync(RaftServerImpl.java:566) ~[ratis-server-0.4.0-2337318-SNAPSHOT.jar:0.4.0-2337318-SNAPSHOT]
	at org.apache.ratis.server.impl.RaftServerProxy.lambda$submitClientRequestAsync$7(RaftServerProxy.java:333) ~[ratis-server-0.4.0-2337318-SNAPSHOT.jar:0.4.0-2337318-SNAPSHOT]
	at org.apache.ratis.server.impl.RaftServerProxy.lambda$null$5(RaftServerProxy.java:328) ~[ratis-server-0.4.0-2337318-SNAPSHOT.jar:0.4.0-2337318-SNAPSHOT]
	at org.apache.ratis.util.JavaUtils.callAsUnchecked(JavaUtils.java:109) ~[ratis-common-0.4.0-2337318-SNAPSHOT.jar:0.4.0-2337318-SNAPSHOT]
	at org.apache.ratis.server.impl.RaftServerProxy.lambda$submitRequest$6(RaftServerProxy.java:328) ~[ratis-server-0.4.0-2337318-SNAPSHOT.jar:0.4.0-2337318-SNAPSHOT]
	at java.util.concurrent.CompletableFuture.uniComposeStage(CompletableFuture.java:981) ~[?:1.8.0_212]
	at java.util.concurrent.CompletableFuture.thenCompose(CompletableFuture.java:2124) ~[?:1.8.0_212]
	at org.apache.ratis.server.impl.RaftServerProxy.submitRequest(RaftServerProxy.java:327) ~[ratis-server-0.4.0-2337318-SNAPSHOT.jar:0.4.0-2337318-SNAPSHOT]
	at org.apache.ratis.server.impl.RaftServerProxy.submitClientRequestAsync(RaftServerProxy.java:333) ~[ratis-server-0.4.0-2337318-SNAPSHOT.jar:0.4.0-2337318-SNAPSHOT]
	at org.apache.ratis.grpc.client.GrpcClientProtocolService$RequestStreamObserver.processClientRequest(GrpcClientProtocolService.java:220) ~[ratis-grpc-0.4.0-2337318-SNAPSHOT.jar:0.4.0-2337318-SNAPSHOT]
	at org.apache.ratis.grpc.client.GrpcClientProtocolService$OrderedRequestStreamObserver.processClientRequest(GrpcClientProtocolService.java:326) ~[ratis-grpc-0.4.0-2337318-SNAPSHOT.jar:0.4.0-2337318-SNAPSHOT]
	at org.apache.ratis.util.SlidingWindow$Server.processRequestsFromHead(SlidingWindow.java:429) [ratis-common-0.4.0-2337318-SNAPSHOT.jar:0.4.0-2337318-SNAPSHOT]
	at org.apache.ratis.util.SlidingWindow$Server.receivedRequest(SlidingWindow.java:421) [ratis-common-0.4.0-2337318-SNAPSHOT.jar:0.4.0-2337318-SNAPSHOT]
	at org.apache.ratis.grpc.client.GrpcClientProtocolService$OrderedRequestStreamObserver.processClientRequest(GrpcClientProtocolService.java:345) [ratis-grpc-0.4.0-2337318-SNAPSHOT.jar:0.4.0-2337318-SNAPSHOT]
	at org.apache.ratis.grpc.client.GrpcClientProtocolService$RequestStreamObserver.onNext(GrpcClientProtocolService.java:240) [ratis-grpc-0.4.0-2337318-SNAPSHOT.jar:0.4.0-2337318-SNAPSHOT]
	at org.apache.ratis.grpc.client.GrpcClientProtocolService$RequestStreamObserver.onNext(GrpcClientProtocolService.java:168) [ratis-grpc-0.4.0-2337318-SNAPSHOT.jar:0.4.0-2337318-SNAPSHOT]
	at org.apache.ratis.thirdparty.io.grpc.stub.ServerCalls$StreamingServerCallHandler$StreamingServerCallListener.onMessage(ServerCalls.java:248) [ratis-thirdparty-misc-0.2.0.jar:0.2.0]
	at org.apache.ratis.thirdparty.io.grpc.internal.ServerCallImpl$ServerStreamListenerImpl.messagesAvailable(ServerCallImpl.java:263) [ratis-thirdparty-misc-0.2.0.jar:0.2.0]
	at org.apache.ratis.thirdparty.io.grpc.internal.ServerImpl$JumpToApplicationThreadServerStreamListener$1MessagesAvailable.runInContext(ServerImpl.java:686) [ratis-thirdparty-misc-0.2.0.jar:0.2.0]
	at org.apache.ratis.thirdparty.io.grpc.internal.ContextRunnable.run(ContextRunnable.java:37) [ratis-thirdparty-misc-0.2.0.jar:0.2.0]
	at org.apache.ratis.thirdparty.io.grpc.internal.SerializingExecutor.run(SerializingExecutor.java:123) [ratis-thirdparty-misc-0.2.0.jar:0.2.0]
	at java.util.concurrent.ThreadPoolExecutor.runWorker(ThreadPoolExecutor.java:1149) [?:1.8.0_212]
	at java.util.concurrent.ThreadPoolExecutor$Worker.run(ThreadPoolExecutor.java:624) [?:1.8.0_212]
	at java.lang.Thread.run(Thread.java:748) [?:1.8.0_212]
13:54:44.770 [grpc-default-executor-4] ERROR DNAudit - user=null | ip=null | op=PUT_BLOCK {blockData=[blockId=conID: 1 locID: 102445801689514003 bcsId: 0,size=650]} | ret=FAILURE
org.apache.hadoop.hdds.scm.container.common.helpers.ContainerNotOpenException: Container 1 in CLOSED state
	at org.apache.hadoop.ozone.container.common.impl.HddsDispatcher.validateContainerCommand(HddsDispatcher.java:408) ~[hadoop-hdds-container-service-0.5.0-SNAPSHOT.jar:?]
	at org.apache.hadoop.ozone.container.common.transport.server.ratis.ContainerStateMachine.startTransaction(ContainerStateMachine.java:272) ~[hadoop-hdds-container-service-0.5.0-SNAPSHOT.jar:?]
	at org.apache.ratis.server.impl.RaftServerImpl.submitClientRequestAsync(RaftServerImpl.java:566) ~[ratis-server-0.4.0-2337318-SNAPSHOT.jar:0.4.0-2337318-SNAPSHOT]
	at org.apache.ratis.server.impl.RaftServerProxy.lambda$submitClientRequestAsync$7(RaftServerProxy.java:333) ~[ratis-server-0.4.0-2337318-SNAPSHOT.jar:0.4.0-2337318-SNAPSHOT]
	at org.apache.ratis.server.impl.RaftServerProxy.lambda$null$5(RaftServerProxy.java:328) ~[ratis-server-0.4.0-2337318-SNAPSHOT.jar:0.4.0-2337318-SNAPSHOT]
	at org.apache.ratis.util.JavaUtils.callAsUnchecked(JavaUtils.java:109) ~[ratis-common-0.4.0-2337318-SNAPSHOT.jar:0.4.0-2337318-SNAPSHOT]
	at org.apache.ratis.server.impl.RaftServerProxy.lambda$submitRequest$6(RaftServerProxy.java:328) ~[ratis-server-0.4.0-2337318-SNAPSHOT.jar:0.4.0-2337318-SNAPSHOT]
	at java.util.concurrent.CompletableFuture.uniComposeStage(CompletableFuture.java:981) ~[?:1.8.0_212]
	at java.util.concurrent.CompletableFuture.thenCompose(CompletableFuture.java:2124) ~[?:1.8.0_212]
	at org.apache.ratis.server.impl.RaftServerProxy.submitRequest(RaftServerProxy.java:327) ~[ratis-server-0.4.0-2337318-SNAPSHOT.jar:0.4.0-2337318-SNAPSHOT]
	at org.apache.ratis.server.impl.RaftServerProxy.submitClientRequestAsync(RaftServerProxy.java:333) ~[ratis-server-0.4.0-2337318-SNAPSHOT.jar:0.4.0-2337318-SNAPSHOT]
	at org.apache.ratis.grpc.client.GrpcClientProtocolService$RequestStreamObserver.processClientRequest(GrpcClientProtocolService.java:220) ~[ratis-grpc-0.4.0-2337318-SNAPSHOT.jar:0.4.0-2337318-SNAPSHOT]
	at org.apache.ratis.grpc.client.GrpcClientProtocolService$OrderedRequestStreamObserver.processClientRequest(GrpcClientProtocolService.java:326) ~[ratis-grpc-0.4.0-2337318-SNAPSHOT.jar:0.4.0-2337318-SNAPSHOT]
	at org.apache.ratis.util.SlidingWindow$Server.processRequestsFromHead(SlidingWindow.java:429) [ratis-common-0.4.0-2337318-SNAPSHOT.jar:0.4.0-2337318-SNAPSHOT]
	at org.apache.ratis.util.SlidingWindow$Server.receivedRequest(SlidingWindow.java:421) [ratis-common-0.4.0-2337318-SNAPSHOT.jar:0.4.0-2337318-SNAPSHOT]
	at org.apache.ratis.grpc.client.GrpcClientProtocolService$OrderedRequestStreamObserver.processClientRequest(GrpcClientProtocolService.java:345) [ratis-grpc-0.4.0-2337318-SNAPSHOT.jar:0.4.0-2337318-SNAPSHOT]
	at org.apache.ratis.grpc.client.GrpcClientProtocolService$RequestStreamObserver.onNext(GrpcClientProtocolService.java:240) [ratis-grpc-0.4.0-2337318-SNAPSHOT.jar:0.4.0-2337318-SNAPSHOT]
	at org.apache.ratis.grpc.client.GrpcClientProtocolService$RequestStreamObserver.onNext(GrpcClientProtocolService.java:168) [ratis-grpc-0.4.0-2337318-SNAPSHOT.jar:0.4.0-2337318-SNAPSHOT]
	at org.apache.ratis.thirdparty.io.grpc.stub.ServerCalls$StreamingServerCallHandler$StreamingServerCallListener.onMessage(ServerCalls.java:248) [ratis-thirdparty-misc-0.2.0.jar:0.2.0]
	at org.apache.ratis.thirdparty.io.grpc.internal.ServerCallImpl$ServerStreamListenerImpl.messagesAvailable(ServerCallImpl.java:263) [ratis-thirdparty-misc-0.2.0.jar:0.2.0]
	at org.apache.ratis.thirdparty.io.grpc.internal.ServerImpl$JumpToApplicationThreadServerStreamListener$1MessagesAvailable.runInContext(ServerImpl.java:686) [ratis-thirdparty-misc-0.2.0.jar:0.2.0]
	at org.apache.ratis.thirdparty.io.grpc.internal.ContextRunnable.run(ContextRunnable.java:37) [ratis-thirdparty-misc-0.2.0.jar:0.2.0]
	at org.apache.ratis.thirdparty.io.grpc.internal.SerializingExecutor.run(SerializingExecutor.java:123) [ratis-thirdparty-misc-0.2.0.jar:0.2.0]
	at java.util.concurrent.ThreadPoolExecutor.runWorker(ThreadPoolExecutor.java:1149) [?:1.8.0_212]
	at java.util.concurrent.ThreadPoolExecutor$Worker.run(ThreadPoolExecutor.java:624) [?:1.8.0_212]
	at java.lang.Thread.run(Thread.java:748) [?:1.8.0_212]
2019-07-15 13:54:44,772 INFO  client.GrpcClientProtocolClient (GrpcClientProtocolClient.java:onNext(255)) - client-4B00E61DC85C->886e9123-32ea-475d-8716-5d117160d71f: receive RaftClientReply:client-4B00E61DC85C->886e9123-32ea-475d-8716-5d117160d71f@group-0EECF98D7D1B, cid=237, FAILED org.apache.ratis.protocol.StateMachineException: org.apache.hadoop.hdds.scm.container.common.helpers.ContainerNotOpenException from Server 886e9123-32ea-475d-8716-5d117160d71f: Container 1 in CLOSED state, logIndex=0, commits[886e9123-32ea-475d-8716-5d117160d71f:c18, 0aab5e31-ebd2-4af7-90a5-47b60834ebd7:c17, d2a65497-a6c0-4de2-9e4b-ff8c084f9f7d:c17]
2019-07-15 13:54:44,784 INFO  client.GrpcClientProtocolClient (GrpcClientProtocolClient.java:onNext(255)) - client-4B00E61DC85C->886e9123-32ea-475d-8716-5d117160d71f: receive RaftClientReply:client-4B00E61DC85C->886e9123-32ea-475d-8716-5d117160d71f@group-0EECF98D7D1B, cid=238, FAILED org.apache.ratis.protocol.StateMachineException: org.apache.hadoop.hdds.scm.container.common.helpers.ContainerNotOpenException from Server 886e9123-32ea-475d-8716-5d117160d71f: Container 1 in CLOSED state, logIndex=0, commits[886e9123-32ea-475d-8716-5d117160d71f:c18, 0aab5e31-ebd2-4af7-90a5-47b60834ebd7:c17, d2a65497-a6c0-4de2-9e4b-ff8c084f9f7d:c17]
13:54:44.784 [grpc-default-executor-4] ERROR DNAudit - user=null | ip=null | op=WRITE_CHUNK {blockData=conID: 1 locID: 102445801689514003 bcsId: 14} | ret=FAILURE
org.apache.hadoop.hdds.scm.container.common.helpers.ContainerNotOpenException: Container 1 in CLOSED state
	at org.apache.hadoop.ozone.container.common.impl.HddsDispatcher.validateContainerCommand(HddsDispatcher.java:408) ~[hadoop-hdds-container-service-0.5.0-SNAPSHOT.jar:?]
	at org.apache.hadoop.ozone.container.common.transport.server.ratis.ContainerStateMachine.startTransaction(ContainerStateMachine.java:272) ~[hadoop-hdds-container-service-0.5.0-SNAPSHOT.jar:?]
	at org.apache.ratis.server.impl.RaftServerImpl.submitClientRequestAsync(RaftServerImpl.java:566) ~[ratis-server-0.4.0-2337318-SNAPSHOT.jar:0.4.0-2337318-SNAPSHOT]
	at org.apache.ratis.server.impl.RaftServerProxy.lambda$submitClientRequestAsync$7(RaftServerProxy.java:333) ~[ratis-server-0.4.0-2337318-SNAPSHOT.jar:0.4.0-2337318-SNAPSHOT]
	at org.apache.ratis.server.impl.RaftServerProxy.lambda$null$5(RaftServerProxy.java:328) ~[ratis-server-0.4.0-2337318-SNAPSHOT.jar:0.4.0-2337318-SNAPSHOT]
	at org.apache.ratis.util.JavaUtils.callAsUnchecked(JavaUtils.java:109) ~[ratis-common-0.4.0-2337318-SNAPSHOT.jar:0.4.0-2337318-SNAPSHOT]
	at org.apache.ratis.server.impl.RaftServerProxy.lambda$submitRequest$6(RaftServerProxy.java:328) ~[ratis-server-0.4.0-2337318-SNAPSHOT.jar:0.4.0-2337318-SNAPSHOT]
	at java.util.concurrent.CompletableFuture.uniComposeStage(CompletableFuture.java:981) ~[?:1.8.0_212]
	at java.util.concurrent.CompletableFuture.thenCompose(CompletableFuture.java:2124) ~[?:1.8.0_212]
	at org.apache.ratis.server.impl.RaftServerProxy.submitRequest(RaftServerProxy.java:327) ~[ratis-server-0.4.0-2337318-SNAPSHOT.jar:0.4.0-2337318-SNAPSHOT]
	at org.apache.ratis.server.impl.RaftServerProxy.submitClientRequestAsync(RaftServerProxy.java:333) ~[ratis-server-0.4.0-2337318-SNAPSHOT.jar:0.4.0-2337318-SNAPSHOT]
	at org.apache.ratis.grpc.client.GrpcClientProtocolService$RequestStreamObserver.processClientRequest(GrpcClientProtocolService.java:220) ~[ratis-grpc-0.4.0-2337318-SNAPSHOT.jar:0.4.0-2337318-SNAPSHOT]
	at org.apache.ratis.grpc.client.GrpcClientProtocolService$OrderedRequestStreamObserver.processClientRequest(GrpcClientProtocolService.java:326) ~[ratis-grpc-0.4.0-2337318-SNAPSHOT.jar:0.4.0-2337318-SNAPSHOT]
	at org.apache.ratis.util.SlidingWindow$Server.processRequestsFromHead(SlidingWindow.java:429) [ratis-common-0.4.0-2337318-SNAPSHOT.jar:0.4.0-2337318-SNAPSHOT]
	at org.apache.ratis.util.SlidingWindow$Server.receivedRequest(SlidingWindow.java:421) [ratis-common-0.4.0-2337318-SNAPSHOT.jar:0.4.0-2337318-SNAPSHOT]
	at org.apache.ratis.grpc.client.GrpcClientProtocolService$OrderedRequestStreamObserver.processClientRequest(GrpcClientProtocolService.java:345) [ratis-grpc-0.4.0-2337318-SNAPSHOT.jar:0.4.0-2337318-SNAPSHOT]
	at org.apache.ratis.grpc.client.GrpcClientProtocolService$RequestStreamObserver.onNext(GrpcClientProtocolService.java:240) [ratis-grpc-0.4.0-2337318-SNAPSHOT.jar:0.4.0-2337318-SNAPSHOT]
	at org.apache.ratis.grpc.client.GrpcClientProtocolService$RequestStreamObserver.onNext(GrpcClientProtocolService.java:168) [ratis-grpc-0.4.0-2337318-SNAPSHOT.jar:0.4.0-2337318-SNAPSHOT]
	at org.apache.ratis.thirdparty.io.grpc.stub.ServerCalls$StreamingServerCallHandler$StreamingServerCallListener.onMessage(ServerCalls.java:248) [ratis-thirdparty-misc-0.2.0.jar:0.2.0]
	at org.apache.ratis.thirdparty.io.grpc.internal.ServerCallImpl$ServerStreamListenerImpl.messagesAvailable(ServerCallImpl.java:263) [ratis-thirdparty-misc-0.2.0.jar:0.2.0]
	at org.apache.ratis.thirdparty.io.grpc.internal.ServerImpl$JumpToApplicationThreadServerStreamListener$1MessagesAvailable.runInContext(ServerImpl.java:686) [ratis-thirdparty-misc-0.2.0.jar:0.2.0]
	at org.apache.ratis.thirdparty.io.grpc.internal.ContextRunnable.run(ContextRunnable.java:37) [ratis-thirdparty-misc-0.2.0.jar:0.2.0]
	at org.apache.ratis.thirdparty.io.grpc.internal.SerializingExecutor.run(SerializingExecutor.java:123) [ratis-thirdparty-misc-0.2.0.jar:0.2.0]
	at java.util.concurrent.ThreadPoolExecutor.runWorker(ThreadPoolExecutor.java:1149) [?:1.8.0_212]
	at java.util.concurrent.ThreadPoolExecutor$Worker.run(ThreadPoolExecutor.java:624) [?:1.8.0_212]
	at java.lang.Thread.run(Thread.java:748) [?:1.8.0_212]
2019-07-15 13:54:44,790 INFO  client.GrpcClientProtocolClient (GrpcClientProtocolClient.java:onNext(255)) - client-4B00E61DC85C->886e9123-32ea-475d-8716-5d117160d71f: receive RaftClientReply:client-4B00E61DC85C->886e9123-32ea-475d-8716-5d117160d71f@group-0EECF98D7D1B, cid=239, FAILED org.apache.ratis.protocol.StateMachineException: org.apache.hadoop.hdds.scm.container.common.helpers.ContainerNotOpenException from Server 886e9123-32ea-475d-8716-5d117160d71f: Container 1 in CLOSED state, logIndex=0, commits[886e9123-32ea-475d-8716-5d117160d71f:c18, 0aab5e31-ebd2-4af7-90a5-47b60834ebd7:c17, d2a65497-a6c0-4de2-9e4b-ff8c084f9f7d:c17]
13:54:44.791 [grpc-default-executor-4] ERROR DNAudit - user=null | ip=null | op=WRITE_CHUNK {blockData=conID: 1 locID: 102445801689514003 bcsId: 14} | ret=FAILURE
org.apache.hadoop.hdds.scm.container.common.helpers.ContainerNotOpenException: Container 1 in CLOSED state
	at org.apache.hadoop.ozone.container.common.impl.HddsDispatcher.validateContainerCommand(HddsDispatcher.java:408) ~[hadoop-hdds-container-service-0.5.0-SNAPSHOT.jar:?]
	at org.apache.hadoop.ozone.container.common.transport.server.ratis.ContainerStateMachine.startTransaction(ContainerStateMachine.java:272) ~[hadoop-hdds-container-service-0.5.0-SNAPSHOT.jar:?]
	at org.apache.ratis.server.impl.RaftServerImpl.submitClientRequestAsync(RaftServerImpl.java:566) ~[ratis-server-0.4.0-2337318-SNAPSHOT.jar:0.4.0-2337318-SNAPSHOT]
	at org.apache.ratis.server.impl.RaftServerProxy.lambda$submitClientRequestAsync$7(RaftServerProxy.java:333) ~[ratis-server-0.4.0-2337318-SNAPSHOT.jar:0.4.0-2337318-SNAPSHOT]
	at org.apache.ratis.server.impl.RaftServerProxy.lambda$null$5(RaftServerProxy.java:328) ~[ratis-server-0.4.0-2337318-SNAPSHOT.jar:0.4.0-2337318-SNAPSHOT]
	at org.apache.ratis.util.JavaUtils.callAsUnchecked(JavaUtils.java:109) ~[ratis-common-0.4.0-2337318-SNAPSHOT.jar:0.4.0-2337318-SNAPSHOT]
	at org.apache.ratis.server.impl.RaftServerProxy.lambda$submitRequest$6(RaftServerProxy.java:328) ~[ratis-server-0.4.0-2337318-SNAPSHOT.jar:0.4.0-2337318-SNAPSHOT]
	at java.util.concurrent.CompletableFuture.uniComposeStage(CompletableFuture.java:981) ~[?:1.8.0_212]
	at java.util.concurrent.CompletableFuture.thenCompose(CompletableFuture.java:2124) ~[?:1.8.0_212]
	at org.apache.ratis.server.impl.RaftServerProxy.submitRequest(RaftServerProxy.java:327) ~[ratis-server-0.4.0-2337318-SNAPSHOT.jar:0.4.0-2337318-SNAPSHOT]
	at org.apache.ratis.server.impl.RaftServerProxy.submitClientRequestAsync(RaftServerProxy.java:333) ~[ratis-server-0.4.0-2337318-SNAPSHOT.jar:0.4.0-2337318-SNAPSHOT]
	at org.apache.ratis.grpc.client.GrpcClientProtocolService$RequestStreamObserver.processClientRequest(GrpcClientProtocolService.java:220) ~[ratis-grpc-0.4.0-2337318-SNAPSHOT.jar:0.4.0-2337318-SNAPSHOT]
	at org.apache.ratis.grpc.client.GrpcClientProtocolService$OrderedRequestStreamObserver.processClientRequest(GrpcClientProtocolService.java:326) ~[ratis-grpc-0.4.0-2337318-SNAPSHOT.jar:0.4.0-2337318-SNAPSHOT]
	at org.apache.ratis.util.SlidingWindow$Server.processRequestsFromHead(SlidingWindow.java:429) [ratis-common-0.4.0-2337318-SNAPSHOT.jar:0.4.0-2337318-SNAPSHOT]
	at org.apache.ratis.util.SlidingWindow$Server.receivedRequest(SlidingWindow.java:421) [ratis-common-0.4.0-2337318-SNAPSHOT.jar:0.4.0-2337318-SNAPSHOT]
	at org.apache.ratis.grpc.client.GrpcClientProtocolService$OrderedRequestStreamObserver.processClientRequest(GrpcClientProtocolService.java:345) [ratis-grpc-0.4.0-2337318-SNAPSHOT.jar:0.4.0-2337318-SNAPSHOT]
	at org.apache.ratis.grpc.client.GrpcClientProtocolService$RequestStreamObserver.onNext(GrpcClientProtocolService.java:240) [ratis-grpc-0.4.0-2337318-SNAPSHOT.jar:0.4.0-2337318-SNAPSHOT]
	at org.apache.ratis.grpc.client.GrpcClientProtocolService$RequestStreamObserver.onNext(GrpcClientProtocolService.java:168) [ratis-grpc-0.4.0-2337318-SNAPSHOT.jar:0.4.0-2337318-SNAPSHOT]
	at org.apache.ratis.thirdparty.io.grpc.stub.ServerCalls$StreamingServerCallHandler$StreamingServerCallListener.onMessage(ServerCalls.java:248) [ratis-thirdparty-misc-0.2.0.jar:0.2.0]
	at org.apache.ratis.thirdparty.io.grpc.internal.ServerCallImpl$ServerStreamListenerImpl.messagesAvailable(ServerCallImpl.java:263) [ratis-thirdparty-misc-0.2.0.jar:0.2.0]
	at org.apache.ratis.thirdparty.io.grpc.internal.ServerImpl$JumpToApplicationThreadServerStreamListener$1MessagesAvailable.runInContext(ServerImpl.java:686) [ratis-thirdparty-misc-0.2.0.jar:0.2.0]
	at org.apache.ratis.thirdparty.io.grpc.internal.ContextRunnable.run(ContextRunnable.java:37) [ratis-thirdparty-misc-0.2.0.jar:0.2.0]
	at org.apache.ratis.thirdparty.io.grpc.internal.SerializingExecutor.run(SerializingExecutor.java:123) [ratis-thirdparty-misc-0.2.0.jar:0.2.0]
	at java.util.concurrent.ThreadPoolExecutor.runWorker(ThreadPoolExecutor.java:1149) [?:1.8.0_212]
	at java.util.concurrent.ThreadPoolExecutor$Worker.run(ThreadPoolExecutor.java:624) [?:1.8.0_212]
	at java.lang.Thread.run(Thread.java:748) [?:1.8.0_212]
2019-07-15 13:54:44,792 INFO  client.GrpcClientProtocolClient (GrpcClientProtocolClient.java:onNext(255)) - client-4B00E61DC85C->886e9123-32ea-475d-8716-5d117160d71f: receive RaftClientReply:client-4B00E61DC85C->886e9123-32ea-475d-8716-5d117160d71f@group-0EECF98D7D1B, cid=240, FAILED org.apache.ratis.protocol.StateMachineException: org.apache.hadoop.hdds.scm.container.common.helpers.ContainerNotOpenException from Server 886e9123-32ea-475d-8716-5d117160d71f: Container 1 in CLOSED state, logIndex=0, commits[886e9123-32ea-475d-8716-5d117160d71f:c18, 0aab5e31-ebd2-4af7-90a5-47b60834ebd7:c17, d2a65497-a6c0-4de2-9e4b-ff8c084f9f7d:c17]
13:54:44.798 [grpc-default-executor-8] ERROR DNAudit - user=null | ip=null | op=PUT_BLOCK {blockData=[blockId=conID: 1 locID: 102445801689514003 bcsId: 0,size=800]} | ret=FAILURE
org.apache.hadoop.hdds.scm.container.common.helpers.ContainerNotOpenException: Container 1 in CLOSED state
	at org.apache.hadoop.ozone.container.common.impl.HddsDispatcher.validateContainerCommand(HddsDispatcher.java:408) ~[hadoop-hdds-container-service-0.5.0-SNAPSHOT.jar:?]
	at org.apache.hadoop.ozone.container.common.transport.server.ratis.ContainerStateMachine.startTransaction(ContainerStateMachine.java:272) ~[hadoop-hdds-container-service-0.5.0-SNAPSHOT.jar:?]
	at org.apache.ratis.server.impl.RaftServerImpl.submitClientRequestAsync(RaftServerImpl.java:566) ~[ratis-server-0.4.0-2337318-SNAPSHOT.jar:0.4.0-2337318-SNAPSHOT]
	at org.apache.ratis.server.impl.RaftServerProxy.lambda$submitClientRequestAsync$7(RaftServerProxy.java:333) ~[ratis-server-0.4.0-2337318-SNAPSHOT.jar:0.4.0-2337318-SNAPSHOT]
	at org.apache.ratis.server.impl.RaftServerProxy.lambda$null$5(RaftServerProxy.java:328) ~[ratis-server-0.4.0-2337318-SNAPSHOT.jar:0.4.0-2337318-SNAPSHOT]
	at org.apache.ratis.util.JavaUtils.callAsUnchecked(JavaUtils.java:109) ~[ratis-common-0.4.0-2337318-SNAPSHOT.jar:0.4.0-2337318-SNAPSHOT]
	at org.apache.ratis.server.impl.RaftServerProxy.lambda$submitRequest$6(RaftServerProxy.java:328) ~[ratis-server-0.4.0-2337318-SNAPSHOT.jar:0.4.0-2337318-SNAPSHOT]
	at java.util.concurrent.CompletableFuture.uniComposeStage(CompletableFuture.java:981) ~[?:1.8.0_212]
	at java.util.concurrent.CompletableFuture.thenCompose(CompletableFuture.java:2124) ~[?:1.8.0_212]
	at org.apache.ratis.server.impl.RaftServerProxy.submitRequest(RaftServerProxy.java:327) ~[ratis-server-0.4.0-2337318-SNAPSHOT.jar:0.4.0-2337318-SNAPSHOT]
	at org.apache.ratis.server.impl.RaftServerProxy.submitClientRequestAsync(RaftServerProxy.java:333) ~[ratis-server-0.4.0-2337318-SNAPSHOT.jar:0.4.0-2337318-SNAPSHOT]
	at org.apache.ratis.grpc.client.GrpcClientProtocolService$RequestStreamObserver.processClientRequest(GrpcClientProtocolService.java:220) ~[ratis-grpc-0.4.0-2337318-SNAPSHOT.jar:0.4.0-2337318-SNAPSHOT]
	at org.apache.ratis.grpc.client.GrpcClientProtocolService$OrderedRequestStreamObserver.processClientRequest(GrpcClientProtocolService.java:326) ~[ratis-grpc-0.4.0-2337318-SNAPSHOT.jar:0.4.0-2337318-SNAPSHOT]
	at org.apache.ratis.util.SlidingWindow$Server.processRequestsFromHead(SlidingWindow.java:429) [ratis-common-0.4.0-2337318-SNAPSHOT.jar:0.4.0-2337318-SNAPSHOT]
	at org.apache.ratis.util.SlidingWindow$Server.receivedRequest(SlidingWindow.java:421) [ratis-common-0.4.0-2337318-SNAPSHOT.jar:0.4.0-2337318-SNAPSHOT]
	at org.apache.ratis.grpc.client.GrpcClientProtocolService$OrderedRequestStreamObserver.processClientRequest(GrpcClientProtocolService.java:345) [ratis-grpc-0.4.0-2337318-SNAPSHOT.jar:0.4.0-2337318-SNAPSHOT]
	at org.apache.ratis.grpc.client.GrpcClientProtocolService$RequestStreamObserver.onNext(GrpcClientProtocolService.java:240) [ratis-grpc-0.4.0-2337318-SNAPSHOT.jar:0.4.0-2337318-SNAPSHOT]
	at org.apache.ratis.grpc.client.GrpcClientProtocolService$RequestStreamObserver.onNext(GrpcClientProtocolService.java:168) [ratis-grpc-0.4.0-2337318-SNAPSHOT.jar:0.4.0-2337318-SNAPSHOT]
	at org.apache.ratis.thirdparty.io.grpc.stub.ServerCalls$StreamingServerCallHandler$StreamingServerCallListener.onMessage(ServerCalls.java:248) [ratis-thirdparty-misc-0.2.0.jar:0.2.0]
	at org.apache.ratis.thirdparty.io.grpc.internal.ServerCallImpl$ServerStreamListenerImpl.messagesAvailable(ServerCallImpl.java:263) [ratis-thirdparty-misc-0.2.0.jar:0.2.0]
	at org.apache.ratis.thirdparty.io.grpc.internal.ServerImpl$JumpToApplicationThreadServerStreamListener$1MessagesAvailable.runInContext(ServerImpl.java:686) [ratis-thirdparty-misc-0.2.0.jar:0.2.0]
	at org.apache.ratis.thirdparty.io.grpc.internal.ContextRunnable.run(ContextRunnable.java:37) [ratis-thirdparty-misc-0.2.0.jar:0.2.0]
	at org.apache.ratis.thirdparty.io.grpc.internal.SerializingExecutor.run(SerializingExecutor.java:123) [ratis-thirdparty-misc-0.2.0.jar:0.2.0]
	at java.util.concurrent.ThreadPoolExecutor.runWorker(ThreadPoolExecutor.java:1149) [?:1.8.0_212]
	at java.util.concurrent.ThreadPoolExecutor$Worker.run(ThreadPoolExecutor.java:624) [?:1.8.0_212]
	at java.lang.Thread.run(Thread.java:748) [?:1.8.0_212]
2019-07-15 13:54:44,799 INFO  client.GrpcClientProtocolClient (GrpcClientProtocolClient.java:onNext(255)) - client-4B00E61DC85C->886e9123-32ea-475d-8716-5d117160d71f: receive RaftClientReply:client-4B00E61DC85C->886e9123-32ea-475d-8716-5d117160d71f@group-0EECF98D7D1B, cid=241, FAILED org.apache.ratis.protocol.StateMachineException: org.apache.hadoop.hdds.scm.container.common.helpers.ContainerNotOpenException from Server 886e9123-32ea-475d-8716-5d117160d71f: Container 1 in CLOSED state, logIndex=0, commits[886e9123-32ea-475d-8716-5d117160d71f:c18, 0aab5e31-ebd2-4af7-90a5-47b60834ebd7:c17, d2a65497-a6c0-4de2-9e4b-ff8c084f9f7d:c17]
2019-07-15 13:54:44,807 INFO  client.GrpcClientProtocolClient (GrpcClientProtocolClient.java:onNext(255)) - client-4B00E61DC85C->886e9123-32ea-475d-8716-5d117160d71f: receive RaftClientReply:client-4B00E61DC85C->886e9123-32ea-475d-8716-5d117160d71f@group-0EECF98D7D1B, cid=242, FAILED org.apache.ratis.protocol.StateMachineException: org.apache.hadoop.hdds.scm.container.common.helpers.ContainerNotOpenException from Server 886e9123-32ea-475d-8716-5d117160d71f: Container 1 in CLOSED state, logIndex=0, commits[886e9123-32ea-475d-8716-5d117160d71f:c18, 0aab5e31-ebd2-4af7-90a5-47b60834ebd7:c17, d2a65497-a6c0-4de2-9e4b-ff8c084f9f7d:c17]
2019-07-15 13:54:44,939 INFO  client.GrpcClientProtocolClient (GrpcClientProtocolClient.java:onNext(255)) - client-4B00E61DC85C->886e9123-32ea-475d-8716-5d117160d71f: receive RaftClientReply:client-4B00E61DC85C->886e9123-32ea-475d-8716-5d117160d71f@group-0EECF98D7D1B, cid=243, SUCCESS, logIndex=19, commits[886e9123-32ea-475d-8716-5d117160d71f:c24, 0aab5e31-ebd2-4af7-90a5-47b60834ebd7:c18, d2a65497-a6c0-4de2-9e4b-ff8c084f9f7d:c18]
2019-07-15 13:54:44,940 INFO  client.GrpcClientProtocolClient (GrpcClientProtocolClient.java:onNext(255)) - client-4B00E61DC85C->886e9123-32ea-475d-8716-5d117160d71f: receive RaftClientReply:client-4B00E61DC85C->886e9123-32ea-475d-8716-5d117160d71f@group-0EECF98D7D1B, cid=244, SUCCESS, logIndex=20, commits[886e9123-32ea-475d-8716-5d117160d71f:c24, 0aab5e31-ebd2-4af7-90a5-47b60834ebd7:c18, d2a65497-a6c0-4de2-9e4b-ff8c084f9f7d:c18]
2019-07-15 13:54:44,982 INFO  client.GrpcClientProtocolClient (GrpcClientProtocolClient.java:onNext(255)) - client-4B00E61DC85C->886e9123-32ea-475d-8716-5d117160d71f: receive RaftClientReply:client-4B00E61DC85C->886e9123-32ea-475d-8716-5d117160d71f@group-0EECF98D7D1B, cid=245, SUCCESS, logIndex=21, commits[886e9123-32ea-475d-8716-5d117160d71f:c29, 0aab5e31-ebd2-4af7-90a5-47b60834ebd7:c24, d2a65497-a6c0-4de2-9e4b-ff8c084f9f7d:c24]
2019-07-15 13:54:44,983 INFO  client.GrpcClientProtocolClient (GrpcClientProtocolClient.java:onNext(255)) - client-4B00E61DC85C->886e9123-32ea-475d-8716-5d117160d71f: receive RaftClientReply:client-4B00E61DC85C->886e9123-32ea-475d-8716-5d117160d71f@group-0EECF98D7D1B, cid=246, SUCCESS, logIndex=22, commits[886e9123-32ea-475d-8716-5d117160d71f:c29, 0aab5e31-ebd2-4af7-90a5-47b60834ebd7:c24, d2a65497-a6c0-4de2-9e4b-ff8c084f9f7d:c24]
2019-07-15 13:54:44,983 INFO  client.GrpcClientProtocolClient (GrpcClientProtocolClient.java:onNext(255)) - client-4B00E61DC85C->886e9123-32ea-475d-8716-5d117160d71f: receive RaftClientReply:client-4B00E61DC85C->886e9123-32ea-475d-8716-5d117160d71f@group-0EECF98D7D1B, cid=247, SUCCESS, logIndex=23, commits[886e9123-32ea-475d-8716-5d117160d71f:c29, 0aab5e31-ebd2-4af7-90a5-47b60834ebd7:c24, d2a65497-a6c0-4de2-9e4b-ff8c084f9f7d:c24]
2019-07-15 13:54:45,077 INFO  client.GrpcClientProtocolClient (GrpcClientProtocolClient.java:onNext(255)) - client-4B00E61DC85C->886e9123-32ea-475d-8716-5d117160d71f: receive RaftClientReply:client-4B00E61DC85C->886e9123-32ea-475d-8716-5d117160d71f@group-0EECF98D7D1B, cid=248, SUCCESS, logIndex=24, commits[886e9123-32ea-475d-8716-5d117160d71f:c29, 0aab5e31-ebd2-4af7-90a5-47b60834ebd7:c24, d2a65497-a6c0-4de2-9e4b-ff8c084f9f7d:c24]
2019-07-15 13:54:45,095 INFO  client.GrpcClientProtocolClient (GrpcClientProtocolClient.java:onNext(255)) - client-4B00E61DC85C->886e9123-32ea-475d-8716-5d117160d71f: receive RaftClientReply:client-4B00E61DC85C->886e9123-32ea-475d-8716-5d117160d71f@group-0EECF98D7D1B, cid=249, SUCCESS, logIndex=30, commits[886e9123-32ea-475d-8716-5d117160d71f:c31, 0aab5e31-ebd2-4af7-90a5-47b60834ebd7:c29, d2a65497-a6c0-4de2-9e4b-ff8c084f9f7d:c29]
2019-07-15 13:54:45,096 INFO  client.GrpcClientProtocolClient (GrpcClientProtocolClient.java:onNext(255)) - client-4B00E61DC85C->886e9123-32ea-475d-8716-5d117160d71f: receive RaftClientReply:client-4B00E61DC85C->886e9123-32ea-475d-8716-5d117160d71f@group-0EECF98D7D1B, cid=250, SUCCESS, logIndex=31, commits[886e9123-32ea-475d-8716-5d117160d71f:c31, 0aab5e31-ebd2-4af7-90a5-47b60834ebd7:c29, d2a65497-a6c0-4de2-9e4b-ff8c084f9f7d:c29]
2019-07-15 13:54:45,098 INFO  client.GrpcClientProtocolClient (GrpcClientProtocolClient.java:onNext(255)) - client-4B00E61DC85C->886e9123-32ea-475d-8716-5d117160d71f: receive RaftClientReply:client-4B00E61DC85C->886e9123-32ea-475d-8716-5d117160d71f@group-0EECF98D7D1B, cid=251, SUCCESS, logIndex=0, commits[886e9123-32ea-475d-8716-5d117160d71f:c32, 0aab5e31-ebd2-4af7-90a5-47b60834ebd7:c31, d2a65497-a6c0-4de2-9e4b-ff8c084f9f7d:c31]
2019-07-15 13:54:45,116 INFO  pipeline.Pipeline (Pipeline.java:getProtobufMessage(195)) - Serialize pipeline PipelineID=083c9e1a-0de4-4561-ad7a-0eecf98d7d1b with nodesInOrder{ }
2019-07-15 13:54:45,118 INFO  ozone.MiniOzoneClusterImpl (MiniOzoneClusterImpl.java:shutdown(321)) - Shutting down the Mini Ozone Cluster
2019-07-15 13:54:45,118 INFO  ozone.MiniOzoneClusterImpl (MiniOzoneClusterImpl.java:stop(336)) - Stopping the Mini Ozone Cluster
2019-07-15 13:54:45,118 INFO  ozone.MiniOzoneClusterImpl (MiniOzoneClusterImpl.java:stop(338)) - Stopping the OzoneManager
2019-07-15 13:54:45,118 INFO  ipc.Server (Server.java:stop(3082)) - Stopping server on 39923
2019-07-15 13:54:45,137 INFO  ipc.Server (Server.java:run(1185)) - Stopping IPC Server listener on 39923
2019-07-15 13:54:45,140 INFO  utils.BackgroundService (BackgroundService.java:shutdown(148)) - Shutting down service KeyDeletingService
2019-07-15 13:54:45,140 INFO  ipc.Server (Server.java:run(1319)) - Stopping IPC Server Responder
2019-07-15 13:54:45,172 INFO  handler.ContextHandler (ContextHandler.java:doStop(910)) - Stopped o.e.j.w.WebAppContext@7545cb17{/,null,UNAVAILABLE}{/ozoneManager}
2019-07-15 13:54:45,173 INFO  server.AbstractConnector (AbstractConnector.java:doStop(318)) - Stopped ServerConnector@635b3ec7{HTTP/1.1,[http/1.1]}{0.0.0.0:0}
2019-07-15 13:54:45,173 INFO  handler.ContextHandler (ContextHandler.java:doStop(910)) - Stopped o.e.j.s.ServletContextHandler@25874884{/static,file:///workdir/hadoop-ozone/integration-test/target/test-classes/webapps/static,UNAVAILABLE}
2019-07-15 13:54:45,174 INFO  handler.ContextHandler (ContextHandler.java:doStop(910)) - Stopped o.e.j.s.ServletContextHandler@c6b08a5{/logs,file:///workdir/hadoop-ozone/integration-test/target/log,UNAVAILABLE}
2019-07-15 13:54:45,178 INFO  ozone.MiniOzoneClusterImpl (MiniOzoneClusterImpl.java:stop(344)) - Shutting the HddsDatanodes
2019-07-15 13:54:45,178 INFO  datanode.ObjectStoreHandler (ObjectStoreHandler.java:close(155)) - Closing ObjectStoreHandler.
2019-07-15 13:54:45,178 INFO  datanode.ObjectStoreHandler (ObjectStoreHandler.java:close(155)) - Closing ObjectStoreHandler.
2019-07-15 13:54:45,179 INFO  ozone.HddsDatanodeService (HddsDatanodeService.java:stop(452)) - Stopped plug-in org.apache.hadoop.ozone.web.OzoneHddsDatanodeService@3bafa95b
2019-07-15 13:54:45,179 INFO  ozone.HddsDatanodeService (HddsDatanodeService.java:stop(452)) - Stopped plug-in org.apache.hadoop.ozone.web.OzoneHddsDatanodeService@74ae2dec
2019-07-15 13:54:45,709 INFO  statemachine.DatanodeStateMachine (DatanodeStateMachine.java:lambda$startDaemon$0(350)) - Ozone container server started.
2019-07-15 13:54:45,923 INFO  statemachine.DatanodeStateMachine (DatanodeStateMachine.java:lambda$startDaemon$0(350)) - Ozone container server started.
2019-07-15 13:54:47,271 INFO  impl.FollowerState (FollowerState.java:run(106)) - df667d47-7d3a-4c8d-aeb4-7fe15e6e70ad:group-83A5CE6E1770 changes to CANDIDATE, lastRpcTime:5044, electionTimeout:5044ms
2019-07-15 13:54:47,272 INFO  impl.RoleInfo (RoleInfo.java:shutdownFollowerState(121)) - df667d47-7d3a-4c8d-aeb4-7fe15e6e70ad: shutdown FollowerState
2019-07-15 13:54:47,272 INFO  impl.RaftServerImpl (RaftServerImpl.java:setRole(171)) - df667d47-7d3a-4c8d-aeb4-7fe15e6e70ad:group-83A5CE6E1770 changes role from FOLLOWER to CANDIDATE at term 1 for changeToCandidate
2019-07-15 13:54:47,272 INFO  impl.RoleInfo (RoleInfo.java:updateAndGet(143)) - df667d47-7d3a-4c8d-aeb4-7fe15e6e70ad: start LeaderElection
2019-07-15 13:54:47,292 INFO  impl.LeaderElection (LeaderElection.java:askForVotes(181)) - df667d47-7d3a-4c8d-aeb4-7fe15e6e70ad:group-83A5CE6E1770:LeaderElection99: begin an election at term 2 for -1: [d5631962-c778-453e-92c1-903bf63efc9b:192.168.157.240:34024, ead128cc-eda5-45ce-b911-161512460ae0:192.168.157.240:40516, df667d47-7d3a-4c8d-aeb4-7fe15e6e70ad:192.168.157.240:42151], old=null
2019-07-15 13:54:47,295 INFO  impl.RaftServerImpl (RaftServerImpl.java:setRole(171)) - ead128cc-eda5-45ce-b911-161512460ae0:group-83A5CE6E1770 changes role from FOLLOWER to FOLLOWER at term 2 for recognizeCandidate:df667d47-7d3a-4c8d-aeb4-7fe15e6e70ad
2019-07-15 13:54:47,295 INFO  impl.RaftServerImpl (RaftServerImpl.java:setRole(171)) - d5631962-c778-453e-92c1-903bf63efc9b:group-83A5CE6E1770 changes role from FOLLOWER to FOLLOWER at term 2 for recognizeCandidate:df667d47-7d3a-4c8d-aeb4-7fe15e6e70ad
2019-07-15 13:54:47,295 INFO  impl.RoleInfo (RoleInfo.java:shutdownFollowerState(121)) - ead128cc-eda5-45ce-b911-161512460ae0: shutdown FollowerState
2019-07-15 13:54:47,295 INFO  impl.RoleInfo (RoleInfo.java:shutdownFollowerState(121)) - d5631962-c778-453e-92c1-903bf63efc9b: shutdown FollowerState
2019-07-15 13:54:47,296 INFO  impl.FollowerState (FollowerState.java:run(114)) - ead128cc-eda5-45ce-b911-161512460ae0: FollowerState was interrupted: java.lang.InterruptedException: sleep interrupted
2019-07-15 13:54:47,296 INFO  impl.RoleInfo (RoleInfo.java:updateAndGet(143)) - ead128cc-eda5-45ce-b911-161512460ae0: start FollowerState
2019-07-15 13:54:47,296 INFO  impl.FollowerState (FollowerState.java:run(114)) - d5631962-c778-453e-92c1-903bf63efc9b: FollowerState was interrupted: java.lang.InterruptedException: sleep interrupted
2019-07-15 13:54:47,296 INFO  impl.RoleInfo (RoleInfo.java:updateAndGet(143)) - d5631962-c778-453e-92c1-903bf63efc9b: start FollowerState
2019-07-15 13:54:47,324 INFO  impl.LeaderElection (LeaderElection.java:logAndReturn(56)) - df667d47-7d3a-4c8d-aeb4-7fe15e6e70ad:group-83A5CE6E1770:LeaderElection99: Election PASSED; received 1 response(s) [df667d47-7d3a-4c8d-aeb4-7fe15e6e70ad<-ead128cc-eda5-45ce-b911-161512460ae0#0:OK-t2] and 0 exception(s); df667d47-7d3a-4c8d-aeb4-7fe15e6e70ad:t2, leader=null, voted=df667d47-7d3a-4c8d-aeb4-7fe15e6e70ad, raftlog=df667d47-7d3a-4c8d-aeb4-7fe15e6e70ad-SegmentedRaftLog:OPENED:c-1,f-1,i0, conf=-1: [d5631962-c778-453e-92c1-903bf63efc9b:192.168.157.240:34024, ead128cc-eda5-45ce-b911-161512460ae0:192.168.157.240:40516, df667d47-7d3a-4c8d-aeb4-7fe15e6e70ad:192.168.157.240:42151], old=null
2019-07-15 13:54:47,325 INFO  impl.RoleInfo (RoleInfo.java:shutdownLeaderElection(134)) - df667d47-7d3a-4c8d-aeb4-7fe15e6e70ad: shutdown LeaderElection
2019-07-15 13:54:47,325 INFO  impl.RaftServerImpl (RaftServerImpl.java:setRole(171)) - df667d47-7d3a-4c8d-aeb4-7fe15e6e70ad:group-83A5CE6E1770 changes role from CANDIDATE to LEADER at term 2 for changeToLeader
2019-07-15 13:54:47,325 INFO  impl.RaftServerImpl (ServerState.java:setLeader(263)) - df667d47-7d3a-4c8d-aeb4-7fe15e6e70ad:group-83A5CE6E1770 change Leader from null to df667d47-7d3a-4c8d-aeb4-7fe15e6e70ad at term 2 for becomeLeader, leader elected after 10335ms
2019-07-15 13:54:47,325 INFO  server.RaftServerConfigKeys (ConfUtils.java:logGet(43)) - raft.server.staging.catchup.gap = 1000 (default)
2019-07-15 13:54:47,325 INFO  server.RaftServerConfigKeys (ConfUtils.java:logGet(43)) - raft.server.rpc.sleep.time = 25ms (default)
2019-07-15 13:54:47,325 INFO  server.RaftServerConfigKeys (ConfUtils.java:logGet(43)) - raft.server.write.element-limit = 4096 (default)
2019-07-15 13:54:47,326 INFO  server.RaftServerConfigKeys (ConfUtils.java:logGet(43)) - raft.server.watch.timeout = 10s (default)
2019-07-15 13:54:47,326 INFO  server.RaftServerConfigKeys (ConfUtils.java:logGet(43)) - raft.server.watch.timeout.denomination = 1s (default)
2019-07-15 13:54:47,326 INFO  server.RaftServerConfigKeys (ConfUtils.java:logGet(43)) - raft.server.watch.element-limit = 65536 (default)
2019-07-15 13:54:47,326 INFO  server.RaftServerConfigKeys (ConfUtils.java:logGet(43)) - raft.server.log.appender.snapshot.chunk.size.max = 16MB (=16777216) (default)
2019-07-15 13:54:47,326 INFO  server.RaftServerConfigKeys (ConfUtils.java:logGet(43)) - raft.server.log.appender.buffer.byte-limit = 33554432 (custom)
2019-07-15 13:54:47,326 INFO  server.RaftServerConfigKeys (ConfUtils.java:logGet(43)) - raft.server.log.appender.buffer.element-limit = 1 (custom)
2019-07-15 13:54:47,327 INFO  grpc.GrpcConfigKeys$Server (ConfUtils.java:logGet(43)) - raft.grpc.server.leader.outstanding.appends.max = 128 (default)
2019-07-15 13:54:47,327 INFO  server.RaftServerConfigKeys (ConfUtils.java:logGet(43)) - raft.server.rpc.request.timeout = 3000ms (default)
2019-07-15 13:54:47,327 INFO  server.RaftServerConfigKeys (ConfUtils.java:logGet(43)) - raft.server.log.appender.install.snapshot.enabled = false (custom)
2019-07-15 13:54:47,327 INFO  server.RaftServerConfigKeys (ConfUtils.java:logGet(43)) - raft.server.log.appender.snapshot.chunk.size.max = 16MB (=16777216) (default)
2019-07-15 13:54:47,327 INFO  server.RaftServerConfigKeys (ConfUtils.java:logGet(43)) - raft.server.log.appender.buffer.byte-limit = 33554432 (custom)
2019-07-15 13:54:47,327 INFO  server.RaftServerConfigKeys (ConfUtils.java:logGet(43)) - raft.server.log.appender.buffer.element-limit = 1 (custom)
2019-07-15 13:54:47,328 INFO  grpc.GrpcConfigKeys$Server (ConfUtils.java:logGet(43)) - raft.grpc.server.leader.outstanding.appends.max = 128 (default)
2019-07-15 13:54:47,328 INFO  server.RaftServerConfigKeys (ConfUtils.java:logGet(43)) - raft.server.rpc.request.timeout = 3000ms (default)
2019-07-15 13:54:47,328 INFO  server.RaftServerConfigKeys (ConfUtils.java:logGet(43)) - raft.server.log.appender.install.snapshot.enabled = false (custom)
2019-07-15 13:54:47,328 INFO  impl.RoleInfo (RoleInfo.java:updateAndGet(143)) - df667d47-7d3a-4c8d-aeb4-7fe15e6e70ad: start LeaderState
2019-07-15 13:54:47,328 INFO  segmented.SegmentedRaftLogWorker (SegmentedRaftLogWorker.java:startLogSegment(380)) - df667d47-7d3a-4c8d-aeb4-7fe15e6e70ad-SegmentedRaftLogWorker:Storage Directory /workdir/hadoop-ozone/integration-test/target/test-dir/MiniOzoneClusterImpl-12632bd5-9a28-4465-ada6-db8877f3300b/datanode-3/data/ratis/acf85c99-96f8-4bae-a669-83a5ce6e1770: Starting segment from index:0
2019-07-15 13:54:47,329 INFO  impl.RaftServerImpl (ServerState.java:setRaftConf(361)) - df667d47-7d3a-4c8d-aeb4-7fe15e6e70ad:group-83A5CE6E1770 set configuration 0: [d5631962-c778-453e-92c1-903bf63efc9b:192.168.157.240:34024, ead128cc-eda5-45ce-b911-161512460ae0:192.168.157.240:40516, df667d47-7d3a-4c8d-aeb4-7fe15e6e70ad:192.168.157.240:42151], old=null at 0
2019-07-15 13:54:47,331 INFO  impl.RaftServerImpl (ServerState.java:setLeader(263)) - d5631962-c778-453e-92c1-903bf63efc9b:group-83A5CE6E1770 change Leader from null to df667d47-7d3a-4c8d-aeb4-7fe15e6e70ad at term 2 for appendEntries, leader elected after 10340ms
2019-07-15 13:54:47,331 INFO  impl.RaftServerImpl (ServerState.java:setLeader(263)) - ead128cc-eda5-45ce-b911-161512460ae0:group-83A5CE6E1770 change Leader from null to df667d47-7d3a-4c8d-aeb4-7fe15e6e70ad at term 2 for appendEntries, leader elected after 10341ms
2019-07-15 13:54:47,334 INFO  impl.RaftServerImpl (ServerState.java:setRaftConf(361)) - ead128cc-eda5-45ce-b911-161512460ae0:group-83A5CE6E1770 set configuration 0: [d5631962-c778-453e-92c1-903bf63efc9b:192.168.157.240:34024, ead128cc-eda5-45ce-b911-161512460ae0:192.168.157.240:40516, df667d47-7d3a-4c8d-aeb4-7fe15e6e70ad:192.168.157.240:42151], old=null at 0
2019-07-15 13:54:47,334 INFO  impl.RaftServerImpl (ServerState.java:setRaftConf(361)) - d5631962-c778-453e-92c1-903bf63efc9b:group-83A5CE6E1770 set configuration 0: [d5631962-c778-453e-92c1-903bf63efc9b:192.168.157.240:34024, ead128cc-eda5-45ce-b911-161512460ae0:192.168.157.240:40516, df667d47-7d3a-4c8d-aeb4-7fe15e6e70ad:192.168.157.240:42151], old=null at 0
2019-07-15 13:54:47,335 INFO  segmented.SegmentedRaftLogWorker (SegmentedRaftLogWorker.java:startLogSegment(380)) - ead128cc-eda5-45ce-b911-161512460ae0-SegmentedRaftLogWorker:Storage Directory /workdir/hadoop-ozone/integration-test/target/test-dir/MiniOzoneClusterImpl-12632bd5-9a28-4465-ada6-db8877f3300b/datanode-4/data/ratis/acf85c99-96f8-4bae-a669-83a5ce6e1770: Starting segment from index:0
2019-07-15 13:54:47,335 INFO  segmented.SegmentedRaftLogWorker (SegmentedRaftLogWorker.java:startLogSegment(380)) - d5631962-c778-453e-92c1-903bf63efc9b-SegmentedRaftLogWorker:Storage Directory /workdir/hadoop-ozone/integration-test/target/test-dir/MiniOzoneClusterImpl-12632bd5-9a28-4465-ada6-db8877f3300b/datanode-5/data/ratis/acf85c99-96f8-4bae-a669-83a5ce6e1770: Starting segment from index:0
2019-07-15 13:54:47,361 INFO  segmented.SegmentedRaftLogWorker (SegmentedRaftLogWorker.java:execute(569)) - df667d47-7d3a-4c8d-aeb4-7fe15e6e70ad-SegmentedRaftLogWorker:Storage Directory /workdir/hadoop-ozone/integration-test/target/test-dir/MiniOzoneClusterImpl-12632bd5-9a28-4465-ada6-db8877f3300b/datanode-3/data/ratis/acf85c99-96f8-4bae-a669-83a5ce6e1770: created new log segment /workdir/hadoop-ozone/integration-test/target/test-dir/MiniOzoneClusterImpl-12632bd5-9a28-4465-ada6-db8877f3300b/datanode-3/data/ratis/acf85c99-96f8-4bae-a669-83a5ce6e1770/current/log_inprogress_0
2019-07-15 13:54:47,361 INFO  segmented.SegmentedRaftLogWorker (SegmentedRaftLogWorker.java:execute(569)) - d5631962-c778-453e-92c1-903bf63efc9b-SegmentedRaftLogWorker:Storage Directory /workdir/hadoop-ozone/integration-test/target/test-dir/MiniOzoneClusterImpl-12632bd5-9a28-4465-ada6-db8877f3300b/datanode-5/data/ratis/acf85c99-96f8-4bae-a669-83a5ce6e1770: created new log segment /workdir/hadoop-ozone/integration-test/target/test-dir/MiniOzoneClusterImpl-12632bd5-9a28-4465-ada6-db8877f3300b/datanode-5/data/ratis/acf85c99-96f8-4bae-a669-83a5ce6e1770/current/log_inprogress_0
2019-07-15 13:54:47,361 INFO  segmented.SegmentedRaftLogWorker (SegmentedRaftLogWorker.java:execute(569)) - ead128cc-eda5-45ce-b911-161512460ae0-SegmentedRaftLogWorker:Storage Directory /workdir/hadoop-ozone/integration-test/target/test-dir/MiniOzoneClusterImpl-12632bd5-9a28-4465-ada6-db8877f3300b/datanode-4/data/ratis/acf85c99-96f8-4bae-a669-83a5ce6e1770: created new log segment /workdir/hadoop-ozone/integration-test/target/test-dir/MiniOzoneClusterImpl-12632bd5-9a28-4465-ada6-db8877f3300b/datanode-4/data/ratis/acf85c99-96f8-4bae-a669-83a5ce6e1770/current/log_inprogress_0
2019-07-15 13:54:49,716 INFO  node.StaleNodeHandler (StaleNodeHandler.java:onMessage(58)) - Datanode ead128cc-eda5-45ce-b911-161512460ae0{ip: 192.168.157.240, host: trunk-nightly-hvlc9-701369690, networkLocation: /default-rack, certSerialId: null} moved to stale state. Finalizing its pipelines [PipelineID=acf85c99-96f8-4bae-a669-83a5ce6e1770, PipelineID=e71df2c1-159c-4c2f-85f5-f888511c6ee8]
2019-07-15 13:54:49,716 INFO  pipeline.SCMPipelineManager (SCMPipelineManager.java:finalizeAndDestroyPipeline(309)) - destroying pipeline:Pipeline[ Id: acf85c99-96f8-4bae-a669-83a5ce6e1770, Nodes: df667d47-7d3a-4c8d-aeb4-7fe15e6e70ad{ip: 192.168.157.240, host: trunk-nightly-hvlc9-701369690, networkLocation: /default-rack, certSerialId: null}ead128cc-eda5-45ce-b911-161512460ae0{ip: 192.168.157.240, host: trunk-nightly-hvlc9-701369690, networkLocation: /default-rack, certSerialId: null}d5631962-c778-453e-92c1-903bf63efc9b{ip: 192.168.157.240, host: trunk-nightly-hvlc9-701369690, networkLocation: /default-rack, certSerialId: null}, Type:RATIS, Factor:THREE, State:OPEN]
2019-07-15 13:54:49,717 INFO  pipeline.PipelineStateManager (PipelineStateManager.java:finalizePipeline(123)) - Pipeline Pipeline[ Id: acf85c99-96f8-4bae-a669-83a5ce6e1770, Nodes: df667d47-7d3a-4c8d-aeb4-7fe15e6e70ad{ip: 192.168.157.240, host: trunk-nightly-hvlc9-701369690, networkLocation: /default-rack, certSerialId: null}ead128cc-eda5-45ce-b911-161512460ae0{ip: 192.168.157.240, host: trunk-nightly-hvlc9-701369690, networkLocation: /default-rack, certSerialId: null}d5631962-c778-453e-92c1-903bf63efc9b{ip: 192.168.157.240, host: trunk-nightly-hvlc9-701369690, networkLocation: /default-rack, certSerialId: null}, Type:RATIS, Factor:THREE, State:CLOSED] moved to CLOSED state
2019-07-15 13:54:49,717 INFO  pipeline.SCMPipelineManager (SCMPipelineManager.java:finalizeAndDestroyPipeline(309)) - destroying pipeline:Pipeline[ Id: e71df2c1-159c-4c2f-85f5-f888511c6ee8, Nodes: ead128cc-eda5-45ce-b911-161512460ae0{ip: 192.168.157.240, host: trunk-nightly-hvlc9-701369690, networkLocation: /default-rack, certSerialId: null}, Type:RATIS, Factor:ONE, State:OPEN]
2019-07-15 13:54:49,717 INFO  pipeline.PipelineStateManager (PipelineStateManager.java:finalizePipeline(123)) - Pipeline Pipeline[ Id: e71df2c1-159c-4c2f-85f5-f888511c6ee8, Nodes: ead128cc-eda5-45ce-b911-161512460ae0{ip: 192.168.157.240, host: trunk-nightly-hvlc9-701369690, networkLocation: /default-rack, certSerialId: null}, Type:RATIS, Factor:ONE, State:CLOSED] moved to CLOSED state
2019-07-15 13:54:50,016 INFO  node.StaleNodeHandler (StaleNodeHandler.java:onMessage(58)) - Datanode d2a65497-a6c0-4de2-9e4b-ff8c084f9f7d{ip: 192.168.157.240, host: trunk-nightly-hvlc9-701369690, networkLocation: /default-rack, certSerialId: null} moved to stale state. Finalizing its pipelines [PipelineID=083c9e1a-0de4-4561-ad7a-0eecf98d7d1b, PipelineID=495ea012-bed8-40aa-afdc-93c0526ea5e8]
2019-07-15 13:54:50,017 INFO  pipeline.SCMPipelineManager (SCMPipelineManager.java:finalizeAndDestroyPipeline(309)) - destroying pipeline:Pipeline[ Id: 083c9e1a-0de4-4561-ad7a-0eecf98d7d1b, Nodes: 886e9123-32ea-475d-8716-5d117160d71f{ip: 192.168.157.240, host: trunk-nightly-hvlc9-701369690, networkLocation: /default-rack, certSerialId: null}d2a65497-a6c0-4de2-9e4b-ff8c084f9f7d{ip: 192.168.157.240, host: trunk-nightly-hvlc9-701369690, networkLocation: /default-rack, certSerialId: null}0aab5e31-ebd2-4af7-90a5-47b60834ebd7{ip: 192.168.157.240, host: trunk-nightly-hvlc9-701369690, networkLocation: /default-rack, certSerialId: null}, Type:RATIS, Factor:THREE, State:OPEN]
2019-07-15 13:54:50,017 INFO  pipeline.PipelineStateManager (PipelineStateManager.java:finalizePipeline(123)) - Pipeline Pipeline[ Id: 083c9e1a-0de4-4561-ad7a-0eecf98d7d1b, Nodes: 886e9123-32ea-475d-8716-5d117160d71f{ip: 192.168.157.240, host: trunk-nightly-hvlc9-701369690, networkLocation: /default-rack, certSerialId: null}d2a65497-a6c0-4de2-9e4b-ff8c084f9f7d{ip: 192.168.157.240, host: trunk-nightly-hvlc9-701369690, networkLocation: /default-rack, certSerialId: null}0aab5e31-ebd2-4af7-90a5-47b60834ebd7{ip: 192.168.157.240, host: trunk-nightly-hvlc9-701369690, networkLocation: /default-rack, certSerialId: null}, Type:RATIS, Factor:THREE, State:CLOSED] moved to CLOSED state
2019-07-15 13:54:50,017 INFO  container.CloseContainerEventHandler (CloseContainerEventHandler.java:onMessage(61)) - Close container Event triggered for container : #2
2019-07-15 13:54:50,017 INFO  pipeline.SCMPipelineManager (SCMPipelineManager.java:finalizeAndDestroyPipeline(309)) - destroying pipeline:Pipeline[ Id: 495ea012-bed8-40aa-afdc-93c0526ea5e8, Nodes: d2a65497-a6c0-4de2-9e4b-ff8c084f9f7d{ip: 192.168.157.240, host: trunk-nightly-hvlc9-701369690, networkLocation: /default-rack, certSerialId: null}, Type:RATIS, Factor:ONE, State:OPEN]
2019-07-15 13:54:50,017 INFO  pipeline.PipelineStateManager (PipelineStateManager.java:finalizePipeline(123)) - Pipeline Pipeline[ Id: 495ea012-bed8-40aa-afdc-93c0526ea5e8, Nodes: d2a65497-a6c0-4de2-9e4b-ff8c084f9f7d{ip: 192.168.157.240, host: trunk-nightly-hvlc9-701369690, networkLocation: /default-rack, certSerialId: null}, Type:RATIS, Factor:ONE, State:CLOSED] moved to CLOSED state
2019-07-15 13:54:50,179 INFO  ozoneimpl.OzoneContainer (OzoneContainer.java:stop(199)) - Attempting to stop container services.
2019-07-15 13:54:50,180 INFO  ozoneimpl.OzoneContainer (OzoneContainer.java:stop(199)) - Attempting to stop container services.
2019-07-15 13:54:50,180 INFO  impl.RaftServerProxy (RaftServerProxy.java:lambda$close$4(314)) - ead128cc-eda5-45ce-b911-161512460ae0: close
2019-07-15 13:54:50,181 INFO  impl.RaftServerProxy (RaftServerProxy.java:lambda$close$4(314)) - d2a65497-a6c0-4de2-9e4b-ff8c084f9f7d: close
2019-07-15 13:54:50,181 INFO  impl.RaftServerImpl (RaftServerImpl.java:lambda$shutdown$3(245)) - ead128cc-eda5-45ce-b911-161512460ae0: shutdown group-83A5CE6E1770
2019-07-15 13:54:50,181 INFO  impl.RaftServerImpl (RaftServerImpl.java:lambda$shutdown$3(245)) - d2a65497-a6c0-4de2-9e4b-ff8c084f9f7d: shutdown group-0EECF98D7D1B
2019-07-15 13:54:50,181 INFO  util.JmxRegister (JmxRegister.java:unregister(73)) - Successfully un-registered JMX Bean with object name Ratis:service=RaftServer,group=group-83A5CE6E1770,id=ead128cc-eda5-45ce-b911-161512460ae0
2019-07-15 13:54:50,182 INFO  util.JmxRegister (JmxRegister.java:unregister(73)) - Successfully un-registered JMX Bean with object name Ratis:service=RaftServer,group=group-0EECF98D7D1B,id=d2a65497-a6c0-4de2-9e4b-ff8c084f9f7d
2019-07-15 13:54:50,182 INFO  impl.RoleInfo (RoleInfo.java:shutdownFollowerState(121)) - ead128cc-eda5-45ce-b911-161512460ae0: shutdown FollowerState
2019-07-15 13:54:50,182 INFO  impl.RoleInfo (RoleInfo.java:shutdownFollowerState(121)) - d2a65497-a6c0-4de2-9e4b-ff8c084f9f7d: shutdown FollowerState
2019-07-15 13:54:50,183 INFO  impl.FollowerState (FollowerState.java:run(114)) - ead128cc-eda5-45ce-b911-161512460ae0: FollowerState was interrupted: java.lang.InterruptedException: sleep interrupted
2019-07-15 13:54:50,183 INFO  impl.StateMachineUpdater (StateMachineUpdater.java:stopAndJoin(115)) - StateMachineUpdater:ead128cc-eda5-45ce-b911-161512460ae0:group-83A5CE6E1770: set stopIndex = 0
2019-07-15 13:54:50,189 INFO  impl.FollowerState (FollowerState.java:run(114)) - d2a65497-a6c0-4de2-9e4b-ff8c084f9f7d: FollowerState was interrupted: java.lang.InterruptedException: sleep interrupted
2019-07-15 13:54:50,189 INFO  ratis.ContainerStateMachine (ContainerStateMachine.java:takeSnapshot(249)) - group-0EECF98D7D1B: Taking a snapshot at:(t:1, i:31) file /workdir/hadoop-ozone/integration-test/target/test-dir/MiniOzoneClusterImpl-12632bd5-9a28-4465-ada6-db8877f3300b/datanode-1/data/ratis/083c9e1a-0de4-4561-ad7a-0eecf98d7d1b/sm/snapshot.1_31
2019-07-15 13:54:50,183 INFO  impl.StateMachineUpdater (StateMachineUpdater.java:stopAndJoin(115)) - StateMachineUpdater:d2a65497-a6c0-4de2-9e4b-ff8c084f9f7d:group-0EECF98D7D1B: set stopIndex = 33
2019-07-15 13:54:50,189 INFO  impl.RaftServerImpl (ServerState.java:close(394)) - ead128cc-eda5-45ce-b911-161512460ae0:group-83A5CE6E1770 closes. The last applied log index is 0
2019-07-15 13:54:50,190 INFO  ratis.ContainerStateMachine (ContainerStateMachine.java:takeSnapshot(257)) - group-0EECF98D7D1B: Finished taking a snapshot at:(t:1, i:31) file:/workdir/hadoop-ozone/integration-test/target/test-dir/MiniOzoneClusterImpl-12632bd5-9a28-4465-ada6-db8877f3300b/datanode-1/data/ratis/083c9e1a-0de4-4561-ad7a-0eecf98d7d1b/sm/snapshot.1_31 time:7
2019-07-15 13:54:50,190 INFO  impl.StateMachineUpdater (StateMachineUpdater.java:takeSnapshot(242)) - StateMachineUpdater:d2a65497-a6c0-4de2-9e4b-ff8c084f9f7d:group-0EECF98D7D1B: Took a snapshot at index 31
2019-07-15 13:54:50,190 INFO  impl.StateMachineUpdater (StateMachineUpdater.java:lambda$new$0(80)) - StateMachineUpdater:d2a65497-a6c0-4de2-9e4b-ff8c084f9f7d:group-0EECF98D7D1B: snapshotIndex: updateIncreasingly -1 -> 31
2019-07-15 13:54:50,190 INFO  segmented.SegmentedRaftLogWorker (SegmentedRaftLogWorker.java:run(313)) - ead128cc-eda5-45ce-b911-161512460ae0-SegmentedRaftLogWorker:Storage Directory /workdir/hadoop-ozone/integration-test/target/test-dir/MiniOzoneClusterImpl-12632bd5-9a28-4465-ada6-db8877f3300b/datanode-4/data/ratis/acf85c99-96f8-4bae-a669-83a5ce6e1770 was interrupted, exiting. There are 0 tasks remaining in the queue.
2019-07-15 13:54:50,193 INFO  segmented.SegmentedRaftLogWorker (SegmentedRaftLogWorker.java:close(228)) - ead128cc-eda5-45ce-b911-161512460ae0-SegmentedRaftLogWorker:Storage Directory /workdir/hadoop-ozone/integration-test/target/test-dir/MiniOzoneClusterImpl-12632bd5-9a28-4465-ada6-db8877f3300b/datanode-4/data/ratis/acf85c99-96f8-4bae-a669-83a5ce6e1770 close()
2019-07-15 13:54:50,193 INFO  impl.RaftServerImpl (ServerState.java:close(394)) - d2a65497-a6c0-4de2-9e4b-ff8c084f9f7d:group-0EECF98D7D1B closes. The last applied log index is 33
2019-07-15 13:54:50,198 INFO  impl.RaftServerImpl (RaftServerImpl.java:lambda$shutdown$3(245)) - ead128cc-eda5-45ce-b911-161512460ae0: shutdown group-F888511C6EE8
2019-07-15 13:54:50,199 INFO  segmented.SegmentedRaftLogWorker (SegmentedRaftLogWorker.java:run(313)) - d2a65497-a6c0-4de2-9e4b-ff8c084f9f7d-SegmentedRaftLogWorker:Storage Directory /workdir/hadoop-ozone/integration-test/target/test-dir/MiniOzoneClusterImpl-12632bd5-9a28-4465-ada6-db8877f3300b/datanode-1/data/ratis/083c9e1a-0de4-4561-ad7a-0eecf98d7d1b was interrupted, exiting. There are 0 tasks remaining in the queue.
2019-07-15 13:54:50,202 INFO  util.JmxRegister (JmxRegister.java:unregister(73)) - Successfully un-registered JMX Bean with object name Ratis:service=RaftServer,group=group-F888511C6EE8,id=ead128cc-eda5-45ce-b911-161512460ae0
2019-07-15 13:54:50,202 INFO  segmented.SegmentedRaftLogWorker (SegmentedRaftLogWorker.java:close(228)) - d2a65497-a6c0-4de2-9e4b-ff8c084f9f7d-SegmentedRaftLogWorker:Storage Directory /workdir/hadoop-ozone/integration-test/target/test-dir/MiniOzoneClusterImpl-12632bd5-9a28-4465-ada6-db8877f3300b/datanode-1/data/ratis/083c9e1a-0de4-4561-ad7a-0eecf98d7d1b close()
2019-07-15 13:54:50,202 INFO  impl.RoleInfo (RoleInfo.java:shutdownLeaderState(104)) - ead128cc-eda5-45ce-b911-161512460ae0: shutdown LeaderState
2019-07-15 13:54:50,207 INFO  impl.RaftServerImpl (RaftServerImpl.java:lambda$shutdown$3(245)) - d2a65497-a6c0-4de2-9e4b-ff8c084f9f7d: shutdown group-93C0526EA5E8
2019-07-15 13:54:50,208 INFO  impl.PendingRequests (PendingRequests.java:sendNotLeaderResponses(202)) - ead128cc-eda5-45ce-b911-161512460ae0-PendingRequests: sendNotLeaderResponses
2019-07-15 13:54:50,208 INFO  util.JmxRegister (JmxRegister.java:unregister(73)) - Successfully un-registered JMX Bean with object name Ratis:service=RaftServer,group=group-93C0526EA5E8,id=d2a65497-a6c0-4de2-9e4b-ff8c084f9f7d
2019-07-15 13:54:50,209 INFO  impl.StateMachineUpdater (StateMachineUpdater.java:stopAndJoin(115)) - StateMachineUpdater:ead128cc-eda5-45ce-b911-161512460ae0:group-F888511C6EE8: set stopIndex = 0
2019-07-15 13:54:50,209 INFO  impl.RaftServerImpl (ServerState.java:close(394)) - ead128cc-eda5-45ce-b911-161512460ae0:group-F888511C6EE8 closes. The last applied log index is 0
2019-07-15 13:54:50,209 INFO  impl.RoleInfo (RoleInfo.java:shutdownLeaderState(104)) - d2a65497-a6c0-4de2-9e4b-ff8c084f9f7d: shutdown LeaderState
2019-07-15 13:54:50,210 INFO  segmented.SegmentedRaftLogWorker (SegmentedRaftLogWorker.java:run(313)) - ead128cc-eda5-45ce-b911-161512460ae0-SegmentedRaftLogWorker:Storage Directory /workdir/hadoop-ozone/integration-test/target/test-dir/MiniOzoneClusterImpl-12632bd5-9a28-4465-ada6-db8877f3300b/datanode-4/data/ratis/e71df2c1-159c-4c2f-85f5-f888511c6ee8 was interrupted, exiting. There are 0 tasks remaining in the queue.
2019-07-15 13:54:50,210 INFO  impl.PendingRequests (PendingRequests.java:sendNotLeaderResponses(202)) - d2a65497-a6c0-4de2-9e4b-ff8c084f9f7d-PendingRequests: sendNotLeaderResponses
2019-07-15 13:54:50,212 INFO  segmented.SegmentedRaftLogWorker (SegmentedRaftLogWorker.java:close(228)) - ead128cc-eda5-45ce-b911-161512460ae0-SegmentedRaftLogWorker:Storage Directory /workdir/hadoop-ozone/integration-test/target/test-dir/MiniOzoneClusterImpl-12632bd5-9a28-4465-ada6-db8877f3300b/datanode-4/data/ratis/e71df2c1-159c-4c2f-85f5-f888511c6ee8 close()
2019-07-15 13:54:50,213 INFO  impl.StateMachineUpdater (StateMachineUpdater.java:stopAndJoin(115)) - StateMachineUpdater:d2a65497-a6c0-4de2-9e4b-ff8c084f9f7d:group-93C0526EA5E8: set stopIndex = 0
2019-07-15 13:54:50,217 INFO  server.GrpcService (GrpcService.java:closeImpl(155)) - ead128cc-eda5-45ce-b911-161512460ae0: shutdown server with port 40516 now
2019-07-15 13:54:50,218 INFO  impl.RaftServerImpl (ServerState.java:close(394)) - d2a65497-a6c0-4de2-9e4b-ff8c084f9f7d:group-93C0526EA5E8 closes. The last applied log index is 0
2019-07-15 13:54:50,219 INFO  segmented.SegmentedRaftLogWorker (SegmentedRaftLogWorker.java:run(313)) - d2a65497-a6c0-4de2-9e4b-ff8c084f9f7d-SegmentedRaftLogWorker:Storage Directory /workdir/hadoop-ozone/integration-test/target/test-dir/MiniOzoneClusterImpl-12632bd5-9a28-4465-ada6-db8877f3300b/datanode-1/data/ratis/495ea012-bed8-40aa-afdc-93c0526ea5e8 was interrupted, exiting. There are 0 tasks remaining in the queue.
2019-07-15 13:54:50,221 INFO  segmented.SegmentedRaftLogWorker (SegmentedRaftLogWorker.java:close(228)) - d2a65497-a6c0-4de2-9e4b-ff8c084f9f7d-SegmentedRaftLogWorker:Storage Directory /workdir/hadoop-ozone/integration-test/target/test-dir/MiniOzoneClusterImpl-12632bd5-9a28-4465-ada6-db8877f3300b/datanode-1/data/ratis/495ea012-bed8-40aa-afdc-93c0526ea5e8 close()
2019-07-15 13:54:50,226 INFO  server.GrpcService (GrpcService.java:closeImpl(155)) - d2a65497-a6c0-4de2-9e4b-ff8c084f9f7d: shutdown server with port 43651 now
2019-07-15 13:54:50,226 WARN  server.GrpcServerProtocolService (LogUtils.java:warn(134)) - ead128cc-eda5-45ce-b911-161512460ae0: appendEntries onError: org.apache.ratis.thirdparty.io.grpc.StatusRuntimeException: CANCELLED: cancelled before receiving half close
2019-07-15 13:54:50,227 INFO  server.GrpcService (GrpcService.java:closeImpl(163)) - ead128cc-eda5-45ce-b911-161512460ae0: shutdown server with port 40516 successfully
2019-07-15 13:54:50,227 INFO  server.GrpcService (GrpcService.java:closeImpl(163)) - d2a65497-a6c0-4de2-9e4b-ff8c084f9f7d: shutdown server with port 43651 successfully
2019-07-15 13:54:50,227 WARN  server.GrpcServerProtocolService (LogUtils.java:warn(134)) - d2a65497-a6c0-4de2-9e4b-ff8c084f9f7d: appendEntries onError: org.apache.ratis.thirdparty.io.grpc.StatusRuntimeException: CANCELLED: cancelled before receiving half close
2019-07-15 13:54:50,227 WARN  server.GrpcLogAppender (LogUtils.java:warn(134)) - df667d47-7d3a-4c8d-aeb4-7fe15e6e70ad->ead128cc-eda5-45ce-b911-161512460ae0: Failed appendEntries: org.apache.ratis.thirdparty.io.grpc.StatusRuntimeException: CANCELLED: HTTP/2 error code: CANCEL
Received Rst Stream
2019-07-15 13:54:50,227 WARN  server.GrpcLogAppender (LogUtils.java:warn(134)) - 886e9123-32ea-475d-8716-5d117160d71f->d2a65497-a6c0-4de2-9e4b-ff8c084f9f7d: Failed appendEntries: org.apache.ratis.thirdparty.io.grpc.StatusRuntimeException: CANCELLED: HTTP/2 error code: CANCEL
Received Rst Stream
2019-07-15 13:54:50,228 INFO  impl.FollowerInfo (FollowerInfo.java:lambda$new$0(50)) - df667d47-7d3a-4c8d-aeb4-7fe15e6e70ad->ead128cc-eda5-45ce-b911-161512460ae0: nextIndex: updateUnconditionally 1 -> 0
2019-07-15 13:54:50,228 INFO  impl.FollowerInfo (FollowerInfo.java:lambda$new$0(50)) - 886e9123-32ea-475d-8716-5d117160d71f->d2a65497-a6c0-4de2-9e4b-ff8c084f9f7d: nextIndex: updateUnconditionally 34 -> 33
2019-07-15 13:54:50,230 INFO  utils.BackgroundService (BackgroundService.java:shutdown(148)) - Shutting down service BlockDeletingService
2019-07-15 13:54:50,230 INFO  utils.BackgroundService (BackgroundService.java:shutdown(148)) - Shutting down service BlockDeletingService
2019-07-15 13:54:50,231 WARN  fs.CachingGetSpaceUsed (CachingGetSpaceUsed.java:run(183)) - Thread Interrupted waiting to refresh disk information: sleep interrupted
2019-07-15 13:54:50,232 WARN  fs.CachingGetSpaceUsed (CachingGetSpaceUsed.java:run(183)) - Thread Interrupted waiting to refresh disk information: sleep interrupted
2019-07-15 13:54:50,258 INFO  statemachine.DatanodeStateMachine (DatanodeStateMachine.java:stopDaemon(395)) - Ozone container server stopped.
2019-07-15 13:54:50,267 INFO  statemachine.DatanodeStateMachine (DatanodeStateMachine.java:stopDaemon(395)) - Ozone container server stopped.
2019-07-15 13:54:50,269 INFO  handler.ContextHandler (ContextHandler.java:doStop(910)) - Stopped o.e.j.w.WebAppContext@5891bd6d{/,null,UNAVAILABLE}{/hddsDatanode}
2019-07-15 13:54:50,270 INFO  handler.ContextHandler (ContextHandler.java:doStop(910)) - Stopped o.e.j.w.WebAppContext@2d0f850{/,null,UNAVAILABLE}{/hddsDatanode}
2019-07-15 13:54:50,270 INFO  server.AbstractConnector (AbstractConnector.java:doStop(318)) - Stopped ServerConnector@6050d04d{HTTP/1.1,[http/1.1]}{0.0.0.0:0}
2019-07-15 13:54:50,272 INFO  server.AbstractConnector (AbstractConnector.java:doStop(318)) - Stopped ServerConnector@62a30701{HTTP/1.1,[http/1.1]}{0.0.0.0:0}
2019-07-15 13:54:50,272 INFO  handler.ContextHandler (ContextHandler.java:doStop(910)) - Stopped o.e.j.s.ServletContextHandler@26c6be2d{/static,jar:file:/home/user/.m2/repository/org/apache/hadoop/hadoop-hdds-container-service/0.5.0-SNAPSHOT/hadoop-hdds-container-service-0.5.0-SNAPSHOT.jar!/webapps/static,UNAVAILABLE}
2019-07-15 13:54:50,272 INFO  handler.ContextHandler (ContextHandler.java:doStop(910)) - Stopped o.e.j.s.ServletContextHandler@1fdc2d45{/static,jar:file:/home/user/.m2/repository/org/apache/hadoop/hadoop-hdds-container-service/0.5.0-SNAPSHOT/hadoop-hdds-container-service-0.5.0-SNAPSHOT.jar!/webapps/static,UNAVAILABLE}
2019-07-15 13:54:50,274 INFO  handler.ContextHandler (ContextHandler.java:doStop(910)) - Stopped o.e.j.s.ServletContextHandler@49bcd90d{/logs,file:///workdir/hadoop-ozone/integration-test/target/log,UNAVAILABLE}
2019-07-15 13:54:50,275 INFO  handler.ContextHandler (ContextHandler.java:doStop(910)) - Stopped o.e.j.s.ServletContextHandler@337fac72{/logs,file:///workdir/hadoop-ozone/integration-test/target/log,UNAVAILABLE}
2019-07-15 13:54:50,276 INFO  datanode.ObjectStoreHandler (ObjectStoreHandler.java:close(155)) - Closing ObjectStoreHandler.
2019-07-15 13:54:50,276 INFO  datanode.ObjectStoreHandler (ObjectStoreHandler.java:close(155)) - Closing ObjectStoreHandler.
2019-07-15 13:54:50,276 INFO  ozone.HddsDatanodeService (HddsDatanodeService.java:stop(452)) - Stopped plug-in org.apache.hadoop.ozone.web.OzoneHddsDatanodeService@12ce9299
2019-07-15 13:54:50,276 INFO  ozone.HddsDatanodeService (HddsDatanodeService.java:stop(452)) - Stopped plug-in org.apache.hadoop.ozone.web.OzoneHddsDatanodeService@51bab787
2019-07-15 13:54:50,502 INFO  statemachine.DatanodeStateMachine (DatanodeStateMachine.java:lambda$startDaemon$0(350)) - Ozone container server started.
2019-07-15 13:54:50,924 INFO  statemachine.DatanodeStateMachine (DatanodeStateMachine.java:lambda$startDaemon$0(350)) - Ozone container server started.
2019-07-15 13:54:52,380 WARN  server.GrpcLogAppender (LogUtils.java:warn(134)) - df667d47-7d3a-4c8d-aeb4-7fe15e6e70ad->ead128cc-eda5-45ce-b911-161512460ae0: Failed appendEntries: org.apache.ratis.thirdparty.io.grpc.StatusRuntimeException: UNAVAILABLE: io exception
2019-07-15 13:54:52,380 INFO  impl.FollowerInfo (FollowerInfo.java:lambda$new$0(50)) - df667d47-7d3a-4c8d-aeb4-7fe15e6e70ad->ead128cc-eda5-45ce-b911-161512460ae0: nextIndex: updateUnconditionally 0 -> 0
2019-07-15 13:54:52,605 WARN  server.GrpcLogAppender (LogUtils.java:warn(134)) - 886e9123-32ea-475d-8716-5d117160d71f->d2a65497-a6c0-4de2-9e4b-ff8c084f9f7d: Failed appendEntries: org.apache.ratis.thirdparty.io.grpc.StatusRuntimeException: UNAVAILABLE: io exception
2019-07-15 13:54:52,605 INFO  impl.FollowerInfo (FollowerInfo.java:lambda$new$0(50)) - 886e9123-32ea-475d-8716-5d117160d71f->d2a65497-a6c0-4de2-9e4b-ff8c084f9f7d: nextIndex: updateUnconditionally 33 -> 32
2019-07-15 13:54:54,523 INFO  node.StaleNodeHandler (StaleNodeHandler.java:onMessage(58)) - Datanode df667d47-7d3a-4c8d-aeb4-7fe15e6e70ad{ip: 192.168.157.240, host: trunk-nightly-hvlc9-701369690, networkLocation: /default-rack, certSerialId: null} moved to stale state. Finalizing its pipelines [PipelineID=7aa7ab7d-0853-439f-b3ef-a1e65286f0db, PipelineID=acf85c99-96f8-4bae-a669-83a5ce6e1770]
2019-07-15 13:54:54,524 INFO  pipeline.SCMPipelineManager (SCMPipelineManager.java:finalizeAndDestroyPipeline(309)) - destroying pipeline:Pipeline[ Id: 7aa7ab7d-0853-439f-b3ef-a1e65286f0db, Nodes: df667d47-7d3a-4c8d-aeb4-7fe15e6e70ad{ip: 192.168.157.240, host: trunk-nightly-hvlc9-701369690, networkLocation: /default-rack, certSerialId: null}, Type:RATIS, Factor:ONE, State:OPEN]
2019-07-15 13:54:54,524 INFO  pipeline.PipelineStateManager (PipelineStateManager.java:finalizePipeline(123)) - Pipeline Pipeline[ Id: 7aa7ab7d-0853-439f-b3ef-a1e65286f0db, Nodes: df667d47-7d3a-4c8d-aeb4-7fe15e6e70ad{ip: 192.168.157.240, host: trunk-nightly-hvlc9-701369690, networkLocation: /default-rack, certSerialId: null}, Type:RATIS, Factor:ONE, State:CLOSED] moved to CLOSED state
2019-07-15 13:54:54,524 INFO  pipeline.SCMPipelineManager (SCMPipelineManager.java:finalizeAndDestroyPipeline(309)) - destroying pipeline:Pipeline[ Id: acf85c99-96f8-4bae-a669-83a5ce6e1770, Nodes: df667d47-7d3a-4c8d-aeb4-7fe15e6e70ad{ip: 192.168.157.240, host: trunk-nightly-hvlc9-701369690, networkLocation: /default-rack, certSerialId: null}ead128cc-eda5-45ce-b911-161512460ae0{ip: 192.168.157.240, host: trunk-nightly-hvlc9-701369690, networkLocation: /default-rack, certSerialId: null}d5631962-c778-453e-92c1-903bf63efc9b{ip: 192.168.157.240, host: trunk-nightly-hvlc9-701369690, networkLocation: /default-rack, certSerialId: null}, Type:RATIS, Factor:THREE, State:CLOSED]
2019-07-15 13:54:54,880 WARN  server.GrpcLogAppender (LogUtils.java:warn(134)) - df667d47-7d3a-4c8d-aeb4-7fe15e6e70ad->ead128cc-eda5-45ce-b911-161512460ae0: Failed appendEntries: org.apache.ratis.thirdparty.io.grpc.StatusRuntimeException: UNAVAILABLE: io exception
2019-07-15 13:54:54,880 INFO  impl.FollowerInfo (FollowerInfo.java:lambda$new$0(50)) - df667d47-7d3a-4c8d-aeb4-7fe15e6e70ad->ead128cc-eda5-45ce-b911-161512460ae0: nextIndex: updateUnconditionally 0 -> 0
2019-07-15 13:54:55,024 INFO  node.StaleNodeHandler (StaleNodeHandler.java:onMessage(58)) - Datanode 886e9123-32ea-475d-8716-5d117160d71f{ip: 192.168.157.240, host: trunk-nightly-hvlc9-701369690, networkLocation: /default-rack, certSerialId: null} moved to stale state. Finalizing its pipelines [PipelineID=083c9e1a-0de4-4561-ad7a-0eecf98d7d1b, PipelineID=5b6c8d04-6c1f-4711-b080-5bc88975a4e1]
2019-07-15 13:54:55,024 INFO  pipeline.SCMPipelineManager (SCMPipelineManager.java:finalizeAndDestroyPipeline(309)) - destroying pipeline:Pipeline[ Id: 083c9e1a-0de4-4561-ad7a-0eecf98d7d1b, Nodes: 886e9123-32ea-475d-8716-5d117160d71f{ip: 192.168.157.240, host: trunk-nightly-hvlc9-701369690, networkLocation: /default-rack, certSerialId: null}d2a65497-a6c0-4de2-9e4b-ff8c084f9f7d{ip: 192.168.157.240, host: trunk-nightly-hvlc9-701369690, networkLocation: /default-rack, certSerialId: null}0aab5e31-ebd2-4af7-90a5-47b60834ebd7{ip: 192.168.157.240, host: trunk-nightly-hvlc9-701369690, networkLocation: /default-rack, certSerialId: null}, Type:RATIS, Factor:THREE, State:CLOSED]
2019-07-15 13:54:55,025 INFO  pipeline.SCMPipelineManager (SCMPipelineManager.java:finalizeAndDestroyPipeline(309)) - destroying pipeline:Pipeline[ Id: 5b6c8d04-6c1f-4711-b080-5bc88975a4e1, Nodes: 886e9123-32ea-475d-8716-5d117160d71f{ip: 192.168.157.240, host: trunk-nightly-hvlc9-701369690, networkLocation: /default-rack, certSerialId: null}, Type:RATIS, Factor:ONE, State:OPEN]
2019-07-15 13:54:55,025 INFO  pipeline.PipelineStateManager (PipelineStateManager.java:finalizePipeline(123)) - Pipeline Pipeline[ Id: 5b6c8d04-6c1f-4711-b080-5bc88975a4e1, Nodes: 886e9123-32ea-475d-8716-5d117160d71f{ip: 192.168.157.240, host: trunk-nightly-hvlc9-701369690, networkLocation: /default-rack, certSerialId: null}, Type:RATIS, Factor:ONE, State:CLOSED] moved to CLOSED state
2019-07-15 13:54:55,106 WARN  server.GrpcLogAppender (LogUtils.java:warn(134)) - 886e9123-32ea-475d-8716-5d117160d71f->d2a65497-a6c0-4de2-9e4b-ff8c084f9f7d: Failed appendEntries: org.apache.ratis.thirdparty.io.grpc.StatusRuntimeException: UNAVAILABLE: io exception
2019-07-15 13:54:55,106 INFO  impl.FollowerInfo (FollowerInfo.java:lambda$new$0(50)) - 886e9123-32ea-475d-8716-5d117160d71f->d2a65497-a6c0-4de2-9e4b-ff8c084f9f7d: nextIndex: updateUnconditionally 32 -> 31
2019-07-15 13:54:55,277 INFO  ozoneimpl.OzoneContainer (OzoneContainer.java:stop(199)) - Attempting to stop container services.
2019-07-15 13:54:55,277 INFO  ozoneimpl.OzoneContainer (OzoneContainer.java:stop(199)) - Attempting to stop container services.
2019-07-15 13:54:55,278 INFO  impl.RaftServerProxy (RaftServerProxy.java:lambda$close$4(314)) - df667d47-7d3a-4c8d-aeb4-7fe15e6e70ad: close
2019-07-15 13:54:55,278 INFO  impl.RaftServerImpl (RaftServerImpl.java:lambda$shutdown$3(245)) - df667d47-7d3a-4c8d-aeb4-7fe15e6e70ad: shutdown group-A1E65286F0DB
2019-07-15 13:54:55,279 INFO  impl.RaftServerProxy (RaftServerProxy.java:lambda$close$4(314)) - 886e9123-32ea-475d-8716-5d117160d71f: close
2019-07-15 13:54:55,279 INFO  util.JmxRegister (JmxRegister.java:unregister(73)) - Successfully un-registered JMX Bean with object name Ratis:service=RaftServer,group=group-A1E65286F0DB,id=df667d47-7d3a-4c8d-aeb4-7fe15e6e70ad
2019-07-15 13:54:55,280 INFO  impl.RoleInfo (RoleInfo.java:shutdownLeaderState(104)) - df667d47-7d3a-4c8d-aeb4-7fe15e6e70ad: shutdown LeaderState
2019-07-15 13:54:55,279 INFO  impl.RaftServerImpl (RaftServerImpl.java:lambda$shutdown$3(245)) - 886e9123-32ea-475d-8716-5d117160d71f: shutdown group-0EECF98D7D1B
2019-07-15 13:54:55,280 INFO  impl.PendingRequests (PendingRequests.java:sendNotLeaderResponses(202)) - df667d47-7d3a-4c8d-aeb4-7fe15e6e70ad-PendingRequests: sendNotLeaderResponses
2019-07-15 13:54:55,280 INFO  util.JmxRegister (JmxRegister.java:unregister(73)) - Successfully un-registered JMX Bean with object name Ratis:service=RaftServer,group=group-0EECF98D7D1B,id=886e9123-32ea-475d-8716-5d117160d71f
2019-07-15 13:54:55,281 INFO  impl.StateMachineUpdater (StateMachineUpdater.java:stopAndJoin(115)) - StateMachineUpdater:df667d47-7d3a-4c8d-aeb4-7fe15e6e70ad:group-A1E65286F0DB: set stopIndex = 0
2019-07-15 13:54:55,281 INFO  impl.RoleInfo (RoleInfo.java:shutdownLeaderState(104)) - 886e9123-32ea-475d-8716-5d117160d71f: shutdown LeaderState
2019-07-15 13:54:55,282 INFO  impl.RaftServerImpl (ServerState.java:close(394)) - df667d47-7d3a-4c8d-aeb4-7fe15e6e70ad:group-A1E65286F0DB closes. The last applied log index is 0
2019-07-15 13:54:55,287 WARN  server.GrpcLogAppender (GrpcLogAppender.java:mayWait(143)) - GrpcLogAppender(886e9123-32ea-475d-8716-5d117160d71f->0aab5e31-ebd2-4af7-90a5-47b60834ebd7): Wait interrupted by java.lang.InterruptedException
2019-07-15 13:54:55,287 WARN  server.GrpcLogAppender (GrpcLogAppender.java:mayWait(143)) - GrpcLogAppender(886e9123-32ea-475d-8716-5d117160d71f->d2a65497-a6c0-4de2-9e4b-ff8c084f9f7d): Wait interrupted by java.lang.InterruptedException
2019-07-15 13:54:55,287 INFO  impl.PendingRequests (PendingRequests.java:sendNotLeaderResponses(202)) - 886e9123-32ea-475d-8716-5d117160d71f-PendingRequests: sendNotLeaderResponses
2019-07-15 13:54:55,288 INFO  server.GrpcServerProtocolService (GrpcServerProtocolService.java:onCompleted(104)) - 0aab5e31-ebd2-4af7-90a5-47b60834ebd7: appendEntries completed
2019-07-15 13:54:55,287 INFO  segmented.SegmentedRaftLogWorker (SegmentedRaftLogWorker.java:run(313)) - df667d47-7d3a-4c8d-aeb4-7fe15e6e70ad-SegmentedRaftLogWorker:Storage Directory /workdir/hadoop-ozone/integration-test/target/test-dir/MiniOzoneClusterImpl-12632bd5-9a28-4465-ada6-db8877f3300b/datanode-3/data/ratis/7aa7ab7d-0853-439f-b3ef-a1e65286f0db was interrupted, exiting. There are 0 tasks remaining in the queue.
2019-07-15 13:54:55,290 INFO  impl.StateMachineUpdater (StateMachineUpdater.java:stopAndJoin(115)) - StateMachineUpdater:886e9123-32ea-475d-8716-5d117160d71f:group-0EECF98D7D1B: set stopIndex = 33
2019-07-15 13:54:55,293 INFO  segmented.SegmentedRaftLogWorker (SegmentedRaftLogWorker.java:close(228)) - df667d47-7d3a-4c8d-aeb4-7fe15e6e70ad-SegmentedRaftLogWorker:Storage Directory /workdir/hadoop-ozone/integration-test/target/test-dir/MiniOzoneClusterImpl-12632bd5-9a28-4465-ada6-db8877f3300b/datanode-3/data/ratis/7aa7ab7d-0853-439f-b3ef-a1e65286f0db close()
2019-07-15 13:54:55,293 INFO  ratis.ContainerStateMachine (ContainerStateMachine.java:takeSnapshot(249)) - group-0EECF98D7D1B: Taking a snapshot at:(t:1, i:31) file /workdir/hadoop-ozone/integration-test/target/test-dir/MiniOzoneClusterImpl-12632bd5-9a28-4465-ada6-db8877f3300b/datanode-2/data/ratis/083c9e1a-0de4-4561-ad7a-0eecf98d7d1b/sm/snapshot.1_31
2019-07-15 13:54:55,305 INFO  impl.RaftServerImpl (RaftServerImpl.java:lambda$shutdown$3(245)) - df667d47-7d3a-4c8d-aeb4-7fe15e6e70ad: shutdown group-83A5CE6E1770
2019-07-15 13:54:55,293 INFO  server.GrpcLogAppender (GrpcLogAppender.java:onCompleted(292)) - 886e9123-32ea-475d-8716-5d117160d71f->0aab5e31-ebd2-4af7-90a5-47b60834ebd7: follower responses appendEntries COMPLETED
2019-07-15 13:54:55,306 INFO  ratis.ContainerStateMachine (ContainerStateMachine.java:takeSnapshot(257)) - group-0EECF98D7D1B: Finished taking a snapshot at:(t:1, i:31) file:/workdir/hadoop-ozone/integration-test/target/test-dir/MiniOzoneClusterImpl-12632bd5-9a28-4465-ada6-db8877f3300b/datanode-2/data/ratis/083c9e1a-0de4-4561-ad7a-0eecf98d7d1b/sm/snapshot.1_31 time:13
2019-07-15 13:54:55,306 INFO  impl.StateMachineUpdater (StateMachineUpdater.java:takeSnapshot(242)) - StateMachineUpdater:886e9123-32ea-475d-8716-5d117160d71f:group-0EECF98D7D1B: Took a snapshot at index 31
2019-07-15 13:54:55,306 INFO  util.JmxRegister (JmxRegister.java:unregister(73)) - Successfully un-registered JMX Bean with object name Ratis:service=RaftServer,group=group-83A5CE6E1770,id=df667d47-7d3a-4c8d-aeb4-7fe15e6e70ad
2019-07-15 13:54:55,307 INFO  impl.StateMachineUpdater (StateMachineUpdater.java:lambda$new$0(80)) - StateMachineUpdater:886e9123-32ea-475d-8716-5d117160d71f:group-0EECF98D7D1B: snapshotIndex: updateIncreasingly -1 -> 31
2019-07-15 13:54:55,306 INFO  impl.FollowerInfo (FollowerInfo.java:lambda$new$0(50)) - 886e9123-32ea-475d-8716-5d117160d71f->0aab5e31-ebd2-4af7-90a5-47b60834ebd7: nextIndex: updateUnconditionally 34 -> 33
2019-07-15 13:54:55,307 INFO  impl.RaftServerImpl (ServerState.java:close(394)) - 886e9123-32ea-475d-8716-5d117160d71f:group-0EECF98D7D1B closes. The last applied log index is 33
2019-07-15 13:54:55,307 INFO  impl.RoleInfo (RoleInfo.java:shutdownLeaderState(104)) - df667d47-7d3a-4c8d-aeb4-7fe15e6e70ad: shutdown LeaderState
2019-07-15 13:54:55,308 INFO  segmented.SegmentedRaftLogWorker (SegmentedRaftLogWorker.java:run(313)) - 886e9123-32ea-475d-8716-5d117160d71f-SegmentedRaftLogWorker:Storage Directory /workdir/hadoop-ozone/integration-test/target/test-dir/MiniOzoneClusterImpl-12632bd5-9a28-4465-ada6-db8877f3300b/datanode-2/data/ratis/083c9e1a-0de4-4561-ad7a-0eecf98d7d1b was interrupted, exiting. There are 0 tasks remaining in the queue.
2019-07-15 13:54:55,312 WARN  server.GrpcLogAppender (GrpcLogAppender.java:mayWait(143)) - GrpcLogAppender(df667d47-7d3a-4c8d-aeb4-7fe15e6e70ad->d5631962-c778-453e-92c1-903bf63efc9b): Wait interrupted by java.lang.InterruptedException
2019-07-15 13:54:55,313 INFO  segmented.SegmentedRaftLogWorker (SegmentedRaftLogWorker.java:close(228)) - 886e9123-32ea-475d-8716-5d117160d71f-SegmentedRaftLogWorker:Storage Directory /workdir/hadoop-ozone/integration-test/target/test-dir/MiniOzoneClusterImpl-12632bd5-9a28-4465-ada6-db8877f3300b/datanode-2/data/ratis/083c9e1a-0de4-4561-ad7a-0eecf98d7d1b close()
2019-07-15 13:54:55,312 WARN  server.GrpcLogAppender (GrpcLogAppender.java:mayWait(143)) - GrpcLogAppender(df667d47-7d3a-4c8d-aeb4-7fe15e6e70ad->ead128cc-eda5-45ce-b911-161512460ae0): Wait interrupted by java.lang.InterruptedException
2019-07-15 13:54:55,312 INFO  impl.PendingRequests (PendingRequests.java:sendNotLeaderResponses(202)) - df667d47-7d3a-4c8d-aeb4-7fe15e6e70ad-PendingRequests: sendNotLeaderResponses
2019-07-15 13:54:55,315 INFO  impl.RaftServerImpl (RaftServerImpl.java:lambda$shutdown$3(245)) - 886e9123-32ea-475d-8716-5d117160d71f: shutdown group-5BC88975A4E1
2019-07-15 13:54:55,313 INFO  server.GrpcServerProtocolService (GrpcServerProtocolService.java:onCompleted(104)) - d5631962-c778-453e-92c1-903bf63efc9b: appendEntries completed
2019-07-15 13:54:55,316 INFO  util.JmxRegister (JmxRegister.java:unregister(73)) - Successfully un-registered JMX Bean with object name Ratis:service=RaftServer,group=group-5BC88975A4E1,id=886e9123-32ea-475d-8716-5d117160d71f
2019-07-15 13:54:55,316 INFO  impl.StateMachineUpdater (StateMachineUpdater.java:stopAndJoin(115)) - StateMachineUpdater:df667d47-7d3a-4c8d-aeb4-7fe15e6e70ad:group-83A5CE6E1770: set stopIndex = 0
2019-07-15 13:54:55,316 INFO  server.GrpcLogAppender (GrpcLogAppender.java:onCompleted(292)) - df667d47-7d3a-4c8d-aeb4-7fe15e6e70ad->d5631962-c778-453e-92c1-903bf63efc9b: follower responses appendEntries COMPLETED
2019-07-15 13:54:55,316 INFO  impl.RoleInfo (RoleInfo.java:shutdownLeaderState(104)) - 886e9123-32ea-475d-8716-5d117160d71f: shutdown LeaderState
2019-07-15 13:54:55,317 INFO  impl.FollowerInfo (FollowerInfo.java:lambda$new$0(50)) - df667d47-7d3a-4c8d-aeb4-7fe15e6e70ad->d5631962-c778-453e-92c1-903bf63efc9b: nextIndex: updateUnconditionally 1 -> 0
2019-07-15 13:54:55,317 INFO  impl.RaftServerImpl (ServerState.java:close(394)) - df667d47-7d3a-4c8d-aeb4-7fe15e6e70ad:group-83A5CE6E1770 closes. The last applied log index is 0
2019-07-15 13:54:55,317 INFO  impl.PendingRequests (PendingRequests.java:sendNotLeaderResponses(202)) - 886e9123-32ea-475d-8716-5d117160d71f-PendingRequests: sendNotLeaderResponses
2019-07-15 13:54:55,318 INFO  segmented.SegmentedRaftLogWorker (SegmentedRaftLogWorker.java:run(313)) - df667d47-7d3a-4c8d-aeb4-7fe15e6e70ad-SegmentedRaftLogWorker:Storage Directory /workdir/hadoop-ozone/integration-test/target/test-dir/MiniOzoneClusterImpl-12632bd5-9a28-4465-ada6-db8877f3300b/datanode-3/data/ratis/acf85c99-96f8-4bae-a669-83a5ce6e1770 was interrupted, exiting. There are 0 tasks remaining in the queue.
2019-07-15 13:54:55,319 INFO  impl.StateMachineUpdater (StateMachineUpdater.java:stopAndJoin(115)) - StateMachineUpdater:886e9123-32ea-475d-8716-5d117160d71f:group-5BC88975A4E1: set stopIndex = 0
2019-07-15 13:54:55,319 INFO  segmented.SegmentedRaftLogWorker (SegmentedRaftLogWorker.java:close(228)) - df667d47-7d3a-4c8d-aeb4-7fe15e6e70ad-SegmentedRaftLogWorker:Storage Directory /workdir/hadoop-ozone/integration-test/target/test-dir/MiniOzoneClusterImpl-12632bd5-9a28-4465-ada6-db8877f3300b/datanode-3/data/ratis/acf85c99-96f8-4bae-a669-83a5ce6e1770 close()
2019-07-15 13:54:55,319 INFO  impl.RaftServerImpl (ServerState.java:close(394)) - 886e9123-32ea-475d-8716-5d117160d71f:group-5BC88975A4E1 closes. The last applied log index is 0
2019-07-15 13:54:55,321 INFO  server.GrpcService (GrpcService.java:closeImpl(155)) - df667d47-7d3a-4c8d-aeb4-7fe15e6e70ad: shutdown server with port 42151 now
2019-07-15 13:54:55,322 INFO  segmented.SegmentedRaftLogWorker (SegmentedRaftLogWorker.java:run(313)) - 886e9123-32ea-475d-8716-5d117160d71f-SegmentedRaftLogWorker:Storage Directory /workdir/hadoop-ozone/integration-test/target/test-dir/MiniOzoneClusterImpl-12632bd5-9a28-4465-ada6-db8877f3300b/datanode-2/data/ratis/5b6c8d04-6c1f-4711-b080-5bc88975a4e1 was interrupted, exiting. There are 0 tasks remaining in the queue.
2019-07-15 13:54:55,322 INFO  segmented.SegmentedRaftLogWorker (SegmentedRaftLogWorker.java:close(228)) - 886e9123-32ea-475d-8716-5d117160d71f-SegmentedRaftLogWorker:Storage Directory /workdir/hadoop-ozone/integration-test/target/test-dir/MiniOzoneClusterImpl-12632bd5-9a28-4465-ada6-db8877f3300b/datanode-2/data/ratis/5b6c8d04-6c1f-4711-b080-5bc88975a4e1 close()
2019-07-15 13:54:55,322 INFO  server.GrpcService (GrpcService.java:closeImpl(163)) - df667d47-7d3a-4c8d-aeb4-7fe15e6e70ad: shutdown server with port 42151 successfully
2019-07-15 13:54:55,324 INFO  server.GrpcService (GrpcService.java:closeImpl(155)) - 886e9123-32ea-475d-8716-5d117160d71f: shutdown server with port 44485 now
2019-07-15 13:54:55,326 WARN  client.GrpcClientProtocolService (LogUtils.java:warn(134)) - 2-UnorderedRequestStreamObserver2: onError: org.apache.ratis.thirdparty.io.grpc.StatusRuntimeException: CANCELLED: cancelled before receiving half close
2019-07-15 13:54:55,326 INFO  server.GrpcService (GrpcService.java:closeImpl(163)) - 886e9123-32ea-475d-8716-5d117160d71f: shutdown server with port 44485 successfully
2019-07-15 13:54:55,327 INFO  utils.BackgroundService (BackgroundService.java:shutdown(148)) - Shutting down service BlockDeletingService
2019-07-15 13:54:55,328 INFO  utils.BackgroundService (BackgroundService.java:shutdown(148)) - Shutting down service BlockDeletingService
2019-07-15 13:54:55,329 WARN  fs.CachingGetSpaceUsed (CachingGetSpaceUsed.java:run(183)) - Thread Interrupted waiting to refresh disk information: sleep interrupted
2019-07-15 13:54:55,336 WARN  fs.CachingGetSpaceUsed (CachingGetSpaceUsed.java:run(183)) - Thread Interrupted waiting to refresh disk information: sleep interrupted
2019-07-15 13:54:55,352 INFO  statemachine.DatanodeStateMachine (DatanodeStateMachine.java:stopDaemon(395)) - Ozone container server stopped.
2019-07-15 13:54:55,365 INFO  statemachine.DatanodeStateMachine (DatanodeStateMachine.java:stopDaemon(395)) - Ozone container server stopped.
2019-07-15 13:54:55,379 INFO  handler.ContextHandler (ContextHandler.java:doStop(910)) - Stopped o.e.j.w.WebAppContext@37403f66{/,null,UNAVAILABLE}{/hddsDatanode}
2019-07-15 13:54:55,379 INFO  handler.ContextHandler (ContextHandler.java:doStop(910)) - Stopped o.e.j.w.WebAppContext@4a9fdffe{/,null,UNAVAILABLE}{/hddsDatanode}
2019-07-15 13:54:55,380 INFO  server.AbstractConnector (AbstractConnector.java:doStop(318)) - Stopped ServerConnector@da51aa8{HTTP/1.1,[http/1.1]}{0.0.0.0:0}
2019-07-15 13:54:55,380 INFO  server.AbstractConnector (AbstractConnector.java:doStop(318)) - Stopped ServerConnector@2f7765f1{HTTP/1.1,[http/1.1]}{0.0.0.0:0}
2019-07-15 13:54:55,382 INFO  handler.ContextHandler (ContextHandler.java:doStop(910)) - Stopped o.e.j.s.ServletContextHandler@5920c4ed{/static,jar:file:/home/user/.m2/repository/org/apache/hadoop/hadoop-hdds-container-service/0.5.0-SNAPSHOT/hadoop-hdds-container-service-0.5.0-SNAPSHOT.jar!/webapps/static,UNAVAILABLE}
2019-07-15 13:54:55,383 INFO  handler.ContextHandler (ContextHandler.java:doStop(910)) - Stopped o.e.j.s.ServletContextHandler@6ff879e5{/static,jar:file:/home/user/.m2/repository/org/apache/hadoop/hadoop-hdds-container-service/0.5.0-SNAPSHOT/hadoop-hdds-container-service-0.5.0-SNAPSHOT.jar!/webapps/static,UNAVAILABLE}
2019-07-15 13:54:55,384 INFO  handler.ContextHandler (ContextHandler.java:doStop(910)) - Stopped o.e.j.s.ServletContextHandler@1bb1c6dd{/logs,file:///workdir/hadoop-ozone/integration-test/target/log,UNAVAILABLE}
2019-07-15 13:54:55,384 INFO  handler.ContextHandler (ContextHandler.java:doStop(910)) - Stopped o.e.j.s.ServletContextHandler@5d9ac1ff{/logs,file:///workdir/hadoop-ozone/integration-test/target/log,UNAVAILABLE}
2019-07-15 13:54:55,386 INFO  datanode.ObjectStoreHandler (ObjectStoreHandler.java:close(155)) - Closing ObjectStoreHandler.
2019-07-15 13:54:55,386 INFO  datanode.ObjectStoreHandler (ObjectStoreHandler.java:close(155)) - Closing ObjectStoreHandler.
2019-07-15 13:54:55,386 INFO  ozone.HddsDatanodeService (HddsDatanodeService.java:stop(452)) - Stopped plug-in org.apache.hadoop.ozone.web.OzoneHddsDatanodeService@627d29cc
2019-07-15 13:54:55,386 INFO  ozone.HddsDatanodeService (HddsDatanodeService.java:stop(452)) - Stopped plug-in org.apache.hadoop.ozone.web.OzoneHddsDatanodeService@7d5b1446
2019-07-15 13:54:55,928 INFO  statemachine.DatanodeStateMachine (DatanodeStateMachine.java:lambda$startDaemon$0(350)) - Ozone container server started.
2019-07-15 13:54:56,236 INFO  statemachine.DatanodeStateMachine (DatanodeStateMachine.java:lambda$startDaemon$0(350)) - Ozone container server started.
2019-07-15 13:54:59,931 INFO  node.StaleNodeHandler (StaleNodeHandler.java:onMessage(58)) - Datanode 0aab5e31-ebd2-4af7-90a5-47b60834ebd7{ip: 192.168.157.240, host: trunk-nightly-hvlc9-701369690, networkLocation: /default-rack, certSerialId: null} moved to stale state. Finalizing its pipelines [PipelineID=083c9e1a-0de4-4561-ad7a-0eecf98d7d1b, PipelineID=2cf05412-8f00-4517-a38b-8ce2e784cc6e]
2019-07-15 13:54:59,931 INFO  pipeline.SCMPipelineManager (SCMPipelineManager.java:finalizeAndDestroyPipeline(309)) - destroying pipeline:Pipeline[ Id: 083c9e1a-0de4-4561-ad7a-0eecf98d7d1b, Nodes: 886e9123-32ea-475d-8716-5d117160d71f{ip: 192.168.157.240, host: trunk-nightly-hvlc9-701369690, networkLocation: /default-rack, certSerialId: null}d2a65497-a6c0-4de2-9e4b-ff8c084f9f7d{ip: 192.168.157.240, host: trunk-nightly-hvlc9-701369690, networkLocation: /default-rack, certSerialId: null}0aab5e31-ebd2-4af7-90a5-47b60834ebd7{ip: 192.168.157.240, host: trunk-nightly-hvlc9-701369690, networkLocation: /default-rack, certSerialId: null}, Type:RATIS, Factor:THREE, State:CLOSED]
2019-07-15 13:54:59,931 INFO  pipeline.SCMPipelineManager (SCMPipelineManager.java:finalizeAndDestroyPipeline(309)) - destroying pipeline:Pipeline[ Id: 2cf05412-8f00-4517-a38b-8ce2e784cc6e, Nodes: 0aab5e31-ebd2-4af7-90a5-47b60834ebd7{ip: 192.168.157.240, host: trunk-nightly-hvlc9-701369690, networkLocation: /default-rack, certSerialId: null}, Type:RATIS, Factor:ONE, State:OPEN]
2019-07-15 13:54:59,932 INFO  pipeline.PipelineStateManager (PipelineStateManager.java:finalizePipeline(123)) - Pipeline Pipeline[ Id: 2cf05412-8f00-4517-a38b-8ce2e784cc6e, Nodes: 0aab5e31-ebd2-4af7-90a5-47b60834ebd7{ip: 192.168.157.240, host: trunk-nightly-hvlc9-701369690, networkLocation: /default-rack, certSerialId: null}, Type:RATIS, Factor:ONE, State:CLOSED] moved to CLOSED state
2019-07-15 13:55:00,331 INFO  node.StaleNodeHandler (StaleNodeHandler.java:onMessage(58)) - Datanode 8529c181-edfc-4269-bf43-0c2bcbd6318e{ip: 192.168.157.240, host: trunk-nightly-hvlc9-701369690, networkLocation: /default-rack, certSerialId: null} moved to stale state. Finalizing its pipelines [PipelineID=65bc3c4b-8d56-403a-aa5a-e434651ac752]
2019-07-15 13:55:00,332 INFO  pipeline.SCMPipelineManager (SCMPipelineManager.java:finalizeAndDestroyPipeline(309)) - destroying pipeline:Pipeline[ Id: 65bc3c4b-8d56-403a-aa5a-e434651ac752, Nodes: 8529c181-edfc-4269-bf43-0c2bcbd6318e{ip: 192.168.157.240, host: trunk-nightly-hvlc9-701369690, networkLocation: /default-rack, certSerialId: null}, Type:RATIS, Factor:ONE, State:OPEN]
2019-07-15 13:55:00,332 INFO  pipeline.PipelineStateManager (PipelineStateManager.java:finalizePipeline(123)) - Pipeline Pipeline[ Id: 65bc3c4b-8d56-403a-aa5a-e434651ac752, Nodes: 8529c181-edfc-4269-bf43-0c2bcbd6318e{ip: 192.168.157.240, host: trunk-nightly-hvlc9-701369690, networkLocation: /default-rack, certSerialId: null}, Type:RATIS, Factor:ONE, State:CLOSED] moved to CLOSED state
2019-07-15 13:55:00,387 INFO  ozoneimpl.OzoneContainer (OzoneContainer.java:stop(199)) - Attempting to stop container services.
2019-07-15 13:55:00,387 INFO  ozoneimpl.OzoneContainer (OzoneContainer.java:stop(199)) - Attempting to stop container services.
2019-07-15 13:55:00,388 INFO  impl.RaftServerProxy (RaftServerProxy.java:lambda$close$4(314)) - 0aab5e31-ebd2-4af7-90a5-47b60834ebd7: close
2019-07-15 13:55:00,388 INFO  impl.RaftServerImpl (RaftServerImpl.java:lambda$shutdown$3(245)) - 0aab5e31-ebd2-4af7-90a5-47b60834ebd7: shutdown group-0EECF98D7D1B
2019-07-15 13:55:00,388 INFO  impl.RaftServerProxy (RaftServerProxy.java:lambda$close$4(314)) - 8529c181-edfc-4269-bf43-0c2bcbd6318e: close
2019-07-15 13:55:00,389 INFO  util.JmxRegister (JmxRegister.java:unregister(73)) - Successfully un-registered JMX Bean with object name Ratis:service=RaftServer,group=group-0EECF98D7D1B,id=0aab5e31-ebd2-4af7-90a5-47b60834ebd7
2019-07-15 13:55:00,389 INFO  impl.RaftServerImpl (RaftServerImpl.java:lambda$shutdown$3(245)) - 8529c181-edfc-4269-bf43-0c2bcbd6318e: shutdown group-E434651AC752
2019-07-15 13:55:00,389 INFO  impl.RoleInfo (RoleInfo.java:shutdownFollowerState(121)) - 0aab5e31-ebd2-4af7-90a5-47b60834ebd7: shutdown FollowerState
2019-07-15 13:55:00,390 INFO  util.JmxRegister (JmxRegister.java:unregister(73)) - Successfully un-registered JMX Bean with object name Ratis:service=RaftServer,group=group-E434651AC752,id=8529c181-edfc-4269-bf43-0c2bcbd6318e
2019-07-15 13:55:00,390 INFO  impl.FollowerState (FollowerState.java:run(114)) - 0aab5e31-ebd2-4af7-90a5-47b60834ebd7: FollowerState was interrupted: java.lang.InterruptedException: sleep interrupted
2019-07-15 13:55:00,390 INFO  ratis.ContainerStateMachine (ContainerStateMachine.java:takeSnapshot(249)) - group-0EECF98D7D1B: Taking a snapshot at:(t:1, i:31) file /workdir/hadoop-ozone/integration-test/target/test-dir/MiniOzoneClusterImpl-12632bd5-9a28-4465-ada6-db8877f3300b/datanode-0/data/ratis/083c9e1a-0de4-4561-ad7a-0eecf98d7d1b/sm/snapshot.1_31
2019-07-15 13:55:00,390 INFO  impl.StateMachineUpdater (StateMachineUpdater.java:stopAndJoin(115)) - StateMachineUpdater:0aab5e31-ebd2-4af7-90a5-47b60834ebd7:group-0EECF98D7D1B: set stopIndex = 33
2019-07-15 13:55:00,390 INFO  impl.RoleInfo (RoleInfo.java:shutdownLeaderState(104)) - 8529c181-edfc-4269-bf43-0c2bcbd6318e: shutdown LeaderState
2019-07-15 13:55:00,391 INFO  ratis.ContainerStateMachine (ContainerStateMachine.java:takeSnapshot(257)) - group-0EECF98D7D1B: Finished taking a snapshot at:(t:1, i:31) file:/workdir/hadoop-ozone/integration-test/target/test-dir/MiniOzoneClusterImpl-12632bd5-9a28-4465-ada6-db8877f3300b/datanode-0/data/ratis/083c9e1a-0de4-4561-ad7a-0eecf98d7d1b/sm/snapshot.1_31 time:1
2019-07-15 13:55:00,392 INFO  impl.StateMachineUpdater (StateMachineUpdater.java:takeSnapshot(242)) - StateMachineUpdater:0aab5e31-ebd2-4af7-90a5-47b60834ebd7:group-0EECF98D7D1B: Took a snapshot at index 31
2019-07-15 13:55:00,392 INFO  impl.PendingRequests (PendingRequests.java:sendNotLeaderResponses(202)) - 8529c181-edfc-4269-bf43-0c2bcbd6318e-PendingRequests: sendNotLeaderResponses
2019-07-15 13:55:00,392 INFO  impl.StateMachineUpdater (StateMachineUpdater.java:lambda$new$0(80)) - StateMachineUpdater:0aab5e31-ebd2-4af7-90a5-47b60834ebd7:group-0EECF98D7D1B: snapshotIndex: updateIncreasingly -1 -> 31
2019-07-15 13:55:00,392 INFO  impl.StateMachineUpdater (StateMachineUpdater.java:stopAndJoin(115)) - StateMachineUpdater:8529c181-edfc-4269-bf43-0c2bcbd6318e:group-E434651AC752: set stopIndex = 0
2019-07-15 13:55:00,393 INFO  impl.RaftServerImpl (ServerState.java:close(394)) - 0aab5e31-ebd2-4af7-90a5-47b60834ebd7:group-0EECF98D7D1B closes. The last applied log index is 33
2019-07-15 13:55:00,393 INFO  impl.RaftServerImpl (ServerState.java:close(394)) - 8529c181-edfc-4269-bf43-0c2bcbd6318e:group-E434651AC752 closes. The last applied log index is 0
2019-07-15 13:55:00,393 INFO  segmented.SegmentedRaftLogWorker (SegmentedRaftLogWorker.java:run(313)) - 0aab5e31-ebd2-4af7-90a5-47b60834ebd7-SegmentedRaftLogWorker:Storage Directory /workdir/hadoop-ozone/integration-test/target/test-dir/MiniOzoneClusterImpl-12632bd5-9a28-4465-ada6-db8877f3300b/datanode-0/data/ratis/083c9e1a-0de4-4561-ad7a-0eecf98d7d1b was interrupted, exiting. There are 0 tasks remaining in the queue.
2019-07-15 13:55:00,394 INFO  segmented.SegmentedRaftLogWorker (SegmentedRaftLogWorker.java:run(313)) - 8529c181-edfc-4269-bf43-0c2bcbd6318e-SegmentedRaftLogWorker:Storage Directory /workdir/hadoop-ozone/integration-test/target/test-dir/MiniOzoneClusterImpl-12632bd5-9a28-4465-ada6-db8877f3300b/datanode-6/data/ratis/65bc3c4b-8d56-403a-aa5a-e434651ac752 was interrupted, exiting. There are 0 tasks remaining in the queue.
2019-07-15 13:55:00,394 INFO  segmented.SegmentedRaftLogWorker (SegmentedRaftLogWorker.java:close(228)) - 0aab5e31-ebd2-4af7-90a5-47b60834ebd7-SegmentedRaftLogWorker:Storage Directory /workdir/hadoop-ozone/integration-test/target/test-dir/MiniOzoneClusterImpl-12632bd5-9a28-4465-ada6-db8877f3300b/datanode-0/data/ratis/083c9e1a-0de4-4561-ad7a-0eecf98d7d1b close()
2019-07-15 13:55:00,394 INFO  segmented.SegmentedRaftLogWorker (SegmentedRaftLogWorker.java:close(228)) - 8529c181-edfc-4269-bf43-0c2bcbd6318e-SegmentedRaftLogWorker:Storage Directory /workdir/hadoop-ozone/integration-test/target/test-dir/MiniOzoneClusterImpl-12632bd5-9a28-4465-ada6-db8877f3300b/datanode-6/data/ratis/65bc3c4b-8d56-403a-aa5a-e434651ac752 close()
2019-07-15 13:55:00,397 INFO  impl.RaftServerImpl (RaftServerImpl.java:lambda$shutdown$3(245)) - 0aab5e31-ebd2-4af7-90a5-47b60834ebd7: shutdown group-8CE2E784CC6E
2019-07-15 13:55:00,399 INFO  server.GrpcService (GrpcService.java:closeImpl(155)) - 8529c181-edfc-4269-bf43-0c2bcbd6318e: shutdown server with port 41505 now
2019-07-15 13:55:00,399 INFO  util.JmxRegister (JmxRegister.java:unregister(73)) - Successfully un-registered JMX Bean with object name Ratis:service=RaftServer,group=group-8CE2E784CC6E,id=0aab5e31-ebd2-4af7-90a5-47b60834ebd7
2019-07-15 13:55:00,401 INFO  impl.RoleInfo (RoleInfo.java:shutdownLeaderState(104)) - 0aab5e31-ebd2-4af7-90a5-47b60834ebd7: shutdown LeaderState
2019-07-15 13:55:00,401 INFO  server.GrpcService (GrpcService.java:closeImpl(163)) - 8529c181-edfc-4269-bf43-0c2bcbd6318e: shutdown server with port 41505 successfully
2019-07-15 13:55:00,402 INFO  impl.PendingRequests (PendingRequests.java:sendNotLeaderResponses(202)) - 0aab5e31-ebd2-4af7-90a5-47b60834ebd7-PendingRequests: sendNotLeaderResponses
2019-07-15 13:55:00,402 INFO  impl.StateMachineUpdater (StateMachineUpdater.java:stopAndJoin(115)) - StateMachineUpdater:0aab5e31-ebd2-4af7-90a5-47b60834ebd7:group-8CE2E784CC6E: set stopIndex = 0
2019-07-15 13:55:00,403 INFO  impl.RaftServerImpl (ServerState.java:close(394)) - 0aab5e31-ebd2-4af7-90a5-47b60834ebd7:group-8CE2E784CC6E closes. The last applied log index is 0
2019-07-15 13:55:00,403 INFO  utils.BackgroundService (BackgroundService.java:shutdown(148)) - Shutting down service BlockDeletingService
2019-07-15 13:55:00,404 INFO  segmented.SegmentedRaftLogWorker (SegmentedRaftLogWorker.java:run(313)) - 0aab5e31-ebd2-4af7-90a5-47b60834ebd7-SegmentedRaftLogWorker:Storage Directory /workdir/hadoop-ozone/integration-test/target/test-dir/MiniOzoneClusterImpl-12632bd5-9a28-4465-ada6-db8877f3300b/datanode-0/data/ratis/2cf05412-8f00-4517-a38b-8ce2e784cc6e was interrupted, exiting. There are 0 tasks remaining in the queue.
2019-07-15 13:55:00,406 INFO  segmented.SegmentedRaftLogWorker (SegmentedRaftLogWorker.java:close(228)) - 0aab5e31-ebd2-4af7-90a5-47b60834ebd7-SegmentedRaftLogWorker:Storage Directory /workdir/hadoop-ozone/integration-test/target/test-dir/MiniOzoneClusterImpl-12632bd5-9a28-4465-ada6-db8877f3300b/datanode-0/data/ratis/2cf05412-8f00-4517-a38b-8ce2e784cc6e close()
2019-07-15 13:55:00,408 INFO  server.GrpcService (GrpcService.java:closeImpl(155)) - 0aab5e31-ebd2-4af7-90a5-47b60834ebd7: shutdown server with port 36927 now
2019-07-15 13:55:00,408 WARN  fs.CachingGetSpaceUsed (CachingGetSpaceUsed.java:run(183)) - Thread Interrupted waiting to refresh disk information: sleep interrupted
2019-07-15 13:55:00,408 INFO  server.GrpcService (GrpcService.java:closeImpl(163)) - 0aab5e31-ebd2-4af7-90a5-47b60834ebd7: shutdown server with port 36927 successfully
2019-07-15 13:55:00,410 INFO  utils.BackgroundService (BackgroundService.java:shutdown(148)) - Shutting down service BlockDeletingService
2019-07-15 13:55:00,415 WARN  fs.CachingGetSpaceUsed (CachingGetSpaceUsed.java:run(183)) - Thread Interrupted waiting to refresh disk information: sleep interrupted
2019-07-15 13:55:00,428 INFO  statemachine.DatanodeStateMachine (DatanodeStateMachine.java:stopDaemon(395)) - Ozone container server stopped.
2019-07-15 13:55:00,435 INFO  statemachine.DatanodeStateMachine (DatanodeStateMachine.java:stopDaemon(395)) - Ozone container server stopped.
2019-07-15 13:55:00,440 INFO  handler.ContextHandler (ContextHandler.java:doStop(910)) - Stopped o.e.j.w.WebAppContext@2a64c8c3{/,null,UNAVAILABLE}{/hddsDatanode}
2019-07-15 13:55:00,440 INFO  handler.ContextHandler (ContextHandler.java:doStop(910)) - Stopped o.e.j.w.WebAppContext@57be28d1{/,null,UNAVAILABLE}{/hddsDatanode}
2019-07-15 13:55:00,441 INFO  server.AbstractConnector (AbstractConnector.java:doStop(318)) - Stopped ServerConnector@19f72e12{HTTP/1.1,[http/1.1]}{0.0.0.0:0}
2019-07-15 13:55:00,441 INFO  server.AbstractConnector (AbstractConnector.java:doStop(318)) - Stopped ServerConnector@20c642ef{HTTP/1.1,[http/1.1]}{0.0.0.0:0}
2019-07-15 13:55:00,442 INFO  handler.ContextHandler (ContextHandler.java:doStop(910)) - Stopped o.e.j.s.ServletContextHandler@4f143176{/static,jar:file:/home/user/.m2/repository/org/apache/hadoop/hadoop-hdds-container-service/0.5.0-SNAPSHOT/hadoop-hdds-container-service-0.5.0-SNAPSHOT.jar!/webapps/static,UNAVAILABLE}
2019-07-15 13:55:00,443 INFO  handler.ContextHandler (ContextHandler.java:doStop(910)) - Stopped o.e.j.s.ServletContextHandler@64f248ea{/static,jar:file:/home/user/.m2/repository/org/apache/hadoop/hadoop-hdds-container-service/0.5.0-SNAPSHOT/hadoop-hdds-container-service-0.5.0-SNAPSHOT.jar!/webapps/static,UNAVAILABLE}
2019-07-15 13:55:00,444 INFO  handler.ContextHandler (ContextHandler.java:doStop(910)) - Stopped o.e.j.s.ServletContextHandler@53e1cd6b{/logs,file:///workdir/hadoop-ozone/integration-test/target/log,UNAVAILABLE}
2019-07-15 13:55:00,444 INFO  handler.ContextHandler (ContextHandler.java:doStop(910)) - Stopped o.e.j.s.ServletContextHandler@36e8e3e1{/logs,file:///workdir/hadoop-ozone/integration-test/target/log,UNAVAILABLE}
2019-07-15 13:55:00,448 INFO  datanode.ObjectStoreHandler (ObjectStoreHandler.java:close(155)) - Closing ObjectStoreHandler.
2019-07-15 13:55:00,449 INFO  ozone.HddsDatanodeService (HddsDatanodeService.java:stop(452)) - Stopped plug-in org.apache.hadoop.ozone.web.OzoneHddsDatanodeService@3a2173cd
2019-07-15 13:55:00,893 INFO  statemachine.DatanodeStateMachine (DatanodeStateMachine.java:lambda$startDaemon$0(350)) - Ozone container server started.
2019-07-15 13:55:02,707 INFO  impl.FollowerState (FollowerState.java:run(106)) - d5631962-c778-453e-92c1-903bf63efc9b:group-83A5CE6E1770 changes to CANDIDATE, lastRpcTime:7826, electionTimeout:5090ms
2019-07-15 13:55:02,707 INFO  impl.RoleInfo (RoleInfo.java:shutdownFollowerState(121)) - d5631962-c778-453e-92c1-903bf63efc9b: shutdown FollowerState
2019-07-15 13:55:02,707 INFO  impl.RaftServerImpl (RaftServerImpl.java:setRole(171)) - d5631962-c778-453e-92c1-903bf63efc9b:group-83A5CE6E1770 changes role from FOLLOWER to CANDIDATE at term 2 for changeToCandidate
2019-07-15 13:55:02,707 INFO  impl.RoleInfo (RoleInfo.java:updateAndGet(143)) - d5631962-c778-453e-92c1-903bf63efc9b: start LeaderElection
2019-07-15 13:55:02,710 INFO  impl.RaftServerImpl (ServerState.java:setLeader(263)) - d5631962-c778-453e-92c1-903bf63efc9b:group-83A5CE6E1770 change Leader from df667d47-7d3a-4c8d-aeb4-7fe15e6e70ad to null at term 2 for initElection
2019-07-15 13:55:02,733 INFO  impl.LeaderElection (LeaderElection.java:askForVotes(181)) - d5631962-c778-453e-92c1-903bf63efc9b:group-83A5CE6E1770:LeaderElection100: begin an election at term 3 for 0: [d5631962-c778-453e-92c1-903bf63efc9b:192.168.157.240:34024, ead128cc-eda5-45ce-b911-161512460ae0:192.168.157.240:40516, df667d47-7d3a-4c8d-aeb4-7fe15e6e70ad:192.168.157.240:42151], old=null
2019-07-15 13:55:02,737 INFO  impl.LeaderElection (LogUtils.java:infoOrTrace(149)) - d5631962-c778-453e-92c1-903bf63efc9b:group-83A5CE6E1770:LeaderElection100 got exception when requesting votes: {}
java.util.concurrent.ExecutionException: org.apache.ratis.thirdparty.io.grpc.StatusRuntimeException: UNAVAILABLE: io exception
	at java.util.concurrent.FutureTask.report(FutureTask.java:122)
	at java.util.concurrent.FutureTask.get(FutureTask.java:192)
	at org.apache.ratis.server.impl.LeaderElection.waitForResults(LeaderElection.java:262)
	at org.apache.ratis.server.impl.LeaderElection.askForVotes(LeaderElection.java:200)
	at org.apache.ratis.server.impl.LeaderElection.run(LeaderElection.java:130)
	at java.lang.Thread.run(Thread.java:748)
Caused by: org.apache.ratis.thirdparty.io.grpc.StatusRuntimeException: UNAVAILABLE: io exception
	at org.apache.ratis.thirdparty.io.grpc.stub.ClientCalls.toStatusRuntimeException(ClientCalls.java:233)
	at org.apache.ratis.thirdparty.io.grpc.stub.ClientCalls.getUnchecked(ClientCalls.java:214)
	at org.apache.ratis.thirdparty.io.grpc.stub.ClientCalls.blockingUnaryCall(ClientCalls.java:139)
	at org.apache.ratis.proto.grpc.RaftServerProtocolServiceGrpc$RaftServerProtocolServiceBlockingStub.requestVote(RaftServerProtocolServiceGrpc.java:265)
	at org.apache.ratis.grpc.server.GrpcServerProtocolClient.requestVote(GrpcServerProtocolClient.java:83)
	at org.apache.ratis.grpc.server.GrpcService.requestVote(GrpcService.java:195)
	at org.apache.ratis.server.impl.LeaderElection.lambda$submitRequests$1(LeaderElection.java:237)
	at java.util.concurrent.FutureTask.run(FutureTask.java:266)
	at java.util.concurrent.Executors$RunnableAdapter.call(Executors.java:511)
	at java.util.concurrent.FutureTask.run(FutureTask.java:266)
	at java.util.concurrent.ThreadPoolExecutor.runWorker(ThreadPoolExecutor.java:1149)
	at java.util.concurrent.ThreadPoolExecutor$Worker.run(ThreadPoolExecutor.java:624)
	... 1 more
Caused by: org.apache.ratis.thirdparty.io.netty.channel.AbstractChannel$AnnotatedConnectException: Connection refused: /192.168.157.240:40516
	at sun.nio.ch.SocketChannelImpl.checkConnect(Native Method)
	at sun.nio.ch.SocketChannelImpl.finishConnect(SocketChannelImpl.java:717)
	at org.apache.ratis.thirdparty.io.netty.channel.socket.nio.NioSocketChannel.doFinishConnect(NioSocketChannel.java:327)
	at org.apache.ratis.thirdparty.io.netty.channel.nio.AbstractNioChannel$AbstractNioUnsafe.finishConnect(AbstractNioChannel.java:340)
	at org.apache.ratis.thirdparty.io.netty.channel.nio.NioEventLoop.processSelectedKey(NioEventLoop.java:632)
	at org.apache.ratis.thirdparty.io.netty.channel.nio.NioEventLoop.processSelectedKeysOptimized(NioEventLoop.java:579)
	at org.apache.ratis.thirdparty.io.netty.channel.nio.NioEventLoop.processSelectedKeys(NioEventLoop.java:496)
	at org.apache.ratis.thirdparty.io.netty.channel.nio.NioEventLoop.run(NioEventLoop.java:458)
	at org.apache.ratis.thirdparty.io.netty.util.concurrent.SingleThreadEventExecutor$5.run(SingleThreadEventExecutor.java:897)
	at org.apache.ratis.thirdparty.io.netty.util.concurrent.FastThreadLocalRunnable.run(FastThreadLocalRunnable.java:30)
	... 1 more
Caused by: java.net.ConnectException: Connection refused
	... 11 more
2019-07-15 13:55:02,739 INFO  impl.LeaderElection (LogUtils.java:infoOrTrace(149)) - d5631962-c778-453e-92c1-903bf63efc9b:group-83A5CE6E1770:LeaderElection100 got exception when requesting votes: {}
java.util.concurrent.ExecutionException: org.apache.ratis.thirdparty.io.grpc.StatusRuntimeException: UNAVAILABLE: io exception
	at java.util.concurrent.FutureTask.report(FutureTask.java:122)
	at java.util.concurrent.FutureTask.get(FutureTask.java:192)
	at org.apache.ratis.server.impl.LeaderElection.waitForResults(LeaderElection.java:262)
	at org.apache.ratis.server.impl.LeaderElection.askForVotes(LeaderElection.java:200)
	at org.apache.ratis.server.impl.LeaderElection.run(LeaderElection.java:130)
	at java.lang.Thread.run(Thread.java:748)
Caused by: org.apache.ratis.thirdparty.io.grpc.StatusRuntimeException: UNAVAILABLE: io exception
	at org.apache.ratis.thirdparty.io.grpc.stub.ClientCalls.toStatusRuntimeException(ClientCalls.java:233)
	at org.apache.ratis.thirdparty.io.grpc.stub.ClientCalls.getUnchecked(ClientCalls.java:214)
	at org.apache.ratis.thirdparty.io.grpc.stub.ClientCalls.blockingUnaryCall(ClientCalls.java:139)
	at org.apache.ratis.proto.grpc.RaftServerProtocolServiceGrpc$RaftServerProtocolServiceBlockingStub.requestVote(RaftServerProtocolServiceGrpc.java:265)
	at org.apache.ratis.grpc.server.GrpcServerProtocolClient.requestVote(GrpcServerProtocolClient.java:83)
	at org.apache.ratis.grpc.server.GrpcService.requestVote(GrpcService.java:195)
	at org.apache.ratis.server.impl.LeaderElection.lambda$submitRequests$1(LeaderElection.java:237)
	at java.util.concurrent.FutureTask.run(FutureTask.java:266)
	at java.util.concurrent.Executors$RunnableAdapter.call(Executors.java:511)
	at java.util.concurrent.FutureTask.run(FutureTask.java:266)
	at java.util.concurrent.ThreadPoolExecutor.runWorker(ThreadPoolExecutor.java:1149)
	at java.util.concurrent.ThreadPoolExecutor$Worker.run(ThreadPoolExecutor.java:624)
	... 1 more
Caused by: org.apache.ratis.thirdparty.io.netty.channel.AbstractChannel$AnnotatedConnectException: Connection refused: /192.168.157.240:42151
	at sun.nio.ch.SocketChannelImpl.checkConnect(Native Method)
	at sun.nio.ch.SocketChannelImpl.finishConnect(SocketChannelImpl.java:717)
	at org.apache.ratis.thirdparty.io.netty.channel.socket.nio.NioSocketChannel.doFinishConnect(NioSocketChannel.java:327)
	at org.apache.ratis.thirdparty.io.netty.channel.nio.AbstractNioChannel$AbstractNioUnsafe.finishConnect(AbstractNioChannel.java:340)
	at org.apache.ratis.thirdparty.io.netty.channel.nio.NioEventLoop.processSelectedKey(NioEventLoop.java:632)
	at org.apache.ratis.thirdparty.io.netty.channel.nio.NioEventLoop.processSelectedKeysOptimized(NioEventLoop.java:579)
	at org.apache.ratis.thirdparty.io.netty.channel.nio.NioEventLoop.processSelectedKeys(NioEventLoop.java:496)
	at org.apache.ratis.thirdparty.io.netty.channel.nio.NioEventLoop.run(NioEventLoop.java:458)
	at org.apache.ratis.thirdparty.io.netty.util.concurrent.SingleThreadEventExecutor$5.run(SingleThreadEventExecutor.java:897)
	at org.apache.ratis.thirdparty.io.netty.util.concurrent.FastThreadLocalRunnable.run(FastThreadLocalRunnable.java:30)
	... 1 more
Caused by: java.net.ConnectException: Connection refused
	... 11 more
2019-07-15 13:55:02,741 INFO  impl.LeaderElection (LeaderElection.java:logAndReturn(56)) - d5631962-c778-453e-92c1-903bf63efc9b:group-83A5CE6E1770:LeaderElection100: Election REJECTED; received 0 response(s) [] and 2 exception(s); d5631962-c778-453e-92c1-903bf63efc9b:t3, leader=null, voted=d5631962-c778-453e-92c1-903bf63efc9b, raftlog=d5631962-c778-453e-92c1-903bf63efc9b-SegmentedRaftLog:OPENED:c0,f0,i0, conf=0: [d5631962-c778-453e-92c1-903bf63efc9b:192.168.157.240:34024, ead128cc-eda5-45ce-b911-161512460ae0:192.168.157.240:40516, df667d47-7d3a-4c8d-aeb4-7fe15e6e70ad:192.168.157.240:42151], old=null
2019-07-15 13:55:02,741 INFO  impl.LeaderElection (LogUtils.java:infoOrTrace(149)) -   Exception 0: {}
java.util.concurrent.ExecutionException: org.apache.ratis.thirdparty.io.grpc.StatusRuntimeException: UNAVAILABLE: io exception
	at java.util.concurrent.FutureTask.report(FutureTask.java:122)
	at java.util.concurrent.FutureTask.get(FutureTask.java:192)
	at org.apache.ratis.server.impl.LeaderElection.waitForResults(LeaderElection.java:262)
	at org.apache.ratis.server.impl.LeaderElection.askForVotes(LeaderElection.java:200)
	at org.apache.ratis.server.impl.LeaderElection.run(LeaderElection.java:130)
	at java.lang.Thread.run(Thread.java:748)
Caused by: org.apache.ratis.thirdparty.io.grpc.StatusRuntimeException: UNAVAILABLE: io exception
	at org.apache.ratis.thirdparty.io.grpc.stub.ClientCalls.toStatusRuntimeException(ClientCalls.java:233)
	at org.apache.ratis.thirdparty.io.grpc.stub.ClientCalls.getUnchecked(ClientCalls.java:214)
	at org.apache.ratis.thirdparty.io.grpc.stub.ClientCalls.blockingUnaryCall(ClientCalls.java:139)
	at org.apache.ratis.proto.grpc.RaftServerProtocolServiceGrpc$RaftServerProtocolServiceBlockingStub.requestVote(RaftServerProtocolServiceGrpc.java:265)
	at org.apache.ratis.grpc.server.GrpcServerProtocolClient.requestVote(GrpcServerProtocolClient.java:83)
	at org.apache.ratis.grpc.server.GrpcService.requestVote(GrpcService.java:195)
	at org.apache.ratis.server.impl.LeaderElection.lambda$submitRequests$1(LeaderElection.java:237)
	at java.util.concurrent.FutureTask.run(FutureTask.java:266)
	at java.util.concurrent.Executors$RunnableAdapter.call(Executors.java:511)
	at java.util.concurrent.FutureTask.run(FutureTask.java:266)
	at java.util.concurrent.ThreadPoolExecutor.runWorker(ThreadPoolExecutor.java:1149)
	at java.util.concurrent.ThreadPoolExecutor$Worker.run(ThreadPoolExecutor.java:624)
	... 1 more
Caused by: org.apache.ratis.thirdparty.io.netty.channel.AbstractChannel$AnnotatedConnectException: Connection refused: /192.168.157.240:40516
	at sun.nio.ch.SocketChannelImpl.checkConnect(Native Method)
	at sun.nio.ch.SocketChannelImpl.finishConnect(SocketChannelImpl.java:717)
	at org.apache.ratis.thirdparty.io.netty.channel.socket.nio.NioSocketChannel.doFinishConnect(NioSocketChannel.java:327)
	at org.apache.ratis.thirdparty.io.netty.channel.nio.AbstractNioChannel$AbstractNioUnsafe.finishConnect(AbstractNioChannel.java:340)
	at org.apache.ratis.thirdparty.io.netty.channel.nio.NioEventLoop.processSelectedKey(NioEventLoop.java:632)
	at org.apache.ratis.thirdparty.io.netty.channel.nio.NioEventLoop.processSelectedKeysOptimized(NioEventLoop.java:579)
	at org.apache.ratis.thirdparty.io.netty.channel.nio.NioEventLoop.processSelectedKeys(NioEventLoop.java:496)
	at org.apache.ratis.thirdparty.io.netty.channel.nio.NioEventLoop.run(NioEventLoop.java:458)
	at org.apache.ratis.thirdparty.io.netty.util.concurrent.SingleThreadEventExecutor$5.run(SingleThreadEventExecutor.java:897)
	at org.apache.ratis.thirdparty.io.netty.util.concurrent.FastThreadLocalRunnable.run(FastThreadLocalRunnable.java:30)
	... 1 more
Caused by: java.net.ConnectException: Connection refused
	... 11 more
2019-07-15 13:55:02,741 INFO  impl.LeaderElection (LogUtils.java:infoOrTrace(149)) -   Exception 1: {}
java.util.concurrent.ExecutionException: org.apache.ratis.thirdparty.io.grpc.StatusRuntimeException: UNAVAILABLE: io exception
	at java.util.concurrent.FutureTask.report(FutureTask.java:122)
	at java.util.concurrent.FutureTask.get(FutureTask.java:192)
	at org.apache.ratis.server.impl.LeaderElection.waitForResults(LeaderElection.java:262)
	at org.apache.ratis.server.impl.LeaderElection.askForVotes(LeaderElection.java:200)
	at org.apache.ratis.server.impl.LeaderElection.run(LeaderElection.java:130)
	at java.lang.Thread.run(Thread.java:748)
Caused by: org.apache.ratis.thirdparty.io.grpc.StatusRuntimeException: UNAVAILABLE: io exception
	at org.apache.ratis.thirdparty.io.grpc.stub.ClientCalls.toStatusRuntimeException(ClientCalls.java:233)
	at org.apache.ratis.thirdparty.io.grpc.stub.ClientCalls.getUnchecked(ClientCalls.java:214)
	at org.apache.ratis.thirdparty.io.grpc.stub.ClientCalls.blockingUnaryCall(ClientCalls.java:139)
	at org.apache.ratis.proto.grpc.RaftServerProtocolServiceGrpc$RaftServerProtocolServiceBlockingStub.requestVote(RaftServerProtocolServiceGrpc.java:265)
	at org.apache.ratis.grpc.server.GrpcServerProtocolClient.requestVote(GrpcServerProtocolClient.java:83)
	at org.apache.ratis.grpc.server.GrpcService.requestVote(GrpcService.java:195)
	at org.apache.ratis.server.impl.LeaderElection.lambda$submitRequests$1(LeaderElection.java:237)
	at java.util.concurrent.FutureTask.run(FutureTask.java:266)
	at java.util.concurrent.Executors$RunnableAdapter.call(Executors.java:511)
	at java.util.concurrent.FutureTask.run(FutureTask.java:266)
	at java.util.concurrent.ThreadPoolExecutor.runWorker(ThreadPoolExecutor.java:1149)
	at java.util.concurrent.ThreadPoolExecutor$Worker.run(ThreadPoolExecutor.java:624)
	... 1 more
Caused by: org.apache.ratis.thirdparty.io.netty.channel.AbstractChannel$AnnotatedConnectException: Connection refused: /192.168.157.240:42151
	at sun.nio.ch.SocketChannelImpl.checkConnect(Native Method)
	at sun.nio.ch.SocketChannelImpl.finishConnect(SocketChannelImpl.java:717)
	at org.apache.ratis.thirdparty.io.netty.channel.socket.nio.NioSocketChannel.doFinishConnect(NioSocketChannel.java:327)
	at org.apache.ratis.thirdparty.io.netty.channel.nio.AbstractNioChannel$AbstractNioUnsafe.finishConnect(AbstractNioChannel.java:340)
	at org.apache.ratis.thirdparty.io.netty.channel.nio.NioEventLoop.processSelectedKey(NioEventLoop.java:632)
	at org.apache.ratis.thirdparty.io.netty.channel.nio.NioEventLoop.processSelectedKeysOptimized(NioEventLoop.java:579)
	at org.apache.ratis.thirdparty.io.netty.channel.nio.NioEventLoop.processSelectedKeys(NioEventLoop.java:496)
	at org.apache.ratis.thirdparty.io.netty.channel.nio.NioEventLoop.run(NioEventLoop.java:458)
	at org.apache.ratis.thirdparty.io.netty.util.concurrent.SingleThreadEventExecutor$5.run(SingleThreadEventExecutor.java:897)
	at org.apache.ratis.thirdparty.io.netty.util.concurrent.FastThreadLocalRunnable.run(FastThreadLocalRunnable.java:30)
	... 1 more
Caused by: java.net.ConnectException: Connection refused
	... 11 more
2019-07-15 13:55:02,742 INFO  impl.RaftServerImpl (RaftServerImpl.java:setRole(171)) - d5631962-c778-453e-92c1-903bf63efc9b:group-83A5CE6E1770 changes role from CANDIDATE to FOLLOWER at term 3 for DISCOVERED_A_NEW_TERM
2019-07-15 13:55:02,742 INFO  impl.RoleInfo (RoleInfo.java:shutdownLeaderElection(134)) - d5631962-c778-453e-92c1-903bf63efc9b: shutdown LeaderElection
2019-07-15 13:55:02,742 INFO  impl.RoleInfo (RoleInfo.java:updateAndGet(143)) - d5631962-c778-453e-92c1-903bf63efc9b: start FollowerState
2019-07-15 13:55:04,938 INFO  node.StaleNodeHandler (StaleNodeHandler.java:onMessage(58)) - Datanode d5631962-c778-453e-92c1-903bf63efc9b{ip: 192.168.157.240, host: trunk-nightly-hvlc9-701369690, networkLocation: /default-rack, certSerialId: null} moved to stale state. Finalizing its pipelines [PipelineID=acf85c99-96f8-4bae-a669-83a5ce6e1770, PipelineID=67d9e167-3afe-44b2-ae1c-e0656b79496e]
2019-07-15 13:55:04,938 INFO  pipeline.SCMPipelineManager (SCMPipelineManager.java:finalizeAndDestroyPipeline(309)) - destroying pipeline:Pipeline[ Id: acf85c99-96f8-4bae-a669-83a5ce6e1770, Nodes: df667d47-7d3a-4c8d-aeb4-7fe15e6e70ad{ip: 192.168.157.240, host: trunk-nightly-hvlc9-701369690, networkLocation: /default-rack, certSerialId: null}ead128cc-eda5-45ce-b911-161512460ae0{ip: 192.168.157.240, host: trunk-nightly-hvlc9-701369690, networkLocation: /default-rack, certSerialId: null}d5631962-c778-453e-92c1-903bf63efc9b{ip: 192.168.157.240, host: trunk-nightly-hvlc9-701369690, networkLocation: /default-rack, certSerialId: null}, Type:RATIS, Factor:THREE, State:CLOSED]
2019-07-15 13:55:04,938 INFO  pipeline.SCMPipelineManager (SCMPipelineManager.java:finalizeAndDestroyPipeline(309)) - destroying pipeline:Pipeline[ Id: 67d9e167-3afe-44b2-ae1c-e0656b79496e, Nodes: d5631962-c778-453e-92c1-903bf63efc9b{ip: 192.168.157.240, host: trunk-nightly-hvlc9-701369690, networkLocation: /default-rack, certSerialId: null}, Type:RATIS, Factor:ONE, State:OPEN]
2019-07-15 13:55:04,939 INFO  pipeline.PipelineStateManager (PipelineStateManager.java:finalizePipeline(123)) - Pipeline Pipeline[ Id: 67d9e167-3afe-44b2-ae1c-e0656b79496e, Nodes: d5631962-c778-453e-92c1-903bf63efc9b{ip: 192.168.157.240, host: trunk-nightly-hvlc9-701369690, networkLocation: /default-rack, certSerialId: null}, Type:RATIS, Factor:ONE, State:CLOSED] moved to CLOSED state
2019-07-15 13:55:05,450 INFO  ozoneimpl.OzoneContainer (OzoneContainer.java:stop(199)) - Attempting to stop container services.
2019-07-15 13:55:05,450 INFO  impl.RaftServerProxy (RaftServerProxy.java:lambda$close$4(314)) - d5631962-c778-453e-92c1-903bf63efc9b: close
2019-07-15 13:55:05,450 INFO  impl.RaftServerImpl (RaftServerImpl.java:lambda$shutdown$3(245)) - d5631962-c778-453e-92c1-903bf63efc9b: shutdown group-83A5CE6E1770
2019-07-15 13:55:05,451 INFO  util.JmxRegister (JmxRegister.java:unregister(73)) - Successfully un-registered JMX Bean with object name Ratis:service=RaftServer,group=group-83A5CE6E1770,id=d5631962-c778-453e-92c1-903bf63efc9b
2019-07-15 13:55:05,451 INFO  impl.RoleInfo (RoleInfo.java:shutdownFollowerState(121)) - d5631962-c778-453e-92c1-903bf63efc9b: shutdown FollowerState
2019-07-15 13:55:05,451 INFO  impl.StateMachineUpdater (StateMachineUpdater.java:stopAndJoin(115)) - StateMachineUpdater:d5631962-c778-453e-92c1-903bf63efc9b:group-83A5CE6E1770: set stopIndex = 0
2019-07-15 13:55:05,452 INFO  impl.FollowerState (FollowerState.java:run(114)) - d5631962-c778-453e-92c1-903bf63efc9b: FollowerState was interrupted: java.lang.InterruptedException: sleep interrupted
2019-07-15 13:55:05,452 INFO  impl.RaftServerImpl (ServerState.java:close(394)) - d5631962-c778-453e-92c1-903bf63efc9b:group-83A5CE6E1770 closes. The last applied log index is 0
2019-07-15 13:55:05,454 INFO  segmented.SegmentedRaftLogWorker (SegmentedRaftLogWorker.java:run(313)) - d5631962-c778-453e-92c1-903bf63efc9b-SegmentedRaftLogWorker:Storage Directory /workdir/hadoop-ozone/integration-test/target/test-dir/MiniOzoneClusterImpl-12632bd5-9a28-4465-ada6-db8877f3300b/datanode-5/data/ratis/acf85c99-96f8-4bae-a669-83a5ce6e1770 was interrupted, exiting. There are 0 tasks remaining in the queue.
2019-07-15 13:55:05,455 INFO  segmented.SegmentedRaftLogWorker (SegmentedRaftLogWorker.java:close(228)) - d5631962-c778-453e-92c1-903bf63efc9b-SegmentedRaftLogWorker:Storage Directory /workdir/hadoop-ozone/integration-test/target/test-dir/MiniOzoneClusterImpl-12632bd5-9a28-4465-ada6-db8877f3300b/datanode-5/data/ratis/acf85c99-96f8-4bae-a669-83a5ce6e1770 close()
2019-07-15 13:55:05,456 INFO  impl.RaftServerImpl (RaftServerImpl.java:lambda$shutdown$3(245)) - d5631962-c778-453e-92c1-903bf63efc9b: shutdown group-E0656B79496E
2019-07-15 13:55:05,456 INFO  util.JmxRegister (JmxRegister.java:unregister(73)) - Successfully un-registered JMX Bean with object name Ratis:service=RaftServer,group=group-E0656B79496E,id=d5631962-c778-453e-92c1-903bf63efc9b
2019-07-15 13:55:05,457 INFO  impl.RoleInfo (RoleInfo.java:shutdownLeaderState(104)) - d5631962-c778-453e-92c1-903bf63efc9b: shutdown LeaderState
2019-07-15 13:55:05,457 INFO  impl.PendingRequests (PendingRequests.java:sendNotLeaderResponses(202)) - d5631962-c778-453e-92c1-903bf63efc9b-PendingRequests: sendNotLeaderResponses
2019-07-15 13:55:05,458 INFO  impl.StateMachineUpdater (StateMachineUpdater.java:stopAndJoin(115)) - StateMachineUpdater:d5631962-c778-453e-92c1-903bf63efc9b:group-E0656B79496E: set stopIndex = 0
2019-07-15 13:55:05,458 INFO  impl.RaftServerImpl (ServerState.java:close(394)) - d5631962-c778-453e-92c1-903bf63efc9b:group-E0656B79496E closes. The last applied log index is 0
2019-07-15 13:55:05,458 INFO  segmented.SegmentedRaftLogWorker (SegmentedRaftLogWorker.java:run(313)) - d5631962-c778-453e-92c1-903bf63efc9b-SegmentedRaftLogWorker:Storage Directory /workdir/hadoop-ozone/integration-test/target/test-dir/MiniOzoneClusterImpl-12632bd5-9a28-4465-ada6-db8877f3300b/datanode-5/data/ratis/67d9e167-3afe-44b2-ae1c-e0656b79496e was interrupted, exiting. There are 0 tasks remaining in the queue.
2019-07-15 13:55:05,459 INFO  segmented.SegmentedRaftLogWorker (SegmentedRaftLogWorker.java:close(228)) - d5631962-c778-453e-92c1-903bf63efc9b-SegmentedRaftLogWorker:Storage Directory /workdir/hadoop-ozone/integration-test/target/test-dir/MiniOzoneClusterImpl-12632bd5-9a28-4465-ada6-db8877f3300b/datanode-5/data/ratis/67d9e167-3afe-44b2-ae1c-e0656b79496e close()
2019-07-15 13:55:05,460 INFO  server.GrpcService (GrpcService.java:closeImpl(155)) - d5631962-c778-453e-92c1-903bf63efc9b: shutdown server with port 34024 now
2019-07-15 13:55:05,461 INFO  server.GrpcService (GrpcService.java:closeImpl(163)) - d5631962-c778-453e-92c1-903bf63efc9b: shutdown server with port 34024 successfully
2019-07-15 13:55:05,463 INFO  utils.BackgroundService (BackgroundService.java:shutdown(148)) - Shutting down service BlockDeletingService
2019-07-15 13:55:05,467 WARN  fs.CachingGetSpaceUsed (CachingGetSpaceUsed.java:run(183)) - Thread Interrupted waiting to refresh disk information: sleep interrupted
2019-07-15 13:55:05,485 INFO  statemachine.DatanodeStateMachine (DatanodeStateMachine.java:stopDaemon(395)) - Ozone container server stopped.
2019-07-15 13:55:05,487 INFO  handler.ContextHandler (ContextHandler.java:doStop(910)) - Stopped o.e.j.w.WebAppContext@772a370d{/,null,UNAVAILABLE}{/hddsDatanode}
2019-07-15 13:55:05,488 INFO  server.AbstractConnector (AbstractConnector.java:doStop(318)) - Stopped ServerConnector@1eb21f22{HTTP/1.1,[http/1.1]}{0.0.0.0:0}
2019-07-15 13:55:05,489 INFO  handler.ContextHandler (ContextHandler.java:doStop(910)) - Stopped o.e.j.s.ServletContextHandler@184d73af{/static,jar:file:/home/user/.m2/repository/org/apache/hadoop/hadoop-hdds-container-service/0.5.0-SNAPSHOT/hadoop-hdds-container-service-0.5.0-SNAPSHOT.jar!/webapps/static,UNAVAILABLE}
2019-07-15 13:55:05,491 INFO  handler.ContextHandler (ContextHandler.java:doStop(910)) - Stopped o.e.j.s.ServletContextHandler@402cdec9{/logs,file:///workdir/hadoop-ozone/integration-test/target/log,UNAVAILABLE}
2019-07-15 13:55:05,492 INFO  ozone.MiniOzoneClusterImpl (MiniOzoneClusterImpl.java:stop(353)) - Stopping the StorageContainerManager
2019-07-15 13:55:05,492 INFO  server.StorageContainerManager (StorageContainerManager.java:stop(796)) - Stopping Replication Manager Service.
2019-07-15 13:55:05,493 INFO  container.ReplicationManager (ReplicationManager.java:stop(187)) - Stopping Replication Monitor Thread.
2019-07-15 13:55:05,493 INFO  server.StorageContainerManager (StorageContainerManager.java:stop(803)) - Stopping Lease Manager of the command watchers
2019-07-15 13:55:05,493 INFO  server.StorageContainerManager (StorageContainerManager.java:stop(810)) - Stopping datanode service RPC server
2019-07-15 13:55:05,493 INFO  server.SCMDatanodeProtocolServer (SCMDatanodeProtocolServer.java:stop(375)) - Stopping the RPC server for DataNodes
2019-07-15 13:55:05,493 INFO  ipc.Server (Server.java:stop(3082)) - Stopping server on 41724
2019-07-15 13:55:05,497 INFO  ipc.Server (Server.java:run(1185)) - Stopping IPC Server listener on 41724
2019-07-15 13:55:05,497 INFO  ipc.Server (Server.java:run(1319)) - Stopping IPC Server Responder
2019-07-15 13:55:05,538 WARN  node.NodeStateManager (NodeStateManager.java:scheduleNextHealthCheck(631)) - Current Thread is interrupted, shutting down HB processing thread for Node Manager.
2019-07-15 13:55:05,539 INFO  server.StorageContainerManager (StorageContainerManager.java:stop(818)) - Stopping block service RPC server
2019-07-15 13:55:05,539 INFO  server.SCMBlockProtocolServer (SCMBlockProtocolServer.java:stop(148)) - Stopping the RPC server for Block Protocol
2019-07-15 13:55:05,539 INFO  ipc.Server (Server.java:stop(3082)) - Stopping server on 42626
2019-07-15 13:55:05,541 INFO  ipc.Server (Server.java:run(1185)) - Stopping IPC Server listener on 42626
2019-07-15 13:55:05,541 INFO  server.StorageContainerManager (StorageContainerManager.java:stop(825)) - Stopping the StorageContainerLocationProtocol RPC server
2019-07-15 13:55:05,542 INFO  ipc.Server (Server.java:run(1319)) - Stopping IPC Server Responder
2019-07-15 13:55:05,543 INFO  server.SCMClientProtocolServer (SCMClientProtocolServer.java:stop(157)) - Stopping the RPC server for Client Protocol
2019-07-15 13:55:05,544 INFO  ipc.Server (Server.java:stop(3082)) - Stopping server on 33945
2019-07-15 13:55:05,547 INFO  ipc.Server (Server.java:run(1185)) - Stopping IPC Server listener on 33945
2019-07-15 13:55:05,547 INFO  ipc.Server (Server.java:run(1319)) - Stopping IPC Server Responder
2019-07-15 13:55:05,547 INFO  server.StorageContainerManager (StorageContainerManager.java:stop(832)) - Stopping Storage Container Manager HTTP server.
2019-07-15 13:55:05,549 INFO  handler.ContextHandler (ContextHandler.java:doStop(910)) - Stopped o.e.j.w.WebAppContext@5eb974{/,null,UNAVAILABLE}{/scm}
2019-07-15 13:55:05,550 INFO  server.AbstractConnector (AbstractConnector.java:doStop(318)) - Stopped ServerConnector@72f112d1{HTTP/1.1,[http/1.1]}{0.0.0.0:0}
2019-07-15 13:55:05,550 INFO  handler.ContextHandler (ContextHandler.java:doStop(910)) - Stopped o.e.j.s.ServletContextHandler@1c7159d5{/static,file:///workdir/hadoop-ozone/integration-test/target/test-classes/webapps/static,UNAVAILABLE}
2019-07-15 13:55:05,551 INFO  handler.ContextHandler (ContextHandler.java:doStop(910)) - Stopped o.e.j.s.ServletContextHandler@1d7d2345{/logs,file:///workdir/hadoop-ozone/integration-test/target/log,UNAVAILABLE}
2019-07-15 13:55:05,552 INFO  server.StorageContainerManager (StorageContainerManager.java:stop(843)) - Stopping Block Manager Service.
2019-07-15 13:55:05,552 INFO  utils.BackgroundService (BackgroundService.java:shutdown(148)) - Shutting down service SCMBlockDeletingService
2019-07-15 13:55:05,553 INFO  utils.BackgroundService (BackgroundService.java:shutdown(148)) - Shutting down service SCMBlockDeletingService
2019-07-15 13:55:05,553 INFO  server.StorageContainerManager (StorageContainerManager.java:stop(865)) - Stopping SCM Event Queue.
2019-07-15 13:55:05,558 INFO  impl.MetricsSystemImpl (MetricsSystemImpl.java:stop(210)) - Stopping HddsDatanode metrics system...
2019-07-15 13:55:05,569 INFO  impl.MetricsSystemImpl (MetricsSystemImpl.java:stop(216)) - HddsDatanode metrics system stopped.
]]></system-out>
    <system-err><![CDATA[Jul 15, 2019 1:54:31 PM com.sun.jersey.server.impl.application.WebApplicationImpl _initiate
INFO: Initiating Jersey application, version 'Jersey: 1.19 02/11/2015 03:25 AM'
Jul 15, 2019 1:54:32 PM com.sun.jersey.server.impl.application.WebApplicationImpl _initiate
INFO: Initiating Jersey application, version 'Jersey: 1.19 02/11/2015 03:25 AM'
Jul 15, 2019 1:54:32 PM com.sun.jersey.server.impl.application.WebApplicationImpl _initiate
INFO: Initiating Jersey application, version 'Jersey: 1.19 02/11/2015 03:25 AM'
Jul 15, 2019 1:54:32 PM com.sun.jersey.server.impl.application.WebApplicationImpl _initiate
INFO: Initiating Jersey application, version 'Jersey: 1.19 02/11/2015 03:25 AM'
Jul 15, 2019 1:54:32 PM com.sun.jersey.server.impl.application.WebApplicationImpl _initiate
INFO: Initiating Jersey application, version 'Jersey: 1.19 02/11/2015 03:25 AM'
Jul 15, 2019 1:54:32 PM com.sun.jersey.server.impl.application.WebApplicationImpl _initiate
INFO: Initiating Jersey application, version 'Jersey: 1.19 02/11/2015 03:25 AM'
Jul 15, 2019 1:54:32 PM com.sun.jersey.server.impl.application.WebApplicationImpl _initiate
INFO: Initiating Jersey application, version 'Jersey: 1.19 02/11/2015 03:25 AM'
Jul 15, 2019 1:54:35 PM org.apache.ratis.thirdparty.io.grpc.internal.ManagedChannelOrphanWrapper$ManagedChannelReference cleanQueue
SEVERE: *~*~*~ Channel ManagedChannelImpl{logId=3277, target=192.168.157.240:42920} was not shutdown properly!!! ~*~*~*
    Make sure to call shutdown()/shutdownNow() and wait until awaitTermination() returns true.
java.lang.RuntimeException: ManagedChannel allocation site
	at org.apache.ratis.thirdparty.io.grpc.internal.ManagedChannelOrphanWrapper$ManagedChannelReference.<init>(ManagedChannelOrphanWrapper.java:103)
	at org.apache.ratis.thirdparty.io.grpc.internal.ManagedChannelOrphanWrapper.<init>(ManagedChannelOrphanWrapper.java:53)
	at org.apache.ratis.thirdparty.io.grpc.internal.ManagedChannelOrphanWrapper.<init>(ManagedChannelOrphanWrapper.java:44)
	at org.apache.ratis.thirdparty.io.grpc.internal.AbstractManagedChannelImplBuilder.build(AbstractManagedChannelImplBuilder.java:411)
	at org.apache.ratis.grpc.client.GrpcClientProtocolClient.<init>(GrpcClientProtocolClient.java:119)
	at org.apache.ratis.grpc.client.GrpcClientRpc.lambda$new$0(GrpcClientRpc.java:55)
	at org.apache.ratis.util.PeerProxyMap$PeerAndProxy.lambda$getProxy$0(PeerProxyMap.java:61)
	at org.apache.ratis.util.LifeCycle.startAndTransition(LifeCycle.java:202)
	at org.apache.ratis.util.PeerProxyMap$PeerAndProxy.getProxy(PeerProxyMap.java:60)
	at org.apache.ratis.util.PeerProxyMap.getProxy(PeerProxyMap.java:107)
	at org.apache.ratis.grpc.client.GrpcClientRpc.sendRequestAsync(GrpcClientRpc.java:66)
	at org.apache.ratis.client.impl.OrderedAsync.sendRequest(OrderedAsync.java:208)
	at org.apache.ratis.client.impl.OrderedAsync.sendRequestWithRetry(OrderedAsync.java:169)
	at org.apache.ratis.util.SlidingWindow$Client.sendOrDelayRequest(SlidingWindow.java:278)
	at org.apache.ratis.util.SlidingWindow$Client.retry(SlidingWindow.java:294)
	at org.apache.ratis.client.impl.OrderedAsync.lambda$scheduleWithTimeout$7(OrderedAsync.java:195)
	at org.apache.ratis.util.TimeoutScheduler.lambda$onTimeout$0(TimeoutScheduler.java:85)
	at org.apache.ratis.util.TimeoutScheduler.lambda$onTimeout$1(TimeoutScheduler.java:104)
	at org.apache.ratis.util.LogUtils.runAndLog(LogUtils.java:50)
	at org.apache.ratis.util.LogUtils$1.run(LogUtils.java:91)
	at java.util.concurrent.Executors$RunnableAdapter.call(Executors.java:511)
	at java.util.concurrent.FutureTask.run(FutureTask.java:266)
	at java.util.concurrent.ScheduledThreadPoolExecutor$ScheduledFutureTask.access$201(ScheduledThreadPoolExecutor.java:180)
	at java.util.concurrent.ScheduledThreadPoolExecutor$ScheduledFutureTask.run(ScheduledThreadPoolExecutor.java:293)
	at java.util.concurrent.ThreadPoolExecutor.runWorker(ThreadPoolExecutor.java:1149)
	at java.util.concurrent.ThreadPoolExecutor$Worker.run(ThreadPoolExecutor.java:624)
	at java.lang.Thread.run(Thread.java:748)

Jul 15, 2019 1:54:35 PM org.apache.ratis.thirdparty.io.grpc.internal.ManagedChannelOrphanWrapper$ManagedChannelReference cleanQueue
SEVERE: *~*~*~ Channel ManagedChannelImpl{logId=3282, target=192.168.157.240:41762} was not shutdown properly!!! ~*~*~*
    Make sure to call shutdown()/shutdownNow() and wait until awaitTermination() returns true.
java.lang.RuntimeException: ManagedChannel allocation site
	at org.apache.ratis.thirdparty.io.grpc.internal.ManagedChannelOrphanWrapper$ManagedChannelReference.<init>(ManagedChannelOrphanWrapper.java:103)
	at org.apache.ratis.thirdparty.io.grpc.internal.ManagedChannelOrphanWrapper.<init>(ManagedChannelOrphanWrapper.java:53)
	at org.apache.ratis.thirdparty.io.grpc.internal.ManagedChannelOrphanWrapper.<init>(ManagedChannelOrphanWrapper.java:44)
	at org.apache.ratis.thirdparty.io.grpc.internal.AbstractManagedChannelImplBuilder.build(AbstractManagedChannelImplBuilder.java:411)
	at org.apache.ratis.grpc.client.GrpcClientProtocolClient.<init>(GrpcClientProtocolClient.java:119)
	at org.apache.ratis.grpc.client.GrpcClientRpc.lambda$new$0(GrpcClientRpc.java:55)
	at org.apache.ratis.util.PeerProxyMap$PeerAndProxy.lambda$getProxy$0(PeerProxyMap.java:61)
	at org.apache.ratis.util.LifeCycle.startAndTransition(LifeCycle.java:202)
	at org.apache.ratis.util.PeerProxyMap$PeerAndProxy.getProxy(PeerProxyMap.java:60)
	at org.apache.ratis.util.PeerProxyMap.getProxy(PeerProxyMap.java:107)
	at org.apache.ratis.grpc.client.GrpcClientRpc.sendRequestAsync(GrpcClientRpc.java:66)
	at org.apache.ratis.client.impl.OrderedAsync.sendRequest(OrderedAsync.java:208)
	at org.apache.ratis.client.impl.OrderedAsync.sendRequestWithRetry(OrderedAsync.java:169)
	at org.apache.ratis.util.SlidingWindow$Client.sendOrDelayRequest(SlidingWindow.java:278)
	at org.apache.ratis.util.SlidingWindow$Client.submitNewRequest(SlidingWindow.java:257)
	at org.apache.ratis.client.impl.OrderedAsync.send(OrderedAsync.java:155)
	at org.apache.ratis.client.impl.RaftClientImpl.sendAsync(RaftClientImpl.java:145)
	at org.apache.ratis.client.impl.RaftClientImpl.sendAsync(RaftClientImpl.java:125)
	at org.apache.hadoop.hdds.scm.XceiverClientRatis.sendRequestAsync(XceiverClientRatis.java:224)
	at org.apache.hadoop.hdds.scm.XceiverClientRatis.sendCommandAsync(XceiverClientRatis.java:302)
	at org.apache.hadoop.hdds.scm.storage.ContainerProtocolCalls.writeChunkAsync(ContainerProtocolCalls.java:310)
	at org.apache.hadoop.hdds.scm.storage.BlockOutputStream.writeChunkToContainer(BlockOutputStream.java:610)
	at org.apache.hadoop.hdds.scm.storage.BlockOutputStream.writeChunk(BlockOutputStream.java:467)
	at org.apache.hadoop.hdds.scm.storage.BlockOutputStream.writeOnRetry(BlockOutputStream.java:293)
	at org.apache.hadoop.ozone.client.io.BlockOutputStreamEntry.writeOnRetry(BlockOutputStreamEntry.java:200)
	at org.apache.hadoop.ozone.client.io.KeyOutputStream.handleWrite(KeyOutputStream.java:209)
	at org.apache.hadoop.ozone.client.io.KeyOutputStream.handleRetry(KeyOutputStream.java:376)
	at org.apache.hadoop.ozone.client.io.KeyOutputStream.handleException(KeyOutputStream.java:325)
	at org.apache.hadoop.ozone.client.io.KeyOutputStream.handleFlushOrClose(KeyOutputStream.java:448)
	at org.apache.hadoop.ozone.client.io.KeyOutputStream.flush(KeyOutputStream.java:396)
	at org.apache.hadoop.ozone.client.io.OzoneOutputStream.flush(OzoneOutputStream.java:54)
	at org.apache.hadoop.ozone.client.rpc.TestBlockOutputStreamWithFailures.testFailureWithPrimeSizedData(TestBlockOutputStreamWithFailures.java:629)
	at sun.reflect.NativeMethodAccessorImpl.invoke0(Native Method)
	at sun.reflect.NativeMethodAccessorImpl.invoke(NativeMethodAccessorImpl.java:62)
	at sun.reflect.DelegatingMethodAccessorImpl.invoke(DelegatingMethodAccessorImpl.java:43)
	at java.lang.reflect.Method.invoke(Method.java:498)
	at org.junit.runners.model.FrameworkMethod$1.runReflectiveCall(FrameworkMethod.java:47)
	at org.junit.internal.runners.model.ReflectiveCallable.run(ReflectiveCallable.java:12)
	at org.junit.runners.model.FrameworkMethod.invokeExplosively(FrameworkMethod.java:44)
	at org.junit.internal.runners.statements.InvokeMethod.evaluate(InvokeMethod.java:17)
	at org.junit.internal.runners.statements.RunBefores.evaluate(RunBefores.java:26)
	at org.junit.internal.runners.statements.RunAfters.evaluate(RunAfters.java:27)
	at org.junit.runners.ParentRunner.runLeaf(ParentRunner.java:271)
	at org.junit.runners.BlockJUnit4ClassRunner.runChild(BlockJUnit4ClassRunner.java:70)
	at org.junit.runners.BlockJUnit4ClassRunner.runChild(BlockJUnit4ClassRunner.java:50)
	at org.junit.runners.ParentRunner$3.run(ParentRunner.java:238)
	at org.junit.runners.ParentRunner$1.schedule(ParentRunner.java:63)
	at org.junit.runners.ParentRunner.runChildren(ParentRunner.java:236)
	at org.junit.runners.ParentRunner.access$000(ParentRunner.java:53)
	at org.junit.runners.ParentRunner$2.evaluate(ParentRunner.java:229)
	at org.junit.runners.ParentRunner.run(ParentRunner.java:309)
	at org.apache.maven.surefire.junit4.JUnit4Provider.execute(JUnit4Provider.java:365)
	at org.apache.maven.surefire.junit4.JUnit4Provider.executeWithRerun(JUnit4Provider.java:273)
	at org.apache.maven.surefire.junit4.JUnit4Provider.executeTestSet(JUnit4Provider.java:238)
	at org.apache.maven.surefire.junit4.JUnit4Provider.invoke(JUnit4Provider.java:159)
	at org.apache.maven.surefire.booter.ForkedBooter.invokeProviderInSameClassLoader(ForkedBooter.java:384)
	at org.apache.maven.surefire.booter.ForkedBooter.runSuitesInProcess(ForkedBooter.java:345)
	at org.apache.maven.surefire.booter.ForkedBooter.execute(ForkedBooter.java:126)
	at org.apache.maven.surefire.booter.ForkedBooter.main(ForkedBooter.java:418)

]]></system-err>
  </testcase>
  <testcase name="testExceptionDuringClose" classname="org.apache.hadoop.ozone.client.rpc.TestBlockOutputStreamWithFailures" time="33.837">
    <error type="java.lang.IllegalArgumentException">java.lang.IllegalArgumentException
	at com.google.common.base.Preconditions.checkArgument(Preconditions.java:72)
	at org.apache.hadoop.hdds.scm.XceiverClientManager.acquireClient(XceiverClientManager.java:150)
	at org.apache.hadoop.hdds.scm.XceiverClientManager.acquireClientForReadData(XceiverClientManager.java:143)
	at org.apache.hadoop.hdds.scm.storage.BlockInputStream.getChunkInfos(BlockInputStream.java:154)
	at org.apache.hadoop.hdds.scm.storage.BlockInputStream.initialize(BlockInputStream.java:118)
	at org.apache.hadoop.hdds.scm.storage.BlockInputStream.read(BlockInputStream.java:222)
	at org.apache.hadoop.ozone.client.io.KeyInputStream.read(KeyInputStream.java:171)
	at org.apache.hadoop.ozone.client.io.OzoneInputStream.read(OzoneInputStream.java:47)
	at java.io.InputStream.read(InputStream.java:101)
	at org.apache.hadoop.ozone.container.ContainerTestHelper.validateData(ContainerTestHelper.java:709)
	at org.apache.hadoop.ozone.client.rpc.TestBlockOutputStreamWithFailures.validateData(TestBlockOutputStreamWithFailures.java:1212)
	at org.apache.hadoop.ozone.client.rpc.TestBlockOutputStreamWithFailures.testExceptionDuringClose(TestBlockOutputStreamWithFailures.java:773)
	at sun.reflect.NativeMethodAccessorImpl.invoke0(Native Method)
	at sun.reflect.NativeMethodAccessorImpl.invoke(NativeMethodAccessorImpl.java:62)
	at sun.reflect.DelegatingMethodAccessorImpl.invoke(DelegatingMethodAccessorImpl.java:43)
	at java.lang.reflect.Method.invoke(Method.java:498)
	at org.junit.runners.model.FrameworkMethod$1.runReflectiveCall(FrameworkMethod.java:47)
	at org.junit.internal.runners.model.ReflectiveCallable.run(ReflectiveCallable.java:12)
	at org.junit.runners.model.FrameworkMethod.invokeExplosively(FrameworkMethod.java:44)
	at org.junit.internal.runners.statements.InvokeMethod.evaluate(InvokeMethod.java:17)
	at org.junit.internal.runners.statements.RunBefores.evaluate(RunBefores.java:26)
	at org.junit.internal.runners.statements.RunAfters.evaluate(RunAfters.java:27)
	at org.junit.runners.ParentRunner.runLeaf(ParentRunner.java:271)
	at org.junit.runners.BlockJUnit4ClassRunner.runChild(BlockJUnit4ClassRunner.java:70)
	at org.junit.runners.BlockJUnit4ClassRunner.runChild(BlockJUnit4ClassRunner.java:50)
	at org.junit.runners.ParentRunner$3.run(ParentRunner.java:238)
	at org.junit.runners.ParentRunner$1.schedule(ParentRunner.java:63)
	at org.junit.runners.ParentRunner.runChildren(ParentRunner.java:236)
	at org.junit.runners.ParentRunner.access$000(ParentRunner.java:53)
	at org.junit.runners.ParentRunner$2.evaluate(ParentRunner.java:229)
	at org.junit.runners.ParentRunner.run(ParentRunner.java:309)
	at org.apache.maven.surefire.junit4.JUnit4Provider.execute(JUnit4Provider.java:365)
	at org.apache.maven.surefire.junit4.JUnit4Provider.executeWithRerun(JUnit4Provider.java:273)
	at org.apache.maven.surefire.junit4.JUnit4Provider.executeTestSet(JUnit4Provider.java:238)
	at org.apache.maven.surefire.junit4.JUnit4Provider.invoke(JUnit4Provider.java:159)
	at org.apache.maven.surefire.booter.ForkedBooter.invokeProviderInSameClassLoader(ForkedBooter.java:384)
	at org.apache.maven.surefire.booter.ForkedBooter.runSuitesInProcess(ForkedBooter.java:345)
	at org.apache.maven.surefire.booter.ForkedBooter.execute(ForkedBooter.java:126)
	at org.apache.maven.surefire.booter.ForkedBooter.main(ForkedBooter.java:418)
</error>
    <system-out><![CDATA[2019-07-15 13:55:05,626 WARN  server.ServerUtils (ServerUtils.java:getScmDbDir(145)) - ozone.scm.db.dirs is not configured. We recommend adding this setting. Falling back to ozone.metadata.dirs instead.
2019-07-15 13:55:05,652 WARN  server.ServerUtils (ServerUtils.java:getScmDbDir(145)) - ozone.scm.db.dirs is not configured. We recommend adding this setting. Falling back to ozone.metadata.dirs instead.
2019-07-15 13:55:05,652 WARN  server.ServerUtils (ServerUtils.java:getScmDbDir(145)) - ozone.scm.db.dirs is not configured. We recommend adding this setting. Falling back to ozone.metadata.dirs instead.
2019-07-15 13:55:05,653 INFO  db.DBStoreBuilder (DBStoreBuilder.java:addTable(110)) - using custom profile for table: deletedBlocks
2019-07-15 13:55:05,653 INFO  db.DBStoreBuilder (DBStoreBuilder.java:processTables(161)) - Using default column profile:DBProfile.DISK for Table:deletedBlocks
2019-07-15 13:55:05,653 INFO  db.DBStoreBuilder (DBStoreBuilder.java:addTable(110)) - using custom profile for table: validCerts
2019-07-15 13:55:05,654 INFO  db.DBStoreBuilder (DBStoreBuilder.java:processTables(161)) - Using default column profile:DBProfile.DISK for Table:validCerts
2019-07-15 13:55:05,654 INFO  db.DBStoreBuilder (DBStoreBuilder.java:addTable(110)) - using custom profile for table: revokedCerts
2019-07-15 13:55:05,654 INFO  db.DBStoreBuilder (DBStoreBuilder.java:processTables(161)) - Using default column profile:DBProfile.DISK for Table:revokedCerts
2019-07-15 13:55:05,655 INFO  db.DBStoreBuilder (DBStoreBuilder.java:addTable(110)) - using custom profile for table: default
2019-07-15 13:55:05,655 INFO  db.DBStoreBuilder (DBStoreBuilder.java:processTables(167)) - Using default column profile:DBProfile.DISK for Table:default
2019-07-15 13:55:05,655 INFO  db.DBStoreBuilder (DBStoreBuilder.java:getDbProfile(198)) - Using default options. DBProfile.DISK
2019-07-15 13:55:05,794 INFO  net.NodeSchemaLoader (NodeSchemaLoader.java:loadSchemaFromFile(125)) - Loading file from sun.misc.CompoundEnumeration@66049424
2019-07-15 13:55:05,795 INFO  net.NodeSchemaLoader (NodeSchemaLoader.java:loadSchema(171)) - Loading network topology layer schema file
2019-07-15 13:55:05,800 INFO  node.SCMNodeManager (SCMNodeManager.java:<init>(119)) - Entering startup safe mode.
2019-07-15 13:55:05,801 WARN  server.ServerUtils (ServerUtils.java:getScmDbDir(145)) - ozone.scm.db.dirs is not configured. We recommend adding this setting. Falling back to ozone.metadata.dirs instead.
2019-07-15 13:55:05,831 INFO  pipeline.SCMPipelineManager (SCMPipelineManager.java:initializePipelineState(126)) - No pipeline exists in current db
2019-07-15 13:55:05,832 WARN  server.ServerUtils (ServerUtils.java:getScmDbDir(145)) - ozone.scm.db.dirs is not configured. We recommend adding this setting. Falling back to ozone.metadata.dirs instead.
2019-07-15 13:55:05,864 WARN  events.EventQueue (EventQueue.java:fireEvent(175)) - No event handler registered for event TypedEvent{payloadType=SafeModeStatus, name='SafeModeStatus'}
2019-07-15 13:55:05,865 INFO  ipc.CallQueueManager (CallQueueManager.java:<init>(84)) - Using callQueue: class java.util.concurrent.LinkedBlockingQueue, queueCapacity: 2000, scheduler: class org.apache.hadoop.ipc.DefaultRpcScheduler, ipcBackoff: false.
2019-07-15 13:55:05,866 INFO  ipc.Server (Server.java:run(1074)) - Starting Socket Reader #1 for port 44466
2019-07-15 13:55:05,868 INFO  ipc.CallQueueManager (CallQueueManager.java:<init>(84)) - Using callQueue: class java.util.concurrent.LinkedBlockingQueue, queueCapacity: 2000, scheduler: class org.apache.hadoop.ipc.DefaultRpcScheduler, ipcBackoff: false.
2019-07-15 13:55:05,869 INFO  ipc.Server (Server.java:run(1074)) - Starting Socket Reader #1 for port 44113
2019-07-15 13:55:05,873 INFO  ipc.CallQueueManager (CallQueueManager.java:<init>(84)) - Using callQueue: class java.util.concurrent.LinkedBlockingQueue, queueCapacity: 2000, scheduler: class org.apache.hadoop.ipc.DefaultRpcScheduler, ipcBackoff: false.
2019-07-15 13:55:05,874 INFO  ipc.Server (Server.java:run(1074)) - Starting Socket Reader #1 for port 33780
2019-07-15 13:55:05,878 INFO  hdfs.DFSUtil (DFSUtil.java:httpServerTemplateForNNAndJN(1641)) - Starting Web-server for scm at: http://0.0.0.0:0
2019-07-15 13:55:05,881 INFO  server.AuthenticationFilter (AuthenticationFilter.java:constructSecretProvider(240)) - Unable to initialize FileSignerSecretProvider, falling back to use random secrets.
2019-07-15 13:55:05,882 WARN  http.HttpRequestLog (HttpRequestLog.java:getRequestLog(97)) - Jetty request log can only be enabled using Log4j
2019-07-15 13:55:05,884 INFO  http.HttpServer2 (HttpServer2.java:addGlobalFilter(975)) - Added global filter 'safety' (class=org.apache.hadoop.http.HttpServer2$QuotingInputFilter)
2019-07-15 13:55:05,885 INFO  http.HttpServer2 (HttpServer2.java:addFilter(948)) - Added filter static_user_filter (class=org.apache.hadoop.http.lib.StaticUserWebFilter$StaticUserFilter) to context scm
2019-07-15 13:55:05,885 INFO  http.HttpServer2 (HttpServer2.java:addFilter(958)) - Added filter static_user_filter (class=org.apache.hadoop.http.lib.StaticUserWebFilter$StaticUserFilter) to context static
2019-07-15 13:55:05,885 INFO  http.HttpServer2 (HttpServer2.java:addFilter(958)) - Added filter static_user_filter (class=org.apache.hadoop.http.lib.StaticUserWebFilter$StaticUserFilter) to context logs
2019-07-15 13:55:05,888 INFO  server.StorageContainerManager (StorageContainerManager.java:start(759)) - StorageContainerLocationProtocol RPC server is listening at /0.0.0.0:33780
2019-07-15 13:55:05,891 WARN  impl.MetricsConfig (MetricsConfig.java:loadFirst(134)) - Cannot locate configuration: tried hadoop-metrics2-storagecontainermanager.properties,hadoop-metrics2.properties
2019-07-15 13:55:05,892 INFO  impl.MetricsSystemImpl (MetricsSystemImpl.java:startTimer(374)) - Scheduled Metric snapshot period at 10 second(s).
2019-07-15 13:55:05,892 INFO  impl.MetricsSystemImpl (MetricsSystemImpl.java:start(191)) - StorageContainerManager metrics system started
2019-07-15 13:55:05,965 INFO  server.SCMClientProtocolServer (SCMClientProtocolServer.java:start(149)) - RPC server for Client  is listening at /0.0.0.0:33780
2019-07-15 13:55:05,966 INFO  ipc.Server (Server.java:run(1314)) - IPC Server Responder: starting
2019-07-15 13:55:05,966 INFO  ipc.Server (Server.java:run(1153)) - IPC Server listener on 33780: starting
2019-07-15 13:55:05,971 INFO  server.StorageContainerManager (StorageContainerManager.java:start(768)) - ScmBlockLocationProtocol RPC server is listening at /0.0.0.0:44113
2019-07-15 13:55:05,971 INFO  server.SCMBlockProtocolServer (SCMBlockProtocolServer.java:start(140)) - RPC server for Block Protocol is listening at /0.0.0.0:44113
2019-07-15 13:55:05,972 INFO  ipc.Server (Server.java:run(1314)) - IPC Server Responder: starting
2019-07-15 13:55:05,972 INFO  ipc.Server (Server.java:run(1153)) - IPC Server listener on 44113: starting
2019-07-15 13:55:05,976 INFO  server.StorageContainerManager (StorageContainerManager.java:start(772)) - ScmDatanodeProtocl RPC server is listening at /0.0.0.0:44466
2019-07-15 13:55:05,976 INFO  server.SCMDatanodeProtocolServer (SCMDatanodeProtocolServer.java:start(191)) - RPC server for DataNodes is listening at /0.0.0.0:44466
2019-07-15 13:55:05,976 INFO  ipc.Server (Server.java:run(1314)) - IPC Server Responder: starting
2019-07-15 13:55:05,977 INFO  ipc.Server (Server.java:run(1153)) - IPC Server listener on 44466: starting
2019-07-15 13:55:05,981 INFO  http.HttpServer2 (HttpServer2.java:bindListener(1191)) - Jetty bound to port 40623
2019-07-15 13:55:05,981 INFO  server.Server (Server.java:doStart(351)) - jetty-9.3.24.v20180605, build timestamp: 2018-06-05T17:11:56Z, git hash: 84205aa28f11a4f31f2a3b86d1bba2cc8ab69827
2019-07-15 13:55:05,983 INFO  handler.ContextHandler (ContextHandler.java:doStart(781)) - Started o.e.j.s.ServletContextHandler@23f6a18d{/logs,file:///workdir/hadoop-ozone/integration-test/target/log,AVAILABLE}
2019-07-15 13:55:05,984 INFO  handler.ContextHandler (ContextHandler.java:doStart(781)) - Started o.e.j.s.ServletContextHandler@5cbb2b1d{/static,file:///workdir/hadoop-ozone/integration-test/target/test-classes/webapps/static,AVAILABLE}
2019-07-15 13:55:05,990 INFO  handler.ContextHandler (ContextHandler.java:doStart(781)) - Started o.e.j.w.WebAppContext@7b6846c6{/,file:///workdir/hadoop-ozone/integration-test/target/test-classes/webapps/scm/,AVAILABLE}{/scm}
2019-07-15 13:55:05,990 INFO  server.AbstractConnector (AbstractConnector.java:doStart(278)) - Started ServerConnector@71103416{HTTP/1.1,[http/1.1]}{0.0.0.0:40623}
2019-07-15 13:55:05,993 INFO  server.Server (Server.java:doStart(419)) - Started @700999ms
2019-07-15 13:55:05,996 INFO  server.BaseHttpServer (BaseHttpServer.java:updateConnectorAddress(207)) - HTTP server of SCM is listening at http://0.0.0.0:40623
2019-07-15 13:55:05,997 WARN  server.ServerUtils (ServerUtils.java:getDBPath(222)) - ozone.om.db.dirs is not configured. We recommend adding this setting. Falling back to ozone.metadata.dirs instead.
2019-07-15 13:55:05,998 INFO  util.JvmPauseMonitor (JvmPauseMonitor.java:run(188)) - Starting JVM pause monitor
2019-07-15 13:55:06,012 WARN  server.ServerUtils (ServerUtils.java:getDBPath(222)) - ozone.om.db.dirs is not configured. We recommend adding this setting. Falling back to ozone.metadata.dirs instead.
2019-07-15 13:55:06,012 INFO  om.OzoneManager (OzoneManager.java:setOMNodeDetails(630)) - OM Service ID is not set. Setting it to the default ID: omServiceIdDefault
2019-07-15 13:55:06,012 INFO  om.OzoneManager (OzoneManager.java:setOMNodeDetails(636)) - OM Node ID is not set. Setting it to the OmStorage's OmID: 43d7c4b0-468f-4ed7-b9be-a26fb41cd7c8
2019-07-15 13:55:06,013 INFO  om.OzoneManager (OzoneManager.java:loadOMHAConfigs(587)) - Found matching OM address with OMServiceId: null, OMNodeId: null, RPC Address: localhost:0 and Ratis port: 9872
2019-07-15 13:55:06,023 WARN  server.ServerUtils (ServerUtils.java:getDBPath(222)) - ozone.om.db.dirs is not configured. We recommend adding this setting. Falling back to ozone.metadata.dirs instead.
2019-07-15 13:55:06,023 INFO  db.DBStoreBuilder (DBStoreBuilder.java:addTable(110)) - using custom profile for table: userTable
2019-07-15 13:55:06,023 INFO  db.DBStoreBuilder (DBStoreBuilder.java:processTables(161)) - Using default column profile:DBProfile.DISK for Table:userTable
2019-07-15 13:55:06,024 INFO  db.DBStoreBuilder (DBStoreBuilder.java:addTable(110)) - using custom profile for table: volumeTable
2019-07-15 13:55:06,024 INFO  db.DBStoreBuilder (DBStoreBuilder.java:processTables(161)) - Using default column profile:DBProfile.DISK for Table:volumeTable
2019-07-15 13:55:06,024 INFO  db.DBStoreBuilder (DBStoreBuilder.java:addTable(110)) - using custom profile for table: bucketTable
2019-07-15 13:55:06,025 INFO  db.DBStoreBuilder (DBStoreBuilder.java:processTables(161)) - Using default column profile:DBProfile.DISK for Table:bucketTable
2019-07-15 13:55:06,025 INFO  db.DBStoreBuilder (DBStoreBuilder.java:addTable(110)) - using custom profile for table: keyTable
2019-07-15 13:55:06,025 INFO  db.DBStoreBuilder (DBStoreBuilder.java:processTables(161)) - Using default column profile:DBProfile.DISK for Table:keyTable
2019-07-15 13:55:06,025 INFO  db.DBStoreBuilder (DBStoreBuilder.java:addTable(110)) - using custom profile for table: deletedTable
2019-07-15 13:55:06,026 INFO  db.DBStoreBuilder (DBStoreBuilder.java:processTables(161)) - Using default column profile:DBProfile.DISK for Table:deletedTable
2019-07-15 13:55:06,026 INFO  db.DBStoreBuilder (DBStoreBuilder.java:addTable(110)) - using custom profile for table: openKeyTable
2019-07-15 13:55:06,026 INFO  db.DBStoreBuilder (DBStoreBuilder.java:processTables(161)) - Using default column profile:DBProfile.DISK for Table:openKeyTable
2019-07-15 13:55:06,027 INFO  db.DBStoreBuilder (DBStoreBuilder.java:addTable(110)) - using custom profile for table: s3Table
2019-07-15 13:55:06,027 INFO  db.DBStoreBuilder (DBStoreBuilder.java:processTables(161)) - Using default column profile:DBProfile.DISK for Table:s3Table
2019-07-15 13:55:06,027 INFO  db.DBStoreBuilder (DBStoreBuilder.java:addTable(110)) - using custom profile for table: multipartInfoTable
2019-07-15 13:55:06,027 INFO  db.DBStoreBuilder (DBStoreBuilder.java:processTables(161)) - Using default column profile:DBProfile.DISK for Table:multipartInfoTable
2019-07-15 13:55:06,027 INFO  db.DBStoreBuilder (DBStoreBuilder.java:addTable(110)) - using custom profile for table: dTokenTable
2019-07-15 13:55:06,028 INFO  db.DBStoreBuilder (DBStoreBuilder.java:processTables(161)) - Using default column profile:DBProfile.DISK for Table:dTokenTable
2019-07-15 13:55:06,028 INFO  db.DBStoreBuilder (DBStoreBuilder.java:addTable(110)) - using custom profile for table: s3SecretTable
2019-07-15 13:55:06,028 INFO  db.DBStoreBuilder (DBStoreBuilder.java:processTables(161)) - Using default column profile:DBProfile.DISK for Table:s3SecretTable
2019-07-15 13:55:06,028 INFO  db.DBStoreBuilder (DBStoreBuilder.java:addTable(110)) - using custom profile for table: prefixTable
2019-07-15 13:55:06,029 INFO  db.DBStoreBuilder (DBStoreBuilder.java:processTables(161)) - Using default column profile:DBProfile.DISK for Table:prefixTable
2019-07-15 13:55:06,029 INFO  db.DBStoreBuilder (DBStoreBuilder.java:addTable(110)) - using custom profile for table: default
2019-07-15 13:55:06,029 INFO  db.DBStoreBuilder (DBStoreBuilder.java:processTables(167)) - Using default column profile:DBProfile.DISK for Table:default
2019-07-15 13:55:06,029 INFO  db.DBStoreBuilder (DBStoreBuilder.java:getDbProfile(198)) - Using default options. DBProfile.DISK
2019-07-15 13:55:06,550 INFO  ipc.CallQueueManager (CallQueueManager.java:<init>(84)) - Using callQueue: class java.util.concurrent.LinkedBlockingQueue, queueCapacity: 2000, scheduler: class org.apache.hadoop.ipc.DefaultRpcScheduler, ipcBackoff: false.
2019-07-15 13:55:06,551 INFO  ipc.Server (Server.java:run(1074)) - Starting Socket Reader #1 for port 37833
2019-07-15 13:55:06,567 WARN  server.ServerUtils (ServerUtils.java:getDBPath(222)) - ozone.om.db.dirs is not configured. We recommend adding this setting. Falling back to ozone.metadata.dirs instead.
2019-07-15 13:55:06,567 INFO  om.OzoneManager (OzoneManager.java:start(1228)) - OzoneManager RPC server is listening at localhost/127.0.0.1:37833
2019-07-15 13:55:06,567 INFO  impl.MetricsSystemImpl (MetricsSystemImpl.java:init(158)) - OzoneManager metrics system started (again)
2019-07-15 13:55:06,568 INFO  ipc.Server (Server.java:run(1314)) - IPC Server Responder: starting
2019-07-15 13:55:06,569 INFO  ipc.Server (Server.java:run(1153)) - IPC Server listener on 37833: starting
2019-07-15 13:55:06,574 INFO  hdfs.DFSUtil (DFSUtil.java:httpServerTemplateForNNAndJN(1641)) - Starting Web-server for ozoneManager at: http://0.0.0.0:0
2019-07-15 13:55:06,577 INFO  server.AuthenticationFilter (AuthenticationFilter.java:constructSecretProvider(240)) - Unable to initialize FileSignerSecretProvider, falling back to use random secrets.
2019-07-15 13:55:06,578 WARN  http.HttpRequestLog (HttpRequestLog.java:getRequestLog(97)) - Jetty request log can only be enabled using Log4j
2019-07-15 13:55:06,580 INFO  http.HttpServer2 (HttpServer2.java:addGlobalFilter(975)) - Added global filter 'safety' (class=org.apache.hadoop.http.HttpServer2$QuotingInputFilter)
2019-07-15 13:55:06,580 INFO  http.HttpServer2 (HttpServer2.java:addFilter(948)) - Added filter static_user_filter (class=org.apache.hadoop.http.lib.StaticUserWebFilter$StaticUserFilter) to context ozoneManager
2019-07-15 13:55:06,581 INFO  http.HttpServer2 (HttpServer2.java:addFilter(958)) - Added filter static_user_filter (class=org.apache.hadoop.http.lib.StaticUserWebFilter$StaticUserFilter) to context logs
2019-07-15 13:55:06,581 INFO  http.HttpServer2 (HttpServer2.java:addFilter(958)) - Added filter static_user_filter (class=org.apache.hadoop.http.lib.StaticUserWebFilter$StaticUserFilter) to context static
2019-07-15 13:55:06,582 INFO  http.HttpServer2 (HttpServer2.java:bindListener(1191)) - Jetty bound to port 41277
2019-07-15 13:55:06,582 INFO  server.Server (Server.java:doStart(351)) - jetty-9.3.24.v20180605, build timestamp: 2018-06-05T17:11:56Z, git hash: 84205aa28f11a4f31f2a3b86d1bba2cc8ab69827
2019-07-15 13:55:06,584 INFO  handler.ContextHandler (ContextHandler.java:doStart(781)) - Started o.e.j.s.ServletContextHandler@41862a32{/logs,file:///workdir/hadoop-ozone/integration-test/target/log,AVAILABLE}
2019-07-15 13:55:06,585 INFO  handler.ContextHandler (ContextHandler.java:doStart(781)) - Started o.e.j.s.ServletContextHandler@15e8e884{/static,file:///workdir/hadoop-ozone/integration-test/target/test-classes/webapps/static,AVAILABLE}
2019-07-15 13:55:06,590 INFO  handler.ContextHandler (ContextHandler.java:doStart(781)) - Started o.e.j.w.WebAppContext@3b590d21{/,file:///workdir/hadoop-ozone/integration-test/target/test-classes/webapps/ozoneManager/,AVAILABLE}{/ozoneManager}
2019-07-15 13:55:06,591 INFO  server.AbstractConnector (AbstractConnector.java:doStart(278)) - Started ServerConnector@6aa27145{HTTP/1.1,[http/1.1]}{0.0.0.0:41277}
2019-07-15 13:55:06,592 INFO  server.Server (Server.java:doStart(419)) - Started @701597ms
2019-07-15 13:55:06,593 INFO  server.BaseHttpServer (BaseHttpServer.java:updateConnectorAddress(207)) - HTTP server of OZONEMANAGER is listening at http://0.0.0.0:41277
2019-07-15 13:55:06,610 INFO  impl.MetricsSystemImpl (MetricsSystemImpl.java:init(158)) - HddsDatanode metrics system started (again)
2019-07-15 13:55:06,610 INFO  ozone.HddsDatanodeService (HddsDatanodeService.java:start(185)) - HddsDatanodeService host:trunk-nightly-hvlc9-701369690 ip:192.168.157.240
2019-07-15 13:55:06,624 INFO  volume.HddsVolume (HddsVolume.java:<init>(176)) - Creating Volume: /workdir/hadoop-ozone/integration-test/target/test-dir/MiniOzoneClusterImpl-fa28b9af-4596-4992-971b-e70be8aa423d/datanode-0/data/containers/hdds of  storage type : DISK and capacity : 52710309888
2019-07-15 13:55:06,624 INFO  volume.VolumeSet (VolumeSet.java:initializeVolumeSet(170)) - Added Volume : /workdir/hadoop-ozone/integration-test/target/test-dir/MiniOzoneClusterImpl-fa28b9af-4596-4992-971b-e70be8aa423d/datanode-0/data/containers/hdds to VolumeSet
2019-07-15 13:55:06,624 INFO  volume.ThrottledAsyncChecker (ThrottledAsyncChecker.java:schedule(140)) - Scheduling a check for org.apache.hadoop.ozone.container.common.volume.HddsVolume@40557b00
2019-07-15 13:55:06,625 INFO  volume.HddsVolumeChecker (HddsVolumeChecker.java:checkAllVolumes(203)) - Scheduled health check for volume org.apache.hadoop.ozone.container.common.volume.HddsVolume@40557b00
2019-07-15 13:55:06,642 INFO  impl.RaftServerProxy (ConfUtils.java:logGet(43)) - raft.rpc.type = GRPC (default)
2019-07-15 13:55:06,643 INFO  grpc.GrpcFactory (GrpcFactory.java:checkPooledByteBufAllocatorUseCacheForAllThreads(45)) - PERFORMANCE WARNING: useCacheForAllThreads is true that may cause Netty to create a lot garbage objects and, as a result, trigger GC.
	It is recommended to disable useCacheForAllThreads by setting -Dorg.apache.ratis.thirdparty.io.netty.allocator.useCacheForAllThreads=false in command line.
2019-07-15 13:55:06,643 INFO  grpc.GrpcConfigKeys$Server (ConfUtils.java:logGet(43)) - raft.grpc.server.port = 0 (default)
2019-07-15 13:55:06,643 INFO  server.GrpcService (ConfUtils.java:logGet(43)) - raft.grpc.message.size.max = 33570816 (custom)
2019-07-15 13:55:06,643 INFO  server.RaftServerConfigKeys (ConfUtils.java:logGet(43)) - raft.server.log.appender.buffer.byte-limit = 33554432 (custom)
2019-07-15 13:55:06,644 INFO  server.GrpcService (ConfUtils.java:logGet(43)) - raft.grpc.flow.control.window = 1MB (=1048576) (default)
2019-07-15 13:55:06,644 INFO  server.RaftServerConfigKeys (ConfUtils.java:logGet(43)) - raft.server.rpc.request.timeout = 3000ms (default)
2019-07-15 13:55:06,645 INFO  server.RaftServerConfigKeys (ConfUtils.java:logGet(43)) - raft.server.storage.dir = [/workdir/hadoop-ozone/integration-test/target/test-dir/MiniOzoneClusterImpl-fa28b9af-4596-4992-971b-e70be8aa423d/datanode-0/data/ratis] (custom)
2019-07-15 13:55:06,645 INFO  replication.SimpleContainerDownloader (SimpleContainerDownloader.java:<init>(72)) - Starting container downloader service to copy containers to replicate.
2019-07-15 13:55:06,646 INFO  hdfs.DFSUtil (DFSUtil.java:httpServerTemplateForNNAndJN(1641)) - Starting Web-server for hddsDatanode at: http://0.0.0.0:0
2019-07-15 13:55:06,648 INFO  server.AuthenticationFilter (AuthenticationFilter.java:constructSecretProvider(240)) - Unable to initialize FileSignerSecretProvider, falling back to use random secrets.
2019-07-15 13:55:06,648 WARN  http.HttpRequestLog (HttpRequestLog.java:getRequestLog(97)) - Jetty request log can only be enabled using Log4j
2019-07-15 13:55:06,649 INFO  http.HttpServer2 (HttpServer2.java:addGlobalFilter(975)) - Added global filter 'safety' (class=org.apache.hadoop.http.HttpServer2$QuotingInputFilter)
2019-07-15 13:55:06,650 INFO  http.HttpServer2 (HttpServer2.java:addFilter(948)) - Added filter static_user_filter (class=org.apache.hadoop.http.lib.StaticUserWebFilter$StaticUserFilter) to context hddsDatanode
2019-07-15 13:55:06,650 INFO  http.HttpServer2 (HttpServer2.java:addFilter(958)) - Added filter static_user_filter (class=org.apache.hadoop.http.lib.StaticUserWebFilter$StaticUserFilter) to context static
2019-07-15 13:55:06,650 INFO  http.HttpServer2 (HttpServer2.java:addFilter(958)) - Added filter static_user_filter (class=org.apache.hadoop.http.lib.StaticUserWebFilter$StaticUserFilter) to context logs
2019-07-15 13:55:06,651 INFO  http.HttpServer2 (HttpServer2.java:bindListener(1191)) - Jetty bound to port 33421
2019-07-15 13:55:06,651 INFO  server.Server (Server.java:doStart(351)) - jetty-9.3.24.v20180605, build timestamp: 2018-06-05T17:11:56Z, git hash: 84205aa28f11a4f31f2a3b86d1bba2cc8ab69827
2019-07-15 13:55:06,653 INFO  handler.ContextHandler (ContextHandler.java:doStart(781)) - Started o.e.j.s.ServletContextHandler@34692767{/logs,file:///workdir/hadoop-ozone/integration-test/target/log,AVAILABLE}
2019-07-15 13:55:06,653 INFO  handler.ContextHandler (ContextHandler.java:doStart(781)) - Started o.e.j.s.ServletContextHandler@24bd88df{/static,jar:file:/home/user/.m2/repository/org/apache/hadoop/hadoop-hdds-container-service/0.5.0-SNAPSHOT/hadoop-hdds-container-service-0.5.0-SNAPSHOT.jar!/webapps/static,AVAILABLE}
2019-07-15 13:55:06,688 INFO  handler.ContextHandler (ContextHandler.java:doStart(781)) - Started o.e.j.w.WebAppContext@61668c05{/,file:///tmp/jetty-0.0.0.0-33421-hddsDatanode-_-any-3740876602671300646.dir/webapp/,AVAILABLE}{/hddsDatanode}
2019-07-15 13:55:06,689 INFO  server.AbstractConnector (AbstractConnector.java:doStart(278)) - Started ServerConnector@6573b345{HTTP/1.1,[http/1.1]}{0.0.0.0:33421}
2019-07-15 13:55:06,690 INFO  server.Server (Server.java:doStart(419)) - Started @701694ms
2019-07-15 13:55:06,691 INFO  server.BaseHttpServer (BaseHttpServer.java:updateConnectorAddress(207)) - HTTP server of HDDSDATANODE is listening at http://0.0.0.0:33421
2019-07-15 13:55:06,795 INFO  ozone.HddsDatanodeService (HddsDatanodeService.java:startPlugins(396)) - Started plug-in org.apache.hadoop.ozone.web.OzoneHddsDatanodeService@59711ea7
2019-07-15 13:55:06,795 INFO  impl.MetricsSystemImpl (MetricsSystemImpl.java:init(158)) - HddsDatanode metrics system started (again)
2019-07-15 13:55:06,798 INFO  ozone.HddsDatanodeService (HddsDatanodeService.java:start(185)) - HddsDatanodeService host:trunk-nightly-hvlc9-701369690 ip:192.168.157.240
2019-07-15 13:55:06,799 INFO  util.JvmPauseMonitor (JvmPauseMonitor.java:run(188)) - Starting JVM pause monitor
2019-07-15 13:55:06,800 INFO  datanode.InitDatanodeState (InitDatanodeState.java:persistContainerDatanodeDetails(140)) - DatanodeDetails is persisted to /workdir/hadoop-ozone/integration-test/target/test-dir/MiniOzoneClusterImpl-fa28b9af-4596-4992-971b-e70be8aa423d/datanode-0/meta/datanode.id
2019-07-15 13:55:06,812 INFO  volume.HddsVolume (HddsVolume.java:<init>(176)) - Creating Volume: /workdir/hadoop-ozone/integration-test/target/test-dir/MiniOzoneClusterImpl-fa28b9af-4596-4992-971b-e70be8aa423d/datanode-1/data/containers/hdds of  storage type : DISK and capacity : 52710309888
2019-07-15 13:55:06,812 INFO  volume.VolumeSet (VolumeSet.java:initializeVolumeSet(170)) - Added Volume : /workdir/hadoop-ozone/integration-test/target/test-dir/MiniOzoneClusterImpl-fa28b9af-4596-4992-971b-e70be8aa423d/datanode-1/data/containers/hdds to VolumeSet
2019-07-15 13:55:06,812 INFO  volume.ThrottledAsyncChecker (ThrottledAsyncChecker.java:schedule(140)) - Scheduling a check for org.apache.hadoop.ozone.container.common.volume.HddsVolume@3af5f0da
2019-07-15 13:55:06,813 INFO  volume.HddsVolumeChecker (HddsVolumeChecker.java:checkAllVolumes(203)) - Scheduled health check for volume org.apache.hadoop.ozone.container.common.volume.HddsVolume@3af5f0da
2019-07-15 13:55:06,833 INFO  impl.RaftServerProxy (ConfUtils.java:logGet(43)) - raft.rpc.type = GRPC (default)
2019-07-15 13:55:06,834 INFO  grpc.GrpcFactory (GrpcFactory.java:checkPooledByteBufAllocatorUseCacheForAllThreads(45)) - PERFORMANCE WARNING: useCacheForAllThreads is true that may cause Netty to create a lot garbage objects and, as a result, trigger GC.
	It is recommended to disable useCacheForAllThreads by setting -Dorg.apache.ratis.thirdparty.io.netty.allocator.useCacheForAllThreads=false in command line.
2019-07-15 13:55:06,834 INFO  grpc.GrpcConfigKeys$Server (ConfUtils.java:logGet(43)) - raft.grpc.server.port = 0 (default)
2019-07-15 13:55:06,834 INFO  server.GrpcService (ConfUtils.java:logGet(43)) - raft.grpc.message.size.max = 33570816 (custom)
2019-07-15 13:55:06,834 INFO  server.RaftServerConfigKeys (ConfUtils.java:logGet(43)) - raft.server.log.appender.buffer.byte-limit = 33554432 (custom)
2019-07-15 13:55:06,835 INFO  server.GrpcService (ConfUtils.java:logGet(43)) - raft.grpc.flow.control.window = 1MB (=1048576) (default)
2019-07-15 13:55:06,835 INFO  server.RaftServerConfigKeys (ConfUtils.java:logGet(43)) - raft.server.rpc.request.timeout = 3000ms (default)
2019-07-15 13:55:06,835 INFO  server.RaftServerConfigKeys (ConfUtils.java:logGet(43)) - raft.server.storage.dir = [/workdir/hadoop-ozone/integration-test/target/test-dir/MiniOzoneClusterImpl-fa28b9af-4596-4992-971b-e70be8aa423d/datanode-1/data/ratis] (custom)
2019-07-15 13:55:06,836 INFO  replication.SimpleContainerDownloader (SimpleContainerDownloader.java:<init>(72)) - Starting container downloader service to copy containers to replicate.
2019-07-15 13:55:06,837 INFO  hdfs.DFSUtil (DFSUtil.java:httpServerTemplateForNNAndJN(1641)) - Starting Web-server for hddsDatanode at: http://0.0.0.0:0
2019-07-15 13:55:06,838 INFO  server.AuthenticationFilter (AuthenticationFilter.java:constructSecretProvider(240)) - Unable to initialize FileSignerSecretProvider, falling back to use random secrets.
2019-07-15 13:55:06,839 WARN  http.HttpRequestLog (HttpRequestLog.java:getRequestLog(97)) - Jetty request log can only be enabled using Log4j
2019-07-15 13:55:06,840 INFO  http.HttpServer2 (HttpServer2.java:addGlobalFilter(975)) - Added global filter 'safety' (class=org.apache.hadoop.http.HttpServer2$QuotingInputFilter)
2019-07-15 13:55:06,841 INFO  http.HttpServer2 (HttpServer2.java:addFilter(948)) - Added filter static_user_filter (class=org.apache.hadoop.http.lib.StaticUserWebFilter$StaticUserFilter) to context hddsDatanode
2019-07-15 13:55:06,841 INFO  http.HttpServer2 (HttpServer2.java:addFilter(958)) - Added filter static_user_filter (class=org.apache.hadoop.http.lib.StaticUserWebFilter$StaticUserFilter) to context logs
2019-07-15 13:55:06,841 INFO  http.HttpServer2 (HttpServer2.java:addFilter(958)) - Added filter static_user_filter (class=org.apache.hadoop.http.lib.StaticUserWebFilter$StaticUserFilter) to context static
2019-07-15 13:55:06,842 INFO  http.HttpServer2 (HttpServer2.java:bindListener(1191)) - Jetty bound to port 34008
2019-07-15 13:55:06,842 INFO  server.Server (Server.java:doStart(351)) - jetty-9.3.24.v20180605, build timestamp: 2018-06-05T17:11:56Z, git hash: 84205aa28f11a4f31f2a3b86d1bba2cc8ab69827
2019-07-15 13:55:06,844 INFO  handler.ContextHandler (ContextHandler.java:doStart(781)) - Started o.e.j.s.ServletContextHandler@581a0bf{/logs,file:///workdir/hadoop-ozone/integration-test/target/log,AVAILABLE}
2019-07-15 13:55:06,844 INFO  handler.ContextHandler (ContextHandler.java:doStart(781)) - Started o.e.j.s.ServletContextHandler@4ba62429{/static,jar:file:/home/user/.m2/repository/org/apache/hadoop/hadoop-hdds-container-service/0.5.0-SNAPSHOT/hadoop-hdds-container-service-0.5.0-SNAPSHOT.jar!/webapps/static,AVAILABLE}
2019-07-15 13:55:06,879 INFO  handler.ContextHandler (ContextHandler.java:doStart(781)) - Started o.e.j.w.WebAppContext@38b7b02f{/,file:///tmp/jetty-0.0.0.0-34008-hddsDatanode-_-any-131469346154029484.dir/webapp/,AVAILABLE}{/hddsDatanode}
2019-07-15 13:55:06,879 INFO  server.AbstractConnector (AbstractConnector.java:doStart(278)) - Started ServerConnector@7203fac0{HTTP/1.1,[http/1.1]}{0.0.0.0:34008}
2019-07-15 13:55:06,881 INFO  server.Server (Server.java:doStart(419)) - Started @701886ms
2019-07-15 13:55:06,882 INFO  server.BaseHttpServer (BaseHttpServer.java:updateConnectorAddress(207)) - HTTP server of HDDSDATANODE is listening at http://0.0.0.0:34008
2019-07-15 13:55:07,006 INFO  ozone.HddsDatanodeService (HddsDatanodeService.java:startPlugins(396)) - Started plug-in org.apache.hadoop.ozone.web.OzoneHddsDatanodeService@537dc661
2019-07-15 13:55:07,006 INFO  impl.MetricsSystemImpl (MetricsSystemImpl.java:init(158)) - HddsDatanode metrics system started (again)
2019-07-15 13:55:07,009 INFO  ozone.HddsDatanodeService (HddsDatanodeService.java:start(185)) - HddsDatanodeService host:trunk-nightly-hvlc9-701369690 ip:192.168.157.240
2019-07-15 13:55:07,010 INFO  util.JvmPauseMonitor (JvmPauseMonitor.java:run(188)) - Starting JVM pause monitor
2019-07-15 13:55:07,011 INFO  datanode.InitDatanodeState (InitDatanodeState.java:persistContainerDatanodeDetails(140)) - DatanodeDetails is persisted to /workdir/hadoop-ozone/integration-test/target/test-dir/MiniOzoneClusterImpl-fa28b9af-4596-4992-971b-e70be8aa423d/datanode-1/meta/datanode.id
2019-07-15 13:55:07,023 INFO  volume.HddsVolume (HddsVolume.java:<init>(176)) - Creating Volume: /workdir/hadoop-ozone/integration-test/target/test-dir/MiniOzoneClusterImpl-fa28b9af-4596-4992-971b-e70be8aa423d/datanode-2/data/containers/hdds of  storage type : DISK and capacity : 52710309888
2019-07-15 13:55:07,023 INFO  volume.VolumeSet (VolumeSet.java:initializeVolumeSet(170)) - Added Volume : /workdir/hadoop-ozone/integration-test/target/test-dir/MiniOzoneClusterImpl-fa28b9af-4596-4992-971b-e70be8aa423d/datanode-2/data/containers/hdds to VolumeSet
2019-07-15 13:55:07,024 INFO  volume.ThrottledAsyncChecker (ThrottledAsyncChecker.java:schedule(140)) - Scheduling a check for org.apache.hadoop.ozone.container.common.volume.HddsVolume@4054f861
2019-07-15 13:55:07,024 INFO  volume.HddsVolumeChecker (HddsVolumeChecker.java:checkAllVolumes(203)) - Scheduled health check for volume org.apache.hadoop.ozone.container.common.volume.HddsVolume@4054f861
2019-07-15 13:55:07,037 INFO  impl.RaftServerProxy (ConfUtils.java:logGet(43)) - raft.rpc.type = GRPC (default)
2019-07-15 13:55:07,037 INFO  grpc.GrpcFactory (GrpcFactory.java:checkPooledByteBufAllocatorUseCacheForAllThreads(45)) - PERFORMANCE WARNING: useCacheForAllThreads is true that may cause Netty to create a lot garbage objects and, as a result, trigger GC.
	It is recommended to disable useCacheForAllThreads by setting -Dorg.apache.ratis.thirdparty.io.netty.allocator.useCacheForAllThreads=false in command line.
2019-07-15 13:55:07,037 INFO  grpc.GrpcConfigKeys$Server (ConfUtils.java:logGet(43)) - raft.grpc.server.port = 0 (default)
2019-07-15 13:55:07,037 INFO  server.GrpcService (ConfUtils.java:logGet(43)) - raft.grpc.message.size.max = 33570816 (custom)
2019-07-15 13:55:07,038 INFO  server.RaftServerConfigKeys (ConfUtils.java:logGet(43)) - raft.server.log.appender.buffer.byte-limit = 33554432 (custom)
2019-07-15 13:55:07,038 INFO  server.GrpcService (ConfUtils.java:logGet(43)) - raft.grpc.flow.control.window = 1MB (=1048576) (default)
2019-07-15 13:55:07,038 INFO  server.RaftServerConfigKeys (ConfUtils.java:logGet(43)) - raft.server.rpc.request.timeout = 3000ms (default)
2019-07-15 13:55:07,038 INFO  server.RaftServerConfigKeys (ConfUtils.java:logGet(43)) - raft.server.storage.dir = [/workdir/hadoop-ozone/integration-test/target/test-dir/MiniOzoneClusterImpl-fa28b9af-4596-4992-971b-e70be8aa423d/datanode-2/data/ratis] (custom)
2019-07-15 13:55:07,039 INFO  replication.SimpleContainerDownloader (SimpleContainerDownloader.java:<init>(72)) - Starting container downloader service to copy containers to replicate.
2019-07-15 13:55:07,040 INFO  hdfs.DFSUtil (DFSUtil.java:httpServerTemplateForNNAndJN(1641)) - Starting Web-server for hddsDatanode at: http://0.0.0.0:0
2019-07-15 13:55:07,041 INFO  server.AuthenticationFilter (AuthenticationFilter.java:constructSecretProvider(240)) - Unable to initialize FileSignerSecretProvider, falling back to use random secrets.
2019-07-15 13:55:07,041 WARN  http.HttpRequestLog (HttpRequestLog.java:getRequestLog(97)) - Jetty request log can only be enabled using Log4j
2019-07-15 13:55:07,042 INFO  http.HttpServer2 (HttpServer2.java:addGlobalFilter(975)) - Added global filter 'safety' (class=org.apache.hadoop.http.HttpServer2$QuotingInputFilter)
2019-07-15 13:55:07,043 INFO  http.HttpServer2 (HttpServer2.java:addFilter(948)) - Added filter static_user_filter (class=org.apache.hadoop.http.lib.StaticUserWebFilter$StaticUserFilter) to context hddsDatanode
2019-07-15 13:55:07,043 INFO  http.HttpServer2 (HttpServer2.java:addFilter(958)) - Added filter static_user_filter (class=org.apache.hadoop.http.lib.StaticUserWebFilter$StaticUserFilter) to context static
2019-07-15 13:55:07,043 INFO  http.HttpServer2 (HttpServer2.java:addFilter(958)) - Added filter static_user_filter (class=org.apache.hadoop.http.lib.StaticUserWebFilter$StaticUserFilter) to context logs
2019-07-15 13:55:07,044 INFO  http.HttpServer2 (HttpServer2.java:bindListener(1191)) - Jetty bound to port 46282
2019-07-15 13:55:07,044 INFO  server.Server (Server.java:doStart(351)) - jetty-9.3.24.v20180605, build timestamp: 2018-06-05T17:11:56Z, git hash: 84205aa28f11a4f31f2a3b86d1bba2cc8ab69827
2019-07-15 13:55:07,045 INFO  handler.ContextHandler (ContextHandler.java:doStart(781)) - Started o.e.j.s.ServletContextHandler@41c983d3{/logs,file:///workdir/hadoop-ozone/integration-test/target/log,AVAILABLE}
2019-07-15 13:55:07,045 INFO  handler.ContextHandler (ContextHandler.java:doStart(781)) - Started o.e.j.s.ServletContextHandler@4064cd60{/static,jar:file:/home/user/.m2/repository/org/apache/hadoop/hadoop-hdds-container-service/0.5.0-SNAPSHOT/hadoop-hdds-container-service-0.5.0-SNAPSHOT.jar!/webapps/static,AVAILABLE}
2019-07-15 13:55:07,072 INFO  handler.ContextHandler (ContextHandler.java:doStart(781)) - Started o.e.j.w.WebAppContext@48b9ee43{/,file:///tmp/jetty-0.0.0.0-46282-hddsDatanode-_-any-3177934069351582898.dir/webapp/,AVAILABLE}{/hddsDatanode}
2019-07-15 13:55:07,072 INFO  server.AbstractConnector (AbstractConnector.java:doStart(278)) - Started ServerConnector@7c9e149{HTTP/1.1,[http/1.1]}{0.0.0.0:46282}
2019-07-15 13:55:07,073 INFO  server.Server (Server.java:doStart(419)) - Started @702078ms
2019-07-15 13:55:07,075 INFO  server.BaseHttpServer (BaseHttpServer.java:updateConnectorAddress(207)) - HTTP server of HDDSDATANODE is listening at http://0.0.0.0:46282
2019-07-15 13:55:07,169 INFO  ozone.HddsDatanodeService (HddsDatanodeService.java:startPlugins(396)) - Started plug-in org.apache.hadoop.ozone.web.OzoneHddsDatanodeService@5d708ef6
2019-07-15 13:55:07,169 INFO  impl.MetricsSystemImpl (MetricsSystemImpl.java:init(158)) - HddsDatanode metrics system started (again)
2019-07-15 13:55:07,170 INFO  ozone.HddsDatanodeService (HddsDatanodeService.java:start(185)) - HddsDatanodeService host:trunk-nightly-hvlc9-701369690 ip:192.168.157.240
2019-07-15 13:55:07,173 INFO  util.JvmPauseMonitor (JvmPauseMonitor.java:run(188)) - Starting JVM pause monitor
2019-07-15 13:55:07,174 INFO  datanode.InitDatanodeState (InitDatanodeState.java:persistContainerDatanodeDetails(140)) - DatanodeDetails is persisted to /workdir/hadoop-ozone/integration-test/target/test-dir/MiniOzoneClusterImpl-fa28b9af-4596-4992-971b-e70be8aa423d/datanode-2/meta/datanode.id
2019-07-15 13:55:07,185 INFO  volume.HddsVolume (HddsVolume.java:<init>(176)) - Creating Volume: /workdir/hadoop-ozone/integration-test/target/test-dir/MiniOzoneClusterImpl-fa28b9af-4596-4992-971b-e70be8aa423d/datanode-3/data/containers/hdds of  storage type : DISK and capacity : 52710309888
2019-07-15 13:55:07,185 INFO  volume.VolumeSet (VolumeSet.java:initializeVolumeSet(170)) - Added Volume : /workdir/hadoop-ozone/integration-test/target/test-dir/MiniOzoneClusterImpl-fa28b9af-4596-4992-971b-e70be8aa423d/datanode-3/data/containers/hdds to VolumeSet
2019-07-15 13:55:07,186 INFO  volume.ThrottledAsyncChecker (ThrottledAsyncChecker.java:schedule(140)) - Scheduling a check for org.apache.hadoop.ozone.container.common.volume.HddsVolume@7cd91400
2019-07-15 13:55:07,186 INFO  volume.HddsVolumeChecker (HddsVolumeChecker.java:checkAllVolumes(203)) - Scheduled health check for volume org.apache.hadoop.ozone.container.common.volume.HddsVolume@7cd91400
2019-07-15 13:55:07,200 INFO  impl.RaftServerProxy (ConfUtils.java:logGet(43)) - raft.rpc.type = GRPC (default)
2019-07-15 13:55:07,200 INFO  grpc.GrpcFactory (GrpcFactory.java:checkPooledByteBufAllocatorUseCacheForAllThreads(45)) - PERFORMANCE WARNING: useCacheForAllThreads is true that may cause Netty to create a lot garbage objects and, as a result, trigger GC.
	It is recommended to disable useCacheForAllThreads by setting -Dorg.apache.ratis.thirdparty.io.netty.allocator.useCacheForAllThreads=false in command line.
2019-07-15 13:55:07,200 INFO  grpc.GrpcConfigKeys$Server (ConfUtils.java:logGet(43)) - raft.grpc.server.port = 0 (default)
2019-07-15 13:55:07,200 INFO  server.GrpcService (ConfUtils.java:logGet(43)) - raft.grpc.message.size.max = 33570816 (custom)
2019-07-15 13:55:07,200 INFO  server.RaftServerConfigKeys (ConfUtils.java:logGet(43)) - raft.server.log.appender.buffer.byte-limit = 33554432 (custom)
2019-07-15 13:55:07,201 INFO  server.GrpcService (ConfUtils.java:logGet(43)) - raft.grpc.flow.control.window = 1MB (=1048576) (default)
2019-07-15 13:55:07,201 INFO  server.RaftServerConfigKeys (ConfUtils.java:logGet(43)) - raft.server.rpc.request.timeout = 3000ms (default)
2019-07-15 13:55:07,201 INFO  server.RaftServerConfigKeys (ConfUtils.java:logGet(43)) - raft.server.storage.dir = [/workdir/hadoop-ozone/integration-test/target/test-dir/MiniOzoneClusterImpl-fa28b9af-4596-4992-971b-e70be8aa423d/datanode-3/data/ratis] (custom)
2019-07-15 13:55:07,201 INFO  replication.SimpleContainerDownloader (SimpleContainerDownloader.java:<init>(72)) - Starting container downloader service to copy containers to replicate.
2019-07-15 13:55:07,202 INFO  hdfs.DFSUtil (DFSUtil.java:httpServerTemplateForNNAndJN(1641)) - Starting Web-server for hddsDatanode at: http://0.0.0.0:0
2019-07-15 13:55:07,203 INFO  server.AuthenticationFilter (AuthenticationFilter.java:constructSecretProvider(240)) - Unable to initialize FileSignerSecretProvider, falling back to use random secrets.
2019-07-15 13:55:07,204 WARN  http.HttpRequestLog (HttpRequestLog.java:getRequestLog(97)) - Jetty request log can only be enabled using Log4j
2019-07-15 13:55:07,204 INFO  http.HttpServer2 (HttpServer2.java:addGlobalFilter(975)) - Added global filter 'safety' (class=org.apache.hadoop.http.HttpServer2$QuotingInputFilter)
2019-07-15 13:55:07,205 INFO  http.HttpServer2 (HttpServer2.java:addFilter(948)) - Added filter static_user_filter (class=org.apache.hadoop.http.lib.StaticUserWebFilter$StaticUserFilter) to context hddsDatanode
2019-07-15 13:55:07,205 INFO  http.HttpServer2 (HttpServer2.java:addFilter(958)) - Added filter static_user_filter (class=org.apache.hadoop.http.lib.StaticUserWebFilter$StaticUserFilter) to context static
2019-07-15 13:55:07,205 INFO  http.HttpServer2 (HttpServer2.java:addFilter(958)) - Added filter static_user_filter (class=org.apache.hadoop.http.lib.StaticUserWebFilter$StaticUserFilter) to context logs
2019-07-15 13:55:07,206 INFO  http.HttpServer2 (HttpServer2.java:bindListener(1191)) - Jetty bound to port 42453
2019-07-15 13:55:07,206 INFO  server.Server (Server.java:doStart(351)) - jetty-9.3.24.v20180605, build timestamp: 2018-06-05T17:11:56Z, git hash: 84205aa28f11a4f31f2a3b86d1bba2cc8ab69827
2019-07-15 13:55:07,207 INFO  handler.ContextHandler (ContextHandler.java:doStart(781)) - Started o.e.j.s.ServletContextHandler@221b4175{/logs,file:///workdir/hadoop-ozone/integration-test/target/log,AVAILABLE}
2019-07-15 13:55:07,207 INFO  handler.ContextHandler (ContextHandler.java:doStart(781)) - Started o.e.j.s.ServletContextHandler@42af751f{/static,jar:file:/home/user/.m2/repository/org/apache/hadoop/hadoop-hdds-container-service/0.5.0-SNAPSHOT/hadoop-hdds-container-service-0.5.0-SNAPSHOT.jar!/webapps/static,AVAILABLE}
2019-07-15 13:55:07,235 INFO  handler.ContextHandler (ContextHandler.java:doStart(781)) - Started o.e.j.w.WebAppContext@7db373b2{/,file:///tmp/jetty-0.0.0.0-42453-hddsDatanode-_-any-6421223970133731553.dir/webapp/,AVAILABLE}{/hddsDatanode}
2019-07-15 13:55:07,235 INFO  server.AbstractConnector (AbstractConnector.java:doStart(278)) - Started ServerConnector@4b91ac30{HTTP/1.1,[http/1.1]}{0.0.0.0:42453}
2019-07-15 13:55:07,235 INFO  server.Server (Server.java:doStart(419)) - Started @702240ms
2019-07-15 13:55:07,237 INFO  server.BaseHttpServer (BaseHttpServer.java:updateConnectorAddress(207)) - HTTP server of HDDSDATANODE is listening at http://0.0.0.0:42453
2019-07-15 13:55:07,331 INFO  ozone.HddsDatanodeService (HddsDatanodeService.java:startPlugins(396)) - Started plug-in org.apache.hadoop.ozone.web.OzoneHddsDatanodeService@294e4c35
2019-07-15 13:55:07,332 INFO  impl.MetricsSystemImpl (MetricsSystemImpl.java:init(158)) - HddsDatanode metrics system started (again)
2019-07-15 13:55:07,332 INFO  ozone.HddsDatanodeService (HddsDatanodeService.java:start(185)) - HddsDatanodeService host:trunk-nightly-hvlc9-701369690 ip:192.168.157.240
2019-07-15 13:55:07,336 INFO  util.JvmPauseMonitor (JvmPauseMonitor.java:run(188)) - Starting JVM pause monitor
2019-07-15 13:55:07,337 INFO  datanode.InitDatanodeState (InitDatanodeState.java:persistContainerDatanodeDetails(140)) - DatanodeDetails is persisted to /workdir/hadoop-ozone/integration-test/target/test-dir/MiniOzoneClusterImpl-fa28b9af-4596-4992-971b-e70be8aa423d/datanode-3/meta/datanode.id
2019-07-15 13:55:07,350 INFO  volume.HddsVolume (HddsVolume.java:<init>(176)) - Creating Volume: /workdir/hadoop-ozone/integration-test/target/test-dir/MiniOzoneClusterImpl-fa28b9af-4596-4992-971b-e70be8aa423d/datanode-4/data/containers/hdds of  storage type : DISK and capacity : 52710309888
2019-07-15 13:55:07,350 INFO  volume.VolumeSet (VolumeSet.java:initializeVolumeSet(170)) - Added Volume : /workdir/hadoop-ozone/integration-test/target/test-dir/MiniOzoneClusterImpl-fa28b9af-4596-4992-971b-e70be8aa423d/datanode-4/data/containers/hdds to VolumeSet
2019-07-15 13:55:07,350 INFO  volume.ThrottledAsyncChecker (ThrottledAsyncChecker.java:schedule(140)) - Scheduling a check for org.apache.hadoop.ozone.container.common.volume.HddsVolume@1b3a8691
2019-07-15 13:55:07,351 INFO  volume.HddsVolumeChecker (HddsVolumeChecker.java:checkAllVolumes(203)) - Scheduled health check for volume org.apache.hadoop.ozone.container.common.volume.HddsVolume@1b3a8691
2019-07-15 13:55:07,365 INFO  impl.RaftServerProxy (ConfUtils.java:logGet(43)) - raft.rpc.type = GRPC (default)
2019-07-15 13:55:07,365 INFO  grpc.GrpcFactory (GrpcFactory.java:checkPooledByteBufAllocatorUseCacheForAllThreads(45)) - PERFORMANCE WARNING: useCacheForAllThreads is true that may cause Netty to create a lot garbage objects and, as a result, trigger GC.
	It is recommended to disable useCacheForAllThreads by setting -Dorg.apache.ratis.thirdparty.io.netty.allocator.useCacheForAllThreads=false in command line.
2019-07-15 13:55:07,365 INFO  grpc.GrpcConfigKeys$Server (ConfUtils.java:logGet(43)) - raft.grpc.server.port = 0 (default)
2019-07-15 13:55:07,366 INFO  server.GrpcService (ConfUtils.java:logGet(43)) - raft.grpc.message.size.max = 33570816 (custom)
2019-07-15 13:55:07,366 INFO  server.RaftServerConfigKeys (ConfUtils.java:logGet(43)) - raft.server.log.appender.buffer.byte-limit = 33554432 (custom)
2019-07-15 13:55:07,366 INFO  server.GrpcService (ConfUtils.java:logGet(43)) - raft.grpc.flow.control.window = 1MB (=1048576) (default)
2019-07-15 13:55:07,366 INFO  server.RaftServerConfigKeys (ConfUtils.java:logGet(43)) - raft.server.rpc.request.timeout = 3000ms (default)
2019-07-15 13:55:07,367 INFO  server.RaftServerConfigKeys (ConfUtils.java:logGet(43)) - raft.server.storage.dir = [/workdir/hadoop-ozone/integration-test/target/test-dir/MiniOzoneClusterImpl-fa28b9af-4596-4992-971b-e70be8aa423d/datanode-4/data/ratis] (custom)
2019-07-15 13:55:07,367 INFO  replication.SimpleContainerDownloader (SimpleContainerDownloader.java:<init>(72)) - Starting container downloader service to copy containers to replicate.
2019-07-15 13:55:07,368 INFO  hdfs.DFSUtil (DFSUtil.java:httpServerTemplateForNNAndJN(1641)) - Starting Web-server for hddsDatanode at: http://0.0.0.0:0
2019-07-15 13:55:07,369 INFO  server.AuthenticationFilter (AuthenticationFilter.java:constructSecretProvider(240)) - Unable to initialize FileSignerSecretProvider, falling back to use random secrets.
2019-07-15 13:55:07,369 WARN  http.HttpRequestLog (HttpRequestLog.java:getRequestLog(97)) - Jetty request log can only be enabled using Log4j
2019-07-15 13:55:07,370 INFO  http.HttpServer2 (HttpServer2.java:addGlobalFilter(975)) - Added global filter 'safety' (class=org.apache.hadoop.http.HttpServer2$QuotingInputFilter)
2019-07-15 13:55:07,371 INFO  http.HttpServer2 (HttpServer2.java:addFilter(948)) - Added filter static_user_filter (class=org.apache.hadoop.http.lib.StaticUserWebFilter$StaticUserFilter) to context hddsDatanode
2019-07-15 13:55:07,371 INFO  http.HttpServer2 (HttpServer2.java:addFilter(958)) - Added filter static_user_filter (class=org.apache.hadoop.http.lib.StaticUserWebFilter$StaticUserFilter) to context logs
2019-07-15 13:55:07,371 INFO  http.HttpServer2 (HttpServer2.java:addFilter(958)) - Added filter static_user_filter (class=org.apache.hadoop.http.lib.StaticUserWebFilter$StaticUserFilter) to context static
2019-07-15 13:55:07,372 INFO  http.HttpServer2 (HttpServer2.java:bindListener(1191)) - Jetty bound to port 46025
2019-07-15 13:55:07,372 INFO  server.Server (Server.java:doStart(351)) - jetty-9.3.24.v20180605, build timestamp: 2018-06-05T17:11:56Z, git hash: 84205aa28f11a4f31f2a3b86d1bba2cc8ab69827
2019-07-15 13:55:07,373 INFO  handler.ContextHandler (ContextHandler.java:doStart(781)) - Started o.e.j.s.ServletContextHandler@39b8313d{/logs,file:///workdir/hadoop-ozone/integration-test/target/log,AVAILABLE}
2019-07-15 13:55:07,373 INFO  handler.ContextHandler (ContextHandler.java:doStart(781)) - Started o.e.j.s.ServletContextHandler@b525e3a{/static,jar:file:/home/user/.m2/repository/org/apache/hadoop/hadoop-hdds-container-service/0.5.0-SNAPSHOT/hadoop-hdds-container-service-0.5.0-SNAPSHOT.jar!/webapps/static,AVAILABLE}
2019-07-15 13:55:07,400 INFO  handler.ContextHandler (ContextHandler.java:doStart(781)) - Started o.e.j.w.WebAppContext@3f2b55f8{/,file:///tmp/jetty-0.0.0.0-46025-hddsDatanode-_-any-5493752698737915068.dir/webapp/,AVAILABLE}{/hddsDatanode}
2019-07-15 13:55:07,401 INFO  server.AbstractConnector (AbstractConnector.java:doStart(278)) - Started ServerConnector@3d4d2e29{HTTP/1.1,[http/1.1]}{0.0.0.0:46025}
2019-07-15 13:55:07,401 INFO  server.Server (Server.java:doStart(419)) - Started @702406ms
2019-07-15 13:55:07,403 INFO  server.BaseHttpServer (BaseHttpServer.java:updateConnectorAddress(207)) - HTTP server of HDDSDATANODE is listening at http://0.0.0.0:46025
2019-07-15 13:55:07,499 INFO  ozone.HddsDatanodeService (HddsDatanodeService.java:startPlugins(396)) - Started plug-in org.apache.hadoop.ozone.web.OzoneHddsDatanodeService@5241aea8
2019-07-15 13:55:07,499 INFO  impl.MetricsSystemImpl (MetricsSystemImpl.java:init(158)) - HddsDatanode metrics system started (again)
2019-07-15 13:55:07,502 INFO  ozone.HddsDatanodeService (HddsDatanodeService.java:start(185)) - HddsDatanodeService host:trunk-nightly-hvlc9-701369690 ip:192.168.157.240
2019-07-15 13:55:07,503 INFO  util.JvmPauseMonitor (JvmPauseMonitor.java:run(188)) - Starting JVM pause monitor
2019-07-15 13:55:07,505 INFO  datanode.InitDatanodeState (InitDatanodeState.java:persistContainerDatanodeDetails(140)) - DatanodeDetails is persisted to /workdir/hadoop-ozone/integration-test/target/test-dir/MiniOzoneClusterImpl-fa28b9af-4596-4992-971b-e70be8aa423d/datanode-4/meta/datanode.id
2019-07-15 13:55:07,517 INFO  volume.HddsVolume (HddsVolume.java:<init>(176)) - Creating Volume: /workdir/hadoop-ozone/integration-test/target/test-dir/MiniOzoneClusterImpl-fa28b9af-4596-4992-971b-e70be8aa423d/datanode-5/data/containers/hdds of  storage type : DISK and capacity : 52710309888
2019-07-15 13:55:07,518 INFO  volume.VolumeSet (VolumeSet.java:initializeVolumeSet(170)) - Added Volume : /workdir/hadoop-ozone/integration-test/target/test-dir/MiniOzoneClusterImpl-fa28b9af-4596-4992-971b-e70be8aa423d/datanode-5/data/containers/hdds to VolumeSet
2019-07-15 13:55:07,518 INFO  volume.ThrottledAsyncChecker (ThrottledAsyncChecker.java:schedule(140)) - Scheduling a check for org.apache.hadoop.ozone.container.common.volume.HddsVolume@6d5fc2ca
2019-07-15 13:55:07,518 INFO  volume.HddsVolumeChecker (HddsVolumeChecker.java:checkAllVolumes(203)) - Scheduled health check for volume org.apache.hadoop.ozone.container.common.volume.HddsVolume@6d5fc2ca
2019-07-15 13:55:07,533 INFO  impl.RaftServerProxy (ConfUtils.java:logGet(43)) - raft.rpc.type = GRPC (default)
2019-07-15 13:55:07,533 INFO  grpc.GrpcFactory (GrpcFactory.java:checkPooledByteBufAllocatorUseCacheForAllThreads(45)) - PERFORMANCE WARNING: useCacheForAllThreads is true that may cause Netty to create a lot garbage objects and, as a result, trigger GC.
	It is recommended to disable useCacheForAllThreads by setting -Dorg.apache.ratis.thirdparty.io.netty.allocator.useCacheForAllThreads=false in command line.
2019-07-15 13:55:07,534 INFO  grpc.GrpcConfigKeys$Server (ConfUtils.java:logGet(43)) - raft.grpc.server.port = 0 (default)
2019-07-15 13:55:07,534 INFO  server.GrpcService (ConfUtils.java:logGet(43)) - raft.grpc.message.size.max = 33570816 (custom)
2019-07-15 13:55:07,534 INFO  server.RaftServerConfigKeys (ConfUtils.java:logGet(43)) - raft.server.log.appender.buffer.byte-limit = 33554432 (custom)
2019-07-15 13:55:07,534 INFO  server.GrpcService (ConfUtils.java:logGet(43)) - raft.grpc.flow.control.window = 1MB (=1048576) (default)
2019-07-15 13:55:07,534 INFO  server.RaftServerConfigKeys (ConfUtils.java:logGet(43)) - raft.server.rpc.request.timeout = 3000ms (default)
2019-07-15 13:55:07,535 INFO  server.RaftServerConfigKeys (ConfUtils.java:logGet(43)) - raft.server.storage.dir = [/workdir/hadoop-ozone/integration-test/target/test-dir/MiniOzoneClusterImpl-fa28b9af-4596-4992-971b-e70be8aa423d/datanode-5/data/ratis] (custom)
2019-07-15 13:55:07,535 INFO  replication.SimpleContainerDownloader (SimpleContainerDownloader.java:<init>(72)) - Starting container downloader service to copy containers to replicate.
2019-07-15 13:55:07,536 INFO  hdfs.DFSUtil (DFSUtil.java:httpServerTemplateForNNAndJN(1641)) - Starting Web-server for hddsDatanode at: http://0.0.0.0:0
2019-07-15 13:55:07,537 INFO  server.AuthenticationFilter (AuthenticationFilter.java:constructSecretProvider(240)) - Unable to initialize FileSignerSecretProvider, falling back to use random secrets.
2019-07-15 13:55:07,538 WARN  http.HttpRequestLog (HttpRequestLog.java:getRequestLog(97)) - Jetty request log can only be enabled using Log4j
2019-07-15 13:55:07,539 INFO  http.HttpServer2 (HttpServer2.java:addGlobalFilter(975)) - Added global filter 'safety' (class=org.apache.hadoop.http.HttpServer2$QuotingInputFilter)
2019-07-15 13:55:07,539 INFO  http.HttpServer2 (HttpServer2.java:addFilter(948)) - Added filter static_user_filter (class=org.apache.hadoop.http.lib.StaticUserWebFilter$StaticUserFilter) to context hddsDatanode
2019-07-15 13:55:07,539 INFO  http.HttpServer2 (HttpServer2.java:addFilter(958)) - Added filter static_user_filter (class=org.apache.hadoop.http.lib.StaticUserWebFilter$StaticUserFilter) to context static
2019-07-15 13:55:07,539 INFO  http.HttpServer2 (HttpServer2.java:addFilter(958)) - Added filter static_user_filter (class=org.apache.hadoop.http.lib.StaticUserWebFilter$StaticUserFilter) to context logs
2019-07-15 13:55:07,540 INFO  http.HttpServer2 (HttpServer2.java:bindListener(1191)) - Jetty bound to port 35065
2019-07-15 13:55:07,540 INFO  server.Server (Server.java:doStart(351)) - jetty-9.3.24.v20180605, build timestamp: 2018-06-05T17:11:56Z, git hash: 84205aa28f11a4f31f2a3b86d1bba2cc8ab69827
2019-07-15 13:55:07,541 INFO  handler.ContextHandler (ContextHandler.java:doStart(781)) - Started o.e.j.s.ServletContextHandler@44496e0c{/logs,file:///workdir/hadoop-ozone/integration-test/target/log,AVAILABLE}
2019-07-15 13:55:07,542 INFO  handler.ContextHandler (ContextHandler.java:doStart(781)) - Started o.e.j.s.ServletContextHandler@315f5ffb{/static,jar:file:/home/user/.m2/repository/org/apache/hadoop/hadoop-hdds-container-service/0.5.0-SNAPSHOT/hadoop-hdds-container-service-0.5.0-SNAPSHOT.jar!/webapps/static,AVAILABLE}
2019-07-15 13:55:07,569 INFO  handler.ContextHandler (ContextHandler.java:doStart(781)) - Started o.e.j.w.WebAppContext@76639714{/,file:///tmp/jetty-0.0.0.0-35065-hddsDatanode-_-any-2912350821220078054.dir/webapp/,AVAILABLE}{/hddsDatanode}
2019-07-15 13:55:07,569 INFO  server.AbstractConnector (AbstractConnector.java:doStart(278)) - Started ServerConnector@1a26f595{HTTP/1.1,[http/1.1]}{0.0.0.0:35065}
2019-07-15 13:55:07,570 INFO  server.Server (Server.java:doStart(419)) - Started @702575ms
2019-07-15 13:55:07,571 INFO  server.BaseHttpServer (BaseHttpServer.java:updateConnectorAddress(207)) - HTTP server of HDDSDATANODE is listening at http://0.0.0.0:35065
2019-07-15 13:55:07,666 INFO  ozone.HddsDatanodeService (HddsDatanodeService.java:startPlugins(396)) - Started plug-in org.apache.hadoop.ozone.web.OzoneHddsDatanodeService@3835f6f9
2019-07-15 13:55:07,667 INFO  impl.MetricsSystemImpl (MetricsSystemImpl.java:init(158)) - HddsDatanode metrics system started (again)
2019-07-15 13:55:07,670 INFO  ozone.HddsDatanodeService (HddsDatanodeService.java:start(185)) - HddsDatanodeService host:trunk-nightly-hvlc9-701369690 ip:192.168.157.240
2019-07-15 13:55:07,671 INFO  util.JvmPauseMonitor (JvmPauseMonitor.java:run(188)) - Starting JVM pause monitor
2019-07-15 13:55:07,672 INFO  datanode.InitDatanodeState (InitDatanodeState.java:persistContainerDatanodeDetails(140)) - DatanodeDetails is persisted to /workdir/hadoop-ozone/integration-test/target/test-dir/MiniOzoneClusterImpl-fa28b9af-4596-4992-971b-e70be8aa423d/datanode-5/meta/datanode.id
2019-07-15 13:55:07,684 INFO  volume.HddsVolume (HddsVolume.java:<init>(176)) - Creating Volume: /workdir/hadoop-ozone/integration-test/target/test-dir/MiniOzoneClusterImpl-fa28b9af-4596-4992-971b-e70be8aa423d/datanode-6/data/containers/hdds of  storage type : DISK and capacity : 52710309888
2019-07-15 13:55:07,684 INFO  volume.VolumeSet (VolumeSet.java:initializeVolumeSet(170)) - Added Volume : /workdir/hadoop-ozone/integration-test/target/test-dir/MiniOzoneClusterImpl-fa28b9af-4596-4992-971b-e70be8aa423d/datanode-6/data/containers/hdds to VolumeSet
2019-07-15 13:55:07,685 INFO  volume.ThrottledAsyncChecker (ThrottledAsyncChecker.java:schedule(140)) - Scheduling a check for org.apache.hadoop.ozone.container.common.volume.HddsVolume@7cc7a0ca
2019-07-15 13:55:07,685 INFO  volume.HddsVolumeChecker (HddsVolumeChecker.java:checkAllVolumes(203)) - Scheduled health check for volume org.apache.hadoop.ozone.container.common.volume.HddsVolume@7cc7a0ca
2019-07-15 13:55:07,697 INFO  impl.RaftServerProxy (ConfUtils.java:logGet(43)) - raft.rpc.type = GRPC (default)
2019-07-15 13:55:07,698 INFO  grpc.GrpcFactory (GrpcFactory.java:checkPooledByteBufAllocatorUseCacheForAllThreads(45)) - PERFORMANCE WARNING: useCacheForAllThreads is true that may cause Netty to create a lot garbage objects and, as a result, trigger GC.
	It is recommended to disable useCacheForAllThreads by setting -Dorg.apache.ratis.thirdparty.io.netty.allocator.useCacheForAllThreads=false in command line.
2019-07-15 13:55:07,698 INFO  grpc.GrpcConfigKeys$Server (ConfUtils.java:logGet(43)) - raft.grpc.server.port = 0 (default)
2019-07-15 13:55:07,698 INFO  server.GrpcService (ConfUtils.java:logGet(43)) - raft.grpc.message.size.max = 33570816 (custom)
2019-07-15 13:55:07,698 INFO  server.RaftServerConfigKeys (ConfUtils.java:logGet(43)) - raft.server.log.appender.buffer.byte-limit = 33554432 (custom)
2019-07-15 13:55:07,698 INFO  server.GrpcService (ConfUtils.java:logGet(43)) - raft.grpc.flow.control.window = 1MB (=1048576) (default)
2019-07-15 13:55:07,698 INFO  server.RaftServerConfigKeys (ConfUtils.java:logGet(43)) - raft.server.rpc.request.timeout = 3000ms (default)
2019-07-15 13:55:07,699 INFO  server.RaftServerConfigKeys (ConfUtils.java:logGet(43)) - raft.server.storage.dir = [/workdir/hadoop-ozone/integration-test/target/test-dir/MiniOzoneClusterImpl-fa28b9af-4596-4992-971b-e70be8aa423d/datanode-6/data/ratis] (custom)
2019-07-15 13:55:07,699 INFO  replication.SimpleContainerDownloader (SimpleContainerDownloader.java:<init>(72)) - Starting container downloader service to copy containers to replicate.
2019-07-15 13:55:07,700 INFO  hdfs.DFSUtil (DFSUtil.java:httpServerTemplateForNNAndJN(1641)) - Starting Web-server for hddsDatanode at: http://0.0.0.0:0
2019-07-15 13:55:07,701 INFO  server.AuthenticationFilter (AuthenticationFilter.java:constructSecretProvider(240)) - Unable to initialize FileSignerSecretProvider, falling back to use random secrets.
2019-07-15 13:55:07,701 WARN  http.HttpRequestLog (HttpRequestLog.java:getRequestLog(97)) - Jetty request log can only be enabled using Log4j
2019-07-15 13:55:07,702 INFO  http.HttpServer2 (HttpServer2.java:addGlobalFilter(975)) - Added global filter 'safety' (class=org.apache.hadoop.http.HttpServer2$QuotingInputFilter)
2019-07-15 13:55:07,702 INFO  http.HttpServer2 (HttpServer2.java:addFilter(948)) - Added filter static_user_filter (class=org.apache.hadoop.http.lib.StaticUserWebFilter$StaticUserFilter) to context hddsDatanode
2019-07-15 13:55:07,703 INFO  http.HttpServer2 (HttpServer2.java:addFilter(958)) - Added filter static_user_filter (class=org.apache.hadoop.http.lib.StaticUserWebFilter$StaticUserFilter) to context logs
2019-07-15 13:55:07,703 INFO  http.HttpServer2 (HttpServer2.java:addFilter(958)) - Added filter static_user_filter (class=org.apache.hadoop.http.lib.StaticUserWebFilter$StaticUserFilter) to context static
2019-07-15 13:55:07,703 INFO  http.HttpServer2 (HttpServer2.java:bindListener(1191)) - Jetty bound to port 38396
2019-07-15 13:55:07,703 INFO  server.Server (Server.java:doStart(351)) - jetty-9.3.24.v20180605, build timestamp: 2018-06-05T17:11:56Z, git hash: 84205aa28f11a4f31f2a3b86d1bba2cc8ab69827
2019-07-15 13:55:07,705 INFO  handler.ContextHandler (ContextHandler.java:doStart(781)) - Started o.e.j.s.ServletContextHandler@705b4359{/logs,file:///workdir/hadoop-ozone/integration-test/target/log,AVAILABLE}
2019-07-15 13:55:07,705 INFO  handler.ContextHandler (ContextHandler.java:doStart(781)) - Started o.e.j.s.ServletContextHandler@5ecc8114{/static,jar:file:/home/user/.m2/repository/org/apache/hadoop/hadoop-hdds-container-service/0.5.0-SNAPSHOT/hadoop-hdds-container-service-0.5.0-SNAPSHOT.jar!/webapps/static,AVAILABLE}
2019-07-15 13:55:07,731 INFO  handler.ContextHandler (ContextHandler.java:doStart(781)) - Started o.e.j.w.WebAppContext@33cbd883{/,file:///tmp/jetty-0.0.0.0-38396-hddsDatanode-_-any-1550339231528392268.dir/webapp/,AVAILABLE}{/hddsDatanode}
2019-07-15 13:55:07,731 INFO  server.AbstractConnector (AbstractConnector.java:doStart(278)) - Started ServerConnector@735b2605{HTTP/1.1,[http/1.1]}{0.0.0.0:38396}
2019-07-15 13:55:07,732 INFO  server.Server (Server.java:doStart(419)) - Started @702738ms
2019-07-15 13:55:07,733 INFO  server.BaseHttpServer (BaseHttpServer.java:updateConnectorAddress(207)) - HTTP server of HDDSDATANODE is listening at http://0.0.0.0:38396
2019-07-15 13:55:07,828 INFO  ozone.HddsDatanodeService (HddsDatanodeService.java:startPlugins(396)) - Started plug-in org.apache.hadoop.ozone.web.OzoneHddsDatanodeService@74037f9b
2019-07-15 13:55:07,828 INFO  ozone.MiniOzoneClusterImpl (MiniOzoneClusterImpl.java:lambda$waitForClusterToBeReady$0(142)) - Waiting for cluster to be ready. Got 0 of 7 DN Heartbeats.
2019-07-15 13:55:07,832 INFO  util.JvmPauseMonitor (JvmPauseMonitor.java:run(188)) - Starting JVM pause monitor
2019-07-15 13:55:07,833 INFO  datanode.InitDatanodeState (InitDatanodeState.java:persistContainerDatanodeDetails(140)) - DatanodeDetails is persisted to /workdir/hadoop-ozone/integration-test/target/test-dir/MiniOzoneClusterImpl-fa28b9af-4596-4992-971b-e70be8aa423d/datanode-6/meta/datanode.id
2019-07-15 13:55:08,823 INFO  ozoneimpl.OzoneContainer (OzoneContainer.java:start(186)) - Attempting to start container services.
2019-07-15 13:55:08,826 INFO  ozoneimpl.OzoneContainer (OzoneContainer.java:startContainerScrub(160)) - Background container scrubber has been disabled by hdds.containerscrub.enabled
2019-07-15 13:55:08,826 INFO  ratis.XceiverServerRatis (XceiverServerRatis.java:start(418)) - Starting XceiverServerRatis 46567dc6-cf2d-4106-8d3b-c9237d36b748 at port 0
2019-07-15 13:55:08,828 INFO  ozone.MiniOzoneClusterImpl (MiniOzoneClusterImpl.java:lambda$waitForClusterToBeReady$0(142)) - Waiting for cluster to be ready. Got 0 of 7 DN Heartbeats.
2019-07-15 13:55:08,833 INFO  impl.RaftServerProxy (RaftServerProxy.java:lambda$start$3(299)) - 46567dc6-cf2d-4106-8d3b-c9237d36b748: start RPC server
2019-07-15 13:55:08,835 INFO  server.GrpcService (GrpcService.java:startImpl(149)) - 46567dc6-cf2d-4106-8d3b-c9237d36b748: GrpcService started, listening on 0.0.0.0/0.0.0.0:38175
2019-07-15 13:55:08,835 INFO  ratis.XceiverServerRatis (XceiverServerRatis.java:start(428)) - XceiverServerRatis 46567dc6-cf2d-4106-8d3b-c9237d36b748 is started using port 38175
2019-07-15 13:55:08,835 INFO  server.XceiverServerGrpc (XceiverServerGrpc.java:start(161)) - XceiverServerGrpc 46567dc6-cf2d-4106-8d3b-c9237d36b748 is started using port 36931
2019-07-15 13:55:09,024 INFO  ozoneimpl.OzoneContainer (OzoneContainer.java:start(186)) - Attempting to start container services.
2019-07-15 13:55:09,032 INFO  ozoneimpl.OzoneContainer (OzoneContainer.java:startContainerScrub(160)) - Background container scrubber has been disabled by hdds.containerscrub.enabled
2019-07-15 13:55:09,032 INFO  ratis.XceiverServerRatis (XceiverServerRatis.java:start(418)) - Starting XceiverServerRatis 9710020f-1df5-4517-aaee-879ceba01d63 at port 0
2019-07-15 13:55:09,040 INFO  impl.RaftServerProxy (RaftServerProxy.java:lambda$start$3(299)) - 9710020f-1df5-4517-aaee-879ceba01d63: start RPC server
2019-07-15 13:55:09,041 INFO  server.GrpcService (GrpcService.java:startImpl(149)) - 9710020f-1df5-4517-aaee-879ceba01d63: GrpcService started, listening on 0.0.0.0/0.0.0.0:37782
2019-07-15 13:55:09,041 INFO  ratis.XceiverServerRatis (XceiverServerRatis.java:start(428)) - XceiverServerRatis 9710020f-1df5-4517-aaee-879ceba01d63 is started using port 37782
2019-07-15 13:55:09,042 INFO  server.XceiverServerGrpc (XceiverServerGrpc.java:start(161)) - XceiverServerGrpc 9710020f-1df5-4517-aaee-879ceba01d63 is started using port 38504
2019-07-15 13:55:09,189 INFO  ozoneimpl.OzoneContainer (OzoneContainer.java:start(186)) - Attempting to start container services.
2019-07-15 13:55:09,189 INFO  ozoneimpl.OzoneContainer (OzoneContainer.java:startContainerScrub(160)) - Background container scrubber has been disabled by hdds.containerscrub.enabled
2019-07-15 13:55:09,189 INFO  ratis.XceiverServerRatis (XceiverServerRatis.java:start(418)) - Starting XceiverServerRatis 28d81efa-a30c-462a-b619-b6bf87a2135a at port 0
2019-07-15 13:55:09,197 INFO  impl.RaftServerProxy (RaftServerProxy.java:lambda$start$3(299)) - 28d81efa-a30c-462a-b619-b6bf87a2135a: start RPC server
2019-07-15 13:55:09,204 INFO  server.GrpcService (GrpcService.java:startImpl(149)) - 28d81efa-a30c-462a-b619-b6bf87a2135a: GrpcService started, listening on 0.0.0.0/0.0.0.0:41476
2019-07-15 13:55:09,204 INFO  ratis.XceiverServerRatis (XceiverServerRatis.java:start(428)) - XceiverServerRatis 28d81efa-a30c-462a-b619-b6bf87a2135a is started using port 41476
2019-07-15 13:55:09,210 INFO  server.XceiverServerGrpc (XceiverServerGrpc.java:start(161)) - XceiverServerGrpc 28d81efa-a30c-462a-b619-b6bf87a2135a is started using port 34840
2019-07-15 13:55:09,349 INFO  ozoneimpl.OzoneContainer (OzoneContainer.java:start(186)) - Attempting to start container services.
2019-07-15 13:55:09,350 INFO  ozoneimpl.OzoneContainer (OzoneContainer.java:startContainerScrub(160)) - Background container scrubber has been disabled by hdds.containerscrub.enabled
2019-07-15 13:55:09,350 INFO  ratis.XceiverServerRatis (XceiverServerRatis.java:start(418)) - Starting XceiverServerRatis 0f241cde-c091-46a2-a1c2-284ac60930d7 at port 0
2019-07-15 13:55:09,358 INFO  impl.RaftServerProxy (RaftServerProxy.java:lambda$start$3(299)) - 0f241cde-c091-46a2-a1c2-284ac60930d7: start RPC server
2019-07-15 13:55:09,358 INFO  server.GrpcService (GrpcService.java:startImpl(149)) - 0f241cde-c091-46a2-a1c2-284ac60930d7: GrpcService started, listening on 0.0.0.0/0.0.0.0:46235
2019-07-15 13:55:09,359 INFO  ratis.XceiverServerRatis (XceiverServerRatis.java:start(428)) - XceiverServerRatis 0f241cde-c091-46a2-a1c2-284ac60930d7 is started using port 46235
2019-07-15 13:55:09,359 INFO  server.XceiverServerGrpc (XceiverServerGrpc.java:start(161)) - XceiverServerGrpc 0f241cde-c091-46a2-a1c2-284ac60930d7 is started using port 39491
2019-07-15 13:55:09,518 INFO  ozoneimpl.OzoneContainer (OzoneContainer.java:start(186)) - Attempting to start container services.
2019-07-15 13:55:09,518 INFO  ozoneimpl.OzoneContainer (OzoneContainer.java:startContainerScrub(160)) - Background container scrubber has been disabled by hdds.containerscrub.enabled
2019-07-15 13:55:09,518 INFO  ratis.XceiverServerRatis (XceiverServerRatis.java:start(418)) - Starting XceiverServerRatis 2d00b472-dcb0-4605-bb91-77e4ea37b1c7 at port 0
2019-07-15 13:55:09,526 INFO  impl.RaftServerProxy (RaftServerProxy.java:lambda$start$3(299)) - 2d00b472-dcb0-4605-bb91-77e4ea37b1c7: start RPC server
2019-07-15 13:55:09,527 INFO  server.GrpcService (GrpcService.java:startImpl(149)) - 2d00b472-dcb0-4605-bb91-77e4ea37b1c7: GrpcService started, listening on 0.0.0.0/0.0.0.0:46738
2019-07-15 13:55:09,527 INFO  ratis.XceiverServerRatis (XceiverServerRatis.java:start(428)) - XceiverServerRatis 2d00b472-dcb0-4605-bb91-77e4ea37b1c7 is started using port 46738
2019-07-15 13:55:09,528 INFO  server.XceiverServerGrpc (XceiverServerGrpc.java:start(161)) - XceiverServerGrpc 2d00b472-dcb0-4605-bb91-77e4ea37b1c7 is started using port 37224
2019-07-15 13:55:09,685 INFO  ozoneimpl.OzoneContainer (OzoneContainer.java:start(186)) - Attempting to start container services.
2019-07-15 13:55:09,686 INFO  ozoneimpl.OzoneContainer (OzoneContainer.java:startContainerScrub(160)) - Background container scrubber has been disabled by hdds.containerscrub.enabled
2019-07-15 13:55:09,686 INFO  ratis.XceiverServerRatis (XceiverServerRatis.java:start(418)) - Starting XceiverServerRatis 3b6b5b8d-d680-46f1-bfb8-d706f5b52170 at port 0
2019-07-15 13:55:09,693 INFO  impl.RaftServerProxy (RaftServerProxy.java:lambda$start$3(299)) - 3b6b5b8d-d680-46f1-bfb8-d706f5b52170: start RPC server
2019-07-15 13:55:09,694 INFO  server.GrpcService (GrpcService.java:startImpl(149)) - 3b6b5b8d-d680-46f1-bfb8-d706f5b52170: GrpcService started, listening on 0.0.0.0/0.0.0.0:42439
2019-07-15 13:55:09,694 INFO  ratis.XceiverServerRatis (XceiverServerRatis.java:start(428)) - XceiverServerRatis 3b6b5b8d-d680-46f1-bfb8-d706f5b52170 is started using port 42439
2019-07-15 13:55:09,694 INFO  server.XceiverServerGrpc (XceiverServerGrpc.java:start(161)) - XceiverServerGrpc 3b6b5b8d-d680-46f1-bfb8-d706f5b52170 is started using port 46291
2019-07-15 13:55:09,829 INFO  ozone.MiniOzoneClusterImpl (MiniOzoneClusterImpl.java:lambda$waitForClusterToBeReady$0(142)) - Waiting for cluster to be ready. Got 0 of 7 DN Heartbeats.
2019-07-15 13:55:09,847 INFO  ozoneimpl.OzoneContainer (OzoneContainer.java:start(186)) - Attempting to start container services.
2019-07-15 13:55:09,847 INFO  ozoneimpl.OzoneContainer (OzoneContainer.java:startContainerScrub(160)) - Background container scrubber has been disabled by hdds.containerscrub.enabled
2019-07-15 13:55:09,847 INFO  ratis.XceiverServerRatis (XceiverServerRatis.java:start(418)) - Starting XceiverServerRatis e1bb9e9b-8b84-4f32-923d-1277e702def5 at port 0
2019-07-15 13:55:09,854 INFO  impl.RaftServerProxy (RaftServerProxy.java:lambda$start$3(299)) - e1bb9e9b-8b84-4f32-923d-1277e702def5: start RPC server
2019-07-15 13:55:09,855 INFO  server.GrpcService (GrpcService.java:startImpl(149)) - e1bb9e9b-8b84-4f32-923d-1277e702def5: GrpcService started, listening on 0.0.0.0/0.0.0.0:46486
2019-07-15 13:55:09,855 INFO  ratis.XceiverServerRatis (XceiverServerRatis.java:start(428)) - XceiverServerRatis e1bb9e9b-8b84-4f32-923d-1277e702def5 is started using port 46486
2019-07-15 13:55:09,855 INFO  server.XceiverServerGrpc (XceiverServerGrpc.java:start(161)) - XceiverServerGrpc e1bb9e9b-8b84-4f32-923d-1277e702def5 is started using port 40980
2019-07-15 13:55:10,804 INFO  net.NetworkTopology (NetworkTopologyImpl.java:add(110)) - Added a new node: /default-rack/192.168.157.240
2019-07-15 13:55:10,808 INFO  node.SCMNodeManager (SCMNodeManager.java:register(269)) - Registered Data node : 46567dc6-cf2d-4106-8d3b-c9237d36b748{ip: 192.168.157.240, host: trunk-nightly-hvlc9-701369690, networkLocation: /default-rack, certSerialId: null}
2019-07-15 13:55:10,808 INFO  safemode.SCMSafeModeManager (DataNodeSafeModeRule.java:process(71)) - SCM in safe mode. 1 DataNodes registered, 1 required.
2019-07-15 13:55:10,811 INFO  safemode.SCMSafeModeManager (SCMSafeModeManager.java:validateSafeModeExitRules(177)) - ScmSafeModeManager, all rules are successfully validated
2019-07-15 13:55:10,812 INFO  safemode.SCMSafeModeManager (SCMSafeModeManager.java:exitSafeMode(193)) - SCM exiting safe mode.
2019-07-15 13:55:10,822 INFO  impl.RaftServerProxy (RaftServerProxy.java:addNew(89)) - 46567dc6-cf2d-4106-8d3b-c9237d36b748: addNew group-8C4055CDCA2F:[46567dc6-cf2d-4106-8d3b-c9237d36b748:192.168.157.240:38175] returns group-8C4055CDCA2F:java.util.concurrent.CompletableFuture@114d528c[Not completed]
2019-07-15 13:55:10,824 INFO  impl.RaftServerImpl (RaftServerImpl.java:<init>(93)) - 46567dc6-cf2d-4106-8d3b-c9237d36b748: new RaftServerImpl for group-8C4055CDCA2F:[46567dc6-cf2d-4106-8d3b-c9237d36b748:192.168.157.240:38175] with ContainerStateMachine:uninitialized
2019-07-15 13:55:10,824 INFO  server.RaftServerConfigKeys (ConfUtils.java:logGet(43)) - raft.server.rpc.timeout.min = 5s (custom)
2019-07-15 13:55:10,824 INFO  server.RaftServerConfigKeys (ConfUtils.java:logGet(43)) - raft.server.rpc.timeout.max = 5200ms (custom)
2019-07-15 13:55:10,824 INFO  server.RaftServerConfigKeys (ConfUtils.java:logGet(43)) - raft.server.rpcslowness.timeout = 120s (custom)
2019-07-15 13:55:10,824 INFO  server.RaftServerConfigKeys (ConfUtils.java:logGet(43)) - raft.server.sleep.deviation.threshold = 300 (default)
2019-07-15 13:55:10,824 INFO  server.RaftServerConfigKeys (ConfUtils.java:logGet(43)) - raft.server.log.appender.install.snapshot.enabled = false (custom)
2019-07-15 13:55:10,824 INFO  impl.RaftServerImpl (ServerState.java:<init>(105)) - 46567dc6-cf2d-4106-8d3b-c9237d36b748:group-8C4055CDCA2F ConfigurationManager, init=-1: [46567dc6-cf2d-4106-8d3b-c9237d36b748:192.168.157.240:38175], old=null, confs=<EMPTY_MAP>
2019-07-15 13:55:10,825 INFO  server.RaftServerConfigKeys (ConfUtils.java:logGet(43)) - raft.server.storage.dir = [/workdir/hadoop-ozone/integration-test/target/test-dir/MiniOzoneClusterImpl-fa28b9af-4596-4992-971b-e70be8aa423d/datanode-0/data/ratis] (custom)
2019-07-15 13:55:10,825 INFO  storage.RaftStorageDirectory (RaftStorageDirectory.java:analyzeStorage(246)) - The storage directory /workdir/hadoop-ozone/integration-test/target/test-dir/MiniOzoneClusterImpl-fa28b9af-4596-4992-971b-e70be8aa423d/datanode-0/data/ratis/dd0d7bd1-0064-4ef3-9224-8c4055cdca2f does not exist. Creating ...
2019-07-15 13:55:10,829 INFO  ozone.MiniOzoneClusterImpl (MiniOzoneClusterImpl.java:lambda$waitForClusterToBeReady$0(142)) - Waiting for cluster to be ready. Got 1 of 7 DN Heartbeats.
2019-07-15 13:55:10,839 INFO  storage.RaftStorageDirectory (RaftStorageDirectory.java:tryLock(328)) - Lock on /workdir/hadoop-ozone/integration-test/target/test-dir/MiniOzoneClusterImpl-fa28b9af-4596-4992-971b-e70be8aa423d/datanode-0/data/ratis/dd0d7bd1-0064-4ef3-9224-8c4055cdca2f/in_use.lock acquired by nodename 27196@trunk-nightly-hvlc9-701369690
2019-07-15 13:55:10,852 INFO  storage.RaftStorage (RaftStorage.java:format(72)) - Storage directory /workdir/hadoop-ozone/integration-test/target/test-dir/MiniOzoneClusterImpl-fa28b9af-4596-4992-971b-e70be8aa423d/datanode-0/data/ratis/dd0d7bd1-0064-4ef3-9224-8c4055cdca2f has been successfully formatted.
2019-07-15 13:55:10,853 INFO  ratis.ContainerStateMachine (ContainerStateMachine.java:loadSnapshot(200)) - group-8C4055CDCA2F: The snapshot info is null. Setting the last applied indexto:(t:0, i:~)
2019-07-15 13:55:10,853 INFO  server.RaftServerConfigKeys (ConfUtils.java:logGet(43)) - raft.server.leader.election.timeout = 120s (custom)
2019-07-15 13:55:10,853 INFO  server.RaftServerConfigKeys (ConfUtils.java:logGet(43)) - raft.server.log.use.memory = false (default)
2019-07-15 13:55:10,853 INFO  server.RaftServerConfigKeys (ConfUtils.java:logGet(43)) - raft.server.log.purge.gap = 1000000000 (custom)
2019-07-15 13:55:10,853 INFO  server.RaftServerConfigKeys (ConfUtils.java:logGet(43)) - raft.server.log.appender.buffer.byte-limit = 33554432 (custom)
2019-07-15 13:55:10,853 INFO  server.RaftServerConfigKeys (ConfUtils.java:logGet(43)) - raft.server.log.segment.size.max = 1048576 (custom)
2019-07-15 13:55:10,854 INFO  server.RaftServerConfigKeys (ConfUtils.java:logGet(43)) - raft.server.log.segment.cache.num.max = 2 (custom)
2019-07-15 13:55:10,854 INFO  segmented.SegmentedRaftLogWorker (SegmentedRaftLogWorker.java:<init>(172)) - new 46567dc6-cf2d-4106-8d3b-c9237d36b748-SegmentedRaftLogWorker:Storage Directory /workdir/hadoop-ozone/integration-test/target/test-dir/MiniOzoneClusterImpl-fa28b9af-4596-4992-971b-e70be8aa423d/datanode-0/data/ratis/dd0d7bd1-0064-4ef3-9224-8c4055cdca2f for RaftStorage:Storage Directory /workdir/hadoop-ozone/integration-test/target/test-dir/MiniOzoneClusterImpl-fa28b9af-4596-4992-971b-e70be8aa423d/datanode-0/data/ratis/dd0d7bd1-0064-4ef3-9224-8c4055cdca2f
2019-07-15 13:55:10,854 INFO  server.RaftServerConfigKeys (ConfUtils.java:logGet(43)) - raft.server.log.queue.byte-limit = 2147483647 (custom)
2019-07-15 13:55:10,854 INFO  server.RaftServerConfigKeys (ConfUtils.java:logGet(43)) - raft.server.log.queue.element-limit = 1024 (custom)
2019-07-15 13:55:10,854 INFO  server.RaftServerConfigKeys (ConfUtils.java:logGet(43)) - raft.server.log.segment.size.max = 1048576 (custom)
2019-07-15 13:55:10,855 INFO  server.RaftServerConfigKeys (ConfUtils.java:logGet(43)) - raft.server.log.preallocated.size = 16384 (custom)
2019-07-15 13:55:10,855 INFO  server.RaftServerConfigKeys (ConfUtils.java:logGet(43)) - raft.server.log.write.buffer.size = 33554432 (custom)
2019-07-15 13:55:10,855 INFO  server.RaftServerConfigKeys (ConfUtils.java:logGet(43)) - raft.server.log.force.sync.num = 128 (default)
2019-07-15 13:55:10,855 INFO  server.RaftServerConfigKeys (ConfUtils.java:logGet(43)) - raft.server.log.statemachine.data.sync = true (default)
2019-07-15 13:55:10,855 INFO  server.RaftServerConfigKeys (ConfUtils.java:logGet(43)) - raft.server.log.statemachine.data.sync.timeout = 10s (default)
2019-07-15 13:55:10,855 INFO  server.RaftServerConfigKeys (ConfUtils.java:logGet(43)) - raft.server.log.statemachine.data.sync.timeout.retry = -1 (default)
2019-07-15 13:55:10,856 INFO  server.RaftServerConfigKeys (ConfUtils.java:logGet(43)) - raft.server.log.statemachine.data.caching.enabled = true (custom)
2019-07-15 13:55:10,856 INFO  segmented.SegmentedRaftLogWorker (SegmentedRaftLogWorker.java:lambda$new$0(132)) - 46567dc6-cf2d-4106-8d3b-c9237d36b748-SegmentedRaftLogWorker:Storage Directory /workdir/hadoop-ozone/integration-test/target/test-dir/MiniOzoneClusterImpl-fa28b9af-4596-4992-971b-e70be8aa423d/datanode-0/data/ratis/dd0d7bd1-0064-4ef3-9224-8c4055cdca2f: flushIndex: setUnconditionally 0 -> -1
2019-07-15 13:55:10,856 INFO  server.RaftServerConfigKeys (ConfUtils.java:logGet(43)) - raft.server.snapshot.auto.trigger.enabled = true (custom)
2019-07-15 13:55:10,857 INFO  server.RaftServerConfigKeys (ConfUtils.java:logGet(43)) - raft.server.snapshot.auto.trigger.threshold = 10000 (custom)
2019-07-15 13:55:10,857 INFO  server.RaftServerConfigKeys (ConfUtils.java:logGet(43)) - raft.server.retrycache.expirytime = 600000ms (custom)
2019-07-15 13:55:10,857 INFO  impl.RaftServerImpl (RaftServerImpl.java:start(180)) - 46567dc6-cf2d-4106-8d3b-c9237d36b748: start group-8C4055CDCA2F
2019-07-15 13:55:10,857 INFO  impl.RaftServerImpl (RaftServerImpl.java:setRole(171)) - 46567dc6-cf2d-4106-8d3b-c9237d36b748:group-8C4055CDCA2F changes role from null to FOLLOWER at term 0 for startAsFollower
2019-07-15 13:55:10,857 INFO  impl.RoleInfo (RoleInfo.java:updateAndGet(143)) - 46567dc6-cf2d-4106-8d3b-c9237d36b748: start FollowerState
2019-07-15 13:55:10,858 INFO  util.JmxRegister (JmxRegister.java:tryRegister(44)) - Successfully registered JMX Bean with object name Ratis:service=RaftServer,group=group-8C4055CDCA2F,id=46567dc6-cf2d-4106-8d3b-c9237d36b748
2019-07-15 13:55:10,860 INFO  pipeline.PipelineStateManager (PipelineStateManager.java:addPipeline(56)) - Created pipeline Pipeline[ Id: dd0d7bd1-0064-4ef3-9224-8c4055cdca2f, Nodes: 46567dc6-cf2d-4106-8d3b-c9237d36b748{ip: 192.168.157.240, host: trunk-nightly-hvlc9-701369690, networkLocation: /default-rack, certSerialId: null}, Type:RATIS, Factor:ONE, State:OPEN]
2019-07-15 13:55:11,011 INFO  node.SCMNodeManager (SCMNodeManager.java:register(269)) - Registered Data node : 9710020f-1df5-4517-aaee-879ceba01d63{ip: 192.168.157.240, host: trunk-nightly-hvlc9-701369690, networkLocation: /default-rack, certSerialId: null}
2019-07-15 13:55:11,029 INFO  impl.RaftServerProxy (RaftServerProxy.java:addNew(89)) - 9710020f-1df5-4517-aaee-879ceba01d63: addNew group-421B7FE86CB9:[9710020f-1df5-4517-aaee-879ceba01d63:192.168.157.240:37782] returns group-421B7FE86CB9:java.util.concurrent.CompletableFuture@30dc84c6[Not completed]
2019-07-15 13:55:11,030 INFO  impl.RaftServerImpl (RaftServerImpl.java:<init>(93)) - 9710020f-1df5-4517-aaee-879ceba01d63: new RaftServerImpl for group-421B7FE86CB9:[9710020f-1df5-4517-aaee-879ceba01d63:192.168.157.240:37782] with ContainerStateMachine:uninitialized
2019-07-15 13:55:11,030 INFO  server.RaftServerConfigKeys (ConfUtils.java:logGet(43)) - raft.server.rpc.timeout.min = 5s (custom)
2019-07-15 13:55:11,030 INFO  server.RaftServerConfigKeys (ConfUtils.java:logGet(43)) - raft.server.rpc.timeout.max = 5200ms (custom)
2019-07-15 13:55:11,030 INFO  server.RaftServerConfigKeys (ConfUtils.java:logGet(43)) - raft.server.rpcslowness.timeout = 120s (custom)
2019-07-15 13:55:11,030 INFO  server.RaftServerConfigKeys (ConfUtils.java:logGet(43)) - raft.server.sleep.deviation.threshold = 300 (default)
2019-07-15 13:55:11,031 INFO  server.RaftServerConfigKeys (ConfUtils.java:logGet(43)) - raft.server.log.appender.install.snapshot.enabled = false (custom)
2019-07-15 13:55:11,031 INFO  impl.RaftServerImpl (ServerState.java:<init>(105)) - 9710020f-1df5-4517-aaee-879ceba01d63:group-421B7FE86CB9 ConfigurationManager, init=-1: [9710020f-1df5-4517-aaee-879ceba01d63:192.168.157.240:37782], old=null, confs=<EMPTY_MAP>
2019-07-15 13:55:11,031 INFO  server.RaftServerConfigKeys (ConfUtils.java:logGet(43)) - raft.server.storage.dir = [/workdir/hadoop-ozone/integration-test/target/test-dir/MiniOzoneClusterImpl-fa28b9af-4596-4992-971b-e70be8aa423d/datanode-1/data/ratis] (custom)
2019-07-15 13:55:11,031 INFO  storage.RaftStorageDirectory (RaftStorageDirectory.java:analyzeStorage(246)) - The storage directory /workdir/hadoop-ozone/integration-test/target/test-dir/MiniOzoneClusterImpl-fa28b9af-4596-4992-971b-e70be8aa423d/datanode-1/data/ratis/2981129b-dcef-4a5a-b9f1-421b7fe86cb9 does not exist. Creating ...
2019-07-15 13:55:11,044 INFO  storage.RaftStorageDirectory (RaftStorageDirectory.java:tryLock(328)) - Lock on /workdir/hadoop-ozone/integration-test/target/test-dir/MiniOzoneClusterImpl-fa28b9af-4596-4992-971b-e70be8aa423d/datanode-1/data/ratis/2981129b-dcef-4a5a-b9f1-421b7fe86cb9/in_use.lock acquired by nodename 27196@trunk-nightly-hvlc9-701369690
2019-07-15 13:55:11,057 INFO  storage.RaftStorage (RaftStorage.java:format(72)) - Storage directory /workdir/hadoop-ozone/integration-test/target/test-dir/MiniOzoneClusterImpl-fa28b9af-4596-4992-971b-e70be8aa423d/datanode-1/data/ratis/2981129b-dcef-4a5a-b9f1-421b7fe86cb9 has been successfully formatted.
2019-07-15 13:55:11,058 INFO  ratis.ContainerStateMachine (ContainerStateMachine.java:loadSnapshot(200)) - group-421B7FE86CB9: The snapshot info is null. Setting the last applied indexto:(t:0, i:~)
2019-07-15 13:55:11,058 INFO  server.RaftServerConfigKeys (ConfUtils.java:logGet(43)) - raft.server.leader.election.timeout = 120s (custom)
2019-07-15 13:55:11,058 INFO  server.RaftServerConfigKeys (ConfUtils.java:logGet(43)) - raft.server.log.use.memory = false (default)
2019-07-15 13:55:11,058 INFO  server.RaftServerConfigKeys (ConfUtils.java:logGet(43)) - raft.server.log.purge.gap = 1000000000 (custom)
2019-07-15 13:55:11,058 INFO  server.RaftServerConfigKeys (ConfUtils.java:logGet(43)) - raft.server.log.appender.buffer.byte-limit = 33554432 (custom)
2019-07-15 13:55:11,058 INFO  server.RaftServerConfigKeys (ConfUtils.java:logGet(43)) - raft.server.log.segment.size.max = 1048576 (custom)
2019-07-15 13:55:11,059 INFO  server.RaftServerConfigKeys (ConfUtils.java:logGet(43)) - raft.server.log.segment.cache.num.max = 2 (custom)
2019-07-15 13:55:11,059 INFO  segmented.SegmentedRaftLogWorker (SegmentedRaftLogWorker.java:<init>(172)) - new 9710020f-1df5-4517-aaee-879ceba01d63-SegmentedRaftLogWorker:Storage Directory /workdir/hadoop-ozone/integration-test/target/test-dir/MiniOzoneClusterImpl-fa28b9af-4596-4992-971b-e70be8aa423d/datanode-1/data/ratis/2981129b-dcef-4a5a-b9f1-421b7fe86cb9 for RaftStorage:Storage Directory /workdir/hadoop-ozone/integration-test/target/test-dir/MiniOzoneClusterImpl-fa28b9af-4596-4992-971b-e70be8aa423d/datanode-1/data/ratis/2981129b-dcef-4a5a-b9f1-421b7fe86cb9
2019-07-15 13:55:11,059 INFO  server.RaftServerConfigKeys (ConfUtils.java:logGet(43)) - raft.server.log.queue.byte-limit = 2147483647 (custom)
2019-07-15 13:55:11,059 INFO  server.RaftServerConfigKeys (ConfUtils.java:logGet(43)) - raft.server.log.queue.element-limit = 1024 (custom)
2019-07-15 13:55:11,059 INFO  server.RaftServerConfigKeys (ConfUtils.java:logGet(43)) - raft.server.log.segment.size.max = 1048576 (custom)
2019-07-15 13:55:11,060 INFO  server.RaftServerConfigKeys (ConfUtils.java:logGet(43)) - raft.server.log.preallocated.size = 16384 (custom)
2019-07-15 13:55:11,060 INFO  server.RaftServerConfigKeys (ConfUtils.java:logGet(43)) - raft.server.log.write.buffer.size = 33554432 (custom)
2019-07-15 13:55:11,060 INFO  server.RaftServerConfigKeys (ConfUtils.java:logGet(43)) - raft.server.log.force.sync.num = 128 (default)
2019-07-15 13:55:11,060 INFO  server.RaftServerConfigKeys (ConfUtils.java:logGet(43)) - raft.server.log.statemachine.data.sync = true (default)
2019-07-15 13:55:11,060 INFO  server.RaftServerConfigKeys (ConfUtils.java:logGet(43)) - raft.server.log.statemachine.data.sync.timeout = 10s (default)
2019-07-15 13:55:11,060 INFO  server.RaftServerConfigKeys (ConfUtils.java:logGet(43)) - raft.server.log.statemachine.data.sync.timeout.retry = -1 (default)
2019-07-15 13:55:11,061 INFO  server.RaftServerConfigKeys (ConfUtils.java:logGet(43)) - raft.server.log.statemachine.data.caching.enabled = true (custom)
2019-07-15 13:55:11,061 INFO  segmented.SegmentedRaftLogWorker (SegmentedRaftLogWorker.java:lambda$new$0(132)) - 9710020f-1df5-4517-aaee-879ceba01d63-SegmentedRaftLogWorker:Storage Directory /workdir/hadoop-ozone/integration-test/target/test-dir/MiniOzoneClusterImpl-fa28b9af-4596-4992-971b-e70be8aa423d/datanode-1/data/ratis/2981129b-dcef-4a5a-b9f1-421b7fe86cb9: flushIndex: setUnconditionally 0 -> -1
2019-07-15 13:55:11,061 INFO  server.RaftServerConfigKeys (ConfUtils.java:logGet(43)) - raft.server.snapshot.auto.trigger.enabled = true (custom)
2019-07-15 13:55:11,061 INFO  server.RaftServerConfigKeys (ConfUtils.java:logGet(43)) - raft.server.snapshot.auto.trigger.threshold = 10000 (custom)
2019-07-15 13:55:11,062 INFO  server.RaftServerConfigKeys (ConfUtils.java:logGet(43)) - raft.server.retrycache.expirytime = 600000ms (custom)
2019-07-15 13:55:11,062 INFO  impl.RaftServerImpl (RaftServerImpl.java:start(180)) - 9710020f-1df5-4517-aaee-879ceba01d63: start group-421B7FE86CB9
2019-07-15 13:55:11,062 INFO  impl.RaftServerImpl (RaftServerImpl.java:setRole(171)) - 9710020f-1df5-4517-aaee-879ceba01d63:group-421B7FE86CB9 changes role from null to FOLLOWER at term 0 for startAsFollower
2019-07-15 13:55:11,062 INFO  impl.RoleInfo (RoleInfo.java:updateAndGet(143)) - 9710020f-1df5-4517-aaee-879ceba01d63: start FollowerState
2019-07-15 13:55:11,063 INFO  util.JmxRegister (JmxRegister.java:tryRegister(44)) - Successfully registered JMX Bean with object name Ratis:service=RaftServer,group=group-421B7FE86CB9,id=9710020f-1df5-4517-aaee-879ceba01d63
2019-07-15 13:55:11,064 INFO  pipeline.PipelineStateManager (PipelineStateManager.java:addPipeline(56)) - Created pipeline Pipeline[ Id: 2981129b-dcef-4a5a-b9f1-421b7fe86cb9, Nodes: 9710020f-1df5-4517-aaee-879ceba01d63{ip: 192.168.157.240, host: trunk-nightly-hvlc9-701369690, networkLocation: /default-rack, certSerialId: null}, Type:RATIS, Factor:ONE, State:OPEN]
2019-07-15 13:55:11,174 INFO  node.SCMNodeManager (SCMNodeManager.java:register(269)) - Registered Data node : 28d81efa-a30c-462a-b619-b6bf87a2135a{ip: 192.168.157.240, host: trunk-nightly-hvlc9-701369690, networkLocation: /default-rack, certSerialId: null}
2019-07-15 13:55:11,180 INFO  impl.RaftServerProxy (RaftServerProxy.java:addNew(89)) - 28d81efa-a30c-462a-b619-b6bf87a2135a: addNew group-819111D363E1:[28d81efa-a30c-462a-b619-b6bf87a2135a:192.168.157.240:41476] returns group-819111D363E1:java.util.concurrent.CompletableFuture@51c9d2fe[Not completed]
2019-07-15 13:55:11,181 INFO  impl.RaftServerImpl (RaftServerImpl.java:<init>(93)) - 28d81efa-a30c-462a-b619-b6bf87a2135a: new RaftServerImpl for group-819111D363E1:[28d81efa-a30c-462a-b619-b6bf87a2135a:192.168.157.240:41476] with ContainerStateMachine:uninitialized
2019-07-15 13:55:11,181 INFO  server.RaftServerConfigKeys (ConfUtils.java:logGet(43)) - raft.server.rpc.timeout.min = 5s (custom)
2019-07-15 13:55:11,181 INFO  server.RaftServerConfigKeys (ConfUtils.java:logGet(43)) - raft.server.rpc.timeout.max = 5200ms (custom)
2019-07-15 13:55:11,181 INFO  server.RaftServerConfigKeys (ConfUtils.java:logGet(43)) - raft.server.rpcslowness.timeout = 120s (custom)
2019-07-15 13:55:11,181 INFO  server.RaftServerConfigKeys (ConfUtils.java:logGet(43)) - raft.server.sleep.deviation.threshold = 300 (default)
2019-07-15 13:55:11,181 INFO  server.RaftServerConfigKeys (ConfUtils.java:logGet(43)) - raft.server.log.appender.install.snapshot.enabled = false (custom)
2019-07-15 13:55:11,182 INFO  impl.RaftServerImpl (ServerState.java:<init>(105)) - 28d81efa-a30c-462a-b619-b6bf87a2135a:group-819111D363E1 ConfigurationManager, init=-1: [28d81efa-a30c-462a-b619-b6bf87a2135a:192.168.157.240:41476], old=null, confs=<EMPTY_MAP>
2019-07-15 13:55:11,182 INFO  server.RaftServerConfigKeys (ConfUtils.java:logGet(43)) - raft.server.storage.dir = [/workdir/hadoop-ozone/integration-test/target/test-dir/MiniOzoneClusterImpl-fa28b9af-4596-4992-971b-e70be8aa423d/datanode-2/data/ratis] (custom)
2019-07-15 13:55:11,182 INFO  storage.RaftStorageDirectory (RaftStorageDirectory.java:analyzeStorage(246)) - The storage directory /workdir/hadoop-ozone/integration-test/target/test-dir/MiniOzoneClusterImpl-fa28b9af-4596-4992-971b-e70be8aa423d/datanode-2/data/ratis/103a5eca-3bdb-418e-b503-819111d363e1 does not exist. Creating ...
2019-07-15 13:55:11,195 INFO  storage.RaftStorageDirectory (RaftStorageDirectory.java:tryLock(328)) - Lock on /workdir/hadoop-ozone/integration-test/target/test-dir/MiniOzoneClusterImpl-fa28b9af-4596-4992-971b-e70be8aa423d/datanode-2/data/ratis/103a5eca-3bdb-418e-b503-819111d363e1/in_use.lock acquired by nodename 27196@trunk-nightly-hvlc9-701369690
2019-07-15 13:55:11,209 INFO  storage.RaftStorage (RaftStorage.java:format(72)) - Storage directory /workdir/hadoop-ozone/integration-test/target/test-dir/MiniOzoneClusterImpl-fa28b9af-4596-4992-971b-e70be8aa423d/datanode-2/data/ratis/103a5eca-3bdb-418e-b503-819111d363e1 has been successfully formatted.
2019-07-15 13:55:11,209 INFO  ratis.ContainerStateMachine (ContainerStateMachine.java:loadSnapshot(200)) - group-819111D363E1: The snapshot info is null. Setting the last applied indexto:(t:0, i:~)
2019-07-15 13:55:11,210 INFO  server.RaftServerConfigKeys (ConfUtils.java:logGet(43)) - raft.server.leader.election.timeout = 120s (custom)
2019-07-15 13:55:11,210 INFO  server.RaftServerConfigKeys (ConfUtils.java:logGet(43)) - raft.server.log.use.memory = false (default)
2019-07-15 13:55:11,210 INFO  server.RaftServerConfigKeys (ConfUtils.java:logGet(43)) - raft.server.log.purge.gap = 1000000000 (custom)
2019-07-15 13:55:11,210 INFO  server.RaftServerConfigKeys (ConfUtils.java:logGet(43)) - raft.server.log.appender.buffer.byte-limit = 33554432 (custom)
2019-07-15 13:55:11,210 INFO  server.RaftServerConfigKeys (ConfUtils.java:logGet(43)) - raft.server.log.segment.size.max = 1048576 (custom)
2019-07-15 13:55:11,210 INFO  server.RaftServerConfigKeys (ConfUtils.java:logGet(43)) - raft.server.log.segment.cache.num.max = 2 (custom)
2019-07-15 13:55:11,210 INFO  segmented.SegmentedRaftLogWorker (SegmentedRaftLogWorker.java:<init>(172)) - new 28d81efa-a30c-462a-b619-b6bf87a2135a-SegmentedRaftLogWorker:Storage Directory /workdir/hadoop-ozone/integration-test/target/test-dir/MiniOzoneClusterImpl-fa28b9af-4596-4992-971b-e70be8aa423d/datanode-2/data/ratis/103a5eca-3bdb-418e-b503-819111d363e1 for RaftStorage:Storage Directory /workdir/hadoop-ozone/integration-test/target/test-dir/MiniOzoneClusterImpl-fa28b9af-4596-4992-971b-e70be8aa423d/datanode-2/data/ratis/103a5eca-3bdb-418e-b503-819111d363e1
2019-07-15 13:55:11,211 INFO  server.RaftServerConfigKeys (ConfUtils.java:logGet(43)) - raft.server.log.queue.byte-limit = 2147483647 (custom)
2019-07-15 13:55:11,211 INFO  server.RaftServerConfigKeys (ConfUtils.java:logGet(43)) - raft.server.log.queue.element-limit = 1024 (custom)
2019-07-15 13:55:11,211 INFO  server.RaftServerConfigKeys (ConfUtils.java:logGet(43)) - raft.server.log.segment.size.max = 1048576 (custom)
2019-07-15 13:55:11,211 INFO  server.RaftServerConfigKeys (ConfUtils.java:logGet(43)) - raft.server.log.preallocated.size = 16384 (custom)
2019-07-15 13:55:11,211 INFO  server.RaftServerConfigKeys (ConfUtils.java:logGet(43)) - raft.server.log.write.buffer.size = 33554432 (custom)
2019-07-15 13:55:11,211 INFO  server.RaftServerConfigKeys (ConfUtils.java:logGet(43)) - raft.server.log.force.sync.num = 128 (default)
2019-07-15 13:55:11,212 INFO  server.RaftServerConfigKeys (ConfUtils.java:logGet(43)) - raft.server.log.statemachine.data.sync = true (default)
2019-07-15 13:55:11,212 INFO  server.RaftServerConfigKeys (ConfUtils.java:logGet(43)) - raft.server.log.statemachine.data.sync.timeout = 10s (default)
2019-07-15 13:55:11,212 INFO  server.RaftServerConfigKeys (ConfUtils.java:logGet(43)) - raft.server.log.statemachine.data.sync.timeout.retry = -1 (default)
2019-07-15 13:55:11,212 INFO  server.RaftServerConfigKeys (ConfUtils.java:logGet(43)) - raft.server.log.statemachine.data.caching.enabled = true (custom)
2019-07-15 13:55:11,212 INFO  segmented.SegmentedRaftLogWorker (SegmentedRaftLogWorker.java:lambda$new$0(132)) - 28d81efa-a30c-462a-b619-b6bf87a2135a-SegmentedRaftLogWorker:Storage Directory /workdir/hadoop-ozone/integration-test/target/test-dir/MiniOzoneClusterImpl-fa28b9af-4596-4992-971b-e70be8aa423d/datanode-2/data/ratis/103a5eca-3bdb-418e-b503-819111d363e1: flushIndex: setUnconditionally 0 -> -1
2019-07-15 13:55:11,213 INFO  server.RaftServerConfigKeys (ConfUtils.java:logGet(43)) - raft.server.snapshot.auto.trigger.enabled = true (custom)
2019-07-15 13:55:11,213 INFO  server.RaftServerConfigKeys (ConfUtils.java:logGet(43)) - raft.server.snapshot.auto.trigger.threshold = 10000 (custom)
2019-07-15 13:55:11,213 INFO  server.RaftServerConfigKeys (ConfUtils.java:logGet(43)) - raft.server.retrycache.expirytime = 600000ms (custom)
2019-07-15 13:55:11,213 INFO  impl.RaftServerImpl (RaftServerImpl.java:start(180)) - 28d81efa-a30c-462a-b619-b6bf87a2135a: start group-819111D363E1
2019-07-15 13:55:11,213 INFO  impl.RaftServerImpl (RaftServerImpl.java:setRole(171)) - 28d81efa-a30c-462a-b619-b6bf87a2135a:group-819111D363E1 changes role from null to FOLLOWER at term 0 for startAsFollower
2019-07-15 13:55:11,214 INFO  impl.RoleInfo (RoleInfo.java:updateAndGet(143)) - 28d81efa-a30c-462a-b619-b6bf87a2135a: start FollowerState
2019-07-15 13:55:11,214 INFO  util.JmxRegister (JmxRegister.java:tryRegister(44)) - Successfully registered JMX Bean with object name Ratis:service=RaftServer,group=group-819111D363E1,id=28d81efa-a30c-462a-b619-b6bf87a2135a
2019-07-15 13:55:11,216 INFO  pipeline.PipelineStateManager (PipelineStateManager.java:addPipeline(56)) - Created pipeline Pipeline[ Id: 103a5eca-3bdb-418e-b503-819111d363e1, Nodes: 28d81efa-a30c-462a-b619-b6bf87a2135a{ip: 192.168.157.240, host: trunk-nightly-hvlc9-701369690, networkLocation: /default-rack, certSerialId: null}, Type:RATIS, Factor:ONE, State:OPEN]
2019-07-15 13:55:11,228 INFO  impl.RaftServerProxy (RaftServerProxy.java:addNew(89)) - 9710020f-1df5-4517-aaee-879ceba01d63: addNew group-980989788E60:[28d81efa-a30c-462a-b619-b6bf87a2135a:192.168.157.240:41476, 9710020f-1df5-4517-aaee-879ceba01d63:192.168.157.240:37782, 46567dc6-cf2d-4106-8d3b-c9237d36b748:192.168.157.240:38175] returns group-980989788E60:java.util.concurrent.CompletableFuture@7f92d424[Not completed]
2019-07-15 13:55:11,229 INFO  impl.RaftServerProxy (RaftServerProxy.java:addNew(89)) - 46567dc6-cf2d-4106-8d3b-c9237d36b748: addNew group-980989788E60:[28d81efa-a30c-462a-b619-b6bf87a2135a:192.168.157.240:41476, 9710020f-1df5-4517-aaee-879ceba01d63:192.168.157.240:37782, 46567dc6-cf2d-4106-8d3b-c9237d36b748:192.168.157.240:38175] returns group-980989788E60:java.util.concurrent.CompletableFuture@3ba40875[Not completed]
2019-07-15 13:55:11,229 INFO  impl.RaftServerProxy (RaftServerProxy.java:addNew(89)) - 28d81efa-a30c-462a-b619-b6bf87a2135a: addNew group-980989788E60:[28d81efa-a30c-462a-b619-b6bf87a2135a:192.168.157.240:41476, 9710020f-1df5-4517-aaee-879ceba01d63:192.168.157.240:37782, 46567dc6-cf2d-4106-8d3b-c9237d36b748:192.168.157.240:38175] returns group-980989788E60:java.util.concurrent.CompletableFuture@3d6ac21b[Not completed]
2019-07-15 13:55:11,229 INFO  impl.RaftServerImpl (RaftServerImpl.java:<init>(93)) - 9710020f-1df5-4517-aaee-879ceba01d63: new RaftServerImpl for group-980989788E60:[28d81efa-a30c-462a-b619-b6bf87a2135a:192.168.157.240:41476, 9710020f-1df5-4517-aaee-879ceba01d63:192.168.157.240:37782, 46567dc6-cf2d-4106-8d3b-c9237d36b748:192.168.157.240:38175] with ContainerStateMachine:uninitialized
2019-07-15 13:55:11,229 INFO  server.RaftServerConfigKeys (ConfUtils.java:logGet(43)) - raft.server.rpc.timeout.min = 5s (custom)
2019-07-15 13:55:11,230 INFO  server.RaftServerConfigKeys (ConfUtils.java:logGet(43)) - raft.server.rpc.timeout.max = 5200ms (custom)
2019-07-15 13:55:11,230 INFO  impl.RaftServerImpl (RaftServerImpl.java:<init>(93)) - 28d81efa-a30c-462a-b619-b6bf87a2135a: new RaftServerImpl for group-980989788E60:[28d81efa-a30c-462a-b619-b6bf87a2135a:192.168.157.240:41476, 9710020f-1df5-4517-aaee-879ceba01d63:192.168.157.240:37782, 46567dc6-cf2d-4106-8d3b-c9237d36b748:192.168.157.240:38175] with ContainerStateMachine:uninitialized
2019-07-15 13:55:11,230 INFO  server.RaftServerConfigKeys (ConfUtils.java:logGet(43)) - raft.server.rpcslowness.timeout = 120s (custom)
2019-07-15 13:55:11,230 INFO  server.RaftServerConfigKeys (ConfUtils.java:logGet(43)) - raft.server.rpc.timeout.min = 5s (custom)
2019-07-15 13:55:11,230 INFO  impl.RaftServerImpl (RaftServerImpl.java:<init>(93)) - 46567dc6-cf2d-4106-8d3b-c9237d36b748: new RaftServerImpl for group-980989788E60:[28d81efa-a30c-462a-b619-b6bf87a2135a:192.168.157.240:41476, 9710020f-1df5-4517-aaee-879ceba01d63:192.168.157.240:37782, 46567dc6-cf2d-4106-8d3b-c9237d36b748:192.168.157.240:38175] with ContainerStateMachine:uninitialized
2019-07-15 13:55:11,230 INFO  server.RaftServerConfigKeys (ConfUtils.java:logGet(43)) - raft.server.rpc.timeout.min = 5s (custom)
2019-07-15 13:55:11,230 INFO  server.RaftServerConfigKeys (ConfUtils.java:logGet(43)) - raft.server.sleep.deviation.threshold = 300 (default)
2019-07-15 13:55:11,230 INFO  server.RaftServerConfigKeys (ConfUtils.java:logGet(43)) - raft.server.rpc.timeout.max = 5200ms (custom)
2019-07-15 13:55:11,231 INFO  server.RaftServerConfigKeys (ConfUtils.java:logGet(43)) - raft.server.rpcslowness.timeout = 120s (custom)
2019-07-15 13:55:11,230 INFO  server.RaftServerConfigKeys (ConfUtils.java:logGet(43)) - raft.server.rpc.timeout.max = 5200ms (custom)
2019-07-15 13:55:11,231 INFO  server.RaftServerConfigKeys (ConfUtils.java:logGet(43)) - raft.server.sleep.deviation.threshold = 300 (default)
2019-07-15 13:55:11,231 INFO  server.RaftServerConfigKeys (ConfUtils.java:logGet(43)) - raft.server.log.appender.install.snapshot.enabled = false (custom)
2019-07-15 13:55:11,231 INFO  server.RaftServerConfigKeys (ConfUtils.java:logGet(43)) - raft.server.log.appender.install.snapshot.enabled = false (custom)
2019-07-15 13:55:11,231 INFO  impl.RaftServerImpl (ServerState.java:<init>(105)) - 46567dc6-cf2d-4106-8d3b-c9237d36b748:group-980989788E60 ConfigurationManager, init=-1: [28d81efa-a30c-462a-b619-b6bf87a2135a:192.168.157.240:41476, 9710020f-1df5-4517-aaee-879ceba01d63:192.168.157.240:37782, 46567dc6-cf2d-4106-8d3b-c9237d36b748:192.168.157.240:38175], old=null, confs=<EMPTY_MAP>
2019-07-15 13:55:11,231 INFO  server.RaftServerConfigKeys (ConfUtils.java:logGet(43)) - raft.server.rpcslowness.timeout = 120s (custom)
2019-07-15 13:55:11,232 INFO  server.RaftServerConfigKeys (ConfUtils.java:logGet(43)) - raft.server.storage.dir = [/workdir/hadoop-ozone/integration-test/target/test-dir/MiniOzoneClusterImpl-fa28b9af-4596-4992-971b-e70be8aa423d/datanode-0/data/ratis] (custom)
2019-07-15 13:55:11,232 INFO  impl.RaftServerImpl (ServerState.java:<init>(105)) - 9710020f-1df5-4517-aaee-879ceba01d63:group-980989788E60 ConfigurationManager, init=-1: [28d81efa-a30c-462a-b619-b6bf87a2135a:192.168.157.240:41476, 9710020f-1df5-4517-aaee-879ceba01d63:192.168.157.240:37782, 46567dc6-cf2d-4106-8d3b-c9237d36b748:192.168.157.240:38175], old=null, confs=<EMPTY_MAP>
2019-07-15 13:55:11,232 INFO  storage.RaftStorageDirectory (RaftStorageDirectory.java:analyzeStorage(246)) - The storage directory /workdir/hadoop-ozone/integration-test/target/test-dir/MiniOzoneClusterImpl-fa28b9af-4596-4992-971b-e70be8aa423d/datanode-0/data/ratis/78d2f69f-847b-4855-a97a-980989788e60 does not exist. Creating ...
2019-07-15 13:55:11,232 INFO  server.RaftServerConfigKeys (ConfUtils.java:logGet(43)) - raft.server.sleep.deviation.threshold = 300 (default)
2019-07-15 13:55:11,232 INFO  server.RaftServerConfigKeys (ConfUtils.java:logGet(43)) - raft.server.storage.dir = [/workdir/hadoop-ozone/integration-test/target/test-dir/MiniOzoneClusterImpl-fa28b9af-4596-4992-971b-e70be8aa423d/datanode-1/data/ratis] (custom)
2019-07-15 13:55:11,233 INFO  server.RaftServerConfigKeys (ConfUtils.java:logGet(43)) - raft.server.log.appender.install.snapshot.enabled = false (custom)
2019-07-15 13:55:11,233 INFO  impl.RaftServerImpl (ServerState.java:<init>(105)) - 28d81efa-a30c-462a-b619-b6bf87a2135a:group-980989788E60 ConfigurationManager, init=-1: [28d81efa-a30c-462a-b619-b6bf87a2135a:192.168.157.240:41476, 9710020f-1df5-4517-aaee-879ceba01d63:192.168.157.240:37782, 46567dc6-cf2d-4106-8d3b-c9237d36b748:192.168.157.240:38175], old=null, confs=<EMPTY_MAP>
2019-07-15 13:55:11,233 INFO  storage.RaftStorageDirectory (RaftStorageDirectory.java:analyzeStorage(246)) - The storage directory /workdir/hadoop-ozone/integration-test/target/test-dir/MiniOzoneClusterImpl-fa28b9af-4596-4992-971b-e70be8aa423d/datanode-1/data/ratis/78d2f69f-847b-4855-a97a-980989788e60 does not exist. Creating ...
2019-07-15 13:55:11,233 INFO  server.RaftServerConfigKeys (ConfUtils.java:logGet(43)) - raft.server.storage.dir = [/workdir/hadoop-ozone/integration-test/target/test-dir/MiniOzoneClusterImpl-fa28b9af-4596-4992-971b-e70be8aa423d/datanode-2/data/ratis] (custom)
2019-07-15 13:55:11,234 INFO  storage.RaftStorageDirectory (RaftStorageDirectory.java:analyzeStorage(246)) - The storage directory /workdir/hadoop-ozone/integration-test/target/test-dir/MiniOzoneClusterImpl-fa28b9af-4596-4992-971b-e70be8aa423d/datanode-2/data/ratis/78d2f69f-847b-4855-a97a-980989788e60 does not exist. Creating ...
2019-07-15 13:55:11,246 INFO  storage.RaftStorageDirectory (RaftStorageDirectory.java:tryLock(328)) - Lock on /workdir/hadoop-ozone/integration-test/target/test-dir/MiniOzoneClusterImpl-fa28b9af-4596-4992-971b-e70be8aa423d/datanode-1/data/ratis/78d2f69f-847b-4855-a97a-980989788e60/in_use.lock acquired by nodename 27196@trunk-nightly-hvlc9-701369690
2019-07-15 13:55:11,246 INFO  storage.RaftStorageDirectory (RaftStorageDirectory.java:tryLock(328)) - Lock on /workdir/hadoop-ozone/integration-test/target/test-dir/MiniOzoneClusterImpl-fa28b9af-4596-4992-971b-e70be8aa423d/datanode-2/data/ratis/78d2f69f-847b-4855-a97a-980989788e60/in_use.lock acquired by nodename 27196@trunk-nightly-hvlc9-701369690
2019-07-15 13:55:11,246 INFO  storage.RaftStorageDirectory (RaftStorageDirectory.java:tryLock(328)) - Lock on /workdir/hadoop-ozone/integration-test/target/test-dir/MiniOzoneClusterImpl-fa28b9af-4596-4992-971b-e70be8aa423d/datanode-0/data/ratis/78d2f69f-847b-4855-a97a-980989788e60/in_use.lock acquired by nodename 27196@trunk-nightly-hvlc9-701369690
2019-07-15 13:55:11,260 INFO  storage.RaftStorage (RaftStorage.java:format(72)) - Storage directory /workdir/hadoop-ozone/integration-test/target/test-dir/MiniOzoneClusterImpl-fa28b9af-4596-4992-971b-e70be8aa423d/datanode-1/data/ratis/78d2f69f-847b-4855-a97a-980989788e60 has been successfully formatted.
2019-07-15 13:55:11,260 INFO  storage.RaftStorage (RaftStorage.java:format(72)) - Storage directory /workdir/hadoop-ozone/integration-test/target/test-dir/MiniOzoneClusterImpl-fa28b9af-4596-4992-971b-e70be8aa423d/datanode-0/data/ratis/78d2f69f-847b-4855-a97a-980989788e60 has been successfully formatted.
2019-07-15 13:55:11,260 INFO  ratis.ContainerStateMachine (ContainerStateMachine.java:loadSnapshot(200)) - group-980989788E60: The snapshot info is null. Setting the last applied indexto:(t:0, i:~)
2019-07-15 13:55:11,260 INFO  storage.RaftStorage (RaftStorage.java:format(72)) - Storage directory /workdir/hadoop-ozone/integration-test/target/test-dir/MiniOzoneClusterImpl-fa28b9af-4596-4992-971b-e70be8aa423d/datanode-2/data/ratis/78d2f69f-847b-4855-a97a-980989788e60 has been successfully formatted.
2019-07-15 13:55:11,260 INFO  server.RaftServerConfigKeys (ConfUtils.java:logGet(43)) - raft.server.leader.election.timeout = 120s (custom)
2019-07-15 13:55:11,261 INFO  ratis.ContainerStateMachine (ContainerStateMachine.java:loadSnapshot(200)) - group-980989788E60: The snapshot info is null. Setting the last applied indexto:(t:0, i:~)
2019-07-15 13:55:11,260 INFO  ratis.ContainerStateMachine (ContainerStateMachine.java:loadSnapshot(200)) - group-980989788E60: The snapshot info is null. Setting the last applied indexto:(t:0, i:~)
2019-07-15 13:55:11,261 INFO  server.RaftServerConfigKeys (ConfUtils.java:logGet(43)) - raft.server.leader.election.timeout = 120s (custom)
2019-07-15 13:55:11,261 INFO  server.RaftServerConfigKeys (ConfUtils.java:logGet(43)) - raft.server.log.use.memory = false (default)
2019-07-15 13:55:11,261 INFO  server.RaftServerConfigKeys (ConfUtils.java:logGet(43)) - raft.server.log.use.memory = false (default)
2019-07-15 13:55:11,261 INFO  server.RaftServerConfigKeys (ConfUtils.java:logGet(43)) - raft.server.leader.election.timeout = 120s (custom)
2019-07-15 13:55:11,262 INFO  server.RaftServerConfigKeys (ConfUtils.java:logGet(43)) - raft.server.log.use.memory = false (default)
2019-07-15 13:55:11,261 INFO  server.RaftServerConfigKeys (ConfUtils.java:logGet(43)) - raft.server.log.purge.gap = 1000000000 (custom)
2019-07-15 13:55:11,261 INFO  server.RaftServerConfigKeys (ConfUtils.java:logGet(43)) - raft.server.log.purge.gap = 1000000000 (custom)
2019-07-15 13:55:11,262 INFO  server.RaftServerConfigKeys (ConfUtils.java:logGet(43)) - raft.server.log.appender.buffer.byte-limit = 33554432 (custom)
2019-07-15 13:55:11,262 INFO  server.RaftServerConfigKeys (ConfUtils.java:logGet(43)) - raft.server.log.purge.gap = 1000000000 (custom)
2019-07-15 13:55:11,262 INFO  server.RaftServerConfigKeys (ConfUtils.java:logGet(43)) - raft.server.log.segment.size.max = 1048576 (custom)
2019-07-15 13:55:11,263 INFO  server.RaftServerConfigKeys (ConfUtils.java:logGet(43)) - raft.server.log.segment.cache.num.max = 2 (custom)
2019-07-15 13:55:11,262 INFO  server.RaftServerConfigKeys (ConfUtils.java:logGet(43)) - raft.server.log.appender.buffer.byte-limit = 33554432 (custom)
2019-07-15 13:55:11,263 INFO  segmented.SegmentedRaftLogWorker (SegmentedRaftLogWorker.java:<init>(172)) - new 28d81efa-a30c-462a-b619-b6bf87a2135a-SegmentedRaftLogWorker:Storage Directory /workdir/hadoop-ozone/integration-test/target/test-dir/MiniOzoneClusterImpl-fa28b9af-4596-4992-971b-e70be8aa423d/datanode-2/data/ratis/78d2f69f-847b-4855-a97a-980989788e60 for RaftStorage:Storage Directory /workdir/hadoop-ozone/integration-test/target/test-dir/MiniOzoneClusterImpl-fa28b9af-4596-4992-971b-e70be8aa423d/datanode-2/data/ratis/78d2f69f-847b-4855-a97a-980989788e60
2019-07-15 13:55:11,262 INFO  server.RaftServerConfigKeys (ConfUtils.java:logGet(43)) - raft.server.log.appender.buffer.byte-limit = 33554432 (custom)
2019-07-15 13:55:11,263 INFO  server.RaftServerConfigKeys (ConfUtils.java:logGet(43)) - raft.server.log.queue.byte-limit = 2147483647 (custom)
2019-07-15 13:55:11,263 INFO  server.RaftServerConfigKeys (ConfUtils.java:logGet(43)) - raft.server.log.segment.size.max = 1048576 (custom)
2019-07-15 13:55:11,264 INFO  server.RaftServerConfigKeys (ConfUtils.java:logGet(43)) - raft.server.log.queue.element-limit = 1024 (custom)
2019-07-15 13:55:11,263 INFO  server.RaftServerConfigKeys (ConfUtils.java:logGet(43)) - raft.server.log.segment.size.max = 1048576 (custom)
2019-07-15 13:55:11,264 INFO  server.RaftServerConfigKeys (ConfUtils.java:logGet(43)) - raft.server.log.segment.size.max = 1048576 (custom)
2019-07-15 13:55:11,264 INFO  server.RaftServerConfigKeys (ConfUtils.java:logGet(43)) - raft.server.log.segment.cache.num.max = 2 (custom)
2019-07-15 13:55:11,264 INFO  server.RaftServerConfigKeys (ConfUtils.java:logGet(43)) - raft.server.log.preallocated.size = 16384 (custom)
2019-07-15 13:55:11,264 INFO  server.RaftServerConfigKeys (ConfUtils.java:logGet(43)) - raft.server.log.segment.cache.num.max = 2 (custom)
2019-07-15 13:55:11,264 INFO  server.RaftServerConfigKeys (ConfUtils.java:logGet(43)) - raft.server.log.write.buffer.size = 33554432 (custom)
2019-07-15 13:55:11,265 INFO  server.RaftServerConfigKeys (ConfUtils.java:logGet(43)) - raft.server.log.force.sync.num = 128 (default)
2019-07-15 13:55:11,264 INFO  segmented.SegmentedRaftLogWorker (SegmentedRaftLogWorker.java:<init>(172)) - new 9710020f-1df5-4517-aaee-879ceba01d63-SegmentedRaftLogWorker:Storage Directory /workdir/hadoop-ozone/integration-test/target/test-dir/MiniOzoneClusterImpl-fa28b9af-4596-4992-971b-e70be8aa423d/datanode-1/data/ratis/78d2f69f-847b-4855-a97a-980989788e60 for RaftStorage:Storage Directory /workdir/hadoop-ozone/integration-test/target/test-dir/MiniOzoneClusterImpl-fa28b9af-4596-4992-971b-e70be8aa423d/datanode-1/data/ratis/78d2f69f-847b-4855-a97a-980989788e60
2019-07-15 13:55:11,265 INFO  server.RaftServerConfigKeys (ConfUtils.java:logGet(43)) - raft.server.log.statemachine.data.sync = true (default)
2019-07-15 13:55:11,265 INFO  server.RaftServerConfigKeys (ConfUtils.java:logGet(43)) - raft.server.log.statemachine.data.sync.timeout = 10s (default)
2019-07-15 13:55:11,265 INFO  segmented.SegmentedRaftLogWorker (SegmentedRaftLogWorker.java:<init>(172)) - new 46567dc6-cf2d-4106-8d3b-c9237d36b748-SegmentedRaftLogWorker:Storage Directory /workdir/hadoop-ozone/integration-test/target/test-dir/MiniOzoneClusterImpl-fa28b9af-4596-4992-971b-e70be8aa423d/datanode-0/data/ratis/78d2f69f-847b-4855-a97a-980989788e60 for RaftStorage:Storage Directory /workdir/hadoop-ozone/integration-test/target/test-dir/MiniOzoneClusterImpl-fa28b9af-4596-4992-971b-e70be8aa423d/datanode-0/data/ratis/78d2f69f-847b-4855-a97a-980989788e60
2019-07-15 13:55:11,265 INFO  server.RaftServerConfigKeys (ConfUtils.java:logGet(43)) - raft.server.log.statemachine.data.sync.timeout.retry = -1 (default)
2019-07-15 13:55:11,265 INFO  server.RaftServerConfigKeys (ConfUtils.java:logGet(43)) - raft.server.log.queue.byte-limit = 2147483647 (custom)
2019-07-15 13:55:11,266 INFO  server.RaftServerConfigKeys (ConfUtils.java:logGet(43)) - raft.server.log.statemachine.data.caching.enabled = true (custom)
2019-07-15 13:55:11,266 INFO  server.RaftServerConfigKeys (ConfUtils.java:logGet(43)) - raft.server.log.queue.byte-limit = 2147483647 (custom)
2019-07-15 13:55:11,266 INFO  segmented.SegmentedRaftLogWorker (SegmentedRaftLogWorker.java:lambda$new$0(132)) - 28d81efa-a30c-462a-b619-b6bf87a2135a-SegmentedRaftLogWorker:Storage Directory /workdir/hadoop-ozone/integration-test/target/test-dir/MiniOzoneClusterImpl-fa28b9af-4596-4992-971b-e70be8aa423d/datanode-2/data/ratis/78d2f69f-847b-4855-a97a-980989788e60: flushIndex: setUnconditionally 0 -> -1
2019-07-15 13:55:11,266 INFO  server.RaftServerConfigKeys (ConfUtils.java:logGet(43)) - raft.server.log.queue.element-limit = 1024 (custom)
2019-07-15 13:55:11,266 INFO  server.RaftServerConfigKeys (ConfUtils.java:logGet(43)) - raft.server.log.queue.element-limit = 1024 (custom)
2019-07-15 13:55:11,267 INFO  server.RaftServerConfigKeys (ConfUtils.java:logGet(43)) - raft.server.snapshot.auto.trigger.enabled = true (custom)
2019-07-15 13:55:11,267 INFO  server.RaftServerConfigKeys (ConfUtils.java:logGet(43)) - raft.server.log.segment.size.max = 1048576 (custom)
2019-07-15 13:55:11,267 INFO  server.RaftServerConfigKeys (ConfUtils.java:logGet(43)) - raft.server.snapshot.auto.trigger.threshold = 10000 (custom)
2019-07-15 13:55:11,267 INFO  server.RaftServerConfigKeys (ConfUtils.java:logGet(43)) - raft.server.log.segment.size.max = 1048576 (custom)
2019-07-15 13:55:11,267 INFO  server.RaftServerConfigKeys (ConfUtils.java:logGet(43)) - raft.server.retrycache.expirytime = 600000ms (custom)
2019-07-15 13:55:11,267 INFO  server.RaftServerConfigKeys (ConfUtils.java:logGet(43)) - raft.server.log.preallocated.size = 16384 (custom)
2019-07-15 13:55:11,268 INFO  impl.RaftServerImpl (RaftServerImpl.java:start(180)) - 28d81efa-a30c-462a-b619-b6bf87a2135a: start group-980989788E60
2019-07-15 13:55:11,267 INFO  server.RaftServerConfigKeys (ConfUtils.java:logGet(43)) - raft.server.log.preallocated.size = 16384 (custom)
2019-07-15 13:55:11,268 INFO  impl.RaftServerImpl (RaftServerImpl.java:setRole(171)) - 28d81efa-a30c-462a-b619-b6bf87a2135a:group-980989788E60 changes role from null to FOLLOWER at term 0 for startAsFollower
2019-07-15 13:55:11,268 INFO  impl.RoleInfo (RoleInfo.java:updateAndGet(143)) - 28d81efa-a30c-462a-b619-b6bf87a2135a: start FollowerState
2019-07-15 13:55:11,268 INFO  server.RaftServerConfigKeys (ConfUtils.java:logGet(43)) - raft.server.log.write.buffer.size = 33554432 (custom)
2019-07-15 13:55:11,268 INFO  server.RaftServerConfigKeys (ConfUtils.java:logGet(43)) - raft.server.log.write.buffer.size = 33554432 (custom)
2019-07-15 13:55:11,269 INFO  util.JmxRegister (JmxRegister.java:tryRegister(44)) - Successfully registered JMX Bean with object name Ratis:service=RaftServer,group=group-980989788E60,id=28d81efa-a30c-462a-b619-b6bf87a2135a
2019-07-15 13:55:11,269 INFO  server.RaftServerConfigKeys (ConfUtils.java:logGet(43)) - raft.server.log.force.sync.num = 128 (default)
2019-07-15 13:55:11,269 INFO  server.RaftServerConfigKeys (ConfUtils.java:logGet(43)) - raft.server.log.force.sync.num = 128 (default)
2019-07-15 13:55:11,269 INFO  server.RaftServerConfigKeys (ConfUtils.java:logGet(43)) - raft.server.log.statemachine.data.sync = true (default)
2019-07-15 13:55:11,269 INFO  server.RaftServerConfigKeys (ConfUtils.java:logGet(43)) - raft.server.log.statemachine.data.sync = true (default)
2019-07-15 13:55:11,269 INFO  server.RaftServerConfigKeys (ConfUtils.java:logGet(43)) - raft.server.log.statemachine.data.sync.timeout = 10s (default)
2019-07-15 13:55:11,270 INFO  server.RaftServerConfigKeys (ConfUtils.java:logGet(43)) - raft.server.log.statemachine.data.sync.timeout = 10s (default)
2019-07-15 13:55:11,270 INFO  server.RaftServerConfigKeys (ConfUtils.java:logGet(43)) - raft.server.log.statemachine.data.sync.timeout.retry = -1 (default)
2019-07-15 13:55:11,270 INFO  server.RaftServerConfigKeys (ConfUtils.java:logGet(43)) - raft.server.log.statemachine.data.sync.timeout.retry = -1 (default)
2019-07-15 13:55:11,270 INFO  server.RaftServerConfigKeys (ConfUtils.java:logGet(43)) - raft.server.log.statemachine.data.caching.enabled = true (custom)
2019-07-15 13:55:11,270 INFO  server.RaftServerConfigKeys (ConfUtils.java:logGet(43)) - raft.server.log.statemachine.data.caching.enabled = true (custom)
2019-07-15 13:55:11,271 INFO  segmented.SegmentedRaftLogWorker (SegmentedRaftLogWorker.java:lambda$new$0(132)) - 9710020f-1df5-4517-aaee-879ceba01d63-SegmentedRaftLogWorker:Storage Directory /workdir/hadoop-ozone/integration-test/target/test-dir/MiniOzoneClusterImpl-fa28b9af-4596-4992-971b-e70be8aa423d/datanode-1/data/ratis/78d2f69f-847b-4855-a97a-980989788e60: flushIndex: setUnconditionally 0 -> -1
2019-07-15 13:55:11,271 INFO  segmented.SegmentedRaftLogWorker (SegmentedRaftLogWorker.java:lambda$new$0(132)) - 46567dc6-cf2d-4106-8d3b-c9237d36b748-SegmentedRaftLogWorker:Storage Directory /workdir/hadoop-ozone/integration-test/target/test-dir/MiniOzoneClusterImpl-fa28b9af-4596-4992-971b-e70be8aa423d/datanode-0/data/ratis/78d2f69f-847b-4855-a97a-980989788e60: flushIndex: setUnconditionally 0 -> -1
2019-07-15 13:55:11,271 INFO  server.RaftServerConfigKeys (ConfUtils.java:logGet(43)) - raft.server.snapshot.auto.trigger.enabled = true (custom)
2019-07-15 13:55:11,271 INFO  server.RaftServerConfigKeys (ConfUtils.java:logGet(43)) - raft.server.snapshot.auto.trigger.threshold = 10000 (custom)
2019-07-15 13:55:11,271 INFO  server.RaftServerConfigKeys (ConfUtils.java:logGet(43)) - raft.server.snapshot.auto.trigger.enabled = true (custom)
2019-07-15 13:55:11,271 INFO  server.RaftServerConfigKeys (ConfUtils.java:logGet(43)) - raft.server.retrycache.expirytime = 600000ms (custom)
2019-07-15 13:55:11,271 INFO  server.RaftServerConfigKeys (ConfUtils.java:logGet(43)) - raft.server.snapshot.auto.trigger.threshold = 10000 (custom)
2019-07-15 13:55:11,272 INFO  impl.RaftServerImpl (RaftServerImpl.java:start(180)) - 9710020f-1df5-4517-aaee-879ceba01d63: start group-980989788E60
2019-07-15 13:55:11,272 INFO  server.RaftServerConfigKeys (ConfUtils.java:logGet(43)) - raft.server.retrycache.expirytime = 600000ms (custom)
2019-07-15 13:55:11,272 INFO  impl.RaftServerImpl (RaftServerImpl.java:setRole(171)) - 9710020f-1df5-4517-aaee-879ceba01d63:group-980989788E60 changes role from null to FOLLOWER at term 0 for startAsFollower
2019-07-15 13:55:11,272 INFO  impl.RaftServerImpl (RaftServerImpl.java:start(180)) - 46567dc6-cf2d-4106-8d3b-c9237d36b748: start group-980989788E60
2019-07-15 13:55:11,272 INFO  impl.RoleInfo (RoleInfo.java:updateAndGet(143)) - 9710020f-1df5-4517-aaee-879ceba01d63: start FollowerState
2019-07-15 13:55:11,272 INFO  impl.RaftServerImpl (RaftServerImpl.java:setRole(171)) - 46567dc6-cf2d-4106-8d3b-c9237d36b748:group-980989788E60 changes role from null to FOLLOWER at term 0 for startAsFollower
2019-07-15 13:55:11,272 INFO  impl.RoleInfo (RoleInfo.java:updateAndGet(143)) - 46567dc6-cf2d-4106-8d3b-c9237d36b748: start FollowerState
2019-07-15 13:55:11,272 INFO  util.JmxRegister (JmxRegister.java:tryRegister(44)) - Successfully registered JMX Bean with object name Ratis:service=RaftServer,group=group-980989788E60,id=9710020f-1df5-4517-aaee-879ceba01d63
2019-07-15 13:55:11,273 INFO  util.JmxRegister (JmxRegister.java:tryRegister(44)) - Successfully registered JMX Bean with object name Ratis:service=RaftServer,group=group-980989788E60,id=46567dc6-cf2d-4106-8d3b-c9237d36b748
2019-07-15 13:55:11,275 INFO  pipeline.PipelineStateManager (PipelineStateManager.java:addPipeline(56)) - Created pipeline Pipeline[ Id: 78d2f69f-847b-4855-a97a-980989788e60, Nodes: 28d81efa-a30c-462a-b619-b6bf87a2135a{ip: 192.168.157.240, host: trunk-nightly-hvlc9-701369690, networkLocation: /default-rack, certSerialId: null}9710020f-1df5-4517-aaee-879ceba01d63{ip: 192.168.157.240, host: trunk-nightly-hvlc9-701369690, networkLocation: /default-rack, certSerialId: null}46567dc6-cf2d-4106-8d3b-c9237d36b748{ip: 192.168.157.240, host: trunk-nightly-hvlc9-701369690, networkLocation: /default-rack, certSerialId: null}, Type:RATIS, Factor:THREE, State:OPEN]
2019-07-15 13:55:11,337 INFO  node.SCMNodeManager (SCMNodeManager.java:register(269)) - Registered Data node : 0f241cde-c091-46a2-a1c2-284ac60930d7{ip: 192.168.157.240, host: trunk-nightly-hvlc9-701369690, networkLocation: /default-rack, certSerialId: null}
2019-07-15 13:55:11,344 INFO  impl.RaftServerProxy (RaftServerProxy.java:addNew(89)) - 0f241cde-c091-46a2-a1c2-284ac60930d7: addNew group-2DE7B7D5FB63:[0f241cde-c091-46a2-a1c2-284ac60930d7:192.168.157.240:46235] returns group-2DE7B7D5FB63:java.util.concurrent.CompletableFuture@651fb033[Not completed]
2019-07-15 13:55:11,345 INFO  impl.RaftServerImpl (RaftServerImpl.java:<init>(93)) - 0f241cde-c091-46a2-a1c2-284ac60930d7: new RaftServerImpl for group-2DE7B7D5FB63:[0f241cde-c091-46a2-a1c2-284ac60930d7:192.168.157.240:46235] with ContainerStateMachine:uninitialized
2019-07-15 13:55:11,345 INFO  server.RaftServerConfigKeys (ConfUtils.java:logGet(43)) - raft.server.rpc.timeout.min = 5s (custom)
2019-07-15 13:55:11,345 INFO  server.RaftServerConfigKeys (ConfUtils.java:logGet(43)) - raft.server.rpc.timeout.max = 5200ms (custom)
2019-07-15 13:55:11,345 INFO  server.RaftServerConfigKeys (ConfUtils.java:logGet(43)) - raft.server.rpcslowness.timeout = 120s (custom)
2019-07-15 13:55:11,345 INFO  server.RaftServerConfigKeys (ConfUtils.java:logGet(43)) - raft.server.sleep.deviation.threshold = 300 (default)
2019-07-15 13:55:11,345 INFO  server.RaftServerConfigKeys (ConfUtils.java:logGet(43)) - raft.server.log.appender.install.snapshot.enabled = false (custom)
2019-07-15 13:55:11,346 INFO  impl.RaftServerImpl (ServerState.java:<init>(105)) - 0f241cde-c091-46a2-a1c2-284ac60930d7:group-2DE7B7D5FB63 ConfigurationManager, init=-1: [0f241cde-c091-46a2-a1c2-284ac60930d7:192.168.157.240:46235], old=null, confs=<EMPTY_MAP>
2019-07-15 13:55:11,346 INFO  server.RaftServerConfigKeys (ConfUtils.java:logGet(43)) - raft.server.storage.dir = [/workdir/hadoop-ozone/integration-test/target/test-dir/MiniOzoneClusterImpl-fa28b9af-4596-4992-971b-e70be8aa423d/datanode-3/data/ratis] (custom)
2019-07-15 13:55:11,346 INFO  storage.RaftStorageDirectory (RaftStorageDirectory.java:analyzeStorage(246)) - The storage directory /workdir/hadoop-ozone/integration-test/target/test-dir/MiniOzoneClusterImpl-fa28b9af-4596-4992-971b-e70be8aa423d/datanode-3/data/ratis/1b06b445-f8a7-4a21-b4e1-2de7b7d5fb63 does not exist. Creating ...
2019-07-15 13:55:11,359 INFO  storage.RaftStorageDirectory (RaftStorageDirectory.java:tryLock(328)) - Lock on /workdir/hadoop-ozone/integration-test/target/test-dir/MiniOzoneClusterImpl-fa28b9af-4596-4992-971b-e70be8aa423d/datanode-3/data/ratis/1b06b445-f8a7-4a21-b4e1-2de7b7d5fb63/in_use.lock acquired by nodename 27196@trunk-nightly-hvlc9-701369690
2019-07-15 13:55:11,385 INFO  storage.RaftStorage (RaftStorage.java:format(72)) - Storage directory /workdir/hadoop-ozone/integration-test/target/test-dir/MiniOzoneClusterImpl-fa28b9af-4596-4992-971b-e70be8aa423d/datanode-3/data/ratis/1b06b445-f8a7-4a21-b4e1-2de7b7d5fb63 has been successfully formatted.
2019-07-15 13:55:11,385 INFO  ratis.ContainerStateMachine (ContainerStateMachine.java:loadSnapshot(200)) - group-2DE7B7D5FB63: The snapshot info is null. Setting the last applied indexto:(t:0, i:~)
2019-07-15 13:55:11,385 INFO  server.RaftServerConfigKeys (ConfUtils.java:logGet(43)) - raft.server.leader.election.timeout = 120s (custom)
2019-07-15 13:55:11,385 INFO  server.RaftServerConfigKeys (ConfUtils.java:logGet(43)) - raft.server.log.use.memory = false (default)
2019-07-15 13:55:11,386 INFO  server.RaftServerConfigKeys (ConfUtils.java:logGet(43)) - raft.server.log.purge.gap = 1000000000 (custom)
2019-07-15 13:55:11,386 INFO  server.RaftServerConfigKeys (ConfUtils.java:logGet(43)) - raft.server.log.appender.buffer.byte-limit = 33554432 (custom)
2019-07-15 13:55:11,386 INFO  server.RaftServerConfigKeys (ConfUtils.java:logGet(43)) - raft.server.log.segment.size.max = 1048576 (custom)
2019-07-15 13:55:11,386 INFO  server.RaftServerConfigKeys (ConfUtils.java:logGet(43)) - raft.server.log.segment.cache.num.max = 2 (custom)
2019-07-15 13:55:11,386 INFO  segmented.SegmentedRaftLogWorker (SegmentedRaftLogWorker.java:<init>(172)) - new 0f241cde-c091-46a2-a1c2-284ac60930d7-SegmentedRaftLogWorker:Storage Directory /workdir/hadoop-ozone/integration-test/target/test-dir/MiniOzoneClusterImpl-fa28b9af-4596-4992-971b-e70be8aa423d/datanode-3/data/ratis/1b06b445-f8a7-4a21-b4e1-2de7b7d5fb63 for RaftStorage:Storage Directory /workdir/hadoop-ozone/integration-test/target/test-dir/MiniOzoneClusterImpl-fa28b9af-4596-4992-971b-e70be8aa423d/datanode-3/data/ratis/1b06b445-f8a7-4a21-b4e1-2de7b7d5fb63
2019-07-15 13:55:11,386 INFO  server.RaftServerConfigKeys (ConfUtils.java:logGet(43)) - raft.server.log.queue.byte-limit = 2147483647 (custom)
2019-07-15 13:55:11,387 INFO  server.RaftServerConfigKeys (ConfUtils.java:logGet(43)) - raft.server.log.queue.element-limit = 1024 (custom)
2019-07-15 13:55:11,387 INFO  server.RaftServerConfigKeys (ConfUtils.java:logGet(43)) - raft.server.log.segment.size.max = 1048576 (custom)
2019-07-15 13:55:11,387 INFO  server.RaftServerConfigKeys (ConfUtils.java:logGet(43)) - raft.server.log.preallocated.size = 16384 (custom)
2019-07-15 13:55:11,387 INFO  server.RaftServerConfigKeys (ConfUtils.java:logGet(43)) - raft.server.log.write.buffer.size = 33554432 (custom)
2019-07-15 13:55:11,387 INFO  server.RaftServerConfigKeys (ConfUtils.java:logGet(43)) - raft.server.log.force.sync.num = 128 (default)
2019-07-15 13:55:11,387 INFO  server.RaftServerConfigKeys (ConfUtils.java:logGet(43)) - raft.server.log.statemachine.data.sync = true (default)
2019-07-15 13:55:11,387 INFO  server.RaftServerConfigKeys (ConfUtils.java:logGet(43)) - raft.server.log.statemachine.data.sync.timeout = 10s (default)
2019-07-15 13:55:11,388 INFO  server.RaftServerConfigKeys (ConfUtils.java:logGet(43)) - raft.server.log.statemachine.data.sync.timeout.retry = -1 (default)
2019-07-15 13:55:11,388 INFO  server.RaftServerConfigKeys (ConfUtils.java:logGet(43)) - raft.server.log.statemachine.data.caching.enabled = true (custom)
2019-07-15 13:55:11,388 INFO  segmented.SegmentedRaftLogWorker (SegmentedRaftLogWorker.java:lambda$new$0(132)) - 0f241cde-c091-46a2-a1c2-284ac60930d7-SegmentedRaftLogWorker:Storage Directory /workdir/hadoop-ozone/integration-test/target/test-dir/MiniOzoneClusterImpl-fa28b9af-4596-4992-971b-e70be8aa423d/datanode-3/data/ratis/1b06b445-f8a7-4a21-b4e1-2de7b7d5fb63: flushIndex: setUnconditionally 0 -> -1
2019-07-15 13:55:11,389 INFO  server.RaftServerConfigKeys (ConfUtils.java:logGet(43)) - raft.server.snapshot.auto.trigger.enabled = true (custom)
2019-07-15 13:55:11,389 INFO  server.RaftServerConfigKeys (ConfUtils.java:logGet(43)) - raft.server.snapshot.auto.trigger.threshold = 10000 (custom)
2019-07-15 13:55:11,389 INFO  server.RaftServerConfigKeys (ConfUtils.java:logGet(43)) - raft.server.retrycache.expirytime = 600000ms (custom)
2019-07-15 13:55:11,389 INFO  impl.RaftServerImpl (RaftServerImpl.java:start(180)) - 0f241cde-c091-46a2-a1c2-284ac60930d7: start group-2DE7B7D5FB63
2019-07-15 13:55:11,389 INFO  impl.RaftServerImpl (RaftServerImpl.java:setRole(171)) - 0f241cde-c091-46a2-a1c2-284ac60930d7:group-2DE7B7D5FB63 changes role from null to FOLLOWER at term 0 for startAsFollower
2019-07-15 13:55:11,389 INFO  impl.RoleInfo (RoleInfo.java:updateAndGet(143)) - 0f241cde-c091-46a2-a1c2-284ac60930d7: start FollowerState
2019-07-15 13:55:11,390 INFO  util.JmxRegister (JmxRegister.java:tryRegister(44)) - Successfully registered JMX Bean with object name Ratis:service=RaftServer,group=group-2DE7B7D5FB63,id=0f241cde-c091-46a2-a1c2-284ac60930d7
2019-07-15 13:55:11,392 INFO  pipeline.PipelineStateManager (PipelineStateManager.java:addPipeline(56)) - Created pipeline Pipeline[ Id: 1b06b445-f8a7-4a21-b4e1-2de7b7d5fb63, Nodes: 0f241cde-c091-46a2-a1c2-284ac60930d7{ip: 192.168.157.240, host: trunk-nightly-hvlc9-701369690, networkLocation: /default-rack, certSerialId: null}, Type:RATIS, Factor:ONE, State:OPEN]
2019-07-15 13:55:11,505 INFO  node.SCMNodeManager (SCMNodeManager.java:register(269)) - Registered Data node : 2d00b472-dcb0-4605-bb91-77e4ea37b1c7{ip: 192.168.157.240, host: trunk-nightly-hvlc9-701369690, networkLocation: /default-rack, certSerialId: null}
2019-07-15 13:55:11,512 INFO  impl.RaftServerProxy (RaftServerProxy.java:addNew(89)) - 2d00b472-dcb0-4605-bb91-77e4ea37b1c7: addNew group-0322025ACD81:[2d00b472-dcb0-4605-bb91-77e4ea37b1c7:192.168.157.240:46738] returns group-0322025ACD81:java.util.concurrent.CompletableFuture@1afe81d7[Not completed]
2019-07-15 13:55:11,513 INFO  impl.RaftServerImpl (RaftServerImpl.java:<init>(93)) - 2d00b472-dcb0-4605-bb91-77e4ea37b1c7: new RaftServerImpl for group-0322025ACD81:[2d00b472-dcb0-4605-bb91-77e4ea37b1c7:192.168.157.240:46738] with ContainerStateMachine:uninitialized
2019-07-15 13:55:11,513 INFO  server.RaftServerConfigKeys (ConfUtils.java:logGet(43)) - raft.server.rpc.timeout.min = 5s (custom)
2019-07-15 13:55:11,513 INFO  server.RaftServerConfigKeys (ConfUtils.java:logGet(43)) - raft.server.rpc.timeout.max = 5200ms (custom)
2019-07-15 13:55:11,513 INFO  server.RaftServerConfigKeys (ConfUtils.java:logGet(43)) - raft.server.rpcslowness.timeout = 120s (custom)
2019-07-15 13:55:11,513 INFO  server.RaftServerConfigKeys (ConfUtils.java:logGet(43)) - raft.server.sleep.deviation.threshold = 300 (default)
2019-07-15 13:55:11,514 INFO  server.RaftServerConfigKeys (ConfUtils.java:logGet(43)) - raft.server.log.appender.install.snapshot.enabled = false (custom)
2019-07-15 13:55:11,514 INFO  impl.RaftServerImpl (ServerState.java:<init>(105)) - 2d00b472-dcb0-4605-bb91-77e4ea37b1c7:group-0322025ACD81 ConfigurationManager, init=-1: [2d00b472-dcb0-4605-bb91-77e4ea37b1c7:192.168.157.240:46738], old=null, confs=<EMPTY_MAP>
2019-07-15 13:55:11,514 INFO  server.RaftServerConfigKeys (ConfUtils.java:logGet(43)) - raft.server.storage.dir = [/workdir/hadoop-ozone/integration-test/target/test-dir/MiniOzoneClusterImpl-fa28b9af-4596-4992-971b-e70be8aa423d/datanode-4/data/ratis] (custom)
2019-07-15 13:55:11,514 INFO  storage.RaftStorageDirectory (RaftStorageDirectory.java:analyzeStorage(246)) - The storage directory /workdir/hadoop-ozone/integration-test/target/test-dir/MiniOzoneClusterImpl-fa28b9af-4596-4992-971b-e70be8aa423d/datanode-4/data/ratis/9af9cff5-5728-49fd-9852-0322025acd81 does not exist. Creating ...
2019-07-15 13:55:11,528 INFO  storage.RaftStorageDirectory (RaftStorageDirectory.java:tryLock(328)) - Lock on /workdir/hadoop-ozone/integration-test/target/test-dir/MiniOzoneClusterImpl-fa28b9af-4596-4992-971b-e70be8aa423d/datanode-4/data/ratis/9af9cff5-5728-49fd-9852-0322025acd81/in_use.lock acquired by nodename 27196@trunk-nightly-hvlc9-701369690
2019-07-15 13:55:11,541 INFO  storage.RaftStorage (RaftStorage.java:format(72)) - Storage directory /workdir/hadoop-ozone/integration-test/target/test-dir/MiniOzoneClusterImpl-fa28b9af-4596-4992-971b-e70be8aa423d/datanode-4/data/ratis/9af9cff5-5728-49fd-9852-0322025acd81 has been successfully formatted.
2019-07-15 13:55:11,542 INFO  ratis.ContainerStateMachine (ContainerStateMachine.java:loadSnapshot(200)) - group-0322025ACD81: The snapshot info is null. Setting the last applied indexto:(t:0, i:~)
2019-07-15 13:55:11,542 INFO  server.RaftServerConfigKeys (ConfUtils.java:logGet(43)) - raft.server.leader.election.timeout = 120s (custom)
2019-07-15 13:55:11,542 INFO  server.RaftServerConfigKeys (ConfUtils.java:logGet(43)) - raft.server.log.use.memory = false (default)
2019-07-15 13:55:11,542 INFO  server.RaftServerConfigKeys (ConfUtils.java:logGet(43)) - raft.server.log.purge.gap = 1000000000 (custom)
2019-07-15 13:55:11,542 INFO  server.RaftServerConfigKeys (ConfUtils.java:logGet(43)) - raft.server.log.appender.buffer.byte-limit = 33554432 (custom)
2019-07-15 13:55:11,542 INFO  server.RaftServerConfigKeys (ConfUtils.java:logGet(43)) - raft.server.log.segment.size.max = 1048576 (custom)
2019-07-15 13:55:11,542 INFO  server.RaftServerConfigKeys (ConfUtils.java:logGet(43)) - raft.server.log.segment.cache.num.max = 2 (custom)
2019-07-15 13:55:11,543 INFO  segmented.SegmentedRaftLogWorker (SegmentedRaftLogWorker.java:<init>(172)) - new 2d00b472-dcb0-4605-bb91-77e4ea37b1c7-SegmentedRaftLogWorker:Storage Directory /workdir/hadoop-ozone/integration-test/target/test-dir/MiniOzoneClusterImpl-fa28b9af-4596-4992-971b-e70be8aa423d/datanode-4/data/ratis/9af9cff5-5728-49fd-9852-0322025acd81 for RaftStorage:Storage Directory /workdir/hadoop-ozone/integration-test/target/test-dir/MiniOzoneClusterImpl-fa28b9af-4596-4992-971b-e70be8aa423d/datanode-4/data/ratis/9af9cff5-5728-49fd-9852-0322025acd81
2019-07-15 13:55:11,543 INFO  server.RaftServerConfigKeys (ConfUtils.java:logGet(43)) - raft.server.log.queue.byte-limit = 2147483647 (custom)
2019-07-15 13:55:11,543 INFO  server.RaftServerConfigKeys (ConfUtils.java:logGet(43)) - raft.server.log.queue.element-limit = 1024 (custom)
2019-07-15 13:55:11,543 INFO  server.RaftServerConfigKeys (ConfUtils.java:logGet(43)) - raft.server.log.segment.size.max = 1048576 (custom)
2019-07-15 13:55:11,543 INFO  server.RaftServerConfigKeys (ConfUtils.java:logGet(43)) - raft.server.log.preallocated.size = 16384 (custom)
2019-07-15 13:55:11,543 INFO  server.RaftServerConfigKeys (ConfUtils.java:logGet(43)) - raft.server.log.write.buffer.size = 33554432 (custom)
2019-07-15 13:55:11,544 INFO  server.RaftServerConfigKeys (ConfUtils.java:logGet(43)) - raft.server.log.force.sync.num = 128 (default)
2019-07-15 13:55:11,544 INFO  server.RaftServerConfigKeys (ConfUtils.java:logGet(43)) - raft.server.log.statemachine.data.sync = true (default)
2019-07-15 13:55:11,544 INFO  server.RaftServerConfigKeys (ConfUtils.java:logGet(43)) - raft.server.log.statemachine.data.sync.timeout = 10s (default)
2019-07-15 13:55:11,544 INFO  server.RaftServerConfigKeys (ConfUtils.java:logGet(43)) - raft.server.log.statemachine.data.sync.timeout.retry = -1 (default)
2019-07-15 13:55:11,544 INFO  server.RaftServerConfigKeys (ConfUtils.java:logGet(43)) - raft.server.log.statemachine.data.caching.enabled = true (custom)
2019-07-15 13:55:11,545 INFO  segmented.SegmentedRaftLogWorker (SegmentedRaftLogWorker.java:lambda$new$0(132)) - 2d00b472-dcb0-4605-bb91-77e4ea37b1c7-SegmentedRaftLogWorker:Storage Directory /workdir/hadoop-ozone/integration-test/target/test-dir/MiniOzoneClusterImpl-fa28b9af-4596-4992-971b-e70be8aa423d/datanode-4/data/ratis/9af9cff5-5728-49fd-9852-0322025acd81: flushIndex: setUnconditionally 0 -> -1
2019-07-15 13:55:11,545 INFO  server.RaftServerConfigKeys (ConfUtils.java:logGet(43)) - raft.server.snapshot.auto.trigger.enabled = true (custom)
2019-07-15 13:55:11,546 INFO  server.RaftServerConfigKeys (ConfUtils.java:logGet(43)) - raft.server.snapshot.auto.trigger.threshold = 10000 (custom)
2019-07-15 13:55:11,546 INFO  server.RaftServerConfigKeys (ConfUtils.java:logGet(43)) - raft.server.retrycache.expirytime = 600000ms (custom)
2019-07-15 13:55:11,546 INFO  impl.RaftServerImpl (RaftServerImpl.java:start(180)) - 2d00b472-dcb0-4605-bb91-77e4ea37b1c7: start group-0322025ACD81
2019-07-15 13:55:11,546 INFO  impl.RaftServerImpl (RaftServerImpl.java:setRole(171)) - 2d00b472-dcb0-4605-bb91-77e4ea37b1c7:group-0322025ACD81 changes role from null to FOLLOWER at term 0 for startAsFollower
2019-07-15 13:55:11,546 INFO  impl.RoleInfo (RoleInfo.java:updateAndGet(143)) - 2d00b472-dcb0-4605-bb91-77e4ea37b1c7: start FollowerState
2019-07-15 13:55:11,547 INFO  util.JmxRegister (JmxRegister.java:tryRegister(44)) - Successfully registered JMX Bean with object name Ratis:service=RaftServer,group=group-0322025ACD81,id=2d00b472-dcb0-4605-bb91-77e4ea37b1c7
2019-07-15 13:55:11,548 INFO  pipeline.PipelineStateManager (PipelineStateManager.java:addPipeline(56)) - Created pipeline Pipeline[ Id: 9af9cff5-5728-49fd-9852-0322025acd81, Nodes: 2d00b472-dcb0-4605-bb91-77e4ea37b1c7{ip: 192.168.157.240, host: trunk-nightly-hvlc9-701369690, networkLocation: /default-rack, certSerialId: null}, Type:RATIS, Factor:ONE, State:OPEN]
2019-07-15 13:55:11,672 INFO  node.SCMNodeManager (SCMNodeManager.java:register(269)) - Registered Data node : 3b6b5b8d-d680-46f1-bfb8-d706f5b52170{ip: 192.168.157.240, host: trunk-nightly-hvlc9-701369690, networkLocation: /default-rack, certSerialId: null}
2019-07-15 13:55:11,679 INFO  impl.RaftServerProxy (RaftServerProxy.java:addNew(89)) - 3b6b5b8d-d680-46f1-bfb8-d706f5b52170: addNew group-9EAD54D28E49:[3b6b5b8d-d680-46f1-bfb8-d706f5b52170:192.168.157.240:42439] returns group-9EAD54D28E49:java.util.concurrent.CompletableFuture@73123b14[Not completed]
2019-07-15 13:55:11,680 INFO  impl.RaftServerImpl (RaftServerImpl.java:<init>(93)) - 3b6b5b8d-d680-46f1-bfb8-d706f5b52170: new RaftServerImpl for group-9EAD54D28E49:[3b6b5b8d-d680-46f1-bfb8-d706f5b52170:192.168.157.240:42439] with ContainerStateMachine:uninitialized
2019-07-15 13:55:11,680 INFO  server.RaftServerConfigKeys (ConfUtils.java:logGet(43)) - raft.server.rpc.timeout.min = 5s (custom)
2019-07-15 13:55:11,680 INFO  server.RaftServerConfigKeys (ConfUtils.java:logGet(43)) - raft.server.rpc.timeout.max = 5200ms (custom)
2019-07-15 13:55:11,680 INFO  server.RaftServerConfigKeys (ConfUtils.java:logGet(43)) - raft.server.rpcslowness.timeout = 120s (custom)
2019-07-15 13:55:11,680 INFO  server.RaftServerConfigKeys (ConfUtils.java:logGet(43)) - raft.server.sleep.deviation.threshold = 300 (default)
2019-07-15 13:55:11,680 INFO  server.RaftServerConfigKeys (ConfUtils.java:logGet(43)) - raft.server.log.appender.install.snapshot.enabled = false (custom)
2019-07-15 13:55:11,680 INFO  impl.RaftServerImpl (ServerState.java:<init>(105)) - 3b6b5b8d-d680-46f1-bfb8-d706f5b52170:group-9EAD54D28E49 ConfigurationManager, init=-1: [3b6b5b8d-d680-46f1-bfb8-d706f5b52170:192.168.157.240:42439], old=null, confs=<EMPTY_MAP>
2019-07-15 13:55:11,681 INFO  server.RaftServerConfigKeys (ConfUtils.java:logGet(43)) - raft.server.storage.dir = [/workdir/hadoop-ozone/integration-test/target/test-dir/MiniOzoneClusterImpl-fa28b9af-4596-4992-971b-e70be8aa423d/datanode-5/data/ratis] (custom)
2019-07-15 13:55:11,681 INFO  storage.RaftStorageDirectory (RaftStorageDirectory.java:analyzeStorage(246)) - The storage directory /workdir/hadoop-ozone/integration-test/target/test-dir/MiniOzoneClusterImpl-fa28b9af-4596-4992-971b-e70be8aa423d/datanode-5/data/ratis/0a5936e8-81b7-4301-aaf0-9ead54d28e49 does not exist. Creating ...
2019-07-15 13:55:11,694 INFO  storage.RaftStorageDirectory (RaftStorageDirectory.java:tryLock(328)) - Lock on /workdir/hadoop-ozone/integration-test/target/test-dir/MiniOzoneClusterImpl-fa28b9af-4596-4992-971b-e70be8aa423d/datanode-5/data/ratis/0a5936e8-81b7-4301-aaf0-9ead54d28e49/in_use.lock acquired by nodename 27196@trunk-nightly-hvlc9-701369690
2019-07-15 13:55:11,707 INFO  storage.RaftStorage (RaftStorage.java:format(72)) - Storage directory /workdir/hadoop-ozone/integration-test/target/test-dir/MiniOzoneClusterImpl-fa28b9af-4596-4992-971b-e70be8aa423d/datanode-5/data/ratis/0a5936e8-81b7-4301-aaf0-9ead54d28e49 has been successfully formatted.
2019-07-15 13:55:11,707 INFO  ratis.ContainerStateMachine (ContainerStateMachine.java:loadSnapshot(200)) - group-9EAD54D28E49: The snapshot info is null. Setting the last applied indexto:(t:0, i:~)
2019-07-15 13:55:11,707 INFO  server.RaftServerConfigKeys (ConfUtils.java:logGet(43)) - raft.server.leader.election.timeout = 120s (custom)
2019-07-15 13:55:11,707 INFO  server.RaftServerConfigKeys (ConfUtils.java:logGet(43)) - raft.server.log.use.memory = false (default)
2019-07-15 13:55:11,708 INFO  server.RaftServerConfigKeys (ConfUtils.java:logGet(43)) - raft.server.log.purge.gap = 1000000000 (custom)
2019-07-15 13:55:11,708 INFO  server.RaftServerConfigKeys (ConfUtils.java:logGet(43)) - raft.server.log.appender.buffer.byte-limit = 33554432 (custom)
2019-07-15 13:55:11,708 INFO  server.RaftServerConfigKeys (ConfUtils.java:logGet(43)) - raft.server.log.segment.size.max = 1048576 (custom)
2019-07-15 13:55:11,708 INFO  server.RaftServerConfigKeys (ConfUtils.java:logGet(43)) - raft.server.log.segment.cache.num.max = 2 (custom)
2019-07-15 13:55:11,708 INFO  segmented.SegmentedRaftLogWorker (SegmentedRaftLogWorker.java:<init>(172)) - new 3b6b5b8d-d680-46f1-bfb8-d706f5b52170-SegmentedRaftLogWorker:Storage Directory /workdir/hadoop-ozone/integration-test/target/test-dir/MiniOzoneClusterImpl-fa28b9af-4596-4992-971b-e70be8aa423d/datanode-5/data/ratis/0a5936e8-81b7-4301-aaf0-9ead54d28e49 for RaftStorage:Storage Directory /workdir/hadoop-ozone/integration-test/target/test-dir/MiniOzoneClusterImpl-fa28b9af-4596-4992-971b-e70be8aa423d/datanode-5/data/ratis/0a5936e8-81b7-4301-aaf0-9ead54d28e49
2019-07-15 13:55:11,708 INFO  server.RaftServerConfigKeys (ConfUtils.java:logGet(43)) - raft.server.log.queue.byte-limit = 2147483647 (custom)
2019-07-15 13:55:11,708 INFO  server.RaftServerConfigKeys (ConfUtils.java:logGet(43)) - raft.server.log.queue.element-limit = 1024 (custom)
2019-07-15 13:55:11,709 INFO  server.RaftServerConfigKeys (ConfUtils.java:logGet(43)) - raft.server.log.segment.size.max = 1048576 (custom)
2019-07-15 13:55:11,709 INFO  server.RaftServerConfigKeys (ConfUtils.java:logGet(43)) - raft.server.log.preallocated.size = 16384 (custom)
2019-07-15 13:55:11,709 INFO  server.RaftServerConfigKeys (ConfUtils.java:logGet(43)) - raft.server.log.write.buffer.size = 33554432 (custom)
2019-07-15 13:55:11,709 INFO  server.RaftServerConfigKeys (ConfUtils.java:logGet(43)) - raft.server.log.force.sync.num = 128 (default)
2019-07-15 13:55:11,709 INFO  server.RaftServerConfigKeys (ConfUtils.java:logGet(43)) - raft.server.log.statemachine.data.sync = true (default)
2019-07-15 13:55:11,709 INFO  server.RaftServerConfigKeys (ConfUtils.java:logGet(43)) - raft.server.log.statemachine.data.sync.timeout = 10s (default)
2019-07-15 13:55:11,710 INFO  server.RaftServerConfigKeys (ConfUtils.java:logGet(43)) - raft.server.log.statemachine.data.sync.timeout.retry = -1 (default)
2019-07-15 13:55:11,710 INFO  server.RaftServerConfigKeys (ConfUtils.java:logGet(43)) - raft.server.log.statemachine.data.caching.enabled = true (custom)
2019-07-15 13:55:11,710 INFO  segmented.SegmentedRaftLogWorker (SegmentedRaftLogWorker.java:lambda$new$0(132)) - 3b6b5b8d-d680-46f1-bfb8-d706f5b52170-SegmentedRaftLogWorker:Storage Directory /workdir/hadoop-ozone/integration-test/target/test-dir/MiniOzoneClusterImpl-fa28b9af-4596-4992-971b-e70be8aa423d/datanode-5/data/ratis/0a5936e8-81b7-4301-aaf0-9ead54d28e49: flushIndex: setUnconditionally 0 -> -1
2019-07-15 13:55:11,710 INFO  server.RaftServerConfigKeys (ConfUtils.java:logGet(43)) - raft.server.snapshot.auto.trigger.enabled = true (custom)
2019-07-15 13:55:11,711 INFO  server.RaftServerConfigKeys (ConfUtils.java:logGet(43)) - raft.server.snapshot.auto.trigger.threshold = 10000 (custom)
2019-07-15 13:55:11,711 INFO  server.RaftServerConfigKeys (ConfUtils.java:logGet(43)) - raft.server.retrycache.expirytime = 600000ms (custom)
2019-07-15 13:55:11,711 INFO  impl.RaftServerImpl (RaftServerImpl.java:start(180)) - 3b6b5b8d-d680-46f1-bfb8-d706f5b52170: start group-9EAD54D28E49
2019-07-15 13:55:11,711 INFO  impl.RaftServerImpl (RaftServerImpl.java:setRole(171)) - 3b6b5b8d-d680-46f1-bfb8-d706f5b52170:group-9EAD54D28E49 changes role from null to FOLLOWER at term 0 for startAsFollower
2019-07-15 13:55:11,711 INFO  impl.RoleInfo (RoleInfo.java:updateAndGet(143)) - 3b6b5b8d-d680-46f1-bfb8-d706f5b52170: start FollowerState
2019-07-15 13:55:11,712 INFO  util.JmxRegister (JmxRegister.java:tryRegister(44)) - Successfully registered JMX Bean with object name Ratis:service=RaftServer,group=group-9EAD54D28E49,id=3b6b5b8d-d680-46f1-bfb8-d706f5b52170
2019-07-15 13:55:11,713 INFO  pipeline.PipelineStateManager (PipelineStateManager.java:addPipeline(56)) - Created pipeline Pipeline[ Id: 0a5936e8-81b7-4301-aaf0-9ead54d28e49, Nodes: 3b6b5b8d-d680-46f1-bfb8-d706f5b52170{ip: 192.168.157.240, host: trunk-nightly-hvlc9-701369690, networkLocation: /default-rack, certSerialId: null}, Type:RATIS, Factor:ONE, State:OPEN]
2019-07-15 13:55:11,723 INFO  impl.RaftServerProxy (RaftServerProxy.java:addNew(89)) - 3b6b5b8d-d680-46f1-bfb8-d706f5b52170: addNew group-2E29C4E95440:[2d00b472-dcb0-4605-bb91-77e4ea37b1c7:192.168.157.240:46738, 3b6b5b8d-d680-46f1-bfb8-d706f5b52170:192.168.157.240:42439, 0f241cde-c091-46a2-a1c2-284ac60930d7:192.168.157.240:46235] returns group-2E29C4E95440:java.util.concurrent.CompletableFuture@5e131f06[Not completed]
2019-07-15 13:55:11,723 INFO  impl.RaftServerProxy (RaftServerProxy.java:addNew(89)) - 2d00b472-dcb0-4605-bb91-77e4ea37b1c7: addNew group-2E29C4E95440:[2d00b472-dcb0-4605-bb91-77e4ea37b1c7:192.168.157.240:46738, 3b6b5b8d-d680-46f1-bfb8-d706f5b52170:192.168.157.240:42439, 0f241cde-c091-46a2-a1c2-284ac60930d7:192.168.157.240:46235] returns group-2E29C4E95440:java.util.concurrent.CompletableFuture@5cbc1df4[Not completed]
2019-07-15 13:55:11,723 INFO  impl.RaftServerProxy (RaftServerProxy.java:addNew(89)) - 0f241cde-c091-46a2-a1c2-284ac60930d7: addNew group-2E29C4E95440:[2d00b472-dcb0-4605-bb91-77e4ea37b1c7:192.168.157.240:46738, 3b6b5b8d-d680-46f1-bfb8-d706f5b52170:192.168.157.240:42439, 0f241cde-c091-46a2-a1c2-284ac60930d7:192.168.157.240:46235] returns group-2E29C4E95440:java.util.concurrent.CompletableFuture@547d6544[Not completed]
2019-07-15 13:55:11,724 INFO  impl.RaftServerImpl (RaftServerImpl.java:<init>(93)) - 3b6b5b8d-d680-46f1-bfb8-d706f5b52170: new RaftServerImpl for group-2E29C4E95440:[2d00b472-dcb0-4605-bb91-77e4ea37b1c7:192.168.157.240:46738, 3b6b5b8d-d680-46f1-bfb8-d706f5b52170:192.168.157.240:42439, 0f241cde-c091-46a2-a1c2-284ac60930d7:192.168.157.240:46235] with ContainerStateMachine:uninitialized
2019-07-15 13:55:11,725 INFO  server.RaftServerConfigKeys (ConfUtils.java:logGet(43)) - raft.server.rpc.timeout.min = 5s (custom)
2019-07-15 13:55:11,725 INFO  server.RaftServerConfigKeys (ConfUtils.java:logGet(43)) - raft.server.rpc.timeout.max = 5200ms (custom)
2019-07-15 13:55:11,725 INFO  server.RaftServerConfigKeys (ConfUtils.java:logGet(43)) - raft.server.rpcslowness.timeout = 120s (custom)
2019-07-15 13:55:11,725 INFO  impl.RaftServerImpl (RaftServerImpl.java:<init>(93)) - 2d00b472-dcb0-4605-bb91-77e4ea37b1c7: new RaftServerImpl for group-2E29C4E95440:[2d00b472-dcb0-4605-bb91-77e4ea37b1c7:192.168.157.240:46738, 3b6b5b8d-d680-46f1-bfb8-d706f5b52170:192.168.157.240:42439, 0f241cde-c091-46a2-a1c2-284ac60930d7:192.168.157.240:46235] with ContainerStateMachine:uninitialized
2019-07-15 13:55:11,725 INFO  server.RaftServerConfigKeys (ConfUtils.java:logGet(43)) - raft.server.sleep.deviation.threshold = 300 (default)
2019-07-15 13:55:11,725 INFO  impl.RaftServerImpl (RaftServerImpl.java:<init>(93)) - 0f241cde-c091-46a2-a1c2-284ac60930d7: new RaftServerImpl for group-2E29C4E95440:[2d00b472-dcb0-4605-bb91-77e4ea37b1c7:192.168.157.240:46738, 3b6b5b8d-d680-46f1-bfb8-d706f5b52170:192.168.157.240:42439, 0f241cde-c091-46a2-a1c2-284ac60930d7:192.168.157.240:46235] with ContainerStateMachine:uninitialized
2019-07-15 13:55:11,725 INFO  server.RaftServerConfigKeys (ConfUtils.java:logGet(43)) - raft.server.rpc.timeout.min = 5s (custom)
2019-07-15 13:55:11,725 INFO  server.RaftServerConfigKeys (ConfUtils.java:logGet(43)) - raft.server.rpc.timeout.min = 5s (custom)
2019-07-15 13:55:11,726 INFO  server.RaftServerConfigKeys (ConfUtils.java:logGet(43)) - raft.server.rpc.timeout.max = 5200ms (custom)
2019-07-15 13:55:11,725 INFO  server.RaftServerConfigKeys (ConfUtils.java:logGet(43)) - raft.server.log.appender.install.snapshot.enabled = false (custom)
2019-07-15 13:55:11,726 INFO  server.RaftServerConfigKeys (ConfUtils.java:logGet(43)) - raft.server.rpcslowness.timeout = 120s (custom)
2019-07-15 13:55:11,726 INFO  server.RaftServerConfigKeys (ConfUtils.java:logGet(43)) - raft.server.sleep.deviation.threshold = 300 (default)
2019-07-15 13:55:11,725 INFO  server.RaftServerConfigKeys (ConfUtils.java:logGet(43)) - raft.server.rpc.timeout.max = 5200ms (custom)
2019-07-15 13:55:11,726 INFO  server.RaftServerConfigKeys (ConfUtils.java:logGet(43)) - raft.server.log.appender.install.snapshot.enabled = false (custom)
2019-07-15 13:55:11,726 INFO  impl.RaftServerImpl (ServerState.java:<init>(105)) - 3b6b5b8d-d680-46f1-bfb8-d706f5b52170:group-2E29C4E95440 ConfigurationManager, init=-1: [2d00b472-dcb0-4605-bb91-77e4ea37b1c7:192.168.157.240:46738, 3b6b5b8d-d680-46f1-bfb8-d706f5b52170:192.168.157.240:42439, 0f241cde-c091-46a2-a1c2-284ac60930d7:192.168.157.240:46235], old=null, confs=<EMPTY_MAP>
2019-07-15 13:55:11,726 INFO  impl.RaftServerImpl (ServerState.java:<init>(105)) - 0f241cde-c091-46a2-a1c2-284ac60930d7:group-2E29C4E95440 ConfigurationManager, init=-1: [2d00b472-dcb0-4605-bb91-77e4ea37b1c7:192.168.157.240:46738, 3b6b5b8d-d680-46f1-bfb8-d706f5b52170:192.168.157.240:42439, 0f241cde-c091-46a2-a1c2-284ac60930d7:192.168.157.240:46235], old=null, confs=<EMPTY_MAP>
2019-07-15 13:55:11,726 INFO  server.RaftServerConfigKeys (ConfUtils.java:logGet(43)) - raft.server.rpcslowness.timeout = 120s (custom)
2019-07-15 13:55:11,727 INFO  server.RaftServerConfigKeys (ConfUtils.java:logGet(43)) - raft.server.storage.dir = [/workdir/hadoop-ozone/integration-test/target/test-dir/MiniOzoneClusterImpl-fa28b9af-4596-4992-971b-e70be8aa423d/datanode-3/data/ratis] (custom)
2019-07-15 13:55:11,727 INFO  server.RaftServerConfigKeys (ConfUtils.java:logGet(43)) - raft.server.storage.dir = [/workdir/hadoop-ozone/integration-test/target/test-dir/MiniOzoneClusterImpl-fa28b9af-4596-4992-971b-e70be8aa423d/datanode-5/data/ratis] (custom)
2019-07-15 13:55:11,727 INFO  server.RaftServerConfigKeys (ConfUtils.java:logGet(43)) - raft.server.sleep.deviation.threshold = 300 (default)
2019-07-15 13:55:11,727 INFO  storage.RaftStorageDirectory (RaftStorageDirectory.java:analyzeStorage(246)) - The storage directory /workdir/hadoop-ozone/integration-test/target/test-dir/MiniOzoneClusterImpl-fa28b9af-4596-4992-971b-e70be8aa423d/datanode-3/data/ratis/acb00330-eb5f-4c85-8325-2e29c4e95440 does not exist. Creating ...
2019-07-15 13:55:11,727 INFO  server.RaftServerConfigKeys (ConfUtils.java:logGet(43)) - raft.server.log.appender.install.snapshot.enabled = false (custom)
2019-07-15 13:55:11,727 INFO  storage.RaftStorageDirectory (RaftStorageDirectory.java:analyzeStorage(246)) - The storage directory /workdir/hadoop-ozone/integration-test/target/test-dir/MiniOzoneClusterImpl-fa28b9af-4596-4992-971b-e70be8aa423d/datanode-5/data/ratis/acb00330-eb5f-4c85-8325-2e29c4e95440 does not exist. Creating ...
2019-07-15 13:55:11,728 INFO  impl.RaftServerImpl (ServerState.java:<init>(105)) - 2d00b472-dcb0-4605-bb91-77e4ea37b1c7:group-2E29C4E95440 ConfigurationManager, init=-1: [2d00b472-dcb0-4605-bb91-77e4ea37b1c7:192.168.157.240:46738, 3b6b5b8d-d680-46f1-bfb8-d706f5b52170:192.168.157.240:42439, 0f241cde-c091-46a2-a1c2-284ac60930d7:192.168.157.240:46235], old=null, confs=<EMPTY_MAP>
2019-07-15 13:55:11,728 INFO  server.RaftServerConfigKeys (ConfUtils.java:logGet(43)) - raft.server.storage.dir = [/workdir/hadoop-ozone/integration-test/target/test-dir/MiniOzoneClusterImpl-fa28b9af-4596-4992-971b-e70be8aa423d/datanode-4/data/ratis] (custom)
2019-07-15 13:55:11,728 INFO  storage.RaftStorageDirectory (RaftStorageDirectory.java:analyzeStorage(246)) - The storage directory /workdir/hadoop-ozone/integration-test/target/test-dir/MiniOzoneClusterImpl-fa28b9af-4596-4992-971b-e70be8aa423d/datanode-4/data/ratis/acb00330-eb5f-4c85-8325-2e29c4e95440 does not exist. Creating ...
2019-07-15 13:55:11,741 INFO  storage.RaftStorageDirectory (RaftStorageDirectory.java:tryLock(328)) - Lock on /workdir/hadoop-ozone/integration-test/target/test-dir/MiniOzoneClusterImpl-fa28b9af-4596-4992-971b-e70be8aa423d/datanode-5/data/ratis/acb00330-eb5f-4c85-8325-2e29c4e95440/in_use.lock acquired by nodename 27196@trunk-nightly-hvlc9-701369690
2019-07-15 13:55:11,741 INFO  storage.RaftStorageDirectory (RaftStorageDirectory.java:tryLock(328)) - Lock on /workdir/hadoop-ozone/integration-test/target/test-dir/MiniOzoneClusterImpl-fa28b9af-4596-4992-971b-e70be8aa423d/datanode-4/data/ratis/acb00330-eb5f-4c85-8325-2e29c4e95440/in_use.lock acquired by nodename 27196@trunk-nightly-hvlc9-701369690
2019-07-15 13:55:11,741 INFO  storage.RaftStorageDirectory (RaftStorageDirectory.java:tryLock(328)) - Lock on /workdir/hadoop-ozone/integration-test/target/test-dir/MiniOzoneClusterImpl-fa28b9af-4596-4992-971b-e70be8aa423d/datanode-3/data/ratis/acb00330-eb5f-4c85-8325-2e29c4e95440/in_use.lock acquired by nodename 27196@trunk-nightly-hvlc9-701369690
2019-07-15 13:55:11,755 INFO  storage.RaftStorage (RaftStorage.java:format(72)) - Storage directory /workdir/hadoop-ozone/integration-test/target/test-dir/MiniOzoneClusterImpl-fa28b9af-4596-4992-971b-e70be8aa423d/datanode-5/data/ratis/acb00330-eb5f-4c85-8325-2e29c4e95440 has been successfully formatted.
2019-07-15 13:55:11,755 INFO  storage.RaftStorage (RaftStorage.java:format(72)) - Storage directory /workdir/hadoop-ozone/integration-test/target/test-dir/MiniOzoneClusterImpl-fa28b9af-4596-4992-971b-e70be8aa423d/datanode-4/data/ratis/acb00330-eb5f-4c85-8325-2e29c4e95440 has been successfully formatted.
2019-07-15 13:55:11,755 INFO  storage.RaftStorage (RaftStorage.java:format(72)) - Storage directory /workdir/hadoop-ozone/integration-test/target/test-dir/MiniOzoneClusterImpl-fa28b9af-4596-4992-971b-e70be8aa423d/datanode-3/data/ratis/acb00330-eb5f-4c85-8325-2e29c4e95440 has been successfully formatted.
2019-07-15 13:55:11,756 INFO  ratis.ContainerStateMachine (ContainerStateMachine.java:loadSnapshot(200)) - group-2E29C4E95440: The snapshot info is null. Setting the last applied indexto:(t:0, i:~)
2019-07-15 13:55:11,755 INFO  ratis.ContainerStateMachine (ContainerStateMachine.java:loadSnapshot(200)) - group-2E29C4E95440: The snapshot info is null. Setting the last applied indexto:(t:0, i:~)
2019-07-15 13:55:11,756 INFO  server.RaftServerConfigKeys (ConfUtils.java:logGet(43)) - raft.server.leader.election.timeout = 120s (custom)
2019-07-15 13:55:11,756 INFO  ratis.ContainerStateMachine (ContainerStateMachine.java:loadSnapshot(200)) - group-2E29C4E95440: The snapshot info is null. Setting the last applied indexto:(t:0, i:~)
2019-07-15 13:55:11,756 INFO  server.RaftServerConfigKeys (ConfUtils.java:logGet(43)) - raft.server.log.use.memory = false (default)
2019-07-15 13:55:11,756 INFO  server.RaftServerConfigKeys (ConfUtils.java:logGet(43)) - raft.server.leader.election.timeout = 120s (custom)
2019-07-15 13:55:11,756 INFO  server.RaftServerConfigKeys (ConfUtils.java:logGet(43)) - raft.server.log.purge.gap = 1000000000 (custom)
2019-07-15 13:55:11,756 INFO  server.RaftServerConfigKeys (ConfUtils.java:logGet(43)) - raft.server.leader.election.timeout = 120s (custom)
2019-07-15 13:55:11,757 INFO  server.RaftServerConfigKeys (ConfUtils.java:logGet(43)) - raft.server.log.appender.buffer.byte-limit = 33554432 (custom)
2019-07-15 13:55:11,757 INFO  server.RaftServerConfigKeys (ConfUtils.java:logGet(43)) - raft.server.log.use.memory = false (default)
2019-07-15 13:55:11,757 INFO  server.RaftServerConfigKeys (ConfUtils.java:logGet(43)) - raft.server.log.segment.size.max = 1048576 (custom)
2019-07-15 13:55:11,757 INFO  server.RaftServerConfigKeys (ConfUtils.java:logGet(43)) - raft.server.log.use.memory = false (default)
2019-07-15 13:55:11,757 INFO  server.RaftServerConfigKeys (ConfUtils.java:logGet(43)) - raft.server.log.segment.cache.num.max = 2 (custom)
2019-07-15 13:55:11,758 INFO  segmented.SegmentedRaftLogWorker (SegmentedRaftLogWorker.java:<init>(172)) - new 2d00b472-dcb0-4605-bb91-77e4ea37b1c7-SegmentedRaftLogWorker:Storage Directory /workdir/hadoop-ozone/integration-test/target/test-dir/MiniOzoneClusterImpl-fa28b9af-4596-4992-971b-e70be8aa423d/datanode-4/data/ratis/acb00330-eb5f-4c85-8325-2e29c4e95440 for RaftStorage:Storage Directory /workdir/hadoop-ozone/integration-test/target/test-dir/MiniOzoneClusterImpl-fa28b9af-4596-4992-971b-e70be8aa423d/datanode-4/data/ratis/acb00330-eb5f-4c85-8325-2e29c4e95440
2019-07-15 13:55:11,757 INFO  server.RaftServerConfigKeys (ConfUtils.java:logGet(43)) - raft.server.log.purge.gap = 1000000000 (custom)
2019-07-15 13:55:11,758 INFO  server.RaftServerConfigKeys (ConfUtils.java:logGet(43)) - raft.server.log.queue.byte-limit = 2147483647 (custom)
2019-07-15 13:55:11,758 INFO  server.RaftServerConfigKeys (ConfUtils.java:logGet(43)) - raft.server.log.queue.element-limit = 1024 (custom)
2019-07-15 13:55:11,757 INFO  server.RaftServerConfigKeys (ConfUtils.java:logGet(43)) - raft.server.log.purge.gap = 1000000000 (custom)
2019-07-15 13:55:11,758 INFO  server.RaftServerConfigKeys (ConfUtils.java:logGet(43)) - raft.server.log.segment.size.max = 1048576 (custom)
2019-07-15 13:55:11,758 INFO  server.RaftServerConfigKeys (ConfUtils.java:logGet(43)) - raft.server.log.appender.buffer.byte-limit = 33554432 (custom)
2019-07-15 13:55:11,759 INFO  server.RaftServerConfigKeys (ConfUtils.java:logGet(43)) - raft.server.log.preallocated.size = 16384 (custom)
2019-07-15 13:55:11,759 INFO  server.RaftServerConfigKeys (ConfUtils.java:logGet(43)) - raft.server.log.appender.buffer.byte-limit = 33554432 (custom)
2019-07-15 13:55:11,759 INFO  server.RaftServerConfigKeys (ConfUtils.java:logGet(43)) - raft.server.log.write.buffer.size = 33554432 (custom)
2019-07-15 13:55:11,759 INFO  server.RaftServerConfigKeys (ConfUtils.java:logGet(43)) - raft.server.log.force.sync.num = 128 (default)
2019-07-15 13:55:11,759 INFO  server.RaftServerConfigKeys (ConfUtils.java:logGet(43)) - raft.server.log.segment.size.max = 1048576 (custom)
2019-07-15 13:55:11,759 INFO  server.RaftServerConfigKeys (ConfUtils.java:logGet(43)) - raft.server.log.statemachine.data.sync = true (default)
2019-07-15 13:55:11,759 INFO  server.RaftServerConfigKeys (ConfUtils.java:logGet(43)) - raft.server.log.segment.size.max = 1048576 (custom)
2019-07-15 13:55:11,760 INFO  server.RaftServerConfigKeys (ConfUtils.java:logGet(43)) - raft.server.log.statemachine.data.sync.timeout = 10s (default)
2019-07-15 13:55:11,760 INFO  server.RaftServerConfigKeys (ConfUtils.java:logGet(43)) - raft.server.log.statemachine.data.sync.timeout.retry = -1 (default)
2019-07-15 13:55:11,760 INFO  server.RaftServerConfigKeys (ConfUtils.java:logGet(43)) - raft.server.log.segment.cache.num.max = 2 (custom)
2019-07-15 13:55:11,760 INFO  server.RaftServerConfigKeys (ConfUtils.java:logGet(43)) - raft.server.log.statemachine.data.caching.enabled = true (custom)
2019-07-15 13:55:11,760 INFO  server.RaftServerConfigKeys (ConfUtils.java:logGet(43)) - raft.server.log.segment.cache.num.max = 2 (custom)
2019-07-15 13:55:11,932 INFO  segmented.SegmentedRaftLogWorker (SegmentedRaftLogWorker.java:lambda$new$0(132)) - 2d00b472-dcb0-4605-bb91-77e4ea37b1c7-SegmentedRaftLogWorker:Storage Directory /workdir/hadoop-ozone/integration-test/target/test-dir/MiniOzoneClusterImpl-fa28b9af-4596-4992-971b-e70be8aa423d/datanode-4/data/ratis/acb00330-eb5f-4c85-8325-2e29c4e95440: flushIndex: setUnconditionally 0 -> -1
2019-07-15 13:55:11,931 INFO  ozone.MiniOzoneClusterImpl (MiniOzoneClusterImpl.java:lambda$waitForClusterToBeReady$0(142)) - Waiting for cluster to be ready. Got 6 of 7 DN Heartbeats.
2019-07-15 13:55:11,931 INFO  segmented.SegmentedRaftLogWorker (SegmentedRaftLogWorker.java:<init>(172)) - new 3b6b5b8d-d680-46f1-bfb8-d706f5b52170-SegmentedRaftLogWorker:Storage Directory /workdir/hadoop-ozone/integration-test/target/test-dir/MiniOzoneClusterImpl-fa28b9af-4596-4992-971b-e70be8aa423d/datanode-5/data/ratis/acb00330-eb5f-4c85-8325-2e29c4e95440 for RaftStorage:Storage Directory /workdir/hadoop-ozone/integration-test/target/test-dir/MiniOzoneClusterImpl-fa28b9af-4596-4992-971b-e70be8aa423d/datanode-5/data/ratis/acb00330-eb5f-4c85-8325-2e29c4e95440
2019-07-15 13:55:11,932 INFO  segmented.SegmentedRaftLogWorker (SegmentedRaftLogWorker.java:<init>(172)) - new 0f241cde-c091-46a2-a1c2-284ac60930d7-SegmentedRaftLogWorker:Storage Directory /workdir/hadoop-ozone/integration-test/target/test-dir/MiniOzoneClusterImpl-fa28b9af-4596-4992-971b-e70be8aa423d/datanode-3/data/ratis/acb00330-eb5f-4c85-8325-2e29c4e95440 for RaftStorage:Storage Directory /workdir/hadoop-ozone/integration-test/target/test-dir/MiniOzoneClusterImpl-fa28b9af-4596-4992-971b-e70be8aa423d/datanode-3/data/ratis/acb00330-eb5f-4c85-8325-2e29c4e95440
2019-07-15 13:55:11,933 INFO  server.RaftServerConfigKeys (ConfUtils.java:logGet(43)) - raft.server.log.queue.byte-limit = 2147483647 (custom)
2019-07-15 13:55:11,933 INFO  server.RaftServerConfigKeys (ConfUtils.java:logGet(43)) - raft.server.log.queue.byte-limit = 2147483647 (custom)
2019-07-15 13:55:11,933 INFO  server.RaftServerConfigKeys (ConfUtils.java:logGet(43)) - raft.server.log.queue.element-limit = 1024 (custom)
2019-07-15 13:55:11,933 INFO  server.RaftServerConfigKeys (ConfUtils.java:logGet(43)) - raft.server.snapshot.auto.trigger.enabled = true (custom)
2019-07-15 13:55:11,934 INFO  server.RaftServerConfigKeys (ConfUtils.java:logGet(43)) - raft.server.log.segment.size.max = 1048576 (custom)
2019-07-15 13:55:11,934 INFO  server.RaftServerConfigKeys (ConfUtils.java:logGet(43)) - raft.server.log.preallocated.size = 16384 (custom)
2019-07-15 13:55:11,933 INFO  server.RaftServerConfigKeys (ConfUtils.java:logGet(43)) - raft.server.log.queue.element-limit = 1024 (custom)
2019-07-15 13:55:11,934 INFO  server.RaftServerConfigKeys (ConfUtils.java:logGet(43)) - raft.server.log.write.buffer.size = 33554432 (custom)
2019-07-15 13:55:11,934 INFO  server.RaftServerConfigKeys (ConfUtils.java:logGet(43)) - raft.server.log.force.sync.num = 128 (default)
2019-07-15 13:55:11,934 INFO  server.RaftServerConfigKeys (ConfUtils.java:logGet(43)) - raft.server.snapshot.auto.trigger.threshold = 10000 (custom)
2019-07-15 13:55:11,935 INFO  server.RaftServerConfigKeys (ConfUtils.java:logGet(43)) - raft.server.log.statemachine.data.sync = true (default)
2019-07-15 13:55:11,934 INFO  server.RaftServerConfigKeys (ConfUtils.java:logGet(43)) - raft.server.log.segment.size.max = 1048576 (custom)
2019-07-15 13:55:11,935 INFO  server.RaftServerConfigKeys (ConfUtils.java:logGet(43)) - raft.server.log.statemachine.data.sync.timeout = 10s (default)
2019-07-15 13:55:11,935 INFO  server.RaftServerConfigKeys (ConfUtils.java:logGet(43)) - raft.server.log.statemachine.data.sync.timeout.retry = -1 (default)
2019-07-15 13:55:11,935 INFO  server.RaftServerConfigKeys (ConfUtils.java:logGet(43)) - raft.server.retrycache.expirytime = 600000ms (custom)
2019-07-15 13:55:11,936 INFO  server.RaftServerConfigKeys (ConfUtils.java:logGet(43)) - raft.server.log.statemachine.data.caching.enabled = true (custom)
2019-07-15 13:55:11,935 INFO  server.RaftServerConfigKeys (ConfUtils.java:logGet(43)) - raft.server.log.preallocated.size = 16384 (custom)
2019-07-15 13:55:11,936 INFO  impl.RaftServerImpl (RaftServerImpl.java:start(180)) - 2d00b472-dcb0-4605-bb91-77e4ea37b1c7: start group-2E29C4E95440
2019-07-15 13:55:11,936 INFO  server.RaftServerConfigKeys (ConfUtils.java:logGet(43)) - raft.server.log.write.buffer.size = 33554432 (custom)
2019-07-15 13:55:11,936 INFO  segmented.SegmentedRaftLogWorker (SegmentedRaftLogWorker.java:lambda$new$0(132)) - 3b6b5b8d-d680-46f1-bfb8-d706f5b52170-SegmentedRaftLogWorker:Storage Directory /workdir/hadoop-ozone/integration-test/target/test-dir/MiniOzoneClusterImpl-fa28b9af-4596-4992-971b-e70be8aa423d/datanode-5/data/ratis/acb00330-eb5f-4c85-8325-2e29c4e95440: flushIndex: setUnconditionally 0 -> -1
2019-07-15 13:55:11,936 INFO  server.RaftServerConfigKeys (ConfUtils.java:logGet(43)) - raft.server.log.force.sync.num = 128 (default)
2019-07-15 13:55:11,937 INFO  server.RaftServerConfigKeys (ConfUtils.java:logGet(43)) - raft.server.log.statemachine.data.sync = true (default)
2019-07-15 13:55:11,936 INFO  impl.RaftServerImpl (RaftServerImpl.java:setRole(171)) - 2d00b472-dcb0-4605-bb91-77e4ea37b1c7:group-2E29C4E95440 changes role from null to FOLLOWER at term 0 for startAsFollower
2019-07-15 13:55:11,937 INFO  server.RaftServerConfigKeys (ConfUtils.java:logGet(43)) - raft.server.log.statemachine.data.sync.timeout = 10s (default)
2019-07-15 13:55:11,937 INFO  server.RaftServerConfigKeys (ConfUtils.java:logGet(43)) - raft.server.snapshot.auto.trigger.enabled = true (custom)
2019-07-15 13:55:11,937 INFO  impl.RoleInfo (RoleInfo.java:updateAndGet(143)) - 2d00b472-dcb0-4605-bb91-77e4ea37b1c7: start FollowerState
2019-07-15 13:55:11,937 INFO  server.RaftServerConfigKeys (ConfUtils.java:logGet(43)) - raft.server.snapshot.auto.trigger.threshold = 10000 (custom)
2019-07-15 13:55:11,937 INFO  node.SCMNodeManager (SCMNodeManager.java:register(269)) - Registered Data node : e1bb9e9b-8b84-4f32-923d-1277e702def5{ip: 192.168.157.240, host: trunk-nightly-hvlc9-701369690, networkLocation: /default-rack, certSerialId: null}
2019-07-15 13:55:11,937 INFO  server.RaftServerConfigKeys (ConfUtils.java:logGet(43)) - raft.server.log.statemachine.data.sync.timeout.retry = -1 (default)
2019-07-15 13:55:11,938 INFO  server.RaftServerConfigKeys (ConfUtils.java:logGet(43)) - raft.server.log.statemachine.data.caching.enabled = true (custom)
2019-07-15 13:55:11,939 INFO  util.JmxRegister (JmxRegister.java:tryRegister(44)) - Successfully registered JMX Bean with object name Ratis:service=RaftServer,group=group-2E29C4E95440,id=2d00b472-dcb0-4605-bb91-77e4ea37b1c7
2019-07-15 13:55:11,939 INFO  segmented.SegmentedRaftLogWorker (SegmentedRaftLogWorker.java:lambda$new$0(132)) - 0f241cde-c091-46a2-a1c2-284ac60930d7-SegmentedRaftLogWorker:Storage Directory /workdir/hadoop-ozone/integration-test/target/test-dir/MiniOzoneClusterImpl-fa28b9af-4596-4992-971b-e70be8aa423d/datanode-3/data/ratis/acb00330-eb5f-4c85-8325-2e29c4e95440: flushIndex: setUnconditionally 0 -> -1
2019-07-15 13:55:11,938 INFO  server.RaftServerConfigKeys (ConfUtils.java:logGet(43)) - raft.server.retrycache.expirytime = 600000ms (custom)
2019-07-15 13:55:11,939 INFO  impl.RaftServerImpl (RaftServerImpl.java:start(180)) - 3b6b5b8d-d680-46f1-bfb8-d706f5b52170: start group-2E29C4E95440
2019-07-15 13:55:11,939 INFO  impl.RaftServerImpl (RaftServerImpl.java:setRole(171)) - 3b6b5b8d-d680-46f1-bfb8-d706f5b52170:group-2E29C4E95440 changes role from null to FOLLOWER at term 0 for startAsFollower
2019-07-15 13:55:11,943 INFO  impl.RoleInfo (RoleInfo.java:updateAndGet(143)) - 3b6b5b8d-d680-46f1-bfb8-d706f5b52170: start FollowerState
2019-07-15 13:55:11,943 INFO  server.RaftServerConfigKeys (ConfUtils.java:logGet(43)) - raft.server.snapshot.auto.trigger.enabled = true (custom)
2019-07-15 13:55:11,946 INFO  server.RaftServerConfigKeys (ConfUtils.java:logGet(43)) - raft.server.snapshot.auto.trigger.threshold = 10000 (custom)
2019-07-15 13:55:11,948 INFO  util.JmxRegister (JmxRegister.java:tryRegister(44)) - Successfully registered JMX Bean with object name Ratis:service=RaftServer,group=group-2E29C4E95440,id=3b6b5b8d-d680-46f1-bfb8-d706f5b52170
2019-07-15 13:55:11,949 INFO  server.RaftServerConfigKeys (ConfUtils.java:logGet(43)) - raft.server.retrycache.expirytime = 600000ms (custom)
2019-07-15 13:55:11,949 INFO  impl.RaftServerImpl (RaftServerImpl.java:start(180)) - 0f241cde-c091-46a2-a1c2-284ac60930d7: start group-2E29C4E95440
2019-07-15 13:55:11,949 INFO  impl.RaftServerImpl (RaftServerImpl.java:setRole(171)) - 0f241cde-c091-46a2-a1c2-284ac60930d7:group-2E29C4E95440 changes role from null to FOLLOWER at term 0 for startAsFollower
2019-07-15 13:55:11,952 INFO  impl.RoleInfo (RoleInfo.java:updateAndGet(143)) - 0f241cde-c091-46a2-a1c2-284ac60930d7: start FollowerState
2019-07-15 13:55:11,955 INFO  util.JmxRegister (JmxRegister.java:tryRegister(44)) - Successfully registered JMX Bean with object name Ratis:service=RaftServer,group=group-2E29C4E95440,id=0f241cde-c091-46a2-a1c2-284ac60930d7
2019-07-15 13:55:12,010 INFO  pipeline.PipelineStateManager (PipelineStateManager.java:addPipeline(56)) - Created pipeline Pipeline[ Id: acb00330-eb5f-4c85-8325-2e29c4e95440, Nodes: 2d00b472-dcb0-4605-bb91-77e4ea37b1c7{ip: 192.168.157.240, host: trunk-nightly-hvlc9-701369690, networkLocation: /default-rack, certSerialId: null}3b6b5b8d-d680-46f1-bfb8-d706f5b52170{ip: 192.168.157.240, host: trunk-nightly-hvlc9-701369690, networkLocation: /default-rack, certSerialId: null}0f241cde-c091-46a2-a1c2-284ac60930d7{ip: 192.168.157.240, host: trunk-nightly-hvlc9-701369690, networkLocation: /default-rack, certSerialId: null}, Type:RATIS, Factor:THREE, State:OPEN]
2019-07-15 13:55:12,933 INFO  ozone.MiniOzoneClusterImpl (MiniOzoneClusterImpl.java:lambda$waitForClusterToBeReady$0(142)) - Cluster is ready. Got 7 of 7 DN Heartbeats.
2019-07-15 13:55:12,991 INFO  rpc.RpcClient (RpcClient.java:createVolume(287)) - Creating Volume: testblockoutputstream, with jenkins1000 as owner.
2019-07-15 13:55:13,013 INFO  rpc.RpcClient (RpcClient.java:createBucket(424)) - Creating Bucket: testblockoutputstream/testblockoutputstream, with Versioning false and Storage Type set to DISK and Encryption set to false 
2019-07-15 13:55:13,050 INFO  client.GrpcClientProtocolClient (GrpcClientProtocolClient.java:onNext(255)) - client-4C73FA2AEBDA->2d00b472-dcb0-4605-bb91-77e4ea37b1c7: receive RaftClientReply:client-4C73FA2AEBDA->2d00b472-dcb0-4605-bb91-77e4ea37b1c7@group-2E29C4E95440, cid=264, FAILED org.apache.ratis.protocol.NotLeaderException: Server 2d00b472-dcb0-4605-bb91-77e4ea37b1c7 is not the leader (null). Request must be sent to leader., logIndex=0, commits[2d00b472-dcb0-4605-bb91-77e4ea37b1c7:c-1]
2019-07-15 13:55:13,815 INFO  container.ReplicationManager (ReplicationManager.java:start(155)) - Starting Replication Monitor Thread.
2019-07-15 13:55:13,820 INFO  container.ReplicationManager (ReplicationManager.java:run(207)) - Replication Monitor Thread took 1 milliseconds for processing 1 containers.
2019-07-15 13:55:14,066 INFO  client.GrpcClientProtocolClient (GrpcClientProtocolClient.java:onNext(255)) - client-4C73FA2AEBDA->3b6b5b8d-d680-46f1-bfb8-d706f5b52170: receive RaftClientReply:client-4C73FA2AEBDA->3b6b5b8d-d680-46f1-bfb8-d706f5b52170@group-2E29C4E95440, cid=264, FAILED org.apache.ratis.protocol.NotLeaderException: Server 3b6b5b8d-d680-46f1-bfb8-d706f5b52170 is not the leader (null). Request must be sent to leader., logIndex=0, commits[3b6b5b8d-d680-46f1-bfb8-d706f5b52170:c-1]
2019-07-15 13:55:15,074 INFO  client.GrpcClientProtocolClient (GrpcClientProtocolClient.java:onNext(255)) - client-4C73FA2AEBDA->2d00b472-dcb0-4605-bb91-77e4ea37b1c7: receive RaftClientReply:client-4C73FA2AEBDA->2d00b472-dcb0-4605-bb91-77e4ea37b1c7@group-2E29C4E95440, cid=264, FAILED org.apache.ratis.protocol.NotLeaderException: Server 2d00b472-dcb0-4605-bb91-77e4ea37b1c7 is not the leader (null). Request must be sent to leader., logIndex=0, commits[2d00b472-dcb0-4605-bb91-77e4ea37b1c7:c-1]
2019-07-15 13:55:15,894 INFO  impl.FollowerState (FollowerState.java:run(106)) - 46567dc6-cf2d-4106-8d3b-c9237d36b748:group-8C4055CDCA2F changes to CANDIDATE, lastRpcTime:5036, electionTimeout:5036ms
2019-07-15 13:55:15,894 INFO  impl.RoleInfo (RoleInfo.java:shutdownFollowerState(121)) - 46567dc6-cf2d-4106-8d3b-c9237d36b748: shutdown FollowerState
2019-07-15 13:55:15,894 INFO  impl.RaftServerImpl (RaftServerImpl.java:setRole(171)) - 46567dc6-cf2d-4106-8d3b-c9237d36b748:group-8C4055CDCA2F changes role from FOLLOWER to CANDIDATE at term 0 for changeToCandidate
2019-07-15 13:55:15,894 INFO  impl.RoleInfo (RoleInfo.java:updateAndGet(143)) - 46567dc6-cf2d-4106-8d3b-c9237d36b748: start LeaderElection
2019-07-15 13:55:15,918 INFO  impl.LeaderElection (LeaderElection.java:askForVotes(181)) - 46567dc6-cf2d-4106-8d3b-c9237d36b748:group-8C4055CDCA2F:LeaderElection101: begin an election at term 1 for -1: [46567dc6-cf2d-4106-8d3b-c9237d36b748:192.168.157.240:38175], old=null
2019-07-15 13:55:15,918 INFO  impl.RoleInfo (RoleInfo.java:shutdownLeaderElection(134)) - 46567dc6-cf2d-4106-8d3b-c9237d36b748: shutdown LeaderElection
2019-07-15 13:55:15,919 INFO  impl.RaftServerImpl (RaftServerImpl.java:setRole(171)) - 46567dc6-cf2d-4106-8d3b-c9237d36b748:group-8C4055CDCA2F changes role from CANDIDATE to LEADER at term 1 for changeToLeader
2019-07-15 13:55:15,919 INFO  impl.RaftServerImpl (ServerState.java:setLeader(263)) - 46567dc6-cf2d-4106-8d3b-c9237d36b748:group-8C4055CDCA2F change Leader from null to 46567dc6-cf2d-4106-8d3b-c9237d36b748 at term 1 for becomeLeader, leader elected after 5066ms
2019-07-15 13:55:15,921 INFO  server.RaftServerConfigKeys (ConfUtils.java:logGet(43)) - raft.server.staging.catchup.gap = 1000 (default)
2019-07-15 13:55:15,921 INFO  server.RaftServerConfigKeys (ConfUtils.java:logGet(43)) - raft.server.rpc.sleep.time = 25ms (default)
2019-07-15 13:55:15,922 INFO  server.RaftServerConfigKeys (ConfUtils.java:logGet(43)) - raft.server.write.element-limit = 4096 (default)
2019-07-15 13:55:15,922 INFO  server.RaftServerConfigKeys (ConfUtils.java:logGet(43)) - raft.server.watch.timeout = 10s (default)
2019-07-15 13:55:15,922 INFO  server.RaftServerConfigKeys (ConfUtils.java:logGet(43)) - raft.server.watch.timeout.denomination = 1s (default)
2019-07-15 13:55:15,922 INFO  server.RaftServerConfigKeys (ConfUtils.java:logGet(43)) - raft.server.watch.element-limit = 65536 (default)
2019-07-15 13:55:15,922 INFO  impl.RoleInfo (RoleInfo.java:updateAndGet(143)) - 46567dc6-cf2d-4106-8d3b-c9237d36b748: start LeaderState
2019-07-15 13:55:15,923 INFO  segmented.SegmentedRaftLogWorker (SegmentedRaftLogWorker.java:startLogSegment(380)) - 46567dc6-cf2d-4106-8d3b-c9237d36b748-SegmentedRaftLogWorker:Storage Directory /workdir/hadoop-ozone/integration-test/target/test-dir/MiniOzoneClusterImpl-fa28b9af-4596-4992-971b-e70be8aa423d/datanode-0/data/ratis/dd0d7bd1-0064-4ef3-9224-8c4055cdca2f: Starting segment from index:0
2019-07-15 13:55:15,923 INFO  impl.RaftServerImpl (ServerState.java:setRaftConf(361)) - 46567dc6-cf2d-4106-8d3b-c9237d36b748:group-8C4055CDCA2F set configuration 0: [46567dc6-cf2d-4106-8d3b-c9237d36b748:192.168.157.240:38175], old=null at 0
2019-07-15 13:55:15,954 INFO  segmented.SegmentedRaftLogWorker (SegmentedRaftLogWorker.java:execute(569)) - 46567dc6-cf2d-4106-8d3b-c9237d36b748-SegmentedRaftLogWorker:Storage Directory /workdir/hadoop-ozone/integration-test/target/test-dir/MiniOzoneClusterImpl-fa28b9af-4596-4992-971b-e70be8aa423d/datanode-0/data/ratis/dd0d7bd1-0064-4ef3-9224-8c4055cdca2f: created new log segment /workdir/hadoop-ozone/integration-test/target/test-dir/MiniOzoneClusterImpl-fa28b9af-4596-4992-971b-e70be8aa423d/datanode-0/data/ratis/dd0d7bd1-0064-4ef3-9224-8c4055cdca2f/current/log_inprogress_0
2019-07-15 13:55:16,086 INFO  client.GrpcClientProtocolClient (GrpcClientProtocolClient.java:onNext(255)) - client-4C73FA2AEBDA->0f241cde-c091-46a2-a1c2-284ac60930d7: receive RaftClientReply:client-4C73FA2AEBDA->0f241cde-c091-46a2-a1c2-284ac60930d7@group-2E29C4E95440, cid=264, FAILED org.apache.ratis.protocol.NotLeaderException: Server 0f241cde-c091-46a2-a1c2-284ac60930d7 is not the leader (null). Request must be sent to leader., logIndex=0, commits[0f241cde-c091-46a2-a1c2-284ac60930d7:c-1]
2019-07-15 13:55:16,146 INFO  impl.FollowerState (FollowerState.java:run(106)) - 9710020f-1df5-4517-aaee-879ceba01d63:group-421B7FE86CB9 changes to CANDIDATE, lastRpcTime:5083, electionTimeout:5083ms
2019-07-15 13:55:16,146 INFO  impl.RoleInfo (RoleInfo.java:shutdownFollowerState(121)) - 9710020f-1df5-4517-aaee-879ceba01d63: shutdown FollowerState
2019-07-15 13:55:16,146 INFO  impl.RaftServerImpl (RaftServerImpl.java:setRole(171)) - 9710020f-1df5-4517-aaee-879ceba01d63:group-421B7FE86CB9 changes role from FOLLOWER to CANDIDATE at term 0 for changeToCandidate
2019-07-15 13:55:16,146 INFO  impl.RoleInfo (RoleInfo.java:updateAndGet(143)) - 9710020f-1df5-4517-aaee-879ceba01d63: start LeaderElection
2019-07-15 13:55:16,167 INFO  impl.LeaderElection (LeaderElection.java:askForVotes(181)) - 9710020f-1df5-4517-aaee-879ceba01d63:group-421B7FE86CB9:LeaderElection102: begin an election at term 1 for -1: [9710020f-1df5-4517-aaee-879ceba01d63:192.168.157.240:37782], old=null
2019-07-15 13:55:16,167 INFO  impl.RoleInfo (RoleInfo.java:shutdownLeaderElection(134)) - 9710020f-1df5-4517-aaee-879ceba01d63: shutdown LeaderElection
2019-07-15 13:55:16,167 INFO  impl.RaftServerImpl (RaftServerImpl.java:setRole(171)) - 9710020f-1df5-4517-aaee-879ceba01d63:group-421B7FE86CB9 changes role from CANDIDATE to LEADER at term 1 for changeToLeader
2019-07-15 13:55:16,167 INFO  impl.RaftServerImpl (ServerState.java:setLeader(263)) - 9710020f-1df5-4517-aaee-879ceba01d63:group-421B7FE86CB9 change Leader from null to 9710020f-1df5-4517-aaee-879ceba01d63 at term 1 for becomeLeader, leader elected after 5109ms
2019-07-15 13:55:16,169 INFO  server.RaftServerConfigKeys (ConfUtils.java:logGet(43)) - raft.server.staging.catchup.gap = 1000 (default)
2019-07-15 13:55:16,170 INFO  server.RaftServerConfigKeys (ConfUtils.java:logGet(43)) - raft.server.rpc.sleep.time = 25ms (default)
2019-07-15 13:55:16,170 INFO  server.RaftServerConfigKeys (ConfUtils.java:logGet(43)) - raft.server.write.element-limit = 4096 (default)
2019-07-15 13:55:16,170 INFO  server.RaftServerConfigKeys (ConfUtils.java:logGet(43)) - raft.server.watch.timeout = 10s (default)
2019-07-15 13:55:16,170 INFO  server.RaftServerConfigKeys (ConfUtils.java:logGet(43)) - raft.server.watch.timeout.denomination = 1s (default)
2019-07-15 13:55:16,170 INFO  server.RaftServerConfigKeys (ConfUtils.java:logGet(43)) - raft.server.watch.element-limit = 65536 (default)
2019-07-15 13:55:16,170 INFO  impl.RoleInfo (RoleInfo.java:updateAndGet(143)) - 9710020f-1df5-4517-aaee-879ceba01d63: start LeaderState
2019-07-15 13:55:16,171 INFO  segmented.SegmentedRaftLogWorker (SegmentedRaftLogWorker.java:startLogSegment(380)) - 9710020f-1df5-4517-aaee-879ceba01d63-SegmentedRaftLogWorker:Storage Directory /workdir/hadoop-ozone/integration-test/target/test-dir/MiniOzoneClusterImpl-fa28b9af-4596-4992-971b-e70be8aa423d/datanode-1/data/ratis/2981129b-dcef-4a5a-b9f1-421b7fe86cb9: Starting segment from index:0
2019-07-15 13:55:16,171 INFO  impl.RaftServerImpl (ServerState.java:setRaftConf(361)) - 9710020f-1df5-4517-aaee-879ceba01d63:group-421B7FE86CB9 set configuration 0: [9710020f-1df5-4517-aaee-879ceba01d63:192.168.157.240:37782], old=null at 0
2019-07-15 13:55:16,202 INFO  segmented.SegmentedRaftLogWorker (SegmentedRaftLogWorker.java:execute(569)) - 9710020f-1df5-4517-aaee-879ceba01d63-SegmentedRaftLogWorker:Storage Directory /workdir/hadoop-ozone/integration-test/target/test-dir/MiniOzoneClusterImpl-fa28b9af-4596-4992-971b-e70be8aa423d/datanode-1/data/ratis/2981129b-dcef-4a5a-b9f1-421b7fe86cb9: created new log segment /workdir/hadoop-ozone/integration-test/target/test-dir/MiniOzoneClusterImpl-fa28b9af-4596-4992-971b-e70be8aa423d/datanode-1/data/ratis/2981129b-dcef-4a5a-b9f1-421b7fe86cb9/current/log_inprogress_0
2019-07-15 13:55:16,243 INFO  impl.FollowerState (FollowerState.java:run(106)) - 28d81efa-a30c-462a-b619-b6bf87a2135a:group-819111D363E1 changes to CANDIDATE, lastRpcTime:5029, electionTimeout:5029ms
2019-07-15 13:55:16,243 INFO  impl.RoleInfo (RoleInfo.java:shutdownFollowerState(121)) - 28d81efa-a30c-462a-b619-b6bf87a2135a: shutdown FollowerState
2019-07-15 13:55:16,243 INFO  impl.RaftServerImpl (RaftServerImpl.java:setRole(171)) - 28d81efa-a30c-462a-b619-b6bf87a2135a:group-819111D363E1 changes role from FOLLOWER to CANDIDATE at term 0 for changeToCandidate
2019-07-15 13:55:16,244 INFO  impl.RoleInfo (RoleInfo.java:updateAndGet(143)) - 28d81efa-a30c-462a-b619-b6bf87a2135a: start LeaderElection
2019-07-15 13:55:16,267 INFO  impl.LeaderElection (LeaderElection.java:askForVotes(181)) - 28d81efa-a30c-462a-b619-b6bf87a2135a:group-819111D363E1:LeaderElection103: begin an election at term 1 for -1: [28d81efa-a30c-462a-b619-b6bf87a2135a:192.168.157.240:41476], old=null
2019-07-15 13:55:16,267 INFO  impl.RoleInfo (RoleInfo.java:shutdownLeaderElection(134)) - 28d81efa-a30c-462a-b619-b6bf87a2135a: shutdown LeaderElection
2019-07-15 13:55:16,267 INFO  impl.RaftServerImpl (RaftServerImpl.java:setRole(171)) - 28d81efa-a30c-462a-b619-b6bf87a2135a:group-819111D363E1 changes role from CANDIDATE to LEADER at term 1 for changeToLeader
2019-07-15 13:55:16,267 INFO  impl.RaftServerImpl (ServerState.java:setLeader(263)) - 28d81efa-a30c-462a-b619-b6bf87a2135a:group-819111D363E1 change Leader from null to 28d81efa-a30c-462a-b619-b6bf87a2135a at term 1 for becomeLeader, leader elected after 5057ms
2019-07-15 13:55:16,269 INFO  server.RaftServerConfigKeys (ConfUtils.java:logGet(43)) - raft.server.staging.catchup.gap = 1000 (default)
2019-07-15 13:55:16,270 INFO  server.RaftServerConfigKeys (ConfUtils.java:logGet(43)) - raft.server.rpc.sleep.time = 25ms (default)
2019-07-15 13:55:16,270 INFO  server.RaftServerConfigKeys (ConfUtils.java:logGet(43)) - raft.server.write.element-limit = 4096 (default)
2019-07-15 13:55:16,270 INFO  server.RaftServerConfigKeys (ConfUtils.java:logGet(43)) - raft.server.watch.timeout = 10s (default)
2019-07-15 13:55:16,270 INFO  server.RaftServerConfigKeys (ConfUtils.java:logGet(43)) - raft.server.watch.timeout.denomination = 1s (default)
2019-07-15 13:55:16,270 INFO  server.RaftServerConfigKeys (ConfUtils.java:logGet(43)) - raft.server.watch.element-limit = 65536 (default)
2019-07-15 13:55:16,270 INFO  impl.RoleInfo (RoleInfo.java:updateAndGet(143)) - 28d81efa-a30c-462a-b619-b6bf87a2135a: start LeaderState
2019-07-15 13:55:16,271 INFO  segmented.SegmentedRaftLogWorker (SegmentedRaftLogWorker.java:startLogSegment(380)) - 28d81efa-a30c-462a-b619-b6bf87a2135a-SegmentedRaftLogWorker:Storage Directory /workdir/hadoop-ozone/integration-test/target/test-dir/MiniOzoneClusterImpl-fa28b9af-4596-4992-971b-e70be8aa423d/datanode-2/data/ratis/103a5eca-3bdb-418e-b503-819111d363e1: Starting segment from index:0
2019-07-15 13:55:16,271 INFO  impl.RaftServerImpl (ServerState.java:setRaftConf(361)) - 28d81efa-a30c-462a-b619-b6bf87a2135a:group-819111D363E1 set configuration 0: [28d81efa-a30c-462a-b619-b6bf87a2135a:192.168.157.240:41476], old=null at 0
2019-07-15 13:55:16,302 INFO  segmented.SegmentedRaftLogWorker (SegmentedRaftLogWorker.java:execute(569)) - 28d81efa-a30c-462a-b619-b6bf87a2135a-SegmentedRaftLogWorker:Storage Directory /workdir/hadoop-ozone/integration-test/target/test-dir/MiniOzoneClusterImpl-fa28b9af-4596-4992-971b-e70be8aa423d/datanode-2/data/ratis/103a5eca-3bdb-418e-b503-819111d363e1: created new log segment /workdir/hadoop-ozone/integration-test/target/test-dir/MiniOzoneClusterImpl-fa28b9af-4596-4992-971b-e70be8aa423d/datanode-2/data/ratis/103a5eca-3bdb-418e-b503-819111d363e1/current/log_inprogress_0
2019-07-15 13:55:16,368 INFO  impl.FollowerState (FollowerState.java:run(106)) - 9710020f-1df5-4517-aaee-879ceba01d63:group-980989788E60 changes to CANDIDATE, lastRpcTime:5095, electionTimeout:5095ms
2019-07-15 13:55:16,368 INFO  impl.RoleInfo (RoleInfo.java:shutdownFollowerState(121)) - 9710020f-1df5-4517-aaee-879ceba01d63: shutdown FollowerState
2019-07-15 13:55:16,368 INFO  impl.RaftServerImpl (RaftServerImpl.java:setRole(171)) - 9710020f-1df5-4517-aaee-879ceba01d63:group-980989788E60 changes role from FOLLOWER to CANDIDATE at term 0 for changeToCandidate
2019-07-15 13:55:16,368 INFO  impl.RoleInfo (RoleInfo.java:updateAndGet(143)) - 9710020f-1df5-4517-aaee-879ceba01d63: start LeaderElection
2019-07-15 13:55:16,389 INFO  impl.LeaderElection (LeaderElection.java:askForVotes(181)) - 9710020f-1df5-4517-aaee-879ceba01d63:group-980989788E60:LeaderElection104: begin an election at term 1 for -1: [28d81efa-a30c-462a-b619-b6bf87a2135a:192.168.157.240:41476, 9710020f-1df5-4517-aaee-879ceba01d63:192.168.157.240:37782, 46567dc6-cf2d-4106-8d3b-c9237d36b748:192.168.157.240:38175], old=null
2019-07-15 13:55:16,398 INFO  impl.RaftServerImpl (RaftServerImpl.java:setRole(171)) - 28d81efa-a30c-462a-b619-b6bf87a2135a:group-980989788E60 changes role from FOLLOWER to FOLLOWER at term 1 for recognizeCandidate:9710020f-1df5-4517-aaee-879ceba01d63
2019-07-15 13:55:16,398 INFO  impl.RaftServerImpl (RaftServerImpl.java:setRole(171)) - 46567dc6-cf2d-4106-8d3b-c9237d36b748:group-980989788E60 changes role from FOLLOWER to FOLLOWER at term 1 for recognizeCandidate:9710020f-1df5-4517-aaee-879ceba01d63
2019-07-15 13:55:16,398 INFO  impl.RoleInfo (RoleInfo.java:shutdownFollowerState(121)) - 28d81efa-a30c-462a-b619-b6bf87a2135a: shutdown FollowerState
2019-07-15 13:55:16,398 INFO  impl.RoleInfo (RoleInfo.java:shutdownFollowerState(121)) - 46567dc6-cf2d-4106-8d3b-c9237d36b748: shutdown FollowerState
2019-07-15 13:55:16,398 INFO  impl.FollowerState (FollowerState.java:run(114)) - 28d81efa-a30c-462a-b619-b6bf87a2135a: FollowerState was interrupted: java.lang.InterruptedException: sleep interrupted
2019-07-15 13:55:16,398 INFO  impl.RoleInfo (RoleInfo.java:updateAndGet(143)) - 28d81efa-a30c-462a-b619-b6bf87a2135a: start FollowerState
2019-07-15 13:55:16,399 INFO  impl.FollowerState (FollowerState.java:run(114)) - 46567dc6-cf2d-4106-8d3b-c9237d36b748: FollowerState was interrupted: java.lang.InterruptedException: sleep interrupted
2019-07-15 13:55:16,399 INFO  impl.RoleInfo (RoleInfo.java:updateAndGet(143)) - 46567dc6-cf2d-4106-8d3b-c9237d36b748: start FollowerState
2019-07-15 13:55:16,414 INFO  impl.FollowerState (FollowerState.java:run(106)) - 0f241cde-c091-46a2-a1c2-284ac60930d7:group-2DE7B7D5FB63 changes to CANDIDATE, lastRpcTime:5024, electionTimeout:5024ms
2019-07-15 13:55:16,414 INFO  impl.RoleInfo (RoleInfo.java:shutdownFollowerState(121)) - 0f241cde-c091-46a2-a1c2-284ac60930d7: shutdown FollowerState
2019-07-15 13:55:16,414 INFO  impl.RaftServerImpl (RaftServerImpl.java:setRole(171)) - 0f241cde-c091-46a2-a1c2-284ac60930d7:group-2DE7B7D5FB63 changes role from FOLLOWER to CANDIDATE at term 0 for changeToCandidate
2019-07-15 13:55:16,414 INFO  impl.RoleInfo (RoleInfo.java:updateAndGet(143)) - 0f241cde-c091-46a2-a1c2-284ac60930d7: start LeaderElection
2019-07-15 13:55:16,422 INFO  impl.LeaderElection (LeaderElection.java:logAndReturn(56)) - 9710020f-1df5-4517-aaee-879ceba01d63:group-980989788E60:LeaderElection104: Election PASSED; received 1 response(s) [9710020f-1df5-4517-aaee-879ceba01d63<-46567dc6-cf2d-4106-8d3b-c9237d36b748#0:OK-t1] and 0 exception(s); 9710020f-1df5-4517-aaee-879ceba01d63:t1, leader=null, voted=9710020f-1df5-4517-aaee-879ceba01d63, raftlog=9710020f-1df5-4517-aaee-879ceba01d63-SegmentedRaftLog:OPENED:c-1,f-1,i0, conf=-1: [28d81efa-a30c-462a-b619-b6bf87a2135a:192.168.157.240:41476, 9710020f-1df5-4517-aaee-879ceba01d63:192.168.157.240:37782, 46567dc6-cf2d-4106-8d3b-c9237d36b748:192.168.157.240:38175], old=null
2019-07-15 13:55:16,422 INFO  impl.RoleInfo (RoleInfo.java:shutdownLeaderElection(134)) - 9710020f-1df5-4517-aaee-879ceba01d63: shutdown LeaderElection
2019-07-15 13:55:16,422 INFO  impl.RaftServerImpl (RaftServerImpl.java:setRole(171)) - 9710020f-1df5-4517-aaee-879ceba01d63:group-980989788E60 changes role from CANDIDATE to LEADER at term 1 for changeToLeader
2019-07-15 13:55:16,422 INFO  impl.RaftServerImpl (ServerState.java:setLeader(263)) - 9710020f-1df5-4517-aaee-879ceba01d63:group-980989788E60 change Leader from null to 9710020f-1df5-4517-aaee-879ceba01d63 at term 1 for becomeLeader, leader elected after 5162ms
2019-07-15 13:55:16,423 INFO  server.RaftServerConfigKeys (ConfUtils.java:logGet(43)) - raft.server.staging.catchup.gap = 1000 (default)
2019-07-15 13:55:16,423 INFO  server.RaftServerConfigKeys (ConfUtils.java:logGet(43)) - raft.server.rpc.sleep.time = 25ms (default)
2019-07-15 13:55:16,423 INFO  server.RaftServerConfigKeys (ConfUtils.java:logGet(43)) - raft.server.write.element-limit = 4096 (default)
2019-07-15 13:55:16,423 INFO  server.RaftServerConfigKeys (ConfUtils.java:logGet(43)) - raft.server.watch.timeout = 10s (default)
2019-07-15 13:55:16,423 INFO  server.RaftServerConfigKeys (ConfUtils.java:logGet(43)) - raft.server.watch.timeout.denomination = 1s (default)
2019-07-15 13:55:16,423 INFO  server.RaftServerConfigKeys (ConfUtils.java:logGet(43)) - raft.server.watch.element-limit = 65536 (default)
2019-07-15 13:55:16,424 INFO  server.RaftServerConfigKeys (ConfUtils.java:logGet(43)) - raft.server.log.appender.snapshot.chunk.size.max = 16MB (=16777216) (default)
2019-07-15 13:55:16,424 INFO  server.RaftServerConfigKeys (ConfUtils.java:logGet(43)) - raft.server.log.appender.buffer.byte-limit = 33554432 (custom)
2019-07-15 13:55:16,424 INFO  server.RaftServerConfigKeys (ConfUtils.java:logGet(43)) - raft.server.log.appender.buffer.element-limit = 1 (custom)
2019-07-15 13:55:16,424 INFO  grpc.GrpcConfigKeys$Server (ConfUtils.java:logGet(43)) - raft.grpc.server.leader.outstanding.appends.max = 128 (default)
2019-07-15 13:55:16,424 INFO  server.RaftServerConfigKeys (ConfUtils.java:logGet(43)) - raft.server.rpc.request.timeout = 3000ms (default)
2019-07-15 13:55:16,425 INFO  server.RaftServerConfigKeys (ConfUtils.java:logGet(43)) - raft.server.log.appender.install.snapshot.enabled = false (custom)
2019-07-15 13:55:16,425 INFO  server.RaftServerConfigKeys (ConfUtils.java:logGet(43)) - raft.server.log.appender.snapshot.chunk.size.max = 16MB (=16777216) (default)
2019-07-15 13:55:16,425 INFO  server.RaftServerConfigKeys (ConfUtils.java:logGet(43)) - raft.server.log.appender.buffer.byte-limit = 33554432 (custom)
2019-07-15 13:55:16,425 INFO  server.RaftServerConfigKeys (ConfUtils.java:logGet(43)) - raft.server.log.appender.buffer.element-limit = 1 (custom)
2019-07-15 13:55:16,425 INFO  grpc.GrpcConfigKeys$Server (ConfUtils.java:logGet(43)) - raft.grpc.server.leader.outstanding.appends.max = 128 (default)
2019-07-15 13:55:16,425 INFO  server.RaftServerConfigKeys (ConfUtils.java:logGet(43)) - raft.server.rpc.request.timeout = 3000ms (default)
2019-07-15 13:55:16,426 INFO  server.RaftServerConfigKeys (ConfUtils.java:logGet(43)) - raft.server.log.appender.install.snapshot.enabled = false (custom)
2019-07-15 13:55:16,426 INFO  impl.RoleInfo (RoleInfo.java:updateAndGet(143)) - 9710020f-1df5-4517-aaee-879ceba01d63: start LeaderState
2019-07-15 13:55:16,426 INFO  segmented.SegmentedRaftLogWorker (SegmentedRaftLogWorker.java:startLogSegment(380)) - 9710020f-1df5-4517-aaee-879ceba01d63-SegmentedRaftLogWorker:Storage Directory /workdir/hadoop-ozone/integration-test/target/test-dir/MiniOzoneClusterImpl-fa28b9af-4596-4992-971b-e70be8aa423d/datanode-1/data/ratis/78d2f69f-847b-4855-a97a-980989788e60: Starting segment from index:0
2019-07-15 13:55:16,427 INFO  impl.RaftServerImpl (ServerState.java:setRaftConf(361)) - 9710020f-1df5-4517-aaee-879ceba01d63:group-980989788E60 set configuration 0: [28d81efa-a30c-462a-b619-b6bf87a2135a:192.168.157.240:41476, 9710020f-1df5-4517-aaee-879ceba01d63:192.168.157.240:37782, 46567dc6-cf2d-4106-8d3b-c9237d36b748:192.168.157.240:38175], old=null at 0
2019-07-15 13:55:16,428 INFO  impl.RaftServerImpl (ServerState.java:setLeader(263)) - 28d81efa-a30c-462a-b619-b6bf87a2135a:group-980989788E60 change Leader from null to 9710020f-1df5-4517-aaee-879ceba01d63 at term 1 for appendEntries, leader elected after 5167ms
2019-07-15 13:55:16,428 INFO  impl.RaftServerImpl (ServerState.java:setLeader(263)) - 46567dc6-cf2d-4106-8d3b-c9237d36b748:group-980989788E60 change Leader from null to 9710020f-1df5-4517-aaee-879ceba01d63 at term 1 for appendEntries, leader elected after 5167ms
2019-07-15 13:55:16,447 INFO  impl.LeaderElection (LeaderElection.java:askForVotes(181)) - 0f241cde-c091-46a2-a1c2-284ac60930d7:group-2DE7B7D5FB63:LeaderElection105: begin an election at term 1 for -1: [0f241cde-c091-46a2-a1c2-284ac60930d7:192.168.157.240:46235], old=null
2019-07-15 13:55:16,458 INFO  impl.RoleInfo (RoleInfo.java:shutdownLeaderElection(134)) - 0f241cde-c091-46a2-a1c2-284ac60930d7: shutdown LeaderElection
2019-07-15 13:55:16,458 INFO  impl.RaftServerImpl (RaftServerImpl.java:setRole(171)) - 0f241cde-c091-46a2-a1c2-284ac60930d7:group-2DE7B7D5FB63 changes role from CANDIDATE to LEADER at term 1 for changeToLeader
2019-07-15 13:55:16,458 INFO  impl.RaftServerImpl (ServerState.java:setLeader(263)) - 0f241cde-c091-46a2-a1c2-284ac60930d7:group-2DE7B7D5FB63 change Leader from null to 0f241cde-c091-46a2-a1c2-284ac60930d7 at term 1 for becomeLeader, leader elected after 5072ms
2019-07-15 13:55:16,460 INFO  server.RaftServerConfigKeys (ConfUtils.java:logGet(43)) - raft.server.staging.catchup.gap = 1000 (default)
2019-07-15 13:55:16,460 INFO  segmented.SegmentedRaftLogWorker (SegmentedRaftLogWorker.java:execute(569)) - 9710020f-1df5-4517-aaee-879ceba01d63-SegmentedRaftLogWorker:Storage Directory /workdir/hadoop-ozone/integration-test/target/test-dir/MiniOzoneClusterImpl-fa28b9af-4596-4992-971b-e70be8aa423d/datanode-1/data/ratis/78d2f69f-847b-4855-a97a-980989788e60: created new log segment /workdir/hadoop-ozone/integration-test/target/test-dir/MiniOzoneClusterImpl-fa28b9af-4596-4992-971b-e70be8aa423d/datanode-1/data/ratis/78d2f69f-847b-4855-a97a-980989788e60/current/log_inprogress_0
2019-07-15 13:55:16,461 INFO  server.RaftServerConfigKeys (ConfUtils.java:logGet(43)) - raft.server.rpc.sleep.time = 25ms (default)
2019-07-15 13:55:16,461 INFO  server.RaftServerConfigKeys (ConfUtils.java:logGet(43)) - raft.server.write.element-limit = 4096 (default)
2019-07-15 13:55:16,461 INFO  server.RaftServerConfigKeys (ConfUtils.java:logGet(43)) - raft.server.watch.timeout = 10s (default)
2019-07-15 13:55:16,461 INFO  server.RaftServerConfigKeys (ConfUtils.java:logGet(43)) - raft.server.watch.timeout.denomination = 1s (default)
2019-07-15 13:55:16,462 INFO  server.RaftServerConfigKeys (ConfUtils.java:logGet(43)) - raft.server.watch.element-limit = 65536 (default)
2019-07-15 13:55:16,464 INFO  impl.RaftServerImpl (ServerState.java:setRaftConf(361)) - 46567dc6-cf2d-4106-8d3b-c9237d36b748:group-980989788E60 set configuration 0: [28d81efa-a30c-462a-b619-b6bf87a2135a:192.168.157.240:41476, 9710020f-1df5-4517-aaee-879ceba01d63:192.168.157.240:37782, 46567dc6-cf2d-4106-8d3b-c9237d36b748:192.168.157.240:38175], old=null at 0
2019-07-15 13:55:16,464 INFO  impl.RaftServerImpl (ServerState.java:setRaftConf(361)) - 28d81efa-a30c-462a-b619-b6bf87a2135a:group-980989788E60 set configuration 0: [28d81efa-a30c-462a-b619-b6bf87a2135a:192.168.157.240:41476, 9710020f-1df5-4517-aaee-879ceba01d63:192.168.157.240:37782, 46567dc6-cf2d-4106-8d3b-c9237d36b748:192.168.157.240:38175], old=null at 0
2019-07-15 13:55:16,464 INFO  impl.RoleInfo (RoleInfo.java:updateAndGet(143)) - 0f241cde-c091-46a2-a1c2-284ac60930d7: start LeaderState
2019-07-15 13:55:16,465 INFO  segmented.SegmentedRaftLogWorker (SegmentedRaftLogWorker.java:startLogSegment(380)) - 28d81efa-a30c-462a-b619-b6bf87a2135a-SegmentedRaftLogWorker:Storage Directory /workdir/hadoop-ozone/integration-test/target/test-dir/MiniOzoneClusterImpl-fa28b9af-4596-4992-971b-e70be8aa423d/datanode-2/data/ratis/78d2f69f-847b-4855-a97a-980989788e60: Starting segment from index:0
2019-07-15 13:55:16,464 INFO  segmented.SegmentedRaftLogWorker (SegmentedRaftLogWorker.java:startLogSegment(380)) - 46567dc6-cf2d-4106-8d3b-c9237d36b748-SegmentedRaftLogWorker:Storage Directory /workdir/hadoop-ozone/integration-test/target/test-dir/MiniOzoneClusterImpl-fa28b9af-4596-4992-971b-e70be8aa423d/datanode-0/data/ratis/78d2f69f-847b-4855-a97a-980989788e60: Starting segment from index:0
2019-07-15 13:55:16,465 INFO  segmented.SegmentedRaftLogWorker (SegmentedRaftLogWorker.java:startLogSegment(380)) - 0f241cde-c091-46a2-a1c2-284ac60930d7-SegmentedRaftLogWorker:Storage Directory /workdir/hadoop-ozone/integration-test/target/test-dir/MiniOzoneClusterImpl-fa28b9af-4596-4992-971b-e70be8aa423d/datanode-3/data/ratis/1b06b445-f8a7-4a21-b4e1-2de7b7d5fb63: Starting segment from index:0
2019-07-15 13:55:16,466 INFO  impl.RaftServerImpl (ServerState.java:setRaftConf(361)) - 0f241cde-c091-46a2-a1c2-284ac60930d7:group-2DE7B7D5FB63 set configuration 0: [0f241cde-c091-46a2-a1c2-284ac60930d7:192.168.157.240:46235], old=null at 0
2019-07-15 13:55:16,495 INFO  segmented.SegmentedRaftLogWorker (SegmentedRaftLogWorker.java:execute(569)) - 46567dc6-cf2d-4106-8d3b-c9237d36b748-SegmentedRaftLogWorker:Storage Directory /workdir/hadoop-ozone/integration-test/target/test-dir/MiniOzoneClusterImpl-fa28b9af-4596-4992-971b-e70be8aa423d/datanode-0/data/ratis/78d2f69f-847b-4855-a97a-980989788e60: created new log segment /workdir/hadoop-ozone/integration-test/target/test-dir/MiniOzoneClusterImpl-fa28b9af-4596-4992-971b-e70be8aa423d/datanode-0/data/ratis/78d2f69f-847b-4855-a97a-980989788e60/current/log_inprogress_0
2019-07-15 13:55:16,495 INFO  segmented.SegmentedRaftLogWorker (SegmentedRaftLogWorker.java:execute(569)) - 28d81efa-a30c-462a-b619-b6bf87a2135a-SegmentedRaftLogWorker:Storage Directory /workdir/hadoop-ozone/integration-test/target/test-dir/MiniOzoneClusterImpl-fa28b9af-4596-4992-971b-e70be8aa423d/datanode-2/data/ratis/78d2f69f-847b-4855-a97a-980989788e60: created new log segment /workdir/hadoop-ozone/integration-test/target/test-dir/MiniOzoneClusterImpl-fa28b9af-4596-4992-971b-e70be8aa423d/datanode-2/data/ratis/78d2f69f-847b-4855-a97a-980989788e60/current/log_inprogress_0
2019-07-15 13:55:16,495 INFO  segmented.SegmentedRaftLogWorker (SegmentedRaftLogWorker.java:execute(569)) - 0f241cde-c091-46a2-a1c2-284ac60930d7-SegmentedRaftLogWorker:Storage Directory /workdir/hadoop-ozone/integration-test/target/test-dir/MiniOzoneClusterImpl-fa28b9af-4596-4992-971b-e70be8aa423d/datanode-3/data/ratis/1b06b445-f8a7-4a21-b4e1-2de7b7d5fb63: created new log segment /workdir/hadoop-ozone/integration-test/target/test-dir/MiniOzoneClusterImpl-fa28b9af-4596-4992-971b-e70be8aa423d/datanode-3/data/ratis/1b06b445-f8a7-4a21-b4e1-2de7b7d5fb63/current/log_inprogress_0
2019-07-15 13:55:16,569 INFO  impl.FollowerState (FollowerState.java:run(106)) - 2d00b472-dcb0-4605-bb91-77e4ea37b1c7:group-0322025ACD81 changes to CANDIDATE, lastRpcTime:5022, electionTimeout:5022ms
2019-07-15 13:55:16,569 INFO  impl.RoleInfo (RoleInfo.java:shutdownFollowerState(121)) - 2d00b472-dcb0-4605-bb91-77e4ea37b1c7: shutdown FollowerState
2019-07-15 13:55:16,569 INFO  impl.RaftServerImpl (RaftServerImpl.java:setRole(171)) - 2d00b472-dcb0-4605-bb91-77e4ea37b1c7:group-0322025ACD81 changes role from FOLLOWER to CANDIDATE at term 0 for changeToCandidate
2019-07-15 13:55:16,569 INFO  impl.RoleInfo (RoleInfo.java:updateAndGet(143)) - 2d00b472-dcb0-4605-bb91-77e4ea37b1c7: start LeaderElection
2019-07-15 13:55:16,582 INFO  impl.LeaderElection (LeaderElection.java:askForVotes(181)) - 2d00b472-dcb0-4605-bb91-77e4ea37b1c7:group-0322025ACD81:LeaderElection106: begin an election at term 1 for -1: [2d00b472-dcb0-4605-bb91-77e4ea37b1c7:192.168.157.240:46738], old=null
2019-07-15 13:55:16,582 INFO  impl.RoleInfo (RoleInfo.java:shutdownLeaderElection(134)) - 2d00b472-dcb0-4605-bb91-77e4ea37b1c7: shutdown LeaderElection
2019-07-15 13:55:16,582 INFO  impl.RaftServerImpl (RaftServerImpl.java:setRole(171)) - 2d00b472-dcb0-4605-bb91-77e4ea37b1c7:group-0322025ACD81 changes role from CANDIDATE to LEADER at term 1 for changeToLeader
2019-07-15 13:55:16,582 INFO  impl.RaftServerImpl (ServerState.java:setLeader(263)) - 2d00b472-dcb0-4605-bb91-77e4ea37b1c7:group-0322025ACD81 change Leader from null to 2d00b472-dcb0-4605-bb91-77e4ea37b1c7 at term 1 for becomeLeader, leader elected after 5040ms
2019-07-15 13:55:16,584 INFO  server.RaftServerConfigKeys (ConfUtils.java:logGet(43)) - raft.server.staging.catchup.gap = 1000 (default)
2019-07-15 13:55:16,584 INFO  server.RaftServerConfigKeys (ConfUtils.java:logGet(43)) - raft.server.rpc.sleep.time = 25ms (default)
2019-07-15 13:55:16,585 INFO  server.RaftServerConfigKeys (ConfUtils.java:logGet(43)) - raft.server.write.element-limit = 4096 (default)
2019-07-15 13:55:16,585 INFO  server.RaftServerConfigKeys (ConfUtils.java:logGet(43)) - raft.server.watch.timeout = 10s (default)
2019-07-15 13:55:16,585 INFO  server.RaftServerConfigKeys (ConfUtils.java:logGet(43)) - raft.server.watch.timeout.denomination = 1s (default)
2019-07-15 13:55:16,585 INFO  server.RaftServerConfigKeys (ConfUtils.java:logGet(43)) - raft.server.watch.element-limit = 65536 (default)
2019-07-15 13:55:16,585 INFO  impl.RoleInfo (RoleInfo.java:updateAndGet(143)) - 2d00b472-dcb0-4605-bb91-77e4ea37b1c7: start LeaderState
2019-07-15 13:55:16,585 INFO  segmented.SegmentedRaftLogWorker (SegmentedRaftLogWorker.java:startLogSegment(380)) - 2d00b472-dcb0-4605-bb91-77e4ea37b1c7-SegmentedRaftLogWorker:Storage Directory /workdir/hadoop-ozone/integration-test/target/test-dir/MiniOzoneClusterImpl-fa28b9af-4596-4992-971b-e70be8aa423d/datanode-4/data/ratis/9af9cff5-5728-49fd-9852-0322025acd81: Starting segment from index:0
2019-07-15 13:55:16,586 INFO  impl.RaftServerImpl (ServerState.java:setRaftConf(361)) - 2d00b472-dcb0-4605-bb91-77e4ea37b1c7:group-0322025ACD81 set configuration 0: [2d00b472-dcb0-4605-bb91-77e4ea37b1c7:192.168.157.240:46738], old=null at 0
2019-07-15 13:55:16,606 INFO  segmented.SegmentedRaftLogWorker (SegmentedRaftLogWorker.java:execute(569)) - 2d00b472-dcb0-4605-bb91-77e4ea37b1c7-SegmentedRaftLogWorker:Storage Directory /workdir/hadoop-ozone/integration-test/target/test-dir/MiniOzoneClusterImpl-fa28b9af-4596-4992-971b-e70be8aa423d/datanode-4/data/ratis/9af9cff5-5728-49fd-9852-0322025acd81: created new log segment /workdir/hadoop-ozone/integration-test/target/test-dir/MiniOzoneClusterImpl-fa28b9af-4596-4992-971b-e70be8aa423d/datanode-4/data/ratis/9af9cff5-5728-49fd-9852-0322025acd81/current/log_inprogress_0
2019-07-15 13:55:16,715 INFO  impl.FollowerState (FollowerState.java:run(106)) - 3b6b5b8d-d680-46f1-bfb8-d706f5b52170:group-9EAD54D28E49 changes to CANDIDATE, lastRpcTime:5003, electionTimeout:5003ms
2019-07-15 13:55:16,715 INFO  impl.RoleInfo (RoleInfo.java:shutdownFollowerState(121)) - 3b6b5b8d-d680-46f1-bfb8-d706f5b52170: shutdown FollowerState
2019-07-15 13:55:16,715 INFO  impl.RaftServerImpl (RaftServerImpl.java:setRole(171)) - 3b6b5b8d-d680-46f1-bfb8-d706f5b52170:group-9EAD54D28E49 changes role from FOLLOWER to CANDIDATE at term 0 for changeToCandidate
2019-07-15 13:55:16,715 INFO  impl.RoleInfo (RoleInfo.java:updateAndGet(143)) - 3b6b5b8d-d680-46f1-bfb8-d706f5b52170: start LeaderElection
2019-07-15 13:55:16,735 INFO  impl.LeaderElection (LeaderElection.java:askForVotes(181)) - 3b6b5b8d-d680-46f1-bfb8-d706f5b52170:group-9EAD54D28E49:LeaderElection107: begin an election at term 1 for -1: [3b6b5b8d-d680-46f1-bfb8-d706f5b52170:192.168.157.240:42439], old=null
2019-07-15 13:55:16,735 INFO  impl.RoleInfo (RoleInfo.java:shutdownLeaderElection(134)) - 3b6b5b8d-d680-46f1-bfb8-d706f5b52170: shutdown LeaderElection
2019-07-15 13:55:16,735 INFO  impl.RaftServerImpl (RaftServerImpl.java:setRole(171)) - 3b6b5b8d-d680-46f1-bfb8-d706f5b52170:group-9EAD54D28E49 changes role from CANDIDATE to LEADER at term 1 for changeToLeader
2019-07-15 13:55:16,735 INFO  impl.RaftServerImpl (ServerState.java:setLeader(263)) - 3b6b5b8d-d680-46f1-bfb8-d706f5b52170:group-9EAD54D28E49 change Leader from null to 3b6b5b8d-d680-46f1-bfb8-d706f5b52170 at term 1 for becomeLeader, leader elected after 5028ms
2019-07-15 13:55:16,738 INFO  server.RaftServerConfigKeys (ConfUtils.java:logGet(43)) - raft.server.staging.catchup.gap = 1000 (default)
2019-07-15 13:55:16,738 INFO  server.RaftServerConfigKeys (ConfUtils.java:logGet(43)) - raft.server.rpc.sleep.time = 25ms (default)
2019-07-15 13:55:16,738 INFO  server.RaftServerConfigKeys (ConfUtils.java:logGet(43)) - raft.server.write.element-limit = 4096 (default)
2019-07-15 13:55:16,738 INFO  server.RaftServerConfigKeys (ConfUtils.java:logGet(43)) - raft.server.watch.timeout = 10s (default)
2019-07-15 13:55:16,738 INFO  server.RaftServerConfigKeys (ConfUtils.java:logGet(43)) - raft.server.watch.timeout.denomination = 1s (default)
2019-07-15 13:55:16,738 INFO  server.RaftServerConfigKeys (ConfUtils.java:logGet(43)) - raft.server.watch.element-limit = 65536 (default)
2019-07-15 13:55:16,739 INFO  impl.RoleInfo (RoleInfo.java:updateAndGet(143)) - 3b6b5b8d-d680-46f1-bfb8-d706f5b52170: start LeaderState
2019-07-15 13:55:16,739 INFO  segmented.SegmentedRaftLogWorker (SegmentedRaftLogWorker.java:startLogSegment(380)) - 3b6b5b8d-d680-46f1-bfb8-d706f5b52170-SegmentedRaftLogWorker:Storage Directory /workdir/hadoop-ozone/integration-test/target/test-dir/MiniOzoneClusterImpl-fa28b9af-4596-4992-971b-e70be8aa423d/datanode-5/data/ratis/0a5936e8-81b7-4301-aaf0-9ead54d28e49: Starting segment from index:0
2019-07-15 13:55:16,739 INFO  impl.RaftServerImpl (ServerState.java:setRaftConf(361)) - 3b6b5b8d-d680-46f1-bfb8-d706f5b52170:group-9EAD54D28E49 set configuration 0: [3b6b5b8d-d680-46f1-bfb8-d706f5b52170:192.168.157.240:42439], old=null at 0
2019-07-15 13:55:16,771 INFO  segmented.SegmentedRaftLogWorker (SegmentedRaftLogWorker.java:execute(569)) - 3b6b5b8d-d680-46f1-bfb8-d706f5b52170-SegmentedRaftLogWorker:Storage Directory /workdir/hadoop-ozone/integration-test/target/test-dir/MiniOzoneClusterImpl-fa28b9af-4596-4992-971b-e70be8aa423d/datanode-5/data/ratis/0a5936e8-81b7-4301-aaf0-9ead54d28e49: created new log segment /workdir/hadoop-ozone/integration-test/target/test-dir/MiniOzoneClusterImpl-fa28b9af-4596-4992-971b-e70be8aa423d/datanode-5/data/ratis/0a5936e8-81b7-4301-aaf0-9ead54d28e49/current/log_inprogress_0
2019-07-15 13:55:16,983 INFO  impl.FollowerState (FollowerState.java:run(106)) - 0f241cde-c091-46a2-a1c2-284ac60930d7:group-2E29C4E95440 changes to CANDIDATE, lastRpcTime:5031, electionTimeout:5028ms
2019-07-15 13:55:16,983 INFO  impl.RoleInfo (RoleInfo.java:shutdownFollowerState(121)) - 0f241cde-c091-46a2-a1c2-284ac60930d7: shutdown FollowerState
2019-07-15 13:55:16,983 INFO  impl.RaftServerImpl (RaftServerImpl.java:setRole(171)) - 0f241cde-c091-46a2-a1c2-284ac60930d7:group-2E29C4E95440 changes role from FOLLOWER to CANDIDATE at term 0 for changeToCandidate
2019-07-15 13:55:16,983 INFO  impl.RoleInfo (RoleInfo.java:updateAndGet(143)) - 0f241cde-c091-46a2-a1c2-284ac60930d7: start LeaderElection
2019-07-15 13:55:17,003 INFO  impl.LeaderElection (LeaderElection.java:askForVotes(181)) - 0f241cde-c091-46a2-a1c2-284ac60930d7:group-2E29C4E95440:LeaderElection108: begin an election at term 1 for -1: [2d00b472-dcb0-4605-bb91-77e4ea37b1c7:192.168.157.240:46738, 3b6b5b8d-d680-46f1-bfb8-d706f5b52170:192.168.157.240:42439, 0f241cde-c091-46a2-a1c2-284ac60930d7:192.168.157.240:46235], old=null
2019-07-15 13:55:17,008 INFO  impl.RaftServerImpl (RaftServerImpl.java:setRole(171)) - 3b6b5b8d-d680-46f1-bfb8-d706f5b52170:group-2E29C4E95440 changes role from FOLLOWER to FOLLOWER at term 1 for recognizeCandidate:0f241cde-c091-46a2-a1c2-284ac60930d7
2019-07-15 13:55:17,008 INFO  impl.RaftServerImpl (RaftServerImpl.java:setRole(171)) - 2d00b472-dcb0-4605-bb91-77e4ea37b1c7:group-2E29C4E95440 changes role from FOLLOWER to FOLLOWER at term 1 for recognizeCandidate:0f241cde-c091-46a2-a1c2-284ac60930d7
2019-07-15 13:55:17,008 INFO  impl.RoleInfo (RoleInfo.java:shutdownFollowerState(121)) - 3b6b5b8d-d680-46f1-bfb8-d706f5b52170: shutdown FollowerState
2019-07-15 13:55:17,008 INFO  impl.RoleInfo (RoleInfo.java:shutdownFollowerState(121)) - 2d00b472-dcb0-4605-bb91-77e4ea37b1c7: shutdown FollowerState
2019-07-15 13:55:17,009 INFO  impl.FollowerState (FollowerState.java:run(114)) - 3b6b5b8d-d680-46f1-bfb8-d706f5b52170: FollowerState was interrupted: java.lang.InterruptedException: sleep interrupted
2019-07-15 13:55:17,009 INFO  impl.FollowerState (FollowerState.java:run(114)) - 2d00b472-dcb0-4605-bb91-77e4ea37b1c7: FollowerState was interrupted: java.lang.InterruptedException: sleep interrupted
2019-07-15 13:55:17,008 INFO  impl.RoleInfo (RoleInfo.java:updateAndGet(143)) - 3b6b5b8d-d680-46f1-bfb8-d706f5b52170: start FollowerState
2019-07-15 13:55:17,009 INFO  impl.RoleInfo (RoleInfo.java:updateAndGet(143)) - 2d00b472-dcb0-4605-bb91-77e4ea37b1c7: start FollowerState
2019-07-15 13:55:17,025 INFO  impl.LeaderElection (LeaderElection.java:logAndReturn(56)) - 0f241cde-c091-46a2-a1c2-284ac60930d7:group-2E29C4E95440:LeaderElection108: Election PASSED; received 1 response(s) [0f241cde-c091-46a2-a1c2-284ac60930d7<-2d00b472-dcb0-4605-bb91-77e4ea37b1c7#0:OK-t1] and 0 exception(s); 0f241cde-c091-46a2-a1c2-284ac60930d7:t1, leader=null, voted=0f241cde-c091-46a2-a1c2-284ac60930d7, raftlog=0f241cde-c091-46a2-a1c2-284ac60930d7-SegmentedRaftLog:OPENED:c-1,f-1,i0, conf=-1: [2d00b472-dcb0-4605-bb91-77e4ea37b1c7:192.168.157.240:46738, 3b6b5b8d-d680-46f1-bfb8-d706f5b52170:192.168.157.240:42439, 0f241cde-c091-46a2-a1c2-284ac60930d7:192.168.157.240:46235], old=null
2019-07-15 13:55:17,025 INFO  impl.RoleInfo (RoleInfo.java:shutdownLeaderElection(134)) - 0f241cde-c091-46a2-a1c2-284ac60930d7: shutdown LeaderElection
2019-07-15 13:55:17,025 INFO  impl.RaftServerImpl (RaftServerImpl.java:setRole(171)) - 0f241cde-c091-46a2-a1c2-284ac60930d7:group-2E29C4E95440 changes role from CANDIDATE to LEADER at term 1 for changeToLeader
2019-07-15 13:55:17,025 INFO  impl.RaftServerImpl (ServerState.java:setLeader(263)) - 0f241cde-c091-46a2-a1c2-284ac60930d7:group-2E29C4E95440 change Leader from null to 0f241cde-c091-46a2-a1c2-284ac60930d7 at term 1 for becomeLeader, leader elected after 5268ms
2019-07-15 13:55:17,025 INFO  server.RaftServerConfigKeys (ConfUtils.java:logGet(43)) - raft.server.staging.catchup.gap = 1000 (default)
2019-07-15 13:55:17,026 INFO  server.RaftServerConfigKeys (ConfUtils.java:logGet(43)) - raft.server.rpc.sleep.time = 25ms (default)
2019-07-15 13:55:17,026 INFO  server.RaftServerConfigKeys (ConfUtils.java:logGet(43)) - raft.server.write.element-limit = 4096 (default)
2019-07-15 13:55:17,026 INFO  server.RaftServerConfigKeys (ConfUtils.java:logGet(43)) - raft.server.watch.timeout = 10s (default)
2019-07-15 13:55:17,026 INFO  server.RaftServerConfigKeys (ConfUtils.java:logGet(43)) - raft.server.watch.timeout.denomination = 1s (default)
2019-07-15 13:55:17,026 INFO  server.RaftServerConfigKeys (ConfUtils.java:logGet(43)) - raft.server.watch.element-limit = 65536 (default)
2019-07-15 13:55:17,026 INFO  server.RaftServerConfigKeys (ConfUtils.java:logGet(43)) - raft.server.log.appender.snapshot.chunk.size.max = 16MB (=16777216) (default)
2019-07-15 13:55:17,027 INFO  server.RaftServerConfigKeys (ConfUtils.java:logGet(43)) - raft.server.log.appender.buffer.byte-limit = 33554432 (custom)
2019-07-15 13:55:17,027 INFO  server.RaftServerConfigKeys (ConfUtils.java:logGet(43)) - raft.server.log.appender.buffer.element-limit = 1 (custom)
2019-07-15 13:55:17,027 INFO  grpc.GrpcConfigKeys$Server (ConfUtils.java:logGet(43)) - raft.grpc.server.leader.outstanding.appends.max = 128 (default)
2019-07-15 13:55:17,027 INFO  server.RaftServerConfigKeys (ConfUtils.java:logGet(43)) - raft.server.rpc.request.timeout = 3000ms (default)
2019-07-15 13:55:17,027 INFO  server.RaftServerConfigKeys (ConfUtils.java:logGet(43)) - raft.server.log.appender.install.snapshot.enabled = false (custom)
2019-07-15 13:55:17,027 INFO  server.RaftServerConfigKeys (ConfUtils.java:logGet(43)) - raft.server.log.appender.snapshot.chunk.size.max = 16MB (=16777216) (default)
2019-07-15 13:55:17,028 INFO  server.RaftServerConfigKeys (ConfUtils.java:logGet(43)) - raft.server.log.appender.buffer.byte-limit = 33554432 (custom)
2019-07-15 13:55:17,028 INFO  server.RaftServerConfigKeys (ConfUtils.java:logGet(43)) - raft.server.log.appender.buffer.element-limit = 1 (custom)
2019-07-15 13:55:17,028 INFO  grpc.GrpcConfigKeys$Server (ConfUtils.java:logGet(43)) - raft.grpc.server.leader.outstanding.appends.max = 128 (default)
2019-07-15 13:55:17,028 INFO  server.RaftServerConfigKeys (ConfUtils.java:logGet(43)) - raft.server.rpc.request.timeout = 3000ms (default)
2019-07-15 13:55:17,028 INFO  server.RaftServerConfigKeys (ConfUtils.java:logGet(43)) - raft.server.log.appender.install.snapshot.enabled = false (custom)
2019-07-15 13:55:17,028 INFO  impl.RoleInfo (RoleInfo.java:updateAndGet(143)) - 0f241cde-c091-46a2-a1c2-284ac60930d7: start LeaderState
2019-07-15 13:55:17,029 INFO  segmented.SegmentedRaftLogWorker (SegmentedRaftLogWorker.java:startLogSegment(380)) - 0f241cde-c091-46a2-a1c2-284ac60930d7-SegmentedRaftLogWorker:Storage Directory /workdir/hadoop-ozone/integration-test/target/test-dir/MiniOzoneClusterImpl-fa28b9af-4596-4992-971b-e70be8aa423d/datanode-3/data/ratis/acb00330-eb5f-4c85-8325-2e29c4e95440: Starting segment from index:0
2019-07-15 13:55:17,029 INFO  impl.RaftServerImpl (ServerState.java:setRaftConf(361)) - 0f241cde-c091-46a2-a1c2-284ac60930d7:group-2E29C4E95440 set configuration 0: [2d00b472-dcb0-4605-bb91-77e4ea37b1c7:192.168.157.240:46738, 3b6b5b8d-d680-46f1-bfb8-d706f5b52170:192.168.157.240:42439, 0f241cde-c091-46a2-a1c2-284ac60930d7:192.168.157.240:46235], old=null at 0
2019-07-15 13:55:17,030 INFO  impl.RaftServerImpl (ServerState.java:setLeader(263)) - 2d00b472-dcb0-4605-bb91-77e4ea37b1c7:group-2E29C4E95440 change Leader from null to 0f241cde-c091-46a2-a1c2-284ac60930d7 at term 1 for appendEntries, leader elected after 5274ms
2019-07-15 13:55:17,031 INFO  impl.RaftServerImpl (ServerState.java:setLeader(263)) - 3b6b5b8d-d680-46f1-bfb8-d706f5b52170:group-2E29C4E95440 change Leader from null to 0f241cde-c091-46a2-a1c2-284ac60930d7 at term 1 for appendEntries, leader elected after 5274ms
2019-07-15 13:55:17,051 INFO  impl.RaftServerImpl (ServerState.java:setRaftConf(361)) - 2d00b472-dcb0-4605-bb91-77e4ea37b1c7:group-2E29C4E95440 set configuration 0: [2d00b472-dcb0-4605-bb91-77e4ea37b1c7:192.168.157.240:46738, 3b6b5b8d-d680-46f1-bfb8-d706f5b52170:192.168.157.240:42439, 0f241cde-c091-46a2-a1c2-284ac60930d7:192.168.157.240:46235], old=null at 0
2019-07-15 13:55:17,051 INFO  impl.RaftServerImpl (ServerState.java:setRaftConf(361)) - 3b6b5b8d-d680-46f1-bfb8-d706f5b52170:group-2E29C4E95440 set configuration 0: [2d00b472-dcb0-4605-bb91-77e4ea37b1c7:192.168.157.240:46738, 3b6b5b8d-d680-46f1-bfb8-d706f5b52170:192.168.157.240:42439, 0f241cde-c091-46a2-a1c2-284ac60930d7:192.168.157.240:46235], old=null at 0
2019-07-15 13:55:17,051 INFO  segmented.SegmentedRaftLogWorker (SegmentedRaftLogWorker.java:startLogSegment(380)) - 2d00b472-dcb0-4605-bb91-77e4ea37b1c7-SegmentedRaftLogWorker:Storage Directory /workdir/hadoop-ozone/integration-test/target/test-dir/MiniOzoneClusterImpl-fa28b9af-4596-4992-971b-e70be8aa423d/datanode-4/data/ratis/acb00330-eb5f-4c85-8325-2e29c4e95440: Starting segment from index:0
2019-07-15 13:55:17,051 INFO  segmented.SegmentedRaftLogWorker (SegmentedRaftLogWorker.java:startLogSegment(380)) - 3b6b5b8d-d680-46f1-bfb8-d706f5b52170-SegmentedRaftLogWorker:Storage Directory /workdir/hadoop-ozone/integration-test/target/test-dir/MiniOzoneClusterImpl-fa28b9af-4596-4992-971b-e70be8aa423d/datanode-5/data/ratis/acb00330-eb5f-4c85-8325-2e29c4e95440: Starting segment from index:0
2019-07-15 13:55:17,060 INFO  segmented.SegmentedRaftLogWorker (SegmentedRaftLogWorker.java:execute(569)) - 0f241cde-c091-46a2-a1c2-284ac60930d7-SegmentedRaftLogWorker:Storage Directory /workdir/hadoop-ozone/integration-test/target/test-dir/MiniOzoneClusterImpl-fa28b9af-4596-4992-971b-e70be8aa423d/datanode-3/data/ratis/acb00330-eb5f-4c85-8325-2e29c4e95440: created new log segment /workdir/hadoop-ozone/integration-test/target/test-dir/MiniOzoneClusterImpl-fa28b9af-4596-4992-971b-e70be8aa423d/datanode-3/data/ratis/acb00330-eb5f-4c85-8325-2e29c4e95440/current/log_inprogress_0
2019-07-15 13:55:17,073 INFO  segmented.SegmentedRaftLogWorker (SegmentedRaftLogWorker.java:execute(569)) - 2d00b472-dcb0-4605-bb91-77e4ea37b1c7-SegmentedRaftLogWorker:Storage Directory /workdir/hadoop-ozone/integration-test/target/test-dir/MiniOzoneClusterImpl-fa28b9af-4596-4992-971b-e70be8aa423d/datanode-4/data/ratis/acb00330-eb5f-4c85-8325-2e29c4e95440: created new log segment /workdir/hadoop-ozone/integration-test/target/test-dir/MiniOzoneClusterImpl-fa28b9af-4596-4992-971b-e70be8aa423d/datanode-4/data/ratis/acb00330-eb5f-4c85-8325-2e29c4e95440/current/log_inprogress_0
2019-07-15 13:55:17,073 INFO  segmented.SegmentedRaftLogWorker (SegmentedRaftLogWorker.java:execute(569)) - 3b6b5b8d-d680-46f1-bfb8-d706f5b52170-SegmentedRaftLogWorker:Storage Directory /workdir/hadoop-ozone/integration-test/target/test-dir/MiniOzoneClusterImpl-fa28b9af-4596-4992-971b-e70be8aa423d/datanode-5/data/ratis/acb00330-eb5f-4c85-8325-2e29c4e95440: created new log segment /workdir/hadoop-ozone/integration-test/target/test-dir/MiniOzoneClusterImpl-fa28b9af-4596-4992-971b-e70be8aa423d/datanode-5/data/ratis/acb00330-eb5f-4c85-8325-2e29c4e95440/current/log_inprogress_0
2019-07-15 13:55:17,094 INFO  client.GrpcClientProtocolClient (GrpcClientProtocolClient.java:onNext(255)) - client-4C73FA2AEBDA->3b6b5b8d-d680-46f1-bfb8-d706f5b52170: receive RaftClientReply:client-4C73FA2AEBDA->3b6b5b8d-d680-46f1-bfb8-d706f5b52170@group-2E29C4E95440, cid=264, FAILED org.apache.ratis.protocol.NotLeaderException: Server 3b6b5b8d-d680-46f1-bfb8-d706f5b52170 is not the leader (0f241cde-c091-46a2-a1c2-284ac60930d7:192.168.157.240:46235). Request must be sent to leader., logIndex=0, commits[3b6b5b8d-d680-46f1-bfb8-d706f5b52170:c-1, 2d00b472-dcb0-4605-bb91-77e4ea37b1c7:c-1, 0f241cde-c091-46a2-a1c2-284ac60930d7:c-1]
2019-07-15 13:55:17,210 INFO  client.GrpcClientProtocolClient (GrpcClientProtocolClient.java:onNext(255)) - client-4C73FA2AEBDA->0f241cde-c091-46a2-a1c2-284ac60930d7: receive RaftClientReply:client-4C73FA2AEBDA->0f241cde-c091-46a2-a1c2-284ac60930d7@group-2E29C4E95440, cid=264, SUCCESS, logIndex=1, commits[0f241cde-c091-46a2-a1c2-284ac60930d7:c1, 2d00b472-dcb0-4605-bb91-77e4ea37b1c7:c0, 3b6b5b8d-d680-46f1-bfb8-d706f5b52170:c0]
2019-07-15 13:55:17,226 INFO  client.GrpcClientProtocolClient (GrpcClientProtocolClient.java:onNext(255)) - client-4C73FA2AEBDA->0f241cde-c091-46a2-a1c2-284ac60930d7: receive RaftClientReply:client-4C73FA2AEBDA->0f241cde-c091-46a2-a1c2-284ac60930d7@group-2E29C4E95440, cid=265, SUCCESS, logIndex=3, commits[0f241cde-c091-46a2-a1c2-284ac60930d7:c4, 2d00b472-dcb0-4605-bb91-77e4ea37b1c7:c1, 3b6b5b8d-d680-46f1-bfb8-d706f5b52170:c1]
2019-07-15 13:55:17,272 INFO  client.GrpcClientProtocolClient (GrpcClientProtocolClient.java:onNext(255)) - client-4C73FA2AEBDA->0f241cde-c091-46a2-a1c2-284ac60930d7: receive RaftClientReply:client-4C73FA2AEBDA->0f241cde-c091-46a2-a1c2-284ac60930d7@group-2E29C4E95440, cid=266, SUCCESS, logIndex=4, commits[0f241cde-c091-46a2-a1c2-284ac60930d7:c6, 2d00b472-dcb0-4605-bb91-77e4ea37b1c7:c4, 3b6b5b8d-d680-46f1-bfb8-d706f5b52170:c4]
2019-07-15 13:55:17,274 INFO  container.CloseContainerEventHandler (CloseContainerEventHandler.java:onMessage(61)) - Close container Event triggered for container : #1
2019-07-15 13:55:17,274 INFO  container.CloseContainerEventHandler (CloseContainerEventHandler.java:onMessage(61)) - Close container Event triggered for container : #1
2019-07-15 13:55:17,275 INFO  container.CloseContainerEventHandler (CloseContainerEventHandler.java:onMessage(61)) - Close container Event triggered for container : #1
2019-07-15 13:55:18,386 INFO  interfaces.Container (KeyValueContainer.java:compactDB(356)) - Container 1 is closed with bcsId 4.
2019-07-15 13:55:18,412 INFO  interfaces.Container (KeyValueContainer.java:compactDB(356)) - Container 1 is closed with bcsId 4.
2019-07-15 13:55:18,412 INFO  interfaces.Container (KeyValueContainer.java:compactDB(356)) - Container 1 is closed with bcsId 4.
13:55:18.776 [grpc-default-executor-7] ERROR DNAudit - user=null | ip=null | op=WRITE_CHUNK {blockData=conID: 1 locID: 102445803964399638 bcsId: 4} | ret=FAILURE
org.apache.hadoop.hdds.scm.container.common.helpers.ContainerNotOpenException: Container 1 in CLOSED state
	at org.apache.hadoop.ozone.container.common.impl.HddsDispatcher.validateContainerCommand(HddsDispatcher.java:408) ~[hadoop-hdds-container-service-0.5.0-SNAPSHOT.jar:?]
	at org.apache.hadoop.ozone.container.common.transport.server.ratis.ContainerStateMachine.startTransaction(ContainerStateMachine.java:272) ~[hadoop-hdds-container-service-0.5.0-SNAPSHOT.jar:?]
	at org.apache.ratis.server.impl.RaftServerImpl.submitClientRequestAsync(RaftServerImpl.java:566) ~[ratis-server-0.4.0-2337318-SNAPSHOT.jar:0.4.0-2337318-SNAPSHOT]
	at org.apache.ratis.server.impl.RaftServerProxy.lambda$submitClientRequestAsync$7(RaftServerProxy.java:333) ~[ratis-server-0.4.0-2337318-SNAPSHOT.jar:0.4.0-2337318-SNAPSHOT]
	at org.apache.ratis.server.impl.RaftServerProxy.lambda$null$5(RaftServerProxy.java:328) ~[ratis-server-0.4.0-2337318-SNAPSHOT.jar:0.4.0-2337318-SNAPSHOT]
	at org.apache.ratis.util.JavaUtils.callAsUnchecked(JavaUtils.java:109) ~[ratis-common-0.4.0-2337318-SNAPSHOT.jar:0.4.0-2337318-SNAPSHOT]
	at org.apache.ratis.server.impl.RaftServerProxy.lambda$submitRequest$6(RaftServerProxy.java:328) ~[ratis-server-0.4.0-2337318-SNAPSHOT.jar:0.4.0-2337318-SNAPSHOT]
	at java.util.concurrent.CompletableFuture.uniComposeStage(CompletableFuture.java:981) ~[?:1.8.0_212]
	at java.util.concurrent.CompletableFuture.thenCompose(CompletableFuture.java:2124) ~[?:1.8.0_212]
	at org.apache.ratis.server.impl.RaftServerProxy.submitRequest(RaftServerProxy.java:327) ~[ratis-server-0.4.0-2337318-SNAPSHOT.jar:0.4.0-2337318-SNAPSHOT]
	at org.apache.ratis.server.impl.RaftServerProxy.submitClientRequestAsync(RaftServerProxy.java:333) ~[ratis-server-0.4.0-2337318-SNAPSHOT.jar:0.4.0-2337318-SNAPSHOT]
	at org.apache.ratis.grpc.client.GrpcClientProtocolService$RequestStreamObserver.processClientRequest(GrpcClientProtocolService.java:220) ~[ratis-grpc-0.4.0-2337318-SNAPSHOT.jar:0.4.0-2337318-SNAPSHOT]
	at org.apache.ratis.grpc.client.GrpcClientProtocolService$OrderedRequestStreamObserver.processClientRequest(GrpcClientProtocolService.java:326) ~[ratis-grpc-0.4.0-2337318-SNAPSHOT.jar:0.4.0-2337318-SNAPSHOT]
	at org.apache.ratis.util.SlidingWindow$Server.processRequestsFromHead(SlidingWindow.java:429) [ratis-common-0.4.0-2337318-SNAPSHOT.jar:0.4.0-2337318-SNAPSHOT]
	at org.apache.ratis.util.SlidingWindow$Server.receivedRequest(SlidingWindow.java:421) [ratis-common-0.4.0-2337318-SNAPSHOT.jar:0.4.0-2337318-SNAPSHOT]
	at org.apache.ratis.grpc.client.GrpcClientProtocolService$OrderedRequestStreamObserver.processClientRequest(GrpcClientProtocolService.java:345) [ratis-grpc-0.4.0-2337318-SNAPSHOT.jar:0.4.0-2337318-SNAPSHOT]
	at org.apache.ratis.grpc.client.GrpcClientProtocolService$RequestStreamObserver.onNext(GrpcClientProtocolService.java:240) [ratis-grpc-0.4.0-2337318-SNAPSHOT.jar:0.4.0-2337318-SNAPSHOT]
	at org.apache.ratis.grpc.client.GrpcClientProtocolService$RequestStreamObserver.onNext(GrpcClientProtocolService.java:168) [ratis-grpc-0.4.0-2337318-SNAPSHOT.jar:0.4.0-2337318-SNAPSHOT]
	at org.apache.ratis.thirdparty.io.grpc.stub.ServerCalls$StreamingServerCallHandler$StreamingServerCallListener.onMessage(ServerCalls.java:248) [ratis-thirdparty-misc-0.2.0.jar:0.2.0]
	at org.apache.ratis.thirdparty.io.grpc.internal.ServerCallImpl$ServerStreamListenerImpl.messagesAvailable(ServerCallImpl.java:263) [ratis-thirdparty-misc-0.2.0.jar:0.2.0]
	at org.apache.ratis.thirdparty.io.grpc.internal.ServerImpl$JumpToApplicationThreadServerStreamListener$1MessagesAvailable.runInContext(ServerImpl.java:686) [ratis-thirdparty-misc-0.2.0.jar:0.2.0]
	at org.apache.ratis.thirdparty.io.grpc.internal.ContextRunnable.run(ContextRunnable.java:37) [ratis-thirdparty-misc-0.2.0.jar:0.2.0]
	at org.apache.ratis.thirdparty.io.grpc.internal.SerializingExecutor.run(SerializingExecutor.java:123) [ratis-thirdparty-misc-0.2.0.jar:0.2.0]
	at java.util.concurrent.ThreadPoolExecutor.runWorker(ThreadPoolExecutor.java:1149) [?:1.8.0_212]
	at java.util.concurrent.ThreadPoolExecutor$Worker.run(ThreadPoolExecutor.java:624) [?:1.8.0_212]
	at java.lang.Thread.run(Thread.java:748) [?:1.8.0_212]
13:55:18.778 [grpc-default-executor-7] ERROR DNAudit - user=null | ip=null | op=WRITE_CHUNK {blockData=conID: 1 locID: 102445803964399638 bcsId: 4} | ret=FAILURE
org.apache.hadoop.hdds.scm.container.common.helpers.ContainerNotOpenException: Container 1 in CLOSED state
	at org.apache.hadoop.ozone.container.common.impl.HddsDispatcher.validateContainerCommand(HddsDispatcher.java:408) ~[hadoop-hdds-container-service-0.5.0-SNAPSHOT.jar:?]
	at org.apache.hadoop.ozone.container.common.transport.server.ratis.ContainerStateMachine.startTransaction(ContainerStateMachine.java:272) ~[hadoop-hdds-container-service-0.5.0-SNAPSHOT.jar:?]
	at org.apache.ratis.server.impl.RaftServerImpl.submitClientRequestAsync(RaftServerImpl.java:566) ~[ratis-server-0.4.0-2337318-SNAPSHOT.jar:0.4.0-2337318-SNAPSHOT]
	at org.apache.ratis.server.impl.RaftServerProxy.lambda$submitClientRequestAsync$7(RaftServerProxy.java:333) ~[ratis-server-0.4.0-2337318-SNAPSHOT.jar:0.4.0-2337318-SNAPSHOT]
	at org.apache.ratis.server.impl.RaftServerProxy.lambda$null$5(RaftServerProxy.java:328) ~[ratis-server-0.4.0-2337318-SNAPSHOT.jar:0.4.0-2337318-SNAPSHOT]
	at org.apache.ratis.util.JavaUtils.callAsUnchecked(JavaUtils.java:109) ~[ratis-common-0.4.0-2337318-SNAPSHOT.jar:0.4.0-2337318-SNAPSHOT]
	at org.apache.ratis.server.impl.RaftServerProxy.lambda$submitRequest$6(RaftServerProxy.java:328) ~[ratis-server-0.4.0-2337318-SNAPSHOT.jar:0.4.0-2337318-SNAPSHOT]
	at java.util.concurrent.CompletableFuture.uniComposeStage(CompletableFuture.java:981) ~[?:1.8.0_212]
	at java.util.concurrent.CompletableFuture.thenCompose(CompletableFuture.java:2124) ~[?:1.8.0_212]
	at org.apache.ratis.server.impl.RaftServerProxy.submitRequest(RaftServerProxy.java:327) ~[ratis-server-0.4.0-2337318-SNAPSHOT.jar:0.4.0-2337318-SNAPSHOT]
	at org.apache.ratis.server.impl.RaftServerProxy.submitClientRequestAsync(RaftServerProxy.java:333) ~[ratis-server-0.4.0-2337318-SNAPSHOT.jar:0.4.0-2337318-SNAPSHOT]
	at org.apache.ratis.grpc.client.GrpcClientProtocolService$RequestStreamObserver.processClientRequest(GrpcClientProtocolService.java:220) ~[ratis-grpc-0.4.0-2337318-SNAPSHOT.jar:0.4.0-2337318-SNAPSHOT]
	at org.apache.ratis.grpc.client.GrpcClientProtocolService$OrderedRequestStreamObserver.processClientRequest(GrpcClientProtocolService.java:326) ~[ratis-grpc-0.4.0-2337318-SNAPSHOT.jar:0.4.0-2337318-SNAPSHOT]
	at org.apache.ratis.util.SlidingWindow$Server.processRequestsFromHead(SlidingWindow.java:429) [ratis-common-0.4.0-2337318-SNAPSHOT.jar:0.4.0-2337318-SNAPSHOT]
	at org.apache.ratis.util.SlidingWindow$Server.receivedRequest(SlidingWindow.java:421) [ratis-common-0.4.0-2337318-SNAPSHOT.jar:0.4.0-2337318-SNAPSHOT]
	at org.apache.ratis.grpc.client.GrpcClientProtocolService$OrderedRequestStreamObserver.processClientRequest(GrpcClientProtocolService.java:345) [ratis-grpc-0.4.0-2337318-SNAPSHOT.jar:0.4.0-2337318-SNAPSHOT]
	at org.apache.ratis.grpc.client.GrpcClientProtocolService$RequestStreamObserver.onNext(GrpcClientProtocolService.java:240) [ratis-grpc-0.4.0-2337318-SNAPSHOT.jar:0.4.0-2337318-SNAPSHOT]
	at org.apache.ratis.grpc.client.GrpcClientProtocolService$RequestStreamObserver.onNext(GrpcClientProtocolService.java:168) [ratis-grpc-0.4.0-2337318-SNAPSHOT.jar:0.4.0-2337318-SNAPSHOT]
	at org.apache.ratis.thirdparty.io.grpc.stub.ServerCalls$StreamingServerCallHandler$StreamingServerCallListener.onMessage(ServerCalls.java:248) [ratis-thirdparty-misc-0.2.0.jar:0.2.0]
	at org.apache.ratis.thirdparty.io.grpc.internal.ServerCallImpl$ServerStreamListenerImpl.messagesAvailable(ServerCallImpl.java:263) [ratis-thirdparty-misc-0.2.0.jar:0.2.0]
	at org.apache.ratis.thirdparty.io.grpc.internal.ServerImpl$JumpToApplicationThreadServerStreamListener$1MessagesAvailable.runInContext(ServerImpl.java:686) [ratis-thirdparty-misc-0.2.0.jar:0.2.0]
	at org.apache.ratis.thirdparty.io.grpc.internal.ContextRunnable.run(ContextRunnable.java:37) [ratis-thirdparty-misc-0.2.0.jar:0.2.0]
	at org.apache.ratis.thirdparty.io.grpc.internal.SerializingExecutor.run(SerializingExecutor.java:123) [ratis-thirdparty-misc-0.2.0.jar:0.2.0]
	at java.util.concurrent.ThreadPoolExecutor.runWorker(ThreadPoolExecutor.java:1149) [?:1.8.0_212]
	at java.util.concurrent.ThreadPoolExecutor$Worker.run(ThreadPoolExecutor.java:624) [?:1.8.0_212]
	at java.lang.Thread.run(Thread.java:748) [?:1.8.0_212]
13:55:18.787 [grpc-default-executor-7] ERROR DNAudit - user=null | ip=null | op=PUT_BLOCK {blockData=[blockId=conID: 1 locID: 102445803964399638 bcsId: 0,size=334]} | ret=FAILURE
org.apache.hadoop.hdds.scm.container.common.helpers.ContainerNotOpenException: Container 1 in CLOSED state
	at org.apache.hadoop.ozone.container.common.impl.HddsDispatcher.validateContainerCommand(HddsDispatcher.java:408) ~[hadoop-hdds-container-service-0.5.0-SNAPSHOT.jar:?]
	at org.apache.hadoop.ozone.container.common.transport.server.ratis.ContainerStateMachine.startTransaction(ContainerStateMachine.java:272) ~[hadoop-hdds-container-service-0.5.0-SNAPSHOT.jar:?]
	at org.apache.ratis.server.impl.RaftServerImpl.submitClientRequestAsync(RaftServerImpl.java:566) ~[ratis-server-0.4.0-2337318-SNAPSHOT.jar:0.4.0-2337318-SNAPSHOT]
	at org.apache.ratis.server.impl.RaftServerProxy.lambda$submitClientRequestAsync$7(RaftServerProxy.java:333) ~[ratis-server-0.4.0-2337318-SNAPSHOT.jar:0.4.0-2337318-SNAPSHOT]
	at org.apache.ratis.server.impl.RaftServerProxy.lambda$null$5(RaftServerProxy.java:328) ~[ratis-server-0.4.0-2337318-SNAPSHOT.jar:0.4.0-2337318-SNAPSHOT]
	at org.apache.ratis.util.JavaUtils.callAsUnchecked(JavaUtils.java:109) ~[ratis-common-0.4.0-2337318-SNAPSHOT.jar:0.4.0-2337318-SNAPSHOT]
	at org.apache.ratis.server.impl.RaftServerProxy.lambda$submitRequest$6(RaftServerProxy.java:328) ~[ratis-server-0.4.0-2337318-SNAPSHOT.jar:0.4.0-2337318-SNAPSHOT]
	at java.util.concurrent.CompletableFuture.uniComposeStage(CompletableFuture.java:981) ~[?:1.8.0_212]
	at java.util.concurrent.CompletableFuture.thenCompose(CompletableFuture.java:2124) ~[?:1.8.0_212]
	at org.apache.ratis.server.impl.RaftServerProxy.submitRequest(RaftServerProxy.java:327) ~[ratis-server-0.4.0-2337318-SNAPSHOT.jar:0.4.0-2337318-SNAPSHOT]
	at org.apache.ratis.server.impl.RaftServerProxy.submitClientRequestAsync(RaftServerProxy.java:333) ~[ratis-server-0.4.0-2337318-SNAPSHOT.jar:0.4.0-2337318-SNAPSHOT]
	at org.apache.ratis.grpc.client.GrpcClientProtocolService$RequestStreamObserver.processClientRequest(GrpcClientProtocolService.java:220) ~[ratis-grpc-0.4.0-2337318-SNAPSHOT.jar:0.4.0-2337318-SNAPSHOT]
	at org.apache.ratis.grpc.client.GrpcClientProtocolService$OrderedRequestStreamObserver.processClientRequest(GrpcClientProtocolService.java:326) ~[ratis-grpc-0.4.0-2337318-SNAPSHOT.jar:0.4.0-2337318-SNAPSHOT]
	at org.apache.ratis.util.SlidingWindow$Server.processRequestsFromHead(SlidingWindow.java:429) [ratis-common-0.4.0-2337318-SNAPSHOT.jar:0.4.0-2337318-SNAPSHOT]
	at org.apache.ratis.util.SlidingWindow$Server.receivedRequest(SlidingWindow.java:421) [ratis-common-0.4.0-2337318-SNAPSHOT.jar:0.4.0-2337318-SNAPSHOT]
	at org.apache.ratis.grpc.client.GrpcClientProtocolService$OrderedRequestStreamObserver.processClientRequest(GrpcClientProtocolService.java:345) [ratis-grpc-0.4.0-2337318-SNAPSHOT.jar:0.4.0-2337318-SNAPSHOT]
	at org.apache.ratis.grpc.client.GrpcClientProtocolService$RequestStreamObserver.onNext(GrpcClientProtocolService.java:240) [ratis-grpc-0.4.0-2337318-SNAPSHOT.jar:0.4.0-2337318-SNAPSHOT]
	at org.apache.ratis.grpc.client.GrpcClientProtocolService$RequestStreamObserver.onNext(GrpcClientProtocolService.java:168) [ratis-grpc-0.4.0-2337318-SNAPSHOT.jar:0.4.0-2337318-SNAPSHOT]
	at org.apache.ratis.thirdparty.io.grpc.stub.ServerCalls$StreamingServerCallHandler$StreamingServerCallListener.onMessage(ServerCalls.java:248) [ratis-thirdparty-misc-0.2.0.jar:0.2.0]
	at org.apache.ratis.thirdparty.io.grpc.internal.ServerCallImpl$ServerStreamListenerImpl.messagesAvailable(ServerCallImpl.java:263) [ratis-thirdparty-misc-0.2.0.jar:0.2.0]
	at org.apache.ratis.thirdparty.io.grpc.internal.ServerImpl$JumpToApplicationThreadServerStreamListener$1MessagesAvailable.runInContext(ServerImpl.java:686) [ratis-thirdparty-misc-0.2.0.jar:0.2.0]
	at org.apache.ratis.thirdparty.io.grpc.internal.ContextRunnable.run(ContextRunnable.java:37) [ratis-thirdparty-misc-0.2.0.jar:0.2.0]
	at org.apache.ratis.thirdparty.io.grpc.internal.SerializingExecutor.run(SerializingExecutor.java:123) [ratis-thirdparty-misc-0.2.0.jar:0.2.0]
	at java.util.concurrent.ThreadPoolExecutor.runWorker(ThreadPoolExecutor.java:1149) [?:1.8.0_212]
	at java.util.concurrent.ThreadPoolExecutor$Worker.run(ThreadPoolExecutor.java:624) [?:1.8.0_212]
	at java.lang.Thread.run(Thread.java:748) [?:1.8.0_212]
2019-07-15 13:55:18,802 INFO  client.GrpcClientProtocolClient (GrpcClientProtocolClient.java:onNext(255)) - client-4C73FA2AEBDA->0f241cde-c091-46a2-a1c2-284ac60930d7: receive RaftClientReply:client-4C73FA2AEBDA->0f241cde-c091-46a2-a1c2-284ac60930d7@group-2E29C4E95440, cid=267, FAILED org.apache.ratis.protocol.StateMachineException: org.apache.hadoop.hdds.scm.container.common.helpers.ContainerNotOpenException from Server 0f241cde-c091-46a2-a1c2-284ac60930d7: Container 1 in CLOSED state, logIndex=0, commits[0f241cde-c091-46a2-a1c2-284ac60930d7:c8, 2d00b472-dcb0-4605-bb91-77e4ea37b1c7:c7, 3b6b5b8d-d680-46f1-bfb8-d706f5b52170:c7]
2019-07-15 13:55:18,805 INFO  client.GrpcClientProtocolClient (GrpcClientProtocolClient.java:onNext(255)) - client-4C73FA2AEBDA->0f241cde-c091-46a2-a1c2-284ac60930d7: receive RaftClientReply:client-4C73FA2AEBDA->0f241cde-c091-46a2-a1c2-284ac60930d7@group-2E29C4E95440, cid=268, FAILED org.apache.ratis.protocol.StateMachineException: org.apache.hadoop.hdds.scm.container.common.helpers.ContainerNotOpenException from Server 0f241cde-c091-46a2-a1c2-284ac60930d7: Container 1 in CLOSED state, logIndex=0, commits[0f241cde-c091-46a2-a1c2-284ac60930d7:c8, 2d00b472-dcb0-4605-bb91-77e4ea37b1c7:c7, 3b6b5b8d-d680-46f1-bfb8-d706f5b52170:c7]
2019-07-15 13:55:18,807 INFO  client.GrpcClientProtocolClient (GrpcClientProtocolClient.java:onNext(255)) - client-4C73FA2AEBDA->0f241cde-c091-46a2-a1c2-284ac60930d7: receive RaftClientReply:client-4C73FA2AEBDA->0f241cde-c091-46a2-a1c2-284ac60930d7@group-2E29C4E95440, cid=269, FAILED org.apache.ratis.protocol.StateMachineException: org.apache.hadoop.hdds.scm.container.common.helpers.ContainerNotOpenException from Server 0f241cde-c091-46a2-a1c2-284ac60930d7: Container 1 in CLOSED state, logIndex=0, commits[0f241cde-c091-46a2-a1c2-284ac60930d7:c8, 2d00b472-dcb0-4605-bb91-77e4ea37b1c7:c7, 3b6b5b8d-d680-46f1-bfb8-d706f5b52170:c7]
2019-07-15 13:55:18,931 INFO  client.GrpcClientProtocolClient (GrpcClientProtocolClient.java:onNext(255)) - client-4C73FA2AEBDA->0f241cde-c091-46a2-a1c2-284ac60930d7: receive RaftClientReply:client-4C73FA2AEBDA->0f241cde-c091-46a2-a1c2-284ac60930d7@group-2E29C4E95440, cid=270, SUCCESS, logIndex=9, commits[0f241cde-c091-46a2-a1c2-284ac60930d7:c11, 2d00b472-dcb0-4605-bb91-77e4ea37b1c7:c8, 3b6b5b8d-d680-46f1-bfb8-d706f5b52170:c8]
2019-07-15 13:55:18,932 INFO  client.GrpcClientProtocolClient (GrpcClientProtocolClient.java:onNext(255)) - client-4C73FA2AEBDA->0f241cde-c091-46a2-a1c2-284ac60930d7: receive RaftClientReply:client-4C73FA2AEBDA->0f241cde-c091-46a2-a1c2-284ac60930d7@group-2E29C4E95440, cid=271, SUCCESS, logIndex=10, commits[0f241cde-c091-46a2-a1c2-284ac60930d7:c11, 2d00b472-dcb0-4605-bb91-77e4ea37b1c7:c8, 3b6b5b8d-d680-46f1-bfb8-d706f5b52170:c8]
2019-07-15 13:55:18,998 INFO  client.GrpcClientProtocolClient (GrpcClientProtocolClient.java:onNext(255)) - client-4C73FA2AEBDA->0f241cde-c091-46a2-a1c2-284ac60930d7: receive RaftClientReply:client-4C73FA2AEBDA->0f241cde-c091-46a2-a1c2-284ac60930d7@group-2E29C4E95440, cid=272, SUCCESS, logIndex=11, commits[0f241cde-c091-46a2-a1c2-284ac60930d7:c14, 2d00b472-dcb0-4605-bb91-77e4ea37b1c7:c11, 3b6b5b8d-d680-46f1-bfb8-d706f5b52170:c11]
2019-07-15 13:55:19,016 INFO  pipeline.Pipeline (Pipeline.java:getProtobufMessage(195)) - Serialize pipeline PipelineID=acb00330-eb5f-4c85-8325-2e29c4e95440 with nodesInOrder{ }
2019-07-15 13:55:19,017 INFO  ozone.MiniOzoneClusterImpl (MiniOzoneClusterImpl.java:shutdown(321)) - Shutting down the Mini Ozone Cluster
2019-07-15 13:55:19,018 INFO  ozone.MiniOzoneClusterImpl (MiniOzoneClusterImpl.java:stop(336)) - Stopping the Mini Ozone Cluster
2019-07-15 13:55:19,018 INFO  ozone.MiniOzoneClusterImpl (MiniOzoneClusterImpl.java:stop(338)) - Stopping the OzoneManager
2019-07-15 13:55:19,018 INFO  ipc.Server (Server.java:stop(3082)) - Stopping server on 37833
2019-07-15 13:55:19,029 INFO  ipc.Server (Server.java:run(1185)) - Stopping IPC Server listener on 37833
2019-07-15 13:55:19,032 INFO  utils.BackgroundService (BackgroundService.java:shutdown(148)) - Shutting down service KeyDeletingService
2019-07-15 13:55:19,032 INFO  ipc.Server (Server.java:run(1319)) - Stopping IPC Server Responder
2019-07-15 13:55:19,050 INFO  handler.ContextHandler (ContextHandler.java:doStop(910)) - Stopped o.e.j.w.WebAppContext@3b590d21{/,null,UNAVAILABLE}{/ozoneManager}
2019-07-15 13:55:19,059 INFO  server.AbstractConnector (AbstractConnector.java:doStop(318)) - Stopped ServerConnector@6aa27145{HTTP/1.1,[http/1.1]}{0.0.0.0:0}
2019-07-15 13:55:19,060 INFO  handler.ContextHandler (ContextHandler.java:doStop(910)) - Stopped o.e.j.s.ServletContextHandler@15e8e884{/static,file:///workdir/hadoop-ozone/integration-test/target/test-classes/webapps/static,UNAVAILABLE}
2019-07-15 13:55:19,060 INFO  handler.ContextHandler (ContextHandler.java:doStop(910)) - Stopped o.e.j.s.ServletContextHandler@41862a32{/logs,file:///workdir/hadoop-ozone/integration-test/target/log,UNAVAILABLE}
2019-07-15 13:55:19,062 INFO  ozone.MiniOzoneClusterImpl (MiniOzoneClusterImpl.java:stop(344)) - Shutting the HddsDatanodes
2019-07-15 13:55:19,062 INFO  datanode.ObjectStoreHandler (ObjectStoreHandler.java:close(155)) - Closing ObjectStoreHandler.
2019-07-15 13:55:19,062 INFO  datanode.ObjectStoreHandler (ObjectStoreHandler.java:close(155)) - Closing ObjectStoreHandler.
2019-07-15 13:55:19,063 INFO  ozone.HddsDatanodeService (HddsDatanodeService.java:stop(452)) - Stopped plug-in org.apache.hadoop.ozone.web.OzoneHddsDatanodeService@5241aea8
2019-07-15 13:55:19,063 INFO  ozone.HddsDatanodeService (HddsDatanodeService.java:stop(452)) - Stopped plug-in org.apache.hadoop.ozone.web.OzoneHddsDatanodeService@537dc661
2019-07-15 13:55:19,915 INFO  statemachine.DatanodeStateMachine (DatanodeStateMachine.java:lambda$startDaemon$0(350)) - Ozone container server started.
2019-07-15 13:55:20,020 INFO  statemachine.DatanodeStateMachine (DatanodeStateMachine.java:lambda$startDaemon$0(350)) - Ozone container server started.
2019-07-15 13:55:23,966 INFO  node.StaleNodeHandler (StaleNodeHandler.java:onMessage(58)) - Datanode 2d00b472-dcb0-4605-bb91-77e4ea37b1c7{ip: 192.168.157.240, host: trunk-nightly-hvlc9-701369690, networkLocation: /default-rack, certSerialId: null} moved to stale state. Finalizing its pipelines [PipelineID=9af9cff5-5728-49fd-9852-0322025acd81, PipelineID=acb00330-eb5f-4c85-8325-2e29c4e95440]
2019-07-15 13:55:23,966 INFO  pipeline.SCMPipelineManager (SCMPipelineManager.java:finalizeAndDestroyPipeline(309)) - destroying pipeline:Pipeline[ Id: 9af9cff5-5728-49fd-9852-0322025acd81, Nodes: 2d00b472-dcb0-4605-bb91-77e4ea37b1c7{ip: 192.168.157.240, host: trunk-nightly-hvlc9-701369690, networkLocation: /default-rack, certSerialId: null}, Type:RATIS, Factor:ONE, State:OPEN]
2019-07-15 13:55:23,966 INFO  pipeline.PipelineStateManager (PipelineStateManager.java:finalizePipeline(123)) - Pipeline Pipeline[ Id: 9af9cff5-5728-49fd-9852-0322025acd81, Nodes: 2d00b472-dcb0-4605-bb91-77e4ea37b1c7{ip: 192.168.157.240, host: trunk-nightly-hvlc9-701369690, networkLocation: /default-rack, certSerialId: null}, Type:RATIS, Factor:ONE, State:CLOSED] moved to CLOSED state
2019-07-15 13:55:23,966 INFO  pipeline.SCMPipelineManager (SCMPipelineManager.java:finalizeAndDestroyPipeline(309)) - destroying pipeline:Pipeline[ Id: acb00330-eb5f-4c85-8325-2e29c4e95440, Nodes: 2d00b472-dcb0-4605-bb91-77e4ea37b1c7{ip: 192.168.157.240, host: trunk-nightly-hvlc9-701369690, networkLocation: /default-rack, certSerialId: null}3b6b5b8d-d680-46f1-bfb8-d706f5b52170{ip: 192.168.157.240, host: trunk-nightly-hvlc9-701369690, networkLocation: /default-rack, certSerialId: null}0f241cde-c091-46a2-a1c2-284ac60930d7{ip: 192.168.157.240, host: trunk-nightly-hvlc9-701369690, networkLocation: /default-rack, certSerialId: null}, Type:RATIS, Factor:THREE, State:OPEN]
2019-07-15 13:55:23,967 INFO  pipeline.PipelineStateManager (PipelineStateManager.java:finalizePipeline(123)) - Pipeline Pipeline[ Id: acb00330-eb5f-4c85-8325-2e29c4e95440, Nodes: 2d00b472-dcb0-4605-bb91-77e4ea37b1c7{ip: 192.168.157.240, host: trunk-nightly-hvlc9-701369690, networkLocation: /default-rack, certSerialId: null}3b6b5b8d-d680-46f1-bfb8-d706f5b52170{ip: 192.168.157.240, host: trunk-nightly-hvlc9-701369690, networkLocation: /default-rack, certSerialId: null}0f241cde-c091-46a2-a1c2-284ac60930d7{ip: 192.168.157.240, host: trunk-nightly-hvlc9-701369690, networkLocation: /default-rack, certSerialId: null}, Type:RATIS, Factor:THREE, State:CLOSED] moved to CLOSED state
2019-07-15 13:55:23,967 INFO  container.CloseContainerEventHandler (CloseContainerEventHandler.java:onMessage(61)) - Close container Event triggered for container : #2
2019-07-15 13:55:24,063 INFO  ozoneimpl.OzoneContainer (OzoneContainer.java:stop(199)) - Attempting to stop container services.
2019-07-15 13:55:24,064 INFO  ozoneimpl.OzoneContainer (OzoneContainer.java:stop(199)) - Attempting to stop container services.
2019-07-15 13:55:24,064 INFO  impl.RaftServerProxy (RaftServerProxy.java:lambda$close$4(314)) - 2d00b472-dcb0-4605-bb91-77e4ea37b1c7: close
2019-07-15 13:55:24,064 INFO  impl.RaftServerProxy (RaftServerProxy.java:lambda$close$4(314)) - 9710020f-1df5-4517-aaee-879ceba01d63: close
2019-07-15 13:55:24,065 INFO  impl.RaftServerImpl (RaftServerImpl.java:lambda$shutdown$3(245)) - 2d00b472-dcb0-4605-bb91-77e4ea37b1c7: shutdown group-0322025ACD81
2019-07-15 13:55:24,065 INFO  impl.RaftServerImpl (RaftServerImpl.java:lambda$shutdown$3(245)) - 9710020f-1df5-4517-aaee-879ceba01d63: shutdown group-421B7FE86CB9
2019-07-15 13:55:24,066 INFO  node.StaleNodeHandler (StaleNodeHandler.java:onMessage(58)) - Datanode 9710020f-1df5-4517-aaee-879ceba01d63{ip: 192.168.157.240, host: trunk-nightly-hvlc9-701369690, networkLocation: /default-rack, certSerialId: null} moved to stale state. Finalizing its pipelines [PipelineID=2981129b-dcef-4a5a-b9f1-421b7fe86cb9, PipelineID=78d2f69f-847b-4855-a97a-980989788e60]
2019-07-15 13:55:24,065 INFO  util.JmxRegister (JmxRegister.java:unregister(73)) - Successfully un-registered JMX Bean with object name Ratis:service=RaftServer,group=group-0322025ACD81,id=2d00b472-dcb0-4605-bb91-77e4ea37b1c7
2019-07-15 13:55:24,066 INFO  pipeline.SCMPipelineManager (SCMPipelineManager.java:finalizeAndDestroyPipeline(309)) - destroying pipeline:Pipeline[ Id: 2981129b-dcef-4a5a-b9f1-421b7fe86cb9, Nodes: 9710020f-1df5-4517-aaee-879ceba01d63{ip: 192.168.157.240, host: trunk-nightly-hvlc9-701369690, networkLocation: /default-rack, certSerialId: null}, Type:RATIS, Factor:ONE, State:OPEN]
2019-07-15 13:55:24,066 INFO  util.JmxRegister (JmxRegister.java:unregister(73)) - Successfully un-registered JMX Bean with object name Ratis:service=RaftServer,group=group-421B7FE86CB9,id=9710020f-1df5-4517-aaee-879ceba01d63
2019-07-15 13:55:24,066 INFO  pipeline.PipelineStateManager (PipelineStateManager.java:finalizePipeline(123)) - Pipeline Pipeline[ Id: 2981129b-dcef-4a5a-b9f1-421b7fe86cb9, Nodes: 9710020f-1df5-4517-aaee-879ceba01d63{ip: 192.168.157.240, host: trunk-nightly-hvlc9-701369690, networkLocation: /default-rack, certSerialId: null}, Type:RATIS, Factor:ONE, State:CLOSED] moved to CLOSED state
2019-07-15 13:55:24,066 INFO  impl.RoleInfo (RoleInfo.java:shutdownLeaderState(104)) - 2d00b472-dcb0-4605-bb91-77e4ea37b1c7: shutdown LeaderState
2019-07-15 13:55:24,067 INFO  pipeline.SCMPipelineManager (SCMPipelineManager.java:finalizeAndDestroyPipeline(309)) - destroying pipeline:Pipeline[ Id: 78d2f69f-847b-4855-a97a-980989788e60, Nodes: 28d81efa-a30c-462a-b619-b6bf87a2135a{ip: 192.168.157.240, host: trunk-nightly-hvlc9-701369690, networkLocation: /default-rack, certSerialId: null}9710020f-1df5-4517-aaee-879ceba01d63{ip: 192.168.157.240, host: trunk-nightly-hvlc9-701369690, networkLocation: /default-rack, certSerialId: null}46567dc6-cf2d-4106-8d3b-c9237d36b748{ip: 192.168.157.240, host: trunk-nightly-hvlc9-701369690, networkLocation: /default-rack, certSerialId: null}, Type:RATIS, Factor:THREE, State:OPEN]
2019-07-15 13:55:24,067 INFO  impl.RoleInfo (RoleInfo.java:shutdownLeaderState(104)) - 9710020f-1df5-4517-aaee-879ceba01d63: shutdown LeaderState
2019-07-15 13:55:24,067 INFO  pipeline.PipelineStateManager (PipelineStateManager.java:finalizePipeline(123)) - Pipeline Pipeline[ Id: 78d2f69f-847b-4855-a97a-980989788e60, Nodes: 28d81efa-a30c-462a-b619-b6bf87a2135a{ip: 192.168.157.240, host: trunk-nightly-hvlc9-701369690, networkLocation: /default-rack, certSerialId: null}9710020f-1df5-4517-aaee-879ceba01d63{ip: 192.168.157.240, host: trunk-nightly-hvlc9-701369690, networkLocation: /default-rack, certSerialId: null}46567dc6-cf2d-4106-8d3b-c9237d36b748{ip: 192.168.157.240, host: trunk-nightly-hvlc9-701369690, networkLocation: /default-rack, certSerialId: null}, Type:RATIS, Factor:THREE, State:CLOSED] moved to CLOSED state
2019-07-15 13:55:24,067 INFO  impl.PendingRequests (PendingRequests.java:sendNotLeaderResponses(202)) - 2d00b472-dcb0-4605-bb91-77e4ea37b1c7-PendingRequests: sendNotLeaderResponses
2019-07-15 13:55:24,068 INFO  impl.PendingRequests (PendingRequests.java:sendNotLeaderResponses(202)) - 9710020f-1df5-4517-aaee-879ceba01d63-PendingRequests: sendNotLeaderResponses
2019-07-15 13:55:24,068 INFO  impl.StateMachineUpdater (StateMachineUpdater.java:stopAndJoin(115)) - StateMachineUpdater:2d00b472-dcb0-4605-bb91-77e4ea37b1c7:group-0322025ACD81: set stopIndex = 0
2019-07-15 13:55:24,069 INFO  impl.StateMachineUpdater (StateMachineUpdater.java:stopAndJoin(115)) - StateMachineUpdater:9710020f-1df5-4517-aaee-879ceba01d63:group-421B7FE86CB9: set stopIndex = 0
2019-07-15 13:55:24,069 INFO  impl.RaftServerImpl (ServerState.java:close(394)) - 2d00b472-dcb0-4605-bb91-77e4ea37b1c7:group-0322025ACD81 closes. The last applied log index is 0
2019-07-15 13:55:24,069 INFO  impl.RaftServerImpl (ServerState.java:close(394)) - 9710020f-1df5-4517-aaee-879ceba01d63:group-421B7FE86CB9 closes. The last applied log index is 0
2019-07-15 13:55:24,070 INFO  segmented.SegmentedRaftLogWorker (SegmentedRaftLogWorker.java:run(313)) - 2d00b472-dcb0-4605-bb91-77e4ea37b1c7-SegmentedRaftLogWorker:Storage Directory /workdir/hadoop-ozone/integration-test/target/test-dir/MiniOzoneClusterImpl-fa28b9af-4596-4992-971b-e70be8aa423d/datanode-4/data/ratis/9af9cff5-5728-49fd-9852-0322025acd81 was interrupted, exiting. There are 0 tasks remaining in the queue.
2019-07-15 13:55:24,070 INFO  segmented.SegmentedRaftLogWorker (SegmentedRaftLogWorker.java:run(313)) - 9710020f-1df5-4517-aaee-879ceba01d63-SegmentedRaftLogWorker:Storage Directory /workdir/hadoop-ozone/integration-test/target/test-dir/MiniOzoneClusterImpl-fa28b9af-4596-4992-971b-e70be8aa423d/datanode-1/data/ratis/2981129b-dcef-4a5a-b9f1-421b7fe86cb9 was interrupted, exiting. There are 0 tasks remaining in the queue.
2019-07-15 13:55:24,076 INFO  segmented.SegmentedRaftLogWorker (SegmentedRaftLogWorker.java:close(228)) - 2d00b472-dcb0-4605-bb91-77e4ea37b1c7-SegmentedRaftLogWorker:Storage Directory /workdir/hadoop-ozone/integration-test/target/test-dir/MiniOzoneClusterImpl-fa28b9af-4596-4992-971b-e70be8aa423d/datanode-4/data/ratis/9af9cff5-5728-49fd-9852-0322025acd81 close()
2019-07-15 13:55:24,076 INFO  segmented.SegmentedRaftLogWorker (SegmentedRaftLogWorker.java:close(228)) - 9710020f-1df5-4517-aaee-879ceba01d63-SegmentedRaftLogWorker:Storage Directory /workdir/hadoop-ozone/integration-test/target/test-dir/MiniOzoneClusterImpl-fa28b9af-4596-4992-971b-e70be8aa423d/datanode-1/data/ratis/2981129b-dcef-4a5a-b9f1-421b7fe86cb9 close()
2019-07-15 13:55:24,081 INFO  impl.RaftServerImpl (RaftServerImpl.java:lambda$shutdown$3(245)) - 2d00b472-dcb0-4605-bb91-77e4ea37b1c7: shutdown group-2E29C4E95440
2019-07-15 13:55:24,086 INFO  impl.RaftServerImpl (RaftServerImpl.java:lambda$shutdown$3(245)) - 9710020f-1df5-4517-aaee-879ceba01d63: shutdown group-980989788E60
2019-07-15 13:55:24,086 INFO  util.JmxRegister (JmxRegister.java:unregister(73)) - Successfully un-registered JMX Bean with object name Ratis:service=RaftServer,group=group-2E29C4E95440,id=2d00b472-dcb0-4605-bb91-77e4ea37b1c7
2019-07-15 13:55:24,087 INFO  util.JmxRegister (JmxRegister.java:unregister(73)) - Successfully un-registered JMX Bean with object name Ratis:service=RaftServer,group=group-980989788E60,id=9710020f-1df5-4517-aaee-879ceba01d63
2019-07-15 13:55:24,087 INFO  impl.RoleInfo (RoleInfo.java:shutdownFollowerState(121)) - 2d00b472-dcb0-4605-bb91-77e4ea37b1c7: shutdown FollowerState
2019-07-15 13:55:24,087 INFO  impl.RoleInfo (RoleInfo.java:shutdownLeaderState(104)) - 9710020f-1df5-4517-aaee-879ceba01d63: shutdown LeaderState
2019-07-15 13:55:24,088 INFO  impl.FollowerState (FollowerState.java:run(114)) - 2d00b472-dcb0-4605-bb91-77e4ea37b1c7: FollowerState was interrupted: java.lang.InterruptedException: sleep interrupted
2019-07-15 13:55:24,093 INFO  impl.PendingRequests (PendingRequests.java:sendNotLeaderResponses(202)) - 9710020f-1df5-4517-aaee-879ceba01d63-PendingRequests: sendNotLeaderResponses
2019-07-15 13:55:24,088 INFO  ratis.ContainerStateMachine (ContainerStateMachine.java:takeSnapshot(249)) - group-2E29C4E95440: Taking a snapshot at:(t:1, i:11) file /workdir/hadoop-ozone/integration-test/target/test-dir/MiniOzoneClusterImpl-fa28b9af-4596-4992-971b-e70be8aa423d/datanode-4/data/ratis/acb00330-eb5f-4c85-8325-2e29c4e95440/sm/snapshot.1_11
2019-07-15 13:55:24,088 INFO  impl.StateMachineUpdater (StateMachineUpdater.java:stopAndJoin(115)) - StateMachineUpdater:2d00b472-dcb0-4605-bb91-77e4ea37b1c7:group-2E29C4E95440: set stopIndex = 14
2019-07-15 13:55:24,096 INFO  ratis.ContainerStateMachine (ContainerStateMachine.java:takeSnapshot(257)) - group-2E29C4E95440: Finished taking a snapshot at:(t:1, i:11) file:/workdir/hadoop-ozone/integration-test/target/test-dir/MiniOzoneClusterImpl-fa28b9af-4596-4992-971b-e70be8aa423d/datanode-4/data/ratis/acb00330-eb5f-4c85-8325-2e29c4e95440/sm/snapshot.1_11 time:8
2019-07-15 13:55:24,096 INFO  impl.StateMachineUpdater (StateMachineUpdater.java:takeSnapshot(242)) - StateMachineUpdater:2d00b472-dcb0-4605-bb91-77e4ea37b1c7:group-2E29C4E95440: Took a snapshot at index 11
2019-07-15 13:55:24,095 INFO  impl.StateMachineUpdater (StateMachineUpdater.java:stopAndJoin(115)) - StateMachineUpdater:9710020f-1df5-4517-aaee-879ceba01d63:group-980989788E60: set stopIndex = 0
2019-07-15 13:55:24,095 WARN  server.GrpcLogAppender (GrpcLogAppender.java:mayWait(143)) - GrpcLogAppender(9710020f-1df5-4517-aaee-879ceba01d63->28d81efa-a30c-462a-b619-b6bf87a2135a): Wait interrupted by java.lang.InterruptedException
2019-07-15 13:55:24,095 WARN  server.GrpcLogAppender (GrpcLogAppender.java:mayWait(143)) - GrpcLogAppender(9710020f-1df5-4517-aaee-879ceba01d63->46567dc6-cf2d-4106-8d3b-c9237d36b748): Wait interrupted by java.lang.InterruptedException
2019-07-15 13:55:24,096 INFO  impl.RaftServerImpl (ServerState.java:close(394)) - 9710020f-1df5-4517-aaee-879ceba01d63:group-980989788E60 closes. The last applied log index is 0
2019-07-15 13:55:24,096 INFO  impl.StateMachineUpdater (StateMachineUpdater.java:lambda$new$0(80)) - StateMachineUpdater:2d00b472-dcb0-4605-bb91-77e4ea37b1c7:group-2E29C4E95440: snapshotIndex: updateIncreasingly -1 -> 11
2019-07-15 13:55:24,097 INFO  server.GrpcServerProtocolService (GrpcServerProtocolService.java:onCompleted(104)) - 46567dc6-cf2d-4106-8d3b-c9237d36b748: appendEntries completed
2019-07-15 13:55:24,097 INFO  segmented.SegmentedRaftLogWorker (SegmentedRaftLogWorker.java:run(313)) - 9710020f-1df5-4517-aaee-879ceba01d63-SegmentedRaftLogWorker:Storage Directory /workdir/hadoop-ozone/integration-test/target/test-dir/MiniOzoneClusterImpl-fa28b9af-4596-4992-971b-e70be8aa423d/datanode-1/data/ratis/78d2f69f-847b-4855-a97a-980989788e60 was interrupted, exiting. There are 0 tasks remaining in the queue.
2019-07-15 13:55:24,097 INFO  server.GrpcServerProtocolService (GrpcServerProtocolService.java:onCompleted(104)) - 28d81efa-a30c-462a-b619-b6bf87a2135a: appendEntries completed
2019-07-15 13:55:24,098 INFO  impl.RaftServerImpl (ServerState.java:close(394)) - 2d00b472-dcb0-4605-bb91-77e4ea37b1c7:group-2E29C4E95440 closes. The last applied log index is 14
2019-07-15 13:55:24,100 INFO  server.GrpcLogAppender (GrpcLogAppender.java:onCompleted(292)) - 9710020f-1df5-4517-aaee-879ceba01d63->28d81efa-a30c-462a-b619-b6bf87a2135a: follower responses appendEntries COMPLETED
2019-07-15 13:55:24,100 INFO  server.GrpcLogAppender (GrpcLogAppender.java:onCompleted(292)) - 9710020f-1df5-4517-aaee-879ceba01d63->46567dc6-cf2d-4106-8d3b-c9237d36b748: follower responses appendEntries COMPLETED
2019-07-15 13:55:24,101 INFO  impl.FollowerInfo (FollowerInfo.java:lambda$new$0(50)) - 9710020f-1df5-4517-aaee-879ceba01d63->28d81efa-a30c-462a-b619-b6bf87a2135a: nextIndex: updateUnconditionally 1 -> 0
2019-07-15 13:55:24,101 INFO  segmented.SegmentedRaftLogWorker (SegmentedRaftLogWorker.java:run(313)) - 2d00b472-dcb0-4605-bb91-77e4ea37b1c7-SegmentedRaftLogWorker:Storage Directory /workdir/hadoop-ozone/integration-test/target/test-dir/MiniOzoneClusterImpl-fa28b9af-4596-4992-971b-e70be8aa423d/datanode-4/data/ratis/acb00330-eb5f-4c85-8325-2e29c4e95440 was interrupted, exiting. There are 0 tasks remaining in the queue.
2019-07-15 13:55:24,101 INFO  impl.FollowerInfo (FollowerInfo.java:lambda$new$0(50)) - 9710020f-1df5-4517-aaee-879ceba01d63->46567dc6-cf2d-4106-8d3b-c9237d36b748: nextIndex: updateUnconditionally 1 -> 0
2019-07-15 13:55:24,108 INFO  segmented.SegmentedRaftLogWorker (SegmentedRaftLogWorker.java:close(228)) - 9710020f-1df5-4517-aaee-879ceba01d63-SegmentedRaftLogWorker:Storage Directory /workdir/hadoop-ozone/integration-test/target/test-dir/MiniOzoneClusterImpl-fa28b9af-4596-4992-971b-e70be8aa423d/datanode-1/data/ratis/78d2f69f-847b-4855-a97a-980989788e60 close()
2019-07-15 13:55:24,108 INFO  segmented.SegmentedRaftLogWorker (SegmentedRaftLogWorker.java:close(228)) - 2d00b472-dcb0-4605-bb91-77e4ea37b1c7-SegmentedRaftLogWorker:Storage Directory /workdir/hadoop-ozone/integration-test/target/test-dir/MiniOzoneClusterImpl-fa28b9af-4596-4992-971b-e70be8aa423d/datanode-4/data/ratis/acb00330-eb5f-4c85-8325-2e29c4e95440 close()
2019-07-15 13:55:24,113 INFO  server.GrpcService (GrpcService.java:closeImpl(155)) - 9710020f-1df5-4517-aaee-879ceba01d63: shutdown server with port 37782 now
2019-07-15 13:55:24,118 INFO  server.GrpcService (GrpcService.java:closeImpl(155)) - 2d00b472-dcb0-4605-bb91-77e4ea37b1c7: shutdown server with port 46738 now
2019-07-15 13:55:24,118 INFO  server.GrpcService (GrpcService.java:closeImpl(163)) - 9710020f-1df5-4517-aaee-879ceba01d63: shutdown server with port 37782 successfully
2019-07-15 13:55:24,119 WARN  server.GrpcServerProtocolService (LogUtils.java:warn(134)) - 2d00b472-dcb0-4605-bb91-77e4ea37b1c7: appendEntries onError: org.apache.ratis.thirdparty.io.grpc.StatusRuntimeException: CANCELLED: cancelled before receiving half close
2019-07-15 13:55:24,119 INFO  server.GrpcService (GrpcService.java:closeImpl(163)) - 2d00b472-dcb0-4605-bb91-77e4ea37b1c7: shutdown server with port 46738 successfully
2019-07-15 13:55:24,119 WARN  server.GrpcLogAppender (LogUtils.java:warn(134)) - 0f241cde-c091-46a2-a1c2-284ac60930d7->2d00b472-dcb0-4605-bb91-77e4ea37b1c7: Failed appendEntries: org.apache.ratis.thirdparty.io.grpc.StatusRuntimeException: CANCELLED: HTTP/2 error code: CANCEL
Received Rst Stream
2019-07-15 13:55:24,120 INFO  impl.FollowerInfo (FollowerInfo.java:lambda$new$0(50)) - 0f241cde-c091-46a2-a1c2-284ac60930d7->2d00b472-dcb0-4605-bb91-77e4ea37b1c7: nextIndex: updateUnconditionally 15 -> 14
2019-07-15 13:55:24,121 INFO  utils.BackgroundService (BackgroundService.java:shutdown(148)) - Shutting down service BlockDeletingService
2019-07-15 13:55:24,122 WARN  fs.CachingGetSpaceUsed (CachingGetSpaceUsed.java:run(183)) - Thread Interrupted waiting to refresh disk information: sleep interrupted
2019-07-15 13:55:24,124 INFO  utils.BackgroundService (BackgroundService.java:shutdown(148)) - Shutting down service BlockDeletingService
2019-07-15 13:55:24,128 WARN  fs.CachingGetSpaceUsed (CachingGetSpaceUsed.java:run(183)) - Thread Interrupted waiting to refresh disk information: sleep interrupted
2019-07-15 13:55:24,145 INFO  statemachine.DatanodeStateMachine (DatanodeStateMachine.java:stopDaemon(395)) - Ozone container server stopped.
2019-07-15 13:55:24,146 INFO  handler.ContextHandler (ContextHandler.java:doStop(910)) - Stopped o.e.j.w.WebAppContext@3f2b55f8{/,null,UNAVAILABLE}{/hddsDatanode}
2019-07-15 13:55:24,147 INFO  server.AbstractConnector (AbstractConnector.java:doStop(318)) - Stopped ServerConnector@3d4d2e29{HTTP/1.1,[http/1.1]}{0.0.0.0:0}
2019-07-15 13:55:24,147 INFO  handler.ContextHandler (ContextHandler.java:doStop(910)) - Stopped o.e.j.s.ServletContextHandler@b525e3a{/static,jar:file:/home/user/.m2/repository/org/apache/hadoop/hadoop-hdds-container-service/0.5.0-SNAPSHOT/hadoop-hdds-container-service-0.5.0-SNAPSHOT.jar!/webapps/static,UNAVAILABLE}
2019-07-15 13:55:24,148 INFO  handler.ContextHandler (ContextHandler.java:doStop(910)) - Stopped o.e.j.s.ServletContextHandler@39b8313d{/logs,file:///workdir/hadoop-ozone/integration-test/target/log,UNAVAILABLE}
2019-07-15 13:55:24,152 INFO  datanode.ObjectStoreHandler (ObjectStoreHandler.java:close(155)) - Closing ObjectStoreHandler.
2019-07-15 13:55:24,154 INFO  statemachine.DatanodeStateMachine (DatanodeStateMachine.java:stopDaemon(395)) - Ozone container server stopped.
2019-07-15 13:55:24,155 INFO  ozone.HddsDatanodeService (HddsDatanodeService.java:stop(452)) - Stopped plug-in org.apache.hadoop.ozone.web.OzoneHddsDatanodeService@294e4c35
2019-07-15 13:55:24,161 INFO  handler.ContextHandler (ContextHandler.java:doStop(910)) - Stopped o.e.j.w.WebAppContext@38b7b02f{/,null,UNAVAILABLE}{/hddsDatanode}
2019-07-15 13:55:24,162 INFO  server.AbstractConnector (AbstractConnector.java:doStop(318)) - Stopped ServerConnector@7203fac0{HTTP/1.1,[http/1.1]}{0.0.0.0:0}
2019-07-15 13:55:24,164 INFO  handler.ContextHandler (ContextHandler.java:doStop(910)) - Stopped o.e.j.s.ServletContextHandler@4ba62429{/static,jar:file:/home/user/.m2/repository/org/apache/hadoop/hadoop-hdds-container-service/0.5.0-SNAPSHOT/hadoop-hdds-container-service-0.5.0-SNAPSHOT.jar!/webapps/static,UNAVAILABLE}
2019-07-15 13:55:24,166 INFO  handler.ContextHandler (ContextHandler.java:doStop(910)) - Stopped o.e.j.s.ServletContextHandler@581a0bf{/logs,file:///workdir/hadoop-ozone/integration-test/target/log,UNAVAILABLE}
2019-07-15 13:55:24,167 INFO  datanode.ObjectStoreHandler (ObjectStoreHandler.java:close(155)) - Closing ObjectStoreHandler.
2019-07-15 13:55:24,167 INFO  ozone.HddsDatanodeService (HddsDatanodeService.java:stop(452)) - Stopped plug-in org.apache.hadoop.ozone.web.OzoneHddsDatanodeService@5d708ef6
2019-07-15 13:55:24,175 INFO  statemachine.DatanodeStateMachine (DatanodeStateMachine.java:lambda$startDaemon$0(350)) - Ozone container server started.
2019-07-15 13:55:24,914 INFO  statemachine.DatanodeStateMachine (DatanodeStateMachine.java:lambda$startDaemon$0(350)) - Ozone container server started.
2019-07-15 13:55:26,475 WARN  server.GrpcLogAppender (LogUtils.java:warn(134)) - 0f241cde-c091-46a2-a1c2-284ac60930d7->2d00b472-dcb0-4605-bb91-77e4ea37b1c7: Failed appendEntries: org.apache.ratis.thirdparty.io.grpc.StatusRuntimeException: UNAVAILABLE: io exception
2019-07-15 13:55:26,476 INFO  impl.FollowerInfo (FollowerInfo.java:lambda$new$0(50)) - 0f241cde-c091-46a2-a1c2-284ac60930d7->2d00b472-dcb0-4605-bb91-77e4ea37b1c7: nextIndex: updateUnconditionally 14 -> 13
2019-07-15 13:55:28,271 INFO  node.StaleNodeHandler (StaleNodeHandler.java:onMessage(58)) - Datanode 28d81efa-a30c-462a-b619-b6bf87a2135a{ip: 192.168.157.240, host: trunk-nightly-hvlc9-701369690, networkLocation: /default-rack, certSerialId: null} moved to stale state. Finalizing its pipelines [PipelineID=103a5eca-3bdb-418e-b503-819111d363e1, PipelineID=78d2f69f-847b-4855-a97a-980989788e60]
2019-07-15 13:55:28,272 INFO  pipeline.SCMPipelineManager (SCMPipelineManager.java:finalizeAndDestroyPipeline(309)) - destroying pipeline:Pipeline[ Id: 103a5eca-3bdb-418e-b503-819111d363e1, Nodes: 28d81efa-a30c-462a-b619-b6bf87a2135a{ip: 192.168.157.240, host: trunk-nightly-hvlc9-701369690, networkLocation: /default-rack, certSerialId: null}, Type:RATIS, Factor:ONE, State:OPEN]
2019-07-15 13:55:28,272 INFO  pipeline.PipelineStateManager (PipelineStateManager.java:finalizePipeline(123)) - Pipeline Pipeline[ Id: 103a5eca-3bdb-418e-b503-819111d363e1, Nodes: 28d81efa-a30c-462a-b619-b6bf87a2135a{ip: 192.168.157.240, host: trunk-nightly-hvlc9-701369690, networkLocation: /default-rack, certSerialId: null}, Type:RATIS, Factor:ONE, State:CLOSED] moved to CLOSED state
2019-07-15 13:55:28,272 INFO  pipeline.SCMPipelineManager (SCMPipelineManager.java:finalizeAndDestroyPipeline(309)) - destroying pipeline:Pipeline[ Id: 78d2f69f-847b-4855-a97a-980989788e60, Nodes: 28d81efa-a30c-462a-b619-b6bf87a2135a{ip: 192.168.157.240, host: trunk-nightly-hvlc9-701369690, networkLocation: /default-rack, certSerialId: null}9710020f-1df5-4517-aaee-879ceba01d63{ip: 192.168.157.240, host: trunk-nightly-hvlc9-701369690, networkLocation: /default-rack, certSerialId: null}46567dc6-cf2d-4106-8d3b-c9237d36b748{ip: 192.168.157.240, host: trunk-nightly-hvlc9-701369690, networkLocation: /default-rack, certSerialId: null}, Type:RATIS, Factor:THREE, State:CLOSED]
2019-07-15 13:55:28,972 INFO  node.StaleNodeHandler (StaleNodeHandler.java:onMessage(58)) - Datanode 0f241cde-c091-46a2-a1c2-284ac60930d7{ip: 192.168.157.240, host: trunk-nightly-hvlc9-701369690, networkLocation: /default-rack, certSerialId: null} moved to stale state. Finalizing its pipelines [PipelineID=1b06b445-f8a7-4a21-b4e1-2de7b7d5fb63, PipelineID=acb00330-eb5f-4c85-8325-2e29c4e95440]
2019-07-15 13:55:28,973 INFO  pipeline.SCMPipelineManager (SCMPipelineManager.java:finalizeAndDestroyPipeline(309)) - destroying pipeline:Pipeline[ Id: 1b06b445-f8a7-4a21-b4e1-2de7b7d5fb63, Nodes: 0f241cde-c091-46a2-a1c2-284ac60930d7{ip: 192.168.157.240, host: trunk-nightly-hvlc9-701369690, networkLocation: /default-rack, certSerialId: null}, Type:RATIS, Factor:ONE, State:OPEN]
2019-07-15 13:55:28,973 INFO  pipeline.PipelineStateManager (PipelineStateManager.java:finalizePipeline(123)) - Pipeline Pipeline[ Id: 1b06b445-f8a7-4a21-b4e1-2de7b7d5fb63, Nodes: 0f241cde-c091-46a2-a1c2-284ac60930d7{ip: 192.168.157.240, host: trunk-nightly-hvlc9-701369690, networkLocation: /default-rack, certSerialId: null}, Type:RATIS, Factor:ONE, State:CLOSED] moved to CLOSED state
2019-07-15 13:55:28,973 INFO  pipeline.SCMPipelineManager (SCMPipelineManager.java:finalizeAndDestroyPipeline(309)) - destroying pipeline:Pipeline[ Id: acb00330-eb5f-4c85-8325-2e29c4e95440, Nodes: 2d00b472-dcb0-4605-bb91-77e4ea37b1c7{ip: 192.168.157.240, host: trunk-nightly-hvlc9-701369690, networkLocation: /default-rack, certSerialId: null}3b6b5b8d-d680-46f1-bfb8-d706f5b52170{ip: 192.168.157.240, host: trunk-nightly-hvlc9-701369690, networkLocation: /default-rack, certSerialId: null}0f241cde-c091-46a2-a1c2-284ac60930d7{ip: 192.168.157.240, host: trunk-nightly-hvlc9-701369690, networkLocation: /default-rack, certSerialId: null}, Type:RATIS, Factor:THREE, State:CLOSED]
2019-07-15 13:55:28,976 WARN  server.GrpcLogAppender (LogUtils.java:warn(134)) - 0f241cde-c091-46a2-a1c2-284ac60930d7->2d00b472-dcb0-4605-bb91-77e4ea37b1c7: Failed appendEntries: org.apache.ratis.thirdparty.io.grpc.StatusRuntimeException: UNAVAILABLE: io exception
2019-07-15 13:55:28,976 INFO  impl.FollowerInfo (FollowerInfo.java:lambda$new$0(50)) - 0f241cde-c091-46a2-a1c2-284ac60930d7->2d00b472-dcb0-4605-bb91-77e4ea37b1c7: nextIndex: updateUnconditionally 13 -> 12
2019-07-15 13:55:29,159 INFO  ozoneimpl.OzoneContainer (OzoneContainer.java:stop(199)) - Attempting to stop container services.
2019-07-15 13:55:29,160 INFO  impl.RaftServerProxy (RaftServerProxy.java:lambda$close$4(314)) - 0f241cde-c091-46a2-a1c2-284ac60930d7: close
2019-07-15 13:55:29,160 INFO  impl.RaftServerImpl (RaftServerImpl.java:lambda$shutdown$3(245)) - 0f241cde-c091-46a2-a1c2-284ac60930d7: shutdown group-2DE7B7D5FB63
2019-07-15 13:55:29,161 INFO  util.JmxRegister (JmxRegister.java:unregister(73)) - Successfully un-registered JMX Bean with object name Ratis:service=RaftServer,group=group-2DE7B7D5FB63,id=0f241cde-c091-46a2-a1c2-284ac60930d7
2019-07-15 13:55:29,161 INFO  impl.RoleInfo (RoleInfo.java:shutdownLeaderState(104)) - 0f241cde-c091-46a2-a1c2-284ac60930d7: shutdown LeaderState
2019-07-15 13:55:29,162 INFO  impl.PendingRequests (PendingRequests.java:sendNotLeaderResponses(202)) - 0f241cde-c091-46a2-a1c2-284ac60930d7-PendingRequests: sendNotLeaderResponses
2019-07-15 13:55:29,162 INFO  impl.StateMachineUpdater (StateMachineUpdater.java:stopAndJoin(115)) - StateMachineUpdater:0f241cde-c091-46a2-a1c2-284ac60930d7:group-2DE7B7D5FB63: set stopIndex = 0
2019-07-15 13:55:29,163 INFO  impl.RaftServerImpl (ServerState.java:close(394)) - 0f241cde-c091-46a2-a1c2-284ac60930d7:group-2DE7B7D5FB63 closes. The last applied log index is 0
2019-07-15 13:55:29,163 INFO  segmented.SegmentedRaftLogWorker (SegmentedRaftLogWorker.java:run(313)) - 0f241cde-c091-46a2-a1c2-284ac60930d7-SegmentedRaftLogWorker:Storage Directory /workdir/hadoop-ozone/integration-test/target/test-dir/MiniOzoneClusterImpl-fa28b9af-4596-4992-971b-e70be8aa423d/datanode-3/data/ratis/1b06b445-f8a7-4a21-b4e1-2de7b7d5fb63 was interrupted, exiting. There are 0 tasks remaining in the queue.
2019-07-15 13:55:29,166 INFO  segmented.SegmentedRaftLogWorker (SegmentedRaftLogWorker.java:close(228)) - 0f241cde-c091-46a2-a1c2-284ac60930d7-SegmentedRaftLogWorker:Storage Directory /workdir/hadoop-ozone/integration-test/target/test-dir/MiniOzoneClusterImpl-fa28b9af-4596-4992-971b-e70be8aa423d/datanode-3/data/ratis/1b06b445-f8a7-4a21-b4e1-2de7b7d5fb63 close()
2019-07-15 13:55:29,171 INFO  impl.RaftServerImpl (RaftServerImpl.java:lambda$shutdown$3(245)) - 0f241cde-c091-46a2-a1c2-284ac60930d7: shutdown group-2E29C4E95440
2019-07-15 13:55:29,171 INFO  ozoneimpl.OzoneContainer (OzoneContainer.java:stop(199)) - Attempting to stop container services.
2019-07-15 13:55:29,171 INFO  util.JmxRegister (JmxRegister.java:unregister(73)) - Successfully un-registered JMX Bean with object name Ratis:service=RaftServer,group=group-2E29C4E95440,id=0f241cde-c091-46a2-a1c2-284ac60930d7
2019-07-15 13:55:29,171 INFO  impl.RaftServerProxy (RaftServerProxy.java:lambda$close$4(314)) - 28d81efa-a30c-462a-b619-b6bf87a2135a: close
2019-07-15 13:55:29,172 INFO  impl.RoleInfo (RoleInfo.java:shutdownLeaderState(104)) - 0f241cde-c091-46a2-a1c2-284ac60930d7: shutdown LeaderState
2019-07-15 13:55:29,172 INFO  impl.RaftServerImpl (RaftServerImpl.java:lambda$shutdown$3(245)) - 28d81efa-a30c-462a-b619-b6bf87a2135a: shutdown group-819111D363E1
2019-07-15 13:55:29,176 WARN  server.GrpcLogAppender (GrpcLogAppender.java:mayWait(143)) - GrpcLogAppender(0f241cde-c091-46a2-a1c2-284ac60930d7->3b6b5b8d-d680-46f1-bfb8-d706f5b52170): Wait interrupted by java.lang.InterruptedException
2019-07-15 13:55:29,176 WARN  server.GrpcLogAppender (GrpcLogAppender.java:mayWait(143)) - GrpcLogAppender(0f241cde-c091-46a2-a1c2-284ac60930d7->2d00b472-dcb0-4605-bb91-77e4ea37b1c7): Wait interrupted by java.lang.InterruptedException
2019-07-15 13:55:29,176 INFO  impl.PendingRequests (PendingRequests.java:sendNotLeaderResponses(202)) - 0f241cde-c091-46a2-a1c2-284ac60930d7-PendingRequests: sendNotLeaderResponses
2019-07-15 13:55:29,177 INFO  server.GrpcServerProtocolService (GrpcServerProtocolService.java:onCompleted(104)) - 3b6b5b8d-d680-46f1-bfb8-d706f5b52170: appendEntries completed
2019-07-15 13:55:29,177 INFO  util.JmxRegister (JmxRegister.java:unregister(73)) - Successfully un-registered JMX Bean with object name Ratis:service=RaftServer,group=group-819111D363E1,id=28d81efa-a30c-462a-b619-b6bf87a2135a
2019-07-15 13:55:29,182 INFO  ratis.ContainerStateMachine (ContainerStateMachine.java:takeSnapshot(249)) - group-2E29C4E95440: Taking a snapshot at:(t:1, i:14) file /workdir/hadoop-ozone/integration-test/target/test-dir/MiniOzoneClusterImpl-fa28b9af-4596-4992-971b-e70be8aa423d/datanode-3/data/ratis/acb00330-eb5f-4c85-8325-2e29c4e95440/sm/snapshot.1_14
2019-07-15 13:55:29,182 INFO  server.GrpcLogAppender (GrpcLogAppender.java:onCompleted(292)) - 0f241cde-c091-46a2-a1c2-284ac60930d7->3b6b5b8d-d680-46f1-bfb8-d706f5b52170: follower responses appendEntries COMPLETED
2019-07-15 13:55:29,181 INFO  impl.StateMachineUpdater (StateMachineUpdater.java:stopAndJoin(115)) - StateMachineUpdater:0f241cde-c091-46a2-a1c2-284ac60930d7:group-2E29C4E95440: set stopIndex = 14
2019-07-15 13:55:29,182 INFO  ratis.ContainerStateMachine (ContainerStateMachine.java:takeSnapshot(257)) - group-2E29C4E95440: Finished taking a snapshot at:(t:1, i:14) file:/workdir/hadoop-ozone/integration-test/target/test-dir/MiniOzoneClusterImpl-fa28b9af-4596-4992-971b-e70be8aa423d/datanode-3/data/ratis/acb00330-eb5f-4c85-8325-2e29c4e95440/sm/snapshot.1_14 time:1
2019-07-15 13:55:29,183 INFO  impl.StateMachineUpdater (StateMachineUpdater.java:takeSnapshot(242)) - StateMachineUpdater:0f241cde-c091-46a2-a1c2-284ac60930d7:group-2E29C4E95440: Took a snapshot at index 14
2019-07-15 13:55:29,182 INFO  impl.FollowerInfo (FollowerInfo.java:lambda$new$0(50)) - 0f241cde-c091-46a2-a1c2-284ac60930d7->3b6b5b8d-d680-46f1-bfb8-d706f5b52170: nextIndex: updateUnconditionally 15 -> 14
2019-07-15 13:55:29,182 INFO  impl.RoleInfo (RoleInfo.java:shutdownLeaderState(104)) - 28d81efa-a30c-462a-b619-b6bf87a2135a: shutdown LeaderState
2019-07-15 13:55:29,183 INFO  impl.StateMachineUpdater (StateMachineUpdater.java:lambda$new$0(80)) - StateMachineUpdater:0f241cde-c091-46a2-a1c2-284ac60930d7:group-2E29C4E95440: snapshotIndex: updateIncreasingly -1 -> 14
2019-07-15 13:55:29,183 INFO  impl.PendingRequests (PendingRequests.java:sendNotLeaderResponses(202)) - 28d81efa-a30c-462a-b619-b6bf87a2135a-PendingRequests: sendNotLeaderResponses
2019-07-15 13:55:29,184 INFO  impl.RaftServerImpl (ServerState.java:close(394)) - 0f241cde-c091-46a2-a1c2-284ac60930d7:group-2E29C4E95440 closes. The last applied log index is 14
2019-07-15 13:55:29,184 INFO  impl.StateMachineUpdater (StateMachineUpdater.java:stopAndJoin(115)) - StateMachineUpdater:28d81efa-a30c-462a-b619-b6bf87a2135a:group-819111D363E1: set stopIndex = 0
2019-07-15 13:55:29,185 INFO  impl.RaftServerImpl (ServerState.java:close(394)) - 28d81efa-a30c-462a-b619-b6bf87a2135a:group-819111D363E1 closes. The last applied log index is 0
2019-07-15 13:55:29,185 INFO  segmented.SegmentedRaftLogWorker (SegmentedRaftLogWorker.java:run(313)) - 0f241cde-c091-46a2-a1c2-284ac60930d7-SegmentedRaftLogWorker:Storage Directory /workdir/hadoop-ozone/integration-test/target/test-dir/MiniOzoneClusterImpl-fa28b9af-4596-4992-971b-e70be8aa423d/datanode-3/data/ratis/acb00330-eb5f-4c85-8325-2e29c4e95440 was interrupted, exiting. There are 0 tasks remaining in the queue.
2019-07-15 13:55:29,185 INFO  segmented.SegmentedRaftLogWorker (SegmentedRaftLogWorker.java:run(313)) - 28d81efa-a30c-462a-b619-b6bf87a2135a-SegmentedRaftLogWorker:Storage Directory /workdir/hadoop-ozone/integration-test/target/test-dir/MiniOzoneClusterImpl-fa28b9af-4596-4992-971b-e70be8aa423d/datanode-2/data/ratis/103a5eca-3bdb-418e-b503-819111d363e1 was interrupted, exiting. There are 0 tasks remaining in the queue.
2019-07-15 13:55:29,187 INFO  segmented.SegmentedRaftLogWorker (SegmentedRaftLogWorker.java:close(228)) - 0f241cde-c091-46a2-a1c2-284ac60930d7-SegmentedRaftLogWorker:Storage Directory /workdir/hadoop-ozone/integration-test/target/test-dir/MiniOzoneClusterImpl-fa28b9af-4596-4992-971b-e70be8aa423d/datanode-3/data/ratis/acb00330-eb5f-4c85-8325-2e29c4e95440 close()
2019-07-15 13:55:29,190 INFO  segmented.SegmentedRaftLogWorker (SegmentedRaftLogWorker.java:close(228)) - 28d81efa-a30c-462a-b619-b6bf87a2135a-SegmentedRaftLogWorker:Storage Directory /workdir/hadoop-ozone/integration-test/target/test-dir/MiniOzoneClusterImpl-fa28b9af-4596-4992-971b-e70be8aa423d/datanode-2/data/ratis/103a5eca-3bdb-418e-b503-819111d363e1 close()
2019-07-15 13:55:29,194 INFO  server.GrpcService (GrpcService.java:closeImpl(155)) - 0f241cde-c091-46a2-a1c2-284ac60930d7: shutdown server with port 46235 now
2019-07-15 13:55:29,205 INFO  impl.RaftServerImpl (RaftServerImpl.java:lambda$shutdown$3(245)) - 28d81efa-a30c-462a-b619-b6bf87a2135a: shutdown group-980989788E60
2019-07-15 13:55:29,206 INFO  util.JmxRegister (JmxRegister.java:unregister(73)) - Successfully un-registered JMX Bean with object name Ratis:service=RaftServer,group=group-980989788E60,id=28d81efa-a30c-462a-b619-b6bf87a2135a
2019-07-15 13:55:29,206 INFO  server.GrpcService (GrpcService.java:closeImpl(163)) - 0f241cde-c091-46a2-a1c2-284ac60930d7: shutdown server with port 46235 successfully
2019-07-15 13:55:29,206 INFO  impl.RoleInfo (RoleInfo.java:shutdownFollowerState(121)) - 28d81efa-a30c-462a-b619-b6bf87a2135a: shutdown FollowerState
2019-07-15 13:55:29,207 INFO  impl.StateMachineUpdater (StateMachineUpdater.java:stopAndJoin(115)) - StateMachineUpdater:28d81efa-a30c-462a-b619-b6bf87a2135a:group-980989788E60: set stopIndex = 0
2019-07-15 13:55:29,207 INFO  impl.RaftServerImpl (ServerState.java:close(394)) - 28d81efa-a30c-462a-b619-b6bf87a2135a:group-980989788E60 closes. The last applied log index is 0
2019-07-15 13:55:29,207 INFO  impl.FollowerState (FollowerState.java:run(114)) - 28d81efa-a30c-462a-b619-b6bf87a2135a: FollowerState was interrupted: java.lang.InterruptedException: sleep interrupted
2019-07-15 13:55:29,208 INFO  utils.BackgroundService (BackgroundService.java:shutdown(148)) - Shutting down service BlockDeletingService
2019-07-15 13:55:29,212 INFO  segmented.SegmentedRaftLogWorker (SegmentedRaftLogWorker.java:run(313)) - 28d81efa-a30c-462a-b619-b6bf87a2135a-SegmentedRaftLogWorker:Storage Directory /workdir/hadoop-ozone/integration-test/target/test-dir/MiniOzoneClusterImpl-fa28b9af-4596-4992-971b-e70be8aa423d/datanode-2/data/ratis/78d2f69f-847b-4855-a97a-980989788e60 was interrupted, exiting. There are 0 tasks remaining in the queue.
2019-07-15 13:55:29,214 INFO  segmented.SegmentedRaftLogWorker (SegmentedRaftLogWorker.java:close(228)) - 28d81efa-a30c-462a-b619-b6bf87a2135a-SegmentedRaftLogWorker:Storage Directory /workdir/hadoop-ozone/integration-test/target/test-dir/MiniOzoneClusterImpl-fa28b9af-4596-4992-971b-e70be8aa423d/datanode-2/data/ratis/78d2f69f-847b-4855-a97a-980989788e60 close()
2019-07-15 13:55:29,216 INFO  server.GrpcService (GrpcService.java:closeImpl(155)) - 28d81efa-a30c-462a-b619-b6bf87a2135a: shutdown server with port 41476 now
2019-07-15 13:55:29,216 WARN  fs.CachingGetSpaceUsed (CachingGetSpaceUsed.java:run(183)) - Thread Interrupted waiting to refresh disk information: sleep interrupted
2019-07-15 13:55:29,217 INFO  server.GrpcService (GrpcService.java:closeImpl(163)) - 28d81efa-a30c-462a-b619-b6bf87a2135a: shutdown server with port 41476 successfully
2019-07-15 13:55:29,218 INFO  utils.BackgroundService (BackgroundService.java:shutdown(148)) - Shutting down service BlockDeletingService
2019-07-15 13:55:29,224 WARN  fs.CachingGetSpaceUsed (CachingGetSpaceUsed.java:run(183)) - Thread Interrupted waiting to refresh disk information: sleep interrupted
2019-07-15 13:55:29,236 INFO  statemachine.DatanodeStateMachine (DatanodeStateMachine.java:stopDaemon(395)) - Ozone container server stopped.
2019-07-15 13:55:29,237 INFO  handler.ContextHandler (ContextHandler.java:doStop(910)) - Stopped o.e.j.w.WebAppContext@7db373b2{/,null,UNAVAILABLE}{/hddsDatanode}
2019-07-15 13:55:29,238 INFO  server.AbstractConnector (AbstractConnector.java:doStop(318)) - Stopped ServerConnector@4b91ac30{HTTP/1.1,[http/1.1]}{0.0.0.0:0}
2019-07-15 13:55:29,238 INFO  handler.ContextHandler (ContextHandler.java:doStop(910)) - Stopped o.e.j.s.ServletContextHandler@42af751f{/static,jar:file:/home/user/.m2/repository/org/apache/hadoop/hadoop-hdds-container-service/0.5.0-SNAPSHOT/hadoop-hdds-container-service-0.5.0-SNAPSHOT.jar!/webapps/static,UNAVAILABLE}
2019-07-15 13:55:29,239 INFO  handler.ContextHandler (ContextHandler.java:doStop(910)) - Stopped o.e.j.s.ServletContextHandler@221b4175{/logs,file:///workdir/hadoop-ozone/integration-test/target/log,UNAVAILABLE}
2019-07-15 13:55:29,239 INFO  datanode.ObjectStoreHandler (ObjectStoreHandler.java:close(155)) - Closing ObjectStoreHandler.
2019-07-15 13:55:29,240 INFO  ozone.HddsDatanodeService (HddsDatanodeService.java:stop(452)) - Stopped plug-in org.apache.hadoop.ozone.web.OzoneHddsDatanodeService@74037f9b
2019-07-15 13:55:29,246 INFO  statemachine.DatanodeStateMachine (DatanodeStateMachine.java:stopDaemon(395)) - Ozone container server stopped.
2019-07-15 13:55:29,251 INFO  handler.ContextHandler (ContextHandler.java:doStop(910)) - Stopped o.e.j.w.WebAppContext@48b9ee43{/,null,UNAVAILABLE}{/hddsDatanode}
2019-07-15 13:55:29,252 INFO  server.AbstractConnector (AbstractConnector.java:doStop(318)) - Stopped ServerConnector@7c9e149{HTTP/1.1,[http/1.1]}{0.0.0.0:0}
2019-07-15 13:55:29,253 INFO  handler.ContextHandler (ContextHandler.java:doStop(910)) - Stopped o.e.j.s.ServletContextHandler@4064cd60{/static,jar:file:/home/user/.m2/repository/org/apache/hadoop/hadoop-hdds-container-service/0.5.0-SNAPSHOT/hadoop-hdds-container-service-0.5.0-SNAPSHOT.jar!/webapps/static,UNAVAILABLE}
2019-07-15 13:55:29,255 INFO  handler.ContextHandler (ContextHandler.java:doStop(910)) - Stopped o.e.j.s.ServletContextHandler@41c983d3{/logs,file:///workdir/hadoop-ozone/integration-test/target/log,UNAVAILABLE}
2019-07-15 13:55:29,255 INFO  datanode.ObjectStoreHandler (ObjectStoreHandler.java:close(155)) - Closing ObjectStoreHandler.
2019-07-15 13:55:29,256 INFO  ozone.HddsDatanodeService (HddsDatanodeService.java:stop(452)) - Stopped plug-in org.apache.hadoop.ozone.web.OzoneHddsDatanodeService@59711ea7
2019-07-15 13:55:29,801 INFO  statemachine.DatanodeStateMachine (DatanodeStateMachine.java:lambda$startDaemon$0(350)) - Ozone container server started.
2019-07-15 13:55:29,933 INFO  statemachine.DatanodeStateMachine (DatanodeStateMachine.java:lambda$startDaemon$0(350)) - Ozone container server started.
2019-07-15 13:55:31,686 INFO  impl.FollowerState (FollowerState.java:run(106)) - 46567dc6-cf2d-4106-8d3b-c9237d36b748:group-980989788E60 changes to CANDIDATE, lastRpcTime:7670, electionTimeout:5039ms
2019-07-15 13:55:31,686 INFO  impl.RoleInfo (RoleInfo.java:shutdownFollowerState(121)) - 46567dc6-cf2d-4106-8d3b-c9237d36b748: shutdown FollowerState
2019-07-15 13:55:31,686 INFO  impl.RaftServerImpl (RaftServerImpl.java:setRole(171)) - 46567dc6-cf2d-4106-8d3b-c9237d36b748:group-980989788E60 changes role from FOLLOWER to CANDIDATE at term 1 for changeToCandidate
2019-07-15 13:55:31,686 INFO  impl.RoleInfo (RoleInfo.java:updateAndGet(143)) - 46567dc6-cf2d-4106-8d3b-c9237d36b748: start LeaderElection
2019-07-15 13:55:31,688 INFO  impl.RaftServerImpl (ServerState.java:setLeader(263)) - 46567dc6-cf2d-4106-8d3b-c9237d36b748:group-980989788E60 change Leader from 9710020f-1df5-4517-aaee-879ceba01d63 to null at term 1 for initElection
2019-07-15 13:55:31,703 INFO  impl.LeaderElection (LeaderElection.java:askForVotes(181)) - 46567dc6-cf2d-4106-8d3b-c9237d36b748:group-980989788E60:LeaderElection109: begin an election at term 2 for 0: [28d81efa-a30c-462a-b619-b6bf87a2135a:192.168.157.240:41476, 9710020f-1df5-4517-aaee-879ceba01d63:192.168.157.240:37782, 46567dc6-cf2d-4106-8d3b-c9237d36b748:192.168.157.240:38175], old=null
2019-07-15 13:55:31,706 INFO  impl.LeaderElection (LogUtils.java:infoOrTrace(149)) - 46567dc6-cf2d-4106-8d3b-c9237d36b748:group-980989788E60:LeaderElection109 got exception when requesting votes: {}
java.util.concurrent.ExecutionException: org.apache.ratis.thirdparty.io.grpc.StatusRuntimeException: UNAVAILABLE: io exception
	at java.util.concurrent.FutureTask.report(FutureTask.java:122)
	at java.util.concurrent.FutureTask.get(FutureTask.java:192)
	at org.apache.ratis.server.impl.LeaderElection.waitForResults(LeaderElection.java:262)
	at org.apache.ratis.server.impl.LeaderElection.askForVotes(LeaderElection.java:200)
	at org.apache.ratis.server.impl.LeaderElection.run(LeaderElection.java:130)
	at java.lang.Thread.run(Thread.java:748)
Caused by: org.apache.ratis.thirdparty.io.grpc.StatusRuntimeException: UNAVAILABLE: io exception
	at org.apache.ratis.thirdparty.io.grpc.stub.ClientCalls.toStatusRuntimeException(ClientCalls.java:233)
	at org.apache.ratis.thirdparty.io.grpc.stub.ClientCalls.getUnchecked(ClientCalls.java:214)
	at org.apache.ratis.thirdparty.io.grpc.stub.ClientCalls.blockingUnaryCall(ClientCalls.java:139)
	at org.apache.ratis.proto.grpc.RaftServerProtocolServiceGrpc$RaftServerProtocolServiceBlockingStub.requestVote(RaftServerProtocolServiceGrpc.java:265)
	at org.apache.ratis.grpc.server.GrpcServerProtocolClient.requestVote(GrpcServerProtocolClient.java:83)
	at org.apache.ratis.grpc.server.GrpcService.requestVote(GrpcService.java:195)
	at org.apache.ratis.server.impl.LeaderElection.lambda$submitRequests$1(LeaderElection.java:237)
	at java.util.concurrent.FutureTask.run(FutureTask.java:266)
	at java.util.concurrent.Executors$RunnableAdapter.call(Executors.java:511)
	at java.util.concurrent.FutureTask.run(FutureTask.java:266)
	at java.util.concurrent.ThreadPoolExecutor.runWorker(ThreadPoolExecutor.java:1149)
	at java.util.concurrent.ThreadPoolExecutor$Worker.run(ThreadPoolExecutor.java:624)
	... 1 more
Caused by: org.apache.ratis.thirdparty.io.netty.channel.AbstractChannel$AnnotatedConnectException: Connection refused: /192.168.157.240:41476
	at sun.nio.ch.SocketChannelImpl.checkConnect(Native Method)
	at sun.nio.ch.SocketChannelImpl.finishConnect(SocketChannelImpl.java:717)
	at org.apache.ratis.thirdparty.io.netty.channel.socket.nio.NioSocketChannel.doFinishConnect(NioSocketChannel.java:327)
	at org.apache.ratis.thirdparty.io.netty.channel.nio.AbstractNioChannel$AbstractNioUnsafe.finishConnect(AbstractNioChannel.java:340)
	at org.apache.ratis.thirdparty.io.netty.channel.nio.NioEventLoop.processSelectedKey(NioEventLoop.java:632)
	at org.apache.ratis.thirdparty.io.netty.channel.nio.NioEventLoop.processSelectedKeysOptimized(NioEventLoop.java:579)
	at org.apache.ratis.thirdparty.io.netty.channel.nio.NioEventLoop.processSelectedKeys(NioEventLoop.java:496)
	at org.apache.ratis.thirdparty.io.netty.channel.nio.NioEventLoop.run(NioEventLoop.java:458)
	at org.apache.ratis.thirdparty.io.netty.util.concurrent.SingleThreadEventExecutor$5.run(SingleThreadEventExecutor.java:897)
	at org.apache.ratis.thirdparty.io.netty.util.concurrent.FastThreadLocalRunnable.run(FastThreadLocalRunnable.java:30)
	... 1 more
Caused by: java.net.ConnectException: Connection refused
	... 11 more
2019-07-15 13:55:31,708 INFO  impl.LeaderElection (LogUtils.java:infoOrTrace(149)) - 46567dc6-cf2d-4106-8d3b-c9237d36b748:group-980989788E60:LeaderElection109 got exception when requesting votes: {}
java.util.concurrent.ExecutionException: org.apache.ratis.thirdparty.io.grpc.StatusRuntimeException: UNAVAILABLE: io exception
	at java.util.concurrent.FutureTask.report(FutureTask.java:122)
	at java.util.concurrent.FutureTask.get(FutureTask.java:192)
	at org.apache.ratis.server.impl.LeaderElection.waitForResults(LeaderElection.java:262)
	at org.apache.ratis.server.impl.LeaderElection.askForVotes(LeaderElection.java:200)
	at org.apache.ratis.server.impl.LeaderElection.run(LeaderElection.java:130)
	at java.lang.Thread.run(Thread.java:748)
Caused by: org.apache.ratis.thirdparty.io.grpc.StatusRuntimeException: UNAVAILABLE: io exception
	at org.apache.ratis.thirdparty.io.grpc.stub.ClientCalls.toStatusRuntimeException(ClientCalls.java:233)
	at org.apache.ratis.thirdparty.io.grpc.stub.ClientCalls.getUnchecked(ClientCalls.java:214)
	at org.apache.ratis.thirdparty.io.grpc.stub.ClientCalls.blockingUnaryCall(ClientCalls.java:139)
	at org.apache.ratis.proto.grpc.RaftServerProtocolServiceGrpc$RaftServerProtocolServiceBlockingStub.requestVote(RaftServerProtocolServiceGrpc.java:265)
	at org.apache.ratis.grpc.server.GrpcServerProtocolClient.requestVote(GrpcServerProtocolClient.java:83)
	at org.apache.ratis.grpc.server.GrpcService.requestVote(GrpcService.java:195)
	at org.apache.ratis.server.impl.LeaderElection.lambda$submitRequests$1(LeaderElection.java:237)
	at java.util.concurrent.FutureTask.run(FutureTask.java:266)
	at java.util.concurrent.Executors$RunnableAdapter.call(Executors.java:511)
	at java.util.concurrent.FutureTask.run(FutureTask.java:266)
	at java.util.concurrent.ThreadPoolExecutor.runWorker(ThreadPoolExecutor.java:1149)
	at java.util.concurrent.ThreadPoolExecutor$Worker.run(ThreadPoolExecutor.java:624)
	... 1 more
Caused by: org.apache.ratis.thirdparty.io.netty.channel.AbstractChannel$AnnotatedConnectException: Connection refused: /192.168.157.240:37782
	at sun.nio.ch.SocketChannelImpl.checkConnect(Native Method)
	at sun.nio.ch.SocketChannelImpl.finishConnect(SocketChannelImpl.java:717)
	at org.apache.ratis.thirdparty.io.netty.channel.socket.nio.NioSocketChannel.doFinishConnect(NioSocketChannel.java:327)
	at org.apache.ratis.thirdparty.io.netty.channel.nio.AbstractNioChannel$AbstractNioUnsafe.finishConnect(AbstractNioChannel.java:340)
	at org.apache.ratis.thirdparty.io.netty.channel.nio.NioEventLoop.processSelectedKey(NioEventLoop.java:632)
	at org.apache.ratis.thirdparty.io.netty.channel.nio.NioEventLoop.processSelectedKeysOptimized(NioEventLoop.java:579)
	at org.apache.ratis.thirdparty.io.netty.channel.nio.NioEventLoop.processSelectedKeys(NioEventLoop.java:496)
	at org.apache.ratis.thirdparty.io.netty.channel.nio.NioEventLoop.run(NioEventLoop.java:458)
	at org.apache.ratis.thirdparty.io.netty.util.concurrent.SingleThreadEventExecutor$5.run(SingleThreadEventExecutor.java:897)
	at org.apache.ratis.thirdparty.io.netty.util.concurrent.FastThreadLocalRunnable.run(FastThreadLocalRunnable.java:30)
	... 1 more
Caused by: java.net.ConnectException: Connection refused
	... 11 more
2019-07-15 13:55:31,710 INFO  impl.LeaderElection (LeaderElection.java:logAndReturn(56)) - 46567dc6-cf2d-4106-8d3b-c9237d36b748:group-980989788E60:LeaderElection109: Election REJECTED; received 0 response(s) [] and 2 exception(s); 46567dc6-cf2d-4106-8d3b-c9237d36b748:t2, leader=null, voted=46567dc6-cf2d-4106-8d3b-c9237d36b748, raftlog=46567dc6-cf2d-4106-8d3b-c9237d36b748-SegmentedRaftLog:OPENED:c0,f0,i0, conf=0: [28d81efa-a30c-462a-b619-b6bf87a2135a:192.168.157.240:41476, 9710020f-1df5-4517-aaee-879ceba01d63:192.168.157.240:37782, 46567dc6-cf2d-4106-8d3b-c9237d36b748:192.168.157.240:38175], old=null
2019-07-15 13:55:31,711 INFO  impl.LeaderElection (LogUtils.java:infoOrTrace(149)) -   Exception 0: {}
java.util.concurrent.ExecutionException: org.apache.ratis.thirdparty.io.grpc.StatusRuntimeException: UNAVAILABLE: io exception
	at java.util.concurrent.FutureTask.report(FutureTask.java:122)
	at java.util.concurrent.FutureTask.get(FutureTask.java:192)
	at org.apache.ratis.server.impl.LeaderElection.waitForResults(LeaderElection.java:262)
	at org.apache.ratis.server.impl.LeaderElection.askForVotes(LeaderElection.java:200)
	at org.apache.ratis.server.impl.LeaderElection.run(LeaderElection.java:130)
	at java.lang.Thread.run(Thread.java:748)
Caused by: org.apache.ratis.thirdparty.io.grpc.StatusRuntimeException: UNAVAILABLE: io exception
	at org.apache.ratis.thirdparty.io.grpc.stub.ClientCalls.toStatusRuntimeException(ClientCalls.java:233)
	at org.apache.ratis.thirdparty.io.grpc.stub.ClientCalls.getUnchecked(ClientCalls.java:214)
	at org.apache.ratis.thirdparty.io.grpc.stub.ClientCalls.blockingUnaryCall(ClientCalls.java:139)
	at org.apache.ratis.proto.grpc.RaftServerProtocolServiceGrpc$RaftServerProtocolServiceBlockingStub.requestVote(RaftServerProtocolServiceGrpc.java:265)
	at org.apache.ratis.grpc.server.GrpcServerProtocolClient.requestVote(GrpcServerProtocolClient.java:83)
	at org.apache.ratis.grpc.server.GrpcService.requestVote(GrpcService.java:195)
	at org.apache.ratis.server.impl.LeaderElection.lambda$submitRequests$1(LeaderElection.java:237)
	at java.util.concurrent.FutureTask.run(FutureTask.java:266)
	at java.util.concurrent.Executors$RunnableAdapter.call(Executors.java:511)
	at java.util.concurrent.FutureTask.run(FutureTask.java:266)
	at java.util.concurrent.ThreadPoolExecutor.runWorker(ThreadPoolExecutor.java:1149)
	at java.util.concurrent.ThreadPoolExecutor$Worker.run(ThreadPoolExecutor.java:624)
	... 1 more
Caused by: org.apache.ratis.thirdparty.io.netty.channel.AbstractChannel$AnnotatedConnectException: Connection refused: /192.168.157.240:41476
	at sun.nio.ch.SocketChannelImpl.checkConnect(Native Method)
	at sun.nio.ch.SocketChannelImpl.finishConnect(SocketChannelImpl.java:717)
	at org.apache.ratis.thirdparty.io.netty.channel.socket.nio.NioSocketChannel.doFinishConnect(NioSocketChannel.java:327)
	at org.apache.ratis.thirdparty.io.netty.channel.nio.AbstractNioChannel$AbstractNioUnsafe.finishConnect(AbstractNioChannel.java:340)
	at org.apache.ratis.thirdparty.io.netty.channel.nio.NioEventLoop.processSelectedKey(NioEventLoop.java:632)
	at org.apache.ratis.thirdparty.io.netty.channel.nio.NioEventLoop.processSelectedKeysOptimized(NioEventLoop.java:579)
	at org.apache.ratis.thirdparty.io.netty.channel.nio.NioEventLoop.processSelectedKeys(NioEventLoop.java:496)
	at org.apache.ratis.thirdparty.io.netty.channel.nio.NioEventLoop.run(NioEventLoop.java:458)
	at org.apache.ratis.thirdparty.io.netty.util.concurrent.SingleThreadEventExecutor$5.run(SingleThreadEventExecutor.java:897)
	at org.apache.ratis.thirdparty.io.netty.util.concurrent.FastThreadLocalRunnable.run(FastThreadLocalRunnable.java:30)
	... 1 more
Caused by: java.net.ConnectException: Connection refused
	... 11 more
2019-07-15 13:55:31,711 INFO  impl.LeaderElection (LogUtils.java:infoOrTrace(149)) -   Exception 1: {}
java.util.concurrent.ExecutionException: org.apache.ratis.thirdparty.io.grpc.StatusRuntimeException: UNAVAILABLE: io exception
	at java.util.concurrent.FutureTask.report(FutureTask.java:122)
	at java.util.concurrent.FutureTask.get(FutureTask.java:192)
	at org.apache.ratis.server.impl.LeaderElection.waitForResults(LeaderElection.java:262)
	at org.apache.ratis.server.impl.LeaderElection.askForVotes(LeaderElection.java:200)
	at org.apache.ratis.server.impl.LeaderElection.run(LeaderElection.java:130)
	at java.lang.Thread.run(Thread.java:748)
Caused by: org.apache.ratis.thirdparty.io.grpc.StatusRuntimeException: UNAVAILABLE: io exception
	at org.apache.ratis.thirdparty.io.grpc.stub.ClientCalls.toStatusRuntimeException(ClientCalls.java:233)
	at org.apache.ratis.thirdparty.io.grpc.stub.ClientCalls.getUnchecked(ClientCalls.java:214)
	at org.apache.ratis.thirdparty.io.grpc.stub.ClientCalls.blockingUnaryCall(ClientCalls.java:139)
	at org.apache.ratis.proto.grpc.RaftServerProtocolServiceGrpc$RaftServerProtocolServiceBlockingStub.requestVote(RaftServerProtocolServiceGrpc.java:265)
	at org.apache.ratis.grpc.server.GrpcServerProtocolClient.requestVote(GrpcServerProtocolClient.java:83)
	at org.apache.ratis.grpc.server.GrpcService.requestVote(GrpcService.java:195)
	at org.apache.ratis.server.impl.LeaderElection.lambda$submitRequests$1(LeaderElection.java:237)
	at java.util.concurrent.FutureTask.run(FutureTask.java:266)
	at java.util.concurrent.Executors$RunnableAdapter.call(Executors.java:511)
	at java.util.concurrent.FutureTask.run(FutureTask.java:266)
	at java.util.concurrent.ThreadPoolExecutor.runWorker(ThreadPoolExecutor.java:1149)
	at java.util.concurrent.ThreadPoolExecutor$Worker.run(ThreadPoolExecutor.java:624)
	... 1 more
Caused by: org.apache.ratis.thirdparty.io.netty.channel.AbstractChannel$AnnotatedConnectException: Connection refused: /192.168.157.240:37782
	at sun.nio.ch.SocketChannelImpl.checkConnect(Native Method)
	at sun.nio.ch.SocketChannelImpl.finishConnect(SocketChannelImpl.java:717)
	at org.apache.ratis.thirdparty.io.netty.channel.socket.nio.NioSocketChannel.doFinishConnect(NioSocketChannel.java:327)
	at org.apache.ratis.thirdparty.io.netty.channel.nio.AbstractNioChannel$AbstractNioUnsafe.finishConnect(AbstractNioChannel.java:340)
	at org.apache.ratis.thirdparty.io.netty.channel.nio.NioEventLoop.processSelectedKey(NioEventLoop.java:632)
	at org.apache.ratis.thirdparty.io.netty.channel.nio.NioEventLoop.processSelectedKeysOptimized(NioEventLoop.java:579)
	at org.apache.ratis.thirdparty.io.netty.channel.nio.NioEventLoop.processSelectedKeys(NioEventLoop.java:496)
	at org.apache.ratis.thirdparty.io.netty.channel.nio.NioEventLoop.run(NioEventLoop.java:458)
	at org.apache.ratis.thirdparty.io.netty.util.concurrent.SingleThreadEventExecutor$5.run(SingleThreadEventExecutor.java:897)
	at org.apache.ratis.thirdparty.io.netty.util.concurrent.FastThreadLocalRunnable.run(FastThreadLocalRunnable.java:30)
	... 1 more
Caused by: java.net.ConnectException: Connection refused
	... 11 more
2019-07-15 13:55:31,711 INFO  impl.RaftServerImpl (RaftServerImpl.java:setRole(171)) - 46567dc6-cf2d-4106-8d3b-c9237d36b748:group-980989788E60 changes role from CANDIDATE to FOLLOWER at term 2 for DISCOVERED_A_NEW_TERM
2019-07-15 13:55:31,711 INFO  impl.RoleInfo (RoleInfo.java:shutdownLeaderElection(134)) - 46567dc6-cf2d-4106-8d3b-c9237d36b748: shutdown LeaderElection
2019-07-15 13:55:31,711 INFO  impl.RoleInfo (RoleInfo.java:updateAndGet(143)) - 46567dc6-cf2d-4106-8d3b-c9237d36b748: start FollowerState
2019-07-15 13:55:33,881 INFO  node.StaleNodeHandler (StaleNodeHandler.java:onMessage(58)) - Datanode 46567dc6-cf2d-4106-8d3b-c9237d36b748{ip: 192.168.157.240, host: trunk-nightly-hvlc9-701369690, networkLocation: /default-rack, certSerialId: null} moved to stale state. Finalizing its pipelines [PipelineID=78d2f69f-847b-4855-a97a-980989788e60, PipelineID=dd0d7bd1-0064-4ef3-9224-8c4055cdca2f]
2019-07-15 13:55:33,881 INFO  pipeline.SCMPipelineManager (SCMPipelineManager.java:finalizeAndDestroyPipeline(309)) - destroying pipeline:Pipeline[ Id: 78d2f69f-847b-4855-a97a-980989788e60, Nodes: 28d81efa-a30c-462a-b619-b6bf87a2135a{ip: 192.168.157.240, host: trunk-nightly-hvlc9-701369690, networkLocation: /default-rack, certSerialId: null}9710020f-1df5-4517-aaee-879ceba01d63{ip: 192.168.157.240, host: trunk-nightly-hvlc9-701369690, networkLocation: /default-rack, certSerialId: null}46567dc6-cf2d-4106-8d3b-c9237d36b748{ip: 192.168.157.240, host: trunk-nightly-hvlc9-701369690, networkLocation: /default-rack, certSerialId: null}, Type:RATIS, Factor:THREE, State:CLOSED]
2019-07-15 13:55:33,881 INFO  pipeline.SCMPipelineManager (SCMPipelineManager.java:finalizeAndDestroyPipeline(309)) - destroying pipeline:Pipeline[ Id: dd0d7bd1-0064-4ef3-9224-8c4055cdca2f, Nodes: 46567dc6-cf2d-4106-8d3b-c9237d36b748{ip: 192.168.157.240, host: trunk-nightly-hvlc9-701369690, networkLocation: /default-rack, certSerialId: null}, Type:RATIS, Factor:ONE, State:OPEN]
2019-07-15 13:55:33,881 INFO  pipeline.PipelineStateManager (PipelineStateManager.java:finalizePipeline(123)) - Pipeline Pipeline[ Id: dd0d7bd1-0064-4ef3-9224-8c4055cdca2f, Nodes: 46567dc6-cf2d-4106-8d3b-c9237d36b748{ip: 192.168.157.240, host: trunk-nightly-hvlc9-701369690, networkLocation: /default-rack, certSerialId: null}, Type:RATIS, Factor:ONE, State:CLOSED] moved to CLOSED state
2019-07-15 13:55:33,981 INFO  node.StaleNodeHandler (StaleNodeHandler.java:onMessage(58)) - Datanode e1bb9e9b-8b84-4f32-923d-1277e702def5{ip: 192.168.157.240, host: trunk-nightly-hvlc9-701369690, networkLocation: /default-rack, certSerialId: null} moved to stale state. Finalizing its pipelines []
2019-07-15 13:55:34,240 INFO  ozoneimpl.OzoneContainer (OzoneContainer.java:stop(199)) - Attempting to stop container services.
2019-07-15 13:55:34,241 INFO  impl.RaftServerProxy (RaftServerProxy.java:lambda$close$4(314)) - e1bb9e9b-8b84-4f32-923d-1277e702def5: close
2019-07-15 13:55:34,244 INFO  server.GrpcService (GrpcService.java:closeImpl(155)) - e1bb9e9b-8b84-4f32-923d-1277e702def5: shutdown server with port 46486 now
2019-07-15 13:55:34,244 INFO  server.GrpcService (GrpcService.java:closeImpl(163)) - e1bb9e9b-8b84-4f32-923d-1277e702def5: shutdown server with port 46486 successfully
2019-07-15 13:55:34,246 INFO  utils.BackgroundService (BackgroundService.java:shutdown(148)) - Shutting down service BlockDeletingService
2019-07-15 13:55:34,247 WARN  fs.CachingGetSpaceUsed (CachingGetSpaceUsed.java:run(183)) - Thread Interrupted waiting to refresh disk information: sleep interrupted
2019-07-15 13:55:34,256 INFO  ozoneimpl.OzoneContainer (OzoneContainer.java:stop(199)) - Attempting to stop container services.
2019-07-15 13:55:34,257 INFO  impl.RaftServerProxy (RaftServerProxy.java:lambda$close$4(314)) - 46567dc6-cf2d-4106-8d3b-c9237d36b748: close
2019-07-15 13:55:34,257 INFO  impl.RaftServerImpl (RaftServerImpl.java:lambda$shutdown$3(245)) - 46567dc6-cf2d-4106-8d3b-c9237d36b748: shutdown group-980989788E60
2019-07-15 13:55:34,257 INFO  util.JmxRegister (JmxRegister.java:unregister(73)) - Successfully un-registered JMX Bean with object name Ratis:service=RaftServer,group=group-980989788E60,id=46567dc6-cf2d-4106-8d3b-c9237d36b748
2019-07-15 13:55:34,258 INFO  impl.RoleInfo (RoleInfo.java:shutdownFollowerState(121)) - 46567dc6-cf2d-4106-8d3b-c9237d36b748: shutdown FollowerState
2019-07-15 13:55:34,258 INFO  impl.StateMachineUpdater (StateMachineUpdater.java:stopAndJoin(115)) - StateMachineUpdater:46567dc6-cf2d-4106-8d3b-c9237d36b748:group-980989788E60: set stopIndex = 0
2019-07-15 13:55:34,258 INFO  impl.FollowerState (FollowerState.java:run(114)) - 46567dc6-cf2d-4106-8d3b-c9237d36b748: FollowerState was interrupted: java.lang.InterruptedException: sleep interrupted
2019-07-15 13:55:34,258 INFO  impl.RaftServerImpl (ServerState.java:close(394)) - 46567dc6-cf2d-4106-8d3b-c9237d36b748:group-980989788E60 closes. The last applied log index is 0
2019-07-15 13:55:34,260 INFO  segmented.SegmentedRaftLogWorker (SegmentedRaftLogWorker.java:run(313)) - 46567dc6-cf2d-4106-8d3b-c9237d36b748-SegmentedRaftLogWorker:Storage Directory /workdir/hadoop-ozone/integration-test/target/test-dir/MiniOzoneClusterImpl-fa28b9af-4596-4992-971b-e70be8aa423d/datanode-0/data/ratis/78d2f69f-847b-4855-a97a-980989788e60 was interrupted, exiting. There are 0 tasks remaining in the queue.
2019-07-15 13:55:34,262 INFO  segmented.SegmentedRaftLogWorker (SegmentedRaftLogWorker.java:close(228)) - 46567dc6-cf2d-4106-8d3b-c9237d36b748-SegmentedRaftLogWorker:Storage Directory /workdir/hadoop-ozone/integration-test/target/test-dir/MiniOzoneClusterImpl-fa28b9af-4596-4992-971b-e70be8aa423d/datanode-0/data/ratis/78d2f69f-847b-4855-a97a-980989788e60 close()
2019-07-15 13:55:34,264 INFO  impl.RaftServerImpl (RaftServerImpl.java:lambda$shutdown$3(245)) - 46567dc6-cf2d-4106-8d3b-c9237d36b748: shutdown group-8C4055CDCA2F
2019-07-15 13:55:34,264 INFO  util.JmxRegister (JmxRegister.java:unregister(73)) - Successfully un-registered JMX Bean with object name Ratis:service=RaftServer,group=group-8C4055CDCA2F,id=46567dc6-cf2d-4106-8d3b-c9237d36b748
2019-07-15 13:55:34,265 INFO  impl.RoleInfo (RoleInfo.java:shutdownLeaderState(104)) - 46567dc6-cf2d-4106-8d3b-c9237d36b748: shutdown LeaderState
2019-07-15 13:55:34,265 INFO  impl.PendingRequests (PendingRequests.java:sendNotLeaderResponses(202)) - 46567dc6-cf2d-4106-8d3b-c9237d36b748-PendingRequests: sendNotLeaderResponses
2019-07-15 13:55:34,265 INFO  impl.StateMachineUpdater (StateMachineUpdater.java:stopAndJoin(115)) - StateMachineUpdater:46567dc6-cf2d-4106-8d3b-c9237d36b748:group-8C4055CDCA2F: set stopIndex = 0
2019-07-15 13:55:34,266 INFO  impl.RaftServerImpl (ServerState.java:close(394)) - 46567dc6-cf2d-4106-8d3b-c9237d36b748:group-8C4055CDCA2F closes. The last applied log index is 0
2019-07-15 13:55:34,266 INFO  segmented.SegmentedRaftLogWorker (SegmentedRaftLogWorker.java:run(313)) - 46567dc6-cf2d-4106-8d3b-c9237d36b748-SegmentedRaftLogWorker:Storage Directory /workdir/hadoop-ozone/integration-test/target/test-dir/MiniOzoneClusterImpl-fa28b9af-4596-4992-971b-e70be8aa423d/datanode-0/data/ratis/dd0d7bd1-0064-4ef3-9224-8c4055cdca2f was interrupted, exiting. There are 0 tasks remaining in the queue.
2019-07-15 13:55:34,268 INFO  segmented.SegmentedRaftLogWorker (SegmentedRaftLogWorker.java:close(228)) - 46567dc6-cf2d-4106-8d3b-c9237d36b748-SegmentedRaftLogWorker:Storage Directory /workdir/hadoop-ozone/integration-test/target/test-dir/MiniOzoneClusterImpl-fa28b9af-4596-4992-971b-e70be8aa423d/datanode-0/data/ratis/dd0d7bd1-0064-4ef3-9224-8c4055cdca2f close()
2019-07-15 13:55:34,274 INFO  server.GrpcService (GrpcService.java:closeImpl(155)) - 46567dc6-cf2d-4106-8d3b-c9237d36b748: shutdown server with port 38175 now
2019-07-15 13:55:34,275 INFO  server.GrpcService (GrpcService.java:closeImpl(163)) - 46567dc6-cf2d-4106-8d3b-c9237d36b748: shutdown server with port 38175 successfully
2019-07-15 13:55:34,279 INFO  statemachine.DatanodeStateMachine (DatanodeStateMachine.java:stopDaemon(395)) - Ozone container server stopped.
2019-07-15 13:55:34,283 INFO  utils.BackgroundService (BackgroundService.java:shutdown(148)) - Shutting down service BlockDeletingService
2019-07-15 13:55:34,284 WARN  fs.CachingGetSpaceUsed (CachingGetSpaceUsed.java:run(183)) - Thread Interrupted waiting to refresh disk information: sleep interrupted
2019-07-15 13:55:34,291 INFO  handler.ContextHandler (ContextHandler.java:doStop(910)) - Stopped o.e.j.w.WebAppContext@33cbd883{/,null,UNAVAILABLE}{/hddsDatanode}
2019-07-15 13:55:34,292 INFO  server.AbstractConnector (AbstractConnector.java:doStop(318)) - Stopped ServerConnector@735b2605{HTTP/1.1,[http/1.1]}{0.0.0.0:0}
2019-07-15 13:55:34,293 INFO  handler.ContextHandler (ContextHandler.java:doStop(910)) - Stopped o.e.j.s.ServletContextHandler@5ecc8114{/static,jar:file:/home/user/.m2/repository/org/apache/hadoop/hadoop-hdds-container-service/0.5.0-SNAPSHOT/hadoop-hdds-container-service-0.5.0-SNAPSHOT.jar!/webapps/static,UNAVAILABLE}
2019-07-15 13:55:34,293 INFO  handler.ContextHandler (ContextHandler.java:doStop(910)) - Stopped o.e.j.s.ServletContextHandler@705b4359{/logs,file:///workdir/hadoop-ozone/integration-test/target/log,UNAVAILABLE}
2019-07-15 13:55:34,294 INFO  datanode.ObjectStoreHandler (ObjectStoreHandler.java:close(155)) - Closing ObjectStoreHandler.
2019-07-15 13:55:34,294 INFO  ozone.HddsDatanodeService (HddsDatanodeService.java:stop(452)) - Stopped plug-in org.apache.hadoop.ozone.web.OzoneHddsDatanodeService@3835f6f9
2019-07-15 13:55:34,302 INFO  statemachine.DatanodeStateMachine (DatanodeStateMachine.java:stopDaemon(395)) - Ozone container server stopped.
2019-07-15 13:55:34,306 INFO  handler.ContextHandler (ContextHandler.java:doStop(910)) - Stopped o.e.j.w.WebAppContext@61668c05{/,null,UNAVAILABLE}{/hddsDatanode}
2019-07-15 13:55:34,307 INFO  server.AbstractConnector (AbstractConnector.java:doStop(318)) - Stopped ServerConnector@6573b345{HTTP/1.1,[http/1.1]}{0.0.0.0:0}
2019-07-15 13:55:34,311 INFO  handler.ContextHandler (ContextHandler.java:doStop(910)) - Stopped o.e.j.s.ServletContextHandler@24bd88df{/static,jar:file:/home/user/.m2/repository/org/apache/hadoop/hadoop-hdds-container-service/0.5.0-SNAPSHOT/hadoop-hdds-container-service-0.5.0-SNAPSHOT.jar!/webapps/static,UNAVAILABLE}
2019-07-15 13:55:34,312 INFO  handler.ContextHandler (ContextHandler.java:doStop(910)) - Stopped o.e.j.s.ServletContextHandler@34692767{/logs,file:///workdir/hadoop-ozone/integration-test/target/log,UNAVAILABLE}
2019-07-15 13:55:34,919 INFO  statemachine.DatanodeStateMachine (DatanodeStateMachine.java:lambda$startDaemon$0(350)) - Ozone container server started.
2019-07-15 13:55:37,395 INFO  impl.FollowerState (FollowerState.java:run(106)) - 3b6b5b8d-d680-46f1-bfb8-d706f5b52170:group-2E29C4E95440 changes to CANDIDATE, lastRpcTime:8418, electionTimeout:5145ms
2019-07-15 13:55:37,395 INFO  impl.RoleInfo (RoleInfo.java:shutdownFollowerState(121)) - 3b6b5b8d-d680-46f1-bfb8-d706f5b52170: shutdown FollowerState
2019-07-15 13:55:37,395 INFO  impl.RaftServerImpl (RaftServerImpl.java:setRole(171)) - 3b6b5b8d-d680-46f1-bfb8-d706f5b52170:group-2E29C4E95440 changes role from FOLLOWER to CANDIDATE at term 1 for changeToCandidate
2019-07-15 13:55:37,396 INFO  impl.RoleInfo (RoleInfo.java:updateAndGet(143)) - 3b6b5b8d-d680-46f1-bfb8-d706f5b52170: start LeaderElection
2019-07-15 13:55:37,398 INFO  impl.RaftServerImpl (ServerState.java:setLeader(263)) - 3b6b5b8d-d680-46f1-bfb8-d706f5b52170:group-2E29C4E95440 change Leader from 0f241cde-c091-46a2-a1c2-284ac60930d7 to null at term 1 for initElection
2019-07-15 13:55:37,412 INFO  impl.LeaderElection (LeaderElection.java:askForVotes(181)) - 3b6b5b8d-d680-46f1-bfb8-d706f5b52170:group-2E29C4E95440:LeaderElection110: begin an election at term 2 for 0: [2d00b472-dcb0-4605-bb91-77e4ea37b1c7:192.168.157.240:46738, 3b6b5b8d-d680-46f1-bfb8-d706f5b52170:192.168.157.240:42439, 0f241cde-c091-46a2-a1c2-284ac60930d7:192.168.157.240:46235], old=null
2019-07-15 13:55:37,415 INFO  impl.LeaderElection (LogUtils.java:infoOrTrace(149)) - 3b6b5b8d-d680-46f1-bfb8-d706f5b52170:group-2E29C4E95440:LeaderElection110 got exception when requesting votes: {}
java.util.concurrent.ExecutionException: org.apache.ratis.thirdparty.io.grpc.StatusRuntimeException: UNAVAILABLE: io exception
	at java.util.concurrent.FutureTask.report(FutureTask.java:122)
	at java.util.concurrent.FutureTask.get(FutureTask.java:192)
	at org.apache.ratis.server.impl.LeaderElection.waitForResults(LeaderElection.java:262)
	at org.apache.ratis.server.impl.LeaderElection.askForVotes(LeaderElection.java:200)
	at org.apache.ratis.server.impl.LeaderElection.run(LeaderElection.java:130)
	at java.lang.Thread.run(Thread.java:748)
Caused by: org.apache.ratis.thirdparty.io.grpc.StatusRuntimeException: UNAVAILABLE: io exception
	at org.apache.ratis.thirdparty.io.grpc.stub.ClientCalls.toStatusRuntimeException(ClientCalls.java:233)
	at org.apache.ratis.thirdparty.io.grpc.stub.ClientCalls.getUnchecked(ClientCalls.java:214)
	at org.apache.ratis.thirdparty.io.grpc.stub.ClientCalls.blockingUnaryCall(ClientCalls.java:139)
	at org.apache.ratis.proto.grpc.RaftServerProtocolServiceGrpc$RaftServerProtocolServiceBlockingStub.requestVote(RaftServerProtocolServiceGrpc.java:265)
	at org.apache.ratis.grpc.server.GrpcServerProtocolClient.requestVote(GrpcServerProtocolClient.java:83)
	at org.apache.ratis.grpc.server.GrpcService.requestVote(GrpcService.java:195)
	at org.apache.ratis.server.impl.LeaderElection.lambda$submitRequests$1(LeaderElection.java:237)
	at java.util.concurrent.FutureTask.run(FutureTask.java:266)
	at java.util.concurrent.Executors$RunnableAdapter.call(Executors.java:511)
	at java.util.concurrent.FutureTask.run(FutureTask.java:266)
	at java.util.concurrent.ThreadPoolExecutor.runWorker(ThreadPoolExecutor.java:1149)
	at java.util.concurrent.ThreadPoolExecutor$Worker.run(ThreadPoolExecutor.java:624)
	... 1 more
Caused by: org.apache.ratis.thirdparty.io.netty.channel.AbstractChannel$AnnotatedConnectException: Connection refused: /192.168.157.240:46738
	at sun.nio.ch.SocketChannelImpl.checkConnect(Native Method)
	at sun.nio.ch.SocketChannelImpl.finishConnect(SocketChannelImpl.java:717)
	at org.apache.ratis.thirdparty.io.netty.channel.socket.nio.NioSocketChannel.doFinishConnect(NioSocketChannel.java:327)
	at org.apache.ratis.thirdparty.io.netty.channel.nio.AbstractNioChannel$AbstractNioUnsafe.finishConnect(AbstractNioChannel.java:340)
	at org.apache.ratis.thirdparty.io.netty.channel.nio.NioEventLoop.processSelectedKey(NioEventLoop.java:632)
	at org.apache.ratis.thirdparty.io.netty.channel.nio.NioEventLoop.processSelectedKeysOptimized(NioEventLoop.java:579)
	at org.apache.ratis.thirdparty.io.netty.channel.nio.NioEventLoop.processSelectedKeys(NioEventLoop.java:496)
	at org.apache.ratis.thirdparty.io.netty.channel.nio.NioEventLoop.run(NioEventLoop.java:458)
	at org.apache.ratis.thirdparty.io.netty.util.concurrent.SingleThreadEventExecutor$5.run(SingleThreadEventExecutor.java:897)
	at org.apache.ratis.thirdparty.io.netty.util.concurrent.FastThreadLocalRunnable.run(FastThreadLocalRunnable.java:30)
	... 1 more
Caused by: java.net.ConnectException: Connection refused
	... 11 more
2019-07-15 13:55:37,416 INFO  impl.LeaderElection (LogUtils.java:infoOrTrace(149)) - 3b6b5b8d-d680-46f1-bfb8-d706f5b52170:group-2E29C4E95440:LeaderElection110 got exception when requesting votes: {}
java.util.concurrent.ExecutionException: org.apache.ratis.thirdparty.io.grpc.StatusRuntimeException: UNAVAILABLE: io exception
	at java.util.concurrent.FutureTask.report(FutureTask.java:122)
	at java.util.concurrent.FutureTask.get(FutureTask.java:192)
	at org.apache.ratis.server.impl.LeaderElection.waitForResults(LeaderElection.java:262)
	at org.apache.ratis.server.impl.LeaderElection.askForVotes(LeaderElection.java:200)
	at org.apache.ratis.server.impl.LeaderElection.run(LeaderElection.java:130)
	at java.lang.Thread.run(Thread.java:748)
Caused by: org.apache.ratis.thirdparty.io.grpc.StatusRuntimeException: UNAVAILABLE: io exception
	at org.apache.ratis.thirdparty.io.grpc.stub.ClientCalls.toStatusRuntimeException(ClientCalls.java:233)
	at org.apache.ratis.thirdparty.io.grpc.stub.ClientCalls.getUnchecked(ClientCalls.java:214)
	at org.apache.ratis.thirdparty.io.grpc.stub.ClientCalls.blockingUnaryCall(ClientCalls.java:139)
	at org.apache.ratis.proto.grpc.RaftServerProtocolServiceGrpc$RaftServerProtocolServiceBlockingStub.requestVote(RaftServerProtocolServiceGrpc.java:265)
	at org.apache.ratis.grpc.server.GrpcServerProtocolClient.requestVote(GrpcServerProtocolClient.java:83)
	at org.apache.ratis.grpc.server.GrpcService.requestVote(GrpcService.java:195)
	at org.apache.ratis.server.impl.LeaderElection.lambda$submitRequests$1(LeaderElection.java:237)
	at java.util.concurrent.FutureTask.run(FutureTask.java:266)
	at java.util.concurrent.Executors$RunnableAdapter.call(Executors.java:511)
	at java.util.concurrent.FutureTask.run(FutureTask.java:266)
	at java.util.concurrent.ThreadPoolExecutor.runWorker(ThreadPoolExecutor.java:1149)
	at java.util.concurrent.ThreadPoolExecutor$Worker.run(ThreadPoolExecutor.java:624)
	... 1 more
Caused by: org.apache.ratis.thirdparty.io.netty.channel.AbstractChannel$AnnotatedConnectException: Connection refused: /192.168.157.240:46235
	at sun.nio.ch.SocketChannelImpl.checkConnect(Native Method)
	at sun.nio.ch.SocketChannelImpl.finishConnect(SocketChannelImpl.java:717)
	at org.apache.ratis.thirdparty.io.netty.channel.socket.nio.NioSocketChannel.doFinishConnect(NioSocketChannel.java:327)
	at org.apache.ratis.thirdparty.io.netty.channel.nio.AbstractNioChannel$AbstractNioUnsafe.finishConnect(AbstractNioChannel.java:340)
	at org.apache.ratis.thirdparty.io.netty.channel.nio.NioEventLoop.processSelectedKey(NioEventLoop.java:632)
	at org.apache.ratis.thirdparty.io.netty.channel.nio.NioEventLoop.processSelectedKeysOptimized(NioEventLoop.java:579)
	at org.apache.ratis.thirdparty.io.netty.channel.nio.NioEventLoop.processSelectedKeys(NioEventLoop.java:496)
	at org.apache.ratis.thirdparty.io.netty.channel.nio.NioEventLoop.run(NioEventLoop.java:458)
	at org.apache.ratis.thirdparty.io.netty.util.concurrent.SingleThreadEventExecutor$5.run(SingleThreadEventExecutor.java:897)
	at org.apache.ratis.thirdparty.io.netty.util.concurrent.FastThreadLocalRunnable.run(FastThreadLocalRunnable.java:30)
	... 1 more
Caused by: java.net.ConnectException: Connection refused
	... 11 more
2019-07-15 13:55:37,418 INFO  impl.LeaderElection (LeaderElection.java:logAndReturn(56)) - 3b6b5b8d-d680-46f1-bfb8-d706f5b52170:group-2E29C4E95440:LeaderElection110: Election REJECTED; received 0 response(s) [] and 2 exception(s); 3b6b5b8d-d680-46f1-bfb8-d706f5b52170:t2, leader=null, voted=3b6b5b8d-d680-46f1-bfb8-d706f5b52170, raftlog=3b6b5b8d-d680-46f1-bfb8-d706f5b52170-SegmentedRaftLog:OPENED:c14,f14,i14, conf=0: [2d00b472-dcb0-4605-bb91-77e4ea37b1c7:192.168.157.240:46738, 3b6b5b8d-d680-46f1-bfb8-d706f5b52170:192.168.157.240:42439, 0f241cde-c091-46a2-a1c2-284ac60930d7:192.168.157.240:46235], old=null
2019-07-15 13:55:37,418 INFO  impl.LeaderElection (LogUtils.java:infoOrTrace(149)) -   Exception 0: {}
java.util.concurrent.ExecutionException: org.apache.ratis.thirdparty.io.grpc.StatusRuntimeException: UNAVAILABLE: io exception
	at java.util.concurrent.FutureTask.report(FutureTask.java:122)
	at java.util.concurrent.FutureTask.get(FutureTask.java:192)
	at org.apache.ratis.server.impl.LeaderElection.waitForResults(LeaderElection.java:262)
	at org.apache.ratis.server.impl.LeaderElection.askForVotes(LeaderElection.java:200)
	at org.apache.ratis.server.impl.LeaderElection.run(LeaderElection.java:130)
	at java.lang.Thread.run(Thread.java:748)
Caused by: org.apache.ratis.thirdparty.io.grpc.StatusRuntimeException: UNAVAILABLE: io exception
	at org.apache.ratis.thirdparty.io.grpc.stub.ClientCalls.toStatusRuntimeException(ClientCalls.java:233)
	at org.apache.ratis.thirdparty.io.grpc.stub.ClientCalls.getUnchecked(ClientCalls.java:214)
	at org.apache.ratis.thirdparty.io.grpc.stub.ClientCalls.blockingUnaryCall(ClientCalls.java:139)
	at org.apache.ratis.proto.grpc.RaftServerProtocolServiceGrpc$RaftServerProtocolServiceBlockingStub.requestVote(RaftServerProtocolServiceGrpc.java:265)
	at org.apache.ratis.grpc.server.GrpcServerProtocolClient.requestVote(GrpcServerProtocolClient.java:83)
	at org.apache.ratis.grpc.server.GrpcService.requestVote(GrpcService.java:195)
	at org.apache.ratis.server.impl.LeaderElection.lambda$submitRequests$1(LeaderElection.java:237)
	at java.util.concurrent.FutureTask.run(FutureTask.java:266)
	at java.util.concurrent.Executors$RunnableAdapter.call(Executors.java:511)
	at java.util.concurrent.FutureTask.run(FutureTask.java:266)
	at java.util.concurrent.ThreadPoolExecutor.runWorker(ThreadPoolExecutor.java:1149)
	at java.util.concurrent.ThreadPoolExecutor$Worker.run(ThreadPoolExecutor.java:624)
	... 1 more
Caused by: org.apache.ratis.thirdparty.io.netty.channel.AbstractChannel$AnnotatedConnectException: Connection refused: /192.168.157.240:46738
	at sun.nio.ch.SocketChannelImpl.checkConnect(Native Method)
	at sun.nio.ch.SocketChannelImpl.finishConnect(SocketChannelImpl.java:717)
	at org.apache.ratis.thirdparty.io.netty.channel.socket.nio.NioSocketChannel.doFinishConnect(NioSocketChannel.java:327)
	at org.apache.ratis.thirdparty.io.netty.channel.nio.AbstractNioChannel$AbstractNioUnsafe.finishConnect(AbstractNioChannel.java:340)
	at org.apache.ratis.thirdparty.io.netty.channel.nio.NioEventLoop.processSelectedKey(NioEventLoop.java:632)
	at org.apache.ratis.thirdparty.io.netty.channel.nio.NioEventLoop.processSelectedKeysOptimized(NioEventLoop.java:579)
	at org.apache.ratis.thirdparty.io.netty.channel.nio.NioEventLoop.processSelectedKeys(NioEventLoop.java:496)
	at org.apache.ratis.thirdparty.io.netty.channel.nio.NioEventLoop.run(NioEventLoop.java:458)
	at org.apache.ratis.thirdparty.io.netty.util.concurrent.SingleThreadEventExecutor$5.run(SingleThreadEventExecutor.java:897)
	at org.apache.ratis.thirdparty.io.netty.util.concurrent.FastThreadLocalRunnable.run(FastThreadLocalRunnable.java:30)
	... 1 more
Caused by: java.net.ConnectException: Connection refused
	... 11 more
2019-07-15 13:55:37,418 INFO  impl.LeaderElection (LogUtils.java:infoOrTrace(149)) -   Exception 1: {}
java.util.concurrent.ExecutionException: org.apache.ratis.thirdparty.io.grpc.StatusRuntimeException: UNAVAILABLE: io exception
	at java.util.concurrent.FutureTask.report(FutureTask.java:122)
	at java.util.concurrent.FutureTask.get(FutureTask.java:192)
	at org.apache.ratis.server.impl.LeaderElection.waitForResults(LeaderElection.java:262)
	at org.apache.ratis.server.impl.LeaderElection.askForVotes(LeaderElection.java:200)
	at org.apache.ratis.server.impl.LeaderElection.run(LeaderElection.java:130)
	at java.lang.Thread.run(Thread.java:748)
Caused by: org.apache.ratis.thirdparty.io.grpc.StatusRuntimeException: UNAVAILABLE: io exception
	at org.apache.ratis.thirdparty.io.grpc.stub.ClientCalls.toStatusRuntimeException(ClientCalls.java:233)
	at org.apache.ratis.thirdparty.io.grpc.stub.ClientCalls.getUnchecked(ClientCalls.java:214)
	at org.apache.ratis.thirdparty.io.grpc.stub.ClientCalls.blockingUnaryCall(ClientCalls.java:139)
	at org.apache.ratis.proto.grpc.RaftServerProtocolServiceGrpc$RaftServerProtocolServiceBlockingStub.requestVote(RaftServerProtocolServiceGrpc.java:265)
	at org.apache.ratis.grpc.server.GrpcServerProtocolClient.requestVote(GrpcServerProtocolClient.java:83)
	at org.apache.ratis.grpc.server.GrpcService.requestVote(GrpcService.java:195)
	at org.apache.ratis.server.impl.LeaderElection.lambda$submitRequests$1(LeaderElection.java:237)
	at java.util.concurrent.FutureTask.run(FutureTask.java:266)
	at java.util.concurrent.Executors$RunnableAdapter.call(Executors.java:511)
	at java.util.concurrent.FutureTask.run(FutureTask.java:266)
	at java.util.concurrent.ThreadPoolExecutor.runWorker(ThreadPoolExecutor.java:1149)
	at java.util.concurrent.ThreadPoolExecutor$Worker.run(ThreadPoolExecutor.java:624)
	... 1 more
Caused by: org.apache.ratis.thirdparty.io.netty.channel.AbstractChannel$AnnotatedConnectException: Connection refused: /192.168.157.240:46235
	at sun.nio.ch.SocketChannelImpl.checkConnect(Native Method)
	at sun.nio.ch.SocketChannelImpl.finishConnect(SocketChannelImpl.java:717)
	at org.apache.ratis.thirdparty.io.netty.channel.socket.nio.NioSocketChannel.doFinishConnect(NioSocketChannel.java:327)
	at org.apache.ratis.thirdparty.io.netty.channel.nio.AbstractNioChannel$AbstractNioUnsafe.finishConnect(AbstractNioChannel.java:340)
	at org.apache.ratis.thirdparty.io.netty.channel.nio.NioEventLoop.processSelectedKey(NioEventLoop.java:632)
	at org.apache.ratis.thirdparty.io.netty.channel.nio.NioEventLoop.processSelectedKeysOptimized(NioEventLoop.java:579)
	at org.apache.ratis.thirdparty.io.netty.channel.nio.NioEventLoop.processSelectedKeys(NioEventLoop.java:496)
	at org.apache.ratis.thirdparty.io.netty.channel.nio.NioEventLoop.run(NioEventLoop.java:458)
	at org.apache.ratis.thirdparty.io.netty.util.concurrent.SingleThreadEventExecutor$5.run(SingleThreadEventExecutor.java:897)
	at org.apache.ratis.thirdparty.io.netty.util.concurrent.FastThreadLocalRunnable.run(FastThreadLocalRunnable.java:30)
	... 1 more
Caused by: java.net.ConnectException: Connection refused
	... 11 more
2019-07-15 13:55:37,418 INFO  impl.RaftServerImpl (RaftServerImpl.java:setRole(171)) - 3b6b5b8d-d680-46f1-bfb8-d706f5b52170:group-2E29C4E95440 changes role from CANDIDATE to FOLLOWER at term 2 for DISCOVERED_A_NEW_TERM
2019-07-15 13:55:37,419 INFO  impl.RoleInfo (RoleInfo.java:shutdownLeaderElection(134)) - 3b6b5b8d-d680-46f1-bfb8-d706f5b52170: shutdown LeaderElection
2019-07-15 13:55:37,419 INFO  impl.RoleInfo (RoleInfo.java:updateAndGet(143)) - 3b6b5b8d-d680-46f1-bfb8-d706f5b52170: start FollowerState
2019-07-15 13:55:38,987 INFO  node.StaleNodeHandler (StaleNodeHandler.java:onMessage(58)) - Datanode 3b6b5b8d-d680-46f1-bfb8-d706f5b52170{ip: 192.168.157.240, host: trunk-nightly-hvlc9-701369690, networkLocation: /default-rack, certSerialId: null} moved to stale state. Finalizing its pipelines [PipelineID=0a5936e8-81b7-4301-aaf0-9ead54d28e49, PipelineID=acb00330-eb5f-4c85-8325-2e29c4e95440]
2019-07-15 13:55:38,988 INFO  pipeline.SCMPipelineManager (SCMPipelineManager.java:finalizeAndDestroyPipeline(309)) - destroying pipeline:Pipeline[ Id: 0a5936e8-81b7-4301-aaf0-9ead54d28e49, Nodes: 3b6b5b8d-d680-46f1-bfb8-d706f5b52170{ip: 192.168.157.240, host: trunk-nightly-hvlc9-701369690, networkLocation: /default-rack, certSerialId: null}, Type:RATIS, Factor:ONE, State:OPEN]
2019-07-15 13:55:38,988 INFO  pipeline.PipelineStateManager (PipelineStateManager.java:finalizePipeline(123)) - Pipeline Pipeline[ Id: 0a5936e8-81b7-4301-aaf0-9ead54d28e49, Nodes: 3b6b5b8d-d680-46f1-bfb8-d706f5b52170{ip: 192.168.157.240, host: trunk-nightly-hvlc9-701369690, networkLocation: /default-rack, certSerialId: null}, Type:RATIS, Factor:ONE, State:CLOSED] moved to CLOSED state
2019-07-15 13:55:38,988 INFO  pipeline.SCMPipelineManager (SCMPipelineManager.java:finalizeAndDestroyPipeline(309)) - destroying pipeline:Pipeline[ Id: acb00330-eb5f-4c85-8325-2e29c4e95440, Nodes: 2d00b472-dcb0-4605-bb91-77e4ea37b1c7{ip: 192.168.157.240, host: trunk-nightly-hvlc9-701369690, networkLocation: /default-rack, certSerialId: null}3b6b5b8d-d680-46f1-bfb8-d706f5b52170{ip: 192.168.157.240, host: trunk-nightly-hvlc9-701369690, networkLocation: /default-rack, certSerialId: null}0f241cde-c091-46a2-a1c2-284ac60930d7{ip: 192.168.157.240, host: trunk-nightly-hvlc9-701369690, networkLocation: /default-rack, certSerialId: null}, Type:RATIS, Factor:THREE, State:CLOSED]
2019-07-15 13:55:39,295 INFO  ozoneimpl.OzoneContainer (OzoneContainer.java:stop(199)) - Attempting to stop container services.
2019-07-15 13:55:39,296 INFO  impl.RaftServerProxy (RaftServerProxy.java:lambda$close$4(314)) - 3b6b5b8d-d680-46f1-bfb8-d706f5b52170: close
2019-07-15 13:55:39,297 INFO  impl.RaftServerImpl (RaftServerImpl.java:lambda$shutdown$3(245)) - 3b6b5b8d-d680-46f1-bfb8-d706f5b52170: shutdown group-9EAD54D28E49
2019-07-15 13:55:39,297 INFO  impl.RaftServerImpl (RaftServerImpl.java:lambda$shutdown$3(245)) - 3b6b5b8d-d680-46f1-bfb8-d706f5b52170: shutdown group-2E29C4E95440
2019-07-15 13:55:39,297 INFO  util.JmxRegister (JmxRegister.java:unregister(73)) - Successfully un-registered JMX Bean with object name Ratis:service=RaftServer,group=group-9EAD54D28E49,id=3b6b5b8d-d680-46f1-bfb8-d706f5b52170
2019-07-15 13:55:39,297 INFO  util.JmxRegister (JmxRegister.java:unregister(73)) - Successfully un-registered JMX Bean with object name Ratis:service=RaftServer,group=group-2E29C4E95440,id=3b6b5b8d-d680-46f1-bfb8-d706f5b52170
2019-07-15 13:55:39,298 INFO  impl.RoleInfo (RoleInfo.java:shutdownLeaderState(104)) - 3b6b5b8d-d680-46f1-bfb8-d706f5b52170: shutdown LeaderState
2019-07-15 13:55:39,298 INFO  impl.RoleInfo (RoleInfo.java:shutdownFollowerState(121)) - 3b6b5b8d-d680-46f1-bfb8-d706f5b52170: shutdown FollowerState
2019-07-15 13:55:39,298 INFO  impl.PendingRequests (PendingRequests.java:sendNotLeaderResponses(202)) - 3b6b5b8d-d680-46f1-bfb8-d706f5b52170-PendingRequests: sendNotLeaderResponses
2019-07-15 13:55:39,299 INFO  impl.FollowerState (FollowerState.java:run(114)) - 3b6b5b8d-d680-46f1-bfb8-d706f5b52170: FollowerState was interrupted: java.lang.InterruptedException: sleep interrupted
2019-07-15 13:55:39,299 INFO  impl.StateMachineUpdater (StateMachineUpdater.java:stopAndJoin(115)) - StateMachineUpdater:3b6b5b8d-d680-46f1-bfb8-d706f5b52170:group-9EAD54D28E49: set stopIndex = 0
2019-07-15 13:55:39,301 INFO  impl.RaftServerImpl (ServerState.java:close(394)) - 3b6b5b8d-d680-46f1-bfb8-d706f5b52170:group-9EAD54D28E49 closes. The last applied log index is 0
2019-07-15 13:55:39,299 INFO  ratis.ContainerStateMachine (ContainerStateMachine.java:takeSnapshot(249)) - group-2E29C4E95440: Taking a snapshot at:(t:1, i:11) file /workdir/hadoop-ozone/integration-test/target/test-dir/MiniOzoneClusterImpl-fa28b9af-4596-4992-971b-e70be8aa423d/datanode-5/data/ratis/acb00330-eb5f-4c85-8325-2e29c4e95440/sm/snapshot.1_11
2019-07-15 13:55:39,302 INFO  segmented.SegmentedRaftLogWorker (SegmentedRaftLogWorker.java:run(313)) - 3b6b5b8d-d680-46f1-bfb8-d706f5b52170-SegmentedRaftLogWorker:Storage Directory /workdir/hadoop-ozone/integration-test/target/test-dir/MiniOzoneClusterImpl-fa28b9af-4596-4992-971b-e70be8aa423d/datanode-5/data/ratis/0a5936e8-81b7-4301-aaf0-9ead54d28e49 was interrupted, exiting. There are 0 tasks remaining in the queue.
2019-07-15 13:55:39,299 INFO  impl.StateMachineUpdater (StateMachineUpdater.java:stopAndJoin(115)) - StateMachineUpdater:3b6b5b8d-d680-46f1-bfb8-d706f5b52170:group-2E29C4E95440: set stopIndex = 14
2019-07-15 13:55:39,302 INFO  segmented.SegmentedRaftLogWorker (SegmentedRaftLogWorker.java:close(228)) - 3b6b5b8d-d680-46f1-bfb8-d706f5b52170-SegmentedRaftLogWorker:Storage Directory /workdir/hadoop-ozone/integration-test/target/test-dir/MiniOzoneClusterImpl-fa28b9af-4596-4992-971b-e70be8aa423d/datanode-5/data/ratis/0a5936e8-81b7-4301-aaf0-9ead54d28e49 close()
2019-07-15 13:55:39,303 INFO  ratis.ContainerStateMachine (ContainerStateMachine.java:takeSnapshot(257)) - group-2E29C4E95440: Finished taking a snapshot at:(t:1, i:11) file:/workdir/hadoop-ozone/integration-test/target/test-dir/MiniOzoneClusterImpl-fa28b9af-4596-4992-971b-e70be8aa423d/datanode-5/data/ratis/acb00330-eb5f-4c85-8325-2e29c4e95440/sm/snapshot.1_11 time:4
2019-07-15 13:55:39,303 INFO  impl.StateMachineUpdater (StateMachineUpdater.java:takeSnapshot(242)) - StateMachineUpdater:3b6b5b8d-d680-46f1-bfb8-d706f5b52170:group-2E29C4E95440: Took a snapshot at index 11
2019-07-15 13:55:39,303 INFO  impl.StateMachineUpdater (StateMachineUpdater.java:lambda$new$0(80)) - StateMachineUpdater:3b6b5b8d-d680-46f1-bfb8-d706f5b52170:group-2E29C4E95440: snapshotIndex: updateIncreasingly -1 -> 11
2019-07-15 13:55:39,304 INFO  impl.RaftServerImpl (ServerState.java:close(394)) - 3b6b5b8d-d680-46f1-bfb8-d706f5b52170:group-2E29C4E95440 closes. The last applied log index is 14
2019-07-15 13:55:39,304 INFO  segmented.SegmentedRaftLogWorker (SegmentedRaftLogWorker.java:run(313)) - 3b6b5b8d-d680-46f1-bfb8-d706f5b52170-SegmentedRaftLogWorker:Storage Directory /workdir/hadoop-ozone/integration-test/target/test-dir/MiniOzoneClusterImpl-fa28b9af-4596-4992-971b-e70be8aa423d/datanode-5/data/ratis/acb00330-eb5f-4c85-8325-2e29c4e95440 was interrupted, exiting. There are 0 tasks remaining in the queue.
2019-07-15 13:55:39,304 INFO  segmented.SegmentedRaftLogWorker (SegmentedRaftLogWorker.java:close(228)) - 3b6b5b8d-d680-46f1-bfb8-d706f5b52170-SegmentedRaftLogWorker:Storage Directory /workdir/hadoop-ozone/integration-test/target/test-dir/MiniOzoneClusterImpl-fa28b9af-4596-4992-971b-e70be8aa423d/datanode-5/data/ratis/acb00330-eb5f-4c85-8325-2e29c4e95440 close()
2019-07-15 13:55:39,305 INFO  server.GrpcService (GrpcService.java:closeImpl(155)) - 3b6b5b8d-d680-46f1-bfb8-d706f5b52170: shutdown server with port 42439 now
2019-07-15 13:55:39,305 INFO  server.GrpcService (GrpcService.java:closeImpl(163)) - 3b6b5b8d-d680-46f1-bfb8-d706f5b52170: shutdown server with port 42439 successfully
2019-07-15 13:55:39,307 INFO  utils.BackgroundService (BackgroundService.java:shutdown(148)) - Shutting down service BlockDeletingService
2019-07-15 13:55:39,310 WARN  fs.CachingGetSpaceUsed (CachingGetSpaceUsed.java:run(183)) - Thread Interrupted waiting to refresh disk information: sleep interrupted
2019-07-15 13:55:39,327 INFO  statemachine.DatanodeStateMachine (DatanodeStateMachine.java:stopDaemon(395)) - Ozone container server stopped.
2019-07-15 13:55:39,339 INFO  handler.ContextHandler (ContextHandler.java:doStop(910)) - Stopped o.e.j.w.WebAppContext@76639714{/,null,UNAVAILABLE}{/hddsDatanode}
2019-07-15 13:55:39,340 INFO  server.AbstractConnector (AbstractConnector.java:doStop(318)) - Stopped ServerConnector@1a26f595{HTTP/1.1,[http/1.1]}{0.0.0.0:0}
2019-07-15 13:55:39,340 INFO  handler.ContextHandler (ContextHandler.java:doStop(910)) - Stopped o.e.j.s.ServletContextHandler@315f5ffb{/static,jar:file:/home/user/.m2/repository/org/apache/hadoop/hadoop-hdds-container-service/0.5.0-SNAPSHOT/hadoop-hdds-container-service-0.5.0-SNAPSHOT.jar!/webapps/static,UNAVAILABLE}
2019-07-15 13:55:39,341 INFO  handler.ContextHandler (ContextHandler.java:doStop(910)) - Stopped o.e.j.s.ServletContextHandler@44496e0c{/logs,file:///workdir/hadoop-ozone/integration-test/target/log,UNAVAILABLE}
2019-07-15 13:55:39,341 INFO  ozone.MiniOzoneClusterImpl (MiniOzoneClusterImpl.java:stop(353)) - Stopping the StorageContainerManager
2019-07-15 13:55:39,342 INFO  server.StorageContainerManager (StorageContainerManager.java:stop(796)) - Stopping Replication Manager Service.
2019-07-15 13:55:39,342 INFO  container.ReplicationManager (ReplicationManager.java:stop(187)) - Stopping Replication Monitor Thread.
2019-07-15 13:55:39,342 INFO  server.StorageContainerManager (StorageContainerManager.java:stop(803)) - Stopping Lease Manager of the command watchers
2019-07-15 13:55:39,342 INFO  server.StorageContainerManager (StorageContainerManager.java:stop(810)) - Stopping datanode service RPC server
2019-07-15 13:55:39,342 INFO  server.SCMDatanodeProtocolServer (SCMDatanodeProtocolServer.java:stop(375)) - Stopping the RPC server for DataNodes
2019-07-15 13:55:39,343 INFO  ipc.Server (Server.java:stop(3082)) - Stopping server on 44466
2019-07-15 13:55:39,345 INFO  ipc.Server (Server.java:run(1185)) - Stopping IPC Server listener on 44466
2019-07-15 13:55:39,345 INFO  ipc.Server (Server.java:run(1319)) - Stopping IPC Server Responder
2019-07-15 13:55:39,388 WARN  node.NodeStateManager (NodeStateManager.java:scheduleNextHealthCheck(631)) - Current Thread is interrupted, shutting down HB processing thread for Node Manager.
2019-07-15 13:55:39,388 INFO  server.StorageContainerManager (StorageContainerManager.java:stop(818)) - Stopping block service RPC server
2019-07-15 13:55:39,388 INFO  server.SCMBlockProtocolServer (SCMBlockProtocolServer.java:stop(148)) - Stopping the RPC server for Block Protocol
2019-07-15 13:55:39,388 INFO  ipc.Server (Server.java:stop(3082)) - Stopping server on 44113
2019-07-15 13:55:39,390 INFO  ipc.Server (Server.java:run(1185)) - Stopping IPC Server listener on 44113
2019-07-15 13:55:39,390 INFO  server.StorageContainerManager (StorageContainerManager.java:stop(825)) - Stopping the StorageContainerLocationProtocol RPC server
2019-07-15 13:55:39,392 INFO  server.SCMClientProtocolServer (SCMClientProtocolServer.java:stop(157)) - Stopping the RPC server for Client Protocol
2019-07-15 13:55:39,392 INFO  ipc.Server (Server.java:stop(3082)) - Stopping server on 33780
2019-07-15 13:55:39,390 INFO  ipc.Server (Server.java:run(1319)) - Stopping IPC Server Responder
2019-07-15 13:55:39,394 INFO  ipc.Server (Server.java:run(1185)) - Stopping IPC Server listener on 33780
2019-07-15 13:55:39,394 INFO  server.StorageContainerManager (StorageContainerManager.java:stop(832)) - Stopping Storage Container Manager HTTP server.
2019-07-15 13:55:39,396 INFO  ipc.Server (Server.java:run(1319)) - Stopping IPC Server Responder
2019-07-15 13:55:39,396 INFO  handler.ContextHandler (ContextHandler.java:doStop(910)) - Stopped o.e.j.w.WebAppContext@7b6846c6{/,null,UNAVAILABLE}{/scm}
2019-07-15 13:55:39,398 INFO  server.AbstractConnector (AbstractConnector.java:doStop(318)) - Stopped ServerConnector@71103416{HTTP/1.1,[http/1.1]}{0.0.0.0:0}
2019-07-15 13:55:39,398 INFO  handler.ContextHandler (ContextHandler.java:doStop(910)) - Stopped o.e.j.s.ServletContextHandler@5cbb2b1d{/static,file:///workdir/hadoop-ozone/integration-test/target/test-classes/webapps/static,UNAVAILABLE}
2019-07-15 13:55:39,398 INFO  handler.ContextHandler (ContextHandler.java:doStop(910)) - Stopped o.e.j.s.ServletContextHandler@23f6a18d{/logs,file:///workdir/hadoop-ozone/integration-test/target/log,UNAVAILABLE}
2019-07-15 13:55:39,399 INFO  server.StorageContainerManager (StorageContainerManager.java:stop(843)) - Stopping Block Manager Service.
2019-07-15 13:55:39,399 INFO  utils.BackgroundService (BackgroundService.java:shutdown(148)) - Shutting down service SCMBlockDeletingService
2019-07-15 13:55:39,400 INFO  utils.BackgroundService (BackgroundService.java:shutdown(148)) - Shutting down service SCMBlockDeletingService
2019-07-15 13:55:39,400 INFO  server.StorageContainerManager (StorageContainerManager.java:stop(865)) - Stopping SCM Event Queue.
2019-07-15 13:55:39,404 INFO  impl.MetricsSystemImpl (MetricsSystemImpl.java:stop(210)) - Stopping HddsDatanode metrics system...
2019-07-15 13:55:39,413 INFO  impl.MetricsSystemImpl (MetricsSystemImpl.java:stop(216)) - HddsDatanode metrics system stopped.
]]></system-out>
    <system-err><![CDATA[Jul 15, 2019 1:55:06 PM com.sun.jersey.server.impl.application.WebApplicationImpl _initiate
INFO: Initiating Jersey application, version 'Jersey: 1.19 02/11/2015 03:25 AM'
Jul 15, 2019 1:55:06 PM com.sun.jersey.server.impl.application.WebApplicationImpl _initiate
INFO: Initiating Jersey application, version 'Jersey: 1.19 02/11/2015 03:25 AM'
Jul 15, 2019 1:55:07 PM com.sun.jersey.server.impl.application.WebApplicationImpl _initiate
INFO: Initiating Jersey application, version 'Jersey: 1.19 02/11/2015 03:25 AM'
Jul 15, 2019 1:55:07 PM com.sun.jersey.server.impl.application.WebApplicationImpl _initiate
INFO: Initiating Jersey application, version 'Jersey: 1.19 02/11/2015 03:25 AM'
Jul 15, 2019 1:55:07 PM com.sun.jersey.server.impl.application.WebApplicationImpl _initiate
INFO: Initiating Jersey application, version 'Jersey: 1.19 02/11/2015 03:25 AM'
Jul 15, 2019 1:55:07 PM com.sun.jersey.server.impl.application.WebApplicationImpl _initiate
INFO: Initiating Jersey application, version 'Jersey: 1.19 02/11/2015 03:25 AM'
Jul 15, 2019 1:55:07 PM com.sun.jersey.server.impl.application.WebApplicationImpl _initiate
INFO: Initiating Jersey application, version 'Jersey: 1.19 02/11/2015 03:25 AM'
Jul 15, 2019 1:55:13 PM org.apache.ratis.thirdparty.io.grpc.internal.ManagedChannelOrphanWrapper$ManagedChannelReference cleanQueue
SEVERE: *~*~*~ Channel ManagedChannelImpl{logId=3513, target=192.168.157.240:44485} was not shutdown properly!!! ~*~*~*
    Make sure to call shutdown()/shutdownNow() and wait until awaitTermination() returns true.
java.lang.RuntimeException: ManagedChannel allocation site
	at org.apache.ratis.thirdparty.io.grpc.internal.ManagedChannelOrphanWrapper$ManagedChannelReference.<init>(ManagedChannelOrphanWrapper.java:103)
	at org.apache.ratis.thirdparty.io.grpc.internal.ManagedChannelOrphanWrapper.<init>(ManagedChannelOrphanWrapper.java:53)
	at org.apache.ratis.thirdparty.io.grpc.internal.ManagedChannelOrphanWrapper.<init>(ManagedChannelOrphanWrapper.java:44)
	at org.apache.ratis.thirdparty.io.grpc.internal.AbstractManagedChannelImplBuilder.build(AbstractManagedChannelImplBuilder.java:411)
	at org.apache.ratis.grpc.client.GrpcClientProtocolClient.<init>(GrpcClientProtocolClient.java:119)
	at org.apache.ratis.grpc.client.GrpcClientRpc.lambda$new$0(GrpcClientRpc.java:55)
	at org.apache.ratis.util.PeerProxyMap$PeerAndProxy.lambda$getProxy$0(PeerProxyMap.java:61)
	at org.apache.ratis.util.LifeCycle.startAndTransition(LifeCycle.java:202)
	at org.apache.ratis.util.PeerProxyMap$PeerAndProxy.getProxy(PeerProxyMap.java:60)
	at org.apache.ratis.util.PeerProxyMap.getProxy(PeerProxyMap.java:107)
	at org.apache.ratis.grpc.client.GrpcClientRpc.sendRequestAsync(GrpcClientRpc.java:66)
	at org.apache.ratis.client.impl.OrderedAsync.sendRequest(OrderedAsync.java:208)
	at org.apache.ratis.client.impl.OrderedAsync.sendRequestWithRetry(OrderedAsync.java:169)
	at org.apache.ratis.util.SlidingWindow$Client.sendOrDelayRequest(SlidingWindow.java:278)
	at org.apache.ratis.util.SlidingWindow$Client.retry(SlidingWindow.java:294)
	at org.apache.ratis.client.impl.OrderedAsync.lambda$scheduleWithTimeout$7(OrderedAsync.java:195)
	at org.apache.ratis.util.TimeoutScheduler.lambda$onTimeout$0(TimeoutScheduler.java:85)
	at org.apache.ratis.util.TimeoutScheduler.lambda$onTimeout$1(TimeoutScheduler.java:104)
	at org.apache.ratis.util.LogUtils.runAndLog(LogUtils.java:50)
	at org.apache.ratis.util.LogUtils$1.run(LogUtils.java:91)
	at java.util.concurrent.Executors$RunnableAdapter.call(Executors.java:511)
	at java.util.concurrent.FutureTask.run(FutureTask.java:266)
	at java.util.concurrent.ScheduledThreadPoolExecutor$ScheduledFutureTask.access$201(ScheduledThreadPoolExecutor.java:180)
	at java.util.concurrent.ScheduledThreadPoolExecutor$ScheduledFutureTask.run(ScheduledThreadPoolExecutor.java:293)
	at java.util.concurrent.ThreadPoolExecutor.runWorker(ThreadPoolExecutor.java:1149)
	at java.util.concurrent.ThreadPoolExecutor$Worker.run(ThreadPoolExecutor.java:624)
	at java.lang.Thread.run(Thread.java:748)

]]></system-err>
  </testcase>
</testsuite>