<?xml version="1.0" encoding="UTF-8"?>
<testsuite xmlns:xsi="http://www.w3.org/2001/XMLSchema-instance" xsi:noNamespaceSchemaLocation="https://maven.apache.org/surefire/maven-surefire-plugin/xsd/surefire-test-report.xsd" name="org.apache.hadoop.ozone.client.rpc.TestCloseContainerHandlingByClient" time="60.471" tests="8" errors="6" skipped="1" failures="0">
  <properties>
    <property name="awt.toolkit" value="sun.awt.X11.XToolkit"/>
    <property name="file.encoding.pkg" value="sun.io"/>
    <property name="java.specification.version" value="1.8"/>
    <property name="sun.cpu.isalist" value=""/>
    <property name="sun.jnu.encoding" value="UTF-8"/>
    <property name="java.class.path" value="/workdir/hadoop-ozone/integration-test/target/test-classes:/workdir/hadoop-ozone/integration-test/target/classes:/home/user/.m2/repository/org/apache/hadoop/hadoop-ozone-common/0.5.0-SNAPSHOT/hadoop-ozone-common-0.5.0-SNAPSHOT.jar:/home/user/.m2/repository/org/apache/commons/commons-compress/1.4.1/commons-compress-1.4.1.jar:/home/user/.m2/repository/org/tukaani/xz/1.0/xz-1.0.jar:/home/user/.m2/repository/org/apache/hadoop/hadoop-common/3.2.0/hadoop-common-3.2.0.jar:/home/user/.m2/repository/org/apache/hadoop/hadoop-hdfs/3.2.0/hadoop-hdfs-3.2.0.jar:/home/user/.m2/repository/org/apache/hadoop/hadoop-hdfs-client/3.2.0/hadoop-hdfs-client-3.2.0.jar:/home/user/.m2/repository/com/fasterxml/jackson/core/jackson-annotations/2.9.5/jackson-annotations-2.9.5.jar:/home/user/.m2/repository/org/apache/hadoop/hadoop-hdds-common/0.5.0-SNAPSHOT/hadoop-hdds-common-0.5.0-SNAPSHOT.jar:/home/user/.m2/repository/javax/annotation/javax.annotation-api/1.2/javax.annotation-api-1.2.jar:/home/user/.m2/repository/org/apache/ratis/ratis-server/0.4.0-2337318-SNAPSHOT/ratis-server-0.4.0-2337318-SNAPSHOT.jar:/home/user/.m2/repository/org/apache/ratis/ratis-thirdparty-misc/0.2.0/ratis-thirdparty-misc-0.2.0.jar:/home/user/.m2/repository/org/apache/ratis/ratis-proto/0.4.0-2337318-SNAPSHOT/ratis-proto-0.4.0-2337318-SNAPSHOT.jar:/home/user/.m2/repository/org/apache/ratis/ratis-common/0.4.0-2337318-SNAPSHOT/ratis-common-0.4.0-2337318-SNAPSHOT.jar:/home/user/.m2/repository/org/apache/ratis/ratis-client/0.4.0-2337318-SNAPSHOT/ratis-client-0.4.0-2337318-SNAPSHOT.jar:/home/user/.m2/repository/org/apache/ratis/ratis-metrics/0.4.0-2337318-SNAPSHOT/ratis-metrics-0.4.0-2337318-SNAPSHOT.jar:/home/user/.m2/repository/org/apache/ratis/ratis-netty/0.4.0-2337318-SNAPSHOT/ratis-netty-0.4.0-2337318-SNAPSHOT.jar:/home/user/.m2/repository/org/apache/ratis/ratis-grpc/0.4.0-2337318-SNAPSHOT/ratis-grpc-0.4.0-2337318-SNAPSHOT.jar:/home/user/.m2/repository/org/rocksdb/rocksdbjni/6.0.1/rocksdbjni-6.0.1.jar:/home/user/.m2/repository/org/apache/logging/log4j/log4j-api/2.11.0/log4j-api-2.11.0.jar:/home/user/.m2/repository/org/apache/logging/log4j/log4j-core/2.11.0/log4j-core-2.11.0.jar:/home/user/.m2/repository/com/lmax/disruptor/3.4.2/disruptor-3.4.2.jar:/home/user/.m2/repository/org/apache/commons/commons-pool2/2.6.0/commons-pool2-2.6.0.jar:/home/user/.m2/repository/org/bouncycastle/bcpkix-jdk15on/1.60/bcpkix-jdk15on-1.60.jar:/home/user/.m2/repository/commons-validator/commons-validator/1.6/commons-validator-1.6.jar:/home/user/.m2/repository/commons-digester/commons-digester/1.8.1/commons-digester-1.8.1.jar:/home/user/.m2/repository/io/jaegertracing/jaeger-client/0.33.1/jaeger-client-0.33.1.jar:/home/user/.m2/repository/io/jaegertracing/jaeger-thrift/0.33.1/jaeger-thrift-0.33.1.jar:/home/user/.m2/repository/org/apache/thrift/libthrift/0.11.0/libthrift-0.11.0.jar:/home/user/.m2/repository/com/squareup/okhttp3/okhttp/3.9.0/okhttp-3.9.0.jar:/home/user/.m2/repository/com/squareup/okio/okio/1.13.0/okio-1.13.0.jar:/home/user/.m2/repository/io/jaegertracing/jaeger-core/0.33.1/jaeger-core-0.33.1.jar:/home/user/.m2/repository/io/jaegertracing/jaeger-tracerresolver/0.33.1/jaeger-tracerresolver-0.33.1.jar:/home/user/.m2/repository/io/opentracing/contrib/opentracing-tracerresolver/0.1.5/opentracing-tracerresolver-0.1.5.jar:/home/user/.m2/repository/io/opentracing/opentracing-util/0.31.0/opentracing-util-0.31.0.jar:/home/user/.m2/repository/io/opentracing/opentracing-api/0.31.0/opentracing-api-0.31.0.jar:/home/user/.m2/repository/io/opentracing/opentracing-noop/0.31.0/opentracing-noop-0.31.0.jar:/home/user/.m2/repository/org/apache/hadoop/hadoop-hdds-server-framework/0.5.0-SNAPSHOT/hadoop-hdds-server-framework-0.5.0-SNAPSHOT.jar:/home/user/.m2/repository/org/apache/hadoop/hadoop-hdds-container-service/0.5.0-SNAPSHOT/hadoop-hdds-container-service-0.5.0-SNAPSHOT.jar:/home/user/.m2/repository/org/apache/hadoop/hadoop-hdds-client/0.5.0-SNAPSHOT/hadoop-hdds-client-0.5.0-SNAPSHOT.jar:/home/user/.m2/repository/org/apache/hadoop/hadoop-hdds-tools/0.5.0-SNAPSHOT/hadoop-hdds-tools-0.5.0-SNAPSHOT.jar:/home/user/.m2/repository/org/apache/hadoop/hadoop-hdds-server-scm/0.5.0-SNAPSHOT/hadoop-hdds-server-scm-0.5.0-SNAPSHOT.jar:/home/user/.m2/repository/org/apache/hadoop/hadoop-hdds-docs/0.5.0-SNAPSHOT/hadoop-hdds-docs-0.5.0-SNAPSHOT.jar:/home/user/.m2/repository/io/dropwizard/metrics/metrics-core/3.2.4/metrics-core-3.2.4.jar:/home/user/.m2/repository/org/hamcrest/hamcrest-all/1.3/hamcrest-all-1.3.jar:/home/user/.m2/repository/org/bouncycastle/bcprov-jdk15on/1.60/bcprov-jdk15on-1.60.jar:/home/user/.m2/repository/info/picocli/picocli/3.9.6/picocli-3.9.6.jar:/home/user/.m2/repository/com/google/protobuf/protobuf-java/2.5.0/protobuf-java-2.5.0.jar:/home/user/.m2/repository/com/google/guava/guava/11.0.2/guava-11.0.2.jar:/home/user/.m2/repository/org/apache/hadoop/hadoop-ozone-ozone-manager/0.5.0-SNAPSHOT/hadoop-ozone-ozone-manager-0.5.0-SNAPSHOT.jar:/home/user/.m2/repository/org/apache/hadoop/hadoop-minikdc/3.2.0/hadoop-minikdc-3.2.0.jar:/home/user/.m2/repository/commons-io/commons-io/2.5/commons-io-2.5.jar:/home/user/.m2/repository/org/apache/kerby/kerb-simplekdc/1.0.1/kerb-simplekdc-1.0.1.jar:/home/user/.m2/repository/org/apache/kerby/kerb-client/1.0.1/kerb-client-1.0.1.jar:/home/user/.m2/repository/org/apache/kerby/kerby-config/1.0.1/kerby-config-1.0.1.jar:/home/user/.m2/repository/org/apache/kerby/kerb-core/1.0.1/kerb-core-1.0.1.jar:/home/user/.m2/repository/org/apache/kerby/kerby-pkix/1.0.1/kerby-pkix-1.0.1.jar:/home/user/.m2/repository/org/apache/kerby/kerby-asn1/1.0.1/kerby-asn1-1.0.1.jar:/home/user/.m2/repository/org/apache/kerby/kerby-util/1.0.1/kerby-util-1.0.1.jar:/home/user/.m2/repository/org/apache/kerby/kerb-common/1.0.1/kerb-common-1.0.1.jar:/home/user/.m2/repository/org/apache/kerby/kerb-crypto/1.0.1/kerb-crypto-1.0.1.jar:/home/user/.m2/repository/org/apache/kerby/kerb-util/1.0.1/kerb-util-1.0.1.jar:/home/user/.m2/repository/org/apache/kerby/token-provider/1.0.1/token-provider-1.0.1.jar:/home/user/.m2/repository/org/apache/kerby/kerb-admin/1.0.1/kerb-admin-1.0.1.jar:/home/user/.m2/repository/org/apache/kerby/kerb-server/1.0.1/kerb-server-1.0.1.jar:/home/user/.m2/repository/org/apache/kerby/kerb-identity/1.0.1/kerb-identity-1.0.1.jar:/home/user/.m2/repository/org/apache/kerby/kerby-xdr/1.0.1/kerby-xdr-1.0.1.jar:/home/user/.m2/repository/org/slf4j/slf4j-log4j12/1.7.25/slf4j-log4j12-1.7.25.jar:/home/user/.m2/repository/org/apache/hadoop/hadoop-ozone-objectstore-service/0.5.0-SNAPSHOT/hadoop-ozone-objectstore-service-0.5.0-SNAPSHOT.jar:/home/user/.m2/repository/org/apache/hadoop/hadoop-ozone-s3gateway/0.5.0-SNAPSHOT/hadoop-ozone-s3gateway-0.5.0-SNAPSHOT.jar:/home/user/.m2/repository/org/jboss/weld/servlet/weld-servlet/2.4.7.Final/weld-servlet-2.4.7.Final.jar:/home/user/.m2/repository/org/glassfish/jersey/containers/jersey-container-servlet-core/2.27/jersey-container-servlet-core-2.27.jar:/home/user/.m2/repository/org/glassfish/hk2/external/javax.inject/2.5.0-b42/javax.inject-2.5.0-b42.jar:/home/user/.m2/repository/org/glassfish/jersey/core/jersey-common/2.27/jersey-common-2.27.jar:/home/user/.m2/repository/org/glassfish/hk2/osgi-resource-locator/1.0.1/osgi-resource-locator-1.0.1.jar:/home/user/.m2/repository/javax/ws/rs/javax.ws.rs-api/2.1/javax.ws.rs-api-2.1.jar:/home/user/.m2/repository/org/glassfish/jersey/ext/cdi/jersey-cdi1x/2.27/jersey-cdi1x-2.27.jar:/home/user/.m2/repository/org/glassfish/jersey/inject/jersey-hk2/2.27/jersey-hk2-2.27.jar:/home/user/.m2/repository/org/glassfish/hk2/hk2-locator/2.5.0-b42/hk2-locator-2.5.0-b42.jar:/home/user/.m2/repository/org/javassist/javassist/3.22.0-CR2/javassist-3.22.0-CR2.jar:/home/user/.m2/repository/org/glassfish/hk2/hk2-api/2.5.0/hk2-api-2.5.0.jar:/home/user/.m2/repository/org/glassfish/hk2/external/jakarta.inject/2.5.0/jakarta.inject-2.5.0.jar:/home/user/.m2/repository/org/glassfish/hk2/hk2-utils/2.5.0/hk2-utils-2.5.0.jar:/home/user/.m2/repository/jakarta/annotation/jakarta.annotation-api/1.3.4/jakarta.annotation-api-1.3.4.jar:/home/user/.m2/repository/org/glassfish/hk2/external/aopalliance-repackaged/2.5.0/aopalliance-repackaged-2.5.0.jar:/home/user/.m2/repository/com/fasterxml/jackson/dataformat/jackson-dataformat-xml/2.9.0/jackson-dataformat-xml-2.9.0.jar:/home/user/.m2/repository/com/fasterxml/jackson/core/jackson-core/2.9.5/jackson-core-2.9.5.jar:/home/user/.m2/repository/com/fasterxml/jackson/module/jackson-module-jaxb-annotations/2.9.5/jackson-module-jaxb-annotations-2.9.5.jar:/home/user/.m2/repository/javax/enterprise/cdi-api/1.2/cdi-api-1.2.jar:/home/user/.m2/repository/javax/el/javax.el-api/3.0.0/javax.el-api-3.0.0.jar:/home/user/.m2/repository/javax/interceptor/javax.interceptor-api/1.2/javax.interceptor-api-1.2.jar:/home/user/.m2/repository/javax/inject/javax.inject/1/javax.inject-1.jar:/home/user/.m2/repository/com/sun/xml/bind/jaxb-impl/2.3.0.1/jaxb-impl-2.3.0.1.jar:/home/user/.m2/repository/com/sun/xml/bind/jaxb-core/2.3.0.1/jaxb-core-2.3.0.1.jar:/home/user/.m2/repository/javax/xml/bind/jaxb-api/2.3.0/jaxb-api-2.3.0.jar:/home/user/.m2/repository/javax/activation/activation/1.1.1/activation-1.1.1.jar:/home/user/.m2/repository/org/apache/hadoop/hadoop-ozone-csi/0.5.0-SNAPSHOT/hadoop-ozone-csi-0.5.0-SNAPSHOT.jar:/home/user/.m2/repository/com/google/protobuf/protobuf-java-util/3.5.1/protobuf-java-util-3.5.1.jar:/home/user/.m2/repository/org/apache/hadoop/hadoop-hdds-config/0.5.0-SNAPSHOT/hadoop-hdds-config-0.5.0-SNAPSHOT.jar:/home/user/.m2/repository/io/grpc/grpc-netty/1.17.1/grpc-netty-1.17.1.jar:/home/user/.m2/repository/io/grpc/grpc-core/1.17.1/grpc-core-1.17.1.jar:/home/user/.m2/repository/io/grpc/grpc-context/1.17.1/grpc-context-1.17.1.jar:/home/user/.m2/repository/com/google/errorprone/error_prone_annotations/2.2.0/error_prone_annotations-2.2.0.jar:/home/user/.m2/repository/org/codehaus/mojo/animal-sniffer-annotations/1.17/animal-sniffer-annotations-1.17.jar:/home/user/.m2/repository/io/opencensus/opencensus-api/0.17.0/opencensus-api-0.17.0.jar:/home/user/.m2/repository/io/opencensus/opencensus-contrib-grpc-metrics/0.17.0/opencensus-contrib-grpc-metrics-0.17.0.jar:/home/user/.m2/repository/io/netty/netty-codec-http2/4.1.30.Final/netty-codec-http2-4.1.30.Final.jar:/home/user/.m2/repository/io/netty/netty-codec-http/4.1.30.Final/netty-codec-http-4.1.30.Final.jar:/home/user/.m2/repository/io/netty/netty-codec/4.1.30.Final/netty-codec-4.1.30.Final.jar:/home/user/.m2/repository/io/netty/netty-handler/4.1.30.Final/netty-handler-4.1.30.Final.jar:/home/user/.m2/repository/io/netty/netty-handler-proxy/4.1.30.Final/netty-handler-proxy-4.1.30.Final.jar:/home/user/.m2/repository/io/netty/netty-codec-socks/4.1.30.Final/netty-codec-socks-4.1.30.Final.jar:/home/user/.m2/repository/io/netty/netty-transport-native-epoll/4.1.30.Final/netty-transport-native-epoll-4.1.30.Final.jar:/home/user/.m2/repository/io/netty/netty-common/4.1.30.Final/netty-common-4.1.30.Final.jar:/home/user/.m2/repository/io/netty/netty-buffer/4.1.30.Final/netty-buffer-4.1.30.Final.jar:/home/user/.m2/repository/io/netty/netty-transport/4.1.30.Final/netty-transport-4.1.30.Final.jar:/home/user/.m2/repository/io/netty/netty-resolver/4.1.30.Final/netty-resolver-4.1.30.Final.jar:/home/user/.m2/repository/io/netty/netty-transport-native-unix-common/4.1.30.Final/netty-transport-native-unix-common-4.1.30.Final.jar:/home/user/.m2/repository/io/grpc/grpc-protobuf/1.17.1/grpc-protobuf-1.17.1.jar:/home/user/.m2/repository/com/google/api/grpc/proto-google-common-protos/1.0.0/proto-google-common-protos-1.0.0.jar:/home/user/.m2/repository/io/grpc/grpc-protobuf-lite/1.17.1/grpc-protobuf-lite-1.17.1.jar:/home/user/.m2/repository/io/grpc/grpc-stub/1.17.1/grpc-stub-1.17.1.jar:/home/user/.m2/repository/org/apache/hadoop/hadoop-ozone-recon/0.5.0-SNAPSHOT/hadoop-ozone-recon-0.5.0-SNAPSHOT.jar:/home/user/.m2/repository/org/apache/hadoop/hadoop-ozone-reconcodegen/0.5.0-SNAPSHOT/hadoop-ozone-reconcodegen-0.5.0-SNAPSHOT.jar:/home/user/.m2/repository/com/google/inject/extensions/guice-multibindings/4.0/guice-multibindings-4.0.jar:/home/user/.m2/repository/com/google/inject/guice/4.0/guice-4.0.jar:/home/user/.m2/repository/aopalliance/aopalliance/1.0/aopalliance-1.0.jar:/home/user/.m2/repository/com/google/inject/extensions/guice-servlet/4.0/guice-servlet-4.0.jar:/home/user/.m2/repository/org/glassfish/jersey/containers/jersey-container-servlet/2.27/jersey-container-servlet-2.27.jar:/home/user/.m2/repository/org/glassfish/hk2/guice-bridge/2.5.0/guice-bridge-2.5.0.jar:/home/user/.m2/repository/org/glassfish/jersey/core/jersey-server/2.27/jersey-server-2.27.jar:/home/user/.m2/repository/org/glassfish/jersey/core/jersey-client/2.27/jersey-client-2.27.jar:/home/user/.m2/repository/org/glassfish/jersey/media/jersey-media-jaxb/2.27/jersey-media-jaxb-2.27.jar:/home/user/.m2/repository/javax/validation/validation-api/1.1.0.Final/validation-api-1.1.0.Final.jar:/home/user/.m2/repository/org/glassfish/jersey/media/jersey-media-json-jackson/2.27/jersey-media-json-jackson-2.27.jar:/home/user/.m2/repository/org/glassfish/jersey/ext/jersey-entity-filtering/2.27/jersey-entity-filtering-2.27.jar:/home/user/.m2/repository/com/google/inject/extensions/guice-assistedinject/4.0/guice-assistedinject-4.0.jar:/home/user/.m2/repository/org/jooq/jooq/3.11.10/jooq-3.11.10.jar:/home/user/.m2/repository/org/jooq/jooq-meta/3.11.10/jooq-meta-3.11.10.jar:/home/user/.m2/repository/org/jooq/jooq-codegen/3.11.10/jooq-codegen-3.11.10.jar:/home/user/.m2/repository/com/jolbox/bonecp/0.8.0.RELEASE/bonecp-0.8.0.RELEASE.jar:/home/user/.m2/repository/org/xerial/sqlite-jdbc/3.25.2/sqlite-jdbc-3.25.2.jar:/home/user/.m2/repository/org/springframework/spring-jdbc/5.1.3.RELEASE/spring-jdbc-5.1.3.RELEASE.jar:/home/user/.m2/repository/org/springframework/spring-beans/5.1.3.RELEASE/spring-beans-5.1.3.RELEASE.jar:/home/user/.m2/repository/org/springframework/spring-core/5.1.3.RELEASE/spring-core-5.1.3.RELEASE.jar:/home/user/.m2/repository/org/springframework/spring-jcl/5.1.3.RELEASE/spring-jcl-5.1.3.RELEASE.jar:/home/user/.m2/repository/org/springframework/spring-tx/5.1.3.RELEASE/spring-tx-5.1.3.RELEASE.jar:/home/user/.m2/repository/org/apache/hadoop/hadoop-ozone-client/0.5.0-SNAPSHOT/hadoop-ozone-client-0.5.0-SNAPSHOT.jar:/home/user/.m2/repository/commons-lang/commons-lang/2.6/commons-lang-2.6.jar:/home/user/.m2/repository/org/apache/hadoop/hadoop-ozone-ozone-manager/0.5.0-SNAPSHOT/hadoop-ozone-ozone-manager-0.5.0-SNAPSHOT-tests.jar:/home/user/.m2/repository/junit/junit/4.11/junit-4.11.jar:/home/user/.m2/repository/org/hamcrest/hamcrest-core/1.3/hamcrest-core-1.3.jar:/home/user/.m2/repository/org/openjdk/jmh/jmh-core/1.19/jmh-core-1.19.jar:/home/user/.m2/repository/net/sf/jopt-simple/jopt-simple/4.6/jopt-simple-4.6.jar:/home/user/.m2/repository/org/apache/commons/commons-math3/3.1.1/commons-math3-3.1.1.jar:/home/user/.m2/repository/org/openjdk/jmh/jmh-generator-annprocess/1.19/jmh-generator-annprocess-1.19.jar:/home/user/.m2/repository/org/mockito/mockito-all/1.8.5/mockito-all-1.8.5.jar:/home/user/.m2/repository/org/apache/hadoop/hadoop-kms/3.2.0/hadoop-kms-3.2.0.jar:/home/user/.m2/repository/org/apache/hadoop/hadoop-auth/3.2.0/hadoop-auth-3.2.0.jar:/home/user/.m2/repository/com/nimbusds/nimbus-jose-jwt/4.41.1/nimbus-jose-jwt-4.41.1.jar:/home/user/.m2/repository/com/github/stephenc/jcip/jcip-annotations/1.0-1/jcip-annotations-1.0-1.jar:/home/user/.m2/repository/net/minidev/json-smart/2.3/json-smart-2.3.jar:/home/user/.m2/repository/net/minidev/accessors-smart/1.2/accessors-smart-1.2.jar:/home/user/.m2/repository/org/ow2/asm/asm/5.0.4/asm-5.0.4.jar:/home/user/.m2/repository/org/apache/curator/curator-framework/2.12.0/curator-framework-2.12.0.jar:/home/user/.m2/repository/com/sun/jersey/jersey-core/1.19/jersey-core-1.19.jar:/home/user/.m2/repository/javax/ws/rs/jsr311-api/1.1.1/jsr311-api-1.1.1.jar:/home/user/.m2/repository/com/sun/jersey/jersey-server/1.19/jersey-server-1.19.jar:/home/user/.m2/repository/javax/servlet/javax.servlet-api/3.1.0/javax.servlet-api-3.1.0.jar:/home/user/.m2/repository/org/eclipse/jetty/jetty-server/9.3.24.v20180605/jetty-server-9.3.24.v20180605.jar:/home/user/.m2/repository/org/eclipse/jetty/jetty-http/9.3.24.v20180605/jetty-http-9.3.24.v20180605.jar:/home/user/.m2/repository/org/eclipse/jetty/jetty-io/9.3.24.v20180605/jetty-io-9.3.24.v20180605.jar:/home/user/.m2/repository/org/eclipse/jetty/jetty-webapp/9.3.24.v20180605/jetty-webapp-9.3.24.v20180605.jar:/home/user/.m2/repository/org/eclipse/jetty/jetty-xml/9.3.24.v20180605/jetty-xml-9.3.24.v20180605.jar:/home/user/.m2/repository/log4j/log4j/1.2.17/log4j-1.2.17.jar:/home/user/.m2/repository/org/slf4j/slf4j-api/1.7.25/slf4j-api-1.7.25.jar:/home/user/.m2/repository/org/slf4j/jul-to-slf4j/1.7.25/jul-to-slf4j-1.7.25.jar:/home/user/.m2/repository/org/eclipse/jetty/jetty-util/9.3.24.v20180605/jetty-util-9.3.24.v20180605.jar:/home/user/.m2/repository/com/fasterxml/jackson/core/jackson-databind/2.9.5/jackson-databind-2.9.5.jar:/home/user/.m2/repository/org/apache/hadoop/hadoop-kms/3.2.0/hadoop-kms-3.2.0-tests.jar:/home/user/.m2/repository/org/apache/hadoop/hadoop-hdds-server-scm/0.5.0-SNAPSHOT/hadoop-hdds-server-scm-0.5.0-SNAPSHOT-tests.jar:/home/user/.m2/repository/org/apache/hadoop/hadoop-hdds-container-service/0.5.0-SNAPSHOT/hadoop-hdds-container-service-0.5.0-SNAPSHOT-tests.jar:/home/user/.m2/repository/org/yaml/snakeyaml/1.16/snakeyaml-1.16.jar:/home/user/.m2/repository/org/apache/hadoop/hadoop-common/3.2.0/hadoop-common-3.2.0-tests.jar:/home/user/.m2/repository/org/apache/hadoop/hadoop-annotations/3.2.0/hadoop-annotations-3.2.0.jar:/usr/lib/jvm/java-1.8-openjdk/jre/../lib/tools.jar:/home/user/.m2/repository/commons-cli/commons-cli/1.2/commons-cli-1.2.jar:/home/user/.m2/repository/org/apache/httpcomponents/httpclient/4.5.2/httpclient-4.5.2.jar:/home/user/.m2/repository/org/apache/httpcomponents/httpcore/4.4.4/httpcore-4.4.4.jar:/home/user/.m2/repository/commons-codec/commons-codec/1.11/commons-codec-1.11.jar:/home/user/.m2/repository/commons-net/commons-net/3.6/commons-net-3.6.jar:/home/user/.m2/repository/commons-collections/commons-collections/3.2.2/commons-collections-3.2.2.jar:/home/user/.m2/repository/org/eclipse/jetty/jetty-servlet/9.3.24.v20180605/jetty-servlet-9.3.24.v20180605.jar:/home/user/.m2/repository/org/eclipse/jetty/jetty-security/9.3.24.v20180605/jetty-security-9.3.24.v20180605.jar:/home/user/.m2/repository/javax/servlet/jsp/jsp-api/2.1/jsp-api-2.1.jar:/home/user/.m2/repository/com/sun/jersey/jersey-servlet/1.19/jersey-servlet-1.19.jar:/home/user/.m2/repository/com/sun/jersey/jersey-json/1.19/jersey-json-1.19.jar:/home/user/.m2/repository/org/codehaus/jettison/jettison/1.1/jettison-1.1.jar:/home/user/.m2/repository/org/codehaus/jackson/jackson-core-asl/1.9.13/jackson-core-asl-1.9.13.jar:/home/user/.m2/repository/org/codehaus/jackson/jackson-mapper-asl/1.9.13/jackson-mapper-asl-1.9.13.jar:/home/user/.m2/repository/org/codehaus/jackson/jackson-jaxrs/1.9.13/jackson-jaxrs-1.9.13.jar:/home/user/.m2/repository/org/codehaus/jackson/jackson-xc/1.9.13/jackson-xc-1.9.13.jar:/home/user/.m2/repository/commons-logging/commons-logging/1.1.3/commons-logging-1.1.3.jar:/home/user/.m2/repository/commons-beanutils/commons-beanutils/1.9.3/commons-beanutils-1.9.3.jar:/home/user/.m2/repository/org/apache/commons/commons-configuration2/2.1.1/commons-configuration2-2.1.1.jar:/home/user/.m2/repository/org/apache/commons/commons-lang3/3.7/commons-lang3-3.7.jar:/home/user/.m2/repository/org/apache/commons/commons-text/1.4/commons-text-1.4.jar:/home/user/.m2/repository/org/apache/avro/avro/1.7.7/avro-1.7.7.jar:/home/user/.m2/repository/com/thoughtworks/paranamer/paranamer/2.3/paranamer-2.3.jar:/home/user/.m2/repository/org/xerial/snappy/snappy-java/1.0.5/snappy-java-1.0.5.jar:/home/user/.m2/repository/com/google/re2j/re2j/1.1/re2j-1.1.jar:/home/user/.m2/repository/com/google/code/gson/gson/2.2.4/gson-2.2.4.jar:/home/user/.m2/repository/com/jcraft/jsch/0.1.54/jsch-0.1.54.jar:/home/user/.m2/repository/org/apache/curator/curator-client/2.12.0/curator-client-2.12.0.jar:/home/user/.m2/repository/org/apache/curator/curator-recipes/2.12.0/curator-recipes-2.12.0.jar:/home/user/.m2/repository/com/google/code/findbugs/jsr305/3.0.0/jsr305-3.0.0.jar:/home/user/.m2/repository/org/apache/htrace/htrace-core4/4.1.0-incubating/htrace-core4-4.1.0-incubating.jar:/home/user/.m2/repository/org/apache/zookeeper/zookeeper/3.4.13/zookeeper-3.4.13.jar:/home/user/.m2/repository/org/apache/yetus/audience-annotations/0.5.0/audience-annotations-0.5.0.jar:/home/user/.m2/repository/org/codehaus/woodstox/stax2-api/3.1.4/stax2-api-3.1.4.jar:/home/user/.m2/repository/com/fasterxml/woodstox/woodstox-core/5.0.3/woodstox-core-5.0.3.jar:/home/user/.m2/repository/dnsjava/dnsjava/2.1.7/dnsjava-2.1.7.jar:/home/user/.m2/repository/org/apache/hadoop/hadoop-hdfs/3.2.0/hadoop-hdfs-3.2.0-tests.jar:/home/user/.m2/repository/org/eclipse/jetty/jetty-util-ajax/9.3.24.v20180605/jetty-util-ajax-9.3.24.v20180605.jar:/home/user/.m2/repository/commons-daemon/commons-daemon/1.0.13/commons-daemon-1.0.13.jar:/home/user/.m2/repository/io/netty/netty/3.10.5.Final/netty-3.10.5.Final.jar:/home/user/.m2/repository/io/netty/netty-all/4.0.52.Final/netty-all-4.0.52.Final.jar:/home/user/.m2/repository/org/fusesource/leveldbjni/leveldbjni-all/1.8/leveldbjni-all-1.8.jar:"/>
    <property name="java.vm.vendor" value="IcedTea"/>
    <property name="sun.arch.data.model" value="64"/>
    <property name="test.build.dir" value="/workdir/hadoop-ozone/integration-test/target/test-dir"/>
    <property name="test.cache.data" value=""/>
    <property name="java.vendor.url" value="https://icedtea.classpath.org"/>
    <property name="user.timezone" value=""/>
    <property name="java.vm.specification.version" value="1.8"/>
    <property name="os.name" value="Linux"/>
    <property name="test.build.data" value="/workdir/hadoop-ozone/integration-test/target/test-dir"/>
    <property name="user.country" value="US"/>
    <property name="sun.java.launcher" value="SUN_STANDARD"/>
    <property name="sun.boot.library.path" value="/usr/lib/jvm/java-1.8-openjdk/jre/lib/amd64"/>
    <property name="sun.java.command" value="/workdir/hadoop-ozone/integration-test/target/surefire/surefirebooter1326886401654988632.jar /workdir/hadoop-ozone/integration-test/target/surefire 2019-07-15T12-53-33_419-jvmRun1 surefire4923288440408331205tmp surefire_492001893309832693504tmp"/>
    <property name="surefire.test.class.path" value="/workdir/hadoop-ozone/integration-test/target/test-classes:/workdir/hadoop-ozone/integration-test/target/classes:/home/user/.m2/repository/org/apache/hadoop/hadoop-ozone-common/0.5.0-SNAPSHOT/hadoop-ozone-common-0.5.0-SNAPSHOT.jar:/home/user/.m2/repository/org/apache/commons/commons-compress/1.4.1/commons-compress-1.4.1.jar:/home/user/.m2/repository/org/tukaani/xz/1.0/xz-1.0.jar:/home/user/.m2/repository/org/apache/hadoop/hadoop-common/3.2.0/hadoop-common-3.2.0.jar:/home/user/.m2/repository/org/apache/hadoop/hadoop-hdfs/3.2.0/hadoop-hdfs-3.2.0.jar:/home/user/.m2/repository/org/apache/hadoop/hadoop-hdfs-client/3.2.0/hadoop-hdfs-client-3.2.0.jar:/home/user/.m2/repository/com/fasterxml/jackson/core/jackson-annotations/2.9.5/jackson-annotations-2.9.5.jar:/home/user/.m2/repository/org/apache/hadoop/hadoop-hdds-common/0.5.0-SNAPSHOT/hadoop-hdds-common-0.5.0-SNAPSHOT.jar:/home/user/.m2/repository/javax/annotation/javax.annotation-api/1.2/javax.annotation-api-1.2.jar:/home/user/.m2/repository/org/apache/ratis/ratis-server/0.4.0-2337318-SNAPSHOT/ratis-server-0.4.0-2337318-SNAPSHOT.jar:/home/user/.m2/repository/org/apache/ratis/ratis-thirdparty-misc/0.2.0/ratis-thirdparty-misc-0.2.0.jar:/home/user/.m2/repository/org/apache/ratis/ratis-proto/0.4.0-2337318-SNAPSHOT/ratis-proto-0.4.0-2337318-SNAPSHOT.jar:/home/user/.m2/repository/org/apache/ratis/ratis-common/0.4.0-2337318-SNAPSHOT/ratis-common-0.4.0-2337318-SNAPSHOT.jar:/home/user/.m2/repository/org/apache/ratis/ratis-client/0.4.0-2337318-SNAPSHOT/ratis-client-0.4.0-2337318-SNAPSHOT.jar:/home/user/.m2/repository/org/apache/ratis/ratis-metrics/0.4.0-2337318-SNAPSHOT/ratis-metrics-0.4.0-2337318-SNAPSHOT.jar:/home/user/.m2/repository/org/apache/ratis/ratis-netty/0.4.0-2337318-SNAPSHOT/ratis-netty-0.4.0-2337318-SNAPSHOT.jar:/home/user/.m2/repository/org/apache/ratis/ratis-grpc/0.4.0-2337318-SNAPSHOT/ratis-grpc-0.4.0-2337318-SNAPSHOT.jar:/home/user/.m2/repository/org/rocksdb/rocksdbjni/6.0.1/rocksdbjni-6.0.1.jar:/home/user/.m2/repository/org/apache/logging/log4j/log4j-api/2.11.0/log4j-api-2.11.0.jar:/home/user/.m2/repository/org/apache/logging/log4j/log4j-core/2.11.0/log4j-core-2.11.0.jar:/home/user/.m2/repository/com/lmax/disruptor/3.4.2/disruptor-3.4.2.jar:/home/user/.m2/repository/org/apache/commons/commons-pool2/2.6.0/commons-pool2-2.6.0.jar:/home/user/.m2/repository/org/bouncycastle/bcpkix-jdk15on/1.60/bcpkix-jdk15on-1.60.jar:/home/user/.m2/repository/commons-validator/commons-validator/1.6/commons-validator-1.6.jar:/home/user/.m2/repository/commons-digester/commons-digester/1.8.1/commons-digester-1.8.1.jar:/home/user/.m2/repository/io/jaegertracing/jaeger-client/0.33.1/jaeger-client-0.33.1.jar:/home/user/.m2/repository/io/jaegertracing/jaeger-thrift/0.33.1/jaeger-thrift-0.33.1.jar:/home/user/.m2/repository/org/apache/thrift/libthrift/0.11.0/libthrift-0.11.0.jar:/home/user/.m2/repository/com/squareup/okhttp3/okhttp/3.9.0/okhttp-3.9.0.jar:/home/user/.m2/repository/com/squareup/okio/okio/1.13.0/okio-1.13.0.jar:/home/user/.m2/repository/io/jaegertracing/jaeger-core/0.33.1/jaeger-core-0.33.1.jar:/home/user/.m2/repository/io/jaegertracing/jaeger-tracerresolver/0.33.1/jaeger-tracerresolver-0.33.1.jar:/home/user/.m2/repository/io/opentracing/contrib/opentracing-tracerresolver/0.1.5/opentracing-tracerresolver-0.1.5.jar:/home/user/.m2/repository/io/opentracing/opentracing-util/0.31.0/opentracing-util-0.31.0.jar:/home/user/.m2/repository/io/opentracing/opentracing-api/0.31.0/opentracing-api-0.31.0.jar:/home/user/.m2/repository/io/opentracing/opentracing-noop/0.31.0/opentracing-noop-0.31.0.jar:/home/user/.m2/repository/org/apache/hadoop/hadoop-hdds-server-framework/0.5.0-SNAPSHOT/hadoop-hdds-server-framework-0.5.0-SNAPSHOT.jar:/home/user/.m2/repository/org/apache/hadoop/hadoop-hdds-container-service/0.5.0-SNAPSHOT/hadoop-hdds-container-service-0.5.0-SNAPSHOT.jar:/home/user/.m2/repository/org/apache/hadoop/hadoop-hdds-client/0.5.0-SNAPSHOT/hadoop-hdds-client-0.5.0-SNAPSHOT.jar:/home/user/.m2/repository/org/apache/hadoop/hadoop-hdds-tools/0.5.0-SNAPSHOT/hadoop-hdds-tools-0.5.0-SNAPSHOT.jar:/home/user/.m2/repository/org/apache/hadoop/hadoop-hdds-server-scm/0.5.0-SNAPSHOT/hadoop-hdds-server-scm-0.5.0-SNAPSHOT.jar:/home/user/.m2/repository/org/apache/hadoop/hadoop-hdds-docs/0.5.0-SNAPSHOT/hadoop-hdds-docs-0.5.0-SNAPSHOT.jar:/home/user/.m2/repository/io/dropwizard/metrics/metrics-core/3.2.4/metrics-core-3.2.4.jar:/home/user/.m2/repository/org/hamcrest/hamcrest-all/1.3/hamcrest-all-1.3.jar:/home/user/.m2/repository/org/bouncycastle/bcprov-jdk15on/1.60/bcprov-jdk15on-1.60.jar:/home/user/.m2/repository/info/picocli/picocli/3.9.6/picocli-3.9.6.jar:/home/user/.m2/repository/com/google/protobuf/protobuf-java/2.5.0/protobuf-java-2.5.0.jar:/home/user/.m2/repository/com/google/guava/guava/11.0.2/guava-11.0.2.jar:/home/user/.m2/repository/org/apache/hadoop/hadoop-ozone-ozone-manager/0.5.0-SNAPSHOT/hadoop-ozone-ozone-manager-0.5.0-SNAPSHOT.jar:/home/user/.m2/repository/org/apache/hadoop/hadoop-minikdc/3.2.0/hadoop-minikdc-3.2.0.jar:/home/user/.m2/repository/commons-io/commons-io/2.5/commons-io-2.5.jar:/home/user/.m2/repository/org/apache/kerby/kerb-simplekdc/1.0.1/kerb-simplekdc-1.0.1.jar:/home/user/.m2/repository/org/apache/kerby/kerb-client/1.0.1/kerb-client-1.0.1.jar:/home/user/.m2/repository/org/apache/kerby/kerby-config/1.0.1/kerby-config-1.0.1.jar:/home/user/.m2/repository/org/apache/kerby/kerb-core/1.0.1/kerb-core-1.0.1.jar:/home/user/.m2/repository/org/apache/kerby/kerby-pkix/1.0.1/kerby-pkix-1.0.1.jar:/home/user/.m2/repository/org/apache/kerby/kerby-asn1/1.0.1/kerby-asn1-1.0.1.jar:/home/user/.m2/repository/org/apache/kerby/kerby-util/1.0.1/kerby-util-1.0.1.jar:/home/user/.m2/repository/org/apache/kerby/kerb-common/1.0.1/kerb-common-1.0.1.jar:/home/user/.m2/repository/org/apache/kerby/kerb-crypto/1.0.1/kerb-crypto-1.0.1.jar:/home/user/.m2/repository/org/apache/kerby/kerb-util/1.0.1/kerb-util-1.0.1.jar:/home/user/.m2/repository/org/apache/kerby/token-provider/1.0.1/token-provider-1.0.1.jar:/home/user/.m2/repository/org/apache/kerby/kerb-admin/1.0.1/kerb-admin-1.0.1.jar:/home/user/.m2/repository/org/apache/kerby/kerb-server/1.0.1/kerb-server-1.0.1.jar:/home/user/.m2/repository/org/apache/kerby/kerb-identity/1.0.1/kerb-identity-1.0.1.jar:/home/user/.m2/repository/org/apache/kerby/kerby-xdr/1.0.1/kerby-xdr-1.0.1.jar:/home/user/.m2/repository/org/slf4j/slf4j-log4j12/1.7.25/slf4j-log4j12-1.7.25.jar:/home/user/.m2/repository/org/apache/hadoop/hadoop-ozone-objectstore-service/0.5.0-SNAPSHOT/hadoop-ozone-objectstore-service-0.5.0-SNAPSHOT.jar:/home/user/.m2/repository/org/apache/hadoop/hadoop-ozone-s3gateway/0.5.0-SNAPSHOT/hadoop-ozone-s3gateway-0.5.0-SNAPSHOT.jar:/home/user/.m2/repository/org/jboss/weld/servlet/weld-servlet/2.4.7.Final/weld-servlet-2.4.7.Final.jar:/home/user/.m2/repository/org/glassfish/jersey/containers/jersey-container-servlet-core/2.27/jersey-container-servlet-core-2.27.jar:/home/user/.m2/repository/org/glassfish/hk2/external/javax.inject/2.5.0-b42/javax.inject-2.5.0-b42.jar:/home/user/.m2/repository/org/glassfish/jersey/core/jersey-common/2.27/jersey-common-2.27.jar:/home/user/.m2/repository/org/glassfish/hk2/osgi-resource-locator/1.0.1/osgi-resource-locator-1.0.1.jar:/home/user/.m2/repository/javax/ws/rs/javax.ws.rs-api/2.1/javax.ws.rs-api-2.1.jar:/home/user/.m2/repository/org/glassfish/jersey/ext/cdi/jersey-cdi1x/2.27/jersey-cdi1x-2.27.jar:/home/user/.m2/repository/org/glassfish/jersey/inject/jersey-hk2/2.27/jersey-hk2-2.27.jar:/home/user/.m2/repository/org/glassfish/hk2/hk2-locator/2.5.0-b42/hk2-locator-2.5.0-b42.jar:/home/user/.m2/repository/org/javassist/javassist/3.22.0-CR2/javassist-3.22.0-CR2.jar:/home/user/.m2/repository/org/glassfish/hk2/hk2-api/2.5.0/hk2-api-2.5.0.jar:/home/user/.m2/repository/org/glassfish/hk2/external/jakarta.inject/2.5.0/jakarta.inject-2.5.0.jar:/home/user/.m2/repository/org/glassfish/hk2/hk2-utils/2.5.0/hk2-utils-2.5.0.jar:/home/user/.m2/repository/jakarta/annotation/jakarta.annotation-api/1.3.4/jakarta.annotation-api-1.3.4.jar:/home/user/.m2/repository/org/glassfish/hk2/external/aopalliance-repackaged/2.5.0/aopalliance-repackaged-2.5.0.jar:/home/user/.m2/repository/com/fasterxml/jackson/dataformat/jackson-dataformat-xml/2.9.0/jackson-dataformat-xml-2.9.0.jar:/home/user/.m2/repository/com/fasterxml/jackson/core/jackson-core/2.9.5/jackson-core-2.9.5.jar:/home/user/.m2/repository/com/fasterxml/jackson/module/jackson-module-jaxb-annotations/2.9.5/jackson-module-jaxb-annotations-2.9.5.jar:/home/user/.m2/repository/javax/enterprise/cdi-api/1.2/cdi-api-1.2.jar:/home/user/.m2/repository/javax/el/javax.el-api/3.0.0/javax.el-api-3.0.0.jar:/home/user/.m2/repository/javax/interceptor/javax.interceptor-api/1.2/javax.interceptor-api-1.2.jar:/home/user/.m2/repository/javax/inject/javax.inject/1/javax.inject-1.jar:/home/user/.m2/repository/com/sun/xml/bind/jaxb-impl/2.3.0.1/jaxb-impl-2.3.0.1.jar:/home/user/.m2/repository/com/sun/xml/bind/jaxb-core/2.3.0.1/jaxb-core-2.3.0.1.jar:/home/user/.m2/repository/javax/xml/bind/jaxb-api/2.3.0/jaxb-api-2.3.0.jar:/home/user/.m2/repository/javax/activation/activation/1.1.1/activation-1.1.1.jar:/home/user/.m2/repository/org/apache/hadoop/hadoop-ozone-csi/0.5.0-SNAPSHOT/hadoop-ozone-csi-0.5.0-SNAPSHOT.jar:/home/user/.m2/repository/com/google/protobuf/protobuf-java-util/3.5.1/protobuf-java-util-3.5.1.jar:/home/user/.m2/repository/org/apache/hadoop/hadoop-hdds-config/0.5.0-SNAPSHOT/hadoop-hdds-config-0.5.0-SNAPSHOT.jar:/home/user/.m2/repository/io/grpc/grpc-netty/1.17.1/grpc-netty-1.17.1.jar:/home/user/.m2/repository/io/grpc/grpc-core/1.17.1/grpc-core-1.17.1.jar:/home/user/.m2/repository/io/grpc/grpc-context/1.17.1/grpc-context-1.17.1.jar:/home/user/.m2/repository/com/google/errorprone/error_prone_annotations/2.2.0/error_prone_annotations-2.2.0.jar:/home/user/.m2/repository/org/codehaus/mojo/animal-sniffer-annotations/1.17/animal-sniffer-annotations-1.17.jar:/home/user/.m2/repository/io/opencensus/opencensus-api/0.17.0/opencensus-api-0.17.0.jar:/home/user/.m2/repository/io/opencensus/opencensus-contrib-grpc-metrics/0.17.0/opencensus-contrib-grpc-metrics-0.17.0.jar:/home/user/.m2/repository/io/netty/netty-codec-http2/4.1.30.Final/netty-codec-http2-4.1.30.Final.jar:/home/user/.m2/repository/io/netty/netty-codec-http/4.1.30.Final/netty-codec-http-4.1.30.Final.jar:/home/user/.m2/repository/io/netty/netty-codec/4.1.30.Final/netty-codec-4.1.30.Final.jar:/home/user/.m2/repository/io/netty/netty-handler/4.1.30.Final/netty-handler-4.1.30.Final.jar:/home/user/.m2/repository/io/netty/netty-handler-proxy/4.1.30.Final/netty-handler-proxy-4.1.30.Final.jar:/home/user/.m2/repository/io/netty/netty-codec-socks/4.1.30.Final/netty-codec-socks-4.1.30.Final.jar:/home/user/.m2/repository/io/netty/netty-transport-native-epoll/4.1.30.Final/netty-transport-native-epoll-4.1.30.Final.jar:/home/user/.m2/repository/io/netty/netty-common/4.1.30.Final/netty-common-4.1.30.Final.jar:/home/user/.m2/repository/io/netty/netty-buffer/4.1.30.Final/netty-buffer-4.1.30.Final.jar:/home/user/.m2/repository/io/netty/netty-transport/4.1.30.Final/netty-transport-4.1.30.Final.jar:/home/user/.m2/repository/io/netty/netty-resolver/4.1.30.Final/netty-resolver-4.1.30.Final.jar:/home/user/.m2/repository/io/netty/netty-transport-native-unix-common/4.1.30.Final/netty-transport-native-unix-common-4.1.30.Final.jar:/home/user/.m2/repository/io/grpc/grpc-protobuf/1.17.1/grpc-protobuf-1.17.1.jar:/home/user/.m2/repository/com/google/api/grpc/proto-google-common-protos/1.0.0/proto-google-common-protos-1.0.0.jar:/home/user/.m2/repository/io/grpc/grpc-protobuf-lite/1.17.1/grpc-protobuf-lite-1.17.1.jar:/home/user/.m2/repository/io/grpc/grpc-stub/1.17.1/grpc-stub-1.17.1.jar:/home/user/.m2/repository/org/apache/hadoop/hadoop-ozone-recon/0.5.0-SNAPSHOT/hadoop-ozone-recon-0.5.0-SNAPSHOT.jar:/home/user/.m2/repository/org/apache/hadoop/hadoop-ozone-reconcodegen/0.5.0-SNAPSHOT/hadoop-ozone-reconcodegen-0.5.0-SNAPSHOT.jar:/home/user/.m2/repository/com/google/inject/extensions/guice-multibindings/4.0/guice-multibindings-4.0.jar:/home/user/.m2/repository/com/google/inject/guice/4.0/guice-4.0.jar:/home/user/.m2/repository/aopalliance/aopalliance/1.0/aopalliance-1.0.jar:/home/user/.m2/repository/com/google/inject/extensions/guice-servlet/4.0/guice-servlet-4.0.jar:/home/user/.m2/repository/org/glassfish/jersey/containers/jersey-container-servlet/2.27/jersey-container-servlet-2.27.jar:/home/user/.m2/repository/org/glassfish/hk2/guice-bridge/2.5.0/guice-bridge-2.5.0.jar:/home/user/.m2/repository/org/glassfish/jersey/core/jersey-server/2.27/jersey-server-2.27.jar:/home/user/.m2/repository/org/glassfish/jersey/core/jersey-client/2.27/jersey-client-2.27.jar:/home/user/.m2/repository/org/glassfish/jersey/media/jersey-media-jaxb/2.27/jersey-media-jaxb-2.27.jar:/home/user/.m2/repository/javax/validation/validation-api/1.1.0.Final/validation-api-1.1.0.Final.jar:/home/user/.m2/repository/org/glassfish/jersey/media/jersey-media-json-jackson/2.27/jersey-media-json-jackson-2.27.jar:/home/user/.m2/repository/org/glassfish/jersey/ext/jersey-entity-filtering/2.27/jersey-entity-filtering-2.27.jar:/home/user/.m2/repository/com/google/inject/extensions/guice-assistedinject/4.0/guice-assistedinject-4.0.jar:/home/user/.m2/repository/org/jooq/jooq/3.11.10/jooq-3.11.10.jar:/home/user/.m2/repository/org/jooq/jooq-meta/3.11.10/jooq-meta-3.11.10.jar:/home/user/.m2/repository/org/jooq/jooq-codegen/3.11.10/jooq-codegen-3.11.10.jar:/home/user/.m2/repository/com/jolbox/bonecp/0.8.0.RELEASE/bonecp-0.8.0.RELEASE.jar:/home/user/.m2/repository/org/xerial/sqlite-jdbc/3.25.2/sqlite-jdbc-3.25.2.jar:/home/user/.m2/repository/org/springframework/spring-jdbc/5.1.3.RELEASE/spring-jdbc-5.1.3.RELEASE.jar:/home/user/.m2/repository/org/springframework/spring-beans/5.1.3.RELEASE/spring-beans-5.1.3.RELEASE.jar:/home/user/.m2/repository/org/springframework/spring-core/5.1.3.RELEASE/spring-core-5.1.3.RELEASE.jar:/home/user/.m2/repository/org/springframework/spring-jcl/5.1.3.RELEASE/spring-jcl-5.1.3.RELEASE.jar:/home/user/.m2/repository/org/springframework/spring-tx/5.1.3.RELEASE/spring-tx-5.1.3.RELEASE.jar:/home/user/.m2/repository/org/apache/hadoop/hadoop-ozone-client/0.5.0-SNAPSHOT/hadoop-ozone-client-0.5.0-SNAPSHOT.jar:/home/user/.m2/repository/commons-lang/commons-lang/2.6/commons-lang-2.6.jar:/home/user/.m2/repository/org/apache/hadoop/hadoop-ozone-ozone-manager/0.5.0-SNAPSHOT/hadoop-ozone-ozone-manager-0.5.0-SNAPSHOT-tests.jar:/home/user/.m2/repository/junit/junit/4.11/junit-4.11.jar:/home/user/.m2/repository/org/hamcrest/hamcrest-core/1.3/hamcrest-core-1.3.jar:/home/user/.m2/repository/org/openjdk/jmh/jmh-core/1.19/jmh-core-1.19.jar:/home/user/.m2/repository/net/sf/jopt-simple/jopt-simple/4.6/jopt-simple-4.6.jar:/home/user/.m2/repository/org/apache/commons/commons-math3/3.1.1/commons-math3-3.1.1.jar:/home/user/.m2/repository/org/openjdk/jmh/jmh-generator-annprocess/1.19/jmh-generator-annprocess-1.19.jar:/home/user/.m2/repository/org/mockito/mockito-all/1.8.5/mockito-all-1.8.5.jar:/home/user/.m2/repository/org/apache/hadoop/hadoop-kms/3.2.0/hadoop-kms-3.2.0.jar:/home/user/.m2/repository/org/apache/hadoop/hadoop-auth/3.2.0/hadoop-auth-3.2.0.jar:/home/user/.m2/repository/com/nimbusds/nimbus-jose-jwt/4.41.1/nimbus-jose-jwt-4.41.1.jar:/home/user/.m2/repository/com/github/stephenc/jcip/jcip-annotations/1.0-1/jcip-annotations-1.0-1.jar:/home/user/.m2/repository/net/minidev/json-smart/2.3/json-smart-2.3.jar:/home/user/.m2/repository/net/minidev/accessors-smart/1.2/accessors-smart-1.2.jar:/home/user/.m2/repository/org/ow2/asm/asm/5.0.4/asm-5.0.4.jar:/home/user/.m2/repository/org/apache/curator/curator-framework/2.12.0/curator-framework-2.12.0.jar:/home/user/.m2/repository/com/sun/jersey/jersey-core/1.19/jersey-core-1.19.jar:/home/user/.m2/repository/javax/ws/rs/jsr311-api/1.1.1/jsr311-api-1.1.1.jar:/home/user/.m2/repository/com/sun/jersey/jersey-server/1.19/jersey-server-1.19.jar:/home/user/.m2/repository/javax/servlet/javax.servlet-api/3.1.0/javax.servlet-api-3.1.0.jar:/home/user/.m2/repository/org/eclipse/jetty/jetty-server/9.3.24.v20180605/jetty-server-9.3.24.v20180605.jar:/home/user/.m2/repository/org/eclipse/jetty/jetty-http/9.3.24.v20180605/jetty-http-9.3.24.v20180605.jar:/home/user/.m2/repository/org/eclipse/jetty/jetty-io/9.3.24.v20180605/jetty-io-9.3.24.v20180605.jar:/home/user/.m2/repository/org/eclipse/jetty/jetty-webapp/9.3.24.v20180605/jetty-webapp-9.3.24.v20180605.jar:/home/user/.m2/repository/org/eclipse/jetty/jetty-xml/9.3.24.v20180605/jetty-xml-9.3.24.v20180605.jar:/home/user/.m2/repository/log4j/log4j/1.2.17/log4j-1.2.17.jar:/home/user/.m2/repository/org/slf4j/slf4j-api/1.7.25/slf4j-api-1.7.25.jar:/home/user/.m2/repository/org/slf4j/jul-to-slf4j/1.7.25/jul-to-slf4j-1.7.25.jar:/home/user/.m2/repository/org/eclipse/jetty/jetty-util/9.3.24.v20180605/jetty-util-9.3.24.v20180605.jar:/home/user/.m2/repository/com/fasterxml/jackson/core/jackson-databind/2.9.5/jackson-databind-2.9.5.jar:/home/user/.m2/repository/org/apache/hadoop/hadoop-kms/3.2.0/hadoop-kms-3.2.0-tests.jar:/home/user/.m2/repository/org/apache/hadoop/hadoop-hdds-server-scm/0.5.0-SNAPSHOT/hadoop-hdds-server-scm-0.5.0-SNAPSHOT-tests.jar:/home/user/.m2/repository/org/apache/hadoop/hadoop-hdds-container-service/0.5.0-SNAPSHOT/hadoop-hdds-container-service-0.5.0-SNAPSHOT-tests.jar:/home/user/.m2/repository/org/yaml/snakeyaml/1.16/snakeyaml-1.16.jar:/home/user/.m2/repository/org/apache/hadoop/hadoop-common/3.2.0/hadoop-common-3.2.0-tests.jar:/home/user/.m2/repository/org/apache/hadoop/hadoop-annotations/3.2.0/hadoop-annotations-3.2.0.jar:/usr/lib/jvm/java-1.8-openjdk/jre/../lib/tools.jar:/home/user/.m2/repository/commons-cli/commons-cli/1.2/commons-cli-1.2.jar:/home/user/.m2/repository/org/apache/httpcomponents/httpclient/4.5.2/httpclient-4.5.2.jar:/home/user/.m2/repository/org/apache/httpcomponents/httpcore/4.4.4/httpcore-4.4.4.jar:/home/user/.m2/repository/commons-codec/commons-codec/1.11/commons-codec-1.11.jar:/home/user/.m2/repository/commons-net/commons-net/3.6/commons-net-3.6.jar:/home/user/.m2/repository/commons-collections/commons-collections/3.2.2/commons-collections-3.2.2.jar:/home/user/.m2/repository/org/eclipse/jetty/jetty-servlet/9.3.24.v20180605/jetty-servlet-9.3.24.v20180605.jar:/home/user/.m2/repository/org/eclipse/jetty/jetty-security/9.3.24.v20180605/jetty-security-9.3.24.v20180605.jar:/home/user/.m2/repository/javax/servlet/jsp/jsp-api/2.1/jsp-api-2.1.jar:/home/user/.m2/repository/com/sun/jersey/jersey-servlet/1.19/jersey-servlet-1.19.jar:/home/user/.m2/repository/com/sun/jersey/jersey-json/1.19/jersey-json-1.19.jar:/home/user/.m2/repository/org/codehaus/jettison/jettison/1.1/jettison-1.1.jar:/home/user/.m2/repository/org/codehaus/jackson/jackson-core-asl/1.9.13/jackson-core-asl-1.9.13.jar:/home/user/.m2/repository/org/codehaus/jackson/jackson-mapper-asl/1.9.13/jackson-mapper-asl-1.9.13.jar:/home/user/.m2/repository/org/codehaus/jackson/jackson-jaxrs/1.9.13/jackson-jaxrs-1.9.13.jar:/home/user/.m2/repository/org/codehaus/jackson/jackson-xc/1.9.13/jackson-xc-1.9.13.jar:/home/user/.m2/repository/commons-logging/commons-logging/1.1.3/commons-logging-1.1.3.jar:/home/user/.m2/repository/commons-beanutils/commons-beanutils/1.9.3/commons-beanutils-1.9.3.jar:/home/user/.m2/repository/org/apache/commons/commons-configuration2/2.1.1/commons-configuration2-2.1.1.jar:/home/user/.m2/repository/org/apache/commons/commons-lang3/3.7/commons-lang3-3.7.jar:/home/user/.m2/repository/org/apache/commons/commons-text/1.4/commons-text-1.4.jar:/home/user/.m2/repository/org/apache/avro/avro/1.7.7/avro-1.7.7.jar:/home/user/.m2/repository/com/thoughtworks/paranamer/paranamer/2.3/paranamer-2.3.jar:/home/user/.m2/repository/org/xerial/snappy/snappy-java/1.0.5/snappy-java-1.0.5.jar:/home/user/.m2/repository/com/google/re2j/re2j/1.1/re2j-1.1.jar:/home/user/.m2/repository/com/google/code/gson/gson/2.2.4/gson-2.2.4.jar:/home/user/.m2/repository/com/jcraft/jsch/0.1.54/jsch-0.1.54.jar:/home/user/.m2/repository/org/apache/curator/curator-client/2.12.0/curator-client-2.12.0.jar:/home/user/.m2/repository/org/apache/curator/curator-recipes/2.12.0/curator-recipes-2.12.0.jar:/home/user/.m2/repository/com/google/code/findbugs/jsr305/3.0.0/jsr305-3.0.0.jar:/home/user/.m2/repository/org/apache/htrace/htrace-core4/4.1.0-incubating/htrace-core4-4.1.0-incubating.jar:/home/user/.m2/repository/org/apache/zookeeper/zookeeper/3.4.13/zookeeper-3.4.13.jar:/home/user/.m2/repository/org/apache/yetus/audience-annotations/0.5.0/audience-annotations-0.5.0.jar:/home/user/.m2/repository/org/codehaus/woodstox/stax2-api/3.1.4/stax2-api-3.1.4.jar:/home/user/.m2/repository/com/fasterxml/woodstox/woodstox-core/5.0.3/woodstox-core-5.0.3.jar:/home/user/.m2/repository/dnsjava/dnsjava/2.1.7/dnsjava-2.1.7.jar:/home/user/.m2/repository/org/apache/hadoop/hadoop-hdfs/3.2.0/hadoop-hdfs-3.2.0-tests.jar:/home/user/.m2/repository/org/eclipse/jetty/jetty-util-ajax/9.3.24.v20180605/jetty-util-ajax-9.3.24.v20180605.jar:/home/user/.m2/repository/commons-daemon/commons-daemon/1.0.13/commons-daemon-1.0.13.jar:/home/user/.m2/repository/io/netty/netty/3.10.5.Final/netty-3.10.5.Final.jar:/home/user/.m2/repository/io/netty/netty-all/4.0.52.Final/netty-all-4.0.52.Final.jar:/home/user/.m2/repository/org/fusesource/leveldbjni/leveldbjni-all/1.8/leveldbjni-all-1.8.jar:"/>
    <property name="sun.cpu.endian" value="little"/>
    <property name="user.home" value="/home/user"/>
    <property name="user.language" value="en"/>
    <property name="java.specification.vendor" value="Oracle Corporation"/>
    <property name="java.home" value="/usr/lib/jvm/java-1.8-openjdk/jre"/>
    <property name="java.security.krb5.conf" value="/workdir/hadoop-ozone/integration-test/target/test-classes/krb5.conf"/>
    <property name="basedir" value="/workdir/hadoop-ozone/integration-test"/>
    <property name="file.separator" value="/"/>
    <property name="line.separator" value="&#10;"/>
    <property name="java.vm.specification.vendor" value="Oracle Corporation"/>
    <property name="java.specification.name" value="Java Platform API Specification"/>
    <property name="java.awt.graphicsenv" value="sun.awt.X11GraphicsEnvironment"/>
    <property name="surefire.real.class.path" value="/workdir/hadoop-ozone/integration-test/target/surefire/surefirebooter1326886401654988632.jar"/>
    <property name="hadoop.log.dir" value="/workdir/hadoop-ozone/integration-test/target/log"/>
    <property name="sun.boot.class.path" value="/usr/lib/jvm/java-1.8-openjdk/jre/lib/resources.jar:/usr/lib/jvm/java-1.8-openjdk/jre/lib/rt.jar:/usr/lib/jvm/java-1.8-openjdk/jre/lib/sunrsasign.jar:/usr/lib/jvm/java-1.8-openjdk/jre/lib/jsse.jar:/usr/lib/jvm/java-1.8-openjdk/jre/lib/jce.jar:/usr/lib/jvm/java-1.8-openjdk/jre/lib/charsets.jar:/usr/lib/jvm/java-1.8-openjdk/jre/lib/jfr.jar:/usr/lib/jvm/java-1.8-openjdk/jre/classes"/>
    <property name="sun.management.compiler" value="HotSpot 64-Bit Tiered Compilers"/>
    <property name="java.runtime.version" value="1.8.0_212-b04"/>
    <property name="java.net.preferIPv4Stack" value="true"/>
    <property name="user.name" value="jenkins1000"/>
    <property name="path.separator" value=":"/>
    <property name="java.security.egd" value="file:///dev/urandom"/>
    <property name="os.version" value="3.10.0-957.12.2.el7.x86_64"/>
    <property name="java.endorsed.dirs" value="/usr/lib/jvm/java-1.8-openjdk/jre/lib/endorsed"/>
    <property name="java.runtime.name" value="OpenJDK Runtime Environment"/>
    <property name="file.encoding" value="UTF-8"/>
    <property name="java.vm.name" value="OpenJDK 64-Bit Server VM"/>
    <property name="test.build.webapps" value=""/>
    <property name="localRepository" value="/home/user/.m2/repository"/>
    <property name="java.vendor.url.bug" value="https://icedtea.classpath.org/bugzilla"/>
    <property name="java.io.tmpdir" value="/tmp"/>
    <property name="require.test.libhadoop" value=""/>
    <property name="java.version" value="1.8.0_212"/>
    <property name="user.dir" value="/workdir/hadoop-ozone/integration-test"/>
    <property name="os.arch" value="amd64"/>
    <property name="java.vm.specification.name" value="Java Virtual Machine Specification"/>
    <property name="test.build.classes" value="/workdir/hadoop-ozone/integration-test/target/test-classes"/>
    <property name="java.awt.printerjob" value="sun.print.PSPrinterJob"/>
    <property name="sun.os.patch.level" value="unknown"/>
    <property name="hadoop.tmp.dir" value="/workdir/hadoop-ozone/integration-test/target/tmp"/>
    <property name="java.library.path" value="/usr/lib/jvm/java-1.8-openjdk/jre/lib/amd64/server:/usr/lib/jvm/java-1.8-openjdk/jre/lib/amd64:/usr/lib/jvm/java-1.8-openjdk/jre/../lib/amd64:/workdir/hadoop-ozone/integration-test/target/native/target/usr/local/lib:/workdir/hadoop-ozone/integration-test/../../hadoop-common-project/hadoop-common/target/native/target/usr/local/lib:/usr/java/packages/lib/amd64:/usr/lib64:/lib64:/lib:/usr/lib"/>
    <property name="java.vm.info" value="mixed mode"/>
    <property name="java.vendor" value="IcedTea"/>
    <property name="java.vm.version" value="25.212-b04"/>
    <property name="java.ext.dirs" value="/usr/lib/jvm/java-1.8-openjdk/jre/lib/ext:/usr/java/packages/lib/ext"/>
    <property name="sun.io.unicode.encoding" value="UnicodeLittle"/>
    <property name="java.class.version" value="52.0"/>
  </properties>
  <testcase name="testBlockWriteViaRatis" classname="org.apache.hadoop.ozone.client.rpc.TestCloseContainerHandlingByClient" time="8.389">
    <error type="java.lang.IllegalArgumentException">java.lang.IllegalArgumentException
	at com.google.common.base.Preconditions.checkArgument(Preconditions.java:72)
	at org.apache.hadoop.hdds.scm.XceiverClientManager.acquireClient(XceiverClientManager.java:150)
	at org.apache.hadoop.hdds.scm.XceiverClientManager.acquireClientForReadData(XceiverClientManager.java:143)
	at org.apache.hadoop.hdds.scm.storage.BlockInputStream.getChunkInfos(BlockInputStream.java:154)
	at org.apache.hadoop.hdds.scm.storage.BlockInputStream.initialize(BlockInputStream.java:118)
	at org.apache.hadoop.hdds.scm.storage.BlockInputStream.read(BlockInputStream.java:222)
	at org.apache.hadoop.ozone.client.io.KeyInputStream.read(KeyInputStream.java:171)
	at org.apache.hadoop.ozone.client.io.OzoneInputStream.read(OzoneInputStream.java:47)
	at java.io.InputStream.read(InputStream.java:101)
	at org.apache.hadoop.ozone.container.ContainerTestHelper.validateData(ContainerTestHelper.java:709)
	at org.apache.hadoop.ozone.client.rpc.TestCloseContainerHandlingByClient.validateData(TestCloseContainerHandlingByClient.java:401)
	at org.apache.hadoop.ozone.client.rpc.TestCloseContainerHandlingByClient.testBlockWriteViaRatis(TestCloseContainerHandlingByClient.java:433)
	at sun.reflect.NativeMethodAccessorImpl.invoke0(Native Method)
	at sun.reflect.NativeMethodAccessorImpl.invoke(NativeMethodAccessorImpl.java:62)
	at sun.reflect.DelegatingMethodAccessorImpl.invoke(DelegatingMethodAccessorImpl.java:43)
	at java.lang.reflect.Method.invoke(Method.java:498)
	at org.junit.runners.model.FrameworkMethod$1.runReflectiveCall(FrameworkMethod.java:47)
	at org.junit.internal.runners.model.ReflectiveCallable.run(ReflectiveCallable.java:12)
	at org.junit.runners.model.FrameworkMethod.invokeExplosively(FrameworkMethod.java:44)
	at org.junit.internal.runners.statements.InvokeMethod.evaluate(InvokeMethod.java:17)
	at org.junit.runners.ParentRunner.runLeaf(ParentRunner.java:271)
	at org.junit.runners.BlockJUnit4ClassRunner.runChild(BlockJUnit4ClassRunner.java:70)
	at org.junit.runners.BlockJUnit4ClassRunner.runChild(BlockJUnit4ClassRunner.java:50)
	at org.junit.runners.ParentRunner$3.run(ParentRunner.java:238)
	at org.junit.runners.ParentRunner$1.schedule(ParentRunner.java:63)
	at org.junit.runners.ParentRunner.runChildren(ParentRunner.java:236)
	at org.junit.runners.ParentRunner.access$000(ParentRunner.java:53)
	at org.junit.runners.ParentRunner$2.evaluate(ParentRunner.java:229)
	at org.junit.internal.runners.statements.RunBefores.evaluate(RunBefores.java:26)
	at org.junit.internal.runners.statements.RunAfters.evaluate(RunAfters.java:27)
	at org.junit.runners.ParentRunner.run(ParentRunner.java:309)
	at org.apache.maven.surefire.junit4.JUnit4Provider.execute(JUnit4Provider.java:365)
	at org.apache.maven.surefire.junit4.JUnit4Provider.executeWithRerun(JUnit4Provider.java:273)
	at org.apache.maven.surefire.junit4.JUnit4Provider.executeTestSet(JUnit4Provider.java:238)
	at org.apache.maven.surefire.junit4.JUnit4Provider.invoke(JUnit4Provider.java:159)
	at org.apache.maven.surefire.booter.ForkedBooter.invokeProviderInSameClassLoader(ForkedBooter.java:384)
	at org.apache.maven.surefire.booter.ForkedBooter.runSuitesInProcess(ForkedBooter.java:345)
	at org.apache.maven.surefire.booter.ForkedBooter.execute(ForkedBooter.java:126)
	at org.apache.maven.surefire.booter.ForkedBooter.main(ForkedBooter.java:418)
</error>
    <system-out><![CDATA[2019-07-15 13:42:24,367 WARN  server.ServerUtils (ServerUtils.java:getScmDbDir(145)) - ozone.scm.db.dirs is not configured. We recommend adding this setting. Falling back to ozone.metadata.dirs instead.
2019-07-15 13:42:24,492 WARN  server.ServerUtils (ServerUtils.java:getScmDbDir(145)) - ozone.scm.db.dirs is not configured. We recommend adding this setting. Falling back to ozone.metadata.dirs instead.
2019-07-15 13:42:24,495 WARN  server.ServerUtils (ServerUtils.java:getScmDbDir(145)) - ozone.scm.db.dirs is not configured. We recommend adding this setting. Falling back to ozone.metadata.dirs instead.
2019-07-15 13:42:24,513 INFO  util.log (Log.java:initialized(192)) - Logging initialized @863ms
2019-07-15 13:42:24,615 INFO  db.DBStoreBuilder (DBStoreBuilder.java:addTable(110)) - using custom profile for table: deletedBlocks
2019-07-15 13:42:24,615 INFO  db.DBStoreBuilder (DBStoreBuilder.java:processTables(161)) - Using default column profile:DBProfile.DISK for Table:deletedBlocks
2019-07-15 13:42:24,616 INFO  db.DBStoreBuilder (DBStoreBuilder.java:addTable(110)) - using custom profile for table: validCerts
2019-07-15 13:42:24,616 INFO  db.DBStoreBuilder (DBStoreBuilder.java:processTables(161)) - Using default column profile:DBProfile.DISK for Table:validCerts
2019-07-15 13:42:24,616 INFO  db.DBStoreBuilder (DBStoreBuilder.java:addTable(110)) - using custom profile for table: revokedCerts
2019-07-15 13:42:24,617 INFO  db.DBStoreBuilder (DBStoreBuilder.java:processTables(161)) - Using default column profile:DBProfile.DISK for Table:revokedCerts
2019-07-15 13:42:24,628 INFO  db.DBStoreBuilder (DBStoreBuilder.java:addTable(110)) - using custom profile for table: default
2019-07-15 13:42:24,628 INFO  db.DBStoreBuilder (DBStoreBuilder.java:processTables(167)) - Using default column profile:DBProfile.DISK for Table:default
2019-07-15 13:42:24,630 INFO  db.DBStoreBuilder (DBStoreBuilder.java:getDbProfile(198)) - Using default options. DBProfile.DISK
2019-07-15 13:42:24,845 INFO  net.NodeSchemaLoader (NodeSchemaLoader.java:loadSchemaFromFile(125)) - Loading file from sun.misc.CompoundEnumeration@291ae
2019-07-15 13:42:24,848 INFO  net.NodeSchemaLoader (NodeSchemaLoader.java:loadSchema(171)) - Loading network topology layer schema file
2019-07-15 13:42:24,926 INFO  node.SCMNodeManager (SCMNodeManager.java:<init>(119)) - Entering startup safe mode.
2019-07-15 13:42:25,010 WARN  server.ServerUtils (ServerUtils.java:getScmDbDir(145)) - ozone.scm.db.dirs is not configured. We recommend adding this setting. Falling back to ozone.metadata.dirs instead.
2019-07-15 13:42:25,080 INFO  pipeline.SCMPipelineManager (SCMPipelineManager.java:initializePipelineState(126)) - No pipeline exists in current db
2019-07-15 13:42:25,083 WARN  server.ServerUtils (ServerUtils.java:getScmDbDir(145)) - ozone.scm.db.dirs is not configured. We recommend adding this setting. Falling back to ozone.metadata.dirs instead.
2019-07-15 13:42:25,188 WARN  events.EventQueue (EventQueue.java:fireEvent(175)) - No event handler registered for event TypedEvent{payloadType=SafeModeStatus, name='SafeModeStatus'}
2019-07-15 13:42:25,514 INFO  ipc.CallQueueManager (CallQueueManager.java:<init>(84)) - Using callQueue: class java.util.concurrent.LinkedBlockingQueue, queueCapacity: 2000, scheduler: class org.apache.hadoop.ipc.DefaultRpcScheduler, ipcBackoff: false.
2019-07-15 13:42:25,541 INFO  ipc.Server (Server.java:run(1074)) - Starting Socket Reader #1 for port 41466
2019-07-15 13:42:25,563 INFO  ipc.CallQueueManager (CallQueueManager.java:<init>(84)) - Using callQueue: class java.util.concurrent.LinkedBlockingQueue, queueCapacity: 2000, scheduler: class org.apache.hadoop.ipc.DefaultRpcScheduler, ipcBackoff: false.
2019-07-15 13:42:25,564 INFO  ipc.Server (Server.java:run(1074)) - Starting Socket Reader #1 for port 42650
2019-07-15 13:42:25,570 INFO  ipc.CallQueueManager (CallQueueManager.java:<init>(84)) - Using callQueue: class java.util.concurrent.LinkedBlockingQueue, queueCapacity: 2000, scheduler: class org.apache.hadoop.ipc.DefaultRpcScheduler, ipcBackoff: false.
2019-07-15 13:42:25,572 INFO  ipc.Server (Server.java:run(1074)) - Starting Socket Reader #1 for port 45988
2019-07-15 13:42:25,689 INFO  hdfs.DFSUtil (DFSUtil.java:httpServerTemplateForNNAndJN(1641)) - Starting Web-server for scm at: http://0.0.0.0:0
2019-07-15 13:42:25,847 INFO  server.AuthenticationFilter (AuthenticationFilter.java:constructSecretProvider(240)) - Unable to initialize FileSignerSecretProvider, falling back to use random secrets.
2019-07-15 13:42:25,854 WARN  http.HttpRequestLog (HttpRequestLog.java:getRequestLog(97)) - Jetty request log can only be enabled using Log4j
2019-07-15 13:42:25,866 INFO  http.HttpServer2 (HttpServer2.java:addGlobalFilter(975)) - Added global filter 'safety' (class=org.apache.hadoop.http.HttpServer2$QuotingInputFilter)
2019-07-15 13:42:25,871 INFO  http.HttpServer2 (HttpServer2.java:addFilter(948)) - Added filter static_user_filter (class=org.apache.hadoop.http.lib.StaticUserWebFilter$StaticUserFilter) to context scm
2019-07-15 13:42:25,871 INFO  http.HttpServer2 (HttpServer2.java:addFilter(958)) - Added filter static_user_filter (class=org.apache.hadoop.http.lib.StaticUserWebFilter$StaticUserFilter) to context static
2019-07-15 13:42:25,872 INFO  http.HttpServer2 (HttpServer2.java:addFilter(958)) - Added filter static_user_filter (class=org.apache.hadoop.http.lib.StaticUserWebFilter$StaticUserFilter) to context logs
2019-07-15 13:42:25,913 INFO  server.StorageContainerManager (StorageContainerManager.java:start(759)) - StorageContainerLocationProtocol RPC server is listening at /0.0.0.0:45988
2019-07-15 13:42:25,979 WARN  impl.MetricsConfig (MetricsConfig.java:loadFirst(134)) - Cannot locate configuration: tried hadoop-metrics2-storagecontainermanager.properties,hadoop-metrics2.properties
2019-07-15 13:42:25,992 INFO  impl.MetricsSystemImpl (MetricsSystemImpl.java:startTimer(374)) - Scheduled Metric snapshot period at 10 second(s).
2019-07-15 13:42:25,992 INFO  impl.MetricsSystemImpl (MetricsSystemImpl.java:start(191)) - StorageContainerManager metrics system started
2019-07-15 13:42:26,241 INFO  server.SCMClientProtocolServer (SCMClientProtocolServer.java:start(149)) - RPC server for Client  is listening at /0.0.0.0:45988
2019-07-15 13:42:26,243 INFO  ipc.Server (Server.java:run(1314)) - IPC Server Responder: starting
2019-07-15 13:42:26,243 INFO  ipc.Server (Server.java:run(1153)) - IPC Server listener on 45988: starting
2019-07-15 13:42:26,247 INFO  server.StorageContainerManager (StorageContainerManager.java:start(768)) - ScmBlockLocationProtocol RPC server is listening at /0.0.0.0:42650
2019-07-15 13:42:26,247 INFO  server.SCMBlockProtocolServer (SCMBlockProtocolServer.java:start(140)) - RPC server for Block Protocol is listening at /0.0.0.0:42650
2019-07-15 13:42:26,247 INFO  ipc.Server (Server.java:run(1314)) - IPC Server Responder: starting
2019-07-15 13:42:26,248 INFO  ipc.Server (Server.java:run(1153)) - IPC Server listener on 42650: starting
2019-07-15 13:42:26,256 INFO  server.StorageContainerManager (StorageContainerManager.java:start(772)) - ScmDatanodeProtocl RPC server is listening at /0.0.0.0:41466
2019-07-15 13:42:26,256 INFO  server.SCMDatanodeProtocolServer (SCMDatanodeProtocolServer.java:start(191)) - RPC server for DataNodes is listening at /0.0.0.0:41466
2019-07-15 13:42:26,258 INFO  ipc.Server (Server.java:run(1314)) - IPC Server Responder: starting
2019-07-15 13:42:26,259 INFO  ipc.Server (Server.java:run(1153)) - IPC Server listener on 41466: starting
2019-07-15 13:42:26,271 INFO  http.HttpServer2 (HttpServer2.java:bindListener(1191)) - Jetty bound to port 35453
2019-07-15 13:42:26,273 INFO  server.Server (Server.java:doStart(351)) - jetty-9.3.24.v20180605, build timestamp: 2018-06-05T17:11:56Z, git hash: 84205aa28f11a4f31f2a3b86d1bba2cc8ab69827
2019-07-15 13:42:26,314 INFO  handler.ContextHandler (ContextHandler.java:doStart(781)) - Started o.e.j.s.ServletContextHandler@15dcfae7{/logs,file:///workdir/hadoop-ozone/integration-test/target/log,AVAILABLE}
2019-07-15 13:42:26,315 INFO  handler.ContextHandler (ContextHandler.java:doStart(781)) - Started o.e.j.s.ServletContextHandler@1e636ea3{/static,file:///workdir/hadoop-ozone/integration-test/target/test-classes/webapps/static,AVAILABLE}
2019-07-15 13:42:26,347 INFO  handler.ContextHandler (ContextHandler.java:doStart(781)) - Started o.e.j.w.WebAppContext@3f23a3a0{/,file:///workdir/hadoop-ozone/integration-test/target/test-classes/webapps/scm/,AVAILABLE}{/scm}
2019-07-15 13:42:26,353 INFO  server.AbstractConnector (AbstractConnector.java:doStart(278)) - Started ServerConnector@6c6357f9{HTTP/1.1,[http/1.1]}{0.0.0.0:35453}
2019-07-15 13:42:26,353 INFO  server.Server (Server.java:doStart(419)) - Started @2703ms
2019-07-15 13:42:26,355 INFO  server.BaseHttpServer (BaseHttpServer.java:updateConnectorAddress(207)) - HTTP server of SCM is listening at http://0.0.0.0:35453
2019-07-15 13:42:26,367 INFO  util.JvmPauseMonitor (JvmPauseMonitor.java:run(188)) - Starting JVM pause monitor
2019-07-15 13:42:26,370 WARN  server.ServerUtils (ServerUtils.java:getDBPath(222)) - ozone.om.db.dirs is not configured. We recommend adding this setting. Falling back to ozone.metadata.dirs instead.
2019-07-15 13:42:26,482 WARN  server.ServerUtils (ServerUtils.java:getDBPath(222)) - ozone.om.db.dirs is not configured. We recommend adding this setting. Falling back to ozone.metadata.dirs instead.
2019-07-15 13:42:26,483 INFO  om.OzoneManager (OzoneManager.java:setOMNodeDetails(630)) - OM Service ID is not set. Setting it to the default ID: omServiceIdDefault
2019-07-15 13:42:26,483 INFO  om.OzoneManager (OzoneManager.java:setOMNodeDetails(636)) - OM Node ID is not set. Setting it to the OmStorage's OmID: dc2b76f8-30b9-4758-9b97-e5ca170e4705
2019-07-15 13:42:26,485 INFO  om.OzoneManager (OzoneManager.java:loadOMHAConfigs(587)) - Found matching OM address with OMServiceId: null, OMNodeId: null, RPC Address: localhost:0 and Ratis port: 9872
2019-07-15 13:42:26,752 WARN  server.ServerUtils (ServerUtils.java:getDBPath(222)) - ozone.om.db.dirs is not configured. We recommend adding this setting. Falling back to ozone.metadata.dirs instead.
2019-07-15 13:42:26,760 INFO  db.DBStoreBuilder (DBStoreBuilder.java:addTable(110)) - using custom profile for table: userTable
2019-07-15 13:42:26,760 INFO  db.DBStoreBuilder (DBStoreBuilder.java:processTables(161)) - Using default column profile:DBProfile.DISK for Table:userTable
2019-07-15 13:42:26,760 INFO  db.DBStoreBuilder (DBStoreBuilder.java:addTable(110)) - using custom profile for table: volumeTable
2019-07-15 13:42:26,761 INFO  db.DBStoreBuilder (DBStoreBuilder.java:processTables(161)) - Using default column profile:DBProfile.DISK for Table:volumeTable
2019-07-15 13:42:26,761 INFO  db.DBStoreBuilder (DBStoreBuilder.java:addTable(110)) - using custom profile for table: bucketTable
2019-07-15 13:42:26,761 INFO  db.DBStoreBuilder (DBStoreBuilder.java:processTables(161)) - Using default column profile:DBProfile.DISK for Table:bucketTable
2019-07-15 13:42:26,761 INFO  db.DBStoreBuilder (DBStoreBuilder.java:addTable(110)) - using custom profile for table: keyTable
2019-07-15 13:42:26,762 INFO  db.DBStoreBuilder (DBStoreBuilder.java:processTables(161)) - Using default column profile:DBProfile.DISK for Table:keyTable
2019-07-15 13:42:26,762 INFO  db.DBStoreBuilder (DBStoreBuilder.java:addTable(110)) - using custom profile for table: deletedTable
2019-07-15 13:42:26,762 INFO  db.DBStoreBuilder (DBStoreBuilder.java:processTables(161)) - Using default column profile:DBProfile.DISK for Table:deletedTable
2019-07-15 13:42:26,763 INFO  db.DBStoreBuilder (DBStoreBuilder.java:addTable(110)) - using custom profile for table: openKeyTable
2019-07-15 13:42:26,763 INFO  db.DBStoreBuilder (DBStoreBuilder.java:processTables(161)) - Using default column profile:DBProfile.DISK for Table:openKeyTable
2019-07-15 13:42:26,763 INFO  db.DBStoreBuilder (DBStoreBuilder.java:addTable(110)) - using custom profile for table: s3Table
2019-07-15 13:42:26,764 INFO  db.DBStoreBuilder (DBStoreBuilder.java:processTables(161)) - Using default column profile:DBProfile.DISK for Table:s3Table
2019-07-15 13:42:26,764 INFO  db.DBStoreBuilder (DBStoreBuilder.java:addTable(110)) - using custom profile for table: multipartInfoTable
2019-07-15 13:42:26,764 INFO  db.DBStoreBuilder (DBStoreBuilder.java:processTables(161)) - Using default column profile:DBProfile.DISK for Table:multipartInfoTable
2019-07-15 13:42:26,765 INFO  db.DBStoreBuilder (DBStoreBuilder.java:addTable(110)) - using custom profile for table: dTokenTable
2019-07-15 13:42:26,765 INFO  db.DBStoreBuilder (DBStoreBuilder.java:processTables(161)) - Using default column profile:DBProfile.DISK for Table:dTokenTable
2019-07-15 13:42:26,766 INFO  db.DBStoreBuilder (DBStoreBuilder.java:addTable(110)) - using custom profile for table: s3SecretTable
2019-07-15 13:42:26,766 INFO  db.DBStoreBuilder (DBStoreBuilder.java:processTables(161)) - Using default column profile:DBProfile.DISK for Table:s3SecretTable
2019-07-15 13:42:26,766 INFO  db.DBStoreBuilder (DBStoreBuilder.java:addTable(110)) - using custom profile for table: prefixTable
2019-07-15 13:42:26,767 INFO  db.DBStoreBuilder (DBStoreBuilder.java:processTables(161)) - Using default column profile:DBProfile.DISK for Table:prefixTable
2019-07-15 13:42:26,767 INFO  db.DBStoreBuilder (DBStoreBuilder.java:addTable(110)) - using custom profile for table: default
2019-07-15 13:42:26,767 INFO  db.DBStoreBuilder (DBStoreBuilder.java:processTables(167)) - Using default column profile:DBProfile.DISK for Table:default
2019-07-15 13:42:26,768 INFO  db.DBStoreBuilder (DBStoreBuilder.java:getDbProfile(198)) - Using default options. DBProfile.DISK
2019-07-15 13:42:27,596 INFO  ipc.CallQueueManager (CallQueueManager.java:<init>(84)) - Using callQueue: class java.util.concurrent.LinkedBlockingQueue, queueCapacity: 2000, scheduler: class org.apache.hadoop.ipc.DefaultRpcScheduler, ipcBackoff: false.
2019-07-15 13:42:27,598 INFO  ipc.Server (Server.java:run(1074)) - Starting Socket Reader #1 for port 38590
2019-07-15 13:42:27,624 WARN  server.ServerUtils (ServerUtils.java:getDBPath(222)) - ozone.om.db.dirs is not configured. We recommend adding this setting. Falling back to ozone.metadata.dirs instead.
2019-07-15 13:42:27,625 INFO  om.OzoneManager (OzoneManager.java:start(1228)) - OzoneManager RPC server is listening at localhost/127.0.0.1:38590
2019-07-15 13:42:27,625 INFO  impl.MetricsSystemImpl (MetricsSystemImpl.java:init(158)) - OzoneManager metrics system started (again)
2019-07-15 13:42:27,627 INFO  ipc.Server (Server.java:run(1314)) - IPC Server Responder: starting
2019-07-15 13:42:27,627 INFO  ipc.Server (Server.java:run(1153)) - IPC Server listener on 38590: starting
2019-07-15 13:42:27,639 INFO  hdfs.DFSUtil (DFSUtil.java:httpServerTemplateForNNAndJN(1641)) - Starting Web-server for ozoneManager at: http://0.0.0.0:0
2019-07-15 13:42:27,642 INFO  server.AuthenticationFilter (AuthenticationFilter.java:constructSecretProvider(240)) - Unable to initialize FileSignerSecretProvider, falling back to use random secrets.
2019-07-15 13:42:27,643 WARN  http.HttpRequestLog (HttpRequestLog.java:getRequestLog(97)) - Jetty request log can only be enabled using Log4j
2019-07-15 13:42:27,647 INFO  http.HttpServer2 (HttpServer2.java:addGlobalFilter(975)) - Added global filter 'safety' (class=org.apache.hadoop.http.HttpServer2$QuotingInputFilter)
2019-07-15 13:42:27,648 INFO  http.HttpServer2 (HttpServer2.java:addFilter(948)) - Added filter static_user_filter (class=org.apache.hadoop.http.lib.StaticUserWebFilter$StaticUserFilter) to context ozoneManager
2019-07-15 13:42:27,649 INFO  http.HttpServer2 (HttpServer2.java:addFilter(958)) - Added filter static_user_filter (class=org.apache.hadoop.http.lib.StaticUserWebFilter$StaticUserFilter) to context static
2019-07-15 13:42:27,649 INFO  http.HttpServer2 (HttpServer2.java:addFilter(958)) - Added filter static_user_filter (class=org.apache.hadoop.http.lib.StaticUserWebFilter$StaticUserFilter) to context logs
2019-07-15 13:42:27,652 INFO  http.HttpServer2 (HttpServer2.java:bindListener(1191)) - Jetty bound to port 43404
2019-07-15 13:42:27,653 INFO  server.Server (Server.java:doStart(351)) - jetty-9.3.24.v20180605, build timestamp: 2018-06-05T17:11:56Z, git hash: 84205aa28f11a4f31f2a3b86d1bba2cc8ab69827
2019-07-15 13:42:27,656 INFO  handler.ContextHandler (ContextHandler.java:doStart(781)) - Started o.e.j.s.ServletContextHandler@301d8120{/logs,file:///workdir/hadoop-ozone/integration-test/target/log,AVAILABLE}
2019-07-15 13:42:27,657 INFO  handler.ContextHandler (ContextHandler.java:doStart(781)) - Started o.e.j.s.ServletContextHandler@72458efc{/static,file:///workdir/hadoop-ozone/integration-test/target/test-classes/webapps/static,AVAILABLE}
2019-07-15 13:42:27,664 INFO  handler.ContextHandler (ContextHandler.java:doStart(781)) - Started o.e.j.w.WebAppContext@6a84bc2a{/,file:///workdir/hadoop-ozone/integration-test/target/test-classes/webapps/ozoneManager/,AVAILABLE}{/ozoneManager}
2019-07-15 13:42:27,665 INFO  server.AbstractConnector (AbstractConnector.java:doStart(278)) - Started ServerConnector@5183d589{HTTP/1.1,[http/1.1]}{0.0.0.0:43404}
2019-07-15 13:42:27,665 INFO  server.Server (Server.java:doStart(419)) - Started @4016ms
2019-07-15 13:42:27,666 INFO  server.BaseHttpServer (BaseHttpServer.java:updateConnectorAddress(207)) - HTTP server of OZONEMANAGER is listening at http://0.0.0.0:43404
2019-07-15 13:42:27,967 INFO  impl.MetricsSystemImpl (MetricsSystemImpl.java:init(158)) - HddsDatanode metrics system started (again)
2019-07-15 13:42:28,051 INFO  ozone.HddsDatanodeService (HddsDatanodeService.java:start(185)) - HddsDatanodeService host:trunk-nightly-hvlc9-701369690 ip:192.168.157.240
2019-07-15 13:42:28,083 INFO  volume.HddsVolume (HddsVolume.java:<init>(176)) - Creating Volume: /workdir/hadoop-ozone/integration-test/target/test-dir/MiniOzoneClusterImpl-c495932b-8957-4ff9-a01d-44ea499fdf4f/datanode-0/data/containers/hdds of  storage type : DISK and capacity : 52710309888
2019-07-15 13:42:28,085 INFO  volume.VolumeSet (VolumeSet.java:initializeVolumeSet(170)) - Added Volume : /workdir/hadoop-ozone/integration-test/target/test-dir/MiniOzoneClusterImpl-c495932b-8957-4ff9-a01d-44ea499fdf4f/datanode-0/data/containers/hdds to VolumeSet
2019-07-15 13:42:28,087 INFO  volume.ThrottledAsyncChecker (ThrottledAsyncChecker.java:schedule(140)) - Scheduling a check for org.apache.hadoop.ozone.container.common.volume.HddsVolume@451f87af
2019-07-15 13:42:28,106 INFO  volume.HddsVolumeChecker (HddsVolumeChecker.java:checkAllVolumes(203)) - Scheduled health check for volume org.apache.hadoop.ozone.container.common.volume.HddsVolume@451f87af
2019-07-15 13:42:28,258 INFO  impl.RaftServerProxy (ConfUtils.java:logGet(43)) - raft.rpc.type = GRPC (default)
2019-07-15 13:42:28,340 INFO  grpc.GrpcFactory (GrpcFactory.java:checkPooledByteBufAllocatorUseCacheForAllThreads(45)) - PERFORMANCE WARNING: useCacheForAllThreads is true that may cause Netty to create a lot garbage objects and, as a result, trigger GC.
	It is recommended to disable useCacheForAllThreads by setting -Dorg.apache.ratis.thirdparty.io.netty.allocator.useCacheForAllThreads=false in command line.
2019-07-15 13:42:28,345 INFO  grpc.GrpcConfigKeys$Server (ConfUtils.java:logGet(43)) - raft.grpc.server.port = 0 (default)
2019-07-15 13:42:28,346 INFO  server.GrpcService (ConfUtils.java:logGet(43)) - raft.grpc.message.size.max = 33570816 (custom)
2019-07-15 13:42:28,347 INFO  server.RaftServerConfigKeys (ConfUtils.java:logGet(43)) - raft.server.log.appender.buffer.byte-limit = 33554432 (custom)
2019-07-15 13:42:28,348 INFO  server.GrpcService (ConfUtils.java:logGet(43)) - raft.grpc.flow.control.window = 1MB (=1048576) (default)
2019-07-15 13:42:28,349 INFO  server.RaftServerConfigKeys (ConfUtils.java:logGet(43)) - raft.server.rpc.request.timeout = 3000ms (default)
2019-07-15 13:42:28,510 INFO  server.RaftServerConfigKeys (ConfUtils.java:logGet(43)) - raft.server.storage.dir = [/workdir/hadoop-ozone/integration-test/target/test-dir/MiniOzoneClusterImpl-c495932b-8957-4ff9-a01d-44ea499fdf4f/datanode-0/data/ratis] (custom)
2019-07-15 13:42:28,550 INFO  replication.SimpleContainerDownloader (SimpleContainerDownloader.java:<init>(72)) - Starting container downloader service to copy containers to replicate.
2019-07-15 13:42:28,571 INFO  hdfs.DFSUtil (DFSUtil.java:httpServerTemplateForNNAndJN(1641)) - Starting Web-server for hddsDatanode at: http://0.0.0.0:0
2019-07-15 13:42:28,576 INFO  server.AuthenticationFilter (AuthenticationFilter.java:constructSecretProvider(240)) - Unable to initialize FileSignerSecretProvider, falling back to use random secrets.
2019-07-15 13:42:28,578 WARN  http.HttpRequestLog (HttpRequestLog.java:getRequestLog(97)) - Jetty request log can only be enabled using Log4j
2019-07-15 13:42:28,582 INFO  http.HttpServer2 (HttpServer2.java:addGlobalFilter(975)) - Added global filter 'safety' (class=org.apache.hadoop.http.HttpServer2$QuotingInputFilter)
2019-07-15 13:42:28,584 INFO  http.HttpServer2 (HttpServer2.java:addFilter(948)) - Added filter static_user_filter (class=org.apache.hadoop.http.lib.StaticUserWebFilter$StaticUserFilter) to context hddsDatanode
2019-07-15 13:42:28,584 INFO  http.HttpServer2 (HttpServer2.java:addFilter(958)) - Added filter static_user_filter (class=org.apache.hadoop.http.lib.StaticUserWebFilter$StaticUserFilter) to context static
2019-07-15 13:42:28,584 INFO  http.HttpServer2 (HttpServer2.java:addFilter(958)) - Added filter static_user_filter (class=org.apache.hadoop.http.lib.StaticUserWebFilter$StaticUserFilter) to context logs
2019-07-15 13:42:28,587 INFO  http.HttpServer2 (HttpServer2.java:bindListener(1191)) - Jetty bound to port 41592
2019-07-15 13:42:28,587 INFO  server.Server (Server.java:doStart(351)) - jetty-9.3.24.v20180605, build timestamp: 2018-06-05T17:11:56Z, git hash: 84205aa28f11a4f31f2a3b86d1bba2cc8ab69827
2019-07-15 13:42:28,591 INFO  handler.ContextHandler (ContextHandler.java:doStart(781)) - Started o.e.j.s.ServletContextHandler@21c815e4{/logs,file:///workdir/hadoop-ozone/integration-test/target/log,AVAILABLE}
2019-07-15 13:42:28,592 INFO  handler.ContextHandler (ContextHandler.java:doStart(781)) - Started o.e.j.s.ServletContextHandler@2a331b46{/static,jar:file:/home/user/.m2/repository/org/apache/hadoop/hadoop-hdds-container-service/0.5.0-SNAPSHOT/hadoop-hdds-container-service-0.5.0-SNAPSHOT.jar!/webapps/static,AVAILABLE}
2019-07-15 13:42:28,643 INFO  handler.ContextHandler (ContextHandler.java:doStart(781)) - Started o.e.j.w.WebAppContext@113e13f9{/,file:///tmp/jetty-0.0.0.0-41592-hddsDatanode-_-any-4334081676481157320.dir/webapp/,AVAILABLE}{/hddsDatanode}
2019-07-15 13:42:28,647 INFO  server.AbstractConnector (AbstractConnector.java:doStart(278)) - Started ServerConnector@1c7f96b1{HTTP/1.1,[http/1.1]}{0.0.0.0:41592}
2019-07-15 13:42:28,647 INFO  server.Server (Server.java:doStart(419)) - Started @4997ms
2019-07-15 13:42:28,649 INFO  server.BaseHttpServer (BaseHttpServer.java:updateConnectorAddress(207)) - HTTP server of HDDSDATANODE is listening at http://0.0.0.0:41592
2019-07-15 13:42:29,789 INFO  ozone.HddsDatanodeService (HddsDatanodeService.java:startPlugins(396)) - Started plug-in org.apache.hadoop.ozone.web.OzoneHddsDatanodeService@5f61371d
2019-07-15 13:42:29,792 INFO  impl.MetricsSystemImpl (MetricsSystemImpl.java:init(158)) - HddsDatanode metrics system started (again)
2019-07-15 13:42:29,793 INFO  ozone.HddsDatanodeService (HddsDatanodeService.java:start(185)) - HddsDatanodeService host:trunk-nightly-hvlc9-701369690 ip:192.168.157.240
2019-07-15 13:42:29,798 INFO  util.JvmPauseMonitor (JvmPauseMonitor.java:run(188)) - Starting JVM pause monitor
2019-07-15 13:42:29,802 INFO  volume.HddsVolume (HddsVolume.java:<init>(176)) - Creating Volume: /workdir/hadoop-ozone/integration-test/target/test-dir/MiniOzoneClusterImpl-c495932b-8957-4ff9-a01d-44ea499fdf4f/datanode-1/data/containers/hdds of  storage type : DISK and capacity : 52710309888
2019-07-15 13:42:29,802 INFO  volume.VolumeSet (VolumeSet.java:initializeVolumeSet(170)) - Added Volume : /workdir/hadoop-ozone/integration-test/target/test-dir/MiniOzoneClusterImpl-c495932b-8957-4ff9-a01d-44ea499fdf4f/datanode-1/data/containers/hdds to VolumeSet
2019-07-15 13:42:29,803 INFO  volume.ThrottledAsyncChecker (ThrottledAsyncChecker.java:schedule(140)) - Scheduling a check for org.apache.hadoop.ozone.container.common.volume.HddsVolume@45292ec1
2019-07-15 13:42:29,804 INFO  volume.HddsVolumeChecker (HddsVolumeChecker.java:checkAllVolumes(203)) - Scheduled health check for volume org.apache.hadoop.ozone.container.common.volume.HddsVolume@45292ec1
2019-07-15 13:42:29,826 INFO  impl.RaftServerProxy (ConfUtils.java:logGet(43)) - raft.rpc.type = GRPC (default)
2019-07-15 13:42:29,826 INFO  grpc.GrpcFactory (GrpcFactory.java:checkPooledByteBufAllocatorUseCacheForAllThreads(45)) - PERFORMANCE WARNING: useCacheForAllThreads is true that may cause Netty to create a lot garbage objects and, as a result, trigger GC.
	It is recommended to disable useCacheForAllThreads by setting -Dorg.apache.ratis.thirdparty.io.netty.allocator.useCacheForAllThreads=false in command line.
2019-07-15 13:42:29,826 INFO  grpc.GrpcConfigKeys$Server (ConfUtils.java:logGet(43)) - raft.grpc.server.port = 0 (default)
2019-07-15 13:42:29,827 INFO  server.GrpcService (ConfUtils.java:logGet(43)) - raft.grpc.message.size.max = 33570816 (custom)
2019-07-15 13:42:29,827 INFO  server.RaftServerConfigKeys (ConfUtils.java:logGet(43)) - raft.server.log.appender.buffer.byte-limit = 33554432 (custom)
2019-07-15 13:42:29,827 INFO  server.GrpcService (ConfUtils.java:logGet(43)) - raft.grpc.flow.control.window = 1MB (=1048576) (default)
2019-07-15 13:42:29,827 INFO  server.RaftServerConfigKeys (ConfUtils.java:logGet(43)) - raft.server.rpc.request.timeout = 3000ms (default)
2019-07-15 13:42:29,828 INFO  server.RaftServerConfigKeys (ConfUtils.java:logGet(43)) - raft.server.storage.dir = [/workdir/hadoop-ozone/integration-test/target/test-dir/MiniOzoneClusterImpl-c495932b-8957-4ff9-a01d-44ea499fdf4f/datanode-1/data/ratis] (custom)
2019-07-15 13:42:29,829 INFO  replication.SimpleContainerDownloader (SimpleContainerDownloader.java:<init>(72)) - Starting container downloader service to copy containers to replicate.
2019-07-15 13:42:29,831 INFO  hdfs.DFSUtil (DFSUtil.java:httpServerTemplateForNNAndJN(1641)) - Starting Web-server for hddsDatanode at: http://0.0.0.0:0
2019-07-15 13:42:29,834 INFO  server.AuthenticationFilter (AuthenticationFilter.java:constructSecretProvider(240)) - Unable to initialize FileSignerSecretProvider, falling back to use random secrets.
2019-07-15 13:42:29,835 WARN  http.HttpRequestLog (HttpRequestLog.java:getRequestLog(97)) - Jetty request log can only be enabled using Log4j
2019-07-15 13:42:29,838 INFO  http.HttpServer2 (HttpServer2.java:addGlobalFilter(975)) - Added global filter 'safety' (class=org.apache.hadoop.http.HttpServer2$QuotingInputFilter)
2019-07-15 13:42:29,839 INFO  http.HttpServer2 (HttpServer2.java:addFilter(948)) - Added filter static_user_filter (class=org.apache.hadoop.http.lib.StaticUserWebFilter$StaticUserFilter) to context hddsDatanode
2019-07-15 13:42:29,839 INFO  http.HttpServer2 (HttpServer2.java:addFilter(958)) - Added filter static_user_filter (class=org.apache.hadoop.http.lib.StaticUserWebFilter$StaticUserFilter) to context logs
2019-07-15 13:42:29,839 INFO  http.HttpServer2 (HttpServer2.java:addFilter(958)) - Added filter static_user_filter (class=org.apache.hadoop.http.lib.StaticUserWebFilter$StaticUserFilter) to context static
2019-07-15 13:42:29,840 INFO  http.HttpServer2 (HttpServer2.java:bindListener(1191)) - Jetty bound to port 32923
2019-07-15 13:42:29,840 INFO  server.Server (Server.java:doStart(351)) - jetty-9.3.24.v20180605, build timestamp: 2018-06-05T17:11:56Z, git hash: 84205aa28f11a4f31f2a3b86d1bba2cc8ab69827
2019-07-15 13:42:29,843 INFO  handler.ContextHandler (ContextHandler.java:doStart(781)) - Started o.e.j.s.ServletContextHandler@570ba13{/logs,file:///workdir/hadoop-ozone/integration-test/target/log,AVAILABLE}
2019-07-15 13:42:29,844 INFO  handler.ContextHandler (ContextHandler.java:doStart(781)) - Started o.e.j.s.ServletContextHandler@525b1b70{/static,jar:file:/home/user/.m2/repository/org/apache/hadoop/hadoop-hdds-container-service/0.5.0-SNAPSHOT/hadoop-hdds-container-service-0.5.0-SNAPSHOT.jar!/webapps/static,AVAILABLE}
2019-07-15 13:42:29,881 INFO  handler.ContextHandler (ContextHandler.java:doStart(781)) - Started o.e.j.w.WebAppContext@902fdbe{/,file:///tmp/jetty-0.0.0.0-32923-hddsDatanode-_-any-4721665926565831888.dir/webapp/,AVAILABLE}{/hddsDatanode}
2019-07-15 13:42:29,882 INFO  server.AbstractConnector (AbstractConnector.java:doStart(278)) - Started ServerConnector@796d33eb{HTTP/1.1,[http/1.1]}{0.0.0.0:32923}
2019-07-15 13:42:29,883 INFO  server.Server (Server.java:doStart(419)) - Started @6233ms
2019-07-15 13:42:29,885 INFO  server.BaseHttpServer (BaseHttpServer.java:updateConnectorAddress(207)) - HTTP server of HDDSDATANODE is listening at http://0.0.0.0:32923
2019-07-15 13:42:29,903 INFO  datanode.InitDatanodeState (InitDatanodeState.java:persistContainerDatanodeDetails(140)) - DatanodeDetails is persisted to /workdir/hadoop-ozone/integration-test/target/test-dir/MiniOzoneClusterImpl-c495932b-8957-4ff9-a01d-44ea499fdf4f/datanode-0/meta/datanode.id
2019-07-15 13:42:30,041 INFO  ozone.HddsDatanodeService (HddsDatanodeService.java:startPlugins(396)) - Started plug-in org.apache.hadoop.ozone.web.OzoneHddsDatanodeService@1e98b788
2019-07-15 13:42:30,042 INFO  impl.MetricsSystemImpl (MetricsSystemImpl.java:init(158)) - HddsDatanode metrics system started (again)
2019-07-15 13:42:30,043 INFO  ozone.HddsDatanodeService (HddsDatanodeService.java:start(185)) - HddsDatanodeService host:trunk-nightly-hvlc9-701369690 ip:192.168.157.240
2019-07-15 13:42:30,044 INFO  util.JvmPauseMonitor (JvmPauseMonitor.java:run(188)) - Starting JVM pause monitor
2019-07-15 13:42:30,054 INFO  volume.HddsVolume (HddsVolume.java:<init>(176)) - Creating Volume: /workdir/hadoop-ozone/integration-test/target/test-dir/MiniOzoneClusterImpl-c495932b-8957-4ff9-a01d-44ea499fdf4f/datanode-2/data/containers/hdds of  storage type : DISK and capacity : 52710309888
2019-07-15 13:42:30,054 INFO  datanode.InitDatanodeState (InitDatanodeState.java:persistContainerDatanodeDetails(140)) - DatanodeDetails is persisted to /workdir/hadoop-ozone/integration-test/target/test-dir/MiniOzoneClusterImpl-c495932b-8957-4ff9-a01d-44ea499fdf4f/datanode-1/meta/datanode.id
2019-07-15 13:42:30,055 INFO  volume.VolumeSet (VolumeSet.java:initializeVolumeSet(170)) - Added Volume : /workdir/hadoop-ozone/integration-test/target/test-dir/MiniOzoneClusterImpl-c495932b-8957-4ff9-a01d-44ea499fdf4f/datanode-2/data/containers/hdds to VolumeSet
2019-07-15 13:42:30,055 INFO  volume.ThrottledAsyncChecker (ThrottledAsyncChecker.java:schedule(140)) - Scheduling a check for org.apache.hadoop.ozone.container.common.volume.HddsVolume@10f477e2
2019-07-15 13:42:30,055 INFO  volume.HddsVolumeChecker (HddsVolumeChecker.java:checkAllVolumes(203)) - Scheduled health check for volume org.apache.hadoop.ozone.container.common.volume.HddsVolume@10f477e2
2019-07-15 13:42:30,070 INFO  impl.RaftServerProxy (ConfUtils.java:logGet(43)) - raft.rpc.type = GRPC (default)
2019-07-15 13:42:30,070 INFO  grpc.GrpcFactory (GrpcFactory.java:checkPooledByteBufAllocatorUseCacheForAllThreads(45)) - PERFORMANCE WARNING: useCacheForAllThreads is true that may cause Netty to create a lot garbage objects and, as a result, trigger GC.
	It is recommended to disable useCacheForAllThreads by setting -Dorg.apache.ratis.thirdparty.io.netty.allocator.useCacheForAllThreads=false in command line.
2019-07-15 13:42:30,070 INFO  grpc.GrpcConfigKeys$Server (ConfUtils.java:logGet(43)) - raft.grpc.server.port = 0 (default)
2019-07-15 13:42:30,071 INFO  server.GrpcService (ConfUtils.java:logGet(43)) - raft.grpc.message.size.max = 33570816 (custom)
2019-07-15 13:42:30,071 INFO  server.RaftServerConfigKeys (ConfUtils.java:logGet(43)) - raft.server.log.appender.buffer.byte-limit = 33554432 (custom)
2019-07-15 13:42:30,071 INFO  server.GrpcService (ConfUtils.java:logGet(43)) - raft.grpc.flow.control.window = 1MB (=1048576) (default)
2019-07-15 13:42:30,071 INFO  server.RaftServerConfigKeys (ConfUtils.java:logGet(43)) - raft.server.rpc.request.timeout = 3000ms (default)
2019-07-15 13:42:30,072 INFO  server.RaftServerConfigKeys (ConfUtils.java:logGet(43)) - raft.server.storage.dir = [/workdir/hadoop-ozone/integration-test/target/test-dir/MiniOzoneClusterImpl-c495932b-8957-4ff9-a01d-44ea499fdf4f/datanode-2/data/ratis] (custom)
2019-07-15 13:42:30,073 INFO  replication.SimpleContainerDownloader (SimpleContainerDownloader.java:<init>(72)) - Starting container downloader service to copy containers to replicate.
2019-07-15 13:42:30,074 INFO  hdfs.DFSUtil (DFSUtil.java:httpServerTemplateForNNAndJN(1641)) - Starting Web-server for hddsDatanode at: http://0.0.0.0:0
2019-07-15 13:42:30,077 INFO  server.AuthenticationFilter (AuthenticationFilter.java:constructSecretProvider(240)) - Unable to initialize FileSignerSecretProvider, falling back to use random secrets.
2019-07-15 13:42:30,077 WARN  http.HttpRequestLog (HttpRequestLog.java:getRequestLog(97)) - Jetty request log can only be enabled using Log4j
2019-07-15 13:42:30,080 INFO  http.HttpServer2 (HttpServer2.java:addGlobalFilter(975)) - Added global filter 'safety' (class=org.apache.hadoop.http.HttpServer2$QuotingInputFilter)
2019-07-15 13:42:30,080 INFO  http.HttpServer2 (HttpServer2.java:addFilter(948)) - Added filter static_user_filter (class=org.apache.hadoop.http.lib.StaticUserWebFilter$StaticUserFilter) to context hddsDatanode
2019-07-15 13:42:30,081 INFO  http.HttpServer2 (HttpServer2.java:addFilter(958)) - Added filter static_user_filter (class=org.apache.hadoop.http.lib.StaticUserWebFilter$StaticUserFilter) to context logs
2019-07-15 13:42:30,081 INFO  http.HttpServer2 (HttpServer2.java:addFilter(958)) - Added filter static_user_filter (class=org.apache.hadoop.http.lib.StaticUserWebFilter$StaticUserFilter) to context static
2019-07-15 13:42:30,082 INFO  http.HttpServer2 (HttpServer2.java:bindListener(1191)) - Jetty bound to port 36087
2019-07-15 13:42:30,082 INFO  server.Server (Server.java:doStart(351)) - jetty-9.3.24.v20180605, build timestamp: 2018-06-05T17:11:56Z, git hash: 84205aa28f11a4f31f2a3b86d1bba2cc8ab69827
2019-07-15 13:42:30,086 INFO  handler.ContextHandler (ContextHandler.java:doStart(781)) - Started o.e.j.s.ServletContextHandler@27b337bb{/logs,file:///workdir/hadoop-ozone/integration-test/target/log,AVAILABLE}
2019-07-15 13:42:30,087 INFO  handler.ContextHandler (ContextHandler.java:doStart(781)) - Started o.e.j.s.ServletContextHandler@5c18d6d4{/static,jar:file:/home/user/.m2/repository/org/apache/hadoop/hadoop-hdds-container-service/0.5.0-SNAPSHOT/hadoop-hdds-container-service-0.5.0-SNAPSHOT.jar!/webapps/static,AVAILABLE}
2019-07-15 13:42:30,130 INFO  handler.ContextHandler (ContextHandler.java:doStart(781)) - Started o.e.j.w.WebAppContext@1ab14636{/,file:///tmp/jetty-0.0.0.0-36087-hddsDatanode-_-any-6423713727051335383.dir/webapp/,AVAILABLE}{/hddsDatanode}
2019-07-15 13:42:30,130 INFO  server.AbstractConnector (AbstractConnector.java:doStart(278)) - Started ServerConnector@16b3c905{HTTP/1.1,[http/1.1]}{0.0.0.0:36087}
2019-07-15 13:42:30,132 INFO  server.Server (Server.java:doStart(419)) - Started @6482ms
2019-07-15 13:42:30,133 INFO  server.BaseHttpServer (BaseHttpServer.java:updateConnectorAddress(207)) - HTTP server of HDDSDATANODE is listening at http://0.0.0.0:36087
2019-07-15 13:42:30,281 INFO  ozone.HddsDatanodeService (HddsDatanodeService.java:startPlugins(396)) - Started plug-in org.apache.hadoop.ozone.web.OzoneHddsDatanodeService@30922f8d
2019-07-15 13:42:30,281 INFO  impl.MetricsSystemImpl (MetricsSystemImpl.java:init(158)) - HddsDatanode metrics system started (again)
2019-07-15 13:42:30,283 INFO  ozone.HddsDatanodeService (HddsDatanodeService.java:start(185)) - HddsDatanodeService host:trunk-nightly-hvlc9-701369690 ip:192.168.157.240
2019-07-15 13:42:30,284 INFO  util.JvmPauseMonitor (JvmPauseMonitor.java:run(188)) - Starting JVM pause monitor
2019-07-15 13:42:30,288 INFO  datanode.InitDatanodeState (InitDatanodeState.java:persistContainerDatanodeDetails(140)) - DatanodeDetails is persisted to /workdir/hadoop-ozone/integration-test/target/test-dir/MiniOzoneClusterImpl-c495932b-8957-4ff9-a01d-44ea499fdf4f/datanode-2/meta/datanode.id
2019-07-15 13:42:30,294 INFO  volume.HddsVolume (HddsVolume.java:<init>(176)) - Creating Volume: /workdir/hadoop-ozone/integration-test/target/test-dir/MiniOzoneClusterImpl-c495932b-8957-4ff9-a01d-44ea499fdf4f/datanode-3/data/containers/hdds of  storage type : DISK and capacity : 52710309888
2019-07-15 13:42:30,294 INFO  volume.VolumeSet (VolumeSet.java:initializeVolumeSet(170)) - Added Volume : /workdir/hadoop-ozone/integration-test/target/test-dir/MiniOzoneClusterImpl-c495932b-8957-4ff9-a01d-44ea499fdf4f/datanode-3/data/containers/hdds to VolumeSet
2019-07-15 13:42:30,294 INFO  volume.ThrottledAsyncChecker (ThrottledAsyncChecker.java:schedule(140)) - Scheduling a check for org.apache.hadoop.ozone.container.common.volume.HddsVolume@45d56062
2019-07-15 13:42:30,295 INFO  volume.HddsVolumeChecker (HddsVolumeChecker.java:checkAllVolumes(203)) - Scheduled health check for volume org.apache.hadoop.ozone.container.common.volume.HddsVolume@45d56062
2019-07-15 13:42:30,316 INFO  impl.RaftServerProxy (ConfUtils.java:logGet(43)) - raft.rpc.type = GRPC (default)
2019-07-15 13:42:30,317 INFO  grpc.GrpcFactory (GrpcFactory.java:checkPooledByteBufAllocatorUseCacheForAllThreads(45)) - PERFORMANCE WARNING: useCacheForAllThreads is true that may cause Netty to create a lot garbage objects and, as a result, trigger GC.
	It is recommended to disable useCacheForAllThreads by setting -Dorg.apache.ratis.thirdparty.io.netty.allocator.useCacheForAllThreads=false in command line.
2019-07-15 13:42:30,317 INFO  grpc.GrpcConfigKeys$Server (ConfUtils.java:logGet(43)) - raft.grpc.server.port = 0 (default)
2019-07-15 13:42:30,317 INFO  server.GrpcService (ConfUtils.java:logGet(43)) - raft.grpc.message.size.max = 33570816 (custom)
2019-07-15 13:42:30,317 INFO  server.RaftServerConfigKeys (ConfUtils.java:logGet(43)) - raft.server.log.appender.buffer.byte-limit = 33554432 (custom)
2019-07-15 13:42:30,318 INFO  server.GrpcService (ConfUtils.java:logGet(43)) - raft.grpc.flow.control.window = 1MB (=1048576) (default)
2019-07-15 13:42:30,318 INFO  server.RaftServerConfigKeys (ConfUtils.java:logGet(43)) - raft.server.rpc.request.timeout = 3000ms (default)
2019-07-15 13:42:30,319 INFO  server.RaftServerConfigKeys (ConfUtils.java:logGet(43)) - raft.server.storage.dir = [/workdir/hadoop-ozone/integration-test/target/test-dir/MiniOzoneClusterImpl-c495932b-8957-4ff9-a01d-44ea499fdf4f/datanode-3/data/ratis] (custom)
2019-07-15 13:42:30,320 INFO  replication.SimpleContainerDownloader (SimpleContainerDownloader.java:<init>(72)) - Starting container downloader service to copy containers to replicate.
2019-07-15 13:42:30,321 INFO  hdfs.DFSUtil (DFSUtil.java:httpServerTemplateForNNAndJN(1641)) - Starting Web-server for hddsDatanode at: http://0.0.0.0:0
2019-07-15 13:42:30,322 INFO  server.AuthenticationFilter (AuthenticationFilter.java:constructSecretProvider(240)) - Unable to initialize FileSignerSecretProvider, falling back to use random secrets.
2019-07-15 13:42:30,323 WARN  http.HttpRequestLog (HttpRequestLog.java:getRequestLog(97)) - Jetty request log can only be enabled using Log4j
2019-07-15 13:42:30,325 INFO  http.HttpServer2 (HttpServer2.java:addGlobalFilter(975)) - Added global filter 'safety' (class=org.apache.hadoop.http.HttpServer2$QuotingInputFilter)
2019-07-15 13:42:30,325 INFO  http.HttpServer2 (HttpServer2.java:addFilter(948)) - Added filter static_user_filter (class=org.apache.hadoop.http.lib.StaticUserWebFilter$StaticUserFilter) to context hddsDatanode
2019-07-15 13:42:30,325 INFO  http.HttpServer2 (HttpServer2.java:addFilter(958)) - Added filter static_user_filter (class=org.apache.hadoop.http.lib.StaticUserWebFilter$StaticUserFilter) to context static
2019-07-15 13:42:30,325 INFO  http.HttpServer2 (HttpServer2.java:addFilter(958)) - Added filter static_user_filter (class=org.apache.hadoop.http.lib.StaticUserWebFilter$StaticUserFilter) to context logs
2019-07-15 13:42:30,326 INFO  http.HttpServer2 (HttpServer2.java:bindListener(1191)) - Jetty bound to port 40386
2019-07-15 13:42:30,327 INFO  server.Server (Server.java:doStart(351)) - jetty-9.3.24.v20180605, build timestamp: 2018-06-05T17:11:56Z, git hash: 84205aa28f11a4f31f2a3b86d1bba2cc8ab69827
2019-07-15 13:42:30,329 INFO  handler.ContextHandler (ContextHandler.java:doStart(781)) - Started o.e.j.s.ServletContextHandler@4f081b5d{/logs,file:///workdir/hadoop-ozone/integration-test/target/log,AVAILABLE}
2019-07-15 13:42:30,330 INFO  handler.ContextHandler (ContextHandler.java:doStart(781)) - Started o.e.j.s.ServletContextHandler@740a0d5e{/static,jar:file:/home/user/.m2/repository/org/apache/hadoop/hadoop-hdds-container-service/0.5.0-SNAPSHOT/hadoop-hdds-container-service-0.5.0-SNAPSHOT.jar!/webapps/static,AVAILABLE}
2019-07-15 13:42:30,360 INFO  handler.ContextHandler (ContextHandler.java:doStart(781)) - Started o.e.j.w.WebAppContext@4ae2e781{/,file:///tmp/jetty-0.0.0.0-40386-hddsDatanode-_-any-6367368962170619288.dir/webapp/,AVAILABLE}{/hddsDatanode}
2019-07-15 13:42:30,361 INFO  server.AbstractConnector (AbstractConnector.java:doStart(278)) - Started ServerConnector@339f3a55{HTTP/1.1,[http/1.1]}{0.0.0.0:40386}
2019-07-15 13:42:30,361 INFO  server.Server (Server.java:doStart(419)) - Started @6711ms
2019-07-15 13:42:30,363 INFO  server.BaseHttpServer (BaseHttpServer.java:updateConnectorAddress(207)) - HTTP server of HDDSDATANODE is listening at http://0.0.0.0:40386
2019-07-15 13:42:30,517 INFO  ozone.HddsDatanodeService (HddsDatanodeService.java:startPlugins(396)) - Started plug-in org.apache.hadoop.ozone.web.OzoneHddsDatanodeService@15605d83
2019-07-15 13:42:30,518 INFO  impl.MetricsSystemImpl (MetricsSystemImpl.java:init(158)) - HddsDatanode metrics system started (again)
2019-07-15 13:42:30,519 INFO  ozone.HddsDatanodeService (HddsDatanodeService.java:start(185)) - HddsDatanodeService host:trunk-nightly-hvlc9-701369690 ip:192.168.157.240
2019-07-15 13:42:30,521 INFO  util.JvmPauseMonitor (JvmPauseMonitor.java:run(188)) - Starting JVM pause monitor
2019-07-15 13:42:30,524 INFO  datanode.InitDatanodeState (InitDatanodeState.java:persistContainerDatanodeDetails(140)) - DatanodeDetails is persisted to /workdir/hadoop-ozone/integration-test/target/test-dir/MiniOzoneClusterImpl-c495932b-8957-4ff9-a01d-44ea499fdf4f/datanode-3/meta/datanode.id
2019-07-15 13:42:30,528 INFO  volume.HddsVolume (HddsVolume.java:<init>(176)) - Creating Volume: /workdir/hadoop-ozone/integration-test/target/test-dir/MiniOzoneClusterImpl-c495932b-8957-4ff9-a01d-44ea499fdf4f/datanode-4/data/containers/hdds of  storage type : DISK and capacity : 52710309888
2019-07-15 13:42:30,529 INFO  volume.VolumeSet (VolumeSet.java:initializeVolumeSet(170)) - Added Volume : /workdir/hadoop-ozone/integration-test/target/test-dir/MiniOzoneClusterImpl-c495932b-8957-4ff9-a01d-44ea499fdf4f/datanode-4/data/containers/hdds to VolumeSet
2019-07-15 13:42:30,529 INFO  volume.ThrottledAsyncChecker (ThrottledAsyncChecker.java:schedule(140)) - Scheduling a check for org.apache.hadoop.ozone.container.common.volume.HddsVolume@6da54910
2019-07-15 13:42:30,530 INFO  volume.HddsVolumeChecker (HddsVolumeChecker.java:checkAllVolumes(203)) - Scheduled health check for volume org.apache.hadoop.ozone.container.common.volume.HddsVolume@6da54910
2019-07-15 13:42:30,544 INFO  impl.RaftServerProxy (ConfUtils.java:logGet(43)) - raft.rpc.type = GRPC (default)
2019-07-15 13:42:30,544 INFO  grpc.GrpcFactory (GrpcFactory.java:checkPooledByteBufAllocatorUseCacheForAllThreads(45)) - PERFORMANCE WARNING: useCacheForAllThreads is true that may cause Netty to create a lot garbage objects and, as a result, trigger GC.
	It is recommended to disable useCacheForAllThreads by setting -Dorg.apache.ratis.thirdparty.io.netty.allocator.useCacheForAllThreads=false in command line.
2019-07-15 13:42:30,544 INFO  grpc.GrpcConfigKeys$Server (ConfUtils.java:logGet(43)) - raft.grpc.server.port = 0 (default)
2019-07-15 13:42:30,545 INFO  server.GrpcService (ConfUtils.java:logGet(43)) - raft.grpc.message.size.max = 33570816 (custom)
2019-07-15 13:42:30,545 INFO  server.RaftServerConfigKeys (ConfUtils.java:logGet(43)) - raft.server.log.appender.buffer.byte-limit = 33554432 (custom)
2019-07-15 13:42:30,545 INFO  server.GrpcService (ConfUtils.java:logGet(43)) - raft.grpc.flow.control.window = 1MB (=1048576) (default)
2019-07-15 13:42:30,545 INFO  server.RaftServerConfigKeys (ConfUtils.java:logGet(43)) - raft.server.rpc.request.timeout = 3000ms (default)
2019-07-15 13:42:30,546 INFO  server.RaftServerConfigKeys (ConfUtils.java:logGet(43)) - raft.server.storage.dir = [/workdir/hadoop-ozone/integration-test/target/test-dir/MiniOzoneClusterImpl-c495932b-8957-4ff9-a01d-44ea499fdf4f/datanode-4/data/ratis] (custom)
2019-07-15 13:42:30,546 INFO  replication.SimpleContainerDownloader (SimpleContainerDownloader.java:<init>(72)) - Starting container downloader service to copy containers to replicate.
2019-07-15 13:42:30,547 INFO  hdfs.DFSUtil (DFSUtil.java:httpServerTemplateForNNAndJN(1641)) - Starting Web-server for hddsDatanode at: http://0.0.0.0:0
2019-07-15 13:42:30,549 INFO  server.AuthenticationFilter (AuthenticationFilter.java:constructSecretProvider(240)) - Unable to initialize FileSignerSecretProvider, falling back to use random secrets.
2019-07-15 13:42:30,550 WARN  http.HttpRequestLog (HttpRequestLog.java:getRequestLog(97)) - Jetty request log can only be enabled using Log4j
2019-07-15 13:42:30,552 INFO  http.HttpServer2 (HttpServer2.java:addGlobalFilter(975)) - Added global filter 'safety' (class=org.apache.hadoop.http.HttpServer2$QuotingInputFilter)
2019-07-15 13:42:30,552 INFO  http.HttpServer2 (HttpServer2.java:addFilter(948)) - Added filter static_user_filter (class=org.apache.hadoop.http.lib.StaticUserWebFilter$StaticUserFilter) to context hddsDatanode
2019-07-15 13:42:30,553 INFO  http.HttpServer2 (HttpServer2.java:addFilter(958)) - Added filter static_user_filter (class=org.apache.hadoop.http.lib.StaticUserWebFilter$StaticUserFilter) to context logs
2019-07-15 13:42:30,553 INFO  http.HttpServer2 (HttpServer2.java:addFilter(958)) - Added filter static_user_filter (class=org.apache.hadoop.http.lib.StaticUserWebFilter$StaticUserFilter) to context static
2019-07-15 13:42:30,554 INFO  http.HttpServer2 (HttpServer2.java:bindListener(1191)) - Jetty bound to port 39918
2019-07-15 13:42:30,554 INFO  server.Server (Server.java:doStart(351)) - jetty-9.3.24.v20180605, build timestamp: 2018-06-05T17:11:56Z, git hash: 84205aa28f11a4f31f2a3b86d1bba2cc8ab69827
2019-07-15 13:42:30,561 INFO  handler.ContextHandler (ContextHandler.java:doStart(781)) - Started o.e.j.s.ServletContextHandler@640d604{/logs,file:///workdir/hadoop-ozone/integration-test/target/log,AVAILABLE}
2019-07-15 13:42:30,562 INFO  handler.ContextHandler (ContextHandler.java:doStart(781)) - Started o.e.j.s.ServletContextHandler@5438fa43{/static,jar:file:/home/user/.m2/repository/org/apache/hadoop/hadoop-hdds-container-service/0.5.0-SNAPSHOT/hadoop-hdds-container-service-0.5.0-SNAPSHOT.jar!/webapps/static,AVAILABLE}
2019-07-15 13:42:30,591 INFO  handler.ContextHandler (ContextHandler.java:doStart(781)) - Started o.e.j.w.WebAppContext@de77146{/,file:///tmp/jetty-0.0.0.0-39918-hddsDatanode-_-any-3537736454452738130.dir/webapp/,AVAILABLE}{/hddsDatanode}
2019-07-15 13:42:30,592 INFO  server.AbstractConnector (AbstractConnector.java:doStart(278)) - Started ServerConnector@691567ea{HTTP/1.1,[http/1.1]}{0.0.0.0:39918}
2019-07-15 13:42:30,593 INFO  server.Server (Server.java:doStart(419)) - Started @6943ms
2019-07-15 13:42:30,594 INFO  server.BaseHttpServer (BaseHttpServer.java:updateConnectorAddress(207)) - HTTP server of HDDSDATANODE is listening at http://0.0.0.0:39918
2019-07-15 13:42:30,726 INFO  ozone.HddsDatanodeService (HddsDatanodeService.java:startPlugins(396)) - Started plug-in org.apache.hadoop.ozone.web.OzoneHddsDatanodeService@2365ea38
2019-07-15 13:42:30,727 INFO  impl.MetricsSystemImpl (MetricsSystemImpl.java:init(158)) - HddsDatanode metrics system started (again)
2019-07-15 13:42:30,729 INFO  ozone.HddsDatanodeService (HddsDatanodeService.java:start(185)) - HddsDatanodeService host:trunk-nightly-hvlc9-701369690 ip:192.168.157.240
2019-07-15 13:42:30,731 INFO  util.JvmPauseMonitor (JvmPauseMonitor.java:run(188)) - Starting JVM pause monitor
2019-07-15 13:42:30,733 INFO  datanode.InitDatanodeState (InitDatanodeState.java:persistContainerDatanodeDetails(140)) - DatanodeDetails is persisted to /workdir/hadoop-ozone/integration-test/target/test-dir/MiniOzoneClusterImpl-c495932b-8957-4ff9-a01d-44ea499fdf4f/datanode-4/meta/datanode.id
2019-07-15 13:42:30,738 INFO  volume.HddsVolume (HddsVolume.java:<init>(176)) - Creating Volume: /workdir/hadoop-ozone/integration-test/target/test-dir/MiniOzoneClusterImpl-c495932b-8957-4ff9-a01d-44ea499fdf4f/datanode-5/data/containers/hdds of  storage type : DISK and capacity : 52710309888
2019-07-15 13:42:30,738 INFO  volume.VolumeSet (VolumeSet.java:initializeVolumeSet(170)) - Added Volume : /workdir/hadoop-ozone/integration-test/target/test-dir/MiniOzoneClusterImpl-c495932b-8957-4ff9-a01d-44ea499fdf4f/datanode-5/data/containers/hdds to VolumeSet
2019-07-15 13:42:30,739 INFO  volume.ThrottledAsyncChecker (ThrottledAsyncChecker.java:schedule(140)) - Scheduling a check for org.apache.hadoop.ozone.container.common.volume.HddsVolume@7781263c
2019-07-15 13:42:30,740 INFO  volume.HddsVolumeChecker (HddsVolumeChecker.java:checkAllVolumes(203)) - Scheduled health check for volume org.apache.hadoop.ozone.container.common.volume.HddsVolume@7781263c
2019-07-15 13:42:30,760 INFO  impl.RaftServerProxy (ConfUtils.java:logGet(43)) - raft.rpc.type = GRPC (default)
2019-07-15 13:42:30,760 INFO  grpc.GrpcFactory (GrpcFactory.java:checkPooledByteBufAllocatorUseCacheForAllThreads(45)) - PERFORMANCE WARNING: useCacheForAllThreads is true that may cause Netty to create a lot garbage objects and, as a result, trigger GC.
	It is recommended to disable useCacheForAllThreads by setting -Dorg.apache.ratis.thirdparty.io.netty.allocator.useCacheForAllThreads=false in command line.
2019-07-15 13:42:30,761 INFO  grpc.GrpcConfigKeys$Server (ConfUtils.java:logGet(43)) - raft.grpc.server.port = 0 (default)
2019-07-15 13:42:30,761 INFO  server.GrpcService (ConfUtils.java:logGet(43)) - raft.grpc.message.size.max = 33570816 (custom)
2019-07-15 13:42:30,761 INFO  server.RaftServerConfigKeys (ConfUtils.java:logGet(43)) - raft.server.log.appender.buffer.byte-limit = 33554432 (custom)
2019-07-15 13:42:30,762 INFO  server.GrpcService (ConfUtils.java:logGet(43)) - raft.grpc.flow.control.window = 1MB (=1048576) (default)
2019-07-15 13:42:30,762 INFO  server.RaftServerConfigKeys (ConfUtils.java:logGet(43)) - raft.server.rpc.request.timeout = 3000ms (default)
2019-07-15 13:42:30,763 INFO  server.RaftServerConfigKeys (ConfUtils.java:logGet(43)) - raft.server.storage.dir = [/workdir/hadoop-ozone/integration-test/target/test-dir/MiniOzoneClusterImpl-c495932b-8957-4ff9-a01d-44ea499fdf4f/datanode-5/data/ratis] (custom)
2019-07-15 13:42:30,763 INFO  replication.SimpleContainerDownloader (SimpleContainerDownloader.java:<init>(72)) - Starting container downloader service to copy containers to replicate.
2019-07-15 13:42:30,765 INFO  hdfs.DFSUtil (DFSUtil.java:httpServerTemplateForNNAndJN(1641)) - Starting Web-server for hddsDatanode at: http://0.0.0.0:0
2019-07-15 13:42:30,766 INFO  server.AuthenticationFilter (AuthenticationFilter.java:constructSecretProvider(240)) - Unable to initialize FileSignerSecretProvider, falling back to use random secrets.
2019-07-15 13:42:30,767 WARN  http.HttpRequestLog (HttpRequestLog.java:getRequestLog(97)) - Jetty request log can only be enabled using Log4j
2019-07-15 13:42:30,768 INFO  http.HttpServer2 (HttpServer2.java:addGlobalFilter(975)) - Added global filter 'safety' (class=org.apache.hadoop.http.HttpServer2$QuotingInputFilter)
2019-07-15 13:42:30,769 INFO  http.HttpServer2 (HttpServer2.java:addFilter(948)) - Added filter static_user_filter (class=org.apache.hadoop.http.lib.StaticUserWebFilter$StaticUserFilter) to context hddsDatanode
2019-07-15 13:42:30,769 INFO  http.HttpServer2 (HttpServer2.java:addFilter(958)) - Added filter static_user_filter (class=org.apache.hadoop.http.lib.StaticUserWebFilter$StaticUserFilter) to context logs
2019-07-15 13:42:30,769 INFO  http.HttpServer2 (HttpServer2.java:addFilter(958)) - Added filter static_user_filter (class=org.apache.hadoop.http.lib.StaticUserWebFilter$StaticUserFilter) to context static
2019-07-15 13:42:30,770 INFO  http.HttpServer2 (HttpServer2.java:bindListener(1191)) - Jetty bound to port 35873
2019-07-15 13:42:30,770 INFO  server.Server (Server.java:doStart(351)) - jetty-9.3.24.v20180605, build timestamp: 2018-06-05T17:11:56Z, git hash: 84205aa28f11a4f31f2a3b86d1bba2cc8ab69827
2019-07-15 13:42:30,773 INFO  handler.ContextHandler (ContextHandler.java:doStart(781)) - Started o.e.j.s.ServletContextHandler@325162e9{/logs,file:///workdir/hadoop-ozone/integration-test/target/log,AVAILABLE}
2019-07-15 13:42:30,773 INFO  handler.ContextHandler (ContextHandler.java:doStart(781)) - Started o.e.j.s.ServletContextHandler@5c448ef{/static,jar:file:/home/user/.m2/repository/org/apache/hadoop/hadoop-hdds-container-service/0.5.0-SNAPSHOT/hadoop-hdds-container-service-0.5.0-SNAPSHOT.jar!/webapps/static,AVAILABLE}
2019-07-15 13:42:30,803 INFO  handler.ContextHandler (ContextHandler.java:doStart(781)) - Started o.e.j.w.WebAppContext@377dfb8d{/,file:///tmp/jetty-0.0.0.0-35873-hddsDatanode-_-any-494408740837859271.dir/webapp/,AVAILABLE}{/hddsDatanode}
2019-07-15 13:42:30,803 INFO  server.AbstractConnector (AbstractConnector.java:doStart(278)) - Started ServerConnector@42a0786f{HTTP/1.1,[http/1.1]}{0.0.0.0:35873}
2019-07-15 13:42:30,804 INFO  server.Server (Server.java:doStart(419)) - Started @7154ms
2019-07-15 13:42:30,805 INFO  server.BaseHttpServer (BaseHttpServer.java:updateConnectorAddress(207)) - HTTP server of HDDSDATANODE is listening at http://0.0.0.0:35873
2019-07-15 13:42:30,958 INFO  ozone.HddsDatanodeService (HddsDatanodeService.java:startPlugins(396)) - Started plug-in org.apache.hadoop.ozone.web.OzoneHddsDatanodeService@165614f5
2019-07-15 13:42:30,958 INFO  impl.MetricsSystemImpl (MetricsSystemImpl.java:init(158)) - HddsDatanode metrics system started (again)
2019-07-15 13:42:30,960 INFO  ozone.HddsDatanodeService (HddsDatanodeService.java:start(185)) - HddsDatanodeService host:trunk-nightly-hvlc9-701369690 ip:192.168.157.240
2019-07-15 13:42:30,961 INFO  util.JvmPauseMonitor (JvmPauseMonitor.java:run(188)) - Starting JVM pause monitor
2019-07-15 13:42:30,965 INFO  datanode.InitDatanodeState (InitDatanodeState.java:persistContainerDatanodeDetails(140)) - DatanodeDetails is persisted to /workdir/hadoop-ozone/integration-test/target/test-dir/MiniOzoneClusterImpl-c495932b-8957-4ff9-a01d-44ea499fdf4f/datanode-5/meta/datanode.id
2019-07-15 13:42:30,970 INFO  volume.HddsVolume (HddsVolume.java:<init>(176)) - Creating Volume: /workdir/hadoop-ozone/integration-test/target/test-dir/MiniOzoneClusterImpl-c495932b-8957-4ff9-a01d-44ea499fdf4f/datanode-6/data/containers/hdds of  storage type : DISK and capacity : 52710309888
2019-07-15 13:42:30,970 INFO  volume.VolumeSet (VolumeSet.java:initializeVolumeSet(170)) - Added Volume : /workdir/hadoop-ozone/integration-test/target/test-dir/MiniOzoneClusterImpl-c495932b-8957-4ff9-a01d-44ea499fdf4f/datanode-6/data/containers/hdds to VolumeSet
2019-07-15 13:42:30,971 INFO  volume.ThrottledAsyncChecker (ThrottledAsyncChecker.java:schedule(140)) - Scheduling a check for org.apache.hadoop.ozone.container.common.volume.HddsVolume@103c97ff
2019-07-15 13:42:30,971 INFO  volume.HddsVolumeChecker (HddsVolumeChecker.java:checkAllVolumes(203)) - Scheduled health check for volume org.apache.hadoop.ozone.container.common.volume.HddsVolume@103c97ff
2019-07-15 13:42:30,986 INFO  impl.RaftServerProxy (ConfUtils.java:logGet(43)) - raft.rpc.type = GRPC (default)
2019-07-15 13:42:30,986 INFO  grpc.GrpcFactory (GrpcFactory.java:checkPooledByteBufAllocatorUseCacheForAllThreads(45)) - PERFORMANCE WARNING: useCacheForAllThreads is true that may cause Netty to create a lot garbage objects and, as a result, trigger GC.
	It is recommended to disable useCacheForAllThreads by setting -Dorg.apache.ratis.thirdparty.io.netty.allocator.useCacheForAllThreads=false in command line.
2019-07-15 13:42:30,987 INFO  grpc.GrpcConfigKeys$Server (ConfUtils.java:logGet(43)) - raft.grpc.server.port = 0 (default)
2019-07-15 13:42:30,987 INFO  server.GrpcService (ConfUtils.java:logGet(43)) - raft.grpc.message.size.max = 33570816 (custom)
2019-07-15 13:42:30,987 INFO  server.RaftServerConfigKeys (ConfUtils.java:logGet(43)) - raft.server.log.appender.buffer.byte-limit = 33554432 (custom)
2019-07-15 13:42:30,987 INFO  server.GrpcService (ConfUtils.java:logGet(43)) - raft.grpc.flow.control.window = 1MB (=1048576) (default)
2019-07-15 13:42:30,988 INFO  server.RaftServerConfigKeys (ConfUtils.java:logGet(43)) - raft.server.rpc.request.timeout = 3000ms (default)
2019-07-15 13:42:30,988 INFO  server.RaftServerConfigKeys (ConfUtils.java:logGet(43)) - raft.server.storage.dir = [/workdir/hadoop-ozone/integration-test/target/test-dir/MiniOzoneClusterImpl-c495932b-8957-4ff9-a01d-44ea499fdf4f/datanode-6/data/ratis] (custom)
2019-07-15 13:42:30,989 INFO  replication.SimpleContainerDownloader (SimpleContainerDownloader.java:<init>(72)) - Starting container downloader service to copy containers to replicate.
2019-07-15 13:42:30,990 INFO  hdfs.DFSUtil (DFSUtil.java:httpServerTemplateForNNAndJN(1641)) - Starting Web-server for hddsDatanode at: http://0.0.0.0:0
2019-07-15 13:42:30,991 INFO  server.AuthenticationFilter (AuthenticationFilter.java:constructSecretProvider(240)) - Unable to initialize FileSignerSecretProvider, falling back to use random secrets.
2019-07-15 13:42:30,992 WARN  http.HttpRequestLog (HttpRequestLog.java:getRequestLog(97)) - Jetty request log can only be enabled using Log4j
2019-07-15 13:42:30,993 INFO  http.HttpServer2 (HttpServer2.java:addGlobalFilter(975)) - Added global filter 'safety' (class=org.apache.hadoop.http.HttpServer2$QuotingInputFilter)
2019-07-15 13:42:30,994 INFO  http.HttpServer2 (HttpServer2.java:addFilter(948)) - Added filter static_user_filter (class=org.apache.hadoop.http.lib.StaticUserWebFilter$StaticUserFilter) to context hddsDatanode
2019-07-15 13:42:30,994 INFO  http.HttpServer2 (HttpServer2.java:addFilter(958)) - Added filter static_user_filter (class=org.apache.hadoop.http.lib.StaticUserWebFilter$StaticUserFilter) to context logs
2019-07-15 13:42:30,994 INFO  http.HttpServer2 (HttpServer2.java:addFilter(958)) - Added filter static_user_filter (class=org.apache.hadoop.http.lib.StaticUserWebFilter$StaticUserFilter) to context static
2019-07-15 13:42:30,995 INFO  http.HttpServer2 (HttpServer2.java:bindListener(1191)) - Jetty bound to port 41740
2019-07-15 13:42:30,995 INFO  server.Server (Server.java:doStart(351)) - jetty-9.3.24.v20180605, build timestamp: 2018-06-05T17:11:56Z, git hash: 84205aa28f11a4f31f2a3b86d1bba2cc8ab69827
2019-07-15 13:42:30,997 INFO  handler.ContextHandler (ContextHandler.java:doStart(781)) - Started o.e.j.s.ServletContextHandler@35fa450f{/logs,file:///workdir/hadoop-ozone/integration-test/target/log,AVAILABLE}
2019-07-15 13:42:30,998 INFO  handler.ContextHandler (ContextHandler.java:doStart(781)) - Started o.e.j.s.ServletContextHandler@9b3be1c{/static,jar:file:/home/user/.m2/repository/org/apache/hadoop/hadoop-hdds-container-service/0.5.0-SNAPSHOT/hadoop-hdds-container-service-0.5.0-SNAPSHOT.jar!/webapps/static,AVAILABLE}
2019-07-15 13:42:31,027 INFO  handler.ContextHandler (ContextHandler.java:doStart(781)) - Started o.e.j.w.WebAppContext@4c7d7430{/,file:///tmp/jetty-0.0.0.0-41740-hddsDatanode-_-any-1677038462906677854.dir/webapp/,AVAILABLE}{/hddsDatanode}
2019-07-15 13:42:31,027 INFO  server.AbstractConnector (AbstractConnector.java:doStart(278)) - Started ServerConnector@4ea1aa52{HTTP/1.1,[http/1.1]}{0.0.0.0:41740}
2019-07-15 13:42:31,028 INFO  server.Server (Server.java:doStart(419)) - Started @7379ms
2019-07-15 13:42:31,029 INFO  server.BaseHttpServer (BaseHttpServer.java:updateConnectorAddress(207)) - HTTP server of HDDSDATANODE is listening at http://0.0.0.0:41740
2019-07-15 13:42:31,242 INFO  ozone.HddsDatanodeService (HddsDatanodeService.java:startPlugins(396)) - Started plug-in org.apache.hadoop.ozone.web.OzoneHddsDatanodeService@da09250
2019-07-15 13:42:31,245 INFO  ozone.MiniOzoneClusterImpl (MiniOzoneClusterImpl.java:lambda$waitForClusterToBeReady$0(142)) - Waiting for cluster to be ready. Got 0 of 7 DN Heartbeats.
2019-07-15 13:42:31,246 INFO  util.JvmPauseMonitor (JvmPauseMonitor.java:run(188)) - Starting JVM pause monitor
2019-07-15 13:42:31,249 INFO  datanode.InitDatanodeState (InitDatanodeState.java:persistContainerDatanodeDetails(140)) - DatanodeDetails is persisted to /workdir/hadoop-ozone/integration-test/target/test-dir/MiniOzoneClusterImpl-c495932b-8957-4ff9-a01d-44ea499fdf4f/datanode-6/meta/datanode.id
2019-07-15 13:42:31,861 INFO  ozoneimpl.OzoneContainer (OzoneContainer.java:start(186)) - Attempting to start container services.
2019-07-15 13:42:31,863 INFO  ozoneimpl.OzoneContainer (OzoneContainer.java:startContainerScrub(160)) - Background container scrubber has been disabled by hdds.containerscrub.enabled
2019-07-15 13:42:31,863 INFO  ratis.XceiverServerRatis (XceiverServerRatis.java:start(418)) - Starting XceiverServerRatis 0f69f74f-2127-43c1-8e92-277219ce5a69 at port 0
2019-07-15 13:42:31,891 INFO  impl.RaftServerProxy (RaftServerProxy.java:lambda$start$3(299)) - 0f69f74f-2127-43c1-8e92-277219ce5a69: start RPC server
2019-07-15 13:42:32,032 INFO  server.GrpcService (GrpcService.java:startImpl(149)) - 0f69f74f-2127-43c1-8e92-277219ce5a69: GrpcService started, listening on 0.0.0.0/0.0.0.0:35859
2019-07-15 13:42:32,033 INFO  ratis.XceiverServerRatis (XceiverServerRatis.java:start(428)) - XceiverServerRatis 0f69f74f-2127-43c1-8e92-277219ce5a69 is started using port 35859
2019-07-15 13:42:32,036 INFO  server.XceiverServerGrpc (XceiverServerGrpc.java:start(161)) - XceiverServerGrpc 0f69f74f-2127-43c1-8e92-277219ce5a69 is started using port 34638
2019-07-15 13:42:32,061 INFO  ozoneimpl.OzoneContainer (OzoneContainer.java:start(186)) - Attempting to start container services.
2019-07-15 13:42:32,064 INFO  ozoneimpl.OzoneContainer (OzoneContainer.java:startContainerScrub(160)) - Background container scrubber has been disabled by hdds.containerscrub.enabled
2019-07-15 13:42:32,064 INFO  ratis.XceiverServerRatis (XceiverServerRatis.java:start(418)) - Starting XceiverServerRatis 4246fd4b-cf21-443d-99bb-c2412d83fae8 at port 0
2019-07-15 13:42:32,072 INFO  impl.RaftServerProxy (RaftServerProxy.java:lambda$start$3(299)) - 4246fd4b-cf21-443d-99bb-c2412d83fae8: start RPC server
2019-07-15 13:42:32,075 INFO  server.GrpcService (GrpcService.java:startImpl(149)) - 4246fd4b-cf21-443d-99bb-c2412d83fae8: GrpcService started, listening on 0.0.0.0/0.0.0.0:44719
2019-07-15 13:42:32,075 INFO  ratis.XceiverServerRatis (XceiverServerRatis.java:start(428)) - XceiverServerRatis 4246fd4b-cf21-443d-99bb-c2412d83fae8 is started using port 44719
2019-07-15 13:42:32,078 INFO  server.XceiverServerGrpc (XceiverServerGrpc.java:start(161)) - XceiverServerGrpc 4246fd4b-cf21-443d-99bb-c2412d83fae8 is started using port 34726
2019-07-15 13:42:32,246 INFO  ozone.MiniOzoneClusterImpl (MiniOzoneClusterImpl.java:lambda$waitForClusterToBeReady$0(142)) - Waiting for cluster to be ready. Got 0 of 7 DN Heartbeats.
2019-07-15 13:42:32,302 INFO  ozoneimpl.OzoneContainer (OzoneContainer.java:start(186)) - Attempting to start container services.
2019-07-15 13:42:32,305 INFO  ozoneimpl.OzoneContainer (OzoneContainer.java:startContainerScrub(160)) - Background container scrubber has been disabled by hdds.containerscrub.enabled
2019-07-15 13:42:32,305 INFO  ratis.XceiverServerRatis (XceiverServerRatis.java:start(418)) - Starting XceiverServerRatis 2bd76219-3cc0-41a7-bf32-ae7e1f1aa20f at port 0
2019-07-15 13:42:32,313 INFO  impl.RaftServerProxy (RaftServerProxy.java:lambda$start$3(299)) - 2bd76219-3cc0-41a7-bf32-ae7e1f1aa20f: start RPC server
2019-07-15 13:42:32,316 INFO  server.GrpcService (GrpcService.java:startImpl(149)) - 2bd76219-3cc0-41a7-bf32-ae7e1f1aa20f: GrpcService started, listening on 0.0.0.0/0.0.0.0:40921
2019-07-15 13:42:32,317 INFO  ratis.XceiverServerRatis (XceiverServerRatis.java:start(428)) - XceiverServerRatis 2bd76219-3cc0-41a7-bf32-ae7e1f1aa20f is started using port 40921
2019-07-15 13:42:32,319 INFO  server.XceiverServerGrpc (XceiverServerGrpc.java:start(161)) - XceiverServerGrpc 2bd76219-3cc0-41a7-bf32-ae7e1f1aa20f is started using port 34724
2019-07-15 13:42:32,537 INFO  ozoneimpl.OzoneContainer (OzoneContainer.java:start(186)) - Attempting to start container services.
2019-07-15 13:42:32,543 INFO  ozoneimpl.OzoneContainer (OzoneContainer.java:startContainerScrub(160)) - Background container scrubber has been disabled by hdds.containerscrub.enabled
2019-07-15 13:42:32,544 INFO  ratis.XceiverServerRatis (XceiverServerRatis.java:start(418)) - Starting XceiverServerRatis a4f6eea7-010d-4f2a-a599-c0ea463d8e37 at port 0
2019-07-15 13:42:32,554 INFO  impl.RaftServerProxy (RaftServerProxy.java:lambda$start$3(299)) - a4f6eea7-010d-4f2a-a599-c0ea463d8e37: start RPC server
2019-07-15 13:42:32,558 INFO  server.GrpcService (GrpcService.java:startImpl(149)) - a4f6eea7-010d-4f2a-a599-c0ea463d8e37: GrpcService started, listening on 0.0.0.0/0.0.0.0:35463
2019-07-15 13:42:32,558 INFO  ratis.XceiverServerRatis (XceiverServerRatis.java:start(428)) - XceiverServerRatis a4f6eea7-010d-4f2a-a599-c0ea463d8e37 is started using port 35463
2019-07-15 13:42:32,561 INFO  server.XceiverServerGrpc (XceiverServerGrpc.java:start(161)) - XceiverServerGrpc a4f6eea7-010d-4f2a-a599-c0ea463d8e37 is started using port 44036
2019-07-15 13:42:32,747 INFO  ozoneimpl.OzoneContainer (OzoneContainer.java:start(186)) - Attempting to start container services.
2019-07-15 13:42:32,747 INFO  ozoneimpl.OzoneContainer (OzoneContainer.java:startContainerScrub(160)) - Background container scrubber has been disabled by hdds.containerscrub.enabled
2019-07-15 13:42:32,748 INFO  ratis.XceiverServerRatis (XceiverServerRatis.java:start(418)) - Starting XceiverServerRatis bf20c03f-2aa8-457d-a0d5-81efc30b79cc at port 0
2019-07-15 13:42:32,758 INFO  impl.RaftServerProxy (RaftServerProxy.java:lambda$start$3(299)) - bf20c03f-2aa8-457d-a0d5-81efc30b79cc: start RPC server
2019-07-15 13:42:32,762 INFO  server.GrpcService (GrpcService.java:startImpl(149)) - bf20c03f-2aa8-457d-a0d5-81efc30b79cc: GrpcService started, listening on 0.0.0.0/0.0.0.0:36845
2019-07-15 13:42:32,762 INFO  ratis.XceiverServerRatis (XceiverServerRatis.java:start(428)) - XceiverServerRatis bf20c03f-2aa8-457d-a0d5-81efc30b79cc is started using port 36845
2019-07-15 13:42:32,765 INFO  server.XceiverServerGrpc (XceiverServerGrpc.java:start(161)) - XceiverServerGrpc bf20c03f-2aa8-457d-a0d5-81efc30b79cc is started using port 40544
2019-07-15 13:42:32,979 INFO  ozoneimpl.OzoneContainer (OzoneContainer.java:start(186)) - Attempting to start container services.
2019-07-15 13:42:32,979 INFO  ozoneimpl.OzoneContainer (OzoneContainer.java:startContainerScrub(160)) - Background container scrubber has been disabled by hdds.containerscrub.enabled
2019-07-15 13:42:32,980 INFO  ratis.XceiverServerRatis (XceiverServerRatis.java:start(418)) - Starting XceiverServerRatis af97e53f-6c11-4342-ae9a-a60f97a0ff45 at port 0
2019-07-15 13:42:32,989 INFO  impl.RaftServerProxy (RaftServerProxy.java:lambda$start$3(299)) - af97e53f-6c11-4342-ae9a-a60f97a0ff45: start RPC server
2019-07-15 13:42:32,993 INFO  server.GrpcService (GrpcService.java:startImpl(149)) - af97e53f-6c11-4342-ae9a-a60f97a0ff45: GrpcService started, listening on 0.0.0.0/0.0.0.0:36167
2019-07-15 13:42:32,994 INFO  ratis.XceiverServerRatis (XceiverServerRatis.java:start(428)) - XceiverServerRatis af97e53f-6c11-4342-ae9a-a60f97a0ff45 is started using port 36167
2019-07-15 13:42:32,998 INFO  server.XceiverServerGrpc (XceiverServerGrpc.java:start(161)) - XceiverServerGrpc af97e53f-6c11-4342-ae9a-a60f97a0ff45 is started using port 41871
2019-07-15 13:42:33,248 INFO  ozone.MiniOzoneClusterImpl (MiniOzoneClusterImpl.java:lambda$waitForClusterToBeReady$0(142)) - Waiting for cluster to be ready. Got 0 of 7 DN Heartbeats.
2019-07-15 13:42:33,263 INFO  ozoneimpl.OzoneContainer (OzoneContainer.java:start(186)) - Attempting to start container services.
2019-07-15 13:42:33,264 INFO  ozoneimpl.OzoneContainer (OzoneContainer.java:startContainerScrub(160)) - Background container scrubber has been disabled by hdds.containerscrub.enabled
2019-07-15 13:42:33,264 INFO  ratis.XceiverServerRatis (XceiverServerRatis.java:start(418)) - Starting XceiverServerRatis 1dc89fb7-c510-4be8-8169-e8f46e2262bf at port 0
2019-07-15 13:42:33,273 INFO  impl.RaftServerProxy (RaftServerProxy.java:lambda$start$3(299)) - 1dc89fb7-c510-4be8-8169-e8f46e2262bf: start RPC server
2019-07-15 13:42:33,278 INFO  server.GrpcService (GrpcService.java:startImpl(149)) - 1dc89fb7-c510-4be8-8169-e8f46e2262bf: GrpcService started, listening on 0.0.0.0/0.0.0.0:33645
2019-07-15 13:42:33,278 INFO  ratis.XceiverServerRatis (XceiverServerRatis.java:start(428)) - XceiverServerRatis 1dc89fb7-c510-4be8-8169-e8f46e2262bf is started using port 33645
2019-07-15 13:42:33,282 INFO  server.XceiverServerGrpc (XceiverServerGrpc.java:start(161)) - XceiverServerGrpc 1dc89fb7-c510-4be8-8169-e8f46e2262bf is started using port 33769
2019-07-15 13:42:33,847 INFO  net.NetworkTopology (NetworkTopologyImpl.java:add(110)) - Added a new node: /default-rack/192.168.157.240
2019-07-15 13:42:33,847 INFO  node.SCMNodeManager (SCMNodeManager.java:register(269)) - Registered Data node : 0f69f74f-2127-43c1-8e92-277219ce5a69{ip: 192.168.157.240, host: trunk-nightly-hvlc9-701369690, networkLocation: /default-rack, certSerialId: null}
2019-07-15 13:42:33,853 INFO  safemode.SCMSafeModeManager (DataNodeSafeModeRule.java:process(71)) - SCM in safe mode. 1 DataNodes registered, 1 required.
2019-07-15 13:42:33,853 INFO  safemode.SCMSafeModeManager (SCMSafeModeManager.java:validateSafeModeExitRules(177)) - ScmSafeModeManager, all rules are successfully validated
2019-07-15 13:42:33,854 INFO  safemode.SCMSafeModeManager (SCMSafeModeManager.java:exitSafeMode(193)) - SCM exiting safe mode.
2019-07-15 13:42:34,049 INFO  node.SCMNodeManager (SCMNodeManager.java:register(269)) - Registered Data node : 4246fd4b-cf21-443d-99bb-c2412d83fae8{ip: 192.168.157.240, host: trunk-nightly-hvlc9-701369690, networkLocation: /default-rack, certSerialId: null}
2019-07-15 13:42:34,249 INFO  ozone.MiniOzoneClusterImpl (MiniOzoneClusterImpl.java:lambda$waitForClusterToBeReady$0(142)) - Waiting for cluster to be ready. Got 2 of 7 DN Heartbeats.
2019-07-15 13:42:34,289 INFO  node.SCMNodeManager (SCMNodeManager.java:register(269)) - Registered Data node : 2bd76219-3cc0-41a7-bf32-ae7e1f1aa20f{ip: 192.168.157.240, host: trunk-nightly-hvlc9-701369690, networkLocation: /default-rack, certSerialId: null}
2019-07-15 13:42:34,791 INFO  node.SCMNodeManager (SCMNodeManager.java:register(269)) - Registered Data node : bf20c03f-2aa8-457d-a0d5-81efc30b79cc{ip: 192.168.157.240, host: trunk-nightly-hvlc9-701369690, networkLocation: /default-rack, certSerialId: null}
2019-07-15 13:42:34,792 INFO  node.SCMNodeManager (SCMNodeManager.java:register(269)) - Registered Data node : a4f6eea7-010d-4f2a-a599-c0ea463d8e37{ip: 192.168.157.240, host: trunk-nightly-hvlc9-701369690, networkLocation: /default-rack, certSerialId: null}
2019-07-15 13:42:34,833 INFO  impl.RaftServerProxy (RaftServerProxy.java:addNew(89)) - 0f69f74f-2127-43c1-8e92-277219ce5a69: addNew group-2FE2923F2EED:[0f69f74f-2127-43c1-8e92-277219ce5a69:192.168.157.240:35859] returns group-2FE2923F2EED:java.util.concurrent.CompletableFuture@38b852ea[Not completed]
2019-07-15 13:42:34,856 INFO  impl.RaftServerImpl (RaftServerImpl.java:<init>(93)) - 0f69f74f-2127-43c1-8e92-277219ce5a69: new RaftServerImpl for group-2FE2923F2EED:[0f69f74f-2127-43c1-8e92-277219ce5a69:192.168.157.240:35859] with ContainerStateMachine:uninitialized
2019-07-15 13:42:34,858 INFO  server.RaftServerConfigKeys (ConfUtils.java:logGet(43)) - raft.server.rpc.timeout.min = 5s (custom)
2019-07-15 13:42:34,860 INFO  server.RaftServerConfigKeys (ConfUtils.java:logGet(43)) - raft.server.rpc.timeout.max = 5200ms (custom)
2019-07-15 13:42:34,860 INFO  server.RaftServerConfigKeys (ConfUtils.java:logGet(43)) - raft.server.rpcslowness.timeout = 120s (custom)
2019-07-15 13:42:34,861 INFO  server.RaftServerConfigKeys (ConfUtils.java:logGet(43)) - raft.server.sleep.deviation.threshold = 300 (default)
2019-07-15 13:42:34,862 INFO  server.RaftServerConfigKeys (ConfUtils.java:logGet(43)) - raft.server.log.appender.install.snapshot.enabled = false (custom)
2019-07-15 13:42:34,871 INFO  impl.RaftServerImpl (ServerState.java:<init>(105)) - 0f69f74f-2127-43c1-8e92-277219ce5a69:group-2FE2923F2EED ConfigurationManager, init=-1: [0f69f74f-2127-43c1-8e92-277219ce5a69:192.168.157.240:35859], old=null, confs=<EMPTY_MAP>
2019-07-15 13:42:34,871 INFO  server.RaftServerConfigKeys (ConfUtils.java:logGet(43)) - raft.server.storage.dir = [/workdir/hadoop-ozone/integration-test/target/test-dir/MiniOzoneClusterImpl-c495932b-8957-4ff9-a01d-44ea499fdf4f/datanode-0/data/ratis] (custom)
2019-07-15 13:42:34,880 INFO  storage.RaftStorageDirectory (RaftStorageDirectory.java:analyzeStorage(246)) - The storage directory /workdir/hadoop-ozone/integration-test/target/test-dir/MiniOzoneClusterImpl-c495932b-8957-4ff9-a01d-44ea499fdf4f/datanode-0/data/ratis/74932ad8-6aff-41fb-9346-2fe2923f2eed does not exist. Creating ...
2019-07-15 13:42:34,898 INFO  storage.RaftStorageDirectory (RaftStorageDirectory.java:tryLock(328)) - Lock on /workdir/hadoop-ozone/integration-test/target/test-dir/MiniOzoneClusterImpl-c495932b-8957-4ff9-a01d-44ea499fdf4f/datanode-0/data/ratis/74932ad8-6aff-41fb-9346-2fe2923f2eed/in_use.lock acquired by nodename 23576@trunk-nightly-hvlc9-701369690
2019-07-15 13:42:34,913 INFO  storage.RaftStorage (RaftStorage.java:format(72)) - Storage directory /workdir/hadoop-ozone/integration-test/target/test-dir/MiniOzoneClusterImpl-c495932b-8957-4ff9-a01d-44ea499fdf4f/datanode-0/data/ratis/74932ad8-6aff-41fb-9346-2fe2923f2eed has been successfully formatted.
2019-07-15 13:42:34,916 INFO  ratis.ContainerStateMachine (ContainerStateMachine.java:loadSnapshot(200)) - group-2FE2923F2EED: The snapshot info is null. Setting the last applied indexto:(t:0, i:~)
2019-07-15 13:42:34,916 INFO  server.RaftServerConfigKeys (ConfUtils.java:logGet(43)) - raft.server.leader.election.timeout = 120s (custom)
2019-07-15 13:42:34,918 INFO  server.RaftServerConfigKeys (ConfUtils.java:logGet(43)) - raft.server.log.use.memory = false (default)
2019-07-15 13:42:34,925 INFO  server.RaftServerConfigKeys (ConfUtils.java:logGet(43)) - raft.server.log.purge.gap = 1000000000 (custom)
2019-07-15 13:42:34,925 INFO  server.RaftServerConfigKeys (ConfUtils.java:logGet(43)) - raft.server.log.appender.buffer.byte-limit = 33554432 (custom)
2019-07-15 13:42:34,927 INFO  server.RaftServerConfigKeys (ConfUtils.java:logGet(43)) - raft.server.log.segment.size.max = 1048576 (custom)
2019-07-15 13:42:34,932 INFO  server.RaftServerConfigKeys (ConfUtils.java:logGet(43)) - raft.server.log.segment.cache.num.max = 2 (custom)
2019-07-15 13:42:34,938 INFO  segmented.SegmentedRaftLogWorker (SegmentedRaftLogWorker.java:<init>(172)) - new 0f69f74f-2127-43c1-8e92-277219ce5a69-SegmentedRaftLogWorker:Storage Directory /workdir/hadoop-ozone/integration-test/target/test-dir/MiniOzoneClusterImpl-c495932b-8957-4ff9-a01d-44ea499fdf4f/datanode-0/data/ratis/74932ad8-6aff-41fb-9346-2fe2923f2eed for RaftStorage:Storage Directory /workdir/hadoop-ozone/integration-test/target/test-dir/MiniOzoneClusterImpl-c495932b-8957-4ff9-a01d-44ea499fdf4f/datanode-0/data/ratis/74932ad8-6aff-41fb-9346-2fe2923f2eed
2019-07-15 13:42:34,951 INFO  server.RaftServerConfigKeys (ConfUtils.java:logGet(43)) - raft.server.log.queue.byte-limit = 2147483647 (custom)
2019-07-15 13:42:34,952 INFO  server.RaftServerConfigKeys (ConfUtils.java:logGet(43)) - raft.server.log.queue.element-limit = 1024 (custom)
2019-07-15 13:42:34,957 INFO  server.RaftServerConfigKeys (ConfUtils.java:logGet(43)) - raft.server.log.segment.size.max = 1048576 (custom)
2019-07-15 13:42:34,957 INFO  server.RaftServerConfigKeys (ConfUtils.java:logGet(43)) - raft.server.log.preallocated.size = 16384 (custom)
2019-07-15 13:42:34,958 INFO  server.RaftServerConfigKeys (ConfUtils.java:logGet(43)) - raft.server.log.write.buffer.size = 33554432 (custom)
2019-07-15 13:42:34,958 INFO  server.RaftServerConfigKeys (ConfUtils.java:logGet(43)) - raft.server.log.force.sync.num = 128 (default)
2019-07-15 13:42:34,959 INFO  server.RaftServerConfigKeys (ConfUtils.java:logGet(43)) - raft.server.log.statemachine.data.sync = true (default)
2019-07-15 13:42:34,960 INFO  server.RaftServerConfigKeys (ConfUtils.java:logGet(43)) - raft.server.log.statemachine.data.sync.timeout = 10s (default)
2019-07-15 13:42:34,960 INFO  server.RaftServerConfigKeys (ConfUtils.java:logGet(43)) - raft.server.log.statemachine.data.sync.timeout.retry = -1 (default)
2019-07-15 13:42:34,965 INFO  node.SCMNodeManager (SCMNodeManager.java:register(269)) - Registered Data node : af97e53f-6c11-4342-ae9a-a60f97a0ff45{ip: 192.168.157.240, host: trunk-nightly-hvlc9-701369690, networkLocation: /default-rack, certSerialId: null}
2019-07-15 13:42:34,973 INFO  server.RaftServerConfigKeys (ConfUtils.java:logGet(43)) - raft.server.log.statemachine.data.caching.enabled = true (custom)
2019-07-15 13:42:34,978 INFO  segmented.SegmentedRaftLogWorker (SegmentedRaftLogWorker.java:lambda$new$0(132)) - 0f69f74f-2127-43c1-8e92-277219ce5a69-SegmentedRaftLogWorker:Storage Directory /workdir/hadoop-ozone/integration-test/target/test-dir/MiniOzoneClusterImpl-c495932b-8957-4ff9-a01d-44ea499fdf4f/datanode-0/data/ratis/74932ad8-6aff-41fb-9346-2fe2923f2eed: flushIndex: setUnconditionally 0 -> -1
2019-07-15 13:42:34,982 INFO  server.RaftServerConfigKeys (ConfUtils.java:logGet(43)) - raft.server.snapshot.auto.trigger.enabled = true (custom)
2019-07-15 13:42:34,983 INFO  server.RaftServerConfigKeys (ConfUtils.java:logGet(43)) - raft.server.snapshot.auto.trigger.threshold = 10000 (custom)
2019-07-15 13:42:34,983 INFO  server.RaftServerConfigKeys (ConfUtils.java:logGet(43)) - raft.server.retrycache.expirytime = 600000ms (custom)
2019-07-15 13:42:35,004 INFO  impl.RaftServerImpl (RaftServerImpl.java:start(180)) - 0f69f74f-2127-43c1-8e92-277219ce5a69: start group-2FE2923F2EED
2019-07-15 13:42:35,005 INFO  impl.RaftServerImpl (RaftServerImpl.java:setRole(171)) - 0f69f74f-2127-43c1-8e92-277219ce5a69:group-2FE2923F2EED changes role from null to FOLLOWER at term 0 for startAsFollower
2019-07-15 13:42:35,007 INFO  impl.RoleInfo (RoleInfo.java:updateAndGet(143)) - 0f69f74f-2127-43c1-8e92-277219ce5a69: start FollowerState
2019-07-15 13:42:35,008 INFO  util.JmxRegister (JmxRegister.java:tryRegister(44)) - Successfully registered JMX Bean with object name Ratis:service=RaftServer,group=group-2FE2923F2EED,id=0f69f74f-2127-43c1-8e92-277219ce5a69
2019-07-15 13:42:35,073 INFO  pipeline.PipelineStateManager (PipelineStateManager.java:addPipeline(56)) - Created pipeline Pipeline[ Id: 74932ad8-6aff-41fb-9346-2fe2923f2eed, Nodes: 0f69f74f-2127-43c1-8e92-277219ce5a69{ip: 192.168.157.240, host: trunk-nightly-hvlc9-701369690, networkLocation: /default-rack, certSerialId: null}, Type:RATIS, Factor:ONE, State:OPEN]
2019-07-15 13:42:35,110 INFO  impl.RaftServerProxy (RaftServerProxy.java:addNew(89)) - 4246fd4b-cf21-443d-99bb-c2412d83fae8: addNew group-C496ED74A24D:[4246fd4b-cf21-443d-99bb-c2412d83fae8:192.168.157.240:44719] returns group-C496ED74A24D:java.util.concurrent.CompletableFuture@1ae1db67[Not completed]
2019-07-15 13:42:35,170 INFO  impl.RaftServerImpl (RaftServerImpl.java:<init>(93)) - 4246fd4b-cf21-443d-99bb-c2412d83fae8: new RaftServerImpl for group-C496ED74A24D:[4246fd4b-cf21-443d-99bb-c2412d83fae8:192.168.157.240:44719] with ContainerStateMachine:uninitialized
2019-07-15 13:42:35,172 INFO  server.RaftServerConfigKeys (ConfUtils.java:logGet(43)) - raft.server.rpc.timeout.min = 5s (custom)
2019-07-15 13:42:35,172 INFO  server.RaftServerConfigKeys (ConfUtils.java:logGet(43)) - raft.server.rpc.timeout.max = 5200ms (custom)
2019-07-15 13:42:35,172 INFO  server.RaftServerConfigKeys (ConfUtils.java:logGet(43)) - raft.server.rpcslowness.timeout = 120s (custom)
2019-07-15 13:42:35,172 INFO  server.RaftServerConfigKeys (ConfUtils.java:logGet(43)) - raft.server.sleep.deviation.threshold = 300 (default)
2019-07-15 13:42:35,172 INFO  server.RaftServerConfigKeys (ConfUtils.java:logGet(43)) - raft.server.log.appender.install.snapshot.enabled = false (custom)
2019-07-15 13:42:35,173 INFO  impl.RaftServerImpl (ServerState.java:<init>(105)) - 4246fd4b-cf21-443d-99bb-c2412d83fae8:group-C496ED74A24D ConfigurationManager, init=-1: [4246fd4b-cf21-443d-99bb-c2412d83fae8:192.168.157.240:44719], old=null, confs=<EMPTY_MAP>
2019-07-15 13:42:35,173 INFO  server.RaftServerConfigKeys (ConfUtils.java:logGet(43)) - raft.server.storage.dir = [/workdir/hadoop-ozone/integration-test/target/test-dir/MiniOzoneClusterImpl-c495932b-8957-4ff9-a01d-44ea499fdf4f/datanode-1/data/ratis] (custom)
2019-07-15 13:42:35,173 INFO  storage.RaftStorageDirectory (RaftStorageDirectory.java:analyzeStorage(246)) - The storage directory /workdir/hadoop-ozone/integration-test/target/test-dir/MiniOzoneClusterImpl-c495932b-8957-4ff9-a01d-44ea499fdf4f/datanode-1/data/ratis/567730bb-25fa-450b-89a5-c496ed74a24d does not exist. Creating ...
2019-07-15 13:42:35,180 INFO  storage.RaftStorageDirectory (RaftStorageDirectory.java:tryLock(328)) - Lock on /workdir/hadoop-ozone/integration-test/target/test-dir/MiniOzoneClusterImpl-c495932b-8957-4ff9-a01d-44ea499fdf4f/datanode-1/data/ratis/567730bb-25fa-450b-89a5-c496ed74a24d/in_use.lock acquired by nodename 23576@trunk-nightly-hvlc9-701369690
2019-07-15 13:42:35,193 INFO  storage.RaftStorage (RaftStorage.java:format(72)) - Storage directory /workdir/hadoop-ozone/integration-test/target/test-dir/MiniOzoneClusterImpl-c495932b-8957-4ff9-a01d-44ea499fdf4f/datanode-1/data/ratis/567730bb-25fa-450b-89a5-c496ed74a24d has been successfully formatted.
2019-07-15 13:42:35,195 INFO  ratis.ContainerStateMachine (ContainerStateMachine.java:loadSnapshot(200)) - group-C496ED74A24D: The snapshot info is null. Setting the last applied indexto:(t:0, i:~)
2019-07-15 13:42:35,196 INFO  server.RaftServerConfigKeys (ConfUtils.java:logGet(43)) - raft.server.leader.election.timeout = 120s (custom)
2019-07-15 13:42:35,196 INFO  server.RaftServerConfigKeys (ConfUtils.java:logGet(43)) - raft.server.log.use.memory = false (default)
2019-07-15 13:42:35,197 INFO  server.RaftServerConfigKeys (ConfUtils.java:logGet(43)) - raft.server.log.purge.gap = 1000000000 (custom)
2019-07-15 13:42:35,197 INFO  server.RaftServerConfigKeys (ConfUtils.java:logGet(43)) - raft.server.log.appender.buffer.byte-limit = 33554432 (custom)
2019-07-15 13:42:35,197 INFO  server.RaftServerConfigKeys (ConfUtils.java:logGet(43)) - raft.server.log.segment.size.max = 1048576 (custom)
2019-07-15 13:42:35,197 INFO  server.RaftServerConfigKeys (ConfUtils.java:logGet(43)) - raft.server.log.segment.cache.num.max = 2 (custom)
2019-07-15 13:42:35,197 INFO  segmented.SegmentedRaftLogWorker (SegmentedRaftLogWorker.java:<init>(172)) - new 4246fd4b-cf21-443d-99bb-c2412d83fae8-SegmentedRaftLogWorker:Storage Directory /workdir/hadoop-ozone/integration-test/target/test-dir/MiniOzoneClusterImpl-c495932b-8957-4ff9-a01d-44ea499fdf4f/datanode-1/data/ratis/567730bb-25fa-450b-89a5-c496ed74a24d for RaftStorage:Storage Directory /workdir/hadoop-ozone/integration-test/target/test-dir/MiniOzoneClusterImpl-c495932b-8957-4ff9-a01d-44ea499fdf4f/datanode-1/data/ratis/567730bb-25fa-450b-89a5-c496ed74a24d
2019-07-15 13:42:35,199 INFO  server.RaftServerConfigKeys (ConfUtils.java:logGet(43)) - raft.server.log.queue.byte-limit = 2147483647 (custom)
2019-07-15 13:42:35,199 INFO  server.RaftServerConfigKeys (ConfUtils.java:logGet(43)) - raft.server.log.queue.element-limit = 1024 (custom)
2019-07-15 13:42:35,200 INFO  server.RaftServerConfigKeys (ConfUtils.java:logGet(43)) - raft.server.log.segment.size.max = 1048576 (custom)
2019-07-15 13:42:35,200 INFO  server.RaftServerConfigKeys (ConfUtils.java:logGet(43)) - raft.server.log.preallocated.size = 16384 (custom)
2019-07-15 13:42:35,200 INFO  server.RaftServerConfigKeys (ConfUtils.java:logGet(43)) - raft.server.log.write.buffer.size = 33554432 (custom)
2019-07-15 13:42:35,200 INFO  server.RaftServerConfigKeys (ConfUtils.java:logGet(43)) - raft.server.log.force.sync.num = 128 (default)
2019-07-15 13:42:35,201 INFO  server.RaftServerConfigKeys (ConfUtils.java:logGet(43)) - raft.server.log.statemachine.data.sync = true (default)
2019-07-15 13:42:35,201 INFO  server.RaftServerConfigKeys (ConfUtils.java:logGet(43)) - raft.server.log.statemachine.data.sync.timeout = 10s (default)
2019-07-15 13:42:35,201 INFO  server.RaftServerConfigKeys (ConfUtils.java:logGet(43)) - raft.server.log.statemachine.data.sync.timeout.retry = -1 (default)
2019-07-15 13:42:35,201 INFO  server.RaftServerConfigKeys (ConfUtils.java:logGet(43)) - raft.server.log.statemachine.data.caching.enabled = true (custom)
2019-07-15 13:42:35,202 INFO  segmented.SegmentedRaftLogWorker (SegmentedRaftLogWorker.java:lambda$new$0(132)) - 4246fd4b-cf21-443d-99bb-c2412d83fae8-SegmentedRaftLogWorker:Storage Directory /workdir/hadoop-ozone/integration-test/target/test-dir/MiniOzoneClusterImpl-c495932b-8957-4ff9-a01d-44ea499fdf4f/datanode-1/data/ratis/567730bb-25fa-450b-89a5-c496ed74a24d: flushIndex: setUnconditionally 0 -> -1
2019-07-15 13:42:35,202 INFO  server.RaftServerConfigKeys (ConfUtils.java:logGet(43)) - raft.server.snapshot.auto.trigger.enabled = true (custom)
2019-07-15 13:42:35,202 INFO  server.RaftServerConfigKeys (ConfUtils.java:logGet(43)) - raft.server.snapshot.auto.trigger.threshold = 10000 (custom)
2019-07-15 13:42:35,203 INFO  server.RaftServerConfigKeys (ConfUtils.java:logGet(43)) - raft.server.retrycache.expirytime = 600000ms (custom)
2019-07-15 13:42:35,203 INFO  impl.RaftServerImpl (RaftServerImpl.java:start(180)) - 4246fd4b-cf21-443d-99bb-c2412d83fae8: start group-C496ED74A24D
2019-07-15 13:42:35,203 INFO  impl.RaftServerImpl (RaftServerImpl.java:setRole(171)) - 4246fd4b-cf21-443d-99bb-c2412d83fae8:group-C496ED74A24D changes role from null to FOLLOWER at term 0 for startAsFollower
2019-07-15 13:42:35,203 INFO  impl.RoleInfo (RoleInfo.java:updateAndGet(143)) - 4246fd4b-cf21-443d-99bb-c2412d83fae8: start FollowerState
2019-07-15 13:42:35,206 INFO  util.JmxRegister (JmxRegister.java:tryRegister(44)) - Successfully registered JMX Bean with object name Ratis:service=RaftServer,group=group-C496ED74A24D,id=4246fd4b-cf21-443d-99bb-c2412d83fae8
2019-07-15 13:42:35,223 INFO  pipeline.PipelineStateManager (PipelineStateManager.java:addPipeline(56)) - Created pipeline Pipeline[ Id: 567730bb-25fa-450b-89a5-c496ed74a24d, Nodes: 4246fd4b-cf21-443d-99bb-c2412d83fae8{ip: 192.168.157.240, host: trunk-nightly-hvlc9-701369690, networkLocation: /default-rack, certSerialId: null}, Type:RATIS, Factor:ONE, State:OPEN]
2019-07-15 13:42:35,249 INFO  node.SCMNodeManager (SCMNodeManager.java:register(269)) - Registered Data node : 1dc89fb7-c510-4be8-8169-e8f46e2262bf{ip: 192.168.157.240, host: trunk-nightly-hvlc9-701369690, networkLocation: /default-rack, certSerialId: null}
2019-07-15 13:42:35,252 INFO  ozone.MiniOzoneClusterImpl (MiniOzoneClusterImpl.java:lambda$waitForClusterToBeReady$0(142)) - Cluster is ready. Got 7 of 7 DN Heartbeats.
2019-07-15 13:42:35,257 INFO  impl.RaftServerProxy (RaftServerProxy.java:addNew(89)) - 2bd76219-3cc0-41a7-bf32-ae7e1f1aa20f: addNew group-F8F36E082AF5:[2bd76219-3cc0-41a7-bf32-ae7e1f1aa20f:192.168.157.240:40921] returns group-F8F36E082AF5:java.util.concurrent.CompletableFuture@1af5e15b[Not completed]
2019-07-15 13:42:35,268 INFO  impl.RaftServerImpl (RaftServerImpl.java:<init>(93)) - 2bd76219-3cc0-41a7-bf32-ae7e1f1aa20f: new RaftServerImpl for group-F8F36E082AF5:[2bd76219-3cc0-41a7-bf32-ae7e1f1aa20f:192.168.157.240:40921] with ContainerStateMachine:uninitialized
2019-07-15 13:42:35,269 INFO  server.RaftServerConfigKeys (ConfUtils.java:logGet(43)) - raft.server.rpc.timeout.min = 5s (custom)
2019-07-15 13:42:35,269 INFO  server.RaftServerConfigKeys (ConfUtils.java:logGet(43)) - raft.server.rpc.timeout.max = 5200ms (custom)
2019-07-15 13:42:35,269 INFO  server.RaftServerConfigKeys (ConfUtils.java:logGet(43)) - raft.server.rpcslowness.timeout = 120s (custom)
2019-07-15 13:42:35,269 INFO  server.RaftServerConfigKeys (ConfUtils.java:logGet(43)) - raft.server.sleep.deviation.threshold = 300 (default)
2019-07-15 13:42:35,269 INFO  server.RaftServerConfigKeys (ConfUtils.java:logGet(43)) - raft.server.log.appender.install.snapshot.enabled = false (custom)
2019-07-15 13:42:35,269 INFO  impl.RaftServerImpl (ServerState.java:<init>(105)) - 2bd76219-3cc0-41a7-bf32-ae7e1f1aa20f:group-F8F36E082AF5 ConfigurationManager, init=-1: [2bd76219-3cc0-41a7-bf32-ae7e1f1aa20f:192.168.157.240:40921], old=null, confs=<EMPTY_MAP>
2019-07-15 13:42:35,270 INFO  server.RaftServerConfigKeys (ConfUtils.java:logGet(43)) - raft.server.storage.dir = [/workdir/hadoop-ozone/integration-test/target/test-dir/MiniOzoneClusterImpl-c495932b-8957-4ff9-a01d-44ea499fdf4f/datanode-2/data/ratis] (custom)
2019-07-15 13:42:35,270 INFO  storage.RaftStorageDirectory (RaftStorageDirectory.java:analyzeStorage(246)) - The storage directory /workdir/hadoop-ozone/integration-test/target/test-dir/MiniOzoneClusterImpl-c495932b-8957-4ff9-a01d-44ea499fdf4f/datanode-2/data/ratis/1766b9bd-5ed5-411f-8bf6-f8f36e082af5 does not exist. Creating ...
2019-07-15 13:42:35,283 INFO  storage.RaftStorageDirectory (RaftStorageDirectory.java:tryLock(328)) - Lock on /workdir/hadoop-ozone/integration-test/target/test-dir/MiniOzoneClusterImpl-c495932b-8957-4ff9-a01d-44ea499fdf4f/datanode-2/data/ratis/1766b9bd-5ed5-411f-8bf6-f8f36e082af5/in_use.lock acquired by nodename 23576@trunk-nightly-hvlc9-701369690
2019-07-15 13:42:35,296 INFO  storage.RaftStorage (RaftStorage.java:format(72)) - Storage directory /workdir/hadoop-ozone/integration-test/target/test-dir/MiniOzoneClusterImpl-c495932b-8957-4ff9-a01d-44ea499fdf4f/datanode-2/data/ratis/1766b9bd-5ed5-411f-8bf6-f8f36e082af5 has been successfully formatted.
2019-07-15 13:42:35,296 INFO  ratis.ContainerStateMachine (ContainerStateMachine.java:loadSnapshot(200)) - group-F8F36E082AF5: The snapshot info is null. Setting the last applied indexto:(t:0, i:~)
2019-07-15 13:42:35,296 INFO  server.RaftServerConfigKeys (ConfUtils.java:logGet(43)) - raft.server.leader.election.timeout = 120s (custom)
2019-07-15 13:42:35,297 INFO  server.RaftServerConfigKeys (ConfUtils.java:logGet(43)) - raft.server.log.use.memory = false (default)
2019-07-15 13:42:35,297 INFO  server.RaftServerConfigKeys (ConfUtils.java:logGet(43)) - raft.server.log.purge.gap = 1000000000 (custom)
2019-07-15 13:42:35,297 INFO  server.RaftServerConfigKeys (ConfUtils.java:logGet(43)) - raft.server.log.appender.buffer.byte-limit = 33554432 (custom)
2019-07-15 13:42:35,297 INFO  server.RaftServerConfigKeys (ConfUtils.java:logGet(43)) - raft.server.log.segment.size.max = 1048576 (custom)
2019-07-15 13:42:35,297 INFO  server.RaftServerConfigKeys (ConfUtils.java:logGet(43)) - raft.server.log.segment.cache.num.max = 2 (custom)
2019-07-15 13:42:35,298 INFO  segmented.SegmentedRaftLogWorker (SegmentedRaftLogWorker.java:<init>(172)) - new 2bd76219-3cc0-41a7-bf32-ae7e1f1aa20f-SegmentedRaftLogWorker:Storage Directory /workdir/hadoop-ozone/integration-test/target/test-dir/MiniOzoneClusterImpl-c495932b-8957-4ff9-a01d-44ea499fdf4f/datanode-2/data/ratis/1766b9bd-5ed5-411f-8bf6-f8f36e082af5 for RaftStorage:Storage Directory /workdir/hadoop-ozone/integration-test/target/test-dir/MiniOzoneClusterImpl-c495932b-8957-4ff9-a01d-44ea499fdf4f/datanode-2/data/ratis/1766b9bd-5ed5-411f-8bf6-f8f36e082af5
2019-07-15 13:42:35,298 INFO  server.RaftServerConfigKeys (ConfUtils.java:logGet(43)) - raft.server.log.queue.byte-limit = 2147483647 (custom)
2019-07-15 13:42:35,298 INFO  server.RaftServerConfigKeys (ConfUtils.java:logGet(43)) - raft.server.log.queue.element-limit = 1024 (custom)
2019-07-15 13:42:35,298 INFO  server.RaftServerConfigKeys (ConfUtils.java:logGet(43)) - raft.server.log.segment.size.max = 1048576 (custom)
2019-07-15 13:42:35,298 INFO  server.RaftServerConfigKeys (ConfUtils.java:logGet(43)) - raft.server.log.preallocated.size = 16384 (custom)
2019-07-15 13:42:35,299 INFO  server.RaftServerConfigKeys (ConfUtils.java:logGet(43)) - raft.server.log.write.buffer.size = 33554432 (custom)
2019-07-15 13:42:35,299 INFO  server.RaftServerConfigKeys (ConfUtils.java:logGet(43)) - raft.server.log.force.sync.num = 128 (default)
2019-07-15 13:42:35,299 INFO  server.RaftServerConfigKeys (ConfUtils.java:logGet(43)) - raft.server.log.statemachine.data.sync = true (default)
2019-07-15 13:42:35,299 INFO  server.RaftServerConfigKeys (ConfUtils.java:logGet(43)) - raft.server.log.statemachine.data.sync.timeout = 10s (default)
2019-07-15 13:42:35,299 INFO  server.RaftServerConfigKeys (ConfUtils.java:logGet(43)) - raft.server.log.statemachine.data.sync.timeout.retry = -1 (default)
2019-07-15 13:42:35,300 INFO  server.RaftServerConfigKeys (ConfUtils.java:logGet(43)) - raft.server.log.statemachine.data.caching.enabled = true (custom)
2019-07-15 13:42:35,300 INFO  segmented.SegmentedRaftLogWorker (SegmentedRaftLogWorker.java:lambda$new$0(132)) - 2bd76219-3cc0-41a7-bf32-ae7e1f1aa20f-SegmentedRaftLogWorker:Storage Directory /workdir/hadoop-ozone/integration-test/target/test-dir/MiniOzoneClusterImpl-c495932b-8957-4ff9-a01d-44ea499fdf4f/datanode-2/data/ratis/1766b9bd-5ed5-411f-8bf6-f8f36e082af5: flushIndex: setUnconditionally 0 -> -1
2019-07-15 13:42:35,300 INFO  server.RaftServerConfigKeys (ConfUtils.java:logGet(43)) - raft.server.snapshot.auto.trigger.enabled = true (custom)
2019-07-15 13:42:35,301 INFO  server.RaftServerConfigKeys (ConfUtils.java:logGet(43)) - raft.server.snapshot.auto.trigger.threshold = 10000 (custom)
2019-07-15 13:42:35,301 INFO  server.RaftServerConfigKeys (ConfUtils.java:logGet(43)) - raft.server.retrycache.expirytime = 600000ms (custom)
2019-07-15 13:42:35,301 INFO  impl.RaftServerImpl (RaftServerImpl.java:start(180)) - 2bd76219-3cc0-41a7-bf32-ae7e1f1aa20f: start group-F8F36E082AF5
2019-07-15 13:42:35,301 INFO  impl.RaftServerImpl (RaftServerImpl.java:setRole(171)) - 2bd76219-3cc0-41a7-bf32-ae7e1f1aa20f:group-F8F36E082AF5 changes role from null to FOLLOWER at term 0 for startAsFollower
2019-07-15 13:42:35,301 INFO  impl.RoleInfo (RoleInfo.java:updateAndGet(143)) - 2bd76219-3cc0-41a7-bf32-ae7e1f1aa20f: start FollowerState
2019-07-15 13:42:35,302 INFO  util.JmxRegister (JmxRegister.java:tryRegister(44)) - Successfully registered JMX Bean with object name Ratis:service=RaftServer,group=group-F8F36E082AF5,id=2bd76219-3cc0-41a7-bf32-ae7e1f1aa20f
2019-07-15 13:42:35,318 INFO  pipeline.PipelineStateManager (PipelineStateManager.java:addPipeline(56)) - Created pipeline Pipeline[ Id: 1766b9bd-5ed5-411f-8bf6-f8f36e082af5, Nodes: 2bd76219-3cc0-41a7-bf32-ae7e1f1aa20f{ip: 192.168.157.240, host: trunk-nightly-hvlc9-701369690, networkLocation: /default-rack, certSerialId: null}, Type:RATIS, Factor:ONE, State:OPEN]
2019-07-15 13:42:35,359 INFO  impl.RaftServerProxy (RaftServerProxy.java:addNew(89)) - bf20c03f-2aa8-457d-a0d5-81efc30b79cc: addNew group-AE2635E9F598:[bf20c03f-2aa8-457d-a0d5-81efc30b79cc:192.168.157.240:36845] returns group-AE2635E9F598:java.util.concurrent.CompletableFuture@7bac2678[Not completed]
2019-07-15 13:42:35,361 INFO  impl.RaftServerImpl (RaftServerImpl.java:<init>(93)) - bf20c03f-2aa8-457d-a0d5-81efc30b79cc: new RaftServerImpl for group-AE2635E9F598:[bf20c03f-2aa8-457d-a0d5-81efc30b79cc:192.168.157.240:36845] with ContainerStateMachine:uninitialized
2019-07-15 13:42:35,361 INFO  server.RaftServerConfigKeys (ConfUtils.java:logGet(43)) - raft.server.rpc.timeout.min = 5s (custom)
2019-07-15 13:42:35,361 INFO  server.RaftServerConfigKeys (ConfUtils.java:logGet(43)) - raft.server.rpc.timeout.max = 5200ms (custom)
2019-07-15 13:42:35,361 INFO  server.RaftServerConfigKeys (ConfUtils.java:logGet(43)) - raft.server.rpcslowness.timeout = 120s (custom)
2019-07-15 13:42:35,362 INFO  server.RaftServerConfigKeys (ConfUtils.java:logGet(43)) - raft.server.sleep.deviation.threshold = 300 (default)
2019-07-15 13:42:35,362 INFO  server.RaftServerConfigKeys (ConfUtils.java:logGet(43)) - raft.server.log.appender.install.snapshot.enabled = false (custom)
2019-07-15 13:42:35,362 INFO  impl.RaftServerImpl (ServerState.java:<init>(105)) - bf20c03f-2aa8-457d-a0d5-81efc30b79cc:group-AE2635E9F598 ConfigurationManager, init=-1: [bf20c03f-2aa8-457d-a0d5-81efc30b79cc:192.168.157.240:36845], old=null, confs=<EMPTY_MAP>
2019-07-15 13:42:35,362 INFO  server.RaftServerConfigKeys (ConfUtils.java:logGet(43)) - raft.server.storage.dir = [/workdir/hadoop-ozone/integration-test/target/test-dir/MiniOzoneClusterImpl-c495932b-8957-4ff9-a01d-44ea499fdf4f/datanode-4/data/ratis] (custom)
2019-07-15 13:42:35,363 INFO  storage.RaftStorageDirectory (RaftStorageDirectory.java:analyzeStorage(246)) - The storage directory /workdir/hadoop-ozone/integration-test/target/test-dir/MiniOzoneClusterImpl-c495932b-8957-4ff9-a01d-44ea499fdf4f/datanode-4/data/ratis/4253c7a4-cee9-47f9-94f9-ae2635e9f598 does not exist. Creating ...
2019-07-15 13:42:35,375 INFO  storage.RaftStorageDirectory (RaftStorageDirectory.java:tryLock(328)) - Lock on /workdir/hadoop-ozone/integration-test/target/test-dir/MiniOzoneClusterImpl-c495932b-8957-4ff9-a01d-44ea499fdf4f/datanode-4/data/ratis/4253c7a4-cee9-47f9-94f9-ae2635e9f598/in_use.lock acquired by nodename 23576@trunk-nightly-hvlc9-701369690
2019-07-15 13:42:35,388 INFO  storage.RaftStorage (RaftStorage.java:format(72)) - Storage directory /workdir/hadoop-ozone/integration-test/target/test-dir/MiniOzoneClusterImpl-c495932b-8957-4ff9-a01d-44ea499fdf4f/datanode-4/data/ratis/4253c7a4-cee9-47f9-94f9-ae2635e9f598 has been successfully formatted.
2019-07-15 13:42:35,389 INFO  ratis.ContainerStateMachine (ContainerStateMachine.java:loadSnapshot(200)) - group-AE2635E9F598: The snapshot info is null. Setting the last applied indexto:(t:0, i:~)
2019-07-15 13:42:35,389 INFO  server.RaftServerConfigKeys (ConfUtils.java:logGet(43)) - raft.server.leader.election.timeout = 120s (custom)
2019-07-15 13:42:35,389 INFO  server.RaftServerConfigKeys (ConfUtils.java:logGet(43)) - raft.server.log.use.memory = false (default)
2019-07-15 13:42:35,389 INFO  server.RaftServerConfigKeys (ConfUtils.java:logGet(43)) - raft.server.log.purge.gap = 1000000000 (custom)
2019-07-15 13:42:35,389 INFO  server.RaftServerConfigKeys (ConfUtils.java:logGet(43)) - raft.server.log.appender.buffer.byte-limit = 33554432 (custom)
2019-07-15 13:42:35,389 INFO  server.RaftServerConfigKeys (ConfUtils.java:logGet(43)) - raft.server.log.segment.size.max = 1048576 (custom)
2019-07-15 13:42:35,390 INFO  server.RaftServerConfigKeys (ConfUtils.java:logGet(43)) - raft.server.log.segment.cache.num.max = 2 (custom)
2019-07-15 13:42:35,390 INFO  segmented.SegmentedRaftLogWorker (SegmentedRaftLogWorker.java:<init>(172)) - new bf20c03f-2aa8-457d-a0d5-81efc30b79cc-SegmentedRaftLogWorker:Storage Directory /workdir/hadoop-ozone/integration-test/target/test-dir/MiniOzoneClusterImpl-c495932b-8957-4ff9-a01d-44ea499fdf4f/datanode-4/data/ratis/4253c7a4-cee9-47f9-94f9-ae2635e9f598 for RaftStorage:Storage Directory /workdir/hadoop-ozone/integration-test/target/test-dir/MiniOzoneClusterImpl-c495932b-8957-4ff9-a01d-44ea499fdf4f/datanode-4/data/ratis/4253c7a4-cee9-47f9-94f9-ae2635e9f598
2019-07-15 13:42:35,390 INFO  server.RaftServerConfigKeys (ConfUtils.java:logGet(43)) - raft.server.log.queue.byte-limit = 2147483647 (custom)
2019-07-15 13:42:35,390 INFO  server.RaftServerConfigKeys (ConfUtils.java:logGet(43)) - raft.server.log.queue.element-limit = 1024 (custom)
2019-07-15 13:42:35,390 INFO  server.RaftServerConfigKeys (ConfUtils.java:logGet(43)) - raft.server.log.segment.size.max = 1048576 (custom)
2019-07-15 13:42:35,391 INFO  server.RaftServerConfigKeys (ConfUtils.java:logGet(43)) - raft.server.log.preallocated.size = 16384 (custom)
2019-07-15 13:42:35,391 INFO  server.RaftServerConfigKeys (ConfUtils.java:logGet(43)) - raft.server.log.write.buffer.size = 33554432 (custom)
2019-07-15 13:42:35,391 INFO  server.RaftServerConfigKeys (ConfUtils.java:logGet(43)) - raft.server.log.force.sync.num = 128 (default)
2019-07-15 13:42:35,391 INFO  server.RaftServerConfigKeys (ConfUtils.java:logGet(43)) - raft.server.log.statemachine.data.sync = true (default)
2019-07-15 13:42:35,391 INFO  server.RaftServerConfigKeys (ConfUtils.java:logGet(43)) - raft.server.log.statemachine.data.sync.timeout = 10s (default)
2019-07-15 13:42:35,391 INFO  server.RaftServerConfigKeys (ConfUtils.java:logGet(43)) - raft.server.log.statemachine.data.sync.timeout.retry = -1 (default)
2019-07-15 13:42:35,392 INFO  server.RaftServerConfigKeys (ConfUtils.java:logGet(43)) - raft.server.log.statemachine.data.caching.enabled = true (custom)
2019-07-15 13:42:35,392 INFO  segmented.SegmentedRaftLogWorker (SegmentedRaftLogWorker.java:lambda$new$0(132)) - bf20c03f-2aa8-457d-a0d5-81efc30b79cc-SegmentedRaftLogWorker:Storage Directory /workdir/hadoop-ozone/integration-test/target/test-dir/MiniOzoneClusterImpl-c495932b-8957-4ff9-a01d-44ea499fdf4f/datanode-4/data/ratis/4253c7a4-cee9-47f9-94f9-ae2635e9f598: flushIndex: setUnconditionally 0 -> -1
2019-07-15 13:42:35,392 INFO  server.RaftServerConfigKeys (ConfUtils.java:logGet(43)) - raft.server.snapshot.auto.trigger.enabled = true (custom)
2019-07-15 13:42:35,393 INFO  server.RaftServerConfigKeys (ConfUtils.java:logGet(43)) - raft.server.snapshot.auto.trigger.threshold = 10000 (custom)
2019-07-15 13:42:35,393 INFO  server.RaftServerConfigKeys (ConfUtils.java:logGet(43)) - raft.server.retrycache.expirytime = 600000ms (custom)
2019-07-15 13:42:35,393 INFO  impl.RaftServerImpl (RaftServerImpl.java:start(180)) - bf20c03f-2aa8-457d-a0d5-81efc30b79cc: start group-AE2635E9F598
2019-07-15 13:42:35,393 INFO  impl.RaftServerImpl (RaftServerImpl.java:setRole(171)) - bf20c03f-2aa8-457d-a0d5-81efc30b79cc:group-AE2635E9F598 changes role from null to FOLLOWER at term 0 for startAsFollower
2019-07-15 13:42:35,393 INFO  impl.RoleInfo (RoleInfo.java:updateAndGet(143)) - bf20c03f-2aa8-457d-a0d5-81efc30b79cc: start FollowerState
2019-07-15 13:42:35,394 INFO  util.JmxRegister (JmxRegister.java:tryRegister(44)) - Successfully registered JMX Bean with object name Ratis:service=RaftServer,group=group-AE2635E9F598,id=bf20c03f-2aa8-457d-a0d5-81efc30b79cc
2019-07-15 13:42:35,410 INFO  pipeline.PipelineStateManager (PipelineStateManager.java:addPipeline(56)) - Created pipeline Pipeline[ Id: 4253c7a4-cee9-47f9-94f9-ae2635e9f598, Nodes: bf20c03f-2aa8-457d-a0d5-81efc30b79cc{ip: 192.168.157.240, host: trunk-nightly-hvlc9-701369690, networkLocation: /default-rack, certSerialId: null}, Type:RATIS, Factor:ONE, State:OPEN]
2019-07-15 13:42:35,438 INFO  impl.RaftServerProxy (RaftServerProxy.java:addNew(89)) - 1dc89fb7-c510-4be8-8169-e8f46e2262bf: addNew group-64F5F234A9E3:[1dc89fb7-c510-4be8-8169-e8f46e2262bf:192.168.157.240:33645] returns group-64F5F234A9E3:java.util.concurrent.CompletableFuture@3ec50d5c[Not completed]
2019-07-15 13:42:35,440 INFO  impl.RaftServerImpl (RaftServerImpl.java:<init>(93)) - 1dc89fb7-c510-4be8-8169-e8f46e2262bf: new RaftServerImpl for group-64F5F234A9E3:[1dc89fb7-c510-4be8-8169-e8f46e2262bf:192.168.157.240:33645] with ContainerStateMachine:uninitialized
2019-07-15 13:42:35,440 INFO  server.RaftServerConfigKeys (ConfUtils.java:logGet(43)) - raft.server.rpc.timeout.min = 5s (custom)
2019-07-15 13:42:35,441 INFO  server.RaftServerConfigKeys (ConfUtils.java:logGet(43)) - raft.server.rpc.timeout.max = 5200ms (custom)
2019-07-15 13:42:35,441 INFO  server.RaftServerConfigKeys (ConfUtils.java:logGet(43)) - raft.server.rpcslowness.timeout = 120s (custom)
2019-07-15 13:42:35,441 INFO  server.RaftServerConfigKeys (ConfUtils.java:logGet(43)) - raft.server.sleep.deviation.threshold = 300 (default)
2019-07-15 13:42:35,441 INFO  server.RaftServerConfigKeys (ConfUtils.java:logGet(43)) - raft.server.log.appender.install.snapshot.enabled = false (custom)
2019-07-15 13:42:35,441 INFO  impl.RaftServerImpl (ServerState.java:<init>(105)) - 1dc89fb7-c510-4be8-8169-e8f46e2262bf:group-64F5F234A9E3 ConfigurationManager, init=-1: [1dc89fb7-c510-4be8-8169-e8f46e2262bf:192.168.157.240:33645], old=null, confs=<EMPTY_MAP>
2019-07-15 13:42:35,441 INFO  server.RaftServerConfigKeys (ConfUtils.java:logGet(43)) - raft.server.storage.dir = [/workdir/hadoop-ozone/integration-test/target/test-dir/MiniOzoneClusterImpl-c495932b-8957-4ff9-a01d-44ea499fdf4f/datanode-6/data/ratis] (custom)
2019-07-15 13:42:35,442 INFO  storage.RaftStorageDirectory (RaftStorageDirectory.java:analyzeStorage(246)) - The storage directory /workdir/hadoop-ozone/integration-test/target/test-dir/MiniOzoneClusterImpl-c495932b-8957-4ff9-a01d-44ea499fdf4f/datanode-6/data/ratis/6ac12b69-c70d-4be1-a149-64f5f234a9e3 does not exist. Creating ...
2019-07-15 13:42:35,455 INFO  storage.RaftStorageDirectory (RaftStorageDirectory.java:tryLock(328)) - Lock on /workdir/hadoop-ozone/integration-test/target/test-dir/MiniOzoneClusterImpl-c495932b-8957-4ff9-a01d-44ea499fdf4f/datanode-6/data/ratis/6ac12b69-c70d-4be1-a149-64f5f234a9e3/in_use.lock acquired by nodename 23576@trunk-nightly-hvlc9-701369690
2019-07-15 13:42:35,477 INFO  storage.RaftStorage (RaftStorage.java:format(72)) - Storage directory /workdir/hadoop-ozone/integration-test/target/test-dir/MiniOzoneClusterImpl-c495932b-8957-4ff9-a01d-44ea499fdf4f/datanode-6/data/ratis/6ac12b69-c70d-4be1-a149-64f5f234a9e3 has been successfully formatted.
2019-07-15 13:42:35,478 INFO  ratis.ContainerStateMachine (ContainerStateMachine.java:loadSnapshot(200)) - group-64F5F234A9E3: The snapshot info is null. Setting the last applied indexto:(t:0, i:~)
2019-07-15 13:42:35,478 INFO  server.RaftServerConfigKeys (ConfUtils.java:logGet(43)) - raft.server.leader.election.timeout = 120s (custom)
2019-07-15 13:42:35,478 INFO  server.RaftServerConfigKeys (ConfUtils.java:logGet(43)) - raft.server.log.use.memory = false (default)
2019-07-15 13:42:35,478 INFO  server.RaftServerConfigKeys (ConfUtils.java:logGet(43)) - raft.server.log.purge.gap = 1000000000 (custom)
2019-07-15 13:42:35,479 INFO  server.RaftServerConfigKeys (ConfUtils.java:logGet(43)) - raft.server.log.appender.buffer.byte-limit = 33554432 (custom)
2019-07-15 13:42:35,479 INFO  server.RaftServerConfigKeys (ConfUtils.java:logGet(43)) - raft.server.log.segment.size.max = 1048576 (custom)
2019-07-15 13:42:35,479 INFO  server.RaftServerConfigKeys (ConfUtils.java:logGet(43)) - raft.server.log.segment.cache.num.max = 2 (custom)
2019-07-15 13:42:35,479 INFO  segmented.SegmentedRaftLogWorker (SegmentedRaftLogWorker.java:<init>(172)) - new 1dc89fb7-c510-4be8-8169-e8f46e2262bf-SegmentedRaftLogWorker:Storage Directory /workdir/hadoop-ozone/integration-test/target/test-dir/MiniOzoneClusterImpl-c495932b-8957-4ff9-a01d-44ea499fdf4f/datanode-6/data/ratis/6ac12b69-c70d-4be1-a149-64f5f234a9e3 for RaftStorage:Storage Directory /workdir/hadoop-ozone/integration-test/target/test-dir/MiniOzoneClusterImpl-c495932b-8957-4ff9-a01d-44ea499fdf4f/datanode-6/data/ratis/6ac12b69-c70d-4be1-a149-64f5f234a9e3
2019-07-15 13:42:35,479 INFO  server.RaftServerConfigKeys (ConfUtils.java:logGet(43)) - raft.server.log.queue.byte-limit = 2147483647 (custom)
2019-07-15 13:42:35,480 INFO  server.RaftServerConfigKeys (ConfUtils.java:logGet(43)) - raft.server.log.queue.element-limit = 1024 (custom)
2019-07-15 13:42:35,480 INFO  server.RaftServerConfigKeys (ConfUtils.java:logGet(43)) - raft.server.log.segment.size.max = 1048576 (custom)
2019-07-15 13:42:35,480 INFO  server.RaftServerConfigKeys (ConfUtils.java:logGet(43)) - raft.server.log.preallocated.size = 16384 (custom)
2019-07-15 13:42:35,480 INFO  server.RaftServerConfigKeys (ConfUtils.java:logGet(43)) - raft.server.log.write.buffer.size = 33554432 (custom)
2019-07-15 13:42:35,480 INFO  server.RaftServerConfigKeys (ConfUtils.java:logGet(43)) - raft.server.log.force.sync.num = 128 (default)
2019-07-15 13:42:35,481 INFO  server.RaftServerConfigKeys (ConfUtils.java:logGet(43)) - raft.server.log.statemachine.data.sync = true (default)
2019-07-15 13:42:35,481 INFO  server.RaftServerConfigKeys (ConfUtils.java:logGet(43)) - raft.server.log.statemachine.data.sync.timeout = 10s (default)
2019-07-15 13:42:35,481 INFO  server.RaftServerConfigKeys (ConfUtils.java:logGet(43)) - raft.server.log.statemachine.data.sync.timeout.retry = -1 (default)
2019-07-15 13:42:35,481 INFO  server.RaftServerConfigKeys (ConfUtils.java:logGet(43)) - raft.server.log.statemachine.data.caching.enabled = true (custom)
2019-07-15 13:42:35,482 INFO  segmented.SegmentedRaftLogWorker (SegmentedRaftLogWorker.java:lambda$new$0(132)) - 1dc89fb7-c510-4be8-8169-e8f46e2262bf-SegmentedRaftLogWorker:Storage Directory /workdir/hadoop-ozone/integration-test/target/test-dir/MiniOzoneClusterImpl-c495932b-8957-4ff9-a01d-44ea499fdf4f/datanode-6/data/ratis/6ac12b69-c70d-4be1-a149-64f5f234a9e3: flushIndex: setUnconditionally 0 -> -1
2019-07-15 13:42:35,482 INFO  server.RaftServerConfigKeys (ConfUtils.java:logGet(43)) - raft.server.snapshot.auto.trigger.enabled = true (custom)
2019-07-15 13:42:35,482 INFO  server.RaftServerConfigKeys (ConfUtils.java:logGet(43)) - raft.server.snapshot.auto.trigger.threshold = 10000 (custom)
2019-07-15 13:42:35,482 INFO  server.RaftServerConfigKeys (ConfUtils.java:logGet(43)) - raft.server.retrycache.expirytime = 600000ms (custom)
2019-07-15 13:42:35,483 INFO  impl.RaftServerImpl (RaftServerImpl.java:start(180)) - 1dc89fb7-c510-4be8-8169-e8f46e2262bf: start group-64F5F234A9E3
2019-07-15 13:42:35,483 INFO  impl.RaftServerImpl (RaftServerImpl.java:setRole(171)) - 1dc89fb7-c510-4be8-8169-e8f46e2262bf:group-64F5F234A9E3 changes role from null to FOLLOWER at term 0 for startAsFollower
2019-07-15 13:42:35,483 INFO  impl.RoleInfo (RoleInfo.java:updateAndGet(143)) - 1dc89fb7-c510-4be8-8169-e8f46e2262bf: start FollowerState
2019-07-15 13:42:35,484 INFO  util.JmxRegister (JmxRegister.java:tryRegister(44)) - Successfully registered JMX Bean with object name Ratis:service=RaftServer,group=group-64F5F234A9E3,id=1dc89fb7-c510-4be8-8169-e8f46e2262bf
2019-07-15 13:42:35,500 INFO  pipeline.PipelineStateManager (PipelineStateManager.java:addPipeline(56)) - Created pipeline Pipeline[ Id: 6ac12b69-c70d-4be1-a149-64f5f234a9e3, Nodes: 1dc89fb7-c510-4be8-8169-e8f46e2262bf{ip: 192.168.157.240, host: trunk-nightly-hvlc9-701369690, networkLocation: /default-rack, certSerialId: null}, Type:RATIS, Factor:ONE, State:OPEN]
2019-07-15 13:42:35,549 INFO  impl.RaftServerProxy (RaftServerProxy.java:addNew(89)) - af97e53f-6c11-4342-ae9a-a60f97a0ff45: addNew group-2B3B4FFD5251:[af97e53f-6c11-4342-ae9a-a60f97a0ff45:192.168.157.240:36167] returns group-2B3B4FFD5251:java.util.concurrent.CompletableFuture@72ad0a15[Not completed]
2019-07-15 13:42:35,551 INFO  impl.RaftServerImpl (RaftServerImpl.java:<init>(93)) - af97e53f-6c11-4342-ae9a-a60f97a0ff45: new RaftServerImpl for group-2B3B4FFD5251:[af97e53f-6c11-4342-ae9a-a60f97a0ff45:192.168.157.240:36167] with ContainerStateMachine:uninitialized
2019-07-15 13:42:35,551 INFO  server.RaftServerConfigKeys (ConfUtils.java:logGet(43)) - raft.server.rpc.timeout.min = 5s (custom)
2019-07-15 13:42:35,551 INFO  server.RaftServerConfigKeys (ConfUtils.java:logGet(43)) - raft.server.rpc.timeout.max = 5200ms (custom)
2019-07-15 13:42:35,552 INFO  server.RaftServerConfigKeys (ConfUtils.java:logGet(43)) - raft.server.rpcslowness.timeout = 120s (custom)
2019-07-15 13:42:35,552 INFO  server.RaftServerConfigKeys (ConfUtils.java:logGet(43)) - raft.server.sleep.deviation.threshold = 300 (default)
2019-07-15 13:42:35,552 INFO  server.RaftServerConfigKeys (ConfUtils.java:logGet(43)) - raft.server.log.appender.install.snapshot.enabled = false (custom)
2019-07-15 13:42:35,552 INFO  impl.RaftServerImpl (ServerState.java:<init>(105)) - af97e53f-6c11-4342-ae9a-a60f97a0ff45:group-2B3B4FFD5251 ConfigurationManager, init=-1: [af97e53f-6c11-4342-ae9a-a60f97a0ff45:192.168.157.240:36167], old=null, confs=<EMPTY_MAP>
2019-07-15 13:42:35,552 INFO  server.RaftServerConfigKeys (ConfUtils.java:logGet(43)) - raft.server.storage.dir = [/workdir/hadoop-ozone/integration-test/target/test-dir/MiniOzoneClusterImpl-c495932b-8957-4ff9-a01d-44ea499fdf4f/datanode-5/data/ratis] (custom)
2019-07-15 13:42:35,553 INFO  storage.RaftStorageDirectory (RaftStorageDirectory.java:analyzeStorage(246)) - The storage directory /workdir/hadoop-ozone/integration-test/target/test-dir/MiniOzoneClusterImpl-c495932b-8957-4ff9-a01d-44ea499fdf4f/datanode-5/data/ratis/23a1fbac-a9ef-4346-8ce1-2b3b4ffd5251 does not exist. Creating ...
2019-07-15 13:42:35,566 INFO  storage.RaftStorageDirectory (RaftStorageDirectory.java:tryLock(328)) - Lock on /workdir/hadoop-ozone/integration-test/target/test-dir/MiniOzoneClusterImpl-c495932b-8957-4ff9-a01d-44ea499fdf4f/datanode-5/data/ratis/23a1fbac-a9ef-4346-8ce1-2b3b4ffd5251/in_use.lock acquired by nodename 23576@trunk-nightly-hvlc9-701369690
2019-07-15 13:42:35,584 INFO  storage.RaftStorage (RaftStorage.java:format(72)) - Storage directory /workdir/hadoop-ozone/integration-test/target/test-dir/MiniOzoneClusterImpl-c495932b-8957-4ff9-a01d-44ea499fdf4f/datanode-5/data/ratis/23a1fbac-a9ef-4346-8ce1-2b3b4ffd5251 has been successfully formatted.
2019-07-15 13:42:35,589 INFO  ratis.ContainerStateMachine (ContainerStateMachine.java:loadSnapshot(200)) - group-2B3B4FFD5251: The snapshot info is null. Setting the last applied indexto:(t:0, i:~)
2019-07-15 13:42:35,589 INFO  server.RaftServerConfigKeys (ConfUtils.java:logGet(43)) - raft.server.leader.election.timeout = 120s (custom)
2019-07-15 13:42:35,590 INFO  server.RaftServerConfigKeys (ConfUtils.java:logGet(43)) - raft.server.log.use.memory = false (default)
2019-07-15 13:42:35,590 INFO  server.RaftServerConfigKeys (ConfUtils.java:logGet(43)) - raft.server.log.purge.gap = 1000000000 (custom)
2019-07-15 13:42:35,590 INFO  server.RaftServerConfigKeys (ConfUtils.java:logGet(43)) - raft.server.log.appender.buffer.byte-limit = 33554432 (custom)
2019-07-15 13:42:35,590 INFO  server.RaftServerConfigKeys (ConfUtils.java:logGet(43)) - raft.server.log.segment.size.max = 1048576 (custom)
2019-07-15 13:42:35,590 INFO  server.RaftServerConfigKeys (ConfUtils.java:logGet(43)) - raft.server.log.segment.cache.num.max = 2 (custom)
2019-07-15 13:42:35,590 INFO  segmented.SegmentedRaftLogWorker (SegmentedRaftLogWorker.java:<init>(172)) - new af97e53f-6c11-4342-ae9a-a60f97a0ff45-SegmentedRaftLogWorker:Storage Directory /workdir/hadoop-ozone/integration-test/target/test-dir/MiniOzoneClusterImpl-c495932b-8957-4ff9-a01d-44ea499fdf4f/datanode-5/data/ratis/23a1fbac-a9ef-4346-8ce1-2b3b4ffd5251 for RaftStorage:Storage Directory /workdir/hadoop-ozone/integration-test/target/test-dir/MiniOzoneClusterImpl-c495932b-8957-4ff9-a01d-44ea499fdf4f/datanode-5/data/ratis/23a1fbac-a9ef-4346-8ce1-2b3b4ffd5251
2019-07-15 13:42:35,591 INFO  server.RaftServerConfigKeys (ConfUtils.java:logGet(43)) - raft.server.log.queue.byte-limit = 2147483647 (custom)
2019-07-15 13:42:35,591 INFO  server.RaftServerConfigKeys (ConfUtils.java:logGet(43)) - raft.server.log.queue.element-limit = 1024 (custom)
2019-07-15 13:42:35,591 INFO  server.RaftServerConfigKeys (ConfUtils.java:logGet(43)) - raft.server.log.segment.size.max = 1048576 (custom)
2019-07-15 13:42:35,591 INFO  server.RaftServerConfigKeys (ConfUtils.java:logGet(43)) - raft.server.log.preallocated.size = 16384 (custom)
2019-07-15 13:42:35,591 INFO  server.RaftServerConfigKeys (ConfUtils.java:logGet(43)) - raft.server.log.write.buffer.size = 33554432 (custom)
2019-07-15 13:42:35,592 INFO  server.RaftServerConfigKeys (ConfUtils.java:logGet(43)) - raft.server.log.force.sync.num = 128 (default)
2019-07-15 13:42:35,592 INFO  server.RaftServerConfigKeys (ConfUtils.java:logGet(43)) - raft.server.log.statemachine.data.sync = true (default)
2019-07-15 13:42:35,592 INFO  server.RaftServerConfigKeys (ConfUtils.java:logGet(43)) - raft.server.log.statemachine.data.sync.timeout = 10s (default)
2019-07-15 13:42:35,592 INFO  server.RaftServerConfigKeys (ConfUtils.java:logGet(43)) - raft.server.log.statemachine.data.sync.timeout.retry = -1 (default)
2019-07-15 13:42:35,592 INFO  server.RaftServerConfigKeys (ConfUtils.java:logGet(43)) - raft.server.log.statemachine.data.caching.enabled = true (custom)
2019-07-15 13:42:35,593 INFO  segmented.SegmentedRaftLogWorker (SegmentedRaftLogWorker.java:lambda$new$0(132)) - af97e53f-6c11-4342-ae9a-a60f97a0ff45-SegmentedRaftLogWorker:Storage Directory /workdir/hadoop-ozone/integration-test/target/test-dir/MiniOzoneClusterImpl-c495932b-8957-4ff9-a01d-44ea499fdf4f/datanode-5/data/ratis/23a1fbac-a9ef-4346-8ce1-2b3b4ffd5251: flushIndex: setUnconditionally 0 -> -1
2019-07-15 13:42:35,593 INFO  server.RaftServerConfigKeys (ConfUtils.java:logGet(43)) - raft.server.snapshot.auto.trigger.enabled = true (custom)
2019-07-15 13:42:35,593 INFO  server.RaftServerConfigKeys (ConfUtils.java:logGet(43)) - raft.server.snapshot.auto.trigger.threshold = 10000 (custom)
2019-07-15 13:42:35,594 INFO  server.RaftServerConfigKeys (ConfUtils.java:logGet(43)) - raft.server.retrycache.expirytime = 600000ms (custom)
2019-07-15 13:42:35,594 INFO  impl.RaftServerImpl (RaftServerImpl.java:start(180)) - af97e53f-6c11-4342-ae9a-a60f97a0ff45: start group-2B3B4FFD5251
2019-07-15 13:42:35,594 INFO  impl.RaftServerImpl (RaftServerImpl.java:setRole(171)) - af97e53f-6c11-4342-ae9a-a60f97a0ff45:group-2B3B4FFD5251 changes role from null to FOLLOWER at term 0 for startAsFollower
2019-07-15 13:42:35,594 INFO  impl.RoleInfo (RoleInfo.java:updateAndGet(143)) - af97e53f-6c11-4342-ae9a-a60f97a0ff45: start FollowerState
2019-07-15 13:42:35,595 INFO  util.JmxRegister (JmxRegister.java:tryRegister(44)) - Successfully registered JMX Bean with object name Ratis:service=RaftServer,group=group-2B3B4FFD5251,id=af97e53f-6c11-4342-ae9a-a60f97a0ff45
2019-07-15 13:42:35,608 INFO  pipeline.PipelineStateManager (PipelineStateManager.java:addPipeline(56)) - Created pipeline Pipeline[ Id: 23a1fbac-a9ef-4346-8ce1-2b3b4ffd5251, Nodes: af97e53f-6c11-4342-ae9a-a60f97a0ff45{ip: 192.168.157.240, host: trunk-nightly-hvlc9-701369690, networkLocation: /default-rack, certSerialId: null}, Type:RATIS, Factor:ONE, State:OPEN]
2019-07-15 13:42:35,628 INFO  impl.RaftServerProxy (RaftServerProxy.java:addNew(89)) - a4f6eea7-010d-4f2a-a599-c0ea463d8e37: addNew group-C1440274CFDF:[a4f6eea7-010d-4f2a-a599-c0ea463d8e37:192.168.157.240:35463] returns group-C1440274CFDF:java.util.concurrent.CompletableFuture@3dda4be0[Not completed]
2019-07-15 13:42:35,630 INFO  impl.RaftServerImpl (RaftServerImpl.java:<init>(93)) - a4f6eea7-010d-4f2a-a599-c0ea463d8e37: new RaftServerImpl for group-C1440274CFDF:[a4f6eea7-010d-4f2a-a599-c0ea463d8e37:192.168.157.240:35463] with ContainerStateMachine:uninitialized
2019-07-15 13:42:35,630 INFO  server.RaftServerConfigKeys (ConfUtils.java:logGet(43)) - raft.server.rpc.timeout.min = 5s (custom)
2019-07-15 13:42:35,630 INFO  server.RaftServerConfigKeys (ConfUtils.java:logGet(43)) - raft.server.rpc.timeout.max = 5200ms (custom)
2019-07-15 13:42:35,630 INFO  server.RaftServerConfigKeys (ConfUtils.java:logGet(43)) - raft.server.rpcslowness.timeout = 120s (custom)
2019-07-15 13:42:35,630 INFO  server.RaftServerConfigKeys (ConfUtils.java:logGet(43)) - raft.server.sleep.deviation.threshold = 300 (default)
2019-07-15 13:42:35,631 INFO  server.RaftServerConfigKeys (ConfUtils.java:logGet(43)) - raft.server.log.appender.install.snapshot.enabled = false (custom)
2019-07-15 13:42:35,631 INFO  impl.RaftServerImpl (ServerState.java:<init>(105)) - a4f6eea7-010d-4f2a-a599-c0ea463d8e37:group-C1440274CFDF ConfigurationManager, init=-1: [a4f6eea7-010d-4f2a-a599-c0ea463d8e37:192.168.157.240:35463], old=null, confs=<EMPTY_MAP>
2019-07-15 13:42:35,631 INFO  server.RaftServerConfigKeys (ConfUtils.java:logGet(43)) - raft.server.storage.dir = [/workdir/hadoop-ozone/integration-test/target/test-dir/MiniOzoneClusterImpl-c495932b-8957-4ff9-a01d-44ea499fdf4f/datanode-3/data/ratis] (custom)
2019-07-15 13:42:35,631 INFO  storage.RaftStorageDirectory (RaftStorageDirectory.java:analyzeStorage(246)) - The storage directory /workdir/hadoop-ozone/integration-test/target/test-dir/MiniOzoneClusterImpl-c495932b-8957-4ff9-a01d-44ea499fdf4f/datanode-3/data/ratis/9336d495-5e79-4fbe-a7b8-c1440274cfdf does not exist. Creating ...
2019-07-15 13:42:35,644 INFO  storage.RaftStorageDirectory (RaftStorageDirectory.java:tryLock(328)) - Lock on /workdir/hadoop-ozone/integration-test/target/test-dir/MiniOzoneClusterImpl-c495932b-8957-4ff9-a01d-44ea499fdf4f/datanode-3/data/ratis/9336d495-5e79-4fbe-a7b8-c1440274cfdf/in_use.lock acquired by nodename 23576@trunk-nightly-hvlc9-701369690
2019-07-15 13:42:35,657 INFO  storage.RaftStorage (RaftStorage.java:format(72)) - Storage directory /workdir/hadoop-ozone/integration-test/target/test-dir/MiniOzoneClusterImpl-c495932b-8957-4ff9-a01d-44ea499fdf4f/datanode-3/data/ratis/9336d495-5e79-4fbe-a7b8-c1440274cfdf has been successfully formatted.
2019-07-15 13:42:35,657 INFO  ratis.ContainerStateMachine (ContainerStateMachine.java:loadSnapshot(200)) - group-C1440274CFDF: The snapshot info is null. Setting the last applied indexto:(t:0, i:~)
2019-07-15 13:42:35,658 INFO  server.RaftServerConfigKeys (ConfUtils.java:logGet(43)) - raft.server.leader.election.timeout = 120s (custom)
2019-07-15 13:42:35,658 INFO  server.RaftServerConfigKeys (ConfUtils.java:logGet(43)) - raft.server.log.use.memory = false (default)
2019-07-15 13:42:35,658 INFO  server.RaftServerConfigKeys (ConfUtils.java:logGet(43)) - raft.server.log.purge.gap = 1000000000 (custom)
2019-07-15 13:42:35,658 INFO  server.RaftServerConfigKeys (ConfUtils.java:logGet(43)) - raft.server.log.appender.buffer.byte-limit = 33554432 (custom)
2019-07-15 13:42:35,658 INFO  server.RaftServerConfigKeys (ConfUtils.java:logGet(43)) - raft.server.log.segment.size.max = 1048576 (custom)
2019-07-15 13:42:35,658 INFO  server.RaftServerConfigKeys (ConfUtils.java:logGet(43)) - raft.server.log.segment.cache.num.max = 2 (custom)
2019-07-15 13:42:35,659 INFO  segmented.SegmentedRaftLogWorker (SegmentedRaftLogWorker.java:<init>(172)) - new a4f6eea7-010d-4f2a-a599-c0ea463d8e37-SegmentedRaftLogWorker:Storage Directory /workdir/hadoop-ozone/integration-test/target/test-dir/MiniOzoneClusterImpl-c495932b-8957-4ff9-a01d-44ea499fdf4f/datanode-3/data/ratis/9336d495-5e79-4fbe-a7b8-c1440274cfdf for RaftStorage:Storage Directory /workdir/hadoop-ozone/integration-test/target/test-dir/MiniOzoneClusterImpl-c495932b-8957-4ff9-a01d-44ea499fdf4f/datanode-3/data/ratis/9336d495-5e79-4fbe-a7b8-c1440274cfdf
2019-07-15 13:42:35,659 INFO  server.RaftServerConfigKeys (ConfUtils.java:logGet(43)) - raft.server.log.queue.byte-limit = 2147483647 (custom)
2019-07-15 13:42:35,659 INFO  server.RaftServerConfigKeys (ConfUtils.java:logGet(43)) - raft.server.log.queue.element-limit = 1024 (custom)
2019-07-15 13:42:35,659 INFO  server.RaftServerConfigKeys (ConfUtils.java:logGet(43)) - raft.server.log.segment.size.max = 1048576 (custom)
2019-07-15 13:42:35,659 INFO  server.RaftServerConfigKeys (ConfUtils.java:logGet(43)) - raft.server.log.preallocated.size = 16384 (custom)
2019-07-15 13:42:35,660 INFO  server.RaftServerConfigKeys (ConfUtils.java:logGet(43)) - raft.server.log.write.buffer.size = 33554432 (custom)
2019-07-15 13:42:35,660 INFO  server.RaftServerConfigKeys (ConfUtils.java:logGet(43)) - raft.server.log.force.sync.num = 128 (default)
2019-07-15 13:42:35,660 INFO  server.RaftServerConfigKeys (ConfUtils.java:logGet(43)) - raft.server.log.statemachine.data.sync = true (default)
2019-07-15 13:42:35,660 INFO  server.RaftServerConfigKeys (ConfUtils.java:logGet(43)) - raft.server.log.statemachine.data.sync.timeout = 10s (default)
2019-07-15 13:42:35,660 INFO  server.RaftServerConfigKeys (ConfUtils.java:logGet(43)) - raft.server.log.statemachine.data.sync.timeout.retry = -1 (default)
2019-07-15 13:42:35,661 INFO  server.RaftServerConfigKeys (ConfUtils.java:logGet(43)) - raft.server.log.statemachine.data.caching.enabled = true (custom)
2019-07-15 13:42:35,661 INFO  segmented.SegmentedRaftLogWorker (SegmentedRaftLogWorker.java:lambda$new$0(132)) - a4f6eea7-010d-4f2a-a599-c0ea463d8e37-SegmentedRaftLogWorker:Storage Directory /workdir/hadoop-ozone/integration-test/target/test-dir/MiniOzoneClusterImpl-c495932b-8957-4ff9-a01d-44ea499fdf4f/datanode-3/data/ratis/9336d495-5e79-4fbe-a7b8-c1440274cfdf: flushIndex: setUnconditionally 0 -> -1
2019-07-15 13:42:35,662 INFO  server.RaftServerConfigKeys (ConfUtils.java:logGet(43)) - raft.server.snapshot.auto.trigger.enabled = true (custom)
2019-07-15 13:42:35,662 INFO  server.RaftServerConfigKeys (ConfUtils.java:logGet(43)) - raft.server.snapshot.auto.trigger.threshold = 10000 (custom)
2019-07-15 13:42:35,662 INFO  server.RaftServerConfigKeys (ConfUtils.java:logGet(43)) - raft.server.retrycache.expirytime = 600000ms (custom)
2019-07-15 13:42:35,662 INFO  impl.RaftServerImpl (RaftServerImpl.java:start(180)) - a4f6eea7-010d-4f2a-a599-c0ea463d8e37: start group-C1440274CFDF
2019-07-15 13:42:35,662 INFO  impl.RaftServerImpl (RaftServerImpl.java:setRole(171)) - a4f6eea7-010d-4f2a-a599-c0ea463d8e37:group-C1440274CFDF changes role from null to FOLLOWER at term 0 for startAsFollower
2019-07-15 13:42:35,663 INFO  impl.RoleInfo (RoleInfo.java:updateAndGet(143)) - a4f6eea7-010d-4f2a-a599-c0ea463d8e37: start FollowerState
2019-07-15 13:42:35,663 INFO  util.JmxRegister (JmxRegister.java:tryRegister(44)) - Successfully registered JMX Bean with object name Ratis:service=RaftServer,group=group-C1440274CFDF,id=a4f6eea7-010d-4f2a-a599-c0ea463d8e37
2019-07-15 13:42:35,691 INFO  pipeline.PipelineStateManager (PipelineStateManager.java:addPipeline(56)) - Created pipeline Pipeline[ Id: 9336d495-5e79-4fbe-a7b8-c1440274cfdf, Nodes: a4f6eea7-010d-4f2a-a599-c0ea463d8e37{ip: 192.168.157.240, host: trunk-nightly-hvlc9-701369690, networkLocation: /default-rack, certSerialId: null}, Type:RATIS, Factor:ONE, State:OPEN]
2019-07-15 13:42:35,715 INFO  rpc.RpcClient (RpcClient.java:createVolume(287)) - Creating Volume: closecontainerexceptionhandlingtest, with jenkins1000 as owner.
2019-07-15 13:42:35,724 INFO  impl.RaftServerProxy (RaftServerProxy.java:addNew(89)) - 0f69f74f-2127-43c1-8e92-277219ce5a69: addNew group-CC5C0B7B5369:[4246fd4b-cf21-443d-99bb-c2412d83fae8:192.168.157.240:44719, 2bd76219-3cc0-41a7-bf32-ae7e1f1aa20f:192.168.157.240:40921, 0f69f74f-2127-43c1-8e92-277219ce5a69:192.168.157.240:35859] returns group-CC5C0B7B5369:java.util.concurrent.CompletableFuture@5b31a4d5[Not completed]
2019-07-15 13:42:35,724 INFO  impl.RaftServerProxy (RaftServerProxy.java:addNew(89)) - 4246fd4b-cf21-443d-99bb-c2412d83fae8: addNew group-CC5C0B7B5369:[4246fd4b-cf21-443d-99bb-c2412d83fae8:192.168.157.240:44719, 2bd76219-3cc0-41a7-bf32-ae7e1f1aa20f:192.168.157.240:40921, 0f69f74f-2127-43c1-8e92-277219ce5a69:192.168.157.240:35859] returns group-CC5C0B7B5369:java.util.concurrent.CompletableFuture@2fbe529[Not completed]
2019-07-15 13:42:35,727 INFO  impl.RaftServerProxy (RaftServerProxy.java:addNew(89)) - 2bd76219-3cc0-41a7-bf32-ae7e1f1aa20f: addNew group-CC5C0B7B5369:[4246fd4b-cf21-443d-99bb-c2412d83fae8:192.168.157.240:44719, 2bd76219-3cc0-41a7-bf32-ae7e1f1aa20f:192.168.157.240:40921, 0f69f74f-2127-43c1-8e92-277219ce5a69:192.168.157.240:35859] returns group-CC5C0B7B5369:java.util.concurrent.CompletableFuture@47f96b12[Not completed]
2019-07-15 13:42:35,727 INFO  impl.RaftServerImpl (RaftServerImpl.java:<init>(93)) - 4246fd4b-cf21-443d-99bb-c2412d83fae8: new RaftServerImpl for group-CC5C0B7B5369:[4246fd4b-cf21-443d-99bb-c2412d83fae8:192.168.157.240:44719, 2bd76219-3cc0-41a7-bf32-ae7e1f1aa20f:192.168.157.240:40921, 0f69f74f-2127-43c1-8e92-277219ce5a69:192.168.157.240:35859] with ContainerStateMachine:uninitialized
2019-07-15 13:42:35,728 INFO  server.RaftServerConfigKeys (ConfUtils.java:logGet(43)) - raft.server.rpc.timeout.min = 5s (custom)
2019-07-15 13:42:35,729 INFO  server.RaftServerConfigKeys (ConfUtils.java:logGet(43)) - raft.server.rpc.timeout.max = 5200ms (custom)
2019-07-15 13:42:35,729 INFO  server.RaftServerConfigKeys (ConfUtils.java:logGet(43)) - raft.server.rpcslowness.timeout = 120s (custom)
2019-07-15 13:42:35,730 INFO  server.RaftServerConfigKeys (ConfUtils.java:logGet(43)) - raft.server.sleep.deviation.threshold = 300 (default)
2019-07-15 13:42:35,730 INFO  server.RaftServerConfigKeys (ConfUtils.java:logGet(43)) - raft.server.log.appender.install.snapshot.enabled = false (custom)
2019-07-15 13:42:35,730 INFO  impl.RaftServerImpl (ServerState.java:<init>(105)) - 4246fd4b-cf21-443d-99bb-c2412d83fae8:group-CC5C0B7B5369 ConfigurationManager, init=-1: [4246fd4b-cf21-443d-99bb-c2412d83fae8:192.168.157.240:44719, 2bd76219-3cc0-41a7-bf32-ae7e1f1aa20f:192.168.157.240:40921, 0f69f74f-2127-43c1-8e92-277219ce5a69:192.168.157.240:35859], old=null, confs=<EMPTY_MAP>
2019-07-15 13:42:35,730 INFO  server.RaftServerConfigKeys (ConfUtils.java:logGet(43)) - raft.server.storage.dir = [/workdir/hadoop-ozone/integration-test/target/test-dir/MiniOzoneClusterImpl-c495932b-8957-4ff9-a01d-44ea499fdf4f/datanode-1/data/ratis] (custom)
2019-07-15 13:42:35,730 INFO  impl.RaftServerImpl (RaftServerImpl.java:<init>(93)) - 0f69f74f-2127-43c1-8e92-277219ce5a69: new RaftServerImpl for group-CC5C0B7B5369:[4246fd4b-cf21-443d-99bb-c2412d83fae8:192.168.157.240:44719, 2bd76219-3cc0-41a7-bf32-ae7e1f1aa20f:192.168.157.240:40921, 0f69f74f-2127-43c1-8e92-277219ce5a69:192.168.157.240:35859] with ContainerStateMachine:uninitialized
2019-07-15 13:42:35,730 INFO  server.RaftServerConfigKeys (ConfUtils.java:logGet(43)) - raft.server.rpc.timeout.min = 5s (custom)
2019-07-15 13:42:35,731 INFO  storage.RaftStorageDirectory (RaftStorageDirectory.java:analyzeStorage(246)) - The storage directory /workdir/hadoop-ozone/integration-test/target/test-dir/MiniOzoneClusterImpl-c495932b-8957-4ff9-a01d-44ea499fdf4f/datanode-1/data/ratis/ef129e49-3978-4b39-9b44-cc5c0b7b5369 does not exist. Creating ...
2019-07-15 13:42:35,731 INFO  server.RaftServerConfigKeys (ConfUtils.java:logGet(43)) - raft.server.rpc.timeout.max = 5200ms (custom)
2019-07-15 13:42:35,731 INFO  server.RaftServerConfigKeys (ConfUtils.java:logGet(43)) - raft.server.rpcslowness.timeout = 120s (custom)
2019-07-15 13:42:35,731 INFO  impl.RaftServerImpl (RaftServerImpl.java:<init>(93)) - 2bd76219-3cc0-41a7-bf32-ae7e1f1aa20f: new RaftServerImpl for group-CC5C0B7B5369:[4246fd4b-cf21-443d-99bb-c2412d83fae8:192.168.157.240:44719, 2bd76219-3cc0-41a7-bf32-ae7e1f1aa20f:192.168.157.240:40921, 0f69f74f-2127-43c1-8e92-277219ce5a69:192.168.157.240:35859] with ContainerStateMachine:uninitialized
2019-07-15 13:42:35,731 INFO  server.RaftServerConfigKeys (ConfUtils.java:logGet(43)) - raft.server.sleep.deviation.threshold = 300 (default)
2019-07-15 13:42:35,731 INFO  server.RaftServerConfigKeys (ConfUtils.java:logGet(43)) - raft.server.rpc.timeout.min = 5s (custom)
2019-07-15 13:42:35,732 INFO  server.RaftServerConfigKeys (ConfUtils.java:logGet(43)) - raft.server.log.appender.install.snapshot.enabled = false (custom)
2019-07-15 13:42:35,732 INFO  server.RaftServerConfigKeys (ConfUtils.java:logGet(43)) - raft.server.rpc.timeout.max = 5200ms (custom)
2019-07-15 13:42:35,732 INFO  impl.RaftServerImpl (ServerState.java:<init>(105)) - 0f69f74f-2127-43c1-8e92-277219ce5a69:group-CC5C0B7B5369 ConfigurationManager, init=-1: [4246fd4b-cf21-443d-99bb-c2412d83fae8:192.168.157.240:44719, 2bd76219-3cc0-41a7-bf32-ae7e1f1aa20f:192.168.157.240:40921, 0f69f74f-2127-43c1-8e92-277219ce5a69:192.168.157.240:35859], old=null, confs=<EMPTY_MAP>
2019-07-15 13:42:35,732 INFO  server.RaftServerConfigKeys (ConfUtils.java:logGet(43)) - raft.server.rpcslowness.timeout = 120s (custom)
2019-07-15 13:42:35,732 INFO  server.RaftServerConfigKeys (ConfUtils.java:logGet(43)) - raft.server.sleep.deviation.threshold = 300 (default)
2019-07-15 13:42:35,732 INFO  server.RaftServerConfigKeys (ConfUtils.java:logGet(43)) - raft.server.storage.dir = [/workdir/hadoop-ozone/integration-test/target/test-dir/MiniOzoneClusterImpl-c495932b-8957-4ff9-a01d-44ea499fdf4f/datanode-0/data/ratis] (custom)
2019-07-15 13:42:35,732 INFO  server.RaftServerConfigKeys (ConfUtils.java:logGet(43)) - raft.server.log.appender.install.snapshot.enabled = false (custom)
2019-07-15 13:42:35,733 INFO  impl.RaftServerImpl (ServerState.java:<init>(105)) - 2bd76219-3cc0-41a7-bf32-ae7e1f1aa20f:group-CC5C0B7B5369 ConfigurationManager, init=-1: [4246fd4b-cf21-443d-99bb-c2412d83fae8:192.168.157.240:44719, 2bd76219-3cc0-41a7-bf32-ae7e1f1aa20f:192.168.157.240:40921, 0f69f74f-2127-43c1-8e92-277219ce5a69:192.168.157.240:35859], old=null, confs=<EMPTY_MAP>
2019-07-15 13:42:35,733 INFO  server.RaftServerConfigKeys (ConfUtils.java:logGet(43)) - raft.server.storage.dir = [/workdir/hadoop-ozone/integration-test/target/test-dir/MiniOzoneClusterImpl-c495932b-8957-4ff9-a01d-44ea499fdf4f/datanode-2/data/ratis] (custom)
2019-07-15 13:42:35,733 INFO  storage.RaftStorageDirectory (RaftStorageDirectory.java:analyzeStorage(246)) - The storage directory /workdir/hadoop-ozone/integration-test/target/test-dir/MiniOzoneClusterImpl-c495932b-8957-4ff9-a01d-44ea499fdf4f/datanode-0/data/ratis/ef129e49-3978-4b39-9b44-cc5c0b7b5369 does not exist. Creating ...
2019-07-15 13:42:35,733 INFO  storage.RaftStorageDirectory (RaftStorageDirectory.java:analyzeStorage(246)) - The storage directory /workdir/hadoop-ozone/integration-test/target/test-dir/MiniOzoneClusterImpl-c495932b-8957-4ff9-a01d-44ea499fdf4f/datanode-2/data/ratis/ef129e49-3978-4b39-9b44-cc5c0b7b5369 does not exist. Creating ...
2019-07-15 13:42:35,754 INFO  storage.RaftStorageDirectory (RaftStorageDirectory.java:tryLock(328)) - Lock on /workdir/hadoop-ozone/integration-test/target/test-dir/MiniOzoneClusterImpl-c495932b-8957-4ff9-a01d-44ea499fdf4f/datanode-2/data/ratis/ef129e49-3978-4b39-9b44-cc5c0b7b5369/in_use.lock acquired by nodename 23576@trunk-nightly-hvlc9-701369690
2019-07-15 13:42:35,754 INFO  storage.RaftStorageDirectory (RaftStorageDirectory.java:tryLock(328)) - Lock on /workdir/hadoop-ozone/integration-test/target/test-dir/MiniOzoneClusterImpl-c495932b-8957-4ff9-a01d-44ea499fdf4f/datanode-1/data/ratis/ef129e49-3978-4b39-9b44-cc5c0b7b5369/in_use.lock acquired by nodename 23576@trunk-nightly-hvlc9-701369690
2019-07-15 13:42:35,754 INFO  storage.RaftStorageDirectory (RaftStorageDirectory.java:tryLock(328)) - Lock on /workdir/hadoop-ozone/integration-test/target/test-dir/MiniOzoneClusterImpl-c495932b-8957-4ff9-a01d-44ea499fdf4f/datanode-0/data/ratis/ef129e49-3978-4b39-9b44-cc5c0b7b5369/in_use.lock acquired by nodename 23576@trunk-nightly-hvlc9-701369690
2019-07-15 13:42:35,763 INFO  rpc.RpcClient (RpcClient.java:createBucket(424)) - Creating Bucket: closecontainerexceptionhandlingtest/closecontainerexceptionhandlingtest, with Versioning false and Storage Type set to DISK and Encryption set to false 
2019-07-15 13:42:35,768 INFO  storage.RaftStorage (RaftStorage.java:format(72)) - Storage directory /workdir/hadoop-ozone/integration-test/target/test-dir/MiniOzoneClusterImpl-c495932b-8957-4ff9-a01d-44ea499fdf4f/datanode-1/data/ratis/ef129e49-3978-4b39-9b44-cc5c0b7b5369 has been successfully formatted.
2019-07-15 13:42:35,768 INFO  storage.RaftStorage (RaftStorage.java:format(72)) - Storage directory /workdir/hadoop-ozone/integration-test/target/test-dir/MiniOzoneClusterImpl-c495932b-8957-4ff9-a01d-44ea499fdf4f/datanode-2/data/ratis/ef129e49-3978-4b39-9b44-cc5c0b7b5369 has been successfully formatted.
2019-07-15 13:42:35,768 INFO  storage.RaftStorage (RaftStorage.java:format(72)) - Storage directory /workdir/hadoop-ozone/integration-test/target/test-dir/MiniOzoneClusterImpl-c495932b-8957-4ff9-a01d-44ea499fdf4f/datanode-0/data/ratis/ef129e49-3978-4b39-9b44-cc5c0b7b5369 has been successfully formatted.
2019-07-15 13:42:35,768 INFO  ratis.ContainerStateMachine (ContainerStateMachine.java:loadSnapshot(200)) - group-CC5C0B7B5369: The snapshot info is null. Setting the last applied indexto:(t:0, i:~)
2019-07-15 13:42:35,768 INFO  ratis.ContainerStateMachine (ContainerStateMachine.java:loadSnapshot(200)) - group-CC5C0B7B5369: The snapshot info is null. Setting the last applied indexto:(t:0, i:~)
2019-07-15 13:42:35,768 INFO  ratis.ContainerStateMachine (ContainerStateMachine.java:loadSnapshot(200)) - group-CC5C0B7B5369: The snapshot info is null. Setting the last applied indexto:(t:0, i:~)
2019-07-15 13:42:35,768 INFO  server.RaftServerConfigKeys (ConfUtils.java:logGet(43)) - raft.server.leader.election.timeout = 120s (custom)
2019-07-15 13:42:35,768 INFO  server.RaftServerConfigKeys (ConfUtils.java:logGet(43)) - raft.server.leader.election.timeout = 120s (custom)
2019-07-15 13:42:35,768 INFO  server.RaftServerConfigKeys (ConfUtils.java:logGet(43)) - raft.server.leader.election.timeout = 120s (custom)
2019-07-15 13:42:35,769 INFO  server.RaftServerConfigKeys (ConfUtils.java:logGet(43)) - raft.server.log.use.memory = false (default)
2019-07-15 13:42:35,769 INFO  server.RaftServerConfigKeys (ConfUtils.java:logGet(43)) - raft.server.log.use.memory = false (default)
2019-07-15 13:42:35,769 INFO  server.RaftServerConfigKeys (ConfUtils.java:logGet(43)) - raft.server.log.purge.gap = 1000000000 (custom)
2019-07-15 13:42:35,769 INFO  server.RaftServerConfigKeys (ConfUtils.java:logGet(43)) - raft.server.log.use.memory = false (default)
2019-07-15 13:42:35,769 INFO  server.RaftServerConfigKeys (ConfUtils.java:logGet(43)) - raft.server.log.appender.buffer.byte-limit = 33554432 (custom)
2019-07-15 13:42:35,769 INFO  server.RaftServerConfigKeys (ConfUtils.java:logGet(43)) - raft.server.log.purge.gap = 1000000000 (custom)
2019-07-15 13:42:35,770 INFO  server.RaftServerConfigKeys (ConfUtils.java:logGet(43)) - raft.server.log.segment.size.max = 1048576 (custom)
2019-07-15 13:42:35,769 INFO  server.RaftServerConfigKeys (ConfUtils.java:logGet(43)) - raft.server.log.purge.gap = 1000000000 (custom)
2019-07-15 13:42:35,770 INFO  server.RaftServerConfigKeys (ConfUtils.java:logGet(43)) - raft.server.log.segment.cache.num.max = 2 (custom)
2019-07-15 13:42:35,770 INFO  server.RaftServerConfigKeys (ConfUtils.java:logGet(43)) - raft.server.log.appender.buffer.byte-limit = 33554432 (custom)
2019-07-15 13:42:35,770 INFO  segmented.SegmentedRaftLogWorker (SegmentedRaftLogWorker.java:<init>(172)) - new 0f69f74f-2127-43c1-8e92-277219ce5a69-SegmentedRaftLogWorker:Storage Directory /workdir/hadoop-ozone/integration-test/target/test-dir/MiniOzoneClusterImpl-c495932b-8957-4ff9-a01d-44ea499fdf4f/datanode-0/data/ratis/ef129e49-3978-4b39-9b44-cc5c0b7b5369 for RaftStorage:Storage Directory /workdir/hadoop-ozone/integration-test/target/test-dir/MiniOzoneClusterImpl-c495932b-8957-4ff9-a01d-44ea499fdf4f/datanode-0/data/ratis/ef129e49-3978-4b39-9b44-cc5c0b7b5369
2019-07-15 13:42:35,770 INFO  server.RaftServerConfigKeys (ConfUtils.java:logGet(43)) - raft.server.log.appender.buffer.byte-limit = 33554432 (custom)
2019-07-15 13:42:35,770 INFO  server.RaftServerConfigKeys (ConfUtils.java:logGet(43)) - raft.server.log.queue.byte-limit = 2147483647 (custom)
2019-07-15 13:42:35,770 INFO  server.RaftServerConfigKeys (ConfUtils.java:logGet(43)) - raft.server.log.segment.size.max = 1048576 (custom)
2019-07-15 13:42:35,772 INFO  server.RaftServerConfigKeys (ConfUtils.java:logGet(43)) - raft.server.log.queue.element-limit = 1024 (custom)
2019-07-15 13:42:35,772 INFO  server.RaftServerConfigKeys (ConfUtils.java:logGet(43)) - raft.server.log.segment.size.max = 1048576 (custom)
2019-07-15 13:42:35,772 INFO  server.RaftServerConfigKeys (ConfUtils.java:logGet(43)) - raft.server.log.segment.size.max = 1048576 (custom)
2019-07-15 13:42:35,772 INFO  server.RaftServerConfigKeys (ConfUtils.java:logGet(43)) - raft.server.log.segment.cache.num.max = 2 (custom)
2019-07-15 13:42:35,772 INFO  server.RaftServerConfigKeys (ConfUtils.java:logGet(43)) - raft.server.log.preallocated.size = 16384 (custom)
2019-07-15 13:42:35,772 INFO  server.RaftServerConfigKeys (ConfUtils.java:logGet(43)) - raft.server.log.segment.cache.num.max = 2 (custom)
2019-07-15 13:42:35,774 INFO  server.RaftServerConfigKeys (ConfUtils.java:logGet(43)) - raft.server.log.write.buffer.size = 33554432 (custom)
2019-07-15 13:42:35,774 INFO  segmented.SegmentedRaftLogWorker (SegmentedRaftLogWorker.java:<init>(172)) - new 4246fd4b-cf21-443d-99bb-c2412d83fae8-SegmentedRaftLogWorker:Storage Directory /workdir/hadoop-ozone/integration-test/target/test-dir/MiniOzoneClusterImpl-c495932b-8957-4ff9-a01d-44ea499fdf4f/datanode-1/data/ratis/ef129e49-3978-4b39-9b44-cc5c0b7b5369 for RaftStorage:Storage Directory /workdir/hadoop-ozone/integration-test/target/test-dir/MiniOzoneClusterImpl-c495932b-8957-4ff9-a01d-44ea499fdf4f/datanode-1/data/ratis/ef129e49-3978-4b39-9b44-cc5c0b7b5369
2019-07-15 13:42:35,773 INFO  segmented.SegmentedRaftLogWorker (SegmentedRaftLogWorker.java:<init>(172)) - new 2bd76219-3cc0-41a7-bf32-ae7e1f1aa20f-SegmentedRaftLogWorker:Storage Directory /workdir/hadoop-ozone/integration-test/target/test-dir/MiniOzoneClusterImpl-c495932b-8957-4ff9-a01d-44ea499fdf4f/datanode-2/data/ratis/ef129e49-3978-4b39-9b44-cc5c0b7b5369 for RaftStorage:Storage Directory /workdir/hadoop-ozone/integration-test/target/test-dir/MiniOzoneClusterImpl-c495932b-8957-4ff9-a01d-44ea499fdf4f/datanode-2/data/ratis/ef129e49-3978-4b39-9b44-cc5c0b7b5369
2019-07-15 13:42:35,774 INFO  server.RaftServerConfigKeys (ConfUtils.java:logGet(43)) - raft.server.log.queue.byte-limit = 2147483647 (custom)
2019-07-15 13:42:35,774 INFO  server.RaftServerConfigKeys (ConfUtils.java:logGet(43)) - raft.server.log.force.sync.num = 128 (default)
2019-07-15 13:42:35,775 INFO  server.RaftServerConfigKeys (ConfUtils.java:logGet(43)) - raft.server.log.queue.byte-limit = 2147483647 (custom)
2019-07-15 13:42:35,776 INFO  server.RaftServerConfigKeys (ConfUtils.java:logGet(43)) - raft.server.log.queue.element-limit = 1024 (custom)
2019-07-15 13:42:35,779 INFO  server.RaftServerConfigKeys (ConfUtils.java:logGet(43)) - raft.server.log.queue.element-limit = 1024 (custom)
2019-07-15 13:42:35,779 INFO  server.RaftServerConfigKeys (ConfUtils.java:logGet(43)) - raft.server.log.statemachine.data.sync = true (default)
2019-07-15 13:42:35,779 INFO  server.RaftServerConfigKeys (ConfUtils.java:logGet(43)) - raft.server.log.segment.size.max = 1048576 (custom)
2019-07-15 13:42:35,779 INFO  server.RaftServerConfigKeys (ConfUtils.java:logGet(43)) - raft.server.log.segment.size.max = 1048576 (custom)
2019-07-15 13:42:35,780 INFO  server.RaftServerConfigKeys (ConfUtils.java:logGet(43)) - raft.server.log.preallocated.size = 16384 (custom)
2019-07-15 13:42:35,780 INFO  server.RaftServerConfigKeys (ConfUtils.java:logGet(43)) - raft.server.log.statemachine.data.sync.timeout = 10s (default)
2019-07-15 13:42:35,780 INFO  server.RaftServerConfigKeys (ConfUtils.java:logGet(43)) - raft.server.log.write.buffer.size = 33554432 (custom)
2019-07-15 13:42:35,780 INFO  server.RaftServerConfigKeys (ConfUtils.java:logGet(43)) - raft.server.log.preallocated.size = 16384 (custom)
2019-07-15 13:42:35,780 INFO  server.RaftServerConfigKeys (ConfUtils.java:logGet(43)) - raft.server.log.force.sync.num = 128 (default)
2019-07-15 13:42:35,780 INFO  server.RaftServerConfigKeys (ConfUtils.java:logGet(43)) - raft.server.log.statemachine.data.sync.timeout.retry = -1 (default)
2019-07-15 13:42:35,780 INFO  server.RaftServerConfigKeys (ConfUtils.java:logGet(43)) - raft.server.log.statemachine.data.sync = true (default)
2019-07-15 13:42:35,780 INFO  server.RaftServerConfigKeys (ConfUtils.java:logGet(43)) - raft.server.log.write.buffer.size = 33554432 (custom)
2019-07-15 13:42:35,781 INFO  server.RaftServerConfigKeys (ConfUtils.java:logGet(43)) - raft.server.log.statemachine.data.sync.timeout = 10s (default)
2019-07-15 13:42:35,781 INFO  server.RaftServerConfigKeys (ConfUtils.java:logGet(43)) - raft.server.log.statemachine.data.caching.enabled = true (custom)
2019-07-15 13:42:35,781 INFO  server.RaftServerConfigKeys (ConfUtils.java:logGet(43)) - raft.server.log.statemachine.data.sync.timeout.retry = -1 (default)
2019-07-15 13:42:35,781 INFO  server.RaftServerConfigKeys (ConfUtils.java:logGet(43)) - raft.server.log.force.sync.num = 128 (default)
2019-07-15 13:42:35,783 INFO  server.RaftServerConfigKeys (ConfUtils.java:logGet(43)) - raft.server.log.statemachine.data.caching.enabled = true (custom)
2019-07-15 13:42:35,783 INFO  segmented.SegmentedRaftLogWorker (SegmentedRaftLogWorker.java:lambda$new$0(132)) - 0f69f74f-2127-43c1-8e92-277219ce5a69-SegmentedRaftLogWorker:Storage Directory /workdir/hadoop-ozone/integration-test/target/test-dir/MiniOzoneClusterImpl-c495932b-8957-4ff9-a01d-44ea499fdf4f/datanode-0/data/ratis/ef129e49-3978-4b39-9b44-cc5c0b7b5369: flushIndex: setUnconditionally 0 -> -1
2019-07-15 13:42:35,783 INFO  server.RaftServerConfigKeys (ConfUtils.java:logGet(43)) - raft.server.log.statemachine.data.sync = true (default)
2019-07-15 13:42:35,783 INFO  segmented.SegmentedRaftLogWorker (SegmentedRaftLogWorker.java:lambda$new$0(132)) - 2bd76219-3cc0-41a7-bf32-ae7e1f1aa20f-SegmentedRaftLogWorker:Storage Directory /workdir/hadoop-ozone/integration-test/target/test-dir/MiniOzoneClusterImpl-c495932b-8957-4ff9-a01d-44ea499fdf4f/datanode-2/data/ratis/ef129e49-3978-4b39-9b44-cc5c0b7b5369: flushIndex: setUnconditionally 0 -> -1
2019-07-15 13:42:35,784 INFO  server.RaftServerConfigKeys (ConfUtils.java:logGet(43)) - raft.server.snapshot.auto.trigger.enabled = true (custom)
2019-07-15 13:42:35,784 INFO  server.RaftServerConfigKeys (ConfUtils.java:logGet(43)) - raft.server.log.statemachine.data.sync.timeout = 10s (default)
2019-07-15 13:42:35,784 INFO  server.RaftServerConfigKeys (ConfUtils.java:logGet(43)) - raft.server.snapshot.auto.trigger.threshold = 10000 (custom)
2019-07-15 13:42:35,784 INFO  server.RaftServerConfigKeys (ConfUtils.java:logGet(43)) - raft.server.snapshot.auto.trigger.enabled = true (custom)
2019-07-15 13:42:35,784 INFO  server.RaftServerConfigKeys (ConfUtils.java:logGet(43)) - raft.server.log.statemachine.data.sync.timeout.retry = -1 (default)
2019-07-15 13:42:35,784 INFO  server.RaftServerConfigKeys (ConfUtils.java:logGet(43)) - raft.server.retrycache.expirytime = 600000ms (custom)
2019-07-15 13:42:35,784 INFO  server.RaftServerConfigKeys (ConfUtils.java:logGet(43)) - raft.server.snapshot.auto.trigger.threshold = 10000 (custom)
2019-07-15 13:42:35,784 INFO  server.RaftServerConfigKeys (ConfUtils.java:logGet(43)) - raft.server.log.statemachine.data.caching.enabled = true (custom)
2019-07-15 13:42:35,785 INFO  server.RaftServerConfigKeys (ConfUtils.java:logGet(43)) - raft.server.retrycache.expirytime = 600000ms (custom)
2019-07-15 13:42:35,785 INFO  impl.RaftServerImpl (RaftServerImpl.java:start(180)) - 0f69f74f-2127-43c1-8e92-277219ce5a69: start group-CC5C0B7B5369
2019-07-15 13:42:35,785 INFO  impl.RaftServerImpl (RaftServerImpl.java:start(180)) - 2bd76219-3cc0-41a7-bf32-ae7e1f1aa20f: start group-CC5C0B7B5369
2019-07-15 13:42:35,785 INFO  segmented.SegmentedRaftLogWorker (SegmentedRaftLogWorker.java:lambda$new$0(132)) - 4246fd4b-cf21-443d-99bb-c2412d83fae8-SegmentedRaftLogWorker:Storage Directory /workdir/hadoop-ozone/integration-test/target/test-dir/MiniOzoneClusterImpl-c495932b-8957-4ff9-a01d-44ea499fdf4f/datanode-1/data/ratis/ef129e49-3978-4b39-9b44-cc5c0b7b5369: flushIndex: setUnconditionally 0 -> -1
2019-07-15 13:42:35,785 INFO  impl.RaftServerImpl (RaftServerImpl.java:setRole(171)) - 2bd76219-3cc0-41a7-bf32-ae7e1f1aa20f:group-CC5C0B7B5369 changes role from null to FOLLOWER at term 0 for startAsFollower
2019-07-15 13:42:35,785 INFO  impl.RaftServerImpl (RaftServerImpl.java:setRole(171)) - 0f69f74f-2127-43c1-8e92-277219ce5a69:group-CC5C0B7B5369 changes role from null to FOLLOWER at term 0 for startAsFollower
2019-07-15 13:42:35,786 INFO  impl.RoleInfo (RoleInfo.java:updateAndGet(143)) - 2bd76219-3cc0-41a7-bf32-ae7e1f1aa20f: start FollowerState
2019-07-15 13:42:35,786 INFO  impl.RoleInfo (RoleInfo.java:updateAndGet(143)) - 0f69f74f-2127-43c1-8e92-277219ce5a69: start FollowerState
2019-07-15 13:42:35,785 INFO  server.RaftServerConfigKeys (ConfUtils.java:logGet(43)) - raft.server.snapshot.auto.trigger.enabled = true (custom)
2019-07-15 13:42:35,786 INFO  util.JmxRegister (JmxRegister.java:tryRegister(44)) - Successfully registered JMX Bean with object name Ratis:service=RaftServer,group=group-CC5C0B7B5369,id=2bd76219-3cc0-41a7-bf32-ae7e1f1aa20f
2019-07-15 13:42:35,786 INFO  server.RaftServerConfigKeys (ConfUtils.java:logGet(43)) - raft.server.snapshot.auto.trigger.threshold = 10000 (custom)
2019-07-15 13:42:35,786 INFO  util.JmxRegister (JmxRegister.java:tryRegister(44)) - Successfully registered JMX Bean with object name Ratis:service=RaftServer,group=group-CC5C0B7B5369,id=0f69f74f-2127-43c1-8e92-277219ce5a69
2019-07-15 13:42:35,786 INFO  server.RaftServerConfigKeys (ConfUtils.java:logGet(43)) - raft.server.retrycache.expirytime = 600000ms (custom)
2019-07-15 13:42:35,787 INFO  impl.RaftServerImpl (RaftServerImpl.java:start(180)) - 4246fd4b-cf21-443d-99bb-c2412d83fae8: start group-CC5C0B7B5369
2019-07-15 13:42:35,787 INFO  impl.RaftServerImpl (RaftServerImpl.java:setRole(171)) - 4246fd4b-cf21-443d-99bb-c2412d83fae8:group-CC5C0B7B5369 changes role from null to FOLLOWER at term 0 for startAsFollower
2019-07-15 13:42:35,787 INFO  impl.RoleInfo (RoleInfo.java:updateAndGet(143)) - 4246fd4b-cf21-443d-99bb-c2412d83fae8: start FollowerState
2019-07-15 13:42:35,787 INFO  util.JmxRegister (JmxRegister.java:tryRegister(44)) - Successfully registered JMX Bean with object name Ratis:service=RaftServer,group=group-CC5C0B7B5369,id=4246fd4b-cf21-443d-99bb-c2412d83fae8
2019-07-15 13:42:35,812 INFO  pipeline.PipelineStateManager (PipelineStateManager.java:addPipeline(56)) - Created pipeline Pipeline[ Id: ef129e49-3978-4b39-9b44-cc5c0b7b5369, Nodes: 4246fd4b-cf21-443d-99bb-c2412d83fae8{ip: 192.168.157.240, host: trunk-nightly-hvlc9-701369690, networkLocation: /default-rack, certSerialId: null}2bd76219-3cc0-41a7-bf32-ae7e1f1aa20f{ip: 192.168.157.240, host: trunk-nightly-hvlc9-701369690, networkLocation: /default-rack, certSerialId: null}0f69f74f-2127-43c1-8e92-277219ce5a69{ip: 192.168.157.240, host: trunk-nightly-hvlc9-701369690, networkLocation: /default-rack, certSerialId: null}, Type:RATIS, Factor:THREE, State:OPEN]
2019-07-15 13:42:35,880 INFO  impl.RaftServerProxy (RaftServerProxy.java:addNew(89)) - 1dc89fb7-c510-4be8-8169-e8f46e2262bf: addNew group-8B5412E281E5:[af97e53f-6c11-4342-ae9a-a60f97a0ff45:192.168.157.240:36167, bf20c03f-2aa8-457d-a0d5-81efc30b79cc:192.168.157.240:36845, 1dc89fb7-c510-4be8-8169-e8f46e2262bf:192.168.157.240:33645] returns group-8B5412E281E5:java.util.concurrent.CompletableFuture@14cd237b[Not completed]
2019-07-15 13:42:35,881 INFO  impl.RaftServerProxy (RaftServerProxy.java:addNew(89)) - bf20c03f-2aa8-457d-a0d5-81efc30b79cc: addNew group-8B5412E281E5:[af97e53f-6c11-4342-ae9a-a60f97a0ff45:192.168.157.240:36167, bf20c03f-2aa8-457d-a0d5-81efc30b79cc:192.168.157.240:36845, 1dc89fb7-c510-4be8-8169-e8f46e2262bf:192.168.157.240:33645] returns group-8B5412E281E5:java.util.concurrent.CompletableFuture@76f4aa91[Not completed]
2019-07-15 13:42:35,883 INFO  impl.RaftServerProxy (RaftServerProxy.java:addNew(89)) - af97e53f-6c11-4342-ae9a-a60f97a0ff45: addNew group-8B5412E281E5:[af97e53f-6c11-4342-ae9a-a60f97a0ff45:192.168.157.240:36167, bf20c03f-2aa8-457d-a0d5-81efc30b79cc:192.168.157.240:36845, 1dc89fb7-c510-4be8-8169-e8f46e2262bf:192.168.157.240:33645] returns group-8B5412E281E5:java.util.concurrent.CompletableFuture@1a0caeee[Not completed]
2019-07-15 13:42:35,884 INFO  impl.RaftServerImpl (RaftServerImpl.java:<init>(93)) - 1dc89fb7-c510-4be8-8169-e8f46e2262bf: new RaftServerImpl for group-8B5412E281E5:[af97e53f-6c11-4342-ae9a-a60f97a0ff45:192.168.157.240:36167, bf20c03f-2aa8-457d-a0d5-81efc30b79cc:192.168.157.240:36845, 1dc89fb7-c510-4be8-8169-e8f46e2262bf:192.168.157.240:33645] with ContainerStateMachine:uninitialized
2019-07-15 13:42:35,885 INFO  server.RaftServerConfigKeys (ConfUtils.java:logGet(43)) - raft.server.rpc.timeout.min = 5s (custom)
2019-07-15 13:42:35,885 INFO  server.RaftServerConfigKeys (ConfUtils.java:logGet(43)) - raft.server.rpc.timeout.max = 5200ms (custom)
2019-07-15 13:42:35,885 INFO  server.RaftServerConfigKeys (ConfUtils.java:logGet(43)) - raft.server.rpcslowness.timeout = 120s (custom)
2019-07-15 13:42:35,885 INFO  server.RaftServerConfigKeys (ConfUtils.java:logGet(43)) - raft.server.sleep.deviation.threshold = 300 (default)
2019-07-15 13:42:35,885 INFO  server.RaftServerConfigKeys (ConfUtils.java:logGet(43)) - raft.server.log.appender.install.snapshot.enabled = false (custom)
2019-07-15 13:42:35,885 INFO  impl.RaftServerImpl (RaftServerImpl.java:<init>(93)) - af97e53f-6c11-4342-ae9a-a60f97a0ff45: new RaftServerImpl for group-8B5412E281E5:[af97e53f-6c11-4342-ae9a-a60f97a0ff45:192.168.157.240:36167, bf20c03f-2aa8-457d-a0d5-81efc30b79cc:192.168.157.240:36845, 1dc89fb7-c510-4be8-8169-e8f46e2262bf:192.168.157.240:33645] with ContainerStateMachine:uninitialized
2019-07-15 13:42:35,886 INFO  impl.RaftServerImpl (ServerState.java:<init>(105)) - 1dc89fb7-c510-4be8-8169-e8f46e2262bf:group-8B5412E281E5 ConfigurationManager, init=-1: [af97e53f-6c11-4342-ae9a-a60f97a0ff45:192.168.157.240:36167, bf20c03f-2aa8-457d-a0d5-81efc30b79cc:192.168.157.240:36845, 1dc89fb7-c510-4be8-8169-e8f46e2262bf:192.168.157.240:33645], old=null, confs=<EMPTY_MAP>
2019-07-15 13:42:35,886 INFO  server.RaftServerConfigKeys (ConfUtils.java:logGet(43)) - raft.server.rpc.timeout.min = 5s (custom)
2019-07-15 13:42:35,886 INFO  server.RaftServerConfigKeys (ConfUtils.java:logGet(43)) - raft.server.storage.dir = [/workdir/hadoop-ozone/integration-test/target/test-dir/MiniOzoneClusterImpl-c495932b-8957-4ff9-a01d-44ea499fdf4f/datanode-6/data/ratis] (custom)
2019-07-15 13:42:35,886 INFO  server.RaftServerConfigKeys (ConfUtils.java:logGet(43)) - raft.server.rpc.timeout.max = 5200ms (custom)
2019-07-15 13:42:35,886 INFO  server.RaftServerConfigKeys (ConfUtils.java:logGet(43)) - raft.server.rpcslowness.timeout = 120s (custom)
2019-07-15 13:42:35,886 INFO  impl.RaftServerImpl (RaftServerImpl.java:<init>(93)) - bf20c03f-2aa8-457d-a0d5-81efc30b79cc: new RaftServerImpl for group-8B5412E281E5:[af97e53f-6c11-4342-ae9a-a60f97a0ff45:192.168.157.240:36167, bf20c03f-2aa8-457d-a0d5-81efc30b79cc:192.168.157.240:36845, 1dc89fb7-c510-4be8-8169-e8f46e2262bf:192.168.157.240:33645] with ContainerStateMachine:uninitialized
2019-07-15 13:42:35,886 INFO  server.RaftServerConfigKeys (ConfUtils.java:logGet(43)) - raft.server.sleep.deviation.threshold = 300 (default)
2019-07-15 13:42:35,886 INFO  storage.RaftStorageDirectory (RaftStorageDirectory.java:analyzeStorage(246)) - The storage directory /workdir/hadoop-ozone/integration-test/target/test-dir/MiniOzoneClusterImpl-c495932b-8957-4ff9-a01d-44ea499fdf4f/datanode-6/data/ratis/912bfc8a-c13f-4979-a3e4-8b5412e281e5 does not exist. Creating ...
2019-07-15 13:42:35,887 INFO  server.RaftServerConfigKeys (ConfUtils.java:logGet(43)) - raft.server.log.appender.install.snapshot.enabled = false (custom)
2019-07-15 13:42:35,887 INFO  server.RaftServerConfigKeys (ConfUtils.java:logGet(43)) - raft.server.rpc.timeout.min = 5s (custom)
2019-07-15 13:42:35,887 INFO  impl.RaftServerImpl (ServerState.java:<init>(105)) - af97e53f-6c11-4342-ae9a-a60f97a0ff45:group-8B5412E281E5 ConfigurationManager, init=-1: [af97e53f-6c11-4342-ae9a-a60f97a0ff45:192.168.157.240:36167, bf20c03f-2aa8-457d-a0d5-81efc30b79cc:192.168.157.240:36845, 1dc89fb7-c510-4be8-8169-e8f46e2262bf:192.168.157.240:33645], old=null, confs=<EMPTY_MAP>
2019-07-15 13:42:35,887 INFO  server.RaftServerConfigKeys (ConfUtils.java:logGet(43)) - raft.server.rpc.timeout.max = 5200ms (custom)
2019-07-15 13:42:35,887 INFO  server.RaftServerConfigKeys (ConfUtils.java:logGet(43)) - raft.server.storage.dir = [/workdir/hadoop-ozone/integration-test/target/test-dir/MiniOzoneClusterImpl-c495932b-8957-4ff9-a01d-44ea499fdf4f/datanode-5/data/ratis] (custom)
2019-07-15 13:42:35,887 INFO  server.RaftServerConfigKeys (ConfUtils.java:logGet(43)) - raft.server.rpcslowness.timeout = 120s (custom)
2019-07-15 13:42:35,888 INFO  server.RaftServerConfigKeys (ConfUtils.java:logGet(43)) - raft.server.sleep.deviation.threshold = 300 (default)
2019-07-15 13:42:35,888 INFO  storage.RaftStorageDirectory (RaftStorageDirectory.java:analyzeStorage(246)) - The storage directory /workdir/hadoop-ozone/integration-test/target/test-dir/MiniOzoneClusterImpl-c495932b-8957-4ff9-a01d-44ea499fdf4f/datanode-5/data/ratis/912bfc8a-c13f-4979-a3e4-8b5412e281e5 does not exist. Creating ...
2019-07-15 13:42:35,888 INFO  server.RaftServerConfigKeys (ConfUtils.java:logGet(43)) - raft.server.log.appender.install.snapshot.enabled = false (custom)
2019-07-15 13:42:35,888 INFO  impl.RaftServerImpl (ServerState.java:<init>(105)) - bf20c03f-2aa8-457d-a0d5-81efc30b79cc:group-8B5412E281E5 ConfigurationManager, init=-1: [af97e53f-6c11-4342-ae9a-a60f97a0ff45:192.168.157.240:36167, bf20c03f-2aa8-457d-a0d5-81efc30b79cc:192.168.157.240:36845, 1dc89fb7-c510-4be8-8169-e8f46e2262bf:192.168.157.240:33645], old=null, confs=<EMPTY_MAP>
2019-07-15 13:42:35,888 INFO  server.RaftServerConfigKeys (ConfUtils.java:logGet(43)) - raft.server.storage.dir = [/workdir/hadoop-ozone/integration-test/target/test-dir/MiniOzoneClusterImpl-c495932b-8957-4ff9-a01d-44ea499fdf4f/datanode-4/data/ratis] (custom)
2019-07-15 13:42:35,889 INFO  storage.RaftStorageDirectory (RaftStorageDirectory.java:analyzeStorage(246)) - The storage directory /workdir/hadoop-ozone/integration-test/target/test-dir/MiniOzoneClusterImpl-c495932b-8957-4ff9-a01d-44ea499fdf4f/datanode-4/data/ratis/912bfc8a-c13f-4979-a3e4-8b5412e281e5 does not exist. Creating ...
2019-07-15 13:42:35,900 INFO  storage.RaftStorageDirectory (RaftStorageDirectory.java:tryLock(328)) - Lock on /workdir/hadoop-ozone/integration-test/target/test-dir/MiniOzoneClusterImpl-c495932b-8957-4ff9-a01d-44ea499fdf4f/datanode-4/data/ratis/912bfc8a-c13f-4979-a3e4-8b5412e281e5/in_use.lock acquired by nodename 23576@trunk-nightly-hvlc9-701369690
2019-07-15 13:42:35,900 INFO  storage.RaftStorageDirectory (RaftStorageDirectory.java:tryLock(328)) - Lock on /workdir/hadoop-ozone/integration-test/target/test-dir/MiniOzoneClusterImpl-c495932b-8957-4ff9-a01d-44ea499fdf4f/datanode-6/data/ratis/912bfc8a-c13f-4979-a3e4-8b5412e281e5/in_use.lock acquired by nodename 23576@trunk-nightly-hvlc9-701369690
2019-07-15 13:42:35,900 INFO  storage.RaftStorageDirectory (RaftStorageDirectory.java:tryLock(328)) - Lock on /workdir/hadoop-ozone/integration-test/target/test-dir/MiniOzoneClusterImpl-c495932b-8957-4ff9-a01d-44ea499fdf4f/datanode-5/data/ratis/912bfc8a-c13f-4979-a3e4-8b5412e281e5/in_use.lock acquired by nodename 23576@trunk-nightly-hvlc9-701369690
2019-07-15 13:42:35,914 INFO  storage.RaftStorage (RaftStorage.java:format(72)) - Storage directory /workdir/hadoop-ozone/integration-test/target/test-dir/MiniOzoneClusterImpl-c495932b-8957-4ff9-a01d-44ea499fdf4f/datanode-5/data/ratis/912bfc8a-c13f-4979-a3e4-8b5412e281e5 has been successfully formatted.
2019-07-15 13:42:35,914 INFO  storage.RaftStorage (RaftStorage.java:format(72)) - Storage directory /workdir/hadoop-ozone/integration-test/target/test-dir/MiniOzoneClusterImpl-c495932b-8957-4ff9-a01d-44ea499fdf4f/datanode-6/data/ratis/912bfc8a-c13f-4979-a3e4-8b5412e281e5 has been successfully formatted.
2019-07-15 13:42:35,914 INFO  storage.RaftStorage (RaftStorage.java:format(72)) - Storage directory /workdir/hadoop-ozone/integration-test/target/test-dir/MiniOzoneClusterImpl-c495932b-8957-4ff9-a01d-44ea499fdf4f/datanode-4/data/ratis/912bfc8a-c13f-4979-a3e4-8b5412e281e5 has been successfully formatted.
2019-07-15 13:42:35,915 INFO  ratis.ContainerStateMachine (ContainerStateMachine.java:loadSnapshot(200)) - group-8B5412E281E5: The snapshot info is null. Setting the last applied indexto:(t:0, i:~)
2019-07-15 13:42:35,915 INFO  ratis.ContainerStateMachine (ContainerStateMachine.java:loadSnapshot(200)) - group-8B5412E281E5: The snapshot info is null. Setting the last applied indexto:(t:0, i:~)
2019-07-15 13:42:35,915 INFO  server.RaftServerConfigKeys (ConfUtils.java:logGet(43)) - raft.server.leader.election.timeout = 120s (custom)
2019-07-15 13:42:35,915 INFO  ratis.ContainerStateMachine (ContainerStateMachine.java:loadSnapshot(200)) - group-8B5412E281E5: The snapshot info is null. Setting the last applied indexto:(t:0, i:~)
2019-07-15 13:42:35,915 INFO  server.RaftServerConfigKeys (ConfUtils.java:logGet(43)) - raft.server.log.use.memory = false (default)
2019-07-15 13:42:35,915 INFO  server.RaftServerConfigKeys (ConfUtils.java:logGet(43)) - raft.server.leader.election.timeout = 120s (custom)
2019-07-15 13:42:35,916 INFO  server.RaftServerConfigKeys (ConfUtils.java:logGet(43)) - raft.server.log.purge.gap = 1000000000 (custom)
2019-07-15 13:42:35,916 INFO  server.RaftServerConfigKeys (ConfUtils.java:logGet(43)) - raft.server.leader.election.timeout = 120s (custom)
2019-07-15 13:42:35,916 INFO  server.RaftServerConfigKeys (ConfUtils.java:logGet(43)) - raft.server.log.appender.buffer.byte-limit = 33554432 (custom)
2019-07-15 13:42:35,916 INFO  server.RaftServerConfigKeys (ConfUtils.java:logGet(43)) - raft.server.log.use.memory = false (default)
2019-07-15 13:42:35,916 INFO  server.RaftServerConfigKeys (ConfUtils.java:logGet(43)) - raft.server.log.segment.size.max = 1048576 (custom)
2019-07-15 13:42:35,916 INFO  server.RaftServerConfigKeys (ConfUtils.java:logGet(43)) - raft.server.log.use.memory = false (default)
2019-07-15 13:42:35,917 INFO  server.RaftServerConfigKeys (ConfUtils.java:logGet(43)) - raft.server.log.segment.cache.num.max = 2 (custom)
2019-07-15 13:42:35,917 INFO  server.RaftServerConfigKeys (ConfUtils.java:logGet(43)) - raft.server.log.purge.gap = 1000000000 (custom)
2019-07-15 13:42:35,917 INFO  segmented.SegmentedRaftLogWorker (SegmentedRaftLogWorker.java:<init>(172)) - new 1dc89fb7-c510-4be8-8169-e8f46e2262bf-SegmentedRaftLogWorker:Storage Directory /workdir/hadoop-ozone/integration-test/target/test-dir/MiniOzoneClusterImpl-c495932b-8957-4ff9-a01d-44ea499fdf4f/datanode-6/data/ratis/912bfc8a-c13f-4979-a3e4-8b5412e281e5 for RaftStorage:Storage Directory /workdir/hadoop-ozone/integration-test/target/test-dir/MiniOzoneClusterImpl-c495932b-8957-4ff9-a01d-44ea499fdf4f/datanode-6/data/ratis/912bfc8a-c13f-4979-a3e4-8b5412e281e5
2019-07-15 13:42:35,917 INFO  server.RaftServerConfigKeys (ConfUtils.java:logGet(43)) - raft.server.log.purge.gap = 1000000000 (custom)
2019-07-15 13:42:35,917 INFO  server.RaftServerConfigKeys (ConfUtils.java:logGet(43)) - raft.server.log.queue.byte-limit = 2147483647 (custom)
2019-07-15 13:42:35,917 INFO  server.RaftServerConfigKeys (ConfUtils.java:logGet(43)) - raft.server.log.appender.buffer.byte-limit = 33554432 (custom)
2019-07-15 13:42:35,920 INFO  server.RaftServerConfigKeys (ConfUtils.java:logGet(43)) - raft.server.log.queue.element-limit = 1024 (custom)
2019-07-15 13:42:35,917 INFO  server.RaftServerConfigKeys (ConfUtils.java:logGet(43)) - raft.server.log.appender.buffer.byte-limit = 33554432 (custom)
2019-07-15 13:42:35,920 INFO  server.RaftServerConfigKeys (ConfUtils.java:logGet(43)) - raft.server.log.segment.size.max = 1048576 (custom)
2019-07-15 13:42:35,920 INFO  server.RaftServerConfigKeys (ConfUtils.java:logGet(43)) - raft.server.log.segment.size.max = 1048576 (custom)
2019-07-15 13:42:35,920 INFO  server.RaftServerConfigKeys (ConfUtils.java:logGet(43)) - raft.server.log.preallocated.size = 16384 (custom)
2019-07-15 13:42:35,920 INFO  server.RaftServerConfigKeys (ConfUtils.java:logGet(43)) - raft.server.log.segment.size.max = 1048576 (custom)
2019-07-15 13:42:35,921 INFO  server.RaftServerConfigKeys (ConfUtils.java:logGet(43)) - raft.server.log.write.buffer.size = 33554432 (custom)
2019-07-15 13:42:35,921 INFO  server.RaftServerConfigKeys (ConfUtils.java:logGet(43)) - raft.server.log.segment.cache.num.max = 2 (custom)
2019-07-15 13:42:35,921 INFO  server.RaftServerConfigKeys (ConfUtils.java:logGet(43)) - raft.server.log.force.sync.num = 128 (default)
2019-07-15 13:42:35,921 INFO  server.RaftServerConfigKeys (ConfUtils.java:logGet(43)) - raft.server.log.segment.cache.num.max = 2 (custom)
2019-07-15 13:42:35,921 INFO  server.RaftServerConfigKeys (ConfUtils.java:logGet(43)) - raft.server.log.statemachine.data.sync = true (default)
2019-07-15 13:42:35,921 INFO  segmented.SegmentedRaftLogWorker (SegmentedRaftLogWorker.java:<init>(172)) - new af97e53f-6c11-4342-ae9a-a60f97a0ff45-SegmentedRaftLogWorker:Storage Directory /workdir/hadoop-ozone/integration-test/target/test-dir/MiniOzoneClusterImpl-c495932b-8957-4ff9-a01d-44ea499fdf4f/datanode-5/data/ratis/912bfc8a-c13f-4979-a3e4-8b5412e281e5 for RaftStorage:Storage Directory /workdir/hadoop-ozone/integration-test/target/test-dir/MiniOzoneClusterImpl-c495932b-8957-4ff9-a01d-44ea499fdf4f/datanode-5/data/ratis/912bfc8a-c13f-4979-a3e4-8b5412e281e5
2019-07-15 13:42:35,922 INFO  server.RaftServerConfigKeys (ConfUtils.java:logGet(43)) - raft.server.log.statemachine.data.sync.timeout = 10s (default)
2019-07-15 13:42:35,922 INFO  server.RaftServerConfigKeys (ConfUtils.java:logGet(43)) - raft.server.log.statemachine.data.sync.timeout.retry = -1 (default)
2019-07-15 13:42:35,922 INFO  segmented.SegmentedRaftLogWorker (SegmentedRaftLogWorker.java:<init>(172)) - new bf20c03f-2aa8-457d-a0d5-81efc30b79cc-SegmentedRaftLogWorker:Storage Directory /workdir/hadoop-ozone/integration-test/target/test-dir/MiniOzoneClusterImpl-c495932b-8957-4ff9-a01d-44ea499fdf4f/datanode-4/data/ratis/912bfc8a-c13f-4979-a3e4-8b5412e281e5 for RaftStorage:Storage Directory /workdir/hadoop-ozone/integration-test/target/test-dir/MiniOzoneClusterImpl-c495932b-8957-4ff9-a01d-44ea499fdf4f/datanode-4/data/ratis/912bfc8a-c13f-4979-a3e4-8b5412e281e5
2019-07-15 13:42:35,924 INFO  server.RaftServerConfigKeys (ConfUtils.java:logGet(43)) - raft.server.log.statemachine.data.caching.enabled = true (custom)
2019-07-15 13:42:35,922 INFO  server.RaftServerConfigKeys (ConfUtils.java:logGet(43)) - raft.server.log.queue.byte-limit = 2147483647 (custom)
2019-07-15 13:42:35,926 INFO  segmented.SegmentedRaftLogWorker (SegmentedRaftLogWorker.java:lambda$new$0(132)) - 1dc89fb7-c510-4be8-8169-e8f46e2262bf-SegmentedRaftLogWorker:Storage Directory /workdir/hadoop-ozone/integration-test/target/test-dir/MiniOzoneClusterImpl-c495932b-8957-4ff9-a01d-44ea499fdf4f/datanode-6/data/ratis/912bfc8a-c13f-4979-a3e4-8b5412e281e5: flushIndex: setUnconditionally 0 -> -1
2019-07-15 13:42:35,924 INFO  server.RaftServerConfigKeys (ConfUtils.java:logGet(43)) - raft.server.log.queue.byte-limit = 2147483647 (custom)
2019-07-15 13:42:35,926 INFO  server.RaftServerConfigKeys (ConfUtils.java:logGet(43)) - raft.server.log.queue.element-limit = 1024 (custom)
2019-07-15 13:42:35,927 INFO  server.RaftServerConfigKeys (ConfUtils.java:logGet(43)) - raft.server.snapshot.auto.trigger.enabled = true (custom)
2019-07-15 13:42:35,927 INFO  server.RaftServerConfigKeys (ConfUtils.java:logGet(43)) - raft.server.log.queue.element-limit = 1024 (custom)
2019-07-15 13:42:35,927 INFO  server.RaftServerConfigKeys (ConfUtils.java:logGet(43)) - raft.server.snapshot.auto.trigger.threshold = 10000 (custom)
2019-07-15 13:42:35,927 INFO  server.RaftServerConfigKeys (ConfUtils.java:logGet(43)) - raft.server.log.segment.size.max = 1048576 (custom)
2019-07-15 13:42:35,927 INFO  server.RaftServerConfigKeys (ConfUtils.java:logGet(43)) - raft.server.retrycache.expirytime = 600000ms (custom)
2019-07-15 13:42:35,927 INFO  server.RaftServerConfigKeys (ConfUtils.java:logGet(43)) - raft.server.log.segment.size.max = 1048576 (custom)
2019-07-15 13:42:35,928 INFO  impl.RaftServerImpl (RaftServerImpl.java:start(180)) - 1dc89fb7-c510-4be8-8169-e8f46e2262bf: start group-8B5412E281E5
2019-07-15 13:42:35,927 INFO  server.RaftServerConfigKeys (ConfUtils.java:logGet(43)) - raft.server.log.preallocated.size = 16384 (custom)
2019-07-15 13:42:35,928 INFO  impl.RaftServerImpl (RaftServerImpl.java:setRole(171)) - 1dc89fb7-c510-4be8-8169-e8f46e2262bf:group-8B5412E281E5 changes role from null to FOLLOWER at term 0 for startAsFollower
2019-07-15 13:42:35,928 INFO  server.RaftServerConfigKeys (ConfUtils.java:logGet(43)) - raft.server.log.preallocated.size = 16384 (custom)
2019-07-15 13:42:35,928 INFO  impl.RoleInfo (RoleInfo.java:updateAndGet(143)) - 1dc89fb7-c510-4be8-8169-e8f46e2262bf: start FollowerState
2019-07-15 13:42:35,928 INFO  server.RaftServerConfigKeys (ConfUtils.java:logGet(43)) - raft.server.log.write.buffer.size = 33554432 (custom)
2019-07-15 13:42:35,928 INFO  server.RaftServerConfigKeys (ConfUtils.java:logGet(43)) - raft.server.log.write.buffer.size = 33554432 (custom)
2019-07-15 13:42:35,929 INFO  util.JmxRegister (JmxRegister.java:tryRegister(44)) - Successfully registered JMX Bean with object name Ratis:service=RaftServer,group=group-8B5412E281E5,id=1dc89fb7-c510-4be8-8169-e8f46e2262bf
2019-07-15 13:42:35,929 INFO  server.RaftServerConfigKeys (ConfUtils.java:logGet(43)) - raft.server.log.force.sync.num = 128 (default)
2019-07-15 13:42:35,929 INFO  server.RaftServerConfigKeys (ConfUtils.java:logGet(43)) - raft.server.log.force.sync.num = 128 (default)
2019-07-15 13:42:35,929 INFO  server.RaftServerConfigKeys (ConfUtils.java:logGet(43)) - raft.server.log.statemachine.data.sync = true (default)
2019-07-15 13:42:35,929 INFO  server.RaftServerConfigKeys (ConfUtils.java:logGet(43)) - raft.server.log.statemachine.data.sync = true (default)
2019-07-15 13:42:35,930 INFO  server.RaftServerConfigKeys (ConfUtils.java:logGet(43)) - raft.server.log.statemachine.data.sync.timeout = 10s (default)
2019-07-15 13:42:35,930 INFO  server.RaftServerConfigKeys (ConfUtils.java:logGet(43)) - raft.server.log.statemachine.data.sync.timeout = 10s (default)
2019-07-15 13:42:35,930 INFO  server.RaftServerConfigKeys (ConfUtils.java:logGet(43)) - raft.server.log.statemachine.data.sync.timeout.retry = -1 (default)
2019-07-15 13:42:35,930 INFO  server.RaftServerConfigKeys (ConfUtils.java:logGet(43)) - raft.server.log.statemachine.data.sync.timeout.retry = -1 (default)
2019-07-15 13:42:35,930 INFO  server.RaftServerConfigKeys (ConfUtils.java:logGet(43)) - raft.server.log.statemachine.data.caching.enabled = true (custom)
2019-07-15 13:42:35,931 INFO  server.RaftServerConfigKeys (ConfUtils.java:logGet(43)) - raft.server.log.statemachine.data.caching.enabled = true (custom)
2019-07-15 13:42:35,931 INFO  segmented.SegmentedRaftLogWorker (SegmentedRaftLogWorker.java:lambda$new$0(132)) - af97e53f-6c11-4342-ae9a-a60f97a0ff45-SegmentedRaftLogWorker:Storage Directory /workdir/hadoop-ozone/integration-test/target/test-dir/MiniOzoneClusterImpl-c495932b-8957-4ff9-a01d-44ea499fdf4f/datanode-5/data/ratis/912bfc8a-c13f-4979-a3e4-8b5412e281e5: flushIndex: setUnconditionally 0 -> -1
2019-07-15 13:42:35,931 INFO  segmented.SegmentedRaftLogWorker (SegmentedRaftLogWorker.java:lambda$new$0(132)) - bf20c03f-2aa8-457d-a0d5-81efc30b79cc-SegmentedRaftLogWorker:Storage Directory /workdir/hadoop-ozone/integration-test/target/test-dir/MiniOzoneClusterImpl-c495932b-8957-4ff9-a01d-44ea499fdf4f/datanode-4/data/ratis/912bfc8a-c13f-4979-a3e4-8b5412e281e5: flushIndex: setUnconditionally 0 -> -1
2019-07-15 13:42:35,931 INFO  server.RaftServerConfigKeys (ConfUtils.java:logGet(43)) - raft.server.snapshot.auto.trigger.enabled = true (custom)
2019-07-15 13:42:35,931 INFO  server.RaftServerConfigKeys (ConfUtils.java:logGet(43)) - raft.server.snapshot.auto.trigger.threshold = 10000 (custom)
2019-07-15 13:42:35,931 INFO  server.RaftServerConfigKeys (ConfUtils.java:logGet(43)) - raft.server.snapshot.auto.trigger.enabled = true (custom)
2019-07-15 13:42:35,932 INFO  server.RaftServerConfigKeys (ConfUtils.java:logGet(43)) - raft.server.retrycache.expirytime = 600000ms (custom)
2019-07-15 13:42:35,932 INFO  server.RaftServerConfigKeys (ConfUtils.java:logGet(43)) - raft.server.snapshot.auto.trigger.threshold = 10000 (custom)
2019-07-15 13:42:35,934 INFO  impl.RaftServerImpl (RaftServerImpl.java:start(180)) - af97e53f-6c11-4342-ae9a-a60f97a0ff45: start group-8B5412E281E5
2019-07-15 13:42:35,936 INFO  impl.RaftServerImpl (RaftServerImpl.java:setRole(171)) - af97e53f-6c11-4342-ae9a-a60f97a0ff45:group-8B5412E281E5 changes role from null to FOLLOWER at term 0 for startAsFollower
2019-07-15 13:42:35,936 INFO  server.RaftServerConfigKeys (ConfUtils.java:logGet(43)) - raft.server.retrycache.expirytime = 600000ms (custom)
2019-07-15 13:42:35,939 INFO  impl.RoleInfo (RoleInfo.java:updateAndGet(143)) - af97e53f-6c11-4342-ae9a-a60f97a0ff45: start FollowerState
2019-07-15 13:42:35,939 INFO  impl.RaftServerImpl (RaftServerImpl.java:start(180)) - bf20c03f-2aa8-457d-a0d5-81efc30b79cc: start group-8B5412E281E5
2019-07-15 13:42:35,941 INFO  impl.RaftServerImpl (RaftServerImpl.java:setRole(171)) - bf20c03f-2aa8-457d-a0d5-81efc30b79cc:group-8B5412E281E5 changes role from null to FOLLOWER at term 0 for startAsFollower
2019-07-15 13:42:35,941 INFO  util.JmxRegister (JmxRegister.java:tryRegister(44)) - Successfully registered JMX Bean with object name Ratis:service=RaftServer,group=group-8B5412E281E5,id=af97e53f-6c11-4342-ae9a-a60f97a0ff45
2019-07-15 13:42:35,941 INFO  impl.RoleInfo (RoleInfo.java:updateAndGet(143)) - bf20c03f-2aa8-457d-a0d5-81efc30b79cc: start FollowerState
2019-07-15 13:42:35,944 INFO  util.JmxRegister (JmxRegister.java:tryRegister(44)) - Successfully registered JMX Bean with object name Ratis:service=RaftServer,group=group-8B5412E281E5,id=bf20c03f-2aa8-457d-a0d5-81efc30b79cc
2019-07-15 13:42:35,961 INFO  pipeline.PipelineStateManager (PipelineStateManager.java:addPipeline(56)) - Created pipeline Pipeline[ Id: 912bfc8a-c13f-4979-a3e4-8b5412e281e5, Nodes: bf20c03f-2aa8-457d-a0d5-81efc30b79cc{ip: 192.168.157.240, host: trunk-nightly-hvlc9-701369690, networkLocation: /default-rack, certSerialId: null}1dc89fb7-c510-4be8-8169-e8f46e2262bf{ip: 192.168.157.240, host: trunk-nightly-hvlc9-701369690, networkLocation: /default-rack, certSerialId: null}af97e53f-6c11-4342-ae9a-a60f97a0ff45{ip: 192.168.157.240, host: trunk-nightly-hvlc9-701369690, networkLocation: /default-rack, certSerialId: null}, Type:RATIS, Factor:THREE, State:OPEN]
2019-07-15 13:42:36,229 INFO  client.GrpcClientProtocolClient (GrpcClientProtocolClient.java:onNext(255)) - client-FE9953862CA1->4246fd4b-cf21-443d-99bb-c2412d83fae8: receive RaftClientReply:client-FE9953862CA1->4246fd4b-cf21-443d-99bb-c2412d83fae8@group-CC5C0B7B5369, cid=13, FAILED org.apache.ratis.protocol.NotLeaderException: Server 4246fd4b-cf21-443d-99bb-c2412d83fae8 is not the leader (null). Request must be sent to leader., logIndex=0, commits[4246fd4b-cf21-443d-99bb-c2412d83fae8:c-1]
2019-07-15 13:42:36,856 INFO  container.ReplicationManager (ReplicationManager.java:start(155)) - Starting Replication Monitor Thread.
2019-07-15 13:42:36,860 INFO  container.ReplicationManager (ReplicationManager.java:run(207)) - Replication Monitor Thread took 1 milliseconds for processing 1 containers.
2019-07-15 13:42:37,293 INFO  client.GrpcClientProtocolClient (GrpcClientProtocolClient.java:onNext(255)) - client-FE9953862CA1->2bd76219-3cc0-41a7-bf32-ae7e1f1aa20f: receive RaftClientReply:client-FE9953862CA1->2bd76219-3cc0-41a7-bf32-ae7e1f1aa20f@group-CC5C0B7B5369, cid=13, FAILED org.apache.ratis.protocol.NotLeaderException: Server 2bd76219-3cc0-41a7-bf32-ae7e1f1aa20f is not the leader (null). Request must be sent to leader., logIndex=0, commits[2bd76219-3cc0-41a7-bf32-ae7e1f1aa20f:c-1]
2019-07-15 13:42:38,335 INFO  client.GrpcClientProtocolClient (GrpcClientProtocolClient.java:onNext(255)) - client-FE9953862CA1->0f69f74f-2127-43c1-8e92-277219ce5a69: receive RaftClientReply:client-FE9953862CA1->0f69f74f-2127-43c1-8e92-277219ce5a69@group-CC5C0B7B5369, cid=13, FAILED org.apache.ratis.protocol.NotLeaderException: Server 0f69f74f-2127-43c1-8e92-277219ce5a69 is not the leader (null). Request must be sent to leader., logIndex=0, commits[0f69f74f-2127-43c1-8e92-277219ce5a69:c-1]
2019-07-15 13:42:39,371 INFO  client.GrpcClientProtocolClient (GrpcClientProtocolClient.java:onNext(255)) - client-FE9953862CA1->4246fd4b-cf21-443d-99bb-c2412d83fae8: receive RaftClientReply:client-FE9953862CA1->4246fd4b-cf21-443d-99bb-c2412d83fae8@group-CC5C0B7B5369, cid=13, FAILED org.apache.ratis.protocol.NotLeaderException: Server 4246fd4b-cf21-443d-99bb-c2412d83fae8 is not the leader (null). Request must be sent to leader., logIndex=0, commits[4246fd4b-cf21-443d-99bb-c2412d83fae8:c-1]
2019-07-15 13:42:40,105 INFO  impl.FollowerState (FollowerState.java:run(106)) - 0f69f74f-2127-43c1-8e92-277219ce5a69:group-2FE2923F2EED changes to CANDIDATE, lastRpcTime:5099, electionTimeout:5098ms
2019-07-15 13:42:40,106 INFO  impl.RoleInfo (RoleInfo.java:shutdownFollowerState(121)) - 0f69f74f-2127-43c1-8e92-277219ce5a69: shutdown FollowerState
2019-07-15 13:42:40,106 INFO  impl.RaftServerImpl (RaftServerImpl.java:setRole(171)) - 0f69f74f-2127-43c1-8e92-277219ce5a69:group-2FE2923F2EED changes role from FOLLOWER to CANDIDATE at term 0 for changeToCandidate
2019-07-15 13:42:40,115 INFO  impl.RoleInfo (RoleInfo.java:updateAndGet(143)) - 0f69f74f-2127-43c1-8e92-277219ce5a69: start LeaderElection
2019-07-15 13:42:40,135 INFO  impl.LeaderElection (LeaderElection.java:askForVotes(181)) - 0f69f74f-2127-43c1-8e92-277219ce5a69:group-2FE2923F2EED:LeaderElection1: begin an election at term 1 for -1: [0f69f74f-2127-43c1-8e92-277219ce5a69:192.168.157.240:35859], old=null
2019-07-15 13:42:40,138 INFO  impl.RoleInfo (RoleInfo.java:shutdownLeaderElection(134)) - 0f69f74f-2127-43c1-8e92-277219ce5a69: shutdown LeaderElection
2019-07-15 13:42:40,139 INFO  impl.RaftServerImpl (RaftServerImpl.java:setRole(171)) - 0f69f74f-2127-43c1-8e92-277219ce5a69:group-2FE2923F2EED changes role from CANDIDATE to LEADER at term 1 for changeToLeader
2019-07-15 13:42:40,139 INFO  impl.RaftServerImpl (ServerState.java:setLeader(263)) - 0f69f74f-2127-43c1-8e92-277219ce5a69:group-2FE2923F2EED change Leader from null to 0f69f74f-2127-43c1-8e92-277219ce5a69 at term 1 for becomeLeader, leader elected after 5222ms
2019-07-15 13:42:40,149 INFO  server.RaftServerConfigKeys (ConfUtils.java:logGet(43)) - raft.server.staging.catchup.gap = 1000 (default)
2019-07-15 13:42:40,149 INFO  server.RaftServerConfigKeys (ConfUtils.java:logGet(43)) - raft.server.rpc.sleep.time = 25ms (default)
2019-07-15 13:42:40,154 INFO  server.RaftServerConfigKeys (ConfUtils.java:logGet(43)) - raft.server.write.element-limit = 4096 (default)
2019-07-15 13:42:40,158 INFO  server.RaftServerConfigKeys (ConfUtils.java:logGet(43)) - raft.server.watch.timeout = 10s (default)
2019-07-15 13:42:40,158 INFO  server.RaftServerConfigKeys (ConfUtils.java:logGet(43)) - raft.server.watch.timeout.denomination = 1s (default)
2019-07-15 13:42:40,160 INFO  server.RaftServerConfigKeys (ConfUtils.java:logGet(43)) - raft.server.watch.element-limit = 65536 (default)
2019-07-15 13:42:40,172 INFO  impl.RoleInfo (RoleInfo.java:updateAndGet(143)) - 0f69f74f-2127-43c1-8e92-277219ce5a69: start LeaderState
2019-07-15 13:42:40,199 INFO  segmented.SegmentedRaftLogWorker (SegmentedRaftLogWorker.java:startLogSegment(380)) - 0f69f74f-2127-43c1-8e92-277219ce5a69-SegmentedRaftLogWorker:Storage Directory /workdir/hadoop-ozone/integration-test/target/test-dir/MiniOzoneClusterImpl-c495932b-8957-4ff9-a01d-44ea499fdf4f/datanode-0/data/ratis/74932ad8-6aff-41fb-9346-2fe2923f2eed: Starting segment from index:0
2019-07-15 13:42:40,209 INFO  impl.RaftServerImpl (ServerState.java:setRaftConf(361)) - 0f69f74f-2127-43c1-8e92-277219ce5a69:group-2FE2923F2EED set configuration 0: [0f69f74f-2127-43c1-8e92-277219ce5a69:192.168.157.240:35859], old=null at 0
2019-07-15 13:42:40,258 INFO  impl.FollowerState (FollowerState.java:run(106)) - 4246fd4b-cf21-443d-99bb-c2412d83fae8:group-C496ED74A24D changes to CANDIDATE, lastRpcTime:5054, electionTimeout:5052ms
2019-07-15 13:42:40,262 INFO  impl.RoleInfo (RoleInfo.java:shutdownFollowerState(121)) - 4246fd4b-cf21-443d-99bb-c2412d83fae8: shutdown FollowerState
2019-07-15 13:42:40,262 INFO  impl.RaftServerImpl (RaftServerImpl.java:setRole(171)) - 4246fd4b-cf21-443d-99bb-c2412d83fae8:group-C496ED74A24D changes role from FOLLOWER to CANDIDATE at term 0 for changeToCandidate
2019-07-15 13:42:40,262 INFO  impl.RoleInfo (RoleInfo.java:updateAndGet(143)) - 4246fd4b-cf21-443d-99bb-c2412d83fae8: start LeaderElection
2019-07-15 13:42:40,281 INFO  impl.LeaderElection (LeaderElection.java:askForVotes(181)) - 4246fd4b-cf21-443d-99bb-c2412d83fae8:group-C496ED74A24D:LeaderElection2: begin an election at term 1 for -1: [4246fd4b-cf21-443d-99bb-c2412d83fae8:192.168.157.240:44719], old=null
2019-07-15 13:42:40,284 INFO  impl.RoleInfo (RoleInfo.java:shutdownLeaderElection(134)) - 4246fd4b-cf21-443d-99bb-c2412d83fae8: shutdown LeaderElection
2019-07-15 13:42:40,284 INFO  impl.RaftServerImpl (RaftServerImpl.java:setRole(171)) - 4246fd4b-cf21-443d-99bb-c2412d83fae8:group-C496ED74A24D changes role from CANDIDATE to LEADER at term 1 for changeToLeader
2019-07-15 13:42:40,284 INFO  impl.RaftServerImpl (ServerState.java:setLeader(263)) - 4246fd4b-cf21-443d-99bb-c2412d83fae8:group-C496ED74A24D change Leader from null to 4246fd4b-cf21-443d-99bb-c2412d83fae8 at term 1 for becomeLeader, leader elected after 5087ms
2019-07-15 13:42:40,287 INFO  server.RaftServerConfigKeys (ConfUtils.java:logGet(43)) - raft.server.staging.catchup.gap = 1000 (default)
2019-07-15 13:42:40,289 INFO  server.RaftServerConfigKeys (ConfUtils.java:logGet(43)) - raft.server.rpc.sleep.time = 25ms (default)
2019-07-15 13:42:40,290 INFO  server.RaftServerConfigKeys (ConfUtils.java:logGet(43)) - raft.server.write.element-limit = 4096 (default)
2019-07-15 13:42:40,290 INFO  server.RaftServerConfigKeys (ConfUtils.java:logGet(43)) - raft.server.watch.timeout = 10s (default)
2019-07-15 13:42:40,290 INFO  server.RaftServerConfigKeys (ConfUtils.java:logGet(43)) - raft.server.watch.timeout.denomination = 1s (default)
2019-07-15 13:42:40,290 INFO  server.RaftServerConfigKeys (ConfUtils.java:logGet(43)) - raft.server.watch.element-limit = 65536 (default)
2019-07-15 13:42:40,290 INFO  impl.RoleInfo (RoleInfo.java:updateAndGet(143)) - 4246fd4b-cf21-443d-99bb-c2412d83fae8: start LeaderState
2019-07-15 13:42:40,291 INFO  segmented.SegmentedRaftLogWorker (SegmentedRaftLogWorker.java:startLogSegment(380)) - 4246fd4b-cf21-443d-99bb-c2412d83fae8-SegmentedRaftLogWorker:Storage Directory /workdir/hadoop-ozone/integration-test/target/test-dir/MiniOzoneClusterImpl-c495932b-8957-4ff9-a01d-44ea499fdf4f/datanode-1/data/ratis/567730bb-25fa-450b-89a5-c496ed74a24d: Starting segment from index:0
2019-07-15 13:42:40,292 INFO  impl.RaftServerImpl (ServerState.java:setRaftConf(361)) - 4246fd4b-cf21-443d-99bb-c2412d83fae8:group-C496ED74A24D set configuration 0: [4246fd4b-cf21-443d-99bb-c2412d83fae8:192.168.157.240:44719], old=null at 0
2019-07-15 13:42:40,417 INFO  client.GrpcClientProtocolClient (GrpcClientProtocolClient.java:onNext(255)) - client-FE9953862CA1->0f69f74f-2127-43c1-8e92-277219ce5a69: receive RaftClientReply:client-FE9953862CA1->0f69f74f-2127-43c1-8e92-277219ce5a69@group-CC5C0B7B5369, cid=13, FAILED org.apache.ratis.protocol.NotLeaderException: Server 0f69f74f-2127-43c1-8e92-277219ce5a69 is not the leader (null). Request must be sent to leader., logIndex=0, commits[0f69f74f-2127-43c1-8e92-277219ce5a69:c-1]
2019-07-15 13:42:40,431 INFO  segmented.SegmentedRaftLogWorker (SegmentedRaftLogWorker.java:execute(569)) - 0f69f74f-2127-43c1-8e92-277219ce5a69-SegmentedRaftLogWorker:Storage Directory /workdir/hadoop-ozone/integration-test/target/test-dir/MiniOzoneClusterImpl-c495932b-8957-4ff9-a01d-44ea499fdf4f/datanode-0/data/ratis/74932ad8-6aff-41fb-9346-2fe2923f2eed: created new log segment /workdir/hadoop-ozone/integration-test/target/test-dir/MiniOzoneClusterImpl-c495932b-8957-4ff9-a01d-44ea499fdf4f/datanode-0/data/ratis/74932ad8-6aff-41fb-9346-2fe2923f2eed/current/log_inprogress_0
2019-07-15 13:42:40,431 INFO  segmented.SegmentedRaftLogWorker (SegmentedRaftLogWorker.java:execute(569)) - 4246fd4b-cf21-443d-99bb-c2412d83fae8-SegmentedRaftLogWorker:Storage Directory /workdir/hadoop-ozone/integration-test/target/test-dir/MiniOzoneClusterImpl-c495932b-8957-4ff9-a01d-44ea499fdf4f/datanode-1/data/ratis/567730bb-25fa-450b-89a5-c496ed74a24d: created new log segment /workdir/hadoop-ozone/integration-test/target/test-dir/MiniOzoneClusterImpl-c495932b-8957-4ff9-a01d-44ea499fdf4f/datanode-1/data/ratis/567730bb-25fa-450b-89a5-c496ed74a24d/current/log_inprogress_0
2019-07-15 13:42:40,439 INFO  impl.FollowerState (FollowerState.java:run(106)) - 2bd76219-3cc0-41a7-bf32-ae7e1f1aa20f:group-F8F36E082AF5 changes to CANDIDATE, lastRpcTime:5137, electionTimeout:5137ms
2019-07-15 13:42:40,441 INFO  impl.RoleInfo (RoleInfo.java:shutdownFollowerState(121)) - 2bd76219-3cc0-41a7-bf32-ae7e1f1aa20f: shutdown FollowerState
2019-07-15 13:42:40,441 INFO  impl.RaftServerImpl (RaftServerImpl.java:setRole(171)) - 2bd76219-3cc0-41a7-bf32-ae7e1f1aa20f:group-F8F36E082AF5 changes role from FOLLOWER to CANDIDATE at term 0 for changeToCandidate
2019-07-15 13:42:40,441 INFO  impl.RoleInfo (RoleInfo.java:updateAndGet(143)) - 2bd76219-3cc0-41a7-bf32-ae7e1f1aa20f: start LeaderElection
2019-07-15 13:42:40,460 INFO  impl.LeaderElection (LeaderElection.java:askForVotes(181)) - 2bd76219-3cc0-41a7-bf32-ae7e1f1aa20f:group-F8F36E082AF5:LeaderElection3: begin an election at term 1 for -1: [2bd76219-3cc0-41a7-bf32-ae7e1f1aa20f:192.168.157.240:40921], old=null
2019-07-15 13:42:40,461 INFO  impl.RoleInfo (RoleInfo.java:shutdownLeaderElection(134)) - 2bd76219-3cc0-41a7-bf32-ae7e1f1aa20f: shutdown LeaderElection
2019-07-15 13:42:40,461 INFO  impl.RaftServerImpl (RaftServerImpl.java:setRole(171)) - 2bd76219-3cc0-41a7-bf32-ae7e1f1aa20f:group-F8F36E082AF5 changes role from CANDIDATE to LEADER at term 1 for changeToLeader
2019-07-15 13:42:40,462 INFO  impl.RaftServerImpl (ServerState.java:setLeader(263)) - 2bd76219-3cc0-41a7-bf32-ae7e1f1aa20f:group-F8F36E082AF5 change Leader from null to 2bd76219-3cc0-41a7-bf32-ae7e1f1aa20f at term 1 for becomeLeader, leader elected after 5165ms
2019-07-15 13:42:40,463 INFO  server.RaftServerConfigKeys (ConfUtils.java:logGet(43)) - raft.server.staging.catchup.gap = 1000 (default)
2019-07-15 13:42:40,463 INFO  server.RaftServerConfigKeys (ConfUtils.java:logGet(43)) - raft.server.rpc.sleep.time = 25ms (default)
2019-07-15 13:42:40,464 INFO  server.RaftServerConfigKeys (ConfUtils.java:logGet(43)) - raft.server.write.element-limit = 4096 (default)
2019-07-15 13:42:40,464 INFO  server.RaftServerConfigKeys (ConfUtils.java:logGet(43)) - raft.server.watch.timeout = 10s (default)
2019-07-15 13:42:40,464 INFO  server.RaftServerConfigKeys (ConfUtils.java:logGet(43)) - raft.server.watch.timeout.denomination = 1s (default)
2019-07-15 13:42:40,464 INFO  server.RaftServerConfigKeys (ConfUtils.java:logGet(43)) - raft.server.watch.element-limit = 65536 (default)
2019-07-15 13:42:40,465 INFO  impl.RoleInfo (RoleInfo.java:updateAndGet(143)) - 2bd76219-3cc0-41a7-bf32-ae7e1f1aa20f: start LeaderState
2019-07-15 13:42:40,465 INFO  segmented.SegmentedRaftLogWorker (SegmentedRaftLogWorker.java:startLogSegment(380)) - 2bd76219-3cc0-41a7-bf32-ae7e1f1aa20f-SegmentedRaftLogWorker:Storage Directory /workdir/hadoop-ozone/integration-test/target/test-dir/MiniOzoneClusterImpl-c495932b-8957-4ff9-a01d-44ea499fdf4f/datanode-2/data/ratis/1766b9bd-5ed5-411f-8bf6-f8f36e082af5: Starting segment from index:0
2019-07-15 13:42:40,466 INFO  impl.RaftServerImpl (ServerState.java:setRaftConf(361)) - 2bd76219-3cc0-41a7-bf32-ae7e1f1aa20f:group-F8F36E082AF5 set configuration 0: [2bd76219-3cc0-41a7-bf32-ae7e1f1aa20f:192.168.157.240:40921], old=null at 0
2019-07-15 13:42:40,484 INFO  impl.FollowerState (FollowerState.java:run(106)) - bf20c03f-2aa8-457d-a0d5-81efc30b79cc:group-AE2635E9F598 changes to CANDIDATE, lastRpcTime:5090, electionTimeout:5084ms
2019-07-15 13:42:40,484 INFO  impl.RoleInfo (RoleInfo.java:shutdownFollowerState(121)) - bf20c03f-2aa8-457d-a0d5-81efc30b79cc: shutdown FollowerState
2019-07-15 13:42:40,484 INFO  impl.RaftServerImpl (RaftServerImpl.java:setRole(171)) - bf20c03f-2aa8-457d-a0d5-81efc30b79cc:group-AE2635E9F598 changes role from FOLLOWER to CANDIDATE at term 0 for changeToCandidate
2019-07-15 13:42:40,484 INFO  impl.RoleInfo (RoleInfo.java:updateAndGet(143)) - bf20c03f-2aa8-457d-a0d5-81efc30b79cc: start LeaderElection
2019-07-15 13:42:40,496 INFO  impl.FollowerState (FollowerState.java:run(106)) - 1dc89fb7-c510-4be8-8169-e8f46e2262bf:group-64F5F234A9E3 changes to CANDIDATE, lastRpcTime:5012, electionTimeout:5012ms
2019-07-15 13:42:40,496 INFO  impl.RoleInfo (RoleInfo.java:shutdownFollowerState(121)) - 1dc89fb7-c510-4be8-8169-e8f46e2262bf: shutdown FollowerState
2019-07-15 13:42:40,496 INFO  impl.RaftServerImpl (RaftServerImpl.java:setRole(171)) - 1dc89fb7-c510-4be8-8169-e8f46e2262bf:group-64F5F234A9E3 changes role from FOLLOWER to CANDIDATE at term 0 for changeToCandidate
2019-07-15 13:42:40,496 INFO  impl.RoleInfo (RoleInfo.java:updateAndGet(143)) - 1dc89fb7-c510-4be8-8169-e8f46e2262bf: start LeaderElection
2019-07-15 13:42:40,500 INFO  segmented.SegmentedRaftLogWorker (SegmentedRaftLogWorker.java:execute(569)) - 2bd76219-3cc0-41a7-bf32-ae7e1f1aa20f-SegmentedRaftLogWorker:Storage Directory /workdir/hadoop-ozone/integration-test/target/test-dir/MiniOzoneClusterImpl-c495932b-8957-4ff9-a01d-44ea499fdf4f/datanode-2/data/ratis/1766b9bd-5ed5-411f-8bf6-f8f36e082af5: created new log segment /workdir/hadoop-ozone/integration-test/target/test-dir/MiniOzoneClusterImpl-c495932b-8957-4ff9-a01d-44ea499fdf4f/datanode-2/data/ratis/1766b9bd-5ed5-411f-8bf6-f8f36e082af5/current/log_inprogress_0
2019-07-15 13:42:40,501 INFO  impl.LeaderElection (LeaderElection.java:askForVotes(181)) - bf20c03f-2aa8-457d-a0d5-81efc30b79cc:group-AE2635E9F598:LeaderElection4: begin an election at term 1 for -1: [bf20c03f-2aa8-457d-a0d5-81efc30b79cc:192.168.157.240:36845], old=null
2019-07-15 13:42:40,502 INFO  impl.RoleInfo (RoleInfo.java:shutdownLeaderElection(134)) - bf20c03f-2aa8-457d-a0d5-81efc30b79cc: shutdown LeaderElection
2019-07-15 13:42:40,502 INFO  impl.RaftServerImpl (RaftServerImpl.java:setRole(171)) - bf20c03f-2aa8-457d-a0d5-81efc30b79cc:group-AE2635E9F598 changes role from CANDIDATE to LEADER at term 1 for changeToLeader
2019-07-15 13:42:40,502 INFO  impl.RaftServerImpl (ServerState.java:setLeader(263)) - bf20c03f-2aa8-457d-a0d5-81efc30b79cc:group-AE2635E9F598 change Leader from null to bf20c03f-2aa8-457d-a0d5-81efc30b79cc at term 1 for becomeLeader, leader elected after 5113ms
2019-07-15 13:42:40,504 INFO  server.RaftServerConfigKeys (ConfUtils.java:logGet(43)) - raft.server.staging.catchup.gap = 1000 (default)
2019-07-15 13:42:40,504 INFO  server.RaftServerConfigKeys (ConfUtils.java:logGet(43)) - raft.server.rpc.sleep.time = 25ms (default)
2019-07-15 13:42:40,504 INFO  server.RaftServerConfigKeys (ConfUtils.java:logGet(43)) - raft.server.write.element-limit = 4096 (default)
2019-07-15 13:42:40,504 INFO  server.RaftServerConfigKeys (ConfUtils.java:logGet(43)) - raft.server.watch.timeout = 10s (default)
2019-07-15 13:42:40,505 INFO  server.RaftServerConfigKeys (ConfUtils.java:logGet(43)) - raft.server.watch.timeout.denomination = 1s (default)
2019-07-15 13:42:40,505 INFO  server.RaftServerConfigKeys (ConfUtils.java:logGet(43)) - raft.server.watch.element-limit = 65536 (default)
2019-07-15 13:42:40,505 INFO  impl.RoleInfo (RoleInfo.java:updateAndGet(143)) - bf20c03f-2aa8-457d-a0d5-81efc30b79cc: start LeaderState
2019-07-15 13:42:40,506 INFO  segmented.SegmentedRaftLogWorker (SegmentedRaftLogWorker.java:startLogSegment(380)) - bf20c03f-2aa8-457d-a0d5-81efc30b79cc-SegmentedRaftLogWorker:Storage Directory /workdir/hadoop-ozone/integration-test/target/test-dir/MiniOzoneClusterImpl-c495932b-8957-4ff9-a01d-44ea499fdf4f/datanode-4/data/ratis/4253c7a4-cee9-47f9-94f9-ae2635e9f598: Starting segment from index:0
2019-07-15 13:42:40,506 INFO  impl.RaftServerImpl (ServerState.java:setRaftConf(361)) - bf20c03f-2aa8-457d-a0d5-81efc30b79cc:group-AE2635E9F598 set configuration 0: [bf20c03f-2aa8-457d-a0d5-81efc30b79cc:192.168.157.240:36845], old=null at 0
2019-07-15 13:42:40,525 INFO  impl.LeaderElection (LeaderElection.java:askForVotes(181)) - 1dc89fb7-c510-4be8-8169-e8f46e2262bf:group-64F5F234A9E3:LeaderElection5: begin an election at term 1 for -1: [1dc89fb7-c510-4be8-8169-e8f46e2262bf:192.168.157.240:33645], old=null
2019-07-15 13:42:40,528 INFO  impl.RoleInfo (RoleInfo.java:shutdownLeaderElection(134)) - 1dc89fb7-c510-4be8-8169-e8f46e2262bf: shutdown LeaderElection
2019-07-15 13:42:40,528 INFO  impl.RaftServerImpl (RaftServerImpl.java:setRole(171)) - 1dc89fb7-c510-4be8-8169-e8f46e2262bf:group-64F5F234A9E3 changes role from CANDIDATE to LEADER at term 1 for changeToLeader
2019-07-15 13:42:40,528 INFO  impl.RaftServerImpl (ServerState.java:setLeader(263)) - 1dc89fb7-c510-4be8-8169-e8f46e2262bf:group-64F5F234A9E3 change Leader from null to 1dc89fb7-c510-4be8-8169-e8f46e2262bf at term 1 for becomeLeader, leader elected after 5050ms
2019-07-15 13:42:40,537 INFO  server.RaftServerConfigKeys (ConfUtils.java:logGet(43)) - raft.server.staging.catchup.gap = 1000 (default)
2019-07-15 13:42:40,537 INFO  server.RaftServerConfigKeys (ConfUtils.java:logGet(43)) - raft.server.rpc.sleep.time = 25ms (default)
2019-07-15 13:42:40,538 INFO  segmented.SegmentedRaftLogWorker (SegmentedRaftLogWorker.java:execute(569)) - bf20c03f-2aa8-457d-a0d5-81efc30b79cc-SegmentedRaftLogWorker:Storage Directory /workdir/hadoop-ozone/integration-test/target/test-dir/MiniOzoneClusterImpl-c495932b-8957-4ff9-a01d-44ea499fdf4f/datanode-4/data/ratis/4253c7a4-cee9-47f9-94f9-ae2635e9f598: created new log segment /workdir/hadoop-ozone/integration-test/target/test-dir/MiniOzoneClusterImpl-c495932b-8957-4ff9-a01d-44ea499fdf4f/datanode-4/data/ratis/4253c7a4-cee9-47f9-94f9-ae2635e9f598/current/log_inprogress_0
2019-07-15 13:42:40,538 INFO  server.RaftServerConfigKeys (ConfUtils.java:logGet(43)) - raft.server.write.element-limit = 4096 (default)
2019-07-15 13:42:40,538 INFO  server.RaftServerConfigKeys (ConfUtils.java:logGet(43)) - raft.server.watch.timeout = 10s (default)
2019-07-15 13:42:40,539 INFO  server.RaftServerConfigKeys (ConfUtils.java:logGet(43)) - raft.server.watch.timeout.denomination = 1s (default)
2019-07-15 13:42:40,539 INFO  server.RaftServerConfigKeys (ConfUtils.java:logGet(43)) - raft.server.watch.element-limit = 65536 (default)
2019-07-15 13:42:40,539 INFO  impl.RoleInfo (RoleInfo.java:updateAndGet(143)) - 1dc89fb7-c510-4be8-8169-e8f46e2262bf: start LeaderState
2019-07-15 13:42:40,540 INFO  segmented.SegmentedRaftLogWorker (SegmentedRaftLogWorker.java:startLogSegment(380)) - 1dc89fb7-c510-4be8-8169-e8f46e2262bf-SegmentedRaftLogWorker:Storage Directory /workdir/hadoop-ozone/integration-test/target/test-dir/MiniOzoneClusterImpl-c495932b-8957-4ff9-a01d-44ea499fdf4f/datanode-6/data/ratis/6ac12b69-c70d-4be1-a149-64f5f234a9e3: Starting segment from index:0
2019-07-15 13:42:40,541 INFO  impl.RaftServerImpl (ServerState.java:setRaftConf(361)) - 1dc89fb7-c510-4be8-8169-e8f46e2262bf:group-64F5F234A9E3 set configuration 0: [1dc89fb7-c510-4be8-8169-e8f46e2262bf:192.168.157.240:33645], old=null at 0
2019-07-15 13:42:40,573 INFO  segmented.SegmentedRaftLogWorker (SegmentedRaftLogWorker.java:execute(569)) - 1dc89fb7-c510-4be8-8169-e8f46e2262bf-SegmentedRaftLogWorker:Storage Directory /workdir/hadoop-ozone/integration-test/target/test-dir/MiniOzoneClusterImpl-c495932b-8957-4ff9-a01d-44ea499fdf4f/datanode-6/data/ratis/6ac12b69-c70d-4be1-a149-64f5f234a9e3: created new log segment /workdir/hadoop-ozone/integration-test/target/test-dir/MiniOzoneClusterImpl-c495932b-8957-4ff9-a01d-44ea499fdf4f/datanode-6/data/ratis/6ac12b69-c70d-4be1-a149-64f5f234a9e3/current/log_inprogress_0
2019-07-15 13:42:40,729 INFO  impl.FollowerState (FollowerState.java:run(106)) - af97e53f-6c11-4342-ae9a-a60f97a0ff45:group-2B3B4FFD5251 changes to CANDIDATE, lastRpcTime:5134, electionTimeout:5134ms
2019-07-15 13:42:40,729 INFO  impl.RoleInfo (RoleInfo.java:shutdownFollowerState(121)) - af97e53f-6c11-4342-ae9a-a60f97a0ff45: shutdown FollowerState
2019-07-15 13:42:40,729 INFO  impl.RaftServerImpl (RaftServerImpl.java:setRole(171)) - af97e53f-6c11-4342-ae9a-a60f97a0ff45:group-2B3B4FFD5251 changes role from FOLLOWER to CANDIDATE at term 0 for changeToCandidate
2019-07-15 13:42:40,729 INFO  impl.RoleInfo (RoleInfo.java:updateAndGet(143)) - af97e53f-6c11-4342-ae9a-a60f97a0ff45: start LeaderElection
2019-07-15 13:42:40,749 INFO  impl.LeaderElection (LeaderElection.java:askForVotes(181)) - af97e53f-6c11-4342-ae9a-a60f97a0ff45:group-2B3B4FFD5251:LeaderElection6: begin an election at term 1 for -1: [af97e53f-6c11-4342-ae9a-a60f97a0ff45:192.168.157.240:36167], old=null
2019-07-15 13:42:40,764 INFO  impl.RoleInfo (RoleInfo.java:shutdownLeaderElection(134)) - af97e53f-6c11-4342-ae9a-a60f97a0ff45: shutdown LeaderElection
2019-07-15 13:42:40,764 INFO  impl.RaftServerImpl (RaftServerImpl.java:setRole(171)) - af97e53f-6c11-4342-ae9a-a60f97a0ff45:group-2B3B4FFD5251 changes role from CANDIDATE to LEADER at term 1 for changeToLeader
2019-07-15 13:42:40,765 INFO  impl.RaftServerImpl (ServerState.java:setLeader(263)) - af97e53f-6c11-4342-ae9a-a60f97a0ff45:group-2B3B4FFD5251 change Leader from null to af97e53f-6c11-4342-ae9a-a60f97a0ff45 at term 1 for becomeLeader, leader elected after 5175ms
2019-07-15 13:42:40,766 INFO  server.RaftServerConfigKeys (ConfUtils.java:logGet(43)) - raft.server.staging.catchup.gap = 1000 (default)
2019-07-15 13:42:40,767 INFO  server.RaftServerConfigKeys (ConfUtils.java:logGet(43)) - raft.server.rpc.sleep.time = 25ms (default)
2019-07-15 13:42:40,767 INFO  server.RaftServerConfigKeys (ConfUtils.java:logGet(43)) - raft.server.write.element-limit = 4096 (default)
2019-07-15 13:42:40,767 INFO  server.RaftServerConfigKeys (ConfUtils.java:logGet(43)) - raft.server.watch.timeout = 10s (default)
2019-07-15 13:42:40,767 INFO  server.RaftServerConfigKeys (ConfUtils.java:logGet(43)) - raft.server.watch.timeout.denomination = 1s (default)
2019-07-15 13:42:40,767 INFO  server.RaftServerConfigKeys (ConfUtils.java:logGet(43)) - raft.server.watch.element-limit = 65536 (default)
2019-07-15 13:42:40,768 INFO  impl.RoleInfo (RoleInfo.java:updateAndGet(143)) - af97e53f-6c11-4342-ae9a-a60f97a0ff45: start LeaderState
2019-07-15 13:42:40,768 INFO  segmented.SegmentedRaftLogWorker (SegmentedRaftLogWorker.java:startLogSegment(380)) - af97e53f-6c11-4342-ae9a-a60f97a0ff45-SegmentedRaftLogWorker:Storage Directory /workdir/hadoop-ozone/integration-test/target/test-dir/MiniOzoneClusterImpl-c495932b-8957-4ff9-a01d-44ea499fdf4f/datanode-5/data/ratis/23a1fbac-a9ef-4346-8ce1-2b3b4ffd5251: Starting segment from index:0
2019-07-15 13:42:40,769 INFO  impl.RaftServerImpl (ServerState.java:setRaftConf(361)) - af97e53f-6c11-4342-ae9a-a60f97a0ff45:group-2B3B4FFD5251 set configuration 0: [af97e53f-6c11-4342-ae9a-a60f97a0ff45:192.168.157.240:36167], old=null at 0
2019-07-15 13:42:40,792 INFO  impl.FollowerState (FollowerState.java:run(106)) - a4f6eea7-010d-4f2a-a599-c0ea463d8e37:group-C1440274CFDF changes to CANDIDATE, lastRpcTime:5129, electionTimeout:5108ms
2019-07-15 13:42:40,794 INFO  impl.RoleInfo (RoleInfo.java:shutdownFollowerState(121)) - a4f6eea7-010d-4f2a-a599-c0ea463d8e37: shutdown FollowerState
2019-07-15 13:42:40,794 INFO  impl.RaftServerImpl (RaftServerImpl.java:setRole(171)) - a4f6eea7-010d-4f2a-a599-c0ea463d8e37:group-C1440274CFDF changes role from FOLLOWER to CANDIDATE at term 0 for changeToCandidate
2019-07-15 13:42:40,794 INFO  impl.RoleInfo (RoleInfo.java:updateAndGet(143)) - a4f6eea7-010d-4f2a-a599-c0ea463d8e37: start LeaderElection
2019-07-15 13:42:40,803 INFO  segmented.SegmentedRaftLogWorker (SegmentedRaftLogWorker.java:execute(569)) - af97e53f-6c11-4342-ae9a-a60f97a0ff45-SegmentedRaftLogWorker:Storage Directory /workdir/hadoop-ozone/integration-test/target/test-dir/MiniOzoneClusterImpl-c495932b-8957-4ff9-a01d-44ea499fdf4f/datanode-5/data/ratis/23a1fbac-a9ef-4346-8ce1-2b3b4ffd5251: created new log segment /workdir/hadoop-ozone/integration-test/target/test-dir/MiniOzoneClusterImpl-c495932b-8957-4ff9-a01d-44ea499fdf4f/datanode-5/data/ratis/23a1fbac-a9ef-4346-8ce1-2b3b4ffd5251/current/log_inprogress_0
2019-07-15 13:42:40,804 INFO  impl.LeaderElection (LeaderElection.java:askForVotes(181)) - a4f6eea7-010d-4f2a-a599-c0ea463d8e37:group-C1440274CFDF:LeaderElection7: begin an election at term 1 for -1: [a4f6eea7-010d-4f2a-a599-c0ea463d8e37:192.168.157.240:35463], old=null
2019-07-15 13:42:40,804 INFO  impl.RoleInfo (RoleInfo.java:shutdownLeaderElection(134)) - a4f6eea7-010d-4f2a-a599-c0ea463d8e37: shutdown LeaderElection
2019-07-15 13:42:40,804 INFO  impl.RaftServerImpl (RaftServerImpl.java:setRole(171)) - a4f6eea7-010d-4f2a-a599-c0ea463d8e37:group-C1440274CFDF changes role from CANDIDATE to LEADER at term 1 for changeToLeader
2019-07-15 13:42:40,804 INFO  impl.RaftServerImpl (ServerState.java:setLeader(263)) - a4f6eea7-010d-4f2a-a599-c0ea463d8e37:group-C1440274CFDF change Leader from null to a4f6eea7-010d-4f2a-a599-c0ea463d8e37 at term 1 for becomeLeader, leader elected after 5146ms
2019-07-15 13:42:40,806 INFO  server.RaftServerConfigKeys (ConfUtils.java:logGet(43)) - raft.server.staging.catchup.gap = 1000 (default)
2019-07-15 13:42:40,806 INFO  server.RaftServerConfigKeys (ConfUtils.java:logGet(43)) - raft.server.rpc.sleep.time = 25ms (default)
2019-07-15 13:42:40,806 INFO  server.RaftServerConfigKeys (ConfUtils.java:logGet(43)) - raft.server.write.element-limit = 4096 (default)
2019-07-15 13:42:40,807 INFO  server.RaftServerConfigKeys (ConfUtils.java:logGet(43)) - raft.server.watch.timeout = 10s (default)
2019-07-15 13:42:40,807 INFO  server.RaftServerConfigKeys (ConfUtils.java:logGet(43)) - raft.server.watch.timeout.denomination = 1s (default)
2019-07-15 13:42:40,807 INFO  server.RaftServerConfigKeys (ConfUtils.java:logGet(43)) - raft.server.watch.element-limit = 65536 (default)
2019-07-15 13:42:40,807 INFO  impl.RoleInfo (RoleInfo.java:updateAndGet(143)) - a4f6eea7-010d-4f2a-a599-c0ea463d8e37: start LeaderState
2019-07-15 13:42:40,808 INFO  segmented.SegmentedRaftLogWorker (SegmentedRaftLogWorker.java:startLogSegment(380)) - a4f6eea7-010d-4f2a-a599-c0ea463d8e37-SegmentedRaftLogWorker:Storage Directory /workdir/hadoop-ozone/integration-test/target/test-dir/MiniOzoneClusterImpl-c495932b-8957-4ff9-a01d-44ea499fdf4f/datanode-3/data/ratis/9336d495-5e79-4fbe-a7b8-c1440274cfdf: Starting segment from index:0
2019-07-15 13:42:40,808 INFO  impl.RaftServerImpl (ServerState.java:setRaftConf(361)) - a4f6eea7-010d-4f2a-a599-c0ea463d8e37:group-C1440274CFDF set configuration 0: [a4f6eea7-010d-4f2a-a599-c0ea463d8e37:192.168.157.240:35463], old=null at 0
2019-07-15 13:42:40,840 INFO  segmented.SegmentedRaftLogWorker (SegmentedRaftLogWorker.java:execute(569)) - a4f6eea7-010d-4f2a-a599-c0ea463d8e37-SegmentedRaftLogWorker:Storage Directory /workdir/hadoop-ozone/integration-test/target/test-dir/MiniOzoneClusterImpl-c495932b-8957-4ff9-a01d-44ea499fdf4f/datanode-3/data/ratis/9336d495-5e79-4fbe-a7b8-c1440274cfdf: created new log segment /workdir/hadoop-ozone/integration-test/target/test-dir/MiniOzoneClusterImpl-c495932b-8957-4ff9-a01d-44ea499fdf4f/datanode-3/data/ratis/9336d495-5e79-4fbe-a7b8-c1440274cfdf/current/log_inprogress_0
2019-07-15 13:42:40,847 INFO  impl.FollowerState (FollowerState.java:run(106)) - 2bd76219-3cc0-41a7-bf32-ae7e1f1aa20f:group-CC5C0B7B5369 changes to CANDIDATE, lastRpcTime:5061, electionTimeout:5061ms
2019-07-15 13:42:40,847 INFO  impl.RoleInfo (RoleInfo.java:shutdownFollowerState(121)) - 2bd76219-3cc0-41a7-bf32-ae7e1f1aa20f: shutdown FollowerState
2019-07-15 13:42:40,847 INFO  impl.RaftServerImpl (RaftServerImpl.java:setRole(171)) - 2bd76219-3cc0-41a7-bf32-ae7e1f1aa20f:group-CC5C0B7B5369 changes role from FOLLOWER to CANDIDATE at term 0 for changeToCandidate
2019-07-15 13:42:40,848 INFO  impl.RoleInfo (RoleInfo.java:updateAndGet(143)) - 2bd76219-3cc0-41a7-bf32-ae7e1f1aa20f: start LeaderElection
2019-07-15 13:42:40,856 INFO  impl.LeaderElection (LeaderElection.java:askForVotes(181)) - 2bd76219-3cc0-41a7-bf32-ae7e1f1aa20f:group-CC5C0B7B5369:LeaderElection8: begin an election at term 1 for -1: [4246fd4b-cf21-443d-99bb-c2412d83fae8:192.168.157.240:44719, 2bd76219-3cc0-41a7-bf32-ae7e1f1aa20f:192.168.157.240:40921, 0f69f74f-2127-43c1-8e92-277219ce5a69:192.168.157.240:35859], old=null
2019-07-15 13:42:40,892 INFO  impl.RaftServerImpl (RaftServerImpl.java:setRole(171)) - 0f69f74f-2127-43c1-8e92-277219ce5a69:group-CC5C0B7B5369 changes role from FOLLOWER to FOLLOWER at term 1 for recognizeCandidate:2bd76219-3cc0-41a7-bf32-ae7e1f1aa20f
2019-07-15 13:42:40,892 INFO  impl.RaftServerImpl (RaftServerImpl.java:setRole(171)) - 4246fd4b-cf21-443d-99bb-c2412d83fae8:group-CC5C0B7B5369 changes role from FOLLOWER to FOLLOWER at term 1 for recognizeCandidate:2bd76219-3cc0-41a7-bf32-ae7e1f1aa20f
2019-07-15 13:42:40,892 INFO  impl.RoleInfo (RoleInfo.java:shutdownFollowerState(121)) - 0f69f74f-2127-43c1-8e92-277219ce5a69: shutdown FollowerState
2019-07-15 13:42:40,892 INFO  impl.RoleInfo (RoleInfo.java:shutdownFollowerState(121)) - 4246fd4b-cf21-443d-99bb-c2412d83fae8: shutdown FollowerState
2019-07-15 13:42:40,892 INFO  impl.RoleInfo (RoleInfo.java:updateAndGet(143)) - 0f69f74f-2127-43c1-8e92-277219ce5a69: start FollowerState
2019-07-15 13:42:40,892 INFO  impl.RoleInfo (RoleInfo.java:updateAndGet(143)) - 4246fd4b-cf21-443d-99bb-c2412d83fae8: start FollowerState
2019-07-15 13:42:40,893 INFO  impl.FollowerState (FollowerState.java:run(114)) - 0f69f74f-2127-43c1-8e92-277219ce5a69: FollowerState was interrupted: java.lang.InterruptedException: sleep interrupted
2019-07-15 13:42:40,893 INFO  impl.FollowerState (FollowerState.java:run(114)) - 4246fd4b-cf21-443d-99bb-c2412d83fae8: FollowerState was interrupted: java.lang.InterruptedException: sleep interrupted
2019-07-15 13:42:40,927 INFO  impl.LeaderElection (LeaderElection.java:logAndReturn(56)) - 2bd76219-3cc0-41a7-bf32-ae7e1f1aa20f:group-CC5C0B7B5369:LeaderElection8: Election PASSED; received 1 response(s) [2bd76219-3cc0-41a7-bf32-ae7e1f1aa20f<-4246fd4b-cf21-443d-99bb-c2412d83fae8#0:OK-t1] and 0 exception(s); 2bd76219-3cc0-41a7-bf32-ae7e1f1aa20f:t1, leader=null, voted=2bd76219-3cc0-41a7-bf32-ae7e1f1aa20f, raftlog=2bd76219-3cc0-41a7-bf32-ae7e1f1aa20f-SegmentedRaftLog:OPENED:c-1,f-1,i0, conf=-1: [4246fd4b-cf21-443d-99bb-c2412d83fae8:192.168.157.240:44719, 2bd76219-3cc0-41a7-bf32-ae7e1f1aa20f:192.168.157.240:40921, 0f69f74f-2127-43c1-8e92-277219ce5a69:192.168.157.240:35859], old=null
2019-07-15 13:42:40,927 INFO  impl.RoleInfo (RoleInfo.java:shutdownLeaderElection(134)) - 2bd76219-3cc0-41a7-bf32-ae7e1f1aa20f: shutdown LeaderElection
2019-07-15 13:42:40,927 INFO  impl.RaftServerImpl (RaftServerImpl.java:setRole(171)) - 2bd76219-3cc0-41a7-bf32-ae7e1f1aa20f:group-CC5C0B7B5369 changes role from CANDIDATE to LEADER at term 1 for changeToLeader
2019-07-15 13:42:40,927 INFO  impl.RaftServerImpl (ServerState.java:setLeader(263)) - 2bd76219-3cc0-41a7-bf32-ae7e1f1aa20f:group-CC5C0B7B5369 change Leader from null to 2bd76219-3cc0-41a7-bf32-ae7e1f1aa20f at term 1 for becomeLeader, leader elected after 5158ms
2019-07-15 13:42:40,929 INFO  server.RaftServerConfigKeys (ConfUtils.java:logGet(43)) - raft.server.staging.catchup.gap = 1000 (default)
2019-07-15 13:42:40,930 INFO  server.RaftServerConfigKeys (ConfUtils.java:logGet(43)) - raft.server.rpc.sleep.time = 25ms (default)
2019-07-15 13:42:40,930 INFO  server.RaftServerConfigKeys (ConfUtils.java:logGet(43)) - raft.server.write.element-limit = 4096 (default)
2019-07-15 13:42:40,930 INFO  server.RaftServerConfigKeys (ConfUtils.java:logGet(43)) - raft.server.watch.timeout = 10s (default)
2019-07-15 13:42:40,930 INFO  server.RaftServerConfigKeys (ConfUtils.java:logGet(43)) - raft.server.watch.timeout.denomination = 1s (default)
2019-07-15 13:42:40,930 INFO  server.RaftServerConfigKeys (ConfUtils.java:logGet(43)) - raft.server.watch.element-limit = 65536 (default)
2019-07-15 13:42:40,933 INFO  server.RaftServerConfigKeys (ConfUtils.java:logGet(43)) - raft.server.log.appender.snapshot.chunk.size.max = 16MB (=16777216) (default)
2019-07-15 13:42:40,933 INFO  server.RaftServerConfigKeys (ConfUtils.java:logGet(43)) - raft.server.log.appender.buffer.byte-limit = 33554432 (custom)
2019-07-15 13:42:40,933 INFO  server.RaftServerConfigKeys (ConfUtils.java:logGet(43)) - raft.server.log.appender.buffer.element-limit = 1 (custom)
2019-07-15 13:42:40,936 INFO  grpc.GrpcConfigKeys$Server (ConfUtils.java:logGet(43)) - raft.grpc.server.leader.outstanding.appends.max = 128 (default)
2019-07-15 13:42:40,938 INFO  server.RaftServerConfigKeys (ConfUtils.java:logGet(43)) - raft.server.rpc.request.timeout = 3000ms (default)
2019-07-15 13:42:40,939 INFO  server.RaftServerConfigKeys (ConfUtils.java:logGet(43)) - raft.server.log.appender.install.snapshot.enabled = false (custom)
2019-07-15 13:42:40,939 INFO  server.RaftServerConfigKeys (ConfUtils.java:logGet(43)) - raft.server.log.appender.snapshot.chunk.size.max = 16MB (=16777216) (default)
2019-07-15 13:42:40,939 INFO  server.RaftServerConfigKeys (ConfUtils.java:logGet(43)) - raft.server.log.appender.buffer.byte-limit = 33554432 (custom)
2019-07-15 13:42:40,939 INFO  server.RaftServerConfigKeys (ConfUtils.java:logGet(43)) - raft.server.log.appender.buffer.element-limit = 1 (custom)
2019-07-15 13:42:40,939 INFO  grpc.GrpcConfigKeys$Server (ConfUtils.java:logGet(43)) - raft.grpc.server.leader.outstanding.appends.max = 128 (default)
2019-07-15 13:42:40,939 INFO  server.RaftServerConfigKeys (ConfUtils.java:logGet(43)) - raft.server.rpc.request.timeout = 3000ms (default)
2019-07-15 13:42:40,939 INFO  server.RaftServerConfigKeys (ConfUtils.java:logGet(43)) - raft.server.log.appender.install.snapshot.enabled = false (custom)
2019-07-15 13:42:40,941 INFO  impl.RoleInfo (RoleInfo.java:updateAndGet(143)) - 2bd76219-3cc0-41a7-bf32-ae7e1f1aa20f: start LeaderState
2019-07-15 13:42:40,941 INFO  segmented.SegmentedRaftLogWorker (SegmentedRaftLogWorker.java:startLogSegment(380)) - 2bd76219-3cc0-41a7-bf32-ae7e1f1aa20f-SegmentedRaftLogWorker:Storage Directory /workdir/hadoop-ozone/integration-test/target/test-dir/MiniOzoneClusterImpl-c495932b-8957-4ff9-a01d-44ea499fdf4f/datanode-2/data/ratis/ef129e49-3978-4b39-9b44-cc5c0b7b5369: Starting segment from index:0
2019-07-15 13:42:40,942 INFO  impl.RaftServerImpl (ServerState.java:setRaftConf(361)) - 2bd76219-3cc0-41a7-bf32-ae7e1f1aa20f:group-CC5C0B7B5369 set configuration 0: [4246fd4b-cf21-443d-99bb-c2412d83fae8:192.168.157.240:44719, 2bd76219-3cc0-41a7-bf32-ae7e1f1aa20f:192.168.157.240:40921, 0f69f74f-2127-43c1-8e92-277219ce5a69:192.168.157.240:35859], old=null at 0
2019-07-15 13:42:40,974 INFO  segmented.SegmentedRaftLogWorker (SegmentedRaftLogWorker.java:execute(569)) - 2bd76219-3cc0-41a7-bf32-ae7e1f1aa20f-SegmentedRaftLogWorker:Storage Directory /workdir/hadoop-ozone/integration-test/target/test-dir/MiniOzoneClusterImpl-c495932b-8957-4ff9-a01d-44ea499fdf4f/datanode-2/data/ratis/ef129e49-3978-4b39-9b44-cc5c0b7b5369: created new log segment /workdir/hadoop-ozone/integration-test/target/test-dir/MiniOzoneClusterImpl-c495932b-8957-4ff9-a01d-44ea499fdf4f/datanode-2/data/ratis/ef129e49-3978-4b39-9b44-cc5c0b7b5369/current/log_inprogress_0
2019-07-15 13:42:40,992 INFO  impl.RaftServerImpl (ServerState.java:setLeader(263)) - 0f69f74f-2127-43c1-8e92-277219ce5a69:group-CC5C0B7B5369 change Leader from null to 2bd76219-3cc0-41a7-bf32-ae7e1f1aa20f at term 1 for appendEntries, leader elected after 5223ms
2019-07-15 13:42:40,992 INFO  impl.RaftServerImpl (ServerState.java:setLeader(263)) - 4246fd4b-cf21-443d-99bb-c2412d83fae8:group-CC5C0B7B5369 change Leader from null to 2bd76219-3cc0-41a7-bf32-ae7e1f1aa20f at term 1 for appendEntries, leader elected after 5224ms
2019-07-15 13:42:41,037 INFO  impl.RaftServerImpl (ServerState.java:setRaftConf(361)) - 0f69f74f-2127-43c1-8e92-277219ce5a69:group-CC5C0B7B5369 set configuration 0: [4246fd4b-cf21-443d-99bb-c2412d83fae8:192.168.157.240:44719, 2bd76219-3cc0-41a7-bf32-ae7e1f1aa20f:192.168.157.240:40921, 0f69f74f-2127-43c1-8e92-277219ce5a69:192.168.157.240:35859], old=null at 0
2019-07-15 13:42:41,037 INFO  impl.RaftServerImpl (ServerState.java:setRaftConf(361)) - 4246fd4b-cf21-443d-99bb-c2412d83fae8:group-CC5C0B7B5369 set configuration 0: [4246fd4b-cf21-443d-99bb-c2412d83fae8:192.168.157.240:44719, 2bd76219-3cc0-41a7-bf32-ae7e1f1aa20f:192.168.157.240:40921, 0f69f74f-2127-43c1-8e92-277219ce5a69:192.168.157.240:35859], old=null at 0
2019-07-15 13:42:41,037 INFO  segmented.SegmentedRaftLogWorker (SegmentedRaftLogWorker.java:startLogSegment(380)) - 0f69f74f-2127-43c1-8e92-277219ce5a69-SegmentedRaftLogWorker:Storage Directory /workdir/hadoop-ozone/integration-test/target/test-dir/MiniOzoneClusterImpl-c495932b-8957-4ff9-a01d-44ea499fdf4f/datanode-0/data/ratis/ef129e49-3978-4b39-9b44-cc5c0b7b5369: Starting segment from index:0
2019-07-15 13:42:41,037 INFO  segmented.SegmentedRaftLogWorker (SegmentedRaftLogWorker.java:startLogSegment(380)) - 4246fd4b-cf21-443d-99bb-c2412d83fae8-SegmentedRaftLogWorker:Storage Directory /workdir/hadoop-ozone/integration-test/target/test-dir/MiniOzoneClusterImpl-c495932b-8957-4ff9-a01d-44ea499fdf4f/datanode-1/data/ratis/ef129e49-3978-4b39-9b44-cc5c0b7b5369: Starting segment from index:0
2019-07-15 13:42:41,069 INFO  segmented.SegmentedRaftLogWorker (SegmentedRaftLogWorker.java:execute(569)) - 4246fd4b-cf21-443d-99bb-c2412d83fae8-SegmentedRaftLogWorker:Storage Directory /workdir/hadoop-ozone/integration-test/target/test-dir/MiniOzoneClusterImpl-c495932b-8957-4ff9-a01d-44ea499fdf4f/datanode-1/data/ratis/ef129e49-3978-4b39-9b44-cc5c0b7b5369: created new log segment /workdir/hadoop-ozone/integration-test/target/test-dir/MiniOzoneClusterImpl-c495932b-8957-4ff9-a01d-44ea499fdf4f/datanode-1/data/ratis/ef129e49-3978-4b39-9b44-cc5c0b7b5369/current/log_inprogress_0
2019-07-15 13:42:41,069 INFO  segmented.SegmentedRaftLogWorker (SegmentedRaftLogWorker.java:execute(569)) - 0f69f74f-2127-43c1-8e92-277219ce5a69-SegmentedRaftLogWorker:Storage Directory /workdir/hadoop-ozone/integration-test/target/test-dir/MiniOzoneClusterImpl-c495932b-8957-4ff9-a01d-44ea499fdf4f/datanode-0/data/ratis/ef129e49-3978-4b39-9b44-cc5c0b7b5369: created new log segment /workdir/hadoop-ozone/integration-test/target/test-dir/MiniOzoneClusterImpl-c495932b-8957-4ff9-a01d-44ea499fdf4f/datanode-0/data/ratis/ef129e49-3978-4b39-9b44-cc5c0b7b5369/current/log_inprogress_0
2019-07-15 13:42:41,092 INFO  impl.FollowerState (FollowerState.java:run(106)) - 1dc89fb7-c510-4be8-8169-e8f46e2262bf:group-8B5412E281E5 changes to CANDIDATE, lastRpcTime:5163, electionTimeout:5163ms
2019-07-15 13:42:41,098 INFO  impl.RoleInfo (RoleInfo.java:shutdownFollowerState(121)) - 1dc89fb7-c510-4be8-8169-e8f46e2262bf: shutdown FollowerState
2019-07-15 13:42:41,098 INFO  impl.RaftServerImpl (RaftServerImpl.java:setRole(171)) - 1dc89fb7-c510-4be8-8169-e8f46e2262bf:group-8B5412E281E5 changes role from FOLLOWER to CANDIDATE at term 0 for changeToCandidate
2019-07-15 13:42:41,098 INFO  impl.RoleInfo (RoleInfo.java:updateAndGet(143)) - 1dc89fb7-c510-4be8-8169-e8f46e2262bf: start LeaderElection
2019-07-15 13:42:41,105 INFO  impl.FollowerState (FollowerState.java:run(106)) - bf20c03f-2aa8-457d-a0d5-81efc30b79cc:group-8B5412E281E5 changes to CANDIDATE, lastRpcTime:5163, electionTimeout:5155ms
2019-07-15 13:42:41,107 INFO  impl.RoleInfo (RoleInfo.java:shutdownFollowerState(121)) - bf20c03f-2aa8-457d-a0d5-81efc30b79cc: shutdown FollowerState
2019-07-15 13:42:41,107 INFO  impl.RaftServerImpl (RaftServerImpl.java:setRole(171)) - bf20c03f-2aa8-457d-a0d5-81efc30b79cc:group-8B5412E281E5 changes role from FOLLOWER to CANDIDATE at term 0 for changeToCandidate
2019-07-15 13:42:41,107 INFO  impl.RoleInfo (RoleInfo.java:updateAndGet(143)) - bf20c03f-2aa8-457d-a0d5-81efc30b79cc: start LeaderElection
2019-07-15 13:42:41,121 INFO  impl.LeaderElection (LeaderElection.java:askForVotes(181)) - 1dc89fb7-c510-4be8-8169-e8f46e2262bf:group-8B5412E281E5:LeaderElection9: begin an election at term 1 for -1: [af97e53f-6c11-4342-ae9a-a60f97a0ff45:192.168.157.240:36167, bf20c03f-2aa8-457d-a0d5-81efc30b79cc:192.168.157.240:36845, 1dc89fb7-c510-4be8-8169-e8f46e2262bf:192.168.157.240:33645], old=null
2019-07-15 13:42:41,121 INFO  impl.LeaderElection (LeaderElection.java:askForVotes(181)) - bf20c03f-2aa8-457d-a0d5-81efc30b79cc:group-8B5412E281E5:LeaderElection10: begin an election at term 1 for -1: [af97e53f-6c11-4342-ae9a-a60f97a0ff45:192.168.157.240:36167, bf20c03f-2aa8-457d-a0d5-81efc30b79cc:192.168.157.240:36845, 1dc89fb7-c510-4be8-8169-e8f46e2262bf:192.168.157.240:33645], old=null
2019-07-15 13:42:41,147 INFO  impl.FollowerState (FollowerState.java:run(106)) - af97e53f-6c11-4342-ae9a-a60f97a0ff45:group-8B5412E281E5 changes to CANDIDATE, lastRpcTime:5210, electionTimeout:5200ms
2019-07-15 13:42:41,151 INFO  impl.RoleInfo (RoleInfo.java:shutdownFollowerState(121)) - af97e53f-6c11-4342-ae9a-a60f97a0ff45: shutdown FollowerState
2019-07-15 13:42:41,151 INFO  impl.RaftServerImpl (RaftServerImpl.java:setRole(171)) - af97e53f-6c11-4342-ae9a-a60f97a0ff45:group-8B5412E281E5 changes role from FOLLOWER to CANDIDATE at term 0 for changeToCandidate
2019-07-15 13:42:41,151 INFO  impl.RoleInfo (RoleInfo.java:updateAndGet(143)) - af97e53f-6c11-4342-ae9a-a60f97a0ff45: start LeaderElection
2019-07-15 13:42:41,154 INFO  impl.RaftServerImpl (RaftServerImpl.java:setRole(171)) - af97e53f-6c11-4342-ae9a-a60f97a0ff45:group-8B5412E281E5 changes role from CANDIDATE to FOLLOWER at term 1 for recognizeCandidate:1dc89fb7-c510-4be8-8169-e8f46e2262bf
2019-07-15 13:42:41,154 INFO  impl.RoleInfo (RoleInfo.java:shutdownLeaderElection(134)) - af97e53f-6c11-4342-ae9a-a60f97a0ff45: shutdown LeaderElection
2019-07-15 13:42:41,154 INFO  impl.RoleInfo (RoleInfo.java:updateAndGet(143)) - af97e53f-6c11-4342-ae9a-a60f97a0ff45: start FollowerState
2019-07-15 13:42:41,169 INFO  impl.RaftServerImpl (RaftServerImpl.java:setRole(171)) - af97e53f-6c11-4342-ae9a-a60f97a0ff45:group-8B5412E281E5 changes role from FOLLOWER to FOLLOWER at term 1 for recognizeCandidate:bf20c03f-2aa8-457d-a0d5-81efc30b79cc
2019-07-15 13:42:41,169 INFO  impl.RoleInfo (RoleInfo.java:shutdownFollowerState(121)) - af97e53f-6c11-4342-ae9a-a60f97a0ff45: shutdown FollowerState
2019-07-15 13:42:41,170 INFO  impl.RoleInfo (RoleInfo.java:updateAndGet(143)) - af97e53f-6c11-4342-ae9a-a60f97a0ff45: start FollowerState
2019-07-15 13:42:41,170 INFO  impl.FollowerState (FollowerState.java:run(114)) - af97e53f-6c11-4342-ae9a-a60f97a0ff45: FollowerState was interrupted: java.lang.InterruptedException: sleep interrupted
2019-07-15 13:42:41,175 INFO  impl.LeaderElection (LeaderElection.java:logAndReturn(56)) - 1dc89fb7-c510-4be8-8169-e8f46e2262bf:group-8B5412E281E5:LeaderElection9: Election REJECTED; received 2 response(s) [1dc89fb7-c510-4be8-8169-e8f46e2262bf<-af97e53f-6c11-4342-ae9a-a60f97a0ff45#0:FAIL-t1, 1dc89fb7-c510-4be8-8169-e8f46e2262bf<-bf20c03f-2aa8-457d-a0d5-81efc30b79cc#0:FAIL-t1] and 0 exception(s); 1dc89fb7-c510-4be8-8169-e8f46e2262bf:t1, leader=null, voted=1dc89fb7-c510-4be8-8169-e8f46e2262bf, raftlog=1dc89fb7-c510-4be8-8169-e8f46e2262bf-SegmentedRaftLog:OPENED:c-1,f-1,i0, conf=-1: [af97e53f-6c11-4342-ae9a-a60f97a0ff45:192.168.157.240:36167, bf20c03f-2aa8-457d-a0d5-81efc30b79cc:192.168.157.240:36845, 1dc89fb7-c510-4be8-8169-e8f46e2262bf:192.168.157.240:33645], old=null
2019-07-15 13:42:41,175 INFO  impl.RaftServerImpl (RaftServerImpl.java:setRole(171)) - 1dc89fb7-c510-4be8-8169-e8f46e2262bf:group-8B5412E281E5 changes role from CANDIDATE to FOLLOWER at term 1 for DISCOVERED_A_NEW_TERM
2019-07-15 13:42:41,177 INFO  impl.RoleInfo (RoleInfo.java:shutdownLeaderElection(134)) - 1dc89fb7-c510-4be8-8169-e8f46e2262bf: shutdown LeaderElection
2019-07-15 13:42:41,179 INFO  impl.RoleInfo (RoleInfo.java:updateAndGet(143)) - 1dc89fb7-c510-4be8-8169-e8f46e2262bf: start FollowerState
2019-07-15 13:42:41,192 INFO  impl.LeaderElection (LeaderElection.java:logAndReturn(56)) - bf20c03f-2aa8-457d-a0d5-81efc30b79cc:group-8B5412E281E5:LeaderElection10: Election PASSED; received 2 response(s) [bf20c03f-2aa8-457d-a0d5-81efc30b79cc<-af97e53f-6c11-4342-ae9a-a60f97a0ff45#0:OK-t1, bf20c03f-2aa8-457d-a0d5-81efc30b79cc<-1dc89fb7-c510-4be8-8169-e8f46e2262bf#0:FAIL-t1] and 0 exception(s); bf20c03f-2aa8-457d-a0d5-81efc30b79cc:t1, leader=null, voted=bf20c03f-2aa8-457d-a0d5-81efc30b79cc, raftlog=bf20c03f-2aa8-457d-a0d5-81efc30b79cc-SegmentedRaftLog:OPENED:c-1,f-1,i0, conf=-1: [af97e53f-6c11-4342-ae9a-a60f97a0ff45:192.168.157.240:36167, bf20c03f-2aa8-457d-a0d5-81efc30b79cc:192.168.157.240:36845, 1dc89fb7-c510-4be8-8169-e8f46e2262bf:192.168.157.240:33645], old=null
2019-07-15 13:42:41,194 INFO  impl.RoleInfo (RoleInfo.java:shutdownLeaderElection(134)) - bf20c03f-2aa8-457d-a0d5-81efc30b79cc: shutdown LeaderElection
2019-07-15 13:42:41,195 INFO  impl.RaftServerImpl (RaftServerImpl.java:setRole(171)) - bf20c03f-2aa8-457d-a0d5-81efc30b79cc:group-8B5412E281E5 changes role from CANDIDATE to LEADER at term 1 for changeToLeader
2019-07-15 13:42:41,197 INFO  impl.RaftServerImpl (ServerState.java:setLeader(263)) - bf20c03f-2aa8-457d-a0d5-81efc30b79cc:group-8B5412E281E5 change Leader from null to bf20c03f-2aa8-457d-a0d5-81efc30b79cc at term 1 for becomeLeader, leader elected after 5281ms
2019-07-15 13:42:41,197 INFO  server.RaftServerConfigKeys (ConfUtils.java:logGet(43)) - raft.server.staging.catchup.gap = 1000 (default)
2019-07-15 13:42:41,198 INFO  server.RaftServerConfigKeys (ConfUtils.java:logGet(43)) - raft.server.rpc.sleep.time = 25ms (default)
2019-07-15 13:42:41,198 INFO  server.RaftServerConfigKeys (ConfUtils.java:logGet(43)) - raft.server.write.element-limit = 4096 (default)
2019-07-15 13:42:41,198 INFO  server.RaftServerConfigKeys (ConfUtils.java:logGet(43)) - raft.server.watch.timeout = 10s (default)
2019-07-15 13:42:41,198 INFO  server.RaftServerConfigKeys (ConfUtils.java:logGet(43)) - raft.server.watch.timeout.denomination = 1s (default)
2019-07-15 13:42:41,198 INFO  server.RaftServerConfigKeys (ConfUtils.java:logGet(43)) - raft.server.watch.element-limit = 65536 (default)
2019-07-15 13:42:41,199 INFO  server.RaftServerConfigKeys (ConfUtils.java:logGet(43)) - raft.server.log.appender.snapshot.chunk.size.max = 16MB (=16777216) (default)
2019-07-15 13:42:41,199 INFO  server.RaftServerConfigKeys (ConfUtils.java:logGet(43)) - raft.server.log.appender.buffer.byte-limit = 33554432 (custom)
2019-07-15 13:42:41,199 INFO  server.RaftServerConfigKeys (ConfUtils.java:logGet(43)) - raft.server.log.appender.buffer.element-limit = 1 (custom)
2019-07-15 13:42:41,199 INFO  impl.LeaderElection (LeaderElection.java:askForVotes(181)) - af97e53f-6c11-4342-ae9a-a60f97a0ff45:group-8B5412E281E5:LeaderElection11: begin an election at term 2 for -1: [af97e53f-6c11-4342-ae9a-a60f97a0ff45:192.168.157.240:36167, bf20c03f-2aa8-457d-a0d5-81efc30b79cc:192.168.157.240:36845, 1dc89fb7-c510-4be8-8169-e8f46e2262bf:192.168.157.240:33645], old=null
2019-07-15 13:42:41,201 INFO  grpc.GrpcConfigKeys$Server (ConfUtils.java:logGet(43)) - raft.grpc.server.leader.outstanding.appends.max = 128 (default)
2019-07-15 13:42:41,201 INFO  server.RaftServerConfigKeys (ConfUtils.java:logGet(43)) - raft.server.rpc.request.timeout = 3000ms (default)
2019-07-15 13:42:41,201 INFO  server.RaftServerConfigKeys (ConfUtils.java:logGet(43)) - raft.server.log.appender.install.snapshot.enabled = false (custom)
2019-07-15 13:42:41,201 INFO  server.RaftServerConfigKeys (ConfUtils.java:logGet(43)) - raft.server.log.appender.snapshot.chunk.size.max = 16MB (=16777216) (default)
2019-07-15 13:42:41,201 INFO  impl.LeaderElection (LeaderElection.java:logAndReturn(56)) - af97e53f-6c11-4342-ae9a-a60f97a0ff45:group-8B5412E281E5:LeaderElection11: Election REJECTED; received 0 response(s) [] and 0 exception(s); af97e53f-6c11-4342-ae9a-a60f97a0ff45:t2, leader=null, voted=af97e53f-6c11-4342-ae9a-a60f97a0ff45, raftlog=af97e53f-6c11-4342-ae9a-a60f97a0ff45-SegmentedRaftLog:OPENED:c-1,f-1,i0, conf=-1: [af97e53f-6c11-4342-ae9a-a60f97a0ff45:192.168.157.240:36167, bf20c03f-2aa8-457d-a0d5-81efc30b79cc:192.168.157.240:36845, 1dc89fb7-c510-4be8-8169-e8f46e2262bf:192.168.157.240:33645], old=null
2019-07-15 13:42:41,202 INFO  server.RaftServerConfigKeys (ConfUtils.java:logGet(43)) - raft.server.log.appender.buffer.byte-limit = 33554432 (custom)
2019-07-15 13:42:41,204 INFO  server.RaftServerConfigKeys (ConfUtils.java:logGet(43)) - raft.server.log.appender.buffer.element-limit = 1 (custom)
2019-07-15 13:42:41,207 INFO  grpc.GrpcConfigKeys$Server (ConfUtils.java:logGet(43)) - raft.grpc.server.leader.outstanding.appends.max = 128 (default)
2019-07-15 13:42:41,207 INFO  server.RaftServerConfigKeys (ConfUtils.java:logGet(43)) - raft.server.rpc.request.timeout = 3000ms (default)
2019-07-15 13:42:41,208 INFO  server.RaftServerConfigKeys (ConfUtils.java:logGet(43)) - raft.server.log.appender.install.snapshot.enabled = false (custom)
2019-07-15 13:42:41,208 INFO  impl.RoleInfo (RoleInfo.java:updateAndGet(143)) - bf20c03f-2aa8-457d-a0d5-81efc30b79cc: start LeaderState
2019-07-15 13:42:41,210 INFO  segmented.SegmentedRaftLogWorker (SegmentedRaftLogWorker.java:startLogSegment(380)) - bf20c03f-2aa8-457d-a0d5-81efc30b79cc-SegmentedRaftLogWorker:Storage Directory /workdir/hadoop-ozone/integration-test/target/test-dir/MiniOzoneClusterImpl-c495932b-8957-4ff9-a01d-44ea499fdf4f/datanode-4/data/ratis/912bfc8a-c13f-4979-a3e4-8b5412e281e5: Starting segment from index:0
2019-07-15 13:42:41,211 INFO  impl.RaftServerImpl (ServerState.java:setRaftConf(361)) - bf20c03f-2aa8-457d-a0d5-81efc30b79cc:group-8B5412E281E5 set configuration 0: [af97e53f-6c11-4342-ae9a-a60f97a0ff45:192.168.157.240:36167, bf20c03f-2aa8-457d-a0d5-81efc30b79cc:192.168.157.240:36845, 1dc89fb7-c510-4be8-8169-e8f46e2262bf:192.168.157.240:33645], old=null at 0
2019-07-15 13:42:41,233 INFO  impl.RaftServerImpl (ServerState.java:setLeader(263)) - bf20c03f-2aa8-457d-a0d5-81efc30b79cc:group-8B5412E281E5 change Leader from bf20c03f-2aa8-457d-a0d5-81efc30b79cc to null at term 2 for updateCurrentTerm
2019-07-15 13:42:41,234 INFO  impl.RaftServerImpl (RaftServerImpl.java:setRole(171)) - bf20c03f-2aa8-457d-a0d5-81efc30b79cc:group-8B5412E281E5 changes role from LEADER to FOLLOWER at term 2 for recognizeCandidate:af97e53f-6c11-4342-ae9a-a60f97a0ff45
2019-07-15 13:42:41,236 INFO  impl.RoleInfo (RoleInfo.java:shutdownLeaderState(104)) - bf20c03f-2aa8-457d-a0d5-81efc30b79cc: shutdown LeaderState
2019-07-15 13:42:41,237 INFO  impl.RaftServerImpl (ServerState.java:setLeader(263)) - 1dc89fb7-c510-4be8-8169-e8f46e2262bf:group-8B5412E281E5 change Leader from null to bf20c03f-2aa8-457d-a0d5-81efc30b79cc at term 1 for appendEntries, leader elected after 5321ms
2019-07-15 13:42:41,237 INFO  impl.RaftServerImpl (ServerState.java:setLeader(263)) - 1dc89fb7-c510-4be8-8169-e8f46e2262bf:group-8B5412E281E5 change Leader from bf20c03f-2aa8-457d-a0d5-81efc30b79cc to null at term 2 for updateCurrentTerm
2019-07-15 13:42:41,240 WARN  server.GrpcLogAppender (GrpcLogAppender.java:mayWait(143)) - GrpcLogAppender(bf20c03f-2aa8-457d-a0d5-81efc30b79cc->1dc89fb7-c510-4be8-8169-e8f46e2262bf): Wait interrupted by java.lang.InterruptedException
2019-07-15 13:42:41,241 INFO  impl.PendingRequests (PendingRequests.java:sendNotLeaderResponses(202)) - bf20c03f-2aa8-457d-a0d5-81efc30b79cc-PendingRequests: sendNotLeaderResponses
2019-07-15 13:42:41,240 INFO  impl.RaftServerImpl (RaftServerImpl.java:setRole(171)) - 1dc89fb7-c510-4be8-8169-e8f46e2262bf:group-8B5412E281E5 changes role from FOLLOWER to FOLLOWER at term 2 for recognizeCandidate:af97e53f-6c11-4342-ae9a-a60f97a0ff45
2019-07-15 13:42:41,242 INFO  impl.RoleInfo (RoleInfo.java:shutdownFollowerState(121)) - 1dc89fb7-c510-4be8-8169-e8f46e2262bf: shutdown FollowerState
2019-07-15 13:42:41,241 WARN  server.GrpcLogAppender (GrpcLogAppender.java:mayWait(143)) - GrpcLogAppender(bf20c03f-2aa8-457d-a0d5-81efc30b79cc->af97e53f-6c11-4342-ae9a-a60f97a0ff45): Wait interrupted by java.lang.InterruptedException
2019-07-15 13:42:41,243 INFO  impl.FollowerState (FollowerState.java:run(114)) - 1dc89fb7-c510-4be8-8169-e8f46e2262bf: FollowerState was interrupted: java.lang.InterruptedException: sleep interrupted
2019-07-15 13:42:41,243 INFO  impl.RoleInfo (RoleInfo.java:updateAndGet(143)) - 1dc89fb7-c510-4be8-8169-e8f46e2262bf: start FollowerState
2019-07-15 13:42:41,248 INFO  server.GrpcServerProtocolService (GrpcServerProtocolService.java:onCompleted(104)) - 1dc89fb7-c510-4be8-8169-e8f46e2262bf: appendEntries completed
2019-07-15 13:42:41,249 INFO  server.GrpcServerProtocolService (GrpcServerProtocolService.java:onCompleted(104)) - af97e53f-6c11-4342-ae9a-a60f97a0ff45: appendEntries completed
2019-07-15 13:42:41,256 INFO  segmented.SegmentedRaftLogWorker (SegmentedRaftLogWorker.java:execute(569)) - bf20c03f-2aa8-457d-a0d5-81efc30b79cc-SegmentedRaftLogWorker:Storage Directory /workdir/hadoop-ozone/integration-test/target/test-dir/MiniOzoneClusterImpl-c495932b-8957-4ff9-a01d-44ea499fdf4f/datanode-4/data/ratis/912bfc8a-c13f-4979-a3e4-8b5412e281e5: created new log segment /workdir/hadoop-ozone/integration-test/target/test-dir/MiniOzoneClusterImpl-c495932b-8957-4ff9-a01d-44ea499fdf4f/datanode-4/data/ratis/912bfc8a-c13f-4979-a3e4-8b5412e281e5/current/log_inprogress_0
2019-07-15 13:42:41,259 INFO  impl.RoleInfo (RoleInfo.java:updateAndGet(143)) - bf20c03f-2aa8-457d-a0d5-81efc30b79cc: start FollowerState
2019-07-15 13:42:41,264 INFO  server.GrpcLogAppender (GrpcLogAppender.java:onCompleted(292)) - bf20c03f-2aa8-457d-a0d5-81efc30b79cc->1dc89fb7-c510-4be8-8169-e8f46e2262bf: follower responses appendEntries COMPLETED
2019-07-15 13:42:41,277 INFO  impl.FollowerInfo (FollowerInfo.java:lambda$new$0(50)) - bf20c03f-2aa8-457d-a0d5-81efc30b79cc->1dc89fb7-c510-4be8-8169-e8f46e2262bf: nextIndex: updateUnconditionally 0 -> 0
2019-07-15 13:42:41,279 INFO  server.GrpcLogAppender (GrpcLogAppender.java:onCompleted(292)) - bf20c03f-2aa8-457d-a0d5-81efc30b79cc->af97e53f-6c11-4342-ae9a-a60f97a0ff45: follower responses appendEntries COMPLETED
2019-07-15 13:42:41,281 INFO  impl.FollowerInfo (FollowerInfo.java:lambda$new$0(50)) - bf20c03f-2aa8-457d-a0d5-81efc30b79cc->af97e53f-6c11-4342-ae9a-a60f97a0ff45: nextIndex: updateUnconditionally 0 -> 0
2019-07-15 13:42:41,452 INFO  client.GrpcClientProtocolClient (GrpcClientProtocolClient.java:onNext(255)) - client-FE9953862CA1->4246fd4b-cf21-443d-99bb-c2412d83fae8: receive RaftClientReply:client-FE9953862CA1->4246fd4b-cf21-443d-99bb-c2412d83fae8@group-CC5C0B7B5369, cid=13, FAILED org.apache.ratis.protocol.NotLeaderException: Server 4246fd4b-cf21-443d-99bb-c2412d83fae8 is not the leader (2bd76219-3cc0-41a7-bf32-ae7e1f1aa20f:192.168.157.240:40921). Request must be sent to leader., logIndex=0, commits[4246fd4b-cf21-443d-99bb-c2412d83fae8:c0, 2bd76219-3cc0-41a7-bf32-ae7e1f1aa20f:c0, 0f69f74f-2127-43c1-8e92-277219ce5a69:c-1]
2019-07-15 13:42:41,729 INFO  container.CloseContainerEventHandler (CloseContainerEventHandler.java:onMessage(61)) - Close container Event triggered for container : #1
2019-07-15 13:42:41,738 INFO  container.CloseContainerEventHandler (CloseContainerEventHandler.java:onMessage(61)) - Close container Event triggered for container : #1
2019-07-15 13:42:41,738 INFO  container.CloseContainerEventHandler (CloseContainerEventHandler.java:onMessage(61)) - Close container Event triggered for container : #1
2019-07-15 13:42:41,760 INFO  client.GrpcClientProtocolClient (GrpcClientProtocolClient.java:onNext(255)) - client-FE9953862CA1->2bd76219-3cc0-41a7-bf32-ae7e1f1aa20f: receive RaftClientReply:client-FE9953862CA1->2bd76219-3cc0-41a7-bf32-ae7e1f1aa20f@group-CC5C0B7B5369, cid=13, SUCCESS, logIndex=1, commits[2bd76219-3cc0-41a7-bf32-ae7e1f1aa20f:c1, 4246fd4b-cf21-443d-99bb-c2412d83fae8:c0, 0f69f74f-2127-43c1-8e92-277219ce5a69:c0]
2019-07-15 13:42:41,872 INFO  client.GrpcClientProtocolClient (GrpcClientProtocolClient.java:onNext(255)) - client-FE9953862CA1->2bd76219-3cc0-41a7-bf32-ae7e1f1aa20f: receive RaftClientReply:client-FE9953862CA1->2bd76219-3cc0-41a7-bf32-ae7e1f1aa20f@group-CC5C0B7B5369, cid=14, SUCCESS, logIndex=3, commits[2bd76219-3cc0-41a7-bf32-ae7e1f1aa20f:c4, 4246fd4b-cf21-443d-99bb-c2412d83fae8:c3, 0f69f74f-2127-43c1-8e92-277219ce5a69:c3]
2019-07-15 13:42:43,684 INFO  interfaces.Container (KeyValueContainer.java:compactDB(356)) - Container 1 is closed with bcsId 3.
2019-07-15 13:42:43,723 INFO  interfaces.Container (KeyValueContainer.java:compactDB(356)) - Container 1 is closed with bcsId 3.
2019-07-15 13:42:43,723 INFO  interfaces.Container (KeyValueContainer.java:compactDB(356)) - Container 1 is closed with bcsId 3.
13:42:43.749 [grpc-default-executor-1] ERROR DNAudit - user=null | ip=null | op=WRITE_CHUNK {blockData=conID: 1 locID: 102445754354040833 bcsId: 3} | ret=FAILURE
org.apache.hadoop.hdds.scm.container.common.helpers.ContainerNotOpenException: Container 1 in CLOSED state
	at org.apache.hadoop.ozone.container.common.impl.HddsDispatcher.validateContainerCommand(HddsDispatcher.java:408) ~[hadoop-hdds-container-service-0.5.0-SNAPSHOT.jar:?]
	at org.apache.hadoop.ozone.container.common.transport.server.ratis.ContainerStateMachine.startTransaction(ContainerStateMachine.java:272) ~[hadoop-hdds-container-service-0.5.0-SNAPSHOT.jar:?]
	at org.apache.ratis.server.impl.RaftServerImpl.submitClientRequestAsync(RaftServerImpl.java:566) ~[ratis-server-0.4.0-2337318-SNAPSHOT.jar:0.4.0-2337318-SNAPSHOT]
	at org.apache.ratis.server.impl.RaftServerProxy.lambda$submitClientRequestAsync$7(RaftServerProxy.java:333) ~[ratis-server-0.4.0-2337318-SNAPSHOT.jar:0.4.0-2337318-SNAPSHOT]
	at org.apache.ratis.server.impl.RaftServerProxy.lambda$null$5(RaftServerProxy.java:328) ~[ratis-server-0.4.0-2337318-SNAPSHOT.jar:0.4.0-2337318-SNAPSHOT]
	at org.apache.ratis.util.JavaUtils.callAsUnchecked(JavaUtils.java:109) ~[ratis-common-0.4.0-2337318-SNAPSHOT.jar:0.4.0-2337318-SNAPSHOT]
	at org.apache.ratis.server.impl.RaftServerProxy.lambda$submitRequest$6(RaftServerProxy.java:328) ~[ratis-server-0.4.0-2337318-SNAPSHOT.jar:0.4.0-2337318-SNAPSHOT]
	at java.util.concurrent.CompletableFuture.uniComposeStage(CompletableFuture.java:981) ~[?:1.8.0_212]
	at java.util.concurrent.CompletableFuture.thenCompose(CompletableFuture.java:2124) ~[?:1.8.0_212]
	at org.apache.ratis.server.impl.RaftServerProxy.submitRequest(RaftServerProxy.java:327) ~[ratis-server-0.4.0-2337318-SNAPSHOT.jar:0.4.0-2337318-SNAPSHOT]
	at org.apache.ratis.server.impl.RaftServerProxy.submitClientRequestAsync(RaftServerProxy.java:333) ~[ratis-server-0.4.0-2337318-SNAPSHOT.jar:0.4.0-2337318-SNAPSHOT]
	at org.apache.ratis.grpc.client.GrpcClientProtocolService$RequestStreamObserver.processClientRequest(GrpcClientProtocolService.java:220) ~[ratis-grpc-0.4.0-2337318-SNAPSHOT.jar:0.4.0-2337318-SNAPSHOT]
	at org.apache.ratis.grpc.client.GrpcClientProtocolService$OrderedRequestStreamObserver.processClientRequest(GrpcClientProtocolService.java:326) ~[ratis-grpc-0.4.0-2337318-SNAPSHOT.jar:0.4.0-2337318-SNAPSHOT]
	at org.apache.ratis.util.SlidingWindow$Server.processRequestsFromHead(SlidingWindow.java:429) [ratis-common-0.4.0-2337318-SNAPSHOT.jar:0.4.0-2337318-SNAPSHOT]
	at org.apache.ratis.util.SlidingWindow$Server.receivedRequest(SlidingWindow.java:421) [ratis-common-0.4.0-2337318-SNAPSHOT.jar:0.4.0-2337318-SNAPSHOT]
	at org.apache.ratis.grpc.client.GrpcClientProtocolService$OrderedRequestStreamObserver.processClientRequest(GrpcClientProtocolService.java:345) [ratis-grpc-0.4.0-2337318-SNAPSHOT.jar:0.4.0-2337318-SNAPSHOT]
	at org.apache.ratis.grpc.client.GrpcClientProtocolService$RequestStreamObserver.onNext(GrpcClientProtocolService.java:240) [ratis-grpc-0.4.0-2337318-SNAPSHOT.jar:0.4.0-2337318-SNAPSHOT]
	at org.apache.ratis.grpc.client.GrpcClientProtocolService$RequestStreamObserver.onNext(GrpcClientProtocolService.java:168) [ratis-grpc-0.4.0-2337318-SNAPSHOT.jar:0.4.0-2337318-SNAPSHOT]
	at org.apache.ratis.thirdparty.io.grpc.stub.ServerCalls$StreamingServerCallHandler$StreamingServerCallListener.onMessage(ServerCalls.java:248) [ratis-thirdparty-misc-0.2.0.jar:0.2.0]
	at org.apache.ratis.thirdparty.io.grpc.internal.ServerCallImpl$ServerStreamListenerImpl.messagesAvailable(ServerCallImpl.java:263) [ratis-thirdparty-misc-0.2.0.jar:0.2.0]
	at org.apache.ratis.thirdparty.io.grpc.internal.ServerImpl$JumpToApplicationThreadServerStreamListener$1MessagesAvailable.runInContext(ServerImpl.java:686) [ratis-thirdparty-misc-0.2.0.jar:0.2.0]
	at org.apache.ratis.thirdparty.io.grpc.internal.ContextRunnable.run(ContextRunnable.java:37) [ratis-thirdparty-misc-0.2.0.jar:0.2.0]
	at org.apache.ratis.thirdparty.io.grpc.internal.SerializingExecutor.run(SerializingExecutor.java:123) [ratis-thirdparty-misc-0.2.0.jar:0.2.0]
	at java.util.concurrent.ThreadPoolExecutor.runWorker(ThreadPoolExecutor.java:1149) [?:1.8.0_212]
	at java.util.concurrent.ThreadPoolExecutor$Worker.run(ThreadPoolExecutor.java:624) [?:1.8.0_212]
	at java.lang.Thread.run(Thread.java:748) [?:1.8.0_212]
13:42:43.795 [grpc-default-executor-1] ERROR DNAudit - user=null | ip=null | op=PUT_BLOCK {blockData=[blockId=conID: 1 locID: 102445754354040833 bcsId: 0,size=2097152]} | ret=FAILURE
org.apache.hadoop.hdds.scm.container.common.helpers.ContainerNotOpenException: Container 1 in CLOSED state
	at org.apache.hadoop.ozone.container.common.impl.HddsDispatcher.validateContainerCommand(HddsDispatcher.java:408) ~[hadoop-hdds-container-service-0.5.0-SNAPSHOT.jar:?]
	at org.apache.hadoop.ozone.container.common.transport.server.ratis.ContainerStateMachine.startTransaction(ContainerStateMachine.java:272) ~[hadoop-hdds-container-service-0.5.0-SNAPSHOT.jar:?]
	at org.apache.ratis.server.impl.RaftServerImpl.submitClientRequestAsync(RaftServerImpl.java:566) ~[ratis-server-0.4.0-2337318-SNAPSHOT.jar:0.4.0-2337318-SNAPSHOT]
	at org.apache.ratis.server.impl.RaftServerProxy.lambda$submitClientRequestAsync$7(RaftServerProxy.java:333) ~[ratis-server-0.4.0-2337318-SNAPSHOT.jar:0.4.0-2337318-SNAPSHOT]
	at org.apache.ratis.server.impl.RaftServerProxy.lambda$null$5(RaftServerProxy.java:328) ~[ratis-server-0.4.0-2337318-SNAPSHOT.jar:0.4.0-2337318-SNAPSHOT]
	at org.apache.ratis.util.JavaUtils.callAsUnchecked(JavaUtils.java:109) ~[ratis-common-0.4.0-2337318-SNAPSHOT.jar:0.4.0-2337318-SNAPSHOT]
	at org.apache.ratis.server.impl.RaftServerProxy.lambda$submitRequest$6(RaftServerProxy.java:328) ~[ratis-server-0.4.0-2337318-SNAPSHOT.jar:0.4.0-2337318-SNAPSHOT]
	at java.util.concurrent.CompletableFuture.uniComposeStage(CompletableFuture.java:981) ~[?:1.8.0_212]
	at java.util.concurrent.CompletableFuture.thenCompose(CompletableFuture.java:2124) ~[?:1.8.0_212]
	at org.apache.ratis.server.impl.RaftServerProxy.submitRequest(RaftServerProxy.java:327) ~[ratis-server-0.4.0-2337318-SNAPSHOT.jar:0.4.0-2337318-SNAPSHOT]
	at org.apache.ratis.server.impl.RaftServerProxy.submitClientRequestAsync(RaftServerProxy.java:333) ~[ratis-server-0.4.0-2337318-SNAPSHOT.jar:0.4.0-2337318-SNAPSHOT]
	at org.apache.ratis.grpc.client.GrpcClientProtocolService$RequestStreamObserver.processClientRequest(GrpcClientProtocolService.java:220) ~[ratis-grpc-0.4.0-2337318-SNAPSHOT.jar:0.4.0-2337318-SNAPSHOT]
	at org.apache.ratis.grpc.client.GrpcClientProtocolService$OrderedRequestStreamObserver.processClientRequest(GrpcClientProtocolService.java:326) ~[ratis-grpc-0.4.0-2337318-SNAPSHOT.jar:0.4.0-2337318-SNAPSHOT]
	at org.apache.ratis.util.SlidingWindow$Server.processRequestsFromHead(SlidingWindow.java:429) [ratis-common-0.4.0-2337318-SNAPSHOT.jar:0.4.0-2337318-SNAPSHOT]
	at org.apache.ratis.util.SlidingWindow$Server.receivedRequest(SlidingWindow.java:421) [ratis-common-0.4.0-2337318-SNAPSHOT.jar:0.4.0-2337318-SNAPSHOT]
	at org.apache.ratis.grpc.client.GrpcClientProtocolService$OrderedRequestStreamObserver.processClientRequest(GrpcClientProtocolService.java:345) [ratis-grpc-0.4.0-2337318-SNAPSHOT.jar:0.4.0-2337318-SNAPSHOT]
	at org.apache.ratis.grpc.client.GrpcClientProtocolService$RequestStreamObserver.onNext(GrpcClientProtocolService.java:240) [ratis-grpc-0.4.0-2337318-SNAPSHOT.jar:0.4.0-2337318-SNAPSHOT]
	at org.apache.ratis.grpc.client.GrpcClientProtocolService$RequestStreamObserver.onNext(GrpcClientProtocolService.java:168) [ratis-grpc-0.4.0-2337318-SNAPSHOT.jar:0.4.0-2337318-SNAPSHOT]
	at org.apache.ratis.thirdparty.io.grpc.stub.ServerCalls$StreamingServerCallHandler$StreamingServerCallListener.onMessage(ServerCalls.java:248) [ratis-thirdparty-misc-0.2.0.jar:0.2.0]
	at org.apache.ratis.thirdparty.io.grpc.internal.ServerCallImpl$ServerStreamListenerImpl.messagesAvailable(ServerCallImpl.java:263) [ratis-thirdparty-misc-0.2.0.jar:0.2.0]
	at org.apache.ratis.thirdparty.io.grpc.internal.ServerImpl$JumpToApplicationThreadServerStreamListener$1MessagesAvailable.runInContext(ServerImpl.java:686) [ratis-thirdparty-misc-0.2.0.jar:0.2.0]
	at org.apache.ratis.thirdparty.io.grpc.internal.ContextRunnable.run(ContextRunnable.java:37) [ratis-thirdparty-misc-0.2.0.jar:0.2.0]
	at org.apache.ratis.thirdparty.io.grpc.internal.SerializingExecutor.run(SerializingExecutor.java:123) [ratis-thirdparty-misc-0.2.0.jar:0.2.0]
	at java.util.concurrent.ThreadPoolExecutor.runWorker(ThreadPoolExecutor.java:1149) [?:1.8.0_212]
	at java.util.concurrent.ThreadPoolExecutor$Worker.run(ThreadPoolExecutor.java:624) [?:1.8.0_212]
	at java.lang.Thread.run(Thread.java:748) [?:1.8.0_212]
2019-07-15 13:42:43,807 INFO  client.GrpcClientProtocolClient (GrpcClientProtocolClient.java:onNext(255)) - client-FE9953862CA1->2bd76219-3cc0-41a7-bf32-ae7e1f1aa20f: receive RaftClientReply:client-FE9953862CA1->2bd76219-3cc0-41a7-bf32-ae7e1f1aa20f@group-CC5C0B7B5369, cid=15, FAILED org.apache.ratis.protocol.StateMachineException: org.apache.hadoop.hdds.scm.container.common.helpers.ContainerNotOpenException from Server 2bd76219-3cc0-41a7-bf32-ae7e1f1aa20f: Container 1 in CLOSED state, logIndex=0, commits[2bd76219-3cc0-41a7-bf32-ae7e1f1aa20f:c6, 4246fd4b-cf21-443d-99bb-c2412d83fae8:c5, 0f69f74f-2127-43c1-8e92-277219ce5a69:c5]
2019-07-15 13:42:43,810 INFO  client.GrpcClientProtocolClient (GrpcClientProtocolClient.java:onNext(255)) - client-FE9953862CA1->2bd76219-3cc0-41a7-bf32-ae7e1f1aa20f: receive RaftClientReply:client-FE9953862CA1->2bd76219-3cc0-41a7-bf32-ae7e1f1aa20f@group-CC5C0B7B5369, cid=16, FAILED org.apache.ratis.protocol.StateMachineException: org.apache.hadoop.hdds.scm.container.common.helpers.ContainerNotOpenException from Server 2bd76219-3cc0-41a7-bf32-ae7e1f1aa20f: Container 1 in CLOSED state, logIndex=0, commits[2bd76219-3cc0-41a7-bf32-ae7e1f1aa20f:c6, 4246fd4b-cf21-443d-99bb-c2412d83fae8:c5, 0f69f74f-2127-43c1-8e92-277219ce5a69:c5]
2019-07-15 13:42:43,977 INFO  client.GrpcClientProtocolClient (GrpcClientProtocolClient.java:onNext(255)) - client-FE9953862CA1->2bd76219-3cc0-41a7-bf32-ae7e1f1aa20f: receive RaftClientReply:client-FE9953862CA1->2bd76219-3cc0-41a7-bf32-ae7e1f1aa20f@group-CC5C0B7B5369, cid=17, SUCCESS, logIndex=7, commits[2bd76219-3cc0-41a7-bf32-ae7e1f1aa20f:c9, 4246fd4b-cf21-443d-99bb-c2412d83fae8:c6, 0f69f74f-2127-43c1-8e92-277219ce5a69:c6]
2019-07-15 13:42:44,024 INFO  client.GrpcClientProtocolClient (GrpcClientProtocolClient.java:onNext(255)) - client-FE9953862CA1->2bd76219-3cc0-41a7-bf32-ae7e1f1aa20f: receive RaftClientReply:client-FE9953862CA1->2bd76219-3cc0-41a7-bf32-ae7e1f1aa20f@group-CC5C0B7B5369, cid=18, SUCCESS, logIndex=8, commits[2bd76219-3cc0-41a7-bf32-ae7e1f1aa20f:c13, 4246fd4b-cf21-443d-99bb-c2412d83fae8:c10, 0f69f74f-2127-43c1-8e92-277219ce5a69:c10]
2019-07-15 13:42:44,028 INFO  client.GrpcClientProtocolClient (GrpcClientProtocolClient.java:onNext(255)) - client-FE9953862CA1->2bd76219-3cc0-41a7-bf32-ae7e1f1aa20f: receive RaftClientReply:client-FE9953862CA1->2bd76219-3cc0-41a7-bf32-ae7e1f1aa20f@group-CC5C0B7B5369, cid=19, SUCCESS, logIndex=9, commits[2bd76219-3cc0-41a7-bf32-ae7e1f1aa20f:c13, 4246fd4b-cf21-443d-99bb-c2412d83fae8:c10, 0f69f74f-2127-43c1-8e92-277219ce5a69:c10]
2019-07-15 13:42:44,098 INFO  client.GrpcClientProtocolClient (GrpcClientProtocolClient.java:onNext(255)) - client-FE9953862CA1->2bd76219-3cc0-41a7-bf32-ae7e1f1aa20f: receive RaftClientReply:client-FE9953862CA1->2bd76219-3cc0-41a7-bf32-ae7e1f1aa20f@group-CC5C0B7B5369, cid=20, SUCCESS, logIndex=10, commits[2bd76219-3cc0-41a7-bf32-ae7e1f1aa20f:c13, 4246fd4b-cf21-443d-99bb-c2412d83fae8:c10, 0f69f74f-2127-43c1-8e92-277219ce5a69:c10]
2019-07-15 13:42:44,189 INFO  pipeline.Pipeline (Pipeline.java:getProtobufMessage(195)) - Serialize pipeline PipelineID=ef129e49-3978-4b39-9b44-cc5c0b7b5369 with nodesInOrder{ }
]]></system-out>
    <system-err><![CDATA[ERROR StatusLogger No Log4j 2 configuration file found. Using default configuration (logging only errors to the console), or user programmatically provided configurations. Set system property 'log4j2.debug' to show Log4j 2 internal initialization logging. See https://logging.apache.org/log4j/2.x/manual/configuration.html for instructions on how to configure Log4j 2
Jul 15, 2019 1:42:28 PM com.sun.jersey.server.impl.application.WebApplicationImpl _initiate
INFO: Initiating Jersey application, version 'Jersey: 1.19 02/11/2015 03:25 AM'
Jul 15, 2019 1:42:29 PM com.sun.jersey.server.impl.application.WebApplicationImpl _initiate
INFO: Initiating Jersey application, version 'Jersey: 1.19 02/11/2015 03:25 AM'
Jul 15, 2019 1:42:30 PM com.sun.jersey.server.impl.application.WebApplicationImpl _initiate
INFO: Initiating Jersey application, version 'Jersey: 1.19 02/11/2015 03:25 AM'
Jul 15, 2019 1:42:30 PM com.sun.jersey.server.impl.application.WebApplicationImpl _initiate
INFO: Initiating Jersey application, version 'Jersey: 1.19 02/11/2015 03:25 AM'
Jul 15, 2019 1:42:30 PM com.sun.jersey.server.impl.application.WebApplicationImpl _initiate
INFO: Initiating Jersey application, version 'Jersey: 1.19 02/11/2015 03:25 AM'
Jul 15, 2019 1:42:30 PM com.sun.jersey.server.impl.application.WebApplicationImpl _initiate
INFO: Initiating Jersey application, version 'Jersey: 1.19 02/11/2015 03:25 AM'
Jul 15, 2019 1:42:31 PM com.sun.jersey.server.impl.application.WebApplicationImpl _initiate
INFO: Initiating Jersey application, version 'Jersey: 1.19 02/11/2015 03:25 AM'
]]></system-err>
  </testcase>
  <testcase name="testBlockWritesWithFlushAndClose" classname="org.apache.hadoop.ozone.client.rpc.TestCloseContainerHandlingByClient" time="3.075">
    <error type="java.lang.IllegalArgumentException">java.lang.IllegalArgumentException
	at com.google.common.base.Preconditions.checkArgument(Preconditions.java:72)
	at org.apache.hadoop.hdds.scm.XceiverClientManager.acquireClient(XceiverClientManager.java:150)
	at org.apache.hadoop.hdds.scm.XceiverClientManager.acquireClientForReadData(XceiverClientManager.java:143)
	at org.apache.hadoop.hdds.scm.storage.BlockInputStream.getChunkInfos(BlockInputStream.java:154)
	at org.apache.hadoop.hdds.scm.storage.BlockInputStream.initialize(BlockInputStream.java:118)
	at org.apache.hadoop.hdds.scm.storage.BlockInputStream.read(BlockInputStream.java:222)
	at org.apache.hadoop.ozone.client.io.KeyInputStream.read(KeyInputStream.java:171)
	at org.apache.hadoop.ozone.client.io.OzoneInputStream.read(OzoneInputStream.java:47)
	at java.io.InputStream.read(InputStream.java:101)
	at org.apache.hadoop.ozone.container.ContainerTestHelper.validateData(ContainerTestHelper.java:709)
	at org.apache.hadoop.ozone.client.rpc.TestCloseContainerHandlingByClient.validateData(TestCloseContainerHandlingByClient.java:401)
	at org.apache.hadoop.ozone.client.rpc.TestCloseContainerHandlingByClient.testBlockWritesWithFlushAndClose(TestCloseContainerHandlingByClient.java:150)
	at sun.reflect.NativeMethodAccessorImpl.invoke0(Native Method)
	at sun.reflect.NativeMethodAccessorImpl.invoke(NativeMethodAccessorImpl.java:62)
	at sun.reflect.DelegatingMethodAccessorImpl.invoke(DelegatingMethodAccessorImpl.java:43)
	at java.lang.reflect.Method.invoke(Method.java:498)
	at org.junit.runners.model.FrameworkMethod$1.runReflectiveCall(FrameworkMethod.java:47)
	at org.junit.internal.runners.model.ReflectiveCallable.run(ReflectiveCallable.java:12)
	at org.junit.runners.model.FrameworkMethod.invokeExplosively(FrameworkMethod.java:44)
	at org.junit.internal.runners.statements.InvokeMethod.evaluate(InvokeMethod.java:17)
	at org.junit.runners.ParentRunner.runLeaf(ParentRunner.java:271)
	at org.junit.runners.BlockJUnit4ClassRunner.runChild(BlockJUnit4ClassRunner.java:70)
	at org.junit.runners.BlockJUnit4ClassRunner.runChild(BlockJUnit4ClassRunner.java:50)
	at org.junit.runners.ParentRunner$3.run(ParentRunner.java:238)
	at org.junit.runners.ParentRunner$1.schedule(ParentRunner.java:63)
	at org.junit.runners.ParentRunner.runChildren(ParentRunner.java:236)
	at org.junit.runners.ParentRunner.access$000(ParentRunner.java:53)
	at org.junit.runners.ParentRunner$2.evaluate(ParentRunner.java:229)
	at org.junit.internal.runners.statements.RunBefores.evaluate(RunBefores.java:26)
	at org.junit.internal.runners.statements.RunAfters.evaluate(RunAfters.java:27)
	at org.junit.runners.ParentRunner.run(ParentRunner.java:309)
	at org.apache.maven.surefire.junit4.JUnit4Provider.execute(JUnit4Provider.java:365)
	at org.apache.maven.surefire.junit4.JUnit4Provider.executeWithRerun(JUnit4Provider.java:273)
	at org.apache.maven.surefire.junit4.JUnit4Provider.executeTestSet(JUnit4Provider.java:238)
	at org.apache.maven.surefire.junit4.JUnit4Provider.invoke(JUnit4Provider.java:159)
	at org.apache.maven.surefire.booter.ForkedBooter.invokeProviderInSameClassLoader(ForkedBooter.java:384)
	at org.apache.maven.surefire.booter.ForkedBooter.runSuitesInProcess(ForkedBooter.java:345)
	at org.apache.maven.surefire.booter.ForkedBooter.execute(ForkedBooter.java:126)
	at org.apache.maven.surefire.booter.ForkedBooter.main(ForkedBooter.java:418)
</error>
    <system-out><![CDATA[2019-07-15 13:42:44,408 INFO  client.GrpcClientProtocolClient (GrpcClientProtocolClient.java:onNext(255)) - client-FE9953862CA1->2bd76219-3cc0-41a7-bf32-ae7e1f1aa20f: receive RaftClientReply:client-FE9953862CA1->2bd76219-3cc0-41a7-bf32-ae7e1f1aa20f@group-CC5C0B7B5369, cid=21, SUCCESS, logIndex=14, commits[2bd76219-3cc0-41a7-bf32-ae7e1f1aa20f:c15, 4246fd4b-cf21-443d-99bb-c2412d83fae8:c13, 0f69f74f-2127-43c1-8e92-277219ce5a69:c13]
2019-07-15 13:42:44,463 INFO  client.GrpcClientProtocolClient (GrpcClientProtocolClient.java:onNext(255)) - client-FE9953862CA1->2bd76219-3cc0-41a7-bf32-ae7e1f1aa20f: receive RaftClientReply:client-FE9953862CA1->2bd76219-3cc0-41a7-bf32-ae7e1f1aa20f@group-CC5C0B7B5369, cid=22, SUCCESS, logIndex=15, commits[2bd76219-3cc0-41a7-bf32-ae7e1f1aa20f:c17, 4246fd4b-cf21-443d-99bb-c2412d83fae8:c15, 0f69f74f-2127-43c1-8e92-277219ce5a69:c15]
2019-07-15 13:42:44,753 INFO  container.CloseContainerEventHandler (CloseContainerEventHandler.java:onMessage(61)) - Close container Event triggered for container : #3
2019-07-15 13:42:44,754 INFO  container.CloseContainerEventHandler (CloseContainerEventHandler.java:onMessage(61)) - Close container Event triggered for container : #3
2019-07-15 13:42:44,754 INFO  container.CloseContainerEventHandler (CloseContainerEventHandler.java:onMessage(61)) - Close container Event triggered for container : #3
2019-07-15 13:42:45,750 INFO  interfaces.Container (KeyValueContainer.java:compactDB(356)) - Container 3 is closed with bcsId 15.
2019-07-15 13:42:45,750 INFO  interfaces.Container (KeyValueContainer.java:compactDB(356)) - Container 3 is closed with bcsId 15.
13:42:45.762 [grpc-default-executor-3] ERROR DNAudit - user=null | ip=null | op=WRITE_CHUNK {blockData=conID: 3 locID: 102445754892025860 bcsId: 15} | ret=FAILURE
org.apache.hadoop.hdds.scm.container.common.helpers.ContainerNotOpenException: Container 3 in CLOSED state
	at org.apache.hadoop.ozone.container.common.impl.HddsDispatcher.validateContainerCommand(HddsDispatcher.java:408) ~[hadoop-hdds-container-service-0.5.0-SNAPSHOT.jar:?]
	at org.apache.hadoop.ozone.container.common.transport.server.ratis.ContainerStateMachine.startTransaction(ContainerStateMachine.java:272) ~[hadoop-hdds-container-service-0.5.0-SNAPSHOT.jar:?]
	at org.apache.ratis.server.impl.RaftServerImpl.submitClientRequestAsync(RaftServerImpl.java:566) ~[ratis-server-0.4.0-2337318-SNAPSHOT.jar:0.4.0-2337318-SNAPSHOT]
	at org.apache.ratis.server.impl.RaftServerProxy.lambda$submitClientRequestAsync$7(RaftServerProxy.java:333) ~[ratis-server-0.4.0-2337318-SNAPSHOT.jar:0.4.0-2337318-SNAPSHOT]
	at org.apache.ratis.server.impl.RaftServerProxy.lambda$null$5(RaftServerProxy.java:328) ~[ratis-server-0.4.0-2337318-SNAPSHOT.jar:0.4.0-2337318-SNAPSHOT]
	at org.apache.ratis.util.JavaUtils.callAsUnchecked(JavaUtils.java:109) ~[ratis-common-0.4.0-2337318-SNAPSHOT.jar:0.4.0-2337318-SNAPSHOT]
	at org.apache.ratis.server.impl.RaftServerProxy.lambda$submitRequest$6(RaftServerProxy.java:328) ~[ratis-server-0.4.0-2337318-SNAPSHOT.jar:0.4.0-2337318-SNAPSHOT]
	at java.util.concurrent.CompletableFuture.uniComposeStage(CompletableFuture.java:981) ~[?:1.8.0_212]
	at java.util.concurrent.CompletableFuture.thenCompose(CompletableFuture.java:2124) ~[?:1.8.0_212]
	at org.apache.ratis.server.impl.RaftServerProxy.submitRequest(RaftServerProxy.java:327) ~[ratis-server-0.4.0-2337318-SNAPSHOT.jar:0.4.0-2337318-SNAPSHOT]
	at org.apache.ratis.server.impl.RaftServerProxy.submitClientRequestAsync(RaftServerProxy.java:333) ~[ratis-server-0.4.0-2337318-SNAPSHOT.jar:0.4.0-2337318-SNAPSHOT]
	at org.apache.ratis.grpc.client.GrpcClientProtocolService$RequestStreamObserver.processClientRequest(GrpcClientProtocolService.java:220) ~[ratis-grpc-0.4.0-2337318-SNAPSHOT.jar:0.4.0-2337318-SNAPSHOT]
	at org.apache.ratis.grpc.client.GrpcClientProtocolService$OrderedRequestStreamObserver.processClientRequest(GrpcClientProtocolService.java:326) ~[ratis-grpc-0.4.0-2337318-SNAPSHOT.jar:0.4.0-2337318-SNAPSHOT]
	at org.apache.ratis.util.SlidingWindow$Server.processRequestsFromHead(SlidingWindow.java:429) [ratis-common-0.4.0-2337318-SNAPSHOT.jar:0.4.0-2337318-SNAPSHOT]
	at org.apache.ratis.util.SlidingWindow$Server.receivedRequest(SlidingWindow.java:421) [ratis-common-0.4.0-2337318-SNAPSHOT.jar:0.4.0-2337318-SNAPSHOT]
	at org.apache.ratis.grpc.client.GrpcClientProtocolService$OrderedRequestStreamObserver.processClientRequest(GrpcClientProtocolService.java:345) [ratis-grpc-0.4.0-2337318-SNAPSHOT.jar:0.4.0-2337318-SNAPSHOT]
	at org.apache.ratis.grpc.client.GrpcClientProtocolService$RequestStreamObserver.onNext(GrpcClientProtocolService.java:240) [ratis-grpc-0.4.0-2337318-SNAPSHOT.jar:0.4.0-2337318-SNAPSHOT]
	at org.apache.ratis.grpc.client.GrpcClientProtocolService$RequestStreamObserver.onNext(GrpcClientProtocolService.java:168) [ratis-grpc-0.4.0-2337318-SNAPSHOT.jar:0.4.0-2337318-SNAPSHOT]
	at org.apache.ratis.thirdparty.io.grpc.stub.ServerCalls$StreamingServerCallHandler$StreamingServerCallListener.onMessage(ServerCalls.java:248) [ratis-thirdparty-misc-0.2.0.jar:0.2.0]
	at org.apache.ratis.thirdparty.io.grpc.internal.ServerCallImpl$ServerStreamListenerImpl.messagesAvailable(ServerCallImpl.java:263) [ratis-thirdparty-misc-0.2.0.jar:0.2.0]
	at org.apache.ratis.thirdparty.io.grpc.internal.ServerImpl$JumpToApplicationThreadServerStreamListener$1MessagesAvailable.runInContext(ServerImpl.java:686) [ratis-thirdparty-misc-0.2.0.jar:0.2.0]
	at org.apache.ratis.thirdparty.io.grpc.internal.ContextRunnable.run(ContextRunnable.java:37) [ratis-thirdparty-misc-0.2.0.jar:0.2.0]
	at org.apache.ratis.thirdparty.io.grpc.internal.SerializingExecutor.run(SerializingExecutor.java:123) [ratis-thirdparty-misc-0.2.0.jar:0.2.0]
	at java.util.concurrent.ThreadPoolExecutor.runWorker(ThreadPoolExecutor.java:1149) [?:1.8.0_212]
	at java.util.concurrent.ThreadPoolExecutor$Worker.run(ThreadPoolExecutor.java:624) [?:1.8.0_212]
	at java.lang.Thread.run(Thread.java:748) [?:1.8.0_212]
13:42:45.772 [grpc-default-executor-3] ERROR DNAudit - user=null | ip=null | op=PUT_BLOCK {blockData=[blockId=conID: 3 locID: 102445754892025860 bcsId: 0,size=2097152]} | ret=FAILURE
org.apache.hadoop.hdds.scm.container.common.helpers.ContainerNotOpenException: Container 3 in CLOSED state
	at org.apache.hadoop.ozone.container.common.impl.HddsDispatcher.validateContainerCommand(HddsDispatcher.java:408) ~[hadoop-hdds-container-service-0.5.0-SNAPSHOT.jar:?]
	at org.apache.hadoop.ozone.container.common.transport.server.ratis.ContainerStateMachine.startTransaction(ContainerStateMachine.java:272) ~[hadoop-hdds-container-service-0.5.0-SNAPSHOT.jar:?]
	at org.apache.ratis.server.impl.RaftServerImpl.submitClientRequestAsync(RaftServerImpl.java:566) ~[ratis-server-0.4.0-2337318-SNAPSHOT.jar:0.4.0-2337318-SNAPSHOT]
	at org.apache.ratis.server.impl.RaftServerProxy.lambda$submitClientRequestAsync$7(RaftServerProxy.java:333) ~[ratis-server-0.4.0-2337318-SNAPSHOT.jar:0.4.0-2337318-SNAPSHOT]
	at org.apache.ratis.server.impl.RaftServerProxy.lambda$null$5(RaftServerProxy.java:328) ~[ratis-server-0.4.0-2337318-SNAPSHOT.jar:0.4.0-2337318-SNAPSHOT]
	at org.apache.ratis.util.JavaUtils.callAsUnchecked(JavaUtils.java:109) ~[ratis-common-0.4.0-2337318-SNAPSHOT.jar:0.4.0-2337318-SNAPSHOT]
	at org.apache.ratis.server.impl.RaftServerProxy.lambda$submitRequest$6(RaftServerProxy.java:328) ~[ratis-server-0.4.0-2337318-SNAPSHOT.jar:0.4.0-2337318-SNAPSHOT]
	at java.util.concurrent.CompletableFuture.uniComposeStage(CompletableFuture.java:981) ~[?:1.8.0_212]
	at java.util.concurrent.CompletableFuture.thenCompose(CompletableFuture.java:2124) ~[?:1.8.0_212]
	at org.apache.ratis.server.impl.RaftServerProxy.submitRequest(RaftServerProxy.java:327) ~[ratis-server-0.4.0-2337318-SNAPSHOT.jar:0.4.0-2337318-SNAPSHOT]
	at org.apache.ratis.server.impl.RaftServerProxy.submitClientRequestAsync(RaftServerProxy.java:333) ~[ratis-server-0.4.0-2337318-SNAPSHOT.jar:0.4.0-2337318-SNAPSHOT]
	at org.apache.ratis.grpc.client.GrpcClientProtocolService$RequestStreamObserver.processClientRequest(GrpcClientProtocolService.java:220) ~[ratis-grpc-0.4.0-2337318-SNAPSHOT.jar:0.4.0-2337318-SNAPSHOT]
	at org.apache.ratis.grpc.client.GrpcClientProtocolService$OrderedRequestStreamObserver.processClientRequest(GrpcClientProtocolService.java:326) ~[ratis-grpc-0.4.0-2337318-SNAPSHOT.jar:0.4.0-2337318-SNAPSHOT]
	at org.apache.ratis.util.SlidingWindow$Server.processRequestsFromHead(SlidingWindow.java:429) [ratis-common-0.4.0-2337318-SNAPSHOT.jar:0.4.0-2337318-SNAPSHOT]
	at org.apache.ratis.util.SlidingWindow$Server.receivedRequest(SlidingWindow.java:421) [ratis-common-0.4.0-2337318-SNAPSHOT.jar:0.4.0-2337318-SNAPSHOT]
	at org.apache.ratis.grpc.client.GrpcClientProtocolService$OrderedRequestStreamObserver.processClientRequest(GrpcClientProtocolService.java:345) [ratis-grpc-0.4.0-2337318-SNAPSHOT.jar:0.4.0-2337318-SNAPSHOT]
	at org.apache.ratis.grpc.client.GrpcClientProtocolService$RequestStreamObserver.onNext(GrpcClientProtocolService.java:240) [ratis-grpc-0.4.0-2337318-SNAPSHOT.jar:0.4.0-2337318-SNAPSHOT]
	at org.apache.ratis.grpc.client.GrpcClientProtocolService$RequestStreamObserver.onNext(GrpcClientProtocolService.java:168) [ratis-grpc-0.4.0-2337318-SNAPSHOT.jar:0.4.0-2337318-SNAPSHOT]
	at org.apache.ratis.thirdparty.io.grpc.stub.ServerCalls$StreamingServerCallHandler$StreamingServerCallListener.onMessage(ServerCalls.java:248) [ratis-thirdparty-misc-0.2.0.jar:0.2.0]
	at org.apache.ratis.thirdparty.io.grpc.internal.ServerCallImpl$ServerStreamListenerImpl.messagesAvailable(ServerCallImpl.java:263) [ratis-thirdparty-misc-0.2.0.jar:0.2.0]
	at org.apache.ratis.thirdparty.io.grpc.internal.ServerImpl$JumpToApplicationThreadServerStreamListener$1MessagesAvailable.runInContext(ServerImpl.java:686) [ratis-thirdparty-misc-0.2.0.jar:0.2.0]
	at org.apache.ratis.thirdparty.io.grpc.internal.ContextRunnable.run(ContextRunnable.java:37) [ratis-thirdparty-misc-0.2.0.jar:0.2.0]
	at org.apache.ratis.thirdparty.io.grpc.internal.SerializingExecutor.run(SerializingExecutor.java:123) [ratis-thirdparty-misc-0.2.0.jar:0.2.0]
	at java.util.concurrent.ThreadPoolExecutor.runWorker(ThreadPoolExecutor.java:1149) [?:1.8.0_212]
	at java.util.concurrent.ThreadPoolExecutor$Worker.run(ThreadPoolExecutor.java:624) [?:1.8.0_212]
	at java.lang.Thread.run(Thread.java:748) [?:1.8.0_212]
2019-07-15 13:42:45,777 INFO  client.GrpcClientProtocolClient (GrpcClientProtocolClient.java:onNext(255)) - client-FE9953862CA1->2bd76219-3cc0-41a7-bf32-ae7e1f1aa20f: receive RaftClientReply:client-FE9953862CA1->2bd76219-3cc0-41a7-bf32-ae7e1f1aa20f@group-CC5C0B7B5369, cid=23, FAILED org.apache.ratis.protocol.StateMachineException: org.apache.hadoop.hdds.scm.container.common.helpers.ContainerNotOpenException from Server 2bd76219-3cc0-41a7-bf32-ae7e1f1aa20f: Container 3 in CLOSED state, logIndex=0, commits[2bd76219-3cc0-41a7-bf32-ae7e1f1aa20f:c19, 4246fd4b-cf21-443d-99bb-c2412d83fae8:c18, 0f69f74f-2127-43c1-8e92-277219ce5a69:c18]
2019-07-15 13:42:45,780 INFO  interfaces.Container (KeyValueContainer.java:compactDB(356)) - Container 3 is closed with bcsId 15.
2019-07-15 13:42:45,784 INFO  client.GrpcClientProtocolClient (GrpcClientProtocolClient.java:onNext(255)) - client-FE9953862CA1->2bd76219-3cc0-41a7-bf32-ae7e1f1aa20f: receive RaftClientReply:client-FE9953862CA1->2bd76219-3cc0-41a7-bf32-ae7e1f1aa20f@group-CC5C0B7B5369, cid=24, FAILED org.apache.ratis.protocol.StateMachineException: org.apache.hadoop.hdds.scm.container.common.helpers.ContainerNotOpenException from Server 2bd76219-3cc0-41a7-bf32-ae7e1f1aa20f: Container 3 in CLOSED state, logIndex=0, commits[2bd76219-3cc0-41a7-bf32-ae7e1f1aa20f:c19, 4246fd4b-cf21-443d-99bb-c2412d83fae8:c18, 0f69f74f-2127-43c1-8e92-277219ce5a69:c18]
2019-07-15 13:42:45,829 INFO  client.GrpcClientProtocolClient (GrpcClientProtocolClient.java:onNext(255)) - client-60BEEDAABD5C->bf20c03f-2aa8-457d-a0d5-81efc30b79cc: receive RaftClientReply:client-60BEEDAABD5C->bf20c03f-2aa8-457d-a0d5-81efc30b79cc@group-8B5412E281E5, cid=25, FAILED org.apache.ratis.protocol.NotLeaderException: Server bf20c03f-2aa8-457d-a0d5-81efc30b79cc is not the leader (null). Request must be sent to leader., logIndex=0, commits[bf20c03f-2aa8-457d-a0d5-81efc30b79cc:c-1, af97e53f-6c11-4342-ae9a-a60f97a0ff45:c-1, 1dc89fb7-c510-4be8-8169-e8f46e2262bf:c-1]
2019-07-15 13:42:46,264 INFO  impl.FollowerState (FollowerState.java:run(106)) - 1dc89fb7-c510-4be8-8169-e8f46e2262bf:group-8B5412E281E5 changes to CANDIDATE, lastRpcTime:5020, electionTimeout:5015ms
2019-07-15 13:42:46,266 INFO  impl.RoleInfo (RoleInfo.java:shutdownFollowerState(121)) - 1dc89fb7-c510-4be8-8169-e8f46e2262bf: shutdown FollowerState
2019-07-15 13:42:46,266 INFO  impl.RaftServerImpl (RaftServerImpl.java:setRole(171)) - 1dc89fb7-c510-4be8-8169-e8f46e2262bf:group-8B5412E281E5 changes role from FOLLOWER to CANDIDATE at term 2 for changeToCandidate
2019-07-15 13:42:46,267 INFO  impl.RoleInfo (RoleInfo.java:updateAndGet(143)) - 1dc89fb7-c510-4be8-8169-e8f46e2262bf: start LeaderElection
2019-07-15 13:42:46,283 INFO  impl.LeaderElection (LeaderElection.java:askForVotes(181)) - 1dc89fb7-c510-4be8-8169-e8f46e2262bf:group-8B5412E281E5:LeaderElection12: begin an election at term 3 for -1: [af97e53f-6c11-4342-ae9a-a60f97a0ff45:192.168.157.240:36167, bf20c03f-2aa8-457d-a0d5-81efc30b79cc:192.168.157.240:36845, 1dc89fb7-c510-4be8-8169-e8f46e2262bf:192.168.157.240:33645], old=null
2019-07-15 13:42:46,292 INFO  impl.RaftServerImpl (RaftServerImpl.java:setRole(171)) - af97e53f-6c11-4342-ae9a-a60f97a0ff45:group-8B5412E281E5 changes role from FOLLOWER to FOLLOWER at term 3 for recognizeCandidate:1dc89fb7-c510-4be8-8169-e8f46e2262bf
2019-07-15 13:42:46,292 INFO  impl.RoleInfo (RoleInfo.java:shutdownFollowerState(121)) - af97e53f-6c11-4342-ae9a-a60f97a0ff45: shutdown FollowerState
2019-07-15 13:42:46,292 INFO  impl.RaftServerImpl (RaftServerImpl.java:setRole(171)) - bf20c03f-2aa8-457d-a0d5-81efc30b79cc:group-8B5412E281E5 changes role from FOLLOWER to FOLLOWER at term 3 for recognizeCandidate:1dc89fb7-c510-4be8-8169-e8f46e2262bf
2019-07-15 13:42:46,293 INFO  impl.FollowerState (FollowerState.java:run(114)) - af97e53f-6c11-4342-ae9a-a60f97a0ff45: FollowerState was interrupted: java.lang.InterruptedException: sleep interrupted
2019-07-15 13:42:46,292 INFO  impl.RoleInfo (RoleInfo.java:updateAndGet(143)) - af97e53f-6c11-4342-ae9a-a60f97a0ff45: start FollowerState
2019-07-15 13:42:46,293 INFO  impl.RoleInfo (RoleInfo.java:shutdownFollowerState(121)) - bf20c03f-2aa8-457d-a0d5-81efc30b79cc: shutdown FollowerState
2019-07-15 13:42:46,300 INFO  impl.FollowerState (FollowerState.java:run(114)) - bf20c03f-2aa8-457d-a0d5-81efc30b79cc: FollowerState was interrupted: java.lang.InterruptedException: sleep interrupted
2019-07-15 13:42:46,300 INFO  impl.RoleInfo (RoleInfo.java:updateAndGet(143)) - bf20c03f-2aa8-457d-a0d5-81efc30b79cc: start FollowerState
2019-07-15 13:42:46,320 INFO  impl.LeaderElection (LeaderElection.java:logAndReturn(56)) - 1dc89fb7-c510-4be8-8169-e8f46e2262bf:group-8B5412E281E5:LeaderElection12: Election PASSED; received 2 response(s) [1dc89fb7-c510-4be8-8169-e8f46e2262bf<-af97e53f-6c11-4342-ae9a-a60f97a0ff45#0:OK-t3, 1dc89fb7-c510-4be8-8169-e8f46e2262bf<-bf20c03f-2aa8-457d-a0d5-81efc30b79cc#0:FAIL-t3] and 0 exception(s); 1dc89fb7-c510-4be8-8169-e8f46e2262bf:t3, leader=null, voted=1dc89fb7-c510-4be8-8169-e8f46e2262bf, raftlog=1dc89fb7-c510-4be8-8169-e8f46e2262bf-SegmentedRaftLog:OPENED:c-1,f-1,i0, conf=-1: [af97e53f-6c11-4342-ae9a-a60f97a0ff45:192.168.157.240:36167, bf20c03f-2aa8-457d-a0d5-81efc30b79cc:192.168.157.240:36845, 1dc89fb7-c510-4be8-8169-e8f46e2262bf:192.168.157.240:33645], old=null
2019-07-15 13:42:46,320 INFO  impl.RoleInfo (RoleInfo.java:shutdownLeaderElection(134)) - 1dc89fb7-c510-4be8-8169-e8f46e2262bf: shutdown LeaderElection
2019-07-15 13:42:46,324 INFO  impl.RaftServerImpl (RaftServerImpl.java:setRole(171)) - 1dc89fb7-c510-4be8-8169-e8f46e2262bf:group-8B5412E281E5 changes role from CANDIDATE to LEADER at term 3 for changeToLeader
2019-07-15 13:42:46,324 INFO  impl.RaftServerImpl (ServerState.java:setLeader(263)) - 1dc89fb7-c510-4be8-8169-e8f46e2262bf:group-8B5412E281E5 change Leader from null to 1dc89fb7-c510-4be8-8169-e8f46e2262bf at term 3 for becomeLeader, leader elected after 5087ms
2019-07-15 13:42:46,325 INFO  server.RaftServerConfigKeys (ConfUtils.java:logGet(43)) - raft.server.staging.catchup.gap = 1000 (default)
2019-07-15 13:42:46,325 INFO  server.RaftServerConfigKeys (ConfUtils.java:logGet(43)) - raft.server.rpc.sleep.time = 25ms (default)
2019-07-15 13:42:46,325 INFO  server.RaftServerConfigKeys (ConfUtils.java:logGet(43)) - raft.server.write.element-limit = 4096 (default)
2019-07-15 13:42:46,325 INFO  server.RaftServerConfigKeys (ConfUtils.java:logGet(43)) - raft.server.watch.timeout = 10s (default)
2019-07-15 13:42:46,326 INFO  server.RaftServerConfigKeys (ConfUtils.java:logGet(43)) - raft.server.watch.timeout.denomination = 1s (default)
2019-07-15 13:42:46,326 INFO  server.RaftServerConfigKeys (ConfUtils.java:logGet(43)) - raft.server.watch.element-limit = 65536 (default)
2019-07-15 13:42:46,326 INFO  server.RaftServerConfigKeys (ConfUtils.java:logGet(43)) - raft.server.log.appender.snapshot.chunk.size.max = 16MB (=16777216) (default)
2019-07-15 13:42:46,327 INFO  server.RaftServerConfigKeys (ConfUtils.java:logGet(43)) - raft.server.log.appender.buffer.byte-limit = 33554432 (custom)
2019-07-15 13:42:46,327 INFO  server.RaftServerConfigKeys (ConfUtils.java:logGet(43)) - raft.server.log.appender.buffer.element-limit = 1 (custom)
2019-07-15 13:42:46,327 INFO  grpc.GrpcConfigKeys$Server (ConfUtils.java:logGet(43)) - raft.grpc.server.leader.outstanding.appends.max = 128 (default)
2019-07-15 13:42:46,328 INFO  server.RaftServerConfigKeys (ConfUtils.java:logGet(43)) - raft.server.rpc.request.timeout = 3000ms (default)
2019-07-15 13:42:46,328 INFO  server.RaftServerConfigKeys (ConfUtils.java:logGet(43)) - raft.server.log.appender.install.snapshot.enabled = false (custom)
2019-07-15 13:42:46,328 INFO  server.RaftServerConfigKeys (ConfUtils.java:logGet(43)) - raft.server.log.appender.snapshot.chunk.size.max = 16MB (=16777216) (default)
2019-07-15 13:42:46,329 INFO  server.RaftServerConfigKeys (ConfUtils.java:logGet(43)) - raft.server.log.appender.buffer.byte-limit = 33554432 (custom)
2019-07-15 13:42:46,329 INFO  server.RaftServerConfigKeys (ConfUtils.java:logGet(43)) - raft.server.log.appender.buffer.element-limit = 1 (custom)
2019-07-15 13:42:46,329 INFO  grpc.GrpcConfigKeys$Server (ConfUtils.java:logGet(43)) - raft.grpc.server.leader.outstanding.appends.max = 128 (default)
2019-07-15 13:42:46,329 INFO  server.RaftServerConfigKeys (ConfUtils.java:logGet(43)) - raft.server.rpc.request.timeout = 3000ms (default)
2019-07-15 13:42:46,330 INFO  server.RaftServerConfigKeys (ConfUtils.java:logGet(43)) - raft.server.log.appender.install.snapshot.enabled = false (custom)
2019-07-15 13:42:46,330 INFO  impl.RoleInfo (RoleInfo.java:updateAndGet(143)) - 1dc89fb7-c510-4be8-8169-e8f46e2262bf: start LeaderState
2019-07-15 13:42:46,330 INFO  segmented.SegmentedRaftLogWorker (SegmentedRaftLogWorker.java:startLogSegment(380)) - 1dc89fb7-c510-4be8-8169-e8f46e2262bf-SegmentedRaftLogWorker:Storage Directory /workdir/hadoop-ozone/integration-test/target/test-dir/MiniOzoneClusterImpl-c495932b-8957-4ff9-a01d-44ea499fdf4f/datanode-6/data/ratis/912bfc8a-c13f-4979-a3e4-8b5412e281e5: Starting segment from index:0
2019-07-15 13:42:46,332 INFO  impl.RaftServerImpl (ServerState.java:setRaftConf(361)) - 1dc89fb7-c510-4be8-8169-e8f46e2262bf:group-8B5412E281E5 set configuration 0: [af97e53f-6c11-4342-ae9a-a60f97a0ff45:192.168.157.240:36167, bf20c03f-2aa8-457d-a0d5-81efc30b79cc:192.168.157.240:36845, 1dc89fb7-c510-4be8-8169-e8f46e2262bf:192.168.157.240:33645], old=null at 0
2019-07-15 13:42:46,354 INFO  impl.RaftServerImpl (ServerState.java:setLeader(263)) - af97e53f-6c11-4342-ae9a-a60f97a0ff45:group-8B5412E281E5 change Leader from null to 1dc89fb7-c510-4be8-8169-e8f46e2262bf at term 3 for appendEntries, leader elected after 10439ms
2019-07-15 13:42:46,354 INFO  impl.RaftServerImpl (ServerState.java:setLeader(263)) - bf20c03f-2aa8-457d-a0d5-81efc30b79cc:group-8B5412E281E5 change Leader from null to 1dc89fb7-c510-4be8-8169-e8f46e2262bf at term 3 for appendEntries, leader elected after 5121ms
2019-07-15 13:42:46,361 INFO  impl.RaftServerImpl (ServerState.java:setRaftConf(361)) - af97e53f-6c11-4342-ae9a-a60f97a0ff45:group-8B5412E281E5 set configuration 0: [af97e53f-6c11-4342-ae9a-a60f97a0ff45:192.168.157.240:36167, bf20c03f-2aa8-457d-a0d5-81efc30b79cc:192.168.157.240:36845, 1dc89fb7-c510-4be8-8169-e8f46e2262bf:192.168.157.240:33645], old=null at 0
2019-07-15 13:42:46,361 INFO  impl.RaftServerImpl (ServerState.java:setRaftConf(361)) - bf20c03f-2aa8-457d-a0d5-81efc30b79cc:group-8B5412E281E5 set configuration 0: [af97e53f-6c11-4342-ae9a-a60f97a0ff45:192.168.157.240:36167, bf20c03f-2aa8-457d-a0d5-81efc30b79cc:192.168.157.240:36845, 1dc89fb7-c510-4be8-8169-e8f46e2262bf:192.168.157.240:33645], old=null at 0
2019-07-15 13:42:46,362 INFO  segmented.SegmentedRaftLogWorker (SegmentedRaftLogWorker.java:startLogSegment(380)) - af97e53f-6c11-4342-ae9a-a60f97a0ff45-SegmentedRaftLogWorker:Storage Directory /workdir/hadoop-ozone/integration-test/target/test-dir/MiniOzoneClusterImpl-c495932b-8957-4ff9-a01d-44ea499fdf4f/datanode-5/data/ratis/912bfc8a-c13f-4979-a3e4-8b5412e281e5: Starting segment from index:0
2019-07-15 13:42:46,365 INFO  segmented.SegmentedRaftLogWorker (SegmentedRaftLogWorker.java:execute(569)) - 1dc89fb7-c510-4be8-8169-e8f46e2262bf-SegmentedRaftLogWorker:Storage Directory /workdir/hadoop-ozone/integration-test/target/test-dir/MiniOzoneClusterImpl-c495932b-8957-4ff9-a01d-44ea499fdf4f/datanode-6/data/ratis/912bfc8a-c13f-4979-a3e4-8b5412e281e5: created new log segment /workdir/hadoop-ozone/integration-test/target/test-dir/MiniOzoneClusterImpl-c495932b-8957-4ff9-a01d-44ea499fdf4f/datanode-6/data/ratis/912bfc8a-c13f-4979-a3e4-8b5412e281e5/current/log_inprogress_0
2019-07-15 13:42:46,367 INFO  segmented.SegmentedRaftLogWorker (SegmentedRaftLogWorker.java:truncate(396)) - bf20c03f-2aa8-457d-a0d5-81efc30b79cc-SegmentedRaftLogWorker:Storage Directory /workdir/hadoop-ozone/integration-test/target/test-dir/MiniOzoneClusterImpl-c495932b-8957-4ff9-a01d-44ea499fdf4f/datanode-4/data/ratis/912bfc8a-c13f-4979-a3e4-8b5412e281e5: Truncating segments toTruncate: null
  toDelete: [(0, 0) isOpen? true, length=0, newEndIndex=-1], start index 0
2019-07-15 13:42:46,368 INFO  segmented.SegmentedRaftLogWorker (SegmentedRaftLogWorker.java:startLogSegment(380)) - bf20c03f-2aa8-457d-a0d5-81efc30b79cc-SegmentedRaftLogWorker:Storage Directory /workdir/hadoop-ozone/integration-test/target/test-dir/MiniOzoneClusterImpl-c495932b-8957-4ff9-a01d-44ea499fdf4f/datanode-4/data/ratis/912bfc8a-c13f-4979-a3e4-8b5412e281e5: Starting segment from index:0
2019-07-15 13:42:46,370 INFO  segmented.SegmentedRaftLogWorker (SegmentedRaftLogWorker.java:execute(633)) - bf20c03f-2aa8-457d-a0d5-81efc30b79cc-SegmentedRaftLogWorker:Storage Directory /workdir/hadoop-ozone/integration-test/target/test-dir/MiniOzoneClusterImpl-c495932b-8957-4ff9-a01d-44ea499fdf4f/datanode-4/data/ratis/912bfc8a-c13f-4979-a3e4-8b5412e281e5: Deleted log file /workdir/hadoop-ozone/integration-test/target/test-dir/MiniOzoneClusterImpl-c495932b-8957-4ff9-a01d-44ea499fdf4f/datanode-4/data/ratis/912bfc8a-c13f-4979-a3e4-8b5412e281e5/current/log_inprogress_0
2019-07-15 13:42:46,385 INFO  segmented.SegmentedRaftLogWorker (SegmentedRaftLogWorker.java:lambda$new$0(132)) - bf20c03f-2aa8-457d-a0d5-81efc30b79cc-SegmentedRaftLogWorker:Storage Directory /workdir/hadoop-ozone/integration-test/target/test-dir/MiniOzoneClusterImpl-c495932b-8957-4ff9-a01d-44ea499fdf4f/datanode-4/data/ratis/912bfc8a-c13f-4979-a3e4-8b5412e281e5: flushIndex: setUnconditionally 0 -> -1
2019-07-15 13:42:46,407 INFO  segmented.SegmentedRaftLogWorker (SegmentedRaftLogWorker.java:execute(569)) - af97e53f-6c11-4342-ae9a-a60f97a0ff45-SegmentedRaftLogWorker:Storage Directory /workdir/hadoop-ozone/integration-test/target/test-dir/MiniOzoneClusterImpl-c495932b-8957-4ff9-a01d-44ea499fdf4f/datanode-5/data/ratis/912bfc8a-c13f-4979-a3e4-8b5412e281e5: created new log segment /workdir/hadoop-ozone/integration-test/target/test-dir/MiniOzoneClusterImpl-c495932b-8957-4ff9-a01d-44ea499fdf4f/datanode-5/data/ratis/912bfc8a-c13f-4979-a3e4-8b5412e281e5/current/log_inprogress_0
2019-07-15 13:42:46,420 INFO  segmented.SegmentedRaftLogWorker (SegmentedRaftLogWorker.java:execute(569)) - bf20c03f-2aa8-457d-a0d5-81efc30b79cc-SegmentedRaftLogWorker:Storage Directory /workdir/hadoop-ozone/integration-test/target/test-dir/MiniOzoneClusterImpl-c495932b-8957-4ff9-a01d-44ea499fdf4f/datanode-4/data/ratis/912bfc8a-c13f-4979-a3e4-8b5412e281e5: created new log segment /workdir/hadoop-ozone/integration-test/target/test-dir/MiniOzoneClusterImpl-c495932b-8957-4ff9-a01d-44ea499fdf4f/datanode-4/data/ratis/912bfc8a-c13f-4979-a3e4-8b5412e281e5/current/log_inprogress_0
2019-07-15 13:42:46,863 INFO  client.GrpcClientProtocolClient (GrpcClientProtocolClient.java:onNext(255)) - client-60BEEDAABD5C->af97e53f-6c11-4342-ae9a-a60f97a0ff45: receive RaftClientReply:client-60BEEDAABD5C->af97e53f-6c11-4342-ae9a-a60f97a0ff45@group-8B5412E281E5, cid=25, FAILED org.apache.ratis.protocol.NotLeaderException: Server af97e53f-6c11-4342-ae9a-a60f97a0ff45 is not the leader (1dc89fb7-c510-4be8-8169-e8f46e2262bf:192.168.157.240:33645). Request must be sent to leader., logIndex=0, commits[af97e53f-6c11-4342-ae9a-a60f97a0ff45:c-1, bf20c03f-2aa8-457d-a0d5-81efc30b79cc:c-1, 1dc89fb7-c510-4be8-8169-e8f46e2262bf:c-1]
2019-07-15 13:42:47,032 INFO  client.GrpcClientProtocolClient (GrpcClientProtocolClient.java:onNext(255)) - client-60BEEDAABD5C->1dc89fb7-c510-4be8-8169-e8f46e2262bf: receive RaftClientReply:client-60BEEDAABD5C->1dc89fb7-c510-4be8-8169-e8f46e2262bf@group-8B5412E281E5, cid=25, SUCCESS, logIndex=1, commits[1dc89fb7-c510-4be8-8169-e8f46e2262bf:c1, af97e53f-6c11-4342-ae9a-a60f97a0ff45:c0, bf20c03f-2aa8-457d-a0d5-81efc30b79cc:c0]
2019-07-15 13:42:47,115 INFO  client.GrpcClientProtocolClient (GrpcClientProtocolClient.java:onNext(255)) - client-60BEEDAABD5C->1dc89fb7-c510-4be8-8169-e8f46e2262bf: receive RaftClientReply:client-60BEEDAABD5C->1dc89fb7-c510-4be8-8169-e8f46e2262bf@group-8B5412E281E5, cid=26, SUCCESS, logIndex=3, commits[1dc89fb7-c510-4be8-8169-e8f46e2262bf:c8, af97e53f-6c11-4342-ae9a-a60f97a0ff45:c5, bf20c03f-2aa8-457d-a0d5-81efc30b79cc:c5]
2019-07-15 13:42:47,116 INFO  client.GrpcClientProtocolClient (GrpcClientProtocolClient.java:onNext(255)) - client-60BEEDAABD5C->1dc89fb7-c510-4be8-8169-e8f46e2262bf: receive RaftClientReply:client-60BEEDAABD5C->1dc89fb7-c510-4be8-8169-e8f46e2262bf@group-8B5412E281E5, cid=27, SUCCESS, logIndex=4, commits[1dc89fb7-c510-4be8-8169-e8f46e2262bf:c8, af97e53f-6c11-4342-ae9a-a60f97a0ff45:c5, bf20c03f-2aa8-457d-a0d5-81efc30b79cc:c5]
2019-07-15 13:42:47,230 INFO  client.GrpcClientProtocolClient (GrpcClientProtocolClient.java:onNext(255)) - client-60BEEDAABD5C->1dc89fb7-c510-4be8-8169-e8f46e2262bf: receive RaftClientReply:client-60BEEDAABD5C->1dc89fb7-c510-4be8-8169-e8f46e2262bf@group-8B5412E281E5, cid=28, SUCCESS, logIndex=5, commits[1dc89fb7-c510-4be8-8169-e8f46e2262bf:c8, af97e53f-6c11-4342-ae9a-a60f97a0ff45:c5, bf20c03f-2aa8-457d-a0d5-81efc30b79cc:c5]
2019-07-15 13:42:47,274 INFO  pipeline.Pipeline (Pipeline.java:getProtobufMessage(195)) - Serialize pipeline PipelineID=912bfc8a-c13f-4979-a3e4-8b5412e281e5 with nodesInOrder{ }
2019-07-15 13:42:47,279 INFO  pipeline.Pipeline (Pipeline.java:build(342)) - Deserialize nodesInOrder [1dc89fb7-c510-4be8-8169-e8f46e2262bf{ip: 192.168.157.240, host: trunk-nightly-hvlc9-701369690, networkLocation: /default-rack, certSerialId: null}, 1dc89fb7-c510-4be8-8169-e8f46e2262bf{ip: 192.168.157.240, host: trunk-nightly-hvlc9-701369690, networkLocation: /default-rack, certSerialId: null}, 1dc89fb7-c510-4be8-8169-e8f46e2262bf{ip: 192.168.157.240, host: trunk-nightly-hvlc9-701369690, networkLocation: /default-rack, certSerialId: null}] in pipeline PipelineID=912bfc8a-c13f-4979-a3e4-8b5412e281e5
]]></system-out>
  </testcase>
  <testcase name="testBlockWritesCloseConsistency" classname="org.apache.hadoop.ozone.client.rpc.TestCloseContainerHandlingByClient" time="2.354">
    <error type="java.lang.IllegalArgumentException">java.lang.IllegalArgumentException
	at com.google.common.base.Preconditions.checkArgument(Preconditions.java:72)
	at org.apache.hadoop.hdds.scm.XceiverClientManager.acquireClient(XceiverClientManager.java:150)
	at org.apache.hadoop.hdds.scm.XceiverClientManager.acquireClientForReadData(XceiverClientManager.java:143)
	at org.apache.hadoop.hdds.scm.storage.BlockInputStream.getChunkInfos(BlockInputStream.java:154)
	at org.apache.hadoop.hdds.scm.storage.BlockInputStream.initialize(BlockInputStream.java:118)
	at org.apache.hadoop.hdds.scm.storage.BlockInputStream.read(BlockInputStream.java:222)
	at org.apache.hadoop.ozone.client.io.KeyInputStream.read(KeyInputStream.java:171)
	at org.apache.hadoop.ozone.client.io.OzoneInputStream.read(OzoneInputStream.java:47)
	at java.io.InputStream.read(InputStream.java:101)
	at org.apache.hadoop.ozone.container.ContainerTestHelper.validateData(ContainerTestHelper.java:709)
	at org.apache.hadoop.ozone.client.rpc.TestCloseContainerHandlingByClient.validateData(TestCloseContainerHandlingByClient.java:401)
	at org.apache.hadoop.ozone.client.rpc.TestCloseContainerHandlingByClient.testBlockWritesCloseConsistency(TestCloseContainerHandlingByClient.java:178)
	at sun.reflect.NativeMethodAccessorImpl.invoke0(Native Method)
	at sun.reflect.NativeMethodAccessorImpl.invoke(NativeMethodAccessorImpl.java:62)
	at sun.reflect.DelegatingMethodAccessorImpl.invoke(DelegatingMethodAccessorImpl.java:43)
	at java.lang.reflect.Method.invoke(Method.java:498)
	at org.junit.runners.model.FrameworkMethod$1.runReflectiveCall(FrameworkMethod.java:47)
	at org.junit.internal.runners.model.ReflectiveCallable.run(ReflectiveCallable.java:12)
	at org.junit.runners.model.FrameworkMethod.invokeExplosively(FrameworkMethod.java:44)
	at org.junit.internal.runners.statements.InvokeMethod.evaluate(InvokeMethod.java:17)
	at org.junit.runners.ParentRunner.runLeaf(ParentRunner.java:271)
	at org.junit.runners.BlockJUnit4ClassRunner.runChild(BlockJUnit4ClassRunner.java:70)
	at org.junit.runners.BlockJUnit4ClassRunner.runChild(BlockJUnit4ClassRunner.java:50)
	at org.junit.runners.ParentRunner$3.run(ParentRunner.java:238)
	at org.junit.runners.ParentRunner$1.schedule(ParentRunner.java:63)
	at org.junit.runners.ParentRunner.runChildren(ParentRunner.java:236)
	at org.junit.runners.ParentRunner.access$000(ParentRunner.java:53)
	at org.junit.runners.ParentRunner$2.evaluate(ParentRunner.java:229)
	at org.junit.internal.runners.statements.RunBefores.evaluate(RunBefores.java:26)
	at org.junit.internal.runners.statements.RunAfters.evaluate(RunAfters.java:27)
	at org.junit.runners.ParentRunner.run(ParentRunner.java:309)
	at org.apache.maven.surefire.junit4.JUnit4Provider.execute(JUnit4Provider.java:365)
	at org.apache.maven.surefire.junit4.JUnit4Provider.executeWithRerun(JUnit4Provider.java:273)
	at org.apache.maven.surefire.junit4.JUnit4Provider.executeTestSet(JUnit4Provider.java:238)
	at org.apache.maven.surefire.junit4.JUnit4Provider.invoke(JUnit4Provider.java:159)
	at org.apache.maven.surefire.booter.ForkedBooter.invokeProviderInSameClassLoader(ForkedBooter.java:384)
	at org.apache.maven.surefire.booter.ForkedBooter.runSuitesInProcess(ForkedBooter.java:345)
	at org.apache.maven.surefire.booter.ForkedBooter.execute(ForkedBooter.java:126)
	at org.apache.maven.surefire.booter.ForkedBooter.main(ForkedBooter.java:418)
</error>
    <system-out><![CDATA[2019-07-15 13:42:47,464 INFO  client.GrpcClientProtocolClient (GrpcClientProtocolClient.java:onNext(255)) - client-60BEEDAABD5C->1dc89fb7-c510-4be8-8169-e8f46e2262bf: receive RaftClientReply:client-60BEEDAABD5C->1dc89fb7-c510-4be8-8169-e8f46e2262bf@group-8B5412E281E5, cid=29, SUCCESS, logIndex=9, commits[1dc89fb7-c510-4be8-8169-e8f46e2262bf:c10, af97e53f-6c11-4342-ae9a-a60f97a0ff45:c8, bf20c03f-2aa8-457d-a0d5-81efc30b79cc:c8]
2019-07-15 13:42:47,527 INFO  client.GrpcClientProtocolClient (GrpcClientProtocolClient.java:onNext(255)) - client-60BEEDAABD5C->1dc89fb7-c510-4be8-8169-e8f46e2262bf: receive RaftClientReply:client-60BEEDAABD5C->1dc89fb7-c510-4be8-8169-e8f46e2262bf@group-8B5412E281E5, cid=30, SUCCESS, logIndex=10, commits[1dc89fb7-c510-4be8-8169-e8f46e2262bf:c12, af97e53f-6c11-4342-ae9a-a60f97a0ff45:c10, bf20c03f-2aa8-457d-a0d5-81efc30b79cc:c10]
2019-07-15 13:42:47,835 INFO  container.CloseContainerEventHandler (CloseContainerEventHandler.java:onMessage(61)) - Close container Event triggered for container : #5
2019-07-15 13:42:47,835 INFO  container.CloseContainerEventHandler (CloseContainerEventHandler.java:onMessage(61)) - Close container Event triggered for container : #5
2019-07-15 13:42:47,835 INFO  container.CloseContainerEventHandler (CloseContainerEventHandler.java:onMessage(61)) - Close container Event triggered for container : #5
2019-07-15 13:42:49,039 INFO  interfaces.Container (KeyValueContainer.java:compactDB(356)) - Container 5 is closed with bcsId 10.
2019-07-15 13:42:49,054 INFO  interfaces.Container (KeyValueContainer.java:compactDB(356)) - Container 5 is closed with bcsId 10.
2019-07-15 13:42:49,067 INFO  interfaces.Container (KeyValueContainer.java:compactDB(356)) - Container 5 is closed with bcsId 10.
13:42:49.340 [grpc-default-executor-0] ERROR DNAudit - user=null | ip=null | op=WRITE_CHUNK {blockData=conID: 5 locID: 102445755094007815 bcsId: 10} | ret=FAILURE
org.apache.hadoop.hdds.scm.container.common.helpers.ContainerNotOpenException: Container 5 in CLOSED state
	at org.apache.hadoop.ozone.container.common.impl.HddsDispatcher.validateContainerCommand(HddsDispatcher.java:408) ~[hadoop-hdds-container-service-0.5.0-SNAPSHOT.jar:?]
	at org.apache.hadoop.ozone.container.common.transport.server.ratis.ContainerStateMachine.startTransaction(ContainerStateMachine.java:272) ~[hadoop-hdds-container-service-0.5.0-SNAPSHOT.jar:?]
	at org.apache.ratis.server.impl.RaftServerImpl.submitClientRequestAsync(RaftServerImpl.java:566) ~[ratis-server-0.4.0-2337318-SNAPSHOT.jar:0.4.0-2337318-SNAPSHOT]
	at org.apache.ratis.server.impl.RaftServerProxy.lambda$submitClientRequestAsync$7(RaftServerProxy.java:333) ~[ratis-server-0.4.0-2337318-SNAPSHOT.jar:0.4.0-2337318-SNAPSHOT]
	at org.apache.ratis.server.impl.RaftServerProxy.lambda$null$5(RaftServerProxy.java:328) ~[ratis-server-0.4.0-2337318-SNAPSHOT.jar:0.4.0-2337318-SNAPSHOT]
	at org.apache.ratis.util.JavaUtils.callAsUnchecked(JavaUtils.java:109) ~[ratis-common-0.4.0-2337318-SNAPSHOT.jar:0.4.0-2337318-SNAPSHOT]
	at org.apache.ratis.server.impl.RaftServerProxy.lambda$submitRequest$6(RaftServerProxy.java:328) ~[ratis-server-0.4.0-2337318-SNAPSHOT.jar:0.4.0-2337318-SNAPSHOT]
	at java.util.concurrent.CompletableFuture.uniComposeStage(CompletableFuture.java:981) ~[?:1.8.0_212]
	at java.util.concurrent.CompletableFuture.thenCompose(CompletableFuture.java:2124) ~[?:1.8.0_212]
	at org.apache.ratis.server.impl.RaftServerProxy.submitRequest(RaftServerProxy.java:327) ~[ratis-server-0.4.0-2337318-SNAPSHOT.jar:0.4.0-2337318-SNAPSHOT]
	at org.apache.ratis.server.impl.RaftServerProxy.submitClientRequestAsync(RaftServerProxy.java:333) ~[ratis-server-0.4.0-2337318-SNAPSHOT.jar:0.4.0-2337318-SNAPSHOT]
	at org.apache.ratis.grpc.client.GrpcClientProtocolService$RequestStreamObserver.processClientRequest(GrpcClientProtocolService.java:220) ~[ratis-grpc-0.4.0-2337318-SNAPSHOT.jar:0.4.0-2337318-SNAPSHOT]
	at org.apache.ratis.grpc.client.GrpcClientProtocolService$OrderedRequestStreamObserver.processClientRequest(GrpcClientProtocolService.java:326) ~[ratis-grpc-0.4.0-2337318-SNAPSHOT.jar:0.4.0-2337318-SNAPSHOT]
	at org.apache.ratis.util.SlidingWindow$Server.processRequestsFromHead(SlidingWindow.java:429) [ratis-common-0.4.0-2337318-SNAPSHOT.jar:0.4.0-2337318-SNAPSHOT]
	at org.apache.ratis.util.SlidingWindow$Server.receivedRequest(SlidingWindow.java:421) [ratis-common-0.4.0-2337318-SNAPSHOT.jar:0.4.0-2337318-SNAPSHOT]
	at org.apache.ratis.grpc.client.GrpcClientProtocolService$OrderedRequestStreamObserver.processClientRequest(GrpcClientProtocolService.java:345) [ratis-grpc-0.4.0-2337318-SNAPSHOT.jar:0.4.0-2337318-SNAPSHOT]
	at org.apache.ratis.grpc.client.GrpcClientProtocolService$RequestStreamObserver.onNext(GrpcClientProtocolService.java:240) [ratis-grpc-0.4.0-2337318-SNAPSHOT.jar:0.4.0-2337318-SNAPSHOT]
	at org.apache.ratis.grpc.client.GrpcClientProtocolService$RequestStreamObserver.onNext(GrpcClientProtocolService.java:168) [ratis-grpc-0.4.0-2337318-SNAPSHOT.jar:0.4.0-2337318-SNAPSHOT]
	at org.apache.ratis.thirdparty.io.grpc.stub.ServerCalls$StreamingServerCallHandler$StreamingServerCallListener.onMessage(ServerCalls.java:248) [ratis-thirdparty-misc-0.2.0.jar:0.2.0]
	at org.apache.ratis.thirdparty.io.grpc.internal.ServerCallImpl$ServerStreamListenerImpl.messagesAvailable(ServerCallImpl.java:263) [ratis-thirdparty-misc-0.2.0.jar:0.2.0]
	at org.apache.ratis.thirdparty.io.grpc.internal.ServerImpl$JumpToApplicationThreadServerStreamListener$1MessagesAvailable.runInContext(ServerImpl.java:686) [ratis-thirdparty-misc-0.2.0.jar:0.2.0]
	at org.apache.ratis.thirdparty.io.grpc.internal.ContextRunnable.run(ContextRunnable.java:37) [ratis-thirdparty-misc-0.2.0.jar:0.2.0]
	at org.apache.ratis.thirdparty.io.grpc.internal.SerializingExecutor.run(SerializingExecutor.java:123) [ratis-thirdparty-misc-0.2.0.jar:0.2.0]
	at java.util.concurrent.ThreadPoolExecutor.runWorker(ThreadPoolExecutor.java:1149) [?:1.8.0_212]
	at java.util.concurrent.ThreadPoolExecutor$Worker.run(ThreadPoolExecutor.java:624) [?:1.8.0_212]
	at java.lang.Thread.run(Thread.java:748) [?:1.8.0_212]
13:42:49.350 [grpc-default-executor-0] ERROR DNAudit - user=null | ip=null | op=PUT_BLOCK {blockData=[blockId=conID: 5 locID: 102445755094007815 bcsId: 0,size=1572864]} | ret=FAILURE
org.apache.hadoop.hdds.scm.container.common.helpers.ContainerNotOpenException: Container 5 in CLOSED state
	at org.apache.hadoop.ozone.container.common.impl.HddsDispatcher.validateContainerCommand(HddsDispatcher.java:408) ~[hadoop-hdds-container-service-0.5.0-SNAPSHOT.jar:?]
	at org.apache.hadoop.ozone.container.common.transport.server.ratis.ContainerStateMachine.startTransaction(ContainerStateMachine.java:272) ~[hadoop-hdds-container-service-0.5.0-SNAPSHOT.jar:?]
	at org.apache.ratis.server.impl.RaftServerImpl.submitClientRequestAsync(RaftServerImpl.java:566) ~[ratis-server-0.4.0-2337318-SNAPSHOT.jar:0.4.0-2337318-SNAPSHOT]
	at org.apache.ratis.server.impl.RaftServerProxy.lambda$submitClientRequestAsync$7(RaftServerProxy.java:333) ~[ratis-server-0.4.0-2337318-SNAPSHOT.jar:0.4.0-2337318-SNAPSHOT]
	at org.apache.ratis.server.impl.RaftServerProxy.lambda$null$5(RaftServerProxy.java:328) ~[ratis-server-0.4.0-2337318-SNAPSHOT.jar:0.4.0-2337318-SNAPSHOT]
	at org.apache.ratis.util.JavaUtils.callAsUnchecked(JavaUtils.java:109) ~[ratis-common-0.4.0-2337318-SNAPSHOT.jar:0.4.0-2337318-SNAPSHOT]
	at org.apache.ratis.server.impl.RaftServerProxy.lambda$submitRequest$6(RaftServerProxy.java:328) ~[ratis-server-0.4.0-2337318-SNAPSHOT.jar:0.4.0-2337318-SNAPSHOT]
	at java.util.concurrent.CompletableFuture.uniComposeStage(CompletableFuture.java:981) ~[?:1.8.0_212]
	at java.util.concurrent.CompletableFuture.thenCompose(CompletableFuture.java:2124) ~[?:1.8.0_212]
	at org.apache.ratis.server.impl.RaftServerProxy.submitRequest(RaftServerProxy.java:327) ~[ratis-server-0.4.0-2337318-SNAPSHOT.jar:0.4.0-2337318-SNAPSHOT]
	at org.apache.ratis.server.impl.RaftServerProxy.submitClientRequestAsync(RaftServerProxy.java:333) ~[ratis-server-0.4.0-2337318-SNAPSHOT.jar:0.4.0-2337318-SNAPSHOT]
	at org.apache.ratis.grpc.client.GrpcClientProtocolService$RequestStreamObserver.processClientRequest(GrpcClientProtocolService.java:220) ~[ratis-grpc-0.4.0-2337318-SNAPSHOT.jar:0.4.0-2337318-SNAPSHOT]
	at org.apache.ratis.grpc.client.GrpcClientProtocolService$OrderedRequestStreamObserver.processClientRequest(GrpcClientProtocolService.java:326) ~[ratis-grpc-0.4.0-2337318-SNAPSHOT.jar:0.4.0-2337318-SNAPSHOT]
	at org.apache.ratis.util.SlidingWindow$Server.processRequestsFromHead(SlidingWindow.java:429) [ratis-common-0.4.0-2337318-SNAPSHOT.jar:0.4.0-2337318-SNAPSHOT]
	at org.apache.ratis.util.SlidingWindow$Server.receivedRequest(SlidingWindow.java:421) [ratis-common-0.4.0-2337318-SNAPSHOT.jar:0.4.0-2337318-SNAPSHOT]
	at org.apache.ratis.grpc.client.GrpcClientProtocolService$OrderedRequestStreamObserver.processClientRequest(GrpcClientProtocolService.java:345) [ratis-grpc-0.4.0-2337318-SNAPSHOT.jar:0.4.0-2337318-SNAPSHOT]
	at org.apache.ratis.grpc.client.GrpcClientProtocolService$RequestStreamObserver.onNext(GrpcClientProtocolService.java:240) [ratis-grpc-0.4.0-2337318-SNAPSHOT.jar:0.4.0-2337318-SNAPSHOT]
	at org.apache.ratis.grpc.client.GrpcClientProtocolService$RequestStreamObserver.onNext(GrpcClientProtocolService.java:168) [ratis-grpc-0.4.0-2337318-SNAPSHOT.jar:0.4.0-2337318-SNAPSHOT]
	at org.apache.ratis.thirdparty.io.grpc.stub.ServerCalls$StreamingServerCallHandler$StreamingServerCallListener.onMessage(ServerCalls.java:248) [ratis-thirdparty-misc-0.2.0.jar:0.2.0]
	at org.apache.ratis.thirdparty.io.grpc.internal.ServerCallImpl$ServerStreamListenerImpl.messagesAvailable(ServerCallImpl.java:263) [ratis-thirdparty-misc-0.2.0.jar:0.2.0]
	at org.apache.ratis.thirdparty.io.grpc.internal.ServerImpl$JumpToApplicationThreadServerStreamListener$1MessagesAvailable.runInContext(ServerImpl.java:686) [ratis-thirdparty-misc-0.2.0.jar:0.2.0]
	at org.apache.ratis.thirdparty.io.grpc.internal.ContextRunnable.run(ContextRunnable.java:37) [ratis-thirdparty-misc-0.2.0.jar:0.2.0]
	at org.apache.ratis.thirdparty.io.grpc.internal.SerializingExecutor.run(SerializingExecutor.java:123) [ratis-thirdparty-misc-0.2.0.jar:0.2.0]
	at java.util.concurrent.ThreadPoolExecutor.runWorker(ThreadPoolExecutor.java:1149) [?:1.8.0_212]
	at java.util.concurrent.ThreadPoolExecutor$Worker.run(ThreadPoolExecutor.java:624) [?:1.8.0_212]
	at java.lang.Thread.run(Thread.java:748) [?:1.8.0_212]
2019-07-15 13:42:49,361 INFO  client.GrpcClientProtocolClient (GrpcClientProtocolClient.java:onNext(255)) - client-60BEEDAABD5C->1dc89fb7-c510-4be8-8169-e8f46e2262bf: receive RaftClientReply:client-60BEEDAABD5C->1dc89fb7-c510-4be8-8169-e8f46e2262bf@group-8B5412E281E5, cid=31, FAILED org.apache.ratis.protocol.StateMachineException: org.apache.hadoop.hdds.scm.container.common.helpers.ContainerNotOpenException from Server 1dc89fb7-c510-4be8-8169-e8f46e2262bf: Container 5 in CLOSED state, logIndex=0, commits[1dc89fb7-c510-4be8-8169-e8f46e2262bf:c14, af97e53f-6c11-4342-ae9a-a60f97a0ff45:c13, bf20c03f-2aa8-457d-a0d5-81efc30b79cc:c13]
2019-07-15 13:42:49,365 INFO  client.GrpcClientProtocolClient (GrpcClientProtocolClient.java:onNext(255)) - client-60BEEDAABD5C->1dc89fb7-c510-4be8-8169-e8f46e2262bf: receive RaftClientReply:client-60BEEDAABD5C->1dc89fb7-c510-4be8-8169-e8f46e2262bf@group-8B5412E281E5, cid=32, FAILED org.apache.ratis.protocol.StateMachineException: org.apache.hadoop.hdds.scm.container.common.helpers.ContainerNotOpenException from Server 1dc89fb7-c510-4be8-8169-e8f46e2262bf: Container 5 in CLOSED state, logIndex=0, commits[1dc89fb7-c510-4be8-8169-e8f46e2262bf:c14, af97e53f-6c11-4342-ae9a-a60f97a0ff45:c13, bf20c03f-2aa8-457d-a0d5-81efc30b79cc:c13]
2019-07-15 13:42:49,529 INFO  client.GrpcClientProtocolClient (GrpcClientProtocolClient.java:onNext(255)) - client-60BEEDAABD5C->1dc89fb7-c510-4be8-8169-e8f46e2262bf: receive RaftClientReply:client-60BEEDAABD5C->1dc89fb7-c510-4be8-8169-e8f46e2262bf@group-8B5412E281E5, cid=33, SUCCESS, logIndex=15, commits[1dc89fb7-c510-4be8-8169-e8f46e2262bf:c16, af97e53f-6c11-4342-ae9a-a60f97a0ff45:c14, bf20c03f-2aa8-457d-a0d5-81efc30b79cc:c14]
2019-07-15 13:42:49,606 INFO  client.GrpcClientProtocolClient (GrpcClientProtocolClient.java:onNext(255)) - client-60BEEDAABD5C->1dc89fb7-c510-4be8-8169-e8f46e2262bf: receive RaftClientReply:client-60BEEDAABD5C->1dc89fb7-c510-4be8-8169-e8f46e2262bf@group-8B5412E281E5, cid=34, SUCCESS, logIndex=16, commits[1dc89fb7-c510-4be8-8169-e8f46e2262bf:c18, af97e53f-6c11-4342-ae9a-a60f97a0ff45:c16, bf20c03f-2aa8-457d-a0d5-81efc30b79cc:c16]
2019-07-15 13:42:49,633 INFO  pipeline.Pipeline (Pipeline.java:getProtobufMessage(195)) - Serialize pipeline PipelineID=912bfc8a-c13f-4979-a3e4-8b5412e281e5 with nodesInOrder{ }
2019-07-15 13:42:49,634 INFO  pipeline.Pipeline (Pipeline.java:build(342)) - Deserialize nodesInOrder [1dc89fb7-c510-4be8-8169-e8f46e2262bf{ip: 192.168.157.240, host: trunk-nightly-hvlc9-701369690, networkLocation: /default-rack, certSerialId: null}, 1dc89fb7-c510-4be8-8169-e8f46e2262bf{ip: 192.168.157.240, host: trunk-nightly-hvlc9-701369690, networkLocation: /default-rack, certSerialId: null}, 1dc89fb7-c510-4be8-8169-e8f46e2262bf{ip: 192.168.157.240, host: trunk-nightly-hvlc9-701369690, networkLocation: /default-rack, certSerialId: null}] in pipeline PipelineID=912bfc8a-c13f-4979-a3e4-8b5412e281e5
]]></system-out>
  </testcase>
  <testcase name="testMultiBlockWrites" classname="org.apache.hadoop.ozone.client.rpc.TestCloseContainerHandlingByClient" time="3.593"/>
  <testcase name="testBlockWrites" classname="org.apache.hadoop.ozone.client.rpc.TestCloseContainerHandlingByClient" time="2.949">
    <error type="java.lang.IllegalArgumentException">java.lang.IllegalArgumentException
	at com.google.common.base.Preconditions.checkArgument(Preconditions.java:72)
	at org.apache.hadoop.hdds.scm.XceiverClientManager.acquireClient(XceiverClientManager.java:150)
	at org.apache.hadoop.hdds.scm.XceiverClientManager.acquireClientForReadData(XceiverClientManager.java:143)
	at org.apache.hadoop.hdds.scm.storage.BlockInputStream.getChunkInfos(BlockInputStream.java:154)
	at org.apache.hadoop.hdds.scm.storage.BlockInputStream.initialize(BlockInputStream.java:118)
	at org.apache.hadoop.hdds.scm.storage.BlockInputStream.read(BlockInputStream.java:222)
	at org.apache.hadoop.ozone.client.io.KeyInputStream.read(KeyInputStream.java:171)
	at org.apache.hadoop.ozone.client.io.OzoneInputStream.read(OzoneInputStream.java:47)
	at java.io.InputStream.read(InputStream.java:101)
	at org.apache.hadoop.ozone.container.ContainerTestHelper.validateData(ContainerTestHelper.java:709)
	at org.apache.hadoop.ozone.client.rpc.TestCloseContainerHandlingByClient.validateData(TestCloseContainerHandlingByClient.java:401)
	at org.apache.hadoop.ozone.client.rpc.TestCloseContainerHandlingByClient.testBlockWrites(TestCloseContainerHandlingByClient.java:471)
	at sun.reflect.NativeMethodAccessorImpl.invoke0(Native Method)
	at sun.reflect.NativeMethodAccessorImpl.invoke(NativeMethodAccessorImpl.java:62)
	at sun.reflect.DelegatingMethodAccessorImpl.invoke(DelegatingMethodAccessorImpl.java:43)
	at java.lang.reflect.Method.invoke(Method.java:498)
	at org.junit.runners.model.FrameworkMethod$1.runReflectiveCall(FrameworkMethod.java:47)
	at org.junit.internal.runners.model.ReflectiveCallable.run(ReflectiveCallable.java:12)
	at org.junit.runners.model.FrameworkMethod.invokeExplosively(FrameworkMethod.java:44)
	at org.junit.internal.runners.statements.InvokeMethod.evaluate(InvokeMethod.java:17)
	at org.junit.runners.ParentRunner.runLeaf(ParentRunner.java:271)
	at org.junit.runners.BlockJUnit4ClassRunner.runChild(BlockJUnit4ClassRunner.java:70)
	at org.junit.runners.BlockJUnit4ClassRunner.runChild(BlockJUnit4ClassRunner.java:50)
	at org.junit.runners.ParentRunner$3.run(ParentRunner.java:238)
	at org.junit.runners.ParentRunner$1.schedule(ParentRunner.java:63)
	at org.junit.runners.ParentRunner.runChildren(ParentRunner.java:236)
	at org.junit.runners.ParentRunner.access$000(ParentRunner.java:53)
	at org.junit.runners.ParentRunner$2.evaluate(ParentRunner.java:229)
	at org.junit.internal.runners.statements.RunBefores.evaluate(RunBefores.java:26)
	at org.junit.internal.runners.statements.RunAfters.evaluate(RunAfters.java:27)
	at org.junit.runners.ParentRunner.run(ParentRunner.java:309)
	at org.apache.maven.surefire.junit4.JUnit4Provider.execute(JUnit4Provider.java:365)
	at org.apache.maven.surefire.junit4.JUnit4Provider.executeWithRerun(JUnit4Provider.java:273)
	at org.apache.maven.surefire.junit4.JUnit4Provider.executeTestSet(JUnit4Provider.java:238)
	at org.apache.maven.surefire.junit4.JUnit4Provider.invoke(JUnit4Provider.java:159)
	at org.apache.maven.surefire.booter.ForkedBooter.invokeProviderInSameClassLoader(ForkedBooter.java:384)
	at org.apache.maven.surefire.booter.ForkedBooter.runSuitesInProcess(ForkedBooter.java:345)
	at org.apache.maven.surefire.booter.ForkedBooter.execute(ForkedBooter.java:126)
	at org.apache.maven.surefire.booter.ForkedBooter.main(ForkedBooter.java:418)
</error>
    <system-out><![CDATA[2019-07-15 13:42:53,405 INFO  client.GrpcClientProtocolClient (GrpcClientProtocolClient.java:onNext(255)) - client-FE9953862CA1->2bd76219-3cc0-41a7-bf32-ae7e1f1aa20f: receive RaftClientReply:client-FE9953862CA1->2bd76219-3cc0-41a7-bf32-ae7e1f1aa20f@group-CC5C0B7B5369, cid=72, SUCCESS, logIndex=36, commits[2bd76219-3cc0-41a7-bf32-ae7e1f1aa20f:c39, 4246fd4b-cf21-443d-99bb-c2412d83fae8:c35, 0f69f74f-2127-43c1-8e92-277219ce5a69:c35]
2019-07-15 13:42:53,463 INFO  client.GrpcClientProtocolClient (GrpcClientProtocolClient.java:onNext(255)) - client-FE9953862CA1->2bd76219-3cc0-41a7-bf32-ae7e1f1aa20f: receive RaftClientReply:client-FE9953862CA1->2bd76219-3cc0-41a7-bf32-ae7e1f1aa20f@group-CC5C0B7B5369, cid=73, SUCCESS, logIndex=37, commits[2bd76219-3cc0-41a7-bf32-ae7e1f1aa20f:c43, 4246fd4b-cf21-443d-99bb-c2412d83fae8:c39, 0f69f74f-2127-43c1-8e92-277219ce5a69:c39]
2019-07-15 13:42:53,464 INFO  client.GrpcClientProtocolClient (GrpcClientProtocolClient.java:onNext(255)) - client-FE9953862CA1->2bd76219-3cc0-41a7-bf32-ae7e1f1aa20f: receive RaftClientReply:client-FE9953862CA1->2bd76219-3cc0-41a7-bf32-ae7e1f1aa20f@group-CC5C0B7B5369, cid=74, SUCCESS, logIndex=38, commits[2bd76219-3cc0-41a7-bf32-ae7e1f1aa20f:c43, 4246fd4b-cf21-443d-99bb-c2412d83fae8:c39, 0f69f74f-2127-43c1-8e92-277219ce5a69:c39]
2019-07-15 13:42:53,562 INFO  client.GrpcClientProtocolClient (GrpcClientProtocolClient.java:onNext(255)) - client-FE9953862CA1->2bd76219-3cc0-41a7-bf32-ae7e1f1aa20f: receive RaftClientReply:client-FE9953862CA1->2bd76219-3cc0-41a7-bf32-ae7e1f1aa20f@group-CC5C0B7B5369, cid=75, SUCCESS, logIndex=39, commits[2bd76219-3cc0-41a7-bf32-ae7e1f1aa20f:c43, 4246fd4b-cf21-443d-99bb-c2412d83fae8:c39, 0f69f74f-2127-43c1-8e92-277219ce5a69:c39]
2019-07-15 13:42:53,563 INFO  container.CloseContainerEventHandler (CloseContainerEventHandler.java:onMessage(61)) - Close container Event triggered for container : #10
2019-07-15 13:42:53,564 INFO  container.CloseContainerEventHandler (CloseContainerEventHandler.java:onMessage(61)) - Close container Event triggered for container : #10
2019-07-15 13:42:53,564 INFO  container.CloseContainerEventHandler (CloseContainerEventHandler.java:onMessage(61)) - Close container Event triggered for container : #10
2019-07-15 13:42:55,451 INFO  interfaces.Container (KeyValueContainer.java:compactDB(356)) - Container 10 is closed with bcsId 39.
2019-07-15 13:42:55,455 INFO  interfaces.Container (KeyValueContainer.java:compactDB(356)) - Container 10 is closed with bcsId 39.
2019-07-15 13:42:55,468 INFO  interfaces.Container (KeyValueContainer.java:compactDB(356)) - Container 10 is closed with bcsId 39.
13:42:55.621 [grpc-default-executor-2] ERROR DNAudit - user=null | ip=null | op=WRITE_CHUNK {blockData=conID: 10 locID: 102445755483553807 bcsId: 39} | ret=FAILURE
org.apache.hadoop.hdds.scm.container.common.helpers.ContainerNotOpenException: Container 10 in CLOSED state
	at org.apache.hadoop.ozone.container.common.impl.HddsDispatcher.validateContainerCommand(HddsDispatcher.java:408) ~[hadoop-hdds-container-service-0.5.0-SNAPSHOT.jar:?]
	at org.apache.hadoop.ozone.container.common.transport.server.ratis.ContainerStateMachine.startTransaction(ContainerStateMachine.java:272) ~[hadoop-hdds-container-service-0.5.0-SNAPSHOT.jar:?]
	at org.apache.ratis.server.impl.RaftServerImpl.submitClientRequestAsync(RaftServerImpl.java:566) ~[ratis-server-0.4.0-2337318-SNAPSHOT.jar:0.4.0-2337318-SNAPSHOT]
	at org.apache.ratis.server.impl.RaftServerProxy.lambda$submitClientRequestAsync$7(RaftServerProxy.java:333) ~[ratis-server-0.4.0-2337318-SNAPSHOT.jar:0.4.0-2337318-SNAPSHOT]
	at org.apache.ratis.server.impl.RaftServerProxy.lambda$null$5(RaftServerProxy.java:328) ~[ratis-server-0.4.0-2337318-SNAPSHOT.jar:0.4.0-2337318-SNAPSHOT]
	at org.apache.ratis.util.JavaUtils.callAsUnchecked(JavaUtils.java:109) ~[ratis-common-0.4.0-2337318-SNAPSHOT.jar:0.4.0-2337318-SNAPSHOT]
	at org.apache.ratis.server.impl.RaftServerProxy.lambda$submitRequest$6(RaftServerProxy.java:328) ~[ratis-server-0.4.0-2337318-SNAPSHOT.jar:0.4.0-2337318-SNAPSHOT]
	at java.util.concurrent.CompletableFuture.uniComposeStage(CompletableFuture.java:981) ~[?:1.8.0_212]
	at java.util.concurrent.CompletableFuture.thenCompose(CompletableFuture.java:2124) ~[?:1.8.0_212]
	at org.apache.ratis.server.impl.RaftServerProxy.submitRequest(RaftServerProxy.java:327) ~[ratis-server-0.4.0-2337318-SNAPSHOT.jar:0.4.0-2337318-SNAPSHOT]
	at org.apache.ratis.server.impl.RaftServerProxy.submitClientRequestAsync(RaftServerProxy.java:333) ~[ratis-server-0.4.0-2337318-SNAPSHOT.jar:0.4.0-2337318-SNAPSHOT]
	at org.apache.ratis.grpc.client.GrpcClientProtocolService$RequestStreamObserver.processClientRequest(GrpcClientProtocolService.java:220) ~[ratis-grpc-0.4.0-2337318-SNAPSHOT.jar:0.4.0-2337318-SNAPSHOT]
	at org.apache.ratis.grpc.client.GrpcClientProtocolService$OrderedRequestStreamObserver.processClientRequest(GrpcClientProtocolService.java:326) ~[ratis-grpc-0.4.0-2337318-SNAPSHOT.jar:0.4.0-2337318-SNAPSHOT]
	at org.apache.ratis.util.SlidingWindow$Server.processRequestsFromHead(SlidingWindow.java:429) [ratis-common-0.4.0-2337318-SNAPSHOT.jar:0.4.0-2337318-SNAPSHOT]
	at org.apache.ratis.util.SlidingWindow$Server.receivedRequest(SlidingWindow.java:421) [ratis-common-0.4.0-2337318-SNAPSHOT.jar:0.4.0-2337318-SNAPSHOT]
	at org.apache.ratis.grpc.client.GrpcClientProtocolService$OrderedRequestStreamObserver.processClientRequest(GrpcClientProtocolService.java:345) [ratis-grpc-0.4.0-2337318-SNAPSHOT.jar:0.4.0-2337318-SNAPSHOT]
	at org.apache.ratis.grpc.client.GrpcClientProtocolService$RequestStreamObserver.onNext(GrpcClientProtocolService.java:240) [ratis-grpc-0.4.0-2337318-SNAPSHOT.jar:0.4.0-2337318-SNAPSHOT]
	at org.apache.ratis.grpc.client.GrpcClientProtocolService$RequestStreamObserver.onNext(GrpcClientProtocolService.java:168) [ratis-grpc-0.4.0-2337318-SNAPSHOT.jar:0.4.0-2337318-SNAPSHOT]
	at org.apache.ratis.thirdparty.io.grpc.stub.ServerCalls$StreamingServerCallHandler$StreamingServerCallListener.onMessage(ServerCalls.java:248) [ratis-thirdparty-misc-0.2.0.jar:0.2.0]
	at org.apache.ratis.thirdparty.io.grpc.internal.ServerCallImpl$ServerStreamListenerImpl.messagesAvailable(ServerCallImpl.java:263) [ratis-thirdparty-misc-0.2.0.jar:0.2.0]
	at org.apache.ratis.thirdparty.io.grpc.internal.ServerImpl$JumpToApplicationThreadServerStreamListener$1MessagesAvailable.runInContext(ServerImpl.java:686) [ratis-thirdparty-misc-0.2.0.jar:0.2.0]
	at org.apache.ratis.thirdparty.io.grpc.internal.ContextRunnable.run(ContextRunnable.java:37) [ratis-thirdparty-misc-0.2.0.jar:0.2.0]
	at org.apache.ratis.thirdparty.io.grpc.internal.SerializingExecutor.run(SerializingExecutor.java:123) [ratis-thirdparty-misc-0.2.0.jar:0.2.0]
	at java.util.concurrent.ThreadPoolExecutor.runWorker(ThreadPoolExecutor.java:1149) [?:1.8.0_212]
	at java.util.concurrent.ThreadPoolExecutor$Worker.run(ThreadPoolExecutor.java:624) [?:1.8.0_212]
	at java.lang.Thread.run(Thread.java:748) [?:1.8.0_212]
13:42:55.630 [grpc-default-executor-2] ERROR DNAudit - user=null | ip=null | op=PUT_BLOCK {blockData=[blockId=conID: 10 locID: 102445755483553807 bcsId: 0,size=3145728]} | ret=FAILURE
org.apache.hadoop.hdds.scm.container.common.helpers.ContainerNotOpenException: Container 10 in CLOSED state
	at org.apache.hadoop.ozone.container.common.impl.HddsDispatcher.validateContainerCommand(HddsDispatcher.java:408) ~[hadoop-hdds-container-service-0.5.0-SNAPSHOT.jar:?]
	at org.apache.hadoop.ozone.container.common.transport.server.ratis.ContainerStateMachine.startTransaction(ContainerStateMachine.java:272) ~[hadoop-hdds-container-service-0.5.0-SNAPSHOT.jar:?]
	at org.apache.ratis.server.impl.RaftServerImpl.submitClientRequestAsync(RaftServerImpl.java:566) ~[ratis-server-0.4.0-2337318-SNAPSHOT.jar:0.4.0-2337318-SNAPSHOT]
	at org.apache.ratis.server.impl.RaftServerProxy.lambda$submitClientRequestAsync$7(RaftServerProxy.java:333) ~[ratis-server-0.4.0-2337318-SNAPSHOT.jar:0.4.0-2337318-SNAPSHOT]
	at org.apache.ratis.server.impl.RaftServerProxy.lambda$null$5(RaftServerProxy.java:328) ~[ratis-server-0.4.0-2337318-SNAPSHOT.jar:0.4.0-2337318-SNAPSHOT]
	at org.apache.ratis.util.JavaUtils.callAsUnchecked(JavaUtils.java:109) ~[ratis-common-0.4.0-2337318-SNAPSHOT.jar:0.4.0-2337318-SNAPSHOT]
	at org.apache.ratis.server.impl.RaftServerProxy.lambda$submitRequest$6(RaftServerProxy.java:328) ~[ratis-server-0.4.0-2337318-SNAPSHOT.jar:0.4.0-2337318-SNAPSHOT]
	at java.util.concurrent.CompletableFuture.uniComposeStage(CompletableFuture.java:981) ~[?:1.8.0_212]
	at java.util.concurrent.CompletableFuture.thenCompose(CompletableFuture.java:2124) ~[?:1.8.0_212]
	at org.apache.ratis.server.impl.RaftServerProxy.submitRequest(RaftServerProxy.java:327) ~[ratis-server-0.4.0-2337318-SNAPSHOT.jar:0.4.0-2337318-SNAPSHOT]
	at org.apache.ratis.server.impl.RaftServerProxy.submitClientRequestAsync(RaftServerProxy.java:333) ~[ratis-server-0.4.0-2337318-SNAPSHOT.jar:0.4.0-2337318-SNAPSHOT]
	at org.apache.ratis.grpc.client.GrpcClientProtocolService$RequestStreamObserver.processClientRequest(GrpcClientProtocolService.java:220) ~[ratis-grpc-0.4.0-2337318-SNAPSHOT.jar:0.4.0-2337318-SNAPSHOT]
	at org.apache.ratis.grpc.client.GrpcClientProtocolService$OrderedRequestStreamObserver.processClientRequest(GrpcClientProtocolService.java:326) ~[ratis-grpc-0.4.0-2337318-SNAPSHOT.jar:0.4.0-2337318-SNAPSHOT]
	at org.apache.ratis.util.SlidingWindow$Server.processRequestsFromHead(SlidingWindow.java:429) [ratis-common-0.4.0-2337318-SNAPSHOT.jar:0.4.0-2337318-SNAPSHOT]
	at org.apache.ratis.util.SlidingWindow$Server.receivedRequest(SlidingWindow.java:421) [ratis-common-0.4.0-2337318-SNAPSHOT.jar:0.4.0-2337318-SNAPSHOT]
	at org.apache.ratis.grpc.client.GrpcClientProtocolService$OrderedRequestStreamObserver.processClientRequest(GrpcClientProtocolService.java:345) [ratis-grpc-0.4.0-2337318-SNAPSHOT.jar:0.4.0-2337318-SNAPSHOT]
	at org.apache.ratis.grpc.client.GrpcClientProtocolService$RequestStreamObserver.onNext(GrpcClientProtocolService.java:240) [ratis-grpc-0.4.0-2337318-SNAPSHOT.jar:0.4.0-2337318-SNAPSHOT]
	at org.apache.ratis.grpc.client.GrpcClientProtocolService$RequestStreamObserver.onNext(GrpcClientProtocolService.java:168) [ratis-grpc-0.4.0-2337318-SNAPSHOT.jar:0.4.0-2337318-SNAPSHOT]
	at org.apache.ratis.thirdparty.io.grpc.stub.ServerCalls$StreamingServerCallHandler$StreamingServerCallListener.onMessage(ServerCalls.java:248) [ratis-thirdparty-misc-0.2.0.jar:0.2.0]
	at org.apache.ratis.thirdparty.io.grpc.internal.ServerCallImpl$ServerStreamListenerImpl.messagesAvailable(ServerCallImpl.java:263) [ratis-thirdparty-misc-0.2.0.jar:0.2.0]
	at org.apache.ratis.thirdparty.io.grpc.internal.ServerImpl$JumpToApplicationThreadServerStreamListener$1MessagesAvailable.runInContext(ServerImpl.java:686) [ratis-thirdparty-misc-0.2.0.jar:0.2.0]
	at org.apache.ratis.thirdparty.io.grpc.internal.ContextRunnable.run(ContextRunnable.java:37) [ratis-thirdparty-misc-0.2.0.jar:0.2.0]
	at org.apache.ratis.thirdparty.io.grpc.internal.SerializingExecutor.run(SerializingExecutor.java:123) [ratis-thirdparty-misc-0.2.0.jar:0.2.0]
	at java.util.concurrent.ThreadPoolExecutor.runWorker(ThreadPoolExecutor.java:1149) [?:1.8.0_212]
	at java.util.concurrent.ThreadPoolExecutor$Worker.run(ThreadPoolExecutor.java:624) [?:1.8.0_212]
	at java.lang.Thread.run(Thread.java:748) [?:1.8.0_212]
2019-07-15 13:42:55,631 INFO  client.GrpcClientProtocolClient (GrpcClientProtocolClient.java:onNext(255)) - client-FE9953862CA1->2bd76219-3cc0-41a7-bf32-ae7e1f1aa20f: receive RaftClientReply:client-FE9953862CA1->2bd76219-3cc0-41a7-bf32-ae7e1f1aa20f@group-CC5C0B7B5369, cid=76, FAILED org.apache.ratis.protocol.StateMachineException: org.apache.hadoop.hdds.scm.container.common.helpers.ContainerNotOpenException from Server 2bd76219-3cc0-41a7-bf32-ae7e1f1aa20f: Container 10 in CLOSED state, logIndex=0, commits[2bd76219-3cc0-41a7-bf32-ae7e1f1aa20f:c45, 4246fd4b-cf21-443d-99bb-c2412d83fae8:c44, 0f69f74f-2127-43c1-8e92-277219ce5a69:c44]
13:42:55.637 [grpc-default-executor-2] ERROR DNAudit - user=null | ip=null | op=WRITE_CHUNK {blockData=conID: 10 locID: 102445755483553807 bcsId: 39} | ret=FAILURE
org.apache.hadoop.hdds.scm.container.common.helpers.ContainerNotOpenException: Container 10 in CLOSED state
	at org.apache.hadoop.ozone.container.common.impl.HddsDispatcher.validateContainerCommand(HddsDispatcher.java:408) ~[hadoop-hdds-container-service-0.5.0-SNAPSHOT.jar:?]
	at org.apache.hadoop.ozone.container.common.transport.server.ratis.ContainerStateMachine.startTransaction(ContainerStateMachine.java:272) ~[hadoop-hdds-container-service-0.5.0-SNAPSHOT.jar:?]
	at org.apache.ratis.server.impl.RaftServerImpl.submitClientRequestAsync(RaftServerImpl.java:566) ~[ratis-server-0.4.0-2337318-SNAPSHOT.jar:0.4.0-2337318-SNAPSHOT]
	at org.apache.ratis.server.impl.RaftServerProxy.lambda$submitClientRequestAsync$7(RaftServerProxy.java:333) ~[ratis-server-0.4.0-2337318-SNAPSHOT.jar:0.4.0-2337318-SNAPSHOT]
	at org.apache.ratis.server.impl.RaftServerProxy.lambda$null$5(RaftServerProxy.java:328) ~[ratis-server-0.4.0-2337318-SNAPSHOT.jar:0.4.0-2337318-SNAPSHOT]
	at org.apache.ratis.util.JavaUtils.callAsUnchecked(JavaUtils.java:109) ~[ratis-common-0.4.0-2337318-SNAPSHOT.jar:0.4.0-2337318-SNAPSHOT]
	at org.apache.ratis.server.impl.RaftServerProxy.lambda$submitRequest$6(RaftServerProxy.java:328) ~[ratis-server-0.4.0-2337318-SNAPSHOT.jar:0.4.0-2337318-SNAPSHOT]
	at java.util.concurrent.CompletableFuture.uniComposeStage(CompletableFuture.java:981) ~[?:1.8.0_212]
	at java.util.concurrent.CompletableFuture.thenCompose(CompletableFuture.java:2124) ~[?:1.8.0_212]
	at org.apache.ratis.server.impl.RaftServerProxy.submitRequest(RaftServerProxy.java:327) ~[ratis-server-0.4.0-2337318-SNAPSHOT.jar:0.4.0-2337318-SNAPSHOT]
	at org.apache.ratis.server.impl.RaftServerProxy.submitClientRequestAsync(RaftServerProxy.java:333) ~[ratis-server-0.4.0-2337318-SNAPSHOT.jar:0.4.0-2337318-SNAPSHOT]
	at org.apache.ratis.grpc.client.GrpcClientProtocolService$RequestStreamObserver.processClientRequest(GrpcClientProtocolService.java:220) ~[ratis-grpc-0.4.0-2337318-SNAPSHOT.jar:0.4.0-2337318-SNAPSHOT]
	at org.apache.ratis.grpc.client.GrpcClientProtocolService$OrderedRequestStreamObserver.processClientRequest(GrpcClientProtocolService.java:326) ~[ratis-grpc-0.4.0-2337318-SNAPSHOT.jar:0.4.0-2337318-SNAPSHOT]
	at org.apache.ratis.util.SlidingWindow$Server.processRequestsFromHead(SlidingWindow.java:429) [ratis-common-0.4.0-2337318-SNAPSHOT.jar:0.4.0-2337318-SNAPSHOT]
	at org.apache.ratis.util.SlidingWindow$Server.receivedRequest(SlidingWindow.java:421) [ratis-common-0.4.0-2337318-SNAPSHOT.jar:0.4.0-2337318-SNAPSHOT]
	at org.apache.ratis.grpc.client.GrpcClientProtocolService$OrderedRequestStreamObserver.processClientRequest(GrpcClientProtocolService.java:345) [ratis-grpc-0.4.0-2337318-SNAPSHOT.jar:0.4.0-2337318-SNAPSHOT]
	at org.apache.ratis.grpc.client.GrpcClientProtocolService$RequestStreamObserver.onNext(GrpcClientProtocolService.java:240) [ratis-grpc-0.4.0-2337318-SNAPSHOT.jar:0.4.0-2337318-SNAPSHOT]
	at org.apache.ratis.grpc.client.GrpcClientProtocolService$RequestStreamObserver.onNext(GrpcClientProtocolService.java:168) [ratis-grpc-0.4.0-2337318-SNAPSHOT.jar:0.4.0-2337318-SNAPSHOT]
	at org.apache.ratis.thirdparty.io.grpc.stub.ServerCalls$StreamingServerCallHandler$StreamingServerCallListener.onMessage(ServerCalls.java:248) [ratis-thirdparty-misc-0.2.0.jar:0.2.0]
	at org.apache.ratis.thirdparty.io.grpc.internal.ServerCallImpl$ServerStreamListenerImpl.messagesAvailable(ServerCallImpl.java:263) [ratis-thirdparty-misc-0.2.0.jar:0.2.0]
	at org.apache.ratis.thirdparty.io.grpc.internal.ServerImpl$JumpToApplicationThreadServerStreamListener$1MessagesAvailable.runInContext(ServerImpl.java:686) [ratis-thirdparty-misc-0.2.0.jar:0.2.0]
	at org.apache.ratis.thirdparty.io.grpc.internal.ContextRunnable.run(ContextRunnable.java:37) [ratis-thirdparty-misc-0.2.0.jar:0.2.0]
	at org.apache.ratis.thirdparty.io.grpc.internal.SerializingExecutor.run(SerializingExecutor.java:123) [ratis-thirdparty-misc-0.2.0.jar:0.2.0]
	at java.util.concurrent.ThreadPoolExecutor.runWorker(ThreadPoolExecutor.java:1149) [?:1.8.0_212]
	at java.util.concurrent.ThreadPoolExecutor$Worker.run(ThreadPoolExecutor.java:624) [?:1.8.0_212]
	at java.lang.Thread.run(Thread.java:748) [?:1.8.0_212]
2019-07-15 13:42:55,638 INFO  client.GrpcClientProtocolClient (GrpcClientProtocolClient.java:onNext(255)) - client-FE9953862CA1->2bd76219-3cc0-41a7-bf32-ae7e1f1aa20f: receive RaftClientReply:client-FE9953862CA1->2bd76219-3cc0-41a7-bf32-ae7e1f1aa20f@group-CC5C0B7B5369, cid=77, FAILED org.apache.ratis.protocol.StateMachineException: org.apache.hadoop.hdds.scm.container.common.helpers.ContainerNotOpenException from Server 2bd76219-3cc0-41a7-bf32-ae7e1f1aa20f: Container 10 in CLOSED state, logIndex=0, commits[2bd76219-3cc0-41a7-bf32-ae7e1f1aa20f:c45, 4246fd4b-cf21-443d-99bb-c2412d83fae8:c44, 0f69f74f-2127-43c1-8e92-277219ce5a69:c44]
13:42:55.644 [grpc-default-executor-2] ERROR DNAudit - user=null | ip=null | op=PUT_BLOCK {blockData=[blockId=conID: 10 locID: 102445755483553807 bcsId: 0,size=4194304]} | ret=FAILURE
org.apache.hadoop.hdds.scm.container.common.helpers.ContainerNotOpenException: Container 10 in CLOSED state
	at org.apache.hadoop.ozone.container.common.impl.HddsDispatcher.validateContainerCommand(HddsDispatcher.java:408) ~[hadoop-hdds-container-service-0.5.0-SNAPSHOT.jar:?]
	at org.apache.hadoop.ozone.container.common.transport.server.ratis.ContainerStateMachine.startTransaction(ContainerStateMachine.java:272) ~[hadoop-hdds-container-service-0.5.0-SNAPSHOT.jar:?]
	at org.apache.ratis.server.impl.RaftServerImpl.submitClientRequestAsync(RaftServerImpl.java:566) ~[ratis-server-0.4.0-2337318-SNAPSHOT.jar:0.4.0-2337318-SNAPSHOT]
	at org.apache.ratis.server.impl.RaftServerProxy.lambda$submitClientRequestAsync$7(RaftServerProxy.java:333) ~[ratis-server-0.4.0-2337318-SNAPSHOT.jar:0.4.0-2337318-SNAPSHOT]
	at org.apache.ratis.server.impl.RaftServerProxy.lambda$null$5(RaftServerProxy.java:328) ~[ratis-server-0.4.0-2337318-SNAPSHOT.jar:0.4.0-2337318-SNAPSHOT]
	at org.apache.ratis.util.JavaUtils.callAsUnchecked(JavaUtils.java:109) ~[ratis-common-0.4.0-2337318-SNAPSHOT.jar:0.4.0-2337318-SNAPSHOT]
	at org.apache.ratis.server.impl.RaftServerProxy.lambda$submitRequest$6(RaftServerProxy.java:328) ~[ratis-server-0.4.0-2337318-SNAPSHOT.jar:0.4.0-2337318-SNAPSHOT]
	at java.util.concurrent.CompletableFuture.uniComposeStage(CompletableFuture.java:981) ~[?:1.8.0_212]
	at java.util.concurrent.CompletableFuture.thenCompose(CompletableFuture.java:2124) ~[?:1.8.0_212]
	at org.apache.ratis.server.impl.RaftServerProxy.submitRequest(RaftServerProxy.java:327) ~[ratis-server-0.4.0-2337318-SNAPSHOT.jar:0.4.0-2337318-SNAPSHOT]
	at org.apache.ratis.server.impl.RaftServerProxy.submitClientRequestAsync(RaftServerProxy.java:333) ~[ratis-server-0.4.0-2337318-SNAPSHOT.jar:0.4.0-2337318-SNAPSHOT]
	at org.apache.ratis.grpc.client.GrpcClientProtocolService$RequestStreamObserver.processClientRequest(GrpcClientProtocolService.java:220) ~[ratis-grpc-0.4.0-2337318-SNAPSHOT.jar:0.4.0-2337318-SNAPSHOT]
	at org.apache.ratis.grpc.client.GrpcClientProtocolService$OrderedRequestStreamObserver.processClientRequest(GrpcClientProtocolService.java:326) ~[ratis-grpc-0.4.0-2337318-SNAPSHOT.jar:0.4.0-2337318-SNAPSHOT]
	at org.apache.ratis.util.SlidingWindow$Server.processRequestsFromHead(SlidingWindow.java:429) [ratis-common-0.4.0-2337318-SNAPSHOT.jar:0.4.0-2337318-SNAPSHOT]
	at org.apache.ratis.util.SlidingWindow$Server.receivedRequest(SlidingWindow.java:421) [ratis-common-0.4.0-2337318-SNAPSHOT.jar:0.4.0-2337318-SNAPSHOT]
	at org.apache.ratis.grpc.client.GrpcClientProtocolService$OrderedRequestStreamObserver.processClientRequest(GrpcClientProtocolService.java:345) [ratis-grpc-0.4.0-2337318-SNAPSHOT.jar:0.4.0-2337318-SNAPSHOT]
	at org.apache.ratis.grpc.client.GrpcClientProtocolService$RequestStreamObserver.onNext(GrpcClientProtocolService.java:240) [ratis-grpc-0.4.0-2337318-SNAPSHOT.jar:0.4.0-2337318-SNAPSHOT]
	at org.apache.ratis.grpc.client.GrpcClientProtocolService$RequestStreamObserver.onNext(GrpcClientProtocolService.java:168) [ratis-grpc-0.4.0-2337318-SNAPSHOT.jar:0.4.0-2337318-SNAPSHOT]
	at org.apache.ratis.thirdparty.io.grpc.stub.ServerCalls$StreamingServerCallHandler$StreamingServerCallListener.onMessage(ServerCalls.java:248) [ratis-thirdparty-misc-0.2.0.jar:0.2.0]
	at org.apache.ratis.thirdparty.io.grpc.internal.ServerCallImpl$ServerStreamListenerImpl.messagesAvailable(ServerCallImpl.java:263) [ratis-thirdparty-misc-0.2.0.jar:0.2.0]
	at org.apache.ratis.thirdparty.io.grpc.internal.ServerImpl$JumpToApplicationThreadServerStreamListener$1MessagesAvailable.runInContext(ServerImpl.java:686) [ratis-thirdparty-misc-0.2.0.jar:0.2.0]
	at org.apache.ratis.thirdparty.io.grpc.internal.ContextRunnable.run(ContextRunnable.java:37) [ratis-thirdparty-misc-0.2.0.jar:0.2.0]
	at org.apache.ratis.thirdparty.io.grpc.internal.SerializingExecutor.run(SerializingExecutor.java:123) [ratis-thirdparty-misc-0.2.0.jar:0.2.0]
	at java.util.concurrent.ThreadPoolExecutor.runWorker(ThreadPoolExecutor.java:1149) [?:1.8.0_212]
	at java.util.concurrent.ThreadPoolExecutor$Worker.run(ThreadPoolExecutor.java:624) [?:1.8.0_212]
	at java.lang.Thread.run(Thread.java:748) [?:1.8.0_212]
2019-07-15 13:42:55,645 INFO  client.GrpcClientProtocolClient (GrpcClientProtocolClient.java:onNext(255)) - client-FE9953862CA1->2bd76219-3cc0-41a7-bf32-ae7e1f1aa20f: receive RaftClientReply:client-FE9953862CA1->2bd76219-3cc0-41a7-bf32-ae7e1f1aa20f@group-CC5C0B7B5369, cid=78, FAILED org.apache.ratis.protocol.StateMachineException: org.apache.hadoop.hdds.scm.container.common.helpers.ContainerNotOpenException from Server 2bd76219-3cc0-41a7-bf32-ae7e1f1aa20f: Container 10 in CLOSED state, logIndex=0, commits[2bd76219-3cc0-41a7-bf32-ae7e1f1aa20f:c45, 4246fd4b-cf21-443d-99bb-c2412d83fae8:c44, 0f69f74f-2127-43c1-8e92-277219ce5a69:c44]
2019-07-15 13:42:55,652 INFO  client.GrpcClientProtocolClient (GrpcClientProtocolClient.java:onNext(255)) - client-FE9953862CA1->2bd76219-3cc0-41a7-bf32-ae7e1f1aa20f: receive RaftClientReply:client-FE9953862CA1->2bd76219-3cc0-41a7-bf32-ae7e1f1aa20f@group-CC5C0B7B5369, cid=79, FAILED org.apache.ratis.protocol.StateMachineException: org.apache.hadoop.hdds.scm.container.common.helpers.ContainerNotOpenException from Server 2bd76219-3cc0-41a7-bf32-ae7e1f1aa20f: Container 10 in CLOSED state, logIndex=0, commits[2bd76219-3cc0-41a7-bf32-ae7e1f1aa20f:c45, 4246fd4b-cf21-443d-99bb-c2412d83fae8:c44, 0f69f74f-2127-43c1-8e92-277219ce5a69:c44]
2019-07-15 13:42:55,819 INFO  client.GrpcClientProtocolClient (GrpcClientProtocolClient.java:onNext(255)) - client-60BEEDAABD5C->1dc89fb7-c510-4be8-8169-e8f46e2262bf: receive RaftClientReply:client-60BEEDAABD5C->1dc89fb7-c510-4be8-8169-e8f46e2262bf@group-8B5412E281E5, cid=80, SUCCESS, logIndex=70, commits[1dc89fb7-c510-4be8-8169-e8f46e2262bf:c73, af97e53f-6c11-4342-ae9a-a60f97a0ff45:c69, bf20c03f-2aa8-457d-a0d5-81efc30b79cc:c69]
2019-07-15 13:42:55,892 INFO  client.GrpcClientProtocolClient (GrpcClientProtocolClient.java:onNext(255)) - client-60BEEDAABD5C->1dc89fb7-c510-4be8-8169-e8f46e2262bf: receive RaftClientReply:client-60BEEDAABD5C->1dc89fb7-c510-4be8-8169-e8f46e2262bf@group-8B5412E281E5, cid=81, SUCCESS, logIndex=71, commits[1dc89fb7-c510-4be8-8169-e8f46e2262bf:c77, af97e53f-6c11-4342-ae9a-a60f97a0ff45:c73, bf20c03f-2aa8-457d-a0d5-81efc30b79cc:c73]
2019-07-15 13:42:55,893 INFO  client.GrpcClientProtocolClient (GrpcClientProtocolClient.java:onNext(255)) - client-60BEEDAABD5C->1dc89fb7-c510-4be8-8169-e8f46e2262bf: receive RaftClientReply:client-60BEEDAABD5C->1dc89fb7-c510-4be8-8169-e8f46e2262bf@group-8B5412E281E5, cid=82, SUCCESS, logIndex=72, commits[1dc89fb7-c510-4be8-8169-e8f46e2262bf:c77, af97e53f-6c11-4342-ae9a-a60f97a0ff45:c73, bf20c03f-2aa8-457d-a0d5-81efc30b79cc:c73]
2019-07-15 13:42:55,990 INFO  client.GrpcClientProtocolClient (GrpcClientProtocolClient.java:onNext(255)) - client-60BEEDAABD5C->1dc89fb7-c510-4be8-8169-e8f46e2262bf: receive RaftClientReply:client-60BEEDAABD5C->1dc89fb7-c510-4be8-8169-e8f46e2262bf@group-8B5412E281E5, cid=83, SUCCESS, logIndex=73, commits[1dc89fb7-c510-4be8-8169-e8f46e2262bf:c77, af97e53f-6c11-4342-ae9a-a60f97a0ff45:c73, bf20c03f-2aa8-457d-a0d5-81efc30b79cc:c73]
2019-07-15 13:42:56,012 INFO  client.GrpcClientProtocolClient (GrpcClientProtocolClient.java:onNext(255)) - client-60BEEDAABD5C->1dc89fb7-c510-4be8-8169-e8f46e2262bf: receive RaftClientReply:client-60BEEDAABD5C->1dc89fb7-c510-4be8-8169-e8f46e2262bf@group-8B5412E281E5, cid=84, SUCCESS, logIndex=78, commits[1dc89fb7-c510-4be8-8169-e8f46e2262bf:c79, af97e53f-6c11-4342-ae9a-a60f97a0ff45:c77, bf20c03f-2aa8-457d-a0d5-81efc30b79cc:c77]
2019-07-15 13:42:56,013 INFO  client.GrpcClientProtocolClient (GrpcClientProtocolClient.java:onNext(255)) - client-60BEEDAABD5C->1dc89fb7-c510-4be8-8169-e8f46e2262bf: receive RaftClientReply:client-60BEEDAABD5C->1dc89fb7-c510-4be8-8169-e8f46e2262bf@group-8B5412E281E5, cid=85, SUCCESS, logIndex=79, commits[1dc89fb7-c510-4be8-8169-e8f46e2262bf:c79, af97e53f-6c11-4342-ae9a-a60f97a0ff45:c77, bf20c03f-2aa8-457d-a0d5-81efc30b79cc:c77]
2019-07-15 13:42:56,126 INFO  client.GrpcClientProtocolClient (GrpcClientProtocolClient.java:onNext(255)) - client-60BEEDAABD5C->1dc89fb7-c510-4be8-8169-e8f46e2262bf: receive RaftClientReply:client-60BEEDAABD5C->1dc89fb7-c510-4be8-8169-e8f46e2262bf@group-8B5412E281E5, cid=86, SUCCESS, logIndex=0, commits[1dc89fb7-c510-4be8-8169-e8f46e2262bf:c81, af97e53f-6c11-4342-ae9a-a60f97a0ff45:c79, bf20c03f-2aa8-457d-a0d5-81efc30b79cc:c79]
2019-07-15 13:42:56,176 INFO  pipeline.Pipeline (Pipeline.java:getProtobufMessage(195)) - Serialize pipeline PipelineID=912bfc8a-c13f-4979-a3e4-8b5412e281e5 with nodesInOrder{ }
2019-07-15 13:42:56,177 INFO  pipeline.Pipeline (Pipeline.java:build(342)) - Deserialize nodesInOrder [1dc89fb7-c510-4be8-8169-e8f46e2262bf{ip: 192.168.157.240, host: trunk-nightly-hvlc9-701369690, networkLocation: /default-rack, certSerialId: null}, 1dc89fb7-c510-4be8-8169-e8f46e2262bf{ip: 192.168.157.240, host: trunk-nightly-hvlc9-701369690, networkLocation: /default-rack, certSerialId: null}, 1dc89fb7-c510-4be8-8169-e8f46e2262bf{ip: 192.168.157.240, host: trunk-nightly-hvlc9-701369690, networkLocation: /default-rack, certSerialId: null}] in pipeline PipelineID=912bfc8a-c13f-4979-a3e4-8b5412e281e5
]]></system-out>
  </testcase>
  <testcase name="testMultiBlockWrites2" classname="org.apache.hadoop.ozone.client.rpc.TestCloseContainerHandlingByClient" time="3.113">
    <error type="java.lang.IllegalArgumentException">java.lang.IllegalArgumentException
	at com.google.common.base.Preconditions.checkArgument(Preconditions.java:72)
	at org.apache.hadoop.hdds.scm.XceiverClientManager.acquireClient(XceiverClientManager.java:150)
	at org.apache.hadoop.hdds.scm.XceiverClientManager.acquireClientForReadData(XceiverClientManager.java:143)
	at org.apache.hadoop.hdds.scm.storage.BlockInputStream.getChunkInfos(BlockInputStream.java:154)
	at org.apache.hadoop.hdds.scm.storage.BlockInputStream.initialize(BlockInputStream.java:118)
	at org.apache.hadoop.hdds.scm.storage.BlockInputStream.read(BlockInputStream.java:222)
	at org.apache.hadoop.ozone.client.io.KeyInputStream.read(KeyInputStream.java:171)
	at org.apache.hadoop.ozone.client.io.OzoneInputStream.read(OzoneInputStream.java:47)
	at java.io.InputStream.read(InputStream.java:101)
	at org.apache.hadoop.ozone.container.ContainerTestHelper.validateData(ContainerTestHelper.java:709)
	at org.apache.hadoop.ozone.client.rpc.TestCloseContainerHandlingByClient.validateData(TestCloseContainerHandlingByClient.java:401)
	at org.apache.hadoop.ozone.client.rpc.TestCloseContainerHandlingByClient.testMultiBlockWrites2(TestCloseContainerHandlingByClient.java:281)
	at sun.reflect.NativeMethodAccessorImpl.invoke0(Native Method)
	at sun.reflect.NativeMethodAccessorImpl.invoke(NativeMethodAccessorImpl.java:62)
	at sun.reflect.DelegatingMethodAccessorImpl.invoke(DelegatingMethodAccessorImpl.java:43)
	at java.lang.reflect.Method.invoke(Method.java:498)
	at org.junit.runners.model.FrameworkMethod$1.runReflectiveCall(FrameworkMethod.java:47)
	at org.junit.internal.runners.model.ReflectiveCallable.run(ReflectiveCallable.java:12)
	at org.junit.runners.model.FrameworkMethod.invokeExplosively(FrameworkMethod.java:44)
	at org.junit.internal.runners.statements.InvokeMethod.evaluate(InvokeMethod.java:17)
	at org.junit.runners.ParentRunner.runLeaf(ParentRunner.java:271)
	at org.junit.runners.BlockJUnit4ClassRunner.runChild(BlockJUnit4ClassRunner.java:70)
	at org.junit.runners.BlockJUnit4ClassRunner.runChild(BlockJUnit4ClassRunner.java:50)
	at org.junit.runners.ParentRunner$3.run(ParentRunner.java:238)
	at org.junit.runners.ParentRunner$1.schedule(ParentRunner.java:63)
	at org.junit.runners.ParentRunner.runChildren(ParentRunner.java:236)
	at org.junit.runners.ParentRunner.access$000(ParentRunner.java:53)
	at org.junit.runners.ParentRunner$2.evaluate(ParentRunner.java:229)
	at org.junit.internal.runners.statements.RunBefores.evaluate(RunBefores.java:26)
	at org.junit.internal.runners.statements.RunAfters.evaluate(RunAfters.java:27)
	at org.junit.runners.ParentRunner.run(ParentRunner.java:309)
	at org.apache.maven.surefire.junit4.JUnit4Provider.execute(JUnit4Provider.java:365)
	at org.apache.maven.surefire.junit4.JUnit4Provider.executeWithRerun(JUnit4Provider.java:273)
	at org.apache.maven.surefire.junit4.JUnit4Provider.executeTestSet(JUnit4Provider.java:238)
	at org.apache.maven.surefire.junit4.JUnit4Provider.invoke(JUnit4Provider.java:159)
	at org.apache.maven.surefire.booter.ForkedBooter.invokeProviderInSameClassLoader(ForkedBooter.java:384)
	at org.apache.maven.surefire.booter.ForkedBooter.runSuitesInProcess(ForkedBooter.java:345)
	at org.apache.maven.surefire.booter.ForkedBooter.execute(ForkedBooter.java:126)
	at org.apache.maven.surefire.booter.ForkedBooter.main(ForkedBooter.java:418)
</error>
    <system-out><![CDATA[2019-07-15 13:42:56,405 INFO  client.GrpcClientProtocolClient (GrpcClientProtocolClient.java:onNext(255)) - client-FE9953862CA1->2bd76219-3cc0-41a7-bf32-ae7e1f1aa20f: receive RaftClientReply:client-FE9953862CA1->2bd76219-3cc0-41a7-bf32-ae7e1f1aa20f@group-CC5C0B7B5369, cid=87, SUCCESS, logIndex=46, commits[2bd76219-3cc0-41a7-bf32-ae7e1f1aa20f:c49, 4246fd4b-cf21-443d-99bb-c2412d83fae8:c45, 0f69f74f-2127-43c1-8e92-277219ce5a69:c45]
2019-07-15 13:42:56,450 INFO  client.GrpcClientProtocolClient (GrpcClientProtocolClient.java:onNext(255)) - client-FE9953862CA1->2bd76219-3cc0-41a7-bf32-ae7e1f1aa20f: receive RaftClientReply:client-FE9953862CA1->2bd76219-3cc0-41a7-bf32-ae7e1f1aa20f@group-CC5C0B7B5369, cid=88, SUCCESS, logIndex=47, commits[2bd76219-3cc0-41a7-bf32-ae7e1f1aa20f:c53, 4246fd4b-cf21-443d-99bb-c2412d83fae8:c49, 0f69f74f-2127-43c1-8e92-277219ce5a69:c49]
2019-07-15 13:42:56,451 INFO  client.GrpcClientProtocolClient (GrpcClientProtocolClient.java:onNext(255)) - client-FE9953862CA1->2bd76219-3cc0-41a7-bf32-ae7e1f1aa20f: receive RaftClientReply:client-FE9953862CA1->2bd76219-3cc0-41a7-bf32-ae7e1f1aa20f@group-CC5C0B7B5369, cid=89, SUCCESS, logIndex=48, commits[2bd76219-3cc0-41a7-bf32-ae7e1f1aa20f:c53, 4246fd4b-cf21-443d-99bb-c2412d83fae8:c49, 0f69f74f-2127-43c1-8e92-277219ce5a69:c49]
2019-07-15 13:42:56,522 INFO  client.GrpcClientProtocolClient (GrpcClientProtocolClient.java:onNext(255)) - client-FE9953862CA1->2bd76219-3cc0-41a7-bf32-ae7e1f1aa20f: receive RaftClientReply:client-FE9953862CA1->2bd76219-3cc0-41a7-bf32-ae7e1f1aa20f@group-CC5C0B7B5369, cid=90, SUCCESS, logIndex=49, commits[2bd76219-3cc0-41a7-bf32-ae7e1f1aa20f:c53, 4246fd4b-cf21-443d-99bb-c2412d83fae8:c49, 0f69f74f-2127-43c1-8e92-277219ce5a69:c49]
2019-07-15 13:42:56,551 INFO  client.GrpcClientProtocolClient (GrpcClientProtocolClient.java:onNext(255)) - client-FE9953862CA1->2bd76219-3cc0-41a7-bf32-ae7e1f1aa20f: receive RaftClientReply:client-FE9953862CA1->2bd76219-3cc0-41a7-bf32-ae7e1f1aa20f@group-CC5C0B7B5369, cid=91, SUCCESS, logIndex=54, commits[2bd76219-3cc0-41a7-bf32-ae7e1f1aa20f:c57, 4246fd4b-cf21-443d-99bb-c2412d83fae8:c53, 0f69f74f-2127-43c1-8e92-277219ce5a69:c53]
2019-07-15 13:42:56,553 INFO  client.GrpcClientProtocolClient (GrpcClientProtocolClient.java:onNext(255)) - client-FE9953862CA1->2bd76219-3cc0-41a7-bf32-ae7e1f1aa20f: receive RaftClientReply:client-FE9953862CA1->2bd76219-3cc0-41a7-bf32-ae7e1f1aa20f@group-CC5C0B7B5369, cid=92, SUCCESS, logIndex=55, commits[2bd76219-3cc0-41a7-bf32-ae7e1f1aa20f:c57, 4246fd4b-cf21-443d-99bb-c2412d83fae8:c53, 0f69f74f-2127-43c1-8e92-277219ce5a69:c53]
2019-07-15 13:42:56,553 INFO  client.GrpcClientProtocolClient (GrpcClientProtocolClient.java:onNext(255)) - client-FE9953862CA1->2bd76219-3cc0-41a7-bf32-ae7e1f1aa20f: receive RaftClientReply:client-FE9953862CA1->2bd76219-3cc0-41a7-bf32-ae7e1f1aa20f@group-CC5C0B7B5369, cid=93, SUCCESS, logIndex=56, commits[2bd76219-3cc0-41a7-bf32-ae7e1f1aa20f:c57, 4246fd4b-cf21-443d-99bb-c2412d83fae8:c53, 0f69f74f-2127-43c1-8e92-277219ce5a69:c53]
2019-07-15 13:42:56,555 INFO  client.GrpcClientProtocolClient (GrpcClientProtocolClient.java:onNext(255)) - client-FE9953862CA1->2bd76219-3cc0-41a7-bf32-ae7e1f1aa20f: receive RaftClientReply:client-FE9953862CA1->2bd76219-3cc0-41a7-bf32-ae7e1f1aa20f@group-CC5C0B7B5369, cid=94, SUCCESS, logIndex=57, commits[2bd76219-3cc0-41a7-bf32-ae7e1f1aa20f:c57, 4246fd4b-cf21-443d-99bb-c2412d83fae8:c53, 0f69f74f-2127-43c1-8e92-277219ce5a69:c53]
2019-07-15 13:42:56,563 INFO  client.GrpcClientProtocolClient (GrpcClientProtocolClient.java:onNext(255)) - client-FE9953862CA1->2bd76219-3cc0-41a7-bf32-ae7e1f1aa20f: receive RaftClientReply:client-FE9953862CA1->2bd76219-3cc0-41a7-bf32-ae7e1f1aa20f@group-CC5C0B7B5369, cid=95, SUCCESS, logIndex=0, commits[2bd76219-3cc0-41a7-bf32-ae7e1f1aa20f:c58, 4246fd4b-cf21-443d-99bb-c2412d83fae8:c55, 0f69f74f-2127-43c1-8e92-277219ce5a69:c55]
2019-07-15 13:42:56,569 INFO  client.GrpcClientProtocolClient (GrpcClientProtocolClient.java:onNext(255)) - client-FE9953862CA1->2bd76219-3cc0-41a7-bf32-ae7e1f1aa20f: receive RaftClientReply:client-FE9953862CA1->2bd76219-3cc0-41a7-bf32-ae7e1f1aa20f@group-CC5C0B7B5369, cid=96, SUCCESS, logIndex=0, commits[2bd76219-3cc0-41a7-bf32-ae7e1f1aa20f:c61, 4246fd4b-cf21-443d-99bb-c2412d83fae8:c57, 0f69f74f-2127-43c1-8e92-277219ce5a69:c57]
2019-07-15 13:42:56,691 INFO  client.GrpcClientProtocolClient (GrpcClientProtocolClient.java:onNext(255)) - client-FE9953862CA1->2bd76219-3cc0-41a7-bf32-ae7e1f1aa20f: receive RaftClientReply:client-FE9953862CA1->2bd76219-3cc0-41a7-bf32-ae7e1f1aa20f@group-CC5C0B7B5369, cid=97, SUCCESS, logIndex=62, commits[2bd76219-3cc0-41a7-bf32-ae7e1f1aa20f:c65, 4246fd4b-cf21-443d-99bb-c2412d83fae8:c61, 0f69f74f-2127-43c1-8e92-277219ce5a69:c61]
2019-07-15 13:42:56,747 INFO  client.GrpcClientProtocolClient (GrpcClientProtocolClient.java:onNext(255)) - client-FE9953862CA1->2bd76219-3cc0-41a7-bf32-ae7e1f1aa20f: receive RaftClientReply:client-FE9953862CA1->2bd76219-3cc0-41a7-bf32-ae7e1f1aa20f@group-CC5C0B7B5369, cid=98, SUCCESS, logIndex=63, commits[2bd76219-3cc0-41a7-bf32-ae7e1f1aa20f:c69, 4246fd4b-cf21-443d-99bb-c2412d83fae8:c65, 0f69f74f-2127-43c1-8e92-277219ce5a69:c65]
2019-07-15 13:42:56,748 INFO  client.GrpcClientProtocolClient (GrpcClientProtocolClient.java:onNext(255)) - client-FE9953862CA1->2bd76219-3cc0-41a7-bf32-ae7e1f1aa20f: receive RaftClientReply:client-FE9953862CA1->2bd76219-3cc0-41a7-bf32-ae7e1f1aa20f@group-CC5C0B7B5369, cid=99, SUCCESS, logIndex=64, commits[2bd76219-3cc0-41a7-bf32-ae7e1f1aa20f:c69, 4246fd4b-cf21-443d-99bb-c2412d83fae8:c65, 0f69f74f-2127-43c1-8e92-277219ce5a69:c65]
2019-07-15 13:42:56,848 INFO  client.GrpcClientProtocolClient (GrpcClientProtocolClient.java:onNext(255)) - client-FE9953862CA1->2bd76219-3cc0-41a7-bf32-ae7e1f1aa20f: receive RaftClientReply:client-FE9953862CA1->2bd76219-3cc0-41a7-bf32-ae7e1f1aa20f@group-CC5C0B7B5369, cid=100, SUCCESS, logIndex=65, commits[2bd76219-3cc0-41a7-bf32-ae7e1f1aa20f:c69, 4246fd4b-cf21-443d-99bb-c2412d83fae8:c65, 0f69f74f-2127-43c1-8e92-277219ce5a69:c65]
2019-07-15 13:42:56,876 INFO  client.GrpcClientProtocolClient (GrpcClientProtocolClient.java:onNext(255)) - client-FE9953862CA1->2bd76219-3cc0-41a7-bf32-ae7e1f1aa20f: receive RaftClientReply:client-FE9953862CA1->2bd76219-3cc0-41a7-bf32-ae7e1f1aa20f@group-CC5C0B7B5369, cid=101, SUCCESS, logIndex=70, commits[2bd76219-3cc0-41a7-bf32-ae7e1f1aa20f:c73, 4246fd4b-cf21-443d-99bb-c2412d83fae8:c69, 0f69f74f-2127-43c1-8e92-277219ce5a69:c69]
2019-07-15 13:42:56,877 INFO  client.GrpcClientProtocolClient (GrpcClientProtocolClient.java:onNext(255)) - client-FE9953862CA1->2bd76219-3cc0-41a7-bf32-ae7e1f1aa20f: receive RaftClientReply:client-FE9953862CA1->2bd76219-3cc0-41a7-bf32-ae7e1f1aa20f@group-CC5C0B7B5369, cid=102, SUCCESS, logIndex=71, commits[2bd76219-3cc0-41a7-bf32-ae7e1f1aa20f:c73, 4246fd4b-cf21-443d-99bb-c2412d83fae8:c69, 0f69f74f-2127-43c1-8e92-277219ce5a69:c69]
2019-07-15 13:42:56,877 INFO  client.GrpcClientProtocolClient (GrpcClientProtocolClient.java:onNext(255)) - client-FE9953862CA1->2bd76219-3cc0-41a7-bf32-ae7e1f1aa20f: receive RaftClientReply:client-FE9953862CA1->2bd76219-3cc0-41a7-bf32-ae7e1f1aa20f@group-CC5C0B7B5369, cid=103, SUCCESS, logIndex=72, commits[2bd76219-3cc0-41a7-bf32-ae7e1f1aa20f:c73, 4246fd4b-cf21-443d-99bb-c2412d83fae8:c69, 0f69f74f-2127-43c1-8e92-277219ce5a69:c69]
2019-07-15 13:42:56,878 INFO  client.GrpcClientProtocolClient (GrpcClientProtocolClient.java:onNext(255)) - client-FE9953862CA1->2bd76219-3cc0-41a7-bf32-ae7e1f1aa20f: receive RaftClientReply:client-FE9953862CA1->2bd76219-3cc0-41a7-bf32-ae7e1f1aa20f@group-CC5C0B7B5369, cid=104, SUCCESS, logIndex=73, commits[2bd76219-3cc0-41a7-bf32-ae7e1f1aa20f:c73, 4246fd4b-cf21-443d-99bb-c2412d83fae8:c69, 0f69f74f-2127-43c1-8e92-277219ce5a69:c69]
2019-07-15 13:42:56,892 INFO  client.GrpcClientProtocolClient (GrpcClientProtocolClient.java:onNext(255)) - client-FE9953862CA1->2bd76219-3cc0-41a7-bf32-ae7e1f1aa20f: receive RaftClientReply:client-FE9953862CA1->2bd76219-3cc0-41a7-bf32-ae7e1f1aa20f@group-CC5C0B7B5369, cid=105, SUCCESS, logIndex=0, commits[2bd76219-3cc0-41a7-bf32-ae7e1f1aa20f:c74, 4246fd4b-cf21-443d-99bb-c2412d83fae8:c71, 0f69f74f-2127-43c1-8e92-277219ce5a69:c71]
2019-07-15 13:42:56,903 INFO  client.GrpcClientProtocolClient (GrpcClientProtocolClient.java:onNext(255)) - client-FE9953862CA1->2bd76219-3cc0-41a7-bf32-ae7e1f1aa20f: receive RaftClientReply:client-FE9953862CA1->2bd76219-3cc0-41a7-bf32-ae7e1f1aa20f@group-CC5C0B7B5369, cid=106, SUCCESS, logIndex=0, commits[2bd76219-3cc0-41a7-bf32-ae7e1f1aa20f:c77, 4246fd4b-cf21-443d-99bb-c2412d83fae8:c73, 0f69f74f-2127-43c1-8e92-277219ce5a69:c73]
2019-07-15 13:42:56,949 INFO  client.GrpcClientProtocolClient (GrpcClientProtocolClient.java:onNext(255)) - client-FE9953862CA1->2bd76219-3cc0-41a7-bf32-ae7e1f1aa20f: receive RaftClientReply:client-FE9953862CA1->2bd76219-3cc0-41a7-bf32-ae7e1f1aa20f@group-CC5C0B7B5369, cid=107, SUCCESS, logIndex=78, commits[2bd76219-3cc0-41a7-bf32-ae7e1f1aa20f:c79, 4246fd4b-cf21-443d-99bb-c2412d83fae8:c77, 0f69f74f-2127-43c1-8e92-277219ce5a69:c77]
2019-07-15 13:42:56,950 INFO  client.GrpcClientProtocolClient (GrpcClientProtocolClient.java:onNext(255)) - client-FE9953862CA1->2bd76219-3cc0-41a7-bf32-ae7e1f1aa20f: receive RaftClientReply:client-FE9953862CA1->2bd76219-3cc0-41a7-bf32-ae7e1f1aa20f@group-CC5C0B7B5369, cid=108, SUCCESS, logIndex=79, commits[2bd76219-3cc0-41a7-bf32-ae7e1f1aa20f:c79, 4246fd4b-cf21-443d-99bb-c2412d83fae8:c77, 0f69f74f-2127-43c1-8e92-277219ce5a69:c77]
2019-07-15 13:42:56,962 INFO  client.GrpcClientProtocolClient (GrpcClientProtocolClient.java:onNext(255)) - client-FE9953862CA1->2bd76219-3cc0-41a7-bf32-ae7e1f1aa20f: receive RaftClientReply:client-FE9953862CA1->2bd76219-3cc0-41a7-bf32-ae7e1f1aa20f@group-CC5C0B7B5369, cid=109, SUCCESS, logIndex=0, commits[2bd76219-3cc0-41a7-bf32-ae7e1f1aa20f:c80, 4246fd4b-cf21-443d-99bb-c2412d83fae8:c79, 0f69f74f-2127-43c1-8e92-277219ce5a69:c79]
2019-07-15 13:42:56,999 INFO  client.GrpcClientProtocolClient (GrpcClientProtocolClient.java:onNext(255)) - client-FE9953862CA1->2bd76219-3cc0-41a7-bf32-ae7e1f1aa20f: receive RaftClientReply:client-FE9953862CA1->2bd76219-3cc0-41a7-bf32-ae7e1f1aa20f@group-CC5C0B7B5369, cid=110, SUCCESS, logIndex=82, commits[2bd76219-3cc0-41a7-bf32-ae7e1f1aa20f:c83, 4246fd4b-cf21-443d-99bb-c2412d83fae8:c81, 0f69f74f-2127-43c1-8e92-277219ce5a69:c81]
2019-07-15 13:42:57,000 INFO  client.GrpcClientProtocolClient (GrpcClientProtocolClient.java:onNext(255)) - client-FE9953862CA1->2bd76219-3cc0-41a7-bf32-ae7e1f1aa20f: receive RaftClientReply:client-FE9953862CA1->2bd76219-3cc0-41a7-bf32-ae7e1f1aa20f@group-CC5C0B7B5369, cid=111, SUCCESS, logIndex=83, commits[2bd76219-3cc0-41a7-bf32-ae7e1f1aa20f:c83, 4246fd4b-cf21-443d-99bb-c2412d83fae8:c81, 0f69f74f-2127-43c1-8e92-277219ce5a69:c81]
2019-07-15 13:42:57,011 INFO  client.GrpcClientProtocolClient (GrpcClientProtocolClient.java:onNext(255)) - client-FE9953862CA1->2bd76219-3cc0-41a7-bf32-ae7e1f1aa20f: receive RaftClientReply:client-FE9953862CA1->2bd76219-3cc0-41a7-bf32-ae7e1f1aa20f@group-CC5C0B7B5369, cid=112, SUCCESS, logIndex=0, commits[2bd76219-3cc0-41a7-bf32-ae7e1f1aa20f:c84, 4246fd4b-cf21-443d-99bb-c2412d83fae8:c83, 0f69f74f-2127-43c1-8e92-277219ce5a69:c83]
2019-07-15 13:42:57,019 INFO  container.CloseContainerEventHandler (CloseContainerEventHandler.java:onMessage(61)) - Close container Event triggered for container : #12
2019-07-15 13:42:57,019 INFO  container.CloseContainerEventHandler (CloseContainerEventHandler.java:onMessage(61)) - Close container Event triggered for container : #12
2019-07-15 13:42:57,019 INFO  container.CloseContainerEventHandler (CloseContainerEventHandler.java:onMessage(61)) - Close container Event triggered for container : #12
2019-07-15 13:42:57,019 INFO  container.CloseContainerEventHandler (CloseContainerEventHandler.java:onMessage(61)) - Close container Event triggered for container : #13
2019-07-15 13:42:57,020 INFO  container.CloseContainerEventHandler (CloseContainerEventHandler.java:onMessage(61)) - Close container Event triggered for container : #13
2019-07-15 13:42:57,020 INFO  container.CloseContainerEventHandler (CloseContainerEventHandler.java:onMessage(61)) - Close container Event triggered for container : #13
2019-07-15 13:42:57,020 INFO  container.CloseContainerEventHandler (CloseContainerEventHandler.java:onMessage(61)) - Close container Event triggered for container : #2
2019-07-15 13:42:57,020 INFO  container.CloseContainerEventHandler (CloseContainerEventHandler.java:onMessage(61)) - Close container Event triggered for container : #2
2019-07-15 13:42:57,020 INFO  container.CloseContainerEventHandler (CloseContainerEventHandler.java:onMessage(61)) - Close container Event triggered for container : #2
2019-07-15 13:42:58,735 INFO  interfaces.Container (KeyValueContainer.java:compactDB(356)) - Container 12 is closed with bcsId 57.
2019-07-15 13:42:58,739 INFO  interfaces.Container (KeyValueContainer.java:compactDB(356)) - Container 12 is closed with bcsId 57.
2019-07-15 13:42:58,745 INFO  interfaces.Container (KeyValueContainer.java:compactDB(356)) - Container 12 is closed with bcsId 57.
2019-07-15 13:42:58,777 INFO  interfaces.Container (KeyValueContainer.java:compactDB(356)) - Container 13 is closed with bcsId 73.
2019-07-15 13:42:58,781 INFO  interfaces.Container (KeyValueContainer.java:compactDB(356)) - Container 13 is closed with bcsId 73.
2019-07-15 13:42:58,786 INFO  interfaces.Container (KeyValueContainer.java:compactDB(356)) - Container 13 is closed with bcsId 73.
2019-07-15 13:42:58,820 INFO  interfaces.Container (KeyValueContainer.java:compactDB(356)) - Container 2 is closed with bcsId 83.
2019-07-15 13:42:58,823 INFO  interfaces.Container (KeyValueContainer.java:compactDB(356)) - Container 2 is closed with bcsId 83.
2019-07-15 13:42:58,840 INFO  interfaces.Container (KeyValueContainer.java:compactDB(356)) - Container 2 is closed with bcsId 83.
13:42:59.023 [grpc-default-executor-1] ERROR DNAudit - user=null | ip=null | op=WRITE_CHUNK {blockData=conID: 2 locID: 102445755722825748 bcsId: 83} | ret=FAILURE
org.apache.hadoop.hdds.scm.container.common.helpers.ContainerNotOpenException: Container 2 in CLOSED state
	at org.apache.hadoop.ozone.container.common.impl.HddsDispatcher.validateContainerCommand(HddsDispatcher.java:408) ~[hadoop-hdds-container-service-0.5.0-SNAPSHOT.jar:?]
	at org.apache.hadoop.ozone.container.common.transport.server.ratis.ContainerStateMachine.startTransaction(ContainerStateMachine.java:272) ~[hadoop-hdds-container-service-0.5.0-SNAPSHOT.jar:?]
	at org.apache.ratis.server.impl.RaftServerImpl.submitClientRequestAsync(RaftServerImpl.java:566) ~[ratis-server-0.4.0-2337318-SNAPSHOT.jar:0.4.0-2337318-SNAPSHOT]
	at org.apache.ratis.server.impl.RaftServerProxy.lambda$submitClientRequestAsync$7(RaftServerProxy.java:333) ~[ratis-server-0.4.0-2337318-SNAPSHOT.jar:0.4.0-2337318-SNAPSHOT]
	at org.apache.ratis.server.impl.RaftServerProxy.lambda$null$5(RaftServerProxy.java:328) ~[ratis-server-0.4.0-2337318-SNAPSHOT.jar:0.4.0-2337318-SNAPSHOT]
	at org.apache.ratis.util.JavaUtils.callAsUnchecked(JavaUtils.java:109) ~[ratis-common-0.4.0-2337318-SNAPSHOT.jar:0.4.0-2337318-SNAPSHOT]
	at org.apache.ratis.server.impl.RaftServerProxy.lambda$submitRequest$6(RaftServerProxy.java:328) ~[ratis-server-0.4.0-2337318-SNAPSHOT.jar:0.4.0-2337318-SNAPSHOT]
	at java.util.concurrent.CompletableFuture.uniComposeStage(CompletableFuture.java:981) ~[?:1.8.0_212]
	at java.util.concurrent.CompletableFuture.thenCompose(CompletableFuture.java:2124) ~[?:1.8.0_212]
	at org.apache.ratis.server.impl.RaftServerProxy.submitRequest(RaftServerProxy.java:327) ~[ratis-server-0.4.0-2337318-SNAPSHOT.jar:0.4.0-2337318-SNAPSHOT]
	at org.apache.ratis.server.impl.RaftServerProxy.submitClientRequestAsync(RaftServerProxy.java:333) ~[ratis-server-0.4.0-2337318-SNAPSHOT.jar:0.4.0-2337318-SNAPSHOT]
	at org.apache.ratis.grpc.client.GrpcClientProtocolService$RequestStreamObserver.processClientRequest(GrpcClientProtocolService.java:220) ~[ratis-grpc-0.4.0-2337318-SNAPSHOT.jar:0.4.0-2337318-SNAPSHOT]
	at org.apache.ratis.grpc.client.GrpcClientProtocolService$OrderedRequestStreamObserver.processClientRequest(GrpcClientProtocolService.java:326) ~[ratis-grpc-0.4.0-2337318-SNAPSHOT.jar:0.4.0-2337318-SNAPSHOT]
	at org.apache.ratis.util.SlidingWindow$Server.processRequestsFromHead(SlidingWindow.java:429) [ratis-common-0.4.0-2337318-SNAPSHOT.jar:0.4.0-2337318-SNAPSHOT]
	at org.apache.ratis.util.SlidingWindow$Server.receivedRequest(SlidingWindow.java:421) [ratis-common-0.4.0-2337318-SNAPSHOT.jar:0.4.0-2337318-SNAPSHOT]
	at org.apache.ratis.grpc.client.GrpcClientProtocolService$OrderedRequestStreamObserver.processClientRequest(GrpcClientProtocolService.java:345) [ratis-grpc-0.4.0-2337318-SNAPSHOT.jar:0.4.0-2337318-SNAPSHOT]
	at org.apache.ratis.grpc.client.GrpcClientProtocolService$RequestStreamObserver.onNext(GrpcClientProtocolService.java:240) [ratis-grpc-0.4.0-2337318-SNAPSHOT.jar:0.4.0-2337318-SNAPSHOT]
	at org.apache.ratis.grpc.client.GrpcClientProtocolService$RequestStreamObserver.onNext(GrpcClientProtocolService.java:168) [ratis-grpc-0.4.0-2337318-SNAPSHOT.jar:0.4.0-2337318-SNAPSHOT]
	at org.apache.ratis.thirdparty.io.grpc.stub.ServerCalls$StreamingServerCallHandler$StreamingServerCallListener.onMessage(ServerCalls.java:248) [ratis-thirdparty-misc-0.2.0.jar:0.2.0]
	at org.apache.ratis.thirdparty.io.grpc.internal.ServerCallImpl$ServerStreamListenerImpl.messagesAvailable(ServerCallImpl.java:263) [ratis-thirdparty-misc-0.2.0.jar:0.2.0]
	at org.apache.ratis.thirdparty.io.grpc.internal.ServerImpl$JumpToApplicationThreadServerStreamListener$1MessagesAvailable.runInContext(ServerImpl.java:686) [ratis-thirdparty-misc-0.2.0.jar:0.2.0]
	at org.apache.ratis.thirdparty.io.grpc.internal.ContextRunnable.run(ContextRunnable.java:37) [ratis-thirdparty-misc-0.2.0.jar:0.2.0]
	at org.apache.ratis.thirdparty.io.grpc.internal.SerializingExecutor.run(SerializingExecutor.java:123) [ratis-thirdparty-misc-0.2.0.jar:0.2.0]
	at java.util.concurrent.ThreadPoolExecutor.runWorker(ThreadPoolExecutor.java:1149) [?:1.8.0_212]
	at java.util.concurrent.ThreadPoolExecutor$Worker.run(ThreadPoolExecutor.java:624) [?:1.8.0_212]
	at java.lang.Thread.run(Thread.java:748) [?:1.8.0_212]
13:42:59.031 [grpc-default-executor-1] ERROR DNAudit - user=null | ip=null | op=PUT_BLOCK {blockData=[blockId=conID: 2 locID: 102445755722825748 bcsId: 0,size=2621440]} | ret=FAILURE
org.apache.hadoop.hdds.scm.container.common.helpers.ContainerNotOpenException: Container 2 in CLOSED state
	at org.apache.hadoop.ozone.container.common.impl.HddsDispatcher.validateContainerCommand(HddsDispatcher.java:408) ~[hadoop-hdds-container-service-0.5.0-SNAPSHOT.jar:?]
	at org.apache.hadoop.ozone.container.common.transport.server.ratis.ContainerStateMachine.startTransaction(ContainerStateMachine.java:272) ~[hadoop-hdds-container-service-0.5.0-SNAPSHOT.jar:?]
	at org.apache.ratis.server.impl.RaftServerImpl.submitClientRequestAsync(RaftServerImpl.java:566) ~[ratis-server-0.4.0-2337318-SNAPSHOT.jar:0.4.0-2337318-SNAPSHOT]
	at org.apache.ratis.server.impl.RaftServerProxy.lambda$submitClientRequestAsync$7(RaftServerProxy.java:333) ~[ratis-server-0.4.0-2337318-SNAPSHOT.jar:0.4.0-2337318-SNAPSHOT]
	at org.apache.ratis.server.impl.RaftServerProxy.lambda$null$5(RaftServerProxy.java:328) ~[ratis-server-0.4.0-2337318-SNAPSHOT.jar:0.4.0-2337318-SNAPSHOT]
	at org.apache.ratis.util.JavaUtils.callAsUnchecked(JavaUtils.java:109) ~[ratis-common-0.4.0-2337318-SNAPSHOT.jar:0.4.0-2337318-SNAPSHOT]
	at org.apache.ratis.server.impl.RaftServerProxy.lambda$submitRequest$6(RaftServerProxy.java:328) ~[ratis-server-0.4.0-2337318-SNAPSHOT.jar:0.4.0-2337318-SNAPSHOT]
	at java.util.concurrent.CompletableFuture.uniComposeStage(CompletableFuture.java:981) ~[?:1.8.0_212]
	at java.util.concurrent.CompletableFuture.thenCompose(CompletableFuture.java:2124) ~[?:1.8.0_212]
	at org.apache.ratis.server.impl.RaftServerProxy.submitRequest(RaftServerProxy.java:327) ~[ratis-server-0.4.0-2337318-SNAPSHOT.jar:0.4.0-2337318-SNAPSHOT]
	at org.apache.ratis.server.impl.RaftServerProxy.submitClientRequestAsync(RaftServerProxy.java:333) ~[ratis-server-0.4.0-2337318-SNAPSHOT.jar:0.4.0-2337318-SNAPSHOT]
	at org.apache.ratis.grpc.client.GrpcClientProtocolService$RequestStreamObserver.processClientRequest(GrpcClientProtocolService.java:220) ~[ratis-grpc-0.4.0-2337318-SNAPSHOT.jar:0.4.0-2337318-SNAPSHOT]
	at org.apache.ratis.grpc.client.GrpcClientProtocolService$OrderedRequestStreamObserver.processClientRequest(GrpcClientProtocolService.java:326) ~[ratis-grpc-0.4.0-2337318-SNAPSHOT.jar:0.4.0-2337318-SNAPSHOT]
	at org.apache.ratis.util.SlidingWindow$Server.processRequestsFromHead(SlidingWindow.java:429) [ratis-common-0.4.0-2337318-SNAPSHOT.jar:0.4.0-2337318-SNAPSHOT]
	at org.apache.ratis.util.SlidingWindow$Server.receivedRequest(SlidingWindow.java:421) [ratis-common-0.4.0-2337318-SNAPSHOT.jar:0.4.0-2337318-SNAPSHOT]
	at org.apache.ratis.grpc.client.GrpcClientProtocolService$OrderedRequestStreamObserver.processClientRequest(GrpcClientProtocolService.java:345) [ratis-grpc-0.4.0-2337318-SNAPSHOT.jar:0.4.0-2337318-SNAPSHOT]
	at org.apache.ratis.grpc.client.GrpcClientProtocolService$RequestStreamObserver.onNext(GrpcClientProtocolService.java:240) [ratis-grpc-0.4.0-2337318-SNAPSHOT.jar:0.4.0-2337318-SNAPSHOT]
	at org.apache.ratis.grpc.client.GrpcClientProtocolService$RequestStreamObserver.onNext(GrpcClientProtocolService.java:168) [ratis-grpc-0.4.0-2337318-SNAPSHOT.jar:0.4.0-2337318-SNAPSHOT]
	at org.apache.ratis.thirdparty.io.grpc.stub.ServerCalls$StreamingServerCallHandler$StreamingServerCallListener.onMessage(ServerCalls.java:248) [ratis-thirdparty-misc-0.2.0.jar:0.2.0]
	at org.apache.ratis.thirdparty.io.grpc.internal.ServerCallImpl$ServerStreamListenerImpl.messagesAvailable(ServerCallImpl.java:263) [ratis-thirdparty-misc-0.2.0.jar:0.2.0]
	at org.apache.ratis.thirdparty.io.grpc.internal.ServerImpl$JumpToApplicationThreadServerStreamListener$1MessagesAvailable.runInContext(ServerImpl.java:686) [ratis-thirdparty-misc-0.2.0.jar:0.2.0]
	at org.apache.ratis.thirdparty.io.grpc.internal.ContextRunnable.run(ContextRunnable.java:37) [ratis-thirdparty-misc-0.2.0.jar:0.2.0]
	at org.apache.ratis.thirdparty.io.grpc.internal.SerializingExecutor.run(SerializingExecutor.java:123) [ratis-thirdparty-misc-0.2.0.jar:0.2.0]
	at java.util.concurrent.ThreadPoolExecutor.runWorker(ThreadPoolExecutor.java:1149) [?:1.8.0_212]
	at java.util.concurrent.ThreadPoolExecutor$Worker.run(ThreadPoolExecutor.java:624) [?:1.8.0_212]
	at java.lang.Thread.run(Thread.java:748) [?:1.8.0_212]
2019-07-15 13:42:59,033 INFO  client.GrpcClientProtocolClient (GrpcClientProtocolClient.java:onNext(255)) - client-FE9953862CA1->2bd76219-3cc0-41a7-bf32-ae7e1f1aa20f: receive RaftClientReply:client-FE9953862CA1->2bd76219-3cc0-41a7-bf32-ae7e1f1aa20f@group-CC5C0B7B5369, cid=113, FAILED org.apache.ratis.protocol.StateMachineException: org.apache.hadoop.hdds.scm.container.common.helpers.ContainerNotOpenException from Server 2bd76219-3cc0-41a7-bf32-ae7e1f1aa20f: Container 2 in CLOSED state, logIndex=0, commits[2bd76219-3cc0-41a7-bf32-ae7e1f1aa20f:c91, 4246fd4b-cf21-443d-99bb-c2412d83fae8:c90, 0f69f74f-2127-43c1-8e92-277219ce5a69:c90]
2019-07-15 13:42:59,039 INFO  client.GrpcClientProtocolClient (GrpcClientProtocolClient.java:onNext(255)) - client-FE9953862CA1->2bd76219-3cc0-41a7-bf32-ae7e1f1aa20f: receive RaftClientReply:client-FE9953862CA1->2bd76219-3cc0-41a7-bf32-ae7e1f1aa20f@group-CC5C0B7B5369, cid=114, FAILED org.apache.ratis.protocol.StateMachineException: org.apache.hadoop.hdds.scm.container.common.helpers.ContainerNotOpenException from Server 2bd76219-3cc0-41a7-bf32-ae7e1f1aa20f: Container 2 in CLOSED state, logIndex=0, commits[2bd76219-3cc0-41a7-bf32-ae7e1f1aa20f:c91, 4246fd4b-cf21-443d-99bb-c2412d83fae8:c90, 0f69f74f-2127-43c1-8e92-277219ce5a69:c90]
2019-07-15 13:42:59,086 INFO  client.GrpcClientProtocolClient (GrpcClientProtocolClient.java:onNext(255)) - client-60BEEDAABD5C->1dc89fb7-c510-4be8-8169-e8f46e2262bf: receive RaftClientReply:client-60BEEDAABD5C->1dc89fb7-c510-4be8-8169-e8f46e2262bf@group-8B5412E281E5, cid=115, SUCCESS, logIndex=82, commits[1dc89fb7-c510-4be8-8169-e8f46e2262bf:c83, af97e53f-6c11-4342-ae9a-a60f97a0ff45:c81, bf20c03f-2aa8-457d-a0d5-81efc30b79cc:c81]
2019-07-15 13:42:59,087 INFO  client.GrpcClientProtocolClient (GrpcClientProtocolClient.java:onNext(255)) - client-60BEEDAABD5C->1dc89fb7-c510-4be8-8169-e8f46e2262bf: receive RaftClientReply:client-60BEEDAABD5C->1dc89fb7-c510-4be8-8169-e8f46e2262bf@group-8B5412E281E5, cid=116, SUCCESS, logIndex=83, commits[1dc89fb7-c510-4be8-8169-e8f46e2262bf:c83, af97e53f-6c11-4342-ae9a-a60f97a0ff45:c81, bf20c03f-2aa8-457d-a0d5-81efc30b79cc:c81]
2019-07-15 13:42:59,105 INFO  client.GrpcClientProtocolClient (GrpcClientProtocolClient.java:onNext(255)) - client-60BEEDAABD5C->1dc89fb7-c510-4be8-8169-e8f46e2262bf: receive RaftClientReply:client-60BEEDAABD5C->1dc89fb7-c510-4be8-8169-e8f46e2262bf@group-8B5412E281E5, cid=117, SUCCESS, logIndex=0, commits[1dc89fb7-c510-4be8-8169-e8f46e2262bf:c84, af97e53f-6c11-4342-ae9a-a60f97a0ff45:c83, bf20c03f-2aa8-457d-a0d5-81efc30b79cc:c83]
2019-07-15 13:42:59,287 INFO  pipeline.Pipeline (Pipeline.java:getProtobufMessage(195)) - Serialize pipeline PipelineID=912bfc8a-c13f-4979-a3e4-8b5412e281e5 with nodesInOrder{ }
2019-07-15 13:42:59,289 INFO  pipeline.Pipeline (Pipeline.java:build(342)) - Deserialize nodesInOrder [1dc89fb7-c510-4be8-8169-e8f46e2262bf{ip: 192.168.157.240, host: trunk-nightly-hvlc9-701369690, networkLocation: /default-rack, certSerialId: null}, 1dc89fb7-c510-4be8-8169-e8f46e2262bf{ip: 192.168.157.240, host: trunk-nightly-hvlc9-701369690, networkLocation: /default-rack, certSerialId: null}, 1dc89fb7-c510-4be8-8169-e8f46e2262bf{ip: 192.168.157.240, host: trunk-nightly-hvlc9-701369690, networkLocation: /default-rack, certSerialId: null}] in pipeline PipelineID=912bfc8a-c13f-4979-a3e4-8b5412e281e5
]]></system-out>
  </testcase>
  <testcase name="testMultiBlockWrites3" classname="org.apache.hadoop.ozone.client.rpc.TestCloseContainerHandlingByClient" time="4.47">
    <error type="java.lang.IllegalArgumentException">java.lang.IllegalArgumentException
	at com.google.common.base.Preconditions.checkArgument(Preconditions.java:72)
	at org.apache.hadoop.hdds.scm.XceiverClientManager.acquireClient(XceiverClientManager.java:150)
	at org.apache.hadoop.hdds.scm.XceiverClientManager.acquireClientForReadData(XceiverClientManager.java:143)
	at org.apache.hadoop.hdds.scm.storage.BlockInputStream.getChunkInfos(BlockInputStream.java:154)
	at org.apache.hadoop.hdds.scm.storage.BlockInputStream.initialize(BlockInputStream.java:118)
	at org.apache.hadoop.hdds.scm.storage.BlockInputStream.read(BlockInputStream.java:222)
	at org.apache.hadoop.ozone.client.io.KeyInputStream.read(KeyInputStream.java:171)
	at org.apache.hadoop.ozone.client.io.OzoneInputStream.read(OzoneInputStream.java:47)
	at java.io.InputStream.read(InputStream.java:101)
	at org.apache.hadoop.ozone.client.rpc.TestCloseContainerHandlingByClient.testMultiBlockWrites3(TestCloseContainerHandlingByClient.java:325)
	at sun.reflect.NativeMethodAccessorImpl.invoke0(Native Method)
	at sun.reflect.NativeMethodAccessorImpl.invoke(NativeMethodAccessorImpl.java:62)
	at sun.reflect.DelegatingMethodAccessorImpl.invoke(DelegatingMethodAccessorImpl.java:43)
	at java.lang.reflect.Method.invoke(Method.java:498)
	at org.junit.runners.model.FrameworkMethod$1.runReflectiveCall(FrameworkMethod.java:47)
	at org.junit.internal.runners.model.ReflectiveCallable.run(ReflectiveCallable.java:12)
	at org.junit.runners.model.FrameworkMethod.invokeExplosively(FrameworkMethod.java:44)
	at org.junit.internal.runners.statements.InvokeMethod.evaluate(InvokeMethod.java:17)
	at org.junit.runners.ParentRunner.runLeaf(ParentRunner.java:271)
	at org.junit.runners.BlockJUnit4ClassRunner.runChild(BlockJUnit4ClassRunner.java:70)
	at org.junit.runners.BlockJUnit4ClassRunner.runChild(BlockJUnit4ClassRunner.java:50)
	at org.junit.runners.ParentRunner$3.run(ParentRunner.java:238)
	at org.junit.runners.ParentRunner$1.schedule(ParentRunner.java:63)
	at org.junit.runners.ParentRunner.runChildren(ParentRunner.java:236)
	at org.junit.runners.ParentRunner.access$000(ParentRunner.java:53)
	at org.junit.runners.ParentRunner$2.evaluate(ParentRunner.java:229)
	at org.junit.internal.runners.statements.RunBefores.evaluate(RunBefores.java:26)
	at org.junit.internal.runners.statements.RunAfters.evaluate(RunAfters.java:27)
	at org.junit.runners.ParentRunner.run(ParentRunner.java:309)
	at org.apache.maven.surefire.junit4.JUnit4Provider.execute(JUnit4Provider.java:365)
	at org.apache.maven.surefire.junit4.JUnit4Provider.executeWithRerun(JUnit4Provider.java:273)
	at org.apache.maven.surefire.junit4.JUnit4Provider.executeTestSet(JUnit4Provider.java:238)
	at org.apache.maven.surefire.junit4.JUnit4Provider.invoke(JUnit4Provider.java:159)
	at org.apache.maven.surefire.booter.ForkedBooter.invokeProviderInSameClassLoader(ForkedBooter.java:384)
	at org.apache.maven.surefire.booter.ForkedBooter.runSuitesInProcess(ForkedBooter.java:345)
	at org.apache.maven.surefire.booter.ForkedBooter.execute(ForkedBooter.java:126)
	at org.apache.maven.surefire.booter.ForkedBooter.main(ForkedBooter.java:418)
</error>
    <system-out><![CDATA[2019-07-15 13:42:59,610 INFO  client.GrpcClientProtocolClient (GrpcClientProtocolClient.java:onNext(255)) - client-FE9953862CA1->2bd76219-3cc0-41a7-bf32-ae7e1f1aa20f: receive RaftClientReply:client-FE9953862CA1->2bd76219-3cc0-41a7-bf32-ae7e1f1aa20f@group-CC5C0B7B5369, cid=118, SUCCESS, logIndex=92, commits[2bd76219-3cc0-41a7-bf32-ae7e1f1aa20f:c95, 4246fd4b-cf21-443d-99bb-c2412d83fae8:c91, 0f69f74f-2127-43c1-8e92-277219ce5a69:c91]
2019-07-15 13:42:59,657 INFO  client.GrpcClientProtocolClient (GrpcClientProtocolClient.java:onNext(255)) - client-FE9953862CA1->2bd76219-3cc0-41a7-bf32-ae7e1f1aa20f: receive RaftClientReply:client-FE9953862CA1->2bd76219-3cc0-41a7-bf32-ae7e1f1aa20f@group-CC5C0B7B5369, cid=119, SUCCESS, logIndex=93, commits[2bd76219-3cc0-41a7-bf32-ae7e1f1aa20f:c98, 4246fd4b-cf21-443d-99bb-c2412d83fae8:c95, 0f69f74f-2127-43c1-8e92-277219ce5a69:c95]
2019-07-15 13:42:59,658 INFO  client.GrpcClientProtocolClient (GrpcClientProtocolClient.java:onNext(255)) - client-FE9953862CA1->2bd76219-3cc0-41a7-bf32-ae7e1f1aa20f: receive RaftClientReply:client-FE9953862CA1->2bd76219-3cc0-41a7-bf32-ae7e1f1aa20f@group-CC5C0B7B5369, cid=120, SUCCESS, logIndex=94, commits[2bd76219-3cc0-41a7-bf32-ae7e1f1aa20f:c98, 4246fd4b-cf21-443d-99bb-c2412d83fae8:c95, 0f69f74f-2127-43c1-8e92-277219ce5a69:c95]
2019-07-15 13:42:59,766 INFO  client.GrpcClientProtocolClient (GrpcClientProtocolClient.java:onNext(255)) - client-FE9953862CA1->2bd76219-3cc0-41a7-bf32-ae7e1f1aa20f: receive RaftClientReply:client-FE9953862CA1->2bd76219-3cc0-41a7-bf32-ae7e1f1aa20f@group-CC5C0B7B5369, cid=121, SUCCESS, logIndex=95, commits[2bd76219-3cc0-41a7-bf32-ae7e1f1aa20f:c98, 4246fd4b-cf21-443d-99bb-c2412d83fae8:c95, 0f69f74f-2127-43c1-8e92-277219ce5a69:c95]
2019-07-15 13:42:59,795 INFO  client.GrpcClientProtocolClient (GrpcClientProtocolClient.java:onNext(255)) - client-FE9953862CA1->2bd76219-3cc0-41a7-bf32-ae7e1f1aa20f: receive RaftClientReply:client-FE9953862CA1->2bd76219-3cc0-41a7-bf32-ae7e1f1aa20f@group-CC5C0B7B5369, cid=122, SUCCESS, logIndex=99, commits[2bd76219-3cc0-41a7-bf32-ae7e1f1aa20f:c100, 4246fd4b-cf21-443d-99bb-c2412d83fae8:c98, 0f69f74f-2127-43c1-8e92-277219ce5a69:c98]
2019-07-15 13:42:59,795 INFO  client.GrpcClientProtocolClient (GrpcClientProtocolClient.java:onNext(255)) - client-FE9953862CA1->2bd76219-3cc0-41a7-bf32-ae7e1f1aa20f: receive RaftClientReply:client-FE9953862CA1->2bd76219-3cc0-41a7-bf32-ae7e1f1aa20f@group-CC5C0B7B5369, cid=123, SUCCESS, logIndex=100, commits[2bd76219-3cc0-41a7-bf32-ae7e1f1aa20f:c102, 4246fd4b-cf21-443d-99bb-c2412d83fae8:c98, 0f69f74f-2127-43c1-8e92-277219ce5a69:c98]
2019-07-15 13:42:59,796 INFO  client.GrpcClientProtocolClient (GrpcClientProtocolClient.java:onNext(255)) - client-FE9953862CA1->2bd76219-3cc0-41a7-bf32-ae7e1f1aa20f: receive RaftClientReply:client-FE9953862CA1->2bd76219-3cc0-41a7-bf32-ae7e1f1aa20f@group-CC5C0B7B5369, cid=124, SUCCESS, logIndex=101, commits[2bd76219-3cc0-41a7-bf32-ae7e1f1aa20f:c102, 4246fd4b-cf21-443d-99bb-c2412d83fae8:c98, 0f69f74f-2127-43c1-8e92-277219ce5a69:c98]
2019-07-15 13:42:59,797 INFO  client.GrpcClientProtocolClient (GrpcClientProtocolClient.java:onNext(255)) - client-FE9953862CA1->2bd76219-3cc0-41a7-bf32-ae7e1f1aa20f: receive RaftClientReply:client-FE9953862CA1->2bd76219-3cc0-41a7-bf32-ae7e1f1aa20f@group-CC5C0B7B5369, cid=125, SUCCESS, logIndex=102, commits[2bd76219-3cc0-41a7-bf32-ae7e1f1aa20f:c102, 4246fd4b-cf21-443d-99bb-c2412d83fae8:c98, 0f69f74f-2127-43c1-8e92-277219ce5a69:c98]
2019-07-15 13:42:59,811 INFO  client.GrpcClientProtocolClient (GrpcClientProtocolClient.java:onNext(255)) - client-FE9953862CA1->2bd76219-3cc0-41a7-bf32-ae7e1f1aa20f: receive RaftClientReply:client-FE9953862CA1->2bd76219-3cc0-41a7-bf32-ae7e1f1aa20f@group-CC5C0B7B5369, cid=126, SUCCESS, logIndex=0, commits[2bd76219-3cc0-41a7-bf32-ae7e1f1aa20f:c102, 4246fd4b-cf21-443d-99bb-c2412d83fae8:c100, 0f69f74f-2127-43c1-8e92-277219ce5a69:c100]
2019-07-15 13:42:59,814 INFO  client.GrpcClientProtocolClient (GrpcClientProtocolClient.java:onNext(255)) - client-FE9953862CA1->2bd76219-3cc0-41a7-bf32-ae7e1f1aa20f: receive RaftClientReply:client-FE9953862CA1->2bd76219-3cc0-41a7-bf32-ae7e1f1aa20f@group-CC5C0B7B5369, cid=127, SUCCESS, logIndex=0, commits[2bd76219-3cc0-41a7-bf32-ae7e1f1aa20f:c105, 4246fd4b-cf21-443d-99bb-c2412d83fae8:c102, 0f69f74f-2127-43c1-8e92-277219ce5a69:c102]
2019-07-15 13:42:59,836 INFO  client.GrpcClientProtocolClient (GrpcClientProtocolClient.java:onNext(255)) - client-60BEEDAABD5C->1dc89fb7-c510-4be8-8169-e8f46e2262bf: receive RaftClientReply:client-60BEEDAABD5C->1dc89fb7-c510-4be8-8169-e8f46e2262bf@group-8B5412E281E5, cid=128, SUCCESS, logIndex=86, commits[1dc89fb7-c510-4be8-8169-e8f46e2262bf:c87, af97e53f-6c11-4342-ae9a-a60f97a0ff45:c85, bf20c03f-2aa8-457d-a0d5-81efc30b79cc:c85]
2019-07-15 13:42:59,837 INFO  client.GrpcClientProtocolClient (GrpcClientProtocolClient.java:onNext(255)) - client-60BEEDAABD5C->1dc89fb7-c510-4be8-8169-e8f46e2262bf: receive RaftClientReply:client-60BEEDAABD5C->1dc89fb7-c510-4be8-8169-e8f46e2262bf@group-8B5412E281E5, cid=129, SUCCESS, logIndex=87, commits[1dc89fb7-c510-4be8-8169-e8f46e2262bf:c88, af97e53f-6c11-4342-ae9a-a60f97a0ff45:c85, bf20c03f-2aa8-457d-a0d5-81efc30b79cc:c85]
2019-07-15 13:42:59,838 INFO  client.GrpcClientProtocolClient (GrpcClientProtocolClient.java:onNext(255)) - client-60BEEDAABD5C->1dc89fb7-c510-4be8-8169-e8f46e2262bf: receive RaftClientReply:client-60BEEDAABD5C->1dc89fb7-c510-4be8-8169-e8f46e2262bf@group-8B5412E281E5, cid=130, SUCCESS, logIndex=88, commits[1dc89fb7-c510-4be8-8169-e8f46e2262bf:c89, af97e53f-6c11-4342-ae9a-a60f97a0ff45:c85, bf20c03f-2aa8-457d-a0d5-81efc30b79cc:c85]
2019-07-15 13:42:59,838 INFO  client.GrpcClientProtocolClient (GrpcClientProtocolClient.java:onNext(255)) - client-60BEEDAABD5C->1dc89fb7-c510-4be8-8169-e8f46e2262bf: receive RaftClientReply:client-60BEEDAABD5C->1dc89fb7-c510-4be8-8169-e8f46e2262bf@group-8B5412E281E5, cid=131, SUCCESS, logIndex=89, commits[1dc89fb7-c510-4be8-8169-e8f46e2262bf:c89, af97e53f-6c11-4342-ae9a-a60f97a0ff45:c85, bf20c03f-2aa8-457d-a0d5-81efc30b79cc:c85]
2019-07-15 13:42:59,840 INFO  client.GrpcClientProtocolClient (GrpcClientProtocolClient.java:onNext(255)) - client-60BEEDAABD5C->1dc89fb7-c510-4be8-8169-e8f46e2262bf: receive RaftClientReply:client-60BEEDAABD5C->1dc89fb7-c510-4be8-8169-e8f46e2262bf@group-8B5412E281E5, cid=132, SUCCESS, logIndex=0, commits[1dc89fb7-c510-4be8-8169-e8f46e2262bf:c92, af97e53f-6c11-4342-ae9a-a60f97a0ff45:c88, bf20c03f-2aa8-457d-a0d5-81efc30b79cc:c88]
2019-07-15 13:42:59,862 INFO  client.GrpcClientProtocolClient (GrpcClientProtocolClient.java:onNext(255)) - client-60BEEDAABD5C->1dc89fb7-c510-4be8-8169-e8f46e2262bf: receive RaftClientReply:client-60BEEDAABD5C->1dc89fb7-c510-4be8-8169-e8f46e2262bf@group-8B5412E281E5, cid=133, SUCCESS, logIndex=94, commits[1dc89fb7-c510-4be8-8169-e8f46e2262bf:c95, af97e53f-6c11-4342-ae9a-a60f97a0ff45:c93, bf20c03f-2aa8-457d-a0d5-81efc30b79cc:c93]
2019-07-15 13:42:59,863 INFO  client.GrpcClientProtocolClient (GrpcClientProtocolClient.java:onNext(255)) - client-60BEEDAABD5C->1dc89fb7-c510-4be8-8169-e8f46e2262bf: receive RaftClientReply:client-60BEEDAABD5C->1dc89fb7-c510-4be8-8169-e8f46e2262bf@group-8B5412E281E5, cid=134, SUCCESS, logIndex=95, commits[1dc89fb7-c510-4be8-8169-e8f46e2262bf:c95, af97e53f-6c11-4342-ae9a-a60f97a0ff45:c93, bf20c03f-2aa8-457d-a0d5-81efc30b79cc:c93]
2019-07-15 13:42:59,880 INFO  client.GrpcClientProtocolClient (GrpcClientProtocolClient.java:onNext(255)) - client-60BEEDAABD5C->1dc89fb7-c510-4be8-8169-e8f46e2262bf: receive RaftClientReply:client-60BEEDAABD5C->1dc89fb7-c510-4be8-8169-e8f46e2262bf@group-8B5412E281E5, cid=135, SUCCESS, logIndex=98, commits[1dc89fb7-c510-4be8-8169-e8f46e2262bf:c99, af97e53f-6c11-4342-ae9a-a60f97a0ff45:c95, bf20c03f-2aa8-457d-a0d5-81efc30b79cc:c95]
2019-07-15 13:42:59,880 INFO  client.GrpcClientProtocolClient (GrpcClientProtocolClient.java:onNext(255)) - client-60BEEDAABD5C->1dc89fb7-c510-4be8-8169-e8f46e2262bf: receive RaftClientReply:client-60BEEDAABD5C->1dc89fb7-c510-4be8-8169-e8f46e2262bf@group-8B5412E281E5, cid=136, SUCCESS, logIndex=99, commits[1dc89fb7-c510-4be8-8169-e8f46e2262bf:c99, af97e53f-6c11-4342-ae9a-a60f97a0ff45:c95, bf20c03f-2aa8-457d-a0d5-81efc30b79cc:c95]
2019-07-15 13:42:59,894 INFO  client.GrpcClientProtocolClient (GrpcClientProtocolClient.java:onNext(255)) - client-60BEEDAABD5C->1dc89fb7-c510-4be8-8169-e8f46e2262bf: receive RaftClientReply:client-60BEEDAABD5C->1dc89fb7-c510-4be8-8169-e8f46e2262bf@group-8B5412E281E5, cid=137, SUCCESS, logIndex=0, commits[1dc89fb7-c510-4be8-8169-e8f46e2262bf:c101, af97e53f-6c11-4342-ae9a-a60f97a0ff45:c99, bf20c03f-2aa8-457d-a0d5-81efc30b79cc:c99]
2019-07-15 13:43:00,030 INFO  client.GrpcClientProtocolClient (GrpcClientProtocolClient.java:onNext(255)) - client-FE9953862CA1->2bd76219-3cc0-41a7-bf32-ae7e1f1aa20f: receive RaftClientReply:client-FE9953862CA1->2bd76219-3cc0-41a7-bf32-ae7e1f1aa20f@group-CC5C0B7B5369, cid=138, SUCCESS, logIndex=107, commits[2bd76219-3cc0-41a7-bf32-ae7e1f1aa20f:c110, 4246fd4b-cf21-443d-99bb-c2412d83fae8:c106, 0f69f74f-2127-43c1-8e92-277219ce5a69:c106]
2019-07-15 13:43:00,101 INFO  client.GrpcClientProtocolClient (GrpcClientProtocolClient.java:onNext(255)) - client-FE9953862CA1->2bd76219-3cc0-41a7-bf32-ae7e1f1aa20f: receive RaftClientReply:client-FE9953862CA1->2bd76219-3cc0-41a7-bf32-ae7e1f1aa20f@group-CC5C0B7B5369, cid=139, SUCCESS, logIndex=108, commits[2bd76219-3cc0-41a7-bf32-ae7e1f1aa20f:c113, 4246fd4b-cf21-443d-99bb-c2412d83fae8:c110, 0f69f74f-2127-43c1-8e92-277219ce5a69:c110]
2019-07-15 13:43:00,102 INFO  client.GrpcClientProtocolClient (GrpcClientProtocolClient.java:onNext(255)) - client-FE9953862CA1->2bd76219-3cc0-41a7-bf32-ae7e1f1aa20f: receive RaftClientReply:client-FE9953862CA1->2bd76219-3cc0-41a7-bf32-ae7e1f1aa20f@group-CC5C0B7B5369, cid=140, SUCCESS, logIndex=109, commits[2bd76219-3cc0-41a7-bf32-ae7e1f1aa20f:c113, 4246fd4b-cf21-443d-99bb-c2412d83fae8:c110, 0f69f74f-2127-43c1-8e92-277219ce5a69:c110]
2019-07-15 13:43:00,226 INFO  client.GrpcClientProtocolClient (GrpcClientProtocolClient.java:onNext(255)) - client-FE9953862CA1->2bd76219-3cc0-41a7-bf32-ae7e1f1aa20f: receive RaftClientReply:client-FE9953862CA1->2bd76219-3cc0-41a7-bf32-ae7e1f1aa20f@group-CC5C0B7B5369, cid=141, SUCCESS, logIndex=110, commits[2bd76219-3cc0-41a7-bf32-ae7e1f1aa20f:c113, 4246fd4b-cf21-443d-99bb-c2412d83fae8:c110, 0f69f74f-2127-43c1-8e92-277219ce5a69:c110]
2019-07-15 13:43:00,255 INFO  client.GrpcClientProtocolClient (GrpcClientProtocolClient.java:onNext(255)) - client-FE9953862CA1->2bd76219-3cc0-41a7-bf32-ae7e1f1aa20f: receive RaftClientReply:client-FE9953862CA1->2bd76219-3cc0-41a7-bf32-ae7e1f1aa20f@group-CC5C0B7B5369, cid=142, SUCCESS, logIndex=114, commits[2bd76219-3cc0-41a7-bf32-ae7e1f1aa20f:c116, 4246fd4b-cf21-443d-99bb-c2412d83fae8:c113, 0f69f74f-2127-43c1-8e92-277219ce5a69:c113]
2019-07-15 13:43:00,255 INFO  client.GrpcClientProtocolClient (GrpcClientProtocolClient.java:onNext(255)) - client-FE9953862CA1->2bd76219-3cc0-41a7-bf32-ae7e1f1aa20f: receive RaftClientReply:client-FE9953862CA1->2bd76219-3cc0-41a7-bf32-ae7e1f1aa20f@group-CC5C0B7B5369, cid=143, SUCCESS, logIndex=115, commits[2bd76219-3cc0-41a7-bf32-ae7e1f1aa20f:c117, 4246fd4b-cf21-443d-99bb-c2412d83fae8:c113, 0f69f74f-2127-43c1-8e92-277219ce5a69:c113]
2019-07-15 13:43:00,256 INFO  client.GrpcClientProtocolClient (GrpcClientProtocolClient.java:onNext(255)) - client-FE9953862CA1->2bd76219-3cc0-41a7-bf32-ae7e1f1aa20f: receive RaftClientReply:client-FE9953862CA1->2bd76219-3cc0-41a7-bf32-ae7e1f1aa20f@group-CC5C0B7B5369, cid=144, SUCCESS, logIndex=116, commits[2bd76219-3cc0-41a7-bf32-ae7e1f1aa20f:c117, 4246fd4b-cf21-443d-99bb-c2412d83fae8:c113, 0f69f74f-2127-43c1-8e92-277219ce5a69:c113]
2019-07-15 13:43:00,256 INFO  client.GrpcClientProtocolClient (GrpcClientProtocolClient.java:onNext(255)) - client-FE9953862CA1->2bd76219-3cc0-41a7-bf32-ae7e1f1aa20f: receive RaftClientReply:client-FE9953862CA1->2bd76219-3cc0-41a7-bf32-ae7e1f1aa20f@group-CC5C0B7B5369, cid=145, SUCCESS, logIndex=117, commits[2bd76219-3cc0-41a7-bf32-ae7e1f1aa20f:c117, 4246fd4b-cf21-443d-99bb-c2412d83fae8:c113, 0f69f74f-2127-43c1-8e92-277219ce5a69:c113]
2019-07-15 13:43:00,267 INFO  client.GrpcClientProtocolClient (GrpcClientProtocolClient.java:onNext(255)) - client-FE9953862CA1->2bd76219-3cc0-41a7-bf32-ae7e1f1aa20f: receive RaftClientReply:client-FE9953862CA1->2bd76219-3cc0-41a7-bf32-ae7e1f1aa20f@group-CC5C0B7B5369, cid=146, SUCCESS, logIndex=0, commits[2bd76219-3cc0-41a7-bf32-ae7e1f1aa20f:c121, 4246fd4b-cf21-443d-99bb-c2412d83fae8:c116, 0f69f74f-2127-43c1-8e92-277219ce5a69:c117]
2019-07-15 13:43:00,270 INFO  client.GrpcClientProtocolClient (GrpcClientProtocolClient.java:onNext(255)) - client-FE9953862CA1->2bd76219-3cc0-41a7-bf32-ae7e1f1aa20f: receive RaftClientReply:client-FE9953862CA1->2bd76219-3cc0-41a7-bf32-ae7e1f1aa20f@group-CC5C0B7B5369, cid=147, SUCCESS, logIndex=0, commits[2bd76219-3cc0-41a7-bf32-ae7e1f1aa20f:c121, 4246fd4b-cf21-443d-99bb-c2412d83fae8:c117, 0f69f74f-2127-43c1-8e92-277219ce5a69:c117]
2019-07-15 13:43:00,273 INFO  container.CloseContainerEventHandler (CloseContainerEventHandler.java:onMessage(61)) - Close container Event triggered for container : #14
2019-07-15 13:43:00,273 INFO  container.CloseContainerEventHandler (CloseContainerEventHandler.java:onMessage(61)) - Close container Event triggered for container : #14
2019-07-15 13:43:00,274 INFO  container.CloseContainerEventHandler (CloseContainerEventHandler.java:onMessage(61)) - Close container Event triggered for container : #14
2019-07-15 13:43:00,274 INFO  container.CloseContainerEventHandler (CloseContainerEventHandler.java:onMessage(61)) - Close container Event triggered for container : #9
2019-07-15 13:43:00,274 INFO  container.CloseContainerEventHandler (CloseContainerEventHandler.java:onMessage(61)) - Close container Event triggered for container : #9
2019-07-15 13:43:00,274 INFO  container.CloseContainerEventHandler (CloseContainerEventHandler.java:onMessage(61)) - Close container Event triggered for container : #9
2019-07-15 13:43:00,274 INFO  container.CloseContainerEventHandler (CloseContainerEventHandler.java:onMessage(61)) - Close container Event triggered for container : #15
2019-07-15 13:43:00,275 INFO  container.CloseContainerEventHandler (CloseContainerEventHandler.java:onMessage(61)) - Close container Event triggered for container : #15
2019-07-15 13:43:00,275 INFO  container.CloseContainerEventHandler (CloseContainerEventHandler.java:onMessage(61)) - Close container Event triggered for container : #15
2019-07-15 13:43:00,275 INFO  container.CloseContainerEventHandler (CloseContainerEventHandler.java:onMessage(61)) - Close container Event triggered for container : #11
2019-07-15 13:43:00,275 INFO  container.CloseContainerEventHandler (CloseContainerEventHandler.java:onMessage(61)) - Close container Event triggered for container : #11
2019-07-15 13:43:00,275 INFO  container.CloseContainerEventHandler (CloseContainerEventHandler.java:onMessage(61)) - Close container Event triggered for container : #11
2019-07-15 13:43:00,294 INFO  client.GrpcClientProtocolClient (GrpcClientProtocolClient.java:onNext(255)) - client-60BEEDAABD5C->1dc89fb7-c510-4be8-8169-e8f46e2262bf: receive RaftClientReply:client-60BEEDAABD5C->1dc89fb7-c510-4be8-8169-e8f46e2262bf@group-8B5412E281E5, cid=148, SUCCESS, logIndex=102, commits[1dc89fb7-c510-4be8-8169-e8f46e2262bf:c103, af97e53f-6c11-4342-ae9a-a60f97a0ff45:c101, bf20c03f-2aa8-457d-a0d5-81efc30b79cc:c101]
2019-07-15 13:43:00,294 INFO  client.GrpcClientProtocolClient (GrpcClientProtocolClient.java:onNext(255)) - client-60BEEDAABD5C->1dc89fb7-c510-4be8-8169-e8f46e2262bf: receive RaftClientReply:client-60BEEDAABD5C->1dc89fb7-c510-4be8-8169-e8f46e2262bf@group-8B5412E281E5, cid=149, SUCCESS, logIndex=103, commits[1dc89fb7-c510-4be8-8169-e8f46e2262bf:c103, af97e53f-6c11-4342-ae9a-a60f97a0ff45:c101, bf20c03f-2aa8-457d-a0d5-81efc30b79cc:c101]
2019-07-15 13:43:02,059 INFO  interfaces.Container (KeyValueContainer.java:compactDB(356)) - Container 14 is closed with bcsId 102.
2019-07-15 13:43:02,075 INFO  interfaces.Container (KeyValueContainer.java:compactDB(356)) - Container 14 is closed with bcsId 102.
2019-07-15 13:43:02,078 INFO  interfaces.Container (KeyValueContainer.java:compactDB(356)) - Container 14 is closed with bcsId 102.
2019-07-15 13:43:02,092 INFO  interfaces.Container (KeyValueContainer.java:compactDB(356)) - Container 15 is closed with bcsId 117.
2019-07-15 13:43:02,106 INFO  interfaces.Container (KeyValueContainer.java:compactDB(356)) - Container 15 is closed with bcsId 117.
2019-07-15 13:43:02,119 INFO  interfaces.Container (KeyValueContainer.java:compactDB(356)) - Container 15 is closed with bcsId 117.
2019-07-15 13:43:02,869 INFO  interfaces.Container (KeyValueContainer.java:compactDB(356)) - Container 9 is closed with bcsId 99.
2019-07-15 13:43:02,896 INFO  interfaces.Container (KeyValueContainer.java:compactDB(356)) - Container 9 is closed with bcsId 99.
2019-07-15 13:43:02,900 INFO  interfaces.Container (KeyValueContainer.java:compactDB(356)) - Container 9 is closed with bcsId 99.
2019-07-15 13:43:02,933 INFO  interfaces.Container (KeyValueContainer.java:compactDB(356)) - Container 11 is closed with bcsId 103.
2019-07-15 13:43:02,933 INFO  interfaces.Container (KeyValueContainer.java:compactDB(356)) - Container 11 is closed with bcsId 103.
2019-07-15 13:43:02,959 INFO  interfaces.Container (KeyValueContainer.java:compactDB(356)) - Container 11 is closed with bcsId 103.
13:43:03.282 [grpc-default-executor-3] ERROR DNAudit - user=null | ip=null | op=WRITE_CHUNK {blockData=conID: 11 locID: 102445755878539290 bcsId: 103} | ret=FAILURE
org.apache.hadoop.hdds.scm.container.common.helpers.ContainerNotOpenException: Container 11 in CLOSED state
	at org.apache.hadoop.ozone.container.common.impl.HddsDispatcher.validateContainerCommand(HddsDispatcher.java:408) ~[hadoop-hdds-container-service-0.5.0-SNAPSHOT.jar:?]
	at org.apache.hadoop.ozone.container.common.transport.server.ratis.ContainerStateMachine.startTransaction(ContainerStateMachine.java:272) ~[hadoop-hdds-container-service-0.5.0-SNAPSHOT.jar:?]
	at org.apache.ratis.server.impl.RaftServerImpl.submitClientRequestAsync(RaftServerImpl.java:566) ~[ratis-server-0.4.0-2337318-SNAPSHOT.jar:0.4.0-2337318-SNAPSHOT]
	at org.apache.ratis.server.impl.RaftServerProxy.lambda$submitClientRequestAsync$7(RaftServerProxy.java:333) ~[ratis-server-0.4.0-2337318-SNAPSHOT.jar:0.4.0-2337318-SNAPSHOT]
	at org.apache.ratis.server.impl.RaftServerProxy.lambda$null$5(RaftServerProxy.java:328) ~[ratis-server-0.4.0-2337318-SNAPSHOT.jar:0.4.0-2337318-SNAPSHOT]
	at org.apache.ratis.util.JavaUtils.callAsUnchecked(JavaUtils.java:109) ~[ratis-common-0.4.0-2337318-SNAPSHOT.jar:0.4.0-2337318-SNAPSHOT]
	at org.apache.ratis.server.impl.RaftServerProxy.lambda$submitRequest$6(RaftServerProxy.java:328) ~[ratis-server-0.4.0-2337318-SNAPSHOT.jar:0.4.0-2337318-SNAPSHOT]
	at java.util.concurrent.CompletableFuture.uniComposeStage(CompletableFuture.java:981) ~[?:1.8.0_212]
	at java.util.concurrent.CompletableFuture.thenCompose(CompletableFuture.java:2124) ~[?:1.8.0_212]
	at org.apache.ratis.server.impl.RaftServerProxy.submitRequest(RaftServerProxy.java:327) ~[ratis-server-0.4.0-2337318-SNAPSHOT.jar:0.4.0-2337318-SNAPSHOT]
	at org.apache.ratis.server.impl.RaftServerProxy.submitClientRequestAsync(RaftServerProxy.java:333) ~[ratis-server-0.4.0-2337318-SNAPSHOT.jar:0.4.0-2337318-SNAPSHOT]
	at org.apache.ratis.grpc.client.GrpcClientProtocolService$RequestStreamObserver.processClientRequest(GrpcClientProtocolService.java:220) ~[ratis-grpc-0.4.0-2337318-SNAPSHOT.jar:0.4.0-2337318-SNAPSHOT]
	at org.apache.ratis.grpc.client.GrpcClientProtocolService$OrderedRequestStreamObserver.processClientRequest(GrpcClientProtocolService.java:326) ~[ratis-grpc-0.4.0-2337318-SNAPSHOT.jar:0.4.0-2337318-SNAPSHOT]
	at org.apache.ratis.util.SlidingWindow$Server.processRequestsFromHead(SlidingWindow.java:429) [ratis-common-0.4.0-2337318-SNAPSHOT.jar:0.4.0-2337318-SNAPSHOT]
	at org.apache.ratis.util.SlidingWindow$Server.receivedRequest(SlidingWindow.java:421) [ratis-common-0.4.0-2337318-SNAPSHOT.jar:0.4.0-2337318-SNAPSHOT]
	at org.apache.ratis.grpc.client.GrpcClientProtocolService$OrderedRequestStreamObserver.processClientRequest(GrpcClientProtocolService.java:345) [ratis-grpc-0.4.0-2337318-SNAPSHOT.jar:0.4.0-2337318-SNAPSHOT]
	at org.apache.ratis.grpc.client.GrpcClientProtocolService$RequestStreamObserver.onNext(GrpcClientProtocolService.java:240) [ratis-grpc-0.4.0-2337318-SNAPSHOT.jar:0.4.0-2337318-SNAPSHOT]
	at org.apache.ratis.grpc.client.GrpcClientProtocolService$RequestStreamObserver.onNext(GrpcClientProtocolService.java:168) [ratis-grpc-0.4.0-2337318-SNAPSHOT.jar:0.4.0-2337318-SNAPSHOT]
	at org.apache.ratis.thirdparty.io.grpc.stub.ServerCalls$StreamingServerCallHandler$StreamingServerCallListener.onMessage(ServerCalls.java:248) [ratis-thirdparty-misc-0.2.0.jar:0.2.0]
	at org.apache.ratis.thirdparty.io.grpc.internal.ServerCallImpl$ServerStreamListenerImpl.messagesAvailable(ServerCallImpl.java:263) [ratis-thirdparty-misc-0.2.0.jar:0.2.0]
	at org.apache.ratis.thirdparty.io.grpc.internal.ServerImpl$JumpToApplicationThreadServerStreamListener$1MessagesAvailable.runInContext(ServerImpl.java:686) [ratis-thirdparty-misc-0.2.0.jar:0.2.0]
	at org.apache.ratis.thirdparty.io.grpc.internal.ContextRunnable.run(ContextRunnable.java:37) [ratis-thirdparty-misc-0.2.0.jar:0.2.0]
	at org.apache.ratis.thirdparty.io.grpc.internal.SerializingExecutor.run(SerializingExecutor.java:123) [ratis-thirdparty-misc-0.2.0.jar:0.2.0]
	at java.util.concurrent.ThreadPoolExecutor.runWorker(ThreadPoolExecutor.java:1149) [?:1.8.0_212]
	at java.util.concurrent.ThreadPoolExecutor$Worker.run(ThreadPoolExecutor.java:624) [?:1.8.0_212]
	at java.lang.Thread.run(Thread.java:748) [?:1.8.0_212]
13:43:03.292 [grpc-default-executor-3] ERROR DNAudit - user=null | ip=null | op=PUT_BLOCK {blockData=[blockId=conID: 11 locID: 102445755878539290 bcsId: 0,size=2097152]} | ret=FAILURE
org.apache.hadoop.hdds.scm.container.common.helpers.ContainerNotOpenException: Container 11 in CLOSED state
	at org.apache.hadoop.ozone.container.common.impl.HddsDispatcher.validateContainerCommand(HddsDispatcher.java:408) ~[hadoop-hdds-container-service-0.5.0-SNAPSHOT.jar:?]
	at org.apache.hadoop.ozone.container.common.transport.server.ratis.ContainerStateMachine.startTransaction(ContainerStateMachine.java:272) ~[hadoop-hdds-container-service-0.5.0-SNAPSHOT.jar:?]
	at org.apache.ratis.server.impl.RaftServerImpl.submitClientRequestAsync(RaftServerImpl.java:566) ~[ratis-server-0.4.0-2337318-SNAPSHOT.jar:0.4.0-2337318-SNAPSHOT]
	at org.apache.ratis.server.impl.RaftServerProxy.lambda$submitClientRequestAsync$7(RaftServerProxy.java:333) ~[ratis-server-0.4.0-2337318-SNAPSHOT.jar:0.4.0-2337318-SNAPSHOT]
	at org.apache.ratis.server.impl.RaftServerProxy.lambda$null$5(RaftServerProxy.java:328) ~[ratis-server-0.4.0-2337318-SNAPSHOT.jar:0.4.0-2337318-SNAPSHOT]
	at org.apache.ratis.util.JavaUtils.callAsUnchecked(JavaUtils.java:109) ~[ratis-common-0.4.0-2337318-SNAPSHOT.jar:0.4.0-2337318-SNAPSHOT]
	at org.apache.ratis.server.impl.RaftServerProxy.lambda$submitRequest$6(RaftServerProxy.java:328) ~[ratis-server-0.4.0-2337318-SNAPSHOT.jar:0.4.0-2337318-SNAPSHOT]
	at java.util.concurrent.CompletableFuture.uniComposeStage(CompletableFuture.java:981) ~[?:1.8.0_212]
	at java.util.concurrent.CompletableFuture.thenCompose(CompletableFuture.java:2124) ~[?:1.8.0_212]
	at org.apache.ratis.server.impl.RaftServerProxy.submitRequest(RaftServerProxy.java:327) ~[ratis-server-0.4.0-2337318-SNAPSHOT.jar:0.4.0-2337318-SNAPSHOT]
	at org.apache.ratis.server.impl.RaftServerProxy.submitClientRequestAsync(RaftServerProxy.java:333) ~[ratis-server-0.4.0-2337318-SNAPSHOT.jar:0.4.0-2337318-SNAPSHOT]
	at org.apache.ratis.grpc.client.GrpcClientProtocolService$RequestStreamObserver.processClientRequest(GrpcClientProtocolService.java:220) ~[ratis-grpc-0.4.0-2337318-SNAPSHOT.jar:0.4.0-2337318-SNAPSHOT]
	at org.apache.ratis.grpc.client.GrpcClientProtocolService$OrderedRequestStreamObserver.processClientRequest(GrpcClientProtocolService.java:326) ~[ratis-grpc-0.4.0-2337318-SNAPSHOT.jar:0.4.0-2337318-SNAPSHOT]
	at org.apache.ratis.util.SlidingWindow$Server.processRequestsFromHead(SlidingWindow.java:429) [ratis-common-0.4.0-2337318-SNAPSHOT.jar:0.4.0-2337318-SNAPSHOT]
	at org.apache.ratis.util.SlidingWindow$Server.receivedRequest(SlidingWindow.java:421) [ratis-common-0.4.0-2337318-SNAPSHOT.jar:0.4.0-2337318-SNAPSHOT]
	at org.apache.ratis.grpc.client.GrpcClientProtocolService$OrderedRequestStreamObserver.processClientRequest(GrpcClientProtocolService.java:345) [ratis-grpc-0.4.0-2337318-SNAPSHOT.jar:0.4.0-2337318-SNAPSHOT]
	at org.apache.ratis.grpc.client.GrpcClientProtocolService$RequestStreamObserver.onNext(GrpcClientProtocolService.java:240) [ratis-grpc-0.4.0-2337318-SNAPSHOT.jar:0.4.0-2337318-SNAPSHOT]
	at org.apache.ratis.grpc.client.GrpcClientProtocolService$RequestStreamObserver.onNext(GrpcClientProtocolService.java:168) [ratis-grpc-0.4.0-2337318-SNAPSHOT.jar:0.4.0-2337318-SNAPSHOT]
	at org.apache.ratis.thirdparty.io.grpc.stub.ServerCalls$StreamingServerCallHandler$StreamingServerCallListener.onMessage(ServerCalls.java:248) [ratis-thirdparty-misc-0.2.0.jar:0.2.0]
	at org.apache.ratis.thirdparty.io.grpc.internal.ServerCallImpl$ServerStreamListenerImpl.messagesAvailable(ServerCallImpl.java:263) [ratis-thirdparty-misc-0.2.0.jar:0.2.0]
	at org.apache.ratis.thirdparty.io.grpc.internal.ServerImpl$JumpToApplicationThreadServerStreamListener$1MessagesAvailable.runInContext(ServerImpl.java:686) [ratis-thirdparty-misc-0.2.0.jar:0.2.0]
	at org.apache.ratis.thirdparty.io.grpc.internal.ContextRunnable.run(ContextRunnable.java:37) [ratis-thirdparty-misc-0.2.0.jar:0.2.0]
	at org.apache.ratis.thirdparty.io.grpc.internal.SerializingExecutor.run(SerializingExecutor.java:123) [ratis-thirdparty-misc-0.2.0.jar:0.2.0]
	at java.util.concurrent.ThreadPoolExecutor.runWorker(ThreadPoolExecutor.java:1149) [?:1.8.0_212]
	at java.util.concurrent.ThreadPoolExecutor$Worker.run(ThreadPoolExecutor.java:624) [?:1.8.0_212]
	at java.lang.Thread.run(Thread.java:748) [?:1.8.0_212]
2019-07-15 13:43:03,293 INFO  client.GrpcClientProtocolClient (GrpcClientProtocolClient.java:onNext(255)) - client-60BEEDAABD5C->1dc89fb7-c510-4be8-8169-e8f46e2262bf: receive RaftClientReply:client-60BEEDAABD5C->1dc89fb7-c510-4be8-8169-e8f46e2262bf@group-8B5412E281E5, cid=150, FAILED org.apache.ratis.protocol.StateMachineException: org.apache.hadoop.hdds.scm.container.common.helpers.ContainerNotOpenException from Server 1dc89fb7-c510-4be8-8169-e8f46e2262bf: Container 11 in CLOSED state, logIndex=0, commits[1dc89fb7-c510-4be8-8169-e8f46e2262bf:c109, af97e53f-6c11-4342-ae9a-a60f97a0ff45:c108, bf20c03f-2aa8-457d-a0d5-81efc30b79cc:c108]
2019-07-15 13:43:03,300 INFO  client.GrpcClientProtocolClient (GrpcClientProtocolClient.java:onNext(255)) - client-60BEEDAABD5C->1dc89fb7-c510-4be8-8169-e8f46e2262bf: receive RaftClientReply:client-60BEEDAABD5C->1dc89fb7-c510-4be8-8169-e8f46e2262bf@group-8B5412E281E5, cid=151, FAILED org.apache.ratis.protocol.StateMachineException: org.apache.hadoop.hdds.scm.container.common.helpers.ContainerNotOpenException from Server 1dc89fb7-c510-4be8-8169-e8f46e2262bf: Container 11 in CLOSED state, logIndex=0, commits[1dc89fb7-c510-4be8-8169-e8f46e2262bf:c109, af97e53f-6c11-4342-ae9a-a60f97a0ff45:c108, bf20c03f-2aa8-457d-a0d5-81efc30b79cc:c108]
2019-07-15 13:43:03,481 INFO  client.GrpcClientProtocolClient (GrpcClientProtocolClient.java:onNext(255)) - client-FE9953862CA1->2bd76219-3cc0-41a7-bf32-ae7e1f1aa20f: receive RaftClientReply:client-FE9953862CA1->2bd76219-3cc0-41a7-bf32-ae7e1f1aa20f@group-CC5C0B7B5369, cid=152, SUCCESS, logIndex=126, commits[2bd76219-3cc0-41a7-bf32-ae7e1f1aa20f:c129, 4246fd4b-cf21-443d-99bb-c2412d83fae8:c125, 0f69f74f-2127-43c1-8e92-277219ce5a69:c125]
2019-07-15 13:43:03,527 INFO  client.GrpcClientProtocolClient (GrpcClientProtocolClient.java:onNext(255)) - client-FE9953862CA1->2bd76219-3cc0-41a7-bf32-ae7e1f1aa20f: receive RaftClientReply:client-FE9953862CA1->2bd76219-3cc0-41a7-bf32-ae7e1f1aa20f@group-CC5C0B7B5369, cid=153, SUCCESS, logIndex=127, commits[2bd76219-3cc0-41a7-bf32-ae7e1f1aa20f:c133, 4246fd4b-cf21-443d-99bb-c2412d83fae8:c129, 0f69f74f-2127-43c1-8e92-277219ce5a69:c129]
2019-07-15 13:43:03,527 INFO  client.GrpcClientProtocolClient (GrpcClientProtocolClient.java:onNext(255)) - client-FE9953862CA1->2bd76219-3cc0-41a7-bf32-ae7e1f1aa20f: receive RaftClientReply:client-FE9953862CA1->2bd76219-3cc0-41a7-bf32-ae7e1f1aa20f@group-CC5C0B7B5369, cid=154, SUCCESS, logIndex=128, commits[2bd76219-3cc0-41a7-bf32-ae7e1f1aa20f:c133, 4246fd4b-cf21-443d-99bb-c2412d83fae8:c129, 0f69f74f-2127-43c1-8e92-277219ce5a69:c129]
2019-07-15 13:43:03,618 INFO  client.GrpcClientProtocolClient (GrpcClientProtocolClient.java:onNext(255)) - client-FE9953862CA1->2bd76219-3cc0-41a7-bf32-ae7e1f1aa20f: receive RaftClientReply:client-FE9953862CA1->2bd76219-3cc0-41a7-bf32-ae7e1f1aa20f@group-CC5C0B7B5369, cid=155, SUCCESS, logIndex=129, commits[2bd76219-3cc0-41a7-bf32-ae7e1f1aa20f:c133, 4246fd4b-cf21-443d-99bb-c2412d83fae8:c129, 0f69f74f-2127-43c1-8e92-277219ce5a69:c129]
2019-07-15 13:43:03,727 INFO  client.GrpcClientProtocolClient (GrpcClientProtocolClient.java:onNext(255)) - client-FE9953862CA1->2bd76219-3cc0-41a7-bf32-ae7e1f1aa20f: receive RaftClientReply:client-FE9953862CA1->2bd76219-3cc0-41a7-bf32-ae7e1f1aa20f@group-CC5C0B7B5369, cid=156, SUCCESS, logIndex=134, commits[2bd76219-3cc0-41a7-bf32-ae7e1f1aa20f:c135, 4246fd4b-cf21-443d-99bb-c2412d83fae8:c133, 0f69f74f-2127-43c1-8e92-277219ce5a69:c133]
2019-07-15 13:43:03,728 INFO  client.GrpcClientProtocolClient (GrpcClientProtocolClient.java:onNext(255)) - client-FE9953862CA1->2bd76219-3cc0-41a7-bf32-ae7e1f1aa20f: receive RaftClientReply:client-FE9953862CA1->2bd76219-3cc0-41a7-bf32-ae7e1f1aa20f@group-CC5C0B7B5369, cid=157, SUCCESS, logIndex=135, commits[2bd76219-3cc0-41a7-bf32-ae7e1f1aa20f:c137, 4246fd4b-cf21-443d-99bb-c2412d83fae8:c133, 0f69f74f-2127-43c1-8e92-277219ce5a69:c133]
2019-07-15 13:43:03,729 INFO  client.GrpcClientProtocolClient (GrpcClientProtocolClient.java:onNext(255)) - client-FE9953862CA1->2bd76219-3cc0-41a7-bf32-ae7e1f1aa20f: receive RaftClientReply:client-FE9953862CA1->2bd76219-3cc0-41a7-bf32-ae7e1f1aa20f@group-CC5C0B7B5369, cid=158, SUCCESS, logIndex=136, commits[2bd76219-3cc0-41a7-bf32-ae7e1f1aa20f:c137, 4246fd4b-cf21-443d-99bb-c2412d83fae8:c135, 0f69f74f-2127-43c1-8e92-277219ce5a69:c133]
2019-07-15 13:43:03,730 INFO  client.GrpcClientProtocolClient (GrpcClientProtocolClient.java:onNext(255)) - client-FE9953862CA1->2bd76219-3cc0-41a7-bf32-ae7e1f1aa20f: receive RaftClientReply:client-FE9953862CA1->2bd76219-3cc0-41a7-bf32-ae7e1f1aa20f@group-CC5C0B7B5369, cid=159, SUCCESS, logIndex=137, commits[2bd76219-3cc0-41a7-bf32-ae7e1f1aa20f:c138, 4246fd4b-cf21-443d-99bb-c2412d83fae8:c135, 0f69f74f-2127-43c1-8e92-277219ce5a69:c135]
2019-07-15 13:43:03,732 INFO  client.GrpcClientProtocolClient (GrpcClientProtocolClient.java:onNext(255)) - client-FE9953862CA1->2bd76219-3cc0-41a7-bf32-ae7e1f1aa20f: receive RaftClientReply:client-FE9953862CA1->2bd76219-3cc0-41a7-bf32-ae7e1f1aa20f@group-CC5C0B7B5369, cid=160, SUCCESS, logIndex=0, commits[2bd76219-3cc0-41a7-bf32-ae7e1f1aa20f:c140, 4246fd4b-cf21-443d-99bb-c2412d83fae8:c137, 0f69f74f-2127-43c1-8e92-277219ce5a69:c137]
2019-07-15 13:43:03,755 INFO  pipeline.Pipeline (Pipeline.java:getProtobufMessage(195)) - Serialize pipeline PipelineID=ef129e49-3978-4b39-9b44-cc5c0b7b5369 with nodesInOrder{ }
]]></system-out>
  </testcase>
  <testcase name="testDiscardPreallocatedBlocks" classname="org.apache.hadoop.ozone.client.rpc.TestCloseContainerHandlingByClient" time="0">
    <skipped/>
  </testcase>
</testsuite>